<?xml version="1.0"?>
<opencv_storage>
<g>1.5100000000000000e+00</g>
<r>8</r>
<filter-type>0</filter-type>
<circular>0</circular>
<L2_diff>1.5815638188142034e+02</L2_diff>
<test_img type_id="opencv-matrix">
  <rows>128</rows>
  <cols>256</cols>
  <dt>f</dt>
  <data>
    1.67876840e-01 9.33462143e-01 2.23394454e-01 3.78998518e-02
    6.58896923e-01 5.28943896e-01 1.31112039e-01 5.10153592e-01
    2.20970720e-01 8.29709768e-02 6.38215601e-01 1.10724986e-01
    2.48801827e-01 5.41683137e-02 4.33234513e-01 3.61020923e-01
    1.17993385e-01 1.58250600e-01 4.28280592e-01 9.35952187e-01
    6.32958412e-01 6.63716733e-01 1.56746387e-01 2.14183748e-01
    1.30878508e-01 9.66868877e-01 8.68394971e-01 3.65751445e-01
    7.69348979e-01 8.89142811e-01 7.18346715e-01 4.08935219e-01
    9.26389694e-01 4.02028948e-01 1.50720537e-01 1.14369303e-01
    1.68682247e-01 5.17384231e-01 3.05361211e-01 9.10890281e-01
    4.85611647e-01 1.08597428e-01 3.59030724e-01 2.15472728e-01
    6.37023449e-01 1.62827641e-01 9.42907214e-01 5.03481269e-01
    6.26273155e-02 6.78137183e-01 6.45926893e-02 9.18748617e-01
    5.58117151e-01 2.48351663e-01 1.80295736e-01 7.68007278e-01
    4.25678492e-01 6.31266832e-01 3.46592784e-01 9.73990023e-01
    2.79886842e-01 2.89490283e-01 6.33031607e-01 2.74755478e-01
    9.48144436e-01 1.26889765e-01 7.41620123e-01 2.16049999e-01
    4.25517738e-01 4.58848029e-01 1.21924758e-01 9.01268959e-01
    7.10126400e-01 7.53054023e-02 3.50392044e-01 2.04709679e-01
    6.99666858e-01 2.76015908e-01 5.99505961e-01 5.49005389e-01
    7.21016586e-01 4.09069687e-01 6.77196324e-01 2.84588873e-01
    1.78711414e-01 9.14717078e-01 5.89373410e-01 7.37160444e-01
    6.10683739e-01 8.78311276e-01 7.41720915e-01 1.58853799e-01
    2.51622856e-01 8.91350508e-02 5.29546201e-01 8.03613067e-02
    7.76667833e-01 3.30353916e-01 8.71709585e-02 2.22216636e-01
    7.51745820e-01 1.61828995e-02 9.97663021e-01 8.41801167e-01
    3.36179137e-02 8.07674706e-01 4.93734419e-01 8.42869878e-01
    1.93509251e-01 9.89231348e-01 3.34726393e-01 8.52803826e-01
    4.74378169e-01 5.97599268e-01 6.83474660e-01 7.72488713e-02
    5.18758893e-01 2.75789440e-01 4.37027931e-01 4.13599789e-01
    3.60306323e-01 4.43886220e-01 1.20020837e-01 7.94075727e-01
    8.20905626e-01 8.13129544e-01 1.99070245e-01 9.19255614e-03
    7.24035442e-01 9.74054635e-02 5.92422605e-01 8.30316544e-03
    1.03244245e-01 4.24917966e-01 8.23818505e-01 2.43625909e-01
    9.86024618e-01 9.28642988e-01 9.99831140e-01 6.33157969e-01
    8.85445654e-01 2.34283686e-01 9.76895690e-01 6.93085730e-01
    7.04503059e-03 6.33434236e-01 5.70406377e-01 2.18823969e-01
    6.38525307e-01 5.87224245e-01 6.35957122e-02 8.71110260e-01
    8.89799714e-01 4.25757021e-01 6.04301095e-02 2.64033616e-01
    3.19344044e-01 5.71846545e-01 7.56749511e-01 4.50341970e-01
    3.54745775e-01 9.24358487e-01 5.92581749e-01 4.86171722e-01
    4.79222655e-01 6.78822935e-01 9.18774426e-01 5.47726035e-01
    6.80553138e-01 6.73472881e-01 8.55325460e-01 7.71928072e-01
    5.64555645e-01 7.91437685e-01 6.88817143e-01 6.88399792e-01
    5.56085885e-01 4.12815362e-01 2.33513117e-02 9.89098251e-02
    9.42348540e-02 5.23596108e-01 4.90925461e-01 2.36583054e-01
    7.53930330e-01 1.15517676e-01 3.85451853e-01 6.64932191e-01
    9.87024426e-01 1.50089443e-01 1.00833327e-01 2.82653898e-01
    8.89659584e-01 5.24533570e-01 3.21960866e-01 6.35263383e-01
    6.81818724e-01 7.90544510e-01 6.26479268e-01 3.93956393e-01
    2.09422559e-01 1.93686783e-01 1.70521855e-01 4.00762469e-01
    1.56675309e-01 5.56673110e-02 5.44224322e-01 2.67807722e-01
    7.04975545e-01 1.22768402e-01 8.90712500e-01 5.21861017e-01
    6.35468125e-01 2.47310162e-01 4.27100122e-01 2.67861128e-01
    6.87710226e-01 4.82889384e-01 3.08444083e-01 5.89677036e-01
    9.92699265e-01 5.40708303e-02 1.49857700e-02 2.79631913e-02
    9.30730224e-01 1.20771945e-01 4.30542856e-01 7.74378538e-01
    8.36748242e-01 2.26551950e-01 3.56277049e-01 1.37842923e-01
    4.67966020e-01 9.36776161e-01 1.67362392e-02 8.25881958e-04
    8.46449852e-01 5.70974171e-01 6.87005281e-01 6.53045118e-01
    6.52621031e-01 1.82232380e-01 3.38591367e-01 7.04767704e-01
    6.98704004e-01 9.17353272e-01 7.07145929e-01 1.25387490e-01
    7.22942054e-01 7.19287634e-01 6.63211226e-01 4.52821553e-01
    9.04513299e-01 5.96609235e-01 8.03383887e-01 9.39900756e-01
    9.30814266e-01 1.57710761e-01 7.81443059e-01 9.48606431e-02
    1.55397087e-01 1.12124175e-01 7.89706349e-01 3.36504757e-01
    9.60164666e-01 9.30802166e-01 6.63025379e-02 8.39358211e-01
    9.21394527e-02 2.64409214e-01 8.14484179e-01 2.20422298e-01
    7.19400048e-02 8.97783637e-02 8.76167774e-01 7.49004841e-01
    2.29794502e-01 5.92348576e-01 5.19131064e-01 6.39002502e-01
    6.86985373e-01 7.19465852e-01 4.54388261e-01 5.59095740e-01
    5.24817288e-01 2.37652868e-01 9.25866604e-01 1.36958420e-01
    9.90575016e-01 2.19669223e-01 4.24179286e-01 3.37421536e-01
    1.98052526e-01 1.49338454e-01 7.58781552e-01 5.38545549e-01
    6.65033996e-01 9.82863009e-01 2.34171152e-02 6.13233328e-01
    3.70391607e-02 3.47338200e-01 3.68755370e-01 3.60648215e-01
    3.91276240e-01 1.79687232e-01 7.65535235e-02 4.12130207e-01
    9.76528764e-01 5.83766878e-01 3.08231354e-01 4.40952986e-01
    9.06316519e-01 9.21896040e-01 3.66569042e-01 6.64689541e-02
    7.56691098e-01 1.88274115e-01 3.92747998e-01 4.19447839e-01
    8.63971591e-01 6.35056734e-01 9.14375782e-02 6.08666360e-01
    5.12297809e-01 7.52570987e-01 8.11527431e-01 2.15832680e-01
    8.89949501e-02 7.10678577e-01 7.17565119e-02 1.61886066e-01
    3.70780528e-01 2.65391350e-01 2.35776067e-01 4.54519242e-01
    9.89319205e-01 9.19610262e-01 3.14084589e-01 4.88797545e-01
    5.94018340e-01 8.42967033e-02 8.66230130e-01 9.23497558e-01
    9.83270168e-01 6.60238385e-01 9.84492064e-01 9.94035602e-03
    5.12283266e-01 3.29066098e-01 5.32135606e-01 4.72484827e-01
    8.43014359e-01 5.15415967e-01 8.18621695e-01 5.74220419e-01
    4.51813221e-01 2.44391859e-02 2.67816007e-01 4.98893559e-01
    4.09155071e-01 4.58741754e-01 6.86300695e-01 6.07242048e-01
    7.77120709e-01 1.75430626e-01 6.86832011e-01 4.56235111e-01
    6.27892375e-01 1.34891152e-01 4.72156852e-01 3.43916118e-01
    7.43278384e-01 7.68383563e-01 6.46854103e-01 7.29469359e-02
    2.94657856e-01 1.02678955e-01 6.30417168e-01 3.96302640e-01
    7.49425530e-01 2.41852313e-01 5.74855447e-01 5.88519275e-02
    2.96711355e-01 3.62657696e-01 6.16994321e-01 6.25701725e-01
    3.71813774e-02 7.51869798e-01 3.42276633e-01 9.69698071e-01
    7.57512450e-02 7.47147858e-01 7.79657662e-02 3.18127215e-01
    5.33357799e-01 5.08856475e-01 1.40913337e-01 1.27821207e-01
    2.23078340e-01 1.75234199e-01 9.24471438e-01 2.02542841e-02
    8.01438630e-01 1.20029002e-01 9.72500205e-01 2.68242300e-01
    4.67988133e-01 1.37316465e-01 9.19587016e-02 5.41206300e-01
    7.38029182e-01 5.27488232e-01 2.30314910e-01 8.53774071e-01
    2.79776275e-01 2.58043200e-01 8.56198311e-01 5.92352927e-01
    8.35663319e-01 8.43620062e-01 7.23763287e-01 8.56428266e-01
    6.41714692e-01 7.51225173e-01 4.45523083e-01 2.28018016e-01
    6.46691501e-01 9.60130572e-01 5.42992830e-01 3.76671970e-01
    5.24150372e-01 8.47042322e-01 8.21579635e-01 6.32039070e-01
    8.55199695e-01 6.14374161e-01 3.94358218e-01 4.25895572e-01
    8.65858555e-01 8.61746907e-01 9.77670550e-01 1.46938562e-02
    4.88247991e-01 2.02873558e-01 2.39898622e-01 7.49784827e-01
    2.29629397e-01 6.24629259e-02 6.51754141e-02 3.33162665e-01
    1.01676941e-01 4.53214884e-01 9.72712636e-01 4.79396880e-01
    5.98453879e-01 7.56830037e-01 7.17907786e-01 3.36274862e-01
    7.88673162e-01 6.95857882e-01 1.33460850e-01 3.71353954e-01
    8.66494179e-01 6.63228154e-01 9.57417488e-02 1.89120173e-02
    3.28311324e-01 5.10887325e-01 1.25168175e-01 7.41363168e-01
    9.10502613e-01 2.12497354e-01 1.63189501e-01 7.38983095e-01
    1.65911555e-01 1.48336589e-01 6.47560537e-01 4.20182049e-01
    2.59787053e-01 2.61695623e-01 9.94550943e-01 5.25065541e-01
    8.12806308e-01 3.79234552e-04 3.72295469e-01 6.31607354e-01
    6.23742700e-01 7.14765429e-01 2.34478444e-01 4.23078239e-02
    4.98883516e-01 8.90994668e-01 4.79133517e-01 4.47052628e-01
    4.54378337e-01 4.92664188e-01 8.41949761e-01 7.61191308e-01
    2.10739732e-01 3.10046792e-01 8.14313948e-01 4.39340860e-01
    5.17069876e-01 5.17535269e-01 7.98966527e-01 2.17897713e-01
    1.70506060e-01 4.44862843e-01 3.08068007e-01 6.84947789e-01
    5.98825574e-01 8.69979143e-01 3.36165488e-01 7.91002572e-01
    7.68725634e-01 3.37311685e-01 4.41146076e-01 2.25247741e-02
    2.85488904e-01 1.41250789e-02 7.75885582e-02 9.11151350e-01
    1.39217556e-01 6.08216703e-01 5.96483350e-01 3.32109094e-01
    7.39803314e-02 9.31393445e-01 5.10787725e-01 7.48105764e-01
    4.29467767e-01 3.02325279e-01 2.49049187e-01 2.27206379e-01
    9.32239294e-02 5.98220766e-01 8.81736875e-02 6.67772353e-01
    3.45260203e-01 1.82026893e-01 6.94962561e-01 1.11493468e-03
    5.67248881e-01 3.44236851e-01 4.11128879e-01 4.74677861e-01
    6.42544687e-01 6.17974579e-01 6.75275743e-01 5.87913871e-01
    7.67560601e-01 1.46869570e-01 7.19313920e-01 5.70919037e-01
    4.98842865e-01 4.78449076e-01 8.17614138e-01 9.63459373e-01
    8.25083792e-01 8.64182711e-01 2.55842894e-01 2.50157416e-02
    4.93728667e-01 9.77385402e-01 1.21672511e-01 9.93460894e-01
    3.42411160e-01 2.59025663e-01 3.75118852e-02 8.81310403e-01
    4.40464109e-01 9.39887166e-01 7.61558890e-01 7.38443911e-01
    6.07473135e-01 1.84479386e-01 2.97516853e-01 4.66579586e-01
    6.45348608e-01 5.33120334e-01 1.57339662e-01 8.05269599e-01
    8.43505383e-01 8.49428892e-01 5.34933329e-01 3.91434252e-01
    8.99538100e-01 2.23100364e-01 7.77009845e-01 5.88124156e-01
    7.79928029e-01 2.21652865e-01 6.04701400e-01 5.88152289e-01
    5.97581565e-02 4.39265728e-01 7.10922718e-01 4.18996960e-01
    5.87368011e-01 9.83045340e-01 4.59203839e-01 8.89824808e-01
    9.06624973e-01 5.63464224e-01 7.80583024e-01 3.12413096e-01
    8.28479946e-01 3.60130221e-01 4.79026884e-01 2.69139826e-01
    7.90436029e-01 7.02383220e-01 2.49291390e-01 5.94217479e-02
    7.50704288e-01 4.22454357e-01 6.52518392e-01 4.30123210e-01
    8.44893336e-01 1.84602201e-01 6.26931667e-01 3.13760579e-01
    1.04590565e-01 8.31409216e-01 1.01010859e-01 3.74835402e-01
    4.05475080e-01 7.52251923e-01 7.01846957e-01 5.54732978e-02
    2.10238010e-01 5.00409961e-01 8.21343184e-01 1.33844346e-01
    4.01026934e-01 9.24704432e-01 2.51492441e-01 2.84107208e-01
    6.26569510e-01 2.90913820e-01 9.72196698e-01 4.12810206e-01
    1.89392626e-01 6.76498711e-02 6.82231307e-01 1.95317656e-01
    4.83352542e-02 4.14917439e-01 3.30793798e-01 9.98456597e-01
    4.87526983e-01 3.43226194e-02 8.66693258e-01 8.20179105e-01
    2.48571038e-01 7.75450230e-01 6.33871913e-01 9.62665558e-01
    4.53020632e-02 9.40683782e-02 6.43586814e-02 9.82056916e-01
    1.30662918e-02 4.53196704e-01 5.80585957e-01 5.89298069e-01
    7.57412910e-02 9.67004657e-01 3.44232917e-01 6.37212276e-01
    9.43151593e-01 2.13946402e-02 8.14733326e-01 8.22779298e-01
    2.96608597e-01 5.01249433e-02 5.54764748e-01 2.03831643e-01
    4.59376812e-01 6.24589801e-01 3.90401930e-01 3.80288482e-01
    9.00354147e-01 1.74555212e-01 1.40679359e-01 3.16209167e-01
    6.09802485e-01 8.13715219e-01 4.50624734e-01 1.38794303e-01
    4.19060290e-02 6.04515791e-01 7.11596310e-02 4.51290786e-01
    2.50804782e-01 2.41706073e-02 1.83220416e-01 4.54386055e-01
    8.78373384e-01 8.17271173e-02 3.75071883e-01 1.22204244e-01
    6.87634349e-01 6.86279595e-01 2.07995743e-01 5.53075552e-01
    6.89093828e-01 4.74814773e-02 4.72750455e-01 4.31560099e-01
    3.22766364e-01 9.23551798e-01 2.00074404e-01 4.88188773e-01
    2.95590192e-01 4.50710654e-01 5.87865353e-01 8.79557967e-01
    5.03606200e-02 4.82539892e-01 7.06556439e-02 4.36004281e-01
    9.39173102e-01 6.02489114e-01 9.64036942e-01 1.17903709e-01
    6.99200332e-02 8.10142875e-01 5.52194715e-02 7.07809210e-01
    7.57220507e-01 7.97911227e-01 8.15042615e-01 6.42216027e-01
    7.14146495e-01 7.26743937e-01 8.34217489e-01 7.61714995e-01
    6.89421475e-01 3.96870762e-01 6.12765551e-03 5.49003601e-01
    7.77356148e-01 8.56412053e-01 9.79068995e-01 8.65666032e-01
    1.20656192e-01 8.52383256e-01 4.71648633e-01 7.74703145e-01
    9.73868370e-01 2.10162252e-01 2.30171710e-01 3.91876698e-02
    6.91580832e-01 2.64052004e-01 9.83735323e-01 3.00303698e-01
    6.79381847e-01 1.13082230e-01 3.27660948e-01 8.89564693e-01
    4.71919954e-01 5.45171082e-01 2.24139094e-02 6.88377023e-01
    2.33917743e-01 4.95309561e-01 1.64884359e-01 4.49132115e-01
    2.88209260e-01 9.97338057e-01 1.97604060e-01 4.48115438e-01
    1.05062693e-01 7.56107748e-01 1.27874851e-01 2.37482101e-01
    8.49220872e-01 9.27729249e-01 5.63556671e-01 3.82776648e-01
    4.25754875e-01 4.86586988e-02 3.25287342e-01 8.22592854e-01
    5.83524108e-01 2.05680937e-01 7.70461619e-01 9.58855510e-01
    7.59363174e-02 6.48610294e-02 2.34038472e-01 8.68108392e-01
    3.81747603e-01 1.88075781e-01 7.00342655e-01 4.84528750e-01
    7.50511289e-01 5.44049382e-01 3.12550366e-01 5.60801148e-01
    4.63551104e-01 1.25283271e-01 1.83375776e-01 9.05166030e-01
    4.23433781e-02 3.00532877e-01 5.06768405e-01 9.95654166e-01
    8.95015121e-01 6.19010806e-01 7.47756124e-01 8.68363380e-01
    1.32618040e-01 8.89606476e-01 4.94478226e-01 5.10144711e-01
    3.47082496e-01 7.81922460e-01 1.55577689e-01 9.29243267e-01
    8.80037546e-01 9.34795737e-02 9.37772751e-01 2.47902364e-01
    2.82580465e-01 1.63985550e-01 9.00814533e-02 8.24699283e-01
    7.51906157e-01 5.10372698e-01 2.30132818e-01 2.52591193e-01
    5.26994169e-02 1.28347963e-01 5.56400359e-01 7.75943875e-01
    5.63087106e-01 1.48086786e-01 5.01992047e-01 4.87452507e-01
    4.73982990e-01 8.94931316e-01 9.22660589e-01 7.80109406e-01
    8.87507319e-01 5.73647916e-01 1.85403556e-01 4.99511868e-01
    9.43309069e-03 1.62650734e-01 5.93528628e-01 4.76575136e-01
    6.06979668e-01 9.85386074e-02 9.39853549e-01 2.31021851e-01
    3.05463642e-01 1.98672712e-02 6.81824088e-01 8.73911083e-01
    1.43838495e-01 5.79746842e-01 1.78158462e-01 7.47042298e-01
    3.70055795e-01 8.22448432e-02 3.05670679e-01 2.29618251e-02
    5.95063627e-01 1.23789579e-01 8.81913304e-02 1.67003155e-01
    8.22827876e-01 9.82016206e-01 8.19410920e-01 8.07645679e-01
    1.29026115e-01 2.93523908e-01 8.09028506e-01 9.32480454e-01
    9.73702133e-01 7.04733849e-01 3.14906657e-01 3.10022831e-01
    7.99417853e-01 8.16232741e-01 8.72860849e-01 8.37398767e-01
    1.38898045e-01 3.41792613e-01 3.02683413e-02 2.13618040e-01
    7.96772540e-02 1.05125666e-01 6.89310074e-01 5.92806756e-01
    5.12746572e-01 5.87581396e-01 4.54928577e-02 5.27154744e-01
    6.61203265e-01 2.53902614e-01 5.76005816e-01 1.51883513e-01
    7.01255798e-01 7.54842818e-01 4.56712872e-01 2.21371531e-01
    3.23288679e-01 2.64692605e-02 9.56664801e-01 4.87871408e-01
    8.09376180e-01 5.52124143e-01 5.90192974e-02 7.91675746e-01
    2.83570826e-01 5.30680597e-01 9.57834542e-01 4.05303687e-01
    2.80237198e-02 5.42095244e-01 2.78138071e-01 8.70425582e-01
    1.43519044e-02 1.47105008e-01 9.08735275e-01 2.97730893e-01
    5.00033259e-01 3.74575436e-01 3.46543044e-01 9.75593090e-01
    4.30367649e-01 3.76842380e-01 5.61799884e-01 2.74913698e-01
    8.14677477e-01 5.46624660e-01 9.08413291e-01 6.70886338e-01
    6.20836616e-01 7.41778970e-01 5.31990826e-01 5.60700119e-01
    2.30862319e-01 1.61866754e-01 3.61624718e-01 2.45232403e-01
    5.66923201e-01 1.53954834e-01 7.26767004e-01 2.97144353e-01
    3.81154120e-02 4.36035931e-01 9.30277824e-01 1.33560508e-01
    4.90881801e-02 1.29910201e-01 6.72737896e-01 1.05187625e-01
    1.96199447e-01 4.04553682e-01 2.20586300e-01 8.98922205e-01
    1.58963174e-01 2.13418424e-01 9.47163880e-01 4.78834212e-02
    1.42931193e-01 8.57737660e-01 1.01265907e-02 4.24760401e-01
    8.56014132e-01 2.60999680e-01 7.82071292e-01 9.80312228e-01
    6.98682964e-01 1.16450310e-01 4.26422030e-01 6.26460016e-01
    5.21369636e-01 3.06241512e-01 1.25611007e-01 3.35990310e-01
    7.20906138e-01 8.13126445e-01 5.28133035e-01 6.51399612e-01
    1.09185755e-01 9.57522929e-01 2.14981854e-01 8.54713202e-01
    4.70860153e-01 9.30731297e-02 9.10742581e-01 8.97678494e-01
    6.38777673e-01 9.99292076e-01 7.38207936e-01 4.19867754e-01
    5.73285341e-01 9.15645361e-01 9.61097717e-01 4.97206002e-01
    6.12420261e-01 5.84026217e-01 1.61222190e-01 6.50415659e-01
    4.42018509e-01 4.27184969e-01 7.70260692e-01 9.50217068e-01
    2.64486969e-02 2.01460302e-01 6.53041422e-01 6.45903766e-01
    3.00934583e-01 6.13073349e-01 5.22443891e-01 8.43943477e-01
    9.27914560e-01 7.86905825e-01 8.66504371e-01 3.46747398e-01
    1.52233243e-03 7.31321335e-01 7.31633902e-01 9.38337207e-01
    6.58149660e-01 7.54693627e-01 2.30753422e-02 7.77179360e-01
    9.17794466e-01 7.06797242e-02 4.67193156e-01 1.81389719e-01
    7.95651436e-01 4.75121051e-01 5.06107867e-01 3.58134240e-01
    1.03439867e-01 4.34604764e-01 1.14175022e-01 9.50287700e-01
    6.78981364e-01 2.50496864e-02 6.71483576e-01 7.95599639e-01
    6.91477299e-01 8.16883087e-01 8.70499611e-01 5.71615040e-01
    8.36456060e-01 5.48940182e-01 4.61295366e-01 2.93193102e-01
    9.52620685e-01 7.22620249e-01 4.90945816e-01 3.79684597e-01
    2.05774039e-01 7.25428462e-01 9.70178425e-01 6.52792275e-01
    3.41350973e-01 2.95283407e-01 5.51780105e-01 6.90797091e-01
    6.95918918e-01 9.21816111e-01 1.80841863e-01 8.27699006e-01
    2.01789379e-01 9.70517635e-01 7.79680371e-01 7.32598543e-01
    4.43108976e-02 8.12715292e-01 8.96977425e-01 9.38890457e-01
    2.38528162e-01 1.94349051e-01 2.17061788e-01 9.27218974e-01
    6.28384888e-01 3.42807293e-01 9.10901546e-01 3.52884293e-01
    5.73022485e-01 1.20094359e-01 9.84326005e-02 6.16419792e-01
    3.14204216e-01 9.56926703e-01 3.21826488e-01 1.03047043e-01
    5.58199167e-01 7.08878994e-01 1.99671388e-01 7.94874549e-01
    8.18047285e-01 9.26801562e-03 3.67528379e-01 5.34822226e-01
    8.10425699e-01 5.16745746e-01 9.43995595e-01 2.62774348e-01
    2.39347756e-01 8.66733551e-01 3.65590751e-02 4.11043525e-01
    7.57419825e-01 4.35582697e-02 8.42348993e-01 2.97220737e-01
    7.91075587e-01 3.49871755e-01 7.05300272e-02 8.42613220e-01
    1.80919766e-02 6.24572158e-01 5.79226375e-01 5.88052392e-01
    1.39979690e-01 4.78166521e-01 1.84804410e-01 6.33216023e-01
    1.80714130e-02 5.83682954e-02 4.47830498e-01 7.78359532e-01
    3.87866735e-01 2.49089301e-02 2.17150867e-01 5.07942438e-02
    3.76965076e-01 1.29470527e-01 8.04144442e-02 6.44678056e-01
    6.02780044e-01 8.46626997e-01 2.20359147e-01 7.07085729e-01
    7.59489536e-01 6.18386745e-01 1.60720438e-01 3.74745488e-01
    4.33806211e-01 8.77750993e-01 4.17296350e-01 7.55145907e-01
    9.19494748e-01 9.90322948e-01 5.79886377e-01 7.59359002e-01
    5.41655719e-01 5.41314423e-01 2.80244648e-02 7.07148075e-01
    8.71269584e-01 6.98387861e-01 5.14202178e-01 3.00097823e-01
    3.92194182e-01 4.20481771e-01 5.48635960e-01 7.09468842e-01
    8.55207801e-01 2.39932060e-01 2.28852838e-01 3.41916859e-01
    1.88149750e-01 4.85907018e-01 4.74051118e-01 7.54495025e-01
    5.20640969e-01 5.48532784e-01 8.05995464e-02 8.95420492e-01
    7.54942775e-01 7.55391359e-01 9.75015283e-01 3.38323832e-01
    7.95156538e-01 6.13858223e-01 8.53563190e-01 9.32837248e-01
    1.80215657e-01 8.65341067e-01 9.77756262e-01 1.96587265e-01
    1.41664684e-01 1.62158966e-01 9.78781581e-01 9.37794328e-01
    4.33893442e-01 4.00608599e-01 1.29670560e-01 9.14194465e-01
    4.21011001e-01 8.10532689e-01 1.91741675e-01 1.11470670e-01
    6.58806503e-01 3.45610976e-01 7.22902536e-01 5.92391908e-01
    4.91309375e-01 6.11407280e-01 2.57359594e-01 2.14732885e-01
    7.98874199e-02 9.78285015e-01 8.49729300e-01 5.36098838e-01
    3.62729698e-01 4.70739096e-01 8.21818233e-01 7.29299664e-01
    8.68838072e-01 7.08896041e-01 9.18240309e-01 1.23900831e-01
    5.58254182e-01 1.44682586e-01 6.09578252e-01 6.72307730e-01
    9.69350576e-01 9.75959539e-01 4.04407680e-02 9.37790275e-01
    3.57058942e-01 2.10981369e-01 7.69251108e-01 1.71705186e-01
    5.08876383e-01 6.39681756e-01 5.66935897e-01 9.39199269e-01
    9.69787002e-01 8.67223859e-01 6.95412040e-01 6.52559400e-02
    1.59093469e-01 3.94905359e-01 5.10127604e-01 1.25998437e-01
    5.72305918e-01 4.35438395e-01 2.98686266e-01 4.12540078e-01
    1.48308992e-01 5.47113419e-01 5.61713457e-01 2.01515764e-01
    5.38235068e-01 2.30579555e-01 7.94990659e-02 9.97375607e-01
    8.30922008e-01 3.70866716e-01 7.98198462e-01 4.63684708e-01
    1.21096462e-01 5.46735942e-01 9.08651829e-01 7.36147165e-01
    9.07746077e-01 2.50184059e-01 7.27656603e-01 7.69441366e-01
    2.37094253e-01 3.67077529e-01 6.30858481e-01 7.19457269e-02
    7.42386818e-01 4.09613192e-01 2.11258233e-01 8.84716153e-01
    8.09934974e-01 3.86258662e-01 4.97187018e-01 9.20929968e-01
    6.95685685e-01 9.03353810e-01 1.10142916e-01 4.57712591e-01
    7.60465980e-01 6.44460201e-01 2.62747288e-01 4.72323745e-01
    9.45505917e-01 7.36844957e-01 2.15556026e-02 8.47258449e-01
    9.05546308e-01 3.75523150e-01 8.73388946e-01 6.44945025e-01
    8.78241360e-01 9.33927000e-02 3.84903520e-01 7.72643924e-01
    5.37855923e-01 8.29120278e-01 8.44498992e-01 5.63382506e-02
    7.39246130e-01 5.58643639e-01 5.65298736e-01 3.51255000e-01
    1.67009234e-02 9.08790231e-01 2.22795755e-01 6.72011733e-01
    1.37429416e-01 8.32989812e-01 8.78417850e-01 6.42688215e-01
    1.79677606e-01 5.44797361e-01 7.12128997e-01 3.38658482e-01
    1.73223436e-01 7.80189991e-01 7.11367726e-01 4.86066490e-01
    8.12572837e-01 1.57145619e-01 3.01120132e-01 5.51748276e-02
    1.80704921e-01 8.59451592e-02 5.33876479e-01 5.80063283e-01
    7.85651147e-01 5.97398877e-01 9.59380805e-01 7.76800394e-01
    5.51367581e-01 2.09212929e-01 5.19665122e-01 3.52388501e-01
    9.81590033e-01 4.37944651e-01 1.94761455e-02 7.85578549e-01
    7.72431374e-01 3.16606164e-02 2.82203019e-01 2.69724786e-01
    8.06022167e-01 5.75515628e-01 5.65070570e-01 9.01870370e-01
    6.84605002e-01 7.75194287e-01 5.02850711e-02 8.74484897e-01
    8.03145647e-01 2.92720854e-01 4.17787850e-01 7.85633445e-01
    4.47788596e-01 2.34945238e-01 3.86900812e-01 6.01225257e-01
    1.82503581e-01 8.61733079e-01 5.61151147e-01 4.76218939e-01
    8.25735748e-01 3.61038625e-01 9.17487979e-01 5.17362475e-01
    8.05088878e-01 2.10770279e-01 4.00238514e-01 1.85939670e-02
    7.68216848e-01 7.53079176e-01 8.97375643e-01 1.02227777e-01
    4.21330005e-01 5.99945486e-01 8.60046744e-01 1.20593131e-01
    6.37949705e-01 3.43198419e-01 9.15944278e-01 5.02533019e-02
    1.29709691e-01 2.17289776e-01 7.71168053e-01 6.12451077e-01
    8.89070928e-01 9.82890248e-01 7.00302720e-01 9.02365685e-01
    9.55429673e-01 5.90936840e-01 5.18139541e-01 4.22854304e-01
    3.80160511e-02 9.52542245e-01 7.50169873e-01 9.61577654e-01
    2.92187929e-01 9.50070381e-01 5.72428584e-01 3.24389964e-01
    1.48536444e-01 5.03063202e-02 1.43630326e-01 2.63668984e-01
    7.03205466e-02 3.39387774e-01 2.42545366e-01 1.74363852e-01
    2.95169652e-01 1.94721520e-02 5.11168540e-01 4.48535293e-01
    5.68795979e-01 6.13945484e-01 2.82481045e-01 5.44810951e-01
    5.65908194e-01 8.87308478e-01 3.84045511e-01 2.67674029e-02
    2.61741698e-01 4.11492407e-01 5.08422375e-01 5.01786768e-01
    5.69229543e-01 1.96346641e-01 2.24826485e-01 3.98483217e-01
    8.88949037e-01 5.45713007e-01 1.25565827e-02 2.73472667e-01
    4.54946458e-01 7.36472726e-01 1.59986109e-01 2.70620942e-01
    6.41112924e-02 8.00625920e-01 4.96810287e-01 5.18592834e-01
    6.10275984e-01 9.56209898e-01 8.92991126e-02 6.22331083e-01
    8.28023195e-01 9.93265629e-01 9.35403705e-01 6.92324042e-01
    4.29938465e-01 5.54367781e-01 8.26564431e-01 5.87841034e-01
    9.80690122e-02 6.50761068e-01 7.98650503e-01 4.80318129e-01
    9.25491631e-01 8.11057687e-02 8.67781520e-01 1.53160840e-01
    6.71043396e-02 7.77758121e-01 8.41318011e-01 1.28860831e-01
    1.40896678e-01 1.60068512e-01 7.03450561e-01 7.11453974e-01
    6.21018112e-02 7.80447185e-01 6.23360395e-01 5.32878935e-02
    6.65757537e-01 8.53870332e-01 1.02199435e-01 6.82755113e-02
    5.23308158e-01 7.41811693e-02 2.10424244e-01 4.94714439e-01
    1.12014413e-01 5.15593052e-01 4.40617174e-01 5.25646269e-01
    8.18375349e-02 8.39518011e-02 3.61160576e-01 6.47181988e-01
    1.78269416e-01 3.03117275e-01 3.28323036e-01 6.52173638e-01
    5.25496721e-01 9.53943372e-01 1.54681206e-01 4.49806690e-01
    5.17904699e-01 2.99139977e-01 9.00789261e-01 3.08621347e-01
    9.36540961e-03 9.74851489e-01 3.90181839e-02 9.24361348e-01
    3.23535442e-01 9.35549736e-02 6.78970873e-01 8.79567862e-03
    3.58318686e-01 6.23443782e-01 5.90384066e-01 6.00915909e-01
    4.05573577e-01 4.85121310e-02 4.77391690e-01 8.38538170e-01
    7.58622766e-01 2.88423538e-01 9.81732309e-01 1.97659194e-01
    7.09170461e-01 1.84760034e-01 9.20359194e-02 2.98213363e-01
    4.32992578e-01 6.30351365e-01 3.91681403e-01 1.71919137e-01
    3.75008494e-01 5.48672736e-01 6.50284171e-01 3.26632023e-01
    3.10131311e-01 4.84112769e-01 6.08935058e-01 5.42080402e-03
    8.91876936e-01 4.10045624e-01 4.25419450e-01 1.64015114e-01
    8.28678548e-01 6.60600305e-01 9.58825827e-01 1.75600588e-01
    3.33890349e-01 3.06634963e-01 4.77408767e-02 4.34420466e-01
    9.49464202e-01 8.13198388e-02 6.19841635e-01 8.07271600e-02
    4.51531649e-01 1.95144355e-01 4.03106213e-03 9.41553116e-01
    7.55041540e-02 2.12902337e-01 6.15239143e-01 3.20947468e-01
    2.48418838e-01 7.89125562e-01 7.17036843e-01 9.10920560e-01
    3.66651118e-01 1.90228820e-01 9.45504069e-01 3.92526746e-01
    9.52596188e-01 8.15840065e-02 8.25724244e-01 6.61255717e-02
    9.02481318e-01 3.03754449e-01 5.33347964e-01 7.60562897e-01
    2.91861653e-01 5.14968693e-01 5.00091314e-01 3.61466706e-01
    4.45662290e-01 3.72387648e-01 8.35075676e-01 1.31564498e-01
    3.46030235e-01 7.12877154e-01 7.46995986e-01 4.65233207e-01
    3.61269474e-01 2.77968049e-02 2.30014056e-01 3.09267163e-01
    9.15113509e-01 8.97327721e-01 2.74475157e-01 2.64707029e-01
    9.05245841e-01 1.77065372e-01 9.31714058e-01 4.77196246e-01
    4.34248835e-01 2.98569500e-01 6.58089221e-01 3.06462169e-01
    1.62316740e-01 6.98344469e-01 3.52980793e-01 3.02579254e-01
    3.86103690e-02 3.70580703e-01 5.94622135e-01 7.24777997e-01
    2.05976069e-01 4.98800993e-01 5.46130240e-01 3.83793950e-01
    7.40394711e-01 8.30872595e-01 4.36531007e-01 3.98061067e-01
    5.22250295e-01 7.16004550e-01 1.76566839e-02 8.20106149e-01
    8.17019463e-01 8.49842191e-01 1.58486873e-01 3.97326052e-02
    1.67437583e-01 6.85559154e-01 7.23968327e-01 7.69068956e-01
    9.59433794e-01 5.15657306e-01 9.11989689e-01 4.87256020e-01
    5.49609661e-01 9.53779697e-01 7.24623203e-02 4.42114949e-01
    6.82776570e-02 9.63905454e-03 7.68063009e-01 2.55357802e-01
    6.48043573e-01 6.28080010e-01 2.06619352e-01 7.40858555e-01
    7.32889533e-01 9.65523481e-01 3.95755023e-01 7.49515414e-01
    1.41746432e-01 8.32308590e-01 7.92130589e-01 4.77992445e-01
    7.75747597e-01 2.43695527e-01 9.00415361e-01 6.93121076e-01
    2.18203247e-01 9.57811773e-01 9.10200477e-01 4.33281124e-01
    1.21709317e-01 8.16142082e-01 3.31486464e-02 7.81902492e-01
    7.85027146e-01 9.72527862e-02 7.45892882e-01 1.08696520e-01
    2.54686117e-01 7.18665838e-01 8.03791225e-01 9.84159112e-02
    7.31565654e-02 9.22604680e-01 9.36398923e-01 8.84590745e-01
    7.37303495e-01 5.43223977e-01 4.15441990e-02 2.73476839e-01
    6.92269206e-01 8.08455288e-01 7.07846880e-01 6.40874147e-01
    6.43655002e-01 4.06042218e-01 3.98143083e-01 7.11257815e-01
    8.68481278e-01 5.85967302e-01 6.11364722e-01 9.24602151e-01
    2.62510777e-01 7.03721941e-01 7.30242372e-01 7.19042003e-01
    5.34490705e-01 4.61004406e-01 5.03354907e-01 6.07549191e-01
    9.32064772e-01 2.88792878e-01 2.53733754e-01 7.49336123e-01
    9.05459762e-01 8.78618658e-01 5.04425228e-01 5.61061382e-01
    6.04720652e-01 6.21809363e-01 7.38538206e-02 6.11550212e-01
    2.13574827e-01 1.31091475e-01 8.09568644e-01 5.06597698e-01
    8.66130590e-01 9.77452278e-01 3.54798973e-01 6.36921823e-01
    4.06683862e-01 8.90025139e-01 6.62310421e-01 9.89829779e-01
    7.72138357e-01 8.82581711e-01 5.64100981e-01 4.70218658e-01
    7.50833631e-01 9.26371515e-02 8.62397432e-01 8.89289618e-01
    7.47118354e-01 6.07241094e-01 8.42130959e-01 3.77412587e-01
    6.44552708e-03 5.24230182e-01 3.06293547e-01 1.04487956e-01
    5.72219074e-01 8.99077237e-01 2.51258552e-01 9.27910447e-01
    6.46240830e-01 2.25134104e-01 3.28971744e-01 9.60574329e-01
    7.44875669e-02 9.63252664e-01 1.97791129e-01 9.47207630e-01
    7.45159566e-01 6.20734334e-01 1.25259757e-02 9.57474053e-01
    3.87337089e-01 9.18300986e-01 7.82418966e-01 1.70689195e-01
    1.20605230e-01 3.53739351e-01 1.89097583e-01 1.05616450e-03
    8.77640724e-01 8.34944129e-01 2.15918839e-01 5.07870138e-01
    8.57112229e-01 9.09989953e-01 4.18277085e-02 9.98096347e-01
    1.68088615e-01 5.66672087e-01 6.81673884e-02 9.08517838e-02
    3.54406387e-01 4.71482843e-01 3.38334203e-01 3.89468729e-01
    4.45933789e-01 1.49982035e-01 7.26425767e-01 2.74057090e-02
    8.93176317e-01 9.43075061e-01 9.78098154e-01 9.29732919e-01
    5.14191449e-01 2.58371115e-01 1.92723334e-01 4.45454746e-01
    1.08827710e-01 7.29897082e-01 3.14355463e-01 3.63901436e-01
    6.76139057e-01 2.54849255e-01 1.74360931e-01 5.37851155e-01
    1.25916600e-02 5.26461780e-01 3.38595510e-02 9.88921702e-01
    2.08547711e-02 8.49523246e-02 2.03974575e-01 9.42790210e-02
    3.44357133e-01 3.46090615e-01 2.59867519e-01 9.24908519e-02
    7.92659402e-01 8.40274215e-01 8.66485476e-01 3.34355712e-01
    1.84657514e-01 4.85304117e-01 8.85198474e-01 7.58305073e-01
    1.14676505e-01 3.08207154e-01 9.75262642e-01 7.06217885e-01
    4.56744790e-01 7.60519505e-03 1.23177171e-01 3.21604669e-01
    7.09529519e-01 2.99223840e-01 1.94253445e-01 3.27529788e-01
    4.16377664e-01 6.72928274e-01 1.39054477e-01 2.63798773e-01
    3.17213297e-01 6.54858947e-02 9.00893092e-01 3.49996239e-01
    8.66785944e-02 2.65170276e-01 9.00292873e-01 8.89747024e-01
    3.64628911e-01 8.30094755e-01 6.95984066e-02 9.99742389e-01
    5.71910501e-01 6.76720023e-01 2.28229284e-01 6.29156530e-01
    2.80008078e-01 6.75784528e-01 3.90878379e-01 9.65061307e-01
    2.58995771e-01 1.03354633e-01 9.28252637e-01 9.40357506e-01
    1.14978790e-01 9.69734430e-01 9.25984383e-01 1.72845751e-01
    7.35976160e-01 6.96446598e-01 4.99588490e-01 7.70233750e-01
    6.76352859e-01 5.68967104e-01 4.03222740e-01 8.38387489e-01
    7.15069592e-01 3.62438381e-01 9.28592026e-01 8.40957642e-01
    8.56447220e-03 9.35272932e-01 9.78006959e-01 4.51298088e-01
    3.58360112e-02 1.61597967e-01 8.31019580e-02 6.31988347e-01
    6.25298023e-02 6.60462499e-01 6.58341050e-01 5.13829410e-01
    5.60112059e-01 1.88569427e-01 2.21601725e-02 5.01548529e-01
    9.95348215e-01 3.87903929e-01 6.47305846e-01 4.21155512e-01
    1.41843945e-01 7.17415988e-01 9.06757414e-01 5.42892814e-01
    9.63577330e-01 9.33638990e-01 5.19805849e-01 1.94624484e-01
    6.53786957e-02 1.61657095e-01 4.33048517e-01 3.89330775e-01
    2.44106174e-01 3.53855491e-02 4.42550600e-01 8.67869735e-01
    2.02434659e-02 3.49336416e-01 1.23923033e-01 8.43748331e-01
    7.02441692e-01 9.58530903e-01 8.86441231e-01 2.16724575e-02
    5.42991817e-01 5.31897128e-01 4.94983852e-01 9.01027203e-01
    4.77974921e-01 8.73506844e-01 4.47019577e-01 2.35691607e-01
    6.83561802e-01 3.04809153e-01 7.81782627e-01 9.90403652e-01
    8.31945896e-01 3.23887467e-02 9.61050808e-01 7.15690672e-01
    6.19322002e-01 8.64480734e-01 5.36720514e-01 6.55236959e-01
    7.46209383e-01 8.25830042e-01 1.52880520e-01 8.53576958e-02
    6.88389063e-01 5.83703756e-01 4.17474866e-01 7.13098347e-01
    5.26892543e-01 6.47306740e-02 4.60101932e-01 2.43392348e-01
    9.40356255e-01 5.20359695e-01 6.73270941e-01 9.65103924e-01
    5.15730381e-02 4.30554926e-01 9.38129187e-01 5.23677230e-01
    6.03786826e-01 4.50736463e-01 1.00347161e-01 3.78634125e-01
    2.48391867e-01 1.67211592e-01 8.83026540e-01 2.16749102e-01
    9.62216854e-01 3.00121903e-02 1.26588285e-01 5.56221008e-01
    9.11923230e-01 3.29929829e-01 1.11980736e-01 5.49841046e-01
    3.93996298e-01 9.36244965e-01 8.37309718e-01 3.06822568e-01
    5.71053982e-01 7.96949625e-01 6.93822980e-01 8.22436094e-01
    1.38189524e-01 8.35738540e-01 6.72704697e-01 1.75167680e-01
    9.45730209e-02 3.84320199e-01 3.44189107e-01 8.18551481e-02
    6.82248712e-01 1.12059623e-01 4.16970164e-01 7.50198662e-01
    9.14959431e-01 7.53265023e-01 4.38023835e-01 1.96172804e-01
    7.43727207e-01 3.34775358e-01 7.21389472e-01 7.61750102e-01
    4.78565186e-01 5.27497172e-01 7.26444662e-01 6.09714270e-01
    6.07435107e-01 8.70118439e-02 1.15773529e-01 1.88702673e-01
    2.32642651e-01 3.64458263e-01 8.42290163e-01 9.18805599e-01
    2.65541553e-01 7.35059261e-01 7.59345293e-01 8.08895588e-01
    4.96330410e-01 7.83813000e-01 1.76551342e-02 1.15021348e-01
    4.72845137e-02 8.25247347e-01 5.26246190e-01 6.58702254e-01
    8.08539093e-01 7.76928186e-01 4.24226522e-01 5.58982730e-01
    8.21234465e-01 9.22578573e-01 1.24674141e-01 7.94726014e-02
    4.43264812e-01 1.70239508e-01 7.66337156e-01 6.76856637e-01
    8.68120670e-01 7.55210042e-01 4.12877798e-01 9.15090322e-01
    9.84968126e-01 5.73107958e-01 4.70122516e-01 6.74917519e-01
    3.96586835e-01 3.72389138e-01 1.88254416e-01 3.65641415e-02
    3.45290899e-01 4.80167329e-01 3.19845289e-01 3.16890359e-01
    1.10935956e-01 3.04702133e-01 1.71777010e-02 6.36132598e-01
    7.56580591e-01 5.56609213e-01 5.38043559e-01 4.72401887e-01
    4.28231955e-01 1.52444243e-02 3.85348350e-01 6.02339625e-01
    5.54191649e-01 7.47032344e-01 2.93156087e-01 2.57044673e-01
    2.61989236e-01 5.93519211e-02 5.43053627e-01 6.34942114e-01
    5.16092420e-01 3.54504198e-01 8.38866353e-01 2.24945486e-01
    3.17498147e-02 5.65341353e-01 4.24961537e-01 9.66320872e-01
    5.55721402e-01 9.27595794e-02 6.19191289e-01 9.90177810e-01
    4.01448905e-02 3.85616213e-01 4.23769563e-01 9.45662618e-01
    6.43885016e-01 6.30452991e-01 7.35043228e-01 6.88499272e-01
    5.48769236e-01 6.13406539e-01 6.93505347e-01 2.75378555e-01
    9.23345089e-01 1.53931916e-01 6.25355721e-01 6.37660861e-01
    2.37830341e-01 7.32653737e-01 6.20039344e-01 5.01866519e-01
    7.88543105e-01 7.91039109e-01 9.91251767e-01 7.35433578e-01
    9.39077497e-01 1.01983547e-03 8.09477687e-01 1.16670161e-01
    5.19947886e-01 2.02767789e-01 3.80150795e-01 8.40443015e-01
    9.58949447e-01 2.79712379e-01 3.23857516e-01 4.34148699e-01
    6.57388031e-01 9.13270295e-01 1.48854554e-01 5.13685048e-01
    6.26626015e-02 1.79991394e-01 4.68398154e-01 1.72882855e-01
    7.58113384e-01 7.93917716e-01 3.44408900e-01 5.23697317e-01
    6.20998025e-01 2.30419844e-01 1.56490743e-01 7.87361264e-01
    8.56676161e-01 9.46682930e-01 8.36034417e-01 8.99541736e-01
    1.82098866e-01 3.30909491e-02 2.43858099e-01 2.20633566e-01
    5.17790198e-01 7.61545420e-01 2.19660699e-01 5.81927776e-01
    5.10405004e-01 4.75833923e-01 9.20009017e-01 1.71573728e-01
    8.63808274e-01 5.02839684e-01 3.71723771e-01 3.99519205e-01
    2.89921254e-01 9.34282184e-01 7.73743272e-01 2.95612752e-01
    2.34117925e-01 6.35152578e-01 7.51242280e-01 1.64667308e-01
    2.55141854e-01 8.68328929e-01 2.37090975e-01 3.90455484e-01
    6.61286592e-01 8.76070261e-01 1.58912450e-01 7.20359027e-01
    9.97893393e-01 2.17022687e-01 3.46417427e-02 1.60238206e-01
    7.14116573e-01 2.05934554e-01 2.43583083e-01 3.61552536e-01
    9.31105494e-01 2.45998561e-01 6.20746255e-01 4.41147029e-01
    7.60231912e-02 9.62543726e-01 1.55529916e-01 1.94772542e-01
    6.72021627e-01 5.77408373e-01 8.87898326e-01 5.11578023e-01
    6.35676682e-02 4.50364351e-01 1.73027694e-01 1.18533403e-01
    5.81107378e-01 2.24836200e-01 1.01586848e-01 1.52492434e-01
    7.73537874e-01 5.28371930e-01 3.15206558e-01 9.62053180e-01
    5.11089385e-01 9.67136383e-01 5.84371150e-01 4.57036942e-01
    5.26525617e-01 9.55263793e-01 8.96255970e-01 9.19872582e-01
    1.16995931e-01 2.15438008e-01 7.76745498e-01 4.84287351e-01
    2.35799164e-01 8.87591660e-01 8.30139339e-01 7.23337770e-01
    4.66718823e-01 8.26869011e-01 2.15126187e-01 3.92286301e-01
    2.53153026e-01 4.06230807e-01 5.02812922e-01 5.62011302e-02
    5.21473110e-01 7.13932753e-01 5.50841749e-01 8.08856070e-01
    5.88293731e-01 5.18148065e-01 4.44557071e-02 1.91974908e-01
    8.53148937e-01 2.11633861e-01 2.96690166e-01 7.60460496e-01
    5.21617711e-01 3.29443276e-01 7.15852737e-01 8.76676023e-01
    3.77499282e-01 3.64400178e-01 4.81076688e-01 5.29865861e-01
    1.22937232e-01 5.76779723e-01 5.01134396e-01 3.85179102e-01
    2.13197082e-01 7.44717479e-01 8.14590454e-01 3.49540353e-01
    9.83758330e-01 8.38582814e-02 6.52060568e-01 2.50039130e-01
    3.05771917e-01 6.50525808e-01 2.47684538e-01 7.68957615e-01
    1.84143722e-01 4.91371155e-01 8.25783134e-01 3.43479097e-01
    6.14965498e-01 3.88338923e-01 3.91001433e-01 8.96387994e-01
    2.70059705e-02 1.00941837e-01 2.03226805e-02 8.54997873e-01
    5.40586233e-01 6.75784647e-01 2.29623824e-01 7.47455299e-01
    2.53798604e-01 5.60700655e-01 4.29130256e-01 7.24363685e-01
    9.41372454e-01 2.23472834e-01 5.55920601e-01 1.69696271e-01
    8.71476889e-01 2.86050558e-01 1.69710875e-01 3.32893759e-01
    1.27785802e-02 5.91472983e-02 4.53902006e-01 2.60287464e-01
    3.33765149e-01 9.32467937e-01 3.52704823e-02 1.08011872e-01
    7.23684669e-01 3.93420160e-02 9.48864579e-01 6.74623549e-02
    3.33017468e-01 3.04261893e-01 6.34233415e-01 7.48680294e-01
    2.13444054e-01 7.86708891e-02 2.09597498e-01 9.73921657e-01
    8.14372420e-01 4.34486330e-01 5.10350645e-01 7.90341258e-01
    3.64856631e-01 4.04308856e-01 5.90335548e-01 1.42806023e-01
    4.79368865e-02 1.93376690e-01 8.80040646e-01 7.08929420e-01
    7.13022828e-01 2.13156581e-01 2.41021186e-01 2.38530636e-01
    7.32653737e-01 4.63294029e-01 2.20966429e-01 1.19124502e-01
    4.27536130e-01 2.82368541e-01 9.18824553e-01 9.44812059e-01
    6.49667263e-01 3.62101018e-01 6.92939043e-01 2.54313648e-02
    4.06451821e-01 3.71586889e-01 7.70758152e-01 1.96038544e-01
    4.27715331e-01 5.51649928e-02 1.15536332e-01 2.65047550e-02
    9.61698771e-01 6.06604457e-01 4.73753721e-01 8.10620070e-01
    8.95985544e-01 6.97369874e-01 5.07248819e-01 6.52541995e-01
    5.92863560e-01 6.58607721e-01 4.78602946e-02 2.47963965e-01
    4.88079190e-02 9.12785530e-01 3.66226375e-01 7.59716272e-01
    5.43873549e-01 3.39064896e-01 7.27816224e-01 9.77355361e-01
    9.78391767e-01 7.24936306e-01 6.09922647e-01 8.08974981e-01
    8.92041624e-01 5.02148569e-01 8.73093486e-01 1.50995404e-01
    7.94478655e-01 7.25085974e-01 3.82967710e-01 5.82939625e-01
    3.42447281e-01 8.47644329e-01 4.87823576e-01 1.81700766e-01
    1.54152542e-01 1.44743294e-01 4.06463146e-02 2.37730265e-01
    3.64414722e-01 5.18889666e-01 6.15854621e-01 3.56266439e-01
    9.86094952e-01 1.50499165e-01 8.94207001e-01 5.62009990e-01
    3.42522293e-01 4.58578169e-02 1.93027765e-01 2.14852333e-01
    6.72097802e-01 7.93096662e-01 3.21560264e-01 1.98293597e-01
    6.63759351e-01 1.70610249e-02 2.67980397e-01 8.98371696e-01
    9.33113933e-01 3.33375007e-01 6.43015325e-01 8.10022473e-01
    5.10829449e-01 8.63705993e-01 9.29802656e-04 8.52221966e-01
    3.97742867e-01 1.46138847e-01 5.44116855e-01 8.61216426e-01
    6.76641822e-01 1.32244170e-01 9.63598371e-01 8.80749106e-01
    5.49020052e-01 9.34179485e-01 3.75778377e-02 5.46683669e-02
    6.92635179e-01 1.02744758e-01 8.16392899e-03 7.08386779e-01
    2.43970960e-01 3.20470989e-01 3.80208880e-01 2.46289164e-01
    1.63413674e-01 1.65443301e-01 7.38077462e-02 3.76689017e-01
    6.41931534e-01 4.96839762e-01 5.00528395e-01 8.81025314e-01
    8.08889031e-01 4.86755371e-02 1.62700921e-01 5.08640587e-01
    3.15680087e-01 1.02902651e-02 3.38384509e-03 2.19728053e-02
    7.92059541e-01 6.64200425e-01 5.31142294e-01 2.48729646e-01
    5.22727489e-01 9.57787812e-01 6.68974280e-01 7.18055725e-01
    8.31577480e-02 8.69945586e-01 2.54156440e-01 2.34458059e-01
    3.40711534e-01 3.68221849e-01 9.51321721e-01 8.91763270e-01
    8.11520815e-01 9.85786319e-01 6.15251362e-01 4.32428956e-01
    7.05024004e-01 1.91565603e-01 6.99473619e-02 3.80171716e-01
    9.86384869e-01 8.02791536e-01 8.00748110e-01 3.47724319e-01
    3.68188709e-01 8.65801871e-01 5.47447801e-01 8.38817656e-01
    8.79197836e-01 6.90470397e-01 9.22888279e-01 1.84538066e-01
    4.29031610e-01 3.91008735e-01 7.51313627e-01 6.46843374e-01
    1.23438627e-01 1.03384256e-04 6.97839797e-01 2.13630736e-01
    9.52083111e-01 1.95452958e-01 5.25370181e-01 7.25914776e-01
    6.49401546e-03 4.68511999e-01 5.68734765e-01 9.49340701e-01
    6.87548697e-01 5.89851081e-01 2.49032766e-01 4.40267414e-01
    7.16228724e-01 6.63623273e-01 1.44989818e-01 8.70423436e-01
    8.14700365e-01 8.11399221e-01 6.14561498e-01 5.13727188e-01
    9.65989709e-01 2.47427970e-01 4.86476123e-02 6.88898563e-02
    2.16246247e-02 5.64023852e-01 1.91888511e-02 2.68870384e-01
    7.42777824e-01 1.32082641e-01 9.57707763e-01 4.86148030e-01
    1.68723106e-01 8.54038954e-01 2.75694788e-01 1.11894399e-01
    4.49782103e-01 7.62656331e-01 9.84788656e-01 6.64302409e-02
    4.47918892e-01 3.17452848e-01 7.93684125e-01 4.30095732e-01
    7.45714188e-01 5.70020318e-01 3.51414740e-01 3.01096618e-01
    1.07824236e-01 2.78097212e-01 5.64687252e-01 2.94868350e-01
    7.54203677e-01 8.74784350e-01 9.31611896e-01 7.92496204e-01
    3.83151054e-01 3.09463710e-01 8.75435352e-01 8.77405763e-01
    4.77328897e-01 6.99650347e-01 1.33497089e-01 3.13862979e-01
    1.62176549e-01 6.67634308e-02 7.90257931e-01 5.13085961e-01
    9.76844788e-01 3.60729188e-01 4.81339693e-02 9.89390016e-01
    2.55604327e-01 6.84263051e-01 5.47959745e-01 2.18696088e-01
    1.07758373e-01 1.41130328e-01 8.35153759e-02 5.15661120e-01
    2.12142289e-01 3.12996805e-01 6.18444920e-01 3.89527917e-01
    4.36543763e-01 5.63200116e-01 4.03786480e-01 3.17171663e-01
    9.16722655e-01 1.90765113e-01 5.47531068e-01 6.64401531e-01
    5.63764274e-01 2.01074004e-01 1.73754692e-01 7.63818443e-01
    9.07751918e-01 7.54951477e-01 3.73251945e-01 2.86544740e-01
    7.03150511e-01 2.33000219e-02 8.30519080e-01 9.81446803e-01
    2.86613703e-02 8.85867298e-01 1.76676422e-01 1.35765016e-01
    2.94148564e-01 6.25428200e-01 1.62762493e-01 8.74808192e-01
    4.00133133e-02 1.70970023e-01 2.35745609e-01 2.00880915e-01
    6.16914690e-01 9.10183668e-01 5.25044024e-01 8.29457998e-01
    4.27366972e-01 1.48501724e-01 3.13280582e-01 2.22278684e-01
    1.53740555e-01 7.67513394e-01 4.93414104e-02 3.32306117e-01
    5.16430497e-01 8.71412873e-01 2.40976989e-01 3.61762047e-02
    7.06744969e-01 6.31619751e-01 6.90155923e-01 7.76587009e-01
    9.29089308e-01 7.98150063e-01 3.15167248e-01 3.82428408e-01
    4.90303516e-01 5.84798515e-01 8.07443798e-01 6.85453653e-01
    3.24062139e-01 9.75915194e-01 4.18455899e-02 6.47010684e-01
    8.90561342e-01 4.94785011e-02 1.24746770e-01 7.57766962e-01
    6.64504707e-01 1.27564192e-01 8.71469378e-02 4.23131168e-01
    7.73422241e-01 5.34039438e-01 3.46106172e-01 3.64155769e-02
    3.41648638e-01 5.67212760e-01 8.00906420e-02 5.89788556e-01
    3.14033538e-01 6.43596351e-02 9.75343585e-01 2.31438458e-01
    2.77617931e-01 4.79042143e-01 9.99288857e-01 6.12275004e-02
    8.84422660e-01 9.46125865e-01 3.25639129e-01 6.01147115e-01
    2.97974050e-02 5.63575625e-01 2.53755093e-01 2.95649886e-01
    8.66639137e-01 9.19847369e-01 4.15280014e-01 1.13993108e-01
    2.72809863e-01 1.85419649e-01 6.36497974e-01 6.04060292e-03
    7.60644794e-01 7.47483790e-01 4.87306148e-01 5.11568189e-02
    8.21951985e-01 1.30332202e-01 2.55381584e-01 8.84572148e-01
    4.57427174e-01 2.79689789e-01 8.41823101e-01 5.43523729e-01
    8.63080978e-01 6.46291018e-01 7.37165511e-01 6.23454928e-01
    4.42919433e-01 4.95194525e-01 4.28070933e-01 9.50166106e-01
    8.12682033e-01 5.82882524e-01 2.52766609e-01 9.61823165e-02
    6.10623240e-01 1.20735526e-01 8.93393040e-01 3.89140248e-01
    9.47355032e-01 8.64119053e-01 5.71585357e-01 6.15179718e-01
    4.99114573e-01 7.65258372e-02 3.45984101e-01 3.78658414e-01
    8.39855850e-01 2.87508786e-01 4.00200427e-01 4.78423268e-01
    9.03352618e-01 9.81650233e-01 3.89689744e-01 8.53868783e-01
    7.29205489e-01 8.04534912e-01 1.70967817e-01 9.65809882e-01
    2.27983087e-01 9.03298378e-01 8.72516751e-01 7.73574591e-01
    9.36954796e-01 6.91340804e-01 4.83675361e-01 6.58346772e-01
    9.01828766e-01 9.46790218e-01 2.34312415e-01 2.91127831e-01
    6.47064209e-01 1.46440059e-01 3.01182568e-01 9.25135136e-01
    1.57142580e-02 6.14017546e-01 6.76593184e-01 5.74333608e-01
    6.99616671e-01 3.64380300e-01 2.46798217e-01 3.33753228e-01
    9.43484306e-01 9.15272832e-01 3.27459395e-01 5.94944954e-02
    5.74124455e-01 8.91317904e-01 6.11980617e-01 5.69403827e-01
    6.63518071e-01 5.85501790e-01 9.79880571e-01 7.76860297e-01
    5.96602142e-01 9.21387672e-02 8.80722880e-01 6.43980503e-01
    7.17163861e-01 3.26173276e-01 8.36113274e-01 7.85673380e-01
    6.88875496e-01 4.20514852e-01 9.23310637e-01 5.14784694e-01
    9.96146560e-01 7.34814584e-01 8.67742717e-01 8.27687383e-02
    9.60722387e-01 3.41385961e-01 4.21860546e-01 5.81968367e-01
    2.06322074e-02 8.00936103e-01 1.10019505e-01 4.19101000e-01
    8.35068941e-01 4.05474633e-01 7.05572367e-01 5.23456931e-01
    4.98855740e-01 6.42551780e-01 8.91760409e-01 2.01100320e-01
    6.57328963e-01 3.73994708e-01 5.09852707e-01 6.03187680e-01
    5.99719882e-01 7.33808279e-01 2.25235820e-01 8.92532229e-01
    9.72563148e-01 2.71541893e-01 1.40835851e-01 9.80286479e-01
    1.47145957e-01 5.85969150e-01 6.75136685e-01 9.52385902e-01
    1.79624856e-02 9.00747776e-01 4.88919199e-01 7.04344988e-01
    8.29391599e-01 2.81442046e-01 5.96146584e-01 9.88609195e-01
    4.01555896e-01 3.67454827e-01 1.61394030e-01 5.28450310e-01
    4.75820601e-02 1.18733644e-01 2.27110982e-01 8.87753725e-01
    1.80748403e-01 3.72771919e-02 9.81312692e-01 4.81377929e-01
    7.35575080e-01 2.84441710e-01 7.15628445e-01 6.41975522e-01
    2.55152225e-01 1.42569721e-01 5.78208029e-01 5.76484263e-01
    7.16215014e-01 6.68883085e-01 1.95293993e-01 8.25732350e-01
    3.12923312e-01 7.34833777e-01 5.36993027e-01 8.78910184e-01
    2.41568267e-01 4.97358143e-01 5.93245625e-01 8.37653160e-01
    5.52894056e-01 7.96135485e-01 4.54944313e-01 4.79607373e-01
    3.00655633e-01 2.46325731e-02 1.72052890e-01 9.16496277e-01
    5.91156483e-01 5.60993850e-02 4.60939437e-01 3.93635452e-01
    9.84370708e-04 5.32307088e-01 3.59072864e-01 2.28152633e-01
    5.96978545e-01 5.80420792e-01 4.26627696e-02 1.99456424e-01
    5.26251912e-01 4.90163714e-01 4.21728253e-01 9.54370916e-01
    6.41956270e-01 8.75657856e-01 3.86701405e-01 6.46805763e-01
    8.07686329e-01 6.76820874e-01 7.26928413e-02 9.04877603e-01
    5.28979480e-01 5.22919238e-01 5.97037256e-01 7.26869941e-01
    3.77576053e-02 4.80136365e-01 5.42926848e-01 4.19507265e-01
    7.78902054e-01 6.97409749e-01 7.97835231e-01 3.95157576e-01
    6.87576234e-01 2.19854414e-02 3.13182473e-01 3.60122621e-01
    7.75097847e-01 7.18452990e-01 6.85814500e-01 6.93141103e-01
    9.31488931e-01 7.13788807e-01 9.39154625e-03 3.06588322e-01
    9.53903437e-01 9.01003361e-01 8.50727916e-01 2.26433396e-01
    4.90547240e-01 2.54963309e-01 1.80836260e-01 1.18820965e-01
    3.39867651e-01 4.54999536e-01 8.04320574e-02 5.81765175e-03
    9.94476676e-01 3.95083606e-01 1.17978573e-01 7.53631711e-01
    9.30261791e-01 2.00531900e-01 9.86613333e-01 9.08403099e-01
    2.37619430e-01 4.82298732e-01 9.86973047e-01 9.65471864e-01
    9.40359235e-01 4.19791967e-01 2.73379028e-01 7.69595861e-01
    2.00979918e-01 8.31742048e-01 3.62363487e-01 9.87324715e-01
    8.39600086e-01 4.06836689e-01 7.33051658e-01 1.54068351e-01
    8.46534610e-01 6.14428818e-02 6.38310313e-02 1.47919774e-01
    7.44215012e-01 2.92014718e-01 8.03578675e-01 6.95760608e-01
    3.96399200e-01 6.29339695e-01 3.30475062e-01 1.76977813e-02
    5.62216401e-01 6.16111100e-01 7.50934362e-01 8.10306907e-01
    5.18821836e-01 3.94923627e-01 4.16105986e-01 9.11915302e-01
    4.72787023e-02 9.24635530e-02 3.65798414e-01 5.84537983e-01
    8.28025401e-01 4.18157399e-01 7.89296269e-01 9.03798461e-01
    1.23990238e-01 5.86969733e-01 3.19048166e-01 3.78271401e-01
    6.59780562e-01 8.78239274e-02 5.39264143e-01 9.87785161e-01
    7.25885391e-01 2.96812564e-01 7.15269208e-01 2.21048623e-01
    2.13614106e-02 2.86708564e-01 8.72547209e-01 9.48030353e-02
    1.74469262e-01 1.31464601e-01 6.57604277e-01 5.67176044e-01
    6.49839520e-01 3.68283987e-01 8.92737508e-01 2.60466129e-01
    6.52369678e-01 8.33096206e-01 2.90059805e-01 6.32192492e-02
    2.55736589e-01 7.95596719e-01 9.41026092e-01 1.90216541e-01
    9.48768616e-01 4.13015842e-01 8.90335441e-01 1.23863608e-01
    7.50478983e-01 4.49327767e-01 2.85593331e-01 9.58691001e-01
    2.16712385e-01 3.29234004e-01 1.73332065e-01 1.54236436e-01
    7.91364074e-01 6.46197319e-01 4.03666437e-01 4.48040634e-01
    3.47337157e-01 9.79313970e-01 1.46210343e-01 7.99504519e-02
    4.80876267e-01 9.85827088e-01 2.04178125e-01 3.24849188e-01
    9.80042577e-01 4.24218476e-01 8.70134234e-02 7.42567003e-01
    5.11614978e-02 9.31099534e-01 1.55563295e-01 7.01930523e-01
    8.87554765e-01 2.01052368e-01 4.55723286e-01 3.37708175e-01
    6.60099089e-01 6.14157438e-01 5.02505898e-03 6.53226674e-01
    7.42210746e-02 9.55183685e-01 7.15859234e-02 5.50659597e-02
    4.05490845e-01 1.16044134e-01 8.06448221e-01 2.95670629e-02
    8.92600060e-01 3.78245831e-01 5.39988279e-02 1.32647276e-01
    1.85409933e-01 2.63437212e-01 2.67973393e-01 4.38715339e-01
    5.89140654e-01 5.92831314e-01 8.87773275e-01 3.00255537e-01
    7.34828413e-01 6.67560101e-01 8.30428004e-01 1.73624575e-01
    8.20854187e-01 9.55679834e-01 3.73486936e-01 8.45470369e-01
    7.10169435e-01 6.71518743e-01 3.81529331e-03 4.32412326e-02
    9.50672388e-01 2.59638816e-01 1.21853352e-02 9.07657564e-01
    3.78035009e-02 6.43716097e-01 9.75100696e-02 4.55595315e-01
    6.88668966e-01 1.51228160e-01 2.72105217e-01 3.39112878e-01
    1.21389806e-01 4.08789426e-01 1.29722118e-01 9.49009299e-01
    9.76569831e-01 9.52145159e-02 5.24709463e-01 4.13522243e-01
    4.02120024e-01 4.78297114e-01 6.37991488e-01 7.13389814e-01
    7.42998898e-01 6.52072549e-01 2.59466201e-01 2.95252383e-01
    2.90494382e-01 7.40626216e-01 2.58393705e-01 5.56075513e-01
    7.26863205e-01 3.20167392e-01 7.34483898e-01 2.85230935e-01
    7.66066909e-01 9.04519081e-01 6.13886774e-01 2.64239579e-01
    3.33869934e-01 3.75909239e-01 9.66209769e-01 8.51366460e-01
    4.28761482e-01 5.58826327e-01 3.84749472e-01 4.39026177e-01
    5.96214175e-01 7.39749074e-01 8.62074614e-01 4.84969318e-01
    2.60481834e-01 3.79059404e-01 1.55959159e-01 7.56789446e-01
    6.28395081e-02 1.26244515e-01 7.40394890e-01 8.10465574e-01
    8.75951648e-01 5.37404954e-01 4.24987465e-01 9.82504964e-01
    7.88330317e-01 8.26207757e-01 5.67220986e-01 2.05321610e-01
    8.86416972e-01 2.57939100e-03 2.52838880e-01 6.31339192e-01
    2.28329390e-01 8.91932487e-01 4.56601441e-01 4.56157714e-01
    5.87425113e-01 7.38777995e-01 1.71596110e-01 7.24963665e-01
    6.91553712e-01 5.11063516e-01 4.26637679e-01 1.17103785e-01
    1.42387241e-01 6.46001995e-01 5.84180057e-01 2.94490874e-01
    7.83039570e-01 2.01379240e-01 1.58774048e-01 2.50502765e-01
    3.98025870e-01 8.65611434e-03 5.01217782e-01 6.29287362e-01
    7.62414038e-01 7.35518873e-01 8.25893104e-01 4.86702323e-02
    5.08318245e-02 5.79760075e-02 8.06948423e-01 1.21738434e-01
    2.55318701e-01 6.51663601e-01 9.46874619e-02 8.23962450e-01
    5.25327623e-01 3.03850859e-01 3.40452790e-02 4.91823405e-01
    9.89234567e-01 7.78020561e-01 6.36025965e-01 5.29098511e-01
    9.33879912e-02 3.64410222e-01 9.55953002e-01 9.94372070e-02
    4.74892467e-01 9.33488846e-01 2.36825913e-01 1.41710252e-01
    8.88184190e-01 9.69224453e-01 1.93292499e-01 1.80824727e-01
    4.82570946e-01 1.76595449e-02 9.63972509e-01 8.02306771e-01
    6.74713910e-01 6.90171123e-01 8.36511374e-01 9.87740636e-01
    5.04124224e-01 3.82930875e-01 8.31989169e-01 6.22465968e-01
    6.38002098e-01 6.83946669e-01 1.12802595e-01 2.66758323e-01
    3.78878951e-01 3.26030970e-01 4.74350512e-01 7.73447394e-01
    9.79483724e-01 4.38203782e-01 9.96167183e-01 5.41179359e-01
    9.99571085e-01 5.92899024e-01 9.88307595e-01 8.53059888e-01
    7.33595967e-01 7.48951674e-01 3.49709332e-01 1.98534131e-03
    7.04276025e-01 9.71777320e-01 1.19354606e-01 7.31754303e-01
    8.38041425e-01 2.56186306e-01 7.87658215e-01 7.00319529e-01
    8.13530505e-01 2.36886382e-01 1.89672142e-01 6.46866024e-01
    2.15118319e-01 1.11255348e-01 1.16350949e-01 3.09948623e-01
    2.20899999e-01 4.07028675e-01 9.13617134e-01 2.42063403e-02
    7.48327255e-01 5.30008972e-02 5.69695771e-01 8.02413046e-01
    8.61544371e-01 5.22852838e-01 9.96082664e-01 2.76492804e-01
    3.37673247e-01 9.36211944e-01 5.83932996e-01 9.49164152e-01
    2.78387368e-02 4.44441259e-01 1.00722075e-01 5.94451487e-01
    2.65909731e-01 8.57117474e-02 3.28564286e-01 1.97157562e-01
    3.83133113e-01 5.38172960e-01 8.53225052e-01 8.30406070e-01
    5.71489334e-01 7.52120495e-01 6.53624654e-01 5.30444682e-02
    3.87578577e-01 3.24194133e-02 3.15235853e-01 9.07750845e-01
    3.83213937e-01 7.07036495e-01 3.38484108e-01 1.33735180e-01
    5.04860282e-01 4.38490331e-01 4.72832382e-01 7.17791557e-01
    4.74123627e-01 5.85142910e-01 8.13302755e-01 7.84359574e-01
    7.32122958e-02 7.97594905e-01 9.89725828e-01 8.06384265e-01
    9.55067992e-01 7.27431595e-01 4.44743365e-01 9.18317795e-01
    9.30557609e-01 9.54471827e-01 2.10789055e-01 8.75776291e-01
    1.09069407e-01 3.34735572e-01 7.25660920e-02 4.31945324e-02
    1.99211329e-01 7.67487347e-01 4.94385213e-01 8.23145032e-01
    6.86381519e-01 5.62198222e-01 7.34665096e-02 9.18166339e-01
    1.66356862e-02 9.15049911e-02 5.03763676e-01 6.28260791e-01
    2.97504663e-01 3.22939873e-01 1.76600456e-01 5.93396127e-01
    7.30484128e-01 5.62685728e-01 9.95619893e-02 1.81318134e-01
    7.00859606e-01 5.00937581e-01 5.49174070e-01 3.17204535e-01
    3.10354054e-01 7.74061561e-01 5.61977029e-01 6.62526727e-01
    7.73224890e-01 1.54115021e-01 6.07430220e-01 9.77540851e-01
    9.48053718e-01 7.06029356e-01 5.56676269e-01 7.72064924e-01
    9.30705786e-01 1.73557997e-01 6.15225434e-01 6.34476781e-01
    1.12820059e-01 9.50741887e-01 7.02726066e-01 2.34163970e-01
    4.87138301e-01 5.39391577e-01 5.12162507e-01 8.00478458e-01
    8.41131687e-01 4.66872662e-01 9.50283468e-01 4.73999858e-01
    6.90500557e-01 7.87123084e-01 5.16435981e-01 5.73299170e-01
    2.56753564e-02 4.05786365e-01 6.53735876e-01 4.76187855e-01
    4.26801205e-01 2.35427141e-01 6.16093934e-01 3.09590399e-02
    6.04829490e-01 9.89494562e-01 1.23499334e-01 5.76598287e-01
    1.86506599e-01 1.05171442e-01 8.94956231e-01 3.34435225e-01
    3.27662528e-02 3.81163538e-01 6.73007607e-01 3.93903732e-01
    4.04705882e-01 9.14514780e-01 1.96342289e-01 4.22591805e-01
    3.33590508e-01 1.65054202e-03 9.53451633e-01 9.68296826e-01
    5.40903986e-01 1.06573999e-02 1.93162471e-01 7.69277036e-01
    9.23819602e-01 3.34156036e-01 5.48300028e-01 2.15684205e-01
    9.27969098e-01 3.73490334e-01 2.42659152e-02 9.18367982e-01
    4.97397870e-01 9.16202068e-01 3.01905751e-01 1.40550733e-02
    7.05434620e-01 9.27478194e-01 8.73397231e-01 8.67149413e-01
    1.32026732e-01 1.58633292e-01 1.60627067e-01 2.99333125e-01
    5.83777487e-01 5.13247490e-01 5.43813109e-01 9.39779282e-01
    5.11085689e-01 4.15003628e-01 8.16311955e-01 5.35469353e-01
    3.44661683e-01 9.70725060e-01 7.04639554e-01 2.02612162e-01
    7.60522723e-01 1.42620713e-01 4.99978870e-01 2.57019281e-01
    6.18771911e-01 5.44675946e-01 7.53694773e-03 4.88779753e-01
    2.02971190e-01 5.96112013e-02 6.26655519e-01 2.16436207e-01
    6.40130043e-01 5.79532027e-01 5.03770232e-01 5.52706182e-01
    5.34982026e-01 3.33049774e-01 4.72987235e-01 8.02397728e-01
    1.21569633e-02 3.93655211e-01 7.37686932e-01 3.96430850e-01
    1.19286209e-01 5.03377616e-01 8.90223384e-01 8.37287307e-01
    2.54243612e-01 8.10244262e-01 5.94376743e-01 9.72125530e-01
    6.11176252e-01 1.29233241e-01 7.12626100e-01 3.56108546e-01
    7.19470799e-01 1.65185630e-02 3.23449552e-01 4.15115744e-01
    2.27885306e-01 5.07112384e-01 8.85752559e-01 9.39177513e-01
    7.82005191e-01 3.16590548e-01 7.75013328e-01 4.48594689e-01
    8.04594159e-01 8.05543661e-01 9.84401584e-01 3.14786017e-01
    6.69696569e-01 2.90868580e-02 9.29244161e-01 3.19369882e-01
    9.74200666e-02 9.54744399e-01 3.94892246e-01 4.15582985e-01
    1.19744658e-01 5.20637274e-01 9.16610777e-01 8.78481388e-01
    9.80177045e-01 1.01643473e-01 1.99857831e-01 8.03874671e-01
    7.28799641e-01 1.13328934e-01 4.24516708e-01 7.14035392e-01
    1.04450524e-01 8.36423814e-01 1.38296872e-01 8.45744491e-01
    2.47623771e-01 7.14274645e-02 6.88506961e-01 3.90044868e-01
    6.20297790e-01 8.75939727e-02 3.62816572e-01 1.00415468e-01
    5.04245460e-01 2.70773113e-01 5.02350628e-02 8.57419848e-01
    7.16833770e-01 8.68703723e-02 5.92037737e-01 2.68711388e-01
    7.19847977e-01 8.98460746e-01 2.31883734e-01 2.39458770e-01
    2.12339550e-01 3.88844013e-02 9.19450760e-01 3.81590009e-01
    8.11927319e-01 1.91221476e-01 9.90402579e-01 8.58937919e-01
    4.87072974e-01 7.39919901e-01 8.14027190e-01 2.61971325e-01
    1.18105114e-02 8.76372516e-01 5.27564049e-01 4.47728336e-02
    1.27082825e-01 1.91869080e-01 1.58574611e-01 8.45912158e-01
    7.80725121e-01 7.83027411e-01 7.26309419e-02 5.67282557e-01
    7.36355662e-01 6.36984825e-01 7.95959592e-01 6.09967530e-01
    5.05062342e-02 8.97629857e-02 8.50834966e-01 3.84548217e-01
    1.99499041e-01 4.54132259e-02 1.98507994e-01 3.64148855e-01
    6.45895123e-01 9.61981654e-01 1.28427774e-01 1.64896905e-01
    3.96570504e-01 9.43204284e-01 6.70830250e-01 6.31357193e-01
    2.60284305e-01 5.10082543e-02 5.06324589e-01 4.51169133e-01
    8.23859751e-01 4.32025403e-01 2.55629420e-01 8.09426904e-01
    8.22754741e-01 8.26646209e-01 3.46127570e-01 5.15175641e-01
    6.93401814e-01 4.27413821e-01 5.72835684e-01 3.82103235e-01
    6.59398794e-01 3.93711001e-01 2.44707972e-01 2.58390427e-01
    7.00499892e-01 4.00836289e-01 3.87916833e-01 8.00407171e-01
    3.93508971e-02 7.62986302e-01 8.70965898e-01 1.41995668e-01
    9.16570961e-01 3.23836088e-01 3.84038985e-02 5.96074820e-01
    1.80974066e-01 7.31923342e-01 4.62490022e-02 8.43624115e-01
    2.50302076e-01 7.33877122e-02 4.94597405e-01 3.22251976e-01
    9.68786240e-01 4.70109195e-01 8.41370463e-01 8.09494555e-02
    7.75962472e-01 1.46143198e-01 6.85221016e-01 1.29858524e-01
    5.85818410e-01 3.18006307e-01 2.45685577e-01 6.08938098e-01
    5.21862626e-01 4.09618616e-01 6.48591697e-01 6.95043921e-01
    7.35154152e-01 7.23669469e-01 2.03624666e-02 9.78112638e-01
    9.89654303e-01 3.39332879e-01 3.63746077e-01 3.18015754e-01
    3.98192137e-01 2.54705936e-01 8.40849996e-01 5.15630841e-01
    2.82347590e-01 5.45811176e-01 9.87441659e-01 4.20752823e-01
    7.74327099e-01 9.05245662e-01 5.00471771e-01 5.36870360e-01
    8.09415460e-01 7.12749839e-01 8.30287516e-01 8.89760494e-01
    8.90068889e-01 9.89927530e-01 1.57328159e-01 6.44185185e-01
    5.66345751e-01 2.59389341e-01 8.95902872e-01 1.55363828e-01
    4.23177361e-01 8.25606227e-01 8.68332028e-01 2.71394193e-01
    8.38048518e-01 9.71262395e-01 6.46686614e-01 7.71604419e-01
    8.66600871e-01 5.05173981e-01 4.19237852e-01 3.25583041e-01
    4.27052289e-01 9.74556923e-01 4.76149976e-01 1.13073558e-01
    6.49151206e-01 1.27534866e-01 2.80897856e-01 4.63231921e-01
    8.38414013e-01 5.63127339e-01 3.42017323e-01 2.15868950e-01
    1.49910867e-01 6.49015307e-01 4.98963594e-02 2.38602519e-01
    6.73713326e-01 2.66527534e-01 4.49608266e-02 7.29166150e-01
    7.77867198e-01 5.40521085e-01 4.80897903e-01 2.50483990e-01
    1.83263123e-02 8.42409432e-01 3.44188571e-01 2.50823498e-02
    2.16715246e-01 3.70837241e-01 3.68927360e-01 6.65200949e-01
    4.19121444e-01 1.22248024e-01 8.08177233e-01 5.88720858e-01
    1.89791501e-01 4.51593727e-01 2.93963850e-02 5.61953783e-01
    6.77303255e-01 8.18517089e-01 7.31583416e-01 9.99325991e-01
    5.96301317e-01 3.45446765e-01 4.18424428e-01 6.51477635e-01
    9.66286182e-01 1.50473237e-01 7.72493720e-01 7.48006403e-02
    2.95669615e-01 1.65155232e-01 6.79338932e-01 5.85987508e-01
    5.15444219e-01 9.63747263e-01 7.06313312e-01 1.25428736e-02
    6.61764145e-01 9.87480044e-01 1.45545691e-01 7.74349928e-01
    6.83054149e-01 1.86302483e-01 4.95840818e-01 1.41569942e-01
    3.37162793e-01 9.52383399e-01 3.22433293e-01 8.99561405e-01
    1.50759637e-01 1.77774668e-01 6.99173152e-01 3.67576808e-01
    8.39115500e-01 3.48179787e-01 3.56276274e-01 9.75689530e-01
    3.12246382e-01 7.39132881e-01 4.79833305e-01 6.22968376e-02
    2.95330822e-01 7.65066743e-01 9.81849670e-01 6.22012794e-01
    6.65390193e-01 5.19048572e-02 5.87046742e-01 1.58101141e-01
    8.32648158e-01 9.24950600e-01 1.88372672e-01 6.36945188e-01
    5.17755866e-01 5.12503147e-01 2.07944393e-01 5.26457310e-01
    6.54927492e-01 6.51122510e-01 2.06165493e-01 4.06806856e-01
    5.26292205e-01 7.08564520e-02 6.27944171e-01 9.64856029e-01
    1.85610533e-01 7.47683644e-01 8.92392993e-02 7.07609355e-01
    6.01041377e-01 6.05903745e-01 1.88519627e-01 5.86960077e-01
    3.32187980e-01 7.08684742e-01 2.78182030e-01 3.63126397e-02
    6.33057714e-01 8.15334082e-01 5.75470746e-01 4.42636013e-03
    9.69584525e-01 9.07921791e-01 8.68887901e-02 8.33699524e-01
    8.18141818e-01 9.01143193e-01 7.88035333e-01 4.48331237e-02
    5.89159369e-01 2.61664271e-01 4.06847477e-01 4.14410949e-01
    8.05327594e-01 4.02093232e-01 6.51321411e-01 2.83332437e-01
    3.69723916e-01 9.35839534e-01 1.49882734e-01 4.78974789e-01
    2.03609079e-01 9.50069487e-01 4.38011289e-01 7.81647384e-01
    8.51665497e-01 9.66424584e-01 7.11296320e-01 7.65370250e-01
    2.79886901e-01 9.99678850e-01 2.53563911e-01 1.01424158e-02
    8.80161285e-01 1.15000695e-01 1.19501442e-01 3.91232729e-01
    1.31648660e-01 5.93738019e-01 9.50315118e-01 1.46948397e-02
    2.16095686e-01 2.36599386e-01 6.66298032e-01 3.16802979e-01
    6.10766411e-01 5.15210927e-02 8.14695001e-01 9.77782249e-01
    5.26531458e-01 5.99725246e-02 6.17558777e-01 2.75014728e-01
    2.56337553e-01 6.90029263e-01 8.59107852e-01 6.64648116e-01
    9.66056108e-01 3.81131828e-01 9.12090540e-01 1.29388601e-01
    7.19215155e-01 9.07141507e-01 5.96899748e-01 5.09402931e-01
    3.15456092e-02 5.76185524e-01 1.61737353e-01 8.12998295e-01
    5.79329431e-01 2.70764023e-01 1.19022101e-01 2.74194062e-01
    8.96466494e-01 8.85673761e-01 2.28577077e-01 2.72313774e-01
    3.28986347e-01 4.85841751e-01 5.43082535e-01 1.98009908e-02
    9.69869018e-01 2.56809682e-01 7.64577389e-01 6.55484498e-01
    9.94706273e-01 1.67285800e-02 6.63054883e-01 9.11371052e-01
    9.23282027e-01 2.95145690e-01 4.20494169e-01 6.83146358e-01
    1.63261563e-01 7.31480420e-01 1.68085515e-01 7.34164059e-01
    8.24620247e-01 2.02377319e-01 9.81528342e-01 3.56450438e-01
    5.45811594e-01 2.77059913e-01 4.36328113e-01 6.48317575e-01
    5.59074759e-01 4.01840538e-01 9.63816881e-01 9.24556375e-01
    4.39889431e-02 5.00069737e-01 2.71083951e-01 1.54002547e-01
    7.69461036e-01 3.91118765e-01 6.44058228e-01 3.17529142e-02
    7.54368603e-01 2.27102786e-01 9.73932326e-01 2.88340151e-02
    4.91659671e-01 4.49945509e-01 9.26855803e-02 9.62303519e-01
    5.04035175e-01 5.87858558e-01 9.15613294e-01 3.03505450e-01
    8.44560981e-01 5.58052659e-02 4.44387048e-01 5.69734931e-01
    9.17639613e-01 5.35256565e-01 5.52421629e-01 7.71283686e-01
    8.67109418e-01 7.71613359e-01 7.03614831e-01 2.76468039e-01
    3.53891969e-01 2.12960750e-01 5.07780671e-01 9.59598482e-01
    2.48063922e-01 4.39009547e-01 9.27640378e-01 3.82442921e-01
    9.22464430e-01 5.95558047e-01 5.12514412e-01 9.27311659e-01
    3.06009769e-01 4.66422319e-01 8.34409297e-01 7.26016879e-01
    8.76105070e-01 9.41922367e-02 9.02944207e-02 7.81338692e-01
    9.00488317e-01 2.84297228e-01 6.80441856e-01 4.42377508e-01
    8.73197079e-01 4.91031140e-01 1.53907388e-01 7.12369680e-01
    1.77431107e-03 6.52833700e-01 4.56773728e-01 6.52573347e-01
    6.05103731e-01 1.59851640e-01 9.21846330e-02 1.70248866e-01
    9.37810540e-01 2.11043537e-01 9.17506337e-01 3.88637751e-01
    2.94808507e-01 4.93328273e-02 9.70019102e-02 5.59679091e-01
    6.38803601e-01 8.33930433e-01 1.48351610e-01 3.88973475e-01
    7.91577220e-01 1.91392839e-01 8.34946394e-01 1.14862144e-01
    9.41203237e-01 7.36026168e-02 2.08445221e-01 9.65637445e-01
    6.42896295e-02 6.70596659e-02 4.44766760e-01 3.42429608e-01
    6.02279067e-01 2.82376885e-01 3.27008486e-01 1.30495161e-01
    6.06272697e-01 8.01975369e-01 4.92820442e-01 4.55800503e-01
    3.32308769e-01 8.68436337e-01 7.94891059e-01 8.39820504e-01
    3.18305016e-01 9.08706188e-01 9.91909504e-01 6.57534957e-01
    6.50303841e-01 2.06408948e-01 4.14718747e-01 7.90097952e-01
    2.22295523e-03 9.65595841e-01 6.43037498e-01 7.42789209e-01
    4.19399112e-01 9.97664452e-01 3.90644789e-01 8.81045163e-01
    8.21676016e-01 1.19597018e-02 5.09472311e-01 9.77992117e-01
    3.21518421e-01 4.06154007e-01 4.39928561e-01 9.61146235e-01
    4.69213426e-01 7.34346271e-01 9.51491117e-01 7.26799011e-01
    2.48378843e-01 6.44074678e-01 1.40122175e-01 3.78197730e-02
    1.02571070e-01 2.76265860e-01 4.84217703e-02 1.32949382e-01
    5.60116887e-01 3.90701056e-01 1.48068964e-02 6.84236526e-01
    9.14925694e-01 1.78156912e-01 7.24522412e-01 1.02978259e-01
    9.27738845e-02 7.55428672e-01 3.95508826e-01 5.41592777e-01
    5.05658865e-01 5.80447733e-01 3.27798605e-01 3.36968005e-02
    1.03922963e-01 2.00505286e-01 7.49476492e-01 4.50066745e-01
    8.78344297e-01 7.92073250e-01 5.95194757e-01 6.01203501e-01
    1.93045259e-01 2.14689970e-03 3.51170570e-01 6.79606199e-01
    9.06574726e-01 2.31609702e-01 9.54746306e-02 5.03130794e-01
    8.64739597e-01 4.99202967e-01 9.10369515e-01 6.83440328e-01
    1.56434625e-01 7.43193865e-01 8.48134518e-01 2.38238275e-01
    7.57789493e-01 7.06354260e-01 3.40057343e-01 8.14898133e-01
    6.10157251e-02 3.28564525e-01 1.05067164e-01 1.19033426e-01
    6.76101446e-02 5.87296367e-01 6.24114692e-01 3.39787096e-01
    3.67445379e-01 9.76571977e-01 6.57020271e-01 2.62384355e-01
    6.21303618e-02 7.65317678e-03 1.24411792e-01 4.18225050e-01
    1.69577271e-01 2.92092562e-04 8.71883631e-01 3.83721381e-01
    7.77598262e-01 9.67679620e-02 5.36193907e-01 4.70307112e-01
    1.99824184e-01 3.29808652e-01 6.19262040e-01 9.42107320e-01
    6.61485076e-01 6.64344370e-01 1.59203589e-01 9.11887050e-01
    9.79828000e-01 6.46551609e-01 2.87772954e-01 6.00631297e-01
    6.44995511e-01 7.30161905e-01 8.79914403e-01 5.30931473e-01
    9.77966845e-01 5.10571659e-01 3.49068940e-01 6.84764445e-01
    1.27507985e-01 7.98342526e-01 2.97225982e-01 6.27819300e-01
    5.73765337e-01 9.85236764e-01 9.27827954e-01 4.84343976e-01
    9.09852147e-01 4.59260643e-01 6.37638271e-01 1.75252974e-01
    5.34689069e-01 1.70314968e-01 7.17224121e-01 9.84160721e-01
    4.74440366e-01 1.92944586e-01 4.61787254e-01 6.10789239e-01
    5.71031570e-02 7.25652218e-01 5.94893098e-03 1.82743102e-01
    6.47097766e-01 6.23294592e-01 8.72925401e-01 7.78870165e-01
    7.63295531e-01 8.05271864e-01 1.70539379e-01 3.31014395e-04
    2.23745316e-01 5.69479346e-01 3.86744738e-03 7.78330564e-01
    1.07194930e-01 1.93200022e-01 2.77978927e-01 7.00049222e-01
    4.13379073e-03 2.37557113e-01 5.53392172e-01 4.77193624e-01
    5.16338944e-02 4.90880877e-01 4.77546632e-01 4.61042702e-01
    5.03375351e-01 9.30433869e-01 5.81411719e-01 2.23209530e-01
    2.28222221e-01 8.48858953e-01 5.80522954e-01 2.85479903e-01
    2.26105511e-01 7.46366501e-01 2.48466462e-01 8.26050043e-01
    7.94791698e-01 9.47051764e-01 9.28610921e-01 9.89489913e-01
    8.56418073e-01 5.87224483e-01 8.40015173e-01 8.21690321e-01
    7.89036870e-01 5.08990288e-01 8.95266175e-01 4.51542646e-01
    6.05563998e-01 1.21871382e-01 7.97819495e-01 7.43251145e-02
    2.29968518e-01 1.84860110e-01 6.59579456e-01 3.29699874e-01
    6.09990478e-01 6.22114599e-01 2.43689060e-01 5.83468020e-01
    3.78828853e-01 2.48630643e-01 9.81378675e-01 6.95515811e-01
    3.80670249e-01 8.93389285e-01 2.23119497e-01 5.23450851e-01
    1.70986146e-01 2.56391883e-01 6.14188373e-01 4.53631371e-01
    6.10072732e-01 9.80233192e-01 6.94236040e-01 8.39347959e-01
    9.29302931e-01 2.15979129e-01 5.68605721e-01 6.40371323e-01
    5.27432203e-01 8.34504366e-02 5.78895986e-01 7.70018876e-01
    7.46350765e-01 8.01873863e-01 1.08145267e-01 3.34442317e-01
    1.57396555e-01 4.06458050e-01 1.62963033e-01 9.27712619e-02
    3.13322574e-01 2.92258561e-02 4.24405813e-01 2.64931917e-01
    1.46381497e-01 1.42599910e-01 6.13437057e-01 7.06645966e-01
    1.62480891e-01 5.98813534e-01 7.70422101e-01 5.41383922e-01
    1.38282627e-01 6.24982476e-01 2.11703569e-01 4.36793804e-01
    1.24544501e-01 4.91556466e-01 9.66172695e-01 8.29420090e-01
    9.24804449e-01 2.98124254e-01 6.84468448e-02 1.51614964e-01
    4.75154817e-02 5.13676941e-01 8.35207224e-01 7.33403325e-01
    8.31107736e-01 1.36487514e-01 1.79507345e-01 5.57692647e-01
    2.08055347e-01 8.20033550e-01 3.85849416e-01 7.23159373e-01
    3.16945195e-01 7.56186485e-01 1.46956116e-01 2.01747984e-01
    3.79023343e-01 2.61220932e-02 5.32758296e-01 3.62038195e-01
    1.22082770e-01 2.57915556e-02 4.31853265e-01 8.54832053e-01
    9.50556874e-01 3.11362624e-01 5.05542934e-01 3.11956346e-01
    1.63577467e-01 2.55228251e-01 8.30568314e-01 1.25736922e-01
    7.88130999e-01 1.87410623e-01 3.63124907e-02 4.69777316e-01
    4.24096912e-01 3.60277414e-01 5.18406510e-01 5.26654780e-01
    4.50266272e-01 3.09250563e-01 2.93847442e-01 6.20158076e-01
    4.58190680e-01 8.38262141e-02 2.93662488e-01 4.75023031e-01
    4.39277351e-01 8.50822568e-01 2.46585518e-01 3.18659097e-01
    5.03763556e-02 9.42276359e-01 4.42979038e-02 1.29009217e-01
    6.89727426e-01 2.85374522e-01 2.03697115e-01 7.48079956e-01
    4.94099468e-01 6.64318621e-01 8.18894148e-01 7.01275289e-01
    6.76539540e-02 9.28909063e-01 1.88213587e-02 8.33925843e-01
    3.63769740e-01 6.71876967e-02 8.32907438e-01 4.41990793e-02
    3.96765172e-02 3.33550513e-01 8.21177244e-01 5.54974139e-01
    7.89116144e-01 2.27170527e-01 9.24143493e-01 8.99507999e-01
    6.06985748e-01 4.02312547e-01 9.45418000e-01 5.77434778e-01
    7.19548702e-01 1.21374846e-01 1.73280507e-01 8.63888800e-01
    6.53407097e-01 6.48235261e-01 8.88355136e-01 2.26724207e-01
    2.28939235e-01 1.72609657e-01 3.86281222e-01 7.48387516e-01
    9.74611044e-02 3.02366912e-01 6.67185962e-01 3.12481999e-01
    8.89959931e-01 4.51537251e-01 4.66717720e-01 2.85435379e-01
    7.33549118e-01 2.96860933e-03 1.76341057e-01 9.79751348e-03
    5.84898412e-01 5.28635085e-02 3.49993974e-01 4.60996836e-01
    2.13060886e-01 6.16264582e-01 1.75501198e-01 5.73328018e-01
    5.04250228e-01 6.87840104e-01 4.27041471e-01 4.14489597e-01
    8.12875867e-01 8.47479463e-01 4.93296802e-01 2.97582805e-01
    4.69062865e-01 5.49216628e-01 2.55934238e-01 2.34096110e-01
    9.12024617e-01 4.02247638e-01 2.35349953e-01 3.99430275e-01
    2.76157975e-01 4.88356650e-02 9.26356673e-01 8.84357750e-01
    3.54560137e-01 2.70412326e-01 4.55718219e-01 2.65693754e-01
    4.22141910e-01 5.37787139e-01 1.77060664e-01 9.21738863e-01
    9.96310771e-01 8.55164289e-01 3.44506681e-01 3.54409218e-01
    1.14630908e-01 4.38177705e-01 2.54290938e-01 3.84957492e-01
    9.22319174e-01 4.24952775e-01 1.87771320e-01 4.30981994e-01
    1.01223439e-01 4.00310755e-02 6.90948367e-01 4.72996354e-01
    7.29522228e-01 9.61717248e-01 7.34835863e-02 2.14728713e-03
    9.05895233e-01 4.27149087e-01 1.31617516e-01 4.07721579e-01
    5.95492244e-01 8.61106217e-02 6.81833148e-01 7.23513782e-01
    8.30140412e-01 6.28777385e-01 8.47166300e-01 5.42348981e-01
    1.22808665e-01 9.30267572e-01 5.44592381e-01 1.68104887e-01
    4.18893695e-01 7.20655143e-01 8.68284523e-01 7.13934898e-02
    9.71841395e-01 9.85807538e-01 3.15768242e-01 7.70264983e-01
    9.11326408e-01 5.73129356e-01 2.23653346e-01 2.50830054e-01
    3.33022594e-01 1.98059410e-01 5.93367994e-01 4.21601534e-03
    4.93177801e-01 2.59675413e-01 3.55731845e-01 8.41477454e-01
    2.12309629e-01 5.24341464e-02 7.28372335e-01 6.08805299e-01
    9.02108550e-01 6.69473708e-02 6.77941799e-01 1.10864490e-01
    5.92765212e-01 4.27205563e-02 6.60121560e-01 7.33069420e-01
    5.17738044e-01 9.38564241e-01 6.06326580e-01 8.86881948e-02
    5.78409374e-01 5.38130343e-01 5.03697991e-03 7.65380919e-01
    6.73373818e-01 9.92168069e-01 2.98745662e-01 4.19549763e-01
    6.60497069e-01 3.46223831e-01 2.35410541e-01 7.03108251e-01
    7.58243144e-01 5.55409491e-01 3.53220552e-01 2.86737084e-03
    3.11060488e-01 7.19240963e-01 4.81965929e-01 2.55844772e-01
    1.22154921e-01 2.85232008e-01 5.37654161e-01 6.06666625e-01
    5.26509643e-01 1.95137560e-01 2.44116515e-01 7.15686321e-01
    1.18141979e-01 9.02487516e-01 8.03619862e-01 2.88590789e-01
    9.85930681e-01 7.21211553e-01 5.07013500e-01 1.00304663e-01
    2.52923906e-01 5.39577305e-01 6.10135794e-01 3.32458556e-01
    7.05623209e-01 2.95626760e-01 8.71370912e-01 3.43559653e-01
    2.07103938e-01 4.65049863e-01 1.73900366e-01 7.41536319e-02
    9.33012843e-01 5.98765254e-01 2.60425538e-01 2.03227490e-01
    1.45850390e-01 4.66270149e-01 4.81720150e-01 4.03797299e-01
    6.34037971e-01 7.98439145e-01 4.01000649e-01 3.14817846e-01
    8.39154243e-01 1.51401609e-01 2.51980633e-01 6.94111466e-01
    9.11314726e-01 6.05315089e-01 2.09521949e-02 9.70373333e-01
    2.75163174e-01 9.26861048e-01 7.87290096e-01 4.74188417e-01
    6.78003848e-01 4.16628182e-01 9.69006896e-01 1.21797621e-02
    3.54966938e-01 5.66630960e-02 9.55869853e-01 3.00565571e-01
    9.60356653e-01 7.03424633e-01 4.14617717e-01 4.29563135e-01
    2.98963815e-01 3.49752724e-01 2.40084529e-03 9.09951210e-01
    7.79236197e-01 4.03866351e-01 5.29967606e-01 3.76631528e-01
    5.74119091e-01 8.85457039e-01 4.09683466e-01 6.38308823e-01
    1.68249905e-02 3.64241004e-01 6.00770235e-01 2.46378422e-01
    4.07327116e-01 3.31660450e-01 6.20878220e-01 9.94155049e-01
    9.17792320e-01 7.62985826e-01 3.17339003e-01 7.51101077e-01
    6.77996457e-01 9.53860044e-01 1.40970945e-03 7.47855902e-02
    9.97399449e-01 9.30238962e-01 8.75425100e-01 6.90177977e-02
    6.10920608e-01 3.95569801e-01 3.37947696e-01 5.58978319e-02
    2.42033362e-01 6.08070254e-01 7.27131367e-01 9.50986266e-01
    2.25501955e-02 5.64436674e-01 7.52388716e-01 4.76124793e-01
    6.76875770e-01 1.85682893e-01 1.81984335e-01 5.08677304e-01
    2.27107018e-01 6.79027379e-01 8.69146943e-01 9.61728096e-01
    9.74830806e-01 6.82895243e-01 7.80012071e-01 4.98457551e-01
    3.75707746e-02 3.21903408e-01 1.40752524e-01 8.79383743e-01
    6.56827629e-01 3.01897109e-01 8.91433537e-01 1.28261864e-01
    2.80402541e-01 4.13094014e-01 4.29696560e-01 6.52719200e-01
    4.35718596e-02 3.46833050e-01 7.11690307e-01 7.08897710e-01
    2.78838307e-01 7.70160854e-02 9.54434633e-01 6.01044118e-01
    3.86496842e-01 7.53681719e-01 5.34199715e-01 9.58359778e-01
    3.35296571e-01 6.24620795e-01 1.46460563e-01 2.74498224e-01
    3.90650749e-01 3.35287035e-01 6.29648566e-02 5.51881433e-01
    3.58998656e-01 2.81779230e-01 6.61598802e-01 6.12798333e-02
    4.68926579e-01 6.86789751e-01 3.96894783e-01 1.20152026e-01
    9.18626785e-04 4.30705130e-01 1.57019198e-01 4.58523095e-01
    5.86838663e-01 7.07891405e-01 1.75566703e-01 9.03172612e-01
    1.57219112e-01 2.32993275e-01 8.68138075e-01 5.05642653e-01
    2.12771505e-01 6.59914494e-01 4.44437474e-01 8.09712529e-01
    2.26015091e-01 3.96395683e-01 9.28519845e-01 3.58051121e-01
    3.80016536e-01 3.83304477e-01 2.76944250e-01 3.45059961e-01
    9.59493518e-02 2.67886490e-01 5.71086764e-01 1.53235793e-01
    9.90557492e-01 4.08643007e-01 8.81715775e-01 3.32573056e-03
    7.53659368e-01 9.87902284e-02 5.88718355e-01 4.36256707e-01
    9.88681436e-01 3.15447628e-01 8.76355767e-02 9.56030071e-01
    4.37171578e-01 8.63778353e-01 2.16432214e-01 3.39769304e-01
    3.24113071e-02 9.58660364e-01 3.05897176e-01 9.83687997e-01
    8.95955980e-01 6.28506660e-01 6.22343183e-01 7.95071304e-01
    7.21990943e-01 7.94495344e-01 8.15485537e-01 7.09867001e-01
    7.47749865e-01 8.67766142e-01 2.23702878e-01 9.03262854e-01
    2.12577581e-02 7.86518574e-01 9.64059949e-01 4.81540024e-01
    6.24972701e-01 3.00745219e-01 4.33148742e-02 1.22927666e-01
    3.32585275e-02 6.91902518e-01 3.67653936e-01 6.56850338e-01
    9.00893688e-01 1.21614397e-01 1.41717792e-01 6.75198555e-01
    8.69321108e-01 3.39930832e-01 6.14421666e-01 2.96416759e-01
    8.72931242e-01 2.41985321e-01 3.45566392e-01 7.16512918e-01
    7.59260297e-01 8.82583261e-01 6.20605826e-01 8.87525439e-01
    2.93201029e-01 3.88919950e-01 9.15891290e-01 9.43492532e-01
    8.08027506e-01 7.06920087e-01 8.12537193e-01 7.86062598e-01
    8.85161161e-01 7.77369618e-01 4.70883727e-01 3.71798456e-01
    2.20538110e-01 9.22809541e-01 4.64318722e-01 6.21614933e-01
    4.01717991e-01 4.03562516e-01 5.41989088e-01 9.90302682e-01
    9.67558503e-01 4.66311723e-01 3.15451443e-01 7.33301759e-01
    6.22880101e-01 1.71481967e-01 8.63395929e-02 6.26837313e-01
    9.85931396e-01 8.99343491e-01 2.79199421e-01 4.38283384e-01
    5.98509789e-01 2.12014318e-01 5.12261271e-01 5.22181690e-01
    6.86691165e-01 6.66797459e-02 6.91799164e-01 1.72847241e-01
    4.85023797e-01 6.92421377e-01 6.01313055e-01 2.95742631e-01
    3.56536150e-01 8.74165654e-01 1.47652626e-02 5.04487336e-01
    9.08771574e-01 1.61166459e-01 5.44863999e-01 3.00024450e-02
    1.77228689e-01 9.14259076e-01 8.66237462e-01 5.42455912e-01
    6.48107409e-01 9.99218702e-01 3.07599634e-01 4.20893073e-01
    3.05598885e-01 1.96568668e-02 3.65215212e-01 1.56923205e-01
    7.18066752e-01 7.25974679e-01 4.29354668e-01 4.81391668e-01
    4.24690545e-01 3.62917781e-01 1.35085016e-01 5.20076096e-01
    3.66668791e-01 3.78174484e-01 7.20048249e-02 2.68888265e-01
    1.36049867e-01 6.55414999e-01 5.58694065e-01 4.09378231e-01
    6.10958040e-01 4.64472115e-01 3.77170146e-01 6.89387977e-01
    4.45353121e-01 3.03521335e-01 7.97888577e-01 4.36609507e-01
    9.70871449e-02 9.80714619e-01 7.18140304e-02 6.94312036e-01
    4.12507743e-01 4.19575155e-01 6.76492333e-01 1.65631592e-01
    1.79396152e-01 2.56266326e-01 4.36826617e-01 4.13058221e-01
    5.02260864e-01 8.04855108e-01 6.65489614e-01 7.19486296e-01
    6.03641331e-01 4.77820158e-01 2.54872948e-01 1.01525992e-01
    4.06564087e-01 8.09998751e-01 5.23450375e-01 5.77556551e-01
    4.72136647e-01 9.26609039e-01 7.75580108e-02 8.97789836e-01
    8.69037211e-01 8.77545536e-01 7.09758162e-01 7.74114132e-01
    6.46372437e-01 6.69300556e-01 5.97683132e-01 6.71965957e-01
    7.05079317e-01 2.88098812e-01 7.95590043e-01 3.62451077e-01
    5.06273031e-01 8.47429991e-01 1.96660817e-01 7.10559487e-01
    4.27817643e-01 5.37078619e-01 8.68041992e-01 2.27039754e-02
    9.28373337e-02 1.93174034e-01 2.78675914e-01 1.60212070e-01
    5.85959136e-01 8.49913955e-01 1.91845298e-02 9.27853584e-01
    6.88578129e-01 4.08627212e-01 3.06675851e-01 5.25650680e-01
    7.00682402e-01 5.55867851e-01 4.91533279e-02 5.04767656e-01
    6.99483633e-01 8.51276875e-01 8.30852687e-02 5.17817318e-01
    4.48240936e-02 9.67053771e-01 3.71026903e-01 7.31947839e-01
    2.58025527e-02 7.97882378e-01 1.74122006e-01 3.89854521e-01
    6.05840385e-02 9.42256451e-01 8.98560226e-01 9.75461960e-01
    3.92167091e-01 5.50800562e-02 6.98897541e-01 5.64828694e-01
    4.81489927e-01 5.80099165e-01 5.79725385e-01 5.24653554e-01
    2.64505535e-01 6.66353762e-01 7.93273985e-01 3.64055812e-01
    3.14950109e-01 2.70366549e-01 9.21579480e-01 2.02423334e-01
    7.99954772e-01 1.73720092e-01 5.19032180e-01 1.84535056e-01
    3.53661388e-01 3.83795708e-01 1.29978180e-01 3.92109156e-01
    8.03431630e-01 6.45873189e-01 5.73497713e-01 9.86572027e-01
    7.70013452e-01 8.22276652e-01 9.27350342e-01 2.10498393e-01
    3.71572316e-01 1.02557927e-01 4.56590474e-01 7.37029672e-01
    1.16830558e-01 3.91264200e-01 1.07410967e-01 2.01489419e-01
    7.89185166e-02 4.18594927e-01 2.12116629e-01 8.05293202e-01
    8.22384179e-01 9.74031389e-01 9.12227154e-01 1.52346879e-01
    5.12622535e-01 5.03520310e-01 7.95007229e-01 8.87673199e-01
    3.68551850e-01 6.50778592e-01 5.83589435e-01 3.23932111e-01
    6.66336417e-01 9.66767669e-02 8.06018353e-01 7.11736321e-01
    3.36162120e-01 2.85145491e-01 4.39424098e-01 8.84249508e-02
    3.24137807e-01 6.70905113e-01 1.11720204e-01 4.78052378e-01
    8.41140866e-01 3.46608698e-01 9.85206544e-01 9.55845892e-01
    5.68021834e-02 2.02942044e-01 4.84148562e-02 7.64296889e-01
    5.22582829e-01 6.12005532e-01 5.60632586e-01 9.53724027e-01
    5.81678748e-03 4.92645413e-01 9.84777153e-01 1.88410282e-02
    7.48487115e-01 9.67058539e-02 5.33872426e-01 7.51356900e-01
    2.76044518e-01 5.90862870e-01 3.34627867e-01 6.92300916e-01
    5.59306741e-01 6.37902915e-02 4.53945994e-01 6.93759143e-01
    9.98065889e-01 7.90283203e-01 3.35451245e-01 1.20323688e-01
    3.76749068e-01 7.25083113e-01 4.54239786e-01 5.31173348e-02
    9.80815530e-01 1.30717158e-02 6.81216955e-01 4.86583889e-01
    2.09092289e-01 4.87424165e-01 6.34152710e-01 5.78323364e-01
    1.66786790e-01 5.23040771e-01 5.94859958e-01 2.71345854e-01
    4.03840363e-01 4.76036459e-01 3.29092622e-01 4.97496188e-01
    6.47364259e-01 1.52016550e-01 3.02270919e-01 9.22008514e-01
    9.78432655e-01 7.41587460e-01 5.33977628e-01 9.76851583e-01
    7.24410772e-01 4.12873358e-01 7.12534547e-01 3.69828999e-01
    7.30723143e-04 4.33279544e-01 1.31823331e-01 9.99270380e-01
    2.72483170e-01 2.25900114e-01 7.60262907e-01 7.97929525e-01
    9.80792284e-01 9.29133177e-01 4.19130206e-01 8.36683273e-01
    7.56396532e-01 1.20675296e-01 1.65047824e-01 9.91716385e-01
    2.39393115e-01 4.55222309e-01 4.04557735e-01 5.81448019e-01
    9.60260332e-01 8.75790834e-01 1.61943585e-01 6.97585940e-01
    5.79424560e-01 9.34424996e-02 6.35974228e-01 8.20338249e-01
    6.81867063e-01 5.08553982e-02 7.18889713e-01 8.17022920e-01
    3.51034224e-01 8.59462380e-01 6.03061497e-01 8.81495893e-01
    1.41865671e-01 3.25645626e-01 4.15171504e-01 5.61632812e-01
    1.81174427e-01 5.97991109e-01 3.10628414e-02 9.73020196e-01
    7.38597870e-01 6.76982880e-01 8.70188594e-01 8.58532667e-01
    3.92866105e-01 8.49395752e-01 3.98628891e-01 7.30654597e-01
    7.09723532e-01 1.97145283e-01 7.75741756e-01 7.37017155e-01
    6.69533014e-01 2.50095487e-01 4.35214221e-01 1.65006816e-02
    5.55667281e-01 7.09119022e-01 4.53828871e-01 5.95425904e-01
    6.33335769e-01 6.79503381e-02 1.09671772e-01 3.94254684e-01
    8.76933575e-01 4.52559292e-01 5.90682507e-01 3.45353723e-01
    5.37562191e-01 3.08344781e-01 3.77754211e-01 8.79617691e-01
    8.53268623e-01 8.57913196e-01 3.19537461e-01 8.66783679e-01
    9.88039136e-01 7.51129866e-01 4.27156985e-02 5.43037355e-01
    8.71239901e-01 6.86215639e-01 1.31207317e-01 9.73340750e-01
    7.31769800e-01 5.89883685e-01 3.19878161e-02 8.77067566e-01
    6.56661212e-01 3.22367579e-01 5.69089413e-01 2.36863852e-01
    7.52968192e-01 1.57298476e-01 5.30419767e-01 1.38940215e-02
    2.62471318e-01 9.98956800e-01 2.33972520e-01 4.06166017e-02
    7.62141347e-02 1.11097962e-01 5.96088171e-02 6.04418695e-01
    1.59788609e-01 4.59244639e-01 3.67121875e-01 1.26945436e-01
    7.75009513e-01 1.74376726e-01 1.42100185e-01 6.59982622e-01
    1.46120250e-01 1.23042345e-01 3.83774340e-02 8.58433008e-01
    8.59947085e-01 9.84076679e-01 6.72203541e-01 6.71776891e-01
    8.32557678e-03 9.45884109e-01 7.98657119e-01 7.68801928e-01
    3.92876178e-01 9.34818387e-02 2.98979670e-01 4.62810785e-01
    1.31850362e-01 8.01952004e-01 1.25703484e-01 3.08905005e-01
    3.99809271e-01 4.58230376e-02 3.15504611e-01 3.08972001e-01
    6.46243155e-01 6.78547919e-01 2.06128478e-01 9.72877860e-01
    7.79784560e-01 7.64354706e-01 6.52219832e-01 8.10554385e-01
    4.01914120e-04 3.67076397e-02 9.08021748e-01 3.23606253e-01
    5.37909210e-01 8.10414791e-01 4.83246863e-01 5.29065788e-01
    2.20752925e-01 8.66903722e-01 9.93274808e-01 4.66997266e-01
    6.54767632e-01 6.67088926e-02 7.27815032e-02 3.53751332e-01
    7.59906292e-01 3.82936597e-01 6.98688209e-01 6.00282729e-01
    8.05359185e-01 4.79189813e-01 3.47364247e-01 1.52968466e-01
    4.78651911e-01 7.18520105e-01 1.91730559e-02 1.99051857e-01
    5.19368708e-01 3.97382557e-01 7.78799713e-01 2.54241228e-02
    4.95221674e-01 6.87485099e-01 9.85935807e-01 6.73262835e-01
    8.34489763e-01 7.97618210e-01 7.54138827e-01 9.95049953e-01
    4.35569584e-02 2.62080252e-01 2.15654194e-01 4.12141383e-02
    3.57466280e-01 7.15489328e-01 9.86497879e-01 4.33553189e-01
    7.51289964e-01 1.79619640e-01 3.39473307e-01 1.47521377e-01
    8.67834449e-01 1.21057957e-01 5.01314044e-01 7.71051824e-01
    8.98087323e-02 2.22978473e-01 5.17178714e-01 8.56348753e-01
    9.53328729e-01 1.78445697e-01 9.21963274e-01 7.15543985e-01
    5.28424382e-01 5.14732659e-01 3.18038464e-03 7.65161395e-01
    1.94053650e-01 9.29309845e-01 7.33022213e-01 9.81808424e-01
    7.28819788e-01 4.92496043e-01 9.76528704e-01 4.71320510e-01
    2.54377306e-01 9.56433773e-01 9.58407044e-01 7.87979603e-01
    7.42441118e-02 5.13298035e-01 5.01910150e-01 7.21893311e-01
    8.72711778e-01 2.10679382e-01 2.63919950e-01 6.15483642e-01
    9.20185328e-01 3.94716233e-01 9.61007416e-01 5.35606742e-02
    9.17048454e-01 2.57040679e-01 4.57148939e-01 5.79302371e-01
    6.96736336e-01 3.49743873e-01 8.32105458e-01 4.58264738e-01
    6.95595503e-01 5.86123228e-01 4.48847592e-01 2.98808277e-01
    9.72752333e-01 8.34886849e-01 8.77256513e-01 4.33837354e-01
    1.04036421e-01 6.00417972e-01 5.62529922e-01 3.48775685e-02
    5.21471202e-02 9.12438750e-01 7.07580328e-01 1.17185801e-01
    9.37558830e-01 1.10112727e-02 8.20469141e-01 3.90372843e-01
    3.14385653e-01 3.24775279e-01 2.06832975e-01 8.62937450e-01
    3.31303477e-01 2.49400914e-01 7.03319609e-01 8.31834376e-02
    6.33293927e-01 4.79320824e-01 9.91598308e-01 4.02772427e-01
    2.89205134e-01 3.31168890e-01 2.38303512e-01 6.23508036e-01
    1.21615112e-01 7.23528445e-01 1.99712545e-01 5.66994309e-01
    2.27989435e-01 4.02632117e-01 2.32388228e-01 7.30008960e-01
    6.75223887e-01 6.41625047e-01 5.45707345e-01 4.09422517e-02
    7.74565101e-01 4.05263454e-01 8.97980988e-01 1.63542926e-02
    6.72640264e-01 5.37931442e-01 3.85735989e-01 2.85628825e-01
    8.31642628e-01 4.42704558e-01 9.91662025e-01 2.40197182e-02
    2.10801721e-01 6.49453938e-01 7.15742648e-01 5.30183911e-01
    7.25349367e-01 8.07829499e-01 9.85307217e-01 1.83928370e-01
    1.04426295e-01 8.52647901e-01 1.24787897e-01 6.26970947e-01
    5.76840818e-01 3.61703634e-01 9.61139798e-01 9.23230529e-01
    8.92566442e-01 6.25260711e-01 4.85239863e-01 1.82993680e-01
    1.64283365e-01 8.98226202e-02 7.82787085e-01 3.37315083e-01
    4.47801441e-01 9.48429465e-01 6.45139396e-01 1.77488953e-01
    1.91324532e-01 7.85655499e-01 4.76623684e-01 9.21107411e-01
    8.24008644e-01 1.60672247e-01 8.40331316e-02 2.02400267e-01
    9.82953072e-01 3.09549451e-01 7.90234983e-01 3.88321519e-01
    1.10234827e-01 8.57318759e-01 4.78275269e-01 7.85759568e-01
    7.04843700e-02 6.00564837e-01 9.90688443e-01 1.00410163e-01
    6.20684028e-01 9.86086488e-01 7.97437191e-01 4.53259051e-02
    3.57277989e-02 8.46091688e-01 3.87190938e-01 5.92066228e-01
    4.00971562e-01 8.90462458e-01 8.49883199e-01 1.27680659e-01
    9.04650927e-01 8.51103067e-01 6.87913895e-01 8.99987698e-01
    5.25300920e-01 4.53220308e-01 6.12064302e-01 5.71301639e-01
    2.85926402e-01 6.62571490e-01 6.70178652e-01 7.78652370e-01
    8.18809986e-01 1.03086144e-01 9.52847242e-01 7.49319196e-01
    6.58603787e-01 9.82120574e-01 9.70854282e-01 5.24037302e-01
    4.17789370e-01 8.16093385e-02 7.81485796e-01 8.89606595e-01
    6.12895966e-01 3.65418494e-02 5.76774836e-01 4.79145080e-01
    8.74215901e-01 3.19557488e-01 6.52566552e-01 2.43741006e-01
    8.85250568e-01 4.12651002e-01 9.64862227e-01 5.46724558e-01
    1.30821735e-01 3.85043532e-01 3.86608541e-02 8.04378688e-02
    8.02801013e-01 4.40167993e-01 4.89070386e-01 4.00561333e-01
    5.88840425e-01 4.29515928e-01 3.64109546e-01 9.98391390e-01
    1.56144023e-01 1.51419252e-01 3.01343203e-02 4.83165979e-02
    5.70681691e-01 6.40924156e-01 3.08436632e-01 9.43719208e-01
    8.57983232e-01 7.67043352e-01 2.34615237e-01 3.77350539e-01
    6.91507936e-01 4.06371564e-01 6.47020817e-01 5.77151597e-01
    2.41358101e-01 3.31323713e-01 4.16414440e-02 4.28504258e-01
    9.92128253e-01 5.33364594e-01 4.20363665e-01 8.45702291e-02
    8.04274321e-01 2.32260495e-01 7.43640423e-01 2.18329519e-01
    1.34630740e-01 1.98051184e-01 6.55457795e-01 6.40110195e-01
    8.57636511e-01 5.78499377e-01 4.69451755e-01 7.72977769e-02
    5.33661067e-01 8.73844326e-02 8.84110451e-01 1.07526302e-01
    3.12499225e-01 5.71305037e-01 8.06367397e-02 7.86395550e-01
    6.64166152e-01 9.73768890e-01 5.80410242e-01 1.58004731e-01
    7.20191777e-01 9.15318012e-01 2.84692705e-01 5.22822320e-01
    5.41157961e-01 1.96803510e-01 2.71367401e-01 4.11730707e-02
    4.50280607e-01 3.57182205e-01 9.37386692e-01 8.56434047e-01
    4.69117761e-02 9.64855313e-01 3.23145688e-01 3.18497539e-01
    7.48427093e-01 1.70885980e-01 1.16838813e-02 5.61262965e-02
    2.66694516e-01 2.01569289e-01 8.42336416e-01 7.54228294e-01
    3.02463233e-01 2.81607926e-01 8.97250772e-01 5.20289183e-01
    3.83688658e-01 1.07180446e-01 1.89595968e-01 2.63637960e-01
    4.78771687e-01 5.38763881e-01 8.52348089e-01 1.52890474e-01
    1.87889069e-01 3.41719806e-01 1.42449290e-01 5.58016717e-01
    2.19959438e-01 8.34894776e-01 5.95531762e-01 6.91387594e-01
    4.59920973e-01 4.24555182e-01 8.48854542e-01 3.28347355e-01
    9.31665540e-01 4.05004025e-02 6.53889060e-01 1.63898885e-01
    6.84636235e-02 4.79322106e-01 8.59563470e-01 9.70318556e-01
    2.93145776e-01 8.46550345e-01 1.71011209e-01 5.36849201e-01
    7.70529985e-01 2.23661304e-01 8.01679492e-01 9.77121592e-01
    3.67967844e-01 7.01388478e-01 8.94782782e-01 8.06104779e-01
    3.87068391e-01 5.09766042e-01 8.34371746e-02 2.86627412e-01
    8.78479481e-01 9.27097917e-01 2.95909673e-01 6.74885750e-01
    7.36723900e-01 2.34166473e-01 3.72421384e-01 6.50592923e-01
    1.45790368e-01 1.66875213e-01 6.07270122e-01 3.50941539e-01
    5.72444856e-01 6.42388105e-01 5.25076449e-01 1.46410286e-01
    8.97216797e-01 2.54355013e-01 4.28725541e-01 6.72763824e-01
    8.87127757e-01 2.97169417e-01 6.45954609e-01 1.94493979e-01
    6.61621988e-01 4.47051436e-01 4.65925992e-01 8.30847979e-01
    7.00882554e-01 9.43234563e-01 5.95164478e-01 8.09711337e-01
    9.96787071e-01 8.71285677e-01 6.78511381e-01 4.93769169e-01
    4.33371186e-01 5.15214026e-01 1.44085467e-01 8.80261540e-01
    4.39220756e-01 9.90124285e-01 6.69114351e-01 9.25914884e-01
    1.42988116e-01 4.44467723e-01 5.44001341e-01 9.30028796e-01
    2.12599039e-02 7.57871211e-01 5.65339744e-01 4.94157076e-02
    8.65357876e-01 2.22611517e-01 9.73120332e-03 5.64922571e-01
    8.82531404e-01 2.31151402e-01 1.76341176e-01 9.38259721e-01
    1.13421232e-01 2.85518408e-01 5.17316699e-01 2.02816725e-03
    6.48509145e-01 9.08001602e-01 6.18742764e-01 8.85136724e-01
    7.60630727e-01 7.40559459e-01 7.27838159e-01 4.51029360e-01
    1.33810163e-01 7.97549009e-01 4.55233723e-01 7.56506264e-01
    4.38770175e-01 6.44797444e-01 5.11057973e-02 2.05184013e-01
    3.14612985e-02 4.98864293e-01 6.65817201e-01 5.03253758e-01
    8.34515154e-01 2.03989238e-01 2.46772170e-01 7.00300455e-01
    2.95693696e-01 4.10443187e-01 9.18840528e-01 3.37626457e-01
    2.16820687e-01 1.10393047e-01 8.67545784e-01 5.10243773e-01
    4.96176630e-01 1.58584982e-01 6.15941405e-01 2.72766382e-01
    7.72467375e-01 9.35695648e-01 6.69292092e-01 7.15000391e-01
    3.99994165e-01 1.77115053e-01 2.73408353e-01 9.62902784e-01
    9.51540112e-01 9.69583750e-01 7.29956627e-01 3.23374182e-01
    1.93501621e-01 5.80720007e-01 2.96559334e-01 7.14981675e-01
    4.68279213e-01 3.24084818e-01 3.74018967e-01 5.66241503e-01
    4.51793969e-01 1.62096858e-01 6.39205873e-01 8.67415428e-01
    1.19308800e-01 3.47471952e-01 9.81893659e-01 4.10451591e-02
    8.37594867e-01 7.90845156e-02 4.93469119e-01 7.75897205e-02
    7.48698831e-01 9.79626000e-01 5.67054391e-01 8.14356685e-01
    8.84876430e-01 2.98711419e-01 2.49486536e-01 3.56248438e-01
    4.30162549e-01 3.11987162e-01 5.26206434e-01 1.30271554e-01
    5.14395833e-01 6.73966050e-01 5.61390221e-01 4.07374561e-01
    6.39169633e-01 8.03708315e-01 1.82199150e-01 3.54486316e-01
    7.49069691e-01 3.65051299e-01 6.78713143e-01 1.73286915e-01
    8.70469213e-01 7.64499187e-01 2.07141399e-01 9.15586829e-01
    1.84751838e-01 3.38034809e-01 2.70544529e-01 9.29000497e-01
    4.39269215e-01 9.86303091e-02 2.62552559e-01 1.70348316e-01
    4.12266374e-01 4.46479768e-01 1.13116026e-01 8.85500431e-01
    6.76422417e-02 7.24388957e-01 8.80836189e-01 4.64257747e-01
    1.89516068e-01 2.65520513e-02 2.05150902e-01 8.27153802e-01
    8.04692388e-01 1.76505446e-02 5.54210782e-01 6.88854933e-01
    5.91987133e-01 9.70964134e-01 5.12621462e-01 9.01023746e-01
    3.19694102e-01 7.05955982e-01 9.97556984e-01 5.98827779e-01
    9.69108343e-01 5.84902763e-01 4.55301762e-01 8.29310596e-01
    6.34972095e-01 6.14195168e-01 8.67352188e-01 3.84850740e-01
    9.35857475e-01 1.18273258e-01 4.05363709e-01 3.59444916e-02
    7.57425189e-01 5.69921076e-01 8.86519432e-01 7.43473113e-01
    4.34630632e-01 1.34148180e-01 1.00823939e-01 9.67253089e-01
    4.80910331e-01 5.32859027e-01 3.42956245e-01 5.83746731e-01
    8.21669817e-01 3.67091954e-01 1.80702358e-01 4.37907279e-01
    3.29642028e-01 1.84592038e-01 3.04313242e-01 1.04809016e-01
    9.90953207e-01 6.35680020e-01 3.30192298e-01 5.97866178e-01
    1.63940489e-01 8.53338540e-02 8.98054361e-01 6.88855290e-01
    4.71613526e-01 7.79473543e-01 3.94016474e-01 4.15521860e-03
    7.65762627e-02 8.84237349e-01 4.28379506e-01 4.51550454e-01
    6.79914951e-01 6.26586676e-01 7.42035508e-01 1.05538607e-01
    5.27504086e-01 9.34808612e-01 8.22913289e-01 6.26335740e-02
    6.23023868e-01 7.47641027e-01 8.38581443e-01 1.19011313e-01
    6.75206780e-01 2.00487852e-01 7.58544326e-01 9.70970213e-01
    6.56628430e-01 7.79455602e-02 1.70466423e-01 5.31382978e-01
    6.89649105e-01 7.74876177e-01 8.60017061e-01 5.63668966e-01
    2.01886714e-01 4.79355514e-01 3.77185524e-01 7.68934369e-01
    4.68569845e-01 9.18950140e-02 5.38784385e-01 3.51135373e-01
    2.32190490e-01 4.92191017e-01 1.03311419e-01 4.89371657e-01
    6.22822165e-01 9.91034329e-01 1.89598620e-01 2.60278463e-01
    5.25092781e-02 9.22600925e-02 2.61499137e-01 7.54408002e-01
    2.36569822e-01 4.36143309e-01 8.19007635e-01 1.35184050e-01
    1.76976651e-01 8.36291432e-01 2.82003820e-01 8.85967314e-01
    5.69701612e-01 6.33179247e-01 6.51335001e-01 3.54361296e-01
    2.45590806e-01 3.46640050e-01 5.86002350e-01 9.39308763e-01
    3.56745541e-01 3.38169932e-03 3.23026508e-01 4.81706917e-01
    2.53795087e-02 2.09922731e-01 3.42135519e-01 1.46553457e-01
    9.21186447e-01 9.53257084e-01 5.59585035e-01 2.29677975e-01
    8.25480819e-01 5.06528318e-01 7.29945838e-01 2.69154221e-01
    1.01565242e-01 8.34347963e-01 2.19965845e-01 7.50674605e-01
    2.12969303e-01 4.22524631e-01 1.77118152e-01 5.96677363e-01
    2.60570943e-01 5.06730676e-01 9.54420626e-01 4.99471515e-01
    7.63206601e-01 1.61611974e-01 8.25534463e-01 7.30135739e-02
    1.99431032e-01 4.50173914e-02 9.15095210e-01 6.53967023e-01
    8.53696227e-01 9.86070335e-01 7.18577206e-02 5.27056456e-01
    8.66917074e-02 9.10629034e-01 1.13181412e-01 1.94752514e-02
    7.86858320e-01 5.56240082e-01 3.91443521e-01 5.14288008e-01
    3.14008832e-01 7.22948372e-01 4.51819152e-01 1.73369348e-02
    2.57465124e-01 4.14918095e-01 9.53081608e-01 8.86768699e-02
    2.01495171e-01 4.71441954e-01 6.35206878e-01 2.47343510e-01
    5.96428335e-01 9.88538504e-01 2.58482367e-01 9.27170634e-01
    7.74749994e-01 2.44411051e-01 3.04214925e-01 3.14465761e-01
    9.90682542e-01 8.27562094e-01 5.41994274e-01 6.71217084e-01
    9.83208716e-01 4.10094023e-01 5.09320199e-01 2.26220787e-02
    9.89329219e-01 7.65315711e-01 1.73320711e-01 3.47132921e-01
    2.62210488e-01 4.66322482e-01 1.44466430e-01 2.78192788e-01
    5.94100058e-02 3.92892778e-01 5.44584334e-01 6.12673521e-01
    8.55552793e-01 9.26229060e-01 2.67860591e-01 1.86877459e-01
    2.20850259e-01 2.38048911e-01 8.10683787e-01 8.45822394e-02
    1.05457962e-01 2.74117470e-01 1.03272200e-01 8.39694619e-01
    1.85123831e-01 9.29760218e-01 7.85579383e-01 6.98995650e-01
    4.97202218e-01 4.25363958e-01 2.13501424e-01 5.99732876e-01
    2.68518925e-05 2.22866237e-02 6.55575097e-02 2.93961287e-01
    6.43964708e-02 2.77240545e-01 4.25854266e-01 9.96416807e-03
    2.82422841e-01 6.87677860e-01 1.70648158e-01 6.75848603e-01
    1.57340884e-01 8.68831396e-01 2.36129940e-01 5.85844815e-01
    8.67797196e-01 4.61896658e-01 9.85715389e-01 6.27640724e-01
    1.11427456e-01 3.26310337e-01 1.91045195e-01 3.78550082e-01
    9.35454965e-02 6.03019893e-02 4.11511868e-01 1.84383571e-01
    9.00810003e-01 3.59193504e-01 3.43603611e-01 6.21927202e-01
    6.24492764e-02 4.08941865e-01 7.47562170e-01 5.07193267e-01
    2.96779394e-01 7.41986632e-01 8.27572942e-02 9.04944718e-01
    5.23627818e-01 8.22565675e-01 2.35394180e-01 9.83478904e-01
    9.26538765e-01 7.35337377e-01 2.35898316e-01 1.72646493e-01
    5.05082667e-01 5.66904187e-01 5.08796811e-01 1.67455256e-01
    7.98889279e-01 1.19979382e-02 2.03494579e-01 7.26294994e-01
    4.70608443e-01 2.72873938e-01 1.31201208e-01 4.97838616e-01
    8.54479969e-01 5.33807874e-01 3.60955775e-01 7.11569190e-02
    5.84351301e-01 5.90646207e-01 7.13348746e-01 2.48011798e-01
    4.25408185e-01 2.65171230e-02 6.35086000e-02 3.92159253e-01
    1.86731011e-01 6.12589419e-01 2.28109598e-01 3.75528097e-01
    8.27576816e-01 2.25694090e-01 2.80221105e-02 9.84750748e-01
    2.42248178e-03 3.76039654e-01 4.95313823e-01 9.14941311e-01
    4.72444504e-01 4.36922848e-01 2.88055956e-01 5.40093482e-02
    1.86746120e-02 8.65950704e-01 7.23719954e-01 5.68447888e-01
    2.01572955e-01 2.42193967e-01 1.30993128e-02 3.01230788e-01
    2.91950226e-01 6.77415431e-01 1.27280682e-01 3.67980838e-01
    2.18559295e-01 1.64357066e-01 8.34945619e-01 5.34666300e-01
    1.07141167e-01 6.79804206e-01 3.12682092e-02 5.68943024e-01
    6.53750479e-01 8.45381975e-01 6.28360093e-01 4.57995534e-02
    2.84273356e-01 1.40756220e-01 4.35327828e-01 1.79316550e-01
    5.99100709e-01 4.14364189e-01 2.92756677e-01 6.11105561e-01
    8.14893842e-02 6.03387833e-01 3.94883156e-02 3.04051518e-01
    7.62979269e-01 9.12935972e-01 2.23681271e-01 8.25535417e-01
    7.94058204e-01 9.56132293e-01 2.82865405e-01 5.85538983e-01
    3.01289856e-01 7.37048149e-01 4.81510043e-01 7.37738490e-01
    6.90203726e-01 1.82790816e-01 3.38821113e-02 3.14239979e-01
    4.65258360e-02 7.42014825e-01 2.91009665e-01 2.01980978e-01
    7.71256447e-01 1.59832031e-01 6.99755669e-01 2.55413085e-01
    6.88317120e-01 7.35997736e-01 3.75731736e-01 5.34996748e-01
    4.12045300e-01 5.54397285e-01 8.29248905e-01 3.11851948e-01
    7.38152564e-01 6.36715472e-01 8.72863472e-01 1.05030030e-01
    7.83299685e-01 5.10505140e-01 6.81072831e-01 3.84615779e-01
    9.98602629e-01 8.73065233e-01 3.54502916e-01 8.30571592e-01
    5.35447001e-01 7.79933035e-02 7.16975510e-01 7.38641143e-01
    3.14367652e-01 9.84446406e-02 3.68106902e-01 1.18697912e-01
    7.64973640e-01 3.86722803e-01 4.30991948e-01 7.02741563e-01
    4.68791127e-02 8.57086182e-01 2.29306072e-01 8.20060730e-01
    4.03833926e-01 9.61966932e-01 2.80360520e-01 4.79689926e-01
    3.66396964e-01 5.63193500e-01 6.69248104e-01 1.97354615e-01
    5.06829917e-01 3.06801260e-01 5.51445603e-01 7.14929938e-01
    6.45593524e-01 5.14531016e-01 8.92492056e-01 2.77169913e-01
    5.99180758e-02 6.45525217e-01 6.34979308e-02 6.10567570e-01
    1.87392533e-01 2.32829839e-01 7.83551574e-01 5.29832780e-01
    9.07319069e-01 2.70041168e-01 4.24819738e-01 8.72014523e-01
    7.69821405e-02 7.31266916e-01 1.20161176e-02 2.94041157e-01
    9.26265776e-01 2.46676594e-01 1.23878837e-01 8.41619134e-01
    9.71780539e-01 8.09578300e-01 2.89097250e-01 4.67147171e-01
    9.20807421e-02 5.89954674e-01 9.76742148e-01 4.82141823e-01
    4.89295542e-01 4.94475126e-01 6.42845690e-01 2.81174660e-01
    2.67030954e-01 8.43669534e-01 1.98612273e-01 4.14636195e-01
    6.38347507e-01 3.51853788e-01 8.63477528e-01 5.03052294e-01
    5.76981664e-01 8.17932963e-01 2.85324752e-01 1.54582202e-01
    6.50718093e-01 2.09808320e-01 6.40521765e-01 2.89187908e-01
    2.13191569e-01 7.18558788e-01 7.87146211e-01 6.50664628e-01
    5.66808820e-01 2.68709034e-01 9.46605325e-01 1.93045020e-01
    1.35584176e-02 2.80743778e-01 2.35975176e-01 4.43717927e-01
    1.61381453e-01 1.74723655e-01 5.81013918e-01 7.93143392e-01
    1.12597972e-01 3.75082254e-01 7.50879645e-01 9.71722364e-01
    1.44645423e-01 4.18185145e-01 2.26613879e-02 4.38023686e-01
    2.33410567e-01 8.36790264e-01 2.05572903e-01 2.61004150e-01
    6.60466313e-01 2.13666052e-01 2.57722497e-01 7.04983592e-01
    7.79250026e-01 8.30486834e-01 6.43814206e-02 6.66207373e-02
    4.76229101e-01 3.52183968e-01 3.72540712e-01 3.18096995e-01
    4.16997969e-02 7.61710048e-01 5.50052345e-01 6.93474472e-01
    8.04492116e-01 3.86235893e-01 1.78021342e-01 2.76609659e-01
    9.11352217e-01 1.55291826e-01 5.72286487e-01 5.32646179e-01
    9.91968751e-01 5.29991508e-01 5.61548769e-02 9.80412304e-01
    9.98703957e-01 2.56795019e-01 9.42950964e-01 6.65751994e-01
    5.99817336e-01 3.52045536e-01 3.61760855e-02 2.89625168e-01
    1.18412346e-01 5.35274684e-01 4.42983180e-01 7.09724128e-01
    1.79584146e-01 8.49740982e-01 3.83006603e-01 8.11818242e-01
    6.17926061e-01 8.66357327e-01 3.72696817e-02 9.33794022e-01
    7.95483828e-01 4.25435930e-01 6.04520738e-02 7.79365242e-01
    1.58316046e-01 3.64504039e-01 1.75094187e-01 6.81146860e-01
    2.18665153e-01 6.30455017e-02 1.44146800e-01 5.90689600e-01
    1.49881721e-01 6.02549672e-01 6.94566667e-02 5.80802143e-01
    7.09692717e-01 7.35231876e-01 1.59840822e-01 7.30976939e-01
    8.00372243e-01 7.00138986e-01 4.03118819e-01 1.45865262e-01
    7.11428046e-01 2.65566707e-02 8.30074251e-02 5.88248432e-01
    3.02062988e-01 8.78601372e-01 4.75250810e-01 3.81630480e-01
    7.76828349e-01 4.50953007e-01 6.35961592e-01 6.47158086e-01
    9.70789194e-01 6.03951454e-01 8.90356302e-01 6.39648080e-01
    6.47716999e-01 7.98418045e-01 3.06529820e-01 6.34863973e-01
    2.55332828e-01 4.37950969e-01 4.71825749e-01 9.20334101e-01
    6.27534091e-02 4.67381209e-01 3.35753232e-01 3.87273908e-01
    6.71778917e-01 4.54756796e-01 3.02276909e-01 6.95972145e-02
    2.94882357e-01 2.47290373e-01 8.91311646e-01 4.47936505e-01
    1.93773627e-01 3.74228179e-01 2.11715698e-02 2.08444178e-01
    8.54252398e-01 9.57314014e-01 4.19197112e-01 3.13389271e-01
    9.00916278e-01 6.62454963e-01 2.27115363e-01 2.18294829e-01
    2.23493606e-01 8.71189713e-01 3.74152631e-01 8.07160556e-01
    7.43670464e-02 9.14980769e-01 3.72409105e-01 6.71446323e-04
    5.55368364e-01 5.59184015e-01 9.60965157e-01 9.35007691e-01
    6.21381998e-02 6.98823929e-02 1.81550384e-01 6.77476823e-01
    2.03417540e-01 1.61173642e-01 3.10470462e-02 5.70721209e-01
    7.57990837e-01 1.61124438e-01 5.35655916e-01 7.39135027e-01
    4.58174348e-01 5.06185591e-01 8.86133671e-01 6.43914700e-01
    2.46679783e-03 7.15858281e-01 8.91694546e-01 7.33271837e-01
    5.20586431e-01 6.96195304e-01 6.29778504e-01 6.43706501e-01
    8.71731400e-01 1.40043139e-01 1.46376848e-01 3.45580041e-01
    6.28164887e-01 1.12449914e-01 1.36176944e-02 9.29585040e-01
    6.31051421e-01 6.92738771e-01 7.87792802e-01 1.59774810e-01
    3.47466677e-01 8.05934668e-01 2.54990041e-01 5.09720147e-02
    5.33412099e-01 2.70821929e-01 9.57834125e-01 6.91956878e-01
    3.51837218e-01 4.13725734e-01 7.11254776e-01 2.53735304e-01
    5.09756804e-02 6.38769567e-01 5.04622221e-01 7.82016516e-01
    6.95872545e-01 1.92580521e-01 1.84249341e-01 2.94104218e-01
    9.99439716e-01 4.51599538e-01 3.18736106e-01 1.54130399e-01
    8.38141978e-01 7.31895268e-02 8.09074044e-01 5.83513260e-01
    8.29646707e-01 7.64782012e-01 3.56615305e-01 3.01813722e-01
    6.23588324e-01 7.34702945e-01 2.57840216e-01 9.27890122e-01
    5.79384089e-01 8.63228798e-01 5.28734148e-01 8.84913445e-01
    2.33455598e-02 1.77639663e-01 6.29238009e-01 6.44370139e-01
    6.44334972e-01 7.81387091e-01 6.39722705e-01 1.14831388e-01
    7.85772204e-02 5.76804221e-01 1.01291984e-01 2.59591341e-01
    3.30722332e-02 7.83024073e-01 4.53461677e-01 5.67908287e-01
    8.27317715e-01 7.98911929e-01 1.76493227e-02 5.92499137e-01
    6.23757541e-02 6.87134027e-01 2.02561915e-01 8.30864072e-01
    2.42861211e-02 1.18277967e-01 3.56738210e-01 3.89077485e-01
    6.38356686e-01 3.42747569e-02 1.24934137e-01 8.16021800e-01
    8.21692467e-01 1.69416189e-01 5.87592721e-02 8.79163206e-01
    5.29790878e-01 8.12612891e-01 1.33169979e-01 7.77994335e-01
    7.97799110e-01 2.10709304e-01 3.98120522e-01 8.32975447e-01
    6.67725861e-01 5.72240174e-01 2.77777851e-01 3.18015695e-01
    9.44755495e-01 9.38525677e-01 1.53778225e-01 9.78024006e-01
    4.78206724e-01 3.39462996e-01 9.33850169e-01 4.52199519e-01
    8.58033895e-01 5.11699259e-01 8.77357423e-02 7.01394022e-01
    8.59606981e-01 6.66749120e-01 8.82837355e-01 5.88345766e-01
    5.35709262e-01 2.75338888e-01 9.58271861e-01 3.81757140e-01
    8.90967786e-01 6.30473971e-01 2.48715967e-01 4.28982168e-01
    6.40296817e-01 4.30919409e-01 7.03573346e-01 4.10008729e-02
    6.57778621e-01 8.45108986e-01 4.85732645e-01 1.60002410e-02
    6.82409346e-01 9.51909959e-01 9.03367043e-01 4.22433674e-01
    9.11917686e-01 3.23010415e-01 4.48823422e-01 3.08742285e-01
    2.32772171e-01 9.80028272e-01 7.58323967e-01 6.04556978e-01
    8.60246181e-01 1.91997468e-01 7.57726669e-01 1.49831772e-02
    6.04380131e-01 7.95637846e-01 7.07921922e-01 6.65925205e-01
    8.82990181e-01 1.44519955e-01 6.07543111e-01 2.62297392e-02
    1.97751522e-02 4.95976448e-01 8.30480814e-01 5.34618795e-02
    7.78251648e-01 1.74898326e-01 2.71417260e-01 4.12694931e-01
    1.88923955e-01 7.54009366e-01 6.68703437e-01 9.47236657e-01
    6.32012367e-01 1.77403092e-02 8.55879903e-01 5.96371353e-01
    8.70302558e-01 6.54631734e-01 3.40433717e-01 1.14218950e-01
    7.19511509e-02 8.32674444e-01 3.85387242e-02 8.38826895e-01
    8.23699594e-01 3.13706428e-01 7.24072456e-02 4.58395302e-01
    2.15782464e-01 8.04926276e-01 3.26837122e-01 2.58135080e-01
    1.62265897e-01 5.96526504e-01 6.21235967e-01 8.63870978e-01
    6.29953265e-01 4.46947604e-01 1.68598622e-01 8.75418365e-01
    5.95346749e-01 4.36078489e-01 5.02842784e-01 8.31069410e-01
    6.46357179e-01 9.39976454e-01 5.38173318e-02 4.45028722e-01
    1.88017547e-01 3.97413611e-01 1.56174392e-01 9.06403422e-01
    7.90767670e-02 8.87023628e-01 7.92859316e-01 1.71990305e-01
    3.43801618e-01 2.27688640e-01 7.99818397e-01 4.31120604e-01
    2.26204038e-01 1.77270204e-01 8.93820941e-01 9.39449430e-01
    6.34226561e-01 6.74742758e-01 8.52509141e-01 5.27353168e-01
    6.30532622e-01 1.19447172e-01 7.81277657e-01 4.08160985e-02
    3.09816450e-01 1.73152804e-01 1.90258175e-01 6.73028469e-01
    9.63369548e-01 3.32213014e-01 4.93076026e-01 3.97248060e-01
    3.36192846e-01 5.29024661e-01 9.91134405e-01 3.11904490e-01
    3.40610147e-01 2.98893988e-01 6.18234694e-01 6.49177372e-01
    6.51092649e-01 1.53172821e-01 3.81977648e-01 1.85387284e-01
    8.99186850e-01 6.47636414e-01 6.84530616e-01 3.24689746e-02
    5.49293816e-01 1.78832710e-01 4.75121737e-02 5.24114072e-01
    5.23778677e-01 5.62056959e-01 6.39111638e-01 7.33250022e-01
    7.41747499e-01 7.25216746e-01 9.26044881e-02 2.72501737e-01
    6.56666517e-01 7.69612551e-01 7.97407031e-02 5.22597492e-01
    4.40372229e-02 1.85113430e-01 7.99049258e-01 7.80543804e-01
    7.10381269e-02 6.35666668e-01 2.78118134e-01 2.88716197e-01
    3.77961546e-01 6.69265747e-01 3.08801949e-01 6.03941441e-01
    2.53098309e-01 6.42560363e-01 5.23211181e-01 8.97590637e-01
    8.10740471e-01 1.47773027e-02 1.24739647e-01 3.45967025e-01
    8.18364382e-01 1.37873888e-01 3.05913299e-01 1.21509731e-02
    4.80812877e-01 9.53589320e-01 1.24536306e-01 1.60334259e-01
    2.70933777e-01 4.30729091e-02 5.78265309e-01 6.63151145e-02
    7.72427797e-01 8.12326908e-01 1.76799119e-01 4.85393673e-01
    2.08871096e-01 4.41875964e-01 5.50242722e-01 2.97492564e-01
    5.87796509e-01 9.56552029e-01 7.17689395e-01 9.14347768e-01
    7.96906173e-01 6.10877633e-01 4.56436098e-01 5.07798910e-01
    5.06574988e-01 5.06548822e-01 9.91817713e-01 4.40852642e-02
    8.76616359e-01 1.13762587e-01 7.70183504e-02 7.19489694e-01
    7.21178949e-01 2.63634264e-01 3.70930731e-02 8.16271722e-01
    9.16523159e-01 6.60674274e-02 3.91988397e-01 4.94992733e-03
    4.81136173e-01 2.00208604e-01 8.12961519e-01 3.58511209e-01
    8.01900983e-01 2.98790514e-01 9.21175003e-01 5.27108610e-01
    7.12041676e-01 6.27511144e-02 9.73344147e-02 7.99249709e-02
    4.62561905e-01 8.93479109e-01 6.53859138e-01 7.57258654e-01
    4.54367787e-01 2.41278142e-01 3.52356136e-01 2.92419523e-01
    2.46029317e-01 6.77241087e-02 6.44613564e-01 8.92544508e-01
    9.00671482e-01 7.93664694e-01 9.17047322e-01 6.33631468e-01
    5.95987558e-01 1.10420734e-01 8.53393078e-01 9.26810980e-01
    7.56185532e-01 9.27420139e-01 8.50897372e-01 6.79497242e-01
    3.11041355e-01 7.14493155e-01 9.94228005e-01 7.12321758e-01
    8.93000960e-01 6.72658980e-02 6.27118945e-01 1.14215642e-01
    7.29678154e-01 8.05306077e-01 7.49050915e-01 8.64548922e-01
    1.95815146e-01 2.83273160e-01 1.07496202e-01 6.27447784e-01
    8.54043961e-01 2.17185080e-01 7.22553432e-02 5.85135102e-01
    3.86372536e-01 8.11671615e-01 5.12973309e-01 8.10908735e-01
    4.49597776e-01 8.42608035e-01 7.82147169e-01 2.62240708e-01
    7.87942529e-01 5.10001898e-01 2.75305569e-01 9.17846680e-01
    4.89961416e-01 4.61159915e-01 5.23432016e-01 5.51657200e-01
    5.62575996e-01 9.01707530e-01 8.32409918e-01 6.39217257e-01
    1.10134721e-01 4.27769274e-01 2.95951456e-01 3.68750930e-01
    8.02346408e-01 8.72626901e-02 3.81900907e-01 5.82018495e-02
    6.96884930e-01 7.29260206e-01 9.24048901e-01 9.87076759e-01
    1.96202964e-01 3.83237273e-01 8.02298665e-01 2.88546920e-01
    6.58549607e-01 7.03314185e-01 6.46397769e-01 1.94813132e-01
    3.73330295e-01 8.86986256e-01 4.98113155e-01 1.17085308e-01
    1.21715844e-01 3.20105255e-01 5.04677355e-01 8.63081217e-02
    7.88557887e-01 1.62832767e-01 7.15654969e-01 5.61519980e-01
    7.58360982e-01 5.38115025e-01 3.64701748e-01 3.03306460e-01
    8.02952051e-01 9.26143825e-02 9.34832096e-01 3.77502084e-01
    2.72779167e-02 2.95427382e-01 9.54193175e-02 3.62980366e-01
    4.65217441e-01 9.81894076e-01 8.53502154e-01 1.47877336e-02
    7.31163621e-02 6.21315360e-01 6.20368004e-01 8.06810856e-01
    9.18285608e-01 1.82638317e-01 6.06337130e-01 7.26155281e-01
    4.99163568e-02 6.29138470e-01 2.61815697e-01 2.44437873e-01
    8.04421544e-01 3.63893986e-01 5.64805150e-01 7.43674576e-01
    5.77271879e-02 4.25916165e-01 2.50361860e-02 8.30085218e-01
    6.67917371e-01 4.55300987e-01 4.46680814e-01 5.69328427e-01
    3.47514391e-01 4.10861313e-01 5.84151030e-01 4.53237444e-01
    1.28105193e-01 6.32146358e-01 2.03439742e-01 8.33922625e-01
    8.19486380e-02 6.74951673e-01 1.10460937e-01 8.17048788e-01
    4.05285925e-01 5.60131133e-01 7.13249743e-01 8.84670734e-01
    9.00964022e-01 7.57322550e-01 7.01886415e-01 5.77862561e-01
    3.93487871e-01 2.86065042e-01 1.76363528e-01 5.70159793e-01
    7.98578799e-01 5.21978140e-02 9.67823744e-01 3.94707769e-01
    8.48633647e-01 4.91698980e-01 3.58697712e-01 1.26510739e-01
    5.59195280e-01 5.21458626e-01 1.83766365e-01 6.34043515e-01
    9.71719801e-01 1.73022151e-01 9.59564567e-01 8.24237466e-01
    6.66588545e-01 5.30218422e-01 9.17824566e-01 6.01163745e-01
    4.10618931e-01 3.39536250e-01 2.20628977e-02 5.86921632e-01
    1.19947791e-02 6.33288205e-01 7.31059551e-01 5.30813813e-01
    5.18997610e-01 7.06807673e-02 7.44667172e-01 5.80006480e-01
    1.72604054e-01 3.01772028e-01 8.52467120e-01 7.84536958e-01
    5.03720105e-01 2.08891541e-01 6.30413115e-01 1.18406475e-01
    4.46370691e-01 6.20218575e-01 2.86525786e-01 7.17730880e-01
    2.30935544e-01 1.94015115e-01 4.26167428e-01 7.23284423e-01
    7.70695686e-01 7.44253218e-01 8.24697614e-01 9.00224566e-01
    3.66865039e-01 4.10121143e-01 7.24650383e-01 2.46252418e-02
    4.60239917e-01 3.80383134e-01 3.45792472e-01 1.69105917e-01
    5.98771095e-01 3.28025341e-01 5.47080219e-01 3.66447270e-01
    6.97982907e-01 5.19307196e-01 2.33083963e-01 8.29753816e-01
    7.02196121e-01 2.24756300e-02 5.08802354e-01 3.01378369e-01
    2.66497314e-01 7.82786369e-01 8.95430863e-01 4.58563924e-01
    5.17946839e-01 6.09944582e-01 2.99583107e-01 8.38110030e-01
    9.82500315e-01 2.22882628e-03 2.68715799e-01 8.36064696e-01
    1.41884565e-01 2.87171930e-01 8.69759738e-01 2.05724955e-01
    6.00133181e-01 3.30729902e-01 1.72170162e-01 1.94398344e-01
    5.56623280e-01 6.42976522e-01 5.60460746e-01 1.97201759e-01
    6.00765824e-01 7.23156333e-03 9.99024689e-01 7.03687131e-01
    3.90246093e-01 3.96634430e-01 6.89108312e-01 5.52316248e-01
    9.49984193e-02 6.36149526e-01 8.14737380e-01 8.31428409e-01
    5.17783701e-01 1.55594170e-01 6.21069074e-01 8.38222444e-01
    3.07499766e-01 9.49745178e-01 1.40441716e-01 1.38801485e-01
    5.14945567e-01 7.66799688e-01 3.33208442e-02 7.33026505e-01
    4.27706063e-01 5.27561128e-01 2.65738189e-01 8.69331956e-01
    6.69856250e-01 6.85225248e-01 6.40288115e-01 5.59360445e-01
    2.56173253e-01 3.20876002e-01 9.60638583e-01 4.69983041e-01
    6.86042428e-01 1.69115812e-01 4.24150139e-01 8.46177042e-01
    5.44138372e-01 4.72542077e-01 1.33465528e-01 4.09426063e-01
    5.07915676e-01 1.63847208e-03 8.29742432e-01 4.58423853e-01
    3.42318296e-01 4.57514107e-01 5.82872152e-01 6.42057657e-01
    9.61998224e-01 5.34928024e-01 9.83556807e-02 1.53375059e-01
    8.80784392e-01 7.12873042e-01 8.47035050e-01 6.15084648e-01
    7.77071953e-01 1.55994296e-03 1.43082291e-01 7.64619231e-01
    2.95975655e-01 7.09345341e-02 6.78263068e-01 7.38452673e-01
    6.49413347e-01 3.66170526e-01 4.68183607e-01 4.04179662e-01
    4.90626216e-01 4.42005843e-01 8.99777055e-01 2.85179049e-01
    3.87567163e-01 8.41034353e-02 8.37210894e-01 4.89790440e-02
    2.29321122e-02 3.10081661e-01 2.67783672e-01 1.45360440e-01
    4.87926841e-01 6.58652425e-01 8.65144670e-01 3.12799454e-01
    8.85871530e-01 1.19671851e-01 3.15238446e-01 9.43538189e-01
    5.57857454e-01 7.29430318e-01 4.19515252e-01 7.75429606e-01
    8.49765539e-01 1.54415339e-01 4.22307432e-01 8.16890061e-01
    4.89749223e-01 4.09949720e-02 6.04427278e-01 1.03020608e-01
    9.28591132e-01 4.54033464e-01 7.56916702e-02 2.51127839e-01
    7.99325585e-01 4.12746340e-01 6.22854769e-01 7.23378599e-01
    2.97068894e-01 9.00720954e-01 6.13222957e-01 7.43278265e-01
    7.20028877e-01 6.54025018e-01 9.44891334e-01 5.54741919e-01
    8.45791459e-01 3.39544117e-01 4.63694751e-01 3.43747735e-02
    4.30184007e-02 4.89501506e-01 7.60462046e-01 1.48990631e-01
    3.43478411e-01 4.76608038e-01 1.21601820e-02 2.04133719e-01
    7.93836713e-01 8.84090185e-01 6.05561078e-01 9.80710745e-01
    8.66914749e-01 7.18166709e-01 5.24191439e-01 1.14467204e-01
    2.21332490e-01 3.55912417e-01 4.98913765e-01 9.15188432e-01
    8.94043326e-01 5.00100732e-01 6.68949783e-01 1.78148210e-01
    7.59629428e-01 3.25838745e-01 2.26706535e-01 3.58097672e-01
    3.83098245e-01 3.00243884e-01 2.02726781e-01 4.23210502e-01
    8.73006821e-01 3.52976620e-01 9.87522900e-01 2.96703279e-01
    8.95097613e-01 8.98376644e-01 9.70653415e-01 7.45555282e-01
    2.78189659e-01 3.99437428e-01 3.33792031e-01 6.47063255e-01
    5.00013649e-01 8.87901664e-01 8.50834489e-01 2.67857850e-01
    4.20441866e-01 3.51708651e-01 6.10275567e-01 7.26698279e-01
    7.05362320e-01 2.75720060e-01 7.70529032e-01 9.69375372e-02
    5.42176247e-01 9.29626703e-01 3.11659157e-01 5.64886928e-01
    1.46945119e-02 1.15782827e-01 1.40629828e-01 7.41949379e-02
    1.88831270e-01 6.74586356e-01 9.75044370e-01 2.05642194e-01
    9.32348967e-01 1.40414238e-01 7.93678045e-01 3.64769638e-01
    8.77350330e-01 9.50435698e-01 9.21352148e-01 1.04216486e-01
    8.15227151e-01 8.82271647e-01 6.55031443e-01 5.80299556e-01
    2.89427578e-01 9.26443815e-01 2.62195736e-01 8.97942901e-01
    9.91824269e-01 5.65985560e-01 1.75302625e-02 1.39099985e-01
    6.14741981e-01 1.84997708e-01 3.24601710e-01 3.89480323e-01
    8.04430485e-01 1.59428746e-01 7.38216281e-01 4.53833312e-01
    1.01162612e-01 1.72610879e-02 8.03668499e-02 2.77543038e-01
    6.73150778e-01 1.49418712e-02 9.63074565e-01 9.61295545e-01
    5.27781785e-01 3.53516936e-01 9.48172569e-01 7.04741836e-01
    5.58060527e-01 9.70193028e-01 9.70677018e-01 6.52780414e-01
    9.87290144e-02 4.44192052e-01 5.70376396e-01 9.43588614e-01
    1.27656490e-01 5.01524448e-01 9.73059416e-01 9.06900764e-01
    1.87218547e-01 2.74764836e-01 2.39065409e-01 8.52504969e-01
    7.12623954e-01 1.09409064e-01 9.42779779e-01 2.80235291e-01
    9.16358829e-02 1.66775703e-01 5.10707498e-01 6.11230671e-01
    1.96692973e-01 8.82027566e-01 7.47494817e-01 2.30902910e-01
    2.35199690e-01 2.62081325e-01 6.79357409e-01 5.54642141e-01
    2.76610732e-01 5.82711101e-01 6.21714175e-01 6.56327009e-01
    1.74321681e-01 6.67321205e-01 2.17965603e-01 1.56419992e-01
    1.10451698e-01 6.31954193e-01 1.48836613e-01 5.59711337e-01
    7.94101477e-01 9.01596248e-02 1.69646680e-01 8.05497169e-01
    1.43288821e-01 9.78607714e-01 5.94575882e-01 6.23173416e-01
    8.37445438e-01 3.79787534e-01 4.89335805e-01 8.66358161e-01
    7.70715833e-01 3.33213955e-01 6.99178934e-01 2.01544285e-01
    3.61825734e-01 3.02509665e-01 3.61397922e-01 3.68522495e-01
    7.31956065e-02 2.15038329e-01 9.35981929e-01 9.85058904e-01
    7.82571793e-01 1.57127738e-01 5.98197103e-01 9.10868526e-01
    7.87443280e-01 8.38400841e-01 6.99242115e-01 5.77991545e-01
    9.67811584e-01 5.45247734e-01 3.46566319e-01 4.37159896e-01
    8.02095234e-01 4.74395365e-01 6.78963304e-01 2.37886310e-02
    7.61421859e-01 4.55524027e-01 6.82796478e-01 7.54075766e-01
    5.54257631e-01 6.28809690e-01 4.81373042e-01 2.82384157e-02
    3.65814507e-01 9.80586648e-01 1.78783089e-01 1.22630358e-01
    4.73778874e-01 6.79183841e-01 5.51902771e-01 9.98153567e-01
    9.12581980e-01 5.61110616e-01 5.52502155e-01 7.93853164e-01
    3.49567950e-01 3.02588224e-01 8.44938517e-01 4.77623373e-01
    5.06821871e-02 3.15245748e-01 7.54672050e-01 6.33598685e-01
    6.20527208e-01 9.31995749e-01 9.38888431e-01 4.57569629e-01
    6.53988481e-01 3.02212149e-01 8.85859132e-02 3.01866174e-01
    2.28434324e-01 4.20414239e-01 5.78859925e-01 3.86622310e-01
    3.64582181e-01 7.26518035e-03 2.98730910e-01 3.63940060e-01
    5.04017711e-01 7.89799571e-01 9.47093189e-01 3.81686687e-02
    9.36610579e-01 3.04459095e-01 3.28394592e-01 9.32183862e-01
    9.71069634e-01 4.66031879e-01 1.47986472e-01 8.69078994e-01
    2.37672746e-01 5.02848625e-01 2.44219899e-02 9.52527523e-02
    6.23681366e-01 2.59064645e-01 4.86842483e-01 6.09910548e-01
    8.28422904e-01 4.15449560e-01 5.50978661e-01 5.20325303e-02
    9.37453628e-01 1.69999391e-01 2.85097539e-01 9.89917397e-01
    8.72177005e-01 4.74973679e-01 6.79865122e-01 1.63017184e-01
    5.49272895e-01 2.11716354e-01 5.04924893e-01 4.97273386e-01
    4.81820077e-01 5.74538052e-01 2.82303989e-01 2.56598592e-02
    6.26516640e-01 2.94892490e-01 6.68877244e-01 8.53886485e-01
    5.40887117e-02 1.32251501e-01 7.54743218e-01 4.59201276e-01
    1.43889636e-01 9.24816728e-01 9.38797474e-01 5.48870981e-01
    3.23534012e-04 3.64114940e-01 1.40523881e-01 4.38774019e-01
    8.67910683e-01 8.80266309e-01 4.64999139e-01 2.26672292e-02
    9.32406902e-01 6.42353475e-01 6.23311877e-01 7.66616881e-01
    5.78553379e-01 6.22442901e-01 5.36832929e-01 2.77688920e-01
    9.48587358e-01 9.58435476e-01 2.85622954e-01 8.16213310e-01
    2.00496435e-01 7.01809824e-01 4.13946569e-01 2.44664282e-01
    8.12520146e-01 2.50907540e-01 8.20795655e-01 9.45252478e-02
    1.00106657e-01 3.11232835e-01 6.74588382e-02 7.73559093e-01
    7.15748191e-01 4.02576268e-01 3.35461617e-01 6.14974380e-01
    8.47073793e-01 9.76850450e-01 6.60648823e-01 4.12867963e-02
    7.41237938e-01 5.19611239e-01 7.93154061e-01 2.22261906e-01
    7.03633308e-01 8.04119945e-01 6.53506279e-01 7.85969019e-01
    5.34903884e-01 4.13221121e-02 9.92132664e-01 6.05145216e-01
    8.50463927e-01 2.06959009e-01 2.36903518e-01 6.66098118e-01
    7.26238847e-01 7.10047185e-02 4.07414198e-01 9.48176980e-02
    9.37739193e-01 5.15161097e-01 5.17039657e-01 7.23566532e-01
    5.90088546e-01 7.09190965e-01 6.47226334e-01 3.40846777e-01
    2.23436385e-01 7.73119807e-01 4.93522584e-02 5.21642089e-01
    4.85005796e-01 9.49790359e-01 9.64182615e-01 8.75773668e-01
    4.89452004e-01 1.12435848e-01 4.14718390e-01 5.47787189e-01
    7.76875615e-01 5.23289144e-02 7.96831012e-01 3.00834954e-01
    2.82741100e-01 7.83912003e-01 2.35132337e-01 3.40514064e-01
    7.50794888e-01 9.04504657e-01 6.79343224e-01 8.88910413e-01
    8.22288156e-01 1.31229669e-01 8.96589339e-01 4.58557278e-01
    1.86332971e-01 4.44893509e-01 6.54269457e-01 9.88262057e-01
    1.35386258e-01 7.33961701e-01 9.94357824e-01 6.54094875e-01
    3.44035447e-01 7.45980263e-01 1.86140180e-01 6.62317038e-01
    7.88072526e-01 9.55344558e-01 2.32656062e-01 6.95866823e-01
    1.63660288e-01 3.41502637e-01 4.25837547e-01 2.24075258e-01
    2.03042924e-01 4.63724405e-01 2.96121776e-01 6.61595106e-01
    7.51291633e-01 4.50819045e-01 1.78934515e-01 9.21867251e-01
    9.48887825e-01 6.69560194e-01 6.97193265e-01 3.05061728e-01
    9.01249886e-01 4.67756748e-01 6.38188899e-01 2.23054975e-01
    8.80877078e-01 8.65395129e-01 3.28423679e-01 5.50286829e-01
    4.14483041e-01 2.11318076e-01 7.25751221e-01 9.69093680e-01
    5.23280144e-01 3.29787970e-01 3.77393067e-01 3.29478621e-01
    3.14892173e-01 8.05736065e-01 8.97487640e-01 5.22816956e-01
    6.67248547e-01 6.64220273e-01 8.96854520e-01 4.44095969e-01
    9.63532388e-01 7.19062567e-01 5.80109179e-01 7.44855762e-01
    5.23732424e-01 2.96722054e-02 2.71139205e-01 8.63592267e-01
    7.60178208e-01 2.65668035e-02 6.15466237e-01 6.32967830e-01
    9.23419952e-01 1.02192670e-01 7.30395198e-01 1.17996663e-01
    7.34789371e-02 5.38219810e-02 4.64384466e-01 7.34470844e-01
    7.42679894e-01 6.87805712e-02 6.80651426e-01 3.58874291e-01
    1.11330748e-01 3.56240243e-01 3.70971024e-01 4.64885414e-01
    3.41449559e-01 6.81963742e-01 6.25015140e-01 1.83511764e-01
    7.85687506e-01 8.87824059e-01 7.16576457e-01 6.90907478e-01
    1.50916100e-01 3.92717451e-01 9.19996798e-02 7.75024891e-01
    9.65344071e-01 5.14787436e-02 5.37366688e-01 9.69928503e-01
    8.11899662e-01 6.90006733e-01 7.12320447e-01 7.22717106e-01
    1.30800039e-01 9.42974150e-01 2.29972631e-01 2.94979125e-01
    6.33737564e-01 4.89338219e-01 5.94193041e-01 6.92510009e-01
    6.52830839e-01 6.70855343e-01 2.25403041e-01 7.59763420e-01
    6.54515803e-01 6.41582847e-01 7.94012070e-01 4.94232237e-01
    3.69423330e-02 5.74381948e-01 9.79815722e-01 3.94311249e-02
    4.87794846e-01 6.89643145e-01 5.48152268e-01 8.68826210e-01
    3.80309314e-01 4.47316408e-01 4.36484635e-01 4.80972558e-01
    7.29727924e-01 7.89972186e-01 6.18283987e-01 6.22146249e-01
    2.44108111e-01 1.58233792e-01 3.61914396e-01 8.46110821e-01
    9.51811075e-02 9.80346799e-01 7.65940964e-01 9.32378173e-01
    7.11358070e-01 3.57811153e-02 1.87244147e-01 6.86845422e-01
    1.14235729e-01 5.62912405e-01 5.34666657e-01 2.67742246e-01
    3.68541270e-01 7.95575857e-01 7.52737939e-01 2.33393073e-01
    5.59429228e-01 2.94903159e-01 7.13798642e-01 5.20783603e-01
    4.19425696e-01 4.25508440e-01 1.78432882e-01 9.01846111e-01
    3.52089942e-01 2.20720977e-01 1.00824356e-01 4.80943263e-01
    4.33846354e-01 7.44013190e-01 7.23957479e-01 1.54657453e-01
    1.92145079e-01 7.21445680e-01 2.74128914e-02 8.76159430e-01
    6.55764341e-01 8.84109676e-01 4.48175967e-02 5.15677035e-01
    7.04914927e-02 5.64061105e-01 4.28674728e-01 6.79213583e-01
    8.86020660e-01 8.36543918e-01 5.82618177e-01 5.69836617e-01
    1.08472705e-02 2.87398696e-02 2.84666508e-01 6.00450754e-01
    6.16257846e-01 6.31696403e-01 8.71649384e-01 9.04480994e-01
    7.40964353e-01 3.64678323e-01 7.98920631e-01 2.57757008e-01
    2.73732543e-01 3.70169520e-01 2.66858846e-01 6.37518823e-01
    1.21436149e-01 6.96212530e-01 9.80244160e-01 1.29902363e-03
    2.60712206e-02 4.71572578e-01 1.82226956e-01 4.78891850e-01
    5.40581644e-01 3.01670730e-02 2.71975577e-01 7.71097004e-01
    5.21696806e-01 4.27690923e-01 8.86547208e-01 9.64524150e-01
    5.33007503e-01 1.75943464e-01 6.02313459e-01 3.50387931e-01
    9.92405772e-01 7.36973703e-01 9.81939197e-01 7.28026927e-02
    2.95782030e-01 1.17236853e-01 7.63298452e-01 8.08454156e-01
    1.23330355e-02 8.23262691e-01 9.24554348e-01 3.13435912e-01
    1.70803070e-01 1.41742527e-01 4.48675811e-01 1.21629566e-01
    3.84879708e-01 5.79681575e-01 5.55671811e-01 9.23144341e-01
    2.53287882e-01 5.80155194e-01 4.71163511e-01 9.21456397e-01
    9.44141805e-01 4.85788822e-01 9.95857835e-01 1.81099147e-01
    8.07466149e-01 2.67640710e-01 1.41515523e-01 1.44055337e-01
    5.66216648e-01 8.83335888e-01 3.99564743e-01 8.33767653e-01
    4.64264810e-01 8.18172097e-01 6.28378928e-01 3.24484259e-01
    6.40635967e-01 9.90531683e-01 3.07610750e-01 1.06938511e-01
    1.16879255e-01 4.37572658e-01 4.54398304e-01 1.29642695e-01
    5.42808652e-01 8.16509128e-02 8.79060388e-01 1.00979805e-01
    1.44307554e-01 6.01101279e-01 9.94167507e-01 4.30642366e-02
    8.58730793e-01 1.75455004e-01 3.70848298e-01 7.11876214e-01
    2.27393836e-01 3.20887238e-01 8.78811955e-01 1.19766593e-02
    9.45921779e-01 4.69417274e-02 4.91695702e-02 3.03245366e-01
    1.26511723e-01 3.79592389e-01 6.56079412e-01 8.15800786e-01
    9.80618954e-01 8.79603267e-01 6.75567389e-01 7.63056397e-01
    4.61380124e-01 7.75448263e-01 3.03207785e-01 5.33500910e-01
    6.91752553e-01 7.88472176e-01 5.98478138e-01 3.74853671e-01
    3.83119971e-01 7.50199318e-01 7.29591489e-01 3.70119870e-01
    9.68783736e-01 5.71360886e-01 4.76631105e-01 2.68243134e-01
    4.56276149e-01 2.74039626e-01 9.50249672e-01 7.40905225e-01
    6.94754004e-01 2.64140666e-01 1.47117734e-01 4.97809052e-01
    7.86641777e-01 3.17161232e-01 3.21176261e-01 4.80542868e-01
    3.62500846e-01 9.18626845e-01 6.56947196e-01 3.10062587e-01
    3.14563453e-01 8.52511108e-01 9.22414541e-01 4.41973209e-01
    3.59758735e-01 2.38048106e-01 6.93567038e-01 5.47256172e-01
    8.91038358e-01 6.82695985e-01 1.72564387e-02 6.35933816e-01
    6.60316229e-01 1.98785365e-01 7.06284046e-01 8.49457383e-01
    3.67371976e-01 3.92542601e-01 4.36589271e-01 2.79404491e-01
    2.06203789e-01 4.16878760e-02 7.68818498e-01 9.22312379e-01
    8.17160368e-01 9.56653953e-01 5.80851555e-01 6.19889259e-01
    7.32606888e-01 3.97297382e-01 8.25640857e-01 2.48814881e-01
    2.77085662e-01 1.74904108e-01 3.77147138e-01 3.47879440e-01
    2.26205319e-01 2.70481110e-02 2.64835089e-01 7.36765385e-01
    8.41153860e-01 2.10640669e-01 2.30191946e-01 7.05870092e-02
    5.58704257e-01 5.80392957e-01 3.12127113e-01 8.68654728e-01
    2.11896151e-01 8.65761518e-01 9.80641365e-01 7.81249046e-01
    6.64824903e-01 3.17835331e-01 7.34343350e-01 8.86036813e-01
    9.59331632e-01 3.57305706e-01 9.84655261e-01 5.61719835e-01
    8.75940979e-01 2.79734403e-01 7.32729912e-01 3.10465097e-01
    8.60067606e-01 5.30564308e-01 1.89643800e-02 8.77920568e-01
    6.63125396e-01 6.31540239e-01 5.86430430e-01 1.80002004e-01
    3.23869586e-01 4.47180688e-01 6.45811677e-01 8.55798721e-01
    6.37019694e-01 6.41563177e-01 5.50595999e-01 1.64894789e-01
    1.96339071e-01 2.96057045e-01 7.86867440e-02 3.02708060e-01
    3.31479251e-01 4.52638268e-02 4.91328597e-01 4.16638345e-01
    8.53885293e-01 8.27106237e-01 8.75968933e-01 8.64367187e-02
    9.33028936e-01 7.36562371e-01 4.17807639e-01 7.54661560e-01
    5.17016649e-03 7.04897285e-01 4.87547219e-01 2.36166060e-01
    4.76028264e-01 5.45440018e-01 2.50287950e-01 9.81393158e-01
    4.71453428e-01 2.44927108e-02 4.24809366e-01 6.40818417e-01
    5.53046048e-01 5.73966086e-01 6.36277854e-01 6.78191960e-01
    4.08090800e-01 4.61571544e-01 7.37047672e-01 3.55273783e-01
    3.07478994e-01 6.14382148e-01 3.76068056e-01 8.61864090e-01
    8.38498235e-01 9.93862629e-01 6.22456193e-01 5.49149215e-01
    6.95908546e-01 8.82222533e-01 3.90367240e-01 6.91193342e-02
    9.65894341e-01 6.79956675e-01 5.44869304e-02 4.54630047e-01
    9.30791020e-01 4.55644995e-01 2.99414277e-01 4.97494727e-01
    7.02341318e-01 8.64640176e-01 1.72489792e-01 7.05750942e-01
    9.37638044e-01 3.16310108e-01 6.41071677e-01 7.31309772e-01
    1.92649931e-01 2.83387065e-01 7.02144146e-01 5.50173283e-01
    8.60865116e-02 9.35251772e-01 4.85861331e-01 8.34616959e-01
    3.70954335e-01 2.37327158e-01 9.21690047e-01 8.13378692e-01
    7.14862943e-01 4.99428600e-01 4.67307270e-01 8.78457129e-01
    1.58927798e-01 6.32366359e-01 5.06652594e-01 4.93534654e-01
    2.78292537e-01 1.89445257e-01 3.30128551e-01 6.26181960e-01
    1.77143514e-02 4.11939621e-01 8.39198589e-01 4.10536826e-02
    3.79944146e-01 7.82966495e-01 5.70477903e-01 8.23565900e-01
    5.98412752e-03 2.75776803e-01 2.04598397e-01 7.56263733e-02
    6.06591940e-01 1.63897097e-01 9.28228378e-01 7.69603491e-01
    2.82497168e-01 4.00353372e-01 7.68008828e-01 1.08419746e-01
    3.66116762e-02 7.93399930e-01 2.45505482e-01 6.29370093e-01
    9.99578834e-02 6.55803740e-01 5.54030538e-01 6.30694032e-02
    6.39820099e-01 5.83493292e-01 2.62277067e-01 9.08882380e-01
    8.94151509e-01 6.83684111e-01 2.68978477e-01 1.74490660e-01
    3.13015163e-01 6.94184780e-01 8.26101661e-01 9.52401876e-01
    3.40122163e-01 2.02764243e-01 5.94406366e-01 6.85640037e-01
    1.34607285e-01 4.01688457e-01 2.97268629e-02 4.80425835e-01
    1.79403603e-01 5.41095614e-01 3.25235248e-01 9.51271236e-01
    3.12372327e-01 9.04747486e-01 6.66390061e-01 2.97736079e-01
    3.22134316e-01 1.57097191e-01 5.56985676e-01 4.98573273e-01
    3.04745525e-01 3.76946509e-01 4.58096236e-01 8.21406603e-01
    1.53490990e-01 3.25012445e-01 7.26548553e-01 2.34418869e-01
    4.21156496e-01 6.46581173e-01 8.33967090e-01 7.38447130e-01
    9.25889969e-01 4.57918048e-02 4.74996001e-01 4.24868226e-01
    7.69947886e-01 4.53871191e-01 8.76562059e-01 4.01263714e-01
    1.40641928e-02 1.91221237e-02 3.89723659e-01 5.35169303e-01
    7.86412954e-01 7.18057752e-02 9.69676375e-01 5.06602824e-02
    1.00400925e-01 1.47988260e-01 8.22206020e-01 5.49551189e-01
    1.34516656e-01 4.21640545e-01 3.80585134e-01 5.93006313e-01
    8.02456737e-01 3.48974228e-01 1.91076279e-01 9.51812267e-01
    8.46639276e-01 5.62773466e-01 9.26968694e-01 8.86777937e-02
    9.83767152e-01 9.62958515e-01 4.84141409e-01 6.41473830e-01
    4.26871121e-01 5.01886725e-01 2.97713518e-01 7.17345834e-01
    1.38997823e-01 7.76654124e-01 1.54491067e-02 9.69058156e-01
    5.95038891e-01 1.29753590e-01 2.88332045e-01 3.27898920e-01
    7.75752306e-01 5.95702708e-01 3.39784235e-01 6.06269360e-01
    7.98185468e-02 9.17315602e-01 7.12179661e-01 9.81752396e-01
    5.54634035e-02 8.62431765e-01 6.26451731e-01 8.25906515e-01
    1.37212336e-01 3.87302071e-01 4.13366973e-01 1.67756289e-01
    1.14767581e-01 4.09040868e-01 8.27214837e-01 8.83004069e-01
    1.16017014e-01 3.96594048e-01 5.77967227e-01 1.28923655e-02
    7.00798869e-01 9.66918230e-01 1.39815420e-01 4.16657537e-01
    1.80582613e-01 8.06000352e-01 8.30697775e-01 8.97482634e-02
    9.35501695e-01 9.35958505e-01 1.05078995e-01 7.68106937e-01
    7.08965182e-01 3.46483916e-01 3.12336594e-01 3.33339512e-01
    1.38705462e-01 5.98421872e-01 6.10663652e-01 3.04907441e-01
    6.50291204e-01 7.30925858e-01 5.61703444e-01 1.75803870e-01
    8.60440791e-01 2.03771412e-01 5.81260622e-01 9.29475904e-01
    2.15162635e-01 2.65616357e-01 4.00609493e-01 1.32134438e-01
    2.21247226e-01 6.27046824e-01 6.56850159e-01 5.61030447e-01
    4.56863999e-01 2.59111345e-01 8.19732845e-02 8.67597759e-01
    8.80743265e-01 1.65031910e-01 8.61171603e-01 1.06095105e-01
    7.40577579e-01 9.39738631e-01 8.02383125e-02 5.12800336e-01
    8.84456396e-01 9.49054599e-01 1.29149556e-01 8.88092637e-01
    7.84558773e-01 3.68321270e-01 6.60024524e-01 7.35945523e-01
    9.91435826e-01 9.53701019e-01 9.98135448e-01 6.33955300e-01
    2.46179789e-01 7.82485723e-01 7.43631959e-01 7.65118599e-02
    7.92277336e-01 5.32210290e-01 9.55372691e-01 6.27264678e-02
    1.60622716e-01 7.98725247e-01 1.68539375e-01 7.62760401e-01
    6.32877350e-02 3.03744853e-01 6.84831440e-02 3.93381417e-02
    3.98874879e-01 7.81208217e-01 1.57495618e-01 3.88763368e-01
    9.90935087e-01 4.87711757e-01 6.61653936e-01 1.15208715e-01
    8.96861196e-01 6.77088141e-01 8.71406078e-01 4.98907059e-01
    3.48868877e-01 3.13503355e-01 6.88725233e-01 6.30060375e-01
    1.96954131e-01 2.50443220e-02 7.69528151e-01 4.68944401e-01
    2.85008401e-01 4.40824538e-01 1.74631387e-01 8.01769435e-01
    5.26663959e-02 4.26510841e-01 1.33281559e-01 4.18801904e-02
    2.61081517e-01 8.61358285e-01 5.49915254e-01 1.16986185e-01
    1.62628144e-01 2.79501677e-01 2.44976282e-02 5.44948995e-01
    3.45547616e-01 9.22553658e-01 6.74649298e-01 2.79190779e-01
    6.19165719e-01 5.65928221e-03 4.80422497e-01 8.06329906e-01
    6.15175903e-01 9.43269491e-01 2.14219272e-01 5.88610113e-01
    1.69449031e-01 7.76543438e-01 6.65179431e-01 7.02881813e-01
    2.51185834e-01 3.28490436e-01 9.99694467e-01 1.73196733e-01
    9.49760675e-01 5.43862283e-02 6.59550667e-01 2.73528576e-01
    4.87219959e-01 9.17498946e-01 4.07009035e-01 6.37887776e-01
    3.86992484e-01 6.26038909e-01 3.06129992e-01 4.42075759e-01
    1.61493242e-01 1.32286161e-01 7.50334620e-01 1.86233252e-01
    8.77735138e-01 4.65713561e-01 9.66754556e-01 2.02595115e-01
    1.86509490e-02 1.95390046e-01 7.26737201e-01 5.34173846e-01
    4.72343743e-01 4.30925250e-01 5.03165185e-01 5.80973029e-02
    8.47809196e-01 5.40995002e-01 3.47991854e-01 1.25795245e-01
    7.53709495e-01 3.32864225e-01 4.29131687e-02 9.06932712e-01
    6.73733473e-01 9.67155278e-01 2.00577945e-01 8.11365604e-01
    2.81658411e-01 7.50758529e-01 4.43672836e-01 7.99657226e-01
    9.04088259e-01 8.09689641e-01 8.94267321e-01 2.00755358e-01
    1.30543023e-01 3.39577854e-01 7.61767268e-01 8.15561593e-01
    8.95947695e-01 7.12599277e-01 8.55059743e-01 4.68115985e-01
    3.64106148e-01 9.82237220e-01 5.51021576e-01 6.95535123e-01
    2.47920156e-01 5.05522490e-01 1.98129237e-01 3.43333840e-01
    4.71217155e-01 6.28460228e-01 8.13393950e-01 7.54815221e-01
    6.51810765e-01 8.21531773e-01 6.75161719e-01 1.47957146e-01
    1.00154191e-01 4.32995230e-01 3.05296987e-01 1.24218494e-01
    6.94335163e-01 4.81917858e-02 5.17989933e-01 3.79800677e-01
    5.94084740e-01 9.63282466e-01 6.28606856e-01 5.80471694e-01
    9.22318578e-01 6.51300609e-01 7.94958472e-01 1.24718934e-01
    9.70951498e-01 8.39795828e-01 8.83719027e-01 2.68913835e-01
    4.17590886e-01 6.42117262e-01 7.43806005e-01 9.47563231e-01
    6.96511567e-01 4.42099422e-01 8.98454428e-01 3.57701004e-01
    4.17571962e-02 3.04930568e-01 8.65176082e-01 6.12588227e-02
    6.58801377e-01 6.08548462e-01 3.60422760e-01 8.63025188e-02
    3.75808418e-01 2.34782040e-01 9.81026709e-01 6.35994792e-01
    4.71489936e-01 6.82709992e-01 5.53982198e-01 8.29294920e-01
    2.89878249e-03 2.90150076e-01 4.08633381e-01 6.39611363e-01
    2.28624582e-01 1.32598490e-01 5.99234343e-01 6.17187023e-01
    6.97751760e-01 7.66381621e-01 7.46946096e-01 3.91556263e-01
    9.52496231e-01 1.82896703e-01 4.30331379e-01 9.69476342e-01
    3.10256332e-01 9.48451459e-02 2.58618951e-01 2.33337790e-01
    9.42142725e-01 5.16679406e-01 5.78244865e-01 8.02651048e-02
    3.09939742e-01 9.28037763e-01 7.25452304e-02 4.71599221e-01
    4.51803774e-01 4.67558980e-01 8.61722946e-01 3.81336451e-01
    1.11978680e-01 2.71302640e-01 4.82547194e-01 6.75745249e-01
    3.51038784e-01 4.83213961e-01 2.23295003e-01 2.90703684e-01
    1.94916546e-01 5.62458336e-01 5.54440916e-02 7.17018545e-01
    6.72596276e-01 2.40646809e-01 4.17366952e-01 9.09710526e-02
    9.38588977e-01 3.87248397e-02 5.71897745e-01 2.36524075e-01
    2.21012741e-01 3.18563253e-01 2.09235311e-01 9.35796976e-01
    6.01323783e-01 4.32417154e-01 4.84705985e-01 4.71521020e-01
    1.76799953e-01 4.60048318e-02 5.36657751e-01 1.63132399e-01
    8.49105120e-01 7.32905984e-01 6.49053752e-01 6.21264398e-01
    7.76774883e-01 1.91338301e-01 2.62048334e-01 1.00947320e-01
    4.50527638e-01 6.13928556e-01 8.49319458e-01 7.43200779e-02
    1.15026921e-01 6.78592563e-01 5.62702119e-02 9.99196172e-01
    2.89753884e-01 6.34730518e-01 3.97303760e-01 8.30115736e-01
    1.68051273e-01 5.21529436e-01 8.36374462e-02 7.05630660e-01
    6.09949470e-01 1.46580547e-01 7.19350815e-01 3.85874420e-01
    4.15670276e-02 5.29635191e-01 3.44386905e-01 4.76558536e-01
    8.62309277e-01 1.42016888e-01 8.75183344e-01 7.14758992e-01
    6.45452201e-01 3.21191460e-01 8.47978115e-01 7.46851444e-01
    1.45035982e-03 2.27160871e-01 4.11719441e-01 3.27656209e-01
    6.47980928e-01 1.03979528e-01 2.28209823e-01 1.68837517e-01
    6.46767914e-02 7.63192892e-01 4.03843790e-01 4.62819725e-01
    3.42665374e-01 3.57011020e-01 5.59485734e-01 5.98527431e-01
    6.80514097e-01 6.61946356e-01 6.58460140e-01 2.60941386e-01
    1.89244926e-01 4.13836032e-01 7.75523245e-01 4.99217242e-01
    6.09768987e-01 1.98580384e-01 3.86051208e-01 9.32896614e-01
    7.98320770e-01 7.61642456e-01 4.41834778e-01 5.04729450e-02
    2.76622444e-01 2.93943584e-01 3.67001295e-01 1.80263460e-01
    3.49397123e-01 8.90049934e-01 5.82145095e-01 5.96424580e-01
    7.41699994e-01 6.72664523e-01 6.23524427e-01 5.61437905e-02
    1.09440923e-01 1.65841550e-01 9.39141154e-01 5.30726075e-01
    7.91357994e-01 9.13612843e-02 8.86443257e-01 8.16654205e-01
    4.07237530e-01 3.69673342e-01 2.07444459e-01 4.18934494e-01
    7.61213720e-01 4.45092112e-01 2.01205701e-01 4.13726330e-01
    2.82828987e-01 1.51866078e-02 9.91498232e-02 8.86016846e-01
    7.91389644e-01 5.21121442e-01 1.94831669e-01 6.51336312e-01
    4.95725065e-01 8.03574681e-01 3.97289038e-01 2.28428692e-01
    6.59368396e-01 9.62818265e-01 5.24798155e-01 3.85542929e-01
    4.04210299e-01 6.18875146e-01 8.41371059e-01 4.10490334e-02
    8.25933337e-01 1.12235397e-01 9.24377799e-01 9.68422294e-01
    2.07692504e-01 8.03298116e-01 4.43583310e-01 4.33139145e-01
    5.70029616e-01 7.03627169e-01 1.26576424e-01 8.76151025e-01
    7.19829202e-01 7.34203398e-01 7.78265476e-01 7.36958265e-01
    3.14825833e-01 6.18552208e-01 8.22441280e-02 7.26128519e-01
    5.77708423e-01 3.85101974e-01 9.15573180e-01 8.95377040e-01
    7.59118438e-01 2.44743079e-01 2.60948241e-02 6.07129276e-01
    2.42349178e-01 7.76029825e-01 4.54985797e-01 6.41085207e-01
    1.66300803e-01 4.31979001e-01 2.51861155e-01 3.69492352e-01
    5.28796017e-02 5.36818206e-02 3.83027732e-01 5.87566495e-02
    3.72716427e-01 8.23585272e-01 6.14929199e-01 6.06236339e-01
    5.64485073e-01 4.94762927e-01 6.69345856e-01 5.37303090e-02
    6.80010796e-01 1.17721885e-01 4.46598619e-01 7.63773263e-01
    4.27203417e-01 9.58271146e-01 9.23828006e-01 4.30394948e-01
    8.79129887e-01 5.63728809e-02 5.10182440e-01 2.61843622e-01
    7.69953012e-01 8.94641936e-01 8.42179656e-02 4.65933859e-01
    4.95968431e-01 5.96867085e-01 3.66601259e-01 4.02073711e-01
    2.87336349e-01 8.07258070e-01 8.30309927e-01 2.31620163e-01
    8.09969485e-01 2.35343397e-01 3.75894308e-01 2.40634829e-01
    3.01821828e-01 5.21177471e-01 7.50812292e-02 3.80464852e-01
    1.95775926e-01 7.98932314e-01 6.61503911e-01 9.79986191e-01
    6.14705980e-02 3.90116125e-01 5.38794398e-01 4.20324445e-01
    1.05202258e-01 1.02510303e-01 1.49271488e-01 2.77111828e-02
    6.43397808e-01 3.95350695e-01 8.69422197e-01 4.57482934e-01
    5.15262783e-02 9.05525327e-01 7.18817234e-01 8.63003612e-01
    1.07094646e-03 8.72488618e-02 5.54882288e-01 8.50603163e-01
    1.40795708e-01 9.61564302e-01 1.77857131e-01 8.34247649e-01
    3.04915488e-01 9.00766373e-01 4.10936922e-01 4.19528127e-01
    7.97839761e-01 5.80942750e-01 9.97986913e-01 3.62708509e-01
    4.51527238e-02 5.94282329e-01 2.52723396e-02 7.92249203e-01
    6.68869197e-01 5.46117902e-01 3.86000216e-01 8.98103058e-01
    4.25087988e-01 8.90392065e-03 8.83873820e-01 8.27727199e-01
    3.02955210e-02 4.12340611e-01 2.79362261e-01 9.07320499e-01
    3.37075233e-01 2.04844147e-01 6.15999877e-01 9.46887016e-01
    4.65955347e-01 7.45517731e-01 8.91834021e-01 7.02744246e-01
    7.54449010e-01 2.88546801e-01 8.14778864e-01 4.04117286e-01
    7.09464133e-01 6.07179403e-01 5.32914996e-02 5.47939837e-02
    2.62794048e-01 6.03523493e-01 1.79308653e-03 9.37859893e-01
    8.55292797e-01 4.90865558e-01 2.89949298e-01 6.72412872e-01
    9.16414499e-01 9.99624908e-01 9.08116817e-01 6.81570470e-02
    8.27224255e-01 3.71199906e-01 5.77874780e-02 9.71386194e-01
    1.36621624e-01 7.61158109e-01 4.57387298e-01 8.46069276e-01
    6.94610655e-01 6.32578373e-01 7.90600061e-01 6.66672885e-02
    4.08520371e-01 5.70204079e-01 9.04682398e-01 8.95184457e-01
    7.65858948e-01 8.67992640e-02 8.53845119e-01 5.33331335e-01
    5.43984830e-01 4.91526991e-01 9.62538242e-01 8.38691950e-01
    1.44745767e-01 1.30808175e-01 5.44644654e-01 1.45395249e-01
    3.28756779e-01 8.05091381e-01 3.31761509e-01 3.06677520e-01
    9.26470757e-01 5.57758033e-01 4.96484369e-01 8.61645818e-01
    4.21816111e-02 4.40149158e-01 9.62557316e-01 2.65389323e-01
    5.83231449e-05 9.90436673e-02 3.10861081e-01 8.45102429e-01
    5.19098163e-01 2.31285095e-02 3.51782620e-01 5.96276700e-01
    3.13670337e-02 9.86696005e-01 8.36041570e-02 2.94631839e-01
    4.26454216e-01 3.24898511e-01 4.21139926e-01 5.66361725e-01
    4.59791541e-01 9.01008725e-01 9.63528752e-01 6.61888242e-01
    7.87268281e-01 2.96336770e-01 6.32880032e-01 9.25461411e-01
    5.11633098e-01 7.36235857e-01 3.55287403e-01 5.51983595e-01
    5.87145925e-01 8.08445930e-01 5.21951258e-01 8.21952343e-01
    4.04942364e-01 4.29758996e-01 8.58266830e-01 2.53280729e-01
    2.89838940e-01 4.56337631e-01 1.84696525e-01 8.43336880e-02
    3.50447595e-01 4.18586135e-02 4.15382147e-01 6.24550164e-01
    9.94600654e-01 5.90117574e-01 1.61291748e-01 7.64067650e-01
    3.15730155e-01 7.90576339e-01 4.88521844e-01 2.72781432e-01
    2.59340972e-01 9.81958508e-01 9.21820164e-01 5.08672297e-01
    4.44542319e-01 9.89541888e-01 5.71084023e-01 7.09478378e-01
    6.39841974e-01 8.99652958e-01 8.74639750e-01 8.66865575e-01
    2.51697958e-01 2.10202038e-01 8.68086815e-01 2.68054247e-01
    2.63916761e-01 5.75001419e-01 1.33703113e-01 5.53026199e-01
    2.32738465e-01 7.73014903e-01 5.79799294e-01 7.68828988e-01
    1.42397881e-01 6.85453653e-01 6.79823518e-01 4.78291303e-01
    5.21535277e-01 8.62416625e-01 1.49787158e-01 4.95011061e-01
    8.34032893e-01 2.22566038e-01 7.24322796e-01 7.95879722e-01
    4.19481367e-01 2.58808017e-01 1.35463864e-01 3.49701464e-01
    7.53502965e-01 8.07422638e-01 7.35303164e-01 5.76522291e-01
    8.69468451e-01 2.59814382e-01 1.93970561e-01 1.26529366e-01
    7.76008427e-01 3.02412152e-01 7.72161722e-01 4.30545211e-01
    3.98418128e-01 5.22118211e-01 6.01790130e-01 2.33291060e-01
    7.27333546e-01 8.26327324e-01 3.25432479e-01 2.49202579e-01
    5.82125425e-01 7.16247737e-01 1.24955148e-01 8.79892290e-01
    6.00756228e-01 6.23152018e-01 7.99838364e-01 4.60779607e-01
    3.14216942e-01 5.17578244e-01 8.55563343e-01 6.86368346e-01
    8.74940753e-01 8.83422136e-01 8.64865959e-01 5.78526795e-01
    6.49295330e-01 8.64409804e-01 9.12537336e-01 3.96585107e-01
    9.37744439e-01 7.78056085e-01 3.71302366e-01 5.52196741e-01
    7.94436932e-01 4.23928887e-01 9.18300331e-01 3.96408141e-01
    8.66089642e-01 9.20740962e-01 1.10048741e-01 5.02324641e-01
    2.57119834e-02 4.90880728e-01 8.03782344e-01 1.32463604e-01
    7.12020695e-02 4.53394055e-02 7.17505693e-01 7.62812972e-01
    6.76375151e-01 3.74000967e-01 3.75429541e-01 1.59894496e-01
    7.76305079e-01 7.56867528e-01 3.93637955e-01 4.16150033e-01
    8.60455751e-01 6.46919131e-01 4.81613576e-01 4.99238372e-01
    4.08224463e-02 2.56168723e-01 8.50652874e-01 1.71305209e-01
    6.69958472e-01 7.12754905e-01 8.00705671e-01 1.48042947e-01
    7.70376325e-01 1.21339679e-01 7.73581028e-01 5.83796978e-01
    8.45770240e-01 4.02715921e-01 2.06973523e-01 7.00179696e-01
    3.40657532e-02 2.01001287e-01 9.75714564e-01 9.70055580e-01
    8.27265263e-01 5.22450805e-02 3.45711768e-01 1.08588099e-01
    5.33087969e-01 8.52890730e-01 3.13383460e-01 1.18758827e-01
    5.22588313e-01 5.55029213e-01 1.00854278e-01 5.88681042e-01
    1.09190643e-02 4.67556477e-01 8.84702563e-01 6.05207384e-01
    7.84283757e-01 4.35380459e-01 7.42704988e-01 8.99307132e-01
    3.95314217e-01 3.72030824e-01 5.58352292e-01 6.68752789e-02
    1.69884592e-01 9.77009177e-01 1.32393658e-01 8.24833632e-01
    4.46090698e-02 8.48828435e-01 5.39214671e-01 6.99482739e-01
    2.03560412e-01 3.88789117e-01 5.78326881e-01 6.89628303e-01
    4.08268750e-01 9.40218210e-01 5.95209837e-01 1.14370108e-01
    5.17083466e-01 8.65646005e-01 6.61760271e-01 3.91322315e-01
    6.57672226e-01 7.56383061e-01 3.82706970e-01 9.80171919e-01
    2.93700397e-02 5.42281747e-01 7.60166287e-01 6.95229173e-02
    6.45741165e-01 9.03342009e-01 3.38087678e-01 7.74675488e-01
    2.57139981e-01 4.04334128e-01 5.29616416e-01 8.84304285e-01
    8.69515300e-01 2.32337952e-01 5.68891346e-01 2.58151293e-02
    3.07702839e-01 8.71855080e-01 5.31282485e-01 8.14305067e-01
    5.79040170e-01 7.07699478e-01 5.15951991e-01 9.73729491e-02
    3.53749931e-01 9.04470801e-01 5.03287196e-01 6.31760359e-02
    1.01397932e-02 5.60661554e-01 4.93450642e-01 6.04679167e-01
    7.04399943e-02 6.28161073e-01 6.31523550e-01 8.88687968e-01
    9.91402745e-01 7.40702748e-02 2.55868733e-02 5.94365597e-01
    8.79486084e-01 9.61217999e-01 4.29787874e-01 6.03229642e-01
    3.23839664e-01 9.84525740e-01 3.14373374e-02 1.42035902e-01
    9.93555486e-01 2.80288577e-01 1.34984583e-01 4.98794138e-01
    7.27500975e-01 8.20123196e-01 2.27536142e-01 3.69548202e-02
    6.11626029e-01 5.28993428e-01 5.73790073e-01 6.45464599e-01
    6.58045113e-01 7.46284604e-01 7.31983006e-01 7.51175046e-01
    8.73322248e-01 5.72531343e-01 2.40055263e-01 5.72504938e-01
    5.73571920e-01 2.11219937e-01 4.76994812e-02 7.15360045e-01
    1.79369509e-01 3.21239352e-01 8.91022444e-01 2.33869970e-01
    8.30204785e-02 1.05619669e-01 8.42511654e-01 8.26421738e-01
    9.48888302e-01 8.88284147e-01 9.55204308e-01 1.97868824e-01
    5.39726794e-01 2.76122272e-01 2.63853014e-01 6.17899895e-01
    2.67430246e-02 6.80048168e-02 8.01436782e-01 2.81939149e-01
    5.03607810e-01 9.32933092e-01 4.74835992e-01 7.11411715e-01
    4.08952653e-01 1.03387237e-02 8.21296275e-01 4.94684488e-01
    4.03355360e-01 9.92235541e-01 4.40846562e-01 1.38497114e-01
    7.46607840e-01 8.68100882e-01 6.50286436e-01 8.93293858e-01
    5.87834537e-01 7.18258858e-01 4.45852220e-01 1.07279629e-01
    8.99811625e-01 2.64634728e-01 5.94119668e-01 9.75057960e-01
    5.51929593e-01 8.84992361e-01 6.07611299e-01 6.36291564e-01
    3.57800364e-01 1.49332136e-01 2.13323444e-01 2.87126869e-01
    3.26389551e-01 7.62202501e-01 4.21227098e-01 9.32324886e-01
    1.05752587e-01 8.20362568e-03 9.19706702e-01 1.11317664e-01
    9.45143163e-01 5.24180472e-01 4.91372049e-02 5.58797717e-01
    3.79552722e-01 8.08977127e-01 3.96055132e-01 6.83058441e-01
    8.89283419e-01 6.52239323e-02 7.76235521e-01 8.60146642e-01
    7.94946671e-01 4.56878185e-01 9.90631163e-01 6.80927157e-01
    5.83869398e-01 5.36726177e-01 5.09915352e-01 5.43761849e-02
    1.80480957e-01 8.91874909e-01 1.33624136e-01 5.11846423e-01
    6.30408406e-01 9.69854593e-01 3.80762786e-01 3.84433478e-01
    4.42042947e-02 5.73713899e-01 8.27057838e-01 6.85316324e-02
    5.79099596e-01 3.30518275e-01 6.64276361e-01 2.28808969e-01
    1.83712780e-01 1.76014960e-01 9.62925315e-01 3.57585788e-01
    6.05007231e-01 3.94365430e-01 7.39071131e-01 6.45040810e-01
    7.39352226e-01 3.52218777e-01 9.57118630e-01 8.25038552e-01
    1.96406335e-01 2.66230077e-01 9.68754292e-01 2.11658120e-01
    8.80520105e-01 6.19765103e-01 8.71051133e-01 6.52918518e-01
    7.04162359e-01 8.72566342e-01 8.28059673e-01 8.55668187e-01
    2.79649317e-01 8.02739918e-01 5.38099825e-01 9.65642452e-01
    6.38356090e-01 1.48280710e-01 5.50079763e-01 5.45335352e-01
    6.18624806e-01 5.50168633e-01 8.13040137e-01 3.21110070e-01
    8.46679807e-01 8.11747134e-01 7.36734569e-01 3.25446606e-01
    1.19248569e-01 7.06712008e-02 8.29741776e-01 8.31326425e-01
    3.93040657e-01 8.49028826e-02 3.89885426e-01 4.78372872e-01
    3.60318720e-01 2.48789608e-01 6.29369617e-01 2.94509828e-02
    3.87745470e-01 2.72495002e-01 4.78316069e-01 6.44347429e-01
    8.40947032e-03 1.81680709e-01 4.89980847e-01 9.22083616e-01
    8.10940504e-01 6.09122157e-01 7.65651822e-01 1.98442042e-01
    7.24955857e-01 3.72852325e-01 3.11760873e-01 7.72824049e-01
    2.46614784e-01 4.22716856e-01 4.34936196e-01 3.23381782e-01
    7.20646441e-01 7.74082601e-01 4.90203619e-01 9.80672598e-01
    8.28287780e-01 5.78995883e-01 5.36785841e-01 5.11177957e-01
    5.28013349e-01 5.00265837e-01 9.07215357e-01 8.34023237e-01
    8.97281170e-01 8.46644700e-01 6.22661293e-01 9.00270522e-01
    9.57251668e-01 7.07950294e-01 1.06567889e-01 2.62144923e-01
    8.39968204e-01 8.19036484e-01 3.37300837e-01 9.20509696e-02
    5.42429686e-01 3.45524460e-01 6.05117917e-01 1.21186763e-01
    7.45512128e-01 5.83463669e-01 9.08084750e-01 7.56622314e-01
    6.57941878e-01 6.38213336e-01 2.91581720e-01 8.84997606e-01
    2.65515685e-01 4.81310815e-01 3.28443050e-01 5.57931483e-01
    2.03420162e-01 2.12412089e-01 8.84939075e-01 5.54138541e-01
    9.20524418e-01 9.55874443e-01 4.44107980e-01 3.06842029e-01
    4.88358527e-01 2.46293157e-01 9.17718768e-01 4.90571678e-01
    3.83452952e-01 6.53982520e-01 6.52875781e-01 5.64558804e-01
    3.93126607e-02 3.94869775e-01 8.47022295e-01 1.96781844e-01
    1.07318729e-01 3.30739558e-01 5.61350346e-01 9.77157652e-02
    1.93572819e-01 2.78109044e-01 5.24879813e-01 5.76978743e-01
    2.81829178e-01 7.87895083e-01 1.96520895e-01 3.07985365e-01
    7.14545965e-01 6.41141832e-01 3.71509135e-01 5.14473736e-01
    7.98130751e-01 2.67810553e-01 4.70166534e-01 1.46287948e-01
    1.50919825e-01 3.08282465e-01 9.79078650e-01 7.50971317e-01
    1.90165788e-01 9.29508328e-01 7.38314092e-01 6.40137732e-01
    2.07675606e-01 1.05246782e-01 7.05796838e-01 9.22599435e-01
    7.63983190e-01 1.40460134e-02 7.29543746e-01 4.18201089e-01
    1.28339350e-01 1.94485068e-01 2.95488715e-01 1.04306579e-01
    1.90677792e-01 6.23429894e-01 4.32366908e-01 5.93459427e-01
    8.41459632e-01 8.90138805e-01 9.63094652e-01 8.02627742e-01
    6.92826927e-01 9.15648937e-01 3.25657815e-01 9.52819824e-01
    2.47895271e-01 5.60971439e-01 8.39192867e-01 8.71073186e-01
    1.46428138e-01 5.74123383e-01 3.39036286e-01 8.16585779e-01
    2.61845022e-01 7.02094018e-01 9.00498569e-01 5.48249483e-03
    2.95004934e-01 8.32378566e-02 2.70395458e-01 9.36038852e-01
    4.98810977e-01 9.06421542e-02 2.47503012e-01 3.87366712e-01
    1.76207423e-02 6.80150509e-01 4.37128067e-01 9.34808433e-01
    5.34878194e-01 1.05856001e-01 4.30724263e-01 1.35652721e-01
    2.64726460e-01 9.75056887e-02 9.79298115e-01 6.18399978e-01
    2.21711725e-01 3.51645291e-01 7.59910464e-01 9.51497316e-01
    3.84713531e-01 2.13186920e-01 6.80368841e-01 1.50188953e-01
    3.92602533e-01 3.75141233e-01 4.22530890e-01 2.42052138e-01
    5.67492127e-01 3.28961194e-01 9.81293321e-01 8.98270786e-01
    4.60568607e-01 9.48653936e-01 4.97209042e-01 2.30210096e-01
    7.75140166e-01 7.19768643e-01 4.33667123e-01 8.21149349e-01
    1.62604123e-01 1.77539438e-01 3.23676944e-01 4.88369942e-01
    1.94444597e-01 9.13185239e-01 3.64972293e-01 8.50791335e-01
    2.17548817e-01 9.57275987e-01 4.17858362e-02 9.20432746e-01
    2.20643580e-01 8.33411813e-01 2.43866980e-01 8.29292893e-01
    6.16048753e-01 7.41915405e-01 9.58665609e-01 8.47725093e-01
    7.37517297e-01 2.71476388e-01 3.11193168e-01 9.35723066e-01
    6.37749791e-01 8.45360756e-02 1.38099581e-01 1.20896757e-01
    9.94632661e-01 2.49283224e-01 6.33588076e-01 6.01181448e-01
    7.07286775e-01 1.51587665e-01 8.10361028e-01 5.20671964e-01
    5.08035541e-01 2.88036108e-01 7.64034510e-01 7.39992380e-01
    9.25974607e-01 2.17708319e-01 1.40804648e-02 6.19645655e-01
    7.35642135e-01 7.93080270e-01 6.24257505e-01 9.81199384e-01
    6.24083817e-01 8.85680437e-01 7.22474933e-01 6.76280320e-01
    3.65100563e-01 1.93066925e-01 9.89578545e-01 9.95951056e-01
    9.86368835e-01 4.16350365e-03 7.64585078e-01 2.86957234e-01
    7.82211781e-01 6.40003860e-01 4.35656965e-01 3.02528143e-02
    6.51464462e-01 2.60844767e-01 9.33938622e-01 6.67646527e-01
    5.95799744e-01 3.94399285e-01 1.28836513e-01 5.33271730e-01
    7.81723440e-01 2.21756518e-01 6.76003277e-01 4.38292980e-01
    1.51192635e-01 3.65235239e-01 2.37481982e-01 9.47576880e-01
    6.68802381e-01 8.26075554e-01 8.70489240e-01 8.60658526e-01
    5.90340674e-01 7.58899868e-01 4.66057807e-01 2.26442993e-01
    4.96065229e-01 1.11700207e-01 3.59507799e-01 6.55622244e-01
    8.78213525e-01 5.03845811e-01 9.27238822e-01 7.56621361e-01
    9.58434463e-01 4.93170321e-01 4.73299861e-01 5.85819125e-01
    5.30790687e-01 9.42699432e-01 5.86254656e-01 4.17827845e-01
    7.89919317e-01 8.13358784e-01 2.78028876e-01 8.24672282e-01
    5.52457988e-01 3.04947436e-01 6.16984904e-01 5.39670646e-01
    6.81598365e-01 1.83159024e-01 2.27838755e-04 2.37442255e-01
    5.35965860e-01 3.60969245e-01 8.79890084e-01 8.81554604e-01
    1.82742953e-01 1.80671006e-01 3.53375047e-01 8.55508447e-01
    6.94943428e-01 2.01286733e-01 8.51671696e-01 5.77178836e-01
    3.22735935e-01 4.18159723e-01 4.70041722e-01 4.43223625e-01
    7.87728012e-01 8.60062361e-01 3.26604187e-01 5.20647585e-01
    5.57853222e-01 5.56360960e-01 5.27563334e-01 7.33577549e-01
    8.92426848e-01 9.44864333e-01 7.14394331e-01 7.78196454e-02
    1.30709231e-01 9.01044011e-02 7.56281316e-01 4.72141713e-01
    3.89273852e-01 7.27088809e-01 8.27070713e-01 3.98442328e-01
    1.61706984e-01 3.35161269e-01 4.57712442e-01 6.02587938e-01
    4.83103275e-01 1.19714111e-01 8.10366750e-01 9.58348095e-01
    7.25270808e-02 8.02451491e-01 7.84477949e-01 4.90826368e-02
    5.83775818e-01 3.36968422e-01 4.54875231e-01 2.71501124e-01
    6.43807352e-02 3.72274160e-01 4.47440445e-01 3.62184525e-01
    8.75918567e-01 1.98753834e-01 4.77420539e-01 3.70791823e-01
    5.21458745e-01 7.43215382e-01 4.36083555e-01 2.06795335e-01
    4.57592726e-01 5.28931737e-01 1.51277840e-01 7.98772454e-01
    4.49650049e-01 3.75406563e-01 5.70226550e-01 7.01497018e-01
    9.47273612e-01 1.52616084e-01 7.18700886e-03 4.81737435e-01
    3.11150432e-01 5.48961818e-01 4.70442325e-01 9.03403401e-01
    6.85069323e-01 7.11551309e-01 2.91002929e-01 5.58475792e-01
    5.41266322e-01 1.07999802e-01 6.18774414e-01 6.15877509e-01
    2.89835393e-01 6.21884406e-01 8.98168564e-01 4.06957626e-01
    9.98626053e-01 3.51557016e-01 9.62424517e-01 4.28106189e-01
    4.19456959e-02 1.21081203e-01 3.28273594e-01 2.67691821e-01
    4.51666802e-01 5.46827197e-01 8.25121999e-03 9.07908022e-01
    7.43269324e-01 5.58878005e-01 9.08996880e-01 7.67673612e-01
    7.19982386e-02 1.03878945e-01 7.15157866e-01 9.92405474e-01
    6.37353897e-01 9.37426686e-02 3.26595306e-01 7.92210221e-01
    2.41402417e-01 2.39150167e-01 6.44930899e-02 7.62640834e-02
    5.37032485e-01 6.09013319e-01 2.24627584e-01 1.46536976e-01
    6.49295270e-01 2.87409604e-01 1.83822513e-02 6.51157379e-01
    4.27899063e-02 3.18595350e-01 2.80167580e-01 2.07779795e-01
    2.37883359e-01 2.27297395e-01 5.99806488e-01 3.17006618e-01
    9.56467688e-02 8.52116346e-01 5.18940628e-01 1.86045319e-01
    7.73861110e-01 5.20985723e-02 7.65978694e-02 7.77041793e-01
    8.90442729e-01 2.54649848e-01 2.00789511e-01 9.02747989e-01
    3.85978818e-02 4.11777169e-01 9.19930398e-01 2.78247535e-01
    6.30228460e-01 9.54063058e-01 1.14570588e-01 7.93852210e-02
    2.62222230e-01 2.59409904e-01 3.89431506e-01 7.38767385e-02
    5.00138342e-01 8.36469531e-01 8.89920890e-01 5.63753247e-01
    4.35155511e-01 8.84010255e-01 6.87359869e-02 3.24784815e-02
    8.39483380e-01 9.11308765e-01 7.72472918e-01 4.30081218e-01
    9.79094148e-01 4.89970833e-01 3.69592190e-01 1.12277508e-01
    1.73169971e-01 7.94124067e-01 8.02539647e-01 3.26570868e-01
    4.16416466e-01 7.71315098e-01 9.84784722e-01 6.70997858e-01
    9.03221369e-01 8.19742680e-04 5.05606115e-01 1.36967510e-01
    3.86349261e-02 3.73976320e-01 6.44893527e-01 2.19663590e-01
    6.29063249e-01 7.40314782e-01 9.70557094e-01 6.39676571e-01
    5.34904778e-01 8.25513899e-01 1.06811851e-01 4.28262949e-01
    5.97004592e-01 2.53057897e-01 6.68150365e-01 5.15022218e-01
    9.71982241e-01 5.07872641e-01 7.19814718e-01 2.66965032e-01
    5.58758378e-02 8.05632114e-01 3.09114397e-01 5.29996872e-01
    2.53799289e-01 8.62170339e-01 6.42370939e-01 7.05106258e-01
    8.93354118e-02 4.44136739e-01 5.42931914e-01 2.21711695e-01
    1.53324485e-01 6.02759600e-01 7.45813131e-01 7.31416523e-01
    5.13787270e-01 1.50304437e-01 7.82655060e-01 7.64593720e-01
    7.33950078e-01 7.59412944e-02 9.15457368e-01 4.06945348e-01
    6.74989700e-01 3.39022130e-01 4.42664474e-01 1.20750815e-01
    3.34046245e-01 1.05829686e-01 3.12057793e-01 4.44554716e-01
    2.69763827e-01 7.81316757e-01 7.99806595e-01 7.94125199e-01
    3.55621010e-01 1.20004773e-01 1.61309630e-01 7.35379159e-02
    7.07261026e-01 2.19667554e-01 3.85838747e-03 9.26291823e-01
    2.90450573e-01 6.95348799e-01 5.26538253e-01 9.05114412e-03
    1.42559171e-01 7.57746339e-01 5.29941678e-01 4.96159494e-01
    1.44008219e-01 5.12173772e-01 9.45201039e-01 5.51302791e-01
    7.98617482e-01 1.54161781e-01 3.03444564e-01 3.59392226e-01
    6.12396002e-01 9.15423453e-01 7.08821714e-01 2.32976258e-01
    1.37781352e-01 4.52673554e-01 7.74228513e-01 3.06069493e-01
    6.89360559e-01 3.87272775e-01 2.19335288e-01 2.67594576e-01
    3.19963038e-01 8.92307699e-01 5.48493743e-01 2.31478989e-01
    6.91316664e-01 8.82277727e-01 7.01067209e-01 5.86763859e-01
    6.49760842e-01 9.08109784e-01 8.48714113e-02 3.34963620e-01
    1.73721880e-01 2.84291685e-01 5.87032020e-01 6.79933786e-01
    1.78824604e-01 6.20383918e-01 7.92409480e-01 1.17614359e-01
    7.55103409e-01 6.92870796e-01 1.69387966e-01 4.49289173e-01
    7.30994463e-01 3.31157267e-01 4.92994487e-02 4.13571119e-01
    2.50391990e-01 1.70354247e-02 1.87687218e-01 5.12060642e-01
    8.50966930e-01 3.54178309e-01 5.36197007e-01 8.69261384e-01
    3.45889270e-01 8.42489541e-01 8.37918520e-01 3.45882595e-01
    4.44400936e-01 6.62112713e-01 7.96450019e-01 7.45631516e-01
    1.94364399e-01 7.37629056e-01 2.23509669e-02 7.10518956e-02
    1.87361747e-01 3.66109639e-01 4.56380486e-01 1.94444180e-01
    3.01679313e-01 5.43092072e-01 3.33539784e-01 9.82048631e-01
    8.53666425e-01 1.39007866e-01 4.18303847e-01 1.81714565e-01
    5.28418899e-01 5.51858604e-01 3.11433971e-01 3.81599486e-01
    8.95008326e-01 3.15399766e-01 3.53711605e-01 5.72791159e-01
    4.12960112e-01 8.62350702e-01 4.69959468e-01 1.47491515e-01
    9.74563837e-01 6.88975811e-01 1.68090105e-01 3.35237712e-01
    4.40562636e-01 5.20331264e-01 7.47932911e-01 4.98740375e-02
    9.10628378e-01 7.77115345e-01 8.96594226e-02 7.36823559e-01
    9.01319683e-02 8.30387115e-01 1.81302696e-01 6.65518343e-02
    4.78064299e-01 6.50776446e-01 2.29580790e-01 4.39350307e-02
    5.64620137e-01 4.48305607e-01 5.95355213e-01 2.10752219e-01
    2.34452635e-01 5.83537340e-01 1.23136044e-01 9.71435905e-01
    7.32148051e-01 9.77996647e-01 3.56763959e-01 7.62144268e-01
    1.44949973e-01 5.94122827e-01 1.33474708e-01 7.80956626e-01
    9.41934943e-01 9.24414217e-01 9.39202905e-02 4.38027084e-02
    1.44387096e-01 3.06258142e-01 3.55301917e-01 4.55783218e-01
    4.53412235e-01 3.19171011e-01 7.73905396e-01 1.22067720e-01
    2.69661456e-01 7.22541511e-01 6.49656355e-01 8.04540813e-02
    6.83946848e-01 5.61890721e-01 8.60117555e-01 6.66356623e-01
    1.04473650e-01 7.98346639e-01 6.36851788e-01 8.68678153e-01
    9.90959883e-01 5.28125405e-01 4.62854981e-01 3.15197229e-01
    1.16724640e-01 6.24787629e-01 7.66157031e-01 2.79391170e-01
    2.15028524e-01 1.92268997e-01 2.16934681e-01 6.64681375e-01
    7.17544734e-01 8.75759602e-01 7.56281078e-01 9.09806669e-01
    5.85722685e-01 6.32739365e-01 6.73995733e-01 6.45637572e-01
    8.78197670e-01 1.73661470e-01 3.47298741e-01 8.27679455e-01
    8.78234923e-01 4.33967412e-02 9.51382816e-01 8.57057631e-01
    8.97316337e-01 2.62746513e-01 8.34440231e-01 4.59445477e-01
    9.00314093e-01 5.55278599e-01 9.92078006e-01 4.44127798e-01
    1.56460881e-01 4.58649158e-01 3.63652557e-01 3.96436632e-01
    6.22846365e-01 5.83283007e-01 3.62386018e-01 3.41734827e-01
    1.62355334e-01 8.83829594e-02 3.45215648e-01 5.96036434e-01
    5.35036147e-01 8.09372127e-01 6.69874549e-01 3.67924988e-01
    7.11257100e-01 1.66739643e-01 6.14056051e-01 5.03308117e-01
    5.98047137e-01 9.14417505e-02 3.88982028e-01 5.50560057e-02
    6.66741729e-01 2.48888463e-01 3.96985054e-01 2.09376037e-01
    8.50099266e-01 6.11930490e-01 8.08464289e-01 5.06154716e-01
    8.47983599e-01 7.19352067e-02 9.76111650e-01 9.37611997e-01
    7.09497929e-02 9.28266883e-01 4.19631630e-01 5.99305868e-01
    9.01024103e-01 9.80236530e-02 1.16055012e-02 8.08231235e-01
    3.27671409e-01 1.99363083e-01 4.75876123e-01 5.57973146e-01
    3.95984083e-01 2.64253139e-01 7.56191492e-01 3.47583115e-01
    8.99562657e-01 2.53720999e-01 9.01241064e-01 9.56135988e-01
    3.43966186e-01 3.21904063e-01 7.64508605e-01 2.53018320e-01
    8.77736509e-02 2.89363027e-01 9.28593218e-01 4.50317204e-01
    5.79620898e-01 8.91718507e-01 3.46996963e-01 3.23339313e-01
    7.91537046e-01 2.72949696e-01 7.84261823e-01 8.47817779e-01
    6.23732269e-01 2.03222126e-01 9.71445918e-01 4.34386820e-01
    4.39141691e-02 9.18453515e-01 1.91635430e-01 5.89061677e-01
    4.86629605e-01 2.13765740e-01 8.46398115e-01 9.78821814e-01
    9.76927280e-01 6.14758611e-01 5.07204831e-01 5.39142966e-01
    9.83287036e-01 8.18645239e-01 5.92293620e-01 1.93382978e-01
    2.25405216e-01 5.77261686e-01 3.09628844e-01 6.29267454e-01
    5.15178204e-01 6.12977505e-01 3.68766606e-01 3.54348421e-01
    6.69510663e-02 5.88457763e-01 3.31379384e-01 3.99006009e-01
    4.93171096e-01 9.98263121e-01 7.67852902e-01 4.38121557e-02
    4.19626534e-02 7.35792160e-01 6.29181564e-02 2.74210066e-01
    8.08519602e-01 2.23940372e-01 9.40195620e-02 5.08349955e-01
    2.65049100e-01 9.55910206e-01 4.01744783e-01 8.43802094e-01
    6.70248449e-01 2.05309421e-01 4.39953774e-01 5.03284514e-01
    1.42570436e-02 5.46749353e-01 3.65419090e-01 1.16315931e-01
    8.77186298e-01 8.73340726e-01 6.07686996e-01 6.02782071e-01
    9.87062633e-01 3.79977763e-01 7.43872643e-01 3.08409452e-01
    6.81443691e-01 2.43652761e-01 6.37596607e-01 1.29893959e-01
    5.61095297e-01 2.47216851e-01 7.89970517e-01 7.08648622e-01
    6.11590981e-01 6.45852804e-01 5.29546142e-01 9.50659513e-01
    6.88511133e-02 5.27130544e-01 7.30943143e-01 3.35889697e-01
    1.72366589e-01 5.15346408e-01 5.49069524e-01 4.25742745e-01
    2.14645803e-01 2.19102889e-01 7.51001239e-01 8.15469742e-01
    6.91651821e-01 7.61591196e-01 4.26404506e-01 3.64687979e-01
    2.71787941e-02 7.89155543e-01 6.85736656e-01 4.80465144e-01
    3.23670149e-01 9.19217467e-01 6.18755519e-01 1.84967935e-01
    4.34894264e-02 1.83033258e-01 9.04013395e-01 4.26538199e-01
    9.41969752e-01 8.19303155e-01 4.84555960e-03 7.43979216e-03
    6.43082857e-01 5.47195077e-01 9.30536270e-01 8.60493720e-01
    1.73587561e-01 3.28920037e-01 9.91481602e-01 8.71029377e-01
    3.63684952e-01 9.74615932e-01 3.36981148e-01 4.24994737e-01
    3.29067111e-01 6.26492083e-01 1.22291595e-01 6.75387621e-01
    7.97190547e-01 8.80805016e-01 9.18997526e-01 9.81218338e-01
    2.57272512e-01 7.91538835e-01 2.12405622e-01 4.98592854e-01
    2.16647655e-01 3.48804832e-01 4.73447949e-01 1.64786309e-01
    6.03623509e-01 2.39143878e-01 6.58150375e-01 1.67061061e-01
    7.73005426e-01 5.99827409e-01 1.50544196e-01 1.59893960e-01
    1.15802169e-01 9.61686611e-01 5.47181606e-01 3.07713151e-01
    4.54686791e-01 6.53346419e-01 7.11096227e-02 4.53912497e-01
    3.05939138e-01 1.08945936e-01 4.76126611e-01 7.28004336e-01
    5.77815533e-01 9.69651699e-01 3.61326635e-01 8.16685200e-01
    1.39952898e-02 4.32884872e-01 4.48709488e-01 4.49503839e-01
    7.83429265e-01 6.82834029e-01 3.68011206e-01 3.07698995e-01
    7.78258443e-01 8.05159211e-01 8.13311994e-01 3.47535729e-01
    4.41448212e-01 2.00574785e-01 8.46072316e-01 1.04379028e-01
    8.34365189e-02 5.03640592e-01 3.78082752e-01 3.53433192e-01
    9.54559445e-03 7.38770962e-02 7.67464519e-01 3.88062596e-01
    8.26627254e-01 5.85906625e-01 5.68820417e-01 4.77172494e-01
    3.22920740e-01 1.71125591e-01 7.28096843e-01 5.06396174e-01
    9.99464571e-01 4.51820374e-01 1.20454580e-01 8.05472970e-01
    1.76965147e-01 1.52097762e-01 9.65620875e-01 5.67140758e-01
    5.79035938e-01 5.24006069e-01 1.37413204e-01 3.41583192e-01
    5.25693059e-01 7.50045180e-01 1.34106278e-01 6.85183406e-02
    7.22843528e-01 8.57656240e-01 8.28618407e-01 4.11648154e-01
    6.84512079e-01 4.04138446e-01 8.77249360e-01 7.56443501e-01
    9.10668373e-01 2.41158873e-01 1.55604601e-01 3.51915181e-01
    7.31296539e-01 1.24308586e-01 9.07430887e-01 1.38780206e-01
    1.05997562e-01 6.22555494e-01 1.40818357e-01 1.93703204e-01
    6.81221247e-01 2.77991176e-01 1.76575661e-01 2.99995542e-02
    4.17575985e-01 9.33155537e-01 2.12884307e-01 6.66211724e-01
    9.72458959e-01 2.37258494e-01 5.05652905e-01 2.20669359e-01
    6.40136063e-01 2.27009416e-01 9.57693279e-01 5.90554476e-01
    2.23989338e-01 9.85971153e-01 2.66195327e-01 5.62410355e-01
    4.10893738e-01 2.48714298e-01 3.13395202e-01 8.25864315e-01
    5.03044188e-01 5.31117916e-01 2.15698838e-01 6.37093067e-01
    5.83637357e-01 8.12352061e-01 4.54742163e-01 1.68384880e-01
    3.06014597e-01 9.08947110e-01 1.31707460e-01 3.58073682e-01
    2.64580131e-01 3.52150798e-01 6.47682488e-01 5.21748543e-01
    5.01001716e-01 1.24136209e-02 1.67239457e-01 1.65918082e-01
    8.58732522e-01 2.60481656e-01 4.24651712e-01 2.86968350e-01
    8.42210412e-01 4.00142759e-01 9.43714738e-01 5.30625105e-01
    1.38329566e-01 2.08448350e-01 3.31828594e-01 8.61065984e-01
    3.03868055e-01 6.42903209e-01 3.97189915e-01 7.00575948e-01
    3.58906001e-01 7.35362768e-01 8.62342715e-01 1.17673039e-01
    8.61217499e-01 5.99537969e-01 4.67303693e-02 6.77118003e-01
    8.25898170e-01 6.74071610e-02 9.32911754e-01 2.02629924e-01
    7.67494321e-01 3.77300769e-01 1.84222430e-01 6.48637772e-01
    2.99071312e-01 2.62334347e-02 4.66496766e-01 4.25360501e-01
    4.57240731e-01 6.30881608e-01 7.16633618e-01 9.52134967e-01
    4.02372003e-01 3.27302337e-01 8.80777597e-01 7.76366115e-01
    8.53995144e-01 2.80362368e-02 3.28041017e-02 1.91397667e-01
    3.07154655e-03 5.36261380e-01 5.44467270e-01 6.70197845e-01
    3.15337777e-02 2.80365229e-01 3.79819721e-01 7.16372848e-01
    1.66407317e-01 5.34406304e-03 6.71356261e-01 9.52848613e-01
    5.67996502e-01 4.89711791e-01 1.55970454e-03 2.09118575e-01
    3.92574698e-01 3.16242427e-01 1.08489215e-01 8.19388390e-01
    3.94173622e-01 4.28059846e-01 4.94852781e-01 7.47514367e-02
    3.25708926e-01 9.45173740e-01 8.11989188e-01 8.66146088e-01
    5.91656923e-01 2.89574832e-01 6.46193981e-01 6.53511405e-01
    8.98573220e-01 6.63520992e-02 2.07109928e-01 7.44754016e-01
    3.49605203e-01 6.74301267e-01 2.91306138e-01 1.78329378e-01
    7.16839194e-01 8.08599591e-02 7.54546762e-01 6.11352026e-02
    4.13166523e-01 7.02391386e-01 6.84195876e-01 5.32736719e-01
    7.87805915e-01 5.62548518e-01 8.01783144e-01 3.78646344e-01
    5.67141116e-01 7.21752048e-02 8.36584091e-01 2.52534986e-01
    1.45963430e-01 4.01066363e-01 3.65751654e-01 6.68650091e-01
    3.62642854e-01 5.95910430e-01 5.64750433e-02 3.58574361e-01
    8.62030029e-01 3.01834881e-01 8.33099544e-01 3.29490125e-01
    6.65688157e-01 6.40321732e-01 5.28737128e-01 3.51832867e-01
    6.04245305e-01 1.03758097e-01 6.65124416e-01 9.33709979e-01
    7.01943040e-01 8.51827264e-01 2.26129770e-01 9.78600502e-01
    7.74329305e-02 4.40701485e-01 8.83737624e-01 8.91724467e-01
    1.00908488e-01 7.76114941e-01 3.53965342e-01 8.62583876e-01
    9.20244217e-01 4.16782796e-01 2.79882073e-01 4.24616426e-01
    7.24976897e-01 8.47320080e-01 3.10376674e-01 5.28089166e-01
    7.71866322e-01 1.24163806e-01 3.02329749e-01 5.24030983e-01
    4.60146338e-01 2.74946928e-01 1.48879379e-01 9.30644095e-01
    9.94608462e-01 7.18872428e-01 5.36419094e-01 5.25802553e-01
    5.15422940e-01 9.98275757e-01 5.56232393e-01 6.86368585e-01
    5.45479238e-01 9.22748804e-01 1.94742739e-01 3.40978742e-01
    5.27808428e-01 5.53203940e-01 5.19344211e-01 8.54037642e-01
    8.67564440e-01 9.44370508e-01 4.93116200e-01 2.70959020e-01
    8.34139824e-01 7.47020245e-01 5.70024490e-01 9.83849823e-01
    2.78436720e-01 3.78395289e-01 4.50353563e-01 7.21052527e-01
    2.24855751e-01 5.41235685e-01 4.22010392e-01 5.86426079e-01
    3.25613856e-01 2.99452841e-01 7.53511190e-01 7.78102636e-01
    6.93925738e-01 2.21547455e-01 4.48220640e-01 2.85794437e-02
    5.20955265e-01 6.45947695e-01 8.04447591e-01 4.72758293e-01
    5.11673212e-01 4.79806513e-01 8.97189081e-02 9.82901275e-01
    4.29248124e-01 4.68435884e-01 7.56194293e-01 1.54736727e-01
    4.17547345e-01 3.83424878e-01 4.12801087e-01 7.05943525e-01
    4.86481309e-01 1.40749514e-02 9.14918780e-01 5.07960498e-01
    7.23044336e-01 7.06516385e-01 3.08015406e-01 5.18143475e-01
    3.41017783e-01 3.86062026e-01 3.14149916e-01 4.36630130e-01
    9.37257886e-01 7.99246430e-01 6.79991186e-01 7.69632816e-01
    2.91386694e-01 9.69451427e-01 5.28568566e-01 3.55974197e-01
    4.50491607e-02 5.24201572e-01 2.51749873e-01 9.97417927e-01
    1.35268033e-01 3.76127660e-01 7.57959247e-01 1.37471437e-01
    3.58040273e-01 4.86250371e-01 7.25609899e-01 7.61484504e-02
    5.20998716e-01 6.52341843e-01 7.89334178e-01 5.98880649e-02
    3.20329607e-01 6.72744751e-01 7.60404766e-01 8.62836957e-01
    7.95140147e-01 1.81200176e-01 7.29207039e-01 5.24725318e-01
    4.36994791e-01 8.64836991e-01 4.44875747e-01 3.14634860e-01
    5.84376216e-01 3.26962471e-01 6.37044430e-01 3.95555794e-02
    5.77196479e-01 2.50242084e-01 5.09781420e-01 4.42498416e-01
    4.89186138e-01 3.71461004e-01 5.45904994e-01 6.83609843e-01
    9.63251591e-01 8.79801214e-02 8.64723623e-01 1.30833954e-01
    6.96028769e-01 7.14095056e-01 5.80365956e-01 9.94266748e-01
    4.38642889e-01 5.40247381e-01 6.07522607e-01 8.40188742e-01
    7.79525995e-01 4.91718650e-01 6.08981013e-01 8.89281631e-01
    5.05343080e-01 1.64391130e-01 1.64373219e-01 3.98838997e-01
    5.09820879e-01 7.72292495e-01 7.20880032e-01 7.56293833e-01
    1.11141384e-01 4.94323641e-01 1.98097646e-01 1.94693893e-01
    5.97808659e-02 2.87380815e-03 4.34064746e-01 2.04923153e-02
    3.18011969e-01 1.29102528e-01 7.93374538e-01 7.97585607e-01
    2.73016572e-01 9.95907784e-01 3.76215637e-01 7.54638553e-01
    1.72666401e-01 2.52595127e-01 8.53708506e-01 5.74528992e-01
    5.79677463e-01 3.23728085e-01 4.95103300e-02 8.25745702e-01
    5.16798198e-02 7.59250343e-01 1.94020867e-01 5.59817493e-01
    9.29037929e-02 6.54368401e-02 2.96829849e-01 3.23428512e-02
    7.25082159e-01 5.83210647e-01 1.68585688e-01 2.76609480e-01
    7.97329545e-01 1.84100568e-01 3.12786102e-01 6.72426164e-01
    3.98065239e-01 5.37345111e-02 7.22349286e-01 3.41550648e-01
    3.52842540e-01 3.93273175e-01 1.03254914e-01 9.06871557e-01
    6.88216925e-01 9.64754701e-01 4.44060862e-02 5.54488242e-01
    8.02445948e-01 7.04968274e-02 8.20425749e-01 9.78994250e-01
    8.49617243e-01 8.57753456e-01 6.74121737e-01 9.11066771e-01
    9.39608693e-01 1.30288512e-01 5.53962290e-02 8.35209608e-01
    4.61069584e-01 6.57516718e-03 5.39712012e-02 2.48256713e-01
    9.22927082e-01 5.56211650e-01 5.99523067e-01 7.33263016e-01
    7.12191045e-01 3.52564454e-02 4.92587656e-01 5.10743499e-01
    9.65100408e-01 3.12218040e-01 5.07510424e-01 8.98122430e-01
    3.18028301e-01 5.20420492e-01 7.49988973e-01 6.68460906e-01
    7.93441534e-02 7.43939996e-01 1.09312594e-01 4.35153604e-01
    9.76217747e-01 6.62609577e-01 8.91582310e-01 8.32489371e-01
    4.72835481e-01 2.17579752e-01 6.22698665e-03 9.48596001e-03
    1.90113366e-01 7.91837871e-02 4.32695210e-01 6.32921576e-01
    3.92750472e-01 6.71994328e-01 6.98759377e-01 4.28732544e-01
    4.78834212e-02 3.97937089e-01 6.41182065e-01 9.81185913e-01
    2.57146537e-01 5.51201105e-02 4.12077099e-01 5.94100356e-03
    5.23912132e-01 7.80873418e-01 8.78666878e-01 7.24976480e-01
    6.72177911e-01 3.65610719e-02 4.87530977e-01 7.21371531e-01
    6.85616434e-01 7.51251221e-01 5.73005736e-01 2.03950793e-01
    7.42888510e-01 9.60396051e-01 3.13375115e-01 1.63969189e-01
    7.27753401e-01 8.60207081e-01 5.74434817e-01 4.00415510e-01
    5.11725903e-01 5.37378252e-01 8.72221589e-01 6.37661815e-01
    2.26920277e-01 7.83866048e-01 2.19678730e-01 4.14562047e-01
    8.80460441e-01 3.85241240e-01 2.22017318e-01 8.68086040e-01
    9.42187309e-01 5.21081507e-01 7.76842654e-01 1.27086043e-02
    1.63479775e-01 2.60966361e-01 8.50078881e-01 9.82395768e-01
    7.47789443e-02 8.86482835e-01 3.61017674e-01 7.61553168e-01
    6.81576014e-01 5.78078449e-01 1.70700699e-01 4.99567300e-01
    4.19875801e-01 4.36766803e-01 2.50207931e-01 3.14262003e-01
    8.65463376e-01 9.21256542e-01 9.54967856e-01 3.11381370e-01
    8.06209087e-01 8.00253212e-01 1.51222318e-01 1.44638628e-01
    9.20702517e-02 6.21320605e-02 2.03401804e-01 7.10224032e-01
    2.44712144e-01 9.27281141e-01 9.07845497e-01 4.09662932e-01
    8.76251578e-01 7.65154362e-01 9.51109290e-01 3.55663002e-01
    7.26592839e-02 1.62234336e-01 7.95698166e-01 3.69530976e-01
    3.60040843e-01 2.66472518e-01 3.22534621e-01 4.24009860e-02
    7.40913510e-01 8.66758645e-01 7.35679626e-01 2.93044686e-01
    6.52715087e-01 1.90376848e-01 2.80396938e-02 5.38658202e-02
    1.76306963e-02 3.13769817e-01 2.84851313e-01 9.08542573e-02
    4.46458310e-01 2.69973040e-01 5.13200402e-01 6.92821681e-01
    4.83691424e-01 9.33075786e-01 7.11011171e-01 9.50614393e-01
    1.08685941e-01 5.62556565e-01 6.01517737e-01 1.39765084e-01
    3.52269113e-01 9.91554379e-01 8.27662230e-01 9.38881636e-02
    1.88743770e-01 7.54015326e-01 6.70619845e-01 2.45610267e-01
    3.44928890e-01 8.84403706e-01 8.19306612e-01 8.88155222e-01
    8.99282694e-01 9.61097240e-01 2.93194324e-01 2.10361034e-01
    8.19868565e-01 9.56305563e-01 3.64736736e-01 6.59271836e-01
    3.81902456e-02 8.36261153e-01 8.15000176e-01 6.26931071e-01
    7.78122425e-01 9.90010619e-01 6.05774462e-01 8.74599576e-01
    6.36909366e-01 1.63976789e-01 2.47061998e-01 3.69952619e-02
    1.46673292e-01 2.24427283e-01 4.99910086e-01 7.82582164e-01
    4.35488373e-01 4.84088093e-01 9.39258933e-03 8.09271157e-01
    9.57595110e-01 9.22506213e-01 3.28026652e-01 3.98501515e-01
    6.49820268e-02 3.34995151e-01 1.05175644e-01 6.75459325e-01
    8.04120302e-01 4.14643228e-01 2.30257660e-01 3.43067586e-01
    6.93251133e-01 6.46938264e-01 7.99330831e-01 8.59020472e-01
    6.31681025e-01 9.22819138e-01 7.85972714e-01 2.14812934e-01
    2.78711855e-01 7.28584766e-01 7.78858244e-01 5.26959658e-01
    9.02076125e-01 3.78655732e-01 6.02281332e-01 3.04539084e-01
    9.57611442e-01 8.87150228e-01 4.02588546e-02 7.05068231e-01
    1.99710041e-01 8.16573858e-01 2.70630538e-01 5.33596754e-01
    8.70180845e-01 8.92901003e-01 6.81984842e-01 8.12592983e-01
    5.16791642e-01 5.74986935e-02 6.79155350e-01 2.80250907e-01
    2.84536809e-01 5.70078611e-01 9.99958754e-01 7.09844589e-01
    1.58276677e-01 8.45524669e-01 7.37157643e-01 6.46939397e-01
    8.48562241e-01 2.88575232e-01 4.67852831e-01 3.36690664e-01
    5.94836593e-01 9.35304701e-01 1.25627965e-01 6.93112314e-01
    2.47306168e-01 3.47707838e-01 2.15315908e-01 5.10488153e-01
    4.70689803e-01 8.31065893e-01 8.57074380e-01 3.25352252e-01
    1.84430838e-01 5.60338318e-01 3.24023426e-01 2.17527747e-01
    9.46383953e-01 4.41710472e-01 3.34655523e-01 4.06086773e-01
    3.96528363e-01 7.27370679e-01 9.24369395e-02 5.90809107e-01
    6.05589271e-01 3.57882500e-01 9.24858809e-01 7.75055051e-01
    7.89217412e-01 7.29083657e-01 6.63566351e-01 4.50446963e-01
    9.95905399e-01 5.90854824e-01 3.65760088e-01 3.73986453e-01
    8.72592092e-01 2.00014830e-01 9.56272960e-01 2.90783316e-01
    5.85469306e-01 3.64523530e-02 4.98776913e-01 6.81108892e-01
    5.97538471e-01 6.59990191e-01 5.52411795e-01 6.72691464e-01
    4.75872934e-01 9.51798916e-01 7.15857625e-01 4.84303415e-01
    7.25932419e-01 6.52752817e-01 3.74381900e-01 4.93701249e-01
    1.74289405e-01 7.04076171e-01 8.00952077e-01 4.04778630e-01
    3.59016031e-01 6.79372311e-01 1.87825024e-01 1.33832872e-01
    5.76979399e-01 5.36766171e-01 8.24523926e-01 9.06400979e-02
    4.74555194e-01 1.84699953e-01 3.08334500e-01 3.22385281e-01
    6.49522603e-01 6.71859682e-01 9.72198486e-01 3.06756496e-02
    7.70677328e-02 9.01432335e-01 9.55492377e-01 7.67628312e-01
    3.55260104e-01 7.85674572e-01 9.59364533e-01 8.51750493e-01
    8.58044744e-01 9.64590192e-01 1.22212350e-01 5.60426116e-02
    3.43494892e-01 6.18952811e-02 4.73758817e-01 5.75097620e-01
    9.11708236e-01 8.70389223e-01 9.19477940e-01 6.72487855e-01
    1.35057926e-01 8.61190915e-01 4.27511632e-01 9.04546976e-01
    5.31440735e-01 5.61632216e-02 2.23221630e-01 4.39212620e-02
    1.49058998e-01 4.41556633e-01 6.77634180e-02 9.94121432e-02
    5.85892022e-01 9.86427665e-01 2.93448269e-01 2.15112597e-01
    4.83655810e-01 3.44169080e-01 7.09701002e-01 4.70616549e-01
    2.94451356e-01 4.50256884e-01 9.33547139e-01 4.21573222e-02
    4.59435433e-01 2.30225831e-01 7.11877346e-01 3.08996022e-01
    9.68163610e-01 6.10381126e-01 7.72314787e-01 1.19824439e-01
    2.25915700e-01 9.36966658e-01 4.06463444e-02 6.76191330e-01
    5.74795425e-01 2.13736594e-02 4.52665716e-01 3.74505877e-01
    4.54578102e-02 8.49274993e-01 9.59837735e-01 2.83186406e-01
    4.91640091e-01 9.34404910e-01 4.84483093e-01 4.93778139e-01
    3.58352035e-01 7.79464304e-01 9.66648519e-01 9.22086596e-01
    4.75064039e-01 8.86080325e-01 2.75829077e-01 1.45029068e-01
    6.94992542e-01 8.71925533e-01 3.01558375e-02 7.37384737e-01
    7.47994244e-01 7.10082710e-01 3.78879011e-02 7.57260680e-01
    1.50480568e-01 6.32200480e-01 8.97697210e-01 1.44909263e-01
    4.90915567e-01 6.76091135e-01 5.77505052e-01 2.64837325e-01
    6.77538276e-01 5.62231123e-01 9.27200437e-01 6.24178529e-01
    9.14214432e-01 2.85686255e-02 4.26880240e-01 9.14236486e-01
    7.21624255e-01 3.05846632e-01 6.34072542e-01 4.93360549e-01
    2.37928271e-01 4.38633323e-01 4.98244166e-03 3.84233713e-01
    4.97313172e-01 5.80533028e-01 9.75522935e-01 5.91623604e-01
    4.72327173e-01 9.86233234e-01 1.13981664e-02 5.88315845e-01
    4.88489836e-01 4.17610586e-01 1.42059296e-01 6.74782515e-01
    5.57373524e-01 2.85891980e-01 9.62028623e-01 6.16823494e-01
    2.97208190e-01 3.88965160e-01 8.18992317e-01 7.25499988e-01
    9.32380676e-01 4.30936843e-01 8.36559415e-01 2.15110987e-01
    8.98355603e-01 8.45472217e-01 4.89828289e-02 6.34063125e-01
    7.88244247e-01 5.97649813e-03 9.12150502e-01 4.25552577e-01
    7.97737956e-01 3.75569463e-02 8.94555688e-01 4.20722127e-01
    3.79675925e-01 2.32953340e-01 3.77848148e-02 5.77934265e-01
    6.18271410e-01 4.76045161e-01 6.56404555e-01 5.02239108e-01
    1.19929314e-01 4.12309289e-01 7.04113841e-01 6.39901698e-01
    9.33393657e-01 3.67387056e-01 9.96194482e-01 4.18000579e-01
    9.88899231e-01 1.39142543e-01 3.16358238e-01 6.26070261e-01
    4.73172158e-01 9.49177146e-01 1.68856323e-01 7.62046874e-01
    1.64238453e-01 8.16662908e-02 3.65088463e-01 2.92753607e-01
    8.42114091e-02 7.06291735e-01 2.21812695e-01 5.75524509e-01
    5.86861134e-01 1.50044858e-02 3.52476239e-01 8.13972473e-01
    3.76929015e-01 9.17786956e-01 6.98975205e-01 7.89086819e-01
    1.52158976e-01 9.10071611e-01 9.08133268e-01 1.97819501e-01
    6.93155766e-01 3.66422176e-01 5.34707189e-01 7.51407206e-01
    4.67425019e-01 5.68575859e-01 3.79204929e-01 1.32994294e-01
    9.96983111e-01 4.66664076e-01 2.14159906e-01 2.67625570e-01
    4.31584656e-01 8.63218546e-01 8.55250597e-01 3.82038832e-01
    7.28538334e-01 6.89956129e-01 7.75589466e-01 4.90696073e-01
    4.19815570e-01 5.56456625e-01 3.73714000e-01 2.55213439e-01
    2.63580561e-01 9.16455030e-01 3.38611543e-01 5.33197165e-01
    2.66290784e-01 7.55552828e-01 7.48874784e-01 7.50618815e-01
    3.94243509e-01 4.05650556e-01 1.75002396e-01 8.64309132e-01
    7.96916664e-01 5.06478250e-02 9.70787525e-01 8.81254435e-01
    3.92175913e-01 9.72653866e-01 2.50091255e-01 7.84474015e-01
    8.98308635e-01 1.38808668e-01 3.90424222e-01 6.34606719e-01
    1.84453219e-01 8.96458030e-01 3.90999317e-02 4.37885225e-01
    9.12268758e-01 8.87333512e-01 7.16674447e-01 2.66467988e-01
    4.85661745e-01 8.06975842e-01 8.85659814e-01 6.55808449e-01
    8.16165924e-01 9.88740027e-01 8.15373361e-02 3.79761338e-01
    9.04321134e-01 7.91773081e-01 3.17713976e-01 7.95637250e-01
    2.56047308e-01 1.17774010e-01 1.72340482e-01 9.14094090e-01
    5.55523515e-01 6.56509042e-01 6.32151961e-01 2.16594934e-02
    2.90909052e-01 7.59572387e-01 8.68237257e-01 5.47082245e-01
    4.91901368e-01 8.40559244e-01 2.30778515e-01 3.61234069e-01
    2.99133033e-01 7.19184279e-01 3.93088818e-01 1.03538483e-01
    8.87319326e-01 5.18595934e-01 6.53773665e-01 5.11238992e-01
    7.92596221e-01 9.97724652e-01 7.44043469e-01 6.94696248e-01
    6.10516787e-01 4.20760930e-01 2.64788747e-01 5.77414989e-01
    9.43508744e-03 3.82882833e-01 4.79849905e-01 7.05768704e-01
    5.72403252e-01 3.70725691e-02 1.20610893e-01 9.00058270e-01
    1.96619332e-02 1.70419514e-02 2.27434248e-01 2.18430132e-01
    7.11702943e-01 2.01774150e-01 5.96301079e-01 1.25381768e-01
    8.73656392e-01 1.36655778e-01 5.13750672e-01 3.28118950e-01
    5.10598361e-01 7.06490695e-01 4.73775238e-01 2.63259262e-01
    9.60254014e-01 5.64041495e-01 7.81652331e-03 7.46570826e-01
    3.73705626e-01 1.97498649e-01 5.89256525e-01 5.78503251e-01
    8.21668506e-01 5.16346931e-01 2.91302681e-01 9.07668352e-01
    1.22295976e-01 2.07579613e-01 1.89889669e-02 3.99605155e-01
    9.94229436e-01 5.33856750e-01 9.23550487e-01 2.62962341e-01
    9.51602101e-01 4.91833717e-01 1.69574022e-01 8.19463372e-01
    3.19722295e-02 8.36856604e-01 2.95741051e-01 1.43210709e-01
    7.24767327e-01 2.06018984e-01 6.21616721e-01 3.64070594e-01
    5.24239898e-01 1.02878749e-01 7.01758742e-01 9.69079375e-01
    9.21404898e-01 2.23075658e-01 8.01894665e-01 4.31289375e-02
    2.41799951e-02 1.92263126e-01 3.68895590e-01 5.81824481e-01
    2.79830009e-01 6.65783584e-01 3.70937586e-03 3.76097739e-01
    7.58654118e-01 7.48424292e-01 7.80720413e-02 1.92028105e-01
    8.44232440e-01 5.99365234e-01 3.80887121e-01 6.80536985e-01
    9.85445738e-01 9.87521708e-02 7.48665333e-01 8.44820976e-01
    2.63794750e-01 4.08735305e-01 3.21374208e-01 9.26669896e-01
    4.56970930e-03 9.21890974e-01 1.43547416e-01 5.98167658e-01
    4.01820689e-01 3.44647765e-02 8.98135424e-01 3.19711626e-01
    2.56752789e-01 9.15145874e-03 8.13416839e-01 4.48550880e-01
    3.59854102e-03 4.75046635e-02 7.30665982e-01 7.80908585e-01
    2.52931088e-01 4.92214441e-01 5.24359643e-01 1.52715087e-01
    9.58441615e-01 3.77885640e-01 4.17076856e-01 3.11712503e-01
    4.92606461e-01 5.02514780e-01 9.80642557e-01 6.56318188e-01
    2.41574883e-01 6.14244103e-01 1.03323907e-01 8.75981033e-01
    4.38404620e-01 4.13379729e-01 2.34389067e-01 4.17751968e-02
    5.68376303e-01 9.82346952e-01 3.48254025e-01 6.13274872e-01
    6.59487545e-01 8.15148592e-01 5.94860911e-01 5.16287267e-01
    5.85525036e-01 1.93069041e-01 5.68677366e-01 5.07862449e-01
    2.91769505e-01 4.75314349e-01 9.10877466e-01 8.68256629e-01
    9.83054817e-01 8.63188386e-01 7.44524717e-01 9.36707020e-01
    7.91281939e-01 2.37615377e-01 7.74516821e-01 7.89688826e-01
    4.32586670e-01 7.63706565e-01 8.30186784e-01 4.56498504e-01
    2.67697781e-01 7.00566649e-01 3.96316618e-01 3.66675645e-01
    8.85483503e-01 1.16179824e-01 7.92529047e-01 7.47532368e-01
    9.84497190e-01 2.04917669e-01 7.55390227e-01 3.73758674e-01
    8.72748792e-02 8.46966207e-02 5.58553755e-01 4.21150684e-01
    5.76486051e-01 8.09030414e-01 4.42659855e-03 7.03302145e-01
    1.14340156e-01 7.76447773e-01 8.74661446e-01 8.21711779e-01
    9.91372466e-01 4.39114660e-01 6.65194273e-01 3.34807128e-01
    3.76419365e-01 4.28000063e-01 7.65793800e-01 4.22822297e-01
    3.73533756e-01 4.90007281e-01 2.21753776e-01 2.13936567e-01
    6.17717147e-01 6.44420981e-02 7.28960037e-02 5.45783460e-01
    5.29563725e-01 6.21869087e-01 1.93332970e-01 5.45136929e-01
    9.62794781e-01 9.75102186e-03 2.78231561e-01 5.42230606e-01
    6.45275533e-01 1.62587434e-01 1.62125736e-01 2.00896591e-01
    7.88097143e-01 2.84223616e-01 9.61685538e-01 3.43793929e-01
    4.15822595e-01 6.24522328e-01 1.48189843e-01 5.49422204e-01
    3.87880504e-01 5.95494509e-02 9.52773929e-01 8.78443897e-01
    4.21131819e-01 7.02081800e-01 4.77640420e-01 9.08868611e-01
    9.93087292e-01 6.29976988e-01 1.84935600e-01 9.40656543e-01
    4.95744646e-02 3.01845104e-01 5.45893908e-02 1.13914073e-01
    2.34795451e-01 1.97253972e-01 6.72773302e-01 5.50002038e-01
    5.70745289e-01 5.97132504e-01 2.65622497e-01 5.19257426e-01
    1.82797611e-01 4.89422858e-01 9.36989665e-01 4.48399425e-01
    6.24763846e-01 7.17365384e-01 9.72034335e-02 5.70444465e-02
    8.20584416e-01 8.48106861e-01 5.43040812e-01 3.47108185e-01
    7.43542254e-01 4.96708542e-01 9.21356082e-01 4.57727790e-01
    5.36301374e-01 2.23810762e-01 5.34177125e-01 9.97264624e-01
    5.65162659e-01 2.23913848e-01 3.70326459e-01 7.37797797e-01
    5.53648651e-01 1.21108592e-02 6.89895391e-01 6.79880619e-01
    2.39256799e-01 9.42173481e-01 5.56455553e-01 6.34007931e-01
    8.47404480e-01 7.35271394e-01 3.21835577e-02 4.25306559e-01
    2.87363946e-01 4.08985436e-01 6.31117523e-01 1.74152553e-01
    2.45480448e-01 9.44608927e-01 5.80944777e-01 1.67875320e-01
    7.72667408e-01 6.15886271e-01 1.80270970e-02 7.35291481e-01
    4.59483922e-01 5.10706663e-01 5.49736500e-01 8.76549006e-01
    6.34135365e-01 5.38557947e-01 7.42747784e-02 1.48709327e-01
    6.83809578e-01 4.19449925e-01 5.38512051e-01 5.72324514e-01
    3.02860200e-01 6.54424429e-02 3.82286549e-01 8.89091671e-01
    4.11416501e-01 6.37273192e-02 6.85604692e-01 8.84441257e-01
    4.10000503e-01 7.40990698e-01 9.62505817e-01 9.59540486e-01
    7.48858452e-02 9.43826556e-01 6.29282534e-01 2.27133334e-01
    2.13888586e-02 6.77421629e-01 3.10997754e-01 8.90939951e-01
    5.28050065e-02 2.56428599e-01 9.05117512e-01 2.58577943e-01
    5.47060668e-01 9.31256652e-01 4.69207346e-01 4.19372410e-01
    8.64572525e-01 5.93908250e-01 3.64582002e-01 2.83762276e-01
    8.45627367e-01 3.90015841e-01 4.60918963e-01 5.12384474e-01
    3.51702154e-01 1.36455178e-01 5.78181446e-02 8.96246433e-01
    6.45456910e-01 8.82581174e-02 9.00254488e-01 5.00185072e-01
    6.38502836e-03 7.47535408e-01 4.86619592e-01 1.93765253e-01
    2.28897959e-01 5.53746343e-01 8.60640287e-01 5.45684993e-01
    8.86655271e-01 3.79757166e-01 8.67517710e-01 4.22056854e-01
    2.13726401e-01 3.65170956e-01 1.25680566e-02 3.35634053e-02
    9.92770612e-01 1.96763366e-01 3.69982690e-01 4.97077525e-01
    4.48500305e-01 9.08188641e-01 5.90203524e-01 8.25036764e-01
    2.96664923e-01 5.85433066e-01 5.58902025e-01 6.59201562e-01
    2.10040003e-01 9.05551553e-01 6.04732752e-01 4.02040124e-01
    5.06997764e-01 7.91155815e-01 1.05464935e-01 6.55862093e-01
    6.33525431e-01 4.28850025e-01 2.55607724e-01 5.87291598e-01
    6.66246831e-01 9.30587411e-01 2.13144422e-02 6.79682612e-01
    3.13759446e-01 5.11147380e-01 3.20675969e-01 6.68248415e-01
    8.28860700e-01 5.57795525e-01 8.10239792e-01 4.68442082e-01
    5.43454230e-01 9.74645376e-01 1.90217674e-01 2.91520000e-01
    5.99380672e-01 2.47811586e-01 1.25285327e-01 8.51655006e-01
    4.18354273e-01 1.34713948e-02 5.11454761e-01 3.50247592e-01
    5.24729431e-01 1.54253960e-01 4.73738253e-01 4.21975046e-01
    4.49633211e-01 3.94727409e-01 7.48939276e-01 1.26929015e-01
    3.55390966e-01 5.08535564e-01 7.08444893e-01 6.63514197e-01
    5.95726728e-01 6.22737944e-01 4.71949518e-01 7.04811513e-01
    3.66103232e-01 9.13996160e-01 7.74373889e-01 5.16037643e-02
    4.31718826e-01 4.34679091e-02 2.17948020e-01 4.46760267e-01
    9.24195051e-02 5.30850232e-01 9.11783099e-01 9.18643773e-02
    2.45118141e-03 1.26995504e-01 5.92586040e-01 4.81950551e-01
    9.81944203e-02 1.45532548e-01 6.76489353e-01 1.87196523e-01
    7.44996190e-01 1.98526233e-01 6.59587860e-01 3.42761636e-01
    7.30665207e-01 8.82649541e-01 2.96331823e-01 5.65833509e-01
    9.11471009e-01 8.81504118e-01 5.50523281e-01 7.52451122e-02
    8.04432273e-01 9.52419043e-01 4.48310316e-01 8.06083560e-01
    7.76465654e-01 8.22272003e-01 1.40960813e-02 5.02361655e-01
    7.24963963e-01 9.79118109e-01 4.62530613e-01 4.68003511e-01
    8.12790513e-01 2.67827928e-01 2.32878327e-02 8.94962668e-01
    9.68088329e-01 5.14096439e-01 9.16076899e-01 3.15383375e-01
    6.17222786e-01 3.78484845e-01 2.58248150e-01 4.91004288e-01
    3.45989913e-01 2.84127355e-01 4.38966662e-01 7.81223595e-01
    5.93929887e-01 7.38397241e-01 7.82211423e-01 1.41240478e-01
    7.65763521e-01 4.21321511e-01 2.02454031e-02 8.12058330e-01
    7.13141501e-01 2.47763097e-02 4.28493261e-01 8.00101757e-02
    3.40647340e-01 9.12631691e-01 6.07086241e-01 4.81331974e-01
    4.38969523e-01 8.90865922e-03 1.27687901e-01 6.57671571e-01
    9.57438707e-01 8.51425886e-01 5.20662665e-01 6.19989812e-01
    6.89985633e-01 3.88203800e-01 4.15836632e-01 4.01848108e-01
    6.95374072e-01 9.21228051e-01 7.71305323e-01 5.61595500e-01
    5.60772300e-01 1.67746603e-01 7.78971910e-01 2.24337816e-01
    4.27723944e-01 5.26410699e-01 1.17833287e-01 3.90454233e-02
    9.53482091e-02 4.78707522e-01 6.48463190e-01 5.01106620e-01
    3.45994055e-01 5.63034475e-01 4.63372409e-01 5.95780849e-01
    2.54634082e-01 5.76954722e-01 9.63756442e-01 3.51367831e-01
    7.88853765e-01 7.38890409e-01 4.70354468e-01 8.75774324e-02
    3.55621874e-01 5.68212092e-01 8.01229119e-01 3.19269180e-01
    1.00936741e-01 3.74437451e-01 2.08945364e-01 4.85338449e-01
    4.70649183e-01 8.84200096e-01 2.72733659e-01 2.48222202e-01
    9.24538970e-01 1.46940976e-01 5.94472051e-01 3.71716619e-01
    5.94084024e-01 5.86500406e-01 1.32734776e-01 1.56261206e-01
    6.19483769e-01 1.05883986e-01 6.71783149e-01 6.40041769e-01
    6.51245654e-01 7.13307858e-01 5.11670530e-01 2.40408719e-01
    3.23740542e-01 5.30519068e-01 5.94988823e-01 2.94367492e-01
    9.44406092e-01 6.37646556e-01 3.62953782e-01 8.62705350e-01
    2.47724861e-01 2.45616734e-02 5.65002799e-01 1.09960318e-01
    9.86138105e-01 2.69012451e-02 6.91806614e-01 2.08028764e-01
    3.97807926e-01 5.61549664e-02 8.29294920e-01 1.59424931e-01
    7.03630447e-01 8.58147442e-01 9.28169191e-01 6.60611331e-01
    3.42740059e-01 1.89508349e-01 6.33895040e-01 4.40254301e-01
    5.55778146e-01 4.83580500e-01 9.78393197e-01 5.20408571e-01
    8.37076664e-01 1.96127236e-01 7.45850563e-01 6.23040795e-01
    8.49106431e-01 5.95913529e-01 1.58063889e-01 8.81425142e-02
    2.29407698e-01 1.19071126e-01 8.27273548e-01 9.80570912e-01
    2.30277508e-01 2.83745527e-01 5.33406436e-01 9.15512562e-01
    2.82834142e-01 7.39913642e-01 1.30923629e-01 5.81194639e-01
    8.82603526e-01 6.94186628e-01 4.51878458e-01 2.66206980e-01
    9.98356104e-01 5.12020350e-01 3.44974309e-01 9.16112065e-02
    2.35237896e-01 5.57741225e-02 2.98224390e-01 5.97088277e-01
    1.88288838e-01 5.19539714e-01 6.13511622e-01 1.90044999e-01
    3.27575266e-01 2.76323736e-01 9.64915156e-01 4.41153079e-01
    1.47997469e-01 4.68172133e-01 1.32977724e-01 3.99821669e-01
    8.32633793e-01 9.62171853e-02 6.88057065e-01 7.66347885e-01
    5.65522611e-01 1.32295340e-01 4.85941052e-01 5.60729265e-01
    8.39072943e-01 1.80823505e-02 2.70879149e-01 1.56874031e-01
    2.32694834e-01 4.75134879e-01 6.17198706e-01 4.39091027e-01
    2.46777982e-01 9.19688582e-01 1.90553129e-01 7.90595412e-01
    9.37174559e-01 3.25196356e-01 3.19541335e-01 2.61489362e-01
    9.43632960e-01 9.50695097e-01 5.00539064e-01 6.30455613e-02
    6.96040392e-01 9.60942864e-01 5.50303757e-01 4.14910614e-02
    2.37686902e-01 1.12825483e-01 1.89536035e-01 9.07974482e-01
    2.37524807e-01 3.17483068e-01 2.16227561e-01 1.44226402e-01
    3.56435299e-01 3.85958701e-01 1.65789425e-01 2.83065975e-01
    3.75905871e-01 4.44074690e-01 2.75366187e-01 8.80146146e-01
    5.95652103e-01 4.06097233e-01 5.59202552e-01 7.26503491e-01
    8.48871350e-01 4.43081021e-01 7.28585601e-01 8.56289983e-01
    4.72743273e-01 1.65494144e-01 5.81473947e-01 2.54231989e-01
    6.41267180e-01 8.15400541e-01 2.35670567e-01 7.88315952e-01
    5.77935398e-01 4.76531327e-01 8.43135178e-01 2.03294575e-01
    3.62024069e-01 3.91428620e-01 4.55662519e-01 8.16511154e-01
    1.33930832e-01 2.77470857e-01 5.78432679e-02 3.37558687e-02
    6.72906041e-01 4.40982103e-01 4.28288966e-01 6.22987747e-04
    2.77103603e-01 8.53660107e-01 3.35090101e-01 6.70746326e-01
    2.58445144e-01 8.38954628e-01 5.07367849e-02 1.99906617e-01
    6.31821811e-01 6.40260577e-02 8.94090295e-01 7.85423815e-01
    7.18272090e-01 7.27559447e-01 4.48901862e-01 1.24548972e-01
    4.67346609e-01 5.70814013e-01 8.85710597e-01 1.70910776e-01
    2.99889922e-01 1.11016542e-01 2.29824066e-01 2.11706161e-01
    9.76308882e-02 2.04479426e-01 1.98170215e-01 8.27583015e-01
    1.66031420e-02 2.65595138e-01 1.83829635e-01 3.99628818e-01
    6.63893700e-01 7.16306269e-02 2.05112219e-01 6.59101069e-01
    6.46585524e-01 2.57660627e-01 1.09502494e-01 9.25206363e-01
    9.86979365e-01 7.27934837e-01 4.27041113e-01 8.95393193e-02
    3.21262002e-01 1.05111450e-01 6.27532125e-01 9.42216873e-01
    2.53960729e-01 8.69675279e-01 1.96151257e-01 1.08689338e-01
    2.77534485e-01 1.69302940e-01 6.87300026e-01 3.61601412e-02
    7.13509440e-01 8.62300873e-01 8.24889064e-01 3.25187802e-01
    1.05306059e-01 9.12143111e-01 6.13557100e-01 3.12319577e-01
    9.30054307e-01 8.89311671e-01 8.50522935e-01 6.42387211e-01
    7.99912214e-02 2.34979481e-01 4.92609650e-01 9.41750407e-03
    8.00935209e-01 8.37976158e-01 7.70539522e-01 2.21976608e-01
    9.76778388e-01 5.21051764e-01 8.32884669e-01 6.28012300e-01
    5.95153093e-01 2.97896266e-02 8.50303054e-01 5.17976224e-01
    6.62053704e-01 9.17906165e-01 2.45295584e-01 5.35336792e-01
    4.47264135e-01 1.94331944e-01 2.65335143e-01 1.80179268e-01
    7.20774531e-01 1.06357247e-01 4.18991566e-01 5.61242580e-01
    5.10845125e-01 7.41230309e-01 1.29432589e-01 2.55711228e-01
    6.55305743e-01 4.19816792e-01 2.77175784e-01 2.63191044e-01
    9.62433100e-01 3.58921349e-01 8.38417292e-01 6.53618276e-01
    8.58983040e-01 9.64179516e-01 3.96782696e-01 9.20084596e-01
    6.35390043e-01 6.02075934e-01 1.84986323e-01 8.10041428e-02
    4.98040944e-01 6.03688598e-01 6.53895140e-02 7.41565108e-01
    9.95496213e-02 4.00041312e-01 1.02719307e-01 3.61171424e-01
    6.66915953e-01 2.04201549e-01 3.84912878e-01 9.35105741e-01
    2.30079591e-02 1.24894410e-01 5.02670109e-02 9.48363721e-01
    7.24067509e-01 2.78169811e-01 4.40286309e-01 2.35257655e-01
    4.73601013e-01 6.02070689e-01 2.04569966e-01 9.80974555e-01
    8.88447523e-01 5.80682755e-01 6.70930564e-01 7.82317579e-01
    8.75225663e-01 9.89124179e-01 4.08393085e-01 1.26944631e-01
    1.39920920e-01 1.96689337e-01 2.90804684e-01 4.02621001e-01
    9.04331207e-01 8.38873029e-01 8.84890318e-01 6.84003055e-01
    1.65224552e-01 8.10538232e-02 9.78748083e-01 2.50912368e-01
    1.27504736e-01 9.73338544e-01 8.36001635e-01 9.19680715e-01
    6.27175093e-01 3.34773421e-01 3.19610953e-01 4.14814800e-01
    8.23758602e-01 5.75873554e-01 5.70832491e-02 1.72096312e-01
    9.03555155e-01 6.22983456e-01 8.98909688e-01 7.35831976e-01
    5.06679237e-01 3.03569734e-01 3.70171100e-01 3.76852155e-02
    2.35643357e-01 9.42587197e-01 4.84520882e-01 7.86756933e-01
    6.76402271e-01 9.67298925e-01 1.72061056e-01 1.76455528e-01
    7.29389668e-01 8.20350647e-01 3.32180858e-01 4.98963773e-01
    2.99631387e-01 1.08148038e-01 8.71592760e-02 4.77502048e-01
    5.88487089e-01 5.49805403e-01 2.77502447e-01 6.00239873e-01
    7.35022247e-01 2.57319331e-01 7.13388443e-01 4.05059516e-01
    1.42789871e-01 3.14419448e-01 7.51254261e-01 1.40391707e-01
    8.59592557e-02 1.73821926e-01 3.13985020e-01 4.14042950e-01
    8.53473544e-01 3.97762477e-01 6.69951916e-01 6.05373085e-02
    9.02425647e-02 4.85799849e-01 7.60752738e-01 3.20476890e-01
    2.13871598e-01 2.50000119e-01 8.82632136e-01 1.14257932e-02
    7.37946391e-01 1.55025542e-01 1.99330568e-01 9.97687101e-01
    5.07386506e-01 3.57069075e-02 1.14275068e-01 3.81720483e-01
    2.49717265e-01 7.64821649e-01 6.91809058e-01 3.51290762e-01
    1.57269627e-01 9.05758500e-01 7.50806928e-01 9.86981690e-01
    9.13918138e-01 3.51730227e-01 1.48436159e-01 4.82798725e-01
    8.45236480e-01 6.98808432e-01 4.06566203e-01 8.77009988e-01
    5.33342421e-01 4.10995871e-01 2.17755318e-01 6.91314816e-01
    7.69256592e-01 9.64243412e-01 5.65943003e-01 6.22126639e-01
    2.79747695e-01 7.62407064e-01 9.69202161e-01 3.22331160e-01
    7.07330465e-01 3.98398936e-02 9.95591223e-01 9.42435145e-01
    6.10801697e-01 8.46003175e-01 1.90909624e-01 2.81718373e-01
    9.06576872e-01 1.28285944e-01 4.19009835e-01 3.54301631e-01
    7.46442139e-01 1.62862569e-01 9.32207465e-01 8.60781312e-01
    9.60018158e-01 7.06399798e-01 1.94219947e-01 6.28949881e-01
    8.63847852e-01 9.90665793e-01 8.14930320e-01 5.52688956e-01
    2.17650652e-01 8.52031827e-01 5.99316061e-01 7.22680449e-01
    8.68633866e-01 3.47297579e-01 8.25391114e-01 8.58655632e-01
    3.46679688e-02 7.57573009e-01 9.90389347e-01 8.92742455e-01
    2.60191500e-01 6.59743190e-01 4.24181581e-01 6.29402936e-01
    4.02067244e-01 6.76373005e-01 9.60322559e-01 8.92052829e-01
    9.25433576e-01 8.88508022e-01 5.42368650e-01 2.52869427e-02
    7.98132777e-01 5.43113828e-01 8.87276173e-01 3.70693624e-01
    4.15683627e-01 8.44821334e-01 7.60972857e-01 4.41512764e-02
    2.98553407e-01 1.82866037e-01 1.63177818e-01 1.20445818e-01
    1.57924086e-01 5.04895985e-01 8.10275555e-01 8.01098824e-01
    1.96026593e-01 2.98201799e-01 3.75336051e-01 2.93374389e-01
    8.09001923e-02 9.01216865e-01 8.69259596e-01 4.21784639e-01
    6.16182446e-01 1.80932134e-01 9.55004692e-01 5.24500251e-01
    4.56004441e-01 1.78023934e-01 3.27728808e-01 6.38146341e-01
    4.52074736e-01 9.39078689e-01 2.26770580e-01 9.58193541e-02
    7.33071744e-01 8.70716214e-01 6.48846626e-01 6.31139636e-01
    2.06291258e-01 1.56044960e-02 2.24942178e-01 7.03990400e-01
    5.45856833e-01 1.55907571e-01 3.73507380e-01 3.63817841e-01
    4.37251866e-01 9.31849241e-01 7.80755818e-01 5.36337078e-01
    7.57575989e-01 9.50634480e-01 4.46635902e-01 3.56853068e-01
    2.12870538e-02 3.79123390e-01 5.76525092e-01 5.26237369e-01
    1.95936084e-01 8.00592661e-01 2.73364753e-01 1.12024099e-01
    5.07138431e-01 4.33683366e-01 1.16926402e-01 4.90155488e-01
    3.09554845e-01 9.91819620e-01 6.86235189e-01 9.71674025e-02
    4.10220474e-01 7.32734680e-01 3.06630373e-01 6.94359243e-02
    2.79397726e-01 8.07837546e-02 6.46271825e-01 3.70222688e-01
    8.23521495e-01 7.15447962e-02 2.60993123e-01 2.98283458e-01
    1.71278507e-01 4.79836613e-01 4.05796111e-01 6.36117935e-01
    9.77007389e-01 7.00113773e-01 9.00741100e-01 7.21484780e-01
    4.12614435e-01 4.47502732e-01 2.70291805e-01 8.57654035e-01
    4.10084307e-01 1.18138760e-01 2.36139685e-01 9.46953177e-01
    6.01325333e-01 4.24051374e-01 5.58574319e-01 2.11925209e-02
    3.28837186e-01 5.22052407e-01 2.90231705e-02 1.01037025e-01
    6.88336492e-01 2.97501683e-01 9.68661666e-01 5.58052838e-01
    6.14851594e-01 7.56435156e-01 1.69211298e-01 5.18292665e-01
    7.51003444e-01 6.00093722e-01 1.25369370e-01 5.88816464e-01
    2.30449170e-01 9.17312145e-01 1.39717162e-02 6.94884539e-01
    7.22580433e-01 4.14934665e-01 6.02353871e-01 7.34860957e-01
    7.86756814e-01 9.69709516e-01 5.90011597e-01 8.96860242e-01
    1.73829705e-01 9.88818645e-01 1.37112468e-01 8.34573865e-01
    6.83268785e-01 9.30083632e-01 8.57355595e-01 1.43087506e-01
    8.33970964e-01 7.67146826e-01 6.02296591e-02 3.82773042e-01
    8.05487752e-01 8.16372931e-02 9.20779228e-01 4.18662727e-02
    5.11799932e-01 2.87088752e-01 3.63967657e-01 7.98713207e-01
    5.35894811e-01 9.11537647e-01 2.50865132e-01 8.97295177e-01
    2.87952244e-01 3.95254076e-01 4.90201086e-01 3.61314416e-01
    4.73607928e-01 5.36666751e-01 4.16371286e-01 5.95315754e-01
    8.44009578e-01 3.80507588e-01 7.18445539e-01 2.59700894e-01
    1.23140782e-01 5.82927644e-01 3.81788164e-01 5.57456672e-01
    1.90252960e-02 7.74051249e-02 1.84832782e-01 1.65788084e-01
    8.19079041e-01 6.88133478e-01 3.20177436e-01 8.39174092e-02
    2.39692688e-01 6.44465446e-01 6.64637387e-02 3.60737532e-01
    3.75107348e-01 5.01632094e-02 4.55130339e-02 3.03481102e-01
    6.81641698e-02 5.57146847e-01 3.30506027e-01 7.31888533e-01
    1.45794153e-02 4.25082654e-01 2.04384923e-02 6.31169021e-01
    9.40710068e-01 4.67492998e-01 1.76560611e-01 2.79551446e-02
    4.19147164e-01 8.28363895e-01 5.90078175e-01 5.45853913e-01
    4.25605536e-01 7.72657037e-01 4.45429921e-01 5.14116049e-01
    5.23087978e-02 8.54889095e-01 5.72077155e-01 7.46218979e-01
    5.53697288e-01 3.08859617e-01 3.82788181e-01 6.95987582e-01
    8.95006180e-01 1.60730422e-01 6.63245857e-01 8.01950634e-01
    8.21622312e-01 3.87608290e-01 8.46072495e-01 3.61674249e-01
    3.07723165e-01 3.58959615e-01 3.49622309e-01 9.02699530e-02
    5.70895314e-01 3.40068102e-01 4.38806713e-01 5.68572521e-01
    9.70767617e-01 2.31197864e-01 9.06583011e-01 8.22197855e-01
    5.14707208e-01 1.64389402e-01 5.38667858e-01 8.38517547e-02
    3.81585717e-01 3.54436159e-01 2.48392880e-01 7.17092156e-01
    1.52287483e-02 5.77641249e-01 5.51413715e-01 8.12407017e-01
    8.93630743e-01 6.90167785e-01 5.44978559e-01 9.25589442e-01
    6.14971578e-01 4.19839621e-01 8.88400495e-01 3.72726530e-01
    8.08458686e-01 8.40567648e-01 6.33082151e-01 9.31573391e-01
    5.12453496e-01 4.43806320e-01 8.12261105e-02 5.26421368e-01
    5.29747725e-01 9.30008948e-01 4.91747290e-01 9.41072702e-01
    3.72573793e-01 7.04920769e-01 9.45939600e-01 2.33971983e-01
    6.49237931e-02 3.26629460e-01 3.10802460e-01 7.87906647e-01
    3.16538811e-01 2.54637390e-01 4.41253036e-01 2.38515258e-01
    9.53224540e-01 2.15408176e-01 6.00799620e-01 5.21732569e-02
    9.45820212e-01 4.65211868e-01 8.80544245e-01 9.60615993e-01
    4.40294623e-01 7.39422500e-01 7.77767897e-01 4.61213171e-01
    9.81257260e-02 9.12113667e-01 1.91546440e-01 4.83404517e-01
    2.37750262e-01 5.63071012e-01 2.30431348e-01 6.76096857e-01
    3.69534403e-01 5.42580366e-01 3.49983305e-01 7.05443144e-01
    6.93030000e-01 1.85186267e-02 7.75968790e-01 7.48342395e-01
    3.40548515e-01 2.75956839e-01 3.28315347e-01 3.81299317e-01
    6.22816384e-02 6.37223065e-01 6.08704329e-01 8.85046482e-01
    9.13270712e-01 4.36632216e-01 3.29954922e-02 6.78117216e-01
    1.15806043e-01 4.37319577e-02 1.07101291e-01 4.94113147e-01
    8.99040937e-01 7.12529421e-01 9.98149633e-01 2.97397375e-04
    3.77092361e-01 6.59879208e-01 6.28633738e-01 7.92306960e-02
    5.42015433e-01 8.43974590e-01 9.23472822e-01 9.91644502e-01
    3.08187902e-02 8.38378787e-01 8.40892315e-01 9.49978828e-04
    2.78983176e-01 2.86561251e-01 7.73017287e-01 1.11563891e-01
    5.96442103e-01 1.42462730e-01 6.10330224e-01 4.53072578e-01
    9.16097283e-01 2.72888005e-01 9.05787349e-01 8.30201507e-01
    3.86638522e-01 7.45551467e-01 1.43030256e-01 9.62883830e-01
    4.46785420e-01 3.33707273e-01 9.28487122e-01 7.86093771e-01
    9.20959711e-01 9.54680741e-01 8.73855770e-01 2.40321457e-02
    6.01735115e-01 9.64635372e-01 7.09642768e-01 2.22807020e-01
    7.62761772e-01 4.14478630e-01 1.56492382e-01 2.60175347e-01
    7.24379718e-01 5.05068839e-01 3.52745771e-01 9.91139591e-01
    8.03059220e-01 1.05736256e-02 3.17467779e-01 7.88971066e-01
    8.99738431e-01 5.37012577e-01 6.19982660e-01 2.61782706e-01
    1.54592097e-01 3.38091254e-02 1.22893453e-01 4.74830955e-01
    2.46880740e-01 7.33791709e-01 1.39081568e-01 4.65599895e-01
    4.30524766e-01 2.02251405e-01 1.98761910e-01 3.13393414e-01
    9.24648762e-01 5.36073804e-01 7.79010653e-02 1.24939114e-01
    7.45989025e-01 7.66620696e-01 8.93236101e-02 5.38570642e-01
    1.03454649e-01 2.56535321e-01 2.29691863e-01 7.41044164e-01
    1.94811285e-01 6.99176073e-01 6.06921434e-01 1.00850850e-01
    1.57450438e-01 4.08506095e-01 3.87799293e-01 4.69618082e-01
    4.40354407e-01 7.34209120e-01 8.53371620e-01 3.36027235e-01
    3.65666211e-01 6.05299413e-01 4.04675454e-01 4.13677871e-01
    6.01926506e-01 2.23670244e-01 6.26177073e-01 4.25836772e-01
    2.81264365e-01 1.56309664e-01 6.56851232e-02 1.51146293e-01
    4.92385447e-01 7.68502653e-02 4.46298063e-01 8.13371778e-01
    3.15036744e-01 2.66115725e-01 6.61991835e-01 1.76528811e-01
    5.74224293e-01 3.17831635e-01 4.16777432e-01 8.35892200e-01
    5.69283426e-01 5.17280996e-02 3.89586389e-02 8.82475495e-01
    8.90280247e-01 3.91095549e-01 3.80985707e-01 2.90401280e-01
    3.37351322e-01 1.18466049e-01 8.26379716e-01 9.86760020e-01
    3.82588536e-01 6.97697163e-01 6.18421435e-02 9.25993562e-01
    1.16776884e-01 2.12557346e-01 7.59312391e-01 5.01808345e-01
    1.69635385e-01 9.51095939e-01 8.96049023e-01 1.10257268e-01
    2.65147388e-02 1.26915663e-01 2.20278174e-01 6.97052658e-01
    8.56111467e-01 4.42000300e-01 7.41829276e-02 2.85178959e-01
    3.45379710e-02 2.36176252e-02 2.72671044e-01 1.54605299e-01
    7.96683729e-01 6.29376173e-01 7.98635244e-01 1.97847575e-01
    3.59658837e-01 3.48502696e-01 2.31345356e-01 6.38257265e-01
    5.71404219e-01 5.00038445e-01 4.27862525e-01 8.40037823e-01
    7.60380507e-01 6.78476632e-01 4.83430028e-01 7.14475334e-01
    7.30495930e-01 8.70954990e-03 3.47229987e-01 6.01152360e-01
    5.39147019e-01 5.15847504e-01 1.54964179e-01 1.95775926e-01
    4.88740206e-03 3.12329382e-01 2.84148932e-01 2.83589035e-01
    3.77676666e-01 1.77128136e-01 9.96736526e-01 5.95682502e-01
    9.00146365e-03 3.77296209e-01 9.61160839e-01 8.26092958e-01
    3.67135137e-01 3.61474335e-01 9.20655310e-01 9.96746302e-01
    7.99437761e-01 9.10341740e-01 3.14784646e-01 7.20600605e-01
    4.22767192e-01 9.66011763e-01 9.56760228e-01 6.92713737e-01
    5.93409300e-01 8.91099930e-01 7.80601501e-01 1.12450212e-01
    9.14270401e-01 3.02606106e-01 4.61382687e-01 6.42176688e-01
    7.09656358e-01 1.17108464e-01 2.48837113e-01 4.61469501e-01
    8.94894123e-01 4.02980447e-02 6.93871856e-01 5.44722378e-01
    3.59643221e-01 8.75885189e-02 5.73996484e-01 4.91059870e-01
    2.70594478e-01 3.88656467e-01 7.49224901e-01 4.61007357e-01
    6.66539848e-01 8.83394897e-01 8.08130980e-01 6.42945409e-01
    4.65047002e-01 8.92533898e-01 6.81138039e-01 5.55285513e-02
    8.39087486e-01 2.49291509e-01 2.62569219e-01 3.70621145e-01
    8.11100602e-01 6.25823259e-01 5.80467284e-01 1.71557009e-01
    5.35597742e-01 9.67676997e-01 5.32587469e-01 6.05349541e-02
    6.30883634e-01 1.97160244e-02 3.28356028e-03 8.89999449e-01
    9.16779339e-01 7.05764890e-01 6.34575903e-01 1.49373263e-01
    2.43127048e-02 7.68108308e-01 1.46533459e-01 5.36674261e-01
    9.66320038e-01 1.69302344e-01 9.69358146e-01 8.76790762e-01
    9.64066744e-01 6.17019236e-01 3.16101491e-01 3.77666295e-01
    4.57166970e-01 9.29888129e-01 4.34581876e-01 1.69858336e-02
    9.35008347e-01 1.10658705e-01 6.22507930e-01 1.61563367e-01
    4.93365854e-01 9.38368976e-01 2.47126549e-01 5.49770892e-01
    6.77285492e-02 3.55444193e-01 1.99636906e-01 6.37964606e-01
    8.01607788e-01 7.86656439e-01 5.23249567e-01 9.22219515e-01
    5.06994963e-01 6.85760856e-01 1.89375162e-01 7.53129125e-01
    8.88254523e-01 4.62107092e-01 7.20644355e-01 6.04490995e-01
    4.78740752e-01 3.03755343e-01 5.96255064e-01 2.85888195e-01
    2.14248300e-01 5.32751203e-01 3.82972211e-01 8.16723466e-01
    2.89921165e-02 9.88917410e-01 3.10376167e-01 1.94691449e-01
    2.88732946e-01 5.11998892e-01 9.73294616e-01 5.40291905e-01
    8.41291845e-01 4.45846319e-02 7.28712678e-02 7.46299624e-02
    5.70130289e-01 3.17832351e-01 2.31317431e-01 3.92941624e-01
    6.54506326e-01 9.77087617e-02 4.92484331e-01 5.28456867e-01
    2.98192203e-02 4.18664366e-01 9.28453326e-01 8.34538639e-02
    9.61460650e-01 5.46943843e-02 5.78595281e-01 9.96367157e-01
    7.84989357e-01 8.70100260e-01 4.06384885e-01 9.48603034e-01
    1.15163177e-01 2.18241751e-01 8.95922303e-01 5.31185508e-01
    4.10326064e-01 8.16757679e-01 3.53646874e-02 2.45274127e-01
    1.80343270e-01 2.60266274e-01 9.54076707e-01 8.82643878e-01
    3.84850085e-01 8.33355129e-01 8.99827421e-01 1.13369524e-02
    2.12890804e-01 6.34098053e-02 7.12080061e-01 7.06926286e-02
    1.15778089e-01 6.30132854e-01 8.19844604e-01 7.31062591e-02
    2.49918729e-01 9.47047472e-01 5.52019179e-02 4.35045093e-01
    4.30782139e-01 6.04078710e-01 3.06132853e-01 6.09982550e-01
    2.42505997e-01 5.28954923e-01 9.89159048e-01 1.61772430e-01
    5.96545517e-01 4.24377084e-01 9.25055444e-01 5.98138869e-01
    7.44821429e-01 9.84660268e-01 4.38832343e-01 2.71439463e-01
    4.48579937e-01 8.22061181e-01 3.74955386e-01 5.63769698e-01
    6.94707394e-01 9.18859780e-01 2.54572183e-01 1.15218252e-01
    1.19569421e-01 5.72928071e-01 6.27012968e-01 9.02682781e-01
    5.06172895e-01 3.34393203e-01 9.71120536e-01 7.97230482e-01
    7.33805895e-01 3.66495252e-01 6.23675227e-01 9.58883882e-01
    7.02710509e-01 6.17163241e-01 8.20680499e-01 6.21985316e-01
    3.96166325e-01 8.94654036e-01 5.92550278e-01 2.08472788e-01
    8.65703404e-01 8.64639759e-01 6.26617193e-01 8.51665556e-01
    7.63537526e-01 3.62001508e-01 4.28873539e-01 6.68096244e-02
    7.32083499e-01 6.74712777e-01 3.71821940e-01 4.93365765e-01
    6.80672348e-01 3.77784878e-01 5.41908979e-01 9.41300929e-01
    9.82485294e-01 9.73713696e-01 2.10543483e-01 1.53647661e-01
    9.24359381e-01 1.69542193e-01 4.81218100e-02 1.10215008e-01
    3.78463298e-01 3.80533338e-01 1.83596313e-02 2.00003326e-01
    4.30998921e-01 5.23075998e-01 1.23036981e-01 8.85202885e-02
    5.15717030e-01 7.10044980e-01 8.02816868e-01 3.07306111e-01
    2.63844311e-01 2.85166919e-01 5.97264647e-01 7.45869815e-01
    1.38513029e-01 4.85363007e-01 5.95289111e-01 8.35144520e-01
    3.91349524e-01 3.42665493e-01 5.21210730e-02 6.74425006e-01
    1.55878544e-01 3.70304883e-02 3.61835510e-01 9.62171793e-01
    1.67054266e-01 8.40854108e-01 3.94245028e-01 5.64149678e-01
    1.99079126e-01 7.82023668e-01 2.36648411e-01 2.09189653e-02
    9.66778636e-01 6.75867021e-01 5.89375138e-01 4.88131046e-02
    2.69346744e-01 5.39546192e-01 7.71280885e-01 4.02894258e-01
    6.05405211e-01 5.41239917e-01 7.67335892e-01 9.07438695e-01
    3.23723614e-01 7.96305716e-01 4.84681159e-01 7.25868762e-01
    5.96012771e-02 9.99007642e-01 4.85876560e-01 4.93289560e-01
    4.46236134e-02 7.59903729e-01 6.13846362e-01 8.20538282e-01
    4.38975483e-01 6.44765377e-01 8.61024261e-02 6.22030020e-01
    7.81234264e-01 4.25849259e-01 2.14018047e-01 8.97944450e-01
    3.22936833e-01 7.37995505e-01 1.16862625e-01 5.14159858e-01
    6.33161068e-01 5.60481727e-01 8.29156280e-01 8.13515484e-01
    8.75189602e-01 3.96730453e-01 3.84077609e-01 4.61024970e-01
    8.43111277e-01 5.01650929e-01 6.63298607e-01 2.91889310e-01
    7.35984564e-01 6.91899180e-01 3.03684652e-01 5.68763316e-01
    5.12079060e-01 3.39333117e-02 9.61493254e-01 5.38774014e-01
    7.77357101e-01 7.13984132e-01 7.47929573e-01 9.44486260e-01
    4.35838997e-02 1.91725850e-01 8.42062533e-02 3.70854914e-01
    1.07541978e-01 6.89958930e-01 2.65073895e-01 8.61804605e-01
    8.63371372e-01 3.44222903e-01 5.14456034e-01 8.38651717e-01
    9.16880667e-02 9.70286489e-01 6.70830488e-01 1.62846625e-01
    1.99262321e-01 4.66634423e-01 1.41954720e-02 6.14815772e-01
    3.27614278e-01 8.04243743e-01 1.42433256e-01 7.05629647e-01
    4.60351646e-01 2.41921246e-02 4.07753050e-01 1.67512208e-01
    4.39532369e-01 3.23480219e-01 7.34885573e-01 4.75019127e-01
    8.32046151e-01 4.82678801e-01 7.81194806e-01 3.45279753e-01
    5.36058486e-01 6.95896924e-01 2.56120384e-01 7.39495754e-01
    9.33953702e-01 2.63722897e-01 7.96738267e-01 7.78925896e-01
    2.03398079e-01 5.11321425e-02 4.91759479e-01 1.47317648e-01
    3.98238838e-01 9.96819615e-01 2.99822688e-02 9.84917045e-01
    7.88556933e-01 6.46587253e-01 7.47440457e-01 8.54420364e-01
    9.88520384e-01 4.47395861e-01 9.62566078e-01 6.53585792e-02
    7.93909073e-01 1.63588852e-01 8.32770109e-01 3.77283305e-01
    2.76642919e-01 6.31544590e-01 8.34575832e-01 3.59300047e-01
    3.88059705e-01 3.89696062e-01 2.82117873e-01 8.51322532e-01
    7.61711240e-01 2.93267161e-01 1.49085820e-02 4.29788053e-01
    6.11424506e-01 3.31577420e-01 7.24715948e-01 9.84819055e-01
    3.69405001e-01 7.16866791e-01 5.43187261e-01 7.08378971e-01
    5.53322434e-02 5.60912013e-01 6.70514405e-01 5.33701181e-01
    2.13937610e-01 8.01066399e-01 4.10513163e-01 4.30250168e-01
    4.95322794e-01 2.01106936e-01 3.02608311e-02 8.48016381e-01
    6.37257099e-02 6.06013596e-01 7.92784095e-01 9.38833714e-01
    9.31702018e-01 4.76111472e-02 8.26189756e-01 7.69078732e-02
    3.51403177e-01 9.98865247e-01 2.99807668e-01 9.13545668e-01
    6.75145149e-01 7.64394045e-01 6.06633306e-01 4.55670446e-01
    7.71226883e-02 6.03332400e-01 7.00734019e-01 3.90876412e-01
    8.78857017e-01 9.65705037e-01 2.85783738e-01 5.55962205e-01
    8.74018550e-01 6.33235276e-01 6.66157424e-01 5.37407696e-01
    7.36513019e-01 3.16743731e-01 3.49542618e-01 4.24116194e-01
    6.93416893e-02 9.91775453e-01 7.05471277e-01 8.51820230e-01
    3.09650481e-01 5.95085382e-01 3.80593717e-01 5.96674919e-01
    5.22735417e-01 1.06861323e-01 7.38959372e-01 4.97051477e-02
    9.18910861e-01 6.54816329e-02 1.13725215e-01 7.70923853e-01
    8.91443968e-01 1.85163677e-01 5.35480857e-01 5.17713547e-01
    7.66667247e-01 9.18335795e-01 7.16604650e-01 7.74407268e-01
    2.82051146e-01 4.85533714e-01 2.39164919e-01 8.75529647e-03
    2.09749520e-01 7.23413944e-01 3.23855877e-02 5.49709857e-01
    7.17374682e-03 5.62053740e-01 8.90617490e-01 3.88662219e-01
    3.94429415e-01 5.16241193e-01 6.26459479e-01 2.57557333e-01
    8.69448423e-01 8.44752669e-01 1.13492817e-01 7.48768449e-01
    9.46500659e-01 6.48259819e-01 1.24585658e-01 1.81987464e-01
    8.71314466e-01 5.40814817e-01 9.20870304e-01 1.61973268e-01
    3.19782972e-01 9.85258162e-01 8.40257883e-01 5.45940995e-01
    5.41531503e-01 1.73528075e-01 6.98548913e-01 3.49397779e-01
    1.76860511e-01 2.83581555e-01 6.22505248e-01 3.69390726e-01
    2.45832264e-01 6.51194632e-01 8.68381143e-01 3.67011786e-01
    8.62205386e-01 6.42696083e-01 4.53467518e-01 1.83644682e-01
    2.94552505e-01 4.16164994e-01 5.20876706e-01 2.57162869e-01
    8.75134587e-01 3.17841947e-01 5.75185120e-01 6.35608256e-01
    5.55692017e-02 9.05121446e-01 5.84754348e-01 4.88818467e-01
    7.04601169e-01 9.76876378e-01 9.29158628e-01 5.03375649e-01
    7.15250611e-01 4.72102731e-01 8.38461280e-01 4.04988855e-01
    2.74813682e-01 3.03280890e-01 8.86264086e-01 8.69702816e-01
    1.71182632e-01 2.14937806e-01 9.58030224e-01 8.93374562e-01
    3.50020111e-01 4.86103326e-01 4.82036948e-01 7.18641520e-01
    4.20715332e-01 9.23560739e-01 8.57089937e-01 8.29966128e-01
    3.25969160e-02 6.27291203e-01 9.90723848e-01 2.64242679e-01
    9.38147068e-01 6.72838390e-01 5.01667857e-01 4.85549599e-01
    2.57157773e-01 5.50189316e-01 8.66635203e-01 9.19533968e-02
    5.75658560e-01 9.59774077e-01 4.53285158e-01 1.54370606e-01
    1.47737384e-01 7.96754956e-01 4.52088684e-01 1.83860242e-01
    6.03158116e-01 5.32101810e-01 4.63384926e-01 2.00769931e-01
    5.84566057e-01 3.51834744e-01 1.84727103e-01 9.12159085e-01
    3.14570844e-01 8.95792246e-01 4.77333963e-02 9.31313157e-01
    1.10188842e-01 2.21893191e-02 4.87924218e-02 7.36266375e-02
    6.41332328e-01 4.87811148e-01 4.77132171e-01 3.74875844e-01
    1.03286654e-01 5.56311250e-01 7.97535777e-01 5.62191427e-01
    2.01225698e-01 5.37512302e-01 9.22556877e-01 4.46787626e-01
    5.17886519e-01 4.15307641e-01 6.41188383e-01 7.58964300e-01
    6.00293159e-01 5.01513898e-01 3.03144246e-01 8.35775614e-01
    6.25630915e-01 9.12272930e-01 1.28528386e-01 8.60561252e-01
    8.36770177e-01 1.58878505e-01 9.75384414e-01 4.76251453e-01
    9.95109439e-01 6.44250035e-01 8.59801292e-01 7.73242474e-01
    2.08519518e-01 3.74528944e-01 5.70593536e-01 5.07918417e-01
    4.88523841e-01 4.15248543e-01 5.66632807e-01 3.77764434e-01
    2.90172070e-01 1.38379574e-01 7.77076960e-01 6.43607259e-01
    5.06031275e-01 1.10881299e-01 7.05570877e-01 3.21541309e-01
    7.08817661e-01 8.48887980e-01 5.40670395e-01 3.75581235e-01
    8.24792683e-02 8.67479920e-01 9.11973953e-01 9.16290939e-01
    4.88587677e-01 6.02496862e-01 2.92450756e-01 8.15155208e-02
    8.18078518e-02 7.41201341e-02 8.11517179e-01 7.57225633e-01
    5.85514188e-01 2.71758914e-01 3.86705846e-01 5.99948585e-01
    7.03932762e-01 2.33910233e-01 1.58751070e-01 5.25502741e-01
    8.48961592e-01 5.48048437e-01 6.33567750e-01 6.11691058e-01
    6.34894550e-01 9.95891809e-01 7.67355084e-01 3.19383919e-01
    9.77522254e-01 4.18652117e-01 9.02735472e-01 4.62796152e-01
    2.93697089e-01 3.34449410e-02 8.48355889e-01 6.40687227e-01
    8.64104748e-01 6.94259286e-01 6.89688444e-01 6.85876369e-01
    8.90514195e-01 6.83877349e-01 7.00595021e-01 7.75645614e-01
    5.03296375e-01 2.20162958e-01 4.40968066e-01 2.23376989e-01
    4.10119593e-02 9.75438118e-01 9.11609769e-01 2.50827610e-01
    3.63149673e-01 1.81423932e-01 4.24997270e-01 1.24055117e-01
    6.72292054e-01 7.42607415e-02 4.82231557e-01 3.85423809e-01
    8.93259048e-03 9.54813063e-02 4.92359400e-02 7.24666297e-01
    1.21644467e-01 3.82786691e-02 4.25570220e-01 5.73174477e-01
    8.88742089e-01 2.75605232e-01 1.78314954e-01 7.19310701e-01
    1.72849715e-01 3.15741897e-02 1.27819330e-01 4.07674432e-01
    8.88362646e-01 4.96505380e-01 3.12911093e-01 8.07304740e-01
    3.26266289e-02 1.58858538e-01 9.45768833e-01 1.62800550e-01
    9.17825341e-01 5.27641594e-01 4.88905191e-01 4.59533989e-01
    8.95224094e-01 6.83990598e-01 7.60253787e-01 9.93858695e-01
    6.01001084e-01 8.02684188e-01 9.61466134e-02 9.19361353e-01
    5.46479881e-01 6.09082758e-01 6.33676767e-01 6.27201617e-01
    8.15677762e-01 1.97457790e-01 7.07931459e-01 7.95506120e-01
    8.58869255e-02 4.61602390e-01 1.44129395e-02 4.81179863e-01
    6.12309039e-01 4.46102321e-01 3.49320441e-01 6.03381693e-01
    4.61450785e-01 4.60459977e-01 5.96118450e-01 2.01167464e-02
    2.25418061e-01 7.98395455e-01 9.02655363e-01 5.00200212e-01
    5.96210957e-01 2.49377012e-01 4.59969640e-01 3.17466617e-01
    3.64842802e-01 4.64923084e-02 4.54061836e-01 1.70449674e-01
    8.93819153e-01 6.56768203e-01 9.42275763e-01 1.27997577e-01
    3.88719559e-01 3.36741567e-01 3.26385200e-02 7.97575951e-01
    1.86393499e-01 6.37392700e-02 7.48798251e-01 5.45315981e-01
    6.44950271e-02 4.50602531e-01 9.37150300e-01 6.44905090e-01
    6.20117605e-01 1.27083689e-01 4.62529629e-01 1.11988485e-02
    5.12755930e-01 4.96477187e-02 3.44152093e-01 2.49163210e-02
    7.85591781e-01 6.84775889e-01 5.12920797e-01 3.50765884e-02
    5.45042813e-01 5.37366569e-02 7.47036278e-01 8.15337658e-01
    2.34125108e-01 6.11475825e-01 2.42163241e-02 6.88240707e-01
    5.35141885e-01 2.41510361e-01 8.88988495e-01 5.47572315e-01
    5.93936741e-01 9.27830577e-01 2.78067678e-01 9.43478107e-01
    8.72769475e-01 4.76565182e-01 7.98944473e-01 4.09577727e-01
    3.65775168e-01 2.67550141e-01 5.28271794e-02 3.07390124e-01
    3.23786676e-01 3.03617150e-01 1.04858577e-02 2.65788168e-01
    1.97326660e-01 3.52920115e-01 9.66189861e-01 2.19195366e-01
    6.08608663e-01 2.89693713e-01 7.84618139e-01 1.36055171e-01
    9.52110291e-01 2.09787965e-01 4.12446260e-02 6.42869473e-02
    8.77690434e-01 9.13253427e-03 7.09457815e-01 1.59058422e-01
    3.55382562e-02 8.67273510e-02 6.22228444e-01 2.70084351e-01
    4.48647738e-01 4.74370420e-02 9.82526422e-01 1.38045371e-01
    3.72390449e-02 4.87653613e-02 3.41787398e-01 1.58302903e-01
    9.79220867e-01 5.73347390e-01 4.53084946e-01 1.05515242e-01
    7.93816388e-01 9.04261947e-01 5.03922522e-01 1.33561730e-01
    7.36038089e-02 9.81680870e-01 2.19417602e-01 7.87128508e-01
    5.04161417e-01 7.83405483e-01 1.51430994e-01 8.43209326e-01
    2.10777223e-01 5.57731748e-01 3.34793210e-01 6.14394844e-02
    7.26648629e-01 3.11218202e-01 4.02147830e-01 6.44545496e-01
    9.68780518e-01 2.25213438e-01 3.55368018e-01 4.55624938e-01
    4.83578980e-01 3.54031026e-01 6.81173921e-01 6.24476790e-01
    7.54125893e-01 6.44635677e-01 4.22273874e-01 6.20127559e-01
    8.69550943e-01 5.29791355e-01 5.33373952e-02 5.15777826e-01
    5.32996953e-02 3.16006720e-01 7.16498077e-01 1.71814501e-01
    3.52581441e-01 8.98618579e-01 6.56824112e-01 4.70261931e-01
    7.84986615e-01 3.46710980e-02 5.03698826e-01 6.37193680e-01
    7.85141230e-01 1.81001931e-01 9.43131089e-01 3.14714223e-01
    6.32424355e-01 5.76017797e-01 7.99676895e-01 8.67870271e-01
    2.92839587e-01 1.65222555e-01 2.83834815e-01 4.14179295e-01
    3.40391994e-01 4.66055572e-01 4.95620966e-02 1.90372944e-01
    9.82764244e-01 7.64890194e-01 3.95973384e-01 8.07833195e-01
    4.63606715e-02 8.36757779e-01 9.86629009e-01 2.18170077e-01
    5.42451739e-01 7.80837357e-01 2.46386677e-01 5.73736906e-01
    6.89482927e-01 9.44495201e-03 3.78662676e-01 4.30578321e-01
    8.95840406e-01 3.78457963e-01 7.19038844e-02 4.95911062e-01
    8.63371074e-01 9.66035604e-01 2.18035251e-01 9.85138834e-01
    4.32128906e-01 4.39949512e-01 1.94801688e-02 7.74070859e-01
    9.12296772e-01 1.02480114e-01 4.60111856e-01 1.11213535e-01
    5.70196688e-01 8.52797508e-01 3.96025807e-01 3.57482553e-01
    8.36740971e-01 5.00021994e-01 6.96414113e-02 6.91377401e-01
    2.47448951e-01 5.44287503e-01 3.39004934e-01 1.52429223e-01
    7.19524086e-01 6.30753160e-01 2.61808813e-01 4.67269033e-01
    6.87648356e-01 2.67291814e-01 6.39373899e-01 7.86127687e-01
    5.25156081e-01 1.74208850e-01 7.03458250e-01 4.82506514e-01
    5.29051423e-01 5.80192268e-01 1.72156423e-01 2.41562545e-01
    1.62393451e-01 3.34620059e-01 3.25748682e-01 3.19402426e-01
    4.01683748e-01 8.60780954e-01 7.45279610e-01 3.94355655e-01
    1.79704100e-01 9.39765573e-01 9.38319087e-01 8.55271339e-01
    3.20568889e-01 9.68317866e-01 5.76005578e-01 3.59412134e-02
    2.42725194e-01 7.52207637e-01 2.68704355e-01 8.38810444e-01
    6.77641749e-01 2.36130357e-02 1.30820572e-02 5.89995980e-01
    5.83896995e-01 9.07283425e-01 3.74493867e-01 8.34834397e-01
    7.68138289e-01 7.20738471e-01 5.68671823e-01 4.79486734e-01
    3.20388913e-01 5.65705776e-01 1.78683102e-02 5.82476079e-01
    9.39955294e-01 6.37865841e-01 3.61212999e-01 1.94484234e-01
    6.90779448e-01 7.56212831e-01 7.38885105e-01 2.82064497e-01
    1.56861991e-01 2.55617619e-01 4.25296664e-01 9.87794697e-02
    7.00069845e-01 9.88207459e-01 5.87633669e-01 1.81686878e-02
    1.66036695e-01 6.61373913e-01 3.10878038e-01 6.20701432e-01
    4.57876831e-01 4.71149892e-01 2.85711825e-01 8.84078622e-01
    8.69487643e-01 1.62385911e-01 5.60268164e-01 4.47641790e-01
    1.06810868e-01 7.33421743e-01 5.78145087e-01 5.89086652e-01
    6.08583331e-01 2.33240634e-01 9.27008867e-01 2.33583510e-01
    1.60736054e-01 8.43813479e-01 3.08466703e-01 1.18403345e-01
    9.53884006e-01 6.05621815e-01 6.04788721e-01 9.76317704e-01
    2.70612001e-01 6.84694350e-01 1.67293847e-02 7.36048639e-01
    8.74291241e-01 2.70148993e-01 6.16342962e-01 4.98948127e-01
    4.59756970e-01 9.83161747e-01 9.29920077e-02 8.39794755e-01
    5.48513532e-01 3.84069413e-01 7.15278447e-01 6.81093693e-01
    3.99941206e-03 7.51517057e-01 1.09715730e-01 7.86914825e-01
    9.17678177e-01 6.47326410e-02 7.99373507e-01 9.06033933e-01
    7.14900494e-02 4.62939203e-01 2.22731918e-01 3.29292119e-01
    4.72212344e-01 2.65968800e-01 7.31541514e-02 3.91528815e-01
    7.92497039e-01 2.90935069e-01 6.16917253e-01 3.45035523e-01
    8.77308130e-01 4.74233508e-01 4.95056808e-02 2.63494074e-01
    1.07724398e-01 8.00237656e-02 3.92676175e-01 7.67459035e-01
    9.44494367e-01 5.22814274e-01 3.31685066e-01 6.02046311e-01
    7.07007766e-01 5.35535336e-01 3.65644395e-01 1.41726315e-01
    7.73590684e-01 3.52177233e-01 5.61072826e-01 2.65774846e-01
    7.23305404e-01 8.63624573e-01 4.29490387e-01 4.72614497e-01
    7.36350119e-02 8.50834548e-02 9.25516486e-01 1.61090344e-01
    9.90183949e-02 7.24773288e-01 5.91218650e-01 6.36301696e-01
    1.89814776e-01 7.32563257e-01 5.51714778e-01 9.79382932e-01
    3.11876327e-01 4.26716387e-01 4.63015079e-01 9.21072602e-01
    6.34806633e-01 9.89734411e-01 3.36594939e-01 4.78289098e-01
    6.34976268e-01 5.75200617e-01 4.12614107e-01 6.69940352e-01
    5.57054520e-01 4.05584633e-01 2.11248845e-01 8.51408958e-01
    3.58799279e-01 2.10489780e-01 1.33504987e-01 2.81776607e-01
    3.04717183e-01 7.33381569e-01 1.54184908e-01 2.19394803e-01
    4.58824247e-01 2.18510687e-01 2.70701855e-01 3.05170715e-01
    1.72788799e-01 4.86851692e-01 5.69235146e-01 4.86345619e-01
    2.77720690e-02 9.58635092e-01 5.91441393e-01 1.02942288e-01
    2.28626609e-01 5.77843845e-01 6.41510069e-01 1.22120976e-01
    7.08755612e-01 9.59302425e-01 3.47491294e-01 8.72384191e-01
    9.83777583e-01 4.46141839e-01 2.65308768e-01 1.62661880e-01
    8.70571375e-01 2.09673494e-01 1.28783584e-02 3.07237208e-01
    9.01089430e-01 7.40943313e-01 1.65476859e-01 8.84030104e-01
    3.54533076e-01 2.80063480e-01 5.56289971e-01 4.21904594e-01
    3.45807552e-01 6.40703440e-02 9.21005726e-01 5.30694246e-01
    1.55704379e-01 6.69154048e-01 7.20178723e-01 9.13623452e-01
    4.77808714e-01 5.92690945e-01 2.74437726e-01 8.96668017e-01
    1.02873206e-01 5.51789999e-01 9.37077403e-01 8.88532758e-01
    6.22504950e-03 9.15119350e-01 2.62425542e-01 6.51043057e-01
    6.50337696e-01 4.15107518e-01 2.52922237e-01 3.06252152e-01
    8.79746914e-01 1.43267035e-01 2.48165965e-01 9.41445112e-01
    1.66186929e-01 3.71795177e-01 5.20110428e-01 6.11015320e-01
    4.32046443e-01 8.48795533e-01 8.16358089e-01 7.86068916e-01
    8.35503936e-01 4.24989760e-01 7.11516023e-01 3.33680212e-02
    1.12321764e-01 5.11450410e-01 4.33511019e-01 7.17774034e-01
    4.32828218e-01 5.70008159e-01 7.14280546e-01 8.22451711e-01
    6.94746614e-01 3.09762448e-01 8.10291886e-01 4.55635160e-01
    2.36896396e-01 7.44412780e-01 9.62525249e-01 5.29996157e-01
    5.21151423e-01 9.42897260e-01 8.64318252e-01 3.90159786e-01
    2.92955279e-01 6.67946935e-01 1.14568383e-01 1.24406636e-01
    1.96924835e-01 2.00923651e-01 9.31669116e-01 6.26494288e-01
    1.67715549e-02 7.37657785e-01 7.96710908e-01 6.47727013e-01
    8.19568336e-01 5.58941424e-01 1.07102394e-02 3.81348968e-01
    3.72624874e-01 9.64591026e-01 3.60224187e-01 5.06671190e-01
    8.80066454e-01 1.68460399e-01 9.32407379e-03 8.53013635e-01
    3.52731347e-03 3.08186591e-01 4.72045362e-01 5.48571229e-01
    3.75953019e-01 4.95166719e-01 3.64446640e-02 4.40553337e-01
    3.61281604e-01 7.24585652e-01 3.51484418e-01 4.44941282e-01
    7.56996036e-01 8.78333092e-01 9.59258556e-01 2.40388632e-01
    2.54335105e-01 9.42318738e-01 5.63091993e-01 4.91231591e-01
    2.74813533e-01 8.26461613e-01 1.51534081e-02 1.34312719e-01
    1.77943796e-01 1.10901803e-01 9.57871318e-01 1.62841767e-01
    9.96313691e-01 4.92150933e-01 4.51086253e-01 3.63995910e-01
    8.39309335e-01 2.84847826e-01 4.18416381e-01 8.32932651e-01
    3.32336187e-01 3.73358965e-01 3.29645187e-01 9.29798186e-02
    3.30594063e-01 9.02128756e-01 4.30413276e-01 1.49364501e-01
    3.53941619e-02 9.48566675e-01 1.96895480e-01 1.73807681e-01
    2.99918354e-02 3.20433736e-01 7.54052162e-01 9.34073627e-02
    2.45506763e-02 9.43000615e-02 2.41809011e-01 9.94663298e-01
    3.33994269e-01 1.21321976e-02 5.44765413e-01 7.23187029e-02
    4.40652966e-01 4.20519829e-01 9.03377771e-01 1.98809505e-01
    1.91045672e-01 3.27934116e-01 1.33071244e-01 4.53194469e-01
    8.33726168e-01 4.57762629e-01 5.70772052e-01 9.85144138e-01
    5.03523111e-01 9.51218486e-01 6.29414737e-01 4.22116369e-01
    3.69142205e-01 5.56137562e-02 5.49740136e-01 1.47467703e-01
    8.91482234e-01 7.54955411e-01 5.77603698e-01 5.23212135e-01
    9.79980767e-01 1.55723780e-01 6.98247969e-01 2.04941273e-01
    9.85621452e-01 9.08774137e-01 3.99882138e-01 6.57040477e-01
    2.80519605e-01 7.99389839e-01 2.96832502e-01 6.71642363e-01
    3.14720631e-01 4.72564399e-02 3.95163894e-03 1.59401894e-02
    6.61698401e-01 4.62544680e-01 4.13939238e-01 4.66385543e-01
    8.91589761e-01 1.70872688e-01 7.52239168e-01 6.35949671e-02
    6.02955282e-01 3.61536741e-01 3.60783100e-01 7.13646829e-01
    9.63766813e-01 8.72016072e-01 6.41657710e-01 2.41029143e-01
    7.09318519e-01 5.19814909e-01 2.79941231e-01 3.02740157e-01
    4.22745943e-02 4.93690968e-01 6.26242876e-01 5.61041951e-01
    6.07282758e-01 3.43216658e-01 9.27874207e-01 7.66967833e-01
    6.52137995e-01 2.46481866e-01 7.81213999e-01 5.11923850e-01
    6.88598037e-01 4.92704302e-01 8.28350067e-01 9.41839218e-01
    3.79365861e-01 9.69132900e-01 8.64514947e-01 1.78878516e-01
    2.43927687e-01 8.63427699e-01 5.83675146e-01 4.38675940e-01
    5.91125190e-01 2.34076709e-01 1.26841038e-01 3.91189814e-01
    4.40566927e-01 7.33921587e-01 1.42124295e-02 3.16285968e-01
    3.74750257e-01 7.87402213e-01 2.03220695e-01 8.85480165e-01
    8.47530782e-01 2.34099507e-01 4.47107226e-01 5.31964302e-02
    6.96435213e-01 1.49256885e-01 6.66552901e-01 8.67806077e-01
    8.88210297e-01 2.79060334e-01 8.51942718e-01 7.87594795e-01
    1.63468450e-01 8.47647786e-01 6.72013640e-01 2.12476194e-01
    2.44139194e-01 6.15082264e-01 9.54456210e-01 6.09742582e-01
    4.98127222e-01 3.44242752e-01 6.69681430e-02 4.00909781e-03
    9.37554121e-01 8.21655095e-01 9.13816214e-01 9.42338943e-01
    3.25721592e-01 5.82904696e-01 5.53818047e-01 6.48074031e-01
    1.73765898e-01 9.28712487e-01 1.56480193e-01 7.59559810e-01
    8.59296262e-01 5.32502294e-01 9.75190043e-01 9.45192099e-01
    1.63048416e-01 1.57223195e-01 3.53755474e-01 2.13888884e-02
    9.56298113e-01 2.73751676e-01 1.66693091e-01 4.15309012e-01
    5.11019528e-01 8.52923810e-01 4.40862238e-01 1.83408052e-01
    1.06913030e-01 8.41818929e-01 9.24503803e-01 4.20981050e-01
    3.56408358e-02 2.26602644e-01 6.83596313e-01 9.91045892e-01
    1.61428988e-01 3.23187113e-01 8.04302096e-02 7.17050433e-01
    7.06272721e-02 2.59026825e-01 8.14902604e-01 7.02902973e-02
    8.51014614e-01 4.35721517e-01 4.80564654e-01 5.18282771e-01
    8.86599064e-01 6.49722099e-01 4.38001782e-01 2.39665568e-01
    5.69162071e-01 9.58172917e-01 7.93184876e-01 3.23528141e-01
    8.79008293e-01 1.69718564e-01 7.89705753e-01 8.93368661e-01
    6.76572680e-01 2.17546225e-01 2.90730178e-01 1.89183742e-01
    2.47277826e-01 6.09769821e-02 4.11614090e-01 7.66989529e-01
    7.62908340e-01 3.80170107e-01 2.14621514e-01 7.00513601e-01
    1.22499108e-01 6.02160454e-01 6.36716127e-01 5.23874164e-01
    7.88646817e-01 6.14738643e-01 3.15061152e-01 1.21538937e-02
    7.79045820e-02 4.07274723e-01 9.15863872e-01 2.11749703e-01
    4.86909270e-01 5.81433952e-01 8.14654291e-01 7.07227528e-01
    5.68949878e-02 8.45510602e-01 9.86751914e-01 1.51491582e-01
    9.35716331e-02 6.55823827e-01 2.30302274e-01 1.21909052e-01
    8.30079794e-01 1.08005702e-01 3.51835638e-01 3.45824420e-01
    4.62004989e-01 1.38849676e-01 1.08238041e-01 5.11249661e-01
    4.03840899e-01 9.35116529e-01 6.74161434e-01 1.59532666e-01
    4.02666897e-01 8.55481863e-01 7.03268290e-01 2.69719481e-01
    7.82482505e-01 5.16253948e-01 6.25494778e-01 9.54224706e-01
    1.23317540e-02 7.94529557e-01 8.30611706e-01 1.79002821e-01
    3.18663001e-01 6.85486734e-01 6.03282094e-01 4.31879222e-01
    3.06027263e-01 6.27099931e-01 7.48763978e-01 3.56035233e-01
    1.68787450e-01 8.05447698e-01 6.16388917e-02 9.70091701e-01
    1.30843520e-02 7.68726468e-01 3.50244999e-01 4.87251103e-01
    5.16900957e-01 4.84787881e-01 6.41621947e-02 6.92721009e-02
    2.61095941e-01 8.39273155e-01 9.81033564e-01 8.13875556e-01
    9.26534951e-01 2.39627570e-01 8.60956669e-01 4.95284915e-01
    7.49671280e-01 5.74502647e-01 8.86649609e-01 1.88726097e-01
    3.50827456e-01 8.83937597e-01 5.21904886e-01 7.10732579e-01
    3.97029132e-01 9.11852837e-01 2.40621865e-01 5.11224568e-01
    7.13816285e-01 3.23116422e-01 1.36293083e-01 3.02995563e-01
    7.52924085e-02 8.86859298e-01 2.62093365e-01 2.94532001e-01
    9.51400518e-01 7.59058237e-01 7.34197259e-01 1.31298274e-01
    8.67051244e-01 3.65426838e-01 6.77465022e-01 5.08024216e-01
    2.12105066e-01 7.06339180e-02 2.54191726e-01 8.90077770e-01
    6.34145975e-01 5.96413851e-01 2.23900050e-01 1.71597779e-01
    3.71931970e-01 1.71763271e-01 8.15179646e-02 6.61001205e-01
    8.04987013e-01 1.00320190e-01 2.27335721e-01 1.91209853e-01
    1.68824911e-01 5.46910763e-02 9.75035310e-01 4.54424560e-01
    5.68735242e-01 3.40478659e-01 7.58022249e-01 2.75593162e-01
    4.25687641e-01 9.19532120e-01 4.93860602e-01 7.05090761e-01
    7.50395775e-01 2.46458948e-02 4.63358909e-01 2.63716489e-01
    7.81422615e-01 4.81800199e-01 8.19584370e-01 5.49533367e-01
    7.93925881e-01 1.27262533e-01 5.98054826e-01 3.95279408e-01
    5.97728729e-01 6.47020042e-01 9.98091340e-01 9.54133391e-01
    7.69623876e-01 5.65892696e-01 1.51981324e-01 5.56288660e-01
    1.80831283e-01 4.64797169e-01 4.86399204e-01 3.09378326e-01
    9.78614926e-01 9.59434628e-01 3.09797496e-01 6.28401697e-01
    7.79995263e-01 9.52121019e-01 9.15925622e-01 3.52361172e-01
    7.16506839e-01 6.63560152e-01 9.31600332e-01 2.48809338e-01
    8.98332715e-01 5.25965810e-01 6.04808509e-01 2.55336583e-01
    4.03598338e-01 3.32424223e-01 6.09663367e-01 8.87161970e-01
    9.66886282e-01 4.17901516e-01 1.36861235e-01 2.92902648e-01
    7.87801683e-01 7.24416733e-01 5.06856084e-01 2.69545496e-01
    1.66232646e-01 3.90321434e-01 7.28337288e-01 9.80011106e-01
    9.32658672e-01 6.93006635e-01 8.43928099e-01 5.47680795e-01
    5.50665975e-01 8.50262761e-01 5.18987179e-01 6.22956395e-01
    6.27472460e-01 8.62350583e-01 7.58138895e-01 4.44234610e-02
    3.18997502e-01 9.02073383e-01 7.87162781e-01 2.55281925e-02
    3.06794971e-01 6.57563627e-01 4.48654383e-01 4.24144596e-01
    3.61865848e-01 7.01601505e-01 8.57293963e-01 4.39740598e-01
    3.95334721e-01 7.08712041e-02 8.44415009e-01 7.47813821e-01
    2.83356428e-01 6.37274981e-02 4.54983681e-01 5.86339712e-01
    6.97120368e-01 7.64877796e-01 5.22291303e-01 9.74362612e-01
    5.94305217e-01 6.41253173e-01 2.64843285e-01 8.02012622e-01
    7.92367458e-01 3.64052951e-02 5.78014553e-01 8.36659551e-01
    8.12592149e-01 8.18529427e-02 3.37141305e-01 8.44196200e-01
    4.72148836e-01 9.22670066e-02 6.33537054e-01 2.91096509e-01
    5.24781048e-01 2.20634758e-01 7.42305338e-01 4.68815744e-01
    5.91310918e-01 1.64439708e-01 2.27481931e-01 2.64308274e-01
    4.75303948e-01 9.79341269e-01 3.15993369e-01 9.08053994e-01
    4.55869257e-01 6.19841516e-01 5.95068932e-03 5.96462667e-01
    1.91215992e-01 5.15945494e-01 3.66662025e-01 5.14603317e-01
    1.18245304e-01 4.47513729e-01 2.43326336e-01 6.74698591e-01
    5.41921198e-01 7.84218907e-02 1.56377822e-01 9.74481106e-02
    3.24439734e-01 1.35258496e-01 7.77873695e-02 5.82954288e-03
    5.59920669e-02 8.96896005e-01 3.72378945e-01 7.25972116e-01
    2.31626034e-02 4.23359215e-01 9.57127690e-01 4.87939119e-02
    9.28114295e-01 3.16785932e-01 1.12202883e-01 4.51652467e-01
    2.11113870e-01 4.97463763e-01 1.68299526e-01 5.64483523e-01
    7.85108566e-01 1.49759263e-01 2.37424254e-01 3.56507719e-01
    1.64954156e-01 1.08534962e-01 4.26037908e-02 5.55717707e-01
    5.99238038e-01 2.57869720e-01 7.25046992e-01 4.45104063e-01
    3.57355893e-01 2.70205885e-01 4.82281357e-01 9.03626323e-01
    4.59582508e-02 4.95262593e-01 7.47436643e-01 4.03379351e-01
    1.39927000e-01 7.80357122e-01 1.45769298e-01 7.05124378e-01
    7.85494506e-01 4.34777290e-01 9.84292805e-01 2.88163811e-01
    3.53444576e-01 5.47341049e-01 1.54694527e-01 3.03043365e-01
    1.56176329e-01 2.56396532e-01 7.31317639e-01 5.64712822e-01
    3.79517943e-01 1.85133487e-01 8.08838785e-01 8.80458355e-01
    9.78937507e-01 6.40810370e-01 8.70144963e-02 5.00337601e-01
    5.96618295e-01 8.03136826e-01 3.42776179e-01 1.93962693e-01
    9.98320282e-02 9.29835320e-01 1.05747789e-01 9.22175765e-01
    5.07498085e-01 6.31060719e-01 2.40247995e-01 9.84703541e-01
    3.73626530e-01 8.25011492e-01 6.74174726e-01 5.43885827e-01
    1.11990660e-01 8.01847935e-01 5.14961302e-01 2.29048967e-01
    2.03156471e-02 8.84306371e-01 9.49627280e-01 1.79420263e-01
    4.13655967e-01 2.06303030e-01 6.76404834e-01 7.20996916e-01
    6.10992730e-01 5.10018706e-01 6.57773137e-01 4.01139110e-01
    1.83719039e-01 9.49307263e-01 1.37264669e-01 4.49216485e-01
    5.64558804e-01 8.40831101e-02 1.82540804e-01 4.74077493e-01
    6.33172452e-01 2.71074951e-01 8.31487775e-01 5.70841432e-01
    7.41429150e-01 7.12586641e-01 7.61397064e-01 7.26121068e-01
    8.34771156e-01 6.75464630e-01 7.89390326e-01 3.26856554e-01
    7.80591846e-01 4.23674166e-01 9.77031171e-01 8.98147702e-01
    3.98449749e-01 1.47630394e-01 5.83196282e-01 3.00114453e-02
    5.13237357e-01 3.97161424e-01 7.04855442e-01 4.16382134e-01
    9.71925616e-01 1.85498327e-01 8.51505578e-01 1.57056242e-01
    7.84685433e-01 1.57761365e-01 5.51524282e-01 2.91834533e-01
    2.57656634e-01 4.49174583e-01 7.06529975e-01 6.16834879e-01
    9.97329354e-02 9.70526278e-01 2.50323862e-01 7.56627679e-01
    3.97398591e-01 6.14609659e-01 5.86164892e-02 7.18268812e-01
    4.30986881e-02 4.05365288e-01 2.22417921e-01 1.63045108e-01
    5.33232093e-01 8.54097843e-01 5.07137835e-01 7.00697303e-03
    8.43874574e-01 4.59994972e-02 1.45353884e-01 4.01041806e-01
    7.14640200e-01 1.01312101e-01 8.17283690e-02 2.43202090e-01
    3.38852227e-01 2.23993063e-01 5.80595016e-01 7.66494870e-03
    2.56611586e-01 5.53013027e-01 5.73333144e-01 4.70524102e-01
    2.78992385e-01 1.77243769e-01 3.43519956e-01 2.95978725e-01
    3.55013192e-01 7.15583920e-01 4.80294168e-01 7.02088356e-01
    1.95516527e-01 4.43155050e-01 5.61822057e-01 3.89035732e-01
    7.23061919e-01 6.08382165e-01 7.27348566e-01 7.43749142e-02
    6.73523009e-01 5.03948450e-01 4.34270263e-01 9.43484902e-01
    9.50383544e-01 8.75561118e-01 3.33061218e-01 7.39085913e-01
    3.57689530e-01 6.45214438e-01 4.59086120e-01 4.23288524e-01
    5.39999306e-01 5.44620931e-01 6.33360505e-01 4.14690495e-01
    4.14071500e-01 2.19461769e-01 2.56410271e-01 1.09229296e-01
    9.36450958e-01 5.24855971e-01 8.12007666e-01 5.86835861e-01
    4.72468048e-01 3.46674085e-01 5.82788944e-01 5.75213432e-01
    9.93422508e-01 3.54234397e-01 5.78427732e-01 1.81767106e-01
    2.49631613e-01 7.01353610e-01 7.16474056e-01 3.93958002e-01
    8.29276502e-01 6.74235880e-01 1.33404136e-02 4.65977639e-01
    2.93084919e-01 9.16873217e-01 4.72148806e-01 2.21305311e-01
    6.40812576e-01 2.73450404e-01 7.95033932e-01 2.30205238e-01
    6.10260546e-01 9.37874258e-01 2.59469748e-02 1.87335968e-01
    7.48030245e-01 6.42581224e-01 4.83196616e-01 1.48800015e-01
    2.35263228e-01 3.85103226e-02 9.11679208e-01 2.83243716e-01
    3.05867195e-02 3.74707580e-01 4.37178522e-01 5.67994058e-01
    1.44021094e-01 2.14584023e-01 1.52619004e-01 6.11693203e-01
    2.37042159e-01 4.74255323e-01 1.97601020e-02 7.13676333e-01
    5.33979058e-01 1.93797141e-01 7.13197351e-01 3.87503803e-02
    7.27276027e-01 6.56181872e-02 4.64084148e-01 9.75640416e-01
    8.11585188e-01 6.62851453e-01 5.72117925e-01 1.00819051e-01
    9.97504294e-01 2.80639946e-01 2.56617486e-01 6.65059626e-01
    2.40173548e-01 9.42102551e-01 6.96790874e-01 8.03188264e-01
    5.47627985e-01 3.78093421e-01 4.42828864e-01 1.12365544e-01
    4.55687642e-02 2.08221704e-01 4.50780034e-01 1.70233011e-01
    5.78964651e-02 2.80591279e-01 7.50046134e-01 1.64273411e-01
    3.50239456e-01 4.18930948e-01 9.55877304e-01 9.31587458e-01
    5.92020512e-01 5.63634813e-01 4.23746765e-01 3.81111443e-01
    7.63867557e-01 8.33161294e-01 3.58845174e-01 3.02860558e-01
    4.04623210e-01 9.53126848e-02 3.83121610e-01 1.96744025e-01
    8.26663852e-01 2.74410009e-01 9.88581955e-01 4.52907294e-01
    8.55352283e-01 8.55806291e-01 1.31292373e-01 7.14348316e-01
    7.73121834e-01 2.50801742e-01 1.93594992e-01 6.25119328e-01
    3.42135727e-02 7.02669680e-01 2.92121619e-01 6.62437201e-01
    1.84255332e-01 1.49506718e-01 4.62344319e-01 5.63549399e-01
    5.74936390e-01 6.78249002e-01 2.74941087e-01 8.83111000e-01
    5.69899380e-02 6.62758470e-01 2.58925557e-03 8.63829136e-01
    4.53616977e-01 5.09128392e-01 8.78369570e-01 5.63310325e-01
    2.58135259e-01 3.12750548e-01 5.01430631e-01 1.79401398e-01
    4.00748372e-01 4.55965340e-01 1.43969327e-01 7.88489580e-01
    6.41146421e-01 3.23760033e-01 7.64814079e-01 2.58548975e-01
    7.73500085e-01 3.52850735e-01 4.15250957e-02 6.40628576e-01
    9.24948454e-01 4.81397718e-01 4.59803909e-01 4.10631180e-01
    2.07076758e-01 2.25878119e-01 1.77187204e-01 7.70478785e-01
    5.73897779e-01 8.49572539e-01 3.35905075e-01 5.91440439e-01
    5.07775843e-01 7.21517265e-01 3.12037826e-01 4.57995236e-01
    3.42594534e-01 9.51363564e-01 2.58967876e-01 3.32746446e-01
    2.94404924e-01 8.83863807e-01 2.62682259e-01 3.88434023e-01
    3.47375691e-01 8.14422786e-01 1.46629959e-01 5.75825393e-01
    8.49786878e-01 1.53198689e-01 4.00607198e-01 7.04312980e-01
    6.60091579e-01 1.04545385e-01 5.13638675e-01 4.72495258e-02
    8.03256631e-02 9.07428145e-01 3.45578551e-01 7.82369018e-01
    3.31656963e-01 4.41110134e-01 1.93767905e-01 9.01027560e-01
    3.69074345e-02 9.03966665e-01 4.98993844e-01 4.69315082e-01
    2.40676850e-01 1.35611475e-01 2.20986664e-01 6.49268031e-01
    2.66704261e-01 4.61779833e-02 9.79629755e-02 6.66549087e-01
    5.15770137e-01 8.26028705e-01 5.26543438e-01 7.41310418e-01
    1.72462761e-02 8.68467212e-01 7.49409795e-01 9.10806358e-02
    9.96446609e-01 2.79477358e-01 5.37026584e-01 1.13487810e-01
    7.61709511e-02 3.07439744e-01 6.87533975e-01 7.14774549e-01
    9.04681325e-01 3.92115951e-01 3.59685063e-01 7.88572431e-01
    2.97116935e-01 6.54674530e-01 3.81271213e-01 8.85937512e-02
    3.62543285e-01 2.58577704e-01 7.27669239e-01 4.87155795e-01
    5.07645130e-01 7.45834470e-01 3.72608662e-01 9.09590364e-01
    1.73045993e-02 2.23597765e-01 4.87763405e-01 6.20006561e-01
    7.76829302e-01 1.89547956e-01 7.38417208e-01 6.51938617e-02
    3.20224047e-01 5.34223974e-01 1.58496559e-01 9.39196408e-01
    9.00657535e-01 2.05508858e-01 1.50937885e-01 9.36440706e-01
    1.89894706e-01 2.13286757e-01 4.80712354e-02 2.71132797e-01
    8.09658349e-01 2.30645835e-01 5.87241232e-01 5.65922737e-01
    6.76508427e-01 7.47146308e-02 9.07289267e-01 4.78460550e-01
    9.68495965e-01 1.16509378e-01 3.66745889e-01 1.44057095e-01
    5.73497593e-01 6.70296013e-01 2.91694641e-01 6.71274245e-01
    9.53392506e-01 5.10326982e-01 1.17496580e-01 2.44432807e-01
    9.82112050e-01 8.88502419e-01 9.59070385e-01 4.73194778e-01
    5.41005731e-01 5.84566355e-01 7.34088361e-01 5.57534456e-01
    5.76653898e-01 8.05863798e-01 5.60792387e-01 3.64302337e-01
    9.72337008e-01 5.02155423e-01 3.91906559e-01 2.84516603e-01
    2.56412625e-01 8.92812490e-01 1.53837502e-01 4.79661971e-01
    9.66230154e-01 6.92105651e-01 1.40380025e-01 8.30471337e-01
    9.98532474e-02 4.23227191e-01 8.29426110e-01 8.56637359e-01
    4.65533674e-01 1.58364743e-01 8.68908823e-01 4.85636652e-01
    7.87424445e-01 9.41950202e-01 3.48508179e-01 9.97615814e-01
    3.26502323e-02 9.69010472e-01 4.18857932e-02 4.38553095e-01
    1.44915938e-01 7.14862764e-01 6.55487537e-01 8.50234687e-01
    8.77564251e-01 5.91566205e-01 7.81002939e-01 1.88108385e-02
    7.43956447e-01 6.91743135e-01 2.35698998e-01 8.36537659e-01
    1.13628805e-02 3.44202578e-01 8.63282442e-01 6.31672263e-01
    8.64136219e-01 6.91481173e-01 7.65019536e-01 5.07803977e-01
    7.02157497e-01 2.94543564e-01 4.44452316e-01 7.77267575e-01
    1.41147405e-01 8.24990153e-01 7.18648612e-01 2.81510860e-01
    8.33883166e-01 6.96741998e-01 4.20579314e-01 6.86094880e-01
    4.37537521e-01 8.31269383e-01 7.20314443e-01 8.34383249e-01
    7.69518018e-01 6.71730578e-01 8.65048289e-01 7.06656754e-01
    7.66726136e-01 8.55727196e-01 4.10323113e-01 7.22943723e-01
    1.93820298e-02 1.83218211e-01 8.64399672e-01 6.38939500e-01
    3.36970925e-01 2.42223352e-01 9.41100240e-01 1.86314970e-01
    1.36123896e-01 3.44976068e-01 4.25788581e-01 6.69885516e-01
    8.58766973e-01 3.78997624e-01 8.22369635e-01 7.22410083e-01
    2.77242184e-01 9.34311390e-01 9.93694067e-01 5.20809829e-01
    9.71476614e-01 2.29967505e-01 2.41238743e-01 1.65040761e-01
    1.03704929e-02 8.01815748e-01 6.55421615e-03 2.61072397e-01
    9.75160718e-01 1.64502144e-01 5.72901249e-01 7.06604123e-02
    5.44673920e-01 2.10204571e-01 7.35299468e-01 6.14263296e-01
    4.91925180e-01 9.44353163e-01 8.96113932e-01 5.60490906e-01
    3.39113533e-01 2.45160371e-01 9.80045795e-01 1.40234470e-01
    5.78827798e-01 1.10092312e-01 6.53852701e-01 3.18827778e-01
    8.63201022e-01 9.23772395e-01 7.15778828e-01 3.95237684e-01
    6.01058841e-01 5.85514009e-02 7.45132208e-01 4.41420346e-01
    9.53276038e-01 8.93960238e-01 8.58233392e-01 4.62592244e-01
    1.63002789e-01 4.21516985e-01 8.18950176e-01 8.24825227e-01
    3.41829181e-01 1.45492941e-01 5.60942888e-01 5.90686858e-01
    8.29113424e-01 5.30906320e-02 2.65898138e-01 9.78955388e-01
    3.30357552e-01 8.71092498e-01 1.79838747e-01 4.45119739e-02
    8.13642442e-01 3.62138271e-01 1.20527834e-01 9.94727254e-01
    2.01345921e-01 4.97965515e-01 2.24887431e-01 7.44579315e-01
    5.45840144e-01 7.44077802e-01 8.35934877e-02 3.13444853e-01
    3.76926064e-01 9.94274139e-01 5.46696246e-01 8.82766068e-01
    8.53867710e-01 9.32825327e-01 8.14270794e-01 7.47649431e-01
    4.23533112e-01 2.60479093e-01 1.72585368e-01 4.37042117e-03
    5.06470323e-01 1.65482879e-01 6.04193687e-01 6.46561086e-01
    4.15170372e-01 4.65366840e-02 6.92680836e-01 6.37591779e-02
    4.23669338e-01 8.94128919e-01 4.14982438e-03 6.98384702e-01
    7.29303420e-01 7.69543171e-01 4.22522068e-01 9.19077754e-01
    1.76491439e-01 1.79531336e-01 6.51160300e-01 6.37869358e-01
    8.08615088e-02 6.31840587e-01 2.15359807e-01 1.45738482e-01
    5.37809849e-01 3.05749536e-01 7.72220492e-01 2.65443265e-01
    6.54381812e-01 6.98349953e-01 4.81364131e-03 9.94194269e-01
    1.23988301e-01 6.58417284e-01 5.30274570e-01 1.86065167e-01
    2.66920567e-01 3.42932045e-02 6.42081141e-01 1.42477214e-01
    3.07786494e-01 9.22513425e-01 9.03030634e-01 2.10987121e-01
    1.01052284e-01 2.81276345e-01 8.80500436e-01 7.58310616e-01
    6.50854409e-01 8.82108033e-01 2.74246186e-01 5.60663223e-01
    3.18436861e-01 7.04249024e-01 1.12928271e-01 6.97299063e-01
    8.68421316e-01 9.09133554e-01 8.55645537e-01 8.75372469e-01
    2.97230780e-02 7.02710390e-01 5.82320154e-01 4.13889408e-01
    8.57327282e-01 3.58602107e-01 2.62135446e-01 2.30655819e-01
    7.11827457e-01 5.78863800e-01 5.48882663e-01 6.20674491e-02
    9.08818722e-01 2.58568764e-01 7.20977306e-01 1.36498213e-02
    1.10475421e-02 5.92160583e-01 2.10866809e-01 9.77353632e-01
    8.38971913e-01 7.35679507e-01 8.28115940e-01 5.56869984e-01
    3.38927209e-02 2.96433091e-01 8.80530119e-01 5.10251105e-01
    2.38727242e-01 9.00408268e-01 2.51591623e-01 6.98501706e-01
    5.94509304e-01 5.35208106e-01 3.29247534e-01 2.94833869e-01
    5.89248776e-01 3.32831323e-01 5.70220590e-01 6.30508482e-01
    5.12936890e-01 5.60576975e-01 8.04773867e-02 1.39229506e-01
    7.81272173e-01 5.22604823e-01 2.98195004e-01 4.96676862e-01
    9.48689044e-01 6.46097541e-01 6.41781986e-02 4.65367943e-01
    8.32778811e-01 2.16596365e-01 8.81342411e-01 7.64363766e-01
    7.21771300e-01 2.75177002e-01 8.34050775e-03 9.80014801e-01
    5.50347924e-01 8.07142675e-01 8.14326286e-01 1.45996332e-01
    7.12631345e-01 2.47106761e-01 7.32344151e-01 6.56349838e-01
    7.24634171e-01 3.73134613e-02 6.92493081e-01 7.95676112e-01
    2.06657618e-01 9.27668929e-01 3.00989389e-01 6.18302166e-01
    4.23220068e-01 5.61684728e-01 2.77531713e-01 8.21736455e-01
    4.67875212e-01 1.61813974e-01 2.47082114e-01 3.27025414e-01
    9.00604308e-01 9.85166013e-01 5.46982706e-01 8.01499963e-01
    2.62899339e-01 1.76031709e-01 7.97070444e-01 2.64591634e-01
    4.74095792e-01 1.80369377e-01 1.46448940e-01 9.53740060e-01
    2.69809395e-01 5.08513570e-01 2.30943173e-01 1.08528316e-01
    2.24759936e-01 2.26440877e-01 3.52970541e-01 3.78711104e-01
    5.77339053e-01 7.27071404e-01 8.02978158e-01 3.48865867e-01
    5.60560942e-01 7.73887873e-01 9.55299616e-01 9.94899869e-03
    6.59907877e-01 1.31006241e-01 5.01062393e-01 6.00888133e-02
    7.32051253e-01 5.29540718e-01 6.52941823e-01 3.97179484e-01
    4.40007091e-01 1.12088680e-01 8.27584088e-01 9.04157400e-01
    3.01461697e-01 4.98126894e-01 3.18073153e-01 2.44631082e-01
    5.91604352e-01 6.65365696e-01 9.27004576e-01 9.82780457e-02
    5.83928525e-02 2.34690756e-01 1.93004757e-01 6.53800964e-02
    3.41528803e-01 9.98830914e-01 9.71931934e-01 5.69137096e-01
    2.23943472e-01 7.36008823e-01 3.91742587e-02 4.08413351e-01
    8.15409422e-01 4.78381246e-01 4.11376089e-01 7.87951648e-01
    8.43012273e-01 8.81942749e-01 9.44865704e-01 7.58528471e-01
    4.58717048e-02 8.92713428e-01 4.92379069e-03 2.71456867e-01
    5.59163094e-02 6.32267654e-01 5.53965569e-01 5.14894247e-01
    3.15961957e-01 3.96484941e-01 6.84384227e-01 1.51643872e-01
    8.55675936e-01 5.99679053e-02 5.65654218e-01 6.44932151e-01
    3.36744040e-01 8.30579162e-01 8.12642634e-01 1.62092239e-01
    4.94242936e-01 5.36139488e-01 4.88247752e-01 5.05461097e-01
    6.69566095e-02 5.21329522e-01 1.52482867e-01 3.78071219e-01
    7.36619353e-01 3.78023684e-01 3.84532005e-01 1.14321709e-04
    4.47103441e-01 6.47804081e-01 9.37264979e-01 1.04955047e-01
    5.71350873e-01 4.98240441e-01 6.31979048e-01 2.03451186e-01
    3.42963308e-01 6.97018981e-01 2.93594152e-01 7.07363904e-01
    1.31674349e-01 1.95412844e-01 1.52229041e-01 8.48255396e-01
    5.32824457e-01 7.55185962e-01 7.86122918e-01 3.18931043e-01
    7.24139452e-01 2.84062058e-01 4.94526565e-01 4.58688110e-01
    1.06981933e-01 3.69718611e-01 6.08859718e-01 1.94358736e-01
    7.79699385e-01 9.05362546e-01 1.22256905e-01 8.40390563e-01
    2.75411785e-01 3.79431665e-01 2.53474653e-01 2.56179810e-01
    3.54319245e-01 5.66350222e-02 3.33302706e-01 2.05992371e-01
    8.08856130e-01 2.28279322e-01 4.69550490e-02 4.19756293e-01
    7.91498244e-01 3.57310653e-01 4.94247705e-01 2.00064898e-01
    3.35962892e-01 6.86180472e-01 8.00426364e-01 7.22267210e-01
    3.22900414e-01 7.79092312e-03 8.95857573e-01 7.64564395e-01
    8.35709572e-01 1.86359942e-01 4.25909191e-01 4.22254890e-01
    2.41679400e-01 4.40778106e-01 7.92768300e-01 7.37991214e-01
    4.71695751e-01 5.17967820e-01 3.51660788e-01 4.53433394e-01
    2.69378603e-01 5.20365894e-01 6.54401183e-01 9.94543314e-01
    3.07966411e-01 1.46370500e-01 7.65880048e-02 1.34770632e-01
    8.57682526e-01 1.47980541e-01 5.53613126e-01 4.76590097e-01
    2.01644093e-01 6.09747231e-01 9.61504221e-01 8.04539263e-01
    8.98692608e-01 6.49410486e-01 6.69473708e-01 7.98200488e-01
    9.34898138e-01 4.86370623e-02 3.32753778e-01 9.42869782e-01
    4.44220155e-01 5.90273261e-01 5.58121502e-01 3.71050835e-01
    2.95219064e-01 2.91687429e-01 5.89617133e-01 6.48934424e-01
    9.90487635e-01 9.99805927e-01 9.23942804e-01 8.32881033e-02
    3.07110190e-01 5.67449927e-01 1.77913606e-01 2.68230438e-02
    9.28542852e-01 5.71847975e-01 5.94850600e-01 7.99661875e-02
    2.24411637e-01 1.05140895e-01 9.43319857e-01 6.45001531e-01
    7.35460222e-01 8.87052715e-01 5.33134282e-01 2.68717289e-01
    1.76955611e-01 1.07653826e-01 7.70592570e-01 8.84193897e-01
    8.68568242e-01 8.29618692e-01 9.14975405e-02 8.57649684e-01
    7.94809222e-01 9.90208864e-01 3.62042487e-01 5.11697829e-01
    9.98691559e-01 2.35201180e-01 6.83939338e-01 9.94911432e-01
    4.52697039e-01 1.32811874e-01 6.05693638e-01 2.31127262e-01
    2.15518773e-02 8.80877018e-01 3.27197909e-02 4.18461770e-01
    9.26974118e-01 4.51841027e-01 5.72067142e-01 7.89360523e-01
    2.69354045e-01 7.72308528e-01 5.78623652e-01 7.03627765e-01
    9.48166847e-02 7.43820846e-01 4.96435583e-01 5.61109602e-01
    9.65949178e-01 8.68111193e-01 9.09853280e-02 7.36970544e-01
    6.54981494e-01 3.98675382e-01 5.21919608e-01 5.19723296e-01
    4.06249583e-01 5.45563281e-01 7.76118279e-01 7.44552612e-01
    6.97775841e-01 8.30112457e-01 6.89069271e-01 9.74446893e-01
    8.70122671e-01 5.69776952e-01 9.81496692e-01 5.03693104e-01
    3.30360234e-01 6.65856004e-02 1.03468657e-01 2.60558993e-01
    7.16772795e-01 2.95045197e-01 1.49938434e-01 1.23295218e-01
    3.84349942e-01 4.80507910e-02 2.05684364e-01 8.51883054e-01
    3.78677249e-01 8.15866411e-01 6.23506010e-01 3.83582294e-01
    3.56877267e-01 3.08733702e-01 7.92658865e-01 6.13551259e-01
    4.18362916e-01 4.13420916e-01 1.30960435e-01 4.93098557e-01
    5.85455418e-01 9.68649864e-01 6.89704239e-01 4.49481606e-01
    9.33686674e-01 7.10907161e-01 1.82033062e-01 5.23901105e-01
    1.15099221e-01 7.00309634e-01 4.53926086e-01 9.54688787e-02
    8.56454015e-01 3.58514369e-01 3.32536548e-01 8.14777732e-01
    3.44597280e-01 4.61479008e-01 2.38484174e-01 3.61655623e-01
    1.27999365e-01 1.63650632e-01 2.54200339e-01 2.12769359e-01
    5.02975583e-01 4.29801315e-01 2.47346461e-02 3.51074994e-01
    6.19587004e-02 2.33617842e-01 2.43834764e-01 8.70752156e-01
    8.77235174e-01 2.79612720e-01 1.27983153e-01 5.53844690e-01
    2.78689325e-01 3.42876971e-01 3.55779767e-01 9.06371713e-01
    9.99701798e-01 4.29915667e-01 7.18910754e-01 8.36094379e-01
    7.34305561e-01 4.36667919e-01 4.76316899e-01 9.93616879e-02
    5.00231087e-02 2.69105732e-02 2.01774120e-01 8.09111476e-01
    2.04790562e-01 3.56413603e-01 4.07997310e-01 6.90967560e-01
    3.47306907e-01 3.74335110e-01 5.23443043e-01 3.08002383e-01
    9.95998859e-01 6.62353218e-01 3.56816888e-01 4.49064851e-01
    2.04874814e-01 6.34164214e-01 5.73942244e-01 6.72953010e-01
    2.94177830e-01 7.49334216e-01 7.77054369e-01 1.01923943e-04
    4.47037339e-01 4.78511512e-01 7.39235342e-01 2.12766886e-01
    6.95712805e-01 1.49440616e-01 5.95745444e-02 8.11831474e-01
    3.01538050e-01 6.49788380e-01 2.68613815e-01 5.38036406e-01
    3.58732879e-01 8.94313633e-01 1.80792868e-01 3.62599075e-01
    8.93585742e-01 9.78453279e-01 2.35265404e-01 3.66481006e-01
    6.88764215e-01 4.30045694e-01 9.00733590e-01 8.40749383e-01
    9.11699176e-01 6.76409483e-01 1.41510338e-01 1.79842323e-01
    4.67870176e-01 5.86455762e-01 5.85841835e-01 1.89991564e-01
    3.53174061e-01 1.22297585e-01 3.84826064e-01 7.64139116e-01
    1.67919457e-01 9.04798508e-02 6.97641134e-01 6.96800411e-01
    3.04055572e-01 9.93257999e-01 4.58651125e-01 1.93991214e-01
    5.98990202e-01 1.87958241e-01 8.16377878e-01 7.74719357e-01
    7.42214799e-01 6.52583003e-01 9.59615648e-01 9.40305948e-01
    3.00207019e-01 3.26176167e-01 1.06845349e-01 9.73697007e-02
    9.76701140e-01 3.52768183e-01 4.55105007e-01 8.64532590e-01
    9.26179886e-02 3.07758898e-01 4.45712149e-01 8.65819573e-01
    1.02068633e-01 4.07936722e-01 7.23593950e-01 5.07044256e-01
    1.72944546e-01 7.93516219e-01 3.95768851e-01 2.39048690e-01
    6.99016273e-01 6.08257532e-01 7.17113137e-01 9.71846581e-02
    4.54911828e-01 1.29661322e-01 2.82584250e-01 4.39129800e-01
    3.84339064e-01 1.05849117e-01 1.70894980e-01 4.72751290e-01
    7.12874413e-01 5.41952372e-01 6.71401024e-01 4.27875638e-01
    1.76475734e-01 6.40992403e-01 3.73288989e-01 2.62540579e-03
    4.50038344e-01 9.90650296e-01 3.50252688e-02 6.10453367e-01
    6.59154236e-01 5.40277362e-02 4.31556344e-01 1.63525611e-01
    2.86660939e-01 2.94501662e-01 8.85066390e-01 1.84171408e-01
    9.48913455e-01 8.79248977e-01 5.92607558e-02 8.52448702e-01
    2.19796181e-01 4.45883542e-01 2.55796850e-01 5.84806323e-01
    9.87342060e-01 8.93033266e-01 6.24026537e-01 5.17365396e-01
    6.53157592e-01 6.56120420e-01 8.57257485e-01 3.18978548e-01
    5.90523243e-01 1.94060773e-01 7.68764019e-02 4.27621603e-01
    5.78798652e-01 6.70670271e-01 1.60499483e-01 7.67819166e-01
    6.32097781e-01 1.79151416e-01 8.30636024e-01 5.09563088e-01
    6.32645547e-01 9.01544094e-01 8.17462087e-01 5.18154562e-01
    7.06528246e-01 8.05584490e-02 9.31330919e-01 2.35134691e-01
    4.73840952e-01 5.79340696e-01 6.20756030e-01 2.53149241e-01
    3.88723373e-01 6.98497415e-01 5.67487836e-01 3.36367130e-01
    6.91030204e-01 1.14985526e-01 1.62896186e-01 2.71901906e-01
    1.95182741e-01 1.95255190e-01 8.74051750e-01 3.53502959e-01
    5.54370522e-01 1.70551389e-01 5.57912111e-01 3.07486415e-01
    1.22227013e-01 8.47258270e-02 9.48495865e-01 1.19648367e-01
    1.83671027e-01 2.29872793e-01 7.89400876e-01 5.09525776e-01
    4.70151305e-01 1.47897303e-01 9.10954058e-01 8.15320253e-01
    6.38186932e-01 4.24086988e-01 8.72065544e-01 9.67560530e-01
    6.44418061e-01 9.23002422e-01 4.58811432e-01 2.98047066e-02
    2.11400568e-01 1.89409137e-01 6.70894623e-01 4.95449305e-01
    2.49885499e-01 5.59762359e-01 2.92844087e-01 8.64783525e-01
    9.28887069e-01 3.67016971e-01 5.84977925e-01 7.03550875e-02
    7.81467259e-02 6.32101417e-01 8.85476589e-01 6.21108890e-01
    4.59591240e-01 3.63469541e-01 2.48100579e-01 5.30327916e-01
    8.44185829e-01 7.23628044e-01 6.49635851e-01 2.68792927e-01
    9.22586918e-01 2.79265344e-01 9.78804708e-01 1.54367507e-01
    8.74736428e-01 4.57244456e-01 4.49107707e-01 4.19076741e-01
    4.19617951e-01 8.86519372e-01 2.92222351e-01 4.43858325e-01
    2.36775696e-01 9.68874812e-01 1.40493900e-01 3.30511570e-01
    5.05860984e-01 3.97875249e-01 2.55703956e-01 2.23288655e-01
    2.44576871e-01 3.62871230e-01 3.97914678e-01 3.92921954e-01
    1.05751872e-01 6.35006905e-01 6.06699944e-01 5.17282903e-01
    8.90516996e-01 1.53815836e-01 4.90716100e-02 2.56141603e-01
    5.29499888e-01 7.00502098e-01 9.44247186e-01 9.83392000e-02
    3.29788119e-01 9.16775823e-01 2.85955012e-01 9.08977091e-02
    2.24094063e-01 2.70825803e-01 4.78992939e-01 9.89147007e-01
    1.57018006e-01 3.81733000e-01 3.19159329e-01 4.49039876e-01
    9.06401515e-01 8.66344988e-01 4.57125455e-01 8.26445937e-01
    6.19599938e-01 3.08237791e-01 4.88914549e-01 4.83479738e-01
    9.11396503e-01 8.21213424e-02 9.12923694e-01 5.56150734e-01
    6.00784123e-01 3.69367361e-01 1.63622141e-01 5.27429342e-01
    5.22785008e-01 6.83650970e-01 6.37512207e-01 4.98368651e-01
    6.57144785e-01 8.02506506e-01 3.43681753e-01 9.65421855e-01
    7.29399383e-01 7.92952538e-01 4.26056057e-01 1.82664394e-02
    5.97639740e-01 1.81914866e-01 1.97395086e-02 9.13623571e-01
    1.48387194e-01 7.99889982e-01 3.04493695e-01 4.77590859e-01
    8.51770759e-01 5.85070252e-03 7.37918496e-01 4.81806844e-01
    8.40261102e-01 4.62693542e-01 9.49546933e-01 4.52654719e-01
    8.64000380e-01 6.23182297e-01 4.77043509e-01 3.45842242e-01
    4.05974090e-02 7.87672102e-01 4.88047779e-01 9.15587425e-01
    2.35361367e-01 7.19812512e-02 7.47726083e-01 9.11061287e-01
    7.85775483e-02 1.64991200e-01 7.87409008e-01 4.44153249e-02
    2.44471878e-01 3.98663789e-01 5.10433555e-01 9.02901947e-01
    3.23780417e-01 2.76917905e-01 5.85907996e-02 9.76558685e-01
    1.08657092e-01 7.48247206e-01 6.63993776e-01 4.68201667e-01
    5.03973544e-01 5.68373561e-01 2.83650339e-01 5.27649224e-01
    9.35438752e-01 2.55151391e-01 5.35381794e-01 8.83095622e-01
    1.49989128e-03 8.76743793e-01 6.63864017e-01 1.30410194e-02
    8.57306004e-01 2.21785903e-03 1.03474259e-01 8.36400867e-01
    7.15918541e-01 1.17840439e-01 5.43069720e-01 9.69627202e-01
    3.23068678e-01 5.67586899e-01 4.02248442e-01 8.18715096e-01
    3.95062566e-02 3.46116483e-01 1.50922894e-01 1.21208727e-02
    7.15302825e-01 9.58240449e-01 9.86802042e-01 7.72468567e-01
    1.81856513e-01 6.92495883e-01 7.55639911e-01 6.73437774e-01
    5.58592975e-02 9.64090824e-02 6.80434108e-02 7.68581867e-01
    7.40835488e-01 5.44892907e-01 6.50243282e-01 7.98402727e-01
    6.75171137e-01 7.86860824e-01 2.57041812e-01 9.74164724e-01
    4.97240931e-01 9.34916973e-01 1.17084891e-01 1.14217341e-01
    8.67871761e-01 1.81655318e-01 5.56801856e-02 3.84899080e-01
    4.11970258e-01 9.79691863e-01 4.83288348e-01 4.79847163e-01
    2.01325685e-01 7.25479662e-01 8.42898786e-01 7.45568395e-01
    3.56854647e-01 2.54482329e-02 9.41438675e-01 8.48155141e-01
    5.26424885e-01 8.22247267e-01 1.38033152e-01 3.28719616e-04
    4.48120564e-01 8.12776506e-01 3.66211444e-01 6.23187125e-02
    7.52008736e-01 4.12697703e-01 4.10187215e-01 8.45523775e-01
    8.11119795e-01 2.24484205e-02 3.69445205e-01 9.45270896e-01
    6.65814519e-01 9.74279523e-01 2.69331336e-01 6.13467813e-01
    9.25477266e-01 6.55218482e-01 6.96761131e-01 5.76437414e-01
    8.83235216e-01 1.40783459e-01 5.04897833e-02 6.88824892e-01
    4.91646200e-01 2.22076058e-01 6.23237252e-01 6.88756227e-01
    4.70549166e-02 9.38064456e-02 9.05469060e-01 7.17233181e-01
    5.47658026e-01 4.51705635e-01 2.83696830e-01 3.64691198e-01
    8.36837411e-01 4.34675515e-01 3.66216898e-02 8.57488394e-01
    9.67490375e-01 8.97744894e-01 7.67333806e-01 3.10421765e-01
    7.32731342e-01 7.65931368e-01 4.36188847e-01 2.90553272e-01
    9.93522525e-01 1.42374337e-02 5.91058373e-01 4.09406126e-01
    9.44089890e-01 5.07683933e-01 5.29174805e-01 4.77994412e-01
    2.67759591e-01 9.72954035e-01 9.76536036e-01 6.33566439e-01
    6.99021220e-01 8.17924619e-01 7.69256115e-01 4.40625787e-01
    6.72344327e-01 1.99025005e-01 4.85591710e-01 1.09903544e-01
    3.39282334e-01 2.98027337e-01 2.00480223e-01 3.34622085e-01
    1.43308789e-01 1.68163449e-01 6.00468218e-02 6.06805563e-01
    7.44013488e-01 8.90112758e-01 9.05240476e-02 3.01878214e-01
    2.75464088e-01 4.01126385e-01 8.28863740e-01 3.80857855e-01
    2.67813861e-01 9.57683742e-01 9.53430891e-01 3.39904428e-03
    7.64867067e-02 5.54882288e-01 2.35178888e-01 6.78927541e-01
    9.23337340e-01 3.63292933e-01 4.39300418e-01 8.06524515e-01
    3.73581946e-01 2.61348993e-01 1.29271924e-01 7.04954326e-01
    3.53863895e-01 8.83397579e-01 9.87288356e-03 4.89489824e-01
    8.62632692e-01 1.76581770e-01 8.55314374e-01 8.36541533e-01
    6.17024601e-01 2.95188278e-01 1.87337697e-01 6.75522566e-01
    1.65365100e-01 1.66267008e-01 9.43378329e-01 3.97443622e-01
    6.48609638e-01 8.75214696e-01 6.63545012e-01 7.09983885e-01
    1.66741014e-03 1.16771370e-01 8.97955537e-01 9.20433104e-01
    4.99877036e-02 1.40111893e-01 4.47706640e-01 6.07720912e-01
    4.41324472e-01 9.70729232e-01 4.02600050e-01 7.36068785e-02
    5.10370910e-01 5.00378311e-02 6.12847090e-01 6.39231563e-01
    2.42595673e-02 4.72354412e-01 2.88692117e-01 6.85991287e-01
    3.98843437e-01 8.87507617e-01 3.21489245e-01 4.19942290e-01
    8.01199734e-01 5.01920938e-01 8.45186949e-01 9.28009748e-01
    1.19055092e-01 6.26438916e-01 1.14239424e-01 7.92488456e-03
    4.86501306e-01 2.57246435e-01 1.67662948e-01 4.25309539e-01
    7.38423347e-01 5.56200743e-01 2.00529695e-02 8.83330584e-01
    7.39578724e-01 3.93986821e-01 2.22567320e-02 9.72204447e-01
    3.87742817e-02 1.46899939e-01 8.63831758e-01 5.51412940e-01
    5.66234946e-01 2.61463702e-01 8.00229788e-01 7.06562281e-01
    4.02080953e-01 7.29285121e-01 6.76795959e-01 8.56508613e-01
    6.68395758e-02 3.84563863e-01 7.40380228e-01 7.23510146e-01
    2.41928279e-01 1.12307072e-03 7.60899186e-02 2.16132700e-01
    3.90594304e-01 2.51695722e-01 6.15916967e-01 9.12906528e-02
    3.04430246e-01 3.65041733e-01 6.58355474e-01 6.92179084e-01
    4.09293592e-01 5.64640105e-01 9.91190434e-01 3.97269666e-01
    7.59055614e-01 9.05213118e-01 8.11497808e-01 3.06187689e-01
    6.05685830e-01 6.87785745e-01 7.99188852e-01 9.82470453e-01
    2.75120497e-01 8.02178681e-01 8.13469410e-01 5.42574108e-01
    8.41851056e-01 3.50471079e-01 5.44104636e-01 2.41112947e-01
    2.33830243e-01 7.88143456e-01 3.41825128e-01 8.18542361e-01
    9.36528265e-01 3.29386532e-01 1.26393527e-01 1.00798249e-01
    9.38497126e-01 9.73526239e-01 1.79727167e-01 4.16035354e-01
    6.25797033e-01 3.70308280e-01 8.18640053e-01 6.35938823e-01
    1.73011959e-01 2.94170618e-01 6.00659847e-02 8.50136638e-01
    7.43735075e-01 7.41635740e-01 8.03929567e-02 1.26793206e-01
    5.70125341e-01 4.80086088e-01 8.08036387e-01 1.51354611e-01
    2.26883799e-01 2.94857293e-01 3.43826860e-01 1.16021842e-01
    8.18286538e-02 3.38014454e-01 8.65414739e-03 3.04653049e-02
    7.67400026e-01 5.62530220e-01 8.86517763e-03 8.33667040e-01
    7.95103133e-01 5.11360824e-01 9.13733244e-01 3.38054061e-01
    3.19919258e-01 6.99106038e-01 8.22020471e-01 8.94707918e-01
    6.31089509e-01 2.70164073e-01 2.97775447e-01 7.54868031e-01
    9.57772732e-01 6.56605065e-02 2.73143649e-01 5.14381647e-01
    4.25616443e-01 6.90453112e-01 9.20532525e-01 2.79815167e-01
    8.55405569e-01 8.91374707e-01 9.72739816e-01 2.02489734e-01
    1.96973503e-01 8.98335457e-01 4.42236871e-01 6.47927284e-01
    4.57462221e-01 4.00336772e-01 6.76196635e-01 3.87065828e-01
    3.72049153e-01 8.45605731e-02 1.31946594e-01 6.78566694e-01
    1.26929700e-01 7.69209564e-01 6.60951376e-01 9.88909125e-01
    7.22094178e-01 1.31749928e-01 7.17216611e-01 3.81805152e-01
    3.45274925e-01 3.34355712e-01 4.65915442e-01 3.78675073e-01
    4.65906948e-01 1.68895274e-01 8.89941573e-01 6.56292856e-01
    5.58116496e-01 5.42734265e-01 5.15766501e-01 5.43498278e-01
    9.11093950e-01 6.62911117e-01 6.15371943e-01 9.92559433e-01
    4.43195403e-02 9.06958342e-01 1.12946451e-01 7.76024461e-02
    8.50351214e-01 8.07243884e-02 9.48114634e-01 2.52707779e-01
    2.13663012e-01 6.91371977e-01 3.98811877e-01 8.78079772e-01
    1.46747142e-01 1.24754608e-01 3.82528096e-01 4.56581473e-01
    9.52614546e-01 1.69776648e-01 5.76749504e-01 8.62094879e-01
    7.27913022e-01 4.09307927e-01 2.64872611e-02 2.40738034e-01
    8.70687962e-01 4.19670165e-01 5.28565049e-01 1.19961321e-01
    3.63078117e-02 4.22958285e-01 5.16303360e-01 5.75664699e-01
    5.89531362e-02 1.23069316e-01 2.60477662e-02 2.18334556e-01
    9.66376483e-01 1.27854943e-01 7.72943020e-01 2.60846853e-01
    9.93128777e-01 6.69082046e-01 6.33417010e-01 5.05149364e-01
    5.02962708e-01 1.70756727e-01 6.90869808e-01 3.43927085e-01
    9.39976573e-01 7.11333156e-01 8.51776302e-01 9.85227942e-01
    2.42378742e-01 5.90680420e-01 6.90682888e-01 9.61135983e-01
    6.69410288e-01 1.97231531e-01 3.84428859e-01 2.53554702e-01
    3.94289196e-02 7.63852298e-02 7.07919836e-01 8.89645219e-02
    5.13651431e-01 8.39242160e-01 1.37579948e-01 2.06736624e-02
    4.27845061e-01 7.34750450e-01 6.17823064e-01 8.99291158e-01
    2.23585874e-01 1.56494111e-01 4.06353474e-01 8.60305965e-01
    9.51229572e-01 8.71433318e-02 7.27613509e-01 2.03278065e-01
    9.64249551e-01 6.68490171e-01 3.77297819e-01 5.90843916e-01
    1.19730443e-01 6.98039830e-01 5.61775446e-01 3.67837042e-01
    3.85099441e-01 7.81726837e-03 7.60293782e-01 4.50143456e-01
    9.22490299e-01 6.65518343e-01 3.62853050e-01 4.70294446e-01
    2.03029901e-01 8.53269696e-02 5.81184447e-01 6.48016691e-01
    3.67719620e-01 5.96765220e-01 1.44578934e-01 1.23120338e-01
    3.31476748e-01 2.90009171e-01 8.43363047e-01 3.61586213e-02
    4.91689861e-01 1.73127264e-01 4.19309914e-01 2.62206197e-02
    5.29723227e-01 8.63014817e-01 4.57617462e-01 4.34144020e-01
    7.43783772e-01 4.83423114e-01 9.34497595e-01 2.86918640e-01
    1.08623594e-01 7.55787492e-02 5.86307168e-01 4.43728238e-01
    8.51571023e-01 7.03013837e-01 1.20531023e-01 4.52350378e-01
    3.35558087e-01 8.65453005e-01 7.98078060e-01 6.91749156e-01
    7.21578002e-01 2.23191768e-01 1.53904855e-01 5.64701021e-01
    8.86659384e-01 6.63968921e-01 5.95417261e-01 3.31407547e-01
    4.75713611e-03 3.63097906e-01 1.70437187e-01 9.02086675e-01
    1.01271123e-01 6.09789431e-01 2.60003030e-01 4.90742087e-01
    6.47585154e-01 8.92606258e-01 9.97003257e-01 3.49328965e-01
    3.33130419e-01 5.76356292e-01 1.75528109e-01 6.02151275e-01
    1.02064729e-01 9.94025469e-01 8.50951850e-01 8.43712926e-01
    3.26765060e-01 4.54814911e-01 8.08515608e-01 4.77768213e-01
    1.81290358e-01 5.31616688e-01 8.88321280e-01 1.42909139e-01
    2.70199001e-01 4.94258314e-01 6.88118339e-02 4.00073707e-01
    4.33564097e-01 4.95668828e-01 4.62972045e-01 3.36946875e-01
    4.65808749e-01 1.07732743e-01 1.47265196e-03 4.52580541e-01
    7.08739817e-01 9.99552965e-01 4.20238703e-01 9.19357657e-01
    6.28377378e-01 8.92024636e-01 1.27005041e-01 1.93146497e-01
    3.42273682e-01 8.96900058e-01 1.93634629e-03 4.29733276e-01
    1.11782402e-01 2.88858831e-01 7.11289942e-02 6.33977890e-01
    7.02999711e-01 5.89208066e-01 5.85497737e-01 7.38240242e-01
    3.40959281e-01 9.67560053e-01 8.73220265e-02 7.58306623e-01
    5.33089638e-01 1.11041576e-01 4.21100467e-01 5.06394625e-01
    5.95143020e-01 2.79930770e-01 7.69701600e-01 5.14434040e-01
    8.56733918e-01 5.18381000e-01 6.11195982e-01 1.61948532e-01
    7.78232932e-01 9.60774183e-01 8.54065776e-01 3.73811156e-01
    8.06126475e-01 4.04425085e-01 7.55074620e-01 9.24891174e-01
    7.01899827e-01 3.00060153e-01 9.04168963e-01 7.60035753e-01
    1.01670563e-01 9.47467089e-01 1.10970467e-01 9.16065097e-01
    6.61762238e-01 3.94524127e-01 4.67624545e-01 4.73800749e-01
    8.24187577e-01 7.96093047e-01 5.14802575e-01 8.85733187e-01
    9.91831779e-01 6.36582792e-01 8.92311633e-01 3.20587814e-01
    7.10997283e-01 2.74428129e-02 3.76367807e-01 6.79102719e-01
    3.79573435e-01 7.25434482e-01 1.79770350e-01 5.05356729e-01
    6.65766954e-01 2.92034924e-01 9.40138400e-01 5.42430758e-01
    4.43789870e-01 2.87468046e-01 4.16076213e-01 9.46668565e-01
    7.08368719e-01 8.30929339e-01 5.19078970e-01 8.57962012e-01
    6.95758224e-01 6.34449780e-01 4.77435023e-01 7.49988675e-01
    5.76451123e-02 9.34242606e-01 7.40452468e-01 8.71908665e-01
    3.97045702e-01 8.41763079e-01 9.86681938e-01 9.19211864e-01
    4.10113931e-01 2.98734009e-01 8.11076641e-01 7.71311760e-01
    7.38535047e-01 5.07751822e-01 8.70715618e-01 5.95581651e-01
    3.35541666e-01 5.17301321e-01 4.99954224e-02 7.52129972e-01
    2.12281197e-01 4.93494302e-01 2.74092913e-01 8.01425874e-01
    4.09668535e-01 7.14810729e-01 9.96685266e-01 3.25554311e-01
    6.43422782e-01 1.58109993e-01 4.44674850e-01 9.26024914e-01
    4.91976649e-01 8.31770599e-02 6.00841045e-01 1.31864786e-01
    7.95638561e-01 5.83700955e-01 7.35300481e-01 3.36903334e-03
    2.24140763e-01 2.07412243e-03 7.85119057e-01 2.73035765e-01
    2.91330040e-01 3.23072612e-01 4.17822003e-02 2.92380244e-01
    7.12622106e-01 9.23446655e-01 8.90473127e-01 3.17102969e-01
    2.96492696e-01 1.24191493e-01 1.86969250e-01 4.25466001e-01
    7.21516848e-01 8.93329978e-01 8.54260087e-01 5.01934648e-01
    2.42798150e-01 3.02850872e-01 5.39472461e-01 9.04647112e-02
    4.58177030e-02 7.64702797e-01 9.87771630e-01 1.27184987e-02
    7.73941398e-01 3.76959383e-01 2.74774432e-03 6.95076942e-01
    3.12302172e-01 2.25934118e-01 8.14579129e-01 8.28467309e-01
    5.97766578e-01 3.54805470e-01 7.69811511e-01 9.30340052e-01
    4.14394140e-01 3.39624226e-01 6.75689757e-01 8.77924204e-01
    3.41297150e-01 2.90374577e-01 9.47880745e-01 2.76745409e-01
    1.56252921e-01 4.63174224e-01 8.54239702e-01 7.67300308e-01
    5.38202167e-01 6.72655344e-01 5.96516550e-01 6.39891624e-03
    4.73009050e-01 7.81057775e-02 9.46897268e-01 1.36724561e-01
    2.91289508e-01 2.13188618e-01 5.24048686e-01 2.76440918e-01
    7.36784935e-03 9.86693859e-01 7.77816832e-01 6.52898610e-01
    6.44388795e-02 6.87867999e-02 1.70213550e-01 6.31802201e-01
    8.18799794e-01 4.99770463e-01 7.66277790e-01 7.44587898e-01
    6.03972375e-02 2.59997249e-01 8.19174111e-01 8.57485592e-01
    5.42485595e-01 8.26430321e-01 3.75632077e-01 2.32843220e-01
    4.02659506e-01 4.05921131e-01 4.28837597e-01 6.22575700e-01
    2.99781382e-01 9.32237744e-01 1.10655218e-01 2.26446897e-01
    8.84357989e-01 7.11768866e-04 6.77704811e-01 8.43837857e-01
    1.98671222e-01 9.01766896e-01 5.12687981e-01 6.14638269e-01
    9.28614318e-01 5.38363576e-01 3.46004009e-01 7.97110796e-01
    7.80758858e-01 8.19549084e-01 1.05884790e-01 9.04293418e-01
    7.82889485e-01 1.10763043e-01 7.87025571e-01 9.33763266e-01
    6.70195341e-01 5.56726038e-01 1.60253048e-03 6.02230728e-01
    6.26764655e-01 8.05156648e-01 5.06588280e-01 1.35279506e-01
    9.28179026e-01 5.71523070e-01 6.87179923e-01 8.03685367e-01
    5.34110904e-01 9.83933389e-01 2.66645610e-01 4.24594104e-01
    8.91897440e-01 5.36388159e-01 6.41435683e-02 8.65224719e-01
    5.10022402e-01 8.92420650e-01 7.01946139e-01 1.44159794e-01
    6.11416459e-01 5.97645521e-01 2.90927500e-01 1.93447471e-01
    8.43742132e-01 6.55550778e-01 8.32155168e-01 3.78483891e-01
    6.58409715e-01 6.35396242e-01 4.03405428e-01 1.46472663e-01
    5.34433901e-01 9.05287147e-01 5.16061723e-01 2.52186716e-01
    5.33571959e-01 2.43641555e-01 3.38813305e-01 1.76986277e-01
    1.73370272e-01 7.20046818e-01 3.31649244e-01 4.36963320e-01
    4.88611579e-01 5.19460082e-01 5.29131889e-01 4.86383468e-01
    1.56135529e-01 7.03842342e-02 9.52431083e-01 7.21743822e-01
    7.69240737e-01 5.20499349e-01 1.00682735e-01 3.70059848e-01
    4.96663451e-02 7.04128146e-01 9.24744248e-01 9.69804645e-01
    8.76406193e-01 7.45694041e-01 4.62415010e-01 9.52586353e-01
    4.48621750e-01 4.18391526e-01 1.94050223e-01 8.40280294e-01
    1.48701966e-01 2.11466283e-01 2.60233939e-01 8.70542645e-01
    7.73661196e-01 7.04388440e-01 6.12870276e-01 2.33379751e-01
    5.39664805e-01 4.66946632e-01 5.42032540e-01 6.16353273e-01
    6.55483902e-01 5.55950046e-01 8.12626243e-01 6.81279302e-01
    4.08802062e-01 1.33958787e-01 7.67242908e-01 7.02318013e-01
    5.27996600e-01 7.44560838e-01 5.96370459e-01 3.51775765e-01
    4.93887961e-01 3.50965232e-01 6.10921621e-01 6.97902381e-01
    4.87670392e-01 8.43812168e-01 6.31765366e-01 2.68430650e-01
    9.92556036e-01 6.22680843e-01 4.39224541e-01 9.49787378e-01
    5.71157873e-01 4.21194494e-01 3.67714673e-01 7.04468489e-01
    3.56338918e-01 8.85115504e-01 7.54485011e-01 4.46093172e-01
    2.36230642e-01 5.94679236e-01 4.93886948e-01 9.82884347e-01
    8.02190840e-01 7.38668203e-01 7.45752335e-01 6.41258121e-01
    2.34793693e-01 6.14258170e-01 1.64119571e-01 5.16210616e-01
    7.14887142e-01 4.97949123e-01 6.31511509e-01 3.51871938e-01
    6.75852001e-01 5.97973704e-01 2.42396355e-01 6.85248852e-01
    9.13278103e-01 4.63379592e-01 9.53513324e-01 2.64559925e-01
    3.25921714e-01 5.63488185e-01 6.94763720e-01 9.03157294e-02
    7.62035310e-01 2.17622221e-02 6.18260264e-01 7.82661676e-01
    7.05868959e-01 7.56882429e-01 1.68682069e-01 1.56698734e-01
    7.73969650e-01 6.43658638e-02 9.01058555e-01 9.19690132e-02
    4.51257825e-01 9.20810819e-01 8.04928243e-02 8.59835207e-01
    3.23091418e-01 2.87811309e-01 8.01791072e-01 2.85951793e-01
    5.07444143e-03 2.61691481e-01 1.45330250e-01 3.14369619e-01
    6.31495714e-01 1.93138689e-01 1.52306199e-01 4.91809964e-01
    3.29559892e-01 3.40046942e-01 5.45943320e-01 7.72292018e-01
    2.57590055e-01 8.24859977e-01 2.60256827e-02 4.04163212e-01
    3.28543246e-01 4.36526567e-01 8.79612565e-03 7.09044039e-01
    1.63258106e-01 6.69386566e-01 2.68173516e-02 6.09447837e-01
    2.55926907e-01 8.66707504e-01 1.24482393e-01 7.21711814e-01
    8.51083875e-01 1.72720551e-01 9.62120891e-01 7.09386230e-01
    8.92655671e-01 9.90342557e-01 5.63655496e-01 8.19778144e-01
    5.91319203e-01 5.26184499e-01 9.18455720e-01 2.45979756e-01
    1.86952621e-01 9.70514715e-02 5.16762972e-01 5.11238575e-01
    1.86838210e-02 2.31858164e-01 4.06723648e-01 5.62231123e-01
    8.48287106e-01 2.92859018e-01 9.27352607e-01 1.06101722e-01
    8.03713202e-01 5.30513525e-02 3.42807353e-01 9.03423667e-01
    9.60303247e-01 3.41124952e-01 1.27020985e-01 4.07397658e-01
    5.58555007e-01 6.91521347e-01 7.79734254e-01 4.77301598e-01
    1.12349302e-01 4.26951021e-01 5.41852653e-01 8.21924090e-01
    3.05400193e-02 9.90100384e-01 1.35967791e-01 9.20227230e-01
    5.07481039e-01 2.54625976e-02 8.80096078e-01 5.17226458e-01
    9.50283051e-01 5.13041973e-01 9.13698494e-01 3.17096293e-01
    6.16873443e-01 7.72586167e-02 9.98152137e-01 9.63366210e-01
    9.34362531e-01 9.88312781e-01 6.36302352e-01 8.12010229e-01
    6.60365522e-02 9.70702350e-01 8.55365336e-01 8.85568738e-01
    2.10930318e-01 3.28565985e-01 4.67509717e-01 9.80482399e-02
    6.07804358e-01 1.42883658e-01 5.09779572e-01 8.41662586e-01
    2.71303296e-01 4.88494098e-01 2.66859323e-01 7.94333339e-01
    5.20634353e-02 8.59441757e-01 6.14214599e-01 8.04911077e-01
    6.66121304e-01 8.68590355e-01 7.54808903e-01 2.77512491e-01
    8.23967814e-01 1.11533463e-01 1.24386758e-01 6.78291202e-01
    3.59005749e-01 9.91150975e-01 6.79054737e-01 8.62381935e-01
    8.35056067e-01 9.04427648e-01 9.63632166e-02 6.01823449e-01
    2.57881016e-01 4.05097216e-01 7.66795158e-01 1.34429604e-01
    3.08080584e-01 4.46198612e-01 6.34165108e-01 3.43007118e-01
    7.33892322e-02 5.96261621e-01 8.77327621e-02 7.34922409e-01
    8.99547219e-01 8.61034334e-01 4.10433412e-02 5.31837583e-01
    7.28302002e-02 3.39646488e-01 4.29244369e-01 7.92641521e-01
    9.49912548e-01 9.56130624e-02 6.56559467e-01 6.59302473e-01
    5.28227150e-01 3.76287937e-01 2.21985430e-01 7.55476117e-01
    7.07880259e-01 1.88382685e-01 8.53160322e-02 6.95682466e-02
    2.02052146e-01 7.12325811e-01 4.73420501e-01 1.61433399e-01
    5.18203378e-02 9.33275759e-01 3.07704300e-01 9.39288139e-01
    7.75611222e-01 8.68699193e-01 5.61020970e-01 1.99588358e-01
    1.32788152e-01 4.52083230e-01 8.24248075e-01 8.77419531e-01
    5.61869740e-01 7.51512945e-02 1.15501225e-01 5.71289957e-01
    5.74651718e-01 3.66699040e-01 8.17404747e-01 3.21675241e-01
    8.80124569e-01 4.96092647e-01 1.88961208e-01 4.68189895e-01
    9.90599334e-01 1.08118743e-01 2.84112990e-02 7.89059281e-01
    9.83269095e-01 8.05779338e-01 5.83381772e-01 5.80281496e-01
    9.52712774e-01 6.40200257e-01 2.76325822e-01 6.28079712e-01
    7.01653123e-01 2.95745373e-01 3.26187223e-01 8.82493854e-01
    4.14710343e-02 4.54729319e-01 3.16952765e-02 7.43762314e-01
    7.42058635e-01 4.69625592e-02 2.66899168e-02 3.51906300e-01
    3.49752247e-01 2.54597127e-01 8.83195281e-01 1.79631352e-01
    8.79497647e-01 6.25357032e-01 8.80747736e-01 2.87184209e-01
    4.71129715e-02 6.59652650e-01 1.93121314e-01 4.28057611e-01
    6.80256307e-01 4.55081880e-01 4.14872319e-01 8.03071082e-01
    8.15993965e-01 8.80728483e-01 1.00632042e-01 6.78450286e-01
    2.50851542e-01 8.23657751e-01 3.75085324e-01 1.30828887e-01
    3.86107683e-01 8.95525694e-01 5.89439809e-01 8.55981767e-01
    7.61219501e-01 8.24016988e-01 9.44202304e-01 5.85870504e-01
    3.91295224e-01 7.75078297e-01 5.05305588e-01 8.55880618e-01
    9.81201410e-01 9.71111953e-01 7.98951387e-01 7.37798095e-01
    1.80374801e-01 8.42701316e-01 4.81097966e-01 5.69016755e-01
    2.58173585e-01 6.51412070e-01 9.60232854e-01 1.00574702e-01
    8.00496280e-01 2.30291307e-01 6.62801862e-02 8.55292201e-01
    5.92253506e-01 4.37360466e-01 9.57172692e-01 6.05769515e-01
    1.41465485e-01 9.11739171e-01 2.32082546e-01 8.97105217e-01
    3.64023030e-01 7.48380959e-01 4.77272809e-01 3.96562815e-01
    3.36698353e-01 6.20163500e-01 5.15652716e-01 7.89956212e-01
    1.44744694e-01 2.63933182e-01 8.53626609e-01 3.50024343e-01
    4.82421428e-01 3.07607859e-01 5.96162677e-02 8.35111201e-01
    2.49410570e-01 8.79916072e-01 2.10992873e-01 2.75344849e-01
    5.55299401e-01 5.59241056e-01 8.28670382e-01 8.46760929e-01
    3.25246632e-01 7.54879594e-01 4.98289645e-01 3.29648554e-01
    6.27766967e-01 2.36325055e-01 3.72797638e-01 6.29420102e-01
    6.31518960e-01 4.03038740e-01 9.05908108e-01 6.32351637e-01
    6.21015012e-01 5.72759748e-01 5.78695774e-01 2.46217251e-02
    7.72581339e-01 7.51031637e-01 5.13400435e-02 3.16568315e-02
    8.88980150e-01 8.30792427e-01 5.83555818e-01 3.23261321e-02
    1.55588120e-01 8.36711645e-01 4.80594635e-01 5.43276191e-01
    7.21503258e-01 8.83411765e-01 4.21499163e-01 6.96305692e-01
    8.86777520e-01 7.55275130e-01 7.55027115e-01 1.28033459e-02
    1.65328294e-01 8.40865374e-01 3.13044578e-01 9.55386221e-01
    9.67012286e-01 1.71492100e-02 7.12568462e-01 2.66322702e-01
    8.84009480e-01 2.63527930e-01 5.26295125e-01 5.80702841e-01
    6.12540424e-01 8.33267212e-01 5.08953393e-01 3.39575738e-01
    9.76016343e-01 3.66987288e-01 2.62173474e-01 6.31375432e-01
    1.76212668e-01 9.63805616e-02 9.17755365e-01 4.40556288e-01
    7.86732733e-02 9.40354466e-01 3.61781508e-01 9.62283194e-01
    8.49167466e-01 5.34269273e-01 1.88981891e-01 5.44597030e-01
    2.77930081e-01 9.77789044e-01 9.61777925e-01 6.23024881e-01
    9.18353915e-01 4.00990397e-01 5.63623011e-02 9.66408551e-02
    1.83937848e-01 4.29496288e-01 3.54013741e-01 5.81026435e-01
    2.98493356e-01 5.15360534e-01 9.89692450e-01 8.76587033e-01
    1.80143654e-01 8.87027502e-01 3.81536037e-01 8.77017021e-01
    9.37767982e-01 2.88159728e-01 8.31913114e-01 7.44917691e-02
    6.88981891e-01 3.43008697e-01 1.12704545e-01 2.04019964e-01
    9.75868344e-01 8.55696797e-01 8.25134277e-01 2.69110322e-01
    8.02530766e-01 2.26476163e-01 7.96209276e-01 8.85338902e-01
    5.68509400e-01 5.23229182e-01 1.17289424e-01 4.93904829e-01
    8.93625140e-01 6.80481374e-01 6.48919940e-01 8.76971602e-01
    4.25211638e-01 1.59722120e-01 3.26390564e-01 2.14005202e-01
    9.88385558e-01 5.66918850e-01 4.92605805e-01 8.82393122e-02
    4.22021449e-01 2.91184127e-01 6.02466702e-01 8.46534193e-01
    6.70175910e-01 7.18629718e-01 1.85032934e-01 6.69030070e-01
    4.24790263e-01 2.41556436e-01 6.33523703e-01 2.39555120e-01
    1.89023077e-01 5.65150976e-01 2.93702781e-02 9.78166819e-01
    7.10581362e-01 5.60122430e-02 9.10062313e-01 9.75208223e-01
    1.94226772e-01 7.57865429e-01 4.46180999e-01 8.42496157e-01
    1.17164254e-01 3.77497047e-01 5.23063421e-01 6.77764773e-01
    8.64258468e-01 5.45684099e-01 6.00716352e-01 7.40187109e-01
    5.74566722e-01 2.33820230e-01 4.54635054e-01 3.87367606e-01
    4.19082910e-01 2.90357292e-01 2.17870682e-01 8.44692171e-01
    4.33815509e-01 4.75316405e-01 7.12124348e-01 1.41126633e-01
    6.82800770e-01 3.24909091e-02 4.23313707e-01 7.99986362e-01
    7.08066106e-01 8.14649165e-02 2.36602515e-01 5.93567133e-01
    4.66805816e-01 5.36721587e-01 8.77908111e-01 7.52215385e-01
    6.24398470e-01 8.94717455e-01 9.63394821e-01 6.83108270e-01
    3.76628578e-01 5.55689156e-01 9.58310962e-01 9.59340751e-01
    5.55884659e-01 3.04940313e-01 2.71773219e-01 1.75091207e-01
    7.26451159e-01 5.59749365e-01 2.97245473e-01 2.11861432e-01
    7.50656128e-01 4.18623686e-01 8.48383665e-01 8.47682953e-01
    7.60235429e-01 1.60138279e-01 8.22818935e-01 6.52917564e-01
    5.75247943e-01 9.36838984e-01 7.68635631e-01 7.44149387e-02
    6.16901040e-01 9.95829701e-01 2.88618535e-01 7.10416138e-02
    8.56843948e-01 5.95149398e-01 8.38282466e-01 3.78303587e-01
    6.58661008e-01 6.27271414e-01 7.88659990e-01 2.25726247e-01
    2.70335108e-01 6.48064852e-01 2.49556214e-01 4.79006439e-01
    8.40402424e-01 3.46984655e-01 9.93073404e-01 5.48572302e-01
    4.57887799e-01 4.46379155e-01 5.62898695e-01 5.46887457e-01
    6.25764430e-01 9.97383535e-01 7.79301405e-01 5.47509432e-01
    2.07340121e-02 9.19733107e-01 7.80850172e-01 2.99549043e-01
    9.20893192e-01 7.66726196e-01 7.32368708e-01 6.90958619e-01
    7.90984392e-01 4.38506901e-01 7.04267979e-01 8.68691802e-02
    5.98805904e-01 9.51806605e-02 2.48222888e-01 1.43574566e-01
    9.11326766e-01 8.15775871e-01 5.40885866e-01 4.36760187e-01
    9.73582745e-01 9.07884657e-01 5.57655573e-01 1.81306332e-01
    3.92510533e-01 1.37358308e-02 5.90814054e-01 2.93798804e-01
    5.81865609e-02 6.14248812e-01 5.76461971e-01 5.70866168e-01
    6.72142804e-01 8.99717748e-01 3.52717221e-01 4.66895044e-01
    4.82607186e-01 9.58681822e-01 1.83075637e-01 2.30962753e-01
    8.59967411e-01 2.64478981e-01 9.27766800e-01 7.79010653e-01
    2.41688192e-01 5.63490391e-03 7.22145915e-01 7.98538148e-01
    7.87236333e-01 3.47189724e-01 7.94784963e-01 6.59420252e-01
    5.03717363e-01 2.73776114e-01 5.18399000e-01 7.31743217e-01
    5.00146151e-02 8.40958834e-01 8.37482691e-01 1.91332012e-01
    8.35200250e-01 6.31399930e-01 3.46113741e-01 6.39227509e-01
    5.33454001e-01 8.19377542e-01 8.06738019e-01 2.03553587e-01
    4.13237244e-01 4.72375333e-01 6.95696950e-01 6.60065413e-01
    1.82959288e-01 6.77728772e-01 7.09176779e-01 7.70612240e-01
    4.73289490e-01 5.58279991e-01 8.78805697e-01 5.92909455e-02
    9.62441921e-01 8.35678041e-01 8.90510082e-02 3.19504738e-03
    3.24425638e-01 8.78293633e-01 6.02363288e-01 6.04593754e-01
    6.03071570e-01 8.12695444e-01 8.63896668e-01 9.27031517e-01
    5.07062614e-01 5.40366948e-01 5.18842995e-01 7.32764602e-01
    7.35932350e-01 3.43279094e-01 6.59756780e-01 5.59666395e-01
    2.62294292e-01 1.69063658e-01 3.59556735e-01 9.33024526e-01
    4.08102423e-01 6.88827574e-01 4.34894711e-01 1.56193465e-01
    8.11609507e-01 3.14337075e-01 7.54179358e-01 3.54026318e-01
    9.57492709e-01 7.61937022e-01 1.09183162e-01 1.74769253e-01
    3.72154593e-01 4.34964865e-01 4.93470579e-01 6.99658573e-01
    8.96679640e-01 1.33967638e-01 5.24491251e-01 1.79296762e-01
    8.12490344e-01 7.76041448e-01 5.03477216e-01 1.54525369e-01
    6.18179500e-01 8.91199946e-01 9.49304938e-01 1.02822661e-01
    3.30325812e-01 2.32412577e-01 3.81894082e-01 6.01671338e-02
    8.77233148e-01 1.67857498e-01 3.30262065e-01 4.80631024e-01
    3.95356208e-01 9.48822379e-01 7.09360480e-01 9.70973134e-01
    4.36745942e-01 9.70796525e-01 5.20207822e-01 8.98855329e-01
    9.71185684e-01 4.92302448e-01 2.33555168e-01 7.28483677e-01
    8.57612014e-01 1.08531624e-01 4.23780978e-01 7.60877013e-01
    5.81263125e-01 8.40172291e-01 7.16583312e-01 2.39065379e-01
    2.17039257e-01 7.40633130e-01 7.23635316e-01 2.73835868e-01
    8.33836913e-01 8.76949430e-01 3.79692852e-01 3.28285933e-01
    1.99330389e-01 5.74967563e-01 6.12480760e-01 5.82126021e-01
    2.39743084e-01 9.61442649e-01 3.69653225e-01 4.49400097e-01
    9.31352377e-01 1.23603076e-01 4.47713315e-01 1.93046629e-02
    8.90473485e-01 6.77697957e-01 6.58046544e-01 5.98262012e-01
    4.33438212e-01 4.76591885e-02 4.27424997e-01 7.06357598e-01
    7.06549823e-01 4.11535263e-01 9.35444832e-01 8.88127506e-01
    4.48964298e-01 7.06354380e-01 5.08182645e-01 9.81111169e-01
    3.03111255e-01 4.33197320e-01 9.75795090e-01 3.48807156e-01
    1.96174085e-02 7.94787526e-01 9.27547812e-01 2.60171413e-01
    8.27329755e-01 3.28404903e-02 6.45461321e-01 9.99728560e-01
    8.36060882e-01 4.02393490e-01 5.05280733e-01 7.62693107e-01
    6.29173994e-01 7.71836698e-01 3.11929822e-01 6.94510341e-01
    3.38897526e-01 2.51089931e-02 8.90336514e-01 8.99761677e-01
    9.54308093e-01 1.91112518e-01 7.49523640e-01 9.34428811e-01
    6.58083856e-01 5.44431388e-01 8.17650795e-01 7.60743141e-01
    7.87033737e-02 9.26623940e-01 4.55119908e-02 2.44940162e-01
    2.22951382e-01 6.46630526e-01 1.41197383e-01 7.08081841e-01
    2.94193804e-01 2.63996929e-01 9.63475347e-01 9.77469802e-01
    7.61199057e-01 6.22317672e-01 2.25372016e-01 4.08348143e-01
    8.13975513e-01 7.53463030e-01 8.77117276e-01 4.05266583e-02
    9.12574768e-01 9.75771844e-02 6.70918107e-01 4.13657695e-01
    7.73948252e-01 3.31176519e-01 7.63860762e-01 3.14842224e-01
    1.00734890e-01 8.56594443e-01 8.46059322e-01 3.58629525e-02
    8.23239446e-01 2.95929193e-01 9.67626691e-01 8.41067553e-01
    5.66051006e-02 9.30909157e-01 6.89855814e-02 5.30744553e-01
    9.74966526e-01 3.31344813e-01 1.92544758e-01 9.34670091e-01
    2.44517237e-01 2.02142417e-01 2.73374408e-01 6.12750530e-01
    7.98328757e-01 6.05984390e-01 9.66728389e-01 5.99901378e-02
    8.20019960e-01 3.66380155e-01 6.04790449e-03 1.35146707e-01
    7.19034016e-01 8.69866967e-01 6.12936974e-01 9.75272655e-01
    3.82699579e-01 9.13376212e-01 7.53374696e-01 4.47574914e-01
    5.60027659e-02 1.94314629e-01 7.73647189e-01 6.77103400e-01
    9.55762267e-01 1.84561491e-01 1.64673746e-01 4.48961616e-01
    5.59757411e-01 7.26706862e-01 8.53908062e-01 4.73958820e-01
    6.35164142e-01 4.74093229e-01 2.27152735e-01 4.36921716e-02
    9.67040539e-01 8.55200827e-01 6.90199137e-02 2.27867663e-01
    8.19193900e-01 7.57296920e-01 3.63100976e-01 5.01097620e-01
    8.28998327e-01 3.26217234e-01 7.05973268e-01 1.07475907e-01
    9.08885300e-01 2.06453055e-01 8.33246827e-01 2.81515479e-01
    5.28740048e-01 3.19567978e-01 8.07849646e-01 7.04916000e-01
    9.27037299e-01 5.52942634e-01 5.29446304e-01 5.14585257e-01
    6.45471573e-01 6.92213237e-01 3.01796496e-02 1.79138541e-01
    8.22835028e-01 5.25351107e-01 3.45642447e-01 4.19759125e-01
    1.14921600e-01 2.82948136e-01 3.57318461e-01 8.61307621e-01
    9.61694479e-01 1.93557590e-01 7.31056213e-01 9.32354331e-01
    1.79965705e-01 9.87021208e-01 7.36439109e-01 1.50549740e-01
    3.51248980e-01 7.00597644e-01 1.98298156e-01 9.73098397e-01
    5.43165743e-01 5.39795458e-02 9.77715492e-01 2.93600678e-01
    6.13532960e-02 5.90024710e-01 7.30698645e-01 2.74751484e-02
    5.08519351e-01 1.31421208e-01 3.02499563e-01 9.87232208e-01
    1.60188198e-01 4.80394661e-02 5.48355341e-01 1.69214725e-01
    6.45315886e-01 9.14622188e-01 5.45903265e-01 5.77540159e-01
    7.02700555e-01 2.29113370e-01 9.21232343e-01 9.92636561e-01
    9.86677527e-01 1.06142491e-01 1.23945475e-02 8.82523537e-01
    2.27486432e-01 1.39346182e-01 3.69623899e-01 1.29202604e-02
    4.47781980e-02 5.79360127e-01 1.07468665e-02 5.23450375e-01
    5.29963136e-01 9.83455181e-01 2.10501105e-01 3.59561205e-01
    5.77192605e-02 1.53592736e-01 1.24997765e-01 7.96453834e-01
    6.77155614e-01 4.28258002e-01 8.27214718e-02 2.73321033e-01
    8.29267859e-01 8.64508152e-01 1.19778603e-01 6.02266788e-01
    1.50693715e-01 9.82881784e-02 9.71804619e-01 3.33143353e-01
    3.33550632e-01 1.43386006e-01 1.80952638e-01 5.80450118e-01
    7.95325041e-01 9.70975757e-02 5.98870695e-01 2.49694049e-01
    7.46576786e-01 8.70069861e-03 2.59707898e-01 1.34128362e-01
    7.86247373e-01 2.28654146e-01 1.17807776e-01 8.98514926e-01
    4.18161303e-01 3.47653776e-01 3.48383039e-01 5.15459955e-01
    3.16367865e-01 2.83357322e-01 4.50937659e-01 3.50941420e-02
    4.67168272e-01 6.79624379e-01 1.11276090e-01 5.83240330e-01
    2.18426049e-01 9.13429499e-01 8.03505063e-01 6.56970203e-01
    4.39497530e-01 4.68025297e-01 3.80918443e-01 9.12514269e-01
    1.68518066e-01 2.94430494e-01 7.64774621e-01 5.57882369e-01
    5.62916696e-02 1.09441936e-01 4.65449899e-01 6.67946696e-01
    6.81756675e-01 3.65211964e-02 9.37942266e-01 3.48238468e-01
    3.71281266e-01 8.47966373e-01 3.81975204e-01 3.74226213e-01
    3.32866609e-01 9.52634811e-02 5.81192076e-01 9.87026632e-01
    7.15461433e-01 3.24192941e-01 9.38329101e-03 7.26351082e-01
    8.81633103e-01 9.79754925e-02 8.06190073e-01 1.53083771e-01
    1.55649126e-01 9.83151138e-01 9.68007445e-01 3.23123097e-01
    6.30685925e-01 5.16441107e-01 5.64212501e-01 9.90381122e-01
    8.61850679e-02 8.06555450e-01 3.22818637e-01 3.75513136e-01
    3.76227170e-01 6.11018062e-01 9.54226136e-01 8.75572264e-01
    4.30275708e-01 6.50014639e-01 1.80773318e-01 7.89470255e-01
    3.69930208e-01 4.48671371e-01 6.82354033e-01 9.88414168e-01
    3.52654099e-01 9.12615895e-01 8.21048737e-01 2.47910470e-01
    9.35182810e-01 1.63171142e-01 4.20384198e-01 9.05702591e-01
    9.94757771e-01 3.66426706e-02 8.31438661e-01 7.74597406e-01
    6.41583443e-01 8.41416597e-01 6.26272261e-01 1.80133194e-01
    3.41035426e-01 7.68125057e-02 2.29137927e-01 2.97261208e-01
    7.14550436e-01 9.87799764e-01 1.00831389e-01 9.26703393e-01
    5.22740901e-01 6.00896657e-01 7.82859087e-01 5.11745393e-01
    6.02519155e-01 2.83225894e-01 7.28522480e-01 1.84120774e-01
    6.08105361e-01 5.97806871e-01 9.44029391e-01 8.56531203e-01
    2.56439686e-01 4.96098220e-01 4.00781214e-01 7.66777635e-01
    5.46363771e-01 9.74563777e-01 4.95053381e-01 4.94592398e-01
    1.73925787e-01 3.11975479e-01 7.78106451e-01 1.11811012e-01
    6.57427192e-01 8.52529764e-01 4.51086223e-01 4.39580679e-01
    9.47845519e-01 1.20520055e-01 5.52409708e-01 3.95207047e-01
    9.63040471e-01 4.90696341e-01 9.29795444e-01 6.85639322e-01
    9.44825649e-01 2.99431413e-01 9.83916223e-02 6.52760148e-01
    4.35238659e-01 4.41150814e-01 6.80282056e-01 7.96517491e-01
    5.39268374e-01 5.55794537e-01 8.23043585e-01 2.01815456e-01
    3.24126542e-01 2.87686825e-01 9.51032519e-01 7.06916392e-01
    7.81400442e-01 4.10190701e-01 1.41525775e-01 9.32243943e-01
    8.01628232e-01 3.92200410e-01 5.70231676e-01 6.18800879e-01
    1.56137645e-01 7.14219391e-01 6.51632011e-01 2.48493671e-01
    7.66519308e-01 4.94751126e-01 1.98397636e-02 1.12498492e-01
    4.07328308e-02 9.99414444e-01 5.22887528e-01 9.92937744e-01
    6.23819470e-01 1.61379069e-01 1.73295230e-01 5.45632899e-01
    2.68962085e-01 6.16811454e-01 9.75659132e-01 9.20294285e-01
    4.81651306e-01 2.56684005e-01 8.52011800e-01 5.62362075e-01
    2.97816336e-01 1.05868191e-01 8.64336193e-01 4.44690764e-01
    2.48863697e-02 1.59430265e-01 4.48955238e-01 4.86236095e-01
    8.84232521e-02 4.32586193e-01 2.24636525e-01 6.90902710e-01
    8.95091116e-01 9.90204990e-01 4.59820092e-01 1.88676447e-01
    5.30572712e-01 2.78201610e-01 4.42752421e-01 2.19867289e-01
    6.83580995e-01 5.92968345e-01 4.08063531e-02 7.65596747e-01
    5.29240489e-01 1.93757683e-01 8.54680300e-01 5.87969303e-01
    1.67727470e-04 9.21720982e-01 2.74746656e-01 3.71912658e-01
    9.29319620e-01 6.05561495e-01 7.89423704e-01 2.24686235e-01
    6.61275029e-01 3.47514629e-01 8.22218418e-01 8.17570090e-01
    4.06261116e-01 5.03021240e-01 1.31423682e-01 3.91077310e-01
    3.63182306e-01 3.34719539e-01 6.51346624e-01 1.33257300e-01
    8.48747373e-01 3.11058342e-01 7.46189952e-01 8.07812691e-01
    8.75416994e-01 9.56624746e-02 1.20714098e-01 7.72134662e-02
    7.80549943e-02 2.42266268e-01 1.17014617e-01 8.48729849e-01
    8.29219043e-01 8.46672058e-01 2.63898373e-01 1.12690687e-01
    9.82441962e-01 3.76036525e-01 5.38578868e-01 6.91170394e-02
    9.09269392e-01 3.13034326e-01 8.58959317e-01 4.51194197e-01
    2.23138452e-01 7.73795962e-01 4.55840409e-01 1.64320856e-01
    9.47852254e-01 4.66224402e-01 1.31107360e-01 7.40466237e-01
    5.03824890e-01 6.99283957e-01 3.13160479e-01 8.90936971e-01
    7.35887289e-01 3.81141901e-03 2.21313804e-01 4.41418290e-01
    4.17756528e-01 7.82467604e-01 2.77380913e-01 4.74137872e-01
    5.79254031e-01 2.99259573e-01 5.66330194e-01 9.05668736e-01
    2.54400998e-01 2.83791780e-01 6.66634679e-01 5.02972245e-01
    5.47131002e-01 6.18662119e-01 9.20019209e-01 2.58853078e-01
    5.65932631e-01 2.78124630e-01 6.03043675e-01 8.90869319e-01
    7.10806847e-01 7.53797174e-01 9.44700718e-01 1.43253803e-01
    7.68812835e-01 4.06146824e-01 1.59078240e-01 3.12325954e-01
    8.02708626e-01 2.40729809e-01 5.16486943e-01 6.54849946e-01
    4.48163122e-01 6.31766975e-01 4.78580832e-01 4.89270180e-01
    8.63231540e-01 2.90094256e-01 8.74333918e-01 4.55965877e-01
    8.92223656e-01 5.58043599e-01 8.27512145e-01 2.69440830e-01
    6.83525681e-01 7.08211184e-01 6.03063703e-02 7.52286792e-01
    8.55981767e-01 1.63400829e-01 6.12968206e-03 1.05901837e-01
    7.78445125e-01 4.09719288e-01 3.45790029e-01 3.78860801e-01
    5.53383112e-01 7.68287301e-01 6.10304058e-01 3.61365318e-01
    3.45539391e-01 5.13810635e-01 8.33252430e-01 3.73914480e-01
    1.30283475e-01 4.93364811e-01 5.45334458e-01 2.73511887e-01
    5.94165802e-01 9.03123021e-01 4.09738660e-01 7.26326823e-01
    4.03794974e-01 1.23795241e-01 6.17930889e-02 4.39169854e-01
    9.24164891e-01 5.68639815e-01 1.07897967e-01 9.45344925e-01
    6.13580942e-02 3.33925396e-01 3.05022895e-02 5.70956588e-01
    1.82741284e-01 8.85974050e-01 8.19538891e-01 8.35846186e-01
    5.01979351e-01 6.22499406e-01 6.46327555e-01 6.49107218e-01
    7.59425759e-01 2.63460159e-01 5.78480959e-01 2.66209990e-01
    2.90061355e-01 6.49736762e-01 3.47059309e-01 8.71500492e-01
    2.66678929e-01 9.34747458e-02 8.91974151e-01 9.45456505e-01
    3.67801905e-01 2.78558791e-01 8.43687415e-01 1.34565622e-01
    5.08025527e-01 7.43933320e-02 3.00061703e-02 5.91995358e-01
    3.50806326e-01 3.79238725e-01 1.30107701e-02 2.54890382e-01
    4.42942977e-02 1.49228036e-01 1.01840824e-01 3.35914254e-01
    1.80549353e-01 7.75442779e-01 9.78011489e-01 5.07961750e-01
    7.67825246e-02 3.92137229e-01 1.01240784e-01 5.70215225e-01
    6.66574478e-01 3.00687253e-01 2.86491513e-01 2.48335481e-01
    9.65360343e-01 4.87176180e-02 6.38347387e-01 7.77022779e-01
    2.97114909e-01 9.23413455e-01 9.99548554e-01 6.44765139e-01
    6.35272980e-01 2.82538384e-01 4.57974255e-01 8.23929608e-01
    2.95862764e-01 1.34360164e-01 5.43705583e-01 8.90335441e-01
    6.11985743e-01 7.40011334e-01 6.71662569e-01 3.51455092e-01
    1.78301215e-01 6.60688996e-01 5.48346877e-01 1.46493107e-01
    4.22460556e-01 2.88326442e-02 8.06396246e-01 2.74392784e-01
    1.67487264e-02 7.15598643e-01 2.77745813e-01 2.47564554e-01
    2.22267568e-01 3.04696888e-01 4.57032025e-01 3.41382802e-01
    1.11852407e-01 3.46323848e-01 8.51402879e-01 8.68680239e-01
    2.92485774e-01 2.02567756e-01 7.45072007e-01 1.99235231e-01
    8.59500468e-01 7.38669693e-01 7.21576810e-01 2.87644923e-01
    8.17917228e-01 3.36214423e-01 2.67792463e-01 9.05749559e-01
    9.89783049e-01 1.61128432e-01 7.74588466e-01 1.30718380e-01
    3.20229232e-01 1.36057109e-01 8.51773679e-01 7.78445899e-02
    9.15553808e-01 9.48596597e-02 3.20427984e-01 2.87137747e-01
    8.58415842e-01 1.85955942e-01 3.34216774e-01 1.44912779e-01
    9.17253256e-01 5.72535515e-01 5.53770185e-01 2.36525804e-01
    1.12100899e-01 4.20901269e-01 3.44067842e-01 4.87491637e-01
    7.51034617e-01 6.71275079e-01 7.66036212e-02 5.14945149e-01
    8.50783825e-01 4.42909896e-02 2.86492795e-01 4.43005919e-01
    2.31262892e-01 1.07862353e-01 1.89024925e-01 7.51810133e-01
    8.81216645e-01 1.98281229e-01 4.94658798e-01 2.02331245e-02
    7.25137770e-01 4.97388303e-01 5.03033817e-01 3.11021715e-01
    8.35070372e-01 3.07760030e-01 3.24417233e-01 1.42207652e-01
    8.58195126e-02 7.57255912e-01 5.41980863e-01 4.03390944e-01
    1.28806055e-01 5.93229890e-01 5.38513362e-01 6.43728733e-01
    2.01115817e-01 9.75796402e-01 9.62735832e-01 6.96803570e-01
    2.58890927e-01 3.67986172e-01 2.36286819e-01 9.16900933e-01
    6.41557038e-01 7.97669291e-02 4.05838430e-01 7.44861484e-01
    5.23834705e-01 8.61237645e-01 6.49588704e-01 7.60690093e-01
    7.90908813e-01 8.16910386e-01 9.77653861e-01 3.40332270e-01
    4.28433567e-01 2.29275495e-01 3.23811352e-01 4.01209831e-01
    8.26195300e-01 6.26085877e-01 1.17958844e-01 5.64149439e-01
    6.12031221e-02 5.87041318e-01 7.54193604e-01 5.24849713e-01
    9.41579580e-01 3.40133965e-01 9.46175694e-01 8.58153820e-01
    2.60753304e-01 2.77400106e-01 3.33628118e-01 2.51003265e-01
    2.54247308e-01 8.06537688e-01 3.66400898e-01 4.30711627e-01
    6.82071686e-01 6.62735403e-02 6.55154943e-01 9.14011300e-01
    5.82940161e-01 5.49034476e-02 4.80141044e-02 1.21964246e-01
    7.53145933e-01 6.74429119e-01 4.62168187e-01 3.45036685e-02
    5.17560124e-01 6.77139997e-01 4.66337830e-01 3.05609107e-02
    8.54114175e-01 1.99231714e-01 9.00969982e-01 4.35188472e-01
    8.96302581e-01 8.56258631e-01 3.62882823e-01 9.07976508e-01
    7.69635856e-01 5.93227506e-01 1.05660081e-01 3.35902065e-01
    9.42045867e-01 7.72875190e-01 3.93722355e-01 9.46785331e-01
    8.94898832e-01 1.04760230e-02 7.65288174e-02 2.80670524e-01
    5.35625517e-01 9.72207963e-01 2.96703815e-01 9.85556483e-01
    3.22327793e-01 4.29345280e-01 8.18973184e-01 1.34720445e-01
    5.18163800e-01 8.79477143e-01 6.52391315e-01 6.76690221e-01
    5.63687563e-01 4.25603598e-01 1.53343678e-02 9.27845120e-01
    4.10825014e-02 7.89898872e-01 5.37928939e-03 2.18161106e-01
    7.48325288e-01 4.65130240e-01 5.33463240e-01 7.58112729e-01
    3.86970043e-01 5.48968315e-01 8.37738633e-01 3.33216757e-01
    7.95949578e-01 7.78329730e-01 6.53754711e-01 9.91773963e-01
    7.18001127e-01 1.35123461e-01 6.90740883e-01 7.13555217e-01
    9.30218220e-01 3.48142505e-01 5.22385836e-02 9.52722549e-01
    2.50169873e-01 8.11006308e-01 5.51026046e-01 1.91378236e-01
    8.15328419e-01 4.70609456e-01 2.34049231e-01 2.87376732e-01
    8.81878912e-01 2.79699683e-01 2.04431683e-01 4.36823875e-01
    3.24761868e-03 6.56238616e-01 4.40991759e-01 4.63565260e-01
    3.61039609e-01 8.34131598e-01 2.73214757e-01 5.61457515e-01
    7.19519019e-01 4.96448189e-01 9.34273362e-01 7.17482567e-01
    2.45930046e-01 3.66330147e-03 2.68159628e-01 9.55384970e-03
    1.32391870e-01 8.21920156e-01 7.14842319e-01 1.09605998e-01
    5.47214448e-01 3.49068940e-02 4.36983198e-01 8.67960036e-01
    6.21560931e-01 9.56360996e-02 3.08680117e-01 3.36808324e-01
    5.78084230e-01 6.67026341e-02 1.51980639e-01 7.26765394e-02
    1.04191005e-02 2.77747512e-02 5.47160387e-01 1.37880743e-02
    3.41906607e-01 5.44293225e-01 5.92351675e-01 6.39666378e-01
    5.52486837e-01 7.23417521e-01 6.10711217e-01 9.48972702e-01
    7.10361421e-01 4.89847302e-01 6.14594340e-01 5.70347905e-01
    4.83115196e-01 1.23583287e-01 1.11696959e-01 2.92523295e-01
    1.52801812e-01 6.07528687e-02 8.09850991e-01 6.80231571e-01
    4.92543817e-01 9.30550337e-01 4.52913344e-01 9.30982113e-01
    6.98793054e-01 7.58380055e-01 7.25126982e-01 4.87531632e-01
    8.17897618e-02 7.42357135e-01 4.74611640e-01 5.73132753e-01
    1.00018144e-01 8.68656874e-01 5.57931304e-01 1.39880836e-01
    4.32059884e-01 6.19188845e-01 9.21797991e-01 6.28556550e-01
    2.58156300e-01 2.48398185e-02 4.17369246e-01 6.87035680e-01
    9.04423535e-01 2.33479559e-01 6.49552226e-01 8.86241198e-01
    3.04206491e-01 9.00756717e-01 3.92432362e-01 1.60518527e-01
    9.40904498e-01 8.81527185e-01 8.53090048e-01 9.16826367e-01
    6.08335972e-01 9.27209020e-01 8.38809729e-01 7.73579359e-01
    2.55084783e-01 6.18640840e-01 7.25700855e-01 6.26416862e-01
    2.71041393e-01 9.15657282e-02 3.92368674e-01 7.47356653e-01
    8.09764147e-01 9.19385910e-01 5.84176064e-01 2.70887733e-01
    1.79911047e-01 5.02372086e-02 4.71494198e-02 6.57285452e-01
    6.85060143e-01 4.88460928e-01 4.52631503e-01 7.62763500e-01
    8.15216064e-01 7.45575726e-01 7.54470468e-01 1.69662833e-02
    8.80034804e-01 6.41310692e-01 1.45598322e-01 1.26152337e-02
    8.90819192e-01 7.49732018e-01 6.34920001e-01 3.73884082e-01
    6.60092175e-01 3.18734586e-01 6.48038507e-01 2.22495437e-01
    9.53718305e-01 9.37457561e-01 2.62504876e-01 7.49722302e-01
    2.07106680e-01 6.41749680e-01 6.81668520e-01 3.47127199e-01
    8.34341168e-01 8.37183297e-02 3.42687190e-01 5.50906241e-01
    5.32626510e-02 5.53765416e-01 6.19749308e-01 2.50490010e-02
    3.13014001e-01 1.12644583e-01 7.80841887e-01 9.18114364e-01
    4.26997930e-01 7.93981135e-01 9.91147637e-01 5.08860528e-01
    1.45425647e-01 7.23335147e-01 1.21436864e-01 2.96447814e-01
    9.71100211e-01 6.00353718e-01 6.02975130e-01 6.37990415e-01
    2.24653214e-01 6.75054789e-01 3.07302475e-02 5.33170164e-01
    6.47262394e-01 6.07767403e-01 3.40748161e-01 8.24248075e-01
    7.15568662e-01 5.77395141e-01 3.23881984e-01 3.33036929e-01
    2.58058310e-04 9.20502782e-01 3.86082470e-01 1.06082112e-01
    9.99832749e-01 6.70251071e-01 9.48405623e-01 2.08535492e-01
    4.77891654e-01 3.59749258e-01 2.99369037e-01 5.92797041e-01
    6.22922719e-01 4.38847750e-01 6.52659297e-01 1.46885842e-01
    8.29167068e-02 9.70638514e-01 4.15606052e-01 3.80714297e-01
    9.04853880e-01 2.19663262e-01 8.22151899e-01 3.09889555e-01
    7.08499134e-01 5.18857837e-01 5.77721179e-01 5.32960832e-01
    2.87555486e-01 4.05921459e-01 6.17813170e-01 8.11106443e-01
    8.22645783e-01 5.98069549e-01 1.66129917e-01 5.07495821e-01
    2.41984218e-01 8.04849625e-01 5.97812533e-01 7.81089962e-01
    4.35934573e-01 5.06991804e-01 6.08617544e-01 5.66947460e-03
    7.17791140e-01 2.27975190e-01 6.74103379e-01 8.24715137e-01
    8.56401026e-02 8.25986862e-01 5.39693356e-01 6.45054579e-01
    1.79758072e-02 9.73383904e-01 4.31049556e-01 6.70292675e-02
    3.66949141e-02 1.09639019e-01 9.71238315e-01 2.08753496e-01
    2.50160992e-02 7.51998305e-01 4.10384834e-01 3.18790793e-01
    6.55781627e-01 9.92303371e-01 6.72059655e-01 8.67846370e-01
    8.82166803e-01 5.92880905e-01 9.65942442e-01 1.89433038e-01
    1.77370846e-01 6.97554350e-01 1.49101675e-01 3.90834451e-01
    3.30190063e-01 9.55453455e-01 9.18646932e-01 1.27055556e-01
    7.00777888e-01 5.84894180e-01 9.59266186e-01 3.21503460e-01
    4.20177639e-01 8.30812454e-01 5.94092429e-01 9.45329368e-01
    3.28553021e-01 6.58031881e-01 4.67083752e-02 1.84575677e-01
    3.07659507e-02 9.18009102e-01 1.87003791e-01 8.64019275e-01
    3.10592234e-01 2.48569459e-01 6.87477231e-01 1.24798596e-01
    8.50660145e-01 3.12952608e-01 2.14585155e-01 5.97637892e-01
    3.32473218e-01 5.72039187e-01 2.74333179e-01 3.44442427e-02
    9.57786739e-01 2.55399168e-01 6.70536280e-01 1.62786841e-02
    1.84822530e-01 6.70540333e-01 8.75825405e-01 9.43448067e-01
    8.72169852e-01 5.44333160e-02 9.19687629e-01 1.62149251e-01
    7.05409348e-01 5.96383214e-02 5.01592934e-01 8.30501914e-01
    3.79291236e-01 1.01344049e-01 4.88374531e-02 4.28583652e-01
    8.21342170e-02 2.01953113e-01 8.42331767e-01 5.32929361e-01
    8.37010145e-01 4.57167506e-01 3.91786903e-01 9.60606337e-01
    3.38190556e-01 7.11852610e-01 6.87913060e-01 1.82696015e-01
    8.81515801e-01 5.87038338e-01 1.70084447e-01 7.02207446e-01
    8.22070599e-01 9.83413696e-01 3.95751297e-02 7.03546464e-01
    1.12131208e-01 8.39466631e-01 9.87594783e-01 4.99177903e-01
    9.42566633e-01 7.54348636e-02 6.75939977e-01 1.56895846e-01
    2.17956305e-01 3.37237120e-01 6.17266595e-02 2.96069205e-01
    6.58875406e-02 5.79101205e-01 8.32927227e-01 8.65922570e-01
    3.96165758e-01 9.29703116e-01 4.15936679e-01 8.35380793e-01
    4.79916275e-01 1.85136497e-01 8.03923845e-01 4.13248122e-01
    9.40310955e-01 7.50231147e-01 6.97597980e-01 8.61936688e-01
    5.76383531e-01 2.65077949e-01 6.20424747e-01 5.46686053e-01
    2.70637065e-01 5.35185337e-02 7.35963643e-01 2.51914978e-01
    3.12789381e-01 9.30497527e-01 4.45692629e-01 4.10691977e-01
    2.04700172e-01 7.49673307e-01 8.94986749e-01 6.09359980e-01
    4.59860593e-01 5.83082139e-01 3.19354534e-01 4.89990205e-01
    8.07101130e-01 2.07421273e-01 7.36763477e-01 7.69935727e-01
    5.80022514e-01 7.53884315e-02 9.25966382e-01 8.30375552e-01
    1.90313160e-02 9.57152367e-01 5.83114862e-01 3.73987615e-01
    1.25644624e-01 7.79008448e-01 6.94813371e-01 6.45762444e-01
    1.50271297e-01 3.35124344e-01 1.14576459e-01 9.28844452e-01
    8.45575511e-01 1.73947841e-01 5.99278033e-01 5.15785754e-01
    9.07176733e-01 2.45634109e-01 9.81037796e-01 6.70091331e-01
    3.81156802e-01 3.40618670e-01 3.48932385e-01 7.32803643e-02
    8.97294879e-01 3.29958826e-01 7.71594405e-01 2.04760343e-01
    2.07606077e-01 2.48208433e-01 3.91423553e-01 2.97535777e-01
    4.02964830e-01 4.60364610e-01 4.62973952e-01 7.42881656e-01
    9.17365253e-01 4.00124133e-01 9.72484708e-01 3.80408764e-03
    5.10810792e-01 5.21650016e-01 2.27344096e-01 8.43188047e-01
    3.15381140e-01 1.98785961e-01 6.65479660e-01 5.69761693e-01
    8.82039785e-01 7.79439151e-01 1.65542930e-01 6.33059740e-01
    2.54412591e-02 1.16363823e-01 7.41350949e-02 6.30479693e-01
    8.02736878e-01 1.92558527e-01 6.48432076e-01 9.42880034e-01
    9.81341600e-02 8.68203223e-01 6.43701911e-01 8.24706197e-01
    3.11094165e-01 8.97522807e-01 7.37743616e-01 8.38548303e-01
    4.10769641e-01 8.50200832e-01 9.38735008e-01 5.01985431e-01
    7.08105266e-01 3.46484214e-01 7.31892109e-01 1.61588132e-01
    8.44698071e-01 6.46527529e-01 5.79238534e-01 4.50527608e-01
    4.99023587e-01 4.01453108e-01 2.91607440e-01 6.77978992e-01
    7.45375216e-01 9.21213269e-01 8.06769133e-01 9.51116681e-01
    2.26174980e-01 3.38827550e-01 3.96197647e-01 7.04862297e-01
    1.61228120e-01 1.01458699e-01 2.85891414e-01 1.08443052e-01
    9.58009005e-01 4.79465723e-03 9.59181428e-01 6.92988396e-01
    7.35809505e-02 9.92289007e-01 2.84614503e-01 4.52460349e-02
    6.58935308e-01 4.15621459e-01 6.29424334e-01 6.76957667e-01
    7.58214474e-01 5.81472576e-01 7.70027518e-01 4.05967891e-01
    4.26188588e-01 5.56036532e-01 5.01164198e-02 1.86178952e-01
    7.53064096e-01 6.28341496e-01 3.41470063e-01 5.91283500e-01
    5.37677944e-01 4.84516352e-01 8.78292143e-01 9.57151175e-01
    6.79574251e-01 4.64808345e-02 5.18597603e-01 9.53033924e-01
    3.15219820e-01 3.43493402e-01 9.39399481e-01 9.73667622e-01
    9.53155994e-01 6.47949576e-02 7.03433394e-01 6.12998903e-01
    7.61068165e-02 3.66877139e-01 4.52812523e-01 1.48201287e-02
    7.13437378e-01 4.54248905e-01 1.38699293e-01 6.95547283e-01
    1.16567105e-01 4.22947913e-01 8.75768065e-02 8.61880541e-01
    1.39308453e-01 1.88961983e-01 7.03800380e-01 8.09884191e-01
    1.61877662e-01 1.15025520e-01 8.82880688e-01 8.53499889e-01
    4.46547151e-01 4.28787023e-01 7.80469418e-01 5.47573268e-01
    5.33679724e-02 5.83316088e-01 1.96619451e-01 1.09412670e-02
    8.65975618e-01 6.06769502e-01 2.80277729e-02 9.37991381e-01
    4.26392168e-01 6.15296781e-01 9.60638881e-01 9.90173638e-01
    6.91876113e-02 7.23448098e-01 1.03497475e-01 2.81420261e-01
    3.93955112e-01 2.78760999e-01 5.67404151e-01 1.67498678e-01
    6.59898758e-01 8.22180629e-01 2.35136807e-01 1.27689570e-01
    1.43766493e-01 5.36676526e-01 2.80441582e-01 5.34816027e-01
    1.86371386e-01 6.75616622e-01 9.19354439e-01 5.92194974e-01
    8.66213381e-01 8.96914005e-01 2.11316377e-01 9.87420797e-01
    3.47140074e-01 6.15510643e-01 9.26344037e-01 2.06818432e-01
    6.22957051e-02 9.93646324e-01 2.51439303e-01 2.77355433e-01
    6.24210715e-01 8.38648558e-01 4.35110241e-01 1.86793149e-01
    6.61285758e-01 9.14620519e-01 9.97186661e-01 5.53317606e-01
    1.87461644e-01 4.55632955e-01 2.60899544e-01 5.97164929e-01
    3.58097762e-01 3.54004443e-01 7.93899179e-01 1.87651873e-01
    9.82079744e-01 8.78486454e-01 5.40988326e-01 4.03280258e-02
    1.08628631e-01 4.56915110e-01 2.93081969e-01 4.66513038e-02
    9.60234046e-01 1.05504870e-01 6.86868191e-01 6.84641361e-01
    6.95912898e-01 7.57666945e-01 9.77499962e-01 3.60536516e-01
    7.55896688e-01 3.30574214e-02 5.22486269e-01 2.71396548e-01
    7.68932462e-01 2.60928750e-01 7.59962797e-02 2.38406539e-01
    1.80217862e-01 6.56151354e-01 1.78162307e-01 6.69186592e-01
    8.99310470e-01 8.61464322e-01 1.10290080e-01 3.91695231e-01
    7.77512550e-01 3.55393887e-01 4.82704818e-01 3.08364093e-01
    7.58543134e-01 8.85892749e-01 6.73009336e-01 1.57412052e-01
    9.60649550e-01 7.20036864e-01 4.70509559e-01 4.97391820e-03
    2.80179620e-01 2.81916738e-01 3.23963225e-01 7.13772058e-01
    6.33959651e-01 5.63069105e-01 9.30874586e-01 7.00291395e-01
    2.96848863e-01 5.43108106e-01 3.90836895e-01 3.50596666e-01
    3.85117412e-01 4.29345429e-01 6.79902732e-01 8.62948596e-02
    5.33929110e-01 8.48187029e-01 8.09888840e-01 3.66138637e-01
    3.67122114e-01 5.08932173e-01 3.74781847e-01 4.48444605e-01
    7.97099650e-01 9.76319671e-01 3.60192746e-01 5.41695893e-01
    9.18852091e-01 8.92608523e-01 5.22972822e-01 1.81790024e-01
    3.40067744e-01 6.65367544e-01 3.27888548e-01 2.68082082e-01
    2.49797404e-01 1.50790513e-02 3.55473340e-01 4.97284085e-01
    8.74169707e-01 5.07870972e-01 9.30948377e-01 7.61093020e-01
    9.03602123e-01 9.42127824e-01 3.29977274e-01 8.12200308e-01
    3.49606544e-01 8.55907083e-01 1.30215913e-01 9.68757153e-01
    6.01407707e-01 3.95667285e-01 6.19755745e-01 4.05770123e-01
    3.61792803e-01 4.24258530e-01 6.05478108e-01 7.79178500e-01
    7.56777883e-01 3.08415294e-02 4.16364372e-02 7.32648492e-01
    9.39370692e-01 1.51515663e-01 7.93637633e-02 8.87047708e-01
    5.22715986e-01 8.23307157e-01 1.63069099e-01 9.27669644e-01
    2.35323042e-01 1.75864428e-01 9.88790751e-01 1.67777359e-01
    5.33564329e-01 4.04447973e-01 2.70249009e-01 1.86283529e-01
    3.59160811e-01 6.57026529e-01 9.93298829e-01 6.82880044e-01
    4.19063419e-01 9.12924767e-01 1.00187659e-01 1.44420445e-01
    7.14885235e-01 5.93057871e-02 9.40978825e-01 2.76230574e-01
    3.50343883e-02 7.10379660e-01 9.16463375e-01 7.68350661e-01
    7.56198764e-02 3.75642657e-01 8.46991539e-01 2.00659186e-01
    9.69097912e-01 7.65631795e-02 1.98791474e-01 8.23213458e-01
    7.41756558e-01 8.99313569e-01 1.34395182e-01 1.43893540e-01
    8.28639746e-01 5.41771352e-01 2.61620343e-01 9.08320665e-01
    4.31359440e-01 8.17630708e-01 6.61795795e-01 6.71719372e-01
    2.43808657e-01 1.48775160e-01 3.88460219e-01 6.33338034e-01
    5.50121665e-01 3.53872329e-01 4.36245680e-01 9.23745632e-01
    6.43266201e-01 7.05902874e-01 4.20756966e-01 8.91556025e-01
    4.03502822e-01 9.20156479e-01 8.63158703e-01 4.30813134e-01
    4.41367328e-01 7.14151859e-02 3.21998775e-01 7.96427608e-01
    9.86578345e-01 9.30158734e-01 4.99134511e-01 7.81200647e-01
    1.76956713e-01 1.22740597e-01 2.96261549e-01 6.91369891e-01
    3.90111834e-01 2.30544806e-01 4.90649909e-01 5.46524882e-01
    2.55566657e-01 2.83945829e-01 3.61873448e-01 7.71888018e-01
    6.96177304e-01 3.67979705e-01 7.17163086e-03 8.08497965e-01
    7.22995877e-01 3.33057404e-01 1.66378587e-01 8.35136533e-01
    3.70399594e-01 5.34145057e-01 8.66041303e-01 1.52491719e-01
    3.61886084e-01 4.41498965e-01 5.96545219e-01 6.69587433e-01
    3.91194612e-01 5.04911840e-02 2.29147673e-02 1.05753243e-01
    3.10165882e-02 5.96497238e-01 5.56529343e-01 5.34926891e-01
    9.12494123e-01 3.24556231e-01 2.01971918e-01 4.67011034e-02
    5.03569961e-01 9.62861180e-01 2.23998636e-01 9.13480341e-01
    5.59699655e-01 6.40287042e-01 4.10048455e-01 6.58189654e-02
    7.29266942e-01 4.98759359e-01 3.11481535e-01 1.93419874e-01
    9.78976488e-01 2.68947393e-01 7.30530679e-01 8.10573220e-01
    4.22906578e-02 5.64937711e-01 5.59496939e-01 4.70632017e-02
    7.78560281e-01 3.61395746e-01 4.27178741e-01 2.10368931e-01
    8.92286301e-02 5.90728462e-01 8.36556852e-01 9.31022704e-01
    6.30570769e-01 5.82391024e-01 2.32767344e-01 6.82567358e-02
    8.66337299e-01 1.60902411e-01 3.96772623e-02 1.48105532e-01
    9.26092148e-01 1.39396578e-01 6.37999535e-01 8.37698400e-01
    4.70567733e-01 8.36794078e-02 7.28513837e-01 6.34990811e-01
    6.54747367e-01 5.28451264e-01 6.12145066e-01 7.53303766e-01
    8.11723232e-01 6.58754885e-01 5.36669493e-02 8.31058502e-01
    4.75115716e-01 7.69703090e-02 9.84154165e-01 9.81758118e-01
    5.40849090e-01 7.34603524e-01 9.90826249e-01 2.95214355e-02
    1.36116743e-01 2.54250169e-02 1.20380521e-02 1.52160794e-01
    4.95858133e-01 6.14413559e-01 6.52215600e-01 5.70393801e-01
    4.19686973e-01 7.88084269e-01 7.72121191e-01 6.16306424e-01
    7.47629523e-01 7.74435103e-01 7.30340540e-01 7.68499374e-02
    7.99744606e-01 1.43577904e-01 7.97885299e-01 2.41948694e-01
    8.18716884e-01 4.33341026e-01 3.59843969e-01 4.29249227e-01
    1.13831133e-01 9.65618610e-01 3.28671634e-02 4.92604226e-01
    4.32787746e-01 3.78631204e-01 7.40949810e-01 9.53948498e-01
    7.48485267e-01 2.07946151e-01 9.99074161e-01 5.01293838e-01
    7.74576306e-01 5.79097748e-01 6.70535207e-01 3.26859415e-01
    6.51818514e-02 9.06261921e-01 7.19069004e-01 7.80716836e-01
    4.25967544e-01 8.58116746e-01 7.50684321e-01 3.42150867e-01
    4.90451455e-01 8.89955044e-01 4.06015813e-01 4.65463221e-01
    5.09836078e-02 1.98169738e-01 2.12035388e-01 8.65047514e-01
    1.93431824e-01 4.95020986e-01 8.60988259e-01 9.93823409e-02
    9.75903988e-01 8.53616118e-01 3.67773116e-01 7.49050498e-01
    7.97879338e-01 1.53427213e-01 7.87507296e-01 2.10656047e-01
    3.13040912e-02 8.38413000e-01 9.66613472e-01 4.19816375e-01
    4.52145189e-01 9.71135616e-01 7.71147013e-03 4.65706825e-01
    8.38885069e-01 6.92406297e-01 5.41996539e-01 5.52795231e-01
    2.23328471e-01 3.58751416e-01 1.69038773e-02 3.42744529e-01
    6.20859146e-01 9.85965133e-01 9.01007652e-03 2.30514050e-01
    1.75229669e-01 2.41917968e-02 6.79257512e-01 7.02762425e-01
    3.42373133e-01 7.03001857e-01 7.94250131e-01 1.55583262e-01
    1.83110386e-01 5.03719449e-01 8.43461096e-01 5.56905627e-01
    9.03895557e-01 9.57129598e-02 4.75392461e-01 1.14882141e-01
    9.36548829e-01 4.62421238e-01 4.95569497e-01 9.79078174e-01
    9.64128971e-03 1.80066168e-01 4.92990077e-01 2.03347445e-01
    4.04279828e-02 9.84457910e-01 4.69352663e-01 3.11563432e-01
    8.25029969e-01 1.89833820e-01 9.04899597e-01 1.93173707e-01
    9.45246100e-01 2.15998620e-01 3.97472560e-01 5.20865023e-01
    4.33246672e-01 4.75743979e-01 4.19269383e-01 9.15342152e-01
    9.68730748e-01 2.50466824e-01 6.67684138e-01 6.23329639e-01
    7.88772106e-01 6.60678089e-01 4.32730019e-02 2.26644129e-01
    1.74799949e-01 3.36394608e-01 4.57459033e-01 2.16101706e-01
    9.73483026e-02 1.02285534e-01 6.37310982e-01 1.72324568e-01
    7.91896820e-01 8.18826556e-01 3.42450738e-01 6.79070473e-01
    9.40158367e-01 5.30295253e-01 2.86013514e-01 3.77669424e-01
    1.55373573e-01 2.21017063e-01 4.92722541e-01 9.89966631e-01
    1.34964228e-01 4.78471190e-01 2.36016631e-01 3.59519064e-01
    7.52538085e-01 1.96077794e-01 7.31798053e-01 9.87597108e-01
    5.08276701e-01 5.18228292e-01 3.94560248e-01 7.40440249e-01
    4.44611013e-02 1.77842736e-01 7.25026309e-01 2.04311430e-01
    5.38292944e-01 8.66353154e-01 9.89090443e-01 7.41238713e-01
    2.90176868e-01 5.75796187e-01 6.03323460e-01 7.51798749e-02
    6.40018582e-01 6.62193298e-01 5.35572767e-02 8.45575333e-01
    8.22610736e-01 9.96722579e-02 1.80345774e-02 5.83013892e-01
    5.37975073e-01 2.13883936e-01 4.71541852e-01 3.60598594e-01
    2.97914505e-01 1.84218585e-02 5.87852657e-01 6.56597555e-01
    2.06130713e-01 2.54667401e-02 4.63973701e-01 3.38017762e-01
    5.76212168e-01 2.85755515e-01 5.74587047e-01 2.58062005e-01
    1.40984833e-01 5.84618330e-01 3.49227935e-01 7.87238479e-01
    1.85319006e-01 2.68345833e-01 8.87990832e-01 1.97964758e-01
    5.41167736e-01 3.99485290e-01 2.31226176e-01 6.02901697e-01
    8.39049935e-01 2.16258258e-01 9.53241229e-01 1.88101500e-01
    3.97565007e-01 4.19192016e-02 9.40209031e-01 7.15113282e-01
    3.81579280e-01 6.49871886e-01 3.31637144e-01 7.41043985e-01
    1.24224067e-01 4.20032620e-01 4.31943238e-01 1.79195434e-01
    3.65648270e-02 3.05094510e-01 9.89116549e-01 2.52271950e-01
    1.89202011e-01 9.18541729e-01 1.51266992e-01 3.25127542e-01
    3.03155661e-01 6.26172006e-01 9.37673151e-02 9.14388597e-01
    4.42101955e-02 5.47540188e-02 5.31612039e-02 9.82764244e-01
    6.00215197e-01 3.93659741e-01 2.76660681e-01 5.87790310e-01
    7.31192708e-01 2.38540173e-02 4.34717447e-01 8.31359863e-01
    3.69271010e-01 2.24635959e-01 9.46150482e-01 3.69974911e-01
    7.90859699e-01 7.74928570e-01 3.61333489e-01 4.67826933e-01
    9.13736165e-01 4.27814037e-01 5.74978292e-02 8.52521896e-01
    3.71840447e-01 4.23997700e-01 7.61443198e-01 8.79867792e-01
    5.15565455e-01 1.50442213e-01 2.79530883e-03 9.24616158e-02
    1.24086738e-01 2.17065096e-01 7.22291172e-01 8.40159416e-01
    1.60024047e-01 8.48594069e-01 4.31801140e-01 2.41302580e-01
    4.85115469e-01 6.35139406e-01 6.09723389e-01 8.23742449e-01
    9.64090586e-01 3.91577303e-01 9.31011558e-01 3.82798135e-01
    1.94418669e-01 1.18017495e-02 7.76996851e-01 7.68735170e-01
    8.73948634e-01 7.04438806e-01 4.83410925e-01 7.76603818e-01
    5.79481363e-01 4.13484484e-01 3.26945573e-01 7.90127397e-01
    8.99514675e-01 8.17779183e-01 2.04576105e-01 9.37060356e-01
    4.93882984e-01 9.27649140e-02 9.92415130e-01 9.33165848e-01
    6.36257648e-01 1.79946810e-01 8.76674056e-01 4.74210858e-01
    3.82294923e-01 1.35212600e-01 8.40792298e-01 4.14653093e-01
    3.04338813e-01 8.82876515e-01 3.41339082e-01 2.83574760e-02
    9.43407893e-01 6.47139668e-01 6.71481371e-01 4.79729623e-01
    7.42097259e-01 3.91025364e-01 9.26040411e-01 5.72309375e-01
    2.85862684e-02 6.59611940e-01 4.56643552e-01 4.06711221e-01
    1.55909628e-01 9.02078032e-01 8.79631996e-01 5.15696824e-01
    7.20812798e-01 8.72677565e-02 6.83037043e-01 4.56733942e-01
    7.40661383e-01 1.41132116e-01 5.79643190e-01 5.57543755e-01
    2.34957248e-01 5.19544482e-02 7.52353430e-01 8.80878806e-01
    4.40749139e-01 8.04720163e-01 3.85580301e-01 9.52248573e-01
    6.21397436e-01 8.80493522e-01 4.94433135e-01 8.24757338e-01
    6.49806559e-02 5.47641516e-02 5.00593305e-01 6.67514741e-01
    4.47116375e-01 2.06968158e-01 5.50304830e-01 5.24975896e-01
    9.82808471e-01 9.62991476e-01 7.13589430e-01 2.84517348e-01
    2.61417925e-02 4.86535072e-01 8.95509720e-02 6.64594054e-01
    6.33870363e-02 4.44544047e-01 7.00602531e-02 6.78807914e-01
    7.60821939e-01 6.77517056e-01 8.07650924e-01 2.65858710e-01
    1.02345020e-01 9.70372438e-01 3.43608558e-02 1.43219799e-01
    9.28231895e-01 1.13311678e-01 8.14472914e-01 3.36316228e-02
    3.97205472e-01 2.49458522e-01 8.96396756e-01 7.14309812e-01
    2.89035678e-01 5.68550766e-01 1.45555854e-01 5.24188161e-01
    2.10129499e-01 3.42171669e-01 5.93046725e-01 5.80140173e-01
    3.76570523e-01 1.69474483e-01 8.15056562e-01 7.56385684e-01
    9.44083452e-01 7.96428323e-03 6.86888456e-01 8.34305167e-01
    9.80922282e-01 6.85339332e-01 5.24060845e-01 2.47710168e-01
    4.20621455e-01 8.50458860e-01 9.88030434e-03 9.51256096e-01
    3.27553213e-01 3.07126105e-01 9.43791151e-01 7.43518054e-01
    7.28067100e-01 1.43851191e-01 1.78845078e-01 4.87287700e-01
    9.25230980e-01 9.48621571e-01 1.65192813e-01 4.86010969e-01
    3.65698695e-01 7.56013393e-01 1.47408009e-01 6.00327849e-01
    7.04583526e-02 6.72999918e-02 9.45386231e-01 5.77273488e-01
    2.78523743e-01 6.69746399e-01 2.32928693e-02 4.79206949e-01
    8.66257250e-01 8.11955333e-01 9.71641064e-01 5.29927671e-01
    9.24506485e-02 4.56594825e-02 6.20377123e-01 6.81244493e-01
    2.30069578e-01 8.90448332e-01 7.91135669e-01 6.94640934e-01
    2.43503481e-01 4.63858634e-01 1.53720438e-01 1.61888599e-01
    3.37534755e-01 1.19259626e-01 1.37823224e-02 2.77350456e-01
    2.94109046e-01 2.95134217e-01 5.49020767e-02 1.41117573e-02
    6.36741459e-01 3.49977016e-02 9.61276710e-01 5.21975160e-02
    4.31992322e-01 5.11205971e-01 8.90240073e-01 6.25839651e-01
    9.88166928e-01 7.97018111e-02 2.03243613e-01 7.02096820e-02
    9.77817535e-01 1.15521699e-01 1.65816069e-01 8.20033967e-01
    5.94267130e-01 6.68372273e-01 5.56053102e-01 6.31950736e-01
    8.55794549e-01 7.85834193e-02 7.13802576e-01 4.67238635e-01
    6.06495023e-01 6.31140351e-01 8.66607904e-01 4.99508202e-01
    6.25335693e-01 6.23418212e-01 9.02001023e-01 5.47162354e-01
    9.71270800e-01 6.96861625e-01 7.50178993e-02 1.05155259e-01
    8.04357767e-01 7.44421721e-01 7.55027831e-02 7.82403946e-01
    8.07551265e-01 8.27643514e-01 8.64002049e-01 9.49369431e-01
    3.18132490e-01 7.47657776e-01 6.95959389e-01 2.24529386e-01
    8.17811489e-01 8.99997711e-01 2.84524620e-01 3.85096073e-01
    2.69122273e-01 9.90998864e-01 2.79392540e-01 4.34142828e-01
    4.28158343e-02 3.62070978e-01 4.66314971e-01 1.33925527e-01
    4.47463542e-01 7.79781342e-02 7.68274307e-01 7.20510244e-01
    7.02703536e-01 5.95252633e-01 9.06676054e-01 7.15527356e-01
    6.42458439e-01 5.03239691e-01 1.36832863e-01 9.70602393e-01
    6.91825151e-01 7.92514443e-01 9.78978693e-01 4.08298939e-01
    6.91951573e-01 9.36186790e-01 6.16544664e-01 6.46345615e-01
    8.81620586e-01 3.26177895e-01 1.23073429e-01 3.38972270e-01
    8.74752402e-01 8.49654078e-01 1.68878138e-01 2.87619591e-01
    2.60489106e-01 2.43410051e-01 9.81967449e-01 5.58584929e-01
    9.68340158e-01 9.26546514e-01 2.11462766e-01 4.36780751e-01
    2.93167531e-01 2.54079521e-01 6.88031375e-01 7.18500257e-01
    7.71093845e-01 6.82893634e-01 3.54023993e-01 5.35935640e-01
    9.96196985e-01 8.94012213e-01 3.57810974e-01 3.82751703e-01
    2.69115031e-01 1.16701663e-01 2.50853300e-01 2.49488413e-01
    5.64305723e-01 6.82183862e-01 6.41942441e-01 1.79507732e-02
    1.27694190e-01 5.17554283e-01 6.83918536e-01 5.83371460e-01
    9.87174034e-01 5.91082096e-01 4.14463490e-01 1.58915848e-01
    8.10840964e-01 1.27845049e-01 9.42984521e-01 3.09035599e-01
    8.12613666e-01 8.94366264e-01 5.02383292e-01 8.23241234e-01
    6.58324361e-01 7.98533618e-01 2.71431416e-01 7.32451677e-03
    9.10456538e-01 8.61121893e-01 3.58022869e-01 2.81680703e-01
    9.42345262e-01 3.47188950e-01 7.29003489e-01 5.41358471e-01
    2.18715936e-01 9.18539882e-01 3.24439943e-01 2.82627434e-01
    5.32615483e-01 2.24806607e-01 9.96898711e-01 2.80174702e-01
    3.31868887e-01 3.11577410e-01 6.04995847e-01 3.27075571e-01
    1.22733742e-01 2.39808410e-01 7.09976077e-01 9.12249804e-01
    4.54049408e-02 9.88727510e-01 9.34762657e-02 5.72305143e-01
    2.79891849e-01 6.98118925e-01 1.49959922e-02 7.50694513e-01
    6.26088142e-01 7.22939193e-01 9.24775302e-01 8.37531090e-02
    4.82585698e-01 9.02928710e-01 1.07344359e-01 4.23736542e-01
    7.44928718e-01 8.04635048e-01 3.48929554e-01 5.51365256e-01
    9.88295078e-01 2.98930079e-01 8.38002205e-01 1.53996021e-01
    6.59373820e-01 9.71120954e-01 2.39280879e-01 9.21886325e-01
    6.90563023e-01 1.07130557e-01 6.04546368e-01 9.09487307e-01
    3.16932321e-01 3.32400203e-01 6.19689286e-01 2.32595384e-01
    1.56438768e-01 6.04727447e-01 1.83193028e-01 6.11833036e-02
    6.99989796e-02 3.15577120e-01 9.07918513e-01 3.46549600e-01
    5.18019557e-01 2.15319753e-01 5.24363697e-01 3.55278403e-01
    2.30722785e-01 9.86329198e-01 5.46911716e-01 5.10101259e-01
    5.58125794e-01 2.68939018e-01 5.64877391e-01 2.97911346e-01
    4.58848327e-01 4.77134168e-01 7.92970419e-01 9.77727473e-01
    8.37373137e-01 1.73906982e-02 7.28092790e-01 9.13187623e-01
    9.69691217e-01 4.87913042e-01 3.79065037e-01 5.32242239e-01
    3.03221703e-01 2.63497770e-01 4.93953377e-01 1.03327096e-01
    2.79411674e-01 2.36243099e-01 3.30727696e-02 2.91655540e-01
    2.57757425e-01 8.48174334e-01 8.95074487e-01 3.02522957e-01
    2.78773963e-01 8.16009998e-01 6.72545195e-01 5.63811421e-01
    3.98277819e-01 8.20209026e-01 3.34714949e-02 9.68428254e-01
    1.65495396e-01 2.61852533e-01 2.99896836e-01 2.55158931e-01
    7.26306617e-01 2.87533522e-01 8.66457462e-01 3.00217032e-01
    4.89472628e-01 5.29122770e-01 1.78732306e-01 4.23914611e-01
    8.07872057e-01 9.04234409e-01 5.44678152e-01 6.55714631e-01
    9.34318841e-01 1.91530555e-01 5.49832284e-01 9.51408148e-01
    7.31013596e-01 2.67646372e-01 8.30776691e-01 1.24127239e-01
    9.38334048e-01 8.22174311e-01 4.37371492e-01 8.66586208e-01
    9.70752120e-01 5.94466209e-01 7.53879786e-01 8.64291430e-01
    3.37067902e-01 7.99891353e-01 8.76875639e-01 7.79540896e-01
    9.71622884e-01 2.23913789e-01 7.58467436e-01 4.21970487e-02
    1.36670828e-01 1.67158544e-01 5.28067827e-01 7.82434821e-01
    6.53190911e-01 5.66601217e-01 4.71388847e-01 1.61252081e-01
    4.41866815e-01 8.91047597e-01 2.62763679e-01 7.73862362e-01
    8.43008935e-01 6.10061407e-01 8.90252292e-01 3.29973400e-01
    3.33794296e-01 5.02831161e-01 8.55207741e-02 2.91897267e-01
    8.35286617e-01 2.05020010e-01 8.68888378e-01 5.86210489e-02
    3.01639140e-01 1.02343559e-01 6.35919750e-01 2.16538429e-01
    1.70499533e-01 5.12497723e-01 6.39308691e-01 2.94153333e-01
    7.28665888e-02 5.14254212e-01 7.61806130e-01 8.16394687e-01
    9.45565104e-02 8.15233231e-01 7.37605810e-01 5.98896861e-01
    2.63886780e-01 6.23740196e-01 6.26328945e-01 7.75817811e-01
    3.40070963e-01 4.89607871e-01 1.10225052e-01 2.85754383e-01
    2.03566134e-01 4.22552139e-01 4.69310075e-01 4.28966284e-01
    1.70982957e-01 7.98107386e-01 7.79387414e-01 2.53889948e-01
    4.99182642e-01 7.03695714e-01 7.47954547e-02 3.53544414e-01
    2.90731966e-01 2.96306252e-01 3.76301885e-01 6.35157585e-01
    9.01252866e-01 5.01215398e-01 8.32249641e-01 1.04649216e-01
    8.43429565e-03 4.82966542e-01 5.66707850e-01 2.12373883e-01
    8.54884982e-01 3.75643075e-02 2.27025360e-01 6.09033227e-01
    9.54506457e-01 9.05973613e-02 6.14266694e-01 8.58430505e-01
    5.35131395e-01 1.88794523e-01 4.11869258e-01 4.64505255e-01
    4.29848075e-01 6.28537238e-01 4.33960289e-01 6.36936665e-01
    2.57547855e-01 2.52261460e-02 9.05641675e-01 5.33682823e-01
    4.78435993e-01 3.50694954e-01 4.52015698e-02 6.14697933e-01
    9.92741585e-01 2.92739570e-02 9.61691260e-01 1.06900483e-01
    6.28437817e-01 1.15708888e-01 2.17765391e-01 1.58025205e-01
    8.63883197e-02 4.54139173e-01 8.42404664e-02 7.50572205e-01
    8.15817714e-01 1.76741928e-01 5.20140946e-01 6.16231501e-01
    7.81316280e-01 3.68925601e-01 2.74378359e-01 2.46829361e-01
    6.81305051e-01 4.01525378e-01 6.90058231e-01 9.66508627e-01
    2.80569792e-01 7.04666913e-01 2.76888072e-01 9.56567168e-01
    6.94855571e-01 3.02621305e-01 9.04689670e-01 7.84280777e-01
    3.77163798e-01 9.62025940e-01 5.05213559e-01 9.18799400e-01
    3.70788515e-01 7.24206805e-01 2.53099084e-01 4.92188036e-01
    7.71170557e-02 6.35754645e-01 8.09508622e-01 2.98390806e-01
    3.05948943e-01 4.17941302e-01 8.33487272e-01 4.47499603e-01
    4.35560733e-01 8.41762185e-01 8.28102767e-01 5.44698596e-01
    5.42678177e-01 1.10134184e-01 4.58112359e-02 5.53908646e-01
    6.28347397e-02 5.45737207e-01 7.40411282e-01 7.91809559e-01
    2.40100831e-01 7.45360851e-01 3.71560067e-01 1.09478533e-02
    5.79667568e-01 3.48437726e-02 4.04872656e-01 1.83994591e-01
    9.92076397e-01 8.50323796e-01 1.93691343e-01 9.16159391e-01
    7.50519872e-01 5.26207924e-01 7.18704760e-01 8.70925546e-01
    7.10751891e-01 7.44838655e-01 1.04604542e-01 8.89506340e-01
    3.67167413e-01 9.84913409e-01 1.22960508e-02 6.60328150e-01
    7.79244304e-01 7.50011802e-02 3.38841617e-01 1.11672074e-01
    9.45711732e-02 1.33521616e-01 3.13722968e-01 6.28983200e-01
    1.74921572e-01 8.73634815e-01 1.84297144e-01 2.30889231e-01
    7.43254125e-01 7.34147727e-01 7.20975041e-01 4.93136495e-01
    9.09577727e-01 3.56060266e-02 1.90619200e-01 6.96118176e-02
    3.65297973e-01 9.50414538e-02 4.18799818e-02 6.60877824e-01
    8.87819529e-01 7.19006836e-01 4.15997952e-01 7.87896216e-02
    4.23130572e-01 3.80784601e-01 1.74855500e-01 1.92462355e-01
    2.86689401e-01 2.53109038e-01 2.65867412e-01 2.00781584e-01
    1.94144964e-01 8.34628224e-01 1.84231520e-01 3.98299336e-01
    1.69291735e-01 5.26551425e-01 2.23629028e-01 6.68029010e-01
    5.72741926e-02 8.58314276e-01 1.12368762e-02 2.31916994e-01
    8.77120018e-01 2.27430910e-01 3.40001971e-01 9.02173042e-01
    7.95867443e-02 8.14303160e-01 8.25323462e-01 3.10833037e-01
    1.71715260e-01 8.99408758e-02 2.79173553e-01 8.56386542e-01
    3.40018272e-01 6.54663861e-01 1.64153516e-01 8.37630391e-01
    4.98479515e-01 2.45693773e-01 2.83870786e-01 2.23970801e-01
    2.90421754e-01 8.72667968e-01 6.53213382e-01 7.56908298e-01
    9.37562943e-01 2.90141225e-01 3.65294695e-01 1.17917717e-01
    9.50357258e-01 8.82539928e-01 8.90625238e-01 6.12872303e-01
    4.36197966e-01 2.70247161e-02 8.29945326e-01 6.60117745e-01
    9.22949910e-01 9.67327833e-01 9.88082767e-01 6.91887140e-02
    2.40211189e-01 4.22648787e-01 6.92134440e-01 1.78847015e-01
    5.49985647e-01 5.75783849e-01 4.76566225e-01 2.64038146e-02
    4.78645831e-01 9.15454745e-01 7.19803929e-01 7.87143409e-01
    9.80816722e-01 7.08587170e-01 3.37580055e-01 5.56631804e-01
    8.86504531e-01 9.51143742e-01 1.09158814e-01 6.34908855e-01
    8.12638402e-01 2.08026707e-01 3.05719972e-01 6.10745907e-01
    7.74484813e-01 9.17111456e-01 9.17512596e-01 4.36574578e-01
    1.47529095e-01 8.74088705e-01 8.51916075e-01 8.70887876e-01
    6.61761165e-01 2.90841043e-01 5.60863435e-01 1.62077367e-01
    6.85964465e-01 3.69971305e-01 1.33157611e-01 9.31935012e-02
    9.84889328e-01 4.40999568e-01 5.19883633e-03 3.47308576e-01
    1.55744255e-01 7.74982870e-01 5.84784806e-01 7.24588037e-02
    5.96064627e-01 7.51749516e-01 7.92786717e-01 6.29518926e-02
    7.17487454e-01 8.00792933e-01 4.28312659e-01 4.09118235e-01
    1.89400226e-01 8.44346762e-01 8.11980367e-01 2.49311268e-01
    4.61197793e-02 5.69395900e-01 1.83332622e-01 7.36055672e-01
    3.75034273e-01 5.48934877e-01 1.29086524e-01 4.43854839e-01
    6.23972356e-01 2.82755911e-01 8.00042152e-02 8.62118006e-01
    7.05938935e-01 8.86224151e-01 4.29412425e-01 4.75152224e-01
    2.25065619e-01 8.78273249e-01 3.64254415e-02 9.89739597e-01
    9.91799355e-01 5.86096108e-01 1.97620958e-01 6.99576855e-01
    7.77983606e-01 5.06950200e-01 4.88051176e-02 2.51946926e-01
    3.61366093e-01 7.65328288e-01 7.78071284e-01 9.51701045e-01
    7.72657394e-01 6.26259446e-01 2.70061314e-01 5.41257679e-01
    8.32079530e-01 9.03532386e-01 7.67396212e-01 8.90208662e-01
    6.90618157e-01 3.21649790e-01 4.26872313e-01 7.52842188e-01
    6.02494359e-01 1.82916254e-01 3.35640281e-01 6.87365055e-01
    4.26662445e-01 7.41967320e-01 6.19301081e-01 2.20877349e-01
    1.93166822e-01 4.82934713e-02 2.66377389e-01 1.44861937e-01
    9.14973736e-01 8.35717320e-01 7.90066123e-01 9.19546723e-01
    2.07593441e-01 6.00510240e-01 2.57598698e-01 1.97606832e-01
    1.81839287e-01 5.18645287e-01 6.23843849e-01 3.37945521e-01
    4.20706749e-01 1.11925513e-01 3.83949637e-01 4.57186848e-01
    6.64319217e-01 1.68866515e-02 3.24821651e-01 1.32383287e-01
    7.16791451e-01 3.70280981e-01 4.42570984e-01 5.70026278e-01
    4.79494810e-01 7.20093429e-01 5.87362111e-01 2.14370489e-01
    8.10288310e-01 4.85850871e-02 3.32005382e-01 5.59286714e-01
    2.12969869e-01 1.03319287e-01 7.53051162e-01 3.91750813e-01
    2.32542187e-01 4.04883802e-01 7.69351006e-01 3.47662508e-01
    5.08823395e-01 5.39417386e-01 1.60151124e-02 2.07075983e-01
    3.23523104e-01 3.25459749e-01 6.78838849e-01 6.36595845e-01
    1.17780328e-01 6.00365400e-02 3.63570303e-01 4.96738583e-01
    4.06359226e-01 2.96105683e-01 5.39310992e-01 8.68496358e-01
    9.13873494e-01 7.50430524e-01 3.43754292e-02 6.20098710e-01
    4.67559576e-01 7.70119727e-02 3.85141104e-01 8.60900462e-01
    6.94673836e-01 8.12809467e-02 7.49293208e-01 9.50517535e-01
    1.72168016e-03 7.64727712e-01 9.27075863e-01 6.31662905e-01
    9.59834039e-01 4.48111206e-01 8.25608671e-02 9.08344388e-01
    4.06815618e-01 5.75522184e-01 1.74839199e-02 5.76924443e-01
    1.32161766e-01 4.03624594e-01 7.97106743e-01 7.57902265e-01
    7.47177362e-01 5.17900705e-01 8.76173735e-01 2.24147826e-01
    7.35394478e-01 1.55347288e-01 1.91086680e-01 4.24689561e-01
    3.58647794e-01 6.61420763e-01 1.16495371e-01 7.60671616e-01
    8.17911744e-01 8.33562851e-01 6.16090357e-01 8.44196320e-01
    5.28245270e-02 3.64295959e-01 2.59901285e-01 8.93165708e-01
    5.51759183e-01 5.73210239e-01 2.10028112e-01 3.35460812e-01
    2.96901792e-01 1.83666706e-01 2.68033862e-01 5.24980247e-01
    8.75096321e-01 8.59426618e-01 6.13514245e-01 6.26237273e-01
    2.19337404e-01 8.96290421e-01 7.12239742e-01 6.34011269e-01
    7.69965351e-02 5.99898338e-01 3.60094011e-02 8.89369249e-01
    9.26351547e-01 7.93744206e-01 7.27492332e-01 8.09544325e-02
    9.15252864e-01 5.77675462e-01 4.61256087e-01 4.50877815e-01
    4.90420610e-01 7.17989504e-02 1.52185619e-01 9.23540115e-01
    9.85939324e-01 6.61608577e-01 4.64990139e-02 4.74932551e-01
    2.14934349e-03 9.88304734e-01 5.13621271e-01 5.43698251e-01
    2.28663176e-01 3.34190518e-01 9.03691769e-01 7.10703611e-01
    9.13762093e-01 7.43466616e-03 7.43919611e-01 6.02280259e-01
    5.94860852e-01 2.73026824e-02 9.93058860e-01 4.87845242e-01
    8.55223835e-02 7.82338142e-01 1.55885607e-01 2.68881142e-01
    2.32917249e-01 4.59112227e-01 3.84271502e-01 8.28390837e-01
    1.66868448e-01 1.03466809e-01 4.61123884e-02 4.80686367e-01
    8.10378551e-01 2.76278138e-01 2.56225377e-01 7.60609388e-01
    6.36858106e-01 8.68233979e-01 1.11303270e-01 1.28912628e-01
    7.55121827e-01 3.36228311e-01 2.91196465e-01 4.09438282e-01
    2.48761773e-02 6.32046461e-01 3.32064331e-01 7.05859065e-03
    6.76044405e-01 5.02818108e-01 9.79939461e-01 4.23238963e-01
    6.75690055e-01 8.00016165e-01 2.09524751e-01 1.66730016e-01
    1.07697099e-01 9.46509004e-01 8.14431787e-01 8.76904726e-02
    8.16520333e-01 7.57520676e-01 4.72411811e-02 8.63438725e-01
    5.28967381e-01 1.88644290e-01 6.81636095e-01 6.02982163e-01
    7.21549928e-01 9.41136360e-01 7.93255389e-01 1.50420666e-02
    2.73875177e-01 9.87935066e-01 1.05510324e-01 6.19122386e-03
    5.51145852e-01 6.72290325e-01 3.34149718e-01 7.58772552e-01
    8.16606343e-01 9.43841159e-01 5.56180835e-01 3.33487689e-01
    2.25274861e-01 5.63788354e-01 3.54077578e-01 7.14473784e-01
    7.14425266e-01 8.14957500e-01 7.64241815e-03 8.56913388e-01
    6.87956393e-01 9.05543923e-01 1.62761301e-01 9.52079535e-01
    8.98821056e-01 4.72701162e-01 2.74496526e-01 9.22815442e-01
    6.68144703e-01 4.01099205e-01 7.54026771e-01 8.13045621e-01
    4.18915093e-01 8.43239665e-01 5.33375204e-01 4.70131189e-01
    6.34631217e-01 5.14583528e-01 4.16181058e-01 8.25173020e-01
    8.89602304e-02 6.77997291e-01 5.05027235e-01 2.97137022e-01
    4.29580927e-01 9.44377005e-01 1.80472046e-01 4.94383603e-01
    2.36797065e-01 4.49804008e-01 3.32843542e-01 1.00497007e-01
    8.33376765e-01 4.76408750e-01 2.55289495e-01 3.98618460e-01
    1.87064022e-01 7.99830258e-02 3.21131527e-01 4.22352135e-01
    1.69478208e-01 7.29106307e-01 2.72277236e-01 8.81767750e-01
    5.38294613e-02 2.63389289e-01 5.53180754e-01 7.63571680e-01
    6.76988304e-01 3.37613165e-01 6.77540064e-01 6.08713686e-01
    2.25420535e-01 8.87036443e-01 4.12769288e-01 8.54124725e-01
    4.52503383e-01 4.35569435e-01 7.85627842e-01 6.09449208e-01
    6.52382910e-01 8.35649967e-01 7.75437415e-01 8.73249412e-01
    9.31274116e-01 2.66602635e-03 1.89488113e-01 6.95139647e-01
    2.80646801e-01 2.55615830e-01 2.69933581e-01 4.95882332e-02
    5.75635552e-01 9.83788371e-01 6.30555451e-02 3.96892846e-01
    4.99095500e-01 8.42571855e-01 5.27459681e-02 8.06728005e-01
    6.49188221e-01 6.22097373e-01 8.18052053e-01 9.84566689e-01
    2.24290371e-01 3.51175100e-01 8.03848386e-01 4.37478691e-01
    5.30408263e-01 3.16134393e-01 8.80771041e-01 9.54284847e-01
    4.85629082e-01 9.06905591e-01 6.21140718e-01 4.90779310e-01
    2.14321017e-02 7.83801794e-01 5.27554572e-01 8.26742530e-01
    2.20442802e-01 6.84562445e-01 3.82350683e-01 6.39193594e-01
    5.59568822e-01 9.13024187e-01 8.78128231e-01 3.37226689e-01
    7.65381813e-01 4.96263176e-01 3.54370177e-01 1.41772389e-01
    2.20526665e-01 8.56100082e-01 6.55737877e-01 5.31037331e-01
    8.74399424e-01 4.42741185e-01 2.76556224e-01 9.49944615e-01
    5.90641558e-01 9.96277988e-01 7.13420033e-01 5.91863513e-01
    6.76068485e-01 9.48902369e-01 9.08717871e-01 3.76914203e-01
    2.68517345e-01 9.79697585e-01 5.69833875e-01 5.51831722e-01
    2.88078725e-01 7.81486154e-01 5.41831315e-01 2.80214816e-01
    8.31552386e-01 7.72176147e-01 1.21382177e-02 2.80607402e-01
    7.75668859e-01 7.22529590e-01 3.47469866e-01 6.28796101e-01
    3.73341024e-01 1.17647678e-01 6.67049706e-01 8.37862253e-01
    7.73785233e-01 3.29637319e-01 9.19223547e-01 9.40814137e-01
    3.67923260e-01 5.18231392e-01 7.67182708e-01 1.40009284e-01
    5.27172327e-01 4.95498031e-01 3.45210761e-01 2.33641624e-01
    4.34689671e-01 1.67023391e-01 6.14395618e-01 6.82445049e-01
    1.50386900e-01 9.94204283e-01 6.17853880e-01 8.58491898e-01
    9.99691129e-01 1.83995903e-01 3.80920500e-01 9.97760653e-01
    4.12373722e-01 2.17666119e-01 9.68786716e-01 5.26552200e-01
    5.79167604e-01 1.12909645e-01 2.27732897e-01 3.00806820e-01
    4.16939557e-02 6.91636324e-01 9.35448527e-01 1.75472200e-01
    8.99193883e-02 4.76803958e-01 3.99537563e-01 1.99239135e-01
    6.52374506e-01 4.05098677e-01 8.21987629e-01 6.34177327e-01
    9.22011852e-01 5.88789582e-01 3.16350460e-02 4.56965029e-01
    2.83415556e-01 7.37587929e-01 8.04365516e-01 8.23568046e-01
    4.80346322e-01 5.53331852e-01 2.55532414e-01 4.94399816e-01
    8.14264715e-02 1.41838878e-01 7.04278469e-01 6.23928428e-01
    2.96702445e-01 3.76868725e-01 1.75737560e-01 7.36328959e-03
    6.44432187e-01 6.75595284e-01 8.12482178e-01 4.57897156e-01
    4.54477787e-01 2.68672854e-01 3.28814209e-01 3.70221674e-01
    8.20532620e-01 4.66273606e-01 7.10374355e-01 5.67007482e-01
    3.24088991e-01 1.94445759e-01 8.56056750e-01 9.58086252e-01
    8.99685502e-01 6.73875809e-02 7.26798832e-01 2.50550270e-01
    7.76535451e-01 7.14837551e-01 2.27583438e-01 5.00246525e-01
    1.19996965e-01 4.70016897e-02 9.75458503e-01 3.51379424e-01
    8.36900532e-01 8.73681426e-01 9.37169909e-01 1.54480129e-01
    2.88933992e-01 7.66355157e-01 5.35702467e-01 1.91376567e-01
    4.13287938e-01 1.40107006e-01 8.59123588e-01 4.38524485e-01
    9.36943412e-01 5.88695884e-01 2.95632362e-01 2.73110151e-01
    7.96045661e-01 1.66751504e-01 1.80977046e-01 2.76244879e-02
    1.38375789e-01 6.18535757e-01 4.80650604e-01 9.54569459e-01
    3.52108896e-01 7.65961170e-01 5.94359338e-01 4.45500880e-01
    6.31073058e-01 7.37184167e-01 9.23348486e-01 3.86132032e-01
    3.87383014e-01 8.41727138e-01 1.57377630e-01 5.57684898e-01
    7.90645421e-01 6.38075411e-01 9.45563972e-01 6.25213981e-03
    1.13204300e-01 7.09320605e-01 8.46716106e-01 2.51503229e-01
    8.68806541e-02 6.42011464e-01 4.34233546e-02 2.16696829e-01
    8.16787064e-01 9.72738147e-01 2.30843693e-01 3.41290534e-02
    5.20655394e-01 1.35112524e-01 7.00466514e-01 3.81583810e-01
    8.17707419e-01 8.59831154e-01 9.58581090e-01 2.19618052e-01
    6.41258359e-01 4.81227636e-02 7.40637481e-01 4.84918326e-01
    7.72251129e-01 2.86183327e-01 1.89592957e-01 2.95227170e-01
    1.85679793e-01 1.49750143e-01 2.86059856e-01 1.56112462e-01
    2.93931723e-01 9.79423761e-01 6.09708428e-02 1.94317967e-01
    2.49998778e-01 8.10037613e-01 7.83120573e-01 9.57539558e-01
    1.35997355e-01 6.99380040e-01 7.01333106e-01 4.00453568e-01
    2.74974734e-01 8.71923923e-01 1.21223509e-01 6.84318602e-01
    1.23575568e-01 8.46952319e-01 9.41309333e-01 1.87919945e-01
    8.17873955e-01 2.53976882e-02 9.04010415e-01 8.07922244e-01
    2.58353353e-03 6.28196478e-01 2.21116275e-01 7.25631893e-01
    6.08567119e-01 2.00800329e-01 1.56634122e-01 2.18967378e-01
    5.81823349e-01 9.15807962e-01 9.81482923e-01 3.71956587e-01
    8.84863138e-01 1.67272836e-01 3.54575813e-02 9.02141392e-01
    2.40787387e-01 2.23265022e-01 1.76541924e-01 4.40179139e-01
    6.40150309e-01 5.55557489e-01 5.90264261e-01 9.41287518e-01
    4.08439368e-01 4.29848731e-02 9.99739647e-01 5.81569254e-01
    8.61756086e-01 4.67090279e-01 3.99973929e-01 3.27732563e-01
    1.18041545e-01 4.64663744e-01 7.22814202e-02 3.33988905e-01
    3.49378794e-01 5.66814542e-01 2.93717504e-01 8.78448725e-01
    7.73463130e-01 9.23423827e-01 3.93321842e-01 9.48479116e-01
    8.72854352e-01 2.22300500e-01 5.00147581e-01 6.36388302e-01
    2.33575284e-01 2.85471797e-01 3.07573080e-01 8.13088655e-01
    9.98361349e-01 7.06439793e-01 8.88473868e-01 2.90697217e-02
    2.59799898e-01 5.82650602e-02 2.22778022e-01 4.88928944e-01
    4.10522461e-01 8.15841079e-01 3.00477266e-01 5.43569088e-01
    4.89623576e-01 4.61956501e-01 2.45998383e-01 5.89281619e-02
    8.44258010e-01 4.22284722e-01 7.85624564e-01 9.20399308e-01
    6.85248673e-02 2.94573486e-01 1.88266456e-01 8.86459708e-01
    7.04505205e-01 5.96013665e-01 2.31318772e-02 9.60471928e-01
    9.98901248e-01 3.20697010e-01 1.84394717e-01 6.88911319e-01
    3.46536934e-01 5.98740876e-01 8.61643851e-02 3.88056368e-01
    7.73761094e-01 1.59867406e-01 6.56399727e-01 2.91047812e-01
    5.27574778e-01 5.30592024e-01 7.99227715e-01 1.15725279e-01
    2.32486665e-01 6.44605100e-01 7.41091669e-02 3.12097222e-01
    8.39750707e-01 4.78753567e-01 7.21737742e-03 1.32422090e-01
    5.37736833e-01 4.00044143e-01 5.60750186e-01 6.35505319e-01
    7.92524040e-01 5.79699874e-02 8.80804241e-01 4.67154950e-01
    5.83973169e-01 4.70239252e-01 7.11296082e-01 7.49368489e-01
    4.95834589e-01 1.76259279e-01 8.03339481e-01 7.95370936e-01
    3.09624374e-02 5.89332581e-01 9.99557018e-01 7.50580192e-01
    7.29731798e-01 8.70521665e-01 8.29063058e-01 4.10283804e-02
    1.11729115e-01 6.72880769e-01 4.15632069e-01 8.39766145e-01
    5.57425380e-01 8.61532211e-01 4.67036098e-01 1.75428569e-01
    1.47929877e-01 6.39110208e-01 3.59529704e-01 7.35923290e-01
    1.62359536e-01 4.79156375e-02 5.15205085e-01 9.30382133e-01
    4.88740176e-01 1.44417852e-01 6.24351025e-01 1.18252933e-01
    8.53697300e-01 4.42950815e-01 1.13429844e-01 3.71479034e-01
    5.37607431e-01 4.78495687e-01 5.73804557e-01 4.63678390e-01
    8.68683219e-01 8.04880261e-01 8.37211609e-01 1.10861093e-01
    8.77994716e-01 8.34050536e-01 4.88674223e-01 4.09886986e-01
    1.25993460e-01 2.53660202e-01 3.52437675e-01 2.70950526e-01
    8.02351832e-02 2.29733437e-01 3.94342333e-01 5.80319047e-01
    1.22584462e-01 8.12319279e-01 5.81321836e-01 8.40178311e-01
    2.69832075e-01 4.62002128e-01 3.60481352e-01 6.13088727e-01
    6.69112802e-03 6.74586117e-01 1.11495793e-01 4.60903823e-01
    2.61124671e-01 9.56311703e-01 6.60003245e-01 1.83034360e-01
    2.06480324e-02 5.48213422e-01 5.95228374e-01 4.65499967e-01
    1.57476515e-01 2.87197530e-02 8.59511495e-01 1.97872072e-01
    4.25259352e-01 7.16887712e-02 4.49779749e-01 8.54427159e-01
    9.87405360e-01 5.05307376e-01 3.41184139e-01 8.61698627e-01
    7.87063122e-01 4.75397378e-01 8.20365369e-01 9.70426023e-01
    4.18350488e-01 4.07066047e-01 3.50730777e-01 5.73262334e-01
    2.71749496e-01 8.60899687e-01 6.08113885e-01 8.55602920e-02
    4.04002488e-01 8.39947045e-01 6.32876098e-01 6.55104339e-01
    4.00256693e-01 7.87290275e-01 7.40635753e-01 4.49791670e-01
    9.92491364e-01 9.67468202e-01 1.02644593e-01 1.13963008e-01
    9.59416807e-01 3.16313595e-01 7.22454429e-01 2.81825662e-01
    3.53226483e-01 4.36163843e-01 2.01091856e-01 6.01382077e-01
    6.93249762e-01 9.91204321e-01 6.97798669e-01 1.13308638e-01
    3.27225924e-01 9.25967574e-01 5.76451063e-01 4.11358118e-01
    6.54113412e-01 4.53395635e-01 5.83127141e-01 1.02085203e-01
    6.03924215e-01 1.94649667e-01 5.18453419e-01 2.11749673e-02
    4.00551528e-01 4.04097259e-01 1.42127097e-01 1.91864103e-01
    3.17119718e-01 5.00198543e-01 6.71508849e-01 2.13253856e-01
    4.11196887e-01 3.17834020e-01 9.17951941e-01 4.67793643e-01
    8.01395893e-01 4.46549624e-01 3.49703431e-01 4.24317718e-02
    5.09043932e-02 4.79354322e-01 7.03302979e-01 1.93437070e-01
    1.85973644e-01 6.52677298e-01 5.28290927e-01 8.86557221e-01
    5.06962419e-01 9.44059491e-01 4.44884360e-01 1.10478133e-01
    6.05357826e-01 5.05918443e-01 8.10371339e-02 6.47291362e-01
    4.90944088e-02 1.96137726e-02 1.87600613e-01 3.50200951e-01
    1.87251329e-01 5.85879803e-01 8.88629675e-01 4.20748174e-01
    7.58996367e-01 5.15744090e-02 2.90332258e-01 5.93524814e-01
    6.29869819e-01 5.99069059e-01 1.26767069e-01 9.51890826e-01
    4.48822975e-03 2.88662672e-01 1.59038097e-01 3.75221431e-01
    3.47185731e-01 2.02061921e-01 8.90910804e-01 5.35896659e-01
    7.30448365e-02 6.35287285e-01 6.40519261e-01 6.65099263e-01
    1.19006038e-01 3.81959081e-01 3.27471793e-01 3.77274722e-01
    8.27367783e-01 2.69112140e-01 9.03074026e-01 4.38776046e-01
    2.98482656e-01 6.60449147e-01 5.44767380e-01 5.69806576e-01
    8.47461224e-01 1.52015328e-01 7.23234475e-01 4.97744381e-01
    8.74952793e-01 4.15221155e-01 2.57058144e-01 6.12293124e-01
    2.99938440e-01 2.41556853e-01 4.87949848e-01 3.26117039e-01
    3.30997795e-01 1.29030257e-01 1.00420982e-01 7.85986245e-01
    5.30794799e-01 9.77949619e-01 7.06334591e-01 2.11311966e-01
    5.70693552e-01 7.41932392e-01 7.29036450e-01 3.61830473e-01
    3.45205218e-01 8.64112616e-01 6.33015633e-02 7.54195929e-01
    7.65080154e-01 3.49916071e-01 3.19307446e-01 9.86401200e-01
    7.05990970e-01 1.67882711e-01 1.14421457e-01 8.12646151e-02
    2.51335561e-01 5.86237907e-01 8.33287239e-01 5.25966406e-01
    4.41741586e-01 6.00720882e-01 9.12279367e-01 4.52032745e-01
    5.23613572e-01 5.05271018e-01 7.91174471e-01 3.26924920e-01
    5.42955816e-01 6.05230927e-02 3.51068079e-02 3.77425849e-02
    7.15030372e-01 6.04077220e-01 8.73502493e-01 6.17275238e-01
    5.40195465e-01 5.40111244e-01 9.94560421e-01 1.48291290e-02
    8.20392668e-02 6.68177247e-01 8.33986402e-01 3.42116892e-01
    4.68018621e-01 2.81517625e-01 6.32105350e-01 5.78701854e-01
    9.14585471e-01 8.98753107e-01 3.48377794e-01 7.89366961e-02
    5.94021618e-01 6.28583729e-02 4.55840945e-01 6.40788078e-01
    2.19099402e-01 4.36418056e-01 6.53300941e-01 6.95715249e-02
    2.80261695e-01 5.07240415e-01 9.46095407e-01 5.25257528e-01
    6.94422662e-01 2.85905749e-01 9.57228303e-01 6.88317776e-01
    1.98776782e-01 2.30404288e-01 2.43290573e-01 4.46942210e-01
    5.38813174e-01 8.97624433e-01 9.12386596e-01 2.68788576e-01
    6.81598306e-01 7.32105017e-01 8.37973475e-01 1.09331816e-01
    9.56317663e-01 7.27545619e-01 6.89628482e-01 2.37221539e-01
    6.86025560e-01 1.45078361e-01 7.69890070e-01 1.92108482e-01
    9.85770226e-01 7.99197853e-01 9.58601952e-01 4.59165514e-01
    2.21932828e-02 8.81878495e-01 9.26586270e-01 2.18898416e-01
    1.83959723e-01 8.71980369e-01 2.40319043e-01 3.33164334e-01
    4.17103171e-01 6.16220832e-01 8.76253009e-01 2.70702064e-01
    4.76501405e-01 9.15069818e-01 2.00996101e-01 4.39821243e-01
    4.03701425e-01 9.27143574e-01 7.38500834e-01 4.46104795e-01
    5.64932346e-01 5.46840012e-01 1.41174942e-01 3.56425047e-01
    7.04097033e-01 9.72421050e-01 4.96413618e-01 4.79123682e-01
    2.08933324e-01 6.00934148e-01 4.66344029e-01 2.22386718e-01
    2.49365568e-02 7.29399800e-01 4.04206455e-01 4.97941881e-01
    1.87005758e-01 4.75554973e-01 9.64572072e-01 7.80887961e-01
    5.70180178e-01 3.12593579e-03 2.67731816e-01 4.60994571e-01
    8.76946449e-02 2.91326344e-01 2.44742453e-01 5.80275953e-01
    5.19762337e-02 8.29092443e-01 4.04696196e-01 6.15525246e-01
    2.22750396e-01 7.49604464e-01 2.30914533e-01 4.73853946e-03
    1.03079200e-01 4.69531417e-01 2.98717439e-01 7.61969090e-01
    1.62347019e-01 8.63482356e-01 8.00581336e-01 3.61612618e-01
    2.70357370e-01 7.15868592e-01 3.53196681e-01 2.94170678e-01
    3.92886430e-01 2.51560777e-01 4.34172630e-01 3.33117425e-01
    2.25838304e-01 8.16582143e-02 6.61034822e-01 7.84095526e-01
    6.44550323e-01 3.04315686e-01 1.87166780e-01 7.37698674e-01
    7.90005744e-01 7.26784825e-01 1.60466105e-01 7.07875848e-01
    5.28214753e-01 4.36364889e-01 1.48655504e-01 1.75104976e-01
    4.60713506e-02 7.70640135e-01 2.00591892e-01 8.62523675e-01
    8.16973329e-01 6.65351331e-01 4.41133440e-01 8.76656950e-01
    1.21775955e-01 8.55796039e-01 3.48019719e-01 4.60933536e-01
    7.69479871e-01 3.55883420e-01 5.40362835e-01 9.54388559e-01
    6.55059755e-01 3.81719202e-01 5.11184275e-01 5.01969934e-01
    2.80272067e-01 1.92173332e-01 7.23485589e-01 9.08388317e-01
    3.06702256e-02 2.40875632e-01 8.96771312e-01 5.60071051e-01
    5.69755852e-01 9.25809443e-02 5.89664340e-01 5.88605583e-01
    7.76112676e-01 3.57339323e-01 9.27920640e-02 4.92654532e-01
    4.48624492e-02 6.41845703e-01 7.47713089e-01 4.21213448e-01
    5.79462588e-01 8.00746858e-01 5.66057146e-01 1.72849506e-01
    6.21332228e-01 6.35868907e-01 8.14266801e-01 4.15243208e-01
    7.53485322e-01 4.31166947e-01 4.80820060e-01 4.99810457e-01
    7.03932166e-01 7.79214740e-01 9.12880898e-01 3.30637336e-01
    8.84368956e-01 7.82191992e-01 3.50925416e-01 9.45287347e-01
    6.54383302e-01 8.49890709e-01 4.02475595e-01 7.46614456e-01
    3.67977738e-01 6.73138022e-01 5.64742327e-01 1.89718485e-01
    3.24905127e-01 4.33462083e-01 2.84151286e-01 3.01245213e-01
    1.70364380e-01 3.93308699e-01 9.25492942e-01 5.35556734e-01
    8.29753995e-01 7.65267730e-01 6.32007539e-01 4.51501101e-01
    4.06222671e-01 8.06228161e-01 9.82001424e-02 9.56853986e-01
    8.81921947e-02 7.16526031e-01 6.48994088e-01 4.50649202e-01
    4.41912413e-02 5.93465745e-01 1.97693557e-01 3.50137681e-01
    8.79842401e-01 5.62841296e-02 4.64353055e-01 4.30738002e-01
    9.47911024e-01 4.54348922e-02 6.56116009e-01 6.41675115e-01
    2.71083862e-01 4.04436946e-01 5.42577028e-01 8.18107426e-01
    7.81721830e-01 5.75661957e-02 8.34547281e-01 8.05580378e-01
    1.74045473e-01 2.59227633e-01 6.40742421e-01 5.79022527e-01
    5.20868003e-01 9.27645862e-01 5.12688816e-01 1.06870949e-01
    2.00608104e-01 9.92700815e-01 2.34308660e-01 9.48514819e-01
    3.11251223e-01 7.60831594e-01 2.50730932e-01 4.81886834e-01
    5.62843204e-01 4.20482904e-01 9.02468443e-01 1.64708138e-01
    9.51292634e-01 1.64013505e-01 7.12522626e-01 9.68902111e-01
    6.12567723e-01 9.49235082e-01 7.29788423e-01 4.70243156e-01
    7.37042367e-01 2.95222342e-01 9.90988076e-01 2.75555968e-01
    1.17152601e-01 8.78437757e-02 7.98632920e-01 1.68202430e-01
    5.67272544e-01 8.34383190e-01 3.77236307e-02 8.74189973e-01
    6.41592085e-01 7.80815661e-01 7.89690137e-01 3.69193077e-01
    7.43562818e-01 2.45333731e-01 3.50930184e-01 4.76014137e-01
    6.39905453e-01 6.72036469e-01 4.20435607e-01 8.98543596e-01
    3.57375026e-01 8.58665228e-01 3.26096535e-01 2.74787545e-01
    1.04238421e-01 2.15353608e-01 5.50086379e-01 6.98180735e-01
    6.51685357e-01 7.15582967e-01 8.65532756e-01 5.19933701e-01
    6.36912882e-01 6.33472204e-02 9.26735401e-01 5.38435757e-01
    3.43874276e-01 8.99351180e-01 1.13101542e-01 9.45339143e-01
    1.05280995e-01 1.81643248e-01 5.09955704e-01 8.55419219e-01
    9.26352739e-02 2.26160735e-01 4.49887574e-01 9.81502831e-01
    1.36347353e-01 9.62474644e-01 8.91253650e-02 1.34478360e-01
    9.50200319e-01 4.11636353e-01 3.21719140e-01 6.37057662e-01
    2.73983002e-01 2.33949482e-01 5.78379810e-01 3.23842704e-01
    3.43348026e-01 1.03016198e-02 6.54537559e-01 1.37879848e-01
    6.35666847e-01 3.31352115e-01 4.36722934e-01 1.99617445e-02
    1.72131479e-01 2.29036480e-01 9.96991873e-01 7.78034568e-01
    4.53663468e-02 1.68964118e-01 1.94662601e-01 7.94656515e-01
    3.77719700e-01 8.04894686e-01 4.06655818e-01 4.06351089e-02
    2.54330039e-03 6.27658129e-01 3.69833827e-01 2.77254820e-01
    5.06620526e-01 6.08601332e-01 8.99020970e-01 8.50278854e-01
    2.28280514e-01 8.87140930e-01 2.84015924e-01 8.54266286e-01
    6.35712981e-01 8.21698666e-01 9.85075176e-01 8.47285151e-01
    6.47117198e-01 7.44001269e-01 1.66846454e-01 8.13628733e-02
    9.64820027e-01 9.85725284e-01 9.76831913e-01 2.72478253e-01
    9.57760334e-01 9.78253841e-01 3.80642444e-01 9.63344216e-01
    3.00427496e-01 9.68744874e-01 9.46213365e-01 8.28929126e-01
    5.61700881e-01 7.75239706e-01 3.65828156e-01 5.00691473e-01
    3.78858358e-01 7.02536225e-01 3.28990936e-01 6.05892539e-01
    3.76977444e-01 4.71084177e-01 5.86848438e-01 9.92840171e-01
    2.36718297e-01 3.29526812e-01 9.75419700e-01 4.68137860e-01
    3.21561068e-01 2.25842476e-01 2.83003926e-01 2.52075851e-01
    7.92617559e-01 5.72125316e-02 7.71226823e-01 1.72426790e-01
    3.80573988e-01 3.52706492e-01 3.95246327e-01 2.43885458e-01
    9.79571164e-01 9.78131413e-01 9.44994748e-01 3.14239264e-01
    6.86242700e-01 9.39093828e-02 4.68930006e-02 7.74948001e-01
    2.66263306e-01 5.08979142e-01 1.47428334e-01 7.01883912e-01
    9.21475410e-01 7.58847594e-01 2.11646944e-01 1.29907668e-01
    7.94358850e-01 7.47445405e-01 5.17978609e-01 2.26250589e-01
    1.57787442e-01 1.56812042e-01 3.68929416e-01 9.71081197e-01
    4.41058159e-01 7.52219796e-01 9.73112166e-01 1.88883156e-01
    8.13859701e-01 3.86968315e-01 1.19534135e-03 9.24287438e-01
    4.63336855e-01 7.64539242e-01 9.88224506e-01 7.98281789e-01
    3.06273937e-01 4.22346264e-01 7.57592916e-03 6.36245310e-01
    1.47953838e-01 2.59775043e-01 3.46905053e-01 2.70407677e-01
    8.01329017e-01 5.04270256e-01 1.08212262e-01 8.98923278e-01
    8.70275021e-01 7.72517085e-01 7.16827393e-01 7.51734078e-01
    2.31363773e-02 6.83852673e-01 9.53344524e-01 6.83047891e-01
    6.96469367e-01 8.48324239e-01 7.11208820e-01 7.42796898e-01
    3.04079860e-01 7.24905729e-01 2.98076689e-01 1.46290958e-02
    5.66179574e-01 8.06508064e-02 9.75270629e-01 2.06369191e-01
    5.15430927e-01 8.35962772e-01 6.15246296e-01 5.73831081e-01
    5.38235366e-01 4.05018032e-01 4.28572774e-01 2.69905120e-01
    2.89431989e-01 4.93306726e-01 9.24099326e-01 4.97269034e-01
    1.77199483e-01 2.21971035e-01 6.43350482e-01 6.23326778e-01
    7.00443685e-01 1.11156464e-01 6.29311502e-01 5.91880977e-02
    8.37898254e-02 8.97328377e-01 3.78352463e-01 3.89265448e-01
    4.82912838e-01 5.41103959e-01 4.64609712e-01 3.32126260e-01
    1.63478583e-01 1.34754986e-01 5.19675612e-01 1.60819501e-01
    7.69530177e-01 9.25657094e-01 3.78499389e-01 7.32027233e-01
    7.82965899e-01 1.37028307e-01 2.28722334e-01 4.45502251e-01
    1.82066679e-01 5.53008616e-01 2.35504627e-01 7.98451602e-02
    3.24707747e-01 9.26825166e-01 8.11434388e-01 3.55979025e-01
    1.12898946e-02 5.35169423e-01 3.38608265e-01 4.57007706e-01
    2.01362759e-01 6.51051760e-01 7.98007727e-01 9.79541063e-01
    6.30386353e-01 5.35667896e-01 5.68440378e-01 2.44948953e-01
    9.51421261e-03 2.10987091e-01 1.86075270e-02 8.23310018e-01
    6.54120147e-01 4.08740938e-02 1.52933598e-02 3.55299234e-01
    2.12435126e-01 4.87940222e-01 9.77900088e-01 8.78107309e-01
    7.31721520e-01 3.91085565e-01 8.13962281e-01 7.09190726e-01
    1.81403458e-01 6.46352172e-01 6.02015376e-01 7.20487058e-01
    2.84380943e-01 8.12824607e-01 3.57748747e-01 3.17242026e-01
    1.99356526e-01 9.27724004e-01 3.58118057e-01 6.50933504e-01
    6.45872414e-01 2.67318755e-01 8.79033446e-01 1.79212332e-01
    6.65455937e-01 6.12999260e-01 6.16425395e-01 3.90883148e-01
    2.28033245e-01 4.64434385e-01 7.57090330e-01 3.64694297e-01
    8.98140550e-01 1.17000371e-01 9.44429755e-01 9.19575274e-01
    6.24947131e-01 6.84013963e-01 4.68459964e-01 5.81409574e-01
    4.44791317e-02 1.36109799e-01 6.16574645e-01 3.22943300e-01
    1.77535534e-01 6.27100170e-01 3.11755270e-01 2.00083256e-01
    4.51609254e-01 2.96872199e-01 5.40125430e-01 1.71108812e-01
    7.22450674e-01 8.43397498e-01 7.58214474e-01 3.16241741e-01
    5.24083018e-01 1.19968474e-01 1.09954476e-01 3.50527406e-01
    8.49344254e-01 6.42200232e-01 1.91323280e-01 3.99983257e-01
    4.18820918e-01 6.80413485e-01 8.97899449e-01 4.38447148e-01
    1.61343306e-01 7.04437613e-01 8.69233131e-01 2.90352464e-01
    2.62604773e-01 2.58882761e-01 6.90609396e-01 4.65597451e-01
    8.13547134e-01 7.31003523e-01 9.83221710e-01 3.55104208e-01
    9.57987666e-01 6.62641764e-01 3.37655783e-01 4.59584236e-01
    4.80209231e-01 1.32239550e-01 1.60438180e-01 2.50875175e-01
    7.71250248e-01 6.36022389e-01 8.76879096e-01 5.60434580e-01
    3.02724242e-02 2.35832959e-01 2.33685523e-01 2.96005428e-01
    2.34091818e-01 9.40292358e-01 3.50694358e-01 1.67100251e-01
    9.09728289e-01 2.04545170e-01 5.48862457e-01 8.54520440e-01
    4.61457133e-01 7.39223659e-02 4.44695115e-01 9.39894676e-01
    2.07485497e-01 8.13304186e-01 8.74797523e-01 7.12291539e-01
    4.50109780e-01 6.74304366e-01 7.52757072e-01 1.76081657e-02
    7.29930162e-01 3.74109387e-01 7.29280055e-01 5.94947040e-02
    1.31886482e-01 8.22852492e-01 4.20125753e-01 3.53564918e-01
    2.27007836e-01 5.73178470e-01 8.59762907e-01 3.35569859e-01
    7.98447371e-01 3.42957497e-01 6.18373215e-01 7.32171595e-01
    6.56241655e-01 1.68703645e-01 9.94931281e-01 3.94530594e-02
    1.34208798e-02 6.02314651e-01 7.22930670e-01 8.29993606e-01
    2.93323427e-01 2.44170308e-01 6.70728385e-01 1.88945442e-01
    9.93273973e-01 8.00013125e-01 4.95293975e-01 5.10228395e-01
    5.29668510e-01 2.38979131e-01 4.18955803e-01 2.19052643e-01
    8.23125720e-01 2.85558283e-01 8.82866681e-01 7.69800186e-01
    3.63844633e-01 4.22803998e-01 6.95819199e-01 2.38182247e-02
    6.82682335e-01 1.72600806e-01 1.79413080e-01 1.58875793e-01
    1.91703498e-01 6.76587343e-01 1.75405979e-01 6.29984319e-01
    5.72878182e-01 5.47510624e-01 5.29063225e-01 5.14258027e-01
    2.32942104e-02 5.05194783e-01 6.19922280e-01 2.87970006e-01
    9.42574739e-02 6.43400729e-01 8.93349528e-01 9.94941890e-01
    1.79232150e-01 7.75584877e-02 8.51057351e-01 4.86330867e-01
    2.28806853e-01 6.16191626e-01 1.24295235e-01 4.85048890e-01
    3.09653878e-01 7.14961827e-01 1.83276594e-01 3.76969278e-02
    1.09444857e-02 5.99344850e-01 4.99594420e-01 8.88807535e-01
    6.13586068e-01 2.90589929e-01 1.39773905e-01 1.12345815e-03
    7.16538727e-02 7.21809268e-03 3.16569477e-01 4.94665593e-01
    4.53421623e-01 4.44170803e-01 6.12874627e-01 2.08286554e-01
    3.03593308e-01 5.22050560e-01 8.38561356e-02 2.00375259e-01
    9.74127769e-01 3.25562507e-01 6.34944975e-01 4.35827434e-01
    4.47427660e-01 9.18203831e-01 1.22128159e-01 3.28276217e-01
    3.45022321e-01 9.95838046e-01 8.75372052e-01 2.52742171e-01
    9.52626705e-01 7.23114371e-01 7.28842616e-02 8.31625700e-01
    8.23740244e-01 5.94598055e-01 1.89702541e-01 9.68782187e-01
    1.07420594e-01 5.70027292e-01 9.32365060e-02 1.75975800e-01
    2.57288218e-01 8.91196370e-01 1.35385126e-01 9.36676741e-01
    1.80346251e-01 6.43422484e-01 9.62306798e-01 9.92149472e-01
    2.58267820e-01 1.30838454e-01 2.87305593e-01 9.01872993e-01
    9.79430616e-01 3.41727436e-01 7.87156641e-01 5.23262024e-01
    8.81450772e-01 8.24330747e-02 3.14103246e-01 1.45708442e-01
    7.19528913e-01 4.76386845e-02 7.40723312e-01 1.57399178e-01
    5.14025331e-01 7.66160131e-01 6.54432774e-01 6.45223081e-01
    3.81025106e-01 3.24179113e-01 8.49717498e-01 4.49387401e-01
    2.92959839e-01 5.45361876e-01 1.31545454e-01 8.03889155e-01
    2.82133341e-01 4.14277345e-01 9.21456456e-01 9.54886556e-01
    7.29815364e-01 7.26278901e-01 9.66992676e-02 6.08233333e-01
    8.22074115e-01 4.38409328e-01 1.95110530e-01 2.92455435e-01
    9.25052166e-02 4.36491668e-01 3.53624225e-01 9.13315237e-01
    9.12495375e-01 8.93861532e-01 1.46921575e-01 6.36196375e-01
    7.55136728e-01 6.94433987e-01 2.81889766e-01 2.60466516e-01
    1.54644877e-01 5.89558244e-01 3.40584189e-01 7.06232488e-02
    4.51167494e-01 1.39309883e-01 8.53668988e-01 2.72966772e-01
    7.22769499e-01 4.09414232e-01 2.93849409e-01 4.93240446e-01
    2.88164824e-01 2.37961024e-01 7.23875165e-01 8.71550024e-01
    3.59524369e-01 7.40781903e-01 4.04619098e-01 1.31734163e-01
    9.77071941e-01 4.00136620e-01 3.28250587e-01 2.60165930e-02
    6.48027778e-01 2.44609743e-01 9.65493381e-01 6.07205153e-01
    2.03008085e-01 1.70714915e-01 6.74832046e-01 4.96302217e-01
    9.01389480e-01 3.91287059e-01 6.74637437e-01 8.24402750e-01
    9.34288383e-01 6.80897832e-01 3.10574055e-01 7.96412349e-01
    5.91299593e-01 8.59795690e-01 3.54176849e-01 8.10879648e-01
    2.50403583e-01 2.59318173e-01 9.77477968e-01 5.73615730e-01
    9.86587882e-01 9.66827393e-01 2.18395472e-01 5.34089506e-02
    1.89025193e-01 4.16880459e-01 2.41260648e-01 1.60089612e-01
    5.85891306e-02 5.05702257e-01 6.49904013e-02 6.81689143e-01
    4.92773980e-01 3.02138627e-01 5.74096739e-01 4.16935235e-01
    9.20704961e-01 4.82486457e-01 3.61418247e-01 5.81330597e-01
    8.02197516e-01 5.95170498e-01 5.59247851e-01 2.76664764e-01
    4.66374010e-01 9.98993218e-01 7.47281909e-01 8.36818337e-01
    6.57596886e-01 3.33463848e-02 3.92080098e-01 2.47238755e-01
    1.65321141e-01 4.15503263e-01 9.69081402e-01 8.16117585e-01
    4.83562946e-01 9.16842103e-01 3.46500695e-01 3.98416698e-01
    8.59489679e-01 6.28792346e-01 5.68895698e-01 2.11545497e-01
    8.55166376e-01 8.26388836e-01 9.88504291e-02 8.91675174e-01
    5.68479359e-01 6.74569368e-01 5.35521388e-01 5.46040237e-01
    6.26751840e-01 3.93133193e-01 2.93901175e-01 6.43496752e-01
    8.25798392e-01 1.17460251e-01 7.54919469e-01 9.78139877e-01
    3.44632387e-01 5.51403284e-01 5.57745337e-01 3.31683785e-01
    7.66654611e-01 8.81625354e-01 4.01987016e-01 9.48836565e-01
    1.30964935e-01 3.74032348e-01 6.33841872e-01 4.18442875e-01
    2.02150673e-01 7.86605477e-03 9.75004852e-01 1.28481328e-01
    6.18969381e-01 4.62070405e-01 9.37526047e-01 3.14134359e-01
    3.78784388e-01 7.90291548e-01 9.46712375e-01 2.72213638e-01
    2.00445294e-01 4.56010073e-01 5.04720509e-02 8.90979767e-02
    9.89083648e-01 8.15777779e-01 2.73112208e-01 8.12528253e-01
    7.12292492e-02 4.60592538e-01 7.35232532e-02 3.28921497e-01
    1.11515343e-01 1.60442531e-01 8.80646348e-01 2.50303149e-02
    9.71468449e-01 9.80070829e-01 9.04541910e-01 2.92054266e-01
    5.18826306e-01 9.86762643e-02 3.95211101e-01 8.76328170e-01
    4.08714265e-01 2.62806714e-02 7.68136621e-01 7.33189285e-01
    1.33445680e-01 6.63968325e-01 5.37705958e-01 9.60952580e-01
    3.31076980e-03 4.40723509e-01 7.25186348e-01 2.17332155e-01
    7.90087104e-01 8.38226140e-01 8.82137299e-01 6.34970188e-01
    7.42063224e-01 8.87919664e-01 9.54437971e-01 1.36145204e-01
    1.54371679e-01 7.23053336e-01 4.18874383e-01 4.31136787e-01
    2.09788084e-02 1.76058114e-01 5.85254550e-01 9.24971581e-01
    6.80124164e-01 5.41160405e-01 1.07469112e-01 8.86158645e-01
    9.40516353e-01 8.83500099e-01 3.04548621e-01 2.88054049e-02
    7.19617844e-01 8.44074368e-01 8.88570368e-01 2.46956110e-01
    5.03358901e-01 5.39280653e-01 3.11758608e-01 9.80133474e-01
    8.60355020e-01 8.34282637e-01 1.59446657e-01 7.18214929e-01
    2.73031920e-01 9.82050836e-01 2.94160157e-01 5.42682946e-01
    3.45140636e-01 4.54676181e-01 7.37087727e-01 9.46429253e-01
    7.02019691e-01 5.01470029e-01 7.63580501e-02 7.32629180e-01
    5.67335010e-01 8.77085626e-02 6.34833038e-01 8.38320732e-01
    9.24931884e-01 4.74861264e-01 2.02298164e-01 6.38926327e-02
    9.71594691e-01 9.30935025e-01 1.98832065e-01 6.03805184e-01
    3.67775291e-01 2.40890086e-01 9.63040709e-01 8.79233956e-01
    2.53217459e-01 5.97962856e-01 5.24858475e-01 6.75466657e-02
    2.19641685e-01 9.84194458e-01 7.74279118e-01 6.70578778e-02
    6.43205583e-01 8.44920874e-01 2.12024450e-01 9.05287981e-01
    7.58730173e-01 6.88714981e-01 3.83569777e-01 6.64663196e-01
    4.20852393e-01 2.67783850e-01 1.47005588e-01 6.93163693e-01
    3.66279781e-02 3.21321130e-01 9.21526790e-01 4.06088233e-02
    3.68230045e-02 6.70947790e-01 1.80163115e-01 9.82875526e-01
    5.51608026e-01 3.36993754e-01 6.88078403e-01 6.44414485e-01
    7.04169691e-01 5.93611479e-01 8.05197835e-01 2.69981891e-01
    1.45221293e-01 9.10506845e-01 8.54974329e-01 9.34297919e-01
    7.80244470e-01 1.51338816e-01 5.85285306e-01 1.20740980e-01
    5.25344610e-01 1.92011595e-01 5.27747571e-02 2.52923965e-01
    4.52553034e-02 7.96998143e-01 5.76297224e-01 5.18700957e-01
    2.97006339e-01 4.78771687e-01 5.73125243e-01 9.94003534e-01
    3.63701880e-02 1.77149594e-01 8.94401968e-01 2.60099709e-01
    4.43224311e-01 1.26769334e-01 2.09754229e-01 3.69031608e-01
    4.48282778e-01 6.33553147e-01 3.14231217e-02 6.56391084e-01
    6.90403521e-01 1.51878297e-02 1.46324575e-01 2.56647140e-01
    8.99311304e-01 6.20384574e-01 1.21880591e-01 4.00269210e-01
    2.34970659e-01 4.29531038e-01 4.55036312e-01 5.74915111e-01
    8.48277450e-01 7.68527448e-01 5.88192999e-01 1.78061873e-01
    5.10717213e-01 5.23535669e-01 6.10712528e-01 8.13218951e-02
    6.20404422e-01 9.95098948e-01 9.01399970e-01 5.18025458e-01
    9.31813002e-01 2.54030555e-01 5.34460127e-01 5.94383001e-01
    5.20849764e-01 3.30174625e-01 4.05419409e-01 8.31795037e-02
    9.11638796e-01 1.79183632e-01 3.56155038e-01 3.03773254e-01
    3.36247981e-01 4.43359286e-01 5.39999604e-01 9.86476779e-01
    5.21039248e-01 2.56075859e-02 8.90831590e-01 5.21843731e-02
    4.05395359e-01 1.47933900e-01 9.09894586e-01 8.80680203e-01
    5.10535359e-01 6.10710979e-01 9.99722242e-01 9.51916277e-01
    3.05115461e-01 3.35856795e-01 2.63189614e-01 7.13424385e-01
    3.53820950e-01 6.82739317e-02 2.36728907e-01 5.17332554e-02
    3.78570199e-01 4.03329402e-01 4.70966011e-01 5.83475173e-01
    9.76704955e-01 3.94318759e-01 5.58602810e-01 3.46198469e-01
    9.61717725e-01 7.76795149e-01 4.95858550e-01 4.48832512e-02
    3.00012589e-01 5.28207362e-01 8.06549191e-03 8.97867799e-01
    1.25190258e-01 8.84547532e-01 1.04617119e-01 5.71792424e-01
    3.00592363e-01 3.41252178e-01 2.09176540e-03 2.78598905e-01
    1.60148352e-01 2.31957674e-01 8.28211188e-01 1.97383612e-01
    8.48250151e-01 3.31129193e-01 3.29085648e-01 2.66064912e-01
    8.32640529e-01 2.13742465e-01 3.72817814e-02 6.55598700e-01
    8.21681559e-01 3.05783153e-02 6.20478451e-01 9.24834073e-01
    1.24227434e-01 8.30867827e-01 8.77876103e-01 1.16859972e-02
    7.42326975e-01 7.83403754e-01 3.82869184e-01 3.46478790e-01
    9.14068162e-01 2.25536346e-01 2.18359768e-01 6.86080813e-01
    9.58083689e-01 9.99666214e-01 7.82363713e-01 2.26147473e-02
    2.83885896e-01 1.07281238e-01 9.13276672e-01 8.64204288e-01
    8.20945323e-01 6.06348574e-01 4.31044191e-01 6.99206948e-01
    3.41642261e-01 4.46995616e-01 9.25564170e-02 5.52230835e-01
    2.76639640e-01 6.10887170e-01 2.99513280e-01 7.38855600e-01
    8.24501872e-01 7.35341311e-01 9.07513022e-01 2.10175961e-01
    9.03656363e-01 6.03275180e-01 7.41572678e-01 6.14738882e-01
    5.93611002e-01 5.87557256e-01 4.48885232e-01 9.67566490e-01
    7.21336484e-01 2.55231380e-01 2.81184822e-01 4.71194953e-01
    1.23363853e-01 2.08008409e-01 7.14110196e-01 8.48707318e-01
    9.95252490e-01 5.83778083e-01 1.48666769e-01 8.42847586e-01
    7.36487269e-01 2.22961724e-01 9.62290466e-01 1.94902539e-01
    2.99753487e-01 4.27079797e-01 6.73443317e-01 9.89570916e-02
    7.60462284e-02 9.06076550e-01 2.89158106e-01 5.80712318e-01
    4.75222111e-01 8.68967652e-01 8.43886077e-01 6.99898839e-01
    8.77860308e-01 9.38259840e-01 8.31993163e-01 6.31383121e-01
    3.64318043e-01 8.91690135e-01 7.66113997e-01 4.00692940e-01
    5.37641227e-01 8.34268153e-01 8.29912663e-01 7.59401083e-01
    4.46477503e-01 9.79921222e-03 4.50021833e-01 1.53514445e-02
    4.37440455e-01 7.46174455e-01 6.75543249e-01 8.10570061e-01
    8.98191452e-01 7.05861747e-01 9.72617507e-01 2.70982623e-01
    4.71150398e-01 5.73180854e-01 5.46468914e-01 6.82453334e-01
    3.77805054e-01 8.11491132e-01 3.32200766e-01 4.93927002e-01
    2.09740102e-01 8.01099181e-01 3.15293342e-01 8.30868483e-01
    5.43212652e-01 2.97308266e-01 4.41333622e-01 4.36152309e-01
    1.64993852e-01 4.53400880e-01 4.81347442e-02 6.00947797e-01
    3.78016979e-01 4.86255169e-01 4.65201885e-01 1.73711687e-01
    6.14559233e-01 8.80038261e-01 8.21485877e-01 4.54636961e-01
    7.00234950e-01 5.91385543e-01 8.54370892e-02 7.72683740e-01
    9.51739192e-01 7.83040762e-01 8.21106315e-01 2.49426574e-01
    6.22817338e-01 1.87545747e-01 7.72504091e-01 6.83214068e-01
    1.45911098e-01 8.57610106e-02 6.14773870e-01 6.05937839e-01
    9.83290911e-01 6.11007512e-01 7.16827214e-01 9.74099517e-01
    9.76428390e-01 8.55788112e-01 7.92424202e-01 1.07968926e-01
    4.81822819e-01 1.32609397e-01 6.71281338e-01 1.69260412e-01
    7.36758292e-01 5.82971275e-01 1.02527678e-01 1.25202000e-01
    7.39389122e-01 2.06444561e-01 8.23478401e-02 8.56313825e-01
    6.45799518e-01 7.99691200e-01 4.18624997e-01 3.72857988e-01
    2.33014733e-01 4.29017663e-01 7.40049839e-01 3.25244427e-01
    3.37708592e-02 5.68919837e-01 8.86274934e-01 8.26672137e-01
    3.30535293e-01 8.69450331e-01 3.84637713e-01 1.47821307e-01
    1.61980957e-01 1.48458958e-01 9.76076722e-01 8.21120739e-01
    2.31212735e-01 1.76181167e-01 4.53431487e-01 6.59043133e-01
    3.67439657e-01 5.45698285e-01 1.96331531e-01 4.03198272e-01
    8.65480542e-01 1.82410479e-02 9.98283625e-01 8.77336562e-02
    2.05412209e-02 4.44871396e-01 9.36219513e-01 3.12741041e-01
    1.49177521e-01 6.47109747e-02 1.41256183e-01 5.58165371e-01
    2.60395586e-01 1.35710239e-02 4.72242773e-01 3.31193209e-01
    6.81554615e-01 9.03835535e-01 4.22140896e-01 9.18372631e-01
    1.95743620e-01 9.08015251e-01 1.84721291e-01 9.78905439e-01
    2.58798599e-02 2.89207101e-02 7.14407980e-01 4.12289202e-02
    7.93573976e-01 9.19366360e-01 8.21698904e-02 2.32839346e-01
    8.29913020e-02 1.74534440e-01 3.02003652e-01 5.31762242e-01
    8.33368599e-02 8.91627431e-01 2.50136971e-01 7.11094260e-01
    5.46677113e-02 2.90325999e-01 2.12942660e-02 6.38873219e-01
    9.05454874e-01 2.20288694e-01 9.41644669e-01 5.45207500e-01
    6.60406351e-02 3.99038523e-01 7.88901269e-01 7.33934820e-01
    8.35108221e-01 1.87946349e-01 4.24989462e-02 1.55486554e-01
    9.58664656e-01 8.02568018e-01 1.63728058e-01 4.85958785e-01
    7.07261622e-01 4.28759545e-01 7.86265731e-03 7.77104735e-01
    8.06502402e-02 9.17073905e-01 4.64872301e-01 1.87278479e-01
    8.74643624e-02 1.32235050e-01 6.62120521e-01 8.70090187e-01
    2.01070935e-01 6.86862230e-01 2.24789381e-01 5.57688594e-01
    1.12668306e-01 6.55731916e-01 4.76252586e-01 8.61355662e-02
    2.50116110e-01 6.00699723e-01 7.38516808e-01 3.34356725e-02
    6.84948981e-01 8.31035137e-01 8.45105112e-01 4.12730873e-02
    6.06904864e-01 5.08227050e-01 1.39061302e-01 3.94956052e-01
    4.44122821e-01 8.27678740e-02 2.92769611e-01 5.93865991e-01
    8.92109036e-01 8.49577844e-01 2.27080077e-01 1.21106923e-01
    1.55659020e-02 4.85678971e-01 2.43973821e-01 4.74738300e-01
    6.74354076e-01 9.75017905e-01 3.67006481e-01 9.28771019e-01
    9.14569139e-01 3.33894819e-01 5.33032298e-01 8.39954615e-01
    8.66711557e-01 4.37781215e-01 2.50475764e-01 5.35820484e-01
    9.22008812e-01 3.83704633e-01 5.22422910e-01 7.68736184e-01
    7.77138412e-01 1.41250849e-01 2.39120156e-01 9.05933261e-01
    6.28246307e-01 3.69674861e-02 7.37388134e-01 2.27469206e-01
    5.92852414e-01 8.22479606e-01 6.57826960e-02 1.87705815e-01
    5.10588884e-01 2.00472206e-01 6.32890701e-01 8.98841023e-02
    4.29746747e-01 6.49408698e-02 9.70105946e-01 4.51305807e-02
    3.18504512e-01 8.52185786e-02 6.08054996e-02 9.24589753e-01
    9.53578115e-01 5.81181705e-01 6.75519347e-01 9.08076048e-01
    7.82406688e-01 7.26852596e-01 1.93415493e-01 3.94783437e-01
    6.12542272e-01 6.33563280e-01 3.77740145e-01 8.81346822e-01
    3.59183729e-01 2.62605667e-01 2.50348032e-01 5.03573596e-01
    2.92523324e-01 5.37486136e-01 6.73231840e-01 4.92288351e-01
    3.24148446e-01 5.32570004e-01 6.45308971e-01 4.55953032e-01
    3.11931849e-01 5.63831210e-01 9.82224166e-01 3.99415284e-01
    7.86995649e-01 8.00860643e-01 2.29199439e-01 7.39019930e-01
    7.94214010e-01 2.21056044e-02 5.26301563e-01 1.77440584e-01
    2.05220968e-01 7.89512694e-01 1.42615288e-01 4.52952266e-01
    8.51615191e-01 1.84567153e-01 1.61525398e-01 1.33679777e-01
    9.49316025e-02 2.69343674e-01 1.94670230e-01 8.27694297e-01
    3.22631598e-01 3.48391116e-01 9.81770635e-01 3.78962636e-01
    8.09512854e-01 2.65934259e-01 6.39281571e-01 8.81992936e-01
    4.49823141e-02 2.84755856e-01 4.11984265e-01 5.83220124e-01
    6.91739917e-01 9.81039405e-01 9.68383014e-01 7.55851388e-01
    6.50027096e-01 3.07160974e-01 4.68427241e-02 5.52247524e-01
    5.61700821e-01 1.06582254e-01 7.62838364e-01 5.05773425e-01
    5.12045085e-01 5.93754411e-01 1.66291952e-01 8.91292691e-01
    5.07877052e-01 2.05262780e-01 8.66059780e-01 7.47865021e-01
    6.95519388e-01 3.74587357e-01 4.52114552e-01 5.97758055e-01
    7.92315602e-01 9.65770125e-01 9.54554379e-01 8.44034851e-01
    8.64119291e-01 7.90249825e-01 4.25648689e-01 9.39506590e-02
    1.83672309e-02 4.91064519e-01 1.06212020e-01 3.93265903e-01
    1.71762496e-01 2.15784192e-01 4.95537966e-01 2.72358179e-01
    9.34435010e-01 8.27157080e-01 2.84250170e-01 6.40685797e-01
    7.68906653e-01 3.44851136e-01 8.15133989e-01 9.01084542e-01
    5.30165553e-01 2.47069210e-01 3.20677280e-01 8.30529332e-01
    4.55800295e-02 6.11127794e-01 4.40044820e-01 5.38026273e-01
    9.96853411e-02 9.99174178e-01 7.87264109e-01 1.39647186e-01
    8.31000924e-01 7.36573339e-03 5.20500839e-01 8.27220082e-01
    6.28911793e-01 6.80061221e-01 7.50935555e-01 2.49714434e-01
    7.26349115e-01 4.61869091e-01 5.74184060e-01 4.62514520e-01
    7.37466455e-01 8.71255994e-01 1.22441888e-01 9.44498003e-01
    9.54205692e-02 1.30866170e-01 4.46060181e-01 3.63898277e-02
    5.94361544e-01 2.02234685e-01 8.14263701e-01 6.33422077e-01
    5.10659873e-01 5.89435577e-01 9.00146842e-01 2.09248364e-02
    3.64002764e-01 4.11553025e-01 5.10014355e-01 8.11833978e-01
    6.80832624e-01 1.63920045e-01 3.88698429e-01 8.69496465e-01
    5.75147152e-01 2.63829112e-01 8.61876011e-01 3.07210028e-01
    5.94426990e-02 2.03408092e-01 4.05980915e-01 7.94712901e-01
    5.09433985e-01 6.16560817e-01 9.66061413e-01 9.76998568e-01
    8.92677307e-01 4.92511392e-01 3.48612666e-01 7.33756304e-01
    1.03824228e-01 9.94283736e-01 7.23640800e-01 2.55813599e-02
    4.11654353e-01 1.72852814e-01 8.50287318e-01 7.37895250e-01
    2.18591571e-01 9.96838450e-01 4.00436819e-01 4.57692742e-02
    7.94069052e-01 2.18211710e-02 9.25647497e-01 9.07493412e-01
    6.55465305e-01 3.12311232e-01 5.19981146e-01 8.59551191e-01
    5.77828467e-01 3.72582853e-01 1.40713215e-01 9.64160562e-01
    9.30934191e-01 3.03865701e-01 7.47226954e-01 7.22887576e-01
    1.32488161e-01 5.80040514e-01 3.28131855e-01 5.46752989e-01
    3.49064916e-01 7.93867469e-01 1.89817429e-01 1.46040857e-01
    5.23521602e-01 8.51254702e-01 2.25360096e-01 3.22006464e-01
    4.29838061e-01 7.12358236e-01 7.28527725e-01 5.40908813e-01
    3.77906024e-01 8.76119018e-01 2.39272058e-01 8.51783395e-01
    4.74306464e-01 4.56625968e-01 4.25814658e-01 4.67384875e-01
    9.76758838e-01 7.50568569e-01 3.36505473e-02 8.28014135e-01
    1.14893079e-01 1.09683186e-01 9.46307421e-01 7.50140727e-01
    2.39428848e-01 5.38157225e-02 3.55578005e-01 5.72766304e-01
    9.18565392e-01 7.94108152e-01 2.18279958e-02 2.57319212e-03
    1.76987410e-01 5.82757413e-01 6.98847771e-01 5.68642080e-01
    5.41322947e-01 5.24272859e-01 8.34912717e-01 5.38852215e-01
    2.11500943e-01 5.89906573e-01 2.73334801e-01 2.11674035e-01
    3.78587097e-01 6.33303463e-01 3.24011326e-01 9.93524551e-01
    9.79390800e-01 8.47453713e-01 8.33491683e-01 3.06568146e-01
    1.19795412e-01 7.05462158e-01 3.03047419e-01 8.90796423e-01
    1.12493515e-01 6.65209532e-01 2.47523904e-01 3.42387855e-02
    4.37470973e-01 9.60855961e-01 2.36535370e-02 5.64909220e-01
    4.03572559e-01 1.80080742e-01 7.77799726e-01 7.18573987e-01
    9.62454557e-01 6.32802606e-01 6.58007622e-01 8.66679788e-01
    7.43474722e-01 8.24173808e-01 4.06611443e-01 2.31572747e-01
    4.89916772e-01 7.33224928e-01 3.25764954e-01 2.82113850e-02
    1.08431071e-01 2.14082599e-01 7.77935386e-01 5.81868291e-02
    1.38049006e-01 6.37802482e-01 9.53549027e-01 8.09641123e-01
    2.13430196e-01 2.52085626e-02 7.27878869e-01 5.98988056e-01
    3.34986299e-01 6.12078488e-01 5.67658961e-01 1.26423031e-01
    5.34255505e-01 9.27983522e-01 6.90325499e-01 8.91777635e-01
    4.72151816e-01 6.10839903e-01 6.18884325e-01 2.28298604e-02
    4.27516431e-01 1.43569112e-01 8.23012710e-01 7.23729789e-01
    4.78510559e-02 8.09877396e-01 5.58960140e-02 2.37232983e-01
    1.58063680e-01 2.37099975e-01 3.32311273e-01 1.78901881e-01
    3.63692641e-01 8.52147996e-01 8.33815098e-01 3.90371948e-01
    4.62506801e-01 6.45123661e-01 2.19442546e-01 8.72797608e-01
    2.77266800e-01 9.47319508e-01 9.06521559e-01 3.87327164e-01
    7.64463663e-01 6.78874373e-01 8.77795458e-01 9.97097790e-02
    6.94608569e-01 6.07376099e-01 5.27614772e-01 3.73281777e-01
    3.24820936e-01 7.46317208e-01 7.28970766e-01 1.73634678e-01
    2.66884238e-01 1.74995363e-02 1.50134087e-01 6.48406506e-01
    7.36436367e-01 3.36837560e-01 4.72069860e-01 1.01069003e-01
    4.72838283e-01 9.04147744e-01 1.13992274e-01 6.42461658e-01
    2.59638309e-01 4.59255368e-01 9.27395523e-02 3.90943468e-01
    6.32213831e-01 5.99065423e-01 8.70384574e-02 5.42811334e-01
    6.00934923e-02 8.16517234e-01 2.48977453e-01 6.11451387e-01
    9.78225470e-03 3.48751575e-01 7.95547366e-01 2.01351732e-01
    7.20182300e-01 3.17621082e-01 9.22719657e-01 5.32898426e-01
    9.27468419e-01 8.33004594e-01 4.74523008e-01 1.97234064e-01
    3.85543615e-01 3.57981980e-01 4.50693458e-01 2.76904106e-01
    1.95557266e-01 2.72464752e-02 8.10200691e-01 3.11118722e-01
    8.67755413e-01 3.22916448e-01 8.45457673e-01 4.05797303e-01
    5.18139362e-01 1.67395651e-01 1.42417133e-01 7.77813077e-01
    8.37392807e-01 4.10702229e-01 5.21294177e-02 7.19859898e-02
    5.89751959e-01 8.51430297e-01 1.91396147e-01 6.64677620e-01
    2.14797884e-01 8.83098245e-01 4.14880812e-02 3.32236975e-01
    8.02529573e-01 3.27638984e-02 8.43374789e-01 2.65393019e-01
    9.31829333e-01 1.85252130e-01 9.90130186e-01 6.63850963e-01
    2.90514708e-01 2.57475317e-01 3.54051024e-01 5.62998414e-01
    5.76661170e-01 3.21128249e-01 9.53273475e-01 5.80532312e-01
    9.87499177e-01 3.33984911e-01 1.61488146e-01 4.33284879e-01
    7.51184940e-01 5.36015570e-01 5.72340071e-01 4.09192383e-01
    5.90570688e-01 3.70420933e-01 9.40898895e-01 4.77095574e-01
    6.93945229e-01 3.47382396e-01 8.16162586e-01 9.76525486e-01
    5.24595082e-02 8.39111209e-03 1.03124887e-01 4.74259526e-01
    3.46716166e-01 8.76153469e-01 5.12404323e-01 5.12315214e-01
    9.87485647e-01 2.14923769e-01 3.18180442e-01 9.91386175e-01
    9.55864668e-01 4.54706609e-01 6.40804172e-01 2.85991162e-01
    6.63252354e-01 7.25987911e-01 2.22035825e-01 2.32605577e-01
    2.04282105e-02 2.16520905e-01 6.24369264e-01 2.61459231e-01
    2.85563380e-01 5.68331361e-01 7.68206060e-01 9.87148881e-01
    9.49916422e-01 1.95520610e-01 6.75369024e-01 2.53394663e-01
    9.84077811e-01 8.80697608e-01 8.25895786e-01 6.62115455e-01
    7.99150705e-01 5.18010676e-01 9.39432502e-01 3.16719115e-01
    1.00430220e-01 3.46761107e-01 7.24600255e-01 9.09771919e-01
    9.92665529e-01 4.02426124e-01 1.31349266e-01 6.65442050e-02
    1.31199896e-01 3.08089852e-02 8.18732023e-01 2.40052104e-01
    5.66387773e-01 3.33158672e-02 5.29890418e-01 3.37569714e-02
    5.61271787e-01 7.07307935e-01 9.81698990e-01 2.20294029e-01
    8.42445791e-01 9.38769877e-02 5.03267705e-01 7.47740269e-03
    4.55325603e-01 1.58608079e-01 3.13275754e-01 3.88056338e-01
    8.99807334e-01 8.96390557e-01 5.92044294e-01 8.68307710e-01
    6.86964750e-01 9.99299288e-01 5.35160661e-01 8.07919621e-01
    1.15014195e-01 4.11238372e-02 2.00919271e-01 3.38691056e-01
    2.05588102e-01 2.20750928e-01 4.09201622e-01 3.56521070e-01
    4.61931348e-01 8.98172498e-01 3.84467870e-01 6.56941056e-01
    8.34526002e-01 1.45249009e-01 6.25214934e-01 8.12586665e-01
    8.52220893e-01 7.89832294e-01 4.29186523e-01 5.94128430e-01
    5.62839448e-01 5.67486942e-01 6.40821040e-01 1.13162398e-02
    1.30981654e-01 8.26579571e-01 1.27499729e-01 3.55837345e-02
    3.42774868e-01 3.06507587e-01 3.81456852e-01 6.13809466e-01
    1.58466309e-01 6.89962268e-01 6.64858878e-01 7.88102806e-01
    7.40464449e-01 1.49357617e-02 5.57324529e-01 1.44360006e-01
    7.83247232e-01 2.00696319e-01 9.83481169e-01 8.16020012e-01
    2.61716753e-01 9.16223824e-01 9.95600283e-01 9.42374229e-01
    5.58535039e-01 1.39499038e-01 1.86387151e-01 1.47845864e-01
    8.32233906e-01 6.09588325e-01 3.35312486e-02 8.38086009e-01
    8.51526856e-01 3.35600853e-01 3.63346398e-01 7.87316561e-01
    7.18940020e-01 5.43395340e-01 9.99940932e-02 5.99441051e-01
    4.00723845e-01 5.78161597e-01 7.61523187e-01 1.30677223e-02
    3.03659558e-01 7.88593531e-01 6.23068750e-01 2.88493633e-01
    7.30227649e-01 7.65620708e-01 6.40125215e-01 4.21480417e-01
    6.49190247e-01 9.42301512e-01 1.45892233e-01 6.06637239e-01
    2.58391917e-01 4.23957646e-01 7.17138350e-01 9.85138178e-01
    7.98786819e-01 8.07253122e-01 5.64416170e-01 1.53520077e-01
    9.07027841e-01 6.57024622e-01 2.10878849e-01 4.52804148e-01
    2.58080572e-01 7.26542115e-01 5.94413877e-02 4.64892447e-01
    8.63063574e-01 3.64246130e-01 7.73971558e-01 4.91147161e-01
    8.69339347e-01 7.72483945e-01 2.25248605e-01 5.25826633e-01
    2.47417539e-01 7.45186746e-01 3.36528599e-01 6.25869036e-01
    6.99985027e-03 8.53405893e-01 9.73412633e-01 4.64307338e-01
    7.71145582e-01 8.68977308e-01 7.32720017e-01 9.59133029e-01
    3.81383896e-02 3.15709174e-01 7.17702568e-01 1.65022850e-01
    3.69273424e-01 2.74703592e-01 2.44434625e-01 8.07641029e-01
    1.94369614e-01 4.34248149e-01 2.41009295e-02 8.80620360e-01
    2.58971751e-02 4.38227743e-01 8.20633829e-01 7.54808903e-01
    4.15376246e-01 1.38132930e-01 5.81016958e-01 5.65875113e-01
    9.55903709e-01 1.00188851e-02 1.28062636e-01 9.89112616e-01
    9.76260900e-01 4.01883900e-01 8.02474618e-01 5.98546863e-01
    3.60147119e-01 4.52064693e-01 4.63536561e-01 1.79600984e-01
    4.46041226e-02 1.88066125e-01 7.47264624e-01 8.56006682e-01
    5.03989160e-01 8.48554373e-01 3.73246551e-01 6.07005775e-01
    8.44994068e-01 6.89393401e-01 2.21085876e-01 5.07778525e-01
    3.24240446e-01 4.82926190e-01 6.33594990e-02 9.65063810e-01
    3.05178225e-01 9.21882451e-01 6.91760421e-01 3.97377342e-01
    7.96679497e-01 7.73375452e-01 4.31521922e-01 5.15860915e-02
    4.71026599e-02 9.56919968e-01 7.77953088e-01 7.38491774e-01
    7.82601595e-01 4.45961833e-01 8.18034589e-01 4.47874516e-01
    6.45169258e-01 5.62486947e-01 5.54425180e-01 9.71891284e-02
    8.97137940e-01 4.71836716e-01 2.58040100e-01 6.82459652e-01
    9.83514905e-01 5.78351259e-01 8.67882490e-01 1.40062243e-01
    5.61269522e-01 5.53487062e-01 6.14815712e-01 4.52223510e-01
    7.25134909e-01 8.98205340e-02 5.69632351e-01 5.65459132e-01
    3.04149151e-01 2.41629630e-01 9.40163493e-01 4.05471027e-01
    4.65326101e-01 9.82324362e-01 1.57051384e-02 8.16197872e-01
    5.39860249e-01 8.38618934e-01 3.86497825e-01 4.63220328e-01
    8.44781697e-02 5.65694273e-02 7.93011785e-01 4.99261320e-01
    1.25612378e-01 8.84300590e-01 9.72820222e-01 5.47839940e-01
    2.96389759e-01 2.79922605e-01 6.20684147e-01 1.54271424e-02
    8.78209233e-01 3.59643638e-01 1.13260597e-01 3.98757815e-01
    5.87021351e-01 2.85276502e-01 1.60664588e-01 2.59184629e-01
    4.66644049e-01 8.17575037e-01 6.95799589e-02 8.19875002e-02
    6.44738436e-01 3.39291275e-01 5.03169000e-01 7.87676811e-01
    1.93240166e-01 3.37072939e-01 1.00728095e-01 7.42702007e-01
    2.86056876e-01 4.41708177e-01 9.49554265e-01 6.17554784e-03
    6.59346581e-03 7.79659033e-01 2.77085841e-01 4.00201440e-01
    5.55133581e-01 5.39805055e-01 7.86450744e-01 8.41863155e-01
    3.35963070e-01 7.16243982e-01 3.18085045e-01 3.41206789e-03
    7.42427111e-01 7.21440732e-01 3.71876508e-01 1.58456117e-01
    9.93107438e-01 8.33028257e-02 8.97336185e-01 8.11459422e-01
    6.59922123e-01 2.68196225e-01 2.21146673e-01 9.27611351e-01
    3.41957539e-01 7.36341774e-01 4.58655775e-01 2.56706834e-01
    1.49610698e-01 6.28875732e-01 1.13233030e-02 5.23155689e-01
    3.39950979e-01 8.15132320e-01 5.38766742e-01 7.63404548e-01
    9.23108101e-01 4.58004177e-01 8.64593148e-01 2.67730892e-01
    3.96595895e-01 2.52098083e-01 2.29807049e-01 2.33338416e-01
    9.08399642e-01 7.52391458e-01 3.76522005e-01 4.79899973e-01
    5.95588088e-01 7.24173188e-01 9.69964981e-01 6.43076956e-01
    4.51537520e-01 9.77472007e-01 5.94152808e-02 7.72723675e-01
    9.37100053e-02 1.05458438e-01 9.92599070e-01 8.42420995e-01
    9.31980371e-01 2.73317039e-01 4.24666166e-01 6.46447241e-01
    6.18421972e-01 9.32062268e-01 4.16738808e-01 8.91320109e-01
    4.73337799e-01 2.38694280e-01 6.01976514e-02 9.38742936e-01
    7.85158277e-01 7.44017363e-01 9.41400766e-01 1.01159602e-01
    1.49599910e-02 2.56355405e-01 5.67257822e-01 1.85399115e-01
    7.14302361e-01 6.20668888e-01 7.80575275e-01 1.50292754e-01
    8.74851942e-01 1.64978325e-01 1.49960816e-02 7.88806677e-01
    9.85810518e-01 4.59962487e-01 1.61750019e-02 2.71119058e-01
    9.74561572e-02 1.65872455e-01 4.31825459e-01 4.81618553e-01
    1.15751326e-01 6.72288239e-01 6.72396779e-01 1.92907631e-01
    5.92911899e-01 5.64274549e-01 6.96167827e-01 7.07950950e-01
    6.40949786e-01 1.84229612e-01 1.32463276e-02 5.09096742e-01
    9.11864161e-01 7.26014376e-01 9.79104042e-01 5.71864009e-01
    6.71572208e-01 5.46725869e-01 3.52284729e-01 9.88150716e-01
    1.39447689e-01 4.42728519e-01 2.81584114e-01 9.64338303e-01
    5.53357661e-01 6.39665008e-01 1.23923033e-01 7.02661514e-01
    9.44430113e-01 3.00898880e-01 8.30114901e-01 4.86297280e-01
    1.99911147e-01 6.31243050e-01 5.47263861e-01 1.08092189e-01
    1.41078353e-01 9.32049751e-01 4.23133373e-02 1.69638127e-01
    6.84700310e-01 4.39051062e-01 6.87449813e-01 9.82593536e-01
    5.34924984e-01 4.62862581e-01 5.89263976e-01 4.35054302e-04
    2.78500140e-01 6.01896465e-01 3.26626778e-01 4.13406312e-01
    2.86601543e-01 1.33580714e-01 3.62987757e-01 8.75467420e-01
    9.28133368e-01 2.15752423e-02 4.37561542e-01 9.12444711e-01
    9.95237350e-01 9.40963328e-01 7.44627059e-01 5.13247073e-01
    8.76881182e-02 9.86990333e-01 8.10874820e-01 2.60289878e-01
    7.39547372e-01 5.48933506e-01 9.11449432e-01 9.56901729e-01
    1.80112600e-01 2.03649402e-01 4.98795837e-01 2.77458400e-01
    5.40422201e-01 1.63113177e-01 3.11045945e-02 1.80954963e-01
    3.41477811e-01 5.87685227e-01 4.77135479e-01 6.99661434e-01
    5.21611810e-01 9.39958334e-01 8.10350418e-01 2.11484551e-01
    4.59657192e-01 4.55952346e-01 8.61153722e-01 5.62293351e-01
    9.37950909e-01 4.29701656e-01 5.42550445e-01 2.04549730e-02
    2.05849260e-01 9.68069136e-02 2.47849882e-01 6.33941174e-01
    8.03951740e-01 2.09439248e-01 1.64254844e-01 4.54794288e-01
    9.79608417e-01 8.11954737e-01 2.08494455e-01 8.99168611e-01
    2.34031469e-01 8.55444610e-01 8.19589853e-01 1.16146594e-01
    5.39451718e-01 9.83812809e-01 8.23223472e-01 6.14111423e-01
    4.17906642e-02 8.86592567e-01 8.03038418e-01 9.50636923e-01
    3.38361621e-01 9.66380119e-01 9.86760139e-01 6.85791194e-01
    5.33457756e-01 9.75112379e-01 7.41474688e-01 6.06584370e-01
    1.20152950e-01 8.90053391e-01 1.44222409e-01 6.00684166e-01
    8.27901304e-01 6.47729933e-01 3.18907410e-01 2.94772744e-01
    6.01099014e-01 2.13608682e-01 3.67569089e-01 8.78785253e-01
    6.49796128e-02 1.56635344e-02 9.17337537e-01 9.84581530e-01
    8.51071119e-01 8.01126957e-02 3.26806605e-01 8.40758204e-01
    2.09327638e-01 3.17385197e-01 2.87083477e-01 9.27954435e-01
    7.89995193e-02 3.44996631e-01 6.59847260e-02 2.55595922e-01
    9.07471478e-01 9.54407454e-03 2.46657729e-02 4.42997456e-01
    8.49745810e-01 7.24060297e-01 7.67427683e-01 1.49433494e-01
    6.00221992e-01 5.99883318e-01 7.85548568e-01 6.58485293e-02
    3.28750372e-01 8.66821647e-01 5.71925998e-01 5.55711746e-01
    8.14925730e-02 5.53607047e-01 2.15638936e-01 4.23569530e-01
    5.76971769e-01 3.95502597e-01 8.55878949e-01 4.86874849e-01
    8.48792195e-01 2.74189681e-01 4.11107242e-02 6.68198884e-01
    9.49448586e-01 6.76444411e-01 5.86402118e-02 8.72101307e-01
    4.77652460e-01 1.51843846e-01 5.81177831e-01 6.84613407e-01
    7.68186271e-01 3.50638390e-01 4.99810666e-01 3.82408917e-01
    3.70088577e-01 3.64291191e-01 8.49340916e-01 6.15464151e-02
    6.11288309e-01 1.34392679e-02 2.98699379e-01 5.17858863e-02
    7.38734961e-01 5.48949063e-01 9.58181143e-01 4.92166519e-01
    4.35352296e-01 4.14604247e-02 7.67083347e-01 3.48163784e-01
    1.05316550e-01 5.10893881e-01 7.50460625e-01 9.53313112e-01
    7.12727845e-01 2.07915187e-01 7.58246541e-01 4.61908281e-01
    2.83581793e-01 2.23787218e-01 3.34402829e-01 5.64357162e-01
    9.93370771e-01 9.96633649e-01 3.81757587e-01 3.61913830e-01
    4.30614650e-02 5.50963700e-01 6.03976130e-01 1.08824521e-01
    6.04466021e-01 6.88064992e-01 3.11129391e-01 1.31840736e-01
    1.82137251e-01 3.52559984e-01 4.38398004e-01 8.16002250e-01
    3.95759612e-01 5.18690467e-01 2.12354660e-01 9.85335112e-01
    3.01242232e-01 7.74897456e-01 9.10631537e-01 5.09726524e-01
    2.80977905e-01 3.69990647e-01 1.78427249e-01 2.99929768e-01
    3.69012296e-01 4.34853196e-01 8.73061001e-01 8.94762039e-01
    9.55460787e-01 2.23025143e-01 7.17833042e-01 3.87247920e-01
    3.61071676e-01 3.34990680e-01 1.24754339e-01 3.28381896e-01
    4.14410889e-01 8.86247456e-02 2.69725144e-01 8.01107883e-01
    5.51398396e-01 3.36735845e-01 4.80879873e-01 3.03781629e-01
    9.44869041e-01 9.19018149e-01 2.59750903e-01 3.61701846e-01
    3.76917243e-01 5.47616541e-01 2.95656025e-02 8.49165678e-01
    7.17791200e-01 4.44279104e-01 7.36511230e-01 8.02961111e-01
    9.35340166e-01 4.74167466e-02 6.90747559e-01 6.63088679e-01
    1.38691425e-01 1.23358905e-01 6.37857556e-01 7.59914458e-01
    5.77648342e-01 6.79977119e-01 6.07434213e-02 8.94645929e-01
    5.60055375e-01 8.45939875e-01 6.06513798e-01 2.82275677e-02
    4.23061818e-01 2.34900534e-01 8.41562808e-01 6.33162677e-01
    1.13069147e-01 2.05428660e-01 5.07930875e-01 6.48840368e-02
    8.04508865e-01 2.94446498e-01 9.26008344e-01 9.61016297e-01
    2.20309198e-01 4.15229917e-01 8.68087292e-01 8.71672153e-01
    4.44261730e-01 3.77777398e-01 8.54846835e-02 8.21196496e-01
    4.09952164e-01 8.72701406e-01 6.49234235e-01 2.95355737e-01
    1.08322382e-01 1.45842403e-01 4.97333676e-01 3.13489705e-01
    1.00206256e-01 7.25039005e-01 8.65544677e-01 1.40944988e-01
    1.02691025e-01 4.67947334e-01 4.29945797e-01 6.10499859e-01
    2.07610995e-01 1.88198447e-01 9.51753616e-01 1.96554869e-01
    8.15695524e-01 6.24026418e-01 1.61810577e-01 4.36435521e-01
    5.39010525e-01 2.22954184e-01 1.74217075e-01 4.27811384e-01
    5.34599841e-01 1.15320027e-01 7.82920480e-01 4.10344601e-02
    2.01559186e-01 2.00226367e-01 5.69725335e-01 9.98170018e-01
    4.16910291e-01 9.50852215e-01 7.14697838e-02 1.39015019e-01
    9.17480528e-01 3.79053056e-01 9.39276338e-01 3.36494833e-01
    6.06433332e-01 2.32398212e-02 5.02965331e-01 2.06827223e-02
    6.31435573e-01 9.87425387e-01 5.44234991e-01 5.24256945e-01
    7.89779663e-01 6.29386544e-01 6.03327096e-01 6.22055292e-01
    2.17000842e-02 8.40202332e-01 1.47229463e-01 5.25713623e-01
    5.60663402e-01 9.17888284e-02 2.47964561e-01 7.17534184e-01
    3.72559428e-02 5.64451158e-01 2.37483889e-01 3.31683159e-02
    3.55701268e-01 8.42076540e-01 6.44861221e-01 8.67376566e-01
    1.97155476e-01 5.12667775e-01 2.05260515e-01 6.74364090e-01
    6.15498602e-01 8.33111465e-01 4.28529233e-01 6.27242327e-01
    9.43281353e-02 5.07418454e-01 1.79461807e-01 8.38045001e-01
    7.28330731e-01 8.14236581e-01 2.84171402e-02 2.53220201e-01
    7.39448309e-01 1.43087506e-01 8.36955309e-02 8.13388705e-01
    6.50625706e-01 1.79426670e-01 5.29263258e-01 7.27246523e-01
    1.84791297e-01 8.87520909e-01 5.10855615e-01 8.77696633e-01
    6.72274828e-03 7.70807981e-01 4.99512851e-02 1.61957562e-01
    4.74927187e-01 9.21180725e-01 7.74823010e-01 6.13915980e-01
    8.27630162e-01 7.62483239e-01 1.22672468e-01 6.68547928e-01
    2.15869635e-01 9.18998361e-01 5.92244685e-01 5.17820358e-01
    6.85232401e-01 5.41234255e-01 4.90610301e-02 4.69299048e-01
    9.87989485e-01 8.71154308e-01 1.32335037e-01 1.13187462e-01
    7.91666210e-01 7.19304085e-01 5.52013934e-01 9.07830000e-01
    8.24557424e-01 9.07286048e-01 4.72869962e-01 8.04132938e-01
    1.46052539e-02 3.17084610e-01 3.54084671e-02 7.47711360e-01
    2.01026231e-01 3.49657238e-01 3.36457312e-01 8.34900439e-01
    8.03675294e-01 5.92527747e-01 2.83309639e-01 5.73851466e-02
    1.89910203e-01 6.19014978e-01 8.50593269e-01 2.51975864e-01
    9.27125871e-01 6.01124406e-01 4.59945410e-01 3.10639143e-01
    8.59017968e-02 2.83665061e-01 8.83768320e-01 4.70651984e-01
    3.92522514e-01 4.88880068e-01 5.69337189e-01 4.18297440e-01
    8.31400156e-01 4.91375208e-01 1.93670094e-02 9.26939964e-01
    8.81687164e-01 9.57035661e-01 8.87678862e-01 7.78271616e-01
    6.90589905e-01 1.82127088e-01 4.96712983e-01 8.24847698e-01
    2.57962584e-01 3.77247721e-01 8.98409545e-01 3.30794930e-01
    7.96175301e-02 8.44697237e-01 1.03891194e-02 5.94511986e-01
    5.26967943e-01 8.96136880e-01 8.14764500e-01 1.56795382e-02
    3.61697078e-02 5.30947328e-01 8.10714602e-01 1.66395336e-01
    8.73320937e-01 6.80617929e-01 7.65761137e-02 8.60636830e-01
    8.47682714e-01 7.50079274e-01 6.80706084e-01 3.44504774e-01
    8.15140903e-02 5.81439197e-01 6.97300792e-01 1.66838586e-01
    6.85331821e-01 5.18794954e-02 1.28672421e-01 2.41824567e-01
    1.69034064e-01 4.64406788e-01 7.27671266e-01 9.78846848e-01
    3.11459124e-01 5.86445391e-01 4.10800993e-01 2.76412368e-02
    3.91809583e-01 2.04274058e-03 6.11975074e-01 2.84784555e-01
    9.11720753e-01 8.03232670e-01 1.03956997e-01 6.30665421e-01
    9.17827487e-01 5.60002804e-01 5.07115126e-01 1.13116354e-01
    2.45561302e-01 9.46683586e-02 4.07212764e-01 1.84031963e-01
    3.65126193e-01 2.17479140e-01 6.72051430e-01 3.11062068e-01
    3.54318827e-01 6.79448485e-01 6.20413363e-01 8.06038022e-01
    6.58042014e-01 5.42680323e-01 5.28836012e-01 4.57078427e-01
    1.98737144e-01 2.87631631e-01 6.69040561e-01 7.10415363e-01
    2.69936085e-01 4.66732472e-01 8.77423048e-01 1.01093709e-01
    5.89023113e-01 2.00420082e-01 7.54447699e-01 8.22478831e-02
    5.78820527e-01 4.51711714e-01 4.19543892e-01 7.83135295e-01
    4.00847852e-01 3.24387759e-01 2.46468186e-03 6.44978344e-01
    2.02402472e-02 5.22267759e-01 7.80088246e-01 2.65697956e-01
    2.52736986e-01 8.47394645e-01 3.61316502e-01 5.14437795e-01
    3.61320972e-01 3.40648472e-01 9.50483561e-01 3.79104912e-01
    3.86932701e-01 3.30807447e-01 7.01803684e-01 1.56795382e-01
    7.82399476e-01 4.21288610e-02 8.99129033e-01 6.58999383e-01
    4.82221961e-01 6.93711281e-01 7.82344341e-02 9.91177559e-03
    2.71617472e-01 2.64620870e-01 9.00651217e-01 7.92430997e-01
    8.92579257e-01 5.80072403e-01 3.79776895e-01 7.09159553e-01
    2.29347169e-01 7.34684229e-01 7.11509585e-03 7.34746397e-01
    1.61384583e-01 3.66019130e-01 1.38885260e-01 6.52959108e-01
    4.90683615e-01 9.85546410e-02 6.15179777e-01 2.88013518e-01
    6.90537691e-01 1.72165513e-01 9.88528252e-01 5.65848112e-01
    1.27462685e-01 2.89937794e-01 9.27936196e-01 6.73366487e-01
    5.44979393e-01 5.57463229e-01 2.30788499e-01 4.41415161e-01
    1.54470623e-01 7.08876252e-01 5.41475058e-01 8.79909039e-01
    8.85154009e-01 3.46470475e-02 4.81585145e-01 9.18402076e-01
    3.56925815e-01 4.39701349e-01 3.46105754e-01 2.43318021e-01
    3.67911637e-01 2.27781773e-01 4.32744950e-01 9.46450591e-01
    3.57641757e-01 7.84595490e-01 3.81264418e-01 5.62319458e-01
    5.28557181e-01 8.50319505e-01 6.11819863e-01 4.05942500e-01
    9.75420952e-01 8.60403657e-01 8.40407610e-01 1.65612251e-01
    9.29970503e-01 2.55078077e-01 3.68979275e-01 4.59802985e-01
    6.74383998e-01 6.83522701e-01 7.50926018e-01 7.26457059e-01
    6.62656426e-01 3.27454060e-01 6.82830691e-01 5.14207959e-01
    3.21518183e-02 3.02730978e-01 8.54524374e-01 6.91180766e-01
    7.33817518e-01 2.72076786e-01 6.74024105e-01 6.74675226e-01
    8.05577636e-01 5.71523905e-02 1.03133231e-01 7.32665360e-01
    3.46427083e-01 3.33496571e-01 3.98869872e-01 5.49941957e-02
    6.65714383e-01 4.69733953e-01 8.28548372e-02 3.90218377e-01
    5.06211579e-01 7.79340029e-01 8.81955326e-01 2.17282176e-01
    2.35163987e-01 1.16530776e-01 8.48632038e-01 8.57090950e-02
    5.72391212e-01 5.10435283e-01 7.97670603e-01 8.39729190e-01
    2.62069494e-01 5.34252226e-02 1.61978751e-01 5.32144189e-01
    7.51589417e-01 4.24939632e-01 7.59095311e-01 1.09497756e-01
    9.69123721e-01 8.13172162e-02 3.47939700e-01 5.71450472e-01
    1.19039625e-01 1.47651911e-01 5.76509118e-01 3.66267979e-01
    7.18802810e-01 1.16178900e-01 6.73223376e-01 9.23834324e-01
    2.42230296e-03 5.75488627e-01 8.63018632e-01 3.79665375e-01
    9.26625252e-01 9.08363461e-02 1.17079288e-01 5.35638511e-01
    2.76645839e-01 4.96459931e-01 5.87821364e-01 8.24056327e-01
    9.22119856e-01 7.06330180e-01 9.52197433e-01 9.42950726e-01
    1.10084772e-01 8.37670386e-01 4.94792908e-01 4.19658601e-01
    4.01234806e-01 1.49477720e-01 9.04701948e-02 8.10015678e-01
    2.03628331e-01 1.86256200e-01 9.17758942e-01 5.90645134e-01
    2.17044741e-01 9.21120703e-01 3.66910130e-01 9.56856608e-01
    7.94484138e-01 6.48258269e-01 6.60574675e-01 9.16718245e-01
    9.31795478e-01 5.70908964e-01 5.85769773e-01 9.42978263e-01
    8.18476379e-01 5.70857644e-01 2.87338674e-01 1.41664058e-01
    4.67945427e-01 6.04945302e-01 5.67907691e-02 8.29231739e-02
    5.06148279e-01 4.32692468e-01 6.57127917e-01 9.32441950e-02
    2.62712836e-01 2.77707249e-01 2.43918955e-01 5.04107177e-01
    1.46770507e-01 8.24589252e-01 2.72533417e-01 9.99474883e-01
    2.42395550e-01 7.00973749e-01 1.76581830e-01 6.05359674e-03
    4.14337844e-01 9.45768654e-02 9.81779933e-01 1.47543013e-01
    3.09391677e-01 1.12864852e-01 4.06469733e-01 4.98271465e-01
    5.00554204e-01 3.93517137e-01 6.05442882e-01 5.64911366e-01
    4.53556389e-01 8.92875910e-01 6.67124987e-03 9.45017397e-01
    3.74578536e-02 9.26265717e-02 5.23571134e-01 7.44888544e-01
    1.39501721e-01 6.62070453e-01 3.13592136e-01 5.28162003e-01
    9.87530887e-01 9.17526364e-01 6.99605227e-01 6.38880074e-01
    9.18668032e-01 7.79061794e-01 9.50471044e-01 5.35989523e-01
    2.89675891e-01 8.60006511e-01 7.48936296e-01 7.33995438e-02
    9.17073488e-01 8.13451350e-01 8.09378088e-01 5.77888310e-01
    9.17311668e-01 3.82746160e-02 1.48025155e-01 4.23779279e-01
    7.72715867e-01 6.19116664e-01 7.36970365e-01 2.79569924e-02
    8.21372509e-01 1.05001271e-01 5.98418236e-01 9.88216877e-01
    5.50079405e-01 8.10301423e-01 7.87990451e-01 5.68764806e-01
    1.72510684e-01 6.29003048e-01 4.90439326e-01 1.13620609e-01
    7.87043095e-01 7.98970461e-01 5.74902594e-01 6.36991799e-01
    3.99200767e-01 4.73358631e-01 4.82445747e-01 1.45202041e-01
    7.47792006e-01 9.83235598e-01 3.57299149e-02 5.15292406e-01
    6.00610912e-01 8.80563021e-01 4.20589805e-01 3.50639284e-01
    2.68487692e-01 9.52444434e-01 4.75890040e-02 3.16636682e-01
    8.61162901e-01 5.62368333e-01 3.63106042e-01 5.49983382e-02
    5.07135808e-01 5.14048815e-01 5.70814073e-01 6.32845342e-01
    3.27131003e-01 4.83591855e-01 5.90301931e-01 1.47863716e-01
    9.26694691e-01 8.10364544e-01 7.01974154e-01 7.28578568e-02
    7.87011445e-01 3.09484363e-01 4.55195040e-01 5.57983577e-01
    9.45053697e-01 5.78817964e-01 6.42711520e-01 3.98528695e-01
    4.26744580e-01 7.54372954e-01 4.38358426e-01 7.34048367e-01
    5.12412906e-01 8.14977646e-01 2.02737331e-01 4.73887086e-01
    7.99156308e-01 9.10505772e-01 3.95610511e-01 1.31941736e-02
    1.80194378e-01 6.69422805e-01 6.77908540e-01 4.45350587e-01
    7.68510640e-01 1.91170663e-01 1.07329339e-01 9.74355340e-01
    1.04566902e-01 9.31901097e-01 9.36367333e-01 5.59820831e-02
    3.57041121e-01 4.87789512e-02 9.84706104e-01 3.81395191e-01
    2.74878889e-01 4.01829183e-01 6.59071803e-02 2.35208571e-01
    5.42983711e-01 2.73999631e-01 9.23017621e-01 2.05922604e-01
    4.66915876e-01 4.84517246e-01 4.34234738e-01 8.05656433e-01
    4.28300053e-01 4.08777654e-01 4.96410340e-01 3.74173641e-01
    8.43608797e-01 6.63946092e-01 6.58399284e-01 5.47722816e-01
    3.89169753e-01 2.39179999e-01 4.07951981e-01 6.97666466e-01
    7.23965228e-01 5.70904970e-01 3.43129933e-01 3.85109991e-01
    9.31068540e-01 1.19160622e-01 4.68239635e-01 9.72548008e-01
    5.77431619e-01 5.04334033e-01 8.56020391e-01 7.93598294e-01
    5.20998180e-01 3.00649524e-01 8.05724263e-01 5.27453601e-01
    7.07348466e-01 4.97401953e-02 5.70157826e-01 9.30788636e-01
    7.88613796e-01 3.81269693e-01 9.65115905e-01 7.79274940e-01
    5.19716263e-01 2.26445943e-01 6.84749067e-01 1.23177946e-01
    7.59760737e-02 3.48440468e-01 6.67312562e-01 1.48309469e-01
    4.11616892e-01 3.06746125e-01 6.67452335e-01 4.07744855e-01
    5.04015326e-01 5.66689193e-01 5.78345597e-01 5.17916381e-01
    6.22584641e-01 5.27575374e-01 9.02176023e-01 8.83322716e-01
    4.58226919e-01 7.91324675e-01 4.59135383e-01 9.06982899e-01
    7.43765235e-01 4.50938344e-01 2.36832708e-01 7.78939843e-01
    3.87362719e-01 3.37107807e-01 8.34381521e-01 6.70278192e-01
    5.07454276e-01 6.05781555e-01 3.28560472e-01 9.17329431e-01
    6.74961090e-01 2.85726756e-01 1.72491968e-02 4.51835394e-02
    2.09150791e-01 2.65361667e-01 1.99733853e-01 8.53457093e-01
    6.36199415e-02 2.04658657e-01 8.04170847e-01 2.33945906e-01
    6.91791713e-01 6.30028844e-01 6.69139028e-01 6.32941723e-01
    8.27988029e-01 4.27425444e-01 1.97626323e-01 7.99207509e-01
    1.84530795e-01 9.50544238e-01 1.99389905e-01 2.00629145e-01
    1.22909784e-01 3.57893109e-01 7.14180470e-01 1.59899235e-01
    1.52118176e-01 4.80559707e-01 6.60437107e-01 8.85488510e-01
    2.92046517e-01 6.44147158e-01 3.32007587e-01 1.13829195e-01
    4.89713907e-01 9.26495254e-01 7.76776969e-01 9.67796028e-01
    3.56715173e-01 7.53809214e-01 3.72601390e-01 3.48127633e-01
    1.28412992e-01 1.33317709e-01 8.63988161e-01 1.88432813e-01
    9.28718448e-01 3.56494337e-01 7.64142275e-01 5.95283985e-01
    2.05798626e-01 1.01162374e-01 8.15264821e-01 5.52688003e-01
    8.95573378e-01 4.08318192e-01 3.14930916e-01 5.85825086e-01
    7.71486461e-02 2.88963258e-01 9.90187407e-01 4.03287679e-01
    4.07474697e-01 3.71349692e-01 2.15139836e-01 9.24643755e-01
    2.20022857e-01 2.49762714e-01 4.08143044e-01 4.94492650e-01
    3.89625728e-01 5.74861169e-01 9.43947792e-01 8.92696679e-01
    6.31251037e-01 5.80500007e-01 6.85316384e-01 9.90884900e-01
    2.91902810e-01 7.10880697e-01 3.18247825e-01 4.19353306e-01
    3.92411262e-01 1.32383704e-01 6.66983008e-01 7.17622399e-01
    9.91119266e-01 5.80392480e-02 3.65729213e-01 9.33047771e-01
    7.94321060e-01 9.37056303e-01 7.73721397e-01 1.52731597e-01
    5.16285896e-01 2.50558674e-01 5.45931101e-01 5.64437747e-01
    1.10485911e-01 7.00628161e-01 9.82166767e-01 7.81652331e-01
    3.86132121e-01 9.24213171e-01 5.65762460e-01 6.19484544e-01
    8.14700842e-01 1.85505658e-01 9.45550799e-02 7.92333484e-02
    8.29215944e-01 4.38335001e-01 2.85225838e-01 3.67843211e-02
    4.85747039e-01 5.44896364e-01 3.38672906e-01 2.34952599e-01
    9.82769608e-01 6.39660597e-01 7.93604612e-01 7.68628478e-01
    2.28264719e-01 5.26425660e-01 9.85083699e-01 7.55816638e-01
    3.44145238e-01 8.40785205e-01 5.47279656e-01 7.43572474e-01
    1.34352088e-01 1.54839307e-01 3.66642118e-01 3.41906905e-01
    6.39210939e-02 1.56650305e-01 8.87022436e-01 7.32284129e-01
    9.01001096e-02 9.36708212e-01 3.55043769e-01 2.95688927e-01
    5.70072472e-01 7.17437744e-01 2.69196749e-01 6.63395226e-01
    8.89034331e-01 3.68239462e-01 3.17864388e-01 2.14725941e-01
    4.73610342e-01 1.19022697e-01 9.46947277e-01 2.21132636e-01
    6.08616948e-01 9.78536427e-01 8.80658031e-01 5.00337362e-01
    2.83624172e-01 7.92708218e-01 8.16758037e-01 3.72982562e-01
    3.88019115e-01 9.96629655e-01 9.92557585e-01 6.46761537e-01
    4.60331082e-01 7.25090146e-01 9.96942520e-01 7.57629752e-01
    9.45611477e-01 8.53013396e-01 2.22533673e-01 1.72768503e-01
    6.10697985e-01 6.62682891e-01 6.97563589e-01 6.64708316e-01
    7.14485943e-02 7.77405262e-01 4.19143021e-01 1.04978949e-01
    5.56825995e-02 8.54021192e-01 9.53167200e-01 5.24781168e-01
    1.14935815e-01 8.32250595e-01 5.71951210e-01 8.67415428e-01
    2.04836935e-01 1.39796197e-01 9.62620676e-02 1.89527065e-01
    2.03736722e-02 4.64121103e-01 2.65816092e-01 8.52798581e-01
    5.90038359e-01 1.39816254e-01 8.50770831e-01 5.55900276e-01
    7.66660094e-01 1.80201083e-01 3.45810950e-01 2.15714484e-01
    7.26914287e-01 5.22683680e-01 5.24025619e-01 4.18327510e-01
    8.24629486e-01 4.55236048e-01 8.33704472e-01 4.24386561e-01
    6.46689057e-01 3.00241262e-01 6.54565156e-01 2.44506717e-01
    4.11943555e-01 6.11694694e-01 5.89125037e-01 7.97222912e-01
    4.00068849e-01 3.53788406e-01 8.44641268e-01 5.97504318e-01
    8.17122281e-01 4.20105040e-01 9.43224669e-01 4.64063287e-01
    7.73259521e-01 4.85700607e-01 4.93928045e-01 3.60571206e-01
    3.31157804e-01 6.45325303e-01 7.11392403e-01 7.14331388e-01
    9.88900781e-01 7.13482618e-01 8.94064903e-02 1.15525752e-01
    9.28131104e-01 3.55507910e-01 6.90070987e-01 6.07855141e-01
    7.33635902e-01 1.29947573e-01 9.49598551e-01 7.06632078e-01
    1.88846052e-01 7.22850204e-01 1.64345145e-01 7.12791443e-01
    3.66128832e-01 7.24312782e-01 7.00854182e-01 6.79804981e-01
    9.73941326e-01 6.74480200e-01 1.50285423e-01 5.90439677e-01
    4.93969440e-01 4.23787475e-01 9.73505735e-01 7.46758342e-01
    9.75885868e-01 8.74363899e-01 3.91071320e-01 1.69042289e-01
    3.53324533e-01 2.08999097e-01 2.87733406e-01 9.49663997e-01
    6.38376355e-01 4.69220728e-01 9.95221376e-01 4.26911294e-01
    8.82082999e-01 6.67986929e-01 9.81688499e-03 7.14966655e-01
    9.74797606e-01 4.94686127e-01 2.08595157e-01 7.10122108e-01
    8.76206756e-01 5.53416669e-01 3.17053974e-01 1.03914648e-01
    4.49864119e-01 6.70109987e-02 9.82320845e-01 1.69501781e-01
    2.88726568e-01 2.41234303e-02 3.31511497e-01 8.18247080e-01
    7.76717126e-01 1.76591545e-01 3.17981571e-01 2.13253587e-01
    8.94255280e-01 3.60576451e-01 1.75488263e-01 2.33715117e-01
    2.02300966e-01 7.38061666e-02 6.36915863e-01 7.69383430e-01
    7.23343611e-01 9.16687489e-01 4.69427735e-01 4.99979913e-01
    9.66914415e-01 6.27345741e-02 1.79201037e-01 2.87182212e-01
    7.68548965e-01 9.43678617e-02 6.44208789e-01 9.76143003e-01
    9.41577554e-02 3.40170652e-01 9.99780595e-02 4.63523924e-01
    2.25460351e-01 9.63996291e-01 7.95524955e-01 4.25284863e-01
    4.44471836e-01 6.29946887e-01 2.76303291e-03 7.83519983e-01
    2.52455115e-01 3.39777470e-02 5.11213243e-01 7.14755654e-01
    3.36445510e-01 9.81462598e-01 3.78180981e-01 9.00052428e-01
    8.85685563e-01 1.61646754e-01 6.33781672e-01 3.16509008e-01
    9.97197509e-01 7.62205958e-01 6.42785192e-01 1.31167769e-02
    9.35786009e-01 3.04736733e-01 6.13633037e-01 4.77533251e-01
    2.66643524e-01 6.91314459e-01 8.74789119e-01 1.08326167e-01
    2.19332546e-01 9.42381024e-01 9.73135829e-02 6.66191041e-01
    2.15345532e-01 1.21257335e-01 8.35986674e-01 1.29592329e-01
    8.99292469e-01 9.20229435e-01 7.72987604e-02 5.62698543e-02
    4.15673912e-01 2.71825910e-01 4.69425172e-01 3.78379136e-01
    4.44431961e-01 2.69197822e-02 8.39206457e-01 5.30574262e-01
    4.09997761e-01 6.72897160e-01 6.67756796e-02 8.64837289e-01
    2.65330613e-01 6.20729566e-01 6.18366957e-01 3.01051140e-03
    1.31605983e-01 6.91189826e-01 9.73577380e-01 7.48363495e-01
    1.59390867e-01 3.02611947e-01 3.87658209e-01 4.37134206e-02
    7.58584976e-01 8.41619015e-01 8.87170136e-02 3.72163653e-01
    9.86805558e-01 9.05016780e-01 3.91977400e-01 4.07922417e-01
    5.18298209e-01 7.05584049e-01 8.57937992e-01 4.82819021e-01
    4.78014410e-01 2.65326619e-01 8.04830670e-01 9.87231731e-02
    3.85581076e-01 5.18782020e-01 2.19548792e-01 9.23769534e-01
    9.03084040e-01 4.61934656e-01 3.51956427e-01 7.02761650e-01
    6.26425862e-01 3.61930311e-01 5.29778421e-01 1.32971406e-01
    5.16931713e-01 6.63136959e-01 8.30986261e-01 9.95186090e-01
    7.37332642e-01 7.31302142e-01 5.91224551e-01 6.11769795e-01
    7.13615894e-01 9.41770017e-01 4.23384309e-02 8.15099001e-01
    5.93389213e-01 1.98116601e-02 1.58912241e-01 2.06445366e-01
    4.05871093e-01 9.50904965e-01 1.94499105e-01 6.15426064e-01
    1.51661962e-01 9.06630516e-01 2.95536816e-01 2.17081964e-01
    7.79057920e-01 4.16067004e-01 8.66912186e-01 9.96492803e-02
    6.37559295e-01 6.29488111e-01 7.08357275e-01 4.96004492e-01
    8.58600140e-02 8.93671393e-01 6.70512855e-01 2.65904963e-01
    2.60224074e-01 4.00288403e-01 2.49337792e-01 8.29769254e-01
    6.16270006e-02 2.31088936e-01 5.56512952e-01 6.94206476e-01
    4.38038290e-01 5.77451110e-01 2.55662590e-01 7.11661756e-01
    8.68966699e-01 9.91690755e-01 5.09754181e-01 3.06848824e-01
    1.12761468e-01 1.76788092e-01 3.95774126e-01 2.19589949e-01
    8.95511270e-01 5.99746943e-01 6.09627426e-01 7.82032728e-01
    9.05989885e-01 6.17691219e-01 1.21565312e-01 9.94684696e-01
    8.93591702e-01 2.30763048e-01 9.17577326e-01 2.15762079e-01
    5.68636715e-01 4.84923750e-01 1.98076576e-01 7.17788696e-01
    5.09689212e-01 2.42676616e-01 5.36028624e-01 7.29345322e-01
    1.00350499e-01 2.42138863e-01 6.71040177e-01 5.00737548e-01
    1.35687888e-02 4.51070905e-01 8.09184909e-01 3.76060724e-01
    1.10164374e-01 5.08134365e-01 7.50100970e-01 9.68179464e-01
    5.44666648e-02 9.43448126e-01 8.98662210e-01 1.45525694e-01
    3.12592030e-01 3.10114950e-01 6.55016541e-01 9.40527558e-01
    8.74644816e-01 8.36468101e-01 2.82955647e-01 7.37761497e-01
    7.38732636e-01 7.12310851e-01 8.15387368e-01 8.83354127e-01
    5.90674102e-01 1.23347789e-01 7.14794338e-01 8.06694865e-01
    4.73416239e-01 3.67492855e-01 1.10862613e-01 5.22443950e-01
    5.74931085e-01 1.46636575e-01 9.48200762e-01 5.61377645e-01
    7.62435317e-01 6.66420758e-02 5.82406640e-01 1.53303146e-02
    6.17331266e-02 4.85655934e-01 2.85927802e-01 5.50985694e-01
    9.95076418e-01 3.26247662e-01 5.41234553e-01 2.38460958e-01
    4.21488523e-01 5.70571363e-01 9.31604505e-01 7.29907334e-01
    6.36639595e-02 8.81220102e-01 2.85738379e-01 2.27685392e-01
    7.62514591e-01 7.55499840e-01 3.52186829e-01 3.16413164e-01
    6.06962919e-01 5.51935017e-01 1.82563096e-01 4.70117629e-01
    2.36858010e-01 9.96694922e-01 6.68580592e-01 6.29814506e-01
    3.52024376e-01 2.86633074e-01 6.31122112e-01 1.80317670e-01
    7.61171579e-02 4.53854114e-01 2.05689758e-01 7.82738626e-02
    9.96246815e-01 4.47293639e-01 5.39521158e-01 2.49909908e-01
    8.74266386e-01 6.65253043e-01 7.63067901e-02 7.99767494e-01
    1.05566174e-01 3.74665469e-01 5.78982294e-01 5.52119851e-01
    7.34831810e-01 3.29443932e-01 4.26123738e-02 9.12734866e-02
    4.32446599e-02 8.78423512e-01 2.19637245e-01 2.92327255e-01
    4.00882781e-01 3.97191375e-01 1.99095577e-01 5.03514409e-01
    9.78750944e-01 6.93025053e-01 6.41489267e-01 6.39468133e-02
    7.12662458e-01 5.74090838e-01 2.42237866e-01 1.89635813e-01
    6.43976688e-01 2.33241051e-01 9.98728812e-01 9.94832814e-01
    7.41516054e-02 2.19000131e-01 7.41796494e-01 4.79934245e-01
    2.01525390e-01 4.45798755e-01 9.87728715e-01 4.83786851e-01
    6.35938704e-01 5.04503071e-01 1.52725995e-01 7.05804825e-01
    6.06622994e-01 5.03298581e-01 3.71060014e-01 1.61909372e-01
    1.13172024e-01 7.51224279e-01 3.42046380e-01 8.62092853e-01
    9.28331017e-01 5.17576218e-01 1.23359829e-01 9.04379070e-01
    5.50277412e-01 3.94499063e-01 2.10009098e-01 6.59366310e-01
    5.85617542e-01 9.76780593e-01 9.40876842e-01 5.44775188e-01
    3.43947411e-02 2.50336051e-01 3.32646400e-01 4.64957654e-02
    5.11383355e-01 8.41702938e-01 3.88616592e-01 3.21537733e-01
    6.64291322e-01 5.23032129e-01 6.61774576e-01 2.11062670e-01
    3.41667593e-01 7.17880487e-01 5.91175795e-01 1.15786552e-01
    2.22144127e-02 3.86091918e-01 1.78891301e-01 8.31360161e-01
    1.78855747e-01 8.68274391e-01 6.63800895e-01 9.12300110e-01
    1.33304834e-01 3.53443861e-01 5.76658189e-01 7.08056331e-01
    1.95116222e-01 8.67100239e-01 8.23968649e-02 3.33744437e-01
    7.15902984e-01 7.00822771e-02 3.10853183e-01 3.42470795e-01
    9.62464333e-01 5.15248895e-01 2.65134722e-01 3.75256777e-01
    9.78322148e-01 8.75901341e-01 4.53716546e-01 3.58246237e-01
    4.84731138e-01 1.31822109e-01 3.38276923e-02 9.27599907e-01
    3.46276820e-01 6.74469590e-01 4.32318926e-01 4.13139731e-01
    1.88529283e-01 1.49312347e-01 6.00731611e-01 9.25722361e-01
    9.47238445e-01 4.15266752e-02 9.30629969e-01 6.95993543e-01
    2.17705071e-01 4.48675066e-01 7.94730425e-01 2.28903234e-01
    4.88843024e-02 5.63459694e-01 5.56802332e-01 9.54254866e-01
    4.09518659e-01 5.03922224e-01 4.97109890e-02 2.59773672e-01
    7.98985422e-01 7.29257822e-01 8.40303302e-01 3.95968527e-01
    2.46915907e-01 1.07640982e-01 5.38794041e-01 5.37638962e-01
    9.23927605e-01 3.46439987e-01 3.69707882e-01 9.67341006e-01
    8.96407723e-01 2.39640385e-01 8.55497718e-01 3.20590436e-01
    3.57937157e-01 1.58489913e-01 9.83931124e-02 7.97727108e-01
    2.97482193e-01 6.55009568e-01 8.05746734e-01 6.11163318e-01
    9.64402258e-01 3.36430669e-01 3.56597424e-01 5.72657943e-01
    9.53418732e-01 9.06640232e-01 3.44446570e-01 2.70758867e-01
    9.57947254e-01 2.86734909e-01 1.60932302e-01 2.86788166e-01
    2.91983187e-01 1.03763968e-01 5.99993587e-01 6.15574479e-01
    7.78414786e-01 1.15292162e-01 9.61202383e-01 5.49700022e-01
    6.29752755e-01 6.23143554e-01 2.14477479e-01 2.36002684e-01
    5.26683450e-01 3.95534337e-01 5.65241754e-01 1.79909468e-01
    1.07256502e-01 4.79679227e-01 3.31487954e-01 7.91827798e-01
    7.33815193e-01 2.86451876e-01 4.92897987e-01 3.92777383e-01
    2.08722115e-01 2.21189082e-01 1.03440762e-01 1.36344522e-01
    5.92697024e-01 6.52594626e-01 5.54507256e-01 3.79536688e-01
    5.61138511e-01 9.70876515e-02 7.21590102e-01 5.15334427e-01
    3.12394977e-01 7.23981023e-01 3.58374745e-01 4.91602093e-01
    8.56990337e-01 8.51455927e-02 3.58417094e-01 1.58834338e-01
    8.24925542e-01 1.16697937e-01 1.31489515e-01 7.97630310e-01
    4.31758672e-01 8.65527868e-01 8.20633829e-01 3.20583165e-01
    9.62905765e-01 1.31933182e-01 6.36831105e-01 1.25832468e-01
    3.31328213e-01 3.50576222e-01 7.63636589e-01 8.47778738e-01
    9.99855280e-01 7.45241046e-01 5.42120576e-01 9.00247455e-01
    2.33717859e-01 9.92112875e-01 5.57250917e-01 9.39757884e-01
    2.42928743e-01 3.81978244e-01 9.00556564e-01 2.85589039e-01
    1.76357180e-01 7.73025155e-02 5.45003414e-02 2.17281967e-01
    9.30878401e-01 9.44491029e-01 9.41212773e-01 9.54487145e-01
    8.85212839e-01 9.76257324e-01 2.55482197e-02 1.71960026e-01
    5.41855454e-01 3.28544676e-01 3.30203682e-01 1.39006227e-01
    3.14203829e-01 8.23304892e-01 9.18615222e-01 3.62579525e-01
    6.69184446e-01 4.09965783e-01 7.24983096e-01 2.81201661e-01
    9.04071391e-01 9.58844662e-01 9.87978697e-01 6.81458056e-01
    8.74260545e-01 4.59059477e-01 1.77958190e-01 9.19585705e-01
    2.15226829e-01 1.10274434e-01 9.79367912e-01 6.37430847e-01
    6.21986985e-01 9.09142733e-01 9.28199768e-01 7.63696194e-01
    1.37346715e-01 9.47383881e-01 8.22144270e-01 7.51999319e-02
    1.40333295e-01 8.97306442e-01 3.39496255e-01 5.04497290e-01
    5.88906705e-02 8.37265491e-01 7.35823452e-01 2.17749238e-01
    3.24636579e-01 1.48346245e-01 7.01503873e-01 8.33046913e-01
    5.36780596e-01 8.16884637e-01 1.89167291e-01 1.75598025e-01
    4.23714727e-01 6.00108504e-03 2.70413697e-01 6.28260612e-01
    2.69176364e-01 4.87698913e-02 7.78354764e-01 1.64882034e-01
    6.70122206e-02 2.35444695e-01 9.44600582e-01 8.45284283e-01
    9.06169534e-01 9.67741489e-01 2.24469841e-01 6.00867331e-01
    1.00611031e-01 3.69243741e-01 5.08621573e-01 9.26331639e-01
    4.21640038e-01 2.54423440e-01 5.20879626e-01 3.51422459e-01
    7.42914081e-01 8.67015660e-01 7.73627162e-01 2.30355531e-01
    4.70514476e-01 5.94805539e-01 6.15529418e-02 3.54737878e-01
    7.41020739e-01 4.59557295e-01 2.25791752e-01 7.15512037e-03
    6.59413338e-01 9.27582502e-01 3.82394016e-01 3.44108641e-02
    8.29756737e-01 4.24060225e-03 1.32001698e-01 9.93991435e-01
    9.51120615e-01 3.86261880e-01 3.67491037e-01 8.37789595e-01
    5.29041767e-01 6.27675951e-01 7.29905248e-01 1.91610307e-01
    8.87312472e-01 8.54880929e-01 2.19655335e-01 4.49891150e-01
    8.32160234e-01 8.31798077e-01 6.91479623e-01 8.72640371e-01
    9.74396348e-01 8.03239107e-01 5.97900331e-01 5.32593966e-01
    5.12539864e-01 2.32184887e-01 1.91476315e-01 6.68905020e-01
    7.13557184e-01 6.52041435e-01 6.21069372e-01 6.47173464e-01
    2.04494029e-01 9.07920897e-02 8.11723351e-01 9.95372653e-01
    9.98749316e-01 5.14981389e-01 8.63529027e-01 2.27869332e-01
    3.11270356e-01 6.00143671e-02 1.36654258e-01 7.74882674e-01
    9.44641471e-01 9.28575873e-01 5.83148897e-02 5.04991949e-01
    8.70482326e-01 9.21309710e-01 9.40588832e-01 2.73763627e-01
    9.77952003e-01 1.25033826e-01 1.84874147e-01 9.60308254e-01
    8.37496400e-01 5.63044310e-01 3.69515389e-01 3.86401594e-01
    7.03010917e-01 5.35469234e-01 9.89683568e-02 2.22777992e-01
    1.93285435e-01 9.64380383e-01 5.43373704e-01 4.89017546e-01
    8.46757412e-01 3.87186468e-01 8.71593177e-01 5.11006594e-01
    8.98891330e-01 2.12834746e-01 8.71254802e-01 8.36616635e-01
    7.67489314e-01 8.23557377e-03 1.86817646e-01 4.38941777e-01
    8.56877565e-01 8.74990225e-01 5.30607045e-01 4.12778378e-01
    5.73077738e-01 8.31112981e-01 4.12203193e-01 5.64737141e-01
    7.59114802e-01 7.27361023e-01 9.04442072e-02 3.55403900e-01
    5.95106065e-01 5.90154111e-01 4.67562228e-01 1.26292944e-01
    6.89662993e-02 4.68591005e-01 5.86099923e-01 8.38466883e-01
    3.73378396e-02 6.18400097e-01 8.63384366e-01 8.76095891e-01
    3.40500891e-01 2.61313558e-01 7.74909139e-01 3.08297813e-01
    1.61421716e-01 8.16702247e-01 3.03389311e-01 4.72733259e-01
    1.24554425e-01 7.53302217e-01 1.46770567e-01 4.12978828e-02
    1.47366792e-01 4.76442277e-01 4.12937552e-01 3.24988425e-01
    2.84185380e-01 5.23269117e-01 4.06463444e-01 6.52124643e-01
    1.29218519e-01 7.91003406e-02 7.87257433e-01 4.20156360e-01
    6.16947472e-01 1.27860487e-01 5.21255374e-01 4.64177430e-01
    1.27713382e-02 8.29906821e-01 8.78523767e-01 6.10216856e-02
    6.95850313e-01 1.37434900e-01 7.27279603e-01 7.75349855e-01
    4.63095874e-01 6.14467144e-01 7.62400270e-01 9.83317018e-01
    2.73604810e-01 2.47006774e-01 6.76068902e-01 9.23764527e-01
    2.15187222e-01 4.59027678e-01 5.01491725e-01 2.94977427e-02
    1.17495447e-01 1.11010075e-02 7.34618366e-01 7.35077202e-01
    6.51795745e-01 7.74008334e-01 3.29605758e-01 8.44876170e-02
    4.14650559e-01 7.80088603e-02 6.79643035e-01 7.18780637e-01
    1.59602672e-01 1.07221514e-01 7.23531604e-01 1.57404035e-01
    1.09375119e-02 7.44978070e-01 4.50863719e-01 4.79521304e-01
    2.40987808e-01 8.09768736e-01 3.76883745e-02 4.50545579e-01
    1.72528476e-01 5.45577407e-01 6.53139710e-01 7.35766768e-01
    4.18801665e-01 9.99341726e-01 5.30431867e-02 4.58549559e-01
    6.05648756e-01 4.91466165e-01 1.31490707e-01 8.41271579e-01
    4.33527470e-01 2.23160535e-01 5.54201961e-01 6.66565657e-01
    3.39680314e-02 6.79813623e-02 2.83704817e-01 3.51345897e-01
    7.13340342e-02 3.63472223e-01 7.38607883e-01 7.18485594e-01
    7.54564047e-01 8.92121494e-02 1.40863180e-01 3.90920818e-01
    9.20100212e-01 9.91406262e-01 5.61810315e-01 7.15875626e-01
    4.54858482e-01 2.15355873e-01 4.80774164e-01 2.12087363e-01
    2.31653333e-01 4.27259028e-01 6.40063345e-01 8.06865275e-01
    9.11205888e-01 6.18936837e-01 3.59887630e-01 7.65879393e-01
    5.83057523e-01 2.34124005e-01 6.23173296e-01 5.98354995e-01
    2.74295807e-02 4.81866568e-01 9.17017519e-01 6.19640708e-01
    9.40227985e-01 2.56649166e-01 4.80750442e-01 6.13837421e-01
    6.54027283e-01 1.60723835e-01 6.15641654e-01 3.98506820e-02
    5.62886000e-02 3.41970116e-01 5.29729307e-01 7.58687615e-01
    7.96737373e-02 1.15844399e-01 1.29649669e-01 7.59661198e-01
    3.45775545e-01 3.96781296e-01 6.84055507e-01 9.46992755e-01
    2.95296222e-01 1.62837356e-01 1.21216297e-01 3.45007479e-02
    8.73260975e-01 5.53637743e-01 4.69705164e-01 4.78627980e-02
    9.19100285e-01 5.58601260e-01 4.77256745e-01 5.13942420e-01
    6.89442039e-01 9.76662397e-01 2.22606122e-01 1.05763286e-01
    3.89494002e-02 3.75075668e-01 9.24768448e-01 7.59048760e-01
    8.82268906e-01 4.22037631e-01 9.51470256e-01 1.86168939e-01
    3.61930966e-01 5.25683880e-01 8.82877827e-01 6.64837122e-01
    4.16999072e-01 8.29554796e-01 4.33726788e-01 8.36777687e-02
    8.52701366e-01 2.46255696e-02 7.66547203e-01 3.56553495e-02
    3.65457833e-02 9.05368388e-01 8.80209982e-01 1.82854414e-01
    3.22452843e-01 7.31826186e-01 6.47246301e-01 9.14112568e-01
    8.95386338e-01 8.04696798e-01 7.97589302e-01 3.45227420e-02
    5.00372112e-01 3.90177071e-01 3.21511567e-01 4.82699722e-01
    2.84976482e-01 1.24500692e-02 6.99967921e-01 6.83032632e-01
    4.83846515e-01 8.59930038e-01 5.66222370e-01 3.18661541e-01
    5.72275817e-02 9.83959317e-01 4.17508572e-01 1.50788546e-01
    9.48806643e-01 5.92351735e-01 6.10642254e-01 1.04871988e-02
    3.76221925e-01 4.31821942e-02 8.45767260e-01 4.09379274e-01
    7.05613852e-01 8.29349160e-01 1.06396437e-01 7.20223188e-01
    2.33294219e-01 9.66578960e-01 6.81058586e-01 6.48623645e-01
    9.46403086e-01 8.59092355e-01 5.14423251e-02 9.35718775e-01
    3.74607086e-01 4.30972040e-01 2.04917103e-01 5.02986670e-01
    6.88690066e-01 4.23379838e-01 3.15571427e-02 4.63558316e-01
    7.55299568e-01 2.88622916e-01 9.59903598e-02 1.11801147e-01
    2.60275722e-01 4.97726530e-01 6.32387638e-01 8.39159489e-01
    3.52763534e-02 9.53711987e-01 5.22005558e-02 5.67985237e-01
    6.67585313e-01 3.71915996e-01 8.40358078e-01 9.03243363e-01
    1.36271834e-01 6.54949784e-01 9.36646163e-02 4.38065916e-01
    4.26886410e-01 6.34283423e-01 3.41206193e-02 9.96238530e-01
    4.71244007e-01 8.98478806e-01 2.88993716e-01 1.12908483e-02
    6.12921000e-01 2.40143180e-01 3.73419017e-01 9.15562689e-01
    2.73955405e-01 2.28986055e-01 8.04295540e-01 2.43118882e-01
    3.82337421e-01 4.52123940e-01 6.94571793e-01 2.97317415e-01
    5.35573721e-01 8.21638584e-01 1.83034867e-01 7.66555548e-01
    7.31495976e-01 4.08956885e-01 4.57685590e-01 4.91505057e-01
    2.16470152e-01 3.68686587e-01 5.58845699e-01 9.79136705e-01
    3.13265622e-01 3.62102300e-01 5.71103692e-01 9.91707087e-01
    8.28420162e-01 3.96523654e-01 4.84606087e-01 5.10688961e-01
    4.87661362e-01 3.00193995e-01 5.13676465e-01 1.00062042e-01
    5.35452127e-01 7.88102984e-01 3.61798406e-01 8.88183355e-01
    1.12525761e-01 2.83183753e-01 7.73365080e-01 9.39101279e-02
    4.68701482e-01 1.53752476e-01 7.40114450e-01 5.83229542e-01
    9.18870687e-01 4.58179027e-01 8.14640284e-01 6.42800450e-01
    9.00401711e-01 1.63284034e-01 2.60949552e-01 4.77527052e-01
    4.45601046e-01 9.50367332e-01 4.35876518e-01 5.05241573e-01
    3.90576720e-01 5.78765154e-01 6.62453055e-01 5.67401826e-01
    9.76286232e-02 7.16455817e-01 2.23760426e-01 9.16745663e-02
    3.22441578e-01 1.50232464e-01 4.94979501e-01 9.69229698e-01
    4.82772291e-01 6.74954176e-01 4.72977459e-02 3.98427546e-01
    3.32626820e-01 3.15645635e-02 1.11523479e-01 9.40709949e-01
    7.42254615e-01 6.66570544e-01 7.04969049e-01 7.60773122e-01
    8.21566820e-01 4.92340058e-01 7.52495527e-01 2.94671923e-01
    4.08400536e-01 7.37253785e-01 2.18190134e-01 4.38002706e-01
    8.73061657e-01 5.27951121e-01 8.96028399e-01 7.86345780e-01
    3.40657413e-01 7.78598785e-01 4.78443921e-01 9.13331032e-01
    6.79134011e-01 1.06866181e-01 3.94759476e-02 5.05768836e-01
    2.29530394e-01 1.58975661e-01 6.79132640e-01 5.25687456e-01
    1.07337266e-01 1.38018519e-01 4.29200590e-01 9.53330994e-02
    9.09495533e-01 4.47534561e-01 9.10608828e-01 1.60284191e-01
    3.78808767e-01 5.48138022e-01 2.36400455e-01 6.96223378e-01
    5.19892156e-01 5.89241326e-01 9.67186093e-01 6.17607951e-01
    9.75278378e-01 4.34525847e-01 3.41948330e-01 7.93244958e-01
    6.78503156e-01 4.55911160e-01 8.26259017e-01 6.38045549e-01
    7.77929187e-01 3.55000973e-01 2.42224783e-01 3.25062573e-01
    7.13925421e-01 1.43891454e-01 5.73700249e-01 5.55967510e-01
    7.09304214e-02 2.53322423e-02 2.79150754e-01 5.41748106e-01
    5.57846546e-01 3.95499170e-01 8.43645334e-01 6.81120992e-01
    5.57161570e-01 1.40553862e-01 9.31013763e-01 8.81127715e-02
    9.02937949e-02 6.02221608e-01 5.90287089e-01 1.21400654e-01
    6.55895591e-01 6.20604992e-01 5.59283912e-01 9.46912646e-01
    4.84076887e-01 6.54771388e-01 1.04339778e-01 8.80341291e-01
    3.02447081e-01 9.11283195e-01 4.82743174e-01 7.24969864e-01
    9.56174374e-01 6.92532420e-01 7.10977077e-01 1.74156100e-01
    9.03335333e-01 5.73654234e-01 6.25904083e-01 4.63267744e-01
    8.01860452e-01 7.26169825e-01 9.57290530e-01 3.54540348e-02
    7.54042864e-01 4.92175221e-01 8.55607986e-02 3.67269844e-01
    2.91156650e-01 8.57725620e-01 8.66450727e-01 4.78769004e-01
    3.76110256e-01 9.72772539e-01 9.40783262e-01 6.20062709e-01
    8.22734296e-01 3.16829801e-01 5.48761427e-01 8.16741705e-01
    9.60219562e-01 6.80928886e-01 3.70828807e-02 6.06599510e-01
    5.70348024e-01 9.39621806e-01 3.04598689e-01 7.09341347e-01
    5.32621324e-01 8.43319535e-01 2.80207455e-01 6.05930746e-01
    8.91704977e-01 1.47687495e-02 2.49316216e-01 7.63028741e-01
    9.48021054e-01 5.36611021e-01 9.72363055e-02 1.33074760e-01
    3.22700500e-01 1.82031751e-01 9.43739176e-01 9.84562218e-01
    5.30865192e-01 9.26423550e-01 9.15621519e-01 2.85827696e-01
    3.29373062e-01 7.49323010e-01 1.14043146e-01 7.34319150e-01
    5.56479573e-01 7.34728217e-01 2.96397090e-01 7.92759776e-01
    5.22915184e-01 1.95385098e-01 3.92641425e-01 7.67893910e-01
    5.37537634e-01 2.16979444e-01 2.55655289e-01 2.43145198e-01
    3.19985926e-01 9.77185011e-01 9.85812664e-01 5.52408040e-01
    4.81718242e-01 5.34352839e-01 7.58168280e-01 6.70468569e-01
    6.80158496e-01 6.82424009e-02 6.59669638e-01 1.78041667e-01
    9.15158749e-01 7.06252396e-01 1.25129938e-01 7.59783387e-01
    8.05767357e-01 2.20247209e-02 8.10778856e-01 5.93709171e-01
    6.44941092e-01 7.20013022e-01 1.53993607e-01 6.99988961e-01
    1.04379535e-01 8.64054620e-01 9.39083815e-01 9.20301676e-01
    7.86473751e-01 7.86354184e-01 5.12785375e-01 3.33501220e-01
    1.43919438e-01 8.99309516e-02 9.65426981e-01 2.32269675e-01
    1.52208865e-01 8.88018250e-01 4.15234268e-02 8.63924980e-01
    5.79592109e-01 9.10246372e-01 4.47790354e-01 1.45323485e-01
    6.63546562e-01 5.85996270e-01 8.36158812e-01 1.16973996e-01
    7.73369431e-01 3.69286209e-01 3.98516417e-01 6.70451641e-01
    7.39042401e-01 3.55860949e-01 3.16524476e-01 1.02980673e-01
    6.94181740e-01 9.07732904e-01 4.28894222e-01 9.70515549e-01
    2.43553489e-01 5.92408955e-01 9.29673731e-01 2.65111446e-01
    7.52278149e-01 9.37213778e-01 1.83160037e-01 6.06797397e-01
    6.40693665e-01 7.99163699e-01 2.08783448e-02 2.83614576e-01
    1.00643307e-01 7.13057041e-01 6.89979553e-01 2.49689758e-01
    4.90558088e-01 5.23983836e-01 3.62519443e-01 3.03682268e-01
    1.63462728e-01 4.54895288e-01 8.77230525e-01 5.30207694e-01
    2.81316459e-01 7.23490298e-01 4.94390815e-01 1.47531211e-01
    2.67892003e-01 9.09066200e-03 1.44686431e-01 6.53888941e-01
    4.08329874e-01 8.54736745e-01 3.42519164e-01 7.84033298e-01
    4.45758402e-01 8.95087421e-01 9.47402358e-01 9.55091417e-01
    9.56944466e-01 7.28917897e-01 9.96544421e-01 2.48031408e-01
    1.92344546e-01 4.22679126e-01 6.96536303e-02 5.88042140e-01
    5.57805598e-02 3.19779843e-01 2.16799080e-01 6.37415349e-02
    4.28198457e-01 1.91087633e-01 7.42473722e-01 9.53807771e-01
    8.55149150e-01 7.44072318e-01 2.70100296e-01 2.54704297e-01
    2.43282586e-01 7.45014966e-01 9.47653770e-01 8.08291912e-01
    2.39334762e-01 4.78414237e-01 8.71812582e-01 3.94074410e-01
    7.35442281e-01 5.96482933e-01 2.70008743e-01 9.73388791e-01
    6.74893856e-01 8.29039216e-01 7.17822075e-01 7.78322101e-01
    9.77409363e-01 2.63280004e-01 4.02517527e-01 2.77013272e-01
    9.39495862e-01 4.38512802e-01 5.42870522e-01 2.83897817e-02
    6.12605333e-01 3.43432128e-02 9.59458828e-01 3.13410044e-01
    4.42602903e-01 1.37619704e-01 6.06193602e-01 7.80848682e-01
    1.70109391e-01 7.86039948e-01 8.47914815e-02 5.12777150e-01
    2.40768254e-01 3.00513208e-02 4.66175646e-01 2.46663660e-01
    7.05785155e-02 3.21920156e-01 6.87187135e-01 8.27341259e-01
    7.51494408e-01 5.14073789e-01 2.21810758e-01 7.67260790e-01
    7.09819794e-03 9.02771413e-01 3.99114817e-01 3.81900579e-01
    9.98115063e-01 4.30190593e-01 3.75408828e-02 3.83973360e-01
    4.75585938e-01 3.94014180e-01 4.77503449e-01 2.20241576e-01
    6.13230288e-01 7.50128269e-01 8.93119454e-01 5.24296939e-01
    9.39256191e-01 3.60231340e-01 1.04518980e-01 8.96584690e-01
    2.40599275e-01 9.58967984e-01 6.10994041e-01 5.52821755e-01
    2.02046335e-02 5.47496796e-01 5.48106134e-01 1.15023464e-01
    7.15041757e-01 4.27811712e-01 7.53984928e-01 5.62681973e-01
    6.11415327e-01 2.38433778e-01 9.58191454e-02 9.68612671e-01
    7.11400092e-01 1.50566131e-01 7.21829653e-01 2.09699064e-01
    7.87675619e-01 4.15474713e-01 7.25544631e-01 6.35812283e-01
    2.67314255e-01 7.80091047e-01 7.18467593e-01 2.91971982e-01
    2.45182395e-01 1.74331665e-03 8.09273005e-01 9.93999720e-01
    6.91194057e-01 8.45385551e-01 4.96027589e-01 2.26228714e-01
    6.57819211e-01 2.81651735e-01 2.61778533e-01 1.16379559e-02
    9.20948088e-02 3.99979174e-01 5.71633220e-01 7.80571342e-01
    7.25856662e-01 2.01538801e-02 2.74007142e-01 8.55840802e-01
    3.54118675e-01 8.71384561e-01 3.75698298e-01 2.13471711e-01
    2.11343974e-01 3.58782828e-01 2.23893464e-01 5.18912911e-01
    1.69995874e-01 6.94497526e-01 2.05117196e-01 6.96525931e-01
    6.07580960e-01 1.31687522e-03 6.99913859e-01 8.51602077e-01
    1.28587782e-02 5.00646591e-01 6.54610872e-01 1.69487715e-01
    1.42492235e-01 3.38140011e-01 3.74128938e-01 8.37664068e-01
    3.82247865e-01 3.18179429e-02 6.98738039e-01 1.35081798e-01
    5.07344902e-01 9.64087248e-02 5.35702288e-01 6.77104115e-01
    8.46360922e-01 9.21294451e-01 7.74592340e-01 7.93114305e-02
    8.82116079e-01 5.37686586e-01 2.43966997e-01 4.77898091e-01
    1.05161369e-01 3.30948651e-01 2.78610796e-01 7.84721136e-01
    2.83506900e-01 9.96557474e-01 4.33936924e-01 4.18525815e-01
    2.45778412e-01 5.34848571e-01 8.94834518e-01 5.98005056e-01
    9.93780613e-01 1.72008395e-01 5.93893886e-01 7.44977355e-01
    2.58222133e-01 4.95621175e-01 7.27781415e-01 5.86432576e-01
    3.70292068e-02 3.05098265e-01 1.64052814e-01 6.85535669e-01
    5.22380292e-01 8.73797774e-01 6.24625325e-01 4.55681264e-01
    3.55390310e-02 9.89579797e-01 1.94979638e-01 8.64292085e-02
    1.06054634e-01 7.68362582e-02 5.81003606e-01 8.32946181e-01
    2.72368014e-01 8.43232036e-01 2.40249306e-01 1.83517039e-01
    7.19957113e-01 4.49077547e-01 9.92044508e-01 4.78726625e-03
    8.04645777e-01 7.15570927e-01 9.03470397e-01 2.06484377e-01
    3.52540314e-02 5.50234973e-01 5.60453355e-01 8.90781045e-01
    1.21304512e-01 3.78114820e-01 1.61860824e-01 2.93686450e-01
    4.21669483e-01 9.90076065e-01 7.93918848e-01 5.78672886e-01
    7.00527668e-01 7.59551883e-01 6.04818404e-01 3.85152698e-02
    7.00792074e-01 4.92921770e-01 1.05094880e-01 2.33693808e-01
    3.74337196e-01 9.26694632e-01 9.68078494e-01 3.89891446e-01
    2.21106052e-01 3.64738047e-01 7.89325297e-01 5.85025787e-01
    9.74219680e-01 2.26867020e-01 9.04809713e-01 5.94527125e-01
    8.62005234e-01 3.17668200e-01 5.18092752e-01 2.13257283e-01
    5.31330645e-01 7.84218729e-01 2.89291918e-01 2.71788985e-01
    4.40786332e-01 2.65332222e-01 3.16809773e-01 2.36261696e-01
    9.86973524e-01 7.38008022e-01 6.06612861e-02 5.68243682e-01
    6.54984474e-01 1.90679371e-01 4.45750326e-01 5.26966631e-01
    2.44673103e-01 9.30378318e-01 3.22456390e-01 2.51109689e-01
    6.13958299e-01 8.74368668e-01 2.77135134e-01 7.83176422e-02
    8.99089932e-01 3.02195549e-01 6.39491439e-01 4.61696833e-01
    6.37723684e-01 9.63913441e-01 5.10928988e-01 2.12405771e-01
    4.20866132e-01 5.40108860e-01 8.23899984e-01 1.02526724e-01
    8.81012082e-01 1.51809573e-01 7.50213206e-01 1.22069716e-02
    2.96265006e-01 5.80542445e-01 4.12948221e-01 9.88151789e-01
    7.10386455e-01 3.07274878e-01 9.44018185e-01 5.08252740e-01
    2.13989109e-01 7.66977131e-01 1.01053506e-01 8.06150675e-01
    5.78030825e-01 2.10869074e-01 7.06418991e-01 1.64269954e-01
    1.60828412e-01 6.82756364e-01 9.19006944e-01 3.71004105e-01
    4.32701886e-01 6.15374684e-01 3.42850268e-01 9.67224061e-01
    7.66591907e-01 4.37447429e-01 3.20643842e-01 9.56006765e-01
    8.19299102e-01 3.38744223e-01 4.58227634e-01 8.09202433e-01
    9.32591438e-01 2.30972111e-01 7.31975019e-01 3.73226643e-01
    5.50300062e-01 4.26899552e-01 9.17390466e-01 7.38427520e-01
    9.39765096e-01 1.99794233e-01 6.96665406e-01 2.83228159e-02
    1.52936518e-01 4.51674402e-01 3.38958740e-01 5.33501089e-01
    3.16486120e-01 1.85043633e-01 8.45954955e-01 8.87582719e-01
    7.36650467e-01 2.14082122e-01 4.35651541e-02 5.52448630e-01
    5.51715791e-01 4.06347811e-01 7.19751775e-01 5.16641438e-01
    6.10613585e-01 8.73370647e-01 4.64515358e-01 1.48575783e-01
    8.47728312e-01 6.27458811e-01 1.94410443e-01 4.75915670e-01
    5.97471058e-01 2.66376644e-01 8.25276971e-01 7.66753316e-01
    3.92091632e-01 9.60177541e-01 6.80693626e-01 7.37569392e-01
    5.49197614e-01 1.61857605e-02 4.75643039e-01 1.81020558e-01
    9.58991706e-01 7.96500325e-01 1.05631322e-01 7.00897336e-01
    3.10896814e-01 1.11505508e-01 3.48042071e-01 1.33463472e-01
    8.38508964e-01 4.04843330e-01 3.22040319e-01 7.27363706e-01
    9.29292381e-01 5.83467245e-01 3.05323362e-01 6.22016072e-01
    7.49423087e-01 3.30426097e-02 7.78907835e-02 9.56902862e-01
    4.73974109e-01 9.11935210e-01 1.87717974e-02 5.37322164e-02
    6.08435512e-01 4.41134751e-01 2.37823337e-01 6.60475016e-01
    7.16384053e-02 6.95941925e-01 5.01244426e-01 9.14614439e-01
    8.31218898e-01 2.21278965e-01 9.43293810e-01 2.50756621e-01
    9.82887626e-01 2.18318284e-01 8.67730975e-02 1.73138678e-02
    2.91663468e-01 3.28689367e-01 4.21188772e-01 9.66164410e-01
    2.86198795e-01 4.79708731e-01 8.87105048e-01 2.58328855e-01
    2.93667316e-02 6.75595522e-01 7.48213649e-01 9.31295455e-01
    2.21166670e-01 9.44924116e-01 4.41525608e-01 1.74457818e-01
    2.92930931e-01 6.98860288e-02 3.28895926e-01 2.48851299e-01
    4.16464269e-01 3.66648227e-01 6.72290206e-01 8.76683652e-01
    6.95580959e-01 5.75591683e-01 8.53481233e-01 4.96795297e-01
    8.42288733e-01 5.01631379e-01 6.30436718e-01 2.09582120e-01
    8.08593988e-01 7.79926658e-01 6.51687145e-01 4.35649782e-01
    6.29142940e-01 5.11739731e-01 1.71912849e-01 7.63451338e-01
    8.45077991e-01 4.68225896e-01 9.36648607e-01 5.71662366e-01
    7.12928116e-01 6.69377089e-01 2.79497087e-01 8.15715432e-01
    7.66573489e-01 2.67120481e-01 6.38437271e-03 2.51448095e-01
    9.94472623e-01 2.55722523e-01 4.77192312e-01 6.79730654e-01
    9.92991924e-01 6.04561269e-01 9.16033149e-01 6.33452058e-01
    4.29194063e-01 1.28573388e-01 6.38024330e-01 4.09581095e-01
    1.70441866e-02 8.59781146e-01 6.87198997e-01 7.13150978e-01
    6.69903100e-01 1.82895750e-01 7.41531551e-02 3.55240226e-01
    9.31287766e-01 5.34323812e-01 3.09012771e-01 4.62495118e-01
    7.33494759e-01 5.87807000e-02 5.92227042e-01 5.48003495e-01
    1.12419039e-01 1.91318780e-01 1.92070365e-01 7.78515816e-01
    6.70247078e-01 7.80196786e-01 1.43754125e-01 6.70930147e-01
    2.02094316e-01 8.99281621e-01 7.15788126e-01 5.73236346e-01
    5.77134788e-01 4.05773133e-01 4.01889831e-01 5.53514123e-01
    1.13843799e-01 7.32458472e-01 3.14319879e-01 3.63855869e-01
    2.61644542e-01 2.02843666e-01 1.20147645e-01 8.25090647e-01
    9.56851840e-02 2.57322073e-01 6.95220292e-01 2.03196168e-01
    5.73535442e-01 8.36334348e-01 6.32605255e-02 4.63219255e-01
    8.89513016e-01 3.28886420e-01 7.94931471e-01 6.77301466e-01
    9.83023226e-01 3.86818260e-01 6.36701405e-01 9.45314765e-01
    2.21462429e-01 8.48909616e-01 8.59831452e-01 7.43006349e-01
    4.73490775e-01 8.84928107e-02 3.75890166e-01 8.27784896e-01
    5.25469363e-01 8.05486739e-02 9.06278193e-01 3.95366669e-01
    4.50854331e-01 5.96956849e-01 7.90637612e-01 2.08289057e-01
    9.35947299e-01 8.12525868e-01 1.17295861e-01 6.36908352e-01
    7.67457485e-03 1.16389215e-01 9.60581183e-01 4.90988582e-01
    9.62839007e-01 6.49176717e-01 4.43971336e-01 9.51755822e-01
    8.78511131e-01 6.57312930e-01 4.54770714e-01 1.34291410e-01
    2.36218989e-01 6.14339292e-01 8.87322545e-01 7.74265826e-01
    3.32585096e-01 6.78868771e-01 8.18731606e-01 4.69030619e-01
    7.35567689e-01 3.00246477e-01 2.56108582e-01 2.08244383e-01
    7.46834755e-01 9.02956367e-01 6.19695961e-01 5.80198824e-01
    1.65495008e-01 3.36513042e-01 9.55646813e-01 3.05366993e-01
    7.76784718e-02 1.89521968e-01 9.52591538e-01 4.86701488e-01
    5.41937470e-01 9.47183371e-01 9.37598109e-01 5.64923406e-01
    4.00183409e-01 9.34420168e-01 8.13617945e-01 1.54625058e-01
    2.50881553e-01 8.92611861e-01 8.27281952e-01 1.00567937e-01
    7.81723082e-01 3.47477078e-01 5.23263335e-01 8.73448014e-01
    7.11158633e-01 1.90926492e-01 5.84552765e-01 9.12398934e-01
    8.82975698e-01 4.31509465e-01 9.53519702e-01 9.69648659e-01
    3.92380357e-02 2.69463778e-01 3.37215185e-01 9.60760534e-01
    5.08211613e-01 3.21564376e-01 5.53204238e-01 1.29482150e-02
    5.00942349e-01 2.96147704e-01 2.55767882e-01 1.67496115e-01
    5.58604419e-01 7.80628085e-01 5.28005481e-01 3.52249384e-01
    2.90330708e-01 5.67828715e-01 9.31461096e-01 3.20806384e-01
    7.90977776e-02 3.26697707e-01 8.92799020e-01 7.48464346e-01
    7.80388713e-01 1.75150871e-01 7.99690366e-01 4.33190286e-01
    1.20154858e-01 7.97350883e-01 8.89612556e-01 6.67332768e-01
    2.20839739e-01 9.18587446e-02 3.88004154e-01 9.38566029e-01
    3.64247948e-01 1.27261698e-01 2.62680769e-01 5.24517596e-01
    3.82781446e-01 6.53208494e-01 5.27346909e-01 1.98487073e-01
    1.05177552e-01 2.55800128e-01 8.45747352e-01 9.14831996e-01
    8.92465234e-01 9.98848081e-01 7.89471030e-01 2.91247547e-01
    4.41423506e-01 6.97432995e-01 5.81603646e-01 2.51633644e-01
    7.40208626e-01 7.72194147e-01 3.67149681e-01 3.00192535e-01
    1.17177367e-01 5.66302955e-01 1.46332681e-01 9.80155826e-01
    2.77920187e-01 2.45205164e-02 8.05419207e-01 4.50811982e-02
    4.42717403e-01 2.23060876e-01 3.84577751e-01 8.55705142e-01
    2.14598030e-01 3.92643988e-01 6.17238820e-01 2.40838438e-01
    6.85529411e-01 8.75186622e-02 4.56734717e-01 1.37775689e-01
    2.08417594e-01 2.01731950e-01 5.00444770e-01 3.25550020e-01
    4.24165010e-01 8.66161406e-01 3.67532283e-01 2.52116680e-01
    8.81003380e-01 9.66851234e-01 3.64631802e-01 5.79258442e-01
    4.23653126e-01 9.82229710e-01 4.58103716e-02 8.18678141e-02
    3.79081368e-02 1.81676567e-01 6.74770236e-01 2.27110177e-01
    2.30515301e-02 4.06618595e-01 9.84942019e-01 3.86796653e-01
    8.50811243e-01 5.75377464e-01 6.57520413e-01 1.61881030e-01
    1.68935806e-01 2.10765272e-01 7.12655485e-01 4.69462276e-01
    2.44114190e-01 6.58888578e-01 4.57226694e-01 3.64003718e-01
    7.94986248e-01 1.07569605e-01 1.88978016e-02 4.69696820e-01
    6.52641475e-01 9.01989102e-01 6.67509377e-01 7.32270956e-01
    2.48053223e-01 1.65815353e-01 7.95595706e-01 4.15589511e-02
    2.56012678e-01 4.61925864e-02 7.52147555e-01 5.55554330e-01
    8.14062119e-01 5.77382267e-01 9.99956965e-01 6.54175043e-01
    8.63337040e-01 8.89153063e-01 9.33791697e-02 5.53886652e-01
    1.04119748e-01 5.95361590e-01 3.10155034e-01 9.59705949e-01
    6.65866733e-01 6.49301112e-01 1.76762611e-01 3.33243310e-02
    1.89502537e-01 6.92304671e-02 1.86305940e-01 1.10947311e-01
    9.51806307e-01 2.45359898e-01 2.79726893e-01 7.44328201e-02
    6.96164966e-01 1.67974234e-02 5.51300943e-02 7.43686676e-01
    2.47914612e-01 9.18630242e-01 9.33862686e-01 4.03211534e-01
    5.22036016e-01 1.61193550e-01 3.94077599e-02 3.88550282e-01
    7.80853271e-01 6.00012422e-01 6.62735939e-01 1.45802021e-01
    2.52978474e-01 6.31440401e-01 6.93983555e-01 9.52647984e-01
    9.08692360e-01 5.86649776e-01 8.16733360e-01 3.94834340e-01
    5.20879328e-01 1.90326571e-01 5.31267643e-01 7.44712234e-01
    8.52606416e-01 8.36586833e-01 7.32939541e-01 9.18715000e-01
    9.51367795e-01 2.50855237e-01 2.58121729e-01 2.58339882e-01
    8.93906593e-01 7.35552073e-01 5.93485594e-01 7.45198727e-01
    4.37375784e-01 9.84228373e-01 2.53949761e-02 8.90817404e-01
    7.01376319e-01 4.92702663e-01 4.23945457e-01 7.92326927e-01
    8.11881900e-01 4.86569852e-01 9.93880212e-01 3.84547979e-01
    6.81571126e-01 3.00555646e-01 4.68805432e-01 8.42086971e-01
    3.00060213e-01 7.84075856e-02 7.70529985e-01 1.70775443e-01
    3.63179505e-01 7.89822698e-01 1.18166596e-01 9.62684751e-01
    2.12779462e-01 1.87326193e-01 1.41629368e-01 2.34588534e-01
    1.46011144e-01 2.87943065e-01 7.77818561e-01 4.60015565e-01
    7.90560842e-01 5.23691833e-01 5.45191824e-01 2.67425537e-01
    6.37575924e-01 9.34534788e-01 2.15782970e-01 1.29694611e-01
    8.23263049e-01 9.78901446e-01 9.66707110e-01 8.75227332e-01
    7.95369744e-01 8.45078230e-01 6.39675856e-01 6.54613554e-01
    7.17739761e-01 7.85180092e-01 9.70091939e-01 4.22522724e-02
    3.83158684e-01 3.38611782e-01 5.54899812e-01 4.95202214e-01
    6.29782677e-01 3.55185091e-01 1.01718992e-01 7.94477046e-01
    3.24410617e-01 1.29366457e-01 6.80229962e-01 3.90930176e-01
    8.02305698e-01 2.75325179e-02 5.64627111e-01 9.80172455e-02
    1.89660728e-01 1.55081153e-01 8.04213107e-01 1.90029174e-01
    5.93022168e-01 4.81260180e-01 3.35895777e-01 2.74128377e-01
    5.77874899e-01 3.26431215e-01 7.27676630e-01 7.96385765e-01
    2.90075362e-01 2.29893267e-01 8.22422028e-01 6.77495956e-01
    4.27874953e-01 3.04646164e-01 3.68545949e-01 8.12106609e-01
    3.08089197e-01 6.08390510e-01 7.48043120e-01 1.97107941e-01
    9.01036978e-01 5.85690081e-01 6.04938686e-01 9.29748714e-01
    2.79116660e-01 6.06129467e-02 3.47239703e-01 4.06105459e-01
    3.96949708e-01 8.64530027e-01 5.13680577e-01 9.72977757e-01
    2.44307548e-01 8.62858891e-01 8.13653946e-01 3.64749640e-01
    7.33738959e-01 9.44628358e-01 4.16253388e-01 4.38276231e-01
    9.28636909e-01 3.28084290e-01 2.66414911e-01 6.16616845e-01
    1.76909745e-01 5.48267365e-01 5.25088787e-01 8.86076450e-01
    7.49498427e-01 2.01892555e-02 7.67291307e-01 7.98640251e-01
    6.74825907e-01 3.29355538e-01 5.94717264e-02 7.78218746e-01
    7.75330007e-01 3.00297499e-01 2.25546956e-03 4.68288630e-01
    3.91133100e-01 8.47008228e-02 4.61442232e-01 3.05710196e-01
    1.88707292e-01 2.12536097e-01 9.82521057e-01 7.11537719e-01
    4.90243852e-01 5.68181336e-01 2.30848730e-01 6.86909795e-01
    5.11989057e-01 4.42025036e-01 9.83070612e-01 8.83483589e-01
    8.22475433e-01 8.01949918e-01 7.61840224e-01 8.75497103e-01
    8.33492339e-01 4.52428937e-01 7.03385055e-01 4.52476174e-01
    3.79526556e-01 9.68078375e-02 3.14042449e-01 7.25717068e-01
    5.84070206e-01 9.11368966e-01 6.07813656e-01 8.89056742e-01
    3.51239264e-01 5.51275909e-02 4.28333193e-01 4.70469296e-01
    5.57133257e-01 3.86491477e-01 4.87219214e-01 7.79897094e-01
    2.56771773e-01 4.37378496e-01 4.84956801e-02 8.95382047e-01
    1.52687728e-02 7.64966905e-02 4.62180018e-01 5.98416328e-02
    6.04006469e-01 5.15427947e-01 7.51129627e-01 2.00988203e-01
    8.66863966e-01 5.46379745e-01 6.41729712e-01 3.02594811e-01
    6.39746487e-02 5.92258573e-01 8.24931562e-02 3.76544327e-01
    9.24412727e-01 5.68174541e-01 6.01744652e-02 6.65365160e-01
    5.94207048e-02 7.28907228e-01 6.51493728e-01 2.74124980e-01
    1.33826166e-01 7.15594530e-01 6.10030949e-01 7.84313262e-01
    2.16495752e-01 9.68010068e-01 5.99440813e-01 5.57533264e-01
    1.25916243e-01 6.25269473e-01 2.32796073e-02 9.79910612e-01
    2.06263483e-01 8.96949768e-02 7.57154226e-01 2.20511556e-01
    1.99794978e-01 4.86595571e-01 7.58682847e-01 8.05489779e-01
    6.23805642e-01 5.10315239e-01 3.84441376e-01 7.97130466e-01
    2.28850126e-01 3.43670607e-01 1.68909937e-01 2.59605169e-01
    9.06388164e-01 9.47924972e-01 2.98168361e-01 7.42501259e-01
    3.93245876e-01 8.06829691e-01 2.76324868e-01 4.37646538e-01
    2.12543130e-01 5.30820429e-01 4.10821795e-01 2.57761180e-02
    1.28588170e-01 5.62006235e-01 3.63033533e-01 3.88296157e-01
    1.27409756e-01 3.35401028e-01 9.90135431e-01 2.66247034e-01
    6.68588102e-01 5.45007169e-01 4.50215608e-01 4.38866884e-01
    7.24114001e-01 8.58081222e-01 5.58758438e-01 7.19114006e-01
    2.07570791e-02 1.50857419e-01 8.25025737e-01 6.17012084e-02
    9.50249434e-01 5.49251974e-01 8.86072636e-01 5.89762151e-01
    9.53034043e-01 6.39180362e-01 9.62303281e-01 5.90654492e-01
    1.92114145e-01 8.78856599e-01 3.40551496e-01 3.58140111e-01
    6.03863537e-01 5.60120404e-01 6.08797252e-01 6.75674915e-01
    2.08757162e-01 7.54129052e-01 7.56909072e-01 1.33823812e-01
    5.54108560e-01 9.77964282e-01 6.72050357e-01 4.68493521e-01
    7.89039612e-01 8.85421515e-01 7.31472075e-02 2.68043160e-01
    7.73640633e-01 5.77293336e-01 6.22994959e-01 7.94245481e-01
    3.80248129e-02 7.71182299e-01 5.26688933e-01 6.98838890e-01
    2.89356530e-01 2.31387973e-01 9.50895905e-01 5.65031230e-01
    6.33957982e-01 7.59774268e-01 1.15470260e-01 9.05892968e-01
    3.38027656e-01 7.14164734e-01 6.55132294e-01 5.72858751e-01
    8.49338889e-01 9.05794740e-01 4.79209691e-01 3.84408057e-01
    6.27000272e-01 8.91836822e-01 4.64172423e-01 7.53674507e-01
    1.03564054e-01 8.54527950e-01 8.04578066e-01 1.47359967e-02
    2.25694358e-01 8.68158340e-01 1.41166449e-01 5.37722766e-01
    3.98378611e-01 1.90744609e-01 5.63944221e-01 8.08247328e-01
    2.41273344e-02 5.08334696e-01 2.04078376e-01 4.05393034e-01
    5.17503262e-01 3.66750360e-01 5.27907193e-01 4.65279907e-01
    2.98052430e-01 8.36898148e-01 7.05791116e-01 4.40729797e-01
    7.11749971e-01 8.98123622e-01 6.19596183e-01 9.01766658e-01
    9.60729122e-01 2.20915973e-02 6.22406006e-01 1.54375225e-01
    3.19424927e-01 7.35321820e-01 6.29264891e-01 6.75978422e-01
    2.76690722e-01 1.69937849e-01 1.12680167e-01 6.65834844e-02
    5.25695503e-01 7.89929926e-01 6.28250360e-01 5.18684566e-01
    6.81315303e-01 7.70681024e-01 3.36488008e-01 3.02818775e-01
    6.61115646e-01 2.10477382e-01 4.09358144e-01 5.55864096e-01
    8.95660996e-01 3.27461481e-01 9.76524234e-01 1.94485247e-01
    4.05225515e-01 6.74341023e-01 7.40016878e-01 9.09469724e-01
    7.68896759e-01 7.76951909e-01 7.81815052e-01 1.80307865e-01
    8.25676203e-01 4.71667945e-02 3.44495088e-01 5.01894772e-01
    9.20386791e-01 9.74034131e-01 4.08196449e-03 6.64301038e-01
    6.64312065e-01 4.74850088e-01 8.58753681e-01 3.95916641e-01
    2.98054069e-01 6.68952465e-01 2.15291947e-01 7.08251894e-02
    3.31524014e-03 4.81702626e-01 4.94783968e-01 2.04935104e-01
    2.81000376e-01 5.67722023e-02 6.38505578e-01 1.10110402e-01
    4.64818567e-01 8.24813724e-01 9.07835245e-01 9.35559511e-01
    5.50041318e-01 9.95242834e-01 8.24768960e-01 4.99814332e-01
    6.47263408e-01 8.16324592e-01 9.80403423e-01 3.25902700e-01
    8.75989914e-01 8.79158139e-01 2.43565112e-01 5.13573527e-01
    7.63146520e-01 9.87832189e-01 7.54209042e-01 4.99435127e-01
    9.50648546e-01 4.51390982e-01 8.11465323e-01 3.42689782e-01
    2.38742799e-01 7.24875212e-01 1.87094748e-01 9.59497690e-02
    6.36627913e-01 6.72498345e-01 7.75029421e-01 6.80687428e-01
    6.25414848e-01 3.16345781e-01 2.56662726e-01 5.68616569e-01
    6.22795522e-01 3.59512508e-01 2.86069930e-01 2.04761922e-01
    7.84176588e-01 3.99090588e-01 6.75376177e-01 1.91007376e-01
    4.58944559e-01 7.31232762e-02 8.95996988e-01 4.60458815e-01
    1.28642976e-01 3.81743282e-01 2.15479791e-01 2.91837752e-02
    3.09108138e-01 9.90519702e-01 6.99377716e-01 6.64076209e-01
    4.04238403e-01 1.19239867e-01 6.95259631e-01 1.84409589e-01
    8.59853029e-01 3.33943695e-01 6.37176573e-01 1.95843607e-01
    5.05469322e-01 3.74848247e-01 5.18613458e-01 4.28622365e-02
    6.60027325e-01 9.37980175e-01 3.44115853e-01 1.00265831e-01
    1.76003605e-01 3.78145099e-01 1.79923058e-01 7.12868631e-01
    2.11362928e-01 1.56141132e-01 1.99690074e-01 5.18302858e-01
    7.56279290e-01 5.89935482e-01 8.60409379e-01 1.45156235e-01
    9.81975079e-01 8.30309749e-01 7.48411953e-01 6.53070867e-01
    5.53711057e-01 6.89160228e-01 8.22135746e-01 5.42424023e-01
    6.21876836e-01 2.83845961e-02 3.60234469e-01 6.73398077e-01
    7.40576684e-01 3.23549211e-01 5.21852076e-02 4.72507566e-01
    5.04446387e-01 9.66264307e-02 8.78840685e-04 2.52708197e-01
    5.92975616e-02 5.66242695e-01 7.91867614e-01 3.94532353e-01
    4.61115241e-01 1.23515785e-01 5.26325107e-01 7.18351364e-01
    5.20370305e-01 6.24524832e-01 7.74786115e-01 5.13679385e-01
    4.77606833e-01 1.71158135e-01 8.50892067e-03 1.83481991e-01
    3.27473432e-01 4.47518706e-01 3.62827629e-01 7.75841713e-01
    2.21390992e-01 4.13205773e-01 3.90189111e-01 7.67327666e-01
    6.50706708e-01 2.35857964e-02 9.82907116e-01 1.43876195e-01
    3.27201724e-01 4.29328889e-01 9.44981217e-01 7.28478372e-01
    4.46747392e-01 2.56898671e-01 3.25856030e-01 8.77268612e-02
    5.13299704e-02 6.64330661e-01 8.33034337e-01 6.50429368e-01
    4.68591094e-01 1.88919216e-01 2.75031984e-01 2.19488144e-01
    2.05573440e-02 3.06181341e-01 6.51132882e-01 4.40963507e-02
    5.40206492e-01 3.38302314e-01 4.43699718e-01 6.77858233e-01
    1.55687541e-01 2.56467104e-01 5.92295647e-01 6.11220419e-01
    2.05235004e-01 4.61896062e-01 8.98118377e-01 2.85243601e-01
    5.76123595e-02 2.44949073e-01 2.79907107e-01 8.87342930e-01
    8.89265060e-01 9.40426946e-01 3.82204294e-01 2.25090444e-01
    7.03628898e-01 7.32368112e-01 4.85497504e-01 8.02254021e-01
    4.93828058e-02 2.41478980e-02 6.51073754e-01 8.72473121e-02
    5.04541934e-01 9.67572272e-01 3.09800416e-01 4.05542731e-01
    7.51773596e-01 1.56583816e-01 3.50705087e-01 7.93653965e-01
    4.76388216e-01 5.83747983e-01 8.78220260e-01 5.93870401e-01
    8.47170651e-01 1.63709491e-01 9.67680216e-02 4.01147783e-01
    3.02831769e-01 6.39798760e-01 1.43134296e-01 1.76600993e-01
    8.90410423e-01 2.02654898e-02 4.37270433e-01 2.44458526e-01
    8.59864354e-01 6.51768625e-01 8.97639275e-01 3.76158357e-02
    1.10998601e-01 3.86499792e-01 3.83507967e-01 9.10081387e-01
    3.17067385e-01 9.82538342e-01 1.65437460e-01 7.85205007e-01
    1.95643604e-02 5.77672780e-01 2.67435640e-01 1.54258192e-01
    8.95704865e-01 8.43497336e-01 6.31586194e-01 5.72585046e-01
    9.53713059e-03 6.72245383e-01 2.39495933e-02 7.76179790e-01
    8.24954152e-01 7.79715180e-01 1.06569827e-01 7.54022896e-02
    7.61125028e-01 1.60298049e-01 2.84527600e-01 2.29741603e-01
    2.72066236e-01 7.22527504e-01 3.77979815e-01 1.63894594e-01
    8.23273838e-01 2.86813498e-01 4.38922912e-01 1.64250076e-01
    7.18185127e-01 6.58239245e-01 1.73325866e-01 4.17530537e-01
    7.90165782e-01 3.28498334e-01 4.51141804e-01 8.84282708e-01
    4.19594646e-02 9.19657350e-02 6.05557382e-01 2.25795329e-01
    4.90892231e-01 5.94458282e-02 4.11739230e-01 8.55729222e-01
    9.16465521e-02 6.82069659e-01 4.66982305e-01 1.73189521e-01
    1.38533235e-01 3.23686123e-01 9.58494246e-02 9.88023639e-01
    6.30257428e-01 4.92498338e-01 2.33381182e-01 9.15764272e-02
    1.05103910e-01 2.35523522e-01 7.73552895e-01 4.28631365e-01
    2.09579468e-02 1.76776171e-01 2.40667135e-01 9.15613294e-01
    5.42200983e-01 8.13350201e-01 5.60386837e-01 5.44905365e-01
    4.06393796e-01 6.50198460e-01 7.39711821e-01 8.26206028e-01
    7.96443939e-01 1.09301448e-01 5.78950942e-01 1.14477336e-01
    3.36995155e-01 1.12516940e-01 9.82688725e-01 7.63255894e-01
    6.76723003e-01 3.35111797e-01 5.06662428e-02 8.51873040e-01
    2.43954957e-02 9.17722702e-01 7.12176800e-01 4.60502386e-01
    4.04680371e-02 6.24362767e-01 6.75066411e-02 1.71864718e-01
    8.14951956e-01 2.01186538e-03 9.14344966e-01 1.64643496e-01
    6.16920412e-01 7.10829794e-02 6.79939747e-01 1.08557105e-01
    6.79320931e-01 2.65204072e-01 8.93947840e-01 6.28599584e-01
    5.15406907e-01 9.43794489e-01 2.39335686e-01 7.80801177e-01
    1.36753082e-01 9.41642463e-01 1.84357971e-01 4.00328845e-01
    7.82730162e-01 2.09225416e-02 7.87406564e-02 2.37527460e-01
    2.59236634e-01 6.68696284e-01 5.17263532e-01 8.14803958e-01
    5.31148732e-01 1.65055960e-01 7.93493271e-01 9.68690991e-01
    1.30541593e-01 5.67033827e-01 4.91249561e-02 2.33008087e-01
    1.43740922e-01 1.45065725e-01 9.65757608e-01 2.02052712e-01
    2.37118959e-01 7.21006811e-01 4.38847989e-01 8.90942574e-01
    6.78393602e-01 4.85676527e-01 6.72356546e-01 9.19100940e-02
    2.88272262e-01 2.19304651e-01 8.50040913e-02 1.39835685e-01
    3.53462398e-01 4.43811417e-02 9.60990787e-02 4.16901290e-01
    6.87080801e-01 8.29460740e-01 7.93296337e-01 6.47966564e-01
    6.30830228e-02 9.14302111e-01 6.83090568e-01 9.74047899e-01
    3.30105484e-01 2.90021896e-01 1.92221701e-01 7.54550815e-01
    3.72129083e-02 9.21077490e-01 1.93731129e-01 5.33630431e-01
    7.83264399e-01 2.53138006e-01 6.00229263e-01 9.70822334e-01
    8.64747167e-01 3.66275966e-01 8.73214126e-01 1.03777200e-01
    4.06474352e-01 4.95811492e-01 2.29935288e-01 5.53146243e-01
    2.15773523e-01 2.41923302e-01 6.52718484e-01 6.17680132e-01
    5.79845488e-01 3.32353681e-01 5.59066892e-01 6.21565461e-01
    2.52684474e-01 2.64489830e-01 2.20613360e-01 3.87734056e-01
    1.19024813e-02 3.25334728e-01 8.58040154e-02 1.31237507e-02
    5.76764524e-01 8.63039374e-01 5.13808966e-01 4.92990404e-01
    2.53540039e-01 6.24886274e-01 3.81552517e-01 8.43992710e-01
    9.52269673e-01 4.42201644e-01 3.36078167e-01 7.58706450e-01
    8.61175418e-01 8.62955689e-01 7.94183671e-01 3.49615872e-01
    9.82289553e-01 8.15670490e-01 7.58613706e-01 3.30136925e-01
    3.58952850e-01 7.21099913e-01 1.32249326e-01 3.15312743e-02
    4.78426397e-01 3.33796799e-01 6.22238100e-01 9.83066440e-01
    2.36692160e-01 4.11492795e-01 5.46469927e-01 2.49085724e-01
    1.52950019e-01 4.46784556e-01 7.76999593e-01 6.33648038e-03
    9.48713779e-01 9.87232566e-01 1.23720407e-01 7.29912579e-01
    4.32875395e-01 6.81573153e-01 1.89279705e-01 7.85087943e-01
    2.37066180e-01 6.31392002e-02 9.74373937e-01 7.35377371e-02
    7.21938014e-01 7.01451778e-01 4.91993129e-01 5.49647212e-02
    8.63123417e-01 6.49627447e-01 2.17882931e-01 7.11173952e-01
    4.02795374e-02 3.63831580e-01 1.56109154e-01 9.61051226e-01
    5.74309230e-02 1.88770890e-01 4.08536643e-01 4.96745348e-01
    5.84746003e-01 6.40093446e-01 7.56492972e-01 9.50553775e-01
    7.64502406e-01 2.63128281e-01 6.44403696e-01 9.60781813e-01
    2.04409659e-01 7.59995580e-01 5.72312355e-01 2.16199607e-01
    1.73761219e-01 6.79250240e-01 3.07553709e-01 7.54946828e-01
    4.50430572e-01 6.29759431e-01 3.85778069e-01 6.71645999e-01
    8.68269145e-01 4.43947256e-01 2.22655535e-01 4.28402483e-01
    1.38582975e-01 4.39777106e-01 2.05016136e-01 3.00184846e-01
    5.96957386e-01 1.46188498e-01 8.42157125e-01 4.16254729e-01
    4.26162928e-01 3.33073437e-02 3.49127471e-01 6.72857761e-01
    3.46990228e-02 5.19023359e-01 4.00849789e-01 8.40886652e-01
    4.80829179e-01 2.96157867e-01 3.91009331e-01 5.52755237e-01
    2.94035673e-01 9.73132968e-01 4.33923781e-01 9.20714617e-01
    5.88028371e-01 4.73010153e-01 2.55100012e-01 7.42324352e-01
    6.69337213e-02 7.91176200e-01 1.17363304e-01 9.92536187e-01
    3.26562464e-01 3.24965596e-01 5.20473540e-01 9.73722100e-01
    6.79497778e-01 1.14836723e-01 5.51673055e-01 3.01820278e-01
    5.64760745e-01 7.37263143e-01 3.60919237e-01 4.56991732e-01
    6.22604787e-01 3.78430784e-02 1.40386552e-01 7.33392417e-01
    1.20167941e-01 7.70195007e-01 3.60904932e-02 2.25228876e-01
    5.90339303e-03 5.27947605e-01 2.06846148e-01 8.41504931e-02
    8.41821730e-02 3.26314926e-01 1.69641763e-01 3.43888998e-03
    2.32025623e-01 1.58556134e-01 8.23817372e-01 3.14457834e-01
    1.99695975e-01 3.07851553e-01 5.13368666e-01 9.88914251e-01
    2.30860412e-02 2.96648979e-01 2.76810527e-02 2.87555516e-01
    2.82007754e-01 2.73820758e-01 5.48211396e-01 5.41293144e-01
    1.54883981e-01 4.60977525e-01 3.44272763e-01 7.91560113e-01
    3.57297808e-01 8.00323248e-01 4.70711619e-01 8.88291240e-01
    4.71974462e-01 4.94153082e-01 2.77286768e-02 8.60536933e-01
    8.37327957e-01 9.41296875e-01 4.00869787e-01 1.08523518e-01
    3.33818197e-02 9.04015601e-02 6.42218173e-01 4.40035820e-01
    4.22755480e-01 4.62190807e-01 2.73347020e-01 3.04425001e-01
    8.14916968e-01 6.35696590e-01 5.08475006e-01 7.17112184e-01
    7.96482027e-01 5.84474683e-01 7.15155244e-01 8.35706234e-01
    4.21979457e-01 2.13587850e-01 7.78937042e-02 2.03582048e-02
    3.15026969e-01 9.80750799e-01 3.05487692e-01 8.96422863e-01
    8.21934104e-01 3.72475088e-02 5.97968459e-01 1.29190087e-02
    2.77815282e-01 1.80034876e-01 6.39304578e-01 7.07990289e-01
    1.86782926e-01 9.17228162e-01 5.49804568e-01 5.20155966e-01
    2.83599854e-01 1.07997656e-03 6.75485611e-01 9.24578488e-01
    6.89068437e-01 5.67296445e-01 3.88808489e-01 4.01994139e-01
    8.86841416e-02 5.73409736e-01 5.86982012e-01 1.59832120e-01
    8.31903458e-01 6.88635290e-01 2.23655015e-01 9.01433110e-01
    7.69411445e-01 9.55833554e-01 4.40564334e-01 5.57405651e-02
    8.23859692e-01 4.65852350e-01 1.28895819e-01 6.97625041e-01
    4.25134629e-01 7.45743990e-01 9.71509218e-02 3.41012180e-02
    9.72807229e-01 2.00414091e-01 4.22671735e-01 6.18061006e-01
    4.88594264e-01 6.13081336e-01 9.71663237e-01 3.28331500e-01
    5.20277143e-01 1.77184701e-01 1.40410870e-01 4.96328592e-01
    9.58296657e-03 2.78394431e-01 6.00685775e-02 6.96502566e-01
    4.66343671e-01 4.05472189e-01 9.23664391e-01 7.94745028e-01
    8.97147775e-01 6.35687590e-01 6.57446742e-01 3.62323403e-01
    2.44070083e-01 7.21663356e-01 6.00307882e-01 4.69016045e-01
    1.05475396e-01 4.36091304e-01 1.42410487e-01 2.48721361e-01
    6.06210411e-01 5.92722952e-01 2.12071717e-01 5.55887938e-01
    8.65463078e-01 9.99051332e-02 6.33888781e-01 2.31708437e-01
    1.99984580e-01 7.06227303e-01 1.89254642e-01 9.63652372e-01
    8.11890602e-01 1.03188783e-01 2.62659192e-01 1.11773908e-01
    9.62264299e-01 9.30920601e-01 7.28299022e-01 7.87452698e-01
    4.45159197e-01 9.36990082e-01 3.19739878e-01 3.55689079e-01
    4.24856544e-01 6.99053586e-01 7.00302482e-01 2.46367335e-01
    1.76108629e-01 1.63833946e-01 9.00106668e-01 1.80713296e-01
    7.24070668e-01 3.25721920e-01 4.00630593e-01 9.63709056e-01
    8.20963323e-01 4.18974310e-01 6.03521287e-01 8.73831809e-02
    5.10556340e-01 7.59462118e-01 2.29367822e-01 5.16015232e-01
    6.16944253e-01 4.21514422e-01 9.45910037e-01 7.52072811e-01
    3.23738873e-01 1.54315084e-01 8.63280654e-01 5.34193575e-01
    8.95774603e-01 1.87625378e-01 5.07455170e-02 3.26953650e-01
    3.83190185e-01 2.61268854e-01 6.28724158e-01 9.74310875e-01
    4.41290140e-01 3.12748790e-01 8.90167892e-01 8.56323421e-01
    1.14530623e-01 3.28869164e-01 2.39313126e-01 3.14603806e-01
    6.83675706e-01 4.92520720e-01 6.24240100e-01 1.19217634e-01
    8.84389579e-01 3.69624138e-01 5.96000552e-02 4.57185924e-01
    7.85127819e-01 8.69365394e-01 5.33477366e-01 2.55774736e-01
    4.46915120e-01 2.25106090e-01 7.61348128e-01 1.48751020e-01
    4.87848967e-01 1.96334839e-01 8.85086060e-02 4.49898154e-01
    2.52810419e-01 5.60527563e-01 3.86689365e-01 4.17867243e-01
    9.89399195e-01 8.70443940e-01 8.68670046e-02 5.48113286e-02
    2.26598948e-01 4.85182703e-02 8.67046237e-01 9.67522025e-01
    5.38667738e-01 3.64782035e-01 7.38886952e-01 6.71093166e-01
    4.02078569e-01 7.63079941e-01 3.33913505e-01 3.15786779e-01
    3.86854589e-01 6.02069676e-01 2.01442838e-03 8.70398164e-01
    2.41981924e-01 1.69061393e-01 8.09490681e-02 2.72318244e-01
    5.90293109e-02 5.11653781e-01 8.76198411e-01 6.07418418e-01
    8.93568754e-01 2.82378614e-01 6.70893431e-01 2.18377709e-02
    7.95135617e-01 1.50675982e-01 4.10191536e-01 1.47117049e-01
    6.58607781e-02 5.02292275e-01 5.63648343e-01 5.12780309e-01
    7.64950275e-01 9.76262689e-01 3.44788492e-01 7.52440691e-01
    9.29057121e-01 1.01007283e-01 9.75953937e-01 7.76118338e-02
    4.73694921e-01 9.59132910e-02 2.59178579e-01 2.42334574e-01
    9.86043215e-01 9.12269890e-01 3.32694352e-01 4.62620586e-01
    4.81056154e-01 8.40676308e-01 9.75331962e-01 9.11921620e-01
    3.83457720e-01 9.61818457e-01 2.05421209e-01 2.57890105e-01
    7.48170257e-01 9.07098234e-01 6.22178018e-01 4.10781801e-01
    6.08041346e-01 6.17325187e-01 7.52236247e-02 6.05271757e-02
    2.08700508e-01 8.07753682e-01 7.75052786e-01 5.00155687e-02
    8.13685715e-01 6.11201823e-01 6.22081041e-01 8.55301321e-02
    4.93495136e-01 4.09410298e-02 4.64999795e-01 6.61204219e-01
    7.30682433e-01 2.91702986e-01 8.77048492e-01 2.48291910e-01
    6.88881636e-01 7.03542709e-01 5.24814725e-02 8.93253207e-01
    8.95276546e-01 7.58690476e-01 9.23509717e-01 6.05050981e-01
    5.31779349e-01 2.55464256e-01 3.99122417e-01 8.70254815e-01
    4.97842968e-01 9.04119015e-03 3.72486711e-02 7.59788036e-01
    6.09775662e-01 9.71037030e-01 8.94499540e-01 6.60767913e-01
    4.94455338e-01 6.02273107e-01 6.39019430e-01 7.54977107e-01
    7.38213837e-01 9.35434043e-01 6.27337694e-01 9.94087160e-01
    7.81536341e-01 7.73078263e-01 9.80942845e-01 8.19661319e-02
    5.72040677e-03 8.46765161e-01 1.39456779e-01 4.00496066e-01
    3.33687901e-01 4.85920310e-02 3.81369978e-01 7.80958414e-01
    3.50991189e-02 9.74805653e-02 4.83315319e-01 7.56447256e-01
    3.96982610e-01 7.02510536e-01 1.74584031e-01 3.05573046e-02
    4.69963908e-01 8.80308986e-01 5.76238632e-01 7.19950318e-01
    5.45713842e-01 7.39104271e-01 1.88957661e-01 1.52375877e-01
    3.62587929e-01 9.25958514e-01 4.82916564e-01 3.85440826e-01
    1.84671521e-01 1.76251143e-01 2.79562354e-01 4.93907809e-01
    1.87634289e-01 8.28069091e-01 7.39692807e-01 3.14866155e-01
    8.82365584e-01 7.55303860e-01 6.46775365e-01 9.73435163e-01
    9.82413888e-01 8.57982218e-01 5.04433334e-01 4.58255470e-01
    2.66879499e-02 7.00911403e-01 6.10553980e-01 2.62726188e-01
    9.69650865e-01 3.22106987e-01 2.83123225e-01 1.99310094e-01
    8.36631656e-03 4.83456999e-01 1.36187822e-01 6.12069488e-01
    7.41597116e-01 4.11844611e-01 2.83471048e-01 2.44340211e-01
    5.17692506e-01 5.36703348e-01 1.56795055e-01 7.14713454e-01
    4.84983921e-02 3.71114492e-01 8.79071236e-01 7.49945045e-01
    7.51453042e-02 4.12914127e-01 3.84829819e-01 5.54219484e-01
    5.29686451e-01 5.09240568e-01 7.03087270e-01 4.74492103e-01
    6.28846109e-01 6.87318206e-01 6.97805941e-01 3.31262350e-01
    4.22204494e-01 3.44990104e-01 4.37466681e-01 7.05848813e-01
    4.00555074e-01 9.83565152e-01 5.54784417e-01 8.50261927e-01
    1.49363279e-01 2.75110632e-01 2.90227056e-01 6.00715876e-02
    7.87400723e-01 5.88151693e-01 4.57379431e-01 9.64163661e-01
    6.63902044e-01 8.23512733e-01 3.23797643e-01 2.12677777e-01
    9.11451757e-01 1.09064788e-01 1.81281507e-01 7.07569063e-01
    1.28310233e-01 4.58887219e-03 6.02626204e-01 1.89122260e-01
    9.93792176e-01 2.35185325e-02 7.41316915e-01 1.55002147e-01
    9.56416368e-01 3.52082819e-01 8.65206361e-01 7.26705790e-02
    6.68336749e-01 9.64220285e-01 7.54067659e-01 7.60543048e-01
    2.35140353e-01 5.28536677e-01 6.59767866e-01 1.31623119e-01
    5.44101477e-01 8.16984177e-01 3.06222796e-01 8.74290228e-01
    1.26576275e-01 2.40936726e-01 1.77871823e-01 4.11661386e-01
    2.35089570e-01 8.68063331e-01 8.24676335e-01 3.26491386e-01
    8.02418530e-01 4.35644597e-01 7.47817338e-01 8.62390399e-01
    9.99740362e-01 5.58732212e-01 1.78836375e-01 7.68894792e-01
    1.12799019e-01 9.91597772e-02 6.01912141e-01 5.46704233e-01
    1.63204759e-01 9.35133100e-01 7.91803956e-01 3.08812231e-01
    8.89535248e-01 1.63253844e-02 4.56246167e-01 3.33706498e-01
    6.90517545e-01 7.03018188e-01 3.11394513e-01 7.65107930e-01
    6.15079701e-02 2.16075748e-01 1.86256379e-01 6.12078726e-01
    1.69587046e-01 8.86338115e-01 1.77916318e-01 4.19715792e-01
    6.10353529e-01 2.66933262e-01 7.31348872e-01 4.70011026e-01
    9.27543044e-01 7.09245503e-02 5.73274970e-01 7.34931767e-01
    6.70995951e-01 5.25596201e-01 4.40870702e-01 6.02606773e-01
    6.16421163e-01 6.79721594e-01 8.25160384e-01 4.90877151e-01
    5.10743678e-01 5.53506911e-01 5.35084605e-01 6.17393970e-01
    8.63741875e-01 6.14695311e-01 6.50281191e-01 2.54672736e-01
    8.96793783e-01 9.23861682e-01 4.79564697e-01 8.63893390e-01
    3.82731199e-01 7.34509647e-01 1.31552219e-01 8.77825260e-01
    8.21680069e-01 8.45307171e-01 6.86249554e-01 4.17244703e-01
    7.76142478e-01 1.15449816e-01 1.76962346e-01 6.65175915e-01
    9.08444524e-01 9.18515682e-01 4.01760608e-01 2.12879926e-01
    2.25156873e-01 4.94499147e-01 1.69503748e-01 2.90804923e-01
    6.70842171e-01 8.97380114e-02 1.01584375e-01 8.96625459e-01
    2.64436185e-01 1.81613386e-01 2.81092465e-01 9.17608023e-01
    3.84777337e-01 2.39436656e-01 3.49082351e-01 5.56248844e-01
    8.21099997e-01 2.36282408e-01 3.98922712e-01 8.87153387e-01
    7.72965908e-01 6.21881068e-01 4.38221335e-01 6.30957484e-01
    4.75353003e-01 8.28239024e-02 1.02005035e-01 5.91414869e-02
    5.20073354e-01 9.94712830e-01 9.05977845e-01 5.08906662e-01
    3.14734697e-01 2.91934550e-01 5.12510002e-01 3.82379591e-02
    2.66448259e-01 6.58546865e-01 5.04617989e-02 8.19914043e-01
    3.90726954e-01 5.48266530e-01 2.96244323e-01 6.67305648e-01
    9.23279464e-01 8.33413363e-01 3.01720798e-01 2.83120543e-01
    6.82683885e-02 2.92989433e-01 5.17522097e-02 1.39219970e-01
    1.37957871e-01 3.82078886e-02 7.73815811e-02 3.67186576e-01
    6.81247473e-01 7.89421558e-01 8.65486979e-01 3.46084297e-01
    7.61352062e-01 7.00845301e-01 3.35386634e-01 4.14492249e-01
    7.73368180e-01 5.81892967e-01 5.06610036e-01 5.03229976e-01
    7.02715278e-01 5.89360952e-01 2.66665399e-01 9.54051912e-02
    5.32249033e-01 1.01032734e-01 2.58585095e-01 5.70770085e-01
    1.36509627e-01 2.75024116e-01 6.05273485e-01 5.76331675e-01
    7.52616286e-01 6.29437327e-01 6.79469943e-01 1.76402271e-01
    7.44133174e-01 6.60176218e-01 5.30232131e-01 8.89027953e-01
    7.84882605e-02 4.13082600e-01 6.97082460e-01 3.30752820e-01
    4.38674569e-01 1.35472506e-01 6.14442527e-02 1.28445983e-01
    1.16644204e-01 2.10609347e-01 1.99901044e-01 9.99849975e-01
    7.81374276e-02 2.69799560e-01 6.22910440e-01 1.19676352e-01
    3.60739231e-01 8.97737741e-02 8.77323747e-01 1.16936862e-02
    1.38409555e-01 4.15055364e-01 4.96495426e-01 7.75784850e-01
    7.09910631e-01 9.86369431e-01 8.07822883e-01 6.91702545e-01
    2.52019048e-01 5.24902642e-01 3.84380847e-01 1.86068356e-01
    9.49019313e-01 9.57279980e-01 8.21823597e-01 3.99380147e-01
    2.73980796e-01 6.94010913e-01 3.13919157e-01 1.63577586e-01
    5.69976985e-01 7.74757266e-01 7.82285631e-02 3.38024318e-01
    4.99928147e-01 8.24192047e-01 9.07944798e-01 3.70670021e-01
    5.36241591e-01 7.91608334e-01 1.56695396e-01 2.69613266e-02
    2.60640264e-01 6.16014957e-01 1.93479359e-01 1.70728773e-01
    8.69685173e-01 7.01053202e-01 2.68925667e-01 8.43616545e-01
    3.87805223e-01 4.07782972e-01 3.02331805e-01 8.56240153e-01
    7.02259362e-01 4.56204563e-01 2.00884908e-01 6.61824763e-01
    5.32798588e-01 8.28950405e-02 8.56602669e-01 2.39839584e-01
    8.87400270e-01 3.80834699e-01 9.49687243e-01 5.23327291e-02
    5.99815547e-01 9.06429887e-01 7.19769001e-01 6.52266741e-01
    5.77220321e-02 4.66540575e-01 6.29245877e-01 4.60970879e-01
    7.41406262e-01 3.11753243e-01 9.52256799e-01 8.06800663e-01
    4.46100563e-01 6.56199276e-01 5.48085868e-02 3.88861805e-01
    4.17950869e-01 7.71098137e-02 6.31176114e-01 8.25385332e-01
    2.47396529e-02 1.68767631e-01 8.54041219e-01 8.03854406e-01
    1.76148355e-01 5.50784111e-01 4.58342999e-01 7.41429150e-01
    8.74704480e-01 4.04453844e-01 8.98631454e-01 4.62343484e-01
    8.53801847e-01 2.83704579e-01 2.75031477e-01 9.33547974e-01
    7.28377104e-01 3.33535045e-01 6.57489002e-01 6.83143139e-01
    8.66322577e-01 7.17201531e-01 6.66730762e-01 3.34339917e-01
    4.95431423e-01 3.50412428e-02 9.40600395e-01 2.72007525e-01
    5.51918507e-01 6.66855216e-01 5.00968099e-02 2.85849750e-01
    8.30683410e-01 5.51162422e-01 4.60748225e-01 8.28852415e-01
    7.90746033e-01 8.88496876e-01 5.05978763e-01 5.71105540e-01
    8.33924234e-01 4.22635525e-01 2.36328840e-01 4.62039709e-02
    5.09465158e-01 6.04102671e-01 9.16290402e-01 8.44470739e-01
    1.96066797e-01 8.93564582e-01 6.15708828e-01 9.53377604e-01
    4.65689957e-01 8.35122406e-01 7.36007631e-01 2.55786538e-01
    4.57783759e-01 7.55343914e-01 8.18337202e-02 4.29692984e-01
    2.92827845e-01 7.21209466e-01 1.07492477e-01 5.16914010e-01
    1.35810673e-02 9.26954627e-01 4.86741453e-01 6.57337904e-01
    6.97543263e-01 8.91117513e-01 2.24535763e-01 9.84647870e-01
    2.19822019e-01 9.72733498e-01 3.33426476e-01 6.38401687e-01
    8.01595092e-01 5.62697828e-01 7.63434947e-01 7.09371924e-01
    1.81942761e-01 5.22687614e-01 8.22009802e-01 6.72884703e-01
    7.76102781e-01 2.17514157e-01 5.08217335e-01 9.90250409e-02
    7.91141033e-01 4.53893423e-01 6.50113463e-01 8.55176568e-01
    9.25903499e-01 7.58989990e-01 7.99871385e-02 3.86443228e-01
    9.51027989e-01 5.01515687e-01 9.83229756e-01 2.24789977e-01
    8.36606264e-01 1.11892283e-01 1.72780633e-01 6.50091052e-01
    4.21875954e-01 6.95733428e-02 3.96484613e-01 7.20903873e-01
    3.45008075e-01 6.82178020e-01 1.93614006e-01 6.96973622e-01
    1.42008275e-01 7.53572285e-01 1.18356168e-01 9.82220769e-01
    3.98369849e-01 3.14700305e-01 4.10199344e-01 3.81034821e-01
    4.85496998e-01 1.75888926e-01 6.63251281e-01 7.98936963e-01
    8.47294450e-01 4.83995467e-01 2.49547064e-02 5.92113733e-01
    2.38781124e-01 8.73911142e-01 6.00427032e-01 6.08595729e-01
    1.08796209e-01 9.68307495e-01 1.96533501e-01 9.56505537e-02
    5.77334523e-01 6.97174370e-01 6.32670581e-01 2.61260062e-01
    4.68712628e-01 9.80221152e-01 5.69900692e-01 5.42801201e-01
    7.00920820e-02 9.04293120e-01 1.47430122e-01 2.88509727e-02
    4.65574175e-01 5.12372136e-01 5.25279701e-01 1.38615310e-01
    6.75714493e-01 2.29087234e-01 5.92831016e-01 9.04918671e-01
    9.66298819e-01 1.67047769e-01 2.79873967e-01 3.88373166e-01
    6.79839671e-01 8.05091560e-02 6.51618838e-01 3.97133321e-01
    9.10940289e-01 4.34298933e-01 9.21333194e-01 2.86618322e-01
    4.77002412e-01 3.55076075e-01 5.09377003e-01 1.46111250e-01
    4.96463537e-01 1.99077815e-01 6.01520896e-01 6.37143731e-01
    1.44109130e-01 2.57930756e-02 8.89606118e-01 9.30198550e-01
    8.09223175e-01 9.86767650e-01 7.55891502e-01 8.82705927e-01
    6.98996186e-02 1.10477298e-01 5.32996774e-01 9.59226727e-01
    8.21414590e-02 1.05063021e-02 2.51400054e-01 5.80280960e-01
    8.58585000e-01 1.14553869e-01 2.30777621e-01 7.31160164e-01
    7.28939176e-01 6.53755903e-01 2.90990353e-01 6.80406213e-01
    7.14876771e-01 3.57921779e-01 5.30989766e-02 6.86985970e-01
    6.58973277e-01 7.33344018e-01 3.57841790e-01 5.70197403e-02
    8.66366208e-01 5.69521546e-01 2.65790403e-01 5.38091242e-01
    6.68706954e-01 8.95647407e-01 9.24392700e-01 9.37522471e-01
    7.56080031e-01 9.76505935e-01 7.19869733e-01 2.59454906e-01
    2.89777070e-01 8.42046261e-01 7.71334767e-01 1.23087466e-02
    8.88911426e-01 7.81753182e-01 7.56775439e-01 9.69043851e-01
    4.31810677e-01 6.12173676e-01 3.31615865e-01 3.08178842e-01
    1.17028177e-01 9.13622379e-02 5.25988579e-01 3.77089679e-01
    3.59202594e-01 3.22287381e-01 8.85894299e-01 5.30907214e-02
    7.82547593e-01 7.52709568e-01 4.52311665e-01 8.25003386e-01
    8.95172715e-01 3.65992039e-01 2.84380198e-01 9.79658484e-01
    4.24896717e-01 7.34297097e-01 3.61874163e-01 5.74205101e-01
    4.08042908e-01 6.22123003e-01 1.70801163e-01 3.03071916e-01
    4.77869511e-02 3.16800177e-01 2.83371598e-01 5.70381701e-01
    2.18156606e-01 7.23841846e-01 2.31193155e-01 5.92870653e-01
    8.67091298e-01 6.24846578e-01 2.55316496e-01 5.85144043e-01
    3.35231066e-01 9.32201862e-01 6.64218307e-01 2.82309175e-01
    1.67728186e-01 8.78543496e-01 1.34137869e-02 2.82779217e-01
    5.92144728e-02 8.88989925e-01 2.56089628e-01 8.57747376e-01
    2.35869735e-01 4.44305003e-01 5.62334061e-03 1.86759233e-01
    1.76550299e-01 4.63818252e-01 5.49745381e-01 5.12908757e-01
    1.90092117e-01 1.44109309e-01 2.12627530e-01 6.44160569e-01
    2.64264166e-01 4.07423586e-01 3.70187402e-01 9.80151296e-01
    7.09304810e-01 8.93735886e-01 1.21750176e-01 5.71230352e-01
    4.01707828e-01 8.94459009e-01 9.76225793e-01 6.54471815e-01
    7.86582232e-01 9.56965506e-01 1.18139505e-01 6.49542332e-01
    5.21891236e-01 3.88889730e-01 5.09086430e-01 5.29317796e-01
    3.61201435e-01 2.05273837e-01 6.23596549e-01 2.34531015e-01
    6.15360737e-01 5.73176324e-01 6.59694314e-01 8.38355303e-01
    6.80384040e-01 3.15643996e-01 2.52025813e-01 2.34448701e-01
    3.73817325e-01 6.22411072e-01 8.45367610e-01 8.36995840e-01
    3.92178833e-01 7.28600323e-01 9.95638669e-01 9.46821213e-01
    7.47421026e-01 5.43467581e-01 9.52954292e-01 2.16230750e-02
    7.70939827e-01 3.11675847e-01 7.97622442e-01 3.75539154e-01
    9.16220307e-01 8.62679839e-01 5.94660580e-01 2.63058543e-02
    1.57921016e-02 1.75726503e-01 1.51126802e-01 9.33762789e-01
    9.19964075e-01 5.58765054e-01 8.02416503e-02 1.12452805e-02
    2.38292903e-01 2.69412398e-02 2.91905165e-01 9.43031907e-03
    1.46875560e-01 3.53633553e-01 2.61515558e-01 7.97739744e-01
    7.94500232e-01 9.20670331e-01 9.63856578e-01 2.04772532e-01
    3.14444304e-04 6.04457974e-01 6.40695155e-01 8.93499613e-01
    4.04202938e-03 1.77406132e-01 9.18220699e-01 6.90226734e-01
    2.06537426e-01 7.10359633e-01 3.72028887e-01 3.91401112e-01
    5.28783202e-01 1.76646173e-01 1.00359142e-01 9.11057234e-01
    3.73418093e-01 5.76868653e-01 8.96090865e-01 9.90675747e-01
    3.17357481e-01 4.86505300e-01 5.40517628e-01 5.96344471e-01
    8.34084988e-01 6.92613661e-01 4.10596609e-01 4.27611828e-01
    8.58901739e-02 1.15462750e-01 6.61849558e-01 9.69104469e-01
    2.15911269e-01 3.73833805e-01 3.07466984e-01 1.25245750e-02
    3.19501281e-01 6.00035191e-01 6.48370266e-01 4.78147566e-01
    5.75358868e-01 9.25600529e-01 3.08618426e-01 5.06437838e-01
    6.08662724e-01 8.09492111e-01 8.69243860e-01 6.03068650e-01
    3.00081372e-01 3.21763456e-01 5.02042055e-01 2.44354576e-01
    6.15756631e-01 1.79562479e-01 2.74268985e-02 7.51168132e-01
    3.19851130e-01 2.73357928e-02 8.85713398e-02 5.86748004e-01
    6.81423724e-01 1.68015659e-02 2.78327495e-01 7.64429212e-01
    3.68851125e-02 2.25809664e-01 3.91063094e-03 9.27050173e-01
    6.89616919e-01 8.77174497e-01 9.80206013e-01 1.63844496e-01
    4.76317763e-01 3.34891558e-01 8.05233777e-01 2.91269422e-01
    8.73489618e-01 3.99079025e-02 9.72763002e-02 2.78202325e-01
    2.41197944e-02 6.09126687e-03 4.80954111e-01 3.46855998e-01
    3.39269042e-01 1.04044676e-02 8.01434994e-01 3.68573070e-02
    3.59633952e-01 9.10166144e-01 9.62883472e-01 2.84440517e-01
    6.21228278e-01 8.63125324e-01 2.46572196e-01 7.76228547e-01
    5.52750289e-01 9.36683893e-01 6.31446898e-01 8.91016126e-01
    8.61926794e-01 5.08770406e-01 3.68196070e-01 3.60257626e-01
    6.21407628e-01 6.12589240e-01 4.18276429e-01 5.30690551e-01
    2.90415376e-01 5.85519612e-01 8.06046605e-01 4.55674261e-01
    6.01739705e-01 6.01538122e-01 6.48684025e-01 9.91942406e-01
    9.93147731e-01 5.45051098e-01 1.91244632e-01 4.71895546e-01
    4.15202379e-01 8.41695189e-01 1.92876250e-01 9.09211874e-01
    4.03405041e-01 4.99068379e-01 5.21737993e-01 8.04021955e-01
    5.40360868e-01 8.86217296e-01 4.26209152e-01 5.96869946e-01
    8.77825737e-01 2.58421183e-01 4.11050558e-01 9.77301955e-01
    9.06681657e-01 9.07967746e-01 7.44951665e-01 9.06278014e-01
    3.22442770e-01 5.28205395e-01 7.36385703e-01 9.41091180e-01
    9.38709497e-01 6.40138030e-01 9.73805785e-01 3.10444146e-01
    9.99463975e-01 8.77268851e-01 3.93416733e-01 2.95945406e-02
    8.50613117e-01 3.75788629e-01 4.68270481e-01 2.37179101e-01
    8.11905801e-01 5.40652812e-01 5.70802569e-01 5.97672284e-01
    6.96047187e-01 7.66911268e-01 5.11451781e-01 4.01134104e-01
    3.03577155e-01 9.11608100e-01 6.91313565e-01 2.97458768e-02
    4.14821595e-01 3.16063553e-01 7.95013785e-01 6.62418902e-02
    2.25206405e-01 5.95885456e-01 2.33022869e-02 6.19347930e-01
    2.29655981e-01 8.22700620e-01 3.13317150e-01 8.41605425e-01
    8.72561395e-01 4.11464095e-01 1.51935965e-01 3.41883004e-01
    2.03672945e-02 9.07487988e-01 2.46883273e-01 4.12868559e-02
    1.35699809e-02 4.64779139e-02 9.82380807e-01 2.39518613e-01
    9.90405202e-01 7.43164539e-01 2.88113058e-01 1.02960706e-01
    6.26783013e-01 2.81843215e-01 4.21041489e-01 9.69737828e-01
    1.21610880e-01 4.77985144e-01 7.95928180e-01 4.55829531e-01
    7.84561336e-01 9.33279574e-01 8.03072453e-01 6.81841552e-01
    8.76822352e-01 8.79595816e-01 1.35093719e-01 3.54465157e-01
    9.55041766e-01 3.61778736e-02 1.50428146e-01 6.49578810e-01
    3.33042860e-01 9.22503233e-01 4.67277437e-01 2.79879570e-02
    6.81596994e-02 1.13300234e-01 6.22657180e-01 8.33181620e-01
    7.16437936e-01 7.75046051e-02 5.32487333e-02 9.45161581e-01
    4.60993618e-01 4.79434699e-01 5.11077940e-01 1.70291185e-01
    7.78147519e-01 3.00358206e-01 9.46379900e-01 8.96206617e-01
    4.07817513e-01 4.04882103e-01 6.38978958e-01 9.27655458e-01
    1.91466033e-01 4.49761420e-01 4.05419737e-01 5.90587139e-01
    4.28508818e-02 8.34288359e-01 7.44434893e-01 4.03936774e-01
    2.53467232e-01 7.56620347e-01 1.27400517e-01 7.15392232e-02
    9.81314242e-01 4.45155799e-02 4.79431301e-01 8.70594263e-01
    2.91658014e-01 6.19403362e-01 2.77979016e-01 3.62286508e-01
    3.05123895e-01 2.53091633e-01 6.80933416e-01 4.88828421e-02
    9.64426637e-01 1.82739943e-01 3.01405072e-01 9.67514396e-01
    8.99704695e-01 1.39775723e-01 1.12125546e-01 6.80116117e-01
    5.07955909e-01 8.23446035e-01 9.17580962e-01 7.44989395e-01
    5.58027506e-01 7.43258893e-02 4.58564967e-01 2.69445002e-01
    8.70078385e-01 5.21290421e-01 9.89622056e-01 4.28586006e-01
    9.26907182e-01 4.01949525e-01 3.98633897e-01 2.16706634e-01
    4.09068733e-01 8.61749649e-01 8.90252233e-01 7.23450303e-01
    4.25143123e-01 4.17220622e-01 2.78557181e-01 1.18098497e-01
    7.90207505e-01 8.77753377e-01 8.48800302e-01 9.60774064e-01
    5.92178404e-02 6.87547743e-01 7.93439150e-03 5.65723181e-01
    2.84064054e-01 4.25030053e-01 5.28785288e-01 3.57951760e-01
    3.25756818e-01 7.14810729e-01 1.82517141e-01 7.56250501e-01
    8.85102630e-01 5.66289723e-02 4.41559821e-01 7.11526275e-01
    6.66437626e-01 9.69670773e-01 8.34271550e-01 2.28786469e-03
    4.39162850e-02 2.89416015e-01 6.75771654e-01 8.57430935e-01
    6.56506717e-01 4.17733639e-01 6.38858199e-01 2.91788578e-01
    5.60715914e-01 2.47185230e-01 5.56299269e-01 8.34699988e-01
    5.91900289e-01 8.08870077e-01 6.29572213e-01 6.47263825e-02
    6.66326284e-03 7.80516505e-01 1.10217184e-01 1.57878757e-01
    3.73097122e-01 2.50157714e-01 6.14385784e-01 1.76209211e-03
    1.63528085e-01 1.16541028e-01 2.77039111e-01 3.01760316e-01
    6.31138802e-01 4.94094551e-01 3.05205762e-01 7.39884973e-02
    9.20037091e-01 2.84040838e-01 4.76558328e-01 7.55476475e-01
    6.51685476e-01 4.52057332e-01 5.90324283e-01 6.35367930e-01
    9.66617405e-01 8.65672231e-01 4.67825294e-01 1.82925165e-02
    2.58823931e-02 9.86005902e-01 8.22794914e-01 1.79774791e-01
    5.59810579e-01 8.57035518e-02 8.40427279e-01 2.47813582e-01
    3.50302994e-01 8.67808461e-02 4.26131368e-01 7.28112459e-01
    4.12197769e-01 2.63234675e-02 8.12578201e-03 4.08028066e-01
    9.63971972e-01 9.82024074e-01 3.31448019e-02 1.22986943e-01
    5.69363236e-01 9.94977474e-01 9.29487646e-01 3.61575246e-01
    4.47202921e-01 4.33372021e-01 8.16731930e-01 7.57920980e-01
    8.45274925e-01 9.72962499e-01 2.11275220e-01 8.47007036e-01
    5.70642292e-01 1.73840135e-01 8.49931121e-01 9.32447195e-01
    8.21515679e-01 9.32910442e-02 8.27646255e-01 3.54563117e-01
    9.28109467e-01 4.67112780e-01 5.71131289e-01 2.79727191e-01
    8.10060561e-01 1.37857229e-01 1.21220022e-01 9.10214424e-01
    8.34130943e-01 3.55317354e-01 6.42447054e-01 1.97171360e-01
    2.80605465e-01 2.70649195e-02 7.80798256e-01 7.48192370e-02
    5.56472123e-01 3.87509197e-01 4.28216755e-01 8.83836627e-01
    1.25858635e-01 1.46299243e-01 6.15712762e-01 4.80488777e-01
    8.53759289e-01 9.00667310e-02 2.42974132e-01 3.81077141e-01
    9.11550045e-01 4.22875464e-01 4.99637157e-01 8.56098652e-01
    2.92047441e-01 6.68175220e-01 9.81791735e-01 2.79319525e-01
    5.62705040e-01 3.48116457e-02 5.65953553e-01 1.51239842e-01
    1.38588995e-01 2.76953876e-02 7.43174195e-01 1.32114887e-01
    7.61632681e-01 2.76098281e-01 3.06874216e-02 9.09684062e-01
    2.86809355e-01 6.45278513e-01 5.66358864e-01 2.46346086e-01
    6.84202373e-01 5.64635515e-01 2.52757370e-01 2.44808406e-01
    7.58028865e-01 5.18896461e-01 5.27343154e-01 6.50158405e-01
    7.72628307e-01 3.20260346e-01 9.18140054e-01 3.30704033e-01
    5.01844943e-01 1.46849185e-01 4.18688536e-01 2.64056325e-01
    1.56995147e-01 3.58034253e-01 4.37851340e-01 4.56785977e-01
    5.69851995e-01 6.51111364e-01 6.42512262e-01 6.33714736e-01
    7.80997634e-01 2.03869909e-01 2.47470707e-01 9.00929809e-01
    7.16014981e-01 1.11417651e-01 8.61352563e-01 2.43762136e-02
    1.30204350e-01 4.60154623e-01 3.10804605e-01 6.48802459e-01
    5.52338243e-01 4.81375575e-01 5.69477797e-01 4.51237619e-01
    9.61251020e-01 4.02522087e-02 3.51335943e-01 1.18491858e-01
    3.54383439e-01 4.12636280e-01 1.70513451e-01 6.69162869e-01
    9.54779565e-01 3.40414703e-01 9.67054844e-01 4.81288254e-01
    5.94421566e-01 7.88828850e-01 7.21977174e-01 1.65064335e-01
    1.90999746e-01 9.69158530e-01 3.02066803e-01 1.86210424e-01
    5.35199046e-03 3.21195722e-01 7.49320269e-01 6.22765303e-01
    2.42624104e-01 1.71926737e-01 4.04418468e-01 6.55929029e-01
    6.99763894e-02 2.60674000e-01 5.57872474e-01 3.41897577e-01
    5.29466033e-01 5.45276403e-02 5.13069093e-01 9.50930119e-01
    5.75767040e-01 4.65395480e-01 7.22369671e-01 9.95681167e-01
    9.40033317e-01 9.09192860e-01 2.31464595e-01 4.56472993e-01
    7.72746682e-01 8.10662627e-01 7.36946762e-01 2.54319906e-01
    6.99224770e-02 6.71608090e-01 6.05370164e-01 6.67009473e-01
    2.73846984e-02 8.88587236e-01 7.56329298e-02 6.57160163e-01
    9.11927938e-01 8.10246944e-01 1.95342630e-01 5.24610937e-01
    3.69019628e-01 8.63875389e-01 6.13954663e-01 3.66010845e-01
    1.29041523e-01 9.01429534e-01 3.46803069e-02 8.73586297e-01
    2.85212964e-01 6.70306981e-02 8.36458206e-01 3.13090980e-02
    3.96163076e-01 4.02767539e-01 8.01870465e-01 4.78451252e-01
    4.51206565e-01 1.11052513e-01 8.97671700e-01 8.47650051e-01
    3.38985622e-02 2.65649796e-01 6.78314328e-01 3.55406106e-01
    1.46196544e-01 1.54386610e-01 6.36045277e-01 1.16072714e-01
    9.38298821e-01 8.45225692e-01 6.87409401e-01 6.20764375e-01
    8.25383067e-02 6.30502343e-01 2.45752633e-02 2.53918171e-02
    4.91416156e-02 5.17676830e-01 3.45769644e-01 6.20953918e-01
    8.89435291e-01 2.69186497e-01 1.53953016e-01 6.43832803e-01
    6.88890934e-01 3.21139574e-01 8.06223750e-01 2.32673794e-01
    1.22890830e-01 8.02002072e-01 1.94699556e-01 3.18615317e-01
    5.58173060e-01 7.10542083e-01 5.70584059e-01 2.52586961e-01
    6.49470806e-01 2.84045488e-01 9.81614828e-01 5.28086782e-01
    1.56521022e-01 7.67152786e-01 5.25181413e-01 8.75783086e-01
    2.45227426e-01 1.47566587e-01 7.04604924e-01 7.01316833e-01
    7.46795416e-01 5.98426044e-01 8.96747947e-01 6.37006640e-01
    2.75423586e-01 2.98170567e-01 5.27633131e-01 6.39932990e-01
    4.83655006e-01 5.34588873e-01 2.45429605e-01 6.61131442e-01
    9.51171041e-01 2.93017387e-01 3.05856705e-01 9.40549731e-01
    6.41766787e-01 3.94960552e-01 6.54059231e-01 7.56253242e-01
    6.68288827e-01 9.78004098e-01 9.39292312e-01 3.06389481e-01
    9.96891141e-01 3.19161713e-02 5.91350436e-01 1.13507152e-01
    9.01288152e-01 8.53386283e-01 3.15348625e-01 5.66128850e-01
    5.41309834e-01 1.66535169e-01 4.34763014e-01 9.29938316e-01
    2.29348600e-01 7.68829584e-01 7.62466311e-01 2.64656544e-01
    2.64712304e-01 3.24907243e-01 6.27936244e-01 6.53994083e-03
    5.19191802e-01 5.92373848e-01 9.64631438e-01 6.29178882e-01
    8.17692876e-01 8.64677787e-01 5.18407106e-01 9.44736302e-01
    6.17364764e-01 5.40878415e-01 6.28183126e-01 6.14711881e-01
    7.99123287e-01 1.14841431e-01 5.01013398e-01 5.13799191e-01
    3.83967072e-01 4.81987149e-01 2.30173647e-01 1.99196249e-01
    6.68809175e-01 4.79405880e-01 5.99919260e-01 2.46063054e-01
    1.15978628e-01 3.81908715e-01 6.12479270e-01 6.62370384e-01
    1.12777025e-01 5.55912256e-02 8.89493644e-01 7.31194496e-01
    5.38600802e-01 6.83561385e-01 9.53487754e-01 6.14930093e-01
    7.79390216e-01 3.81918132e-01 2.85869390e-01 8.58755946e-01
    1.38458461e-01 5.18807769e-01 9.74870086e-01 2.43363678e-01
    7.64838338e-01 4.53212261e-02 1.13552213e-01 6.82947695e-01
    9.87263918e-01 2.28681445e-01 1.99750960e-02 9.80996251e-01
    8.40989530e-01 1.67316437e-01 1.46896005e-01 6.16270781e-01
    8.91203582e-01 5.04931033e-01 7.75951743e-01 3.47110212e-01
    7.54033685e-01 1.79371923e-01 8.41652632e-01 8.74752760e-01
    6.67988598e-01 1.77910030e-01 2.98301935e-01 3.94008994e-01
    9.78606880e-01 9.16992128e-01 8.02651644e-01 7.29071498e-01
    8.93971205e-01 5.64861298e-01 1.71806127e-01 6.58633411e-01
    2.09219247e-01 1.73972636e-01 1.74767971e-02 5.36840320e-01
    3.94058704e-01 2.87168682e-01 4.06511486e-01 6.88613057e-01
    6.97422862e-01 6.29097223e-02 5.34010649e-01 2.19332159e-01
    1.40086502e-01 2.21720010e-01 4.56320703e-01 8.60063434e-01
    9.21038866e-01 3.28448713e-02 8.13498735e-01 7.67591715e-01
    9.17575479e-01 1.83714747e-01 2.58485615e-01 7.62988925e-01
    1.62451208e-01 9.21550155e-01 1.90626860e-01 8.67096424e-01
    8.37649345e-01 2.44947076e-01 7.73174405e-01 5.43917656e-01
    2.17732549e-01 8.40102315e-01 2.21589267e-01 9.53747094e-01
    3.16462278e-01 6.11142516e-01 9.25055385e-01 1.68917865e-01
    2.67218053e-02 6.66280210e-01 5.63920856e-01 7.54661620e-01
    4.53693569e-01 1.82639807e-01 7.10667610e-01 7.51994491e-01
    2.54830867e-01 5.58959246e-01 6.89934194e-02 6.38898611e-02
    8.57657194e-02 6.42454743e-01 7.85974741e-01 4.22073245e-01
    2.56969154e-01 7.61023045e-01 2.87254006e-01 4.22187328e-01
    3.87096167e-01 2.17893183e-01 6.19352281e-01 1.65080726e-01
    8.80688190e-01 9.11451221e-01 6.15910590e-01 4.16360974e-01
    9.26013470e-01 6.18867457e-01 4.95844722e-01 3.24251175e-01
    2.54230708e-01 6.75986350e-01 6.66116476e-01 2.04378605e-01
    7.12992847e-01 6.98069274e-01 2.99663544e-02 8.64681602e-03
    4.86978829e-01 5.19838154e-01 8.75205040e-01 5.45128524e-01
    7.12385476e-01 7.49527037e-01 1.88002199e-01 1.45055979e-01
    4.32414651e-01 7.63977826e-01 1.26639009e-02 4.48615551e-01
    6.97453976e-01 1.11590773e-01 7.09817708e-01 6.30310357e-01
    9.45181131e-01 4.75935817e-01 1.66730970e-01 4.19236183e-01
    1.55298322e-01 3.87510121e-01 5.15010715e-01 8.52852225e-01
    4.60169703e-01 2.91563690e-01 7.22330689e-01 8.60511541e-01
    1.58989280e-01 6.27146184e-01 9.32000518e-01 2.36893266e-01
    8.13415408e-01 9.08573627e-01 2.54159451e-01 5.94270349e-01
    4.26397443e-01 6.20318890e-01 1.08782262e-01 8.88031840e-01
    2.37357676e-01 4.54376638e-02 7.84206927e-01 2.45236099e-01
    2.33849585e-02 9.50335383e-01 5.88072181e-01 5.53285301e-01
    2.84681082e-01 1.05835497e-02 8.00087750e-01 8.16324949e-01
    6.73459530e-01 3.07486773e-01 5.69826782e-01 3.13187331e-01
    2.52207458e-01 1.72930002e-01 5.55411816e-01 1.08447433e-01
    8.65574479e-02 6.51375711e-01 8.85629058e-02 9.58898067e-02
    6.61795676e-01 9.94103670e-01 6.51454926e-03 4.24837857e-01
    5.22980928e-01 2.51713991e-01 3.01438153e-01 9.70631242e-01
    6.89577997e-01 2.97297597e-01 1.11231565e-01 8.58573318e-01
    8.52583110e-01 7.10166812e-01 4.21071917e-01 1.49483681e-01
    5.25677502e-02 7.05599070e-01 1.47421956e-02 9.32765603e-02
    7.55498409e-01 6.15204275e-02 5.93469441e-01 1.74333036e-01
    2.91256398e-01 5.22067070e-01 4.47824568e-01 4.70190853e-01
    4.64807987e-01 4.06473041e-01 8.85796010e-01 8.90696406e-01
    5.94812751e-01 3.67978096e-01 1.32026374e-01 6.14243269e-01
    3.75870198e-01 2.72248089e-02 1.63012594e-01 1.22023433e-01
    4.63848144e-01 9.73588228e-01 1.53014958e-02 3.91624600e-01
    3.94646764e-01 4.69852924e-01 6.75446987e-01 7.21161485e-01
    4.01460737e-01 9.27908957e-01 5.67480564e-01 1.72469914e-02
    4.59849238e-01 2.03547448e-01 6.03824496e-01 5.36459148e-01
    4.09096062e-01 5.17667174e-01 2.23432630e-01 2.24341542e-01
    6.28260374e-02 4.69501555e-01 9.65997219e-01 3.45540881e-01
    5.66141009e-01 3.23595405e-01 2.91688204e-01 1.36823118e-01
    5.86208880e-01 1.70910329e-01 4.54580843e-01 5.23990214e-01
    9.43162084e-01 3.96555632e-01 1.64728135e-01 7.45481610e-01
    3.06185693e-01 5.81348717e-01 3.23375225e-01 8.95952702e-01
    6.70889318e-02 1.57058239e-01 1.04806453e-01 5.34254670e-01
    8.63175392e-01 5.82199097e-02 1.56939238e-01 2.38751411e-01
    6.58113658e-01 9.48188424e-01 1.96146250e-01 9.32433605e-01
    7.67218888e-01 2.04615444e-01 6.50464296e-02 8.36896062e-01
    9.94028449e-01 6.71901464e-01 8.13448310e-01 3.71075511e-01
    9.29470897e-01 5.69240570e-01 4.21337128e-01 5.81711531e-01
    5.77521443e-01 8.23169351e-02 8.32310677e-01 8.51577401e-01
    9.64565277e-01 1.33208126e-01 1.49593323e-01 7.58231878e-01
    6.72888517e-01 5.92592537e-01 9.71974373e-01 1.71115726e-01
    5.00672460e-01 1.44160390e-01 4.99279082e-01 6.15132809e-01
    1.41266108e-01 7.42104828e-01 6.31108999e-01 3.02989185e-01
    1.81855917e-01 3.37892771e-01 2.58056045e-01 4.21503365e-01
    6.07938826e-01 7.16897488e-01 5.60261190e-01 9.22060490e-01
    4.12685871e-01 6.41134977e-02 7.37714648e-01 3.05361897e-01
    6.97456956e-01 5.97857177e-01 7.09777832e-01 6.38496995e-01
    6.31980717e-01 6.95690691e-01 8.88611674e-02 6.09023213e-01
    1.01760805e-01 8.56643200e-01 1.10028714e-01 5.47727227e-01
    1.20275140e-01 8.47786188e-01 3.27933073e-01 2.85422921e-01
    6.21767342e-02 5.15243828e-01 2.20550060e-01 6.15190506e-01
    5.82867861e-01 7.82365680e-01 3.35160136e-01 1.12819135e-01
    8.23280215e-01 5.56477904e-03 8.56416225e-01 4.41866040e-01
    7.09021330e-01 4.79465723e-03 6.87451065e-01 7.94146061e-01
    8.79458904e-01 5.22300363e-01 9.00454283e-01 7.98742414e-01
    7.73573518e-01 7.71918654e-01 8.15933108e-01 7.45692372e-01
    1.35052204e-01 3.12180161e-01 3.20695281e-01 6.71704054e-01
    7.90697575e-01 5.80009043e-01 1.09187692e-01 6.93861127e-01
    1.70239806e-02 6.83229268e-01 1.25944942e-01 6.05556786e-01
    1.46089405e-01 7.52997935e-01 9.88880217e-01 1.44232482e-01
    9.65716600e-01 6.10772610e-01 9.15557146e-01 9.64055419e-01
    7.87357867e-01 7.20605552e-02 2.42420137e-02 3.36420536e-03
    1.44834280e-01 9.24638510e-01 9.35978949e-01 1.70455217e-01
    5.99716067e-01 7.97901750e-01 2.60831922e-01 7.19074607e-01
    2.16383904e-01 2.15074420e-03 9.20363665e-01 8.75610054e-01
    1.37392759e-01 2.08945990e-01 6.15065455e-01 2.77425110e-01
    6.09658360e-02 8.65506768e-01 2.36877680e-01 8.48154902e-01
    1.51601076e-01 9.61576343e-01 1.17697060e-01 1.97157204e-01
    1.77546442e-01 4.51435000e-01 3.12386513e-01 6.54193282e-01
    8.08954716e-01 9.55252171e-01 6.81928396e-02 1.95652962e-01
    1.72931969e-01 4.59554255e-01 4.72347766e-01 9.50769365e-01
    1.95920020e-01 8.46791625e-01 3.15724581e-01 1.44357741e-01
    7.77249217e-01 4.39736128e-01 4.13562953e-01 5.24760187e-01
    4.95289803e-01 7.89164305e-01 8.68041396e-01 3.38867724e-01
    6.33164287e-01 4.59673822e-01 2.51479387e-01 9.71732736e-01
    9.59619045e-01 9.09700036e-01 1.48725808e-01 4.72184241e-01
    8.28985870e-01 1.85348004e-01 8.29210639e-01 2.95753807e-01
    6.69684947e-01 2.42470056e-01 2.83058286e-01 9.93080616e-01
    5.08683980e-01 9.82984781e-01 7.93320179e-01 5.97901225e-01
    6.61676884e-01 8.54804754e-01 7.10448563e-01 4.56221521e-01
    8.94701302e-01 1.84557408e-01 2.04419494e-01 4.38137710e-01
    3.80792767e-01 1.97723508e-02 9.59438741e-01 6.77381396e-01
    9.35206890e-01 4.33685184e-01 8.72003675e-01 2.05843329e-01
    1.64743066e-01 1.29343212e-01 8.12597871e-02 3.60549331e-01
    3.33844483e-01 2.27174401e-01 9.42378521e-01 4.61243540e-01
    5.03330171e-01 1.85498685e-01 9.43963706e-01 9.89044666e-01
    7.74344862e-01 6.34280801e-01 9.85903382e-01 8.64670336e-01
    5.51877499e-01 4.92338359e-01 3.13100457e-01 5.96991062e-01
    5.21797240e-02 5.34052849e-01 3.27539444e-01 2.21952856e-01
    2.38672465e-01 9.79692519e-01 4.92467165e-01 1.29358470e-02
    7.01288342e-01 5.72823346e-01 2.43377775e-01 1.15237921e-01
    6.97889507e-01 8.85046899e-01 6.99368000e-01 1.71520412e-02
    7.27736831e-01 7.34912694e-01 1.32281393e-01 1.66216999e-01
    7.77053595e-01 3.98811042e-01 4.01845396e-01 3.21989715e-01
    5.71077168e-01 2.23509043e-01 4.01471555e-02 5.64624846e-01
    3.50397229e-02 8.15570831e-01 3.31073999e-01 1.51973367e-02
    3.52102101e-01 5.66836298e-01 3.67339551e-01 9.08574462e-01
    2.25492448e-01 6.39543831e-02 4.22650993e-01 1.08561546e-01
    5.74224889e-02 5.09026647e-01 2.25504249e-01 9.44551706e-01
    1.22199655e-02 6.44297719e-01 4.47562605e-01 4.24791485e-01
    1.03365242e-01 9.21784878e-01 5.64412594e-01 4.75633442e-02
    3.76032591e-01 5.92243314e-01 9.67947006e-01 4.19711143e-01
    3.97718906e-01 2.81713277e-01 4.80653435e-01 5.39261103e-01
    4.98603076e-01 5.44282675e-01 4.20264304e-02 4.62584436e-01
    2.38758057e-01 2.89243847e-01 9.00030673e-01 6.34272933e-01
    7.87321091e-01 4.02624100e-01 1.99368656e-01 2.46717125e-01
    5.50112367e-01 2.27446526e-01 5.61619580e-01 4.58130032e-01
    1.80523545e-01 5.90158820e-01 5.94040453e-01 4.36371565e-01
    1.26608640e-01 2.05210507e-01 7.40458250e-01 7.86955655e-01
    3.19750786e-01 3.40210170e-01 1.78004146e-01 5.26067674e-01
    7.87964284e-01 5.08036911e-02 6.92022920e-01 6.39551282e-01
    9.99909937e-02 8.75788927e-01 1.03542238e-01 8.64334285e-01
    6.39539719e-01 6.84627056e-01 7.70583868e-01 8.04170191e-01
    9.37947512e-01 6.75816834e-02 5.91917038e-02 6.35936856e-02
    1.06474757e-03 6.82929814e-01 8.52247179e-02 6.75848126e-02
    2.92118013e-01 4.31213170e-01 9.62230623e-01 5.28916419e-01
    7.31608987e-01 5.81499040e-02 2.77889788e-01 1.25115752e-01
    8.98267686e-01 7.85810888e-01 9.71801162e-01 1.83180392e-01
    4.40363497e-01 8.52141559e-01 1.66827768e-01 4.40940320e-01
    4.27688330e-01 3.39580357e-01 4.19039994e-01 8.76257479e-01
    1.67343616e-01 2.40374476e-01 4.98525381e-01 9.86566305e-01
    5.61837733e-01 1.55224711e-01 8.85741889e-01 4.89972234e-01
    7.65340686e-01 6.75157547e-01 5.92731833e-02 1.89324737e-01
    3.39368939e-01 5.71689725e-01 6.59944892e-01 2.86338031e-01
    9.23077583e-01 2.49253392e-01 6.08299315e-01 1.58886552e-01
    4.53715712e-01 9.82492089e-01 9.32570398e-02 4.51901734e-01
    5.54911256e-01 4.18427885e-01 7.91060090e-01 3.31043899e-01
    9.21305895e-01 9.40840065e-01 4.74450499e-01 8.48100245e-01
    7.56191611e-01 5.31426489e-01 3.99599314e-01 5.29357970e-01
    2.16494203e-02 2.56475955e-01 2.03423500e-02 8.37259769e-01
    2.05585659e-01 8.84860873e-01 3.89646620e-01 1.64911211e-01
    4.54558134e-02 9.87199664e-01 6.02828383e-01 5.00543296e-01
    4.30136144e-01 1.55252993e-01 3.68384033e-01 2.01096565e-01
    6.11922443e-01 3.90386969e-01 5.22653997e-01 7.27806985e-02
    5.73685467e-01 4.45039898e-01 8.76479268e-01 4.08836305e-01
    5.71632802e-01 1.47441685e-01 8.93041968e-01 2.92996466e-01
    5.81739306e-01 6.53949082e-01 9.68386412e-01 7.61457562e-01
    5.98046541e-01 3.81199419e-01 6.09798670e-01 5.44159234e-01
    6.31847084e-01 7.47088552e-01 6.47295594e-01 5.48809350e-01
    7.56015301e-01 1.31876081e-01 4.41960096e-01 8.16571653e-01
    5.29196739e-01 1.52834058e-02 2.32271552e-02 7.09341526e-01
    2.78469682e-01 6.11115754e-01 5.32554567e-01 2.78424621e-01
    6.99668527e-02 9.75646794e-01 5.90023518e-01 3.03815424e-01
    4.41387743e-01 9.32657480e-01 4.62860763e-01 9.36472416e-01
    6.61318600e-02 3.75129849e-01 9.04246509e-01 8.16146970e-01
    4.07943130e-03 2.02703178e-02 5.90770245e-02 4.44063365e-01
    2.87249565e-01 3.06198299e-01 1.89154446e-02 7.99962997e-01
    6.17493093e-01 4.93981391e-01 8.20936561e-01 9.09304857e-01
    5.15116334e-01 5.69755256e-01 2.67438710e-01 7.17207253e-01
    9.45572257e-01 1.37352258e-01 5.74973166e-01 6.14598930e-01
    6.29633427e-01 2.25868523e-01 7.23883808e-01 6.71027601e-01
    6.60009146e-01 2.05965906e-01 6.72253013e-01 1.23852134e-01
    5.40598333e-01 7.15112865e-01 5.34048080e-01 9.52691555e-01
    5.44189990e-01 2.11707830e-01 5.48063338e-01 6.13357663e-01
    2.58397460e-01 9.09307003e-01 2.17837662e-01 8.80468190e-02
    4.85053033e-01 1.18986964e-01 1.84419870e-01 9.52322602e-01
    8.92314315e-03 6.43423617e-01 9.24528360e-01 4.20197368e-01
    1.63511604e-01 7.27088869e-01 3.12663406e-01 7.88536668e-02
    3.12560201e-01 8.41377616e-01 9.14648175e-01 9.40733552e-01
    1.20386660e-01 4.37885135e-01 6.78916454e-01 7.92168438e-01
    7.18707442e-02 5.62510610e-01 1.45577520e-01 6.13584459e-01
    9.45098519e-01 2.53625274e-01 4.14289176e-01 1.32910252e-01
    4.84043509e-01 9.93323028e-01 4.34195697e-02 6.54093266e-01
    4.62011546e-01 4.31399375e-01 8.87155890e-01 7.23349988e-01
    7.62880206e-01 5.60492098e-01 1.90293163e-01 5.83067834e-02
    9.95663404e-01 8.12628150e-01 4.84609932e-01 1.26975298e-01
    2.10905015e-01 1.82476610e-01 2.89236009e-01 4.36814487e-01
    7.24976003e-01 9.90321159e-01 8.77603412e-01 1.60275251e-01
    2.36933529e-02 3.66079509e-02 1.74695492e-01 1.93459451e-01
    1.03948385e-01 8.67431760e-01 9.25874472e-01 3.41340810e-01
    7.35789895e-01 4.87328380e-01 2.74670422e-01 2.65258580e-01
    9.68579173e-01 7.75604784e-01 3.36795807e-01 6.36810780e-01
    4.06005293e-01 1.52979195e-01 7.69964695e-01 1.96512908e-01
    7.79757380e-01 4.01788831e-01 4.09455627e-01 1.24599040e-01
    6.59528852e-01 5.37168622e-01 2.19833225e-01 9.35121298e-01
    2.45561212e-01 3.97906452e-01 2.00527459e-01 1.43604755e-01
    6.43437207e-02 6.97546422e-01 4.71430331e-01 8.33935738e-01
    6.27876878e-01 7.34861195e-01 3.18069905e-01 9.48775172e-01
    7.63716698e-02 2.29983717e-01 9.33102608e-01 2.47943461e-01
    6.09335244e-01 2.28432447e-01 1.92896634e-01 9.64468300e-01
    4.28546727e-01 9.11871374e-01 9.72165942e-01 9.45969462e-01
    7.86142468e-01 7.73588955e-01 9.93625224e-02 2.00442255e-01
    4.78843331e-01 9.79523540e-01 7.34335303e-01 2.83381402e-01
    6.47059679e-01 3.50565791e-01 8.88348222e-01 2.16560751e-01
    2.08767653e-02 1.27507895e-01 2.06443012e-01 5.04841030e-01
    8.38759363e-01 5.60428917e-01 4.38548982e-01 4.73500699e-01
    3.23645711e-01 9.10570920e-01 7.88639188e-02 6.92395091e-01
    4.66168821e-02 7.49263287e-01 8.57465565e-01 1.27341390e-01
    6.07105374e-01 4.14999664e-01 5.64156950e-01 6.67270005e-01
    8.23550820e-02 2.66056359e-01 3.34614098e-01 9.09373760e-01
    4.00000125e-01 5.20442963e-01 9.96189594e-01 1.47025794e-01
    3.69213283e-01 9.35976863e-01 4.79815662e-01 3.85401130e-01
    5.48634350e-01 2.94280052e-01 6.64973497e-01 7.61400223e-01
    3.52110267e-01 1.51756853e-01 4.74333435e-01 6.95910752e-01
    6.10333920e-01 4.95353848e-01 9.54633355e-01 8.86666775e-03
    9.18160021e-01 9.79075193e-01 6.15895033e-01 1.88816041e-01
    8.68916512e-02 9.90458012e-01 6.69663787e-01 8.94574761e-01
    5.52966297e-02 4.95341897e-01 1.94231868e-01 6.74067140e-01
    8.84780705e-01 8.73155951e-01 5.57135165e-01 8.52424383e-01
    8.94418240e-01 8.51184726e-02 2.81545758e-01 7.37336099e-01
    8.21648657e-01 9.87884104e-02 5.56939185e-01 5.51083326e-01
    5.30651808e-01 7.74793506e-01 3.04690242e-01 6.29137993e-01
    5.60320854e-01 9.95696783e-01 8.66036832e-01 3.04910362e-01
    5.16434610e-01 9.56533134e-01 6.07949197e-01 6.82382643e-01
    2.32843369e-01 5.91010511e-01 4.61493492e-01 5.53925931e-01
    6.91989183e-01 7.36757398e-01 8.30037713e-01 6.23251259e-01
    2.56833732e-01 6.38471246e-02 7.09389746e-02 7.48320103e-01
    6.88550353e-01 6.67583823e-01 6.91714406e-01 3.59800100e-01
    7.58106112e-02 7.09032178e-01 9.82466400e-01 7.15285420e-01
    4.74080771e-01 1.31450713e-01 5.89964151e-01 3.24879557e-01
    6.29339516e-01 6.17018342e-03 1.06797367e-01 1.62896514e-01
    1.41932160e-01 3.17339718e-01 5.82130551e-02 7.58717716e-01
    7.24177599e-01 2.11998880e-01 4.74822313e-01 4.28564221e-01
    4.42221522e-01 7.07984030e-01 8.39880705e-02 4.52935100e-01
    7.57078171e-01 2.78338492e-02 4.40425277e-01 3.44714612e-01
    2.49820948e-02 5.33024907e-01 6.23397768e-01 8.81310940e-01
    4.79314744e-01 9.76398110e-01 6.25618100e-01 9.35368299e-01
    2.92749763e-01 1.51893824e-01 1.39101982e-01 7.97540665e-01
    3.99990261e-01 4.91936684e-01 1.60266042e-01 9.38493013e-01
    3.42798114e-01 7.19063938e-01 1.86558574e-01 9.11255360e-01
    8.59976053e-01 9.74321961e-02 2.59598583e-01 4.45775598e-01
    3.66324872e-01 6.56419873e-01 6.12683892e-02 8.03287625e-01
    8.73197556e-01 6.68434203e-01 1.17711514e-01 1.69743866e-01
    6.14013255e-01 2.38659620e-01 1.53759658e-01 5.95031857e-01
    6.07618928e-01 2.02682018e-02 6.72666550e-01 8.29036593e-01
    9.11892116e-01 9.20732379e-01 5.00684738e-01 4.84023273e-01
    9.84578490e-01 6.51611567e-01 4.89978135e-01 5.65999627e-01
    1.42007619e-01 5.69131374e-01 3.44243437e-01 4.69139516e-01
    3.77844244e-01 7.38680840e-01 2.26195723e-01 7.85213411e-01
    1.76486641e-01 1.19524509e-01 1.23232484e-01 3.87236625e-01
    1.95779055e-01 1.08255535e-01 6.94090128e-01 4.96764630e-01
    4.16100591e-01 4.81291652e-01 1.11733556e-01 2.12603092e-01
    2.13856786e-01 7.96587825e-01 1.11417323e-01 6.39559329e-01
    6.93096519e-01 3.43673468e-01 2.89485186e-01 3.42297375e-01
    8.08524787e-02 6.50702417e-01 7.71935940e-01 3.21861982e-01
    5.23161769e-01 4.12935317e-01 4.18885440e-01 2.11877406e-01
    4.97952938e-01 9.30554390e-01 9.58846509e-01 7.51314878e-01
    3.37959766e-01 5.42879105e-01 4.94480729e-01 8.16255927e-01
    2.91169733e-01 7.02303052e-01 2.78215915e-01 1.25322521e-01
    5.97281396e-01 8.63697886e-01 1.03653461e-01 7.30726600e-01
    2.22977191e-01 4.21504676e-01 6.55834496e-01 3.57457340e-01
    2.03706473e-01 3.27230453e-01 1.06153995e-01 2.19237924e-01
    9.87854242e-01 9.32125211e-01 8.19197416e-01 6.26964986e-01
    7.62938023e-01 4.00245130e-01 2.47500032e-01 9.44620013e-01
    9.13979053e-01 6.96037531e-01 6.92428887e-01 7.91515112e-01
    9.63805199e-01 4.36742902e-01 5.78254759e-01 1.04505867e-01
    7.25761533e-01 1.60091907e-01 7.28098452e-01 9.69718993e-01
    5.71879804e-01 8.84778976e-01 1.35270268e-01 1.28126800e-01
    5.65133035e-01 1.68010324e-01 6.74766898e-01 1.93226576e-01
    8.32879901e-01 8.92054439e-01 2.18646139e-01 7.07544625e-01
    4.35195535e-01 5.03497183e-01 1.32594109e-02 9.85621512e-01
    2.15435565e-01 9.84073997e-01 9.00220871e-02 3.08902681e-01
    4.35401767e-01 2.55404949e-01 3.60677749e-01 3.31009150e-01
    9.98179674e-01 9.38041091e-01 1.74538374e-01 8.05530787e-01
    8.30187440e-01 2.77269423e-01 5.55684507e-01 8.80548358e-01
    5.87333381e-01 9.03241515e-01 5.81220269e-01 5.26963651e-01
    1.47874117e-01 9.82160449e-01 4.60430980e-01 5.81345797e-01
    7.06371009e-01 7.15669513e-01 6.25341296e-01 9.85433578e-01
    9.30162489e-01 4.91481423e-01 4.37368810e-01 6.16331577e-01
    8.19458246e-01 7.20938683e-01 2.03055680e-01 8.50859880e-02
    9.37622547e-01 6.12651706e-02 4.32093561e-01 7.13640571e-01
    3.35888624e-01 3.93199354e-01 8.53358567e-01 2.21189559e-02
    8.04237247e-01 7.34781027e-01 6.74393117e-01 7.26566613e-02
    3.22714448e-02 2.10726649e-01 1.93345010e-01 7.07738400e-01
    1.33478910e-01 1.93864316e-01 3.14388931e-01 3.58146578e-01
    5.04865468e-01 5.92082143e-01 3.22112799e-01 9.06390667e-01
    9.52370703e-01 1.06954068e-01 9.43718970e-01 2.77170330e-01
    5.41401803e-02 7.74900198e-01 4.48506683e-01 6.50057197e-02
    8.05792212e-01 3.27680469e-01 4.99842107e-01 9.28970277e-02
    7.23085046e-01 8.77130747e-01 1.54159099e-01 1.45172745e-01
    9.11967039e-01 9.19643760e-01 2.70599008e-01 1.67329311e-01
    1.65296048e-01 2.49072552e-01 2.16039121e-01 3.34684819e-01
    7.02725649e-01 5.70417345e-01 2.69957781e-01 5.78309357e-01
    5.96170843e-01 2.01786041e-01 3.95597994e-01 9.97786283e-01
    3.48980606e-01 4.79877949e-01 4.73189861e-01 8.29943776e-01
    3.56221676e-01 8.48027110e-01 2.23258108e-01 5.58024168e-01
    4.29970860e-01 2.98926234e-01 7.50024378e-01 9.85265911e-01
    7.19328940e-01 2.53115296e-02 5.31409681e-01 6.26660824e-01
    7.75219798e-02 9.90956187e-01 4.15430188e-01 7.52451301e-01
    1.02862060e-01 7.16803432e-01 4.76828516e-02 5.17523825e-01
    1.38754576e-01 5.30307710e-01 6.19706452e-01 6.74174368e-01
    3.71972203e-01 4.30414736e-01 8.20711911e-01 2.01254398e-01
    9.19146895e-01 6.40598297e-01 3.56731981e-01 3.51968765e-01
    1.88751400e-01 3.32987010e-01 1.96564704e-01 3.41695786e-01
    9.48513150e-02 5.84445238e-01 1.41209871e-01 9.14028585e-01
    7.08970070e-01 2.90560722e-03 4.17164266e-02 6.28029644e-01
    8.17751825e-01 3.80145639e-01 8.37277293e-01 5.58993578e-01
    8.90200913e-01 8.75253975e-01 1.58337891e-01 3.55455220e-01
    4.26863998e-01 3.33575994e-01 1.61442161e-02 7.14836776e-01
    4.50379878e-01 2.13484198e-01 4.91450787e-01 1.09379619e-01
    4.70680952e-01 9.47315216e-01 2.69192338e-01 1.97892785e-02
    2.02646732e-01 7.06624150e-01 2.64515340e-01 5.70198298e-02
    3.88200045e-01 4.47859555e-01 6.23259425e-01 9.88470435e-01
    4.32788163e-01 5.02535403e-01 5.36059737e-01 6.88040376e-01
    7.12734163e-01 9.52536285e-01 7.94037342e-01 6.23518229e-01
    5.12437284e-01 1.61926091e-01 1.56367242e-01 9.26381946e-01
    4.86610472e-01 1.50525272e-01 7.40360200e-01 8.78666878e-01
    4.40756440e-01 4.36343580e-01 3.15984786e-02 6.90423846e-02
    3.51651579e-01 8.55319440e-01 8.13140869e-01 3.57909799e-02
    5.32548726e-02 2.57944345e-01 1.39830112e-02 8.23207855e-01
    7.36947358e-02 3.42203557e-01 2.32228398e-01 3.54632288e-01
    2.12428868e-01 2.16894746e-01 3.95227104e-01 6.22978389e-01
    5.39246321e-01 7.46729553e-01 5.95513582e-01 7.80210495e-01
    3.23921740e-01 4.09677744e-01 4.15885657e-01 9.88911569e-01
    5.40730119e-01 8.59145582e-01 7.38338470e-01 1.41825736e-01
    7.15455174e-01 7.46324480e-01 3.16249192e-01 1.61013812e-01
    7.34838843e-01 5.26954293e-01 4.51140285e-01 1.25527948e-01
    6.50960326e-01 8.99119139e-01 2.42492527e-01 3.04855227e-01
    2.39237100e-01 1.98637575e-01 4.83241796e-01 4.33815181e-01
    9.67630148e-02 1.67084694e-01 4.64553118e-01 8.04975331e-02
    3.10629547e-01 3.37401927e-01 6.29246593e-01 6.40781045e-01
    3.23285341e-01 7.48328686e-01 7.14843869e-01 4.45021629e-01
    1.53391510e-01 2.81374365e-01 1.19625002e-01 9.27843571e-01
    1.23770118e-01 9.02318656e-01 5.83799422e-01 6.09608948e-01
    7.15976954e-02 2.89494127e-01 6.72779858e-01 9.34557319e-01
    7.83364594e-01 6.52556598e-01 2.51957208e-01 2.64346838e-01
    9.71328497e-01 1.34500623e-01 6.49536252e-01 7.97525644e-01
    8.32294226e-01 6.00501060e-01 6.68980062e-01 7.54667342e-01
    7.79222131e-01 6.02526426e-01 4.15962160e-01 4.60083336e-01
    8.75660539e-01 7.48907208e-01 7.49914944e-02 1.95415199e-01
    2.10769594e-01 5.36943436e-01 8.47241163e-01 7.49297082e-01
    4.21540290e-01 2.61597216e-01 6.28151834e-01 7.72568583e-01
    4.86657321e-02 4.87311780e-01 4.08776730e-01 8.66504192e-01
    5.39414287e-01 1.27351671e-01 1.00722820e-01 9.58735108e-01
    6.56788051e-01 4.56343949e-01 2.82543302e-02 9.98495221e-01
    4.63809729e-01 5.90848923e-02 5.89645147e-01 7.22584724e-02
    5.50564826e-01 2.35896260e-01 9.06675637e-01 9.07031536e-01
    5.81456006e-01 8.97124887e-01 1.13634318e-01 7.36879051e-01
    1.78694606e-01 4.08246875e-01 7.54763365e-01 7.84717798e-01
    5.79873383e-01 6.72900379e-02 9.38599229e-01 5.45253038e-01
    3.84027749e-01 6.65860236e-01 3.46380591e-01 2.89590538e-01
    9.54413950e-01 1.27282739e-02 1.98729992e-01 3.87071878e-01
    4.05006975e-01 1.74871385e-02 8.50690603e-02 9.23723459e-01
    6.78201497e-01 8.18433821e-01 2.20657378e-01 7.22608447e-01
    7.87651420e-01 4.72076923e-01 3.33661318e-01 6.88193798e-01
    4.86918628e-01 5.23085535e-01 4.61614966e-01 8.02815318e-01
    3.59464169e-01 6.22060001e-01 2.88787901e-01 2.76766449e-01
    3.75914216e-01 1.11449957e-02 3.53615195e-01 2.00676411e-01
    8.35850239e-01 9.24031377e-01 3.48466218e-01 3.04047763e-02
    9.27291512e-01 1.46017730e-01 7.12358475e-01 1.64238513e-02
    8.41310740e-01 7.25194931e-01 7.46096134e-01 2.04642743e-01
    5.66765547e-01 8.63008976e-01 1.49360895e-02 6.89359307e-02
    4.48138416e-01 5.83419383e-01 5.32102346e-01 6.45077229e-01
    4.59888399e-01 2.29978561e-03 1.72916532e-01 5.21895587e-02
    2.80467808e-01 3.77918452e-01 3.99946451e-01 4.91051465e-01
    4.31777298e-01 5.82059264e-01 4.15842503e-01 3.73934239e-01
    6.24863386e-01 2.43175328e-02 7.11164117e-01 4.20379877e-01
    6.99055910e-01 2.03812450e-01 5.08604646e-02 5.75614810e-01
    9.06670928e-01 9.46211755e-01 8.72089028e-01 3.96963179e-01
    4.28542137e-01 5.69182515e-01 2.79809237e-01 6.97640121e-01
    8.84427190e-01 5.30654073e-01 4.76748675e-01 2.94450581e-01
    6.91580653e-01 4.61935043e-01 4.85080719e-01 3.72928411e-01
    2.57579386e-02 2.38549083e-01 4.89664078e-03 7.32576966e-01
    3.26213509e-01 4.08370912e-01 3.14495742e-01 3.03871632e-01
    9.03137028e-02 9.65079486e-01 6.04171872e-01 2.85722047e-01
    9.03286695e-01 9.09402251e-01 2.72335768e-01 1.43447161e-01
    6.48811519e-01 8.13356280e-01 7.74739742e-01 7.87583649e-01
    6.33725166e-01 9.76660669e-01 6.25974596e-01 3.76400888e-01
    5.57798684e-01 7.08527923e-01 2.59606361e-01 6.85927927e-01
    1.38280153e-01 8.22653949e-01 4.13256824e-01 1.37078226e-01
    4.21732783e-01 5.52422106e-01 5.51856875e-01 4.00435567e-01
    7.79287875e-01 3.61922085e-02 1.35982484e-01 7.25666642e-01
    6.34105206e-01 1.36418045e-01 9.51976359e-01 9.92527008e-01
    3.63547504e-02 5.01609087e-01 2.74266273e-01 2.10601360e-01
    5.98311305e-01 3.16611528e-01 9.95424867e-01 6.28553808e-01
    7.86975443e-01 1.11920297e-01 3.47572923e-01 8.13221455e-01
    2.72380590e-01 8.56772900e-01 6.70879602e-01 4.68932003e-01
    7.17796981e-01 7.62134433e-01 5.18431485e-01 9.96601760e-01
    3.31412733e-01 1.49407715e-01 5.99836409e-02 9.76607561e-01
    3.58059585e-01 4.93701309e-01 8.32028866e-01 9.42292213e-01
    9.67360914e-01 8.80501807e-01 7.30156898e-05 9.35464799e-02
    8.99899364e-01 4.25671041e-01 1.13375455e-01 7.49637365e-01
    7.99453974e-01 6.25590384e-01 7.18321621e-01 7.27972865e-01
    6.55966282e-01 5.64134777e-01 1.85568392e-01 9.08042192e-01
    5.13586700e-01 9.15551543e-01 7.11402118e-01 8.80406320e-01
    5.73234260e-01 4.93885338e-01 4.59119260e-01 9.13952708e-01
    3.58549297e-01 8.47529888e-01 7.64117420e-01 7.00383186e-01
    1.70237422e-01 4.66675460e-02 7.37421989e-01 6.96803033e-01
    7.21774936e-01 6.51350617e-01 2.82492429e-01 5.69468319e-01
    8.28621984e-01 7.13936687e-01 2.48511374e-01 7.89571285e-01
    7.63976753e-01 8.10599208e-01 4.88114357e-03 9.70578313e-01
    2.53575176e-01 8.70777845e-01 8.78969669e-01 6.13767982e-01
    1.55774802e-01 7.16935277e-01 8.03849697e-01 9.06361163e-01
    4.89664018e-01 9.96096373e-01 9.23577428e-01 5.35129130e-01
    2.68274665e-01 5.54591894e-01 6.01899981e-01 8.39230120e-02
    6.34333253e-01 3.05618495e-01 4.16122258e-01 7.85531640e-01
    2.64346093e-01 1.81703180e-01 8.12026262e-01 5.35103440e-01
    8.66320252e-01 1.05709136e-02 8.11962724e-01 1.17428213e-01
    5.62985122e-01 1.01681530e-01 3.17033172e-01 3.42574507e-01
    8.31381083e-01 4.66293097e-03 6.60363615e-01 9.17103887e-01
    2.70836055e-01 7.08120108e-01 4.71807420e-02 9.57413614e-01
    9.87448812e-01 7.18190491e-01 6.17821515e-01 5.08072674e-01
    1.83224469e-01 3.39848697e-02 9.11073565e-01 9.10552204e-01
    8.22401643e-02 6.95637465e-01 4.12247241e-01 7.79498935e-01
    8.78732622e-01 9.23437476e-01 9.25731182e-01 3.34340811e-01
    3.40867579e-01 5.13852358e-01 9.43041742e-02 9.22167122e-01
    3.83037060e-01 5.58267117e-01 7.64859080e-01 1.22204781e-01
    7.78587103e-01 5.48993886e-01 5.28203905e-01 3.98328602e-02
    9.66561019e-01 9.02459741e-01 9.03310955e-01 1.21429265e-02
    6.94682658e-01 3.25048923e-01 6.04561806e-01 4.92755085e-01
    4.02794063e-01 3.54295939e-01 7.19046175e-01 2.28395849e-01
    8.14926267e-01 5.18783927e-01 1.96525425e-01 7.13587046e-01
    2.48061836e-01 2.29442805e-01 3.57070684e-01 1.51516825e-01
    9.80936408e-01 8.88637066e-01 1.79756910e-01 8.27361584e-01
    6.32826328e-01 2.85093904e-01 9.71432209e-01 1.70960784e-01
    5.47541380e-01 4.78852570e-01 6.34315729e-01 5.53607285e-01
    2.87231177e-01 8.61906111e-02 7.28001595e-01 9.30990577e-01
    9.79384661e-01 1.05144322e-01 5.47318757e-01 7.64565885e-01
    2.05328494e-01 1.29065514e-01 4.38230425e-01 6.69892967e-01
    6.72042310e-01 9.26781297e-01 9.06988621e-01 6.32212043e-01
    4.58686918e-01 6.52459979e-01 1.13216132e-01 7.88373113e-01
    6.53931499e-03 4.39674556e-02 1.65230125e-01 3.98149401e-01
    1.48491561e-01 7.96423793e-01 3.00043494e-01 8.83094251e-01
    1.39607519e-01 9.00561690e-01 5.86179614e-01 8.50286365e-01
    7.27458775e-01 1.90433800e-01 5.65933943e-01 9.31631684e-01
    3.60061944e-01 4.91988599e-01 5.43210030e-01 4.09854144e-01
    2.03451127e-01 3.35537553e-01 2.03049093e-01 5.00417590e-01
    4.17627037e-01 4.03580964e-02 5.71224689e-02 9.41594601e-01
    9.18960929e-01 4.37348247e-01 5.75533986e-01 3.50095153e-01
    9.69083607e-02 7.21199512e-01 4.12723541e-01 7.48014450e-01
    7.56627917e-01 4.20202613e-01 2.13891834e-01 2.57845730e-01
    9.01683092e-01 9.22680616e-01 3.13700378e-01 8.83069277e-01
    7.72434831e-01 9.69808340e-01 5.01504838e-01 4.19190884e-01
    6.04991436e-01 8.67068172e-01 6.02166653e-01 2.08091438e-02
    2.00594008e-01 8.94425392e-01 1.62951946e-01 1.78327113e-01
    6.67240083e-01 3.52621973e-01 8.40598822e-01 2.35540569e-01
    6.04623199e-01 3.19944739e-01 8.40344191e-01 9.77188587e-01
    2.26915449e-01 1.19010031e-01 8.78352523e-01 1.52663350e-01
    7.77759552e-02 3.04196179e-01 4.64147389e-01 8.86247754e-01
    9.67954040e-01 4.09394264e-01 5.82609773e-01 3.34838182e-01
    6.61248803e-01 8.41866434e-02 7.28186846e-01 3.64818811e-01
    9.97758985e-01 9.57522988e-02 2.89186835e-01 8.04070711e-01
    7.34583139e-01 5.93457699e-01 8.65802765e-01 1.79145098e-01
    8.16789865e-02 6.95442379e-01 1.25119120e-01 2.63909072e-01
    6.77718759e-01 3.92946899e-02 7.90472209e-01 6.85532331e-01
    2.08728909e-01 1.56003863e-01 9.01665330e-01 2.22678781e-01
    1.36036247e-01 2.15902537e-01 4.74898070e-01 8.05818796e-01
    7.27673292e-01 5.82417428e-01 4.08270001e-01 6.42281950e-01
    5.65128803e-01 7.82479286e-01 8.87626767e-01 1.73313648e-01
    2.16067761e-01 2.97307581e-01 4.76121902e-03 2.60020137e-01
    4.81468558e-01 7.32123733e-01 3.89860123e-01 9.99021530e-01
    5.89607596e-01 8.70803475e-01 6.46014392e-01 9.72731948e-01
    9.75204825e-01 8.39355409e-01 3.98653299e-01 5.52542210e-02
    5.40677011e-01 3.02344263e-02 4.89638925e-01 1.45737171e-01
    2.95908213e-01 4.55853075e-01 1.65546209e-01 8.77648175e-01
    1.90675199e-01 2.38475144e-01 3.15690637e-01 3.32122862e-01
    5.44863939e-01 8.54657173e-01 8.90002489e-01 3.49158049e-03
    9.65443611e-01 8.08945656e-01 2.63739109e-01 4.76305068e-01
    5.38485825e-01 8.06410909e-01 4.72797006e-01 2.42822051e-01
    8.97965550e-01 5.18501937e-01 6.92668855e-02 5.49714327e-01
    7.92336106e-01 2.15753049e-01 6.01925015e-01 3.57758105e-01
    1.40126199e-01 8.11682045e-02 5.33634603e-01 3.08617949e-01
    6.31362319e-01 5.97411990e-01 4.66557086e-01 6.76599145e-01
    7.07040727e-02 8.94738078e-01 8.84470940e-01 6.43521786e-01
    6.07947111e-02 7.09384859e-01 7.16050625e-01 9.61156726e-01
    3.40387940e-01 4.34547722e-01 7.48720706e-01 9.85485196e-01
    2.28769213e-01 1.90600276e-01 6.72631502e-01 9.46912885e-01
    7.22757280e-02 3.98290098e-01 9.24886703e-01 2.99019068e-01
    9.66203809e-01 9.84689713e-01 5.65375090e-02 8.00290048e-01
    4.14507002e-01 8.08582306e-01 2.21098959e-02 3.36841613e-01
    9.48955774e-01 2.52784461e-01 8.18833292e-01 8.33982944e-01
    9.20485735e-01 3.20977390e-01 3.88540626e-01 6.39731586e-01
    4.47995931e-01 2.52785981e-02 1.34106696e-01 8.57339978e-01
    2.22829580e-01 4.73051995e-01 2.65404820e-01 8.40098739e-01
    5.31983256e-01 2.85150409e-02 6.56832159e-02 1.03862762e-01
    3.92101765e-01 8.94062281e-01 5.49537122e-01 4.03360069e-01
    2.40822375e-01 2.24699378e-02 9.28597808e-01 3.50608468e-01
    6.59831583e-01 6.48124039e-01 5.31943142e-01 2.25149095e-02
    9.68284070e-01 4.68999118e-01 8.09387088e-01 6.05941117e-01
    2.14910746e-01 4.53496516e-01 3.20146143e-01 1.08044535e-01
    8.98766756e-01 4.76438850e-01 5.63792288e-02 4.59332108e-01
    8.38443637e-01 7.07190871e-01 8.31856847e-01 7.42413282e-01
    1.98905617e-01 7.83156097e-01 4.21998888e-01 5.79687953e-01
    8.70079637e-01 7.78244615e-01 8.13973188e-01 5.98845184e-02
    6.59688711e-02 2.06377357e-01 2.85004079e-01 5.99577904e-01
    8.39539051e-01 5.98467231e-01 8.43859315e-02 5.66129327e-01
    2.36279815e-01 7.12632298e-01 4.19470340e-01 6.76670671e-02
    8.26570392e-01 7.82855928e-01 9.13787782e-02 3.83034348e-03
    6.65141463e-01 4.69464004e-01 3.78583044e-01 7.72268355e-01
    9.81162250e-01 3.90590876e-01 1.49280965e-01 8.70040059e-03
    5.04376233e-01 3.37618470e-01 2.74452031e-01 6.20269835e-01
    8.80390882e-01 6.61342561e-01 9.45084155e-01 8.37116361e-01
    1.81074858e-01 8.82866979e-02 4.50397313e-01 6.36684120e-01
    7.48622000e-01 3.00425947e-01 2.62230426e-01 1.24427825e-01
    3.31394494e-01 8.36014748e-01 2.00906456e-01 5.68073392e-02
    6.74710870e-01 5.48034668e-01 2.95458138e-01 8.49093318e-01
    1.08654171e-01 9.83222127e-02 9.50748205e-01 8.42041671e-02
    2.28070706e-01 8.47997129e-01 2.21247047e-01 6.29409552e-02
    4.85482007e-01 6.83623731e-01 2.62836933e-01 3.63080204e-01
    6.30555749e-02 6.15288198e-01 6.17407918e-01 7.62618840e-01
    2.83351243e-01 4.76554394e-01 9.55966830e-01 4.08271670e-01
    7.86044359e-01 8.78767908e-01 1.78813934e-01 6.13039017e-01
    2.71588564e-02 2.97640890e-01 9.43351269e-01 4.10337627e-01
    7.65277147e-01 9.59211111e-01 7.33039737e-01 6.86200857e-01
    6.84012473e-01 9.21331346e-02 8.08411479e-01 8.90632987e-01
    8.22486103e-01 9.92211103e-02 9.86773252e-01 1.30945355e-01
    5.26162863e-01 2.91263998e-01 8.85781944e-01 1.33560300e-01
    5.32330871e-01 1.62887841e-01 6.17569506e-01 7.88954258e-01
    1.60182685e-01 7.21021295e-02 8.47978175e-01 3.30954552e-01
    7.53419220e-01 2.09765166e-01 3.21367681e-01 5.59747875e-01
    7.76984096e-02 7.96996057e-02 3.38656187e-01 5.74916124e-01
    4.57510084e-01 7.31029689e-01 6.53370619e-02 1.83323652e-01
    7.41119266e-01 4.90155488e-01 1.59111202e-01 4.08849597e-01
    3.97395343e-01 2.58228481e-02 8.12566996e-01 9.60360229e-01
    2.39329338e-02 7.28850543e-01 2.35606223e-01 3.23977530e-01
    7.62948632e-01 1.47830665e-01 9.99873281e-02 8.08527946e-01
    3.83906811e-01 2.89091587e-01 8.66340756e-01 7.34134316e-01
    7.34872758e-01 6.36834085e-01 4.54822987e-01 6.59667850e-01
    9.39062834e-01 8.08086395e-01 6.37155533e-01 6.43415511e-01
    9.47637737e-01 8.33491564e-01 4.26655054e-01 9.08107758e-01
    9.93707657e-01 9.16377902e-01 5.81897378e-01 5.75047970e-01
    7.32020259e-01 8.22752535e-01 1.92516625e-01 6.33836627e-01
    8.48866761e-01 9.26915765e-01 6.72590673e-01 6.87467515e-01
    5.05638421e-02 8.07716548e-02 5.85854292e-01 8.29941034e-02
    4.26169813e-01 2.49282449e-01 8.31856847e-01 5.41301727e-01
    3.89218599e-01 2.34735876e-01 8.90205979e-01 5.76287210e-01
    8.63377094e-01 5.00758886e-02 3.54429871e-01 9.88298416e-01
    4.01134759e-01 8.83982301e-01 9.99196887e-01 5.24580300e-01
    6.07701004e-01 4.52417940e-01 4.97819334e-01 4.89054084e-01
    9.85664427e-02 1.54190332e-01 5.29531896e-01 9.01954889e-01
    6.31517768e-01 4.43248451e-02 3.19811195e-01 4.76853102e-01
    9.86077428e-01 7.77073324e-01 8.14637721e-01 3.36642593e-01
    7.22907186e-01 7.32366443e-02 1.55173779e-01 8.33493412e-01
    6.04484737e-01 3.78339291e-01 2.11988389e-02 2.18489826e-01
    3.37340415e-01 1.01752639e-01 4.91614074e-01 8.60594511e-01
    2.34639704e-01 7.45178223e-01 4.58378673e-01 8.46960068e-01
    8.16677094e-01 2.38613039e-01 5.73792279e-01 4.64028060e-01
    6.24902010e-01 2.57541060e-01 5.14712512e-01 4.41694438e-01
    1.27288014e-01 7.13936627e-01 4.70889091e-01 7.74426579e-01
    5.51382005e-02 2.74447083e-01 4.32405978e-01 1.43420100e-02
    1.35400742e-01 5.65868676e-01 7.51495063e-01 1.32916570e-01
    9.96598721e-01 6.30543470e-01 1.21107697e-01 9.28503811e-01
    7.26958275e-01 2.76792169e-01 8.25390875e-01 7.38632083e-01
    2.38039196e-02 4.20805871e-01 3.30089927e-01 1.27301812e-01
    7.75515318e-01 7.77095556e-01 6.12919331e-02 3.60877097e-01
    5.59743881e-01 2.20979393e-01 6.11156166e-01 7.70880282e-02
    8.02772403e-01 1.62576735e-01 8.69761705e-01 7.11444259e-01
    8.04537177e-01 4.12654847e-01 1.90891951e-01 9.90375161e-01
    6.60845101e-01 1.18734568e-01 6.91298127e-01 8.31039965e-01
    7.24231839e-01 2.97150970e-01 5.83045125e-01 9.46649790e-01
    2.41449714e-01 2.57797658e-01 5.69447577e-01 2.73417681e-01
    3.43016386e-02 9.57697213e-01 5.34298480e-01 1.05183184e-01
    4.02734995e-01 5.42041540e-01 7.91022062e-01 6.00076973e-01
    4.97667879e-01 3.47559214e-01 1.46629035e-01 5.88718534e-01
    2.56412387e-01 1.30144656e-02 3.34541798e-01 1.37473971e-01
    6.53020740e-01 2.89932191e-02 7.90888667e-02 1.78860843e-01
    4.30807590e-01 6.29398942e-01 4.24615741e-01 6.70026422e-01
    9.85125780e-01 1.86028242e-01 3.16053152e-01 9.42791104e-01
    9.21244979e-01 8.44512105e-01 3.43549252e-01 7.61344552e-01</data></test_img>
<my_img type_id="opencv-matrix">
  <rows>128</rows>
  <cols>256</cols>
  <dt>f</dt>
  <data>
    2.21525088e-01 2.12061977e+00 3.21702123e-01 -1.66693479e-01
    1.36547148e+00 1.01446033e+00 -1.09412670e-02 9.20596838e-01
    1.69553995e-01 -1.68434307e-01 1.23267460e+00 -1.04793310e-01
    2.38297611e-01 -2.50471652e-01 7.06070065e-01 5.21848917e-01
    -8.85793269e-02 1.60203874e-02 6.99373841e-01 1.96249080e+00
    1.20219052e+00 1.28474259e+00 8.72886181e-03 1.62156969e-01
    -5.86383343e-02 2.04684305e+00 1.80286241e+00 5.41835964e-01
    1.56769395e+00 1.87152803e+00 1.44512939e+00 6.63983822e-01
    1.96442235e+00 6.40052021e-01 -2.63899565e-04 -1.01692796e-01
    4.46430743e-02 9.25846159e-01 3.80818725e-01 1.90024829e+00
    8.30192626e-01 -1.10984862e-01 5.12538433e-01 1.46429777e-01
    1.19856119e+00 1.50844455e-03 1.96310067e+00 8.49321127e-01
    -2.53703862e-01 1.29220688e+00 -2.42351294e-01 1.90140259e+00
    1.00409186e+00 2.24479735e-01 4.70280647e-02 1.52851820e+00
    6.68503940e-01 1.18686342e+00 4.71724004e-01 2.04999518e+00
    3.07743311e-01 3.39390129e-01 1.20693970e+00 2.93838084e-01
    1.98651314e+00 -7.64917135e-02 1.47002792e+00 1.55614465e-01
    6.80566669e-01 7.59814382e-01 -9.25267339e-02 1.85722697e+00
    1.37181187e+00 -2.16444716e-01 4.69729036e-01 1.03527546e-01
    1.34554100e+00 2.87266493e-01 1.08420348e+00 9.50261116e-01
    1.38945866e+00 6.07676387e-01 1.27651513e+00 2.85806537e-01
    1.32802725e-02 1.87184310e+00 1.05122352e+00 1.42728353e+00
    1.10665953e+00 1.78662634e+00 1.44971085e+00 -1.68558359e-02
    2.20122725e-01 -1.83035731e-01 9.17163849e-01 -1.98017567e-01
    1.55328465e+00 4.25335407e-01 -1.80972829e-01 1.66623801e-01
    1.49646294e+00 -3.45883220e-01 2.11053872e+00 1.71817267e+00
    -3.11096519e-01 1.64189410e+00 8.49747896e-01 1.72508228e+00
    9.77107882e-02 2.09739685e+00 4.52647477e-01 1.75793886e+00
    8.03522825e-01 1.10982239e+00 1.32862282e+00 -1.95855185e-01
    9.05395925e-01 2.87965924e-01 6.94238067e-01 6.45468712e-01
    5.15666306e-01 7.21020877e-01 -9.69878137e-02 1.59961915e+00
    1.67312169e+00 1.64701521e+00 1.00388229e-01 -3.80864263e-01
    1.41108191e+00 -1.57122597e-01 1.08851242e+00 -3.76570731e-01
    -1.33112937e-01 6.76273108e-01 1.68212700e+00 2.24607885e-01
    2.08721304e+00 1.94348729e+00 2.12146235e+00 1.20609796e+00
    1.83231497e+00 1.95274323e-01 2.07362175e+00 1.36165190e+00
    -3.58600467e-01 1.20839691e+00 1.04918945e+00 1.71805084e-01
    1.23135161e+00 1.09736574e+00 -2.15854198e-01 1.80026531e+00
    1.84426522e+00 6.74993157e-01 -2.46308446e-01 2.70504326e-01
    4.01978463e-01 1.03935182e+00 1.49045372e+00 7.07518339e-01
    4.71068263e-01 1.89110446e+00 1.06149757e+00 7.99663603e-01
    7.71806836e-01 1.26654053e+00 1.86962819e+00 9.34318781e-01
    1.27611184e+00 1.25359869e+00 1.71155715e+00 1.50556719e+00
    9.83299613e-01 1.55341411e+00 1.30184960e+00 1.30785537e+00
    9.78679419e-01 6.22051895e-01 -3.56550574e-01 -1.70500875e-01
    -1.90437511e-01 8.95579100e-01 8.17475796e-01 1.86807603e-01
    1.49239469e+00 -1.05951905e-01 5.75222552e-01 1.27506959e+00
    2.08953142e+00 -8.43271613e-03 -1.29193395e-01 3.25551838e-01
    1.84841478e+00 9.33862686e-01 4.20718580e-01 1.22047997e+00
    1.34505558e+00 1.61316133e+00 1.19675231e+00 6.09509706e-01
    1.32550567e-01 8.46586525e-02 3.09819579e-02 6.10582054e-01
    -9.16483998e-03 -2.58312106e-01 9.63671446e-01 2.74369776e-01
    1.37345517e+00 -8.76626670e-02 1.84566569e+00 9.16994035e-01
    1.19481659e+00 2.18246758e-01 6.76096082e-01 2.80169785e-01
    1.33824015e+00 8.29628944e-01 3.97277743e-01 1.09314525e+00
    2.09917688e+00 -2.47306198e-01 -3.50955665e-01 -3.20452213e-01
    1.94305849e+00 -9.91033614e-02 6.74663663e-01 1.53725457e+00
    1.69865131e+00 1.61629140e-01 4.90749896e-01 -6.76678419e-02
    7.56692708e-01 1.93473160e+00 -3.77210915e-01 -4.14835751e-01
    1.71645701e+00 1.02994967e+00 1.30706453e+00 1.21714878e+00
    1.21864569e+00 4.39323187e-02 4.46980536e-01 1.36459529e+00
    1.34601676e+00 1.88949180e+00 1.37089539e+00 -1.03622288e-01
    1.42868054e+00 1.44381356e+00 1.32243395e+00 8.23090672e-01
    1.97805524e+00 1.22362661e+00 1.76648760e+00 2.14108968e+00
    2.11178446e+00 1.47275820e-01 1.69530928e+00 -5.25560230e-02
    7.27859735e-02 -6.09672070e-02 1.61054897e+00 4.51796800e-01
    1.99024534e+00 1.92139053e+00 -2.38313243e-01 1.69026780e+00
    -1.88729659e-01 2.48141378e-01 1.63012505e+00 1.38616771e-01
    -2.35356301e-01 -1.84064284e-01 1.79353213e+00 1.46018910e+00
    1.57809585e-01 1.07282472e+00 8.84744465e-01 1.19216502e+00
    1.29800797e+00 1.38615322e+00 7.26202965e-01 9.85682249e-01
    9.11129475e-01 1.95167154e-01 1.92200422e+00 -5.84664047e-02
    2.08584094e+00 1.43372208e-01 6.44152284e-01 4.15812820e-01
    7.61932135e-02 -4.01164591e-02 1.47588778e+00 9.22495961e-01
    1.23863626e+00 2.04334950e+00 -3.68808329e-01 1.10789645e+00
    -3.42416108e-01 4.30044115e-01 4.84705359e-01 4.51683819e-01
    5.29430389e-01 -2.31850147e-03 -2.58355826e-01 5.88229299e-01
    2.01432467e+00 1.02817535e+00 3.27036500e-01 6.66736960e-01
    1.83304191e+00 1.87801921e+00 4.85357761e-01 -2.63373375e-01
    1.46462905e+00 4.45089638e-02 5.61999321e-01 6.15752816e-01
    1.73423123e+00 1.15775001e+00 -2.03945950e-01 1.09927690e+00
    8.53615165e-01 1.45097208e+00 1.59398055e+00 9.51179564e-02
    -2.28122711e-01 1.33491290e+00 -2.74700493e-01 -5.23798466e-02
    4.68912929e-01 2.12728739e-01 1.22738153e-01 6.61966205e-01
    2.01088691e+00 1.83801579e+00 3.14443916e-01 7.46133149e-01
    1.00221205e+00 -2.65526652e-01 1.69199872e+00 1.84031558e+00
    1.98432183e+00 1.17820024e+00 2.00077152e+00 -4.50055718e-01
    8.17133307e-01 3.60357106e-01 8.64051819e-01 7.29454517e-01
    1.66735768e+00 8.41740072e-01 1.61044288e+00 1.00757229e+00
    7.03373790e-01 -3.63468498e-01 2.39720166e-01 8.21272194e-01
    5.90936124e-01 7.28871703e-01 1.29500473e+00 1.09463644e+00
    1.52481174e+00 1.85428858e-02 1.30363870e+00 7.31183887e-01
    1.15491366e+00 -8.88432860e-02 7.60022759e-01 4.34463680e-01
    1.42769802e+00 1.48495030e+00 1.18278575e+00 -2.49162152e-01
    3.08282584e-01 -1.74605072e-01 1.14233792e+00 5.59879541e-01
    1.45264494e+00 1.69324577e-01 1.00005889e+00 -3.03213596e-01
    2.90548474e-01 4.63458598e-01 1.10628653e+00 1.12637901e+00
    -3.48150671e-01 1.45047939e+00 4.22068298e-01 1.99245882e+00
    -2.50337869e-01 1.43516421e+00 -2.43644491e-01 3.67220014e-01
    9.01036978e-01 8.39046955e-01 -6.56290948e-02 -1.01793379e-01
    1.42189741e-01 1.72652006e-02 1.89562011e+00 -3.67321372e-01
    1.60319352e+00 -1.09693915e-01 2.03140163e+00 2.56038964e-01
    7.55738199e-01 -7.84998536e-02 -1.94413155e-01 9.34559286e-01
    1.41728890e+00 8.95787954e-01 1.36565179e-01 1.68498015e+00
    2.49793887e-01 1.86773062e-01 1.69295204e+00 1.03782701e+00
    1.63526976e+00 1.64636147e+00 1.34441996e+00 1.67251694e+00
    1.14121997e+00 1.40969920e+00 6.42996132e-01 9.92594063e-02
    1.15253568e+00 1.93958950e+00 8.97513151e-01 4.86726195e-01
    8.60706329e-01 1.67387199e+00 1.60399616e+00 1.12000549e+00
    1.66781080e+00 1.07064641e+00 5.22562265e-01 6.09967947e-01
    1.71893656e+00 1.71441579e+00 2.01366258e+00 -4.03548539e-01
    7.89680719e-01 7.23733902e-02 1.68540061e-01 1.44624114e+00
    1.39230937e-01 -2.81186283e-01 -2.80000955e-01 4.06606823e-01
    -1.66634768e-01 7.11561799e-01 2.01122475e+00 7.71642208e-01
    1.05671382e+00 1.44748378e+00 1.35133147e+00 3.92114699e-01
    1.52188778e+00 1.29845738e+00 -1.16905242e-01 4.87778038e-01
    1.72921646e+00 1.22014332e+00 -1.96680263e-01 -3.93309712e-01
    3.80300134e-01 8.38418305e-01 -1.22524202e-01 1.42775071e+00
    1.85391164e+00 1.06567264e-01 -1.09471679e-02 1.42589283e+00
    -1.84335113e-02 -5.58947921e-02 1.19085431e+00 6.17162764e-01
    2.08996236e-01 2.05355167e-01 2.03887415e+00 8.60090017e-01
    1.58591366e+00 -4.59966451e-01 4.79247779e-01 1.12258410e+00
    1.10344267e+00 1.33388066e+00 1.28699660e-01 -3.51442069e-01
    8.01758766e-01 1.79394662e+00 7.44515419e-01 6.57534122e-01
    6.82149172e-01 7.84003377e-01 1.67409635e+00 1.47253108e+00
    8.78731310e-02 3.32861602e-01 1.60374343e+00 6.48164153e-01
    8.76064837e-01 9.01651502e-01 1.63036299e+00 2.00715542e-01
    1.04385763e-01 8.15312624e-01 4.96504426e-01 1.47942138e+00
    1.25725257e+00 1.91237593e+00 5.52018762e-01 1.66757560e+00
    1.58111537e+00 4.68557537e-01 6.95099115e-01 -3.80997211e-01
    2.50103116e-01 -4.25451666e-01 -2.58883476e-01 1.82113314e+00
    -1.20145977e-01 1.06175649e+00 1.03588188e+00 3.72085989e-01
    -2.76373923e-01 1.88246536e+00 8.27827930e-01 1.40960193e+00
    6.07095480e-01 2.95028150e-01 1.61320120e-01 1.12736046e-01
    -2.35348910e-01 1.03723907e+00 -2.38830566e-01 1.21605694e+00
    4.22059029e-01 1.89203918e-02 1.30902863e+00 -4.34836715e-01
    9.88420725e-01 4.20377254e-01 5.72853565e-01 7.23877788e-01
    1.15582001e+00 1.10227299e+00 1.23217607e+00 1.01089263e+00
    1.46083975e+00 -8.97933841e-02 1.34380770e+00 9.66994107e-01
    7.80214787e-01 7.22148538e-01 1.57418656e+00 1.92403090e+00
    1.57552981e+00 1.67017150e+00 1.45751983e-01 -4.27602410e-01
    7.56683350e-01 1.97250390e+00 -1.86276734e-01 2.00546312e+00
    3.71078104e-01 1.67814344e-01 -3.86902183e-01 1.73770356e+00
    6.28658831e-01 1.88849497e+00 1.44535208e+00 1.37040734e+00
    1.04817653e+00 -1.15931034e-02 2.77631760e-01 7.07858562e-01
    1.15106595e+00 8.62562418e-01 -8.82408023e-02 1.53440011e+00
    1.62838888e+00 1.64524055e+00 8.52929354e-01 4.88603860e-01
    1.76081824e+00 6.88289702e-02 1.44649553e+00 9.61689293e-01
    1.45156217e+00 4.80458736e-02 1.00542963e+00 9.58093643e-01
    -3.78843874e-01 5.85305810e-01 1.26318693e+00 5.33714712e-01
    9.49782491e-01 1.94568348e+00 6.38665020e-01 1.71445966e+00
    1.76153612e+00 9.01049316e-01 1.43979931e+00 2.76495159e-01
    1.57974005e+00 3.98435831e-01 7.08857298e-01 1.90495938e-01
    1.49752891e+00 1.28581703e+00 1.43517703e-01 -3.31860900e-01
    1.39875150e+00 5.92504919e-01 1.16864073e+00 6.07933581e-01
    1.65074360e+00 -2.84245610e-03 1.11013007e+00 3.34442526e-01
    -1.95907861e-01 1.62081265e+00 -2.05477387e-01 4.75284368e-01
    5.44764757e-01 1.41372979e+00 1.28525019e+00 -3.29146087e-01
    6.27723634e-02 7.91052341e-01 1.58436012e+00 -1.35957390e-01
    5.38687587e-01 1.84290433e+00 1.49127483e-01 2.21554250e-01
    1.07790411e+00 2.41633594e-01 1.95773435e+00 5.50785065e-01
    -8.78328085e-03 -3.12760830e-01 1.22767282e+00 5.58283925e-03
    -3.62549365e-01 5.58350086e-01 3.47215503e-01 2.03629827e+00
    7.43798554e-01 -3.93520683e-01 1.71698809e+00 1.59836876e+00
    1.67366534e-01 1.48447216e+00 1.12849045e+00 1.95711005e+00
    -3.36575389e-01 -2.13654444e-01 -2.86425114e-01 2.00865197e+00
    -4.29091305e-01 6.69432521e-01 9.84231353e-01 1.00752795e+00
    -2.95078039e-01 1.95033669e+00 3.75530839e-01 1.09202313e+00
    1.86150002e+00 -4.59331602e-01 1.53611851e+00 1.56427264e+00
    2.31749237e-01 -3.94045234e-01 8.68292987e-01 -1.50758624e-02
    6.31866515e-01 1.04015374e+00 4.53341603e-01 4.30795133e-01
    1.73921561e+00 -8.03038478e-02 -1.59613192e-01 2.87903249e-01
    1.02920818e+00 1.54648006e+00 6.30113065e-01 -1.62004292e-01
    -4.21739101e-01 9.95780408e-01 -3.40192914e-01 6.22389793e-01
    1.22054458e-01 -4.40251648e-01 -2.91364193e-02 6.49289966e-01
    1.72012949e+00 -2.82581806e-01 4.52788293e-01 -1.86256886e-01
    1.22863555e+00 1.22518182e+00 1.80413127e-02 8.96802545e-01
    1.24378371e+00 -3.71053815e-01 6.95999503e-01 5.91766834e-01
    3.06013763e-01 1.81027567e+00 -1.47998333e-03 7.16428459e-01
    2.32223511e-01 6.29094958e-01 9.70791638e-01 1.71206963e+00
    -3.70192766e-01 7.18693376e-01 -3.05246055e-01 6.08775496e-01
    1.86725712e+00 1.02196240e+00 1.93989599e+00 -1.79359645e-01
    -2.99656332e-01 1.56167579e+00 -3.29366267e-01 1.29883051e+00
    1.41830313e+00 1.52411151e+00 1.55889690e+00 1.12160659e+00
    1.29646063e+00 1.32282281e+00 1.58393574e+00 1.39950347e+00
    1.21963763e+00 4.81872499e-01 -4.92774516e-01 8.59913588e-01
    1.43038869e+00 1.63159263e+00 1.93963385e+00 1.65770662e+00
    -2.07301915e-01 1.63694942e+00 6.64171100e-01 1.42306685e+00
    1.92823863e+00 1.84263587e-02 8.03134739e-02 -3.96357000e-01
    1.24138224e+00 1.63574964e-01 1.97628069e+00 2.48649478e-01
    1.23704147e+00 -1.56352639e-01 4.06756163e-01 1.85079396e+00
    8.27818632e-01 1.03917515e+00 -2.44559288e-01 1.46849084e+00
    3.13322186e-01 9.41989660e-01 8.94733965e-02 7.73699522e-01
    3.36104542e-01 2.08247495e+00 3.98829579e-02 6.38646364e-01
    -2.56437331e-01 1.38619864e+00 -1.82008445e-01 7.94442892e-02
    1.61314964e+00 1.81446505e+00 9.03797925e-01 4.49506640e-01
    5.57782233e-01 -3.83268744e-01 3.11551630e-01 1.54487777e+00
    9.40908492e-01 1.24537945e-03 1.41957903e+00 1.89470053e+00
    -3.30650210e-01 -3.50241631e-01 7.91177154e-02 1.66870284e+00
    4.68318164e-01 -1.10726953e-02 1.27923203e+00 7.34120309e-01
    1.40802932e+00 8.81425858e-01 2.84519762e-01 8.99184823e-01
    6.65520668e-01 -1.72560394e-01 -4.29397821e-02 1.76650918e+00
    -3.96309495e-01 2.60400653e-01 7.73716450e-01 1.99430847e+00
    1.73485518e+00 1.03196025e+00 1.35544467e+00 1.63881409e+00
    -2.06081718e-01 1.68756759e+00 6.95698202e-01 7.41577864e-01
    3.41360927e-01 1.43589628e+00 -1.48784041e-01 1.79602993e+00
    1.67273903e+00 -2.98314273e-01 1.82051241e+00 9.61244702e-02
    1.82087123e-01 -1.05688363e-01 -2.84130692e-01 1.53906572e+00
    1.36408627e+00 7.61123896e-01 6.46537542e-02 1.27652586e-01
    -3.74991477e-01 -1.93443179e-01 8.74096990e-01 1.42339563e+00
    8.88399780e-01 -1.51411355e-01 7.37900317e-01 6.98598146e-01
    6.61419690e-01 1.72287917e+00 1.77775884e+00 1.40516448e+00
    1.68461323e+00 8.93093765e-01 -8.71951282e-02 6.94447994e-01
    -5.48481405e-01 -1.55850559e-01 9.24076319e-01 6.30932748e-01
    9.50132787e-01 -3.22916389e-01 1.79652095e+00 8.71467590e-03
    2.01316416e-01 -5.14442921e-01 1.14057469e+00 1.63452697e+00
    -1.89121187e-01 8.98972631e-01 -9.66167748e-02 1.33969259e+00
    3.91822994e-01 -3.17176640e-01 2.40483403e-01 -4.69423413e-01
    9.62723315e-01 -2.03503698e-01 -2.95031399e-01 -1.00210994e-01
    1.54657698e+00 1.94635212e+00 1.54339802e+00 1.52547407e+00
    -1.85986966e-01 2.18670309e-01 1.51879561e+00 1.82510757e+00
    1.92065048e+00 1.24635553e+00 2.65096188e-01 2.61854887e-01
    1.49380136e+00 1.53762758e+00 1.67086315e+00 1.59071088e+00
    -1.60083860e-01 3.41770351e-01 -4.41057175e-01 5.82563877e-03
    -3.36854815e-01 -2.62817800e-01 1.20911860e+00 9.63704526e-01
    7.63904870e-01 9.53380167e-01 -4.13252532e-01 7.91682422e-01
    1.12464535e+00 1.02681339e-01 9.12125111e-01 -1.42773807e-01
    1.22506475e+00 1.36064219e+00 6.33765519e-01 3.66476178e-02
    2.95744538e-01 -4.51898396e-01 1.87948966e+00 7.10515976e-01
    1.52671313e+00 8.82448435e-01 -3.51257592e-01 1.48374844e+00
    2.03984499e-01 8.21413875e-01 1.88661706e+00 4.98986840e-01
    -4.59614486e-01 8.36810589e-01 1.65248394e-01 1.63480496e+00
    -5.10149479e-01 -1.82993203e-01 1.73107076e+00 2.05004930e-01
    6.99043095e-01 3.79383206e-01 3.02861094e-01 1.87481868e+00
    5.12352765e-01 3.75012219e-01 8.39869559e-01 1.23767912e-01
    1.48093963e+00 8.10249209e-01 1.72322190e+00 1.13097036e+00
    1.00917602e+00 1.31806278e+00 7.88036764e-01 8.52621257e-01
    8.96972418e-03 -1.56588167e-01 3.46800685e-01 6.01224899e-02
    8.71422946e-01 -1.59885764e-01 1.28651881e+00 2.06722975e-01
    -4.33865726e-01 5.64613938e-01 1.80186164e+00 -1.98617607e-01
    -4.11169589e-01 -2.08398759e-01 1.14708185e+00 -2.66154915e-01
    -3.35589051e-02 4.86542702e-01 2.02072263e-02 1.72344208e+00
    -1.44783348e-01 -1.23703480e-02 1.83353853e+00 -4.25507009e-01
    -1.87900871e-01 1.60973692e+00 -5.23747087e-01 5.29678583e-01
    1.60668659e+00 1.16069973e-01 1.42988467e+00 1.92725468e+00
    1.21493530e+00 -2.45638907e-01 5.43270648e-01 1.04956031e+00
    7.86154330e-01 2.51243770e-01 -1.94875747e-01 3.24082553e-01
    1.28186703e+00 1.51497471e+00 7.93474376e-01 1.10195374e+00
    -2.65515327e-01 1.85839391e+00 -1.26358271e-02 1.59487295e+00
    6.31127536e-01 -3.21810484e-01 1.73793876e+00 1.69501245e+00
    1.04237008e+00 1.94895053e+00 1.29506707e+00 4.95773375e-01
    8.86356294e-01 1.75256610e+00 1.85208058e+00 6.84383094e-01
    9.76541340e-01 9.13126767e-01 -1.33712202e-01 1.09586239e+00
    5.69986641e-01 5.27348220e-01 1.39989352e+00 1.83701980e+00
    -4.43035603e-01 2.93820500e-02 1.18958330e+00 1.20578194e+00
    3.69102120e-01 1.18033373e+00 9.86104965e-01 1.83536422e+00
    2.03745699e+00 1.65412283e+00 1.83048415e+00 4.95965242e-01
    -4.05197054e-01 1.39167917e+00 1.35580397e+00 1.84231663e+00
    1.10194647e+00 1.35007501e+00 -4.77277130e-01 1.40066779e+00
    1.74830103e+00 -3.75066906e-01 6.19855165e-01 -9.47383940e-02
    1.44332433e+00 6.43923938e-01 7.22208202e-01 3.31748426e-01
    -3.14458728e-01 5.22948503e-01 -2.79239416e-01 1.82283044e+00
    1.12995291e+00 -5.01486301e-01 1.12882042e+00 1.43831754e+00
    1.19872260e+00 1.52069259e+00 1.66276324e+00 9.11102772e-01
    1.57945561e+00 8.52905273e-01 6.20644867e-01 1.90443456e-01
    1.85982335e+00 1.29506814e+00 7.00204670e-01 4.13755894e-01
    -2.47700810e-02 1.29268670e+00 1.90128863e+00 1.09604120e+00
    3.10115874e-01 1.82060540e-01 8.26230884e-01 1.15259075e+00
    1.16576982e+00 1.72657132e+00 -1.33937031e-01 1.49611020e+00
    -6.55996203e-02 1.86375976e+00 1.37298918e+00 1.25549960e+00
    -4.70726371e-01 1.46460557e+00 1.67241430e+00 1.78605390e+00
    2.52231359e-02 -7.83936679e-02 -1.50361657e-02 1.74871683e+00
    1.00835752e+00 2.96762526e-01 1.72796965e+00 3.30881953e-01
    8.81815612e-01 -2.64765620e-01 -3.24148476e-01 9.73299980e-01
    2.13803709e-01 1.82880950e+00 2.32886136e-01 -3.17754537e-01
    8.21436644e-01 1.20654428e+00 -8.23766589e-02 1.39604592e+00
    1.46514153e+00 -5.67541838e-01 3.23991776e-01 7.37944365e-01
    1.41674888e+00 6.87099159e-01 1.75861895e+00 4.60401177e-02
    -2.27010846e-02 1.55397332e+00 -5.21126151e-01 4.13622499e-01
    1.28668237e+00 -5.02675116e-01 1.49645519e+00 1.37513459e-01
    1.38868427e+00 2.70894527e-01 -4.19581890e-01 1.52824306e+00
    -5.41773498e-01 9.94614363e-01 8.79568994e-01 8.99847329e-01
    -2.27123767e-01 6.39844716e-01 -9.65824723e-02 1.02828526e+00
    -5.14731109e-01 -4.12117302e-01 5.67579150e-01 1.40859616e+00
    4.19540763e-01 -4.99574721e-01 -7.00807571e-03 -4.27038610e-01
    3.84030282e-01 -2.33341575e-01 -3.58024150e-01 1.06490326e+00
    9.63108480e-01 1.57655549e+00 -5.92273474e-03 1.22659326e+00
    1.36091530e+00 9.99777079e-01 -1.50707841e-01 3.75586331e-01
    5.17544329e-01 1.64269376e+00 4.93143380e-01 1.33447957e+00
    1.74671078e+00 1.92662144e+00 8.90302479e-01 1.33679152e+00
    7.84976721e-01 7.84399092e-01 -5.02474129e-01 1.21332502e+00
    1.61395025e+00 1.17945278e+00 7.33884454e-01 1.93767965e-01
    4.26369607e-01 4.91201758e-01 8.11633706e-01 1.22277617e+00
    1.59746552e+00 5.22421002e-02 2.89980769e-02 3.08060288e-01
    -8.22675228e-02 6.67363584e-01 6.29680276e-01 1.33194804e+00
    7.32584894e-01 8.05580854e-01 -3.80428076e-01 1.64752138e+00
    1.29659832e+00 1.29215074e+00 1.84630907e+00 2.53753722e-01
    1.38407016e+00 9.25317526e-01 1.52529109e+00 1.71692717e+00
    -1.67138070e-01 1.55035257e+00 1.83074260e+00 -1.25013500e-01
    -2.61430383e-01 -2.06631720e-01 1.84637558e+00 1.74898160e+00
    4.87959027e-01 4.09271777e-01 -2.77403623e-01 1.68416548e+00
    4.29935634e-01 1.41467631e+00 -1.34746403e-01 -3.30181032e-01
    1.04520249e+00 2.61225760e-01 1.21795344e+00 8.87583792e-01
    6.43103123e-01 9.48027194e-01 5.42421937e-02 -5.19238114e-02
    -3.92335415e-01 1.86653507e+00 1.53895009e+00 7.64836133e-01
    3.37169111e-01 6.08656883e-01 1.48859334e+00 1.25719142e+00
    1.59536052e+00 1.19118953e+00 1.72115541e+00 -2.73991257e-01
    8.15185428e-01 -2.15303898e-01 9.43965852e-01 1.11403441e+00
    1.85333061e+00 1.87430763e+00 -4.71886188e-01 1.77979279e+00
    3.18342626e-01 -5.12499213e-02 1.35841787e+00 -1.41579449e-01
    7.06565201e-01 1.03877974e+00 8.65051150e-01 1.79200602e+00
    1.85916424e+00 1.60682726e+00 1.16797304e+00 -4.12691891e-01
    -1.81481361e-01 4.06678915e-01 6.86909020e-01 -2.74606436e-01
    8.43809664e-01 4.93414223e-01 1.59041822e-01 4.37453151e-01
    -2.25633919e-01 7.77030528e-01 8.15789521e-01 -9.27832127e-02
    7.58990705e-01 -8.64326954e-03 -4.03746903e-01 1.89781177e+00
    1.48137605e+00 3.34202588e-01 1.42154574e+00 5.84322810e-01
    -2.76510984e-01 7.86366403e-01 1.70588112e+00 1.25764680e+00
    1.72724056e+00 1.11923516e-01 1.33728170e+00 1.47792244e+00
    1.75667077e-01 5.31690717e-01 1.23072624e+00 -1.28080815e-01
    1.53707314e+00 6.67421937e-01 1.45018548e-01 1.80089331e+00
    1.57797527e+00 4.77879435e-01 7.19270766e-01 1.75032735e+00
    1.14682388e+00 1.67024660e+00 -3.10118884e-01 5.48295140e-01
    1.30352247e+00 1.01729083e+00 6.22817278e-02 5.88617980e-01
    1.77728248e+00 1.26305819e+00 -5.29455841e-01 1.52183104e+00
    1.66423082e+00 3.38938475e-01 1.59149849e+00 1.01881003e+00
    1.58889413e+00 -3.73045772e-01 3.69894028e-01 1.34272408e+00
    7.75797129e-01 1.51504111e+00 1.56120300e+00 -4.19814318e-01
    1.30106211e+00 8.38907003e-01 8.40881050e-01 2.94537008e-01
    -5.31734467e-01 1.72070479e+00 -1.59884691e-02 1.10017562e+00
    -2.45489389e-01 1.51361895e+00 1.62195444e+00 1.01815116e+00
    -1.52128696e-01 7.54651308e-01 1.17442012e+00 2.13990688e-01
    -1.99860007e-01 1.31407952e+00 1.14104533e+00 5.83687961e-01
    1.41345859e+00 -2.30590492e-01 1.17145598e-01 -5.00499964e-01
    -1.83330655e-01 -4.12026614e-01 7.07315505e-01 8.32114339e-01
    1.34564471e+00 8.81154418e-01 1.79428601e+00 1.31748688e+00
    7.64545619e-01 -9.05886292e-02 6.95488751e-01 2.80343771e-01
    1.85701978e+00 4.84053433e-01 -5.71715057e-01 1.35101676e+00
    1.31810451e+00 -5.40232956e-01 8.86006951e-02 5.77286482e-02
    1.40209651e+00 8.33484650e-01 7.95894265e-01 1.62667537e+00
    1.09509552e+00 1.31797004e+00 -5.10648370e-01 1.55349576e+00
    1.36184764e+00 8.56200457e-02 3.98865223e-01 1.32045507e+00
    4.60942924e-01 -6.82061911e-02 3.22028935e-01 8.50362003e-01
    -1.96787596e-01 1.51143229e+00 7.50677407e-01 5.47484457e-01
    1.43328726e+00 2.54954696e-01 1.66144061e+00 6.69411123e-01
    1.38834596e+00 -8.91081095e-02 3.89881015e-01 -5.73694170e-01
    1.30515981e+00 1.28223968e+00 1.64276659e+00 -3.48791748e-01
    4.54524994e-01 9.02298748e-01 1.55279148e+00 -2.95369595e-01
    9.97606575e-01 2.53687501e-01 1.70222557e+00 -4.71833289e-01
    -2.81940848e-01 -5.61084747e-02 1.33168423e+00 9.35146809e-01
    1.63495994e+00 1.87226820e+00 1.15294933e+00 1.66973937e+00
    1.80399108e+00 8.80757749e-01 6.97458267e-01 4.50888455e-01
    -5.20782828e-01 1.78547049e+00 1.28192329e+00 1.80538690e+00
    1.23265147e-01 1.77688646e+00 8.25524569e-01 1.99247956e-01
    -2.43674189e-01 -4.87593830e-01 -2.52971858e-01 6.26582503e-02
    -4.34512794e-01 2.39054382e-01 1.51574612e-02 -1.57898754e-01
    1.45026863e-01 -5.50909936e-01 6.80286705e-01 5.28949082e-01
    8.40967357e-01 9.54587460e-01 1.26168072e-01 7.77855754e-01
    8.28368068e-01 1.63577342e+00 3.60318601e-01 -5.39196491e-01
    3.80020738e-02 4.15974975e-01 6.47695243e-01 6.11341536e-01
    7.81993389e-01 -1.57396227e-01 -8.49927068e-02 3.57036591e-01
    1.57220507e+00 7.06966341e-01 -6.32575512e-01 1.66674852e-02
    4.78062332e-01 1.18049264e+00 -2.70258725e-01 1.21571422e-02
    -5.04454494e-01 1.34722948e+00 5.88120759e-01 6.49040878e-01
    8.83809507e-01 1.75594580e+00 -4.31089342e-01 9.01313663e-01
    1.39962292e+00 1.82503009e+00 1.67877030e+00 1.07470727e+00
    4.19350028e-01 7.30013907e-01 1.42353976e+00 8.24012697e-01
    -3.91797245e-01 1.00030375e+00 1.36324573e+00 5.64518034e-01
    1.67717659e+00 -4.34666514e-01 1.53814399e+00 -2.41512090e-01
    -4.52187538e-01 1.33484459e+00 1.49104166e+00 -2.95281738e-01
    -2.76020974e-01 -2.34477520e-01 1.13818908e+00 1.15456736e+00
    -4.75479245e-01 1.33539557e+00 9.32612121e-01 -4.82900947e-01
    1.04946542e+00 1.53068089e+00 -3.55419457e-01 -4.40717340e-01
    6.99165761e-01 -4.28687751e-01 -7.79770613e-02 6.33172214e-01
    -3.25574458e-01 6.91392779e-01 5.13343751e-01 7.18659282e-01
    -4.04260039e-01 -3.97257060e-01 2.90091991e-01 1.01137877e+00
    -1.68984950e-01 1.43693507e-01 1.93635821e-01 1.00905156e+00
    6.85559273e-01 1.75573802e+00 -2.45294690e-01 4.83883083e-01
    6.56877100e-01 1.09322369e-01 1.61777568e+00 1.28682196e-01
    -6.14499509e-01 1.81263423e+00 -5.50261199e-01 1.67061651e+00
    1.64493382e-01 -4.05085444e-01 1.07842350e+00 -6.00925386e-01
    2.73354650e-01 9.33492005e-01 8.62237394e-01 8.75635684e-01
    4.28694665e-01 -4.29821014e-01 6.77434862e-01 1.62392688e+00
    1.45864367e+00 3.08270991e-01 2.09000015e+00 1.68797225e-01
    1.43094862e+00 8.00517797e-02 -1.78255364e-01 3.02842677e-01
    6.02546573e-01 1.05622244e+00 4.19450998e-01 -1.65552050e-01
    3.03989887e-01 7.40981936e-01 1.00644374e+00 1.80951118e-01
    1.36677682e-01 5.78311384e-01 8.92529130e-01 -6.19903982e-01
    1.60378265e+00 4.02685821e-01 4.43038046e-01 -2.37506002e-01
    1.42450023e+00 1.00674534e+00 1.76142621e+00 -2.05784231e-01
    1.73272014e-01 1.12729907e-01 -5.23911417e-01 4.47764397e-01
    1.76276875e+00 -4.08800334e-01 9.49438572e-01 -4.05177116e-01
    5.31017005e-01 -1.19147629e-01 -6.13341749e-01 1.72789800e+00
    -4.28402185e-01 -6.99253678e-02 9.24861372e-01 1.75887942e-01
    -1.21197104e-02 1.36023700e+00 1.17563796e+00 1.65004277e+00
    2.76854038e-01 -1.76015496e-01 1.72130728e+00 3.07186484e-01
    1.71439433e+00 -4.78116155e-01 1.38889575e+00 -5.09205222e-01
    1.59940743e+00 9.54257846e-02 6.57656014e-01 1.23177052e+00
    5.41065931e-02 6.27281725e-01 5.83085895e-01 2.43530214e-01
    4.52419341e-01 2.75807083e-01 1.44425166e+00 -3.43023837e-01
    2.09861457e-01 1.13348877e+00 1.22296405e+00 5.19411445e-01
    2.53685355e-01 -5.90466797e-01 -8.59642029e-02 1.12061441e-01
    1.62807488e+00 1.58671117e+00 2.21865177e-02 3.54051590e-05
    1.60464716e+00 -2.11396128e-01 1.66866696e+00 5.11830449e-01
    4.19495165e-01 7.43100047e-02 9.64589357e-01 7.85985589e-02
    -2.96207458e-01 1.05327201e+00 1.86902404e-01 5.59933186e-02
    -6.17208779e-01 2.22571254e-01 7.91176736e-01 1.10549831e+00
    -1.95841610e-01 5.39410949e-01 6.52421892e-01 2.55972326e-01
    1.15929079e+00 1.37456751e+00 3.92738938e-01 3.12812448e-01
    6.21256113e-01 1.12159717e+00 -6.27639234e-01 1.38205838e+00
    1.37003767e+00 1.46665263e+00 -2.69961238e-01 -5.63465059e-01
    -2.40434438e-01 1.06151056e+00 1.15853798e+00 1.27872896e+00
    1.75209045e+00 6.31985188e-01 1.63659310e+00 5.73427081e-01
    7.17811704e-01 1.73982930e+00 -4.71872866e-01 4.59914148e-01
    -4.75882918e-01 -6.19807661e-01 1.27710032e+00 2.07298994e-03
    9.92023766e-01 9.34695780e-01 -1.21369898e-01 1.21311045e+00
    1.18556190e+00 1.78110433e+00 3.60249996e-01 1.23969674e+00
    -2.91230410e-01 1.44498444e+00 1.33881044e+00 5.46783030e-01
    1.29494333e+00 -3.78903747e-02 1.61199915e+00 1.10767949e+00
    -9.62351561e-02 1.75723636e+00 1.65837288e+00 4.56169784e-01
    -3.27115536e-01 1.41485584e+00 -5.56248963e-01 1.32615387e+00
    1.34697890e+00 -3.77335012e-01 1.25697851e+00 -3.49568248e-01
    1.21937394e-02 1.17329264e+00 1.37527156e+00 -4.01390553e-01
    -4.80362922e-01 1.65317774e+00 1.67597878e+00 1.52476573e+00
    1.15487194e+00 6.65682495e-01 -5.96012056e-01 -3.87853384e-03
    1.03292108e+00 1.32096028e+00 1.06592393e+00 8.89257908e-01
    9.02376533e-01 3.00271273e-01 2.77260661e-01 1.07165790e+00
    1.46978021e+00 7.61658430e-01 8.29919040e-01 1.62053120e+00
    -3.68392467e-02 1.07851827e+00 1.13219106e+00 1.10186732e+00
    6.19295001e-01 4.42061543e-01 5.46513379e-01 8.12957227e-01
    1.63299584e+00 1.84940100e-02 -5.78097701e-02 1.18759060e+00
    1.58866000e+00 1.52777123e+00 5.83583474e-01 7.21689165e-01
    8.28961492e-01 8.79126608e-01 -4.99521136e-01 8.66403878e-01
    -1.27991378e-01 -3.33969206e-01 1.36551619e+00 6.05437994e-01
    1.49813986e+00 1.77149594e+00 2.15275407e-01 9.22520638e-01
    3.42020631e-01 1.56258655e+00 9.83362138e-01 1.81933820e+00
    1.27039313e+00 1.55561173e+00 7.59594142e-01 5.23557127e-01
    1.22255540e+00 -4.31921482e-01 1.51183748e+00 1.57992244e+00
    1.22540295e+00 8.81402373e-01 1.47810662e+00 3.01581860e-01
    -6.38648570e-01 6.63130999e-01 1.12031639e-01 -3.93840283e-01
    7.76959300e-01 1.59622288e+00 -4.14332747e-02 1.65753341e+00
    9.46024418e-01 -1.16456807e-01 1.51239693e-01 1.72586250e+00
    -4.97329414e-01 1.73350549e+00 -1.92126036e-01 1.68941545e+00
    1.19020069e+00 8.77882898e-01 -6.59221232e-01 1.70737493e+00
    2.77703643e-01 1.61652708e+00 1.28862691e+00 -2.43273348e-01
    -3.72018337e-01 2.08190143e-01 -1.91758275e-01 -6.77490652e-01
    1.56629455e+00 1.50014234e+00 -1.85829401e-02 7.57235885e-01
    1.66916120e+00 1.83677769e+00 -2.96041489e-01 2.15146732e+00
    5.04700243e-02 1.01132381e+00 -2.67781198e-01 -2.51334727e-01
    3.67145538e-01 6.14263415e-01 2.38633871e-01 3.29582751e-01
    4.29635346e-01 -3.13124210e-01 1.14494288e+00 -6.19373202e-01
    1.54773593e+00 1.67925286e+00 1.77234006e+00 1.65206981e+00
    6.09557211e-01 -2.62903571e-02 -1.89303637e-01 4.22844887e-01
    -4.25433129e-01 1.14078605e+00 1.05479538e-01 2.30586112e-01
    9.96859312e-01 -5.15159369e-02 -2.39392310e-01 6.70294225e-01
    -6.28560662e-01 6.73012137e-01 -5.59496105e-01 1.83545899e+00
    -5.88209391e-01 -4.36874539e-01 -1.54014945e-01 -4.39798892e-01
    2.00409234e-01 2.17505336e-01 -1.75227523e-02 -4.45134223e-01
    1.30422556e+00 1.43737292e+00 1.49665737e+00 1.50363445e-01
    -2.27507472e-01 5.16806483e-01 1.52159166e+00 1.17592025e+00
    -4.39743936e-01 3.96727324e-02 1.71618509e+00 1.05243087e+00
    4.34401989e-01 -6.93695784e-01 -4.16862458e-01 8.83382559e-02
    1.05976295e+00 4.42916155e-02 -2.24135607e-01 1.21795416e-01
    3.39956045e-01 9.90028024e-01 -3.43881965e-01 -5.48159480e-02
    9.28815007e-02 -5.33173263e-01 1.56548619e+00 1.82267070e-01
    -4.86828804e-01 -4.28085327e-02 1.55071700e+00 1.52097201e+00
    1.98834717e-01 1.36832952e+00 -5.40020823e-01 1.79600906e+00
    7.14805365e-01 9.93576944e-01 -1.50026500e-01 8.42436492e-01
    -1.78904533e-02 9.74628210e-01 2.45206118e-01 1.68307543e+00
    -1.00309312e-01 -4.84194189e-01 1.58329916e+00 1.60664761e+00
    -4.72353697e-01 1.67785764e+00 1.57671213e+00 -3.25961947e-01
    1.08816385e+00 9.91471708e-01 4.89264667e-01 1.18456113e+00
    9.55091655e-01 6.75395727e-01 2.63705254e-01 1.37473106e+00
    1.06275034e+00 1.92233920e-01 1.61851168e+00 1.39410663e+00
    -6.97275996e-01 1.64015055e+00 1.74392962e+00 4.26290393e-01
    -6.17636442e-01 -2.96785265e-01 -4.93468165e-01 8.91613364e-01
    -5.46810508e-01 9.48919058e-01 9.51708078e-01 5.92958272e-01
    6.92624748e-01 -2.33859032e-01 -6.52467370e-01 5.53796053e-01
    1.79894662e+00 2.79040515e-01 9.23821449e-01 3.67817223e-01
    -3.28655750e-01 1.11092973e+00 1.58342195e+00 6.63985431e-01
    1.71051431e+00 1.64868331e+00 6.19345307e-01 -2.07310557e-01
    -5.34713507e-01 -2.88057297e-01 3.87479901e-01 2.74090528e-01
    -9.27614570e-02 -6.12676263e-01 4.11471665e-01 1.49358249e+00
    -6.45521522e-01 1.77366495e-01 -3.69041592e-01 1.43511987e+00
    1.07663584e+00 1.72061932e+00 1.53619051e+00 -6.32392704e-01
    6.93936884e-01 6.66276693e-01 5.79901755e-01 1.59283674e+00
    5.26935339e-01 1.51997280e+00 4.37814355e-01 -9.92067456e-02
    1.00855839e+00 6.29175305e-02 1.24498987e+00 1.74897885e+00
    1.35181808e+00 -6.52815580e-01 1.67770672e+00 1.06971526e+00
    8.13844919e-01 1.42125750e+00 5.98706126e-01 8.87972116e-01
    1.12172544e+00 1.31803751e+00 -3.77776742e-01 -5.38898230e-01
    9.74173725e-01 7.16917396e-01 3.04209530e-01 1.05035901e+00
    5.89156091e-01 -5.61762691e-01 4.15659487e-01 -1.31774664e-01
    1.59803343e+00 5.52921772e-01 9.37529624e-01 1.67504001e+00
    -6.13553405e-01 3.37747335e-01 1.62187839e+00 5.85023582e-01
    7.94161677e-01 4.16867733e-01 -4.71340388e-01 2.19810009e-01
    -1.06028318e-01 -3.06930423e-01 1.48165357e+00 -1.75507426e-01
    1.69853091e+00 -6.38178945e-01 -3.99956554e-01 6.76380694e-01
    1.56013775e+00 9.13956165e-02 -4.48186934e-01 6.48653269e-01
    2.55070329e-01 1.62001753e+00 1.36652589e+00 4.84554768e-02
    7.09231317e-01 1.28583598e+00 1.03244317e+00 1.35494232e+00
    -3.66106212e-01 1.38361382e+00 9.84839499e-01 -2.66248018e-01
    -4.64533508e-01 2.65997827e-01 1.72473133e-01 -4.96504307e-01
    1.00396371e+00 -4.26244706e-01 3.39482844e-01 1.17838991e+00
    1.59280133e+00 1.18864799e+00 3.85570705e-01 -2.18937814e-01
    1.15308893e+00 1.20754957e-01 1.10026526e+00 1.18959427e+00
    4.79927361e-01 6.04301989e-01 1.09938836e+00 8.11334550e-01
    8.16852570e-01 -4.92069572e-01 -4.29080158e-01 -2.53349125e-01
    -1.44131780e-01 1.90332711e-01 1.40258503e+00 1.59825706e+00
    -4.43180799e-02 1.13109207e+00 1.20347786e+00 1.31182671e+00
    5.74420989e-01 1.34179890e+00 -5.45298278e-01 -2.54102379e-01
    -3.88256133e-01 1.59980869e+00 8.99530888e-01 1.28133655e+00
    1.63187933e+00 1.51173520e+00 5.98097086e-01 8.93214881e-01
    1.50390685e+00 1.70892811e+00 -3.39994997e-01 -4.94420528e-01
    3.76205921e-01 -3.08302164e-01 1.19880319e+00 9.66296494e-01
    1.43957615e+00 1.15975952e+00 3.03919077e-01 1.56317616e+00
    1.74229813e+00 7.17810571e-01 4.61740911e-01 9.53445852e-01
    2.53767312e-01 2.01815844e-01 -2.53312081e-01 -6.30327165e-01
    1.28784776e-01 4.72101629e-01 8.42928886e-02 7.72625804e-02
    -4.19216394e-01 8.28147531e-02 -6.31907463e-01 9.19009924e-01
    1.23088598e+00 7.19724894e-01 6.54400110e-01 4.77735460e-01
    3.75940025e-01 -6.48065984e-01 2.62553751e-01 8.00509453e-01
    6.72325969e-01 1.17018712e+00 2.63186693e-02 -7.64586926e-02
    -6.82615638e-02 -5.90336680e-01 6.24013007e-01 8.23369622e-01
    5.21966040e-01 1.07542276e-01 1.32399249e+00 -2.03983665e-01
    -6.82121396e-01 6.56683922e-01 2.86986351e-01 1.65297341e+00
    6.17449701e-01 -5.31812251e-01 7.84479201e-01 1.72672057e+00
    -6.58453524e-01 2.14094520e-01 3.17890763e-01 1.60135162e+00
    8.59283388e-01 8.31321955e-01 1.09416115e+00 9.75840747e-01
    6.15334094e-01 7.74550319e-01 9.75449622e-01 -7.36416578e-02
    1.54864383e+00 -3.77187908e-01 8.05501640e-01 8.34437668e-01
    -1.75383627e-01 1.08198094e+00 7.83185542e-01 4.71068978e-01
    1.20964479e+00 1.21423602e+00 1.70757878e+00 1.06603837e+00
    1.56517386e+00 -7.81079173e-01 1.24298811e+00 -5.03731608e-01
    4.98122334e-01 -2.94638753e-01 1.59258425e-01 1.30604136e+00
    1.60813427e+00 -9.47203636e-02 8.97866488e-03 3.00132632e-01
    8.69266093e-01 1.50066185e+00 -4.11354840e-01 5.19505262e-01
    -6.14080608e-01 -3.02857459e-01 4.26640749e-01 -3.17477554e-01
    1.15317488e+00 1.25585532e+00 1.25817358e-01 5.78713477e-01
    8.19192886e-01 -1.59662068e-01 -3.44944447e-01 1.24477124e+00
    1.41254294e+00 1.62950349e+00 1.35786569e+00 1.52120423e+00
    -2.93604016e-01 -6.65403724e-01 -1.37356281e-01 -1.94075823e-01
    5.55841386e-01 1.16776752e+00 -2.00968206e-01 7.17280447e-01
    5.40291607e-01 4.47979569e-01 1.56057692e+00 -3.25387597e-01
    1.39977539e+00 5.05591571e-01 1.85631335e-01 2.45621145e-01
    -3.41382027e-02 1.58874965e+00 1.17987323e+00 -2.29825377e-02
    -1.76558256e-01 8.37199450e-01 1.13225019e+00 -3.22363913e-01
    -1.04851961e-01 1.43233657e+00 -1.30896270e-01 2.52788961e-01
    9.31084752e-01 1.47421479e+00 -3.31803292e-01 1.08045769e+00
    1.79525733e+00 -1.66044474e-01 -6.18072331e-01 -3.07625473e-01
    1.07806396e+00 -1.97358727e-01 -1.16779447e-01 1.73812151e-01
    1.58553612e+00 -1.30988538e-01 7.94120252e-01 3.20564091e-01
    -5.97135305e-01 1.63113701e+00 -3.96559298e-01 -2.88416028e-01
    8.96372497e-01 6.52510405e-01 1.43361008e+00 4.77978349e-01
    -6.42279863e-01 3.21747839e-01 -3.80303651e-01 -5.07261813e-01
    6.54809892e-01 -2.32863188e-01 -5.33422232e-01 -3.98371994e-01
    1.16937411e+00 5.67818046e-01 1.67241096e-02 1.63840270e+00
    4.89493549e-01 1.64526176e+00 6.82552457e-01 3.67285669e-01
    5.49245834e-01 1.62620568e+00 1.48838019e+00 1.54881358e+00
    -4.57318872e-01 -2.05809712e-01 1.19535851e+00 4.52508092e-01
    -1.70293570e-01 1.46763468e+00 1.31042230e+00 1.05542958e+00
    4.10782576e-01 1.31709051e+00 -2.22180188e-01 2.22863913e-01
    -1.31972194e-01 2.42479384e-01 4.91134882e-01 -6.31856501e-01
    5.32049894e-01 1.01903605e+00 6.06841028e-01 1.26610160e+00
    7.11240232e-01 5.41147351e-01 -6.41813159e-01 -2.70589918e-01
    1.38804483e+00 -2.22405016e-01 2.31671333e-03 1.16341424e+00
    5.66737711e-01 8.77575874e-02 1.06474996e+00 1.46036959e+00
    2.04110146e-01 1.76405251e-01 4.68122184e-01 5.89558125e-01
    -4.33023542e-01 7.07280755e-01 5.07232368e-01 2.19108284e-01
    -2.11977601e-01 1.11659622e+00 1.30069757e+00 1.21556401e-01
    1.71150732e+00 -5.44685543e-01 8.77177298e-01 -1.26628220e-01
    2.41756439e-02 8.85603607e-01 -1.37304366e-01 1.16327477e+00
    -3.03566307e-01 4.74532545e-01 1.32689250e+00 1.19328916e-01
    7.97113180e-01 2.25617886e-01 2.43527770e-01 1.49788332e+00
    -6.36475682e-01 -4.00982171e-01 -5.66397965e-01 1.57563329e+00
    8.24780226e-01 1.20172215e+00 1.33956075e-01 1.48576272e+00
    2.37922132e-01 9.66387928e-01 6.10059500e-01 1.30464518e+00
    1.80049551e+00 -5.39729595e-02 7.32272923e-01 -2.79897690e-01
    1.43934274e+00 -3.19005251e-02 -3.11305165e-01 9.10274982e-02
    -7.16381431e-01 -5.96469402e-01 3.96405160e-01 -9.04291272e-02
    9.62134600e-02 1.61399746e+00 -6.34240210e-01 -4.77248877e-01
    1.07024813e+00 -6.33926749e-01 1.65813792e+00 -5.51002502e-01
    1.03195369e-01 3.55313420e-02 8.78233850e-01 1.16132331e+00
    -1.65064514e-01 -4.87004399e-01 -1.53841257e-01 1.76573145e+00
    1.37304950e+00 4.07006443e-01 5.72626173e-01 1.26319313e+00
    2.07418561e-01 3.19088578e-01 7.67124116e-01 -3.63071769e-01
    -6.06144130e-01 -2.26964682e-01 1.48877573e+00 1.05446875e+00
    1.06121516e+00 -2.05088019e-01 -1.38455212e-01 -1.74158573e-01
    1.06114554e+00 3.80374730e-01 -2.23457217e-01 -4.58311826e-01
    3.21049988e-01 -4.47260141e-02 1.53696418e+00 1.60548663e+00
    8.64874542e-01 1.53480530e-01 9.79826331e-01 -6.83270991e-01
    2.68919885e-01 1.87361300e-01 1.19677997e+00 -2.68216997e-01
    3.25627089e-01 -6.06147408e-01 -4.58327174e-01 -6.84666216e-01
    1.64905357e+00 7.54909575e-01 4.21864331e-01 1.26797235e+00
    1.47810423e+00 9.81169164e-01 5.08246720e-01 8.67424846e-01
    7.12742805e-01 8.98054004e-01 -6.51619613e-01 -1.64036989e-01
    -6.46106184e-01 1.52451682e+00 1.48991287e-01 1.13740253e+00
    5.83220899e-01 7.38738775e-02 1.04774690e+00 1.66012597e+00
    1.64956141e+00 1.01500487e+00 7.33606339e-01 1.22167778e+00
    1.43874574e+00 4.60448921e-01 1.38377523e+00 -4.10220146e-01
    1.20985126e+00 1.02546847e+00 1.71840668e-01 6.89563632e-01
    8.54486823e-02 1.37607157e+00 4.79001641e-01 -2.91598737e-01
    -3.55957866e-01 -3.67518514e-01 -6.24643505e-01 -1.25343680e-01
    1.87556863e-01 5.72665632e-01 8.20127904e-01 1.70939028e-01
    1.74198413e+00 -3.57805252e-01 1.51005650e+00 6.78947210e-01
    1.11806035e-01 -6.30130529e-01 -2.70057857e-01 -2.14628637e-01
    9.38268423e-01 1.23905754e+00 4.90486026e-02 -2.55414575e-01
    9.13396120e-01 -7.14877725e-01 -8.67938399e-02 1.48740053e+00
    1.56230140e+00 6.97339773e-02 8.57776880e-01 1.26940703e+00
    5.13260186e-01 1.40280008e+00 -7.65719652e-01 1.37397265e+00
    2.35088766e-01 -3.90142947e-01 6.16679013e-01 1.43115950e+00
    9.59892273e-01 -4.05096084e-01 1.70279598e+00 1.49397206e+00
    6.62481666e-01 1.63513136e+00 -6.24482036e-01 -5.83930194e-01
    1.03322637e+00 -4.45941687e-01 -6.75409079e-01 1.07518816e+00
    -9.85951424e-02 9.98437405e-02 2.33239710e-01 -1.09580636e-01
    -3.36774677e-01 -3.30703020e-01 -5.76295137e-01 1.65099442e-01
    8.29998493e-01 4.66091156e-01 4.75750327e-01 1.44396603e+00
    1.25103021e+00 -6.61492527e-01 -3.74118865e-01 4.84114826e-01
    1.71250105e-03 -7.70056427e-01 -7.99042523e-01 -7.45365620e-01
    1.18638372e+00 8.72060001e-01 5.48957527e-01 -1.53032422e-01
    5.43539822e-01 1.64566350e+00 9.03481245e-01 1.02246404e+00
    -5.83635330e-01 1.40215492e+00 -1.46677911e-01 -1.95509911e-01
    7.92226195e-02 1.51367188e-01 1.62529087e+00 1.47764266e+00
    1.29142404e+00 1.73613453e+00 7.97618866e-01 3.29784989e-01
    1.00962412e+00 -2.82297611e-01 -5.99170148e-01 1.94646299e-01
    1.71306753e+00 1.24753201e+00 1.23896849e+00 1.04195476e-01
    1.51639104e-01 1.38807380e+00 5.93619645e-01 1.32348704e+00
    1.42357337e+00 9.49697018e-01 1.53213716e+00 -3.07539701e-01
    3.03057134e-01 2.17044115e-01 1.13042390e+00 8.72930884e-01
    -4.38872218e-01 -7.50341475e-01 1.01229703e+00 -2.07653046e-01
    1.65056920e+00 -2.48732030e-01 5.87522328e-01 1.08514237e+00
    -7.24873543e-01 4.38119948e-01 6.90220535e-01 1.64028716e+00
    9.78669941e-01 7.37622142e-01 -1.27427101e-01 3.50178897e-01
    1.04439652e+00 9.00530338e-01 -3.90889823e-01 1.42145634e+00
    1.28148627e+00 1.27298188e+00 7.74841011e-01 5.30479670e-01
    1.67596793e+00 -1.27016723e-01 -6.39423966e-01 -5.97892582e-01
    -7.13820457e-01 6.56958938e-01 -6.98024094e-01 -6.81602955e-02
    1.12593055e+00 -4.11272019e-01 1.67831850e+00 4.81219232e-01
    -2.68661857e-01 1.50152802e+00 8.80471468e-02 -2.72801578e-01
    6.09998167e-01 1.43111038e+00 2.03626323e+00 -2.15467423e-01
    7.23620772e-01 3.57252896e-01 1.52371418e+00 5.67755163e-01
    1.30946898e+00 8.15585613e-01 2.19699264e-01 4.66105938e-02
    -4.85151649e-01 -6.38990402e-02 6.72255814e-01 -1.35708451e-02
    1.13457155e+00 1.44105434e+00 1.59247732e+00 1.24339771e+00
    2.18109965e-01 4.21643853e-02 1.46132112e+00 1.44603050e+00
    4.40447867e-01 1.01282156e+00 -3.95636976e-01 5.96726537e-02
    -3.25452089e-01 -5.58036327e-01 1.27434337e+00 5.68343759e-01
    1.75036168e+00 2.20425129e-01 -5.57729244e-01 1.80356359e+00
    -3.34616899e-02 1.03572989e+00 6.69081628e-01 -1.66833520e-01
    -4.36648995e-01 -3.41523618e-01 -5.06818056e-01 5.64758599e-01
    -2.05497026e-01 5.52330613e-02 8.12475562e-01 2.34207869e-01
    3.56801391e-01 6.63521171e-01 2.63129532e-01 1.39501095e-02
    1.51485562e+00 -3.08674455e-01 5.84310889e-01 8.98930013e-01
    6.53521419e-01 -2.58418083e-01 -3.41263890e-01 1.14448547e+00
    1.51338720e+00 1.14481020e+00 1.82075202e-01 -2.00611949e-02
    1.02311981e+00 -6.78728938e-01 1.35277486e+00 1.70626473e+00
    -6.72154784e-01 1.48123074e+00 -3.08205932e-01 -4.15182471e-01
    -3.07487249e-02 7.93540478e-01 -3.65699172e-01 1.42324281e+00
    -6.71881080e-01 -3.42822880e-01 -1.76148713e-01 -2.66255677e-01
    7.74851561e-01 1.52899837e+00 5.43139935e-01 1.29779291e+00
    3.11057150e-01 -3.85439754e-01 2.77880430e-02 -1.98034823e-01
    -3.75648469e-01 1.16892743e+00 -6.31740034e-01 6.41434789e-02
    5.13527453e-01 1.40201640e+00 -1.72785103e-01 -7.01415598e-01
    9.92151260e-01 8.01604092e-01 9.38679755e-01 1.17298818e+00
    1.55721831e+00 1.21461511e+00 8.81993771e-03 1.89310730e-01
    4.63053524e-01 7.18987763e-01 1.28317606e+00 9.73301530e-01
    7.22179413e-02 1.71778917e+00 -6.20541394e-01 8.99676204e-01
    1.51101184e+00 -6.01653576e-01 -4.07164335e-01 1.18681085e+00
    9.39297259e-01 -4.13491935e-01 -5.14046192e-01 3.32769156e-01
    1.19680834e+00 5.96516728e-01 1.16562545e-01 -6.60820365e-01
    1.06397092e-01 6.68596447e-01 -5.56468785e-01 7.25063205e-01
    3.13256979e-02 -6.04383707e-01 1.67850482e+00 -1.93889320e-01
    -8.96351933e-02 4.31247830e-01 1.74832034e+00 -6.15935743e-01
    1.44116390e+00 1.59925580e+00 3.56194973e-02 7.26679683e-01
    -7.06184268e-01 6.40273273e-01 -1.29156351e-01 -1.18089914e-02
    1.41539550e+00 1.54858112e+00 3.07807267e-01 -4.53270763e-01
    -5.44483066e-02 -2.71516681e-01 8.48095179e-01 -7.35195518e-01
    1.17878890e+00 1.15029097e+00 5.06777883e-01 -5.88585079e-01
    1.34278560e+00 -3.86416376e-01 -8.33003521e-02 1.48837972e+00
    4.00331616e-01 -4.13200855e-02 1.36099577e+00 5.90461373e-01
    1.39381909e+00 8.49764168e-01 1.08076930e+00 8.12723458e-01
    3.46211672e-01 4.76196945e-01 3.08733523e-01 1.60636497e+00
    1.25816131e+00 6.74650371e-01 -1.62274539e-01 -5.52170038e-01
    7.41181552e-01 -4.80315149e-01 1.46343136e+00 1.98877096e-01
    1.60818899e+00 1.41138721e+00 6.58581316e-01 7.60643721e-01
    4.55098152e-01 -5.96466422e-01 7.17125535e-02 1.55279577e-01
    1.32274461e+00 -6.38198256e-02 2.27479279e-01 4.23105121e-01
    1.50463486e+00 1.70578885e+00 2.12567866e-01 1.36876321e+00
    1.05225968e+00 1.23941112e+00 -3.61159176e-01 1.64611053e+00
    -2.04111874e-01 1.49102676e+00 1.41357827e+00 1.16742218e+00
    1.57098556e+00 9.40638840e-01 4.27549839e-01 8.64398479e-01
    1.47436547e+00 1.59017777e+00 -2.01352239e-01 -4.62687016e-02
    8.47888589e-01 -3.96563172e-01 -3.42488289e-03 1.56827855e+00
    -7.12018013e-01 7.84116447e-01 9.50003207e-01 6.89150393e-01
    1.00914717e+00 1.64968133e-01 -1.15647793e-01 9.79285836e-02
    1.62577355e+00 1.55886281e+00 8.15292001e-02 -5.91151237e-01
    6.97238564e-01 1.49535549e+00 7.80560911e-01 6.71448886e-01
    9.05492663e-01 6.98947191e-01 1.70292687e+00 1.18474889e+00
    7.32322574e-01 -5.31121969e-01 1.44983709e+00 8.62384379e-01
    1.05362558e+00 7.11728930e-02 1.34050512e+00 1.20530641e+00
    9.62390840e-01 2.96637893e-01 1.57571912e+00 5.55204332e-01
    1.76959395e+00 1.11042118e+00 1.46314120e+00 -5.19350231e-01
    1.73103213e+00 2.25767553e-01 4.63450253e-01 9.13120270e-01
    -4.64289188e-01 1.53272223e+00 -1.51704639e-01 6.75427675e-01
    1.69591236e+00 5.77220440e-01 1.29782295e+00 7.99840569e-01
    6.87823176e-01 9.93662298e-01 1.57473087e+00 -2.07508624e-01
    8.89207900e-01 1.72162712e-01 5.27993321e-01 7.57888854e-01
    7.43708014e-01 1.08351159e+00 -1.84536099e-01 1.48917317e+00
    1.69356656e+00 -5.72314858e-02 -3.88240099e-01 1.70203805e+00
    -3.94364089e-01 7.19663382e-01 9.60305810e-01 1.65552664e+00
    -6.91535890e-01 1.53049302e+00 5.09950697e-01 1.04069996e+00
    1.37039685e+00 8.63808393e-03 8.07888448e-01 1.79107189e+00
    3.22785616e-01 2.28769600e-01 -3.11840326e-01 6.01962268e-01
    -5.96879423e-01 -4.06574368e-01 -1.52533472e-01 1.49179435e+00
    -2.90060878e-01 -6.40417993e-01 1.71929240e+00 4.59593892e-01
    1.10268450e+00 -4.10593152e-02 1.04217684e+00 8.23886812e-01
    -1.49834454e-01 -4.34715658e-01 6.55717552e-01 6.77101374e-01
    1.03789449e+00 9.22176659e-01 -2.77285963e-01 1.31167579e+00
    3.07429433e-02 1.10058665e+00 5.97781420e-01 1.47190213e+00
    -1.28788352e-01 5.18536389e-01 7.63138592e-01 1.35311580e+00
    6.50710225e-01 1.26502490e+00 4.03258502e-01 4.64621127e-01
    -1.09750032e-03 -7.06236601e-01 -3.34436119e-01 1.53366852e+00
    7.18096375e-01 -6.28547192e-01 3.96386623e-01 2.22651422e-01
    -7.63452709e-01 5.86561084e-01 1.34739459e-01 -2.02363729e-01
    7.47193277e-01 7.08555043e-01 -6.45414114e-01 -2.52255738e-01
    5.65698206e-01 4.80733931e-01 3.14613998e-01 1.63224483e+00
    8.36761296e-01 1.41584539e+00 1.99525654e-01 8.35251093e-01
    1.25300002e+00 9.22555625e-01 -6.04624391e-01 1.49712920e+00
    5.57198942e-01 5.26084185e-01 7.16993093e-01 1.05802381e+00
    -6.67989731e-01 4.58501697e-01 6.19361818e-01 3.06147933e-01
    1.21425533e+00 1.01965559e+00 1.27890551e+00 2.69873738e-01
    1.00312400e+00 -6.71248615e-01 6.57041669e-02 1.86595798e-01
    1.21342528e+00 1.06221962e+00 9.79841530e-01 1.00273132e+00
    1.58475745e+00 1.04295015e+00 -7.34457135e-01 8.51690769e-03
    1.63634849e+00 1.50037992e+00 1.37397945e+00 -1.89554155e-01
    4.72446680e-01 -1.27651274e-01 -3.15490901e-01 -4.80199188e-01
    6.37922287e-02 3.68084908e-01 -5.62182367e-01 -7.54211903e-01
    1.71847141e+00 2.14606285e-01 -4.91063088e-01 1.10468042e+00
    1.55098534e+00 -2.75974512e-01 1.70609689e+00 1.52079952e+00
    -1.73194766e-01 4.39992249e-01 1.73037362e+00 1.67051363e+00
    1.60917234e+00 3.09751928e-01 -6.66803718e-02 1.18363607e+00
    -2.29380608e-01 1.36004663e+00 1.95105672e-01 1.76358724e+00
    1.39035881e+00 3.09814155e-01 1.11631358e+00 -3.45480710e-01
    1.37461114e+00 -5.89053631e-01 -5.89038968e-01 -3.98832321e-01
    1.09739494e+00 -3.57859731e-02 1.24938226e+00 9.92392898e-01
    2.29684889e-01 8.12776268e-01 5.76853156e-02 -7.39874303e-01
    6.22192740e-01 7.53967583e-01 1.08530426e+00 1.23515034e+00
    5.05099833e-01 2.01055169e-01 2.58020699e-01 1.49971771e+00
    -6.61010981e-01 -5.35353303e-01 1.30690515e-01 6.72006190e-01
    1.27130854e+00 2.43296802e-01 1.16856313e+00 1.46193838e+00
    -4.85450298e-01 6.76976860e-01 7.90393353e-03 1.58887863e-01
    8.82109463e-01 -5.47471583e-01 5.77082574e-01 1.69506526e+00
    1.03595138e+00 -3.90561223e-02 9.98892248e-01 -2.28441894e-01
    -7.26010203e-01 -5.96441627e-02 1.41428995e+00 -5.32688439e-01
    -3.41103941e-01 -4.64491427e-01 8.63122702e-01 6.35536611e-01
    8.40761721e-01 1.40894175e-01 1.45733953e+00 -1.20296836e-01
    8.59678507e-01 1.32518125e+00 -3.78857255e-02 -6.00810647e-01
    -1.14599943e-01 1.23618102e+00 1.61094415e+00 -2.76309371e-01
    1.63374221e+00 2.89647341e-01 1.50587058e+00 -4.22545314e-01
    1.15017891e+00 3.97558093e-01 -2.16311812e-02 1.66299725e+00
    -1.99562132e-01 8.91954899e-02 -3.13208938e-01 -3.60730320e-01
    1.23436117e+00 8.62919569e-01 2.67846227e-01 3.68958771e-01
    1.18629277e-01 1.70264161e+00 -3.89280051e-01 -5.55324912e-01
    4.58387315e-01 1.71937263e+00 -2.49782801e-01 4.63714004e-02
    1.69277668e+00 3.06656122e-01 -5.23895621e-01 1.12386513e+00
    -6.06639624e-01 1.60467958e+00 -3.30307990e-01 1.02659285e+00
    1.54036236e+00 -1.37326419e-01 5.38869560e-01 2.91362166e-01
    1.13494086e+00 1.05947995e+00 -4.16472375e-01 1.25755763e+00
    -2.18732312e-01 1.95289969e+00 -2.97067583e-01 -3.83248448e-01
    4.46627617e-01 -3.33411425e-01 1.35345554e+00 -6.47684574e-01
    1.47028267e+00 1.69805586e-01 -6.27707958e-01 -4.31905717e-01
    -3.03348482e-01 -1.04978323e-01 -8.86604786e-02 3.40993166e-01
    7.19568014e-01 7.37026632e-01 1.47251725e+00 -1.49514675e-02
    1.07354164e+00 9.13978875e-01 1.33958697e+00 -3.08641553e-01
    1.31734300e+00 1.66430891e+00 2.21396029e-01 1.39735818e+00
    1.07094288e+00 9.86473441e-01 -6.82292998e-01 -5.82279086e-01
    1.69684434e+00 -4.30117846e-02 -6.85875475e-01 1.55590844e+00
    -6.23518944e-01 9.08696711e-01 -4.75306869e-01 4.08321679e-01
    9.82174873e-01 -3.56934696e-01 -6.34792447e-02 9.86159444e-02
    -4.46422070e-01 2.66211808e-01 -4.31452334e-01 1.59343505e+00
    1.65766692e+00 -5.56840301e-01 5.22946596e-01 2.65615821e-01
    2.44504213e-01 4.37748492e-01 8.26572776e-01 1.02321804e+00
    1.10374093e+00 8.92678320e-01 -1.01280928e-01 3.33791971e-03
    -1.04912519e-02 1.12282157e+00 -8.24727416e-02 6.44937515e-01
    1.08872867e+00 7.11194873e-02 1.11058247e+00 -2.29279399e-02
    1.17234969e+00 1.51177418e+00 7.87792861e-01 -8.43545198e-02
    8.89649391e-02 1.92925155e-01 1.68174624e+00 1.38941765e+00
    3.26168001e-01 6.70327544e-01 2.23840415e-01 3.47901702e-01
    7.61083841e-01 1.11710739e+00 1.42115331e+00 4.69610810e-01
    -9.39918756e-02 2.02774942e-01 -3.54440451e-01 1.13198769e+00
    -6.25863075e-01 -4.72270608e-01 1.07749033e+00 1.23749018e+00
    1.41788197e+00 5.63111484e-01 2.70858228e-01 1.67880225e+00
    1.19801331e+00 1.27891135e+00 6.37166381e-01 -2.58190632e-01
    1.45824265e+00 -7.44035780e-01 -1.04585767e-01 8.41766417e-01
    -1.67711020e-01 1.50671983e+00 4.19499576e-01 4.21343207e-01
    7.53704011e-01 1.13210583e+00 -2.84811050e-01 1.10620213e+00
    1.01044512e+00 5.47397971e-01 3.36661994e-01 -4.32969242e-01
    -3.85420769e-01 8.79606009e-01 7.08445489e-01 -2.61923671e-02
    1.20099401e+00 -2.58562028e-01 -3.60028744e-01 -1.25914216e-01
    2.41515517e-01 -7.48601139e-01 4.79044676e-01 7.94166207e-01
    1.11679626e+00 1.06205761e+00 1.29995823e+00 -6.57659948e-01
    -6.61533117e-01 -6.42372370e-01 1.23244238e+00 -4.82032210e-01
    -1.43482924e-01 8.57071817e-01 -5.31202674e-01 1.30948281e+00
    5.49974442e-01 -6.30623102e-03 -6.65781677e-01 4.81381238e-01
    1.72907817e+00 1.20549285e+00 8.42391968e-01 5.74540257e-01
    -5.04959345e-01 1.81820810e-01 1.67992902e+00 -4.68050271e-01
    4.69993591e-01 1.62481642e+00 -1.34575784e-01 -3.83501351e-01
    1.46842051e+00 1.67812443e+00 -2.74700165e-01 -3.17680657e-01
    4.36324239e-01 -7.24546671e-01 1.65355229e+00 1.25774860e+00
    9.33048427e-01 9.72029030e-01 1.33498347e+00 1.70078480e+00
    4.76163030e-01 1.73203051e-01 1.29420173e+00 7.68716931e-01
    8.08444440e-01 9.30174232e-01 -4.98745263e-01 -1.17854416e-01
    1.70699179e-01 4.85290289e-02 3.99415374e-01 1.13853443e+00
    1.64281785e+00 2.80879974e-01 1.67314315e+00 5.33289433e-01
    1.69367909e+00 6.70699656e-01 1.66214943e+00 1.32348120e+00
    1.04170656e+00 1.08726621e+00 7.69808292e-02 -8.04559290e-01
    9.55432236e-01 1.62689185e+00 -5.17445922e-01 1.02990389e+00
    1.29984736e+00 -1.54236197e-01 1.17856419e+00 9.66684699e-01
    1.24391246e+00 -2.17816949e-01 -3.23304832e-01 8.27228308e-01
    -2.55140841e-01 -5.10856271e-01 -4.99550641e-01 -1.90705061e-03
    -2.30956912e-01 2.50372112e-01 1.52016032e+00 -7.09191501e-01
    1.11299396e+00 -6.32595837e-01 6.69800460e-01 1.25730419e+00
    1.40989709e+00 5.62610745e-01 1.76673198e+00 -4.14242148e-02
    1.12150788e-01 1.61346030e+00 7.23304808e-01 1.64138591e+00
    -6.73773825e-01 3.84300888e-01 -4.88492280e-01 7.53020108e-01
    -7.45601058e-02 -5.29526949e-01 9.77666974e-02 -2.42417574e-01
    2.27149367e-01 6.15771353e-01 1.40102232e+00 1.34879386e+00
    7.01018274e-01 1.14550114e+00 8.94184709e-01 -6.18202925e-01
    2.17896819e-01 -6.63671434e-01 5.90339899e-02 1.54911470e+00
    2.38232911e-01 1.05177271e+00 1.36913359e-01 -3.93981218e-01
    5.87306321e-01 4.64681149e-01 5.86103261e-01 1.25249386e+00
    6.72300994e-01 9.91811454e-01 1.61773503e+00 1.59328794e+00
    -2.12288156e-01 1.56815386e+00 2.01369429e+00 1.51276636e+00
    1.83755302e+00 1.21021652e+00 4.55047429e-01 1.59200621e+00
    1.57429457e+00 1.62138343e+00 -2.33458579e-01 1.43248653e+00
    -4.94383246e-01 7.69580603e-02 -5.79767108e-01 -6.51174903e-01
    -2.63496518e-01 1.16758966e+00 4.73824084e-01 1.29397917e+00
    9.47510123e-01 6.43623054e-01 -5.59946179e-01 1.55988359e+00
    -6.99619055e-01 -5.01977086e-01 5.48402369e-01 8.51418912e-01
    3.29790711e-02 1.10434949e-01 -2.48555392e-01 8.02827358e-01
    1.14641118e+00 7.23438680e-01 -4.55688298e-01 -2.53043532e-01
    1.05115962e+00 5.54250419e-01 6.61996603e-01 6.33734465e-02
    3.79426479e-02 1.21107030e+00 6.66268587e-01 9.14677739e-01
    1.19401789e+00 -3.64769369e-01 7.78972507e-01 1.67916727e+00
    1.59427738e+00 9.86903250e-01 6.11018121e-01 1.17529023e+00
    1.58000898e+00 -3.21300030e-01 7.77324438e-01 8.34267676e-01
    -4.68653649e-01 1.64770949e+00 1.01554430e+00 -1.42886579e-01
    4.90431488e-01 6.23795450e-01 5.52676082e-01 1.25592732e+00
    1.37176585e+00 4.41056252e-01 1.65097547e+00 4.46505249e-01
    9.76246119e-01 1.20905924e+00 5.35207093e-01 6.88251555e-01
    -6.88928545e-01 2.56278098e-01 8.85470808e-01 4.34262633e-01
    3.07961464e-01 -1.54109716e-01 7.98068702e-01 -6.80752933e-01
    7.75074899e-01 1.73594689e+00 -4.44582224e-01 6.86108887e-01
    -2.90925950e-01 -4.97072637e-01 1.48842466e+00 6.08963370e-02
    -7.15123057e-01 1.50949061e-01 8.91415596e-01 1.78325832e-01
    2.21280396e-01 1.49722958e+00 -3.16857308e-01 2.56294191e-01
    3.86314392e-02 -8.06161344e-01 1.58805656e+00 1.64244378e+00
    5.74019313e-01 -7.41789699e-01 -2.73161978e-01 1.17257261e+00
    1.56231499e+00 8.83284807e-02 6.30687356e-01 -1.99108124e-01
    1.59122825e+00 1.98745608e-01 -6.73716784e-01 1.57654476e+00
    5.08542359e-01 1.55431867e+00 9.89639759e-03 -7.01660275e-01
    1.01787591e+00 1.58161926e+00 1.43019056e+00 1.40480185e+00
    -4.40769613e-01 -3.67181987e-01 -3.52656424e-01 6.97100163e-03
    7.22486734e-01 5.33197522e-01 6.03986800e-01 1.59034741e+00
    4.98207748e-01 2.69675612e-01 1.28481770e+00 5.76241195e-01
    8.73528123e-02 1.66063476e+00 9.85973597e-01 -2.69097745e-01
    1.13856721e+00 -4.07622755e-01 4.97935891e-01 -1.02242291e-01
    7.91413367e-01 6.01702750e-01 -7.31605709e-01 4.74379718e-01
    -2.46060789e-01 -5.96354365e-01 8.20003211e-01 -2.05230176e-01
    8.72668862e-01 7.27974176e-01 5.46618581e-01 6.73351049e-01
    6.25425637e-01 1.22457862e-01 4.65108156e-01 1.28045821e+00
    -7.24875450e-01 2.42444038e-01 1.10210180e+00 2.39175439e-01
    -4.61871505e-01 5.13010085e-01 1.49020839e+00 1.36564326e+00
    -1.07769966e-01 1.28171706e+00 7.35780358e-01 1.67722356e+00
    7.57666409e-01 -4.52928036e-01 1.00351632e+00 1.08478904e-01
    1.01925850e+00 -7.36902297e-01 3.49797010e-02 2.60050833e-01
    -2.05989420e-01 5.05979478e-01 1.43231368e+00 1.54872918e+00
    1.14676261e+00 -2.38702297e-02 1.12244296e+00 3.02674174e-01
    1.19849181e+00 1.20435691e+00 1.65933287e+00 -1.72808766e-02
    8.90081227e-01 -7.08798289e-01 1.53909576e+00 -1.55806541e-04
    -5.57416081e-01 1.59564245e+00 1.85826778e-01 2.47036815e-01
    -4.90063012e-01 5.20424306e-01 1.51716471e+00 1.43127966e+00
    1.68270922e+00 -5.30985236e-01 -2.79908061e-01 1.23887300e+00
    1.05012834e+00 -4.90907401e-01 2.90558279e-01 1.02705228e+00
    -5.06903648e-01 1.34051621e+00 -4.15913314e-01 1.36403465e+00
    -1.27871335e-01 -5.69043875e-01 9.84320104e-01 2.34994650e-01
    8.10930967e-01 -5.24037838e-01 1.80049956e-01 -4.76518452e-01
    5.35638392e-01 -5.25129437e-02 -6.14246249e-01 1.40694928e+00
    1.05270672e+00 -5.19173026e-01 7.41800368e-01 -6.90997839e-02
    1.05780399e+00 1.50082445e+00 -1.60636425e-01 -1.51068926e-01
    -2.12576389e-01 -6.46167099e-01 1.55616832e+00 2.10146904e-01
    1.29120755e+00 -2.78104991e-01 1.72828865e+00 1.39866018e+00
    4.64765549e-01 1.10651255e+00 1.30917859e+00 -7.51610398e-02
    -6.98217273e-01 1.47448671e+00 6.10498786e-01 -6.17532074e-01
    -3.61276209e-01 -1.57118201e-01 -2.03736812e-01 1.57352805e+00
    1.44311142e+00 1.49113190e+00 -2.38914043e-01 1.04655027e+00
    1.46005762e+00 1.17626941e+00 1.53692329e+00 1.02821922e+00
    -4.25099999e-01 -3.80720198e-01 1.48194671e+00 2.61305451e-01
    -2.50118256e-01 -6.51412487e-01 -2.58933008e-01 1.55807555e-01
    8.58835697e-01 1.65292478e+00 -4.35183108e-01 -3.42045993e-01
    2.30864763e-01 1.60461771e+00 9.07754600e-01 8.06766868e-01
    -1.26149416e-01 -6.41317308e-01 5.26519179e-01 3.85409355e-01
    1.32431817e+00 3.46796155e-01 -8.24041367e-02 1.29747558e+00
    1.34194112e+00 1.36667871e+00 1.70186579e-01 5.96920967e-01
    1.04522943e+00 3.76813054e-01 7.30835736e-01 2.54167914e-01
    9.45294082e-01 2.84450352e-01 -1.00844800e-01 -8.77233148e-02
    1.01433420e+00 2.72701561e-01 2.32853949e-01 1.26241398e+00
    -6.39694035e-01 1.17179847e+00 1.44519222e+00 -4.11349952e-01
    1.52086091e+00 2.83010602e-02 -6.89978480e-01 7.30192423e-01
    -3.08149457e-01 1.07669973e+00 -6.54777110e-01 1.35328889e+00
    -1.26148462e-01 -5.56392074e-01 4.88666594e-01 6.88326955e-02
    1.69518507e+00 4.40980077e-01 1.37057686e+00 -5.54339468e-01
    1.20753586e+00 -3.64626706e-01 9.87307549e-01 -4.16427314e-01
    7.15801179e-01 3.56938243e-02 -1.37847722e-01 7.84077406e-01
    5.63203573e-01 2.72323132e-01 8.77520978e-01 9.91021693e-01
    1.09453261e+00 1.08210039e+00 -6.87764645e-01 1.70765924e+00
    1.74875665e+00 1.08340025e-01 1.63980424e-01 4.63306308e-02
    2.47806191e-01 -1.14577115e-01 1.35727584e+00 5.17444432e-01
    -8.57557058e-02 5.66061854e-01 1.68395197e+00 2.51233995e-01
    1.15097642e+00 1.46888280e+00 4.38750744e-01 5.36133885e-01
    1.22751665e+00 9.74415660e-01 1.27737260e+00 1.44177079e+00
    1.44491506e+00 1.71519399e+00 -3.61164600e-01 8.58770251e-01
    6.67454064e-01 -9.82157588e-02 1.50477540e+00 -3.56541991e-01
    3.20553362e-01 1.32999396e+00 1.44419038e+00 -4.33498025e-02
    1.36944652e+00 1.70011055e+00 8.83066833e-01 1.20872915e+00
    1.43562579e+00 5.33072472e-01 2.99990416e-01 5.06249666e-02
    3.02803040e-01 1.68628860e+00 4.46477950e-01 -4.51651663e-01
    8.99012268e-01 -4.19224083e-01 -3.92916799e-02 4.12967622e-01
    1.33365870e+00 6.51795566e-01 9.77625251e-02 -2.24363029e-01
    -4.07160431e-01 8.43948424e-01 -6.64280653e-01 -1.86296284e-01
    9.12815273e-01 -1.01857781e-01 -6.53692186e-01 1.07213557e+00
    1.17529273e+00 5.75758636e-01 4.38074589e-01 -1.44377172e-01
    -7.29176641e-01 1.35359335e+00 9.99870896e-02 -6.99083865e-01
    -2.03834474e-01 1.95024908e-01 2.02748358e-01 9.51714754e-01
    3.32378566e-01 -4.07826811e-01 1.30765200e+00 7.43677020e-01
    -2.76611924e-01 3.90913188e-01 -6.76413953e-01 6.52540922e-01
    9.39978421e-01 1.30695510e+00 1.09186125e+00 1.76869845e+00
    7.47977614e-01 1.17276728e-01 2.94406652e-01 8.70489776e-01
    1.64544868e+00 -4.04056609e-01 1.14843822e+00 -6.04989529e-01
    -4.66675162e-02 -3.68799448e-01 9.23895717e-01 6.89597726e-01
    5.14621973e-01 1.64942527e+00 9.77443933e-01 -7.82626688e-01
    8.39557230e-01 1.65872264e+00 -4.63310510e-01 1.11532879e+00
    8.89270782e-01 -3.54383588e-01 4.31092978e-01 -4.51181173e-01
    5.41428328e-02 1.60582745e+00 1.14144087e-02 1.44865227e+00
    -4.33029592e-01 -3.61094981e-01 9.46336865e-01 1.20029867e-01
    1.30811977e+00 8.42169523e-02 1.08660042e-01 1.67079449e+00
    4.12166119e-04 1.06591964e+00 4.19420779e-01 -6.30244255e-01
    -4.52358723e-02 1.14062703e+00 1.68356001e+00 7.92444944e-01
    8.96043181e-01 -6.32730961e-01 7.06785977e-01 -3.69139105e-01
    1.33425856e+00 1.56919885e+00 -2.79216230e-01 8.44832480e-01
    5.44907629e-01 5.32166779e-01 -2.21883297e-01 5.83438456e-01
    9.08719063e-01 8.96385193e-01 -2.29492843e-01 2.69760013e-01
    5.65413177e-01 -5.65520704e-01 8.27229738e-01 1.67401159e+00
    -2.89673477e-01 1.11647046e+00 -5.28665900e-01 1.02130473e+00
    7.59033859e-01 7.71135211e-01 -2.82730073e-01 7.21131980e-01
    7.75262117e-02 1.01105666e+00 -7.02988505e-02 -6.77546501e-01
    8.18467319e-01 1.28377485e+00 7.01689005e-01 -7.29536235e-01
    1.69715750e+00 1.54520285e+00 -5.03641844e-01 1.35681164e+00
    1.36291695e+00 1.61435986e+00 1.37082720e+00 -4.41728830e-01
    9.58308876e-01 1.80193454e-01 5.95442653e-01 6.59194350e-01
    1.63200784e+00 5.85817337e-01 1.17586517e+00 2.09498346e-01
    3.75635922e-01 1.73978293e+00 -2.78401583e-01 4.96026456e-01
    -2.37706125e-01 1.62038052e+00 3.45721900e-01 1.20563555e+00
    1.38277912e+00 1.67289519e+00 1.03455257e+00 1.17285752e+00
    -5.25392890e-02 1.75232673e+00 -1.35144949e-01 -7.53260493e-01
    1.43179822e+00 -4.79889601e-01 -4.41116214e-01 2.34638989e-01
    -4.11054015e-01 7.49595344e-01 1.65345621e+00 -7.05947220e-01
    -1.87803388e-01 -1.23367906e-01 9.65139329e-01 8.87600780e-02
    8.28523159e-01 -5.73762715e-01 1.33554387e+00 1.75218129e+00
    6.14118040e-01 -5.56883276e-01 8.36260498e-01 -4.37310934e-02
    -9.61541533e-02 9.99638617e-01 1.41789794e+00 9.25993383e-01
    1.69484377e+00 2.20548570e-01 1.55616260e+00 -4.36721385e-01
    1.03302228e+00 1.49923968e+00 7.17349589e-01 5.14961660e-01
    -6.83926046e-01 6.87282264e-01 -3.60053807e-01 1.27732706e+00
    6.97588503e-01 -6.08830452e-02 -4.52122957e-01 -4.83393669e-02
    1.51902223e+00 1.48513198e+00 -1.67256653e-01 -7.71756768e-02
    8.27344060e-02 4.84249353e-01 6.27348244e-01 -6.98921621e-01
    1.67902410e+00 -1.23453677e-01 1.16400540e+00 9.03358698e-01
    1.75257087e+00 -7.10467577e-01 9.15699661e-01 1.53520346e+00
    1.56509233e+00 3.89021635e-03 3.13524008e-01 9.69322085e-01
    -3.22803676e-01 1.09476328e+00 -3.26403886e-01 1.09385145e+00
    1.32252359e+00 -2.45673060e-01 1.71399474e+00 1.17953956e-01
    5.73952138e-01 -1.09072208e-01 3.02365065e-01 8.19971979e-01
    6.08009994e-01 2.05909431e-01 1.60095191e+00 1.51158929e+00
    -6.93738401e-01 4.41814184e-01 -1.26774907e-01 -4.06954616e-01
    1.13263035e+00 2.04040766e-01 8.53363335e-01 -6.81233883e-01
    1.13572311e+00 -1.84979916e-01 1.69958782e+00 -6.75371587e-01
    4.95470464e-01 3.93978179e-01 -4.98629868e-01 1.69723868e+00
    5.34883440e-01 7.40482390e-01 1.56183958e+00 3.77042890e-02
    1.38642418e+00 -5.86019754e-01 3.70178938e-01 6.72283232e-01
    1.54178953e+00 5.95214009e-01 6.48625731e-01 1.21077633e+00
    1.45586538e+00 1.20860600e+00 1.03397322e+00 -4.50780392e-02
    1.30469441e-01 -2.17792451e-01 5.25761127e-01 1.65313244e+00
    -1.49652839e-01 3.31843615e-01 1.55906451e+00 1.94401085e-01
    1.55457997e+00 7.42880583e-01 5.34768641e-01 1.58909965e+00
    1.08404756e-02 4.08550501e-01 1.34292364e+00 1.06366253e+00
    1.44004512e+00 -5.11158705e-01 -5.17121553e-01 1.21566820e+00
    1.52857566e+00 -4.31227684e-03 1.00340486e+00 4.09103692e-01
    1.48897219e+00 5.34471691e-01 -3.26993465e-01 1.05992627e+00
    -7.42158949e-01 9.01155591e-01 4.05073762e-01 8.88465166e-01
    7.69585133e-01 -3.33516270e-01 -5.00482559e-01 -3.00293207e-01
    1.62000585e+00 -2.03610659e-01 1.56468511e+00 2.26267040e-01
    -2.49705315e-02 -6.40707195e-01 -5.30349910e-01 6.34791970e-01
    8.40427697e-01 1.33115244e+00 -3.87877941e-01 2.11842895e-01
    1.22522974e+00 -2.77333736e-01 1.31045294e+00 -5.16818881e-01
    1.54707265e+00 -6.28068805e-01 -2.98173547e-01 1.60334992e+00
    -6.56999350e-01 -6.47612810e-01 3.05154681e-01 5.76450229e-02
    7.20087945e-01 -7.60054588e-02 2.74163485e-02 -4.80531216e-01
    7.15101361e-01 1.21198940e+00 4.38689291e-01 3.52399886e-01
    4.58471775e-02 1.40184450e+00 1.22219276e+00 1.34576964e+00
    3.05775404e-02 1.50751162e+00 1.71962833e+00 8.82133305e-01
    8.63456130e-01 -2.40490556e-01 2.84726739e-01 1.23843479e+00
    -7.40334630e-01 1.68671083e+00 8.72927129e-01 1.12287378e+00
    3.16432357e-01 1.77503896e+00 2.51407921e-01 1.47427070e+00
    1.32267165e+00 -7.07521200e-01 5.48827350e-01 1.73151422e+00
    8.63326192e-02 2.93177605e-01 3.68784189e-01 1.67324603e+00
    4.31933820e-01 1.10720754e+00 1.64398134e+00 1.07990789e+00
    -1.25875115e-01 8.68930101e-01 -3.89994591e-01 -6.46936893e-01
    -4.74098742e-01 -3.99464965e-02 -6.17376208e-01 -4.01191026e-01
    6.66292191e-01 2.29663432e-01 -7.16892600e-01 9.60218370e-01
    1.53672099e+00 -3.04255754e-01 1.08754921e+00 -4.68001723e-01
    -4.90384430e-01 1.17319524e+00 2.76702225e-01 6.34310126e-01
    5.85842490e-01 8.16173494e-01 2.21133530e-01 -4.67603415e-01
    -2.56526142e-01 3.03046107e-02 1.45807219e+00 7.54695535e-01
    1.81452179e+00 1.56154013e+00 1.03544927e+00 1.00637150e+00
    -6.81305826e-02 -6.03931189e-01 2.30627120e-01 1.00395179e+00
    1.52961612e+00 -1.83113813e-01 -5.16901910e-01 5.04888594e-01
    1.41338158e+00 4.99196410e-01 1.53208208e+00 9.62877810e-01
    -3.65655720e-01 1.10377073e+00 1.35555136e+00 -1.84836566e-01
    1.12181640e+00 9.99772847e-01 1.06342971e-01 1.29207301e+00
    -5.98774076e-01 7.46495128e-02 -4.76421088e-01 -4.52733338e-01
    -5.70243299e-01 7.46108651e-01 8.47918272e-01 1.33670688e-01
    2.08949745e-01 1.74084461e+00 9.32327986e-01 -5.15362024e-02
    -5.63657820e-01 -7.00947762e-01 -4.13090676e-01 3.08931410e-01
    -3.28322977e-01 -7.43138373e-01 1.44035697e+00 2.15529680e-01
    1.21448767e+00 -5.03256440e-01 6.03438973e-01 4.07707095e-01
    -2.78704405e-01 4.12461758e-02 7.60365903e-01 1.58559394e+00
    8.82181942e-01 8.99414361e-01 -3.75965744e-01 1.51667929e+00
    1.68822861e+00 8.69547546e-01 -3.78424525e-02 7.58353829e-01
    8.73693228e-01 1.08039904e+00 1.46122980e+00 5.67157149e-01
    1.70933247e+00 5.42379737e-01 1.34175301e-01 9.69386101e-01
    -4.32830811e-01 1.23832536e+00 -1.18210316e-02 8.34597528e-01
    6.94744349e-01 1.72349048e+00 1.58412218e+00 4.66059268e-01
    1.53390026e+00 4.15979326e-01 8.61995995e-01 -3.02090943e-01
    6.12802327e-01 -3.08540136e-01 1.06235123e+00 1.73057461e+00
    4.52952623e-01 -2.58620203e-01 4.18096781e-01 7.68556893e-01
    -6.43956423e-01 1.02839112e+00 -7.68430769e-01 -3.38500828e-01
    8.41093898e-01 7.73998201e-01 1.39199066e+00 1.16776407e+00
    1.12530828e+00 1.22476888e+00 -3.59475672e-01 -7.79549956e-01
    -2.26599097e-01 6.55990958e-01 -7.52749026e-01 1.19578743e+00
    -4.86981720e-01 -2.66799629e-01 -4.72044945e-02 1.00970769e+00
    -7.27344692e-01 -1.43174112e-01 6.52370334e-01 4.70601976e-01
    -6.08706951e-01 4.91418779e-01 4.55389082e-01 4.21791017e-01
    5.18161774e-01 1.60421169e+00 7.12636352e-01 -1.97685540e-01
    -1.87679529e-01 1.38408363e+00 7.21744418e-01 -4.13399935e-03
    -1.51821017e-01 1.14584804e+00 -1.07323229e-01 1.33926511e+00
    1.24103010e+00 1.62130332e+00 1.57915330e+00 1.72405863e+00
    1.37032497e+00 6.99887574e-01 1.32894111e+00 1.28990173e+00
    1.21605754e+00 5.23497641e-01 1.49617183e+00 3.92185509e-01
    7.61772335e-01 -4.52297032e-01 1.25486064e+00 -5.66658735e-01
    -1.74946785e-01 -2.74328798e-01 9.23019350e-01 9.12450552e-02
    8.10297012e-01 8.56743991e-01 -7.61651397e-02 7.87105083e-01
    2.71699488e-01 -5.81642389e-02 1.76615477e+00 1.03279531e+00
    2.26032317e-01 1.52351904e+00 -1.63237691e-01 5.82717836e-01
    -3.02436203e-01 -7.55198598e-02 8.23285520e-01 4.26221132e-01
    8.17562282e-01 1.74562764e+00 1.02367616e+00 1.37504661e+00
    1.58475637e+00 -2.12047935e-01 6.67485535e-01 8.45140278e-01
    5.67030609e-01 -5.45491517e-01 6.99036479e-01 1.17665446e+00
    1.11586654e+00 1.26073980e+00 -5.06115973e-01 4.15201783e-02
    -4.15215492e-01 2.10942268e-01 -4.09768730e-01 -5.88357925e-01
    -3.87246013e-02 -7.52376795e-01 2.47576118e-01 -1.45222783e-01
    -4.28318352e-01 -4.33341682e-01 7.39627719e-01 9.57688451e-01
    -4.06186312e-01 6.98102236e-01 1.12835073e+00 5.57348788e-01
    -4.49856788e-01 7.84557223e-01 -2.45038211e-01 3.27872813e-01
    -4.59161878e-01 4.60622966e-01 1.65908456e+00 1.31735182e+00
    1.55515146e+00 -7.33619928e-03 -5.76585293e-01 -3.59956175e-01
    -6.24175072e-01 5.50827324e-01 1.35566235e+00 1.09830260e+00
    1.35206580e+00 -3.85134339e-01 -2.76192784e-01 6.63469791e-01
    -2.10066259e-01 1.32922661e+00 2.49304712e-01 1.09721446e+00
    8.09441209e-02 1.17919135e+00 -3.58354181e-01 -2.27659225e-01
    2.12216556e-01 -6.64344311e-01 6.00638568e-01 1.73575044e-01
    -4.31073636e-01 -6.73262298e-01 3.51863921e-01 1.40986419e+00
    1.65924978e+00 4.63667512e-02 5.29348612e-01 4.83480692e-02
    -3.29451978e-01 -1.09496832e-01 1.33428216e+00 -4.40091193e-01
    1.21735096e+00 -2.79523104e-01 -6.42009616e-01 4.46081519e-01
    3.29093337e-01 1.69906080e-01 5.74547946e-01 5.86141586e-01
    4.38220501e-01 1.27244711e-01 1.30378664e-01 9.96959150e-01
    6.22423947e-01 -2.70150334e-01 3.04904103e-01 8.07616234e-01
    7.17424810e-01 1.71247542e+00 1.66339338e-01 3.06257069e-01
    -4.14162278e-01 1.77051485e+00 -5.27401984e-01 -3.63384366e-01
    1.00412536e+00 -3.12194228e-02 -2.27744102e-01 1.13991630e+00
    5.02776861e-01 9.26319599e-01 1.31157660e+00 1.01639795e+00
    -5.81035674e-01 1.57761693e+00 -7.16352463e-01 1.31810188e+00
    1.36828363e-01 -6.06488585e-01 1.33692431e+00 -6.47247851e-01
    -6.56077981e-01 7.74154663e-02 1.31109262e+00 6.31674290e-01
    1.22783160e+00 -1.71163082e-01 1.58768320e+00 1.52473140e+00
    8.00374568e-01 2.96073079e-01 1.65436149e+00 7.34714389e-01
    1.08172703e+00 -4.20185357e-01 -2.89474189e-01 1.43070436e+00
    8.88876319e-01 8.83431375e-01 1.48538947e+00 -1.78396165e-01
    -1.67202234e-01 -3.16476107e-01 2.24008262e-01 1.10723114e+00
    -5.29464722e-01 -2.72881389e-02 8.76037478e-01 1.37627125e-03
    1.45148206e+00 3.59167933e-01 3.89249802e-01 -6.34568930e-02
    1.06080019e+00 -7.51287937e-01 -3.20913374e-01 -7.27808356e-01
    7.21951962e-01 -6.15671992e-01 1.38320446e-01 3.97803724e-01
    -2.04556465e-01 8.07988226e-01 -2.98753500e-01 6.96327567e-01
    5.17523944e-01 9.67823386e-01 3.24405193e-01 3.12961519e-01
    1.30848861e+00 1.39520514e+00 5.08546591e-01 9.53787565e-03
    4.41044807e-01 6.53553009e-01 -8.64012241e-02 -1.48983240e-01
    1.57119441e+00 2.81085432e-01 -1.37513340e-01 2.73694634e-01
    -3.50651145e-02 -6.09634399e-01 1.59597754e+00 1.46584988e+00
    1.09153390e-01 -1.06688917e-01 3.64456415e-01 -1.24624312e-01
    2.77846098e-01 5.58255553e-01 -3.55372339e-01 1.52296305e+00
    1.70711780e+00 1.34464192e+00 7.40395784e-02 1.07853413e-01
    -5.02128124e-01 3.20762694e-01 -1.30832016e-01 2.00311363e-01
    1.55158746e+00 3.09730411e-01 -2.79601514e-01 3.29337060e-01
    -4.89710748e-01 -6.41728997e-01 9.92300212e-01 4.54296589e-01
    1.08850706e+00 1.66920257e+00 -5.65171838e-01 -7.33894825e-01
    1.52572525e+00 3.37691486e-01 -4.12710041e-01 2.69146383e-01
    7.42949784e-01 -5.24545908e-01 9.81038630e-01 1.09785128e+00
    1.36394262e+00 8.50212991e-01 1.39963281e+00 6.31857216e-01
    -4.37854081e-01 1.58735788e+00 6.26420081e-01 -3.27750534e-01
    2.80771732e-01 1.04509425e+00 1.41009545e+00 -5.87415874e-01
    1.68140411e+00 1.72687387e+00 4.98386025e-02 1.20031214e+00
    1.53917015e+00 6.93351150e-01 -1.74139023e-01 -1.19180739e-01
    9.06838179e-02 -2.38300830e-01 7.60574818e-01 -7.27015853e-01
    5.19978106e-01 -5.11193871e-02 2.04165578e-01 1.43238997e+00
    -1.51681423e-01 -5.54115653e-01 1.12257361e+00 8.05795252e-01
    1.52456069e+00 -5.63939333e-01 9.68864024e-01 -4.64687318e-01
    7.46005714e-01 -6.22442067e-01 9.27165210e-01 1.11387777e+00
    5.72798371e-01 1.62583947e+00 7.87712038e-01 -5.28451800e-01
    6.86268568e-01 5.81175268e-01 -7.67453372e-01 1.14112425e+00
    9.16069329e-01 1.72315454e+00 -1.64427757e-02 2.81232655e-01
    8.85162413e-01 1.05710208e-01 -1.95224226e-01 9.64867651e-01
    1.08991468e+00 5.82136631e-01 6.69850707e-02 -8.12565506e-01
    -4.22881842e-02 9.82347190e-01 3.97360504e-01 -1.56061471e-01
    -4.80236530e-01 -6.69692755e-02 5.50567985e-01 7.09691525e-01
    5.06641805e-01 -3.13669443e-01 -1.92636073e-01 9.90185082e-01
    -5.06129026e-01 1.47671974e+00 1.23633814e+00 -4.77651954e-02
    1.69553196e+00 1.03358078e+00 4.99169827e-01 -5.21027803e-01
    -1.41964674e-01 5.86090565e-01 7.68938303e-01 8.39354992e-02
    1.01591897e+00 -3.82685661e-03 1.43921602e+00 1.16739392e-01
    -2.14050710e-01 4.37494218e-01 -2.92764574e-01 -5.49138069e-01
    1.60616064e+00 7.73947477e-01 -6.59087896e-02 -2.04631031e-01
    -3.46118301e-01 4.52538490e-01 4.86754298e-01 2.83361137e-01
    8.57523739e-01 1.28162551e+00 2.75349736e-01 5.80993891e-02
    1.36443019e+00 -3.64217311e-01 -1.05649829e-01 1.00566888e+00
    1.55806231e+00 7.83138335e-01 -6.86009765e-01 1.69815063e+00
    -5.31426668e-02 1.57279372e+00 1.22385907e+00 4.34253812e-01
    9.42800045e-01 2.92165160e-01 1.69345856e+00 -7.03899622e-01
    1.57951891e-01 -5.86427271e-01 1.67629480e+00 2.22479701e-02
    1.71871686e+00 1.11620474e+00 4.34878469e-01 5.15818954e-01
    2.22605824e-01 3.98257077e-01 -4.25620675e-01 1.89816332e+00
    1.56861758e+00 5.85094690e-01 8.72713327e-01 4.46266890e-01
    8.94015431e-01 1.61971426e+00 3.83087337e-01 9.04953241e-01
    -6.93533421e-01 1.60264611e-01 7.57885873e-01 -1.32073581e-01
    2.75033355e-01 7.86106586e-02 8.03709388e-01 1.73850131e+00
    1.54380059e+00 1.15162563e+00 2.54633427e-02 1.10114598e+00
    9.14859116e-01 1.60618174e+00 -7.64603853e-01 -5.84166884e-01
    1.73845172e+00 1.56606412e+00 1.43656218e+00 -5.90894103e-01
    7.78364658e-01 2.48546004e-01 1.16433203e-01 -5.96177995e-01
    -1.21986687e-01 8.04910660e-01 1.10020602e+00 1.66905749e+00
    -6.68044567e-01 6.92142487e-01 1.16352534e+00 4.59830225e-01
    9.49911416e-01 -2.75547951e-01 -2.89295793e-01 5.26257575e-01
    -1.79933786e-01 9.46887016e-01 1.42985320e+00 1.63844550e+00
    1.66992927e+00 9.28325295e-01 1.16048765e+00 4.67372894e-01
    -6.91191554e-01 2.96484232e-02 -4.27632213e-01 1.43084931e+00
    8.71606350e-01 -2.29716301e-03 1.46905470e+00 -4.36994106e-01
    -4.49451804e-02 2.86442399e-01 3.37626278e-01 8.78285766e-01
    -6.33432567e-01 1.29182696e-01 1.04827428e+00 1.03843570e+00
    -4.35273051e-02 -5.57392061e-01 1.65118277e+00 7.77672648e-01
    2.36334562e-01 1.15978003e+00 6.14328921e-01 1.67640042e+00
    1.18163526e-01 8.52815032e-01 -3.48373562e-01 -3.48077416e-02
    2.76290298e-01 1.25938535e-01 -5.56445301e-01 6.67405009e-01
    1.83668852e-01 -1.44632459e-02 9.43354189e-01 -5.85250616e-01
    4.13696170e-01 9.59085584e-01 2.36431539e-01 -4.67790276e-01
    -7.60464311e-01 3.07019234e-01 -3.84513378e-01 3.79376888e-01
    6.95866764e-01 9.88252580e-01 -3.39973480e-01 1.49571824e+00
    -3.86431664e-01 -1.87408209e-01 1.41651392e+00 5.05235910e-01
    -2.22292662e-01 9.05171216e-01 3.69046390e-01 1.28534603e+00
    -1.75352156e-01 2.49842346e-01 1.58351302e+00 1.55139625e-01
    1.99839473e-01 2.07540274e-01 -6.55674934e-02 1.16925836e-01
    -5.17203391e-01 -7.24477172e-02 6.77718878e-01 -3.80082279e-01
    1.72506404e+00 2.72597253e-01 1.47481072e+00 -7.19078183e-01
    1.16023648e+00 -4.87376451e-01 7.48176098e-01 3.65742326e-01
    1.73660755e+00 4.63512540e-02 -5.18507302e-01 1.65715456e+00
    3.36500764e-01 1.41300845e+00 -2.14034319e-01 1.04737818e-01
    -6.63820028e-01 1.67450476e+00 3.50682139e-02 1.74058414e+00
    1.50459599e+00 8.37662041e-01 8.28284979e-01 1.25204992e+00
    1.07084954e+00 1.26232529e+00 1.31981373e+00 1.04242730e+00
    1.15121889e+00 1.46603549e+00 -1.37480140e-01 1.57687151e+00
    -6.42481506e-01 1.28073978e+00 1.70238042e+00 4.79146779e-01
    8.23725879e-01 1.38784051e-02 -6.37214780e-01 -4.47761118e-01
    -6.76456630e-01 9.89522934e-01 1.74142480e-01 9.00341034e-01
    1.51514924e+00 -4.43929553e-01 -3.98955196e-01 9.22394633e-01
    1.39582825e+00 6.22683764e-02 7.36734569e-01 -6.05605841e-02
    1.38820243e+00 -1.83886707e-01 7.89384842e-02 1.00904107e+00
    1.11410975e+00 1.43220484e+00 7.53428519e-01 1.41415071e+00
    -8.30004215e-02 1.62071705e-01 1.48114085e+00 1.55090737e+00
    1.20907497e+00 9.54157710e-01 1.22854698e+00 1.17686653e+00
    1.44009542e+00 1.17766750e+00 3.89655113e-01 1.26381993e-01
    -2.56190777e-01 1.52009666e+00 3.68438244e-01 7.64388561e-01
    2.16303945e-01 2.32800961e-01 5.87741017e-01 1.71514344e+00
    1.65173030e+00 3.96506548e-01 2.23979354e-02 1.07235312e+00
    7.89960027e-01 -3.42339814e-01 -5.50957918e-01 8.13931048e-01
    1.71741652e+00 1.50863767e+00 -4.89212275e-02 3.55801582e-01
    7.62512803e-01 -2.01975107e-01 5.52204549e-01 5.72368145e-01
    9.88631666e-01 -5.61258793e-01 1.01400709e+00 -2.87765115e-01
    5.00547051e-01 1.01927757e+00 7.87308574e-01 1.62632465e-02
    1.68153048e-01 1.47502351e+00 -6.89729035e-01 5.39009511e-01
    1.54523945e+00 -3.32820863e-01 6.32033765e-01 -6.59926653e-01
    -2.88354576e-01 1.55605006e+00 1.43131042e+00 6.24212861e-01
    8.85700107e-01 1.75428653e+00 1.95107460e-02 3.03197801e-01
    4.65792418e-03 -7.06803858e-01 1.74340606e-01 -3.45028132e-01
    1.06138635e+00 1.08600307e+00 3.50802600e-01 4.72905457e-01
    3.71230602e-01 2.59091318e-01 -2.70464301e-01 7.41827428e-01
    3.90412390e-01 4.67702031e-01 -2.52647758e-01 2.86097556e-01
    -4.11007106e-02 1.21936798e+00 9.47411895e-01 5.28381467e-01
    9.85544205e-01 5.65721512e-01 3.05857897e-01 1.03788757e+00
    3.88538897e-01 1.04569197e-02 1.25834262e+00 3.50754976e-01
    -5.00380158e-01 1.71131408e+00 -5.70965767e-01 9.89748955e-01
    2.78439641e-01 2.90510416e-01 9.33575332e-01 -3.63110721e-01
    -3.27066988e-01 -1.34854615e-01 3.32517684e-01 2.69617796e-01
    4.99547303e-01 1.25493145e+00 9.14686143e-01 1.04241228e+00
    7.57310629e-01 4.51354742e-01 -9.81048942e-02 -4.87081051e-01
    2.88481653e-01 1.30681038e+00 5.88556707e-01 7.25106955e-01
    4.55595016e-01 1.59477472e+00 -5.37843049e-01 1.50978351e+00
    1.42169833e+00 1.44800889e+00 1.02016306e+00 1.17789173e+00
    8.59925270e-01 9.09637928e-01 7.38196015e-01 9.02497947e-01
    9.86441910e-01 -6.60333633e-02 1.19495332e+00 1.18142307e-01
    4.78870332e-01 1.33972883e+00 -2.93844610e-01 1.00664210e+00
    2.96526194e-01 5.89564919e-01 1.41482127e+00 -6.99261725e-01
    -5.17043591e-01 -2.65392333e-01 -4.49903607e-02 -3.61184090e-01
    7.20396996e-01 1.38190579e+00 -7.07160771e-01 1.57178450e+00
    9.70332086e-01 2.64106154e-01 1.95379257e-02 5.81466854e-01
    1.01567519e+00 6.54241085e-01 -6.16250396e-01 5.23196459e-01
    1.01828015e+00 1.41491008e+00 -5.20254076e-01 5.65983713e-01
    -6.00141883e-01 1.70951593e+00 2.13315368e-01 1.11555028e+00
    -6.53322577e-01 1.28141737e+00 -2.82420337e-01 2.38074899e-01
    -6.11385643e-01 1.59892440e+00 1.49691176e+00 1.68076873e+00
    2.26267636e-01 -6.27151132e-01 9.82601047e-01 6.56639099e-01
    4.40837145e-01 6.76303685e-01 6.76207662e-01 5.49250543e-01
    -1.06881440e-01 9.07642841e-01 1.23057795e+00 1.55344486e-01
    3.72955203e-02 -7.33174682e-02 1.56366849e+00 -2.40776598e-01
    1.26607406e+00 -3.08514416e-01 5.53166032e-01 -2.86635220e-01
    1.25774443e-01 2.03443587e-01 -4.41791922e-01 2.30516374e-01
    1.25336921e+00 8.68573308e-01 6.80366695e-01 1.71095705e+00
    1.16709137e+00 1.30375648e+00 1.58415580e+00 -2.04997182e-01
    1.95863187e-01 -4.82410342e-01 4.11104083e-01 1.11506343e+00
    -4.60610718e-01 2.32573152e-01 -4.73277271e-01 -2.43173003e-01
    -5.64104319e-01 2.99542010e-01 -2.23515868e-01 1.27163649e+00
    1.31610060e+00 1.70935738e+00 1.55724096e+00 -3.47324252e-01
    5.44328988e-01 5.24477363e-01 1.26006413e+00 1.48197389e+00
    1.83604300e-01 9.07104075e-01 7.36443758e-01 7.34432936e-02
    9.49758470e-01 -4.70909297e-01 1.32011342e+00 1.09445024e+00
    1.50731325e-01 2.68594027e-02 3.90464425e-01 -5.06164789e-01
    7.06305504e-02 9.45688486e-01 -4.64363188e-01 4.45723236e-01
    1.35685182e+00 1.25286996e-01 1.72659469e+00 1.65687776e+00
    -5.97907662e-01 -2.37911105e-01 -6.26154661e-01 1.15042758e+00
    5.32672584e-01 7.50078440e-01 6.08171582e-01 1.59480560e+00
    -7.82535315e-01 4.48200345e-01 1.68297553e+00 -7.42433012e-01
    1.08921623e+00 -5.41014016e-01 5.34049571e-01 1.07014692e+00
    -1.26925945e-01 6.71831250e-01 2.82478929e-02 9.22041297e-01
    5.89174390e-01 -6.56690061e-01 3.30328643e-01 9.48339283e-01
    1.72650599e+00 1.21870363e+00 6.17464781e-02 -4.89608407e-01
    1.55161023e-01 1.04123759e+00 3.60230565e-01 -6.42436743e-01
    1.68958426e+00 -7.26569176e-01 9.54429805e-01 4.68935668e-01
    -2.35154927e-01 4.62437451e-01 8.30690086e-01 6.93133354e-01
    -3.51943254e-01 5.47626376e-01 7.31058180e-01 -7.39402175e-02
    2.61242807e-01 4.49438155e-01 7.61356950e-02 5.02654254e-01
    8.84817481e-01 -3.49706024e-01 2.51049995e-02 1.57339835e+00
    1.71808422e+00 1.13350987e+00 6.20081127e-01 1.73682880e+00
    1.10777330e+00 3.30574930e-01 1.07698262e+00 2.13743865e-01
    -7.09403217e-01 3.80667090e-01 -3.81976277e-01 1.79971147e+00
    -2.97354460e-02 -1.51504219e-01 1.18849945e+00 1.28659081e+00
    1.74838233e+00 1.61431181e+00 3.30828488e-01 1.38374424e+00
    1.17933154e+00 -4.30445462e-01 -3.18159997e-01 1.75173402e+00
    -1.48972332e-01 3.96991313e-01 2.84752488e-01 7.27761328e-01
    1.67146826e+00 1.46699047e+00 -3.16296518e-01 1.02145898e+00
    7.63048053e-01 -4.12827164e-01 9.89660263e-01 1.49520087e+00
    1.18351567e+00 -3.54203254e-01 1.37067080e+00 1.65921116e+00
    5.02670884e-01 1.73293567e+00 1.05964279e+00 1.71353352e+00
    -1.92369550e-01 2.17191994e-01 3.97406161e-01 7.15151846e-01
    -2.75957495e-01 7.48301566e-01 -6.69097662e-01 1.69608939e+00
    1.10787642e+00 9.49086070e-01 1.43144655e+00 1.40322757e+00
    2.31451988e-01 1.37200665e+00 2.44027734e-01 1.06614041e+00
    1.01601577e+00 -2.73807466e-01 1.19216955e+00 1.09553075e+00
    9.27980304e-01 -1.31430149e-01 3.41239750e-01 -7.13686824e-01
    6.39440417e-01 1.03267622e+00 4.00111616e-01 7.51747251e-01
    8.48893642e-01 -5.65233469e-01 -4.60113972e-01 2.54026115e-01
    1.45790291e+00 3.90775502e-01 7.41668403e-01 1.16270185e-01
    5.82087457e-01 1.33141875e-02 1.84626639e-01 1.44319582e+00
    1.37674260e+00 1.38312173e+00 3.72164845e-02 1.39284074e+00
    1.69512308e+00 1.09749877e+00 -6.93284631e-01 5.71955204e-01
    1.39370298e+00 9.34483767e-01 -4.57157999e-01 1.66563916e+00
    1.05765533e+00 7.20503926e-01 -6.86521053e-01 1.44148898e+00
    8.93025637e-01 5.28651476e-02 6.73988879e-01 -1.73615694e-01
    1.13140130e+00 -3.62853199e-01 5.68982422e-01 -7.25495100e-01
    -1.05961621e-01 1.73718321e+00 -1.71861649e-01 -6.47997975e-01
    -5.61722696e-01 -4.69962507e-01 -5.97870708e-01 7.68179893e-01
    -3.40838373e-01 4.26087379e-01 1.86673939e-01 -4.14906830e-01
    1.23031247e+00 -2.77976245e-01 -3.60142410e-01 9.39157069e-01
    -3.48999888e-01 -4.08707857e-01 -6.21774018e-01 1.41950774e+00
    1.40058041e+00 1.70453787e+00 9.26670492e-01 9.17710721e-01
    -7.39952445e-01 1.60189438e+00 1.22855520e+00 1.16456079e+00
    2.09340990e-01 -5.51977456e-01 -3.51002216e-02 3.90853167e-01
    -4.44110930e-01 1.24324179e+00 -4.48406696e-01 1.78139210e-02
    2.46853411e-01 -6.35943890e-01 4.50021625e-02 3.07955742e-02
    8.87965500e-01 9.71265197e-01 -2.17599273e-01 1.70541310e+00
    1.21261811e+00 1.18166327e+00 8.90777588e-01 1.29464030e+00
    -7.49941587e-01 -6.49033785e-01 1.52826285e+00 5.21522164e-02
    5.88762283e-01 1.27569711e+00 4.63597655e-01 5.85642099e-01
    -1.88228607e-01 1.42596745e+00 1.74204862e+00 4.20527279e-01
    8.76898348e-01 -5.97813249e-01 -5.80508530e-01 1.19287968e-01
    1.12956142e+00 1.95704937e-01 9.87866819e-01 7.51747608e-01
    1.27230668e+00 4.69005585e-01 1.40329957e-01 -3.37660879e-01
    4.71117437e-01 1.07497585e+00 -6.76949203e-01 -2.31806487e-01
    5.81165552e-01 2.83414543e-01 1.24025321e+00 -6.62452221e-01
    5.36806226e-01 1.02725387e+00 1.78263974e+00 1.00278270e+00
    1.40828753e+00 1.31721115e+00 1.18377197e+00 1.77654099e+00
    -6.27946675e-01 -7.55510926e-02 -2.01464534e-01 -6.48666084e-01
    1.45298719e-01 1.05020547e+00 1.73449278e+00 3.51964653e-01
    1.15026140e+00 -2.93047309e-01 1.10141098e-01 -3.88167739e-01
    1.41038847e+00 -4.78138566e-01 4.63666916e-01 1.13953114e+00
    -5.68737924e-01 -2.26645947e-01 5.13087034e-01 1.36310256e+00
    1.60410571e+00 -3.36144745e-01 1.50595665e+00 9.75832760e-01
    5.02371371e-01 4.76884842e-01 -8.08207810e-01 1.10234642e+00
    -3.27331483e-01 1.51697230e+00 1.03549504e+00 1.67323184e+00
    1.04881179e+00 4.70097363e-01 1.67092347e+00 3.85635078e-01
    -1.61149025e-01 1.61245632e+00 1.61467552e+00 1.19298232e+00
    -5.97580194e-01 5.14847517e-01 4.94193554e-01 1.04753375e+00
    1.41448355e+00 -2.49774516e-01 -1.18636012e-01 7.67723083e-01
    1.52175426e+00 2.13953018e-01 1.63918185e+00 -6.35867119e-01
    1.54043412e+00 -1.07127011e-01 3.96501720e-01 7.07649767e-01
    1.01046968e+00 1.47203386e-01 1.35708618e+00 4.13012624e-01
    1.01135433e+00 7.45439708e-01 4.04697537e-01 3.08557749e-02
    1.72618687e+00 1.38799167e+00 1.48604310e+00 3.66857111e-01
    -4.54719245e-01 7.97045767e-01 6.93435252e-01 -6.30791068e-01
    -5.90907454e-01 1.56507301e+00 1.04953098e+00 -4.30982322e-01
    1.62846994e+00 -7.02880323e-01 1.32286024e+00 2.51643479e-01
    5.92822433e-02 7.51627684e-02 -2.20056593e-01 1.42458940e+00
    8.30639601e-02 -1.19413674e-01 1.03067243e+00 -5.23459911e-01
    8.53827178e-01 4.75818515e-01 1.76506662e+00 2.84794390e-01
    3.95278931e-02 1.86918259e-01 -2.78806686e-03 1.01131320e+00
    -2.14049637e-01 1.34602284e+00 7.60670006e-02 1.03982019e+00
    1.81572944e-01 5.73577523e-01 1.16047680e-01 1.31624818e+00
    1.12903345e+00 9.91723299e-01 7.07746625e-01 -6.07291460e-01
    1.19776273e+00 2.52854347e-01 1.49639666e+00 -7.12655663e-01
    9.34231937e-01 5.96068382e-01 2.13916421e-01 -3.81776690e-02
    1.33347142e+00 3.56417298e-01 1.73866677e+00 -7.01650918e-01
    -2.27414310e-01 8.71650815e-01 1.04945397e+00 5.82363367e-01
    1.07436597e+00 1.27519965e+00 1.72437227e+00 -2.90994942e-01
    -4.91428018e-01 1.39553070e+00 -4.25467163e-01 8.32025707e-01
    7.07881093e-01 1.72735691e-01 1.67154086e+00 1.57307422e+00
    1.48956633e+00 8.18972349e-01 4.67431128e-01 -2.94738203e-01
    -3.53350580e-01 -5.40116549e-01 1.19390512e+00 7.65294433e-02
    3.53488207e-01 1.60770273e+00 8.54100049e-01 -3.35265934e-01
    -3.05506617e-01 1.18176532e+00 3.93108189e-01 1.52169216e+00
    1.27526927e+00 -3.84351552e-01 -5.78638077e-01 -2.70328641e-01
    1.68543363e+00 8.24338198e-03 1.21342492e+00 2.13685095e-01
    -4.79802310e-01 1.39191365e+00 4.43485081e-01 1.19606900e+00
    -5.90414643e-01 7.39913762e-01 1.71850300e+00 -5.09849548e-01
    7.88213015e-01 1.70490217e+00 1.23966646e+00 -6.35239244e-01
    -6.58712864e-01 1.38096631e+00 2.36186147e-01 7.46460378e-01
    2.71397889e-01 1.51614189e+00 1.40544653e+00 -4.06993955e-01
    1.56056619e+00 1.42031956e+00 1.01168227e+00 1.54453540e+00
    6.03243053e-01 4.22636449e-01 8.17245007e-01 7.04123557e-01
    -3.62535715e-02 8.99041295e-01 9.20379579e-01 1.17757416e+00
    1.28931379e+00 -5.16401887e-01 1.60895920e+00 1.11012065e+00
    8.66787314e-01 1.67665243e+00 1.65504384e+00 5.46756923e-01
    2.71077037e-01 -5.64552188e-01 1.19654799e+00 1.47953212e+00
    7.80599535e-01 -6.60804927e-01 6.98637366e-01 4.53059077e-01
    1.45600080e+00 6.38561845e-02 8.96490276e-01 -1.27569914e-01
    1.47727537e+00 2.99087822e-01 1.67270374e+00 6.27056479e-01
    -4.27316338e-01 2.16368794e-01 -6.68661416e-01 -5.73084652e-01
    1.23689032e+00 3.34168971e-01 4.68175828e-01 2.50921547e-01
    7.22871780e-01 3.17693591e-01 1.52796388e-01 1.74367261e+00
    -3.85201782e-01 -3.99360031e-01 -6.99469268e-01 -6.57315314e-01
    6.44884348e-01 8.30846429e-01 -2.52628326e-03 1.60325599e+00
    1.39603591e+00 1.18511391e+00 -1.53691113e-01 2.12737322e-01
    9.94707525e-01 2.84177363e-01 8.93189847e-01 7.06768155e-01
    -1.24387085e-01 1.11046612e-01 -6.19841218e-01 3.37508202e-01
    1.77258837e+00 6.31302297e-01 3.57120633e-01 -4.79913116e-01
    1.32784784e+00 -1.12207353e-01 1.14749217e+00 -1.81038439e-01
    -4.05061185e-01 -2.39666343e-01 9.01606500e-01 8.56140792e-01
    1.40852118e+00 7.11959541e-01 4.44063187e-01 -5.31126499e-01
    6.17208004e-01 -5.12987614e-01 1.48723841e+00 -4.81957495e-01
    2.26325393e-02 6.57918215e-01 -5.82561493e-01 1.18634176e+00
    8.81049573e-01 1.66316390e+00 6.77172601e-01 -3.84849995e-01
    1.02045286e+00 1.51192880e+00 -9.11985040e-02 4.93277609e-01
    5.37380695e-01 -3.14668328e-01 -1.31792307e-01 -7.16305733e-01
    3.18725348e-01 9.01917815e-02 1.55815649e+00 1.37151456e+00
    -6.49518669e-01 1.66569781e+00 4.04912829e-02 1.06656551e-02
    1.08663428e+00 -3.54403168e-01 -7.59005427e-01 -6.43763661e-01
    -1.19816184e-01 -2.77721286e-01 1.33330178e+00 1.11302519e+00
    -2.90388465e-02 -8.29165578e-02 1.45985448e+00 5.14577508e-01
    1.58776283e-01 -5.26728392e-01 -3.13395381e-01 -1.23448312e-01
    4.24233437e-01 5.85305870e-01 1.37738037e+00 -3.69192421e-01
    -2.72964269e-01 1.29356503e-01 -3.67856830e-01 6.73028886e-01
    -1.74316108e-01 1.38157737e+00 7.79594302e-01 1.02082324e+00
    4.48766887e-01 3.66494417e-01 1.42282987e+00 1.08992994e-01
    1.62887812e+00 -6.02527022e-01 9.27561462e-01 -3.00141096e-01
    -5.45093775e-01 4.80720222e-01 1.42883921e+00 1.70425403e+00
    4.98104095e-03 1.39016318e+00 -3.12235117e-01 6.18066549e-01
    1.19869947e+00 -1.81520760e-01 1.27049518e+00 1.70453107e+00
    1.68225586e-01 1.00667715e+00 1.50234699e+00 1.28095675e+00
    2.24098861e-01 5.39783418e-01 -5.23113787e-01 -1.25393867e-02
    1.51612949e+00 1.67898655e+00 1.39972329e-01 1.13727391e+00
    1.32618237e+00 1.17074907e-01 5.05491614e-01 1.24661732e+00
    -1.81116462e-02 -9.90244746e-03 1.06222379e+00 3.72005105e-01
    8.78651023e-01 9.99979377e-01 6.57563627e-01 -3.40946436e-01
    1.50573087e+00 -1.22478068e-01 3.20121765e-01 9.34183240e-01
    1.47285080e+00 -8.96799564e-03 8.64149153e-01 -2.68703967e-01
    9.00387526e-01 3.55904222e-01 4.05412495e-01 1.31291032e+00
    9.90396261e-01 1.59723163e+00 7.35278130e-01 1.27587247e+00
    1.75086951e+00 1.42899513e+00 9.44946706e-01 4.73694146e-01
    3.21396172e-01 5.36575377e-01 -3.87735724e-01 1.45704508e+00
    3.50454986e-01 1.74290085e+00 9.35178578e-01 1.57909453e+00
    -3.90509993e-01 3.62916529e-01 6.11037254e-01 1.58129108e+00
    -7.08017409e-01 1.13983607e+00 6.52624428e-01 -6.36791170e-01
    1.41745734e+00 -1.99459732e-01 -7.26281941e-01 6.48397028e-01
    1.44130850e+00 -1.95364714e-01 -3.43883872e-01 1.58002949e+00
    -4.94804502e-01 -6.06706142e-02 5.21465659e-01 -7.56567001e-01
    8.62177789e-01 1.52319598e+00 7.98491120e-01 1.47492266e+00
    1.16579127e+00 1.10876954e+00 1.08359027e+00 3.67617309e-01
    -4.18583006e-01 1.24765110e+00 3.85180414e-01 1.14341474e+00
    3.36962342e-01 8.50200534e-01 -6.30447388e-01 -2.32526481e-01
    -6.68223679e-01 5.12252629e-01 9.38853204e-01 5.21909595e-01
    1.35781670e+00 -2.11613953e-01 -1.12441838e-01 1.02075934e+00
    1.85600519e-02 3.01060021e-01 1.57827377e+00 1.19509876e-01
    -1.82796001e-01 -4.44370151e-01 1.45476580e+00 5.45832694e-01
    4.90362883e-01 -3.73809010e-01 7.71240115e-01 -9.93089676e-02
    1.16869903e+00 1.56899035e+00 8.95586431e-01 1.02372646e+00
    2.22404122e-01 -3.33896190e-01 -8.41724277e-02 1.65743828e+00
    1.62133169e+00 1.67383647e+00 1.06943297e+00 6.06393218e-02
    -2.68792719e-01 7.11129129e-01 3.40276957e-03 1.05149794e+00
    4.37036812e-01 7.34622478e-02 1.97419286e-01 6.86083138e-01
    3.91103148e-01 -3.29785198e-01 8.50586891e-01 1.42316723e+00
    -4.59149271e-01 1.15386128e-01 1.69046879e+00 -6.72566652e-01
    1.32563555e+00 -5.69123864e-01 4.80296433e-01 -5.54925621e-01
    1.13047528e+00 1.70837140e+00 6.71872199e-01 1.28823233e+00
    1.44890308e+00 -2.61005759e-02 -1.45404756e-01 1.18761361e-01
    2.96309054e-01 6.66427612e-03 5.41981518e-01 -4.36995268e-01
    5.28702974e-01 9.43696618e-01 6.59827828e-01 2.79868722e-01
    8.53333354e-01 1.27011037e+00 -2.86393523e-01 1.32750571e-01
    1.13897538e+00 1.79524302e-01 9.64504302e-01 -3.15445274e-01
    1.45505404e+00 1.19786143e+00 -1.89716518e-01 1.60096574e+00
    -2.33721316e-01 1.50220692e-01 -3.96800041e-02 1.60420680e+00
    3.59156668e-01 -4.86216813e-01 -8.14898610e-02 -3.15858543e-01
    3.01652789e-01 3.88766229e-01 -4.41099912e-01 1.50914931e+00
    -5.44036746e-01 1.09680951e+00 1.49280679e+00 4.23427403e-01
    -2.77576119e-01 -6.99972272e-01 -2.60899007e-01 1.30034447e+00
    1.24091578e+00 -7.26631045e-01 6.21459663e-01 9.59878623e-01
    7.09945023e-01 1.66267276e+00 4.96155679e-01 1.45666933e+00
    -7.64757395e-03 9.70434248e-01 1.70022929e+00 6.90622747e-01
    1.62784708e+00 6.69568658e-01 3.55427623e-01 1.31008697e+00
    8.25331390e-01 7.83816576e-01 1.40497863e+00 1.74580097e-01
    1.55681276e+00 -4.93664622e-01 2.16934025e-01 -7.06065953e-01
    1.10163569e+00 6.35791004e-01 1.43732190e+00 1.08015442e+00
    2.97305942e-01 -4.53595817e-01 -5.44911504e-01 1.63079107e+00
    3.95416856e-01 5.36320806e-01 7.03629255e-02 6.76623404e-01
    1.27800608e+00 1.43188536e-01 -3.16065192e-01 3.39366972e-01
    7.44770169e-02 -2.75523931e-01 2.71551013e-02 -4.72656906e-01
    1.75251651e+00 8.71024489e-01 9.84036922e-02 7.74233043e-01
    -3.04661930e-01 -4.89682078e-01 1.54018497e+00 1.00329471e+00
    4.60591257e-01 1.23624456e+00 2.65143573e-01 -7.12781787e-01
    -5.33636928e-01 1.48737144e+00 3.41750860e-01 4.00548995e-01
    9.71940160e-01 8.33935976e-01 1.12289023e+00 -4.61033672e-01
    5.92083454e-01 1.60931754e+00 1.32493949e+00 -5.91859162e-01
    8.05393636e-01 1.11929870e+00 1.35896659e+00 -4.49495852e-01
    9.43058670e-01 -2.39549160e-01 1.16446602e+00 1.69840121e+00
    9.52473998e-01 -4.59820628e-01 -1.84139937e-01 7.65860021e-01
    1.19689405e+00 1.46414137e+00 1.71488059e+00 1.01522255e+00
    1.28340364e-01 7.79209971e-01 4.89332855e-01 1.42732227e+00
    6.24535501e-01 -3.73153687e-01 6.99615180e-01 1.76881194e-01
    -1.58552647e-01 4.77427840e-01 -4.97763157e-01 4.69801843e-01
    8.01893651e-01 1.72460663e+00 -2.90849686e-01 -1.18464172e-01
    -6.42232180e-01 -5.44625878e-01 -1.20648503e-01 1.10955620e+00
    -1.88330114e-01 3.13533068e-01 1.28221118e+00 -4.30074930e-01
    -3.16932112e-01 1.32957828e+00 -5.93793392e-02 1.44804764e+00
    6.54285312e-01 8.24238777e-01 8.76640081e-01 1.29815817e-01
    -1.38535678e-01 1.25241637e-01 7.22315669e-01 1.61198115e+00
    1.40872061e-01 -7.48446107e-01 5.09699583e-02 4.52483058e-01
    -6.98503792e-01 -2.35325038e-01 9.28996801e-02 -3.93818676e-01
    1.55854785e+00 1.63902903e+00 6.57336533e-01 -1.85565174e-01
    1.30204988e+00 4.93863881e-01 1.04194593e+00 -1.00563765e-01
    -5.25225163e-01 1.31796002e+00 -2.22237825e-01 1.11998868e+00
    -2.29427040e-01 2.99566329e-01 -3.14181447e-01 7.46349692e-01
    -9.48578119e-02 5.15958369e-01 1.64279962e+00 4.80073988e-01
    1.15010130e+00 -3.54485720e-01 1.31380773e+00 -5.70703506e-01
    -2.62611091e-01 -6.53484225e-01 1.53810334e+00 8.93210113e-01
    1.40143585e+00 1.73632383e+00 -5.49832225e-01 5.82579851e-01
    -5.17265320e-01 1.56155384e+00 -4.44635928e-01 -6.86778069e-01
    1.25175714e+00 6.64779723e-01 2.52171695e-01 5.58754563e-01
    5.70967793e-02 1.08826303e+00 4.06204462e-01 -6.90789044e-01
    -1.10613108e-01 2.64909685e-01 1.61747682e+00 -5.57134986e-01
    -2.60220468e-01 4.10251856e-01 8.17707658e-01 -1.44079089e-01
    7.22565413e-01 1.70963180e+00 -1.08660758e-01 1.57594359e+00
    1.18376446e+00 -1.37919843e-01 1.03158355e-02 4.47953939e-02
    1.73957586e+00 1.34255874e+00 6.30839407e-01 9.50147033e-01
    1.73981273e+00 2.97613919e-01 5.42154372e-01 -6.75189972e-01
    1.74305487e+00 1.19159496e+00 -3.10649574e-01 1.17954671e-01
    -9.72371101e-02 4.17674720e-01 -4.11134809e-01 -8.03442597e-02
    -6.24673247e-01 2.17736125e-01 6.03342414e-01 7.81720638e-01
    1.39043689e+00 1.56442606e+00 -8.82400274e-02 -2.97553390e-01
    -2.22528100e-01 -1.84141934e-01 1.24941993e+00 -5.70977807e-01
    -5.20818353e-01 -9.14309621e-02 -5.21150649e-01 1.34006917e+00
    -2.99123287e-01 1.58379674e+00 1.22169065e+00 1.01158166e+00
    4.96152937e-01 3.21375847e-01 -2.12238550e-01 7.44824290e-01
    -7.41878271e-01 -6.86451793e-01 -5.79183459e-01 -1.05602741e-02
    -5.68991184e-01 -2.98255086e-02 3.54722559e-01 -6.76561415e-01
    1.30293965e-02 1.03020704e+00 -2.90070623e-01 9.73307490e-01
    -3.43934923e-01 1.45232975e+00 -1.42734230e-01 7.33691454e-01
    1.45261133e+00 4.31539059e-01 1.75728488e+00 8.69350910e-01
    -4.29306537e-01 9.88969803e-02 -2.36284703e-01 2.09799826e-01
    -5.15695333e-01 -6.11533523e-01 2.60527849e-01 -3.13992560e-01
    1.47904992e+00 1.30808711e-01 9.48515534e-02 7.94625819e-01
    -6.12482667e-01 2.56478369e-01 1.09401584e+00 4.69452441e-01
    -6.32155538e-02 1.06315863e+00 -5.92663586e-01 1.46614194e+00
    5.17875671e-01 1.27347922e+00 -1.92396820e-01 1.69992375e+00
    1.56634712e+00 1.09416223e+00 -1.77284539e-01 -3.55165541e-01
    4.77748811e-01 6.34112000e-01 4.78828728e-01 -3.75487030e-01
    1.20977068e+00 -7.60046482e-01 -2.71996975e-01 1.04329956e+00
    3.89366925e-01 -1.02710068e-01 -4.65503126e-01 4.53585446e-01
    1.33511329e+00 5.40408492e-01 1.13802373e-01 -6.09952927e-01
    6.84186280e-01 7.07907856e-01 1.02136183e+00 -1.35542691e-01
    3.16790462e-01 -6.66667223e-01 -5.76248169e-01 2.50696778e-01
    -2.61143178e-01 8.18963289e-01 -1.52974606e-01 2.22598195e-01
    1.36915982e+00 -1.27907455e-01 -6.38109148e-01 1.75567365e+00
    -7.09680557e-01 2.29733765e-01 5.22916973e-01 1.57585168e+00
    4.59910393e-01 3.65979433e-01 -1.55104995e-02 -5.98612785e-01
    -6.92799926e-01 1.42671633e+00 1.06977487e+00 6.91411853e-01
    -2.34794796e-01 -1.36081636e-01 -7.17435300e-01 -5.91635704e-04
    -3.02630067e-02 9.40073490e-01 -4.26662803e-01 1.70337319e-01
    -2.06331253e-01 -3.30064982e-01 1.35626268e+00 6.07149661e-01
    -4.22594160e-01 1.05682182e+00 -5.26778877e-01 8.66407096e-01
    1.11638832e+00 1.64787507e+00 1.13806438e+00 -2.78885365e-01
    3.31034869e-01 -7.43123293e-02 6.30647302e-01 -5.74723184e-02
    9.51047063e-01 4.38148797e-01 8.55471492e-02 8.35990429e-01
    -5.29365659e-01 7.66910076e-01 -6.49566591e-01 6.85256720e-03
    1.16157198e+00 1.53347802e+00 -2.02896357e-01 1.30765152e+00
    1.22602940e+00 1.62794328e+00 -5.89923263e-02 6.92606211e-01
    -1.85548067e-02 1.06942415e+00 4.31827307e-01 1.07870150e+00
    9.62813497e-01 -3.24646622e-01 -6.95481420e-01 3.78817320e-03
    -6.64502203e-01 1.08631015e+00 -3.58164310e-02 -2.58607864e-01
    1.17357373e+00 -3.47505420e-01 1.00722563e+00 -1.07563257e-01
    9.73900557e-01 1.08919072e+00 1.86836660e-01 5.90433478e-01
    2.74296105e-01 6.36946499e-01 1.32789755e+00 2.75213122e-02
    1.10351872e+00 8.51471186e-01 1.45087600e+00 -4.89258111e-01
    1.20752430e+00 5.12718558e-01 9.24858749e-01 1.92032099e-01
    1.72954333e+00 1.41996908e+00 1.22872353e-01 1.32301116e+00
    5.79832673e-01 -5.62952518e-01 1.03777838e+00 1.09906399e+00
    3.99500132e-02 -5.11670291e-01 1.70274198e-01 -4.74552125e-01
    1.15267086e+00 2.01934457e-01 3.19549143e-01 1.00888872e+00
    -6.44317985e-01 1.38332772e+00 -1.89233541e-01 1.30305743e+00
    2.64016807e-01 1.66928124e+00 -3.90462875e-02 4.53319311e-01
    1.77897573e-01 6.78364277e-01 9.44776416e-01 -2.48728991e-01
    5.38424551e-01 2.63177156e-02 6.43565655e-01 1.05242467e+00
    8.81393552e-01 5.54356039e-01 1.50605154e+00 -4.27531600e-02
    -6.10426009e-01 8.45116675e-01 -6.11775517e-01 7.61349440e-01
    -2.85666734e-01 -1.83773637e-01 1.20051706e+00 5.72324753e-01
    1.50755835e+00 -8.92132521e-02 3.16394091e-01 1.44731057e+00
    -5.63000917e-01 1.08545160e+00 -7.23735034e-01 -8.83626938e-03
    1.57548916e+00 -1.16330087e-01 -4.19336885e-01 1.37438488e+00
    1.71044135e+00 1.29785728e+00 -1.27281547e-02 4.36429381e-01
    -5.08006394e-01 7.54200399e-01 1.71203542e+00 4.61133420e-01
    4.81759310e-01 5.01271188e-01 8.56897175e-01 -5.04652262e-02
    -8.30864310e-02 1.36544538e+00 -2.50441372e-01 3.02470028e-01
    8.65227342e-01 1.40169799e-01 1.42874217e+00 5.18878818e-01
    6.96682751e-01 1.29167414e+00 -5.02645373e-02 -3.74898851e-01
    8.66686761e-01 -2.35792696e-01 8.44446480e-01 -2.80017257e-02
    -2.14834630e-01 1.06259847e+00 1.23728096e+00 9.03155565e-01
    6.83167338e-01 -6.25444651e-02 1.63638210e+00 -2.73512334e-01
    -7.01365113e-01 -3.33405137e-02 -1.49761915e-01 3.70666325e-01
    -3.28561008e-01 -2.85381854e-01 7.42467403e-01 1.28764343e+00
    -4.13770437e-01 2.39730597e-01 1.16324043e+00 1.71108460e+00
    -3.78795445e-01 3.12224805e-01 -6.81756794e-01 3.59085083e-01
    -1.41216815e-01 1.36732078e+00 -2.10336804e-01 -5.40004969e-02
    9.41621840e-01 -1.84122264e-01 -7.66096711e-02 1.02349627e+00
    1.20182943e+00 1.31739998e+00 -6.10476017e-01 -6.09829724e-01
    4.17992592e-01 1.13110483e-01 1.68007851e-01 3.40836048e-02
    -6.66306973e-01 1.13701057e+00 5.94289303e-01 9.37587082e-01
    1.20896959e+00 1.69035137e-01 -3.55179518e-01 -1.12388432e-01
    1.48832846e+00 -4.09015238e-01 6.47113502e-01 5.59821010e-01
    1.72451925e+00 5.70852101e-01 -6.32630348e-01 1.66988659e+00
    1.70649552e+00 -1.49893463e-01 1.56591082e+00 8.74473870e-01
    7.10919976e-01 9.43881869e-02 -6.92600667e-01 -5.49933910e-02
    -4.97509837e-01 5.54725587e-01 3.15634727e-01 9.83891428e-01
    -3.58255148e-01 1.33383656e+00 1.68133080e-01 1.24722421e+00
    7.69364119e-01 1.40132999e+00 -6.73100114e-01 1.59107304e+00
    1.24781394e+00 3.32875252e-01 -5.86919248e-01 1.22247601e+00
    -3.33393544e-01 1.99554265e-01 -2.82636076e-01 9.97240782e-01
    -1.52329803e-01 -5.28462708e-01 -3.39887083e-01 7.73715734e-01
    -3.36483538e-01 7.99542129e-01 -5.44590890e-01 7.35639572e-01
    1.05038691e+00 1.10750914e+00 -3.46601963e-01 1.09379792e+00
    1.26136637e+00 1.00111604e+00 2.55740702e-01 -3.80153149e-01
    1.02644610e+00 -6.97041988e-01 -5.65330386e-01 6.98746085e-01
    -2.50450969e-02 1.42765474e+00 4.25981522e-01 1.81515753e-01
    1.17003560e+00 3.63317490e-01 8.33052576e-01 8.69433582e-01
    1.72454977e+00 8.45857382e-01 1.61143041e+00 1.02614307e+00
    1.08362412e+00 1.51696372e+00 3.17679405e-01 1.18962622e+00
    2.66943961e-01 6.80179656e-01 7.26163447e-01 1.80569386e+00
    -3.89917910e-01 5.75529516e-01 1.99638605e-01 2.79580951e-01
    9.58471298e-01 3.98052394e-01 1.39901042e-02 -5.78356981e-01
    -1.01367235e-02 -1.28646731e-01 1.48331583e+00 3.71419609e-01
    -2.75570214e-01 1.67417824e-01 -7.19127238e-01 -2.53982127e-01
    1.36537158e+00 1.61834025e+00 2.73441792e-01 6.45279884e-03
    1.48563063e+00 8.77043784e-01 -2.13018060e-01 -2.41730750e-01
    -2.27510631e-01 1.39791727e+00 1.54881358e-01 1.24552178e+00
    -5.92256069e-01 1.52976000e+00 1.73891783e-01 -7.55764127e-01
    6.34526074e-01 6.42401338e-01 1.64897156e+00 1.58711231e+00
    -6.07570171e-01 -5.82778454e-01 -3.05310905e-01 9.37064648e-01
    -2.45370984e-01 -3.43299210e-01 -6.60918891e-01 6.86407983e-01
    1.15311551e+00 -3.53937745e-01 5.76212823e-01 1.09344125e+00
    3.84949148e-01 5.11837244e-01 1.47435594e+00 8.75592351e-01
    -7.37116694e-01 1.06092596e+00 1.49769032e+00 1.10858202e+00
    5.78673959e-01 1.01068330e+00 8.48582804e-01 8.63458037e-01
    1.43748164e+00 -4.01595145e-01 -3.77322495e-01 1.28778517e-01
    8.35512936e-01 -4.62602437e-01 -7.09534407e-01 1.59668684e+00
    8.49114716e-01 1.00515521e+00 1.24413621e+00 -3.37079763e-01
    1.39048696e-01 1.29680777e+00 -8.73114467e-02 -6.06245220e-01
    6.14603400e-01 -5.38050532e-02 1.66649127e+00 9.95903850e-01
    1.47919834e-01 3.01070392e-01 1.05298924e+00 -1.01409435e-01
    -6.30296111e-01 8.33269298e-01 5.02310336e-01 1.19385850e+00
    9.91185188e-01 -2.82402098e-01 -3.01759452e-01 -1.80455446e-02
    1.73479891e+00 3.64815056e-01 4.55511212e-02 -3.53103548e-01
    1.34822321e+00 -5.69915771e-01 1.27466798e+00 7.11262882e-01
    1.32341480e+00 1.17390275e+00 1.51651144e-01 6.15203381e-03
    8.26750755e-01 1.10308421e+00 -9.96624827e-02 1.58209598e+00
    7.05131590e-01 1.43600011e+00 5.84055603e-01 1.47069621e+00
    -6.93014979e-01 -2.95673698e-01 8.22686017e-01 8.63441348e-01
    8.70043993e-01 1.22041023e+00 8.68958592e-01 -4.32997763e-01
    -5.18743873e-01 7.27792799e-01 -4.63063687e-01 -6.83694482e-02
    -6.41388118e-01 1.22921062e+00 3.94905865e-01 6.85810149e-01
    1.33560777e+00 1.26919234e+00 -6.95868492e-01 7.54078567e-01
    -5.78031480e-01 9.95186746e-01 -2.18092740e-01 1.36149549e+00
    -6.76261127e-01 -4.41236317e-01 1.52467728e-01 2.16500342e-01
    8.64217699e-01 -6.55442357e-01 -4.27930236e-01 1.30714846e+00
    1.32998657e+00 -2.99694330e-01 -5.69732904e-01 1.50171423e+00
    6.30782962e-01 1.33514106e+00 -3.89979303e-01 1.22270656e+00
    1.26426697e+00 -1.99653804e-01 2.68980861e-01 1.36139679e+00
    9.57833409e-01 7.12336063e-01 -2.14903951e-02 9.25793648e-02
    1.65660441e+00 1.63503337e+00 -3.35828602e-01 1.71421909e+00
    4.51905787e-01 9.54712033e-02 1.58412051e+00 3.69837403e-01
    1.38545489e+00 5.22054791e-01 -5.42213440e-01 9.97933269e-01
    1.38430381e+00 8.93031597e-01 1.42450118e+00 6.68276966e-01
    5.27983427e-01 -1.19739175e-01 1.59545159e+00 1.44291639e-01
    1.42549264e+00 7.70197034e-01 -1.79124117e-01 2.86849201e-01
    8.28072369e-01 3.09118032e-01 9.73992586e-01 -7.04699278e-01
    8.34589839e-01 1.31507111e+00 4.09377933e-01 -7.67243743e-01
    9.13150966e-01 1.59415877e+00 1.47965312e+00 2.71360040e-01
    1.48196399e+00 1.13213658e-02 3.25277209e-01 -2.96187401e-02
    -2.32031763e-01 1.65184557e+00 1.09800720e+00 7.17179418e-01
    1.36514282e+00 -2.99040765e-01 1.12712407e+00 -7.23498940e-01
    7.59150624e-01 1.25128114e+00 1.02605271e+00 9.23899949e-01
    1.47118187e+00 -3.65374595e-01 7.93681741e-01 -6.60713375e-01
    -6.65538311e-01 5.39698005e-01 1.36731720e+00 -5.85974395e-01
    1.23451066e+00 -2.80149370e-01 -4.36837077e-02 3.05789590e-01
    -2.64049590e-01 1.14974928e+00 9.26151276e-01 1.63648379e+00
    8.44451845e-01 -7.07373977e-01 1.39462066e+00 7.49706626e-01
    1.42485762e+00 8.78988624e-01 8.35030675e-02 -4.85782623e-01
    -5.99657655e-01 1.31224930e+00 -6.70462489e-01 1.32670617e+00
    1.28577244e+00 1.17712617e-02 -5.92871726e-01 3.82130980e-01
    -1.84375167e-01 1.33427572e+00 1.84292674e-01 5.88640571e-02
    -1.43826574e-01 1.00198126e+00 1.10005975e+00 1.75769019e+00
    1.20354617e+00 6.97438598e-01 -4.11104560e-02 1.68858945e+00
    9.43605781e-01 4.92927253e-01 6.14941239e-01 1.39186943e+00
    8.89145970e-01 1.61635900e+00 -6.15254760e-01 3.62841904e-01
    -2.79474765e-01 2.48442948e-01 -3.57887655e-01 1.52461410e+00
    -5.60072005e-01 1.45447767e+00 1.22021425e+00 -3.44445616e-01
    8.71697664e-02 -2.11921394e-01 1.23265982e+00 3.08380067e-01
    -2.01307476e-01 -3.28735322e-01 1.47298336e+00 1.58567584e+00
    8.18035483e-01 9.17686641e-01 1.36714232e+00 5.52955151e-01
    8.18370998e-01 -4.52906460e-01 1.21759212e+00 -6.41719460e-01
    3.48835588e-02 -3.13200116e-01 -2.72195548e-01 9.40304399e-01
    1.66255033e+00 7.76351094e-02 4.79572415e-01 2.29758382e-01
    8.41476321e-02 5.73514342e-01 1.74413097e+00 3.49450707e-02
    1.01197839e-01 -1.85930729e-02 7.70080030e-01 8.51512253e-01
    8.59183371e-01 -3.88234973e-01 1.96164787e-01 -2.88920760e-01
    1.49819374e+00 8.74825120e-01 9.65189457e-01 -6.67206228e-01
    6.37096107e-01 -3.01039547e-01 -6.26088202e-01 5.47648013e-01
    5.53276896e-01 6.49425447e-01 8.55345428e-01 1.09884095e+00
    1.12014961e+00 1.07396579e+00 -5.11806488e-01 -5.85419536e-02
    9.11520183e-01 1.19680810e+00 -5.38171470e-01 5.68023205e-01
    -6.28943264e-01 -2.69503593e-01 1.26726270e+00 1.21886158e+00
    -5.51768839e-01 8.50293159e-01 -5.14289141e-02 -2.80790925e-02
    2.05661476e-01 9.33612347e-01 3.30856442e-02 7.69657910e-01
    -1.26457214e-01 8.38867843e-01 5.47131121e-01 1.48388052e+00
    1.27683020e+00 -7.31796205e-01 -4.56400454e-01 1.07930660e-01
    1.27408791e+00 -4.26712841e-01 1.17280483e-02 -7.16036081e-01
    4.43476140e-01 1.62743628e+00 -4.54409122e-01 -3.64669025e-01
    -9.24404860e-02 -6.50090218e-01 6.89839363e-01 -6.03725016e-01
    1.18582273e+00 1.28684688e+00 -3.15254718e-01 4.60119963e-01
    -2.38711178e-01 3.64048958e-01 6.22506857e-01 -1.89511180e-02
    7.12854862e-01 1.64939642e+00 1.03786397e+00 1.53148150e+00
    1.24522877e+00 7.88657188e-01 4.03414845e-01 5.51721871e-01
    5.54709733e-01 5.47591031e-01 1.77184582e+00 -6.06789768e-01
    1.48119164e+00 -4.42225158e-01 -5.42496979e-01 1.07417083e+00
    1.08063841e+00 -6.37162328e-02 -6.41004026e-01 1.32233500e+00
    1.57575393e+00 -5.53183019e-01 2.65174091e-01 -7.08135903e-01
    4.73591566e-01 -2.31666386e-01 1.30197382e+00 1.42642677e-01
    1.27975225e+00 8.41206312e-03 1.57168651e+00 5.85614443e-01
    1.06136394e+00 -5.66711903e-01 -4.71550643e-01 -5.01534224e-01
    4.65648532e-01 1.53550148e+00 9.12234008e-01 1.16483927e+00
    3.99418890e-01 -1.22270346e-01 1.53393149e-01 -5.10156155e-04
    -1.06668949e-01 -5.62023759e-01 8.94294143e-01 1.52741981e+00
    1.53753567e+00 1.26148891e+00 1.57021523e+00 8.36587906e-01
    7.38044798e-01 -4.90046918e-01 1.37278128e+00 1.55565596e+00
    1.12643456e+00 1.56405926e+00 1.36939228e+00 9.38755274e-01
    7.35342503e-03 1.01600885e+00 1.70861411e+00 9.83882904e-01
    1.42353845e+00 -6.45292997e-01 7.61973321e-01 -5.29177904e-01
    1.02191925e+00 1.20584273e+00 1.07269311e+00 1.38166666e+00
    -2.89119542e-01 -6.58795834e-02 -5.27701974e-01 7.59711206e-01
    1.32289875e+00 -2.66530931e-01 -6.37837350e-01 6.48366809e-01
    1.57085478e-01 1.23182464e+00 4.89639699e-01 1.23154855e+00
    3.09851468e-01 1.30316687e+00 1.15270352e+00 -1.53882384e-01
    1.15129018e+00 4.62086797e-01 -1.23736203e-01 1.49228477e+00
    4.29285288e-01 3.66374850e-01 5.28595626e-01 6.10483587e-01
    6.44353926e-01 1.50852406e+00 1.33037174e+00 8.49710166e-01
    -4.72458035e-01 3.39102447e-01 5.97405434e-03 1.92443550e-01
    1.29177666e+00 -4.93187487e-01 2.32474446e-01 -5.83726227e-01
    1.02570295e+00 1.10487330e+00 1.58830810e+00 1.74628615e+00
    -2.46525228e-01 2.18971372e-01 1.26275218e+00 -1.50501728e-02
    9.12226379e-01 1.01481414e+00 8.74602079e-01 -2.54333198e-01
    1.80070162e-01 1.46350074e+00 4.81912374e-01 -4.74165410e-01
    -4.66857791e-01 3.19687724e-02 5.03025115e-01 -5.57012439e-01
    1.19718897e+00 -3.67290139e-01 1.01899958e+00 6.41474247e-01
    1.17853189e+00 6.66614771e-01 2.80548871e-01 1.69410765e-01
    1.46205974e+00 -2.62874305e-01 1.88843393e+00 5.37192345e-01
    -3.11718047e-01 3.13772649e-01 -2.29472041e-01 3.95389557e-01
    6.07557476e-01 1.85061765e+00 1.48151493e+00 -6.68407321e-01
    -5.59695363e-01 8.04952919e-01 7.93742955e-01 1.25760686e+00
    1.54146218e+00 -3.01621199e-01 7.57739425e-01 1.05745399e+00
    -6.47868991e-01 7.96780944e-01 -1.22533202e-01 -1.72809482e-01
    1.23408437e+00 1.20411694e-01 6.37307703e-01 1.08636415e+00
    -6.31752074e-01 2.87007749e-01 -7.15895116e-01 1.31032932e+00
    8.99650514e-01 3.68008316e-01 3.48897457e-01 6.59132063e-01
    1.11311376e-01 2.79814720e-01 7.20419824e-01 3.93119931e-01
    -4.22708780e-01 8.38303149e-01 -2.34451890e-01 1.35046661e+00
    -5.40568292e-01 9.46214855e-01 -4.71539021e-01 1.29310715e+00
    2.62926459e-01 6.57544315e-01 1.04617178e+00 1.47563720e+00
    1.51216424e+00 1.13439143e+00 9.83832479e-01 6.77206278e-01
    2.12907195e-01 -4.99698520e-02 -3.16611081e-01 6.78049445e-01
    1.23981667e+00 -6.26466215e-01 1.67196393e+00 2.36208320e-01
    1.38391733e+00 4.79102194e-01 1.49380207e-01 -4.54162598e-01
    6.32343829e-01 5.41428387e-01 -2.90534973e-01 8.50834906e-01
    1.69745231e+00 -3.10603052e-01 1.66330624e+00 1.32796812e+00
    9.37028348e-01 5.99576056e-01 1.56916022e+00 7.66136527e-01
    2.93861866e-01 1.18533075e-01 -6.83055460e-01 7.30056703e-01
    -7.02500522e-01 8.45406890e-01 1.08106601e+00 5.70141912e-01
    5.43717325e-01 -5.83440542e-01 1.11159849e+00 6.96990788e-01
    -3.39723289e-01 -2.84531116e-02 1.36299491e+00 1.19015443e+00
    4.97028410e-01 -2.58786500e-01 8.01312149e-01 -4.74621117e-01
    3.31898928e-01 7.78551877e-01 -4.43682075e-02 1.04997015e+00
    -1.85596466e-01 -2.81756282e-01 3.01458597e-01 1.05047965e+00
    1.16134322e+00 1.10455489e+00 1.30246258e+00 1.48299849e+00
    1.58126652e-01 2.64436185e-01 1.05117965e+00 -7.11120427e-01
    3.83547783e-01 2.00278938e-01 9.91321802e-02 -3.51052433e-01
    7.30486691e-01 5.86285591e-02 6.00620031e-01 1.43726528e-01
    9.86955702e-01 5.49091518e-01 -1.66711986e-01 1.35270119e+00
    1.03657389e+00 -6.70343339e-01 5.57277501e-01 3.74721885e-02
    -4.88687754e-02 1.23379445e+00 1.50800896e+00 4.15787578e-01
    5.69068015e-01 8.03087234e-01 2.01702118e-02 1.38180947e+00
    1.74970901e+00 -7.09462404e-01 -3.81889939e-02 1.38970160e+00
    -3.62711519e-01 5.69355488e-03 1.45891094e+00 -2.23075747e-01
    7.89192855e-01 1.06723487e-01 -2.88888186e-01 -2.31010556e-01
    6.86941862e-01 9.04860497e-01 7.06609607e-01 -1.94475591e-01
    8.17167401e-01 -6.87684059e-01 1.78014529e+00 1.03056955e+00
    2.38304436e-01 2.59142280e-01 9.89081085e-01 6.46465719e-01
    -4.93330568e-01 8.57718647e-01 1.31597710e+00 1.36589551e+00
    5.71251810e-01 -3.46409738e-01 8.20400417e-01 1.34665990e+00
    1.37237310e-02 1.62270951e+00 -4.09022719e-01 -4.12954539e-01
    5.28029203e-01 1.16312647e+00 -6.75030649e-01 1.08123660e+00
    3.05177808e-01 5.53156674e-01 -1.10868514e-01 1.38561606e+00
    8.73768091e-01 9.18306053e-01 8.12781036e-01 6.03476763e-01
    -1.54572427e-01 4.30077314e-03 1.61407876e+00 4.03388202e-01
    9.53833163e-01 -3.36469352e-01 2.83341587e-01 1.32485938e+00
    5.60266137e-01 3.87781858e-01 -4.74877894e-01 2.16465473e-01
    4.70605731e-01 -7.95086384e-01 1.28711689e+00 3.47033799e-01
    4.76089120e-02 3.47738564e-01 6.57809019e-01 8.07790339e-01
    1.59497213e+00 5.26021540e-01 -5.67871451e-01 -4.25948471e-01
    1.41143632e+00 9.99556959e-01 1.34374952e+00 7.74257958e-01
    1.18493938e+00 -7.50646770e-01 -3.98255736e-01 1.16780281e+00
    -4.74828482e-03 -5.60283720e-01 9.54181015e-01 1.10969698e+00
    8.98076594e-01 1.93626523e-01 4.40083385e-01 2.75118172e-01
    4.95646894e-01 3.73461306e-01 1.51810980e+00 -2.63370275e-02
    2.25123227e-01 -5.40360212e-01 1.34187531e+00 -6.26836061e-01
    -6.94738388e-01 1.75961852e-02 -8.51617455e-02 -3.85261536e-01
    4.64983404e-01 8.85792375e-01 1.40152431e+00 1.25665665e-02
    1.44873261e+00 -4.67930615e-01 2.32280493e-02 1.59104371e+00
    6.13777220e-01 1.04925084e+00 2.69592643e-01 1.17234373e+00
    1.40303922e+00 -3.01116735e-01 4.21171308e-01 1.45374417e+00
    6.71839535e-01 -3.98566633e-01 1.05317950e+00 -1.57736927e-01
    1.94375134e+00 7.04245806e-01 -2.87623644e-01 1.04727924e-01
    1.43371367e+00 4.11921620e-01 8.90165567e-01 1.10107493e+00
    -5.44297695e-03 1.49719715e+00 7.70383716e-01 1.09005618e+00
    1.03482735e+00 8.70274782e-01 1.59443271e+00 6.16363406e-01
    1.34221995e+00 6.53758645e-02 3.79617035e-01 -7.00225770e-01
    -6.75790727e-01 4.40246522e-01 1.12850749e+00 -4.04567510e-01
    8.50292444e-02 4.15890217e-01 -7.46396482e-01 -2.60678709e-01
    1.21695316e+00 1.45065165e+00 7.54341424e-01 1.69938374e+00
    1.42321658e+00 1.05971289e+00 5.75982869e-01 -4.50553596e-01
    -1.83118701e-01 1.52523279e-01 5.12046814e-01 1.56384683e+00
    1.50694084e+00 5.13593078e-01 9.32815254e-01 -3.07207406e-01
    1.15347123e+00 7.11759925e-02 -1.79426074e-01 1.52262509e-01
    2.10098326e-01 -1.71643496e-02 -2.74367332e-01 2.80086100e-01
    1.40497208e+00 1.04333997e-01 1.70223069e+00 -2.55681872e-02
    1.46226156e+00 1.48010802e+00 1.65931690e+00 1.10065043e+00
    -6.33907318e-02 2.30959773e-01 6.81855083e-02 8.38087857e-01
    4.73257482e-01 1.45242095e+00 1.37233627e+00 -8.31910372e-02
    3.05372477e-01 1.36382520e-01 7.83235788e-01 1.08141375e+00
    1.03298342e+00 -3.66584063e-02 1.19908905e+00 -4.92012590e-01
    6.26468182e-01 1.60562873e+00 5.03165722e-02 6.82152450e-01
    -6.89094782e-01 -4.45966184e-01 -3.93747598e-01 -5.64448953e-01
    -2.73959517e-01 9.38907146e-01 1.69203699e+00 -2.36954570e-01
    1.57146716e+00 -4.26499099e-01 1.22004366e+00 1.41201019e-01
    1.43592584e+00 1.60673904e+00 1.53494596e+00 -5.05059302e-01
    1.26211715e+00 1.43778920e+00 8.80345047e-01 6.98580623e-01
    -4.56453562e-02 1.54984641e+00 -1.14101648e-01 1.48352313e+00
    1.70820129e+00 6.49592161e-01 -7.36182392e-01 -4.43788081e-01
    7.64740169e-01 -3.17323655e-01 2.88275480e-02 1.85014606e-01
    1.22662401e+00 -3.72441590e-01 1.07291126e+00 3.49884927e-01
    -5.30620098e-01 -7.37094760e-01 -5.83794653e-01 -8.89244080e-02
    9.14608598e-01 -7.25733995e-01 1.65470397e+00 1.67649102e+00
    5.91240227e-01 1.52645469e-01 1.64958453e+00 1.03991354e+00
    6.73362195e-01 1.69732535e+00 1.69266248e+00 8.90940070e-01
    -4.93938684e-01 3.78841817e-01 6.97836101e-01 1.64563489e+00
    -3.99381965e-01 5.44850945e-01 1.72898126e+00 1.56816554e+00
    -2.50005424e-01 -2.75368094e-02 -1.23467982e-01 1.40675771e+00
    1.07691097e+00 -4.44081813e-01 1.64579844e+00 -2.04474926e-02
    -4.81546015e-01 -2.92975813e-01 5.76213181e-01 8.36331487e-01
    -2.02994347e-01 1.50099993e+00 1.14018309e+00 -1.59200549e-01
    -1.53004885e-01 -8.00685287e-02 9.64933038e-01 6.54222369e-01
    -3.59614491e-02 7.27650046e-01 8.35534513e-01 9.34904397e-01
    -2.81665653e-01 9.45964575e-01 -1.79419696e-01 -3.51377845e-01
    -4.66951221e-01 8.31935883e-01 -3.79969448e-01 6.52026892e-01
    1.23051453e+00 -5.31484425e-01 -3.29137534e-01 1.27238619e+00
    -4.00810331e-01 1.69018626e+00 7.14928508e-01 7.67686725e-01
    1.29659843e+00 1.54553533e-01 4.36224520e-01 1.36954021e+00
    1.13482285e+00 3.62236500e-02 9.60299850e-01 -2.73299456e-01
    1.37038171e-01 -1.93911791e-03 1.23604834e-01 1.24782979e-01
    -6.25394464e-01 -2.62749970e-01 1.53828788e+00 1.66537380e+00
    1.16423678e+00 -4.05310005e-01 7.07012832e-01 1.48416662e+00
    1.16679871e+00 1.30264330e+00 9.42225516e-01 6.39032245e-01
    1.60591686e+00 5.43154478e-01 4.62507606e-02 2.77556360e-01
    1.20859098e+00 3.96164536e-01 9.13950622e-01 -7.19050765e-01
    1.13704515e+00 3.79472852e-01 9.49572682e-01 1.13130128e+00
    6.33820713e-01 8.31146121e-01 4.49297726e-01 -6.75125062e-01
    1.85535789e-01 1.73608625e+00 -2.79487193e-01 -4.25345302e-01
    4.62264776e-01 9.78246689e-01 6.54366910e-01 1.77659297e+00
    1.55958176e+00 6.67656124e-01 6.37405455e-01 1.25129306e+00
    1.34402990e-01 1.12627149e-02 1.37723994e+00 4.68806863e-01
    -6.13970697e-01 4.65558767e-02 1.14193630e+00 8.33325207e-01
    8.00861418e-01 1.58527792e+00 1.59783673e+00 3.78927529e-01
    8.61936092e-01 -2.09050775e-02 -5.55753767e-01 -6.10834360e-03
    -1.46607399e-01 3.77979159e-01 8.23731303e-01 3.83521974e-01
    3.65090907e-01 -4.79441881e-01 2.85601616e-01 5.01161575e-01
    8.76251817e-01 1.54336631e+00 1.89350629e+00 -4.32006389e-01
    1.77590132e+00 1.37499332e-01 1.50730014e-01 1.62503099e+00
    1.68735683e+00 4.10912931e-01 -3.94713253e-01 1.40878534e+00
    -1.73566103e-01 4.91625130e-01 -7.12978542e-01 -5.31624138e-01
    7.94174194e-01 -1.29412115e-01 4.48821068e-01 7.53184855e-01
    1.30225968e+00 2.60602772e-01 6.10251546e-01 -6.43887699e-01
    1.57984638e+00 -3.54482383e-01 -7.00548887e-02 1.70014596e+00
    1.40155768e+00 4.09993529e-01 9.32270348e-01 -3.66832018e-01
    6.12201393e-01 -2.26403713e-01 5.17644644e-01 5.02219319e-01
    4.66618896e-01 6.98616982e-01 -3.52918506e-02 -6.72227383e-01
    8.34780216e-01 8.94010067e-04 9.34517384e-01 1.39533257e+00
    -6.06732011e-01 -4.02671993e-01 1.15374947e+00 4.13594842e-01
    -3.80682975e-01 1.56261384e+00 1.58419466e+00 6.06611192e-01
    -7.78722703e-01 1.37310863e-01 -4.22185570e-01 3.30332577e-01
    1.39261115e+00 1.42796707e+00 3.79304767e-01 -7.24068463e-01
    1.56777167e+00 8.32069099e-01 7.80241907e-01 1.12184393e+00
    6.48094058e-01 7.65394747e-01 5.57839394e-01 -8.33027959e-02
    1.60163295e+00 1.62935019e+00 -5.94574809e-02 1.27907467e+00
    -2.56717086e-01 1.00921464e+00 2.80123055e-01 -1.44198895e-01
    1.28316236e+00 -1.20707095e-01 1.30081522e+00 -5.20242512e-01
    -4.91097242e-01 3.69648933e-02 -5.85633636e-01 1.18763161e+00
    1.04287326e+00 2.56719053e-01 9.11179781e-02 7.94326961e-01
    1.35933733e+00 1.67039323e+00 8.81043613e-01 -6.73779130e-01
    1.08889008e+00 5.22550404e-01 1.20998907e+00 -2.11041510e-01
    9.77538764e-01 1.23639750e+00 8.67072999e-01 1.20357573e+00
    5.56832910e-01 -6.83817029e-01 1.69923055e+00 7.27989316e-01
    1.33277595e+00 -2.69316971e-01 -1.98545396e-01 8.70147586e-01
    1.03507519e+00 -6.15306318e-01 2.26282835e-01 -5.63706577e-01
    1.55036342e+00 5.10068536e-01 5.08796394e-01 1.01663923e+00
    6.86385930e-01 9.93599415e-01 8.34026039e-01 6.83594346e-02
    -2.17053175e-01 1.17473888e+00 -6.42330468e-01 5.69042146e-01
    4.79949713e-01 1.64825511e+00 1.69251990e+00 1.46880269e+00
    5.04499555e-01 -4.49423909e-01 3.03411543e-01 6.28869295e-01
    1.21008599e+00 -5.98422348e-01 1.26526356e+00 2.74078250e-02
    -1.36278868e-02 1.25016713e+00 -1.24470651e-01 1.42717898e-01
    1.15861809e+00 1.54508519e+00 9.76934612e-01 1.49518490e+00
    1.35213268e+00 -3.91340137e-01 1.52745628e+00 4.26134348e-01
    -2.45627254e-01 4.00891542e-01 9.27037001e-01 1.77732205e+00
    -3.59071881e-01 1.12939727e+00 1.76116323e+00 9.02550340e-01
    1.23786390e-01 1.13679910e+00 -2.72406816e-01 9.20365691e-01
    1.24657905e+00 1.65916753e+00 -1.45826638e-01 1.02902031e+00
    -3.16975802e-01 1.24584734e-01 3.40799153e-01 -1.81029916e-01
    -2.29220629e-01 4.10560668e-01 -1.19514465e-02 9.08366859e-01
    1.12358570e+00 3.73332083e-01 -3.05763334e-01 1.56966388e+00
    1.62842035e+00 9.20875371e-01 9.81507182e-01 -1.87548399e-02
    1.46711743e+00 3.89315844e-01 8.25873673e-01 -2.27065623e-01
    1.42855000e+00 1.38573289e+00 4.94281054e-02 6.24086618e-01
    2.85765111e-01 -2.14065433e-01 1.05579948e+00 1.65184283e+00
    5.23575008e-01 4.29906249e-02 1.49437964e-01 3.11338902e-02
    -1.75160170e-03 1.23261809e+00 1.47160196e+00 5.18682241e-01
    8.76275480e-01 8.76486063e-01 1.44808483e+00 3.08384120e-01
    1.59763026e+00 9.81996357e-01 6.37918770e-01 1.05299306e+00
    5.14228463e-01 -7.15474963e-01 -1.05099440e-01 1.39338863e+00
    1.14247346e+00 -6.87405407e-01 7.89003909e-01 8.30907345e-01
    1.56156814e+00 -4.91378039e-01 1.07306361e+00 -4.53096718e-01
    -5.49744606e-01 -5.87537408e-01 4.43800271e-01 1.11318874e+00
    1.14308298e+00 -5.51594794e-01 9.81542349e-01 1.74202263e-01
    -4.49942887e-01 1.50256038e-01 1.73805177e-01 4.18233871e-01
    1.07890129e-01 9.62794185e-01 8.23168874e-01 -2.74137825e-01
    1.22820151e+00 1.48299766e+00 1.04492640e+00 9.71763670e-01
    -3.82232875e-01 2.25261033e-01 -5.30574918e-01 1.17163515e+00
    1.63986707e+00 -6.50978386e-01 5.71046531e-01 1.67695427e+00
    1.32361913e+00 1.05902982e+00 1.16233039e+00 1.23079503e+00
    -2.13276625e-01 1.87763464e+00 1.19450629e-01 3.31027329e-01
    1.21009159e+00 7.98381090e-01 1.01845765e+00 1.21955013e+00
    1.07578874e+00 1.06768703e+00 -9.79418159e-02 1.20261288e+00
    9.03465867e-01 8.66447270e-01 1.24589157e+00 4.81947660e-01
    -6.67334497e-01 6.79996967e-01 1.69488573e+00 -6.65244520e-01
    4.64051068e-01 9.61556971e-01 6.12337589e-01 1.41064119e+00
    1.83896303e-01 3.43445778e-01 3.27423573e-01 4.40860927e-01
    1.06768775e+00 1.21111453e+00 7.76654482e-01 7.87108719e-01
    -1.58842266e-01 -3.66523176e-01 1.48537397e-01 1.35737610e+00
    -5.17394423e-01 1.70529556e+00 1.17689335e+00 1.59968197e+00
    1.04655504e+00 -6.46925867e-01 -2.67290473e-01 9.92576778e-01
    -4.52793449e-01 6.71776414e-01 5.95826089e-01 -7.64732957e-02
    1.80922806e-01 1.25529099e+00 1.13908434e+00 -1.61349893e-01
    6.59104764e-01 -2.26832628e-02 1.01836658e+00 5.29823005e-01
    2.61198878e-01 2.85905302e-01 -3.32873911e-01 1.49085879e+00
    9.76024270e-02 -2.22490251e-01 -5.29510736e-01 4.30285275e-01
    3.16195667e-01 1.08492959e+00 1.03296208e+00 -4.13425744e-01
    -3.23001713e-01 1.00982821e+00 -7.20990717e-01 1.42054462e+00
    8.68786275e-01 1.45240545e+00 -6.57791734e-01 5.28934956e-01
    -5.82564890e-01 6.65556848e-01 3.17831576e-01 9.48761582e-01
    1.47296596e+00 1.35276020e+00 7.06808329e-01 6.77727997e-01
    -7.06925988e-01 -6.62314832e-01 -3.06270719e-02 7.61864245e-01
    8.04842710e-01 8.42743099e-01 1.44669318e+00 1.53253961e+00
    1.10921764e+00 1.52390242e-01 1.24603724e+00 -1.13424301e-01
    -7.13430643e-02 1.57845497e-01 -9.87828970e-02 8.42552722e-01
    -4.73325014e-01 9.75627184e-01 1.69653559e+00 -7.56363451e-01
    -7.10097849e-01 4.02437627e-01 -3.24428082e-01 4.18798864e-01
    5.62800229e-01 -7.06272840e-01 -1.02293968e-01 1.14127362e+00
    5.29610932e-01 2.86343455e-01 1.43165612e+00 1.61828327e+00
    5.35196602e-01 -3.38352561e-01 7.27767050e-01 8.83725882e-02
    1.70361781e+00 1.07080531e+00 1.68361056e+00 -5.95695972e-01
    -2.80747414e-02 -4.69858289e-01 1.14714670e+00 1.28320682e+00
    -7.10489392e-01 1.32675564e+00 1.59005141e+00 6.06485605e-02
    -2.84536242e-01 -3.66095901e-01 3.93027306e-01 -4.39025044e-01
    2.25669205e-01 7.26662278e-01 6.62082136e-01 1.59078789e+00
    -8.84870887e-02 7.35455573e-01 4.64041770e-01 1.60057259e+00
    1.64786720e+00 4.96241570e-01 1.77228093e+00 -2.80526876e-01
    1.31408572e+00 -5.43324351e-02 -3.71755093e-01 -3.63786459e-01
    7.07300425e-01 1.49773383e+00 2.83321142e-01 1.38547397e+00
    4.62077379e-01 1.33678091e+00 8.40413272e-01 7.39089847e-02
    8.65306675e-01 1.73892403e+00 2.45396495e-02 -4.80918556e-01
    -4.43517774e-01 3.55057418e-01 4.04407978e-01 -4.00723994e-01
    6.28958285e-01 -5.30556738e-01 1.47799480e+00 -4.90741163e-01
    -3.79705578e-01 7.52610683e-01 1.73956704e+00 -6.43127561e-01
    1.39594626e+00 -3.15238863e-01 1.83981538e-01 1.04450583e+00
    -1.78377092e-01 5.09106517e-02 1.44499195e+00 -7.42331207e-01
    1.58655381e+00 -6.58965170e-01 -6.47559762e-01 -2.25526690e-02
    -4.59779710e-01 1.68168604e-01 8.68165255e-01 1.28473139e+00
    1.69965839e+00 1.45480824e+00 9.22257483e-01 1.12599325e+00
    3.62020671e-01 1.15198565e+00 -4.35854793e-02 5.34841657e-01
    9.35006201e-01 1.18297219e+00 7.10190058e-01 1.37870967e-01
    1.57492280e-01 1.08454704e+00 1.02672815e+00 1.21162355e-01
    1.60730433e+00 6.09746277e-01 3.77634943e-01 -1.42132163e-01
    3.44429135e-01 -1.01682842e-01 1.60376477e+00 1.08678842e+00
    9.74982560e-01 -9.48266387e-02 -3.86342555e-01 4.91983891e-01
    1.22092867e+00 4.56473827e-02 4.43621278e-02 4.52707231e-01
    1.71111345e-01 1.58091712e+00 9.27480578e-01 5.30314445e-02
    7.08817244e-02 1.42125607e+00 1.58956170e+00 3.85034502e-01
    1.73514724e-01 -1.47121310e-01 9.85956192e-01 6.26087844e-01
    1.49119020e+00 9.65080023e-01 -6.93835497e-01 8.72814596e-01
    9.24331486e-01 -2.31680095e-01 1.03423357e+00 1.38252020e+00
    1.72189415e-01 2.39212155e-01 3.45465779e-01 -5.58117628e-02
    -2.48934865e-01 -6.60006642e-01 1.17173171e+00 1.57178235e+00
    1.34991241e+00 1.73995161e+00 8.44654739e-01 9.81280506e-01
    1.30197787e+00 5.13180554e-01 1.62050939e+00 2.21850187e-01
    3.07736665e-01 -1.50805712e-03 4.64762121e-01 3.48903537e-01
    3.21555138e-03 -5.50059915e-01 7.60614872e-04 1.14325058e+00
    1.37137794e+00 -2.12035120e-01 -1.63485646e-01 -5.73195994e-01
    6.54895186e-01 7.06611454e-01 2.99772620e-02 1.42886090e+00
    -2.10750580e-01 1.42316842e+00 1.71999168e+00 1.21027803e+00
    9.15918052e-01 3.09757590e-02 1.08504939e+00 1.46611428e+00
    1.65101779e+00 1.33472323e-01 1.70500660e+00 6.48998678e-01
    1.43705273e+00 -5.47575951e-02 1.08376956e+00 2.10748911e-02
    1.40581727e+00 5.81008732e-01 -6.93146825e-01 1.46559858e+00
    9.29770410e-01 8.47577810e-01 7.31394053e-01 -2.82100528e-01
    7.23773837e-02 3.81064296e-01 8.69560301e-01 1.39476001e+00
    8.42828393e-01 8.57191026e-01 6.22010469e-01 -3.46131414e-01
    -2.69702226e-01 -3.17077041e-02 -5.92378199e-01 -3.58341932e-02
    2.46662498e-02 -6.82571530e-01 4.41287100e-01 2.65636802e-01
    1.34755540e+00 1.28969848e+00 1.40555704e+00 -5.66238880e-01
    1.56277740e+00 1.06482995e+00 2.60910273e-01 1.08708143e+00
    -7.96587944e-01 9.64771867e-01 4.27494466e-01 -1.89708710e-01
    4.17143822e-01 6.03157878e-01 -1.44258618e-01 1.69678676e+00
    4.21547174e-01 -6.89141750e-01 3.07782829e-01 8.54689479e-01
    6.35284066e-01 6.90004647e-01 8.38160872e-01 9.48035896e-01
    2.88958311e-01 4.26336408e-01 1.10872030e+00 1.49892867e-01
    3.29390764e-02 8.02492201e-01 2.06810653e-01 1.43275404e+00
    1.35831380e+00 1.73490787e+00 8.05665195e-01 6.21609390e-01
    9.92657363e-01 1.45471072e+00 2.21843600e-01 -5.78043401e-01
    1.65295577e+00 9.40232098e-01 -6.22701764e-01 3.85329187e-01
    1.56118190e+00 3.63521338e-01 -3.09209228e-02 4.62172091e-01
    9.63503540e-01 1.38509822e+00 -3.52034390e-01 9.81636226e-01
    1.57417274e+00 7.22050667e-03 8.12444568e-01 1.02953160e+00
    -3.19598734e-01 -7.07197189e-02 9.75976884e-01 5.83521307e-01
    -5.76045692e-01 1.56937861e+00 4.37137663e-01 1.31617951e+00
    1.65758789e-01 -1.63880408e-01 1.54590726e+00 1.29542029e+00
    1.05031586e+00 5.09803832e-01 4.38734293e-01 1.47303700e+00
    -3.20004374e-01 8.62127721e-01 5.35054922e-01 4.90791857e-01
    -4.08585072e-02 -2.50801951e-01 9.04371142e-02 8.40495288e-01
    -6.83942378e-01 3.02012503e-01 1.37908411e+00 -6.16588235e-01
    2.26878047e-01 1.24096286e+00 7.03071594e-01 1.32929230e+00
    -7.03536749e-01 -3.98112535e-02 -2.22649336e-01 -5.41573882e-01
    8.02070558e-01 -3.18472087e-01 1.59499192e+00 1.21315038e+00
    -4.03714180e-03 2.73810387e-01 1.17850375e+00 -4.81999844e-01
    -6.64547086e-01 1.22894740e+00 -1.46722853e-01 8.18920791e-01
    -4.96483594e-01 8.93527448e-01 6.45981133e-01 -5.72852969e-01
    8.67017567e-01 7.21347034e-01 -7.52062798e-02 1.53711271e+00
    1.50541544e+00 9.63158488e-01 -7.43594170e-02 -3.02647561e-01
    3.29068303e-02 9.98336494e-01 1.34236991e+00 1.66172504e+00
    1.21175110e-01 -2.31552839e-01 7.48374939e-01 9.66388583e-01
    -4.34442222e-01 2.47361302e-01 -6.73092067e-01 4.45936561e-01
    -3.01809818e-01 5.93640387e-01 5.68251014e-02 1.64107144e+00
    3.47675681e-02 1.53129721e+00 9.11537707e-01 -3.36309671e-02
    1.74841881e-02 -4.00068194e-01 5.91983020e-01 4.48921859e-01
    -3.56048346e-02 1.52514637e-01 3.56627464e-01 1.25765324e+00
    -4.17961925e-01 1.40535831e-02 1.01487136e+00 -2.25289524e-01
    2.25864589e-01 7.89869368e-01 1.26627696e+00 1.02393210e+00
    1.51309502e+00 -6.81196213e-01 4.03457463e-01 2.90843546e-01
    1.15754056e+00 3.74019384e-01 1.43749762e+00 2.45504081e-01
    -7.23420739e-01 -7.06044078e-01 2.10311234e-01 5.82659006e-01
    1.22617102e+00 -5.51449537e-01 1.70800555e+00 -6.00862980e-01
    -4.61630791e-01 -3.47728193e-01 1.33713353e+00 6.54285192e-01
    -3.92916650e-01 3.12747419e-01 2.02736676e-01 7.40823269e-01
    1.27040613e+00 1.30601645e-01 -2.57654279e-01 1.66582143e+00
    1.39499950e+00 6.84907675e-01 1.59442687e+00 -5.15737772e-01
    1.73025703e+00 1.67600942e+00 4.66753304e-01 8.52900088e-01
    3.09513330e-01 5.00930727e-01 -5.67191839e-03 1.05971336e+00
    -3.49239230e-01 1.28816032e+00 -5.77447057e-01 1.85509467e+00
    9.55689132e-01 -1.57953471e-01 2.75498390e-01 4.20047224e-01
    1.55342960e+00 1.04670548e+00 3.58728468e-01 9.82639670e-01
    -3.77127886e-01 1.67264104e+00 1.11160600e+00 1.74493349e+00
    -6.14797294e-01 1.40937328e+00 8.18019390e-01 1.31241965e+00
    -4.17000771e-01 2.08302498e-01 2.74072051e-01 -3.42754096e-01
    -4.68323112e-01 2.67207444e-01 1.32801616e+00 1.46686387e+00
    -4.55467612e-01 2.31155813e-01 6.94542885e-01 -7.23117709e-01
    1.00461364e+00 1.66536796e+00 -4.09742475e-01 2.94334888e-01
    -3.01669806e-01 1.27416325e+00 1.33583283e+00 -5.28887570e-01
    1.59647393e+00 1.59900975e+00 -4.77873206e-01 1.18490398e+00
    1.04071236e+00 1.28317714e-01 4.19455767e-02 9.96109247e-02
    -3.95574361e-01 7.57661223e-01 7.81813920e-01 9.60636139e-03
    8.67651522e-01 1.07289016e+00 6.38740242e-01 -3.26993138e-01
    1.38904262e+00 -2.67449081e-01 6.65452063e-01 1.53639543e+00
    -2.63819218e-01 -1.30741239e-01 2.12620080e-01 -4.49246496e-01
    -2.36058235e-01 7.92095840e-01 8.61340106e-01 6.27225399e-01
    3.66761684e-01 -1.33704305e-01 -5.80509186e-01 1.37609982e+00
    1.40731621e+00 -3.78623009e-01 1.37237048e+00 -5.05504847e-01
    1.08450341e+00 1.59765971e+00 -5.66325068e-01 5.18258810e-01
    1.45824838e+00 1.62974620e+00 -4.39544231e-01 1.46954739e+00
    1.21084189e+00 1.72613621e-01 9.01011229e-01 1.09274030e+00
    1.75057197e+00 1.65447474e+00 1.75696516e+00 8.45831990e-01
    -1.27305329e-01 1.22079992e+00 1.12235606e+00 -5.46340585e-01
    1.23808551e+00 5.71813345e-01 1.63159370e+00 -6.05111361e-01
    -3.57143760e-01 1.24030042e+00 -3.40039253e-01 1.15606236e+00
    -6.16470814e-01 -2.86763906e-03 -5.86537600e-01 -6.57517016e-01
    2.30087161e-01 1.18631363e+00 -3.77564937e-01 1.98944747e-01
    1.70003057e+00 4.54171181e-01 8.87860358e-01 -4.83642071e-01
    1.48710167e+00 9.26323354e-01 1.40375924e+00 4.56572533e-01
    7.83075690e-02 1.01267099e-02 9.44078922e-01 7.89779007e-01
    -2.93683141e-01 -7.12087274e-01 1.14980197e+00 3.94967496e-01
    -5.24621010e-02 3.38883877e-01 -3.36925536e-01 1.25608611e+00
    -6.25245512e-01 3.14276755e-01 -4.10832435e-01 -6.37503564e-01
    -7.39647150e-02 1.43338466e+00 6.42295837e-01 -4.55573171e-01
    -3.34904253e-01 -3.16359997e-02 -6.88485920e-01 6.30669177e-01
    1.33498132e-01 1.57361650e+00 9.59590137e-01 -2.85190940e-02
    8.19119871e-01 -7.17077971e-01 4.68740940e-01 1.27616227e+00
    8.14452469e-01 1.62970257e+00 -2.06458747e-01 7.37744272e-01
    -3.07417363e-01 1.21064115e+00 9.27146971e-01 1.04090905e+00
    -8.95187259e-02 8.84658098e-02 1.75991797e+00 -3.18673551e-01
    1.62838721e+00 -6.23384953e-01 8.94778550e-01 -7.33554959e-02
    4.78005350e-01 1.55094147e+00 2.74062991e-01 8.64331961e-01
    2.26978183e-01 8.24393690e-01 2.52328515e-02 3.59416008e-01
    -3.45304102e-01 -4.33727115e-01 1.12430692e+00 -2.83818454e-01
    1.43643761e+00 4.14622605e-01 1.68009973e+00 -2.31193781e-01
    -6.95374608e-01 -2.56293625e-01 1.07760525e+00 5.84963083e-01
    4.18006301e-01 3.26349318e-01 5.21602333e-01 -6.06353760e-01
    1.38125765e+00 6.02596521e-01 1.23062909e-01 -4.29516315e-01
    1.14684057e+00 1.01303995e-01 -6.55018866e-01 1.49800324e+00
    8.96876156e-01 1.63260925e+00 -3.04981291e-01 1.23298335e+00
    -9.19016600e-02 1.08914351e+00 3.14121604e-01 1.19483387e+00
    1.46201777e+00 1.22794509e+00 1.43527424e+00 -3.11717510e-01
    -5.00054598e-01 2.08505392e-02 1.08508635e+00 1.21812952e+00
    1.43684947e+00 9.94045496e-01 1.35887671e+00 4.01210070e-01
    1.41364336e-01 1.69778299e+00 6.17548108e-01 9.83105302e-01
    -1.36379242e-01 5.11723638e-01 -2.75306702e-01 9.90834236e-02
    4.36174870e-01 8.42889428e-01 1.31002486e+00 1.15978670e+00
    9.15564418e-01 1.34102631e+00 9.65975463e-01 -3.57420713e-01
    -4.87382621e-01 3.31677377e-01 3.65257263e-03 -4.47841972e-01
    9.85848010e-01 -6.35472178e-01 5.51203847e-01 2.19365656e-01
    7.43387520e-01 1.67215490e+00 8.30583930e-01 7.08921790e-01
    1.56892240e+00 8.89525235e-01 1.23625815e+00 -4.55016524e-01
    1.66403723e+00 1.34308434e+00 1.45737863e+00 -7.43994713e-02
    3.43798161e-01 9.44542944e-01 1.24478245e+00 1.79605317e+00
    1.20430553e+00 6.22557878e-01 1.80299258e+00 4.90517437e-01
    -2.92210877e-01 3.13593864e-01 1.67409968e+00 -3.88984084e-01
    1.07195425e+00 8.96663785e-01 2.24540234e-01 -5.04209995e-01
    1.88375235e-01 -1.63793027e-01 1.70859420e+00 8.39650393e-01
    4.24744844e-01 9.53426421e-01 6.29637659e-01 1.31968665e+00
    -7.46895790e-01 -3.10171247e-02 2.76524663e-01 8.51713479e-01
    -1.76933825e-01 -4.33492422e-01 7.39613950e-01 7.84932792e-01
    9.89147067e-01 1.15031219e+00 1.10260320e+00 2.17890501e-01
    1.61996031e+00 -3.02449018e-01 3.15483093e-01 1.66533566e+00
    1.26027465e-02 -5.28159201e-01 -1.02255642e-01 -1.67259634e-01
    1.61939001e+00 5.51749945e-01 7.07023442e-01 -5.37050009e-01
    3.80718708e-02 1.58657360e+00 -5.61286092e-01 4.30920184e-01
    3.75558853e-01 4.19967413e-01 1.39729893e+00 1.95495009e-01
    -4.83467996e-01 -9.49897170e-02 4.23007727e-01 9.02419925e-01
    8.00406337e-02 4.14108574e-01 -2.35531688e-01 -5.84724545e-02
    -3.05954576e-01 6.23614252e-01 -6.56246126e-01 1.00712729e+00
    8.95186543e-01 -1.93590403e-01 2.45604753e-01 -5.85137963e-01
    1.53676343e+00 -7.10380673e-01 6.34861052e-01 -1.93034232e-01
    -2.34323978e-01 2.59630084e-02 -2.49638379e-01 1.56924248e+00
    7.39482224e-01 3.22418809e-01 4.43881094e-01 4.16064441e-01
    -3.20058554e-01 -6.36414707e-01 5.92528820e-01 -3.45091522e-01
    1.38706958e+00 1.09849036e+00 8.75847876e-01 8.13610077e-01
    1.20501208e+00 -2.65074611e-01 -8.95881057e-02 -4.89022285e-01
    3.81082594e-01 7.75145650e-01 1.36659551e+00 -5.76071858e-01
    -4.74161565e-01 9.35896575e-01 -6.29717886e-01 1.74163485e+00
    -5.06467819e-02 8.27898622e-01 2.35069454e-01 1.32632113e+00
    -3.50799054e-01 5.38900197e-01 -5.59679925e-01 9.97446597e-01
    7.43326843e-01 -4.05174315e-01 1.03416348e+00 1.95273817e-01
    -6.58787668e-01 5.59522390e-01 8.45914483e-02 4.07203913e-01
    1.36953938e+00 -4.20233756e-01 1.41035867e+00 1.00029731e+00
    8.31075549e-01 2.45079994e-02 1.33757079e+00 1.08741188e+00
    -7.66302407e-01 -1.94690108e-01 2.61671841e-01 6.16703033e-02
    8.67483735e-01 -4.98430818e-01 -1.76896513e-01 -3.24099422e-01
    -5.72143912e-01 1.18650198e+00 2.75258243e-01 4.17587757e-01
    1.24202132e-01 1.66308105e-01 6.61778450e-01 7.71541178e-01
    9.78282869e-01 9.18683410e-01 9.13871884e-01 -8.17738175e-02
    -2.66337723e-01 2.98362315e-01 1.20045519e+00 4.98336852e-01
    7.91420937e-01 -2.50729412e-01 2.13962078e-01 1.59413791e+00
    1.25798571e+00 1.16041207e+00 3.52518559e-01 -6.09410346e-01
    -4.09379005e-02 -8.84437561e-03 1.61719382e-01 -3.09283108e-01
    1.16212547e-01 1.47135544e+00 6.96243286e-01 7.33752191e-01
    1.11102509e+00 9.36256409e-01 8.15743029e-01 -5.99553227e-01
    -4.77965772e-01 -3.38584512e-01 1.60464537e+00 5.72159946e-01
    1.22173226e+00 -5.47419369e-01 1.45160377e+00 1.28502524e+00
    2.43054509e-01 1.59681499e-01 -2.41076052e-01 2.94815183e-01
    1.15346479e+00 3.56379151e-01 -2.57306457e-01 2.71693110e-01
    -6.57677650e-02 -7.25364327e-01 -5.02267957e-01 1.46418929e+00
    1.24028015e+00 5.54182410e-01 -2.57166088e-01 8.96556377e-01
    5.09852469e-01 1.29503405e+00 2.45183527e-01 -1.90664887e-01
    8.77354860e-01 1.63825917e+00 5.23564160e-01 1.76330924e-01
    2.26678669e-01 7.65808344e-01 1.32133794e+00 -6.96507156e-01
    1.27976990e+00 -5.10174632e-01 1.52031720e+00 1.62257743e+00
    -3.00292075e-01 1.18861556e+00 2.88504541e-01 2.62145817e-01
    6.21842563e-01 9.73553360e-01 -4.69809651e-01 1.42764950e+00
    1.03761673e+00 1.07908142e+00 1.19175959e+00 1.09378850e+00
    3.49609256e-02 7.96609759e-01 -5.68721592e-01 1.06321001e+00
    7.04444706e-01 2.34789193e-01 1.56789327e+00 1.51424408e+00
    1.18889821e+00 -9.99017358e-02 -6.55976176e-01 8.01384032e-01
    -1.22950792e-01 1.19764352e+00 3.84227514e-01 8.53482366e-01
    -3.40464234e-01 3.29442918e-01 -1.13020003e-01 1.96865857e-01
    -6.13386452e-01 -6.06846273e-01 2.14433491e-01 -6.01264417e-01
    1.89066648e-01 1.31817722e+00 7.78354585e-01 7.47811854e-01
    6.37523532e-01 4.72386122e-01 9.17864740e-01 -6.16888463e-01
    1.00175858e+00 -3.70385468e-01 5.00546217e-01 1.33424342e+00
    5.28748214e-01 1.91868901e+00 1.86523259e+00 6.72495246e-01
    1.80811262e+00 -3.09575915e-01 7.82781243e-01 1.11894548e-01
    1.34485364e+00 1.60832810e+00 -4.73158836e-01 4.41887558e-01
    4.82550502e-01 7.37925112e-01 1.53209150e-01 2.34744430e-01
    -5.47073483e-02 1.25442457e+00 1.31368589e+00 -1.89269364e-01
    1.27147365e+00 -1.75749481e-01 1.81518257e-01 -1.64763629e-01
    -7.25269318e-03 5.34713805e-01 -5.80875635e-01 1.88057303e-01
    -2.71767795e-01 1.23607504e+00 8.92652750e-01 1.69986391e+00
    -6.08246624e-01 2.21300840e-01 5.91609418e-01 2.91874886e-01
    -4.96461958e-01 -5.04619181e-01 -3.74818116e-01 -6.79597855e-01
    8.76253128e-01 2.55784750e-01 1.44104266e+00 4.13959265e-01
    -6.09298110e-01 1.52868176e+00 1.05331182e+00 1.40618944e+00
    -7.60751009e-01 -5.37977338e-01 6.26434684e-01 1.37088561e+00
    -4.19820815e-01 1.62862396e+00 -3.47328246e-01 1.29986441e+00
    -3.57002020e-02 1.46109414e+00 2.35477567e-01 2.69402385e-01
    1.20970941e+00 6.67351127e-01 1.70787883e+00 1.17657304e-01
    -6.79314196e-01 6.93315387e-01 -7.46212006e-01 1.16685343e+00
    8.54066372e-01 5.60568690e-01 1.68804407e-01 1.46507871e+00
    2.69904017e-01 -7.55923092e-01 1.44061565e+00 1.28897619e+00
    -7.07452118e-01 2.56313384e-01 -8.25363398e-02 1.50470185e+00
    7.82838464e-02 -2.41486788e-01 7.89413691e-01 1.62054753e+00
    4.22128916e-01 1.12350547e+00 1.47981238e+00 1.00984907e+00
    1.14210439e+00 -2.71800756e-02 1.28953946e+00 2.62462497e-01
    1.02883875e+00 7.58244157e-01 -6.29730225e-01 -6.25160098e-01
    -1.07035637e-01 7.38288403e-01 -7.77200758e-01 1.57908273e+00
    1.36418772e+00 4.62068200e-01 -3.67521048e-02 9.28195953e-01
    1.52797198e+00 1.74273849e+00 1.51588058e+00 -5.95428348e-01
    1.29869235e+00 1.65263414e-01 -6.21775746e-01 1.67161810e+00
    -4.17110473e-01 1.14080811e+00 3.71134877e-01 1.33985901e+00
    9.55364168e-01 8.20936561e-01 1.20728600e+00 -6.19585574e-01
    2.40912199e-01 6.52909517e-01 1.47860837e+00 1.45928788e+00
    1.14708757e+00 -5.54459572e-01 1.36280560e+00 5.72730243e-01
    5.99698007e-01 4.75193620e-01 1.67016375e+00 1.36562717e+00
    -3.64053607e-01 -3.94702643e-01 6.31084442e-01 -3.72050166e-01
    9.55139995e-02 1.29789031e+00 9.46522355e-02 4.30283546e-02
    1.59933782e+00 6.59876823e-01 5.07393956e-01 1.42684698e+00
    -6.32324755e-01 3.64583731e-01 1.66407084e+00 -9.04935598e-02
    -7.42761910e-01 -5.05544424e-01 1.46775842e-02 1.36722136e+00
    5.49899876e-01 -7.01128125e-01 1.17986381e-01 7.55942225e-01
    -6.57870173e-01 1.72618389e+00 -5.51521003e-01 -2.40488648e-02
    3.08736384e-01 4.80926633e-02 2.88713098e-01 6.61734104e-01
    4.01226103e-01 1.50304103e+00 1.66670322e+00 9.20961320e-01
    1.22418606e+00 -1.51143670e-02 8.30895901e-01 1.55972457e+00
    5.13758361e-01 1.06197584e+00 1.12241328e-01 6.15874529e-01
    6.92247212e-01 1.25896764e+00 5.50136924e-01 1.31072056e+00
    2.63432145e-01 3.26008320e-01 1.40194273e+00 -1.25820756e-01
    -4.08160686e-02 3.84720087e-01 -2.79427618e-01 -5.40131509e-01
    1.39463902e-01 -6.43649220e-01 3.04046750e-01 8.33508074e-01
    1.77093673e+00 7.71915317e-01 -3.30922335e-01 1.16499829e+00
    2.47940421e-02 1.21153545e+00 4.37134683e-01 -1.00943267e-01
    -1.31744683e-01 1.68301654e+00 1.52919757e+00 4.78203177e-01
    3.28662694e-01 1.69579697e+00 6.37738883e-01 9.74949241e-01
    7.90424287e-01 1.43361163e+00 1.37000775e+00 1.34690619e+00
    -1.79840505e-01 -2.69400835e-01 1.38743055e+00 -1.05220497e-01
    -1.17991269e-01 6.68578684e-01 -4.34609205e-01 6.20411456e-01
    -1.78433478e-01 1.17240906e+00 6.72062397e-01 1.16182458e+00
    -3.99263769e-01 9.75165606e-01 9.62235391e-01 4.54506993e-01
    5.79588532e-01 1.43737483e+00 -3.56445611e-01 5.10654330e-01
    1.35737705e+00 -1.91007078e-01 1.05940485e+00 1.23391712e+00
    2.89873064e-01 -1.13452077e-01 -4.13710684e-01 1.39655769e-01
    1.13814497e+00 1.28170097e+00 1.09396195e+00 6.94349766e-01
    1.42925274e+00 -1.04832470e-01 -2.84937263e-01 -4.66134399e-01
    1.15646946e+00 -2.41527557e-02 1.16387331e+00 3.22150052e-01
    2.91306078e-01 6.41445577e-01 8.86940360e-01 3.24672461e-03
    1.28158593e+00 1.58715105e+00 3.62769365e-01 2.19278187e-01
    1.06480372e+00 1.35148549e+00 -1.80831105e-01 1.66670835e+00
    9.22591925e-01 9.27586615e-01 1.32407963e+00 4.31630492e-01
    2.62834430e-02 5.40771902e-01 1.38368297e+00 9.51949298e-01
    1.41860366e+00 1.43925381e+00 1.39544010e+00 6.75449491e-01
    8.54937375e-01 1.38936973e+00 1.51481032e+00 2.17411518e-01
    1.57820415e+00 1.17234015e+00 1.56682134e-01 6.14050269e-01
    1.22440362e+00 2.91533411e-01 1.53263998e+00 2.27855384e-01
    1.40576732e+00 1.54737282e+00 -4.89610970e-01 4.91916358e-01
    -6.99113369e-01 4.67844069e-01 1.26665461e+00 -4.21232700e-01
    -5.69512486e-01 -6.31698966e-01 1.05151892e+00 1.17171669e+00
    9.50084448e-01 1.83215082e-01 1.78679883e-01 -3.71542394e-01
    1.17703032e+00 1.13346314e+00 2.15967119e-01 2.76825368e-01
    1.38462496e+00 8.34995806e-01 4.13737476e-01 4.58488107e-01
    -6.98231280e-01 -1.54497862e-01 1.34079647e+00 -3.54173750e-01
    8.88483763e-01 9.96513069e-01 1.21139336e+00 -4.17837352e-01
    1.14650869e+00 -4.90705758e-01 1.13334858e+00 6.41342700e-01
    1.29709792e+00 1.97872102e-01 -2.88485467e-01 9.59369957e-01
    -7.24432111e-01 -2.91092217e-01 1.65736938e+00 1.63760233e+00
    1.28184605e+00 -6.54967248e-01 7.61114359e-02 -5.07761896e-01
    5.56170702e-01 1.36648107e+00 8.94761086e-03 -4.74802643e-01
    5.50732851e-01 6.29117310e-01 -5.21224737e-01 7.12432086e-01
    -7.32094824e-01 4.18231785e-01 1.46470368e+00 7.64896095e-01
    1.21404529e+00 3.24274778e-01 1.09619009e+00 1.49062645e+00
    2.22595930e-01 1.56865001e-01 6.19554341e-01 -6.04392707e-01
    -3.54244351e-01 1.68204129e+00 -4.32008475e-01 1.30836797e+00
    -6.60130203e-01 1.36480141e+00 5.86760581e-01 9.88853931e-01
    -2.69936383e-01 2.03788459e-01 6.79896474e-01 9.58219886e-01
    2.57006407e-01 1.58488917e+00 7.11596012e-01 -4.97145474e-01
    5.12600839e-01 1.40817392e+00 8.89881313e-01 2.01088667e-01
    8.73829544e-01 1.12780261e+00 1.76958919e-01 1.68334293e+00
    -6.88736260e-01 5.99031091e-01 1.13218284e+00 -5.83793640e-01
    8.64001036e-01 1.51622653e+00 1.06023788e-01 1.21014726e+00
    -7.79775977e-02 2.89103210e-01 5.89320600e-01 1.47160411e+00
    1.44272208e+00 -1.53043866e-01 6.76796436e-01 -6.76689386e-01
    3.37620974e-02 1.42845476e+00 5.83430171e-01 1.30022860e+00
    7.04929709e-01 1.02129292e+00 5.32064617e-01 -5.24442852e-01
    1.32721364e-01 1.50224376e+00 4.86286581e-01 -6.00592315e-01
    -7.28163183e-01 6.45198882e-01 4.73099411e-01 7.73896217e-01
    -5.66303194e-01 8.16612542e-01 8.15626264e-01 1.45564818e+00
    1.71640134e+00 -5.87656617e-01 -7.04352081e-01 7.30020046e-01
    1.45553803e+00 1.65239358e+00 3.25021386e-01 7.75274813e-01
    6.20352626e-02 1.71603990e+00 -6.68233633e-01 -3.93462896e-01
    1.73547673e+00 -6.74040318e-02 -4.22989398e-01 5.02205372e-01
    1.06517053e+00 1.30417895e+00 -1.73724115e-01 -6.49540424e-01
    7.95017183e-01 5.90577900e-01 7.07589865e-01 8.78090084e-01
    8.98756921e-01 1.12514091e+00 1.09989667e+00 1.13491130e+00
    1.45451689e+00 6.91052616e-01 -1.37912035e-01 7.00155199e-01
    7.07951784e-01 -1.85529292e-01 -6.19339645e-01 1.03933716e+00
    -3.20743591e-01 2.89520621e-02 1.44466877e+00 -2.06467807e-01
    -5.83158910e-01 -5.20921290e-01 1.32249200e+00 1.27515030e+00
    1.59230351e+00 1.43867636e+00 1.59787560e+00 -3.08610141e-01
    5.41404724e-01 -1.22833848e-01 -1.52287900e-01 7.34792292e-01
    -7.37455368e-01 -6.17201388e-01 1.22738504e+00 -6.76513314e-02
    4.91859555e-01 1.57351685e+00 4.23846781e-01 1.02045977e+00
    2.62556791e-01 -7.39716589e-01 1.27782106e+00 4.78235602e-01
    2.55427480e-01 1.74519575e+00 3.61455679e-01 -4.05239403e-01
    1.13830614e+00 1.44679809e+00 8.97710681e-01 1.50716674e+00
    7.38031805e-01 1.05243683e+00 3.62091899e-01 -4.92055148e-01
    1.50115132e+00 -9.39599872e-02 7.41969764e-01 1.71157575e+00
    6.32551551e-01 1.48167086e+00 7.79347420e-01 8.46404612e-01
    1.50756240e-01 -3.79304737e-01 -2.33985424e-01 -6.56917095e-02
    3.16330194e-02 1.12826443e+00 2.77302504e-01 1.57613611e+00
    -4.47847635e-01 -6.53239250e-01 1.68216944e+00 -3.07125837e-01
    1.82662487e+00 8.26045275e-01 -3.34221244e-01 9.90974963e-01
    5.47352791e-01 1.57605088e+00 4.93566930e-01 1.16940951e+00
    1.64609241e+00 -4.77071643e-01 1.25927711e+00 1.43028021e+00
    1.22560787e+00 3.84269118e-01 1.71624410e+00 9.32841361e-01
    6.86603010e-01 5.66640735e-01 5.00946760e-01 -6.43661797e-01
    -3.25737923e-01 1.45661998e+00 -4.44395304e-01 5.02012670e-01
    8.01367223e-01 1.64421904e+00 1.72869623e-01 1.85759544e-01
    -6.67927265e-01 6.61819696e-01 1.30040288e+00 -5.97796559e-01
    6.80532515e-01 6.20529056e-02 8.94636273e-01 -2.02717900e-01
    -3.14814359e-01 -3.35231841e-01 1.65517402e+00 1.34703159e-01
    7.57090449e-01 2.31211245e-01 1.09575844e+00 8.69104445e-01
    1.10584378e+00 1.25745773e-01 1.63935935e+00 1.29720259e+00
    -2.79844910e-01 -9.90133286e-02 1.65267134e+00 -2.37691045e-01
    1.43562686e+00 7.65156984e-01 1.39152837e+00 8.43893170e-01
    9.66419220e-01 1.39230657e+00 1.28298056e+00 1.35946059e+00
    -9.84188914e-02 1.20999253e+00 5.39896786e-01 1.61767435e+00
    8.01482975e-01 -4.33739603e-01 5.68959355e-01 5.43756664e-01
    7.24908948e-01 5.63629746e-01 1.23382926e+00 1.15913153e-02
    1.32090521e+00 1.24519145e+00 1.05901718e+00 1.98810697e-02
    -4.96212661e-01 -6.08934343e-01 1.29483652e+00 1.31170702e+00
    2.12040603e-01 -5.60907304e-01 2.02776790e-01 4.28014219e-01
    1.40357018e-01 -1.44336462e-01 8.02254438e-01 -6.94394410e-01
    2.06043124e-01 -8.38158131e-02 4.33831155e-01 8.53705466e-01
    -7.43897319e-01 -3.19459975e-01 4.56100643e-01 1.54016280e+00
    1.25845659e+00 7.42467165e-01 1.13348699e+00 -2.82294661e-01
    1.02939653e+00 1.63448930e-01 2.08562016e-02 1.17943954e+00
    -1.51093960e-01 3.00826311e-01 3.37306023e-01 5.67060709e-02
    1.04151225e+00 1.18622887e+00 4.71709669e-01 1.70185852e+00
    1.32220232e+00 6.89011812e-01 5.76903462e-01 5.11274576e-01
    5.53354740e-01 5.02375484e-01 1.51232696e+00 1.31790233e+00
    1.47953320e+00 1.35400069e+00 7.79449463e-01 1.47807169e+00
    1.63598037e+00 1.01496482e+00 -5.07576942e-01 -9.88580585e-02
    1.35115004e+00 1.30618417e+00 1.04656458e-01 -5.03170252e-01
    6.42463863e-01 1.43803298e-01 7.83424377e-01 -4.35687780e-01
    1.13219404e+00 7.29060888e-01 1.53149986e+00 1.15804791e+00
    9.13762987e-01 8.42633426e-01 -2.06438899e-02 1.47037601e+00
    -8.59396458e-02 4.49708402e-01 5.89622855e-02 6.29342914e-01
    -2.47106969e-01 -2.42857218e-01 1.43924403e+00 6.27204418e-01
    1.54940271e+00 1.63567162e+00 3.48960638e-01 2.41398811e-02
    4.76468325e-01 -1.44085169e-01 1.53267586e+00 4.59181249e-01
    1.99097037e-01 8.73640060e-01 8.78190637e-01 6.63208961e-01
    -6.45430744e-01 2.40857422e-01 1.38403082e+00 -2.36369818e-01
    -4.75940764e-01 8.13240409e-02 6.66366875e-01 -4.97294784e-01
    -2.65066773e-01 -6.15189672e-02 5.64243376e-01 7.07963824e-01
    -4.97182012e-02 1.22751904e+00 -2.47714430e-01 3.17950845e-02
    1.05301559e+00 8.71136189e-01 2.00786829e-01 5.47124624e-01
    1.25299406e+00 -7.58666992e-02 4.44069684e-01 -3.80493313e-01
    -3.57934266e-01 3.30321193e-02 1.71866059e+00 1.15080023e+00
    -2.51377344e-01 1.62200463e+00 1.11575413e+00 8.52798104e-01
    -2.44165182e-01 -5.05477071e-01 9.87151384e-01 1.52557659e+00
    1.13548183e+00 -7.44684160e-01 1.04673707e+00 2.56848097e-01
    -4.62644249e-01 -2.97122657e-01 -5.24162054e-02 -5.32276630e-01
    -3.22516054e-01 7.57170916e-01 2.74607658e-01 6.77852988e-01
    1.31212211e+00 1.44638526e+00 1.63403821e+00 1.24022293e+00
    9.69573200e-01 1.52895570e+00 4.92301583e-02 1.63033402e+00
    -1.38166964e-01 6.43484235e-01 1.32498574e+00 1.42125463e+00
    -3.94182265e-01 6.85705900e-01 9.97671485e-02 1.29255307e+00
    -8.61640573e-02 1.02273262e+00 1.51962149e+00 -7.32259512e-01
    -6.24692440e-03 -5.50886869e-01 -8.77178311e-02 1.57459354e+00
    4.78701353e-01 -5.50098121e-01 -1.46874666e-01 2.14788079e-01
    -7.29751647e-01 9.50320184e-01 3.36201847e-01 1.57910860e+00
    5.83269596e-01 -5.00625908e-01 2.96752036e-01 -4.57375348e-01
    -1.31570578e-01 -5.53024828e-01 1.66529000e+00 7.74275005e-01
    -1.67797387e-01 1.98299885e-01 1.27446628e+00 1.79735327e+00
    4.15539026e-01 4.22636569e-02 1.24441266e+00 -3.85356545e-02
    5.78108072e-01 4.89386648e-01 5.62570572e-01 6.67163134e-02
    8.43378842e-01 1.89081550e-01 1.78305888e+00 1.53428221e+00
    3.98451030e-01 1.62825036e+00 4.83466029e-01 -1.93115354e-01
    1.16967452e+00 1.03028989e+00 3.13188076e-01 1.28428483e+00
    -3.69261533e-01 -3.35857034e-01 2.49409080e-02 4.33962107e-01
    -3.01513493e-01 1.49467635e+00 1.28748178e-01 1.35092306e+00
    -2.36149073e-01 1.62083781e+00 -6.69711709e-01 1.54128706e+00
    -2.15877116e-01 1.33119631e+00 -1.52377367e-01 1.31414628e+00
    7.80610204e-01 1.09817362e+00 1.65926504e+00 1.38177109e+00
    1.10824907e+00 -6.00249767e-02 3.72784734e-02 1.61302674e+00
    8.59008968e-01 -5.39168835e-01 -4.16790754e-01 -4.72548574e-01
    1.72599018e+00 -1.39071167e-01 8.19657862e-01 7.45349348e-01
    1.00686467e+00 -3.99172992e-01 1.24752295e+00 5.17545402e-01
    4.80887413e-01 -7.02967048e-02 1.12524056e+00 1.07037187e+00
    1.52171779e+00 -2.57112741e-01 -7.70672262e-01 7.54392087e-01
    1.05236340e+00 1.18927145e+00 7.64031887e-01 1.64547825e+00
    7.50092804e-01 1.41500604e+00 1.01188016e+00 9.05977607e-01
    1.15595102e-01 -3.01757812e-01 1.70141542e+00 1.71159720e+00
    1.68949866e+00 -7.66005039e-01 1.13564813e+00 -5.57392240e-02
    1.18901849e+00 8.30393136e-01 3.19986403e-01 -6.96571112e-01
    8.68711054e-01 -1.22656107e-01 1.55904400e+00 8.99379492e-01
    7.23228872e-01 2.19653308e-01 -4.47610378e-01 5.68569839e-01
    1.19200408e+00 -2.19667614e-01 9.24802780e-01 3.29616547e-01
    -3.93228024e-01 1.40542090e-01 -1.82329655e-01 1.60417342e+00
    8.96104038e-01 1.31100202e+00 1.43341160e+00 1.40591621e+00
    7.19539762e-01 1.14787209e+00 4.15065587e-01 -1.88243568e-01
    4.77802753e-01 -4.80827838e-01 1.39434934e-01 8.81271541e-01
    1.44401085e+00 4.96274173e-01 1.54628110e+00 1.11778331e+00
    1.62555540e+00 4.69262481e-01 4.06998515e-01 6.86368227e-01
    5.52646041e-01 1.58476961e+00 6.86556399e-01 2.66679823e-01
    1.21730816e+00 1.28349757e+00 -6.80445433e-02 1.31739283e+00
    6.30860031e-01 1.76611543e-02 8.13142896e-01 6.33865416e-01
    1.00184131e+00 -2.55475521e-01 -7.19463348e-01 -1.28748596e-01
    6.16620898e-01 1.83361232e-01 1.47411513e+00 1.47996068e+00
    -2.68920124e-01 -2.96008050e-01 1.43190026e-01 1.39973474e+00
    9.94806170e-01 -2.50472665e-01 1.37307811e+00 6.74053669e-01
    4.52588201e-02 2.69035459e-01 3.93506587e-01 3.42212081e-01
    1.20885670e+00 1.38639057e+00 4.60642576e-02 5.51821172e-01
    6.43289924e-01 6.26705945e-01 5.44187069e-01 1.06066191e+00
    1.46936703e+00 1.59678304e+00 1.02731943e+00 -5.62802315e-01
    -4.22441661e-01 -5.30957699e-01 1.14861274e+00 4.47949171e-01
    2.24643469e-01 1.06635380e+00 1.32416630e+00 2.47977018e-01
    -3.53933662e-01 7.60291815e-02 3.91100049e-01 7.67743707e-01
    4.49905455e-01 -4.51718777e-01 1.29016709e+00 1.66455984e+00
    -5.52729845e-01 1.28352070e+00 1.24574780e+00 -6.11429989e-01
    7.23792851e-01 1.05505764e-01 4.12433088e-01 -5.88675737e-02
    -5.73588371e-01 1.95438564e-01 3.81993592e-01 1.72827244e-01
    1.47214317e+00 -2.11998433e-01 4.62638557e-01 1.85198128e-01
    5.48902750e-01 1.10065532e+00 3.18887353e-01 -2.63063192e-01
    3.77143025e-01 5.55789411e-01 -3.96560341e-01 1.22081399e+00
    3.56143892e-01 1.72958791e-01 6.54632151e-01 9.80450153e-01
    1.59025753e+00 -4.16177332e-01 -7.82704532e-01 4.06099558e-01
    -1.46219134e-02 5.94587505e-01 4.00649130e-01 1.49133813e+00
    9.46448624e-01 1.01318705e+00 -3.97422910e-02 6.37387037e-01
    5.96071839e-01 -4.99551386e-01 7.69011021e-01 7.79025674e-01
    -2.94690728e-02 8.07727098e-01 1.50889301e+00 2.70338416e-01
    1.76476490e+00 1.42912805e-01 1.67611337e+00 3.27667534e-01
    -6.41579449e-01 -4.58100438e-01 5.54223657e-02 -1.02902830e-01
    3.62962484e-01 6.02099895e-01 -7.34658599e-01 1.52925348e+00
    1.09910011e+00 6.51779950e-01 1.52397573e+00 1.16151929e+00
    -5.78844368e-01 -5.01978517e-01 1.01617289e+00 1.69820046e+00
    8.08358371e-01 -5.57285726e-01 3.32831740e-02 1.21510506e+00
    -1.15594685e-01 -8.13942552e-02 -4.71937567e-01 -4.04639214e-01
    7.94761539e-01 1.03145874e+00 9.46642160e-02 -5.13305962e-02
    1.22634947e+00 2.70782322e-01 -4.53513265e-01 1.09617090e+00
    -4.72037077e-01 1.67050064e-01 2.62087584e-02 -1.97710991e-01
    -1.56574070e-01 -1.80636346e-01 7.39014030e-01 2.42321491e-02
    -5.28782785e-01 1.36927986e+00 5.35467446e-01 -3.03079635e-01
    1.17493725e+00 -6.43802941e-01 -5.88021278e-01 1.17320156e+00
    1.45650840e+00 -1.44722641e-01 -2.72120178e-01 1.49263668e+00
    -6.73124611e-01 2.57545769e-01 1.54285097e+00 -6.03159666e-02
    8.17511320e-01 1.63344169e+00 -4.80409116e-01 -5.71661294e-01
    -1.09717131e-01 -1.22958541e-01 2.21468747e-01 -5.67312241e-01
    4.97735441e-01 1.33914566e+00 1.47334826e+00 6.62514091e-01
    3.31532061e-01 1.44920993e+00 -6.03200555e-01 -7.07453012e-01
    1.31970429e+00 1.50849938e+00 1.15636182e+00 3.03008556e-01
    1.67595768e+00 4.39868212e-01 1.31971240e-01 -5.19428611e-01
    -3.70131969e-01 1.19463038e+00 1.22204745e+00 3.04131508e-02
    2.41896689e-01 1.13641381e+00 1.67056394e+00 8.82935286e-01
    1.47406697e+00 -7.92827845e-01 4.69593763e-01 -4.67252910e-01
    -7.13662863e-01 1.38338685e-01 8.25004756e-01 -2.32884288e-01
    7.87436247e-01 1.08066368e+00 1.66317201e+00 8.25017154e-01
    5.61295986e-01 1.29619908e+00 -5.19335091e-01 2.95981169e-01
    7.25268424e-01 -1.39517307e-01 9.04804647e-01 5.23831427e-01
    1.67273867e+00 5.00520766e-01 1.02399588e+00 -1.09009087e-01
    -6.31425858e-01 1.25256944e+00 6.39879704e-03 5.58873475e-01
    -1.34594560e-01 1.38690686e+00 8.42048228e-01 1.00497234e+00
    -5.44497132e-01 3.40470493e-01 5.85292280e-01 -2.15901494e-01
    -3.93466979e-01 7.53664911e-01 1.12362742e+00 1.08721662e+00
    5.39408565e-01 -3.70082557e-01 1.21739841e+00 1.16609430e+00
    1.08250332e+00 -5.63266397e-01 1.54307687e+00 2.66584277e-01
    9.43991244e-01 9.34650302e-02 3.39904368e-01 -4.69515443e-01
    6.21333718e-02 -5.01200080e-01 3.51268053e-03 3.34672034e-01
    -1.02253973e-01 1.17867362e+00 1.22452796e+00 1.21730971e+00
    1.37495637e-01 -4.51005667e-01 -3.53869110e-01 -5.60767770e-01
    1.02753460e+00 -1.94371521e-01 -7.21737444e-01 1.61028051e+00
    2.27581263e-02 1.03910065e+00 6.08499467e-01 -6.93049967e-01
    -3.63318712e-01 1.18776846e+00 6.05103493e-01 5.24954498e-01
    -3.55656803e-01 5.44653893e-01 1.63980687e+00 6.45288587e-01
    1.26138282e+00 -3.65404069e-01 5.47158718e-03 1.37022197e-01
    7.80659378e-01 1.52993751e+00 1.00437307e+00 -1.70223057e-01
    -4.10197526e-01 3.75903904e-01 1.17907512e+00 1.88009739e-02
    9.77939367e-01 2.10664272e-01 -2.22964585e-01 -1.00567877e-01
    3.75210643e-02 1.47397697e+00 6.20032847e-01 -1.68654740e-01
    9.88220572e-01 1.46404862e+00 1.01282787e+00 7.38990426e-01
    8.80174875e-01 1.52343416e+00 -5.40516853e-01 8.91714096e-02
    -3.19036275e-01 -4.72284555e-02 7.15584636e-01 9.62804377e-01
    -3.14167708e-01 8.08843374e-01 1.24555397e+00 -4.45386052e-01
    1.16097748e+00 1.01342845e+00 -2.97483444e-01 3.96138728e-01
    1.09146726e+00 8.68169665e-02 -6.04570627e-01 3.07237267e-01
    -9.70206261e-02 -6.88597202e-01 -2.67232358e-01 5.48038363e-01
    1.40968490e+00 1.79209709e-01 6.13245308e-01 1.43916035e+00
    1.14589036e-01 1.35557485e+00 1.33373952e+00 9.37568545e-02
    3.52545619e-01 9.00988460e-01 1.23641622e+00 1.10055947e+00
    -2.78576642e-01 1.08412790e+00 -7.20031738e-01 -5.95079124e-01
    -3.04088503e-01 1.32129550e-01 3.56139243e-01 -3.05353075e-01
    -2.28482485e-02 5.91211557e-01 6.93870187e-02 1.69672251e+00
    1.37700105e+00 -4.18108821e-01 2.82825947e-01 -3.04378092e-01
    5.68336606e-01 6.19439065e-01 7.87305832e-03 2.01446295e-01
    1.49217117e+00 3.97226810e-02 1.42073870e-01 6.83115780e-01
    2.89920270e-01 1.41921294e+00 4.37141061e-01 -3.82141680e-01
    1.69392323e+00 9.67817962e-01 -3.42643857e-01 7.60372281e-02
    3.42531025e-01 5.39497197e-01 1.12518740e+00 -6.22273207e-01
    1.52527833e+00 1.20489502e+00 -5.26768386e-01 1.09247231e+00
    -5.24021506e-01 1.33394098e+00 -3.12239289e-01 -6.12444639e-01
    4.19513047e-01 8.52079153e-01 -2.04971254e-01 -6.58930480e-01
    6.97026670e-01 4.45358098e-01 8.62729192e-01 -6.21270537e-02
    3.84777784e-02 9.66951251e-01 -1.56105936e-01 2.02132726e+00
    1.44182765e+00 2.01336694e+00 4.08054769e-01 1.38880682e+00
    -2.03225911e-01 8.71997893e-01 -3.24363202e-01 1.25731707e+00
    1.62753415e+00 1.58767414e+00 -5.08323550e-01 -6.39361322e-01
    -3.88822854e-01 1.48437023e-02 1.36845350e-01 3.84603322e-01
    3.81403208e-01 3.69752049e-02 1.17037725e+00 -4.66868818e-01
    -1.00761652e-01 1.03220797e+00 8.54926348e-01 -5.72091043e-01
    9.44351196e-01 6.32257819e-01 1.39213538e+00 9.12579715e-01
    -5.02635002e-01 1.24091387e+00 8.25194776e-01 1.40730989e+00
    1.71724844e+00 5.50870001e-01 4.03714597e-01 3.40640545e-02
    -4.66521770e-01 8.09836745e-01 1.16838241e+00 -4.33630347e-02
    -2.16800272e-01 -2.80784100e-01 -2.24315524e-01 8.86229694e-01
    1.02048254e+00 1.42318130e+00 1.12111485e+00 1.51714826e+00
    6.96587145e-01 8.04273367e-01 9.01446044e-01 8.25782716e-01
    1.40779793e+00 -3.52093309e-01 8.64342451e-02 1.28831077e+00
    1.39738381e+00 -6.93777323e-01 1.58217025e+00 1.34782553e+00
    1.45539236e+00 -1.38351381e-01 1.28985107e+00 3.39670360e-01
    1.44424927e+00 5.90382695e-01 1.69768238e+00 3.33946347e-01
    -3.92719328e-01 3.84096384e-01 1.48710847e-01 2.22896338e-01
    7.93706357e-01 7.01388001e-01 1.35903299e-01 9.57943201e-02
    -3.52878451e-01 -5.38086832e-01 1.10848844e-01 7.49463081e-01
    5.96981645e-01 1.28001976e+00 9.22616541e-01 1.63844526e-01
    1.02685595e+00 -3.43764365e-01 7.74949193e-01 4.95886028e-01
    7.33771384e-01 -5.40199399e-01 2.16544867e-01 -6.21594071e-01
    9.07612503e-01 -1.48614049e-01 2.16955185e-01 -2.50422716e-01
    1.35197139e+00 7.71997333e-01 1.27346611e+00 5.14631450e-01
    1.37354875e+00 -5.70026278e-01 1.70192909e+00 1.60350227e+00
    -5.79123855e-01 1.57577181e+00 2.95108140e-01 7.44318962e-01
    1.51148939e+00 -5.10894477e-01 -7.38740385e-01 1.25647032e+00
    4.57357168e-02 -2.68817604e-01 4.14451659e-01 6.25452161e-01
    2.12698281e-01 -1.20091259e-01 1.11719441e+00 9.87850428e-02
    1.49753368e+00 -1.24850154e-01 1.49572575e+00 1.64433336e+00
    1.04146898e-01 5.32718897e-02 1.17778087e+00 -8.79194140e-02
    -4.93404150e-01 9.74112749e-03 1.60911751e+00 4.06590939e-01
    7.24190474e-01 1.52016616e+00 1.45933628e-01 9.03971791e-02
    1.26883709e+00 -5.15482426e-02 1.24063182e+00 1.39415145e+00
    8.29966068e-01 -2.32876241e-01 1.69007969e+00 3.37742984e-01
    -6.36860788e-01 1.55112934e+00 -2.76578456e-01 7.39877641e-01
    4.78039026e-01 -2.10423350e-01 1.36925578e+00 1.70977116e+00
    1.69821143e+00 7.76928902e-01 4.94321585e-01 5.73071837e-01
    1.69621372e+00 1.27982521e+00 7.23595440e-01 -2.71957904e-01
    -1.93767786e-01 6.86892331e-01 2.15228796e-02 8.31395268e-01
    5.31739652e-01 7.72527158e-01 1.60035908e-01 1.30409062e-01
    -5.93889415e-01 7.13857055e-01 7.68572688e-02 2.55512118e-01
    4.81630564e-01 1.76418543e+00 1.19349551e+00 -6.28048182e-01
    -6.29651129e-01 1.12289405e+00 -5.61848700e-01 -4.22553420e-02
    1.29340851e+00 -1.77460849e-01 -4.83852148e-01 5.51063597e-01
    -5.83636165e-02 1.67316031e+00 2.72702932e-01 1.37947941e+00
    9.58716214e-01 -1.97687030e-01 3.69839430e-01 5.20023942e-01
    -7.13700712e-01 6.23388231e-01 1.59649968e-01 -4.71868724e-01
    1.44672704e+00 1.43501413e+00 7.62881041e-01 7.37634182e-01
    1.70938206e+00 1.87949121e-01 1.09134722e+00 5.52928448e-03
    9.45161939e-01 -1.68879271e-01 8.14798594e-01 -4.66764629e-01
    6.28433287e-01 -1.52650595e-01 1.21092904e+00 1.00444019e+00
    7.61102855e-01 8.47237408e-01 5.59741616e-01 1.62622523e+00
    -5.85532188e-01 5.56696594e-01 1.05928040e+00 8.37675929e-02
    -3.27934563e-01 5.32007694e-01 6.28236353e-01 3.16100180e-01
    -2.00144112e-01 -1.89825594e-01 1.14572001e+00 1.29685140e+00
    9.85754430e-01 1.15041757e+00 3.07060659e-01 1.51674986e-01
    -6.95957303e-01 1.21419346e+00 9.68368351e-01 4.56534088e-01
    5.10840416e-02 1.56106281e+00 8.04658055e-01 -2.88655758e-01
    -6.38532400e-01 -2.89653957e-01 1.50597072e+00 2.97871351e-01
    1.59144139e+00 1.28342223e+00 -7.56113768e-01 -7.41198123e-01
    8.99787128e-01 7.01281130e-01 1.71397948e+00 1.57812428e+00
    -1.03746176e-01 3.38897288e-01 2.03482413e+00 1.77712810e+00
    5.17418385e-01 2.00433660e+00 3.55557650e-01 5.39771676e-01
    2.58565962e-01 9.53396857e-01 -3.54624718e-01 9.93011057e-01
    1.26488757e+00 1.48139274e+00 1.56703877e+00 1.72394729e+00
    -9.65511799e-02 1.24194551e+00 -2.09214807e-01 5.04338443e-01
    -1.99917793e-01 1.26058936e-01 4.36457276e-01 -3.36178750e-01
    7.64168918e-01 -1.59416497e-01 8.97669554e-01 -3.31153572e-01
    1.19224989e+00 7.49890745e-01 -3.73523086e-01 -3.44352812e-01
    -4.65244323e-01 1.66169739e+00 6.12360656e-01 7.14808702e-03
    3.76922727e-01 8.67218316e-01 -5.77952981e-01 3.79194260e-01
    4.96268272e-03 -4.90437090e-01 4.39168453e-01 1.07845414e+00
    6.86813116e-01 1.65630114e+00 1.23377383e-01 1.25518334e+00
    -7.57162392e-01 2.97393262e-01 3.30978811e-01 3.41861308e-01
    1.17525148e+00 9.19269264e-01 1.23372912e-01 -3.82176042e-02
    1.14297044e+00 1.21787238e+00 1.24101472e+00 6.87692165e-02
    2.84709156e-01 -3.09594274e-01 1.31135631e+00 -5.45953512e-01
    -5.91745853e-01 4.63721514e-01 1.42006636e-01 7.43193626e-02
    -7.93885171e-01 -6.24569297e-01 1.12435961e+00 1.84366882e-01
    1.28339100e+00 6.93644583e-01 6.53452516e-01 4.14783955e-01
    2.86576152e-02 -3.42693001e-01 1.04197860e+00 4.94957566e-01
    1.73181415e+00 3.60497952e-01 -4.71291184e-01 1.26073873e+00
    -3.12616646e-01 -3.76791626e-01 1.65952742e+00 6.55463696e-01
    6.88782930e-01 5.49562812e-01 -4.22835380e-01 8.65514874e-02
    5.51047921e-01 1.11080408e+00 -4.27977175e-01 -5.95592678e-01
    1.04258657e+00 1.37422204e+00 1.29251909e+00 2.54259229e-01
    9.32809114e-01 2.44381011e-01 1.43508911e+00 1.13550186e+00
    1.52805519e+00 -1.53145015e-01 -3.67202640e-01 1.27511084e-01
    1.07482862e+00 -4.48102146e-01 1.51634312e+00 -4.07763541e-01
    -4.78280157e-01 8.13647985e-01 -4.05881792e-01 -2.76016086e-01
    9.41571355e-01 -6.28530979e-02 -3.27009946e-01 -6.83527231e-01
    2.84690082e-01 1.57182336e+00 -2.32875705e-01 9.15186286e-01
    1.69116724e+00 -1.52594924e-01 5.13507724e-01 -1.93957567e-01
    8.52089882e-01 -1.79922163e-01 1.66542983e+00 7.63684332e-01
    -1.49559319e-01 1.75650287e+00 -5.17082214e-02 6.86596990e-01
    2.94775665e-01 -1.03455007e-01 5.36023974e-02 1.34684968e+00
    5.36402166e-01 5.91884613e-01 -1.93495631e-01 8.57257366e-01
    7.21832156e-01 1.28951430e+00 3.89466465e-01 -3.31501067e-01
    1.86860561e-02 1.52443552e+00 -4.27142739e-01 1.54516935e-01
    -8.83668065e-02 1.28884971e-01 8.61849189e-01 5.55720031e-01
    4.96246815e-01 -7.39856303e-01 -3.65367800e-01 -3.72412503e-01
    1.38049436e+00 -1.25704527e-01 2.98175335e-01 -4.04322743e-02
    1.35094142e+00 2.40966856e-01 1.61529303e+00 5.84434688e-01
    -4.11264747e-01 -2.37743497e-01 7.39714503e-02 1.41443944e+00
    1.11514330e-02 8.57714176e-01 2.49298751e-01 1.02304673e+00
    1.56882823e-01 1.11592054e+00 1.44019294e+00 -4.32495683e-01
    1.42931139e+00 7.83959925e-01 -6.00386620e-01 9.73754466e-01
    1.34412622e+00 -5.61059833e-01 1.63398337e+00 -2.06576467e-01
    1.20460105e+00 2.20206678e-01 -2.72949159e-01 8.87277901e-01
    2.09392309e-02 -6.52902246e-01 4.30032432e-01 3.21036696e-01
    3.92873824e-01 8.33691955e-01 1.04043937e+00 1.62121928e+00
    2.45772362e-01 5.57122827e-02 1.43881178e+00 1.16618967e+00
    1.37312961e+00 -6.96743906e-01 -6.89587355e-01 -2.80834675e-01
    -7.48625457e-01 5.75875759e-01 5.91238797e-01 8.97792518e-01
    -6.95321381e-01 -6.65152073e-02 1.84454799e-01 1.02435803e+00
    -3.51870030e-01 -7.57820308e-01 9.21552896e-01 1.63333678e+00
    6.64512753e-01 4.52826321e-01 -7.74709761e-01 -2.40755260e-01
    2.13695884e-01 2.07733512e-02 -4.91079152e-01 1.29043198e+00
    2.37653017e-01 3.21734369e-01 4.91633415e-01 -5.74370444e-01
    5.86459041e-02 1.60020685e+00 1.27076244e+00 1.39791048e+00
    7.12840438e-01 -4.69453335e-02 8.63994658e-01 8.84139717e-01
    1.48598254e+00 -5.86051047e-01 -2.33788192e-01 1.11409831e+00
    1.24768078e-01 9.41927969e-01 -3.49122286e-02 -3.21191549e-01
    1.03045261e+00 -5.70318699e-01 1.12721872e+00 -6.11427188e-01
    3.21589828e-01 1.08814645e+00 1.09281588e+00 7.54555166e-01
    1.43443871e+00 9.23928738e-01 1.55869102e+00 5.40015697e-01
    1.03049731e+00 -2.56683350e-01 1.61476481e+00 1.13306224e-01
    -1.98308617e-01 3.90329480e-01 2.57617176e-01 9.76776540e-01
    1.74805999e-01 7.64778495e-01 -5.95443845e-01 1.64796174e-01
    1.42710268e+00 2.12562680e-02 1.35652113e+00 8.57259631e-02
    9.29149449e-01 8.63383412e-01 5.78205645e-01 1.36921585e-01
    7.67829418e-01 -4.92598087e-01 9.25768793e-01 1.60390759e+00
    1.02806425e+00 1.40126300e+00 -1.63730800e-01 1.73077345e+00
    -5.39731026e-01 3.74237359e-01 1.47556603e+00 1.48732984e+00
    -4.95299965e-01 1.19265175e+00 1.50926650e-01 1.42310882e+00
    1.56176198e+00 2.98812211e-01 -3.56582403e-02 3.31476986e-01
    1.07443619e+00 1.36130548e+00 2.87550688e-03 5.39883018e-01
    1.15064240e+00 -4.77945596e-01 -3.60166430e-02 5.27441084e-01
    3.65293086e-01 -1.04884624e-01 -4.27468032e-01 1.52050316e+00
    1.68233633e+00 9.98877287e-01 5.40650129e-01 5.09739876e-01
    4.63059604e-01 1.68302584e+00 5.78546286e-01 9.05938745e-01
    5.56652069e-01 1.50833809e+00 -3.26873839e-01 3.53854299e-02
    5.04290462e-01 5.78077555e-01 5.01152515e-01 1.35726500e+00
    1.39152789e+00 1.59942698e+00 4.70888793e-01 -9.29118395e-02
    1.32092881e+00 1.11576355e+00 6.58633709e-01 1.70476544e+00
    -6.43337369e-02 1.93485856e-01 3.72226179e-01 1.06827760e+00
    -1.71621084e-01 6.18650198e-01 3.14381421e-01 7.20919073e-01
    6.63338900e-02 -3.86655331e-04 1.13510156e+00 1.19233108e+00
    9.78214800e-01 -2.12949336e-01 3.56961071e-01 -7.04436958e-01
    5.27103841e-01 8.37381482e-01 1.21934962e+00 3.94158065e-01
    4.86487627e-01 4.17822540e-01 -5.58877230e-01 1.67868662e+00
    2.99893618e-01 3.97982836e-01 1.12391341e+00 -3.81914169e-01
    2.72125065e-01 1.88203990e-01 2.63794780e-01 1.00565350e+00
    4.70284224e-01 -7.22511292e-01 1.52542734e+00 5.06133378e-01
    1.04097700e+00 1.00681806e+00 -1.89095736e-03 5.36842287e-01
    9.05441046e-02 1.95523202e-01 1.53775215e-02 3.27857137e-01
    1.58826053e+00 1.24776268e+00 9.43820238e-01 1.17597342e+00
    -3.37053537e-02 1.67312026e+00 5.76919436e-01 1.62230313e-01
    -6.13079548e-01 5.82887650e-01 -1.03675127e-01 1.76251769e+00
    -4.10343379e-01 1.99696600e-01 1.15341353e+00 -3.93764496e-01
    1.62693560e-01 4.75121200e-01 1.07877541e+00 -5.58510482e-01
    5.55428207e-01 8.84022355e-01 1.22804332e+00 -6.00617886e-01
    5.76902032e-02 9.36755657e-01 1.15628767e+00 1.42440653e+00
    1.25040686e+00 -2.97013134e-01 1.07613039e+00 5.70774078e-01
    3.43704641e-01 1.40733409e+00 3.36066723e-01 4.22722101e-03
    6.92928076e-01 4.42653298e-02 8.34588766e-01 -6.61010683e-01
    6.86436057e-01 -1.31832957e-01 5.31312585e-01 3.65651369e-01
    4.74693716e-01 1.72254086e-01 6.13132536e-01 9.70180154e-01
    1.66605008e+00 -5.39943993e-01 1.41705537e+00 -4.09327805e-01
    1.00166607e+00 1.06173527e+00 7.28442430e-01 1.75746083e+00
    3.63857329e-01 6.28556371e-01 7.97579587e-01 1.37073112e+00
    1.21949017e+00 4.96073484e-01 8.10503542e-01 1.51082540e+00
    5.39854288e-01 -3.14761817e-01 -3.23049933e-01 2.61363089e-01
    5.45308948e-01 1.21795511e+00 1.06652713e+00 1.15170860e+00
    -4.68224943e-01 4.94608521e-01 -2.51929998e-01 -2.72208571e-01
    -6.08686864e-01 -7.55608380e-01 3.19444418e-01 -7.25203097e-01
    2.93760300e-02 -4.43172067e-01 1.21493268e+00 1.24064648e+00
    -7.42275119e-02 1.72983074e+00 1.65844381e-01 1.11154032e+00
    -3.41807336e-01 -1.39174938e-01 1.37084126e+00 6.61764860e-01
    6.81532323e-01 3.97149324e-02 -6.38512909e-01 1.31471252e+00
    -6.31982505e-01 1.13319564e+00 -2.84670919e-01 6.43209398e-01
    -5.41265905e-01 -6.10838294e-01 -2.21701264e-02 -6.88768327e-01
    1.06486773e+00 7.10562348e-01 -3.26308906e-01 -6.74328208e-02
    1.24406743e+00 -3.05911273e-01 2.38512158e-02 9.15955245e-01
    2.35011458e-01 -6.27681851e-01 1.06524515e+00 1.08364046e-01
    1.27035558e-01 2.51122534e-01 -4.73108739e-01 1.54476523e+00
    9.97438431e-01 1.69025040e+00 -6.32002652e-01 6.45668507e-01
    1.27162218e+00 -5.70878148e-01 1.32032228e+00 1.71558547e+00
    1.43966734e+00 1.49812198e+00 1.08520019e+00 1.71871877e+00
    1.83100486e+00 -1.45744652e-01 -3.01027894e-01 1.69549155e+00
    7.63722301e-01 -4.24484372e-01 -3.52071464e-01 1.01657212e-01
    1.75151229e+00 7.79790878e-01 8.45210314e-01 1.14195347e+00
    1.05204058e+00 -6.41447425e-01 5.01137674e-01 5.48447192e-01
    1.68744755e+00 4.62128520e-02 5.39929748e-01 1.51620841e+00
    6.28145933e-02 5.72662652e-01 1.14795935e+00 9.43198621e-01
    -5.36368370e-01 1.12657475e+00 -4.58617508e-01 3.66595566e-01
    1.72700739e+00 9.38805163e-01 1.51785994e+00 1.37332773e+00
    4.62853611e-01 -1.72969580e-01 -7.11215377e-01 -7.18297720e-01
    -2.68072009e-01 -5.51589131e-01 3.48380506e-01 8.45874310e-01
    2.39772320e-01 9.39906180e-01 1.01685631e+00 3.40988159e-01
    -6.31445706e-01 2.26128221e-01 8.29334199e-01 1.67281187e+00
    -1.41276002e-01 -6.51750922e-01 2.33713627e-01 -7.82621086e-01
    5.20012498e-01 1.16065979e+00 1.39276993e+00 9.97530401e-01
    8.68717611e-01 -7.18045831e-01 4.12825108e-01 9.92150784e-01
    8.85372221e-01 1.05742812e+00 6.19909465e-01 -3.08120131e-01
    1.05124092e+00 1.60224152e+00 -3.14435363e-02 -4.04363185e-01
    1.01077998e+00 1.35212195e+00 6.43286824e-01 2.28352070e-01
    5.03926396e-01 5.78473330e-01 1.42404127e+00 8.25597763e-01
    -2.00488806e-01 1.21173561e+00 -2.13982284e-01 2.78861344e-01
    1.45009398e+00 2.10497856e-01 -2.03766882e-01 1.43158841e+00
    1.61759329e+00 5.60958385e-01 1.20155811e+00 -7.23676503e-01
    -3.48833382e-01 -1.03392601e-01 1.37214649e+00 1.70236945e+00
    -5.74610233e-01 1.45750546e+00 1.38922989e-01 1.13786817e+00
    9.32850957e-01 6.71332598e-01 -3.69277716e-01 4.65257049e-01
    2.66230047e-01 3.20204139e-01 -1.50064170e-01 1.46418810e-03
    1.39690757e+00 1.53977096e+00 1.62418222e+00 1.04086995e-02
    1.24294162e+00 1.22421575e+00 -4.01751846e-01 -4.12827313e-01
    -5.30985117e-01 -6.15459442e-01 -2.76419580e-01 1.00292921e+00
    -1.74189627e-01 1.53977573e+00 1.48179889e+00 2.45060265e-01
    1.41539359e+00 1.12912118e+00 1.59412479e+00 1.05146646e-01
    -6.02017045e-01 -3.68225366e-01 1.22198129e+00 1.56533480e-01
    1.20577276e-01 -1.08904779e-01 4.48931456e-02 -6.38869941e-01
    1.12090218e+00 1.43616199e+00 1.10835481e+00 -7.36778975e-03
    8.84990633e-01 -2.68473119e-01 -6.79444432e-01 -6.02956653e-01
    -6.88899934e-01 4.48215008e-02 -3.04831862e-02 -5.23848414e-01
    3.67816448e-01 -7.40371346e-02 5.33728480e-01 9.87502277e-01
    4.63965118e-01 1.58498025e+00 1.02464795e+00 1.63563037e+00
    -4.82900977e-01 6.51689351e-01 7.47005403e-01 -4.02018487e-01
    1.25377953e-01 1.71848464e+00 1.29400396e+00 -5.50521255e-01
    -3.05023223e-01 1.11027646e+00 9.18545187e-01 -1.44758284e-01
    1.01870775e-01 1.45806777e+00 1.30745840e+00 1.48642826e+00
    1.50920987e+00 1.65774536e+00 -1.67291760e-02 -2.13856220e-01
    1.30668521e+00 1.64044356e+00 1.60506725e-01 9.12575185e-01
    -6.57521069e-01 1.35993958e+00 1.30704474e+00 8.22884977e-01
    1.20701122e+00 1.74704194e+00 7.84729004e-01 1.45063806e+00
    8.49276364e-01 -3.37184876e-01 -1.07634544e-01 -6.38103604e-01
    -3.68614525e-01 -1.71079338e-01 5.12149215e-01 1.22071552e+00
    3.59068930e-01 4.99832451e-01 -7.07538366e-01 1.29446423e+00
    1.66362762e+00 1.57133031e+00 8.04070234e-02 2.47057855e-01
    -5.92800915e-01 8.37566257e-02 -5.02618968e-01 9.21717048e-01
    1.25044894e+00 2.74870694e-01 -2.00386763e-01 9.78788137e-02
    9.80751336e-01 8.54598522e-01 1.22811937e+00 1.37279820e+00
    8.13223064e-01 1.54631245e+00 1.20600200e+00 -2.38514066e-01
    -6.86573386e-02 1.05954814e+00 1.19834125e+00 5.73283195e-01
    1.51516569e+00 1.90822661e-01 7.46771455e-01 1.26223564e-02
    1.63476336e+00 1.45983732e+00 -6.58240736e-01 1.00970364e+00
    -2.48351812e-01 1.30183935e+00 -6.49819374e-02 5.84248424e-01
    1.43089724e+00 1.47405398e+00 9.53999102e-01 1.26561689e+00
    5.28988063e-01 -6.22602403e-01 9.52217817e-01 -4.24282551e-02
    -4.37650681e-02 7.00979710e-01 1.78034580e+00 1.04603386e+00
    -3.40413660e-01 1.38145995e+00 1.09689426e+00 8.66738379e-01
    1.37814426e+00 -2.57210135e-02 4.33520317e-01 1.01604998e-01
    8.00823629e-01 1.69163966e+00 -2.94770747e-01 1.17003977e+00
    8.89806151e-02 3.97707045e-01 9.58004296e-02 8.75396252e-01
    7.89166689e-01 1.64504933e+00 1.66099346e+00 2.94484437e-01
    -1.02406710e-01 7.93741822e-01 1.57916903e-01 -1.47490561e-01
    1.64854336e+00 3.82918596e-01 1.10547781e-01 2.89972961e-01
    2.64730573e-01 1.08733892e+00 -5.06022453e-01 7.44994223e-01
    7.85684109e-01 1.66221261e-01 1.59150410e+00 1.22009063e+00
    1.25176668e+00 1.09452415e+00 9.31558669e-01 4.04714227e-01
    1.77274752e+00 7.49716163e-01 1.87070847e-01 2.10849285e-01
    1.45320129e+00 -2.33449101e-01 1.66148353e+00 -2.32897401e-02
    7.11433649e-01 -6.70018852e-01 5.03850222e-01 9.56135809e-01
    7.37544179e-01 8.90130520e-01 6.32173240e-01 9.42169785e-01
    4.30412710e-01 1.60852385e+00 1.00830722e+00 4.20870066e-01
    1.03253877e+00 8.48958552e-01 1.39902174e-01 4.38237369e-01
    -3.61597806e-01 9.67036486e-01 1.19836330e+00 1.89579725e-01
    7.34280944e-02 8.89661729e-01 -3.44996303e-01 -4.88810241e-01
    6.04036987e-01 5.08482218e-01 1.23752201e+00 -6.00278080e-01
    3.68031561e-01 -3.57868016e-01 -5.88229299e-02 -1.86643600e-02
    8.00637364e-01 8.65515053e-01 1.62591720e+00 -7.13015556e-01
    -5.99335253e-01 1.48096025e+00 1.62315726e+00 1.14844573e+00
    1.16264641e-01 1.21139205e+00 1.64139557e+00 1.37480354e+00
    1.38763499e+00 1.65719032e+00 -4.54122454e-01 -6.06521249e-01
    1.13997102e-01 -5.86359620e-01 4.45821106e-01 6.93414986e-01
    1.52971935e+00 1.42998683e+00 1.55243468e+00 9.33176577e-01
    -4.14786696e-01 1.40349960e+00 3.14250469e-01 1.50643289e+00
    5.69001436e-01 -6.22979939e-01 -2.17625439e-01 -6.62996292e-01
    -3.96466881e-01 3.50852013e-01 -5.94479799e-01 -5.23137629e-01
    7.10134566e-01 1.72034693e+00 -2.11211443e-02 -2.15971470e-01
    4.46316481e-01 9.17261839e-02 1.01633811e+00 4.17638063e-01
    -1.24785304e-02 3.69956136e-01 1.56879067e+00 -6.62272930e-01
    3.80789340e-01 -2.00692952e-01 1.00101066e+00 6.13594055e-03
    1.66046643e+00 7.53505766e-01 1.16056764e+00 -4.66597706e-01
    -2.01485038e-01 1.58777881e+00 -6.63521409e-01 9.32574511e-01
    6.69420779e-01 -7.14225948e-01 3.76316845e-01 1.96168959e-01
    -6.21208549e-01 1.39271879e+00 1.67395735e+00 -3.17872167e-02
    4.79707301e-01 1.59438908e+00 4.65595007e-01 4.94391143e-01
    1.54894531e-01 1.20189130e+00 1.67093801e+00 1.55472684e+00
    4.33773339e-01 1.46238875e+00 -7.48337507e-02 -3.99092615e-01
    9.81068552e-01 1.41833949e+00 -6.97551608e-01 1.08687568e+00
    1.10660028e+00 1.00776088e+00 -6.78981423e-01 1.13239002e+00
    -3.93495560e-01 8.05284917e-01 1.46769643e+00 -4.22867566e-01
    4.51985836e-01 9.09385204e-01 6.82349682e-01 -9.70215797e-02
    9.35469389e-01 6.52067244e-01 1.57898760e+00 8.25050831e-01
    1.54826570e+00 -6.77867651e-01 3.23645294e-01 1.55938125e+00
    1.06660485e+00 1.22199059e-02 8.43013763e-01 4.96539950e-01
    -1.57709599e-01 3.61764669e-01 -7.28907585e-01 2.09558010e-01
    4.95207846e-01 7.10668683e-01 1.70070195e+00 7.26751208e-01
    4.27051842e-01 1.72097456e+00 -7.06055284e-01 7.41599619e-01
    4.83551741e-01 3.10272872e-01 -3.87057036e-01 9.43162441e-01
    6.56517029e-01 -1.63012743e-03 1.67950916e+00 8.09686363e-01
    8.54015350e-03 2.36957252e-01 1.32053638e+00 1.08022332e+00
    1.60074258e+00 3.38236511e-01 1.34923482e+00 -2.16762602e-01
    1.50152302e+00 1.36660314e+00 -6.41768932e-01 8.38441491e-01
    1.23139930e+00 -7.35966444e-01 1.52478170e+00 2.98164845e-01
    1.24404049e+00 -6.61176085e-01 1.49215412e+00 2.93983102e-01
    1.93968058e-01 -1.76523745e-01 -6.56582177e-01 7.02599645e-01
    8.02793145e-01 4.36514258e-01 8.86413038e-01 5.07572770e-01
    -4.67331171e-01 2.69285619e-01 1.00607800e+00 8.45698714e-01
    1.59187186e+00 1.75223887e-01 1.75281668e+00 2.92602837e-01
    1.72770202e+00 -4.16444212e-01 4.03376818e-02 7.99901962e-01
    4.21688139e-01 1.61575055e+00 -3.32154632e-01 1.16011024e+00
    -3.52316290e-01 -5.31773090e-01 1.79203689e-01 -6.19572401e-03
    -5.33803701e-01 1.02524328e+00 -2.05655396e-01 6.79562390e-01
    7.14647293e-01 -7.19849229e-01 1.34788752e-01 1.28618538e+00
    2.42612600e-01 1.63598442e+00 1.13466597e+00 1.40416265e+00
    -1.52808785e-01 1.80738068e+00 1.83366990e+00 9.04908180e-02
    1.35319734e+00 4.85406548e-01 8.59148383e-01 1.36961973e+00
    6.16287410e-01 8.23666990e-01 3.07352126e-01 -3.49418312e-01
    1.78890181e+00 4.59478557e-01 -1.78411424e-01 -4.39752340e-02
    3.69943917e-01 1.44625998e+00 1.42465401e+00 2.33530998e-01
    1.10823727e+00 1.01639414e+00 1.23717427e+00 5.23642600e-01
    3.47612798e-01 6.83278143e-01 2.21639574e-01 -7.16730952e-02
    -5.57941794e-02 1.57577884e+00 1.26031399e-01 6.16597295e-01
    -6.32333159e-02 1.15756893e+00 1.13983440e+00 1.12923491e+00
    2.29163706e-01 2.50772834e-01 -3.17091763e-01 1.40151513e+00
    1.22954297e+00 -6.51149392e-01 1.66721666e+00 1.45428252e+00
    2.11137354e-01 1.65474212e+00 -1.68186784e-01 1.16669846e+00
    1.45295978e+00 -4.53790873e-01 1.73364818e-01 7.81011283e-01
    -3.46545637e-01 1.44151866e+00 -7.17884779e-01 2.68443644e-01
    1.46306705e+00 1.40441799e+00 9.74742949e-01 -1.63364828e-01
    3.70029986e-01 1.18099976e+00 1.38602304e+00 8.12861979e-01
    1.21778512e+00 1.65742826e+00 -6.27720714e-01 1.29557371e-01
    1.44582343e+00 1.17241812e+00 -1.17754936e-02 1.20628345e+00
    -1.51280940e-01 -4.87380683e-01 -3.40524942e-01 1.51566350e+00
    6.18639529e-01 8.82200897e-01 8.12894166e-01 -7.15985835e-01
    -4.50940728e-02 1.13583660e+00 1.41452193e+00 6.23989522e-01
    4.82691765e-01 1.36325526e+00 -1.65110648e-01 1.56180799e-01
    -2.79253721e-03 1.05639386e+00 2.31904566e-01 -4.94700640e-01
    1.47448635e+00 5.48365951e-01 8.86264741e-01 5.29507637e-01
    1.23144031e+00 1.74871564e+00 1.10033202e+00 9.77513194e-01
    7.61858225e-01 2.94363260e-01 -1.00362062e-01 6.75174713e-01
    -7.42493093e-01 1.99787438e-01 4.40376282e-01 1.01069212e+00
    6.66901588e-01 -6.80708885e-01 -4.67241079e-01 1.49234736e+00
    -7.07746506e-01 -7.15604782e-01 -2.03415632e-01 -2.18619704e-01
    1.01467609e+00 -2.66177893e-01 7.18917966e-01 -4.50669587e-01
    1.42675662e+00 -4.28304672e-01 5.13954341e-01 6.24355674e-02
    5.16369820e-01 1.01030922e+00 4.25680101e-01 -9.72434878e-02
    1.64737535e+00 6.56756520e-01 -7.34162867e-01 1.13658524e+00
    2.02966154e-01 -2.39301890e-01 7.46155262e-01 7.12029338e-01
    1.31495178e+00 5.48815727e-01 -1.72126293e-02 1.53605628e+00
    -4.38768625e-01 -2.31918573e-01 -7.07046628e-01 2.41241455e-01
    1.72747648e+00 5.66364050e-01 1.53816140e+00 -1.15073264e-01
    1.61330628e+00 4.57119286e-01 -3.59027624e-01 1.28180599e+00
    -6.98350072e-01 1.31475711e+00 -4.68166471e-02 -4.25124735e-01
    1.03652644e+00 -2.71552861e-01 7.67717302e-01 1.21832669e-01
    5.32028973e-01 -5.28976083e-01 9.89851534e-01 1.66445947e+00
    1.54538548e+00 -2.02147305e-01 1.25536716e+00 -6.39930010e-01
    -6.93466961e-01 -2.78256685e-01 1.66145265e-01 7.15596676e-01
    -4.83147502e-02 9.06768382e-01 -7.52103508e-01 1.92469537e-01
    1.14060497e+00 1.13002336e+00 -5.53631604e-01 -2.73624808e-01
    1.37261391e+00 7.58383751e-01 2.09317505e-01 9.57577229e-01
    1.72125268e+00 -5.00905812e-01 1.14724112e+00 1.39230418e+00
    -7.33293891e-02 2.93087602e-01 7.19161034e-02 1.58227837e+00
    -7.28243649e-01 1.59294510e+00 -3.71392697e-01 7.64342010e-01
    2.73863196e-01 -6.49358928e-01 1.52857280e+00 7.28387237e-02
    -8.65007043e-02 -7.12813556e-01 1.29934049e+00 3.80806804e-01
    -7.35770643e-01 -6.28182948e-01 1.07754838e+00 1.21016145e+00
    -1.03974938e-01 4.96028543e-01 5.64753592e-01 -3.76100212e-01
    1.65794277e+00 1.97086811e-01 2.94135869e-01 1.47058368e-02
    4.70082283e-01 4.95829105e-01 1.70756996e+00 8.94393504e-01
    -1.48302555e-01 7.77975261e-01 -5.01960158e-01 1.44567490e+00
    3.32215250e-01 2.73488581e-01 -1.76247776e-01 -6.58503890e-01
    6.70892715e-01 1.71257329e+00 1.21013939e-01 7.77382433e-01
    8.98695230e-01 1.28184342e+00 7.38521338e-01 5.23439825e-01
    7.05747247e-01 -2.82048941e-01 6.69812858e-01 5.17324269e-01
    -3.69781852e-02 4.56078887e-01 1.54414725e+00 1.43760538e+00
    1.72141814e+00 1.41814017e+00 1.10854042e+00 1.58860898e+00
    1.23040235e+00 -1.61927938e-01 1.18804312e+00 1.21993005e+00
    3.76339018e-01 1.24395132e+00 1.46010518e+00 5.67310154e-01
    1.35611355e-01 1.27975154e+00 5.43979228e-01 5.11148095e-01
    1.84288073e+00 -1.33761138e-01 1.51615775e+00 1.36937165e+00
    1.92360771e+00 -7.82614350e-02 1.26307464e+00 2.63547122e-01
    -4.88553941e-01 -4.91462320e-01 6.93988979e-01 3.51969063e-01
    7.44319320e-01 1.32103086e+00 -6.98644578e-01 1.04845619e+00
    -4.32000279e-01 1.22895610e+00 1.47962499e+00 1.34602547e+00
    1.77207088e+00 3.78148198e-01 9.40023124e-01 1.13008738e-01
    2.14608848e-01 3.40414464e-01 1.18607712e+00 3.26026797e-01
    1.91134572e-01 4.75812554e-01 -2.00422227e-01 -2.33912826e-01
    7.74404764e-01 -6.19984627e-01 -5.84156930e-01 5.91183662e-01
    5.47362149e-01 7.73813605e-01 -2.89778560e-01 6.06227875e-01
    1.64460015e+00 -7.62218356e-01 -9.85858440e-02 5.59138596e-01
    8.21578443e-01 -3.85409176e-01 -3.87294441e-01 -2.91666627e-01
    1.18269682e+00 -7.64974356e-02 1.61852217e+00 5.46829700e-02
    2.42426097e-01 7.72080064e-01 -4.22458977e-01 5.72850227e-01
    1.53256893e-01 -6.68094397e-01 1.58530831e+00 1.40140057e+00
    2.53652692e-01 9.66338873e-01 3.94227207e-01 1.48118198e+00
    1.68808925e+00 7.88028359e-01 -3.23469609e-01 1.59378326e+00
    -6.51646078e-01 -1.29197836e-02 -6.23511434e-01 -4.84555125e-01
    -1.75505459e-01 -2.61773705e-01 9.19281662e-01 6.11860514e-01
    6.57548964e-01 7.27253139e-01 -1.01757109e-01 5.48481226e-01
    -3.01402330e-01 4.71314788e-01 1.59527481e+00 3.58718812e-01
    7.97177076e-01 1.03604150e+00 -5.20906091e-01 -6.25707865e-01
    1.29532576e+00 1.36083591e+00 5.91570973e-01 1.03198946e-01
    1.09169793e+00 4.78494823e-01 1.53262305e+00 3.67547214e-01
    5.62753320e-01 -2.06539512e-01 5.74355364e-01 1.73157191e+00
    6.56461120e-01 -1.95549250e-01 1.71138704e-01 1.09277153e+00
    6.25628471e-01 -7.38286376e-01 9.69599247e-01 9.53572273e-01
    -1.39943123e-01 1.62632108e+00 6.39633656e-01 8.45202982e-01
    1.38036275e+00 1.09705544e+00 -6.76340997e-01 3.20042551e-01
    -2.70637870e-02 2.75924325e-01 8.27922463e-01 -3.06031913e-01
    -1.32442236e-01 1.62264574e+00 7.07365870e-01 -3.25627923e-01
    1.18517375e+00 7.93306410e-01 -6.97792709e-01 1.12026453e+00
    4.30633724e-01 5.60329378e-01 6.55654252e-01 1.47243977e+00
    8.57898533e-01 6.15898311e-01 -5.57836711e-01 -3.64659280e-01
    9.73134458e-01 3.04661810e-01 6.05575442e-01 6.87984526e-01
    7.52335787e-03 -5.91101408e-01 1.97076440e-01 1.47089791e+00
    2.70487905e-01 -6.09135211e-01 9.43615437e-01 1.45707536e+00
    2.60056615e-01 1.08577538e+00 1.63775218e+00 1.63672233e+00
    -5.82380056e-01 1.59368575e+00 8.04153204e-01 -2.09460020e-01
    -7.22779512e-01 9.18809831e-01 8.27795267e-03 1.46469319e+00
    -6.42001331e-01 -1.27474308e-01 1.50899410e+00 -1.08645260e-01
    6.04003847e-01 1.56412816e+00 3.99155080e-01 2.89030492e-01
    1.40371013e+00 7.13652253e-01 1.43774509e-01 -5.24217486e-02
    1.35082483e+00 2.24383414e-01 4.03215051e-01 5.27457952e-01
    1.35459244e-01 -4.02565509e-01 -5.97168565e-01 1.50491381e+00
    8.73515189e-01 -5.15180707e-01 1.53792644e+00 5.43246090e-01
    -7.06808686e-01 1.15372646e+00 4.98452842e-01 -2.42721796e-01
    -1.52265489e-01 6.79363787e-01 1.43926382e+00 6.42316282e-01
    1.50161290e+00 2.28945494e-01 1.46186900e+00 3.38938236e-01
    -1.89410329e-01 1.91077948e-01 -7.06725061e-01 -6.54125333e-01
    1.75530589e+00 -2.37003267e-01 1.92566156e-01 5.17972648e-01
    4.01149988e-01 1.55675244e+00 7.45959103e-01 1.33168662e+00
    1.29362345e-02 7.31805384e-01 6.65080190e-01 9.07427251e-01
    -2.17388928e-01 1.52844036e+00 7.82640815e-01 2.77788460e-01
    5.35896182e-01 1.23538423e+00 -4.83707964e-01 8.98431301e-01
    8.24296951e-01 3.13664615e-01 -1.23768389e-01 7.15198398e-01
    9.15386379e-01 1.58319545e+00 -6.98080301e-01 9.42494631e-01
    2.05232501e-02 5.10402441e-01 4.44757938e-02 9.00899649e-01
    1.31267118e+00 6.29535437e-01 1.27137184e+00 4.07148361e-01
    5.85339606e-01 1.69669008e+00 -2.72028714e-01 -1.69960260e-02
    7.43448973e-01 -1.41143084e-01 -4.55593586e-01 1.36836982e+00
    2.90670693e-01 -7.23780096e-01 5.25940955e-01 1.14575863e-01
    6.02756917e-01 -2.90903181e-01 5.61587512e-01 4.78133142e-01
    5.92300177e-01 5.14683068e-01 1.43450880e+00 -8.80796611e-02
    5.09970903e-01 8.52685094e-01 1.30440986e+00 1.15734792e+00
    9.47401345e-01 9.70826030e-01 5.50084651e-01 1.09269190e+00
    2.08826780e-01 1.58745646e+00 1.23601770e+00 -5.73661804e-01
    3.83315325e-01 -5.94696641e-01 -1.56761110e-01 4.11436200e-01
    -4.85483378e-01 6.16745055e-01 1.57117760e+00 -4.84596103e-01
    -7.07473934e-01 -4.03386414e-01 7.55028903e-01 4.84696746e-01
    -4.80749130e-01 -3.65115285e-01 9.69043970e-01 -2.57049590e-01
    1.13171291e+00 -2.45465517e-01 9.06191826e-01 9.80799794e-02
    1.06174731e+00 1.44002128e+00 -1.76871419e-02 6.47046328e-01
    1.51158404e+00 1.42647660e+00 6.09936833e-01 -5.68158031e-01
    1.25039721e+00 1.60527432e+00 3.34043443e-01 1.22209549e+00
    1.14800787e+00 1.26825953e+00 -7.60769427e-01 4.66728091e-01
    1.02516961e+00 1.66665506e+00 3.64150584e-01 3.65980148e-01
    1.23977792e+00 -1.21415079e-01 -7.27512538e-01 1.44795024e+00
    1.62134600e+00 4.84932184e-01 1.50882280e+00 2.34758854e-03
    7.59541869e-01 1.67636871e-01 -1.40088201e-01 4.49876070e-01
    7.96839595e-02 -6.74787760e-02 3.30696166e-01 1.20954204e+00
    7.30594814e-01 1.10169673e+00 1.21876013e+00 -4.05286372e-01
    1.16702914e+00 3.06804180e-01 -7.10198581e-01 1.27820933e+00
    1.02307832e+00 -6.99081898e-01 3.18585694e-01 -5.45177341e-01
    1.02875829e-01 1.53674459e+00 7.71405756e-01 4.45143402e-01
    3.37056518e-01 -7.40306675e-01 -4.48607504e-01 8.79530251e-01
    1.64067650e+00 1.36963034e+00 5.39072812e-01 7.92131543e-01
    9.60860610e-01 2.07508147e-01 2.65848398e-01 2.27197647e-01
    9.59867954e-01 1.54029453e+00 1.17101276e+00 6.40212834e-01
    6.48920000e-01 -3.35009247e-01 1.20424843e+00 -1.85350239e-01
    3.20732176e-01 5.60772598e-01 -4.57865506e-01 -6.47495985e-01
    -4.96935278e-01 4.67393339e-01 8.77879500e-01 5.17035961e-01
    1.29653394e-01 6.74437284e-01 4.14744675e-01 7.58217394e-01
    -9.99970436e-02 7.02850401e-01 1.66964030e+00 1.44030452e-01
    1.23982716e+00 1.11332190e+00 4.35781777e-01 -5.19955158e-01
    1.44196928e-01 6.75074995e-01 1.26903224e+00 7.85779357e-02
    -4.65842783e-01 2.20042884e-01 -1.98677123e-01 4.93217051e-01
    4.48210061e-01 1.48343468e+00 -5.44154644e-02 -1.10559106e-01
    1.57748556e+00 -3.80620897e-01 7.44656980e-01 1.85278594e-01
    7.42148221e-01 7.21926272e-01 -4.22163248e-01 -3.63255948e-01
    7.93211162e-01 -5.01246572e-01 9.11423266e-01 8.48523021e-01
    8.73068571e-01 1.02306747e+00 5.16462505e-01 -1.61160707e-01
    4.66853380e-02 5.60887098e-01 7.22134531e-01 -3.88066769e-02
    1.59653258e+00 8.18176985e-01 1.41462445e-01 1.39614952e+00
    -1.53793037e-01 -7.09896088e-01 6.52353406e-01 -4.81999725e-01
    1.70327330e+00 -7.16952980e-01 9.49950337e-01 -2.50872552e-01
    2.20425546e-01 -6.41326845e-01 1.30804074e+00 -3.70765477e-01
    9.93819118e-01 1.39601421e+00 1.57421565e+00 8.90782893e-01
    1.01545453e-01 -2.75490850e-01 8.40517044e-01 3.50093484e-01
    6.41803086e-01 4.68957663e-01 1.73177576e+00 5.88196993e-01
    1.37205529e+00 -2.31499791e-01 1.14764118e+00 8.31951678e-01
    1.40320182e+00 7.82161772e-01 -3.27511340e-01 -5.08856535e-01
    -1.50361121e-01 -4.23717141e-01 1.36362910e+00 1.74770904e+00
    -1.33738279e-01 -2.99495459e-03 6.10250354e-01 1.56641448e+00
    -2.33131051e-02 1.12950468e+00 -4.06039804e-01 7.30217159e-01
    1.49271011e+00 1.02423811e+00 4.01760221e-01 -6.33685589e-02
    1.77820420e+00 5.52521050e-01 1.33921027e-01 -5.12316644e-01
    -1.53787553e-01 -6.09796047e-01 1.00792050e-02 7.65804887e-01
    -2.59291828e-01 5.63100696e-01 8.01018298e-01 -2.60570377e-01
    6.46885633e-02 -6.38894439e-02 1.65958667e+00 3.49848092e-01
    -3.84771436e-01 4.23424482e-01 -4.18477654e-01 2.38696575e-01
    1.32197523e+00 -5.29039443e-01 9.72228587e-01 1.14950514e+00
    6.51470959e-01 -4.48153257e-01 4.48284328e-01 6.32185042e-01
    1.31935573e+00 -7.14487374e-01 -7.70677924e-02 -3.60444129e-01
    -1.82142437e-01 4.21990693e-01 7.71864891e-01 3.24379683e-01
    -1.47135735e-01 1.54350328e+00 -2.87058294e-01 1.20927596e+00
    1.62822270e+00 1.31331444e-01 1.72351003e-01 7.11337924e-02
    1.82537317e+00 1.90328312e+00 8.06660891e-01 -2.52341032e-01
    1.36424744e+00 1.98611760e+00 9.05525684e-01 -4.06764925e-01
    4.62412834e-02 -3.12090844e-01 -1.62188560e-01 1.59964979e+00
    -1.14037395e-01 8.55287910e-02 -1.70230865e-01 -3.42348754e-01
    1.91877306e-01 2.60970831e-01 -2.92952985e-01 -4.60118055e-03
    2.16473103e-01 3.88824522e-01 -3.15663815e-02 1.48909783e+00
    7.76196182e-01 2.95429409e-01 6.70594692e-01 1.09707117e+00
    1.39822423e+00 3.71141076e-01 1.09313238e+00 1.41442060e+00
    4.37742412e-01 -3.37033868e-01 7.06893027e-01 -1.25854671e-01
    8.35941076e-01 1.27903187e+00 -1.66414857e-01 1.20298576e+00
    6.74887061e-01 4.12993193e-01 1.34377503e+00 -2.50429511e-01
    1.40086770e-01 2.00123727e-01 3.58445942e-01 1.24894881e+00
    -4.59474206e-01 -9.34054255e-02 -6.48788393e-01 -7.11976290e-01
    8.93402457e-01 3.13613594e-01 2.75374234e-01 -8.05417418e-01
    -9.91442800e-02 1.34893823e+00 5.50808311e-02 8.83979201e-01
    -1.62914574e-01 1.29585624e+00 -6.65041447e-01 -2.93628037e-01
    7.96573460e-01 -6.19708598e-01 1.45890915e+00 1.19275522e+00
    1.02147222e+00 1.05063069e+00 3.57772589e-01 -4.42216128e-01
    4.08015609e-01 6.73988104e-01 1.47340631e+00 -3.34754318e-01
    -8.77857208e-04 -4.66249555e-01 -1.78053916e-01 -2.27000654e-01
    -5.18377662e-01 -2.45738745e-01 -2.61279374e-01 1.32559466e+00
    -7.18564451e-01 -9.30575728e-02 -2.97464609e-01 2.38583028e-01
    9.01229084e-01 -5.83584309e-01 -2.56276190e-01 8.79730344e-01
    8.52608681e-01 -1.34815693e-01 -5.07635057e-01 1.54381657e+00
    1.69541550e+00 1.04859877e+00 2.84596741e-01 -5.60610414e-01
    2.12677717e-02 -5.06086230e-01 8.09242904e-01 1.59440351e+00
    -1.20210111e-01 1.42648673e+00 -2.59257406e-01 -4.76814955e-01
    -5.83564043e-02 -3.38126630e-01 9.72288966e-01 -6.52995646e-01
    1.05407131e+00 1.42752337e+00 1.32302034e+00 7.58029222e-02
    -4.80235487e-01 1.54187894e+00 7.84334421e-01 3.53676677e-02
    1.58876991e+00 1.47642684e+00 1.37462139e+00 8.67509723e-01
    -5.44090569e-01 -1.52584612e-01 4.95480478e-01 -7.16127574e-01
    1.26046944e+00 1.35142946e+00 1.19313824e+00 -1.66518867e-01
    1.72692263e+00 5.83274603e-01 1.36282003e+00 8.47568393e-01
    7.63871312e-01 -6.65774167e-01 1.38975108e+00 5.62748253e-01
    9.14662480e-01 1.55142844e+00 -1.32270873e-01 5.93425095e-01
    3.73134911e-01 -2.59983480e-01 -8.80360603e-02 -3.02105397e-01
    1.04669571e+00 -4.98159111e-01 2.79518425e-01 6.52908683e-01
    5.18496871e-01 1.09131634e+00 -4.39993411e-01 -1.21575892e-01
    8.82654071e-01 2.87659705e-01 -6.94651008e-02 -1.11992776e-01
    1.64799905e+00 1.25036657e-01 1.33774447e+00 8.76138806e-01
    1.38523734e+00 1.65145028e+00 2.35612810e-01 1.56075919e+00
    8.33524227e-01 7.41644740e-01 -3.10232788e-01 -5.58321774e-01
    4.90352511e-01 7.52576649e-01 -5.92805266e-01 1.10217261e+00
    -5.11163116e-01 2.57427871e-01 -4.89023715e-01 1.51417136e-01
    9.25491512e-01 -2.31177330e-01 2.22736835e-01 1.59893394e+00
    -6.87883317e-01 -4.24418151e-01 -5.90355456e-01 1.67180347e+00
    1.09516561e+00 -2.06162333e-02 3.83899868e-01 -1.41120732e-01
    4.63487267e-01 7.96835363e-01 -2.12356210e-01 1.73485589e+00
    1.50383675e+00 7.39493430e-01 9.75126266e-01 1.25735140e+00
    1.48702407e+00 1.76396823e+00 2.92159081e-01 -4.21022862e-01
    -3.95875126e-01 -2.43265182e-01 -1.79311037e-02 2.71469176e-01
    1.53936899e+00 1.37581038e+00 1.47863615e+00 9.71959472e-01
    -3.26691329e-01 -5.43320239e-01 1.70709074e+00 -1.28833115e-01
    -4.37128961e-01 1.68543947e+00 1.35590816e+00 1.57506263e+00
    8.42281699e-01 1.04939342e-01 6.71984553e-02 3.07711899e-01
    1.31059217e+00 6.91860557e-01 -6.14221752e-01 -3.19311589e-01
    1.51948595e+00 8.19343209e-01 1.51466990e+00 1.08919632e+00
    5.12181103e-01 -3.76057625e-03 1.74873650e-01 -6.78136289e-01
    -1.81368828e-01 1.58375883e+00 4.40194905e-01 1.19346297e+00
    9.08943892e-01 1.66632509e+00 -3.31602037e-01 -3.17445129e-01
    1.05676889e+00 1.28208709e+00 4.75078225e-02 4.60768938e-01
    -2.70792246e-02 -5.04030108e-01 -5.60086131e-01 4.15187359e-01
    7.42202580e-01 6.87520623e-01 5.76311350e-02 9.12710726e-01
    1.29430747e+00 1.53180182e-01 1.33036232e+00 5.97636044e-01
    -2.52621174e-02 3.62811834e-01 1.40682054e+00 -1.63678467e-01
    -3.42083454e-01 -1.66101009e-01 1.44260824e-01 3.54301453e-01
    1.42648101e+00 2.79122651e-01 9.62143600e-01 -5.57432950e-01
    -4.80901182e-01 5.07823288e-01 1.20094812e+00 8.94568563e-02
    -1.94076836e-01 -1.04080915e-01 1.48873210e+00 -6.89566553e-01
    1.13414884e+00 -3.28241020e-01 -2.26696789e-01 1.78254020e+00
    5.46094835e-01 -6.45136356e-01 -4.42421377e-01 2.23179162e-01
    -1.21354222e-01 1.16736150e+00 9.84748304e-01 1.16694033e-01
    -3.75907451e-01 1.50746119e+00 1.12264204e+00 1.69583058e+00
    1.51034021e+00 9.77489352e-02 -4.01702881e-01 4.54230547e-01
    1.35421181e+00 9.71384883e-01 2.32397616e-01 1.39846706e+00
    5.46069920e-01 2.42869377e-01 -2.46196747e-01 9.40155566e-01
    1.14023244e+00 1.62751603e+00 6.27764821e-01 7.65798509e-01
    -8.13541412e-02 1.12849069e+00 1.65178728e+00 8.40258598e-03
    9.61852372e-01 -7.07938790e-01 1.71284842e+00 1.57988548e+00
    7.50951171e-01 1.34827161e+00 -2.97689348e-01 -6.21799231e-02
    1.50312829e+00 -4.49624091e-01 2.90880919e-01 1.39274299e-01
    1.11313689e+00 -3.49513829e-01 1.58895230e+00 1.39730978e+00
    1.66168034e+00 1.03299153e+00 -2.64742702e-01 8.16367626e-01
    1.40157771e+00 1.72770131e+00 1.28872275e+00 6.35399044e-01
    -2.11292326e-01 1.38008142e+00 7.45772719e-01 1.05013943e+00
    1.41403365e+00 1.05980575e-01 1.30176473e+00 1.38316596e+00
    -6.81856215e-01 1.11860585e+00 1.70092320e+00 1.46132827e+00
    -1.25113249e-01 8.73643100e-01 2.75398016e-01 7.92846262e-01
    2.19382703e-01 9.24281776e-01 1.63999045e+00 1.46462417e+00
    1.56257141e+00 1.47148013e+00 6.06989145e-01 -6.85242951e-01
    1.25129139e+00 6.03998482e-01 1.47862220e+00 1.88048780e-01
    3.04584384e-01 1.37964284e+00 1.16604424e+00 -6.28945053e-01
    6.32059574e-03 -2.84699827e-01 -3.44792098e-01 -4.40717876e-01
    -3.44546288e-01 5.13571441e-01 1.27860093e+00 1.27359354e+00
    -2.48307109e-01 9.60201025e-03 2.03965783e-01 3.56972218e-04
    -5.41489244e-01 1.51903141e+00 1.44795537e+00 3.37193727e-01
    8.29703689e-01 -2.69600391e-01 1.67092919e+00 5.91597080e-01
    4.18963611e-01 -2.89392024e-01 8.78061652e-02 8.73375952e-01
    3.91249835e-01 1.61238909e+00 -1.71172023e-01 -5.00962675e-01
    1.09819520e+00 1.44533134e+00 8.84403586e-01 8.44517350e-01
    -2.24944770e-01 -7.11748362e-01 -1.91226184e-01 1.03056657e+00
    6.25132442e-01 -3.62049907e-01 1.90213084e-01 1.63079202e-01
    3.44102919e-01 1.58605170e+00 1.20182645e+00 5.80048501e-01
    1.14160895e+00 1.61696064e+00 3.58292699e-01 1.32236958e-01
    -7.20158994e-01 1.76678538e-01 6.80738688e-01 5.66875756e-01
    -2.75837749e-01 1.23249483e+00 -9.55377221e-02 -4.88647938e-01
    5.04737258e-01 3.19960058e-01 -4.69663173e-01 4.62933600e-01
    1.36030316e-02 1.73497057e+00 9.67390239e-01 -5.16920626e-01
    2.73266196e-01 1.09129786e+00 2.43756175e-02 -5.70302010e-01
    -3.84401083e-02 -5.33521175e-01 9.02464926e-01 2.15795040e-01
    1.33678579e+00 -5.44987202e-01 -7.40933418e-02 7.11995363e-03
    -3.00994098e-01 4.81781244e-01 2.85863757e-01 8.65910172e-01
    1.72598052e+00 1.03780651e+00 1.54919028e+00 1.09803462e+00
    3.16682458e-01 3.89681995e-01 -6.39049411e-02 1.40446270e+00
    2.74464726e-01 -4.43827391e-01 -1.56729817e-01 1.64086199e+00
    7.86725640e-01 3.40583861e-01 6.65394902e-01 -6.80997431e-01
    8.78993273e-02 5.62973022e-01 -6.74715757e-01 -5.03108025e-01
    9.70943332e-01 -1.12292171e-02 1.69138706e+00 6.67375088e-01
    8.13353717e-01 1.16688788e+00 -3.03734720e-01 5.70206225e-01
    1.12892234e+00 7.51659811e-01 -4.41499591e-01 7.27591455e-01
    -1.74304008e-01 1.56165123e+00 -6.98612630e-01 9.93403733e-01
    1.05749488e+00 2.87075400e-01 7.70224154e-01 1.08498502e+00
    1.21491098e+00 1.66547823e+00 7.17472196e-01 1.47957635e+00
    -3.40419114e-01 1.73463488e+00 -4.09825951e-01 1.34146988e+00
    9.48170364e-01 1.56453753e+00 1.37177300e+00 -4.28748906e-01
    1.31577420e+00 1.15582252e+00 -6.23433053e-01 1.82792008e-01
    1.29228127e+00 -4.81519341e-01 1.67764711e+00 -4.83044505e-01
    7.39927530e-01 2.31859416e-01 4.54772383e-01 1.59109807e+00
    9.58850801e-01 1.86021960e+00 1.49071485e-01 1.73451853e+00
    1.60611272e-01 3.86564970e-01 5.83750129e-01 2.18838394e-01
    4.70090926e-01 6.26421511e-01 3.21662843e-01 7.82633722e-01
    1.40751815e+00 2.38669276e-01 1.08909822e+00 -6.86743259e-02
    -4.28894728e-01 7.21600771e-01 2.16426909e-01 6.65191710e-01
    -6.89402640e-01 -5.37893057e-01 -2.81098574e-01 -3.23546708e-01
    1.30840635e+00 9.72895980e-01 5.26526570e-02 -5.44942260e-01
    -1.66906357e-01 8.45668674e-01 -6.01401508e-01 1.21220648e-01
    1.52058005e-01 -6.55970931e-01 -6.60519838e-01 -2.58943439e-02
    -6.21678233e-01 6.05784118e-01 4.58704233e-02 1.07297277e+00
    -7.34293699e-01 2.84623384e-01 -7.39040971e-01 7.78423846e-01
    1.56373608e+00 3.80946815e-01 -3.52318019e-01 -7.27947831e-01
    2.58648098e-01 1.28228688e+00 6.82998836e-01 5.65126359e-01
    2.69942105e-01 1.14158010e+00 3.24018300e-01 4.78600383e-01
    -6.95991278e-01 1.31654346e+00 6.26905501e-01 1.06823730e+00
    5.94702065e-01 -1.24433041e-02 1.71483040e-01 9.65630114e-01
    1.46292245e+00 -3.81552964e-01 8.93268466e-01 1.25086761e+00
    1.29569960e+00 2.13291287e-01 1.36953855e+00 1.43622935e-01
    2.13214159e-02 1.59896731e-01 1.31292641e-01 -5.29740989e-01
    6.69733584e-01 9.41933990e-02 3.42508316e-01 6.69188380e-01
    1.67231715e+00 -1.84153914e-01 1.51315939e+00 1.29291725e+00
    5.17955363e-01 -3.59706938e-01 5.74820220e-01 -5.67298889e-01
    1.82229817e-01 1.02294743e-01 -1.63565397e-01 1.01524222e+00
    -7.42782116e-01 6.66149735e-01 5.92094660e-01 1.25185931e+00
    1.45726490e+00 9.62819755e-01 6.01684451e-01 1.55196738e+00
    7.87774622e-01 3.02341998e-01 1.47800517e+00 1.87628031e-01
    1.28130364e+00 1.35170662e+00 8.39281738e-01 1.58713365e+00
    5.39011836e-01 3.63976121e-01 -5.48935890e-01 5.75598776e-01
    5.84428310e-01 1.58590364e+00 4.76421654e-01 1.61316156e+00
    1.92781508e-01 1.01557434e+00 1.62039733e+00 -1.48602247e-01
    -5.77374637e-01 8.46218467e-02 4.98911738e-02 1.25269544e+00
    6.60657287e-02 -8.69882703e-02 3.90147865e-01 -1.03120208e-01
    1.69734299e+00 -1.67394996e-01 7.98182428e-01 -5.78826249e-01
    1.66798270e+00 4.50336993e-01 1.49278736e+00 1.69708157e+00
    3.73177826e-01 1.12750316e+00 1.22344255e+00 4.26724374e-01
    -4.87120867e-01 1.55642641e+00 -2.54320383e-01 4.81347382e-01
    -1.44106507e-01 6.61215305e-01 -1.77081287e-01 9.60743725e-01
    1.86842442e-01 6.10643566e-01 1.33276105e-01 1.02388787e+00
    9.90079880e-01 -6.98440552e-01 1.19582713e+00 1.11854291e+00
    1.00575686e-01 -7.13766813e-02 6.63848519e-02 1.95946693e-01
    -6.13342047e-01 8.30685019e-01 7.66572535e-01 1.47447026e+00
    1.53379560e+00 3.24217498e-01 -6.90651119e-01 9.35393751e-01
    -4.72559243e-01 -6.54278755e-01 -4.95426983e-01 4.72654164e-01
    1.49502158e+00 1.03439760e+00 1.75512958e+00 -7.54968703e-01
    1.98626697e-01 9.16226923e-01 8.36770356e-01 -5.39282322e-01
    6.25191987e-01 1.38457513e+00 1.59917307e+00 1.77037561e+00
    -6.57742798e-01 1.37447393e+00 1.37859035e+00 -7.34791219e-01
    -2.93067098e-02 -6.94596767e-03 1.20930159e+00 -4.50030863e-01
    7.75916219e-01 -3.64648908e-01 8.16494823e-01 4.19596016e-01
    1.57262647e+00 -5.64739108e-02 1.52573562e+00 1.33024907e+00
    2.10898459e-01 1.12614131e+00 -3.96757722e-01 1.67213607e+00
    3.88042331e-01 9.98853445e-02 1.58324456e+00 1.22924411e+00
    1.56428468e+00 1.63302588e+00 1.42972803e+00 -7.11939991e-01
    7.41732240e-01 1.65464497e+00 1.03014612e+00 -1.86270893e-01
    1.17293966e+00 2.98267603e-01 -3.43974143e-01 -8.61506462e-02
    1.05345511e+00 5.04199624e-01 1.27954602e-01 1.73752308e+00
    1.25940776e+00 -7.19589889e-01 6.23193979e-02 1.23460889e+00
    1.50844097e+00 5.98810971e-01 8.15955698e-01 -9.70822573e-02
    -3.69024485e-01 -6.79901004e-01 -4.53291655e-01 4.19974744e-01
    -1.56280100e-01 1.09144962e+00 -4.08111572e-01 4.07203376e-01
    3.01542819e-01 -2.73246527e-01 -2.94826180e-01 -1.91419125e-02
    1.52661157e+00 5.59846520e-01 -5.92848897e-01 -4.73058313e-01
    1.13334370e+00 1.23024035e+00 -4.16654885e-01 7.58791149e-01
    -2.87049264e-01 1.53756350e-01 1.19432926e-01 1.44822383e+00
    9.58875418e-02 1.32263768e+00 1.03563190e+00 -2.71348953e-01
    -1.70582652e-01 4.15423334e-01 3.22978735e-01 4.85436320e-01
    3.84337425e-01 1.11795878e+00 1.41739225e+00 1.27874851e-01
    2.04868376e-01 8.02535295e-01 3.03216517e-01 3.23152781e-01
    7.78971732e-01 -1.69483125e-01 8.38225365e-01 3.50055695e-01
    -1.86828375e-02 -3.32660615e-01 -5.70239604e-01 -3.46416771e-01
    4.99905646e-01 -5.49066961e-01 3.84388685e-01 1.30211842e+00
    4.15265560e-02 -8.41023326e-02 9.16965365e-01 -3.19772929e-01
    6.74103737e-01 3.79533768e-02 2.89685726e-01 1.33148932e+00
    6.55593812e-01 -6.43213391e-01 -6.65566027e-01 1.46960545e+00
    1.47869861e+00 2.18691468e-01 1.80476546e-01 -6.01330996e-02
    6.70059919e-02 -4.78467494e-01 1.29401612e+00 1.69198418e+00
    1.80941343e-01 9.69251931e-01 -6.31221175e-01 1.53389466e+00
    -4.94246989e-01 -2.54348993e-01 1.12124228e+00 4.59896028e-01
    -3.90354514e-01 1.56848049e+00 1.45046675e+00 -5.17085075e-01
    -7.21333325e-01 -4.64912146e-01 -2.31387496e-01 9.70593810e-01
    1.37099743e+00 3.28995764e-01 -5.83039105e-01 -4.10306454e-02
    -6.77603841e-01 -6.97987616e-01 -6.99600577e-02 -3.71997625e-01
    1.25035334e+00 8.42825830e-01 1.26310658e+00 -2.52880931e-01
    1.43645942e-01 1.18735194e-01 -1.75513864e-01 8.46966088e-01
    6.76387012e-01 4.93964732e-01 3.13664496e-01 1.33635354e+00
    1.12785578e+00 9.26803291e-01 4.34374094e-01 1.01624370e+00
    1.05844021e+00 -7.65202284e-01 7.98366666e-02 7.21765995e-01
    5.65202057e-01 5.06113172e-01 -4.02869076e-01 -2.97080696e-01
    -7.75025845e-01 8.95619392e-03 -5.81434965e-02 -6.13639355e-02
    1.92303956e-01 -3.05610985e-01 1.75028348e+00 7.47872949e-01
    -7.25639760e-01 1.86011553e-01 1.66250694e+00 1.32712865e+00
    1.73809886e-01 1.57619834e-01 1.55852032e+00 1.75422573e+00
    1.26475585e+00 1.54326916e+00 4.05520201e-02 1.07093453e+00
    3.28755558e-01 1.68481517e+00 1.66329241e+00 1.01684058e+00
    7.61156559e-01 1.51450372e+00 1.24387455e+00 -4.27370727e-01
    1.57944119e+00 4.80962992e-02 4.60553706e-01 9.27823067e-01
    1.10131669e+00 -4.00937170e-01 -7.59632587e-02 4.59193468e-01
    1.54722548e+00 -6.07426822e-01 1.03160167e+00 6.55288279e-01
    1.71383440e-01 -5.07390738e-01 7.12551773e-01 5.05678535e-01
    -5.32580018e-02 2.43527234e-01 1.14941311e+00 4.24500704e-01
    9.35564458e-01 1.46915293e+00 1.27402520e+00 8.75996590e-01
    4.25038517e-01 1.48829722e+00 9.61693883e-01 -6.12258196e-01
    1.35938621e+00 -1.13712311e-01 -8.70609283e-02 1.76646233e-01
    1.28611696e+00 8.12775731e-01 7.04726815e-01 -3.24821591e-01
    5.84302425e-01 1.66698790e+00 5.82310140e-01 -5.91130435e-01
    8.32023442e-01 -7.14628637e-01 -7.56529033e-01 1.47810614e+00
    1.54745293e+00 1.01268482e+00 8.34874988e-01 -3.83802921e-01
    -6.91169977e-01 1.18309450e+00 -3.72527778e-01 6.05921507e-01
    1.68778002e+00 -3.08706880e-01 1.69582558e+00 1.46662426e+00
    1.69094992e+00 8.20346594e-01 8.23948979e-02 2.36414909e-01
    4.12853360e-01 1.60759616e+00 3.63738894e-01 -6.93101645e-01
    1.61608219e+00 -4.55310822e-01 8.23343992e-01 -3.37245494e-01
    5.01561880e-01 1.61901522e+00 -1.06902540e-01 6.56081855e-01
    -5.64300954e-01 1.46685302e-01 -2.49793231e-01 8.40891361e-01
    1.24601364e+00 1.22417259e+00 5.55625141e-01 1.56656599e+00
    5.38573325e-01 9.81842458e-01 -2.74298072e-01 1.14476085e+00
    1.48272800e+00 3.98833334e-01 1.04583526e+00 7.45937526e-01
    4.31110978e-01 -6.53249025e-03 7.42313445e-01 -3.56466174e-02
    -2.10428774e-01 5.89283347e-01 2.17669666e-01 1.29961181e+00
    -7.01504886e-01 1.70758224e+00 1.29153728e-02 -2.65756249e-01
    -3.98699641e-02 5.29513001e-01 1.69800913e+00 6.01233721e-01
    1.35132360e+00 -6.45116568e-01 -5.63573122e-01 -5.73200941e-01
    6.72159255e-01 3.13434005e-02 -1.85679972e-01 2.12822080e-01
    8.66694927e-01 -5.08809686e-01 4.78776217e-01 5.66125989e-01
    -7.00593352e-01 2.75848389e-01 1.54700148e+00 -5.84338129e-01
    1.63469338e+00 -6.37430727e-01 6.72921121e-01 1.72597432e+00
    1.24226999e+00 1.50041223e+00 3.89005303e-01 1.79933178e+00
    -2.46108353e-01 6.76523447e-02 1.80508566e+00 9.32236731e-01
    6.34957790e-01 1.61553359e+00 -4.01319385e-01 9.12313461e-02
    -1.08420938e-01 4.49321270e-02 1.74677181e+00 1.52517283e+00
    2.47992039e-01 1.36960602e+00 1.54391420e+00 -6.77910924e-01
    -1.67477667e-01 -5.47705650e-01 1.08056211e+00 -5.33197880e-01
    -4.33026642e-01 8.61453474e-01 1.33891225e+00 -5.19649208e-01
    -8.30563903e-02 1.66266799e+00 -5.83345175e-01 3.75097334e-01
    3.51903021e-01 7.77067244e-01 3.44600081e-02 7.90024757e-01
    -1.38934970e-01 5.75966418e-01 1.73906898e+00 -3.52097422e-01
    7.30066299e-01 3.02094698e-01 1.55996633e+00 7.30261087e-01
    1.09171522e+00 1.69157195e+00 3.28907788e-01 -7.65285492e-02
    3.59041035e-01 1.29315805e+00 1.64697170e-01 6.25536442e-01
    9.66010451e-01 1.52736998e+00 -1.42789841e-01 -4.93583798e-01
    -4.77311045e-01 6.65537477e-01 7.95386493e-01 1.48138952e+00
    4.85837460e-01 5.43349385e-02 1.65676570e+00 1.20283389e+00
    1.03455734e+00 1.15292251e-01 7.79389679e-01 1.62169003e+00
    9.83587384e-01 7.73136318e-01 1.28707826e+00 7.96066403e-01
    2.26633251e-01 1.47487092e+00 7.25522816e-01 -2.28036463e-01
    1.41552234e+00 1.41958904e+00 8.24305952e-01 1.38343716e+00
    1.18079638e+00 1.83251619e-01 3.47022414e-01 -5.71571589e-01
    1.08641756e+00 9.47051883e-01 1.86167538e-01 4.93850589e-01
    9.55077112e-01 1.96264207e-01 6.04918718e-01 1.59668088e+00
    1.69273770e+00 1.67776465e+00 -2.42618382e-01 -3.81995022e-01
    1.55403078e+00 -3.57669801e-01 -6.68907404e-01 -5.14142275e-01
    1.59121156e-01 1.69233084e-01 -7.38770604e-01 -2.80517638e-01
    2.97371328e-01 5.43470263e-01 -4.65456843e-01 -5.52771270e-01
    5.33175647e-01 1.02517009e+00 1.25152075e+00 1.38458014e-02
    -9.97784734e-02 -5.75901866e-02 7.39803791e-01 1.11689854e+00
    -4.07538235e-01 4.62907255e-01 7.36952782e-01 1.33970308e+00
    2.30242193e-01 1.05291307e-01 -6.28029108e-01 9.49383736e-01
    -3.48235667e-01 -6.53906822e-01 1.66733682e-01 1.68853796e+00
    -3.11085224e-01 1.39034772e+00 2.74956703e-01 7.02473819e-01
    -2.18869001e-01 1.24892354e+00 -1.11807764e-01 -6.44990027e-01
    1.72884345e+00 9.81374741e-01 7.62099683e-01 -6.01353049e-01
    -4.49399948e-02 6.23159528e-01 1.20805812e+00 2.81836390e-01
    7.76670516e-01 6.17489338e-01 1.18202150e+00 1.53599143e+00
    6.42256141e-02 1.24972677e+00 4.67303038e-01 1.07622313e+00
    -6.00721657e-01 1.75205922e+00 4.64260161e-01 4.95906115e-01
    -6.29013717e-01 1.15658498e+00 7.96626925e-01 1.30727160e+00
    3.50419104e-01 8.73479187e-01 -5.36297023e-01 8.03075373e-01
    1.20705080e+00 3.14239264e-01 -2.12301135e-01 1.49914634e+00
    5.41731715e-02 1.09686971e+00 -4.58192647e-01 5.49315512e-01
    8.39309990e-01 6.44065678e-01 1.31770349e+00 1.28812075e+00
    1.44884872e+00 2.46336877e-01 2.13846207e-01 4.06091273e-01
    1.36898267e+00 5.15571833e-01 9.19126511e-01 -1.66235566e-02
    1.10122550e+00 9.87753808e-01 9.50968266e-03 6.80160701e-01
    5.43346763e-01 -6.50583923e-01 1.68974698e+00 6.27043366e-01
    1.20633042e+00 1.05725193e+00 1.13778377e+00 1.62417364e+00
    -6.32725835e-01 -2.62524217e-01 -5.37507296e-01 1.81620240e-01
    -4.70098674e-01 9.95689273e-01 -6.14666939e-02 1.43722451e+00
    1.43256235e+00 1.14644229e-01 5.33939660e-01 1.34438717e+00
    -5.38779140e-01 1.68256736e+00 9.22828257e-01 -3.39221507e-01
    -2.33303845e-01 4.32356000e-01 -7.09390879e-01 8.05266798e-01
    8.27826262e-02 1.26626241e+00 -3.96841288e-01 1.01274467e+00
    4.02043045e-01 -6.89784169e-01 2.85495460e-01 -3.14958334e-01
    3.69552314e-01 7.96390176e-02 1.10970974e+00 4.47685003e-01
    1.32242644e+00 4.47171211e-01 1.20374346e+00 1.20771408e-01
    5.87754846e-01 9.98041749e-01 -9.61402655e-02 1.10683835e+00
    1.58526218e+00 -9.77277160e-02 1.24863279e+00 1.19515705e+00
    -2.50551522e-01 -6.34648323e-01 4.72081363e-01 -3.95300448e-01
    2.31450737e-01 1.75000787e+00 -6.85478866e-01 1.70936561e+00
    1.20010614e+00 8.47211421e-01 1.08858776e+00 1.34589624e+00
    1.69742942e+00 3.47146153e-01 1.63562608e+00 -6.13822877e-01
    1.26004910e+00 -2.75227219e-01 1.45282435e+00 3.58953178e-01
    1.51765883e-01 1.09814978e+00 1.64737654e+00 4.99114156e-01
    5.80899954e-01 5.45855463e-01 2.21396357e-01 1.61270261e+00
    1.35212207e+00 1.30272448e-01 -6.08723998e-01 3.89517307e-01
    8.18018615e-01 1.11323714e-01 1.10589480e+00 1.76636279e+00
    2.31775582e-01 1.09825087e+00 6.64655030e-01 1.07239652e+00
    -5.79905927e-01 6.90068543e-01 9.63693559e-01 6.32973135e-01
    -1.71418011e-01 1.29687071e+00 3.11997294e-01 3.68761897e-01
    5.20816147e-01 -2.28462279e-01 -6.50582075e-01 1.39067149e+00
    -5.85950851e-01 7.72157371e-01 1.24959421e+00 1.60432398e+00
    1.57983816e+00 -6.35499597e-01 1.32540703e+00 -5.63210189e-01
    1.20988548e-01 1.74102306e+00 -6.18308783e-03 1.54270196e+00
    9.33755457e-01 1.15677738e+00 7.56029367e-01 3.63360763e-01
    -5.73700726e-01 7.45118141e-01 9.83449101e-01 2.05361545e-01
    1.43256736e+00 1.65640843e+00 -5.61262369e-02 6.11461759e-01
    1.40964985e+00 8.02282214e-01 8.91357720e-01 5.47469735e-01
    1.04311180e+00 -7.74276257e-03 9.27264094e-02 2.79238105e-01
    -6.06127381e-01 1.71653116e+00 1.00241041e+00 1.38086975e+00
    1.77064538e-02 7.30261862e-01 1.99907482e-01 7.55821228e-01
    5.69011509e-01 -4.63586271e-01 1.12385535e+00 -6.17168069e-01
    1.58500314e+00 -5.53825200e-01 -4.35839653e-01 1.20168185e+00
    1.49625063e+00 -2.70017982e-01 6.08333290e-01 5.64578116e-01
    1.17344081e+00 1.55506516e+00 1.04390073e+00 1.17813182e+00
    -6.57242537e-02 4.44727063e-01 -1.83930933e-01 -7.56798148e-01
    -2.50794590e-01 1.02343285e+00 -7.14250743e-01 5.81416190e-01
    -7.81122565e-01 6.15572095e-01 1.43911648e+00 1.78121805e-01
    1.88595653e-01 5.13607621e-01 7.85618067e-01 -1.36379421e-01
    1.41447878e+00 1.35336089e+00 -4.81454223e-01 1.11613464e+00
    1.60785747e+00 8.49001110e-01 -4.52433258e-01 -3.04538310e-01
    1.43126845e+00 6.03864729e-01 1.55324006e+00 -3.51583719e-01
    4.81167436e-02 1.71811771e+00 1.34856367e+00 6.25200808e-01
    6.15574598e-01 -3.19642127e-01 1.00492644e+00 1.40157580e-01
    -2.94744074e-01 -1.19972825e-02 8.48975480e-01 2.13506937e-01
    -1.00456595e-01 9.18676376e-01 1.47244573e+00 2.24725127e-01
    1.46721709e+00 9.00377035e-01 4.26534593e-01 -2.54037887e-01
    2.48563290e-02 3.21359456e-01 5.91221094e-01 -7.45906234e-02
    1.46191370e+00 7.12482929e-02 7.07065046e-01 8.58862519e-01
    -6.01724803e-01 1.53235507e+00 7.26188660e-01 4.85653996e-01
    1.01871347e+00 1.69829082e+00 1.57777262e+00 5.18598557e-01
    1.04825521e+00 4.32915568e-01 1.35705853e+00 2.57739484e-01
    -6.67024851e-02 1.47402287e-02 1.46829808e+00 1.42447472e+00
    -3.20600301e-01 -2.16404676e-01 1.65229869e+00 1.48619688e+00
    1.23396277e-01 4.66616988e-01 4.63168561e-01 1.06518674e+00
    3.07497740e-01 1.55942523e+00 1.38834190e+00 1.33104491e+00
    -6.64487541e-01 8.24747562e-01 1.73572779e+00 -9.09555554e-02
    1.60638964e+00 9.44655716e-01 5.13429224e-01 4.70493376e-01
    -1.01071119e-01 6.31301105e-01 1.42306840e+00 -5.19399762e-01
    7.03381896e-01 1.67376518e+00 4.17007208e-01 -3.31025988e-01
    -3.67152214e-01 1.27482581e+00 4.09591377e-01 -2.71056533e-01
    7.88698196e-01 6.06070697e-01 4.24424648e-01 -2.31693387e-01
    7.40904987e-01 1.60969615e-01 -2.55140096e-01 1.57489514e+00
    6.84821606e-02 1.51033640e+00 -6.22969925e-01 1.58962131e+00
    -4.82000858e-01 -6.89764440e-01 -6.30681753e-01 -5.57670116e-01
    8.79658282e-01 4.87652421e-01 4.52143729e-01 2.00701118e-01
    -4.80241954e-01 6.42109275e-01 1.24701715e+00 6.58347309e-01
    -2.48456001e-01 5.96563876e-01 1.57505608e+00 3.84108067e-01
    5.66968560e-01 3.11223328e-01 8.82394612e-01 1.16883206e+00
    7.52430439e-01 5.01974821e-01 7.30723143e-03 1.35981083e+00
    8.23483169e-01 1.55150533e+00 -4.05243248e-01 1.42194557e+00
    1.34781623e+00 -3.54010820e-01 1.70499110e+00 4.41977918e-01
    1.73638332e+00 8.48327279e-01 1.38564479e+00 1.16039658e+00
    -2.59134889e-01 1.65699720e-01 6.55404568e-01 5.02308309e-01
    4.38612044e-01 2.58329928e-01 6.26183152e-01 1.41667187e-01
    -6.59508705e-02 -4.32925165e-01 1.16884995e+00 8.36865842e-01
    5.39347768e-01 -4.01686519e-01 1.14030874e+00 2.29573131e-01
    1.24801302e+00 1.65234351e+00 9.22921538e-01 5.51411867e-01
    -1.85436398e-01 1.74540043e+00 1.80121064e+00 1.77340603e+00
    6.66119993e-01 9.07763302e-01 9.29030776e-02 -4.79629815e-01
    -5.06344438e-01 -5.27440369e-01 1.33166170e+00 1.20572376e+00
    7.84131467e-01 -1.02081895e-02 2.79072821e-01 8.10472071e-01
    1.05686116e+00 -1.22367620e-01 -3.13663989e-01 6.22718513e-01
    1.43365765e+00 6.71361685e-01 8.82022917e-01 8.30891311e-01
    8.79205167e-01 1.77565217e+00 1.20721829e+00 6.95383549e-02
    1.71222949e+00 3.02892506e-01 1.52802670e+00 4.17806745e-01
    -1.57365799e-02 -6.60033286e-01 1.38860536e+00 8.62672150e-01
    1.42107749e+00 9.88864183e-01 9.83372629e-01 9.82128263e-01
    1.48187208e+00 9.60802257e-01 9.96462166e-01 1.16886520e+00
    5.01605749e-01 -2.09752858e-01 3.44422281e-01 -2.02987373e-01
    -6.60601020e-01 1.69631624e+00 1.52946305e+00 -1.36032820e-01
    1.44098222e-01 -3.15196276e-01 3.04000974e-01 -4.71157759e-01
    8.99093866e-01 -5.93818247e-01 4.47456598e-01 2.07347512e-01
    -7.30841398e-01 -5.12551606e-01 -6.30060196e-01 1.07497549e+00
    -4.39764827e-01 -6.50195897e-01 3.24627221e-01 7.01896131e-01
    1.48755264e+00 -3.72179747e-02 -2.82203287e-01 1.06517220e+00
    -2.84463704e-01 -6.34286761e-01 -4.01023626e-01 2.88319468e-01
    1.48289680e+00 5.07298648e-01 4.87185121e-02 1.29194093e+00
    -6.66285813e-01 -3.49732220e-01 1.61720061e+00 -3.60050648e-01
    1.53343320e+00 5.61076701e-01 4.54068482e-01 3.86422217e-01
    1.47956872e+00 9.34420407e-01 1.11904073e+00 1.70603514e+00
    7.20153630e-01 1.23004031e+00 -5.48087358e-01 1.51636195e+00
    5.76551080e-01 7.46520638e-01 8.00755501e-01 7.88985372e-01
    1.27481508e+00 -2.78745711e-01 9.98191774e-01 1.21377873e+00
    -5.73478639e-01 3.58556986e-01 -7.52126396e-01 4.23500359e-01
    7.60725915e-01 3.45891833e-01 9.91943479e-02 7.37736285e-01
    3.83096516e-01 3.80440235e-01 7.16186941e-01 -7.10396886e-01
    -1.90768600e-01 1.24064088e+00 1.50837588e+00 5.14124870e-01
    7.54164815e-01 -1.04864955e-01 4.35997546e-01 8.05692077e-02
    2.00055778e-01 -5.98204195e-01 4.30829585e-01 -2.68551469e-01
    1.54513454e+00 9.33221996e-01 1.64981329e+00 -3.94306004e-01
    2.63951540e-01 1.23556852e-01 -6.31889641e-01 1.28185630e+00
    -2.70143121e-01 -5.68732023e-01 1.14301527e+00 6.32239759e-01
    -5.85900605e-01 3.81011069e-01 1.59770608e+00 8.65916550e-01
    7.92341173e-01 -4.45956200e-01 3.98491085e-01 -7.25417733e-01
    5.31030834e-01 -6.40835702e-01 1.01228476e-01 -7.08300233e-01
    1.21124053e+00 9.64311719e-01 5.29009402e-01 -6.75003171e-01
    6.08705223e-01 -6.27473712e-01 1.11598945e+00 1.28287196e+00
    -1.72972560e-01 7.76704252e-01 -6.93410337e-01 9.80045915e-01
    5.92638254e-01 -1.54941082e-01 1.46395791e+00 6.15356565e-01
    7.33103871e-01 1.56162405e+00 -6.55646920e-02 1.59708583e+00
    1.42914009e+00 4.42008138e-01 1.25213289e+00 2.75103390e-01
    1.67198002e-01 -8.32533240e-02 -6.26539230e-01 1.83522701e-02
    6.62786961e-02 1.89177394e-02 -7.05187142e-01 -6.19161129e-02
    -2.53749788e-01 1.47572815e-01 1.68772626e+00 -1.97100401e-01
    7.87554443e-01 -1.92250609e-02 1.21914506e+00 -4.05904889e-01
    1.64623857e+00 -2.13319242e-01 -6.29283369e-01 -5.61454296e-01
    1.47208381e+00 -7.19065249e-01 1.03525805e+00 -3.52241069e-01
    -6.67881608e-01 -5.26123345e-01 8.12011659e-01 -6.11322522e-02
    4.01119351e-01 -6.11190021e-01 1.72846198e+00 -3.89450520e-01
    -6.43634617e-01 -6.24668360e-01 1.11400187e-01 -3.48135173e-01
    1.70738518e+00 6.87368810e-01 3.92840743e-01 -4.80121762e-01
    1.25366068e+00 1.53099585e+00 5.33511400e-01 -4.03728724e-01
    -5.69140196e-01 1.70750451e+00 -2.02812254e-01 1.23895741e+00
    5.18206537e-01 1.22771943e+00 -3.47902060e-01 1.37678862e+00
    -2.27306247e-01 6.44071341e-01 1.00482225e-01 -5.90799212e-01
    1.07754540e+00 3.29797864e-02 2.58640647e-01 8.61987293e-01
    1.67477989e+00 -1.87271237e-01 1.40317082e-01 3.97735476e-01
    4.52622116e-01 1.35280728e-01 9.48216319e-01 7.92051911e-01
    1.12812865e+00 8.69808614e-01 3.11654866e-01 8.06801438e-01
    1.47800469e+00 6.71532750e-01 -4.78697240e-01 7.32644916e-01
    -3.85581523e-01 3.25060725e-01 1.37550235e+00 4.72931564e-02
    4.89097297e-01 1.81829691e+00 1.15595245e+00 6.50722444e-01
    1.40968132e+00 -5.13792872e-01 6.25790954e-01 9.17224884e-01
    1.26065218e+00 -2.58512944e-01 1.66628933e+00 9.76982117e-02
    9.08749163e-01 7.60772586e-01 1.32483745e+00 1.49211216e+00
    3.33524942e-02 -2.84282386e-01 1.47634745e-02 3.57196987e-01
    1.70248210e-01 4.75156009e-01 -5.80161512e-01 -2.24314660e-01
    1.75690389e+00 1.19727826e+00 2.70616353e-01 1.29152501e+00
    -6.29258990e-01 1.34544849e+00 1.72851956e+00 -2.05288649e-01
    6.00809097e-01 1.21060061e+00 -1.25291586e-01 6.88127220e-01
    9.78210151e-01 -7.38013148e-01 1.94901407e-01 3.33612204e-01
    1.49216461e+00 1.86245263e-01 -5.81848383e-01 4.70016778e-01
    1.40333080e+00 1.65804482e+00 -2.20685780e-01 1.70729637e+00
    3.16055298e-01 3.43861282e-01 -7.17159033e-01 1.16898537e+00
    1.51298070e+00 -5.24483919e-01 3.85301828e-01 -5.05861402e-01
    6.44868970e-01 1.36032748e+00 2.32191622e-01 1.38168454e-01
    1.34642291e+00 5.05745292e-01 -5.75818896e-01 9.91501629e-01
    -1.24520838e-01 6.21490955e-01 1.10758960e-01 -3.51802737e-01
    1.06638360e+00 8.58264923e-01 -6.97147250e-02 4.35409844e-01
    1.00455928e+00 -4.69261408e-02 8.79090548e-01 1.23473907e+00
    5.63214421e-01 -3.07774782e-01 1.01743865e+00 4.62254643e-01
    5.71413934e-01 7.01866567e-01 -3.28794062e-01 -1.65150881e-01
    -3.65945041e-01 7.27072358e-02 4.51661348e-02 3.41953635e-02
    2.40904570e-01 1.38002229e+00 1.08220077e+00 2.02084303e-01
    -3.32375377e-01 1.57869315e+00 1.56815982e+00 1.36360216e+00
    2.42245197e-02 1.65610909e+00 6.62718952e-01 -6.88335836e-01
    -1.60260499e-01 1.11967468e+00 -9.98614430e-02 1.32724786e+00
    9.20777678e-01 -7.30998516e-01 -7.46538937e-01 7.05022454e-01
    6.96611881e-01 1.50982070e+00 1.72110200e-01 1.32869875e+00
    1.15925050e+00 1.04022241e+00 6.57389104e-01 4.49819803e-01
    5.56179285e-02 6.66870534e-01 -7.05759883e-01 7.31984556e-01
    1.62555492e+00 8.74275386e-01 1.91676855e-01 -2.21859396e-01
    1.02435541e+00 1.19243121e+00 1.15152240e+00 1.49060488e-02
    -2.97688425e-01 -6.36314154e-02 3.58315766e-01 -4.59022820e-01
    1.05204439e+00 1.75797272e+00 7.62203634e-01 -6.71352923e-01
    -3.20962608e-01 9.29560900e-01 4.68189716e-02 8.23316991e-01
    3.98940563e-01 4.29374039e-01 -4.13784981e-02 1.46644497e+00
    1.41551900e+00 -3.60660344e-01 6.38658106e-01 3.66228163e-01
    -4.96718913e-01 1.07251048e+00 6.91099703e-01 7.11049139e-01
    7.67291307e-01 -1.71865225e-01 1.57143426e+00 -1.78593576e-01
    -3.59757364e-01 1.35871291e+00 1.71794295e-02 -4.66673374e-01
    1.63228381e+00 7.62086093e-01 7.60032296e-01 1.69929159e+00
    -7.39527941e-02 9.59420383e-01 -7.28426218e-01 1.08564377e+00
    1.43094635e+00 -9.45698619e-02 7.77316093e-01 4.74595129e-01
    3.89760375e-01 1.70810318e+00 -5.27461290e-01 1.35003901e+00
    6.17856145e-01 2.03288138e-01 1.03359032e+00 9.55683112e-01
    -7.35651612e-01 1.14502859e+00 -4.55925077e-01 1.24976885e+00
    1.55827713e+00 -5.70101917e-01 1.27862477e+00 1.54001188e+00
    -5.50347924e-01 4.26010370e-01 -1.82501733e-01 8.56190920e-02
    4.51565564e-01 -5.90304136e-02 -5.41411936e-01 2.65944898e-01
    1.26456571e+00 -1.62744522e-03 8.09545696e-01 1.21246755e-01
    1.44885731e+00 4.49520767e-01 -6.25248253e-01 -8.06283951e-02
    -4.60420907e-01 -5.35789311e-01 2.40843117e-01 1.19011807e+00
    1.63531065e+00 5.65845430e-01 8.39130282e-02 7.66560078e-01
    1.02709925e+00 5.94858468e-01 1.71595871e-01 -3.90775084e-01
    1.19992816e+00 1.47026181e-01 6.74933493e-01 -6.90789819e-02
    1.06724787e+00 1.41845763e+00 3.28885198e-01 4.53425944e-01
    -5.58531642e-01 -5.21714926e-01 1.59819961e+00 -3.29551935e-01
    -5.04452288e-01 1.06602120e+00 7.45069325e-01 8.53377461e-01
    -2.68874019e-01 1.09279752e+00 6.28891051e-01 1.70385504e+00
    2.18077302e-02 3.10809016e-01 4.03776765e-01 1.56186604e+00
    8.28363180e-01 1.72130060e+00 7.36604929e-02 4.12406802e-01
    8.17784607e-01 6.82819605e-01 2.76569366e-01 9.22328651e-01
    6.84017241e-01 3.51841033e-01 -9.01080370e-02 1.57177019e+00
    3.74270201e-01 5.56456149e-02 -9.00592208e-02 3.20723355e-01
    3.79984945e-01 1.41603649e+00 -9.23112631e-02 3.19734812e-02
    5.99544108e-01 -4.44016457e-02 4.98048067e-02 9.36793685e-02
    -2.68803924e-01 5.16618192e-01 7.34511018e-01 5.32794118e-01
    -6.08637571e-01 1.71547139e+00 7.96740055e-01 -4.31626946e-01
    -1.33879423e-01 7.43324757e-01 9.04030204e-01 -3.89433652e-01
    1.08678186e+00 1.70658660e+00 1.63376987e-01 1.48183215e+00
    1.75183165e+00 3.91973138e-01 -6.25522733e-02 -3.34247470e-01
    1.43467617e+00 -2.28661060e-01 -7.11274266e-01 1.88550949e-02
    1.49897289e+00 1.11365461e+00 -3.26959968e-01 1.46865225e+00
    1.44283235e-01 -5.26691079e-02 6.47013366e-01 3.16199064e-01
    1.17551684e-01 -5.94436169e-01 1.55682921e+00 5.65436065e-01
    -3.62624049e-01 9.18841839e-01 1.04099464e+00 1.52840304e+00
    4.34702098e-01 7.30334699e-01 -7.61100054e-02 1.48178983e+00
    -5.14790654e-01 6.07274830e-01 1.58535624e+00 1.44665384e+00
    -7.68092453e-01 1.51561153e+00 -1.05130017e-01 8.75521004e-01
    8.77877951e-01 2.94951439e-01 -1.10417426e-01 3.00983787e-02
    1.46778703e+00 -3.81293654e-01 -1.16868615e-01 1.62832308e+00
    -3.25137526e-01 2.02406585e-01 5.71467757e-01 7.86423385e-01
    3.56984735e-01 1.40625477e+00 1.32024431e+00 1.22854328e+00
    1.33561659e+00 3.16132247e-01 1.02504349e+00 -6.79258704e-01
    -4.82381731e-01 5.25496066e-01 3.22200000e-01 1.03299689e+00
    3.16153049e-01 6.67571664e-01 1.02705383e+00 1.30115747e+00
    9.84131396e-01 6.40344620e-03 1.25788999e+00 3.65614355e-01
    -1.74472988e-01 1.09861040e+00 1.64010048e+00 5.60309827e-01
    5.41760862e-01 1.60156631e+00 1.39119375e+00 2.04403520e-01
    -3.79288793e-02 9.03274596e-01 -4.91003007e-01 -4.71667320e-01
    -2.87165582e-01 -2.90873408e-01 1.54977620e+00 7.86615610e-01
    -7.37871289e-01 1.07370281e+00 1.22904515e+00 8.53094339e-01
    1.28403044e+00 6.33445621e-01 -7.43921220e-01 1.98924959e-01
    1.84884191e-01 1.67061913e+00 1.57016575e-01 5.41977108e-01
    1.47781348e+00 -3.03004622e-01 -6.88694477e-01 1.43743920e+00
    -6.98580503e-01 7.27143884e-02 4.79849756e-01 6.74698949e-01
    2.49505758e-01 5.31680942e-01 -6.27745628e-01 3.87590110e-01
    1.97867215e-01 1.09485388e+00 1.68375671e-01 3.93469036e-01
    1.15794373e+00 1.46711206e+00 1.66720212e+00 -1.39450610e-01
    -1.22729182e-01 1.60212183e+00 6.46677017e-01 4.72127438e-01
    -8.35520029e-02 1.29373717e+00 -7.36664832e-01 -4.25529391e-01
    -3.21500421e-01 -4.93769467e-01 1.63950253e+00 -3.61377120e-01
    1.74028420e+00 4.73432839e-01 3.75022292e-01 1.44850254e-01
    1.34449816e+00 -4.67792153e-02 2.90259778e-01 1.31976295e+00
    6.92139864e-02 1.77188635e-01 6.90313578e-02 -5.24372756e-01
    7.01005459e-02 1.49846685e+00 3.04952204e-01 -3.90056998e-01
    -6.80856049e-01 1.59968936e+00 -2.77677029e-01 -3.42139572e-01
    -6.88674927e-01 4.12006378e-02 1.13496327e+00 -5.21138847e-01
    -6.92091882e-01 -5.18140733e-01 -1.47119582e-01 1.74934363e+00
    1.03792429e-01 -7.02573299e-01 6.43534839e-01 -5.43255389e-01
    3.54469121e-01 3.14198494e-01 1.53488851e+00 -2.39195555e-01
    -2.59723753e-01 7.94594288e-02 -4.13085401e-01 3.89294207e-01
    1.35225320e+00 4.18230057e-01 6.99987113e-01 1.74576890e+00
    5.35139918e-01 1.65376210e+00 8.38599443e-01 3.10629547e-01
    1.74370468e-01 -5.96253395e-01 6.38423264e-01 -3.65880281e-01
    1.50753057e+00 1.16044044e+00 7.07782328e-01 5.75945735e-01
    1.71801317e+00 -3.62805068e-01 9.93223250e-01 -2.38992989e-01
    1.71604538e+00 1.51438975e+00 2.39860117e-01 8.88147891e-01
    -5.42571545e-02 1.25296998e+00 -7.57819414e-03 9.30009723e-01
    2.29057074e-02 -6.48427188e-01 -7.54208028e-01 -7.07677782e-01
    9.05572712e-01 4.13456738e-01 3.01297545e-01 4.24318969e-01
    1.47384238e+00 -3.37390810e-01 1.13606346e+00 -6.01528943e-01
    7.47612119e-01 1.46884859e-01 1.33332312e-01 1.02465057e+00
    1.64541292e+00 1.41970158e+00 8.45458210e-01 -1.50202274e-01
    1.01287007e+00 5.38549423e-01 -6.60454035e-02 -2.49670148e-02
    -6.65219069e-01 4.82492626e-01 8.23361218e-01 6.60933554e-01
    8.23512495e-01 2.11016953e-01 1.72289848e+00 1.37341213e+00
    1.12241960e+00 1.58338308e-01 1.54479480e+00 9.07549262e-01
    1.34242439e+00 8.09594750e-01 1.59740257e+00 1.84007454e+00
    3.91906977e-01 1.83158183e+00 1.53076851e+00 -2.35556334e-01
    -1.02475405e-01 1.44835091e+00 7.55120814e-01 3.99879396e-01
    7.95151532e-01 -1.15733922e-01 -3.74686062e-01 2.91824818e-01
    3.93243074e-01 1.13078308e+00 -6.74205363e-01 9.44042206e-02
    2.46952116e-01 1.27592492e+00 -1.95993304e-01 1.51667964e+00
    1.41705048e+00 -1.29675329e-01 3.99687231e-01 -6.01801395e-01
    1.00351405e+00 -3.77733380e-01 9.35454428e-01 1.42637086e+00
    1.46777844e+00 -4.30322886e-02 1.39500523e+00 1.22565484e+00
    -3.35898459e-01 1.37282956e+00 9.36982512e-01 -2.15021789e-01
    -1.39780223e-01 7.81205058e-01 1.63013387e+00 7.56507576e-01
    4.86256361e-01 9.72816944e-02 -6.03964686e-01 -7.60903537e-01
    1.58635938e+00 1.30276370e+00 1.52378058e+00 1.59124577e+00
    4.11409140e-02 6.77213728e-01 6.17490172e-01 8.41163993e-01
    -3.46937716e-01 1.55032635e+00 -3.69759321e-01 1.14485931e+00
    1.40152645e+00 5.89702964e-01 1.70239735e+00 1.63606310e+00
    -3.30040395e-01 -3.47165495e-01 1.45668507e-01 -6.83383524e-01
    1.65486801e+00 -4.99113202e-02 -3.16605121e-01 2.90922046e-01
    5.45241714e-01 1.40641379e+00 3.67211759e-01 -2.95594335e-01
    -4.97141093e-01 1.35616565e+00 1.55028391e+00 2.80822873e-01
    -6.88109756e-01 -2.01775610e-01 9.34765279e-01 1.70457816e+00
    -3.75218034e-01 4.12330031e-02 -5.70195675e-01 1.02537715e+00
    -5.92010736e-01 -1.28228128e-01 1.26225924e+00 -6.08506680e-01
    1.36311269e+00 3.21216285e-01 4.28820968e-01 5.32231212e-01
    1.45920300e+00 8.65014911e-01 3.20850432e-01 -1.70304894e-01
    6.59377217e-01 1.63531089e+00 1.21677077e+00 3.19614410e-02
    1.43111658e+00 -3.62458974e-01 1.19967413e+00 1.46284223e+00
    9.24352229e-01 -2.25800633e-01 -3.93239856e-02 -2.95077443e-01
    -1.51832402e-01 -6.17633879e-01 2.59987414e-01 1.15906560e+00
    1.15971398e+00 1.96990490e-01 -2.18000710e-01 1.01642179e+00
    -4.33157742e-01 7.78584838e-01 8.78755093e-01 6.07989311e-01
    1.27109122e+00 8.36326063e-01 8.27252269e-02 -6.76577032e-01
    -5.06655037e-01 3.08834612e-01 1.58034623e+00 -1.82085097e-01
    5.20331979e-01 7.35863984e-01 1.33151305e+00 1.05138063e+00
    -5.97565591e-01 1.38438797e+00 1.73289132e+00 -3.67800504e-01
    -5.31720161e-01 8.77992928e-01 -1.89327121e-01 -4.61336613e-01
    1.30481029e+00 -5.15190482e-01 1.00757301e-01 9.78061557e-02
    3.83713722e-01 -4.29466158e-01 -4.94693041e-01 5.13687730e-01
    2.58273423e-01 1.59337330e+00 9.44693804e-01 -3.52310419e-01
    2.67850399e-01 1.40445137e+00 1.02276254e+00 -7.64760375e-02
    1.21820605e+00 5.55656910e-01 8.33392501e-01 1.65762103e+00
    -7.12815464e-01 1.24168372e+00 1.31913686e+00 -3.06016326e-01
    3.89861465e-02 9.42307711e-01 7.39521205e-01 3.02722156e-01
    -6.10220432e-03 7.97005415e-01 1.10508966e+00 1.21546447e-01
    -3.48053366e-01 1.25136161e+00 -6.14166379e-01 1.67109513e+00
    -7.17533052e-01 1.18380904e+00 1.39460146e-01 4.90297496e-01
    5.37976027e-01 4.64199305e-01 -5.81845760e-01 -5.69324017e-01
    -8.55544806e-02 1.36491513e+00 1.71787679e+00 1.29575157e+00
    1.58368111e+00 -1.30654097e-01 1.42386138e+00 5.10941088e-01
    1.15193009e+00 7.10854173e-01 1.49130368e+00 -2.64366150e-01
    1.35751009e-01 1.48642206e+00 5.75422883e-01 1.05250168e+00
    2.64904201e-01 1.55355728e+00 -1.38591468e-01 5.48294663e-01
    1.05657327e+00 6.56445622e-02 -4.08689886e-01 1.79194212e-02
    -5.56295991e-01 1.47131336e+00 -1.02352619e-01 -2.45752931e-02
    1.62860358e+00 1.15090632e+00 1.09497356e+00 -4.22143281e-01
    1.41510916e+00 1.57263279e-01 9.37714934e-01 5.23247778e-01
    -2.28922665e-01 -5.77542007e-01 -1.05032325e-01 1.48689258e+00
    8.25667083e-01 7.31488526e-01 -1.95477962e-01 -3.31898987e-01
    1.71511054e-01 -3.26810062e-01 -5.65754056e-01 8.90396416e-01
    1.24455571e+00 -5.17548561e-01 -1.94449306e-01 -2.73817539e-01
    -3.39251101e-01 -6.23407722e-01 1.68239474e+00 3.56205285e-01
    6.52973413e-01 9.48208570e-02 1.14997518e+00 -5.47817349e-02
    3.68868291e-01 1.65603364e+00 6.31315470e-01 1.21623981e+00
    1.36916673e+00 -3.99148792e-01 7.46386528e-01 2.85500050e-01
    1.57353878e+00 7.81785309e-01 1.57832479e+00 8.57486367e-01
    1.42997456e+00 -2.82120496e-01 8.61282051e-01 3.07249963e-01
    7.81133711e-01 9.02350008e-01 1.79433966e+00 1.68896866e+00
    1.23959517e+00 7.13194609e-01 -3.16780090e-01 7.05499709e-01
    -2.60832489e-01 4.45460439e-01 4.95874465e-01 5.54393530e-02
    1.74188852e+00 1.69245017e+00 5.43738008e-02 8.51149499e-01
    1.22428560e+00 1.65708137e+00 1.56504822e+00 1.40258789e-01
    1.05219936e+00 9.11684155e-01 1.59639883e+00 -1.27009630e-01
    1.49180388e+00 5.76844990e-01 7.79778421e-01 -9.69055891e-02
    2.83939779e-01 9.50006843e-02 7.92865455e-01 1.48972905e+00
    1.69164205e+00 3.10504615e-01 -4.00674522e-01 -2.05643773e-02
    1.22419500e+00 1.06133318e+00 5.09792566e-01 -8.12233090e-02
    -3.39873761e-01 2.24882722e-01 1.06695926e+00 1.69496536e+00
    1.57180715e+00 9.61045384e-01 1.35289598e+00 5.98047078e-01
    6.11762822e-01 1.36387742e+00 5.44589341e-01 8.05106282e-01
    8.23094785e-01 1.42195046e+00 1.16137385e+00 -6.20313346e-01
    6.92778230e-02 1.53488195e+00 1.24725699e+00 -6.62587762e-01
    3.57762575e-02 9.24110293e-01 4.04500663e-01 3.30664635e-01
    1.88286424e-01 1.04422712e+00 1.42818308e+00 3.68898273e-01
    2.50365496e-01 -5.53515077e-01 1.37940693e+00 1.13269389e+00
    -3.94498110e-02 -5.88204443e-01 3.82873893e-01 7.15109944e-01
    9.93284523e-01 1.17212284e+00 5.56397378e-01 1.68703938e+00
    7.37518430e-01 8.49991322e-01 -1.00540876e-01 1.24958301e+00
    1.23417401e+00 -6.63802147e-01 6.91979349e-01 1.34556305e+00
    1.28571928e+00 -5.47160685e-01 8.18837285e-02 1.35679889e+00
    4.21611249e-01 -5.26600838e-01 8.29817414e-01 -3.57327461e-02
    5.50853312e-01 -2.29859293e-01 1.08010161e+00 3.93560469e-01
    7.05149055e-01 -3.63939136e-01 -2.00544298e-01 -1.11713767e-01
    4.18040752e-01 1.68094301e+00 1.57487988e-02 1.50740957e+00
    3.82034540e-01 7.93197691e-01 -7.51047969e-01 7.43177176e-01
    -2.68556386e-01 5.55314064e-01 2.00634420e-01 5.86287439e-01
    -4.07097101e-01 4.16047096e-01 -1.01348221e-01 9.77973998e-01
    6.50772870e-01 -5.21804690e-01 -3.32594037e-01 -4.78210568e-01
    1.07219279e-01 -3.84618044e-01 -5.19900680e-01 -7.07787752e-01
    -5.99203825e-01 1.51001346e+00 1.90345287e-01 1.07119107e+00
    -7.10409045e-01 2.88919985e-01 1.63321400e+00 -6.43772066e-01
    1.55288529e+00 1.45074725e-02 -4.93519932e-01 3.74112725e-01
    -2.33093977e-01 4.80445683e-01 -3.35782140e-01 6.53773546e-01
    1.21600115e+00 -3.79473567e-01 -1.48267031e-01 1.46271050e-01
    -3.26986998e-01 -4.69653696e-01 -6.31580174e-01 6.44112051e-01
    7.62920201e-01 -8.73238444e-02 1.08476555e+00 3.76402199e-01
    1.47375703e-01 -7.83396959e-02 4.41638649e-01 1.50611234e+00
    -6.48878515e-01 4.63414550e-01 1.10374427e+00 2.27634728e-01
    -4.29632574e-01 1.17566872e+00 -4.12759453e-01 9.91298020e-01
    1.19627237e+00 3.14215541e-01 1.69151676e+00 -5.20904660e-02
    1.22394383e-01 6.15609348e-01 -3.67070735e-01 1.41880512e-02
    -3.76802683e-01 -1.20146751e-01 1.08310151e+00 6.65289998e-01
    2.04285741e-01 -2.82823890e-01 1.27744484e+00 1.45312333e+00
    1.70464706e+00 8.63606691e-01 -5.33843100e-01 5.12148201e-01
    7.60032058e-01 1.27783751e+00 1.21833026e-01 -2.59173006e-01
    -5.06415248e-01 1.58908510e+00 -4.82601076e-01 1.56756282e+00
    5.23993611e-01 8.30032349e-01 -1.56120181e-01 1.72095728e+00
    1.85309052e-01 1.31016421e+00 9.23328519e-01 6.09012842e-01
    -4.78492171e-01 1.24400759e+00 5.19841790e-01 -2.04252183e-01
    -7.19837487e-01 1.45660329e+00 1.62549436e+00 -3.08283687e-01
    2.72404909e-01 -2.45467663e-01 9.32563782e-01 1.05395341e+00
    7.71933496e-01 5.30496240e-01 9.13422167e-01 2.68639624e-01
    -2.99747527e-01 1.62302399e+00 -4.12147552e-01 3.66898537e-01
    6.57385409e-01 -5.42182565e-01 -3.06499511e-01 4.24600363e-01
    8.19749653e-01 -8.36755633e-02 1.32305455e+00 6.79349244e-01
    1.09940577e+00 1.02356672e+00 1.13791037e+00 1.02441823e+00
    1.30777001e+00 9.25413966e-01 1.21532643e+00 6.26456141e-02
    1.24855614e+00 4.00373936e-01 1.83147264e+00 1.68622661e+00
    4.74367142e-01 -1.05928928e-01 1.03258026e+00 -3.12143683e-01
    9.00519609e-01 5.69693446e-01 1.29145002e+00 5.23294747e-01
    1.87904119e+00 -1.35408044e-01 1.49653029e+00 -2.91947424e-01
    1.24641931e+00 -3.26386571e-01 6.70320749e-01 2.47758031e-02
    -5.13128042e-02 4.14580345e-01 1.06794930e+00 8.48160207e-01
    -4.71535325e-01 1.70687461e+00 -1.07034981e-01 1.16735244e+00
    2.73510873e-01 8.18501830e-01 -5.86536348e-01 1.06818223e+00
    -6.33076727e-01 2.78265119e-01 -1.84315860e-01 -3.43197584e-01
    5.82465172e-01 1.38077641e+00 5.18944979e-01 -7.41645694e-01
    1.34575152e+00 -6.35783136e-01 -3.82781088e-01 2.62729824e-01
    1.05929470e+00 -4.92757261e-01 -5.46815336e-01 -1.39895737e-01
    1.02454126e-01 -1.86719835e-01 7.04273403e-01 -7.42974997e-01
    -1.13629699e-01 6.29981101e-01 6.74601257e-01 4.26729798e-01
    -5.92876077e-02 -3.08412969e-01 1.03999615e-01 -1.78869367e-02
    1.26172543e-01 1.02125812e+00 4.43687558e-01 9.91971254e-01
    -2.69271463e-01 3.50492477e-01 6.57257795e-01 2.22183108e-01
    1.06699038e+00 7.86722064e-01 1.08717108e+00 -5.41917861e-01
    9.59558964e-01 5.40139258e-01 3.60424876e-01 1.63646257e+00
    1.64806199e+00 1.46625769e+00 1.06731713e-01 1.11475492e+00
    1.74343765e-01 8.95375729e-01 4.23995912e-01 3.27737272e-01
    6.14495993e-01 6.34942174e-01 8.46621990e-01 2.92349577e-01
    2.87609458e-01 -1.97433650e-01 -1.17466033e-01 -4.78929788e-01
    1.59852719e+00 5.69887161e-01 1.28326499e+00 7.17030644e-01
    4.39761341e-01 1.19638503e-01 7.10808158e-01 6.93537235e-01
    1.74671495e+00 1.41206264e-01 7.00461149e-01 -2.90582269e-01
    -1.15492225e-01 1.02216709e+00 1.04667974e+00 2.41199076e-01
    1.33004069e+00 9.44139719e-01 -7.16278434e-01 4.16533411e-01
    -1.75588727e-02 1.52925014e+00 4.10641909e-01 -2.19351709e-01
    8.36582541e-01 -8.32605362e-02 1.23585486e+00 -1.86067581e-01
    7.65688121e-01 1.58356166e+00 -7.10517526e-01 -2.99162507e-01
    1.11801767e+00 8.49709094e-01 4.47899938e-01 -3.79822403e-01
    -1.58769429e-01 -6.46171331e-01 1.56409740e+00 -3.17627192e-03
    -6.36672854e-01 2.21519172e-01 3.78671467e-01 6.99526429e-01
    -3.60405028e-01 -1.84920251e-01 -3.48662317e-01 8.05358946e-01
    -1.22031152e-01 4.57622468e-01 -6.69816911e-01 1.06439233e+00
    5.95960736e-01 -2.60740995e-01 1.04006779e+00 -6.57972872e-01
    1.05365169e+00 -6.13287568e-01 3.91486704e-01 1.67386389e+00
    1.25218439e+00 8.71665001e-01 6.48776352e-01 -5.16829669e-01
    1.72998357e+00 -7.29162097e-02 -1.23714626e-01 8.93087983e-01
    -1.66635871e-01 1.59515727e+00 9.91370022e-01 1.25938010e+00
    6.24216557e-01 1.99707806e-01 3.64558160e-01 -4.72834319e-01
    -6.34212255e-01 -2.23389983e-01 3.86161804e-01 -3.25774878e-01
    -6.16952479e-01 -6.16735816e-02 1.10879517e+00 -3.56740654e-01
    1.09496713e-01 2.67508507e-01 1.62453830e+00 1.55062866e+00
    6.98486686e-01 6.26619816e-01 2.83784151e-01 1.82449937e-01
    1.14313602e+00 1.31972837e+00 1.33069634e-01 -2.26503611e-03
    2.62089849e-01 -5.10218978e-01 2.15915442e-01 -2.48054951e-01
    1.31375372e+00 -6.61015511e-02 1.73716104e+00 3.90992224e-01
    1.40663517e+00 1.40723205e+00 -4.15459603e-01 1.04327393e+00
    1.19264054e+00 -1.09762967e-01 -2.65476733e-01 8.23502779e-01
    -6.53418005e-01 1.02279341e+00 -4.52929735e-03 9.15334344e-01
    -2.91450113e-01 -3.65975469e-01 4.19195652e-01 6.71672702e-01
    7.01296806e-01 9.59675848e-01 -5.41977882e-02 1.47321177e+00
    -6.04658127e-01 9.04424429e-01 -7.63436794e-01 1.41520929e+00
    3.83129895e-01 5.15865386e-01 1.43974411e+00 6.42014384e-01
    -1.13998711e-01 2.55922079e-02 4.98725653e-01 -3.13115507e-01
    2.42052376e-01 3.82969081e-01 -4.06769603e-01 1.21578968e+00
    8.41482401e-01 5.31935096e-02 1.17134225e+00 -9.69867706e-02
    1.17144704e+00 1.17797434e-01 -6.63239002e-01 8.36332977e-01
    1.54869676e+00 4.37687218e-01 3.72628212e-01 2.51369476e-01
    -2.64648616e-01 -2.15035319e-01 -3.41149330e-01 1.15498924e+00
    6.56667352e-01 1.34892249e+00 5.37058115e-02 6.71757221e-01
    4.70434785e-01 1.02243543e+00 -6.14118576e-03 3.72497261e-01
    1.31090343e-01 1.70708013e+00 1.46917105e-02 2.54889965e-01
    2.00800121e-01 1.72995734e+00 2.16482759e-01 5.77777624e-01
    4.73731607e-01 1.60717082e+00 -1.15943164e-01 9.16308641e-01
    1.56345975e+00 -2.24932551e-01 3.55137765e-01 1.07235241e+00
    9.23987865e-01 -4.71398890e-01 5.65246940e-01 -6.01059556e-01
    -5.07034183e-01 1.55594051e+00 1.50191188e-01 1.25315857e+00
    1.01868153e-01 3.65697742e-01 -2.63257921e-01 1.51570535e+00
    -6.46806836e-01 1.53240442e+00 5.06094873e-01 4.28610563e-01
    -1.52864039e-01 -4.16433245e-01 -2.02272594e-01 8.64401162e-01
    -9.90545154e-02 -6.56401038e-01 -5.20282507e-01 9.10375595e-01
    5.21666348e-01 1.31790972e+00 5.73936880e-01 1.11505914e+00
    -6.96612358e-01 1.42880464e+00 1.12391925e+00 -5.23433208e-01
    1.75644302e+00 -4.10614610e-02 6.03167236e-01 -4.67209637e-01
    -5.62623858e-01 1.86749697e-02 9.69565809e-01 1.05267549e+00
    1.51910257e+00 2.39726126e-01 1.57980978e-01 1.22690117e+00
    -9.00149345e-03 8.74800026e-01 2.03464091e-01 -5.38174033e-01
    1.58786654e-01 -1.05919659e-01 1.07847476e+00 4.71626580e-01
    5.25588155e-01 1.13033652e+00 1.96566284e-01 1.54871714e+00
    -6.90531731e-01 -1.66927993e-01 4.91635382e-01 8.16908181e-01
    1.20570827e+00 -2.60241777e-01 1.11939716e+00 -5.82878828e-01
    7.09319115e-02 6.02097929e-01 -3.45913827e-01 1.60700035e+00
    1.50718045e+00 -2.27328539e-01 -3.74257088e-01 1.59310770e+00
    -2.78692871e-01 -2.19838381e-01 -6.46948338e-01 -8.21559429e-02
    1.27613044e+00 -1.68676257e-01 7.16771483e-01 6.64112508e-01
    9.47441399e-01 -5.65660715e-01 1.52182412e+00 4.48844492e-01
    1.67997444e+00 -4.59893495e-01 1.67350709e-01 -3.86358291e-01
    6.88869178e-01 9.33019400e-01 -2.58899331e-02 9.33963060e-01
    1.63680196e+00 5.23514807e-01 -4.64807659e-01 -1.45475745e-01
    1.71147227e+00 1.46454501e+00 1.63803220e+00 4.20939386e-01
    5.95237792e-01 7.08911121e-01 1.09779239e+00 6.45834088e-01
    6.93697751e-01 1.27407098e+00 6.53091252e-01 1.59696698e-01
    1.69332528e+00 5.09438694e-01 2.30321586e-01 -2.66519785e-02
    -9.53919291e-02 1.50503790e+00 -3.37615252e-01 4.88867640e-01
    1.71114933e+00 1.01054311e+00 -3.73511434e-01 1.34544051e+00
    -4.81447369e-01 3.23529840e-01 1.32888627e+00 1.39739013e+00
    4.31130588e-01 -3.55112731e-01 1.44426799e+00 4.78994012e-01
    1.21769834e+00 1.60609722e+00 1.15022600e-01 1.74198079e+00
    -6.93022907e-01 1.65338039e+00 -6.61959887e-01 3.27884972e-01
    -4.13536489e-01 1.00511026e+00 8.63707840e-01 1.36907840e+00
    1.43662786e+00 7.13622212e-01 1.19738138e+00 -7.26133406e-01
    1.09731913e+00 9.70381439e-01 -1.64080620e-01 1.34019041e+00
    -7.22246766e-01 1.08116031e-01 1.40772891e+00 8.16437542e-01
    1.41049147e+00 9.74540412e-01 1.16585207e+00 5.11950672e-01
    9.91613925e-01 -3.40429544e-02 3.32392752e-01 1.17552531e+00
    -4.17680800e-01 1.28442049e+00 1.02407598e+00 -8.54259133e-02
    1.30908108e+00 9.62925971e-01 2.84309745e-01 9.58098412e-01
    3.31731975e-01 1.32259679e+00 1.05106902e+00 1.33706605e+00
    1.19005394e+00 9.48691964e-01 1.43676662e+00 1.04298449e+00
    1.16998136e+00 1.40064025e+00 2.92674482e-01 1.07340312e+00
    -6.92225873e-01 -2.86302239e-01 1.41907620e+00 8.46627057e-01
    9.28874016e-02 -1.30871713e-01 1.61311293e+00 -2.73145944e-01
    -3.88589442e-01 1.29372478e-01 3.35076988e-01 9.40213799e-01
    1.41542590e+00 2.23822057e-01 1.33438873e+00 1.08233261e+00
    -3.49749327e-02 1.61278749e+00 1.76056027e+00 5.75091600e-01
    1.70299864e+00 -1.69653893e-01 -1.57631099e-01 -3.34559411e-01
    -7.32467830e-01 1.25064254e+00 -7.47223496e-01 -1.15797400e-01
    1.68195498e+00 -3.53902400e-01 6.74001932e-01 -5.91185570e-01
    5.99721789e-01 -2.38282204e-01 1.07542253e+00 7.74194777e-01
    4.60002244e-01 1.60461771e+00 1.49527884e+00 6.55497432e-01
    7.43462443e-02 -1.60211384e-01 1.67949259e+00 -4.33900625e-01
    6.62835240e-01 -5.11051536e-01 8.45576584e-01 3.16876173e-03
    1.36466432e+00 1.51806355e+00 9.95778024e-01 1.99397862e-01
    7.17046618e-01 -6.39968336e-01 1.07830000e+00 2.92651057e-01
    1.58487868e+00 1.45411849e+00 1.37190199e+00 3.92539918e-01
    -3.10910106e-01 3.90762150e-01 1.43500161e+00 1.50135469e+00
    3.34027708e-01 -1.10518426e-01 9.79211688e-01 1.09820819e+00
    1.68175864e+00 -3.03999901e-01 1.86885327e-01 1.92945313e+00
    2.58538246e-01 1.57378054e+00 -2.00638562e-01 -5.89222312e-01
    1.30026793e+00 1.64400756e-01 -4.31399226e-01 1.76843858e+00
    -2.12292135e-01 5.23468196e-01 -1.57228410e-01 1.15502787e+00
    6.33311629e-01 1.11670280e+00 -5.51627219e-01 2.40632892e-02
    1.89297616e-01 1.74263418e+00 6.11667216e-01 1.44844294e+00
    1.37321472e+00 1.57336926e+00 1.27916884e+00 1.09853220e+00
    2.83707559e-01 -1.29308045e-01 -3.46309364e-01 -7.65787184e-01
    4.84041274e-01 -3.54684144e-01 7.55183339e-01 8.65035534e-01
    2.93540478e-01 -6.38769984e-01 9.74855304e-01 -5.98842740e-01
    3.10597360e-01 1.49425721e+00 -7.37048090e-01 9.96241450e-01
    1.07299554e+00 1.17550850e+00 3.01341891e-01 1.56531453e+00
    -3.03284347e-01 -2.92741925e-01 8.92857075e-01 8.52786899e-01
    -5.45854926e-01 8.20467889e-01 -2.09595501e-01 -3.86497915e-01
    6.07182801e-01 2.59506702e-02 1.20237899e+00 -7.87593126e-02
    9.03529227e-01 1.02437067e+00 -7.14026988e-01 1.77619338e+00
    -4.07166898e-01 9.37247097e-01 6.15894556e-01 -2.60788769e-01
    -6.04674816e-02 -6.39077902e-01 8.89972866e-01 -3.77173543e-01
    5.09148836e-02 1.58664680e+00 1.52987671e+00 -2.13702738e-01
    -4.86254334e-01 -2.62013078e-02 1.46325362e+00 1.15257633e+00
    8.83819938e-01 1.46258903e+00 -7.75436759e-02 6.41628981e-01
    4.29199934e-02 1.01718378e+00 -4.80203331e-01 9.84318674e-01
    1.41746235e+00 1.51613569e+00 1.37817049e+00 1.43289781e+00
    -6.90377116e-01 9.93791223e-01 6.93545282e-01 2.78967738e-01
    1.38698184e+00 1.31967306e-01 -1.18363261e-01 -1.84844375e-01
    1.02024221e+00 6.84797049e-01 6.07943058e-01 -6.07078731e-01
    1.52417409e+00 -1.21753097e-01 1.03358364e+00 -7.37086892e-01
    -7.43678391e-01 7.16840804e-01 -2.28465855e-01 1.68764234e+00
    1.33874655e+00 1.08780527e+00 1.31724548e+00 6.34097755e-01
    -6.78854227e-01 -1.95231438e-02 1.44351721e+00 5.24810493e-01
    -1.56005979e-01 1.51175904e+00 -1.01441681e-01 1.02811694e+00
    7.66412854e-01 6.07297122e-01 9.62364078e-02 -9.33945179e-04
    7.38114238e-01 8.87165070e-02 6.73000157e-01 8.25544536e-01
    5.48665464e-01 6.60662293e-01 -5.34731865e-01 -3.86547476e-01
    1.20737910e+00 5.58537364e-01 -7.77250528e-03 4.85334933e-01
    1.60552096e+00 8.45127523e-01 -5.99992990e-01 4.01274323e-01
    1.31959403e+00 -2.38747299e-01 1.43190885e+00 1.15220296e+00
    1.04208934e+00 -8.46536756e-02 -7.48973608e-01 1.68596578e+00
    6.10074341e-01 1.26045835e+00 1.28715253e+00 -3.95187497e-01
    1.04001713e+00 -1.29075050e-01 1.08357549e+00 8.80330563e-01
    1.06448328e+00 -6.66681647e-01 9.86302853e-01 1.23940372e+00
    -2.47686088e-01 1.56133831e+00 -2.24735141e-02 7.82059908e-01
    2.91918099e-01 6.26217306e-01 -8.10481310e-02 1.27576447e+00
    3.93551469e-01 -3.82635415e-01 -1.53583527e-01 5.66666126e-02
    1.49406028e+00 1.70782340e+00 6.17261827e-01 1.25608051e+00
    -8.05767775e-02 -2.95767546e-01 1.26459849e+00 -6.79044724e-02
    4.28930461e-01 -3.01252723e-01 -3.80222917e-01 1.64105153e+00
    -7.49198794e-02 5.22309661e-01 -1.73502743e-01 -4.84756976e-01
    -1.94908321e-01 -1.74392760e-01 1.31384373e-01 2.04887450e-01
    7.12506771e-01 1.08573747e+00 1.27778697e+00 1.29380584e-01
    6.60707891e-01 1.21333027e+00 1.66610479e+00 -7.05686271e-01
    9.26039398e-01 -4.06410038e-01 5.19009471e-01 -5.87722361e-01
    1.09368193e+00 5.77338278e-01 8.72385681e-01 2.41190791e-01
    3.39246750e-01 -4.83852297e-01 1.30869150e+00 1.49325824e+00
    -1.11203790e-02 4.82870817e-01 3.23181748e-02 -1.56899989e-01
    7.19212711e-01 9.05087590e-01 1.56008339e+00 -5.15739083e-01
    -6.26051188e-01 -1.78415298e-01 -2.70612001e-01 -5.95101535e-01
    7.42454529e-02 1.72869039e+00 1.65186763e+00 6.39181197e-01
    -2.26166487e-01 1.06183219e+00 -6.92342401e-01 2.33996332e-01
    1.25411153e+00 4.05122578e-01 2.38620877e-01 1.19017780e+00
    1.32946968e+00 1.43600166e+00 1.59361231e+00 1.10093427e+00
    -6.79520726e-01 1.46796989e+00 -7.53786445e-01 -7.00966716e-02
    -5.65706015e-01 9.31807041e-01 7.80089736e-01 7.30860472e-01
    2.76482701e-01 5.23954868e-01 1.29367864e+00 -4.68999147e-04
    1.73717809e+00 -2.99161255e-01 9.25629139e-01 1.07754385e+00
    2.60083199e-01 1.45975935e+00 1.37678444e+00 -3.02224100e-01
    4.86940324e-01 5.89926481e-01 4.83078957e-01 5.36676288e-01
    -5.56635737e-01 5.76366186e-01 -3.43854815e-01 2.32976258e-01
    1.10999060e+00 1.94717407e-01 1.97568774e-01 -7.66316175e-01
    3.58717382e-01 8.65514517e-01 1.58248878e+00 -5.10270000e-01
    6.56548381e-01 4.73564446e-01 8.15422416e-01 -2.75519073e-01
    6.90410733e-02 9.58884597e-01 -5.49116135e-02 9.91476476e-01
    -4.61679220e-01 -2.82442003e-01 -3.83295029e-01 1.37258363e+00
    5.88118553e-01 1.14164495e+00 1.21518612e+00 4.68431711e-02
    1.06566632e+00 -3.45337391e-02 4.97533381e-01 3.95568550e-01
    -4.85922217e-01 1.78675175e-01 7.74205923e-01 -2.45809853e-01
    1.21647000e+00 1.53115463e+00 -4.35592264e-01 1.36051977e+00
    -5.90766072e-02 1.86764657e-01 -1.14244342e-01 -1.09079063e-01
    1.44099295e-01 -6.02946579e-01 9.20048356e-02 -2.33468652e-01
    1.28433180e+00 -1.66341484e-01 -6.19882047e-01 3.21990371e-01
    1.25764155e+00 1.70094073e-01 5.16945302e-01 -2.28648126e-01
    1.10370934e-01 9.91152406e-01 1.28100812e+00 1.07250476e+00
    7.92897940e-02 -7.15619385e-01 1.50728679e+00 1.17612755e+00
    1.35800219e+00 -2.60307938e-01 3.26258659e-01 3.11434865e-01
    -1.39864862e-01 3.57093394e-01 1.22350168e+00 1.08686924e+00
    4.20994520e-01 5.41352332e-01 1.16854966e-01 3.69674921e-01
    -8.95594358e-02 5.35673738e-01 8.70654166e-01 1.72893214e+00
    1.87969208e-03 -4.05146867e-01 -5.85086942e-01 -4.29185629e-01
    1.38548017e+00 -3.96520376e-01 6.09725595e-01 4.28551912e-01
    -2.63666928e-01 7.63451636e-01 1.64718342e+00 1.25467598e+00
    1.49635577e+00 8.61035943e-01 9.10079539e-01 1.23461771e+00
    1.58009815e+00 -6.46028578e-01 7.50874281e-02 1.60378504e+00
    3.47335339e-01 7.16751218e-01 6.31561518e-01 1.61406100e-01
    -2.74919271e-02 -3.73196602e-02 7.06750929e-01 8.66526365e-01
    1.72947836e+00 1.76166391e+00 1.58159328e+00 -5.24806499e-01
    3.78575325e-02 6.77105844e-01 -2.92226642e-01 -6.84212804e-01
    1.58044434e+00 6.81533813e-01 7.27937996e-01 -5.61633110e-01
    -1.84177876e-01 -4.89261538e-01 1.62769210e+00 8.81845057e-01
    1.09242821e+00 1.47150803e+00 5.80949008e-01 -8.70829225e-02
    -3.28693956e-01 -5.05892813e-01 1.17481422e+00 1.45249081e+00
    1.41085827e+00 1.29803300e+00 -5.49331367e-01 1.38992286e+00
    1.22302461e+00 1.71175432e+00 1.41691864e-01 5.12517333e-01
    1.73536515e+00 -1.75496340e-01 9.59624469e-01 1.73250508e+00
    3.85092378e-01 -4.17804539e-01 7.67818987e-01 -1.81188583e-01
    -6.95806503e-01 1.45795846e+00 -6.59957945e-01 2.99976945e-01
    1.56687284e+00 3.76060128e-01 6.69702888e-01 1.22325301e+00
    -8.47933888e-02 1.16451883e+00 6.84621632e-01 9.85425472e-01
    -5.37268758e-01 1.08800745e+00 4.80500817e-01 6.50088906e-01
    1.65695298e+00 1.41707158e+00 -5.26139498e-01 1.09418106e+00
    9.04009402e-01 2.61752963e-01 5.70581377e-01 5.67548573e-01
    2.53413677e-01 6.11385882e-01 1.19461691e+00 1.11286271e+00
    9.96382833e-01 1.33211040e+00 9.73190367e-01 1.68822217e+00
    1.42311597e+00 6.84176266e-01 1.70222092e+00 5.07408082e-01
    8.23214054e-02 -5.84795594e-01 -4.89044428e-01 -1.03530943e-01
    1.03649187e+00 -5.86652756e-03 -3.70330811e-01 -4.36004877e-01
    2.11690247e-01 -6.32145703e-01 -2.41104186e-01 1.38080144e+00
    1.85147524e-01 1.27372015e+00 7.80653834e-01 1.95381701e-01
    1.25601888e-01 2.41923332e-03 1.21404827e+00 7.60017157e-01
    2.80131876e-01 2.72808194e-01 -4.36432034e-01 4.67490315e-01
    7.08715379e-01 1.67252278e+00 9.70306277e-01 3.68469357e-01
    1.57921159e+00 1.02383709e+00 -2.86420941e-01 5.69602311e-01
    -4.86770004e-01 9.86033499e-01 3.60195696e-01 -5.36453187e-01
    1.36967182e+00 1.22274160e-01 5.12878895e-02 1.26142216e+00
    7.62946606e-02 3.63763034e-01 -1.90271974e-01 1.23016715e-01
    -4.62865412e-01 -3.70081663e-01 -1.42671824e-01 -2.77156413e-01
    4.59240377e-01 3.02012265e-01 -7.09250689e-01 1.20749474e-01
    -5.62087893e-01 -7.82521367e-02 -6.41548634e-03 1.61646461e+00
    1.67883110e+00 2.24906981e-01 -1.09060675e-01 1.00105548e+00
    2.85988212e-01 4.08202618e-01 3.96974057e-01 1.73061991e+00
    1.91966081e+00 4.48965013e-01 1.13576913e+00 1.38292241e+00
    1.08328938e+00 3.32386792e-01 4.42197084e-01 -4.94118333e-01
    -6.10923886e-01 -6.76128447e-01 -2.31973767e-01 1.30486047e+00
    -2.35661924e-01 1.37814105e-01 2.53682077e-01 9.60859835e-01
    1.04298353e-01 1.75829709e-01 5.41645288e-01 -3.70907784e-03
    1.72130048e+00 8.79315913e-01 1.25599325e-01 3.44673097e-01
    -2.69626081e-01 8.06637764e-01 6.54414415e-01 9.11983013e-01
    -4.22968268e-02 1.12326205e+00 1.19479942e+00 -7.47646272e-01
    3.83294344e-01 4.53923225e-01 1.10601306e+00 -2.12525070e-01
    9.98937368e-01 -3.67775232e-01 -5.84690928e-01 1.28836787e+00
    3.88449430e-03 8.80209327e-01 -8.27861428e-02 6.09467387e-01
    1.52075350e-01 1.49119473e+00 -3.04559261e-01 1.47113264e-01
    1.47896481e+00 1.67410457e+00 -1.78215981e-01 1.51982963e-01
    9.65062797e-01 3.18513393e-01 1.49646354e+00 1.33839869e+00
    1.52434421e+00 9.39788222e-01 -4.01092052e-01 -2.96467274e-01
    4.26383615e-01 7.25261629e-01 7.27864146e-01 -2.74196625e-01
    1.36301816e-01 -4.39445049e-01 2.26783156e-01 1.17171502e+00
    -3.23200494e-01 -5.20228565e-01 9.98841822e-01 9.98487651e-01
    1.79091096e-02 1.75585926e+00 4.05240834e-01 -2.63583392e-01
    7.54844129e-01 -2.76405752e-01 1.28617644e+00 1.18290687e+00
    1.10774136e+00 8.83038163e-01 1.64165163e+00 1.59281337e+00
    -9.54574347e-03 5.70597649e-02 -4.93303865e-01 -5.12717843e-01
    1.68939066e+00 1.21454537e-01 3.75529766e-01 1.41234350e+00
    -5.29175758e-01 7.87359476e-03 3.38829219e-01 1.40472090e+00
    -5.14614761e-01 2.54606962e-01 1.04894495e+00 5.13238370e-01
    -3.25103849e-01 1.21828425e+00 2.19210088e-01 -1.73077822e-01
    9.80968595e-01 7.52499402e-01 1.03646171e+00 -5.25095463e-01
    3.64933550e-01 -4.46548074e-01 -6.71005249e-02 3.30704153e-01
    1.91738844e-01 -5.08950472e-01 -3.51253420e-01 4.16076303e-01
    1.02342200e+00 6.07607722e-01 9.45634663e-01 3.32260966e-01
    -2.99609333e-01 8.54095817e-01 1.87753439e-01 -7.56701469e-01
    3.65251601e-01 1.71651363e+00 -6.89281464e-01 7.61030614e-01
    8.93107414e-01 -6.29022241e-01 3.35625470e-01 -3.31042200e-01
    -3.52207422e-02 -1.96799040e-02 1.45920181e+00 -3.09533983e-01
    1.59934795e+00 1.42329955e+00 -6.19032025e-01 1.36226153e+00
    -2.26422787e-01 3.26814115e-01 -1.42867923e-01 6.94800198e-01
    1.69509554e+00 1.45723927e+00 7.91925430e-01 5.15481591e-01
    8.54022384e-01 8.67231786e-01 1.37670636e+00 1.94790363e-02
    7.21518993e-01 -2.73062319e-01 -5.66925824e-01 3.09337616e-01
    7.05396056e-01 9.33849275e-01 -3.34269494e-01 1.18276477e+00
    8.36960495e-01 -2.96937138e-01 1.33485341e+00 5.35493016e-01
    8.40963483e-01 1.50102901e+00 1.29074597e+00 5.30098200e-01
    1.00429583e+00 -5.72698832e-01 1.57323277e+00 -1.71588242e-01
    4.11439538e-01 6.82778955e-01 7.94928551e-01 -1.32205009e-01
    2.25926936e-01 1.00159407e+00 6.72174752e-01 9.38757062e-02
    9.58249092e-01 -4.79798675e-01 -3.51464778e-01 -8.02076459e-02
    -2.68614501e-01 -2.67980844e-01 1.43311453e+00 1.28981948e-01
    6.33588970e-01 -3.11094016e-01 6.47117972e-01 1.52900219e-02
    -4.37460363e-01 -5.40612102e-01 1.63454127e+00 -4.57524419e-01
    -3.06682885e-01 -1.83541536e-01 1.22371864e+00 5.19953430e-01
    4.20299411e-01 -3.87618035e-01 1.52541637e+00 1.28152609e+00
    8.32466424e-01 2.90394902e-01 1.40661621e+00 1.65831196e+00
    8.43453526e-01 1.54617381e+00 3.78038466e-01 -7.05132902e-01
    -2.39849567e-01 -2.81781286e-01 9.30179417e-01 4.87312198e-01
    -1.20330870e-01 6.56839967e-01 -1.65364146e-02 1.41849017e+00
    1.57757866e+00 1.68491542e-01 7.29094982e-01 -5.65687001e-01
    -5.70665777e-01 8.27152967e-01 1.45058846e+00 7.94284046e-01
    3.82204533e-01 1.42935634e-01 -1.53492570e-01 5.55388153e-01
    1.33729100e+00 1.03038859e+00 8.46638978e-01 -1.06474757e-01
    1.54176402e+00 -7.09633231e-02 1.68348932e+00 -4.18694675e-01
    1.39613390e+00 3.71372461e-01 3.56455088e-01 2.90445447e-01
    3.32451165e-01 1.55725932e+00 1.13467216e-01 5.40413201e-01
    6.65146708e-02 1.94739246e+00 -8.38165879e-02 4.36323404e-01
    8.63760471e-01 5.50334930e-01 1.52802408e-01 2.27891803e-02
    3.25700641e-02 2.91468203e-01 3.41995180e-01 2.81863451e-01
    -4.85284925e-01 8.36934507e-01 7.73485959e-01 5.56260467e-01
    1.49831700e+00 -3.56611013e-01 -6.18215501e-01 -8.35884809e-02
    5.81675649e-01 1.00049067e+00 1.59917974e+00 -5.27526498e-01
    5.66951036e-02 1.53383327e+00 -5.82772493e-02 -5.57645619e-01
    -2.22177744e-01 -1.07341349e-01 4.28769052e-01 1.69638872e+00
    -3.90369385e-01 1.72097623e-01 9.04089212e-03 3.45720947e-01
    1.49238229e+00 1.40921628e+00 3.84606659e-01 1.32076073e+00
    8.10755730e-01 2.66216993e-02 4.73693728e-01 4.60725844e-01
    1.53851509e+00 -5.43388486e-01 1.54651988e+00 6.39061987e-01
    7.46289670e-01 1.65696323e-01 -3.53620768e-01 5.74394226e-01
    5.55503607e-01 9.55920756e-01 8.34439218e-01 4.78917181e-01
    8.79073977e-01 1.22169209e+00 7.75115490e-02 1.64402437e+00
    1.05528498e+00 1.21966469e+00 2.98321605e-01 -7.29303360e-01
    7.30061948e-01 -3.09132248e-01 -7.13317573e-01 1.53613496e+00
    -3.79694819e-01 1.25728059e+00 1.29654408e-02 4.42671359e-01
    1.38454854e+00 -7.36547053e-01 1.10987771e+00 4.64360893e-01
    1.36259258e+00 4.12640274e-01 1.62326241e+00 3.74031782e-01
    1.41198564e+00 8.14714730e-01 4.40624714e-01 1.03603125e-01
    -6.59036756e-01 1.21510482e+00 4.51347113e-01 1.52599096e+00
    -1.76358819e-01 -5.82486033e-01 1.10300159e+00 1.51661766e+00
    -5.71946383e-01 -3.52607101e-01 1.21056294e+00 -6.48057282e-01
    -1.51399851e-01 2.37549365e-01 5.14662743e-01 1.51161885e+00
    5.48563600e-02 -6.74073696e-02 -6.34910643e-01 1.67880368e+00
    -5.03312349e-01 1.10669744e+00 8.95422339e-01 4.11931336e-01
    4.99821723e-01 6.50439799e-01 -6.61318898e-02 5.45075893e-01
    1.56912065e+00 -1.35329425e-01 5.71276248e-01 1.44197237e+00
    -7.77799129e-01 1.42728102e+00 8.87922525e-01 -7.38655388e-01
    1.37903523e+00 -7.65221834e-01 -5.16691089e-01 1.32778549e+00
    1.02569127e+00 -4.64737803e-01 6.13480389e-01 1.67988074e+00
    6.06608391e-02 6.64745212e-01 2.54952610e-01 1.28919792e+00
    -6.72796011e-01 8.87748003e-02 -4.08646375e-01 -7.45314896e-01
    1.03436637e+00 1.63859105e+00 1.72428441e+00 1.18870687e+00
    -3.02296788e-01 9.78642702e-01 1.13643408e+00 9.20862675e-01
    -6.38010144e-01 -5.39653540e-01 -5.98520994e-01 1.14882612e+00
    1.08032274e+00 5.77279568e-01 8.48665833e-01 1.22916198e+00
    9.06409681e-01 1.18728590e+00 -1.32811129e-01 1.65797734e+00
    4.64023948e-01 1.56941104e+00 -4.77917969e-01 -4.90723968e-01
    1.42287517e+00 -2.96823978e-01 -6.14447951e-01 2.10097492e-01
    2.96271861e-01 1.71468318e+00 4.82060552e-01 4.67314422e-01
    -2.35570252e-01 1.08745360e+00 1.37305665e+00 1.14143324e+00
    1.63294435e-01 -6.89350724e-01 1.61174083e+00 1.36695719e+00
    5.55489123e-01 1.29415512e+00 -4.17939126e-01 -7.58819938e-01
    3.53570580e-01 1.27102315e+00 1.64845228e-01 -6.00393176e-01
    1.14246655e+00 2.88554907e-01 2.75023997e-01 1.37190676e+00
    1.25549483e+00 -7.15966225e-01 1.60251558e-01 1.59747672e+00
    9.02658999e-01 1.67899418e+00 -9.34873223e-02 7.76391983e-01
    1.56161189e+00 8.97900403e-01 9.89442229e-01 6.82109535e-01
    1.45776010e+00 -4.11542594e-01 -6.32190883e-01 9.61121857e-01
    4.56162214e-01 -2.10064232e-01 8.01223397e-01 9.71053481e-01
    -6.34928703e-01 -5.17127991e-01 1.52031398e+00 1.03776193e+00
    6.07623339e-01 3.56832266e-01 -7.22509623e-02 1.46992683e-01
    1.32627439e+00 3.26740861e-01 -6.74753070e-01 1.38321328e+00
    1.66464067e+00 1.50129437e+00 1.17551041e+00 2.35438347e-02
    1.08887219e+00 1.16804171e+00 3.36151600e-01 -2.87680626e-02
    1.73360682e+00 -7.21509874e-01 7.44613528e-01 2.85283327e-01
    1.60100102e+00 5.12944281e-01 5.52585542e-01 4.32108700e-01
    -1.04887187e-01 1.67666483e+00 1.68059683e+00 8.20078313e-01
    9.81140018e-01 1.27485061e+00 1.15562618e+00 3.33881855e-01
    9.20129240e-01 -2.61376172e-01 4.53268230e-01 -5.25036931e-01
    5.67037463e-02 -2.30831504e-02 -2.63781846e-01 8.03434849e-02
    -3.59362990e-01 -2.43564039e-01 -4.72194821e-01 9.45907116e-01
    1.33598506e+00 1.74486852e+00 -2.12989286e-01 3.59998703e-01
    2.72110641e-01 5.43746829e-01 1.57472324e+00 4.03370261e-01
    7.21054673e-02 1.76854479e+00 1.72269714e+00 -7.10576773e-01
    -5.76477706e-01 6.21112466e-01 -1.73687339e-01 9.48550999e-01
    1.56882644e+00 1.59577727e-01 3.51286709e-01 1.29163861e+00
    1.87777698e-01 -1.00701272e-01 -4.47113067e-01 9.94801998e-01
    1.14943981e-01 1.44992399e+00 -7.58516133e-01 4.33486283e-01
    1.37345076e+00 -3.47826838e-01 1.36819100e+00 1.30823934e+00
    7.59300888e-01 -5.08279800e-02 -3.26366574e-01 9.11993325e-01
    -3.74080569e-01 -3.56876761e-01 1.59839427e+00 2.41233468e-01
    8.80293071e-01 1.44605184e+00 9.10728753e-01 1.03510571e+00
    -7.38557041e-01 -4.50793624e-01 1.51148224e+00 1.55812502e+00
    -6.32326543e-01 -4.02926832e-01 3.67676675e-01 7.84510434e-01
    3.54898810e-01 1.68267155e+00 2.52030551e-01 -5.83412766e-01
    5.14988363e-01 -6.59087598e-01 7.62549758e-01 8.33451271e-01
    -7.09568858e-01 4.17096913e-01 -4.40076590e-02 9.52039659e-01
    2.34253287e-01 1.46541679e+00 4.98382449e-02 3.00921202e-01
    1.26088035e+00 5.14271736e-01 1.37491941e+00 1.57854652e+00
    -4.47108239e-01 8.26268852e-01 -4.51598883e-01 -7.25340664e-01
    4.71711278e-01 -1.04448497e-01 -3.39217842e-01 3.07070315e-01
    1.09922874e+00 6.48068011e-01 -7.03223705e-01 1.45308220e+00
    1.09781706e+00 2.29193032e-01 -7.15782762e-01 1.66756272e+00
    -6.70753241e-01 -3.94709617e-01 1.39581013e+00 6.17009163e-01
    6.58468425e-01 -9.61475372e-02 1.26012039e+00 1.03101158e+00
    2.58617282e-01 1.08258963e+00 9.48360443e-01 1.40869904e+00
    -5.75483859e-01 2.15398788e-01 1.09220123e+00 1.06141734e+00
    -1.49332464e-01 -7.48628438e-01 -5.63642085e-01 -2.04078019e-01
    2.33738363e-01 -1.25120044e-01 7.82148063e-01 -5.41239500e-01
    -6.24728203e-03 1.52729928e-01 8.91051471e-01 9.74702477e-01
    2.57929623e-01 6.55895531e-01 1.71794987e+00 2.30257690e-01
    1.13387370e+00 1.50038457e+00 1.25697756e+00 -6.07556105e-03
    7.43896067e-01 9.57943916e-01 1.24538445e+00 1.69963217e+00
    -7.08455443e-02 1.24703372e+00 1.27610719e+00 5.82361817e-01
    1.32677507e+00 8.65588784e-02 5.65970778e-01 -1.80107653e-01
    -1.83692396e-01 1.20509052e+00 1.02126896e-01 1.30564404e+00
    1.59295225e+00 7.37836361e-02 -4.41674113e-01 -5.13691783e-01
    1.58302689e+00 1.66402543e+00 -3.15610111e-01 2.67080665e-01
    8.01094115e-01 1.48811758e-01 1.28032744e+00 8.28978717e-01
    -3.42027307e-01 -3.81025672e-02 -6.19690180e-01 1.35393333e+00
    1.08839750e+00 1.09161234e+00 -5.69015682e-01 -4.54580426e-01
    6.78078234e-01 4.54795599e-01 1.27816248e+00 -3.76178771e-01
    -1.72020733e-01 -8.82202387e-03 1.26092017e-01 -4.55600679e-01
    -5.50354302e-01 9.71007943e-02 -7.38498628e-01 -6.69009209e-01
    1.17687142e+00 6.41406775e-01 -7.50416458e-01 1.31615543e+00
    1.21295118e+00 4.99241233e-01 1.51479721e+00 7.49985576e-02
    1.64530873e-02 9.75692213e-01 1.29868209e+00 1.47931194e+00
    8.29397500e-01 -7.50294328e-02 -1.59849524e-02 1.13674474e+00
    1.61994314e+00 -6.09417081e-01 -8.19758177e-02 5.21221399e-01
    2.98955023e-01 9.70284402e-01 1.54804277e+00 -5.57182431e-02
    1.38969588e+00 1.49685824e+00 1.68850434e+00 -2.54661500e-01
    -2.59751141e-01 1.50209403e+00 3.66583526e-01 8.74961793e-01
    3.86237383e-01 2.49254286e-01 9.46906865e-01 2.26346374e-01
    1.92103446e-01 -5.25595784e-01 -4.08489525e-01 9.52366292e-01
    -4.39159930e-01 1.16809702e+00 8.88784766e-01 1.72929740e+00
    1.05652654e+00 -4.22503859e-01 1.03844655e+00 1.90099955e-01
    1.07710302e-01 9.08190012e-02 4.22153413e-01 1.96072221e-01
    4.22998250e-01 -3.32230330e-01 1.47011042e+00 8.81508052e-01
    6.32997036e-01 6.00140512e-01 5.48836052e-01 6.14141881e-01
    1.50938582e+00 8.96712601e-01 7.68030107e-01 1.72293544e+00
    -6.63459718e-01 1.50870943e+00 -4.90567684e-01 -5.80688059e-01
    1.35269666e+00 -5.89100003e-01 1.59335256e+00 -1.46747828e-01
    -2.35873461e-01 9.68499839e-01 2.32725799e-01 1.40162098e+00
    -4.27871555e-01 -4.62976575e-01 1.87505484e-01 3.79303753e-01
    1.66746902e+00 -2.45009452e-01 8.21018338e-01 1.58490407e+00
    1.29618645e+00 5.42573452e-01 -3.67507726e-01 2.14586794e-01
    1.76775908e+00 5.94990313e-01 8.26978564e-01 -2.44494468e-01
    -5.00229001e-01 4.32138562e-01 6.30010068e-01 7.30106473e-01
    -6.17452264e-01 -4.59493160e-01 -6.98217452e-01 -2.10658967e-01
    1.67046690e+00 -4.30994838e-01 1.18663073e+00 -7.56951571e-02
    1.74919975e+00 9.26855445e-01 8.19297135e-01 4.93088782e-01
    4.88933325e-01 -3.43571395e-01 9.50056314e-01 7.30202794e-02
    1.57286477e+00 1.00135899e+00 1.36252570e+00 1.68984771e+00
    -1.73360586e-01 6.99599624e-01 9.43560243e-01 1.63096857e+00
    8.86423349e-01 -2.84184217e-01 1.97138131e-01 -1.16711199e-01
    -6.47951007e-01 -5.61384737e-01 1.02078581e+00 -5.30948818e-01
    5.35075307e-01 1.35522079e+00 -4.00490075e-01 -6.99987411e-01
    3.13441098e-01 1.08875656e+00 7.95197904e-01 1.51350212e+00
    -1.91616893e-01 -3.55695605e-01 2.63238907e-01 1.39181912e+00
    1.62251234e+00 -5.64477444e-01 1.05601501e+00 -2.52280414e-01
    1.66115022e+00 9.19116795e-01 1.85641766e-01 7.11357832e-01
    -4.66857493e-01 9.87715304e-01 6.53696299e-01 1.70563459e-01
    2.17418373e-01 -7.22176254e-01 1.16249681e+00 3.80219936e-01
    1.56590402e+00 9.20495808e-01 1.70825243e-01 4.32382822e-01
    -2.48001635e-01 -5.44955432e-01 6.91290319e-01 8.56862426e-01
    1.61387682e-01 7.38710880e-01 -4.02329594e-01 -4.67536062e-01
    5.54690957e-02 -4.90286350e-02 1.32991517e+00 -7.01318145e-01
    4.52801108e-01 -3.42640311e-01 2.64400899e-01 -7.15628386e-01
    5.52332997e-01 1.40416324e+00 3.94528925e-01 3.41202319e-01
    1.10862160e+00 4.64259565e-01 1.59606838e+00 -1.74977779e-02
    -4.62574601e-01 -5.50173283e-01 7.17746258e-01 3.69693875e-01
    1.39765918e+00 1.02354479e+00 -4.39615190e-01 3.99731100e-01
    1.02324784e-01 1.41949034e+00 1.23978543e+00 9.65517282e-01
    1.04334998e+00 -1.97155893e-01 -3.72786731e-01 6.57599330e-01
    1.45952487e+00 9.02893960e-01 7.24376082e-01 6.51032925e-02
    -7.60240078e-01 1.40231550e-01 -3.48943859e-01 1.48820877e+00
    -5.24502516e-01 7.63951182e-01 -1.00746155e-01 4.74697232e-01
    8.72608781e-01 1.48256350e+00 1.74682879e+00 1.10963285e-01
    6.01657033e-02 6.68134451e-01 -3.41107547e-01 7.45275080e-01
    -4.98709291e-01 1.73689008e+00 1.39014935e+00 1.37686825e+00
    7.64147639e-02 4.02202189e-01 1.28106463e+00 4.36791360e-01
    -3.13917696e-01 5.57119191e-01 1.45991278e+00 -4.25285697e-01
    -1.02006257e-01 4.53374445e-01 -6.09626949e-01 2.26079822e-01
    3.01667154e-01 4.62816477e-01 3.85622859e-01 5.95927835e-02
    3.88788342e-01 -5.05113244e-01 -7.68617570e-01 3.63107800e-01
    1.02552736e+00 1.75967073e+00 3.08188856e-01 1.55594075e+00
    8.41706634e-01 1.49616337e+00 -4.15603191e-01 -2.63167083e-01
    1.03984714e-01 1.49795794e+00 -7.60461211e-01 3.29738736e-01
    -4.71374184e-01 -4.86955643e-02 -5.99650979e-01 8.10301661e-01
    9.75735784e-01 6.96075380e-01 6.91824198e-01 1.07876897e+00
    6.81537986e-02 1.64847732e+00 -5.49206734e-01 1.12820816e+00
    5.75194001e-01 -4.84048486e-01 2.88276792e-01 5.10209143e-01
    7.05670714e-01 -7.76487589e-02 1.15740252e+00 5.16662538e-01
    1.37532330e+00 5.32084465e-01 7.61672497e-01 -3.64204288e-01
    1.18489575e+00 1.66336513e+00 1.38056886e+00 1.68790817e-01
    1.26758528e+00 2.65252471e-01 1.15420830e+00 1.56823409e+00
    9.93953586e-01 -1.13025308e-02 1.51126838e+00 1.15477872e+00
    -4.92613137e-01 1.63786602e+00 -4.60607201e-01 1.54687428e+00
    9.06104326e-01 2.31384754e-01 4.07367468e-01 4.37973797e-01
    1.31420982e+00 1.24378169e+00 5.24483383e-01 1.45241404e+00
    1.72576642e+00 8.42127085e-01 1.48880887e+00 5.35990596e-02
    1.03999197e+00 -6.85713470e-01 1.76083744e-01 9.31624532e-01
    1.78107500e-01 1.04981208e+00 -3.07794243e-01 5.05946577e-01
    8.83677363e-01 -4.87692356e-02 1.57041395e+00 5.77816546e-01
    3.21149230e-01 -6.38502836e-02 2.57163584e-01 1.58753681e+00
    9.77216899e-01 1.27749324e+00 5.03023088e-01 1.35969949e+00
    9.64447498e-01 8.19303751e-01 4.23858643e-01 1.08041430e+00
    -6.51221514e-01 1.56945181e+00 1.08922410e+00 1.42186832e+00
    2.76002705e-01 1.44488788e+00 1.85622740e+00 1.73301363e+00
    5.02695978e-01 2.70605892e-01 1.60604310e+00 1.54838824e+00
    1.43692183e+00 8.17185640e-01 1.68895125e+00 9.54139292e-01
    2.58522093e-01 6.76043332e-01 -5.32685578e-01 1.18089247e+00
    -2.27177918e-01 4.73095775e-01 -7.04098344e-02 1.25632095e+00
    2.77712166e-01 1.04545438e+00 1.75445509e+00 9.20045376e-02
    8.80279422e-01 -3.44726682e-01 3.59036684e-01 1.56219101e+00
    4.70930755e-01 -5.56706309e-01 7.31256723e-01 -4.52506602e-01
    1.21940207e+00 6.93133295e-01 1.08464527e+00 -7.62668371e-01
    -2.05644011e-01 -7.66238689e-01 1.18993771e+00 -8.28788877e-02
    -4.61984277e-02 4.10743356e-02 -6.55129075e-01 -1.47103071e-02
    1.04441428e+00 1.57150745e+00 1.48415017e+00 4.67112660e-02
    -8.00418854e-03 -4.40435916e-01 -2.77484059e-01 3.15820158e-01
    1.05546999e+00 1.49434984e+00 1.39795113e+00 5.24281681e-01
    -1.40538692e-01 1.12143159e-02 6.01653695e-01 -5.34136653e-01
    -6.41252637e-01 1.14592767e+00 1.71694291e+00 -7.24855423e-01
    1.18880606e+00 1.97601378e-01 -7.42647588e-01 9.84130859e-01
    2.31625438e-02 -1.91731155e-01 1.29109454e+00 1.32633209e+00
    7.53619134e-01 1.51941419e-01 1.18990552e+00 1.58611631e+00
    2.92553842e-01 9.77429748e-02 9.53146160e-01 1.45535350e+00
    1.04007065e-01 -2.49568224e-02 1.61226535e+00 -7.34210610e-02
    -3.64378422e-01 4.10627425e-01 1.38448906e+00 1.15952909e+00
    5.86295009e-01 9.20080960e-01 7.17520297e-01 -7.70828545e-01
    4.11702394e-01 -5.80233276e-01 1.59224463e+00 -4.33442026e-01
    -4.15523052e-02 -2.26823032e-01 5.62571347e-01 -4.82664108e-02
    -7.34647214e-01 1.72458243e+00 1.19835603e+00 8.96940529e-01
    -5.81994414e-01 -5.77319264e-01 -3.36046398e-01 8.35259318e-01
    1.31014121e+00 5.05129218e-01 1.17392659e+00 1.12443328e+00
    -5.99757910e-01 -1.13272727e-01 1.28429127e+00 1.37586832e+00
    5.88032842e-01 1.30887794e+00 1.79217815e-01 -1.79802775e-01
    2.38765359e-01 2.51590729e-01 3.02884877e-01 7.95729339e-01
    -2.45317221e-02 1.56377888e+00 -5.00358164e-01 -2.06690550e-01
    1.44665456e+00 -7.62570560e-01 9.47653413e-01 1.35985792e+00
    -2.62364060e-01 1.49450874e+00 5.18610597e-01 7.65194118e-01
    1.54385960e+00 5.63608348e-01 7.35951662e-02 1.22197163e+00
    1.18568838e+00 1.28558421e+00 -4.93846506e-01 1.51430535e+00
    1.20742798e+00 -4.74977821e-01 1.21405947e+00 1.56691051e+00
    8.97597492e-01 6.09886229e-01 -7.74756908e-01 7.22413182e-01
    7.91502714e-01 1.23265886e+00 4.83778298e-01 -4.42258537e-01
    1.53707051e+00 6.49744928e-01 9.41166878e-01 1.22157741e+00
    5.52654028e-01 1.68304205e+00 -1.15291357e-01 2.84009516e-01
    1.47564125e+00 5.86738765e-01 -5.96436739e-01 1.40966868e+00
    5.29471934e-01 1.47577047e+00 1.01008296e+00 -4.01947439e-01
    7.64776409e-01 7.35274971e-01 -4.92245555e-02 -2.74569273e-01
    1.35590911e+00 8.62279177e-01 1.30508566e+00 1.64064586e-01
    8.58204722e-01 8.10233831e-01 2.35139728e-01 -4.07795191e-01
    5.51967025e-01 1.49273324e+00 5.29510498e-01 -1.44844592e-01
    5.75194180e-01 -1.56468451e-01 7.88518190e-02 -3.14855993e-01
    -3.49697828e-01 1.03352511e+00 5.87502718e-02 3.21914256e-01
    4.48557854e-01 5.31583130e-01 5.49530029e-01 4.39989984e-01
    -3.89232457e-01 -5.81175804e-01 1.61680055e+00 1.03392935e+00
    1.16964102e+00 5.54342389e-01 -4.89271641e-01 1.76426947e-01
    -6.42250538e-01 1.00065160e+00 1.55946887e+00 1.68229675e+00
    1.45203197e+00 1.13354278e+00 4.21383619e-01 1.63827455e+00
    3.72047007e-01 2.96281040e-01 -2.74495095e-01 1.36371279e+00
    -3.79401237e-01 -2.23017037e-01 -1.17202461e-01 1.41390133e+00
    1.17410731e+00 1.01022124e+00 7.84462810e-01 -1.71677947e-01
    6.03727221e-01 4.11664307e-01 5.83523273e-01 7.68123031e-01
    8.68922949e-01 6.21351838e-01 1.27336931e+00 9.36017394e-01
    2.31346250e-01 -4.51168329e-01 1.13456988e+00 9.75702107e-01
    5.28788090e-01 1.08238518e+00 7.07210779e-01 9.43647027e-02
    4.40743685e-01 7.60422349e-02 7.35846639e-01 9.60784376e-01
    4.46675479e-01 1.34747255e+00 8.20809722e-01 -1.11727953e-01
    1.71026373e+00 7.98814952e-01 3.43875527e-01 1.62341821e+00
    7.20969319e-01 3.97750020e-01 3.08294594e-01 1.19883561e+00
    3.71449649e-01 1.74653065e+00 1.46585941e+00 7.34952331e-01
    1.80584192e-01 1.03855348e+00 7.44091868e-01 1.92875457e+00
    1.43097425e+00 1.23245835e+00 1.21695209e+00 9.04709101e-01
    -1.69693232e-01 7.79626787e-01 -3.45976621e-01 5.40235579e-01
    1.04046273e+00 4.93949592e-01 8.31564009e-01 1.50172293e-01
    9.56940293e-01 7.56798148e-01 -1.49174452e-01 9.57108259e-01
    1.52474952e+00 3.98733318e-01 1.61723590e+00 -1.26063704e-01
    3.88698578e-02 6.37687266e-01 9.71549928e-01 -5.55824637e-01
    1.13421094e+00 -7.28709877e-01 7.56667376e-01 1.17927551e+00
    9.76466596e-01 1.10874534e+00 -3.61183465e-01 -3.83201599e-01
    1.17054915e+00 -6.10145390e-01 1.48107445e+00 -5.45667589e-01
    3.55097830e-01 1.52737164e+00 -5.73382437e-01 1.37924075e+00
    3.00370455e-02 -5.13544083e-02 1.24554729e+00 -3.49879265e-02
    -7.54140139e-01 -1.11132801e-01 -4.04688239e-01 9.75406170e-03
    8.15867543e-01 -2.97862530e-01 -3.88588279e-01 4.66685474e-01
    6.34922981e-02 1.00093603e-01 6.19142950e-01 1.18190503e+00
    -1.09432876e-01 1.32160687e+00 -6.83053255e-01 2.65705109e-01
    8.36033821e-02 3.63855779e-01 -7.10039318e-01 1.04412198e+00
    -3.22023422e-01 9.39298511e-01 -6.63059354e-01 7.90841639e-01
    -9.94123816e-02 1.42793036e+00 -4.52959508e-01 1.04262376e+00
    1.37712955e+00 -3.21051925e-01 1.65206122e+00 1.01631999e+00
    1.47642159e+00 1.71496797e+00 6.35605454e-01 1.27032423e+00
    7.08637774e-01 5.44361949e-01 1.51853323e+00 -1.65606618e-01
    -3.10709029e-01 -5.20378649e-01 5.45158148e-01 5.41712224e-01
    -7.01371312e-01 -1.66120350e-01 2.66171396e-01 6.61990941e-01
    1.37254822e+00 -2.18963623e-02 1.55763745e+00 -4.94291455e-01
    1.26526594e+00 -6.26013160e-01 1.03607178e-01 1.51839447e+00
    1.65780187e+00 9.39269066e-02 -4.53454852e-01 2.42016613e-01
    6.30456567e-01 9.70807672e-01 1.19440436e+00 4.35790777e-01
    -4.84756261e-01 3.12195420e-01 5.91006517e-01 1.29900455e+00
    -6.96056306e-01 1.71169162e+00 -4.35986876e-01 1.53225493e+00
    4.95544434e-01 -7.06175089e-01 1.44411898e+00 5.29451013e-01
    1.61718440e+00 5.07942677e-01 1.51220870e+00 7.03018904e-03
    7.52047658e-01 -6.05766535e-01 1.70285153e+00 1.62585258e+00
    1.56213725e+00 1.69789863e+00 8.22267890e-01 1.26969385e+00
    -5.99482834e-01 1.67712379e+00 1.38281393e+00 1.44550085e+00
    -2.52780735e-01 3.86316180e-02 3.95043314e-01 -5.39187968e-01
    7.41944611e-01 -4.29252982e-01 4.96751666e-01 1.33567572e+00
    -9.99662280e-02 4.50662911e-01 -1.00796640e-01 1.21153212e+00
    -6.44516468e-01 1.37701559e+00 7.61422634e-01 1.23826778e+00
    9.05326247e-01 1.41057539e+00 1.12994742e+00 -7.53520131e-02
    1.30502844e+00 -4.95537072e-01 -4.51343864e-01 9.28344369e-01
    1.20085835e-01 1.70747709e+00 9.11207139e-01 1.39038229e+00
    1.32296979e+00 1.47653008e+00 -5.50138593e-01 7.19315052e-01
    -1.51590466e-01 2.27657735e-01 1.14273417e+00 -4.47214842e-01
    -1.77307725e-02 3.37907016e-01 8.28265190e-01 8.45218301e-02
    -5.79646111e-01 7.28680491e-01 -5.52503109e-01 1.08627260e+00
    1.47208130e+00 1.38246953e+00 -6.77391231e-01 5.56781769e-01
    -5.99315345e-01 7.86139965e-02 3.01451147e-01 1.21776235e+00
    1.61002111e+00 -5.14087915e-01 8.77699912e-01 8.76303911e-01
    5.63920975e-01 1.88582778e-01 -1.94883466e-01 1.13993263e+00
    9.99573529e-01 -2.99780488e-01 -5.52843690e-01 -5.77733874e-01
    -2.45736897e-01 1.04633391e+00 4.48461115e-01 -3.46362978e-01
    -6.25578523e-01 1.58924675e+00 1.28419399e-02 1.61290205e+00
    1.19284809e+00 1.42385793e+00 6.35584295e-01 -2.66638339e-01
    -4.34371650e-01 3.80534053e-01 1.31680381e+00 1.44910073e+00
    6.60683334e-01 -5.71657836e-01 -4.91582423e-01 6.48834407e-01
    6.57970190e-01 1.36613965e-01 1.27738380e+00 2.58621573e-02
    1.40899384e+00 4.54727948e-01 -3.18625212e-01 3.86452794e-01
    1.68594646e+00 -5.16849697e-01 -7.23075271e-01 1.18519497e+00
    1.66370130e+00 1.21309078e+00 6.64559960e-01 6.67254984e-01
    1.61288393e+00 8.38272631e-01 -7.04298615e-02 7.93248355e-01
    9.78983700e-01 -2.23385096e-02 5.70402145e-02 1.45228326e+00
    -6.11069202e-01 4.79711592e-01 -5.38821876e-01 1.29686403e+00
    1.33957577e+00 -3.58365685e-01 -3.62970799e-01 4.96890396e-01
    4.62173283e-01 1.77479625e-01 1.71373940e+00 -9.56299901e-02
    1.61543775e+00 9.39735413e-01 1.54757118e+00 1.04513168e-02
    -6.45876288e-01 8.90791416e-01 -2.78398722e-01 3.17056656e-01
    9.46584344e-01 3.81192029e-01 2.84682691e-01 1.27782941e+00
    1.29953051e+00 1.45448458e+00 -5.13482749e-01 9.30761397e-01
    -1.46953940e-01 1.29114509e+00 1.52062058e-01 -4.76719588e-01
    1.71811104e-01 1.45479679e+00 6.88169360e-01 1.34957743e+00
    1.11183381e+00 1.27131581e+00 1.55983043e+00 6.69039965e-01
    1.73373580e-01 1.14566684e+00 4.81793880e-01 1.36713171e+00
    1.68242884e+00 1.65876293e+00 1.22516966e+00 1.07501578e+00
    -3.21591347e-01 1.33273852e+00 4.32336986e-01 6.49247110e-01
    -1.34376287e-01 8.64115953e-01 1.64057350e+00 -5.04112959e-01
    1.24124169e+00 -1.93088531e-01 -6.05154395e-01 1.36440289e+00
    7.18313694e-01 3.21052432e-01 1.63348722e+00 7.52591312e-01
    -4.09956247e-01 1.52811205e+00 -1.71298563e-01 1.49399269e+00
    1.57570839e-01 1.12985921e+00 4.46231604e-01 2.45354176e-01
    1.04702592e-01 8.25387537e-01 5.59575617e-01 1.24311924e+00
    -3.69845718e-01 -8.14078450e-02 1.40511250e+00 1.39656842e-01
    4.63801265e-01 2.21162438e-02 -6.15433335e-01 1.32268691e+00
    -1.39769971e-01 1.44349182e+00 -2.42101490e-01 -7.86918998e-02
    6.24397099e-01 6.23712718e-01 1.29589629e+00 1.33486879e+00
    3.95271182e-02 1.10914397e+00 4.54021156e-01 3.53867412e-02
    7.84597695e-01 -1.75142944e-01 1.78244174e-01 8.33772600e-01
    8.37261200e-01 2.64421821e-01 1.52183175e+00 8.34785223e-01
    7.98452437e-01 6.78760707e-01 6.85868084e-01 -7.01006472e-01
    1.18788910e+00 1.12212157e+00 -6.28782690e-01 -6.68343425e-01
    1.48364162e+00 1.32996774e+00 6.97945893e-01 -6.95666790e-01
    -3.77516806e-01 1.33436549e+00 4.41316366e-01 5.98209739e-01
    1.04500723e+00 1.46095228e+00 2.90261328e-01 9.81125534e-01
    1.45571899e+00 1.12659276e+00 1.12208796e+00 -7.38985121e-01
    -3.58340770e-01 1.34542489e+00 2.43641734e-02 1.63197160e+00
    1.66296697e+00 -7.33976603e-01 1.01688266e+00 -1.12027824e-01
    1.43387437e+00 -1.24148905e-01 5.29500246e-01 6.77970409e-01
    7.66308069e-01 1.31994057e+00 5.07110476e-01 9.16963816e-02
    1.68976235e+00 1.69236898e-01 -9.90794301e-02 8.12994659e-01
    -3.32304567e-01 -5.32504082e-01 1.54186571e+00 3.32256317e-01
    -5.69013476e-01 1.58972096e+00 1.37740850e-01 1.65152216e+00
    1.35800421e+00 5.74957371e-01 -2.85687149e-01 6.02638483e-01
    -5.92575073e-02 1.69211674e+00 1.65325451e+00 7.98753798e-01
    1.55525076e+00 2.49372661e-01 -6.13327801e-01 -5.19757688e-01
    -2.94483244e-01 3.07492614e-01 1.31592631e-01 6.92919135e-01
    -2.54250169e-02 5.26561797e-01 1.70250440e+00 1.43352795e+00
    -3.14360529e-01 1.43886292e+00 1.73910797e-01 1.41960347e+00
    1.56655073e+00 -5.33533692e-02 1.32277656e+00 -5.78649223e-01
    9.57163632e-01 1.02190077e-01 -4.61242735e-01 -2.48192489e-01
    1.69806623e+00 1.39102507e+00 1.31060207e+00 -6.60872459e-02
    1.24328303e+00 -1.97198749e-01 1.23446631e+00 1.45982051e+00
    6.52348638e-01 5.48037291e-01 -4.75655377e-01 4.70669150e-01
    1.47091079e+00 9.54105675e-01 8.57804716e-01 1.42461729e+00
    3.06430578e-01 -3.48604918e-01 7.76450634e-02 -2.13202655e-01
    1.70745158e+00 6.54680490e-01 4.74343896e-01 -5.34168899e-01
    3.00458729e-01 -8.74423981e-03 7.68172503e-01 1.36638880e+00
    9.22788739e-01 1.04177284e+00 -3.07502151e-01 9.21839833e-01
    3.01250994e-01 -1.58368826e-01 8.11126053e-01 -1.72341049e-01
    -2.98047036e-01 6.60398245e-01 -6.78760588e-01 1.70052361e+00
    1.03555536e+00 -6.18499398e-01 1.50126255e+00 1.66378641e+00
    -2.92895794e-01 1.11670184e+00 3.46451521e-01 1.33740985e+00
    -5.01632571e-01 1.63398623e-01 5.24922669e-01 9.14458990e-01
    1.36725235e+00 5.77923059e-01 7.10183263e-01 1.05808806e+00
    6.37858331e-01 -2.22480118e-01 3.48601520e-01 1.88993573e-01
    2.80503333e-01 -3.16967368e-02 -2.05137193e-01 1.34868574e+00
    3.15062344e-01 4.36077893e-01 1.02706981e+00 -4.06324923e-01
    1.00009108e+00 -5.77546895e-01 4.48658526e-01 1.44049144e+00
    1.25669599e+00 -2.73709357e-01 1.62339687e-01 1.09757638e+00
    7.51370549e-01 8.78413439e-01 1.68997741e+00 1.33447433e+00
    9.66546774e-01 1.60519004e+00 1.74342895e+00 9.94092584e-01
    1.73665166e-01 6.24867916e-01 1.63932931e+00 1.64691162e+00
    6.28297210e-01 -5.54561615e-04 -8.08456540e-02 -2.97839046e-01
    1.07854819e+00 6.50985241e-01 -1.29004717e-02 -2.30008900e-01
    1.11255789e+00 2.81581819e-01 1.34594798e+00 1.32835984e+00
    1.11767197e+00 -3.90327156e-01 1.26990342e+00 8.37694705e-01
    6.45542622e-01 1.54920673e+00 1.11483622e+00 -6.19493365e-01
    7.28601694e-01 1.69040179e+00 -7.46655464e-02 -6.16961479e-01
    1.35879540e+00 7.07702994e-01 1.31805658e+00 1.73074901e-01
    8.78053367e-01 7.84459591e-01 1.20363879e+00 -2.09068835e-01
    -1.02185309e-01 8.60748053e-01 -1.35784149e-01 4.46702063e-01
    1.34547877e+00 1.03978276e-01 1.72409415e+00 6.00917757e-01
    3.89139175e-01 3.50145876e-01 6.43787861e-01 6.04891121e-01
    7.98641682e-01 1.74134898e+00 1.20499063e+00 6.16293728e-01
    -7.09925234e-01 1.55236864e+00 1.19821680e+00 -1.00916624e-02
    1.56355858e+00 1.18864489e+00 1.10313582e+00 9.94393229e-01
    1.25171685e+00 3.50136578e-01 1.02471817e+00 -5.19650877e-01
    7.53943086e-01 -5.05367100e-01 -1.42556965e-01 -4.11963075e-01
    1.51909983e+00 1.28600979e+00 5.90190172e-01 3.30877125e-01
    1.68534982e+00 1.51057613e+00 6.25817955e-01 -3.27604771e-01
    2.11230874e-01 -7.46209204e-01 6.94403052e-01 -4.96930480e-02
    -6.42121911e-01 7.75704503e-01 6.89227045e-01 6.89903557e-01
    9.43214297e-01 1.51961517e+00 1.39778316e-01 4.26626921e-01
    4.61504400e-01 1.65642369e+00 -2.99967378e-01 -1.79028451e-01
    1.40741920e+00 -9.52125788e-02 1.57191098e+00 1.21038175e+00
    -1.37628496e-01 -7.37030029e-01 1.05436540e+00 1.23587632e+00
    1.21561575e+00 1.10948920e-01 1.23597693e+00 8.92790020e-01
    5.02770603e-01 -6.68627024e-02 5.35115123e-01 1.07304311e+00
    -6.41583145e-01 1.35048342e+00 1.33695674e+00 -2.85904795e-01
    1.32687569e+00 8.23064625e-01 1.10610425e-01 8.38249147e-01
    5.76083004e-01 1.28359818e+00 1.25346828e+00 -2.71724641e-01
    2.53865778e-01 3.99349511e-01 9.48175848e-01 8.69288266e-01
    -3.18153143e-01 9.24519539e-01 1.00006270e+00 1.16813159e+00
    4.27078187e-01 6.45790577e-01 1.45037007e+00 -6.22576714e-01
    1.64153910e+00 1.32200992e+00 -5.41355252e-01 -7.63251543e-01
    5.04986644e-02 1.43845201e+00 7.49692082e-01 7.64301062e-01
    7.54327714e-01 1.28558517e+00 1.42051506e+00 1.57753086e+00
    5.31517267e-01 6.08894050e-01 5.59716940e-01 1.09049559e+00
    1.11216128e+00 1.23186707e-01 9.17515278e-01 6.60692215e-01
    -8.01524520e-02 -3.28721642e-01 1.59502864e-01 1.58882082e+00
    2.64677882e-01 9.74224865e-01 3.17679346e-01 -3.67023379e-01
    1.28013468e+00 1.12769008e-02 1.12070036e+00 1.18195117e-01
    1.62195659e+00 1.14344525e+00 -4.87827927e-01 -3.21675897e-01
    1.65721595e-01 3.36043239e-01 4.93495703e-01 9.96497452e-01
    1.49917555e+00 -4.22857225e-01 5.53676426e-01 -2.93786913e-01
    1.26586473e+00 1.17690396e+00 4.90929782e-01 -3.83907676e-01
    7.69422054e-01 1.46926045e+00 1.60955763e+00 -5.12772262e-01
    5.67450523e-02 -1.71987176e-01 1.89607263e-01 -6.21023893e-01
    1.44615972e+00 -3.25033098e-01 9.33812857e-02 4.58109319e-01
    2.27927804e-01 1.62419367e+00 1.03347874e+00 1.69392657e+00
    3.47971320e-01 1.70334041e+00 5.68633914e-01 1.50727153e+00
    1.68512988e+00 4.81035829e-01 -1.78220451e-01 1.07129264e+00
    1.39066637e+00 -4.88789678e-01 2.90630460e-01 1.13858771e+00
    6.89522982e-01 1.34733248e+00 1.03941488e+00 -1.66586876e-01
    -2.15131342e-01 1.09182358e+00 1.03150427e+00 -1.02843881e-01
    1.30391431e+00 1.41086674e+00 1.68578684e-01 3.39007974e-02
    -3.03604782e-01 6.51392221e-01 7.41534710e-01 6.70314133e-01
    -1.99197054e-01 1.62986255e+00 1.42585933e-01 3.41036677e-01
    1.54772067e+00 -4.81574595e-01 3.43564630e-01 -7.27127969e-01
    1.47064805e+00 9.48240638e-01 9.05494928e-01 7.38096952e-01
    3.21143091e-01 -6.31855011e-01 3.14959168e-01 1.01154685e+00
    1.05520940e+00 3.65606308e-01 1.72238553e+00 1.64884079e+00
    5.93892038e-01 1.28290117e+00 8.31913233e-01 2.06044984e+00
    3.38369131e-01 6.17080212e-01 1.93502927e+00 3.19787979e-01
    -5.57935536e-01 1.34633505e+00 1.64514983e+00 -7.87025690e-02
    1.29496980e+00 -6.99402153e-01 8.38729024e-01 1.72916615e+00
    1.31207967e+00 2.29844213e-01 4.90706980e-01 1.15884101e+00
    8.20380270e-01 1.17166448e+00 1.05653405e-02 9.66101706e-01
    6.53946400e-02 -7.16410160e-01 1.44227910e+00 1.45392692e+00
    1.59832311e+00 -3.22681457e-01 1.07162917e+00 1.53508639e+00
    8.48040819e-01 5.61734736e-01 1.23215985e+00 1.09584546e+00
    -6.24055862e-01 1.51196408e+00 -6.91293299e-01 -1.85543716e-01
    -2.36494780e-01 8.29717517e-01 -4.39273804e-01 9.91742134e-01
    -4.90757227e-02 -1.31160021e-01 1.63805485e+00 1.67815471e+00
    1.12587380e+00 7.94451833e-01 -2.01764166e-01 2.63228536e-01
    1.27497351e+00 1.11645555e+00 1.42503345e+00 -6.86011791e-01
    1.52032018e+00 -5.38186312e-01 9.03089523e-01 2.57289946e-01
    1.15995622e+00 5.55012226e-02 1.14829111e+00 1.40217543e-02
    -5.27989149e-01 1.38075435e+00 1.34907711e+00 -6.82768166e-01
    1.30854881e+00 -4.61864471e-03 1.68385124e+00 1.36482584e+00
    -5.95158398e-01 1.57650185e+00 -5.77896178e-01 5.88909745e-01
    1.69644809e+00 8.46188664e-02 -2.78687298e-01 1.57769287e+00
    -1.45188570e-01 -2.45838761e-01 -7.47200251e-02 7.76412368e-01
    1.24640799e+00 7.53580034e-01 1.65360403e+00 -6.29093051e-01
    1.28711748e+00 1.38229191e-01 -7.69780397e-01 -4.42871243e-01
    1.02055550e+00 1.42031121e+00 7.82660604e-01 1.70548534e+00
    2.15828001e-01 1.55276346e+00 1.14425039e+00 3.75955403e-01
    -6.07087672e-01 -2.56962895e-01 1.19110107e+00 9.51750636e-01
    1.65880966e+00 -2.87467867e-01 -3.32169592e-01 3.94916177e-01
    6.74080431e-01 1.08878303e+00 1.39948702e+00 4.34930742e-01
    8.41958165e-01 4.40024674e-01 -1.80622637e-01 -6.45838916e-01
    1.67213881e+00 1.39739788e+00 -5.86274743e-01 -1.88729584e-01
    1.28998709e+00 1.13615668e+00 1.44335210e-01 4.86213207e-01
    1.30716014e+00 5.39368987e-02 1.00671697e+00 -5.05712986e-01
    1.50853193e+00 -2.61537910e-01 1.31582165e+00 -7.88918138e-02
    5.40903270e-01 1.25569105e-02 1.22671223e+00 9.75671828e-01
    1.54316401e+00 6.02193236e-01 5.44560850e-01 5.21730721e-01
    8.64482284e-01 9.88032997e-01 -6.79455876e-01 -3.18245858e-01
    1.30080366e+00 5.57073295e-01 1.18645370e-01 2.94455886e-01
    -4.63356972e-01 -4.58876491e-02 1.43425524e-01 1.41795599e+00
    1.66679192e+00 -2.54688531e-01 1.10415840e+00 1.60235620e+00
    -2.80603409e-01 1.73466861e+00 1.10260987e+00 -3.71118426e-01
    1.48457468e-01 1.01914728e+00 -2.41143435e-01 1.69951761e+00
    6.25419855e-01 -6.14277601e-01 1.72035122e+00 -3.13258171e-03
    -5.96132815e-01 7.36221373e-01 1.07199049e+00 -6.75328195e-01
    5.38228214e-01 -4.23549592e-01 6.77919388e-03 1.73487782e+00
    -3.49333882e-01 -6.22652829e-01 6.38417363e-01 -3.14434856e-01
    8.66220415e-01 1.55763745e+00 6.42337143e-01 7.07787871e-01
    1.02640510e+00 -1.65149450e-01 1.56877828e+00 1.76547742e+00
    1.71943939e+00 -4.90412980e-01 -7.29688227e-01 1.45924425e+00
    -2.01664269e-01 -4.09566998e-01 1.60282969e-01 -7.31858194e-01
    -6.52279735e-01 7.07835376e-01 -7.39166737e-01 5.39663613e-01
    5.67576110e-01 1.71363807e+00 -2.23069608e-01 1.37231410e-01
    -6.40436649e-01 -3.93547952e-01 -4.51605886e-01 1.23678088e+00
    9.30629253e-01 3.21267188e-01 -5.45948505e-01 -7.70044923e-02
    1.31377769e+00 1.39739311e+00 -4.83752638e-01 7.35895753e-01
    -3.98928672e-01 -5.27316988e-01 1.65632701e+00 5.99471927e-02
    6.17487431e-02 -4.05508518e-01 -3.10083061e-01 6.83083355e-01
    1.22690105e+00 -5.32096267e-01 7.12887824e-01 -1.74413860e-01
    1.07905078e+00 -7.72263050e-01 -1.34943902e-01 -4.48407620e-01
    1.17643046e+00 -2.10373878e-01 -4.96536672e-01 1.46616578e+00
    2.46170104e-01 8.39293599e-02 8.14535022e-02 4.97011364e-01
    -7.18015432e-03 -9.14600492e-02 3.41722369e-01 -7.01580703e-01
    3.92546356e-01 9.30298746e-01 -4.93498534e-01 6.76908016e-01
    -2.44611204e-01 1.51226187e+00 1.22539699e+00 8.56346071e-01
    3.55544686e-01 4.81035650e-01 3.06418777e-01 1.68935490e+00
    -1.28097683e-01 2.31631398e-01 1.45900202e+00 9.81774211e-01
    -2.73355573e-01 -1.86743528e-01 6.60223126e-01 1.12458909e+00
    1.10299683e+00 -5.62651217e-01 1.66545153e+00 1.38502717e-01
    1.45983338e-01 1.34594393e+00 1.75208628e-01 1.55625403e-01
    4.03530002e-02 -5.52025914e-01 6.73348904e-01 1.70995760e+00
    1.02213466e+00 2.95654535e-02 -7.68354595e-01 1.02948236e+00
    1.41318488e+00 -5.40489316e-01 1.23048615e+00 -4.18556988e-01
    -4.07989979e-01 1.66446900e+00 1.61932826e+00 1.38372183e-03
    7.81759083e-01 4.95976448e-01 6.02428257e-01 1.67581367e+00
    -6.02031767e-01 1.21153069e+00 5.04112244e-03 1.45905733e-01
    1.48931265e-01 7.44096637e-01 1.59896755e+00 1.40919089e+00
    2.84953475e-01 8.31619203e-01 -3.34683478e-01 1.19500661e+00
    1.33842349e-01 3.47924471e-01 9.34600592e-01 1.71012175e+00
    1.08762443e-01 1.50690532e+00 1.28042054e+00 -1.64583862e-01
    1.57438946e+00 -3.71841341e-01 2.70156860e-01 1.48986483e+00
    1.71183538e+00 -6.85494959e-01 1.31756139e+00 1.16885328e+00
    8.31856132e-01 1.34320855e+00 7.93824077e-01 -3.21519732e-01
    9.46137309e-02 -5.58201492e-01 -1.70619130e-01 -1.89536810e-03
    1.05254328e+00 1.71965313e+00 -5.00640750e-01 1.57940555e+00
    5.62782347e-01 7.57128716e-01 1.20444870e+00 5.17290711e-01
    7.57434607e-01 -3.75812054e-02 1.07791090e+00 -2.85050422e-01
    7.79113650e-01 7.42004514e-01 1.60246134e+00 1.37564373e+00
    -1.21400356e-01 4.66068208e-01 2.21127272e-01 1.14626563e+00
    5.91241062e-01 1.68169963e+00 4.90061760e-01 5.00132799e-01
    -3.12727332e-01 3.68683338e-02 1.19958806e+00 -4.76642042e-01
    8.89125288e-01 1.38256955e+00 3.71776223e-01 3.46577704e-01
    1.62992084e+00 -4.57193166e-01 6.35529101e-01 2.48412430e-01
    1.67315876e+00 4.85583544e-01 1.57998610e+00 9.56843913e-01
    1.60935163e+00 -6.20967150e-03 -5.12279928e-01 8.77202928e-01
    3.33111525e-01 3.57652307e-01 9.47205245e-01 1.23740077e+00
    5.87976694e-01 6.33168161e-01 1.29816580e+00 -2.68041015e-01
    4.22660708e-02 -4.11386490e-02 1.62183619e+00 1.00118899e+00
    1.19029987e+00 2.49284863e-01 -4.19046849e-01 1.55514991e+00
    1.22351599e+00 1.88214421e-01 6.22939646e-01 7.49260902e-01
    -4.01898146e-01 1.00318146e+00 8.41711938e-01 -1.55222356e-01
    1.15717340e+00 4.79898870e-01 -7.18579829e-01 -4.95733976e-01
    -6.69444263e-01 1.74256206e+00 5.60922980e-01 1.73338675e+00
    8.16883981e-01 -3.45025212e-01 -3.07211459e-01 6.36535287e-01
    -5.51586747e-02 8.20486128e-01 1.72214103e+00 1.58026290e+00
    4.86689806e-01 -8.52566361e-02 1.40346265e+00 6.75005913e-01
    2.77639031e-02 -4.67125207e-01 1.43798637e+00 3.77511561e-01
    -6.70886695e-01 -3.43632102e-01 3.99637640e-01 4.83924687e-01
    -5.24890840e-01 3.41526926e-01 -1.93992555e-01 9.98042822e-01
    1.51595581e+00 1.73812497e+00 4.10850048e-01 -2.58517891e-01
    5.88054717e-01 -3.95190120e-02 3.82249534e-01 -1.84235156e-01
    9.66453910e-01 7.51633525e-01 -6.29472733e-01 1.16953850e+00
    5.76575160e-01 -2.68612176e-01 1.38831997e+00 7.37209618e-01
    -7.70919263e-01 1.53914702e+00 -8.83589983e-02 1.55205548e-01
    1.53399038e+00 7.34213471e-01 1.18965232e+00 -2.28663564e-01
    8.67656291e-01 9.67251062e-02 1.26839161e+00 1.24927974e+00
    2.29390085e-01 4.82457280e-01 -4.45670545e-01 1.96033597e-01
    1.07394278e-01 4.55476046e-02 8.59199107e-01 -4.37835753e-01
    1.35420680e+00 2.62739062e-02 1.12113285e+00 1.26464128e+00
    1.43237031e+00 -5.32515645e-01 -4.76400048e-01 -5.77981174e-01
    -5.78933239e-01 -1.61256015e-01 -4.87244040e-01 1.35801888e+00
    1.30889571e+00 1.35942876e+00 -1.00932777e-01 -4.92991239e-01
    1.68964291e+00 1.63396001e-01 5.55135429e-01 -6.31077290e-01
    1.48550618e+00 -7.72035122e-03 1.37148237e+00 3.49239826e-01
    -2.30186224e-01 1.16892099e+00 3.63231003e-01 -3.62366647e-01
    1.59163427e+00 3.93144429e-01 -4.50462192e-01 1.06915474e+00
    4.75948572e-01 9.67212915e-01 6.85977936e-03 1.45651686e+00
    1.07483792e+00 -7.57637322e-01 -2.12059498e-01 3.26470971e-01
    2.59065390e-01 1.18588853e+00 -9.37784910e-02 3.99013042e-01
    7.08042145e-01 5.47025800e-02 7.70298958e-01 1.66953576e+00
    8.82904530e-02 2.01673806e-01 1.21128678e+00 8.44073176e-01
    9.52698946e-01 1.08508813e+00 1.79766011e+00 9.50877666e-02
    8.12735856e-01 4.34863567e-02 8.22859168e-01 1.49652910e+00
    9.92273092e-01 1.10312176e+00 1.58190620e+00 -4.28775847e-01
    1.13267136e+00 2.28266537e-01 -3.85374308e-01 1.86000466e-02
    1.23924375e+00 -1.78533912e-01 5.07544041e-01 8.52289855e-01
    3.22428584e-01 7.94967592e-01 4.03029978e-01 4.19684649e-01
    1.36637568e+00 -7.12873340e-02 1.38721943e+00 3.39136779e-01
    1.44356084e+00 6.02388203e-01 1.26332033e+00 -1.33071363e-01
    9.02019203e-01 9.73005712e-01 -6.46726251e-01 1.09754694e+00
    1.35770786e+00 -3.70565623e-01 -7.72799969e-01 -5.13641596e-01
    1.16758251e+00 2.38680959e-01 8.44776034e-02 1.71154976e-01
    5.99346220e-01 1.15779448e+00 7.63720632e-01 1.50125980e-01
    1.08962834e-01 5.22316515e-01 1.32895291e+00 1.65722907e-01
    -4.33128476e-01 4.69111919e-01 5.93236983e-01 -8.65437388e-02
    7.13888884e-01 1.50161707e+00 2.68079042e-01 1.05957818e+00
    2.45736480e-01 -4.49508965e-01 -6.17844939e-01 3.30645680e-01
    1.55895782e+00 6.72350109e-01 -4.77122009e-01 1.61818528e+00
    -5.88868976e-01 7.93438554e-02 -6.78512871e-01 6.85458839e-01
    -2.94951439e-01 1.47073436e+00 1.29223478e+00 1.32632947e+00
    4.98712122e-01 8.03329349e-01 8.65587294e-01 8.77989709e-01
    1.15739226e+00 -1.04125381e-01 6.79163933e-01 -1.16674840e-01
    -4.53106761e-02 8.42415810e-01 7.36372471e-02 1.40108585e+00
    -1.17095351e-01 -5.37353992e-01 1.47570312e+00 1.62351799e+00
    1.63367093e-01 -5.35005331e-02 1.36434126e+00 -4.22415406e-01
    5.11356235e-01 -5.73213279e-01 -6.87722087e-01 7.25286603e-01
    1.32460594e-01 1.91058636e-01 -7.18537629e-01 -9.77129340e-02
    -6.32224858e-01 -3.65849793e-01 -4.88223314e-01 9.21180248e-02
    -2.98858643e-01 1.19653869e+00 1.69972038e+00 5.14266551e-01
    -5.65838695e-01 2.30964303e-01 -5.10888219e-01 6.67584538e-01
    9.05071974e-01 -1.41534209e-02 -5.14655709e-02 -1.55387342e-01
    1.64138246e+00 -6.51648521e-01 8.22624624e-01 1.15804410e+00
    -4.38095927e-02 1.52424037e+00 1.72917330e+00 8.32085371e-01
    8.05344343e-01 -8.45559239e-02 3.48097503e-01 1.27220786e+00
    -4.42520380e-02 -4.47364479e-01 5.76036036e-01 1.46227431e+00
    7.76125073e-01 1.10305619e+00 9.28017616e-01 1.15439892e-01
    -3.10592711e-01 9.10175562e-01 6.38372481e-01 -3.76302272e-01
    3.23597133e-01 -6.61660612e-01 1.29540050e+00 -3.59141231e-02
    -6.80187464e-01 1.07428312e+00 -2.16017962e-02 -9.80624557e-02
    -1.57004714e-01 4.57562804e-02 4.25164402e-01 1.35319948e-01
    -4.26074535e-01 1.53042316e-01 1.42123735e+00 1.45993829e+00
    1.51247382e-02 -2.25937366e-01 1.15187848e+00 -2.25502253e-01
    1.42618048e+00 1.12711310e+00 1.07300472e+00 3.93670797e-03
    1.34076333e+00 1.14942789e-01 -5.40797710e-02 1.55589747e+00
    1.75307941e+00 -3.19552004e-01 1.22687745e+00 -3.99590552e-01
    6.38251901e-02 -3.90816957e-01 1.41229773e+00 -5.51118195e-01
    1.55205417e+00 -5.08259356e-01 5.43373823e-02 -1.17090344e-02
    1.39599967e+00 -2.96946436e-01 7.46086836e-02 -4.04085994e-01
    1.51707864e+00 6.64798617e-01 6.09454751e-01 -1.85591340e-01
    -4.96068358e-01 2.88406312e-01 7.96952844e-02 4.34270263e-01
    1.10029125e+00 9.06686723e-01 -5.83154857e-01 5.10238707e-01
    1.33373594e+00 -6.86276078e-01 -6.26061559e-02 3.29531729e-01
    -2.02322900e-01 -4.90272015e-01 -2.87472248e-01 1.11620474e+00
    1.43686104e+00 -2.86423951e-01 4.52965796e-01 -7.28820264e-01
    1.04035568e+00 4.80657935e-01 4.82910216e-01 7.37869740e-03
    1.32177603e+00 4.12303209e-03 5.11822701e-02 -4.13518637e-01
    -5.51765859e-01 1.12514651e+00 5.65438211e-01 2.12243795e-01
    -4.73920077e-01 6.96255744e-01 5.71550310e-01 8.38444173e-01
    -2.81760335e-01 1.67637539e+00 1.63762712e+00 9.76575673e-01
    -1.36564493e-01 1.45296097e-01 -1.83858335e-01 1.51139426e+00
    8.16769600e-01 -5.98328114e-01 2.27312326e-01 1.07816148e+00
    5.32473207e-01 1.38442719e+00 8.47316504e-01 1.10753095e+00
    1.17539310e+00 1.25616622e+00 1.64597142e+00 4.25073504e-02
    3.09844136e-01 -1.39863074e-01 1.42718136e-01 3.83545399e-01
    1.50631273e+00 1.04592431e+00 -1.77562565e-01 9.89701390e-01
    -2.62127578e-01 1.00942218e+00 1.38331366e+00 7.67783821e-01
    1.76236415e+00 2.03854620e-01 1.68699861e+00 1.42117620e+00
    -1.32395327e-01 -8.83426666e-02 5.06809354e-02 -1.57846868e-01
    -1.59054041e-01 1.23703241e+00 1.31899714e-01 3.08942735e-01
    9.35702860e-01 -6.18799686e-01 8.57881308e-01 1.50741720e+00
    6.63446784e-01 -6.53267682e-01 -6.75666392e-01 -4.97169763e-01
    1.08886313e+00 8.93383622e-01 3.60003471e-01 -7.12278843e-01
    5.07764697e-01 9.05012667e-01 3.61484587e-01 -7.22530186e-01
    1.33790374e+00 -3.05070162e-01 1.46935582e+00 3.03773344e-01
    1.45561028e+00 1.36161017e+00 1.18385613e-01 1.49451661e+00
    1.13745272e+00 6.96087420e-01 -5.18990517e-01 5.71436882e-02
    1.57191122e+00 1.16289389e+00 2.12878585e-01 1.60945237e+00
    1.47263980e+00 -7.55905509e-01 -5.81199288e-01 -8.28404427e-02
    5.67857444e-01 1.65942287e+00 -4.24109697e-02 1.68533921e+00
    1.72842741e-02 3.00844669e-01 1.28342974e+00 -4.38114792e-01
    5.18447042e-01 1.43443608e+00 8.54320705e-01 9.13899064e-01
    6.43182337e-01 3.03729594e-01 -7.20611870e-01 1.56407619e+00
    -6.47852540e-01 1.22066283e+00 -7.45949268e-01 -1.98247254e-01
    1.12801576e+00 4.14881885e-01 5.69696844e-01 1.12481976e+00
    2.01842844e-01 6.10726178e-01 1.33883929e+00 8.09200406e-02
    1.25044107e+00 1.18791485e+00 8.71272862e-01 1.71194828e+00
    1.03511024e+00 -4.42594856e-01 9.41823125e-01 1.01356184e+00
    1.55032659e+00 1.06637895e-01 -6.22778118e-01 1.65811110e+00
    -1.18290186e-01 1.29549527e+00 6.42768681e-01 -2.71824658e-01
    1.28836417e+00 4.22511339e-01 -1.72858834e-01 -3.81557345e-02
    1.46203411e+00 -6.04522228e-02 -2.41259456e-01 3.54916036e-01
    -7.40336776e-01 9.07194197e-01 3.62816155e-01 4.10150230e-01
    1.51462495e-01 1.34623361e+00 -6.47847056e-02 6.54773951e-01
    1.05601811e+00 5.02612650e-01 1.59639096e+00 1.05749500e+00
    -1.30085945e-01 -7.33889937e-01 -7.26351142e-02 -7.32082188e-01
    -4.23632562e-01 1.31531739e+00 1.03938746e+00 -4.94991392e-01
    6.05190575e-01 -6.84840918e-01 3.34558606e-01 1.40924764e+00
    7.88205147e-01 -5.39108634e-01 -1.23531818e-02 5.70057631e-02
    6.70005381e-01 -6.06366158e-01 -3.99939001e-01 -5.85822880e-01
    -7.29448974e-01 -6.82572603e-01 6.16447031e-01 -7.33761251e-01
    1.00630403e-01 6.17038608e-01 7.40740001e-01 8.55651498e-01
    6.43183827e-01 1.07638359e+00 8.01055849e-01 1.64954185e+00
    1.05660725e+00 5.00514925e-01 8.16201925e-01 7.03287542e-01
    4.91705835e-01 -4.15064305e-01 -4.51730579e-01 -1.13743544e-03
    -3.38944346e-01 -5.81228375e-01 1.29738045e+00 9.70888317e-01
    5.00252545e-01 1.58753777e+00 4.02313054e-01 1.59708357e+00
    1.01506996e+00 1.16721392e+00 1.07720757e+00 4.94605541e-01
    -5.18341899e-01 1.12173843e+00 4.54058051e-01 7.12683320e-01
    -4.82201546e-01 1.45735812e+00 6.85219228e-01 -3.70631248e-01
    3.53614986e-01 8.28119457e-01 1.59253693e+00 8.37533712e-01
    -9.31131840e-02 -6.78740978e-01 3.07121336e-01 9.96049643e-01
    1.51759911e+00 -1.68772995e-01 8.77569139e-01 1.46482682e+00
    -1.38710141e-02 1.49342072e+00 2.08364964e-01 -3.72626632e-01
    1.59068215e+00 1.44786668e+00 1.36662734e+00 1.51823258e+00
    7.44618475e-01 1.54720390e+00 1.32234585e+00 1.15148723e+00
    -1.72229886e-01 7.45684326e-01 1.03102481e+00 7.82045960e-01
    -1.06901348e-01 -5.35169005e-01 2.21869707e-01 1.10255575e+00
    1.25162446e+00 1.51396036e+00 6.71299577e-01 -1.09879494e-01
    -3.33318144e-01 -6.48231208e-01 -6.62227809e-01 8.79332423e-01
    9.46681023e-01 4.64321434e-01 3.76611650e-01 1.14577103e+00
    1.27788901e+00 1.09691310e+00 1.09888601e+00 -7.58496284e-01
    1.41080391e+00 8.24022055e-01 -4.10471827e-01 -7.45790899e-01
    1.45375419e+00 1.10722375e+00 8.21500003e-01 1.70687675e-01
    8.74401689e-01 2.51177549e-02 8.52067947e-01 -2.26847649e-01
    1.60577893e+00 1.56008506e+00 -1.28512263e-01 1.09485054e+00
    -2.59321749e-01 8.39024842e-01 9.30427790e-01 7.72078037e-02
    1.29474723e+00 -5.80200970e-01 5.93726635e-02 5.74660718e-01
    -6.28137708e-01 6.78404391e-01 8.88106525e-01 -5.58110058e-01
    2.20476210e-01 -2.40459502e-01 1.48851645e+00 1.87863803e+00
    6.56461537e-01 1.52730107e+00 1.97154427e+00 7.20056236e-01
    -2.42058098e-01 1.15610170e+00 -3.89740050e-01 5.14173508e-03
    1.64904964e+00 7.18691528e-01 7.21780896e-01 8.09470713e-01
    -2.37481177e-01 8.99738967e-01 -7.13449597e-01 5.59620500e-01
    8.41014981e-01 7.38988578e-01 7.02320933e-02 1.29060435e+00
    1.00340426e+00 6.61896527e-01 2.34481096e-02 4.13082242e-02
    -7.90625036e-01 1.51253128e+00 1.73437893e-01 -5.25969028e-01
    1.72006190e+00 8.88039112e-01 1.57681131e+00 -2.77340114e-01
    3.93190801e-01 9.47402120e-02 -4.86692786e-02 6.88840628e-01
    7.57957935e-01 3.05836797e-01 8.40861797e-01 -4.19182241e-01
    -5.97081363e-01 1.62701285e+00 2.48812199e-01 1.58021152e-01
    1.46704125e+00 -2.38788605e-01 1.28118110e+00 -2.07710266e-03
    9.95697200e-01 5.13659298e-01 6.71403587e-01 5.45470893e-01
    -6.09666705e-02 2.32368469e-01 7.56000519e-01 1.23619270e+00
    1.26066303e+00 7.10122645e-01 -3.64800602e-01 4.85769928e-01
    -1.85058951e-01 1.23623896e+00 7.10443258e-01 1.16425228e+00
    3.15340400e-01 4.97393548e-01 7.57283509e-01 -7.60533869e-01
    1.04214823e+00 -1.97254360e-01 9.23320353e-01 1.31404018e+00
    -5.42666316e-01 1.31263137e+00 5.84366381e-01 8.38554025e-01
    -7.28503346e-01 1.66875005e+00 3.10858548e-01 -5.96068501e-01
    -6.60501719e-01 -4.92217124e-01 1.67024827e+00 -2.51677930e-01
    -7.01359689e-01 1.10772324e+00 2.45367765e-01 2.70211101e-02
    8.68034780e-01 1.72854972e+00 9.39048886e-01 1.44680953e+00
    1.47100782e+00 7.54680634e-01 1.68956339e+00 -2.73026466e-01
    -3.06707293e-01 9.96441722e-01 -3.83856565e-01 2.22182214e-01
    7.92985559e-02 1.63358283e+00 1.54729676e+00 -4.30420309e-01
    1.00697851e+00 7.23450541e-01 1.65905666e+00 4.59426045e-02
    2.89096653e-01 1.32807124e+00 7.28778183e-01 1.61044395e+00
    6.67248368e-02 9.01494145e-01 -6.38029873e-01 -2.86442250e-01
    -6.75264359e-01 1.55411911e+00 -2.77345687e-01 1.41466880e+00
    2.50598192e-02 -1.24998450e-01 9.71034050e-01 -4.56653297e-01
    1.36701632e+00 2.00150609e-02 -2.18410552e-01 7.35352516e-01
    6.66626096e-02 6.62209570e-01 -9.48436856e-02 -6.97945356e-01
    1.62291217e+00 -1.32134378e-01 9.02755082e-01 -7.35381186e-01
    -3.00573230e-01 9.20603275e-01 1.42973566e+00 1.58690917e+00
    1.42203736e+00 -6.20710373e-01 1.55187178e+00 -3.56128901e-01
    1.01582479e+00 -6.04446113e-01 5.09893596e-01 1.33390546e+00
    2.07915306e-01 -4.90057886e-01 -6.22795761e-01 3.31513405e-01
    -5.27178764e-01 -2.27584839e-01 1.37390208e+00 5.97175300e-01
    1.37442207e+00 4.07835662e-01 2.40192294e-01 1.66658974e+00
    1.03361309e-01 1.02705574e+00 9.82552409e-01 -2.90385395e-01
    1.46599531e+00 7.26531208e-01 -3.27684820e-01 1.02486360e+00
    1.32639217e+00 1.71423268e+00 -6.56800628e-01 1.02428532e+00
    -4.66420174e-01 1.36429322e+00 1.74288726e+00 5.13595521e-01
    1.61951184e+00 -5.50814211e-01 9.63316739e-01 -3.56153935e-01
    -2.02052057e-01 9.54262018e-02 -5.90234637e-01 1.00791454e-02
    -5.92522264e-01 6.96336985e-01 1.33798933e+00 1.41693568e+00
    2.20323801e-01 1.56956935e+00 2.75852501e-01 1.33100104e+00
    4.43186939e-01 -2.92247534e-01 1.25358844e+00 2.62484133e-01
    1.58349371e+00 1.11071873e+00 9.73531127e-01 1.37981558e+00
    6.42104685e-01 -1.34424806e-01 7.73510337e-01 5.87258279e-01
    -9.92123485e-02 -6.20938063e-01 1.09200358e+00 -1.32689953e-01
    1.64725780e-02 1.55261219e+00 3.36056471e-01 2.50647604e-01
    -2.62042880e-01 1.11698103e+00 1.47320509e+00 7.68164456e-01
    3.86328876e-01 7.08669186e-01 4.53401208e-02 4.63613391e-01
    1.25922132e+00 -2.53252983e-01 1.05547857e+00 1.13427699e+00
    6.61631823e-01 -5.99092364e-01 1.54475737e+00 1.30588818e+00
    -7.29290903e-01 1.63635015e+00 7.01412916e-01 1.84356987e-01
    -4.51760650e-01 1.19707584e+00 9.81690347e-01 8.52497578e-01
    -3.98333520e-01 6.21208549e-02 -4.83152896e-01 1.55955267e+00
    1.35767174e+00 -3.22277606e-01 7.39572108e-01 5.19698560e-01
    1.49232602e+00 -1.63592458e-01 1.67288518e+00 8.85889769e-01
    2.03509331e-01 1.51812136e-01 2.15563834e-01 -4.28041279e-01
    1.69542408e+00 3.17918360e-01 1.47641945e+00 9.55301523e-02
    1.13767803e-01 1.64440036e-01 4.70452070e-01 1.95641279e-01
    4.10141349e-01 5.04152834e-01 4.79114771e-01 1.13705397e+00
    1.52461267e+00 2.21509695e-01 1.65134418e+00 -7.79236376e-01
    4.84900236e-01 5.18034518e-01 -2.18674541e-01 1.33537972e+00
    1.17236376e-03 -2.89419770e-01 8.84439051e-01 6.52496099e-01
    1.41721821e+00 1.16150832e+00 -3.80919516e-01 7.82752156e-01
    -7.37899899e-01 -5.13974428e-01 -6.20935202e-01 7.79963732e-01
    1.21252084e+00 -3.24416637e-01 8.10767472e-01 1.55493772e+00
    -5.66571116e-01 1.36157751e+00 8.01704168e-01 1.25820947e+00
    -3.45530510e-02 1.45411170e+00 1.05512238e+00 1.31500816e+00
    2.21507192e-01 1.31800318e+00 1.55498636e+00 4.59456384e-01
    9.66635346e-01 7.67386556e-02 1.05579114e+00 -3.72985572e-01
    1.34135568e+00 8.36607814e-01 6.78568006e-01 3.42385530e-01
    4.72209156e-01 2.19111681e-01 -6.76018596e-02 8.99242938e-01
    1.06340885e+00 1.51953745e+00 1.24221921e+00 1.59984291e+00
    -2.23060071e-01 6.95000887e-02 2.06950247e-01 9.72939014e-01
    -3.76424432e-01 -5.27883649e-01 -5.88740110e-02 -5.04776657e-01
    1.64447117e+00 -7.59139419e-01 1.64002526e+00 9.86109555e-01
    -5.69874287e-01 1.73344457e+00 -4.75991368e-02 -6.58979535e-01
    8.83651078e-01 2.67296910e-01 8.13674748e-01 9.37575102e-01
    1.15036416e+00 6.94692492e-01 1.16871154e+00 2.46271133e-01
    3.02877009e-01 6.13590777e-01 -6.60832703e-01 -3.05536866e-01
    1.10680270e+00 8.07344198e-01 9.84672308e-02 7.39712477e-01
    5.94758630e-01 4.74015713e-01 1.46857882e+00 1.65157008e+00
    9.50256705e-01 -6.39544904e-01 5.44163644e-01 1.63847470e+00
    4.87431288e-02 1.08017504e-01 1.61082149e+00 1.70715761e+00
    1.65156269e+00 -5.69980919e-01 1.02697480e+00 7.88884997e-01
    -5.63144088e-01 1.75944030e-01 3.82314086e-01 -7.20908284e-01
    1.03784668e+00 3.91163588e-01 -4.03636515e-01 9.97640669e-01
    -4.61631507e-01 3.08775187e-01 -5.31087875e-01 1.40570557e+00
    -4.08080041e-01 -2.75948256e-01 1.00986612e+00 1.26256704e+00
    -3.56356144e-01 -4.71166253e-01 1.46280813e+00 1.38538265e+00
    3.62624764e-01 3.08628857e-01 1.18938637e+00 6.04663670e-01
    -6.32895470e-01 7.02951968e-01 -2.80167520e-01 -7.38726854e-01
    1.41559422e+00 7.69765913e-01 -6.89227581e-01 1.58113050e+00
    3.14700961e-01 7.96376348e-01 1.66564727e+00 1.73570132e+00
    -5.69090247e-01 1.07504535e+00 -4.77217644e-01 -3.81745696e-02
    2.49627888e-01 -3.77188325e-02 6.82816923e-01 -3.13197762e-01
    9.30581450e-01 1.34032845e+00 -1.40770376e-01 -4.14010376e-01
    -3.53068590e-01 6.17057443e-01 -3.03076506e-02 6.03430748e-01
    -2.71446556e-01 9.43379283e-01 1.57132125e+00 7.44386613e-01
    1.43661427e+00 1.50931621e+00 -2.21720815e-01 1.74391890e+00
    1.34236097e-01 7.96122134e-01 1.57217598e+00 -2.22900450e-01
    -5.89379132e-01 1.75061595e+00 -1.06063008e-01 -4.88446951e-02
    8.11196387e-01 1.35309827e+00 3.43707144e-01 -2.96920776e-01
    8.98703635e-01 1.53566813e+00 1.75188518e+00 6.49821877e-01
    -2.90460825e-01 3.81215394e-01 -1.03178382e-01 7.37823367e-01
    1.23710930e-01 1.22241914e-01 1.22167397e+00 -2.96200514e-01
    1.70138717e+00 1.45161402e+00 5.97829044e-01 -6.66169047e-01
    -4.94562566e-01 3.85123253e-01 -3.21536660e-02 -6.58155501e-01
    1.61264110e+00 -5.27480543e-01 9.52544093e-01 9.41752255e-01
    9.71083045e-01 1.14729583e+00 1.69917154e+00 1.42570078e-01
    1.13189793e+00 -6.92032695e-01 5.38017690e-01 -9.13099051e-02
    1.16037297e+00 -1.06191516e-01 -5.81839442e-01 -1.62039936e-01
    -3.14362854e-01 8.94754052e-01 -3.05373281e-01 9.19137359e-01
    1.49795723e+00 1.39745963e+00 -5.03712833e-01 1.99792624e-01
    1.16965318e+00 1.15199864e-01 4.46175754e-01 8.03852081e-03
    1.13986182e+00 1.47143328e+00 9.39650536e-01 -3.45721632e-01
    1.65433514e+00 1.06272840e+00 4.30925190e-01 -7.44752407e-01
    -6.19546771e-02 -6.12460375e-02 5.38386703e-02 1.02857733e+00
    8.33727002e-01 6.64536476e-01 1.57833409e+00 9.85709369e-01
    -3.61414552e-02 5.88297307e-01 1.95686698e-01 8.63109827e-02
    2.15477347e-01 3.78135979e-01 1.04581320e+00 -3.94559950e-01
    7.85229266e-01 1.61838961e+00 1.57146037e+00 5.00933170e-01
    5.16256332e-01 8.19668055e-01 4.27910030e-01 5.75431645e-01
    1.40339124e+00 1.80243397e+00 2.25788951e-01 6.34726107e-01
    1.53367603e+00 1.46842933e+00 5.33869088e-01 -3.21221501e-01
    6.49024248e-02 8.85391712e-01 4.16943431e-02 -1.01094246e-01
    -1.58121228e-01 -7.42887020e-01 1.18289649e-01 4.82657313e-01
    1.40893638e+00 4.85995710e-01 1.54734135e+00 1.11145473e+00
    1.47477877e+00 1.56425428e+00 2.04228163e-02 1.23694158e+00
    7.67601132e-02 1.33594489e+00 -4.94110346e-01 1.61235309e+00
    6.90044165e-01 1.75154448e-01 7.39190817e-01 2.04310834e-01
    9.30693746e-02 2.65717983e-01 7.27150977e-01 1.16823435e+00
    1.08995187e+00 -7.40650892e-01 -7.00820446e-01 1.03507686e+00
    1.54541802e+00 -4.15187329e-01 -5.81676126e-01 1.44550860e+00
    5.34119308e-01 1.27781582e+00 -3.69741976e-01 1.53933537e+00
    -1.93451285e-01 -3.52843642e-01 1.67298436e+00 -3.91680360e-01
    5.24593055e-01 2.15316415e-01 -1.11773551e-01 -3.23664993e-01
    1.09735191e-01 8.68638158e-01 1.70318699e+00 9.18514371e-01
    2.71241844e-01 1.51186299e+00 -5.21975517e-01 -4.14421856e-01
    1.03194308e+00 -6.26323402e-01 1.59426117e+00 -5.75116873e-02
    -6.64788961e-01 1.02877116e+00 1.54050279e+00 1.16045129e+00
    -5.76400995e-01 1.71611726e-01 1.36404884e+00 -2.51012802e-01
    1.68400931e+00 -5.71408570e-01 -2.68500596e-01 1.29407156e+00
    1.09414697e+00 1.47194529e+00 -4.52007562e-01 -4.18117464e-01
    1.29319024e+00 5.83610713e-01 -1.10113084e-01 1.52686381e+00
    3.19088101e-01 1.29563999e+00 9.11312640e-01 9.22434628e-01
    -1.54501975e-01 -3.93200397e-01 2.07984447e-01 8.27637017e-01
    6.28794432e-01 1.27863824e-01 3.47901165e-01 1.58238244e+00
    8.71718526e-01 1.03189015e+00 3.11915636e-01 1.48524880e+00
    2.56051064e-01 1.56342769e+00 1.41351163e+00 3.25866938e-01
    3.52692544e-01 -5.74247718e-01 5.33683896e-02 1.25305378e+00
    1.72545373e+00 1.58582211e+00 5.06600618e-01 1.20640063e+00
    -3.08602929e-01 -4.35856521e-01 6.71863556e-04 9.83670294e-01
    2.34608352e-01 -1.59015656e-01 4.99987066e-01 6.41983569e-01
    -9.40904021e-02 -2.80994177e-02 1.67442441e-01 1.19705701e+00
    1.00466514e+00 1.84140623e-01 -7.35046625e-01 1.28200078e+00
    1.07693911e+00 1.00084305e-01 -3.23934764e-01 1.33991134e+00
    1.87520981e-01 6.01963878e-01 1.43356943e+00 -3.61816108e-01
    1.65141881e-01 3.68273258e-01 7.58726060e-01 9.38474178e-01
    2.43182898e-01 -6.05212152e-01 -6.74250662e-01 -4.61125612e-01
    -6.37101531e-01 7.82244742e-01 6.75734401e-01 6.20690167e-01
    1.58648312e+00 9.63525176e-02 -2.15786576e-01 -6.06584430e-01
    5.40754437e-01 1.68722868e+00 -1.51727796e-01 1.57226562e+00
    6.83145702e-01 8.79732430e-01 2.93095708e-01 -5.61094224e-01
    1.10510039e+00 5.11576593e-01 3.93735170e-02 -2.45866477e-01
    1.71900940e+00 -5.96964359e-02 1.09882414e+00 1.29403472e+00
    -6.42909288e-01 6.73379719e-01 6.55625165e-01 -6.47618234e-01
    1.19280267e+00 1.48536503e-01 3.24173033e-01 -2.09145367e-01
    -5.30280292e-01 7.24557757e-01 1.34386289e+00 1.57661772e+00
    8.09798121e-01 6.97617948e-01 -1.88387454e-01 -5.92336178e-01
    1.41265070e+00 -3.51873457e-01 -6.67325735e-01 -4.01616395e-01
    1.54848242e+00 -4.18843091e-01 8.27946067e-01 1.31884193e+00
    3.71581256e-01 -5.91286004e-01 1.04801595e+00 8.12562406e-01
    8.64361465e-01 5.71232677e-01 7.85290301e-01 1.13019800e+00
    1.27075493e+00 8.75182033e-01 -6.41578615e-01 1.31739521e+00
    4.29037631e-01 -5.61750591e-01 1.69905567e+00 1.70515513e+00
    5.95758736e-01 1.09530365e+00 1.73837388e+00 -6.83779716e-01
    -4.17619318e-01 -7.02518642e-01 -7.56390750e-01 -4.12618250e-01
    4.56071973e-01 7.60478020e-01 8.69084656e-01 6.66252017e-01
    2.90195882e-01 1.22799003e+00 1.19265556e+00 8.13826919e-01
    1.12895405e+00 1.20757461e+00 1.09068370e+00 -5.59781194e-01
    1.24990606e+00 -4.02419865e-01 1.24624634e+00 -1.49252176e-01
    1.30400229e+00 3.46026182e-01 1.52449131e-01 3.16933513e-01
    -4.87532884e-01 1.65004659e+00 -7.07141101e-01 4.38345492e-01
    3.30441594e-01 2.43485272e-01 1.19147706e+00 1.77900898e+00
    1.31860375e+00 5.29336929e-03 2.04131866e+00 8.37605417e-01
    1.53845978e+00 9.97252703e-01 1.16942644e+00 2.68641233e-01
    -4.36558306e-01 1.62143469e+00 1.12176168e+00 1.23364544e+00
    2.96672463e-01 1.38725996e+00 1.11046576e+00 8.71037245e-02
    4.47489858e-01 1.45208716e+00 2.39544809e-01 3.96159172e-01
    -6.54477119e-01 -2.76434630e-01 -2.38683999e-01 1.41282070e+00
    -2.91502416e-01 4.65991497e-01 1.38624096e+00 -5.35822570e-01
    1.66709518e+00 1.35461497e+00 1.24911189e-01 1.09204865e+00
    1.21765292e+00 -4.11333531e-01 1.16902113e+00 -2.73246527e-01
    -7.26620376e-01 1.30076647e+00 1.62023056e+00 2.54258931e-01
    3.29170287e-01 1.64694881e+00 -7.66071379e-01 3.87946427e-01
    1.30370021e+00 9.26975429e-01 5.55659890e-01 5.86317718e-01
    -2.53368258e-01 9.92521644e-02 -7.44564116e-01 7.45525956e-02
    7.73876369e-01 1.68227983e+00 -7.64444113e-01 -2.13131070e-01
    -3.48352462e-01 -7.34606802e-01 8.96627128e-01 9.50620532e-01
    4.44853902e-02 9.63891506e-01 1.20034480e+00 -3.97457808e-01
    -3.34085047e-01 4.80557680e-01 1.32911503e+00 6.03877544e-01
    1.48937500e+00 -5.41994572e-01 4.13429558e-01 -4.89260703e-01
    1.58242869e+00 3.80406022e-01 4.72203791e-01 1.70089412e+00
    -7.35375822e-01 -3.10904711e-01 4.70711350e-01 -2.60775328e-01
    -6.69906616e-01 1.69710207e+00 4.17108357e-01 2.54402161e-02
    1.32410121e+00 -2.88384467e-01 1.50561833e+00 -2.81306416e-01
    1.61121726e+00 -2.35593736e-01 2.13851273e-01 5.32474756e-01
    3.05836558e-01 4.26718712e-01 2.98206389e-01 1.55309200e+00
    1.67815208e+00 -1.15885198e-01 9.36333716e-01 8.08184326e-01
    1.22437692e+00 8.99555683e-01 -6.47044837e-01 -1.84657097e-01
    -3.05793345e-01 8.95970464e-02 4.08432424e-01 -1.83397889e-01
    -4.84122038e-01 -4.66879189e-01 8.69441748e-01 -3.08014482e-01
    1.24899268e+00 1.32301855e+00 1.17823720e-01 9.59469855e-01
    1.61745274e+00 5.86615682e-01 -2.80988216e-02 2.13346779e-01
    -3.43447238e-01 -1.77574277e-01 5.08055151e-01 1.74629831e+00
    -3.97483945e-01 4.71266448e-01 -1.39170170e-01 1.60393178e-01
    1.15414262e+00 -2.36704946e-01 1.11633849e+00 1.75830233e+00
    5.52233696e-01 5.70640326e-01 2.60055304e-01 1.12850213e+00
    -6.26057446e-01 -2.92794168e-01 1.07232082e+00 -2.29022741e-01
    6.19338691e-01 1.44210839e+00 1.74441552e+00 1.10879683e+00
    -8.03810358e-03 7.11790562e-01 7.75348604e-01 -5.58084011e-01
    8.63935232e-01 9.22562420e-01 -5.98740578e-01 1.38595247e+00
    1.33296371e+00 -4.72766608e-01 -6.78251326e-01 7.36546993e-01
    6.31264210e-01 -1.82135522e-01 4.56687033e-01 1.76968277e-01
    3.73043418e-02 -6.77108288e-01 7.49786258e-01 9.22419250e-01
    -2.05138564e-01 -6.62391722e-01 4.50519979e-01 1.26213968e-01
    7.24027395e-01 -1.04622841e-02 7.06797063e-01 -7.80120492e-02
    -3.66909266e-01 7.34047771e-01 1.40936613e-01 1.25075102e+00
    -2.62486935e-01 -4.96000648e-02 1.50437129e+00 -2.35476106e-01
    6.18740320e-01 2.63780832e-01 -1.64821327e-01 7.57464230e-01
    1.35262775e+00 -2.10274100e-01 1.64541101e+00 -2.65070438e-01
    2.47028649e-01 -6.47810936e-01 1.61012554e+00 1.04264736e+00
    1.92843556e-01 8.66907775e-01 5.55068851e-02 1.09107709e+00
    -4.53998119e-01 2.92308569e-01 3.14767838e-01 -3.31755310e-01
    -6.97342515e-01 -1.86957717e-02 1.69512868e+00 -1.60535693e-01
    -3.43436092e-01 1.49493456e+00 -4.13444221e-01 2.38611698e-02
    -3.05269957e-02 8.04572105e-01 -5.22715211e-01 1.53038573e+00
    -6.59131169e-01 -6.43934250e-01 -6.49479508e-01 1.69311762e+00
    7.41833627e-01 2.29444385e-01 -7.60766268e-02 7.18663931e-01
    1.07425928e+00 -6.89771175e-01 3.43027651e-01 1.33070827e+00
    1.67118311e-01 -2.05271959e-01 1.58580327e+00 1.31028235e-01
    1.19806623e+00 1.16456378e+00 1.41371608e-01 4.17930365e-01
    1.53547275e+00 3.30475509e-01 -5.90630352e-01 1.41546702e+00
    1.88963413e-01 3.33603978e-01 1.17234159e+00 1.45862639e+00
    5.40896773e-01 -3.80690992e-01 -7.42272675e-01 -5.20187140e-01
    -4.36945349e-01 -1.98668122e-01 1.05845094e+00 1.34244227e+00
    -3.76712173e-01 1.35185766e+00 2.86686718e-01 -1.99791312e-01
    4.54641044e-01 8.82940829e-01 8.56439054e-01 1.44882202e+00
    1.85534239e+00 4.60926652e-01 1.86483026e+00 5.33644080e-01
    8.96857977e-02 -4.20310438e-01 1.44669199e+00 1.39029086e+00
    1.60595155e+00 1.12676024e+00 5.38865983e-01 1.23198223e+00
    6.89477682e-01 2.81068861e-01 5.65900803e-02 1.21536958e+00
    1.47543287e+00 1.26713347e+00 -2.68729448e-01 1.57536995e+00
    4.54210341e-01 -5.45038223e-01 1.71622491e+00 1.57822824e+00
    8.14319670e-01 -3.26043159e-01 1.42486072e+00 4.07050788e-01
    1.79395437e-01 -4.44300681e-01 1.31570983e+00 2.54205108e-01
    -1.45599246e-02 1.42446661e+00 5.70474863e-02 -7.23479331e-01
    1.56768107e+00 8.27465713e-01 8.89237165e-01 4.14000392e-01
    1.06240642e+00 1.93810046e-01 1.53654313e+00 6.51092470e-01
    -7.31562257e-01 8.40316176e-01 3.39719892e-01 2.18062460e-01
    -4.18129742e-01 1.46754432e+00 1.42646265e+00 5.13197780e-01
    1.02911186e+00 -5.67182660e-01 9.31185246e-01 3.56359541e-01
    1.07064819e+00 -4.34914172e-01 6.52130663e-01 5.91301680e-01
    -2.14741468e-01 -6.63067222e-01 1.10826349e+00 1.43129921e+00
    3.23005855e-01 1.24598145e+00 1.89554274e-01 1.60182595e+00
    7.89377391e-01 1.43632841e+00 4.67219472e-01 1.29459620e+00
    -5.99232078e-01 -6.34384930e-01 4.91127729e-01 9.27525878e-01
    3.72712851e-01 -2.33776510e-01 6.26101255e-01 5.52425146e-01
    1.70332992e+00 1.64634907e+00 1.03199339e+00 -4.17667031e-02
    -6.77903891e-01 4.60050941e-01 -5.36915004e-01 9.09266293e-01
    -5.90372562e-01 3.48852098e-01 -5.96829236e-01 9.40010488e-01
    1.13919234e+00 9.48001266e-01 1.28103065e+00 -7.32159019e-02
    -4.85943258e-01 1.70149064e+00 -6.37914062e-01 -3.81644428e-01
    1.58911431e+00 -4.62326825e-01 1.29916692e+00 -6.54250622e-01
    2.69149959e-01 -1.13563120e-01 1.52446628e+00 1.08384037e+00
    1.13987327e-02 7.14460313e-01 -3.59650910e-01 5.84009230e-01
    -2.00470209e-01 1.32890284e-01 7.55487978e-01 7.12528944e-01
    2.05345511e-01 -3.16829801e-01 1.30285132e+00 1.16424131e+00
    1.63197732e+00 -7.20280111e-01 9.92277086e-01 1.35087156e+00
    1.71627545e+00 9.78243351e-01 5.71839154e-01 -1.28215015e-01
    3.09635103e-01 1.39375591e+00 -7.05752730e-01 1.65311003e+00
    8.90082121e-02 2.79773474e-02 1.62647057e+00 1.12339032e+00
    1.08013725e+00 -3.86859566e-01 -3.09180528e-01 4.64718342e-01
    1.57310104e+00 1.63495016e+00 -3.33108634e-01 4.60096002e-01
    1.72598660e-01 1.16104591e+00 -3.69071186e-01 7.57905006e-01
    -5.65373778e-01 -5.70134282e-01 1.63999462e+00 7.14494288e-01
    -2.45290399e-02 9.64805007e-01 -6.56714797e-01 4.87383127e-01
    1.46647239e+00 1.33111262e+00 1.72095573e+00 6.13549411e-01
    -4.66693997e-01 -5.96451044e-01 8.42135727e-01 9.93090332e-01
    -1.36778414e-01 1.51210499e+00 1.27299070e+00 1.02522576e+00
    -1.07149243e-01 4.41824079e-01 -3.44618708e-01 -3.19552273e-01
    1.25232220e-01 -4.32817191e-01 -6.98622823e-01 -2.45196223e-02
    1.10207200e-02 1.46747231e-02 -5.89767218e-01 -6.99981868e-01
    8.56148481e-01 -6.52537882e-01 1.66954327e+00 -6.22243404e-01
    3.35670471e-01 5.37221909e-01 1.49399722e+00 8.35509658e-01
    1.73385406e+00 -5.51831245e-01 -2.41214454e-01 -5.80098271e-01
    1.68570685e+00 -4.79021162e-01 -3.60429734e-01 1.28566360e+00
    7.21518397e-01 9.12217677e-01 6.21253669e-01 8.00608516e-01
    1.35592866e+00 -5.89774013e-01 1.00039673e+00 3.73676360e-01
    7.07452953e-01 7.78834105e-01 1.38946223e+00 4.74439859e-01
    7.91994810e-01 8.09111238e-01 1.52019608e+00 6.20451927e-01
    1.68040323e+00 9.81076598e-01 -5.82262516e-01 -4.98545915e-01
    1.26547742e+00 1.12071776e+00 -5.74187875e-01 1.20912254e+00
    1.26724350e+00 1.32491279e+00 1.41475725e+00 1.61956382e+00
    2.84716487e-02 1.09614611e+00 9.50167656e-01 -2.40379751e-01
    1.25839090e+00 1.47727537e+00 -5.61484694e-02 2.06817150e-01
    -8.11150074e-02 1.74072742e+00 -3.81886363e-02 3.59124541e-01
    -6.39121056e-01 1.76642179e-01 4.31093395e-01 -4.10717219e-01
    3.75850797e-01 -5.58467269e-01 1.18137646e+00 1.05796158e+00
    1.01693010e+00 7.54826009e-01 1.52242434e+00 1.03533125e+00
    8.37329686e-01 4.89086449e-01 -4.46526229e-01 1.64360094e+00
    9.89229441e-01 1.29185867e+00 1.79575181e+00 4.17341769e-01
    1.18184090e+00 1.83671153e+00 1.08666182e+00 1.20888662e+00
    1.82061005e+00 3.74288499e-01 -1.88483745e-01 3.22141349e-01
    1.61887193e+00 1.49941957e+00 -2.41779953e-01 1.36233568e-02
    -1.03004873e-01 -1.35459125e-01 1.71391368e+00 6.45596087e-01
    1.66061389e+00 1.55223107e+00 -2.37256646e-01 3.35720778e-01
    -2.98672915e-02 -1.27733052e-01 9.64836180e-01 1.05439723e+00
    1.16673446e+00 9.50029969e-01 1.31922662e-01 5.81818163e-01
    1.73932672e+00 1.48156667e+00 1.17458463e-01 1.83891475e-01
    -9.66424942e-02 -4.92542922e-01 -1.63456500e-01 -1.62826896e-01
    6.18951678e-01 9.15231049e-01 8.23679864e-01 -7.35350132e-01
    -4.72493768e-01 5.18307686e-01 9.36776519e-01 6.84591830e-01
    1.68178248e+00 6.77624106e-01 2.41199255e-01 -3.96997184e-01
    1.23743784e+00 -4.63495374e-01 1.59643555e+00 6.12431765e-03
    1.27185440e+00 1.46782255e+00 4.87501085e-01 1.27899313e+00
    8.64917696e-01 1.21576834e+00 -1.21362865e-01 -7.92198300e-01
    1.48129451e+00 1.36203194e+00 1.14379704e-01 -7.52818584e-02
    1.58071554e+00 9.88037586e-02 1.05007339e+00 5.71602762e-01
    -2.17080832e-01 1.53152943e+00 3.96732688e-02 -6.50175214e-02
    5.77869236e-01 -2.04651415e-01 1.73702526e+00 -4.57820296e-02
    8.33058357e-02 2.79521346e-02 7.65952647e-01 5.05963564e-02
    -4.60530847e-01 -1.72494113e-01 1.01338696e+00 1.52620530e+00
    -6.35501981e-01 1.71682215e+00 -5.29341817e-01 6.80964887e-01
    -4.53709960e-02 9.88309205e-01 -7.28378534e-01 1.13092840e+00
    8.08130026e-01 1.06911588e+00 1.58078325e+00 -5.22003293e-01
    4.82468784e-01 1.54175305e+00 -4.46620762e-01 3.33666861e-01
    1.14275563e+00 1.28627276e+00 1.44084275e-01 6.59355938e-01
    1.76235259e+00 1.82279348e-02 1.38420463e+00 -3.20407420e-01
    9.44658697e-01 1.73160291e+00 -1.21504664e-01 1.58280754e+00
    1.00678742e+00 -4.56636310e-01 7.85576522e-01 1.54461694e+00
    6.33462667e-02 9.99718308e-02 8.17247868e-01 -1.51462317e-01
    -3.46147567e-01 7.74837017e-01 -2.74662077e-01 -5.92899680e-01
    -5.73758423e-01 4.18666601e-02 1.52859175e+00 1.18754566e-01
    5.56421816e-01 -1.99364722e-01 5.88330925e-01 1.63958549e-01
    -1.49041831e-01 1.73510575e+00 6.27855957e-01 5.32994390e-01
    6.55077219e-01 -7.03820586e-02 6.65593326e-01 -3.35317850e-03
    4.09505367e-01 4.57350016e-01 1.25027335e+00 1.70313501e+00
    1.36432195e+00 -6.87468767e-01 1.09262967e+00 1.54584360e+00
    1.69151282e+00 4.90844607e-01 2.24999428e-01 6.08236313e-01
    4.69767451e-02 -5.00950813e-02 5.24379730e-01 -4.55560923e-01
    -6.15596771e-03 -1.16189718e-01 -6.32505357e-01 1.92393661e-02
    -5.51415086e-02 1.41535044e+00 1.52917993e+00 3.89339328e-02
    -1.65345669e-02 1.32111859e+00 9.65797067e-01 6.89098597e-01
    2.77364492e-01 1.32879877e+00 -6.54946625e-01 1.69902468e+00
    -3.14586908e-01 -8.04086328e-02 1.68873668e-02 -8.48408341e-02
    1.09001684e+00 -6.41393661e-03 1.44371271e+00 1.95911527e-02
    4.93205011e-01 5.89856982e-01 -2.92602211e-01 3.13696563e-01
    1.27840388e+00 1.52279997e+00 6.26884222e-01 9.11450565e-01
    1.59556341e+00 -2.74625778e-01 6.19719684e-01 1.62315416e+00
    1.05848289e+00 -1.01287305e-01 1.30311751e+00 -4.65446889e-01
    1.57176208e+00 1.27912188e+00 3.02856624e-01 1.37288916e+00
    1.62918031e+00 6.90172374e-01 1.08341551e+00 1.35558081e+00
    1.81782842e-02 1.19795775e+00 1.41163397e+00 1.17857003e+00
    1.66214037e+00 -1.95703268e-01 1.15813971e+00 -6.49259925e-01
    -4.18676287e-01 -3.50823939e-01 5.51417708e-01 1.20225632e+00
    8.90773535e-01 6.75344110e-01 4.20303404e-01 -3.46148014e-01
    3.55300784e-01 1.48590016e+00 -9.94337201e-02 1.16977239e+00
    1.33749771e+00 7.43369222e-01 1.42962313e+00 1.40575171e-02
    3.58210802e-02 4.72547710e-01 -5.60205281e-01 -2.96912193e-02
    1.33706725e+00 -2.41258562e-01 1.43579769e+00 -5.88987112e-01
    7.55727291e-03 -4.81230646e-01 8.52131724e-01 -2.06314385e-01
    -3.19851458e-01 5.31737149e-01 8.59911382e-01 -2.69776583e-03
    -5.54695785e-01 5.62203050e-01 1.17122328e+00 1.30194306e+00
    -5.26116729e-01 1.28316009e+00 1.07543254e+00 7.25066841e-01
    -7.04354644e-02 8.80312085e-01 9.22258019e-01 1.35350013e+00
    3.13903213e-01 7.33145714e-01 -1.70107365e-01 3.14427853e-01
    1.17371857e-01 6.14499509e-01 6.80239558e-01 5.47935665e-01
    -1.47743642e-01 1.36517787e+00 1.28420186e+00 -7.35980868e-02
    4.92316663e-01 1.01526654e+00 -5.65855384e-01 1.25633240e-01
    -4.76344824e-02 -3.81909609e-02 1.72702014e-01 8.24014008e-01
    1.48750389e+00 4.86211360e-01 1.32539487e+00 -4.88386840e-01
    -7.47848094e-01 4.46011424e-01 6.70503557e-01 -2.23759770e-01
    1.38686705e+00 -6.63792372e-01 -2.07745314e-01 7.52036214e-01
    1.62503433e+00 -5.54513931e-01 7.58341372e-01 1.37188935e+00
    5.53388536e-01 -3.14152986e-01 2.49892414e-01 3.86018217e-01
    2.82987654e-01 7.93912649e-01 3.10301304e-01 8.22122872e-01
    -1.48694336e-01 -7.36778140e-01 1.47952032e+00 5.52945852e-01
    4.17801499e-01 1.06791198e-01 -6.49798036e-01 7.78414726e-01
    1.73239756e+00 -6.93769991e-01 1.64844680e+00 -5.06071746e-01
    8.03283215e-01 -4.80521500e-01 -2.37792969e-01 -4.00851041e-01
    -5.78123510e-01 3.49652112e-01 -5.71803927e-01 1.09879029e+00
    1.25973320e+00 -3.33250642e-01 5.24768174e-01 7.61360645e-01
    1.19394779e+00 1.48541570e-01 -8.48640800e-02 -1.52512133e-01
    9.54404235e-01 2.39614487e-01 9.67969298e-01 1.67163503e+00
    -4.90673184e-02 1.00913978e+00 -5.71368337e-02 1.63584971e+00
    9.81554806e-01 -9.73039865e-03 1.50647604e+00 1.21198511e+00
    2.04577446e-01 1.66074133e+00 5.15017211e-01 1.56070805e+00
    1.90227926e-01 1.05947542e+00 -1.24648035e-01 4.85368013e-01
    -5.63027978e-01 8.60947728e-01 1.30449724e+00 2.53255963e-02
    4.99943495e-02 3.37310612e-01 1.38901412e+00 4.03218389e-01
    3.76656055e-01 1.38652253e+00 1.35460210e+00 6.52502775e-01
    6.51350617e-01 -4.47230875e-01 -5.97878933e-01 6.93358362e-01
    -5.42939067e-01 6.74973488e-01 1.14361095e+00 1.26376081e+00
    -1.14389539e-01 1.15337014e+00 2.10217297e-01 -7.01923370e-01
    7.31078088e-01 -6.42323017e-01 2.85380602e-01 -2.69485682e-01
    1.75157475e+00 1.39030957e+00 -2.49642551e-01 1.55366969e+00
    1.13275266e+00 5.67622364e-01 1.05083966e+00 1.43259931e+00
    1.03635931e+00 1.12652683e+00 -4.72180068e-01 1.49548221e+00
    1.84434474e-01 1.72310197e+00 -7.22975612e-01 8.99982274e-01
    1.19984198e+00 -5.63566089e-01 9.47293639e-02 -4.69093174e-01
    -5.00866055e-01 -4.04051393e-01 5.14374971e-02 8.30022514e-01
    -2.96361893e-01 1.46591032e+00 -2.68369704e-01 -1.58465087e-01
    1.13082051e+00 1.11652875e+00 1.09585834e+00 5.23684084e-01
    1.57958937e+00 -6.13225996e-01 -2.29561418e-01 -5.33352196e-01
    2.09594429e-01 -4.77769911e-01 -6.17323041e-01 9.36665833e-01
    1.51472974e+00 1.08281088e+00 3.15849900e-01 -5.33264756e-01
    3.36355448e-01 2.24554598e-01 -2.89033473e-01 -2.54458487e-01
    -1.38486624e-02 -1.06450021e-01 -8.04011226e-02 -2.39063680e-01
    -2.55768776e-01 1.34628558e+00 -2.82777846e-01 2.69549847e-01
    -3.12853366e-01 5.88426530e-01 -1.73017919e-01 9.38855946e-01
    -6.00843787e-01 1.40437531e+00 -7.29133368e-01 -1.82583988e-01
    1.44270885e+00 -1.84619784e-01 1.10429764e-01 1.52465284e+00
    -5.55149198e-01 1.28531957e+00 1.30852735e+00 1.45559311e-02
    -3.48683774e-01 -5.49205661e-01 -8.22058916e-02 1.36808538e+00
    6.50298595e-02 8.53822768e-01 -3.87756824e-01 1.29247499e+00
    4.40701067e-01 -1.90231323e-01 -1.01815045e-01 -2.57686496e-01
    -9.92600322e-02 1.38158870e+00 8.45538020e-01 1.11643910e+00
    1.56933939e+00 -3.82533669e-02 1.58460915e-01 -4.66995537e-01
    1.61792517e+00 1.44143462e+00 1.45737791e+00 7.70459116e-01
    3.48273218e-01 -6.81009114e-01 1.32114327e+00 9.06176507e-01
    1.56053972e+00 1.66893935e+00 1.71529508e+00 -6.02204859e-01
    -1.77709460e-01 2.75241494e-01 9.37771261e-01 -3.56418729e-01
    5.88888884e-01 6.65330827e-01 4.26779687e-01 -6.83313131e-01
    4.53055739e-01 1.54753661e+00 1.06452751e+00 1.24311459e+00
    1.71704197e+00 1.04511130e+00 1.09687686e-01 6.48375332e-01
    1.48031139e+00 1.63888645e+00 -4.68817621e-01 8.51194620e-01
    1.30391693e+00 -2.10917890e-01 2.05089450e-02 7.83453882e-01
    1.17576635e+00 1.53576112e+00 1.52504635e+00 3.20267975e-01
    -3.62992227e-01 1.50705361e+00 1.48734415e+00 1.59189725e+00
    1.12338924e+00 2.36237198e-01 9.59040165e-01 4.60794568e-03
    1.32491612e+00 4.79406685e-01 -1.63870662e-01 -2.96725690e-01
    1.89719689e+00 4.72075045e-01 -6.58000529e-01 1.58692777e-01
    -3.71263087e-01 1.19234753e+00 7.15652525e-01 -5.79863489e-01
    7.18171299e-01 1.10399735e+00 1.22119999e+00 -6.04859293e-01
    1.03042269e+00 1.23651910e+00 3.09646308e-01 2.72308290e-01
    -2.93609828e-01 1.34928024e+00 1.28383470e+00 -1.34836435e-01
    -6.44646049e-01 6.68293297e-01 -3.19174021e-01 1.06714356e+00
    1.71094656e-01 5.94743907e-01 -4.60819930e-01 3.26754034e-01
    7.71686852e-01 -8.39875340e-02 -5.87916374e-01 1.37630737e+00
    9.66388285e-01 1.43048167e+00 2.91352868e-01 4.03876007e-01
    -2.39838243e-01 1.39790690e+00 -7.06980348e-01 1.69097209e+00
    1.69533730e+00 6.83692753e-01 -2.75111198e-01 9.86175299e-01
    1.18837953e+00 4.97812629e-01 -6.48945212e-01 -1.45368397e-01
    1.32723689e-01 1.14997852e+00 1.16242719e+00 1.58003843e+00
    1.13862050e+00 7.76888132e-01 -1.14584327e-01 5.67769766e-01
    1.29650879e+00 1.48770642e+00 1.13810897e+00 1.44261384e+00
    9.56364751e-01 2.21351385e-02 2.93471217e-01 1.11169076e+00
    7.48718262e-01 -3.17499638e-01 7.19597936e-02 9.69191730e-01
    3.19900692e-01 1.10151088e+00 8.03474665e-01 -2.09628999e-01
    -2.79843509e-01 -6.47709906e-01 -9.49082971e-02 -3.83949280e-01
    1.56205547e+00 1.35067034e+00 1.24046540e+00 1.56968260e+00
    -2.12890565e-01 7.56534457e-01 -1.04657769e-01 -2.49371350e-01
    -2.96459258e-01 5.66237271e-01 8.33685100e-01 1.19242311e-01
    3.35975766e-01 -4.36949670e-01 2.48398960e-01 4.14709270e-01
    9.29829180e-01 -7.06137657e-01 6.96352124e-02 -4.06734973e-01
    1.06244254e+00 1.83813989e-01 3.81204188e-01 7.17549264e-01
    4.89441931e-01 1.09808123e+00 7.45161891e-01 -1.95587397e-01
    1.30705345e+00 -6.07269287e-01 1.00480914e-01 6.64456248e-01
    -1.90880358e-01 -4.68822479e-01 1.15960884e+00 2.57509410e-01
    -1.51216984e-01 2.81858563e-01 1.20594466e+00 1.34030461e-01
    5.33026874e-01 6.05711639e-01 -7.03633726e-01 -2.21028090e-01
    7.47194886e-02 8.28820467e-02 9.81151164e-01 8.77488434e-01
    -4.22320694e-01 -5.83361387e-01 1.77243948e-01 5.08976519e-01
    2.80507624e-01 9.98443365e-03 6.12810850e-01 1.43907404e+00
    1.56045556e+00 1.14442086e+00 -6.46719873e-01 8.09002042e-01
    4.35982823e-01 -5.32724738e-01 2.34274566e-01 1.42018127e+00
    1.00081110e+00 -5.32346010e-01 1.15381098e+00 1.65478897e+00
    -7.20079780e-01 1.19669724e+00 1.59922075e+00 8.58617723e-01
    1.68414688e+00 3.92260075e-01 -5.25749505e-01 1.54673767e+00
    2.95565128e-01 7.16323614e-01 -6.89855278e-01 7.13274121e-01
    -3.96107644e-01 2.81271994e-01 1.27439117e+00 1.16826975e+00
    1.14882231e+00 5.70015609e-01 1.46221662e+00 -1.70911252e-01
    1.11039257e+00 -3.49953383e-01 -2.56452173e-01 3.38939071e-01
    1.67089999e-01 9.29185390e-01 -4.46159214e-01 1.16177046e+00
    1.30171323e+00 1.33230591e+00 7.80036628e-01 1.34367657e+00
    -6.33467495e-01 1.51902378e-01 -9.66836810e-02 1.49755645e+00
    6.23713315e-01 6.74422562e-01 -2.42218494e-01 6.98190928e-02
    -3.80023122e-02 -3.18159759e-01 -1.14195585e-01 5.36657572e-01
    1.41137147e+00 1.36435473e+00 7.36405373e-01 7.59854019e-01
    -2.59358585e-01 1.43821311e+00 9.67148721e-01 7.62853026e-01
    -6.40634656e-01 6.89066172e-01 -7.09568620e-01 1.44077253e+00
    1.53577507e+00 1.22236133e+00 1.06531835e+00 -5.59344172e-01
    1.53288710e+00 6.80274546e-01 3.84905994e-01 3.69903266e-01
    4.84358609e-01 -5.66053629e-01 -3.74152839e-01 1.57301950e+00
    1.72138143e+00 9.02355075e-01 -6.41104400e-01 4.21087921e-01
    -7.70729482e-01 1.70227361e+00 4.97911274e-01 5.63757181e-01
    -2.12696970e-01 5.79201579e-02 1.49410522e+00 1.03688169e+00
    1.54756165e+00 -7.28922725e-01 1.12562251e+00 7.80641913e-01
    7.47070312e-01 -6.59136474e-01 1.76098633e+00 4.79538739e-01
    -5.27147412e-01 1.22047806e+00 -3.50157946e-01 -6.62877560e-02
    -1.47989273e-01 4.22434449e-01 2.20139682e-01 1.33314228e+00
    -3.50653470e-01 -5.07160068e-01 -6.60800755e-01 4.31530356e-01
    1.29922020e+00 7.04842806e-03 -1.06616020e-02 1.31002283e+00
    1.05541730e+00 1.68090153e+00 -1.72992676e-01 -8.32928419e-02
    1.50419760e+00 3.98015559e-01 2.33112216e-01 4.97567296e-01
    -5.15310466e-01 9.49790299e-01 1.58659220e-01 -7.00068891e-01
    9.30418253e-01 5.03683627e-01 1.70230627e+00 2.91673481e-01
    9.08529758e-01 1.21112454e+00 -2.56613314e-01 -3.63405496e-01
    -5.16513109e-01 1.59128714e+00 1.26890218e+00 -5.45634270e-01
    1.26659369e+00 1.12135959e+00 -6.45050049e-01 1.39495015e+00
    5.57204366e-01 -2.98076540e-01 9.23287749e-01 7.25026727e-01
    1.03614342e+00 1.57742953e+00 1.20392799e+00 -7.46436715e-01
    -9.84789729e-02 1.68966496e+00 -5.23639083e-01 -7.71774471e-01
    5.84845245e-01 9.02489185e-01 5.83849549e-02 1.12153471e+00
    1.25503385e+00 1.56712484e+00 5.98425031e-01 4.30870652e-02
    -2.29692221e-01 6.23951018e-01 1.09150648e-01 1.01980078e+00
    1.01973021e+00 1.25605369e+00 -7.65543640e-01 1.35751224e+00
    9.38533843e-01 1.49009323e+00 -3.92268151e-01 1.57652891e+00
    1.45020127e+00 3.84602845e-01 -1.08907878e-01 1.52458382e+00
    8.81490648e-01 2.22601235e-01 1.09507942e+00 1.24163914e+00
    2.65486717e-01 1.32298303e+00 5.54498434e-01 3.96243453e-01
    8.26851010e-01 5.10708153e-01 2.67937481e-01 1.30701315e+00
    -5.36201119e-01 9.31698263e-01 5.10842860e-01 -1.97314620e-02
    3.12342227e-01 1.60387707e+00 -3.07249397e-01 5.03134608e-01
    -1.26109362e-01 3.94088447e-01 1.05483234e-01 -4.71579880e-01
    1.37131464e+00 4.60177720e-01 -9.34957266e-02 2.69576907e-01
    -2.67047465e-01 -5.23709357e-01 8.20223689e-02 3.36605847e-01
    -2.88996577e-01 1.11524355e+00 -2.73601413e-02 1.48188794e+00
    -6.07424736e-01 -9.70013142e-02 6.31794989e-01 1.16762400e+00
    9.49407041e-01 9.27343965e-02 9.57587540e-01 8.00181091e-01
    -1.59853339e-01 1.50663614e+00 3.00270498e-01 1.40718436e+00
    4.03023124e-01 3.53948951e-01 1.22824514e+00 7.73874581e-01
    8.92901659e-01 1.35496163e+00 1.20168972e+00 1.45395672e+00
    1.58970881e+00 -7.39742100e-01 -2.66147763e-01 9.95820940e-01
    -5.00392914e-02 -1.22516453e-01 -8.32533240e-02 -6.33841038e-01
    6.88577414e-01 1.71946526e+00 -5.76749623e-01 2.61799097e-01
    5.22465408e-01 1.36886406e+00 -6.14014745e-01 1.27448964e+00
    8.78008485e-01 8.16484332e-01 1.30045033e+00 1.72127724e+00
    -1.80472076e-01 1.33625031e-01 1.27709889e+00 3.42629373e-01
    5.86615503e-01 5.92144132e-02 1.47197926e+00 1.65009344e+00
    4.77398515e-01 1.54445148e+00 8.36144745e-01 5.01409233e-01
    -6.68577135e-01 1.24543047e+00 5.98539770e-01 1.35126734e+00
    -1.69714510e-01 9.87063944e-01 2.28567541e-01 8.77211213e-01
    6.83507740e-01 1.56986845e+00 1.47733271e+00 1.19491041e-01
    1.19924521e+00 5.19641876e-01 1.66687548e-01 -3.68774265e-01
    -1.61123991e-01 1.43545318e+00 9.28259969e-01 6.14671111e-01
    1.47537065e+00 3.89991760e-01 -2.29990482e-02 1.67646694e+00
    7.63562143e-01 1.78012323e+00 1.05867577e+00 7.44834602e-01
    9.54072952e-01 1.62635016e+00 1.51994801e+00 1.78142607e-01
    -8.46408606e-02 1.70881021e+00 6.87614143e-01 6.45621419e-01
    -3.03562880e-02 1.20386899e+00 5.98145008e-01 -6.00859523e-02
    1.31392431e+00 1.17509735e+00 -7.32997775e-01 -5.19338846e-02
    1.18869901e+00 1.04250455e+00 9.64044929e-02 7.91176021e-01
    1.53704524e-01 -4.92158860e-01 8.75126541e-01 1.29817295e+00
    1.13083577e+00 3.61247659e-02 1.53104258e+00 1.58818150e+00
    1.49423540e-01 5.41560233e-01 1.16786909e+00 -4.11393851e-01
    5.56480110e-01 4.72357213e-01 9.55495238e-02 -1.72754109e-01
    3.46772373e-01 -3.26170236e-01 7.90989399e-01 9.68476832e-01
    -3.74913245e-01 1.73972249e+00 7.92615592e-01 1.38131452e+00
    1.73625922e+00 -3.14851940e-01 1.69232965e-01 1.71270502e+00
    2.61060119e-01 -2.20154047e-01 1.67025185e+00 5.81893325e-01
    7.15720713e-01 -4.54130411e-01 -1.59461141e-01 3.24054360e-02
    -6.29972994e-01 1.01877093e+00 1.62677681e+00 -2.93481052e-01
    -4.98027474e-01 4.64736462e-01 2.71363914e-01 -2.29318500e-01
    9.12343562e-01 2.89914966e-01 1.31970978e+00 8.46557617e-01
    1.54749596e+00 7.07740128e-01 -6.98354840e-01 3.73310149e-01
    -2.31399536e-02 1.16475964e+00 1.36506665e+00 1.46687245e+00
    6.60032451e-01 8.84904563e-01 1.86130822e-01 8.33256602e-01
    -1.79150566e-01 -8.16755891e-02 1.28005004e+00 1.04689264e+00
    1.75578892e-01 3.16332281e-01 -2.28439838e-01 -6.96089983e-01
    8.52889121e-01 9.40692246e-01 1.28060567e+00 3.73551726e-01
    3.47827673e-01 -1.23375833e-01 4.30178046e-02 1.47065580e-01
    1.26667881e+00 3.77683163e-01 9.98193502e-01 6.42588913e-01
    1.60389543e-02 -3.01396787e-01 1.38091183e+00 1.62646365e+00
    1.48293638e+00 -6.04118347e-01 1.03123927e+00 -1.62070811e-01
    1.17190266e+00 1.00595045e+00 -2.17040896e-01 4.69697535e-01
    -4.87617344e-01 -6.66141748e-01 1.66192687e+00 9.88759398e-02
    1.31226206e+00 1.41779840e+00 1.57824636e+00 -3.91281396e-01
    -5.97842932e-02 1.13432598e+00 5.60729504e-01 -2.99664289e-01
    2.50779331e-01 -4.32003319e-01 1.38600492e+00 3.32783818e-01
    1.58429015e+00 6.95737839e-01 -3.92545462e-02 -1.02675319e-01
    1.21154094e+00 -3.64160329e-01 -3.46089691e-01 -7.43147254e-01
    -4.58792508e-01 7.49610782e-01 4.07108128e-01 1.59755337e+00
    8.57758522e-02 1.13780236e+00 6.94632232e-01 3.21458340e-01
    7.99620211e-01 1.05972350e+00 1.53639233e+00 1.89597070e-01
    2.08324671e-01 1.33798122e+00 -3.79291177e-01 6.35099173e-01
    1.22111356e+00 8.23566794e-01 1.61126256e+00 -7.59822488e-01
    -4.93150711e-01 1.00408959e+00 1.35623884e+00 -1.14545584e-01
    -5.09832680e-01 8.71401787e-01 -6.24855518e-01 -1.81092918e-01
    1.32767165e+00 1.70763075e+00 -1.51125193e-01 -6.38390958e-01
    5.79335034e-01 -3.70108664e-01 1.05275238e+00 2.46716857e-01
    1.35330844e+00 1.46580338e+00 1.71355951e+00 -1.62521303e-01
    8.83301616e-01 -6.21728122e-01 1.11851597e+00 4.78713691e-01
    1.19881892e+00 -2.33588219e-02 -2.55345851e-01 2.28327513e-02
    -2.52288699e-01 -3.38756979e-01 -1.96277499e-02 -3.49430650e-01
    -5.49018383e-04 1.71661830e+00 -5.95488608e-01 -2.70990819e-01
    -1.19964242e-01 1.28910279e+00 1.21734238e+00 1.65823054e+00
    -4.09032524e-01 1.00298572e+00 1.00995803e+00 2.45047927e-01
    -7.81955123e-02 1.41431141e+00 -4.68024939e-01 9.48910892e-01
    -4.52159137e-01 1.37255359e+00 1.62216377e+00 -2.71997005e-01
    1.30852211e+00 -6.96550846e-01 1.50719810e+00 1.26293921e+00
    -7.57484496e-01 8.13664079e-01 -2.11938918e-01 1.05737424e+00
    7.75210142e-01 -2.54005849e-01 -3.57449532e-01 -2.10498452e-01
    7.15814829e-01 1.56257415e+00 1.72123408e+00 1.84592605e-01
    1.47420382e+00 -3.17391336e-01 -6.34826064e-01 1.53287029e+00
    -1.19216800e-01 -1.62193358e-01 -2.81545937e-01 3.79679024e-01
    8.81077707e-01 6.59426630e-01 7.50768661e-01 1.63035417e+00
    3.01143289e-01 -6.18170083e-01 1.77752507e+00 7.30930388e-01
    1.44224215e+00 4.51886296e-01 2.85981476e-01 1.02844656e-01
    -4.16695744e-01 4.58605766e-01 -5.28704345e-01 1.28088892e-01
    1.66906238e-01 7.08597004e-01 2.44365931e-02 1.49896932e+00
    1.22512984e+00 1.59492588e+00 2.50344276e-01 1.63559556e+00
    1.43929458e+00 -2.11432219e-01 4.84219313e-01 8.22701454e-01
    -1.80441439e-01 -3.38626504e-02 2.46682763e-02 1.29843926e+00
    1.75063217e+00 1.01195335e+00 1.46777368e+00 -6.91662669e-01
    -1.19647324e-01 -6.11795723e-01 -1.99675262e-01 4.82641339e-01
    2.85849035e-01 1.29312778e+00 -3.03232670e-03 5.90673268e-01
    4.57258046e-01 3.81592512e-01 -1.74535453e-01 -6.52844310e-01
    1.30628443e+00 2.71312714e-01 1.19626689e+00 1.53809297e+00
    -5.99004388e-01 -1.61498189e-02 -2.79824466e-01 1.46767282e+00
    1.00240850e+00 7.24189579e-01 -7.15944052e-01 1.64539289e+00
    1.75768471e+00 5.49455285e-02 -2.90312976e-01 9.81081605e-01
    1.19512677e-01 7.45768487e-01 -5.45692205e-01 2.03133643e-01
    1.16919518e+00 -3.72055322e-01 8.59794855e-01 -6.64915442e-02
    5.45350194e-01 5.59546292e-01 1.24062800e+00 -4.46799010e-01
    -1.52784467e-01 8.84173334e-01 -5.44056773e-01 5.98276854e-02
    1.37303710e+00 4.81111884e-01 -7.01191127e-01 -4.02498037e-01
    6.22548938e-01 2.70012140e-01 6.74243093e-01 8.63804698e-01
    1.26124263e+00 -5.83576560e-01 1.46419787e+00 4.19257820e-01
    6.91806376e-01 4.05023396e-01 1.00311911e+00 1.10521853e+00
    5.07895947e-01 -2.47304589e-01 1.36008525e+00 1.39327693e+00
    -4.68945593e-01 9.72521067e-01 2.05155039e+00 1.46979678e+00
    1.44966614e+00 1.74725723e+00 1.59447312e+00 -4.17779177e-01
    -2.89602458e-01 1.05657220e+00 3.70882690e-01 1.39038372e+00
    6.30814135e-01 1.40309787e+00 4.13343251e-01 -3.36155683e-01
    -4.23605233e-01 8.05204988e-01 1.21628284e-01 1.06423116e+00
    -3.88747633e-01 -6.78319812e-01 4.99468565e-01 1.54390931e+00
    4.24313128e-01 -4.31936681e-01 7.97742784e-01 -4.81109619e-01
    1.36367261e+00 3.35929573e-01 -5.06336272e-01 1.46484375e-01
    5.77383220e-01 4.20061648e-01 6.59355938e-01 3.86014342e-01
    1.40002441e+00 1.24674296e+00 1.32604432e+00 -4.89343494e-01
    1.43411016e+00 1.33281112e+00 4.68679428e-01 2.64155507e-01
    -4.53897893e-01 -1.33315504e-01 1.20904207e-01 -8.58507156e-02
    -5.77905476e-01 -2.02794433e-01 2.19174623e-01 6.90196157e-01
    -4.56384450e-01 1.26220822e+00 6.83930695e-01 1.32654321e+00
    -1.02591217e-01 3.79282594e-01 1.08878732e-01 7.31888652e-01
    -7.84981966e-01 8.87710512e-01 -5.20756006e-01 3.53448391e-01
    -1.41864717e-01 1.61790633e+00 8.65000308e-01 -3.29033107e-01
    -7.30831861e-01 5.85731268e-01 7.10056841e-01 3.79132867e-01
    -3.79175246e-01 -7.15830386e-01 1.37277102e+00 -2.76774377e-01
    2.93148994e-01 -6.08258843e-01 3.63460541e-01 1.36631668e+00
    1.70235920e+00 4.92171407e-01 8.46217275e-02 1.41403401e+00
    1.24796164e+00 4.58131552e-01 1.32512367e+00 1.71143222e+00
    3.34246635e-01 2.97286332e-01 1.62204385e-01 7.27953792e-01
    -3.28252912e-02 1.45985365e+00 8.29720318e-01 -4.85531360e-01
    3.22561562e-01 1.41883278e+00 8.98493171e-01 9.37233090e-01
    2.86915720e-01 1.23604405e+00 1.12146473e+00 3.99780452e-01
    1.76016140e+00 1.69467831e+00 -4.69908297e-01 -4.32952225e-01
    1.69058549e+00 7.64530897e-02 1.07624626e+00 -3.07159424e-02
    1.46919608e-01 3.53790045e-01 -2.41255403e-01 7.55536675e-01
    9.95791972e-01 1.74104929e+00 1.00257611e+00 -4.59647059e-01
    6.74387813e-02 1.56727457e+00 6.94357753e-01 2.72105336e-01
    8.77718151e-01 3.61894011e-01 6.90641284e-01 -5.12802184e-01
    7.47098625e-01 -2.71426052e-01 5.49565434e-01 -7.00941920e-01
    2.47954667e-01 2.42066205e-01 -4.16193157e-01 -2.90800869e-01
    2.29058266e-02 4.84179914e-01 9.14317191e-01 -2.32123792e-01
    2.75449514e-01 3.81914973e-02 1.55436647e+00 4.13704991e-01
    1.26396465e+00 3.85170639e-01 1.36899650e-01 -6.37176394e-01
    -6.12253070e-01 4.71388996e-01 1.04755795e+00 -2.39964962e-01
    -2.54342556e-01 9.17962015e-01 6.05339825e-01 1.50362492e+00
    5.43717384e-01 1.63294077e+00 3.84899497e-01 -4.55441177e-01
    8.01074147e-01 5.51668167e-01 -5.20436525e-01 9.05340791e-01
    -5.86675048e-01 -6.59999728e-01 -2.34683931e-01 1.71027541e-01
    -2.31939763e-01 7.78035104e-01 1.53159487e+00 3.54803920e-01
    1.20165944e+00 -5.75683713e-01 2.43057013e-02 7.87773073e-01
    8.69856238e-01 7.84637332e-01 -4.12430942e-01 1.65207732e+00
    -7.34392703e-01 -3.84759307e-02 -3.69842082e-01 1.70107186e-01
    1.04963839e-01 -2.39378512e-01 1.48888731e+00 6.05096281e-01
    -5.65744162e-01 8.44828665e-01 8.58928680e-01 9.14645076e-01
    -4.66919422e-01 2.05597460e-01 6.63778186e-02 2.02673376e-01
    1.33290625e+00 -8.22415948e-02 1.50675642e+00 3.27888072e-01
    -2.12411880e-02 8.83081079e-01 5.83374858e-01 6.37878060e-01
    1.32363796e+00 -4.00172234e-01 1.04116702e+00 4.76677001e-01
    1.42757988e+00 2.93329060e-01 -1.05521798e-01 7.77668238e-01
    -1.53443813e-02 -1.67639911e-01 4.51584578e-01 5.19636869e-02
    8.16299319e-02 -4.25445616e-01 -5.04143775e-01 1.21580565e+00
    5.71820855e-01 1.68775892e+00 1.00278831e+00 -2.47617543e-01
    6.52379870e-01 1.08449137e+00 1.03780723e+00 1.10327780e-01
    9.09140110e-02 1.40239739e+00 -6.05373025e-01 1.15538812e+00
    1.18093419e+00 1.39385104e-01 6.08772039e-02 1.74484873e+00
    1.03384328e+00 -2.98635811e-01 -4.27357644e-01 -5.26649296e-01
    -9.16720629e-02 7.40225971e-01 1.35871542e+00 5.87895215e-01
    3.77980232e-01 7.75116444e-01 1.53965199e+00 3.75481308e-01
    5.34746170e-01 4.91613269e-01 1.20349956e+00 4.77613211e-02
    6.30419195e-01 -5.36591649e-01 -5.69866300e-01 -5.14382482e-01
    1.24087167e+00 1.00259733e+00 1.72996116e+00 1.13064384e+00
    9.84595180e-01 9.30286586e-01 2.02094960e+00 -4.76669043e-01
    -3.60440195e-01 1.05090499e+00 1.42527521e+00 1.45683885e-01
    4.06966448e-01 -5.51508665e-02 8.23931158e-01 6.70665026e-01
    1.49456918e+00 1.44666672e+00 7.93806911e-02 -5.95359445e-01
    6.86902225e-01 -6.48833513e-01 3.38688314e-01 8.06023479e-01
    -2.62641907e-01 2.96382964e-01 8.63345504e-01 -6.03832006e-01
    -7.38028288e-02 5.04887283e-01 1.59472799e+00 5.46866119e-01
    9.85179365e-01 -4.74984050e-02 1.63803804e+00 9.70086753e-01
    -2.62513310e-01 -1.83995187e-01 -1.61523461e-01 3.62132967e-01
    5.91693342e-01 1.50497174e+00 1.54020333e+00 -7.73941278e-02
    9.48915780e-01 1.07684278e+00 1.34616971e+00 -4.81084019e-01
    1.62715340e+00 1.05011022e+00 9.63769436e-01 -1.71607256e-01
    9.52527821e-01 -4.22020823e-01 1.14993286e+00 -3.05752397e-01
    1.68737173e+00 1.22131395e+00 1.60967040e+00 3.49063456e-01
    -7.46029854e-01 1.41132069e+00 1.52333963e+00 -2.56089866e-01
    -3.39151174e-01 1.40172100e+00 -1.86248243e-01 4.58897352e-02
    2.61850178e-01 7.57763743e-01 1.42139220e+00 -1.02693260e-01
    4.27884281e-01 1.51177549e+00 -2.78270423e-01 3.26154292e-01
    2.34999120e-01 1.53121281e+00 1.07450449e+00 3.33638370e-01
    6.38462126e-01 5.91986835e-01 -4.17413861e-01 1.43443048e-01
    1.04189014e+00 1.71324086e+00 5.16005814e-01 4.82281506e-01
    -1.85715318e-01 7.94295132e-01 4.64941561e-01 -1.42987192e-01
    -6.43108070e-01 1.13758326e+00 3.27389717e-01 5.63887954e-01
    -2.13218898e-01 5.10699093e-01 1.73430109e+00 1.25672793e+00
    7.18629241e-01 -7.30640233e-01 -6.81888461e-02 4.25595760e-01
    -5.15531182e-01 -4.43756580e-03 -1.12373471e-01 7.39856958e-01
    -5.86160779e-01 1.36424065e+00 2.80193627e-01 8.09055209e-01
    -1.80239439e-01 1.14518642e+00 -1.61830783e-01 -7.34641671e-01
    -4.81533766e-01 4.31461215e-01 2.81739235e-03 1.17390966e+00
    -3.40778112e-01 1.41505945e+00 1.25605357e+00 1.45624101e-01
    -8.88594389e-02 1.01675689e+00 1.11018658e-01 -3.21463346e-02
    2.15954900e-01 -1.32801354e-01 3.27384889e-01 7.27104545e-02
    -1.99481130e-01 -5.76512873e-01 8.79313171e-01 1.18891633e+00
    8.38077903e-01 -1.35336518e-02 -3.04834664e-01 1.07784414e+00
    1.21480119e+00 1.05153966e+00 -3.57236564e-01 1.01005864e+00
    5.66806614e-01 3.45142245e-01 -3.81099761e-01 -3.16041917e-01
    -6.39467716e-01 1.18636751e+00 -2.24615335e-01 1.42933285e+00
    1.31842160e+00 9.37935948e-01 3.71172428e-01 1.46027303e+00
    -4.39163655e-01 1.39861417e+00 1.30888283e-01 4.15178478e-01
    1.20293224e+00 1.67139232e-01 6.28083169e-01 1.66982269e+00
    9.33553159e-01 2.47473419e-01 5.73320568e-01 5.43764591e-01
    -5.94085455e-03 -2.21044660e-01 1.10640275e+00 1.57031238e+00
    -6.32563591e-01 -1.03448629e-01 1.54173541e+00 6.98462009e-01
    7.13741124e-01 -4.93055522e-01 7.44536400e-01 7.31821775e-01
    1.19635189e+00 1.24913394e-01 -5.39010584e-01 4.65695143e-01
    -6.48461998e-01 8.69551718e-01 1.13459754e+00 3.18802118e-01
    7.10057557e-01 1.26492262e+00 6.72688663e-01 -3.21598113e-01
    7.93683469e-01 8.41212869e-01 1.28874648e+00 2.96741426e-01
    1.14670706e+00 3.22648406e-01 4.43827450e-01 4.73958254e-01
    9.90586936e-01 1.17257214e+00 1.49875259e+00 3.50450277e-02
    1.42135346e+00 1.18675137e+00 1.08108401e-01 1.60414505e+00
    8.80117655e-01 1.38664126e+00 2.64283538e-01 1.11891603e+00
    1.58737540e-01 9.21810389e-01 6.56199694e-01 -2.80643016e-01
    7.49176741e-02 3.43328834e-01 -3.89974117e-02 -1.93476677e-03
    -3.35901111e-01 2.11653948e-01 1.54155350e+00 5.59442520e-01
    1.29398799e+00 1.13465703e+00 7.91669607e-01 3.32564771e-01
    2.42933631e-01 1.25660896e+00 -5.18761039e-01 1.65559769e+00
    -5.23928344e-01 1.05310535e+00 8.84204924e-01 3.95117640e-01
    -6.27113581e-01 7.68067122e-01 -2.19265342e-01 1.49243057e-01
    1.48190451e+00 -5.89383960e-01 4.32011127e-01 3.45421076e-01
    1.63918662e+00 -6.32634163e-01 8.82989466e-01 8.42292368e-01
    -1.03859365e-01 2.31868744e-01 5.76456547e-01 1.27792764e+00
    1.22809613e+00 -5.46546042e-01 1.43487144e+00 1.41204929e+00
    -1.19576633e-01 1.38541460e-01 1.14467001e+00 1.03474259e+00
    9.41002369e-01 1.90726852e+00 8.19562197e-01 -2.40010589e-01
    -5.74570298e-02 1.87110281e+00 -7.41703510e-02 1.67349994e+00
    1.90626383e-02 1.15399098e+00 -1.32846892e-01 4.29515123e-01
    6.15152955e-01 2.48879850e-01 1.46876276e+00 -3.82646531e-01
    1.58266878e+00 -3.92714620e-01 9.84506369e-01 1.63112974e+00
    7.28560627e-01 1.58633149e+00 1.06136155e+00 4.06801343e-01
    1.07474887e+00 -2.21806169e-02 1.71597731e+00 -6.74413443e-02
    -4.53312099e-01 -5.33729553e-01 1.25257874e+00 -3.20198357e-01
    6.80972993e-01 1.34884834e+00 -6.63434625e-01 1.44868064e+00
    8.60148609e-01 1.22279501e+00 1.24388790e+00 1.80661201e-01
    1.11321878e+00 -1.30433738e-01 1.30406022e-01 4.42964792e-01
    8.36676776e-01 9.10628915e-01 2.89240777e-01 1.49136066e+00
    1.27548039e-01 1.36885381e+00 3.39782834e-02 -1.04049504e-01
    -5.30665874e-01 -2.50795782e-01 5.80267429e-01 9.48292851e-01
    8.36229920e-01 9.91134644e-01 1.36500835e+00 4.99108315e-01
    7.95893073e-01 -6.28716469e-01 1.53773665e+00 5.60975373e-01
    7.29212761e-02 1.46394777e+00 -4.98023331e-01 1.58291554e+00
    -5.09599090e-01 -3.32750291e-01 4.94759381e-01 1.36438811e+00
    -5.50056934e-01 -2.35671878e-01 3.50605726e-01 1.67574286e+00
    -4.35640395e-01 1.63404059e+00 -5.51966548e-01 -4.16719437e-01
    1.65309787e+00 3.02650154e-01 7.26351738e-02 8.75771642e-01
    -1.85912251e-02 -1.21420085e-01 7.52559245e-01 1.20056987e-01
    1.63582623e-01 -6.63883448e-01 9.59743261e-01 -3.41837436e-01
    9.10476446e-01 1.41117156e-01 4.02219713e-01 -6.61869764e-01
    -2.89729089e-01 -1.74874246e-01 1.75391114e+00 1.21221328e+00
    -6.30663931e-01 -3.19717526e-01 -2.49613106e-01 1.26327157e+00
    2.14779794e-01 1.28879642e+00 2.70159185e-01 -6.48535252e-01
    -7.48671591e-01 8.21872294e-01 1.72050893e-01 -6.22383356e-02
    5.20205319e-01 7.72480428e-01 1.50702453e+00 1.38696647e+00
    -1.80919111e-01 1.46229744e+00 -5.74930906e-02 1.37324595e+00
    8.22675347e-01 1.27820826e+00 1.69060636e+00 1.35336804e+00
    8.49175632e-01 1.09843159e+00 -3.44971627e-01 -5.60675979e-01
    1.65160656e+00 1.69437158e+00 1.67747664e+00 -9.08973217e-02
    1.62797236e+00 1.68256426e+00 1.91233099e-01 1.65472984e+00
    -5.32162189e-03 1.66759348e+00 1.62037849e+00 1.32209611e+00
    6.59843504e-01 1.20521283e+00 1.72393084e-01 5.11898160e-01
    2.05976307e-01 1.02550316e+00 1.02904499e-01 7.83522427e-01
    2.10821748e-01 4.49883759e-01 7.38872290e-01 1.75155091e+00
    -1.53663814e-01 6.81776404e-02 1.69087696e+00 4.19230640e-01
    6.22254610e-02 -1.80751026e-01 -3.52218151e-02 -1.10711813e-01
    1.25906324e+00 -5.85769892e-01 1.20948005e+00 -2.99687803e-01
    2.29409873e-01 1.65338576e-01 2.70825744e-01 -1.14925325e-01
    1.72896433e+00 1.73105264e+00 1.64729655e+00 6.92453980e-02
    9.98505414e-01 -4.99008805e-01 -6.23622656e-01 1.19299483e+00
    -8.47617388e-02 4.99478817e-01 -4.03973937e-01 9.91257131e-01
    1.55157423e+00 1.16598868e+00 -2.08085179e-01 -4.14786369e-01
    1.24752724e+00 1.13109946e+00 5.50637782e-01 -1.84872091e-01
    -3.68997842e-01 -3.65294069e-01 1.72505140e-01 1.69048715e+00
    3.60180438e-01 1.12891769e+00 1.68345189e+00 -3.10064912e-01
    1.25679374e+00 1.83065295e-01 -7.97444344e-01 1.51910996e+00
    3.54858994e-01 1.13025451e+00 1.69215155e+00 1.22285903e+00
    -4.19515371e-03 3.01110327e-01 -7.40549445e-01 8.26504350e-01
    -4.08109277e-01 -1.32552147e-01 8.60145092e-02 -1.01076603e-01
    1.25164199e+00 5.05332947e-01 -4.97150391e-01 1.48397064e+00
    1.40790653e+00 1.15866470e+00 1.01935649e+00 1.10871279e+00
    -7.23420262e-01 9.33994055e-01 1.60282183e+00 9.21933472e-01
    9.77145433e-01 1.36531055e+00 1.02541912e+00 1.12982559e+00
    3.04092169e-02 1.08401310e+00 8.68260860e-03 -6.98804617e-01
    6.78829551e-01 -5.25765479e-01 1.72352862e+00 -2.17983067e-01
    5.59125960e-01 1.36044192e+00 8.05382192e-01 6.99354589e-01
    6.03206038e-01 2.65231729e-01 3.12191606e-01 -8.83314013e-02
    -5.88600636e-02 4.51388896e-01 1.53590584e+00 4.76238430e-01
    -2.83185005e-01 -1.23567462e-01 9.66400981e-01 9.65086997e-01
    1.20789433e+00 -2.26666331e-01 1.11850119e+00 -2.68480062e-01
    -1.55320704e-01 1.82944298e+00 4.78161693e-01 4.63744640e-01
    6.49004877e-01 7.34695375e-01 4.96899068e-01 1.20691359e-01
    -3.57726932e-01 -4.27744746e-01 5.37640035e-01 -3.78999233e-01
    1.13058877e+00 1.50806057e+00 1.50080681e-01 1.03891921e+00
    1.15458643e+00 -4.71517116e-01 -2.35703230e-01 3.14639091e-01
    -3.55465919e-01 5.88899016e-01 -1.81555510e-01 -5.75718880e-01
    4.04447317e-02 1.56730437e+00 1.27278495e+00 1.37959063e-01
    -7.17764616e-01 5.89248598e-01 1.04948759e-01 4.06505167e-01
    -2.35941887e-01 8.94321501e-01 1.25407720e+00 1.71686053e+00
    8.35546374e-01 6.15459383e-01 6.97290659e-01 -1.20955825e-01
    -7.15539217e-01 -2.07123518e-01 -6.94063008e-01 1.32569456e+00
    8.85440648e-01 -6.62980020e-01 -7.19663203e-01 1.34821832e-01
    -2.29752541e-01 4.42913890e-01 1.67262387e+00 1.41627407e+00
    1.05361629e+00 1.98864818e-01 1.24728489e+00 9.78437543e-01
    -3.40206146e-01 8.24020147e-01 7.11285114e-01 1.00885892e+00
    -8.53472948e-02 1.25487614e+00 1.13173842e-01 1.12977028e-02
    -2.88530588e-01 1.53800857e+00 1.25336409e-01 8.51750731e-01
    8.50994587e-01 -1.13083541e-01 1.42951238e+00 -3.26619983e-01
    8.89563262e-01 7.36060977e-01 7.65107155e-01 1.88217700e-01
    -2.16357350e-01 3.76276851e-01 1.11647773e+00 1.56379819e-01
    1.51878273e+00 -4.36795980e-01 1.63586235e+00 1.58352137e+00
    8.59048545e-01 1.00978720e+00 4.75327492e-01 7.62272596e-01
    -5.86795390e-01 -3.48239064e-01 8.61822724e-01 1.20211065e-01
    -2.41988748e-01 8.85658503e-01 9.09495950e-02 -2.03207493e-01
    4.17728543e-01 -3.78429890e-04 6.06607437e-01 -3.13763738e-01
    1.06253088e+00 1.37018406e+00 1.15611291e+00 5.56602478e-02
    5.75369596e-01 -4.38424408e-01 -4.77829665e-01 1.27780139e-01
    1.37742281e+00 8.54030550e-01 -2.79845566e-01 2.43767679e-01
    3.00773025e-01 9.53415871e-01 1.50417769e+00 3.57123375e-01
    -3.43795568e-01 1.01232266e+00 1.41773701e+00 -3.06981802e-02
    -1.02204740e-01 -1.23561561e-01 9.65319991e-01 4.06264603e-01
    1.27858055e+00 1.07577181e+00 1.71908545e+00 1.37173474e-01
    1.64600825e+00 8.90990138e-01 7.61058331e-02 3.81993651e-01
    4.32291031e-01 -4.34982181e-01 -3.56540740e-01 -1.25485241e-01
    1.17868447e+00 8.32021177e-01 1.44652581e+00 6.44051373e-01
    -6.81323469e-01 -1.55381858e-01 -1.67639077e-01 -9.56237316e-03
    -1.59844398e-01 1.61904621e+00 1.57672286e-01 -3.12605947e-01
    1.55170822e+00 -2.16114461e-01 6.46357417e-01 1.40673423e+00
    4.09547865e-01 -5.69819212e-01 3.65869880e-01 1.61211634e+00
    -2.17333913e-01 1.30170703e+00 1.45522118e+00 1.05205560e+00
    4.06308413e-01 9.65192616e-01 1.16260839e+00 -6.96207702e-01
    1.09510183e+00 2.08770931e-01 1.09562469e+00 -5.97325802e-01
    -4.19237614e-01 1.32240307e+00 3.09496284e-01 1.42760754e-01
    -1.79875851e-01 6.83945835e-01 1.40036702e+00 7.36953020e-02
    1.23774886e+00 6.65624738e-02 7.64878273e-01 1.04983461e+00
    8.73563528e-01 -3.29149395e-01 1.74255848e+00 -6.49529040e-01
    -7.15312421e-01 7.67960846e-01 1.06478024e+00 1.32881570e+00
    -2.34370828e-02 -1.42854631e-01 9.32240009e-01 -2.69670546e-01
    1.74891090e+00 1.25116229e+00 4.89237547e-01 4.98465002e-01
    5.51851273e-01 -1.81105435e-01 2.62410164e-01 -2.39146709e-01
    1.26842833e+00 -6.07157350e-02 1.43665588e+00 1.15807307e+00
    1.49077177e-01 3.06478322e-01 9.88825321e-01 -7.07334459e-01
    9.38963592e-01 -3.41858149e-01 -3.24732512e-01 -3.67730886e-01
    -2.61677325e-01 9.52691376e-01 -3.15625370e-01 8.22062314e-01
    6.80000782e-01 6.11962676e-01 5.63705564e-01 5.27162194e-01
    -7.04447329e-01 5.06273329e-01 7.83799708e-01 -4.76051569e-02
    -5.18882573e-01 8.61454248e-01 1.49112272e+00 1.76774371e+00
    -2.81725258e-01 -5.41491270e-01 1.39898705e+00 4.89905059e-01
    -1.62796140e-01 8.22393060e-01 -4.10079569e-01 4.88127112e-01
    5.27312160e-02 1.06809700e+00 -2.73950815e-01 -6.38062060e-01
    -7.11818993e-01 7.64678001e-01 5.08252203e-01 1.48272598e+00
    7.72781253e-01 -3.60264182e-02 -4.12275881e-01 -7.50096738e-01
    -5.30643642e-01 -6.46014929e-01 1.60255432e-01 6.55575693e-01
    5.97772956e-01 6.16800070e-01 1.08326173e+00 1.14036024e-01
    3.93673211e-01 8.82766128e-01 -2.63775289e-01 -1.34525299e-02
    1.88381767e+00 1.96000695e-01 9.27090585e-01 3.83166671e-01
    3.55773032e-01 1.53890967e+00 -4.59289730e-01 4.42212820e-02
    7.01494813e-02 1.68863773e+00 1.40298271e+00 -1.53746367e-01
    1.59535789e+00 1.01751876e+00 -6.08380079e-01 1.29777503e+00
    1.26980853e+00 7.00947285e-01 -2.89072931e-01 1.66040337e+00
    -4.99858588e-01 6.77438200e-01 -5.23928046e-01 -3.13368261e-01
    -9.96587276e-02 1.47974503e+00 -4.06255573e-01 1.60742068e+00
    -2.93021679e-01 8.66331279e-01 1.65937281e+00 1.74241972e+00
    -1.01654053e-01 -4.04301018e-01 -5.43755293e-03 1.52797019e+00
    1.72206402e+00 1.28150702e-01 1.24275947e+00 5.79724669e-01
    1.46884882e+00 -5.46498001e-01 4.12146449e-02 -3.87569427e-01
    1.05278707e+00 -6.53389335e-01 1.08893931e+00 -3.82465541e-01
    5.20371497e-01 1.15010262e+00 8.56506824e-01 8.22650790e-01
    1.65069938e-01 1.95605755e-02 1.33453083e+00 3.28036189e-01
    -6.30232692e-02 5.78234315e-01 -4.57327485e-01 1.23006022e+00
    -8.07812214e-02 2.43315101e-01 1.53580642e+00 1.60881066e+00
    1.05068278e+00 1.02215672e+00 -5.44878900e-01 7.43904710e-01
    1.27283680e+00 2.92591453e-01 -3.00853252e-01 -7.01032281e-02
    -5.68629444e-01 2.91296005e-01 9.01679397e-02 1.51741505e+00
    1.54324651e+00 1.50552559e+00 -3.67636204e-01 8.64113450e-01
    1.17991161e+00 1.03744042e+00 1.06368661e-02 -4.48603034e-02
    -3.16327125e-01 7.88876116e-01 1.66981339e-01 -5.10240793e-01
    4.53623652e-01 -3.28725606e-01 1.46214974e+00 -7.39282370e-03
    1.11009812e+00 2.92597651e-01 -4.32330370e-03 5.00555575e-01
    -1.51292086e-02 -1.39457583e-01 1.07557535e+00 1.45862818e+00
    1.73224807e-01 1.13020408e+00 2.71320105e-01 -4.13162440e-01
    1.70014000e+00 2.44992435e-01 6.49119616e-02 -6.98276341e-01
    8.68965566e-01 -1.49520814e-01 1.66294169e+00 7.68706381e-01
    -2.55311906e-01 -3.46402079e-01 9.11776423e-01 4.67227161e-01
    1.47970128e+00 1.90906942e-01 9.06345069e-01 1.28865433e+00
    1.56690001e+00 9.35783803e-01 1.88221335e-02 1.23053336e+00
    7.15465128e-01 1.37774241e+00 1.12707257e-01 1.26379943e+00
    -1.38024807e-01 -1.11300170e-01 1.69833875e+00 6.92460537e-01
    1.73000598e+00 1.67230117e+00 -1.97910607e-01 -6.20104790e-01
    -2.78157383e-01 2.98701406e-01 -1.46938860e-01 -3.53181750e-01
    -6.00243151e-01 5.26890218e-01 -5.62060595e-01 9.77162302e-01
    4.96042311e-01 1.97089314e-02 7.07246959e-01 3.06695700e-01
    1.55723155e+00 4.51981902e-01 1.53869152e-01 7.05395579e-01
    1.27083778e+00 7.53702283e-01 6.63273096e-01 -3.53947878e-02
    4.53182161e-01 1.78653574e+00 1.15541279e+00 1.36987269e+00
    9.21787202e-01 -6.38762772e-01 2.56857514e-01 -1.24214292e-01
    -3.35997969e-01 2.98540413e-01 1.68240595e+00 1.30071104e+00
    4.66126978e-01 1.55236733e+00 1.17401600e-01 2.41199493e-01
    1.39878213e+00 7.92871952e-01 6.47557735e-01 -2.45092571e-01
    1.38683188e+00 1.33442485e+00 -4.90026474e-01 1.49857950e+00
    6.90106571e-01 9.65240777e-01 6.09986901e-01 6.35552406e-01
    8.35337639e-01 2.51576722e-01 3.15153599e-03 8.88086796e-01
    1.34326708e+00 -4.48558897e-01 1.15451670e+00 1.69072556e+00
    1.03866518e-01 6.17689788e-01 6.27555132e-01 5.90323210e-02
    1.14341331e+00 1.44918895e+00 2.42530942e-01 1.62081170e+00
    -4.22914743e-01 1.93829298e-01 8.43876958e-01 2.90817499e-01
    -2.58127868e-01 -7.44723260e-01 1.67837834e+00 -4.35187638e-01
    8.19132745e-01 4.19387519e-01 1.60507059e+00 3.60686183e-02
    1.99680448e-01 1.23135543e+00 1.61898506e+00 -7.44119287e-02
    -2.51494408e-01 3.89147639e-01 -6.39584899e-01 -5.43801486e-01
    1.73011899e+00 1.29522014e+00 -6.78755641e-02 1.30807400e+00
    -5.58907747e-01 4.09798026e-01 -5.58578134e-01 8.75744820e-02
    -4.64505464e-01 -3.27396721e-01 1.48092926e+00 -6.69307232e-01
    1.70738387e+00 1.72590494e+00 1.53133643e+00 -6.16312027e-03
    5.57119906e-01 -4.95912373e-01 2.45258510e-01 1.45200109e+00
    2.62396693e-01 -6.93324447e-01 1.17182970e+00 1.08945346e+00
    -3.74966264e-01 1.00404668e+00 7.15622067e-01 1.82699537e+00
    -5.31090975e-01 6.13231242e-01 1.36901951e+00 1.38726175e-01
    1.61471498e+00 1.67847097e+00 1.73755717e+00 1.07335639e+00
    1.29598284e+00 1.60079992e+00 1.72306108e+00 -3.73980522e-01
    -3.80840421e-01 1.04845428e+00 2.84741879e-01 2.98311472e-01
    -7.52606690e-01 -3.73359799e-01 6.67612076e-01 1.52377748e+00
    9.05836284e-01 5.51230669e-01 -5.33939719e-01 1.42865360e+00
    1.56165338e+00 1.42543983e+00 8.52167606e-04 -6.98497117e-01
    1.03711283e+00 1.35863757e+00 1.46694636e+00 -1.42651737e-01
    5.14069557e-01 5.95949411e-01 3.26830149e-02 1.71350026e+00
    1.41074181e+00 1.33536625e+00 -3.63388240e-01 1.04980731e+00
    -7.39030242e-02 1.72037005e+00 -1.07973814e-03 6.13416970e-01
    1.19133115e-01 3.96443367e-01 1.10609186e+00 1.62748289e+00
    1.00441766e+00 4.90634918e-01 -5.71446776e-01 1.06874895e+00
    6.53004110e-01 -5.66048265e-01 8.10259402e-01 1.31372190e+00
    1.53732646e+00 4.06383157e-01 -2.92214036e-01 -6.48965180e-01
    1.63398683e+00 1.52907062e+00 -3.08325440e-01 7.02851236e-01
    1.16976619e-01 -1.93242431e-01 1.62510085e+00 1.42174339e+00
    -1.50943696e-01 7.07726240e-01 5.43928564e-01 -6.07845485e-01
    -2.18610764e-01 1.67784798e+00 1.16478658e+00 -6.01739049e-01
    8.37630689e-01 1.33123374e+00 -2.43524373e-01 1.48643947e+00
    1.12341332e+00 9.43561912e-01 1.81315839e-01 9.05945539e-01
    3.16141009e-01 -5.39560914e-02 -3.53296310e-01 1.01899529e+00
    -6.16938889e-01 1.06511295e-01 1.62458932e+00 -5.86592197e-01
    -6.07699513e-01 1.00075579e+00 -2.29992568e-01 1.78685009e+00
    7.10927606e-01 1.73516512e-01 1.04868305e+00 9.30932522e-01
    1.06779265e+00 7.62523592e-01 1.28406048e+00 -5.89972734e-02
    -3.70628208e-01 1.55513787e+00 1.40860832e+00 1.61778414e+00
    1.22731221e+00 -3.48722845e-01 7.22898066e-01 -4.46995765e-01
    5.63941956e-01 -2.80128479e-01 -6.31122828e-01 -1.30075216e-01
    -6.47206724e-01 1.23624706e+00 6.81867778e-01 5.41641951e-01
    -2.04668641e-02 4.24002826e-01 6.50748670e-01 1.71573639e+00
    -6.90469742e-01 -3.39372724e-01 1.46504354e+00 -1.22942388e-01
    3.43977630e-01 -4.49749500e-01 -2.33780265e-01 1.57819867e-01
    3.55383992e-01 8.05546165e-01 -7.01068878e-01 8.71875763e-01
    9.59356785e-01 -7.33046412e-01 -3.98838907e-01 -1.15657866e-01
    1.49497437e+00 7.87793219e-01 -4.58758026e-01 2.29977608e-01
    -1.82113111e-01 3.05371404e-01 3.64630878e-01 6.65671527e-01
    1.36148190e+00 1.16416478e+00 7.32798338e-01 -3.02024126e-01
    5.29705226e-01 5.68773985e-01 7.90073633e-01 -5.42359769e-01
    8.01232994e-01 1.73791862e+00 1.50728869e+00 5.42230487e-01
    1.59498513e+00 -1.07208729e-01 5.99168003e-01 7.56522298e-01
    5.84485054e-01 1.03604436e-01 2.95845449e-01 -5.21125913e-01
    1.55576742e+00 -2.76113600e-01 1.57826066e-01 1.28070712e-02
    8.69064331e-02 3.65393817e-01 5.99741876e-01 1.72161293e+00
    5.57088673e-01 -6.89333916e-01 1.48056829e+00 -6.29150271e-01
    2.59917855e-01 -4.13328677e-01 1.50779796e+00 1.43541527e+00
    5.21439552e-01 7.93971419e-01 1.76852572e+00 1.65169263e+00
    2.92991400e-02 1.16586685e-01 -7.67269731e-02 1.05620742e+00
    1.49638295e-01 -5.69940567e-01 -1.47775710e-01 -6.05445385e-01
    2.07473814e-01 2.58165121e-01 4.29843545e-01 6.85043991e-01
    1.68199420e+00 2.11354136e-01 6.15663350e-01 8.29297304e-02
    1.62007880e+00 1.17243528e+00 4.64981914e-01 -6.60314202e-01
    -1.49388313e-02 5.66971302e-01 -7.33585775e-01 1.49081719e+00
    -4.51702684e-01 1.46044517e+00 -5.00774205e-01 6.84812605e-01
    2.31049657e-02 1.17506802e-01 -7.38029361e-01 -5.05096316e-02
    -3.46713305e-01 -1.69079125e-01 1.32054222e+00 -2.66498268e-01
    1.37164962e+00 7.68609047e-02 6.21566772e-02 -9.72369313e-02
    1.33960199e+00 -2.14990556e-01 -6.61971390e-01 9.10287559e-01
    1.32316470e+00 -6.65567398e-01 8.14639568e-01 1.58574414e+00
    -4.25601244e-01 1.35831785e+00 1.47955906e+00 -6.95092559e-01
    1.14369011e+00 1.24231303e+00 2.33080029e-01 1.40835345e-01
    1.55541861e+00 -1.72673643e-01 -1.89143538e-01 9.88110781e-01
    1.65432274e+00 1.75891709e+00 1.21512055e+00 -6.83998048e-01
    1.01705790e-02 -3.86044919e-01 1.66954815e+00 1.59399009e+00
    1.53050590e+00 1.03737569e+00 6.38957202e-01 1.35387003e+00
    4.81364638e-01 6.88543677e-01 -2.52841890e-01 8.57127488e-01
    1.18218899e-01 8.98208261e-01 7.37239718e-02 1.13076007e+00
    1.29193497e+00 1.07027102e+00 1.50183153e+00 -2.63351679e-01
    1.45744205e+00 6.90516472e-01 1.05370677e+00 7.39354014e-01
    6.79470420e-01 6.61213875e-01 3.16625357e-01 1.62858009e+00
    1.00489068e+00 -1.59027338e-01 -6.90070391e-02 4.01170850e-01
    -4.65309322e-01 -2.44543731e-01 1.01811147e+00 1.36010194e+00
    1.74069834e+00 7.04485595e-01 -3.78617197e-01 1.36241257e+00
    1.09649599e+00 -2.00231135e-01 1.64714897e+00 -2.63327360e-01
    -4.50563431e-03 3.34742367e-01 9.56047475e-01 -4.92153496e-01
    -5.47733784e-01 1.53624880e+00 -9.48995352e-03 7.21466422e-01
    4.43962097e-01 1.42475438e+00 1.36236012e+00 9.96121049e-01
    1.44615388e+00 1.58267760e+00 1.31839585e+00 8.10893595e-01
    1.44001901e-01 1.46570814e+00 1.13465667e+00 2.14905262e-01
    5.60803533e-01 1.29805946e+00 1.28555059e+00 1.10442173e+00
    3.26571226e-01 -7.60573626e-01 3.47185373e-01 -7.36136198e-01
    3.16471517e-01 1.08404911e+00 9.27161574e-01 1.26215720e+00
    1.48708892e+00 9.79292750e-01 1.65903592e+00 -9.92084146e-02
    3.95519137e-01 6.41444147e-01 5.89652896e-01 9.22714055e-01
    1.60171509e-01 1.24506247e+00 4.31420207e-02 4.66814637e-01
    -2.27025867e-01 1.27539361e+00 5.92210293e-02 1.35020900e+00
    6.39098942e-01 3.31974626e-02 4.03596818e-01 3.89885962e-01
    -2.97246516e-01 4.40598667e-01 -5.79110146e-01 8.10877740e-01
    2.60570526e-01 5.35270691e-01 4.73630130e-01 -2.61097133e-01
    8.34382772e-01 1.47787261e+00 1.31849289e+00 3.96745503e-01
    1.01941252e+00 7.50314891e-01 -5.26638389e-01 1.21167707e+00
    1.65685129e+00 1.23296404e+00 1.31123936e+00 -1.28252029e-01
    8.03114057e-01 -3.02189499e-01 1.16605282e+00 9.38859820e-01
    -4.09084797e-01 -5.63374758e-01 7.60714173e-01 7.40307152e-01
    1.68248487e+00 7.34631121e-01 9.92051184e-01 1.64749908e+00
    1.64854598e+00 1.34276819e+00 1.19023728e+00 -5.25051177e-01
    4.21764493e-01 -4.52952951e-01 9.11537588e-01 -3.54040116e-01
    1.07562780e+00 6.78517878e-01 -5.23990512e-01 -4.62868392e-01
    1.08594966e+00 -2.49686480e-01 -5.58243513e-01 1.39477110e+00
    8.64116371e-01 1.24247813e+00 2.93965995e-01 1.70547426e-01
    -1.79770052e-01 3.14500988e-01 1.09419012e+00 4.95702624e-02
    -6.72608197e-01 6.67163610e-01 1.48185313e+00 1.33141851e+00
    8.55822563e-02 1.44417989e+00 2.26812661e-01 -3.66890997e-01
    -3.44234854e-01 -3.82389694e-01 1.70306683e+00 1.31025350e+00
    -1.55549049e-01 -2.90980577e-01 4.08497155e-01 9.28295434e-01
    2.11060882e-01 6.48123860e-01 -2.25845039e-01 2.83013999e-01
    1.43711519e+00 -6.84840500e-01 1.76233280e+00 -5.30892730e-01
    -7.05534339e-01 3.72935355e-01 1.59710670e+00 3.61012220e-02
    -3.74628991e-01 -5.91866374e-01 -4.03522819e-01 6.36918247e-01
    -1.06744051e-01 -7.52109349e-01 4.08628941e-01 5.74649572e-02
    9.51669753e-01 1.52950191e+00 3.18822205e-01 1.56854391e+00
    -2.42164552e-01 1.55514216e+00 -2.76871592e-01 1.72183597e+00
    -6.78632140e-01 -6.66536212e-01 1.05593622e+00 -6.25957727e-01
    1.25268316e+00 1.55698967e+00 -5.46873868e-01 -1.90665603e-01
    -5.52901447e-01 -3.27707112e-01 -1.57603025e-02 5.57338774e-01
    -5.74211538e-01 1.46692622e+00 -1.49668753e-01 1.01313245e+00
    -6.29625082e-01 -3.13375592e-02 -7.05218673e-01 8.35940599e-01
    1.50658107e+00 -2.03512609e-01 1.59842539e+00 6.17021263e-01
    -5.73913455e-01 2.56313145e-01 1.23025429e+00 1.08487201e+00
    1.34121013e+00 -2.90407211e-01 -6.61761165e-01 -3.77739668e-01
    1.64760852e+00 1.25668335e+00 -3.52006286e-01 4.56646681e-01
    1.02674747e+00 3.19929540e-01 -7.43294358e-01 1.20949364e+00
    -5.42900443e-01 1.55788589e+00 4.15415227e-01 -2.76777744e-01
    -5.30139506e-01 -4.03128356e-01 9.34798300e-01 1.45952296e+00
    -2.21217632e-01 9.89812374e-01 -1.73860788e-01 6.62096322e-01
    -4.63472188e-01 8.95805717e-01 4.49943244e-01 -5.23286402e-01
    -1.28482878e-01 7.54469275e-01 1.09919906e+00 -6.63904071e-01
    1.01160431e+00 1.42838240e+00 1.49481308e+00 -4.76705372e-01
    9.84211802e-01 7.85498977e-01 -9.77618992e-02 5.87607622e-01
    7.30013371e-01 -2.32427210e-01 2.46138334e-01 9.58501875e-01
    1.66311359e+00 1.50074983e+00 -1.08195245e-01 -4.22855914e-01
    -7.41469264e-01 4.37942088e-01 -1.65934384e-01 4.00956213e-01
    8.85246992e-01 1.62882209e+00 1.18707895e-01 1.53490663e+00
    1.49437416e+00 3.00513506e-02 5.33447146e-01 1.31271124e+00
    1.37508953e+00 3.05579185e-01 -1.43844903e-01 5.68085849e-01
    1.54520047e+00 2.02322006e-01 5.38743377e-01 1.15615916e+00
    1.19250131e+00 -4.08905447e-01 -1.56957865e-01 1.51855433e+00
    8.23801994e-01 -6.66480184e-01 1.08189905e+00 -1.85867727e-01
    7.23633170e-01 1.31751800e+00 -5.86512864e-01 -2.86148816e-01
    5.26082516e-01 -2.50153720e-01 8.36771429e-01 -5.19395113e-01
    3.23921621e-01 -5.99378824e-01 1.67098069e+00 -6.51515424e-01
    4.03097868e-02 -5.64148307e-01 -6.23457432e-01 1.54722309e+00
    1.62826252e+00 6.90411448e-01 9.11145866e-01 1.49718368e+00
    1.18572557e+00 1.04027259e+00 -3.00234050e-01 2.00101793e-01
    7.52935052e-01 8.16170096e-01 1.77256823e-01 1.45512629e+00
    1.36518002e-01 -1.16443217e-01 -1.23971105e-01 5.05555809e-01
    -2.42897868e-02 5.66521943e-01 9.16294158e-01 4.65704262e-01
    3.17048430e-02 5.44491827e-01 8.42597246e-01 3.58653605e-01
    1.91718340e-03 6.28035903e-01 1.67593837e+00 2.29053319e-01
    1.21469617e+00 1.26528668e+00 -1.70178652e-01 1.10510457e+00
    1.25495768e+00 -6.68636680e-01 5.99589765e-01 -2.69925177e-01
    -2.08270788e-01 1.27319348e+00 -3.54606241e-01 4.26658690e-01
    1.43860054e+00 -2.33308464e-01 -3.00571412e-01 -3.72088015e-01
    -4.83381927e-01 -6.26992583e-02 -2.63353795e-01 1.32929623e+00
    6.61395192e-02 1.37141764e-01 1.71918511e+00 2.22761095e-01
    1.29753590e+00 -6.44350052e-02 8.57552171e-01 1.46320057e+00
    -6.43666089e-01 -5.97673059e-02 2.60180414e-01 6.90808892e-01
    9.60437715e-01 1.68583608e+00 1.64570022e+00 1.11387181e+00
    8.40410709e-01 -2.74684429e-02 -6.93424821e-01 5.81693292e-01
    6.00943029e-01 -5.45427918e-01 1.10670996e+00 4.64327216e-01
    4.89160061e-01 6.95825696e-01 -3.60354662e-01 1.45496154e+00
    4.90891099e-01 -2.78081536e-01 1.38786077e+00 1.09679747e+00
    9.75725591e-01 1.72503948e-01 3.65077138e-01 7.46718764e-01
    1.23185134e+00 1.65786481e+00 1.63825393e+00 1.35457051e+00
    1.40344667e+00 1.22186232e+00 3.07499051e-01 -5.29775977e-01
    -7.13846147e-01 4.74213958e-01 -4.75150496e-01 2.42217422e-01
    -3.15174878e-01 -1.97669566e-01 5.09124160e-01 -5.18407822e-02
    1.59490895e+00 1.32399654e+00 -2.99721956e-02 8.56635869e-01
    1.18822980e+00 1.29863679e-01 1.31261945e+00 1.53304672e+00
    6.19590878e-01 -9.72002149e-02 8.56849551e-02 1.36231709e+00
    -6.13664627e-01 8.17240179e-01 3.75803292e-01 6.08272076e-01
    -4.96504456e-01 1.77974296e+00 1.24181461e+00 -3.79685014e-01
    1.35512733e+00 -7.10762680e-01 5.73900521e-01 1.33765721e+00
    8.41859758e-01 9.45888638e-01 1.13079548e+00 -1.23267353e-01
    1.08437109e+00 4.38100636e-01 7.10916340e-01 4.31664109e-01
    1.12506747e+00 1.47435725e+00 -4.24868017e-01 1.64249635e+00
    -4.99981821e-01 -4.03158873e-01 3.86761904e-01 -6.36508048e-01
    7.56144643e-01 -2.40029454e-01 1.29424584e+00 8.21352065e-01
    5.30401945e-01 7.20655441e-01 1.49314690e+00 -7.16396630e-01
    1.40304685e-01 2.72280931e-01 5.11306822e-01 1.27092028e+00
    9.46147263e-01 -3.41758013e-01 2.24241793e-01 1.42179286e+00
    6.84246957e-01 -9.09724832e-02 1.40276742e+00 1.97110772e-02
    -5.92308998e-01 -2.37181485e-01 2.67669797e-01 1.23967814e+00
    5.24455786e-01 7.82825887e-01 1.65619731e+00 1.68496561e+00
    1.48370004e+00 4.78206456e-01 1.09107971e-01 1.07420981e+00
    -4.93295640e-01 1.73495400e+00 1.04911780e+00 -6.81922495e-01
    2.82368481e-01 -3.18688899e-01 1.37568951e+00 1.09703434e+00
    -2.10522175e-01 1.76205277e+00 2.75770962e-01 -6.10790789e-01
    1.26337552e+00 -6.83141291e-01 1.58235621e+00 1.54127932e+00
    9.00353611e-01 3.88340354e-02 5.66464424e-01 1.42675853e+00
    7.02683687e-01 1.93931103e-01 -3.89869750e-01 1.68186545e+00
    1.64111710e+00 1.14993513e-01 1.25746214e+00 1.24254346e+00
    -2.00814009e-01 9.71392214e-01 3.84178311e-01 9.76229548e-01
    4.88277972e-01 1.54921126e+00 -1.63348913e-02 -1.71120167e-01
    7.33920038e-01 1.50074255e+00 -1.17036223e-01 7.85840154e-02
    2.95859575e-01 1.00416851e+00 1.05358005e+00 5.68015575e-01
    1.39929891e-01 1.37547672e+00 -2.03315675e-01 1.34544492e+00
    3.95061910e-01 3.37839544e-01 2.63460279e-01 3.76318514e-01
    1.65314293e+00 1.09331715e+00 -6.88273191e-01 1.30370033e+00
    -4.81545269e-01 -4.89145875e-01 1.60493040e+00 1.10548246e+00
    -1.62515700e-01 -6.28119528e-01 1.42369866e-01 6.84034288e-01
    1.54959393e+00 1.23115444e+00 -7.13580012e-01 -7.48789549e-01
    -3.17948729e-01 7.13762105e-01 9.98225629e-01 6.65853918e-01
    5.98022640e-01 5.58026135e-01 1.34020734e+00 5.98156512e-01
    -2.29812205e-01 7.08644509e-01 -8.89822841e-02 -2.51730859e-01
    1.73364758e-01 7.98684120e-01 2.38965154e-02 1.71083474e+00
    1.68305159e+00 1.34832859e+00 1.30205297e+00 -1.92394853e-02
    -4.78653848e-01 9.83429253e-01 -2.41858959e-02 1.44839406e+00
    -4.99164551e-01 9.00418282e-01 -1.44427657e-01 -6.64287925e-01
    3.44760358e-01 1.65032864e+00 -6.80699468e-01 6.67542994e-01
    2.58712530e-01 -3.26979071e-01 1.18423295e+00 1.03699017e+00
    1.63714433e+00 7.98124909e-01 8.76329601e-01 1.38495278e+00
    1.08352733e+00 1.28585494e+00 2.31583953e-01 -1.91539645e-01
    4.67758596e-01 1.09114027e+00 7.00992346e-02 -6.84090436e-01
    -4.69131798e-01 -1.90380692e-01 1.23089266e+00 -5.70926547e-01
    -3.75710249e-01 8.93796504e-01 1.68277192e+00 1.32634437e+00
    -1.56287789e-01 -6.31926477e-01 1.11627805e+00 7.90296137e-01
    1.13300979e-01 7.88834155e-01 6.67287648e-01 -4.43160564e-01
    5.83641171e-01 1.58242393e+00 9.74376202e-01 1.49418807e+00
    4.33811784e-01 7.83267677e-01 7.92073667e-01 -7.08129466e-01
    2.98325062e-01 -4.29285228e-01 1.27922463e+00 1.03132725e+00
    -6.64428353e-01 1.25456834e+00 -6.46720886e-01 -1.89839303e-01
    -3.91440153e-01 -1.95142567e-01 2.80588269e-02 -3.46954077e-01
    1.16202533e-01 1.33734465e+00 1.29536951e+00 1.81283474e-01
    3.69909167e-01 8.30158114e-01 -2.27477491e-01 1.41017509e+00
    -8.30394030e-02 1.58789849e+00 1.48694313e+00 1.88473284e-01
    1.14291239e+00 9.30240870e-01 1.42909408e+00 -5.10426283e-01
    9.81309235e-01 7.46452928e-01 5.53239882e-01 1.58878684e-01
    3.47152948e-02 1.09729218e+00 1.05337298e+00 -3.43608469e-01
    -1.06067657e-01 -7.30997205e-01 -3.78393143e-01 8.73925686e-01
    1.09636211e+00 1.01368308e-01 4.45268035e-01 -4.90272105e-01
    4.30235982e-01 1.51250672e+00 -4.60161448e-01 8.63958657e-01
    -8.69722962e-02 4.21798229e-01 -4.97449040e-01 2.57412910e-01
    8.79093528e-01 7.90057480e-01 -4.99277174e-01 6.42455280e-01
    -5.75274825e-01 1.33744216e+00 -1.01372123e-01 7.95845389e-01
    -7.14762390e-01 1.50619209e-01 1.26507068e+00 -2.19252944e-01
    1.07813025e+00 6.63858652e-02 1.58175397e+00 6.00905538e-01
    1.59641123e+00 1.33913183e+00 4.48786855e-01 -2.44217545e-01
    2.36500740e-01 1.78153396e-01 3.97591293e-01 -3.55052352e-02
    -2.37248212e-01 -6.47693038e-01 1.29953527e+00 5.16208410e-02
    1.43751013e+00 8.06248188e-02 1.39365351e+00 2.95240760e-01
    5.65973759e-01 -3.28504324e-01 -3.92639279e-01 1.18303800e+00
    1.34786081e+00 2.67337203e-01 -6.34586275e-01 -5.84660172e-01
    7.14373648e-01 1.38466215e+00 -2.85804808e-01 9.08038974e-01
    -2.17636943e-01 1.46713591e+00 -6.42800987e-01 8.06386471e-02
    1.26402974e+00 -6.62560403e-01 1.36414814e+00 -7.82162547e-02
    1.60285997e+00 -2.74304718e-01 1.74665892e+00 9.22293961e-01
    -1.67625546e-02 -1.14187777e-01 1.24009669e-01 6.52958453e-01
    6.92990363e-01 4.95144129e-02 1.62745333e+00 6.90163493e-01
    1.72317457e+00 7.57482052e-02 -3.67460310e-01 3.32029700e-01
    1.12712860e+00 5.84385633e-01 6.69872165e-01 2.62243748e-01
    7.17597008e-01 1.84527457e-01 1.62740338e+00 4.65999842e-01
    1.00568426e+00 1.29966736e-01 1.30604839e+00 1.71415532e+00
    -6.14804149e-01 -7.28350282e-01 -4.83213753e-01 4.64797735e-01
    1.31789565e-01 1.46382320e+00 5.51494122e-01 5.56516230e-01
    1.79103088e+00 -1.03368938e-01 1.87463582e-01 1.92394173e+00
    1.87341464e+00 6.64629221e-01 1.17699003e+00 3.26803207e-01
    1.27790403e+00 1.37924683e+00 6.24708831e-02 4.21651006e-02
    -5.32243371e-01 -9.38070416e-02 8.83249521e-01 -7.10145235e-02
    -6.57185316e-02 6.40102625e-01 1.14943159e+00 1.68383074e+00
    1.57502246e+00 -3.33165675e-01 8.89297187e-01 -1.60060644e-01
    1.67277098e+00 1.39915323e+00 1.26266384e+00 8.63903880e-01
    1.21078074e+00 5.12920737e-01 1.58859539e+00 2.16441154e-02
    -5.16550660e-01 1.08708560e-01 1.05628753e+00 1.50915027e+00
    1.73181176e+00 2.54024148e-01 -4.11794186e-01 -5.79295397e-01
    -4.19281960e-01 -6.83195591e-01 1.29102755e+00 -1.46170855e-01
    6.61335528e-01 -6.65305614e-01 5.74126661e-01 -6.77544355e-01
    6.44790411e-01 1.01208830e+00 1.70526814e+00 -2.03274071e-01
    1.35249543e+00 -5.43807089e-01 4.77733672e-01 -7.72888899e-01
    3.56414139e-01 -3.99168491e-01 -5.80602884e-03 1.84503913e-01
    1.47657442e+00 1.46923161e+00 6.94446862e-01 1.38751519e+00
    9.39609706e-01 1.72210145e+00 5.57978511e-01 1.23587680e+00
    -5.03889799e-01 -6.73454165e-01 -2.67031550e-01 9.21454430e-02
    -2.45254517e-01 -2.14795709e-01 2.74927020e-01 1.35252178e-01
    4.03298676e-01 1.47367764e+00 1.92617476e-01 8.76265764e-01
    1.31319284e+00 -4.27757412e-01 7.93839514e-01 1.25274062e+00
    1.36045742e+00 1.20607805e+00 2.92176723e-01 7.23702312e-01
    6.58754051e-01 6.85948789e-01 8.74032795e-01 -7.13914216e-01
    -4.05931711e-01 1.35125971e+00 -3.95748973e-01 -6.22213244e-01
    1.41489983e-01 6.64733648e-02 2.50596642e-01 8.35231483e-01
    -2.94220328e-01 1.04284775e+00 9.66046035e-01 1.27190757e+00
    1.14051688e+00 -7.02427864e-01 6.44543469e-01 -3.97026420e-01
    1.20889151e+00 -2.39548266e-01 1.71032476e+00 1.30293918e+00
    -9.52053666e-02 1.55199027e+00 1.73882461e+00 1.60089827e+00
    6.24182522e-01 -4.42475855e-01 -3.23736101e-01 -4.18543369e-01
    1.30543530e+00 7.51273870e-01 -7.01743901e-01 1.31716681e+00
    1.34882641e+00 5.53764701e-02 1.06404424e-01 1.17866516e+00
    1.00502419e+00 5.59741199e-01 -5.49975395e-01 7.00515926e-01
    2.09030569e-01 6.60122275e-01 1.12839925e+00 -7.54489362e-01
    -2.25988030e-02 1.18095338e+00 7.68170953e-01 -6.85094595e-02
    1.05110550e+00 1.14384782e+00 8.27252626e-01 2.92411625e-01
    8.64439905e-01 1.58679271e+00 -4.00927931e-01 7.49232948e-01
    -1.29283965e-01 2.92002678e-01 1.02682281e+00 1.69850838e+00
    1.23379350e+00 1.25890732e+00 6.68477893e-01 -3.66395831e-01
    1.52961397e+00 9.08612490e-01 -2.09032357e-01 3.95433843e-01
    -1.08345807e-01 1.06765890e+00 -5.98383248e-01 4.14826453e-01
    1.42056155e+00 1.80838048e-01 1.21391177e+00 5.08560538e-01
    1.47297537e+00 1.22006512e+00 -1.64838612e-01 5.90226531e-01
    -1.14313304e-01 1.15009093e+00 1.08543813e-01 8.27961445e-01
    -7.28339791e-01 1.41460586e+00 1.70600009e+00 4.33676779e-01
    1.19454908e+00 1.43928480e+00 1.09322059e+00 1.65326047e+00
    -6.52171373e-01 2.07819939e-02 1.04391694e+00 -3.38982522e-01
    1.79674149e-01 -4.51238751e-02 -1.39801860e-01 1.28010511e+00
    -2.57683247e-01 3.59137058e-01 -6.83561981e-01 1.47539949e+00
    -6.82059765e-01 3.65476429e-01 1.32753265e+00 1.16361451e+00
    3.02099407e-01 -4.11359787e-01 7.04349995e-01 6.48444533e-01
    1.64586926e+00 -7.36731291e-01 -4.42729324e-01 1.72405934e+00
    1.69068933e+00 2.56037951e-01 1.24448681e+00 7.33911395e-01
    1.36125863e-01 3.76014411e-01 4.05534089e-01 -3.08775455e-01
    -6.44601345e-01 -2.78692871e-01 1.11980569e+00 1.39501619e+00
    5.16484737e-01 1.37782526e+00 1.87948763e-01 7.66748309e-01
    1.36032271e+00 9.59281921e-01 -2.22124279e-01 5.04825354e-01
    5.08214235e-02 4.45879340e-01 -6.17692113e-01 1.64830279e+00
    3.84813547e-03 1.54254770e+00 9.50902104e-01 2.30784059e-01
    1.23323870e+00 1.17203856e+00 3.09400082e-01 -6.45133615e-01
    -6.51378810e-01 1.64985394e+00 1.20860648e+00 1.11831188e+00
    1.22484875e+00 3.75155509e-01 1.31189203e+00 3.88923287e-01
    8.73447835e-01 6.56057596e-01 6.46445215e-01 -4.81776118e-01
    1.51471150e+00 4.52896178e-01 -7.82755017e-02 9.89625812e-01
    1.78699923e+00 8.12768698e-01 1.57238626e+00 -2.08632708e-01
    8.86005402e-01 9.14553046e-01 1.11187887e+00 7.43697762e-01
    1.43440139e+00 -2.19946519e-01 9.34654713e-01 8.77228260e-01
    1.83749855e-01 -2.41638422e-02 1.68167615e+00 2.91810513e-01
    3.87742102e-01 1.67906404e+00 -7.42413521e-01 1.25205827e+00
    5.41143000e-01 1.27404428e+00 1.54374063e-01 3.56483161e-01
    -5.93707740e-01 -6.76060319e-01 1.18168008e+00 4.55456316e-01
    -4.79611605e-01 1.42733681e+00 1.66848195e+00 6.02237105e-01
    -2.21917033e-02 -6.10989928e-02 7.93689430e-01 -7.34928608e-01
    1.44222069e+00 1.51739419e-01 -4.45770234e-01 2.62826860e-01
    7.32527852e-01 -3.39831710e-02 -3.47307056e-01 -9.31613445e-02
    4.17307198e-01 1.31027865e+00 -5.73462009e-01 -5.52278519e-01
    8.53888273e-01 8.66611004e-02 5.08970320e-01 1.22504890e+00
    -2.74171323e-01 7.08038211e-02 -5.31723797e-01 1.06720400e+00
    -7.49573112e-02 3.06724966e-01 1.58647561e+00 -7.82891572e-01
    -7.72177577e-01 1.17056036e+00 -1.02040410e-01 2.05083132e-01
    5.99440813e-01 5.60362935e-01 1.18535054e+00 1.31286693e+00
    4.52519059e-02 1.01916170e+00 2.20981240e-02 -7.58659661e-01
    1.09200788e+00 1.03886092e+00 1.77102029e-01 -3.66606891e-01
    1.73479891e+00 -5.69136322e-01 1.47910643e+00 1.26085472e+00
    8.72182310e-01 -1.20136559e-01 -2.18872249e-01 1.54148364e+00
    7.82380700e-02 1.06726325e+00 3.54806185e-01 -1.31641626e-01
    -3.88942599e-01 8.35808992e-01 -7.11239696e-01 5.63807011e-01
    1.07046604e-01 1.30920982e+00 6.23779535e-01 1.19390285e+00
    1.58890462e+00 4.35983419e-01 1.45317507e+00 -4.45639491e-02
    2.91930318e-01 -6.78061247e-02 -1.37435257e-01 -1.29097462e-01
    1.54960358e+00 1.14344358e+00 1.79989576e-01 4.33839560e-01
    7.25410581e-01 1.06812572e+00 1.66725731e+00 8.52254808e-01
    3.59114826e-01 1.68669772e+00 -6.26659334e-01 1.16022182e+00
    -5.62255383e-01 -5.47153234e-01 1.68554759e+00 1.31182480e+00
    1.54072547e+00 -1.04290366e-01 2.65864372e-01 8.23038638e-01
    7.48158813e-01 1.53796709e+00 2.24883258e-01 1.42740726e+00
    3.78673017e-01 -2.14133680e-01 -6.60338998e-01 1.54454148e+00
    1.16765833e+00 1.07288826e+00 1.57433569e+00 -5.40872157e-01
    -7.50528276e-01 -1.56109810e-01 6.23869479e-01 -3.32063287e-01
    1.00874078e+00 7.80454695e-01 1.17943203e+00 -3.91111374e-01
    1.42752242e+00 -3.65927905e-01 -7.28997171e-01 1.20798421e+00
    1.69822359e+00 3.80594790e-01 -7.31979012e-01 -8.66143107e-02
    -5.19088328e-01 -3.45450580e-01 3.40277195e-01 4.66116369e-01
    -4.44090515e-01 9.57468450e-01 9.59706843e-01 -2.41725743e-01
    7.50705004e-01 6.81175232e-01 1.01940620e+00 1.04547405e+00
    8.79830897e-01 -2.57510215e-01 -6.80499136e-01 5.69406331e-01
    1.59123397e+00 1.11200368e+00 1.73402905e+00 7.15417564e-01
    9.58582938e-01 6.57452106e-01 1.53745234e-01 1.74126661e+00
    -3.91861230e-01 3.83749008e-01 -3.56258750e-02 1.68249679e+00
    6.40021205e-01 8.59652758e-01 -4.38879639e-01 1.00181484e+00
    1.61450100e+00 -2.28197575e-02 1.32305896e+00 4.65057075e-01
    -2.47759402e-01 8.51379216e-01 6.22538984e-01 -4.74475145e-01
    -3.88649881e-01 1.60798669e+00 -6.36347711e-01 -3.01996201e-01
    9.82781053e-01 3.83646846e-01 1.00850034e+00 1.74821115e+00
    6.21436536e-01 4.24604893e-01 7.42210865e-01 -7.49869823e-01
    -3.08604836e-02 7.70350158e-01 7.36182928e-02 2.97967553e-01
    -1.90901756e-02 -3.97382766e-01 1.65940344e-01 1.45139456e+00
    1.58280993e+00 -6.85572684e-01 3.53686571e-01 1.54052317e+00
    1.75207877e+00 1.61471653e+00 1.11785471e+00 5.41708052e-01
    -5.24358034e-01 1.72744107e+00 1.29060411e+00 -1.01083815e-01
    1.09653807e+00 6.09997034e-01 1.51228905e+00 1.63248825e+00
    -3.08929682e-01 -2.50503063e-01 4.82349753e-01 -6.80432320e-02
    6.05982542e-01 -3.47791523e-01 -6.92832053e-01 -3.04407209e-01
    9.89634991e-02 7.12894142e-01 4.31087852e-01 9.86326098e-01
    5.46611607e-01 1.60945272e+00 1.28954279e+00 -2.02862620e-01
    4.13395107e-01 4.00073111e-01 1.41689682e+00 6.74147964e-01
    1.60871840e+00 3.21365356e-01 6.15052998e-01 -6.73146009e-01
    -2.21117258e-01 -4.91656780e-01 -1.05441630e-01 8.63589287e-01
    1.33183241e+00 -1.17809057e-01 -1.93385124e-01 5.81185937e-01
    1.93626511e+00 1.56449604e+00 9.22138691e-02 1.86540830e+00
    2.00323939e-01 1.70299649e+00 1.56207275e+00 -2.51210958e-01
    7.73218155e-01 1.83893204e+00 1.38987136e+00 8.17864954e-01
    -6.68288469e-01 1.44521582e+00 1.23756289e+00 1.59494591e+00
    4.61793542e-02 1.60897243e+00 1.67574668e+00 9.31904972e-01
    5.50326049e-01 1.64933324e+00 1.07114208e+00 7.41350889e-01
    -4.77042407e-01 1.45813346e+00 -3.92759264e-01 7.52615273e-01
    1.32739031e+00 8.74375999e-01 4.71810699e-02 -1.94574594e-02
    7.58439541e-01 -2.04666317e-01 1.99964225e-01 1.47122383e+00
    -5.72473824e-01 -7.11254001e-01 1.55260074e+00 1.72857451e+00
    1.38985682e+00 -5.30631661e-01 8.00537467e-02 1.35730231e+00
    -2.37367690e-01 3.71820331e-02 -3.26335430e-02 1.58063674e+00
    -5.63088298e-01 8.83479118e-02 -6.24173999e-01 -1.62134767e-01
    1.48007345e+00 -7.83605218e-01 -7.34515369e-01 3.15619290e-01
    1.34316087e+00 1.02709603e+00 1.12409115e+00 -4.23708677e-01
    7.14125514e-01 7.15383112e-01 1.18102038e+00 -6.29743934e-01
    3.07360888e-02 1.39917147e+00 6.62202775e-01 6.32008612e-01
    -5.66910267e-01 6.13376856e-01 -2.20496953e-01 2.96076715e-01
    6.83366120e-01 2.11670458e-01 1.37081742e+00 4.39259946e-01
    1.34020734e+00 -1.10651851e-01 -6.78266227e-01 8.86622548e-01
    1.59422421e+00 9.05968606e-01 -6.57247066e-01 1.40572894e+00
    4.28974271e-01 -3.67902130e-01 7.16995358e-01 9.68715370e-01
    1.17498255e+00 1.36933863e-01 5.15704632e-01 2.28572309e-01
    1.92547202e-01 1.89980805e-01 1.40281320e+00 -5.70263028e-01
    8.19422662e-01 -6.80579305e-01 2.54767537e-02 -5.94476640e-01
    1.11479044e+00 6.21508658e-01 1.63231325e+00 4.52572405e-01
    3.06298494e-01 -6.61976814e-01 1.14455831e+00 9.60249305e-02
    -5.25257349e-01 5.02223432e-01 1.09715688e+00 1.60381818e+00
    9.77464497e-01 -2.98128843e-01 1.09395027e+00 3.54945660e-01
    -8.95611644e-02 -2.29385555e-01 4.40181494e-02 6.26983941e-01
    1.70446944e+00 1.72144890e+00 1.57264829e-01 1.13158941e-01
    -6.78462088e-01 5.91998696e-01 7.30784178e-01 -5.17485261e-01
    7.34891057e-01 9.58791554e-01 1.38731599e-02 -4.43348855e-01
    -3.11583370e-01 1.06958032e-01 3.23694825e-01 1.27141082e+00
    2.26720512e-01 5.40726066e-01 -2.30118096e-01 1.72137165e+00
    7.76565075e-03 1.17909217e+00 1.53321242e+00 5.19933343e-01
    -5.81547022e-02 1.67207479e-01 -3.14336687e-01 -1.10453367e-03
    1.75203800e-01 3.42045009e-01 1.45938683e+00 1.51143622e+00
    1.66954994e+00 -1.66098714e-01 1.07494819e+00 2.45295107e-01
    1.71944976e-01 1.05320334e-01 -4.11096960e-01 9.31870937e-02
    3.06709468e-01 -5.01048386e-01 -4.18401957e-02 1.29484248e+00
    6.82536423e-01 1.34365022e-01 4.84428942e-01 3.91052961e-02
    1.64190567e+00 1.58816957e+00 -8.38075280e-02 1.64605081e-01
    1.97211564e-01 6.39286757e-01 -6.73691273e-01 1.38584042e+00
    1.05054712e+00 3.71261895e-01 1.09946024e+00 1.25479245e+00
    1.59555769e+00 -6.59387231e-01 9.70551312e-01 9.00631666e-01
    -4.05882090e-01 -4.30480272e-01 8.42147052e-01 1.16113877e+00
    7.07668841e-01 9.81876671e-01 -5.82866073e-01 1.52469683e+00
    6.75298035e-01 1.40767479e+00 8.01441371e-01 -6.48108184e-01
    3.37359607e-01 -1.49091482e-01 1.37798166e+00 8.41637194e-01
    -4.40000981e-01 -2.21688032e-01 5.30209959e-01 -5.72507381e-01
    1.27932227e+00 3.33327055e-03 1.57128930e+00 1.65552044e+00
    -1.98693275e-01 2.97075927e-01 1.42864990e+00 1.44099569e+00
    3.73333335e-01 2.10858226e-01 -5.28836727e-01 1.31748068e+00
    2.83266783e-01 1.44009233e+00 8.91895652e-01 -2.33411789e-03
    -4.75885719e-01 -3.84275496e-01 4.95144606e-01 4.04249430e-02
    -4.87331510e-01 1.07697594e+00 1.42066312e+00 -3.96212876e-01
    -4.83795911e-01 4.21255529e-01 3.10085297e-01 7.73955882e-01
    -2.35141039e-01 -2.84999162e-01 1.62922573e+00 -2.73649216e-01
    1.28434730e+00 8.13505948e-01 -3.47959995e-01 3.46265018e-01
    5.97839057e-01 -1.98686361e-01 -3.19224566e-01 3.24639916e-01
    5.85624933e-01 -4.76479053e-01 1.21494150e+00 -6.25481606e-01
    -2.32953608e-01 -2.33951271e-01 6.99812353e-01 1.77063847e+00
    3.52483273e-01 1.73701191e+00 -4.31758881e-01 -2.14460760e-01
    1.77998161e+00 4.77838010e-01 1.92789209e+00 4.52184409e-01
    1.13586950e+00 -3.87180567e-01 7.67482281e-01 -4.93485630e-01
    1.00274158e+00 1.84840131e+00 6.86936259e-01 5.90254009e-01
    1.20608282e+00 7.95116246e-01 7.27216125e-01 7.59583414e-01
    -7.63393342e-01 1.28025019e+00 -4.47067052e-01 5.13932526e-01
    5.99168539e-01 -5.83139896e-01 -1.77765369e-01 1.00831950e+00
    -6.97503209e-01 6.29222393e-01 -1.73308313e-01 -6.83925986e-01
    1.30175292e-01 1.35446739e+00 8.61871839e-01 1.41720390e+00
    -2.53837109e-01 5.50919890e-01 -2.04427719e-01 9.61937070e-01
    8.13194275e-01 1.34714174e+00 3.24538469e-01 8.31366897e-01
    -5.07069826e-01 5.45142174e-01 -2.91593999e-01 1.35113025e+00
    1.06416821e+00 1.28174257e+00 -6.85504615e-01 -1.19635284e-01
    1.08695555e+00 -4.27883327e-01 -5.86183846e-01 1.23200488e+00
    8.31116736e-01 -3.59996498e-01 5.29482782e-01 1.03128695e+00
    -3.31024140e-01 1.42991567e+00 4.73716259e-01 1.40160465e+00
    -7.83085108e-01 1.14104354e+00 -6.69395268e-01 -3.93783420e-01
    3.91911209e-01 1.52619267e+00 1.16302311e+00 7.66693473e-01
    1.29491878e+00 1.12794340e+00 -4.59397465e-01 9.04918075e-01
    -2.29361057e-01 1.52073908e+00 7.02989936e-01 5.12077034e-01
    9.26796138e-01 5.55960715e-01 -6.63811207e-01 3.84847820e-01
    1.68641186e+00 1.39287376e+00 -4.72111642e-01 -4.99804318e-01
    1.21095359e+00 1.04784417e+00 6.37611628e-01 1.51855087e+00
    1.30386019e+00 1.52020240e+00 4.36258614e-01 1.27318549e+00
    -7.13457465e-01 5.21680713e-02 -6.53652072e-01 1.13622510e+00
    -2.28570223e-01 1.50455654e-01 1.08117580e-01 1.35709441e+00
    1.26275873e+00 7.18466938e-01 -7.11255670e-02 -6.50131583e-01
    -3.16930115e-01 7.84972906e-01 1.34915757e+00 -1.53509200e-01
    1.53145707e+00 7.21812904e-01 3.63837123e-01 -1.39806271e-02
    -5.99162102e-01 -1.10640109e-01 1.40598261e+00 3.68886709e-01
    1.76673234e-01 4.28519487e-01 6.30462050e-01 2.55356789e-01
    1.29328847e+00 4.48662281e-01 -7.56242156e-01 1.52924263e+00
    1.42960763e+00 1.61727238e+00 1.45062482e+00 1.17179739e+00
    9.60072100e-01 -3.05639237e-01 4.81083393e-01 1.29197264e+00
    -1.21555269e-01 1.70697451e-01 1.48320353e+00 5.57855964e-02
    -5.66237271e-01 1.35891914e+00 -7.42159903e-01 7.32827961e-01
    5.65357745e-01 1.47344959e+00 1.28148293e+00 -7.34753191e-01
    -6.87839568e-01 5.56108952e-01 1.26065111e+00 -3.42654169e-01
    1.43525696e+00 9.48264480e-01 -5.49452543e-01 1.41675282e+00
    1.39111161e+00 1.15202212e+00 9.75762963e-01 1.33152127e-01
    -5.36976099e-01 7.19647586e-01 1.02176714e+00 -3.19343120e-01
    9.85823035e-01 -5.93235314e-01 -3.98026407e-01 -1.10636771e-01
    -2.80344993e-01 4.52290356e-01 1.10670054e+00 1.73215866e+00
    4.75906730e-02 7.46656120e-01 2.90990114e-01 -6.76895320e-01
    2.33374774e-01 -7.30832517e-01 7.86875129e-01 -3.00770998e-02
    1.53902793e+00 1.26984310e+00 -4.89011735e-01 8.19506407e-01
    1.54588819e+00 6.22885048e-01 5.07779241e-01 -4.79833096e-01
    -1.37100816e-01 -5.03580451e-01 2.65166342e-01 -2.88624734e-01
    1.72863066e-01 -1.79988623e-01 9.49521959e-01 6.03247881e-02
    1.54945374e-01 9.82791305e-01 8.31619143e-01 1.29434371e+00
    9.21557784e-01 6.18941426e-01 5.91759264e-01 3.98804307e-01
    -2.28259116e-01 -1.80654526e-02 9.35385942e-01 1.04612327e+00
    -5.90209365e-02 4.33452308e-01 1.44497991e+00 -5.05732536e-01
    7.22798288e-01 -2.43755817e-01 1.14173675e+00 -5.42847693e-01
    7.12236762e-01 3.95721674e-01 3.11804831e-01 1.22151232e+00
    2.56161928e-01 6.07889891e-02 -7.30532289e-01 8.74239683e-01
    -6.98411644e-01 5.57004392e-01 1.20602489e+00 -7.63074756e-02
    -1.01890445e-01 1.38225842e+00 1.51558518e-01 5.38979948e-01
    1.58765316e-01 9.30231810e-02 1.60428500e+00 1.81861639e-01
    2.02360213e-01 6.31583333e-02 9.90062177e-01 -3.90593588e-01
    1.18530393e+00 -6.59425616e-01 1.49292231e+00 8.96546364e-01
    4.46812391e-01 9.76339042e-01 -5.65593481e-01 -7.34214783e-01
    -8.60320330e-02 -1.13350689e-01 1.49966073e+00 1.25554991e+00
    1.49639249e+00 7.12163270e-01 2.12466419e-01 1.03091812e+00
    -1.29728615e-01 1.18323612e+00 -6.05944157e-01 1.26669240e+00
    -1.36262774e-01 4.25710797e-01 -1.01021409e-01 1.22972679e+00
    8.38513553e-01 -2.04498678e-01 1.03966975e+00 1.65692449e-01
    1.13596153e+00 -2.09199816e-01 1.79328418e+00 6.85692847e-01
    -4.65219140e-01 -6.46352172e-02 1.53156638e+00 8.86269629e-01
    5.50047934e-01 5.72265446e-01 -2.38249719e-01 3.02944899e-01
    -4.18716460e-01 9.70856369e-01 5.60906768e-01 1.41779304e+00
    1.43544078e+00 -6.92012548e-01 4.44396079e-01 1.54276490e+00
    1.37814403e-01 3.52207184e-01 1.20802462e-01 -1.34025514e-01
    1.86702311e-01 -1.54304087e-01 3.71381581e-01 1.65410876e+00
    1.72974944e-01 1.23321879e+00 2.14450479e-01 6.78362489e-01
    6.00525856e-01 1.41876280e+00 8.05570245e-01 2.77000010e-01
    1.69114125e+00 1.40271544e+00 1.35815430e+00 -3.37744564e-01
    1.56325865e+00 -1.47730768e-01 1.30857408e-01 3.49793613e-01
    8.94436240e-01 9.05554295e-01 1.08679986e+00 1.02690339e+00
    8.63913476e-01 1.60428286e-02 9.01696205e-01 4.85530317e-01
    -7.21524775e-01 -3.74867320e-02 1.35004723e+00 9.32957530e-01
    1.04500818e+00 -9.90427732e-02 9.09730256e-01 9.20564175e-01
    1.23927045e+00 -6.41464710e-01 -5.08163154e-01 1.06494546e+00
    9.51108932e-02 5.23141026e-02 2.19183326e-01 -6.48482561e-01
    8.80475104e-01 3.82830739e-01 -5.72810888e-01 1.93139493e-01
    4.81662571e-01 1.16468334e+00 1.40844631e+00 -2.39118040e-01
    -1.89624250e-01 -4.70428735e-01 1.37478125e+00 -5.50550818e-01
    6.67832971e-01 5.24447024e-01 1.25104535e+00 1.35695493e+00
    -9.74455476e-02 -6.18068814e-01 -3.49352539e-01 5.86158574e-01
    1.14019060e+00 3.26203525e-01 1.15668488e+00 -4.69109446e-01
    1.67594957e+00 -5.64386785e-01 9.15035009e-02 6.39164269e-01
    -4.93354350e-01 -3.95778358e-01 6.63141131e-01 1.30731106e-01
    1.01123607e+00 -4.96170163e-01 9.03754652e-01 1.53284240e+00
    -8.02431047e-01 6.29050553e-01 1.36369884e+00 1.47775471e-01
    1.52386475e+00 -5.66958070e-01 -5.00420630e-01 5.55708408e-01
    -8.82222652e-02 4.74585652e-01 6.79719567e-01 1.27957392e+00
    1.54702115e+00 1.00427008e+00 1.63054001e+00 1.60338497e+00
    -4.80246186e-01 1.35615575e+00 4.96780396e-01 2.91728675e-01
    2.58114457e-01 -3.79884899e-01 -5.24529457e-01 1.27594471e+00
    -2.39986718e-01 -2.78816998e-01 1.54520035e+00 7.32316852e-01
    -2.07182527e-01 1.53633213e+00 1.51957631e-01 1.62690747e+00
    1.20945036e+00 8.42685640e-01 8.78062844e-01 1.53144813e+00
    1.57846093e+00 6.66961908e-01 7.18237698e-01 1.61449099e+00
    1.31200171e+00 6.95939958e-01 -1.88448429e-02 -3.82436424e-01
    4.30362165e-01 7.82584727e-01 -5.80575824e-01 -5.19678175e-01
    5.41461051e-01 3.69303763e-01 9.35271621e-01 -4.81024325e-01
    -4.28289771e-02 -1.86229348e-02 -1.09346211e-01 5.39501071e-01
    -3.63442987e-01 1.34721828e+00 -5.01900315e-02 1.76612377e+00
    -1.35435402e-01 1.02727079e+00 -3.04891795e-01 -7.29126334e-01
    2.94197083e-01 -5.04378915e-01 1.71905017e+00 -3.83142889e-01
    3.37191820e-02 -4.80817825e-01 2.73953617e-01 5.02940774e-01
    5.19617379e-01 2.58531094e-01 7.71809220e-01 6.77917838e-01
    4.07411337e-01 1.52435160e+00 -7.11446643e-01 1.66606522e+00
    -6.26991093e-01 -4.81887400e-01 5.95835805e-01 1.14930558e+00
    -3.71917188e-01 9.25987065e-01 5.49225807e-02 5.81190467e-01
    1.75712919e+00 1.56661320e+00 1.02056396e+00 8.75401855e-01
    1.57457829e+00 1.21699584e+00 1.63060641e+00 5.87018549e-01
    -3.29124331e-02 1.40830612e+00 1.12699938e+00 -5.62714338e-01
    1.56125760e+00 1.30142617e+00 1.29069269e+00 7.07775652e-01
    1.55270767e+00 -6.59643352e-01 -3.72236997e-01 3.07931006e-01
    1.18256378e+00 7.95860469e-01 1.09599900e+00 -6.74594700e-01
    1.32146144e+00 -4.83424902e-01 7.41618872e-01 1.71997428e+00
    6.18996501e-01 1.25916064e+00 1.18407631e+00 6.40176177e-01
    -3.51472378e-01 7.97927976e-01 4.51510012e-01 -5.02089500e-01
    1.19581151e+00 1.23421550e+00 6.71135843e-01 8.39370430e-01
    2.32282341e-01 4.18106318e-01 4.46304679e-01 -3.92103255e-01
    1.11036181e+00 1.69796205e+00 -6.62399888e-01 5.69197237e-01
    7.72539556e-01 1.47052407e+00 3.20117176e-01 1.32851362e-01
    -2.97725797e-02 1.73111963e+00 -5.02178252e-01 2.19003737e-01
    1.61860311e+00 9.19991136e-01 4.66935217e-01 -2.69688725e-01
    8.86268497e-01 8.43593240e-01 9.33032393e-01 1.03708375e+00
    2.27584779e-01 5.74352205e-01 7.94360995e-01 -3.58525872e-01
    1.54472589e+00 1.24662256e+00 9.66218710e-01 -6.17784739e-01
    1.16122866e+00 -4.40780520e-02 3.27467322e-01 5.91330349e-01
    1.56319511e+00 6.47288084e-01 8.18857133e-01 2.12491095e-01
    2.88164616e-01 1.11873090e+00 3.43131423e-01 1.08942747e+00
    5.34655333e-01 1.30502594e+00 -2.33069241e-01 4.56938386e-01
    1.27738190e+00 1.56578612e+00 2.79779494e-01 -6.85296059e-01
    -2.64794201e-01 9.50871289e-01 9.65018332e-01 3.90942693e-01
    1.21000910e+00 -2.29678094e-01 -4.54765111e-01 1.70738411e+00
    -4.93260086e-01 1.58082962e+00 1.59533417e+00 -6.13585234e-01
    1.21602774e-01 -6.68456852e-01 1.66908514e+00 1.47391975e-01
    -1.12615407e-01 1.97300792e-01 -6.36714995e-01 -2.13010907e-01
    5.53774297e-01 -1.27336323e-01 1.49641395e+00 -2.90694833e-01
    3.68995011e-01 4.20139730e-01 2.98746109e-01 1.22056007e+00
    2.77769744e-01 2.47902393e-01 4.66096818e-01 1.66962683e-01
    1.33651423e+00 8.84467840e-01 8.86681557e-01 6.07464552e-01
    2.10904896e-01 -1.71446621e-01 2.52982199e-01 9.75009084e-01
    1.03163147e+00 6.38028741e-01 7.93150663e-02 1.81026936e-01
    1.54695976e+00 -4.94554430e-01 3.67456257e-01 1.65213561e+00
    6.66361690e-01 5.02453685e-01 1.38615549e+00 1.21932960e+00
    5.30904889e-01 -1.43845081e-02 1.25755405e+00 5.60706854e-01
    1.00780487e+00 -6.35709703e-01 6.71671629e-01 1.58537436e+00
    1.22464287e+00 2.12946594e-01 1.67566609e+00 1.21132112e+00
    5.51953316e-01 -1.92959547e-01 9.43174779e-01 -4.76415843e-01
    -5.94625413e-01 1.13073945e-01 8.97779942e-01 -4.12140131e-01
    2.40271926e-01 -1.74680948e-02 8.88046384e-01 2.33973324e-01
    4.50254261e-01 6.07231498e-01 6.51428998e-01 4.93323624e-01
    7.55754948e-01 5.17997563e-01 1.46327972e+00 1.42134202e+00
    3.59695852e-01 1.20683956e+00 3.49826336e-01 1.48071253e+00
    1.09679055e+00 3.64969194e-01 -1.66863263e-01 1.18711495e+00
    2.10922718e-01 9.62319374e-02 1.33914304e+00 9.08222437e-01
    5.11533320e-01 7.56632924e-01 6.82949424e-02 1.53794575e+00
    9.34327722e-01 -3.64866257e-02 -7.20600665e-01 -6.44210696e-01
    -2.29955673e-01 -1.13041162e-01 -2.72309005e-01 1.36475611e+00
    -6.23773217e-01 -2.69562602e-01 1.24003434e+00 -1.81042075e-01
    9.79374886e-01 8.19374979e-01 9.31818902e-01 8.42235386e-01
    1.34314919e+00 3.44456553e-01 -2.34944105e-01 1.27870476e+00
    -2.67711729e-01 1.66020739e+00 -2.15385854e-01 -2.19554365e-01
    -4.14237440e-01 1.83201253e-01 1.07831359e+00 -3.14170331e-01
    -3.19074750e-01 4.89493132e-01 9.34336007e-01 1.49664640e+00
    -2.21961737e-03 8.83609772e-01 8.86786580e-02 -4.70335960e-01
    4.68870282e-01 1.57441998e+00 1.18673468e+00 1.67199075e+00
    1.39105797e-01 1.13945150e+00 1.81569934e-01 1.16467714e-01
    -4.25516337e-01 -4.33558702e-01 1.41846657e+00 -2.78674543e-01
    1.58417356e+00 1.55931294e-01 1.16561675e+00 7.47332335e-01
    -2.22495914e-01 -4.68944222e-01 1.31389654e+00 6.72732830e-01
    1.51759589e+00 3.01864862e-01 6.09031916e-02 7.36980200e-01
    -5.40703893e-01 -1.72747970e-02 1.74741375e+00 2.60172665e-01
    2.95617700e-01 1.90563619e-01 -2.03099787e-01 1.58477473e+00
    -1.88717782e-01 -1.14357293e-01 2.65938520e-01 4.80600834e-01
    2.12908626e-01 6.86614633e-01 1.60999632e+00 1.48814642e+00
    8.36773455e-01 7.07770884e-01 9.68196511e-01 1.73220658e+00
    -2.35090256e-02 1.02140951e+00 5.02818823e-02 2.92952597e-01
    2.24013507e-01 -4.29938644e-01 9.12009001e-01 1.04790449e+00
    1.74107051e+00 -6.08998299e-01 1.50381505e-01 1.57775259e+00
    1.22689033e+00 1.57737911e+00 1.14990711e+00 -4.06485051e-01
    5.14101207e-01 -1.52848184e-01 5.89541435e-01 6.27401888e-01
    -4.98320311e-01 9.90673065e-01 1.70013845e+00 1.20906806e+00
    2.10665762e-01 1.56157839e+00 6.72250867e-01 8.14721644e-01
    1.29132843e+00 -2.92757452e-01 -5.00946164e-01 -5.11900187e-01
    1.36222160e+00 3.74581158e-01 -7.76439905e-03 -6.43286288e-01
    5.27277410e-01 7.16494262e-01 2.36643970e-01 2.16651559e-02
    1.93225098e+00 1.11790347e+00 1.54751670e+00 1.52109778e+00
    1.76297814e-01 8.68034482e-01 1.96900237e+00 1.33866787e+00
    2.65192628e-01 1.46854091e+00 6.83147788e-01 1.13462210e+00
    -4.45389360e-01 -3.96778882e-01 1.24402165e-01 6.42055273e-02
    -6.46118641e-01 -4.23282057e-01 1.41786361e+00 1.03739595e+00
    -5.73541045e-01 1.55343485e+00 9.99856591e-02 -4.33708429e-02
    6.53579950e-01 1.02936804e+00 -8.23940039e-02 9.11450207e-01
    1.47744870e+00 1.78171396e-01 5.30588627e-02 -1.94294512e-01
    4.55887914e-01 -4.25066978e-01 1.66119838e+00 -1.70191705e-01
    8.03250730e-01 1.72003341e+00 1.46396065e+00 5.20872116e-01
    -1.83727741e-02 1.27166653e+00 1.32079911e+00 1.96948409e-01
    2.18468606e-01 1.74448836e+00 1.74094069e+00 8.71455729e-01
    3.83767247e-01 1.03455973e+00 1.70526218e+00 1.09881985e+00
    1.58393431e+00 1.34749317e+00 -2.27690697e-01 -3.49651873e-01
    7.42738426e-01 8.63722503e-01 9.40469325e-01 8.64859581e-01
    -6.21999741e-01 1.15524864e+00 2.59919941e-01 -5.36768496e-01
    -6.53013349e-01 1.36793566e+00 1.61288738e+00 5.47199070e-01
    -4.92364198e-01 1.30577886e+00 6.65316224e-01 1.40515542e+00
    -2.59674788e-01 -4.25063163e-01 -5.29943466e-01 -3.00643712e-01
    -7.35252321e-01 3.70868564e-01 -1.16226315e-01 1.35343790e+00
    6.88692629e-01 -4.48226869e-01 1.32361126e+00 5.98850965e-01
    1.13114285e+00 -3.18990886e-01 9.38408375e-02 -2.39896774e-01
    1.03937185e+00 5.37273884e-01 5.42694926e-01 2.80355930e-01
    1.29821444e+00 3.82156193e-01 1.33284736e+00 3.17848623e-01
    8.74821961e-01 1.34652257e-02 8.95517707e-01 -1.29796028e-01
    2.89895535e-01 7.86644042e-01 7.14724362e-01 1.22703433e+00
    2.26549268e-01 1.34906113e-01 1.35014844e+00 7.22824574e-01
    1.26567817e+00 2.70640135e-01 1.58185685e+00 3.75100434e-01
    1.12927365e+00 4.07737553e-01 4.44923282e-01 1.08375549e-01
    3.50996256e-02 8.23622763e-01 9.94869411e-01 1.00582838e+00
    1.70346689e+00 1.02133870e+00 -5.67623138e-01 -4.95285600e-01
    1.57210207e+00 1.39566660e-01 9.84727442e-01 7.68965065e-01
    1.09086227e+00 -4.21070397e-01 1.62460053e+00 9.96967614e-01
    -2.89794236e-01 1.04619014e+00 -3.52828652e-01 1.01347768e+00
    1.47607446e-01 1.05050254e+00 9.86054540e-01 9.38874722e-01
    1.67957091e+00 9.00462508e-01 -4.07651663e-01 6.96436465e-01
    4.52658832e-01 2.81920016e-01 1.66847587e+00 1.11375952e+00
    1.69567466e+00 1.43442154e+00 2.38190770e-01 -3.17159534e-01
    1.56189978e-01 -1.97828352e-01 -1.87307596e-03 1.66348982e+00
    8.76786768e-01 4.60261405e-01 1.78895283e+00 3.52736235e-01
    1.49984467e+00 9.68860447e-01 -6.84128881e-01 1.08551502e+00
    1.74967122e+00 5.28036475e-01 -1.93340003e-01 1.06015015e+00
    1.46405315e+00 6.51106298e-01 4.63389754e-02 -4.99282002e-01
    3.61748815e-01 -5.93383193e-01 1.69198620e+00 -3.39728087e-01
    -3.75697613e-02 -6.97743773e-01 7.23891258e-02 1.29143286e+00
    1.19883740e+00 -3.23102444e-01 4.78490591e-02 -2.16392934e-01
    1.49302554e+00 1.62500441e-01 -3.10570866e-01 -1.58334970e-01
    -2.26030588e-01 -5.27808428e-01 8.77807438e-01 1.22474086e+00
    1.09125686e+00 1.57793605e+00 4.44170117e-01 5.19185126e-01
    1.68295455e+00 -5.91568112e-01 -2.96033025e-01 -3.36806774e-02
    1.19326758e+00 -5.12193084e-01 8.65809739e-01 1.70519900e+00
    -5.09412766e-01 1.04813933e-01 -5.18247485e-01 3.98103118e-01
    -2.03668892e-01 1.66150689e+00 1.23834085e+00 3.17571402e-01
    3.69819939e-01 8.35428476e-01 -7.50565827e-01 1.20235324e+00
    -1.32653177e-01 -6.85075283e-01 5.30730009e-01 1.03353906e+00
    8.63053799e-02 1.69970989e+00 1.83712244e-01 1.50068307e+00
    1.46562219e+00 -3.57361794e-01 8.14436555e-01 2.20960975e-02
    1.72650075e+00 1.12911475e+00 8.16387832e-01 -7.52818406e-01
    1.56982946e+00 -1.22696757e-02 7.64230311e-01 4.16186035e-01
    -1.02144122e-01 9.71703291e-01 1.43809891e+00 -4.75358486e-01
    -2.01413393e-01 1.61516404e+00 -4.97991204e-01 9.34082091e-01
    -2.10879564e-01 -4.47813749e-01 1.37013459e+00 -3.79712343e-01
    1.53902531e+00 1.58849072e+00 -5.30349851e-01 -5.93477190e-01
    3.49769354e-01 3.25115919e-02 5.62918007e-01 3.77551258e-01
    5.80344439e-01 -4.20766324e-01 1.66294813e+00 9.25573230e-01
    6.20744586e-01 1.22551799e+00 -3.47611904e-01 1.59923792e+00
    5.33649921e-02 9.02921438e-01 8.46385241e-01 -7.39327550e-01
    -4.67613459e-01 9.33564663e-01 1.63621664e+00 1.07795370e+00
    -4.11214828e-01 -6.31128550e-02 1.55098915e-01 -6.98290050e-01
    1.10094476e+00 1.31085217e+00 -5.71349502e-01 1.46588922e-01
    1.69939470e+00 1.49910116e+00 2.23006189e-01 2.69939721e-01
    5.45615375e-01 1.02146375e+00 1.40342689e+00 4.71145391e-01
    4.55965996e-01 -6.59511685e-02 1.29582858e+00 -4.87723291e-01
    2.35340714e-01 5.56065559e-01 -2.02989161e-01 1.57310152e+00
    1.52687192e+00 4.27641988e-01 1.46651745e-01 1.01337016e+00
    8.05504620e-01 1.40454054e-01 5.70352733e-01 -4.22224343e-01
    5.26808202e-01 8.82026255e-01 1.28841972e+00 1.69924080e+00
    1.06868529e+00 1.04949021e+00 7.02740014e-01 7.58642495e-01
    1.00775540e+00 1.56900382e+00 -6.94739461e-01 1.25122237e+00
    6.99322939e-01 -7.39354610e-01 -3.89512032e-01 -2.79860020e-01
    2.21955001e-01 1.60128260e+00 -3.02557677e-01 7.63215899e-01
    -4.16080981e-01 1.47529578e+00 -4.84190583e-02 -2.43117213e-01
    1.16464686e+00 2.52710998e-01 1.39252806e+00 -5.39443910e-01
    7.97570705e-01 7.74380386e-01 9.87401187e-01 4.54187095e-01
    -5.76096117e-01 1.44671535e+00 8.74732256e-01 -1.26759470e-01
    -1.40005350e-01 2.39472389e-01 -1.43147886e-01 1.31009102e+00
    -6.20491683e-01 -1.84095204e-01 6.30237103e-01 9.76283789e-01
    3.29240382e-01 6.88357174e-01 -1.21663153e-01 1.03751028e+00
    1.43029571e+00 1.74422061e+00 5.29147208e-01 2.24110484e-02
    -4.61493671e-01 -3.02105665e-01 2.27341235e-01 -2.21623182e-01
    1.46745598e+00 7.46045530e-01 7.54120171e-01 1.18200946e+00
    1.48705316e+00 7.69448400e-01 -4.75382626e-01 1.71574295e+00
    1.43588650e+00 -2.27698624e-01 1.50970960e+00 -2.56968856e-01
    6.32955670e-01 4.20324981e-01 -2.92260081e-01 1.01727724e+00
    5.02949476e-01 -1.57494783e-01 5.54576874e-01 1.04592633e+00
    -5.02529621e-01 -1.47332370e-01 9.32944119e-01 4.96934414e-01
    -7.22790718e-01 3.76997709e-01 1.26585340e+00 1.64674103e-01
    -4.88584489e-01 5.07809341e-01 1.12132990e+00 1.65742970e+00
    -6.28666520e-01 1.60719323e+00 1.49010885e+00 -3.96933913e-01
    2.14233398e-02 -1.11720562e-02 8.62127483e-01 1.57566929e+00
    1.40403605e+00 1.31323671e+00 -6.40596151e-02 1.08909225e+00
    1.09833264e+00 1.02904618e+00 1.30274343e+00 1.47258782e+00
    7.49547601e-01 -4.17434305e-01 1.06601238e+00 1.30423009e+00
    4.68252718e-01 2.14440763e-01 -4.27189797e-01 6.00196958e-01
    7.36361742e-01 -3.29407603e-01 1.68322229e+00 7.08958089e-01
    1.22608209e+00 -5.34834027e-01 7.52671003e-01 -6.81392968e-01
    -5.78747749e-01 4.76429403e-01 -3.90053391e-02 6.13548458e-01
    1.71673393e+00 4.32084799e-02 5.70835352e-01 -1.78266227e-01
    2.85227537e-01 6.67636037e-01 1.57355297e+00 1.06216216e+00
    -5.96884608e-01 1.44150150e+00 -4.25422788e-02 -1.88317358e-01
    1.15675783e+00 1.14851093e+00 1.31939590e-01 4.72271442e-02
    7.88107753e-01 6.70837939e-01 -2.63555616e-01 4.71632302e-01
    -1.29387438e-01 1.77817154e+00 9.46003079e-01 8.41101110e-01
    1.38808906e-01 -2.94052362e-02 8.38925958e-01 -2.94808358e-01
    -5.37522376e-01 3.96831453e-01 -2.30448425e-01 -5.40627599e-01
    1.76339960e+00 3.80590558e-01 5.94016552e-01 -1.30741775e-01
    1.43290210e+00 9.16370928e-01 -5.61291456e-01 1.26086330e+00
    -4.75092143e-01 1.98843896e-01 7.02898800e-01 6.30071759e-01
    1.08706951e+00 6.38656020e-02 -6.37883306e-01 -5.19531250e-01
    -6.41408443e-01 1.45228243e+00 -2.00961828e-01 -1.65510774e-02
    2.57918715e-01 2.38875806e-01 -2.68262476e-01 4.99094784e-01
    1.68611431e+00 9.65494871e-01 8.24877143e-01 -6.23107076e-01
    1.01336026e+00 6.62671924e-01 -1.66993439e-01 -3.00286531e-01
    8.51091564e-01 -1.72685385e-01 1.75185978e+00 1.75213420e+00
    -5.59732378e-01 -1.96176291e-01 1.12688780e+00 4.73366559e-01
    -2.36053050e-01 3.75608027e-01 1.76091039e+00 5.19669056e-01
    8.89197707e-01 5.51214516e-01 -3.34319264e-01 1.04166055e+00
    8.30267072e-01 6.12342715e-01 3.15766752e-01 -1.64795339e-01
    -2.50407875e-01 1.39818823e+00 4.16746378e-01 1.76062822e+00
    1.92493868e+00 8.39625597e-01 -1.99712783e-01 1.70515811e+00
    7.76560485e-01 3.45887244e-01 -1.71711802e-01 9.18065906e-01
    6.80880964e-01 1.65909195e+00 1.56277299e+00 5.76182723e-01
    -7.12875724e-01 -1.84432626e-01 2.24941373e-02 -6.84293509e-01
    4.86425579e-01 1.31523085e+00 1.85414374e-01 2.52211690e-02
    8.91075909e-01 5.37614226e-01 8.91894579e-01 -2.28646338e-01
    9.45649743e-02 1.04644477e+00 7.23518670e-01 -4.63386357e-01
    -7.01600373e-01 2.20794261e-01 -2.89220750e-01 1.34109735e+00
    -2.94533670e-01 1.42161834e+00 9.01807070e-01 1.53268826e+00
    -4.20481741e-01 1.42978191e-01 6.98363245e-01 1.01754856e+00
    -2.87022203e-01 1.39687037e+00 -5.66763282e-01 7.51848221e-02
    1.02376223e+00 -6.09124184e-01 -1.41778588e-02 6.21910691e-02
    1.63051558e+00 5.04942775e-01 -1.19483769e-01 1.60579622e-01
    1.66885686e+00 1.39979410e+00 3.33339691e-01 9.90963578e-02
    4.21532631e-01 -4.58538532e-01 -7.06848264e-01 1.52868164e+00
    6.68702126e-02 8.97903323e-01 2.88502455e-01 2.44658232e-01
    -3.31301808e-01 -4.30339456e-01 7.12198615e-01 1.53335583e+00
    1.58350790e+00 -6.91472828e-01 1.54854655e+00 9.54127073e-01
    -2.56760240e-01 3.18440139e-01 1.19756377e+00 -2.21816838e-01
    -6.74458861e-01 6.10187769e-01 5.84512353e-01 1.59295869e+00
    2.27204740e-01 4.87607658e-01 -6.51526988e-01 -1.26507938e-01
    1.22186637e+00 1.05758536e+00 1.33511066e+00 2.19552219e-01
    -1.56208456e-01 -4.95339632e-01 5.87251782e-01 5.98233759e-01
    1.56964624e+00 1.28946722e-01 1.86131537e-01 1.69111466e+00
    1.51700914e+00 -1.33518875e-01 1.39282453e+00 3.70370150e-02
    1.20387971e-01 -3.62242639e-01 -5.27883291e-01 1.22081017e+00
    -4.45694923e-02 8.61341000e-01 1.23663425e+00 7.46359050e-01
    1.60749030e+00 2.87057161e-02 8.83443952e-02 6.22088552e-01
    1.58023334e+00 1.46296310e+00 6.42073750e-02 -1.13543034e-01
    1.62115502e+00 -5.31020164e-02 -3.91301990e-01 -6.84919357e-02
    -2.63122320e-02 -4.93741274e-01 7.54391551e-01 7.88351059e-01
    1.20025551e+00 -4.59233612e-01 1.65904129e+00 6.11300826e-01
    8.27921271e-01 8.09829354e-01 -2.15648293e-01 -1.75730765e-01
    5.59088886e-01 2.35127091e-01 6.57119930e-01 -3.08442891e-01
    -4.96254236e-01 4.10291970e-01 4.17050123e-02 1.19353461e+00
    1.04074752e+00 -7.61367083e-02 4.52282131e-01 2.08026767e-01
    -2.47104168e-01 -2.18094409e-01 -4.99555856e-01 -4.15488094e-01
    7.38494754e-01 8.95183504e-01 6.43521607e-01 2.11924493e-01
    6.73887670e-01 -4.76566374e-01 1.09674406e+00 5.79126477e-01
    7.20215440e-02 1.11656785e+00 1.96802318e-01 5.29322147e-01
    1.45959306e+00 -4.88348424e-01 1.91684723e-01 -3.20067942e-01
    1.33944345e+00 -4.47612584e-01 -4.24443573e-01 1.23672676e+00
    3.08904827e-01 1.40030646e+00 1.27416730e+00 2.89895535e-02
    1.64148033e+00 -4.38741773e-01 8.23758721e-01 -4.62950259e-01
    6.03886247e-02 9.19871926e-02 1.14081919e+00 1.35007572e+00
    1.73451149e+00 1.09998155e+00 5.89020252e-01 1.49243116e+00
    -1.69113398e-01 1.75185251e+00 6.50430858e-01 1.62805295e+00
    -1.31817460e-01 2.17291057e-01 1.51201069e+00 -3.65143418e-02
    -3.15714180e-01 -5.63933313e-01 -6.16101205e-01 -2.12778866e-01
    1.59608984e+00 1.61890626e+00 1.60864043e+00 1.64988184e+00
    1.47734690e+00 1.70148444e+00 -6.98464751e-01 -3.24992627e-01
    5.98452091e-01 6.68890476e-02 7.49319196e-02 -3.95529509e-01
    4.99515533e-02 1.32750010e+00 1.55418229e+00 1.56715453e-01
    9.27109182e-01 2.72618592e-01 1.08240402e+00 -3.12696099e-02
    1.53558815e+00 1.66609168e+00 1.73842394e+00 9.66898441e-01
    1.45432389e+00 4.03798103e-01 -3.11209023e-01 1.55307198e+00
    -2.24570334e-01 -4.90377843e-01 1.68040764e+00 8.28094006e-01
    7.97969997e-01 1.51337302e+00 1.56636322e+00 1.15322053e+00
    -4.13989395e-01 1.61797190e+00 1.30896258e+00 -5.51049769e-01
    -3.86424065e-01 1.51435423e+00 1.24655485e-01 5.42155325e-01
    -5.84050000e-01 1.36991978e+00 1.14078689e+00 -1.35041654e-01
    1.20446384e-01 -3.31813395e-01 1.05303502e+00 1.37014127e+00
    6.59187317e-01 1.40684295e+00 -1.28527790e-01 -1.16921455e-01
    5.40615618e-01 -4.61652696e-01 2.45015532e-01 1.18003929e+00
    2.53788590e-01 -3.50928962e-01 1.43260539e+00 -1.61059171e-01
    -4.45421159e-01 -6.29942417e-02 1.66571379e+00 1.37717628e+00
    1.48042870e+00 1.63712811e+00 -2.29828656e-01 7.27443457e-01
    -5.30140877e-01 1.33092046e-01 4.86498654e-01 1.54702795e+00
    2.83686817e-01 -1.33400142e-01 5.41050076e-01 1.22755885e-01
    1.11177146e+00 1.42211103e+00 1.19104981e+00 -1.67408347e-01
    4.30118382e-01 7.46435106e-01 -5.96789539e-01 1.41411424e-01
    1.10674286e+00 4.03301656e-01 -1.72266364e-01 -7.33071327e-01
    9.08434212e-01 1.57067120e+00 1.97589576e-01 -6.72594309e-01
    1.32583380e+00 -7.37401247e-01 -4.22949404e-01 1.73267007e+00
    1.61097884e+00 1.90791428e-01 1.47081256e-01 1.33258438e+00
    5.49058199e-01 7.86846757e-01 1.03760850e+00 -3.13297361e-01
    1.45225406e+00 1.36776340e+00 -2.26385891e-01 3.52895260e-01
    1.30798471e+00 1.29331517e+00 9.33590651e-01 1.39682031e+00
    1.65886617e+00 1.23387647e+00 7.16282606e-01 5.49458325e-01
    4.97801721e-01 -1.98061943e-01 -3.05493891e-01 8.95647585e-01
    9.95005131e-01 8.36095214e-01 7.66252875e-01 8.39812994e-01
    -2.72607982e-01 -5.56083202e-01 1.26014626e+00 1.71762538e+00
    1.71773434e+00 4.99660969e-01 1.38737237e+00 -2.10600853e-01
    -7.65329599e-03 -6.45429254e-01 -4.66284573e-01 1.14582849e+00
    1.57168090e+00 1.54903436e+00 -6.34347737e-01 4.83416855e-01
    1.39526820e+00 1.53367853e+00 1.57922888e+00 -8.86683464e-02
    1.67682457e+00 -4.61168349e-01 -3.10963720e-01 1.64600658e+00
    1.34431851e+00 6.68430626e-01 1.85356379e-01 2.34112322e-01
    1.03260732e+00 6.13658369e-01 -4.98579025e-01 -1.98622584e-01
    -2.83561677e-01 1.66917205e+00 5.94637156e-01 4.50172901e-01
    1.33743930e+00 1.91042364e-01 1.40825081e+00 5.03470600e-01
    1.45272422e+00 -2.70370424e-01 1.39066744e+00 1.29468787e+00
    1.12276042e+00 -7.82267153e-01 -3.27580631e-01 3.14778805e-01
    1.37334585e+00 1.43180394e+00 5.47068357e-01 2.53075123e-01
    6.85820162e-01 1.33471048e+00 2.88392246e-01 6.64081275e-01
    1.15540147e+00 1.08183336e+00 -5.21487892e-01 1.30473852e-01
    7.43689895e-01 7.31010139e-01 4.21607375e-01 -4.44743663e-01
    -5.85057914e-01 4.20411468e-01 7.14006543e-01 1.34818530e+00
    -6.63550615e-01 7.66894639e-01 1.38858378e+00 1.41488326e+00
    6.67221546e-02 -1.27158105e-01 1.17083907e+00 5.91015816e-03
    -3.57370347e-01 1.28641057e+00 9.90128517e-03 4.40544248e-01
    -4.24816549e-01 1.15879047e+00 -3.66018593e-01 -6.25089824e-01
    -3.53016287e-01 4.88010406e-01 3.34550261e-01 1.12055659e-01
    8.66913795e-03 6.21649623e-01 3.23179245e-01 9.36942637e-01
    -3.63753498e-01 -4.96109694e-01 1.27738738e+00 3.48074257e-01
    8.29534113e-01 -4.03457224e-01 5.71278632e-01 4.15959597e-01
    -7.28541434e-01 1.32240582e+00 1.43169212e+00 -6.10602558e-01
    9.83718038e-01 -4.09805775e-01 1.06451023e+00 1.18072057e+00
    4.03580546e-01 7.66686678e-01 1.14497757e+00 1.69973898e+00
    -8.05750489e-02 -1.43189669e-01 9.28643584e-01 1.55489945e+00
    -2.10664511e-01 4.18847084e-01 5.19206285e-01 -6.51106477e-01
    -4.38857228e-01 -7.11215973e-01 1.09589779e+00 1.09363747e+00
    8.83493125e-01 1.19163489e+00 8.18822384e-02 -5.38719833e-01
    3.01328540e-01 -5.52788734e-01 9.53613460e-01 1.05986595e+00
    -3.45559239e-01 -4.83085871e-01 1.04915488e+00 -3.67140591e-01
    -7.38839626e-01 1.10797048e+00 3.79504979e-01 4.61859167e-01
    -1.29158318e-01 1.29401636e+00 -6.57720685e-01 3.76652777e-01
    -3.17682624e-01 6.16359055e-01 9.03619945e-01 1.11597896e+00
    3.20847511e-01 1.77735949e+00 -6.00201428e-01 4.17906761e-01
    7.91071594e-01 5.00674069e-01 -4.16287810e-01 1.36607492e+00
    3.30911815e-01 -2.00159609e-01 6.20701969e-01 9.11823630e-01
    -6.66207373e-01 -5.90275764e-01 -3.98901701e-02 1.27932608e-01
    -5.71457982e-01 1.61259353e-01 1.10531926e+00 1.06920934e+00
    1.16028905e+00 -5.07551849e-01 -3.70235443e-01 2.64379203e-01
    1.58896875e+00 1.77102733e+00 7.16445684e-01 1.12476802e+00
    4.56398904e-01 -1.53890193e-01 5.10399938e-01 -1.82792842e-01
    -9.92681384e-02 4.33640063e-01 1.00995994e+00 1.47236443e+00
    1.77060723e+00 1.08260715e+00 4.73030210e-01 1.52796078e+00
    1.05016446e+00 1.24209315e-01 1.05078840e+00 9.34255898e-01
    -5.38199365e-01 5.63942909e-01 1.60340500e+00 8.19675744e-01
    1.57371545e+00 -1.43870592e-01 4.23471391e-01 7.69192338e-01
    8.65200341e-01 -3.80476058e-01 7.69012213e-01 -6.63328111e-01
    -6.21738374e-01 9.38851237e-02 5.68538845e-01 1.14917326e+00
    -5.44130504e-01 -4.56671685e-01 -4.23497975e-01 1.16147232e+00
    1.16749525e-01 2.50160098e-01 9.67143059e-01 1.62313497e+00
    -1.64963603e-02 -3.45286161e-01 -4.43608850e-01 -6.80232525e-01
    1.42798519e+00 6.17354751e-01 4.04389620e-01 -6.51235938e-01
    1.53747654e+00 6.37022793e-01 4.25481498e-01 5.15903294e-01
    9.44698691e-01 1.66160488e+00 -2.23887086e-01 -5.14801979e-01
    -6.89578474e-01 1.44880950e-01 1.51735449e+00 1.10112453e+00
    1.43197680e+00 2.75516391e-01 1.60539722e+00 -3.12461555e-01
    1.25687182e-01 5.28815508e-01 1.41850901e+00 8.81770968e-01
    2.66814649e-01 1.30964315e+00 3.15698743e-01 -5.68830192e-01
    1.36513138e+00 -7.08492577e-01 1.14767146e+00 -6.80445015e-01
    -6.87669694e-01 1.48683524e+00 1.42966294e+00 -3.13411772e-01
    3.13447714e-02 1.06189036e+00 8.54566932e-01 1.51778817e+00
    1.46070910e+00 1.22422266e+00 1.21307945e+00 -7.05272794e-01
    4.53504682e-01 1.67613447e-01 -1.50331259e-02 3.99968922e-01
    -9.52749848e-02 -7.65136123e-01 9.67196763e-01 9.23366487e-01
    4.17015553e-01 1.37458062e+00 6.30946875e-01 1.08454227e-02
    -6.41241014e-01 1.69318616e+00 2.71735489e-01 -3.81804824e-01
    1.62919641e+00 7.52286792e-01 8.01890552e-01 -6.93651557e-01
    2.23286808e-01 -6.14060998e-01 1.38484621e+00 2.75103688e-01
    1.00473344e+00 1.33001208e+00 -4.97783333e-01 1.03724146e+00
    -1.88063025e-01 1.65719640e+00 9.37234759e-01 8.59996438e-01
    1.58133888e+00 1.35998845e+00 -6.60652101e-01 1.55320573e+00
    1.41034067e-01 2.83659935e-01 -2.78065264e-01 4.81142282e-01
    9.60474133e-01 3.11299324e-01 -6.85396135e-01 3.91993463e-01
    1.15413618e+00 -1.92782879e-02 -4.97909486e-01 -4.64150131e-01
    -9.03630853e-02 5.12211561e-01 8.44471872e-01 1.34659410e+00
    -6.63382411e-01 1.64316463e+00 -6.22467875e-01 6.62311852e-01
    9.18777466e-01 1.73599303e-01 1.34314430e+00 1.49790823e+00
    -4.23998445e-01 8.47401917e-01 -5.54349124e-01 3.02234411e-01
    2.70234168e-01 7.95225799e-01 -7.00711429e-01 1.71784270e+00
    4.08227742e-01 1.47966576e+00 -3.52486372e-02 -7.21943915e-01
    8.00239265e-01 -1.35401011e-01 1.97272360e-01 1.56771541e+00
    -3.55197787e-02 -1.29917443e-01 1.32344413e+00 -8.66879821e-02
    2.64490008e-01 4.56965744e-01 1.06001592e+00 6.02111220e-02
    6.73081338e-01 1.38558471e+00 -2.22539783e-01 1.23237872e+00
    1.13081169e+00 3.15025508e-01 4.24588978e-01 4.99207735e-01
    -2.00294852e-01 1.76547706e-01 6.40145481e-01 1.70172596e+00
    2.84494758e-02 1.58672929e-01 6.75916255e-01 1.72385454e+00
    1.31936157e+00 2.18654573e-01 4.46726501e-01 5.08778334e-01
    4.53269124e-01 -1.29103065e-02 5.16895771e-01 -5.15295088e-01
    5.88960648e-01 1.23900640e+00 1.66465223e-01 1.49843884e+00
    -4.56312656e-01 -3.19491029e-02 1.18848526e+00 -5.22112906e-01
    4.19063628e-01 -3.69957358e-01 1.10793591e+00 7.09933877e-01
    1.57225370e+00 4.00988162e-01 1.29350793e+00 8.72925401e-01
    1.52273881e+00 -3.30563158e-01 -9.91288424e-02 4.51210976e-01
    3.68601739e-01 1.64488101e+00 3.67328286e-01 5.53379297e-01
    2.76151776e-01 7.47834444e-01 9.44033444e-01 7.05750406e-01
    -4.70737487e-01 1.07544160e+00 -1.40109003e-01 -4.72494274e-01
    1.06294274e-01 -3.32461059e-01 5.28362215e-01 1.71565056e+00
    4.96657252e-01 9.76856053e-01 -6.15808368e-01 2.63817310e-01
    8.75060558e-02 -6.71359718e-01 -4.80319530e-01 1.60653830e+00
    1.11538267e+00 9.14276779e-01 1.02216125e+00 1.15864599e+00
    1.32082939e+00 4.90880847e-01 1.14972806e+00 1.05806589e-02
    2.93819726e-01 1.11671066e+00 -1.80906236e-01 3.80909979e-01
    1.47245586e+00 6.08014464e-01 1.55059290e+00 1.29454970e+00
    1.68596268e-01 1.25998425e+00 5.06146252e-01 1.57999146e+00
    1.02827430e+00 -3.68614644e-01 -4.95246530e-01 7.16190338e-01
    6.35691881e-02 -6.46285117e-02 1.28601456e+00 9.37557817e-01
    -1.49130911e-01 -1.18736506e-01 5.65984726e-01 -3.21400642e-01
    1.68283653e+00 4.84744906e-01 1.59785414e+00 -3.23874801e-01
    1.72480226e-01 6.03628814e-01 -1.74383163e-01 9.92921472e-01
    5.47777712e-01 7.19412088e-01 1.67102480e+00 8.05353284e-01
    1.70794415e+00 3.49796653e-01 1.16082370e-01 1.24981964e+00
    9.69637036e-01 4.08590138e-01 1.33515203e+00 8.62578690e-01
    1.20565653e+00 1.48117840e-01 -1.41164422e-01 6.50718808e-02
    1.03812623e+00 -3.90730739e-01 6.89166427e-01 6.31834209e-01
    -5.85371733e-01 -7.13488817e-01 -7.69591928e-02 5.86703956e-01
    6.26587689e-01 2.18644142e-01 1.33305693e+00 9.26114500e-01
    6.03943884e-01 -4.44881827e-01 1.54869938e+00 -5.68713248e-01
    -5.71137965e-01 7.00486660e-01 6.69354975e-01 -5.05861223e-01
    8.51786315e-01 7.67267048e-01 6.18191898e-01 1.59097075e+00
    4.25265312e-01 8.50750029e-01 -5.36593556e-01 1.42485952e+00
    -2.18745470e-02 1.51514757e+00 4.41873372e-01 1.04412091e+00
    1.63245153e+00 9.73949730e-01 1.01845789e+00 -3.27138066e-01
    1.49503767e+00 6.62559152e-01 7.92983294e-01 3.89496565e-01
    1.23688722e+00 1.05097044e+00 1.63160086e+00 -6.84069514e-01
    1.10954475e+00 4.42716479e-01 -5.73255658e-01 1.31511986e-01
    -6.61937594e-02 1.34318185e+00 1.35604119e+00 3.89920115e-01
    1.33149624e-01 1.64176023e+00 1.57214606e+00 7.67843127e-01
    1.26948810e+00 1.25383139e-02 5.86294889e-01 1.26239026e+00
    1.62678385e+00 9.32052672e-01 -6.76665545e-01 7.66384721e-01
    6.80275440e-01 1.62115967e+00 3.40282917e-02 1.06014729e+00
    6.10348105e-01 1.38782179e+00 -3.98617387e-02 7.60832131e-01
    1.46818733e+00 -7.20700979e-01 -1.42427921e-01 1.14361644e+00
    1.60503638e+00 5.71813881e-01 -5.35412252e-01 -4.43640530e-01
    1.29697919e-02 -3.35990548e-01 1.58007026e+00 1.67517138e+00
    5.27816951e-01 1.52747273e+00 1.50928915e+00 -6.50228262e-02
    5.54946661e-02 1.12633085e+00 -4.79160458e-01 1.06874001e+00
    6.49963915e-01 1.09392405e+00 2.16490030e-03 1.24558878e+00
    5.66577613e-01 -2.52712250e-01 2.28477895e-01 1.15741360e+00
    5.85925281e-01 -2.10601568e-01 -1.17293358e-01 -1.59723818e-01
    4.08701897e-02 1.68947589e+00 1.70414782e+00 6.14610493e-01
    4.40064669e-01 5.44319034e-01 1.11657333e+00 8.87075424e-01
    9.08576548e-01 -6.22220814e-01 8.71324778e-01 -3.32541168e-01
    1.52581334e+00 1.00068653e+00 -4.46878701e-01 1.15626490e+00
    1.28249693e+00 -6.83562875e-01 1.29155588e+00 7.59269118e-01
    8.93461585e-01 1.10026979e+00 -3.09810162e-01 1.05698156e+00
    -4.35008407e-01 1.48666048e+00 1.66852868e+00 1.62014294e+00
    1.30116677e+00 1.29574418e+00 6.00001812e-01 1.44538343e-01
    -3.43750030e-01 -4.82771724e-01 1.70747387e+00 -1.39322162e-01
    -3.49436402e-01 1.49128318e+00 -6.45359695e-01 1.42459846e+00
    7.05339372e-01 1.53818703e+00 3.72691572e-01 -3.89162302e-01
    9.18215752e-01 7.10582614e-01 1.33957791e+00 -4.65549469e-01
    1.18074512e+00 1.72172487e-01 2.37518191e-01 9.19312477e-01
    1.10116673e+00 1.48947716e-01 5.30297160e-02 -4.72148299e-01
    1.00120378e+00 1.53560150e+00 3.30342531e-01 1.67755818e+00
    -1.47411227e-01 7.28537858e-01 1.58231342e+00 -8.21477771e-02
    1.16172457e+00 1.61036813e+00 -2.87061155e-01 7.89076388e-01
    8.78401518e-01 1.27341354e+00 -6.94087863e-01 -2.63654590e-02
    -4.91769105e-01 1.05990839e+00 1.01912451e+00 -7.59270191e-02
    5.43664336e-01 6.22090995e-01 2.01956153e-01 4.91138101e-02
    -3.07266057e-01 4.14997339e-01 1.49939811e+00 6.24368429e-01
    -6.48355484e-03 1.10112715e+00 5.18244386e-01 -3.49609792e-01
    -5.10563254e-02 -7.00330675e-01 -3.77386034e-01 8.97513986e-01
    2.68344700e-01 1.38389874e+00 8.95452499e-02 1.20355535e+00
    3.62796545e-01 1.47971940e+00 1.61966085e+00 1.63012660e+00
    1.64835358e+00 1.07231236e+00 1.75101221e+00 -1.16045892e-01
    -2.63679922e-01 3.09626043e-01 -5.71991324e-01 7.38700807e-01
    -5.98487258e-01 6.85697794e-02 -1.69721067e-01 -5.33332348e-01
    3.78018975e-01 -2.27516800e-01 1.16009855e+00 1.67850816e+00
    1.46952176e+00 1.22943258e+00 8.67033601e-02 8.60837698e-02
    9.92856026e-02 1.41038465e+00 1.96775019e+00 1.65491676e+00
    1.82739943e-01 7.37978220e-01 1.67783213e+00 4.31284308e-01
    1.24532104e+00 8.58677566e-01 -9.48476791e-03 1.71566463e+00
    9.12552357e-01 1.30318785e+00 1.02802455e+00 1.19423866e+00
    1.68915057e+00 -1.04852617e-01 2.41814971e-01 -6.62186742e-02
    1.60142350e+00 3.47141206e-01 6.09144628e-01 -6.79226935e-01
    7.90864646e-01 -6.61823213e-01 1.65289044e+00 3.07264924e-02
    3.49523187e-01 -4.09019023e-01 7.63272107e-01 1.20283210e+00
    -3.37066859e-01 1.21119463e+00 -5.51816463e-01 5.09633720e-01
    -1.68775678e-01 -7.10383058e-01 3.74404728e-01 -1.74306512e-01
    -6.13532186e-01 1.53630376e-02 9.23852563e-01 1.28239179e+00
    1.08256865e+00 4.83553529e-01 -2.40933001e-01 1.12723446e+00
    -7.87223101e-01 1.45509446e+00 1.92120850e-01 1.53575361e-01
    1.71511531e+00 2.94319808e-01 -6.87256515e-01 1.87783182e-01
    4.12874162e-01 2.01550543e-01 4.10062551e-01 -2.22238123e-01
    7.67259598e-01 1.11818314e+00 1.47842216e+00 5.48860550e-01
    1.59792960e+00 1.46998346e-01 -5.00184238e-01 1.49027300e+00
    -1.62332416e-01 1.63973999e+00 7.64041245e-01 6.23281956e-01
    -7.12568760e-01 6.15200162e-01 6.13860309e-01 -4.77129370e-01
    1.01895308e+00 2.86804020e-01 1.10951149e+00 6.27022624e-01
    7.39160001e-01 -2.08712161e-01 -5.75844049e-01 1.62306392e+00
    9.77608442e-01 -4.23717320e-01 1.01592076e+00 -2.65082896e-01
    1.17469025e+00 2.49298573e-01 1.01923573e+00 8.03966761e-01
    -1.11490071e-01 1.18291199e+00 1.03652918e+00 -2.28143930e-02
    -1.37914002e-01 -7.33031809e-01 1.30334997e+00 1.77743363e+00
    1.01149178e+00 1.39653301e+00 5.08961737e-01 -1.84211135e-01
    8.86804402e-01 -4.15953398e-02 -1.02037549e-01 -7.35002518e-01
    -5.37629128e-01 2.30818808e-01 6.57669067e-01 1.18244219e+00
    1.03023243e+00 -7.34174073e-01 -9.74820852e-02 1.35495651e+00
    8.83403420e-02 1.39275193e+00 1.58164561e-01 -2.41802037e-01
    -2.32410550e-01 1.53376460e-01 -1.95368290e-01 5.36735415e-01
    -3.10730785e-01 9.97498155e-01 -2.20995963e-01 1.00631511e+00
    7.81707823e-01 -7.35804617e-01 1.00238180e+00 1.37653589e+00
    -7.25728452e-01 5.06981134e-01 8.90121400e-01 -3.44515711e-01
    -4.10165995e-01 7.70148635e-02 1.63758755e-01 1.32498908e+00
    1.83958709e-01 -7.19747543e-01 9.67320323e-01 -4.57824111e-01
    4.80208635e-01 -5.41869581e-01 5.67252278e-01 9.29465175e-01
    1.35493112e+00 1.54651833e+00 1.18750906e+00 -5.49287975e-01
    1.48010349e+00 6.18430793e-01 -1.25779152e-01 4.72285748e-01
    -4.60050076e-01 1.22641444e-01 -1.22195482e-03 1.26714587e+00
    1.16869807e-02 1.81287229e+00 3.89043510e-01 3.48167896e-01
    -7.01035857e-02 6.50848508e-01 1.54401100e+00 7.90658653e-01
    1.77565765e+00 -2.86146820e-01 7.66718566e-01 1.14435959e+00
    -8.38742256e-02 5.06834745e-01 1.07856822e+00 7.28535831e-01
    -6.60100222e-01 1.34781599e-02 -3.47358942e-01 9.56657529e-01
    5.51003098e-01 1.41909170e+00 8.01591218e-01 3.73578548e-01
    -6.77894235e-01 1.72135377e+00 -2.83955932e-01 -5.55439591e-01
    -4.95046973e-01 -5.64436615e-01 7.04075694e-01 1.34970236e+00
    -7.04059601e-02 1.36517417e+00 -1.48792982e-01 -2.99696892e-01
    1.04781985e+00 3.70315373e-01 1.74514377e+00 -7.35328138e-01
    1.29854894e+00 1.05808258e+00 1.52489257e+00 -2.14599609e-01
    -6.39358938e-01 6.45639062e-01 6.60595059e-01 1.50124478e+00
    -4.38156396e-01 2.24866033e-01 -3.06016833e-01 3.47438455e-02
    3.64284098e-01 1.79006863e+00 1.28516984e+00 7.34332263e-01
    1.03704309e+00 1.17488647e+00 8.10511172e-01 -6.18341625e-01
    1.03927362e+00 5.11363626e-01 -4.66999203e-01 -1.43298984e-01
    2.03617990e-01 1.59028339e+00 1.67732704e+00 2.24280953e-01
    -2.13525534e-01 1.43812299e-01 1.19978118e+00 6.93830967e-01
    1.67930436e+00 -2.06461072e-01 1.50002789e+00 7.08338439e-01
    1.39316440e+00 2.20617652e-02 5.37874639e-01 -2.16653705e-01
    5.74804842e-01 1.20398128e+00 -3.42461467e-02 -6.79873228e-02
    3.54534030e-01 -7.77764320e-02 7.37272501e-02 -1.08821988e-01
    1.76601326e+00 1.13000154e+00 -5.66673398e-01 6.99715734e-01
    9.60544050e-01 -1.65567636e-01 5.24056137e-01 7.61914909e-01
    9.56747532e-02 1.86817515e+00 3.92419130e-01 2.51904994e-01
    1.12740135e+00 1.73674643e+00 1.93493903e-01 -3.54239196e-01
    1.66393971e+00 1.29540920e-01 9.26823437e-01 4.39624488e-01
    8.24078858e-01 1.64762735e+00 5.17441928e-01 -2.19858646e-01
    2.99180210e-01 5.93769968e-01 1.30306292e+00 -5.03734231e-01
    1.45618474e+00 -3.68348330e-01 1.13441992e+00 -7.17418194e-01
    -2.40862370e-04 7.07201362e-01 2.75079012e-01 1.72116280e+00
    1.01931858e+00 2.05313563e-02 1.61177278e+00 5.21170616e-01
    -2.22967088e-01 1.16772449e+00 -5.00620127e-01 1.25399041e+00
    6.87295675e-01 -2.44738519e-01 9.90186036e-01 -3.72240961e-01
    -3.79058421e-01 9.26781774e-01 1.51579857e+00 1.50459528e-01
    2.96754241e-01 7.53990054e-01 8.01263452e-02 1.65014648e+00
    1.14011359e+00 3.08280468e-01 1.84692740e-02 1.61572754e+00
    1.28620458e+00 7.91086555e-02 3.81298482e-01 1.26669931e+00
    1.57402658e+00 -1.95891738e-01 1.06537056e+00 1.79346800e-01
    6.26142263e-01 3.17807913e-01 1.54612279e+00 1.09065425e+00
    1.59860313e+00 -2.60381103e-01 9.80600536e-01 -6.97941542e-01
    -3.91314149e-01 3.62802804e-01 7.92270899e-02 5.71895361e-01
    2.83346772e-02 -2.94541508e-01 1.36516273e+00 1.46205068e+00
    1.06918406e+00 -2.56512165e-01 -6.76871419e-01 5.99741936e-01
    5.85622966e-01 2.10140049e-01 9.90349114e-01 4.87789869e-01
    7.24978507e-01 1.38828981e+00 3.63107324e-01 -4.23486531e-01
    1.32301664e+00 7.78553545e-01 -3.15726012e-01 3.99266720e-01
    7.20174193e-01 -1.01512492e-01 1.31307280e+00 1.17421663e+00
    2.36845553e-01 1.67891467e+00 9.87432182e-01 1.14050102e+00
    6.63916588e-01 -6.76743627e-01 4.66624141e-01 -2.81294316e-01
    1.65737391e+00 1.26450443e+00 -4.79734689e-01 1.00355613e+00
    2.13127136e-02 -4.92634386e-01 9.41372514e-02 -4.45705533e-01
    1.31145000e+00 2.29494333e-01 2.28802562e-02 1.03585386e+00
    1.53397238e+00 6.68843389e-01 -1.91693306e-02 7.86857963e-01
    1.11575949e+00 -6.65178835e-01 -5.62675655e-01 1.63467264e+00
    4.52024937e-01 1.53863788e+00 -6.88608825e-01 -6.00907803e-01
    7.89309323e-01 3.70132923e-01 -1.55270815e-01 8.99088085e-01
    -5.80911875e-01 9.95269537e-01 5.05678236e-01 1.53043628e+00
    1.32317138e+00 -2.10648298e-01 1.59971046e+00 -1.37848198e-01
    1.70085168e+00 -2.42142797e-01 -5.54300308e-01 -7.38555074e-01
    -4.65011597e-02 5.82056046e-02 3.00129116e-01 1.67152727e+00
    -3.69285941e-02 4.54730392e-01 1.48507857e+00 -8.89147520e-02
    -6.54255807e-01 9.69662249e-01 1.14374912e+00 1.61097598e+00
    -1.75375640e-01 1.65635753e+00 3.97324383e-01 -2.74279803e-01
    2.27901340e-02 -5.28301954e-01 1.06972873e-01 -9.42404866e-02
    3.46491039e-01 2.19288051e-01 9.72904861e-01 1.47599804e+00
    1.01434851e+00 7.13023663e-01 1.40278578e+00 5.03523290e-01
    1.36428523e+00 5.04497707e-01 8.19186628e-01 -2.28145957e-01
    1.26381123e+00 1.19660163e+00 8.68200600e-01 3.22017133e-01
    8.11977029e-01 5.06144345e-01 -3.44551355e-01 1.13934994e+00
    1.34896922e+00 4.06991303e-01 1.57334447e+00 6.58070803e-01
    1.02338386e+00 9.20079529e-01 -5.56849837e-02 1.30198050e+00
    1.16570425e+00 -8.23313594e-02 -7.36694336e-01 -1.31495476e-01
    1.73690343e+00 -1.14868879e-01 4.50749099e-01 9.60322678e-01
    1.76909018e+00 7.78711498e-01 1.55851173e+00 8.57471526e-01
    3.51997793e-01 -4.02255714e-01 8.63742292e-01 3.06532085e-01
    -6.85185373e-01 1.44453001e+00 1.02046347e+00 1.09398341e+00
    9.94970977e-01 -2.28972822e-01 -5.15345454e-01 1.73897445e-01
    1.61756098e+00 6.09793425e-01 6.80052042e-02 4.47563887e-01
    1.12295365e+00 -5.76911569e-01 7.55936623e-01 6.49268389e-01
    -4.53505218e-01 -2.56997883e-01 -2.70881891e-01 1.19496942e+00
    9.11426783e-01 1.18403077e+00 -4.23753858e-01 9.03203309e-01
    -2.61140585e-01 1.47683907e+00 1.02389193e+00 6.52146041e-01
    6.74723029e-01 2.42462337e-01 2.43196189e-01 6.31946683e-01
    -4.79653716e-01 1.07008958e+00 2.61064172e-02 1.61989152e-01
    -9.10726786e-02 -2.33538151e-01 -4.20610487e-01 1.36685586e+00
    -4.70895112e-01 -7.76651502e-02 1.02753901e+00 -2.18616724e-01
    7.54621565e-01 1.45202565e+00 -4.40184772e-01 5.97958505e-01
    1.70982504e+00 3.52424413e-01 1.57149303e+00 1.31317186e+00
    2.05123091e+00 5.11974216e-01 1.09435749e+00 1.81714082e+00
    -4.16311026e-02 1.49754786e+00 1.47535455e+00 1.14358711e+00
    4.10534143e-01 -5.51846802e-01 1.78683877e-01 1.32130611e+00
    5.55718422e-01 -5.63287139e-01 1.50855708e+00 2.32739627e-01
    3.78576279e-01 7.48805523e-01 1.23013818e+00 -2.29070365e-01
    1.60448289e+00 1.29271662e+00 -4.63087738e-01 8.40411663e-01
    -7.47279048e-01 -4.59052593e-01 1.65370250e+00 4.76793289e-01
    1.66020060e+00 8.75642359e-01 3.63274038e-01 1.62220669e+00
    1.44223642e+00 8.79794419e-01 3.65143836e-01 -4.41653520e-01
    -1.85512006e-01 7.58177221e-01 1.43822217e+00 1.16343546e+00
    4.84774113e-02 9.18819845e-01 1.27379274e+00 3.94469500e-01
    1.05688083e+00 -4.47655916e-02 -1.44928217e-01 -2.64136910e-01
    1.10108066e+00 1.49020386e+00 7.79706657e-01 6.81778610e-01
    -3.54998350e-01 6.26956224e-02 1.62342262e+00 4.10842896e-03
    -5.63659191e-01 -2.80604064e-01 1.63083708e+00 4.59799290e-01
    6.03563070e-01 1.61679101e+00 1.58681774e+00 6.46519184e-01
    2.32302964e-01 1.57458818e+00 1.27377224e+00 -3.73203099e-01
    -1.29049957e-01 1.48501396e+00 1.32447791e+00 -5.04381418e-01
    1.18932247e+00 8.53621960e-02 5.35772741e-01 1.41333604e+00
    9.89886820e-01 -3.25391442e-01 6.62794948e-01 1.49450946e+00
    1.42131019e+00 2.88343787e-01 1.60095012e+00 1.64961410e+00
    -6.96586967e-01 -1.13016129e-01 5.19949794e-02 1.62838054e+00
    5.04152119e-01 4.48693037e-02 6.37508988e-01 -7.11990297e-01
    5.14289379e-01 1.95353031e-02 -7.21503496e-02 -2.88703352e-01
    6.89878285e-01 1.24568129e+00 6.00728750e-01 1.48860753e-01
    -2.49775648e-02 6.84970677e-01 1.58687949e+00 4.11744714e-02
    -5.68542540e-01 4.14144397e-02 1.45799470e+00 1.09315133e+00
    1.16285753e+00 -3.43467623e-01 1.22565293e+00 3.02712858e-01
    -4.89774317e-01 1.21323967e+00 1.45350862e+00 9.08125222e-01
    -2.02517152e-01 -5.09142637e-01 2.29150712e-01 1.60296345e+00
    1.91751063e-01 -4.17346627e-01 -6.35913014e-02 5.92844129e-01
    2.35478342e-01 9.10695016e-01 5.73831022e-01 -2.59251297e-01
    -5.00618994e-01 -1.14366055e-01 1.36339808e+00 1.52561629e+00
    1.46812201e+00 1.73044705e+00 1.20403850e+00 -5.23080826e-02
    3.25401664e-01 9.43333507e-01 6.69062614e-01 -1.68561995e-01
    1.06280613e+00 1.15261173e+00 1.45041168e-01 -1.36207938e-02
    -4.78349566e-01 6.59220636e-01 -3.88444543e-01 1.70501661e+00
    -5.15025854e-02 -6.83819056e-01 1.27366126e+00 -6.27242208e-01
    3.70755851e-01 -1.63110554e-01 2.49306500e-01 1.43349373e+00
    -1.78285062e-01 2.76230454e-01 8.24395776e-01 -1.17355466e-01
    1.01320028e+00 -4.85383093e-01 4.28618073e-01 -3.78245115e-01
    -2.06814289e-01 -2.20106721e-01 5.23711443e-01 7.54462481e-02
    3.15769017e-01 1.41711903e+00 1.57537401e-01 -1.25861526e-01
    1.44114578e+00 1.66033220e+00 1.43660009e-01 6.82864070e-01
    2.97095001e-01 1.68837500e+00 -6.57896757e-01 -5.70040762e-01
    -6.72849655e-01 -3.06905210e-01 9.19783235e-01 -2.03499496e-01
    -7.05778420e-01 2.62777984e-01 1.72418368e+00 2.31022477e-01
    1.38516212e+00 6.93764031e-01 8.99068952e-01 -3.54641050e-01
    -3.34779620e-01 -2.31408119e-01 1.04125416e+00 4.30368602e-01
    -1.10954463e-01 9.09530759e-01 4.06607687e-01 1.80601537e-01
    1.27168417e+00 -4.48588282e-01 -6.78571999e-01 4.69477654e-01
    9.23771739e-01 1.56499314e+00 9.87284660e-01 1.16007447e+00
    -4.80714440e-02 -2.56378353e-01 1.31660104e+00 -5.93995571e-01
    -5.52409291e-02 -5.96829295e-01 1.20047808e+00 6.97507024e-01
    1.34180379e+00 7.39565015e-01 1.79682028e+00 9.27502573e-01
    1.43943977e+00 1.49873984e+00 -5.17962158e-01 6.32523835e-01
    -5.11222780e-01 7.16027975e-01 -5.57827950e-03 1.62685609e+00
    9.00660574e-01 8.46119761e-01 -3.30208778e-01 -7.03685343e-01
    -2.96270579e-01 -6.00843906e-01 -2.99494117e-01 -4.84688669e-01
    1.62114358e+00 -1.56319678e-01 -6.31059408e-02 -5.68786621e-01
    9.94703114e-01 -7.00654387e-01 -5.82152545e-01 1.15967214e+00
    -8.91676545e-02 1.58264935e+00 1.62389493e+00 2.80132174e-01
    6.21597052e-01 -2.48708159e-01 -5.06082237e-01 4.07276452e-01
    1.43463767e+00 1.02938175e+00 1.23681796e+00 -2.17994750e-02
    2.13625342e-01 1.11996317e+00 1.22987127e+00 1.82710695e+00
    1.67042255e+00 8.22693467e-01 1.35212362e+00 2.58309305e-01
    5.18501639e-01 -3.02389354e-01 5.64657748e-01 1.10549140e+00
    1.36870003e+00 1.32917237e+00 1.06771469e+00 1.54610860e+00
    1.63425767e+00 -1.15407586e-01 -1.01019681e-01 -9.46613550e-02
    1.50962496e+00 1.11340415e+00 7.53310442e-01 1.12884212e+00
    3.43232751e-01 1.73109961e+00 -6.86149597e-01 1.48830760e+00
    1.01668739e+00 4.98462498e-01 3.28669846e-01 1.23399377e+00
    1.28554988e+00 4.62662220e-01 1.72834682e+00 1.96165800e-01
    9.42250669e-01 -2.11212039e-02 4.00533795e-01 1.34478831e+00
    -1.68477893e-02 -5.67520380e-01 1.17396033e+00 -3.36420327e-01
    1.39612734e-01 1.20046496e+00 -4.76789206e-01 1.64125872e+00
    -2.26213038e-01 -2.93328941e-01 -4.12456244e-01 -1.80874765e-01
    -4.02914286e-01 -5.87092042e-02 1.18033755e+00 3.92782807e-01
    1.22442031e+00 5.58474004e-01 6.04571939e-01 -9.54447985e-02
    8.42553675e-01 1.58151865e+00 -2.30014443e-01 -4.49019402e-01
    1.29125881e+00 1.68383694e+00 1.65210795e+00 1.43218219e+00
    1.23693311e+00 1.36498356e+00 8.54855120e-01 8.84965062e-01
    1.02773416e+00 1.17956686e+00 1.64640260e+00 -6.85429335e-01
    1.56904340e-01 3.67035866e-02 5.81108689e-01 4.42100883e-01
    7.80717432e-01 9.46946144e-02 -5.34221768e-01 1.21307254e+00
    2.20857263e-02 -4.60421771e-01 9.24263656e-01 2.04787016e-01
    1.24734247e+00 -6.85853601e-01 6.78389311e-01 -4.83351886e-01
    -2.47990876e-01 -3.17066580e-01 1.32526541e+00 -2.13163912e-01
    7.95005441e-01 5.09527147e-01 1.32158875e-01 -3.62415314e-02
    7.10998714e-01 9.23835635e-02 1.08564854e+00 1.24255168e+00
    -3.23612690e-02 -1.90366030e-01 1.29264760e+00 9.26974535e-01
    2.94871628e-01 1.87516212e-04 1.59388006e-01 1.26409900e+00
    -2.95442343e-03 7.55190790e-01 1.11621737e+00 -2.50914484e-01
    1.52638817e+00 7.46355951e-01 7.88781106e-01 1.59978926e+00
    -5.59264421e-03 -5.66198468e-01 1.63495302e-01 3.06933165e-01
    2.79090405e-01 1.44301116e+00 5.38094282e-01 1.68422842e+00
    -1.50100768e-01 1.40844238e+00 1.27899301e+00 1.42843425e-01
    1.06400371e+00 1.58569956e+00 2.65583813e-01 3.16253841e-01
    1.54920292e+00 2.09321976e-02 -1.18832529e-01 7.49706447e-01
    -3.49879861e-01 5.90673745e-01 5.40810347e-01 1.45570624e+00
    1.10678470e+00 -7.14497983e-01 1.17052341e+00 1.25067782e+00
    9.47232723e-01 8.35770369e-02 -5.96376598e-01 1.21130729e+00
    1.20584416e+00 2.73797512e-02 -7.16841340e-01 4.56236839e-01
    2.63229012e-01 -4.98736709e-01 4.32797194e-01 4.42337394e-02
    -2.37077266e-01 -1.73989832e-01 1.74932230e+00 1.05445671e+00
    4.90135014e-01 6.82189286e-01 -1.71719253e-01 9.64211166e-01
    5.21347702e-01 3.32854450e-01 1.68069291e+00 1.43485737e+00
    1.27048671e+00 1.21946073e+00 1.11125159e+00 1.39719093e+00
    1.29496980e+00 3.25791359e-01 9.62104499e-01 3.30555558e-01
    1.58537567e-01 -5.39945841e-01 -1.03956461e-03 1.03614116e+00
    6.91785514e-01 1.51423788e+00 7.61919022e-01 1.47658658e+00
    1.20309532e-01 -6.26271725e-01 3.11754704e-01 4.15036678e-01
    6.34023905e-01 2.05271959e-01 4.72124696e-01 1.20726979e+00
    -8.63288641e-02 3.50445926e-01 -6.25225186e-01 1.51031303e+00
    -6.89682245e-01 -5.31488717e-01 4.31548655e-01 -5.58872700e-01
    8.03825438e-01 5.92352509e-01 1.19934714e+00 -1.72626019e-01
    1.50015712e+00 6.97924376e-01 9.33651328e-01 7.04644918e-02
    -5.25741577e-01 7.82403588e-01 -4.73111033e-01 2.56870568e-01
    1.63072610e+00 7.30989695e-01 -5.49450040e-01 9.67097938e-01
    -5.68025351e-01 1.10447812e+00 8.96682203e-01 -5.49778342e-02
    -4.23178583e-01 1.03623438e+00 7.64924586e-01 1.19875181e+00
    -2.17534959e-01 1.65371013e+00 7.38591194e-01 6.19034290e-01
    -4.53329027e-01 7.87974954e-01 -7.19096959e-01 1.68489134e+00
    -2.60386288e-01 -5.56758344e-01 1.12750566e+00 -2.13118792e-01
    -2.66950607e-01 4.65886831e-01 1.17063999e+00 1.29788518e+00
    8.42488945e-01 5.40758967e-01 2.27344513e-01 1.25764179e+00
    -1.26625419e-01 1.99957490e-01 -1.86140865e-01 7.83432126e-02
    1.74733448e+00 1.90012944e+00 3.19028050e-01 1.47349238e+00
    5.64457655e-01 1.56005788e+00 1.83832109e-01 5.39757907e-01
    -7.48403668e-02 6.84645176e-01 3.32449734e-01 -6.73316956e-01
    -4.69606608e-01 6.27565026e-01 1.33629739e-01 2.02128589e-01
    -4.56311911e-01 7.11634159e-02 1.71033525e+00 -9.84343886e-02
    9.25039113e-01 6.24520779e-01 3.82229686e-01 3.57550800e-01
    1.08068788e+00 1.41886044e+00 6.67581260e-01 1.06786680e+00
    -6.96641386e-01 -3.54177386e-01 1.32376802e+00 -5.86776733e-01
    1.65345323e+00 6.47517145e-01 1.49373293e+00 7.32529283e-01
    1.64944780e+00 8.53405237e-01 1.65666199e+00 7.20912874e-01
    -2.81617016e-01 1.43642032e+00 8.99565220e-02 1.38026953e-01
    7.52653360e-01 6.54737055e-01 7.81194508e-01 9.45061564e-01
    -2.33006418e-01 1.12327838e+00 1.13510859e+00 -4.30548280e-01
    6.37562811e-01 1.69624901e+00 9.21842277e-01 4.09629166e-01
    1.21162474e+00 1.44608212e+00 -5.89931607e-01 -9.24028158e-02
    1.17442048e+00 6.88969195e-01 7.92183816e-01 1.21669793e+00
    -6.70204699e-01 1.16021550e+00 5.38331032e-01 9.68818069e-01
    -5.88176250e-02 -2.01468766e-01 1.60590553e+00 6.50613904e-01
    8.25462461e-01 1.14705205e+00 -4.67895716e-01 1.50920546e+00
    6.82598948e-02 9.97470915e-01 8.50630999e-01 6.43088400e-01
    1.32254803e+00 1.45291758e+00 3.86184812e-01 1.60944700e-01
    7.74516702e-01 1.44064593e+00 3.73765051e-01 1.10640836e+00
    -5.38547873e-01 1.36199045e+00 1.23890758e+00 -7.38113105e-01
    -1.97866917e-01 1.42100906e+00 -3.88395190e-01 6.16284788e-01
    2.74936736e-01 -2.25721866e-01 7.24687636e-01 1.34052205e+00
    -6.31415665e-01 5.79447091e-01 -1.98724926e-01 2.96501040e-01
    5.64706385e-01 1.98823631e-01 5.86468339e-01 4.10126805e-01
    -1.16950870e-02 1.33506036e+00 1.00363636e+00 3.42127085e-01
    1.01832640e+00 1.49348474e+00 7.93796241e-01 1.49674940e+00
    1.64174438e+00 -7.11192429e-01 8.05346370e-01 -3.48385334e-01
    7.18739033e-02 1.12727261e+00 8.58046830e-01 9.69533384e-01
    -4.46230173e-03 -2.84378588e-01 -4.13817674e-01 -5.26908875e-01
    6.12665594e-01 1.26700532e+00 8.41920435e-01 5.54796696e-01
    9.52875316e-01 1.18384600e+00 8.84565115e-02 -4.15468216e-03
    8.87079835e-01 -2.51027703e-01 2.51554668e-01 6.15655959e-01
    1.47402632e+00 2.82539129e-02 1.67231488e+00 -2.99719244e-01
    2.28806496e-01 9.17451560e-01 1.08651102e+00 1.52136910e+00
    1.16625047e+00 1.19899082e+00 1.22008681e+00 -2.89640158e-01
    1.33681917e+00 -6.12655401e-01 1.36157691e-01 5.36626935e-01
    1.58401752e+00 1.72403193e+00 -7.02383697e-01 9.57577348e-01
    9.51929152e-01 4.80736315e-01 1.42668819e+00 2.68937230e-01
    3.56109738e-02 9.68640089e-01 -1.82304025e-01 -5.60679913e-01
    -7.40143657e-01 4.54087079e-01 4.82852638e-01 -2.58974493e-01
    -7.53132701e-02 -6.46260500e-01 8.05539429e-01 -5.23157001e-01
    3.56174648e-01 1.26636767e+00 1.46739507e+00 1.54080677e+00
    5.73699117e-01 1.67602634e+00 1.25307965e+00 4.38110113e-01
    8.19012046e-01 1.26119781e+00 1.67164540e+00 2.74972320e-02
    1.41748714e+00 1.42866182e+00 -1.60826802e-01 5.28501570e-01
    1.15118849e+00 1.71434665e+00 1.12276816e+00 4.83308256e-01
    1.61981177e+00 3.68224382e-01 1.28617561e+00 1.08790576e-01
    -1.29754901e-01 1.07959580e+00 -2.77114034e-01 -4.97226119e-01
    8.66520762e-01 9.65072989e-01 1.21951270e+00 1.00311518e+00
    8.60390127e-01 9.60660577e-02 -4.29726839e-02 7.47922003e-01
    8.84028256e-01 2.24171162e-01 3.19341421e-02 -1.84620738e-01
    1.27490723e+00 2.88476944e-01 1.00132215e+00 -2.17871398e-01
    4.56078231e-01 -5.10526180e-01 1.54750896e+00 4.49715674e-01
    -3.98494244e-01 2.31360018e-01 -1.97855711e-01 -6.71297550e-01
    2.11241841e-02 1.72978866e+00 9.93837833e-01 9.09502506e-01
    2.62989402e-01 -4.68373328e-01 9.88088071e-01 -3.05369228e-01
    1.39624083e+00 5.93642592e-02 8.23330581e-01 -2.81908602e-01
    4.91470516e-01 1.61045015e-01 5.25280774e-01 -6.61651552e-01
    8.89909089e-01 1.60053515e+00 1.33653700e-01 -4.71442789e-01
    -2.84849763e-01 2.10898101e-01 -2.82804966e-01 1.04889870e+00
    -1.68992698e-01 -2.66308308e-01 -1.04067564e-01 7.30084002e-01
    1.37384033e+00 1.00556886e+00 1.73328340e+00 -1.88139975e-02
    2.03969622e+00 1.62104249e+00 1.37123609e+00 1.08565724e+00
    7.86174834e-01 1.08566546e+00 1.36854935e+00 6.24023855e-01
    7.68888414e-01 -7.11475074e-01 1.26707017e-01 9.19872224e-01
    1.08190906e+00 4.43153381e-02 -6.40393972e-01 4.23485100e-01
    5.18444598e-01 -4.93237525e-01 -7.40251839e-01 -1.07660592e-01
    -5.93546033e-01 6.81540370e-01 1.24485803e+00 2.47054577e-01
    4.03521121e-01 -4.27312374e-01 5.67335308e-01 1.05957031e+00
    5.72987914e-01 8.33317935e-01 1.21018171e+00 5.38444221e-01
    4.53516126e-01 -3.21021318e-01 -7.42132008e-01 -3.09568375e-01
    5.50206900e-02 3.54988694e-01 1.46368444e-01 1.18943703e+00
    -2.01539516e-01 2.95295835e-01 2.39858091e-01 1.18295825e+00
    8.82576168e-01 -6.99502826e-01 1.71615291e+00 -3.96059006e-01
    7.40821958e-02 3.22495162e-01 1.60377014e+00 1.06219137e+00
    3.50879312e-01 -1.36801422e-01 4.06578183e-02 -5.48444033e-01
    -6.43441260e-01 8.94452274e-01 1.30436015e+00 8.45734477e-01
    4.04941320e-01 -3.12477440e-01 -1.07132733e-01 -2.47695625e-01
    -7.42755830e-01 -2.48123407e-02 8.47925425e-01 -6.61147535e-01
    5.81777692e-01 8.26018453e-02 3.52519691e-01 9.34593022e-01
    -3.91220927e-01 -1.51985466e-01 6.92782998e-01 7.39404678e-01
    -2.94131875e-01 3.33269417e-01 1.43968463e+00 -9.01141763e-02
    -6.57154500e-01 -1.86332107e-01 -9.12874341e-02 1.43825781e+00
    1.43489838e+00 1.58314896e+00 1.83332622e-01 -2.04874396e-01
    1.00707912e+00 1.08596635e+00 4.83326733e-01 1.28790355e+00
    -5.91149271e-01 -6.38046443e-01 9.47085381e-01 -4.67383623e-01
    5.79515338e-01 1.74003983e+00 7.52182007e-02 3.09599638e-01
    1.16293859e+00 -3.23896676e-01 1.45054638e-01 1.23971605e+00
    4.43293750e-01 7.06136167e-01 1.44391561e+00 7.35494614e-01
    1.37471914e+00 -3.36307555e-01 -5.05321145e-01 2.54661262e-01
    -5.45442104e-04 8.46630514e-01 -3.90532941e-01 -2.86540329e-01
    1.50898695e+00 -6.64791584e-01 3.82336318e-01 -1.04001105e-01
    1.47178364e+00 9.32011902e-01 1.56208563e+00 -5.96064866e-01
    -4.26117301e-01 2.50107706e-01 2.24507809e-01 1.53467965e+00
    3.50027680e-02 1.71614146e+00 -3.42879415e-01 1.20368314e+00
    -7.23001301e-01 6.67865813e-01 -1.06530905e-01 -3.97568315e-01
    1.46709585e+00 1.31419945e+00 7.95009613e-01 6.34745240e-01
    -7.79311001e-01 8.97699594e-01 -7.25452185e-01 1.17085981e+00
    1.29287541e+00 1.19362986e+00 -4.87084210e-01 -5.62512755e-01
    1.16296315e+00 -3.42555165e-01 -2.51181722e-02 -1.57952130e-01
    -5.27101755e-02 1.08241200e+00 2.25651503e-01 -3.09834570e-01
    1.34344018e+00 6.32941723e-04 3.61767888e-01 -3.21686506e-01
    1.08110857e+00 9.30638134e-01 -2.98320055e-01 2.97930181e-01
    1.22370434e+00 5.98149300e-02 3.62829447e-01 1.43518090e+00
    -6.88405275e-01 -5.73159158e-01 7.11033463e-01 -2.43396938e-01
    4.17490721e-01 -6.56767845e-01 2.22146749e-01 1.34296048e+00
    -5.74537098e-01 8.94698739e-01 3.59287679e-01 -3.73318285e-01
    -4.49688852e-01 3.33628654e-02 -5.38995624e-01 1.70023060e+00
    8.09652686e-01 4.67386723e-01 -1.79275751e-01 -5.28092742e-01
    -4.98760343e-01 -1.74188793e-01 1.17026591e+00 3.04025531e-01
    -7.13722348e-01 -3.18817437e-01 -1.48601890e-01 1.54351354e+00
    6.23738527e-01 1.29471159e+00 6.51702106e-01 6.18122816e-01
    2.75281012e-01 8.99322808e-01 1.12737632e+00 1.37048674e+00
    1.29394710e+00 -4.20295507e-01 7.69526839e-01 -3.90436918e-01
    1.72266662e-01 -3.88575464e-01 1.78734672e+00 1.22734714e+00
    1.02163875e+00 1.47782445e-01 -5.51641881e-01 1.45783603e+00
    -6.17436588e-01 1.62399089e+00 1.09904480e+00 4.59270000e-01
    -6.12044513e-01 8.50856543e-01 -5.55027843e-01 -3.00077975e-01
    1.30369306e+00 -7.40343451e-01 1.54061556e+00 -3.39704067e-01
    7.97828078e-01 -5.87767482e-01 9.50187147e-01 -4.92421567e-01
    9.40607846e-01 -1.10800445e-01 1.47693396e+00 8.09293270e-01
    5.18582702e-01 1.59199214e+00 -1.72671258e-01 1.19138694e+00
    -4.24052566e-01 1.61081970e+00 -2.71551371e-01 2.77404368e-01
    1.23287559e+00 -6.88531637e-01 -5.47010124e-01 -1.56913400e-01
    -6.06031418e-02 1.01328254e+00 6.82939351e-01 1.46045899e+00
    7.98907757e-01 -6.80356324e-02 1.55826628e+00 2.03830266e+00
    -1.05760545e-01 9.53966141e-01 -3.89953077e-01 2.50191689e-02
    -2.49698162e-01 -2.85839409e-01 1.72577858e+00 -2.31534600e-01
    -1.97936177e-01 1.02783704e+00 3.26129675e-01 1.46374154e+00
    9.25097048e-01 4.59486663e-01 9.29280937e-01 -5.19453883e-01
    -1.06725097e-02 -1.69949532e-01 -5.17899454e-01 -3.82687956e-01
    1.52451575e-01 -6.17891312e-01 -4.95171130e-01 3.03011060e-01
    9.67121124e-01 1.34477842e+00 1.23842072e+00 8.79487574e-01
    -5.72971642e-01 1.55745983e+00 9.72319245e-01 1.68567348e+00
    7.55273700e-02 -3.14216614e-02 -2.93830395e-01 1.11459494e+00
    -6.78485751e-01 1.53849924e+00 -2.82759249e-01 5.75879872e-01
    1.21011162e+00 -1.02502763e-01 7.63457954e-01 1.69094956e+00
    1.42505240e+00 1.63262546e-01 1.44889593e+00 -4.87712324e-01
    2.84109294e-01 5.03068924e-01 -1.78620338e-01 6.35455906e-01
    -2.15705812e-01 -1.64564252e-01 8.72657776e-01 7.93819189e-01
    7.02475369e-01 7.76001811e-02 6.30976796e-01 7.92422950e-01
    -1.19589746e-01 -1.13110840e-01 -2.32163608e-01 1.88489795e-01
    -7.48011947e-01 3.85618210e-02 -5.57717502e-01 -7.24639058e-01
    6.85959220e-01 1.40631747e+00 5.34322739e-01 4.77637112e-01
    -1.41612768e-01 7.75083065e-01 1.63818121e-01 1.32546961e+00
    1.58477521e+00 2.89242446e-01 3.93055677e-02 1.10624170e+00
    1.36614251e+00 1.36502838e+00 1.19896770e+00 9.16803479e-02
    1.67301083e+00 1.27783215e+00 1.13774872e+00 7.00954199e-02
    1.51323080e-01 1.06584811e+00 -3.97244483e-01 -6.37836695e-01
    4.92330134e-01 1.43579483e-01 8.80606294e-01 1.78579783e+00
    -8.76945853e-02 3.49428773e-01 6.78246498e-01 -7.55523443e-02
    -3.37767631e-01 4.03641999e-01 1.21764398e+00 -7.29037821e-01
    1.64027214e+00 1.72839069e+00 -4.40966964e-01 1.08417511e+00
    3.43719244e-01 9.76709187e-01 -2.61986613e-01 1.22436905e+00
    -1.57646716e-01 -5.92529058e-01 1.69997859e+00 -5.40261269e-01
    1.09142852e+00 1.04958856e+00 5.24811983e-01 -5.79437852e-01
    1.47885728e+00 9.22174752e-01 -1.44709527e-01 1.09169412e+00
    -6.05211139e-01 1.91759646e-01 -3.51797432e-01 1.66118085e+00
    -6.15705371e-01 -2.79133469e-01 2.64753759e-01 4.81506228e-01
    6.96040094e-01 8.26570809e-01 1.12384748e+00 1.60217905e+00
    1.13739586e+00 -1.41129434e-01 8.27344239e-01 1.60824084e+00
    -2.87746072e-01 1.12429953e+00 6.52939320e-01 -2.32005298e-01
    -3.41715455e-01 9.40379381e-01 1.97309852e-02 1.14524817e+00
    3.81564617e-01 8.31485748e-01 2.25492954e-01 9.49019432e-01
    1.44214773e+00 3.83337617e-01 -1.64172649e-01 3.52635920e-01
    -3.77791077e-01 3.81695986e-01 -2.29103863e-01 1.58184767e-02
    7.69098639e-01 -3.62029761e-01 1.37633014e+00 2.88454533e-01
    3.05947959e-01 -6.86219454e-01 1.07851505e-01 9.07056332e-01
    -7.06792176e-01 5.03538847e-01 2.03785241e-01 1.30873871e+00
    4.03272808e-01 -5.26379943e-02 1.82175159e-01 5.94783962e-01
    -5.34959435e-02 1.64297462e+00 2.91384161e-01 1.51115322e+00
    6.84695840e-01 4.09092307e-01 -1.32233441e-01 1.08747697e+00
    -6.02460265e-01 1.22432733e+00 -4.65240121e-01 1.73747802e+00
    5.67784309e-02 4.54015732e-02 5.35035789e-01 1.67271912e+00
    9.36130524e-01 -4.77958113e-01 6.28326952e-01 -1.74051523e-03
    6.78189158e-01 1.10309696e+00 1.51657581e-01 3.97345483e-01
    8.16081762e-01 -6.37852371e-01 -3.83953184e-01 1.12918210e+00
    -4.12888080e-01 1.22956800e+00 -5.95107794e-01 -1.15304410e-01
    -6.61476970e-01 6.55448675e-01 -1.61600351e-01 -4.78450567e-01
    -4.63729739e-01 1.30528867e-01 -2.48068005e-01 -6.62498295e-01
    -9.02627110e-02 -2.74078399e-01 1.38405442e+00 1.01192951e-01
    -2.08189130e-01 6.01258278e-02 5.68274200e-01 1.75060022e+00
    -6.87905729e-01 -7.81804323e-03 -6.92523301e-01 -3.49646211e-02
    -4.35708761e-02 -8.02247524e-02 6.17531300e-01 5.91816247e-01
    -3.81041884e-01 3.80951583e-01 9.94525552e-02 1.22249961e+00
    1.24097347e-01 1.23516941e+00 4.14576292e-01 1.46329546e+00
    4.18722689e-01 4.91381407e-01 -6.56788170e-01 1.43810296e+00
    1.37598681e+00 1.62381005e+00 2.61720717e-01 -4.78652149e-01
    -6.24688625e-01 -4.35724676e-01 9.94212270e-01 5.15312493e-01
    5.19869149e-01 6.71863258e-01 2.50618607e-01 3.67427289e-01
    1.60791922e+00 1.12285233e+00 7.61288404e-01 1.23763883e+00
    1.38610196e+00 8.12240481e-01 1.09006822e+00 1.35155141e+00
    2.56357610e-01 -2.52647221e-01 -5.84818244e-01 -7.26682365e-01
    7.38090277e-03 1.69605923e+00 -2.33143568e-03 1.49104524e+00
    1.32205892e+00 -6.33237839e-01 7.64897108e-01 -7.04977512e-01
    -4.20305133e-02 -2.84804523e-01 8.60833108e-01 1.02342725e+00
    -2.95751542e-01 1.56282949e+00 6.22577012e-01 5.52499235e-01
    -2.52500176e-02 -7.40386605e-01 9.49629068e-01 1.55987287e+00
    9.72806096e-01 6.61430657e-01 1.96886837e-01 2.22106874e-01
    -5.59937596e-01 6.54325962e-01 6.99925065e-01 -3.63331288e-01
    1.33983731e+00 9.93605852e-01 -1.78032756e-01 1.52137494e+00
    1.19326377e+00 1.64945269e+00 3.73011112e-01 -5.96743703e-01
    1.34307098e+00 4.39142406e-01 -4.21911508e-01 1.00756454e+00
    3.22040558e-01 1.11270356e+00 -5.07092357e-01 -6.62618876e-01
    1.69253683e+00 -2.49116838e-01 2.96308041e-01 7.84857869e-01
    4.71383274e-01 7.60221720e-01 1.64996195e+00 3.35220695e-02
    5.22518277e-01 -3.37747127e-01 -4.25449073e-01 4.79179502e-01
    -7.44631052e-01 -6.78519607e-02 -6.11371636e-01 9.81128514e-01
    3.84680331e-01 2.17058063e-01 1.51560438e+00 1.19187963e+00
    1.44207406e+00 7.74380565e-01 8.46634746e-01 1.11838460e-01
    -1.83340907e-01 1.01040602e+00 7.09204018e-01 3.88369560e-01
    -5.27170539e-01 3.23705375e-01 -4.12304908e-01 -1.42627716e-01
    7.62408793e-01 7.36582756e-01 -1.96671665e-01 6.77551687e-01
    1.46603203e+00 -4.44185704e-01 9.03894603e-01 -1.05493665e-01
    -1.85628951e-01 1.08475971e+00 -2.21827716e-01 1.71716332e+00
    1.31910658e+00 -4.51284081e-01 -7.02949166e-02 -4.59427178e-01
    1.68546844e+00 1.60154057e+00 1.08902597e+00 1.23798740e+00
    3.85096788e-01 1.62311065e+00 7.01985359e-02 1.53632998e-01
    3.21044028e-01 1.00935125e+00 1.01679993e+00 -1.04360044e-01
    -2.75703996e-01 -3.00505310e-01 1.54569840e+00 -2.61781067e-01
    1.12750626e+00 1.05595767e-01 3.09167445e-01 1.72482610e+00
    1.35497975e+00 3.27104867e-01 7.72376895e-01 -5.29731572e-01
    5.25331497e-01 1.15283704e+00 -1.83068633e-01 5.33413053e-01
    7.79012442e-01 2.80676544e-01 1.59979892e+00 1.10529780e+00
    3.12932730e-02 -4.09423083e-01 1.37853551e+00 5.37686467e-01
    1.44571090e+00 -3.17950189e-01 -6.60699010e-01 3.92655134e-02
    1.73895180e-01 -1.22055054e-01 8.16995263e-01 1.68694198e+00
    3.45843732e-01 2.62351036e-02 1.48023748e+00 1.40327680e+00
    -4.62183207e-01 8.51960778e-02 -1.32751346e-01 5.84539175e-02
    9.84720051e-01 5.05517244e-01 8.13976586e-01 -4.48774070e-01
    1.47815597e+00 1.87438846e-01 -5.96478403e-01 3.81908357e-01
    1.19582522e+00 1.40442312e+00 5.63228607e-01 -1.43567264e-01
    3.26455474e-01 -2.32939005e-01 1.10438347e+00 -4.33122665e-01
    4.15136755e-01 -3.10811073e-01 -5.83591998e-01 3.31323266e-01
    -1.59767807e-01 6.10306561e-01 1.79803133e-01 2.59532511e-01
    1.69877434e+00 1.41661930e+00 -5.46340764e-01 -6.33858323e-01
    -2.00451434e-01 -6.40999734e-01 1.41217482e+00 1.67076397e+00
    5.86860240e-01 1.44456565e-01 1.08217192e+00 9.12751853e-01
    2.41813421e-01 1.14748144e+00 7.63850212e-02 2.58598328e-02
    2.23487973e-01 7.58936286e-01 -7.53745258e-01 1.43280697e+00
    -1.38757288e-01 -3.09883863e-01 -5.33476651e-01 -2.44873762e-02
    -5.63753009e-01 5.83217800e-01 1.51696920e+00 8.48168969e-01
    1.56993818e+00 3.67854834e-02 1.00152469e+00 -6.31242275e-01
    1.32372093e+00 -3.09736252e-01 3.53681326e-01 -3.03249449e-01
    -5.12522042e-01 5.80801189e-01 7.23709941e-01 5.94006836e-01
    1.20362091e+00 1.73632860e+00 1.46351874e-01 1.15939283e+00
    1.59265554e+00 -4.92031902e-01 1.70052958e+00 -5.46507120e-01
    4.48299706e-01 -5.13866425e-01 -9.55010653e-02 -1.48144245e-01
    1.71776342e+00 1.53103745e+00 9.21249986e-02 4.23653901e-01
    4.59770501e-01 1.36200953e+00 1.70573378e+00 1.54353142e+00
    2.19928980e-01 1.68168724e+00 -1.94757521e-01 -6.02968335e-02
    1.16564369e+00 1.54713440e+00 8.26076269e-01 2.92165458e-01
    8.32314670e-01 8.98078024e-01 -4.20143843e-01 -4.30927485e-01
    -1.46234035e-02 1.54053164e+00 1.50979710e+00 -2.72564948e-01
    1.59972274e+00 1.05628455e+00 1.04236913e+00 -3.50481749e-01
    6.24223948e-01 -5.51842332e-01 4.62715685e-01 9.14001882e-01
    1.03263450e+00 -5.35750389e-02 1.42718172e+00 -1.42776847e-01
    9.59913790e-01 1.01294422e+00 -6.24183416e-01 1.49497652e+00
    1.52313733e+00 1.19396996e+00 1.59653318e+00 7.94204116e-01
    6.10197663e-01 -8.24877620e-02 2.68526137e-01 1.43970358e+00
    4.92788792e-01 -7.11567640e-01 -6.58424199e-01 1.15882683e+00
    7.94244349e-01 1.69612873e+00 1.50087595e+00 8.98064673e-01
    4.86132145e-01 7.44064152e-01 8.25310528e-01 1.10627079e+00
    1.06627035e+00 1.55539632e+00 7.92985380e-01 1.71972024e+00
    1.20222044e+00 1.19855189e+00 1.72001207e+00 -5.34147978e-01
    -7.19819665e-01 1.38052702e+00 -3.79633844e-01 2.75181890e-01
    1.19166076e-01 -6.01635158e-01 2.19680727e-01 1.22131419e+00
    -6.47136569e-01 -4.98441398e-01 4.80869949e-01 1.17035770e+00
    2.70698726e-01 1.03499246e+00 -3.07241768e-01 -6.71775579e-01
    4.39895391e-01 1.44305563e+00 6.73815906e-01 1.03063631e+00
    5.97974122e-01 1.08502412e+00 -2.95494348e-01 -3.76193523e-01
    1.48982167e-01 1.56715679e+00 4.58207607e-01 2.03678370e-01
    -3.20228547e-01 -3.51953506e-01 -9.33622122e-02 4.46994483e-01
    -3.29751998e-01 1.26254988e+00 1.06157994e+00 3.76462936e-04
    1.43179893e+00 1.10672736e+00 8.33669484e-01 1.66570926e+00
    1.68600941e+00 1.39767611e+00 5.06584466e-01 3.94468546e-01
    -6.77961349e-01 1.02261019e+00 8.14698398e-01 -4.65874672e-02
    1.74032021e+00 1.23908818e-01 3.28825116e-02 -1.77704453e-01
    -6.60620391e-01 5.26220620e-01 -3.56952608e-01 8.32281590e-01
    1.13632298e+00 3.17112505e-01 -2.51508355e-02 -1.29814208e-01
    5.66249192e-01 6.11799419e-01 -3.40299904e-01 1.05670309e+00
    -6.09388769e-01 2.01428294e-01 1.47345459e+00 1.14835548e+00
    -5.51178157e-01 2.95235634e-01 2.29568779e-01 6.76451802e-01
    6.24100029e-01 5.81263602e-01 1.06793034e+00 4.92472708e-01
    9.02594507e-01 1.02373767e+00 1.06071734e+00 1.39237046e-01
    3.57503057e-01 1.46946013e-01 3.62400770e-01 1.03162813e+00
    2.54794538e-01 1.72025347e+00 6.39259160e-01 1.38147771e+00
    -3.86522949e-01 -8.22491050e-02 -4.32402492e-02 -6.32075071e-01
    1.19333005e+00 6.79839432e-01 3.58429730e-01 1.61813927e+00
    8.64957154e-01 1.27691078e+00 2.15193033e-02 -2.51046181e-01
    1.49502194e+00 -5.05354226e-01 -3.10878903e-01 1.01272225e+00
    -4.48625326e-01 -7.52215266e-01 7.61384428e-01 -2.65806317e-01
    1.75605774e+00 -6.70680881e-01 1.13602972e+00 -3.30574602e-01
    1.68013048e+00 1.58312976e-01 1.42984664e+00 -5.55790484e-01
    9.43934560e-01 1.68829346e+00 1.14977908e+00 1.14760423e+00
    -1.77081943e-01 5.61519861e-01 8.85974944e-01 -4.57720906e-01
    5.70203662e-01 1.25278699e+00 -3.47245336e-02 1.38963151e+00
    -4.87754732e-01 -1.95014179e-01 -3.48832905e-01 2.43168235e-01
    -1.95419014e-01 1.39183879e+00 1.28636563e+00 3.53828073e-02
    1.23597097e+00 3.30874503e-01 1.11629367e+00 1.40052271e+00
    1.74732804e+00 6.45763814e-01 -3.10208023e-01 1.17134714e+00
    -4.80582803e-01 -5.19590974e-01 7.37874508e-01 5.97726166e-01
    -3.59993696e-01 1.57956541e+00 1.22323895e+00 9.37277079e-03
    1.48814964e+00 -7.09294975e-01 3.87412131e-01 8.22301507e-02
    9.81982470e-01 1.03056252e+00 4.18092608e-02 1.20581126e+00
    -5.62805057e-01 -1.66971624e-01 -2.23345369e-01 8.56441915e-01
    -2.51409113e-01 1.55182970e+00 -2.38221735e-01 3.64256144e-01
    8.57260764e-01 -2.16031075e-02 1.15204978e+00 4.99884248e-01
    1.64792252e+00 -5.03362536e-01 7.44966328e-01 1.15335453e+00
    9.71857011e-01 6.09993756e-01 3.94901812e-01 7.87322938e-01
    8.14013422e-01 9.69200134e-01 1.32919788e+00 4.93486524e-01
    5.48824131e-01 6.40141964e-01 6.05389118e-01 8.05561960e-01
    1.41722655e+00 7.89631307e-01 8.93075228e-01 -9.50053930e-02
    1.50258553e+00 1.56523061e+00 4.59155679e-01 1.42217314e+00
    2.19277203e-01 1.10957670e+00 -3.86478841e-01 1.48532200e+00
    1.33986306e+00 1.38208318e+00 9.81628001e-01 3.07434797e-01
    1.25342953e+00 -3.57801527e-01 -1.61297798e-01 1.09125471e+00
    1.74660921e+00 1.82371116e+00 5.82192302e-01 1.41930699e-01
    1.27581209e-01 7.67583966e-01 -9.02114809e-02 1.71375573e-01
    1.08096576e+00 -4.16576833e-01 -4.35481638e-01 1.51932132e+00
    -1.18865848e-01 -3.09411645e-01 -4.84345555e-02 1.55378175e+00
    2.11147845e-01 -1.42533422e-01 1.31128073e-01 6.60290837e-01
    1.34259772e+00 -1.14702463e-01 2.84641981e-01 1.50869060e+00
    1.21752369e+00 8.37490737e-01 3.62172484e-01 8.35037529e-01
    4.29056287e-01 -5.39963543e-01 -5.06938815e-01 -6.08210206e-01
    5.59235394e-01 1.74521780e+00 1.52415788e+00 5.07223129e-01
    2.77554989e-02 -3.88083458e-02 5.07293761e-01 -6.91371560e-01
    -1.17539942e-01 8.63035440e-01 -6.56032681e-01 1.28270459e+00
    2.21729517e-01 6.35939360e-01 3.56030464e-03 9.33948278e-01
    1.58359575e+00 1.35129046e+00 3.06695104e-02 -1.89965963e-02
    -5.46019435e-01 1.29022002e-02 -6.03508472e-01 -3.87708783e-01
    -3.87810767e-01 -6.48648679e-01 -5.45062244e-01 1.86394691e-01
    9.76796269e-01 1.24476576e+00 1.42281651e+00 1.19396031e-01
    1.17103326e+00 9.88012135e-01 6.28578067e-02 2.59017825e-01
    1.16496754e+00 6.86388016e-01 4.94349658e-01 4.95136499e-01
    9.98773575e-01 7.16279864e-01 -8.82956386e-02 -5.21067441e-01
    5.55027246e-01 -5.37206650e-01 -1.41958475e-01 6.39923990e-01
    -4.57486361e-01 -1.25194907e-01 7.30221629e-01 6.63366318e-01
    1.11487269e+00 7.99352646e-01 9.23153222e-01 -3.25860739e-01
    1.09320784e+00 9.01221335e-01 5.72078884e-01 1.47873199e+00
    -5.44160008e-01 3.07634950e-01 1.04234469e+00 1.29569709e-01
    4.15705442e-01 -3.40080172e-01 -5.20318508e-01 -3.56446415e-01
    -3.90868187e-01 -1.64605916e-01 -2.02692747e-01 1.80274129e+00
    -5.31764388e-01 -4.17654514e-02 8.24613631e-01 -4.45736140e-01
    1.67584240e-01 -5.14127254e-01 1.46055150e+00 -7.18916237e-01
    -3.93266797e-01 3.00104082e-01 4.99003232e-01 1.20552945e+00
    1.03119719e+00 1.72368360e+00 1.28101087e+00 1.01343703e+00
    -8.02866220e-02 6.07039690e-01 2.56031871e-01 -2.41597980e-01
    1.69538713e+00 1.69051671e+00 1.35982203e+00 2.95912027e-01
    -3.01967859e-02 1.00661922e+00 3.56847048e-02 -3.42343330e-01
    6.61831796e-01 1.18156445e+00 -5.67810535e-01 8.38464499e-02
    4.77184951e-01 1.27700233e+00 1.49334562e+00 1.34141743e-01
    5.51409364e-01 1.17999160e+00 -4.04383689e-01 -7.47613370e-01
    -1.56286836e-01 7.48519540e-01 -3.13606143e-01 -3.62504631e-01
    1.38194966e+00 9.71705854e-01 -1.01165116e-01 1.34228325e+00
    1.94200456e-01 2.55056381e-01 2.76845694e-03 1.40318596e+00
    1.01584685e+00 4.04193044e-01 -2.32049525e-01 9.27368104e-01
    6.09391153e-01 -5.25923252e-01 1.40480196e+00 -1.36412859e-01
    1.49041510e+00 2.21877038e-01 1.64212275e+00 -6.25760257e-01
    7.41758883e-01 1.51116276e+00 1.03131366e+00 8.43818903e-01
    -6.54924572e-01 3.75067711e-01 7.79193640e-01 3.55675161e-01
    1.05597305e+00 -1.54724717e-02 1.59656119e+00 1.23352385e+00
    3.32604647e-01 8.59437823e-01 -6.42994702e-01 1.95139706e-01
    2.70619571e-01 -5.65884650e-01 8.27572167e-01 1.31468391e+00
    -6.91273332e-01 -3.26002002e-01 1.39246726e+00 1.26448417e+00
    -3.16622347e-01 6.25635564e-01 3.86446595e-01 1.09423327e+00
    1.43407142e+00 2.56038547e-01 1.50078177e+00 4.01460230e-01
    1.40292430e+00 -3.44730020e-02 -6.94577098e-02 1.58368421e+00
    1.07481587e+00 1.03894055e-01 9.16014671e-01 9.99699771e-01
    1.46081161e+00 1.09553576e+00 9.86056387e-01 1.55606866e-01
    5.65342426e-01 -5.87278485e-01 1.67324662e+00 -1.25715137e-02
    7.01921940e-01 9.79737461e-01 -5.53528726e-01 4.41347361e-02
    1.41389406e+00 7.08926260e-01 4.68840539e-01 1.39084983e+00
    1.27585566e+00 1.52042294e+00 5.60585737e-01 7.10414290e-01
    1.36810374e+00 3.30614030e-01 -1.38984144e-01 -6.14427269e-01
    5.56972504e-01 7.85023808e-01 1.57376611e+00 1.38046181e+00
    -2.55870044e-01 1.48969543e+00 8.06963861e-01 1.65431058e+00
    4.17234540e-01 1.33913851e+00 1.09953487e+00 -1.11568511e-01
    4.00726438e-01 1.15166485e+00 -5.21360517e-01 3.48820210e-01
    2.05320120e-03 1.06160736e+00 -4.83531445e-01 5.44337988e-01
    -6.70954764e-01 1.67118192e+00 6.11778557e-01 1.06807268e+00
    1.21503317e+00 1.75271535e+00 1.34680033e-01 2.07863331e+00
    1.24988019e-01 1.98127115e+00 3.36639345e-01 1.05924726e+00
    1.42564094e+00 7.85697520e-01 1.24463129e+00 1.06537676e+00
    -3.08880597e-01 5.60440302e-01 1.32148671e+00 9.49216247e-01
    1.20580435e+00 -1.89170599e-01 5.36056101e-01 -4.78075027e-01
    1.27782798e+00 4.40218389e-01 9.24070179e-01 1.43683112e+00
    1.60831666e+00 1.18661737e+00 -5.35153985e-01 2.19712019e-01
    1.62546611e+00 5.10701776e-01 1.70679402e+00 -1.96387529e-01
    1.35082150e+00 -4.74800646e-01 -3.16591501e-01 8.64331067e-01
    2.95073986e-01 -6.00816786e-01 2.13989973e-01 1.01853180e+00
    7.73488283e-02 9.21620309e-01 -2.98346579e-01 9.80107367e-01
    -3.93641174e-01 1.15897584e+00 -4.31645662e-01 1.73765385e+00
    2.82458842e-01 6.27244711e-02 3.16000879e-01 2.35144615e-01
    5.07205963e-01 -2.74039179e-01 9.43132699e-01 1.27763212e+00
    1.40097439e+00 4.73195314e-01 -6.73797607e-01 7.51581669e-01
    -1.40538573e-01 1.44695199e+00 7.46322930e-01 7.67508447e-01
    -4.82894212e-01 1.64374924e+00 -2.96977490e-01 -5.52562118e-01
    6.63822472e-01 9.64250326e-01 7.98649251e-01 -1.25603378e-01
    3.99038732e-01 1.68606126e+00 6.64375067e-01 5.95114589e-01
    -6.08942509e-01 1.47916019e+00 -4.19567525e-01 -7.20573246e-01
    3.68099272e-01 4.72968340e-01 5.32673061e-01 -4.35344666e-01
    9.24231231e-01 -2.07754850e-01 7.10806906e-01 1.51070428e+00
    1.65638900e+00 -3.27233136e-01 -4.65955138e-02 2.33702362e-01
    9.72810149e-01 -5.23201525e-01 9.33824718e-01 2.97230899e-01
    1.60573208e+00 4.15171206e-01 1.64020061e+00 4.08789515e-02
    5.15162468e-01 1.93404317e-01 5.72022319e-01 -3.48110288e-01
    5.11483073e-01 -2.28818268e-01 7.56979287e-01 8.38251233e-01
    -3.91972631e-01 -6.88878953e-01 1.48036456e+00 1.57204318e+00
    1.27830625e+00 1.71986473e+00 1.13025892e+00 1.45820379e+00
    -5.91794491e-01 -4.88927126e-01 5.80249667e-01 1.67502928e+00
    -5.16236663e-01 -6.95276022e-01 -8.69295597e-02 7.39141345e-01
    1.45751894e+00 -4.35186654e-01 -1.35313213e-01 1.12340522e+00
    1.10851395e+00 9.00605679e-01 -2.30397582e-02 9.56532121e-01
    1.03035331e+00 1.41975224e-01 -6.25772595e-01 9.62208748e-01
    8.79847169e-01 1.05485725e+00 1.17043674e-01 -6.44472003e-01
    1.38780594e+00 6.31130993e-01 -1.20607734e-01 5.43724060e-01
    8.66875827e-01 1.45214248e+00 1.52439332e+00 1.56756711e+00
    1.10216260e+00 1.66437566e+00 1.03191185e+00 -1.21626496e-01
    -4.85866070e-02 1.34614754e+00 1.17945850e+00 -7.15332448e-01
    1.47931409e+00 1.21476591e+00 1.15997577e+00 1.69609833e+00
    3.55777085e-01 8.05456698e-01 9.00499821e-02 4.08265591e-02
    -4.37391490e-01 -4.98424470e-01 5.86190283e-01 1.96313679e-01
    1.44735634e-01 5.56545854e-02 1.46231914e+00 -6.45934105e-01
    1.17792380e+00 1.11010981e+00 3.53345156e-01 1.28372157e+00
    1.45502174e+00 1.34831309e-01 -6.14254475e-02 1.68138552e+00
    2.93513834e-01 1.06512368e+00 1.36374414e-01 6.68167233e-01
    2.55978763e-01 8.11607122e-01 -3.23440284e-01 2.37721205e-03
    -6.32541597e-01 4.74742651e-02 -3.99016142e-02 6.79925621e-01
    -2.03716159e-01 1.06286502e+00 -1.78168476e-01 7.23839223e-01
    1.42050469e+00 8.09829354e-01 -1.09315693e-01 7.13454604e-01
    1.03094518e-01 1.59500074e+00 9.09665585e-01 -4.45717573e-02
    -3.20668697e-01 1.48087859e+00 -6.96705341e-01 -2.16960907e-04
    -5.60246944e-01 1.52616906e+00 -4.34390306e-02 1.46853542e+00
    -8.35137367e-02 4.39479530e-01 -6.68899119e-01 -2.23904550e-01
    -2.36956209e-01 4.71992612e-01 7.01011300e-01 6.13414228e-01
    -1.95034593e-01 -3.11317086e-01 -1.50655925e-01 9.34684575e-01
    -4.22238111e-02 3.18968058e-01 2.25708961e-01 1.74340248e+00
    1.05937886e+00 1.51184666e+00 -4.25100505e-01 7.03832507e-01
    2.84231722e-01 1.51354074e+00 1.72753847e+00 9.04799461e-01
    1.22728038e+00 1.64993525e+00 -4.46832806e-01 8.89992833e-01
    5.54424882e-01 2.14831054e-01 5.25212944e-01 5.71838260e-01
    1.57011628e-01 -2.27990806e-01 8.40885937e-01 -1.37764752e-01
    8.16466749e-01 6.95913970e-01 9.07177925e-01 1.35265470e+00
    1.00605345e+00 1.41111076e-01 2.70168185e-02 1.29353404e-02
    4.05056000e-01 1.08279645e+00 1.70110738e+00 1.71394050e+00
    5.59400320e-01 1.36991000e+00 2.00135183e+00 1.83542514e+00
    1.29191184e+00 7.39311934e-01 1.72307396e+00 -6.60648882e-01
    1.16977882e+00 2.90417075e-02 1.26308596e+00 2.05892086e-01
    1.56222105e+00 1.43726039e+00 7.56999552e-01 -6.53832316e-01
    -6.62392437e-01 -2.52611220e-01 -3.17687482e-01 1.64189839e+00
    1.60638571e+00 6.98430657e-01 -5.18665373e-01 -7.03932047e-01
    -1.39390707e-01 -6.54123545e-01 -2.60215998e-03 -7.17631042e-01
    -3.63404095e-01 1.45223677e-01 -7.88648129e-02 1.25353599e+00
    1.24587202e+00 1.55259252e+00 1.65809393e+00 -2.64619887e-01
    -7.72740245e-01 7.34068990e-01 8.27229619e-01 1.47603083e+00
    -7.40249336e-01 -2.90175825e-01 1.57232404e+00 1.00293744e+00
    -2.01273143e-01 1.05418503e+00 2.21876383e-01 2.62262344e-01
    6.13988400e-01 -2.77757347e-01 -4.73041713e-01 1.55458426e+00
    2.11372852e-01 7.09028244e-01 1.52076960e+00 1.76319218e+00
    6.91463947e-02 4.90866959e-01 6.13259375e-01 7.52868652e-01
    1.35118914e+00 9.71241832e-01 2.61834800e-01 2.96716094e-01
    -5.52191854e-01 -4.77433801e-01 8.93006980e-01 1.67073298e+00
    -2.13881731e-01 1.83585942e-01 2.37414837e-02 -7.20259547e-01
    3.59765291e-02 7.30329692e-01 8.50571454e-01 4.19997752e-01
    6.55939162e-01 1.52265954e+00 -3.31318378e-03 4.94825423e-01
    7.64251947e-01 1.25325751e+00 1.41246748e+00 7.60612428e-01
    -1.29612684e-02 6.18891120e-02 5.10247409e-01 -1.34304225e-01
    8.04092467e-01 -2.85472691e-01 -6.42068624e-01 1.17265224e+00
    1.04456723e-01 -6.23960018e-01 -4.64887261e-01 7.80374289e-01
    1.01013100e+00 -6.74561977e-01 -2.08070278e-02 1.19228840e+00
    -6.49348319e-01 -1.68443501e-01 -7.50837684e-01 1.55850697e+00
    9.71559584e-01 1.44662547e+00 1.70673227e+00 -3.52356732e-01
    4.44864631e-01 8.62947106e-02 1.25681984e+00 -2.59068608e-02
    1.42542374e+00 -6.61687493e-01 -5.05987644e-01 -3.34624648e-02
    -6.65312946e-01 -7.11747348e-01 4.88359690e-01 1.48421705e-01
    1.48990691e-01 -6.99044287e-01 1.29313302e+00 -6.20162427e-01
    1.83026552e-01 1.54875088e+00 1.66942120e+00 -3.44413519e-02
    7.97087789e-01 1.41170025e+00 -1.36045218e-01 1.18693566e+00
    6.19158149e-01 1.57450426e+00 8.10002625e-01 1.44992971e+00
    1.37949610e+00 4.85960007e-01 1.38577521e-01 1.00442767e-01
    7.46279001e-01 7.34653533e-01 2.45440602e-01 5.37153125e-01
    -7.53778219e-02 6.76108360e-01 1.24333858e+00 3.66010547e-01
    7.31106460e-01 7.38165140e-01 8.68177295e-01 1.73857737e+00
    1.73854637e+00 6.16841435e-01 -2.64682531e-01 4.44163740e-01
    3.04699302e-01 1.37130666e+00 -2.64213175e-01 1.53909969e+00
    2.72044182e-01 5.20013750e-01 5.69026589e-01 1.25757051e+00
    5.89376271e-01 1.46384859e+00 2.99675286e-01 7.08917499e-01
    1.41085529e+00 -1.31735384e-01 2.50809133e-01 1.66516614e+00
    1.48197067e+00 1.49239993e+00 1.09493589e+00 1.49768376e+00
    3.40078473e-02 5.47176421e-01 1.07537293e+00 1.59045243e+00
    1.59228027e+00 8.57645392e-01 1.69065762e+00 1.88180208e-02
    1.75044513e+00 1.44487071e+00 2.25503445e-01 -6.84557319e-01
    1.37619710e+00 1.86262429e-01 4.17394102e-01 -1.71621501e-01
    1.28003716e+00 6.01825714e-01 6.83710754e-01 7.46814191e-01
    1.01066589e+00 1.18473291e+00 5.33014059e-01 2.62194216e-01
    2.80912519e-02 1.57155347e+00 1.01789808e+00 -6.27637863e-01
    3.35999787e-01 9.29769278e-02 1.31393361e+00 -5.12372971e-01
    -1.02438807e-01 8.27987373e-01 -6.12075150e-01 8.75558078e-01
    -9.24037695e-02 1.38180184e+00 1.09784067e-01 1.44007242e+00
    1.51663733e+00 3.59514296e-01 -3.00887585e-01 1.77457154e-01
    -6.52321041e-01 1.57876086e+00 -8.08350444e-02 -6.11776412e-01
    -6.88874245e-01 -6.19382322e-01 1.72695780e+00 -1.43216133e-01
    1.75183809e+00 1.12402940e+00 -7.65252113e-03 -4.86891568e-01
    8.19899380e-01 -5.12576699e-02 3.05323362e-01 1.68769503e+00
    -4.56813037e-01 4.32825565e-01 1.24065340e+00 3.85031760e-01
    1.21666634e+00 1.59503889e+00 1.28794050e+00 9.84396577e-01
    1.47420597e+00 1.46054447e+00 -4.14673030e-01 1.28197730e-01
    1.68899047e+00 -5.68735719e-01 -2.34334260e-01 1.04992628e+00
    2.95428395e-01 1.82792056e+00 7.44236588e-01 -3.26256543e-01
    -2.49729022e-01 -1.73638403e-01 1.06663978e+00 1.55483603e+00
    1.22104192e+00 -4.21872914e-01 -5.25858641e-01 1.66946912e+00
    4.04749334e-01 4.66162860e-01 5.62347770e-01 -2.93589056e-01
    1.22969639e+00 4.11680341e-02 1.65391374e+00 1.53951395e+00
    3.35102975e-01 3.36603582e-01 9.22859132e-01 1.64554441e+00
    -2.05805600e-01 4.39839244e-01 3.08068693e-01 7.60662615e-01
    -6.22081459e-01 1.38124490e+00 1.14442992e+00 2.80884743e-01
    -8.29746723e-02 1.16534114e+00 -4.11059171e-01 -5.60970128e-01
    1.72214198e+00 -6.44856870e-01 4.42681193e-01 1.40407276e+00
    -4.73759174e-02 7.68481553e-01 -8.69043469e-02 1.41882539e-01
    1.30481124e-02 -1.04354203e-01 9.67019200e-01 -6.23624027e-01
    1.68218875e+00 -2.94214457e-01 2.75062919e-02 1.69417286e+00
    1.52834678e+00 -3.84262025e-01 -4.51639235e-01 9.62954104e-01
    5.40563941e-01 1.32088673e+00 1.56168723e+00 1.13006711e+00
    6.57722652e-01 -5.56282759e-01 4.00661051e-01 -7.11103678e-02
    1.44324124e+00 5.46852410e-01 1.72354186e+00 3.02270949e-01
    1.56071103e+00 2.45691299e-01 2.38536656e-01 -2.18395472e-01
    2.72981763e-01 1.40847969e+00 1.48405004e+00 1.06323540e+00
    3.05736005e-01 2.76801407e-01 -7.78117180e-02 -4.87448782e-01
    1.18958104e+00 1.39273524e+00 1.34516215e+00 1.62726998e+00
    -6.21751964e-01 9.35938358e-01 -7.60528266e-01 6.49483204e-01
    -6.90029860e-02 3.01696360e-01 5.64816535e-01 1.35283113e-01
    6.34970069e-02 1.04086828e+00 -2.74373829e-01 1.16537416e+00
    1.50489831e+00 -5.68737924e-01 4.05139267e-01 1.07494056e+00
    9.53778684e-01 1.69453657e+00 1.35506725e+00 -7.41139352e-01
    -6.47705972e-01 -2.31025815e-02 9.23428237e-01 1.37128568e+00
    8.78349781e-01 2.83133864e-01 8.43423843e-01 -3.79794836e-02
    6.55042768e-01 -1.35603964e-01 6.31196737e-01 1.33976638e+00
    7.17803597e-01 1.26888084e+00 8.32123697e-01 -5.65201759e-01
    -7.06654906e-01 1.23768592e+00 -4.34230685e-01 -3.13438803e-01
    2.39499450e-01 -8.54747891e-02 8.34647298e-01 -7.01863825e-01
    -2.97318488e-01 -4.33458418e-01 -4.24407125e-02 1.70082450e-02
    8.27570856e-01 4.92070377e-01 1.56649947e-02 -5.68151653e-01
    1.54704189e+00 -5.40814996e-02 4.24778163e-01 1.11211574e+00
    8.54373574e-01 3.45731616e-01 6.95611715e-01 7.89761186e-01
    1.61336780e+00 1.36498141e+00 3.59135985e-01 -7.59247422e-01
    -7.44654596e-01 1.67522144e+00 1.28082669e+00 -3.31582874e-01
    6.20253921e-01 -5.64631402e-01 1.33712864e+00 -1.38534725e-01
    1.12703264e-01 -5.50964057e-01 3.13238859e-01 1.07727838e+00
    2.84579217e-01 -6.88536048e-01 -7.41605997e-01 2.75510788e-01
    1.67017603e+00 1.72168255e+00 -6.64798856e-01 -4.56761479e-01
    6.61802232e-01 1.73876321e+00 1.56752896e+00 1.27918959e-01
    3.38721216e-01 3.18855882e-01 1.28494036e+00 1.12665272e+00
    1.33714986e+00 1.66664243e+00 -2.31964350e-01 1.36805511e+00
    6.70530736e-01 -3.27664882e-01 1.37661266e+00 1.58334160e+00
    1.30919647e+00 -5.07262051e-01 1.32629895e+00 1.33399785e-01
    1.57185757e+00 4.15311515e-01 6.71077728e-01 -5.86795807e-02
    1.27366018e+00 -4.10547376e-01 -4.56161946e-01 1.51527643e+00
    1.32536411e+00 1.28099501e-01 8.54440451e-01 -2.73459733e-01
    -4.53485847e-02 -6.82047307e-01 1.20214415e+00 -5.63397825e-01
    6.55768871e-01 2.46938884e-01 3.47495198e-01 1.50514650e+00
    -4.03525442e-01 -3.47515106e-01 8.47508907e-01 5.12406170e-01
    1.46523023e+00 -4.43839848e-01 -6.33202791e-02 2.76717961e-01
    1.62158656e+00 3.78241122e-01 5.77265263e-01 1.47145176e+00
    5.69685102e-02 9.99296010e-01 1.77959943e+00 1.90130472e-02
    7.06589401e-01 -6.07888997e-01 7.24288821e-01 -3.33331138e-01
    -3.71684849e-01 -6.67234182e-01 1.12038612e+00 -4.15435374e-01
    1.17360163e+00 -5.31433225e-02 -6.55379415e-01 1.53309679e+00
    -3.62781286e-02 8.60482991e-01 6.74220085e-01 -1.24703825e-01
    9.57408607e-01 6.55485928e-01 -1.22598648e-01 -1.42363906e-01
    1.15498114e+00 5.59099555e-01 5.98051906e-01 9.07228410e-01
    1.21283960e+00 5.95154762e-02 1.55540133e+00 7.28224516e-02
    5.57194114e-01 -2.84084886e-01 4.43533540e-01 8.31333995e-02
    -1.44871593e-01 4.14225429e-01 6.73117876e-01 7.53765643e-01
    9.93496597e-01 1.15865159e+00 1.09761071e+00 1.03722882e+00
    1.36575902e+00 -1.24944568e-01 -5.42880297e-02 1.54298007e+00
    1.02939272e+00 -4.69358325e-01 1.42830420e+00 -6.71810806e-01
    -4.05664563e-01 4.38970506e-01 5.61556220e-02 9.15190876e-01
    6.95489824e-01 5.28897524e-01 7.50021815e-01 4.52120364e-01
    1.73137796e+00 -5.81342816e-01 1.84129834e-01 -4.18356150e-01
    1.65268302e-01 3.29494834e-01 -2.88537621e-01 9.57553864e-01
    1.68475747e+00 1.31630838e-01 1.70260191e+00 4.75065112e-01
    7.57896781e-01 1.23372841e+00 1.06333375e+00 -3.55337143e-01
    -2.90830106e-01 1.65184593e+00 -2.28143930e-02 -2.98880160e-01
    -7.34173477e-01 7.33470321e-02 1.14708722e+00 8.24322939e-01
    -1.22788548e-01 -3.07736427e-01 2.91789114e-01 9.17656898e-01
    -5.45721531e-01 -6.79983497e-02 6.76112175e-01 1.24268711e-01
    6.04956150e-01 -5.93047857e-01 5.61843991e-01 1.66246998e+00
    7.15687156e-01 4.34437692e-01 1.07330561e+00 1.75897598e+00
    1.62535238e+00 1.52631128e+00 -1.82064712e-01 3.77211452e-01
    1.18153071e+00 1.27855039e+00 1.09588802e+00 -1.12709463e-01
    -5.68062961e-01 9.42856312e-01 7.78193653e-01 9.27284360e-01
    -6.86167717e-01 1.46880150e+00 -5.77397704e-01 8.71370196e-01
    1.49672294e+00 1.22463727e+00 -2.91434050e-01 5.39906025e-01
    1.57782614e-01 1.38419378e+00 7.62256801e-01 1.48529470e-01
    -4.58884567e-01 1.49337673e+00 -6.78295016e-01 1.42578816e+00
    -3.96645665e-02 -5.85241497e-01 1.36614347e+00 -6.53770685e-01
    2.79119670e-01 3.03534508e-01 1.31101251e+00 4.91707504e-01
    4.12058592e-01 -4.60293502e-01 1.51243508e+00 1.38058794e+00
    -6.74124956e-01 -8.40865374e-02 9.30631816e-01 1.13386154e-01
    -3.99655521e-01 -3.76717359e-01 8.38993311e-01 -4.77878839e-01
    1.60106957e+00 1.36662889e+00 9.64126647e-01 8.10185969e-01
    -5.54996133e-01 8.30827534e-01 -6.79114521e-01 -6.60201669e-01
    -5.96670568e-01 5.81422627e-01 1.60835922e-01 8.51117671e-01
    1.53749359e+00 -3.67034078e-02 -3.20299298e-01 9.05803084e-01
    1.02261388e+00 8.12197328e-02 1.28263140e+00 -1.61840737e-01
    -4.52334732e-01 1.25944209e+00 -2.66455382e-01 3.91783714e-02
    6.34266436e-01 1.01501966e+00 6.58711851e-01 -1.53248310e-01
    8.50168407e-01 -7.58365393e-02 1.67779315e+00 5.22770703e-01
    -4.16643173e-01 1.11299348e+00 5.02507031e-01 1.39250445e+00
    -1.89887226e-01 -4.27086651e-01 9.86809671e-01 9.80648339e-01
    1.09539223e+00 7.28346586e-01 1.48221898e+00 8.39424610e-01
    -7.72158504e-02 -2.41692662e-02 5.61331153e-01 8.47045958e-01
    4.53331769e-01 5.79723954e-01 -1.46676660e-01 9.05183733e-01
    1.63429201e+00 -1.62960291e-02 1.22212172e-02 1.58411431e+00
    8.30266654e-01 2.25100100e-01 8.71822834e-01 1.11831689e+00
    8.96517098e-01 1.69253349e+00 1.59883809e+00 9.88781452e-04
    1.73048294e+00 -6.76136255e-01 7.39157856e-01 -4.57910031e-01
    1.52010989e+00 1.39855695e+00 5.60402274e-02 6.85728431e-01
    6.30467832e-01 -2.95769513e-01 3.63363028e-01 1.59583569e+00
    -1.64289355e-01 1.18952739e+00 1.17027378e+00 -7.77738690e-02
    -8.03834200e-02 7.29030967e-02 8.26186001e-01 -7.44625688e-01
    5.42262256e-01 7.29196072e-01 1.66770387e+00 8.16644132e-01
    1.30816841e+00 1.42442143e+00 5.44028044e-01 1.62081003e+00
    8.08589935e-01 6.25844240e-01 8.40612113e-01 8.19034457e-01
    1.27828670e+00 -4.30100918e-01 5.56728423e-01 5.90312541e-01
    2.80259073e-01 5.32397211e-01 -9.85108018e-02 -1.83119595e-01
    1.00875068e+00 5.12618661e-01 8.22832882e-01 -6.52153492e-02
    -3.93087864e-01 2.75020480e-01 8.52243125e-01 9.86296713e-01
    -4.19024050e-01 -5.57608843e-01 1.53514552e+00 1.11601496e+00
    6.27505720e-01 9.75842953e-01 1.65042067e+00 7.95315623e-01
    1.21761560e+00 2.12664008e-01 -1.16685629e-02 1.40652037e+00
    -4.08336163e-01 5.47493160e-01 1.69981003e+00 -1.38989687e-01
    1.14952874e+00 -6.55391335e-01 -4.78985429e-01 9.49127257e-01
    1.72238708e+00 -1.77434206e-01 -6.83566689e-01 1.72901535e+00
    1.37705231e+00 -3.33039045e-01 -3.85835230e-01 7.83366919e-01
    1.53127313e+00 6.12640679e-01 1.33675885e+00 2.91233420e-01
    1.35717988e+00 -3.07058096e-02 1.68865585e+00 1.80627215e+00
    1.25343442e+00 -1.97511911e-02 2.43701518e-01 4.48815703e-01
    1.87633955e+00 1.67769217e+00 1.35081530e+00 1.12378669e+00
    1.49054003e+00 6.78947031e-01 -2.96991736e-01 9.20609534e-01
    -2.07048893e-01 -2.80914724e-01 -6.85610175e-01 6.29253149e-01
    2.89203525e-01 2.64297724e-02 3.32066119e-01 1.03884661e+00
    1.05947065e+00 -5.33796191e-01 6.34320199e-01 -1.71929538e-01
    -3.81374329e-01 -1.64885998e-01 4.12581921e-01 1.42105210e+00
    1.58520746e+00 -6.52202666e-01 1.30254614e+00 1.17931437e+00
    1.55157185e+00 -2.99211025e-01 -1.13304079e-01 1.13368905e+00
    -3.74150962e-01 1.51670921e+00 -3.19368839e-01 1.39423823e+00
    1.33737564e+00 -1.32659137e-01 1.19816720e+00 6.21091187e-01
    -1.86466634e-01 1.37101245e+00 -1.70068920e-01 1.66328073e+00
    6.79900050e-02 8.12225342e-01 1.59932184e+00 -3.04738909e-01
    -6.53043032e-01 9.46259856e-01 6.94356918e-01 1.17234635e+00
    4.09456074e-01 -2.76253670e-01 1.04462743e+00 1.14557815e+00
    -9.69837904e-02 6.42456472e-01 -5.94114602e-01 -6.08285785e-01
    -5.42897165e-01 8.61116469e-01 1.22019005e+00 3.05095613e-01
    -1.01358116e-01 1.16106820e+00 -2.36065984e-02 3.09582293e-01
    2.11681187e-01 -2.16876924e-01 7.88261414e-01 -3.65474612e-01
    1.41995370e+00 1.48475552e+00 7.68550813e-01 2.68411160e-01
    1.55448103e+00 7.69629657e-01 4.65161860e-01 4.49695587e-02
    -1.46227002e-01 9.20903802e-01 9.01466608e-01 -2.65433609e-01
    1.02043962e+00 9.89427805e-01 -6.68506622e-01 -7.24574387e-01
    4.91469920e-01 5.75174093e-01 1.46826363e+00 6.35920525e-01
    1.04579473e+00 1.11936903e+00 -2.88660198e-01 -4.03117061e-01
    3.05202603e-01 1.14642978e+00 -7.59350479e-01 3.26573491e-01
    9.67456281e-01 -4.95443165e-01 1.00984001e+00 7.99635231e-01
    1.61017323e+00 4.31608021e-01 -3.48971516e-01 2.97811985e-01
    -3.77589971e-01 2.19210327e-01 5.51459372e-01 1.40990758e+00
    4.24471259e-01 5.10662794e-03 1.10137177e+00 1.45037484e+00
    -2.96901733e-01 8.59996557e-01 1.62354398e+00 -1.20996296e-01
    1.32622719e+00 1.54496479e+00 -1.13771439e-01 7.35357583e-01
    3.04773748e-01 7.99866617e-01 -4.87304240e-01 1.46145773e+00
    -1.78371549e-01 -6.54571950e-01 1.19142210e+00 -1.73770070e-01
    -7.23811448e-01 1.59449983e+00 6.83735430e-01 5.82744598e-01
    -9.93978381e-02 -7.86903858e-01 1.19163465e+00 1.24042654e+00
    8.82149816e-01 -3.08791995e-02 6.41586900e-01 -1.30486488e-03
    -1.49511874e-01 -3.38919938e-01 6.22637749e-01 -4.92179126e-01
    -5.55227518e-01 8.58805537e-01 -5.45808196e-01 -5.22119761e-01
    8.98073971e-01 1.73098516e+00 -7.49570072e-01 3.10390115e-01
    5.57946920e-01 -1.20683730e-01 -9.09328461e-04 1.65458679e+00
    9.47425663e-01 -2.88397074e-02 -5.00756383e-01 1.36575866e+00
    1.35354316e+00 1.01431274e+00 2.92790353e-01 -3.95839751e-01
    -6.40503526e-01 1.01294613e+00 -7.13885903e-01 -5.09337127e-01
    1.14941931e+00 -5.91459930e-01 7.53141463e-01 -3.03508550e-01
    -5.11682034e-03 5.86549580e-01 3.89230311e-01 4.33641732e-01
    4.18046236e-01 2.69879222e-01 1.46710086e+00 1.48479402e+00
    7.37327576e-01 1.70342863e-01 -4.25342858e-01 7.78301895e-01
    1.74848139e-01 -6.92848086e-01 -3.46486539e-01 -4.55115795e-01
    4.25558269e-01 1.70629764e+00 -7.11559951e-01 2.36858606e-01
    2.53103435e-01 4.49552536e-01 9.66638863e-01 1.09289789e+00
    2.82792747e-01 1.61568725e+00 7.25013018e-01 -6.57080352e-01
    4.65058327e-01 -1.68107748e-01 8.36163640e-01 6.57009304e-01
    3.45505536e-01 5.99237740e-01 -1.33909643e-01 -1.30508542e-01
    -5.30075192e-01 4.88753736e-01 1.73700237e+00 1.84657454e-01
    7.14828074e-01 1.08446419e-01 2.63077617e-02 -3.83424193e-01
    7.40275145e-01 -3.14411789e-01 3.95326018e-01 5.63751936e-01
    1.62927175e+00 2.55906224e-01 -3.11643749e-01 1.13227487e+00
    2.05655694e-02 7.13067114e-01 7.86973834e-02 1.51231980e+00
    -5.86983204e-01 -3.64390790e-01 -4.89742994e-01 5.85422754e-01
    1.41921520e+00 -5.95429540e-01 -3.28441978e-01 -1.27247870e-01
    9.22558606e-01 1.62657094e+00 -2.65108049e-01 1.57562542e+00
    1.21540010e+00 -1.43125415e-01 -4.54355896e-01 1.51330328e+00
    1.95111704e+00 1.19525492e+00 1.61075377e+00 5.36740303e-01
    1.92372370e+00 9.80224133e-01 5.72548449e-01 9.44632709e-01
    8.97843421e-01 -3.86576772e-01 1.45953846e+00 1.46603584e+00
    1.70399666e+00 -3.67773324e-01 -3.18535358e-01 1.20528615e+00
    9.92074907e-01 8.04616034e-01 1.74471784e+00 -2.57044435e-01
    5.91009438e-01 -2.95220673e-01 6.02590859e-01 8.93181741e-01
    -3.02037805e-01 1.20666146e+00 9.14746284e-01 7.63351321e-02
    -2.37002999e-01 1.66246831e-01 -4.56646085e-02 3.63162518e-01
    8.41686249e-01 1.11009502e+00 7.13025868e-01 1.61542296e+00
    3.34605336e-01 -5.51371217e-01 1.13640189e+00 3.28139067e-02
    1.01761484e+00 7.54725516e-01 1.03397095e+00 8.67697775e-01
    8.65425885e-01 1.04385161e+00 -4.74628687e-01 8.31222296e-01
    -4.33654606e-01 1.45750070e+00 -4.06517416e-01 6.89954579e-01
    -3.78414690e-01 1.44986999e+00 1.45812452e-01 3.30677629e-02
    -5.22424281e-01 6.05649114e-01 -1.29774332e-01 8.57466817e-01
    7.68396378e-01 1.26334715e+00 1.34250343e-01 -4.27738100e-01
    1.36096144e+00 -7.12044597e-01 1.41825640e+00 3.75539601e-01
    1.05467701e+00 -7.05972552e-01 1.00659060e+00 1.27418208e+00
    1.49800277e+00 5.99776149e-01 1.55380177e+00 1.29582286e+00
    1.22530043e+00 1.22173476e+00 1.33213663e+00 1.14369643e+00
    -3.94693136e-01 3.87329459e-02 8.51626396e-02 9.65964973e-01
    1.27078032e+00 7.30480194e-01 -4.49536055e-01 1.02667296e+00
    -6.89543605e-01 9.87924397e-01 -4.04582381e-01 7.94685543e-01
    -3.52053493e-01 1.17538369e+00 1.78479838e+00 -3.40671062e-01
    1.73565745e+00 8.43177259e-01 1.60910308e+00 1.72305202e+00
    1.27283263e+00 -5.38931966e-01 -6.60679698e-01 -7.16622174e-01
    -3.72385859e-01 1.59498787e+00 1.60271478e+00 -3.26213509e-01
    7.63631821e-01 1.26778841e+00 -7.35824108e-02 1.06349444e+00
    -1.75576270e-01 -7.11195230e-01 1.58928013e+00 1.48617148e+00
    -3.75195235e-01 -1.83210731e-01 8.44351888e-01 1.04100704e-02
    -5.36309123e-01 1.48656416e+00 -7.90004134e-02 1.46150708e+00
    -2.77100593e-01 1.73750937e+00 -3.80459905e-01 -1.83331549e-01
    -2.29730666e-01 4.37192559e-01 7.23116994e-02 9.28093314e-01
    1.31102896e+00 1.68345070e+00 -5.46309412e-01 -2.29657531e-01
    -2.95972079e-01 4.32729125e-01 4.57613409e-01 1.64639032e+00
    -2.45590210e-01 1.38301229e+00 4.91707921e-02 -3.92825872e-01
    1.18754387e+00 3.41100037e-01 2.70959675e-01 5.57657957e-01
    4.83572662e-01 1.22508550e+00 1.43684816e+00 1.08766973e-01
    8.48007858e-01 4.23354924e-01 -1.00584447e-01 1.71289349e+00
    1.67637277e+00 1.54727137e+00 -3.53876561e-01 4.63870108e-01
    1.35749424e+00 -2.61398077e-01 1.35152423e+00 2.40163207e-02
    9.60473120e-01 -1.11411631e-01 -1.47935152e-02 1.74641430e+00
    5.29135108e-01 1.72881186e+00 1.24760807e+00 7.49610424e-01
    9.12475109e-01 1.41742611e+00 1.06070137e+00 4.16058242e-01
    1.51613522e+00 -2.51740187e-01 -1.93508804e-01 4.02605832e-01
    2.52083838e-01 -6.49119437e-01 1.71675396e+00 1.00726390e+00
    1.65663254e+00 4.09330428e-01 1.49971128e+00 -1.81034505e-01
    -2.85618573e-01 -3.77154738e-01 -5.05925119e-01 1.99794471e-01
    1.26106977e-01 -1.38484836e-01 1.65264487e+00 4.39331353e-01
    5.39205909e-01 -2.51299530e-01 1.65458179e+00 1.76520717e+00
    1.24444664e+00 8.96495402e-01 1.76500094e+00 1.46301103e+00
    6.81503296e-01 5.38949847e-01 9.05886889e-02 8.12227070e-01
    -5.64042926e-01 6.55722320e-01 1.48408890e-01 -1.19488358e-01
    -6.74905181e-02 1.80019665e+00 5.80943644e-01 -6.31837785e-01
    1.10131598e+00 7.61068165e-01 -6.18007183e-02 -3.77333611e-01
    1.08990312e+00 1.55926061e+00 1.09263706e+00 -6.14302754e-01
    1.14676309e+00 1.16817331e+00 -3.45323503e-01 -2.79223859e-01
    1.25050831e+00 2.90028274e-01 2.96339691e-01 8.99416804e-02
    7.28773534e-01 -1.41867638e-01 -5.86917996e-01 7.17707396e-01
    -6.23328805e-01 1.34010804e+00 1.35759532e-01 -6.56286418e-01
    1.73362076e-01 7.12559164e-01 2.18285978e-01 1.57173896e+00
    -1.37249172e-01 -5.37253201e-01 3.83224308e-01 -4.08794284e-01
    -5.41872978e-01 5.68126261e-01 -1.50321662e-01 1.64627099e+00
    -6.44059420e-01 9.93598819e-01 5.36299527e-01 5.09315789e-01
    -2.58548826e-01 1.84398592e+00 1.00227964e+00 -2.60764182e-01
    5.66099644e-01 1.07058311e+00 1.97756863e+00 5.71147442e-01
    4.81320500e-01 1.53813958e-01 6.18380725e-01 7.28307545e-01
    5.84911704e-01 7.10440874e-01 -5.42308331e-01 5.06841719e-01
    -5.62571883e-02 8.13252330e-02 1.60254002e+00 9.43843722e-01
    1.34547043e+00 3.91083896e-01 -1.10867023e-01 1.00865364e-02
    7.67169833e-01 -4.37678695e-02 7.80095994e-01 5.08741558e-01
    -1.98427737e-01 8.40023696e-01 8.40082109e-01 4.41883564e-01
    -3.24654728e-01 -1.30897045e-01 1.21078897e+00 1.31927323e+00
    1.44948959e-01 1.87864363e-01 -2.25862265e-01 6.31231725e-01
    1.29053688e+00 -5.69117785e-01 1.04096341e+00 9.18663085e-01
    -4.22075510e-01 1.54252481e+00 -3.93443167e-01 1.51800275e+00
    9.62240815e-01 1.07524371e+00 1.29849112e+00 1.37775278e+00
    1.72231710e+00 -4.63368684e-01 -4.85043406e-01 -4.77977872e-01
    -6.32226765e-01 1.06931281e+00 -4.26586449e-01 -4.74755347e-01
    8.33096504e-02 4.23270822e-01 1.74781322e+00 6.58201933e-01
    1.16880739e+00 -5.42881668e-01 -2.53379345e-04 -3.82780433e-01
    1.56866693e+00 1.29039550e+00 1.76010561e+00 -2.17601538e-01
    4.39071715e-01 1.47164464e+00 -2.43401766e-01 4.38754737e-01
    3.97703350e-01 1.78192675e-01 3.79772782e-01 1.51696968e+00
    -2.70129055e-01 -9.57581997e-02 5.76546729e-01 1.80228543e+00
    7.41886675e-01 -2.89523631e-01 1.54480934e+00 5.58184505e-01
    1.23237348e+00 1.00714087e+00 -5.32461166e-01 -2.12814063e-01
    1.69472814e-01 7.59109497e-01 9.95198488e-01 5.39398789e-02
    1.66835105e+00 -2.45302916e-02 8.76685202e-01 -2.59282380e-01
    4.77758408e-01 1.79031539e+00 -4.42679465e-01 4.56985891e-01
    7.04107642e-01 3.71973157e-01 1.28769112e+00 1.24133110e-01
    1.61910057e+00 1.67744923e+00 5.13455093e-01 1.43850207e+00
    1.22637939e+00 6.60939336e-01 3.29977810e-01 6.64466679e-01
    -6.15123749e-01 -1.66491270e-02 -6.03912473e-01 1.46131563e+00
    -1.27417684e-01 1.58090210e+00 3.48466277e-01 -2.10632026e-01
    -4.99913514e-01 1.84718394e+00 8.80125523e-01 6.20110571e-01
    4.48148727e-01 -2.61062771e-01 2.62113273e-01 -1.60705149e-01
    8.65699589e-01 3.11883688e-01 6.43441439e-01 -4.88315642e-01
    7.59315431e-01 4.42385256e-01 1.51614654e+00 3.28856289e-01
    7.41712630e-01 -3.29394996e-01 1.54051566e+00 2.64276266e-02
    7.42593884e-01 9.22965050e-01 1.71020579e+00 1.19793940e+00
    7.84332156e-01 2.43960440e-01 8.31969917e-01 6.64492786e-01
    8.85926843e-01 1.18388414e+00 9.34313774e-01 6.93112910e-01
    1.20999730e+00 -3.60467851e-01 4.25686717e-01 1.37093139e+00
    6.46683931e-01 -6.44363046e-01 -6.26443803e-01 1.10385728e+00
    1.81194544e-02 8.54063392e-01 6.53876245e-01 -5.41138649e-03
    -5.29178858e-01 1.75071335e+00 7.75542200e-01 4.87529635e-02
    3.97545338e-01 1.64914012e+00 4.75648820e-01 1.65975308e+00
    -5.22528589e-01 2.68088043e-01 1.60045993e+00 1.38631105e+00
    -6.58717155e-01 -6.15201592e-01 -5.07131934e-01 4.58734751e-01
    6.93962574e-02 1.27831757e-01 -6.00211918e-01 1.35457814e+00
    8.94906402e-01 5.84875584e-01 1.39626789e+00 1.62240505e+00
    6.26171350e-01 7.64441192e-01 -2.94333696e-03 1.12440491e+00
    1.69281602e+00 -3.28865170e-01 7.71866739e-01 8.65692198e-01
    9.16818023e-01 -9.31634307e-02 1.14546001e+00 1.01440883e+00
    9.91517365e-01 -1.41866744e-01 1.02955818e+00 -3.39485645e-01
    7.00258315e-01 1.14731956e+00 7.02879488e-01 1.75155795e+00
    7.32046962e-01 -9.33963656e-02 7.56600261e-01 9.13587570e-01
    3.06004286e-02 1.65137506e+00 -8.10453296e-02 -4.01368797e-01
    6.01578534e-01 -3.21796030e-01 -1.54504925e-01 1.77525353e+00
    -6.12820268e-01 9.79521275e-01 1.68476880e+00 3.98942232e-01
    -2.44423300e-01 1.16348672e+00 1.21087849e-01 -4.72262621e-01
    1.27797306e-01 1.45727968e+00 1.65637171e+00 1.71299553e+00
    -3.59780431e-01 4.41615462e-01 1.05888832e+00 1.34020340e+00
    -4.80222613e-01 7.53762186e-01 -2.83526570e-01 8.86916339e-01
    1.72647524e+00 -5.59270382e-03 4.13449228e-01 -2.97888011e-01
    5.77410102e-01 1.83388138e+00 -5.57525814e-01 9.62213874e-01
    5.25146425e-01 4.97449458e-01 1.67287874e+00 1.29082441e+00
    1.42761302e+00 9.64011312e-01 8.53705704e-02 -2.14918315e-01
    2.14500952e+00 1.64890993e+00 7.94135690e-01 -1.32579088e-01
    4.70574796e-02 -5.69542646e-02 1.76513016e-01 5.14423788e-01
    1.20104265e+00 1.87764502e+00 1.60426927e+00 -2.02763915e-01
    -5.44547617e-01 -5.02512574e-01 -1.65901542e-01 -1.08330935e-01
    -3.16381335e-01 1.60739422e+00 1.76097608e+00 2.95292974e-01
    1.28281009e+00 6.59599483e-01 1.11915350e-01 7.98740983e-02
    1.83274817e+00 1.35711837e+00 2.45398045e-01 9.95105565e-01
    4.27446067e-01 -2.09073365e-01 1.33971739e+00 -1.04762137e-01
    1.35707784e+00 4.01377201e-01 4.19109523e-01 -3.12192380e-01
    1.02848625e+00 7.13218629e-01 -8.70170593e-02 1.71517825e+00
    -3.76874208e-03 3.93635690e-01 -1.00568652e-01 -2.40845203e-01
    -4.35079038e-01 1.15074563e+00 5.88327706e-01 1.49385083e+00
    9.82306540e-01 1.24935675e+00 1.99467599e-01 1.77358866e+00
    -4.11418080e-01 -3.12239528e-02 1.73653150e+00 1.59223676e-02
    9.18261111e-01 -4.48542237e-02 -1.41627073e-01 1.79182863e+00
    4.46326613e-01 1.64281940e+00 1.78725374e+00 1.72192502e+00
    1.32860780e+00 1.29994035e+00 -3.91703397e-01 -1.34593844e-01
    5.76157331e-01 1.83374560e+00 1.22267962e+00 8.35536718e-02
    9.89445925e-01 2.47981608e-01 1.59946954e+00 -9.30372477e-02
    -5.87591946e-01 -3.26296091e-01 -1.06025219e-01 6.43580973e-01
    1.48551130e+00 7.78787673e-01 4.75873113e-01 5.70270956e-01
    1.79634929e-01 1.65464687e+00 -4.29517388e-01 1.10084021e+00
    -5.15988708e-01 1.25208116e+00 1.53500247e+00 -3.01295906e-01
    9.17895138e-01 4.31146026e-01 8.02539408e-01 1.05205262e+00
    -4.18753773e-01 3.03294659e-02 1.98551595e-01 1.64120984e+00
    3.50130498e-01 6.59753442e-01 1.83719873e+00 -3.00680608e-01
    2.69771039e-01 1.70377922e+00 5.64943016e-01 3.17332745e-01
    7.45185852e-01 1.04262769e-01 1.03614974e+00 1.28797364e+00
    2.57422745e-01 -2.35517949e-01 5.80422997e-01 1.15225911e+00
    9.32701588e-01 6.48989499e-01 1.81267977e+00 -5.57111919e-01
    1.73394036e+00 1.87490427e+00 9.61776912e-01 -1.11038983e-01
    -3.64224434e-01 1.88314223e+00 1.06502151e+00 1.62326145e+00
    -4.86459970e-01 6.20079219e-01 -1.37340873e-01 1.06586218e+00
    1.58685160e+00 1.56574035e+00 7.63265967e-01 1.48976099e+00
    1.60047686e+00 -4.38776493e-01 4.85179424e-02 1.18537641e+00
    1.38465047e+00 -4.31360602e-01 7.18312085e-01 7.10210681e-01
    6.60360515e-01 1.27307963e+00 1.08145952e-01 9.18207824e-01
    7.46773899e-01 1.84663939e+00 1.52232075e+00 1.18580759e-01
    6.48684859e-01 1.74973226e+00 8.86000335e-01 1.08082461e+00
    -5.29238582e-02 8.47042203e-01 5.23358226e-01 7.61056662e-01
    1.10520077e+00 1.21764755e+00 1.45025969e+00 9.10498798e-01
    -9.89609957e-03 -4.91395414e-01 -4.81761694e-01 1.20768833e+00
    1.06200075e+00 1.02892590e+00 1.09446323e+00 2.54462957e-01
    -4.55858499e-01 1.14960682e+00 1.84136176e+00 1.17877698e+00
    5.71150422e-01 -2.85898119e-01 8.72301221e-01 2.08907306e-01
    9.73387182e-01 -5.80036938e-01 -3.32540393e-01 -1.95443660e-01
    -2.51034647e-01 1.92879558e-01 -4.67191875e-01 1.29271197e+00
    1.20213759e+00 -8.64118934e-02 5.64812601e-01 4.44970250e-01
    4.73567069e-01 1.14603150e+00 -4.19187188e-01 5.04297853e-01
    1.27739012e+00 -5.49005032e-01 4.75659490e-01 2.37096846e-01
    -5.62637329e-01 7.22592890e-01 9.46516573e-01 1.59937692e+00
    5.85653126e-01 1.83910882e+00 9.72419679e-01 1.74784791e+00
    1.43806100e-01 -2.03892738e-01 -2.30933815e-01 1.41705859e+00
    4.26678360e-01 6.46880627e-01 -1.81270659e-01 1.77970600e+00
    2.90996134e-01 1.23354006e+00 -1.00313485e-01 1.72263312e+00
    1.57425666e+00 -3.40280175e-01 6.78331852e-02 5.14586329e-01
    3.18137944e-01 1.03797293e+00 -4.55021143e-01 1.39929438e+00
    1.58907068e+00 1.07858634e+00 -2.88785070e-01 -1.64824009e-01
    9.35437858e-01 -1.60795450e-03 -2.05286741e-01 8.99634242e-01
    9.20477331e-01 -5.49546123e-01 1.09788060e+00 1.48549914e+00
    1.70175433e+00 1.72356391e+00 6.82732582e-01 6.35914147e-01
    1.88967717e+00 1.03222346e+00 6.16646111e-01 7.93015301e-01
    -2.30660796e-01 8.88559639e-01 3.51733685e-01 6.93633914e-01
    4.97464001e-01 1.44326305e+00 2.03067392e-01 1.63361311e+00
    1.05612308e-01 -7.30949640e-02 -9.37677622e-02 5.44625282e-01
    3.50501835e-02 -2.16039270e-01 1.22173071e+00 6.96838796e-01
    4.61995780e-01 6.36269391e-01 -2.82274961e-01 -3.18822861e-02
    -2.51793861e-02 1.44683909e+00 -2.81106770e-01 1.05776858e+00
    1.20656824e+00 3.35999787e-01 2.06462026e-01 3.39357138e-01
    -3.21496636e-01 1.11244142e+00 1.40630746e+00 2.69039392e-01
    7.60579169e-01 4.89881933e-01 4.95950282e-01 -2.88545489e-02
    6.97614193e-01 1.78142214e+00 1.84960687e+00 1.32558131e+00
    2.84701169e-01 7.92429984e-01 6.70553923e-01 1.46485138e+00
    1.49404764e-01 1.17484331e+00 1.03039801e-01 -2.77154684e-01
    9.17008579e-01 1.60061836e+00 -3.07131201e-01 1.26747131e+00
    -1.74725056e-03 4.91850019e-01 1.08211493e+00 3.30477595e-01
    -5.04982471e-02 2.60149717e-01 -2.96837687e-01 -2.16857195e-02
    1.91275859e+00 1.76634431e+00 1.48322058e+00 1.00044656e+00
    1.33954597e+00 4.24821079e-01 3.49690318e-02 1.78391004e+00
    1.70960641e+00 1.14827967e+00 1.13351059e+00 1.38273573e+00
    1.82389498e+00 5.00778735e-01 8.53864551e-01 -3.33385587e-01
    1.23683548e+00 -1.84655309e-01 1.24489832e+00 1.84539318e+00
    8.41643274e-01 1.62900341e+00 -2.50099480e-01 -2.76075214e-01
    8.18681240e-01 -1.84667289e-01 1.10912645e+00 -9.56608057e-02
    1.51357603e+00 1.65336728e+00 -3.07692289e-02 1.20341206e+00
    5.04625678e-01 6.77887201e-01 -5.50305307e-01 1.87822652e+00
    -5.32677174e-02 1.87761021e+00 -3.57370853e-01 1.90006793e-01
    5.21989584e-01 6.31554127e-02 3.24203968e-01 2.38290131e-01
    1.90745783e+00 1.74456215e+00 -1.73261911e-01 1.40695941e+00
    1.45529115e+00 7.46549964e-02 7.58684456e-01 1.57134688e+00
    8.51176322e-01 1.66008162e+00 8.61057043e-01 7.16812789e-01
    -2.20471561e-01 1.87342775e+00 5.65931737e-01 8.76938283e-01
    1.19185174e+00 1.22825420e+00 1.01162910e+00 1.92864048e+00
    1.78652072e+00 6.93222284e-01 5.67769945e-01 1.01930952e+00
    1.53680825e+00 1.27792978e+00 -2.82467604e-02 -3.27652931e-01
    1.81385660e+00 -4.03395832e-01 5.16457498e-01 1.21678233e+00
    2.67321289e-01 4.12374318e-01 1.56155717e+00 -5.30190825e-01
    1.42429936e+00 1.25981832e+00 1.09636724e+00 -4.29420412e-01
    -5.21786690e-01 -8.10901523e-02 -1.33099049e-01 1.15485215e+00
    -2.98629493e-01 -1.49175346e-01 1.50328934e-01 2.66487241e-01
    6.37917161e-01 8.56336236e-01 1.90652251e-01 1.65552711e+00
    1.77487695e+00 -3.40975612e-01 1.76168919e+00 9.35817957e-02
    -4.63301122e-01 1.33965230e+00 5.32917559e-01 -4.22805250e-01
    1.42989016e+00 2.33506024e-01 6.68665588e-01 -3.45245242e-01
    1.22995985e+00 1.61546147e+00 -1.99814796e-01 -2.41738319e-01
    1.68264413e+00 1.70365489e+00 7.09281564e-02 -1.99315667e-01
    -1.99006975e-01 2.96152830e-02 -5.00326157e-02 2.37942517e-01
    1.16612744e+00 8.47381771e-01 9.72248316e-02 8.79778802e-01
    9.19129491e-01 -6.72432780e-02 4.28579986e-01 1.94295347e+00
    3.13248336e-01 6.51535630e-01 6.30436778e-01 1.52107537e+00
    3.29417169e-01 1.56727254e+00 -9.29450989e-03 8.34734619e-01
    5.11871636e-01 1.79267168e-01 1.30409527e+00 1.89239693e+00
    1.21870518e+00 -5.16264439e-01 7.57606626e-01 9.93221998e-01
    -3.75096887e-01 1.92445779e+00 4.69553530e-01 1.31649983e+00
    -3.12460065e-01 1.23418832e+00 -4.45415169e-01 7.36109853e-01
    -2.18846321e-01 7.68751800e-01 1.00569069e+00 1.14041686e+00
    3.90282810e-01 5.41897178e-01 1.52727413e+00 -3.13574076e-02
    1.77858639e+00 1.06896174e+00 3.59695733e-01 3.54867399e-01
    -4.57135141e-02 3.14054251e-01 -2.45791972e-02 3.38984311e-01
    -2.99019992e-01 9.29581702e-01 -1.80560023e-01 1.74281442e+00
    1.23062134e+00 -5.49575508e-01 -4.50987011e-01 1.01508045e+00
    1.50368774e+00 4.08999920e-01 1.57054639e+00 8.64106774e-01
    1.67999077e+00 1.64715528e+00 -1.44664764e-01 3.48437846e-01
    5.18212080e-01 2.89392292e-01 -5.00049293e-01 1.24671209e+00
    5.86871922e-01 -4.29719687e-03 7.04761744e-01 -2.59017736e-01
    6.43881500e-01 1.82074952e+00 1.05593383e-01 -5.33553839e-01
    -3.53743434e-02 1.27435696e+00 1.88360035e-01 -3.04470181e-01
    5.57528198e-01 7.45842874e-01 1.22847009e+00 2.17199945e+00
    7.76012063e-01 9.18076336e-01 9.76537466e-01 1.33726740e+00
    1.37428713e+00 1.94592154e+00 1.51806974e+00 1.06097937e+00
    7.53923476e-01 -1.13992512e-01 -1.20584458e-01 1.81208873e+00
    7.13320553e-01 -1.21112227e-01 1.34868336e+00 1.70710242e+00
    6.23631060e-01 6.20707870e-01 -3.86321157e-01 -2.95120835e-01
    4.10456598e-01 1.67480707e+00 1.55827522e+00 -3.99714291e-01
    -3.67915690e-01 1.48055881e-01 -4.73453462e-01 1.55285609e+00
    -3.22668254e-01 3.47993731e-01 6.61736131e-02 3.73509824e-01
    1.19432807e-02 1.55022740e-02 4.60718215e-01 1.01901054e+00
    8.12269688e-01 1.32381964e+00 9.38481331e-01 1.40672672e+00
    2.70128429e-01 4.98994946e-01 5.17640769e-01 1.95868754e+00
    8.39644909e-01 1.63488734e+00 1.33032441e+00 -1.67551041e-01
    1.27480364e+00 1.35671258e+00 2.74337888e-01 -1.21430129e-01
    1.31952453e+00 7.94177890e-01 6.03592277e-01 -2.15608716e-01
    1.10205913e+00 1.72167802e+00 6.94700480e-02 2.23069787e-01
    5.92483282e-02 -5.62555492e-02 6.52838528e-01 5.32002032e-01
    -3.08015406e-01 -1.28220499e-01 6.12520576e-01 -3.52585882e-01
    2.35167503e-01 3.02814901e-01 1.03688741e+00 1.05956340e+00
    2.60506451e-01 1.32752895e+00 1.24510086e+00 5.61223924e-01
    -1.69213176e-01 1.43877149e-01 -2.43938208e-01 1.78762102e+00
    -2.26180434e-01 1.71929395e+00 9.24608767e-01 9.97741520e-01
    -3.63248169e-01 1.85332835e-01 1.15182114e+00 1.79553843e+00
    1.41948533e+00 1.09107733e+00 9.61267352e-02 1.22877896e-01
    1.90973783e+00 -2.01750964e-01 1.09007239e+00 1.45194674e+00
    1.53250933e+00 9.35343385e-01 1.11002088e+00 1.32298183e+00
    1.37321103e+00 9.37289119e-01 4.55900669e-01 5.63696980e-01
    1.62146258e+00 1.31737256e+00 -3.63977432e-01 -6.74237311e-02
    -1.49880052e-02 8.01009774e-01 1.58217549e+00 1.34373522e+00
    5.23322880e-01 1.34774566e-01 1.06599641e+00 1.44083428e+00
    -3.80602628e-01 7.27377534e-01 5.36989570e-01 1.68783414e+00
    8.73612285e-01 -1.70754373e-01 -2.44182706e-01 1.90693057e+00
    1.14911723e+00 6.31809711e-01 -4.51806307e-01 1.97612453e+00
    6.34254932e-01 -3.81911576e-01 9.44768012e-01 -3.57603371e-01
    8.33992481e-01 5.48995137e-02 1.72809243e+00 1.71693468e+00
    9.09136057e-01 1.69560587e+00 -2.77445227e-01 1.28480101e+00
    -1.30407631e-01 4.44611907e-01 1.31155419e+00 1.39126110e+00
    8.84613812e-01 -4.02907372e-01 1.79699612e+00 8.11708987e-01
    4.10418212e-01 1.12366569e+00 3.21209550e-01 1.80376589e-01
    1.84771919e+00 -5.25539219e-01 -4.85158861e-02 4.29295778e-01
    4.68155384e-01 -5.00673175e-01 -3.27779651e-01 1.78101158e+00
    1.16220903e+00 1.51232743e+00 9.56976414e-03 1.25045562e+00
    1.41305637e+00 6.22362673e-01 2.69602358e-01 1.15182805e+00
    6.52649283e-01 7.64996648e-01 6.15384996e-01 1.46222413e+00
    3.53977025e-01 1.02781439e+00 1.94506526e-01 1.69879019e-01
    4.13230598e-01 -5.01240551e-01 3.65262568e-01 -1.51160359e-02
    1.57479668e+00 1.80497122e+00 3.55286479e-01 -4.46249604e-01
    1.80173230e+00 -1.54796541e-01 1.25581932e+00 -4.86043662e-01
    1.58172464e+00 1.28933024e+00 1.33458388e+00 -2.60362029e-02
    8.75995040e-01 1.63092065e+00 -4.95762765e-01 -3.63691151e-01
    5.95455825e-01 9.45351124e-01 8.03767323e-01 1.09163117e+00
    6.26451015e-01 -5.18649817e-01 -9.37480628e-02 -3.94906759e-01
    1.71691418e-01 4.21764135e-01 4.87604201e-01 7.13498890e-01
    5.72632194e-01 9.54640150e-01 5.39687872e-01 4.34000492e-01
    1.07176936e+00 -4.44248855e-01 1.28026378e+00 5.61305881e-01
    1.26910174e+00 2.72144079e-02 -3.54593873e-01 9.64779258e-01
    1.77842844e+00 1.88114786e+00 1.70015621e+00 4.91736889e-01
    5.74933827e-01 9.23973083e-01 1.98683798e-01 1.24414337e+00
    1.72474480e+00 8.41129065e-01 7.20503569e-01 2.55819440e-01
    1.23393559e+00 6.59572840e-01 7.23896503e-01 4.41321492e-01
    -4.39307630e-01 1.01027250e-01 -4.79354948e-01 1.33944547e+00
    3.23555201e-01 5.30748725e-01 3.02801549e-01 2.71961957e-01
    -2.69476295e-01 1.90722704e+00 9.90666270e-01 1.79924965e-01
    1.76645398e+00 1.82466483e+00 2.48251438e-01 -5.05336225e-02
    1.24744153e+00 1.69580293e+00 1.63825428e+00 1.69389546e+00
    1.31223416e+00 2.14162922e+00 1.23988986e+00 5.94680488e-01
    1.02981460e+00 1.38238347e+00 2.28677958e-01 1.26979506e+00
    -1.32961035e-01 1.59555316e+00 5.72310030e-01 -1.21285230e-01
    5.98115683e-01 9.34301198e-01 9.19772089e-01 5.46053469e-01
    1.51378870e+00 -3.47115576e-01 -8.78641307e-02 1.38534093e+00
    1.15055537e+00 -1.01434737e-01 1.93181169e+00 2.02781391e+00
    -3.80200475e-01 7.94516802e-01 2.18837738e-01 5.44743240e-02
    1.02850270e+00 3.16492647e-01 2.01495981e+00 1.09846497e+00
    1.49142981e+00 -2.10927188e-01 3.82819533e-01 1.54031515e+00
    1.87261105e-01 1.64779699e+00 1.17551470e+00 6.73960984e-01
    1.30589330e+00 1.42757106e+00 8.14654469e-01 2.01733780e+00
    3.54487240e-01 -1.03313386e-01 -3.27580988e-01 1.97434509e+00
    4.21324313e-01 7.68732846e-01 1.61694646e+00 1.88589859e+00
    1.95022631e+00 1.73119330e+00 -4.80541706e-01 -2.47546896e-01
    1.77363503e+00 5.77902794e-01 -2.07499206e-01 1.39112663e+00
    1.51341426e+00 1.06341982e+00 1.28950512e+00 1.31233740e+00
    1.13407755e+00 9.08345044e-01 -4.69156206e-02 1.76504099e+00
    7.84970164e-01 1.79482865e+00 1.28194952e+00 1.70037544e+00
    9.28176880e-01 7.32955515e-01 6.51249826e-01 1.78595161e+00
    3.89947951e-01 1.60969567e+00 1.41917586e+00 1.26180351e+00
    -6.12873733e-02 -3.80861461e-01 1.35473847e+00 1.26167297e+00
    1.31294382e+00 1.13497639e+00 2.09210008e-01 9.17628706e-01
    1.57245922e+00 1.28142679e+00 1.20987773e-01 1.47415376e+00
    1.41928911e+00 1.52487278e+00 -5.00056505e-01 1.91648495e+00
    1.12427235e-01 1.64760649e+00 1.67514658e+00 1.00808883e+00
    -1.54313415e-01 1.26186228e+00 1.47096992e+00 1.72638488e+00
    6.96640134e-01 1.97849429e+00 1.80707049e+00 8.26354861e-01
    1.66578352e-01 8.82375121e-01 1.00477004e+00 -2.86161065e-01
    1.09455478e+00 2.78840721e-01 5.66979051e-01 1.50161970e+00
    1.90026134e-01 -8.16214085e-03 1.58396482e+00 8.88116241e-01
    1.72796822e+00 -4.30106223e-01 1.57587695e+00 -1.66354746e-01
    9.53501582e-01 -2.13795274e-01 3.20893645e-01 3.79771203e-01
    1.60955787e+00 -4.64926213e-01 1.17772520e+00 1.81610727e+00
    1.88076288e-01 1.29770601e+00 -3.74285132e-01 1.89609003e+00
    1.98090577e+00 1.29902172e+00 1.04030752e+00 7.63832331e-01
    -6.66140318e-02 -4.42107171e-01 1.75506663e+00 1.76016283e+00
    -3.10854614e-01 1.22618008e+00 5.26129007e-01 1.45048428e+00
    1.70323277e+00 1.82244086e+00 1.82544279e+00 3.45328093e-01
    3.59681010e-01 7.85335660e-01 -2.57904470e-01 1.82509470e+00
    4.66163099e-01 9.11323071e-01 1.43221581e+00 -1.77348644e-01
    1.46703231e+00 8.85049701e-01 8.29828024e-01 -4.10887539e-01
    1.91681457e+00 1.75989342e+00 1.75618720e+00 -4.84567791e-01
    1.23156309e+00 3.26002955e-01 1.03349960e+00 7.45482087e-01
    5.24948001e-01 4.18460846e-01 1.33764672e+00 1.11055821e-01
    1.57984138e+00 8.37620735e-01 3.63601744e-02 1.33568954e+00
    1.62185758e-01 1.21517897e-01 4.34550434e-01 -8.72447491e-02
    1.99090147e+00 1.76483858e+00 -2.51273811e-02 1.60456848e+00
    1.11230683e+00 2.37657070e-01 1.95248556e+00 -6.12619817e-02
    8.77022386e-01 7.15509176e-01 1.10672963e+00 8.98783207e-01
    2.39540786e-01 -2.57524014e-01 1.34283388e+00 1.85453248e+00
    1.97558308e+00 -2.16442376e-01 8.87366176e-01 1.43477607e+00
    2.27871537e-02 -1.62499577e-01 6.21684194e-01 1.20210314e+00
    1.21787274e+00 1.86263144e+00 1.81123447e+00 1.11922181e+00
    6.91561460e-01 1.17185783e+00 -1.81477845e-01 1.52013850e+00
    -4.34220523e-01 -3.40036035e-01 -3.15460563e-02 5.56450725e-01
    -8.55533183e-02 1.54691148e+00 3.03260177e-01 1.74976504e+00
    -1.13575369e-01 1.78936505e+00 1.00135386e+00 1.66523862e+00
    1.36755645e+00 2.63695717e-02 9.82969046e-01 1.89484632e+00
    4.45409387e-01 7.83398449e-01 9.22145247e-01 5.84779084e-01
    6.08061552e-02 3.97993177e-01 6.83555305e-02 8.07419896e-01
    6.08149648e-01 -3.40902805e-01 -2.91831374e-01 1.92521465e+00
    1.85966969e+00 6.36047721e-01 9.72155333e-01 3.90859127e-01
    -2.10579649e-01 1.39515269e+00 6.38625205e-01 1.50073469e+00
    1.54830265e+00 7.34647870e-01 2.51590818e-01 3.84612083e-01
    2.00513673e+00 2.02897286e+00 4.81585264e-01 1.89281154e+00
    1.59901047e+00 2.07022572e+00 8.72816324e-01 6.41940892e-01
    1.08227086e+00 1.75257897e+00 1.09476638e+00 -3.63234401e-01
    8.95906687e-02 1.83786941e+00 -9.52604413e-03 3.82221043e-02
    1.27749515e+00 4.94019866e-01 1.72900426e+00 2.02846110e-01
    1.12471163e+00 4.07260954e-01 1.69875503e+00 2.03188348e+00
    1.41120583e-01 -1.24691397e-01 1.77659941e+00 -4.82349098e-02
    -2.38648847e-01 3.26958150e-01 7.22183824e-01 1.78578186e+00
    1.98469973e+00 5.75844526e-01 1.01207280e+00 3.75249714e-01
    1.20192540e+00 -2.53159016e-01 1.35521305e+00 4.52883452e-01
    2.05317163e+00 -2.04871356e-01 2.79780447e-01 1.57566357e+00
    1.40612876e+00 1.05371451e+00 1.73904526e+00 1.91748142e-02
    -2.24907786e-01 1.32138014e+00 -1.10046148e-01 2.28357583e-01
    1.27271616e+00 -3.33060443e-01 1.55475235e+00 1.29039419e+00
    9.06417072e-02 -4.97181416e-02 1.82170463e+00 1.19603276e-01
    -1.02037728e-01 8.66783261e-02 7.30436146e-01 1.55864048e+00
    1.36330092e+00 1.00273728e+00 5.61635375e-01 1.14577365e+00
    9.64852691e-01 1.51136935e+00 1.77653670e+00 -2.23145187e-02
    8.18715990e-02 2.88477451e-01 -4.42315459e-01 1.92327201e-01
    7.46573567e-01 1.36820781e+00 5.26231885e-01 2.05504656e+00
    1.03291452e+00 1.73081601e+00 1.16717529e+00 1.99862039e+00
    1.99742627e+00 1.65140879e+00 5.43035269e-01 -3.31504524e-01
    8.89723718e-01 -3.89902472e-01 7.71747887e-01 -9.63694155e-02
    2.87211210e-01 6.77261949e-01 -5.26750386e-02 1.72905958e+00
    1.93747878e-03 1.08396500e-01 3.08789074e-01 3.49203467e-01
    8.69322538e-01 1.65123343e+00 1.73351336e+00 -4.91463691e-01
    1.93857598e+00 1.55721927e+00 1.97572529e-01 7.21381962e-01
    8.87506664e-01 1.56098783e+00 7.26332188e-01 1.55580252e-01
    1.79664600e+00 8.51429105e-01 -2.64349461e-01 9.45667863e-01
    1.55056047e+00 1.10261828e-01 1.08972561e+00 4.74764198e-01
    -6.40576184e-02 -2.22696871e-01 9.04852092e-01 3.38207185e-01
    1.15427303e+00 1.06108201e+00 7.25204468e-01 1.25055027e+00
    -2.64784098e-01 1.80453229e+00 1.77738166e+00 1.16667318e+00
    -2.96829402e-01 1.34684730e+00 1.35238039e+00 1.95193565e+00
    4.01791722e-01 6.33941293e-01 1.41744483e+00 2.01006269e+00
    9.81666744e-02 -2.89845467e-03 1.20558822e+00 1.89924431e+00
    -2.90166378e-01 5.22585511e-01 1.85546613e+00 2.87811726e-01
    1.96495128e+00 2.01343679e+00 -3.23461115e-01 1.54732049e+00
    5.81916809e-01 1.56750441e+00 -4.01694059e-01 3.89689147e-01
    1.92241633e+00 1.82632506e-01 1.61017060e+00 1.64919221e+00
    1.86421728e+00 3.54181767e-01 5.24540544e-01 1.14185917e+00
    6.62829459e-01 -3.91288161e-01 -1.23005927e-01 1.69276929e+00
    1.03954017e-01 7.50104427e-01 2.34139204e-01 1.67393708e+00
    9.09484923e-01 -3.41464490e-01 -2.45383948e-01 -1.47615731e-01
    5.75418472e-01 1.83653998e+00 9.80109930e-01 6.11904383e-01
    1.99171752e-01 -3.46523196e-01 1.91609406e+00 4.63137627e-01
    1.23552358e+00 1.21062112e+00 9.10778582e-01 -3.67088735e-01
    1.99940777e+00 7.40210354e-01 1.59029567e+00 1.07114851e+00
    8.37843716e-02 6.90705657e-01 3.56800944e-01 -1.79308414e-01
    1.81396210e+00 7.57997870e-01 -3.04442644e-01 7.11042523e-01
    1.66189885e+00 1.33088458e+00 1.63715982e+00 1.41341043e+00
    4.46357131e-02 1.51798117e+00 6.22125447e-01 1.01726460e+00
    1.75765729e+00 1.53309894e+00 1.62416530e+00 -2.71698534e-01
    -2.50216961e-01 9.56585705e-02 2.95370609e-01 1.08949637e+00
    1.69805646e+00 1.08888984e+00 -1.93921179e-01 1.01804495e+00
    1.76748186e-01 1.37522769e+00 6.39605165e-01 -2.58231044e-01
    1.64645314e+00 1.53152084e+00 -2.03531086e-01 -4.26143289e-01
    1.24647820e+00 7.62083530e-01 5.49205244e-01 1.52965319e+00
    2.04235053e+00 5.68856597e-01 -2.40395963e-02 -3.80025685e-01
    8.61565828e-01 4.46347862e-01 2.94063061e-01 1.15630269e+00
    1.81560981e+00 1.26295972e+00 1.98096001e+00 1.70540237e+00
    4.95369136e-02 -1.99839681e-01 6.97656870e-01 1.15085816e+00
    1.46460319e+00 3.74431938e-01 2.93597192e-01 -3.45132947e-02
    5.07524073e-01 1.80085671e+00 2.39844650e-01 -1.03944317e-01
    1.46337128e+00 1.11712837e+00 4.68814731e-01 1.84067667e+00
    -3.32538188e-02 -8.09749216e-02 2.03827071e+00 -1.57632455e-01
    1.80329174e-01 1.74837768e+00 1.81898564e-01 -2.15242550e-01
    8.48611951e-01 1.34883916e+00 2.82037824e-01 5.42130947e-01
    -2.01685041e-01 1.18904996e+00 1.20484161e+00 1.56085491e+00
    3.58222753e-01 8.41353178e-01 2.03261852e+00 6.48443341e-01
    1.58879137e+00 1.82779384e+00 6.75073862e-02 1.15194488e+00
    -3.22420537e-01 3.53822947e-01 1.96967196e+00 6.35071158e-01
    1.51921320e+00 1.99894416e+00 1.43447042e+00 1.30435133e+00
    1.30401492e+00 -1.92350954e-01 1.59777355e+00 1.81224823e+00
    1.65065861e+00 -1.60486370e-01 2.06519413e+00 -8.13954771e-02
    9.17383552e-01 3.28884810e-01 1.82048655e+00 -6.05592430e-02
    9.42947626e-01 2.37911344e-02 1.16722333e+00 1.58872724e+00
    1.78644657e-02 -2.03067109e-01 1.74704993e+00 4.48633671e-01
    1.50665450e+00 1.37932837e-01 4.20356095e-01 1.01925921e+00
    -1.96274236e-01 -2.02256858e-01 4.44281250e-01 1.03569138e+00
    7.36982405e-01 1.42917967e+00 -2.47737154e-01 4.48368192e-02
    1.45719957e+00 8.27569366e-01 -5.83440065e-03 6.16615176e-01
    5.84281504e-01 -3.45195502e-01 1.63200295e+00 1.99496865e+00
    -3.57707500e-01 1.40847003e+00 1.84204578e-01 4.07237470e-01
    1.51255703e+00 -3.90820503e-02 -1.58861220e-01 1.63072801e+00
    5.56164324e-01 3.10482502e-01 1.75712264e+00 1.41415572e+00
    1.41844261e+00 1.17260242e+00 7.24476337e-01 1.23493397e+00
    1.94113159e+00 1.60168362e+00 1.17021441e+00 1.18196154e+00
    1.93893886e+00 1.63822961e+00 6.26624584e-01 1.83047652e+00
    2.03621006e+00 1.84878850e+00 1.00429285e+00 9.86320019e-01
    1.39379179e+00 1.63391972e+00 6.03975952e-02 1.15382206e+00
    1.69942641e+00 1.89884639e+00 1.26362443e+00 1.30715072e+00
    -2.92031676e-01 -2.08330661e-01 1.07122588e+00 -1.86818182e-01
    6.73457742e-01 2.33170539e-01 1.70540071e+00 9.71629024e-01
    5.94733238e-01 2.00086057e-01 1.83489728e+00 1.04664433e+00
    1.77600121e+00 -2.69904733e-01 4.86868411e-01 2.07553172e+00
    6.07362270e-01 1.81713748e+00 2.10866857e+00 9.13409472e-01
    1.11863875e+00 7.45002508e-01 8.48828197e-01 8.11529636e-01
    -1.60542905e-01 -2.49894857e-02 9.11538303e-01 1.84730613e+00
    1.15820718e+00 -3.20697784e-01 3.70334148e-01 7.70066082e-01
    2.05426693e+00 1.52228713e+00 1.62896943e+00 4.30689931e-01
    1.40248764e+00 -2.24124104e-01 -2.84236372e-02 1.67883170e+00
    1.10732579e+00 5.36408901e-01 -3.54339361e-01 1.43500358e-01
    4.37824726e-01 -1.47732586e-01 8.37865829e-01 1.76426852e+00
    1.91188633e-01 1.47104156e+00 7.55299568e-01 1.71631229e+00
    1.64439380e+00 1.97995663e-01 1.03471577e+00 7.58978009e-01
    1.16783237e+00 2.63337523e-01 9.14183736e-01 7.29584455e-01
    -5.27440012e-02 1.43001676e+00 8.22963834e-01 1.58822191e+00
    -2.20390707e-01 3.31800640e-01 7.35479295e-01 -3.18687290e-01
    -1.98106468e-02 1.05952251e+00 1.51679516e+00 -4.10955548e-02
    2.12510204e+00 1.20917284e+00 -7.71580935e-02 1.95184338e+00
    1.43989456e+00 3.05674851e-01 1.68020761e+00 1.45660985e+00
    -3.45119864e-01 6.61053896e-01 4.33426589e-01 -8.00779164e-02
    1.55828822e+00 1.56555033e+00 -2.38287419e-01 5.17148495e-01
    1.01756251e+00 1.65499359e-01 1.13631415e+00 -2.07442045e-01
    1.60966218e+00 7.88033009e-03 1.79218018e+00 1.39271998e+00
    1.63356256e+00 6.54655337e-01 9.97921526e-02 2.10357237e+00
    1.28003919e+00 -9.10928845e-02 1.35244811e+00 1.70894825e+00
    1.44724691e+00 3.72763067e-01 1.10035396e+00 2.01780224e+00
    2.37407029e-01 2.79776186e-01 1.06122029e+00 3.04727554e-01
    -2.96179146e-01 2.01843953e+00 9.59362626e-01 -1.22510970e-01
    6.37609959e-01 9.93672788e-01 1.63414967e+00 1.14609599e+00
    8.78760815e-01 5.09209037e-01 1.41987801e-02 1.12085831e+00
    2.85396188e-01 -3.25386673e-01 4.86681968e-01 -1.19950175e-02
    1.28860009e+00 -2.78632879e-01 -1.45740271e-01 9.68488753e-02
    7.22702026e-01 1.20162892e+00 6.80382907e-01 1.28596222e+00
    2.10607433e+00 1.29981905e-01 4.70185667e-01 2.06096768e+00
    2.02431226e+00 1.85405445e+00 6.28873169e-01 1.69467163e+00</data></my_img>
<your_img type_id="opencv-matrix">
  <rows>128</rows>
  <cols>256</cols>
  <dt>f</dt>
  <data>
    -3.19689363e-02 7.11092055e-01 -1.56235099e-02 -2.23922253e-01
    3.70537132e-01 2.15754956e-01 -2.08920449e-01 1.50264919e-01
    -1.64111763e-01 -2.93720484e-01 2.68969059e-01 -2.71988034e-01
    -1.37393147e-01 -3.32265794e-01 5.18859327e-02 -2.32926309e-02
    -2.66749352e-01 -2.22938031e-01 5.26701510e-02 5.49202859e-01
    2.46423334e-01 2.82530308e-01 -2.27958173e-01 -1.61260515e-01
    -2.56264895e-01 5.86871028e-01 4.91586119e-01 -1.04486942e-02
    4.05977011e-01 5.28922439e-01 3.60425830e-01 4.64916527e-02
    5.65573812e-01 3.29882801e-02 -2.27851897e-01 -2.74390429e-01
    -2.10067123e-01 1.44595981e-01 -8.02767277e-02 5.24804115e-01
    9.69190896e-02 -2.74966985e-01 -2.95979679e-02 -1.78934067e-01
    2.36655831e-01 -2.44361281e-01 5.39310753e-01 8.90643299e-02
    -3.48271102e-01 2.68219709e-01 -3.39886248e-01 5.14092088e-01
    1.61334991e-01 -1.50531262e-01 -2.25218505e-01 3.68827224e-01
    2.57293582e-02 2.33650535e-01 -5.16311228e-02 5.79270124e-01
    -1.14885807e-01 -9.77402031e-02 2.51061916e-01 -1.21042669e-01
    5.54815054e-01 -2.68095255e-01 3.50181490e-01 -1.70621037e-01
    3.80348861e-02 6.69538081e-02 -2.76633114e-01 4.96310800e-01
    2.99520999e-01 -3.30155879e-01 -5.93629777e-02 -2.05584079e-01
    2.89043963e-01 -1.29517525e-01 1.78949594e-01 1.21263057e-01
    3.00723583e-01 -1.00187659e-02 2.53948599e-01 -1.43922687e-01
    -2.56573975e-01 4.90620255e-01 1.61269665e-01 3.14171314e-01
    1.84527129e-01 4.60376352e-01 3.29712272e-01 -2.56725073e-01
    -1.59827799e-01 -3.17629665e-01 1.17549092e-01 -3.19363147e-01
    3.80516231e-01 -7.34990239e-02 -3.12600970e-01 -1.68923318e-01
    3.61326665e-01 -3.70319396e-01 6.04067564e-01 4.47052866e-01
    -3.61859560e-01 4.22305435e-01 1.04208887e-01 4.52348739e-01
    -1.94488168e-01 6.03657544e-01 -5.27893603e-02 4.70205158e-01
    8.72117877e-02 2.07447499e-01 2.96575963e-01 -3.12500983e-01
    1.22070014e-01 -1.28476113e-01 3.43258679e-02 2.09329426e-02
    -2.83962488e-02 5.07526398e-02 -2.78219283e-01 4.00564820e-01
    4.33554173e-01 4.19189721e-01 -2.00207829e-01 -3.94745022e-01
    3.17788392e-01 -3.04204851e-01 1.93954289e-01 -3.89108509e-01
    -2.89011747e-01 3.46469879e-02 4.38160896e-01 -1.43267244e-01
    5.98315895e-01 5.41236281e-01 6.11717403e-01 2.50029415e-01
    4.95291948e-01 -1.58494025e-01 5.98509192e-01 3.15092564e-01
    -3.69238466e-01 2.51911223e-01 1.87875837e-01 -1.58619106e-01
    2.67178416e-01 2.10657120e-01 -3.11883718e-01 4.84888792e-01
    5.00667632e-01 3.21000814e-02 -3.37557912e-01 -1.28186435e-01
    -8.02310407e-02 1.75863564e-01 3.47762048e-01 2.75019705e-02
    -6.45978749e-02 4.95323032e-01 1.66699141e-01 6.55443072e-02
    4.81805801e-02 2.41517782e-01 4.82278883e-01 1.07252449e-01
    2.48476624e-01 2.36654609e-01 4.20015752e-01 3.39955807e-01
    1.30820602e-01 3.58343124e-01 2.61735708e-01 2.68371701e-01
    1.38989776e-01 -1.29929185e-03 -3.91811043e-01 -3.19854707e-01
    -3.32732141e-01 1.04948938e-01 7.61783421e-02 -1.70432836e-01
    3.53959948e-01 -2.80383587e-01 -6.80977106e-03 2.71022022e-01
    5.99124610e-01 -2.35067785e-01 -2.81451732e-01 -1.01255536e-01
    5.05028784e-01 1.41817003e-01 -6.54423535e-02 2.61232138e-01
    3.15509349e-01 4.19439077e-01 2.50768632e-01 1.46355033e-02
    -1.83677495e-01 -2.07808375e-01 -2.26506054e-01 5.43066859e-03
    -2.45744556e-01 -3.42369765e-01 1.41892701e-01 -1.30019903e-01
    3.08942169e-01 -2.73042947e-01 5.00689745e-01 1.28983855e-01
    2.35259771e-01 -1.55191600e-01 3.11748385e-02 -1.24300539e-01
    2.99797773e-01 1.00465983e-01 -6.84728324e-02 2.02732980e-01
    6.00201011e-01 -3.28953147e-01 -3.73584181e-01 -3.62676620e-01
    5.37655890e-01 -2.81468987e-01 2.45439410e-02 3.67942989e-01
    4.35161412e-01 -1.80464327e-01 -4.72284555e-02 -2.75810659e-01
    5.00639677e-02 5.20199656e-01 -4.02482629e-01 -4.16082829e-01
    4.38317627e-01 1.67778730e-01 2.69686610e-01 2.31050730e-01
    2.33187914e-01 -2.31238574e-01 -6.42924011e-02 3.00396055e-01
    2.90973693e-01 5.04288316e-01 3.03104997e-01 -2.92957395e-01
    3.37038010e-01 3.57689202e-01 3.20984900e-01 1.39330119e-01
    6.12240314e-01 3.22746634e-01 5.53377986e-01 7.21839666e-01
    7.06255019e-01 -9.08674151e-02 5.15330315e-01 -1.95795596e-01
    -1.61863625e-01 -2.30274707e-01 4.18092310e-01 -5.63254058e-02
    5.40396810e-01 5.15879273e-01 -3.38430077e-01 4.22836959e-01
    -3.27860236e-01 -1.51116550e-01 4.00253803e-01 -1.94220901e-01
    -3.43985707e-01 -3.19629610e-01 4.70518798e-01 3.29191864e-01
    -1.89180106e-01 1.78378314e-01 1.00856602e-01 2.27271289e-01
    2.60659993e-01 2.99759746e-01 4.00767028e-02 1.41447693e-01
    1.18655413e-01 -1.63688660e-01 5.23945630e-01 -2.65273631e-01
    5.90072632e-01 -1.88328296e-01 3.64160538e-03 -9.36937034e-02
    -2.22866088e-01 -2.65617520e-01 3.30127627e-01 1.09292239e-01
    2.34434873e-01 5.59226394e-01 -4.04168159e-01 1.81914091e-01
    -3.98345232e-01 -9.44365859e-02 -7.21152425e-02 -9.28949714e-02
    -6.13967180e-02 -2.73646235e-01 -3.73951644e-01 -3.40873301e-02
    5.39766073e-01 1.46687388e-01 -1.38392866e-01 8.98003578e-04
    4.64503974e-01 4.85956132e-01 -6.81614876e-02 -3.63741487e-01
    3.22025508e-01 -2.39784956e-01 -3.10501754e-02 -1.76134408e-02
    4.29634154e-01 1.98814422e-01 -3.42016697e-01 1.80190712e-01
    8.00455511e-02 3.14589918e-01 3.68574142e-01 -2.30789363e-01
    -3.62505078e-01 2.61788219e-01 -3.83052826e-01 -2.96827793e-01
    -9.09656584e-02 -1.88012183e-01 -2.33283728e-01 -2.43578255e-02
    5.17014861e-01 4.49404240e-01 -1.59823805e-01 8.04883242e-03
    1.05244428e-01 -3.92814666e-01 3.83991152e-01 4.45834339e-01
    4.99583989e-01 1.81240380e-01 5.14188528e-01 -4.65065658e-01
    4.35856283e-02 -1.36532724e-01 6.05271161e-02 1.60024166e-02
    3.94405991e-01 6.34620190e-02 3.74324083e-01 1.40499443e-01
    2.11358368e-02 -4.00371671e-01 -1.64682031e-01 6.79429770e-02
    -2.68880129e-02 3.61716151e-02 2.58690655e-01 1.77700907e-01
    3.51359487e-01 -2.46357352e-01 2.66522378e-01 4.22688127e-02
    2.06796139e-01 -2.92528927e-01 4.70659733e-02 -8.48496556e-02
    3.05347711e-01 3.24691057e-01 2.06036091e-01 -3.59312028e-01
    -1.36650801e-01 -3.29650283e-01 1.90408051e-01 -3.85374129e-02
    3.21012348e-01 -1.95872396e-01 1.32027209e-01 -3.92080009e-01
    -1.57485664e-01 -8.41545165e-02 1.74625069e-01 1.81569427e-01
    -4.04294550e-01 3.15155953e-01 -9.47694182e-02 5.28214812e-01
    -3.64722252e-01 3.06970835e-01 -3.61372799e-01 -1.13152057e-01
    9.56666768e-02 7.06736147e-02 -2.78408229e-01 -2.94803411e-01
    -1.94658548e-01 -2.47338444e-01 4.99668241e-01 -3.97905350e-01
    3.93021196e-01 -2.90937722e-01 5.62926531e-01 -1.49006903e-01
    4.90761399e-02 -2.85847723e-01 -3.33270788e-01 1.17337823e-01
    3.02864879e-01 9.92807150e-02 -2.11210340e-01 3.95781308e-01
    -1.72668278e-01 -2.02872187e-01 4.00092512e-01 1.43374115e-01
    3.73418242e-01 3.72495323e-01 2.51537412e-01 3.79310369e-01
    1.72230810e-01 2.75349230e-01 -2.97436714e-02 -2.45047808e-01
    1.76031590e-01 4.89792198e-01 7.75939524e-02 -8.20485055e-02
    6.92392886e-02 3.94838154e-01 3.63411009e-01 1.65626526e-01
    3.76459360e-01 1.42941475e-01 -7.29186535e-02 -3.31343412e-02
    4.11490053e-01 4.13177818e-01 5.37380040e-01 -4.25736248e-01
    5.24262190e-02 -2.33965665e-01 -1.93706870e-01 3.14066052e-01
    -2.07509428e-01 -3.75505298e-01 -3.78415823e-01 -9.64687765e-02
    -3.20166945e-01 2.72073448e-02 5.42428613e-01 4.77529466e-02
    1.53048575e-01 3.04670334e-01 2.67290682e-01 -1.15660369e-01
    3.30991268e-01 2.47712046e-01 -3.18431139e-01 -7.29664564e-02
    4.20810312e-01 2.18668848e-01 -3.41250300e-01 -4.21866864e-01
    -1.15449935e-01 6.69784546e-02 -3.11528146e-01 3.08292240e-01
    4.79052722e-01 -2.14303732e-01 -2.57363319e-01 3.10028315e-01
    -2.68959969e-01 -2.79883027e-01 2.13037878e-01 -1.73121691e-02
    -1.83282226e-01 -1.89805210e-01 5.37102342e-01 6.72411025e-02
    3.58576268e-01 -4.60539103e-01 -8.29184055e-02 1.68857098e-01
    1.61591232e-01 2.54584849e-01 -2.25362808e-01 -4.15326893e-01
    4.84446585e-02 4.48544711e-01 2.10237503e-02 -1.75153911e-02
    -3.96206975e-03 4.00804281e-02 4.02752161e-01 3.23132247e-01
    -2.30343848e-01 -1.35309041e-01 3.74129474e-01 -1.52405202e-02
    9.52893496e-02 1.20173305e-01 4.23923641e-01 -1.28310025e-01
    -1.53078377e-01 1.43569708e-01 3.13217342e-02 4.45150197e-01
    3.53025883e-01 5.98707497e-01 4.44088280e-02 4.73161757e-01
    4.20339704e-01 -4.07831073e-02 2.89685428e-02 -4.15009618e-01
    -1.80985153e-01 -4.46780533e-01 -3.76042187e-01 4.45294499e-01
    -3.30364496e-01 1.43349260e-01 1.35192066e-01 -1.29398763e-01
    -3.88084203e-01 4.76061165e-01 5.65384626e-02 2.79962122e-01
    -4.14008200e-02 -1.61483020e-01 -2.14744180e-01 -2.30345577e-01
    -3.76117051e-01 1.33925766e-01 -3.71972829e-01 2.07720727e-01
    -9.92839038e-02 -2.55940229e-01 2.59635210e-01 -4.36520278e-01
    1.31874859e-01 -9.94203687e-02 -4.79509830e-02 7.11423159e-03
    1.85577601e-01 1.69131398e-01 2.12509632e-01 1.23142660e-01
    3.01823258e-01 -3.11566442e-01 2.57643640e-01 1.04906380e-01
    2.69621015e-02 -3.09616327e-04 3.39589149e-01 4.69207287e-01
    3.29653293e-01 3.65255564e-01 -2.40570784e-01 -4.65376168e-01
    1.11529827e-02 4.96652067e-01 -3.70002240e-01 5.05337119e-01
    -1.45962745e-01 -2.23314404e-01 -4.43545133e-01 4.06924903e-01
    -3.64420116e-02 4.69265372e-01 2.95398176e-01 2.55357146e-01
    1.30892009e-01 -2.90156990e-01 -1.71618670e-01 3.32331657e-03
    1.76589549e-01 5.75507581e-02 -3.25823694e-01 3.18443030e-01
    3.54695857e-01 3.62602919e-01 4.51800525e-02 -1.02461845e-01
    4.02515769e-01 -2.68052608e-01 2.73210645e-01 7.36218095e-02
    2.73870945e-01 -2.86649942e-01 9.23304558e-02 6.99837208e-02
    -4.69078690e-01 -7.79854059e-02 1.89693630e-01 -9.89706814e-02
    6.28567934e-02 4.61285055e-01 -5.47327399e-02 3.70824337e-01
    3.92532527e-01 5.02183437e-02 2.61118829e-01 -1.95248604e-01
    3.28735322e-01 -1.45360798e-01 -1.44733191e-02 -2.15905219e-01
    3.03970456e-01 2.25218326e-01 -2.32912302e-01 -4.21587735e-01
    2.65187949e-01 -4.54011559e-02 1.83337897e-01 -4.15524840e-02
    3.74954671e-01 -2.81591773e-01 1.63463205e-01 -1.39335960e-01
    -3.53839606e-01 3.65384758e-01 -3.58003795e-01 -9.07170773e-02
    -6.75025582e-02 2.77829349e-01 2.25461274e-01 -4.12910759e-01
    -2.54687011e-01 3.54333222e-02 3.44132006e-01 -3.38062346e-01
    -6.68630898e-02 4.46600556e-01 -2.30626106e-01 -2.07447618e-01
    1.31784201e-01 -1.97646260e-01 4.89717364e-01 -7.25584030e-02
    -2.94766158e-01 -4.14912134e-01 1.97503567e-01 -2.89346814e-01
    -4.35535610e-01 -6.81752264e-02 -1.52283102e-01 5.28628588e-01
    7.63276219e-03 -4.45347846e-01 4.08281356e-01 3.59898299e-01
    -2.07975715e-01 3.13542396e-01 1.71343863e-01 5.03485084e-01
    -4.04981494e-01 -3.55697691e-01 -3.83606702e-01 5.25745988e-01
    -4.48821396e-01 -1.48945749e-02 1.07546538e-01 1.17687851e-01
    -4.09447402e-01 4.90159690e-01 -1.44260883e-01 1.29832566e-01
    4.37341154e-01 -4.91637498e-01 3.05871069e-01 3.21875870e-01
    -2.16129750e-01 -4.69733894e-01 3.05982232e-02 -3.22861642e-01
    -6.17924333e-02 9.70230699e-02 -1.36165291e-01 -1.43440485e-01
    3.79680812e-01 -3.43882233e-01 -3.72039020e-01 -1.89572603e-01
    1.08406425e-01 3.17770123e-01 -5.03303111e-02 -3.71583700e-01
    -4.85017210e-01 8.29616189e-02 -4.47643965e-01 -5.90593219e-02
    -2.56660759e-01 -4.76749271e-01 -3.05799246e-01 -3.68329883e-02
    3.93785715e-01 -4.05989766e-01 -1.13570273e-01 -3.70785296e-01
    1.90307677e-01 1.88899547e-01 -2.96032280e-01 6.16584718e-02
    2.03252017e-01 -4.42750841e-01 -1.78536773e-02 -5.98888993e-02
    -1.81363463e-01 4.15712476e-01 -3.03592354e-01 -2.07366049e-02
    -2.14117676e-01 -5.14781475e-02 8.31149220e-02 3.83937120e-01
    -4.46237296e-01 -9.94178653e-03 -4.11936074e-01 -4.95909154e-02
    4.49105650e-01 1.12203866e-01 4.84200150e-01 -3.57394248e-01
    -4.05235589e-01 3.38359892e-01 -4.12747651e-01 2.30038702e-01
    2.74900198e-01 3.19265693e-01 3.28182459e-01 1.51860386e-01
    2.18099475e-01 2.25439370e-01 3.24267328e-01 2.49313772e-01
    1.78611279e-01 -1.17402345e-01 -5.02027273e-01 3.09181213e-02
    2.56581008e-01 3.38410378e-01 4.61239517e-01 3.50550890e-01
    -3.89492750e-01 3.49850655e-01 -4.80183959e-02 2.53265142e-01
    4.57697332e-01 -2.98918635e-01 -2.67245829e-01 -4.55530375e-01
    1.97095215e-01 -2.35143542e-01 4.90840465e-01 -2.04809129e-01
    2.11174875e-01 -3.27106804e-01 -8.80118906e-02 5.07551253e-01
    1.15219504e-01 2.15966731e-01 -2.78404295e-01 4.29041445e-01
    -3.98935974e-02 1.94072187e-01 -1.59502000e-01 9.55100060e-02
    -9.90914404e-02 5.76494455e-01 -2.58499175e-01 -3.80080342e-02
    -4.15082008e-01 2.44475901e-01 -3.75099480e-01 -2.79153675e-01
    3.30826104e-01 4.13593948e-01 5.28272986e-02 -1.28486127e-01
    -8.51076543e-02 -4.56743389e-01 -1.79632246e-01 3.02762687e-01
    5.97870946e-02 -3.09332818e-01 2.56182075e-01 4.46828783e-01
    -4.45314050e-01 -4.48181778e-01 -2.74280369e-01 3.57859254e-01
    -1.08120739e-01 -2.95067132e-01 2.21714556e-01 2.48184800e-03
    2.74757326e-01 5.99112809e-02 -1.87431306e-01 5.23750782e-02
    -3.44415605e-02 -3.61738145e-01 -3.19837213e-01 3.99708509e-01
    -4.60247993e-01 -1.93404019e-01 8.49607587e-03 4.90870714e-01
    3.83382440e-01 9.72539186e-02 2.26332963e-01 3.27585340e-01
    -4.06334966e-01 3.44261765e-01 -5.09639382e-02 -2.87406445e-02
    -1.82733655e-01 2.55193353e-01 -3.83706361e-01 3.92872632e-01
    3.43882263e-01 -4.39468443e-01 4.04475570e-01 -2.78208107e-01
    -2.44609386e-01 -3.53306532e-01 -4.20153677e-01 2.93769836e-01
    2.28708029e-01 -9.53882933e-03 -2.82846808e-01 -2.53760099e-01
    -4.54567581e-01 -3.87248605e-01 3.39325070e-02 2.51720428e-01
    3.81382108e-02 -3.75022411e-01 -2.01076269e-02 -3.74550819e-02
    -5.42945862e-02 3.71532977e-01 3.84541214e-01 2.27199376e-01
    3.44476998e-01 2.68853903e-02 -3.67154509e-01 -5.98149002e-02
    -5.62725365e-01 -4.01453167e-01 2.78481245e-02 -8.86957049e-02
    3.35935354e-02 -4.71709698e-01 3.77342165e-01 -3.40128332e-01
    -2.59933680e-01 -5.44442534e-01 1.11020267e-01 3.14921379e-01
    -4.06317323e-01 2.35549212e-02 -3.65636051e-01 2.11658716e-01
    -1.66961253e-01 -4.41366345e-01 -2.21079350e-01 -5.04095793e-01
    6.41772747e-02 -3.90425950e-01 -4.28200305e-01 -3.52385759e-01
    3.04106832e-01 4.63507652e-01 3.06087494e-01 3.05929005e-01
    -3.80816400e-01 -2.24550784e-01 2.97162533e-01 4.17062163e-01
    4.50360239e-01 1.82207406e-01 -2.10412860e-01 -2.06279576e-01
    2.86680341e-01 3.05116117e-01 3.52843285e-01 3.26238632e-01
    -3.69819909e-01 -1.74336523e-01 -4.86762375e-01 -3.16737592e-01
    -4.57167476e-01 -4.21557546e-01 1.68260336e-01 6.85663223e-02
    -1.03424191e-02 6.61322474e-02 -4.81946737e-01 -4.32121754e-03
    1.26228452e-01 -2.80711591e-01 4.23563719e-02 -3.72117907e-01
    1.66168451e-01 2.20829487e-01 -5.58709204e-02 -2.97623396e-01
    -1.92421377e-01 -4.91866976e-01 4.34925854e-01 -2.61698961e-02
    3.04555058e-01 4.87409830e-02 -4.40376729e-01 2.88318157e-01
    -2.24207461e-01 2.00862288e-02 4.40286815e-01 -1.13021761e-01
    -5.01930296e-01 1.82468295e-02 -2.54740089e-01 3.20462346e-01
    -5.31820834e-01 -4.05121773e-01 3.58880520e-01 -2.44568735e-01
    -5.60070872e-02 -1.86225712e-01 -2.20418900e-01 4.01673198e-01
    -1.37502432e-01 -1.94019794e-01 -8.44830275e-03 -2.91351765e-01
    2.50776589e-01 -1.51540041e-02 3.51517916e-01 1.17932022e-01
    7.17126727e-02 1.97976649e-01 -1.52693987e-02 5.96404076e-03
    -3.39632392e-01 -4.01006967e-01 -1.99252665e-01 -3.10178459e-01
    1.53689384e-02 -3.92357558e-01 1.89100683e-01 -2.41964996e-01
    -4.91420001e-01 -9.38003659e-02 3.97142053e-01 -4.00293976e-01
    -4.85292733e-01 -4.04563159e-01 1.31247520e-01 -4.24988240e-01
    -3.29820067e-01 -1.24333352e-01 -3.12878072e-01 3.66069615e-01
    -3.84817749e-01 -3.34632158e-01 4.03321147e-01 -4.97810990e-01
    -4.03726965e-01 3.14553201e-01 -5.39038241e-01 -1.11709654e-01
    3.14105093e-01 -2.78039515e-01 2.48957038e-01 4.46983218e-01
    1.59923971e-01 -4.21478868e-01 -1.00626618e-01 1.03605628e-01
    -1.11377239e-03 -2.11180925e-01 -3.84548366e-01 -1.83262825e-01
    1.93298757e-01 2.87153721e-01 -4.00656462e-03 1.18340373e-01
    -4.30385828e-01 4.12534237e-01 -3.37258399e-01 3.04256022e-01
    -7.98713267e-02 -4.62350905e-01 3.62717569e-01 3.39517832e-01
    7.78157711e-02 4.40019488e-01 1.80373073e-01 -1.38226926e-01
    2.06953883e-02 3.69941652e-01 4.00823057e-01 -6.63979352e-02
    5.17867804e-02 3.12471986e-02 -3.77157718e-01 1.13734663e-01
    -9.74612832e-02 -1.17701083e-01 2.36799896e-01 4.02192056e-01
    -4.82973129e-01 -2.74823010e-01 2.03490853e-01 2.30467230e-01
    -8.53091180e-02 2.54593045e-01 1.97214693e-01 5.61009645e-01
    6.36306047e-01 4.65894997e-01 5.22062421e-01 -2.76233554e-02
    -4.07495767e-01 2.87383914e-01 2.51036704e-01 4.25427496e-01
    1.08140528e-01 2.10487604e-01 -5.12120903e-01 2.27126956e-01
    3.62431288e-01 -4.81793284e-01 -8.56065452e-02 -3.68636876e-01
    2.41890669e-01 -7.35088885e-02 -4.20147181e-02 -2.09034294e-01
    -4.70652938e-01 -1.33304715e-01 -4.51643705e-01 3.87896001e-01
    1.04691029e-01 -5.39311349e-01 1.14880264e-01 2.36962080e-01
    1.54591858e-01 2.87199080e-01 3.48308921e-01 4.79640365e-02
    3.16406965e-01 2.40056515e-02 -7.59111047e-02 -2.52278149e-01
    4.21366036e-01 2.03911543e-01 -4.11235690e-02 -1.59567863e-01
    -3.35488886e-01 1.97289705e-01 4.36319292e-01 1.10324979e-01
    -2.05324113e-01 -2.63817400e-01 -6.95705414e-03 1.09487176e-01
    1.14932358e-01 3.34628999e-01 -4.07008231e-01 2.46284783e-01
    -3.70301604e-01 3.98278177e-01 1.95671856e-01 1.49275780e-01
    -5.37635803e-01 2.37405479e-01 3.17978323e-01 3.68329287e-01
    -3.34954411e-01 -3.71860743e-01 -3.42799455e-01 3.48616242e-01
    5.94964027e-02 -2.20876515e-01 3.52508247e-01 -2.01973319e-01
    1.65516734e-02 -4.46108103e-01 -4.72781718e-01 4.25060987e-02
    -2.60644674e-01 3.83850217e-01 -2.53071874e-01 -4.73355561e-01
    -2.14440823e-02 1.36137009e-01 -3.83880436e-01 1.95785403e-01
    2.29890108e-01 -5.81536531e-01 -2.30976105e-01 -6.96371794e-02
    1.93006098e-01 -9.31869745e-02 3.33185673e-01 -3.50749135e-01
    -3.84116173e-01 2.45205760e-01 -5.76330304e-01 -2.07053185e-01
    1.42978430e-01 -5.68448067e-01 2.24508166e-01 -3.11289877e-01
    1.94160044e-01 -2.57411838e-01 -5.26082277e-01 2.55897045e-01
    -5.69092393e-01 5.15104532e-02 4.93711233e-03 1.18882060e-02
    -4.38493103e-01 -8.21866989e-02 -3.75637144e-01 7.21289515e-02
    -5.42018950e-01 -5.00253439e-01 -1.08644903e-01 2.33273268e-01
    -1.66137993e-01 -5.37187219e-01 -3.34905863e-01 -5.03737926e-01
    -1.85186952e-01 -4.28842068e-01 -4.79449958e-01 9.14393663e-02
    5.29105663e-02 2.98148692e-01 -3.38665068e-01 1.58893764e-01
    2.14086056e-01 6.60130978e-02 -3.93395692e-01 -1.90279365e-01
    -1.37503058e-01 3.17289710e-01 -1.36974096e-01 1.94209278e-01
    3.58273566e-01 4.31233704e-01 1.46740675e-02 1.90159380e-01
    -3.29234004e-02 -3.29856873e-02 -5.44791102e-01 1.45531356e-01
    2.98333287e-01 1.24887109e-01 -4.25608754e-02 -2.59379745e-01
    -1.65843636e-01 -1.43725663e-01 -1.68066025e-02 1.51478171e-01
    3.06101739e-01 -3.10055315e-01 -3.16569716e-01 -2.08234191e-01
    -3.66373658e-01 -6.63560629e-02 -8.61369371e-02 1.92660511e-01
    -5.35829663e-02 -2.27037072e-02 -5.02133369e-01 2.95436442e-01
    1.56634688e-01 1.51509762e-01 3.74036074e-01 -2.57115245e-01
    1.83383703e-01 -1.60837173e-03 2.36410618e-01 3.08342814e-01
    -4.39263701e-01 2.43687451e-01 3.54330480e-01 -4.21860278e-01
    -4.75344062e-01 -4.51491773e-01 3.68415356e-01 3.32912207e-01
    -1.67220116e-01 -1.95647240e-01 -4.73206162e-01 3.03731859e-01
    -2.05791026e-01 1.90772057e-01 -4.24276322e-01 -4.98501748e-01
    5.04046679e-02 -2.60646820e-01 1.26370728e-01 -6.92796707e-03
    -9.87739861e-02 2.48021483e-02 -3.34370822e-01 -3.76170456e-01
    -5.12965441e-01 3.89324725e-01 2.55858779e-01 -4.46731448e-02
    -2.10552722e-01 -1.02159172e-01 2.47647882e-01 1.55948877e-01
    2.83415139e-01 1.20756567e-01 3.34612548e-01 -4.61081505e-01
    -2.77784467e-02 -4.33774590e-01 2.35026479e-02 9.88497734e-02
    3.89611304e-01 4.00608838e-01 -5.32951713e-01 3.63729417e-01
    -2.20816374e-01 -3.69831800e-01 1.96848750e-01 -4.00854290e-01
    -6.18381500e-02 7.28602409e-02 8.97789001e-03 3.73815119e-01
    3.94785702e-01 2.97319293e-01 1.17900848e-01 -5.11228383e-01
    -4.21712488e-01 -1.89628154e-01 -8.33836794e-02 -4.64864075e-01
    -2.03722119e-02 -1.64097726e-01 -2.91974425e-01 -1.85482383e-01
    -4.49580491e-01 -4.91107106e-02 -3.23978066e-02 -3.97071987e-01
    -5.37442565e-02 -3.56818378e-01 -5.23790479e-01 3.91774654e-01
    2.26683855e-01 -2.25806177e-01 2.16266096e-01 -1.15841120e-01
    -4.59366649e-01 -3.92048359e-02 3.33816707e-01 1.46064699e-01
    3.56543958e-01 -2.65854418e-01 2.38520205e-01 3.16066086e-01
    -1.82345271e-01 -2.25963295e-02 2.78129935e-01 -2.36718863e-01
    4.16069061e-01 4.89060581e-02 -1.73981398e-01 4.64971840e-01
    3.54973465e-01 -1.05371147e-01 -3.14816833e-02 3.59723091e-01
    9.63384509e-02 3.06182206e-01 -4.76434678e-01 -1.42850816e-01
    1.55218840e-01 4.41558957e-02 -3.34466696e-01 -1.24590844e-01
    3.49568367e-01 1.50422215e-01 -5.62004805e-01 2.42470801e-01
    2.96855807e-01 -2.28101492e-01 2.72681296e-01 4.49430943e-02
    2.62749791e-01 -5.14068723e-01 -2.11310297e-01 1.76031649e-01
    -3.63653302e-02 2.63069451e-01 2.86009431e-01 -5.04885077e-01
    1.84800446e-01 -4.64493036e-03 -1.27199888e-02 -2.35858023e-01
    -5.56952834e-01 3.48431528e-01 -3.52410048e-01 8.54379535e-02
    -4.53007817e-01 2.55804479e-01 2.95543551e-01 4.76920009e-02
    -4.23441887e-01 -6.79927468e-02 9.91053581e-02 -2.97383636e-01
    -4.61427391e-01 1.35992706e-01 6.68801069e-02 -1.50272399e-01
    1.86473548e-01 -4.67880368e-01 -3.37545782e-01 -5.83813965e-01
    -4.56195086e-01 -5.41803837e-01 -9.88379717e-02 -4.37812209e-02
    1.59311414e-01 -2.09178925e-02 3.45621049e-01 1.44518256e-01
    -6.80193901e-02 -4.06500131e-01 -8.92055631e-02 -2.51762867e-01
    3.74818921e-01 -1.77242935e-01 -6.01124048e-01 1.64793193e-01
    1.51733100e-01 -5.88040471e-01 -3.37525845e-01 -3.49555790e-01
    1.85003042e-01 -3.55439186e-02 -5.73622584e-02 2.64851153e-01
    6.13420010e-02 1.47426546e-01 -5.86578846e-01 2.33023643e-01
    1.49097741e-01 -3.56388450e-01 -2.31994450e-01 1.34148598e-01
    -2.15217888e-01 -4.22973514e-01 -2.62191266e-01 -5.74881434e-02
    -4.72368002e-01 2.10215330e-01 -9.66607928e-02 -1.71606123e-01
    1.86426222e-01 -2.90213645e-01 2.76033759e-01 -1.11806214e-01
    1.72661602e-01 -4.07371253e-01 -2.14479089e-01 -6.01771057e-01
    1.45152330e-01 1.45090163e-01 2.87729442e-01 -5.03155708e-01
    -1.81683272e-01 -3.61895561e-03 2.54120827e-01 -4.77465212e-01
    3.43025327e-02 -2.64542103e-01 3.19149792e-01 -5.47715783e-01
    -4.77802485e-01 -3.84216040e-01 1.67220414e-01 1.03456974e-02
    2.92462766e-01 3.88103783e-01 9.54923034e-02 3.07167172e-01
    3.61292243e-01 -1.15568638e-02 -8.49323869e-02 -1.87621534e-01
    -5.78187108e-01 3.47131729e-01 1.49166763e-01 3.53404641e-01
    -3.17938626e-01 3.42280090e-01 -3.88425589e-02 -2.90580899e-01
    -4.67964232e-01 -5.63556373e-01 -4.69853640e-01 -3.35481912e-01
    -5.40696800e-01 -2.73421168e-01 -3.51086020e-01 -4.21188176e-01
    -3.00679326e-01 -5.80312848e-01 -9.15777683e-02 -1.48339242e-01
    -1.79145336e-02 2.75298357e-02 -3.00378293e-01 -4.48088050e-02
    -2.61533260e-02 2.95937717e-01 -2.19590098e-01 -5.79615235e-01
    -3.57227862e-01 -2.05378592e-01 -1.20022595e-01 -1.46356463e-01
    -7.75431991e-02 -4.53879654e-01 -4.24480706e-01 -2.44673073e-01
    2.29892194e-01 -1.17060304e-01 -6.51535988e-01 -3.96276236e-01
    -2.08906770e-01 6.84188604e-02 -5.11837721e-01 -3.96480501e-01
    -6.01262510e-01 1.38284326e-01 -1.62062734e-01 -1.34034336e-01
    -3.77072692e-02 3.12068820e-01 -5.65930963e-01 -3.84063125e-02
    1.49307966e-01 3.25198889e-01 2.66310811e-01 2.92980075e-02
    -2.29857057e-01 -1.07081473e-01 1.75427437e-01 -6.36273026e-02
    -5.39881468e-01 1.76544785e-02 1.57283604e-01 -1.60762310e-01
    2.79684246e-01 -5.57136238e-01 2.27793932e-01 -4.72784966e-01
    -5.53515077e-01 1.60429835e-01 2.20651567e-01 -4.89861608e-01
    -4.88774955e-01 -4.76180971e-01 7.59786963e-02 8.02718997e-02
    -5.69252968e-01 1.56920314e-01 -8.66204500e-03 -5.63365698e-01
    4.41716313e-02 2.41336703e-01 -5.09740591e-01 -5.43813348e-01
    -9.10295844e-02 -5.40701270e-01 -3.95717680e-01 -1.13846540e-01
    -4.94716227e-01 -8.71527195e-02 -1.51988238e-01 -7.50666261e-02
    -5.27834713e-01 -5.24024248e-01 -2.55260468e-01 3.41339707e-02
    -4.38171774e-01 -3.14013600e-01 -3.02131981e-01 2.42693424e-02
    -1.07940793e-01 3.15283358e-01 -4.78863299e-01 -1.95325077e-01
    -1.25159025e-01 -3.42378974e-01 2.57583797e-01 -3.37336063e-01
    -6.28641248e-01 3.40608418e-01 -6.09178662e-01 2.74830818e-01
    -3.24045122e-01 -5.46353459e-01 5.31775951e-02 -6.14206851e-01
    -2.67706573e-01 -7.90810585e-03 -2.92425156e-02 -3.17472816e-02
    -1.83721393e-01 -5.03074288e-01 -4.34266031e-02 3.57734203e-01
    3.13123316e-01 -1.27248526e-01 6.07584476e-01 -1.29668146e-01
    3.60101223e-01 -1.98935866e-01 -3.17229599e-01 -1.47459507e-01
    -5.12722731e-02 1.04391932e-01 -1.71987921e-01 -4.25149947e-01
    -2.62272924e-01 -8.75138640e-02 2.45147347e-02 -3.12263250e-01
    -3.31620574e-01 -1.52698904e-01 -2.69628167e-02 -6.28089368e-01
    2.57048368e-01 -2.16483057e-01 -1.99345291e-01 -4.85168815e-01
    1.73195541e-01 9.23877954e-03 3.13599110e-01 -4.70941126e-01
    -3.30902427e-01 -3.50288868e-01 -5.96000135e-01 -2.08210468e-01
    3.29077780e-01 -5.31593323e-01 1.34777427e-02 -5.27075112e-01
    -1.50795758e-01 -4.13815618e-01 -6.19428635e-01 3.06152701e-01
    -5.42413473e-01 -3.91407877e-01 -4.14973497e-03 -3.08742762e-01
    -3.87232155e-01 1.68657422e-01 9.29123163e-02 2.74552703e-01
    -2.76789129e-01 -4.63261008e-01 2.93596148e-01 -2.85528898e-01
    2.75974035e-01 -6.01307988e-01 1.42052054e-01 -6.09054804e-01
    2.36660779e-01 -3.63243461e-01 -1.47699416e-01 8.33204389e-02
    -3.86604488e-01 -1.50321007e-01 -1.72052026e-01 -3.02284539e-01
    -2.20530659e-01 -2.86498249e-01 1.83287323e-01 -5.41686237e-01
    -3.12644184e-01 5.70442677e-02 9.50000882e-02 -1.83090687e-01
    -2.91831553e-01 -6.32439971e-01 -4.33285445e-01 -3.54931951e-01
    2.46253550e-01 2.31746316e-01 -3.92270982e-01 -3.99672210e-01
    2.37726033e-01 -4.78764832e-01 2.61778712e-01 -2.08735913e-01
    -2.36220628e-01 -3.76529932e-01 -2.91253924e-02 -3.84159327e-01
    -5.41305721e-01 -1.22809410e-03 -3.46098602e-01 -4.00901347e-01
    -6.75510406e-01 -3.37005585e-01 -1.06702745e-01 1.10834837e-02
    -5.06865501e-01 -2.13778496e-01 -1.72234774e-01 -3.23556542e-01
    4.12947536e-02 1.19949877e-01 -2.66422927e-01 -2.88259774e-01
    -1.67341828e-01 4.04302478e-02 -6.54300809e-01 1.43698156e-01
    1.36338353e-01 1.83390915e-01 -5.09276390e-01 -6.23461246e-01
    -4.93265182e-01 2.63163447e-02 6.53458238e-02 1.17434919e-01
    3.03345442e-01 -1.46657348e-01 2.59488583e-01 -1.62329465e-01
    -1.12098932e-01 2.99622118e-01 -5.81290960e-01 -2.07679451e-01
    -5.78982174e-01 -6.34362578e-01 1.17325068e-01 -3.83517265e-01
    1.34779215e-02 -1.37050748e-02 -4.33365136e-01 9.44139957e-02
    7.88987279e-02 3.23163986e-01 -2.37340063e-01 1.07928514e-01
    -5.05267501e-01 1.88198447e-01 1.42693341e-01 -1.74985558e-01
    1.23564363e-01 -4.05870646e-01 2.52371848e-01 6.10666275e-02
    -4.25722063e-01 3.10940564e-01 2.83970177e-01 -1.98084712e-01
    -5.10896564e-01 1.82481408e-01 -6.06303394e-01 1.45481169e-01
    1.61587954e-01 -5.24186730e-01 1.30680263e-01 -5.13700008e-01
    -3.72382283e-01 8.81072283e-02 1.61546886e-01 -5.49998581e-01
    -5.90829372e-01 2.60044754e-01 2.62016356e-01 1.89033568e-01
    4.15437222e-02 -1.54585660e-01 -6.58743799e-01 -4.16828573e-01
    -1.24054551e-02 1.00192845e-01 -2.92479992e-03 -7.84620047e-02
    -6.95424676e-02 -3.12852502e-01 -3.23935419e-01 -2.34133005e-03
    1.58373535e-01 -1.23152137e-01 -9.32416320e-02 2.24381924e-01
    -4.33230519e-01 1.58981681e-02 2.95250416e-02 1.61139369e-02
    -1.87785983e-01 -2.54055113e-01 -2.13552535e-01 -1.04442060e-01
    2.25578129e-01 -4.17583257e-01 -4.40947711e-01 5.60931563e-02
    2.21415937e-01 2.01057136e-01 -1.78098619e-01 -1.25513494e-01
    -8.41667056e-02 -5.98055720e-02 -6.11040354e-01 -5.70369363e-02
    -4.50489342e-01 -5.31917334e-01 1.43067658e-01 -1.59524500e-01
    1.90282643e-01 2.95543075e-01 -3.20471048e-01 -3.92313600e-02
    -2.72072017e-01 2.18648732e-01 -1.67266130e-02 3.24695230e-01
    1.04464114e-01 2.22913384e-01 -9.21983123e-02 -1.86473072e-01
    8.87965560e-02 -5.71803570e-01 2.09617376e-01 2.37095118e-01
    9.72542763e-02 -3.55316997e-02 2.06488788e-01 -2.68311173e-01
    -6.48381293e-01 -1.28456533e-01 -3.50471616e-01 -5.51617086e-01
    -8.70915055e-02 2.38616347e-01 -4.20833707e-01 2.56388545e-01
    -2.97992229e-02 -4.56409305e-01 -3.45507622e-01 2.75395274e-01
    -6.09805644e-01 2.78994024e-01 -4.90790635e-01 2.59131789e-01
    6.50097728e-02 -5.94258904e-02 -6.78135455e-01 2.61589229e-01
    -3.07175338e-01 2.29892671e-01 1.07174218e-01 -5.01013994e-01
    -5.54132223e-01 -3.25956255e-01 -4.77295637e-01 -6.79085493e-01
    2.41057038e-01 2.39376664e-01 -3.44620407e-01 -9.64802504e-03
    3.74921709e-01 4.62692827e-01 -3.59201342e-01 6.44341707e-01
    -2.03343779e-01 1.55648977e-01 -3.70713949e-01 -3.88520926e-01
    -1.68008119e-01 -9.76757109e-02 -2.72250772e-01 -2.58515060e-01
    -2.43724674e-01 -5.39597094e-01 4.80399132e-02 -6.60755873e-01
    1.99039698e-01 2.55209565e-01 2.95411766e-01 2.48173177e-01
    -1.66871905e-01 -4.16430712e-01 -4.80315864e-01 -2.49791831e-01
    -5.89762986e-01 3.86415124e-02 -3.69197220e-01 -3.18905056e-01
    -2.41106153e-02 -4.36338305e-01 -5.02677321e-01 -1.41860962e-01
    -6.47574067e-01 -1.21945202e-01 -6.10624015e-01 3.42187166e-01
    -6.19700074e-01 -5.65152526e-01 -4.62016553e-01 -5.82160234e-01
    -3.19570065e-01 -3.05091500e-01 -4.09922689e-01 -5.84795415e-01
    1.07309818e-01 1.68559015e-01 1.88264251e-01 -3.54513705e-01
    -5.06340325e-01 -2.16002703e-01 1.84941888e-01 3.08795571e-02
    -6.12905502e-01 -4.25720096e-01 2.43538678e-01 -1.39581561e-02
    -2.55282640e-01 -7.05179632e-01 -6.02859974e-01 -3.97284806e-01
    -1.16265416e-02 -4.07536387e-01 -5.17458320e-01 -3.72774541e-01
    -2.88774252e-01 -2.60936618e-02 -5.53854227e-01 -4.53152120e-01
    -3.86110604e-01 -6.32056952e-01 2.05137551e-01 -3.46227258e-01
    -6.17713451e-01 -4.43215668e-01 1.91274762e-01 1.77454174e-01
    -3.51754963e-01 1.14886403e-01 -6.45114422e-01 2.86398053e-01
    -1.48779511e-01 -2.82703042e-02 -4.94652748e-01 -1.07589841e-01
    -4.40702677e-01 -4.58064675e-02 -3.45020235e-01 2.25832820e-01
    -4.91392910e-01 -6.40259683e-01 1.81637704e-01 1.86707675e-01
    -6.45971656e-01 2.13558733e-01 1.78475618e-01 -5.86959004e-01
    -2.31602192e-02 -6.01626635e-02 -2.65114009e-01 2.15082169e-02
    -6.62011504e-02 -1.83744550e-01 -3.45161140e-01 1.08765841e-01
    -1.70048475e-02 -3.55048060e-01 2.16337681e-01 1.24260724e-01
    -7.10208356e-01 2.27888286e-01 2.67139137e-01 -2.55169779e-01
    -6.71748877e-01 -5.40798187e-01 -6.18952155e-01 -6.26890063e-02
    -6.41230524e-01 -4.83793020e-02 -4.23868895e-02 -1.82924151e-01
    -1.53144479e-01 -5.18598855e-01 -6.85929239e-01 -2.03542233e-01
    2.95970917e-01 -3.06694388e-01 -5.36103249e-02 -2.68127561e-01
    -5.42840123e-01 2.76315212e-02 2.14218259e-01 -1.55782759e-01
    2.55512536e-01 2.38888383e-01 -1.65561497e-01 -5.01193523e-01
    -6.33435369e-01 -5.32159507e-01 -2.66423315e-01 -3.13798934e-01
    -4.61361766e-01 -6.66108429e-01 -2.56779790e-01 1.83099091e-01
    -6.76089168e-01 -3.50131482e-01 -5.56165338e-01 1.61059797e-01
    1.59489512e-02 2.73237586e-01 1.97664201e-01 -6.65118098e-01
    -1.25980735e-01 -1.36887968e-01 -1.67523861e-01 2.32285619e-01
    -1.94806784e-01 2.00977325e-01 -2.37185240e-01 -4.55101073e-01
    -2.36198902e-02 -3.97344291e-01 6.44981265e-02 2.53469229e-01
    9.55798626e-02 -7.01722562e-01 2.26519942e-01 -1.09776258e-02
    -1.21331275e-01 1.15891755e-01 -2.11741805e-01 -1.01435661e-01
    -5.05077839e-03 7.10342526e-02 -6.08626366e-01 -6.67788386e-01
    -6.52937293e-02 -1.64475322e-01 -3.26177537e-01 -2.64194012e-02
    -2.06451595e-01 -6.59505963e-01 -2.79094428e-01 -4.99297082e-01
    1.78095639e-01 -2.32821405e-01 -7.91094899e-02 2.17732966e-01
    -6.91428721e-01 -3.12390625e-01 2.05303431e-01 -2.05729067e-01
    -1.17556453e-01 -2.63744295e-01 -6.22864604e-01 -3.51927549e-01
    -4.81100023e-01 -5.59419930e-01 1.48283541e-01 -5.02798557e-01
    2.45583534e-01 -6.83497369e-01 -5.91104865e-01 -1.63513005e-01
    1.83133662e-01 -4.06798422e-01 -6.17277861e-01 -1.81606770e-01
    -3.39864075e-01 2.06287622e-01 1.02188230e-01 -4.14846629e-01
    -1.53060138e-01 8.24421048e-02 -1.52295828e-02 1.13063812e-01
    -5.74772358e-01 1.21648610e-01 -3.09446454e-02 -5.30751228e-01
    -6.07338786e-01 -3.14325690e-01 -3.47252429e-01 -6.20105624e-01
    -2.62318850e-02 -5.95454693e-01 -2.90142089e-01 4.55899835e-02
    2.11212695e-01 5.12177348e-02 -2.75845319e-01 -5.15158772e-01
    3.00608873e-02 -3.84755820e-01 1.09671354e-02 3.93515229e-02
    -2.42706031e-01 -1.92218721e-01 2.45702267e-03 -1.09334052e-01
    -1.00374460e-01 -6.23457432e-01 -6.03898168e-01 -5.38290143e-01
    -4.95422184e-01 -3.59999239e-01 1.30726874e-01 2.10860789e-01
    -4.45285797e-01 2.11526752e-02 5.68665266e-02 9.03942585e-02
    -1.75037891e-01 1.58241272e-01 -5.71957529e-01 -4.27784622e-01
    -4.59655732e-01 3.53685141e-01 1.04899138e-01 2.86696136e-01
    4.10985470e-01 3.38573724e-01 -4.24849987e-02 4.91510034e-02
    2.63842702e-01 3.15834463e-01 -5.28252959e-01 -6.14424169e-01
    -2.93123990e-01 -5.65363824e-01 4.16341424e-02 -5.57569861e-02
    1.28713846e-01 1.93923116e-02 -3.19526434e-01 1.81389868e-01
    2.54996181e-01 -1.47582471e-01 -2.48144031e-01 -6.56795502e-02
    -3.45078826e-01 -3.60491753e-01 -5.37576258e-01 -6.85539007e-01
    -3.92604470e-01 -2.52951026e-01 -3.98673505e-01 -4.01241839e-01
    -5.86729646e-01 -3.77285451e-01 -6.57845795e-01 -4.15502787e-02
    8.84491801e-02 -1.20755017e-01 -1.58045709e-01 -2.35591441e-01
    -2.70690262e-01 -6.71085060e-01 -3.19322258e-01 -1.09023333e-01
    -1.64503396e-01 4.21683192e-02 -4.16347027e-01 -4.64596152e-01
    -4.63865280e-01 -6.79958105e-01 -1.95998013e-01 -1.35392964e-01
    -2.57333457e-01 -4.27759081e-01 5.73043227e-02 -5.43651342e-01
    -7.30063558e-01 -1.96981549e-01 -3.54705602e-01 1.93828881e-01
    -2.21689641e-01 -6.71879172e-01 -1.50499642e-01 2.31552064e-01
    -7.19072342e-01 -3.68185967e-01 -3.22001249e-01 1.73401117e-01
    -1.12982929e-01 -1.20662093e-01 -1.57541633e-02 -6.37931824e-02
    -2.13307440e-01 -1.51693583e-01 -7.17434883e-02 -4.89463300e-01
    1.54392660e-01 -6.09625101e-01 -1.38785541e-01 -1.28430188e-01
    -5.34507453e-01 -2.43262649e-02 -1.53073847e-01 -2.86749423e-01
    1.89447999e-02 1.97669268e-02 2.10788667e-01 -4.44663763e-02
    1.47166908e-01 -7.82619119e-01 2.06767917e-02 -6.79903626e-01
    -2.86998987e-01 -6.00818098e-01 -4.14769292e-01 3.69725227e-02
    1.60120606e-01 -5.17086029e-01 -4.80046183e-01 -3.55431885e-01
    -1.23389840e-01 1.21623755e-01 -6.36125207e-01 -2.56159127e-01
    -7.08701134e-01 -5.74644446e-01 -2.80640423e-01 -5.78530669e-01
    8.42374563e-03 5.70395589e-02 -3.94240052e-01 -2.12069511e-01
    -1.18514180e-01 -5.07596016e-01 -5.81245482e-01 5.58558106e-02
    1.18961990e-01 2.00012147e-01 9.54537392e-02 1.62896276e-01
    -5.68573296e-01 -7.15371072e-01 -5.05582035e-01 -5.27232528e-01
    -2.26021826e-01 1.78338885e-02 -5.32655835e-01 -1.61430538e-01
    -2.30419993e-01 -2.70529598e-01 1.71363175e-01 -5.84463954e-01
    9.54248905e-02 -2.53696382e-01 -3.75671566e-01 -3.57652843e-01
    -4.71919268e-01 1.77983701e-01 1.15208030e-02 -4.69357789e-01
    -5.30076325e-01 -1.21880889e-01 -2.12562084e-03 -5.71011543e-01
    -4.90116179e-01 1.21159852e-01 -4.88903672e-01 -3.36798847e-01
    -6.74580336e-02 1.51348650e-01 -5.71761131e-01 -7.28440285e-03
    2.88438320e-01 -4.93748754e-01 -6.70381367e-01 -5.49585164e-01
    -2.51948833e-04 -5.08319855e-01 -4.84589875e-01 -3.72132182e-01
    1.79566860e-01 -5.02446353e-01 -1.43206537e-01 -3.45567942e-01
    -7.11930275e-01 1.77695870e-01 -6.31409466e-01 -5.82522571e-01
    -1.18380129e-01 -2.19376266e-01 9.28835869e-02 -2.94504464e-01
    -7.38267064e-01 -3.58302295e-01 -6.41575456e-01 -6.86247230e-01
    -2.22662270e-01 -5.72365880e-01 -6.86818361e-01 -6.28635526e-01
    1.33192539e-03 -2.30023623e-01 -4.59237784e-01 1.85702503e-01
    -2.82251477e-01 1.84885800e-01 -1.99847996e-01 -3.22840065e-01
    -2.45807886e-01 1.83757305e-01 1.35033607e-01 1.59806013e-01
    -6.33982718e-01 -5.31121135e-01 2.24728584e-02 -2.78765827e-01
    -5.26350260e-01 1.27371311e-01 5.69120049e-02 -3.68103981e-02
    -2.93962806e-01 6.85184002e-02 -5.47020674e-01 -3.69488418e-01
    -5.14233291e-01 -3.70929182e-01 -2.68112600e-01 -7.16720223e-01
    -2.55374491e-01 -5.90023994e-02 -2.24930048e-01 4.47288752e-02
    -1.77083254e-01 -2.41256237e-01 -7.08941281e-01 -5.60472012e-01
    9.97898579e-02 -5.41972160e-01 -4.45685446e-01 1.51188374e-02
    -2.20905066e-01 -4.09701765e-01 -1.61876082e-02 1.36588693e-01
    -3.65913749e-01 -3.73838991e-01 -2.58303612e-01 -2.10539341e-01
    -6.18658781e-01 -1.63656592e-01 -2.49480546e-01 -3.62512171e-01
    -5.33905149e-01 -7.92717934e-03 7.06660151e-02 -4.06249523e-01
    2.26032078e-01 -6.71311498e-01 -1.07434154e-01 -5.04187346e-01
    -4.37539965e-01 -9.66903567e-02 -5.11308014e-01 2.14868784e-03
    -5.81623316e-01 -2.67437875e-01 7.99598694e-02 -3.99324536e-01
    -1.31484687e-01 -3.60773861e-01 -3.46884400e-01 1.44337356e-01
    -6.77254677e-01 -5.53404331e-01 -5.97085238e-01 2.84586370e-01
    8.49497318e-03 1.81287378e-01 -2.12775916e-01 3.57105166e-01
    -1.45313740e-01 1.19729936e-01 -3.79272103e-02 2.10855961e-01
    3.79023015e-01 -3.91416967e-01 -1.07167184e-01 -5.36139071e-01
    1.23412549e-01 -4.63836849e-01 -5.67568600e-01 -4.11642104e-01
    -7.35677063e-01 -6.85781837e-01 -2.88986862e-01 -4.83463168e-01
    -4.07771885e-01 2.05970705e-01 -6.87498689e-01 -6.40346766e-01
    -2.25157142e-02 -6.93333149e-01 2.25352287e-01 -6.52870655e-01
    -3.99661005e-01 -4.23904091e-01 -7.94585943e-02 3.08159590e-02
    -4.87365007e-01 -6.05797410e-01 -4.70333487e-01 2.95109749e-01
    1.43347144e-01 -2.49067903e-01 -1.98003292e-01 6.97777867e-02
    -3.43514949e-01 -2.91417778e-01 -1.24282598e-01 -5.78708887e-01
    -6.78528786e-01 -5.18963456e-01 1.59914315e-01 -1.60146952e-02
    -1.54493451e-02 -5.26954472e-01 -5.02397180e-01 -5.34339845e-01
    -4.51616645e-02 -3.19199264e-01 -5.57116508e-01 -6.38189793e-01
    -3.24529588e-01 -4.71102536e-01 1.49539173e-01 1.78820431e-01
    -1.16123021e-01 -3.93292010e-01 -6.65116310e-02 -7.21672297e-01
    -3.44822347e-01 -3.73734921e-01 3.29351425e-02 -5.64235210e-01
    -3.20223063e-01 -6.89446568e-01 -6.32787049e-01 -7.24688411e-01
    1.96888447e-01 -1.61063135e-01 -2.93503791e-01 4.39361334e-02
    1.25165999e-01 -7.18593597e-02 -2.57699013e-01 -1.17913604e-01
    -1.82481170e-01 -9.64436531e-02 -7.23888636e-01 -5.38462579e-01
    -7.19806135e-01 1.46210670e-01 -4.04010534e-01 -9.76908207e-03
    -2.38028109e-01 -4.38114107e-01 -5.12556434e-02 1.84319437e-01
    1.72189772e-01 -7.96488523e-02 -1.87376857e-01 1.25706196e-04
    9.17629004e-02 -2.97795415e-01 6.54041171e-02 -6.38223171e-01
    1.01884604e-02 -6.94113970e-02 -4.06440556e-01 -1.90675259e-01
    -4.31646705e-01 9.61285830e-02 -2.57611901e-01 -5.65966904e-01
    -5.88728189e-01 -5.86080909e-01 -6.86019421e-01 -4.84316409e-01
    -3.62709373e-01 -2.10857809e-01 -1.09812558e-01 -3.67023289e-01
    2.52980649e-01 -5.85058987e-01 1.59803808e-01 -1.69687927e-01
    -4.05402631e-01 -6.99375868e-01 -5.61529756e-01 -5.39055645e-01
    -7.65992403e-02 4.14816141e-02 -4.36507404e-01 -5.54837942e-01
    -8.88805389e-02 -7.40639925e-01 -4.91444230e-01 1.30859375e-01
    1.53299391e-01 -4.33662266e-01 -1.13176286e-01 4.62731719e-02
    -2.58092225e-01 9.86041427e-02 -7.67123699e-01 8.71174932e-02
    -3.65502954e-01 -6.10812604e-01 -2.04937398e-01 1.30722582e-01
    -6.18368387e-02 -6.04784787e-01 2.47762620e-01 1.64040864e-01
    -1.66538596e-01 2.24520326e-01 -6.81224585e-01 -6.66479409e-01
    -1.26527548e-02 -6.01086259e-01 -6.87736630e-01 5.52409887e-03
    -4.66991276e-01 -3.84067476e-01 -3.40875715e-01 -4.81477290e-01
    -5.83529353e-01 -5.80522418e-01 -6.87744856e-01 -4.03700948e-01
    -1.39318109e-01 -2.84136891e-01 -2.80047596e-01 1.13617778e-01
    2.96075940e-02 -7.34992564e-01 -6.19797230e-01 -2.83932447e-01
    -4.74964440e-01 -7.85594702e-01 -8.04152131e-01 -7.78544545e-01
    -9.62620974e-03 -1.30882680e-01 -2.53067374e-01 -5.28614163e-01
    -2.45778739e-01 1.99403763e-01 -1.06669903e-01 -6.18000627e-02
    -7.09203482e-01 8.85369778e-02 -5.30454159e-01 -5.49541593e-01
    -4.35251772e-01 -4.04647797e-01 1.88794971e-01 1.31080091e-01
    6.60275817e-02 2.47597039e-01 -1.31410658e-01 -3.23182702e-01
    -5.49621582e-02 -5.71561694e-01 -7.04790652e-01 -3.79413009e-01
    2.23626435e-01 3.53167653e-02 2.98389196e-02 -4.20868218e-01
    -4.04325873e-01 8.07129741e-02 -2.33026564e-01 5.68723679e-02
    9.59845781e-02 -9.29133296e-02 1.38575852e-01 -5.86192191e-01
    -3.44780624e-01 -3.73379052e-01 -4.05973196e-03 -1.03802621e-01
    -6.25264525e-01 -7.50497580e-01 -4.14410233e-02 -5.30235469e-01
    2.12923825e-01 -5.43866038e-01 -2.05786586e-01 -1.09888315e-02
    -7.34679461e-01 -2.69333124e-01 -1.68568909e-01 2.06782699e-01
    -5.95285892e-02 -1.53052986e-01 -5.03466606e-01 -3.14624876e-01
    -3.71088982e-02 -1.01540864e-01 -6.09824419e-01 1.07116997e-01
    5.12886047e-02 4.77690101e-02 -1.53146863e-01 -2.45248437e-01
    2.17323422e-01 -5.00633001e-01 -7.12881804e-01 -7.01916277e-01
    -7.46473670e-01 -1.94717050e-01 -7.26999283e-01 -4.74154562e-01
    4.33605909e-03 -6.10716820e-01 2.32179761e-01 -2.52864271e-01
    -5.23433745e-01 2.11929262e-01 -3.28251958e-01 -4.41762120e-01
    -6.91728294e-02 2.79499352e-01 5.49232244e-01 -3.15777093e-01
    4.72632647e-02 -1.22100890e-01 3.25251073e-01 -8.16893578e-02
    1.83440566e-01 -4.51450348e-02 -3.10936987e-01 -4.08045292e-01
    -6.47966266e-01 -4.83825803e-01 -1.80421889e-01 -4.58822072e-01
    -4.27603722e-03 1.20130002e-01 1.85743451e-01 4.67284918e-02
    -3.60448122e-01 -4.25125808e-01 1.39413774e-01 1.21147871e-01
    -2.80318797e-01 -4.36504483e-02 -5.97217560e-01 -4.14260447e-01
    -5.70338666e-01 -6.58849120e-01 8.10538530e-02 -2.06416011e-01
    2.75326014e-01 -3.24275941e-01 -6.30411506e-01 3.09584737e-01
    -4.19424236e-01 2.49272585e-03 -1.58337593e-01 -4.97064620e-01
    -5.99364161e-01 -5.54630399e-01 -6.32926226e-01 -2.13889658e-01
    -5.25831878e-01 -4.17392135e-01 -1.21376276e-01 -3.53979290e-01
    -3.02379668e-01 -1.86910987e-01 -3.46588016e-01 -4.64979082e-01
    1.30604386e-01 -5.96729755e-01 -2.42461026e-01 -1.04316294e-01
    -1.97762668e-01 -5.62039852e-01 -6.03633463e-01 -8.88031721e-03
    1.42681658e-01 4.83340025e-03 -3.81535262e-01 -4.52743769e-01
    -3.86375189e-02 -7.13912010e-01 9.86910462e-02 2.24280238e-01
    -7.15433478e-01 1.43571019e-01 -5.74987292e-01 -6.20187640e-01
    -4.74913061e-01 -1.50856137e-01 -6.11470580e-01 1.02282465e-01
    -7.32301176e-01 -6.00987613e-01 -5.32124579e-01 -5.69585800e-01
    -1.56689584e-01 1.54621065e-01 -2.49676526e-01 4.53115106e-02
    -3.34266961e-01 -6.09677315e-01 -4.45265651e-01 -5.33675671e-01
    -6.07796669e-01 9.98222828e-03 -7.06245542e-01 -4.37638730e-01
    -2.66282618e-01 8.61830115e-02 -5.36660373e-01 -7.56041646e-01
    -7.50336051e-02 -1.52141690e-01 -1.03455663e-01 3.41713428e-04
    1.54293478e-01 9.40853357e-03 -4.67082620e-01 -3.88156176e-01
    -2.77304828e-01 -1.64057970e-01 6.39358163e-02 -6.17334843e-02
    -4.17115897e-01 2.44157314e-01 -6.83728218e-01 -7.73099661e-02
    1.66264296e-01 -6.76366091e-01 -5.95531940e-01 4.25827503e-02
    -6.41047955e-02 -6.06113851e-01 -6.45638049e-01 -3.06158960e-01
    2.89407969e-02 -2.09882796e-01 -4.06057775e-01 -7.15807915e-01
    -4.09492373e-01 -1.87894821e-01 -6.77405655e-01 -1.65517569e-01
    -4.42864925e-01 -7.01566696e-01 2.05735922e-01 -5.43361366e-01
    -5.08838296e-01 -2.92105824e-01 2.39394248e-01 -7.08389282e-01
    1.05685711e-01 1.70605719e-01 -4.56095576e-01 -1.81052506e-01
    -7.51178384e-01 -2.10725963e-01 -5.12326539e-01 -4.58240330e-01
    1.06770575e-01 1.59611523e-01 -3.19265515e-01 -6.25400364e-01
    -4.66391206e-01 -5.51500320e-01 -1.13016725e-01 -7.44316816e-01
    3.02153230e-02 2.15904713e-02 -2.29054421e-01 -6.65831864e-01
    1.01638138e-01 -5.83217978e-01 -4.68926549e-01 1.52675688e-01
    -2.90383428e-01 -4.63651657e-01 8.98427963e-02 -2.30259478e-01
    9.05668139e-02 -1.26135290e-01 -3.23505998e-02 -1.28693521e-01
    -3.22596729e-01 -2.71546811e-01 -3.37653548e-01 1.71614051e-01
    3.10114622e-02 -2.05502212e-01 -5.43952107e-01 -6.97405338e-01
    -1.80859506e-01 -6.62625790e-01 1.14407778e-01 -3.88724685e-01
    1.77682996e-01 1.06567383e-01 -2.04512596e-01 -1.68277681e-01
    -2.98564851e-01 -7.12020397e-01 -4.50723410e-01 -4.16494608e-01
    5.45622110e-02 -4.97958064e-01 -3.76823306e-01 -2.99313992e-01
    1.40572488e-01 2.23497093e-01 -3.75863671e-01 7.94212818e-02
    -4.88407016e-02 2.45633721e-02 -6.19320571e-01 1.87737584e-01
    -5.48366308e-01 1.27046227e-01 9.60780382e-02 -6.75439835e-04
    1.56183779e-01 -1.03285730e-01 -3.02799940e-01 -1.29705191e-01
    1.12604201e-01 1.60524547e-01 -5.55163980e-01 -4.85871702e-01
    -1.29178405e-01 -6.17687702e-01 -4.58210588e-01 1.71324551e-01
    -7.35746503e-01 -1.43050075e-01 -7.16524720e-02 -1.78093314e-01
    -4.72740531e-02 -3.85246098e-01 -4.88313079e-01 -4.06038761e-01
    2.01112151e-01 1.76800728e-01 -4.12934482e-01 -6.80987895e-01
    -1.69689417e-01 1.49465501e-01 -1.43529773e-01 -1.88350916e-01
    -9.64195728e-02 -1.85160518e-01 2.23307133e-01 1.16897821e-02
    -1.68546617e-01 -6.70251489e-01 1.19945526e-01 -1.10026181e-01
    -2.92917490e-02 -4.21348780e-01 7.79741406e-02 1.89396143e-02
    -7.78111219e-02 -3.38339537e-01 1.81520104e-01 -2.22120583e-01
    2.65412688e-01 8.51154327e-04 1.52849674e-01 -6.44331038e-01
    2.80341387e-01 -2.89725244e-01 -1.73559159e-01 3.43480706e-02
    -4.95443821e-01 3.23308825e-01 -3.17834079e-01 4.25851643e-02
    4.34958249e-01 -3.50462794e-02 2.32408673e-01 9.42063332e-03
    -6.54489696e-02 2.34090686e-02 2.28172660e-01 -5.11170149e-01
    -1.03358805e-01 -3.92569304e-01 -2.41884291e-01 -1.52924597e-01
    -1.61869049e-01 -2.45389342e-02 -5.24642169e-01 1.41449630e-01
    2.24996209e-01 -4.67259765e-01 -6.00902200e-01 2.21805453e-01
    -6.16554499e-01 -1.65149987e-01 -5.91505766e-02 2.17423916e-01
    -7.18659282e-01 1.70363903e-01 -2.28317261e-01 -2.28610635e-02
    1.18015707e-01 -4.16339397e-01 -9.22928452e-02 2.98272014e-01
    -2.83563733e-01 -3.26087177e-01 -5.55545330e-01 -1.95997715e-01
    -6.68728352e-01 -5.85862160e-01 -4.95471060e-01 1.51286066e-01
    -5.62990963e-01 -6.96706533e-01 2.37510145e-01 -2.67286807e-01
    -8.03393126e-03 -4.70566273e-01 -3.84221673e-02 -1.45496190e-01
    -5.35114288e-01 -6.49995923e-01 -2.17376590e-01 -1.93389833e-01
    -4.35902476e-02 -8.78368020e-02 -5.72179914e-01 6.48199916e-02
    -4.41771269e-01 -9.01246071e-03 -2.13078022e-01 1.44747853e-01
    -4.93556440e-01 -2.32474446e-01 -1.32662356e-01 8.82594585e-02
    -1.84159815e-01 6.28602505e-02 -2.83707380e-01 -2.59586006e-01
    -4.55087513e-01 -7.43431807e-01 -5.94236016e-01 1.49758995e-01
    -1.74549937e-01 -7.13257313e-01 -2.99631923e-01 -3.71738136e-01
    -7.64939129e-01 -2.17222631e-01 -4.07460570e-01 -5.46874225e-01
    -1.54244363e-01 -1.67880297e-01 -7.09834933e-01 -5.53434968e-01
    -2.28942215e-01 -2.59413272e-01 -3.22195709e-01 1.91144645e-01
    -1.32592678e-01 9.36019421e-02 -3.84393454e-01 -1.41425610e-01
    3.33935618e-02 -9.94438529e-02 -7.14390635e-01 1.30763948e-01
    -2.41560102e-01 -2.63523877e-01 -1.84533179e-01 -3.95498276e-02
    -7.25003719e-01 -2.66504198e-01 -2.00457692e-01 -3.27308059e-01
    3.81132960e-02 -3.34330797e-02 7.41744041e-02 -3.26814175e-01
    -3.51161361e-02 -7.04446673e-01 -4.07201350e-01 -3.57189357e-01
    4.30275202e-02 -2.26444006e-02 -5.57383895e-02 -4.39116359e-02
    1.78209126e-01 -3.48709226e-02 -7.48638391e-01 -4.54431444e-01
    1.95954323e-01 1.39864802e-01 8.93802643e-02 -5.31468570e-01
    -2.68279612e-01 -5.12645841e-01 -5.88553667e-01 -6.59618855e-01
    -4.49407935e-01 -3.18964392e-01 -6.83634758e-01 -7.62996554e-01
    2.16811657e-01 -3.81969988e-01 -6.69210732e-01 -3.33034992e-02
    1.46290004e-01 -5.78777671e-01 2.16310859e-01 1.49110854e-01
    -5.32000065e-01 -2.88278878e-01 2.40044296e-01 2.12651193e-01
    1.89229906e-01 -3.24133903e-01 -4.79482710e-01 2.15463638e-02
    -5.32860279e-01 1.04116261e-01 -3.52063209e-01 2.72726953e-01
    1.22562766e-01 -3.04509282e-01 9.40561295e-03 -5.78123927e-01
    9.63438153e-02 -6.81832433e-01 -6.85423851e-01 -6.22191191e-01
    -2.63696313e-02 -4.76728201e-01 3.59784365e-02 -5.82056046e-02
    -3.68877888e-01 -1.37526691e-01 -4.41332012e-01 -7.66597986e-01
    -2.26754069e-01 -1.76360130e-01 -4.86066937e-02 1.15869641e-02
    -2.78321087e-01 -3.95279527e-01 -3.70299280e-01 1.22725487e-01
    -7.32401848e-01 -6.74973249e-01 -4.21665072e-01 -2.10646212e-01
    2.09900737e-02 -3.88120890e-01 -2.32741833e-02 9.72025990e-02
    -6.72675550e-01 -2.09347427e-01 -4.73858774e-01 -4.12301958e-01
    -1.14159226e-01 -6.80085719e-01 -2.37206340e-01 2.03509688e-01
    -6.01356030e-02 -4.87243086e-01 -8.11643004e-02 -5.62225342e-01
    -7.58265913e-01 -4.92574066e-01 9.67436433e-02 -6.75841033e-01
    -6.04552507e-01 -6.63002968e-01 -1.29859746e-01 -2.20899224e-01
    -1.40495956e-01 -4.15214658e-01 1.09305978e-01 -5.13600707e-01
    -1.25399649e-01 6.72060251e-02 -4.75876033e-01 -6.96271718e-01
    -5.00762165e-01 3.48299742e-02 1.89994812e-01 -5.63536346e-01
    2.01101661e-01 -3.34006548e-01 1.61464155e-01 -6.09579325e-01
    1.69556141e-02 -2.80926883e-01 -4.52877104e-01 2.15373814e-01
    -5.26797891e-01 -4.07947838e-01 -5.74940324e-01 -5.93627334e-01
    3.94013524e-02 -1.12838387e-01 -3.41690123e-01 -3.07582527e-01
    -4.05849844e-01 2.23877430e-01 -6.10057712e-01 -6.76050127e-01
    -2.67735839e-01 2.30773687e-01 -5.58091760e-01 -4.44150865e-01
    2.12912500e-01 -3.33913743e-01 -6.55285895e-01 2.58892775e-03
    -6.83893442e-01 1.98719442e-01 -5.65208554e-01 -3.33222151e-02
    2.00154722e-01 -4.40915465e-01 -1.49272621e-01 -2.18577206e-01
    1.38191283e-01 1.32102191e-01 -4.24060225e-01 2.71185338e-01
    -3.30806136e-01 5.10572433e-01 -4.05162305e-01 -4.66398031e-01
    -1.65663511e-01 -5.08638024e-01 1.35718822e-01 -6.92330837e-01
    1.22456670e-01 -4.01345611e-01 -7.09246159e-01 -6.32203102e-01
    -5.83317518e-01 -5.02768517e-01 -4.93300289e-01 -3.21467042e-01
    -1.70034409e-01 -1.58148646e-01 1.31979644e-01 -4.68337357e-01
    -3.60493660e-02 -9.40368772e-02 8.56408477e-02 -5.70814669e-01
    7.78532028e-02 2.21232474e-01 -3.42569232e-01 1.20697975e-01
    -1.41304731e-03 -2.75198817e-02 -6.88054085e-01 -6.47573352e-01
    2.61328876e-01 -4.35066372e-01 -7.04275310e-01 1.85345650e-01
    -6.80602193e-01 -6.33146167e-02 -6.22547030e-01 -2.79627204e-01
    -5.77152967e-02 -5.85289240e-01 -4.74358141e-01 -4.13444519e-01
    -6.29720688e-01 -3.51060182e-01 -6.27332747e-01 1.60430968e-01
    1.83046579e-01 -7.00614214e-01 -2.69364715e-01 -3.58802795e-01
    -3.62696975e-01 -2.84480155e-01 -1.36794388e-01 -5.40005565e-02
    -1.81874633e-02 -9.19511914e-02 -4.93074864e-01 -4.42493200e-01
    -4.49137747e-01 4.47601080e-03 -4.72647250e-01 -1.94736540e-01
    -8.83471966e-03 -4.12333280e-01 1.51175261e-03 -4.53626633e-01
    1.55885816e-02 1.45950437e-01 -1.39176130e-01 -4.83356267e-01
    -4.15178657e-01 -3.74697775e-01 2.22769380e-01 1.03854418e-01
    -3.21261823e-01 -1.73500180e-01 -3.57131302e-01 -3.15027773e-01
    -1.39199615e-01 8.63671303e-05 1.19420469e-01 -2.62692869e-01
    -4.87319469e-01 -3.69604737e-01 -5.89938760e-01 -1.07643604e-02
    -7.20750749e-01 -6.62899852e-01 -4.05058861e-02 1.36871934e-02
    9.51948762e-02 -2.48370051e-01 -3.70872885e-01 1.95219815e-01
    7.63452053e-03 3.13376188e-02 -2.19337285e-01 -5.68226278e-01
    1.19753003e-01 -7.47930646e-01 -4.86372501e-01 -1.11555755e-01
    -5.12488365e-01 1.59901798e-01 -2.69968629e-01 -2.67454952e-01
    -1.33307874e-01 1.65510774e-02 -5.43921173e-01 1.15070343e-02
    -3.38009000e-02 -2.24307954e-01 -3.07560951e-01 -6.09795928e-01
    -6.00425482e-01 -9.58569646e-02 -1.73666358e-01 -4.70873594e-01
    1.86042190e-02 -5.62644660e-01 -5.99777579e-01 -5.04173398e-01
    -3.59503567e-01 -7.61671901e-01 -2.77794182e-01 -1.56057715e-01
    -3.44489813e-02 -4.85759377e-02 5.28596640e-02 -7.31151998e-01
    -7.38289118e-01 -7.29916155e-01 1.39504075e-02 -6.65857255e-01
    -5.29014170e-01 -1.26940250e-01 -6.74180746e-01 6.52995110e-02
    -2.43270218e-01 -4.65121001e-01 -7.17190027e-01 -2.61272162e-01
    2.35333920e-01 3.06817889e-02 -1.18007243e-01 -2.24398494e-01
    -6.45975232e-01 -3.68438601e-01 2.36440003e-01 -6.18200421e-01
    -2.47094065e-01 2.15248406e-01 -4.92182940e-01 -5.97483873e-01
    1.27262533e-01 2.14595556e-01 -5.66571832e-01 -5.90726018e-01
    -2.92357862e-01 -7.51212597e-01 1.97953820e-01 4.62655425e-02
    -8.57695341e-02 -7.01293349e-02 7.18513727e-02 2.09296465e-01
    -2.85064518e-01 -4.05022562e-01 3.78980637e-02 -1.71206713e-01
    -1.54938698e-01 -1.02585256e-01 -6.69077158e-01 -5.20659506e-01
    -4.01408017e-01 -4.43777740e-01 -3.16853940e-01 -2.93711424e-02
    1.63797379e-01 -3.80807787e-01 1.68930769e-01 -2.83891380e-01
    1.84326649e-01 -2.24577904e-01 1.69804871e-01 3.53608131e-02
    -6.60232902e-02 -4.36508656e-02 -4.51080263e-01 -8.07557106e-01
    -1.08024597e-01 1.59508049e-01 -6.97671413e-01 -7.50451088e-02
    3.44048142e-02 -5.41077495e-01 -1.07997656e-02 -9.07977819e-02
    1.54813528e-02 -5.75515389e-01 -6.09709740e-01 -1.49539411e-01
    -5.79969525e-01 -6.78851843e-01 -6.75240576e-01 -4.69929457e-01
    -5.64515889e-01 -3.64241183e-01 1.40598416e-01 -7.45743096e-01
    -1.69801712e-02 -7.12627172e-01 -1.90440178e-01 4.56604958e-02
    1.08965158e-01 -2.26897061e-01 2.62647271e-01 -4.58928376e-01
    -3.97735834e-01 1.99780285e-01 -1.58433974e-01 2.08148122e-01
    -7.15810299e-01 -2.86805391e-01 -6.40582621e-01 -1.44601583e-01
    -4.76083815e-01 -6.58951640e-01 -3.98365378e-01 -5.40125489e-01
    -3.51381660e-01 -1.96869791e-01 1.12652481e-01 9.48805809e-02
    -1.61930621e-01 9.79918242e-03 -9.27885771e-02 -6.98300123e-01
    -3.67346853e-01 -7.12624788e-01 -4.16972160e-01 1.78410947e-01
    -3.40420127e-01 -1.58524513e-02 -3.74197662e-01 -5.95921338e-01
    -1.75032675e-01 -1.97439253e-01 -1.27873659e-01 1.68628514e-01
    -4.36256230e-02 1.08245611e-01 3.89647871e-01 4.08905059e-01
    -3.22838724e-01 3.63785565e-01 5.19208193e-01 2.95126140e-01
    3.95400405e-01 1.11794770e-01 -2.16515034e-01 2.05346346e-01
    1.69152558e-01 1.80131018e-01 -5.51750064e-01 1.10064328e-01
    -6.59078062e-01 -4.28492665e-01 -6.89341903e-01 -7.16398656e-01
    -5.64305663e-01 8.68374109e-03 -2.72697538e-01 5.10303378e-02
    -8.89260173e-02 -2.05296278e-01 -6.70880556e-01 1.73452318e-01
    -7.24738955e-01 -6.40149653e-01 -2.12280810e-01 -9.72548723e-02
    -4.16252971e-01 -3.77204239e-01 -5.15222073e-01 -9.32007432e-02
    4.33800817e-02 -1.26216710e-01 -6.06026888e-01 -5.26833892e-01
    -7.13843107e-03 -2.02165306e-01 -1.67256236e-01 -4.15605426e-01
    -4.30691957e-01 4.22374010e-02 -1.82316780e-01 -8.57375860e-02
    2.64483094e-02 -5.97483039e-01 -1.38247132e-01 2.03080475e-01
    1.62716329e-01 -7.92011023e-02 -2.29563057e-01 9.47225094e-03
    1.74643219e-01 -5.83372593e-01 -1.51665926e-01 -1.23792231e-01
    -6.39011979e-01 2.12089300e-01 -4.55721021e-02 -4.96474177e-01
    -2.45147377e-01 -1.90685868e-01 -2.20689356e-01 4.72047925e-02
    1.01656914e-01 -2.63921410e-01 2.16047406e-01 -2.69234478e-01
    -6.64097667e-02 2.05034018e-02 -2.44611204e-01 -1.77430212e-01
    -7.27698326e-01 -3.56459349e-01 -1.01670325e-01 -2.84781069e-01
    -3.36508393e-01 -5.09604692e-01 -1.32233143e-01 -7.27501035e-01
    -1.38217688e-01 2.41810143e-01 -6.31066203e-01 -1.84554517e-01
    -5.72550893e-01 -6.55881524e-01 1.37040854e-01 -4.44100857e-01
    -7.64600158e-01 -4.24607873e-01 -1.24825835e-01 -4.16468799e-01
    -3.89825523e-01 1.16312325e-01 -6.13334179e-01 -3.81819427e-01
    -4.65090215e-01 -8.08653712e-01 1.48344517e-01 1.80315673e-01
    -2.42745697e-01 -7.57882357e-01 -5.64837337e-01 1.09642744e-02
    1.67347431e-01 -4.16247129e-01 -1.97245717e-01 -5.24791241e-01
    1.89994872e-01 -3.65224779e-01 -7.10358262e-01 1.89809263e-01
    -2.42528409e-01 1.70853674e-01 -4.45981264e-01 -7.22883463e-01
    -4.73302603e-02 1.81127131e-01 1.11360729e-01 9.54061747e-02
    -6.40129983e-01 -6.06718242e-01 -5.95203280e-01 -4.45022017e-01
    -1.59017265e-01 -2.41806149e-01 -2.17171013e-01 1.71280742e-01
    -2.73531675e-01 -3.56979877e-01 5.21866679e-02 -2.32317567e-01
    -4.33086306e-01 1.94840014e-01 -7.80321360e-02 -5.75042129e-01
    -9.82207060e-03 -6.22979999e-01 -2.57032186e-01 -4.90341425e-01
    -1.42932236e-01 -2.20757902e-01 -7.42986500e-01 -2.63677686e-01
    -5.52547336e-01 -6.86367273e-01 -1.26246572e-01 -5.32048821e-01
    -9.39275026e-02 -1.47119164e-01 -2.14074492e-01 -1.61235273e-01
    -1.82397246e-01 -3.80447268e-01 -2.49102533e-01 6.88375831e-02
    -7.43232489e-01 -3.51975352e-01 -1.18054748e-02 -3.59435141e-01
    -6.41993642e-01 -2.47090101e-01 1.45971239e-01 1.01339459e-01
    -4.91677821e-01 5.82482815e-02 -1.61728561e-01 2.09313989e-01
    -1.65209711e-01 -6.48070216e-01 -7.25491047e-02 -4.29244995e-01
    -6.71424270e-02 -7.61845350e-01 -4.53429103e-01 -3.66773993e-01
    -5.50096214e-01 -2.59760201e-01 9.48272943e-02 1.30571187e-01
    -3.40652466e-02 -5.01921952e-01 -4.78270650e-02 -3.74703765e-01
    -1.64452791e-02 -1.20138526e-02 1.72886372e-01 -4.92607772e-01
    -1.21160567e-01 -7.52719402e-01 1.35936975e-01 -4.82404321e-01
    -7.04520345e-01 1.53978288e-01 -4.10460502e-01 -3.80493551e-01
    -6.70877457e-01 -2.65737951e-01 1.33082449e-01 1.04772747e-01
    2.02641904e-01 -6.84466839e-01 -5.81693411e-01 2.50222683e-02
    -5.03590703e-02 -6.62034094e-01 -3.50461990e-01 -5.11411428e-02
    -6.64623976e-01 7.75161386e-02 -6.24741554e-01 8.69603753e-02
    -5.01783252e-01 -6.76899374e-01 -5.53254485e-02 -3.53973091e-01
    -1.25718713e-01 -6.56304717e-01 -3.67803097e-01 -6.28145814e-01
    -2.25772262e-01 -4.61380363e-01 -6.90101147e-01 1.12245202e-01
    -2.97122002e-02 -6.50347292e-01 -1.52176619e-01 -4.74853992e-01
    -2.91664004e-02 1.44148648e-01 -5.10780811e-01 -5.12651682e-01
    -5.33209085e-01 -7.04882562e-01 1.67797625e-01 -3.66053998e-01
    6.51971698e-02 -5.66849411e-01 2.32780814e-01 1.01664007e-01
    -2.70714611e-01 -1.07665062e-02 7.99974203e-02 -4.70737725e-01
    -7.16051102e-01 1.51164114e-01 -1.86122894e-01 -6.85139060e-01
    -5.53171277e-01 -4.46840525e-01 -4.43184465e-01 2.96200633e-01
    2.64216602e-01 3.08760494e-01 -3.48586768e-01 1.89953595e-01
    3.48160595e-01 2.14422375e-01 3.35024327e-01 1.07168198e-01
    -5.01364410e-01 -5.16262293e-01 1.97185814e-01 -3.19362372e-01
    -5.51361799e-01 -7.19986439e-01 -5.58680058e-01 -3.94057214e-01
    -1.16465926e-01 2.00332582e-01 -6.29109025e-01 -5.91040313e-01
    -3.67956698e-01 1.80379152e-01 -1.05199039e-01 -1.46582484e-01
    -5.19178689e-01 -7.18339801e-01 -2.38030970e-01 -2.95855999e-01
    8.02899599e-02 -3.05562168e-01 -4.68404531e-01 7.52410293e-02
    9.95813012e-02 1.18442953e-01 -3.52466047e-01 -1.80994213e-01
    -1.80733204e-03 -2.68581867e-01 -1.34146154e-01 -3.22807997e-01
    -5.03980517e-02 -3.10053259e-01 -4.70353812e-01 -4.77892876e-01
    -4.34206724e-02 -3.32561255e-01 -3.52900475e-01 5.37991524e-02
    -6.99113846e-01 1.96891427e-02 1.30033791e-01 -6.25763416e-01
    1.36838675e-01 -4.60691452e-01 -7.47968316e-01 -1.69880509e-01
    -5.81420302e-01 -2.85044909e-02 -7.24613070e-01 7.94165134e-02
    -5.04104614e-01 -6.67207479e-01 -2.58175462e-01 -4.17767763e-01
    2.32317805e-01 -2.68884808e-01 1.00107551e-01 -6.76573157e-01
    3.58325243e-02 -5.85302949e-01 -4.73762155e-02 -6.12513661e-01
    -1.68784678e-01 -4.44495708e-01 -5.08832932e-01 -1.35419130e-01
    -2.24809051e-01 -3.46200943e-01 -1.01852536e-01 -5.84946275e-02
    -1.55501366e-02 -1.06406212e-02 -7.18511939e-01 2.30709314e-01
    2.54378617e-01 -4.04052615e-01 -3.85276169e-01 -4.33873177e-01
    -3.53463918e-01 -4.99183089e-01 8.75923634e-02 -2.61158168e-01
    -5.12100577e-01 -2.58113027e-01 1.92914963e-01 -3.84102821e-01
    -1.82576180e-02 1.01961672e-01 -3.16961586e-01 -2.74540305e-01
    5.29927015e-03 -1.01836562e-01 2.36384869e-02 9.82325673e-02
    1.00910962e-01 2.20403373e-01 -5.98730087e-01 -1.13949418e-01
    -1.87728047e-01 -4.89893675e-01 1.51962161e-01 -5.91141343e-01
    -3.18444431e-01 8.33286047e-02 1.33008957e-01 -4.53155041e-01
    1.03993237e-01 2.33504355e-01 -9.34299231e-02 4.36065197e-02
    1.27058327e-01 -2.29740202e-01 -3.33058715e-01 -4.41005409e-01
    -3.42045873e-01 2.14707553e-01 -2.72508502e-01 -6.22392774e-01
    -8.12060237e-02 -6.11801744e-01 -4.63447452e-01 -2.86512554e-01
    6.76534772e-02 -1.98526740e-01 -4.18683618e-01 -5.50325155e-01
    -6.33525848e-01 -1.36064708e-01 -7.39624143e-01 -5.46586096e-01
    -1.04491889e-01 -5.04314363e-01 -7.21583009e-01 -2.89052725e-02
    7.13288784e-04 -2.40428209e-01 -2.88081288e-01 -5.22607982e-01
    -7.56849408e-01 8.15551877e-02 -4.19737637e-01 -7.36958206e-01
    -5.31074524e-01 -3.64939302e-01 -3.54331970e-01 -5.27386665e-02
    -3.00494790e-01 -5.92421293e-01 8.73044133e-02 -1.45291507e-01
    -5.63197076e-01 -2.90993303e-01 -7.20802546e-01 -1.96009278e-01
    -8.27494860e-02 7.09942579e-02 -1.28297806e-02 2.59716272e-01
    -1.52437329e-01 -4.04347897e-01 -3.37414205e-01 -1.13241434e-01
    1.86356544e-01 -6.31271183e-01 -1.80273056e-02 -7.17938542e-01
    -4.93128657e-01 -6.18183851e-01 -1.01906061e-01 -1.95243418e-01
    -2.63698757e-01 1.94166839e-01 -8.90892148e-02 -8.01566482e-01
    -1.59706652e-01 1.67627633e-01 -6.83084488e-01 -5.39395213e-02
    -1.42140925e-01 -6.35700345e-01 -3.17626685e-01 -6.64951801e-01
    -4.54972982e-01 1.67728424e-01 -4.75459874e-01 9.03146267e-02
    -6.60676658e-01 -6.29534721e-01 -1.09414637e-01 -4.35011119e-01
    4.10553813e-02 -4.41534549e-01 -4.29317117e-01 1.97503150e-01
    -4.71079886e-01 -5.01710176e-02 -3.05127501e-01 -7.24312544e-01
    -4.91185427e-01 -1.46237612e-02 2.00966954e-01 -1.46794379e-01
    -1.08696043e-01 -7.11107314e-01 -1.79654658e-01 -6.07871830e-01
    7.69597888e-02 1.72523439e-01 -5.63658953e-01 -1.16954803e-01
    -2.36903727e-01 -2.41712987e-01 -5.35879314e-01 -2.11512029e-01
    -8.02214146e-02 -8.68098140e-02 -5.40802717e-01 -3.44518393e-01
    -2.29288042e-01 -6.72513962e-01 -1.20966017e-01 2.17078924e-01
    -5.69945395e-01 -1.25318766e-02 -6.63417220e-01 -4.71853614e-02
    -1.48538589e-01 -1.43779397e-01 -5.67394733e-01 -1.65177763e-01
    -4.24077660e-01 -5.90572357e-02 -4.90353703e-01 -7.32378602e-01
    -1.37449801e-01 5.26204705e-02 -1.67271793e-01 -7.36220062e-01
    2.33084857e-01 1.74240947e-01 -6.34843946e-01 9.79253650e-02
    1.27522886e-01 2.53633618e-01 1.80893779e-01 -5.09426832e-01
    6.86782002e-02 -2.14919597e-01 -1.88970566e-02 3.34337652e-02
    4.15963173e-01 -2.13434398e-02 1.92369759e-01 -2.18333632e-01
    -1.82647169e-01 3.26665163e-01 -5.04724503e-01 -2.27225512e-01
    -5.45155883e-01 1.85775697e-01 -3.15675199e-01 2.53480077e-02
    9.67642665e-02 2.13594079e-01 -3.95048261e-02 1.71484947e-02
    -4.75168526e-01 2.42811739e-01 -5.18026471e-01 -7.68575549e-01
    1.02754593e-01 -6.53540611e-01 -6.21563435e-01 -3.56122434e-01
    -6.09843493e-01 -1.46949053e-01 2.18480527e-01 -7.28136420e-01
    -5.14107883e-01 -4.80632961e-01 -4.09707427e-02 -3.89612436e-01
    -9.37341452e-02 -6.51559591e-01 1.05354369e-01 2.75730073e-01
    -1.80944502e-01 -6.47441804e-01 -9.62532759e-02 -4.59003359e-01
    -4.83223885e-01 -4.23055291e-02 1.20645225e-01 -7.76252747e-02
    2.36099005e-01 -3.54960501e-01 1.78905904e-01 -6.32098198e-01
    -5.29925823e-02 1.29456162e-01 -1.83969080e-01 -2.54236817e-01
    -7.31559873e-01 -1.82757854e-01 -6.04277253e-01 4.96995449e-02
    -1.77198887e-01 -4.69736725e-01 -6.31846309e-01 -4.62372422e-01
    1.65357769e-01 1.47764742e-01 -5.12408018e-01 -4.88369465e-01
    -4.14034963e-01 -2.49371648e-01 -1.92706347e-01 -7.28821158e-01
    2.14521885e-01 -5.11236310e-01 9.49358940e-03 -8.64228606e-02
    2.50564396e-01 -7.35727727e-01 -8.55132341e-02 1.59033120e-01
    1.70936465e-01 -4.41779792e-01 -3.21422130e-01 -6.22289181e-02
    -5.69328666e-01 -9.77212191e-03 -5.80213010e-01 -1.47362351e-02
    7.73469806e-02 -5.51262796e-01 2.31886923e-01 -4.20286179e-01
    -2.50223398e-01 -5.27432680e-01 -3.56490433e-01 -1.58987582e-01
    -2.36192882e-01 -4.00869817e-01 1.45588398e-01 1.15509093e-01
    -7.60161698e-01 -3.13291073e-01 -5.36111653e-01 -6.39498472e-01
    -2.92559266e-02 -3.86548579e-01 -1.19164646e-01 -7.29180813e-01
    -3.37344408e-03 -5.27905107e-01 2.28950024e-01 -7.18910933e-01
    -2.46935636e-01 -2.85439491e-01 -6.38585091e-01 2.44160354e-01
    -2.26209641e-01 -1.47184074e-01 1.79263473e-01 -4.20588940e-01
    1.11137152e-01 -6.70285702e-01 -3.00845534e-01 -1.88016474e-01
    1.56153738e-01 -2.13023365e-01 -1.85530961e-01 4.61379886e-02
    1.46530330e-01 4.34697866e-02 -2.84851789e-02 -4.62544799e-01
    -4.03907418e-01 -5.39363146e-01 -2.40987659e-01 2.04138637e-01
    -5.24229348e-01 -3.31060767e-01 1.58327639e-01 -3.83087724e-01
    1.61658525e-01 -1.56412125e-01 -2.39128113e-01 1.88859046e-01
    -4.51234281e-01 -2.95747161e-01 8.29656124e-02 -3.26229334e-02
    1.17126405e-01 -6.53388977e-01 -6.53466105e-01 3.58468294e-02
    1.68838143e-01 -4.33601081e-01 -2.40623951e-02 -2.58886337e-01
    1.70444489e-01 -2.06985325e-01 -5.59393644e-01 -1.57520175e-02
    -7.44838178e-01 -8.46233368e-02 -2.84654528e-01 -9.69206095e-02
    -1.44121528e-01 -5.74892282e-01 -6.39681339e-01 -5.57368994e-01
    2.03911901e-01 -5.22286415e-01 1.79250538e-01 -3.60575944e-01
    -4.70131397e-01 -7.15199709e-01 -6.76822782e-01 -2.10323513e-01
    -1.24165714e-01 7.19174147e-02 -6.11888885e-01 -3.75507057e-01
    2.99480557e-02 -5.66336930e-01 4.96838093e-02 -6.90260708e-01
    1.25855744e-01 -7.39208758e-01 -6.12925887e-01 1.45237446e-01
    -7.54076719e-01 -7.48872876e-01 -3.66443157e-01 -4.59423691e-01
    -1.89353406e-01 -5.02394557e-01 -4.66366470e-01 -6.77578926e-01
    -2.00370431e-01 1.00648403e-03 -3.05469632e-01 -3.35858911e-01
    -4.55939054e-01 9.05056596e-02 2.19072104e-02 7.76405931e-02
    -4.50063050e-01 1.35365307e-01 2.21844971e-01 -1.10744536e-01
    -1.18502617e-01 -5.52168012e-01 -3.41498613e-01 4.53869700e-02
    -7.43691266e-01 2.28661239e-01 -9.80595350e-02 1.26212835e-03
    -3.16860348e-01 2.68565714e-01 -3.38465691e-01 1.43892467e-01
    8.19408298e-02 -7.25580335e-01 -2.20475793e-01 2.54745960e-01
    -3.99160206e-01 -3.20115000e-01 -2.95507997e-01 2.21915245e-01
    -2.76578426e-01 -1.65534019e-03 2.07229733e-01 -1.75585151e-02
    -5.00927210e-01 -1.03622675e-01 -6.01579070e-01 -7.04044700e-01
    -6.28981054e-01 -4.57107961e-01 -6.90493107e-01 -6.01944566e-01
    -1.79484367e-01 -3.60295177e-01 -7.39251018e-01 -7.29787946e-02
    1.55183256e-01 -5.73272705e-01 -6.47974014e-03 -6.23498917e-01
    -6.30473018e-01 3.24980021e-02 -3.20516109e-01 -1.83494985e-01
    -1.77702427e-01 -6.03026152e-02 -2.73842335e-01 -5.18485546e-01
    -4.13449824e-01 -2.72458345e-01 3.26362640e-01 7.50947595e-02
    4.88221824e-01 3.65509510e-01 1.36705279e-01 9.85541344e-02
    -3.59628916e-01 -6.07173026e-01 -2.99640447e-01 -2.22534537e-02
    1.60688162e-01 -5.32844484e-01 -6.61068559e-01 -2.54838884e-01
    1.07624710e-01 -2.54600048e-01 1.57424033e-01 -6.91171288e-02
    -6.01871967e-01 -1.84520483e-02 7.48683214e-02 -5.44576347e-01
    -2.24457383e-02 -6.68221116e-02 -4.07143623e-01 6.15767837e-02
    -6.90907836e-01 -4.21482921e-01 -6.35072470e-01 -6.32473826e-01
    -6.72334611e-01 -1.40708804e-01 -9.44948792e-02 -3.79407853e-01
    -3.45892757e-01 2.66220868e-01 -5.97726703e-02 -4.47736561e-01
    -6.57474637e-01 -7.12504029e-01 -6.00952506e-01 -3.22588384e-01
    -5.84384680e-01 -7.43579388e-01 1.23812675e-01 -3.63889605e-01
    4.03143167e-02 -6.49376035e-01 -2.06213772e-01 -3.02456617e-01
    -5.80438972e-01 -4.56764877e-01 -1.74719810e-01 1.63011968e-01
    -1.16660535e-01 -1.03745580e-01 -6.16363168e-01 1.39729798e-01
    2.08688319e-01 -1.06745422e-01 -4.72379625e-01 -1.48599446e-01
    -1.00249946e-01 -2.21453309e-02 1.32558882e-01 -2.34549403e-01
    2.32602358e-01 -2.28583515e-01 -3.92918825e-01 -6.46081567e-02
    -6.25367880e-01 3.28280926e-02 -4.60632235e-01 -1.13409579e-01
    -1.71641290e-01 2.35783041e-01 1.83101952e-01 -2.65300125e-01
    1.60023570e-01 -2.77504206e-01 -1.00837827e-01 -5.66722929e-01
    -1.94578111e-01 -5.65715730e-01 -2.06571221e-02 2.44491816e-01
    -2.63452381e-01 -5.49966514e-01 -2.79201955e-01 -1.53734803e-01
    -7.30182171e-01 -6.73436522e-02 -7.77413607e-01 -6.14442945e-01
    -1.36023700e-01 -1.67176664e-01 7.38734007e-02 -8.32992792e-03
    -2.72678733e-02 8.80831480e-03 -6.16990149e-01 -7.80049801e-01
    -5.64454556e-01 -2.03922868e-01 -7.58588850e-01 2.05083489e-02
    -6.48846030e-01 -5.58531642e-01 -4.66952652e-01 -4.73666191e-02
    -7.33586669e-01 -5.01885355e-01 -1.83251858e-01 -2.49960452e-01
    -6.86674118e-01 -2.49811321e-01 -2.65706301e-01 -2.74383426e-01
    -2.41934955e-01 1.99256659e-01 -1.65295362e-01 -5.34731984e-01
    -5.32295108e-01 1.02306604e-01 -1.54845297e-01 -4.35208678e-01
    -4.93240356e-01 1.88345313e-02 -4.82507616e-01 9.19293761e-02
    4.08946276e-02 1.91255152e-01 1.76950812e-01 2.29928851e-01
    7.71337152e-02 -1.86821401e-01 6.05183244e-02 4.91492748e-02
    2.46117711e-02 -2.45077670e-01 1.44320011e-01 -2.89643914e-01
    -1.52629316e-01 -6.36322856e-01 5.01531363e-02 -6.78889632e-01
    -5.22199273e-01 -5.53467572e-01 -7.29455948e-02 -4.06601727e-01
    -1.10788584e-01 -8.26491117e-02 -4.44135606e-01 -9.39316154e-02
    -3.00332099e-01 -4.33596492e-01 2.84272969e-01 -1.74335837e-02
    -3.48779738e-01 1.74501300e-01 -5.00148118e-01 -2.07692921e-01
    -5.60625315e-01 -4.62671578e-01 -1.04138970e-01 -2.58762270e-01
    -1.03647530e-01 2.65475512e-01 -2.46203542e-02 1.07631207e-01
    1.81508958e-01 -5.38176417e-01 -1.91109061e-01 -1.21820390e-01
    -2.29391992e-01 -6.71501696e-01 -1.75096452e-01 1.39259696e-02
    -1.11230612e-02 4.99102473e-02 -6.69415355e-01 -4.63487744e-01
    -6.52884305e-01 -4.02809352e-01 -6.55842900e-01 -7.28442550e-01
    -5.11841655e-01 -7.96507835e-01 -3.93276691e-01 -5.45269966e-01
    -6.49354398e-01 -6.48667574e-01 -1.86662197e-01 -1.09346986e-01
    -6.51532471e-01 -2.06106186e-01 -3.49866152e-02 -2.60140896e-01
    -6.58663511e-01 -1.59166336e-01 -5.64710617e-01 -3.31685841e-01
    -6.47224069e-01 -2.81627297e-01 2.00163901e-01 6.49275780e-02
    1.58696711e-01 -4.57503796e-01 -6.79939985e-01 -5.88894784e-01
    -6.95923448e-01 -2.24824905e-01 9.44994092e-02 -9.13637877e-03
    9.70932245e-02 -5.91230512e-01 -5.47248840e-01 -1.78646088e-01
    -5.24229884e-01 9.09758806e-02 -3.33327889e-01 5.24389744e-03
    -3.97643149e-01 3.73497605e-02 -5.80257893e-01 -5.32298684e-01
    -3.60108703e-01 -7.03788638e-01 -2.03826427e-01 -3.73102605e-01
    -6.15418613e-01 -7.12207556e-01 -3.00234526e-01 1.19067848e-01
    2.23908961e-01 -4.23790812e-01 -2.34021246e-01 -4.22706008e-01
    -5.76453924e-01 -4.94891495e-01 8.01239014e-02 -6.29953980e-01
    2.72732377e-02 -5.62513113e-01 -6.96841478e-01 -2.63282210e-01
    -3.11293036e-01 -3.74112844e-01 -2.08245933e-01 -2.09107101e-01
    -2.41681546e-01 -3.39723617e-01 -3.13330948e-01 6.05204701e-02
    -6.94440007e-02 -3.96727920e-01 -1.38526261e-01 9.03314650e-02
    5.41160107e-02 4.27733392e-01 -2.06004769e-01 -1.74918145e-01
    -4.90230560e-01 3.47677469e-01 -5.94291806e-01 -5.58188319e-01
    -3.73631120e-02 -4.62134957e-01 -5.35326719e-01 1.03155971e-02
    -2.43313342e-01 -7.68014789e-02 7.50465989e-02 -4.25277948e-02
    -6.83193147e-01 1.74964190e-01 -7.44772732e-01 5.88737726e-02
    -4.12463933e-01 -7.07942009e-01 7.92341232e-02 -7.13988423e-01
    -7.15989470e-01 -4.26245809e-01 7.11150169e-02 -2.06336677e-01
    3.62662673e-02 -5.14190555e-01 1.92226648e-01 1.66474283e-01
    -1.16173863e-01 -3.11418861e-01 2.26780295e-01 -1.37212157e-01
    -4.79143858e-03 -6.03461385e-01 -5.51127791e-01 1.26232147e-01
    -9.77684259e-02 -9.54039097e-02 1.43973172e-01 -5.20749748e-01
    -5.12900472e-01 -5.77116728e-01 -3.59276384e-01 -2.28340626e-02
    -6.76630974e-01 -4.83862162e-01 -1.31413281e-01 -4.70471561e-01
    1.07642591e-01 -3.22653294e-01 -3.15493941e-01 -4.94464338e-01
    -4.68590260e-02 -7.55770564e-01 -5.87188363e-01 -7.42602587e-01
    -1.61244690e-01 -6.95495844e-01 -3.90170425e-01 -2.98301548e-01
    -5.26278377e-01 -1.22571290e-01 -5.63760281e-01 -1.69397712e-01
    -2.43893862e-01 -7.08152056e-02 -3.20427477e-01 -3.12917799e-01
    8.10460448e-02 1.15511179e-01 -2.36331522e-01 -4.39812183e-01
    -2.67240107e-01 -1.75764084e-01 -4.72861946e-01 -5.02468348e-01
    1.94037318e-01 -3.26308459e-01 -4.92891788e-01 -3.29445124e-01
    -4.52063680e-01 -6.83376193e-01 1.97179019e-01 1.30469620e-01
    -4.26232398e-01 -5.15011549e-01 -3.23678076e-01 -5.25821924e-01
    -3.59588146e-01 -2.53803074e-01 -6.22733951e-01 1.31137431e-01
    2.02688515e-01 5.33438325e-02 -4.46165502e-01 -4.27304506e-01
    -6.75220728e-01 -3.40885699e-01 -5.14811337e-01 -3.80974472e-01
    1.58885598e-01 -3.31948251e-01 -5.63136220e-01 -3.21445763e-01
    -6.42558098e-01 -7.02175915e-01 -5.10317683e-02 -2.59927869e-01
    -1.30715370e-02 2.17009366e-01 -6.76132023e-01 -7.37137198e-01
    1.57823443e-01 -3.07303578e-01 -6.11452460e-01 -3.46513152e-01
    -1.56243503e-01 -6.54572964e-01 -4.85294461e-02 5.34546375e-03
    1.10430479e-01 -9.92408395e-02 1.20411754e-01 -1.87089741e-01
    -6.23295188e-01 1.82653785e-01 -1.95914447e-01 -5.81588924e-01
    -3.51757765e-01 -4.30951118e-02 9.89856720e-02 -6.95220053e-01
    2.13923514e-01 2.38304555e-01 -4.26971436e-01 3.72120738e-02
    1.63067222e-01 -1.72074139e-01 -5.11855602e-01 -4.97934103e-01
    -4.12180305e-01 -5.37370563e-01 -1.35410845e-01 -7.33382046e-01
    -2.24720389e-01 -4.43229288e-01 -3.32989514e-01 1.61759019e-01
    -4.72268969e-01 -6.33291185e-01 2.27314234e-02 -1.13500774e-01
    1.62376702e-01 -6.65029883e-01 -5.48281074e-02 -6.32092714e-01
    -1.49069726e-01 -6.86950088e-01 -6.96184039e-02 6.94292784e-03
    -2.08986104e-01 2.08607316e-01 -1.27841055e-01 -6.62370980e-01
    -1.87129557e-01 -2.31401563e-01 -7.75059223e-01 -1.46008730e-02
    -1.00725114e-01 2.24980772e-01 -4.67548698e-01 -3.52287531e-01
    -1.12188160e-01 -4.17087793e-01 -5.50694108e-01 -9.68258381e-02
    -5.50324321e-02 -2.56531656e-01 -4.66377944e-01 -8.16895247e-01
    -5.11989534e-01 -1.03706717e-01 -3.30408007e-01 -5.42387068e-01
    -6.64690495e-01 -4.97669578e-01 -2.61289835e-01 -2.06375062e-01
    -2.88387716e-01 -6.08327150e-01 -5.61251998e-01 -9.05012488e-02
    -6.84523344e-01 1.13963485e-01 2.28722692e-02 -4.83537257e-01
    2.06776738e-01 -5.54486513e-02 -2.66420543e-01 -6.72487855e-01
    -5.23879766e-01 -2.28671134e-01 -1.52366757e-01 -4.18076932e-01
    -4.95721102e-02 -4.50223267e-01 1.23445988e-01 -4.02035683e-01
    -5.26777625e-01 -2.64731109e-01 -5.55354118e-01 -6.61110044e-01
    1.97311223e-01 -1.30188107e-01 -4.59151357e-01 -5.11504531e-01
    -5.66352367e-01 -2.51529396e-01 -2.40643084e-01 -3.26372772e-01
    -9.98736024e-02 7.59823918e-02 -3.30161184e-01 -4.17275548e-01
    9.73071456e-02 -5.92833757e-01 -4.86140579e-01 -4.24395204e-02
    1.81977034e-01 -1.30887449e-01 -7.17647552e-01 2.32886910e-01
    -4.68639076e-01 1.73233569e-01 3.50510478e-02 -2.81770736e-01
    -8.09857249e-02 -3.36943448e-01 2.30258048e-01 -7.22291112e-01
    -3.78048182e-01 -6.71988547e-01 2.32931376e-01 -4.31606025e-01
    2.68578172e-01 5.40336370e-02 -1.91194236e-01 -1.32821351e-01
    -2.28829533e-01 -1.29869521e-01 -4.29245949e-01 5.24137020e-01
    3.91970873e-01 -2.47434676e-02 7.24622309e-02 -1.22446746e-01
    2.70955563e-02 2.82674074e-01 -2.35534728e-01 -5.88930249e-02
    -7.18939185e-01 -3.89739275e-01 -1.49277151e-01 -5.04104972e-01
    -3.40030611e-01 -4.22196627e-01 -1.33816719e-01 2.37327158e-01
    1.57934129e-01 -4.82916832e-04 -4.53718543e-01 -3.30166221e-02
    -1.08915567e-01 1.65853143e-01 -7.66732514e-01 -6.97093129e-01
    2.32378602e-01 1.61403179e-01 1.14670396e-01 -6.95110917e-01
    -1.44125402e-01 -3.48764420e-01 -3.93867821e-01 -6.80583715e-01
    -4.87457037e-01 -1.13275409e-01 2.23767757e-03 2.33068228e-01
    -7.02095389e-01 -1.60156846e-01 2.74183750e-02 -2.59118229e-01
    -7.21709728e-02 -5.55929124e-01 -5.64092159e-01 -2.41845131e-01
    -5.22865415e-01 -7.84443021e-02 1.17441297e-01 1.86236024e-01
    1.97934866e-01 -1.02846563e-01 -1.73305869e-02 -2.85297990e-01
    -7.47923434e-01 -4.56425726e-01 -6.40168548e-01 1.02979839e-01
    -1.20203316e-01 -4.58161771e-01 1.22989893e-01 -6.30669534e-01
    -4.68353033e-01 -3.37329537e-01 -3.11215580e-01 -1.07320249e-01
    -6.99226022e-01 -3.94535184e-01 -2.63780355e-02 -3.19997668e-02
    -4.64573175e-01 -6.73686385e-01 2.09986567e-01 -1.29903972e-01
    -3.47275674e-01 2.17205286e-02 -1.92312658e-01 2.29277253e-01
    -3.88134301e-01 -9.03623104e-02 -5.69529057e-01 -4.49300051e-01
    -3.13592315e-01 -3.80344868e-01 -6.51522219e-01 -1.65935993e-01
    -3.58419120e-01 -4.39949870e-01 -5.56599498e-02 -6.77783191e-01
    -2.94383019e-01 -7.79669285e-02 -3.62879604e-01 -6.49219871e-01
    -7.61851430e-01 -3.43345463e-01 -6.21612370e-01 -3.12992990e-01
    -1.90259576e-01 -8.06634426e-02 -6.05079174e-01 1.31927669e-01
    -6.23832524e-01 -5.39228082e-01 1.05625331e-01 -2.58284450e-01
    -5.43577671e-01 -9.12997127e-02 -3.02054137e-01 6.26801252e-02
    -5.16634941e-01 -3.48715127e-01 1.81448102e-01 -3.85517597e-01
    -3.73985499e-01 -3.71249497e-01 -4.83753294e-01 -4.04114693e-01
    -6.62086904e-01 -4.76956338e-01 -1.84622169e-01 -6.11468315e-01
    2.29322195e-01 -3.44453633e-01 1.43419862e-01 -7.24099994e-01
    2.22108364e-02 -6.36549711e-01 -1.40788615e-01 -2.93005288e-01
    2.43698537e-01 -4.29974675e-01 -6.50837004e-01 2.13549078e-01
    -3.23628306e-01 1.08703196e-01 -5.40846944e-01 -4.08313811e-01
    -7.12761164e-01 2.26927578e-01 -4.26836550e-01 2.55215347e-01
    1.51702583e-01 -1.11383021e-01 -1.11453176e-01 5.14923334e-02
    -1.93567276e-02 6.26372695e-02 8.84304643e-02 -2.94719338e-02
    2.21166611e-02 1.55708671e-01 -4.75271493e-01 2.12944627e-01
    -6.74580693e-01 9.30967331e-02 2.46649861e-01 -2.47978687e-01
    -1.19982898e-01 -4.40246850e-01 -7.02620268e-01 -6.33381903e-01
    -7.26677060e-01 -5.52498102e-02 -3.81014973e-01 -9.15030241e-02
    1.54799819e-01 -6.27567291e-01 -6.12949073e-01 -9.71552134e-02
    8.31534266e-02 -4.51027155e-01 -1.91042185e-01 -5.08149862e-01
    7.00762868e-02 -5.49284518e-01 -4.42866743e-01 -7.28934407e-02
    -3.23733687e-02 9.95042324e-02 -1.83686316e-01 7.39873052e-02
    -5.25733948e-01 -4.25197423e-01 9.81448889e-02 1.26233757e-01
    -1.10466480e-02 -1.13291681e-01 1.61588192e-03 -1.00879669e-02
    1.03502095e-01 3.83937359e-03 -3.21379304e-01 -4.35033679e-01
    -5.89203358e-01 1.26654208e-01 -3.32682997e-01 -1.74250007e-01
    -3.90290171e-01 -3.76578480e-01 -2.30662465e-01 2.19786346e-01
    1.90716863e-01 -3.07624191e-01 -4.53933716e-01 -3.49324942e-02
    -1.50588870e-01 -6.01277590e-01 -6.81330740e-01 -1.32593274e-01
    2.28660166e-01 1.50629103e-01 -4.70512331e-01 -3.06006372e-01
    -1.41237020e-01 -5.22116721e-01 -2.21309960e-01 -2.16126263e-01
    -4.82719541e-02 -6.61945224e-01 -3.06096673e-02 -5.48764467e-01
    -2.31838882e-01 -2.62786150e-02 -1.20674193e-01 -4.30308104e-01
    -3.70216548e-01 1.55033410e-01 -7.12024570e-01 -2.22766399e-01
    1.72994494e-01 -5.76182246e-01 -1.90710902e-01 -7.05230355e-01
    -5.55969894e-01 1.75518930e-01 1.23291850e-01 -1.94895506e-01
    -9.29421186e-02 2.45466173e-01 -4.44964677e-01 -3.32350791e-01
    -4.56796378e-01 -7.36485720e-01 -3.77134353e-01 -5.81982136e-01
    -2.28944421e-02 -1.02187395e-02 -2.97522962e-01 -2.53995955e-01
    -2.70052135e-01 -2.88914502e-01 -4.74442691e-01 -4.34874296e-02
    -1.63257509e-01 -1.03341460e-01 -3.61375034e-01 -1.19923711e-01
    -2.46536016e-01 2.29691297e-01 1.03783876e-01 -8.97797048e-02
    6.29975200e-02 -1.35631382e-01 -2.63669014e-01 -3.08829546e-03
    -2.83944339e-01 -4.47860301e-01 5.35308719e-02 -3.08525324e-01
    -6.46981776e-01 2.30435073e-01 -6.79404974e-01 -5.86622357e-02
    -3.44447047e-01 -3.43048036e-01 -8.79281163e-02 -6.13214433e-01
    -5.97955167e-01 -5.21816730e-01 -3.27090532e-01 -3.54100168e-01
    -2.58866549e-01 3.96001935e-02 -9.02031660e-02 -4.40119505e-02
    -1.54187739e-01 -2.70153642e-01 -4.82963055e-01 -6.40385270e-01
    -3.25430125e-01 8.37123394e-02 -2.01853335e-01 -1.47003472e-01
    -2.57331342e-01 1.95595086e-01 -6.54955626e-01 1.54120803e-01
    1.09452009e-01 1.22915089e-01 -5.15717268e-02 8.97949934e-03
    -1.16097093e-01 -1.01005912e-01 -1.64305508e-01 -1.12170637e-01
    -7.82278180e-02 -5.01062572e-01 -6.38759136e-03 -4.29158807e-01
    -2.85601914e-01 6.01095557e-02 -5.90802431e-01 -6.63027167e-02
    -3.49478424e-01 -2.21423745e-01 1.04077935e-01 -7.33544707e-01
    -6.57227933e-01 -5.57085156e-01 -4.65790987e-01 -6.03104353e-01
    -1.64401352e-01 9.85357165e-02 -7.36129403e-01 1.70725644e-01
    -6.94208741e-02 -3.52920949e-01 -4.43542600e-01 -2.12265730e-01
    -4.23551798e-02 -1.85119331e-01 -6.90471888e-01 -2.39002705e-01
    -3.79401445e-02 1.29482031e-01 -6.45712852e-01 -2.15920448e-01
    -6.67826295e-01 2.49264717e-01 -3.46935242e-01 1.03090405e-02
    -6.92284465e-01 7.66148567e-02 -5.45344591e-01 -3.50605398e-01
    -7.02867508e-01 1.76117241e-01 1.40085816e-01 2.07821131e-01
    -3.65904689e-01 -7.10322022e-01 -7.27342963e-02 -1.96252286e-01
    -2.86212653e-01 -1.99645996e-01 -1.99177623e-01 -2.42976367e-01
    -5.06284833e-01 -9.85513330e-02 3.27342749e-02 -3.94379795e-01
    -4.38279152e-01 -4.81570959e-01 1.72083497e-01 -5.46435833e-01
    5.81424236e-02 -5.70831776e-01 -2.30572522e-01 -5.65283179e-01
    -4.08254236e-01 -3.76087934e-01 -6.38058960e-01 -3.61568451e-01
    4.01873589e-02 -1.06695175e-01 -1.85614824e-01 2.21233368e-01
    4.37110662e-03 6.21187687e-02 1.83856726e-01 -5.22849739e-01
    -3.65211010e-01 -6.37272835e-01 -2.78347552e-01 2.14856863e-03
    -6.37024879e-01 -3.58235776e-01 -6.35467827e-01 -5.47422051e-01
    -6.83271289e-01 -3.32536310e-01 -5.43812037e-01 5.56436181e-02
    7.43005276e-02 2.38570035e-01 1.79777920e-01 -5.77368021e-01
    -2.29731083e-01 -2.35838354e-01 5.96031547e-02 1.41587257e-01
    -3.72909009e-01 -7.55716562e-02 -1.44776344e-01 -4.15694177e-01
    -5.64095378e-02 -6.16891205e-01 1.03025675e-01 1.97284222e-02
    -3.56873482e-01 -4.03710276e-01 -2.73065984e-01 -6.39686465e-01
    -4.18817520e-01 -6.73782825e-02 -6.33060694e-01 -2.76135862e-01
    8.67292285e-02 -3.98092151e-01 2.38932729e-01 2.13550448e-01
    -6.83678985e-01 -5.44353604e-01 -6.99261069e-01 -3.66067886e-03
    -2.56427526e-01 -1.74049914e-01 -2.38383651e-01 1.54682398e-01
    -7.91318655e-01 -2.95694202e-01 1.95962191e-01 -7.70882964e-01
    -4.09992337e-02 -6.87039852e-01 -2.72097826e-01 -6.44020438e-02
    -5.43753147e-01 -2.20371723e-01 -4.77040172e-01 -1.23333097e-01
    -2.55378842e-01 -7.53013372e-01 -3.55129778e-01 -9.92369652e-02
    2.19426572e-01 2.53759623e-02 -4.44784880e-01 -6.71297193e-01
    -4.13730055e-01 -5.36378026e-02 -3.25671494e-01 -7.22643912e-01
    2.08552659e-01 -7.46307492e-01 -7.42078424e-02 -2.65805960e-01
    -5.50884247e-01 -2.73573071e-01 -1.26880527e-01 -1.80134892e-01
    -6.03791296e-01 -2.42165208e-01 -1.67180359e-01 -4.83672440e-01
    -3.48556161e-01 -2.69376904e-01 -4.20794189e-01 -2.48564959e-01
    -9.27025080e-02 -5.79251051e-01 -4.31324095e-01 1.81165516e-01
    2.40651011e-01 1.37127638e-02 -1.86225116e-01 2.61783063e-01
    1.39130950e-02 -2.92863816e-01 1.05547905e-03 -3.44697952e-01
    -7.10506558e-01 -2.73585051e-01 -5.81029534e-01 2.90813208e-01
    -4.41185057e-01 -4.92613375e-01 4.05024290e-02 8.17172527e-02
    2.67385900e-01 2.11320758e-01 -3.02058160e-01 1.20352566e-01
    3.71727347e-02 -6.12665176e-01 -5.67382216e-01 2.54242241e-01
    -5.10455906e-01 -2.90394425e-01 -3.26129645e-01 -1.50225163e-01
    2.21475065e-01 1.44546211e-01 -5.60831308e-01 -3.18957567e-02
    -1.11882985e-01 -5.53925335e-01 2.93391347e-02 2.56490171e-01
    1.53896391e-01 -4.30994898e-01 2.85147369e-01 4.25506473e-01
    -2.73907781e-02 4.35147434e-01 1.49019957e-01 3.82474691e-01
    -4.06586707e-01 -2.74532914e-01 -2.29502857e-01 -1.32913709e-01
    -5.49530864e-01 -1.54665053e-01 -7.16002584e-01 2.26828814e-01
    -7.40635395e-03 -7.31580257e-02 1.17461741e-01 1.06843174e-01
    -3.61775845e-01 8.94191861e-02 -3.57901871e-01 -3.71480584e-02
    -5.56666851e-02 -5.71496844e-01 2.07994580e-02 -1.73650384e-02
    -8.30144882e-02 -5.09074330e-01 -3.15933704e-01 -7.38602877e-01
    -1.99617147e-01 -3.80934477e-02 -2.85169959e-01 -1.47345841e-01
    -1.07443392e-01 -6.67838454e-01 -6.25718355e-01 -3.41298461e-01
    1.33733273e-01 -2.92589068e-01 -1.50262177e-01 -4.05213952e-01
    -2.29631424e-01 -4.52286422e-01 -3.85782242e-01 1.14973068e-01
    8.83068442e-02 8.76728296e-02 -4.45285082e-01 8.39974284e-02
    2.03183889e-01 -3.67072821e-02 -7.57785320e-01 -2.48031199e-01
    7.81306624e-02 -1.01701856e-01 -6.55281067e-01 1.95894718e-01
    -4.73170877e-02 -1.70220494e-01 -7.34822631e-01 1.17116928e-01
    -9.85327363e-02 -4.33909923e-01 -1.85336173e-01 -5.31280100e-01
    -5.58072329e-03 -6.00373864e-01 -2.31951475e-01 -7.46475101e-01
    -5.02293289e-01 2.28758335e-01 -5.25160193e-01 -7.09329009e-01
    -6.76806033e-01 -6.37720466e-01 -6.87880039e-01 -1.44492328e-01
    -5.82119167e-01 -2.67371982e-01 -3.67680073e-01 -6.06594443e-01
    6.00481033e-02 -5.41285098e-01 -5.74713707e-01 -5.74166775e-02
    -5.69641471e-01 -5.94501793e-01 -6.79723978e-01 1.23273909e-01
    1.02060139e-01 2.18582034e-01 -8.83569121e-02 -9.66723561e-02
    -7.52524078e-01 1.73609316e-01 2.25828886e-02 3.66985798e-03
    -3.83902043e-01 -6.93135023e-01 -4.86559540e-01 -3.07991117e-01
    -6.43204987e-01 3.22940946e-02 -6.38218999e-01 -4.48632658e-01
    -3.56858641e-01 -7.05136657e-01 -4.31409776e-01 -4.35752153e-01
    -8.78616571e-02 -5.33421636e-02 -5.28853297e-01 2.36367524e-01
    3.51434350e-02 2.74876356e-02 -9.40743089e-02 7.07030892e-02
    -7.50548482e-01 -7.04462290e-01 1.57150149e-01 -4.36493218e-01
    -2.23480642e-01 5.19708395e-02 -2.66105115e-01 -2.13247240e-01
    -5.21565557e-01 1.16942883e-01 2.42203712e-01 -2.84638584e-01
    -1.11800730e-01 -6.98543668e-01 -6.90408587e-01 -4.14876550e-01
    -1.78970695e-02 -3.82529318e-01 -6.71523809e-02 -1.54679358e-01
    5.62143326e-02 -2.54571021e-01 -3.84190083e-01 -5.68643272e-01
    -2.51646906e-01 -9.98955965e-03 -7.05900550e-01 -5.32374799e-01
    -2.03081191e-01 -3.16633105e-01 6.42657280e-02 -7.00842679e-01
    -2.10978448e-01 -1.08487010e-02 2.93876827e-01 -1.38441324e-02
    1.48208022e-01 1.12807572e-01 4.50223684e-02 2.74015725e-01
    -6.93717718e-01 -4.71292257e-01 -5.27102351e-01 -7.10899472e-01
    -3.94475341e-01 -3.01834345e-02 2.44880915e-01 -3.02700609e-01
    1.58136487e-02 -5.64273000e-01 -4.02463615e-01 -6.10925019e-01
    9.99585986e-02 -6.60936117e-01 -2.93317318e-01 -2.47570872e-02
    -7.04349160e-01 -5.63343465e-01 -2.67852843e-01 7.00160265e-02
    1.64579213e-01 -6.05597734e-01 1.13792002e-01 -1.04638636e-01
    -2.95549452e-01 -3.00361454e-01 -8.13010216e-01 -5.30473590e-02
    -6.20352507e-01 1.13714516e-01 -7.13683963e-02 1.90701008e-01
    -5.17061353e-02 -2.73571640e-01 1.96365118e-01 -3.26058924e-01
    -5.45258760e-01 1.68241262e-01 1.67480826e-01 3.13305855e-03
    -7.09688783e-01 -2.60232568e-01 -2.63690770e-01 -4.25251722e-02
    9.66888070e-02 -5.67900419e-01 -5.17155111e-01 -1.61657214e-01
    1.32274389e-01 -3.82068485e-01 1.88060522e-01 -7.16743708e-01
    1.55690908e-01 -4.95258451e-01 -2.93793231e-01 -1.67096853e-01
    -4.16021943e-02 -3.80909890e-01 1.00606978e-01 -2.78967112e-01
    -3.89949083e-02 -1.39606416e-01 -2.73062289e-01 -4.20344710e-01
    2.57330775e-01 1.27312541e-01 1.61385775e-01 -2.88237333e-01
    -6.11814260e-01 -1.09585345e-01 -1.55984938e-01 -6.83456182e-01
    -6.69649601e-01 1.87290609e-01 -1.89152956e-02 -6.07932925e-01
    2.12756157e-01 -7.19507337e-01 8.39520097e-02 -3.37819487e-01
    -4.15440083e-01 -4.15247917e-01 -5.32374382e-01 1.21553898e-01
    -4.17204261e-01 -4.96009052e-01 -3.13401818e-02 -6.49066925e-01
    -1.02446675e-01 -2.47955978e-01 2.67753005e-01 -3.23391974e-01
    -3.97171855e-01 -3.13146770e-01 -3.62626344e-01 6.98161125e-02
    -3.97688448e-01 2.53494918e-01 -2.25498915e-01 1.83658838e-01
    -1.62691087e-01 -3.43970060e-02 -2.34858543e-01 2.13934720e-01
    1.09445393e-01 2.28694677e-02 -1.16271496e-01 -6.69114232e-01
    2.81693935e-02 -3.59093517e-01 1.40445411e-01 -7.37350702e-01
    -8.14548731e-02 -2.16208100e-01 -3.68544936e-01 -4.69477206e-01
    7.76909590e-02 -3.12066555e-01 2.41257191e-01 -7.37920702e-01
    -5.45724928e-01 -1.09024584e-01 -3.13174129e-02 -2.18214393e-01
    -2.09115148e-02 5.53770661e-02 2.36558318e-01 -5.68726778e-01
    -6.49111748e-01 1.08032286e-01 -6.13896847e-01 -1.14700437e-01
    -1.63148582e-01 -3.73436809e-01 2.20219851e-01 1.78996086e-01
    1.41791165e-01 -1.25171304e-01 -2.65281022e-01 -5.71058631e-01
    -6.01418495e-01 -6.75748706e-01 1.18966699e-02 -4.32816327e-01
    -3.22691947e-01 1.75574124e-01 -1.20060444e-01 -6.03274226e-01
    -5.94406664e-01 -4.57453728e-03 -3.26593548e-01 1.30820036e-01
    3.10162306e-02 -6.26966655e-01 -7.05528140e-01 -5.75953066e-01
    2.01174557e-01 -4.59176302e-01 2.01702118e-02 -3.72680426e-01
    -6.46256924e-01 9.73623991e-02 -2.78710574e-01 9.57202911e-03
    -6.96846008e-01 -1.66939199e-01 2.22563386e-01 -6.61468923e-01
    -1.49019837e-01 2.15911508e-01 3.55362892e-02 -7.03681350e-01
    -7.12661862e-01 1.03367865e-01 -3.48472178e-01 -1.47559643e-01
    -3.34069163e-01 1.71543658e-01 1.22122943e-01 -5.99791765e-01
    1.94543421e-01 1.35154009e-01 -2.70677209e-02 1.85553968e-01
    -1.89961314e-01 -2.61726260e-01 -1.06972039e-01 -1.58541918e-01
    -4.68002439e-01 -1.01441681e-01 -9.15902257e-02 1.80906057e-03
    5.29108047e-02 -6.72061920e-01 1.70159876e-01 -2.13513374e-02
    -1.27704382e-01 1.93650246e-01 1.89053833e-01 -2.44539380e-01
    -3.59784931e-01 -6.87782288e-01 1.65043473e-02 1.36226177e-01
    -1.44873321e-01 -7.15983152e-01 -1.72292590e-01 -2.70449966e-01
    1.35934889e-01 -4.18675601e-01 -8.88852477e-02 -4.95618850e-01
    1.40546978e-01 -3.24015141e-01 2.15761721e-01 -1.98497653e-01
    -6.24857187e-01 -3.65046948e-01 -7.27039337e-01 -6.94545865e-01
    2.46607065e-02 -3.30484718e-01 -2.70320505e-01 -3.53926122e-01
    -1.66277230e-01 -3.30875427e-01 -3.97009045e-01 2.36101687e-01
    -6.20979249e-01 -6.28003120e-01 -7.44972110e-01 -7.30273366e-01
    -2.16845036e-01 -1.36949003e-01 -4.68265593e-01 1.78239822e-01
    1.00481153e-01 2.68785357e-02 -5.07960081e-01 -3.57062012e-01
    -4.94694114e-02 -3.29443663e-01 -8.38115811e-02 -1.64730728e-01
    -4.88837838e-01 -3.89252216e-01 -6.82719827e-01 -3.09533209e-01
    2.74474621e-01 -1.74078226e-01 -2.77628541e-01 -6.07614160e-01
    1.13393664e-01 -4.62920696e-01 2.45950818e-02 -5.10715961e-01
    -6.08353615e-01 -5.38723588e-01 -8.81347656e-02 -1.10425591e-01
    1.13489866e-01 -1.61574483e-01 -2.64808923e-01 -6.47846103e-01
    -1.88620150e-01 -6.44938111e-01 1.52231634e-01 -6.44322217e-01
    -4.49241281e-01 -2.04752445e-01 -7.04322994e-01 -1.11550093e-03
    -1.21841311e-01 1.92772806e-01 -1.99246824e-01 -6.23437166e-01
    -6.70366883e-02 1.29798710e-01 -5.21084487e-01 -2.96184063e-01
    -2.79767871e-01 -6.11841619e-01 -5.41557074e-01 -7.78477073e-01
    -3.61198366e-01 -4.49153364e-01 1.42702579e-01 7.82992840e-02
    -7.20355451e-01 2.08766282e-01 -4.47458684e-01 -4.70265627e-01
    -4.34905887e-02 -6.12441003e-01 -7.76648104e-01 -7.28514373e-01
    -5.22524953e-01 -5.82090855e-01 6.13737702e-02 -2.58595347e-02
    -4.85758305e-01 -5.08144498e-01 1.05005741e-01 -2.71059155e-01
    -4.20593590e-01 -6.88570857e-01 -5.99685311e-01 -5.21541655e-01
    -2.98711777e-01 -2.28227556e-01 9.03345942e-02 -6.00057006e-01
    -5.56676745e-01 -3.86640429e-01 -5.82955241e-01 -1.69576406e-01
    -5.06454885e-01 1.20886326e-01 -1.19658649e-01 -2.31720209e-02
    -2.45713800e-01 -2.74583936e-01 1.41059339e-01 -3.86811525e-01
    2.22063184e-01 -6.63682640e-01 -5.98110557e-02 -5.47628403e-01
    -6.48473859e-01 -2.43056208e-01 1.30898356e-01 2.39072919e-01
    -4.37669098e-01 1.11872017e-01 -5.70462048e-01 -1.92575753e-01
    3.51992249e-02 -5.19249320e-01 5.99589944e-02 2.29077458e-01
    -3.87405872e-01 -5.24193645e-02 1.51225090e-01 6.37384057e-02
    -3.60374391e-01 -2.29963303e-01 -6.49103880e-01 -4.45346773e-01
    1.89625442e-01 2.79068589e-01 -3.06851298e-01 1.18196368e-01
    2.13729322e-01 -2.36516446e-01 -5.68646491e-02 2.64221996e-01
    -2.38255113e-01 -2.61884034e-01 1.45245939e-01 -1.57916605e-01
    1.42592788e-02 2.99733877e-02 -1.35301828e-01 -5.62025964e-01
    1.50933504e-01 -5.06554127e-01 -3.27253759e-01 -8.16901922e-02
    1.33287787e-01 -4.57693845e-01 -1.11242354e-01 -5.62389851e-01
    -9.86617208e-02 -3.19143504e-01 -2.98135757e-01 5.83298802e-02
    -6.79364204e-02 1.72947466e-01 -1.63420260e-01 5.32081723e-02
    2.45721102e-01 1.13353729e-01 -7.96055198e-02 -2.71897256e-01
    -3.32994282e-01 -2.41397858e-01 -6.05304778e-01 1.27850115e-01
    -3.12768310e-01 2.47813284e-01 -7.51840472e-02 1.80963039e-01
    -6.06422067e-01 -3.08229685e-01 -2.10404754e-01 1.76947594e-01
    -7.40119874e-01 -4.54938412e-03 -2.01038599e-01 -7.11408913e-01
    1.10766828e-01 -5.35603166e-01 -7.40976095e-01 -2.04636037e-01
    1.08685970e-01 -5.44403315e-01 -6.10159039e-01 1.63257182e-01
    -6.66070580e-01 -4.91803408e-01 -2.59682536e-01 -7.59629548e-01
    -1.17070973e-01 1.52113557e-01 -1.35810435e-01 1.38366044e-01
    1.72387958e-02 -9.47523117e-03 -1.54454112e-02 -3.13436985e-01
    -6.20636344e-01 4.33521271e-02 -3.02222520e-01 1.09028816e-03
    -3.25580597e-01 -1.23443604e-01 -7.07617164e-01 -5.42354345e-01
    -7.15730250e-01 -2.41032422e-01 -6.65308237e-02 -2.38003552e-01
    9.76988077e-02 -5.19637704e-01 -4.85067785e-01 -3.66942286e-02
    -4.27937448e-01 -3.18709195e-01 1.90824687e-01 -3.90306056e-01
    -5.10195255e-01 -6.11063659e-01 1.44771695e-01 -2.24635422e-01
    -2.58863777e-01 -6.13272309e-01 -1.58831358e-01 -5.11186242e-01
    2.27332115e-03 1.56089902e-01 -1.15044653e-01 -5.59241176e-02
    -3.81587118e-01 -6.01339936e-01 -4.97019053e-01 2.03455031e-01
    1.84506059e-01 2.09764898e-01 -3.28014493e-02 -4.27655667e-01
    -5.60980201e-01 -1.65758133e-01 -4.44401801e-01 -2.81244516e-02
    -2.70064801e-01 -4.15905833e-01 -3.67349327e-01 -1.68941557e-01
    -2.91105688e-01 -5.74551463e-01 -1.14613950e-01 1.13370001e-01
    -6.39305592e-01 -4.09296513e-01 2.07809329e-01 -7.34544873e-01
    6.08673096e-02 -6.88541472e-01 -2.64841974e-01 -6.72086120e-01
    -6.00218773e-05 2.29136050e-01 -1.84379876e-01 5.85537553e-02
    1.12739742e-01 -4.77154791e-01 -5.22129416e-01 -4.19173777e-01
    -3.53236377e-01 -4.64436352e-01 -2.52590179e-01 -6.33705318e-01
    -2.48034716e-01 -7.39921331e-02 -1.87871397e-01 -3.35266888e-01
    -1.11812770e-01 5.65108657e-02 -5.61514258e-01 -4.02523786e-01
    7.88015127e-03 -3.71703178e-01 -6.03525639e-02 -5.77108502e-01
    1.40645564e-01 4.34677005e-02 -5.02500057e-01 2.18429685e-01
    -5.12696624e-01 -3.60211849e-01 -4.48202252e-01 2.01416075e-01
    -3.04139882e-01 -6.35148585e-01 -4.77944255e-01 -5.73084474e-01
    -3.20869446e-01 -2.85418242e-01 -6.11905098e-01 1.72043622e-01
    -6.46176577e-01 2.98213959e-03 1.62744105e-01 -2.77601749e-01
    -5.63745379e-01 -7.40065932e-01 -5.70676863e-01 5.13420701e-02
    2.58304477e-02 -7.53283381e-01 -2.15398610e-01 -8.02922845e-02
    -1.83955491e-01 1.96516931e-01 -2.77902722e-01 9.61236358e-02
    -4.90385652e-01 -9.55592990e-02 1.93918169e-01 -2.13607192e-01
    1.64493442e-01 -2.13634491e-01 -3.32077980e-01 5.78278303e-02
    -1.33476436e-01 -1.43618166e-01 9.52768922e-02 -4.06544507e-01
    1.43667936e-01 -6.72257245e-01 -3.95165116e-01 -7.60342121e-01
    -4.20762897e-02 -2.24789858e-01 9.86776948e-02 -4.24900055e-02
    -3.58986259e-01 -6.56159580e-01 -6.97155654e-01 1.70238972e-01
    -3.30757707e-01 -2.68296301e-01 -4.47501004e-01 -2.04834104e-01
    3.72846723e-02 -4.11120296e-01 -5.88925719e-01 -3.21873069e-01
    -4.23282474e-01 -5.54257870e-01 -4.32357907e-01 -6.30918503e-01
    2.56177127e-01 -8.88523459e-02 -4.00186688e-01 -1.28544867e-01
    -5.52212059e-01 -6.18536234e-01 1.84122860e-01 -3.68767381e-02
    -2.51545131e-01 5.92395067e-02 -3.29821318e-01 -7.19056189e-01
    -6.49267077e-01 1.52173042e-01 -3.05102140e-01 -2.81292170e-01
    -5.47313690e-02 -1.12209916e-01 2.41655111e-03 -6.20396972e-01
    -2.04447746e-01 1.97756648e-01 8.23403001e-02 -6.86435878e-01
    -1.35372460e-01 -9.63926315e-03 9.27087665e-02 -6.29202962e-01
    -7.65035748e-02 -5.42285800e-01 1.90640688e-02 2.32236266e-01
    -3.90349030e-02 -5.77518463e-01 -4.41544235e-01 -3.65282297e-02
    1.55523896e-01 2.94078290e-01 4.16254848e-01 1.64082408e-01
    -1.76508546e-01 5.53831756e-02 -8.02173018e-02 2.66231418e-01
    -8.30049217e-02 -5.11915207e-01 -1.13949239e-01 -3.53333235e-01
    -5.09160280e-01 -2.65780628e-01 -6.53763413e-01 -2.69149363e-01
    -1.38567865e-01 2.28144825e-01 -5.77143610e-01 -5.11484623e-01
    -7.21521139e-01 -6.83938622e-01 -5.15512228e-01 -2.95999050e-02
    -5.45550525e-01 -3.45043272e-01 4.55096960e-02 -6.34202838e-01
    -5.84166884e-01 6.67781830e-02 -4.85205114e-01 1.10236943e-01
    -2.05964148e-01 -1.31861866e-01 -1.06875777e-01 -4.05269742e-01
    -5.09377778e-01 -3.98184836e-01 -1.62547827e-01 1.93624914e-01
    -3.97813678e-01 -7.53552437e-01 -4.36800092e-01 -2.74894416e-01
    -7.36826897e-01 -5.52308381e-01 -4.23724979e-01 -6.15114391e-01
    1.67556405e-01 1.99610710e-01 -1.87636852e-01 -5.32378912e-01
    5.55738807e-02 -2.70993829e-01 -6.02723360e-02 -5.06986618e-01
    -6.78588688e-01 5.80945611e-02 -5.54386258e-01 -1.35300159e-02
    -5.51010668e-01 -3.38445902e-01 -5.81629872e-01 -1.54633105e-01
    -4.88319933e-01 -2.49204934e-01 2.01624393e-01 -2.74128050e-01
    -2.34067440e-03 -5.98519802e-01 6.72506094e-02 -6.80953979e-01
    -5.63751936e-01 -7.21460462e-01 1.56309485e-01 -9.42800641e-02
    1.12354636e-01 2.47357547e-01 -6.58337355e-01 -2.13275433e-01
    -6.48169756e-01 1.86504006e-01 -6.15539849e-01 -7.16185689e-01
    6.36011362e-02 -1.75142825e-01 -3.38908046e-01 -2.17820346e-01
    -4.17056561e-01 -3.38900089e-03 -2.76042491e-01 -7.16967821e-01
    -4.99385417e-01 -3.61616641e-01 1.78323627e-01 -6.91037059e-01
    -5.64478159e-01 -3.01625520e-01 -1.41454756e-01 -5.17567754e-01
    -1.78041399e-01 2.16938615e-01 -4.98969108e-01 1.75915956e-01
    1.38919950e-02 -5.06980538e-01 -4.49048728e-01 -4.30047929e-01
    2.43645072e-01 9.29399729e-02 -1.87572002e-01 -6.33907318e-02
    2.55167663e-01 -3.21628034e-01 -2.26919174e-01 -7.09349275e-01
    2.49167860e-01 3.59682441e-02 -5.72363853e-01 -4.06216025e-01
    -4.93174970e-01 -2.86472201e-01 -6.29279137e-01 -5.00415325e-01
    -7.14382410e-01 -3.75531971e-01 -2.18979895e-01 -1.43416405e-01
    9.85521078e-02 1.65820301e-01 -4.92709517e-01 -5.79738379e-01
    -5.56012034e-01 -5.43595791e-01 2.52875090e-02 -6.98696971e-01
    -6.80059910e-01 -5.05348325e-01 -6.77091658e-01 7.21302032e-02
    -5.78660250e-01 1.79858863e-01 3.54657173e-02 -4.39018011e-02
    -2.54622459e-01 -3.20923746e-01 -5.34625649e-01 -1.60772324e-01
    -7.41918802e-01 -7.20104575e-01 -6.78175330e-01 -4.54441845e-01
    -6.66229844e-01 -4.48458701e-01 -2.88317323e-01 -6.91607296e-01
    -4.13429081e-01 -8.18657875e-03 -5.47749341e-01 -4.72239256e-02
    -5.81519663e-01 1.40394330e-01 -4.99290466e-01 -1.50934160e-01
    1.42237604e-01 -2.65924931e-01 2.68854558e-01 -7.83865452e-02
    -5.97561955e-01 -3.93831611e-01 -5.24762988e-01 -3.61810774e-01
    -6.56949043e-01 -7.02589512e-01 -3.60855013e-01 -5.92411757e-01
    1.18826926e-01 -4.11573470e-01 -4.23989892e-01 -1.44484282e-01
    -7.06781089e-01 -3.61023843e-01 -3.48030925e-02 -2.96409369e-01
    -5.11352420e-01 -5.72412014e-02 -7.17627108e-01 9.96754169e-02
    -2.72802293e-01 3.14051509e-02 -5.47842026e-01 2.14870512e-01
    1.67273641e-01 -1.61972046e-02 -5.33491015e-01 -6.15861773e-01
    -2.84926057e-01 -2.21913338e-01 -2.89454401e-01 -6.28344476e-01
    3.44794989e-03 -7.78163373e-01 -5.79273820e-01 -5.34058809e-02
    -3.21251839e-01 -5.14749706e-01 -6.63616955e-01 -2.98150837e-01
    4.48485613e-02 -2.65641451e-01 -4.31240857e-01 -7.17399895e-01
    -1.98184192e-01 -1.83967948e-01 -5.57947755e-02 -5.10040522e-01
    -3.25575888e-01 -7.06708074e-01 -6.72146201e-01 -3.41463715e-01
    -5.43107033e-01 -1.06046736e-01 -4.97420073e-01 -3.44449222e-01
    1.19518816e-01 -4.68705505e-01 -6.80422544e-01 2.68700063e-01
    -7.13338494e-01 -3.38086098e-01 -2.25006938e-01 1.94290400e-01
    -2.53480822e-01 -2.93774068e-01 -4.50474977e-01 -6.80166841e-01
    -7.20998585e-01 1.19130671e-01 -2.30423212e-02 -1.66944444e-01
    -5.39169967e-01 -5.01794577e-01 -7.37215281e-01 -4.55450118e-01
    -4.71107841e-01 -8.28238130e-02 -6.18856668e-01 -3.85313749e-01
    -5.36355734e-01 -5.78244150e-01 9.54946876e-02 -2.00196445e-01
    -5.84377289e-01 3.03174257e-02 -5.73993921e-01 7.30317831e-03
    1.29225135e-01 3.71348351e-01 1.89240664e-01 -3.48042697e-01
    -9.82179046e-02 -2.86854208e-01 -2.66976953e-02 -3.28240305e-01
    4.64049578e-02 -1.87541097e-01 -3.56515408e-01 -8.67789984e-02
    -6.52414620e-01 -1.44205570e-01 -7.09193945e-01 -4.52265203e-01
    9.47338343e-03 1.54944658e-01 -5.40655077e-01 6.10929132e-02
    2.70015597e-02 1.84183538e-01 -4.86119092e-01 -1.91557646e-01
    -4.73502517e-01 -4.35184836e-02 -2.95252800e-01 -3.52836251e-02
    -7.93941617e-02 -6.00660741e-01 -7.46643424e-01 -4.70714211e-01
    -7.34756231e-01 -3.41321826e-02 -4.75241005e-01 -5.63599110e-01
    8.97645950e-03 -5.88851810e-01 -4.94054556e-02 -4.93236989e-01
    -6.54582381e-02 -2.21657753e-02 -3.80518287e-01 -2.17411637e-01
    -3.47892284e-01 -2.00193405e-01 7.57316947e-02 -4.43375140e-01
    -1.10915899e-02 -1.09969199e-01 1.32852197e-01 -6.47853494e-01
    2.47417688e-02 -2.58144200e-01 -1.03561223e-01 -3.88737738e-01
    2.21653342e-01 1.01640403e-01 -4.12427068e-01 6.88480735e-02
    -2.28692293e-01 -6.80722356e-01 -4.48547006e-02 -1.62841082e-02
    -4.34745133e-01 -6.60321712e-01 -3.85567248e-01 -6.53785944e-01
    -2.43937969e-03 -3.82016957e-01 -3.31248641e-01 -5.22511005e-02
    -7.15105414e-01 8.91274810e-02 -5.35485744e-01 6.47656918e-02
    -3.45772386e-01 2.16711223e-01 -4.62390661e-01 -2.71012455e-01
    -3.75361860e-01 -1.72057927e-01 -6.57882690e-02 -5.46734452e-01
    -2.26888657e-01 -4.36952174e-01 -1.89117193e-01 -2.71195769e-02
    -9.34526920e-02 -2.22585738e-01 1.58388615e-01 -4.61279720e-01
    -7.00902343e-01 -1.29626453e-01 -7.07657456e-01 -1.60607576e-01
    -5.68629444e-01 -5.35346746e-01 1.73541307e-02 -2.27722704e-01
    1.37506545e-01 -4.96975422e-01 -3.25083703e-01 1.30568624e-01
    -6.79243982e-01 -1.87613964e-02 -7.41879344e-01 -4.52838421e-01
    1.76827848e-01 -4.88811761e-01 -6.06393933e-01 1.03540063e-01
    2.43052721e-01 7.53939748e-02 -4.49265003e-01 -2.68962801e-01
    -6.47048354e-01 -1.36631131e-01 2.37154901e-01 -2.66900748e-01
    -2.57076919e-01 -2.45386302e-01 -1.13799810e-01 -4.75038946e-01
    -4.86303151e-01 9.15044546e-02 -5.50345898e-01 -3.23630571e-01
    -9.86773968e-02 -3.91129434e-01 1.24891043e-01 -2.40730107e-01
    -1.74559534e-01 5.65953851e-02 -4.81104910e-01 -6.08317971e-01
    -1.15897596e-01 -5.52603245e-01 -1.22741401e-01 -4.64675486e-01
    -5.36753893e-01 -2.24252343e-02 4.86901999e-02 -7.93480277e-02
    -1.72713995e-01 -4.68295127e-01 2.07008064e-01 -5.65010309e-01
    -7.21838355e-01 -4.57263589e-01 -5.06084442e-01 -2.99347728e-01
    -5.72247028e-01 -5.49214602e-01 -1.34863615e-01 8.99969339e-02
    -5.83793402e-01 -3.26643586e-01 2.94122100e-02 2.43783951e-01
    -5.97210050e-01 -3.19234759e-01 -7.15975463e-01 -3.02330732e-01
    -4.93666798e-01 1.03767514e-01 -5.20751894e-01 -4.48116779e-01
    -5.56822419e-02 -5.06757975e-01 -4.65770662e-01 -4.10289764e-02
    2.51618028e-02 6.33648038e-02 -7.07691967e-01 -7.10427046e-01
    -3.01113337e-01 -4.18687314e-01 -3.94528627e-01 -4.46242869e-01
    -7.29273677e-01 -1.31715536e-02 -2.36289680e-01 -1.09559417e-01
    -5.81347942e-03 -4.14181054e-01 -6.23991728e-01 -5.30068994e-01
    1.12186491e-01 -6.43505931e-01 -2.17039049e-01 -2.44474769e-01
    2.26646602e-01 -2.29435027e-01 -7.17424273e-01 1.89463913e-01
    1.98452532e-01 -5.37653923e-01 1.42054737e-01 -1.30811691e-01
    -1.94804251e-01 -4.37200546e-01 -7.47226536e-01 -4.92327392e-01
    -6.76312447e-01 -2.53539205e-01 -3.53269905e-01 -8.77920389e-02
    -6.29427195e-01 5.07276058e-02 -4.10206884e-01 2.13787556e-02
    -1.63704216e-01 9.31302905e-02 -7.29377389e-01 1.81044102e-01
    4.66333628e-02 -3.09532970e-01 -6.78201914e-01 4.56344485e-02
    -5.72450757e-01 -3.50846827e-01 -5.47028303e-01 -3.12910080e-02
    -4.82514173e-01 -6.23661399e-01 -5.57548761e-01 -1.18225515e-01
    -5.62804937e-01 -1.10307872e-01 -6.49470448e-01 -1.41371667e-01
    -2.12490559e-02 -2.69097090e-03 -5.87961614e-01 -9.97728109e-03
    5.28043509e-02 -5.60938120e-02 -3.52968663e-01 -6.00409687e-01
    -4.78102565e-02 -7.37142563e-01 -6.90671563e-01 -1.89509094e-01
    -4.81160223e-01 1.00966692e-01 -2.91647226e-01 -3.94746244e-01
    -2.97522545e-03 -3.17621589e-01 -1.27249479e-01 -1.07775092e-01
    2.58658111e-01 -6.61092997e-02 2.66992390e-01 6.02744818e-02
    1.05571449e-01 3.11352551e-01 -1.45180643e-01 2.30981559e-01
    -1.18608624e-01 1.88737512e-02 1.37065351e-02 4.15989339e-01
    -4.84675556e-01 -1.30216092e-01 -3.07348758e-01 -3.05202663e-01
    -5.59148788e-02 -2.88630366e-01 -4.42448020e-01 -6.83448792e-01
    -4.55409110e-01 -5.02055168e-01 1.37435317e-01 -3.04964513e-01
    -5.68168402e-01 -3.97666752e-01 -7.51096308e-01 -5.68732858e-01
    7.54503608e-02 1.72796071e-01 -3.59545797e-01 -4.66765016e-01
    1.25247061e-01 -1.23263180e-01 -5.55962205e-01 -5.71355939e-01
    -5.64985991e-01 8.24207664e-02 -4.10089105e-01 2.67093182e-02
    -7.04550326e-01 1.48139000e-01 -3.88445973e-01 -7.56778002e-01
    -2.04080105e-01 -2.01966584e-01 1.97914183e-01 1.75250769e-01
    -7.01398849e-01 -6.88300848e-01 -5.79451978e-01 -8.59254003e-02
    -5.52531481e-01 -5.86671412e-01 -7.07799911e-01 -1.75381064e-01
    8.54939222e-03 -5.97235680e-01 -2.32627630e-01 -2.26525664e-02
    -3.06894124e-01 -2.52502978e-01 1.36294067e-01 -9.67187881e-02
    -7.40841568e-01 -2.00201273e-02 1.51231647e-01 1.34158134e-03
    -2.07411587e-01 -4.05715704e-02 -1.02382720e-01 -1.08538806e-01
    1.21167362e-01 -6.13060296e-01 -5.98351538e-01 -3.93047333e-01
    -1.13016069e-01 -6.32401824e-01 -7.30097115e-01 1.93013489e-01
    -1.03772938e-01 -4.08803225e-02 5.45691252e-02 -5.78339696e-01
    -3.85625988e-01 7.98464417e-02 -4.72346425e-01 -6.83212996e-01
    -1.90848827e-01 -4.62746143e-01 2.20161736e-01 -4.89510298e-02
    -3.83354366e-01 -3.23655427e-01 -2.10053921e-02 -4.84549761e-01
    -7.07269371e-01 -1.31272793e-01 -2.59669244e-01 1.30136013e-02
    -5.95823526e-02 -5.73198676e-01 -5.79975963e-01 -4.62142885e-01
    2.25644827e-01 -3.17100286e-01 -4.35740381e-01 -5.85840464e-01
    8.26287866e-02 -6.80431962e-01 5.29662967e-02 -1.69842184e-01
    7.06483126e-02 1.90818310e-02 -3.86837959e-01 -4.49586689e-01
    -1.14867568e-01 -6.31725788e-03 -4.89001215e-01 1.80981815e-01
    -1.69738352e-01 1.32524788e-01 -2.14332938e-01 1.34476840e-01
    -7.28266716e-01 -5.63909590e-01 -1.27463400e-01 -1.09557569e-01
    -1.02901757e-01 4.05157804e-02 -9.70226526e-02 -6.06393158e-01
    -6.37395442e-01 -1.43181562e-01 -6.16014600e-01 -4.60352361e-01
    -6.91327214e-01 4.68441844e-02 -2.89821297e-01 -1.71731412e-01
    8.63581300e-02 6.28352165e-02 -7.22518921e-01 -1.40595138e-01
    -6.72218919e-01 -4.23856378e-02 -5.23961246e-01 1.06890738e-01
    -7.12933183e-01 -6.19836032e-01 -3.86206985e-01 -3.71006668e-01
    -9.97008681e-02 -7.07197249e-01 -6.16580784e-01 7.49556422e-02
    8.92310739e-02 -5.55512786e-01 -6.58459425e-01 1.74177825e-01
    -1.69201255e-01 1.08095646e-01 -5.91066003e-01 4.79350686e-02
    5.95902801e-02 -5.17824888e-01 -3.32181156e-01 1.03603959e-01
    -5.04326224e-02 -1.51746571e-01 -4.40934956e-01 -3.87624323e-01
    2.30023682e-01 2.17859507e-01 -5.68033695e-01 2.37402916e-01
    -2.70186394e-01 -4.17117894e-01 1.74006760e-01 -3.12983811e-01
    8.98237824e-02 -2.50611126e-01 -6.74694419e-01 -6.11717105e-02
    8.62973332e-02 -1.13759518e-01 9.14166570e-02 -2.20125139e-01
    -2.80937552e-01 -5.35500884e-01 1.48460925e-01 -4.32161629e-01
    8.01313519e-02 -1.81818604e-01 -5.54685235e-01 -3.60913903e-01
    -1.38775766e-01 -3.41570258e-01 -8.84032249e-02 -7.66610622e-01
    -1.58655882e-01 3.89567018e-02 -3.24078351e-01 -7.91404128e-01
    -1.17287159e-01 1.56774819e-01 1.15568876e-01 -3.66514862e-01
    1.04968190e-01 -4.76424366e-01 -3.52446109e-01 -4.95819569e-01
    -5.83517730e-01 1.72002792e-01 -4.70619798e-02 -1.95701659e-01
    6.61711693e-02 -5.88956952e-01 -1.70432925e-02 -7.46123552e-01
    -1.53463364e-01 4.98679876e-02 -4.29095030e-02 -8.16471577e-02
    1.37866795e-01 -5.83599687e-01 -1.23708367e-01 -7.00320303e-01
    -6.95398808e-01 -2.09226489e-01 1.13291323e-01 -6.66701794e-01
    5.93507290e-02 -5.44245839e-01 -4.53523755e-01 -3.17379713e-01
    -5.49324751e-01 1.11951232e-02 -8.35908651e-02 2.06156492e-01
    -1.09886825e-01 -7.34161854e-01 1.02242172e-01 -1.50814116e-01
    1.10700727e-01 -1.09505296e-01 -4.30551827e-01 -6.58253253e-01
    -7.08303869e-01 5.49109578e-02 -7.28655934e-01 6.00777268e-02
    4.19859886e-02 -4.61925417e-01 -7.02206671e-01 -3.10045898e-01
    -5.10206699e-01 1.18836999e-01 -3.09231400e-01 -3.30919921e-01
    -3.88848066e-01 1.01226151e-01 1.61993325e-01 4.53245014e-01
    2.52316684e-01 2.25477517e-02 -2.95694381e-01 3.66707623e-01
    4.46321368e-02 -1.65551305e-01 -1.44351363e-01 1.36954606e-01
    -8.68533850e-02 1.96994543e-01 -6.96518958e-01 -3.09151411e-01
    -5.63381255e-01 -3.51651609e-01 -5.93711019e-01 1.55945003e-01
    -6.79477930e-01 1.15072072e-01 2.29966640e-02 -6.04151011e-01
    -4.31970656e-01 -5.55731297e-01 2.49338746e-02 -3.42611998e-01
    -5.42875588e-01 -5.96413374e-01 1.23313844e-01 1.67107105e-01
    -1.39646649e-01 -1.01174951e-01 7.98535347e-02 -2.43348122e-01
    -1.33733213e-01 -6.33271694e-01 3.78628969e-02 -7.03351736e-01
    -4.32939261e-01 -5.74660838e-01 -5.59485435e-01 -7.59686232e-02
    2.07862198e-01 -4.24006552e-01 -2.64972389e-01 -3.70086163e-01
    -4.23503578e-01 -2.25312889e-01 2.47517943e-01 -4.36030686e-01
    -4.13123488e-01 -4.69923019e-01 -1.63454413e-01 -1.28745556e-01
    -1.23966515e-01 -6.19525909e-01 -3.80621463e-01 -5.68855524e-01
    1.40421689e-01 -1.03105903e-01 -6.84517622e-02 -7.16234386e-01
    -1.92337513e-01 -5.71076930e-01 -6.97831571e-01 -2.43764281e-01
    -2.37628937e-01 -1.99280620e-01 -1.09713137e-01 -8.36652517e-03
    1.10805035e-04 -2.11114287e-02 -6.51639223e-01 -4.70019549e-01
    -8.00462365e-02 3.46931219e-02 -6.58579946e-01 -2.21098959e-01
    -6.95439458e-01 -5.49024880e-01 6.06983304e-02 4.02404666e-02
    -6.59036398e-01 -1.09563529e-01 -4.71387267e-01 -4.64040577e-01
    -3.65060478e-01 -7.69789219e-02 -4.33205307e-01 -1.42293632e-01
    -5.08635640e-01 -1.31398261e-01 -2.42917776e-01 1.28518641e-01
    5.26121259e-02 -7.54109919e-01 -6.44757330e-01 -4.14479524e-01
    3.83576751e-02 -6.34902418e-01 -4.50201005e-01 -7.34384060e-01
    -2.82551259e-01 1.87516451e-01 -6.42458916e-01 -6.06773734e-01
    -5.01550436e-01 -7.15130329e-01 -1.83341265e-01 -7.03860819e-01
    1.94566846e-02 6.02332950e-02 -5.82221389e-01 -2.72824496e-01
    -5.54106593e-01 -3.03183764e-01 -2.08359659e-01 -4.68164861e-01
    -1.74717844e-01 2.05002785e-01 -4.58470583e-02 1.50816381e-01
    4.19003963e-02 -1.33768082e-01 -2.85803616e-01 -2.15054452e-01
    -2.10218489e-01 -2.17297673e-01 2.74201214e-01 -6.73358500e-01
    1.57500803e-01 -6.14006639e-01 -6.58794641e-01 -1.22587085e-02
    -8.34184885e-03 -4.61803973e-01 -6.97014570e-01 8.97647738e-02
    1.91803932e-01 -6.52944803e-01 -3.26728404e-01 -7.15610266e-01
    -2.52924114e-01 -5.33981383e-01 7.44020939e-02 -3.98709238e-01
    6.88818097e-02 -4.42761600e-01 1.80712283e-01 -2.10319579e-01
    -1.38189793e-02 -6.61466122e-01 -6.18525624e-01 -6.22220993e-01
    -2.32819974e-01 1.86347961e-01 -7.50933290e-02 2.13787556e-02
    -2.86676437e-01 -4.86600369e-01 -3.78664613e-01 -4.42063659e-01
    -4.78173196e-01 -6.64287150e-01 -7.90722966e-02 1.79677546e-01
    1.77521765e-01 6.30552769e-02 1.85473680e-01 -1.20195627e-01
    -1.61896408e-01 -6.56782269e-01 8.41577649e-02 1.56171322e-01
    -1.54055357e-02 1.63654745e-01 8.45372081e-02 -8.72855186e-02
    -4.62319016e-01 -6.28758073e-02 2.07329929e-01 -9.17229652e-02
    7.51069188e-02 -7.46864557e-01 -1.84976280e-01 -7.01643467e-01
    -7.98948407e-02 -1.01694465e-02 -5.83737493e-02 7.61978626e-02
    -5.84800422e-01 -4.93622065e-01 -6.90021217e-01 -1.87734962e-01
    3.32924128e-02 -5.94480395e-01 -7.46942878e-01 -2.35187173e-01
    -4.26337034e-01 6.20043278e-03 -2.84949958e-01 7.07650185e-03
    -3.69041204e-01 3.08287144e-02 -2.83386111e-02 -5.49865842e-01
    -3.85031104e-02 -3.08016062e-01 -5.39447606e-01 1.06336415e-01
    -3.10556501e-01 -3.29976588e-01 -2.61786759e-01 -2.22518742e-01
    -2.05135822e-01 1.46945715e-01 7.34328628e-02 -1.15507901e-01
    -6.38761461e-01 -3.06829184e-01 -4.40912634e-01 -3.64370346e-01
    8.02334547e-02 -6.24954164e-01 -3.44195902e-01 -6.71611011e-01
    -2.65933275e-02 3.69036198e-03 1.92994297e-01 2.55800188e-01
    -5.42791724e-01 -3.59716922e-01 5.12812138e-02 -4.50756013e-01
    -8.21834803e-02 -4.71903086e-02 -1.01458609e-01 -5.48501015e-01
    -3.83658588e-01 1.24151409e-01 -2.70238519e-01 -6.50964260e-01
    -6.50648713e-01 -4.51390147e-01 -2.59037733e-01 -6.87337697e-01
    6.46650791e-03 -6.13167644e-01 -6.16394281e-02 -2.06420898e-01
    3.34068537e-02 -1.45938873e-01 -2.70150781e-01 -2.88581967e-01
    2.49602139e-01 -4.02722031e-01 4.76837397e-01 -3.28357816e-02
    -3.52907717e-01 -1.32322699e-01 -3.73555213e-01 -1.52710795e-01
    -9.49208438e-02 3.67957711e-01 1.92726672e-01 -6.90736830e-01
    -6.70101047e-01 -1.33233249e-01 -1.43012702e-01 3.93224955e-02
    1.54850900e-01 -5.77405095e-01 -1.57829583e-01 -3.90404463e-02
    -7.23242640e-01 -1.53218150e-01 -5.17874956e-01 -5.41910648e-01
    1.94078088e-02 -4.29068208e-01 -2.15548098e-01 -3.65844369e-02
    -7.18920112e-01 -3.56125683e-01 -7.53699780e-01 5.69005609e-02
    -1.08904660e-01 -3.19496155e-01 -3.25590581e-01 -2.00553834e-01
    -4.13435340e-01 -3.40585887e-01 -1.61648214e-01 -2.91268557e-01
    -6.16147637e-01 -1.16237819e-01 -5.41645885e-01 9.12433863e-02
    -6.64310753e-01 -7.29622245e-02 -6.38335049e-01 5.93634844e-02
    -3.49055320e-01 -1.88253641e-01 -3.08353305e-02 1.39784336e-01
    1.51708484e-01 -9.16564465e-03 -7.60159492e-02 -1.95366204e-01
    -3.81259501e-01 -4.81928051e-01 -5.82920015e-01 -1.82891846e-01
    3.39627862e-02 -7.05284894e-01 2.10550070e-01 -3.59800428e-01
    1.02480471e-01 -2.63363302e-01 -3.92253339e-01 -6.45193815e-01
    -2.12041080e-01 -2.45974123e-01 -5.68022192e-01 -1.06570840e-01
    2.30155289e-01 -5.71866512e-01 2.14363754e-01 8.33696127e-02
    -6.95202947e-02 -2.01053739e-01 1.83245242e-01 -1.41620755e-01
    -3.26172680e-01 -3.94166648e-01 -7.16370463e-01 -1.56194925e-01
    -7.20612645e-01 -1.10858262e-01 -2.28339434e-02 -2.31386900e-01
    -2.39969015e-01 -6.90168500e-01 -1.28489733e-02 -1.78819001e-01
    -6.00355387e-01 -4.84128863e-01 7.57695436e-02 5.50365448e-03
    -2.63588905e-01 -5.74212670e-01 -1.50611639e-01 -6.53414905e-01
    -3.42120796e-01 -1.57978177e-01 -4.77022171e-01 -3.38034034e-02
    -5.34309149e-01 -5.74719071e-01 -3.42054188e-01 -4.16797996e-02
    -2.40731239e-03 -1.92674398e-02 5.71690202e-02 1.23659372e-01
    -3.95839572e-01 -3.54846716e-01 -4.30424809e-02 -7.48304546e-01
    -3.11414450e-01 -3.74099612e-01 -4.23014462e-01 -6.06402397e-01
    -1.73657715e-01 -4.36689734e-01 -2.25471079e-01 -4.09608841e-01
    -6.69985414e-02 -2.35062361e-01 -5.18668771e-01 9.97728705e-02
    -2.37421989e-02 -7.04281569e-01 -2.11014032e-01 -4.17609155e-01
    -4.51279700e-01 5.17870188e-02 1.55908406e-01 -2.76643991e-01
    -2.13031709e-01 -1.17929101e-01 -4.32200283e-01 1.16263151e-01
    2.66133428e-01 -7.12827921e-01 -4.43949878e-01 1.27243817e-01
    -5.76957226e-01 -4.27936047e-01 1.45573735e-01 -5.33720434e-01
    -1.17008269e-01 -3.92678678e-01 -5.48865139e-01 -5.24552047e-01
    -1.53559268e-01 -6.60340786e-02 -1.39686167e-01 -4.92250234e-01
    -8.99889469e-02 -6.98603749e-01 2.71618068e-01 -3.19979787e-02
    -3.50967169e-01 -3.39775711e-01 -5.14724255e-02 -1.87531829e-01
    -6.36778176e-01 -1.02867186e-01 8.57236981e-02 1.10438704e-01
    -2.10601568e-01 -5.81356943e-01 -1.17413938e-01 8.09440017e-02
    -4.50600922e-01 1.88594401e-01 -6.21089697e-01 -6.22544765e-01
    -2.49538600e-01 5.25891781e-03 -7.25345135e-01 -2.56334543e-02
    -3.40658367e-01 -2.43460655e-01 -5.12133181e-01 7.29247928e-02
    -1.37714803e-01 -1.16384089e-01 -1.54053986e-01 -2.41157472e-01
    -5.41394055e-01 -4.80221987e-01 1.63514376e-01 -3.06286216e-01
    -8.20909142e-02 -5.91834188e-01 -3.57125074e-01 4.71318960e-02
    -2.61382759e-01 -3.25756639e-01 -6.76410854e-01 -4.01767880e-01
    -2.96346962e-01 -7.97560453e-01 3.42057943e-02 -3.45186174e-01
    -4.69291687e-01 -3.43107700e-01 -2.22327948e-01 -1.61716759e-01
    1.42354667e-01 -2.81719804e-01 -7.16388464e-01 -6.57544851e-01
    8.14517736e-02 -7.68812895e-02 6.47267103e-02 -1.54519856e-01
    1.15606785e-02 -7.53002286e-01 -6.14310026e-01 1.32278800e-02
    -4.51671511e-01 -6.67394876e-01 -6.99961782e-02 -5.36656380e-03
    -8.25375915e-02 -3.59290957e-01 -2.66873866e-01 -3.35193127e-01
    -2.45198667e-01 -2.93967575e-01 1.59446359e-01 -4.56957370e-01
    -3.60103190e-01 -6.67356372e-01 7.76867867e-02 -7.00794399e-01
    -7.29365885e-01 -4.50627148e-01 -4.89515096e-01 -6.04755759e-01
    -2.71786153e-01 -1.08772755e-01 9.51559544e-02 -4.59760606e-01
    1.11066639e-01 -6.48635149e-01 -4.52782005e-01 1.66300952e-01
    -2.28587508e-01 -5.21890521e-02 -3.63875389e-01 1.44511461e-03
    1.19893312e-01 -5.34283876e-01 -2.16512859e-01 2.20240176e-01
    -6.76818192e-02 -4.60469037e-01 1.40494287e-01 -3.13298047e-01
    5.41578650e-01 1.86552405e-02 -4.01918083e-01 -2.74475098e-01
    2.26732194e-01 -2.11325377e-01 -5.03451228e-02 8.77326727e-03
    -4.54016984e-01 1.37108386e-01 -1.55582905e-01 -3.22939754e-02
    -5.24162054e-02 -1.17302954e-01 1.67646885e-01 -2.21296847e-01
    6.50749207e-02 -4.47335780e-01 -3.20562005e-01 -7.52131701e-01
    -7.40748525e-01 -2.98900753e-01 -1.97901726e-02 -6.29543364e-01
    -4.33623165e-01 -3.03787947e-01 -7.64758348e-01 -5.68920612e-01
    1.82597637e-02 1.15675509e-01 -1.60055757e-01 2.18510687e-01
    1.14175320e-01 -2.47188210e-02 -2.15546250e-01 -6.23399079e-01
    -5.17330766e-01 -3.84904474e-01 -2.41312981e-01 1.81912243e-01
    1.56935394e-01 -2.41559029e-01 -7.72988796e-02 -5.76211214e-01
    6.43074512e-03 -4.20840502e-01 -5.21752954e-01 -3.88464987e-01
    -3.68380010e-01 -4.70532626e-01 -5.80484748e-01 -3.58961761e-01
    8.67316723e-02 -4.28660691e-01 2.11071134e-01 -4.73590136e-01
    1.10664129e-01 1.23559237e-01 1.93630219e-01 -2.51380205e-02
    -4.83457088e-01 -3.72190714e-01 -4.35840487e-01 -1.38977706e-01
    -2.81763077e-01 1.11689508e-01 8.75761509e-02 -4.87656415e-01
    -3.29494715e-01 -3.94697547e-01 -1.38280332e-01 -1.59005523e-02
    -3.21136713e-02 -4.52995718e-01 3.55901122e-02 -6.38388276e-01
    -1.92217946e-01 2.01892376e-01 -4.20288742e-01 -1.70826852e-01
    -7.11283505e-01 -6.20798230e-01 -6.06098652e-01 -6.76483274e-01
    -5.59094727e-01 -7.97182918e-02 2.19719887e-01 -5.47474265e-01
    1.63620293e-01 -6.38524592e-01 2.15898156e-02 -4.09601152e-01
    1.11126781e-01 1.71581030e-01 1.43704176e-01 -6.62426233e-01
    3.11242938e-02 1.05559051e-01 -1.08752429e-01 -1.77671731e-01
    -4.82680976e-01 1.50916278e-01 -5.10017157e-01 1.27629399e-01
    2.10546732e-01 -2.05046058e-01 -7.62653112e-01 -6.53829098e-01
    -1.63520217e-01 -5.96670151e-01 -4.61321056e-01 -4.03100699e-01
    1.19339824e-02 -6.13178968e-01 -4.17953134e-02 -3.35403413e-01
    -6.83375657e-01 -7.63158977e-01 -7.05148578e-01 -5.08014441e-01
    -1.01849079e-01 -7.48296201e-01 2.00461388e-01 2.24934697e-01
    -2.05710292e-01 -3.81165087e-01 2.17843950e-01 -2.42466927e-02
    -1.69309199e-01 2.32333899e-01 2.26940215e-01 -9.47583914e-02
    -6.43019497e-01 -2.91888177e-01 -1.63432300e-01 2.20816076e-01
    -5.92143297e-01 -2.12450981e-01 2.59661496e-01 1.98745370e-01
    -5.32705426e-01 -4.42431688e-01 -4.84456778e-01 1.19475245e-01
    8.48710537e-04 -6.09289527e-01 2.22200871e-01 -4.43602800e-01
    -6.19916201e-01 -5.44807136e-01 -1.94955170e-01 -8.66268277e-02
    -5.00000715e-01 1.69138432e-01 1.14659071e-02 -5.07863939e-01
    -5.08156419e-01 -4.75811303e-01 -6.08966351e-02 -1.83287323e-01
    -4.53643680e-01 -1.52243733e-01 -1.03253841e-01 -5.61494231e-02
    -5.44891357e-01 -6.16904497e-02 -5.08547783e-01 -5.87572038e-01
    -6.33733273e-01 -1.22314930e-01 -6.04712725e-01 -1.93137169e-01
    3.14212441e-02 -6.67625427e-01 -5.85304022e-01 5.60854673e-02
    -6.17176414e-01 2.12488651e-01 -1.82881117e-01 -1.73305094e-01
    3.20557356e-02 -4.18925673e-01 -3.02672535e-01 6.13394976e-02
    -2.89580822e-02 -4.66929406e-01 -9.54602957e-02 -5.77631354e-01
    -4.09318715e-01 -4.58728731e-01 -4.22106028e-01 -4.31686014e-01
    -7.35919833e-01 -5.87457895e-01 1.24955058e-01 1.77934825e-01
    -1.74466968e-02 -6.42572880e-01 -1.96264803e-01 1.08755171e-01
    -2.22406387e-02 3.66581082e-02 -1.13630116e-01 -2.33735025e-01
    1.44521356e-01 -2.80169547e-01 -4.77064371e-01 -3.82555068e-01
    -2.57265568e-03 -3.20172459e-01 -1.11283958e-01 -7.54971623e-01
    -1.27018690e-02 -3.08368385e-01 -8.14499855e-02 -7.35306740e-03
    -2.03108251e-01 -1.18356466e-01 -2.77575582e-01 -7.17765093e-01
    -3.66844118e-01 2.55400419e-01 -5.49449682e-01 -6.10517144e-01
    -2.53141373e-01 -4.73209620e-02 -1.79006279e-01 2.69381225e-01
    1.81582987e-01 -1.79620922e-01 -1.96872771e-01 5.25747538e-02
    -3.93444598e-01 -4.45645511e-01 1.01382732e-01 -2.52404422e-01
    -6.90500796e-01 -4.29465175e-01 2.38150358e-03 -1.23408854e-01
    -1.36134624e-01 1.77964449e-01 1.80115044e-01 -3.12002569e-01
    -1.25586510e-01 -4.77245420e-01 -6.89518511e-01 -4.61926281e-01
    -4.91543233e-01 -2.56846398e-01 -5.03472090e-02 -2.00277686e-01
    -1.85428202e-01 -4.90412295e-01 -1.65482044e-01 -4.83879149e-02
    1.15184993e-01 3.50768954e-01 4.63395476e-01 -4.89641070e-01
    3.61619413e-01 -3.22233915e-01 -3.45145822e-01 2.17433274e-01
    2.21041620e-01 -2.92795151e-01 -6.18172824e-01 9.64759588e-02
    -5.32451928e-01 -2.67676294e-01 -7.49855757e-01 -6.75455809e-01
    -1.47584617e-01 -5.20599723e-01 -2.86311060e-01 -1.67780042e-01
    5.13411760e-02 -3.66726041e-01 -2.21726179e-01 -7.22456813e-01
    1.64291561e-01 -6.11181498e-01 -5.00552177e-01 2.05370843e-01
    8.45703483e-02 -3.07216763e-01 -9.43259597e-02 -6.12987995e-01
    -2.17200696e-01 -5.46095431e-01 -2.44791985e-01 -2.48663485e-01
    -2.60929376e-01 -1.68935478e-01 -4.61570859e-01 -7.10973740e-01
    -1.11259878e-01 -4.44393635e-01 -7.54872561e-02 1.05964005e-01
    -6.88405931e-01 -6.02371752e-01 1.40871406e-02 -2.79799044e-01
    -5.97956300e-01 1.66140556e-01 1.66610479e-01 -2.22183943e-01
    -7.79211223e-01 -4.12502706e-01 -6.34376645e-01 -3.32216173e-01
    8.20659995e-02 9.87650752e-02 -3.22843969e-01 -7.58295953e-01
    1.59837246e-01 -1.37884617e-01 -1.60959065e-01 -3.57475877e-02
    -2.25521505e-01 -1.74494028e-01 -2.52778292e-01 -5.02613068e-01
    1.69266045e-01 1.82112694e-01 -4.90748167e-01 4.65926528e-02
    -5.59466720e-01 -5.05182743e-02 -3.44936252e-01 -5.13641953e-01
    5.62568903e-02 -4.99577463e-01 6.14137650e-02 -6.62975669e-01
    -6.42258286e-01 -4.32996660e-01 -6.87496543e-01 1.95572972e-02
    -3.79065275e-02 -3.51171136e-01 -4.15429056e-01 -1.34284317e-01
    8.02559257e-02 1.95349216e-01 -1.16536081e-01 -7.36122131e-01
    -3.03792357e-02 -2.62062609e-01 1.23263597e-02 -5.46656966e-01
    -8.49475265e-02 2.21763849e-02 -1.19721472e-01 1.67624950e-02
    -2.50871897e-01 -7.46213436e-01 2.01110244e-01 -1.85779929e-01
    4.85753417e-02 -5.81825078e-01 -5.56269765e-01 -1.35660529e-01
    -6.15454912e-02 -7.22523451e-01 -3.88912559e-01 -7.06881285e-01
    1.34377182e-01 -2.67824709e-01 -2.71933496e-01 -7.59462714e-02
    -2.04647779e-01 -7.72789717e-02 -1.43285692e-01 -4.46319222e-01
    -5.54442167e-01 7.32809305e-03 -7.16852427e-01 -2.18637407e-01
    -2.52409041e-01 2.14071572e-01 2.36604214e-01 1.46384418e-01
    -2.34573007e-01 -6.19202018e-01 -3.22813213e-01 -1.98289394e-01
    3.70037556e-02 -6.77438974e-01 6.20487332e-02 -4.26852942e-01
    -4.40566927e-01 6.64598942e-02 -4.79520500e-01 -3.71458352e-01
    2.49178410e-02 1.79283321e-01 -4.88736033e-02 1.52930200e-01
    1.10477448e-01 -5.89496970e-01 1.73606455e-01 -2.66287178e-01
    -5.26990056e-01 -2.70897597e-01 -6.09098673e-02 2.85046399e-01
    -5.63505173e-01 2.11150646e-02 2.59682834e-01 -8.51328969e-02
    -3.95707130e-01 1.03690028e-02 -5.53478479e-01 -7.97330141e-02
    5.65895438e-02 2.16597140e-01 -4.97137308e-01 -2.17386484e-02
    -5.64102829e-01 -3.91084224e-01 -3.02215487e-01 -5.19383550e-01
    -5.35815418e-01 -2.89663225e-01 -4.59095299e-01 -9.06417966e-02
    -1.08646154e-02 -3.07404667e-01 -5.75954437e-01 1.77644253e-01
    1.95599854e-01 -9.01605487e-02 -7.12546110e-02 -4.79398042e-01
    1.06230140e-01 -3.16996813e-01 -1.37791514e-01 -5.63878655e-01
    9.84256864e-02 7.89862275e-02 -4.46491659e-01 -2.06846535e-01
    -3.40104312e-01 -5.33155739e-01 -4.00849581e-02 1.88511431e-01
    -2.66578019e-01 -4.54989195e-01 -4.20425594e-01 -4.66378808e-01
    -4.77238774e-01 1.59565806e-02 1.16395772e-01 -2.70771325e-01
    -1.31269813e-01 -1.26486599e-01 9.38345790e-02 -3.62200797e-01
    1.42696261e-01 -1.03788078e-01 -2.38046050e-01 -7.17392564e-02
    -2.76607513e-01 -7.60280013e-01 -5.14519632e-01 8.93642902e-02
    -5.39571047e-03 -7.27521300e-01 -1.40350163e-01 -1.24874115e-01
    1.67204022e-01 -6.45689011e-01 -2.98330784e-02 -6.31271720e-01
    -6.60697818e-01 -6.68808579e-01 -2.57420331e-01 4.13769484e-03
    2.16363072e-02 -6.55453444e-01 -4.62412834e-02 -3.67697924e-01
    -6.18052304e-01 -3.87666732e-01 -3.86361063e-01 -2.83743083e-01
    -4.07698691e-01 -6.69711232e-02 -1.20604038e-01 -5.51240563e-01
    4.18134332e-02 1.42383337e-01 -3.71040702e-02 -7.15066791e-02
    -6.10116184e-01 -3.67742330e-01 -6.69494390e-01 1.34754181e-03
    1.82197511e-01 -7.28711307e-01 -2.40377188e-01 2.12362230e-01
    9.76505280e-02 1.71196461e-02 8.67265463e-02 1.39492214e-01
    -4.10784692e-01 4.53743607e-01 -2.27808028e-01 -1.14391178e-01
    2.53147811e-01 5.94803989e-02 1.21226072e-01 1.73860133e-01
    9.00142193e-02 5.46953678e-02 -4.38300401e-01 5.53702116e-02
    -8.48529935e-02 -1.02342784e-01 4.69333529e-02 -2.64342964e-01
    -7.23117471e-01 -1.87319756e-01 2.15363979e-01 -7.24785566e-01
    -2.72519201e-01 -7.98041224e-02 -2.15372384e-01 9.87136960e-02
    -3.90370756e-01 -3.32002044e-01 -3.31668198e-01 -2.85407692e-01
    -3.42014432e-02 1.82565451e-02 -1.56954288e-01 -1.52332127e-01
    -5.27445555e-01 -6.05456233e-01 -3.97953331e-01 7.97489285e-02
    -6.61117911e-01 2.24971831e-01 2.03225017e-02 1.91790819e-01
    -2.75955796e-02 -7.00955391e-01 -5.50029159e-01 -4.45597768e-02
    -6.25289440e-01 -1.78221285e-01 -2.11520612e-01 -4.80764061e-01
    -3.75574499e-01 5.39714098e-02 2.45004892e-03 -5.13773441e-01
    -1.85633421e-01 -4.67987061e-01 -5.94693422e-02 -2.56560206e-01
    -3.72133881e-01 -3.56612444e-01 -6.02307558e-01 1.29071116e-01
    -4.34053361e-01 -5.55778980e-01 -6.81755543e-01 -2.95939088e-01
    -3.38912308e-01 -3.85303497e-02 -6.02137446e-02 -6.46958470e-01
    -6.13140821e-01 -7.95547962e-02 -7.62384176e-01 9.75440145e-02
    -1.21417820e-01 1.17399812e-01 -7.25466251e-01 -2.49737322e-01
    -6.89007044e-01 -1.86175466e-01 -3.29467207e-01 -7.68509507e-02
    1.35074854e-01 8.95788670e-02 -1.72945082e-01 -1.82725251e-01
    -7.23305345e-01 -7.05712020e-01 -4.60473508e-01 -1.44816339e-01
    -1.25706613e-01 -1.11118436e-01 1.30502641e-01 1.66773379e-01
    -9.63848829e-03 -3.98274004e-01 3.96670699e-02 -5.02637386e-01
    -4.84679222e-01 -4.01110470e-01 -5.01739740e-01 -1.20100737e-01
    -6.56693578e-01 -7.56537914e-02 2.16367006e-01 -7.58324981e-01
    -7.49465346e-01 -3.09636950e-01 -5.99590778e-01 -3.04327786e-01
    -2.53478050e-01 -7.51825094e-01 -5.12977064e-01 -2.30829120e-02
    -2.58151233e-01 -3.59469831e-01 9.29698348e-02 1.61851704e-01
    -2.69644678e-01 -6.04027152e-01 -1.81726217e-01 -4.40713167e-01
    2.05085218e-01 -4.20249701e-02 2.00882435e-01 -7.05628037e-01
    -4.74705577e-01 -6.46885931e-01 -5.43403625e-03 6.24411106e-02
    -7.29112267e-01 8.36290121e-02 1.93974197e-01 -4.12639678e-01
    -5.42448878e-01 -5.80127120e-01 -2.84473121e-01 -6.22685671e-01
    -3.55499148e-01 -1.48656905e-01 -1.76982343e-01 1.96840107e-01
    -4.70951766e-01 -1.40578747e-01 -2.47415125e-01 2.09173441e-01
    2.22213030e-01 -2.37299562e-01 2.68535435e-01 -5.53986549e-01
    9.48118567e-02 -4.58469927e-01 -5.85443497e-01 -5.81310034e-01
    -1.47686660e-01 1.63896680e-01 -3.20021629e-01 1.26484871e-01
    -2.38962471e-01 1.01341009e-01 -1.08438849e-01 -4.16062266e-01
    -1.02053583e-01 2.43221343e-01 -4.39952612e-01 -6.42395735e-01
    -6.20005488e-01 -3.05677295e-01 -2.81733483e-01 -5.96484423e-01
    -1.90682828e-01 -6.53849602e-01 1.50613546e-01 -6.43220663e-01
    -5.97609997e-01 -1.55052304e-01 2.38374233e-01 -7.08154559e-01
    9.92626548e-02 -5.80175877e-01 -3.75999391e-01 -3.04272175e-02
    -5.21741748e-01 -4.33629066e-01 1.17985964e-01 -7.60415971e-01
    1.58211887e-01 -7.29847193e-01 -7.21805811e-01 -4.80453193e-01
    -6.50812387e-01 -4.05015916e-01 -1.22514606e-01 5.28723598e-02
    2.18923748e-01 1.26607299e-01 -9.78493094e-02 -2.62218118e-02
    -3.34663332e-01 -1.89412832e-02 -5.01429200e-01 -2.70744681e-01
    -1.09540164e-01 -7.62087107e-03 -1.93511903e-01 -4.28158104e-01
    -4.21018869e-01 -4.82539535e-02 -7.49549866e-02 -4.37718630e-01
    1.44441068e-01 -2.53008604e-01 -3.42077971e-01 -5.47179282e-01
    -3.44547898e-01 -5.15482664e-01 1.68887854e-01 -3.19783688e-02
    -7.40960240e-02 -4.93679047e-01 -6.08490348e-01 -2.59707808e-01
    3.30995917e-02 -4.33266073e-01 -4.40614015e-01 -2.72912472e-01
    -3.76264930e-01 1.93790495e-01 -6.45096898e-02 -4.15163040e-01
    -4.04109061e-01 1.33964300e-01 1.96715891e-01 -2.82344997e-01
    -3.69720936e-01 -5.06573915e-01 -6.13300800e-02 -2.00268984e-01
    1.45722330e-01 -6.57908916e-02 -7.19892740e-01 -8.74454975e-02
    -7.27459788e-02 -5.31845987e-01 -3.22552323e-02 9.98395681e-02
    -3.82542253e-01 -3.53527188e-01 -3.13783973e-01 -4.77712542e-01
    -5.60302615e-01 -7.22955346e-01 1.08157396e-02 1.79090559e-01
    1.16000175e-01 2.95404136e-01 -3.24310660e-02 4.52477336e-02
    1.95741415e-01 -8.67384672e-02 3.73791665e-01 -1.53860301e-01
    -1.10662669e-01 -2.65613258e-01 -1.04730040e-01 -1.76394433e-01
    -3.38354498e-01 -5.90902567e-01 -3.99140388e-01 3.07348967e-02
    1.01235688e-01 -5.30102551e-01 -5.11075497e-01 -6.79782391e-01
    -1.88748240e-01 -1.69781864e-01 -4.41334665e-01 1.17192209e-01
    -5.30713797e-01 1.15868628e-01 2.39223242e-01 3.05920243e-02
    -8.79675150e-02 -4.48955595e-01 -2.38090754e-02 1.28198862e-01
    2.02426910e-01 -4.06059265e-01 2.18177199e-01 -1.99198246e-01
    1.14381671e-01 -4.77156550e-01 -2.26526856e-02 -4.47727382e-01
    1.07115269e-01 -2.20143378e-01 -7.21783042e-01 1.39938533e-01
    -7.15488791e-02 -1.06047928e-01 -1.54115915e-01 -5.53903580e-01
    -4.16665673e-01 -2.94178545e-01 -1.05615318e-01 1.02503896e-01
    -1.19071305e-01 -1.11569345e-01 -2.09389448e-01 -5.95122576e-01
    -5.66174209e-01 -4.78753865e-01 -7.11195230e-01 -4.92923349e-01
    -4.75867391e-01 -7.50919938e-01 -3.00619066e-01 -3.63487154e-01
    5.81885576e-02 4.07680273e-02 8.28438997e-02 -6.96758389e-01
    1.53903604e-01 -4.73792553e-02 -3.69979203e-01 -5.24576306e-02
    -8.04394901e-01 -9.96230841e-02 -3.08701873e-01 -5.46319485e-01
    -3.01658809e-01 -2.20456541e-01 -5.22193432e-01 2.14883029e-01
    -2.90347457e-01 -7.26125717e-01 -3.33679348e-01 -1.12946332e-01
    -1.99815452e-01 -1.76684141e-01 -1.22618735e-01 -7.60339499e-02
    -3.27258855e-01 -2.70636588e-01 -4.22167778e-03 -3.86570573e-01
    -4.31354195e-01 -1.25224888e-01 -3.61052096e-01 1.31339252e-01
    9.21816230e-02 2.34175265e-01 -1.34243667e-01 -2.07605958e-01
    -5.81645370e-02 1.22554719e-01 -3.67610961e-01 -6.82413578e-01
    1.94455206e-01 -8.65024924e-02 -7.04977036e-01 -3.01162153e-01
    1.55687571e-01 -3.24502558e-01 -4.83036458e-01 -2.89045006e-01
    -9.70318913e-02 7.94916153e-02 -6.12493992e-01 -8.40477347e-02
    1.58339202e-01 -4.70407784e-01 -1.55573606e-01 -7.47461319e-02
    -6.10500097e-01 -4.98634160e-01 -8.42607617e-02 -2.47240365e-01
    -7.06036329e-01 1.57148421e-01 -2.96512991e-01 5.59080243e-02
    -3.94382238e-01 -5.22244394e-01 1.54155314e-01 6.72185421e-02
    -2.91272402e-02 -2.44333357e-01 -2.66899645e-01 1.46566749e-01
    -5.59985340e-01 -9.27454233e-02 -2.29990482e-01 -2.54445523e-01
    -4.61080253e-01 -5.36864281e-01 -4.08056974e-01 -1.05039418e-01
    -7.10691094e-01 -3.20016325e-01 1.11894071e-01 -6.78579330e-01
    -3.46837640e-01 5.86835146e-02 -1.58350050e-01 8.57078433e-02
    -7.12572753e-01 -4.56234217e-01 -5.31592965e-01 -6.55769706e-01
    -1.13883317e-01 -5.65956712e-01 1.93367064e-01 5.10491133e-02
    -4.30607855e-01 -3.30723226e-01 1.88103318e-02 -6.45713687e-01
    -7.19830692e-01 3.09134126e-02 -5.17436147e-01 -1.31428063e-01
    -6.47419989e-01 -9.67361927e-02 -1.90604985e-01 -6.68087780e-01
    -9.91107821e-02 -1.59727812e-01 -4.71244633e-01 1.64700210e-01
    1.55246496e-01 -6.92045689e-02 -4.80516911e-01 -5.66128492e-01
    -4.39746082e-01 -4.98824716e-02 9.49563980e-02 2.23598182e-01
    -3.92409384e-01 -5.37726879e-01 -1.49178624e-01 -6.89278245e-02
    -6.37699246e-01 -3.59188318e-01 -7.17979610e-01 -2.79506445e-01
    -5.72709262e-01 -2.23414004e-01 -4.34280097e-01 2.04651892e-01
    -4.36914623e-01 1.65128529e-01 -9.47112441e-02 -4.83212441e-01
    -4.68938649e-01 -6.37284994e-01 -2.49065399e-01 -3.03923815e-01
    -4.95770603e-01 -4.16674614e-01 -3.35097820e-01 1.73291564e-02
    -6.49733305e-01 -4.76715207e-01 -8.22169185e-02 -5.79262018e-01
    -4.10081714e-01 -1.86468184e-01 6.98661804e-03 -9.11230445e-02
    1.15001082e-01 -7.50341833e-01 -3.13786536e-01 -3.50707471e-01
    -5.08064032e-03 -3.11326087e-01 1.13888860e-01 -3.60404074e-01
    -7.44657695e-01 -7.34918475e-01 -3.78171504e-01 -2.25446641e-01
    3.86875272e-02 -6.59876227e-01 2.43794203e-01 -6.77360058e-01
    -6.13236189e-01 -5.71190476e-01 9.56023932e-02 -1.75537050e-01
    -5.96036792e-01 -3.23929816e-01 -3.71946871e-01 -1.54616296e-01
    5.86965084e-02 -3.96349430e-01 -5.46179473e-01 2.28584886e-01
    1.16574168e-01 -1.64880276e-01 1.94704115e-01 -6.49641275e-01
    2.44768679e-01 2.21942127e-01 -2.64300227e-01 -1.15725398e-01
    -3.35062087e-01 -2.56918252e-01 -4.55219328e-01 -2.34788060e-02
    -5.59125900e-01 1.15412652e-01 -6.00775182e-01 3.91816914e-01
    5.71804643e-02 -3.53881389e-01 -1.59883022e-01 -7.50801563e-02
    3.82043570e-01 1.47194415e-01 -1.54345721e-01 6.71728849e-02
    -4.97653902e-01 2.87494600e-01 3.62147093e-02 2.62487292e-01
    -6.98547006e-01 1.07101262e-01 -1.27922773e-01 6.53007627e-02
    -6.24191403e-01 -3.76523644e-01 -3.50112021e-01 -5.96066117e-01
    -6.41622186e-01 -3.50444317e-01 7.89217949e-02 1.33527637e-01
    -6.30653262e-01 -3.67701173e-01 -1.78187668e-01 -7.42585182e-01
    -5.35927415e-02 2.05321431e-01 -6.20863795e-01 -3.34818035e-01
    -5.74349523e-01 5.71027994e-02 8.14793706e-02 -6.64407432e-01
    1.83866382e-01 1.85712516e-01 -6.36542499e-01 2.50625610e-02
    -2.98251510e-02 -3.94872993e-01 -4.29682702e-01 -4.03731763e-01
    -6.05019569e-01 -1.45955861e-01 -1.40288174e-01 -4.50803876e-01
    -1.14288151e-01 -3.08079123e-02 -2.09431946e-01 -5.92456937e-01
    8.97770524e-02 -5.75143933e-01 -2.12251425e-01 1.32886887e-01
    -5.88714778e-01 -5.31821966e-01 -3.92300308e-01 -6.48769498e-01
    -5.70141554e-01 -1.54744804e-01 -1.30503654e-01 -2.19930589e-01
    -3.23102951e-01 -5.24962425e-01 -7.04288840e-01 6.60271645e-02
    7.73937106e-02 -6.27821207e-01 7.20013380e-02 -6.65708423e-01
    -3.37687731e-02 1.78654432e-01 -6.87484860e-01 -2.56069660e-01
    1.22719228e-01 1.96673751e-01 -6.34560049e-01 1.28527403e-01
    2.61580944e-02 -3.83551508e-01 -9.56257582e-02 -1.85375214e-02
    2.53503799e-01 2.14386225e-01 2.49780476e-01 -1.11440480e-01
    -4.99036819e-01 3.92464995e-02 -5.28216362e-04 -6.61873460e-01
    4.17467952e-02 -2.31824219e-01 1.88980997e-01 -6.99828267e-01
    -5.99684060e-01 3.42254043e-02 -5.94533682e-01 4.29409742e-03
    -7.12035298e-01 -4.61522341e-01 -6.89947128e-01 -7.16917634e-01
    -3.72213960e-01 6.68919086e-03 -6.15383327e-01 -3.88087928e-01
    2.03718662e-01 -2.82273561e-01 -1.11237049e-01 -6.57607198e-01
    1.32841349e-01 -9.60797668e-02 8.79362226e-02 -2.96777159e-01
    -4.48484451e-01 -4.63263363e-01 -9.58961248e-02 -1.61612153e-01
    -5.91083884e-01 -7.49904215e-01 -1.21856332e-02 -3.13138574e-01
    -4.82824773e-01 -3.26761216e-01 -6.00618958e-01 4.54141498e-02
    -7.04771757e-01 -3.29754621e-01 -6.12087607e-01 -7.00742662e-01
    -4.68197823e-01 1.32733703e-01 -1.88076198e-01 -6.32222295e-01
    -5.80472708e-01 -4.53683555e-01 -7.25477338e-01 -1.92203760e-01
    -3.88278782e-01 1.80560470e-01 -5.91303110e-02 -4.50097144e-01
    -1.15820408e-01 -7.25623488e-01 -2.56697059e-01 5.86040616e-02
    -1.14463091e-01 2.05365717e-01 -5.29929876e-01 -1.51057005e-01
    -5.63285410e-01 3.80605459e-02 -7.72739649e-02 -2.04425454e-02
    -4.68809307e-01 -4.07554746e-01 2.50379503e-01 -5.80200613e-01
    1.94248736e-01 -7.05508113e-01 -1.01142943e-01 -4.86383617e-01
    -2.57696778e-01 1.65518105e-01 -3.40520710e-01 -9.88785625e-02
    -3.57380480e-01 -1.20925009e-01 -4.37023461e-01 -3.08118433e-01
    -5.89158893e-01 -6.33479238e-01 -8.69834423e-03 -5.65030694e-01
    1.11057520e-01 -2.88604856e-01 2.20300317e-01 -5.37112415e-01
    -7.23537564e-01 -5.51332593e-01 -1.97679400e-02 -2.21639395e-01
    -2.95232713e-01 -3.24347794e-01 -2.38177061e-01 -6.94080710e-01
    1.01065874e-01 -2.14305878e-01 -4.02404815e-01 -6.19467139e-01
    8.73923302e-03 -4.01320994e-01 -7.19817758e-01 1.28534913e-01
    -1.20461404e-01 1.72204673e-01 -6.07854009e-01 7.82138109e-03
    -5.17205834e-01 -4.45019603e-02 -3.55824411e-01 -1.26485825e-02
    9.68444943e-02 5.31369448e-03 8.49305391e-02 -6.14858091e-01
    -6.97174549e-01 -4.91912007e-01 -6.51821494e-02 -1.33684278e-02
    8.39685202e-02 -8.19793940e-02 6.77365065e-02 -3.05645049e-01
    -4.08435971e-01 2.14604735e-01 -2.14494467e-01 -6.71526790e-02
    -5.10738671e-01 -2.51615286e-01 -5.74481845e-01 -4.19350684e-01
    -2.75363088e-01 -1.06085479e-01 8.17999840e-02 2.00157762e-02
    -6.86697960e-02 1.00513160e-01 -5.35187125e-02 -5.80835998e-01
    -6.38615489e-01 -3.22145373e-01 -4.57345873e-01 -6.35411859e-01
    -6.25981092e-02 -7.08241761e-01 -2.30960906e-01 -3.54133368e-01
    -1.53680384e-01 2.17598259e-01 -1.18612468e-01 -1.67590439e-01
    1.76221371e-01 -9.39387083e-02 3.58709097e-02 -6.43342137e-01
    1.97900474e-01 7.49925971e-02 1.22962952e-01 -4.80459362e-01
    -2.86764115e-01 -2.50541568e-02 1.21635497e-01 3.65232766e-01
    1.52573049e-01 -4.50122356e-02 4.46326435e-01 -4.96110916e-02
    -3.55264246e-01 -1.46851301e-01 3.67683738e-01 -4.81484920e-01
    7.71641135e-02 -2.22443938e-02 -3.19698125e-01 -6.34526789e-01
    -3.79095495e-01 -5.18313885e-01 2.27243841e-01 -1.20701790e-01
    -2.87204951e-01 -7.74656534e-02 -2.06875443e-01 6.74512982e-02
    -7.51272917e-01 -4.69143718e-01 -3.40511769e-01 -1.14099681e-01
    -5.22156954e-01 -6.33716106e-01 -1.65229857e-01 -1.47019565e-01
    -6.44581318e-02 -6.92409277e-03 -2.52854228e-02 -3.73359442e-01
    1.81691051e-01 -5.78623056e-01 -3.34317297e-01 2.01426446e-01
    -4.55884308e-01 -6.71375394e-01 -4.92770255e-01 -5.19599676e-01
    1.96754396e-01 -2.28435993e-01 -1.66126251e-01 -6.58250332e-01
    -4.29937124e-01 1.85236514e-01 -6.70829415e-01 -2.81194627e-01
    -3.06664854e-01 -2.86046624e-01 9.60973501e-02 -3.80323052e-01
    -6.52555823e-01 -5.04656732e-01 -3.05638522e-01 -1.17955446e-01
    -4.50027913e-01 -3.15544486e-01 -5.72707176e-01 -4.97435004e-01
    -6.00278556e-01 -2.25697875e-01 -7.39966750e-01 -7.55707026e-02
    -1.20433867e-01 -5.56967139e-01 -3.84619385e-01 -7.22504258e-01
    1.19494081e-01 -7.68855214e-01 -2.28704512e-01 -5.50185561e-01
    -5.68053246e-01 -4.55067486e-01 -5.65583706e-01 1.56188965e-01
    -1.68516636e-01 -3.30531120e-01 -2.88024902e-01 -2.95932353e-01
    -5.87026477e-01 -7.05882013e-01 -2.17824399e-01 -5.91421485e-01
    1.04920745e-01 -8.19766521e-03 -1.04223251e-01 -1.24499142e-01
    3.20819020e-02 -5.53995430e-01 -4.85281080e-01 -6.41452730e-01
    -2.99214095e-01 -1.51886463e-01 8.41231346e-02 -6.88295186e-01
    -6.47852182e-01 -8.87781978e-02 -7.14685917e-01 2.32848585e-01
    -4.88175124e-01 -1.30544484e-01 -3.64859223e-01 7.28464127e-02
    -6.04556441e-01 -2.48609245e-01 -6.85972452e-01 -6.80556893e-02
    -1.77696884e-01 -6.26510978e-01 -5.20563126e-02 -3.87396544e-01
    -7.21553862e-01 -2.40226746e-01 -4.35432762e-01 -3.12399536e-01
    6.74523711e-02 -6.34679258e-01 8.88319016e-02 -7.89888501e-02
    -1.43557250e-01 -4.60491091e-01 5.71237803e-02 -4.03337479e-02
    -7.68492460e-01 -5.37703037e-01 -3.60024512e-01 -4.33090568e-01
    -1.10967517e-01 -6.55439913e-01 -5.21493316e-01 -5.79044104e-01
    -6.69805884e-01 3.40806842e-02 -3.34545881e-01 -2.81269997e-01
    -3.93222570e-01 -3.72778535e-01 -1.83044970e-01 -1.32235229e-01
    -4.92934585e-02 -8.08555484e-02 -8.04029703e-02 -4.75795329e-01
    -5.52097559e-01 -3.26530129e-01 2.94150114e-02 -2.55481213e-01
    -1.29330277e-01 -5.50585806e-01 -3.68975252e-01 1.85463846e-01
    5.25213480e-02 1.03319287e-02 -3.14651996e-01 -6.85624480e-01
    -4.58637804e-01 -4.52699184e-01 -3.92452598e-01 -5.81480920e-01
    -4.11377132e-01 1.27380133e-01 -1.82795763e-01 -1.66848958e-01
    -8.94194841e-03 -7.94670582e-02 -1.25778854e-01 -6.84330344e-01
    -6.43221557e-01 -5.89005232e-01 1.86542273e-01 -2.29236424e-01
    2.67816782e-02 -6.85374916e-01 1.13074541e-01 5.18773794e-02
    -3.71874213e-01 -3.98525268e-01 -5.54317236e-01 -3.37775916e-01
    4.03207541e-03 -3.15709919e-01 -5.61127067e-01 -3.53033662e-01
    -4.92839515e-01 -7.48296082e-01 -6.51984215e-01 1.26303911e-01
    4.52818274e-02 -2.32711017e-01 -5.51361918e-01 -8.69615078e-02
    -2.38692433e-01 8.16361904e-02 -3.54722917e-01 -5.35592198e-01
    -1.18291378e-01 1.84403598e-01 -2.68881023e-01 -4.05838907e-01
    -3.83678883e-01 -1.68693185e-01 5.08674979e-02 -7.58491158e-01
    3.26105952e-02 -6.79650068e-01 1.24506712e-01 1.60259843e-01
    -6.13907754e-01 -2.43646502e-02 -3.81306291e-01 -3.91894341e-01
    -2.38902152e-01 -8.89236927e-02 -6.60940051e-01 1.04661405e-01
    -4.93254066e-02 -2.95657516e-02 1.65786147e-02 -1.90185308e-02
    -4.40426111e-01 -1.37404084e-01 -6.92910194e-01 -3.32440734e-02
    -1.67894959e-01 -3.46714795e-01 1.85377598e-01 1.62224710e-01
    4.26293612e-02 -4.69463795e-01 -6.95379376e-01 -1.15381122e-01
    -4.88898069e-01 2.58384347e-02 -3.02801073e-01 -1.14556253e-01
    -5.91578484e-01 -3.22845340e-01 -4.93330359e-01 -3.61067593e-01
    -6.93234682e-01 -6.87905788e-01 -3.63938391e-01 -6.89986944e-01
    -3.73735130e-01 7.45635033e-02 -1.50188506e-01 -1.67604983e-01
    -2.14848876e-01 -2.74705857e-01 -9.28475261e-02 -6.98021233e-01
    -2.50577331e-02 -5.48145533e-01 -1.73817664e-01 1.80945814e-01
    -1.16328895e-01 4.71699595e-01 4.70252275e-01 2.25988925e-02
    4.80626643e-01 -3.94698948e-01 1.24057829e-02 -2.83489347e-01
    1.82224631e-01 2.57418752e-01 -6.00327969e-01 -2.61672616e-01
    -2.66361862e-01 -1.63344204e-01 -4.00358766e-01 -3.72386843e-01
    -4.88585234e-01 3.54649425e-02 5.99179864e-02 -5.39015770e-01
    4.84197736e-02 -5.31118035e-01 -3.86082172e-01 -5.28122187e-01
    -4.63003635e-01 -2.52264142e-01 -6.94248319e-01 -3.86444628e-01
    -5.67389429e-01 2.96872854e-02 -1.06218100e-01 2.20084608e-01
    -7.01067209e-01 -3.67774516e-01 -2.21970141e-01 -3.42815042e-01
    -6.55317366e-01 -6.59409761e-01 -6.00218058e-01 -7.21441746e-01
    -9.52775478e-02 -3.41194808e-01 1.28215075e-01 -2.76839972e-01
    -6.87102795e-01 1.61338508e-01 -3.21022272e-02 1.03053987e-01
    -7.62368083e-01 -6.69723094e-01 -2.11437583e-01 8.64747167e-02
    -6.32422328e-01 1.76661909e-01 -6.15892529e-01 4.01503444e-02
    -4.96122599e-01 1.00936890e-01 -3.85037214e-01 -3.64085078e-01
    4.97144461e-03 -2.09872484e-01 2.00918615e-01 -4.30032551e-01
    -7.47494817e-01 -2.04050958e-01 -7.84373283e-01 -2.94428468e-02
    -1.55926168e-01 -2.64069319e-01 -4.14055943e-01 1.08943164e-01
    -3.71978819e-01 -7.69367993e-01 1.05966270e-01 3.91082168e-02
    -7.53198385e-01 -3.66320938e-01 -5.04373372e-01 1.34647846e-01
    -4.30699766e-01 -5.50801396e-01 -1.40746176e-01 1.90748215e-01
    -2.81463653e-01 -2.22635269e-03 1.33143008e-01 -5.12947440e-02
    2.88647413e-03 -4.62885737e-01 5.92233539e-02 -3.47754657e-01
    -4.24520373e-02 -1.58596754e-01 -7.10200369e-01 -7.07898974e-01
    -5.03854632e-01 -1.73032045e-01 -7.79908299e-01 1.62914336e-01
    7.26954341e-02 -2.79138833e-01 -4.74575520e-01 -8.71474743e-02
    1.44186020e-01 2.33304858e-01 1.44624233e-01 -6.98345423e-01
    4.95837927e-02 -3.95248473e-01 -7.09034860e-01 2.04825044e-01
    -6.23409152e-01 -8.54057074e-03 -3.19519907e-01 6.22944832e-02
    -9.34978724e-02 -1.34256840e-01 1.34799480e-02 -7.20253229e-01
    -3.75953525e-01 -2.08098590e-01 1.12537861e-01 1.07559443e-01
    -9.35941935e-03 -6.85526431e-01 7.34994411e-02 -2.32600093e-01
    -2.21719146e-01 -2.67012089e-01 2.16730952e-01 9.92022753e-02
    -5.82619727e-01 -5.92222989e-01 -1.91328943e-01 -5.91596961e-01
    -4.00908738e-01 8.22023153e-02 -4.06307667e-01 -4.20054674e-01
    2.00366974e-01 -1.82337821e-01 -2.42297441e-01 1.25761807e-01
    -6.96018994e-01 -3.00041467e-01 2.10609198e-01 -4.91231441e-01
    -7.42849946e-01 -6.55100346e-01 -4.54722673e-01 9.11167264e-02
    -2.33938396e-01 -7.36052155e-01 -4.13205385e-01 -1.44435585e-01
    -7.05234408e-01 2.36272871e-01 -6.77763283e-01 -4.68942940e-01
    -3.35209519e-01 -4.42504078e-01 -3.47208172e-01 -1.93472087e-01
    -2.93059170e-01 1.42517865e-01 2.11774766e-01 -7.84899592e-02
    3.54110003e-02 -4.62582886e-01 -1.24752939e-01 1.62277818e-01
    -2.58807659e-01 -4.97403145e-02 -4.24242646e-01 -2.17620730e-01
    -1.94343150e-01 3.82142663e-02 -2.38009512e-01 6.95725679e-02
    -3.48030835e-01 -3.22927743e-01 1.05959833e-01 -5.08274674e-01
    -4.78472859e-01 -3.04349720e-01 -5.58319330e-01 -6.67475343e-01
    -3.89711976e-01 -7.06855714e-01 -3.23180318e-01 -1.09562635e-01
    2.69089758e-01 -1.19162202e-01 -5.74472904e-01 1.12560391e-02
    -4.51958477e-01 1.77651644e-02 -3.00533324e-01 -5.12843251e-01
    -5.23349524e-01 2.00259089e-01 1.37249112e-01 -2.89892018e-01
    -3.42596203e-01 2.01588750e-01 -2.24597991e-01 -9.63630676e-02
    -1.75737143e-01 7.51357079e-02 4.93016839e-02 3.79391909e-02
    -5.59904397e-01 -5.86805940e-01 7.66195059e-02 -5.09982407e-01
    -5.16505599e-01 -1.99673414e-01 -6.36500895e-01 -2.14658082e-01
    -5.29868603e-01 5.15651703e-03 -2.03434587e-01 8.92758369e-04
    -6.14284575e-01 -5.98694086e-02 -6.42980933e-02 -2.67712921e-01
    -2.07929730e-01 1.35125816e-01 -5.82624197e-01 -2.36812383e-01
    9.79872942e-02 -5.27081847e-01 -3.43226790e-02 3.21387053e-02
    -3.43543857e-01 -5.04252195e-01 -6.18261099e-01 -3.88393462e-01
    3.55541706e-04 6.24927282e-02 -1.63457990e-02 -1.76198900e-01
    1.16355300e-01 -4.97152209e-01 -5.77832818e-01 -6.57193780e-01
    -1.53033137e-02 -4.80795085e-01 -2.09093094e-03 -3.27973187e-01
    -3.10305238e-01 -1.46952927e-01 -2.17627883e-02 -3.49022776e-01
    1.83312237e-01 3.39396656e-01 -1.28633678e-01 -1.57017708e-01
    1.85794324e-01 2.69951403e-01 -3.69513363e-01 3.38070929e-01
    1.54500604e-02 -1.33729577e-02 1.16323650e-01 -2.64146745e-01
    -4.48184162e-01 -2.40771234e-01 9.17822719e-02 -8.44668746e-02
    9.74431634e-02 1.05286300e-01 8.94924402e-02 -1.98126018e-01
    -1.25498593e-01 8.41108561e-02 1.36879027e-01 -3.81431997e-01
    1.62210047e-01 -2.52455473e-03 -4.03984427e-01 -2.19766855e-01
    2.48038769e-02 -3.48599225e-01 1.46006584e-01 -3.70720923e-01
    9.79718566e-02 1.57054067e-01 -6.55784607e-01 -2.66593814e-01
    -7.37938523e-01 -2.73385823e-01 5.29432297e-02 -6.21252775e-01
    -6.77027583e-01 -7.00161457e-01 -3.19147110e-02 1.98690891e-02
    -7.12419748e-02 -3.81526351e-01 -3.88218731e-01 -6.12983108e-01
    4.80961800e-03 -9.40686464e-03 -3.78426194e-01 -3.51561189e-01
    8.53367448e-02 -1.41852081e-01 -3.13498974e-01 -2.95361876e-01
    -7.59873152e-01 -5.41312635e-01 5.63105941e-02 -6.12844586e-01
    -1.23153567e-01 -7.97468424e-02 2.32762098e-03 -6.41382217e-01
    -1.67594552e-02 -6.73928678e-01 -3.47588062e-02 -2.40190685e-01
    1.99847817e-02 -4.10228908e-01 -6.01015449e-01 -9.79014039e-02
    -7.75871396e-01 -5.94604135e-01 1.84040487e-01 1.72818363e-01
    3.26755643e-02 -7.33857334e-01 -4.45913315e-01 -6.71729922e-01
    -2.48792171e-01 7.86162019e-02 -4.64261413e-01 -6.54128432e-01
    -2.38375485e-01 -2.08976746e-01 -6.73514664e-01 -1.76476240e-01
    -7.48582602e-01 -2.87778437e-01 1.28802776e-01 -1.48967028e-01
    2.97767520e-02 -3.33149672e-01 -2.52944231e-02 1.32672787e-01
    -3.74328554e-01 -4.04901534e-01 -2.23557591e-01 -7.05374360e-01
    -6.10770106e-01 2.06757545e-01 -6.31922901e-01 6.28691316e-02
    -7.27489889e-01 8.30704570e-02 -2.27453589e-01 -6.73649907e-02
    -5.77312589e-01 -3.83283079e-01 -1.93377078e-01 -8.31188560e-02
    -3.59479368e-01 1.65159762e-01 -1.87170863e-01 -6.69844329e-01
    -2.68195152e-01 1.01048470e-01 -1.09376669e-01 -3.89807999e-01
    -1.19255543e-01 -1.43358707e-02 -4.00928587e-01 2.03283370e-01
    -7.33085036e-01 -2.19814301e-01 -1.56682134e-02 -6.88773274e-01
    -1.11068070e-01 1.52180254e-01 -4.04488623e-01 4.03872728e-02
    -4.66258943e-01 -3.21441293e-01 -2.10400224e-01 1.36304557e-01
    1.29753888e-01 -5.03874183e-01 -1.82229459e-01 -7.15670228e-01
    -4.30869162e-01 1.11953676e-01 -2.18806326e-01 7.06279874e-02
    -1.69420958e-01 -4.73333001e-02 -2.47022927e-01 -6.71476007e-01
    -4.01441038e-01 1.36492908e-01 -2.73677051e-01 -6.95988119e-01
    -7.43474245e-01 -2.01400101e-01 -2.72011101e-01 -1.39169276e-01
    -6.72667563e-01 -1.31910622e-01 -1.37974322e-01 1.13729417e-01
    2.19383180e-01 -6.99502766e-01 -7.42988229e-01 -1.67472005e-01
    1.27514124e-01 2.00954258e-01 -3.23958278e-01 -1.35601938e-01
    -4.26962614e-01 2.29405880e-01 -7.15704024e-01 -6.07937098e-01
    2.35207975e-01 -4.90639806e-01 -6.26816154e-01 -2.50973761e-01
    -3.33558917e-02 6.57929778e-02 -5.17303705e-01 -7.05342233e-01
    -1.28538072e-01 -2.08202124e-01 -1.58833146e-01 -9.65614319e-02
    -9.48911905e-02 -1.74885988e-03 -5.39761782e-03 6.36875629e-04
    1.35800302e-01 -1.73469722e-01 -5.00395477e-01 -1.64327264e-01
    -1.58141851e-01 -5.04471421e-01 -6.91365838e-01 -4.08564210e-02
    -5.91591537e-01 -4.56119359e-01 9.92248058e-02 -5.59611440e-01
    -7.08519816e-01 -6.80406988e-01 5.02995253e-02 2.72533894e-02
    1.59482241e-01 9.73672867e-02 1.55517101e-01 -6.07392073e-01
    -2.73582757e-01 -5.39778471e-01 -5.50705969e-01 -1.98236525e-01
    -7.77837276e-01 -7.19888687e-01 1.72156096e-02 -4.93379474e-01
    -2.68588245e-01 1.64787769e-01 -2.93155611e-01 -5.37719727e-02
    -3.54961693e-01 -7.55328059e-01 3.76638174e-02 -2.68738002e-01
    -3.53639126e-01 2.46920109e-01 -3.04222584e-01 -6.14370048e-01
    1.09282732e-02 1.35965884e-01 -8.42218399e-02 1.58293128e-01
    -1.49598360e-01 -3.21341157e-02 -3.11145008e-01 -6.54047370e-01
    1.42435610e-01 -4.93558407e-01 -1.55150950e-01 2.39238203e-01
    -2.00862169e-01 1.45332277e-01 -1.38145685e-01 -1.14395618e-01
    -3.89522314e-01 -6.04796290e-01 -5.56103826e-01 -4.99253303e-01
    -4.61215198e-01 -2.26613283e-02 -3.58750463e-01 1.68325424e-01
    -6.07534051e-01 -6.65626705e-01 2.93412387e-01 -4.75215524e-01
    3.99458647e-01 3.45327556e-02 -4.08418417e-01 1.47190392e-01
    -2.57717967e-02 3.54495436e-01 -1.04476303e-01 1.37991309e-01
    3.03274453e-01 -5.75559795e-01 8.71614814e-02 1.31458938e-01
    2.52384543e-02 -3.05616975e-01 2.20390975e-01 -9.53586698e-02
    -1.95039749e-01 -2.43815839e-01 -2.69025445e-01 -7.25769818e-01
    -5.98264158e-01 1.09888852e-01 -6.46167755e-01 -2.70875394e-01
    -1.50549471e-01 1.79738641e-01 -4.02082175e-01 -3.94735008e-01
    -7.34675765e-01 -2.04488277e-01 5.15456200e-02 -7.01279342e-01
    -1.93907857e-01 -4.37029690e-01 -1.08421087e-01 -5.48219442e-01
    -5.92220664e-01 -6.01014435e-01 2.01156795e-01 -4.05251384e-01
    -1.56470478e-01 -3.64280581e-01 -2.02389359e-02 -1.04907155e-01
    -1.05780363e-02 -4.06104594e-01 1.94110155e-01 5.13944030e-02
    -5.76418519e-01 -5.01020789e-01 1.89852297e-01 -5.57294786e-01
    1.06041551e-01 -1.70688331e-01 7.62410760e-02 -1.42013848e-01
    -9.68658924e-02 7.47314095e-02 3.26105356e-02 6.74014688e-02
    -5.20689368e-01 -2.14463472e-03 -2.72633910e-01 1.59554303e-01
    -1.62434757e-01 -6.57643437e-01 -2.61661112e-01 -2.79699683e-01
    -2.09214568e-01 -2.67124891e-01 6.13874197e-03 -4.73284900e-01
    4.24185395e-02 1.94532275e-02 -5.34521341e-02 -4.71543312e-01
    -6.76277995e-01 -7.15647876e-01 4.19263840e-02 5.64039946e-02
    -3.81450772e-01 -6.89110637e-01 -3.85950208e-01 -2.94328809e-01
    -4.03724253e-01 -5.20008743e-01 -1.48093700e-01 -7.38865376e-01
    -3.79452556e-01 -4.95283276e-01 -2.88426101e-01 -1.19259179e-01
    -7.56595612e-01 -5.93797803e-01 -2.83770472e-01 1.47816598e-01
    3.39363813e-02 -1.77307248e-01 -2.26472020e-02 -5.81942141e-01
    -6.52868152e-02 -3.99558067e-01 -4.49902743e-01 1.24751925e-02
    -5.23482323e-01 -3.37476134e-01 -3.19447607e-01 -4.31600392e-01
    -4.66638207e-02 1.73640847e-02 -2.68497765e-01 2.21042931e-01
    7.14877248e-02 -1.85271919e-01 -2.33643174e-01 -2.60604084e-01
    -2.43945360e-01 -2.53025889e-01 1.42431736e-01 5.85272908e-02
    1.24638617e-01 7.55671859e-02 -1.60769045e-01 1.18663192e-01
    1.90530419e-01 -5.40401340e-02 -6.68494463e-01 -4.94696915e-01
    8.27979445e-02 6.94390535e-02 -4.04667795e-01 -6.42167211e-01
    -1.76604927e-01 -3.77938658e-01 -1.30303621e-01 -6.18679762e-01
    6.47062063e-03 -1.51969194e-01 1.60291851e-01 1.55481696e-02
    -7.97291994e-02 -1.21068716e-01 -4.60932285e-01 1.34029627e-01
    -4.86868322e-01 -2.77070969e-01 -4.36986744e-01 -2.13133633e-01
    -5.54271400e-01 -5.63599467e-01 1.02986038e-01 -2.09544778e-01
    1.59410715e-01 1.92301273e-01 -3.21642429e-01 -4.39191580e-01
    -2.60953039e-01 -5.15987873e-01 1.46920443e-01 -2.81581998e-01
    -3.79916906e-01 -1.13873601e-01 -1.07651830e-01 -1.89274848e-01
    -7.04792857e-01 -3.55395943e-01 1.05027258e-01 -5.33510447e-01
    -6.37992024e-01 -4.18092668e-01 -1.81272089e-01 -6.44845605e-01
    -5.57361722e-01 -4.81463641e-01 -2.28325188e-01 -1.63274109e-01
    -4.75280285e-01 3.77974510e-02 -5.44461012e-01 -4.33262825e-01
    -2.59487629e-02 -9.69880223e-02 -3.60191941e-01 -2.29730666e-01
    4.78165150e-02 -4.80260640e-01 -2.65881747e-01 -6.01388097e-01
    -5.85823178e-01 -4.32474405e-01 2.40251958e-01 1.68335438e-02
    -5.38527727e-01 2.18446970e-01 8.99791718e-04 -1.13809884e-01
    -5.57755351e-01 -6.64399683e-01 -7.86018372e-02 1.32451475e-01
    -1.81327462e-02 -7.65893638e-01 -5.48740029e-02 -3.74635577e-01
    -6.56436682e-01 -5.90795100e-01 -4.98604178e-01 -6.89779580e-01
    -6.10439539e-01 -1.84208274e-01 -3.78266394e-01 -2.18270719e-01
    4.15181518e-02 1.02275670e-01 1.79765463e-01 2.82548666e-02
    -7.65954256e-02 1.46325886e-01 -4.42513138e-01 1.91576123e-01
    -5.12488842e-01 -2.03582585e-01 5.78045249e-02 1.05934143e-01
    -6.15288734e-01 -1.81220412e-01 -4.12177622e-01 5.95084429e-02
    -4.81550068e-01 -3.74293923e-02 1.59868538e-01 -7.40538061e-01
    -4.51704353e-01 -6.76576018e-01 -4.96014953e-01 1.61174834e-01
    -2.74503261e-01 -6.86967790e-01 -5.20604253e-01 -3.70135665e-01
    -7.56358981e-01 -7.67070651e-02 -3.23861539e-01 1.67547762e-01
    -2.24396527e-01 -6.60468459e-01 -3.53641570e-01 -6.62210941e-01
    -5.31307518e-01 -7.00258434e-01 1.86549783e-01 -1.59509003e-01
    -5.02582073e-01 -3.32684517e-01 1.27001464e-01 3.60592425e-01
    -1.65378392e-01 -2.79648572e-01 2.17055768e-01 -2.65320987e-01
    -1.47217512e-02 -7.70766139e-02 -7.54510462e-02 -2.98782408e-01
    -1.35342479e-02 -3.07649851e-01 3.01305830e-01 1.77893400e-01
    -2.97007561e-01 1.95782840e-01 -2.67319590e-01 -5.40732622e-01
    -7.87138939e-04 -5.65608144e-02 -3.41649234e-01 4.43493724e-02
    -6.14793777e-01 -6.03941560e-01 -4.63811278e-01 -3.03476453e-01
    -5.95124841e-01 1.15766704e-01 -4.22360003e-01 6.62279725e-02
    -5.64647794e-01 1.75351143e-01 -7.32808292e-01 1.51433527e-01
    -5.49048901e-01 7.27444291e-02 -5.20616531e-01 6.19141459e-02
    -1.49623454e-01 -2.21186280e-02 2.11679995e-01 1.01706207e-01
    -5.40202856e-03 -4.69954312e-01 -4.32623208e-01 2.00084805e-01
    -1.03993237e-01 -6.66818321e-01 -6.25321150e-01 -6.55102670e-01
    2.24094927e-01 -5.15488863e-01 -1.37060106e-01 -1.62434697e-01
    -6.11383319e-02 -6.28070354e-01 2.38778591e-02 -2.68669307e-01
    -2.86246300e-01 -5.05231202e-01 -2.84515619e-02 -4.70165610e-02
    1.23496056e-01 -5.85852265e-01 -7.91933775e-01 -1.81272864e-01
    -5.84562421e-02 -8.27968121e-03 -1.78596914e-01 1.63867056e-01
    -1.92273736e-01 7.76284933e-02 -7.90569186e-02 -1.15205705e-01
    -4.35706735e-01 -5.93288898e-01 2.07151830e-01 2.07711160e-01
    2.00081825e-01 -7.72291958e-01 -1.88753009e-02 -4.89044636e-01
    7.87860155e-03 -1.36012673e-01 -3.37855577e-01 -7.42252886e-01
    -1.15000308e-01 -5.16531706e-01 1.48796797e-01 -1.08766794e-01
    -1.76428795e-01 -3.75889599e-01 -6.42153502e-01 -2.36670494e-01
    1.16017461e-02 -5.54519951e-01 -9.59622264e-02 -3.32205892e-01
    -6.21528864e-01 -4.10963148e-01 -5.40927410e-01 1.73332334e-01
    -1.13787591e-01 6.36278987e-02 1.18972898e-01 1.06321871e-01
    -1.71874702e-01 1.93327665e-03 -2.88681656e-01 -5.30172467e-01
    -2.71255761e-01 -6.49495125e-01 -4.03421819e-01 -1.08718097e-01
    1.17908478e-01 -2.64532983e-01 1.46150470e-01 -2.47148871e-02
    1.78319454e-01 -2.75424659e-01 -3.07684302e-01 -1.98218703e-01
    -2.48847842e-01 1.61293387e-01 -1.98688149e-01 -3.64240229e-01
    2.45299935e-02 5.53256869e-02 -4.87868160e-01 7.21377134e-02
    -2.03351498e-01 -4.42809463e-01 -1.18504345e-01 -1.81037307e-01
    -2.73721218e-02 -5.32045603e-01 -7.19807386e-01 -4.87286389e-01
    -1.92687571e-01 -3.61702323e-01 1.45480990e-01 1.48813188e-01
    -5.44861972e-01 -5.68821311e-01 -3.90406281e-01 1.07916892e-01
    -5.45583963e-02 -5.54415643e-01 8.70537162e-02 -1.97486401e-01
    -4.42072421e-01 -3.62385750e-01 -3.16256374e-01 -3.27055544e-01
    1.93874240e-02 8.76964331e-02 -4.47108090e-01 -2.34356642e-01
    -1.99068427e-01 -2.13399112e-01 -2.52433538e-01 -4.70401645e-02
    1.21802390e-01 1.70037925e-01 -5.14160395e-02 -6.80310011e-01
    -6.19812608e-01 -6.67015374e-01 6.62791729e-03 -2.64984757e-01
    -3.63160044e-01 -3.15503478e-02 7.52895474e-02 -3.53670895e-01
    -5.98111212e-01 -4.30064321e-01 -3.00045699e-01 -1.42164111e-01
    -2.79580534e-01 -6.32487059e-01 6.65133595e-02 2.17454314e-01
    -6.62245750e-01 7.18189478e-02 6.11860156e-02 -6.85544789e-01
    -1.57708645e-01 -4.03316557e-01 -2.74428546e-01 -4.68834281e-01
    -6.70803308e-01 -3.66695404e-01 -2.93641448e-01 -3.74071360e-01
    1.49505973e-01 -5.12116730e-01 -2.58266419e-01 -3.74697536e-01
    -2.38499999e-01 -2.16000080e-02 -3.39598775e-01 -5.75324178e-01
    -3.13822031e-01 -2.42897570e-01 -6.24989867e-01 1.46676302e-02
    -3.22827637e-01 -3.93905103e-01 -2.06409991e-01 -7.88103938e-02
    1.59874439e-01 -6.46627605e-01 -7.93556929e-01 -3.21323931e-01
    -4.84459043e-01 -2.34344840e-01 -3.09718758e-01 1.27198935e-01
    -8.80060792e-02 -6.12554550e-02 -4.79156733e-01 -2.05911458e-01
    -2.21240282e-01 -6.62631094e-01 -1.65338397e-01 -1.50949359e-01
    -4.67120528e-01 -1.31318390e-01 1.52658403e-01 -3.44167590e-01
    2.56839454e-01 -3.87938261e-01 2.22852170e-01 -3.18772852e-01
    -7.04917431e-01 -6.40933037e-01 -4.40270782e-01 -5.07117510e-01
    -3.19054395e-01 -2.23609209e-01 -7.47117996e-01 1.58312440e-01
    -2.32364535e-02 -1.92125797e-01 1.51390493e-01 2.33215094e-03
    -6.87561691e-01 -6.58835769e-01 -6.37155175e-02 1.99668288e-01
    -1.54045999e-01 -6.98837161e-01 -4.59875762e-01 1.88676715e-02
    -4.80112344e-01 -4.42511022e-01 -5.69322109e-01 -5.19797981e-01
    -1.61575079e-02 1.11848563e-01 -2.44523436e-01 -2.72601426e-01
    2.45913595e-01 -1.63206190e-01 -4.81270462e-01 1.12923265e-01
    -5.36649823e-01 -3.14028919e-01 -3.96844268e-01 -5.11458516e-01
    -5.15777946e-01 -5.23855448e-01 -1.66693747e-01 -4.54447836e-01
    -6.73209429e-01 8.25842023e-02 -2.48132944e-01 -5.84008098e-01
    6.40696287e-03 -7.22471774e-01 -7.03684092e-01 -1.31428242e-04
    1.11939788e-01 -5.29243946e-01 -5.75312316e-01 1.29487097e-01
    -7.31407404e-01 -3.64237696e-01 1.53756142e-01 -4.80469763e-01
    -1.34133637e-01 1.92806423e-01 -6.53410673e-01 -6.91532969e-01
    -5.05672693e-01 -5.14667511e-01 -3.66572827e-01 -6.78866148e-01
    -2.57473469e-01 7.60765672e-02 1.29567683e-01 -1.88753366e-01
    -3.25552762e-01 1.14354610e-01 -7.06991911e-01 -7.56495476e-01
    5.20842671e-02 1.32423222e-01 -1.00722313e-02 -3.46414119e-01
    1.97525620e-01 -2.99987763e-01 -4.26112950e-01 -6.88967645e-01
    -6.31618619e-01 -4.49699163e-03 1.02126002e-02 -4.62708831e-01
    -3.86892200e-01 -2.82719731e-02 1.83539093e-01 -1.30271435e-01
    1.10202730e-01 -7.94065654e-01 -2.93871462e-01 -6.74073815e-01
    -7.72001624e-01 -4.26365584e-01 -1.48784459e-01 -5.64576268e-01
    -1.62449241e-01 -3.72115374e-02 1.97630823e-01 -1.40894473e-01
    -2.46410191e-01 4.96730804e-02 -6.80621028e-01 -3.50695848e-01
    -1.76208496e-01 -5.21634758e-01 -1.04102373e-01 -2.53852129e-01
    2.05045581e-01 -2.66366959e-01 -6.29243255e-02 -5.12126267e-01
    -7.15798378e-01 3.60649228e-02 -4.60363925e-01 -2.41421759e-01
    -5.17831445e-01 8.50297809e-02 -1.27931893e-01 -5.97381592e-02
    -6.79393649e-01 -3.30175936e-01 -2.34534919e-01 -5.50686181e-01
    -6.24986947e-01 -1.56502068e-01 -2.55030394e-03 -1.72224045e-02
    -2.36410260e-01 -5.97042263e-01 3.55893373e-02 1.15577579e-02
    -2.57613063e-02 -6.77937746e-01 1.60736322e-01 -3.47903252e-01
    -7.52431750e-02 -4.18458372e-01 -3.28518957e-01 -6.51849151e-01
    -4.42276478e-01 -6.61002874e-01 -4.67694581e-01 -3.36605579e-01
    -5.09597361e-01 -1.11472607e-03 1.68200731e-02 1.81806087e-02
    -3.99492115e-01 -6.32212877e-01 -5.97446680e-01 -6.71810031e-01
    -4.04295325e-02 -5.26069522e-01 -7.27563620e-01 2.11579859e-01
    -4.15822268e-01 -1.08759403e-02 -1.86573327e-01 -7.06717193e-01
    -5.78583062e-01 4.35714722e-02 -1.95108414e-01 -2.24246383e-01
    -5.73109210e-01 -2.28728533e-01 2.12553263e-01 -1.87178612e-01
    5.54703474e-02 -5.98188400e-01 -4.52729702e-01 -4.05660093e-01
    -1.44058526e-01 1.47648156e-01 -6.59477115e-02 -5.22017181e-01
    -6.18247390e-01 -3.07633221e-01 9.99003649e-03 -4.43363965e-01
    -6.29951358e-02 -3.74117613e-01 -5.54160833e-01 -5.04635692e-01
    -4.45623100e-01 1.26592457e-01 -2.08192647e-01 -5.18188000e-01
    -5.56675792e-02 1.31809294e-01 -4.57836986e-02 -1.47022963e-01
    -1.00963950e-01 1.52188361e-01 -6.68672681e-01 -4.16623652e-01
    -5.81356287e-01 -4.76508915e-01 -1.70833766e-01 -6.38956428e-02
    -5.84192872e-01 -1.27936304e-01 4.90157604e-02 -6.22983694e-01
    2.07713246e-02 -3.28065157e-02 -5.53259254e-01 -2.82287925e-01
    -1.23343468e-02 -4.13230479e-01 -6.79012775e-01 -3.17255139e-01
    -4.75112528e-01 -7.14320719e-01 -5.50640047e-01 -2.25173235e-01
    1.24724805e-01 -3.55599523e-01 -1.96412206e-01 1.26575530e-01
    -4.07703757e-01 8.34155679e-02 6.84825778e-02 -4.28525865e-01
    -3.18499774e-01 -9.88017321e-02 3.37766409e-02 -2.53441334e-02
    -5.72066903e-01 -2.96919346e-02 -7.53781676e-01 -7.02367485e-01
    -5.87004781e-01 -4.20695990e-01 -3.32995236e-01 -5.98963797e-01
    -4.78384018e-01 -2.28857458e-01 -4.34258044e-01 2.13829100e-01
    8.79645944e-02 -6.28010690e-01 -3.48812819e-01 -5.78767061e-01
    -2.29575872e-01 -2.13867426e-01 -4.62392211e-01 -3.74768913e-01
    1.40708566e-01 -4.36530948e-01 -3.92030656e-01 -1.81798816e-01
    -3.33649516e-01 1.17063403e-01 -2.72497684e-01 -6.04853868e-01
    2.22331822e-01 -7.25354552e-02 -5.96459925e-01 -4.30171698e-01
    -3.22718531e-01 -2.46203005e-01 -4.19133902e-03 -6.97582960e-01
    1.50229573e-01 3.14509273e-02 -6.62154078e-01 -2.01312304e-02
    -6.60120726e-01 8.00564289e-02 -5.86006403e-01 -7.12937951e-01
    -3.02364051e-01 -1.30593240e-01 -5.51638246e-01 -7.25272417e-01
    -1.55549705e-01 -2.31583416e-01 -3.62572074e-02 -3.80362898e-01
    -3.15545708e-01 8.58097970e-02 -3.42041373e-01 5.54458976e-01
    3.36284071e-01 5.36592007e-01 -1.30658805e-01 2.37968922e-01
    -4.22100365e-01 -2.51275301e-02 -5.25910020e-01 7.80724883e-02
    2.05212414e-01 1.91808701e-01 -6.50143206e-01 -7.05503464e-01
    -6.06847405e-01 -4.47606087e-01 -3.99660528e-01 -3.03629369e-01
    -3.03249300e-01 -4.44973052e-01 1.78009272e-03 -6.51191115e-01
    -5.07950425e-01 -5.88297248e-02 -1.26054704e-01 -6.93576694e-01
    -8.84085894e-02 -2.16197133e-01 9.33578610e-02 -9.36187506e-02
    -6.60390258e-01 3.54105234e-02 -1.36451423e-01 9.56057906e-02
    2.20899045e-01 -2.46599376e-01 -2.95196474e-01 -4.41883743e-01
    -6.42776012e-01 -1.33592546e-01 1.14853382e-02 -4.65243697e-01
    -5.41493356e-01 -5.71110249e-01 -5.51886916e-01 -1.17439151e-01
    -6.30099773e-02 1.00784242e-01 -2.08695531e-02 1.43340349e-01
    -1.87854111e-01 -1.51163042e-01 -1.16287529e-01 -1.49129987e-01
    8.17195177e-02 -6.14322126e-01 -4.37986851e-01 3.85147333e-02
    7.12491870e-02 -7.59306431e-01 1.45582139e-01 5.36686182e-02
    1.00444674e-01 -5.35098612e-01 2.98463106e-02 -3.54092300e-01
    8.47750902e-02 -2.48087943e-01 1.99644566e-01 -3.36686611e-01
    -6.28975272e-01 -3.08463812e-01 -4.00404543e-01 -3.75723004e-01
    -1.46791637e-01 -1.79369390e-01 -4.11299616e-01 -4.20225263e-01
    -5.98034978e-01 -6.71545088e-01 -4.10426766e-01 -1.50551915e-01
    -2.10922897e-01 5.78680038e-02 -8.88940692e-02 -3.91722202e-01
    -4.71423268e-02 -5.95541239e-01 -1.52275503e-01 -2.64109254e-01
    -1.69279754e-01 -6.78276420e-01 -3.70817989e-01 -7.04728603e-01
    -9.91675258e-02 -5.24435639e-01 -3.82492244e-01 -5.66580534e-01
    6.83214068e-02 -1.52017713e-01 5.26850224e-02 -2.49662161e-01
    9.30933356e-02 -6.78648472e-01 2.28000462e-01 1.87708020e-01
    -6.86258078e-01 1.74088836e-01 -3.38535577e-01 -1.60632849e-01
    1.50943100e-01 -6.58910215e-01 -7.56264687e-01 3.60412598e-02
    -4.49048102e-01 -5.69855809e-01 -3.04121286e-01 -2.17087269e-01
    -3.85237664e-01 -5.19113481e-01 -2.46546865e-02 -4.26065445e-01
    1.39193952e-01 -5.07968843e-01 1.34851813e-01 2.00567961e-01
    -4.15242016e-01 -4.32803273e-01 2.33728290e-02 -4.69977081e-01
    -6.25942349e-01 -4.27197039e-01 2.06941605e-01 -2.73388088e-01
    -1.51037037e-01 1.73671186e-01 -3.78031790e-01 -3.97845179e-01
    7.36161470e-02 -4.63702261e-01 5.63964248e-02 1.13946497e-01
    -1.11869633e-01 -5.39741635e-01 2.23196328e-01 -3.18181127e-01
    -7.03171134e-01 1.64264560e-01 -5.65947950e-01 -1.49605513e-01
    -2.56771684e-01 -5.33209622e-01 9.11946893e-02 2.31750250e-01
    2.23051250e-01 -1.51356578e-01 -2.71557748e-01 -2.41034031e-01
    2.11450279e-01 4.36708927e-02 -1.70767963e-01 -5.63966215e-01
    -5.34129679e-01 -1.84772789e-01 -4.46016669e-01 -1.18798614e-01
    -2.46179402e-01 -1.53068841e-01 -3.96801651e-01 -4.04657066e-01
    -6.94985509e-01 -1.74714148e-01 -4.23525602e-01 -3.46987009e-01
    -2.63057828e-01 2.56807983e-01 3.40376496e-02 -6.94204569e-01
    -6.93014741e-01 1.18477941e-02 -6.56855106e-01 -4.56312567e-01
    7.25439787e-02 -5.15610814e-01 -6.25821710e-01 -2.16544867e-01
    -4.58587766e-01 2.29735792e-01 -3.33931744e-01 1.05338275e-01
    -5.33589125e-02 -5.07704258e-01 -2.94490725e-01 -2.39935696e-01
    -7.35228896e-01 -2.02203333e-01 -3.92132878e-01 -6.47505760e-01
    1.22175753e-01 1.16269588e-01 -1.54726267e-01 -1.72566712e-01
    2.18917608e-01 -3.85817289e-01 -3.19005251e-02 -4.60169017e-01
    -8.38180780e-02 -5.36794960e-01 -1.47972226e-01 -6.62904501e-01
    -2.18820572e-01 -5.25948048e-01 1.80735588e-02 -6.56192899e-02
    -1.62399471e-01 -1.28000319e-01 -2.39873052e-01 1.90729320e-01
    -6.89497352e-01 -2.39270568e-01 -4.44437265e-02 -4.23425853e-01
    -5.88208079e-01 -2.46165395e-01 -2.00858653e-01 -3.26771319e-01
    -5.24259269e-01 -5.20671010e-01 1.17081404e-02 6.54921532e-02
    -5.86398244e-02 4.14907932e-04 -3.36810142e-01 -3.99003863e-01
    -7.36997247e-01 2.25686431e-02 -6.70940280e-02 -2.68968314e-01
    -4.37657893e-01 1.73044264e-01 -1.29662812e-01 -5.67957342e-01
    -7.04201460e-01 -5.66034198e-01 1.40910447e-01 -3.46201330e-01
    1.69066966e-01 4.62744832e-02 -7.63430536e-01 -7.52432227e-01
    -7.12680221e-02 -1.24983490e-01 3.08869600e-01 2.78778791e-01
    -3.65863383e-01 -1.57771975e-01 5.37686944e-01 4.61873621e-01
    -3.17459404e-02 5.32666683e-01 -1.53283894e-01 -1.01970404e-01
    -2.38325357e-01 7.39383698e-03 -5.39285064e-01 -2.68242955e-02
    6.11299872e-02 1.51377082e-01 1.79352582e-01 2.42307723e-01
    -4.85032648e-01 4.67218161e-02 -5.29947281e-01 -2.48536766e-01
    -5.27055740e-01 -4.00636375e-01 -2.78449148e-01 -5.85006118e-01
    -1.47302568e-01 -5.20523787e-01 -9.61374640e-02 -5.83415747e-01
    2.50117183e-02 -1.55848682e-01 -6.00844860e-01 -5.85792661e-01
    -6.40105605e-01 2.09550619e-01 -2.13883579e-01 -4.57498789e-01
    -3.09654325e-01 -1.19334757e-01 -6.85328484e-01 -3.06213617e-01
    -4.57005441e-01 -6.54945493e-01 -2.79782712e-01 -2.08324194e-02
    -1.85688376e-01 1.92127109e-01 -4.22225833e-01 2.19887495e-02
    -7.78295279e-01 -3.56262922e-01 -3.46572459e-01 -3.36889505e-01
    -7.72672892e-03 -1.11810148e-01 -4.32324022e-01 -5.02843142e-01
    -3.21998596e-02 2.08204985e-03 1.29135847e-02 -4.56009746e-01
    -3.81877601e-01 -6.12462163e-01 3.37871313e-02 -7.03565836e-01
    -7.17735052e-01 -2.96775758e-01 -4.28898335e-01 -4.59364772e-01
    -8.08299065e-01 -7.36123681e-01 -3.45117450e-02 -4.01607633e-01
    3.51839662e-02 -1.91074431e-01 -2.05466330e-01 -3.05746555e-01
    -4.58952725e-01 -6.01092637e-01 -5.74477315e-02 -2.69700646e-01
    2.22622752e-01 -3.21750760e-01 -6.53177619e-01 4.44746017e-02
    -5.79833984e-01 -6.06459260e-01 2.01439857e-01 -2.00918853e-01
    -1.85561359e-01 -2.41686404e-01 -6.30329311e-01 -4.29239154e-01
    -2.42748618e-01 -2.17641592e-02 -6.30477667e-01 -6.99055374e-01
    -4.89071012e-02 7.91611075e-02 4.13051844e-02 -3.67329478e-01
    -1.00804150e-01 -3.65868032e-01 1.10442579e-01 -6.72787428e-03
    1.52945936e-01 -5.17294884e-01 -6.02165580e-01 -4.03880835e-01
    -2.94291973e-02 -6.35808110e-01 1.46122396e-01 -6.17321610e-01
    -6.38336480e-01 -1.26410842e-01 -6.18517518e-01 -5.68507910e-01
    -8.70727301e-02 -4.82619762e-01 -5.93639195e-01 -7.28826582e-01
    -3.45849663e-01 1.62758529e-01 -5.54331005e-01 -9.07933712e-02
    2.22754240e-01 -5.10855258e-01 -2.50028133e-01 -5.27168274e-01
    -1.14515603e-01 -5.22706389e-01 2.19313085e-01 -1.28052890e-01
    -4.87783223e-01 2.67686248e-01 -4.53663141e-01 -1.62642598e-01
    -3.25673938e-01 -4.79013592e-01 -4.19624329e-01 9.97946858e-02
    -2.23194599e-01 -2.10103393e-01 -5.19200861e-01 -1.04753137e-01
    -1.59460306e-01 6.28628135e-02 -2.97194213e-01 -5.85762262e-01
    -4.43395972e-01 1.51925385e-01 -6.26021028e-01 -3.86174351e-01
    -4.87882793e-01 -4.02862728e-01 -1.16151392e-01 -2.32120216e-01
    -2.60265827e-01 -7.58600891e-01 -6.17899418e-01 -6.22948766e-01
    8.38081837e-02 -5.19031823e-01 -3.43048722e-01 -4.73754466e-01
    7.92036653e-02 -3.63248676e-01 1.90283716e-01 -2.16809213e-01
    -6.20142400e-01 -5.52500486e-01 -4.27089751e-01 1.14229739e-01
    -4.47689354e-01 -1.13069654e-01 -3.50458026e-01 -3.48228812e-02
    -3.85065228e-01 5.52272797e-03 1.38055503e-01 -6.10181987e-01
    1.28872991e-01 -1.21342361e-01 -6.70949459e-01 -4.86937761e-02
    9.70198512e-02 -6.62844658e-01 2.25286543e-01 -5.12547672e-01
    4.56845760e-02 -3.49517494e-01 -5.51125050e-01 -9.21651721e-02
    -4.30658460e-01 -6.92514718e-01 -2.74377704e-01 -3.21257651e-01
    -2.97559649e-01 -1.18939221e-01 -4.16774154e-02 1.83495522e-01
    -3.61809373e-01 -4.38514233e-01 1.08837664e-01 -6.12324476e-03
    8.35970640e-02 -7.39078641e-01 -7.39121556e-01 -5.69845140e-01
    -7.53263474e-01 -2.33878911e-01 -2.30906725e-01 -1.14206254e-01
    -7.42937386e-01 -4.89866674e-01 -3.89072984e-01 -5.73649406e-02
    -6.03145123e-01 -7.65889883e-01 -9.21950936e-02 1.94535494e-01
    -1.93161964e-01 -2.86638528e-01 -7.77064919e-01 -5.56524277e-01
    -3.79091889e-01 -4.56752688e-01 -6.54897869e-01 5.31553626e-02
    -3.57549131e-01 -3.24636012e-01 -2.55594254e-01 -6.87245131e-01
    -4.33174551e-01 1.72994614e-01 4.46588397e-02 9.00298357e-02
    -1.80561543e-01 -4.84203309e-01 -1.11758292e-01 -1.02662504e-01
    1.29136980e-01 -6.86242700e-01 -5.46524167e-01 -1.04801655e-02
    -4.03135777e-01 -7.62669444e-02 -4.74784493e-01 -5.90468884e-01
    -5.19745350e-02 -6.92417204e-01 -1.21468902e-02 -7.03741312e-01
    -3.02291632e-01 2.75354981e-02 5.96801043e-02 -4.98772860e-02
    2.44851828e-01 7.44805038e-02 3.47998440e-01 -3.17403078e-02
    1.74114287e-01 -3.65667909e-01 3.51522833e-01 -2.68021584e-01
    -4.18713391e-01 -2.15280712e-01 -2.94667810e-01 -3.28850746e-02
    -3.72784704e-01 -1.35046244e-01 -6.80721164e-01 -3.76651138e-01
    1.25437379e-01 -4.34514403e-01 9.85406637e-02 -4.11804140e-01
    -7.60396123e-02 -1.03502393e-01 -2.20187426e-01 -3.94346058e-01
    -1.44580960e-01 -6.49272799e-01 -7.85691142e-02 1.94005549e-01
    -3.18698287e-02 1.15003943e-01 -5.05186737e-01 2.53086746e-01
    -6.56654775e-01 -2.91221917e-01 1.41122282e-01 1.40825987e-01
    -6.47671819e-01 2.07182765e-02 -3.83561015e-01 1.20607197e-01
    1.72193170e-01 -3.30529809e-01 -4.58280146e-01 -3.09693784e-01
    -2.02788711e-02 8.18521976e-02 -4.65793282e-01 -2.57531643e-01
    -1.48758292e-02 -6.65432930e-01 -4.92534548e-01 -2.63845682e-01
    -3.29527885e-01 -5.20054460e-01 -6.52275920e-01 1.15230501e-01
    1.80477381e-01 -8.66200924e-02 -2.69342721e-01 -2.84221947e-01
    -3.15228999e-01 1.75629377e-01 -2.61364639e-01 -1.30477786e-01
    -2.67021596e-01 1.14987493e-01 -6.20935380e-01 -4.79492486e-01
    -2.92700291e-01 -2.57260442e-01 -2.83057213e-01 6.76680207e-02
    8.15055966e-02 1.73427582e-01 -2.73716688e-01 -5.02059937e-01
    6.13777041e-02 -1.22370720e-02 -2.02103257e-01 2.19152153e-01
    -4.84773159e-01 -3.77891034e-01 -3.07807684e-01 -2.05118060e-02
    -5.11153221e-01 -1.98615670e-01 -3.22854251e-01 -1.64584279e-01
    -4.25343037e-01 -4.52560425e-01 -2.70026922e-03 1.73961520e-02
    -6.96130395e-02 -5.47485948e-01 -3.19852144e-01 -7.47591972e-01
    -2.59538651e-01 -1.37999535e-01 4.63384390e-03 -3.19706976e-01
    -2.86138892e-01 -3.06685299e-01 -6.94352746e-01 1.94505632e-01
    -3.48271102e-01 -3.09355378e-01 -1.79399848e-02 -6.15566611e-01
    -3.58371437e-01 -3.90767574e-01 -3.59534919e-01 -6.03212714e-02
    -2.64302611e-01 -7.43764520e-01 1.43899977e-01 -2.60887027e-01
    -5.08198738e-02 -6.00215793e-02 -4.66994226e-01 -2.45554328e-01
    -4.24392760e-01 -3.87430429e-01 -4.58988845e-01 -3.31454396e-01
    1.73001051e-01 4.09006476e-02 -8.29665065e-02 1.38279200e-02
    -4.73699242e-01 2.09248602e-01 -2.21219122e-01 -3.75290751e-01
    -6.81103826e-01 -2.08656728e-01 -4.83817458e-01 2.56416559e-01
    -6.14598095e-01 -3.68256152e-01 8.89509916e-03 -6.01346374e-01
    -3.77947271e-01 -2.59116858e-01 -1.68954730e-02 -6.73494637e-01
    -2.31279910e-01 -1.01013780e-01 3.61486077e-02 -6.91048861e-01
    -4.26007509e-01 -7.90889263e-02 8.07648897e-03 1.21522844e-01
    4.97452021e-02 -5.70625424e-01 -2.49721408e-02 -2.21561193e-01
    -3.16157520e-01 1.01430178e-01 -3.35695714e-01 -4.70871389e-01
    -1.89480066e-01 -4.49447989e-01 -1.27348304e-01 -7.20739603e-01
    -1.85130596e-01 -5.09698510e-01 -2.38457382e-01 -3.02521259e-01
    -2.63977379e-01 -3.88652056e-01 -2.11183965e-01 -6.20707273e-02
    2.11540103e-01 -6.72793984e-01 1.11322641e-01 -6.06887102e-01
    -4.93372679e-02 -1.65482163e-02 -1.47910178e-01 2.56118000e-01
    -2.98493415e-01 -1.87217176e-01 -1.19779527e-01 1.02046072e-01
    4.24059629e-02 -2.46421695e-01 -1.09057844e-01 1.68010116e-01
    -2.23213792e-01 -5.62992454e-01 -5.71253479e-01 -3.40883791e-01
    -2.24520624e-01 5.17934561e-02 -2.20016837e-02 9.70494747e-03
    -6.36048436e-01 -2.51820177e-01 -5.51057458e-01 -5.66196322e-01
    -6.98956013e-01 -7.59947777e-01 -3.35993290e-01 -7.56146491e-01
    -4.50822026e-01 -6.38116896e-01 1.69371963e-02 3.62923145e-02
    -4.86482561e-01 2.26010144e-01 -4.02241230e-01 -2.79639363e-02
    -6.02533579e-01 -5.20593584e-01 8.17413926e-02 -2.05773890e-01
    -1.93780601e-01 -4.49114501e-01 -7.13273525e-01 6.78364635e-02
    -7.10018992e-01 -1.32724047e-02 -5.77642441e-01 -2.02115059e-01
    -6.81550622e-01 -7.09647954e-01 -4.70383197e-01 -7.37606049e-01
    -3.00062895e-02 -1.70085728e-01 -5.80873251e-01 -4.85113144e-01
    4.00997400e-02 -5.83903134e-01 -4.48455811e-01 -9.94082689e-02
    -3.66067082e-01 -7.08820939e-01 -2.55023837e-02 -4.07377422e-01
    -4.05756682e-01 -3.42719972e-01 -6.29023671e-01 1.75389290e-01
    -4.17691469e-02 2.33470738e-01 -6.99055791e-01 -1.91608727e-01
    5.99286556e-02 -6.77328348e-01 8.14792514e-02 2.37304151e-01
    1.56745315e-01 2.02914238e-01 6.72763586e-02 3.43008101e-01
    4.12195742e-01 -3.42480302e-01 -3.84676218e-01 4.34324920e-01
    6.75072968e-02 -4.34412867e-01 -4.33567971e-01 -2.73210436e-01
    3.57892513e-01 -6.00886941e-02 -6.00695610e-02 3.47263217e-02
    -2.33679414e-02 -6.94684625e-01 -2.42669672e-01 -2.22775519e-01
    2.30145991e-01 -4.25236374e-01 -2.26410985e-01 1.60043657e-01
    -4.17408139e-01 -2.13172317e-01 1.54760480e-02 -6.61773682e-02
    -6.56178057e-01 3.22538614e-03 -6.23679519e-01 -2.90486395e-01
    2.52918541e-01 -6.17353320e-02 1.71570539e-01 1.16268694e-01
    -2.51127958e-01 -5.01515031e-01 -7.20618129e-01 -7.32621491e-01
    -5.55143178e-01 -6.71156645e-01 -3.04989219e-01 -1.09837294e-01
    -3.53280872e-01 -7.48052001e-02 -3.82702947e-02 -3.06398004e-01
    -7.03749657e-01 -3.74756783e-01 -1.38850749e-01 1.91221118e-01
    -5.29567301e-01 -7.34982312e-01 -3.88522834e-01 -7.91592002e-01
    -2.71094859e-01 -1.84590816e-02 6.59829378e-02 -9.71840620e-02
    -1.46271050e-01 -7.73253024e-01 -3.23346704e-01 -9.71202850e-02
    -1.49908543e-01 -7.69612789e-02 -2.45329142e-01 -6.16085887e-01
    -7.05206394e-02 1.52043521e-01 -5.04639983e-01 -6.51956677e-01
    -8.81276131e-02 5.32091856e-02 -2.24109709e-01 -3.76275331e-01
    -2.68779755e-01 -2.32967794e-01 1.06986642e-01 -1.37271523e-01
    -5.43138385e-01 2.80978680e-02 -5.45697212e-01 -3.47127318e-01
    1.20598674e-01 -3.71216446e-01 -5.39013028e-01 1.20778441e-01
    1.94890499e-01 -2.25874722e-01 2.85256505e-02 -7.42866516e-01
    -5.95687866e-01 -4.97451782e-01 8.85273814e-02 2.18951762e-01
    -6.87526464e-01 1.18916333e-01 -4.06213671e-01 -1.20770335e-02
    -9.63288546e-02 -2.01565802e-01 -6.27035737e-01 -2.89089531e-01
    -3.67782354e-01 -3.39313686e-01 -5.27878165e-01 -4.73071426e-01
    9.00579691e-02 1.48673654e-01 1.82180762e-01 -4.59777147e-01
    2.55658627e-02 1.58334970e-02 -6.30097508e-01 -6.31231666e-01
    -6.70011163e-01 -7.09278822e-01 -5.83556294e-01 -6.95089698e-02
    -5.43704987e-01 1.39581323e-01 1.10952139e-01 -3.73530716e-01
    9.22538638e-02 -2.62619257e-02 1.57949746e-01 -4.31904495e-01
    -7.11732507e-01 -6.13199234e-01 2.04769969e-02 -4.01458323e-01
    -4.23084378e-01 -5.11278272e-01 -4.42134142e-01 -7.02895403e-01
    2.12275982e-03 1.27356410e-01 -2.52133608e-03 -4.49865282e-01
    -1.00609124e-01 -5.55942178e-01 -7.21784353e-01 -6.84293985e-01
    -7.15522289e-01 -4.28970933e-01 -4.60608661e-01 -6.61038399e-01
    -3.06335598e-01 -4.81696427e-01 -2.41204143e-01 -5.86584806e-02
    -2.66408890e-01 1.76035702e-01 -4.89788651e-02 2.00202584e-01
    -6.47016764e-01 -1.97771072e-01 -1.61286354e-01 -6.13063753e-01
    -4.06548381e-01 2.21237600e-01 4.42340374e-02 -6.92292392e-01
    -5.90026319e-01 -2.82867551e-02 -9.40907598e-02 -5.15629768e-01
    -4.18971866e-01 1.22618079e-01 7.03054070e-02 1.45313978e-01
    1.51292980e-01 2.06488550e-01 -4.59452599e-01 -5.31501412e-01
    6.86836839e-02 1.96422160e-01 -3.90245736e-01 -8.29252601e-02
    -7.15188324e-01 9.71853137e-02 7.63944387e-02 -1.23780906e-01
    3.20463777e-02 2.52125800e-01 -1.29990399e-01 1.29992604e-01
    -1.12456739e-01 -5.84789813e-01 -4.80698138e-01 -6.93966389e-01
    -5.90091228e-01 -5.09964526e-01 -2.42715031e-01 3.90164256e-02
    -2.98518568e-01 -2.31140524e-01 -7.21721172e-01 7.24648833e-02
    2.17658997e-01 1.78345978e-01 -4.14913237e-01 -3.54679406e-01
    -6.90923810e-01 -4.22086060e-01 -6.61434174e-01 -9.82264876e-02
    3.62272859e-02 -3.51240635e-01 -5.48075795e-01 -4.20153260e-01
    -6.60578609e-02 -1.22278273e-01 2.11296678e-02 7.56774545e-02
    -1.40615225e-01 1.52855515e-01 1.91832185e-02 -5.62881589e-01
    -4.89512265e-01 -4.06149030e-02 2.22652555e-02 -2.22425938e-01
    1.53030634e-01 -3.80947471e-01 -1.62673354e-01 -4.47231650e-01
    1.88770056e-01 1.20240510e-01 -7.19031572e-01 -5.49494624e-02
    -5.49914002e-01 6.88128471e-02 -4.73634064e-01 -2.21482635e-01
    1.16924047e-01 1.25773370e-01 -7.57980347e-02 3.86013389e-02
    -2.51367331e-01 -7.09425449e-01 -7.33067989e-02 -4.65607107e-01
    -4.73415643e-01 -1.59839034e-01 2.70408034e-01 -2.58315206e-02
    -5.79411447e-01 1.04717553e-01 -1.62137747e-02 -1.10140145e-01
    9.68153477e-02 -4.61469591e-01 -2.72937417e-01 -4.06797886e-01
    -9.73796248e-02 2.79329598e-01 -4.84468967e-01 1.23440206e-01
    -2.84451723e-01 -1.27331764e-01 -2.29326606e-01 1.04559213e-01
    7.84250796e-02 3.90139788e-01 3.66811037e-01 -1.96797490e-01
    -3.80897284e-01 -5.23690581e-02 -3.31358492e-01 -4.75957453e-01
    2.19503582e-01 -2.84064174e-01 -3.94782066e-01 -3.23218077e-01
    -3.34027231e-01 -1.09907389e-02 -6.45602226e-01 -1.47127569e-01
    -1.28755689e-01 -3.74181330e-01 1.94967330e-01 4.97574806e-02
    6.00484014e-02 -6.39206171e-03 -7.04265237e-02 -2.75460720e-01
    2.68930435e-01 -1.42474592e-01 -3.65226865e-01 -3.53870243e-01
    1.35587394e-01 -5.35471499e-01 2.17511237e-01 -4.62372571e-01
    -1.72625005e-01 -7.25061893e-01 -2.49302864e-01 -7.23385811e-02
    -1.64738894e-01 -1.06454611e-01 -2.01968610e-01 -7.35943317e-02
    -2.88155437e-01 1.71307564e-01 -7.26377368e-02 -3.10428083e-01
    -6.36191964e-02 -1.36698246e-01 -4.25414503e-01 -3.07251483e-01
    -6.24774814e-01 -9.61185694e-02 -1.10743642e-02 -4.21635956e-01
    -4.68686134e-01 -1.36190474e-01 -6.28612101e-01 -6.90897882e-01
    -2.67201960e-01 -3.02034736e-01 -7.50911236e-03 -7.37144589e-01
    -3.48546743e-01 -6.36764944e-01 -5.24407983e-01 -5.05466104e-01
    -1.80141747e-01 -1.48993015e-01 1.57897472e-01 -7.59335816e-01
    -7.15707541e-01 1.19797409e-01 1.80363834e-01 -1.06730461e-02
    -4.20178145e-01 2.50234604e-02 1.92755163e-01 8.86602998e-02
    9.19874907e-02 2.00659215e-01 -6.38663113e-01 -6.91145599e-01
    -4.04680192e-01 -6.79821491e-01 -2.69554675e-01 -1.74982429e-01
    1.53039813e-01 1.15699172e-01 1.64022982e-01 -8.22800994e-02
    -6.18724167e-01 1.03101313e-01 -3.31292093e-01 1.40566945e-01
    -2.33474016e-01 -7.07786441e-01 -5.54690123e-01 -7.29317427e-01
    -6.21545970e-01 -3.15898478e-01 -6.96802497e-01 -6.73249960e-01
    -1.74562335e-01 2.30841100e-01 -4.64228034e-01 -5.40791512e-01
    -2.84003735e-01 -4.27969098e-01 -5.53104877e-02 -2.92992979e-01
    -4.57100093e-01 -3.09931815e-01 1.59134507e-01 -7.25930452e-01
    -3.12958211e-01 -5.48334002e-01 -7.39241242e-02 -4.60448027e-01
    1.98539317e-01 -1.68169677e-01 -5.62763214e-03 -6.47532582e-01
    -5.42617798e-01 1.72959089e-01 -7.24897385e-01 -8.84743929e-02
    -1.98520303e-01 -7.46500134e-01 -3.07208329e-01 -3.69334936e-01
    -6.89849854e-01 1.10313535e-01 2.24602282e-01 -4.59398717e-01
    -2.62669265e-01 1.83437765e-01 -2.65974432e-01 -2.51213819e-01
    -3.86217028e-01 2.49002576e-02 2.11298704e-01 1.62376106e-01
    -2.83573329e-01 1.24407411e-01 -4.91335630e-01 -6.18086517e-01
    -6.83701634e-02 1.01732016e-01 -7.43086934e-01 -2.65753269e-02
    -2.28710175e-02 -6.44640326e-02 -7.36192107e-01 -1.10735297e-02
    -6.20721221e-01 -1.49337828e-01 1.12173498e-01 -6.41680539e-01
    -2.89296716e-01 -1.11512363e-01 -1.89682901e-01 -4.96925950e-01
    -8.76134634e-02 -1.96901798e-01 1.78914905e-01 -1.17458701e-01
    1.67801917e-01 -7.21006274e-01 -3.20943892e-01 1.78884149e-01
    -2.30477452e-02 -4.49608505e-01 -1.14435792e-01 -2.48434514e-01
    -5.16981304e-01 -3.00571680e-01 -7.36431122e-01 -3.70634913e-01
    -2.55735070e-01 -1.65936232e-01 2.27662265e-01 -1.66600406e-01
    -2.86162138e-01 2.31762290e-01 -7.23266482e-01 -1.46757305e-01
    -2.54067928e-01 -3.20319057e-01 -6.01566553e-01 -7.57591724e-02
    -1.85117006e-01 -4.33326989e-01 2.26845920e-01 -1.21717095e-01
    -4.40244198e-01 -3.50380152e-01 8.38579535e-02 -1.52817369e-02
    1.92847669e-01 -3.12478095e-01 8.60300660e-02 -5.41580200e-01
    1.45006061e-01 8.99401903e-02 -7.15733051e-01 -1.18993878e-01
    4.11504507e-02 -7.44990945e-01 1.47434413e-01 -3.44419509e-01
    3.94562483e-02 -7.17887044e-01 1.41374946e-01 -3.41307282e-01
    -3.79342616e-01 -5.28283238e-01 -7.13637233e-01 -1.70081139e-01
    -1.30796731e-01 -2.82313913e-01 -1.04757786e-01 -2.50808239e-01
    -6.48424447e-01 -3.53301466e-01 -5.71339726e-02 -1.20552838e-01
    1.82447493e-01 -3.79530549e-01 2.48562932e-01 -3.38578045e-01
    2.34464288e-01 -6.26549482e-01 -4.37363237e-01 -1.45464182e-01
    -2.92801827e-01 1.82493031e-01 -5.87127686e-01 9.41944122e-03
    -6.00316346e-01 -6.55089200e-01 -3.72079909e-01 -4.48253661e-01
    -6.60962939e-01 -4.12572622e-02 -5.40592551e-01 -1.89479589e-01
    -1.71512961e-01 -7.42506027e-01 -3.97450387e-01 5.70870638e-02
    -3.26550215e-01 2.50126064e-01 7.92133808e-02 2.12641656e-01
    -3.82568836e-01 4.33172464e-01 4.62388694e-01 -2.08216637e-01
    3.06532204e-01 -6.78909123e-02 5.17405272e-02 2.34994829e-01
    -8.95244181e-02 -3.48826051e-02 -2.65247345e-01 -5.50239682e-01
    2.83457339e-01 -2.45184243e-01 -5.01792908e-01 -4.48089838e-01
    -2.81748891e-01 1.42799914e-01 1.33225739e-01 -3.43347609e-01
    8.14449787e-03 -2.54395008e-02 6.60342574e-02 -2.17308462e-01
    -2.86308676e-01 -1.56971335e-01 -3.42668563e-01 -4.57045376e-01
    -4.53800797e-01 1.91931844e-01 -3.85272026e-01 -1.88530445e-01
    -4.65332389e-01 1.66841149e-02 9.03338194e-03 -4.19950485e-03
    -3.66143972e-01 -3.61759484e-01 -5.81345379e-01 9.64083076e-02
    2.61987448e-02 -7.27627635e-01 2.01327443e-01 1.23588264e-01
    -3.81048262e-01 1.86034799e-01 -5.45824587e-01 -1.78573132e-02
    9.65135694e-02 -6.63391948e-01 -4.16175753e-01 -1.77244842e-01
    -6.25069976e-01 8.78670216e-02 -7.76925683e-01 -3.92763019e-01
    8.55411291e-02 6.45442605e-02 -1.07435524e-01 -5.65731466e-01
    -3.63319218e-01 -3.75337005e-02 4.86766696e-02 -1.77408755e-01
    -1.46253705e-02 1.64430976e-01 -7.50842094e-01 -4.43882227e-01
    8.02986622e-02 -2.31592059e-02 -4.91523623e-01 4.87124920e-03
    -5.37912369e-01 -6.65219426e-01 -6.00759029e-01 1.35381460e-01
    -2.20200956e-01 -1.09127700e-01 -1.41655266e-01 -7.48691678e-01
    -4.84366715e-01 -1.11177564e-02 1.03483617e-01 -2.02104688e-01
    -2.60079294e-01 9.40107703e-02 -5.13586223e-01 -3.89282644e-01
    -4.54483420e-01 -2.95743346e-02 -3.61659527e-01 -6.51043773e-01
    1.34634256e-01 -2.34713912e-01 -1.00933492e-01 -2.42463291e-01
    3.46199870e-02 2.42151439e-01 -2.31735110e-02 -7.14781880e-02
    -1.60022140e-01 -3.40985715e-01 -5.00193059e-01 -1.96721911e-01
    -7.56740093e-01 -3.78365636e-01 -2.84197122e-01 -5.50186634e-02
    -1.97427332e-01 -7.36688495e-01 -6.49363518e-01 1.33259416e-01
    -7.37436056e-01 -7.41338134e-01 -5.46841383e-01 -5.48449159e-01
    -5.99952936e-02 -5.70856810e-01 -1.81496620e-01 -6.39996052e-01
    1.07535422e-01 -6.34654880e-01 -2.61809170e-01 -4.33024019e-01
    -2.54633725e-01 -5.64917326e-02 -2.89720505e-01 -4.94764954e-01
    1.97391808e-01 -1.94946170e-01 -7.45965838e-01 9.26321745e-03
    -3.61329317e-01 -5.37524819e-01 -1.43622041e-01 -1.61510587e-01
    7.42323399e-02 -2.30868101e-01 -4.57079649e-01 1.65477097e-01
    -6.23435557e-01 -5.45363784e-01 -7.35719979e-01 -3.62162352e-01
    2.26190090e-01 -2.39759684e-01 1.43600225e-01 -5.12146413e-01
    1.76387131e-01 -2.85549670e-01 -6.15084410e-01 4.44163084e-02
    -7.46628165e-01 5.11036515e-02 -4.93385643e-01 -6.41372919e-01
    -5.78722358e-02 -5.82641542e-01 -1.70923889e-01 -4.27913904e-01
    -2.59573281e-01 -6.84322953e-01 -6.98041320e-02 2.01149523e-01
    1.54064119e-01 -5.38991570e-01 4.45061922e-02 -7.05054760e-01
    -7.29978740e-01 -5.68574011e-01 -3.90887082e-01 -1.62958324e-01
    -4.70858067e-01 -9.85648632e-02 -7.57704675e-01 -3.75438035e-01
    -4.96274233e-03 -9.72747803e-05 -6.71520352e-01 -5.63587248e-01
    9.78230238e-02 -1.46657705e-01 -3.65822047e-01 -7.00336695e-02
    2.33229637e-01 -6.50021553e-01 1.67564154e-02 1.16624594e-01
    -4.71659452e-01 -3.24102730e-01 -4.13358957e-01 1.83006942e-01
    -7.35143900e-01 2.00889885e-01 -5.88149309e-01 -1.38891160e-01
    -3.32886070e-01 -7.01400757e-01 1.72388315e-01 -4.09925818e-01
    -4.74197388e-01 -7.26632237e-01 7.10809827e-02 -2.96505034e-01
    -7.41204381e-01 -6.99914992e-01 -2.57572532e-02 3.09895277e-02
    -4.85900909e-01 -2.47215271e-01 -2.27029443e-01 -6.06700003e-01
    2.10695803e-01 -3.73520494e-01 -3.35650235e-01 -4.55980062e-01
    -2.73753464e-01 -2.62968242e-01 2.26799607e-01 -9.66469646e-02
    -5.13080657e-01 -1.49533331e-01 -6.57979250e-01 1.22943521e-01
    -3.29775691e-01 -3.50714803e-01 -5.30175269e-01 -7.21584439e-01
    -1.87355518e-01 2.29229391e-01 -4.04849648e-01 -1.48662567e-01
    -9.71309543e-02 5.09691238e-02 -1.59718633e-01 -2.56153941e-01
    -1.78395510e-01 -5.73583186e-01 -1.88889980e-01 -2.49548018e-01
    -4.77550149e-01 -2.61645824e-01 1.68722332e-01 1.26537919e-01
    2.37005472e-01 1.14725769e-01 -1.56918764e-02 1.74181402e-01
    3.55665684e-02 -5.20727158e-01 1.85227990e-02 2.74999142e-02
    -2.76866853e-01 9.07543898e-02 2.06523061e-01 -1.22002542e-01
    -2.68612295e-01 2.21895963e-01 -5.44588864e-02 -4.25321460e-02
    5.05800724e-01 -3.09192657e-01 3.19438905e-01 2.40597785e-01
    4.37016964e-01 -3.87687087e-01 1.22435391e-01 -3.00828457e-01
    -6.20339036e-01 -6.19354248e-01 -1.49427176e-01 -2.83968508e-01
    -1.26174629e-01 9.93949771e-02 -7.05328763e-01 -1.35299563e-02
    -6.04653955e-01 5.65199852e-02 1.58886194e-01 1.05240643e-01
    2.75098503e-01 -2.84914881e-01 -6.44202828e-02 -3.92550021e-01
    -3.53784382e-01 -3.05865616e-01 2.97285318e-02 -3.12434852e-01
    -3.72901410e-01 -2.64098406e-01 -5.35270452e-01 -5.56957066e-01
    -1.58348083e-01 -7.17292190e-01 -6.94229901e-01 -2.32949317e-01
    -2.52279043e-01 -1.65208697e-01 -5.81711352e-01 -2.16928840e-01
    1.90779984e-01 -7.76942372e-01 -5.18715501e-01 -2.59629667e-01
    -1.52787566e-01 -6.30916238e-01 -6.32104278e-01 -5.95020533e-01
    -7.32976198e-03 -5.05675077e-01 1.66376948e-01 -4.64445889e-01
    -3.85466069e-01 -1.70948625e-01 -6.46225631e-01 -2.56777346e-01
    -4.32442665e-01 -7.58014083e-01 1.46619737e-01 7.49504566e-02
    -3.82256299e-01 -9.38045979e-02 -3.27009827e-01 1.08790338e-01
    1.88527465e-01 -1.63236856e-01 -6.02722406e-01 1.73391819e-01
    -7.26503491e-01 -4.68705863e-01 -7.05941379e-01 -6.56565368e-01
    -5.30046582e-01 -5.59627175e-01 -9.66060162e-02 -2.18642533e-01
    -2.04276443e-01 -1.74416900e-01 -5.02847075e-01 -2.35597491e-01
    -5.77426732e-01 -2.67713726e-01 1.80420399e-01 -3.18364322e-01
    -1.46216273e-01 -4.71801758e-02 -6.67683244e-01 -7.11844981e-01
    5.62433004e-02 8.01945925e-02 -2.28420675e-01 -4.20934439e-01
    -3.10508609e-02 -2.71535069e-01 1.41375482e-01 -3.23621690e-01
    -2.47061729e-01 -5.44493794e-01 -2.32252061e-01 2.25702286e-01
    -1.96934462e-01 -5.33659160e-01 -3.88054252e-01 -2.13031769e-02
    -2.10380971e-01 -7.56573796e-01 -7.21428394e-02 -7.30475187e-02
    -5.01220882e-01 2.03639090e-01 -2.00614274e-01 -1.12148941e-01
    1.00781918e-01 -1.32043958e-02 -7.24938154e-01 -3.22170317e-01
    -4.60983336e-01 -3.41643631e-01 -1.25065029e-01 -5.69002271e-01
    -5.03117681e-01 1.96286321e-01 -1.69860721e-01 -5.79119682e-01
    1.84460282e-02 -1.36681914e-01 -7.25013614e-01 9.97436047e-03
    -2.63187051e-01 -2.10837662e-01 -1.74447834e-01 1.48850679e-01
    -9.96459126e-02 -1.97324157e-01 -6.69991612e-01 -5.89210391e-01
    -5.94179630e-02 -3.28707635e-01 -2.07577765e-01 -1.76225483e-01
    -4.49795544e-01 -6.89919472e-01 -3.80176246e-01 1.28369451e-01
    -3.50750953e-01 -7.05363452e-01 -9.16476250e-02 1.21569037e-01
    -3.59044135e-01 -3.31205130e-02 1.84368491e-01 1.87816203e-01
    -6.95457697e-01 1.68507576e-01 -1.46063387e-01 -5.52431345e-01
    -7.55076647e-01 -1.04096770e-01 -4.61328655e-01 1.19373918e-01
    -7.21736908e-01 -5.14681518e-01 1.42266810e-01 -4.99097943e-01
    -2.22057819e-01 1.57930791e-01 -3.09347987e-01 -3.44221801e-01
    9.82055664e-02 -1.83149159e-01 -4.06744301e-01 -4.80902791e-01
    7.39274621e-02 -3.64540517e-01 -2.92772591e-01 -2.46242583e-01
    -3.95610988e-01 -6.08612835e-01 -6.84473991e-01 1.51581764e-01
    -1.01124704e-01 -6.48450494e-01 1.78542078e-01 -2.12033391e-01
    -7.16450095e-01 2.49479413e-02 -2.36342728e-01 -5.35307288e-01
    -4.97901410e-01 -1.56793177e-01 1.39697134e-01 -1.81668043e-01
    1.62763536e-01 -3.44487846e-01 1.51917160e-01 -2.98367560e-01
    -5.12137175e-01 -3.60330224e-01 -7.25702822e-01 -7.04806089e-01
    2.56222308e-01 -5.34115911e-01 -3.66107732e-01 -2.32614398e-01
    -2.76085466e-01 1.85387731e-01 -1.45248234e-01 8.58811140e-02
    -4.35027808e-01 -1.52198553e-01 -1.78861856e-01 -8.79671574e-02
    -5.34549356e-01 1.61057472e-01 -1.30505681e-01 -3.29292119e-01
    -2.29670465e-01 4.07388806e-02 -6.42960012e-01 -9.19204950e-02
    -1.32326424e-01 -3.33898872e-01 -5.09736061e-01 -1.71611905e-01
    -9.06463861e-02 1.78008378e-01 -7.30265081e-01 -8.38260651e-02
    -4.53253508e-01 -2.61430144e-01 -4.39744890e-01 -1.08155489e-01
    6.10916018e-02 -2.12735772e-01 4.79096770e-02 -3.00199151e-01
    -2.35276222e-01 2.24975646e-01 -5.59257388e-01 -4.57191229e-01
    -1.61615789e-01 -5.15338540e-01 -6.44774437e-01 8.23708177e-02
    -3.41044247e-01 -7.44121909e-01 -2.46355772e-01 -4.14298028e-01
    -1.89584494e-01 -5.23826659e-01 -1.53757215e-01 -1.59049183e-01
    -8.66459906e-02 -8.13553333e-02 3.03610444e-01 -2.79742479e-01
    -2.66694725e-02 8.47963393e-02 2.34658092e-01 1.55441403e-01
    4.78540063e-02 3.04917693e-02 -1.62559152e-01 2.84264684e-02
    -3.43989074e-01 2.07322240e-01 6.67130947e-02 -6.51583433e-01
    -2.68580079e-01 -6.60333157e-01 -4.85862613e-01 -2.63171822e-01
    -6.25036836e-01 -1.84838772e-01 1.94385052e-01 -6.23311281e-01
    -7.11175203e-01 -5.95149636e-01 -1.39776051e-01 -2.43048638e-01
    -6.29022717e-01 -5.84869444e-01 -5.24549484e-02 -5.39716363e-01
    6.76864386e-03 -5.45240164e-01 -8.97858143e-02 -4.19490099e-01
    -4.15572524e-02 1.07220471e-01 -4.65148211e-01 -2.07362235e-01
    1.35262907e-01 9.54052806e-02 -2.21353292e-01 -6.81778193e-01
    3.57045531e-02 1.67121530e-01 -3.42905164e-01 4.90933657e-03
    -2.44553089e-02 2.66289711e-02 -7.82054484e-01 -2.91838050e-01
    -6.95260167e-02 1.88186586e-01 -3.34270656e-01 -3.40705156e-01
    1.24642849e-02 -5.25835276e-01 -7.62677193e-01 9.65566635e-02
    1.59532726e-01 -2.91353405e-01 1.25546575e-01 -4.73881304e-01
    -1.72464490e-01 -4.03875232e-01 -5.30042887e-01 -2.91540444e-01
    -4.42760795e-01 -4.96511102e-01 -3.32143456e-01 2.98943520e-02
    -1.66239321e-01 -1.32830739e-02 3.76209021e-02 -6.18559480e-01
    1.07262731e-02 -3.29391360e-01 -7.40769148e-01 5.20012379e-02
    -5.37653565e-02 -7.36494064e-01 -3.28439176e-01 -6.65992737e-01
    -4.11501646e-01 1.58670843e-01 -1.45294428e-01 -2.81667858e-01
    -3.25787514e-01 -7.53758788e-01 -6.41416192e-01 -1.13553822e-01
    1.94944084e-01 8.39772820e-02 -2.47127831e-01 -1.44053042e-01
    -8.10177326e-02 -3.78679574e-01 -3.62064898e-01 -3.79592985e-01
    -9.01468396e-02 1.49240255e-01 6.34169579e-03 -2.07796335e-01
    -1.97846115e-01 -5.88306606e-01 2.80008912e-02 -5.24100363e-01
    -3.25130939e-01 -2.34107554e-01 -6.35793805e-01 -7.06454635e-01
    -6.40911102e-01 -2.55454987e-01 -1.01299942e-01 -2.39634991e-01
    -3.92797649e-01 -1.75744832e-01 -2.84947634e-01 -1.41411722e-01
    -4.84494507e-01 -1.68351233e-01 2.14367926e-01 -3.86534989e-01
    4.86580133e-02 -2.40266323e-03 -2.74453431e-01 -6.52197123e-01
    -3.92792106e-01 -1.82925224e-01 5.91763854e-02 -4.03518498e-01
    -6.18257284e-01 -3.45357656e-01 -5.14184594e-01 -2.39643991e-01
    -2.62470245e-01 1.48292482e-01 -4.66243297e-01 -4.85374659e-01
    1.81431592e-01 -6.02501750e-01 -1.52995765e-01 -3.76013517e-01
    -1.54918611e-01 -1.63689315e-01 -6.22592747e-01 -5.99210382e-01
    -1.42209291e-01 -6.61131382e-01 -1.02969289e-01 -1.17940009e-01
    -1.10312402e-01 -5.40274978e-02 -2.56160021e-01 -5.24177849e-01
    -4.42162871e-01 -2.40196645e-01 -1.76298559e-01 -4.83301580e-01
    1.70479298e-01 -1.44669294e-01 -4.06597793e-01 9.34643745e-02
    -5.27857542e-01 -7.46984243e-01 -2.00800776e-01 -6.48039818e-01
    2.14204848e-01 -7.57573843e-01 -9.46776271e-02 -5.64996004e-01
    -3.80264431e-01 -7.26120830e-01 5.58053255e-02 -6.11497164e-01
    -6.86628819e-02 1.00211620e-01 1.72680020e-01 -1.06740236e-01
    -4.15992022e-01 -5.61648488e-01 -1.16664410e-01 -3.14690500e-01
    -1.97421968e-01 -2.61248916e-01 2.54402101e-01 -1.97619975e-01
    1.08069360e-01 -5.27651906e-01 2.14068294e-02 -1.08839929e-01
    1.21051252e-01 -1.17667615e-01 -5.66187799e-01 -6.41951740e-01
    -4.96766716e-01 -6.03514552e-01 1.14446163e-01 2.67047048e-01
    -4.81457323e-01 -4.31450725e-01 -1.95193350e-01 1.83990598e-01
    -4.50392634e-01 1.22351646e-02 -6.03734493e-01 -1.47386730e-01
    1.59978807e-01 -2.39837170e-02 -2.80576199e-01 -4.65341091e-01
    2.70686328e-01 -2.20629632e-01 -3.86990160e-01 -6.50649548e-01
    -5.08996785e-01 -6.94015026e-01 -4.40239608e-01 -1.35798395e-01
    -5.43607950e-01 -2.21404314e-01 -1.25384212e-01 -5.47538340e-01
    -4.29950118e-01 -4.81138289e-01 2.02564776e-01 -3.16293031e-01
    -6.08247638e-01 -2.83515394e-01 -6.19274020e-01 -3.65034193e-01
    6.46982789e-02 -6.74327374e-01 -6.67375922e-02 -7.68011808e-03
    -2.02468157e-01 -6.47919178e-01 -2.85486639e-01 -2.14516103e-01
    5.23555875e-02 -7.41791725e-01 -4.86095309e-01 -5.97323895e-01
    -5.33511639e-01 -2.95462996e-01 -1.60105109e-01 -3.38647783e-01
    -5.19770503e-01 1.54773593e-01 -5.74793518e-01 1.54768825e-02
    2.13089228e-01 -3.59715074e-01 -3.10156405e-01 -3.23715121e-01
    4.00487363e-01 4.67733473e-01 5.08469343e-02 -3.47539812e-01
    3.13226432e-01 5.35093963e-01 7.45670497e-02 -4.69416410e-01
    -3.12665910e-01 -4.82457310e-01 -4.48387980e-01 2.28608251e-01
    -4.72699881e-01 -3.93870652e-01 -4.96734470e-01 -5.60130596e-01
    -3.46340001e-01 -3.21826786e-01 -5.43295026e-01 -4.32030797e-01
    -3.51144791e-01 -2.81728268e-01 -4.47369337e-01 1.60077214e-01
    -1.23238504e-01 -3.17777395e-01 -1.73801184e-01 5.09619713e-05
    1.16428614e-01 -2.97911286e-01 -7.03191757e-03 1.21422589e-01
    -2.76099980e-01 -5.86930037e-01 -1.71132624e-01 -5.09745002e-01
    -1.32372379e-01 4.77769971e-02 -5.22277415e-01 1.26287341e-02
    -1.97795331e-01 -3.06569159e-01 7.06408620e-02 -5.57404339e-01
    -4.06569600e-01 -3.90933484e-01 -3.29604417e-01 1.60169005e-02
    -6.61709785e-01 -5.12386441e-01 -7.36131728e-01 -7.62947679e-01
    -1.22685671e-01 -3.52269351e-01 -3.71342093e-01 -8.06358159e-01
    -5.17570734e-01 5.99115491e-02 -4.50905204e-01 -1.28847718e-01
    -5.53166747e-01 2.90347934e-02 -7.41653979e-01 -5.95486999e-01
    -1.57477498e-01 -7.16387928e-01 1.08832836e-01 6.76536560e-03
    -6.31187558e-02 -4.79841232e-02 -3.20069224e-01 -6.30285084e-01
    -2.97677815e-01 -1.87941074e-01 1.35983348e-01 -5.92829585e-01
    -4.53711629e-01 -6.33884549e-01 -5.25088251e-01 -5.46676934e-01
    -6.65800333e-01 -5.54502726e-01 -5.60516357e-01 7.59443045e-02
    -7.43635178e-01 -4.94106233e-01 -5.75047374e-01 -3.64856482e-01
    -1.01250350e-01 -6.91746593e-01 -5.65995634e-01 -1.15512311e-01
    -1.23735487e-01 -5.23883224e-01 -6.72983825e-01 1.46754920e-01
    2.05076635e-01 -5.05829453e-02 -3.60235333e-01 -6.95814848e-01
    -4.63837862e-01 -6.64804459e-01 -1.38330638e-01 1.71656191e-01
    -5.03690839e-01 1.13277018e-01 -5.55445790e-01 -6.40935898e-01
    -4.77433503e-01 -5.93774080e-01 -6.55340552e-02 -7.07597494e-01
    -2.33279467e-02 1.25448883e-01 7.74378777e-02 -4.15230632e-01
    -6.39247656e-01 1.64542794e-01 -1.42136812e-01 -4.36234891e-01
    1.84387863e-01 1.33566260e-01 9.03316736e-02 -1.02495015e-01
    -6.64877295e-01 -5.07403612e-01 -2.48360068e-01 -7.30347991e-01
    5.10572195e-02 8.60855579e-02 2.96235085e-02 -5.01703501e-01
    2.51987219e-01 -2.03513503e-01 1.05164289e-01 -1.00730181e-01
    -1.34809852e-01 -7.10756481e-01 1.05793476e-01 -2.19395876e-01
    -8.50386620e-02 1.65390015e-01 -5.02667189e-01 -2.14933515e-01
    -3.02233934e-01 -5.53424716e-01 -4.88692105e-01 -5.74176073e-01
    -4.16737795e-02 -6.58758521e-01 -3.53158891e-01 -1.94567561e-01
    -2.52879322e-01 -2.79414058e-02 -6.35436654e-01 -5.07699847e-01
    -1.06857657e-01 -3.46263647e-01 -4.88000512e-01 -5.09411275e-01
    1.94725096e-01 -4.16934609e-01 7.17344284e-02 -1.10824764e-01
    8.81730318e-02 1.95539117e-01 -3.63529086e-01 1.71431541e-01
    -1.25914693e-01 -1.67489886e-01 -5.89562178e-01 -6.80638015e-01
    -2.61689276e-01 -1.58993185e-01 -6.91543460e-01 -1.75905824e-02
    -6.61483049e-01 -3.46634477e-01 -6.44129872e-01 -3.93951714e-01
    -8.15515518e-02 -5.39521694e-01 -3.58481616e-01 1.86924219e-01
    -7.22625375e-01 -6.13008738e-01 -6.66258693e-01 2.39774108e-01
    1.82372332e-03 -4.40652668e-01 -2.80932456e-01 -4.96359795e-01
    -2.51650304e-01 -1.12291396e-01 -5.21256804e-01 2.53584325e-01
    1.62280917e-01 -1.37337506e-01 -3.79788280e-02 7.60518312e-02
    1.65433288e-01 2.70390689e-01 -3.24514449e-01 -6.12709284e-01
    -6.07155681e-01 -5.40266037e-01 -4.57046151e-01 -3.36488575e-01
    1.73828959e-01 1.09112144e-01 1.42451882e-01 -6.08851314e-02
    -5.76180398e-01 -6.65711522e-01 2.29181170e-01 -5.07710814e-01
    -6.29661083e-01 2.15698302e-01 9.35456753e-02 1.86344862e-01
    -1.04752660e-01 -4.00568545e-01 -4.15414095e-01 -3.18658441e-01
    6.67166114e-02 -1.77708566e-01 -7.00417459e-01 -5.79177022e-01
    1.55117810e-01 -1.21361852e-01 1.57316327e-01 -2.19099522e-02
    -2.52904534e-01 -4.62150872e-01 -3.84084731e-01 -7.35040963e-01
    -5.37190318e-01 1.60452187e-01 -2.91431636e-01 5.45996428e-03
    -1.12423480e-01 2.05703676e-01 -5.91414213e-01 -5.83892941e-01
    -4.46095467e-02 4.33576107e-02 -4.54085290e-01 -2.92666376e-01
    -4.79522616e-01 -6.67333663e-01 -6.91696644e-01 -3.05840790e-01
    -1.46412969e-01 -1.42685533e-01 -3.61397535e-01 6.34855032e-03
    1.84423804e-01 -2.35372007e-01 2.53145784e-01 -1.40038729e-02
    -2.40874827e-01 -1.11961514e-01 2.72426516e-01 -3.75669956e-01
    -4.71881926e-01 -4.28572118e-01 -3.29856545e-01 -2.70903349e-01
    1.37735963e-01 -3.21498692e-01 -4.94838357e-02 -6.48844242e-01
    -6.17167473e-01 -2.25734472e-01 5.22114635e-02 -3.94463241e-01
    -5.17022967e-01 -4.81581092e-01 1.55957639e-01 -7.06819475e-01
    1.98497176e-02 -5.62329590e-01 -5.27685940e-01 2.76032567e-01
    -2.20058799e-01 -6.99053764e-01 -6.14976764e-01 -3.53218794e-01
    -4.98427302e-01 1.24807954e-02 -5.98834157e-02 -4.13755000e-01
    -6.13384604e-01 1.39765739e-01 -1.10763907e-02 2.05488324e-01
    1.30323827e-01 -4.33363736e-01 -6.25841498e-01 -2.74795502e-01
    7.79046416e-02 -8.38158131e-02 -3.81517291e-01 7.41819143e-02
    -2.59277105e-01 -3.77734393e-01 -5.75007260e-01 -1.03729784e-01
    -2.13450193e-02 1.71508491e-01 -2.26809144e-01 -1.73612714e-01
    -5.03773212e-01 -2.27439404e-02 1.88291907e-01 -4.78317469e-01
    -1.06216609e-01 -7.68097043e-01 2.09505618e-01 1.56808555e-01
    -1.71359420e-01 7.08068609e-02 -5.85962892e-01 -4.87574637e-01
    1.34197295e-01 -6.43335879e-01 -3.41823906e-01 -3.95721138e-01
    -1.39907002e-02 -5.95436335e-01 1.81319177e-01 9.75299478e-02
    2.12052941e-01 -3.36722136e-02 -5.58014810e-01 -1.33346677e-01
    9.71673727e-02 2.31796026e-01 5.81780672e-02 -1.99161232e-01
    -5.39944828e-01 9.35133100e-02 -1.59194529e-01 -4.11080718e-02
    1.02396548e-01 -4.18438762e-01 5.54240346e-02 8.65958333e-02
    -7.34204829e-01 -2.53293514e-02 2.05435276e-01 1.13287270e-01
    -5.18002391e-01 -1.22569144e-01 -3.65116119e-01 -1.57552123e-01
    -3.87738824e-01 -9.70414281e-02 1.89903319e-01 1.17624521e-01
    1.65166676e-01 1.29832864e-01 -2.11987495e-01 -7.23426223e-01
    4.61108685e-02 -2.16103375e-01 1.38835132e-01 -3.71698618e-01
    -3.23097944e-01 1.03962660e-01 1.69751644e-02 -6.95613503e-01
    -4.44495022e-01 -5.60827553e-01 -5.91190577e-01 -6.22591019e-01
    -5.83011627e-01 -2.48821497e-01 5.50849438e-02 6.39342070e-02
    -5.44307232e-01 -4.40682709e-01 -3.62791657e-01 -4.42638367e-01
    -6.63648546e-01 1.58193827e-01 1.35373414e-01 -2.99701095e-01
    -1.00731850e-01 -5.42807937e-01 2.28872061e-01 -2.00398326e-01
    -2.69603133e-01 -5.58208168e-01 -4.07064319e-01 -9.02249813e-02
    -2.91382998e-01 1.94380105e-01 -5.13595581e-01 -6.45649910e-01
    -8.74310732e-03 1.30549729e-01 -9.53547955e-02 -1.08503461e-01
    -5.36444545e-01 -7.35311151e-01 -5.30888915e-01 -3.24589610e-02
    -1.99111342e-01 -5.97470343e-01 -3.73783052e-01 -3.86285752e-01
    -3.16147447e-01 1.78959310e-01 2.28851438e-02 -2.29820490e-01
    -2.33078003e-03 1.81502461e-01 -3.16127479e-01 -4.06611204e-01
    -7.52302408e-01 -3.95797789e-01 -1.89814210e-01 -2.27742612e-01
    -5.71701229e-01 2.35998034e-02 -5.08318543e-01 -6.57804370e-01
    -2.61041820e-01 -3.34901780e-01 -6.46221995e-01 -2.77201205e-01
    -4.53824788e-01 2.37322986e-01 -6.88249469e-02 -6.63643360e-01
    -3.46166760e-01 -1.51314735e-02 -4.38636243e-01 -6.75150275e-01
    -4.60330665e-01 -6.55504704e-01 -7.34055638e-02 -3.43241215e-01
    9.32682157e-02 -6.53019786e-01 -4.68192935e-01 -4.43288088e-01
    -5.59624672e-01 -2.42772073e-01 -3.26888382e-01 -9.46278572e-02
    2.50699282e-01 -1.93652511e-02 1.89071178e-01 8.59254599e-03
    -3.06365281e-01 -2.86047161e-01 -4.72045541e-01 1.09405100e-01
    -3.44762623e-01 -6.22216940e-01 -5.13300776e-01 2.10962713e-01
    -1.21275604e-01 -2.99733728e-01 -1.78052306e-01 -7.12998152e-01
    -4.08644825e-01 -2.25326061e-01 -7.18540728e-01 -6.55673921e-01
    -6.84447289e-02 -4.60456729e-01 2.28708029e-01 -1.75284684e-01
    -1.15072191e-01 2.46708393e-02 -5.59243798e-01 -2.12415755e-01
    -5.09279966e-03 -1.54481709e-01 -6.30807340e-01 -1.61521435e-01
    -5.22282243e-01 1.76509857e-01 -7.19709873e-01 -5.58719039e-02
    -3.36015821e-02 -3.39475960e-01 -1.39330149e-01 -2.46551037e-02
    2.69082785e-02 2.01216877e-01 -1.73445344e-01 1.25317395e-01
    -6.02901936e-01 2.41518795e-01 -6.16865754e-01 8.12633038e-02
    -8.35655332e-02 1.60111368e-01 7.71660805e-02 -6.44811034e-01
    5.64780235e-02 -2.56919861e-03 -7.14379847e-01 -3.95195305e-01
    7.59947300e-02 -6.04791641e-01 2.87270606e-01 -5.46262622e-01
    -3.28903198e-02 -2.01644570e-01 -9.48188007e-02 3.85041296e-01
    1.49649620e-01 4.83797699e-01 -2.29734838e-01 3.79602790e-01
    -2.74196625e-01 -2.10268676e-01 -1.56453520e-01 -3.26746345e-01
    -2.45057017e-01 -1.83945239e-01 -3.07057858e-01 -1.16293073e-01
    1.33063674e-01 -3.35897207e-01 4.24546003e-03 -4.60822701e-01
    -6.14837289e-01 -1.58619940e-01 -3.60073239e-01 -1.76567912e-01
    -7.18130827e-01 -6.54774785e-01 -5.60196042e-01 -5.73886752e-01
    7.15969205e-02 -6.61855936e-02 -4.30815279e-01 -6.71657562e-01
    -5.28842330e-01 -1.27474189e-01 -7.01761723e-01 -4.23492998e-01
    -4.14354086e-01 -7.31717348e-01 -7.29244530e-01 -4.84150827e-01
    -7.24606156e-01 -2.35507607e-01 -4.53193665e-01 -3.21789384e-02
    -7.56308615e-01 -3.57251436e-01 -7.69903064e-01 -1.74641371e-01
    1.43263936e-01 -3.24967623e-01 -6.18924499e-01 -7.70160079e-01
    -3.74264151e-01 3.14574838e-02 -2.08019257e-01 -2.59113073e-01
    -3.72722208e-01 -2.51320004e-02 -3.48580897e-01 -2.97714829e-01
    -7.74977565e-01 2.56608129e-02 -2.36931026e-01 -5.85533977e-02
    -2.41380811e-01 -4.78821307e-01 -4.06527102e-01 -8.53111148e-02
    1.11463189e-01 -6.24255896e-01 -1.08232796e-01 3.99222374e-02
    5.50498366e-02 -3.71997237e-01 9.19691324e-02 -4.02505159e-01
    -4.43340540e-01 -3.82132292e-01 -3.96637022e-01 -6.66048646e-01
    -1.92318380e-01 -4.19309437e-01 -3.20089877e-01 -1.89356089e-01
    2.06458092e-01 -5.33262730e-01 1.44218981e-01 5.13984561e-02
    -2.59252489e-01 -6.07934952e-01 -2.38568187e-01 -6.93915069e-01
    -3.93964589e-01 -4.32903886e-01 -5.38638651e-01 -6.75669909e-02
    -7.65777528e-01 -2.06088543e-01 -2.40540087e-01 2.51246691e-02
    1.07882559e-01 -7.93336034e-02 -2.21233189e-01 1.54327273e-01
    -1.40832424e-01 -3.31615865e-01 1.36520267e-01 -3.75189036e-01
    6.05309606e-02 8.24493766e-02 -1.16672337e-01 1.80457890e-01
    -2.34792888e-01 -3.06171387e-01 -6.71587288e-01 -2.19297528e-01
    -2.15490699e-01 1.81590199e-01 -2.66116768e-01 1.92141712e-01
    -3.69804919e-01 -4.88560200e-02 1.92028522e-01 -5.01899958e-01
    -6.75409555e-01 -4.08588648e-01 -4.19420540e-01 6.29564524e-02
    -4.11907852e-01 -4.71490711e-01 -2.76144236e-01 -4.63278234e-01
    2.57973909e-01 -4.92661327e-01 -1.09025002e-01 -6.57607853e-01
    2.39794254e-01 -2.52132952e-01 1.63165569e-01 2.46551454e-01
    -2.91667044e-01 1.09751225e-02 4.90130186e-02 -2.69707561e-01
    -6.35290742e-01 1.79134727e-01 -5.43555498e-01 -2.48593390e-01
    -5.03109455e-01 -1.89021945e-01 -5.25032640e-01 -6.01625443e-02
    -3.71154517e-01 -2.08652794e-01 -3.95198673e-01 -4.13312316e-02
    -5.63954115e-02 -7.26403654e-01 2.41142511e-02 -1.14540458e-02
    -4.13652599e-01 -4.88071531e-01 -4.29371327e-01 -3.79815280e-01
    -7.07387328e-01 -1.31521761e-01 -1.52571023e-01 1.38049960e-01
    1.54756784e-01 -3.35097194e-01 -7.40474343e-01 -8.85632038e-02
    -6.47426367e-01 -7.20314026e-01 -6.57149911e-01 -2.73456693e-01
    1.37469828e-01 -4.15218472e-02 2.47923613e-01 -7.55417824e-01
    -3.70782793e-01 -8.01907182e-02 -1.12466633e-01 -6.58920646e-01
    -1.93251312e-01 1.10173404e-01 2.04729080e-01 2.72992373e-01
    -7.04279184e-01 1.08521938e-01 1.08842850e-01 -7.36225665e-01
    -4.50571299e-01 -4.39653456e-01 4.20454741e-02 -6.18492365e-01
    -1.24711394e-01 -5.79767644e-01 -1.05103850e-01 -2.64543563e-01
    1.89319611e-01 -4.68534827e-01 1.57996833e-01 7.66447783e-02
    -3.72925699e-01 3.58581543e-04 -6.12733364e-01 2.18181551e-01
    -2.86603600e-01 -4.04012620e-01 1.81228995e-01 4.22424674e-02
    1.73635602e-01 1.91457987e-01 1.10205829e-01 -7.48228550e-01
    -1.66887760e-01 1.98045433e-01 -4.14144993e-02 -5.22709489e-01
    2.11693645e-02 -3.27595145e-01 -5.80277681e-01 -4.79015410e-01
    -4.03582454e-02 -2.58454263e-01 -4.04691517e-01 2.40902424e-01
    4.67882752e-02 -7.35556066e-01 -4.17056948e-01 4.32626009e-02
    1.49835885e-01 -2.12078035e-01 -1.20218158e-01 -4.92374122e-01
    -6.02458537e-01 -7.30952799e-01 -6.38860762e-01 -2.97020048e-01
    -5.29070020e-01 -1.65758133e-02 -6.18124723e-01 -2.95852482e-01
    -3.48549604e-01 -5.78646183e-01 -5.94956636e-01 -4.92365956e-01
    1.30391777e-01 -2.49624968e-01 -7.10479498e-01 -6.61716342e-01
    6.90019131e-03 7.26431608e-02 -5.51533580e-01 -5.44505715e-02
    -4.43265796e-01 -2.33612001e-01 -2.27401793e-01 3.29247087e-01
    -1.98277503e-01 2.66881824e-01 1.19180560e-01 -4.23633724e-01
    -4.08332825e-01 -2.01420903e-01 -2.62598187e-01 -2.23686934e-01
    -2.80597746e-01 9.30303335e-03 1.28801107e-01 -3.79526287e-01
    -3.47287595e-01 -1.11466825e-01 -3.07843417e-01 -3.01500857e-01
    -1.29937291e-01 -5.07225215e-01 -1.07302070e-01 -2.92957813e-01
    -4.43392038e-01 -5.68688214e-01 -6.69424176e-01 -5.74647665e-01
    -2.43596435e-01 -6.65110826e-01 -2.89521396e-01 7.39269257e-02
    -4.34178919e-01 -4.85937059e-01 -8.26423168e-02 -5.86331427e-01
    -1.92974985e-01 -4.41972375e-01 -3.39648187e-01 6.92920685e-02
    -2.04024196e-01 -7.21322775e-01 -7.24393606e-01 1.37067378e-01
    1.34375453e-01 -3.71862799e-01 -3.94811898e-01 -4.98639047e-01
    -4.42394495e-01 -6.57351255e-01 4.61827517e-02 2.01976597e-01
    -3.96767348e-01 -8.42707753e-02 -7.24602818e-01 1.35644436e-01
    -6.70580089e-01 -5.75310588e-01 -2.53193974e-02 -2.97834516e-01
    -6.46503925e-01 1.32325590e-01 9.74327326e-02 -6.83573544e-01
    -7.61370540e-01 -6.56554818e-01 -5.64007521e-01 -8.19557309e-02
    7.82692432e-02 -3.38424712e-01 -6.95055306e-01 -4.71650898e-01
    -7.29756176e-01 -7.33650208e-01 -4.81693327e-01 -6.05451584e-01
    4.73608971e-02 -1.07532203e-01 5.71672916e-02 -5.51630735e-01
    -3.99438918e-01 -4.07503903e-01 -5.24845362e-01 -1.16802394e-01
    -1.86433375e-01 -2.61093378e-01 -3.32407892e-01 6.78963661e-02
    -2.03186870e-02 -9.76964235e-02 -2.95605302e-01 -6.26140833e-02
    -4.46085930e-02 -7.78353691e-01 -4.44480628e-01 -1.85974061e-01
    -2.48909891e-01 -2.72816598e-01 -6.36865020e-01 -5.92702329e-01
    -7.82405794e-01 -4.62661177e-01 -4.87208366e-01 -4.89583403e-01
    -3.77987802e-01 -5.73074460e-01 2.45211363e-01 -1.51607633e-01
    -7.39231944e-01 -3.83705735e-01 2.11154044e-01 7.97283053e-02
    -3.80564183e-01 -3.88206422e-01 1.68330789e-01 2.49138892e-01
    5.76049089e-02 1.68653011e-01 -4.34772789e-01 -1.71723366e-02
    -3.09622914e-01 2.26137340e-01 2.18584299e-01 -2.91571617e-02
    -1.34891510e-01 1.68942869e-01 6.51662946e-02 -5.97170591e-01
    1.98892951e-01 -4.08838928e-01 -2.36134171e-01 -4.18637395e-02
    2.97356248e-02 -5.77770948e-01 -4.51707304e-01 -2.37625510e-01
    1.95935190e-01 -6.68276846e-01 -1.61449313e-02 -1.67242527e-01
    -3.71677816e-01 -6.39649391e-01 -1.54182911e-01 -2.35821873e-01
    -4.61855650e-01 -3.43344003e-01 1.80833936e-02 -2.71620393e-01
    -7.09106922e-02 1.35226667e-01 5.37474751e-02 -9.48510170e-02
    -2.77182400e-01 1.40570939e-01 -6.68245554e-02 -6.96106315e-01
    9.23640132e-02 -4.90142494e-01 -4.83540446e-01 -3.82991672e-01
    6.13551140e-02 -1.32217407e-01 -1.71778738e-01 -5.83872676e-01
    -2.24450171e-01 2.05795705e-01 -2.21896887e-01 -6.82538211e-01
    -1.20610833e-01 -7.44399846e-01 -7.61487186e-01 1.34206951e-01
    1.63116038e-01 -5.30201197e-02 -1.23334587e-01 -6.09356523e-01
    -7.27882147e-01 2.32509971e-02 -5.93793273e-01 -2.04456568e-01
    2.28636861e-01 -5.64353406e-01 2.32094705e-01 1.42670095e-01
    2.35209227e-01 -1.11352503e-01 -3.94918382e-01 -3.33861172e-01
    -2.77468741e-01 2.03465104e-01 -2.92479753e-01 -7.18750238e-01
    2.04219580e-01 -6.22405469e-01 -1.16642952e-01 -5.81206203e-01
    -2.43420511e-01 2.02078044e-01 -4.80063647e-01 -1.74072146e-01
    -6.66571021e-01 -3.90035450e-01 -5.51244974e-01 -1.22435212e-01
    3.55857611e-02 3.63214016e-02 -2.34481692e-01 1.74014628e-01
    -2.26989090e-01 -5.36563993e-02 -5.60254574e-01 7.53575563e-03
    1.41463697e-01 -2.98948318e-01 -4.23378348e-02 -1.66843832e-01
    -2.91787565e-01 -4.65203047e-01 -1.58031642e-01 -4.67337787e-01
    -5.33943713e-01 -2.15170979e-01 -3.60618383e-01 6.63594604e-02
    -7.45283008e-01 2.14316845e-01 -4.55752611e-01 -5.59740305e-01
    -4.75856721e-01 -2.43605375e-01 2.28334188e-01 -2.14607000e-01
    8.09728503e-02 -7.12439358e-01 -6.73608720e-01 -6.85892165e-01
    -1.88737512e-01 -4.48583424e-01 -5.34969330e-01 -3.80519778e-01
    -1.21609569e-01 -6.56349897e-01 -2.64875174e-01 -2.31843889e-01
    -7.45620370e-01 -3.56334776e-01 1.45036936e-01 -7.10353494e-01
    1.82887852e-01 -7.20019221e-01 -2.00757802e-01 2.21459866e-01
    5.69360256e-02 1.86560869e-01 -2.24635899e-01 3.66941214e-01
    -4.20004755e-01 -2.61892676e-01 4.52243000e-01 1.30146563e-01
    1.53653920e-02 3.82229507e-01 -4.54720080e-01 -2.79132605e-01
    -3.80739272e-01 -3.48069936e-01 3.06116045e-01 1.92380488e-01
    -3.33131611e-01 1.11239851e-01 1.85174763e-01 -6.95029736e-01
    -4.88942802e-01 -6.43454492e-01 5.32126427e-03 -6.39943719e-01
    -6.07851565e-01 -9.00471210e-02 1.00946724e-01 -6.30039692e-01
    -4.60433692e-01 2.32626259e-01 -6.66700125e-01 -2.81820744e-01
    -2.98578024e-01 -1.35091662e-01 -4.27800596e-01 -1.31048858e-01
    -5.05119085e-01 -2.22755551e-01 2.45438695e-01 -5.96373796e-01
    -1.70717418e-01 -3.38714719e-01 1.63132668e-01 -1.72928631e-01
    -3.29651833e-02 2.04734921e-01 -3.33729029e-01 -4.86402124e-01
    -3.18314701e-01 5.18457294e-02 -4.01485473e-01 -2.25755811e-01
    -8.29976797e-02 1.39891684e-01 -5.27193785e-01 -6.67563319e-01
    -6.57860875e-01 -1.99583888e-01 -1.51403129e-01 1.18338645e-01
    -2.78483629e-01 -4.50598776e-01 1.90373540e-01 -9.84132290e-04
    -7.34895468e-02 -4.38115597e-01 -1.62359893e-01 1.73775256e-01
    -7.75054693e-02 -1.58780217e-01 4.78506088e-02 -1.43131375e-01
    -3.71577919e-01 1.23943269e-01 -1.69228137e-01 -5.42830348e-01
    1.08310223e-01 1.13982856e-01 -1.21885955e-01 9.74222422e-02
    2.78547406e-02 -3.63370687e-01 -3.00576687e-01 -6.72454119e-01
    -1.90284848e-02 -7.17644691e-02 -3.75283599e-01 -2.51131773e-01
    -7.27381706e-02 -3.74190956e-01 -2.13363886e-01 1.75316393e-01
    2.09185004e-01 2.07456827e-01 -5.60539007e-01 -6.14003003e-01
    1.58248127e-01 -6.13678515e-01 -7.41571307e-01 -6.80566967e-01
    -4.12358433e-01 -4.05372262e-01 -7.66493678e-01 -5.82522631e-01
    -3.53437006e-01 -2.46374547e-01 -6.51242673e-01 -6.86436892e-01
    -2.45557010e-01 -4.69977260e-02 3.92671824e-02 -4.50186431e-01
    -4.98183370e-01 -4.88192260e-01 -1.62065864e-01 -9.36484337e-03
    -6.16692901e-01 -2.69990861e-01 -1.61933780e-01 7.86347389e-02
    -3.60695571e-01 -4.12133574e-01 -7.06731915e-01 -6.89979792e-02
    -5.83612263e-01 -7.09822893e-01 -3.79637927e-01 2.35658526e-01
    -5.63337207e-01 1.20658159e-01 -3.20353270e-01 -1.49392247e-01
    -5.19478440e-01 6.80678487e-02 -4.69146878e-01 -6.76577687e-01
    2.69007862e-01 -3.91845107e-02 -1.27856791e-01 -6.75060809e-01
    -4.51653570e-01 -1.91555202e-01 4.34240103e-02 -3.26533914e-01
    -1.37491405e-01 -1.99782908e-01 2.33442783e-02 1.65759027e-01
    -4.24597025e-01 4.73051667e-02 -2.64565557e-01 -1.98386908e-02
    -6.90719604e-01 2.43557692e-01 -2.69413412e-01 -2.48961121e-01
    -6.96395397e-01 9.13023949e-03 -1.30281031e-01 6.82588816e-02
    -3.12433869e-01 -1.00116551e-01 -6.66311681e-01 -1.36189997e-01
    2.73870230e-02 -3.28793108e-01 -5.35468400e-01 1.43250108e-01
    -4.33461428e-01 -1.75035596e-02 -6.34655237e-01 -2.27065921e-01
    -1.16763175e-01 -2.02261686e-01 6.56775236e-02 5.97125292e-02
    1.27312481e-01 -3.52726132e-01 -3.66110981e-01 -2.90056437e-01
    9.58846807e-02 -2.41921067e-01 -8.24544430e-02 -4.57376420e-01
    -1.01112127e-02 -5.70139289e-02 -4.49054122e-01 -1.78671956e-01
    -2.29892671e-01 -7.01823235e-01 2.37892270e-01 -1.86505437e-01
    3.25212479e-02 -2.08641291e-02 8.41003656e-03 1.97999418e-01
    -6.98537469e-01 -5.52030265e-01 -6.64658785e-01 -3.78370702e-01
    -6.32487059e-01 -4.61486578e-02 -4.61728275e-01 1.35899544e-01
    1.28871739e-01 -4.05132353e-01 -2.42888987e-01 7.80231357e-02
    -6.77228093e-01 2.17434704e-01 -9.01257396e-02 -5.85119903e-01
    -5.34189939e-01 -2.72261947e-01 -7.30826020e-01 -1.23105049e-01
    -4.11914915e-01 5.18544316e-02 -6.11915469e-01 -5.27560711e-02
    -2.93087959e-01 -7.26314306e-01 -3.30211639e-01 -5.67901731e-01
    -2.94141620e-01 -4.08816129e-01 3.26037407e-05 -2.69593924e-01
    6.60367012e-02 -2.81673759e-01 2.41393447e-02 -4.00601029e-01
    -2.21693456e-01 -5.27625680e-02 -4.82882023e-01 -9.80019569e-03
    1.74992144e-01 -4.95949268e-01 4.55579758e-02 1.89788938e-02
    -5.57682633e-01 -7.11857855e-01 -2.70475507e-01 -6.17750108e-01
    -3.69889915e-01 2.44810164e-01 -7.30752110e-01 2.22140968e-01
    9.38516855e-03 -1.29135311e-01 -4.00472283e-02 5.57214618e-02
    2.04763710e-01 -3.28421652e-01 1.82151318e-01 -7.12514341e-01
    6.12463951e-02 -5.22246361e-01 1.95341587e-01 -2.10744590e-01
    -2.65964925e-01 1.44517362e-01 3.87166858e-01 -4.34289277e-02
    -5.07020950e-03 -4.25856113e-02 -2.04601645e-01 3.27205479e-01
    2.01938152e-01 -3.12560946e-01 -6.31235957e-01 -2.59462655e-01
    -1.05232358e-01 -3.89358163e-01 1.15737319e-02 2.79285908e-01
    -3.26025993e-01 1.57819986e-02 -1.55557692e-01 2.74419785e-03
    -6.63457632e-01 -1.56908572e-01 -4.87831831e-02 -1.72915637e-01
    -4.94463831e-01 8.72604251e-02 -3.07877541e-01 -2.80915856e-01
    -2.27121323e-01 -5.32133698e-01 -6.96275949e-01 1.10166728e-01
    -6.82176650e-01 -1.42923117e-01 5.24901748e-02 1.86684966e-01
    1.72968149e-01 -7.07392454e-01 7.78605938e-02 -6.79341078e-01
    -4.09630239e-01 2.32736528e-01 -4.58892643e-01 1.63247883e-01
    -8.57136846e-02 2.54237652e-03 -1.59986973e-01 -3.24701577e-01
    -6.90155983e-01 -1.65913820e-01 -7.46592283e-02 -3.84861827e-01
    1.05493188e-01 1.98193789e-01 -4.87659663e-01 -2.28041172e-01
    8.98817778e-02 -1.53903067e-01 -1.14539981e-01 -2.64015853e-01
    -6.90229535e-02 -4.86025810e-01 -4.35082972e-01 -3.61177385e-01
    -7.10833311e-01 2.18950331e-01 -6.28511310e-02 9.46213007e-02
    -4.49865758e-01 -1.68317020e-01 -3.74789059e-01 -1.45157933e-01
    -2.20318913e-01 -6.24946833e-01 8.02665949e-03 -6.92222834e-01
    1.97447598e-01 -6.52702451e-01 -6.07564688e-01 3.75868678e-02
    1.50170386e-01 -5.49615145e-01 -2.00242817e-01 -2.17169344e-01
    1.57732964e-02 1.68377995e-01 -3.81723046e-02 8.77684355e-03
    -4.91621494e-01 -2.88428903e-01 -5.45069933e-01 -7.70018697e-01
    -5.67516387e-01 -6.89221621e-02 -7.63152957e-01 -2.48645663e-01
    -7.91954875e-01 -2.33129084e-01 9.42842364e-02 -4.08758163e-01
    -4.06992763e-01 -2.65916586e-01 -1.60335779e-01 -5.25290966e-01
    1.01611555e-01 7.77843595e-02 -6.52828336e-01 -1.45056844e-02
    1.78641379e-01 -1.29871249e-01 -6.40557647e-01 -5.79339385e-01
    1.15583539e-01 -2.12765694e-01 1.62725866e-01 -5.96163392e-01
    -4.34755564e-01 2.30378032e-01 7.97744393e-02 -1.99170053e-01
    -2.02138007e-01 -5.81669509e-01 -4.98824716e-02 -3.87433052e-01
    -5.61803460e-01 -4.40205455e-01 -9.10074711e-02 -3.44273031e-01
    -4.71663296e-01 -6.46274686e-02 1.61190152e-01 -3.29462647e-01
    1.65287018e-01 -7.00940490e-02 -2.58201391e-01 -5.31341314e-01
    -4.19917941e-01 -3.07049692e-01 -1.95302784e-01 -4.62906539e-01
    1.40460491e-01 -4.08693075e-01 -1.61464453e-01 -1.00905955e-01
    -6.85634255e-01 1.65621698e-01 -1.56790376e-01 -2.52461851e-01
    -4.52342629e-02 2.23207533e-01 1.74743176e-01 -2.41498709e-01
    -3.17732692e-02 -2.79959589e-01 9.09821391e-02 -3.53793710e-01
    -4.81671125e-01 -4.43213940e-01 1.30039334e-01 1.11223400e-01
    -5.79086065e-01 -5.40960789e-01 2.05673039e-01 1.37201309e-01
    -4.05134082e-01 -2.67399043e-01 -2.64707267e-01 -1.99620128e-02
    -3.27782393e-01 1.64848566e-01 9.41361785e-02 7.77960420e-02
    -7.13708878e-01 -1.22462153e-01 2.39734948e-01 -4.89962012e-01
    1.89787507e-01 -7.13303089e-02 -2.44089186e-01 -2.62686521e-01
    -4.89379376e-01 -1.99484706e-01 1.14449263e-01 -6.58249378e-01
    -1.65862560e-01 2.24506497e-01 -2.67453372e-01 -5.64125597e-01
    -5.90235651e-01 7.17258453e-02 -2.73062557e-01 -5.48685491e-01
    -1.22070551e-01 -1.97403073e-01 -2.75286615e-01 -5.34855962e-01
    -1.41789794e-01 -3.70300859e-01 -5.34078002e-01 1.97534859e-01
    -4.06519830e-01 1.57690108e-01 -6.95047379e-01 1.83338523e-01
    -6.48386002e-01 -7.23270297e-01 -7.04358280e-01 -6.68846309e-01
    -8.87535810e-02 -2.48942435e-01 -2.68325895e-01 -3.65361392e-01
    -6.36204839e-01 -1.97920680e-01 4.27380800e-02 -1.90561771e-01
    -5.52306831e-01 -2.15079725e-01 1.81995213e-01 -2.90541261e-01
    -2.15040088e-01 -3.15891206e-01 -8.57998729e-02 2.27959156e-02
    -1.54012203e-01 -2.55311191e-01 -4.50440556e-01 9.77897048e-02
    -1.21219516e-01 1.73973382e-01 -5.99321127e-01 1.22498155e-01
    8.42932463e-02 -5.93917370e-01 2.32160747e-01 -2.77161807e-01
    2.33767986e-01 -1.24490261e-01 8.73447657e-02 -7.19958544e-03
    -5.73999345e-01 -3.99838984e-01 -2.06191719e-01 -2.64648557e-01
    -2.99058974e-01 -3.68695408e-01 -2.29432404e-01 -4.28757101e-01
    -5.04110694e-01 -6.41878307e-01 -4.53633070e-03 -1.34981096e-01
    -2.24759459e-01 -5.69117308e-01 7.48967528e-02 -2.55954266e-01
    1.77698314e-01 3.70522588e-01 1.06509209e-01 -1.57158077e-02
    -3.09980094e-01 4.35505807e-01 4.24129933e-01 3.89806688e-01
    -7.16474056e-02 -2.00694799e-03 -3.48697573e-01 -6.02718234e-01
    -6.29874289e-01 -6.39361739e-01 1.06270730e-01 6.23131394e-02
    -9.99949574e-02 -4.20564175e-01 -3.04852992e-01 -9.54502821e-02
    -6.07722998e-03 -4.75572079e-01 -5.53378105e-01 -1.70790672e-01
    1.51725590e-01 -1.56191409e-01 -7.46643543e-02 -9.27622318e-02
    -7.94856548e-02 2.71855652e-01 4.85121012e-02 -4.12731349e-01
    2.36170888e-01 -3.29272151e-01 1.64896131e-01 -2.81015456e-01
    -4.59219187e-01 -7.10535169e-01 1.07587934e-01 -1.04765594e-01
    1.16279304e-01 -5.94673157e-02 -5.80568910e-02 -5.35449982e-02
    1.37195647e-01 -7.18525052e-02 -6.14363551e-02 -2.35962868e-03
    -2.58371830e-01 -5.42198896e-01 -3.21439534e-01 -5.40286601e-01
    -7.22529054e-01 2.23404586e-01 1.52932227e-01 -5.14782488e-01
    -4.04257804e-01 -5.89146376e-01 -3.37744892e-01 -6.58481002e-01
    -1.16067111e-01 -7.05951929e-01 -2.80713022e-01 -3.74642462e-01
    -7.44329631e-01 -6.56728387e-01 -7.04406440e-01 -1.92705393e-02
    -6.23448014e-01 -7.07996726e-01 -3.17983836e-01 -1.63597286e-01
    1.45552039e-01 -4.53381866e-01 -5.51458836e-01 -2.09869146e-02
    -5.45466781e-01 -6.81963801e-01 -5.94030857e-01 -3.27268958e-01
    1.41469240e-01 -2.42424428e-01 -4.23777223e-01 7.29107261e-02
    -7.15552032e-01 -5.89608610e-01 1.89089715e-01 -6.05879486e-01
    1.47516906e-01 -2.35662103e-01 -2.84178317e-01 -3.07474136e-01
    1.27780378e-01 -9.84054208e-02 -2.89425254e-02 2.05308557e-01
    -1.87358022e-01 1.79871321e-02 -6.93268776e-01 1.28126323e-01
    -2.48633564e-01 -1.73194349e-01 -1.56096458e-01 -1.58089101e-01
    4.31417823e-02 -5.76906979e-01 -7.07846880e-02 1.25644803e-02
    -7.03167915e-01 -3.38462651e-01 -7.73889959e-01 -3.03081185e-01
    -1.63860679e-01 -3.27722728e-01 -4.28279489e-01 -1.73370123e-01
    -3.13694209e-01 -3.14854354e-01 -1.83951914e-01 -7.40773141e-01
    -5.31149864e-01 3.50638032e-02 1.45366251e-01 -2.41177499e-01
    -1.46113753e-01 -4.81424272e-01 -2.58556664e-01 -3.98805380e-01
    -3.50856870e-01 -6.68407559e-01 -2.54803747e-01 -5.25930464e-01
    1.95467532e-01 -5.84979653e-02 2.26976991e-01 -5.87582350e-01
    -3.23014975e-01 -3.84922922e-01 -6.81173801e-01 7.75166154e-02
    -5.51597297e-01 -6.64978385e-01 1.23299360e-02 -1.91187322e-01
    -6.83288097e-01 -2.99398720e-01 1.82609141e-01 -1.07890189e-01
    -1.44036412e-01 -6.37852550e-01 -2.99928635e-01 -7.42328048e-01
    -2.43230581e-01 -7.15803742e-01 -4.18441176e-01 -7.45923877e-01
    2.49969363e-02 -6.96998239e-02 -2.45501041e-01 -7.27968812e-01
    -2.14309454e-01 -7.08616018e-01 -1.20353699e-02 5.17120361e-02
    -5.26501417e-01 -1.46624267e-01 -7.29977012e-01 -5.91976047e-02
    -2.15426028e-01 -5.19621730e-01 1.21585250e-01 -2.11477578e-01
    -1.63740575e-01 1.60599887e-01 -4.85446900e-01 1.72433972e-01
    1.11258209e-01 -2.77605236e-01 4.57267165e-02 -3.43358934e-01
    -3.85122478e-01 -4.87254053e-01 -7.06308305e-01 -4.45806831e-01
    -4.22639191e-01 -4.39544171e-01 -7.21020818e-01 -4.63256270e-01
    -5.51713049e-01 -3.85336578e-01 2.28779614e-01 -5.28085411e-01
    -1.31444693e-01 -4.56662595e-01 3.43716145e-02 -6.11348212e-01
    2.08552122e-01 -5.30099094e-01 -6.91562772e-01 -6.58527553e-01
    1.46771312e-01 -7.32855320e-01 -3.60232592e-02 -5.92419267e-01
    -7.21544385e-01 -6.57081604e-01 -1.27553344e-01 -4.68959600e-01
    -2.76338696e-01 -6.82819963e-01 2.44847178e-01 -5.97899020e-01
    -6.99865580e-01 -6.98304057e-01 -4.04698789e-01 -5.87172568e-01
    2.28761792e-01 -1.78385735e-01 -2.91317582e-01 -6.39449775e-01
    5.49980402e-02 1.65560365e-01 -2.27411568e-01 -6.05406940e-01
    -6.80281937e-01 2.25166321e-01 -5.34132838e-01 5.03934622e-02
    -2.43077159e-01 4.47770953e-02 -5.76562881e-01 1.03542686e-01
    -5.45579851e-01 -1.98103547e-01 -4.05055523e-01 -6.83572888e-01
    -1.96940899e-02 -4.36959684e-01 -3.48602593e-01 -1.11276388e-01
    2.11921155e-01 -5.27343512e-01 -3.96288633e-01 -2.90258169e-01
    -2.77582169e-01 -3.99306118e-01 -8.03563595e-02 -1.50907993e-01
    -1.06014609e-02 -1.03591263e-01 -3.25978696e-01 -1.29591227e-01
    1.64982855e-01 -1.28452182e-01 -5.59236705e-01 -4.61796522e-02
    -4.66064066e-01 -1.52109444e-01 2.93590307e-01 -2.12146729e-01
    -4.33006883e-02 4.61382717e-01 1.64148033e-01 -5.93730807e-02
    2.24351525e-01 -5.66146255e-01 -1.34794235e-01 -4.49376106e-02
    7.50889778e-02 -5.31825900e-01 2.42161453e-01 -3.77520293e-01
    -4.62116599e-02 -1.09014332e-01 1.17325366e-01 1.81628108e-01
    -4.08835292e-01 -5.33768415e-01 -4.13827121e-01 -2.68213719e-01
    -3.43743682e-01 -2.28587866e-01 -6.55000269e-01 -5.11777818e-01
    2.72929847e-01 4.22940254e-02 -3.27303469e-01 7.16968775e-02
    -6.99263632e-01 8.19443464e-02 2.38709807e-01 -5.34725428e-01
    -2.18293071e-01 3.15361619e-02 -4.97335464e-01 -1.78215563e-01
    -6.29090667e-02 -7.52275050e-01 -3.76879245e-01 -3.16561013e-01
    1.39445603e-01 -3.85226250e-01 -6.90423250e-01 -2.78808951e-01
    9.96406078e-02 1.99331045e-01 -5.49919009e-01 2.19736755e-01
    -3.36459398e-01 -3.20462525e-01 -7.46574104e-01 1.38461590e-04
    1.35412455e-01 -6.79228902e-01 -3.09467077e-01 -6.73793793e-01
    -2.16128051e-01 7.26032257e-02 -3.65807325e-01 -4.01630223e-01
    8.29441547e-02 -2.49287903e-01 -6.80977404e-01 -5.24782538e-02
    -4.98168737e-01 -2.00383127e-01 -4.01138484e-01 -5.81970870e-01
    -2.00977921e-02 -9.41723585e-02 -4.65046048e-01 -2.70166367e-01
    -3.37896347e-02 -4.50536758e-01 -8.63640308e-02 4.76862192e-02
    -2.29771316e-01 -5.70830107e-01 -4.47833538e-02 -2.66330242e-01
    -2.27453768e-01 -1.74223781e-01 -5.88750243e-01 -5.29910326e-01
    -6.11159146e-01 -4.32569027e-01 -4.46714401e-01 -4.48102325e-01
    -3.65637839e-01 8.02430511e-02 -4.31715250e-02 -3.93392742e-01
    -6.03728533e-01 1.59647107e-01 1.51297987e-01 7.21423626e-02
    -4.59834486e-01 1.93949103e-01 -2.07049429e-01 -7.42607117e-01
    -5.26775539e-01 -1.61588788e-02 -5.05605042e-01 6.06442094e-02
    -1.02461338e-01 -7.66654193e-01 -7.66292810e-01 -1.85871482e-01
    -1.85072541e-01 1.39822781e-01 -3.93375546e-01 6.80987239e-02
    -6.38365746e-04 -4.80927229e-02 -2.01305330e-01 -2.74205178e-01
    -4.28169310e-01 -1.87345207e-01 -7.32740998e-01 -1.47554278e-01
    2.06222475e-01 -8.89019966e-02 -3.53754789e-01 -5.15530586e-01
    -1.87215209e-02 5.05499244e-02 3.58058810e-02 -4.11011338e-01
    -5.34550071e-01 -4.49614048e-01 -2.83882201e-01 -6.08179808e-01
    -5.06114960e-03 2.65779376e-01 -1.25123262e-01 -6.98787630e-01
    -5.71678042e-01 -6.91136718e-02 -4.22606885e-01 -1.13942206e-01
    -2.92453498e-01 -2.82062262e-01 -4.72803354e-01 1.31486356e-01
    1.02592647e-01 -6.05863094e-01 -2.07346857e-01 -3.09710979e-01
    -6.58003330e-01 -3.49563956e-02 -1.81899428e-01 -1.78471744e-01
    -1.51669502e-01 -5.24058580e-01 1.71650827e-01 -5.31304657e-01
    -6.02468848e-01 8.45544338e-02 -4.48605269e-01 -6.45462394e-01
    1.91918850e-01 -1.52402818e-01 -1.53198659e-01 2.25051820e-01
    -4.82576907e-01 -7.44681358e-02 -7.53687620e-01 -2.57896781e-02
    1.10766530e-01 -5.02494812e-01 -1.53361738e-01 -2.78816491e-01
    -3.04472685e-01 2.23528862e-01 -6.67879224e-01 8.19489360e-02
    -2.10399270e-01 -3.76656681e-01 -4.64801788e-02 -7.27683306e-02
    -7.41690695e-01 1.02378130e-02 -6.21595860e-01 6.15274906e-02
    1.72583163e-01 -6.67848229e-01 7.15708137e-02 1.71900690e-01
    -6.58297896e-01 -2.73027837e-01 -5.18826962e-01 -4.11612034e-01
    -2.61475116e-01 -4.60643291e-01 -6.51874721e-01 -3.25263590e-01
    6.78951144e-02 -4.40939397e-01 -1.21999323e-01 -3.99756879e-01
    1.24122202e-01 -2.66571820e-01 -7.00001836e-01 -4.78504419e-01
    -6.23084784e-01 -6.56625211e-01 -3.52097929e-01 3.12548876e-02
    2.09124267e-01 -2.23604143e-01 -4.16931450e-01 -1.42529905e-01
    -4.04825211e-02 -2.13799894e-01 -3.80527139e-01 -6.04781806e-01
    3.18062305e-02 -3.84761423e-01 -1.72286451e-01 -4.70399022e-01
    -2.49433517e-02 1.14384532e-01 -3.19645345e-01 -2.60221928e-01
    -6.69720531e-01 -6.50190949e-01 2.00669706e-01 -5.72798371e-01
    -6.53970063e-01 -2.83864737e-02 -1.47670865e-01 -1.07438147e-01
    -5.55494308e-01 -1.33730769e-02 -2.04198301e-01 2.24986792e-01
    -4.49125499e-01 -3.33532751e-01 -2.95376062e-01 1.71046436e-01
    -1.30194783e-01 2.26801634e-01 -4.34597850e-01 -3.09809715e-01
    -1.41029537e-01 -1.85733378e-01 -3.46477985e-01 -8.92812610e-02
    -1.57135069e-01 -2.60591745e-01 -4.09093767e-01 2.86142528e-01
    -1.67516708e-01 -2.62193978e-01 -2.91651756e-01 -1.04759336e-01
    -8.01379979e-02 3.08630288e-01 -3.25130463e-01 -2.99312651e-01
    -9.32805240e-02 -3.74352813e-01 -3.58954996e-01 -3.67128432e-01
    -5.29715002e-01 -2.18527853e-01 -1.25034034e-01 -2.01587826e-01
    -6.50573373e-01 2.67932296e-01 -9.63364840e-02 -5.87069809e-01
    -4.79105592e-01 -1.29219472e-01 -6.46499991e-02 -5.73836327e-01
    1.65609121e-02 2.58039892e-01 -3.61334890e-01 1.64531946e-01
    2.66327560e-01 -2.81701088e-01 -4.63168532e-01 -5.79866886e-01
    1.20113373e-01 -5.45268059e-01 -7.30720580e-01 -4.45073068e-01
    1.38327777e-01 -5.16974926e-03 -5.76830029e-01 1.33766890e-01
    -3.91061723e-01 -4.75564986e-01 -1.92984462e-01 -3.20876926e-01
    -4.04617727e-01 -6.91182375e-01 1.66110575e-01 -2.35912263e-01
    -5.97737670e-01 -9.15807486e-02 -4.64751124e-02 1.48831725e-01
    -2.86789000e-01 -1.64628685e-01 -4.90511000e-01 1.27821028e-01
    -6.70129180e-01 -2.25928009e-01 1.70369267e-01 1.04969323e-01
    -7.77492285e-01 1.33781254e-01 -5.01392603e-01 -1.07554018e-01
    -1.04131937e-01 -3.31860870e-01 -4.92330015e-01 -4.32342380e-01
    1.39369249e-01 -5.97626865e-01 -4.91599202e-01 2.06740797e-01
    -5.76079786e-01 -3.59004140e-01 -2.13898957e-01 -1.36209786e-01
    -2.95405358e-01 1.24573588e-01 8.75435472e-02 4.15793061e-02
    7.40057826e-02 -3.25602293e-01 -4.93457913e-02 -7.29644418e-01
    -6.51987553e-01 -2.46794045e-01 -3.32401693e-01 -5.08419871e-02
    -3.37417573e-01 -1.93140626e-01 -5.15097976e-02 5.92554212e-02
    -6.49359822e-02 -4.61337835e-01 3.43493819e-02 -3.22394699e-01
    -5.32186568e-01 -2.54528522e-02 1.86687291e-01 -2.39984334e-01
    -2.45177805e-01 1.77791476e-01 8.60731602e-02 -3.84737730e-01
    -4.80291367e-01 -1.05325282e-01 -6.64001226e-01 -6.59521341e-01
    -5.84522128e-01 -5.94268084e-01 1.42955780e-01 -1.59390807e-01
    -7.63196349e-01 -4.01604772e-02 2.60117054e-02 -1.24973416e-01
    4.64822054e-02 -2.10555971e-01 -7.60093689e-01 -3.76911998e-01
    -3.77779365e-01 2.14086652e-01 -3.86921942e-01 -2.23096430e-01
    1.48913264e-01 -5.57379842e-01 -7.02773809e-01 1.49388731e-01
    -7.03906775e-01 -3.92647386e-01 -2.32938766e-01 -1.53643608e-01
    -3.18183303e-01 -2.16020763e-01 -6.82777047e-01 -2.77645379e-01
    -3.47668022e-01 7.29560852e-04 -3.62365782e-01 -2.78392255e-01
    1.48796439e-02 1.40829027e-01 2.18721747e-01 -5.02437472e-01
    -5.06775200e-01 1.79220557e-01 -2.03591943e-01 -2.69632310e-01
    -4.98520434e-01 4.57802415e-02 -7.59546459e-01 -6.28341556e-01
    -5.90195537e-01 -6.61231160e-01 1.93116784e-01 -6.07268214e-01
    2.35850394e-01 -2.69715101e-01 -3.06117922e-01 -4.04783547e-01
    7.71412253e-02 -4.76899415e-01 -3.41548979e-01 6.20345473e-02
    -4.32613671e-01 -3.86583388e-01 -4.28732902e-01 -6.64772272e-01
    -4.29096460e-01 1.36252344e-01 -3.44971806e-01 -6.15597367e-01
    -7.34301209e-01 1.67353749e-01 -5.74989200e-01 -6.04589164e-01
    -7.33962655e-01 -4.42654312e-01 -3.65537405e-03 -6.62184000e-01
    -7.29163408e-01 -6.60533786e-01 -5.12251198e-01 2.47401953e-01
    -4.00538921e-01 -7.20892906e-01 -1.79060936e-01 -6.52456641e-01
    -3.10916841e-01 -3.20786476e-01 1.70788050e-01 -5.39397895e-01
    -5.48202753e-01 -4.15721089e-01 -6.14022970e-01 -2.95029491e-01
    9.33266282e-02 -2.72991508e-01 -1.61878645e-01 2.58201241e-01
    -2.25180030e-01 2.17422128e-01 -1.11816823e-01 -3.26766223e-01
    -3.83034259e-01 -6.80230141e-01 -1.91684365e-01 -5.88556528e-01
    1.61392450e-01 2.04576850e-02 -1.64399207e-01 -2.14104593e-01
    2.38242328e-01 -5.97947955e-01 -6.11312389e-02 -5.48454285e-01
    2.27756917e-01 1.42140806e-01 -3.63961935e-01 -1.03983223e-01
    -4.77841735e-01 4.58912849e-02 -4.55795288e-01 -8.41702819e-02
    -4.52322423e-01 -7.19784379e-01 -7.60174990e-01 -7.31747448e-01
    -9.35919285e-02 -2.84985721e-01 -3.23750734e-01 -2.79923201e-01
    1.27541959e-01 -5.95408559e-01 1.82330608e-04 -6.97557330e-01
    -1.62850320e-01 -3.99035633e-01 -4.11450148e-01 -5.29561043e-02
    1.90124929e-01 1.02957308e-01 -1.23444974e-01 -5.14156282e-01
    -5.82008362e-02 -2.46371090e-01 -4.88756686e-01 -4.82104659e-01
    -7.29053676e-01 -2.62980759e-01 -1.22265518e-01 -1.86239779e-01
    -9.34844613e-02 -3.07240188e-01 3.21808457e-01 2.15290666e-01
    1.37691319e-01 -2.13849336e-01 3.65161717e-01 1.34544224e-01
    3.02641451e-01 6.56112432e-02 3.46593857e-01 4.17897165e-01
    -1.80935502e-01 3.68191183e-01 2.25350857e-01 -5.05662918e-01
    -4.70806211e-01 1.44575238e-01 -1.26228631e-01 -2.62521267e-01
    -9.74475145e-02 -4.69189733e-01 -5.66215992e-01 -2.98871815e-01
    -2.72013038e-01 2.25615501e-02 -6.95666134e-01 -3.83187592e-01
    -3.18920791e-01 8.69476795e-02 -5.02856612e-01 1.79604650e-01
    1.37279093e-01 -4.83165562e-01 -2.75444657e-01 -6.82128012e-01
    -4.81030345e-02 -6.03111267e-01 -7.10404515e-02 1.15983665e-01
    1.26581013e-01 -4.64413375e-01 1.08571768e-01 3.63866687e-02
    -5.82735777e-01 9.28814411e-02 -7.77580738e-02 -5.35860837e-01
    -5.08430421e-01 -1.47569180e-01 1.88904881e-01 -1.64203763e-01
    -2.65915751e-01 -4.22524869e-01 -7.05086589e-01 -7.66957283e-01
    1.70652747e-01 6.20644093e-02 1.43918097e-01 1.68313861e-01
    -4.50698704e-01 -2.02972353e-01 -2.18775094e-01 -1.37427807e-01
    -6.09324217e-01 1.47970617e-01 -6.06044412e-01 -2.07591057e-03
    1.03989065e-01 -2.14375496e-01 2.29860365e-01 2.08823025e-01
    -5.76243520e-01 -5.84572554e-01 -3.88502240e-01 -7.15680718e-01
    2.10857749e-01 -4.63276327e-01 -5.68311691e-01 -3.36194575e-01
    -2.26397812e-01 1.18498743e-01 -2.98490167e-01 -5.72540522e-01
    -6.58579767e-01 8.50190520e-02 1.54283047e-01 -3.54858518e-01
    -7.41927445e-01 -5.43945551e-01 -9.74651575e-02 2.08098888e-01
    -6.18975818e-01 -4.46779549e-01 -6.91645324e-01 -5.73689938e-02
    -6.98657930e-01 -5.19358635e-01 3.17561626e-02 -7.14645028e-01
    7.80807137e-02 -3.36723149e-01 -2.96831667e-01 -2.50375748e-01
    1.20438397e-01 -1.16065502e-01 -3.40532213e-01 -5.32199919e-01
    -2.00057566e-01 1.88469827e-01 1.90615654e-02 -4.56566066e-01
    1.03814125e-01 -6.18734002e-01 7.21848011e-03 1.13855541e-01
    -9.72725749e-02 -5.54295421e-01 -4.78326559e-01 -5.80744863e-01
    -5.25221944e-01 -7.09709108e-01 -3.61549884e-01 9.11414623e-04
    7.72231817e-03 -3.77066374e-01 -5.42079210e-01 -4.13537621e-02
    -6.18131399e-01 -1.30677462e-01 -8.26863050e-02 -1.83060646e-01
    8.02345872e-02 -9.19293165e-02 -3.93017113e-01 -6.94929361e-01
    -6.24290943e-01 -3.06150258e-01 1.97391748e-01 -5.01827121e-01
    -2.14900970e-01 -1.42101288e-01 1.01385176e-01 -1.65329576e-02
    -6.83477044e-01 1.07666790e-01 2.42896020e-01 -5.96552789e-01
    -6.73013330e-01 -1.12301052e-01 -5.37083566e-01 -6.45419240e-01
    5.13897538e-02 -6.78279102e-01 -4.30514485e-01 -4.24388707e-01
    -3.13913852e-01 -6.39129162e-01 -6.58132493e-01 -2.58299232e-01
    -3.51526320e-01 1.81347430e-01 -7.32899904e-02 -5.93204737e-01
    -3.40176612e-01 1.12673759e-01 -3.91724706e-02 -4.83752429e-01
    3.66574526e-02 -2.23886609e-01 -1.11104667e-01 2.16741800e-01
    -7.31436372e-01 4.19440866e-02 6.49132133e-02 -5.76310575e-01
    -4.42194998e-01 -9.27773118e-02 -1.71434700e-01 -3.49415421e-01
    -4.68203396e-01 -1.49915516e-01 -2.55439281e-02 -4.16066766e-01
    -6.02922440e-01 3.51356864e-02 -7.07241118e-01 2.06256807e-01
    -7.37290442e-01 2.30321288e-02 -3.89409781e-01 -2.45451689e-01
    -2.42544472e-01 -2.67830431e-01 -6.78730667e-01 -6.73924923e-01
    -4.79809344e-01 9.76125598e-02 2.36516118e-01 6.67995214e-02
    1.84613228e-01 -4.92491752e-01 1.23816848e-01 -2.36939132e-01
    1.99264884e-02 -1.56644881e-01 1.52462780e-01 -5.49342513e-01
    -3.93998444e-01 1.51676118e-01 -2.12653458e-01 -2.07045674e-02
    -3.34609777e-01 1.76659465e-01 -5.01930475e-01 -2.23654449e-01
    -2.12893486e-02 -4.22261238e-01 -6.14492416e-01 -4.39603865e-01
    -6.69987500e-01 1.32155895e-01 -4.98113573e-01 -4.69318628e-01
    1.91988826e-01 4.72849607e-03 -1.36643052e-02 -6.20403647e-01
    1.05861843e-01 -3.94531250e-01 -8.52572322e-02 -2.43868768e-01
    -5.49201369e-01 -6.84199214e-01 -4.88861829e-01 1.42875254e-01
    -1.31893337e-01 -1.69096410e-01 -5.33567071e-01 -5.91011643e-01
    -3.90106201e-01 -5.86172581e-01 -6.88846231e-01 -1.07715428e-01
    2.90253162e-02 -6.69032097e-01 -5.37726283e-01 -5.62544405e-01
    -5.94176710e-01 -7.05991268e-01 2.10091412e-01 -3.29975843e-01
    -2.05816746e-01 -4.19301927e-01 5.36161661e-03 -4.70927417e-01
    -2.73920029e-01 2.67540157e-01 -1.14414096e-01 1.51552796e-01
    2.36069083e-01 -4.36364084e-01 4.67146039e-02 -1.12711877e-01
    3.93590629e-01 5.42669892e-02 3.40752363e-01 2.76910067e-02
    2.31146514e-01 -4.74286914e-01 -4.17807102e-02 -2.89621949e-01
    -1.21436656e-01 -7.46502876e-02 2.87221730e-01 2.48227179e-01
    7.74631500e-02 -1.41303420e-01 -5.46271920e-01 -1.34496212e-01
    -5.33887744e-01 -2.56383270e-01 -2.38588363e-01 -4.11721945e-01
    2.64180005e-01 2.43703842e-01 -4.13420409e-01 -9.77370739e-02
    4.64928150e-02 2.19378710e-01 1.82000458e-01 -3.91806573e-01
    -2.97259092e-02 -9.02916193e-02 1.89682305e-01 -5.02711713e-01
    1.35321438e-01 -2.17363417e-01 -1.33482456e-01 -4.82463837e-01
    -3.25493723e-01 -4.06959891e-01 -1.27726257e-01 1.50114417e-01
    2.31643677e-01 -3.20526659e-01 -6.07334971e-01 -4.62847352e-01
    3.46145630e-02 -3.25359702e-02 -2.55560160e-01 -4.88237023e-01
    -5.90885043e-01 -3.64502668e-01 -3.28299999e-02 2.15148509e-01
    1.63492382e-01 -8.53946209e-02 7.85645843e-02 -2.28950977e-01
    -2.19742835e-01 7.99806118e-02 -2.39081323e-01 -1.35557890e-01
    -1.24388576e-01 1.19801044e-01 1.65841579e-02 -6.87392771e-01
    -4.12408412e-01 1.72751069e-01 5.86412549e-02 -7.01135337e-01
    -4.27484125e-01 -6.88107610e-02 -2.72967428e-01 -3.09793741e-01
    -3.58131021e-01 -1.51912570e-02 1.33669317e-01 -2.95110047e-01
    -3.46589923e-01 -6.60530567e-01 1.04340315e-01 3.49497795e-03
    -4.67317998e-01 -6.84432983e-01 -3.04151446e-01 -1.70263052e-01
    -5.93671799e-02 1.71573162e-02 -2.32262433e-01 2.15751886e-01
    -1.59882486e-01 -1.18300974e-01 -5.00454247e-01 3.85438800e-02
    3.76990438e-02 -7.18774199e-01 -1.80822611e-01 8.22072029e-02
    5.87050915e-02 -6.70758605e-01 -4.27199632e-01 8.20625424e-02
    -2.91333437e-01 -6.65923953e-01 -1.26823545e-01 -4.75288451e-01
    -2.41566062e-01 -5.63017786e-01 -4.07794118e-02 -3.14351320e-01
    -1.87730491e-01 -6.12243056e-01 -5.44041991e-01 -5.10819256e-01
    -2.99668252e-01 2.02137768e-01 -4.61401165e-01 1.36247993e-01
    -3.06327999e-01 -1.42763019e-01 -7.60033488e-01 -1.57481492e-01
    -5.57292521e-01 -2.23763645e-01 -3.53025258e-01 -1.90763593e-01
    -5.85647523e-01 -2.59698600e-01 -4.68771011e-01 -4.08208966e-02
    -1.67528152e-01 -6.40221775e-01 -5.68724513e-01 -6.25357211e-01
    -3.82684737e-01 -5.88858366e-01 -6.37359619e-01 -7.16590405e-01
    -6.83751822e-01 1.55700445e-01 -3.71946931e-01 -2.50269175e-02
    -7.45384574e-01 -3.50352407e-01 1.87951207e-01 -7.17450857e-01
    1.51432574e-01 -4.63839293e-01 -6.62946284e-01 -3.07882488e-01
    -5.51875949e-01 -2.70724654e-01 -5.89914441e-01 -1.98596597e-01
    3.04871798e-02 -6.05610013e-01 -5.06777644e-01 -3.92055631e-01
    -5.76067805e-01 -6.33541465e-01 -6.95911884e-01 -1.95021689e-01
    -1.41929209e-01 -4.76707101e-01 -1.00554228e-02 -2.95704961e-01
    -3.92231703e-01 -4.86350566e-01 -2.86606222e-01 1.41636431e-01
    -7.18275428e-01 -2.84431964e-01 -2.48849988e-02 -3.81468087e-01
    -6.40922308e-01 -2.67052650e-03 -6.32871091e-01 -7.34397769e-02
    1.01757050e-02 -3.42298120e-01 2.05234706e-01 -4.87217814e-01
    -4.11306918e-01 -2.10875630e-01 -6.00659490e-01 -4.43407416e-01
    -6.12628937e-01 -5.07305503e-01 -2.11880803e-02 -1.87426388e-01
    -3.68786365e-01 -5.62375426e-01 5.60981035e-02 1.23631299e-01
    2.26451457e-01 -1.04017019e-01 -6.65234983e-01 -2.43361533e-01
    -1.40861511e-01 6.51009083e-02 -3.95758986e-01 -5.52056670e-01
    -6.57161593e-01 1.85033798e-01 -6.42280221e-01 1.75077379e-01
    -2.42328465e-01 -1.22869372e-01 -5.18894672e-01 2.34054983e-01
    -3.78867030e-01 6.43968582e-02 -9.46753621e-02 -2.12254763e-01
    -6.47598028e-01 3.32171321e-02 -2.57749736e-01 -5.50116122e-01
    -7.50514090e-01 1.21300697e-01 1.91557169e-01 -5.79208255e-01
    -3.52215558e-01 -5.56985259e-01 -8.88074636e-02 -3.47520113e-02
    -1.50665522e-01 -2.39632010e-01 -7.98153281e-02 -3.37080449e-01
    -5.77163279e-01 1.89569950e-01 -6.19417191e-01 -3.11418414e-01
    -1.95098400e-01 -6.69148088e-01 -5.82136154e-01 -2.91256636e-01
    -1.36340737e-01 -4.92998719e-01 6.75081015e-02 -1.82621300e-01
    -2.01522112e-02 -5.24390936e-02 -1.17992163e-02 -7.20245838e-02
    4.72654700e-02 -9.45376158e-02 2.33470201e-02 -4.30907786e-01
    6.98625445e-02 -2.39374101e-01 3.56155515e-01 3.30023706e-01
    -1.27291948e-01 -3.28850836e-01 1.51953787e-01 -3.57460976e-01
    1.25531197e-01 -3.00203264e-02 2.27118224e-01 -1.05442286e-01
    4.11433578e-01 -4.15510505e-01 2.10756838e-01 -5.29102325e-01
    6.15443587e-02 -5.64606190e-01 -1.62480950e-01 -4.15894330e-01
    -4.40374315e-01 -2.63673246e-01 1.08903646e-03 -8.32604766e-02
    -6.22132063e-01 2.41380095e-01 -4.85024005e-01 2.48445868e-02
    -3.26560974e-01 -1.09558761e-01 -6.75047278e-01 -1.64037943e-02
    -6.98155761e-01 -3.33836496e-01 -5.20166874e-01 -5.89395702e-01
    -2.22715259e-01 9.10887718e-02 -2.46833146e-01 -7.52226233e-01
    7.15009570e-02 -7.05242395e-01 -6.02265477e-01 -3.42843294e-01
    -1.98121071e-02 -6.45738542e-01 -6.70225143e-01 -5.07130921e-01
    -4.09212708e-01 -5.24949372e-01 -1.72425091e-01 -7.54549026e-01
    -5.01113176e-01 -2.05068588e-01 -1.91131771e-01 -2.83761591e-01
    -4.80566114e-01 -5.76051056e-01 -4.14715499e-01 -4.64814782e-01
    -4.09897387e-01 -5.92736006e-02 -2.81556666e-01 -6.81821108e-02
    -5.64501405e-01 -3.18671703e-01 -1.91093564e-01 -3.65260869e-01
    -2.48330832e-02 -1.31935060e-01 -1.11252069e-02 -6.54223979e-01
    -5.74607253e-02 -2.20822871e-01 -2.95323253e-01 2.11800337e-01
    2.12982714e-01 1.44160509e-01 -3.96190703e-01 -1.26481056e-03
    -3.65767449e-01 -7.88980722e-02 -2.69224167e-01 -3.11428428e-01
    -2.00902998e-01 -1.87435448e-01 -1.09752417e-01 -3.33833098e-01
    -3.37638557e-01 -5.28820872e-01 -5.04645586e-01 -6.43866062e-01
    1.84486210e-01 -2.22645402e-01 5.71333170e-02 -1.69091463e-01
    -2.73665458e-01 -4.03839350e-01 -1.69203162e-01 -1.75035000e-01
    2.46647000e-01 -3.93687665e-01 -1.72964752e-01 -5.65050602e-01
    -4.92435962e-01 -3.68768573e-02 -3.51961255e-02 -3.53677481e-01
    7.78331757e-02 -7.39564300e-02 -7.36422479e-01 -2.87092775e-01
    -4.60117102e-01 1.44771636e-01 -3.02302808e-01 -5.53522706e-01
    -1.31044447e-01 -4.96170670e-01 3.53536010e-02 -5.33677518e-01
    -1.55805349e-01 1.67371392e-01 -7.49697447e-01 -5.82039833e-01
    -1.15080476e-02 -1.20588601e-01 -2.81726956e-01 -6.04510427e-01
    -5.14016926e-01 -7.04321921e-01 1.87461793e-01 -4.30874288e-01
    -6.82858825e-01 -3.44289243e-01 -2.81468064e-01 -1.58144653e-01
    -5.77876866e-01 -5.08942127e-01 -5.79117000e-01 -1.18297815e-01
    -4.79964823e-01 -2.58503020e-01 -6.99654698e-01 -1.32589936e-02
    -2.10347652e-01 -5.53374648e-01 -3.68602276e-02 -7.16485977e-01
    -4.45351005e-02 -7.12370992e-01 -3.09280336e-01 2.00646758e-01
    2.66906619e-02 -1.29240751e-01 -2.15121686e-01 -6.69066429e-01
    2.23752141e-01 -4.96682525e-01 -5.11207044e-01 -1.11151993e-01
    -5.29297948e-01 1.72582388e-01 -6.07842207e-02 4.65657115e-02
    -2.02701747e-01 -3.71213257e-01 -3.04113477e-01 -6.42506301e-01
    -7.03021109e-01 -5.37804723e-01 -2.94516087e-01 -5.82826734e-01
    -7.04376101e-01 -4.85366434e-01 -2.37745047e-02 -6.04793549e-01
    -4.19364870e-01 -3.65077198e-01 1.81163669e-01 1.43931568e-01
    -1.95464253e-01 -2.24468768e-01 -3.56073439e-01 -3.93028319e-01
    -1.03040934e-02 6.16547465e-02 -4.08786595e-01 -4.59584475e-01
    -3.48891199e-01 -6.54141068e-01 -3.62598181e-01 -5.45138419e-01
    6.54911995e-02 -4.80460644e-01 2.44402349e-01 -2.92897791e-01
    1.15053177e-01 1.14964604e-01 -6.13711119e-01 -3.53921056e-02
    2.52265334e-02 -4.88473594e-01 -5.57805181e-01 -1.20427370e-01
    -7.05080509e-01 -3.82377505e-02 -4.45632964e-01 -8.49457979e-02
    -5.69675684e-01 -5.91730595e-01 -2.78944224e-01 -1.79286838e-01
    -1.66857123e-01 -6.44801259e-02 -4.69358802e-01 1.39714301e-01
    -6.90712929e-01 -9.63408947e-02 -7.67346621e-01 1.10827208e-01
    -3.01831782e-01 -2.52918482e-01 1.13406062e-01 -2.08584249e-01
    -5.03782928e-01 -4.46661144e-01 -2.58434653e-01 -5.84011614e-01
    -3.63077700e-01 -3.05538535e-01 -6.24163270e-01 2.51704454e-02
    -1.26648664e-01 -4.35684144e-01 1.64729953e-02 -4.87395704e-01
    3.46201658e-03 -4.15007174e-01 -7.25941896e-01 -1.31016195e-01
    1.52024508e-01 -2.89223284e-01 -3.21675688e-01 -3.68683577e-01
    -5.77334523e-01 -5.56111276e-01 -6.08702004e-01 -8.43381882e-03
    -2.09918320e-01 6.60680532e-02 -4.53510880e-01 -2.21317887e-01
    -2.96306789e-01 -6.70555830e-02 -4.77318287e-01 -3.19075584e-01
    -3.86227399e-01 2.70521224e-01 -3.76349807e-01 -2.47557163e-01
    -2.43751287e-01 3.95322859e-01 -1.80167437e-01 -8.75774026e-03
    -5.08056581e-02 3.77392530e-01 -3.37354392e-01 4.68123555e-02
    2.80281544e-01 -4.56262559e-01 -2.49779075e-01 8.83978605e-03
    -7.27503896e-02 -6.29262447e-01 -2.10347474e-01 -6.72406316e-01
    -6.28325939e-01 1.85724020e-01 -3.71632397e-01 7.17813373e-02
    -3.98933858e-01 -3.00378561e-01 -5.55847466e-01 1.55153632e-01
    -7.02537060e-01 1.67414725e-01 -2.47385830e-01 -2.80055255e-01
    -5.16286135e-01 -6.21206582e-01 -5.35962462e-01 -1.15993559e-01
    -5.01777947e-01 -7.26129770e-01 -6.68206573e-01 -9.61135626e-02
    -2.57146597e-01 7.06062913e-02 -2.21143723e-01 -4.31954861e-03
    -7.22654223e-01 1.17419064e-01 -7.68953562e-03 -6.60964966e-01
    2.51808584e-01 -4.63072300e-01 -2.07742929e-01 -6.38576269e-01
    -6.77641988e-01 -4.45559025e-01 -6.86104894e-02 -2.66340971e-02
    1.53033912e-01 -3.52368951e-01 -3.85143459e-01 3.61567736e-02
    -4.57648039e-01 -1.13758504e-01 -3.72255415e-01 -6.71950579e-01
    -3.88653696e-01 -4.96371984e-01 -2.03057528e-02 -2.63978660e-01
    -2.40955949e-01 4.12642956e-03 -3.66072774e-01 1.75235748e-01
    -7.16661692e-01 -5.04560590e-01 -2.44887412e-01 -1.19301736e-01
    3.26961279e-02 -5.46459198e-01 4.38725948e-03 -6.81321502e-01
    -4.12606418e-01 -2.04580307e-01 -5.85243642e-01 1.88813746e-01
    1.47187531e-01 -5.37646890e-01 -6.02173328e-01 1.79082096e-01
    -5.65433860e-01 -5.41901410e-01 -7.19535947e-01 -4.91566449e-01
    5.35462499e-02 -5.16951442e-01 -1.69962823e-01 -1.90430820e-01
    -7.40863681e-02 -6.78479791e-01 1.51817262e-01 -2.73630917e-01
    2.17545509e-01 -6.35822654e-01 -3.86435568e-01 -6.03884518e-01
    -1.77112222e-01 -7.91276097e-02 -4.66348827e-01 -7.96610713e-02
    1.97179377e-01 -2.47078955e-01 -6.42227530e-01 -5.14569283e-01
    2.28483081e-01 1.22906208e-01 1.89835966e-01 -2.93584704e-01
    -2.21680820e-01 -1.73784077e-01 -1.06810927e-02 -1.96042895e-01
    -1.77049637e-01 5.72166443e-02 -1.93705201e-01 -3.90399814e-01
    2.25096464e-01 -2.48815954e-01 -3.61457348e-01 -4.56272036e-01
    -4.82574999e-01 1.56890988e-01 -5.69909871e-01 -2.35421985e-01
    2.52141833e-01 -3.45365405e-02 -5.85485280e-01 9.14286971e-02
    -6.32225752e-01 -3.15543175e-01 7.64528513e-02 1.03867650e-01
    -2.71825314e-01 -5.94243526e-01 1.32215619e-01 -2.54317343e-01
    2.86874175e-02 1.83752418e-01 -4.11224723e-01 2.35580921e-01
    -7.42324769e-01 1.90174699e-01 -7.25207448e-01 -3.34330261e-01
    -6.32359564e-01 -7.43325353e-02 -1.26078308e-01 8.52240324e-02
    1.11505747e-01 -1.79642797e-01 1.80669427e-02 -7.54537821e-01
    -2.60551572e-02 -7.41507411e-02 -5.19986093e-01 7.70184994e-02
    -7.39404678e-01 -4.11629856e-01 1.04172468e-01 -1.37387574e-01
    1.05645657e-01 -6.95961714e-02 1.06725693e-02 -2.54833341e-01
    -6.86438680e-02 -4.78803754e-01 -3.38730246e-01 1.85132027e-03
    -6.30813360e-01 3.86855006e-02 -6.10833764e-02 -5.10507345e-01
    4.99175787e-02 -8.91544819e-02 -3.50764990e-01 -7.79048204e-02
    -3.28949660e-01 6.73800707e-02 -3.66058350e-02 7.71473646e-02
    2.80817151e-02 -6.56211972e-02 1.30543590e-01 -2.40671635e-02
    1.22249126e-02 1.08492076e-01 -3.26913446e-01 -1.82419419e-02
    -7.21492767e-01 -5.62961698e-01 1.13832712e-01 -1.18171632e-01
    -4.15938675e-01 -4.96628970e-01 1.92051530e-01 -5.54481506e-01
    -5.94136536e-01 -3.91541362e-01 -3.07863712e-01 -7.13133812e-02
    1.18687689e-01 -3.48464370e-01 9.26106572e-02 -8.50659609e-03
    -4.53610659e-01 2.01977253e-01 2.60082185e-01 -2.11331189e-01
    2.36069024e-01 -5.16904831e-01 -5.21901608e-01 -5.83770990e-01
    -7.48127282e-01 3.99008393e-02 -7.57120371e-01 -5.10016739e-01
    2.09462404e-01 -6.02300644e-01 -1.91078901e-01 -6.97882771e-01
    -2.22735882e-01 -5.55691123e-01 -3.48796248e-02 -1.53342783e-01
    -2.82804728e-01 1.78644359e-01 1.42146826e-01 -1.90843880e-01
    -4.37715173e-01 -5.30403495e-01 1.99623466e-01 -6.45654678e-01
    -2.11194694e-01 -6.77290916e-01 -1.41740978e-01 -4.78261203e-01
    6.12307191e-02 1.23167396e-01 -8.50480199e-02 -3.97411048e-01
    -1.90552235e-01 -7.28380919e-01 -4.68496680e-02 -3.73893708e-01
    1.45431936e-01 1.04238510e-01 7.59696960e-02 -3.05974424e-01
    -5.57044327e-01 -2.45728463e-01 1.98386908e-01 2.55868673e-01
    -1.82134330e-01 -3.30212772e-01 1.32187933e-01 2.06270993e-01
    4.29797381e-01 -3.84166747e-01 -2.14620888e-01 4.51230347e-01
    -2.40301669e-01 2.58430898e-01 -4.72195059e-01 -6.56435370e-01
    7.16677904e-02 -3.82428050e-01 -6.13396287e-01 2.66400456e-01
    -5.16324461e-01 -2.28459716e-01 -4.96808410e-01 3.07131410e-02
    -1.90907001e-01 -6.85465336e-03 -6.77853405e-01 -4.49238420e-01
    -3.79860759e-01 2.41280198e-01 -2.13844061e-01 1.15466237e-01
    8.38744044e-02 1.64803088e-01 4.96200323e-02 -3.04183364e-02
    -3.55827481e-01 -5.22631466e-01 -6.06913269e-01 -7.72386551e-01
    -2.80728877e-01 -6.04563296e-01 -1.57149076e-01 -1.11271679e-01
    -3.33366811e-01 -7.09040403e-01 -7.10927248e-02 -6.95119143e-01
    -3.29143345e-01 1.44122481e-01 -7.43314266e-01 -5.83195090e-02
    -2.82526612e-02 1.34982467e-02 -3.36666465e-01 1.77507043e-01
    -5.69786429e-01 -5.63834250e-01 -9.03950334e-02 -1.10395789e-01
    -6.67955816e-01 -1.33611381e-01 -5.34788787e-01 -6.06563032e-01
    -2.04910100e-01 -4.35731113e-01 3.63260508e-02 -4.79578614e-01
    -8.45873356e-02 -3.01377773e-02 -7.21295595e-01 2.74960041e-01
    -5.94389200e-01 -5.69629669e-02 -1.84819996e-01 -5.41747212e-01
    -4.63517547e-01 -6.90860629e-01 -7.95696378e-02 -5.92314124e-01
    -4.13842708e-01 1.93651676e-01 1.66300476e-01 -5.32293320e-01
    -6.38843298e-01 -4.50928569e-01 1.33697987e-01 7.52729177e-03
    -9.89702344e-02 1.30606055e-01 -4.91655439e-01 -2.04972506e-01
    -4.37919676e-01 -4.62322235e-02 -6.50725007e-01 -6.86029196e-02
    1.06146097e-01 1.43343985e-01 8.61457586e-02 1.11085415e-01
    -7.35258937e-01 -6.73015118e-02 -1.85758114e-01 -3.46005321e-01
    9.24176574e-02 -4.09521878e-01 -5.14187813e-01 -5.33134699e-01
    -5.46172261e-02 -1.89287245e-01 -2.20869720e-01 -7.00800598e-01
    1.51857734e-01 -5.12191951e-01 -5.50920367e-02 -7.57698119e-01
    -7.60360181e-01 -1.77321732e-01 -5.46874762e-01 2.11838245e-01
    7.18989968e-02 -2.30708122e-02 6.67903423e-02 -2.06775963e-01
    -7.30032206e-01 -4.67137098e-01 1.13916576e-01 -2.45668650e-01
    -5.16484141e-01 1.52142584e-01 -4.81345057e-01 -2.66206264e-02
    -1.31296217e-01 -2.00867116e-01 -4.00927365e-01 -4.46133107e-01
    -1.51651382e-01 -4.13858771e-01 -1.88032925e-01 -1.26523256e-01
    -2.25869298e-01 -1.85808957e-01 -6.56252742e-01 -5.96783996e-01
    2.76581645e-02 -2.30595946e-01 -4.58046973e-01 -2.64647126e-01
    1.73000395e-01 -1.30479753e-01 -6.96902037e-01 -3.01431268e-01
    6.20980263e-02 -5.65807819e-01 1.01081908e-01 -1.98626518e-03
    -4.77853417e-02 -5.00170946e-01 -7.61567831e-01 2.06143320e-01
    -2.20951021e-01 4.16730046e-02 5.75198531e-02 -6.15641952e-01
    -3.60562205e-02 -5.02206206e-01 -2.22641826e-02 -1.10757649e-01
    -2.97143459e-02 -7.23024964e-01 -5.93616962e-02 3.79328132e-02
    -5.59739113e-01 1.60558224e-01 -4.76967514e-01 -1.51576340e-01
    -3.47144157e-01 -2.21926630e-01 -5.00120997e-01 3.49424481e-02
    -3.12940150e-01 -6.26974523e-01 -5.26677489e-01 -4.37141776e-01
    1.34147644e-01 2.20222771e-01 -2.08682060e-01 4.58154678e-02
    -4.77554798e-01 -5.61575413e-01 6.10221028e-02 -4.67437863e-01
    -2.86954135e-01 -5.73610485e-01 -6.01360798e-01 2.00904071e-01
    -4.82332081e-01 -2.45545864e-01 -5.22226930e-01 -6.48634732e-01
    -5.34295797e-01 -5.16318440e-01 -4.01601136e-01 -3.66966307e-01
    -1.59275174e-01 -1.21404529e-02 6.52898550e-02 -3.97406876e-01
    -1.85739100e-01 4.47595716e-02 2.23602295e-01 -7.20709205e-01
    -7.04214573e-02 -6.04229450e-01 -2.37594724e-01 -6.78456485e-01
    -1.17154121e-02 -2.22268224e-01 -1.13556445e-01 -3.58550251e-01
    -3.25163960e-01 -6.53106213e-01 5.90394735e-02 1.27980530e-01
    -4.66327548e-01 -2.69300789e-01 -4.47972298e-01 -5.26292920e-01
    -1.74109876e-01 -9.96146202e-02 1.60306454e-01 -6.64138913e-01
    -7.14224458e-01 -5.32798290e-01 -5.62049150e-01 -6.93825483e-01
    -4.41463023e-01 2.20455766e-01 1.84250295e-01 -2.20215857e-01
    -5.64321101e-01 -4.95412350e-02 -7.51495540e-01 -3.82707834e-01
    2.28433609e-02 -3.17233056e-01 -3.82557064e-01 3.70800495e-04
    5.65211177e-02 1.04268193e-01 1.66864991e-01 -4.44436669e-02
    -7.48787045e-01 1.19972587e-01 -7.61221409e-01 -4.79996532e-01
    -6.50139630e-01 -2.29170918e-02 -5.63982725e-02 -4.66297865e-02
    -2.00619876e-01 -7.47373998e-02 2.60258466e-01 -2.29451239e-01
    4.45107490e-01 -3.89712811e-01 7.14913309e-02 1.03696346e-01
    -2.48400301e-01 2.05584764e-01 1.49694145e-01 -5.46983361e-01
    -2.59366542e-01 -2.19644189e-01 -2.54175186e-01 -2.26570010e-01
    -6.57740235e-01 -2.10841417e-01 -5.74103951e-01 -3.37911278e-01
    -2.30461359e-03 -3.76098335e-01 -3.83074552e-01 -7.66488791e-01
    -3.16408873e-01 -1.12669647e-01 1.67218804e-01 -6.68752193e-01
    -2.06191480e-01 -2.78778642e-01 -1.38865888e-01 -5.82730412e-01
    -4.48833495e-01 -9.36141014e-02 -4.98238772e-01 -7.66429901e-02
    -6.60507500e-01 -5.77515364e-01 -6.13160849e-01 9.17179585e-02
    -2.16446340e-01 1.31422281e-03 2.81406045e-02 -4.34742689e-01
    -2.77842283e-02 -4.63467449e-01 -2.49201775e-01 -2.97050446e-01
    -6.47464931e-01 -3.79599929e-01 -1.45172298e-01 -5.39291501e-01
    3.91240120e-02 1.64057136e-01 -6.20200157e-01 9.15300846e-02
    -4.74948406e-01 -3.86177182e-01 -4.96991038e-01 -4.95910585e-01
    -3.90922755e-01 -6.88465476e-01 -4.11282271e-01 -5.44517159e-01
    6.29591346e-02 -5.11043310e-01 -6.90784156e-01 -3.11841607e-01
    6.24791384e-02 -3.69445026e-01 -2.29368716e-01 -5.30746102e-01
    -3.96933019e-01 -4.49800491e-02 7.23643303e-02 -1.81186199e-02
    -4.08289850e-01 -7.27383673e-01 1.54541910e-01 2.16352940e-02
    9.60808396e-02 -5.41711450e-01 -3.16864222e-01 -3.26169997e-01
    -5.04800797e-01 -3.08481544e-01 2.64215469e-02 -2.74975300e-02
    -2.91266114e-01 -2.40779102e-01 -4.14152801e-01 -3.15009475e-01
    -4.96321142e-01 -2.50078738e-01 -1.17491663e-01 2.27171659e-01
    -4.63149607e-01 -6.26166344e-01 -7.00734854e-01 -6.32689297e-01
    9.03795362e-02 -6.19971037e-01 -2.26230204e-01 -2.91099131e-01
    -5.68149567e-01 -1.57266736e-01 1.95311964e-01 3.98218036e-02
    1.39329910e-01 -1.19573832e-01 -1.00825787e-01 2.93349028e-02
    1.68401957e-01 -7.19470501e-01 -4.27370787e-01 1.80051684e-01
    -3.23437124e-01 -1.74561381e-01 -2.11201966e-01 -3.98880661e-01
    -4.73272741e-01 -4.77767706e-01 -1.83570921e-01 -1.13364637e-01
    2.33842015e-01 2.51956880e-01 1.86439693e-01 -6.50571585e-01
    -4.25878882e-01 -1.79743588e-01 -5.60876191e-01 -7.24715590e-01
    1.78344727e-01 -1.81956589e-01 -1.70286417e-01 -6.82382047e-01
    -5.23039460e-01 -6.48024321e-01 2.03279197e-01 -9.21072364e-02
    -1.81167126e-02 1.32058322e-01 -2.24083781e-01 -4.92846012e-01
    -5.95896959e-01 -6.68450117e-01 1.12195015e-02 1.17358029e-01
    9.93201137e-02 4.53088284e-02 -6.87492669e-01 9.48718786e-02
    2.28627324e-02 2.16538846e-01 -4.04992282e-01 -2.60146439e-01
    2.27340877e-01 -5.30650139e-01 -7.31238723e-02 2.30188787e-01
    -2.98480153e-01 -6.18350506e-01 -1.46778464e-01 -5.30190766e-01
    -7.28349805e-01 1.27834022e-01 -7.09364831e-01 -3.31900269e-01
    1.67142034e-01 -3.06219786e-01 -1.94118500e-01 3.13186049e-02
    -4.91518021e-01 -1.66708231e-03 -1.89100087e-01 -7.70524144e-02
    -6.80441976e-01 -3.51620913e-02 -2.69116938e-01 -1.97186649e-01
    1.98369741e-01 1.06223702e-01 -6.63527369e-01 -1.86445117e-02
    -8.50126147e-02 -3.40246856e-01 -2.17517197e-01 -2.17233598e-01
    -3.60023201e-01 -2.12414622e-01 2.26782560e-02 -1.14117861e-02
    -5.72587252e-02 7.86406398e-02 -6.73041940e-02 2.16807306e-01
    1.09230697e-01 -1.76186919e-01 2.20160842e-01 -2.53168523e-01
    -4.16522563e-01 -6.85339868e-01 -6.45282090e-01 -4.96975034e-01
    -4.58349586e-02 -4.51384783e-01 -5.96737862e-01 -6.22180700e-01
    -3.68678153e-01 -7.04702377e-01 -5.51687598e-01 9.44579840e-02
    -3.86655092e-01 4.17619348e-02 -1.60840213e-01 -3.83827567e-01
    -4.13282812e-01 -4.63768661e-01 1.71334147e-02 -1.66445255e-01
    -3.51596117e-01 -3.51457357e-01 -6.34182334e-01 -2.77088463e-01
    -1.75322354e-01 2.09861577e-01 -7.11471438e-02 -3.10247898e-01
    1.69344723e-01 -4.96327877e-02 -5.61290860e-01 -2.21488416e-01
    -6.60569787e-01 -7.14340806e-02 -3.25232685e-01 -6.80611193e-01
    7.64260888e-02 -4.19082522e-01 -4.50842291e-01 3.11077833e-02
    -4.44047213e-01 -3.33070278e-01 -5.50383091e-01 -4.23083276e-01
    -6.56144440e-01 -6.17194116e-01 -5.26514351e-01 -5.98438144e-01
    -3.00252736e-01 -3.46987695e-01 -7.46600032e-01 -4.09373760e-01
    -6.55645490e-01 -4.31015074e-01 -3.74605983e-01 3.01628828e-01
    3.54206145e-01 -1.97308242e-01 -3.02315235e-01 1.64750010e-01
    -1.34832680e-01 -1.09541625e-01 -1.40253395e-01 3.61998677e-01
    4.10111070e-01 -2.00207651e-01 5.02138138e-02 1.20419919e-01
    -2.55120993e-02 -3.26981723e-01 -2.77041465e-01 -6.44154429e-01
    -6.86458826e-01 -7.16763377e-01 -5.36652684e-01 8.31022263e-02
    -5.44895649e-01 -4.00370419e-01 -3.62393856e-01 -8.25012326e-02
    -4.20135081e-01 -3.89416337e-01 -2.48753726e-01 -4.68792647e-01
    2.17342257e-01 -1.20837450e-01 -4.13194180e-01 -3.33414853e-01
    -5.78987062e-01 -1.50950193e-01 -2.12238371e-01 -1.04176044e-01
    -4.86505330e-01 -8.23259354e-03 2.14473605e-02 -7.47800171e-01
    -2.91732073e-01 -2.68629134e-01 -1.02322698e-02 -5.33803046e-01
    -5.15890121e-02 -5.93430519e-01 -6.74648464e-01 6.25022650e-02
    -4.51437950e-01 -1.00971103e-01 -4.88393009e-01 -2.02967584e-01
    -3.89611304e-01 1.40781283e-01 -5.77556491e-01 -4.00411367e-01
    1.29650414e-01 1.96640015e-01 -5.33466697e-01 -4.01403368e-01
    -7.49711394e-02 -3.30855638e-01 1.36355698e-01 6.88670874e-02
    1.47678435e-01 -8.15900564e-02 -6.14772677e-01 -5.68029165e-01
    -2.80100405e-01 -1.60286546e-01 -1.56757057e-01 -5.61083913e-01
    -3.96991044e-01 -6.24114394e-01 -3.54304194e-01 1.78649426e-02
    -5.76758862e-01 -6.56853139e-01 -5.45962453e-02 -5.36810160e-02
    -4.41214800e-01 2.56039739e-01 -2.87322402e-01 -5.56510091e-01
    -1.49631083e-01 -5.60222685e-01 5.34458160e-02 1.30805373e-02
    -1.30029321e-02 -1.02362156e-01 1.92631841e-01 1.72951341e-01
    -4.62858319e-01 -4.35466230e-01 -6.54640317e-01 -6.59746051e-01
    2.14571834e-01 -4.11225438e-01 -3.11678827e-01 1.06899440e-01
    -6.69028938e-01 -4.56842333e-01 -3.34196091e-01 9.73334312e-02
    -6.68738365e-01 -3.61377448e-01 -4.36818600e-02 -2.52398491e-01
    -5.86250126e-01 2.00747848e-02 -3.78400892e-01 -5.34041286e-01
    -7.45459199e-02 -1.65969431e-01 -4.63790894e-02 -6.71844304e-01
    -3.21983278e-01 -6.42336667e-01 -4.93802726e-01 -3.32381815e-01
    -3.88613135e-01 -6.68782711e-01 -6.09304845e-01 -2.97778100e-01
    -5.30183911e-02 -2.10740328e-01 -6.81808591e-02 -3.13831210e-01
    -5.66087723e-01 -1.13802671e-01 -3.75912905e-01 -7.60665834e-01
    -3.14306289e-01 2.20631778e-01 -7.42169619e-01 -1.60754025e-01
    -1.02215469e-01 -7.10604131e-01 -3.16024601e-01 -5.77965856e-01
    -4.68078762e-01 -4.64377403e-01 1.22751594e-01 -5.87632775e-01
    1.66488647e-01 9.56336260e-02 -7.08515763e-01 7.50639439e-02
    -5.58315039e-01 -3.46470028e-01 -5.29121161e-01 -1.88257396e-01
    2.04209030e-01 1.08759046e-01 -1.50354624e-01 -2.65740216e-01
    -1.32245541e-01 -1.23510063e-01 8.22475553e-02 -4.62178588e-01
    -1.70171142e-01 -5.66094041e-01 -6.83009207e-01 -3.36370945e-01
    -1.68589950e-01 -7.88628459e-02 -5.76623678e-01 2.33578682e-02
    -1.17507100e-01 -5.67455769e-01 8.05930495e-02 -2.33947277e-01
    -1.14331305e-01 1.39697552e-01 5.63782454e-02 -2.52315223e-01
    -6.25618100e-02 -6.94342136e-01 1.66923165e-01 -5.26641607e-01
    -3.04060340e-01 -1.92025542e-01 -1.42413020e-01 -5.14460325e-01
    -3.61045361e-01 -5.31370640e-02 -1.84731901e-01 -4.14038658e-01
    -8.52065682e-02 -6.53426826e-01 -5.97437978e-01 -4.90779519e-01
    -5.63340425e-01 -5.62816143e-01 1.13296390e-01 -4.04807538e-01
    -2.03510463e-01 -5.68626642e-01 -1.95329309e-01 -4.49014485e-01
    -6.22023165e-01 -6.68548107e-01 2.02312529e-01 -6.38193488e-01
    -5.84026098e-01 -5.30649424e-01 3.17232609e-02 -2.49430478e-01
    -2.89629102e-01 -6.10942960e-01 1.49875641e-01 5.03923893e-02
    -1.31195843e-01 -3.49976480e-01 8.97972584e-02 1.97295547e-01
    -1.29617751e-01 1.52440190e-01 -3.14766794e-01 -7.50137985e-01
    -5.59064448e-01 -5.67789078e-01 -8.28714967e-02 -2.60816216e-01
    -4.97657955e-01 -1.88401222e-01 -4.58730966e-01 1.12667024e-01
    1.74959242e-01 -3.85704100e-01 -1.54221714e-01 -6.71923161e-01
    -6.88667297e-01 -1.27320170e-01 1.13518775e-01 -1.43590391e-01
    -3.11778218e-01 -4.05903399e-01 -5.28124452e-01 -2.45407045e-01
    6.25703931e-02 -6.22897744e-02 -1.34311199e-01 -5.12352049e-01
    1.48657739e-01 -4.92653966e-01 2.05494285e-01 -6.51789606e-01
    7.52820373e-02 -3.19066703e-01 -3.21697533e-01 -3.42360437e-01
    -3.01171899e-01 2.18615055e-01 -3.27788562e-01 -1.29812837e-01
    -2.91016638e-01 4.84391570e-01 -2.95962363e-01 -6.27490878e-02
    9.99104381e-02 -5.04567027e-02 -2.33310550e-01 -3.14376712e-01
    -3.36741030e-01 -2.56467342e-01 -2.58855969e-01 -3.11448723e-01
    -6.44970238e-01 -1.21925890e-01 -1.42630994e-01 -2.24836767e-01
    1.53636515e-01 -5.88872910e-01 -6.92313612e-01 -4.70362306e-01
    -2.17869163e-01 -5.72675467e-02 1.73366427e-01 -6.76018655e-01
    -4.41284984e-01 1.49501681e-01 -4.90069330e-01 -6.94901109e-01
    -5.60559750e-01 -5.16288340e-01 -2.94510305e-01 2.02776790e-01
    -6.27466559e-01 -4.04319227e-01 -4.72889721e-01 -3.32329273e-01
    1.23715937e-01 1.01035297e-01 -3.05652767e-01 7.28275180e-02
    -1.24840140e-01 -4.38817382e-01 -2.64567196e-01 -2.69328535e-01
    1.62306368e-01 -6.67391777e-01 1.68004990e-01 -2.00725675e-01
    -1.60894394e-01 -3.92048419e-01 -6.00690186e-01 -2.22024083e-01
    -2.33901799e-01 -7.63922334e-02 -1.28204167e-01 -2.73619443e-01
    -1.13214612e-01 9.90730524e-03 -4.41447914e-01 1.86237216e-01
    -4.61080670e-02 2.23063231e-02 -3.45023006e-01 -7.56885707e-01
    -1.72374010e-01 -5.83823681e-01 -7.43124247e-01 1.56563222e-01
    -6.03759468e-01 4.94468212e-02 -4.46820050e-01 -2.78490782e-01
    9.83746052e-02 -7.45381594e-01 -4.37927246e-03 -2.63167471e-01
    9.37983990e-02 -2.86026925e-01 1.89446568e-01 -3.09476852e-01
    1.07345223e-01 -1.26290500e-01 -2.79711008e-01 -4.18618679e-01
    -7.20338821e-01 2.57200003e-02 -2.85605013e-01 1.43453896e-01
    -5.31754494e-01 -6.91177726e-01 -2.60648131e-02 1.40915036e-01
    -6.90598488e-01 -6.01743817e-01 2.15753317e-02 -7.15124369e-01
    -5.20552397e-01 -3.64432961e-01 -2.56091952e-01 1.48236871e-01
    -4.34052050e-01 -4.85553414e-01 -7.23382711e-01 2.04200089e-01
    -6.67384505e-01 -2.31558681e-02 -1.07208312e-01 -2.95053154e-01
    -2.61178374e-01 -2.07804263e-01 -4.94443893e-01 -2.51674473e-01
    1.56608224e-01 -5.20608008e-01 -2.37150252e-01 1.08498096e-01
    -7.80063987e-01 1.03397965e-01 -1.14512086e-01 -7.58347332e-01
    8.45032334e-02 -7.68570781e-01 -6.72937214e-01 6.48201704e-02
    -5.53458333e-02 -6.42676830e-01 -2.06554830e-01 2.15743721e-01
    -4.27172840e-01 -1.92311049e-01 -3.52442503e-01 5.29382229e-02
    -7.32450426e-01 -4.33861077e-01 -6.36539936e-01 -7.63617396e-01
    -4.57409024e-02 1.91647947e-01 2.34213352e-01 2.22793818e-02
    -5.76900125e-01 -6.70260787e-02 -4.58222628e-03 -9.60283875e-02
    -7.22357750e-01 -6.85231268e-01 -7.01266527e-01 -1.17324591e-02
    -3.83387804e-02 -2.45508671e-01 -1.33201480e-01 2.35738158e-02
    -1.13098681e-01 -8.73982906e-04 -5.20944238e-01 1.86988652e-01
    -2.86809891e-01 1.57686472e-01 -6.54716134e-01 -6.63192153e-01
    1.12388909e-01 -5.71123481e-01 -6.98525071e-01 -3.71100128e-01
    -3.25803220e-01 2.35348463e-01 -2.47704804e-01 -2.57254809e-01
    -5.39572001e-01 -8.02075863e-03 1.00279450e-01 1.56250000e-02
    -3.75556082e-01 -7.27777600e-01 1.90168321e-01 8.62429738e-02
    -2.39412487e-01 5.25617599e-02 -6.26369178e-01 -7.59316325e-01
    -3.23091418e-01 4.37305570e-02 -3.88134032e-01 -6.94494367e-01
    6.93333149e-03 -3.34618658e-01 -3.44358653e-01 9.51658487e-02
    3.07040215e-02 -7.49863327e-01 -3.97610724e-01 1.70117676e-01
    -1.02720916e-01 2.07832158e-01 -5.00177622e-01 -1.49944425e-01
    1.64141238e-01 -9.14794803e-02 -6.26671314e-02 -1.88310981e-01
    1.24074996e-01 -6.24125600e-01 -7.08430469e-01 -7.90037513e-02
    -2.86223501e-01 -5.45399070e-01 -1.39864802e-01 -6.89684153e-02
    -7.05981612e-01 -6.58775687e-01 1.53055847e-01 -4.52601314e-02
    -2.19340265e-01 -3.25243294e-01 -5.00633180e-01 -4.03691053e-01
    6.26498461e-02 -3.29619110e-01 -7.30051816e-01 8.84057879e-02
    2.03730226e-01 1.45699561e-01 1.68364048e-02 -4.45193052e-01
    -1.75520778e-02 1.14853978e-02 -3.22493523e-01 -4.67503488e-01
    2.33387768e-01 -7.43008375e-01 -1.47884607e-01 -3.32919896e-01
    1.75425351e-01 -2.53658414e-01 -2.46468365e-01 -2.89662808e-01
    -5.09204149e-01 2.07504213e-01 2.06027508e-01 -1.36607051e-01
    -7.43820667e-02 3.97844911e-02 -5.95057011e-03 -3.31463099e-01
    -9.51107144e-02 -5.61903954e-01 -2.79975295e-01 -6.90991282e-01
    -4.55612600e-01 -4.73104417e-01 -5.66506982e-01 -4.24935877e-01
    -5.75759292e-01 -4.97490853e-01 -5.62865496e-01 2.96306610e-02
    2.12524712e-01 4.00798142e-01 -3.49680603e-01 -9.58374143e-02
    -1.43840104e-01 -6.19540215e-02 3.23139012e-01 -1.71725124e-01
    -3.32293451e-01 3.22442353e-01 2.83016562e-01 -7.15709329e-01
    -6.91972613e-01 -2.16759801e-01 -5.28807461e-01 -7.66295791e-02
    1.74587131e-01 -3.88994575e-01 -3.12056959e-01 7.37865567e-02
    -3.76331031e-01 -4.95338231e-01 -6.42313659e-01 -6.96790814e-02
    -4.19390500e-01 1.15993798e-01 -7.73424149e-01 -3.05643350e-01
    7.08753467e-02 -6.14465356e-01 7.66661763e-02 4.50615883e-02
    -1.72406316e-01 -4.96562272e-01 -6.09246492e-01 -1.08045757e-01
    -6.23781860e-01 -6.07939959e-01 1.73892975e-01 -3.58906418e-01
    -9.91074443e-02 1.24477744e-01 -9.12242532e-02 -3.69700193e-02
    -7.41074800e-01 -6.27118349e-01 1.55569375e-01 1.68271065e-01
    -7.07808018e-01 -6.14495754e-01 -3.08360338e-01 -1.33148193e-01
    -3.11501145e-01 2.16870427e-01 -3.55895579e-01 -6.94559216e-01
    -2.55671740e-01 -7.34644771e-01 -1.62849307e-01 -1.31788373e-01
    -7.46200800e-01 -2.96158254e-01 -4.79932725e-01 -8.38071704e-02
    -3.68000358e-01 1.25280201e-01 -4.35610503e-01 -3.33191603e-01
    5.10687232e-02 -2.43628860e-01 9.86872315e-02 1.77251756e-01
    -6.26881421e-01 -1.19653940e-01 -6.24100447e-01 -7.37307191e-01
    -2.62905747e-01 -4.92890596e-01 -5.92388868e-01 -3.35147083e-01
    -1.57904625e-02 -1.91795051e-01 -7.33503699e-01 1.19253039e-01
    -1.89467669e-02 -3.65727067e-01 -7.49390423e-01 1.99533999e-01
    -7.29302406e-01 -6.16528511e-01 9.14242864e-02 -2.15624332e-01
    -1.96546376e-01 -4.90957737e-01 5.17732501e-02 -3.58974934e-02
    -3.48524988e-01 -1.86308026e-02 -7.36014843e-02 1.15371168e-01
    -6.76411629e-01 -3.65292668e-01 -2.57728696e-02 -3.10829282e-02
    -5.14644146e-01 -7.50324249e-01 -6.78537846e-01 -5.30438423e-01
    -3.56059015e-01 -5.05180597e-01 -1.47886574e-01 -6.79088354e-01
    -4.65936959e-01 -3.98483098e-01 -1.03065312e-01 -7.04879761e-02
    -3.60103726e-01 -1.96711063e-01 2.21252263e-01 -3.69619489e-01
    -1.23001933e-02 1.33512676e-01 3.16158533e-02 -4.68418956e-01
    -1.70689523e-01 -8.06125402e-02 3.86092663e-02 2.16101885e-01
    -4.86277521e-01 3.57438922e-02 4.77684736e-02 -2.36925066e-01
    5.55799603e-02 -4.42652464e-01 -2.55627215e-01 -5.44188201e-01
    -5.36776066e-01 1.49939060e-02 -4.14029062e-01 6.96449876e-02
    1.78794622e-01 -4.23590004e-01 -6.32528305e-01 -6.65897131e-01
    1.65896297e-01 1.94000840e-01 -5.86998105e-01 -3.61132681e-01
    -1.43859446e-01 -4.10353720e-01 4.41810489e-02 -1.31288886e-01
    -6.03275359e-01 -4.82300222e-01 -7.10389853e-01 7.02269673e-02
    -3.46423984e-02 -2.82576084e-02 -6.90409064e-01 -6.46038175e-01
    -1.82811081e-01 -2.70134449e-01 5.80276251e-02 -6.04724228e-01
    -5.14615297e-01 -4.54056531e-01 -3.93086523e-01 -6.30793691e-01
    -6.73915565e-01 -4.13301021e-01 -7.51566410e-01 -7.15011835e-01
    1.80974007e-02 -2.08013833e-01 -7.63802886e-01 5.73181510e-02
    1.23455524e-02 -2.72913635e-01 1.35060012e-01 -4.35463071e-01
    -4.66625005e-01 -7.99579620e-02 5.74312806e-02 1.28303111e-01
    -1.23547673e-01 -4.82977211e-01 -4.65625882e-01 -3.10593843e-03
    1.73706234e-01 -7.08564401e-01 -4.94422734e-01 -2.55494833e-01
    -3.43725801e-01 -7.22998381e-02 1.58038676e-01 -4.78239149e-01
    9.80333686e-02 1.50882483e-01 2.19667196e-01 -5.60420990e-01
    -5.57181120e-01 1.45607471e-01 -3.01194161e-01 -1.03408396e-01
    -3.04530591e-01 -3.55254203e-01 -7.41500854e-02 -3.58123004e-01
    -3.69690776e-01 -6.53282225e-01 -6.07728839e-01 -7.22693801e-02
    -6.30823791e-01 6.59060478e-03 -1.09251857e-01 2.36044466e-01
    -3.38356495e-02 -6.21446252e-01 -4.45505381e-02 -3.86425823e-01
    -4.13654864e-01 -4.14058149e-01 -2.81378925e-01 -3.75727147e-01
    -2.80521244e-01 -5.87262154e-01 1.26298487e-01 -1.09494209e-01
    -2.09758818e-01 -2.19388187e-01 -2.29971349e-01 -2.06540525e-01
    1.33633852e-01 -1.04283214e-01 -1.61181509e-01 2.24170685e-01
    -7.30382204e-01 1.39202297e-01 -6.61116838e-01 -6.97867751e-01
    6.86663985e-02 -7.10993767e-01 1.61699533e-01 -5.28336585e-01
    -5.58504581e-01 -7.54718781e-02 -3.69480133e-01 7.57205486e-02
    -6.49459720e-01 -6.51356041e-01 -3.90111953e-01 -3.10134232e-01
    2.29021132e-01 -5.01372218e-01 -4.98734117e-02 2.83140779e-01
    1.97037816e-01 -7.54815936e-02 -4.07503486e-01 -1.48927629e-01
    4.53020334e-01 -3.87116671e-02 2.88453102e-02 -4.25636053e-01
    -5.55053771e-01 -2.06528395e-01 -1.49608016e-01 -1.39147222e-01
    -7.06471562e-01 -6.45327806e-01 -7.37549603e-01 -5.40344119e-01
    2.11238265e-01 -6.24055803e-01 1.94868445e-02 -4.69573915e-01
    2.49575257e-01 -8.34584236e-02 -1.37162507e-01 -2.69686759e-01
    -2.70540357e-01 -6.01414084e-01 -9.31570530e-02 -4.46309626e-01
    1.53500259e-01 -7.27540255e-02 7.63435364e-02 2.02153563e-01
    -5.39352536e-01 -1.92327797e-01 -9.93709564e-02 1.79653227e-01
    -1.24386132e-01 -5.82003832e-01 -3.83349419e-01 -4.99578774e-01
    -7.07488656e-01 -6.76726460e-01 -4.81732488e-02 -6.65285230e-01
    -2.40538299e-01 8.79651308e-02 -6.08235836e-01 -7.31204629e-01
    -3.32604885e-01 -2.07166672e-02 -1.37714982e-01 1.55572474e-01
    -5.29231548e-01 -5.92001677e-01 -3.50354791e-01 9.27570462e-02
    1.86155736e-01 -6.96063876e-01 -4.26813960e-02 -5.59230268e-01
    2.05133438e-01 -9.03033614e-02 -3.84077966e-01 -1.80816531e-01
    -6.47650480e-01 -6.63248301e-02 -1.94584608e-01 -3.84870499e-01
    -3.64081770e-01 -7.33980358e-01 1.44532919e-02 -2.99496651e-01
    1.72943652e-01 -8.44368935e-02 -3.77082884e-01 -2.77761847e-01
    -5.54576755e-01 -6.73799157e-01 -1.86298251e-01 -1.21642828e-01
    -3.93868953e-01 -1.62404597e-01 -6.20643795e-01 -6.53447747e-01
    -4.45060790e-01 -4.86942500e-01 5.64368963e-02 -7.55917668e-01
    -2.89650619e-01 -6.04062438e-01 -3.68757129e-01 -7.55221546e-01
    -2.47549117e-01 1.01010799e-01 -2.96473384e-01 -3.14355195e-01
    -1.44917965e-02 -2.65709341e-01 1.84977114e-01 -4.50744927e-01
    -6.26596212e-01 -6.64297163e-01 -1.67577624e-01 -3.00335735e-01
    1.11786902e-01 -3.80061269e-02 -6.21617019e-01 -2.83317983e-01
    -4.04367954e-01 1.12656355e-01 3.46874595e-02 -7.90238976e-02
    -4.62327600e-02 -5.34175515e-01 -6.05183065e-01 -1.95099175e-01
    1.20669186e-01 -9.96990800e-02 -1.74703956e-01 -4.35322106e-01
    -7.67423391e-01 -4.08046305e-01 -6.06304049e-01 1.26057804e-01
    -6.77421927e-01 -1.56830847e-01 -4.93350744e-01 -2.66323328e-01
    -1.05244756e-01 1.34727895e-01 2.41353989e-01 -4.16523427e-01
    -4.42861259e-01 -2.02163577e-01 -6.06154978e-01 -1.63973391e-01
    -6.52827024e-01 2.35911608e-01 1.05212092e-01 1.02861822e-01
    -4.17000473e-01 -2.84568369e-01 6.02061152e-02 -2.84638673e-01
    -5.87666154e-01 -2.45621979e-01 1.18547559e-01 -6.41078472e-01
    -5.10006726e-01 -2.92955667e-01 -7.13532805e-01 -3.78031433e-01
    -3.53014618e-01 -2.85643399e-01 -3.13464880e-01 -4.49197024e-01
    -3.14582825e-01 -6.67789698e-01 -7.70841300e-01 -3.20288807e-01
    -4.46698070e-02 2.50345767e-01 -3.26371640e-01 1.67710781e-01
    -1.07143223e-01 1.49206340e-01 -6.07380807e-01 -5.54818273e-01
    -4.12848562e-01 1.43638909e-01 -7.63385057e-01 -3.19158554e-01
    -6.40165567e-01 -4.84872401e-01 -7.07055807e-01 -1.47004962e-01
    -8.57937336e-02 -1.93628788e-01 -1.92277431e-01 -3.59738469e-02
    -4.46694702e-01 1.87461615e-01 -6.81062937e-01 -1.68348551e-02
    -2.29771376e-01 -6.51721239e-01 -3.47584873e-01 -2.54446685e-01
    -1.92995250e-01 -5.00344217e-01 -4.84699011e-03 -2.60132909e-01
    8.16551447e-02 -2.50670791e-01 -1.61233485e-01 -6.08746529e-01
    9.76407528e-03 2.12596238e-01 9.09295082e-02 -3.95664006e-01
    5.03342748e-02 -3.45429361e-01 1.40455961e-02 1.71648324e-01
    -6.59151673e-02 -4.64393377e-01 1.45973325e-01 7.12472200e-03
    -6.46135688e-01 2.07190752e-01 -6.28172636e-01 1.63616121e-01
    -9.31566954e-02 -3.64346653e-01 -2.98745632e-01 -2.77465314e-01
    6.96865916e-02 4.16812301e-02 -2.52868474e-01 1.14956856e-01
    2.28100479e-01 -1.19112909e-01 1.41418219e-01 -4.30488527e-01
    -3.36139798e-02 -7.27152109e-01 -3.92231643e-01 -9.38206315e-02
    -3.95048410e-01 -4.55940366e-02 -5.79247475e-01 -2.57142067e-01
    -1.21630788e-01 -4.89741981e-01 1.50804937e-01 -2.41253912e-01
    -3.48973483e-01 -4.97927040e-01 -3.71111542e-01 1.58067107e-01
    -9.24198627e-02 2.27900147e-02 -2.80786097e-01 6.41768575e-02
    -8.61474276e-02 -1.38715446e-01 -2.97068208e-01 -5.20685911e-02
    -7.38265634e-01 1.58745408e-01 -2.88590193e-02 1.05286121e-01
    -3.23536307e-01 1.73825622e-01 3.66337717e-01 3.45003664e-01
    -1.16576016e-01 -1.80482477e-01 3.81317377e-01 3.83707494e-01
    3.21734011e-01 5.04803956e-02 3.74170780e-01 5.48109412e-02
    -2.48145819e-01 -1.05081618e-01 -6.08178675e-01 4.51761484e-02
    -5.47722578e-01 -2.72080630e-01 -4.84290123e-01 4.61677313e-02
    -3.40887278e-01 -3.39097977e-02 2.49460161e-01 -3.99582446e-01
    -9.12889838e-02 -5.83472729e-01 -3.12422395e-01 1.63893461e-01
    -2.71953970e-01 -6.82303667e-01 -1.76013231e-01 -6.51622415e-01
    1.79877877e-02 -1.88255191e-01 -2.56583691e-02 -7.67755628e-01
    -5.44096589e-01 -7.69370615e-01 4.40788269e-03 -4.95162904e-01
    -4.86106813e-01 -4.46765304e-01 -7.18220174e-01 -4.56204504e-01
    -3.16451788e-02 1.77102983e-01 1.39535606e-01 -4.32114244e-01
    -4.55708146e-01 -6.27965093e-01 -5.59807658e-01 -3.26633453e-01
    -3.40204835e-02 1.45421505e-01 1.08018219e-01 -2.33639657e-01
    -5.07163882e-01 -4.46090490e-01 -2.12949753e-01 -6.70738399e-01
    -7.10437417e-01 -8.77362490e-03 2.25407839e-01 -7.44060338e-01
    2.01546550e-02 -3.71607304e-01 -7.46796727e-01 -6.54352903e-02
    -4.48413730e-01 -5.32891631e-01 6.10800385e-02 7.53463507e-02
    -1.49008393e-01 -3.83814812e-01 2.74901390e-02 1.81302726e-01
    -3.33181322e-01 -4.15089607e-01 -6.71453476e-02 1.29688084e-01
    -4.11351621e-01 -4.63422418e-01 1.80965424e-01 -4.91306633e-01
    -6.00320339e-01 -2.88765609e-01 9.45871472e-02 9.05573368e-04
    -2.26390243e-01 -9.56285596e-02 -1.83219671e-01 -7.80490935e-01
    -3.02541316e-01 -6.98173046e-01 1.62429750e-01 -6.39896154e-01
    -4.81399477e-01 -5.48737884e-01 -2.28742182e-01 -4.65692222e-01
    -7.45772660e-01 2.34674633e-01 2.38526464e-02 -8.89363289e-02
    -6.79297149e-01 -6.81187332e-01 -5.93068838e-01 -1.18762016e-01
    7.37535357e-02 -2.49524176e-01 1.68471336e-02 1.05500221e-04
    -6.90957785e-01 -5.05868554e-01 4.73383069e-02 8.10650587e-02
    -2.31120348e-01 6.09681606e-02 -3.87986630e-01 -5.31396031e-01
    -3.69250447e-01 -3.61350149e-01 -3.44659925e-01 -1.44359946e-01
    -4.77201581e-01 1.56099975e-01 -6.67447567e-01 -5.48625350e-01
    1.11274064e-01 -7.63645291e-01 -7.56808519e-02 8.56628418e-02
    -5.62357605e-01 1.32840753e-01 -2.55548298e-01 -1.62909627e-01
    1.41651928e-01 -2.49320686e-01 -4.48870897e-01 1.83342695e-02
    6.74247742e-03 4.80651259e-02 -6.53732538e-01 1.48822248e-01
    2.52649188e-02 -6.42230034e-01 2.56508589e-02 1.56928003e-01
    -1.14397466e-01 -2.30770111e-01 -7.77176738e-01 -1.86955273e-01
    -1.54911876e-01 1.68722868e-02 -2.81170011e-01 -6.46530628e-01
    1.35520160e-01 -2.13254869e-01 -9.64747667e-02 8.01247358e-03
    -2.53853440e-01 1.97302520e-01 -5.17926216e-01 -3.57127547e-01
    1.28876269e-01 -2.23207295e-01 -6.93293571e-01 1.03179276e-01
    -2.40661919e-01 1.28215134e-01 -4.98557091e-02 -6.19628727e-01
    -1.58462465e-01 -1.67169750e-01 -4.88525063e-01 -5.66674948e-01
    8.18584561e-02 -1.27602518e-01 4.85314131e-02 -4.07446086e-01
    -1.35993958e-01 -1.49214506e-01 -3.74002457e-01 -6.28968954e-01
    -2.55028188e-01 1.25749707e-01 -2.49742687e-01 -5.25646508e-01
    -2.30499446e-01 -5.24367213e-01 -4.32756245e-01 -5.82105279e-01
    -6.11486912e-01 -5.37455678e-02 -4.42040086e-01 -3.37900341e-01
    -2.89245605e-01 -2.52801597e-01 -2.49459147e-01 -2.94449002e-01
    -6.24997139e-01 -6.87456012e-01 1.78629518e-01 -5.59037924e-02
    8.08751583e-03 -2.31611609e-01 -6.41302586e-01 -3.82363439e-01
    -7.17246711e-01 -6.25819564e-02 1.63105011e-01 2.17891753e-01
    1.28658652e-01 7.54475594e-03 -2.76863068e-01 1.99869215e-01
    -3.05371821e-01 -3.35490108e-01 -5.67510962e-01 9.48896408e-02
    -6.03941202e-01 -5.42331100e-01 -5.10155737e-01 9.93820429e-02
    5.87880611e-03 -5.34053445e-02 -1.40971363e-01 -5.24081349e-01
    -2.11166680e-01 -2.93425113e-01 -2.34945834e-01 -1.62570357e-01
    -1.20857775e-01 -2.18132734e-01 4.63036895e-02 -9.27143097e-02
    -3.85944813e-01 -6.53446078e-01 -2.39669085e-02 -8.47980976e-02
    -2.68486798e-01 -4.19017076e-02 -1.93308592e-01 -4.36816692e-01
    -3.05027187e-01 -4.53915268e-01 -1.86645031e-01 -9.30482149e-02
    -2.89706796e-01 7.33161569e-02 -1.33155942e-01 -5.17058253e-01
    2.11504221e-01 -1.41433120e-01 -3.19353521e-01 1.89239383e-01
    -1.41479075e-01 -2.38253653e-01 -2.46954590e-01 1.35088146e-01
    -1.66622102e-01 4.10006255e-01 3.26587141e-01 6.13516569e-02
    -1.76124066e-01 1.40587807e-01 -1.67739391e-03 4.44599092e-01
    2.19666064e-01 1.17069304e-01 9.08660293e-02 -6.35906458e-02
    -5.24231672e-01 -1.47903025e-01 -5.93797207e-01 -2.39242435e-01
    -3.90167832e-02 -2.57953584e-01 -1.22018337e-01 -3.81154329e-01
    -6.35961890e-02 -1.46142125e-01 -5.15192926e-01 -7.76175261e-02
    1.45699441e-01 -3.00969809e-01 1.77430749e-01 -5.25549173e-01
    -4.53271925e-01 -2.13179946e-01 -7.75432587e-02 -6.92201376e-01
    -1.64623857e-02 -7.61570811e-01 -1.76905632e-01 -2.54362822e-03
    -8.93955827e-02 -3.41472030e-02 -6.15893364e-01 -6.19816661e-01
    1.85501575e-03 -7.07337856e-01 1.20476007e-01 -6.84540808e-01
    -3.26301515e-01 1.36947274e-01 -6.94926620e-01 8.08894634e-02
    -4.57830995e-01 -4.85949486e-01 3.48429084e-02 -4.66775119e-01
    -7.61802554e-01 -5.06286979e-01 -6.24136925e-01 -4.64944065e-01
    -1.37691021e-01 -5.89501977e-01 -6.18570626e-01 -2.75947630e-01
    -4.34143156e-01 -4.13377285e-01 -2.05231428e-01 1.57440305e-02
    -4.98393834e-01 7.60683417e-02 -7.22352028e-01 -3.44581395e-01
    -4.12496924e-01 -2.95299321e-01 -7.23321438e-01 -2.65344977e-02
    -5.68543196e-01 -7.14752078e-02 -7.03553557e-01 -1.29424632e-01
    -4.85862017e-01 1.19202077e-01 -6.40927911e-01 -4.71609831e-02
    9.19929743e-02 -5.81859946e-01 1.99258745e-01 -5.48532009e-02
    1.28511548e-01 2.19550788e-01 -2.15514302e-01 3.24592590e-02
    -1.84254229e-01 -2.50176609e-01 1.31665111e-01 -5.37036061e-01
    -5.93007445e-01 -6.66926384e-01 -2.35153913e-01 -2.30258048e-01
    -7.29583859e-01 -5.16226172e-01 -3.47981364e-01 -1.86978102e-01
    9.16346312e-02 -4.64113474e-01 1.57335043e-01 -6.54505014e-01
    5.16589284e-02 -7.06120670e-01 -4.14031923e-01 1.54224753e-01
    2.07744002e-01 -4.21171784e-01 -6.45256519e-01 -3.73153836e-01
    -2.12961435e-01 -7.33895898e-02 1.70056820e-02 -2.84934640e-01
    -6.54403687e-01 -3.32500607e-01 -2.27191031e-01 5.78990579e-02
    -7.42171764e-01 2.16640055e-01 -6.41298234e-01 1.42711878e-01
    -2.70751894e-01 -7.44623661e-01 1.15173876e-01 -2.51560926e-01
    1.82256937e-01 -2.66750693e-01 1.32524073e-01 -4.71785188e-01
    -1.79431260e-01 -7.22427011e-01 1.95641816e-01 1.71169698e-01
    1.51249886e-01 2.05546498e-01 -1.38548613e-01 4.35582995e-02
    -6.99198008e-01 2.11363316e-01 9.12122726e-02 1.08291984e-01
    -5.71285486e-01 -4.57502991e-01 -3.10896367e-01 -6.87240839e-01
    -1.75840020e-01 -6.45007312e-01 -2.73015499e-01 6.47652149e-02
    -5.09634197e-01 -2.86963224e-01 -5.03754258e-01 1.20887756e-02
    -7.23132253e-01 7.92583823e-02 -1.66041434e-01 2.28520036e-02
    -1.00516975e-01 9.90040302e-02 -9.81402397e-03 -4.94395852e-01
    6.08371496e-02 -6.63952589e-01 -6.39167905e-01 -9.58753824e-02
    -4.22012866e-01 2.10839093e-01 -1.14165485e-01 8.81854892e-02
    6.20352030e-02 1.10844254e-01 -6.95647001e-01 -1.89438343e-01
    -5.40990829e-01 -3.84039015e-01 -1.51264668e-02 -6.50203586e-01
    -4.82932478e-01 -3.35852891e-01 -1.29324138e-01 -4.33418900e-01
    -6.90463841e-01 -1.71674609e-01 -6.84979558e-01 -2.34602690e-02
    1.13765001e-01 8.23076367e-02 -7.39366651e-01 -2.46292949e-01
    -7.09288955e-01 -4.34252173e-01 -3.46707910e-01 2.08736658e-02
    1.75653279e-01 -6.58463657e-01 -1.13704860e-01 -1.19242787e-01
    -2.33702004e-01 -3.79612029e-01 -5.30081511e-01 -8.36312771e-04
    -6.93256259e-02 -5.84238350e-01 -6.81670904e-01 -6.82781935e-01
    -5.50835609e-01 -2.92780399e-02 -2.66403854e-01 -5.90127409e-01
    -7.03827262e-01 1.80000305e-01 -4.51791555e-01 1.94576859e-01
    2.16751695e-02 1.12122238e-01 -2.11557329e-01 -5.68016768e-01
    -6.34881735e-01 -3.02111626e-01 7.21892118e-02 1.24197364e-01
    -1.87740028e-01 -6.85136318e-01 -6.65989280e-01 -2.13813424e-01
    -2.09753871e-01 -4.17101562e-01 4.31026816e-02 -4.59867477e-01
    8.00057650e-02 -2.94371933e-01 -6.03956640e-01 -3.20513904e-01
    1.90141320e-01 -6.80109024e-01 -7.65976310e-01 -6.28459454e-03
    1.78964913e-01 -3.63612175e-03 -2.16346502e-01 -2.08970129e-01
    1.74287677e-01 -1.28429711e-01 -4.87681866e-01 -1.55151963e-01
    -8.05124640e-02 -4.68914032e-01 -4.35502499e-01 1.19717598e-01
    -6.73690438e-01 -2.06929624e-01 -5.86681724e-01 1.73782885e-01
    2.19067216e-01 -4.29279149e-01 -4.03272569e-01 -3.44881117e-02
    -6.59525990e-02 -2.06962049e-01 3.80114436e-01 -3.66873324e-01
    2.87396312e-01 -4.55367565e-03 2.17642009e-01 -4.23196822e-01
    -7.17016935e-01 -1.05284035e-01 -5.70011914e-01 -3.29310358e-01
    -8.06027055e-02 -3.05981636e-01 -3.41774493e-01 6.51921034e-02
    6.73797131e-02 1.24584556e-01 -6.65437102e-01 -9.36985016e-02
    -5.25739789e-01 4.74219918e-02 -4.14316803e-01 -6.74271226e-01
    -4.11211491e-01 1.02552891e-01 -2.01884806e-01 5.70449829e-02
    -3.76076698e-02 2.70501971e-02 1.34085059e-01 -2.15624452e-01
    -4.17482227e-01 -2.47013569e-02 -2.81217515e-01 7.47519135e-02
    2.00814724e-01 1.92383945e-01 1.87529922e-02 -3.90592217e-02
    -5.93957305e-01 6.02595806e-02 -2.94120938e-01 -2.09968209e-01
    -5.24218380e-01 -1.19516313e-01 1.90621972e-01 -6.55980825e-01
    3.24923992e-02 -5.40828407e-01 -7.05237448e-01 7.29117393e-02
    -1.75989091e-01 -3.39361846e-01 1.88156426e-01 -1.62120640e-01
    -6.23569131e-01 1.51385963e-01 -5.21743178e-01 1.39363885e-01
    -3.92103910e-01 -1.96039677e-04 -2.74450362e-01 -3.53455663e-01
    -4.03711915e-01 -1.11059308e-01 -2.19059944e-01 5.02853394e-02
    -5.88410199e-01 -4.79946971e-01 1.16136491e-01 -3.88879895e-01
    -2.64655083e-01 -4.42371637e-01 -7.05453873e-01 6.16689324e-02
    -5.16379952e-01 1.14818573e-01 -5.60700715e-01 -4.94462609e-01
    -2.14104950e-01 -2.20741332e-01 4.46038842e-02 5.62596917e-02
    -4.51595306e-01 -3.07241082e-02 -2.98396230e-01 -4.62382555e-01
    -1.63330376e-01 -5.31993747e-01 -3.84680241e-01 -1.16651773e-01
    -1.16332412e-01 -3.44166636e-01 1.53910398e-01 -1.20065689e-01
    -1.39280200e-01 -1.86106503e-01 -1.87962592e-01 -7.38185287e-01
    2.12911963e-02 -1.19361281e-02 -7.06306159e-01 -7.16145277e-01
    1.41281605e-01 7.54712224e-02 -1.83223426e-01 -7.44479299e-01
    -6.12454891e-01 7.09308386e-02 -2.84381509e-01 -2.22137332e-01
    -4.44626212e-02 1.27000511e-01 -3.46202403e-01 -7.02960491e-02
    1.16685092e-01 -1.38727427e-02 -1.80029869e-02 -7.58318186e-01
    -6.07986450e-01 7.57181644e-02 -4.48333114e-01 1.89338446e-01
    2.02778399e-01 -7.59871900e-01 -5.90956211e-02 -5.14175057e-01
    9.90201235e-02 -5.22076070e-01 -2.65205443e-01 -1.98890865e-01
    -1.58627927e-01 6.17070794e-02 -2.61409104e-01 -4.21062976e-01
    2.15977728e-01 -3.84913921e-01 -4.94961381e-01 -1.40382230e-01
    -5.98385692e-01 -6.78038716e-01 1.56055093e-01 -3.32983732e-01
    -6.87810063e-01 1.69785559e-01 -4.08549219e-01 1.98474407e-01
    7.57613182e-02 -2.31789291e-01 -5.71049809e-01 -2.19703078e-01
    -4.78931904e-01 2.15655148e-01 2.00969875e-01 -1.42013788e-01
    1.68536425e-01 -3.56122881e-01 -6.98434830e-01 -6.65685415e-01
    -5.72229385e-01 -3.41046810e-01 -4.02968109e-01 -1.84430838e-01
    -4.76150006e-01 -2.51632571e-01 2.08068907e-01 1.09881580e-01
    -5.86377442e-01 9.94514227e-02 -4.02208596e-01 9.53077078e-02
    1.50520980e-01 -4.88474548e-01 6.65878057e-02 -6.91131830e-01
    -8.31989646e-02 -4.15753067e-01 -6.31426573e-01 -5.56262612e-01
    2.24505067e-01 9.89228487e-02 6.46492243e-02 -4.72443819e-01
    3.14615369e-02 -5.39177775e-01 3.21903229e-02 1.22958839e-01
    -2.06100523e-01 -2.42038786e-01 -6.52762413e-01 -2.75127172e-01
    1.21536791e-01 -7.34212399e-02 -1.22064412e-01 1.00390136e-01
    -3.35639030e-01 -5.89785337e-01 -4.15204704e-01 -5.36350489e-01
    2.14989305e-01 -2.01367021e-01 -2.69490838e-01 -6.67410254e-01
    -3.36793661e-01 -4.48432267e-01 -1.41552210e-01 8.81220698e-02
    -8.91768932e-02 -4.33580279e-02 -5.86901903e-01 -8.83955956e-02
    -3.40182245e-01 -5.23119092e-01 -1.45494759e-01 -5.34069300e-01
    -5.83471894e-01 -1.92979693e-01 -7.23109722e-01 2.23491728e-01
    -3.74224186e-02 -7.03077912e-01 1.27068400e-01 1.91221952e-01
    -5.86178184e-01 -2.76749134e-02 -3.27281773e-01 6.52407408e-02
    -6.78550601e-01 -4.06621903e-01 -2.64903128e-01 -1.08965874e-01
    6.22218847e-02 -2.46059895e-01 -1.96898460e-01 -5.95945120e-02
    -2.29737461e-01 -5.75548649e-01 -3.37897450e-01 -3.95931482e-01
    -3.52311879e-01 -4.70136225e-01 -5.34121871e-01 7.32005835e-02
    -3.39999110e-01 -2.81649888e-01 -4.82379198e-02 -6.19426131e-01
    -3.09380889e-02 -6.26608193e-01 -1.90545171e-01 2.32511938e-01
    1.87516153e-01 -3.96721363e-01 -1.94930106e-01 2.01290071e-01
    4.64937985e-02 6.79638386e-02 3.64336133e-01 1.98629200e-01
    2.37051249e-02 2.54166663e-01 2.88702607e-01 -3.74009013e-02
    -3.95043969e-01 -2.14222729e-01 1.92279816e-01 1.98306978e-01
    -2.11088598e-01 -4.61014420e-01 -4.91223216e-01 -5.62226772e-01
    -1.83930993e-02 -1.94236279e-01 -4.61741120e-01 -5.49919665e-01
    -2.09329724e-02 -3.50539982e-01 6.48887753e-02 4.83587384e-02
    -3.02835703e-02 -6.32135987e-01 2.74469852e-02 -1.48210764e-01
    -2.23081768e-01 1.34579837e-01 -4.58035469e-02 -7.31859922e-01
    -2.02918887e-01 1.86699092e-01 -5.10479569e-01 -7.24234343e-01
    6.49609566e-02 -1.90972567e-01 5.22500277e-02 -3.98163497e-01
    -1.16524756e-01 -1.62720203e-01 1.27623081e-02 -5.49915493e-01
    -5.10391355e-01 -1.17829919e-01 -5.12614012e-01 -2.76597649e-01
    7.64711499e-02 -4.19968575e-01 2.24553227e-01 -2.27426469e-01
    -3.02271456e-01 -3.23886603e-01 -2.06189215e-01 -2.20908880e-01
    -1.46262586e-01 2.35299766e-01 2.82453895e-02 -2.10445464e-01
    -7.41233587e-01 1.63571596e-01 1.91330910e-02 -4.62410688e-01
    1.73009872e-01 3.08884382e-02 -2.74091959e-03 -4.89542484e-02
    5.73303103e-02 -3.12008858e-01 -3.87264490e-02 -6.50823355e-01
    -1.50253773e-01 -6.49089932e-01 -5.17373502e-01 -6.28760695e-01
    1.42996311e-01 5.41882515e-02 -2.26547539e-01 -3.28630745e-01
    2.15239882e-01 1.39670312e-01 -2.16242015e-01 -6.01377368e-01
    -3.81460011e-01 -7.66950309e-01 -1.97726190e-01 -4.93329227e-01
    -7.29983568e-01 -1.51811182e-01 -1.81230545e-01 -1.72104359e-01
    -7.17213750e-02 1.61041498e-01 -3.92824709e-01 -2.78384626e-01
    -2.67232418e-01 2.08814025e-01 -5.76411605e-01 -5.27782202e-01
    1.08868301e-01 -4.94575858e-01 1.70983195e-01 3.40756774e-02
    -5.02577662e-01 -7.45538712e-01 -3.60749364e-02 3.00838947e-02
    2.68887877e-02 -4.13307548e-01 3.58517170e-02 -1.02934539e-01
    -2.57842660e-01 -4.80264664e-01 -2.47667313e-01 -3.18892598e-02
    -7.17105210e-01 8.06354880e-02 7.23579526e-02 -5.74816108e-01
    6.57233596e-02 -1.30349278e-01 -4.12021339e-01 -1.26984417e-01
    -2.29432583e-01 4.63381410e-02 3.52939367e-02 -5.79090595e-01
    -3.70122463e-01 -3.13937187e-01 -1.02326572e-01 -1.27410471e-01
    -5.94421625e-01 -9.88509655e-02 -7.07942843e-02 4.50706482e-03
    -2.87588894e-01 -1.97212219e-01 1.23373508e-01 -7.12106049e-01
    1.88251674e-01 6.01361394e-02 -6.75822258e-01 -7.68076062e-01
    -4.39384043e-01 1.12228572e-01 -1.59876525e-01 -1.48635507e-01
    -1.56310380e-01 5.84151745e-02 1.16030991e-01 1.77713096e-01
    -2.34147251e-01 -2.07060099e-01 -2.23735988e-01 -1.59788728e-02
    9.03487206e-04 -3.95164698e-01 -7.87174702e-02 -1.84404016e-01
    -4.76216853e-01 -5.84007740e-01 -3.83427799e-01 1.79953814e-01
    -3.51556748e-01 -6.59047365e-02 -3.39011699e-01 -6.02875471e-01
    5.46042323e-02 -4.63372111e-01 -1.81105733e-02 -4.16384637e-01
    1.76142633e-01 -7.07966089e-03 -6.52694464e-01 -5.85577488e-01
    -3.96231830e-01 -3.20753723e-01 -2.51644820e-01 -5.99869490e-02
    1.45189285e-01 -6.25148356e-01 -2.38305330e-01 -5.64525008e-01
    3.90043259e-02 5.08129597e-03 -2.69320786e-01 -6.17241025e-01
    -1.64028943e-01 1.23548567e-01 1.76107347e-01 -6.68034494e-01
    -4.42046911e-01 -5.22930145e-01 -3.87052804e-01 -7.11876273e-01
    1.21537685e-01 -5.78497887e-01 -4.05314445e-01 -2.67643481e-01
    -3.69060069e-01 1.91471875e-01 -3.76555324e-02 2.27757156e-01
    -3.11515033e-01 2.37437546e-01 -2.16879904e-01 1.49999917e-01
    2.18639553e-01 -2.62340873e-01 -5.30888796e-01 -2.87178159e-02
    9.56721306e-02 -6.52672410e-01 -3.49278867e-01 -1.03365183e-02
    -1.88184321e-01 7.86724687e-02 -4.26260233e-02 -5.27575612e-01
    -5.42860627e-01 -2.65324116e-02 -6.11850023e-02 -5.16336083e-01
    4.48206067e-02 8.66732001e-02 -4.04757500e-01 -4.61810946e-01
    -6.04593694e-01 -2.16808856e-01 -1.83311224e-01 -2.08696187e-01
    -5.61209083e-01 1.78084075e-01 -4.15590465e-01 -3.37557524e-01
    1.41378582e-01 -6.68215275e-01 -3.32482517e-01 -7.56278038e-01
    1.26033247e-01 -7.50833154e-02 -8.81553292e-02 -1.65278733e-01
    -3.33348662e-01 -7.03820348e-01 -3.30452591e-01 -5.50530553e-02
    -1.16808414e-02 -2.55811930e-01 3.09863925e-01 3.07768166e-01
    -8.40440989e-02 2.16306061e-01 6.45574331e-02 5.78971982e-01
    -1.19328856e-01 -3.70477140e-02 4.61578667e-01 -2.06910849e-01
    -5.87557793e-01 1.46205902e-01 2.44552612e-01 -4.71561432e-01
    4.57019210e-02 -7.48991311e-01 -1.35917544e-01 2.19576120e-01
    4.96276021e-02 -3.77769917e-01 -2.72266924e-01 7.17443228e-03
    -1.29672468e-01 6.19107485e-03 -4.60448682e-01 -8.26088786e-02
    -4.46340621e-01 -7.54324734e-01 9.78710651e-02 9.52867270e-02
    1.57317936e-01 -6.11261368e-01 -6.01515770e-02 1.24098897e-01
    -1.45665824e-01 -2.60356665e-01 -2.49284506e-03 -5.28767109e-02
    -7.42897987e-01 1.12761855e-01 -7.60016441e-01 -5.55403352e-01
    -5.73151350e-01 -1.46694541e-01 -6.52481854e-01 -7.74614811e-02
    -4.93308365e-01 -5.29795408e-01 1.83207154e-01 2.02175200e-01
    -2.35366821e-02 -1.45247817e-01 -5.42075932e-01 -3.53377163e-01
    4.58706021e-02 -2.12735534e-02 1.00586414e-01 -7.47207046e-01
    1.42332375e-01 -6.85527921e-01 -1.09996796e-01 -3.67333204e-01
    -8.70561600e-03 -4.44575310e-01 -5.13875484e-03 -4.61390018e-01
    -6.80098832e-01 8.72967243e-02 7.15276003e-02 -7.36921191e-01
    6.54573441e-02 -4.51471746e-01 2.22734988e-01 9.48139429e-02
    -6.80632114e-01 1.70829117e-01 -6.82064414e-01 -2.12514520e-01
    2.24248707e-01 -4.15711790e-01 -5.69429874e-01 1.66341066e-01
    -5.14409542e-01 -5.51073790e-01 -4.87515360e-01 -1.48840904e-01
    4.09315228e-02 -1.61456347e-01 1.93844318e-01 -7.19678164e-01
    4.88872528e-02 -4.15004849e-01 -7.78912723e-01 -6.46942735e-01
    -6.51859045e-02 1.06812119e-01 -1.42874241e-01 2.32823670e-01
    -3.62048358e-01 1.73565328e-01 6.65462017e-03 -2.99882770e-01
    -6.91651821e-01 -5.50377965e-01 2.28937268e-02 -7.06754923e-02
    2.15608776e-01 -5.66155732e-01 -5.80826938e-01 -2.83015847e-01
    -1.71153307e-01 -8.54438543e-03 1.10085964e-01 -2.80747026e-01
    -1.17139697e-01 -2.75856048e-01 -5.23623228e-01 -7.11814106e-01
    2.11907506e-01 1.06044710e-01 -6.90494835e-01 -5.32809734e-01
    5.30043840e-02 -7.36165047e-03 -4.03947264e-01 -2.70444214e-01
    5.53726554e-02 -4.38651145e-01 -5.93027472e-02 -6.68001533e-01
    1.36115015e-01 -5.73282003e-01 5.76189756e-02 -5.03980160e-01
    -2.57494152e-01 -4.69990730e-01 6.85930252e-03 -8.87513757e-02
    1.43337786e-01 -2.32750177e-01 -2.54903078e-01 -2.55293071e-01
    -1.10179782e-01 -5.72090149e-02 -7.25027204e-01 -5.88745058e-01
    5.83227873e-02 -2.36206889e-01 -4.03274715e-01 -3.39380413e-01
    -6.36888623e-01 -4.73139346e-01 -3.96125376e-01 1.17381454e-01
    2.14633167e-01 -5.46960473e-01 2.63631344e-04 1.94501102e-01
    -5.52351594e-01 2.44266629e-01 -9.41318274e-03 -5.98448515e-01
    -3.81928504e-01 -3.87551785e-02 -5.40573657e-01 2.30139017e-01
    -1.94760382e-01 -6.95786715e-01 2.44000912e-01 -4.46469605e-01
    -6.88776255e-01 -1.54715955e-01 -3.13644409e-02 -7.16815710e-01
    -2.29635954e-01 -6.21995628e-01 -4.49995130e-01 2.44157076e-01
    -5.91218054e-01 -6.95192456e-01 -1.89599156e-01 -5.69949090e-01
    -1.08206570e-01 1.76557839e-01 -1.81976795e-01 -1.64297819e-01
    -3.46727371e-02 -5.11110663e-01 1.77717328e-01 2.66596138e-01
    2.29556322e-01 -6.50688171e-01 -7.48403966e-01 1.26633704e-01
    -5.45168757e-01 -6.19979739e-01 -3.97849143e-01 -7.51367807e-01
    -7.19894767e-01 -1.66998446e-01 -7.55394459e-01 -2.50746429e-01
    -2.32668221e-01 2.28620827e-01 -5.40926218e-01 -4.05705988e-01
    -7.27592707e-01 -6.25473022e-01 -6.40352488e-01 3.41355205e-02
    -9.18756723e-02 -3.25402379e-01 -6.70857906e-01 -4.89719272e-01
    6.15832210e-02 9.19858217e-02 -6.64618373e-01 -1.73527122e-01
    -6.26476169e-01 -6.75732136e-01 1.88902080e-01 -4.43099260e-01
    -4.41912711e-01 -6.22021377e-01 -5.83321571e-01 -1.93396330e-01
    2.59602666e-02 -6.78713620e-01 -1.91406965e-01 -5.51451862e-01
    -4.82800603e-02 -7.85401106e-01 -5.27102828e-01 -6.50941491e-01
    -1.08031034e-02 -5.55641651e-01 -6.74426436e-01 1.09408259e-01
    -3.85253459e-01 -4.41027850e-01 -4.44604903e-01 -2.81333208e-01
    -4.84895647e-01 -5.19329607e-01 -3.39193553e-01 -7.54572868e-01
    -3.12877774e-01 -9.59340334e-02 -6.61525428e-01 -2.03784883e-01
    -5.74434519e-01 1.32983148e-01 1.21042728e-02 -1.35678887e-01
    -3.08096588e-01 -2.25682586e-01 -2.68768072e-01 3.11458468e-01
    -3.82559955e-01 -2.12958634e-01 3.04192305e-01 1.39371783e-01
    -3.58355999e-01 -3.52000862e-01 -4.26062644e-02 1.15989566e-01
    7.35441446e-02 -6.17798209e-01 2.49158680e-01 -3.87337387e-01
    -4.14651394e-01 6.55147433e-02 -4.01573926e-01 -4.09456193e-01
    -4.62275565e-01 -6.95873797e-01 -2.04251111e-01 2.19547510e-01
    -5.82121015e-02 -4.59965885e-01 -7.82523394e-01 -6.73078299e-02
    8.19190741e-02 -6.88432336e-01 1.31391287e-02 -6.49713516e-01
    -6.43020153e-01 1.79910779e-01 1.57637060e-01 -4.86532152e-01
    -1.70576632e-01 -2.83849597e-01 -2.49532580e-01 1.80338264e-01
    -7.32171178e-01 -6.36804104e-03 -4.82415020e-01 -4.21119094e-01
    -4.19171780e-01 -1.78540587e-01 1.58086181e-01 8.70766640e-02
    -3.64762872e-01 -1.49902880e-01 -6.07651174e-01 2.90656090e-03
    -4.24752235e-01 -3.29569310e-01 -9.57539678e-02 2.17616320e-01
    -4.23745275e-01 1.28855348e-01 4.06370163e-02 -5.38928628e-01
    1.62263393e-01 -6.18229747e-01 -3.64623278e-01 1.22253835e-01
    2.09751308e-01 -7.40825415e-01 6.20890260e-02 -7.88748264e-04
    -1.36934876e-01 7.26694465e-02 -1.51847064e-01 -5.93520880e-01
    -4.20349777e-01 -6.74188375e-01 -5.16617417e-01 -4.50759798e-01
    -2.64279246e-02 2.28075445e-01 -6.52896166e-01 1.80083513e-01
    -2.26556420e-01 -1.50225222e-01 2.23314762e-02 -2.55444825e-01
    -1.52369261e-01 -4.65252280e-01 -2.21580863e-02 -5.63072801e-01
    -1.39125407e-01 -1.60683811e-01 1.76976979e-01 8.22817087e-02
    -5.08624256e-01 -2.83040047e-01 -3.84052336e-01 -1.15685463e-02
    -2.33768225e-01 2.10108340e-01 -2.57468849e-01 -2.46701747e-01
    -5.75355291e-01 -4.34214652e-01 2.46472955e-02 -6.45476699e-01
    -1.03589714e-01 9.52496529e-02 -3.09364021e-01 -3.17189157e-01
    1.98674142e-01 -6.39178455e-01 -1.98609591e-01 -3.48350227e-01
    2.18967676e-01 -2.55367965e-01 1.75995111e-01 -7.84714222e-02
    1.82664812e-01 -4.58351105e-01 -6.60851240e-01 -1.08464897e-01
    -3.24098885e-01 -3.08485478e-01 -8.00206661e-02 3.46593261e-02
    -2.26318598e-01 -2.06081629e-01 5.53700924e-02 -5.72782397e-01
    -4.47165012e-01 -4.75545764e-01 1.85777009e-01 -6.62548542e-02
    1.03851557e-02 -3.70103121e-01 -6.32750750e-01 1.47461653e-01
    1.30573511e-02 -4.04008210e-01 -2.38110125e-01 -1.85128450e-01
    -6.37665987e-01 -7.52898455e-02 -1.42252445e-01 -5.30447781e-01
    -2.70724297e-04 -2.67175347e-01 -7.48537898e-01 -6.65606737e-01
    -7.30950832e-01 2.33446419e-01 -2.28637159e-01 2.34050632e-01
    -1.25083387e-01 -5.88707566e-01 -5.68887234e-01 -1.87370360e-01
    -4.61291432e-01 -1.10899210e-01 2.48895705e-01 1.90618455e-01
    -2.40603685e-01 -4.72849488e-01 1.16924882e-01 -1.74160838e-01
    -4.21938777e-01 -6.26986146e-01 1.32838666e-01 -2.93971539e-01
    -7.08465099e-01 -5.84371805e-01 -2.78284788e-01 -2.50291765e-01
    -6.58409953e-01 -3.11678231e-01 -5.33193707e-01 -4.52202559e-02
    1.64368331e-01 2.42915452e-01 -2.83478320e-01 -5.43419361e-01
    -2.13110089e-01 -4.59603459e-01 -2.86306620e-01 -5.16234756e-01
    -6.57533407e-02 -1.43748641e-01 -6.91090345e-01 1.34875178e-02
    -2.22577929e-01 -5.61186314e-01 9.77528691e-02 -1.50623977e-01
    -7.71172523e-01 1.47348285e-01 -5.03226459e-01 -4.06382561e-01
    1.30717814e-01 -1.80184364e-01 -2.37751007e-03 -5.67939758e-01
    -1.30868971e-01 -4.28021967e-01 2.68418789e-02 1.47489905e-02
    -3.84064227e-01 -2.77104735e-01 -6.44120336e-01 -3.94493133e-01
    -4.41011012e-01 -4.59878922e-01 -1.24334335e-01 -6.39054298e-01
    7.25982785e-02 -4.43424165e-01 -5.61392307e-03 4.48442101e-02
    1.10490680e-01 -6.76965952e-01 -6.58678293e-01 -6.94573522e-01
    -6.96796298e-01 -5.27078032e-01 -6.63936138e-01 7.64366984e-02
    5.67749143e-02 8.09539557e-02 -4.99419332e-01 -6.63154185e-01
    2.06155539e-01 -4.04419124e-01 -2.58118689e-01 -7.35444069e-01
    1.12509429e-01 -4.80402201e-01 7.44536519e-02 -3.32063407e-01
    -5.67125261e-01 4.89056110e-04 -3.25088024e-01 -6.10491157e-01
    1.60377443e-01 -3.10854405e-01 -6.48434281e-01 -4.89493012e-02
    -2.84827054e-01 -8.87058973e-02 -4.66012537e-01 1.11202002e-01
    -3.63519788e-02 -7.63392568e-01 -5.46243310e-01 -3.40070605e-01
    -3.71746927e-01 4.36246395e-03 -5.12623668e-01 -3.16935092e-01
    -1.66631460e-01 -3.97179395e-01 -8.48596096e-02 3.01975846e-01
    -2.95855075e-01 -2.26851761e-01 2.04668432e-01 8.45850408e-02
    1.26531214e-01 1.50908321e-01 4.08431172e-01 -2.95780361e-01
    -4.18223739e-02 -3.76481831e-01 -8.77367258e-02 1.51316345e-01
    -8.10452700e-02 -3.51120830e-02 1.55408025e-01 -6.45089090e-01
    -2.82360315e-02 -3.85015130e-01 -6.25582457e-01 -4.53012168e-01
    2.71537304e-02 -5.42035937e-01 -2.72351205e-01 -1.36533618e-01
    -3.54297787e-01 -1.59000516e-01 -3.19627106e-01 -3.19113284e-01
    6.28961325e-02 -5.09329677e-01 6.69751763e-02 -3.49371731e-01
    9.63030457e-02 -2.40257680e-01 1.37770176e-02 -5.39927006e-01
    -1.30104601e-01 -9.63931680e-02 -7.37788856e-01 -3.84061337e-02
    6.51753545e-02 -6.17300868e-01 -7.82055795e-01 -6.73553407e-01
    -7.86954165e-03 -3.79995167e-01 -4.37665343e-01 -4.00924832e-01
    -2.36262262e-01 -2.31939554e-03 -1.57838523e-01 -3.95535648e-01
    -4.12801623e-01 -2.53537595e-01 7.07417727e-02 -3.98887932e-01
    -6.29856527e-01 -2.75868893e-01 -2.30217993e-01 -4.99546707e-01
    -1.83301449e-01 1.37901306e-01 -3.50626349e-01 -3.71752381e-02
    -3.63993913e-01 -6.36439800e-01 -7.11152494e-01 -3.32500845e-01
    1.63468719e-01 -1.86295986e-01 -6.40047908e-01 1.90714419e-01
    -6.81519687e-01 -4.24883515e-01 -7.24571347e-01 -1.76685631e-01
    -5.70890784e-01 1.32913530e-01 5.47310710e-02 6.42017722e-02
    -2.59276688e-01 -1.36644781e-01 -1.10367298e-01 -1.02162182e-01
    1.06593966e-02 -5.01950204e-01 -1.94342256e-01 -5.18651962e-01
    -4.83303308e-01 -1.38686657e-01 -4.50422287e-01 8.51202011e-02
    -5.19780517e-01 -6.78500831e-01 1.28822148e-01 1.95878685e-01
    -3.92013788e-01 -4.74124312e-01 9.03730989e-02 -6.25609517e-01
    -2.55762339e-01 -6.85547233e-01 -7.33031392e-01 -1.68626428e-01
    -3.97256941e-01 -3.81591856e-01 -7.38183856e-01 -4.82597411e-01
    -6.99109256e-01 -5.91184139e-01 -6.42002940e-01 -4.15112495e-01
    -5.71488142e-01 2.56200433e-02 2.22922862e-01 -2.52755702e-01
    -6.81780338e-01 -3.61162901e-01 -6.63761735e-01 -1.93440437e-01
    -1.01455450e-01 -4.68191147e-01 -4.84067738e-01 -5.30373931e-01
    1.83688283e-01 -7.25212157e-01 -1.41279876e-01 -1.52602792e-02
    -4.92453098e-01 1.29885972e-01 2.19855070e-01 -1.41510010e-01
    -1.53917909e-01 -5.11188865e-01 -3.43443632e-01 2.80742049e-02
    -4.91004795e-01 -6.50248289e-01 -2.44959414e-01 1.17867768e-01
    -1.47973359e-01 -1.43609643e-02 -8.61928463e-02 -4.15257275e-01
    -5.79827547e-01 -8.74648094e-02 -1.89631283e-01 -5.97506881e-01
    -3.14318359e-01 -7.05197930e-01 7.77422190e-02 -4.50247228e-01
    -7.05478013e-01 -6.27082586e-03 -4.40997988e-01 -4.71884906e-01
    -4.92628753e-01 -4.14335996e-01 -2.64953971e-01 -3.80168080e-01
    -5.94971657e-01 -3.69906664e-01 1.35618925e-01 1.48230970e-01
    -4.26528752e-01 -5.31814694e-01 2.68197060e-02 -5.26347399e-01
    1.28334701e-01 1.17219687e-02 -1.65763497e-02 -4.30407107e-01
    1.05708241e-01 -3.92740965e-01 -4.58446383e-01 1.88215733e-01
    2.58506954e-01 -5.62855959e-01 5.72487712e-02 -5.96975327e-01
    -4.19720948e-01 -5.96263170e-01 1.26119494e-01 -6.68663502e-01
    1.69567764e-01 -6.51497424e-01 -4.29508895e-01 -4.45287049e-01
    9.97917056e-02 -5.77739894e-01 -4.30058658e-01 -6.22904301e-01
    1.32026196e-01 -1.99730039e-01 -2.26738214e-01 -5.42745352e-01
    -6.65340722e-01 -3.47154588e-01 -4.39847142e-01 -3.01842064e-01
    -3.37710381e-02 -1.06938601e-01 -6.98826313e-01 -2.67328441e-01
    4.90524769e-02 -7.53155470e-01 -4.95210260e-01 -3.39407265e-01
    -5.51529884e-01 -6.53144181e-01 -5.72899878e-01 -1.90286636e-02
    1.06223941e-01 -5.85828602e-01 -2.93969005e-01 -7.59372234e-01
    -5.46023250e-02 -2.70398438e-01 -2.76670814e-01 -4.62264091e-01
    6.08197451e-02 -4.60594624e-01 -4.38687742e-01 -6.28252149e-01
    -6.81353331e-01 -1.83099508e-02 -2.52952874e-01 -3.96876514e-01
    -6.68417215e-01 -1.99521363e-01 -2.41604924e-01 -1.33586228e-01
    -5.85445166e-01 2.02922821e-01 1.83896005e-01 -7.55977035e-02
    -5.27489781e-01 -4.10363048e-01 -5.40651441e-01 1.26873732e-01
    -1.51981533e-01 -7.18776166e-01 -3.85503709e-01 -4.65793014e-02
    -2.58517146e-01 8.39583874e-02 -1.33562446e-01 -4.11111116e-02
    -1.88792348e-02 2.26314664e-02 1.69713974e-01 -4.71394360e-01
    -3.37090582e-01 -4.86069053e-01 -3.46237004e-01 -2.22281456e-01
    2.58757770e-01 1.00534678e-01 -3.55680406e-01 1.37835711e-01
    -3.54544282e-01 1.22989863e-01 2.44481266e-01 -2.47392654e-02
    3.40579033e-01 -3.09747696e-01 2.58273184e-01 1.25363767e-01
    -5.26132822e-01 -5.07216811e-01 -4.53097522e-01 -5.36861777e-01
    -5.42967498e-01 1.91605687e-02 -4.21365619e-01 -3.41431797e-01
    -9.42253470e-02 -7.18872666e-01 -1.31402612e-01 1.27260029e-01
    -2.16792881e-01 -7.36171901e-01 -7.48167694e-01 -6.81335807e-01
    -4.83872294e-02 -1.25004351e-01 -3.37870508e-01 -7.64379382e-01
    -2.73751140e-01 -1.17468774e-01 -3.42685491e-01 -7.68677175e-01
    4.81914878e-02 -6.05910063e-01 1.08891189e-01 -3.53361249e-01
    1.02193475e-01 6.86596036e-02 -4.29567426e-01 1.23472154e-01
    -2.46973634e-02 -1.99686110e-01 -6.78537250e-01 -4.50068444e-01
    1.49421990e-01 -4.14764881e-03 -3.81642163e-01 1.79806471e-01
    1.21342659e-01 -7.71724343e-01 -6.96757793e-01 -5.06652951e-01
    -2.40937114e-01 1.91388726e-01 -4.90433753e-01 1.97148979e-01
    -4.69430685e-01 -3.47466677e-01 4.67803478e-02 -6.41542673e-01
    -2.63980269e-01 1.06425703e-01 -1.30790174e-01 -1.07903123e-01
    -2.07985938e-01 -3.38931888e-01 -7.43766785e-01 1.63030088e-01
    -7.09887087e-01 2.79155374e-02 -7.54071951e-01 -5.27670503e-01
    -1.95544958e-03 -2.87464768e-01 -2.35832632e-01 -1.99303627e-02
    -3.82481933e-01 -2.18216002e-01 7.38537908e-02 -4.22237247e-01
    4.85571027e-02 1.26368403e-02 -1.15896761e-01 2.14369535e-01
    -4.90714908e-02 -6.46631241e-01 -1.01195633e-01 -6.39065504e-02
    1.45697057e-01 -4.19057310e-01 -7.01658368e-01 2.19500124e-01
    -4.96046722e-01 7.08755851e-02 -1.89280629e-01 -5.60805798e-01
    5.72184324e-02 -2.88108915e-01 -5.26273131e-01 -4.72094625e-01
    1.30397022e-01 -4.82798755e-01 -5.49951315e-01 -3.04688007e-01
    -7.45240688e-01 -8.37261677e-02 -3.03081453e-01 -2.89833337e-01
    -3.93707305e-01 8.66947770e-02 -4.77338970e-01 -1.93026900e-01
    -3.04556489e-02 -2.47024089e-01 1.85638070e-01 -2.59037018e-02
    -5.01440287e-01 -7.39421546e-01 -4.77556169e-01 -7.46508479e-01
    -6.23544276e-01 7.42179751e-02 -4.00243998e-02 -6.60496473e-01
    -2.21103191e-01 -7.37550378e-01 -3.25286061e-01 9.86278653e-02
    -1.50351882e-01 -6.83519125e-01 -4.78460133e-01 -4.51574802e-01
    -2.02901781e-01 -7.07087159e-01 -6.29429758e-01 -6.95564449e-01
    -7.45181799e-01 -7.24512458e-01 -2.09765136e-01 -7.54581213e-01
    -4.15648580e-01 -2.04844177e-01 -1.53711021e-01 -1.10244691e-01
    -1.91071332e-01 -1.59769654e-02 -1.21118128e-01 2.16592968e-01
    -1.60384178e-02 -2.39154518e-01 -1.11835480e-01 -1.57937825e-01
    -2.37798154e-01 -6.01675034e-01 -6.20392978e-01 -4.42847639e-01
    -5.69675088e-01 -6.72965229e-01 7.45053291e-02 -5.62613606e-02
    -2.43488610e-01 1.82406604e-01 -2.81586051e-01 1.91300571e-01
    -4.01076078e-02 2.20600963e-02 -1.77342296e-02 -2.41567165e-01
    -6.41844392e-01 7.79151917e-04 -2.62605548e-01 -1.52747154e-01
    -6.33228958e-01 1.45686090e-01 -1.57257020e-01 -5.81851304e-01
    -2.98795402e-01 -1.06855750e-01 2.00621843e-01 -1.11586630e-01
    -4.82929170e-01 -7.16249108e-01 -3.23106229e-01 -4.13742065e-02
    1.51919603e-01 -5.21327138e-01 -1.03254735e-01 1.26602709e-01
    -4.73222792e-01 1.33278131e-01 -3.84207875e-01 -6.15009606e-01
    1.69916391e-01 1.16760790e-01 7.84612894e-02 1.33824646e-01
    -1.73968852e-01 1.47118330e-01 5.57430983e-02 -1.66176558e-02
    -5.57407856e-01 -1.88463330e-01 -6.47834539e-02 -1.63843453e-01
    -5.16173840e-01 -6.73433244e-01 -3.70607018e-01 -2.59527564e-02
    2.88807154e-02 1.25687599e-01 -2.10806251e-01 -5.18919945e-01
    -6.04983807e-01 -7.24089384e-01 -7.33423412e-01 -1.13168597e-01
    -8.77598524e-02 -2.73254544e-01 -3.06861907e-01 -6.00183010e-03
    4.69127297e-02 -2.89063454e-02 -4.03644443e-02 -7.84115374e-01
    8.19513798e-02 -1.44357085e-01 -6.30325317e-01 -7.64839888e-01
    1.08617127e-01 -2.48716474e-02 -1.37229145e-01 -3.93877268e-01
    -1.22337520e-01 -4.56171453e-01 -1.26470208e-01 -5.62815785e-01
    1.65664256e-01 1.44524157e-01 -5.24894655e-01 -3.72301340e-02
    -5.72052836e-01 -1.30017161e-01 -9.88916159e-02 -4.46954250e-01
    3.48920822e-02 -7.06615686e-01 -4.58085001e-01 -2.57207751e-01
    -7.08564341e-01 -1.57781422e-01 -4.77148890e-02 -5.95934033e-01
    -2.52174944e-01 -4.10552830e-01 3.09445173e-01 4.92285401e-01
    1.16946399e-02 3.28389645e-01 4.74911273e-01 -4.83231544e-02
    -4.61650819e-01 6.38656616e-02 -5.73109746e-01 -4.42494452e-01
    1.82688236e-01 -1.87842548e-01 -1.88711524e-01 -1.53894782e-01
    -5.76707482e-01 -1.19593799e-01 -7.59852290e-01 -2.45466411e-01
    -1.36351287e-01 -1.78740144e-01 -4.44297642e-01 4.59897518e-02
    -7.71044493e-02 -2.09970117e-01 -4.65613663e-01 -4.61577564e-01
    -7.91014671e-01 1.22572064e-01 -4.09546614e-01 -6.86153054e-01
    2.10314512e-01 -1.24039948e-01 1.44718766e-01 -5.92228711e-01
    -3.28425616e-01 -4.48481143e-01 -5.00716507e-01 -2.06282854e-01
    -1.82655394e-01 -3.56823355e-01 -1.44653797e-01 -6.40979886e-01
    -7.22285628e-01 1.61348701e-01 -3.78752917e-01 -4.16857421e-01
    1.00711942e-01 -5.70480108e-01 3.97317410e-02 -4.70010340e-01
    -7.41364956e-02 -2.69815981e-01 -2.00955391e-01 -2.59299994e-01
    -4.95175451e-01 -3.80572915e-01 -1.76897347e-01 1.14218593e-02
    1.84677839e-02 -1.92962348e-01 -6.15656734e-01 -2.80548811e-01
    -5.50455093e-01 2.09159851e-02 -1.92253709e-01 -1.51935816e-02
    -3.42920750e-01 -2.68164039e-01 -1.61729038e-01 -7.69094765e-01
    -4.17163968e-02 -5.41496873e-01 -9.45757031e-02 6.87204003e-02
    -6.71982884e-01 6.53913617e-02 -2.30570614e-01 -1.35478377e-01
    -7.55646825e-01 1.98940217e-01 -3.40026230e-01 -6.97282672e-01
    -7.15911031e-01 -6.57772064e-01 2.03678370e-01 -5.66895723e-01
    -7.39133954e-01 -2.77943015e-02 -3.74313295e-01 -4.54352975e-01
    -1.22195423e-01 2.30171740e-01 -7.57611990e-02 1.36361480e-01
    1.38936043e-01 -1.40569508e-01 2.30990350e-01 -5.59070349e-01
    -5.74537277e-01 -5.68653345e-02 -6.09000087e-01 -3.67977798e-01
    -4.19288456e-01 1.90848172e-01 1.60139978e-01 -6.22274160e-01
    -5.11960983e-02 -1.59739614e-01 2.10564673e-01 -4.39527631e-01
    -3.45371604e-01 7.35443830e-02 -1.68301344e-01 1.82996571e-01
    -4.29390252e-01 -9.21339393e-02 -7.08559513e-01 -5.65151513e-01
    -7.21720934e-01 1.67925358e-01 -5.59721410e-01 1.09999716e-01
    -4.43934441e-01 -5.00338316e-01 -6.70565367e-02 -6.45099163e-01
    8.25195312e-02 -4.52543348e-01 -5.42434096e-01 -1.67080641e-01
    -4.35371935e-01 -2.01569557e-01 -5.09086788e-01 -7.49956131e-01
    1.76654339e-01 -5.17787099e-01 -1.09754741e-01 -7.59962022e-01
    -5.79655290e-01 -9.19126272e-02 1.07239187e-01 1.62302613e-01
    1.05060875e-01 -7.02904701e-01 1.63143516e-01 -6.00974262e-01
    -4.93432879e-02 -6.94499969e-01 -2.47511744e-01 7.98474550e-02
    -3.64814460e-01 -6.43087387e-01 -6.96540356e-01 -3.15647930e-01
    -6.51201367e-01 -5.32534063e-01 1.01981044e-01 -2.07548022e-01
    1.10536873e-01 -2.82487214e-01 -3.51405948e-01 2.16074288e-01
    -4.07306433e-01 -4.78416681e-02 -5.61963320e-02 -5.66256404e-01
    1.34906352e-01 -1.59896731e-01 -5.84512353e-01 -3.54696512e-02
    8.50656033e-02 2.29278147e-01 -7.16559052e-01 -3.80698442e-02
    -6.35738254e-01 9.66987014e-02 2.51618981e-01 -2.40163058e-01
    1.96236193e-01 -6.64720833e-01 -5.73526621e-02 -5.93066692e-01
    -5.31166077e-01 -4.13801849e-01 -6.83441877e-01 -4.36985373e-01
    -6.92012429e-01 -1.78105831e-01 8.02693963e-02 1.09392583e-01
    -3.77886504e-01 1.65717661e-01 -3.52211922e-01 6.95760846e-02
    -2.81486630e-01 -5.71803629e-01 3.96633744e-02 -3.61520529e-01
    1.63624346e-01 -2.21302509e-02 -7.98418522e-02 7.82912374e-02
    -2.28234410e-01 -5.34692526e-01 -1.63331032e-01 -2.38237679e-01
    -5.07874370e-01 -7.01751053e-01 -1.93014145e-02 -5.13081551e-01
    -4.55839396e-01 1.47560835e-01 -3.36939365e-01 -3.69497240e-01
    -5.71140110e-01 -1.50256157e-02 1.21775091e-01 -1.51969135e-01
    -3.08060676e-01 -1.71784818e-01 -4.36885238e-01 -2.76271850e-01
    4.04986739e-02 -5.66459060e-01 -5.70341945e-02 -2.83259153e-02
    -2.14202225e-01 -7.12928891e-01 1.46548092e-01 5.20212054e-02
    -7.58028150e-01 1.91050053e-01 -1.79090500e-01 -3.80364299e-01
    -6.41484022e-01 2.07731724e-02 -6.74778819e-02 -1.22603655e-01
    -6.25243187e-01 -4.43916887e-01 -6.56163335e-01 1.56997502e-01
    8.08527470e-02 -5.84938884e-01 -1.65337682e-01 -2.59137869e-01
    1.22489154e-01 -5.34500003e-01 1.91517949e-01 -1.25948131e-01
    -3.72037411e-01 -3.62522066e-01 -3.11324060e-01 -5.38694620e-01
    3.40508819e-01 -1.80319458e-01 3.11311871e-01 -2.13657945e-01
    -1.99717402e-01 -2.10354716e-01 -1.20597512e-01 -2.53637731e-01
    -1.98335528e-01 -1.90997750e-01 -2.19975948e-01 1.53026581e-02
    1.39391184e-01 -3.82677734e-01 1.82892323e-01 -7.84980536e-01
    -2.86424100e-01 -2.69657016e-01 -5.61964154e-01 6.21658564e-02
    -4.75053161e-01 -5.89586556e-01 -1.20435178e-01 -2.07844079e-01
    8.53380561e-02 -1.54447556e-02 -6.30889297e-01 -1.73168063e-01
    -7.76316166e-01 -6.89683795e-01 -7.32879162e-01 -1.72060609e-01
    3.88264656e-04 -6.15180016e-01 -1.68365002e-01 1.31188869e-01
    -7.14753687e-01 5.05906343e-02 -1.70285702e-01 1.29030347e-02
    -5.04305243e-01 9.88521576e-02 -5.88704348e-02 4.88000512e-02
    -3.98755014e-01 3.41999531e-02 1.37496591e-01 -2.98541605e-01
    -1.02603614e-01 -4.46452528e-01 -4.93659973e-02 -6.16983652e-01
    6.58617020e-02 -1.39648795e-01 -1.96082234e-01 -3.37911189e-01
    -2.81316429e-01 -3.87082487e-01 -5.07929087e-01 -1.24505341e-01
    -6.21076822e-02 1.28505349e-01 2.39977241e-02 1.63656712e-01
    -5.64584255e-01 -4.42129493e-01 -3.91308218e-01 -9.14030671e-02
    -6.19878888e-01 -6.81086302e-01 -4.90570068e-01 -6.68525696e-01
    1.97877645e-01 -7.66379356e-01 1.91661358e-01 -6.03029132e-02
    -6.80981517e-01 2.35088170e-01 -4.77367043e-01 -7.27301002e-01
    -1.11341178e-01 -3.60291541e-01 -1.36756003e-01 -8.46310258e-02
    5.46020269e-03 -1.83331072e-01 5.97000122e-03 -3.66740406e-01
    -3.40667784e-01 -2.26024389e-01 -7.36508489e-01 -5.86667061e-01
    -3.03240418e-02 -1.41451418e-01 -4.17152584e-01 -1.53125584e-01
    -2.17135012e-01 -2.57604033e-01 1.42357588e-01 2.06271887e-01
    -7.59004354e-02 -7.09730983e-01 -2.38918722e-01 1.99393451e-01
    -4.27238822e-01 -4.10657525e-01 1.92328215e-01 2.36919343e-01
    2.12297201e-01 -6.67821288e-01 -3.52096558e-02 -1.36743367e-01
    -6.78065419e-01 -3.78040433e-01 -3.01432878e-01 -7.43286729e-01
    -3.94437909e-02 -2.94752240e-01 -6.13072455e-01 -5.26356697e-02
    -6.37647867e-01 -3.29876155e-01 -6.63328886e-01 1.04266047e-01
    -6.18435800e-01 -5.61280847e-01 -5.28724790e-02 3.96419168e-02
    -6.00791454e-01 -6.44854784e-01 1.29658222e-01 9.65978503e-02
    -3.11661482e-01 -3.38839561e-01 1.08774304e-02 -2.22172022e-01
    -7.13481128e-01 -1.77855313e-01 -5.77062905e-01 -7.55248189e-01
    1.07971072e-01 -1.46456003e-01 -7.31549501e-01 1.64763510e-01
    -3.29151183e-01 -1.32721841e-01 2.15082467e-01 2.40539074e-01
    -6.73563600e-01 -1.73612833e-02 -6.33498788e-01 -4.63119179e-01
    -3.45244348e-01 -4.58647937e-01 -1.73963368e-01 -5.66120744e-01
    -6.58656359e-02 9.88355279e-02 -4.95826960e-01 -6.06821656e-01
    -5.70155978e-01 -1.93324089e-01 -4.53774452e-01 -2.04141498e-01
    -5.52867353e-01 -7.68017769e-02 1.83095992e-01 -1.49827838e-01
    1.28632069e-01 1.54976130e-01 -5.40808558e-01 2.52913535e-01
    -3.89945388e-01 -1.33298993e-01 1.73396528e-01 -5.35196304e-01
    -6.83445692e-01 2.50210106e-01 -4.85736340e-01 -4.67651427e-01
    -1.31361783e-01 8.67389441e-02 -3.13309342e-01 -5.78978419e-01
    -9.98378396e-02 1.54591143e-01 2.46133268e-01 -1.85687721e-01
    -5.73527932e-01 -3.06790382e-01 -4.97136712e-01 -1.63895667e-01
    -4.17016715e-01 -4.12304819e-01 2.28860974e-02 -5.79554856e-01
    2.18446672e-01 1.25099361e-01 -2.19063342e-01 -7.27064371e-01
    -6.58591807e-01 -3.04818541e-01 -4.74707454e-01 -7.28598952e-01
    1.62687659e-01 -6.86792910e-01 -8.46269131e-02 -9.20562148e-02
    -7.97454715e-02 3.21877003e-03 2.23146677e-01 -4.01840031e-01
    -9.50604677e-03 -7.41949439e-01 -2.50936627e-01 -5.01118660e-01
    -7.15017319e-04 -5.00193954e-01 -6.96593821e-01 -5.22033811e-01
    -5.86491823e-01 -9.60344672e-02 -5.74398398e-01 -9.13343430e-02
    1.39998317e-01 9.66483951e-02 -6.70250893e-01 -3.91667157e-01
    -4.39077616e-03 -4.21444893e-01 -2.82708526e-01 -4.57591236e-01
    -5.53828478e-03 1.33735180e-01 -7.65935779e-02 -5.83413839e-01
    2.03754365e-01 -2.45273113e-02 -2.79544264e-01 -7.52263069e-01
    -4.85025883e-01 -4.86940324e-01 -4.35345829e-01 -4.92185950e-02
    -1.23552084e-01 -1.85697913e-01 1.72713578e-01 -7.17306733e-02
    -4.84383255e-01 -2.31795967e-01 -3.94477010e-01 -4.43089962e-01
    -3.66049945e-01 -2.70175576e-01 1.91600919e-02 -5.24865150e-01
    -2.10036635e-02 3.37627232e-01 3.48528296e-01 -5.19361198e-02
    -3.80980074e-02 5.11803925e-02 -1.38010561e-01 -1.01719677e-01
    1.99770868e-01 3.28191221e-01 -3.18102092e-01 -1.83234692e-01
    1.46209359e-01 1.20590568e-01 -2.55819857e-01 -5.95724463e-01
    -4.48599875e-01 -1.19313300e-01 -4.53417361e-01 -5.05898178e-01
    -5.35315335e-01 -7.65656352e-01 -4.18475091e-01 -2.68241614e-01
    8.89401436e-02 -2.80889511e-01 1.41609371e-01 -3.77958417e-02
    1.10339522e-01 1.41641319e-01 -4.77842867e-01 1.05189681e-02
    -4.51145738e-01 4.35250998e-02 -6.90736413e-01 1.49529636e-01
    -2.18081415e-01 -4.22303170e-01 -1.96640372e-01 -4.08402085e-01
    -4.53237772e-01 -3.74912441e-01 -1.87120914e-01 -8.32515955e-03
    -5.27827740e-02 -7.87221611e-01 -7.63691425e-01 -7.12224245e-02
    1.26968145e-01 -6.43975973e-01 -7.01515436e-01 1.06066525e-01
    -2.55181789e-01 3.46220136e-02 -6.15976334e-01 1.38554096e-01
    -5.48789024e-01 -6.18398905e-01 1.79910421e-01 -6.45024180e-01
    -2.81089127e-01 -3.95399988e-01 -5.19849539e-01 -6.04953110e-01
    -4.32597607e-01 -1.23471856e-01 2.03305721e-01 -1.12634540e-01
    -3.61543864e-01 1.33346498e-01 -6.73258841e-01 -6.32496715e-01
    -4.75336909e-02 -7.15875149e-01 1.73382998e-01 -4.74619865e-01
    -7.17690825e-01 -4.39020991e-02 1.56643152e-01 2.41816044e-04
    -6.90587044e-01 -3.95608664e-01 8.50917101e-02 -5.54008126e-01
    2.20671475e-01 -6.87018991e-01 -5.68675756e-01 5.10191917e-02
    -2.59054899e-02 1.13981903e-01 -6.54944301e-01 -6.35396719e-01
    4.19442058e-02 -2.34464049e-01 -5.05159795e-01 1.55299664e-01
    -3.32264632e-01 6.10176921e-02 -8.79989862e-02 -9.18616056e-02
    -5.22653103e-01 -6.17850900e-01 -3.78590465e-01 -1.28703356e-01
    -2.01889277e-01 -4.06483382e-01 -3.10829818e-01 1.87526405e-01
    -9.96134281e-02 -3.40232253e-02 -3.23427409e-01 1.38999224e-01
    -3.53238225e-01 1.73991442e-01 1.10142112e-01 -3.24660838e-01
    -3.13772082e-01 -6.82084680e-01 -4.32849765e-01 5.04480600e-02
    2.35720396e-01 1.81282461e-01 -2.47092515e-01 2.67875791e-02
    -5.75807571e-01 -6.21194839e-01 -4.46683049e-01 -6.02982640e-02
    -3.54460508e-01 -5.07138312e-01 -2.40894288e-01 -1.83268964e-01
    -4.79996026e-01 -4.56857592e-01 -3.78986478e-01 3.15060616e-02
    -4.65626121e-02 -3.71508718e-01 -7.45875776e-01 6.11689091e-02
    -1.47846937e-02 -4.02832389e-01 -5.75166464e-01 7.88552761e-02
    -3.71782422e-01 -2.04595149e-01 1.25847042e-01 -5.92078567e-01
    -3.81306112e-01 -2.98390180e-01 -1.42057240e-01 -7.26028085e-02
    -3.47520977e-01 -6.81453824e-01 -7.08851933e-01 -6.20813012e-01
    -6.83936596e-01 -1.18466139e-01 -1.64624870e-01 -1.87049448e-01
    2.08617032e-01 -3.93727362e-01 -5.20764232e-01 -6.77103043e-01
    -2.19636202e-01 2.33308256e-01 -4.89965707e-01 1.92910254e-01
    -1.62000835e-01 -8.71010423e-02 -3.26077491e-01 -6.60480857e-01
    3.90720367e-03 -2.41550058e-01 -4.30963576e-01 -5.37930489e-01
    2.40754783e-01 -4.65806991e-01 -4.27716970e-03 7.00691342e-02
    -7.06768155e-01 -1.79676235e-01 -1.89215183e-01 -7.18683720e-01
    1.71766281e-02 -3.97171050e-01 -3.20866883e-01 -5.26802480e-01
    -6.65015519e-01 -1.67442262e-01 8.06620717e-02 1.70773387e-01
    -1.42363787e-01 -1.81792438e-01 -5.39866149e-01 -6.95403814e-01
    1.04481339e-01 -5.94836116e-01 -7.27238417e-01 -6.25255704e-01
    1.50083303e-01 -6.29331946e-01 -1.35433197e-01 5.39174080e-02
    -3.38976055e-01 -7.17641950e-01 -5.20399809e-02 -1.46273673e-01
    -1.24307096e-01 -2.26728737e-01 -1.39048755e-01 -7.29066133e-03
    4.50528860e-02 -1.19537890e-01 -7.22615719e-01 6.24969602e-02
    -2.88387060e-01 -6.77975774e-01 2.12982774e-01 2.22700417e-01
    -2.20923364e-01 -1.39477253e-02 2.42226124e-01 -7.28357077e-01
    -6.23155594e-01 -7.40910411e-01 -7.74568200e-01 -6.42381072e-01
    -2.92673767e-01 -1.67286456e-01 -1.15760863e-01 -1.95042610e-01
    -3.43531489e-01 3.79828215e-02 2.67525315e-02 -1.16795778e-01
    3.34978104e-05 3.81774902e-02 -1.21305585e-02 -6.75824583e-01
    4.22915816e-02 -6.19222522e-01 4.14395928e-02 -5.14594674e-01
    6.77397847e-02 -3.08318734e-01 -3.90915275e-01 -3.31232846e-01
    -6.59417868e-01 1.91962421e-01 -7.56770492e-01 -3.05486888e-01
    -3.23067933e-01 -3.28247875e-01 7.26428032e-02 3.38546872e-01
    1.88391089e-01 -3.08705300e-01 5.32716751e-01 8.06517601e-02
    3.68849576e-01 1.22815102e-01 1.56918287e-01 -2.24916458e-01
    -5.34982920e-01 2.52979338e-01 3.59674692e-02 5.47630787e-02
    -3.46538574e-01 9.15037394e-02 -2.30675340e-02 -4.29544091e-01
    -2.93091893e-01 1.08255088e-01 -3.73539090e-01 -3.06690276e-01
    -7.31462359e-01 -5.75670958e-01 -5.58857441e-01 1.06599033e-01
    -5.83584428e-01 -2.81490207e-01 8.61486197e-02 -6.85889900e-01
    1.93480313e-01 6.56545758e-02 -4.30426240e-01 -3.90174985e-02
    1.28550529e-02 -6.43008590e-01 -2.01149583e-02 -5.91337144e-01
    -7.73889542e-01 3.47627997e-02 1.60644114e-01 -3.79663765e-01
    -3.53569001e-01 1.80534184e-01 -7.77715683e-01 -3.15270841e-01
    3.69837880e-02 -1.18558109e-01 -2.62754858e-01 -2.48403072e-01
    -5.90594232e-01 -4.42462444e-01 -7.70088971e-01 -4.42991614e-01
    -1.63620889e-01 1.93472564e-01 -7.78049350e-01 -5.61207294e-01
    -6.12949252e-01 -7.71136403e-01 -1.29051745e-01 -1.10550702e-01
    -4.72498059e-01 -9.76413488e-02 1.02704763e-03 -6.32388532e-01
    -6.10581756e-01 -2.80058742e-01 5.54887652e-02 -2.37049937e-01
    1.24492705e-01 -6.86521113e-01 -3.04413021e-01 -6.62732720e-01
    1.68240011e-01 -3.17850053e-01 -2.76106149e-01 2.22486198e-01
    -7.49934196e-01 -5.82804620e-01 -2.73703635e-01 -5.67829967e-01
    -7.30952859e-01 2.10570514e-01 -2.91614175e-01 -4.45020556e-01
    7.83058405e-02 -5.75033545e-01 1.39219999e-01 -5.72998703e-01
    1.83895767e-01 -5.61751604e-01 -3.86332273e-01 -2.54031479e-01
    -3.48365963e-01 -2.91654736e-01 -3.34890366e-01 1.70925498e-01
    2.15368569e-01 -4.94090080e-01 -7.18693733e-02 -1.33043468e-01
    3.33310962e-02 -9.80681777e-02 -7.12387085e-01 -5.26889682e-01
    -5.69741249e-01 -4.18358803e-01 -2.82330751e-01 -5.09711444e-01
    -6.31117940e-01 -6.21330380e-01 -9.28978920e-02 -5.68224549e-01
    5.32284975e-02 8.65904093e-02 -3.99276912e-01 -6.59266114e-02
    1.97813630e-01 -2.14130163e-01 -4.59979206e-01 -3.56934041e-01
    -5.78061342e-01 -5.11310041e-01 -2.35955864e-01 2.51448631e-01
    -6.01279914e-01 -2.51225024e-01 -4.95555282e-01 -3.82480621e-01
    1.78100467e-02 -5.32782435e-01 1.13234520e-02 2.67030716e-01
    -2.15264082e-01 -2.11884379e-01 -3.35730642e-01 1.04373693e-02
    -6.93193674e-01 -5.61336696e-01 -2.24688649e-02 -5.37532985e-01
    -1.93483710e-01 1.33915126e-01 2.50889122e-01 -1.04735494e-02
    -4.46205199e-01 -1.57661736e-01 -1.35669768e-01 -6.71605647e-01
    -1.02492809e-01 -7.73494840e-02 -6.79612041e-01 1.09133661e-01
    9.08213258e-02 -6.23271704e-01 -7.05483556e-01 -1.43803954e-01
    -1.81078196e-01 -5.05100250e-01 -2.55341142e-01 -3.67535621e-01
    -4.12546575e-01 -7.04925299e-01 -1.37871206e-01 -6.90430403e-02
    -5.16395926e-01 -7.00846493e-01 -2.50080347e-01 -3.84192824e-01
    -1.46052957e-01 -4.41953123e-01 -1.60829425e-01 -4.67685699e-01
    -5.79796374e-01 -1.48725867e-01 -3.86397570e-01 6.20208979e-02
    -5.42318642e-01 -4.54802275e-01 1.63505077e-01 -5.34402847e-01
    -1.98422909e-01 -3.39441955e-01 -5.13972878e-01 -1.52917325e-01
    8.56621861e-02 -5.36824107e-01 2.06016600e-01 -5.49103737e-01
    -3.53294492e-01 -7.11108923e-01 1.90410018e-01 -3.71737480e-02
    -3.83341134e-01 -1.14398718e-01 -4.45265174e-01 -2.78992653e-02
    -6.41576469e-01 -3.41940641e-01 -3.37466419e-01 -6.02340460e-01
    -7.52555430e-01 -4.79388505e-01 2.01562822e-01 -5.41466355e-01
    -6.29131138e-01 1.07936502e-01 -6.41857386e-01 -4.67081428e-01
    -4.88292038e-01 -1.40947640e-01 -6.64303899e-01 1.49658799e-01
    -7.25888550e-01 -7.26612806e-01 -7.29752898e-01 2.09143639e-01
    -1.64491355e-01 -3.64981800e-01 -4.93834257e-01 -1.68899477e-01
    -2.98416615e-02 -7.25790739e-01 -3.13395649e-01 7.53548145e-02
    -3.90480906e-01 -5.44472277e-01 1.57116115e-01 -4.27633882e-01
    3.86804342e-03 -5.57839870e-03 -4.04241979e-01 -2.88488299e-01
    1.55731142e-01 -3.15523654e-01 -6.77452087e-01 1.28159046e-01
    -3.72515649e-01 -3.06632578e-01 2.25622654e-02 1.30025983e-01
    -2.37607062e-01 -6.07858777e-01 -7.46493578e-01 -6.59804225e-01
    -6.24316335e-01 -5.26436388e-01 -3.22088003e-02 7.38015771e-02
    -6.18348479e-01 7.04806447e-02 -3.65332961e-01 -5.64158201e-01
    -2.77883291e-01 -7.61196613e-02 -6.42433167e-02 2.04970896e-01
    3.99565756e-01 -1.30355060e-01 4.59002912e-01 -4.43811119e-02
    -2.03886390e-01 -4.38131064e-01 2.73426771e-01 2.29500771e-01
    2.86288977e-01 6.30577207e-02 -1.91084474e-01 5.93104959e-02
    -1.85539126e-01 -3.43292743e-01 -4.37097758e-01 2.22772360e-02
    1.17165804e-01 3.22870612e-02 -5.77639341e-01 1.60408854e-01
    -2.91552991e-01 -6.85113251e-01 2.17678010e-01 1.69147730e-01
    -1.46429360e-01 -5.97762823e-01 1.01082921e-01 -3.09007585e-01
    -3.97869915e-01 -6.48471713e-01 4.61133122e-02 -3.71921033e-01
    -4.74111557e-01 9.13229585e-02 -4.58374530e-01 -7.66299129e-01
    1.43135130e-01 -1.49715245e-01 -1.24699712e-01 -3.10391337e-01
    -5.81604242e-02 -3.96638274e-01 1.38222277e-01 -2.13094652e-01
    -7.74727523e-01 -1.55697823e-01 -3.49811822e-01 -3.96071494e-01
    -6.53553247e-01 1.05406344e-01 9.82184410e-02 -2.65504420e-01
    -5.93154430e-02 -6.98956966e-01 -1.00200653e-01 -3.33308756e-01
    -4.77505326e-02 -6.48023665e-01 -2.23130584e-01 -2.50589371e-01
    -5.69526911e-01 -7.41518438e-01 -2.77902484e-02 1.01172328e-01
    -3.42525333e-01 3.08539271e-02 -3.92672002e-01 1.63930655e-01
    -1.48932695e-01 1.06783271e-01 -2.79374510e-01 4.92126346e-02
    -6.97352886e-01 -7.17078805e-01 -2.64768124e-01 -8.04213881e-02
    -3.02432895e-01 -5.46298385e-01 -2.04859078e-01 -2.40288496e-01
    2.19289064e-01 1.92232013e-01 -4.55265641e-02 -4.71387923e-01
    -7.17378020e-01 -2.74617076e-01 -6.72136962e-01 -9.42707658e-02
    -6.86087012e-01 -3.22409362e-01 -7.02620208e-01 -8.49894285e-02
    -9.64874029e-03 -7.50495195e-02 6.14777207e-02 -4.74662542e-01
    -6.40484214e-01 2.36228228e-01 -6.89798951e-01 -5.97906351e-01
    1.87484086e-01 -6.33427501e-01 6.93127513e-02 -7.05034375e-01
    -3.30630302e-01 -4.90245491e-01 1.70907140e-01 5.23251295e-03
    -4.25045133e-01 -1.44051313e-01 -5.79440236e-01 -2.07514942e-01
    -5.17765760e-01 -3.83788943e-01 -1.40012622e-01 -1.63482726e-01
    -3.63276005e-01 -5.72736263e-01 7.21160173e-02 2.20989585e-02
    2.06411362e-01 -7.32306123e-01 -4.49244380e-02 9.10708308e-02
    2.35082984e-01 -5.66190481e-02 -2.19492733e-01 -5.02257347e-01
    -3.25503349e-01 1.09563172e-01 -7.20672011e-01 2.16713190e-01
    -4.05597150e-01 -4.35783088e-01 2.01345921e-01 6.78002834e-04
    -1.92439556e-02 -6.04074836e-01 -5.79236627e-01 -2.71086037e-01
    1.76002204e-01 2.02531695e-01 -5.82549810e-01 -2.73780525e-01
    -3.79606366e-01 1.94656849e-02 -5.91657281e-01 -1.48590088e-01
    -6.71765924e-01 -6.71757221e-01 2.12461472e-01 -1.57188714e-01
    -4.45099890e-01 -4.65120077e-02 -6.91887021e-01 -2.36219376e-01
    1.58423960e-01 1.05059981e-01 2.53777623e-01 -1.86641335e-01
    -6.06294513e-01 -6.65396869e-01 -9.46336985e-02 -3.55888009e-02
    -4.84183490e-01 1.67527914e-01 7.83758163e-02 -2.36820579e-02
    -4.74839479e-01 -2.58602470e-01 -5.76736569e-01 -5.64004064e-01
    -3.84445280e-01 -6.12899184e-01 -7.19434142e-01 -4.43318814e-01
    -4.33083951e-01 -4.30977970e-01 -6.72669351e-01 -7.21290648e-01
    -1.05331123e-01 -7.05384433e-01 2.18015313e-01 -7.01061666e-01
    -3.16637963e-01 -2.34699070e-01 1.49734735e-01 -1.09508216e-01
    2.41722047e-01 -6.72181010e-01 -5.48112333e-01 -6.86114907e-01
    2.09202349e-01 -6.53458953e-01 -6.10812008e-01 4.74122763e-02
    -1.75825000e-01 -9.70245004e-02 -2.18386531e-01 -1.53637052e-01
    6.36789203e-02 -7.08434999e-01 -7.74452090e-02 -3.31853956e-01
    -2.08354533e-01 -1.74187779e-01 8.08842778e-02 -2.79817522e-01
    -1.52262092e-01 -1.32250309e-01 1.58174515e-01 -2.05763280e-01
    2.13784218e-01 -7.11843967e-02 -6.95539594e-01 -6.57330394e-01
    5.08970618e-02 -3.35901976e-03 -6.88197136e-01 2.76925564e-02
    4.78410721e-02 7.51711130e-02 1.10114157e-01 1.86016083e-01
    -4.51908439e-01 -3.28170657e-02 -1.00731075e-01 -5.79419136e-01
    2.34957337e-02 1.18278801e-01 -4.85780656e-01 -3.74677896e-01
    -4.87489611e-01 2.44319141e-01 -4.60071385e-01 -2.96431184e-01
    -7.03772902e-01 -3.70085001e-01 -2.73042202e-01 -6.12944722e-01
    -2.99819201e-01 -6.76214218e-01 2.12822556e-02 -3.00089121e-02
    -4.41522002e-02 -1.44005477e-01 1.53343558e-01 -4.51151133e-02
    -1.32782519e-01 -2.70805478e-01 -6.53143883e-01 1.77991331e-01
    -5.54264784e-02 9.51619744e-02 3.17493916e-01 -1.99189633e-01
    1.36994064e-01 4.23069358e-01 1.55679375e-01 2.32904851e-01
    4.89362836e-01 -1.18240118e-01 -3.74324620e-01 -1.89706802e-01
    2.97995627e-01 2.16441870e-01 -4.96785939e-01 -4.20682251e-01
    -4.96343434e-01 -5.03008306e-01 2.31142819e-01 -1.97867095e-01
    1.98420167e-01 1.53145730e-01 -5.56565404e-01 -3.23818147e-01
    -4.72550273e-01 -5.11393130e-01 -7.40911961e-02 -3.05382013e-02
    2.38269567e-03 -8.11394453e-02 -4.02653575e-01 -2.27444708e-01
    2.35069215e-01 1.31608307e-01 -4.22836125e-01 -3.94063592e-01
    -5.03006220e-01 -6.68762445e-01 -5.42244971e-01 -5.39554417e-01
    -2.33149946e-01 -1.14866555e-01 -1.45653248e-01 -7.62455821e-01
    -6.65311992e-01 -2.63199329e-01 -9.59404111e-02 -1.96299076e-01
    1.91149652e-01 -2.14909911e-01 -3.84640604e-01 -6.36960149e-01
    1.30679607e-02 -6.56541407e-01 1.72528923e-01 -4.60519433e-01
    4.48077917e-02 1.17329657e-01 -2.71097660e-01 3.58989835e-02
    -1.29152119e-01 9.98246670e-03 -5.31224251e-01 -8.03258300e-01
    1.06505156e-01 6.17377162e-02 -4.26234841e-01 -5.00619709e-01
    1.57774210e-01 -4.25451577e-01 -5.07218838e-02 -2.45848477e-01
    -5.47341943e-01 1.44534230e-01 -4.50231016e-01 -4.91784960e-01
    -2.26380110e-01 -5.44109404e-01 2.31708109e-01 -4.68845814e-01
    -4.17816162e-01 -4.42529768e-01 -1.47591054e-01 -4.43287760e-01
    -6.45858765e-01 -5.34604788e-01 -5.86770177e-02 1.48708165e-01
    -7.04063416e-01 2.23843455e-01 -6.70490980e-01 -1.83215857e-01
    -4.68007684e-01 -6.58503175e-02 -7.51022458e-01 -2.62033939e-03
    -1.37263060e-01 -2.25222707e-02 1.84372485e-01 -6.48470521e-01
    -2.46235639e-01 1.78330779e-01 -6.08710766e-01 -3.06175321e-01
    1.79132223e-02 7.12738633e-02 -3.82799357e-01 -1.73205554e-01
    2.70027041e-01 -4.33156461e-01 1.18821442e-01 -5.52941442e-01
    -5.09958267e-02 2.65210271e-01 -4.82818782e-01 1.90759301e-01
    -3.59627604e-02 -6.18403435e-01 -1.27288461e-01 1.71291173e-01
    -4.15221512e-01 -4.01952446e-01 -1.18483007e-01 -5.02681375e-01
    -5.82370102e-01 -1.38301432e-01 -5.51283538e-01 -6.85286403e-01
    -6.79456890e-01 -4.34654802e-01 1.57634914e-01 -4.04535323e-01
    -2.25787699e-01 -5.24497569e-01 -2.03458309e-01 -3.72511834e-01
    -4.97433245e-01 2.45748580e-01 -1.97980702e-01 -2.37258494e-01
    -1.87692702e-01 -4.76479948e-01 -1.87371552e-01 -4.53199327e-01
    -2.83355623e-01 -2.63122618e-01 5.28880358e-02 2.26766646e-01
    9.98884439e-02 -7.13728666e-01 -6.79033995e-03 1.66930377e-01
    2.27279067e-01 -2.45904058e-01 -3.47388804e-01 -1.95449412e-01
    -4.10888016e-01 -4.47976708e-01 -2.21489877e-01 -6.11584842e-01
    -4.28067565e-01 -4.72916812e-01 -6.82445228e-01 -4.21160519e-01
    -4.44355249e-01 1.34607017e-01 1.77617550e-01 -4.17875707e-01
    -4.37483251e-01 8.89435410e-02 -4.97461557e-02 -1.62256598e-01
    -3.24034989e-01 9.02831554e-02 -7.05488563e-01 2.36698031e-01
    -5.64484954e-01 -4.75805968e-01 -4.35956836e-01 -4.70130831e-01
    -6.70611858e-03 -4.40589547e-01 1.35361969e-01 -4.33736563e-01
    -2.45898664e-01 -2.09118426e-01 -5.62487960e-01 -3.26414466e-01
    5.85170984e-02 1.57406092e-01 -1.95579827e-01 -7.86785483e-02
    1.84742033e-01 -5.63836932e-01 -2.10527062e-01 1.86527967e-01
    -4.53476906e-02 -5.05433321e-01 4.86448407e-02 -6.52879000e-01
    1.54877782e-01 3.76387239e-02 -3.57574284e-01 6.43440485e-02
    1.63344622e-01 -2.07471550e-01 -5.49430251e-02 5.05006313e-02
    -4.90794241e-01 -9.87833738e-03 8.75518322e-02 1.46329403e-03
    1.94989860e-01 -5.33813119e-01 1.28539205e-02 -7.12977469e-01
    -6.25049233e-01 -6.03233337e-01 -2.45964766e-01 2.07797289e-02
    -9.55447555e-02 -1.80223763e-01 -2.91493803e-01 -5.89638650e-01
    -3.11918080e-01 1.40418351e-01 -4.96206880e-01 1.24019384e-03
    6.45541549e-02 -1.77823544e-01 8.53421092e-02 -4.84202325e-01
    -4.68208313e-01 -2.86727309e-01 -6.89341664e-01 -4.70456094e-01
    7.57845640e-02 -5.50838768e-01 1.23776138e-01 -6.77504897e-01
    -4.47917819e-01 -6.35769427e-01 -1.08107150e-01 -5.33287406e-01
    -5.77305794e-01 -2.42134452e-01 -1.05444729e-01 -4.46869314e-01
    -6.64724350e-01 -2.14320779e-01 2.08960772e-02 6.91870451e-02
    -6.68897092e-01 5.21579981e-02 -3.83521914e-02 -1.79267466e-01
    -4.68904525e-01 -6.15355968e-02 -2.34986544e-02 1.82015300e-01
    -1.99603915e-01 -6.16225600e-03 -3.36547196e-01 -1.17061257e-01
    -1.90012991e-01 -2.35542357e-02 -2.84186006e-02 -9.98033881e-02
    -4.05927896e-01 1.60035670e-01 1.07326746e-01 -4.56971914e-01
    -2.61449099e-01 -4.73139882e-02 -6.78796530e-01 -4.08218801e-01
    -4.86639738e-01 -4.85613406e-01 -3.95513833e-01 -1.35073960e-01
    1.26611948e-01 -2.70623922e-01 6.86979890e-02 -6.46407127e-01
    -7.60583878e-01 -2.83268094e-01 -1.85225308e-01 -5.44444323e-01
    9.59907174e-02 -7.20514536e-01 -5.50553560e-01 -1.67603970e-01
    1.83729529e-01 -6.91316009e-01 -1.69201374e-01 7.56593347e-02
    -2.54659891e-01 -5.99232674e-01 -3.72030109e-01 -3.15384746e-01
    -3.66082966e-01 -1.55178607e-01 -3.44978720e-01 -1.39651477e-01
    -5.37591577e-01 -7.74869561e-01 1.12001240e-01 -2.52915263e-01
    -3.04636836e-01 -4.22758162e-01 -7.18052387e-01 -1.49779201e-01
    2.33357728e-01 -7.37973690e-01 1.96293056e-01 -6.67491436e-01
    -1.45657837e-01 -6.55241907e-01 -5.66618681e-01 -6.39469087e-01
    -7.08569884e-01 -3.36098075e-01 -6.99007034e-01 -3.45737934e-02
    2.78484225e-02 -6.00130916e-01 -2.60644674e-01 -1.69148862e-01
    1.41600966e-02 -4.08536106e-01 -4.99175429e-01 -5.25224447e-01
    -7.43664503e-02 -3.66688848e-01 -7.40185976e-02 2.12206960e-01
    -4.72727716e-01 -5.49073219e-02 -4.75237846e-01 1.91433370e-01
    -6.76770806e-02 -4.66688573e-01 1.40394688e-01 2.77211070e-02
    -3.64939898e-01 2.08082199e-01 -2.47855306e-01 1.73321009e-01
    -3.69662702e-01 -3.40767503e-02 -5.06827652e-01 -2.57835925e-01
    -6.79474711e-01 -9.90417600e-02 8.21392536e-02 -4.25244510e-01
    -4.11988527e-01 -2.93780774e-01 1.30448461e-01 -2.72506028e-01
    -2.81040639e-01 1.15461707e-01 1.04166985e-01 -1.69992089e-01
    -1.68093383e-01 -6.13533497e-01 -6.67053878e-01 -1.43043637e-01
    -6.37819529e-01 -1.49089754e-01 2.55898833e-02 6.81284070e-02
    -4.76941794e-01 2.78753042e-02 -3.50838393e-01 -7.18454599e-01
    -1.44219935e-01 -6.94937110e-01 -3.25977087e-01 -5.47317505e-01
    2.53539264e-01 1.06320739e-01 -5.42116523e-01 1.70269072e-01
    -5.32329082e-04 -2.26951659e-01 -3.44045758e-02 1.17501557e-01
    -3.68761420e-02 1.82050467e-03 -6.30132914e-01 1.52327538e-01
    -3.69988322e-01 2.35882699e-01 -7.41542697e-01 -9.71131921e-02
    2.31831670e-02 -6.76817834e-01 -4.16921496e-01 -6.37717962e-01
    -6.43668532e-01 -6.05669022e-01 -4.22284186e-01 -1.19742155e-01
    -5.60493469e-01 1.46721721e-01 -5.46658397e-01 -5.07107854e-01
    8.50683451e-03 7.96556473e-03 7.18599558e-03 -2.20952004e-01
    2.06127107e-01 -6.66991115e-01 -5.17396450e-01 -6.38466001e-01
    -3.42005491e-01 -6.21282518e-01 -6.80561781e-01 -6.12596869e-02
    1.74122393e-01 -2.88945436e-03 -3.12307030e-01 -6.52237058e-01
    -3.02571714e-01 -3.50430161e-01 -5.53065300e-01 -5.45076609e-01
    -4.46749628e-01 -4.88644660e-01 -4.81860936e-01 -5.42243898e-01
    -5.48927665e-01 8.59970450e-02 -5.60967445e-01 -3.31882179e-01
    -5.68483889e-01 -2.06666112e-01 -5.10697722e-01 -6.98678493e-02
    -6.87327862e-01 1.08320713e-01 -7.46101022e-01 -5.32778621e-01
    1.18257642e-01 -5.28040409e-01 -4.02973205e-01 1.62371516e-01
    -6.75325155e-01 5.57217598e-02 6.22889996e-02 -4.54801977e-01
    -6.07973814e-01 -6.85016394e-01 -5.03757954e-01 7.49417543e-02
    -4.48397756e-01 -1.34719610e-01 -6.35628641e-01 2.76530385e-02
    -3.12003046e-01 -5.61228871e-01 -5.30459881e-01 -5.95882416e-01
    -5.37796855e-01 6.38601184e-02 -1.40814185e-01 -2.64925361e-02
    1.53619409e-01 -4.76366639e-01 -3.93134058e-01 -6.45051301e-01
    1.82885706e-01 1.08799398e-01 1.12533808e-01 -1.54978037e-01
    -3.10385674e-01 -7.21816421e-01 6.79258108e-02 -9.06012654e-02
    1.66885257e-01 2.08274364e-01 2.23290145e-01 -7.06679821e-01
    -5.40428340e-01 -3.62958193e-01 -1.07351780e-01 -6.26477718e-01
    -2.41589427e-01 -2.04102814e-01 -2.92835265e-01 -7.23182917e-01
    -2.69699425e-01 1.65199816e-01 -2.23764777e-02 5.45280576e-02
    2.36008823e-01 -2.48553753e-02 -4.00058180e-01 -1.92138731e-01
    1.41689658e-01 2.02659309e-01 -6.33647442e-01 -1.07517779e-01
    7.68328905e-02 -5.25038242e-01 -4.41128194e-01 -1.38772428e-01
    6.29431009e-03 1.50922835e-01 1.39602304e-01 -3.38959634e-01
    -5.85761189e-01 1.87179744e-01 2.00950980e-01 2.76856482e-01
    1.24129832e-01 -2.02932805e-01 1.12136453e-01 -2.40128875e-01
    2.89109766e-01 -7.92499781e-02 -3.64938647e-01 -4.37447876e-01
    4.10014093e-01 -1.93834305e-01 -6.65850759e-01 -3.65743160e-01
    -6.06436908e-01 2.21234560e-02 -1.67372584e-01 -6.89276278e-01
    -1.81886315e-01 -3.11443806e-02 2.40921378e-02 -6.99916601e-01
    -5.29834628e-02 2.73218751e-02 -3.37105811e-01 -3.45460296e-01
    -5.79604149e-01 7.43166208e-02 5.77443242e-02 -5.11296451e-01
    -7.14286923e-01 -1.91494524e-01 -5.96006274e-01 -4.43004966e-02
    -3.95207107e-01 -2.34147787e-01 -6.55740619e-01 -3.43466789e-01
    -1.70511365e-01 -5.10948956e-01 -7.08722770e-01 7.45092630e-02
    -9.95795131e-02 9.22831893e-02 -3.57059896e-01 -3.13603848e-01
    -5.79687357e-01 7.17142820e-02 -7.61982799e-01 1.96465254e-01
    1.97720289e-01 -2.01312423e-01 -5.73518872e-01 -7.01857805e-02
    1.36243105e-02 -2.67682135e-01 -7.22640932e-01 -5.25808275e-01
    -4.12939131e-01 -5.66720963e-03 -1.24605298e-02 1.42969847e-01
    -2.80921459e-02 -1.68763638e-01 -5.22376895e-01 -2.49529302e-01
    4.00687456e-02 1.23372376e-01 -2.06593871e-02 9.83988643e-02
    -8.64686966e-02 -4.63556051e-01 -3.51105988e-01 -2.51010060e-02
    -1.61048174e-01 -5.93703151e-01 -4.34857041e-01 -6.87294602e-02
    -3.24359596e-01 -1.88597441e-02 -1.31669998e-01 -5.43153822e-01
    -5.71525455e-01 -7.20633030e-01 -4.97138143e-01 -6.02690816e-01
    1.80445075e-01 8.87371898e-02 4.74656224e-02 1.81166947e-01
    -5.26356637e-01 -1.50236011e-01 -4.93631780e-01 -5.47757626e-01
    -5.71036577e-01 -2.16917098e-01 -1.08319163e-01 -3.91055405e-01
    -2.99291372e-01 -6.05957150e-01 -3.31364989e-01 -2.75642902e-01
    -7.32928514e-02 -7.31636524e-01 -4.20845509e-01 -6.06633723e-01
    -1.99124813e-02 -3.75310302e-01 -2.87078023e-01 -1.43190444e-01
    -2.34595239e-01 1.07401013e-02 -1.41754925e-01 -5.19286811e-01
    8.35180283e-02 -6.80632830e-01 -4.00847197e-01 -1.80066705e-01
    -5.12464881e-01 -6.24834597e-01 2.25015879e-02 -3.34034324e-01
    -5.02355695e-01 -3.29515994e-01 4.42246199e-02 -3.90939951e-01
    -2.35296428e-01 -2.08808601e-01 -7.27816522e-01 -5.33712864e-01
    -4.13800418e-01 -4.08562154e-01 -4.38955426e-02 -8.37712884e-02
    -6.00169003e-01 -6.74016595e-01 -3.71747226e-01 -2.41098791e-01
    -3.33094865e-01 -4.37135160e-01 -2.01548755e-01 1.27644539e-01
    1.80506468e-01 1.12707615e-02 -6.98626757e-01 -1.27346992e-01
    -2.70032167e-01 -6.49012804e-01 -3.47288519e-01 1.20221615e-01
    -4.81464863e-02 -6.55080259e-01 2.23782659e-02 2.19507635e-01
    -7.22679496e-01 4.19583321e-02 1.99336231e-01 -9.51932669e-02
    2.34797478e-01 -2.84387797e-01 -6.50416374e-01 1.75137699e-01
    -3.18726450e-01 -1.52714849e-01 -7.16256022e-01 -1.57881737e-01
    -5.95671892e-01 -3.28201175e-01 7.07600713e-02 2.38373280e-02
    2.05844641e-02 -2.12014496e-01 1.39194250e-01 -5.09374499e-01
    -5.31077385e-05 -5.84527791e-01 -5.44993043e-01 -3.02342147e-01
    -3.74468178e-01 -6.95599914e-02 -6.22067213e-01 1.31562948e-02
    6.66664243e-02 7.36261010e-02 -1.50259852e-01 6.89402223e-02
    -7.13232517e-01 -3.98184538e-01 -4.89134610e-01 1.48876309e-01
    -2.09443092e-01 -1.91124856e-01 -5.59360921e-01 -4.36726719e-01
    -4.86324042e-01 -5.95496476e-01 -5.18926740e-01 -2.56062567e-01
    8.99760127e-02 6.66205883e-02 -1.90001190e-01 -1.85764253e-01
    -5.90558052e-01 8.48146081e-02 -1.08333290e-01 -1.94504023e-01
    -7.56899357e-01 -2.16780305e-01 -7.63942838e-01 9.78249907e-02
    1.36984229e-01 2.38074660e-02 -3.31949592e-02 -6.81585371e-01
    1.50855362e-01 -1.92015350e-01 -3.11590672e-01 -3.10922176e-01
    -2.56176502e-01 -6.74470067e-01 -6.03953123e-01 1.78473949e-01
    2.32613206e-01 -9.66738462e-02 -7.11317897e-01 -2.96060264e-01
    -7.73975015e-01 2.09933400e-01 -2.77656794e-01 -2.57227123e-01
    -5.57978392e-01 -4.46707517e-01 1.29530549e-01 -3.62808108e-02
    1.67780817e-01 -7.40149081e-01 2.30389833e-03 -1.28801227e-01
    -1.51169598e-01 -7.00363517e-01 2.61467397e-01 -2.57107615e-01
    -6.56286240e-01 3.91474366e-02 -5.85545182e-01 -4.72298265e-01
    -4.99694347e-01 -2.70824969e-01 -3.60110283e-01 8.22719932e-02
    -6.02624834e-01 -6.63394988e-01 -7.30430484e-01 -2.94306099e-01
    7.55485296e-02 -4.10131574e-01 -3.97561938e-01 1.61502600e-01
    9.37615633e-02 3.69868338e-01 -3.41060609e-01 -2.77950913e-01
    3.63963634e-01 -1.09689176e-01 -2.06594467e-01 -1.20684475e-01
    -5.52873492e-01 -4.59986925e-03 -3.42757940e-01 -7.10727334e-01
    -9.04087424e-02 -2.55571663e-01 2.22597659e-01 -3.47417325e-01
    -1.11762166e-01 3.10003757e-03 -5.72995663e-01 -6.15167856e-01
    -6.79135799e-01 1.62058413e-01 3.91101837e-02 -6.78046882e-01
    3.36479545e-02 -2.24965811e-02 -7.16384292e-01 9.11577940e-02
    -2.41536379e-01 -5.82929432e-01 -1.05982780e-01 -1.85476303e-01
    -5.33969998e-02 1.56313598e-01 6.11233711e-03 -7.69150257e-01
    -5.12030482e-01 1.97883010e-01 -6.82959676e-01 -7.81123161e-01
    -2.47385025e-01 -1.12669230e-01 -4.46181118e-01 -2.42118239e-02
    2.19582915e-02 1.41924858e-01 -2.41407990e-01 -4.60479319e-01
    -5.69857240e-01 -2.27369428e-01 -4.25506473e-01 -5.90546727e-02
    -5.90519309e-02 2.54676938e-02 -7.77083635e-01 6.35730028e-02
    -1.00280285e-01 1.22721851e-01 -6.38037682e-01 1.38888717e-01
    9.29815173e-02 -3.29175919e-01 -5.23397684e-01 1.31132543e-01
    -1.27407849e-01 -3.83058608e-01 -4.35010791e-02 1.39401555e-02
    -3.67075026e-01 4.96910810e-02 -2.50898182e-01 -3.13654631e-01
    -1.31442130e-01 -2.66312957e-01 -3.60495895e-01 6.10017776e-02
    -6.70531034e-01 -9.20776129e-02 -2.51748323e-01 -4.68408346e-01
    -3.36324990e-01 1.77867711e-01 -5.79762220e-01 -2.43384689e-01
    -4.83672947e-01 -2.85115600e-01 -3.97110522e-01 -6.23330355e-01
    1.12915754e-01 -2.59199530e-01 -4.78982866e-01 -3.32337022e-01
    -5.49514174e-01 -6.44483685e-01 -4.02886212e-01 -3.01145911e-01
    -5.44908643e-01 1.42930746e-02 -4.38498795e-01 1.50418639e-01
    -6.88707232e-01 -4.94719148e-01 -2.03507900e-01 1.46306753e-02
    -7.28453398e-02 -4.17061508e-01 -6.54979348e-02 -1.18976593e-01
    -5.00238359e-01 1.67211175e-01 -3.23011130e-01 1.17456138e-01
    -2.80256927e-01 -3.03760856e-01 4.19471264e-02 -1.46393776e-01
    -9.21965241e-02 9.31301713e-02 3.07791233e-02 1.35350227e-01
    1.83485031e-01 -7.43767858e-01 -5.52274823e-01 -5.38399816e-02
    -4.73815978e-01 -5.08496344e-01 -4.90853012e-01 -7.08719254e-01
    -1.80632234e-01 2.33944714e-01 -6.71963453e-01 -3.37509096e-01
    -2.31168747e-01 9.65805650e-02 -6.93661094e-01 5.63303232e-02
    -1.02265775e-01 -1.22882724e-01 6.51918054e-02 2.34581411e-01
    -5.19150555e-01 -3.96649390e-01 6.32879138e-02 -3.17963392e-01
    -2.14300931e-01 -4.18148518e-01 1.42014980e-01 2.09123433e-01
    -2.55901456e-01 1.75023973e-01 -1.01777732e-01 -2.39667565e-01
    -7.00939596e-01 6.18898273e-02 -1.98067665e-01 1.02886140e-01
    -5.02583146e-01 -4.66253161e-02 -3.48782003e-01 -8.79711509e-02
    -1.61441207e-01 1.91201806e-01 1.51359141e-01 -3.89721274e-01
    4.35186625e-02 -2.29715556e-01 -3.68411422e-01 -5.82850575e-01
    -4.94119257e-01 1.42742097e-01 -6.19041920e-02 -1.87195301e-01
    1.55027688e-01 -2.78547376e-01 -4.40598935e-01 2.42050588e-01
    -1.28306627e-01 2.75743365e-01 -1.85885429e-02 -1.48879349e-01
    -6.67904019e-02 1.93507612e-01 1.47784054e-01 -3.90997827e-01
    -4.90102023e-01 2.29466915e-01 -1.72835052e-01 -1.87644482e-01
    -4.65355158e-01 2.38249302e-02 -2.20020235e-01 -4.83210295e-01
    5.82801700e-02 9.11140442e-03 -7.51326442e-01 -4.75651085e-01
    1.74389482e-02 -4.85151410e-02 -4.28274989e-01 -1.58306062e-01
    -4.10040438e-01 -6.69806838e-01 -1.32118464e-01 3.30009460e-02
    -3.75799537e-02 -4.61627573e-01 1.43014967e-01 1.67552173e-01
    -4.06140566e-01 -2.40969121e-01 9.42331553e-03 -6.22807860e-01
    -2.39550054e-01 -2.75844783e-01 -4.25718755e-01 -5.25552988e-01
    -3.09609085e-01 -5.78375578e-01 -1.36747956e-01 -6.20152354e-02
    -6.01997495e-01 2.38474190e-01 -1.40343726e-01 8.49916935e-02
    2.26725698e-01 -5.92685759e-01 -4.05957013e-01 2.06086397e-01
    -3.61624181e-01 -5.48829913e-01 2.07383811e-01 -2.13200450e-01
    -1.58822358e-01 -6.24624014e-01 -5.03337801e-01 -4.21812892e-01
    -6.92930818e-01 -2.56000161e-02 2.14249611e-01 -5.58444083e-01
    -6.33805752e-01 -2.55237520e-01 -3.31937850e-01 -5.30169606e-01
    -7.27419257e-02 -3.21784019e-01 7.85084367e-02 -1.11050129e-01
    1.55258060e-01 -1.81332171e-01 -7.46123731e-01 -3.16707015e-01
    -4.51097429e-01 5.10018468e-02 1.50474787e-01 2.23284662e-01
    -6.52905107e-02 4.93734479e-02 -1.99723095e-01 8.67128372e-02
    -3.02104533e-01 -2.95852304e-01 2.16589630e-01 1.04760706e-01
    -2.72441804e-01 -2.52739489e-01 -4.93803561e-01 -7.07208514e-01
    -1.20203435e-01 -7.94566274e-02 5.37576079e-02 -3.17873031e-01
    -3.38433743e-01 -5.29071808e-01 -4.53491628e-01 -4.11969125e-01
    2.76745558e-02 -3.26389968e-01 -7.44718313e-02 -2.13592410e-01
    -4.73335445e-01 -5.95009923e-01 8.82661343e-02 1.79753244e-01
    1.24411166e-01 -7.05873609e-01 -6.62270784e-02 -5.40401697e-01
    -6.65843487e-04 -7.34543204e-02 -5.60691833e-01 -2.85674751e-01
    -6.68812752e-01 -7.37114310e-01 1.88984632e-01 -4.31706995e-01
    4.85423803e-02 9.85393524e-02 1.63119614e-01 -6.24546409e-01
    -4.96074617e-01 -2.28703618e-02 -2.48181224e-01 -5.88642895e-01
    -3.73285413e-01 -6.43564939e-01 8.87283683e-02 -3.29388142e-01
    1.69505596e-01 -1.93192959e-01 -4.85659420e-01 -5.15071630e-01
    9.51194763e-03 -6.15955114e-01 -6.19365036e-01 -7.84860253e-01
    -6.67739987e-01 -1.84378266e-01 -3.18674326e-01 1.56153440e-01
    -4.45908606e-01 -1.87988877e-02 -2.02850342e-01 -3.51247996e-01
    -1.53300047e-01 -5.34245968e-02 1.42136037e-01 -3.93462270e-01
    -3.76623660e-01 6.69733882e-02 -6.16931438e-01 -2.07005024e-01
    2.72390246e-02 -1.39927089e-01 1.83460951e-01 -7.69263268e-01
    -6.64089203e-01 -6.69845343e-02 7.76975155e-02 -4.94315445e-01
    -6.41022444e-01 -9.80355144e-02 -6.90424800e-01 -5.08305073e-01
    9.43230987e-02 2.38796234e-01 -4.99699146e-01 -6.89925790e-01
    -2.06854641e-01 -5.74128568e-01 -4.95207310e-03 -3.29474688e-01
    1.18570149e-01 1.67458355e-01 2.66102076e-01 -4.94144589e-01
    -8.49984884e-02 -6.94393516e-01 1.53362751e-04 -2.53512949e-01
    3.27197909e-02 -4.55495626e-01 -5.41631222e-01 -4.22960281e-01
    -5.32665193e-01 -5.64879656e-01 -4.51578140e-01 -5.85160494e-01
    -4.44385946e-01 2.37688243e-01 -6.87554598e-01 -5.64410925e-01
    -4.97462422e-01 6.59460425e-02 3.48302126e-02 2.12345839e-01
    -6.14388525e-01 -5.30781150e-02 -4.90549207e-02 -3.59636903e-01
    -4.93407339e-01 9.77063775e-02 -6.51072443e-01 -8.44101906e-02
    -6.38758242e-01 9.36554074e-02 2.00786650e-01 -5.55756092e-01
    7.35324621e-02 -7.34901309e-01 1.42142355e-01 4.29767370e-02
    -7.61385679e-01 -1.34912610e-01 -5.45824528e-01 -3.83298993e-02
    -1.43726230e-01 -5.57214379e-01 -5.93967080e-01 -5.41139185e-01
    -1.62738442e-01 1.79704249e-01 2.39194810e-01 -3.77061844e-01
    1.38060570e-01 -5.69973350e-01 -6.88367009e-01 1.70636773e-01
    -4.82805729e-01 -4.99323517e-01 -5.48124254e-01 -2.84991533e-01
    -8.55492949e-02 -1.79465234e-01 -1.40530407e-01 2.09010065e-01
    -3.15600187e-01 -6.83077216e-01 2.67918229e-01 -1.47239208e-01
    1.40990555e-01 -2.53419966e-01 -3.17979097e-01 -3.92031491e-01
    -5.94938517e-01 -2.43036509e-01 -6.37849271e-01 -3.76234353e-01
    -3.60655755e-01 -1.47292912e-01 -4.19076860e-01 1.72511816e-01
    5.72006106e-02 2.00555921e-01 -3.43571693e-01 2.03392208e-01
    1.21284604e-01 -5.47106028e-01 -2.71003485e-01 -1.38244867e-01
    -5.33140123e-01 -4.64925051e-01 -4.39767063e-01 7.06753731e-02
    2.43106484e-01 -5.47707081e-02 1.26178205e-01 -7.35557973e-01
    -5.11945188e-01 -6.99775934e-01 -5.36070049e-01 -2.55641311e-01
    -3.34039867e-01 6.12075925e-02 -4.56753016e-01 -2.30116069e-01
    -2.82073528e-01 -3.15961838e-01 -5.45993030e-01 -7.41825819e-01
    3.14546824e-02 -3.66337180e-01 9.97382402e-03 1.48289919e-01
    -7.02476978e-01 -4.60955799e-01 -5.64106822e-01 1.29118562e-01
    -6.13943338e-02 -1.75791085e-01 -7.50873208e-01 1.95080340e-01
    2.49343753e-01 -4.29306984e-01 -5.68749011e-01 -5.91745377e-02
    -4.03758109e-01 -1.58330202e-01 -6.75800443e-01 -3.82831484e-01
    8.15927982e-04 -6.13455117e-01 -1.31368756e-01 -5.05973756e-01
    -2.51287699e-01 -2.41647720e-01 3.37941051e-02 -6.21544182e-01
    -5.03839314e-01 -8.91803503e-02 -6.55961633e-01 -4.11439091e-01
    1.05013609e-01 -2.41806030e-01 -7.12089419e-01 -6.02455378e-01
    -1.89433634e-01 -3.34054530e-01 -1.72489703e-01 -9.58083868e-02
    6.45314455e-02 -6.71111226e-01 1.34183645e-01 -2.86146134e-01
    -1.89993083e-01 -3.05037826e-01 -7.09379911e-02 -2.63279080e-02
    -2.40814328e-01 -5.13456106e-01 1.47042513e-01 1.92266881e-01
    -5.15698910e-01 8.26288462e-02 5.42219520e-01 3.36420625e-01
    3.47771168e-01 4.32769448e-01 3.42587829e-01 -4.79732037e-01
    -4.58313435e-01 4.05222178e-02 -2.56721735e-01 1.22336745e-01
    -2.10898221e-01 1.02184236e-01 -2.91881293e-01 -6.01052821e-01
    -6.46979332e-01 -1.59851432e-01 -4.21261579e-01 -4.70131040e-02
    -6.33910537e-01 -7.50672400e-01 -2.78491080e-01 1.39032245e-01
    -3.13684553e-01 -6.50007606e-01 -1.45027220e-01 -6.59671545e-01
    7.45896101e-02 -3.32926124e-01 -6.77615345e-01 -4.14448977e-01
    -2.34404027e-01 -3.02466840e-01 -2.07088947e-01 -3.14140052e-01
    8.83128047e-02 3.13739181e-02 6.18548989e-02 -6.56743765e-01
    1.08338058e-01 7.33949542e-02 -2.69218624e-01 -3.54773849e-01
    -6.44147992e-01 -5.16342402e-01 -4.11276698e-01 -4.94986027e-01
    -6.99060619e-01 -5.49691916e-01 -3.76282305e-01 -1.86085582e-01
    -6.41487002e-01 3.56062055e-02 -1.93865240e-01 5.78739047e-02
    -5.10037661e-01 -3.18340570e-01 -4.35448080e-01 -1.93875313e-01
    -7.95085549e-01 -1.30914569e-01 -6.89114690e-01 -3.42516363e-01
    -5.36162972e-01 1.73875630e-01 -1.31604552e-01 -6.05414987e-01
    -7.62010336e-01 -2.42070973e-01 -1.88737988e-01 -3.23772103e-01
    -6.16964817e-01 -7.59197235e-01 7.49086738e-02 -5.75561166e-01
    -3.48992586e-01 -7.16508865e-01 -3.15706849e-01 7.61317611e-02
    2.11377144e-01 -2.70842731e-01 -4.30566311e-01 1.12869143e-01
    5.94962835e-02 -2.59718508e-01 8.63719583e-02 2.46088982e-01
    -2.97462553e-01 -3.17383409e-01 -3.67399096e-01 -1.37672305e-01
    -4.43167031e-01 1.59895122e-01 -8.85316730e-02 -6.14727378e-01
    -2.87482142e-01 1.50512695e-01 -5.71497083e-02 -5.19744754e-02
    -3.17471862e-01 4.72357869e-02 3.10468674e-03 -2.79404938e-01
    2.61499465e-01 2.33801365e-01 -6.24901652e-01 -6.05036378e-01
    2.41866171e-01 -4.01180416e-01 -1.46599412e-02 -4.56272662e-01
    -3.86452377e-01 -3.04817379e-01 -5.44904113e-01 -1.52550280e-01
    -5.10151386e-02 2.44330764e-01 -5.10998964e-02 -6.30743146e-01
    -4.26672339e-01 1.69063389e-01 -1.76083326e-01 -3.49045396e-01
    -1.09993160e-01 -3.22733372e-01 -1.89880729e-01 -6.66950822e-01
    -1.64826989e-01 -5.65347075e-01 -2.33299196e-01 -7.32916117e-01
    -3.56878132e-01 -3.68120670e-01 -6.30805075e-01 -5.80515623e-01
    -4.55944955e-01 -2.71119833e-01 -9.96611118e-02 -5.54137111e-01
    -3.45457733e-01 -4.41737890e-01 1.68259144e-01 -2.92663395e-01
    5.38569093e-02 -2.89119333e-01 -3.91152501e-01 -7.01248348e-01
    -6.89118683e-01 -2.52436042e-01 -1.44295692e-02 -5.32054901e-01
    -5.35162747e-01 -6.75807595e-02 -1.92379475e-01 1.64923608e-01
    -2.21795917e-01 2.07410932e-01 -2.86875904e-01 -6.22263193e-01
    -1.13016188e-01 -2.12268651e-01 -6.42802596e-01 -7.20691085e-02
    -6.60807610e-01 -6.89616561e-01 -5.17960846e-01 -3.57775867e-01
    -5.14689267e-01 -1.06643379e-01 1.89764142e-01 -2.80525863e-01
    5.55748343e-02 -6.53561056e-01 -4.14095998e-01 -1.08449399e-01
    -8.12472105e-02 -1.19956911e-01 -6.03849173e-01 2.14722157e-01
    -7.41169930e-01 -4.74356592e-01 -6.09989643e-01 -3.96477163e-01
    -4.19286609e-01 -5.44492006e-01 1.43612027e-01 -2.04107702e-01
    -6.76041901e-01 -1.14455163e-01 -1.08255386e-01 -8.96548033e-02
    -6.46618545e-01 -3.71160746e-01 -4.28104579e-01 -3.67011458e-01
    8.35810304e-02 -4.88600940e-01 1.43114686e-01 -3.34663779e-01
    -4.71949995e-01 -1.14197135e-01 -2.39223838e-01 -2.22529888e-01
    4.39714789e-02 -6.29715383e-01 -5.09171486e-02 -2.74917006e-01
    1.06401145e-01 -3.33654881e-01 -4.93679583e-01 -1.46894336e-01
    -4.68251407e-01 -5.32390714e-01 -2.85219669e-01 -4.40473020e-01
    -4.18176740e-01 -6.20281339e-01 -6.55779481e-01 2.89663672e-02
    -2.29679286e-01 2.11055100e-01 -6.37769103e-02 -5.66698670e-01
    -2.09367335e-01 -3.58265638e-02 -6.30379319e-02 -4.36036229e-01
    -4.30345863e-01 9.75872874e-02 -7.00958371e-01 1.65522695e-02
    2.56632566e-02 -3.88988167e-01 -4.21277046e-01 2.55382836e-01
    -3.22031975e-02 -5.52138686e-01 -6.00134015e-01 -6.49358869e-01
    -4.71188784e-01 -1.44993246e-01 1.00451589e-01 -2.06314027e-01
    -2.89049506e-01 -1.31972075e-01 1.62110209e-01 -3.07088137e-01
    -2.55910277e-01 -2.71345913e-01 8.82607698e-03 -4.45895314e-01
    -1.89444065e-01 -6.27981544e-01 -6.22877598e-01 -5.71373820e-01
    1.61175728e-01 9.04407501e-02 4.10972327e-01 1.98558182e-01
    1.68900013e-01 1.14718556e-01 5.19163370e-01 -4.99061018e-01
    -4.84319478e-01 4.19574380e-02 1.65955782e-01 -3.70912611e-01
    -2.99741656e-01 -4.80242491e-01 -1.30547941e-01 -2.03174829e-01
    1.13545179e-01 8.95494223e-02 -4.46669787e-01 -7.14553833e-01
    -2.10070372e-01 -7.43749619e-01 -3.49631488e-01 -1.61566496e-01
    -5.93482018e-01 -3.62608254e-01 -1.23138964e-01 -7.08885074e-01
    -4.96998012e-01 -2.61045754e-01 1.66124046e-01 -2.46272802e-01
    -6.33988380e-02 -4.79216069e-01 1.92623377e-01 -6.92730546e-02
    -5.62666237e-01 -5.31905651e-01 -5.28892279e-01 -3.12749803e-01
    -2.21914530e-01 1.49558902e-01 1.62499547e-01 -4.83264863e-01
    -8.02976489e-02 -2.86357999e-02 8.08296800e-02 -6.46175027e-01
    1.83113754e-01 -4.84836102e-02 -7.75696039e-02 -5.29811800e-01
    -8.33708048e-02 -6.41089141e-01 -1.26010776e-02 -5.95836163e-01
    1.98858738e-01 1.45251155e-02 1.62181377e-01 -3.44276428e-01
    -7.79541731e-01 7.96840787e-02 1.24194384e-01 -5.86626470e-01
    -6.16930366e-01 8.50306749e-02 -5.49129963e-01 -4.57188427e-01
    -3.67975652e-01 -1.72729731e-01 9.82502103e-02 -5.11453390e-01
    -2.91632891e-01 1.30020082e-01 -5.81774533e-01 -3.37975800e-01
    -3.74589980e-01 1.31226063e-01 -4.06317711e-02 -3.39979917e-01
    -2.14585721e-01 -2.33741641e-01 -6.30588055e-01 -3.94758761e-01
    -2.12963820e-02 2.44885087e-01 -2.33578712e-01 -2.41195291e-01
    -5.01204610e-01 -1.13115489e-01 -2.39237934e-01 -4.78791118e-01
    -6.80762291e-01 3.61894965e-02 -2.82962024e-01 -1.88004345e-01
    -4.95597601e-01 -2.07388908e-01 2.77797341e-01 7.75870681e-02
    -1.42342806e-01 -7.35360384e-01 -4.72463876e-01 -2.70506054e-01
    -6.47950113e-01 -4.44340348e-01 -4.81934547e-01 -1.36359751e-01
    -6.64644837e-01 1.12311006e-01 -3.30897659e-01 -1.20387912e-01
    -5.16592503e-01 1.32837296e-02 -5.10511756e-01 -7.41796851e-01
    -6.37183368e-01 -2.77531266e-01 -4.48245943e-01 2.33363509e-02
    -5.85922122e-01 1.11201048e-01 4.71756458e-02 -4.00410950e-01
    -4.97099042e-01 -6.42046928e-02 -4.22308326e-01 -4.76344049e-01
    -3.77303630e-01 -5.12658119e-01 -3.28215778e-01 -4.30296838e-01
    -5.40496945e-01 -6.99816823e-01 -1.18849456e-01 4.93204594e-03
    -1.35193110e-01 -4.73050356e-01 -5.87456465e-01 -3.60808969e-02
    2.18924880e-02 -4.59054708e-02 -5.99540353e-01 -5.88338375e-02
    -2.30797648e-01 -3.13768744e-01 -6.05569601e-01 -5.80450416e-01
    -7.09035456e-01 2.27008462e-02 -5.27509093e-01 1.26922131e-01
    8.47917199e-02 -6.67445064e-02 -2.94939101e-01 1.36520982e-01
    -6.23045325e-01 1.06361985e-01 -3.94621491e-01 -2.80831188e-01
    4.10176516e-02 -3.70244741e-01 -1.87864721e-01 2.28696108e-01
    -5.55870533e-02 -3.28922600e-01 -1.98567629e-01 -2.14210033e-01
    -4.29151654e-01 -5.11226416e-01 1.39394999e-02 1.98646128e-01
    -6.78875625e-01 -4.67170805e-01 1.87610805e-01 -1.47245228e-01
    -1.46590233e-01 -6.32852793e-01 -1.45856738e-01 -1.56972706e-01
    2.44216919e-02 -4.14668977e-01 -6.79126620e-01 -2.78213173e-01
    -7.16204286e-01 -9.96353030e-02 5.55080175e-03 -3.17230165e-01
    -1.64930940e-01 5.57949543e-02 -1.82057619e-01 -5.82600832e-01
    -1.44528151e-01 -1.18949175e-01 5.92036247e-02 -3.30275774e-01
    8.94427299e-03 -3.28413665e-01 -2.82210886e-01 -2.80755520e-01
    -7.23506808e-02 -4.04208899e-03 1.20302379e-01 -4.64217365e-01
    8.59562755e-02 5.64140081e-03 -4.21788961e-01 1.76761329e-01
    -1.08001113e-01 1.03306293e-01 -3.43454599e-01 -8.47178698e-03
    -3.96908820e-01 -9.46279764e-02 -1.96561217e-01 -5.67117929e-01
    -4.15689081e-01 -3.11198890e-01 -4.68065828e-01 -4.56815064e-01
    -5.93151331e-01 -3.82242203e-01 1.44059122e-01 -2.49248207e-01
    4.10593748e-02 -2.08972692e-02 -1.62661731e-01 -3.49201888e-01
    -3.70462567e-01 3.92043591e-02 -6.67043269e-01 2.10748017e-01
    -6.57098532e-01 -2.88490653e-02 -9.57761407e-02 -2.85362661e-01
    -6.93842351e-01 -1.28066123e-01 -5.17782569e-01 -3.79464835e-01
    1.53342307e-01 -6.74373031e-01 -2.69161969e-01 -3.04993361e-01
    2.07840860e-01 -7.01240838e-01 -1.07745707e-01 -1.26637042e-01
    -5.13195992e-01 -3.78831029e-01 -2.42834806e-01 4.25853729e-02
    4.76961136e-02 -6.33471012e-01 1.74705088e-01 1.95622861e-01
    -3.82385284e-01 -2.52892256e-01 1.77148908e-01 1.60418600e-01
    1.54491693e-01 5.06523371e-01 4.54021096e-02 -4.01385725e-01
    -3.60375255e-01 3.72124612e-01 -4.27976429e-01 2.41242647e-01
    -4.50926721e-01 5.13535738e-03 -5.11450589e-01 -2.98133999e-01
    -2.34740257e-01 -3.86049300e-01 1.06035352e-01 -6.31355822e-01
    1.46217048e-01 -6.40375018e-01 -9.14027691e-02 1.68087542e-01
    -1.96416616e-01 1.52986526e-01 -4.06190753e-02 -3.03265870e-01
    -3.81850600e-02 -4.67966378e-01 2.19585359e-01 -4.83530879e-01
    -6.30212545e-01 -6.66373670e-01 4.66430783e-02 -5.74184060e-01
    -1.75608575e-01 8.89297724e-02 -7.20397353e-01 1.28653944e-01
    -1.08655453e-01 4.37632799e-02 5.14557362e-02 -3.76820326e-01
    -9.56100225e-03 -5.00887692e-01 -3.99498552e-01 -2.75816560e-01
    -1.29580438e-01 -1.04146183e-01 -3.45616937e-01 1.34559870e-01
    -4.12088275e-01 7.22691417e-02 -4.58427489e-01 -5.18978715e-01
    -6.88065886e-01 -5.75979710e-01 -2.50362992e-01 -1.05960071e-01
    -1.47814989e-01 -8.93956423e-02 5.80539107e-02 -2.85991549e-01
    -1.65845335e-01 -7.24370778e-01 1.38366163e-01 -2.52062678e-01
    -4.46328878e-01 1.05927527e-01 -6.68806672e-01 1.55453324e-01
    -6.68573380e-01 -6.07031584e-01 -2.75273681e-01 7.27049708e-02
    -6.89936221e-01 -5.77174544e-01 -3.28724563e-01 1.93673611e-01
    -6.41524911e-01 1.80703878e-01 -6.86545849e-01 -6.19781733e-01
    2.18295336e-01 -3.18920791e-01 -4.13160712e-01 -8.61854553e-02
    -4.32305574e-01 -4.74683821e-01 -1.20794296e-01 -3.68945479e-01
    -3.54872882e-01 -6.79438949e-01 -2.86084414e-02 -5.50036013e-01
    -4.93805408e-02 -3.59224558e-01 -2.57231951e-01 -6.92011952e-01
    -5.49647629e-01 -5.20719290e-01 2.48453498e-01 3.73809934e-02
    -6.99167132e-01 -5.74853301e-01 -5.43553591e-01 6.33402467e-02
    -3.55576932e-01 7.34054446e-02 -3.43891054e-01 -7.09894240e-01
    -7.52511978e-01 -1.25891507e-01 -3.86398196e-01 -4.80893135e-01
    -2.44791687e-01 -1.46507561e-01 1.49502814e-01 1.03045464e-01
    -5.25622725e-01 1.22714758e-01 -4.86357123e-01 8.33038688e-02
    -1.37251258e-01 3.74431014e-02 2.03142881e-01 7.39676356e-02
    -1.27971292e-01 -2.50102878e-02 -5.96909761e-01 -6.83533907e-01
    1.94728315e-01 2.05926418e-01 2.02460468e-01 -5.02339482e-01
    1.81754351e-01 2.05400944e-01 -3.83536965e-01 2.00079978e-01
    -4.58967149e-01 2.04788864e-01 1.91596389e-01 7.04129934e-02
    -1.88324809e-01 3.46008539e-02 -3.80007446e-01 -2.44145930e-01
    -3.66099805e-01 -3.53266001e-02 -3.93871844e-01 -1.31375253e-01
    -3.58414173e-01 -2.61453390e-01 -1.47268832e-01 2.52362370e-01
    -5.11108458e-01 -4.29407865e-01 2.17993140e-01 -2.87657559e-01
    -4.23331767e-01 -5.21773160e-01 -4.62557733e-01 -4.91346359e-01
    6.22107387e-02 -6.72160804e-01 4.49274778e-02 -5.60052276e-01
    -3.45256865e-01 -3.67248237e-01 -3.25996220e-01 -4.83192384e-01
    2.49811947e-01 2.54074156e-01 2.20354497e-01 -4.05255914e-01
    -3.77210975e-02 -6.40811980e-01 -6.94431067e-01 2.28232741e-02
    -4.86819327e-01 -2.69079745e-01 -6.26590729e-01 -6.85876012e-02
    1.60146415e-01 2.01287866e-02 -5.27672052e-01 -6.10946953e-01
    4.80453968e-02 2.45678425e-03 -2.31509924e-01 -5.26510477e-01
    -6.07256889e-01 -6.02080226e-01 -3.84578258e-01 2.24154592e-01
    -3.05817425e-01 -6.93410635e-03 2.14052558e-01 -5.95278502e-01
    2.78657079e-02 -4.01256859e-01 -7.99249291e-01 1.23435855e-01
    -3.44779700e-01 -2.41996646e-02 1.99932635e-01 1.74534321e-02
    -4.66668785e-01 -3.36632520e-01 -7.51989126e-01 -1.34226024e-01
    -6.31519556e-01 -5.24812460e-01 -4.37812150e-01 -5.09392202e-01
    4.16351557e-02 -2.56115139e-01 -6.60550952e-01 1.26596630e-01
    9.37911868e-02 -7.83616304e-03 -6.30528331e-02 -2.64056325e-02
    -7.58356214e-01 -9.86235142e-02 1.63271546e-01 -1.09468877e-01
    -7.45232701e-02 8.43408704e-02 -4.85062599e-02 8.20237398e-03
    -4.28751379e-01 -1.05944872e-02 -4.41413164e-01 -7.20894575e-01
    -1.76101625e-01 -6.47548199e-01 2.50869811e-01 -5.29600501e-01
    -2.19174683e-01 9.81381536e-02 -1.23639762e-01 -1.67130291e-01
    -2.09529340e-01 -3.46345484e-01 -3.34953308e-01 -4.95888144e-01
    -4.95902359e-01 -2.93504208e-01 1.40515924e-01 -2.74637759e-01
    -5.50756216e-01 -4.58743751e-01 -5.05828857e-03 2.38636136e-02
    1.50224328e-01 -3.94512594e-01 1.68240815e-01 -3.57854098e-01
    -2.81843334e-01 4.74477082e-01 -9.31505561e-02 -1.24046177e-01
    -8.01935196e-02 -8.23716521e-02 -2.04661578e-01 -3.80819321e-01
    -6.04579568e-01 -6.31224751e-01 -2.47070134e-01 -6.21836662e-01
    -3.14017534e-02 1.10318363e-01 -4.21453416e-01 -6.64418936e-02
    -2.76920795e-02 -6.78429842e-01 -5.81073940e-01 -3.58069330e-01
    -6.30386591e-01 -2.46143997e-01 -5.37167490e-01 -6.96285009e-01
    -4.49863970e-01 1.67798340e-01 4.75191474e-02 -3.99569273e-01
    -7.34812379e-01 -2.18857288e-01 -4.06349719e-01 -2.83576488e-01
    -5.39999604e-01 -8.87666345e-02 4.90856767e-02 2.37753689e-01
    -1.16337061e-01 -1.93399131e-01 -1.61054313e-01 -4.90828723e-01
    -7.29905665e-01 -5.25714040e-01 -7.22160339e-01 8.24965239e-02
    -1.02280736e-01 -7.24699855e-01 -7.42756188e-01 -4.01679993e-01
    -5.50529599e-01 -2.93875903e-01 1.95994616e-01 9.03320909e-02
    -5.12832999e-02 -3.91674399e-01 1.82018876e-02 -9.24404860e-02
    -6.14125371e-01 -1.51971579e-01 -1.97758079e-01 -7.90765882e-02
    -5.14762521e-01 2.75109410e-02 -4.27026749e-01 -4.67737734e-01
    -5.89558959e-01 1.37145281e-01 -4.15421844e-01 -1.31158829e-01
    -1.24272764e-01 -5.16734838e-01 1.02171898e-01 -5.97230613e-01
    -1.15275204e-01 -1.89567864e-01 -1.65695190e-01 -4.02015865e-01
    -5.60687542e-01 -3.25019121e-01 -2.67286301e-02 -3.94308567e-01
    1.62590504e-01 -6.13466501e-01 2.09773481e-01 1.94962800e-01
    -8.46216679e-02 -2.30739117e-02 -2.32047081e-01 -1.15655899e-01
    -6.53958857e-01 -5.53764820e-01 -6.92050457e-02 -3.67433339e-01
    -5.10067403e-01 -6.12627864e-02 -3.79800886e-01 -5.05333185e-01
    -2.64201403e-01 -4.48655427e-01 -2.08981931e-01 -5.72138071e-01
    -2.83696055e-02 9.66539383e-02 1.12090111e-02 -4.21864808e-01
    -2.15995789e-01 -6.19576812e-01 -6.43860936e-01 -4.01516259e-01
    9.49129462e-02 -1.15691841e-01 -5.68743706e-01 -3.60207051e-01
    -3.31646502e-01 -7.40084648e-02 1.48349464e-01 -3.04931849e-01
    -5.87423921e-01 -5.13780713e-02 1.05195105e-01 -4.69130397e-01
    -4.98737931e-01 -5.14474511e-01 -7.75001645e-02 -2.96787500e-01
    5.01242876e-02 -2.80434489e-02 2.34420776e-01 -3.99033904e-01
    1.99446797e-01 -1.09598875e-01 -4.33754385e-01 -3.11978579e-01
    -2.92824864e-01 -6.34663939e-01 -5.98802388e-01 -5.04306734e-01
    1.40966773e-02 -1.28372669e-01 1.22438312e-01 -2.02204883e-01
    -7.27034807e-01 -5.11489630e-01 -5.20504236e-01 -4.56530571e-01
    -5.13323069e-01 1.99204624e-01 -3.71876180e-01 -5.64927340e-01
    1.78018570e-01 -5.24977684e-01 -1.82424903e-01 1.16408408e-01
    -2.87252367e-01 -6.81442022e-01 -3.05619717e-01 1.92875326e-01
    -5.30637026e-01 7.36176372e-02 1.34276867e-01 -2.35046744e-02
    -2.73357332e-01 -5.30069470e-02 2.59451866e-02 -7.22796023e-01
    -7.09265471e-03 -3.56134236e-01 -5.58829308e-03 -6.87162757e-01
    -6.18386209e-01 7.98957348e-02 -3.24893564e-01 -3.91122282e-01
    -5.22657633e-01 -1.81553602e-01 1.02124989e-01 -4.33015168e-01
    3.20932865e-02 -4.51303363e-01 -1.68865263e-01 -5.57444692e-02
    -1.17361426e-01 -5.83891869e-01 2.40212202e-01 -7.09103107e-01
    -7.35577941e-01 -1.41534328e-01 -2.68451571e-02 7.55254626e-02
    -4.66355473e-01 -5.11551797e-01 -8.05599093e-02 -5.54978132e-01
    2.49067307e-01 4.31424379e-02 -2.58656383e-01 -2.71979868e-01
    -2.47948229e-01 -5.41963935e-01 -3.70213151e-01 -5.69916248e-01
    2.55084634e-02 -4.91908729e-01 1.03527248e-01 -4.32527065e-03
    -4.00328219e-01 -3.31955731e-01 -6.18616939e-02 -7.43299961e-01
    -9.18867588e-02 -6.02485359e-01 -5.95646262e-01 -6.07633352e-01
    -5.51149607e-01 -6.89554811e-02 -5.80488384e-01 -1.29214048e-01
    -1.85045302e-01 -2.14778423e-01 -2.35179901e-01 -2.49367476e-01
    -7.39621580e-01 -2.56570756e-01 -1.52282894e-01 -4.82439876e-01
    -6.61211371e-01 -1.10080898e-01 1.42164826e-01 2.65381396e-01
    -5.52365780e-01 -6.58604622e-01 1.13890409e-01 -2.44454563e-01
    -5.08294463e-01 -1.08056307e-01 -5.97765386e-01 -2.44296670e-01
    -4.14846122e-01 -1.14954114e-02 -5.50698459e-01 -6.94984436e-01
    -7.28345156e-01 -1.40332699e-01 -2.46135324e-01 1.40626550e-01
    -1.53733730e-01 -4.74817216e-01 -6.23334467e-01 -7.51793146e-01
    -6.38841033e-01 -6.56914234e-01 -3.17764491e-01 -9.13693607e-02
    -8.68936479e-02 -5.38978577e-02 1.57821089e-01 -2.00476676e-01
    -6.47526979e-02 9.44696963e-02 -3.90398055e-01 -3.16019177e-01
    4.12884712e-01 -2.95598716e-01 -3.16762924e-02 -2.74932802e-01
    -3.19842726e-01 1.52422011e-01 -6.43703222e-01 -4.51475799e-01
    -4.50834215e-01 1.84922397e-01 8.11709762e-02 -5.35387039e-01
    1.56891584e-01 -7.43840337e-02 -7.18435347e-01 4.20202613e-02
    2.59607434e-02 -1.96895719e-01 -5.75523734e-01 1.97542310e-01
    -6.62063718e-01 -1.83302999e-01 -6.64715171e-01 -5.79091728e-01
    -4.88163948e-01 1.34038448e-01 -6.10687137e-01 1.93038702e-01
    -5.65344512e-01 -1.05236709e-01 2.06289589e-01 2.44274080e-01
    -4.91638482e-01 -6.01867080e-01 -4.39269006e-01 1.66141987e-01
    2.43123710e-01 -3.87857735e-01 5.41528463e-02 -2.10400939e-01
    1.37858152e-01 -6.70971990e-01 -4.33081269e-01 -6.07589185e-01
    -3.37015986e-02 -7.25323796e-01 -2.95528769e-02 -6.20138288e-01
    -2.55806744e-01 -6.79922104e-03 -1.31686687e-01 -1.51636064e-01
    -4.10277992e-01 -4.69949901e-01 5.14575243e-02 -3.50538760e-01
    -5.05392671e-01 -2.45262146e-01 -6.55961156e-01 1.61876678e-02
    -5.06802559e-01 -3.82243723e-01 1.44407094e-01 1.66931927e-01
    -5.13384342e-02 -7.45243430e-02 -6.90894842e-01 -1.74527645e-01
    3.15049291e-02 -3.69406581e-01 -5.95470190e-01 -5.11710942e-01
    -7.08312333e-01 -3.67806375e-01 -4.43804622e-01 1.38308942e-01
    1.65378630e-01 1.55794680e-01 -5.89487791e-01 -9.65430737e-02
    3.96552682e-02 -1.11549497e-02 -4.15016681e-01 -4.38164771e-01
    -5.49840927e-01 -1.01356804e-01 -3.47300798e-01 -6.16881847e-01
    -2.27639288e-01 -5.39083540e-01 1.73109472e-01 -4.19572622e-01
    1.87161565e-02 -3.25617850e-01 -4.48035896e-01 -2.44237512e-01
    -4.50258106e-01 -4.98778731e-01 -1.74761415e-02 1.42587543e-01
    -3.69656980e-01 1.16233826e-02 -3.39654684e-01 -6.12081051e-01
    2.24761486e-01 -3.59213859e-01 -4.30746436e-01 -7.37561405e-01
    -1.09556377e-01 -5.18881559e-01 2.05046594e-01 -1.48173392e-01
    -5.61854124e-01 -6.04181588e-01 -1.07219994e-01 -2.82189220e-01
    1.18603110e-01 -3.99936527e-01 -1.12357438e-01 4.38063145e-02
    1.56124473e-01 -9.23718810e-02 -4.50144708e-01 2.79507041e-02
    -1.77397251e-01 7.94508457e-02 -4.22099799e-01 3.93711925e-02
    -5.16134202e-01 -5.02870619e-01 2.22346902e-01 -1.73699200e-01
    2.40258276e-01 2.12391734e-01 -5.27687788e-01 -7.00752258e-01
    -5.63585401e-01 -3.30788046e-01 -5.11242449e-01 -5.94917059e-01
    -6.88712716e-01 -2.36720145e-01 -6.60196066e-01 -5.21883368e-02
    -2.48046368e-01 -4.36520398e-01 -1.59639120e-01 -3.22876543e-01
    1.66967154e-01 -2.76572615e-01 -3.91872406e-01 -1.72413647e-01
    5.95195889e-02 -1.45005226e-01 -1.81191206e-01 -4.53158587e-01
    -2.51042575e-01 2.78055906e-01 2.70171165e-02 1.06276989e-01
    -7.11840391e-02 -6.89115763e-01 -3.35183412e-01 -4.97544825e-01
    -5.85632920e-01 -3.28869522e-01 2.19093144e-01 6.83733821e-02
    -2.64053047e-01 1.67935848e-01 -4.05814469e-01 -3.60409677e-01
    1.00952744e-01 -1.56604469e-01 -2.11474776e-01 -5.64526320e-01
    9.55305696e-02 8.65777731e-02 -6.39290631e-01 1.52150095e-01
    -1.68297291e-01 -5.33589721e-02 -1.98650360e-01 -1.88968360e-01
    -1.11057699e-01 -3.42054397e-01 -4.40639228e-01 -8.35932493e-02
    9.63115692e-02 -6.25923872e-01 1.45883560e-02 2.13734388e-01
    -4.16528404e-01 -2.14929163e-01 -2.14640379e-01 -4.41810220e-01
    -1.42351389e-02 1.17934644e-01 -3.64469469e-01 1.88068390e-01
    -6.20671809e-01 -3.70959550e-01 -1.13224268e-01 -3.41031283e-01
    -5.63375354e-01 -7.56600976e-01 2.06120968e-01 -6.29194438e-01
    -1.15511060e-01 -2.78338790e-01 1.89406216e-01 -4.38274264e-01
    -3.72283965e-01 3.80151868e-02 1.89449310e-01 -4.85454500e-01
    -5.54166794e-01 -2.99427539e-01 -7.15797663e-01 -6.78339422e-01
    2.36602724e-01 6.33956790e-02 -4.80275005e-01 8.11564326e-02
    -6.66463852e-01 -2.85696715e-01 -6.69598222e-01 -4.09096956e-01
    -6.32893622e-01 -5.69664955e-01 1.51153326e-01 -7.07103014e-01
    2.40466654e-01 2.45997906e-01 1.65478051e-01 -4.47165042e-01
    -2.26307869e-01 -6.44913554e-01 -3.51510227e-01 1.28745496e-01
    -3.54761869e-01 -7.33008265e-01 1.19435191e-02 -1.76622868e-02
    -5.76469243e-01 1.45441294e-03 -9.63138938e-02 3.75957131e-01
    -5.36090255e-01 -5.22612035e-02 2.73988068e-01 -1.89445406e-01
    4.21683460e-01 4.12749499e-01 4.05529708e-01 1.14551365e-01
    1.75467372e-01 2.60041118e-01 2.81859636e-01 -5.79559803e-01
    -6.13941669e-01 -4.33562398e-02 -3.47758412e-01 -3.52705061e-01
    -7.84284711e-01 -6.39207542e-01 -2.16122270e-01 1.27070487e-01
    -1.21151149e-01 -2.65921533e-01 -6.96218133e-01 9.05540586e-02
    1.41473651e-01 9.13546681e-02 -4.59016263e-01 -7.41993308e-01
    -4.95101213e-02 8.40854049e-02 1.25205040e-01 -5.15555441e-01
    -2.46002376e-01 -2.18364358e-01 -4.38072473e-01 2.33498752e-01
    1.11605704e-01 7.55993724e-02 -6.04152679e-01 -3.46972942e-02
    -4.86181229e-01 2.37473130e-01 -4.45261568e-01 -2.06034303e-01
    -4.02029216e-01 -2.90117711e-01 -6.91056252e-03 1.98374808e-01
    -5.56321740e-02 -2.66584814e-01 -6.86747432e-01 -3.75211239e-02
    -2.03671753e-01 -6.98488235e-01 -1.48338437e-01 4.78574634e-02
    1.40679359e-01 -3.10657382e-01 -5.97684264e-01 -7.45443106e-01
    1.66878939e-01 1.23358846e-01 -6.08561873e-01 -2.08894551e-01
    -4.38364059e-01 -5.56986451e-01 1.70909345e-01 9.41001177e-02
    -5.33302069e-01 -1.95197701e-01 -2.48607695e-01 -7.09840953e-01
    -5.50269723e-01 1.91714346e-01 -4.37492132e-03 -7.02996492e-01
    -1.33609772e-01 5.54031730e-02 -5.63681304e-01 1.19454682e-01
    -2.22692490e-02 -9.63977575e-02 -3.97874534e-01 -9.76958275e-02
    -3.19346100e-01 -4.58309680e-01 -5.75274706e-01 -2.76818275e-02
    -6.72247171e-01 -3.78683627e-01 2.33083963e-01 -6.47911549e-01
    -6.63302302e-01 -1.23754144e-02 -5.02038836e-01 3.02707970e-01
    -1.22000515e-01 -3.35344076e-01 9.68468189e-03 -4.21333909e-02
    4.49639559e-03 -1.33829772e-01 6.82117343e-02 -4.66669947e-01
    -5.89912355e-01 1.80272400e-01 1.17597044e-01 2.06994295e-01
    4.91430759e-02 -5.77244461e-01 -1.60882771e-01 -6.29314661e-01
    -2.29328394e-01 -5.70065975e-01 -7.10812688e-01 -5.11990428e-01
    -7.15542257e-01 3.27797532e-02 -1.88341022e-01 -2.41596460e-01
    -4.68946427e-01 -2.98942387e-01 -2.14670479e-01 2.14791119e-01
    -7.45388746e-01 -6.06868625e-01 1.14496589e-01 -5.15692949e-01
    -3.25291097e-01 -6.41171217e-01 -5.50509155e-01 -3.99417877e-01
    -3.21523011e-01 -1.51119113e-01 -7.48517752e-01 -1.19274795e-01
    -8.31524730e-02 -7.55980015e-01 -6.19789004e-01 -5.03195047e-01
    1.37014389e-01 -1.48987472e-01 -6.42797709e-01 -3.74428928e-01
    -5.36918759e-01 -3.43220413e-01 -3.22473913e-01 -2.02450275e-01
    8.05830359e-02 3.68821621e-03 -1.55373037e-01 -5.70897579e-01
    -2.41477728e-01 -2.21764863e-01 -1.32102251e-01 -6.65155828e-01
    -1.35577679e-01 2.35319257e-01 1.46174848e-01 -2.39987910e-01
    1.87947392e-01 -4.90794867e-01 -2.07866788e-01 -1.40995979e-01
    -2.01998055e-01 -3.94959271e-01 -3.16337824e-01 -6.46726966e-01
    1.79192722e-01 -5.46680927e-01 -3.79968047e-01 -4.45890516e-01
    -4.20828044e-01 -3.04078728e-01 -2.15657532e-01 2.32032835e-01
    -2.29680598e-01 -7.28001356e-01 1.35412693e-01 -7.07948685e-01
    -3.52229148e-01 -6.36708856e-01 1.33857191e-01 1.05588019e-01
    -2.49468803e-01 -1.28202200e-01 2.58945107e-01 2.14298964e-01
    -4.31425214e-01 -3.90557051e-01 -4.74143267e-01 -2.10633874e-02
    -3.84631366e-01 -6.73034191e-01 -5.05236387e-01 -6.83562636e-01
    -3.64167213e-01 -3.50862235e-01 -2.81315178e-01 -1.96003556e-01
    2.07169652e-01 -3.84067178e-01 -2.27826893e-01 -4.39829975e-01
    1.67884946e-01 -5.25355339e-04 -2.83764482e-01 -7.28087902e-01
    -4.67957854e-01 -2.30621755e-01 -7.45764613e-01 1.35036707e-01
    -6.40739977e-01 1.24778271e-01 -6.58746064e-01 -1.78593993e-01
    -4.30789530e-01 -3.97783965e-01 -7.41187930e-01 -4.71193969e-01
    -5.88537335e-01 -5.19335210e-01 6.99434280e-02 -5.64547539e-01
    9.07918215e-02 -4.23144162e-01 -4.34762657e-01 -4.98994976e-01
    8.23147893e-02 -5.37741661e-01 -7.18266845e-01 -7.96664953e-02
    8.24257135e-02 -7.11740673e-01 -1.22282922e-01 1.89244807e-01
    -6.13184690e-01 1.03707314e-01 1.53966129e-01 -7.12738395e-01
    2.27763057e-02 5.93733788e-02 -3.45052421e-01 -3.82347614e-01
    1.75175726e-01 -5.13233542e-01 -5.18866777e-01 -4.78712320e-02
    2.07616270e-01 2.49421120e-01 3.37512493e-02 -7.18146324e-01
    -4.18497145e-01 -5.48039556e-01 2.90500283e-01 2.89041698e-01
    2.90878415e-01 1.21789455e-01 -1.19194686e-02 2.98067600e-01
    -3.45151722e-02 1.35803521e-02 -3.92602086e-01 2.32589841e-02
    -2.99506962e-01 -2.42313147e-02 -3.78541052e-01 1.50880814e-02
    4.69370484e-02 -4.00943160e-02 1.31486714e-01 -5.80717325e-01
    9.29208398e-02 -2.20429063e-01 -6.60679936e-02 -1.88901722e-01
    -2.16882229e-01 -2.25997627e-01 -3.61191362e-01 1.67554617e-01
    -8.43274593e-02 -5.44426739e-01 -4.93596107e-01 -3.10333520e-01
    -6.51588738e-01 -5.58636427e-01 -6.01948500e-02 7.85538554e-02
    2.37867057e-01 -1.77019358e-01 -6.03103995e-01 8.97127390e-02
    -1.55998468e-02 -5.36903322e-01 1.94090426e-01 -5.57630181e-01
    -4.57133412e-01 -3.10148180e-01 -6.08519912e-02 -6.41578674e-01
    -6.62563622e-01 1.68073177e-01 -4.46118712e-01 -1.55409217e-01
    -2.73623347e-01 1.12613261e-01 8.80921483e-02 -6.07261658e-02
    1.20584667e-01 1.65905178e-01 6.20861650e-02 -1.42494917e-01
    -4.06118363e-01 1.19256020e-01 -2.21754313e-02 -3.90141129e-01
    -2.51034677e-01 3.83147001e-02 3.23824883e-02 -4.22738791e-02
    -3.47609788e-01 -7.75370479e-01 -3.32347542e-01 -7.59316921e-01
    -3.44063520e-01 -4.26743031e-02 -9.29086804e-02 3.81963253e-02
    1.30819798e-01 -8.65585208e-02 1.90383613e-01 -5.08392155e-01
    -3.15917969e-01 -2.24058986e-01 -2.35515177e-01 -1.07790470e-01
    -4.10314143e-01 1.97107792e-02 -4.58481133e-01 -2.79015183e-01
    -5.43733418e-01 6.57339096e-02 -4.16871935e-01 9.55974460e-02
    -1.81152165e-01 -4.15738046e-01 -2.62816995e-01 -2.68704027e-01
    -5.46387196e-01 -2.44036704e-01 -6.51793599e-01 -9.65534449e-02
    -3.10235113e-01 -1.98974609e-01 -2.28824764e-01 -5.23401737e-01
    -9.36016440e-02 1.49014890e-01 7.80492425e-02 -2.89756328e-01
    -3.79422903e-02 -1.42677307e-01 -6.55648351e-01 4.49246168e-02
    2.19724953e-01 5.05724549e-02 7.13689327e-02 -5.04886150e-01
    -1.37340128e-01 -5.85383534e-01 -4.28318977e-04 -9.27934647e-02
    -6.29410565e-01 -6.92873895e-01 -1.67594314e-01 -1.74658954e-01
    1.97715521e-01 -1.87990189e-01 -9.03578997e-02 1.76608920e-01
    1.74139082e-01 5.05281687e-02 -6.32321835e-03 -6.88084245e-01
    -3.05787951e-01 -6.53193116e-01 -1.02097213e-01 -6.09623313e-01
    -3.68772745e-02 -2.01768756e-01 -6.78807318e-01 -6.51923418e-01
    -3.05279493e-02 -5.61417758e-01 -6.82588816e-01 1.01737142e-01
    -1.11040890e-01 3.49444747e-02 -3.38157713e-01 -3.92468154e-01
    -5.31622291e-01 -3.33315670e-01 -2.32850909e-02 -4.41548824e-01
    -7.23602176e-01 -1.91905320e-01 1.43578053e-01 8.31435919e-02
    -4.13526058e-01 1.31309867e-01 -3.53990257e-01 -5.90101182e-01
    -5.88826060e-01 -6.06562734e-01 2.29190946e-01 7.03612566e-02
    -5.04680276e-01 -5.57014108e-01 -2.76184380e-01 -6.68597221e-02
    -3.43772978e-01 -1.75880551e-01 -5.22305608e-01 -3.25815350e-01
    1.30239606e-01 -7.12384462e-01 2.54924417e-01 -6.63370609e-01
    -7.36551642e-01 -2.98820466e-01 1.83415294e-01 -4.36137736e-01
    -5.99887013e-01 -6.89579964e-01 -6.16819620e-01 -2.05911517e-01
    -4.99941409e-01 -7.72601604e-01 -3.04457605e-01 -4.42636788e-01
    -7.74776936e-02 1.64710343e-01 -3.18610549e-01 1.81801260e-01
    -5.37737429e-01 1.84039116e-01 -5.55800736e-01 2.43688703e-01
    -7.17710733e-01 -7.10206509e-01 -2.28198171e-02 -6.88213348e-01
    5.43864369e-02 1.68746412e-01 -6.70950413e-01 -5.42253017e-01
    -6.78218305e-01 -5.91254115e-01 -4.71785814e-01 -2.45622218e-01
    -7.00050235e-01 1.20568752e-01 -5.27375579e-01 -6.06198311e-02
    -7.12173343e-01 -4.69729841e-01 -7.37372994e-01 -1.28757954e-01
    1.39344156e-01 -5.36148548e-01 1.76542103e-01 -2.06242025e-01
    -6.73634827e-01 -3.46235007e-01 3.90133262e-02 -2.33696103e-02
    8.01967382e-02 -5.74206233e-01 -7.25934565e-01 -6.12524390e-01
    2.00024843e-01 4.48056459e-02 -5.99235654e-01 -2.77151138e-01
    -4.12176847e-02 -3.27497333e-01 -7.55167007e-01 3.60653996e-02
    -6.64682269e-01 1.73104167e-01 -2.86541939e-01 -5.59568286e-01
    -6.62210703e-01 -6.02803290e-01 -6.50036335e-02 1.45686746e-01
    -5.24834752e-01 -4.73495722e-02 -5.13292730e-01 -1.80013478e-01
    -6.33601308e-01 -9.43495035e-02 -2.69198209e-01 -6.53351128e-01
    -5.06158233e-01 -1.52587354e-01 -1.59612894e-02 -7.14391947e-01
    -2.26687193e-02 1.73519373e-01 2.18704283e-01 -5.39027691e-01
    6.77855015e-02 1.80761218e-02 -3.07744473e-01 -8.77603889e-03
    5.93879223e-02 -3.57406706e-01 -1.95943773e-01 6.17641807e-02
    3.16028953e-01 2.17887402e-01 -4.51086134e-01 -6.05727375e-01
    -7.64973760e-01 -2.95433164e-01 -5.34334898e-01 -3.15898657e-01
    -1.33027673e-01 1.56544983e-01 -4.35471892e-01 1.32462442e-01
    1.13374829e-01 -4.74129826e-01 -2.71431565e-01 4.43796515e-02
    6.63550496e-02 -3.55470419e-01 -5.22063315e-01 -2.41003096e-01
    1.52967155e-01 -3.77072006e-01 -2.50115275e-01 -4.63253260e-03
    1.90222263e-02 -6.22194231e-01 -5.18029332e-01 1.50595188e-01
    -1.24849916e-01 -7.22301126e-01 -3.15570831e-02 -5.29346228e-01
    -1.71573937e-01 7.55738616e-02 -6.85844779e-01 -5.69584608e-01
    -2.44906664e-01 -5.52866697e-01 -1.18893564e-01 -6.55120134e-01
    -3.24995935e-01 -6.97439551e-01 2.06120789e-01 -7.19662547e-01
    -4.40632045e-01 -6.92828298e-01 -7.15273738e-01 1.51092589e-01
    1.88359559e-01 -1.87172949e-01 -1.08888328e-01 1.25988841e-01
    4.29141521e-03 -5.72748780e-02 -5.92291474e-01 -3.96021187e-01
    -1.72003746e-01 -1.40510440e-01 -3.93130779e-01 1.24292433e-01
    -4.05849457e-01 -5.12977779e-01 -5.01996636e-01 -2.54840374e-01
    -4.66000021e-01 -2.45082140e-01 -1.00285947e-01 -2.77651131e-01
    -4.57759291e-01 -2.59688914e-01 -1.31819248e-01 -3.29835445e-01
    -4.69099879e-01 -2.23349214e-01 1.92779899e-01 -3.74063760e-01
    2.63327360e-02 5.59870601e-02 -5.16269803e-01 -1.08155608e-02
    5.56946397e-02 -7.02016115e-01 -1.95125580e-01 -5.37860453e-01
    -5.18154502e-01 8.10293555e-02 -5.69955349e-01 -2.57299244e-01
    1.52661622e-01 -5.12004852e-01 -5.44474721e-01 -5.73944449e-01
    -6.26728654e-01 -4.69408214e-01 -5.57305813e-01 7.94777870e-02
    -4.21034217e-01 -3.88928831e-01 2.36711442e-01 -3.49472463e-01
    7.51714110e-02 -4.65995759e-01 -1.07762992e-01 1.31391168e-01
    -7.11589396e-01 -4.89748627e-01 -3.61915827e-01 -1.89853549e-01
    -8.40895772e-02 2.04466403e-01 1.83441818e-01 -2.74637341e-02
    -1.41130149e-01 -4.91281509e-01 -7.64157295e-01 -2.52200484e-01
    -2.47225225e-01 -7.06367135e-01 -4.51760888e-02 -2.99390674e-01
    -2.84027994e-01 -2.00743437e-01 -6.11455500e-01 1.09109461e-01
    -2.76003301e-01 -5.88028312e-01 8.01105499e-02 -3.24787498e-02
    -7.45086670e-02 -3.93122971e-01 -3.17615777e-01 -1.55895948e-01
    3.54546905e-02 1.99551940e-01 1.96876764e-01 8.00779462e-02
    9.86265540e-02 2.85850763e-02 -3.35230470e-01 -6.71641469e-01
    -7.41580665e-01 -2.67293483e-01 -6.35530651e-01 -3.51614118e-01
    -5.74536204e-01 -5.23503721e-01 -2.39138156e-01 -4.63101625e-01
    1.83912218e-01 7.49894381e-02 -4.59189981e-01 -1.10799730e-01
    2.71807313e-02 -3.90861511e-01 8.17670822e-02 1.72409236e-01
    -1.80959105e-01 -4.70274717e-01 -3.98537755e-01 1.08217776e-01
    -6.82490468e-01 -1.05562806e-01 -2.88664341e-01 -2.04147637e-01
    -6.47029281e-01 2.70989895e-01 5.30458093e-02 -5.90552270e-01
    1.00315869e-01 -7.21884966e-01 -2.12055802e-01 8.85549784e-02
    -1.07797027e-01 -8.10037851e-02 -3.11714411e-03 -5.00336170e-01
    -1.24161839e-02 -2.59321660e-01 -1.56101644e-01 -2.66732812e-01
    1.14930272e-02 1.58760786e-01 -6.09755278e-01 2.16304481e-01
    -6.44066930e-01 -6.00766778e-01 -2.86788940e-01 -6.91456676e-01
    -1.41341329e-01 -5.45403838e-01 6.47077560e-02 -1.35115266e-01
    -2.40694463e-01 -1.69392228e-01 1.33925080e-01 -7.47993112e-01
    -4.09339488e-01 -3.49164128e-01 -2.58814812e-01 4.50510383e-02
    -8.19099545e-02 -5.89277267e-01 -3.62692863e-01 1.08853102e-01
    -1.84225261e-01 -4.89354432e-01 1.01334512e-01 -4.44176078e-01
    -6.82067454e-01 -5.44327736e-01 -3.45361382e-01 3.96615863e-02
    -2.44789481e-01 -1.48180902e-01 1.97444499e-01 2.09697664e-01
    1.35757267e-01 -2.65485704e-01 -4.17297125e-01 -3.37622166e-02
    -6.50070190e-01 2.33585536e-01 -4.35798168e-02 -7.20550358e-01
    -3.39229643e-01 -5.79696655e-01 9.17558074e-02 -1.71874762e-02
    -5.40595472e-01 2.56826758e-01 -3.28888655e-01 -6.79902375e-01
    6.43312335e-02 -7.16091275e-01 1.84628487e-01 1.70964301e-01
    -8.93989801e-02 -4.32755947e-01 -2.18707085e-01 1.28836215e-01
    -1.69837296e-01 -3.68669033e-01 -6.02346718e-01 2.25983024e-01
    2.35406339e-01 -3.43843669e-01 1.29149437e-01 1.50983214e-01
    -4.00871128e-01 9.55309868e-02 -1.11300796e-01 1.50632590e-01
    -3.88100445e-02 3.50471348e-01 -3.02959204e-01 -3.91641855e-01
    -5.65975904e-02 2.15347886e-01 -4.57329988e-01 -4.07645762e-01
    -3.53195906e-01 -7.14924932e-02 -4.64967489e-02 -2.48756766e-01
    -4.30708230e-01 5.25369644e-02 -5.64616501e-01 5.92518449e-02
    -3.21140826e-01 -3.51665646e-01 -3.79519910e-01 -3.29432607e-01
    1.78237140e-01 -4.00413871e-02 -7.39085555e-01 5.33989668e-02
    -6.55033827e-01 -6.54767513e-01 1.76006019e-01 -2.72300839e-02
    -5.24053216e-01 -7.09381282e-01 -3.94552946e-01 -1.80842817e-01
    1.62560165e-01 3.20510268e-02 -7.46540308e-01 -7.52675056e-01
    -5.85199714e-01 -1.66201591e-01 -5.70345521e-02 -1.92795634e-01
    -2.19374955e-01 -2.33625889e-01 7.94892311e-02 -2.15510309e-01
    -5.49178600e-01 -1.82114363e-01 -5.01717806e-01 -5.71358681e-01
    -3.98301750e-01 -1.57604158e-01 -4.65360582e-01 2.10612714e-01
    2.04171419e-01 6.86734915e-02 4.34805155e-02 -4.82157409e-01
    -6.59544945e-01 -8.18185806e-02 -4.81787503e-01 1.03291452e-01
    -6.69029772e-01 -1.04048133e-01 -5.18188775e-01 -7.15988517e-01
    -3.15820813e-01 1.99436247e-01 -7.16416359e-01 -1.85469925e-01
    -3.50682020e-01 -5.98901033e-01 9.75543261e-03 -4.80565429e-02
    1.83837950e-01 -1.57407045e-01 -1.17261946e-01 7.62664676e-02
    -3.91194820e-02 4.13525105e-02 -3.82399321e-01 -5.41214466e-01
    -2.72015780e-01 -1.60293579e-02 -4.21805859e-01 -7.26689577e-01
    -6.32862687e-01 -5.13645411e-01 5.62102199e-02 -6.58788681e-01
    -5.84164262e-01 -6.92852139e-02 2.42912948e-01 1.03786349e-01
    -4.78567392e-01 -6.69991374e-01 1.71809793e-02 -1.14175856e-01
    -3.92528325e-01 -1.35404348e-01 -1.89877391e-01 -6.34059310e-01
    -2.23084688e-01 1.81168735e-01 -6.80153370e-02 1.47603810e-01
    -2.79137433e-01 -1.39100552e-01 -1.42441690e-01 -7.42602587e-01
    -3.47224742e-01 -6.46074593e-01 3.64754796e-02 -6.15048409e-02
    -7.36683488e-01 3.16534638e-02 -7.31123924e-01 -5.48061132e-01
    -6.30116343e-01 -5.53163528e-01 -4.73731220e-01 -6.17095947e-01
    -4.32973325e-01 5.06011248e-02 3.63086462e-02 -4.08178180e-01
    -3.28476161e-01 -1.43978655e-01 -5.58835745e-01 9.22507644e-02
    -5.01712263e-01 1.57446206e-01 1.18095517e-01 -3.96390706e-01
    -1.14277601e-02 -9.48594809e-02 1.03622913e-01 -6.60988092e-01
    -6.75496459e-02 -1.70684934e-01 -2.43458390e-01 -4.04776812e-01
    -4.55764294e-01 -2.96467543e-02 -4.73728180e-02 -6.05796814e-01
    -5.09062886e-01 -7.57421494e-01 -6.05095625e-01 -1.05168104e-01
    -1.56568289e-02 -4.07256395e-01 -2.67557502e-01 -6.42886281e-01
    -2.83749819e-01 1.47243619e-01 -6.32289767e-01 -1.06158435e-01
    -4.79026139e-01 -2.71677345e-01 -6.37485743e-01 -3.32911730e-01
    -7.55493641e-02 -1.14531338e-01 -6.30705237e-01 -1.77189827e-01
    -6.66015983e-01 1.04501188e-01 -4.77328092e-01 -1.27446175e-01
    -7.29533613e-01 -3.75995666e-01 6.37940764e-02 -5.23294091e-01
    -9.34505463e-03 -4.13221985e-01 1.88447237e-01 -2.03771114e-01
    1.95933998e-01 8.12949538e-02 -2.67742932e-01 -5.42040944e-01
    -3.45670134e-01 -3.62399399e-01 -2.82955855e-01 -4.53630447e-01
    -5.32539725e-01 -6.88835204e-01 7.61322975e-02 -4.18168426e-01
    1.27199531e-01 -4.06979024e-01 1.17012501e-01 -3.17513168e-01
    -2.16416717e-01 -5.81271768e-01 -6.07689142e-01 8.54033232e-03
    8.33976269e-02 -3.52823138e-01 -7.13301659e-01 -6.93359017e-01
    -1.76151812e-01 9.90024209e-02 -5.74813008e-01 -9.56242085e-02
    -5.41981697e-01 1.33657634e-01 -7.05448031e-01 -4.21039194e-01
    5.22100329e-02 -7.12033868e-01 9.06523466e-02 -4.78959739e-01
    1.95797503e-01 -5.54035425e-01 2.51562238e-01 -8.01210403e-02
    -4.55439746e-01 -5.02975523e-01 -4.10607368e-01 -1.97169125e-01
    -1.77767992e-01 -4.35389221e-01 1.88010454e-01 -1.86440349e-01
    2.32050896e-01 -4.28569019e-01 -6.11307383e-01 -3.22230458e-01
    -7.16066360e-03 -2.24997818e-01 -1.94361389e-01 -3.55636775e-01
    -1.74164772e-01 -3.74808133e-01 2.06646085e-01 -2.54414469e-01
    -4.21730876e-02 -3.94580692e-01 7.36429691e-02 2.39601910e-01
    -6.94018006e-01 -7.41020918e-01 -6.38932347e-01 -2.51334161e-01
    -3.91751826e-01 1.40831351e-01 -2.22236395e-01 -2.17079759e-01
    2.99927473e-01 -4.27903801e-01 -2.92988896e-01 4.26948667e-01
    4.30059075e-01 -2.19776928e-02 2.09375769e-01 -1.05043441e-01
    2.76392937e-01 2.83005148e-01 -2.72803217e-01 -3.09069335e-01
    -5.63089967e-01 -4.20753598e-01 -5.95480204e-02 -4.65817988e-01
    -4.96919245e-01 -2.18077779e-01 -1.05596185e-02 1.93236053e-01
    1.40648663e-01 -6.28401756e-01 -1.30510032e-01 -5.42686582e-01
    1.86813474e-01 6.92998171e-02 1.55610442e-02 -1.35890484e-01
    4.06324863e-03 -2.69275367e-01 1.70052350e-01 -4.56601739e-01
    -6.68200254e-01 -4.14900720e-01 -3.78588438e-02 1.35394633e-01
    2.32886732e-01 -3.53639245e-01 -6.10131562e-01 -6.79777145e-01
    -6.17393792e-01 -7.29717135e-01 5.47421575e-02 -5.08649528e-01
    -1.93910062e-01 -7.15612531e-01 -2.26007879e-01 -7.28517413e-01
    -2.02729940e-01 -5.59467077e-02 2.22902834e-01 -5.35917997e-01
    8.04023147e-02 -6.85561299e-01 -2.82200575e-01 -7.84179747e-01
    -3.31127465e-01 -6.38666689e-01 -4.78852391e-01 -4.01461184e-01
    1.17865443e-01 1.15681708e-01 -1.99540019e-01 7.63704777e-02
    -9.77070928e-02 2.13159502e-01 -2.50114083e-01 1.59181356e-02
    -6.77561224e-01 -7.35551119e-01 -5.70419669e-01 -4.19278026e-01
    -5.55692554e-01 -5.48129618e-01 -3.42967391e-01 -4.03094649e-01
    -2.94217646e-01 1.17437303e-01 -3.87928993e-01 -1.15715265e-01
    5.30585647e-02 -6.47083402e-01 -1.50234997e-01 2.57347822e-02
    7.36039281e-02 1.34313107e-02 -3.55894983e-01 -1.73431575e-01
    -1.91133499e-01 -1.70956492e-01 -9.36069489e-02 -7.31001735e-01
    -6.03713989e-01 1.03124559e-01 -5.88273525e-01 -6.75944686e-01
    -3.76100063e-01 -3.96353066e-01 -3.25403214e-01 -9.16208625e-02
    -5.33504486e-01 1.00469589e-03 -3.78909111e-02 8.18723440e-02
    2.24155188e-02 -7.24980831e-01 -1.97016537e-01 -6.15010023e-01
    2.61881351e-02 -5.42599678e-01 2.25268066e-01 7.07489848e-02
    -4.90397662e-01 1.68492377e-01 2.35468149e-01 1.77913129e-01
    -2.19205379e-01 -6.53119445e-01 -6.05180740e-01 -6.41790628e-01
    4.87622023e-02 -1.69204533e-01 -7.52376080e-01 5.16567826e-02
    6.30208254e-02 -4.51380789e-01 -4.42248642e-01 -1.01827979e-02
    -8.05752277e-02 -2.60785818e-01 -7.00966477e-01 -2.04640090e-01
    -3.96062404e-01 -2.12901711e-01 -2.15007663e-02 -7.74221599e-01
    -4.81124759e-01 -9.82284546e-03 -1.72662914e-01 -5.04134834e-01
    -5.15382290e-02 -1.22394562e-02 -1.39336407e-01 -3.44023764e-01
    -1.15837336e-01 1.63917542e-01 -6.21225238e-01 -1.66789234e-01
    -5.19455731e-01 -3.48173320e-01 -5.60561419e-02 2.10949779e-01
    2.76254416e-02 3.99551392e-02 -1.83790565e-01 -5.98211169e-01
    1.60001814e-01 -8.34946632e-02 -5.27459443e-01 -2.88300395e-01
    -4.98047441e-01 -2.94197202e-02 -6.88139737e-01 -2.87161112e-01
    1.17335558e-01 -3.69173586e-01 4.52147722e-02 -2.33071685e-01
    1.60273075e-01 5.36143780e-02 -5.04963994e-01 -2.03771651e-01
    -4.87913817e-01 2.48589516e-02 -3.99614394e-01 -1.17100835e-01
    -7.38909543e-01 1.25962853e-01 2.36146986e-01 -2.67427355e-01
    3.01192999e-02 1.27129018e-01 -1.31866932e-02 2.04969525e-01
    -7.09760308e-01 -4.55938876e-01 -3.98139358e-02 -5.88167012e-01
    -3.77928734e-01 -4.59926277e-01 -5.08898139e-01 6.05670810e-02
    -5.51181376e-01 -2.96577632e-01 -7.19954371e-01 1.45662606e-01
    -7.21164465e-01 -2.96247452e-01 8.83756280e-02 2.38530040e-02
    -3.25118780e-01 -6.19940519e-01 -1.72985613e-01 -2.06026852e-01
    2.02454805e-01 -7.51859784e-01 -6.36103868e-01 2.30499327e-01
    2.16535270e-01 -3.50806773e-01 3.27501893e-02 -1.69894338e-01
    -4.07696307e-01 -3.06603312e-01 -2.94406176e-01 -5.79972982e-01
    -7.11953580e-01 -5.62672734e-01 -8.56387615e-03 1.02446079e-01
    -2.44538844e-01 9.65082049e-02 -3.75653505e-01 -1.49830401e-01
    8.43816400e-02 -8.17021132e-02 -5.55963993e-01 -2.61920214e-01
    -4.38781679e-01 -2.83339202e-01 -7.13364959e-01 1.91056550e-01
    -4.56970990e-01 1.50505066e-01 -9.36561823e-02 -3.69255751e-01
    3.02526355e-02 4.24158573e-03 -3.42197984e-01 -7.23028600e-01
    -7.22503781e-01 2.04904795e-01 3.38973999e-02 3.18926573e-03
    4.31204438e-02 -2.98246801e-01 7.66598582e-02 -2.87367254e-01
    -1.00757778e-01 -1.93297684e-01 -1.90736771e-01 -6.28531694e-01
    1.60033166e-01 -2.59577304e-01 -4.67916042e-01 -4.08882499e-02
    3.01891685e-01 -6.05417490e-02 2.61883676e-01 -4.20126706e-01
    3.84883881e-02 7.87875354e-02 1.83507174e-01 6.08402193e-02
    3.39447647e-01 -3.55575532e-01 7.45098889e-02 2.33849287e-02
    -2.75515378e-01 -3.89024585e-01 2.62029290e-01 -3.20450723e-01
    -3.14900309e-01 1.95754349e-01 -7.66128302e-01 1.95994973e-02
    -2.74046004e-01 7.72976875e-03 -4.29237634e-01 -3.42979521e-01
    -7.21269727e-01 -7.61480212e-01 -1.57676935e-02 -2.98428297e-01
    -6.69286311e-01 9.20429230e-02 1.99523509e-01 -2.25001156e-01
    -4.69740212e-01 -4.83782113e-01 -1.43543661e-01 -7.58223653e-01
    1.16124809e-01 -3.91322494e-01 -6.16793752e-01 -3.39297473e-01
    -1.53874397e-01 -4.64750677e-01 -5.89910626e-01 -4.84530121e-01
    -2.87325323e-01 7.57403374e-02 -6.78527772e-01 -6.76079631e-01
    -1.19666815e-01 -4.25668716e-01 -2.50814915e-01 3.56569290e-02
    -5.65963984e-01 -4.38176304e-01 -6.83823228e-01 -5.42760491e-02
    -5.06903172e-01 -3.60254377e-01 1.52648687e-01 -7.92216659e-01
    -7.82133698e-01 -6.72477484e-03 -5.20440042e-01 -3.99221063e-01
    -2.38810897e-01 -2.54742742e-01 -2.19011307e-03 4.16536331e-02
    -4.62052345e-01 -6.23666644e-02 -4.58210319e-01 -7.63811886e-01
    -2.90570259e-02 -5.05146384e-02 -3.84431511e-01 -6.05875611e-01
    2.35206723e-01 -6.94923639e-01 1.24128819e-01 3.55510116e-02
    -1.24300063e-01 -5.25112867e-01 -5.52803755e-01 1.40790522e-01
    -4.38117832e-01 -4.46128249e-02 -3.37764084e-01 -5.19268930e-01
    -6.14854753e-01 -1.13793373e-01 -7.28337884e-01 -2.26158023e-01
    -4.06279385e-01 7.83600807e-02 -1.89758301e-01 4.11619544e-02
    1.95011377e-01 -2.55602896e-01 1.47639334e-01 -4.48837578e-01
    -3.06929469e-01 -4.48474228e-01 -4.84443873e-01 -4.81438458e-01
    1.77920043e-01 7.33250380e-03 -3.88558626e-01 -2.90809423e-01
    -1.73927426e-01 -2.53759027e-02 2.02610195e-01 -1.18791342e-01
    -3.22706848e-01 2.10714936e-01 -7.16376424e-01 -6.59102201e-03
    -7.03757465e-01 -7.06395447e-01 1.86722994e-01 3.97691727e-02
    1.33434951e-01 -5.16999066e-01 -3.75381589e-01 -1.53096676e-01
    -1.85658395e-01 1.30553007e-01 -4.04392362e-01 8.15139413e-02
    -3.36067110e-01 -5.74562073e-01 -7.51237452e-01 1.27039611e-01
    -1.79306269e-02 -5.05779982e-02 1.52820468e-01 -6.93623185e-01
    -7.73117840e-01 -5.43206453e-01 -2.32689857e-01 -6.12015963e-01
    -6.98557496e-02 -1.56755269e-01 7.63416290e-04 -6.18053436e-01
    1.06496036e-01 -6.15045190e-01 -7.51641273e-01 1.68861151e-02
    2.09649742e-01 -3.13948572e-01 -7.56403208e-01 -4.96004105e-01
    -6.66247129e-01 -5.95918000e-01 -3.11779201e-01 -2.61127621e-01
    -6.18875027e-01 -5.76868057e-02 -5.56122661e-02 -5.33016264e-01
    -1.44591987e-01 -1.70879364e-01 -3.18071842e-02 -2.35319138e-02
    -8.80032778e-02 -5.35696924e-01 -7.00501084e-01 -1.99329793e-01
    2.14319050e-01 1.57220364e-02 2.55581856e-01 -1.48097098e-01
    -5.54911494e-02 -1.68103933e-01 -3.78204703e-01 2.49159098e-01
    -6.02427244e-01 -2.84771085e-01 -4.60817903e-01 2.26346016e-01
    -1.95548832e-01 -1.06241345e-01 -6.26003385e-01 -5.92041612e-02
    1.88411534e-01 -4.77177054e-01 6.95855021e-02 -2.69251853e-01
    -5.49625278e-01 -1.01797819e-01 -2.03829467e-01 -6.37694359e-01
    -6.01678193e-01 2.00591564e-01 -7.00240850e-01 -5.58149815e-01
    -5.11164069e-02 -2.79320210e-01 -2.95488238e-02 2.64494836e-01
    -1.86300218e-01 -2.74317652e-01 -1.47577703e-01 -7.50526726e-01
    -4.51395690e-01 -1.38513446e-01 -4.19588149e-01 -3.26276004e-01
    -4.51858521e-01 -5.99089622e-01 -3.82171154e-01 1.29438758e-01
    1.81328714e-01 -7.18151331e-01 -3.07031363e-01 1.62731647e-01
    2.49270439e-01 1.93861961e-01 -6.53213263e-03 -2.33295083e-01
    -6.56767130e-01 2.37085640e-01 6.61832094e-02 -4.94121522e-01
    -2.01784968e-02 -2.18892574e-01 1.36000395e-01 1.87566757e-01
    -5.80899715e-01 -5.58013678e-01 -2.70831972e-01 -4.87005442e-01
    -2.10054994e-01 -5.94092429e-01 -7.39799976e-01 -5.77649236e-01
    -4.16667998e-01 -1.74510539e-01 -2.89386690e-01 -7.01627135e-02
    -2.41022170e-01 1.90115690e-01 6.59135580e-02 -5.22204280e-01
    -2.80687273e-01 -2.88414955e-01 1.16554677e-01 -1.74915016e-01
    1.92412496e-01 -3.27484161e-01 -2.04198182e-01 -7.04033017e-01
    -5.31949639e-01 -6.37835264e-01 -4.79694963e-01 -9.36619043e-02
    1.17865264e-01 -4.34062332e-01 -4.41409945e-01 -1.05553389e-01
    4.57056284e-01 3.38444442e-01 -2.22612768e-01 5.07663727e-01
    -1.53063565e-01 4.11275089e-01 3.24492037e-01 -4.26592320e-01
    -4.13539410e-02 3.53374660e-01 1.46803916e-01 -1.09443247e-01
    -7.31392384e-01 1.06461108e-01 2.49749422e-02 1.59484148e-01
    -4.64746714e-01 1.49738431e-01 1.85738742e-01 -1.03639722e-01
    -2.55195200e-01 1.76913440e-01 -4.84847426e-02 -1.74591482e-01
    -6.58473372e-01 1.14152730e-01 -6.10535145e-01 -1.54417813e-01
    7.72593617e-02 -1.03696227e-01 -4.34369117e-01 -4.64564323e-01
    -1.49219990e-01 -5.27215421e-01 -3.55065107e-01 1.44258142e-01
    -6.70593023e-01 -7.34905958e-01 1.67421103e-01 2.41856396e-01
    1.04739487e-01 -6.51601851e-01 -4.13424253e-01 8.77573490e-02
    -5.53452432e-01 -4.42069590e-01 -4.66129571e-01 1.79425538e-01
    -6.82377577e-01 -4.32596982e-01 -7.23810911e-01 -5.48084617e-01
    1.09791517e-01 -7.98016787e-01 -7.71760702e-01 -3.53306830e-01
    6.00445271e-02 -6.62351251e-02 -3.47245336e-02 -6.49353266e-01
    -1.92209721e-01 -1.90440714e-01 -5.15794754e-03 -7.29175210e-01
    -4.65676963e-01 9.02707577e-02 -2.01405466e-01 -2.07116067e-01
    -6.89964056e-01 -2.22569764e-01 -5.46111763e-01 -3.43513221e-01
    -1.87861264e-01 -3.85538489e-01 7.84403682e-02 -2.95921117e-01
    5.85311651e-02 -5.24678230e-01 -7.40343451e-01 -1.22357786e-01
    1.60556853e-01 -1.15462482e-01 -7.45793819e-01 8.88558626e-02
    -2.92281002e-01 -5.97186327e-01 -1.60583138e-01 -6.50508404e-02
    1.50213242e-02 -3.92530084e-01 -2.39009529e-01 -3.48865151e-01
    -3.66286576e-01 -3.60098898e-01 1.20308459e-01 -6.63198113e-01
    -1.03622735e-01 -7.00872660e-01 -4.25559282e-01 -6.72673345e-01
    -6.99460506e-04 -2.07404375e-01 1.85459554e-01 -2.90599048e-01
    -3.51083428e-01 -7.24582076e-01 -1.37374997e-02 -4.29702401e-01
    -6.84285402e-01 -2.69226313e-01 -3.60386372e-02 1.64315403e-01
    -9.87545252e-02 -6.12080753e-01 -5.10020256e-02 -3.42535794e-01
    -5.17769694e-01 -5.67304254e-01 -4.60930139e-01 -2.25195348e-01
    2.04479694e-01 2.16532052e-01 -4.19189125e-01 -4.33330923e-01
    -7.43484855e-01 -2.39956439e-01 -1.81219816e-01 -6.81810260e-01
    -1.77852690e-01 -8.01866055e-02 -4.55932200e-01 -6.42428398e-01
    -5.86610615e-01 -4.25407529e-01 -3.38286161e-01 3.92475128e-02
    -3.70876521e-01 -2.42496490e-01 -5.50773621e-01 2.33515739e-01
    -4.47110116e-01 8.99690390e-03 1.58158958e-01 -2.49753714e-01
    -4.82431352e-01 -3.91478419e-01 -5.83761811e-01 -4.53998476e-01
    -3.82004738e-01 -3.14583361e-01 1.41064763e-01 1.60345495e-01
    2.26804256e-01 -5.02866685e-01 -8.97967815e-03 -3.39449227e-01
    -3.73273283e-01 -4.00515616e-01 -5.99475980e-01 -4.02669549e-01
    -3.19051027e-01 -6.34871721e-01 -4.49125171e-01 8.51694942e-02
    -1.50075138e-01 -3.74106109e-01 -2.41699666e-01 -4.19604957e-01
    2.15153337e-01 2.00452209e-01 -4.76031363e-01 -3.81564677e-01
    -3.71933460e-01 -1.87614262e-01 -7.18335271e-01 1.03600264e-01
    -3.33175063e-02 -2.99599558e-01 -1.26717091e-02 4.23211455e-02
    1.83193862e-01 -7.30986536e-01 -7.24774599e-02 -1.00632191e-01
    -6.15306139e-01 -6.16752207e-01 -1.21017873e-01 1.36679411e-02
    -1.64580107e-01 -4.48887348e-02 -6.74588680e-01 1.73781395e-01
    -1.70385540e-01 1.30305588e-01 -1.14394426e-01 -6.90731823e-01
    -3.01463693e-01 -5.03791273e-01 1.07221961e-01 -1.14438415e-01
    -6.10735416e-01 -5.31885326e-01 -2.36765683e-01 -6.70482278e-01
    6.45139813e-02 -4.41280931e-01 1.73016727e-01 2.04385817e-01
    -5.31360149e-01 -3.29921305e-01 1.17838085e-01 1.24770701e-01
    -2.97501862e-01 -3.59585643e-01 -6.57918632e-01 7.74739385e-02
    -3.35760951e-01 1.22313261e-01 -8.84479880e-02 -4.48321283e-01
    -6.39452517e-01 -6.04497552e-01 -2.55829185e-01 -4.32944506e-01
    -6.38642967e-01 -1.78329945e-02 1.13690674e-01 -6.09039783e-01
    -6.38859391e-01 -2.85344929e-01 -3.39132816e-01 -1.47898853e-01
    -5.48633695e-01 -5.69178820e-01 1.92077935e-01 -5.70447087e-01
    5.26471734e-02 -1.28773987e-01 -5.92293978e-01 -3.12752604e-01
    -2.16066778e-01 -5.35347223e-01 -5.82292318e-01 -3.21355224e-01
    -2.21620858e-01 -6.50612295e-01 3.27315927e-02 -6.87443614e-01
    -5.37307978e-01 -5.36293089e-01 -1.60472870e-01 2.63401628e-01
    -2.77051210e-01 3.01225066e-01 -5.39678276e-01 -4.24373448e-01
    3.94585907e-01 -9.45321023e-02 5.09584904e-01 -5.59228063e-02
    2.20155209e-01 -4.22272712e-01 8.00463557e-03 -5.24716496e-01
    4.92739081e-02 3.57388973e-01 -1.34858608e-01 -2.01373994e-01
    1.35155320e-02 -1.55257404e-01 -1.83807790e-01 -1.79720104e-01
    -7.96160460e-01 1.15445852e-02 -6.69383526e-01 -2.79895067e-01
    -2.47433245e-01 -7.21741021e-01 -5.52191854e-01 -7.51571655e-02
    -7.53759682e-01 -2.23098814e-01 -5.31908989e-01 -7.34010160e-01
    -4.06933606e-01 8.29316974e-02 -1.11868620e-01 1.07465208e-01
    -5.51541865e-01 -2.23208427e-01 -5.14371097e-01 -5.63527346e-02
    -1.16208613e-01 8.91434550e-02 -3.22540671e-01 -1.15769029e-01
    -6.49505377e-01 -2.21059740e-01 -5.62581301e-01 8.56822729e-02
    -3.56111526e-02 5.22453189e-02 -7.28414536e-01 -5.01997769e-01
    -2.96113491e-02 -6.43945456e-01 -7.12564111e-01 3.78781557e-03
    -1.51328027e-01 -6.30930781e-01 -2.69704759e-01 -6.68553710e-02
    -6.10059023e-01 8.97590518e-02 -2.97675669e-01 7.62826800e-02
    -7.93236434e-01 -2.28765011e-02 -7.44821668e-01 -6.38339341e-01
    -3.25228870e-01 1.35209799e-01 -6.95961714e-03 -1.60319626e-01
    4.51971292e-02 -2.34062672e-02 -6.44632936e-01 -1.04589283e-01
    -5.55324197e-01 1.33051515e-01 -1.91299498e-01 -2.69831717e-01
    -1.07904732e-01 -2.61303008e-01 -7.37893343e-01 -3.23793739e-01
    1.94547653e-01 7.74307847e-02 -6.71937585e-01 -6.70717359e-01
    1.55375600e-02 -3.83049846e-02 -1.95929468e-01 1.47727549e-01
    5.87784648e-02 1.50200486e-01 -2.77775019e-01 5.89446425e-02
    -7.35511422e-01 -4.26629663e-01 -7.07118869e-01 7.18098879e-03
    -5.32119870e-01 -3.77526760e-01 -3.99932981e-01 9.63947177e-02
    4.92089391e-02 -1.76249921e-01 -4.98923123e-01 -7.36783147e-01
    -6.03694558e-01 -1.49739742e-01 6.47617579e-02 -5.33992767e-01
    1.31496966e-01 -1.85884893e-01 -3.30680400e-01 -4.83045757e-01
    -7.28873789e-01 -5.38974345e-01 7.14925528e-02 -3.41797829e-01
    -4.16035771e-01 -3.09689373e-01 -2.29237139e-01 -3.76272291e-01
    3.78741622e-02 -2.93314338e-01 -7.85486341e-01 1.29563212e-01
    9.82599854e-02 1.72148645e-01 1.10229850e-01 -3.39275599e-03
    -8.27186704e-02 -5.80651164e-01 -2.68953264e-01 4.64525819e-02
    -5.11078775e-01 -3.98946613e-01 1.26605093e-01 -4.43714738e-01
    -6.86459780e-01 8.34261775e-02 -7.57847428e-01 -1.64885104e-01
    -2.30363846e-01 1.20282888e-01 5.11884689e-02 -7.58429289e-01
    -7.42455840e-01 -2.45621562e-01 3.64720225e-02 -5.93911171e-01
    1.16542459e-01 -7.94686079e-02 -6.65082455e-01 1.17191195e-01
    1.11110687e-01 1.94023848e-02 -5.21032214e-02 -3.87050092e-01
    -6.60062313e-01 -1.58325553e-01 -3.11570168e-02 -5.71269393e-01
    -4.90280390e-02 -6.71573400e-01 -5.92321754e-01 -4.75791872e-01
    -5.35586417e-01 -2.48963952e-01 7.91692734e-03 2.54099965e-01
    -4.22712624e-01 -1.38876438e-01 -3.29319417e-01 -7.18633592e-01
    -3.58257711e-01 -7.33916998e-01 -1.37207270e-01 -4.60101783e-01
    1.62329674e-01 5.69617748e-02 -6.45986795e-01 -1.32798433e-01
    1.59968734e-01 -2.22719133e-01 -2.57964611e-01 -6.50638819e-01
    -5.07898390e-01 -6.46529675e-01 -3.49724919e-01 -5.66513002e-01
    -3.78477514e-01 -5.08382082e-01 -6.52757287e-02 -4.09378916e-01
    -3.80076081e-01 -4.31759357e-02 -1.05204999e-01 7.72263408e-02
    -7.20856786e-02 -2.00505912e-01 -2.06783116e-01 -2.91384131e-01
    -5.28352201e-01 -4.52389240e-01 -7.48653412e-02 -2.66039968e-02
    -4.66624439e-01 -2.71313757e-01 1.20071173e-01 -6.58384025e-01
    -1.66626632e-01 -5.46390116e-01 2.52074003e-03 -6.67042017e-01
    -1.61782205e-01 -2.86363065e-01 -3.21706444e-01 3.89779806e-02
    -3.49118292e-01 -4.29036528e-01 -7.34254003e-01 -9.96776223e-02
    -7.28974402e-01 -2.31619954e-01 2.80915499e-02 -4.77511406e-01
    -4.83523309e-01 1.02692485e-01 -3.94029379e-01 -2.37821162e-01
    -3.86829376e-01 -4.21356022e-01 1.69054687e-01 -3.90586793e-01
    -3.81908149e-01 -4.36360896e-01 -6.96614385e-02 -6.27354622e-01
    3.88067961e-03 -7.23040223e-01 1.35237575e-01 -9.85427499e-02
    -2.81342745e-01 -7.11650252e-02 -6.83727503e-01 -7.49181569e-01
    -4.96174395e-01 -5.12928247e-01 1.39677346e-01 5.89791536e-02
    1.48597896e-01 -1.63746059e-01 -3.60996664e-01 -3.99128199e-02
    -4.76042867e-01 7.38628507e-02 -6.16687894e-01 1.57225370e-01
    -3.79953504e-01 -1.26978099e-01 -3.10738146e-01 2.43758559e-01
    9.75812674e-02 -3.53316188e-01 1.10748351e-01 -2.69207954e-01
    9.32496786e-02 -4.69169736e-01 3.00606430e-01 -1.68737829e-01
    -6.57687783e-01 -5.02441287e-01 1.30382597e-01 -1.30513787e-01
    -2.72870898e-01 -2.69504070e-01 -5.86740375e-01 -3.63591939e-01
    -6.51967108e-01 -9.95467305e-02 -2.56720543e-01 8.91304016e-02
    9.88581777e-02 -7.44329572e-01 -2.82797515e-01 1.55977905e-01
    -4.01143581e-01 -3.11741799e-01 -4.01817203e-01 -5.01435697e-01
    -3.68844271e-01 -4.98254538e-01 -2.82063335e-01 2.24968374e-01
    -3.67064118e-01 4.84795570e-02 -3.61258775e-01 -1.70739949e-01
    -1.97595477e-01 1.34780407e-01 -1.18277788e-01 -3.35973144e-01
    2.18255639e-01 1.03505969e-01 8.91387463e-02 -5.87819099e-01
    1.59003317e-01 -5.32898664e-01 -4.26301301e-01 -3.44508946e-01
    -1.23883605e-01 -1.26564980e-01 -4.70984578e-02 -7.00466633e-02
    -1.36697710e-01 -4.78412777e-01 -1.29378080e-01 -2.90923655e-01
    -7.70074010e-01 -4.94610488e-01 5.97153902e-02 -1.10725462e-01
    -6.30562901e-02 -5.09878695e-01 -1.08046114e-01 -9.81954336e-02
    2.28483081e-02 -7.27764785e-01 -6.63894296e-01 -4.13792133e-02
    -4.27994013e-01 -4.51265693e-01 -3.83110166e-01 -7.31523752e-01
    -1.24753654e-01 -3.26467514e-01 -6.97921634e-01 -3.96090269e-01
    -2.82716870e-01 -1.21201873e-02 7.66937733e-02 -5.67214131e-01
    -5.44721842e-01 -6.46390200e-01 9.33468938e-02 -6.79971576e-01
    -1.96477711e-01 -2.46310234e-01 4.65627909e-02 8.89637470e-02
    -4.93170470e-01 -6.98740959e-01 -5.93940496e-01 -2.17379153e-01
    5.29056787e-03 -3.15455377e-01 1.04508996e-02 -6.34451032e-01
    2.12572694e-01 -6.87175751e-01 -4.33885425e-01 -2.23725975e-01
    -6.73104167e-01 -6.18732750e-01 -2.07387686e-01 -4.22333539e-01
    -7.41561651e-02 -6.71600342e-01 -1.12812698e-01 1.37852669e-01
    -8.06088686e-01 -2.39937305e-01 6.05406761e-02 -4.25519228e-01
    1.24660671e-01 -7.04120934e-01 -6.77210331e-01 -2.53105700e-01
    -5.05957484e-01 -2.75068790e-01 -2.07890749e-01 3.52489352e-02
    1.54620171e-01 -6.22885227e-02 1.92721844e-01 1.79529428e-01
    -6.46474183e-01 9.12734866e-02 -2.50356942e-01 -3.41955781e-01
    -3.47750127e-01 -6.05596244e-01 -6.61139429e-01 5.28208613e-02
    -5.47465444e-01 -5.60063839e-01 1.59384191e-01 -1.59557283e-01
    -5.34920096e-01 1.45439982e-01 -4.02076691e-01 1.82054043e-01
    9.77933407e-03 -1.36184335e-01 -1.19404912e-01 1.47203743e-01
    1.71449721e-01 -1.95110619e-01 -1.66274607e-01 1.90593898e-01
    7.61024952e-02 -1.66055143e-01 -4.52726245e-01 -5.96349120e-01
    -2.76235431e-01 -1.30882680e-01 -6.66329861e-01 -6.44892156e-01
    -2.22822905e-01 -2.84061909e-01 -5.69915175e-02 -6.21823072e-01
    -4.39525366e-01 -4.37960893e-01 -4.77663815e-01 -2.21700728e-01
    -5.85066438e-01 1.02088451e-01 -4.61715519e-01 2.56916642e-01
    -5.01452684e-01 -3.11995745e-02 -5.71530342e-01 -7.38267303e-01
    -3.31453115e-01 -6.47189975e-01 2.36562431e-01 -6.05932832e-01
    -4.33462262e-01 -6.51243746e-01 -3.39815646e-01 -2.49449134e-01
    -2.36219466e-01 -3.35679770e-01 -1.42409563e-01 -1.75098300e-01
    -2.77458817e-01 1.76109076e-01 -7.21520245e-01 2.39088893e-01
    -6.83552504e-01 -6.21753514e-01 -1.94756627e-01 2.45238543e-02
    -5.82564831e-01 -7.37392902e-02 -4.18601573e-01 -2.16334105e-01
    2.65957475e-01 1.81148469e-01 -3.58399153e-02 -8.93070102e-02
    1.87389553e-01 4.06125784e-02 1.95395052e-01 -2.22325623e-01
    -4.70323026e-01 1.09696329e-01 -3.89450788e-03 -6.73547685e-01
    1.76476777e-01 7.31147528e-02 6.85318112e-02 -1.64835691e-01
    1.67566955e-01 -7.17437983e-01 -5.95754981e-01 -3.31975728e-01
    1.57628655e-02 -1.39005721e-01 -1.68262720e-02 -7.16809750e-01
    8.11889172e-02 -6.41976833e-01 -1.61992669e-01 2.27766812e-01
    -2.11623371e-01 3.56054306e-02 -5.78933954e-03 -2.18658686e-01
    -6.11963511e-01 -1.51866674e-01 -2.89053351e-01 -6.73656583e-01
    7.37643242e-03 2.77701020e-02 -1.96967125e-01 -1.22487187e-01
    -3.70510787e-01 -2.96665192e-01 -2.82188386e-01 -6.11358345e-01
    -1.88040733e-02 2.13276446e-01 -7.16352105e-01 -2.08894312e-01
    -1.34382963e-01 1.40873909e-01 -3.14973414e-01 -3.96613955e-01
    -4.35189009e-01 2.92928636e-01 -5.74037671e-01 -2.59117663e-01
    3.18247199e-01 7.08149076e-02 -8.13548863e-02 -3.52736235e-01
    1.20493472e-01 6.73794746e-02 7.11031556e-02 8.14872384e-02
    -2.66383022e-01 -1.55871511e-01 -9.69949365e-02 -5.81800103e-01
    1.45416796e-01 2.29721069e-02 -9.37622786e-02 -7.27800071e-01
    -2.71586776e-02 -5.11399448e-01 -3.59877139e-01 -2.51224875e-01
    1.36163950e-01 -2.26727009e-01 -1.51637256e-01 -3.89287293e-01
    -3.56219649e-01 -2.03722715e-02 -3.18789840e-01 -1.89854503e-02
    -2.39088178e-01 7.44096041e-02 -5.39202631e-01 -2.58631110e-01
    7.06558824e-02 1.90922558e-01 -3.17592382e-01 -7.05219269e-01
    -5.36887705e-01 -5.99571466e-02 -5.86236119e-02 -2.81536639e-01
    4.95580435e-02 -5.18345833e-01 -6.16832376e-01 2.36107528e-01
    -6.51156068e-01 1.73658907e-01 1.81419551e-01 -6.98118210e-01
    -4.17529345e-01 -7.42113054e-01 1.82179034e-01 -4.28514749e-01
    -5.27682543e-01 -4.09461319e-01 -7.36234844e-01 -5.68175852e-01
    -2.66131163e-01 -5.41075766e-01 1.02657497e-01 -6.01637959e-01
    -3.36047918e-01 -3.11481267e-01 -3.56948376e-01 4.01878357e-03
    -3.68963391e-01 -3.69351923e-01 -2.83482760e-01 -3.98039520e-01
    6.26649857e-02 -1.18090808e-01 -1.07501328e-01 -2.19596863e-01
    -3.76741409e-01 -5.32608390e-01 -3.63025337e-01 -7.84673095e-02
    -6.15560412e-02 -2.24037766e-01 -4.38811123e-01 -4.00489122e-01
    1.41046286e-01 -6.74486995e-01 -3.39585632e-01 1.83587968e-01
    -2.05560029e-01 -2.59090722e-01 9.35648084e-02 2.09962130e-02
    -2.55802333e-01 -4.68365312e-01 4.09104228e-02 -2.35748112e-01
    -6.02913499e-02 -7.10817397e-01 -1.89266741e-01 1.79883659e-01
    3.38360071e-02 -3.62770617e-01 2.18340933e-01 3.46159339e-02
    -2.32818246e-01 -5.34892917e-01 -9.07963514e-02 -6.62414551e-01
    -7.09349275e-01 -4.13071156e-01 -1.09862030e-01 -6.36087418e-01
    -3.81269604e-01 -4.80654716e-01 -1.19806647e-01 -3.81721348e-01
    -3.10808837e-01 -2.48469174e-01 -2.21872807e-01 -2.88730145e-01
    -1.84347808e-01 -2.78641284e-01 1.00994051e-01 8.75247717e-02
    -3.32226813e-01 1.19392872e-02 -3.43468100e-01 1.11168265e-01
    -2.62948871e-02 -3.15947711e-01 -5.24480700e-01 1.09156966e-02
    -3.73995006e-01 -4.12800878e-01 7.92269111e-02 -1.03897691e-01
    -2.54722655e-01 -1.58097267e-01 -4.27831352e-01 1.52778208e-01
    -8.48635435e-02 -4.67934042e-01 -7.46647000e-01 -7.12437809e-01
    -5.45773387e-01 -5.13737261e-01 -5.73907137e-01 7.60357976e-02
    -7.19839334e-01 -5.78597188e-01 2.57363915e-02 -5.34300387e-01
    -6.52305484e-02 -1.31968558e-01 -7.85810351e-02 -1.13506615e-01
    9.28873420e-02 -3.00955832e-01 -5.33359885e-01 7.19015002e-02
    -5.46353221e-01 2.24885702e-01 -5.16464591e-01 -5.22504330e-01
    -5.99831223e-01 -3.57217312e-01 -9.90033150e-05 -5.55618167e-01
    -5.48773170e-01 -2.36152053e-01 -6.29239678e-02 1.59558773e-01
    -4.43209857e-01 -8.90524387e-02 -4.12652791e-01 -6.42218053e-01
    -2.70597696e-01 1.75412118e-01 1.38014555e-02 2.10618794e-01
    -3.99534136e-01 1.19954348e-03 -3.81058156e-01 -4.09204990e-01
    -6.19419932e-01 -6.34868443e-01 1.13844454e-01 -5.63208103e-01
    1.81808710e-01 -3.82375151e-01 1.17619634e-02 -1.51546478e-01
    -5.33251822e-01 -6.21699393e-01 8.28466415e-02 -1.61826015e-01
    1.65279984e-01 -3.14695567e-01 -4.14642513e-01 -1.47615671e-01
    -6.57198310e-01 -4.53609288e-01 2.52230763e-01 -3.48791748e-01
    -3.19669068e-01 -3.70174408e-01 -5.27960896e-01 1.88562632e-01
    -5.20952284e-01 -4.91499007e-01 -3.50357533e-01 -2.66083121e-01
    -3.75426233e-01 -1.81425691e-01 1.84635222e-01 1.40174329e-01
    -1.16415620e-01 -1.68784082e-01 -6.66312575e-02 2.35970378e-01
    -4.64282244e-01 -5.20203114e-02 -4.30272311e-01 -3.40270877e-01
    -3.68527502e-01 -6.29838049e-01 -9.51353312e-02 -3.57053280e-02
    2.44480550e-01 -6.96637571e-01 -4.01869595e-01 1.68850482e-01
    2.74655223e-02 1.62424207e-01 -1.84122324e-02 -6.37109756e-01
    -2.65490472e-01 -5.31191766e-01 -2.34814525e-01 -2.24899113e-01
    -6.65154040e-01 -6.72754049e-02 2.17066646e-01 2.87730098e-02
    -3.72393727e-01 1.66016459e-01 -1.82050407e-01 -1.20700061e-01
    6.11300468e-02 -5.72870970e-01 -6.43724322e-01 -6.31542563e-01
    1.10105574e-01 -2.87304640e-01 -4.38455433e-01 -6.98830605e-01
    -2.06200600e-01 -1.06299222e-01 -2.74752110e-01 -3.33113283e-01
    4.48268771e-01 1.52015984e-01 3.49173814e-01 3.60468775e-01
    -1.68381929e-01 7.31317401e-02 4.81525898e-01 1.97384715e-01
    -2.54466653e-01 1.98955178e-01 -1.43244445e-01 1.18276477e-02
    -6.48261011e-01 -6.30586267e-01 -4.29227412e-01 -4.52073872e-01
    -7.42639482e-01 -6.59824014e-01 7.84597397e-02 -6.83530569e-02
    -7.09592223e-01 1.39005363e-01 -4.36130404e-01 -4.89861131e-01
    -2.07229435e-01 -5.39629459e-02 -4.88881111e-01 -9.02765989e-02
    1.35006964e-01 -3.77870202e-01 -4.26916391e-01 -5.18530726e-01
    -2.59263694e-01 -6.04791284e-01 2.31307924e-01 -5.04101992e-01
    -1.15760863e-01 2.42443383e-01 1.34167135e-01 -2.34637260e-01
    -4.46645260e-01 7.46771097e-02 8.74944329e-02 -3.66255283e-01
    -3.67440253e-01 2.39577591e-01 2.42178619e-01 -1.05154216e-01
    -3.11332703e-01 -6.03263974e-02 1.99878991e-01 -4.52010632e-02
    1.56060934e-01 5.94428778e-02 -5.63716531e-01 -6.10532284e-01
    -1.79415524e-01 -1.36928618e-01 -1.12851739e-01 -1.38850033e-01
    -7.29887128e-01 -1.86333060e-02 -3.72986078e-01 -6.95286751e-01
    -7.37094104e-01 7.83637762e-02 1.73604906e-01 -2.45220542e-01
    -6.65917277e-01 4.90804911e-02 -1.98330104e-01 9.53580737e-02
    -5.68978548e-01 -6.36155427e-01 -6.75299168e-01 -5.86829543e-01
    -7.66016603e-01 -3.29954267e-01 -5.17608643e-01 6.57120347e-02
    -2.02265263e-01 -6.59349442e-01 3.89472246e-02 -2.40558445e-01
    -2.65139341e-02 -5.91094494e-01 -4.28333700e-01 -5.65625668e-01
    -5.82686663e-02 -2.51978457e-01 -2.48583734e-01 -3.51318657e-01
    5.30239940e-02 -3.05250257e-01 7.39535689e-02 -3.22975039e-01
    -1.01678550e-01 -4.39899057e-01 -9.28756595e-02 -4.99001145e-01
    -3.32139254e-01 -1.37014925e-01 -1.74854457e-01 2.32277513e-02
    -3.77554685e-01 -3.99314374e-01 7.47401714e-02 -1.79406941e-01
    3.18234563e-02 -3.63718450e-01 1.57587647e-01 -3.25635135e-01
    -3.83481383e-02 -3.25670421e-01 -3.00908118e-01 -4.36086953e-01
    -4.64948654e-01 -1.50818408e-01 -7.93331265e-02 -7.28119016e-02
    2.10226595e-01 -5.60200810e-02 -7.02626944e-01 -6.69729471e-01
    1.70623958e-01 -3.97250295e-01 -5.72797656e-02 -1.48896217e-01
    -1.69280171e-02 -6.17291212e-01 1.90706611e-01 -7.00467825e-02
    -5.74951768e-01 -4.53137159e-02 -6.00989819e-01 -6.28373623e-02
    -4.05247062e-01 -4.32097912e-02 -7.22352266e-02 -8.76308084e-02
    2.08919585e-01 -1.18002534e-01 -6.34582639e-01 -1.95127428e-01
    -2.93235004e-01 -3.57999027e-01 1.98482215e-01 -1.38455033e-02
    2.22086847e-01 1.14132106e-01 -3.52326930e-01 -5.72413385e-01
    -3.77330065e-01 -5.13417006e-01 -4.36350495e-01 2.29497075e-01
    -8.71614814e-02 -2.48261899e-01 2.86168516e-01 -2.91899860e-01
    1.67899311e-01 -3.97998095e-02 -6.98952377e-01 5.91546297e-03
    2.77726769e-01 -2.18939543e-01 -5.08318663e-01 -1.21341944e-02
    1.40980780e-01 -1.84552908e-01 -4.32412505e-01 -6.56193137e-01
    -3.17546040e-01 -6.94569767e-01 2.08681762e-01 -5.95675766e-01
    -4.73546863e-01 -7.34170139e-01 -4.28193212e-01 5.58798909e-02
    2.59944797e-02 -5.89755654e-01 -4.32303101e-01 -5.38405895e-01
    1.42700016e-01 -3.81969988e-01 -5.75558186e-01 -5.11244774e-01
    -5.31505048e-01 -6.39255762e-01 -8.39354992e-02 6.29718304e-02
    -9.92000103e-04 1.93737864e-01 -2.64665812e-01 -2.35784531e-01
    2.22913682e-01 -6.86297297e-01 -5.66626549e-01 -4.67325807e-01
    3.27585340e-02 -6.54688537e-01 -1.06945574e-01 2.31223047e-01
    -6.51590943e-01 -4.08843726e-01 -6.69214368e-01 -3.01817954e-01
    -5.44113994e-01 2.05872476e-01 3.70981097e-02 -3.24608684e-01
    -3.01332533e-01 -1.15791380e-01 -7.54738033e-01 1.92381740e-02
    -5.13860404e-01 -7.36381710e-01 -2.41201937e-01 -4.57420945e-02
    -4.21727359e-01 2.17701256e-01 -3.87341022e-01 1.41603887e-01
    1.28236830e-01 -6.01448417e-01 -1.42573714e-01 -4.55832481e-01
    2.20732510e-01 -2.18162537e-02 -1.54217780e-01 -7.72624731e-01
    1.56792581e-01 -4.72422123e-01 -1.62355602e-01 -3.04889232e-01
    -5.04775822e-01 -7.21815825e-02 1.17167413e-01 -6.38931036e-01
    -5.32605529e-01 1.92168593e-01 -6.44934714e-01 -7.18663931e-02
    -5.36051273e-01 -6.30912304e-01 1.07794821e-01 -5.75396776e-01
    1.81093693e-01 1.98944330e-01 -6.47070944e-01 -6.78444624e-01
    -2.77898252e-01 -3.77945542e-01 -1.45914048e-01 -1.93801254e-01
    -9.07477736e-02 -4.61415201e-01 3.95746499e-01 1.24406010e-01
    1.64797902e-03 2.09443301e-01 -4.48443174e-01 2.93333709e-01
    -3.47284257e-01 -3.43801975e-02 -8.73488188e-02 -7.43873417e-01
    -6.66338503e-01 -1.10131919e-01 1.66114688e-01 -5.20751476e-02
    -6.51895046e-01 -5.20056903e-01 -4.30264980e-01 -7.64297366e-01
    -4.45186496e-02 4.00074720e-02 -7.05312133e-01 -4.15378213e-01
    2.09318280e-01 1.32525861e-01 -3.68879706e-01 -3.46023113e-01
    -2.37014890e-01 -4.39682007e-02 1.07940555e-01 -2.57911384e-01
    -2.65835822e-01 -4.66594338e-01 8.05343390e-02 -6.36795282e-01
    -3.46886694e-01 -2.27295280e-01 -5.34507871e-01 1.78209543e-01
    1.63214982e-01 -2.69879371e-01 -3.84802461e-01 -4.77999449e-02
    -1.40398443e-01 -4.06060696e-01 -2.29612708e-01 -6.23011172e-01
    -2.53758669e-01 -1.19310558e-01 3.36303115e-02 1.96509719e-01
    -4.46869731e-02 -5.47760129e-02 -1.90009058e-01 -1.65129840e-01
    -6.98045492e-02 1.46931171e-01 -7.58670509e-01 2.04229951e-02
    -1.96694791e-01 -7.69270182e-01 -6.29469514e-01 -5.91592550e-01
    -3.90910387e-01 1.65416181e-01 -5.96251369e-01 -1.66077495e-01
    -6.45090580e-01 1.06283665e-01 -4.94679630e-01 -5.70910990e-01
    -1.17306709e-02 -3.75550210e-01 8.34906101e-02 -6.89914346e-01
    -1.65143847e-01 -1.76146686e-01 -8.22182894e-02 -2.94779688e-01
    -7.05744743e-01 9.72715616e-02 -1.37742102e-01 -5.28275967e-01
    -5.32943726e-01 -3.64963114e-01 -5.19647956e-01 5.71394563e-02
    -7.13548422e-01 -5.33039510e-01 -2.10097432e-01 -7.19679594e-02
    -3.32197428e-01 -1.83594048e-01 -5.07713675e-01 -3.70989442e-02
    1.18156135e-01 2.46767521e-01 -2.40581572e-01 -4.40930665e-01
    -6.31763458e-01 -5.69055676e-01 -3.70277703e-01 -5.53204000e-01
    1.15233898e-01 -1.59572303e-01 -1.66417241e-01 1.13993883e-03
    1.19008482e-01 -1.63265288e-01 -6.58946276e-01 2.13769078e-01
    8.65630507e-02 -5.76150775e-01 1.24167740e-01 -5.82769573e-01
    -2.25685775e-01 -3.11909825e-01 -5.91355681e-01 -6.65836930e-02
    -2.66681194e-01 -5.23936450e-01 -2.54826307e-01 -5.53851724e-02
    -6.54058874e-01 -5.12962043e-01 -8.03264976e-02 -2.59179235e-01
    -7.43279576e-01 -3.04119349e-01 4.39842343e-02 -4.03177619e-01
    -6.54932737e-01 -2.59473503e-01 -1.13226175e-02 1.95478737e-01
    -7.10911214e-01 1.82586491e-01 1.33128881e-01 -6.16677701e-01
    -4.50590611e-01 -4.79445606e-01 -1.26947463e-01 1.55472696e-01
    8.33224058e-02 5.01698852e-02 -4.91322637e-01 -2.49276161e-02
    -1.71537399e-02 -4.65431809e-02 7.15084672e-02 1.38723075e-01
    -1.42370284e-01 -6.03689432e-01 -1.33270025e-02 8.61208439e-02
    -2.46605784e-01 -3.40473473e-01 -5.94592333e-01 -1.88693464e-01
    -1.31784141e-01 -5.50828815e-01 2.51439214e-01 -1.38722122e-01
    7.48047233e-02 -6.35463595e-01 -1.26762986e-01 -7.04541743e-01
    -6.71964765e-01 -2.56911069e-01 -4.70756322e-01 -2.18439996e-01
    2.14168608e-01 -4.49425489e-01 -2.46428788e-01 -5.38342297e-01
    -3.51220131e-01 -1.93926752e-01 1.66830063e-01 -3.99978161e-02
    -6.93017185e-01 1.10859036e-01 -4.74007219e-01 -5.32122314e-01
    5.36090136e-03 7.70622492e-03 -3.99862498e-01 -4.30556715e-01
    -1.28406286e-01 -1.62583947e-01 -5.39225936e-01 -2.38245368e-01
    -4.87043023e-01 2.73162246e-01 -6.35536313e-02 -1.09918773e-01
    -3.92747879e-01 -4.62221205e-01 -1.14068389e-01 -5.67088008e-01
    -6.52459264e-01 -2.88488299e-01 -5.41039944e-01 -6.58821106e-01
    2.59066880e-01 -2.94822812e-01 -2.20660388e-01 -5.08105755e-01
    1.12759888e-01 -8.81611705e-02 -6.76514745e-01 5.32143712e-02
    -6.34497046e-01 -3.66900951e-01 -1.71364427e-01 -2.03629255e-01
    -2.25264430e-02 -4.33594763e-01 -7.02228010e-01 -6.57354236e-01
    -7.06707895e-01 1.25862896e-01 -5.32614112e-01 -4.57965225e-01
    -3.47414315e-01 -3.60883147e-01 -5.68896770e-01 -2.61211932e-01
    2.08200514e-01 -8.09729695e-02 -1.43771648e-01 -7.19666719e-01
    -6.27600551e-02 -2.04205275e-01 -5.32772601e-01 -5.86636603e-01
    -1.21313274e-01 -5.24879336e-01 2.43779361e-01 2.49936759e-01
    -6.71701312e-01 -5.26866436e-01 6.77520037e-03 -2.51334101e-01
    -5.40356398e-01 -2.97548115e-01 2.69439936e-01 -2.10849136e-01
    -7.10697770e-02 -2.10585117e-01 -5.64935505e-01 -2.41046548e-02
    -8.57335925e-02 -1.47638142e-01 -2.44533896e-01 -4.09278482e-01
    -4.21297640e-01 2.63839602e-01 -9.97436643e-02 4.58867967e-01
    5.23158908e-01 5.80855906e-02 -3.85986120e-01 3.39545786e-01
    -5.43583632e-02 -2.49806345e-01 -4.88825560e-01 -7.75771737e-02
    -2.03401506e-01 1.84153318e-01 1.42048895e-01 -2.46427834e-01
    -7.64811754e-01 -5.62440038e-01 -4.79801923e-01 -7.54502177e-01
    -2.85763264e-01 4.42592502e-02 -4.01396662e-01 -4.60300803e-01
    -1.12004042e-01 -2.52164304e-01 -1.07384980e-01 -5.47350943e-01
    -4.21353102e-01 -3.75547409e-02 -1.69156730e-01 -6.38224065e-01
    -7.35144138e-01 -3.62204522e-01 -5.59346616e-01 8.57435465e-02
    -5.64605832e-01 1.10523999e-01 -1.00532234e-01 1.55115008e-01
    -6.21772051e-01 -3.90722036e-01 -1.72390580e-01 -5.16165495e-02
    -5.81647694e-01 8.75489712e-02 -6.91182554e-01 -4.28769261e-01
    -5.72513342e-02 -7.14948416e-01 -4.83566165e-01 -4.54939812e-01
    1.77194357e-01 -2.73083091e-01 -5.19837141e-01 -4.06058133e-01
    1.91590428e-01 7.71831870e-02 -3.51772279e-01 -4.41855460e-01
    -3.10411394e-01 -6.57589912e-01 -7.57928133e-01 1.28005862e-01
    -4.56007779e-01 -1.20545745e-01 -3.64299178e-01 -3.79182786e-01
    -6.15980983e-01 -6.55801058e-01 -1.94906116e-01 1.35515094e-01
    1.53177857e-01 -7.54178107e-01 1.43295228e-01 -9.68232155e-02
    -5.85494876e-01 -3.59059244e-01 -2.47919559e-03 -5.67460716e-01
    -7.48274207e-01 -2.40636408e-01 -2.56259143e-01 1.52033806e-01
    -3.91168475e-01 -2.73314893e-01 -7.26590574e-01 -5.18766165e-01
    1.53983831e-02 -4.35940027e-02 6.62525296e-02 -3.78360242e-01
    -5.29051423e-01 -6.57877505e-01 -2.26327181e-01 -2.13601112e-01
    1.74515665e-01 -3.94177645e-01 -3.72127354e-01 2.30429649e-01
    1.63433552e-01 -4.95375842e-01 1.01022959e-01 -4.47054565e-01
    -4.20097113e-01 -6.01562381e-01 -6.76456928e-01 1.62422657e-02
    -4.93767619e-01 -1.27723396e-01 1.99567080e-02 -1.76497579e-01
    1.51242733e-01 -4.79304612e-01 -4.50117707e-01 -2.42624998e-01
    1.40571117e-01 9.39364433e-02 -4.55906957e-01 -5.22388935e-01
    1.74654782e-01 -4.86071736e-01 -6.34309769e-01 -5.01542091e-01
    -4.67206836e-01 -6.50424838e-01 -1.51598811e-01 -1.41166449e-01
    2.48492360e-02 -6.33324742e-01 2.07625747e-01 -2.18746185e-01
    -1.23005390e-01 -1.31117463e-01 -5.39509296e-01 -5.32094836e-01
    -2.36203134e-01 -3.62129748e-01 -1.96395159e-01 -5.80106199e-01
    -6.58211589e-01 -3.14023674e-01 -4.58841801e-01 -2.12544203e-03
    -6.73134327e-02 -5.08679032e-01 -2.91993797e-01 -3.85067105e-01
    -5.62274575e-01 -5.52089930e-01 -6.55751407e-01 -6.21368289e-01
    -1.56477809e-01 -9.02343988e-02 -1.93784297e-01 -3.61175895e-01
    -1.73431456e-01 -6.23168707e-01 7.14302063e-03 -1.99028552e-01
    -3.99694860e-01 2.33566165e-02 -3.44343573e-01 -2.12997049e-01
    1.65537536e-01 -6.16918266e-01 -3.49525094e-01 -5.59907794e-01
    9.38059092e-02 -6.23826504e-01 -6.22992754e-01 3.23050022e-02
    -3.43050748e-01 9.33594108e-02 3.50102782e-02 -4.55091000e-01
    1.87492609e-01 -6.37960911e-01 -1.37856305e-01 -6.52957320e-01
    -4.39916968e-01 -4.37382877e-01 -1.22720003e-02 6.99297786e-02
    2.24730134e-01 -2.53324509e-02 -2.29581833e-01 1.33057535e-01
    -5.22027373e-01 2.53762066e-01 -1.91017985e-01 2.09018469e-01
    -4.98639882e-01 -3.59496087e-01 1.52170300e-01 -4.67753768e-01
    -5.82013488e-01 -6.80660129e-01 -6.98396742e-01 -5.40874600e-01
    1.90463483e-01 1.92724764e-01 1.87409043e-01 2.08606303e-01
    1.40675426e-01 2.27335989e-01 -7.37042546e-01 -5.84652305e-01
    -2.19749689e-01 -4.29213405e-01 -4.23675627e-01 -6.05428934e-01
    -4.24496204e-01 8.43097568e-02 1.67073309e-01 -3.90779614e-01
    -8.33593011e-02 -3.46429735e-01 -1.23203993e-02 -4.55884099e-01
    1.70440376e-01 2.18236148e-01 2.46576190e-01 -6.21032119e-02
    1.34190559e-01 -2.89381742e-01 -5.79925895e-01 1.64497614e-01
    -5.49562871e-01 -6.56892240e-01 2.01561987e-01 -1.34426534e-01
    -1.41230404e-01 1.40567422e-01 1.64781451e-01 3.93390656e-05
    -6.21382952e-01 1.87422216e-01 6.75247312e-02 -6.64601684e-01
    -5.98327339e-01 1.59421444e-01 -3.87983859e-01 -2.19635546e-01
    -6.72974944e-01 1.05648935e-01 2.96934843e-02 -4.63842988e-01
    -3.69754851e-01 -5.55816233e-01 -6.23589754e-03 1.12240374e-01
    -1.51351333e-01 1.73347056e-01 -4.14170414e-01 -3.82074475e-01
    -9.91936624e-02 -4.70714331e-01 -1.63309127e-01 2.31365770e-01
    -1.52667701e-01 -4.24571484e-01 2.57289648e-01 -4.10031050e-01
    -5.46609640e-01 -4.18515712e-01 2.39367008e-01 1.00797057e-01
    1.12112701e-01 1.75838470e-01 -5.68778098e-01 -1.79866254e-01
    -6.82063520e-01 -4.24466014e-01 -2.81519949e-01 1.48267269e-01
    -3.52989614e-01 -5.17579556e-01 -2.45478153e-01 -4.07892019e-01
    -1.00288391e-02 1.12917423e-01 2.28728056e-02 -5.15245199e-01
    -2.80358434e-01 -1.51721239e-01 -6.89734459e-01 -3.94242764e-01
    -1.21985674e-02 -2.90629804e-01 -5.13211906e-01 -7.43875563e-01
    -8.72799754e-02 1.70021653e-01 -3.79825413e-01 -7.24554658e-01
    7.29010701e-02 -7.43804574e-01 -6.22271955e-01 2.31742859e-01
    1.74786747e-01 -3.92463982e-01 -4.07830209e-01 6.75220490e-02
    -2.49794841e-01 -1.60943925e-01 -6.45483732e-02 -6.02628946e-01
    1.12412274e-01 7.68930912e-02 -5.58065474e-01 -3.26440394e-01
    5.14227152e-02 3.73000503e-02 -1.10543549e-01 7.91332126e-02
    1.87527835e-01 2.09853053e-02 -1.86546862e-01 -2.54758537e-01
    -2.76133478e-01 -5.48661113e-01 -5.94623089e-01 -1.14399016e-01
    -8.24661851e-02 -1.48487329e-01 -1.71561897e-01 -1.37418926e-01
    -5.81393957e-01 -6.93179250e-01 3.44440937e-02 2.14612544e-01
    2.09622860e-01 -2.77960896e-01 8.34435821e-02 -5.54683566e-01
    -4.77671504e-01 -7.36050963e-01 -6.72632515e-01 -2.42443681e-02
    1.45272255e-01 1.46884739e-01 -7.22403169e-01 -2.79121041e-01
    8.08399916e-02 1.42500937e-01 1.58939779e-01 -5.02051473e-01
    2.00117171e-01 -6.49969459e-01 -5.90123653e-01 1.95941091e-01
    7.96990395e-02 -1.81766331e-01 -3.72611851e-01 -3.49354088e-01
    -2.89390683e-02 -1.94900155e-01 -6.48021221e-01 -5.35017371e-01
    -5.75422645e-01 2.12957799e-01 -2.25857139e-01 -2.88243592e-01
    5.88355064e-02 -3.93609226e-01 9.21452045e-02 -2.68149316e-01
    9.53983068e-02 -5.91750860e-01 7.50726461e-02 3.13968658e-02
    -3.61484289e-02 -7.94702888e-01 -6.09675288e-01 -3.48023236e-01
    7.94606805e-02 1.10568702e-01 -2.54148304e-01 -3.70220184e-01
    -1.79527164e-01 7.97297955e-02 -3.34034622e-01 -1.88671827e-01
    9.13816690e-03 -1.64818168e-02 -6.58058643e-01 -4.06186044e-01
    -1.54920280e-01 -1.60122514e-01 -2.84411639e-01 -6.35446012e-01
    -6.89197063e-01 -2.87160963e-01 -1.71004355e-01 8.21004510e-02
    -7.19930768e-01 -1.66889489e-01 8.48734379e-02 9.19785500e-02
    -4.47434187e-01 -5.21741569e-01 7.26282597e-04 -4.59619522e-01
    -6.01117134e-01 5.31901121e-02 -4.48216558e-01 -2.73283005e-01
    -6.12893701e-01 2.13041306e-02 -5.87642193e-01 -6.87449574e-01
    -5.75540185e-01 -2.31417477e-01 -2.88985461e-01 -3.78676891e-01
    -4.20450777e-01 -1.68486774e-01 -2.90580571e-01 -4.77655530e-02
    -5.58873475e-01 -6.15551233e-01 8.86285901e-02 -2.86361873e-01
    -1.02056623e-01 -5.96526563e-01 -2.15817034e-01 -2.84948289e-01
    -7.47826099e-01 6.92464709e-02 1.05121315e-01 -7.02745318e-01
    -6.70159459e-02 -6.17332458e-01 -3.36819291e-02 9.94235277e-03
    -2.95694262e-01 -1.61158681e-01 -6.24686480e-03 2.14930177e-01
    -4.93718326e-01 -5.16169906e-01 -9.22204256e-02 1.60014868e-01
    -5.35597205e-01 -2.74284691e-01 -2.38046229e-01 -6.95648074e-01
    -6.16275311e-01 -7.27978468e-01 -1.33759379e-02 -1.63290501e-02
    -1.00718439e-01 2.28823423e-02 -4.15822446e-01 -6.66296124e-01
    -3.24793816e-01 -6.70582056e-01 -7.26475120e-02 -2.54927874e-02
    -5.86559296e-01 -6.44990325e-01 -4.33778763e-02 -6.04820728e-01
    -7.55355239e-01 -1.69463754e-02 -3.01299274e-01 -2.62218028e-01
    -4.93049890e-01 7.12654591e-02 -7.14630127e-01 -3.03671032e-01
    -5.78200579e-01 -2.07462847e-01 -8.26210380e-02 4.97114658e-03
    -3.11542988e-01 2.68353522e-01 -6.80296659e-01 -2.74503052e-01
    -1.23457968e-01 -2.41439879e-01 -6.14838779e-01 9.57549214e-02
    -3.23714674e-01 -5.37132025e-01 -2.16142952e-01 -9.46905613e-02
    -7.17499077e-01 -6.92927599e-01 -4.68284428e-01 -4.02599692e-01
    -6.79172397e-01 -3.87583733e-01 -9.97859240e-03 -1.57038569e-02
    2.08973289e-02 -6.42262220e-01 -5.82938850e-01 -3.25911224e-01
    1.99617386e-01 2.74003744e-01 -1.31887853e-01 4.37957644e-02
    -2.30437398e-01 -4.79077578e-01 -2.15569019e-01 -5.03044724e-01
    -4.49064672e-01 -2.11521029e-01 4.34641838e-02 2.53997803e-01
    3.94686341e-01 1.48012549e-01 -7.04000890e-02 3.71482849e-01
    1.69747531e-01 -2.29317933e-01 1.09796762e-01 3.07399035e-02
    -5.79618037e-01 -1.63675576e-01 2.18708634e-01 -1.15981758e-01
    1.53971136e-01 -5.31410813e-01 -3.02461803e-01 -1.57702148e-01
    -1.22380853e-01 -6.23169065e-01 -1.60606682e-01 -7.23502636e-01
    -7.06734180e-01 -4.22489733e-01 -2.31352448e-01 3.55494022e-03
    -6.64437890e-01 -6.31596684e-01 -6.19269013e-01 1.43839717e-02
    -4.05371547e-01 -3.48979682e-01 -6.57806993e-02 1.93175793e-01
    -4.62393671e-01 -5.91170549e-01 -6.26645446e-01 -7.32328653e-01
    1.09361112e-01 -2.18638182e-01 -3.04865181e-01 -7.23508716e-01
    1.49635077e-01 -2.06465065e-01 -2.95176238e-01 -2.60149717e-01
    -9.63587761e-02 1.86844528e-01 -5.60022354e-01 -6.74504519e-01
    -7.48392105e-01 -4.21483308e-01 1.20953977e-01 -4.50390577e-02
    9.97508168e-02 -3.61760467e-01 1.68677211e-01 -5.93576670e-01
    -4.20828581e-01 -2.64967203e-01 8.53634477e-02 -1.22133136e-01
    -3.62853974e-01 5.70152998e-02 -3.39228749e-01 -6.95183635e-01
    7.75523186e-02 -7.45677233e-01 -9.81485844e-03 -7.34284639e-01
    -7.42853880e-01 1.19728863e-01 1.00545943e-01 -5.89521945e-01
    -4.55559015e-01 -4.31672335e-02 -1.22775018e-01 1.37478173e-01
    1.08675838e-01 9.13047791e-03 8.71974230e-03 -7.57402182e-01
    -3.02057207e-01 -4.21553910e-01 -5.00515580e-01 -3.28907698e-01
    -5.25589466e-01 -7.83935785e-01 -8.97548199e-02 -1.08012736e-01
    -3.13592702e-01 7.60863423e-02 -2.24048913e-01 -4.70333487e-01
    -7.27654696e-01 2.07407713e-01 -3.58702511e-01 -6.09495521e-01
    1.96498334e-01 -1.42164290e-01 -1.20179296e-01 -7.09487200e-01
    -3.44808310e-01 -6.79266095e-01 1.07737482e-01 -3.43059033e-01
    -6.07434511e-02 7.76947737e-02 -6.58441961e-01 -5.02956510e-02
    -5.40337324e-01 1.97662234e-01 -9.11636949e-02 -1.19425237e-01
    1.52270198e-01 6.27589822e-02 -7.38330007e-01 1.40270412e-01
    -4.24622655e-01 -3.67107809e-01 -5.87490082e-01 -2.78367639e-01
    -7.94478655e-02 -3.28004181e-01 -7.33047426e-01 -3.07979643e-01
    1.36337876e-02 -4.55098867e-01 -6.42854929e-01 -6.32969856e-01
    -4.83379424e-01 -2.39355475e-01 -1.10433519e-01 7.94632435e-02
    -7.16649711e-01 2.03059435e-01 -7.01290727e-01 -1.95345879e-01
    -8.92763734e-02 -3.87993872e-01 7.42036700e-02 1.34010732e-01
    -6.29768908e-01 -1.41572297e-01 -6.95782661e-01 -3.59245151e-01
    -3.74364346e-01 -1.62542164e-01 -7.52233565e-01 2.13522613e-01
    -3.03350717e-01 1.22962773e-01 -4.71629143e-01 -7.38993108e-01
    -1.25271499e-01 -4.98017192e-01 -3.66590351e-01 1.85215831e-01
    -4.49192464e-01 -4.75686401e-01 1.08957708e-01 -4.53797519e-01
    -3.12839478e-01 -2.25741386e-01 1.12125874e-02 -3.88738185e-01
    -1.35634959e-01 1.44910455e-01 -4.98922437e-01 7.48798847e-02
    2.62526870e-02 -3.02499354e-01 -2.66516268e-01 -2.42964953e-01
    -5.27164817e-01 -3.80169064e-01 -2.03711510e-01 2.23229587e-01
    -4.44581628e-01 -3.88101548e-01 -1.86450303e-01 2.26376712e-01
    6.84472322e-02 -3.80096138e-01 -2.85028696e-01 -2.62361944e-01
    -2.83099532e-01 -4.66203243e-01 -2.58755744e-01 -6.66388750e-01
    -2.19572067e-01 4.89709377e-02 -3.79850388e-01 1.57281935e-01
    -6.26226544e-01 -4.59556580e-01 2.07039714e-02 -6.63917184e-01
    -2.88675606e-01 -6.02123618e-01 -9.63681936e-03 -1.70742750e-01
    1.84758842e-01 -2.90862113e-01 6.34011030e-02 -9.77033377e-02
    1.63132191e-01 -5.77122092e-01 -4.93162692e-01 -2.69854873e-01
    -3.04255843e-01 2.09826350e-01 -2.90845245e-01 -2.09535420e-01
    -3.13619077e-01 -1.26100898e-01 -5.62706590e-02 -1.51026368e-01
    -6.18156672e-01 -6.40660524e-03 -4.77987230e-01 -6.10922873e-01
    -3.80592525e-01 -5.59312105e-01 -2.19056785e-01 2.52113819e-01
    -2.32328951e-01 -4.23247218e-02 -6.87227964e-01 -3.37808311e-01
    -4.14760470e-01 -7.19022155e-01 -6.48720026e-01 1.86066329e-01
    -5.42181730e-03 -9.22446847e-02 -4.23420668e-02 9.87857580e-03
    8.02634358e-02 -2.52552658e-01 1.34598613e-02 -4.34373945e-01
    -3.22865069e-01 3.45748663e-03 -5.10373354e-01 -2.80474126e-01
    1.54132724e-01 -1.89191699e-01 1.97590053e-01 1.07167602e-01
    -3.45796406e-01 8.43000412e-02 -2.16304064e-01 2.00861573e-01
    2.78198719e-03 -5.29982567e-01 -5.54855227e-01 -4.75205779e-02
    -2.83021688e-01 -3.04681748e-01 2.60524213e-01 1.43769741e-01
    -3.11210185e-01 -3.27144474e-01 -8.21081996e-02 -4.65353608e-01
    3.09498250e-01 -1.91032290e-01 2.22834826e-01 -5.65903902e-01
    -3.99521023e-01 -2.24059641e-01 -5.31347871e-01 -5.83758354e-02
    -2.37259388e-01 -1.70342267e-01 2.10573792e-01 -1.27234697e-01
    2.35273898e-01 -3.06337357e-01 -4.00259614e-01 5.20197153e-02
    -5.49026728e-02 -2.79835761e-01 8.75008106e-02 -1.00870073e-01
    3.09834480e-02 -3.87933612e-01 -5.06923795e-01 -4.25772607e-01
    -3.99011374e-02 -6.08006835e-01 -1.77120984e-01 -2.07676768e-01
    -6.92476690e-01 -7.51740456e-01 -4.98476833e-01 -2.31335640e-01
    -2.15760648e-01 -3.78559589e-01 5.91524243e-02 -1.02378190e-01
    -2.37370074e-01 -6.57118201e-01 1.42868698e-01 -7.01763511e-01
    -7.07481623e-01 -2.08868027e-01 -2.21978486e-01 -6.89176202e-01
    -1.38616025e-01 -1.69846475e-01 -2.26326823e-01 1.61132693e-01
    -3.05690736e-01 -1.37954712e-01 -6.94146633e-01 9.55441594e-02
    -4.78569627e-01 1.39109910e-01 -2.87068874e-01 -5.05836010e-02
    1.88628197e-01 -7.17741847e-02 -5.51174283e-02 -5.90113759e-01
    1.31001353e-01 -2.03658760e-01 -1.52131915e-01 -3.10037673e-01
    2.60779262e-02 -4.55460548e-02 1.86092317e-01 -7.37605095e-01
    -2.90600657e-02 -3.00468087e-01 -7.02452481e-01 -4.23065454e-01
    -5.05840302e-01 4.80160117e-02 4.77005243e-02 -3.33021104e-01
    -4.34776843e-01 1.72873795e-01 1.51563287e-01 -1.68451548e-01
    2.71593928e-02 -4.65874672e-01 -2.42334902e-01 2.91103125e-02
    1.76852345e-01 -9.61499214e-02 -7.32660651e-01 -1.49580538e-01
    -1.80950046e-01 2.02330828e-01 -4.25915718e-01 -1.09581947e-02
    -1.93910062e-01 1.14409208e-01 -4.62975025e-01 -1.54123306e-01
    1.21712804e-01 -7.43001819e-01 -5.18895388e-01 -8.55702162e-03
    1.73524618e-01 -2.38468766e-01 -6.82239056e-01 -6.44583404e-01
    -4.74307954e-01 -6.10858500e-01 1.55024052e-01 1.88482344e-01
    -2.73789465e-01 1.28573120e-01 1.26700759e-01 -4.96622622e-01
    -4.41858649e-01 -5.14680147e-03 -6.51365638e-01 -4.00819182e-02
    -1.90320194e-01 -1.55155063e-02 -4.45394695e-01 4.85214591e-02
    -2.23024368e-01 -5.47743738e-01 -3.64410639e-01 -2.10618973e-03
    -2.25756526e-01 -5.38240552e-01 -5.03332853e-01 -5.26873112e-01
    -4.42308545e-01 2.13926435e-01 2.15570629e-01 -2.19525695e-01
    -2.87329853e-01 -2.62553751e-01 -2.82607675e-02 -1.25332117e-01
    -1.18462741e-01 -7.25266814e-01 -1.24776363e-01 -6.01384044e-01
    1.43923461e-01 -6.57545924e-02 -6.35824919e-01 8.99195671e-03
    6.57883286e-02 -7.16820240e-01 6.72797561e-02 -1.37231767e-01
    -8.03995132e-02 1.30500793e-02 -5.42340517e-01 -1.84774399e-06
    -5.92621505e-01 1.81938052e-01 2.50512004e-01 2.30487406e-01
    1.13591492e-01 1.08349383e-01 -1.74304068e-01 -3.59048486e-01
    -5.61068416e-01 -6.18567467e-01 2.49679029e-01 -4.90049392e-01
    -5.79271793e-01 1.50375783e-01 -7.08060026e-01 1.20071650e-01
    -1.69844687e-01 1.63714945e-01 -3.03471893e-01 -6.08600736e-01
    -8.37395191e-02 -1.74271703e-01 7.69779682e-02 -6.42180204e-01
    1.29573941e-02 -3.85449678e-01 -3.64241600e-01 -9.30695534e-02
    -1.47873163e-02 -3.88402343e-01 -4.24922258e-01 -6.27649128e-01
    -4.70106602e-02 1.64924920e-01 -3.17287743e-01 2.12079763e-01
    -5.15177011e-01 -1.65999651e-01 1.78506076e-01 -4.82466042e-01
    2.57845521e-02 1.95175409e-01 -5.63632846e-01 -1.27187729e-01
    -8.90458822e-02 6.66763783e-02 -7.25614190e-01 -4.54623461e-01
    -6.43740535e-01 -1.68077946e-02 -2.27446556e-02 -4.52958524e-01
    -1.97078407e-01 -1.69124544e-01 -3.45448196e-01 -4.09446418e-01
    -5.54094791e-01 -2.71894544e-01 1.74780130e-01 -1.76245153e-01
    -4.31271434e-01 8.65679979e-03 -2.28285700e-01 -5.72381914e-01
    -4.55573261e-01 -7.14057565e-01 -5.95862508e-01 -8.98582935e-02
    -3.48233372e-01 9.32461023e-02 -4.27658677e-01 1.96650624e-02
    -3.10298622e-01 1.28137290e-01 1.89083219e-01 1.87938511e-01
    2.03367472e-01 -2.83536911e-02 2.46230066e-01 -4.90573317e-01
    -5.54120183e-01 -3.28619480e-01 -6.77168310e-01 -1.49242818e-01
    -6.82715893e-01 -4.14297789e-01 -4.97087657e-01 -6.29582047e-01
    -2.68560648e-01 -5.16059160e-01 3.89632583e-02 2.38258421e-01
    1.78246677e-01 1.05883420e-01 -3.21148098e-01 -2.98519731e-01
    -2.68071085e-01 2.85411954e-01 5.36793113e-01 4.34395999e-01
    -1.78655535e-01 1.55727565e-02 3.61395121e-01 -1.63768023e-01
    1.34803236e-01 -4.20116186e-02 -4.17197943e-01 2.45847642e-01
    -1.06537342e-01 5.13385534e-02 -5.58867455e-02 1.89723372e-02
    2.13262260e-01 -5.02405405e-01 -3.65986496e-01 -4.84508723e-01
    1.82784915e-01 -3.15013111e-01 -2.10589826e-01 -7.22095490e-01
    -1.34169400e-01 -7.13681459e-01 2.04107523e-01 -4.42522645e-01
    -3.18807214e-01 -6.16824746e-01 -1.52080178e-01 2.37506032e-02
    -5.93932033e-01 2.42743492e-02 -6.79851592e-01 -2.64659762e-01
    -5.32335758e-01 -7.55760550e-01 -3.29520553e-01 -5.46768665e-01
    -7.20105708e-01 -4.70736384e-01 -1.13799989e-01 3.31064463e-02
    -5.21879792e-02 -2.92697847e-01 -5.75867236e-01 -3.13292742e-02
    -7.97941387e-01 9.19097066e-02 -4.10542578e-01 -4.23094541e-01
    2.07961500e-01 -3.55268031e-01 -7.43943214e-01 -3.92016590e-01
    -3.05260599e-01 -3.93410861e-01 -3.10967654e-01 -5.54802895e-01
    -1.58718169e-01 -1.45105124e-02 1.29811883e-01 -2.42827833e-01
    1.79652810e-01 -3.96950960e-01 -6.58007860e-01 1.36430204e-01
    -5.25637329e-01 1.91698313e-01 -1.58559799e-01 -2.11478949e-01
    -7.43077755e-01 -2.11519957e-01 -2.13779926e-01 -6.50814772e-01
    -6.07600808e-02 -3.59191626e-01 -2.90057659e-02 -2.22627103e-01
    -1.84077144e-01 -5.68747163e-01 -7.20530987e-01 1.60458684e-01
    -9.66057181e-02 -6.51072145e-01 -7.40419626e-02 -5.81728458e-01
    -1.46999955e-02 -3.78068268e-01 -7.63366818e-02 -1.56109810e-01
    -5.15134573e-01 4.97448444e-03 -4.83568907e-02 -4.63692069e-01
    -5.08139431e-01 -7.35664189e-01 8.13476443e-02 2.76493967e-01
    -3.22113633e-02 1.20000839e-01 -2.40039885e-01 -5.25816500e-01
    -1.06502652e-01 -4.66889441e-01 -4.97323155e-01 -7.52575874e-01
    -6.76692247e-01 -3.73149753e-01 -2.05497146e-01 3.77935171e-03
    -6.58110976e-02 -7.64606416e-01 -5.11232853e-01 6.26368523e-02
    -4.46378857e-01 7.69611597e-02 -4.09139842e-01 -5.64144313e-01
    -5.51539898e-01 -3.88385594e-01 -5.33447444e-01 -2.46823072e-01
    -5.67424536e-01 -5.11930585e-02 -5.30722976e-01 -4.54390049e-02
    -1.35739446e-01 -7.37793088e-01 -5.44881821e-02 9.06167626e-02
    -7.45145202e-01 -2.48995185e-01 -9.83410478e-02 -6.00442171e-01
    -6.25329256e-01 -4.33576524e-01 -4.01175916e-01 6.01161718e-02
    -3.93235564e-01 -7.67792583e-01 -8.77740979e-02 -6.61797643e-01
    -2.85882175e-01 -6.87446773e-01 -2.41658151e-01 -9.29620266e-02
    7.69262314e-02 1.55363858e-01 1.78747177e-02 -6.69048250e-01
    1.48108184e-01 -1.93475902e-01 -4.94169295e-01 -2.49340326e-01
    -6.18843734e-01 -3.77090991e-01 -4.21924263e-01 8.22170377e-02
    -4.16408449e-01 3.08070540e-01 -2.66201228e-01 -2.83806086e-01
    -4.41229016e-01 -1.56772852e-01 1.92810893e-01 -1.12328947e-01
    2.75048971e-01 -5.45879483e-01 -1.30061209e-01 1.94437504e-02
    -4.73789662e-01 -2.41553217e-01 -2.03816891e-02 -1.56977355e-01
    -7.16014326e-01 -4.47220236e-01 -5.95078707e-01 -7.85013437e-02
    -2.37791121e-01 9.96571779e-02 -1.41593039e-01 -3.14500153e-01
    -7.31558204e-01 2.27088332e-01 -5.78375220e-01 -6.85947657e-01
    -6.55189514e-01 -6.80459380e-01 -1.73239768e-01 9.19536948e-02
    -4.81681645e-01 9.18939114e-02 -5.11569381e-01 -5.76807618e-01
    -3.93153429e-02 -3.07791710e-01 2.47156560e-01 -7.42556930e-01
    8.35338235e-02 -2.24295259e-02 1.60652280e-01 -5.26391029e-01
    -6.92592502e-01 -1.85215771e-01 -1.85689509e-01 1.56165481e-01
    -6.21326208e-01 -3.46087337e-01 -5.50426662e-01 -4.08722699e-01
    -2.72436798e-01 2.95053661e-01 8.63523483e-02 -1.39463842e-01
    -2.07538009e-02 2.79632211e-02 -1.02764606e-01 -6.76499665e-01
    -1.89224482e-02 -2.32948244e-01 -6.25692487e-01 -4.96176630e-01
    -3.61631155e-01 1.90974414e-01 2.15528488e-01 -3.64455104e-01
    -5.47395647e-01 -4.06942129e-01 7.89988041e-03 -1.89558029e-01
    2.08232760e-01 -5.49030244e-01 1.33765221e-01 -1.89397514e-01
    9.15365815e-02 -4.57617223e-01 -2.44445384e-01 -5.38672209e-01
    -2.27504373e-01 1.98109746e-02 -4.71076965e-01 -4.78388697e-01
    -3.11053306e-01 -4.78428066e-01 -4.04655516e-01 -4.65577155e-01
    2.75683284e-01 1.56094432e-02 -6.58271909e-01 -1.58332169e-01
    -2.84824967e-02 -4.53493476e-01 -1.49026841e-01 -3.38046551e-02
    -2.73781627e-01 4.63303804e-01 -9.44899917e-02 -1.27270639e-01
    2.00324416e-01 4.16449636e-01 -2.24980175e-01 -4.72498834e-01
    3.06313932e-01 -3.26774359e-01 -3.88086438e-02 -2.57537693e-01
    -1.38883889e-01 1.92118227e-01 -2.54060805e-01 -5.40591359e-01
    -3.36327612e-01 -2.21794367e-01 5.89740872e-02 -6.58549547e-01
    1.25856400e-01 -5.97580791e-01 1.59788132e-03 -7.35850751e-01
    -4.47601020e-01 -1.69417739e-01 -3.48472744e-01 2.29053497e-01
    -5.33649921e-02 -4.43453729e-01 1.86305344e-01 -2.46291041e-01
    -5.46090603e-01 9.58901644e-03 -6.53210878e-01 3.67029309e-02
    -1.85530901e-01 -5.63150823e-01 -7.65066743e-02 -6.20288610e-01
    -6.21909320e-01 -1.04180396e-01 1.28098190e-01 -4.09756660e-01
    -3.56625617e-01 -1.75225735e-01 -4.37577546e-01 1.89638138e-01
    -1.74402595e-02 -3.52265120e-01 -4.65702951e-01 1.72157407e-01
    4.90627885e-02 -4.32395101e-01 -3.10625255e-01 4.48036194e-02
    1.65813446e-01 -5.44659615e-01 -3.99116874e-02 -3.84225428e-01
    -2.04810798e-01 -3.26810360e-01 1.60863221e-01 -2.43712664e-02
    1.79557800e-01 -5.62070370e-01 -7.13642240e-02 -7.40709007e-01
    -6.22248292e-01 -3.19225550e-01 -4.32600617e-01 -2.33691275e-01
    -4.49559391e-01 -5.73957384e-01 8.77706409e-02 1.21800780e-01
    -4.31581736e-02 -5.79776168e-01 -7.42654800e-01 -2.34455466e-01
    -2.47467875e-01 -4.03445125e-01 -9.64760780e-02 -2.92338669e-01
    -1.97048008e-01 6.95000887e-02 -3.38310808e-01 -6.47835970e-01
    4.29468155e-02 -1.68909252e-01 -6.09285772e-01 -3.19365978e-01
    -1.82007134e-01 -5.03741264e-01 6.69045448e-02 1.64191723e-02
    -3.55212808e-01 2.29046583e-01 -4.04152274e-02 2.67712474e-02
    -1.65371835e-01 -7.01184154e-01 -2.51596808e-01 -5.54635346e-01
    2.09296346e-01 6.17889762e-02 -6.39238000e-01 -5.47988415e-02
    -4.48141456e-01 -6.61007702e-01 -4.31406260e-01 -6.47235394e-01
    4.53014970e-02 -3.81819129e-01 -4.63400602e-01 -6.24653101e-02
    1.30740941e-01 -2.12192178e-01 -4.80207622e-01 -1.52386308e-01
    -1.58693194e-02 -7.15073168e-01 -6.80290699e-01 1.89749300e-01
    -2.63675928e-01 1.61615670e-01 -7.16954231e-01 -6.82043433e-01
    -1.29428327e-01 -2.95980513e-01 -5.14384031e-01 -9.82292295e-02
    -6.89085901e-01 -5.56027889e-02 -2.51200855e-01 1.49368584e-01
    6.80307150e-02 -5.44779539e-01 1.75336897e-01 -5.16490698e-01
    2.16691315e-01 -5.71803391e-01 -6.85327649e-01 -7.64698982e-01
    -4.86913025e-01 -4.38115329e-01 -3.35865974e-01 2.12619007e-01
    -4.69088793e-01 -2.69629776e-01 1.45549893e-01 -4.78991330e-01
    -6.98599577e-01 -5.04869819e-02 1.39465332e-02 2.04719782e-01
    -5.09337306e-01 2.29522228e-01 -2.69379288e-01 -5.37711143e-01
    -4.19535547e-01 -6.33829892e-01 -3.89660001e-01 -4.70005929e-01
    -2.82369971e-01 -3.34350795e-01 -4.22533154e-02 1.52205765e-01
    -3.59788537e-02 -1.56119823e-01 1.14029109e-01 -2.46637642e-01
    9.24292207e-02 -2.52965629e-01 -1.32772803e-01 -5.44614911e-01
    4.28344011e-02 1.89123750e-02 -1.15846932e-01 -3.35814029e-01
    -1.38028800e-01 -2.66582668e-01 -6.04139745e-01 -1.34615898e-02
    7.29014277e-02 -3.00029755e-01 1.59005105e-01 -2.05139339e-01
    -5.31376600e-02 -9.06798244e-02 -4.77725565e-01 7.02501535e-02
    8.17823410e-03 -4.85683262e-01 -7.46334732e-01 -5.11182070e-01
    2.35249877e-01 -5.01009881e-01 -2.69811302e-01 -6.60706162e-02
    2.69672394e-01 -1.34176016e-01 1.75301611e-01 -9.90410447e-02
    -2.96085209e-01 -5.96401572e-01 -9.96744037e-02 -3.11935335e-01
    -7.10922122e-01 1.46260321e-01 -1.72070861e-02 1.71254873e-02
    -1.65827274e-02 -5.05145431e-01 -6.27316713e-01 -3.62515271e-01
    2.11316466e-01 -1.97035551e-01 -3.98604095e-01 -2.50803798e-01
    1.53766274e-02 -6.65670395e-01 -1.38326228e-01 -1.78216875e-01
    -6.23257995e-01 -5.45889258e-01 -5.60908139e-01 1.94104910e-02
    -1.00646257e-01 5.93364239e-03 -6.40822589e-01 -1.09901249e-01
    -5.66303015e-01 1.18923783e-01 -5.69481254e-02 -2.13440835e-01
    -1.96750462e-01 -3.70255083e-01 -3.63657504e-01 -2.03859687e-01
    -6.51557863e-01 -3.59227061e-02 -4.48516577e-01 -3.87433201e-01
    -4.86155927e-01 -5.39832115e-01 -6.02033436e-01 1.20969057e-01
    -6.15379751e-01 -4.66221452e-01 -2.22437382e-02 -5.25442958e-01
    -1.11416996e-01 1.89160764e-01 -5.35708189e-01 -1.01502627e-01
    3.66660416e-01 -1.44194067e-01 3.71146530e-01 2.90446639e-01
    5.66865802e-01 -7.21213222e-02 1.32938385e-01 3.89715493e-01
    -3.76039386e-01 2.15694427e-01 1.77009106e-01 2.16475129e-02
    -3.04436982e-01 -6.85470939e-01 -3.88910264e-01 7.13508129e-02
    -2.37740338e-01 -6.84915662e-01 1.40076935e-01 -3.64264071e-01
    -3.02213758e-01 -1.52599335e-01 3.62753868e-02 -5.43586850e-01
    1.91202462e-01 6.58025742e-02 -6.40204489e-01 -1.21319950e-01
    -7.58867681e-01 -6.34800315e-01 2.03225076e-01 -2.64599472e-01
    2.06313729e-01 -1.04614437e-01 -3.07122707e-01 1.85055256e-01
    1.15684748e-01 -1.12748146e-01 -3.21559936e-01 -6.44433558e-01
    -5.42202652e-01 -1.69475079e-01 9.83651280e-02 -5.70589304e-03
    -4.53726113e-01 -1.06272042e-01 3.75081301e-02 -3.13766718e-01
    -5.38263321e-02 -4.98137772e-01 -5.31652153e-01 -5.78585923e-01
    -2.66398787e-02 1.26739860e-01 -1.56034231e-01 -1.94321632e-01
    -6.04895830e-01 -4.45439100e-01 1.80395961e-01 -4.56995726e-01
    -6.80953741e-01 -5.66782236e-01 1.92423820e-01 -2.75119901e-01
    -2.14762568e-01 1.86544120e-01 1.71044767e-01 -2.06515193e-01
    -3.71973962e-01 1.63613737e-01 4.52091098e-02 -6.06686950e-01
    -5.07881105e-01 1.37169957e-01 7.52821565e-02 -6.56239033e-01
    8.92066956e-03 -4.39328194e-01 -2.54354894e-01 9.44296122e-02
    -8.39627385e-02 -6.13690436e-01 -2.19879746e-01 1.16787076e-01
    8.80168676e-02 -3.63235503e-01 1.61135435e-01 1.85444593e-01
    -7.55836368e-01 -5.19906461e-01 -4.57199931e-01 1.77632093e-01
    -2.63247430e-01 -4.40692902e-01 -1.97829425e-01 -7.31542110e-01
    -2.42133617e-01 -4.27647710e-01 -4.58359838e-01 -5.41622519e-01
    -1.53614402e-01 6.69329762e-02 -1.96559548e-01 -3.83035839e-01
    -4.63376939e-01 -1.72450662e-01 1.80373192e-01 -4.43243146e-01
    -6.87980175e-01 -4.51899111e-01 1.09868109e-01 -3.70299220e-02
    -1.55294538e-02 -6.07945442e-01 1.81204677e-02 -3.51404428e-01
    -6.71208143e-01 9.23985243e-03 1.10193551e-01 -9.95472074e-02
    -5.35985172e-01 -6.47849321e-01 -3.56735557e-01 1.85728908e-01
    -3.58263344e-01 -6.09511793e-01 -4.60239291e-01 -1.99177444e-01
    -3.42521667e-01 -7.56497979e-02 -2.22462773e-01 -5.58966756e-01
    -6.59437060e-01 -5.00624239e-01 8.63195658e-02 1.44219875e-01
    1.20499492e-01 2.22186446e-01 1.19372606e-02 -4.92091894e-01
    -3.41147810e-01 -1.09790325e-01 -2.09158897e-01 -5.48528790e-01
    -5.49088717e-02 -1.34014487e-02 -4.09354836e-01 -4.66911495e-01
    -6.55287385e-01 -1.95896864e-01 -6.09406888e-01 2.24981427e-01
    -4.71162081e-01 -7.20845044e-01 5.74783087e-02 -6.95314825e-01
    -2.97747463e-01 -4.99932498e-01 -3.31405878e-01 1.41378880e-01
    -5.02328038e-01 -3.16661954e-01 -1.07634842e-01 -4.81021494e-01
    -2.19491124e-02 -6.17536306e-01 -2.61051357e-01 -5.86286426e-01
    -5.21524847e-01 -5.24721980e-01 -2.31960177e-01 -4.16134298e-01
    -3.24720204e-01 1.09215260e-01 -3.97436351e-01 -5.06557703e-01
    1.10830665e-01 2.00386822e-01 -4.06933993e-01 -1.91816211e-01
    -3.42621267e-01 2.05208063e-01 -7.27070451e-01 -6.93661153e-01
    -7.30090916e-01 -5.81236839e-01 -9.91197824e-02 -5.46435833e-01
    -7.40586281e-01 -3.51216137e-01 2.36921251e-01 -3.53040457e-01
    1.00437164e-01 -1.75055921e-01 -9.37868357e-02 -5.99081397e-01
    -5.89872718e-01 -5.49663663e-01 -3.48556638e-02 -2.78519452e-01
    -4.79566902e-01 -8.53910446e-02 -2.83804655e-01 -3.69044065e-01
    7.12549686e-02 -6.11018419e-01 -7.07107663e-01 -2.39764512e-01
    -6.17168546e-02 2.02989697e-01 -2.06544995e-02 5.43453097e-02
    -4.22631830e-01 -5.06759524e-01 1.15251422e-01 -6.56749606e-01
    -4.41820085e-01 -6.66580081e-01 6.47353530e-02 -1.41380012e-01
    1.12570107e-01 -1.32282197e-01 2.86885262e-01 -6.03017211e-02
    1.35800779e-01 1.56118810e-01 -6.58964753e-01 -2.03844965e-01
    -6.68443561e-01 -1.82968020e-01 -4.73912358e-01 1.77700102e-01
    -1.04798138e-01 -1.34324968e-01 -5.97120285e-01 -7.54005075e-01
    -5.82419395e-01 -7.05381870e-01 -5.80816090e-01 -6.52219117e-01
    1.83916092e-01 -5.26813149e-01 -4.85493571e-01 -6.81180239e-01
    -5.65059781e-02 -7.26018488e-01 -6.65398955e-01 3.67052555e-02
    -4.63518739e-01 1.95517778e-01 2.13762283e-01 -3.28717291e-01
    -1.66677296e-01 -4.92110431e-01 -5.65587997e-01 -1.79434478e-01
    2.55549192e-01 1.23363078e-01 2.36086696e-01 -2.41960526e-01
    -1.68372154e-01 1.66488200e-01 1.81956112e-01 3.88608575e-01
    2.98297167e-01 -6.31476641e-02 1.18856311e-01 -3.37890565e-01
    -2.68026173e-01 -5.89782476e-01 -2.37556398e-01 -1.90240741e-02
    8.12643170e-02 6.59261942e-02 -3.90241146e-02 1.58848882e-01
    1.97692215e-01 -4.94199008e-01 -4.90783513e-01 -4.84754562e-01
    1.59826100e-01 2.72047520e-03 -1.42852783e-01 3.59207392e-03
    -3.17204714e-01 2.44914711e-01 -7.24496007e-01 1.43173337e-01
    -4.23908830e-02 -2.45518565e-01 -3.11487824e-01 3.75801921e-02
    5.96081614e-02 -2.72058278e-01 2.27587640e-01 -3.84501666e-01
    -8.69217515e-02 -4.74960208e-01 -3.07362437e-01 7.32369423e-02
    -4.69938695e-01 -6.85915828e-01 1.04600191e-02 -5.94291210e-01
    -4.08788323e-01 7.83270597e-03 -6.55220747e-01 1.87604785e-01
    -5.47510028e-01 -5.76191485e-01 -6.26316547e-01 -5.35103440e-01
    -6.23391151e-01 -4.93503213e-01 5.83148003e-03 -3.01840752e-01
    3.06733251e-02 -2.32300639e-01 -2.18667686e-01 -4.99257386e-01
    -1.20185971e-01 1.70371056e-01 -5.55846691e-01 -6.44858241e-01
    4.81316447e-02 2.05695748e-01 1.92380250e-01 1.10589027e-01
    3.59247923e-02 8.89154077e-02 -1.11055434e-01 -1.03501379e-01
    -5.60528636e-02 -6.05511665e-03 1.81563735e-01 -7.49230266e-01
    -4.21665251e-01 -4.74600196e-01 -2.56790042e-01 -3.05654496e-01
    -1.70254409e-01 -4.41634893e-01 -6.87817454e-01 1.34122372e-02
    -4.67774332e-01 -6.55765116e-01 -1.02883577e-01 -3.85517538e-01
    3.58608961e-02 -7.27427721e-01 -1.74197614e-01 -6.31357908e-01
    -5.34378588e-01 -5.51239133e-01 1.10903561e-01 -5.00108004e-01
    -1.00458086e-01 -2.17175782e-01 -3.75043750e-01 -4.50175405e-01
    -1.61592424e-01 -4.00527596e-01 -1.31431818e-02 4.00091410e-02
    -4.70375061e-01 -5.37504852e-01 5.07903695e-02 -9.60443020e-02
    -3.51219565e-01 -4.59828168e-01 -3.97116363e-01 3.78180742e-02
    -4.68169093e-01 -1.63478851e-01 -1.33278370e-02 -5.48547506e-01
    1.65822208e-01 -1.38036013e-01 -1.24676347e-01 1.95868790e-01
    -4.27058786e-01 -6.57724023e-01 -3.60836655e-01 -3.06286037e-01
    -3.20303679e-01 1.37570918e-01 -2.37563372e-01 2.15031981e-01
    -5.19005179e-01 1.05525494e-01 5.03755808e-02 -4.07928556e-01
    -4.39421535e-02 1.59310758e-01 -3.62958789e-01 -3.45543265e-01
    1.46961093e-01 -4.74475086e-01 -5.21118999e-01 -1.81384981e-01
    -6.17013574e-01 -2.37209976e-01 -2.52073765e-01 1.17730737e-01
    -2.49579549e-02 -7.44983792e-01 1.19134784e-02 4.47310805e-02
    -7.17543364e-02 -4.13749814e-01 -6.86178923e-01 3.61969471e-02
    3.50959301e-02 -4.26069498e-01 -7.20247149e-01 -2.50878960e-01
    -3.27381939e-01 -6.26634955e-01 -2.63980627e-01 -4.17388678e-01
    -5.22025287e-01 -4.94919360e-01 2.65715480e-01 -1.99652314e-02
    -2.50133157e-01 -1.75764561e-01 -5.20300806e-01 -7.30226636e-02
    -2.51755834e-01 -3.34603399e-01 1.96256459e-01 1.00797057e-01
    2.85488367e-02 8.51619244e-03 -3.91271114e-02 7.51901865e-02
    3.63963246e-02 -3.57376337e-01 -1.00006938e-01 -3.52683514e-01
    -4.14547503e-01 -6.86125696e-01 -4.75243688e-01 -5.96917272e-02
    -1.90160453e-01 1.38070643e-01 -1.55879557e-01 1.34110987e-01
    -4.10061777e-01 -7.09514380e-01 -3.35028380e-01 -2.95371950e-01
    -2.07247317e-01 -3.78330171e-01 -2.63576269e-01 2.96251774e-02
    -4.74054247e-01 -3.09995621e-01 -6.98453665e-01 1.58286214e-01
    -7.12738037e-01 -6.46998763e-01 -2.66343176e-01 -6.49233580e-01
    -1.08224273e-01 -1.85943723e-01 6.51414394e-02 -4.76118177e-01
    1.91192687e-01 -1.27108991e-01 -3.53605747e-02 -3.86453658e-01
    -6.22343302e-01 -1.11906886e-01 -5.97675681e-01 -3.11711341e-01
    2.34862804e-01 -1.26953900e-01 -6.40313447e-01 -3.76034975e-02
    -6.57750607e-01 3.82810831e-03 -8.70733261e-02 -4.68906581e-01
    -6.25256062e-01 -4.43133116e-02 -1.56222105e-01 1.44388080e-02
    -5.44443548e-01 1.92014813e-01 -1.66564465e-01 -2.22840905e-01
    -6.43462539e-01 -1.56181991e-01 -7.54249156e-01 2.05226302e-01
    -5.71844161e-01 -6.92197740e-01 -1.57972574e-02 -5.46091259e-01
    -5.68641067e-01 -2.68872440e-01 2.50288844e-02 8.15956593e-02
    -9.94575620e-02 -2.29817092e-01 -3.53161991e-01 5.39748073e-02
    -4.72189128e-01 -3.18985105e-01 -4.41194862e-01 -3.13660622e-01
    3.78688514e-01 4.68762666e-01 -1.31206185e-01 3.52315366e-01
    -2.93435752e-02 3.41745108e-01 -2.33418465e-01 -1.21088415e-01
    -3.95780504e-01 -1.16893709e-01 -2.87891209e-01 -7.12238908e-01
    -6.63774729e-01 -2.21064329e-01 -4.14550900e-01 -3.84198636e-01
    -6.48700655e-01 -4.35292155e-01 2.15230644e-01 -5.00467420e-01
    -8.45289230e-02 -1.98440015e-01 -2.97595829e-01 -3.05138141e-01
    -1.27242208e-02 1.23157859e-01 -1.76144004e-01 -1.79953575e-02
    -7.27984548e-01 -5.81972122e-01 7.79791474e-02 -6.79945588e-01
    2.18576550e-01 -1.81853294e-01 1.55763090e-01 -1.58011615e-01
    2.10366488e-01 -1.11757100e-01 2.03584075e-01 -1.70975387e-01
    -5.71709394e-01 1.09346926e-01 -4.24276233e-01 -4.02764618e-01
    -1.59180582e-01 -1.91044807e-01 -1.38089299e-01 -7.52075911e-02
    -5.48229754e-01 -1.54564977e-02 -7.82412291e-03 -6.32622242e-01
    -1.99141145e-01 2.19522774e-01 -9.29537416e-02 -2.97796011e-01
    2.01749802e-02 1.09095633e-01 -7.00383902e-01 -4.97147977e-01
    6.22308254e-03 -1.82743788e-01 -1.48538589e-01 1.73872709e-02
    -7.27622151e-01 -4.26971912e-03 -2.56969213e-01 -8.64287019e-02
    -4.95745957e-01 -5.50864577e-01 1.70052707e-01 -2.02583253e-01
    -1.31814122e-01 -2.07066536e-04 -6.42255783e-01 1.41307116e-01
    -4.42161858e-01 -8.09177756e-02 -1.38618708e-01 -2.21928358e-01
    4.00462151e-02 8.51675868e-02 -3.37421864e-01 -4.19511437e-01
    -1.72253668e-01 9.39724445e-02 -3.27135324e-01 -3.16402316e-02
    -6.94929600e-01 7.16533661e-02 2.39946842e-02 -7.60364473e-01
    -5.38665414e-01 1.10090077e-01 -6.01556540e-01 -1.95676565e-01
    -3.26614976e-01 -5.13746262e-01 -1.26868188e-01 1.20068491e-01
    -6.67847991e-01 -1.88138247e-01 -5.06883264e-01 -3.15642446e-01
    -2.16723502e-01 -3.54969382e-01 -2.10671484e-01 -2.92445809e-01
    -4.61754262e-01 7.13441372e-02 -6.21082783e-02 -3.23374927e-01
    -5.64160943e-02 1.37318075e-01 -1.41793966e-01 1.35081649e-01
    1.91043317e-01 -7.44550705e-01 -1.34486675e-01 -5.81491947e-01
    -4.10457730e-01 1.69365406e-02 -9.21431780e-02 -5.11940122e-02
    -4.22265291e-01 -5.40984750e-01 -5.83964705e-01 -6.27449989e-01
    -1.81134582e-01 7.42111802e-02 -1.06737554e-01 -2.28416979e-01
    -7.59107471e-02 2.01177001e-02 -4.19640362e-01 -4.61411059e-01
    -1.11204743e-01 -5.68848491e-01 -3.66576135e-01 -2.23698795e-01
    1.21578217e-01 -4.66212928e-01 1.97763264e-01 -5.93391955e-01
    -3.83084059e-01 -1.00803375e-01 -3.09144855e-02 1.48069859e-01
    5.21641970e-03 2.57933736e-02 3.95460725e-02 -5.61905026e-01
    9.00480151e-02 -6.83877230e-01 -3.84029895e-01 -2.21234143e-01
    1.94233358e-01 2.53240407e-01 -7.08547473e-01 -4.55172062e-02
    -5.11820316e-02 -2.36287266e-01 1.29970074e-01 -3.28896880e-01
    -4.14450675e-01 -4.14781570e-02 -5.07394910e-01 -6.67625904e-01
    -7.45149612e-01 -2.73283839e-01 -2.64271110e-01 -5.68426490e-01
    -4.99623835e-01 -7.31986523e-01 -1.58603966e-01 -6.89423740e-01
    -3.45701426e-01 2.08989978e-02 9.65637565e-02 1.28111780e-01
    -2.56863236e-01 1.73209608e-01 7.67850876e-03 -3.16609561e-01
    -1.58355713e-01 2.85476446e-02 1.91236317e-01 -4.64615822e-01
    9.47423577e-02 1.01133049e-01 -5.28610110e-01 -2.46994436e-01
    -1.16276741e-03 2.22720087e-01 -1.60875320e-02 -2.70838737e-01
    1.84332371e-01 -3.13375950e-01 6.08629584e-02 -4.08670992e-01
    -4.90256518e-01 -1.49658322e-02 -5.59627116e-01 -6.42110288e-01
    -9.47873592e-02 -5.03995419e-02 4.92182374e-02 -2.47228742e-02
    -8.39863420e-02 -3.81616086e-01 -4.30533409e-01 -1.10689044e-01
    -5.63930273e-02 -3.18692744e-01 -4.00031447e-01 -4.93811250e-01
    9.08006430e-02 -3.14149797e-01 -1.84959173e-02 -5.06292522e-01
    -2.36928046e-01 -6.20942295e-01 1.94553554e-01 -2.45577097e-01
    -5.92745125e-01 -3.45072359e-01 -5.23230195e-01 -7.15365052e-01
    -4.45629120e-01 2.34103978e-01 -6.22225404e-02 -9.32525396e-02
    -3.47410619e-01 -6.48425519e-01 -6.17539883e-02 -5.83827734e-01
    9.78628397e-02 -4.44890708e-01 -1.38805985e-01 -5.77632427e-01
    -2.71788180e-01 -4.04975832e-01 -2.57825553e-01 -7.26373553e-01
    -1.06732130e-01 1.84185028e-01 -3.85961235e-01 -6.22844219e-01
    -5.50615191e-01 -3.60100985e-01 -5.54488778e-01 -2.75329947e-02
    -4.88150746e-01 -5.02081394e-01 -4.05599564e-01 -5.25532961e-02
    2.31858611e-01 1.14766330e-01 4.34065342e-01 -2.37999916e-01
    5.56913972e-01 3.67274940e-01 2.41133928e-01 9.95202661e-02
    -4.99288440e-02 4.50335741e-02 1.27124310e-01 -1.95036411e-01
    -1.70145571e-01 -7.54335761e-01 -4.17247027e-01 -9.69588757e-02
    -3.63617539e-02 -4.44243968e-01 -7.19193578e-01 -2.90001363e-01
    -2.43269503e-01 -6.39143467e-01 -7.41578937e-01 -4.89249945e-01
    -6.83085322e-01 -1.73486114e-01 4.91380095e-02 -3.48689288e-01
    -2.92762935e-01 -6.13821208e-01 -2.27415621e-01 -2.51403451e-02
    -2.12771237e-01 -1.09714568e-01 4.02547121e-02 -2.37211645e-01
    -2.67670214e-01 -5.79470098e-01 -7.54980505e-01 -5.86626172e-01
    -4.39464182e-01 -3.20764542e-01 -4.01501268e-01 1.79160833e-02
    -5.35839915e-01 -3.28644842e-01 -3.49327445e-01 2.42934227e-02
    -9.99909639e-02 -7.35117376e-01 2.31963158e-01 -6.13312066e-01
    -4.19992387e-01 -3.25791448e-01 1.76848412e-01 -3.78109813e-02
    -3.23709279e-01 -5.24718404e-01 -4.51384783e-01 -6.80911541e-01
    -7.20949531e-01 -1.08687043e-01 4.64782715e-02 -1.36413813e-01
    -3.02631259e-01 -5.97745419e-01 -5.22431016e-01 -5.79122722e-01
    -7.73797393e-01 -4.87146169e-01 -1.35285199e-01 -7.27733016e-01
    -2.33934104e-01 -4.28234637e-01 -3.17466915e-01 -8.89728665e-02
    -6.26309156e-01 -5.39250791e-01 -2.01583385e-01 -1.83538139e-01
    -6.04036748e-01 -3.64193618e-01 8.35257769e-02 -5.20832062e-01
    -7.44149148e-01 -5.56205153e-01 -5.13947189e-01 9.83699560e-02
    9.21081901e-02 1.63104236e-01 -3.93795848e-01 -5.44760942e-01
    -5.54005504e-02 -1.99095011e-02 -2.49774486e-01 7.64999986e-02
    -6.65717304e-01 -6.74509764e-01 -3.60359550e-02 -5.99127054e-01
    -1.82342947e-01 2.79005587e-01 -3.92580420e-01 -3.02769899e-01
    2.77604461e-02 -5.60338259e-01 -3.84510040e-01 4.12984490e-02
    -2.76052415e-01 -1.75323308e-01 1.17803097e-01 -1.61249638e-01
    9.54914093e-02 -5.83508849e-01 -6.51440859e-01 -3.51071835e-01
    -4.57821429e-01 -1.19465649e-01 -6.06665730e-01 -5.53207815e-01
    1.64467037e-01 -6.95392489e-01 -2.77942091e-01 -4.73133475e-01
    1.73388362e-01 -5.21587133e-02 2.06650198e-01 -6.52864754e-01
    -5.93725204e-01 -3.33506972e-01 -3.54589224e-01 1.60456657e-01
    -4.43768978e-01 2.32508600e-01 -5.92689991e-01 1.80236101e-02
    -7.52543449e-01 -2.04420090e-01 -5.10358691e-01 -6.30498171e-01
    1.14581406e-01 4.05186415e-02 -1.58685565e-01 -2.29858220e-01
    -7.93712020e-01 -1.17390990e-01 -7.61616111e-01 -1.17170811e-03
    4.71947193e-02 1.62599087e-02 -6.48004651e-01 -6.76370263e-01
    1.36643648e-02 -5.84605217e-01 -4.54754829e-01 -5.04861951e-01
    -4.63530183e-01 -8.60458612e-03 -3.45098019e-01 -5.57315409e-01
    1.00296795e-01 -4.32455420e-01 -3.01005691e-01 -5.69704115e-01
    -3.35091352e-03 -6.33031726e-02 -5.60042143e-01 -3.32540929e-01
    3.05540562e-02 -4.36217576e-01 -3.18394691e-01 9.99140143e-02
    -7.51764059e-01 -7.12027431e-01 -2.03358233e-01 -5.84347904e-01
    -3.23756516e-01 -7.46531010e-01 -3.99579525e-01 5.08093834e-02
    -7.12923408e-01 -1.35226488e-01 -3.45855594e-01 -6.34834468e-01
    -6.58874035e-01 -4.55403209e-01 -6.83728218e-01 2.08314955e-01
    -1.42036021e-01 -2.76285827e-01 -5.31681299e-01 -6.66373134e-01
    -6.57467246e-01 -5.29829323e-01 2.20108032e-03 -3.43207777e-01
    -7.45368838e-01 -5.85749447e-01 -5.12009263e-01 1.60937428e-01
    -1.94984972e-01 6.65529370e-02 -1.94481969e-01 -2.04684317e-01
    -3.38373572e-01 -8.24769139e-02 1.04114413e-02 1.22915506e-01
    9.13167000e-02 -5.85340679e-01 -1.04689062e-01 -5.63297689e-01
    -3.36596042e-01 -5.58476031e-01 3.03486764e-01 7.48306513e-02
    -2.13027000e-04 -3.58236372e-01 -6.28147960e-01 1.71507835e-01
    -6.54273748e-01 2.38229632e-01 2.36577392e-02 -2.36088634e-01
    -6.73151255e-01 -9.19312835e-02 -6.56962872e-01 -5.59593678e-01
    7.31157064e-02 -7.43381381e-01 1.59954727e-01 -5.88315725e-01
    -1.33721769e-01 -6.95102811e-01 -7.65218139e-02 -6.56342804e-01
    -8.51667523e-02 -5.11258602e-01 1.27072752e-01 -1.39892161e-01
    -2.59681761e-01 1.66862547e-01 -5.34068108e-01 1.23771429e-02
    -6.30549729e-01 1.88939631e-01 -5.49931884e-01 -3.27092141e-01
    5.09530306e-02 -7.20124662e-01 -6.65908515e-01 -5.15579820e-01
    -4.52050447e-01 3.55106592e-03 -9.81286168e-02 2.30105102e-01
    -3.12680006e-03 -3.17270130e-01 3.60091418e-01 5.75579286e-01
    -3.02878350e-01 9.77451503e-02 -4.64131773e-01 -3.26823056e-01
    -4.66746956e-01 -5.04888654e-01 2.67484605e-01 -5.36634207e-01
    -5.55985808e-01 -6.08832836e-02 -3.36530834e-01 1.18418157e-01
    -9.92773175e-02 -2.73884833e-01 -8.59774351e-02 -6.58238173e-01
    -4.45963621e-01 -5.01099586e-01 -6.46255612e-01 -5.93839884e-01
    -3.81276667e-01 -6.84906840e-01 -6.40280724e-01 -3.26509893e-01
    -7.03708529e-02 9.22927856e-02 4.05431390e-02 -9.89419222e-02
    -6.68226957e-01 1.76863730e-01 -5.91474771e-02 2.14861214e-01
    -4.22931910e-01 -4.69354749e-01 -5.84085166e-01 -2.47767568e-02
    -7.34677255e-01 1.47672296e-01 -5.75293243e-01 -2.29902029e-01
    2.73824334e-02 -4.84741151e-01 -1.42888248e-01 2.25007892e-01
    1.19284332e-01 -3.89814138e-01 1.30342543e-01 -6.44415855e-01
    -3.29667032e-01 -2.45606393e-01 -5.25822639e-01 -1.99794948e-01
    -5.41523814e-01 -5.29868484e-01 -1.12947166e-01 -1.38877809e-01
    -1.73091292e-01 -4.24253851e-01 -2.13214159e-01 -1.46140873e-01
    -5.01143277e-01 -5.12490511e-01 -5.65289795e-01 -3.96988630e-01
    -7.65984654e-01 -4.52693641e-01 -6.87281609e-01 -7.44455934e-01
    -1.84955180e-01 1.03128076e-01 -2.41528749e-01 -2.66778380e-01
    -5.24458230e-01 -1.68495178e-01 -4.12326157e-01 5.10405302e-02
    1.46848023e-01 -3.78482014e-01 -4.68172491e-01 -3.94049287e-02
    6.57676458e-02 6.19653463e-02 -2.49624252e-04 -4.36239600e-01
    1.89753592e-01 4.61696386e-02 -7.75808096e-03 -4.28411335e-01
    -3.90695721e-01 -2.30126381e-02 -5.96940994e-01 -6.85448945e-01
    -2.30093718e-01 -3.60453665e-01 -5.89732528e-02 3.01367462e-01
    -4.45099741e-01 -2.71925360e-01 -1.46923065e-01 -4.51671779e-01
    -5.68722129e-01 -2.71002650e-01 4.43745852e-02 -7.38605857e-01
    2.07714260e-01 2.37669647e-01 -6.27784789e-01 -1.79929137e-02
    -3.09922576e-01 -5.24662137e-02 -5.47798991e-01 3.88862491e-02
    -5.15616655e-01 -6.87869251e-01 2.28674054e-01 -6.51303291e-01
    1.30212307e-03 -9.60361958e-03 -2.18097627e-01 -6.62434578e-01
    1.75540864e-01 -5.87627292e-02 -4.73712742e-01 1.78215504e-02
    -6.66033268e-01 -3.57626021e-01 -5.87522268e-01 2.09993482e-01
    -7.02426076e-01 -5.64177513e-01 -3.52136582e-01 -2.68579245e-01
    -1.86926425e-01 -1.39970243e-01 -1.84569359e-02 1.66842878e-01
    -1.70028806e-02 -5.38453162e-01 -1.45705283e-01 1.57460272e-01
    -5.96404672e-01 -2.32937932e-02 -2.11252332e-01 -5.58466673e-01
    -6.04094863e-01 -8.52885246e-02 -4.44675088e-01 5.27840853e-03
    -2.98585594e-01 -1.19451046e-01 -3.57031941e-01 -6.51659966e-02
    1.31061316e-01 -2.87022769e-01 -5.00382483e-01 -2.94251800e-01
    -5.87051392e-01 -2.82367498e-01 -5.38678229e-01 -4.37460661e-01
    -1.32306993e-01 -5.82774401e-01 1.04672849e-01 -3.40090066e-01
    -3.37558120e-01 -7.36513495e-01 -4.19330955e-01 -1.08958840e-01
    -7.59187698e-01 -2.80186474e-01 -4.01497930e-01 3.89998555e-02
    -3.22779298e-01 -4.99836355e-01 -4.08248901e-01 -2.39876449e-01
    -4.97489810e-01 1.73543870e-01 -3.63840699e-01 1.20874226e-01
    -2.03226984e-01 -3.05153042e-01 -5.17434478e-01 -3.34327817e-02
    -7.03530192e-01 2.96512246e-02 -6.42458677e-01 2.38748372e-01
    -4.36330914e-01 -4.45296466e-01 -2.50879288e-01 2.02398777e-01
    -8.99111629e-02 -6.51361585e-01 -2.04699337e-01 -4.57489133e-01
    -1.74599588e-01 -1.01703405e-02 -3.93330455e-01 -2.92711973e-01
    -1.24051511e-01 -6.94995403e-01 -5.95936894e-01 2.17595696e-02
    -5.94341636e-01 6.65734410e-02 -6.49604440e-01 -4.55400020e-01
    -6.70391083e-01 -1.41752183e-01 -4.73938018e-01 -6.05517805e-01
    -5.90844870e-01 -3.62206697e-01 -5.04227042e-01 -6.67690992e-01
    -4.40621376e-01 -5.13498187e-01 1.40090168e-01 -3.73638391e-01
    -5.09730101e-01 -4.04730022e-01 -2.06912518e-01 2.57339597e-01
    -7.22765684e-01 -4.55757976e-01 -7.34321713e-01 -4.69173431e-01
    -4.69402611e-01 -4.93694067e-01 -2.10267961e-01 -2.25536406e-01
    -6.14916682e-01 -3.15124482e-01 -4.20399338e-01 2.72437930e-02
    -4.15422350e-01 2.66813636e-02 -2.96198219e-01 1.21975720e-01
    -2.93958753e-01 -2.54789770e-01 -6.98658466e-01 1.38692260e-01
    1.11621618e-01 2.02451766e-01 -3.43592644e-01 -6.42522693e-01
    -6.75095201e-01 -5.72231054e-01 2.44628787e-02 -1.49141610e-01
    -1.18491590e-01 -2.60448456e-02 -1.62135392e-01 -9.22544599e-02
    3.77394587e-01 1.62950486e-01 -6.50888681e-03 1.54799461e-01
    1.83413982e-01 -7.03163147e-02 1.01838112e-02 8.96350145e-02
    -3.80831391e-01 -5.75164914e-01 -7.02437758e-01 -7.57423282e-01
    -4.68309850e-01 2.15125561e-01 -4.63617861e-01 1.37446642e-01
    8.09385180e-02 -6.89481616e-01 -1.38035297e-01 -7.24485219e-01
    -4.61531579e-01 -5.56657195e-01 -1.04516864e-01 -4.56381440e-02
    -5.77793717e-01 1.77814841e-01 -2.07627833e-01 -2.32936263e-01
    -4.53485787e-01 -7.42017388e-01 -7.03542233e-02 1.63759351e-01
    -6.76872730e-02 -1.95186973e-01 -3.90213966e-01 -3.84904295e-01
    -6.93850636e-01 -2.11522758e-01 -1.86417818e-01 -6.04677796e-01
    8.36629868e-02 -4.62334752e-02 -5.15751839e-01 1.60211027e-01
    3.14525962e-02 2.06143916e-01 -2.92241037e-01 -6.80912018e-01
    9.90428925e-02 -2.64294595e-01 -6.16544187e-01 -4.58493233e-02
    -3.19912702e-01 -1.33699775e-02 -6.53790236e-01 -7.14111686e-01
    2.23597765e-01 -5.51742077e-01 -3.41926277e-01 -1.48414195e-01
    -2.66394109e-01 -1.65531039e-01 1.82750523e-01 -4.62258488e-01
    -2.63100266e-01 -6.05296016e-01 -6.37469530e-01 -2.70276666e-01
    -7.59101272e-01 -4.88227576e-01 -7.02075243e-01 -7.05903172e-02
    -3.19498569e-01 -3.95204991e-01 1.20871246e-01 -8.18532705e-03
    8.73809457e-02 -1.85507655e-01 -1.46109819e-01 -4.35269892e-01
    -5.51886678e-01 -7.93057084e-02 -1.97260857e-01 -3.19844633e-01
    -6.86438322e-01 -3.34792435e-01 -6.27344728e-01 -5.18197000e-01
    -1.52968884e-01 -1.58428848e-01 -5.16899943e-01 -1.61839068e-01
    1.59182847e-01 -5.95042467e-01 -5.32774925e-02 -4.55373377e-01
    -4.87605661e-01 1.83563828e-02 -5.07602215e-01 2.62048304e-01
    9.31518674e-02 -6.07099175e-01 -4.66910303e-01 -6.28205776e-01
    2.32449234e-01 1.95850313e-01 -1.07055902e-02 4.89338636e-02
    -2.87093639e-01 2.08255708e-01 -4.12608683e-01 -3.83457512e-01
    -3.20489347e-01 -4.62195873e-02 -4.06568646e-02 -4.76374745e-01
    -5.41628003e-01 -5.47894597e-01 1.86537325e-01 -5.34658134e-01
    3.41594815e-02 -3.86244357e-01 -2.95784771e-01 2.69625366e-01
    1.15325212e-01 -3.05546314e-01 -1.38940275e-01 -6.61680222e-01
    -2.45608568e-01 6.04927540e-03 -5.29414058e-01 -2.45769918e-01
    -1.52573407e-01 -3.55810195e-01 1.71474814e-01 -3.03320289e-02
    -4.57552433e-01 -6.42438889e-01 7.49818087e-02 -2.68945873e-01
    9.30911899e-02 -6.01264477e-01 -7.37324715e-01 -4.54434514e-01
    -4.04722005e-01 -5.16571045e-01 -1.32378161e-01 2.15732455e-01
    -3.20504367e-01 -4.46015596e-01 1.36084020e-01 1.10228360e-01
    -6.35124445e-01 -4.11396384e-01 -4.94114161e-01 -4.16597843e-01
    -4.76303101e-02 -2.38189071e-01 -1.28625989e-01 -6.28792703e-01
    1.42727673e-01 -3.70693624e-01 -6.86474502e-01 -3.08442354e-01
    1.02822185e-02 9.16813016e-02 -2.42322266e-01 -5.29787123e-01
    -3.48386317e-01 -5.72849154e-01 -4.52521443e-02 -6.57736719e-01
    -3.21515173e-01 -6.07276678e-01 -7.17239976e-01 -3.48022908e-01
    -5.41511536e-01 -2.36090004e-01 -4.04097795e-01 -3.71446967e-01
    2.04781532e-01 1.02249026e-01 -6.77509904e-01 -7.16623425e-01
    -5.42615891e-01 -7.14262366e-01 1.02935076e-01 2.09805667e-01
    -2.26528049e-01 -4.06364322e-01 -3.35474610e-02 -1.00598812e-01
    -3.65325272e-01 -4.76932526e-03 -4.27824378e-01 -4.50978220e-01
    -3.60662460e-01 -1.50188982e-01 -7.56787062e-01 1.18505895e-01
    -5.04149973e-01 -5.65166593e-01 -6.55709743e-01 -4.35687900e-01
    -6.52887225e-01 -1.89379394e-01 1.93909466e-01 -6.90327883e-02
    2.20649481e-01 -3.89606237e-01 -1.15244985e-02 -6.64217293e-01
    1.23066127e-01 -5.37256956e-01 -2.65707850e-01 -5.25396228e-01
    -6.11971855e-01 -1.77660167e-01 -1.27399087e-01 -1.80291474e-01
    4.85459566e-02 2.62171865e-01 -3.74278724e-01 2.32073665e-02
    1.89779401e-01 -6.44552886e-01 2.26839125e-01 -6.63700938e-01
    -2.66979635e-01 -6.58695459e-01 -4.86860693e-01 -5.14069438e-01
    2.28838205e-01 1.53510034e-01 -4.10243452e-01 -2.74903148e-01
    -2.66624331e-01 9.25881863e-02 2.32982516e-01 1.66529715e-01
    -3.59092176e-01 2.29341388e-01 -5.04943550e-01 -4.49710906e-01
    3.59064937e-02 1.77415967e-01 -1.13412559e-01 -3.28115106e-01
    -8.58277082e-02 -3.40829492e-02 -5.33731520e-01 -5.22323489e-01
    -3.29761177e-01 3.20823550e-01 3.39467406e-01 -3.48088473e-01
    3.71057242e-01 1.33369744e-01 1.03026748e-01 -4.79632229e-01
    -1.20953649e-01 -6.13663316e-01 -2.39434063e-01 -8.44164491e-02
    -7.06958771e-02 -4.94046569e-01 1.02838457e-01 -5.17697632e-01
    -8.02975297e-02 -4.94051576e-02 -7.03430414e-01 1.46164119e-01
    1.71269655e-01 4.83472943e-02 2.02033520e-01 -1.19422853e-01
    -1.92789137e-01 -4.68238771e-01 -3.34148765e-01 1.25618875e-01
    -2.58954108e-01 -7.25219846e-01 -7.14669704e-01 1.15468502e-02
    -1.26516879e-01 2.29862928e-01 1.50181532e-01 -9.96949077e-02
    -2.60495424e-01 -1.65368259e-01 -1.39608860e-01 -3.37446928e-02
    -4.84324694e-02 1.42890811e-01 -1.54294550e-01 2.18648732e-01
    2.21005678e-02 3.12037468e-02 2.38788366e-01 -6.57916784e-01
    -7.28457451e-01 1.01911664e-01 -5.90213537e-01 -3.29567134e-01
    -3.84702682e-01 -6.75009131e-01 -3.56187969e-01 4.20669913e-02
    -7.00136185e-01 -6.45637035e-01 -2.48936146e-01 2.81223655e-02
    -3.28745008e-01 -2.57985592e-02 -5.70863664e-01 -7.17917085e-01
    -2.69750118e-01 1.13789022e-01 -1.96304381e-01 -5.64885736e-02
    -2.26053834e-01 -3.10233235e-02 -5.80820441e-01 -6.06281102e-01
    -3.98525596e-01 1.68959558e-01 -2.70996362e-01 -3.78337264e-01
    -5.99082530e-01 -6.18092775e-01 -5.15501380e-01 -2.98806250e-01
    -6.13079786e-01 1.21656656e-02 -5.53562045e-02 -4.75071460e-01
    9.94269252e-02 -3.37814689e-02 -1.42961323e-01 1.95822239e-01
    2.02564299e-01 1.02122962e-01 -2.55109906e-01 -2.97497213e-01
    -7.18260169e-01 -3.57659459e-02 -1.07238114e-01 -4.43304002e-01
    2.76147425e-01 -3.62472743e-01 -3.94633561e-01 -4.78662699e-01
    -6.73253536e-01 -2.03799397e-01 -5.62596202e-01 -9.19433832e-02
    1.65113211e-02 -3.04772913e-01 -4.53192115e-01 -4.98767942e-01
    -2.15466499e-01 -1.98622644e-01 -5.77060461e-01 -2.25141644e-02
    -6.82621360e-01 -3.58954608e-01 1.46057010e-01 1.59384608e-02
    -6.64647579e-01 -3.28264743e-01 -3.51524234e-01 -1.60419583e-01
    -1.75726473e-01 -1.87689662e-01 6.26856089e-03 -2.24010378e-01
    -4.69630957e-02 -1.41127706e-02 7.03036785e-03 -3.60969126e-01
    -2.80025721e-01 -3.73989016e-01 -2.98173964e-01 -3.42035294e-02
    -3.50043654e-01 2.35069990e-01 -1.98465288e-01 9.75822210e-02
    -6.12061501e-01 -4.97666150e-01 -4.81483102e-01 -7.22783148e-01
    4.35495377e-03 -2.08269656e-01 -3.32213253e-01 1.62252128e-01
    -1.37534916e-01 3.34064364e-02 -4.67415154e-01 -5.72189629e-01
    1.18729889e-01 -6.70042038e-01 -5.84613979e-01 -5.57069778e-02
    -6.42373800e-01 -7.59144425e-01 -1.48581088e-01 -5.51380932e-01
    2.55431533e-01 -7.06193924e-01 1.66410804e-02 -5.64627886e-01
    2.35941708e-01 -3.73332053e-01 1.23384953e-01 -6.65523052e-01
    -6.52539730e-02 2.32320845e-01 1.11369491e-02 -8.15868378e-04
    -5.32143831e-01 -2.36570477e-01 -1.10274494e-01 -6.56471848e-01
    -2.51389623e-01 1.91408396e-02 -4.97120976e-01 6.94532990e-02
    -6.78884864e-01 -5.58828592e-01 -6.17419362e-01 -3.78440499e-01
    -5.50404310e-01 8.10632110e-02 4.11042571e-02 -4.57619160e-01
    2.43190527e-02 -3.26948851e-01 -1.29105449e-02 9.83132124e-02
    2.37720013e-01 -1.97921872e-01 -5.80250978e-01 1.03160739e-02
    -6.50909305e-01 -6.69322252e-01 -1.71012878e-01 -2.27797270e-01
    -6.06432915e-01 1.67514324e-01 2.76148915e-02 -4.56933707e-01
    1.44951463e-01 -7.33946323e-01 -3.01519543e-01 -4.21666682e-01
    -6.06989861e-02 -3.09948921e-02 -4.28396463e-01 5.04983068e-02
    -6.55682087e-01 -4.93245989e-01 -5.04592538e-01 -6.77969456e-02
    -5.07485509e-01 2.13459253e-01 -5.06875396e-01 -2.69514650e-01
    -6.43730164e-02 -4.24672306e-01 4.77129817e-02 -2.09832400e-01
    2.47332513e-01 -6.10458612e-01 -1.20678842e-01 4.36075330e-02
    -4.13468480e-02 -1.83656454e-01 -2.70812988e-01 -1.22613251e-01
    -1.16782546e-01 -5.71794510e-02 8.32058787e-02 -2.47738004e-01
    -2.22398877e-01 -1.95653498e-01 -2.02588677e-01 -1.26702964e-01
    1.12976372e-01 -1.38558567e-01 -8.88494253e-02 -4.79561239e-01
    1.48426831e-01 1.70199513e-01 -2.64986962e-01 1.17694139e-01
    -3.58646929e-01 4.67061996e-04 -5.85122705e-01 1.59805775e-01
    9.91261601e-02 1.05669320e-01 -5.46088219e-02 -3.22604746e-01
    8.14543962e-02 -5.32130718e-01 -4.28510934e-01 8.68390203e-02
    3.74858081e-01 4.36752558e-01 -2.44662166e-02 -1.79518014e-01
    -2.12405682e-01 2.08902955e-02 -3.46162140e-01 -2.67739832e-01
    6.79941177e-02 -5.52081227e-01 -5.88874042e-01 1.65416777e-01
    -5.18164515e-01 -5.83647847e-01 -4.72884178e-01 1.68193638e-01
    -3.69865924e-01 -5.04082799e-01 -3.95986259e-01 -1.79644883e-01
    1.02736712e-01 -4.71488893e-01 -3.17731351e-01 1.69089139e-01
    5.03451824e-02 -1.01549625e-01 -2.99541712e-01 -1.17708266e-01
    -2.88726687e-01 -6.65027618e-01 -6.60966396e-01 -6.97513819e-01
    -2.26075411e-01 2.43201494e-01 1.56131268e-01 -2.61225879e-01
    -4.47493911e-01 -4.79629517e-01 -2.66596317e-01 -7.49110937e-01
    -5.19876838e-01 -1.31370366e-01 -7.32229948e-01 4.46342826e-02
    -3.68268162e-01 -1.91943049e-01 -4.43768620e-01 -7.36832023e-02
    1.89443767e-01 9.28363204e-02 -4.24928904e-01 -4.46508616e-01
    -6.49104714e-01 -4.29511845e-01 -6.81654274e-01 -5.97930908e-01
    -5.96127152e-01 -7.06342578e-01 -6.61908388e-01 -3.68057042e-01
    -5.18873930e-02 5.27392626e-02 1.15931213e-01 -4.03191268e-01
    2.13916302e-02 -7.02642202e-02 -4.43576038e-01 -3.66865516e-01
    -2.81846523e-03 -1.92270398e-01 -2.70631492e-01 -2.64740705e-01
    -6.23265505e-02 -1.73655152e-01 -4.90960419e-01 -6.65129304e-01
    -2.48668849e-01 -6.89766049e-01 -5.32421947e-01 -2.21938848e-01
    -6.63615942e-01 -5.40481329e-01 -1.83741331e-01 -2.06894457e-01
    -2.15780139e-02 -1.51097775e-01 -1.02846444e-01 -5.92228174e-01
    -3.04332972e-02 -9.56447124e-02 -2.28571653e-01 1.36299849e-01
    -6.62677288e-01 -3.16119790e-01 -1.02497935e-02 -3.69867057e-01
    -2.46693134e-01 -5.44643641e-01 -6.13099337e-01 -5.50399840e-01
    -5.67000926e-01 -4.82626051e-01 -5.04543304e-01 2.92967796e-01
    -6.49751902e-01 -4.49162811e-01 -1.15981102e-01 -6.26447439e-01
    -3.77131999e-01 -6.49685621e-01 1.35792553e-01 -7.36573696e-01
    -6.02265239e-01 -3.26629490e-01 -2.50704885e-01 3.40943336e-02
    -4.07679081e-02 2.34265924e-01 6.11984134e-02 -3.10338736e-02
    -4.60835397e-01 -1.85563266e-01 -3.24383229e-01 -5.22561193e-01
    2.62367785e-01 2.45023966e-01 1.18868411e-01 -3.07151973e-01
    -4.43907797e-01 -4.13373113e-02 -4.38333243e-01 -5.89345455e-01
    -1.98833466e-01 1.16809607e-02 -6.85935616e-01 -4.26570296e-01
    -2.77706534e-01 3.24724317e-02 1.22349024e-01 -4.25570011e-01
    -2.58315384e-01 -1.53369904e-02 -6.40993714e-01 -7.88324952e-01
    -5.49853623e-01 -1.81663036e-01 -6.05759978e-01 -6.20305061e-01
    6.87250495e-02 -8.68844986e-02 -5.07242858e-01 6.84223771e-02
    -3.91385436e-01 -3.60695899e-01 -4.53752577e-01 1.10263348e-01
    -4.45647836e-02 -2.84675807e-01 -5.35385728e-01 -7.19872713e-02
    -1.95134759e-01 -6.51094735e-01 1.11331820e-01 -4.98570651e-01
    1.50440633e-01 -3.53183329e-01 2.08095014e-01 -7.04782724e-01
    -1.63962603e-01 1.42453611e-01 -5.55375814e-02 -1.41103864e-01
    -7.42084861e-01 -3.29408526e-01 -1.70967579e-01 -3.40390861e-01
    -6.35503531e-02 -4.86219853e-01 1.58653438e-01 1.52547359e-02
    -3.41007262e-01 -1.31423056e-01 -7.25755692e-01 -3.92041594e-01
    -3.60486209e-01 -6.82320476e-01 -1.25503719e-01 6.83519840e-02
    -7.28630185e-01 -5.80841124e-01 1.02865040e-01 5.06641269e-02
    -5.82606375e-01 -2.06048429e-01 -3.05651337e-01 -2.53247023e-02
    1.13267660e-01 -3.54686767e-01 1.43848360e-01 -2.96678454e-01
    1.13683641e-01 -4.62866902e-01 -4.84755248e-01 1.74026668e-01
    -2.50335932e-02 -3.99743885e-01 -7.67937303e-02 -3.18463445e-02
    1.52664542e-01 1.25615001e-02 -2.07070708e-02 -3.49246383e-01
    -1.82759047e-01 -6.40190721e-01 2.52939999e-01 -4.23302889e-01
    -1.31474972e-01 -2.72138715e-02 -6.29174888e-01 -3.87498379e-01
    1.59562171e-01 -1.23329043e-01 -2.26889282e-01 1.39282644e-01
    8.18291306e-02 1.78792715e-01 -2.03442156e-01 -1.51955068e-01
    1.08878016e-01 -3.07565659e-01 -4.95840669e-01 -6.84195280e-01
    -2.12319911e-01 -1.27171218e-01 1.90167665e-01 1.05311036e-01
    -5.51930904e-01 1.40412807e-01 -1.22756422e-01 2.14710474e-01
    -2.85957277e-01 7.81035423e-02 -1.18367076e-02 -4.97806191e-01
    -2.90527046e-01 1.10955238e-02 -6.44929469e-01 -3.00016165e-01
    -4.40116823e-01 -2.74189711e-02 -6.45845056e-01 -2.36202121e-01
    -6.91462159e-01 2.71480381e-01 -1.23201042e-01 7.54925013e-02
    1.61742806e-01 4.07127827e-01 -2.04368949e-01 5.91815174e-01
    -2.06943244e-01 5.12443662e-01 -1.66834652e-01 9.52606201e-02
    2.15232372e-01 -6.39761686e-02 9.18444395e-02 -5.77485561e-03
    -5.83614171e-01 -2.28817999e-01 8.02519917e-02 -6.68396950e-02
    3.38891149e-02 -5.17616987e-01 -2.31352031e-01 -6.27602816e-01
    8.32050443e-02 -2.45160639e-01 -5.76011539e-02 1.45514488e-01
    2.10202336e-01 4.05425429e-02 -6.55934572e-01 -3.63817245e-01
    1.89413846e-01 -2.46586859e-01 2.22117126e-01 -5.35820365e-01
    8.75461698e-02 -6.43757999e-01 -5.77490270e-01 -1.17306411e-01
    -3.41958761e-01 -7.05872536e-01 -3.84701788e-01 -7.00330734e-02
    -4.43613350e-01 -1.08468473e-01 -5.90703726e-01 -7.23228455e-02
    -6.08073711e-01 2.10816860e-02 -6.10363483e-01 2.54500389e-01
    -3.19079638e-01 -4.12472963e-01 -3.03400159e-01 -3.40217978e-01
    -2.25894451e-01 -5.39631486e-01 -5.83767295e-02 7.12373257e-02
    1.21559858e-01 -2.57637829e-01 -7.11479187e-01 -1.42510056e-01
    -5.01098037e-01 1.27346158e-01 -1.60321891e-01 -1.51471078e-01
    -6.47176504e-01 1.81604862e-01 -5.93743086e-01 -6.96994483e-01
    -2.07952678e-01 -8.84829164e-02 -1.56683326e-01 -5.20106077e-01
    -3.08717370e-01 2.05927372e-01 -1.96174920e-01 -2.24515259e-01
    -7.14781523e-01 1.13677680e-01 -6.42186999e-01 -7.64138222e-01
    -3.34917694e-01 -3.00713539e-01 -2.60499239e-01 -6.44653797e-01
    -9.60976481e-02 -5.53676546e-01 -1.84367955e-01 1.44277096e-01
    1.97277784e-01 -5.79475284e-01 -4.69205201e-01 -3.52741092e-01
    -5.37477136e-02 -6.44770384e-01 -5.01196980e-02 -3.02440435e-01
    2.30212212e-01 -2.40620136e-01 2.48987615e-01 -3.91914696e-01
    -2.05111116e-01 -3.42760563e-01 -1.97136998e-01 -5.68738282e-01
    -2.38176823e-01 -5.29425740e-01 -1.51317298e-01 -1.23835802e-01
    -6.09577417e-01 -7.27826476e-01 1.37059391e-01 1.67443454e-01
    5.63793778e-02 2.29845524e-01 -1.11373067e-02 1.25317872e-01
    -6.97342932e-01 -6.55747890e-01 -2.24575520e-01 2.26597011e-01
    -6.40270293e-01 -7.11140513e-01 -4.66543615e-01 -1.37082875e-01
    1.61055565e-01 -6.08162999e-01 -4.83787417e-01 1.93534493e-02
    7.81583786e-03 -8.65657330e-02 -4.62435186e-01 -7.08812475e-02
    -4.91106510e-02 -3.98486674e-01 -7.05952048e-01 -7.51401186e-02
    -1.15202487e-01 -5.24922609e-02 -4.23297405e-01 -7.30571747e-01
    7.95930028e-02 -2.28846490e-01 -5.21951258e-01 -2.68793762e-01
    -1.42871618e-01 9.97149348e-02 1.28560305e-01 1.51908278e-01
    -3.95182371e-02 1.89851582e-01 -5.50915599e-02 -5.13403416e-01
    -4.86149997e-01 7.46576190e-02 1.47429705e-02 -7.33918667e-01
    1.37057781e-01 3.43185663e-02 1.72448754e-02 2.32842028e-01
    -2.96257019e-01 -1.18925512e-01 -4.10689950e-01 -4.24523473e-01
    -6.14104033e-01 -6.36381447e-01 -2.08052456e-01 -3.73091757e-01
    -3.97660285e-01 -4.30999339e-01 1.24618769e-01 -7.26101041e-01
    -3.72302532e-03 -2.64816880e-02 -3.29645485e-01 3.79663706e-02
    1.03310823e-01 -4.17816669e-01 -4.90839541e-01 2.02101111e-01
    -3.48080218e-01 -4.36649919e-02 -4.10055578e-01 -1.98882520e-01
    -3.60166013e-01 -1.27798557e-01 -5.81350029e-01 -4.55261409e-01
    -7.04699874e-01 -4.30894017e-01 -4.67792720e-01 -1.81350708e-01
    -5.33132672e-01 -3.01361084e-02 -5.27270198e-01 -1.71395421e-01
    1.11196756e-01 -1.33688927e-01 -4.94843602e-01 -1.70112848e-01
    -4.03104365e-01 1.87375963e-01 -9.33040380e-02 -4.70858634e-01
    -5.73938251e-01 1.54277980e-01 -7.16960132e-01 -4.27213550e-01
    -6.49660766e-01 1.83794200e-01 -4.30134356e-01 1.73336804e-01
    -4.39677030e-01 -2.31420994e-01 -6.77390337e-01 -5.05910993e-01
    -5.03547192e-01 -2.28372991e-01 -1.29104197e-01 -1.61077976e-01
    -4.82073694e-01 -5.28922141e-01 -4.71723497e-01 -3.79978418e-02
    -4.41262722e-01 -2.96241552e-01 -3.33274007e-01 2.63373971e-01
    -1.16713643e-02 1.62305474e-01 -6.08943284e-01 -1.58725321e-01
    -3.22347045e-01 1.62907600e-01 2.53437579e-01 -8.34529996e-02
    3.95413041e-02 2.04917252e-01 -6.25223458e-01 -9.08161402e-02
    -2.33630896e-01 -3.72392416e-01 -2.43507624e-01 -2.27431595e-01
    -3.88402551e-01 -5.37954330e-01 -1.00744903e-01 -4.91906613e-01
    -1.12727940e-01 -1.69582248e-01 -8.89605284e-02 8.67381096e-02
    -2.13263631e-02 -3.35511357e-01 -3.53542179e-01 -3.41082186e-01
    -1.59408152e-01 1.42955750e-01 4.24602360e-01 4.50076669e-01
    -3.27897072e-02 2.69723475e-01 4.97937530e-01 4.05725002e-01
    1.63306177e-01 -8.13241601e-02 2.84112930e-01 -6.93299711e-01
    5.65969944e-03 -4.41588819e-01 5.86761236e-02 -3.61172050e-01
    1.78728521e-01 1.34613812e-01 -1.40937924e-01 -6.93554163e-01
    -6.86238527e-01 -5.17958283e-01 -5.45888960e-01 2.31916726e-01
    2.17239797e-01 -1.45304561e-01 -6.39830232e-01 -7.20912457e-01
    -4.99213010e-01 -6.94804788e-01 -4.43378985e-01 -7.31870770e-01
    -5.85186183e-01 -3.88762981e-01 -4.73753333e-01 4.89489436e-02
    4.61766720e-02 1.62380278e-01 2.02670515e-01 -5.73826432e-01
    -7.73215055e-01 -1.78662539e-01 -1.40220106e-01 1.26846313e-01
    -7.46352792e-01 -5.58059096e-01 1.85810745e-01 -3.93049121e-02
    -5.13144672e-01 -1.84580684e-02 -3.39887261e-01 -3.28753352e-01
    -1.84474230e-01 -5.44493079e-01 -6.24584019e-01 1.78887784e-01
    -3.52488458e-01 -1.62043452e-01 1.67672276e-01 2.67271876e-01
    -4.10063386e-01 -2.43756086e-01 -2.02922225e-01 -1.47611499e-01
    9.17208195e-02 -7.46048093e-02 -3.58166039e-01 -3.48977804e-01
    -6.81886017e-01 -6.51782513e-01 -1.06385827e-01 2.07385182e-01
    -5.39907753e-01 -3.80903095e-01 -4.40533638e-01 -7.39171624e-01
    -4.46470380e-01 -1.75723493e-01 -1.28467619e-01 -3.02005053e-01
    -2.12852776e-01 1.25002563e-01 -4.69327033e-01 -2.69895673e-01
    -1.54828787e-01 3.09242606e-02 9.99092460e-02 -1.50021195e-01
    -4.66084123e-01 -4.23973680e-01 -2.47836053e-01 -5.03279686e-01
    -1.25700057e-01 -5.56612015e-01 -6.83483243e-01 3.83883715e-02
    -3.78518492e-01 -6.65237069e-01 -5.98629951e-01 -1.05615139e-01
    -1.88187957e-02 -6.99932337e-01 -4.41081554e-01 3.80003452e-02
    -7.05044866e-01 -5.09416103e-01 -7.56742716e-01 1.58661246e-01
    -6.97619319e-02 1.22091889e-01 2.26621151e-01 -5.99761963e-01
    -2.74375200e-01 -4.19391513e-01 4.09168601e-02 -4.65723693e-01
    1.06454492e-01 -7.21948385e-01 -6.52874827e-01 -4.53547984e-01
    -7.01733828e-01 -7.20945120e-01 -2.37881005e-01 -3.75330865e-01
    -3.63305569e-01 -7.14755058e-01 8.29661489e-02 -6.75816953e-01
    -3.60020727e-01 1.74399972e-01 2.15467215e-01 -4.63946521e-01
    -1.40966952e-01 1.08380973e-01 -5.08369207e-01 1.48305297e-02
    -2.15494812e-01 1.60111547e-01 -1.43482208e-01 1.04495347e-01
    7.79867768e-02 -2.82283366e-01 -4.17398572e-01 -4.43546236e-01
    -1.92046523e-01 -1.90356195e-01 -3.86156797e-01 -2.64189601e-01
    -5.13905048e-01 -2.08026230e-01 2.62082219e-02 -3.22057635e-01
    -1.77520514e-01 -1.70157373e-01 -1.11335635e-01 2.40744352e-01
    2.38893330e-01 -2.06185699e-01 -5.53461909e-01 -2.68398494e-01
    -3.22256327e-01 1.00346863e-01 -5.55456281e-01 1.66189611e-01
    -3.37097436e-01 -2.33579457e-01 -2.18797743e-01 4.34973836e-02
    -2.26568699e-01 1.25660360e-01 -3.43900561e-01 -1.92356110e-01
    8.53382945e-02 -5.21951377e-01 -3.69877160e-01 1.89440131e-01
    1.12881422e-01 1.21368527e-01 -2.99411416e-02 1.29203856e-01
    -4.52880740e-01 -2.50413716e-01 -3.65694761e-02 1.69404864e-01
    1.74828887e-01 -1.08963013e-01 2.20210850e-01 -4.49952632e-01
    2.41254568e-01 1.20194733e-01 -3.68555814e-01 -7.29245067e-01
    9.17713642e-02 -3.81178379e-01 -2.89694309e-01 -5.29761970e-01
    5.40594459e-02 -2.14559972e-01 -1.78201139e-01 -1.55671000e-01
    -4.03652787e-02 2.66969204e-02 -2.39278138e-01 -3.43518227e-01
    -4.30310279e-01 1.95025384e-01 -2.59854794e-02 -6.72554135e-01
    -2.90380806e-01 -3.84279042e-01 1.13462746e-01 -6.12398267e-01
    -4.42500502e-01 -7.17996359e-02 -6.47261620e-01 -5.96572757e-02
    -4.39184308e-01 1.39523864e-01 -3.63324851e-01 1.69248223e-01
    1.99069679e-01 -2.61796534e-01 -5.30310869e-01 -3.38786185e-01
    -6.83075666e-01 2.08453953e-01 -4.53628778e-01 -6.74119592e-01
    -7.09364891e-01 -6.89563990e-01 2.43562877e-01 -5.04889250e-01
    2.56326199e-01 1.85096264e-03 -4.42703247e-01 -6.42362237e-01
    -1.26542985e-01 -4.76840943e-01 -3.30449343e-01 2.23390877e-01
    -6.40445471e-01 -2.88931966e-01 3.88018489e-02 -3.03270847e-01
    3.19786668e-02 1.85786784e-01 7.53011703e-02 -4.51841950e-02
    1.50204241e-01 1.32354677e-01 -6.18664503e-01 -4.07044679e-01
    2.46877432e-01 -6.23364329e-01 -4.61480767e-01 6.90621734e-02
    -2.07466304e-01 4.34940696e-01 3.86476815e-02 -3.68518353e-01
    -3.52650166e-01 -3.44721764e-01 1.26427442e-01 2.96731710e-01
    1.39220595e-01 -5.38904905e-01 -6.06264234e-01 2.42275178e-01
    -2.91351050e-01 -2.57783502e-01 -2.09379971e-01 -5.50728738e-01
    5.46936393e-02 -4.12372857e-01 2.24880040e-01 1.86241984e-01
    -2.80701429e-01 -2.74768382e-01 -4.19990420e-02 2.44784713e-01
    -4.94919300e-01 -2.39300460e-01 -3.04115087e-01 -1.31123960e-01
    -6.86786294e-01 1.21469557e-01 2.03332305e-02 -3.29059809e-01
    -4.65710193e-01 2.28444338e-02 -6.03433967e-01 -6.68994367e-01
    2.40357518e-01 -7.12075353e-01 -2.81260103e-01 8.94754529e-02
    -4.87779528e-01 -1.66817486e-01 -5.06652653e-01 -4.05170083e-01
    -4.47688967e-01 -4.86522555e-01 -6.11903071e-02 -6.97437108e-01
    2.25904524e-01 -5.70151806e-01 -4.27615345e-01 2.33226240e-01
    1.69792652e-01 -5.95323324e-01 -6.20948792e-01 -6.40212297e-02
    -2.26449490e-01 7.74832964e-02 1.76139891e-01 5.13315201e-03
    -1.84898913e-01 -6.68514848e-01 -2.91772097e-01 -4.77972329e-01
    1.29422843e-01 -2.40296185e-01 2.29212582e-01 -3.44893873e-01
    1.61081076e-01 -3.61252427e-01 -3.63400578e-01 -5.45622468e-01
    -3.44711989e-01 1.07237756e-01 1.39769256e-01 -2.91745663e-02
    -3.36230099e-01 -3.53201777e-01 -4.98433053e-01 -6.65777504e-01
    -3.63230705e-03 6.73276186e-02 6.34735227e-02 1.76501095e-01
    -7.11170912e-01 -1.02258742e-01 -7.72509217e-01 -2.04758763e-01
    -4.97939706e-01 -3.40098977e-01 -2.33649254e-01 -4.05224025e-01
    -4.28395778e-01 -3.84959579e-02 -5.49974680e-01 2.34359503e-02
    1.68393314e-01 -6.54247642e-01 -2.61616021e-01 5.35845757e-04
    -5.25421500e-02 2.30333686e-01 9.53173041e-02 -7.44594038e-01
    -7.14019537e-01 -4.60120738e-01 -9.69870090e-02 7.65649676e-02
    -1.12975419e-01 -3.47643882e-01 -1.21252060e-01 -4.78580236e-01
    -1.91638231e-01 -5.08853674e-01 -2.08815157e-01 7.93693066e-02
    -1.75965846e-01 4.74870801e-02 -1.18530393e-01 -6.62938595e-01
    -7.16716409e-01 5.91060519e-02 -6.00658655e-01 -5.51835716e-01
    -3.23877215e-01 -4.63212907e-01 -9.30752158e-02 -7.04524577e-01
    -5.44245899e-01 -6.09435380e-01 -4.60769773e-01 -4.38649833e-01
    -1.25448763e-01 -2.54012346e-01 -4.45195735e-01 -6.79874301e-01
    1.57785892e-01 -4.82983142e-01 -2.94824898e-01 -2.86537409e-02
    -1.29671454e-01 -3.36874992e-01 -1.95777893e-01 -1.69644415e-01
    1.53775454e-01 5.78163266e-02 -3.47280264e-01 -7.86869168e-01
    -7.83737063e-01 1.86352551e-01 3.84062529e-02 -6.03042841e-01
    -2.25060046e-01 -6.94043756e-01 6.80833459e-02 -5.12733221e-01
    -4.16254282e-01 -6.82003140e-01 -3.30219507e-01 -2.21713185e-02
    -3.37839365e-01 -7.28284478e-01 -7.53875911e-01 -3.40611637e-01
    2.14578211e-01 2.38826096e-01 -7.14847565e-01 -6.42471790e-01
    -1.97936237e-01 2.36347318e-01 1.64002657e-01 -4.18059647e-01
    -3.36555183e-01 -3.35535884e-01 5.16752005e-02 -1.78079009e-02
    6.07848763e-02 1.97469175e-01 -5.50989926e-01 8.90743136e-02
    -1.91139102e-01 -5.90163469e-01 9.32168365e-02 1.75346434e-01
    6.87078834e-02 -6.48131549e-01 7.65531659e-02 -4.01990533e-01
    1.70412242e-01 -2.90028751e-01 -1.91330492e-01 -4.81067628e-01
    5.04686832e-02 -6.18711829e-01 -6.39204144e-01 1.40852749e-01
    6.58263564e-02 -4.08429682e-01 -1.15654647e-01 -5.71188450e-01
    -4.69062835e-01 -7.22915351e-01 2.31388211e-02 -6.76374912e-01
    -1.84504092e-01 -3.38200003e-01 -2.99112141e-01 1.70553088e-01
    -5.93572021e-01 -5.68426967e-01 -8.22173357e-02 -2.13131845e-01
    1.76053822e-01 -5.79840600e-01 -4.30211216e-01 -2.98708528e-01
    2.45146036e-01 -2.60300875e-01 -1.77186817e-01 1.78742826e-01
    -3.84023130e-01 -9.64862108e-03 2.97093809e-01 -4.02759433e-01
    -1.43095195e-01 -6.60454631e-01 -1.30301058e-01 -5.61703324e-01
    -5.80954194e-01 -7.09054232e-01 -1.80691481e-03 -6.14928842e-01
    2.35362649e-02 -4.70051736e-01 -7.01717377e-01 1.59473836e-01
    -4.69360262e-01 -1.13887548e-01 -1.80981815e-01 -4.96686429e-01
    -7.57369995e-02 -1.97113693e-01 -5.04262269e-01 -5.12024641e-01
    1.03575587e-02 -2.24434137e-01 -1.98236227e-01 -7.45107532e-02
    4.61708307e-02 -4.24077630e-01 1.69009805e-01 -4.26540613e-01
    -2.00591743e-01 -5.05827188e-01 -1.88686132e-01 -3.15591633e-01
    -3.81934255e-01 -1.26406282e-01 1.19622946e-02 6.40188456e-02
    1.33020103e-01 1.75473422e-01 1.27417147e-01 8.03195238e-02
    1.86452627e-01 -4.32788104e-01 -4.27968770e-01 1.82576180e-01
    -5.17898202e-02 -6.37598991e-01 1.27661824e-01 -7.08618879e-01
    -6.02273107e-01 -2.55862921e-01 -4.13159311e-01 -6.45008087e-02
    -1.38540924e-01 -1.97979569e-01 -1.09889627e-01 -2.29248405e-01
    2.79888988e-01 -6.42123640e-01 -3.46387446e-01 -5.97278833e-01
    -3.69850665e-01 -2.93585896e-01 -5.46012938e-01 -5.28820753e-02
    2.43040204e-01 -3.82395387e-01 2.42349148e-01 -2.51680195e-01
    -1.39679730e-01 4.25967574e-02 -2.68518329e-02 -6.04584277e-01
    -5.79239726e-01 1.88416600e-01 -4.78935242e-01 -5.80057859e-01
    -7.42254972e-01 -4.11658525e-01 1.56135559e-02 -1.16052628e-01
    -4.89150941e-01 -5.67345798e-01 -3.18882763e-01 -7.27959275e-02
    -6.51385903e-01 -4.61616099e-01 -1.66275203e-01 -3.91996652e-01
    -1.94537520e-01 -6.75384581e-01 -2.12890327e-01 2.26565480e-01
    -1.53721094e-01 -2.68309504e-01 -1.74726248e-02 2.55497336e-01
    2.05901980e-01 1.53430164e-01 -5.31576276e-01 -3.12062740e-01
    1.46832466e-02 5.44498563e-02 -1.69015527e-02 -4.96732533e-01
    -6.73645854e-01 -7.12718964e-02 -1.35915339e-01 -7.98999071e-02
    -7.27518618e-01 1.27034724e-01 -6.91603422e-01 -1.20941639e-01
    1.19711697e-01 1.16449594e-03 -5.86401463e-01 -2.52256453e-01
    -3.99437010e-01 7.97418356e-02 -1.64814770e-01 -4.04146910e-01
    -6.53737307e-01 1.32218242e-01 -7.30662286e-01 1.06672943e-01
    -4.70336169e-01 -6.86457872e-01 1.03091478e-01 -7.01047421e-01
    -3.19086581e-01 -3.04644465e-01 1.00188076e-01 -2.30753839e-01
    -2.69263268e-01 -6.27982795e-01 1.56950831e-01 1.00636363e-01
    -7.25311756e-01 -4.85217750e-01 -9.36228633e-02 -4.23277080e-01
    -6.20412290e-01 -6.09841108e-01 -1.21435106e-01 -6.53148651e-01
    1.84238434e-01 9.03381705e-02 -7.38615394e-02 -1.27168238e-01
    -6.79628968e-01 -1.21231019e-01 -7.16223121e-01 -6.98543310e-01
    -6.70874357e-01 -2.00269401e-01 -3.61276269e-01 -8.65227580e-02
    1.94446206e-01 -4.43175018e-01 -5.52768350e-01 -6.63844347e-02
    -1.76113844e-02 -4.03701007e-01 6.52335286e-02 -5.13178110e-01
    -6.37899876e-01 4.84188795e-02 -5.60451746e-01 -4.41930771e-01
    -2.08574831e-01 -5.78989387e-02 -2.02870071e-01 -5.34654617e-01
    -1.30532563e-01 -5.04745245e-01 1.95554852e-01 -2.74640381e-01
    -6.52989924e-01 -4.54071760e-02 -2.90516913e-01 7.00720549e-02
    -5.60180664e-01 -6.49912238e-01 -7.71437883e-02 -7.83401132e-02
    -3.22689414e-02 -1.75276697e-01 1.28129661e-01 -1.22455359e-01
    -4.93105471e-01 -4.74406838e-01 -2.35394895e-01 -1.19252861e-01
    -2.76987344e-01 -2.27505267e-01 -5.17275333e-01 -9.31247473e-02
    1.98023796e-01 -4.58752275e-01 -4.49622393e-01 1.63884282e-01
    -1.38801157e-01 -3.71290356e-01 -1.15806639e-01 -2.36255527e-02
    -1.12599075e-01 2.15747237e-01 1.80506527e-01 -4.61659342e-01
    2.25177288e-01 -7.24329710e-01 -1.53781354e-01 -6.29305840e-01
    1.59164727e-01 1.09943807e-01 -4.20136213e-01 -1.69126153e-01
    -1.86909974e-01 -5.47237635e-01 -2.93129146e-01 1.91628933e-01
    -5.10605752e-01 2.85947323e-02 1.89496279e-02 -4.77405250e-01
    -4.80098993e-01 -4.17706847e-01 -1.21997774e-01 -7.54500985e-01
    -2.41717339e-01 -1.65288448e-01 2.11110473e-01 -1.33415997e-01
    7.34521747e-02 1.18757963e-01 -2.38766670e-01 1.94258332e-01
    -1.23630881e-01 -1.90882206e-01 -1.07944429e-01 -1.09180450e-01
    7.16104507e-02 -6.03511453e-01 -1.99801862e-01 -1.85524285e-01
    -2.99531192e-01 -1.95403367e-01 -4.46072996e-01 -4.83905941e-01
    -1.15126371e-03 -2.11284161e-01 -8.30452442e-02 -4.36770558e-01
    -5.68215609e-01 -3.01661670e-01 -7.26006031e-02 -1.38825178e-02
    -5.89317322e-01 -6.41551614e-01 1.92010164e-01 1.19113326e-02
    -1.85781538e-01 -5.63347936e-02 2.10654140e-01 -1.33228838e-01
    4.07363772e-02 -3.64032388e-01 -4.43331331e-01 1.09798729e-01
    -6.17408395e-01 -2.35906541e-01 2.27756143e-01 -5.06468832e-01
    -5.37723303e-03 -7.23826408e-01 -6.50449276e-01 -8.21237564e-02
    2.31618583e-01 -5.22743165e-01 -7.13729143e-01 2.47711003e-01
    1.07158124e-01 -5.85686862e-01 -6.07648194e-01 -1.47202015e-01
    1.85555696e-01 -1.49805188e-01 1.65071785e-01 -2.32903004e-01
    2.18589008e-01 -3.01557422e-01 4.17760342e-01 4.85395581e-01
    2.44771689e-01 -2.88395345e-01 -2.06734419e-01 -1.46137893e-01
    3.98643076e-01 2.93033957e-01 1.38811350e-01 2.28888392e-02
    1.40643597e-01 -1.73993528e-01 -5.56419015e-01 -7.39269257e-02
    -5.22969961e-01 -5.43613434e-01 -7.12000132e-01 -1.81375742e-01
    -3.05825114e-01 -4.07194912e-01 -2.81766176e-01 -9.59157944e-04
    6.36202097e-03 -6.28789842e-01 -1.72035873e-01 -5.03121078e-01
    -5.92904925e-01 -4.99683231e-01 -2.76462376e-01 1.22356415e-01
    1.94438756e-01 -7.01798439e-01 7.41630793e-02 2.02509165e-02
    1.66032970e-01 -5.76620281e-01 -5.03617346e-01 -1.84242725e-02
    -6.19452298e-01 1.25168562e-01 -6.07215405e-01 8.49226117e-02
    7.25250840e-02 -5.02529204e-01 3.06738615e-02 -2.00224459e-01
    -5.15242755e-01 1.02457941e-01 -5.04668713e-01 2.23122716e-01
    -4.09868062e-01 -1.10599875e-01 2.02488244e-01 -5.59804916e-01
    -6.93392992e-01 -5.98232150e-02 -1.57163620e-01 3.28073502e-02
    -2.75621176e-01 -5.52039742e-01 -2.84806490e-02 1.00665092e-02
    -4.81778413e-01 -2.01572001e-01 -6.98294640e-01 -7.04759479e-01
    -6.72403395e-01 -1.08990252e-01 3.33682299e-02 -3.32235038e-01
    -4.89381552e-01 1.19234920e-02 -4.57360119e-01 -3.27920616e-01
    -3.72834027e-01 -5.45895636e-01 -1.46960557e-01 -6.14746511e-01
    9.01144743e-02 1.08464122e-01 -1.61474228e-01 -3.60293865e-01
    1.56200707e-01 -1.64860249e-01 -2.83563673e-01 -4.44649696e-01
    -5.30115366e-01 -9.98355746e-02 -1.04369283e-01 -5.74045300e-01
    -5.61795831e-02 -6.46567941e-02 -7.13755846e-01 -7.37631083e-01
    -2.43868113e-01 -2.09781468e-01 1.46703959e-01 -1.87223494e-01
    -2.99072266e-02 -1.24167204e-02 -5.72543502e-01 -6.22151613e-01
    -3.47743511e-01 -7.17669725e-03 -7.78472960e-01 -3.50836039e-01
    -8.56992602e-02 -6.63945198e-01 -6.19847775e-02 -1.52133465e-01
    1.82949722e-01 -2.87055075e-01 -6.00735307e-01 -3.35234642e-01
    -6.12090468e-01 -3.65929961e-01 -2.26206839e-01 1.22100770e-01
    -2.70384997e-01 -4.35154557e-01 1.06523633e-02 1.51002407e-01
    -5.36975503e-01 -8.69942307e-02 2.16223180e-01 -4.78705138e-01
    9.79698896e-02 1.73018694e-01 -4.97552216e-01 -1.61990702e-01
    -3.39086354e-01 -1.36814892e-01 -6.51565433e-01 1.20529592e-01
    -5.36781669e-01 -7.23182797e-01 7.26968050e-03 -5.44076562e-01
    -7.59122729e-01 1.59493387e-01 -2.04253614e-01 -2.52716243e-01
    -5.29266298e-01 -8.02885056e-01 -1.64977908e-02 7.77584314e-03
    -1.34774089e-01 -4.95184243e-01 -2.18851507e-01 -4.74217743e-01
    -5.30345142e-01 -6.00044250e-01 -2.16034055e-01 -6.55934751e-01
    -6.85929239e-01 -1.24771774e-01 -6.79538190e-01 -6.66913390e-01
    -1.01237535e-01 2.29888618e-01 -7.59407043e-01 -3.31115097e-01
    -2.31754303e-01 -5.00771880e-01 -4.56080914e-01 1.88933730e-01
    -9.38371420e-02 -4.77759063e-01 -6.68716013e-01 6.93129301e-02
    6.61426187e-02 -5.80392480e-02 -3.43028218e-01 -6.21560097e-01
    -7.19880819e-01 -5.25084734e-02 -7.36146629e-01 -6.50184751e-01
    8.61674547e-03 -6.84355736e-01 -1.42997384e-01 -5.66751420e-01
    -4.44913954e-01 -2.01771677e-01 -2.86984771e-01 -2.76346415e-01
    -2.83813834e-01 -3.43895078e-01 1.29549026e-01 1.39842510e-01
    -1.60839677e-01 -3.85304034e-01 -6.24702692e-01 -1.49205387e-01
    -3.92715842e-01 -7.33957529e-01 -5.92635512e-01 -6.39371157e-01
    -2.74852425e-01 2.36179292e-01 -7.34665155e-01 -3.54494542e-01
    -3.42813194e-01 -2.59925365e-01 -5.32861352e-02 3.94409895e-03
    -3.23412985e-01 2.14544713e-01 -1.31882668e-01 -6.83123350e-01
    -2.29313970e-01 -4.75464374e-01 -7.56113529e-02 -1.53043985e-01
    -2.72229552e-01 -1.82439744e-01 -4.71292943e-01 -4.69264299e-01
    -6.24942482e-01 -2.20193624e-01 2.78346479e-01 -3.37109268e-01
    -1.40044868e-01 -3.80182624e-01 -4.14141417e-01 -5.90027094e-01
    -1.44900262e-01 -5.72486401e-01 -2.91091025e-01 -2.27473319e-01
    2.05097020e-01 -3.42892796e-01 -5.60383201e-01 6.59769773e-03
    -4.41774815e-01 -1.64769411e-01 -4.09599185e-01 1.59431159e-01
    -6.88287497e-01 -6.01548731e-01 -6.48000717e-01 -2.21301794e-01
    1.15820408e-01 -6.83341622e-01 -5.65420270e-01 -4.87762511e-01
    -7.11929798e-02 1.94806516e-01 -5.61288893e-01 1.67650700e-01
    5.68996072e-02 -4.52094764e-01 -5.52576005e-01 2.49590278e-01
    4.50134099e-01 1.80683702e-01 3.82446826e-01 -2.35837102e-02
    5.20222545e-01 1.20670915e-01 -6.36705756e-02 6.62483573e-02
    2.57859826e-02 -5.10875344e-01 2.02749252e-01 1.80153906e-01
    2.47502983e-01 -5.68917632e-01 -5.44421315e-01 6.03560209e-02
    -2.39867568e-02 -9.01987553e-02 2.77036428e-01 -5.15429139e-01
    -1.65005982e-01 -5.12902856e-01 -1.51320577e-01 -3.56687903e-02
    -5.15349627e-01 8.60830545e-02 -3.82282734e-02 -3.81178558e-01
    -5.11605442e-01 -3.43971252e-01 -4.35329258e-01 -2.73307621e-01
    -7.63013959e-02 2.75798440e-02 -1.32968545e-01 2.23111689e-01
    -2.88550377e-01 -6.48182571e-01 2.24528909e-02 -4.28282529e-01
    -3.55451703e-02 -1.48038864e-01 -3.77935171e-02 -9.64327455e-02
    -8.88650417e-02 -6.64132833e-03 -6.08809054e-01 -8.84027481e-02
    -5.87313414e-01 1.63969517e-01 -5.72660804e-01 -1.37113512e-01
    -5.60030162e-01 1.69712901e-01 -3.49366486e-01 -3.97920847e-01
    -6.16311193e-01 -1.72369063e-01 -4.62804914e-01 -7.14708567e-02
    -1.11734033e-01 8.19749832e-02 -3.71841490e-01 -5.98095000e-01
    1.17808163e-01 -7.20447421e-01 1.25067830e-01 -2.91678131e-01
    -1.59451365e-02 -7.13212490e-01 -3.14605236e-02 7.50214458e-02
    1.70019805e-01 -1.88897371e-01 1.94115937e-01 8.97217989e-02
    5.72043657e-02 5.61375022e-02 1.00077689e-01 1.77009106e-02
    -5.98621964e-01 -4.32659090e-01 -3.99087250e-01 -4.83081937e-02
    7.68269897e-02 -1.45333469e-01 -6.14409447e-01 -2.10573673e-02
    -7.15249836e-01 -4.37518358e-02 -5.94759226e-01 -1.19705200e-01
    -5.72648525e-01 3.83568406e-02 2.91589379e-01 -5.58462143e-01
    2.77425349e-01 -7.90893435e-02 2.26611733e-01 2.67328441e-01
    8.39222670e-02 -6.47743464e-01 -6.97285175e-01 -7.21702099e-01
    -5.91085613e-01 1.98783636e-01 1.89386725e-01 -5.83600879e-01
    -1.41939402e-01 6.29566312e-02 -4.67438608e-01 -2.23082900e-02
    -5.02315998e-01 -7.14442849e-01 1.99531019e-01 1.64000213e-01
    -5.82658291e-01 -4.98719156e-01 -8.43969584e-02 -4.08501863e-01
    -6.28367543e-01 1.79648995e-01 -4.36685681e-01 1.80793226e-01
    -5.06018221e-01 2.85529137e-01 -5.58182478e-01 -4.81038928e-01
    -4.97825801e-01 -2.44474262e-01 -3.99391949e-01 -5.97385168e-02
    8.95072818e-02 2.41019905e-01 -6.49280608e-01 -5.25093496e-01
    -5.57099342e-01 -2.61197746e-01 -2.55631715e-01 2.10728467e-01
    -5.41429400e-01 1.04356825e-01 -4.27573353e-01 -6.10806048e-01
    1.38975382e-02 -3.22901547e-01 -3.53520393e-01 -2.34729946e-01
    -2.64314950e-01 3.34473252e-02 1.26105666e-01 -4.02923286e-01
    -1.08070195e-01 -2.70752549e-01 -4.80318308e-01 2.45576918e-01
    2.27348149e-01 1.73624277e-01 -5.78452528e-01 -2.49128103e-01
    1.05725586e-01 -5.41273594e-01 9.94162560e-02 -4.22571927e-01
    -5.07510900e-02 -4.77541417e-01 -4.42211509e-01 2.46862531e-01
    -2.38977730e-01 2.44504809e-01 4.96945381e-02 -1.53220415e-01
    -8.66569281e-02 1.26670837e-01 -1.20760202e-02 -2.72836208e-01
    1.65136158e-01 -5.30421853e-01 -5.02182245e-01 -2.58982062e-01
    -3.22913259e-01 -6.78975701e-01 2.68001497e-01 -1.55820251e-02
    2.44470239e-01 -2.45534241e-01 1.82985723e-01 -4.91857946e-01
    -5.34380615e-01 -5.72462976e-01 -6.28627419e-01 -3.44635010e-01
    -3.77998173e-01 -4.81518209e-01 2.29653358e-01 -2.57146388e-01
    -2.20822632e-01 -5.31402588e-01 2.29196489e-01 2.71749616e-01
    7.51858354e-02 -6.12686276e-02 2.76286840e-01 1.57358646e-01
    -1.51831746e-01 -2.04481065e-01 -3.82193029e-01 -8.92294049e-02
    -6.42834306e-01 -1.50697529e-01 -3.46175671e-01 -4.54637170e-01
    -4.27885920e-01 3.20860982e-01 -1.62681758e-01 -6.51370883e-01
    4.23706174e-02 -1.03895068e-01 -4.29301172e-01 -5.51342845e-01
    3.60898972e-02 2.22839713e-01 3.65914106e-02 -6.40202284e-01
    4.78805900e-02 5.84551096e-02 -5.45068383e-01 -5.30211568e-01
    7.71574378e-02 -3.12176347e-01 -3.10446858e-01 -3.96262765e-01
    -1.33553028e-01 -4.79366273e-01 -6.47540212e-01 -1.34876072e-01
    -6.76238775e-01 1.08595967e-01 -3.64162207e-01 -6.79234385e-01
    -3.58312070e-01 -1.43363595e-01 -3.36396754e-01 1.99791491e-01
    -4.77742761e-01 -6.33824348e-01 -2.54978657e-01 -5.72722197e-01
    -6.28580928e-01 -2.00504005e-01 -4.90833074e-01 2.19997823e-01
    -6.62511587e-01 2.07092762e-02 -1.39519960e-01 -1.32119328e-01
    -4.14630353e-01 4.52090889e-01 1.50016665e-01 -3.32584828e-01
    -1.70955062e-03 1.76295817e-01 5.15968561e-01 -6.26164079e-02
    -1.19235039e-01 -2.71573097e-01 -1.07405931e-01 -8.59766603e-02
    -1.67978913e-01 -1.11425996e-01 -6.05768204e-01 -1.91660762e-01
    -4.16781873e-01 -3.55432957e-01 2.43493676e-01 -1.39083862e-02
    1.56615674e-01 -2.16878504e-01 -4.11913693e-01 -3.62456352e-01
    -6.34998083e-02 -3.87212127e-01 -6.79495335e-02 -1.83034807e-01
    -4.71018285e-01 -5.11161685e-02 -5.69189787e-02 -2.17037439e-01
    -5.15833735e-01 -4.40764904e-01 9.26970840e-02 1.30970180e-01
    -3.37874711e-01 -3.25853020e-01 -4.94648516e-01 -1.63130522e-01
    1.00710750e-01 -6.45831347e-01 -3.99118662e-03 -4.70593572e-02
    -5.73061943e-01 2.20083535e-01 -5.49791932e-01 2.12857842e-01
    -3.46410275e-03 4.14568782e-02 1.34909511e-01 1.63455725e-01
    3.06016326e-01 -5.65417051e-01 -5.74422896e-01 -5.74004352e-01
    -6.33834481e-01 3.80887389e-02 -5.55275798e-01 -5.76808393e-01
    -3.57788563e-01 -2.27861017e-01 2.94845104e-01 -1.40461862e-01
    6.40778542e-02 -6.30688071e-01 -4.19866979e-01 -5.71705222e-01
    2.12282836e-01 1.03821039e-01 2.92685866e-01 -4.94203925e-01
    -2.25877136e-01 1.84910893e-01 -4.95311707e-01 -2.27065206e-01
    -2.48105973e-01 -3.34573686e-01 -2.52977580e-01 1.93820775e-01
    -5.22817910e-01 -4.58723634e-01 -1.76226556e-01 3.12570333e-01
    -1.06488347e-01 -5.23912907e-01 2.07338989e-01 -1.81673527e-01
    7.67090917e-02 -1.23469234e-02 -6.21963680e-01 -4.98694420e-01
    -3.42974305e-01 -1.04141951e-01 -1.31833553e-03 -3.78430545e-01
    2.74503827e-01 -4.00902927e-01 -4.18467522e-02 -4.99201059e-01
    -2.07352370e-01 3.06752264e-01 -5.83497643e-01 -2.25385785e-01
    -1.33808374e-01 -2.59852946e-01 9.31904316e-02 -3.75743151e-01
    2.27928638e-01 2.56780744e-01 -2.02965170e-01 1.57870591e-01
    8.45301747e-02 -1.41514719e-01 -2.73417175e-01 -1.34863853e-01
    -6.47814393e-01 -4.03927833e-01 -6.34629428e-01 1.97053432e-01
    -4.37852025e-01 2.44762063e-01 -2.39900142e-01 -4.59647954e-01
    -5.68551779e-01 3.56512427e-01 -3.01452875e-02 -1.35709763e-01
    -2.01356828e-01 -4.95494783e-01 -2.94146627e-01 -4.64360982e-01
    -5.83033562e-02 -2.77600616e-01 -1.45766079e-01 -5.98214507e-01
    -1.06949568e-01 -2.29625016e-01 1.92662954e-01 -2.88486481e-01
    -1.21452928e-01 -5.52031934e-01 1.92022145e-01 -4.15997028e-01
    -1.35832429e-01 -6.44980073e-02 2.47942269e-01 4.81384993e-02
    -1.18718147e-01 -3.31650674e-01 -8.88261199e-02 -1.57187700e-01
    -6.81622624e-02 5.57804108e-02 -4.31026220e-02 -1.35589242e-01
    6.84142113e-02 -5.59600711e-01 -2.41672993e-01 1.37908220e-01
    -1.52403116e-01 -6.67441010e-01 -6.61516786e-01 3.27515006e-02
    -4.02369738e-01 -6.87213540e-02 -1.50281191e-01 -4.25832570e-01
    -6.34828806e-01 2.77486563e-01 -1.15393341e-01 -4.10008311e-01
    -2.68950135e-01 2.40827382e-01 -2.23270893e-01 2.45679557e-01
    -6.22387648e-01 -2.98358053e-01 2.35047638e-01 1.53929114e-01
    -6.64877057e-01 -6.45809770e-01 -5.96338272e-01 -2.11800873e-01
    -3.64350557e-01 -3.34527671e-01 -6.28774285e-01 1.46633983e-01
    -3.75081897e-02 -1.61036342e-01 1.56653821e-01 2.49354541e-01
    -1.51654363e-01 -9.58892107e-02 -4.06775773e-01 4.14219499e-02
    2.65001953e-01 -5.36267042e-01 -9.63426828e-02 -6.23521805e-02
    -3.39283943e-02 -4.34224904e-01 5.23954034e-02 1.15710497e-03
    -5.09649515e-03 -4.52875286e-01 1.44560933e-02 -5.26502371e-01
    -1.16045117e-01 6.74990416e-02 -1.03533089e-01 3.12993646e-01
    -8.96798968e-02 -4.13075209e-01 -7.09753633e-02 -1.25825405e-02
    -3.59579742e-01 2.78321564e-01 -4.09980208e-01 -5.34319520e-01
    -1.30851597e-01 -5.01466334e-01 -4.32978928e-01 3.37246239e-01
    -6.26294255e-01 7.95155764e-03 2.88730979e-01 -2.35555768e-01
    -4.91325825e-01 6.55825734e-02 -3.51033896e-01 -5.91331661e-01
    -3.44168603e-01 1.86799347e-01 2.75253057e-01 2.92488039e-01
    -5.41564286e-01 -2.19591051e-01 3.37244272e-02 1.44029081e-01
    -5.88747442e-01 -9.56287980e-02 -5.03348589e-01 -3.95962000e-02
    2.99376369e-01 -3.88566852e-01 -2.12127447e-01 -4.98582482e-01
    -1.53495640e-01 3.33963633e-01 -6.23089314e-01 -2.54669189e-02
    -1.72491044e-01 -1.53963596e-01 3.33273351e-01 1.98565960e-01
    2.75663882e-01 1.17668211e-01 -2.01972097e-01 -3.02961558e-01
    6.41557813e-01 4.21841353e-01 6.23746514e-02 -3.24311793e-01
    -2.71409065e-01 -3.32493931e-01 -2.60233343e-01 -1.45166039e-01
    1.06328964e-01 3.82260084e-01 2.79088080e-01 -4.44779545e-01
    -5.80324531e-01 -5.57790518e-01 -4.29691732e-01 -4.00454700e-01
    -4.73343402e-01 2.97572255e-01 3.62905800e-01 -2.20131665e-01
    1.71767354e-01 -7.62663782e-02 -3.02837014e-01 -3.20666343e-01
    3.70193541e-01 1.85955107e-01 -2.63163626e-01 3.35212350e-02
    -1.85621887e-01 -4.40071940e-01 1.77070796e-01 -4.01496619e-01
    1.79644227e-01 -2.05323935e-01 -1.99168533e-01 -5.00336945e-01
    3.25976014e-02 -9.79059339e-02 -4.18965250e-01 3.03145111e-01
    -3.74566168e-01 -2.07203060e-01 -4.03365105e-01 -4.57688391e-01
    -5.32238007e-01 9.74504948e-02 -1.23532087e-01 2.34607816e-01
    3.42124104e-02 1.39716327e-01 -2.80817956e-01 3.40938210e-01
    -5.26739299e-01 -3.78499359e-01 3.27546656e-01 -3.58472288e-01
    -1.83510780e-03 -3.89787227e-01 -4.32900995e-01 3.35481465e-01
    -2.00778902e-01 2.65893638e-01 3.19283247e-01 2.93511093e-01
    1.41532719e-01 1.31821036e-01 -5.41740775e-01 -4.37261641e-01
    -1.46896124e-01 3.54665041e-01 1.13833368e-01 -3.44352245e-01
    1.23858452e-02 -2.81372726e-01 2.58063793e-01 -4.20043975e-01
    -6.19115889e-01 -5.18833041e-01 -4.17754173e-01 -1.18728995e-01
    2.18984783e-01 -6.74599409e-02 -1.86335862e-01 -1.44715041e-01
    -3.09070110e-01 2.79684842e-01 -5.48601925e-01 5.53236008e-02
    -5.86380243e-01 1.20693564e-01 2.40229428e-01 -4.93581414e-01
    1.16604567e-03 -1.95503414e-01 -4.93376255e-02 4.44748998e-02
    -5.43109953e-01 -3.71415615e-01 -3.06715667e-01 2.68055379e-01
    -2.53869683e-01 -1.26115441e-01 3.32952559e-01 -5.22689581e-01
    -2.87741005e-01 2.90454209e-01 -1.59578681e-01 -2.64622986e-01
    -8.32520127e-02 -3.40100110e-01 3.20397615e-02 1.38259232e-01
    -2.74263740e-01 -4.64670807e-01 -1.35820478e-01 1.01433873e-01
    1.10973120e-02 -9.89947617e-02 3.71183515e-01 -5.70500612e-01
    3.47518742e-01 3.96500707e-01 3.17754149e-02 -3.96151215e-01
    -4.95430827e-01 3.87550592e-01 5.38291335e-02 2.72453606e-01
    -5.69957852e-01 -1.27887070e-01 -4.30630982e-01 4.80208993e-02
    2.50832617e-01 2.47274816e-01 -7.80081153e-02 2.02600121e-01
    2.49905229e-01 -5.67305386e-01 -3.76616180e-01 7.19988346e-02
    1.43960953e-01 -5.80531120e-01 -1.22666121e-01 -1.21925116e-01
    -1.40923679e-01 1.03141367e-01 -3.51936340e-01 -3.17905545e-02
    -9.93105769e-02 3.43137264e-01 2.14605093e-01 -3.41833889e-01
    -1.31131351e-01 3.05367172e-01 -3.20029259e-02 5.04267812e-02
    -4.04517323e-01 -4.53836322e-02 -1.73496962e-01 -7.53714442e-02
    6.02971315e-02 1.05143845e-01 1.96902633e-01 -3.06105614e-02
    -3.97715032e-01 -5.87804556e-01 -5.88879585e-01 7.77249932e-02
    2.22896934e-02 2.08744407e-02 4.99744415e-02 -2.88835168e-01
    -5.70332527e-01 7.89682865e-02 3.57837319e-01 9.86959934e-02
    -1.44711524e-01 -4.84388709e-01 -1.85446739e-02 -2.81660825e-01
    2.30845213e-02 -5.89353919e-01 -4.93804425e-01 -4.41417396e-01
    -4.65352207e-01 -2.86303401e-01 -5.55093586e-01 1.47048116e-01
    1.08629465e-01 -4.06530201e-01 -1.52169138e-01 -2.02161759e-01
    -1.94187462e-01 7.69756436e-02 -5.46009183e-01 -1.79634094e-01
    1.34202123e-01 -5.91034174e-01 -1.89382672e-01 -2.83422202e-01
    -6.00360274e-01 -8.22747350e-02 5.18596172e-03 2.68597424e-01
    -1.38112187e-01 3.64747763e-01 2.77363658e-02 3.35441709e-01
    -2.98246026e-01 -4.33252424e-01 -4.40977812e-01 2.12772250e-01
    -1.77306890e-01 -9.59438086e-02 -4.23272371e-01 3.62581551e-01
    -2.26629019e-01 1.47753596e-01 -3.82016927e-01 3.46637487e-01
    2.75692761e-01 -4.87402797e-01 -3.24160665e-01 -1.58534795e-01
    -2.35012621e-01 4.67789173e-02 -5.47536433e-01 1.86330020e-01
    2.70542264e-01 6.92506433e-02 -4.66529459e-01 -4.21137244e-01
    8.27789307e-03 -3.61983955e-01 -4.37463820e-01 1.13618374e-03
    2.97278166e-03 -5.80151081e-01 8.21540952e-02 2.33653903e-01
    3.24797392e-01 3.33257973e-01 -7.33013153e-02 -9.49610472e-02
    4.02963638e-01 4.82899547e-02 -1.23220921e-01 -6.16441369e-02
    -4.45092291e-01 2.91712880e-02 -1.68073922e-01 -1.47667229e-02
    -7.30808079e-02 3.27855021e-01 -1.38488173e-01 4.47940856e-01
    -1.60882533e-01 -2.53576964e-01 -2.79848814e-01 -4.01020050e-02
    -2.60576189e-01 -3.79505128e-01 1.73654616e-01 -5.32757938e-02
    -1.66316122e-01 -9.04809833e-02 -4.50992644e-01 -3.52912962e-01
    -3.48103136e-01 2.43991494e-01 -4.49346930e-01 9.20341015e-02
    1.59992516e-01 -1.82947159e-01 -2.30660588e-01 -1.77511871e-01
    -4.43583876e-01 1.29880726e-01 2.40684152e-01 -2.16972172e-01
    -2.93950438e-02 -1.33650422e-01 -1.36566728e-01 -3.48789454e-01
    -5.42947054e-02 3.76285017e-01 4.01748717e-01 1.91095769e-01
    -2.25618064e-01 -2.73174644e-02 -7.61120319e-02 2.32304931e-01
    -2.90261537e-01 1.14365697e-01 -3.17066222e-01 -4.66391683e-01
    1.51137114e-02 2.96434462e-01 -4.63647932e-01 1.64074242e-01
    -3.38442832e-01 -1.44622028e-01 9.18048024e-02 -2.09282994e-01
    -3.58095020e-01 -2.33968258e-01 -4.57130224e-01 -3.52734983e-01
    4.21098769e-01 3.58835340e-01 2.46232510e-01 5.37295341e-02
    1.87509537e-01 -1.79549098e-01 -3.38755995e-01 3.57533753e-01
    3.29498112e-01 9.72630382e-02 8.79430771e-02 1.87547922e-01
    3.68549049e-01 -1.58703029e-01 -1.93001628e-02 -4.91189450e-01
    1.40935600e-01 -4.26394075e-01 1.45469666e-01 3.81117404e-01
    -2.18952894e-02 2.92987227e-01 -4.54357594e-01 -4.69546676e-01
    -3.46696973e-02 -4.38362867e-01 9.02284384e-02 -3.87432933e-01
    2.55927444e-01 3.06365073e-01 -3.60924870e-01 1.35019779e-01
    -1.52519614e-01 -8.23935866e-02 -5.70327044e-01 3.89937937e-01
    -3.78575444e-01 3.91658425e-01 -4.93304193e-01 -2.76436269e-01
    -1.35467082e-01 -3.22506070e-01 -2.20419437e-01 -2.61533678e-01
    4.00206625e-01 3.28120053e-01 -4.36814845e-01 1.90607905e-01
    2.01708078e-01 -3.44021857e-01 -8.03991556e-02 2.41718769e-01
    -3.56971025e-02 2.96186984e-01 -1.65855885e-02 -7.89023638e-02
    -4.43761468e-01 3.90365362e-01 -1.29319012e-01 -8.93890858e-04
    1.25231564e-01 1.47593260e-01 6.73636794e-02 4.40635800e-01
    3.81975412e-01 -4.89146709e-02 -9.26569700e-02 8.86488557e-02
    2.99426258e-01 1.89312279e-01 -3.34860861e-01 -4.56132770e-01
    3.98046553e-01 -4.95906234e-01 -1.36003733e-01 1.39185131e-01
    -2.39870548e-01 -1.81356698e-01 2.72985637e-01 -5.63590407e-01
    2.09901094e-01 1.50298953e-01 7.80336261e-02 -5.39131999e-01
    -5.70516586e-01 -3.99287373e-01 -4.25050020e-01 8.61671567e-02
    -5.00182629e-01 -4.41910475e-01 -3.24398339e-01 -2.74314076e-01
    -1.24429643e-01 -3.77078056e-02 -2.95738101e-01 2.86877096e-01
    3.36797178e-01 -5.02476215e-01 3.36673498e-01 -3.24945420e-01
    -5.45052767e-01 1.69553041e-01 -1.44327492e-01 -5.20963907e-01
    2.13143945e-01 -2.61291504e-01 -8.60960484e-02 -4.85519737e-01
    1.38101459e-01 2.90994048e-01 -4.32595044e-01 -4.60949153e-01
    3.05574000e-01 3.14992905e-01 -3.37676346e-01 -4.51982915e-01
    -4.48604017e-01 -3.46484244e-01 -3.76251698e-01 -2.67431587e-01
    1.05011702e-01 -1.39484406e-02 -3.10411394e-01 6.53171539e-03
    1.89115405e-02 -3.71940196e-01 -1.68772995e-01 4.36296105e-01
    -2.13712394e-01 -7.30800629e-02 -8.40799510e-02 2.67860174e-01
    -2.08477557e-01 2.86751509e-01 -3.46414238e-01 -7.88182020e-03
    -1.37384355e-01 -2.72111416e-01 1.71558499e-01 4.04645324e-01
    1.32518530e-01 -5.54484844e-01 -4.48220372e-02 4.69641685e-02
    -4.92155075e-01 4.28114116e-01 -1.57746017e-01 1.80298328e-01
    -4.67781782e-01 1.51815116e-01 -5.17416239e-01 -4.53510880e-02
    -4.28365737e-01 -3.20128202e-02 6.99339509e-02 1.22413576e-01
    -1.71395242e-01 -1.08029068e-01 2.87999213e-01 -3.35251540e-01
    3.90674472e-01 1.01658344e-01 -1.78969532e-01 -1.76605463e-01
    -3.30728114e-01 -1.88756108e-01 -3.21391910e-01 -1.76976323e-01
    -4.42245483e-01 4.70693707e-02 -3.93786937e-01 3.62631142e-01
    1.60076439e-01 -5.53962946e-01 -5.13978839e-01 6.67556524e-02
    2.68882573e-01 -1.65020019e-01 3.06257546e-01 2.00264454e-02
    3.35787416e-01 3.25521708e-01 -3.83754969e-01 -1.88299537e-01
    -1.26352578e-01 -2.14307457e-01 -5.24427056e-01 1.67308509e-01
    -9.32016671e-02 -3.26658338e-01 -3.73289585e-02 -4.24180955e-01
    -6.68467879e-02 3.90303552e-01 -3.00887048e-01 -5.63435674e-01
    -3.41370881e-01 2.07354516e-01 -2.11058140e-01 -3.90570104e-01
    -2.86538601e-02 6.95749223e-02 2.87348449e-01 6.79409146e-01
    1.22501910e-01 1.59247875e-01 1.67087317e-01 2.98326373e-01
    2.98058629e-01 5.07591844e-01 3.19073379e-01 1.19466841e-01
    -1.98568106e-02 -3.58500898e-01 -3.56698990e-01 4.13251996e-01
    -2.14612484e-02 -3.48405391e-01 2.30739474e-01 3.80315423e-01
    -4.19111848e-02 -3.81709039e-02 -4.34034854e-01 -3.99374843e-01
    -1.20537311e-01 3.83274734e-01 3.30432355e-01 -4.53758687e-01
    -4.48330551e-01 -2.41440088e-01 -4.94567811e-01 3.09812188e-01
    -4.33947295e-01 -1.68733656e-01 -2.84491241e-01 -1.61984950e-01
    -3.08824301e-01 -3.12008798e-01 -1.36074692e-01 7.83131123e-02
    -1.99222565e-03 1.96258008e-01 3.92558575e-02 2.28608847e-01
    -2.18993425e-01 -1.19618416e-01 -1.10346526e-01 4.65431154e-01
    2.31424570e-02 3.37577403e-01 2.15433359e-01 -3.81707907e-01
    1.94466412e-01 2.29762614e-01 -2.03198373e-01 -3.64560992e-01
    2.09917903e-01 -1.52313709e-03 -7.76295662e-02 -4.05155927e-01
    1.19108975e-01 3.64008129e-01 -2.96693653e-01 -2.37261593e-01
    -3.01999718e-01 -3.56198281e-01 -7.68565536e-02 -1.23058915e-01
    -4.54127550e-01 -3.80518377e-01 -8.89546871e-02 -4.74137157e-01
    -2.33883083e-01 -2.06661999e-01 8.67250562e-02 9.19840932e-02
    -2.27654397e-01 1.97552741e-01 1.65686607e-01 -1.10758722e-01
    -4.00834352e-01 -2.80998141e-01 -4.24571961e-01 3.86577070e-01
    -4.13073301e-01 3.56792748e-01 4.30716276e-02 7.72320032e-02
    -4.71360683e-01 -2.51803309e-01 1.35923564e-01 3.84356916e-01
    2.36604810e-01 1.05716944e-01 -2.84328669e-01 -2.76285827e-01
    4.43031788e-01 -4.04846907e-01 1.09272659e-01 2.47683048e-01
    2.75745213e-01 2.85867453e-02 9.98609662e-02 1.83434129e-01
    1.96585655e-01 2.74741650e-02 -1.72202170e-01 -1.31028801e-01
    2.99215257e-01 1.86522722e-01 -4.77214605e-01 -3.62500668e-01
    -3.33250105e-01 -9.77480412e-03 3.02841425e-01 2.12296605e-01
    -1.13202959e-01 -2.60237217e-01 1.17487073e-01 2.74255782e-01
    -4.54087883e-01 -8.46320391e-03 -8.02632868e-02 3.79412800e-01
    5.90967238e-02 -3.63055408e-01 -3.96274149e-01 4.59240437e-01
    1.57367349e-01 -5.72696328e-02 -4.94470358e-01 4.68396723e-01
    -6.60977364e-02 -4.71129775e-01 5.44038415e-02 -4.66713667e-01
    2.63959169e-03 -3.01303834e-01 3.59012187e-01 3.47317040e-01
    3.11375260e-02 3.40947390e-01 -4.49033052e-01 1.72113657e-01
    -4.00236487e-01 -1.71840906e-01 1.71861589e-01 2.06337273e-01
    9.00495052e-03 -5.04515290e-01 3.79711330e-01 -1.16230845e-02
    -1.69463664e-01 1.18216693e-01 -2.01825142e-01 -2.56905138e-01
    4.06554103e-01 -5.44758916e-01 -3.48598182e-01 -1.55182749e-01
    -1.43405110e-01 -5.27078748e-01 -4.56233919e-01 3.86189163e-01
    1.38124704e-01 2.76492357e-01 -3.23622853e-01 1.59316957e-01
    2.23702729e-01 -9.04734433e-02 -2.34226227e-01 1.12655342e-01
    -8.25977921e-02 -2.48624682e-02 -8.16536546e-02 2.49973059e-01
    -1.88813865e-01 8.85038376e-02 -2.41563201e-01 -2.48038322e-01
    -1.54399872e-01 -5.18069506e-01 -1.68696374e-01 -3.18137437e-01
    3.12662899e-01 4.09683764e-01 -1.70897484e-01 -4.92160827e-01
    4.01522100e-01 -3.75283301e-01 1.80158019e-01 -5.10843635e-01
    3.11345339e-01 1.94285810e-01 2.07978725e-01 -3.35046738e-01
    2.01790333e-02 3.27777147e-01 -5.18316269e-01 -4.67784405e-01
    -8.12331438e-02 6.43878579e-02 2.92778015e-04 1.17564499e-01
    -6.79804683e-02 -5.22122502e-01 -3.54852021e-01 -4.73713011e-01
    -2.51814961e-01 -1.48892730e-01 -1.16314948e-01 -2.79888213e-02
    -7.93514848e-02 7.57306814e-02 -8.82343352e-02 -1.30640239e-01
    1.28225684e-01 -4.80968326e-01 2.06405997e-01 -7.34677315e-02
    2.13527352e-01 -2.80542403e-01 -4.31393176e-01 9.56008732e-02
    4.09355402e-01 4.52368200e-01 3.83301795e-01 -1.07677519e-01
    -7.21648335e-02 6.45074844e-02 -2.23828137e-01 1.90706789e-01
    3.89259756e-01 3.98414135e-02 6.13063574e-04 -1.88800931e-01
    1.89648807e-01 -3.79491150e-02 -8.57546926e-03 -1.21800393e-01
    -4.78202134e-01 -2.59181887e-01 -4.86748874e-01 2.33254164e-01
    -1.69027209e-01 -8.58913362e-02 -1.72087014e-01 -1.86884195e-01
    -4.05849993e-01 4.49957073e-01 7.83667564e-02 -2.51515299e-01
    4.02491093e-01 4.51467365e-01 -1.62975550e-01 -2.67138839e-01
    2.67736137e-01 4.67634976e-01 4.68397290e-01 5.04644036e-01
    3.55309069e-01 6.66871786e-01 2.94668287e-01 2.63151526e-02
    1.87538564e-01 3.12506288e-01 -1.63327664e-01 2.34043866e-01
    -3.41764063e-01 3.53345871e-01 -5.17077446e-02 -3.28273356e-01
    -3.87008190e-02 1.00143790e-01 8.64681602e-02 -5.86041808e-02
    3.37063998e-01 -4.01765823e-01 -2.93197691e-01 2.89584309e-01
    1.93056464e-01 -3.07425976e-01 4.94327515e-01 5.29098034e-01
    -4.35096145e-01 3.70870531e-02 -1.95304304e-01 -2.63533711e-01
    1.25052691e-01 -1.61590785e-01 5.11868238e-01 1.49348736e-01
    3.03096831e-01 -3.79926831e-01 -1.42015576e-01 3.12350750e-01
    -2.24033594e-01 3.54069829e-01 1.62486494e-01 -3.41263711e-02
    2.22019821e-01 2.76748002e-01 3.18229795e-02 5.12469172e-01
    -1.45945966e-01 -3.28919023e-01 -4.18156296e-01 4.99667734e-01
    -1.19345665e-01 2.32438147e-02 3.60582858e-01 4.63037193e-01
    4.89511430e-01 4.01635498e-01 -4.80651945e-01 -3.88802081e-01
    4.14787084e-01 -6.48604929e-02 -3.78696144e-01 2.59174258e-01
    3.06238800e-01 1.18778348e-01 2.04839528e-01 2.13098466e-01
    1.43568575e-01 5.65015078e-02 -3.27123880e-01 3.93897176e-01
    9.45419073e-03 4.12345767e-01 2.07732439e-01 3.70961964e-01
    6.25931621e-02 -1.28113031e-02 -4.20202017e-02 4.05883014e-01
    -1.51461482e-01 3.29925537e-01 2.65358478e-01 2.04224914e-01
    -3.18345875e-01 -4.51329440e-01 2.41231292e-01 2.09500343e-01
    2.23063678e-01 1.51436925e-01 -2.17353582e-01 5.77315092e-02
    3.21240008e-01 2.03382373e-01 -2.54264414e-01 2.81901121e-01
    2.65684247e-01 3.00867856e-01 -5.07427037e-01 4.50911760e-01
    -2.70471305e-01 3.32731843e-01 3.47902298e-01 8.12992454e-02
    -3.89533371e-01 1.79289997e-01 2.57156789e-01 3.57779562e-01
    -4.27525640e-02 4.74388719e-01 4.12468612e-01 1.83098912e-02
    -2.38516390e-01 4.49413061e-02 9.59010124e-02 -4.12884802e-01
    1.36711597e-01 -1.82643205e-01 -6.13655150e-02 3.15466911e-01
    -2.09136486e-01 -2.82533944e-01 3.57805312e-01 8.01100433e-02
    4.19824660e-01 -4.46068317e-01 3.49813402e-01 -3.43671352e-01
    1.03394061e-01 -3.67334396e-01 -1.57826424e-01 -1.37516320e-01
    3.54172468e-01 -4.71967250e-01 1.80576175e-01 4.31280524e-01
    -2.20886141e-01 2.28444695e-01 -4.45528060e-01 4.50395525e-01
    4.89857972e-01 2.14554071e-01 1.07397020e-01 -3.35735083e-03
    -3.43282968e-01 -4.93424326e-01 3.79345596e-01 3.85229111e-01
    -4.35037255e-01 1.75767481e-01 -9.63643193e-02 2.73440897e-01
    3.76346469e-01 4.28050131e-01 4.27588671e-01 -1.59526527e-01
    -1.55029058e-01 9.41860676e-03 -4.00303781e-01 4.32622194e-01
    -1.12222880e-01 6.83397055e-02 2.77278543e-01 -3.61877859e-01
    2.91365772e-01 5.60689270e-02 3.22400928e-02 -4.71035153e-01
    4.57307577e-01 3.97179246e-01 3.92187774e-01 -5.02903581e-01
    1.82592273e-01 -1.64820910e-01 1.20611280e-01 1.42198801e-03
    -8.32710862e-02 -1.16526037e-01 2.51886964e-01 -2.33821929e-01
    3.49302709e-01 5.42570055e-02 -2.60393202e-01 2.58173048e-01
    -2.12387592e-01 -2.24940747e-01 -1.04626328e-01 -3.16035151e-01
    5.09687543e-01 4.22996670e-01 -2.96560317e-01 3.55252534e-01
    1.56739056e-01 -1.92834735e-01 4.85622883e-01 -3.19412768e-01
    5.02349436e-02 -7.55819678e-03 1.48912877e-01 6.28362298e-02
    -1.94178283e-01 -3.87671828e-01 2.43551522e-01 4.48736846e-01
    4.96712178e-01 -3.75210315e-01 6.09147847e-02 2.80281574e-01
    -2.87258893e-01 -3.57388496e-01 -4.00438309e-02 1.90564871e-01
    2.03088850e-01 4.63191748e-01 4.41681594e-01 1.64581627e-01
    -1.05571747e-03 1.86643302e-01 -3.52434218e-01 3.29695076e-01
    -4.44094896e-01 -4.06426877e-01 -2.81043559e-01 -4.47548926e-02
    -3.09775561e-01 3.44311655e-01 -1.49805486e-01 4.16292727e-01
    -3.24382722e-01 4.29516971e-01 1.16222590e-01 3.81306320e-01
    2.69093722e-01 -2.61185467e-01 1.28408819e-01 4.88082379e-01
    -9.82841551e-02 4.04956341e-02 1.01898104e-01 -3.41006219e-02
    -2.46405035e-01 -1.08668536e-01 -2.38248587e-01 5.17892838e-02
    -2.24671662e-02 -4.01843548e-01 -3.78086299e-01 5.03406882e-01
    4.72038686e-01 -2.43481398e-02 1.03098989e-01 -1.37784541e-01
    -3.56911272e-01 3.06141347e-01 1.54126287e-02 3.71232867e-01
    4.05794442e-01 1.00141853e-01 -7.13858604e-02 -4.73496318e-03
    6.43595278e-01 6.35725021e-01 7.89767504e-03 5.59376955e-01
    4.32633877e-01 6.05815172e-01 1.15544051e-01 8.96269083e-03
    1.68733865e-01 4.43306118e-01 1.85494721e-01 -3.94656211e-01
    -2.13306308e-01 4.87286985e-01 -2.55583495e-01 -2.31051832e-01
    2.69962549e-01 -3.84393334e-02 4.59699988e-01 -1.52820170e-01
    2.11730599e-01 -7.58556128e-02 4.29835320e-01 5.56328654e-01
    -2.01521754e-01 -3.04396540e-01 4.50286925e-01 -2.78756559e-01
    -3.56090546e-01 -1.32378072e-01 2.13212669e-02 4.47547823e-01
    5.23089051e-01 -4.23407257e-02 1.32332116e-01 -1.30355954e-01
    2.03439742e-01 -3.80280852e-01 2.55650878e-01 -9.79929268e-02
    5.46555519e-01 -3.49457324e-01 -1.56891644e-01 3.61516714e-01
    2.96908289e-01 1.57593369e-01 4.31683213e-01 -2.51334280e-01
    -3.48243058e-01 2.71262139e-01 -2.98976034e-01 -1.70145094e-01
    2.49360800e-01 -3.92395407e-01 3.61139327e-01 2.55240351e-01
    -2.24538952e-01 -2.85283983e-01 4.60189968e-01 -2.16641665e-01
    -3.07452470e-01 -2.39334494e-01 1.33400261e-02 3.41854125e-01
    2.64514178e-01 1.23287022e-01 -5.48523366e-02 1.75927967e-01
    1.11508220e-01 3.29825610e-01 4.36220348e-01 -2.84018129e-01
    -2.44390726e-01 -1.60457015e-01 -4.49504912e-01 -2.00303197e-01
    1.95560455e-02 2.62701035e-01 -6.24568760e-02 5.46523988e-01
    1.42607093e-01 4.15902823e-01 1.91693664e-01 5.29795170e-01
    5.24866998e-01 3.83982271e-01 -5.89312017e-02 -4.14938390e-01
    7.33014345e-02 -4.35556471e-01 3.23931575e-02 -3.16432536e-01
    -1.59610182e-01 -1.10762119e-02 -3.02649826e-01 4.03810918e-01
    -2.85982072e-01 -2.51700968e-01 -1.67903781e-01 -1.52302027e-01
    4.65780497e-02 3.60701054e-01 3.89609516e-01 -4.96735990e-01
    4.80756015e-01 3.35711241e-01 -2.00673521e-01 2.16126442e-03
    7.43930340e-02 3.43307287e-01 1.24087334e-02 -2.11081058e-01
    4.40717965e-01 6.84911907e-02 -3.68942440e-01 1.15599275e-01
    3.54133040e-01 -2.15525270e-01 1.80818826e-01 -6.54505193e-02
    -2.75648177e-01 -3.45260859e-01 9.90638733e-02 -1.27805889e-01
    2.00915873e-01 1.58989936e-01 2.07032561e-02 2.28885502e-01
    -3.71547252e-01 4.53477740e-01 4.41830665e-01 1.94955230e-01
    -3.88629407e-01 2.75676191e-01 2.71143943e-01 5.00588894e-01
    -1.12194091e-01 -2.22257674e-02 2.86876589e-01 5.21980166e-01
    -2.47274816e-01 -2.90704876e-01 1.89914703e-01 4.69405711e-01
    -3.99302721e-01 -7.88324773e-02 4.58887041e-01 -1.63707078e-01
    5.05983472e-01 5.26555240e-01 -4.08832759e-01 3.38882536e-01
    -4.39887047e-02 3.46545279e-01 -4.35079992e-01 -1.18941694e-01
    4.89493012e-01 -1.99072033e-01 3.73732328e-01 3.89877915e-01
    4.74283874e-01 -1.30494118e-01 -6.21558130e-02 1.75864518e-01
    -1.36443675e-02 -4.29458827e-01 -3.25507045e-01 3.98185909e-01
    -2.32518673e-01 3.57959270e-02 -1.66622102e-01 4.05387998e-01
    1.06190264e-01 -3.84522200e-01 -3.44565600e-01 -3.04448515e-01
    -1.66552365e-02 4.86505955e-01 1.50308907e-01 2.83068419e-03
    -1.64470047e-01 -3.80452812e-01 5.13911307e-01 -6.62811399e-02
    2.39177883e-01 2.31953740e-01 1.07544422e-01 -4.01086241e-01
    5.37298918e-01 3.20216715e-02 3.68121117e-01 1.56177431e-01
    -2.40730852e-01 5.92598319e-03 -1.26619726e-01 -3.42455655e-01
    4.56824183e-01 3.85752320e-02 -3.89575273e-01 1.74510479e-02
    3.95848870e-01 2.63026327e-01 3.81055951e-01 2.92366445e-01
    -2.55711764e-01 3.35415453e-01 -1.50928795e-02 1.41935796e-01
    4.43837106e-01 3.57949674e-01 3.95065814e-01 -3.62124175e-01
    -3.49829972e-01 -2.15971231e-01 -1.34985536e-01 1.84133798e-01
    4.30352420e-01 1.85204297e-01 -3.21343929e-01 1.63189650e-01
    -1.80034339e-01 2.99152970e-01 6.20502234e-03 -3.60408336e-01
    3.98331791e-01 3.49408448e-01 -3.41513038e-01 -4.31927115e-01
    2.42114514e-01 5.31929135e-02 -2.24551260e-02 3.63527983e-01
    5.60795546e-01 -2.09356546e-02 -2.49453843e-01 -3.93163294e-01
    9.99577343e-02 -6.34560287e-02 -1.20359510e-01 2.19695270e-01
    4.86219496e-01 2.64332473e-01 5.53883076e-01 4.41356719e-01
    -2.23886132e-01 -3.33152592e-01 1.75569355e-02 1.89465076e-01
    3.34183961e-01 -7.92112648e-02 -1.02370739e-01 -2.22399324e-01
    7.11840391e-03 5.38474441e-01 -6.35240972e-02 -1.89723402e-01
    4.44557905e-01 2.89596051e-01 2.26729512e-02 5.58545828e-01
    -1.97321624e-01 -2.29441464e-01 6.02640748e-01 -2.84780741e-01
    -1.64057612e-01 4.67902035e-01 -1.52184486e-01 -3.10283393e-01
    1.15534067e-01 3.16567391e-01 -1.14845961e-01 -6.12011552e-03
    -2.96898961e-01 2.59964764e-01 2.72555709e-01 4.09300506e-01
    -6.96376264e-02 1.21756107e-01 5.89108467e-01 3.19530666e-02
    4.01864350e-01 5.00854135e-01 -2.02501655e-01 2.26256013e-01
    -3.63430411e-01 -9.56148207e-02 5.45211554e-01 1.54614151e-02
    3.63644719e-01 5.50535321e-01 3.27580392e-01 2.68188030e-01
    2.71156102e-01 -3.31471980e-01 3.77072215e-01 4.67392385e-01
    4.08704758e-01 -3.10310245e-01 5.75166345e-01 -2.79122949e-01
    1.22877628e-01 -1.10923797e-01 4.82955903e-01 -2.62235284e-01
    1.39128000e-01 -2.22169518e-01 2.34693348e-01 3.97406310e-01
    -2.24011391e-01 -3.11941326e-01 4.66603011e-01 -5.11077046e-02
    3.68991405e-01 -1.78812593e-01 -6.49091005e-02 1.74039960e-01
    -3.13598841e-01 -3.22603256e-01 -6.70895875e-02 1.67568058e-01
    4.61421311e-02 3.25324893e-01 -3.46396118e-01 -2.31981903e-01
    3.38109523e-01 8.74345303e-02 -2.46092319e-01 -7.47650862e-04
    -1.57854855e-02 -3.84187996e-01 4.05026823e-01 5.44824779e-01
    -3.93846244e-01 3.07905734e-01 -1.71560794e-01 -8.19686055e-02
    3.60504657e-01 -2.62306362e-01 -3.09842080e-01 4.09850866e-01
    -2.35349834e-02 -1.26045823e-01 4.48948175e-01 3.05612862e-01
    3.08784813e-01 2.10982978e-01 3.76935899e-02 2.38835543e-01
    5.23146570e-01 3.81473005e-01 2.08109647e-01 2.10404158e-01
    5.08005857e-01 3.79657209e-01 -1.76245272e-02 4.59233791e-01
    5.35711646e-01 4.65057969e-01 1.25627786e-01 1.17997557e-01
    2.88441181e-01 3.91563445e-01 -2.30302513e-01 1.96728706e-01
    4.17637706e-01 4.99203593e-01 2.48012424e-01 2.69074768e-01
    -3.68383080e-01 -3.30295861e-01 1.86585933e-01 -3.12139273e-01
    2.99413502e-02 -1.43245935e-01 4.49296832e-01 1.54263377e-01
    7.01314211e-03 -1.54365093e-01 4.90686238e-01 1.76450700e-01
    4.72301722e-01 -3.45519304e-01 -4.83207107e-02 5.83201170e-01
    1.64881349e-03 4.82324243e-01 5.99881291e-01 1.21293217e-01
    2.01010227e-01 6.18514717e-02 9.71210003e-02 7.30580091e-02
    -3.09378237e-01 -2.57816881e-01 1.11945152e-01 4.85354304e-01
    2.04615384e-01 -3.87628317e-01 -1.12580746e-01 5.00178635e-02
    5.65290213e-01 3.48906428e-01 3.98866534e-01 -7.76403844e-02
    3.10897857e-01 -3.34711432e-01 -2.62736052e-01 4.20256674e-01
    1.94553733e-01 -3.48834097e-02 -3.86349618e-01 -1.86419278e-01
    -7.15593100e-02 -3.01379085e-01 9.55285728e-02 4.64770883e-01
    -1.63117349e-01 3.45822483e-01 6.31477535e-02 4.37402576e-01
    4.11211401e-01 -1.62310034e-01 1.68289453e-01 5.82956374e-02
    2.24230230e-01 -1.25549465e-01 1.36967808e-01 6.26258254e-02
    -2.44948894e-01 3.51972431e-01 1.11921310e-01 4.18837756e-01
    -3.03649396e-01 -8.26144814e-02 8.25463235e-02 -3.40343714e-01
    -2.24265754e-01 2.05060810e-01 3.82037610e-01 -2.41799563e-01
    6.20238066e-01 2.57052213e-01 -2.60030717e-01 5.49802661e-01
    3.42187524e-01 -1.12281322e-01 4.33867365e-01 3.41275483e-01
    -3.81063789e-01 2.56369412e-02 -6.50092065e-02 -2.72303641e-01
    3.87260050e-01 3.92136157e-01 -3.30838233e-01 -2.77759433e-02
    1.72349185e-01 -1.68179542e-01 2.13468432e-01 -3.23844969e-01
    3.97475928e-01 -2.37610549e-01 4.78839993e-01 3.18439156e-01
    4.18711543e-01 3.15465331e-02 -1.88454688e-01 6.08105779e-01
    2.82163084e-01 -2.70382077e-01 3.08587939e-01 4.54077929e-01
    3.53656858e-01 -7.59349167e-02 2.19955832e-01 5.88361025e-01
    -1.27182066e-01 -1.09498292e-01 2.01354414e-01 -1.08133167e-01
    -3.47974628e-01 5.72316766e-01 1.52571946e-01 -2.81337589e-01
    2.94800699e-02 1.75190032e-01 4.39706326e-01 2.39979863e-01
    1.27282381e-01 -1.56054199e-02 -2.07211077e-01 2.31893271e-01
    -1.01786524e-01 -3.45038503e-01 -1.84761584e-02 -2.19580710e-01
    3.02538753e-01 -3.22412640e-01 -2.65164465e-01 -1.73231006e-01
    7.21825659e-02 2.51236618e-01 3.92131209e-02 2.74222374e-01
    6.18534327e-01 -1.50920749e-01 -7.05459714e-03 6.37352943e-01
    6.33232296e-01 5.78841150e-01 1.10113814e-01 5.45041382e-01</data></your_img>
</opencv_storage>
