<?xml version="1.0"?>
<opencv_storage>
<g>1.0700000000000001e+00</g>
<r>2</r>
<filter-type>0</filter-type>
<circular>0</circular>
<L2_diff>1.1168561611637381e+02</L2_diff>
<test_img type_id="opencv-matrix">
  <rows>128</rows>
  <cols>256</cols>
  <dt>f</dt>
  <data>
    3.96767557e-01 3.99745762e-01 5.20580769e-01 3.06542933e-01
    7.47016788e-01 9.39579010e-01 7.60124266e-01 9.53853369e-01
    7.15359032e-01 6.04532301e-01 7.92647600e-01 4.67115015e-01
    6.65060043e-01 6.95010185e-01 5.17200232e-01 7.90327191e-01
    4.21919286e-01 1.53807551e-01 5.71250439e-01 9.04615164e-01
    2.29728967e-01 2.89606750e-01 3.90995145e-02 5.62785566e-02
    8.60063791e-01 8.31701517e-01 5.80774844e-02 5.35585284e-01
    1.05524719e-01 4.83266860e-01 3.09328496e-01 7.96796799e-01
    1.83874607e-01 9.15055752e-01 4.23228920e-01 3.17296982e-01
    8.88411164e-01 6.86094284e-01 9.65585351e-01 6.34873390e-01
    7.11851358e-01 7.46960163e-01 8.95248353e-01 1.65900022e-01
    1.76329195e-01 8.33173215e-01 5.92872500e-03 7.74219275e-01
    8.56141448e-01 1.24029309e-01 2.70438135e-01 3.22652042e-01
    9.78775978e-01 3.93933415e-01 9.80006158e-02 1.54997915e-01
    5.40649354e-01 2.62737572e-02 9.92203534e-01 7.80209959e-01
    8.78134668e-02 8.99214923e-01 7.78608918e-01 9.57510054e-01
    1.68812931e-01 8.97529423e-02 6.09519243e-01 4.30227280e-01
    2.14319110e-01 4.64025617e-01 3.68109077e-01 9.66366887e-01
    7.12190092e-01 6.91962481e-01 3.29936713e-01 8.61783743e-01
    8.39237034e-01 7.86798656e-01 7.13077784e-02 2.00943142e-01
    8.05627167e-01 8.11067224e-01 5.08670628e-01 4.95052665e-01
    4.03323233e-01 7.75778115e-01 7.94284105e-01 2.03561962e-01
    5.23436725e-01 1.08921677e-01 3.29477489e-02 9.08289433e-01
    4.32323158e-01 1.26311779e-01 2.17398077e-01 8.80079627e-01
    8.77850771e-01 6.77886367e-01 8.10964525e-01 4.87560660e-01
    3.25355113e-01 3.80038202e-01 1.42020762e-01 1.68060988e-01
    4.26528782e-01 5.00395715e-01 1.87275678e-01 4.22577381e-01
    7.97405124e-01 9.87920761e-01 7.65371025e-01 1.60675257e-01
    5.61504781e-01 2.30269432e-02 9.26281154e-01 7.77105808e-01
    5.18994212e-01 9.24153924e-01 9.08375502e-01 4.16156620e-01
    5.37329316e-02 3.58722329e-01 1.43019646e-01 3.00769687e-01
    6.73372805e-01 4.86427486e-01 2.72739321e-01 2.33553052e-01
    7.57211685e-01 5.38719296e-02 8.61968040e-01 2.25317568e-01
    4.84555244e-01 2.28479713e-01 6.93175137e-01 2.00878590e-01
    4.18404043e-02 4.13710117e-01 2.35984266e-01 2.89192796e-02
    7.01081991e-01 5.93912959e-01 7.33212829e-01 7.40848064e-01
    5.14984012e-01 6.28519595e-01 7.53697455e-02 2.27038950e-01
    4.03121829e-01 3.42556834e-01 6.49400771e-01 4.66406196e-01
    3.39668602e-01 9.44889367e-01 8.08399558e-01 2.30194062e-01
    9.26080763e-01 4.97816801e-01 1.24337524e-01 9.86084461e-01
    2.02383965e-01 9.58036304e-01 4.38399702e-01 6.11298442e-01
    1.42620862e-01 3.61872315e-02 5.71035683e-01 6.75469041e-02
    9.21729684e-01 1.21006489e-01 5.65659940e-01 5.66383064e-01
    1.53668076e-01 1.35357499e-01 3.96683335e-01 1.46903485e-01
    4.91159409e-01 3.26445788e-01 9.14850831e-02 8.62538636e-01
    5.82797110e-01 8.77541065e-01 8.88089597e-01 4.30862933e-01
    7.95070052e-01 8.55419517e-01 4.52387333e-01 8.65431190e-01
    4.69648510e-01 9.41796184e-01 2.29790598e-01 7.14593828e-01
    4.82283443e-01 5.75435996e-01 4.83187020e-01 6.14968419e-01
    4.10857975e-01 9.77627695e-01 4.30360675e-01 4.07698721e-01
    6.87089622e-01 5.84531724e-01 7.49392748e-01 6.93220496e-01
    2.57198662e-01 6.69811547e-01 9.66616631e-01 9.55424786e-01
    8.28149199e-01 1.11221671e-01 4.52621579e-01 9.58073854e-01
    4.61544216e-01 8.32343578e-01 9.63837981e-01 7.14957178e-01
    1.70684218e-01 4.90644574e-02 8.02165568e-01 4.84559983e-01
    5.02736747e-01 6.91675901e-01 2.16186285e-01 4.13163900e-02
    4.58748102e-01 4.87550527e-01 2.83969045e-01 2.40278214e-01
    2.46409655e-01 6.52675807e-01 3.27112973e-02 9.12795544e-01
    6.44755721e-01 3.42721015e-01 8.82649481e-01 7.94997454e-01
    1.21681690e-02 2.98270583e-01 5.68447113e-01 2.06749260e-01
    2.48542577e-01 3.80704105e-02 2.02890664e-01 4.43355501e-01
    5.97584844e-01 4.28158224e-01 6.65593088e-01 6.22380674e-01
    2.11832672e-01 5.66266358e-01 9.02124941e-02 6.94779396e-01
    5.43061793e-02 3.65349501e-01 7.54626095e-02 3.78317803e-01
    3.67737889e-01 9.22659934e-01 4.81989324e-01 7.78555870e-04
    5.78139424e-01 5.65466404e-01 2.16708720e-01 8.11728120e-01
    3.52503926e-01 5.39856255e-02 2.01283664e-01 5.98931432e-01
    8.43885899e-01 9.93378401e-01 6.56301677e-01 1.79576874e-03
    7.96816945e-01 8.77625704e-01 4.83368516e-01 4.70116884e-01
    2.81410336e-01 7.03606486e-01 9.27774072e-01 7.41749823e-01
    9.89728093e-01 7.97157645e-01 9.98888016e-01 7.45794415e-01
    8.54117870e-01 6.36654556e-01 4.17566329e-01 2.58688688e-01
    9.10985768e-01 6.80216968e-01 2.93464065e-01 5.04543781e-01
    5.38466692e-01 2.32137024e-01 8.14457119e-01 8.06363225e-02
    8.96608889e-01 8.65519524e-01 5.15195608e-01 2.65192121e-01
    1.51898235e-01 6.18178785e-01 9.78626192e-01 2.99152493e-01
    2.53085554e-01 7.53882706e-01 6.62552953e-01 6.04679763e-01
    3.79363835e-01 1.09673440e-02 7.35755682e-01 7.09933877e-01
    9.28693414e-02 9.43255067e-01 3.42649221e-02 2.64287651e-01
    5.87672651e-01 5.24367690e-01 2.15039790e-01 6.20174050e-01
    2.53372282e-01 7.80241787e-02 1.26774400e-01 5.07023513e-01
    3.98722947e-01 7.55893469e-01 9.10731018e-01 8.37506294e-01
    2.17706054e-01 6.43928051e-02 3.99548233e-01 1.49553031e-01
    4.83467519e-01 5.52084267e-01 1.25540495e-01 1.73188537e-01
    5.42256057e-01 2.71401882e-01 4.33940500e-01 3.29365611e-01
    9.10711288e-01 7.72818089e-01 7.03537226e-01 7.16277063e-01
    9.72817421e-01 3.53794932e-01 6.93150342e-01 3.49015772e-01
    2.72065103e-01 1.04080439e-01 6.34258509e-01 9.48333502e-01
    2.05559015e-01 4.04667288e-01 4.67555851e-01 9.69502747e-01
    2.20389456e-01 6.41181707e-01 4.78138179e-01 2.67777920e-01
    7.49562740e-01 7.36451328e-01 7.37862289e-01 2.42554367e-01
    2.81564236e-01 8.91141891e-01 2.10712612e-01 5.63822925e-01
    1.95770353e-01 1.60119891e-01 2.82991737e-01 3.71431172e-01
    6.61263704e-01 9.90630269e-01 1.16313994e-02 4.48497534e-02
    1.61650687e-01 1.90619349e-01 7.49618530e-01 7.23373413e-01
    5.73530376e-01 2.92333573e-01 4.74042296e-01 5.28907835e-01
    7.27559566e-01 5.14212728e-01 6.71276033e-01 9.29764032e-01
    2.49798745e-01 9.53954339e-01 2.80294716e-02 4.50531721e-01
    8.37269783e-01 1.56477273e-01 1.43898785e-01 2.44946033e-01
    5.23747683e-01 1.43752038e-01 5.12475252e-01 3.87430072e-01
    3.28569591e-01 2.84986496e-01 1.27511024e-01 8.25209022e-01
    2.70247459e-01 6.42434001e-01 3.65970433e-02 6.76305294e-01
    6.61792457e-01 6.41851962e-01 4.04379904e-01 3.06890279e-01
    8.54435205e-01 2.96825171e-03 3.24079722e-01 5.39926946e-01
    3.70127201e-01 9.03823793e-01 9.18006897e-01 8.73574913e-01
    3.05486798e-01 4.74097878e-01 5.22806466e-01 1.06490850e-02
    8.16416979e-01 3.91691744e-01 8.25951457e-01 4.19337988e-01
    7.03170121e-01 2.83666342e-01 3.21326137e-01 4.45761681e-01
    8.83636475e-01 7.45961428e-01 4.69470024e-02 1.01414800e-01
    2.39308238e-01 6.36431277e-02 8.06976438e-01 8.03060293e-01
    1.76673532e-02 8.01855505e-01 4.11076188e-01 4.91225988e-01
    8.22251558e-01 8.62108171e-02 1.54620826e-01 8.74033511e-01
    3.95565480e-01 2.17105836e-01 1.63645387e-01 6.73170388e-01
    8.48380625e-01 4.38388735e-01 6.40818298e-01 4.37069088e-01
    5.88725388e-01 2.51551390e-01 3.24806571e-01 5.92082798e-01
    6.62520766e-01 7.55442977e-02 5.83801270e-01 7.56838560e-01
    8.22618902e-02 6.76122010e-01 6.83529198e-01 3.79494846e-01
    4.73890722e-01 1.96930856e-01 1.82528973e-01 3.43073726e-01
    6.07666373e-02 5.84116578e-01 5.86397350e-02 3.17205042e-01
    3.92890751e-01 8.90143394e-01 8.39293599e-01 4.58969504e-01
    9.90009546e-01 6.56364560e-01 8.26756358e-01 5.46774030e-01
    2.36474872e-01 3.75459045e-01 4.99475121e-01 6.36787713e-01
    3.77242804e-01 3.24213445e-01 6.48207009e-01 2.33991414e-01
    6.46172464e-01 5.82286716e-01 6.08098567e-01 5.44969559e-01
    8.78943384e-01 3.79252434e-01 7.15891123e-01 5.96558094e-01
    5.67753434e-01 8.95015597e-01 4.87067938e-01 8.22670460e-01
    6.38214588e-01 9.52518463e-01 2.30308473e-01 5.85830152e-01
    9.21047568e-01 3.68143976e-01 3.19687545e-01 9.22384262e-01
    8.04176688e-01 8.93063307e-01 3.02547753e-01 5.22084117e-01
    1.53330982e-01 7.92128921e-01 3.96769792e-01 7.82707632e-01
    9.06650901e-01 5.00194013e-01 8.47833395e-01 7.20252693e-02
    7.45012045e-01 9.49095845e-01 8.82322669e-01 6.74799562e-01
    9.39493835e-01 3.45786393e-01 9.08494890e-02 9.38077509e-01
    7.94938207e-03 8.39720607e-01 3.57959092e-01 2.96002269e-01
    1.40690446e-01 6.09633327e-01 4.27813768e-01 6.78664565e-01
    7.98159182e-01 4.13466901e-01 2.82888830e-01 8.22968483e-01
    9.48906243e-01 2.94902563e-01 3.11267972e-01 3.39946687e-01
    7.51820803e-01 6.21402144e-01 8.20297241e-01 7.05856681e-01
    1.25876427e-01 2.78803378e-01 1.41927153e-01 7.21767783e-01
    3.69731426e-01 1.34654641e-02 1.91671550e-01 7.27802396e-01
    6.91565633e-01 3.38305295e-01 9.99670744e-01 3.60721380e-01
    4.51653540e-01 5.97420633e-02 9.99985576e-01 5.77967227e-01
    9.94359136e-01 7.99387455e-01 1.75036907e-01 6.68627977e-01
    5.24233639e-01 5.79385102e-01 6.77741408e-01 9.81530309e-01
    5.32137692e-01 3.13783348e-01 8.16211104e-02 2.17881054e-01
    2.39013016e-01 3.34275305e-01 1.32460386e-01 7.58048892e-01
    9.96224284e-01 9.94994998e-01 3.49258274e-01 8.23107064e-01
    7.88999677e-01 8.21832836e-01 3.10134202e-01 3.97117496e-01
    9.01243806e-01 7.56895781e-01 6.99186027e-01 8.06845188e-01
    8.58107448e-01 2.82341480e-01 9.53985214e-01 1.00301355e-01
    8.25156748e-01 8.21761370e-01 9.48695242e-01 9.22897935e-01
    1.84889793e-01 4.86716390e-01 6.38159811e-01 3.20704281e-01
    6.46035790e-01 6.36308968e-01 9.66920912e-01 6.60844743e-02
    3.46728683e-01 2.95685291e-01 4.56770599e-01 7.31606603e-01
    8.76017630e-01 9.86929893e-01 3.47139210e-01 4.78336602e-01
    5.30781686e-01 4.52125341e-01 3.24126750e-01 6.25876188e-02
    5.70359409e-01 8.27099442e-01 3.49122703e-01 7.84292638e-01
    2.62555301e-01 4.97620434e-01 8.37192833e-01 9.08190012e-01
    1.51239097e-01 4.94527251e-01 2.08962947e-01 2.82530963e-01
    6.56740069e-02 6.41645014e-01 2.94620693e-01 5.84758520e-02
    9.72740591e-01 6.92555010e-02 9.41246808e-01 9.72048759e-01
    2.44325280e-01 7.96312809e-01 2.14208663e-02 4.96059507e-01
    4.44302261e-01 2.30831087e-01 5.46921611e-01 6.97541475e-01
    9.66226578e-01 9.90530610e-01 3.72421324e-01 7.15159476e-01
    3.59437525e-01 6.77277625e-01 5.79296410e-01 2.99780667e-01
    8.86723161e-01 7.67676115e-01 2.37828016e-01 9.00645852e-01
    5.43235958e-01 7.22936869e-01 1.27940655e-01 7.73414969e-02
    7.28550494e-01 3.00243139e-01 2.29340494e-01 3.33181798e-01
    8.63863826e-01 4.83940929e-01 5.78513443e-02 4.51335609e-01
    9.50973749e-01 8.16625535e-01 2.21078932e-01 4.50064927e-01
    2.73118317e-02 5.26231527e-01 7.64132679e-01 5.93989253e-01
    5.16731322e-01 7.83428788e-01 8.26415896e-01 9.56747413e-01
    6.52716935e-01 8.11226964e-01 3.98613423e-01 2.28841275e-01
    4.01867330e-01 6.38151467e-02 1.26582563e-01 1.54037744e-01
    8.09117436e-01 7.07016826e-01 7.14661777e-02 8.91512573e-01
    1.97375685e-01 3.73853803e-01 5.44659138e-01 5.19472599e-01
    3.68545473e-01 7.25419223e-02 3.37720394e-01 8.96125674e-01
    8.15142691e-02 7.38707006e-01 8.75007153e-01 1.94742024e-01
    2.02959955e-01 1.01609498e-01 3.11346352e-01 7.83988178e-01
    7.93534279e-01 4.48994040e-02 8.71984303e-01 4.17114824e-01
    3.65133643e-01 8.77313375e-01 6.81978941e-01 2.56974280e-01
    8.51507604e-01 7.04834342e-01 1.69185996e-01 4.81077492e-01
    5.62099159e-01 5.39294004e-01 6.45860910e-01 5.83948851e-01
    3.79112780e-01 5.63271403e-01 4.52683568e-01 3.59840930e-01
    6.24150932e-02 3.67995083e-01 5.47895789e-01 5.95270395e-01
    1.79442704e-01 4.46049333e-01 8.12927186e-02 1.37633443e-01
    7.21778095e-01 8.95059824e-01 6.90420449e-01 9.32504177e-01
    7.50229955e-02 9.28513408e-01 6.99418306e-01 3.43392968e-01
    7.02583432e-01 3.97064865e-01 1.63434386e-01 4.47230726e-01
    3.54604036e-01 9.35035229e-01 3.45480144e-01 1.35807693e-01
    6.81762815e-01 5.39951503e-01 6.71662569e-01 4.62952852e-01
    5.67500234e-01 5.79505682e-01 1.08401209e-01 6.98594093e-01
    5.15897810e-01 6.80514872e-01 1.04179293e-01 3.19782168e-01
    7.38629103e-01 4.88372356e-01 8.96041453e-01 2.12376386e-01
    1.79309875e-01 1.95567131e-01 8.49328279e-01 1.04186684e-01
    3.99146646e-01 1.92612499e-01 4.65364009e-01 9.18223917e-01
    9.77406859e-01 5.49969494e-01 9.76670146e-01 7.00629711e-01
    5.94963789e-01 2.54597038e-01 4.75692928e-01 7.18134344e-01
    8.17787111e-01 5.95419765e-01 3.03935349e-01 3.86885822e-01
    6.06121063e-01 8.40072095e-01 7.58334875e-01 3.88207257e-01
    4.81146216e-01 4.13759977e-01 5.10327935e-01 4.32750434e-01
    6.68322325e-01 4.20605540e-01 4.23024118e-01 4.91783291e-01
    6.69729710e-01 1.38291359e-01 6.58172131e-01 3.26615423e-01
    3.01235259e-01 1.35950446e-02 1.74848080e-01 1.92606419e-01
    9.92151260e-01 4.91125852e-01 6.22034311e-01 3.34660709e-01
    6.09110177e-01 5.95094681e-01 2.05843389e-01 5.68451524e-01
    7.09094524e-01 2.77961403e-01 5.86157680e-01 4.05800372e-01
    6.55621767e-01 1.24629080e-01 3.88315409e-01 7.81112731e-01
    7.27030277e-01 4.84261632e-01 1.65685445e-01 6.81350529e-02
    6.19244218e-01 8.96067500e-01 6.07227802e-01 7.68291652e-02
    2.06996948e-01 9.67462003e-01 1.35110945e-01 5.12313247e-01
    2.36670852e-01 9.22080278e-01 7.29706168e-01 3.23762625e-01
    4.41146910e-01 7.16114402e-01 1.56502128e-01 9.75523114e-01
    4.70342219e-01 8.89801264e-01 3.88013065e-01 8.80701065e-01
    4.85834897e-01 2.09842414e-01 7.97216892e-02 8.12097788e-01
    5.64173102e-01 6.44438565e-02 7.78894067e-01 2.95832157e-01
    3.69497359e-01 7.44257867e-01 8.99582148e-01 6.14526570e-02
    1.45110041e-01 5.53623140e-01 5.23679256e-01 9.18699622e-01
    9.83487427e-01 3.29772681e-01 7.05330849e-01 1.23106062e-01
    9.68870103e-01 4.81863916e-02 4.68145788e-01 2.93301880e-01
    7.78429151e-01 3.20822656e-01 4.66290236e-01 6.41361117e-01
    6.67704940e-02 4.76992279e-01 9.27242637e-01 3.92930746e-01
    1.83160007e-02 6.30075872e-01 9.21466649e-01 1.68817222e-01
    1.24620944e-01 8.75912428e-01 7.08003044e-01 3.56200635e-02
    2.46220529e-01 5.00161886e-01 7.17375338e-01 2.95453489e-01
    8.53536010e-01 5.91072023e-01 4.99530852e-01 8.33017230e-02
    5.96420050e-01 6.25021458e-01 9.19386744e-01 4.15919840e-01
    7.86793351e-01 6.25303507e-01 1.22894347e-02 9.47920322e-01
    2.65365005e-01 7.51726627e-01 9.09273386e-01 2.00443983e-01
    4.45439696e-01 2.06875503e-02 1.16178930e-01 8.97687078e-02
    7.46496916e-01 3.94738734e-01 7.49313831e-01 4.08322453e-01
    7.56392241e-01 3.33974242e-01 1.92131758e-01 6.14852250e-01
    1.56200439e-01 6.53070569e-01 1.64031982e-01 9.39944386e-01
    5.26040494e-01 6.79531813e-01 3.07413638e-01 2.46275127e-01
    5.38923144e-01 7.74455547e-01 2.72089660e-01 7.56408274e-02
    5.04931986e-01 6.13655210e-01 2.34955311e-01 5.92052937e-02
    2.24921316e-01 1.74045444e-01 8.13944578e-01 1.42412841e-01
    8.79385233e-01 8.14272046e-01 8.93528461e-01 2.54092813e-01
    9.24428105e-02 7.32932150e-01 7.04066038e-01 3.35339069e-01
    4.08232450e-01 1.98241979e-01 4.43705201e-01 6.53471291e-01
    1.53586894e-01 5.57217598e-01 5.90978384e-01 3.18971455e-01
    2.32046038e-01 9.96021509e-01 5.25166750e-01 8.19498777e-01
    1.23039275e-01 2.12253571e-01 6.63642704e-01 3.41873497e-01
    7.51708746e-01 9.09947753e-01 9.62400317e-01 1.99040800e-01
    6.25110209e-01 6.42462850e-01 5.24345100e-01 4.25888538e-01
    6.83674693e-01 5.69508672e-01 1.81331635e-01 5.41259944e-01
    9.42378163e-01 2.77516574e-01 8.15383196e-01 4.94108200e-01
    8.83247852e-01 4.06461030e-01 7.61221528e-01 8.05586576e-02
    6.69288576e-01 6.44190013e-02 6.01276100e-01 1.98622584e-01
    4.55251038e-02 3.14905256e-01 2.14117885e-01 8.92739832e-01
    1.88182265e-01 5.11182010e-01 3.61550510e-01 8.93163145e-01
    2.76529640e-01 4.69719082e-01 8.37836087e-01 8.20613265e-01
    7.77164817e-01 8.77885640e-01 9.99695063e-01 7.59380937e-01
    4.33443874e-01 6.36858046e-01 6.35813892e-01 2.92609990e-01
    2.27765083e-01 9.69099700e-01 9.54956293e-01 7.21431196e-01
    5.96445978e-01 1.33015752e-01 7.40445256e-01 1.05797201e-01
    8.52291822e-01 9.30710316e-01 7.05271363e-01 9.33874905e-01
    4.12912846e-01 7.12351143e-01 7.30980933e-01 2.54119754e-01
    3.06200087e-02 6.35174811e-01 2.15390593e-01 7.04493880e-01
    8.33551884e-02 8.64544630e-01 9.60976362e-01 8.99314642e-01
    7.45303690e-01 3.13382626e-01 9.74590719e-01 7.90892482e-01
    2.12859064e-01 9.40766573e-01 9.77730095e-01 1.78140104e-01
    2.02419013e-01 9.45972085e-01 7.49288201e-01 5.07718027e-02
    5.80873132e-01 6.80604577e-01 4.82221693e-01 5.09591460e-01
    8.53921652e-01 1.37970567e-01 5.02074838e-01 5.78630447e-01
    9.43092227e-01 1.96011364e-02 5.33993542e-01 8.40829015e-01
    4.18868870e-01 3.42272222e-02 7.80243278e-01 3.84987533e-01
    7.45009780e-02 3.57140303e-01 5.97543836e-01 6.59894228e-01
    5.73307216e-01 3.21585894e-01 3.04549307e-01 6.65143251e-01
    8.86425376e-03 3.37558031e-01 8.42973173e-01 6.84555471e-01
    1.62480474e-02 1.11829162e-01 6.47462904e-01 7.45944381e-01
    2.71773934e-02 4.92231518e-01 3.94343555e-01 7.88970709e-01
    3.97571027e-02 8.18350494e-01 5.67957163e-02 6.59381270e-01
    1.18530095e-02 2.89949030e-01 3.66228938e-01 5.30877233e-01
    5.23379385e-01 4.09372926e-01 9.92777050e-01 3.06513309e-02
    7.10135579e-01 1.79852694e-01 3.13183874e-01 9.37581778e-01
    4.08522606e-01 2.13402927e-01 8.71104658e-01 9.11617458e-01
    9.97842431e-01 6.67956948e-01 5.44486523e-01 7.40687430e-01
    2.80187011e-01 4.54768598e-01 9.50330257e-01 5.89898467e-01
    5.28830111e-01 1.42724633e-01 4.29470837e-01 7.68424749e-01
    1.05806082e-01 6.19146466e-01 7.64397681e-02 1.16583705e-02
    8.97430658e-01 5.55910349e-01 4.77452874e-01 1.04728013e-01
    5.43905199e-01 6.03495240e-02 4.63272214e-01 7.94189930e-01
    2.04551220e-02 1.29446357e-01 2.09755659e-01 3.45765173e-01
    1.46329135e-01 7.61923790e-01 2.92380214e-01 1.04788750e-01
    9.65209901e-02 2.06462473e-01 9.54420447e-01 1.62653416e-01
    6.82405412e-01 7.82477140e-01 7.83409595e-01 2.04568923e-01
    9.14583445e-01 8.49510729e-01 5.36530435e-01 4.79385972e-01
    9.54620004e-01 7.75471389e-01 7.91672349e-01 1.94615275e-01
    1.95844024e-01 5.68618059e-01 2.08852470e-01 3.89626175e-01
    6.42104268e-01 5.53769588e-01 4.05855179e-02 9.57509160e-01
    4.02614623e-01 5.11356473e-01 1.53804302e-01 5.28237700e-01
    6.21328294e-01 3.96415591e-03 6.90133810e-01 9.39095736e-01
    3.60150099e-01 7.68872738e-01 6.91287220e-02 8.13908875e-01
    6.32446706e-01 9.13961172e-01 9.64420855e-01 1.25738591e-01
    6.41843975e-02 6.20167196e-01 2.08555013e-01 4.31248575e-01
    4.72019821e-01 6.31747603e-01 1.53903574e-01 3.94447744e-01
    3.96835983e-01 3.03822219e-01 7.52226114e-01 6.30580962e-01
    3.22827697e-01 1.40979111e-01 4.83001798e-01 9.11314011e-01
    8.20343792e-01 6.71299219e-01 4.83722985e-01 1.11886561e-01
    2.11253077e-01 7.23266184e-01 4.60055709e-01 6.21404171e-01
    7.72236228e-01 1.49226099e-01 1.25974208e-01 2.06185579e-01
    6.11644566e-01 7.28526711e-01 5.68406999e-01 5.57867765e-01
    4.43580568e-01 4.42586899e-01 3.59291434e-01 6.84601247e-01
    1.03507370e-01 4.05404150e-01 5.06119967e-01 9.22405005e-01
    9.73134041e-01 1.36760205e-01 2.11080611e-02 1.23457491e-01
    6.07539296e-01 4.58576053e-01 8.71317685e-01 2.96173990e-02
    2.69484520e-02 1.94670260e-02 1.70357913e-01 1.33793563e-01
    3.56750131e-01 7.40080535e-01 1.39852762e-02 7.91248560e-01
    5.63591838e-01 7.94940054e-01 8.03612530e-01 7.30892777e-01
    9.83458519e-01 2.42276996e-01 8.35103393e-01 7.13737130e-01
    8.18459988e-01 9.87986803e-01 1.31422997e-01 4.67473745e-01
    4.75942552e-01 2.89174795e-01 4.31093216e-01 9.88160670e-01
    6.22457623e-01 3.93955052e-01 4.51378524e-01 8.55302811e-01
    8.28062236e-01 9.73804832e-01 4.03856426e-01 1.57970846e-01
    6.92709386e-01 8.92389655e-01 8.79584789e-01 9.90050435e-02
    5.93268096e-01 7.23162889e-02 6.71665311e-01 4.26918864e-01
    7.72561252e-01 3.66497397e-01 1.80023760e-01 7.58286715e-01
    6.20097458e-01 5.48556685e-01 7.10901499e-01 8.89078677e-01
    5.10602891e-01 3.88254523e-02 5.99915504e-01 3.69122237e-01
    8.26790929e-01 1.81938529e-01 3.60093951e-01 4.58323419e-01
    5.51392972e-01 1.95727855e-01 3.31844628e-01 5.78936934e-01
    1.12831473e-01 9.78120744e-01 7.83213377e-01 1.90562218e-01
    4.18678313e-01 5.98595917e-01 4.20768261e-02 7.12502182e-01
    8.93207431e-01 4.49244380e-02 4.15631115e-01 7.81282783e-01
    6.55011952e-01 1.48812324e-01 8.95026684e-01 4.10553724e-01
    4.10888672e-01 2.67681539e-01 3.95964324e-01 8.40472698e-01
    7.33795702e-01 1.23869509e-01 4.90022600e-02 8.04945469e-01
    9.22853708e-01 5.08979797e-01 2.65527666e-01 1.58491015e-01
    4.68342721e-01 2.13193595e-01 5.51783800e-01 5.07123470e-01
    1.95804119e-01 1.90318376e-01 1.09120369e-01 8.58809471e-01
    7.14672625e-01 2.42986739e-01 8.10796142e-01 9.14244473e-01
    7.89790511e-01 4.01439577e-01 6.40454769e-01 3.77677947e-01
    6.32710695e-01 8.02228451e-01 8.80762577e-01 2.67089128e-01
    1.48112804e-01 6.57251179e-01 2.86975861e-01 5.39204836e-01
    9.35763836e-01 7.32464790e-02 4.90284830e-01 6.91773236e-01
    4.84459102e-01 9.29938018e-01 6.78792715e-01 4.55393881e-01
    5.32599032e-01 6.61697745e-01 8.11936975e-01 2.68016368e-01
    1.90957665e-01 9.88009453e-01 1.53893620e-01 8.75084102e-01
    1.63850784e-01 6.16498709e-01 2.67182171e-01 6.74413204e-01
    3.51479053e-02 2.96100974e-01 7.54618943e-02 5.49882829e-01
    4.74754900e-01 5.01135290e-02 3.11165273e-01 5.41115105e-01
    9.03019786e-01 1.10145479e-01 3.76279533e-01 1.77477181e-01
    7.88366795e-01 7.92445183e-01 7.45295525e-01 2.25967884e-01
    7.13985205e-01 9.74290907e-01 3.33375424e-01 9.31655407e-01
    3.81833702e-01 7.91937411e-01 1.26833409e-01 4.50700819e-01
    2.96854496e-01 3.64630878e-01 4.25452679e-01 7.64064550e-01
    4.50163960e-01 4.16896343e-02 2.17553377e-01 2.33583808e-01
    6.49556220e-01 9.63738799e-01 7.38360107e-01 6.11050308e-01
    2.87290812e-01 7.80482173e-01 3.98492545e-01 2.58733332e-02
    5.96270740e-01 4.70973670e-01 6.50380969e-01 5.73062658e-01
    8.43531191e-02 2.16449797e-02 5.58070362e-01 4.04863983e-01
    5.43722689e-01 6.70850515e-01 7.87712455e-01 3.91995132e-01
    6.82099164e-01 1.12717658e-01 3.93089652e-03 6.70628488e-01
    2.40599513e-01 9.40918088e-01 5.67868412e-01 1.50159299e-02
    9.34109926e-01 2.33642071e-01 8.93743217e-01 5.11582434e-01
    2.72207558e-01 6.45252585e-01 3.31234992e-01 9.32542682e-01
    5.86670935e-01 4.66411501e-01 8.31823528e-01 3.68290931e-01
    5.53799033e-01 7.87085891e-01 1.27315909e-01 1.95090771e-02
    3.75613034e-01 8.26431394e-01 8.22116256e-01 8.89743209e-01
    2.60405064e-01 1.31595671e-01 6.50220871e-01 6.68704510e-04
    6.77868962e-01 5.98462403e-01 3.55466336e-01 6.67257309e-01
    4.47629154e-01 8.36767137e-01 5.55224836e-01 3.49849284e-01
    7.33672440e-01 2.08692878e-01 5.24816275e-01 3.21176231e-01
    1.65766388e-01 3.08946371e-01 9.39387798e-01 9.85634327e-01
    3.15631837e-01 7.33791232e-01 4.40229654e-01 2.50655115e-02
    9.36818123e-01 8.40578556e-01 7.38156080e-01 3.96065921e-01
    7.94274449e-01 1.84931993e-01 5.45172930e-01 5.38998425e-01
    9.38784599e-01 4.16179359e-01 7.86110282e-01 6.13726199e-01
    8.27756882e-01 5.30511618e-01 1.33121371e-01 6.54506683e-03
    4.52516079e-01 8.07756543e-01 6.19971216e-01 1.66538835e-01
    6.16280913e-01 7.29215026e-01 7.23618269e-03 3.43251765e-01
    3.95299911e-01 6.78164124e-01 8.80008817e-01 1.43020123e-01
    8.18728328e-01 6.12620115e-02 7.39411414e-02 8.98765922e-01
    7.24218488e-02 9.60163713e-01 3.81261885e-01 4.52290118e-01
    8.66096139e-01 5.73916733e-02 1.70620084e-01 6.54021859e-01
    4.74092871e-01 2.75284946e-01 1.51141256e-01 6.80166543e-01
    9.28075314e-01 2.16667950e-02 4.54569608e-01 4.03569967e-01
    8.96191001e-02 4.15588707e-01 5.04280090e-01 4.33551729e-01
    7.32160866e-01 4.22930628e-01 2.12867051e-01 8.53861511e-01
    8.04841399e-01 7.19515085e-01 5.10329425e-01 1.34021401e-01
    2.77540684e-01 4.89206821e-01 4.34585482e-01 8.58932137e-02
    5.67046046e-01 4.66025740e-01 4.95816529e-01 8.48245084e-01
    2.12712586e-01 1.43784523e-01 1.87184155e-01 1.23605639e-01
    1.61114573e-01 3.20403278e-02 5.41360259e-01 5.14762402e-01
    1.72919333e-01 9.57183838e-02 2.60590017e-02 9.56864238e-01
    3.33744764e-01 1.67310864e-01 7.44206548e-01 3.91172230e-01
    2.97931910e-01 9.25428510e-01 3.23183089e-01 1.67188376e-01
    5.78410029e-02 3.36795390e-01 5.41326702e-01 7.89210498e-02
    7.55208969e-01 8.56909394e-01 7.93736815e-01 1.71120316e-01
    7.27193356e-01 7.03990281e-01 5.18281758e-02 2.93336362e-01
    2.20515370e-01 2.03732163e-01 7.92380333e-01 7.59221911e-01
    5.28169990e-01 2.02383548e-01 3.85074109e-01 8.56858075e-01
    9.73054051e-01 3.31088245e-01 4.33382988e-02 1.90561891e-01
    9.14086580e-01 2.24221200e-01 5.15310466e-01 9.61116374e-01
    9.12844539e-01 6.16075933e-01 3.06842327e-01 2.26254374e-01
    8.88607681e-01 6.48554265e-01 5.39806604e-01 6.21606350e-01
    4.27464128e-01 2.38875657e-01 8.10068130e-01 1.17443055e-01
    9.42907155e-01 2.88336873e-02 6.15221977e-01 4.98444140e-01
    8.63157868e-01 4.35606331e-01 8.15381885e-01 8.40714753e-01
    9.70446825e-01 9.09443259e-01 6.33787990e-01 6.82130694e-01
    6.34379089e-01 6.53316379e-01 3.25983584e-01 2.55919099e-01
    3.99174750e-01 3.58036697e-01 7.05372989e-01 2.38843739e-01
    1.53323174e-01 5.36792755e-01 7.58670688e-01 8.55557799e-01
    1.40291452e-02 5.94725847e-01 6.91514850e-01 5.79599023e-01
    1.02507621e-01 5.59262753e-01 6.07978642e-01 6.89057410e-02
    2.47245282e-01 8.12595367e-01 3.38537008e-01 6.52394176e-01
    3.42001081e-01 7.39898741e-01 7.13687718e-01 6.42650485e-01
    2.83988923e-01 9.97888148e-01 7.31417060e-01 9.58394170e-01
    7.23710895e-01 6.85019314e-01 6.41312838e-01 6.60958946e-01
    9.18375611e-01 2.87427843e-01 4.11162883e-01 1.02849275e-01
    1.53453737e-01 8.13210011e-01 2.10207820e-01 1.57731265e-01
    8.32136571e-01 1.57797784e-01 2.78516948e-01 9.14208472e-01
    7.18895018e-01 8.67529809e-02 6.34563386e-01 4.88826931e-01
    6.10646963e-01 4.70889747e-01 4.59152848e-01 7.51498282e-01
    9.14908051e-01 4.71126258e-01 1.91475928e-01 3.51076066e-01
    7.10154951e-01 3.54528725e-01 3.41790378e-01 5.92792869e-01
    2.42866933e-01 6.78586364e-02 4.57676291e-01 5.34361541e-01
    7.64716089e-01 6.53222203e-03 3.11769992e-01 1.20128006e-01
    9.21590745e-01 3.39933395e-01 2.48885036e-01 5.69574833e-01
    1.78597629e-01 3.31495732e-01 9.32775199e-01 7.99396038e-01
    4.97220039e-01 5.55941045e-01 8.97762477e-02 1.30240858e-01
    8.94319117e-02 7.88067222e-01 8.48826408e-01 2.65549123e-01
    2.31489778e-01 7.48246729e-01 1.65660530e-01 8.24582219e-01
    1.93260908e-01 7.20417917e-01 5.15497804e-01 7.51536965e-01
    6.62498474e-01 6.21237576e-01 3.67577702e-01 9.01573539e-01
    5.44163764e-01 7.01813042e-01 9.06563163e-01 5.50223529e-01
    8.03322077e-01 3.37878078e-01 3.69832903e-01 4.93487298e-01
    6.35450125e-01 4.40424562e-01 2.65498877e-01 2.86833644e-01
    3.42916012e-01 3.02667916e-01 5.53884923e-01 1.26526594e-01
    5.83113313e-01 5.87031841e-01 4.96765167e-01 9.64020252e-01
    9.32260156e-01 6.77224398e-01 1.72948062e-01 4.48108137e-01
    6.88979387e-01 7.29861438e-01 8.08500946e-01 7.72430480e-01
    8.83569002e-01 4.96696174e-01 7.69960284e-01 2.70290583e-01
    2.74805963e-01 5.31777620e-01 2.72822618e-01 7.28761375e-01
    6.66920960e-01 2.98243582e-01 4.04387355e-01 4.34357822e-02
    9.84322429e-02 4.82415468e-01 7.87662745e-01 7.71965027e-01
    2.57618964e-01 2.79016316e-01 6.27777934e-01 4.40372825e-01
    7.60907471e-01 3.94031912e-01 5.08178294e-01 2.38354981e-01
    8.14692736e-01 3.54957581e-01 9.30611253e-01 9.79428411e-01
    2.34487474e-01 1.15939826e-01 7.86842227e-01 7.04258502e-01
    1.19371086e-01 3.59736770e-01 5.62989712e-01 4.02902544e-01
    3.35319400e-01 7.67940283e-01 7.49211192e-01 8.78995299e-01
    9.24919546e-02 6.08333111e-01 9.15031195e-01 5.81996560e-01
    3.75090599e-01 8.10193181e-01 8.82176459e-01 8.60957742e-01
    8.48477960e-01 8.32015574e-02 8.93884420e-01 8.99373293e-02
    9.45485592e-01 8.43899965e-01 7.94492722e-01 5.84174514e-01
    7.10711837e-01 3.77726257e-01 8.08624387e-01 3.10356557e-01
    4.08413827e-01 7.58394837e-01 6.36925519e-01 3.91160131e-01
    7.78677583e-01 9.50027406e-01 5.49952507e-01 2.29286969e-01
    4.99282628e-01 7.33004928e-01 1.83990389e-01 5.51961660e-01
    8.46163332e-01 5.40513992e-02 5.48012495e-01 5.27987957e-01
    1.76732689e-01 1.34802848e-01 6.32529140e-01 7.83936977e-01
    5.65074444e-01 8.96142840e-01 8.58482957e-01 7.94361472e-01
    9.79839802e-01 8.61864090e-01 5.65855503e-02 7.36647010e-01
    2.57805765e-01 9.02281940e-01 5.51842630e-01 1.65098310e-01
    2.81979203e-01 8.24838281e-01 4.32676077e-02 8.88070881e-01
    1.76054388e-01 7.08515882e-01 3.28128934e-01 9.92268443e-01
    2.03263938e-01 2.96250701e-01 8.17885995e-03 7.11551011e-02
    1.76166326e-01 8.57231617e-01 1.50073320e-01 3.92171830e-01
    9.00273919e-02 3.17525029e-01 8.12387705e-01 3.27027291e-01
    6.75281882e-03 1.23904943e-01 8.78239393e-01 9.93875980e-01
    9.48913693e-02 8.79290223e-01 7.21812248e-01 5.21517694e-01
    8.99677038e-01 6.48500621e-02 5.62365174e-01 9.85323310e-01
    9.81602848e-01 3.78964186e-01 5.47903717e-01 2.93769807e-01
    9.20153141e-01 5.22802234e-01 9.87714231e-01 5.45204818e-01
    4.23401356e-01 9.74486768e-02 2.08837181e-01 6.34030819e-01
    2.58844912e-01 9.12482500e-01 8.94997478e-01 5.23839951e-01
    6.15035176e-01 6.19767129e-01 6.95056915e-01 5.44890165e-02
    1.34779036e-01 9.29581881e-01 3.54270995e-01 3.65608513e-01
    4.25908178e-01 8.71315598e-01 9.07137990e-01 1.38372481e-01
    4.56126601e-01 1.49504036e-01 8.84583533e-01 3.16864967e-01
    9.13475454e-02 4.72502261e-01 9.30207729e-01 3.49543691e-01
    2.02679157e-01 2.83257067e-02 8.03881586e-01 8.58007669e-01
    9.03874993e-01 2.95758486e-01 5.72790802e-02 3.45346808e-01
    1.17106736e-01 1.37639314e-01 5.10325849e-01 6.84521377e-01
    1.56485468e-01 1.92205012e-01 5.68880677e-01 1.48129791e-01
    3.36290032e-01 1.90380156e-01 3.93133759e-02 6.69503331e-01
    6.32311821e-01 5.28852642e-02 8.61297011e-01 5.63849211e-01
    8.99312139e-01 3.54470432e-01 5.47923565e-01 2.70900935e-01
    5.04731715e-01 7.30520487e-01 6.09923184e-01 8.90085220e-01
    4.41861868e-01 4.59295809e-02 6.78283453e-01 8.19062471e-01
    1.01319999e-01 5.05453885e-01 9.62744057e-02 1.03192031e-02
    4.88025963e-01 4.77123916e-01 4.16242719e-01 3.93098503e-01
    7.45249689e-02 9.35823977e-01 2.40062743e-01 4.21842754e-01
    8.46176267e-01 5.92910111e-01 1.06729031e-01 4.28815544e-01
    5.96807480e-01 7.88031995e-01 2.47896761e-01 5.30732393e-01
    8.81312490e-01 2.20860988e-01 8.42406273e-01 9.32334185e-01
    3.87489110e-01 6.84937298e-01 8.83384585e-01 8.03940594e-01
    6.35060489e-01 9.37836587e-01 5.64992964e-01 8.08316410e-01
    4.51538533e-01 5.57635844e-01 5.68888426e-01 3.62704039e-01
    8.78314972e-01 7.96867847e-01 1.55298918e-01 2.29087919e-01
    1.47611707e-01 1.87814802e-01 7.88526773e-01 2.50396430e-01
    7.35022306e-01 1.76002383e-02 6.58137381e-01 3.55771780e-02
    7.12313235e-01 9.18596327e-01 3.72501940e-01 4.69219059e-01
    1.64389312e-02 2.80541360e-01 6.42177224e-01 7.59396911e-01
    8.28256905e-02 9.86625195e-01 4.03431654e-01 9.81363654e-02
    5.67708015e-01 7.66986012e-01 4.91286010e-01 6.28051281e-01
    2.84388244e-01 4.47804838e-01 6.47194982e-01 5.58044016e-02
    6.02160215e-01 5.22391319e-01 2.93698847e-01 8.51159453e-01
    1.76343650e-01 1.18594080e-01 3.13067734e-01 8.76147032e-01
    2.85532355e-01 5.86844325e-01 9.15582180e-02 7.77589977e-02
    4.37267303e-01 2.70694494e-02 4.17582631e-01 4.79705811e-01
    5.48088372e-01 8.05424452e-01 4.64497775e-01 8.58861029e-01
    3.56711626e-01 1.88890547e-01 4.92510915e-01 6.24733210e-01
    6.43938065e-01 9.03648615e-01 2.34275132e-01 3.12488645e-01
    4.11223352e-01 6.24549448e-01 1.71389967e-01 8.48459721e-01
    7.20231533e-02 6.50811672e-01 2.32271940e-01 8.63101244e-01
    4.68252063e-01 1.97796494e-01 2.95398593e-01 3.23046148e-02
    9.77292538e-01 5.65227568e-01 9.65482354e-01 4.79263335e-01
    1.95909411e-01 5.27191818e-01 6.29552007e-02 4.14658576e-01
    4.20562059e-01 9.42227721e-01 2.37157613e-01 9.21075106e-01
    2.99054235e-01 8.38125944e-01 1.81358337e-01 3.96992475e-01
    3.03819925e-01 6.15266442e-01 7.77896523e-01 4.04463530e-01
    9.19430971e-01 4.08782780e-01 3.27261120e-01 7.26722240e-01
    2.93481350e-02 9.38288629e-01 8.14354479e-01 3.89651984e-01
    6.83146954e-01 1.24210477e-01 1.52886808e-01 7.39288628e-01
    9.53682661e-01 2.48364210e-01 8.65756750e-01 4.45863128e-01
    3.79655063e-01 6.56160474e-01 1.31317347e-01 3.56741846e-01
    4.87116873e-02 8.36092353e-01 7.30405688e-01 5.58224142e-01
    3.05982649e-01 6.89846754e-01 5.54471612e-01 6.78998172e-01
    7.37029970e-01 2.36749381e-01 9.66526389e-01 1.46750659e-01
    4.25539494e-01 7.05558658e-01 5.64824820e-01 2.75617242e-02
    5.08689404e-01 8.84923458e-01 9.71613944e-01 9.14818525e-01
    1.75593376e-01 1.78265214e-01 8.44569266e-01 3.49444449e-01
    1.21185184e-02 3.40731680e-01 3.60572726e-01 8.01358700e-01
    8.35741162e-01 1.73448682e-01 3.56398702e-01 5.97494185e-01
    3.42337012e-01 5.51644087e-01 5.48475504e-01 1.93909764e-01
    5.46555638e-01 3.35627556e-01 9.65688229e-01 9.06125009e-01
    4.84311759e-01 5.13231993e-01 6.46776974e-01 6.68961644e-01
    4.43692654e-01 7.16545761e-01 5.29017150e-01 6.15317523e-01
    3.46479833e-01 8.35289955e-01 7.87377894e-01 7.16500461e-01
    7.82001615e-02 7.51339376e-01 1.87721729e-01 6.47968829e-01
    8.84167790e-01 7.85210848e-01 2.87983268e-01 4.38161820e-01
    9.81428325e-01 3.45556021e-01 7.13025093e-01 9.99234200e-01
    3.87120426e-01 8.86465192e-01 1.01049244e-02 7.50372887e-01
    1.49935782e-01 6.07646763e-01 8.56776595e-01 1.07241988e-01
    9.65370893e-01 2.49444187e-01 3.21653426e-01 2.85325885e-01
    2.84973919e-01 7.50748396e-01 9.64374304e-01 7.71690011e-01
    8.57866347e-01 4.08942848e-01 6.94554329e-01 7.37471700e-01
    4.02317017e-01 5.05065918e-03 9.74495411e-01 3.03018570e-01
    2.81264007e-01 1.58572465e-01 7.87189603e-02 5.46964884e-01
    8.87282133e-01 9.53895807e-01 5.82969189e-01 5.88353753e-01
    5.14835775e-01 5.39685369e-01 2.86059558e-01 5.52878380e-02
    5.35603523e-01 2.37339675e-01 3.79888386e-01 8.53670001e-01
    3.52818608e-01 1.13764524e-01 9.19072032e-01 1.94979310e-02
    2.05325276e-01 2.17588902e-01 5.11917710e-01 3.32562506e-01
    1.29944682e-01 7.03243911e-01 8.50785673e-02 1.71218425e-01
    5.06921172e-01 4.83787477e-01 2.83683181e-01 8.74625385e-01
    5.08575141e-01 1.59971118e-02 4.01803613e-01 1.98658258e-01
    9.83767748e-01 2.97385335e-01 1.75853997e-01 7.17436671e-01
    8.29045832e-01 2.10941583e-01 4.03536260e-01 3.16617310e-01
    5.20066202e-01 9.25471902e-01 8.28627825e-01 3.24446201e-01
    7.98947632e-01 6.89959943e-01 6.31354451e-01 4.62375820e-01
    2.23808616e-01 3.05113494e-01 7.58323193e-01 7.30548143e-01
    2.58011341e-01 4.93555367e-01 8.37644279e-01 6.56602442e-01
    6.61116779e-01 3.78505170e-01 3.12818587e-01 3.78351986e-01
    3.55756104e-01 9.65105891e-02 6.96337342e-01 5.33056557e-01
    2.45368481e-02 5.00910223e-01 8.80594969e-01 9.15032029e-01
    4.93511975e-01 3.07865918e-01 5.59928775e-01 8.18890810e-01
    9.88977849e-02 6.06549859e-01 4.94481891e-01 3.94061208e-02
    9.33559775e-01 5.57956755e-01 5.31787753e-01 3.07132304e-01
    2.56818712e-01 9.68508959e-01 4.88457114e-01 6.37848735e-01
    2.24155664e-01 3.98118228e-01 7.99751580e-01 6.07930779e-01
    2.62676656e-01 5.73019385e-02 2.39488512e-01 1.44348621e-01
    5.45881212e-01 3.64829987e-01 2.75852323e-01 6.00512445e-01
    4.22605157e-01 7.34791815e-01 4.80871171e-01 4.18994963e-01
    1.90647870e-01 5.09096622e-01 7.18725920e-02 3.88391852e-01
    1.31908983e-01 6.13332272e-01 7.40526855e-01 5.69042921e-01
    7.51413167e-01 1.40086383e-01 6.67105138e-01 8.26072931e-01
    2.18490690e-01 9.80657816e-01 2.84577429e-01 2.66608328e-01
    1.73673838e-01 8.89998198e-01 7.58502960e-01 2.25712806e-01
    5.86532533e-01 6.61226034e-01 8.68300080e-01 7.86735058e-01
    9.96508002e-01 5.93504250e-01 9.23233509e-01 3.43610495e-01
    4.94714975e-01 4.36494946e-02 3.35284472e-02 5.89950800e-01
    5.51759362e-01 7.48111606e-01 3.69756222e-01 9.21546280e-01
    6.25767231e-01 9.32889700e-01 9.12921548e-01 1.51382685e-02
    3.26493025e-01 1.89925611e-01 2.47915149e-01 1.55173630e-01
    2.62738585e-01 5.46704650e-01 6.61724627e-01 1.63012296e-01
    7.53248930e-02 4.83174264e-01 2.93285370e-01 2.98610896e-01
    8.86994302e-02 9.21929836e-01 2.66551912e-01 6.17325187e-01
    8.36259484e-01 9.61137056e-01 2.18663812e-02 7.70519078e-02
    8.18657100e-01 6.51108086e-01 5.65666318e-01 5.10926187e-01
    8.83953869e-01 5.12902200e-01 4.86941785e-01 7.29328334e-01
    7.29600668e-01 2.08500534e-01 3.49563658e-01 9.65298414e-01
    3.73184294e-01 7.31430411e-01 9.93810296e-01 6.64557219e-01
    2.83787251e-01 7.64539421e-01 1.96204901e-01 7.28739977e-01
    5.53697944e-01 5.59319198e-01 3.12089890e-01 2.48532683e-01
    3.42628062e-01 8.71952295e-01 9.82887268e-01 6.05239868e-02
    5.37848294e-01 3.21327209e-01 1.80754125e-01 7.63836801e-02
    1.64973855e-01 1.23909265e-01 5.29455006e-01 3.41053307e-01
    8.76071215e-01 6.85585856e-01 4.88913536e-01 6.40753508e-02
    7.37464070e-01 2.19294041e-01 6.58888698e-01 8.96749675e-01
    1.46723986e-01 3.98459435e-02 2.79701978e-01 1.63619190e-01
    7.27788091e-01 2.38522291e-02 8.81467938e-01 6.06884778e-01
    2.77788162e-01 5.80946684e-01 7.43427634e-01 9.52589512e-02
    3.74657929e-01 3.49794328e-02 2.68515944e-02 5.15850544e-01
    7.69892693e-01 1.98666185e-01 2.41887689e-01 9.02805805e-01
    9.20822263e-01 6.38568044e-01 8.31007600e-01 8.02314103e-01
    6.38460755e-01 1.17329687e-01 2.86760628e-01 3.58998775e-02
    6.43875122e-01 7.68950701e-01 4.82766986e-01 4.43898201e-01
    1.58785194e-01 2.10429668e-01 1.99656725e-01 9.15505469e-01
    2.24326491e-01 2.74252623e-01 7.55653739e-01 7.06201732e-01
    4.16721165e-01 7.45290637e-01 2.26239562e-01 1.16387367e-01
    1.01761460e-01 2.85612762e-01 3.10586154e-01 8.28319788e-01
    1.92557186e-01 7.40070581e-01 4.15890336e-01 1.68912500e-01
    5.59854507e-03 4.61130738e-01 9.41286564e-01 1.13564312e-01
    4.52863157e-01 8.68002534e-01 4.54517305e-01 7.07320511e-01
    8.19997191e-01 3.78727674e-01 3.20648789e-01 7.84055948e-01
    6.03282332e-01 3.08575124e-01 4.30671424e-01 1.02307737e-01
    5.87066412e-01 6.40064418e-01 5.69468737e-01 5.78828931e-01
    4.57866490e-02 2.41110921e-02 5.23443520e-02 6.81741059e-01
    3.53744686e-01 4.52990830e-02 1.85240269e-01 3.40915203e-01
    8.51716101e-02 7.86791801e-01 3.17744851e-01 2.31876075e-01
    6.46443069e-01 7.96294570e-01 7.36425757e-01 7.45684385e-01
    3.36468101e-01 3.08646619e-01 5.67770302e-01 2.95687675e-01
    6.05599880e-01 9.67692375e-01 2.39620835e-01 1.04538888e-01
    2.99324214e-01 5.71007490e-01 2.65464097e-01 9.97865617e-01
    6.35586977e-01 1.19147599e-02 7.84284592e-01 5.39788008e-02
    4.80531901e-01 7.54724979e-01 2.74080962e-01 4.70515639e-01
    9.78975534e-01 6.97771430e-01 8.88086319e-01 8.82529974e-01
    5.13164759e-01 3.73621583e-02 2.65209615e-01 8.47120643e-01
    7.54877031e-02 2.68219292e-01 3.86016220e-01 9.28856611e-01
    5.91261268e-01 6.59108222e-01 3.40628326e-01 4.60597336e-01
    2.53694654e-02 5.27913392e-01 3.09112549e-01 9.18712854e-01
    1.71686977e-01 3.11987132e-01 4.26304340e-01 2.83463269e-01
    6.14806712e-01 5.27478278e-01 9.10872936e-01 2.83895880e-01
    3.22008967e-01 3.71202350e-01 5.07027745e-01 5.49480081e-01
    4.04784381e-02 7.07068682e-01 4.36925054e-01 7.99425602e-01
    1.00993961e-01 7.23853290e-01 4.45752501e-01 6.26666069e-01
    5.42101264e-01 1.95189387e-01 6.11651778e-01 4.95032012e-01
    1.03077054e-01 8.80452514e-01 3.34760785e-01 9.80113745e-01
    4.58801985e-02 3.61681193e-01 5.57434797e-01 7.00538576e-01
    6.26706600e-01 7.13118911e-03 3.62248302e-01 4.17875350e-01
    6.46006465e-02 2.24556625e-02 3.35192025e-01 4.19283450e-01
    7.31297314e-01 4.71112728e-02 4.86481488e-01 5.67754805e-02
    4.55369473e-01 6.26032948e-01 4.28038836e-03 6.65004075e-01
    7.70736217e-01 3.32327694e-01 7.58796692e-01 5.79375505e-01
    1.60597205e-01 2.03671932e-01 7.71720767e-01 3.17696929e-02
    2.16237396e-01 6.60083413e-01 4.65771735e-01 6.59735501e-01
    1.93296164e-01 8.67486715e-01 2.76683927e-01 7.63283610e-01
    7.64345884e-01 6.87855601e-01 8.73519540e-01 7.50456691e-01
    8.72181237e-01 9.46519494e-01 1.44437551e-02 6.59684122e-01
    1.68073028e-01 7.91969359e-01 3.03364992e-01 9.40062881e-01
    7.45741546e-01 2.28695542e-01 3.43673348e-01 7.08666801e-01
    2.15134531e-01 1.54338419e-01 5.93707561e-02 8.93143773e-01
    6.63300693e-01 2.16569304e-01 4.84703094e-01 5.85811675e-01
    5.60277224e-01 6.73225403e-01 8.00664365e-01 4.26617056e-01
    9.39263821e-01 9.29330230e-01 1.47647560e-02 9.08916712e-01
    6.02363169e-01 5.35427094e-01 1.31028980e-01 6.29666328e-01
    2.80798465e-01 5.85687280e-01 9.61755216e-02 7.65725911e-01
    2.10955739e-02 3.75611246e-01 6.60423636e-02 8.68696213e-01
    7.35621691e-01 3.78630668e-01 6.85705066e-01 2.13130087e-01
    9.40808058e-01 5.47969103e-01 3.09833348e-01 6.50311828e-01
    5.59102714e-01 9.54462647e-01 2.30218560e-01 9.23542261e-01
    6.13330126e-01 9.59137619e-01 1.70310944e-01 2.03504443e-01
    9.49284136e-01 9.93539989e-01 7.94761777e-02 7.17490017e-01
    7.93601930e-01 8.55962813e-01 6.16499543e-01 8.24756742e-01
    4.37507331e-02 9.41561341e-01 5.86334229e-01 6.08702600e-02
    4.93891597e-01 9.60792542e-01 5.94395280e-01 8.82332563e-01
    6.71998858e-02 3.65326464e-01 4.78827000e-01 5.67531168e-01
    4.06431258e-02 5.22648215e-01 7.48900414e-01 6.93410397e-01
    3.70409310e-01 2.72463471e-01 2.05264837e-01 2.71662742e-01
    8.33994746e-02 4.77879733e-01 1.40700758e-01 9.85723555e-01
    2.69670367e-01 7.87629724e-01 4.22126174e-01 8.27620387e-01
    5.61282635e-02 2.59836674e-01 6.75071537e-01 4.60146964e-01
    8.31669271e-02 3.57335508e-01 8.15039515e-01 4.59319472e-01
    2.93856263e-01 8.05561662e-01 3.84289950e-01 4.96593475e-01
    2.71732807e-02 7.41728246e-02 6.09040916e-01 8.98737311e-01
    6.50085151e-01 5.82006395e-01 2.13246107e-01 4.70205545e-01
    7.26199269e-01 6.22092962e-01 6.87087774e-01 9.04032230e-01
    3.09243947e-01 6.80240691e-02 6.87725544e-01 3.18592221e-01
    6.65385365e-01 8.50534439e-03 2.02124506e-01 1.54024780e-01
    5.85743785e-02 5.82988977e-01 9.22322631e-01 5.85734665e-01
    9.27614152e-01 5.47589064e-01 9.34507489e-01 4.19947416e-01
    5.38267136e-01 8.05282235e-01 4.00318742e-01 2.94678211e-01
    6.42786622e-01 9.84787464e-01 6.05750561e-01 7.01074243e-01
    2.45283246e-02 8.92268419e-01 9.67198253e-01 1.18040204e-01
    1.48923755e-01 9.08406734e-01 7.08225846e-01 7.34957159e-01
    8.59620094e-01 7.12136090e-01 4.63693440e-02 2.83953011e-01
    9.04561222e-01 2.05087215e-01 1.41615152e-01 9.26149964e-01
    8.19384813e-01 8.85129571e-02 8.77961516e-03 3.61034542e-01
    3.15745384e-01 5.12738705e-01 6.98291659e-01 6.78184509e-01
    1.87834263e-01 4.19266790e-01 7.45539606e-01 9.59844291e-01
    6.29782617e-01 7.29590058e-02 7.83505976e-01 6.81787729e-01
    2.12669641e-01 4.92809325e-01 5.24317682e-01 1.77533925e-02
    7.65622377e-01 9.15119827e-01 4.64858472e-01 1.63654864e-01
    1.60810977e-01 8.35751653e-01 1.65730178e-01 1.45659685e-01
    5.21982729e-01 2.77384877e-01 7.79455483e-01 1.20799273e-01
    5.08566022e-01 3.11926425e-01 5.37708759e-01 7.33047128e-02
    7.35657811e-02 8.62435341e-01 7.39227057e-01 8.98768127e-01
    8.17043543e-01 2.64695406e-01 1.80701673e-01 8.85498643e-01
    2.77733982e-01 8.68389606e-01 2.56281972e-01 5.24550259e-01
    3.09699357e-01 4.33593869e-01 9.64912891e-01 6.66525304e-01
    2.58589089e-01 7.38953471e-01 7.74794877e-01 9.32392240e-01
    1.23097420e-01 5.88495433e-01 8.71496260e-01 9.19515491e-01
    9.34563875e-01 1.09764218e-01 3.59439969e-01 3.02584648e-01
    4.22840595e-01 8.78510952e-01 1.26383394e-01 9.05178547e-01
    1.33530289e-01 3.17081809e-03 5.34442425e-01 4.77330863e-01
    5.37368894e-01 8.47764134e-01 4.24057841e-01 3.61196876e-01
    3.45121801e-01 6.43176079e-01 7.30467141e-01 1.35726869e-01
    9.38028038e-01 5.38010180e-01 7.27911711e-01 6.47728145e-01
    4.27064121e-01 8.61159205e-01 3.17275971e-01 4.87906694e-01
    2.26399541e-01 1.04080528e-01 7.79686570e-01 8.23009372e-01
    8.05145144e-01 3.02808017e-01 6.02577448e-01 2.68555403e-01
    9.91470098e-01 2.05763221e-01 1.03837371e-01 2.61539370e-01
    4.13794339e-01 9.48782504e-01 8.69541764e-01 1.45962775e-01
    8.51106942e-01 6.21896744e-01 5.14974475e-01 8.05527508e-01
    6.03942215e-01 7.74620771e-01 8.47519994e-01 7.89948225e-01
    5.33098042e-01 6.02454662e-01 4.87542570e-01 5.20142555e-01
    6.67526901e-01 5.19905686e-01 1.31134719e-01 7.44025886e-01
    1.70270562e-01 4.86140311e-01 5.82550883e-01 3.53597939e-01
    4.37202215e-01 6.07772052e-01 3.61391634e-01 2.37385362e-01
    2.14141697e-01 9.47731018e-01 5.54260254e-01 3.76772702e-01
    4.11428511e-01 3.74591351e-03 7.60543406e-01 8.39752793e-01
    9.43854690e-01 1.77962124e-01 4.58414793e-01 7.23173916e-02
    5.75829506e-01 8.30181122e-01 2.36363769e-01 2.96991438e-01
    3.34025741e-01 3.75173509e-01 2.61452556e-01 9.79714870e-01
    2.99698710e-02 8.89120698e-01 5.03977001e-01 8.53109360e-01
    3.78370911e-01 6.16728961e-01 9.43214893e-02 3.14564526e-01
    5.56438029e-01 8.68154645e-01 8.07558417e-01 7.74807334e-01
    9.30054307e-01 1.29821420e-01 7.81330109e-01 8.55069339e-01
    2.16800421e-01 4.27145660e-01 1.47931576e-02 8.57944489e-01
    2.25847632e-01 3.86091471e-02 6.88569546e-02 6.07358813e-02
    7.36405969e-01 4.58147734e-01 9.48589563e-01 8.71521950e-01
    7.13232398e-01 2.58056939e-01 4.71271873e-01 7.24657893e-01
    2.24255592e-01 3.80712628e-01 2.09650278e-01 1.25334501e-01
    6.02886081e-01 3.14098775e-01 1.71544373e-01 3.00518095e-01
    2.26025194e-01 2.64003515e-01 4.57402170e-02 9.25399184e-01
    4.15745169e-01 6.72130764e-01 1.84661686e-01 2.40668058e-02
    8.85416746e-01 7.10649848e-01 1.63352579e-01 3.06511879e-01
    3.68136257e-01 3.88376951e-01 2.15131491e-01 7.32705534e-01
    8.52917075e-01 9.78633881e-01 7.01396465e-02 4.91063595e-01
    4.69953626e-01 4.01030183e-01 6.54257655e-01 8.29095364e-01
    6.95419669e-01 9.94930744e-01 1.62746906e-02 3.93717527e-01
    9.76733446e-01 8.38026464e-01 6.18113279e-01 2.23290801e-01
    4.50560272e-01 5.37880659e-01 8.16605866e-01 4.14352417e-01
    2.06014544e-01 7.52900839e-01 6.07652366e-01 1.12696618e-01
    7.29436278e-02 8.84522200e-01 4.28833574e-01 7.65688896e-01
    7.29070663e-01 4.81838733e-01 9.37612414e-01 8.10739934e-01
    7.50696659e-03 5.95832705e-01 3.19742501e-01 6.14650011e-01
    3.67608279e-01 6.14373088e-01 9.48499918e-01 8.96356702e-01
    9.77188349e-04 5.76414585e-01 1.92787051e-01 2.02845037e-02
    3.23465943e-01 4.51571226e-01 2.04291224e-01 4.86449271e-01
    3.49096417e-01 1.98934793e-01 3.30500126e-01 1.11891329e-01
    2.34461039e-01 6.11282229e-01 6.52198017e-01 2.21064359e-01
    9.94800508e-01 6.32284999e-01 3.36059928e-02 8.99809718e-01
    6.69520020e-01 3.43959033e-02 7.45358169e-01 6.36184692e-01
    1.07037693e-01 2.38187164e-01 8.38340044e-01 7.01737523e-01
    1.72175199e-01 4.16892678e-01 1.35539770e-02 1.41423285e-01
    4.56432790e-01 7.65740871e-03 5.71250916e-01 8.06299686e-01
    4.07794803e-01 5.84525883e-01 7.24737406e-01 3.34941208e-01
    8.76440406e-01 1.08567417e-01 7.65427947e-01 7.67354727e-01
    7.26725698e-01 8.13195586e-01 7.24586487e-01 1.67337745e-01
    6.42973900e-01 9.28290963e-01 2.77949095e-01 2.12045342e-01
    6.55833781e-01 7.28839576e-01 1.67926401e-01 6.00067675e-01
    1.77553862e-01 6.99913144e-01 2.33607113e-01 2.64629155e-01
    9.16153073e-01 4.23104703e-01 1.27914816e-01 9.64643717e-01
    7.68127203e-01 2.06917524e-03 7.00186491e-01 8.19402456e-01
    6.16707683e-01 2.46152133e-01 1.18650615e-01 7.78495073e-01
    7.33346879e-01 5.52867651e-02 8.84972811e-02 3.27407777e-01
    7.47855306e-02 8.83555889e-01 4.65545177e-01 6.07497334e-01
    2.35481501e-01 6.26247823e-02 1.07021689e-01 1.90339088e-02
    5.11044383e-01 9.30563807e-01 1.87981516e-01 3.10838819e-01
    7.53720045e-01 2.79821068e-01 6.62113786e-01 9.64147747e-02
    4.24679935e-01 2.18075186e-01 6.89282775e-01 2.40699232e-01
    9.91472006e-01 5.88637710e-01 2.89715111e-01 1.68248415e-02
    4.44655716e-02 7.67956972e-02 8.59979391e-02 3.23250115e-01
    3.00437897e-01 8.56593549e-01 8.99009824e-01 6.39222085e-01
    5.04600883e-01 5.32885849e-01 6.69704258e-01 9.01064575e-02
    4.26313460e-01 4.07439113e-01 1.20607138e-01 7.80559540e-01
    2.37823725e-02 1.95198596e-01 9.08418775e-01 8.04927886e-01
    8.01801980e-02 4.23475385e-01 5.05652845e-01 5.78269064e-01
    9.27628160e-01 3.62787396e-01 6.83432996e-01 6.24933720e-01
    1.66528821e-01 2.47944593e-02 6.58874929e-01 1.78950012e-01
    4.39680427e-01 4.16258216e-01 3.38400304e-01 5.07200480e-01
    4.07302737e-01 7.98677564e-01 5.72716892e-01 5.09024560e-01
    4.51360941e-01 1.35402232e-01 9.65794563e-01 5.29403269e-01
    6.87236071e-01 9.19209957e-01 5.30823588e-01 6.39104128e-01
    1.68728828e-02 5.58532715e-01 7.66459703e-01 6.13726377e-01
    6.76594675e-02 4.89630103e-02 6.66287243e-02 9.32493210e-02
    6.80626929e-01 9.17785406e-01 5.54411530e-01 1.29192412e-01
    7.75633395e-01 5.56912065e-01 9.09897685e-01 2.40240812e-01
    8.13042223e-01 6.82734609e-01 9.64345574e-01 5.46429157e-02
    6.82988346e-01 7.36827731e-01 1.79537594e-01 7.40143299e-01
    3.56185585e-01 1.08684152e-01 6.48828149e-01 3.15005660e-01
    1.92544639e-01 6.05980396e-01 5.46826184e-01 1.59919083e-01
    4.71900553e-01 5.45700490e-01 4.77090478e-03 7.38033652e-01
    5.17772317e-01 7.71811247e-01 1.44806087e-01 6.42846406e-01
    7.32993066e-01 5.63958049e-01 2.06895173e-02 8.54978323e-01
    4.49647725e-01 9.24730659e-01 5.44982612e-01 7.45253146e-01
    9.09921110e-01 8.85047555e-01 7.49764442e-01 5.37736535e-01
    1.22724682e-01 2.03147054e-01 8.41138363e-01 7.56317079e-02
    7.47225881e-01 9.51823890e-01 1.79715961e-01 3.61399710e-01
    5.53793848e-01 8.14144373e-01 5.43073595e-01 4.98241216e-01
    7.63524890e-01 5.86256981e-01 1.69211090e-01 2.74671018e-01
    1.60279304e-01 7.29063392e-01 8.08755755e-01 8.01701367e-01
    2.98396170e-01 4.64365214e-01 2.55173445e-02 9.00053740e-01
    8.71883094e-01 2.06148684e-01 1.89290226e-01 2.98214525e-01
    5.66242456e-01 4.61763561e-01 8.52636576e-01 1.80758953e-01
    1.61077559e-01 2.93828249e-01 9.89935398e-01 6.86290205e-01
    5.77497602e-01 2.29919285e-01 7.56748915e-01 3.72177899e-01
    7.24017441e-01 8.24780583e-01 4.61876512e-01 7.08432615e-01
    1.54064089e-01 2.38033742e-01 9.12152946e-01 1.70369446e-02
    2.95416623e-01 5.74488878e-01 9.44572449e-01 8.85900736e-01
    4.84041214e-01 5.54113150e-01 7.96627402e-02 1.12549752e-01
    7.96084881e-01 2.99182415e-01 6.43638968e-01 8.01404834e-01
    8.76274645e-01 8.77974629e-01 3.13104928e-01 2.97055751e-01
    1.80525124e-01 3.60223085e-01 6.79129004e-01 7.68351555e-01
    3.79853845e-01 2.13966399e-01 2.44408786e-01 9.57748413e-01
    3.41069698e-03 8.81120682e-01 8.54825735e-01 1.08474344e-01
    1.98825806e-01 8.97242188e-01 9.38316226e-01 7.84261644e-01
    2.92639256e-01 4.28944826e-01 4.98480886e-01 7.87228703e-01
    7.55123973e-01 7.20877051e-02 9.61414456e-01 6.33012712e-01
    4.18812633e-02 8.39843154e-01 5.20561159e-01 7.57139385e-01
    2.89524794e-01 7.30316520e-01 2.76732415e-01 9.66726720e-01
    1.97493434e-02 7.25753605e-02 9.98056829e-01 9.15349245e-01
    6.93489611e-01 3.82831097e-01 5.87475717e-01 1.25882685e-01
    5.25254428e-01 3.24414462e-01 2.62108207e-01 4.05427426e-01
    8.36185455e-01 3.78363013e-01 3.42540741e-02 1.05304509e-01
    4.33885098e-01 1.38609767e-01 6.20391309e-01 6.54232800e-02
    2.66234249e-01 4.17015553e-01 2.09291667e-01 6.88189328e-01
    4.02266473e-01 8.67118239e-01 4.80593771e-01 4.23876941e-02
    1.02905691e-01 4.24488187e-01 5.29115081e-01 9.02797878e-01
    9.31441247e-01 6.81709647e-01 4.77476209e-01 6.78869486e-01
    6.92239285e-01 2.94215739e-01 8.79397869e-01 4.84681338e-01
    3.38615626e-01 5.61967134e-01 3.20207536e-01 4.58325058e-01
    2.90232509e-01 1.53911412e-02 3.09196502e-01 7.17728555e-01
    9.91338015e-01 7.65696645e-01 8.02975476e-01 9.38598752e-01
    3.65997195e-01 1.06378555e-01 4.42987084e-01 5.10605752e-01
    5.21563888e-01 1.08197600e-01 6.71092987e-01 1.07571125e-01
    3.09862494e-02 8.10930312e-01 9.48315144e-01 2.65965074e-01
    3.31406116e-01 4.55904007e-02 8.17374945e-01 7.87855446e-01
    7.53047109e-01 6.45717859e-01 5.08359551e-01 3.90559167e-01
    2.98064798e-01 1.41802788e-01 7.18339920e-01 9.68728900e-01
    9.62388635e-01 4.81870592e-01 4.47485894e-01 5.69408894e-01
    9.48492885e-02 7.50087202e-01 6.41204357e-01 1.69859409e-01
    6.20023251e-01 3.47040117e-01 8.71625423e-01 9.37831044e-01
    1.90423429e-01 1.10630512e-01 7.83989966e-01 2.68640220e-01
    6.60001934e-01 2.51242816e-01 2.99416840e-01 6.19372725e-03
    7.60197937e-02 5.18795133e-01 1.20577127e-01 8.25766623e-01
    6.39600456e-01 2.05926001e-02 5.65585315e-01 3.74072671e-01
    3.79031360e-01 4.36866343e-01 3.78450990e-01 5.07241189e-02
    1.05674535e-01 1.56859368e-01 2.52519786e-01 6.53055549e-01
    3.79129678e-01 7.06497788e-01 3.26086223e-01 2.31003374e-01
    1.33772373e-01 7.25104272e-01 1.50670379e-01 6.84857368e-03
    8.21115136e-01 6.83358014e-01 4.60535556e-01 2.29312539e-01
    8.93458426e-02 1.31923705e-01 2.38838673e-01 1.59144610e-01
    4.32919443e-01 2.58237898e-01 4.43600118e-01 2.75611222e-01
    2.97841460e-01 3.15093160e-01 6.50676787e-02 6.08874917e-01
    4.33879644e-01 9.72411871e-01 6.21360958e-01 2.74290800e-01
    2.46453166e-01 9.22476172e-01 4.55179989e-01 5.40642142e-01
    3.88783008e-01 9.18700278e-01 8.20596695e-01 2.33379155e-01
    2.07851529e-02 9.07426894e-01 1.48034543e-01 5.38274169e-01
    6.33183718e-01 7.36321986e-01 9.28554654e-01 9.27593708e-01
    6.80314660e-01 5.26449263e-01 8.99637818e-01 9.00630951e-01
    3.54899466e-02 6.38161063e-01 5.34417093e-01 4.06071424e-01
    4.52769995e-02 6.50424242e-01 4.70559955e-01 2.86800444e-01
    9.29964662e-01 9.56563532e-01 3.78337562e-01 4.84231800e-01
    5.97103000e-01 2.50537992e-01 6.60997331e-02 2.20607907e-01
    6.61296368e-01 6.84645414e-01 7.78794765e-01 9.99044955e-01
    1.53716922e-01 1.03793412e-01 2.70335674e-02 9.44501460e-01
    5.15403509e-01 6.52122259e-01 2.70095348e-01 7.05174983e-01
    4.26835448e-01 7.36815751e-01 6.13446295e-01 8.69317949e-02
    1.63506210e-01 5.69035649e-01 1.07195109e-01 4.01282996e-01
    1.25940025e-01 9.65972304e-01 6.68928444e-01 1.68362975e-01
    5.16886175e-01 5.00318944e-01 6.93478942e-01 5.68899572e-01
    9.15689766e-01 2.61968970e-02 5.24192572e-01 5.69902182e-01
    1.36621326e-01 2.54270613e-01 8.40268552e-01 1.28095955e-01
    6.28019512e-01 1.10831410e-01 6.68688774e-01 1.15896761e-01
    7.36597955e-01 5.05733192e-02 6.80636346e-01 7.28112578e-01
    6.53606951e-02 2.03782171e-01 9.26913261e-01 4.37656432e-01
    2.48682171e-01 2.14049220e-01 4.05236542e-01 1.63744092e-02
    3.75592709e-03 9.13853526e-01 9.04983282e-01 5.87863505e-01
    5.83086550e-01 3.43625247e-01 1.43601984e-01 9.02124524e-01
    7.00081885e-01 9.93404210e-01 6.73912048e-01 2.05926210e-01
    9.63192046e-01 3.29302102e-01 5.11331439e-01 5.16592145e-01
    3.67320538e-01 2.95823246e-01 8.63264441e-01 9.00910079e-01
    5.98179340e-01 6.65486038e-01 2.75004208e-02 8.55749726e-01
    4.14634228e-01 3.13929379e-01 8.36999416e-02 6.93497360e-01
    2.81155169e-01 7.67796934e-02 3.80012453e-01 2.69406080e-01
    4.71255243e-01 3.21434885e-01 9.28020954e-01 2.22798586e-01
    9.06137824e-01 1.18782103e-01 4.23070371e-01 9.14591074e-01
    7.50156224e-01 4.04935181e-01 9.59903002e-03 4.33446705e-01
    1.55542195e-01 6.88321114e-01 9.25188184e-01 9.08959508e-01
    5.76095581e-02 5.75069427e-01 1.44074976e-01 8.43687117e-01
    4.90913063e-01 9.23348844e-01 5.40764511e-01 3.57466698e-01
    4.79572624e-01 6.40455127e-01 8.46222818e-01 2.79904008e-01
    9.01117265e-01 4.32798445e-01 9.17036772e-01 1.56789750e-01
    9.57174659e-01 1.67953372e-02 5.20930588e-01 2.20251948e-01
    1.18194520e-02 3.72270346e-02 1.84039533e-01 8.45183849e-01
    1.38640553e-01 9.38150525e-01 7.90996730e-01 7.21797228e-01
    1.91528291e-01 2.97483385e-01 1.72639191e-02 2.45961398e-01
    5.94476461e-01 9.99814153e-01 7.54740834e-02 6.56189442e-01
    2.96163857e-01 3.22891474e-01 4.82125580e-01 7.16670513e-01
    9.27950740e-01 4.13275599e-01 3.86832446e-01 3.76914918e-01
    6.74742460e-02 8.72083068e-01 5.05116284e-01 4.06496912e-01
    3.30931425e-01 8.32624733e-01 7.25901186e-01 1.82286829e-01
    6.86969519e-01 6.84869289e-01 7.80999780e-01 5.88541985e-01
    2.49676257e-01 3.40618134e-01 8.11291933e-01 6.21985435e-01
    5.78108430e-01 9.30757761e-01 5.06668329e-01 1.22989565e-01
    6.49284840e-01 1.79975480e-01 6.23234153e-01 8.62652898e-01
    6.64979458e-01 7.81738758e-03 9.81817842e-01 5.43508470e-01
    9.74690676e-01 8.83516371e-01 2.70293593e-01 5.87481797e-01
    2.40841240e-01 7.18733847e-01 7.28919744e-01 4.82929051e-02
    9.03213024e-03 8.64885747e-02 8.42444539e-01 2.18661159e-01
    3.87663543e-01 9.72871065e-01 9.71118450e-01 2.98629075e-01
    2.34569907e-01 1.04069114e-01 1.89561695e-01 2.51158834e-01
    3.91116798e-01 3.35216999e-01 4.92978543e-01 9.27431464e-01
    7.26778209e-01 5.33694625e-01 5.15808165e-01 6.08600259e-01
    4.51708794e-01 3.76344025e-01 2.67192125e-01 8.22511077e-01
    3.29985499e-01 4.12117094e-01 2.92948186e-01 8.31239879e-01
    8.64899278e-01 5.76375127e-01 1.75289541e-01 4.10542816e-01
    9.84104276e-02 6.29060566e-02 9.01617706e-02 2.53241539e-01
    5.02466619e-01 2.61758000e-01 7.12539911e-01 5.97917318e-01
    3.74114692e-01 9.70549822e-01 9.23342705e-01 8.08732033e-01
    2.88567781e-01 7.80100346e-01 1.19850755e-01 7.31419146e-01
    9.23198342e-01 9.01219428e-01 2.09929466e-01 1.80641115e-02
    2.86676764e-01 2.25006551e-01 7.73893893e-02 7.60952234e-02
    6.29091561e-01 2.41064489e-01 1.02918744e-01 5.39808154e-01
    1.96444780e-01 5.14479339e-01 5.72795272e-01 2.24968106e-01
    8.61619830e-01 5.15619695e-01 1.20155245e-01 3.24744880e-02
    6.30920053e-01 1.59344107e-01 8.20162177e-01 5.80617547e-01
    8.76294017e-01 9.56461966e-01 1.65167511e-01 8.44813287e-02
    5.28547823e-01 5.43254793e-01 4.86148596e-01 5.12744367e-01
    1.44411802e-01 3.94593060e-01 1.71006024e-01 5.25327921e-01
    3.01701099e-01 2.91244388e-02 1.44236952e-01 9.39175963e-01
    4.85069156e-02 3.87962639e-01 6.52983308e-01 4.42199111e-01
    4.60074931e-01 5.05613744e-01 6.08861566e-01 3.95568818e-01
    9.16690469e-01 2.93571770e-01 6.71851635e-02 2.89768577e-02
    4.21631843e-01 2.77994633e-01 8.01410675e-01 3.36754799e-01
    1.89823002e-01 3.40363324e-01 2.71635860e-01 9.03251469e-02
    4.73973393e-01 4.03836042e-01 7.50114918e-01 8.98785710e-01
    6.01192951e-01 8.10774088e-01 3.78559709e-01 7.72889853e-01
    4.88247991e-01 1.19138211e-01 8.80131662e-01 6.75079525e-02
    7.44730651e-01 4.89533901e-01 7.41010666e-01 7.14081407e-01
    4.07640934e-01 6.67609274e-01 1.46632254e-01 8.14167202e-01
    1.12268031e-02 7.69830167e-01 2.17983693e-01 9.49689984e-01
    7.41822779e-01 6.58171177e-01 3.72146428e-01 4.96655136e-01
    7.08493114e-01 5.96342921e-01 7.00450540e-02 5.06382406e-01
    6.16831660e-01 9.00375247e-01 9.90852833e-01 1.05277032e-01
    8.21281791e-01 8.62981379e-02 5.92127919e-01 8.33904684e-01
    2.60878652e-01 9.36178565e-01 2.69967198e-01 1.46762967e-01
    3.05126488e-01 3.60668868e-01 3.05056095e-01 2.38816112e-01
    2.27212906e-04 2.97885418e-01 3.23600352e-01 6.15722418e-01
    2.20670640e-01 9.18965161e-01 8.04068804e-01 7.50367045e-01
    6.84184492e-01 7.67349005e-02 9.69585657e-01 7.48756826e-02
    1.00982100e-01 7.76803672e-01 6.40064657e-01 3.19921017e-01
    4.79349792e-01 5.70154727e-01 7.11521268e-01 7.53397942e-01
    7.30260313e-01 1.15279585e-01 4.57210928e-01 7.69970059e-01
    3.28415006e-01 3.75526547e-02 7.64637172e-01 3.03452253e-01
    9.52986956e-01 3.25651407e-01 1.58178061e-01 3.85922492e-01
    1.00612789e-01 7.67982483e-01 4.01301265e-01 3.85093868e-01
    7.02327192e-02 5.50652325e-01 3.25681537e-01 9.64623928e-01
    5.71355999e-01 6.54850364e-01 1.77378923e-01 9.40945029e-01
    3.87713790e-01 9.49358881e-01 3.66638422e-01 8.83992910e-01
    4.98345912e-01 8.89108658e-01 1.86389685e-03 2.47029752e-01
    7.62510598e-02 9.73746359e-01 7.47396708e-01 2.46594578e-01
    3.69127631e-01 7.71287799e-01 2.29018509e-01 2.57549644e-01
    5.83440065e-04 3.82870734e-02 9.80086625e-02 2.41445899e-02
    7.59469867e-02 3.90899837e-01 6.35953546e-02 6.79625988e-01
    7.37701476e-01 4.21796262e-01 1.45068765e-02 8.49702597e-01
    2.49854833e-01 9.33156192e-01 3.80220532e-01 4.90121633e-01
    5.32246411e-01 9.25627410e-01 7.50947535e-01 9.83229458e-01
    4.96180356e-02 4.62822437e-01 5.07454872e-01 6.50259256e-02
    8.61604452e-01 1.45996809e-01 2.24509984e-01 3.23689789e-01
    7.10423708e-01 9.33517337e-01 2.44357556e-01 9.59504247e-01
    6.76573455e-01 8.34989965e-01 1.56614333e-01 1.76196963e-01
    5.11883497e-01 9.23575461e-01 2.88291931e-01 9.77686048e-01
    8.68849993e-01 4.66746807e-01 5.85886836e-03 1.65303320e-01
    8.45388055e-01 2.93954641e-01 8.20317149e-01 7.89562941e-01
    5.95877111e-01 6.35331631e-01 9.30684507e-02 3.89645576e-01
    4.89304304e-01 5.30164838e-01 9.68015432e-01 6.74586296e-01
    7.55572796e-01 4.25580323e-01 8.15165281e-01 3.62981260e-01
    1.51122749e-01 4.30958897e-01 7.53363311e-01 8.11688304e-01
    6.55154347e-01 7.05225587e-01 5.36332309e-01 5.44160664e-01
    5.08862734e-02 8.46729398e-01 1.62694186e-01 3.94014299e-01
    5.81119776e-01 3.27586293e-01 9.77452695e-02 5.31346023e-01
    4.36493993e-01 4.33765918e-01 1.93278939e-01 1.20139897e-01
    6.27169967e-01 5.64906597e-01 2.44940430e-01 9.00737405e-01
    1.09616369e-01 1.72802091e-01 7.23770618e-01 2.68994749e-01
    4.78411764e-01 8.98181200e-01 1.28150851e-01 3.35343778e-01
    8.93071175e-01 8.30588937e-01 1.07411891e-01 9.80862379e-01
    2.92220473e-01 3.73730123e-01 6.42343938e-01 4.32472497e-01
    6.07391775e-01 7.85863638e-01 3.36939812e-01 1.34905875e-01
    8.96203399e-01 8.55904937e-01 3.21186781e-01 2.19388098e-01
    1.58886433e-01 7.93351412e-01 5.58972955e-02 5.15767038e-01
    9.06840324e-01 6.74342036e-01 4.39732760e-01 9.90980744e-01
    5.08040965e-01 5.50035417e-01 4.60787594e-01 6.11051917e-03
    6.68822885e-01 2.74931490e-01 6.45509481e-01 3.60534430e-01
    2.22027957e-01 9.19814885e-01 7.52631009e-01 4.82335597e-01
    3.58850747e-01 9.94595528e-01 5.53912461e-01 5.25441408e-01
    7.83096075e-01 2.77978539e-01 2.07071722e-01 9.32360530e-01
    8.80346417e-01 6.41170144e-03 7.37042189e-01 1.60516381e-01
    9.35337186e-01 1.93589181e-01 4.21321690e-01 7.82250404e-01
    9.49779272e-01 5.33016324e-01 9.26975608e-01 4.52226281e-01
    9.35816765e-01 9.52960193e-01 1.28965557e-01 4.88211811e-02
    7.38081753e-01 2.56565154e-01 1.05832636e-01 3.41954947e-01
    6.24210417e-01 5.41467965e-01 9.67419147e-01 3.07012260e-01
    1.52934402e-01 4.77038324e-01 3.46867025e-01 6.58533692e-01
    8.63993108e-01 1.60111129e-01 6.22561514e-01 5.03554881e-01
    2.68231511e-01 3.48826647e-01 1.48222953e-01 5.83703876e-01
    5.75248003e-01 2.35786170e-01 7.83932090e-01 5.57641983e-02
    3.61813366e-01 4.48667347e-01 2.34360754e-01 9.80446279e-01
    1.54262215e-01 6.32233799e-01 2.24363327e-01 7.45547533e-01
    9.43230212e-01 5.37038505e-01 3.05745095e-01 1.12922937e-01
    9.98136699e-01 2.30989993e-01 3.81188780e-01 7.24596083e-01
    5.80526650e-01 4.26307410e-01 7.50436127e-01 2.90682912e-01
    9.02291834e-01 9.59361553e-01 3.48228514e-02 6.20795131e-01
    8.51818562e-01 4.52023953e-01 9.13636208e-01 8.12228680e-01
    2.32467741e-01 6.93196058e-03 8.64678919e-02 9.50431824e-01
    6.97371364e-01 9.91764963e-01 2.21200913e-01 7.68090844e-01
    3.03343892e-01 1.15338951e-01 7.77564585e-01 6.35094941e-02
    6.51504993e-01 3.93261820e-01 9.23302531e-01 5.40868580e-01
    6.93690181e-02 8.42513144e-01 4.46299314e-02 5.57325661e-01
    4.22739595e-01 4.37791318e-01 6.05290055e-01 6.87478125e-01
    9.98419642e-01 9.54937339e-01 6.78373277e-01 7.49042869e-01
    2.25276828e-01 5.91965139e-01 7.30565012e-01 4.10491019e-01
    9.83630300e-01 7.12122798e-01 1.19501948e-02 9.68806624e-01
    1.23983443e-01 9.08235669e-01 7.26680636e-01 6.11713171e-01
    3.13417196e-01 8.48266721e-01 5.81325293e-01 9.97201979e-01
    3.19501519e-01 5.76264262e-01 3.15153897e-01 5.22720575e-01
    4.25162613e-01 6.95979893e-02 4.51882362e-01 4.23748195e-01
    3.22299302e-02 6.40753150e-01 7.58677125e-02 6.73562944e-01
    1.85404658e-01 3.89740407e-01 8.50120544e-01 7.88797379e-01
    3.81249934e-01 6.59444034e-02 1.79000258e-01 2.64584750e-01
    7.61561394e-01 5.77187598e-01 1.79710448e-01 9.71514463e-01
    5.50306737e-01 2.79909045e-01 3.23466748e-01 7.49478042e-02
    8.33508372e-01 3.73374611e-01 1.16107702e-01 3.92426878e-01
    9.23469782e-01 5.90803444e-01 4.67028648e-01 6.88396692e-01
    3.12138081e-01 7.73628235e-01 1.46499246e-01 7.20940053e-01
    9.10275757e-01 8.20722580e-02 1.30278438e-01 1.36994630e-01
    3.65215600e-01 9.12426174e-01 3.45232546e-01 9.55862403e-01
    8.71370077e-01 3.34751010e-02 4.84000832e-01 4.90612119e-01
    6.58007383e-01 2.26239204e-01 4.25654143e-01 2.05097198e-02
    7.30301678e-01 4.55746979e-01 3.34469974e-01 3.83844048e-01
    6.14831924e-01 3.92002702e-01 7.20025778e-01 8.67230535e-01
    8.51859808e-01 4.84535903e-01 6.49456978e-02 7.85703361e-02
    2.29074657e-02 7.32510388e-02 5.77802777e-01 6.48087859e-01
    8.80299687e-01 2.97418833e-02 9.76265669e-01 6.75642669e-01
    1.91526622e-01 1.68373525e-01 2.13131160e-01 3.50274026e-01
    7.75029421e-01 3.06319654e-01 1.64064497e-01 3.97822261e-03
    1.05448306e-01 2.66982257e-01 4.10290062e-01 2.17799604e-01
    2.05542684e-01 5.50335169e-01 4.05778706e-01 5.57916760e-01
    9.69241142e-01 5.30065000e-02 6.35495365e-01 5.22160828e-01
    4.74226832e-01 3.67033303e-01 1.87974572e-02 6.94642484e-01
    8.69713843e-01 5.52691519e-01 2.54238605e-01 2.79204369e-01
    8.45779598e-01 8.90478492e-01 1.31890744e-01 4.52890247e-01
    8.75137329e-01 9.92325962e-01 9.41705763e-01 6.66999996e-01
    7.71030307e-01 3.17990720e-01 4.03377086e-01 1.03336275e-02
    3.73119831e-01 7.98435807e-02 7.16930628e-01 5.40832996e-01
    8.70724261e-01 1.64984167e-01 7.29854107e-01 9.06864166e-01
    1.34451687e-02 8.03545117e-03 2.97501683e-02 7.60821581e-01
    5.57142198e-01 2.91985005e-01 5.55824459e-01 1.84437484e-01
    4.82633322e-01 5.94669700e-01 6.92741990e-01 6.68271303e-01
    1.46164089e-01 5.47360539e-01 2.83240706e-01 9.62605953e-01
    5.85515320e-01 4.16340768e-01 5.94393790e-01 1.14945173e-02
    1.89225107e-01 3.00205052e-01 3.97929132e-01 3.15792203e-01
    1.93630934e-01 2.36198604e-01 5.36073744e-01 9.76990461e-01
    8.88944685e-01 2.72465527e-01 4.63116229e-01 3.49461079e-01
    5.64453900e-02 5.12826264e-01 4.78028059e-01 8.12929988e-01
    8.23248029e-01 5.20211518e-01 9.53197598e-01 3.03258836e-01
    8.68365943e-01 2.27463752e-01 1.23907238e-01 8.97602916e-01
    3.66914690e-01 9.66679335e-01 4.73232090e-01 3.66060644e-01
    6.26270771e-01 9.53007281e-01 2.85302758e-01 3.11674237e-01
    4.92615104e-01 6.18512928e-01 7.18915403e-01 8.14688921e-01
    7.62935758e-01 5.93915522e-01 1.98612481e-01 7.65849888e-01
    6.22616947e-01 9.67888951e-01 9.88954902e-02 8.54851127e-01
    3.18184376e-01 6.80649519e-01 1.32276237e-01 3.32374007e-01
    7.09758699e-01 8.64901662e-01 2.63215005e-02 3.05771589e-01
    2.52784610e-01 4.80360359e-01 4.30598319e-01 5.21502078e-01
    5.34136891e-01 1.17486715e-03 4.37316895e-01 4.45996702e-01
    7.24451959e-01 4.80321884e-01 8.18717718e-01 7.99190044e-01
    5.13775170e-01 8.01471353e-01 6.81805968e-01 8.43125343e-01
    1.19567454e-01 2.59909928e-01 6.21137440e-01 8.49423587e-01
    3.13407958e-01 2.14148492e-01 9.46257472e-01 2.00275481e-02
    2.03815252e-01 6.67770505e-01 3.86633903e-01 3.07138264e-01
    5.73729217e-01 3.54447901e-01 2.72793829e-01 3.60618472e-01
    1.03396982e-01 3.14855546e-01 4.95818138e-01 5.99634171e-01
    6.95547819e-01 9.44737911e-01 3.84294748e-01 3.50439727e-01
    5.25745809e-01 1.21631920e-02 5.76141000e-01 8.71768296e-02
    5.46153963e-01 9.27091241e-01 2.69503176e-01 3.80539626e-01
    3.99752229e-01 3.99598062e-01 4.13278639e-01 6.53079212e-01
    5.89926004e-01 1.22606635e-01 3.86928141e-01 2.61427909e-01
    3.64197671e-01 6.13836765e-01 1.49124473e-01 4.72125679e-01
    8.60988975e-01 2.88030982e-01 4.77158219e-01 3.84515792e-01
    5.96282005e-01 7.98458695e-01 9.67818439e-01 1.13814056e-01
    1.96188688e-03 9.50786114e-01 5.86648047e-01 8.28422368e-01
    3.18532079e-01 4.52935338e-01 8.25528979e-01 2.48837471e-03
    9.48929608e-01 6.20981216e-01 1.53956503e-01 1.96651727e-01
    6.12775326e-01 8.49394441e-01 4.68732983e-01 4.09801185e-01
    1.37536526e-02 6.41466022e-01 5.32473922e-01 9.38282132e-01
    2.83020139e-01 7.81764090e-02 6.00509226e-01 4.32796776e-02
    2.95065522e-01 2.93527603e-01 4.40007538e-01 2.01055795e-01
    9.23900366e-01 4.68900174e-01 2.56911129e-01 3.39038223e-01
    1.92747444e-01 8.31969619e-01 9.82018471e-01 6.85495973e-01
    8.07683587e-01 8.41321945e-01 3.16107601e-01 2.18951344e-01
    7.06772506e-01 7.79730916e-01 3.82614821e-01 5.34532070e-02
    3.18093538e-01 8.85994673e-01 9.48543012e-01 6.33053064e-01
    3.86084437e-01 5.13108611e-01 3.08733106e-01 5.58289945e-01
    3.96469235e-02 6.51941776e-01 5.75715899e-01 7.64022231e-01
    5.56759834e-01 4.56324577e-01 4.60976899e-01 8.24085355e-01
    6.57951534e-01 6.34609103e-01 9.54401374e-01 1.94167048e-01
    8.19209397e-01 7.38514543e-01 2.60298610e-01 5.50497532e-01
    5.25963604e-02 2.16730118e-01 5.37014961e-01 9.22421932e-01
    3.53854477e-01 1.24776810e-01 8.80908668e-02 4.03827459e-01
    1.45429820e-01 4.39690799e-01 5.87480605e-01 3.31878126e-01
    6.84851170e-01 7.39034116e-02 1.63871646e-01 7.74531126e-01
    4.50872898e-01 1.54151738e-01 5.16671121e-01 3.71418178e-01
    1.64568424e-04 1.33086890e-01 6.18182480e-01 4.33023602e-01
    1.82409286e-01 8.96720171e-01 8.49673867e-01 3.92358065e-01
    5.93191266e-01 3.13112080e-01 5.23516297e-01 6.76267982e-01
    7.96139956e-01 5.38630843e-01 4.47926819e-01 4.63884234e-01
    2.12425858e-01 1.21615350e-01 4.05495405e-01 1.82255894e-01
    2.32682586e-01 2.22583413e-01 1.45348907e-02 3.95585746e-01
    3.25725734e-01 7.95570612e-02 9.47371304e-01 7.03821301e-01
    2.15746701e-01 9.05235171e-01 4.92254794e-02 6.00317299e-01
    7.55493760e-01 9.34519947e-01 9.19423461e-01 9.97774839e-01
    4.08973724e-01 9.98082280e-01 4.83020723e-01 5.55461347e-02
    8.67823958e-02 9.40755367e-01 7.88926780e-01 2.93402433e-01
    2.82930732e-01 1.70969069e-02 6.83660984e-01 4.36601549e-01
    5.97277164e-01 6.94547594e-02 9.85441089e-01 1.52980685e-02
    1.96115792e-01 2.27107495e-01 7.20164299e-01 8.68725061e-01
    8.49326849e-02 1.67119652e-01 7.33291447e-01 8.27081323e-01
    8.04573596e-01 7.82477200e-01 6.08399868e-01 6.85029566e-01
    3.92096579e-01 7.04685986e-01 7.10142851e-01 5.59428155e-01
    9.07317758e-01 3.09012055e-01 8.25322747e-01 6.33597434e-01
    1.56223387e-01 9.99827862e-01 2.03954965e-01 9.12424207e-01
    1.66634083e-01 6.04231954e-01 4.89602357e-01 5.85393965e-01
    3.49425256e-01 3.61764282e-01 1.03958845e-01 6.05774760e-01
    3.11966777e-01 1.08454019e-01 2.71331370e-02 5.11883497e-01
    3.84681582e-01 8.55973065e-01 5.09467721e-02 4.06238645e-01
    9.28684354e-01 9.36995924e-01 4.16634917e-01 1.07333124e-01
    6.42694294e-01 5.65851092e-01 3.19088995e-01 7.86165118e-01
    3.83388758e-01 4.50437129e-01 8.27082098e-02 8.68945003e-01
    6.49255753e-01 5.83586156e-01 8.28652501e-01 5.93553722e-01
    3.04201543e-01 5.20630240e-01 6.02879345e-01 7.79296041e-01
    7.33097970e-01 1.78188175e-01 7.18497992e-01 5.62202156e-01
    1.16766572e-01 6.62065625e-01 5.11751771e-02 7.67220616e-01
    5.60202956e-01 2.42173672e-04 1.31645799e-03 4.46214974e-02
    5.25138915e-01 5.10324359e-01 2.59831607e-01 7.36648262e-01
    6.84216201e-01 9.14336741e-02 4.25320864e-02 3.06298614e-01
    2.90122807e-01 2.82138586e-04 8.19778323e-01 8.20775390e-01
    8.81768346e-01 9.47213173e-02 6.87387586e-01 6.32295430e-01
    6.14133000e-01 2.79666156e-01 5.15586436e-01 5.75286090e-01
    9.37734246e-01 4.61485833e-01 1.16783381e-02 9.66810584e-02
    6.05734289e-01 4.24067557e-01 2.72790611e-01 9.03376400e-01
    1.80278599e-01 6.71010137e-01 8.30212235e-01 5.44832528e-01
    7.90615857e-01 9.94577885e-01 4.13662195e-01 7.50363231e-01
    9.42739546e-01 3.47139657e-01 4.82559204e-02 4.22555298e-01
    2.29786754e-01 1.77987665e-01 4.69019026e-01 6.51565552e-01
    5.08557975e-01 8.21904838e-01 8.11873436e-01 2.32880056e-01
    6.92141891e-01 6.69561505e-01 3.49105656e-01 6.34140432e-01
    7.99628377e-01 6.49519563e-02 8.69170547e-01 7.46251166e-01
    6.05701983e-01 4.61070180e-01 7.43924260e-01 4.75161314e-01
    8.36236417e-01 2.70698071e-01 3.02405804e-01 2.15720475e-01
    6.59303248e-01 6.53381109e-01 3.70945215e-01 7.52725005e-01
    5.16638577e-01 8.47062707e-01 2.80542910e-01 7.84331560e-03
    5.58110118e-01 7.53968775e-01 4.70296681e-01 6.27228916e-01
    8.18057537e-01 6.75012231e-01 8.73445213e-01 9.77440476e-02
    4.68629867e-01 3.24989229e-01 8.62554967e-01 6.54326499e-01
    8.33081543e-01 7.75479794e-01 7.98761964e-01 1.70976162e-01
    9.27734971e-01 9.18858051e-01 1.75528735e-01 3.51100802e-01
    8.53546262e-02 7.63553977e-01 4.40408289e-02 1.57278955e-01
    2.05908358e-01 8.21327686e-01 7.43515015e-01 1.03925735e-01
    3.10275137e-01 1.92508072e-01 1.80271089e-01 6.31361365e-01
    8.75333726e-01 2.33064264e-01 4.62688714e-01 5.77280581e-01
    5.76259077e-01 7.50949502e-01 3.88774455e-01 6.83510303e-01
    4.59996372e-01 9.34440196e-02 7.43908763e-01 7.12429583e-01
    2.62814522e-01 1.69747412e-01 3.36071849e-03 6.20681763e-01
    4.51368839e-01 4.14061874e-01 4.47856277e-01 4.84306842e-01
    1.25955909e-01 5.76960087e-01 4.24246371e-01 8.77421677e-01
    7.55984962e-01 2.25938857e-02 7.19034672e-01 2.98005641e-01
    7.71313608e-02 6.59997165e-01 2.26185471e-01 3.01887214e-01
    3.70072424e-01 5.49991250e-01 4.58708674e-01 3.93900275e-02
    1.67328030e-01 8.91462743e-01 2.03070134e-01 4.15781587e-01
    8.92913103e-01 9.62735236e-01 4.74159122e-01 2.41811395e-01
    5.40430784e-01 1.75333649e-01 4.82230753e-01 8.07658195e-01
    1.90772414e-01 7.43094981e-01 4.39239979e-01 2.87089705e-01
    9.18834686e-01 3.11440468e-01 9.99616742e-01 1.90274507e-01
    7.39597082e-02 1.22535706e-01 6.00070477e-01 1.03414029e-01
    7.56420791e-01 9.13130045e-02 8.37631762e-01 3.91965061e-01
    4.51075703e-01 4.40764964e-01 4.58431244e-03 4.78646487e-01
    1.95327133e-01 7.35580444e-01 1.13810480e-01 5.59068739e-01
    1.45959914e-01 2.08752126e-01 4.07348394e-01 9.01458204e-01
    6.45478189e-01 1.84789181e-01 4.42211568e-01 4.23054099e-01
    6.01119816e-01 2.04376906e-01 4.72759575e-01 8.89219761e-01
    4.50140238e-01 2.81831890e-01 4.16783929e-01 1.51981801e-01
    6.03846788e-01 6.30460024e-01 8.82652879e-01 6.39076591e-01
    4.83367890e-01 4.26960081e-01 5.36255002e-01 7.34333038e-01
    8.09944510e-01 7.05394447e-02 9.86379266e-01 4.33008969e-02
    3.00475121e-01 6.70000911e-01 4.33573574e-01 2.46407002e-01
    3.04885656e-01 7.06601679e-01 5.89287698e-01 9.64598536e-01
    9.48912740e-01 2.07201928e-01 7.49906361e-01 1.83576554e-01
    8.36776793e-02 6.33063078e-01 5.66331744e-01 7.55269885e-01
    5.97821832e-01 2.76113153e-02 8.81797671e-01 3.56528074e-01
    2.56729513e-01 5.02822995e-02 1.31302744e-01 4.10158247e-01
    4.48616266e-01 8.24499726e-02 2.72080839e-01 7.27437735e-01
    1.01382375e-01 6.25381470e-01 2.48552293e-01 4.09958422e-01
    7.29897618e-02 6.06378555e-01 3.40549499e-01 2.53389001e-01
    9.25614059e-01 7.14862168e-01 8.43642473e-01 1.02435231e-01
    7.65968084e-01 9.55962718e-01 9.07006383e-01 5.98871469e-01
    1.65096253e-01 4.51434046e-01 3.38633895e-01 2.69725025e-02
    1.44143105e-02 8.75089347e-01 6.65082693e-01 2.67358422e-01
    1.35012358e-01 4.15260047e-01 9.51687336e-01 9.58219051e-01
    2.94226825e-01 5.87526500e-01 3.04224193e-01 7.54083157e-01
    7.70369887e-01 1.19104922e-01 3.19242746e-01 5.64765453e-01
    8.86984229e-01 4.76493984e-01 6.24637544e-01 1.32254958e-01
    4.26839918e-01 3.27658683e-01 9.06631172e-01 8.29804122e-01
    2.72036612e-01 3.38937819e-01 4.19009507e-01 3.47493231e-01
    5.14741898e-01 6.92358434e-01 7.03709424e-01 2.11931348e-01
    8.88264477e-01 1.06966555e-01 4.81581509e-01 1.56505942e-01
    5.92806876e-01 9.16581869e-01 8.03498268e-01 4.65347260e-01
    8.43434334e-01 7.69692600e-01 7.94990063e-01 3.81980717e-01
    5.88371396e-01 1.91051632e-01 1.06180906e-02 9.52773571e-01
    8.29221368e-01 5.47600091e-01 6.13058925e-01 2.22667754e-02
    4.19551075e-01 2.95277566e-01 2.71477044e-01 7.58082151e-01
    7.14554369e-01 5.65949559e-01 7.66623497e-01 5.49498320e-01
    8.48688602e-01 5.72190821e-01 2.24369019e-01 6.03840947e-02
    1.88919812e-01 3.85519087e-01 1.55644536e-01 4.16178226e-01
    2.93912172e-01 9.25001025e-01 6.53892159e-01 5.11578918e-02
    5.60178161e-01 8.21680188e-01 8.70823860e-04 5.93707442e-01
    4.03798878e-01 6.97174072e-01 7.10222125e-01 3.49269956e-01
    2.89510846e-01 8.80428910e-01 2.21719891e-01 1.02324873e-01
    4.48403418e-01 8.00587535e-01 7.69917727e-01 5.90665340e-01
    7.97781110e-01 2.49682069e-01 7.15955734e-01 8.46708417e-02
    7.77556300e-01 4.32311743e-01 1.30280316e-01 8.52893054e-01
    7.29445934e-01 7.00584292e-01 7.32505023e-02 3.99521470e-01
    9.84180570e-01 1.61231339e-01 6.82420969e-01 3.13810229e-01
    5.02181172e-01 8.72084618e-01 3.36108863e-01 2.06936389e-01
    2.57232428e-01 7.69294739e-01 5.24624288e-01 2.39692777e-01
    7.16446936e-01 3.76866341e-01 2.84228235e-01 6.31161690e-01
    4.34933573e-01 1.75318241e-01 7.38773704e-01 4.32943076e-01
    9.66736197e-01 1.76357776e-01 3.65954071e-01 3.77776980e-01
    3.07932049e-01 8.32965672e-01 8.51255119e-01 3.78463626e-01
    9.44149017e-01 6.17947996e-01 9.61894333e-01 5.72698951e-01
    1.69154435e-01 5.19326985e-01 7.70365596e-01 1.56084269e-01
    7.68889189e-01 9.63276088e-01 2.72767901e-01 1.19046897e-01
    2.47516900e-01 3.49798560e-01 6.94509387e-01 2.32911080e-01
    4.28437561e-01 8.96336794e-01 2.53518283e-01 3.68328273e-01
    4.48625058e-01 1.09377325e-01 3.21655691e-01 9.79777098e-01
    5.33379436e-01 1.19249612e-01 3.06888819e-02 9.74653006e-01
    4.18702215e-01 1.34394050e-01 4.86813962e-01 3.89861763e-02
    1.21839195e-01 1.77656114e-01 1.24285191e-01 2.17893302e-01
    7.68861532e-01 9.54147935e-01 8.11533630e-01 4.32763457e-01
    3.05021942e-01 6.41057968e-01 1.04331940e-01 5.48584580e-01
    6.63248539e-01 9.52882469e-01 9.88443375e-01 6.97825551e-01
    6.60675526e-01 3.65293503e-01 4.62562770e-01 5.17547667e-01
    2.21667200e-01 8.97925377e-01 8.23552251e-01 8.92519951e-01
    1.86083436e-01 5.09786069e-01 2.65807807e-02 7.69131899e-01
    5.73648214e-01 7.59540498e-01 8.88408244e-01 2.54179418e-01
    6.13895535e-01 9.66951489e-01 2.79680431e-01 7.06871569e-01
    1.75710112e-01 8.20761144e-01 9.59821820e-01 9.96935248e-01
    8.67627740e-01 1.32934511e-01 1.53784692e-01 5.79446018e-01
    6.15719795e-01 3.92453313e-01 8.25074911e-01 6.89873457e-01
    2.31806308e-01 5.79366028e-01 3.87814343e-02 8.72229993e-01
    6.84676468e-02 5.75374603e-01 9.55267906e-01 3.29192817e-01
    1.55880481e-01 2.02320486e-01 3.01602364e-01 2.86394835e-01
    1.79058075e-01 1.37697726e-01 6.45891428e-01 6.67432308e-01
    8.44179153e-01 2.82916605e-01 1.99924856e-01 3.52880716e-01
    9.97663140e-01 7.89986610e-01 4.35113698e-01 4.64509726e-02
    8.37107837e-01 7.79009938e-01 8.19121480e-01 9.98808980e-01
    5.92318475e-01 9.50468957e-01 5.05695045e-01 6.66832805e-01
    8.12953949e-01 5.17923594e-01 8.11625004e-01 5.60550869e-01
    8.00017595e-01 9.75818992e-01 8.02840889e-02 5.58323741e-01
    3.90492916e-01 6.17452860e-01 5.40935576e-01 2.94078529e-01
    7.77662396e-01 8.00851643e-01 4.64497507e-02 9.35507298e-01
    9.90480423e-01 2.87216842e-01 5.06597757e-01 4.84735221e-01
    3.25466216e-01 8.50386143e-01 8.42887044e-01 9.68718529e-01
    2.67102540e-01 1.57837719e-01 8.69519114e-01 3.14023077e-01
    4.85935628e-01 5.21522164e-02 4.90447134e-01 5.06632149e-01
    7.03294039e-01 5.33385813e-01 9.83480573e-01 2.37958163e-01
    2.99781203e-01 8.83298516e-02 4.68778700e-01 5.86128473e-01
    2.93352902e-01 9.32870567e-01 4.44493771e-01 3.63255858e-01
    9.61997271e-01 1.50807887e-01 3.10478568e-01 4.31783795e-02
    1.78227186e-01 2.59003222e-01 4.74669009e-01 7.85586119e-01
    9.34219003e-01 8.56370807e-01 8.52449775e-01 6.01070881e-01
    2.18632191e-01 1.82315022e-01 7.65785098e-01 2.80521512e-01
    1.90925986e-01 1.84781164e-01 5.16191959e-01 5.07781625e-01
    6.65561378e-01 3.43164206e-02 3.18034738e-01 6.05806053e-01
    1.19826436e-01 8.13457608e-01 4.89037275e-01 6.10996485e-01
    3.37102562e-01 5.95784545e-01 9.37270045e-01 5.85457623e-01
    8.02348852e-01 2.99132228e-01 1.39388055e-01 1.99224234e-01
    5.87706387e-01 6.05685413e-01 6.81786418e-01 4.71125692e-01
    8.25146198e-01 1.47304475e-01 5.16975343e-01 2.28034794e-01
    9.03306127e-01 4.81164664e-01 4.56816673e-01 9.76997316e-01
    4.09793496e-01 1.11343771e-01 7.50232816e-01 1.88731164e-01
    2.95914412e-01 5.83575845e-01 4.63980675e-01 6.66642189e-01
    1.45136237e-01 1.45900875e-01 4.96073574e-01 2.73665488e-01
    4.70977038e-01 9.30878043e-01 9.13514137e-01 7.26701319e-01
    2.61206388e-01 6.82472169e-01 5.27382791e-01 4.34464663e-01
    3.79060626e-01 1.60316259e-01 3.76989245e-01 4.59796429e-01
    2.65911877e-01 9.32150126e-01 3.11158508e-01 2.62326837e-01
    9.39363837e-01 7.69962788e-01 4.03793067e-01 4.53394800e-01
    8.42299163e-01 6.06046200e-01 3.79369497e-01 6.55895352e-01
    8.46052170e-01 3.99855077e-01 2.75747269e-01 3.83473635e-01
    9.07673657e-01 2.51188993e-01 9.24024582e-01 6.80349946e-01
    7.74688780e-01 1.75924599e-02 2.64359027e-01 9.55317378e-01
    9.39404309e-01 2.00342715e-01 5.81173301e-01 6.24088347e-02
    2.18038589e-01 7.00873673e-01 3.66329968e-01 3.48566115e-01
    3.23433667e-01 7.82002926e-01 5.23819685e-01 6.17927015e-01
    7.91689754e-01 2.55650520e-01 9.28817511e-01 4.24319267e-01
    4.95075017e-01 5.08502841e-01 7.26407945e-01 8.84271383e-01
    1.99373633e-01 5.07921159e-01 6.47998750e-02 9.43357050e-01
    3.55646849e-01 3.59207988e-01 4.37198222e-01 3.26507419e-01
    1.84492022e-01 4.24460530e-01 5.06879091e-01 7.05603719e-01
    8.32387805e-01 4.61803555e-01 7.07896352e-01 4.56787556e-01
    8.17210078e-01 9.26061571e-02 5.66525578e-01 1.39701545e-01
    2.82597780e-01 8.65837216e-01 8.09669018e-01 9.18653846e-01
    4.03030574e-01 1.11721188e-01 6.35128915e-02 1.80602074e-04
    3.49393398e-01 5.11319637e-01 8.70346069e-01 8.44598770e-01
    3.15819472e-01 7.84915090e-01 8.74734759e-01 2.56889343e-01
    1.73070073e-01 7.96351552e-01 1.70100093e-01 7.19788909e-01
    6.38293743e-01 8.25564981e-01 7.04014719e-01 4.53277379e-01
    1.40334219e-01 8.58881414e-01 4.50717926e-01 5.24269044e-01
    6.29791975e-01 1.30209774e-01 4.26539004e-01 2.61053145e-01
    6.77900434e-01 3.73068601e-01 2.76791036e-01 1.39113665e-01
    8.58354867e-02 3.84263873e-01 5.61670542e-01 5.21752834e-01
    6.68443263e-01 8.36823463e-01 2.85902321e-02 4.11461055e-01
    6.14820957e-01 8.27851176e-01 5.76408207e-01 5.60787380e-01
    1.58610046e-01 4.04810965e-01 4.27217036e-01 8.25188398e-01
    2.21334338e-01 4.76599097e-01 1.75593466e-01 7.01432467e-01
    8.90266180e-01 5.06368279e-02 8.62718582e-01 1.56098396e-01
    7.82416999e-01 4.42301065e-01 9.64473128e-01 3.06448638e-01
    5.26308119e-01 2.69099236e-01 3.96328956e-01 2.01376379e-02
    1.48994446e-01 9.88434076e-01 2.04397559e-01 5.82232237e-01
    7.94066191e-02 2.98637450e-02 3.38466495e-01 1.59055442e-01
    3.87049466e-01 7.82541871e-01 9.98414457e-02 5.03047705e-01
    4.07620966e-02 8.30376089e-01 9.66454744e-01 6.75268769e-01
    7.51877427e-02 9.08127427e-02 3.90605241e-01 2.91133463e-01
    9.56366658e-01 8.01188827e-01 8.30855370e-01 3.94562125e-01
    8.54189098e-02 4.84929442e-01 5.87745786e-01 9.39958453e-01
    5.24444640e-01 2.46287137e-01 4.61421430e-01 7.85528421e-02
    3.10024500e-01 9.28455234e-01 4.77503717e-01 5.49224854e-01
    4.96841669e-01 3.05041015e-01 9.05166388e-01 8.55262280e-01
    2.59456843e-01 9.82370615e-01 9.25905466e-01 8.39980960e-01
    2.67794669e-01 3.72611940e-01 2.78283060e-01 3.40269148e-01
    5.07221818e-02 7.50278056e-01 9.44322705e-01 5.55265069e-01
    6.48065448e-01 8.52496862e-01 7.96352983e-01 6.48336470e-01
    3.08790803e-01 8.25271904e-01 8.51641476e-01 5.28090239e-01
    8.18202078e-01 2.34901726e-01 3.58533174e-01 9.40021813e-01
    3.84453297e-01 7.03199148e-01 1.24820471e-02 5.21630883e-01
    3.53760362e-01 4.10942137e-02 8.03819299e-03 8.29968452e-02
    4.68327463e-01 2.07356155e-01 9.61056709e-01 4.56813335e-01
    3.65167022e-01 1.18345410e-01 8.21364880e-01 9.56130028e-01
    1.08996809e-01 1.95872039e-01 3.43115509e-01 8.58769894e-01
    9.55175519e-01 1.79034263e-01 5.04064262e-02 2.37724811e-01
    1.12369001e-01 7.23906994e-01 4.58677024e-01 3.96023571e-01
    6.59160316e-01 6.15937710e-01 3.45441580e-01 4.42259997e-01
    7.88827121e-01 4.20155317e-01 5.57927907e-01 2.55028248e-01
    4.04795557e-01 9.37455118e-01 6.38299227e-01 3.57379794e-01
    3.54133487e-01 4.31992114e-01 9.97278810e-01 6.43658996e-01
    6.42678976e-01 2.99377382e-01 1.40181243e-01 1.41315758e-01
    5.95702887e-01 4.66707289e-01 2.78066456e-01 6.92294419e-01
    7.30167747e-01 2.50297546e-01 3.58037055e-01 4.69925284e-01
    4.45022255e-01 7.57336378e-01 3.39374840e-01 6.63671315e-01
    7.52700865e-02 1.44491583e-01 6.92441821e-01 9.90956068e-01
    6.99551046e-01 2.76449740e-01 5.17591298e-01 6.48079753e-01
    8.78430128e-01 2.62028188e-01 8.34491134e-01 7.65315175e-01
    2.16682523e-01 4.55687433e-01 5.37486672e-02 2.51963079e-01
    4.07208055e-01 7.75771022e-01 8.49871218e-01 4.31564450e-01
    4.58130151e-01 9.72908020e-01 9.19259310e-01 7.99816370e-01
    8.68215680e-01 6.46942794e-01 8.16589355e-01 1.17236435e-01
    9.88673568e-01 8.40379238e-01 7.32861876e-01 6.55847311e-01
    4.69826579e-01 7.32276320e-01 9.44456160e-01 5.34322679e-01
    3.15795779e-01 4.22450930e-01 7.51232266e-01 5.12186527e-01
    3.98364723e-01 3.21274936e-01 8.94603550e-01 2.52094507e-01
    5.55611193e-01 7.29993522e-01 4.32342112e-01 2.99453795e-01
    4.25010532e-01 3.31951320e-01 6.50104403e-01 6.11772895e-01
    3.71758640e-02 6.52538776e-01 1.94323629e-01 4.69258845e-01
    3.00332367e-01 9.47366714e-01 1.83435798e-01 4.34899569e-01
    6.64882183e-01 4.41147298e-01 4.45024431e-01 1.00789696e-01
    6.25985801e-01 2.28869140e-01 3.17110360e-01 8.72079372e-01
    6.71569109e-01 8.01836550e-02 7.92022049e-02 5.62148213e-01
    8.69913578e-01 3.32819283e-01 7.05051839e-01 1.78062201e-01
    4.09823626e-01 5.89757979e-01 2.48372287e-01 8.21731091e-01
    2.44664609e-01 2.35336751e-01 1.29574150e-01 1.31095767e-01
    1.05789900e-02 2.85414398e-01 5.58902383e-01 3.11479151e-01
    3.17260206e-01 7.11354613e-03 1.65446937e-01 6.91697419e-01
    3.66687357e-01 4.03003931e-01 6.23836994e-01 3.58894318e-01
    8.88111949e-01 6.27035022e-01 4.52408195e-03 7.86232531e-01
    5.40854275e-01 7.22569704e-01 3.97853971e-01 1.23151243e-02
    5.14226854e-02 1.97640717e-01 5.93248367e-01 7.55143642e-01
    4.39535230e-01 9.89666641e-01 7.39518046e-01 4.92473632e-01
    7.05738902e-01 9.33575571e-01 6.08115435e-01 1.10575438e-01
    6.75979555e-02 1.86141223e-01 4.60031778e-01 4.44888592e-01
    6.83111250e-02 4.96091247e-01 5.83015025e-01 2.78751016e-01
    6.08681977e-01 8.39188099e-02 3.66456568e-01 9.64066863e-01
    7.39148259e-01 5.43093383e-01 5.56597710e-02 8.98404598e-01
    5.60585201e-01 9.89154458e-01 7.01567650e-01 3.73727322e-01
    2.50447571e-01 2.21109688e-02 5.25043309e-01 6.01339221e-01
    1.02555037e-01 5.50763011e-01 7.64435291e-01 6.14003539e-01
    3.11056972e-02 5.31325877e-01 1.11654699e-02 7.68605947e-01
    6.60192013e-01 6.20182633e-01 4.37712669e-03 4.93243814e-01
    2.67541111e-02 3.96659374e-01 8.04334283e-02 5.82924962e-01
    5.95833898e-01 8.30502391e-01 8.15579414e-01 1.47900134e-01
    3.11988920e-01 2.86296546e-01 4.63913947e-01 2.45839149e-01
    7.67191648e-01 6.82832241e-01 7.38412559e-01 3.20533305e-01
    5.81259012e-01 7.24100530e-01 1.27619594e-01 8.08561563e-01
    5.50438344e-01 4.12368357e-01 7.48160779e-02 4.70480233e-01
    8.01246881e-01 6.48051202e-01 9.41054225e-01 5.51953971e-01
    9.12473500e-01 2.76073039e-01 5.60523093e-01 4.40523982e-01
    5.31035125e-01 9.87508118e-01 1.82465762e-01 7.35287368e-01
    3.22220713e-01 4.86800134e-01 7.78776288e-01 4.37985182e-01
    4.41028476e-02 8.06311727e-01 9.12813425e-01 6.10511005e-01
    8.54182184e-01 3.39520276e-02 8.60166967e-01 3.87971759e-01
    5.64550519e-01 4.58192289e-01 6.53335452e-01 4.52626109e-01
    3.32031101e-01 2.76491970e-01 9.84999180e-01 1.06113851e-01
    4.28921402e-01 1.29983485e-01 6.84022009e-01 4.12484288e-01
    3.12156796e-01 3.44211191e-01 5.37537456e-01 3.99094135e-01
    5.93328357e-01 9.95434403e-01 7.87566304e-01 3.36145759e-02
    4.12858427e-02 2.63028860e-01 1.49316281e-01 9.55005109e-01
    9.85482037e-01 5.22397876e-01 6.30749464e-01 8.95498395e-01
    8.98200870e-02 7.26385534e-01 3.50520968e-01 4.93792176e-01
    3.28104436e-01 9.28225577e-01 2.88733453e-01 2.66060501e-01
    1.08017087e-01 4.91121292e-01 3.39037418e-01 9.86349642e-01
    3.65798831e-01 6.38163507e-01 7.38656521e-01 9.40330327e-01
    5.67682028e-01 3.30425471e-01 1.63222849e-01 4.80502635e-01
    9.83126700e-01 4.29873109e-01 2.76953101e-01 3.11637640e-01
    1.50237679e-01 7.54925251e-01 3.33773524e-01 9.27411556e-01
    4.21432883e-01 4.63484079e-01 1.94289684e-01 3.63745868e-01
    8.88124049e-01 7.72445500e-02 7.96133697e-01 9.59893942e-01
    9.93679166e-01 3.76266241e-03 8.38541090e-02 6.41939402e-01
    1.44333214e-01 4.45736319e-01 9.30795550e-01 7.21911192e-01
    2.35652775e-01 9.38989282e-01 1.86161965e-01 9.85702813e-01
    2.67632902e-02 2.76579618e-01 1.55471981e-01 6.46242499e-01
    5.34164369e-01 1.75843179e-01 9.47514057e-01 9.97457147e-01
    2.48837799e-01 3.43644828e-01 2.79505551e-01 6.90035224e-01
    5.48551202e-01 8.92449915e-02 8.86900663e-01 8.51906240e-02
    6.04387581e-01 6.35314584e-01 8.58334780e-01 5.39240479e-01
    8.31471026e-01 7.10803926e-01 3.81857544e-01 6.50711000e-01
    7.18940854e-01 5.12666881e-01 7.55575776e-01 8.59456539e-01
    6.45121038e-02 3.01044405e-01 9.56606627e-01 6.94001377e-01
    5.72393715e-01 7.64240921e-02 6.62515044e-01 2.00436354e-01
    3.61304283e-01 3.40032697e-01 8.23766351e-01 7.23620176e-01
    1.87006593e-03 4.72072154e-01 6.20850921e-03 9.54309702e-01
    4.31240588e-01 1.61255002e-02 3.96030784e-01 7.37305164e-01
    6.06718242e-01 4.79793847e-01 5.96113205e-01 4.60939854e-01
    5.59682548e-01 2.28338242e-01 1.50745809e-02 9.44652617e-01
    8.85578394e-01 1.94867402e-01 8.36942196e-01 2.50686586e-01
    7.31941819e-01 3.59921604e-01 3.43403727e-01 2.49764264e-01
    5.50294220e-02 4.31700021e-01 8.04288328e-01 2.70184934e-01
    7.31119871e-01 3.88199449e-01 5.33312261e-01 8.31239581e-01
    1.91066861e-01 2.53434777e-02 2.50214219e-01 1.58752829e-01
    9.37175691e-01 5.08498251e-01 1.52775079e-01 2.48307317e-01
    2.66973615e-01 7.98184633e-01 5.25577188e-01 4.84036028e-01
    1.77208811e-01 5.64971805e-01 5.05405962e-01 7.40030885e-01
    2.98214555e-01 1.61538631e-01 9.98872876e-01 6.60385728e-01
    6.84754610e-01 2.98025727e-01 2.13550031e-01 5.76007366e-03
    4.22358632e-01 3.06172490e-01 3.62277418e-01 1.48079336e-01
    9.91913557e-01 8.13638330e-01 9.24897671e-01 4.48142558e-01
    1.98046327e-01 9.60031986e-01 3.53333324e-01 1.65992856e-01
    4.48309273e-01 1.94910347e-01 9.93321836e-01 8.12278509e-01
    7.30115473e-01 3.60639095e-02 1.49560094e-01 8.65187526e-01
    3.30283552e-01 2.07790345e-01 1.41507804e-01 7.49296963e-01
    1.22173101e-01 7.97395349e-01 5.15361726e-01 1.83323324e-01
    3.00881088e-01 5.76986134e-01 6.46498442e-01 1.84914440e-01
    3.92028838e-01 7.25155473e-01 3.35366547e-01 6.94368184e-01
    8.83010149e-01 7.86654532e-01 4.66180563e-01 8.00773025e-01
    9.70417678e-01 6.57634139e-02 2.62575775e-01 5.50328255e-01
    6.46724582e-01 7.24387288e-01 9.91296649e-01 5.38627446e-01
    1.89911962e-01 3.88694793e-01 6.99282169e-01 1.97994798e-01
    8.46245170e-01 7.63270557e-01 4.22946721e-01 3.98535609e-01
    1.78741127e-01 6.39321208e-01 5.46926796e-01 6.65576279e-01
    3.97476822e-01 4.47268099e-01 1.03085756e-01 2.86620200e-01
    3.32344115e-01 2.91194022e-01 4.64511991e-01 4.13987398e-01
    8.04315448e-01 3.34556103e-01 2.35816509e-01 2.18063265e-01
    2.87305534e-01 5.26871920e-01 4.04115319e-02 5.95820963e-01
    7.86119640e-01 2.93079615e-02 8.67877781e-01 6.51841283e-01
    8.85942101e-01 6.43677115e-01 1.68013543e-01 2.41396099e-01
    9.33487535e-01 8.10028315e-01 4.86425966e-01 7.88501978e-01
    3.83549243e-01 4.62853134e-01 1.05568945e-01 8.95363271e-01
    7.14995027e-01 1.16782337e-01 4.22208309e-01 5.61767399e-01
    9.83150005e-02 9.75029230e-01 9.42051411e-05 8.76456499e-02
    8.28576446e-01 4.68183637e-01 2.49598086e-01 3.99143100e-01
    9.03285027e-01 8.78476918e-01 6.66756213e-01 4.56975162e-01
    5.39909303e-01 4.79805499e-01 5.44421971e-01 3.74443948e-01
    7.79355884e-01 4.38741356e-01 5.25994897e-01 3.50412726e-01
    7.61495829e-02 3.75797600e-01 5.57848155e-01 6.14408970e-01
    9.79856730e-01 5.20643294e-01 3.30143899e-01 7.12144375e-03
    3.47656369e-01 2.35414118e-01 1.50372684e-02 8.59957039e-01
    1.53524965e-01 5.27508974e-01 3.75797451e-01 7.72874355e-01
    3.78152013e-01 9.66087461e-01 9.81465936e-01 7.05223262e-01
    6.78022027e-01 3.12263131e-01 1.78221196e-01 6.34972453e-01
    3.98184955e-02 9.12106872e-01 4.28856671e-01 8.62497211e-01
    3.43315125e-01 2.18764246e-01 4.39266115e-01 7.45755434e-01
    9.81447339e-01 9.36653972e-01 7.73741186e-01 8.10764313e-01
    4.81755048e-01 1.06246710e-01 1.24931633e-01 7.89901376e-01
    3.96585107e-01 3.33629757e-01 1.75047755e-01 4.64110941e-01
    6.85019851e-01 4.66605067e-01 5.10182142e-01 1.44408107e-01
    9.18133616e-01 6.98732018e-01 5.88772535e-01 9.69813645e-01
    7.22972035e-01 9.64312434e-01 1.25811875e-01 7.37315357e-01
    8.68831754e-01 9.56402838e-01 1.42131984e-01 3.01593214e-01
    1.89716071e-01 9.20592666e-01 4.41281140e-01 9.33540821e-01
    3.89643729e-01 8.21449161e-02 8.81828904e-01 3.43455374e-01
    3.06905627e-01 4.93736684e-01 6.77465200e-02 5.91278434e-01
    8.62427831e-01 7.13932455e-01 8.22472095e-01 6.48520529e-01
    7.24271417e-01 8.34687710e-01 6.25695944e-01 8.36256504e-01
    4.67874825e-01 4.75613654e-01 6.72249734e-01 3.10815692e-01
    7.28637338e-01 4.97726679e-01 9.46505070e-01 5.15608191e-01
    3.26534450e-01 2.13597655e-01 7.76921511e-01 5.56475818e-02
    2.79960155e-01 1.65713608e-01 5.58535516e-01 7.89153218e-01
    3.92326921e-01 7.96847224e-01 5.84075689e-01 9.75988507e-01
    6.11173868e-01 6.23792589e-01 8.53466034e-01 4.33217376e-01
    8.88452411e-01 9.31832671e-01 7.17222929e-01 4.98640895e-01
    3.06731045e-01 6.52207017e-01 5.56348085e-01 4.62066233e-02
    7.77648807e-01 4.67943728e-01 4.98707652e-01 2.00866044e-01
    7.92982161e-01 2.43738025e-01 6.72784090e-01 6.84122443e-01
    7.91825354e-01 2.57078052e-01 9.81713831e-02 2.88048148e-01
    8.63970876e-01 3.86298239e-01 4.74611819e-02 2.01408476e-01
    3.19666088e-01 6.51857257e-01 8.98166418e-01 4.63681906e-01
    4.58804727e-01 1.52126282e-01 2.63659954e-01 5.67074656e-01
    3.35375547e-01 2.61867285e-01 7.17246711e-01 1.25866652e-01
    4.66953218e-02 8.03126097e-02 4.09525841e-01 3.39426398e-01
    4.42787945e-01 6.39150441e-01 5.03594339e-01 6.84666038e-01
    2.35285491e-01 9.98370647e-02 1.43253803e-02 7.62068033e-01
    4.58572567e-01 9.58899796e-01 8.35498214e-01 7.55266190e-01
    6.90361738e-01 2.04873234e-01 5.48216820e-01 5.82526386e-01
    2.19519615e-01 2.35858828e-01 3.91228914e-01 6.10411942e-01
    9.21790838e-01 2.59093940e-02 6.62464261e-01 7.07495570e-01
    5.37589252e-01 2.20249444e-01 2.03270257e-01 4.61294055e-01
    6.91042900e-01 5.52028000e-01 1.95401192e-01 1.51746660e-01
    5.27011037e-01 1.50723845e-01 2.19904512e-01 9.40184534e-01
    8.76466155e-01 4.73120451e-01 3.62395942e-01 3.38668287e-01
    9.60110128e-01 7.67364621e-01 4.73514318e-01 5.51345885e-01
    6.14521205e-02 6.55028224e-02 7.60040164e-01 7.04020977e-01
    4.44816917e-01 6.81738794e-01 4.77425158e-01 3.61646235e-01
    5.44954777e-01 6.00655377e-01 9.88696754e-01 4.72737670e-01
    1.70438439e-01 2.07442701e-01 1.34033859e-01 8.23444664e-01
    1.35952413e-01 1.77361459e-01 5.57062685e-01 5.75254142e-01
    3.21590424e-01 3.08949947e-02 1.45909190e-01 5.00889897e-01
    3.53018761e-01 3.80557895e-01 2.20914721e-01 3.32434088e-01
    8.05477977e-01 9.97642219e-01 5.59793651e-01 9.82952356e-01
    4.18325722e-01 3.26034427e-01 2.24334002e-02 3.21569204e-01
    6.82561457e-01 6.19955957e-01 7.51115561e-01 4.39612746e-01
    3.89695317e-01 7.22240210e-01 9.70201671e-01 9.72707152e-01
    3.51149261e-01 2.24466652e-01 9.70064640e-01 7.02435791e-01
    4.77281958e-01 7.53715456e-01 3.72970164e-01 4.74596024e-03
    4.31712627e-01 1.53592914e-01 7.13001668e-01 3.22635800e-01
    2.71366179e-01 1.18911475e-01 7.78522909e-01 2.72267163e-01
    2.66813159e-01 5.75382411e-02 4.19814050e-01 9.73903358e-01
    9.07975197e-01 5.78393877e-01 1.67963207e-01 8.64384174e-01
    5.85308611e-01 8.10103178e-01 1.07674241e-01 9.90870595e-02
    5.49166620e-01 9.77570236e-01 8.74629259e-01 9.73612070e-01
    5.76760650e-01 4.86803383e-01 4.28562462e-01 2.09391057e-01
    1.56708539e-01 7.26159573e-01 3.48609447e-01 3.20454776e-01
    5.90041041e-01 9.19234276e-01 6.43860996e-02 2.86174715e-01
    9.03112590e-02 6.79921806e-02 1.58847630e-01 6.98637366e-01
    1.14710271e-01 3.26993465e-02 5.35681546e-01 7.81906486e-01
    3.19455683e-01 2.29143411e-01 8.57971430e-01 1.70790374e-01
    9.59545255e-01 7.75086284e-01 5.92795908e-01 5.92386961e-01
    7.50025749e-01 6.02696180e-01 6.89060450e-01 7.69929111e-01
    2.01694548e-01 3.08774561e-01 1.02834672e-01 1.76966250e-01
    5.34326732e-02 5.14598131e-01 4.26286817e-01 4.41148460e-01
    7.08984137e-02 1.02205187e-01 9.91581678e-01 8.32824528e-01
    6.09601140e-01 4.50200617e-01 6.23199940e-01 3.62169981e-01
    2.67350256e-01 3.74302030e-01 9.64585900e-01 1.31728232e-01
    1.86883032e-01 2.10289717e-01 9.41959381e-01 9.48962569e-01
    2.77855396e-01 5.74460745e-01 2.11416483e-01 1.92158788e-01
    7.24292457e-01 3.82934213e-02 8.36619914e-01 7.26100326e-01
    6.46332502e-01 5.16101658e-01 6.53471053e-01 5.98768115e-01
    9.04670238e-01 6.50393605e-01 1.86389685e-01 6.20722115e-01
    4.27663922e-02 9.73651767e-01 6.15098596e-01 9.94169474e-01
    3.21789056e-01 7.34091640e-01 1.61914676e-01 1.67605639e-01
    8.35394979e-01 5.92378616e-01 8.97291720e-01 7.70067573e-02
    7.44752407e-01 3.57078940e-01 1.24870330e-01 4.01712835e-01
    5.62593222e-01 6.49253309e-01 1.65658593e-01 9.53970373e-01
    9.41842556e-01 5.79707503e-01 9.56010342e-01 3.82393181e-01
    2.32782632e-01 2.33575225e-01 8.88745844e-01 8.45559478e-01
    1.65235996e-02 5.61386347e-03 7.96418965e-01 3.50423932e-01
    7.65651286e-01 8.31945837e-02 4.51444209e-01 5.66707551e-01
    8.52932930e-01 8.02382827e-01 4.77351844e-01 1.66790783e-01
    3.76049727e-01 8.94288003e-01 5.46420932e-01 9.45719481e-01
    2.51840651e-01 5.71103632e-01 2.42835402e-01 2.15213120e-01
    6.24671280e-01 8.73886764e-01 3.37467551e-01 1.20957494e-01
    6.19890571e-01 4.60735977e-01 9.81728137e-01 2.74668276e-01
    2.52195537e-01 1.89289391e-01 9.68581438e-01 1.46550268e-01
    4.64828610e-01 9.42976952e-01 4.01963174e-01 9.65675950e-01
    4.77300614e-01 1.44609183e-01 7.28027165e-01 8.62360001e-04
    8.28177810e-01 6.75895512e-01 8.39760303e-01 8.50019813e-01
    1.68476403e-01 9.17030513e-01 2.92287856e-01 5.91303349e-01
    1.20796472e-01 5.04978001e-01 8.23580921e-02 4.61315840e-01
    8.61427903e-01 9.42679405e-01 4.11453992e-01 3.74023497e-01
    3.79429638e-01 6.87601089e-01 6.79960310e-01 6.14643335e-01
    6.21100128e-01 3.48126769e-01 2.07090080e-02 5.84227681e-01
    8.54940891e-01 7.43131816e-01 9.48411584e-01 1.62172616e-01
    6.44331932e-01 4.45679694e-01 9.18389916e-01 8.72595847e-01
    3.57327938e-01 7.39051819e-01 7.50512838e-01 9.61391389e-01
    8.94401789e-01 3.28439176e-02 1.90050125e-01 1.50035113e-01
    7.88816571e-01 5.56970119e-01 1.22872770e-01 2.43587047e-01
    5.05809665e-01 7.91260779e-01 4.36814785e-01 5.10388494e-01
    9.00621533e-01 2.36286879e-01 4.09134269e-01 1.83630645e-01
    5.75863063e-01 9.17763829e-01 7.30309725e-01 6.30701184e-01
    5.39094985e-01 9.63410378e-01 7.22892344e-01 8.49697769e-01
    1.23716325e-01 2.42594063e-01 5.31693876e-01 8.27279091e-02
    4.80357945e-01 1.77792549e-01 2.39714563e-01 1.80557817e-01
    9.92807627e-01 5.56232214e-01 6.69045150e-01 8.83714795e-01
    5.83279133e-01 7.94244766e-01 6.60851657e-01 4.06194925e-02
    9.82863903e-01 3.13682854e-01 6.63716674e-01 1.10334903e-01
    4.89051014e-01 3.95787328e-01 6.70392394e-01 7.39526391e-01
    1.53062433e-01 2.51350403e-02 6.40954077e-01 2.60803908e-01
    3.73574615e-01 7.32988834e-01 3.89777243e-01 1.58729076e-01
    7.96945333e-01 4.92702723e-01 2.19802886e-01 2.25803375e-01
    6.63285434e-01 6.96706176e-01 5.92637897e-01 6.03478909e-01
    4.80534136e-01 5.74106574e-01 9.91173744e-01 3.82558227e-01
    8.23799133e-01 6.08468056e-01 2.92016327e-01 1.75579876e-01
    9.87898707e-02 9.65806246e-01 5.37276983e-01 3.59836221e-01
    4.61187631e-01 6.24405026e-01 7.54193783e-01 8.14697385e-01
    7.41751492e-02 9.12114680e-02 8.65511298e-01 1.71694070e-01
    8.16903830e-01 4.41468835e-01 2.68485308e-01 9.23009634e-01
    7.17346191e-01 3.85073245e-01 7.06056476e-01 4.11474705e-03
    9.83517468e-01 2.38074362e-02 5.38177907e-01 3.31877202e-01
    6.80036902e-01 3.51892740e-01 2.57504463e-01 3.94925773e-02
    4.60417986e-01 6.28776312e-01 3.96479845e-01 7.85882592e-01
    3.22364718e-01 5.16215563e-02 9.64045763e-01 4.16960180e-01
    4.35663193e-01 5.20759523e-02 6.61425710e-01 6.10678434e-01
    3.46740186e-01 3.81762981e-02 8.66176903e-01 6.11450255e-01
    2.66522527e-01 2.43660361e-01 9.85902429e-01 2.82604992e-01
    9.22497988e-01 4.13143456e-01 1.67454034e-01 7.21079111e-01
    5.66706181e-01 1.15992576e-01 2.09780544e-01 4.02960777e-01
    7.82395005e-01 5.85329115e-01 1.75911188e-01 3.60978365e-01
    4.82338667e-02 8.54423761e-01 8.88565481e-02 9.66573000e-01
    5.04613996e-01 4.76833671e-01 5.66528261e-01 2.90455699e-01
    3.69297504e-01 8.19081485e-01 1.86026305e-01 2.00059831e-01
    3.84329528e-01 2.87507057e-01 7.20030427e-01 3.17342043e-01
    3.31361890e-02 3.67740631e-01 7.98066556e-01 4.22686130e-01
    8.13185275e-01 7.78463066e-01 9.25503492e-01 5.50090611e-01
    4.53306049e-01 9.06695485e-01 3.60335171e-01 7.93136001e-01
    5.01085401e-01 1.86836034e-01 9.68552411e-01 9.82508302e-01
    9.38034654e-02 2.80264199e-01 1.75748646e-01 1.80855334e-01
    8.82585824e-01 9.52999473e-01 7.36883044e-01 6.74358249e-01
    9.83527482e-01 4.85371411e-01 2.41864622e-02 4.54633623e-01
    5.14775932e-01 9.93654132e-01 3.64723086e-01 3.27730656e-01
    2.84301788e-01 9.47013259e-01 9.66632307e-01 7.98580050e-01
    5.73131442e-01 8.46586227e-02 4.54076469e-01 8.42397571e-01
    7.20669329e-02 9.36075568e-01 8.59426856e-01 2.51245499e-02
    1.99989378e-02 9.14434969e-01 8.22654605e-01 3.72751176e-01
    8.85759234e-01 6.01206899e-01 1.03768975e-01 3.36612493e-01
    2.65602738e-01 9.41314578e-01 4.75313514e-01 4.67291415e-01
    4.45725381e-01 1.97741091e-02 9.94308591e-01 4.10217822e-01
    1.30712897e-01 3.39317620e-01 2.03174442e-01 5.81388354e-01
    5.78625798e-01 3.44090939e-01 7.05532432e-02 4.93124783e-01
    4.91035879e-02 1.20408267e-01 6.62499309e-01 2.37435371e-01
    1.85464203e-01 7.48140335e-01 6.00406051e-01 8.12874496e-01
    1.51822716e-01 3.11984658e-01 1.62386149e-01 5.55825949e-01
    3.37732285e-01 4.27518845e-01 8.40997875e-01 5.07274687e-01
    5.87490082e-01 9.53516364e-03 4.23551053e-01 4.38540936e-01
    5.80986738e-01 7.77713478e-01 2.45576859e-01 1.51388437e-01
    8.33214045e-01 1.71192944e-01 6.21536911e-01 5.76605558e-01
    5.15210211e-01 2.24284947e-01 2.12566167e-01 4.47198570e-01
    5.47491372e-01 7.05334067e-01 6.14719272e-01 4.28878784e-01
    9.49697495e-01 7.73817539e-01 2.70316005e-03 5.98857224e-01
    9.57841277e-01 9.68255758e-01 9.14388418e-01 8.48577321e-01
    6.48894846e-01 6.49543703e-01 3.68762314e-01 4.71401364e-01
    5.10869622e-01 5.74503958e-01 3.13032746e-01 2.73624361e-01
    5.66515863e-01 7.43649006e-01 4.39840168e-01 6.66297019e-01
    9.99773204e-01 2.52487540e-01 4.83202815e-01 7.03132629e-01
    5.96544743e-02 9.34109569e-01 5.14079094e-01 6.82007074e-01
    2.27189988e-01 3.30856562e-01 5.13492763e-01 9.21777606e-01
    5.08045137e-01 7.55377769e-01 6.14105105e-01 4.57327962e-01
    3.93754572e-01 8.05056453e-01 3.95139635e-01 5.59828162e-01
    6.09221041e-01 7.85978675e-01 6.28809631e-02 4.53316540e-01
    5.59139848e-01 7.20502377e-01 6.65968359e-01 3.72496903e-01
    9.38228250e-01 6.84671044e-01 4.89864379e-01 4.36320692e-01
    6.03900313e-01 7.42643952e-01 7.59504199e-01 7.14436054e-01
    8.56819868e-01 6.36888623e-01 6.13474607e-01 4.81926322e-01
    5.58547914e-01 4.47544783e-01 2.78138578e-01 3.84393334e-03
    9.99353468e-01 1.56284750e-01 6.27881765e-01 8.04629922e-01
    9.67675924e-01 1.52882934e-01 2.50909179e-01 4.14897621e-01
    4.69791442e-01 7.92502761e-02 3.01587760e-01 7.75044322e-01
    1.27395213e-01 1.12461030e-01 6.77391768e-01 1.04958147e-01
    5.88481903e-01 9.47735608e-01 9.53899622e-01 6.14783645e-01
    6.27035201e-01 6.96270823e-01 5.09729266e-01 3.70085269e-01
    4.13905233e-01 1.18092865e-01 3.10140193e-01 8.39914501e-01
    4.70675856e-01 5.75683415e-01 9.14080679e-01 2.02580571e-01
    9.45636690e-01 4.49356645e-01 5.91529012e-01 4.96202409e-01
    4.49691206e-01 2.66543508e-01 9.74541903e-01 2.92118728e-01
    2.78625548e-01 1.48423851e-01 7.35056400e-01 2.43257076e-01
    6.61857724e-01 7.48069584e-02 7.68288970e-01 4.11602437e-01
    1.64962709e-02 3.29130739e-01 3.66300881e-01 9.11923409e-01
    2.53305078e-01 9.13126230e-01 6.30251527e-01 3.31604362e-01
    1.73889399e-01 1.13558114e-01 7.45808840e-01 9.70289707e-02
    6.47718549e-01 1.93816930e-01 2.09370196e-01 3.58181953e-01
    9.94516551e-01 8.72363567e-01 5.75161636e-01 7.70398140e-01
    1.35337144e-01 8.90547395e-01 9.46180642e-01 7.29128361e-01
    4.29320365e-01 3.80800307e-01 9.09878910e-02 3.04438829e-01
    8.10554981e-01 7.73011446e-02 6.09849513e-01 3.65651608e-01
    7.51367509e-01 1.24032825e-01 5.64214826e-01 7.19356060e-01
    6.06163144e-02 1.56836480e-01 3.08212340e-01 1.62098169e-01
    7.63581276e-01 9.22557294e-01 5.21044374e-01 5.94100714e-01
    6.99306548e-01 8.82930279e-01 3.96468490e-01 2.58605987e-01
    2.79406369e-01 3.17023635e-01 8.69175613e-01 1.29963368e-01
    2.11157292e-01 1.10824406e-01 4.46083277e-01 2.66707301e-01
    9.94478285e-01 7.29754508e-01 6.59844637e-01 5.42768359e-01
    3.96536499e-01 3.24212521e-01 1.00248903e-01 6.55863643e-01
    6.61964715e-02 8.39912772e-01 9.65398371e-01 2.60570198e-01
    5.26293576e-01 6.25965953e-01 3.70062768e-01 4.80374157e-01
    5.31763911e-01 8.88420403e-01 7.86308169e-01 9.74750638e-01
    3.00407767e-01 9.31713700e-01 1.75078422e-01 4.36170518e-01
    3.69089812e-01 7.88538396e-01 1.35112911e-01 6.60517931e-01
    1.86380565e-01 3.23020935e-01 9.30723190e-01 6.90451562e-02
    1.10599995e-02 7.90996134e-01 8.02309513e-01 3.51046085e-01
    3.63516480e-01 9.19105947e-01 8.83468688e-02 1.22624278e-01
    4.03587729e-01 8.57501686e-01 7.50562847e-01 5.40268779e-01
    1.08235180e-02 1.78074449e-01 8.92652035e-01 5.80525637e-01
    3.83328855e-01 6.50296330e-01 8.31793547e-01 6.08968616e-01
    1.53782666e-02 4.37767774e-01 8.30262184e-01 4.83846903e-01
    7.91826725e-01 1.50122225e-01 7.61835217e-01 7.21143544e-01
    3.78093719e-01 7.27983534e-01 2.81933367e-01 3.55467260e-01
    3.17986190e-01 1.21187598e-01 2.36373007e-01 5.93226016e-01
    7.88091063e-01 3.81354153e-01 2.44137377e-01 9.23398852e-01
    6.50355697e-01 4.20957804e-01 5.67919195e-01 8.91520441e-01
    8.94372761e-02 6.00096226e-01 1.84070289e-01 9.59403813e-02
    6.37248576e-01 4.34572518e-01 5.87351203e-01 1.44601583e-01
    5.31324148e-02 9.01987076e-01 2.07333952e-01 8.75520945e-01
    5.22132635e-01 4.68035847e-01 5.59675276e-01 1.17594004e-01
    2.43530571e-01 2.26760358e-01 2.30295628e-01 4.31663692e-01
    1.20253533e-01 7.35507011e-01 6.82853639e-01 5.21121621e-02
    6.22639716e-01 6.49550498e-01 9.34997618e-01 1.53170139e-01
    6.38196349e-01 5.65787792e-01 3.91207278e-01 1.72881693e-01
    7.64782727e-01 2.66371608e-01 7.92357206e-01 5.92480958e-01
    1.75648749e-01 2.25148857e-01 7.00617790e-01 6.72975540e-01
    9.49125409e-01 4.51508462e-02 9.68372464e-01 9.65666533e-01
    3.27596247e-01 2.45970964e-01 7.26856530e-01 7.40603685e-01
    7.85372078e-01 2.52643108e-01 9.79165733e-01 2.33221531e-01
    1.72575355e-01 6.52849138e-01 6.32960975e-01 7.31369019e-01
    7.28080392e-01 6.48134112e-01 7.17245221e-01 8.58741522e-01
    5.77807128e-01 5.76470196e-01 5.56270719e-01 1.83833987e-01
    8.48180652e-01 1.87308103e-01 2.02223659e-03 9.36733603e-01
    4.46520776e-01 2.77413428e-01 6.47917092e-02 2.52191246e-01
    1.59546584e-01 9.61984396e-01 8.03037763e-01 9.02407765e-01
    5.63335299e-01 9.35742259e-01 2.16043472e-01 7.57227540e-02
    1.15384072e-01 7.21918464e-01 5.31608939e-01 8.30255747e-01
    4.10218656e-01 3.14962924e-01 3.69170249e-01 5.72308660e-01
    5.76550007e-01 9.73525047e-01 4.82297391e-01 7.06190407e-01
    7.41970122e-01 7.71395564e-01 1.41221404e-01 2.18858063e-01
    8.83328557e-01 5.43409586e-01 7.29300380e-02 3.92014354e-01
    9.33080196e-01 6.07092321e-01 1.24936104e-01 5.65963984e-02
    3.58016431e-01 9.46285129e-02 5.15724719e-02 5.38356304e-01
    4.40465182e-01 5.79683423e-01 8.61368895e-01 5.03919065e-01
    2.17407703e-01 4.44429994e-01 4.27313983e-01 8.64962339e-01
    1.52071089e-01 2.83803165e-01 5.56456387e-01 8.90678346e-01
    9.15359676e-01 5.85785508e-01 6.93360865e-02 9.94145513e-01
    1.93456084e-01 3.95430773e-01 5.15672743e-01 1.91924572e-01
    7.83743143e-01 8.06667209e-01 4.36254114e-01 5.18058956e-01
    7.88161457e-01 1.51884049e-01 1.65714234e-01 4.28534180e-01
    4.70034510e-01 5.23365796e-01 7.16079295e-01 8.21533084e-01
    9.43198800e-01 6.08766198e-01 8.63268495e-01 8.24859619e-01
    5.22076845e-01 6.91610932e-01 9.80798423e-01 5.34614921e-02
    4.20397818e-02 7.83249855e-01 7.81442285e-01 5.74776113e-01
    9.90944505e-01 9.43761468e-01 3.42285573e-01 4.77552593e-01
    8.04898739e-01 1.30627126e-01 2.34882236e-02 5.42923689e-01
    3.69767606e-01 2.00156450e-01 2.03373432e-02 3.46554339e-01
    7.05305159e-01 9.99683499e-01 8.23384523e-03 2.29432881e-01
    7.77147293e-01 9.98615146e-01 3.98159713e-01 5.20421147e-01
    3.78766060e-02 3.79656374e-01 6.16989732e-01 3.37680042e-01
    3.39278609e-01 5.89353800e-01 5.38756311e-01 2.14262009e-01
    3.12676430e-02 1.89210624e-01 5.44381082e-01 8.10347557e-01
    5.18889010e-01 4.18816268e-01 2.82892287e-02 7.22832143e-01
    1.12893581e-02 8.14550281e-01 9.93502021e-01 2.24458992e-01
    9.87706542e-01 8.00048113e-01 9.84756410e-01 9.66706276e-01
    8.07443976e-01 8.86788130e-01 9.07116771e-01 5.77374578e-01
    3.61800402e-01 1.02212429e-02 1.87287629e-02 5.00055254e-01
    3.53130579e-01 7.33247638e-01 7.13645577e-01 3.17281187e-02
    6.04450107e-02 6.91662312e-01 2.15564072e-01 3.82574201e-01
    2.17828423e-01 3.49909186e-01 5.83930731e-01 3.32349777e-01
    6.16112530e-01 8.95174801e-01 6.76851213e-01 1.23887122e-01
    5.56061685e-01 6.32328093e-02 2.98054874e-01 7.20628738e-01
    6.38145983e-01 4.35623854e-01 7.26154804e-01 5.39471686e-01
    8.87230039e-03 9.43854868e-01 6.60816014e-01 2.70011008e-01
    9.90520477e-01 3.94468784e-01 1.57761127e-01 5.47433794e-01
    9.34768558e-01 8.99933696e-01 1.03473574e-01 3.43331069e-01
    8.67132664e-01 3.45848382e-01 5.91077864e-01 2.40885705e-01
    5.26374161e-01 6.09718502e-01 3.53430271e-01 7.97359824e-01
    4.05311346e-01 3.24249804e-01 1.05459869e-01 7.34717548e-01
    2.03300208e-01 4.41575885e-01 3.69979054e-01 7.22089708e-01
    3.27255130e-01 2.37090647e-01 9.87128615e-01 5.80971241e-01
    3.55020642e-01 5.48222721e-01 9.67805564e-01 2.97634870e-01
    1.50238901e-01 9.08096790e-01 6.48869634e-01 4.22598451e-01
    4.70548332e-01 7.23007679e-01 4.55084205e-01 2.95955122e-01
    5.63714147e-01 7.33146787e-01 3.65261316e-01 5.21994114e-01
    3.30646455e-01 8.42453241e-01 9.69143867e-01 3.26466560e-01
    6.91908062e-01 1.43588483e-02 8.80537629e-01 2.80191481e-01
    3.11502337e-01 3.62649918e-01 1.97090298e-01 1.44728363e-01
    5.42432249e-01 1.05521441e-01 1.74461275e-01 6.61968470e-01
    1.20690703e-01 1.68875784e-01 4.46009338e-02 9.89362121e-01
    4.06676054e-01 5.82894683e-01 8.51654291e-01 9.50076222e-01
    5.61268330e-01 3.85536581e-01 4.63323504e-01 1.41984344e-01
    9.32574868e-01 5.38466990e-01 6.29208088e-02 6.16088867e-01
    6.98126853e-01 3.36377263e-01 5.77446640e-01 7.99548626e-03
    2.23763734e-01 2.96822309e-01 1.98293328e-01 6.16396606e-01
    1.51939005e-01 5.00905752e-01 4.66052800e-01 2.53627002e-02
    8.25051904e-01 3.97660285e-01 9.72262561e-01 7.58421659e-01
    2.99767017e-01 1.19295686e-01 6.57031655e-01 9.68550980e-01
    1.02937430e-01 7.49625742e-01 2.96387553e-01 3.41825545e-01
    3.47458124e-01 9.04065967e-01 5.23329020e-01 8.79510462e-01
    1.00140870e-02 3.16024423e-02 8.50811958e-01 9.88883913e-01
    9.53318000e-01 5.20751238e-01 1.73247933e-01 2.08269924e-01
    2.80018836e-01 8.67488086e-01 2.05105096e-01 1.74507141e-01
    4.11689103e-01 8.52660775e-01 5.40689468e-01 8.50874186e-03
    4.37617958e-01 3.78337741e-01 5.71066618e-01 4.21121031e-01
    6.18464470e-01 1.96002722e-01 1.65426433e-02 9.40423906e-01
    2.24462152e-03 3.29089940e-01 1.10479474e-01 4.27575260e-01
    8.57596278e-01 7.20233917e-01 8.04520249e-01 4.48093116e-02
    6.88964665e-01 8.61614645e-02 1.04616582e-02 7.39948750e-01
    1.94656074e-01 7.82032311e-01 1.26125813e-02 4.58608538e-01
    1.46261722e-01 2.85042882e-01 8.53246868e-01 9.97715235e-01
    7.68782139e-01 2.00028569e-01 9.88449037e-01 1.31523222e-01
    1.80401742e-01 6.87038362e-01 5.14695466e-01 7.27799833e-02
    8.98204088e-01 2.66680300e-01 8.43898833e-01 4.65371072e-01
    4.98635322e-01 5.17097473e-01 4.29448634e-01 3.85806680e-01
    5.52397370e-02 2.71019042e-02 9.89159226e-01 9.61686432e-01
    6.80223167e-01 6.08353317e-01 2.80358791e-02 3.41257483e-01
    5.92266440e-01 8.21919441e-01 9.17653739e-01 4.29227084e-01
    5.47704935e-01 3.37686121e-01 9.53093171e-01 3.22360098e-01
    7.21555769e-01 5.07668614e-01 7.71087348e-01 8.19944620e-01
    3.26864123e-01 1.94818199e-01 1.09227300e-01 2.48846948e-01
    8.84019494e-01 9.64011192e-01 4.59852964e-01 3.23070586e-01
    2.08588541e-01 2.99811155e-01 8.15123677e-01 9.30233121e-01
    4.66336548e-01 4.39011037e-01 5.43410301e-01 2.79548764e-01
    5.77712834e-01 2.92119384e-02 7.43230939e-01 3.74331236e-01
    1.76448137e-01 1.31670356e-01 8.48111808e-01 2.46507883e-01
    9.00742590e-01 4.11173880e-01 3.50424647e-01 6.33873761e-01
    2.28936136e-01 9.96134877e-01 2.60827541e-01 1.07351720e-01
    9.25383568e-01 2.68543363e-01 1.38219297e-01 8.25885892e-01
    4.48024243e-01 9.98515666e-01 5.55773199e-01 5.95522940e-01
    3.51892292e-01 4.66352999e-02 7.47309625e-01 5.04519463e-01
    1.49722993e-02 2.61782765e-01 5.97739518e-02 1.64058179e-01
    9.15119767e-01 6.99146748e-01 4.23875868e-01 8.22205067e-01
    1.00338340e-01 7.91158557e-01 4.91285890e-01 8.52786064e-01
    5.38997352e-02 2.51053154e-01 6.79917157e-01 8.03520799e-01
    6.45490646e-01 9.04495895e-01 6.02589190e-01 3.29376370e-01
    9.20366704e-01 7.28595614e-01 9.19427752e-01 6.23640597e-01
    6.95148826e-01 8.29477549e-01 9.28548396e-01 9.26555037e-01
    6.99513853e-01 7.98680544e-01 5.65431118e-01 2.42775410e-01
    9.93978262e-01 6.10387444e-01 2.23835200e-01 7.60662258e-01
    8.70331526e-01 6.44552410e-02 2.47198522e-01 7.13597655e-01
    9.14638996e-01 7.73835421e-01 7.10448563e-01 3.78372014e-01
    6.35121107e-01 8.96659493e-03 3.55323613e-01 1.74571007e-01
    4.41452920e-01 3.50710094e-01 2.07953453e-02 4.24223006e-01
    4.90267634e-01 4.17727381e-01 4.17898476e-01 4.63007331e-01
    8.73954415e-01 4.84880954e-01 5.61033070e-01 9.18691754e-02
    2.60076284e-01 6.27452195e-01 8.08627844e-01 2.18439549e-01
    5.79245627e-01 4.12217259e-01 8.16502452e-01 2.12017775e-01
    7.82580376e-01 1.84410632e-01 1.27538055e-01 5.32006323e-01
    1.90269560e-01 6.15055680e-01 4.13844377e-01 7.33339071e-01
    1.40290022e-01 2.27883875e-01 9.34028625e-01 9.14194703e-01
    5.72696328e-03 3.44579726e-01 9.09347892e-01 3.98675740e-01
    7.09790349e-01 2.29742825e-01 3.35725725e-01 6.44877613e-01
    4.38110173e-01 3.24237674e-01 6.90424919e-01 9.80959058e-01
    8.03940654e-01 2.49830276e-01 4.83193338e-01 9.07407165e-01
    3.07420850e-01 9.75212216e-01 2.63272464e-01 5.02985656e-01
    6.88743472e-01 4.21556830e-03 1.22971922e-01 3.87120932e-01
    1.40713006e-01 5.07320762e-01 3.07718456e-01 8.46551359e-01
    6.64300859e-01 1.94031775e-01 4.46341395e-01 1.47794664e-01
    2.99466074e-01 7.31076062e-01 3.05812567e-01 1.65279299e-01
    8.04363191e-01 8.52255702e-01 3.81154656e-01 8.66768062e-02
    5.95358849e-01 4.18887228e-01 3.31733078e-01 9.46398854e-01
    2.74005622e-01 3.20314318e-01 2.78856009e-01 6.02268517e-01
    3.35419536e-01 2.09489346e-01 9.73966956e-01 2.01346546e-01
    1.38251573e-01 5.07926941e-02 1.54755712e-02 5.36229193e-01
    6.37970269e-02 2.58178830e-01 3.13454509e-01 5.12374640e-02
    5.65605462e-02 4.74629283e-01 9.86526608e-01 6.06814146e-01
    9.36829805e-01 7.90547967e-01 5.02726316e-01 8.69508147e-01
    2.14959651e-01 6.86592162e-01 1.61798209e-01 2.10592330e-01
    5.82752585e-01 5.26690125e-01 5.55056095e-01 4.75182801e-01
    1.26657575e-01 4.36343133e-01 7.77122259e-01 4.79054540e-01
    1.68532223e-01 1.40551329e-02 9.75786746e-01 3.07945311e-01
    8.38081717e-01 2.27504253e-01 3.42114627e-01 4.97857422e-01
    6.01664424e-01 5.23027480e-01 3.75366092e-01 1.51545018e-01
    2.06675142e-01 8.25690985e-01 7.55987167e-01 3.12171131e-01
    3.48772973e-01 6.15568399e-01 2.51483798e-01 6.25367165e-01
    6.96371198e-01 8.36264849e-01 4.38692659e-01 1.37176931e-01
    9.64079201e-01 4.02458608e-02 9.54534590e-01 1.64980531e-01
    5.86092353e-01 8.87575984e-01 4.16451216e-01 1.46964192e-03
    5.52062929e-01 9.85278189e-01 3.81903559e-01 9.15825486e-01
    3.66155148e-01 9.34627295e-01 4.52143371e-01 7.18226135e-02
    6.55165792e-01 5.30589938e-01 9.23002601e-01 3.90734047e-01
    8.16057622e-02 1.72164798e-01 1.83846712e-01 1.26719445e-01
    4.46497202e-02 3.70884866e-01 3.70883286e-01 5.20719469e-01
    3.20194960e-02 2.60623425e-01 7.93648243e-01 8.00654531e-01
    6.84566796e-01 6.86375916e-01 6.39477789e-01 1.32705927e-01
    7.29556382e-01 1.47987306e-01 8.35358620e-01 1.72935009e-01
    1.92265809e-01 9.58865166e-01 3.80985081e-01 4.20818359e-01
    5.79310000e-01 4.43786532e-01 9.19553638e-02 9.42234635e-01
    9.17230248e-01 8.57704520e-01 9.11587596e-01 4.77178991e-01
    6.43581390e-01 9.17774439e-02 3.58230472e-02 7.14618683e-01
    6.63252652e-01 6.56880081e-01 5.33110738e-01 6.64844573e-01
    3.61555398e-01 5.59094787e-01 3.49313766e-01 1.62892967e-01
    6.75559640e-01 5.46961546e-01 8.74051452e-01 9.70005631e-01
    4.77313638e-01 4.32857484e-01 2.72925794e-01 6.60992324e-01
    6.12266004e-01 7.87114978e-01 9.78274703e-01 6.70933723e-01
    6.56329513e-01 2.93691218e-01 1.32852882e-01 5.93075752e-01
    9.02216554e-01 4.68962699e-01 7.31898963e-01 2.39453435e-01
    2.94973969e-01 5.26593983e-01 4.12635803e-02 6.53633058e-01
    6.72362089e-01 4.34124053e-01 1.57779187e-01 1.53947592e-01
    2.76292384e-01 2.53505260e-01 8.47739935e-01 3.17678362e-01
    2.67332107e-01 9.64392662e-01 2.63750196e-01 8.04703057e-01
    5.18048763e-01 3.77037466e-01 2.68523902e-01 7.61453688e-01
    6.11072004e-01 5.31412423e-01 1.29601598e-01 6.51604056e-01
    6.76649630e-01 1.86204553e-01 7.97137618e-01 8.12449276e-01
    5.04809082e-01 9.18124795e-01 6.72557831e-01 3.98016930e-01
    8.22275519e-01 4.44891155e-02 5.11070549e-01 8.65807891e-01
    8.73797655e-01 8.87069941e-01 7.39257336e-01 1.87832922e-01
    5.73599815e-01 5.08012772e-01 6.33800805e-01 2.20421642e-01
    2.65257657e-01 5.60617387e-01 2.33944416e-01 9.32378888e-01
    1.62724495e-01 7.46921062e-01 9.34560597e-01 2.12953389e-02
    8.10668528e-01 6.99500799e-01 7.91255236e-01 9.91054893e-01
    5.00760138e-01 2.88641512e-01 9.22883093e-01 2.88203239e-01
    3.87407571e-01 6.99444413e-01 3.27542752e-01 3.66673827e-01
    3.59024882e-01 5.01939476e-01 7.86943853e-01 8.80307138e-01
    5.72594762e-01 9.70389962e-01 7.55862594e-02 5.59637070e-01
    6.89134836e-01 7.43178666e-01 9.82506514e-01 7.22989976e-01
    6.84741259e-01 5.04216671e-01 8.22917461e-01 2.75581896e-01
    9.96110439e-01 9.97332871e-01 2.19969153e-01 1.48608685e-02
    6.96024537e-01 9.95405555e-01 2.55657136e-01 4.01874989e-01
    2.69782782e-01 7.20571041e-01 9.29122806e-01 3.80342573e-01
    3.95477325e-01 6.21468663e-01 4.06875104e-01 8.61331940e-01
    1.61053866e-01 8.94211113e-01 7.82755315e-02 9.89865303e-01
    5.38758457e-01 1.53030187e-01 4.50865477e-01 4.52108115e-01
    3.26069683e-01 7.57128239e-01 8.01465631e-01 8.51563215e-01
    6.43282413e-01 2.22044677e-01 8.30893695e-01 1.02179259e-01
    7.46521115e-01 7.81640053e-01 1.24723643e-01 6.09677136e-01
    7.64706314e-01 1.39241874e-01 5.51601648e-01 5.74273586e-01
    6.02267265e-01 2.35815167e-01 1.19870842e-01 6.77440703e-01
    9.49963331e-02 6.66016281e-01 3.53129715e-01 1.84115350e-01
    3.77582252e-01 3.87204379e-01 7.62020469e-01 8.11444640e-01
    2.37793297e-01 2.58954227e-01 3.94825429e-01 9.62381005e-01
    8.69185090e-01 9.86913145e-02 8.61537755e-01 7.17680573e-01
    1.78011417e-01 1.88757986e-01 3.14002424e-01 3.04549903e-01
    3.76769245e-01 5.36982536e-01 6.53058171e-01 3.54569852e-02
    8.65547657e-01 1.60664290e-01 8.57071698e-01 1.72974378e-01
    3.03495258e-01 1.48023427e-01 1.06747955e-01 8.24625373e-01
    5.23926914e-01 6.46350980e-01 5.31832039e-01 8.76811445e-01
    6.03623390e-02 1.12681061e-01 7.67252564e-01 5.79706132e-01
    9.04575586e-02 2.51773715e-01 7.39258707e-01 5.71520865e-01
    4.02494639e-01 7.16536343e-02 7.97687650e-01 4.75586355e-02
    2.85049021e-01 1.09430343e-01 6.80863559e-01 2.61641949e-01
    9.20464396e-01 7.89612055e-01 2.30284244e-01 7.45487690e-01
    4.46437687e-01 8.07501435e-01 1.40038133e-01 3.47176015e-01
    3.90180945e-02 8.21151614e-01 1.60615563e-01 6.37886941e-01
    4.38660800e-01 2.95788467e-01 2.43634880e-01 7.68814981e-01
    6.91147625e-01 5.30104041e-01 5.45447528e-01 1.36222720e-01
    4.94812131e-01 2.56940126e-01 7.91695237e-01 5.33838212e-01
    8.13521385e-01 4.61760551e-01 4.36294526e-01 4.84391093e-01
    7.71921039e-01 1.69832766e-01 9.76513267e-01 9.08946633e-01
    3.80441844e-01 7.32368350e-01 6.47709846e-01 1.42112613e-01
    2.58089125e-01 6.83358788e-01 1.65710390e-01 2.47274846e-01
    5.08555710e-01 5.04834056e-02 3.41084689e-01 1.98846757e-02
    9.88069415e-01 6.87592149e-01 3.12456280e-01 6.73861146e-01
    1.56198561e-01 9.71301675e-01 3.05232495e-01 6.15851104e-01
    7.79309630e-01 4.06913966e-01 8.76790166e-01 3.90836775e-01
    3.89607817e-01 8.59075904e-01 9.87501800e-01 1.64933383e-01
    8.84332001e-01 8.62161160e-01 8.90225768e-02 5.57913840e-01
    2.85835922e-01 4.52807546e-01 4.73865747e-01 7.02571571e-01
    6.44542456e-01 4.51224416e-01 2.48104662e-01 9.70041752e-01
    9.78013873e-03 5.72060168e-01 2.35049129e-02 6.62437260e-01
    9.93020415e-01 9.45636749e-01 3.43669236e-01 9.84708011e-01
    4.39968139e-01 6.88947380e-01 6.67252719e-01 4.30880457e-01
    6.78273082e-01 4.13923204e-01 4.94472116e-01 6.40410304e-01
    3.89859259e-01 6.52256370e-01 7.71622062e-02 8.05979371e-01
    1.83791757e-01 5.70692718e-01 9.74895239e-01 3.01119745e-01
    6.33740425e-01 5.62028050e-01 6.55999243e-01 2.97143042e-01
    6.74263239e-01 1.17718101e-01 9.60372090e-01 8.36161613e-01
    3.63715410e-01 9.52134371e-01 9.68954861e-02 2.46293634e-01
    8.53396416e-01 3.50409985e-01 6.68693841e-01 7.54028916e-01
    4.99787390e-01 9.62713182e-01 2.65117794e-01 3.51182818e-02
    7.48015761e-01 8.41773868e-01 8.69641781e-01 3.69242609e-01
    4.59021151e-01 5.49490750e-02 4.54902351e-02 2.06214011e-01
    2.49493927e-01 9.71571445e-01 9.03029859e-01 9.19899404e-01
    9.08897221e-02 2.64095604e-01 2.19436079e-01 6.68452084e-01
    8.87036622e-01 4.00831401e-01 4.18614924e-01 5.04898846e-01
    8.25643539e-01 3.72246683e-01 2.83358663e-01 1.56704485e-02
    3.66754889e-01 5.84032238e-01 7.79683828e-01 7.50523508e-01
    3.50361228e-01 9.96455431e-01 2.69960880e-01 1.70399845e-01
    2.61964023e-01 1.17299080e-01 1.38573021e-01 6.65598631e-01
    1.55511558e-01 7.05723643e-01 4.88484502e-01 6.66548014e-02
    7.27505863e-01 7.34960318e-01 6.03696167e-01 2.29496658e-01
    1.70760036e-01 3.79072368e-01 2.57480919e-01 7.46412158e-01
    7.01017976e-02 8.24073374e-01 3.85844707e-01 5.29678047e-01
    7.16065764e-02 9.52374101e-01 7.11089253e-01 5.70089281e-01
    4.92620587e-01 1.62899017e-01 1.87357455e-01 1.14145994e-01
    6.74002945e-01 7.42895186e-01 8.14191341e-01 8.11550260e-01
    5.32248199e-01 4.80435371e-01 9.50391054e-01 3.80493850e-01
    1.71952039e-01 9.18966413e-01 1.96120828e-01 6.63304150e-01
    9.63643432e-01 9.16856587e-01 9.47095692e-01 6.22020006e-01
    8.03869069e-01 4.68298793e-01 2.92934299e-01 5.87439418e-01
    8.23992550e-01 4.38009739e-01 7.66749501e-01 4.74665523e-01
    9.74762678e-01 5.62835097e-01 1.35138035e-02 4.19047475e-03
    9.83569145e-01 8.21856856e-01 6.73950076e-01 3.48659843e-01
    7.08670139e-01 6.01991236e-01 4.99570966e-01 4.90438014e-01
    9.96376395e-01 2.31688946e-01 6.45904541e-01 2.00719118e-01
    8.01459432e-01 5.91369987e-01 6.53555453e-01 8.24811697e-01
    5.18202484e-01 9.42133427e-01 3.45568299e-01 2.59587526e-01
    8.46524596e-01 8.29432905e-02 9.59106207e-01 6.25081718e-01
    9.04541969e-01 4.69300956e-01 3.16963911e-01 8.30676734e-01
    8.51581573e-01 1.18974358e-01 1.10165179e-01 3.90856385e-01
    7.77792871e-01 4.47727859e-01 8.56648147e-01 6.36008918e-01
    7.27087796e-01 2.23782212e-01 1.17075056e-01 5.09232759e-01
    2.58393168e-01 3.77125353e-01 1.71487451e-01 1.72106355e-01
    6.14132702e-01 8.05805326e-02 5.50426245e-01 8.04014564e-01
    2.83781022e-01 7.20223188e-01 3.75692129e-01 8.94683719e-01
    5.73802173e-01 7.78696299e-01 6.36174679e-01 7.58386254e-01
    2.29807198e-02 4.03712869e-01 9.70227718e-01 4.76858795e-01
    4.14485782e-01 9.23618376e-01 1.96874231e-01 6.66464925e-01
    9.00622010e-01 6.37682617e-01 1.03673339e-03 9.87098634e-01
    4.11087930e-01 4.77984905e-01 6.30641639e-01 8.48205209e-01
    9.66941953e-01 3.72621179e-01 2.44179606e-01 7.96622992e-01
    6.78654671e-01 9.35583413e-01 9.46496189e-01 6.83671951e-01
    8.98505449e-01 4.47621584e-01 1.91890419e-01 2.65401900e-01
    9.21336353e-01 3.72587740e-02 4.00850713e-01 7.58682013e-01
    7.08778262e-01 2.13567525e-01 7.11402237e-01 4.24348652e-01
    2.91590810e-01 1.95104331e-01 4.30784941e-01 8.58759165e-01
    3.77776444e-01 1.92639768e-01 9.64839637e-01 5.54330587e-01
    2.21330225e-02 8.89806747e-01 3.38021815e-01 6.92176521e-02
    2.77624518e-01 8.95397782e-01 9.72570479e-01 6.71169400e-01
    1.96977407e-01 2.98402369e-01 5.66301346e-01 7.30923116e-01
    4.51818705e-01 5.01143694e-01 7.67910123e-01 2.03284472e-01
    2.58134067e-01 3.45974326e-01 7.34905183e-01 5.03956199e-01
    5.02745926e-01 1.43141806e-01 9.67375636e-01 6.24032915e-01
    9.96346414e-01 6.62522793e-01 2.79142976e-01 5.44366717e-01
    4.67021972e-01 1.55875802e-01 1.43251806e-01 4.95126367e-01
    2.75080085e-01 3.92860115e-01 3.09132040e-01 5.71540952e-01
    4.56546307e-01 4.73600447e-01 9.19988453e-01 3.54689538e-01
    3.11590970e-01 9.88873720e-01 3.30235779e-01 9.64534640e-01
    7.79989362e-01 7.26859272e-02 2.54466474e-01 5.31322777e-01
    6.27520442e-01 6.64475560e-03 2.32946068e-01 9.52768862e-01
    1.51581436e-01 7.19448328e-01 3.21034551e-01 1.29942805e-01
    8.31943035e-01 3.70173097e-01 7.83590853e-01 8.90580416e-01
    9.87545729e-01 6.17774844e-01 6.81935191e-01 7.82141984e-02
    3.62568885e-01 7.15308785e-01 2.69540846e-02 2.24975049e-02
    5.12383759e-01 9.53294277e-01 9.97096777e-01 5.31207323e-02
    4.68634605e-01 8.45180869e-01 8.21721613e-01 6.05624497e-01
    8.58443022e-01 2.84870565e-01 1.41863286e-01 1.45717084e-01
    2.73528218e-01 2.62390196e-01 6.54045939e-01 7.13950157e-01
    1.57739848e-01 9.15841579e-01 4.24076200e-01 5.07845521e-01
    9.78476107e-01 6.30003750e-01 1.32081509e-01 8.32888484e-02
    6.96859837e-01 5.43157458e-02 6.22771442e-01 1.32543385e-01
    9.19907987e-01 7.57256329e-01 2.21443176e-02 9.79089737e-02
    4.63222206e-01 7.54931152e-01 6.91254973e-01 9.35038090e-01
    4.08232063e-01 6.25925660e-01 1.80118620e-01 8.30232263e-01
    7.50603318e-01 2.15641528e-01 8.25883150e-02 4.93689686e-01
    3.73447478e-01 8.77327144e-01 2.15224147e-01 1.38383776e-01
    7.97823071e-01 9.49306726e-01 7.78208017e-01 1.14301443e-02
    1.46750510e-02 6.98433816e-02 4.42803383e-01 8.41863751e-01
    5.72959542e-01 3.05118710e-01 7.93953776e-01 1.32767081e-01
    1.96598321e-01 2.52985388e-01 8.53040814e-03 2.23597169e-01
    3.04697543e-01 5.45369506e-01 7.71122992e-01 6.21445656e-01
    3.50381315e-01 9.53437805e-01 6.53474510e-01 8.96752596e-01
    8.80440831e-01 6.59334004e-01 3.94577265e-01 1.13580972e-01
    4.00175035e-01 8.61665368e-01 3.12628210e-01 1.50036246e-01
    3.41326594e-02 6.64657831e-01 8.86198878e-03 4.41570431e-01
    7.07271338e-01 2.29181737e-01 6.25065148e-01 9.07631338e-01
    2.31028765e-01 6.03384852e-01 2.53818005e-01 7.72811532e-01
    6.46957755e-01 4.83251482e-01 9.84570503e-01 5.00077009e-01
    7.24098682e-01 9.45843816e-01 1.67020410e-01 3.67096543e-01
    7.00304866e-01 1.59100920e-01 5.68335474e-01 2.47126848e-01
    7.31795847e-01 9.68568385e-01 2.32489645e-01 3.35668027e-02
    3.48462582e-01 8.50355625e-01 8.51185501e-01 4.34988856e-01
    4.36629385e-01 5.93978405e-01 4.10926133e-01 1.25170618e-01
    8.56130481e-01 8.12187195e-01 5.42822540e-01 5.24995923e-01
    9.59509671e-01 5.74284971e-01 7.83916116e-02 8.60016227e-01
    8.45765471e-01 8.93791676e-01 4.67904299e-01 6.98849320e-01
    8.63377750e-01 7.12219954e-01 7.33028531e-01 7.76492357e-01
    7.10072637e-01 7.64038324e-01 2.40232080e-01 3.34110558e-02
    1.83832824e-01 5.42472780e-01 5.74048638e-01 5.86514354e-01
    8.13944995e-01 1.22876197e-01 6.70835614e-01 3.60576779e-01
    8.98038268e-01 2.24889100e-01 9.64264274e-02 9.81503904e-01
    1.89913779e-01 6.79510832e-02 6.81888103e-01 1.47761226e-01
    9.26992953e-01 8.85413647e-01 7.35714793e-01 6.08040869e-01
    9.51578498e-01 9.00701642e-01 8.38867307e-01 8.16790164e-02
    9.73128498e-01 9.59117711e-01 4.25478607e-01 2.90971249e-01
    6.77690983e-01 3.20900917e-01 3.83074969e-01 8.46311569e-01
    7.12109208e-01 1.82595193e-01 1.42412364e-01 4.27170992e-02
    5.88437796e-01 3.86491477e-01 2.73309886e-01 3.67468268e-01
    2.20298767e-02 8.02246571e-01 2.88607299e-01 6.32408082e-01
    9.88835454e-01 3.15555871e-01 9.23439384e-01 1.78497642e-01
    1.51534081e-02 3.53889108e-01 2.24599421e-01 3.60034019e-01
    4.70997691e-01 6.30058587e-01 1.00757807e-01 6.22110665e-02
    8.97401452e-01 3.39064360e-01 5.41731715e-02 1.26530975e-01
    4.46909755e-01 1.19492799e-01 9.62452352e-01 7.41736829e-01
    5.63620210e-01 7.26687074e-01 5.97582161e-01 6.82485282e-01
    5.97874224e-01 5.33666611e-02 6.08743608e-01 1.29821420e-01
    7.42294669e-01 3.18520665e-02 5.29847503e-01 1.82056606e-01
    1.54289514e-01 6.56108081e-01 1.50219202e-01 9.06797767e-01
    8.65700245e-01 7.17575252e-01 3.60576838e-01 5.23410380e-01
    7.56549776e-01 8.91778350e-01 3.58219743e-01 8.18836987e-01
    9.21668410e-01 7.53882825e-02 5.17122746e-01 6.27543032e-02
    6.08757973e-01 6.88586950e-01 3.52389008e-01 1.57854617e-01
    2.08128482e-01 7.28789747e-01 2.83788741e-01 1.42796934e-02
    3.32939327e-01 4.58211035e-01 2.10987180e-01 9.17975843e-01
    8.96036267e-01 3.26929271e-01 9.31784153e-01 9.86323118e-01
    2.73196518e-01 5.79862773e-01 8.94590557e-01 2.83374459e-01
    2.28360713e-01 8.51943791e-01 4.98815656e-01 1.73538446e-01
    5.88976741e-01 2.10716069e-01 5.99610031e-01 1.34393334e-01
    5.40905416e-01 7.21234739e-01 2.72665501e-01 4.07487154e-01
    1.15252197e-01 7.32455969e-01 3.70518923e-01 6.86142206e-01
    1.69700801e-01 1.19228214e-01 7.26607203e-01 7.07100153e-01
    5.69827735e-01 4.18780774e-01 2.96485096e-01 5.60972989e-01
    2.05446482e-02 5.63688755e-01 8.61222744e-01 3.36759388e-01
    3.42353344e-01 3.84160310e-01 5.35558164e-01 3.71136039e-01
    1.19907558e-02 1.03710443e-01 7.97523737e-01 9.59686458e-01
    2.05942392e-01 7.98839331e-01 1.28391862e-01 3.53467464e-02
    5.62798738e-01 6.11278236e-01 8.96535337e-01 1.65927410e-02
    9.42360401e-01 3.76801997e-01 7.28546917e-01 5.82255363e-01
    4.45094943e-01 2.14197338e-01 5.62935054e-01 8.82209837e-02
    8.34882855e-01 1.28486246e-01 7.59754300e-01 8.25716734e-01
    9.85117674e-01 6.37508333e-02 2.25587577e-01 5.75112402e-02
    3.06971252e-01 8.88081551e-01 5.12802422e-01 4.86091495e-01
    9.59598422e-02 6.51346147e-01 2.86953032e-01 6.48379624e-02
    7.96572030e-01 1.07997179e-01 1.85045421e-01 4.04371500e-01
    6.79071724e-01 3.80937219e-01 3.53660703e-01 3.31113338e-01
    5.02028048e-01 2.18336076e-01 7.12254405e-01 1.65964544e-01
    6.08629286e-01 1.49652034e-01 5.02488256e-01 1.09575689e-02
    7.61408925e-01 6.85192347e-01 7.20687628e-01 8.24288368e-01
    2.81259358e-01 1.07271403e-01 9.04496312e-01 2.06244141e-01
    6.38470113e-01 9.58380342e-01 1.31332159e-01 3.60672712e-01
    9.53627586e-01 8.85584712e-01 6.89955890e-01 3.91034186e-01
    7.30989099e-01 9.56597507e-01 5.34869075e-01 3.32938164e-01
    6.21266842e-01 6.54989958e-01 5.35225570e-01 3.91061485e-01
    1.65715724e-01 6.38613224e-01 5.58772981e-02 6.27359390e-01
    2.08807975e-01 1.22285366e-01 4.25915956e-01 9.47141171e-01
    2.52903640e-01 8.69037211e-02 5.87622523e-01 4.48353946e-01
    4.25956368e-01 6.55645728e-01 8.31449389e-01 9.13466394e-01
    8.45799506e-01 5.09087801e-01 9.32678878e-02 1.47785664e-01
    1.77061856e-01 9.82843041e-01 7.83587456e-01 3.68542612e-01
    9.27477121e-01 4.22928572e-01 9.80360508e-01 6.78631067e-02
    4.53690886e-02 2.22088397e-02 8.65250289e-01 8.75678658e-02
    5.73335171e-01 5.55534780e-01 9.64641571e-02 7.33920217e-01
    9.82944489e-01 1.44918203e-01 1.98850989e-01 5.77299118e-01
    2.37378538e-01 3.74234557e-01 7.38216281e-01 8.67611766e-02
    2.42737055e-01 7.48768747e-02 3.77858818e-01 6.23226702e-01
    2.26389796e-01 3.29267263e-01 4.64079589e-01 5.33791363e-01
    9.38889027e-01 1.21511012e-01 6.45847499e-01 2.85335541e-01
    1.68542266e-02 8.65201116e-01 7.19433427e-01 9.57049251e-01
    7.22682953e-01 8.22915018e-01 6.71410799e-01 3.66774380e-01
    3.68435621e-01 6.79363549e-01 2.24324107e-01 2.31911480e-01
    6.33201241e-01 5.09645522e-01 5.74026465e-01 7.80748010e-01
    5.08833766e-01 3.14529240e-01 3.14356506e-01 2.16538310e-02
    4.31318402e-01 1.50020361e-01 4.66668695e-01 7.63259351e-01
    2.33921736e-01 3.09538782e-01 3.45582068e-01 7.49377131e-01
    3.77694011e-01 7.12138832e-01 2.40075290e-01 2.42845118e-02
    1.93824381e-01 9.20833230e-01 4.82091010e-01 1.71484977e-01
    9.06771064e-01 6.23515129e-01 1.41310900e-01 1.57140434e-01
    5.04233599e-01 1.72855377e-01 4.13183868e-02 5.29798985e-01
    7.01359391e-01 9.45941091e-01 2.10666567e-01 4.31639075e-01
    5.37539959e-01 9.39841628e-01 8.67865443e-01 7.32811868e-01
    4.56074178e-01 4.73517507e-01 9.82208252e-01 7.16118038e-01
    8.72416794e-02 2.29512781e-01 7.06318498e-01 9.02740717e-01
    7.12017179e-01 9.02961493e-01 9.36518490e-01 5.29486120e-01
    1.33913100e-01 6.40823901e-01 1.40796393e-01 1.82971328e-01
    1.00267231e-02 9.09642696e-01 7.64709830e-01 7.66939402e-01
    2.30924875e-01 4.35919821e-01 8.74958396e-01 5.60982227e-02
    3.30473632e-01 5.49579263e-01 1.57815337e-01 2.88240165e-01
    4.00846064e-01 3.85379851e-01 4.72763091e-01 8.86749625e-01
    9.95159864e-01 5.71341515e-01 8.79180491e-01 1.94348752e-01
    8.11600208e-01 7.00022042e-01 8.57329011e-01 3.01138580e-01
    1.22958064e-01 4.70291138e-01 4.42306995e-01 8.13968778e-01
    5.33016324e-02 6.51661217e-01 1.73614830e-01 8.61261129e-01
    2.59339631e-01 5.56878686e-01 8.44645143e-01 6.76119924e-01
    9.35676992e-01 7.44400620e-01 8.25903773e-01 1.93536043e-01
    7.27456689e-01 4.89714622e-01 4.91464287e-01 8.25166821e-01
    7.14542985e-01 5.78713059e-01 1.48580462e-01 7.89801836e-01
    6.41336501e-01 6.10720813e-02 4.23503995e-01 7.61466265e-01
    9.13154900e-01 4.00706172e-01 4.35884416e-01 8.33795071e-02
    6.26895607e-01 4.40874487e-01 3.32237661e-01 4.29619193e-01
    6.05984926e-02 8.42511356e-02 8.52499306e-02 7.69026756e-01
    3.67516518e-01 9.40958619e-01 5.96477389e-02 2.75552839e-01
    6.08431458e-01 7.26248443e-01 6.66168690e-01 4.56561238e-01
    4.10045564e-01 3.02107304e-01 9.81784105e-01 6.19235218e-01
    5.17501295e-01 8.25776398e-01 2.06424356e-01 7.11892366e-01
    4.13828611e-01 7.60356605e-01 6.39800727e-01 6.05018258e-01
    6.88268006e-01 6.56183124e-01 5.87047815e-01 6.53208017e-01
    7.43919969e-01 9.57057834e-01 7.35321641e-01 1.45387053e-01
    9.81448531e-01 3.06993723e-03 4.36692119e-01 4.75870341e-01
    8.60614061e-01 2.81719834e-01 9.83712494e-01 3.97893012e-01
    8.27412605e-02 2.67695427e-01 6.19632900e-01 6.04444802e-01
    7.94442236e-01 9.05780911e-01 1.33037269e-01 3.01256478e-02
    4.57542747e-01 9.22544718e-01 4.04920429e-01 9.54435766e-01
    9.88909960e-01 1.39381975e-01 6.42022014e-01 2.52856672e-01
    9.19905543e-01 5.65689504e-02 8.35615635e-01 6.92994416e-01
    4.47051108e-01 4.56761718e-02 2.33064234e-01 5.05405903e-01
    9.58589911e-01 3.39763999e-01 9.56179142e-01 7.86932111e-01
    7.86210775e-01 2.88485348e-01 6.23420835e-01 2.55319059e-01
    4.77425754e-02 2.89986134e-01 9.28131580e-01 4.76577699e-01
    9.41856921e-01 9.12035346e-01 8.09551179e-01 2.33783931e-01
    8.29845726e-01 1.76621974e-01 5.00627041e-01 8.08962047e-01
    1.13672376e-01 7.76771903e-01 8.58616948e-01 8.08041096e-01
    1.12168968e-01 7.37977386e-01 4.58870918e-01 8.67287099e-01
    3.96033019e-01 6.95127785e-01 5.40659428e-01 3.95954102e-01
    4.89518344e-01 6.56100869e-01 9.37051058e-01 5.81911683e-01
    1.69029653e-01 1.38316900e-01 7.26272464e-01 4.45994645e-01
    4.03723687e-01 7.84706473e-02 6.86362267e-01 9.87473011e-01
    7.18084872e-02 3.40493202e-01 2.35306323e-02 6.73769891e-01
    7.91758299e-04 2.43883163e-01 9.11520958e-01 5.15171230e-01
    3.70476604e-01 4.63264048e-01 6.87184811e-01 2.74857104e-01
    4.40338016e-01 4.82927471e-01 1.36722386e-01 2.58030683e-01
    8.40896964e-01 3.85298938e-01 2.59603262e-01 6.47107303e-01
    7.69531488e-01 6.33884072e-01 1.39235377e-01 4.35131967e-01
    5.49926460e-01 3.44917059e-01 9.68685210e-01 1.09785199e-02
    7.92391896e-01 3.27777505e-01 2.86907971e-01 9.57393289e-01
    6.62152708e-01 7.70618320e-01 3.54960084e-01 8.61985385e-01
    2.39071548e-02 2.40143299e-01 5.09431660e-01 1.50314152e-01
    2.59839803e-01 2.50858456e-01 2.61699021e-01 1.01379275e-01
    2.57433057e-02 4.29798543e-01 7.14544773e-01 2.62744427e-01
    8.06661606e-01 8.47997069e-02 1.26218766e-01 3.71717751e-01
    5.41677117e-01 6.02020860e-01 3.96635324e-01 8.50806832e-01
    1.71970129e-01 7.06176639e-01 8.95401239e-02 1.47258908e-01
    3.87181967e-01 4.69487518e-01 3.63237500e-01 7.56858647e-01
    5.83796144e-01 6.67248368e-01 7.65219271e-01 6.90400004e-01
    3.29662800e-01 5.98638117e-01 2.57401705e-01 7.26899207e-02
    2.74667859e-01 9.41614389e-01 8.14617097e-01 5.91152906e-03
    8.65946949e-01 6.24366701e-01 7.25390851e-01 5.93606651e-01
    5.28847456e-01 6.83890343e-01 7.81337202e-01 6.15755975e-01
    3.37351352e-01 9.81729686e-01 2.60306299e-01 6.33868337e-01
    3.17123532e-03 1.76154882e-01 1.91255242e-01 6.60555065e-02
    1.67022556e-01 3.05930495e-01 2.92752922e-01 3.59748900e-01
    9.96932685e-01 8.78971994e-01 5.46113610e-01 3.40227336e-01
    8.29541326e-01 4.59787518e-01 2.01288819e-01 3.79991293e-01
    1.89557284e-01 3.15753341e-01 7.03877330e-01 2.30792940e-01
    2.79619396e-02 5.17674387e-01 4.17025775e-01 2.80094862e-01
    2.54117906e-01 7.03837276e-02 3.43202055e-02 5.86930752e-01
    2.67495096e-01 5.96768260e-02 8.46715689e-01 2.50355601e-01
    2.14333564e-01 1.21825695e-01 3.87635499e-01 7.73172140e-01
    3.95095348e-01 1.05513245e-01 7.14693844e-01 9.63366151e-01
    3.17027867e-01 7.78597236e-01 5.27933478e-01 9.37981606e-01
    7.91808724e-01 2.44486034e-02 1.72006398e-01 2.68968970e-01
    6.55203462e-02 2.42993206e-01 7.11994469e-01 8.34852457e-01
    5.14067292e-01 6.20538056e-01 2.74532139e-01 5.55900872e-01
    1.76997185e-02 7.37796545e-01 7.38973618e-02 7.80481696e-01
    5.10878146e-01 3.54652703e-02 4.49594945e-01 8.75169396e-01
    2.25542426e-01 8.29353988e-01 1.24831259e-01 6.94382191e-02
    1.82988942e-01 2.27892518e-01 4.54195470e-01 5.68874717e-01
    4.00409400e-02 5.16736090e-01 8.13726187e-01 8.57789159e-01
    1.37724757e-01 4.78305817e-02 9.77961719e-02 1.08379513e-01
    7.09781647e-02 1.65806532e-01 4.94491130e-01 1.72476262e-01
    2.32667714e-01 4.94890809e-01 9.78375912e-01 8.78017962e-01
    7.26423919e-01 1.76100582e-01 4.74559933e-01 1.40685141e-02
    3.74001682e-01 9.44697857e-01 3.47502232e-01 1.42319202e-01
    8.03727508e-01 5.18706560e-01 7.04907060e-01 2.57632554e-01
    6.06020033e-01 9.65085387e-01 2.26815701e-01 1.15719736e-02
    6.55997396e-01 5.93230724e-02 4.46384341e-01 7.18703508e-01
    3.52888227e-01 6.36866689e-02 3.41392159e-02 1.82198614e-01
    5.60806155e-01 9.82546449e-01 7.60705173e-02 8.73243809e-01
    7.09680974e-01 6.06036186e-01 7.17705607e-01 6.19501531e-01
    9.85035658e-01 6.97758973e-01 8.12881291e-02 9.21126246e-01
    3.22424233e-01 3.24812174e-01 2.68786967e-01 6.66074216e-01
    8.91524494e-01 2.10897624e-02 1.14521563e-01 3.98449153e-01
    6.38471961e-01 6.41493320e-01 4.55842793e-01 2.43719161e-01
    4.01505947e-01 9.07894731e-01 6.03876293e-01 9.92512584e-01
    4.17004287e-01 3.90118480e-01 5.11875927e-01 4.73876417e-01
    1.10087246e-01 8.09153199e-01 4.56802249e-02 3.60105157e-01
    3.88729036e-01 6.59132600e-01 6.23968780e-01 9.37376559e-01
    5.32479286e-02 4.66609925e-01 9.54879880e-01 4.42533731e-01
    6.25412583e-01 9.79243279e-01 9.69690204e-01 3.41348231e-01
    2.73989737e-01 5.05268335e-01 7.11050034e-01 3.07978630e-01
    2.94030368e-01 2.44685024e-01 7.47431219e-02 6.64023161e-01
    2.18787879e-01 9.87532496e-01 6.99870467e-01 2.76988387e-01
    4.28811640e-01 7.55765200e-01 4.56079215e-01 4.48678195e-01
    8.14502776e-01 5.61012149e-01 8.06329608e-01 4.83579546e-01
    4.71657306e-01 8.98500204e-01 9.64258671e-01 7.39690661e-01
    3.54127288e-01 3.25689852e-01 2.24762440e-01 1.08979911e-01
    6.52702272e-01 3.81138533e-01 2.82087892e-01 5.54638207e-02
    9.77755427e-01 8.52581859e-01 8.94573689e-01 7.75786042e-01
    5.01607358e-01 7.76471674e-01 2.23137736e-02 8.75096679e-01
    4.29646045e-01 6.78145766e-01 9.49138403e-01 1.52517408e-01
    3.10953379e-01 1.32885873e-01 3.85283172e-01 2.34936655e-01
    2.17599064e-01 7.25660682e-01 4.08331156e-01 3.08407366e-01
    8.13691974e-01 4.40338135e-01 3.18958163e-01 9.27286565e-01
    4.20378804e-01 5.60644269e-02 5.27259111e-01 5.93815267e-01
    3.48441422e-01 7.67756045e-01 3.87373924e-01 9.08282518e-01
    1.80314034e-01 8.76920104e-01 1.08017385e-01 6.55285776e-01
    8.74022126e-01 7.50485361e-02 3.24316323e-02 6.81675434e-01
    6.93755746e-01 7.13075340e-01 3.12141776e-01 8.46907377e-01
    8.23697031e-01 4.58542168e-01 4.66916800e-01 2.16056705e-02
    6.03958845e-01 2.44966447e-01 4.73752290e-01 9.27873552e-02
    7.10303426e-01 3.46949100e-01 4.45100516e-01 8.02634835e-01
    2.28211790e-01 8.05987716e-01 9.01442707e-01 7.87134767e-02
    1.23620689e-01 8.79010558e-01 6.58066571e-01 6.85251176e-01
    4.89765346e-01 3.74342680e-01 1.37700945e-01 5.99606752e-01
    2.07060814e-01 5.38863897e-01 3.43211561e-01 7.20917642e-01
    5.19710422e-01 7.84773707e-01 7.54807174e-01 5.01550317e-01
    6.18482292e-01 4.55288261e-01 7.79348373e-01 1.14090145e-02
    4.82082695e-01 2.02949762e-01 1.60262793e-01 1.65122420e-01
    9.68953609e-01 4.09450561e-01 7.80248165e-01 6.02220356e-01
    7.87098289e-01 9.53881741e-02 2.85138309e-01 7.93502152e-01
    4.02235955e-01 1.66552067e-01 5.56474209e-01 2.00532198e-01
    1.15803778e-02 3.61113310e-01 9.84669507e-01 4.73125219e-01
    6.10166311e-01 2.53741056e-01 3.93921435e-01 7.48122573e-01
    7.77347445e-01 1.70385569e-01 4.83546764e-01 8.23654056e-01
    4.96014953e-03 5.16731083e-01 2.23820776e-01 1.13501608e-01
    8.21790099e-01 4.23823625e-01 2.49160171e-01 4.14419532e-01
    5.52464247e-01 6.34430289e-01 8.27901840e-01 9.09566641e-01
    4.62466627e-01 8.69172215e-01 5.22915840e-01 3.28252435e-01
    5.44947445e-01 2.00371236e-01 4.04424965e-01 6.88010752e-02
    8.91473889e-01 3.15468013e-01 5.24191856e-01 3.04448515e-01
    4.34161067e-01 5.33408225e-01 5.18469214e-01 3.25713187e-01
    1.08824521e-01 4.25478071e-01 7.54793584e-01 6.66916609e-01
    7.05238163e-01 3.33469599e-01 3.40838790e-01 1.13250613e-02
    3.35540384e-01 4.74481285e-01 2.70226926e-01 2.44010925e-01
    9.44992423e-01 8.57579231e-01 2.01660722e-01 5.44841409e-01
    4.69250590e-01 4.99029458e-01 2.04378068e-01 4.75270629e-01
    3.88250887e-01 1.18374944e-01 7.44657815e-01 2.07186371e-01
    5.64215004e-01 6.94888175e-01 4.20629323e-01 3.93245310e-01
    4.75568473e-01 5.20971715e-01 9.94412184e-01 4.93008792e-02
    9.38026547e-01 7.52608895e-01 7.02458084e-01 7.46866226e-01
    6.05489850e-01 8.12300801e-01 9.89903927e-01 1.79091215e-01
    7.93095171e-01 7.42871881e-01 8.38491023e-02 6.50029719e-01
    1.25500411e-01 4.19381827e-01 7.75325418e-01 1.93579733e-01
    5.34240246e-01 5.43666065e-01 7.84238398e-01 6.75778389e-01
    9.23621416e-01 9.58311915e-01 9.18423891e-01 7.78415680e-01
    8.78111362e-01 5.89398742e-01 8.13978314e-01 1.12890244e-01
    4.65672225e-01 3.88560474e-01 3.83244514e-01 8.91137719e-01
    2.52182543e-01 8.24207962e-02 2.90430486e-02 9.88930762e-02
    4.01627541e-01 2.16699541e-01 9.16697979e-01 2.83387333e-01
    4.89541143e-01 8.93116832e-01 4.62488413e-01 2.03927159e-02
    9.91352737e-01 2.18289822e-01 3.79085779e-01 1.06204987e-01
    5.80096185e-01 1.39052600e-01 2.83373117e-01 7.40890563e-01
    6.21107519e-01 2.62411594e-01 8.78611088e-01 3.73786211e-01
    8.61189663e-02 8.58991086e-01 5.94934583e-01 9.90880966e-01
    1.10729337e-02 9.28665638e-01 8.98689389e-01 9.15920734e-01
    1.80640638e-01 7.87820935e-01 1.96278572e-01 8.83906484e-01
    4.87640828e-01 8.79677415e-01 7.32903361e-01 5.74773550e-01
    4.45604622e-01 8.71351898e-01 8.03880990e-02 4.67120588e-01
    3.63510847e-03 3.64167243e-01 3.87478024e-01 7.14055300e-01
    9.48285460e-01 5.02692699e-01 3.42317373e-01 9.34442699e-01
    1.07247800e-01 6.30415082e-02 5.99320412e-01 6.96295619e-01
    7.88679719e-01 9.50415194e-01 9.62086320e-01 6.44009352e-01
    4.24219608e-01 4.95933384e-01 9.33745384e-01 1.60315752e-01
    7.49000907e-01 1.97699636e-01 8.46849918e-01 2.42044330e-02
    3.98832947e-01 3.33508939e-01 3.42526704e-01 3.59023452e-01
    6.58471227e-01 7.77449727e-01 8.18817914e-01 4.29060161e-01
    8.22174788e-01 7.76952624e-01 4.35335338e-01 1.78173125e-01
    9.39781308e-01 4.54623818e-01 1.85766697e-01 7.97552943e-01
    7.87646890e-01 6.06311083e-01 3.83353084e-01 6.59830391e-01
    7.87675500e-01 5.06175339e-01 9.53384519e-01 3.51523370e-01
    5.40334582e-02 4.78023380e-01 1.74638838e-01 8.50363851e-01
    9.66563880e-01 7.85463452e-01 3.23386639e-01 8.74966502e-01
    4.36880171e-01 6.67113423e-01 1.09681487e-01 9.26205814e-02
    1.34603322e-01 1.78532451e-01 6.08575583e-01 2.82412201e-01
    4.03785944e-01 9.36905384e-01 1.30802482e-01 9.39754128e-01
    5.96346319e-01 1.47775114e-02 3.90446842e-01 8.54042172e-02
    4.77933079e-01 1.42098010e-01 8.24581146e-01 7.70081162e-01
    1.55076742e-01 2.85883784e-01 5.26231647e-01 3.88285309e-01
    1.30045742e-01 9.94790673e-01 8.41285050e-01 6.21747315e-01
    1.50136977e-01 5.74971855e-01 4.81847346e-01 1.10184550e-01
    2.44637370e-01 8.15830886e-01 8.01837742e-01 2.17092454e-01
    1.20377988e-01 8.90664220e-01 6.90982223e-01 8.79596472e-01
    4.05323088e-01 4.77641821e-04 7.12385535e-01 6.80286407e-01
    5.90278506e-01 2.41161853e-01 3.16681564e-01 3.43999386e-01
    1.95156783e-01 8.88116360e-01 3.65060806e-01 5.78418434e-01
    6.85686469e-01 2.75917292e-01 7.36107230e-02 4.79843765e-01
    9.92731333e-01 4.55852926e-01 8.25907528e-01 9.39469695e-01
    7.53390431e-01 2.94831157e-01 2.19046116e-01 1.64721400e-01
    8.34245205e-01 2.92455733e-01 8.59461546e-01 6.60503089e-01
    3.54952902e-01 1.91351444e-01 6.01309299e-01 6.60300732e-01
    3.05396914e-01 5.45882523e-01 3.65993857e-01 3.44201505e-01
    2.62420982e-01 5.48642814e-01 2.09791154e-01 5.03852487e-01
    4.30766523e-01 4.12314534e-02 6.18441701e-01 2.11569577e-01
    8.75720620e-01 1.78562939e-01 4.62382466e-01 2.69547969e-01
    3.69764805e-01 7.18913674e-01 9.09740508e-01 5.57896137e-01
    4.55516011e-01 4.55779135e-01 4.68520254e-01 6.59759998e-01
    2.21681297e-02 5.57487726e-01 7.31045008e-01 6.76300049e-01
    6.06539190e-01 6.88919127e-02 5.57899237e-01 4.56358969e-01
    8.73901963e-01 5.82724571e-01 1.85915887e-01 9.80500519e-01
    9.43278909e-01 4.82092917e-01 2.67355978e-01 8.93937469e-01
    2.76880562e-01 3.34220976e-01 4.46303904e-01 1.13584399e-01
    2.32711077e-01 6.02681518e-01 8.21680069e-01 2.14434206e-01
    2.11743951e-01 1.25489026e-01 3.69377136e-01 7.95795083e-01
    6.01370633e-01 3.09170306e-01 2.19982296e-01 1.88030809e-01
    9.98742044e-01 7.38265216e-01 6.40919805e-01 2.18760788e-01
    3.37155521e-01 7.56861746e-01 7.66405106e-01 4.22523916e-01
    1.97444499e-01 2.64193416e-01 2.48837292e-01 2.55398989e-01
    8.13610435e-01 4.82976675e-01 9.86771226e-01 8.78500044e-02
    9.71545756e-01 6.69153988e-01 4.44070280e-01 2.98199862e-01
    2.05313355e-01 4.83668685e-01 3.13223004e-02 6.56294703e-01
    2.50506371e-01 1.64744228e-01 3.64344090e-01 6.61396980e-03
    1.20725006e-01 9.69459653e-01 5.94461560e-01 8.02832663e-01
    2.99070626e-01 9.66243863e-01 6.51829064e-01 8.29970717e-01
    7.15434074e-01 8.82603645e-01 4.43373322e-01 1.68800086e-01
    9.89385366e-01 3.30638468e-01 1.15289420e-01 2.86568046e-01
    2.94153035e-01 9.75304246e-01 8.25019300e-01 8.88945460e-02
    3.61597985e-01 2.76392311e-01 7.44954288e-01 6.86514080e-02
    8.49014521e-01 4.31815863e-01 3.10624182e-01 7.89982080e-01
    8.60054374e-01 6.97486103e-01 6.35868311e-01 5.01577616e-01
    1.47146374e-01 8.24041009e-01 4.94916409e-01 3.82030576e-01
    6.63204849e-01 7.22226739e-01 3.11663806e-01 6.74283683e-01
    7.25856185e-01 1.77171856e-01 5.58270752e-01 9.10865963e-02
    2.06863195e-01 5.96002460e-01 4.49075103e-01 4.47494835e-01
    1.34656429e-02 5.53649604e-01 2.97984481e-02 2.13329107e-01
    1.17643893e-01 7.88968086e-01 6.91114426e-01 7.56815314e-01
    9.25219893e-01 7.63122797e-01 5.36740482e-01 8.94281447e-01
    4.05801475e-01 5.96339941e-01 8.24237585e-01 8.35181355e-01
    1.15087271e-01 7.22096920e-01 4.33291554e-01 5.73666930e-01
    9.69182312e-01 8.03309262e-01 2.99105823e-01 8.43659997e-01
    7.38414228e-02 8.12516212e-02 2.64384568e-01 7.81998277e-01
    4.83810782e-01 6.05566442e-01 5.74839771e-01 6.57510519e-01
    5.44795632e-01 9.00760293e-01 5.54033518e-02 5.33868432e-01
    4.26603854e-01 5.92449188e-01 5.46032190e-01 3.19857836e-01
    5.91786563e-01 8.47724915e-01 1.82020217e-01 6.93385184e-01
    5.03079414e-01 2.85615027e-01 9.55990195e-01 5.58809817e-01
    3.75593007e-02 7.76369810e-01 2.66688585e-01 6.55648351e-01
    9.38355863e-01 5.11976779e-02 7.48948932e-01 2.67196894e-01
    4.16856647e-01 6.70758426e-01 8.75424504e-01 9.47669148e-01
    2.41460443e-01 6.77601695e-01 8.74121964e-01 3.77425969e-01
    2.31774181e-01 3.03831697e-01 9.01454687e-01 6.62522435e-01
    6.41597271e-01 8.76263380e-01 8.32816005e-01 3.05583537e-01
    7.49671757e-01 1.60741776e-01 7.51624227e-01 1.16319478e-01
    4.09486234e-01 8.73129129e-01 9.73487973e-01 1.22331977e-01
    6.50238991e-03 2.79364467e-01 2.20246255e-01 5.25638461e-01
    3.43044609e-01 2.87713706e-01 9.34593081e-02 6.92505121e-01
    7.76365697e-02 7.41575480e-01 6.77211106e-01 7.72130370e-01
    5.18824399e-01 6.74858093e-02 4.69685465e-01 6.21860385e-01
    9.84942913e-01 5.22910058e-01 6.02528811e-01 8.32019567e-01
    2.37661004e-02 4.96194839e-01 5.82790673e-02 7.01082587e-01
    8.21213365e-01 9.57314491e-01 3.33040714e-01 6.68821633e-02
    2.77224541e-01 4.60470945e-01 6.74624801e-01 8.21194291e-01
    4.89428312e-01 4.54838544e-01 5.64913332e-01 4.19914573e-01
    3.24234307e-01 7.72612453e-01 6.27813280e-01 4.46606338e-01
    8.99969459e-01 6.49319410e-01 2.36803919e-01 9.53487813e-01
    8.57272744e-01 8.36787760e-01 5.63883781e-01 3.63958657e-01
    1.94919348e-01 2.11030602e-01 9.19740558e-01 4.03868616e-01
    6.81529522e-01 6.09484673e-01 1.82558924e-01 4.14951146e-02
    2.63974249e-01 4.78262007e-02 4.16269422e-01 7.80023456e-01
    5.92352152e-01 5.16654909e-01 5.04356503e-01 4.47652131e-01
    1.00898862e-01 7.53635883e-01 6.50179982e-02 6.54730260e-01
    9.28068459e-02 3.98382962e-01 1.66239589e-01 9.97174561e-01
    3.52479875e-01 8.16143751e-02 1.85196161e-01 2.99869746e-01
    7.64830172e-01 8.45792890e-01 1.81625903e-01 9.01784718e-01
    7.44694591e-01 1.32144898e-01 2.81461358e-01 1.13740742e-01
    2.52113938e-02 2.39026695e-01 6.40337050e-01 9.89731312e-01
    7.06758499e-01 3.97896707e-01 8.30567896e-01 6.49310052e-01
    4.79224563e-01 6.08965933e-01 8.68380249e-01 5.85711598e-01
    2.00926036e-01 3.64294946e-01 1.32332206e-01 6.46458268e-01
    2.32040018e-01 3.66722882e-01 7.29128718e-02 2.44226485e-01
    1.26833200e-01 4.15684432e-01 1.09104514e-02 1.28540426e-01
    5.49123585e-01 1.10875815e-01 8.78188610e-01 7.46593833e-01
    5.50975025e-01 5.73409438e-01 8.89432669e-01 7.50418961e-01
    2.48524278e-01 5.80834448e-01 8.10012877e-01 5.86799860e-01
    5.23457766e-01 4.57141042e-01 3.78608704e-04 3.67650837e-01
    1.72042876e-01 8.34525108e-01 6.27849698e-01 8.24229002e-01
    2.75862098e-01 4.72185135e-01 9.07941103e-01 3.92049849e-02
    3.38023305e-02 8.76886308e-01 6.91050887e-01 3.45412135e-01
    7.91175961e-02 7.68722355e-01 3.57147366e-01 1.56353205e-01
    7.65991807e-02 4.47915375e-01 8.71370435e-01 3.61654162e-01
    5.23316622e-01 6.68658972e-01 2.57830143e-01 6.82824850e-01
    1.76730961e-01 2.55820751e-01 1.04113519e-02 3.79452944e-01
    6.94299996e-01 3.60848755e-01 5.60555935e-01 1.43022239e-02
    1.43056810e-02 8.72766078e-02 9.78574157e-01 8.64115298e-01
    8.47993076e-01 2.24888325e-04 5.03243804e-02 9.64884877e-01
    8.62633944e-01 8.93175602e-01 2.10384488e-01 9.23079848e-01
    2.19191641e-01 3.62703204e-01 7.71246195e-01 5.45268416e-01
    6.49581969e-01 9.28502202e-01 1.26796544e-01 1.05012059e-01
    7.38177299e-02 2.75776476e-01 7.57136524e-01 8.34003747e-01
    1.81938648e-01 7.10216522e-01 1.19860739e-01 4.11364257e-01
    7.93906450e-02 3.24342430e-01 5.69529891e-01 2.82409042e-01
    7.27384150e-01 6.09591901e-02 4.80570883e-01 5.43727875e-01
    4.09031451e-01 5.15944481e-01 8.51118207e-01 9.00479794e-01
    4.90211546e-01 1.23547494e-01 9.45935905e-01 7.72270501e-01
    6.26809597e-01 2.71183133e-01 7.76760578e-01 3.64765406e-01
    8.55030060e-01 5.48993707e-01 4.69179928e-01 3.60377133e-01
    4.68271673e-02 1.91603392e-01 7.45006204e-01 1.93442434e-01
    9.05872881e-01 5.77756584e-01 4.38512117e-01 8.31824541e-01
    8.27072978e-01 7.52906382e-01 6.92075014e-01 7.86362708e-01
    3.69838834e-01 8.06011379e-01 4.29468632e-01 2.52912939e-01
    6.32570267e-01 3.81835669e-01 2.50249803e-01 8.16840827e-02
    3.87524694e-01 8.30958128e-01 3.19296300e-01 3.62726867e-01
    1.66155279e-01 6.04878366e-02 6.34002805e-01 4.09546614e-01
    1.72695518e-02 4.78751749e-01 1.13269299e-01 3.00522715e-01
    2.37100720e-01 7.47215092e-01 2.06948221e-02 4.03306425e-01
    6.40595198e-01 4.02342141e-01 3.37834477e-01 7.08552539e-01
    1.86691016e-01 7.92970955e-02 8.82819176e-01 6.21635556e-01
    6.29609525e-01 2.75543511e-01 4.72857207e-01 5.13089597e-02
    5.16120911e-01 5.39398730e-01 8.59758258e-03 4.59282100e-01
    5.05784214e-01 4.55467999e-01 2.93223590e-01 5.06729424e-01
    1.77385181e-01 6.77082837e-02 7.18466282e-01 2.45369077e-01
    7.90941596e-01 4.69643354e-01 3.60216528e-01 9.05978024e-01
    2.12480485e-01 2.07059860e-01 1.11600846e-01 3.21107924e-01
    8.55687797e-01 9.50594544e-01 5.88554978e-01 7.58750558e-01
    6.38512909e-01 6.97812319e-01 2.60855407e-01 5.72049201e-01
    7.17244744e-02 4.54592884e-01 3.53162766e-01 4.89363402e-01
    4.19737726e-01 3.16645205e-02 3.40679795e-01 1.71846658e-01
    4.20277059e-01 4.20897424e-01 5.82210720e-01 6.29408896e-01
    3.74369532e-01 9.70566869e-01 2.60095954e-01 6.87159896e-02
    6.60155535e-01 8.00256491e-01 4.91525531e-02 2.21398622e-01
    9.18101609e-01 8.67418468e-01 1.36739761e-01 2.02069968e-01
    9.32479262e-01 3.42844129e-01 7.41131485e-01 1.65607929e-01
    2.15451479e-01 3.88263613e-01 4.59542483e-01 2.32751846e-01
    8.59768391e-02 6.39960885e-01 4.16350812e-01 6.42508149e-01
    8.71085763e-01 5.09369671e-02 9.33474779e-01 8.94446969e-02
    9.81737971e-01 3.16533893e-01 1.31857991e-02 2.86067545e-01
    6.93514824e-01 6.01690531e-01 8.30624282e-01 1.13516718e-01
    9.94376540e-01 2.86258370e-01 4.74090576e-01 2.33117551e-01
    9.76858497e-01 9.89468098e-02 7.47261405e-01 2.73779809e-01
    8.92760575e-01 4.13901329e-01 2.55400836e-01 4.99351561e-01
    4.16299313e-01 9.07241225e-01 4.83696371e-01 5.40800333e-01
    7.43048429e-01 5.51319122e-03 2.36096084e-02 9.71272230e-01
    5.92602909e-01 2.51734495e-01 9.08182263e-02 3.42798173e-01
    7.79934883e-01 9.69371200e-02 7.57496953e-01 5.63081384e-01
    8.44646454e-01 1.26104832e-01 3.56751651e-01 9.87321377e-01
    7.50957966e-01 3.81421745e-02 2.93666780e-01 7.43472517e-01
    6.87177300e-01 2.62180746e-01 9.24486518e-02 5.81434906e-01
    8.79011035e-01 2.30263591e-01 5.52533925e-01 1.16700441e-01
    7.21664965e-01 6.80943847e-01 1.98864728e-01 1.39754355e-01
    5.16050279e-01 8.18936706e-01 6.82557046e-01 8.68339181e-01
    1.48100793e-01 9.54884529e-01 7.77296722e-01 1.71863973e-01
    4.99033898e-01 9.06989574e-01 1.47479057e-01 1.04499102e-01
    1.14018917e-01 4.87886369e-01 4.43254590e-01 1.02033645e-01
    4.41405654e-01 1.43614203e-01 4.84752476e-01 8.07862163e-01
    4.25022542e-02 1.55161619e-02 8.12057555e-01 7.29949772e-01
    3.62268686e-01 1.92711860e-01 3.38495374e-01 5.52119851e-01
    5.02295375e-01 1.49563551e-01 1.93195671e-01 4.26266581e-01
    7.95047760e-01 8.81975770e-01 1.30734861e-01 9.78653848e-01
    8.35637450e-01 5.43684363e-01 9.68766212e-01 7.27822721e-01
    4.55129892e-01 7.86335230e-01 2.65389144e-01 9.94173765e-01
    2.63133556e-01 1.14605844e-01 1.70544446e-01 4.98133570e-01
    9.23544466e-01 9.77525711e-02 6.53512657e-01 2.03718781e-01
    4.42585796e-01 6.66464806e-01 6.77972555e-01 7.31605887e-01
    6.91295326e-01 7.85247087e-01 3.70222330e-01 5.94457388e-01
    2.50784308e-01 3.23343217e-01 6.12867534e-01 7.45254695e-01
    1.09983653e-01 1.28558487e-01 7.90632486e-01 1.26269460e-01
    3.10421109e-01 4.78941798e-01 1.28240377e-01 3.46934557e-01
    8.89011264e-01 1.48059666e-01 1.57118946e-01 1.87286437e-01
    9.04859185e-01 6.15360856e-01 9.62680876e-01 5.70311666e-01
    6.42238259e-01 7.70770609e-02 6.06710196e-01 4.94953692e-02
    3.15373123e-01 3.70526373e-01 6.26654685e-01 5.66941798e-01
    8.36473763e-01 5.07971346e-02 2.89869785e-01 3.02703917e-01
    5.41037142e-01 5.73276997e-01 9.74106073e-01 3.71924698e-01
    1.97741032e-01 2.30194241e-01 2.87373453e-01 8.04957807e-01
    1.65615380e-02 8.40015650e-01 9.45652604e-01 5.41407883e-01
    2.39079356e-01 7.18192518e-01 4.95719522e-01 1.45308077e-01
    3.40746999e-01 3.05902004e-01 2.56788790e-01 1.84430420e-01
    1.84575528e-01 3.63608181e-01 1.53494567e-01 1.30383909e-01
    1.31262153e-01 4.42889631e-01 3.67505431e-01 5.37220001e-01
    6.47350371e-01 8.92256618e-01 2.75502384e-01 9.70304489e-01
    9.34616566e-01 9.23345447e-01 6.74515963e-01 8.13611865e-01
    9.82666969e-01 3.08901608e-01 7.50605762e-01 9.82365191e-01
    5.34347057e-01 7.78976977e-02 2.23764628e-01 8.96985412e-01
    5.21232307e-01 9.95216429e-01 1.04493231e-01 1.53986782e-01
    4.48176622e-01 7.14456558e-01 2.74783134e-01 6.76884711e-01
    2.83265173e-01 2.74468839e-01 9.68203843e-01 5.59505522e-01
    7.31174588e-01 9.72788870e-01 8.87929320e-01 7.76709318e-01
    5.66318512e-01 4.44410264e-01 1.11910790e-01 6.72467828e-01
    5.49018145e-01 9.60260630e-01 7.47253656e-01 4.14961874e-02
    8.74781489e-01 5.72103202e-01 1.79523110e-01 5.03248632e-01
    8.27993631e-01 4.56731141e-01 2.74077654e-01 2.57773519e-01
    4.69150960e-01 4.61258888e-02 4.64915186e-01 6.78479671e-02
    4.10273433e-01 2.76688635e-01 4.87699866e-01 9.66190219e-01
    8.08579743e-01 3.66986305e-01 4.39403355e-02 6.72805429e-01
    7.05654860e-01 2.23699480e-01 8.75507832e-01 1.80698574e-01
    8.13667417e-01 9.64129448e-01 3.98289651e-01 8.41093063e-02
    5.09243011e-01 3.29955220e-01 5.06041765e-01 8.69058490e-01
    6.75979316e-01 8.30956459e-01 5.75228274e-01 8.52753818e-01
    7.27439344e-01 7.44149208e-01 4.98769969e-01 4.30547774e-01
    1.13429695e-01 9.82033730e-01 9.52295542e-01 5.52760780e-01
    2.31651217e-01 6.95094466e-01 4.54604179e-01 9.99927640e-01
    8.94500613e-01 9.01407182e-01 5.63038945e-01 7.84985900e-01
    8.20936084e-01 2.09989399e-01 2.09165543e-01 6.76455259e-01
    9.83591080e-01 1.65760696e-01 9.69912946e-01 3.46233249e-02
    7.14840710e-01 9.01075542e-01 9.55714643e-01 1.73042506e-01
    7.45405912e-01 3.70748758e-01 8.55790138e-01 1.93685502e-01
    9.89284158e-01 7.29517043e-02 4.35783267e-01 9.53980982e-02
    3.21435124e-01 4.93400067e-01 5.33476472e-03 2.10658044e-01
    5.07018685e-01 9.69154358e-01 4.03309822e-01 2.50524521e-01
    4.07316655e-01 3.96484733e-01 3.01366985e-01 1.36909783e-01
    6.42162502e-01 7.07289755e-01 5.72243869e-01 7.57832170e-01
    4.60136652e-01 9.03135180e-01 6.57300055e-02 8.68989229e-01
    7.13727474e-01 7.41318643e-01 2.47783840e-01 3.67542475e-01
    7.81602800e-01 8.50032449e-01 7.51739860e-01 1.72660619e-01
    5.94828248e-01 3.55144680e-01 8.87492418e-01 5.34859419e-01
    4.85696316e-01 2.85779327e-01 3.95992994e-02 1.88589871e-01
    3.54397178e-01 9.78850961e-01 3.94871831e-03 5.85573912e-02
    2.14562416e-02 2.19385356e-01 3.55269492e-01 5.53976238e-01
    5.69576800e-01 7.66544878e-01 5.41445434e-01 2.39556611e-01
    9.87697244e-01 6.91861212e-02 1.06295645e-01 1.59947634e-01
    1.92579597e-01 7.70568848e-03 5.11349201e-01 5.32765627e-01
    1.47691369e-02 9.04355168e-01 8.80835056e-01 8.77053261e-01
    8.42631578e-01 6.08946919e-01 5.98859429e-01 7.99294114e-01
    5.55608869e-01 2.37296045e-01 2.13686049e-01 5.26492476e-01
    6.88863158e-01 8.56392562e-01 6.86173022e-01 8.36996436e-01
    1.99715108e-01 4.16891545e-01 8.81523609e-01 7.07305551e-01
    8.74582171e-01 3.18927169e-01 9.59862947e-01 7.91693032e-02
    9.19611633e-01 8.55201304e-01 3.34820151e-02 3.10293287e-01
    3.69831473e-01 1.00259572e-01 6.26378179e-01 1.78225398e-01
    8.21020007e-01 3.73198092e-01 6.09910667e-01 3.35228890e-01
    2.23468661e-01 7.26633549e-01 7.61047363e-01 8.28090906e-01
    6.44610286e-01 4.69193131e-01 3.90450060e-01 1.10042274e-01
    1.82183564e-01 7.50763178e-01 9.92172718e-01 5.96130431e-01
    8.46077144e-01 6.04523957e-01 8.62371325e-01 9.29357290e-01
    4.73986566e-01 5.74763894e-01 5.70387840e-01 7.94060171e-01
    4.23429847e-01 8.76181424e-02 4.84875739e-01 5.57033837e-01
    8.79234910e-01 2.46479779e-01 1.54231042e-01 2.73018241e-01
    7.31605232e-01 9.12735105e-01 3.23917270e-02 9.33781385e-01
    5.68374574e-01 1.21706367e-01 6.01185977e-01 5.12072742e-01
    7.88964868e-01 1.04334950e-02 1.54909879e-01 5.91117144e-01
    8.97630453e-01 8.18458617e-01 7.30459988e-02 5.57896018e-01
    7.53937066e-01 8.64042640e-01 1.60427094e-01 7.53911734e-01
    6.38840199e-01 5.95484972e-01 8.86437953e-01 9.01269078e-01
    5.82636595e-01 5.96110284e-01 5.49823880e-01 9.48020816e-03
    6.56317472e-02 4.00315076e-01 5.61032653e-01 7.34210432e-01
    2.66958535e-01 7.82230198e-02 5.74743271e-01 9.36578631e-01
    2.26314843e-01 8.76208723e-01 8.02985907e-01 9.25062656e-01
    1.76673234e-02 8.86541367e-01 4.49705362e-01 2.97823906e-01
    7.16334462e-01 4.79885876e-01 1.54556036e-01 3.53454590e-01
    9.57519412e-01 3.24346125e-01 5.61262608e-01 3.82935703e-02
    9.63760912e-01 7.64788270e-01 7.59070396e-01 2.73957551e-01
    7.77028561e-01 5.66429555e-01 4.26604718e-01 1.54398501e-01
    2.44587094e-01 2.58129835e-03 3.72107565e-01 4.22480434e-01
    7.63973296e-01 6.39962852e-01 3.04677308e-01 2.51301765e-01
    6.55135036e-01 5.77077866e-01 5.39927840e-01 9.04911399e-01
    8.29658628e-01 3.86128813e-01 2.59640753e-01 6.63313091e-01
    3.15395176e-01 1.25351548e-01 3.72600257e-02 4.64613527e-01
    2.34012544e-01 2.76385486e-01 3.02082330e-01 2.57772565e-01
    5.67582250e-01 5.97776234e-01 2.15160877e-01 3.06504220e-01
    8.73682618e-01 8.32515836e-01 3.96089792e-01 2.02979684e-01
    1.34308159e-01 5.42409420e-02 6.04900181e-01 6.74900413e-01
    7.68153548e-01 4.96273667e-01 2.57125795e-02 8.71549904e-01
    1.87294215e-01 6.35554671e-01 4.43950176e-01 2.79042125e-01
    3.53191882e-01 1.20737314e-01 1.03524864e-01 7.72935510e-01
    6.40676737e-01 3.32957566e-01 2.58053422e-01 6.44565940e-01
    1.79508746e-01 9.29667294e-01 3.66976649e-01 8.07094157e-01
    4.17172819e-01 9.48627651e-01 7.47197688e-01 6.49615645e-01
    6.25442505e-01 3.90237927e-01 3.61532569e-02 5.53856671e-01
    7.48930275e-01 4.23000157e-02 6.53021932e-01 9.80316937e-01
    8.94075036e-01 7.14393735e-01 8.88968587e-01 9.81042385e-02
    2.15403438e-01 7.22918630e-01 2.53560066e-01 1.66922688e-01
    6.84866011e-01 5.96526980e-01 2.91882455e-01 6.20622993e-01
    8.31579924e-01 7.66979635e-01 4.92358983e-01 4.02983069e-01
    5.70492923e-01 6.48561418e-02 1.37466192e-01 2.89029896e-01
    3.25940251e-01 7.68862665e-02 5.05182147e-01 5.78396022e-02
    8.45169187e-01 2.59525895e-01 1.88333541e-01 2.57982135e-01
    5.82097173e-01 6.66174531e-01 6.74246013e-01 8.58747959e-03
    1.37147188e-01 4.49033916e-01 8.15987170e-01 8.25253844e-01
    3.22512925e-01 4.26438212e-01 2.02444762e-01 5.16825557e-01
    5.96651256e-01 5.03077209e-01 3.62869620e-01 8.37161839e-02
    1.83026046e-01 9.81485367e-01 3.60262662e-01 5.32420754e-01
    8.88805985e-01 7.60125518e-01 3.19640905e-01 5.21326721e-01
    6.68565571e-01 7.70386815e-01 8.87849033e-02 8.22148621e-02
    1.22890294e-01 3.98707628e-01 9.32616830e-01 7.04296708e-01
    5.79834700e-01 6.91364527e-01 7.98262358e-02 4.24731344e-01
    2.75411963e-01 8.05646479e-02 2.94469327e-01 6.01779461e-01
    4.47649062e-01 6.87313855e-01 7.50429273e-01 3.14815760e-01
    4.80876803e-01 2.58324444e-01 1.25160813e-02 7.75491834e-01
    9.90301490e-01 1.57052934e-01 8.43507648e-02 2.02015936e-02
    5.87825954e-01 9.12327528e-01 4.38432753e-01 6.50612414e-01
    2.68810689e-01 4.08989370e-01 1.95980608e-01 1.61944628e-01
    9.15871620e-01 6.80641115e-01 2.84756154e-01 5.69246292e-01
    5.96505761e-01 8.76975179e-01 7.48161495e-01 5.05185485e-01
    3.60681802e-01 1.99051619e-01 5.26337206e-01 5.08981943e-01
    8.86981547e-01 8.85164380e-01 6.36237860e-01 9.55493808e-01
    2.98230708e-01 2.29160190e-01 7.50834584e-01 7.32380986e-01
    7.51797557e-02 8.13712537e-01 7.25395858e-01 2.11974382e-01
    1.18548274e-02 5.28505623e-01 5.62187850e-01 6.59417629e-01
    6.30482554e-01 2.56001651e-01 1.13191128e-01 3.20322216e-01
    8.68668199e-01 5.75580835e-01 9.61230040e-01 3.05374146e-01
    3.13835174e-01 3.24437022e-02 1.43417150e-01 3.84357870e-01
    3.04523140e-01 9.97151375e-01 8.95698845e-01 1.99189693e-01
    9.25552249e-01 1.40887916e-01 5.64318895e-01 4.16029483e-01
    2.66155601e-03 1.50424689e-01 4.06735599e-01 5.21735728e-01
    2.44263172e-01 2.96031833e-01 7.23373055e-01 5.00642776e-01
    7.97715425e-01 1.55641586e-01 1.97388470e-01 2.55389184e-01
    8.51005971e-01 8.00004244e-01 2.50211239e-01 6.19886935e-01
    6.65205002e-01 5.31237423e-01 7.59004891e-01 3.55584025e-01
    8.30051899e-02 1.96830928e-01 2.69795656e-01 1.86773568e-01
    8.00688148e-01 4.76064920e-01 9.45294082e-01 4.80545789e-01
    9.47612345e-01 7.60429204e-02 8.05927634e-01 7.12498486e-01
    1.30337030e-01 2.34859914e-01 9.66332078e-01 4.64864880e-01
    2.24526435e-01 3.06318700e-01 2.10303932e-01 3.22206467e-01
    1.02955699e-01 5.87813854e-01 7.31438756e-01 3.82110834e-01
    2.93319404e-01 8.52917433e-01 3.74633223e-01 5.61394572e-01
    3.13400030e-01 4.29343879e-01 7.48001099e-01 1.92108333e-01
    6.18076801e-01 1.25930488e-01 8.31951618e-01 6.85615361e-01
    6.76809669e-01 4.34867680e-01 2.18413025e-01 5.48069358e-01
    8.98503006e-01 8.01596105e-01 8.09556127e-01 1.01860404e-01
    9.82034266e-01 9.60213065e-01 1.23484105e-01 3.46368074e-01
    3.41969192e-01 2.77978808e-01 4.09668893e-01 3.29451412e-01
    2.55961418e-01 7.77436614e-01 6.53912425e-01 7.88251400e-01
    7.95047045e-01 6.87701643e-01 4.31179583e-01 5.17608523e-01
    2.94725806e-01 9.54282522e-01 8.04491878e-01 5.56542039e-01
    2.61829793e-01 7.61561513e-01 8.26128006e-01 6.10547245e-01
    4.27318215e-02 7.45913148e-01 3.96936029e-01 9.61625278e-02
    2.42082238e-01 4.12646234e-01 5.03158629e-01 9.24956739e-01
    5.80145121e-01 5.18847585e-01 7.78472424e-02 3.99151087e-01
    2.20632166e-01 4.57990944e-01 7.59510040e-01 7.07028925e-01
    2.55550742e-01 1.45363152e-01 1.06151670e-01 5.07415533e-01
    7.54788160e-01 7.02184677e-01 6.55895948e-01 7.29996622e-01
    1.93068653e-01 6.16152585e-01 1.49980962e-01 1.01489782e-01
    9.46065009e-01 5.49765646e-01 8.00843239e-01 5.19477785e-01
    7.64927387e-01 6.59520209e-01 5.90500116e-01 8.46571505e-01
    4.45965260e-01 1.77918464e-01 7.55043447e-01 8.72064471e-01
    7.38676190e-02 2.95907706e-01 4.64550167e-01 7.35658348e-01
    8.72104645e-01 8.79583359e-01 7.45810151e-01 8.30252886e-01
    9.09916878e-01 7.50246346e-01 8.26071203e-02 2.84221649e-01
    2.86956966e-01 5.66901922e-01 2.49677867e-01 5.81008375e-01
    9.57025766e-01 2.20468163e-01 3.17559600e-01 8.84205103e-01
    8.01966071e-01 2.54421413e-01 9.28700447e-01 8.90054166e-01
    1.74760908e-01 5.55531740e-01 3.82931054e-01 2.90876210e-01
    3.46456498e-01 5.54382205e-01 2.11770475e-01 9.40844655e-01
    4.60311294e-01 4.72975940e-01 8.84868801e-01 7.29810596e-01
    2.73943335e-01 7.87722230e-01 4.22879457e-02 2.77420580e-01
    7.79072404e-01 8.26285422e-01 9.46587682e-01 4.36475277e-02
    7.83942342e-01 2.45518684e-01 2.83002138e-01 2.05732882e-01
    4.78080064e-01 3.68104637e-01 5.03142953e-01 8.22891295e-01
    8.50509167e-01 2.87711382e-01 7.17651010e-01 4.84220684e-02
    1.64389968e-01 9.52890038e-01 2.51346767e-01 1.21522844e-02
    6.65231943e-01 4.04441684e-01 2.43986994e-01 8.63758326e-02
    2.40298301e-01 2.54075706e-01 9.11844373e-01 1.48729235e-01
    9.82090831e-01 3.16553980e-01 8.20462942e-01 6.59862101e-01
    2.40218371e-01 1.35996968e-01 1.21136039e-01 8.50648582e-01
    8.47407103e-01 8.55715275e-02 5.54518998e-01 3.34650010e-01
    8.54282141e-01 4.83830005e-01 1.04971677e-01 3.17359865e-02
    6.70870006e-01 2.29774743e-01 8.30545545e-01 7.29940176e-01
    9.11703408e-02 1.98413700e-01 3.03119719e-01 4.09480363e-01
    7.23745465e-01 3.70600045e-01 3.05328667e-01 8.48784745e-01
    6.92610741e-01 1.11846775e-01 3.81098211e-01 3.12749177e-01
    3.49714816e-01 3.26362908e-01 3.25172007e-01 3.35043073e-02
    6.22797012e-03 5.21454811e-01 3.77535343e-01 8.51223350e-01
    4.81524676e-01 8.47454906e-01 1.87013090e-01 6.62903070e-01
    8.50609183e-01 7.64447451e-01 9.90887821e-01 5.60510814e-01
    1.88302547e-01 4.01593655e-01 5.09027541e-01 4.57695514e-01
    7.54206657e-01 4.38536912e-01 6.41867995e-01 3.08428526e-01
    1.50563568e-01 1.67904526e-01 2.88744271e-01 9.85208631e-01
    7.76551485e-01 2.42960364e-01 6.98612034e-01 3.88792127e-01
    4.70253706e-01 1.43606514e-01 6.92817450e-01 3.65643978e-01
    8.05944443e-01 6.64512634e-01 4.71808016e-01 8.71901572e-01
    8.51238847e-01 4.26388353e-01 9.26715910e-01 6.53117418e-01
    9.53344464e-01 8.29597533e-01 8.95754397e-02 8.81368518e-01
    2.42242873e-01 4.39175040e-01 9.73225057e-01 1.84238404e-01
    1.60687685e-01 6.82835877e-01 8.01271915e-01 2.13458896e-01
    9.04437661e-01 2.13023007e-01 8.90005529e-02 8.31406832e-01
    2.12644935e-01 4.59880978e-01 5.45500636e-01 2.88471282e-01
    2.58055925e-01 2.74048328e-01 3.28274667e-02 6.78153038e-02
    6.08580530e-01 9.06621218e-01 3.24223399e-01 9.96108353e-01
    4.38225329e-01 1.26471668e-01 1.50230289e-01 5.47154546e-02
    8.64709258e-01 2.72362351e-01 7.13619232e-01 8.45251560e-01
    8.96467090e-01 1.03430450e-02 6.39751613e-01 3.97651017e-01
    2.61054277e-01 1.43737733e-01 3.78970981e-01 6.92503810e-01
    8.74906659e-01 9.88121688e-01 4.82576728e-01 6.66777015e-01
    4.29970682e-01 6.03676617e-01 8.68056774e-01 9.89726782e-02
    3.76858413e-01 9.04738486e-01 3.44063938e-02 6.83736801e-03
    3.40335041e-01 5.77355802e-01 8.13278913e-01 4.95230764e-01
    2.09235370e-01 4.76518482e-01 4.90791529e-01 6.09924674e-01
    3.33600402e-01 4.08012271e-02 5.82781792e-01 1.69659704e-01
    2.65758693e-01 6.39815032e-01 9.14651394e-01 8.43245983e-02
    8.65605175e-02 5.33056557e-01 4.97130513e-01 2.11307675e-01
    8.33539665e-02 4.32190657e-01 9.30800676e-01 9.42237258e-01
    1.42930150e-02 4.02006477e-01 4.03036177e-02 6.71805918e-01
    4.06478077e-01 3.40920150e-01 5.79712391e-01 1.02855384e-01
    8.16203654e-01 8.82979751e-01 9.89661217e-01 5.20357668e-01
    6.69246674e-01 8.51238906e-01 2.35213041e-01 7.23491907e-01
    8.28182757e-01 4.42661434e-01 5.13003111e-01 9.55399692e-01
    6.34445429e-01 7.80103803e-02 9.64446187e-01 1.81816310e-01
    8.40830922e-01 4.54957366e-01 9.60416436e-01 2.32540518e-01
    3.86115313e-01 5.37514567e-01 8.68771374e-02 3.70566308e-01
    8.15212965e-01 7.01108873e-01 2.65158415e-01 4.33372140e-01
    3.77672553e-01 2.43175328e-02 8.34184647e-01 4.04622167e-01
    5.20390034e-01 1.55073225e-01 3.75163257e-01 6.49943352e-01
    3.84798765e-01 4.80391145e-01 5.69046617e-01 7.90765285e-01
    8.82836580e-01 4.31179702e-01 1.69090033e-01 2.08988696e-01
    2.04839408e-01 7.15681136e-01 1.15130961e-01 6.45078182e-01
    1.72235072e-02 8.87224078e-01 2.15732962e-01 4.33430552e-01
    5.57315946e-01 7.42316842e-01 6.15346014e-01 4.84534919e-01
    4.17001545e-01 4.75409061e-01 8.39334011e-01 7.20314145e-01
    9.67572331e-01 4.07256842e-01 2.85788447e-01 1.19640142e-01
    8.23785305e-01 7.93371201e-01 7.83043146e-01 7.87719309e-01
    9.79368329e-01 3.33094835e-01 6.39696658e-01 6.61780357e-01
    2.51027584e-01 7.75649488e-01 4.67165142e-01 3.39262962e-01
    1.13626122e-01 6.05137587e-01 1.24764234e-01 7.54673660e-01
    1.96120799e-01 2.90003657e-01 1.41757369e-01 9.43354607e-01
    9.76310134e-01 6.29138947e-02 5.62762678e-01 9.27186608e-01
    3.02140832e-01 9.73037601e-01 4.27255094e-01 7.76343048e-02
    9.23287392e-01 7.40153193e-01 3.60198081e-01 7.76458085e-02
    6.17740214e-01 3.34203243e-04 4.49359655e-01 7.84559608e-01
    3.18495512e-01 1.11077785e-01 4.49989408e-01 3.87514293e-01
    4.04334873e-01 1.14498228e-01 3.48887384e-01 3.38888466e-01
    5.99755704e-01 5.86918414e-01 3.20652902e-01 2.85335600e-01
    5.86386740e-01 5.01255214e-01 9.55983043e-01 8.76101851e-02
    7.03108609e-01 6.15355849e-01 3.07917595e-02 9.57881808e-02
    5.32158554e-01 9.06626105e-01 5.24775803e-01 2.71885335e-01
    3.78144503e-01 9.79883969e-01 5.41190624e-01 6.00758493e-01
    4.90380675e-01 3.21813524e-01 5.22000551e-01 8.13864231e-01
    6.76050186e-01 4.55622733e-01 9.07047093e-01 1.25564337e-02
    9.12000299e-01 5.60270369e-01 6.40622079e-02 2.09764987e-01
    6.99427545e-01 2.96389461e-01 5.22005618e-01 6.86889589e-01
    3.38766545e-01 6.62875652e-01 9.74791646e-02 7.27606177e-01
    7.28275061e-01 8.70734215e-01 3.31382275e-01 8.03374171e-01
    7.15436816e-01 3.99390578e-01 7.46618450e-01 3.15908939e-01
    8.28812838e-01 9.35763955e-01 1.17164642e-01 9.85188663e-01
    9.05434251e-01 8.24232876e-01 2.71295071e-01 7.59020090e-01
    4.81703043e-01 5.35543919e-01 1.42572224e-02 4.76338267e-02
    4.22762543e-01 8.17204475e-01 3.31838459e-01 8.85586739e-01
    6.89265311e-01 8.53881240e-01 5.26216865e-01 8.98447573e-01
    6.88815773e-01 9.76123750e-01 8.88464749e-01 5.88055968e-01
    9.62372899e-01 1.95917189e-01 5.20099103e-01 3.02000165e-01
    9.29065466e-01 2.66333580e-01 5.83348930e-01 5.95884681e-01
    3.01813036e-01 4.02498931e-01 7.29187071e-01 8.24612975e-01
    9.26508307e-01 8.10878754e-01 3.98831457e-01 2.10400015e-01
    2.79913664e-01 3.66270661e-01 9.36138272e-01 4.18508768e-01
    5.85976362e-01 2.61876285e-01 2.57092297e-01 6.41394198e-01
    3.78183544e-01 3.07476372e-01 7.41979599e-01 5.16357780e-01
    9.17408705e-01 7.43710279e-01 1.71273053e-01 1.29901469e-02
    8.05195451e-01 6.18376732e-01 1.79441869e-01 8.79519582e-01
    2.86887646e-01 4.52142030e-01 4.17676836e-01 1.09088182e-01
    1.91572249e-01 1.90860271e-01 5.07058799e-01 1.63471431e-01
    4.08761740e-01 1.58690453e-01 4.26566780e-01 7.03197718e-03
    8.76285672e-01 5.47175825e-01 3.00068468e-01 5.09006262e-01
    6.59440458e-01 4.70175594e-01 2.20575154e-01 6.61763847e-01
    4.69334334e-01 7.10036039e-01 7.08610058e-01 3.02045494e-01
    9.90149736e-01 6.30146384e-01 8.27056468e-02 6.10181630e-01
    4.82009321e-01 3.44602197e-01 9.00643885e-01 6.53502584e-01
    2.87803173e-01 1.92871690e-02 2.14094400e-01 3.53880823e-01
    8.47008228e-01 9.30902481e-01 5.88889360e-01 1.96523488e-01
    2.51219094e-01 6.36975825e-01 6.98241234e-01 9.03570235e-01
    4.10519063e-01 3.44701648e-01 5.65860450e-01 3.61013293e-01
    9.49514985e-01 2.94646025e-02 8.23024511e-01 2.92011797e-02
    1.97569162e-01 5.95818698e-01 3.74776304e-01 3.22405696e-01
    6.70735061e-01 1.45310491e-01 2.96201348e-01 7.23756671e-01
    2.08168387e-01 2.90674090e-01 3.37384045e-02 6.53926730e-01
    5.26556015e-01 7.90120959e-01 7.19144523e-01 8.67442012e-01
    3.21806729e-01 2.36718118e-01 7.85253048e-01 9.05894160e-01
    2.91396379e-02 7.47600675e-01 9.71237302e-01 7.38574862e-01
    8.58810306e-01 2.43105561e-01 6.11634552e-01 5.28752208e-01
    2.71566570e-01 2.51874834e-01 5.54084897e-01 3.98924679e-01
    8.81103277e-01 7.88301826e-01 9.75687504e-01 4.64034081e-01
    8.32939148e-02 7.32071340e-01 9.38358068e-01 4.73061651e-01
    9.18520033e-01 3.87167811e-01 6.21189296e-01 3.60868961e-01
    9.39641893e-02 1.93494976e-01 8.41151834e-01 2.70595729e-01
    2.60961711e-01 7.30944276e-01 3.88599277e-01 7.71418571e-01
    7.98027635e-01 1.63054258e-01 7.04428911e-01 9.31878924e-01
    3.45111668e-01 5.29694557e-01 1.61101639e-01 2.72262782e-01
    5.58636844e-01 5.82662880e-01 6.71627045e-01 7.77725697e-01
    7.58711815e-01 6.66747391e-01 2.43731320e-01 8.15276742e-01
    5.14092922e-01 7.03549385e-02 2.09366977e-01 5.93909800e-01
    5.60623348e-01 1.29440457e-01 2.80572176e-01 3.42236459e-01
    7.45385349e-01 5.08121133e-01 9.62909460e-02 9.66881752e-01
    2.30018288e-01 1.35648608e-01 5.60728848e-01 2.48674750e-01
    5.16666174e-02 2.34023571e-01 6.81526899e-01 6.10730112e-01
    1.88480973e-01 8.07840168e-01 2.99457461e-01 2.90055871e-01
    6.27104044e-01 4.89582956e-01 8.89690161e-01 8.97957861e-01
    3.54150891e-01 7.44046092e-01 3.83846670e-01 6.34746075e-01
    2.03623891e-01 5.38773656e-01 3.77115041e-01 9.35784280e-02
    5.57158470e-01 2.41771460e-01 5.73507547e-01 8.41300488e-02
    5.73805690e-01 7.87753105e-01 4.39024687e-01 1.31335944e-01
    7.62324512e-01 1.39343768e-01 4.34969723e-01 6.57490730e-01
    8.11303973e-01 2.42950737e-01 9.57425296e-01 1.02207899e-01
    7.22276032e-01 9.91872191e-01 5.30596793e-01 2.42230237e-01
    7.88469553e-01 2.71289259e-01 9.13962841e-01 2.69919395e-01
    7.86963820e-01 1.48067206e-01 5.92837334e-01 5.59006751e-01
    7.70208478e-01 7.79748917e-01 9.24012005e-01 7.65891194e-01
    8.86675954e-01 7.83427656e-01 6.01126552e-01 2.92939663e-01
    2.72569060e-01 1.87633514e-01 3.34670782e-01 6.38759375e-01
    6.47249579e-01 7.18021512e-01 8.14373612e-01 5.63061774e-01
    6.21467054e-01 9.75566745e-01 1.66726261e-01 1.30964994e-01
    5.59715748e-01 7.05194354e-01 9.71326768e-01 6.57338321e-01
    1.75905168e-01 2.96968818e-02 3.52120578e-01 4.60903049e-01
    9.72102344e-01 6.19658053e-01 5.93783617e-01 2.03403234e-01
    2.59811044e-01 8.34947169e-01 3.66451085e-01 3.37322056e-01
    7.71591902e-01 8.13827693e-01 1.66521817e-01 6.89757705e-01
    6.83786154e-01 2.09483504e-03 1.20153427e-01 5.88204980e-01
    8.34063768e-01 4.77454901e-01 8.23309779e-01 5.35950720e-01
    6.14142418e-01 9.45084691e-02 1.85523629e-02 2.49802440e-01
    5.72590828e-01 5.01575649e-01 7.04177320e-01 8.47709417e-01
    3.75187695e-02 7.15426564e-01 5.51862299e-01 7.84388661e-01
    6.51580334e-01 6.08742595e-01 2.88655519e-01 1.21910751e-01
    7.59707212e-01 5.78817606e-01 5.18431306e-01 6.52062297e-01
    2.71948218e-01 3.91704917e-01 3.53782475e-01 9.26623583e-01
    6.75884962e-01 5.35776258e-01 5.80032110e-01 9.24699068e-01
    1.94987059e-02 3.08515310e-01 1.50720477e-01 1.09861106e-01
    6.27631962e-01 4.71825838e-01 3.23596716e-01 4.12147045e-02
    3.91763717e-01 9.05807137e-01 7.23695695e-01 6.46840215e-01
    2.78425276e-01 5.09434283e-01 9.33980465e-01 7.94638276e-01
    2.62288988e-01 4.80541259e-01 9.81452763e-01 3.00368011e-01
    6.61230206e-01 4.05002385e-01 3.99457544e-01 5.07297456e-01
    9.88683701e-01 6.72065616e-02 1.69262588e-01 6.11849129e-01
    4.42682922e-01 9.89437938e-01 8.04114223e-01 1.38400495e-02
    3.81478488e-01 9.38062310e-01 6.94933414e-01 2.61750698e-01
    5.69573402e-01 9.74005938e-01 9.06129718e-01 9.93272066e-01
    1.47493243e-01 5.71056902e-01 2.92567402e-01 5.54048717e-01
    8.16048980e-02 4.97999489e-01 8.20979774e-01 4.26133901e-01
    2.36501783e-01 7.19671547e-01 7.83256888e-02 4.23120558e-01
    3.58073473e-01 5.59419870e-01 5.40492535e-01 3.06232572e-01
    5.76779485e-01 2.02342272e-02 9.93122816e-01 4.35668170e-01
    5.87965608e-01 9.68455791e-01 5.18647850e-01 6.39976621e-01
    5.99310219e-01 5.54588139e-01 8.98503244e-01 1.90678000e-01
    4.70837325e-01 6.47395372e-01 6.46498978e-01 8.92955065e-02
    6.75677180e-01 8.43434453e-01 1.52890086e-02 1.17623210e-01
    4.06792432e-01 3.99566054e-01 7.58398890e-01 7.18070269e-02
    2.65349627e-01 2.00424373e-01 6.31527007e-01 5.92730105e-01
    8.85312915e-01 2.00108200e-01 6.30476236e-01 2.62982726e-01
    4.41377461e-02 3.68389785e-01 1.08356625e-01 6.46746755e-01
    7.07675099e-01 4.61923182e-01 5.90693057e-01 6.65037751e-01
    8.11569631e-01 6.45910144e-01 8.83153081e-01 9.84904408e-01
    7.91195631e-01 4.54209119e-01 9.36452270e-01 7.64946938e-01
    2.50017136e-01 7.46847153e-01 1.71416342e-01 9.55542684e-01
    5.21499693e-01 5.62277138e-01 8.65687609e-01 2.88250268e-01
    2.80444324e-02 1.64025724e-02 4.51639473e-01 3.23364466e-01
    7.45700002e-01 5.02917349e-01 6.10578775e-01 2.24472135e-01
    6.07618451e-01 5.89909792e-01 5.78557849e-01 6.54726803e-01
    7.77468801e-01 4.13505256e-01 7.48034656e-01 6.08628094e-01
    9.77781415e-02 1.16421431e-01 6.08049333e-02 5.42034984e-01
    2.79458910e-01 6.89624548e-02 4.33950961e-01 8.00375581e-01
    3.62155944e-01 5.84436417e-01 5.09283304e-01 7.39842772e-01
    9.89566147e-02 3.11009139e-01 3.19713116e-01 4.81850743e-01
    7.34544337e-01 8.15613866e-01 5.92473984e-01 9.58546281e-01
    8.72528791e-01 9.64483738e-01 5.82681000e-01 1.54061049e-01
    8.22683334e-01 6.78837061e-01 6.91948831e-01 2.30659455e-01
    9.60650444e-01 2.93161094e-01 6.83630943e-01 3.99266601e-01
    6.35544896e-01 6.47944868e-01 5.69253683e-01 9.19582248e-01
    8.96467030e-01 7.74252295e-01 6.47929370e-01 5.99682331e-01
    4.81902778e-01 1.44246221e-02 7.29278743e-01 1.44933075e-01
    4.57760870e-01 8.40085566e-01 1.78845674e-01 1.22344673e-01
    1.56810790e-01 1.67141914e-01 4.05246794e-01 1.32979184e-01
    7.09954977e-01 8.55005383e-01 2.24527895e-01 6.89065039e-01
    6.55166745e-01 8.18942666e-01 5.19395173e-01 8.11303854e-01
    2.53104925e-01 4.50261384e-01 6.18578374e-01 1.67116523e-03
    2.03287661e-01 3.45097482e-02 7.05258250e-01 8.58923793e-01
    5.59137225e-01 3.08053106e-01 8.93852234e-01 9.39751387e-01
    9.42453384e-01 1.13128573e-01 5.18918395e-01 5.07127941e-01
    7.02020168e-01 9.30505753e-01 5.11436164e-01 8.98585081e-01
    2.64536619e-01 1.86569959e-01 9.46073353e-01 9.92801070e-01
    1.81147248e-01 6.22377455e-01 5.25474310e-01 8.58536303e-01
    6.75965488e-01 5.29818296e-01 5.11849523e-01 4.34803665e-02
    6.22466624e-01 7.88795948e-02 1.08494580e-01 2.05435574e-01
    2.24335223e-01 4.35186237e-01 2.57132053e-01 6.58472538e-01
    7.92842388e-01 2.65820801e-01 3.68296236e-01 9.81212854e-01
    3.09655964e-01 8.93225074e-01 6.97742522e-01 3.19508612e-01
    4.77651298e-01 9.68717337e-01 4.46020335e-01 3.55899215e-01
    8.56126249e-02 5.26303113e-01 7.68937588e-01 2.24766552e-01
    1.78916454e-02 2.18820632e-01 9.35371876e-01 3.87836576e-01
    1.92549437e-01 6.38420582e-01 9.31894481e-02 3.03267419e-01
    3.26790631e-01 3.98199767e-01 9.85597849e-01 6.25997186e-01
    7.39321411e-02 1.20618492e-01 5.34381986e-01 6.22051358e-02
    3.18474412e-01 7.26821780e-01 2.18293071e-01 7.12781549e-02
    4.42272127e-02 1.39704883e-01 3.07547808e-01 3.84402394e-01
    7.26753235e-01 5.26566505e-02 1.42231733e-01 9.13924813e-01
    2.07091421e-01 9.28915858e-01 2.93493181e-01 9.42999661e-01
    1.20402157e-01 5.12542427e-01 4.15584177e-01 3.68295968e-01
    7.98235595e-01 5.11780977e-01 2.84177363e-01 6.90942407e-02
    2.86115229e-01 5.28207362e-01 1.45335108e-01 2.06861287e-01
    4.23089206e-01 6.36180758e-01 5.76402605e-01 5.85914791e-01
    3.69184792e-01 4.01413202e-01 2.11811095e-01 2.63415128e-01
    5.55935085e-01 7.40497112e-01 1.40870333e-01 8.87828588e-01
    1.81808740e-01 2.28518814e-01 4.36781585e-01 4.87217605e-02
    3.63935590e-01 1.46784604e-01 3.63901258e-03 2.42710054e-01
    3.46033216e-01 3.81934166e-01 7.43248820e-01 2.68090367e-02
    6.52984619e-01 5.99189222e-01 5.95342278e-01 1.75886244e-01
    2.18907893e-02 7.69712090e-01 3.59493256e-01 8.74756813e-01
    1.88314170e-01 3.21734726e-01 8.95983994e-01 6.93376184e-01
    1.10568255e-01 6.17374122e-01 9.07443285e-01 3.30726832e-01
    8.05761218e-02 8.00085545e-01 2.98855066e-01 5.89732528e-01
    9.32925880e-01 8.60155821e-02 9.28381145e-01 5.77486038e-01
    5.20163953e-01 7.64057159e-01 7.46807277e-01 6.91727996e-01
    8.89221072e-01 9.61712122e-01 4.49794561e-01 3.06636095e-03
    7.31061578e-01 5.44882655e-01 9.00629342e-01 7.65884817e-01
    5.80913901e-01 7.91749597e-01 4.53086376e-01 6.84449792e-01
    6.35898769e-01 8.95946085e-01 7.34583199e-01 2.61930883e-01
    4.17323977e-01 1.23890638e-02 3.15779805e-01 8.34076285e-01
    5.73715925e-01 4.40213054e-01 1.53449208e-01 9.87933636e-01
    1.63336217e-01 7.28298843e-01 9.94798720e-01 2.41100281e-01
    5.39345384e-01 7.82341361e-02 4.42502439e-01 5.72730780e-01
    7.03510702e-01 2.46522814e-01 2.78267562e-02 8.43733490e-01
    5.59271336e-01 4.93341565e-01 9.10202026e-01 4.83174592e-01
    4.33756799e-01 7.49998093e-01 1.61146581e-01 2.72897780e-02
    9.94950652e-01 6.76095665e-01 6.43327236e-01 9.23057258e-01
    3.13552499e-01 9.71193314e-01 6.83948398e-02 6.77452385e-01
    8.19250524e-01 1.16492569e-01 9.12894845e-01 9.94279027e-01
    9.44746912e-01 1.22227132e-01 5.92910171e-01 4.40328568e-01
    5.15011311e-01 2.85933256e-01 9.63429213e-01 7.77125001e-01
    4.36566025e-01 5.61210513e-02 9.21091437e-01 3.38367224e-02
    3.57869923e-01 4.60886896e-01 7.24649966e-01 6.75733089e-01
    1.08018845e-01 8.89906406e-01 1.13982260e-01 8.81606817e-01
    7.92214274e-01 8.85282457e-01 1.75584257e-01 9.34288681e-01
    1.35666937e-01 5.63227952e-01 1.35213047e-01 9.04901862e-01
    5.76139390e-01 1.17468446e-01 8.92950058e-01 5.51928401e-01
    2.49619305e-01 2.63658434e-01 2.25889683e-01 5.41299701e-01
    7.55302310e-02 9.39295053e-01 7.87451565e-01 6.16167545e-01
    4.47244734e-01 2.55342782e-01 7.29177356e-01 5.65233827e-01
    5.71988344e-01 1.11312270e-01 8.64591062e-01 6.92662179e-01
    5.05428851e-01 3.98403347e-01 3.09165895e-01 1.55303657e-01
    6.52729273e-01 5.00260770e-01 3.13507468e-01 4.04799938e-01
    1.62845641e-01 4.02231872e-01 8.96213531e-01 9.94664550e-01
    8.36510777e-01 5.32414854e-01 5.96145868e-01 7.74194002e-01
    9.62793946e-01 6.74553752e-01 2.28426307e-01 3.88767272e-01
    5.82674503e-01 7.30640054e-01 9.56440926e-01 1.01892501e-01
    3.97843987e-01 4.20458764e-01 3.40655625e-01 8.38199258e-02
    9.98132825e-01 4.11941260e-01 4.16031420e-01 1.14707142e-01
    4.26280051e-01 2.54367173e-01 9.69323516e-01 3.75573933e-02
    4.33457673e-01 3.46955717e-01 7.79917300e-01 7.83622921e-01
    2.28846580e-01 4.76945460e-01 2.28651792e-01 7.35316157e-01
    4.73678589e-01 6.18730247e-01 1.33144766e-01 5.80537140e-01
    4.34580088e-01 9.77520108e-01 7.37044394e-01 5.07198632e-01
    5.82230687e-02 5.39793670e-01 3.47821534e-01 4.83492017e-02
    3.50951195e-01 7.16491580e-01 3.10557187e-02 9.84999001e-01
    6.40770495e-01 5.38689733e-01 8.71739030e-01 9.70565438e-01
    3.43639135e-01 6.06316030e-01 1.66217804e-01 1.23822629e-01
    7.27691352e-01 2.17256099e-01 4.23952490e-01 7.73558259e-01
    9.91324306e-01 5.17224669e-02 5.65024912e-01 2.13727564e-01
    7.85012603e-01 9.55653548e-01 6.91366613e-01 3.79644036e-01
    2.07106173e-01 1.16334975e-01 1.67900562e-01 7.89821982e-01
    8.20119381e-02 5.59045613e-01 4.69024360e-01 6.06355429e-01
    3.51036251e-01 9.54615712e-01 1.80833966e-01 4.17912155e-01
    5.10865867e-01 4.26493585e-02 3.30042064e-01 8.73911381e-01
    2.18424022e-01 4.13335800e-01 4.46029454e-01 6.70613229e-01
    6.78786397e-01 8.94558847e-01 5.03382027e-01 2.53517032e-02
    6.02093577e-01 2.47217357e-01 2.06246853e-01 5.39666533e-01
    8.63441706e-01 4.84923512e-01 4.02018011e-01 6.80788219e-01
    2.49304175e-02 8.83923292e-01 9.93332386e-01 2.47943163e-01
    4.88946259e-01 5.45197129e-01 3.62758160e-01 3.48207504e-01
    3.93379390e-01 5.73072255e-01 5.19840539e-01 4.38263059e-01
    8.84430528e-01 7.52001286e-01 3.50141287e-01 8.81989241e-01
    1.12265646e-01 7.58051991e-01 5.18988609e-01 9.61249709e-01
    7.81776905e-01 6.46912634e-01 4.45323169e-01 3.54976416e-01
    9.65007007e-01 3.49889755e-01 4.66796845e-01 5.80966353e-01
    6.37687087e-01 9.62612629e-01 2.70491540e-02 6.76090240e-01
    5.02456188e-01 5.52912116e-01 9.17349637e-01 1.91324472e-01
    1.94940597e-01 2.52893448e-01 8.93230200e-01 1.78320527e-01
    4.69296575e-01 1.70839250e-01 1.63803011e-01 9.35113192e-01
    3.05640638e-01 8.14169824e-01 9.07956719e-01 9.98400927e-01
    1.17951959e-01 3.57098937e-01 9.20960188e-01 4.60954696e-01
    4.96042520e-01 2.13597685e-01 3.38979721e-01 8.86212468e-01
    1.78263277e-01 8.80183756e-01 1.37906641e-01 4.24789488e-01
    3.27291250e-01 2.09382564e-01 9.86775994e-01 7.49398232e-01
    4.71267700e-01 8.39825273e-01 1.40647262e-01 8.38706076e-01
    7.86522985e-01 2.89497226e-01 9.00994241e-02 8.11954856e-01
    7.81902313e-01 6.16405010e-01 2.38502085e-01 2.20010310e-01
    2.50906587e-01 6.16324306e-01 3.11041236e-01 9.67899561e-02
    1.78120792e-01 1.84712738e-01 6.77900314e-01 7.72879481e-01
    2.35007256e-01 7.89356232e-01 8.73349190e-01 1.96561545e-01
    3.18672001e-01 4.54924941e-01 3.94910485e-01 3.94523352e-01
    8.39243174e-01 1.37156337e-01 5.02823949e-01 5.12013197e-01
    8.48356605e-01 3.73507977e-01 9.64253426e-01 3.84801090e-01
    7.70475864e-02 6.71592951e-02 4.19019878e-01 8.33430469e-01
    9.35254633e-01 6.42037928e-01 9.87747073e-01 4.53891754e-01
    3.31785768e-01 8.62465620e-01 6.82101846e-01 7.58936405e-02
    8.45111012e-01 5.82967818e-01 8.81057084e-02 1.98951781e-01
    3.42668205e-01 1.17801130e-02 6.76760733e-01 9.80949819e-01
    1.75763369e-02 3.35816592e-01 7.60825276e-01 9.65189099e-01
    4.47829485e-01 6.90697134e-01 7.27652729e-01 5.30925512e-01
    1.19252205e-02 8.06356847e-01 1.09929204e-01 2.96208560e-02
    4.99626637e-01 8.95611048e-01 7.85975814e-01 9.09801841e-01
    3.74147892e-01 6.73480392e-01 7.54421294e-01 4.29359138e-01
    8.05468559e-01 3.03826004e-01 1.45948052e-01 8.35303962e-02
    6.81984425e-02 4.84874845e-02 2.79051542e-01 4.54015255e-01
    3.46927166e-01 7.14552343e-01 9.29705620e-01 4.88819361e-01
    7.53848672e-01 6.00228608e-01 8.53846669e-01 2.23340213e-01
    9.43671942e-01 2.97136605e-02 8.29053640e-01 4.96438414e-01
    6.78210139e-01 8.24954867e-01 9.28517103e-01 8.09759796e-02
    2.87610263e-01 8.19415808e-01 7.40035594e-01 3.44536543e-01
    9.30797160e-01 1.85975492e-01 9.52613652e-01 3.40697885e-01
    7.60775685e-01 3.56934875e-01 5.28459013e-01 7.24644125e-01
    5.66820621e-01 7.04017043e-01 9.80761290e-01 7.45028973e-01
    9.69762087e-01 5.44119060e-01 3.68375599e-01 2.59408355e-02
    3.12800705e-01 5.45666158e-01 6.27044022e-01 5.46658754e-01
    6.89613342e-01 2.56992429e-01 1.95393026e-01 4.88855481e-01
    6.96706295e-01 1.95252240e-01 9.20909524e-01 1.75569952e-01
    1.80251479e-01 6.33896291e-02 9.27381516e-01 3.97284627e-01
    9.36873913e-01 6.88564718e-01 1.31551713e-01 7.58912206e-01
    7.02688456e-01 1.44524038e-01 1.80994272e-01 3.22978675e-01
    7.07357526e-01 3.95895988e-01 9.63781238e-01 2.71642029e-01
    8.65732908e-01 1.22285962e-01 3.57300222e-01 3.61682326e-01
    4.73070115e-01 6.10061169e-01 9.04489875e-01 4.41671133e-01
    6.03543043e-01 1.46752030e-01 4.34683919e-01 1.88217998e-01
    8.99850845e-01 7.56389260e-01 9.45176959e-01 9.67028141e-01
    3.20405066e-01 6.85854852e-01 9.02755141e-01 7.35709667e-01
    8.76588225e-01 7.99777865e-01 1.48577243e-01 7.85585761e-01
    9.21060741e-01 6.46609306e-01 7.89925814e-01 7.19321966e-01
    6.52790606e-01 8.63659859e-01 5.20627499e-01 1.49243534e-01
    6.68495357e-01 2.48400033e-01 4.91306573e-01 6.39731169e-01
    5.73452413e-02 2.79488802e-01 4.69345272e-01 9.56545353e-01
    6.26135349e-01 2.37668991e-01 8.49845886e-01 9.77135777e-01
    3.44657540e-01 5.85483432e-01 8.30302000e-01 1.48337841e-01
    8.55597079e-01 9.27630186e-01 2.91212678e-01 2.99893618e-02
    1.89627945e-01 2.69107640e-01 7.11602926e-01 2.54976302e-01
    9.98674333e-02 3.67361903e-02 4.86790657e-01 3.42723459e-01
    8.81271601e-01 9.73566115e-01 5.27691185e-01 8.84068370e-01
    4.79123920e-01 3.92236203e-01 2.16821015e-01 9.49803352e-01
    1.34240240e-01 3.90995204e-01 2.59122014e-01 4.30904329e-01
    1.46798402e-01 7.84141421e-01 7.99039125e-01 6.32648647e-01
    3.30257386e-01 8.59086275e-01 8.36858630e-01 3.01725805e-01
    2.34689116e-01 7.72581935e-01 6.13151789e-01 1.62390292e-01
    7.22639501e-01 5.80586553e-01 7.52593637e-01 7.22033858e-01
    7.81274676e-01 3.29268873e-02 8.06359470e-01 5.38385212e-01
    7.41321445e-01 1.95702523e-01 8.29668999e-01 9.33074832e-01
    5.37070632e-01 1.48650318e-01 4.56580371e-01 2.37979263e-01
    8.94569159e-01 4.53334093e-01 5.57182074e-01 5.80965877e-01
    3.83773267e-01 1.26461685e-01 1.08787894e-01 1.09959394e-01
    4.92546469e-01 9.24728215e-02 5.72243035e-02 4.17556524e-01
    8.82550776e-02 2.04151958e-01 2.84231901e-02 2.47756600e-01
    1.26421779e-01 6.60275102e-01 8.24321985e-01 7.21798897e-01
    5.22180438e-01 7.50744760e-01 6.02630794e-01 4.02891785e-01
    1.35305554e-01 9.71095204e-01 5.51086605e-01 3.08944583e-01
    6.76250041e-01 3.34187686e-01 8.50369334e-01 1.78157955e-01
    8.12643349e-01 4.69737142e-01 7.75027990e-01 2.96613514e-01
    7.34725177e-01 6.58141732e-01 8.97664309e-01 8.87803435e-01
    8.20065498e-01 9.70582962e-01 5.12013912e-01 2.72542268e-01
    8.88326049e-01 1.84602201e-01 3.31105292e-02 2.19787866e-01
    9.89333272e-01 1.88660443e-01 8.95228088e-01 8.31827164e-01
    7.99847603e-01 1.95322722e-01 8.75701189e-01 7.80038953e-01
    2.96702445e-01 8.92980933e-01 4.69631851e-01 5.81226826e-01
    2.23235637e-01 7.40301013e-02 4.25885439e-01 1.27272397e-01
    2.21117198e-01 3.81249934e-01 2.71857202e-01 4.58265841e-01
    1.56964093e-01 7.85769701e-01 7.31284261e-01 4.21277493e-01
    6.76300883e-01 6.52158499e-01 2.11534262e-01 3.24272871e-01
    1.04066342e-01 8.24150681e-01 2.29978949e-01 4.56163168e-01
    7.80589581e-01 6.89173520e-01 7.74862170e-01 9.48273182e-01
    7.69018173e-01 5.82911849e-01 9.08933759e-01 7.87296534e-01
    9.01322842e-01 9.47308123e-01 1.01338893e-01 7.55193233e-01
    4.84661460e-01 4.29268688e-01 7.43443847e-01 9.62946475e-01
    3.54688108e-01 5.60807228e-01 6.29472733e-02 6.65873766e-01
    3.00389230e-02 7.08349943e-01 1.85416669e-01 3.75772387e-01
    8.97958517e-01 9.35902894e-02 7.90527284e-01 9.80750024e-01
    4.88494039e-01 1.93077415e-01 3.53930831e-01 5.30546010e-02
    6.13095880e-01 4.81067806e-01 3.32132280e-01 1.29645586e-01
    5.54885089e-01 1.16706192e-02 3.35056186e-01 8.13611388e-01
    4.27713573e-01 1.67324901e-01 2.69433886e-01 5.91696262e-01
    5.86455822e-01 7.09925115e-01 1.52477354e-01 5.66647887e-01
    4.02200818e-02 5.09605706e-01 3.26339900e-01 8.13187778e-01
    1.47012085e-01 4.53922749e-01 3.91556323e-01 1.89832240e-01
    6.80091023e-01 5.53598225e-01 3.00653458e-01 7.26358593e-01
    6.38192832e-01 6.65007293e-01 8.18021417e-01 4.86682892e-01
    2.20594317e-01 8.57473135e-01 2.44880795e-01 6.68322921e-01
    3.53752583e-01 2.64572263e-01 2.69760877e-01 9.56662536e-01
    4.02581394e-02 6.20854795e-01 8.91357183e-01 3.15496743e-01
    7.77488351e-01 5.12959957e-01 1.91781402e-01 4.28995728e-01
    8.55318427e-01 1.06334686e-02 6.30419731e-01 3.18787247e-01
    3.47969472e-01 4.81077701e-01 8.59428346e-02 6.53751969e-01
    6.59316540e-01 5.99554479e-01 5.30371010e-01 6.31353259e-01
    4.50375736e-01 1.96528852e-01 1.26798362e-01 7.35844672e-01
    3.44389915e-01 2.72090435e-01 4.84454900e-01 6.74821138e-02
    3.88344616e-01 8.09867382e-01 1.81452632e-01 9.29232240e-01
    3.69419634e-01 3.30186963e-01 4.82520223e-01 9.34529305e-01
    1.65598989e-02 3.10936570e-03 2.91040242e-01 5.38417757e-01
    1.00808322e-01 5.15726268e-01 5.55640340e-01 7.28688180e-01
    3.50253284e-02 6.03361309e-01 5.37008405e-01 6.34168208e-01
    6.07349634e-01 1.97285503e-01 9.57174838e-01 7.47639537e-02
    9.52770233e-01 2.37526208e-01 2.70487398e-01 2.89528161e-01
    6.43094242e-01 8.09126019e-01 2.59669721e-01 9.57275867e-01
    9.95574594e-02 3.81252348e-01 4.26913381e-01 2.28764743e-01
    2.60935754e-01 9.79548454e-01 6.26890481e-01 8.03230464e-01
    8.76561701e-02 5.51930368e-01 2.14381039e-01 8.15323710e-01
    5.45901954e-02 2.58005917e-01 7.62260795e-01 6.00748301e-01
    9.12736416e-01 9.01236176e-01 6.55648708e-01 7.64100909e-01
    9.29072738e-01 4.67336774e-01 7.97647476e-01 4.21911478e-04
    6.43419266e-01 4.13823783e-01 7.27467477e-01 4.93554443e-01
    3.34543645e-01 7.02507138e-01 5.74590206e-01 5.98050356e-02
    2.88551390e-01 7.52511144e-01 1.20969653e-01 7.45090306e-01
    4.05374408e-01 3.91699135e-01 5.24048507e-01 7.37013578e-01
    3.55848551e-01 3.87429357e-01 8.70312214e-01 2.32246488e-01
    3.79584730e-01 8.49857926e-01 5.85866809e-01 4.94725883e-01
    3.19736779e-01 1.42875850e-01 8.25803339e-01 2.16833711e-01
    7.45369434e-01 6.42054796e-01 2.06924796e-01 7.59476662e-01
    7.46222615e-01 8.07038546e-01 4.94284272e-01 5.13541162e-01
    6.78575635e-01 9.99103427e-01 2.92118669e-01 5.40698647e-01
    2.94613957e-01 7.69245744e-01 4.79826540e-01 4.41908181e-01
    9.75252151e-01 1.66547626e-01 8.46596837e-01 6.29687548e-01
    3.66998523e-01 3.26655626e-01 2.98970520e-01 4.09015954e-01
    6.58377647e-01 3.31065059e-01 8.44486296e-01 9.52635407e-01
    3.86030436e-01 8.38902593e-03 2.44945198e-01 1.80560350e-02
    8.32060456e-01 8.90040457e-01 6.49383962e-01 2.33943462e-01
    3.89220774e-01 8.22184682e-01 8.71026814e-01 9.89272296e-02
    8.52161288e-01 1.27421319e-01 7.29734063e-01 7.39795089e-01
    9.25262868e-01 9.95249927e-01 6.20664656e-01 6.50752187e-01
    5.32076001e-01 5.39517581e-01 1.11765504e-01 6.52216911e-01
    4.50841188e-02 5.15642762e-01 5.44786453e-05 4.33099627e-01
    1.60871953e-01 7.60310769e-01 2.89781094e-01 9.79168773e-01
    1.73640251e-01 3.88692617e-01 9.50085521e-01 5.55668771e-01
    5.92576921e-01 8.61332953e-01 1.52065396e-01 7.26193428e-01
    7.32404590e-02 9.45180595e-01 1.33921266e-01 6.30696118e-01
    6.70943260e-02 3.69985044e-01 3.02477539e-01 3.95425916e-01
    1.67039365e-01 2.07664728e-01 8.85199308e-01 8.01457644e-01
    9.16485906e-01 9.05589700e-01 7.22006321e-01 9.00204539e-01
    6.48723602e-01 2.42362618e-01 8.92879009e-01 7.64172673e-01
    1.81310743e-01 2.48651892e-01 1.52528614e-01 2.72261560e-01
    6.58121884e-01 1.48833454e-01 2.21096754e-01 5.94117999e-01
    2.57062912e-03 6.92592680e-01 9.04227972e-01 9.37154889e-01
    3.93306047e-01 6.18355632e-01 9.49509978e-01 8.13307464e-01
    6.08304322e-01 1.41283125e-01 3.06237638e-01 3.90166610e-01
    6.49637341e-01 1.36221588e-01 3.15311551e-01 4.64045376e-01
    3.03491473e-01 5.55282831e-01 6.92456961e-01 8.87292504e-01
    3.05387735e-01 8.75094414e-01 9.07493114e-01 7.35818803e-01
    5.81657827e-01 1.84081525e-01 8.53750706e-02 2.29271442e-01
    5.46344578e-01 2.38007516e-01 1.35057241e-01 8.64288092e-01
    2.01546311e-01 3.04565132e-01 1.66478157e-02 8.53813171e-01
    9.59018469e-01 4.40516293e-01 8.84238243e-01 2.57785380e-01
    3.64505291e-01 1.37477040e-01 3.41548562e-01 2.70254165e-01
    3.91036659e-01 8.72816205e-01 6.94410503e-01 3.85407031e-01
    2.86956728e-02 3.50293428e-01 1.05667412e-02 2.80039430e-01
    1.00820869e-01 2.95837164e-01 8.88197124e-02 5.25496244e-01
    9.73903358e-01 1.03308886e-01 7.98014522e-01 6.76019430e-01
    9.43292975e-01 1.08800352e-01 5.00078738e-01 9.03311491e-01
    3.66535008e-01 3.03285837e-01 1.32075876e-01 3.98746163e-01
    5.92840075e-01 3.72951806e-01 3.16538930e-01 4.98204648e-01
    3.34707856e-01 1.59522712e-01 8.15647602e-01 5.44673502e-01
    5.33175230e-01 4.36330020e-01 1.53814465e-01 7.32695580e-01
    8.07018578e-02 7.24537253e-01 8.33987892e-02 6.44288063e-01
    8.56819808e-01 5.95808566e-01 2.23378837e-01 2.01363772e-01
    8.93597603e-02 8.30400348e-01 5.76822460e-01 6.27750278e-01
    3.57267201e-01 1.24670565e-02 9.52225029e-02 4.40843105e-02
    8.03898573e-01 4.70280945e-02 4.79731441e-01 3.85009885e-01
    4.22972262e-01 5.84699631e-01 4.79652315e-01 6.95999146e-01
    5.65867424e-02 1.02609545e-01 9.18517113e-02 7.53140330e-01
    2.24290282e-01 9.08766985e-01 5.81609786e-01 6.01160705e-01
    1.54572308e-01 3.69298458e-02 9.47808385e-01 9.27746296e-01
    4.10942107e-01 9.28093135e-01 6.76688075e-01 8.77779722e-03
    2.86594748e-01 5.42518616e-01 8.72609377e-01 8.94334912e-01
    4.11866188e-01 3.04172337e-01 9.26495075e-01 2.75994837e-01
    7.73630857e-01 6.99901938e-01 9.59739447e-01 5.66538155e-01
    9.52678382e-01 5.79114318e-01 5.90583026e-01 4.30706471e-01
    2.09090292e-01 6.23665035e-01 6.94487691e-02 6.68330193e-02
    9.93119240e-01 6.54840648e-01 7.69179463e-01 4.41907346e-02
    5.85060477e-01 5.05147159e-01 5.39620459e-01 1.18713021e-01
    9.12467480e-01 1.77621841e-01 9.12459612e-01 1.60554051e-01
    9.26227450e-01 6.69651031e-01 5.68060577e-02 1.39532298e-01
    1.61726475e-02 6.96139336e-01 4.57879812e-01 9.86452878e-01
    2.72278130e-01 2.10124820e-01 2.66556263e-01 6.01324141e-02
    9.91740704e-01 3.08555841e-01 9.20474768e-01 7.11189806e-02
    9.82610941e-01 4.76831764e-01 9.54609394e-01 4.22758460e-01
    7.04823494e-01 3.87156606e-01 5.63405991e-01 9.74453032e-01
    5.82015753e-01 3.70417237e-02 7.23152816e-01 1.33826941e-01
    5.21303058e-01 1.01697743e-01 5.94881356e-01 5.08011460e-01
    4.50058758e-01 1.63633794e-01 4.96304929e-01 5.80181479e-01
    2.02103674e-01 3.82432818e-01 4.30886179e-01 5.05265772e-01
    5.19677460e-01 5.28307080e-01 9.46707845e-01 8.70413780e-01
    2.39208966e-01 8.76857579e-01 2.73434043e-01 2.98629999e-01
    3.66943121e-01 2.20200896e-01 8.48739386e-01 6.95485592e-01
    2.62087882e-01 6.33460343e-01 2.71064937e-02 7.95145333e-01
    1.85623020e-01 4.87303317e-01 9.57054436e-01 1.64352596e-01
    3.44098151e-01 3.26866210e-01 5.21132350e-03 7.89212883e-02
    4.96957958e-01 6.22772694e-01 2.77628601e-01 9.07269478e-01
    4.76391405e-01 6.36625111e-01 4.61212188e-01 8.70869160e-02
    3.48576665e-01 1.53274506e-01 6.84391737e-01 3.87905061e-01
    7.48100221e-01 9.47930276e-01 5.90489209e-02 7.80254245e-01
    7.89345920e-01 5.38146138e-01 3.69324267e-01 6.58527851e-01
    1.36626720e-01 1.74424499e-01 1.00896657e-01 2.04163998e-01
    2.70200312e-01 5.75672686e-01 8.78904819e-01 5.43726921e-01
    5.59074700e-01 5.97234666e-01 4.05619323e-01 5.66946387e-01
    2.93370247e-01 1.18728459e-01 8.64594042e-01 8.98405313e-01
    4.37413454e-01 9.50909197e-01 2.56609440e-01 5.23631632e-01
    4.33590114e-01 9.07700181e-01 6.97980821e-01 4.71515357e-01
    9.50657129e-01 6.85755491e-01 2.76592970e-01 7.43880868e-01
    1.02402866e-02 8.94037426e-01 6.53419971e-01 8.27032864e-01
    3.06491315e-01 8.59882474e-01 6.48050547e-01 7.91738272e-01
    4.43631440e-01 2.11525559e-01 9.10502076e-01 7.47479916e-01
    9.95215774e-01 4.49488670e-01 8.42344403e-01 2.01984763e-01
    7.56933272e-01 6.41491592e-01 9.02308941e-01 4.81299698e-01
    5.87265134e-01 2.49991506e-01 1.34693354e-01 8.23631644e-01
    7.83190250e-01 6.92136884e-01 9.21200514e-01 4.35237408e-01
    7.74302959e-01 9.07818437e-01 7.92771935e-01 3.51349831e-01
    2.09740847e-01 5.75537145e-01 9.48947787e-01 2.13002145e-01
    4.39474046e-01 4.80477333e-01 6.59515023e-01 1.39096826e-01
    4.76280332e-01 2.69216478e-01 6.29714727e-01 6.57073140e-01
    6.44487798e-01 7.75305510e-01 8.86160791e-01 4.11059201e-01
    3.51778865e-02 6.76868439e-01 3.32293212e-01 3.68400753e-01
    7.97021389e-01 9.44125414e-01 7.24659145e-01 3.03781867e-01
    3.50711346e-01 6.92653537e-01 9.52308893e-01 7.11383939e-01
    1.23322964e-01 6.45818233e-01 2.91098654e-01 1.16022706e-01
    5.00505865e-01 8.83441329e-01 1.07434481e-01 3.00359100e-01
    9.50154662e-01 2.28782296e-02 8.02651763e-01 2.41330862e-02
    5.77148974e-01 5.60350060e-01 9.04982924e-01 3.97377461e-01
    2.85339743e-01 6.86300576e-01 3.60652506e-02 7.38081574e-01
    5.59274912e-01 9.14744139e-01 8.53588223e-01 2.16025978e-01
    5.96544147e-01 9.92717385e-01 7.20973372e-01 7.81989694e-01
    8.81788373e-01 1.29244179e-01 1.36673808e-01 5.71126938e-02
    8.52406144e-01 1.86172813e-01 3.91140252e-01 3.10409009e-01
    6.22729540e-01 1.17622912e-02 9.13788319e-01 6.72191978e-01
    8.96689534e-01 5.12585104e-01 3.03440928e-01 6.62288487e-01
    6.94054246e-01 3.23888958e-02 9.61154699e-01 9.62043107e-01
    3.80414218e-01 1.96229219e-02 6.08433485e-01 7.45223701e-01
    3.52437079e-01 4.22992408e-01 6.98501527e-01 1.37700200e-01
    8.80788326e-01 4.09362614e-02 3.04712534e-01 7.92970836e-01
    8.88522863e-02 8.09549689e-01 4.54045445e-01 3.64791930e-01
    7.25629687e-01 9.52572942e-01 7.83439934e-01 9.13913369e-01
    9.26002860e-01 5.11525452e-01 2.61367559e-01 6.34247422e-01
    5.62476933e-01 1.89129978e-01 5.35177171e-01 3.38986278e-01
    9.17788982e-01 1.10365301e-01 2.85171568e-01 9.20601785e-02
    8.38362455e-01 2.69833624e-01 5.32573402e-01 4.95478153e-01
    1.98818982e-01 7.10446119e-01 2.47009426e-01 6.93475485e-01
    8.73995900e-01 9.78857279e-01 2.39799261e-01 9.56102788e-01
    4.20523703e-01 2.54610926e-01 3.01988244e-01 6.33144975e-01
    8.14422667e-02 9.21981275e-01 3.98845732e-01 4.14830446e-02
    5.98248243e-02 2.79932737e-01 4.80788141e-01 3.66352499e-01
    8.50953698e-01 2.14965165e-01 6.63575172e-01 7.21234918e-01
    7.69706190e-01 4.93817002e-01 4.99338299e-01 7.98320770e-01
    2.22085804e-01 7.06864715e-01 3.13513398e-01 1.22045994e-01
    5.08632183e-01 1.55315667e-01 6.47039652e-01 8.19130003e-01
    3.60829234e-02 3.12043786e-01 6.74277723e-01 8.45932484e-01
    7.76673794e-01 4.52176630e-02 8.82453442e-01 7.99991131e-01
    4.12601858e-01 1.26902044e-01 7.44393587e-01 9.46033716e-01
    9.24162269e-02 1.52465343e-01 8.64126444e-01 5.63680708e-01
    3.76390636e-01 3.24717164e-02 4.87563998e-01 1.10206008e-02
    6.50421739e-01 5.23792684e-01 3.87849897e-01 5.26152432e-01
    6.92040861e-01 9.33095694e-01 6.53483570e-02 3.01747262e-01
    9.90394950e-01 3.36585701e-01 6.76868618e-01 6.11654282e-01
    8.78344178e-01 2.71860778e-01 7.11532831e-02 2.13690311e-01
    7.05742598e-01 1.14033818e-02 5.26176274e-01 7.63992667e-01
    8.69943202e-02 9.57590342e-01 5.38174987e-01 1.90912813e-01
    4.41389471e-01 1.86750323e-01 3.09632599e-01 5.48202455e-01
    9.54089999e-01 3.51492226e-01 2.55160213e-01 8.25297713e-01
    9.19065595e-01 4.54675704e-01 1.30428344e-01 7.39611983e-01
    6.43087626e-01 3.39739025e-02 8.89881015e-01 1.69455558e-01
    2.72283196e-01 4.03314531e-02 1.47247463e-01 7.09129453e-01
    4.46540505e-01 7.31754601e-02 8.72092485e-01 6.96134210e-01
    2.05832452e-01 9.88657713e-01 2.77459025e-02 8.99905205e-01
    3.53936851e-01 8.97325397e-01 8.01821470e-01 2.78675497e-01
    2.28504926e-01 4.73360866e-01 4.18405026e-01 8.77941549e-01
    1.48188025e-01 2.12932914e-01 5.85938454e-01 4.06074107e-01
    1.74892575e-01 1.36426568e-01 9.44462895e-01 9.66160893e-01
    2.48170614e-01 5.12711704e-02 1.33657515e-01 5.37844062e-01
    6.02985263e-01 1.85025483e-01 8.49864841e-01 4.25472856e-03
    6.83131754e-01 1.23353958e-01 3.40717733e-01 5.59828162e-01
    3.45803320e-01 3.14368844e-01 1.54127061e-01 7.84328640e-01
    4.44499642e-01 7.89330244e-01 8.83812606e-01 7.78076649e-01
    4.62128222e-02 5.01316905e-01 9.79191422e-01 1.28868341e-01
    9.59348738e-01 5.17565310e-02 9.20460343e-01 1.74239606e-01
    4.56610024e-01 9.89351094e-01 6.93122506e-01 5.18842280e-01
    2.99304068e-01 1.61822677e-01 8.11317325e-01 5.05028725e-01
    6.48830175e-01 9.23087001e-02 7.90558815e-01 2.68033564e-01
    3.92280161e-01 6.80015564e-01 8.58069181e-01 2.83805728e-01
    7.31243491e-02 3.94362956e-01 8.28561306e-01 7.85106421e-01
    7.01369524e-01 1.92173868e-01 6.01202428e-01 7.08065271e-01
    4.80125457e-01 6.97526634e-01 4.27509934e-01 7.48995125e-01
    5.56912780e-01 2.49001950e-01 3.36661279e-01 5.86577773e-01
    5.17283797e-01 8.88574362e-01 1.56200886e-01 2.60065496e-01
    1.48553342e-01 4.25532222e-01 2.25620091e-01 8.38374197e-02
    8.92417014e-01 3.07898939e-01 7.87462234e-01 8.49219561e-02
    3.48991752e-02 1.26919746e-02 8.17128539e-01 4.88798201e-01
    7.14635015e-01 3.11000407e-01 5.34516573e-03 8.94345939e-02
    7.79562235e-01 1.56104863e-01 3.55605960e-01 3.72724384e-01
    7.71696091e-01 8.44671130e-01 7.82302976e-01 5.66859841e-01
    8.60351741e-01 2.07591563e-01 6.81650162e-01 5.45327127e-01
    9.10504103e-01 6.04862630e-01 8.88100564e-02 2.60252774e-01
    8.74306738e-01 5.49446285e-01 9.45389450e-01 4.46437865e-01
    4.11721647e-01 3.06664705e-01 1.33670866e-01 6.12409532e-01
    1.15512282e-01 3.25827628e-01 2.87569165e-02 5.84821999e-01
    2.77620792e-01 5.58687806e-01 2.55147159e-01 5.28186083e-01
    5.07713258e-02 7.18737602e-01 7.78989434e-01 1.89774126e-01
    3.38121593e-01 1.83925241e-01 9.31152582e-01 4.71697509e-01
    8.89162898e-01 2.35308290e-01 7.70860910e-03 9.27021801e-01
    4.40327466e-01 3.81447852e-01 2.07806528e-02 8.13082099e-01
    4.51421261e-01 8.53728175e-01 3.28230262e-01 5.14432073e-01
    5.30880630e-01 1.76257372e-01 2.78026700e-01 6.22856855e-01
    1.67396247e-01 3.26336890e-01 6.15232766e-01 5.40200055e-01
    5.99583983e-02 7.66739726e-01 3.77045691e-01 9.51714277e-01
    2.95519829e-01 9.95545268e-01 4.06071126e-01 3.12978208e-01
    6.65783882e-03 3.38452488e-01 7.36737847e-01 4.86093432e-01
    2.69426942e-01 3.56325328e-01 7.36102939e-01 5.93369842e-01
    8.63934517e-01 7.03242302e-01 4.74900573e-01 2.54517823e-01
    6.26044095e-01 6.54726565e-01 7.38909662e-01 5.91909528e-01
    3.34341347e-01 1.81694895e-01 8.27540755e-01 8.41046393e-01
    3.52773398e-01 8.37578773e-01 6.76774561e-01 2.24757493e-01
    5.65109849e-01 9.75001395e-01 7.62004077e-01 9.54293728e-01
    8.71925831e-01 6.70375705e-01 8.04959834e-02 3.46370876e-01
    9.99617577e-01 1.99413687e-01 3.43422294e-01 5.87793112e-01
    9.46837783e-01 1.90113664e-01 4.07871574e-01 2.46629715e-02
    5.84169745e-01 2.78264225e-01 5.42509913e-01 7.72768140e-01
    3.58889103e-02 3.13588858e-01 4.52748179e-01 5.82068384e-01
    9.85959589e-01 6.06346607e-01 7.21589744e-01 4.32693422e-01
    7.41794705e-03 8.54508817e-01 2.01870054e-01 5.25517046e-01
    3.79203588e-01 3.69381547e-01 4.23823893e-01 2.60456204e-01
    7.90400267e-01 2.83064663e-01 4.12493497e-01 5.10751724e-01
    5.70388854e-01 3.33611548e-01 3.20461392e-02 8.81068349e-01
    3.04404765e-01 6.91357851e-02 8.57444346e-01 4.92326617e-02
    4.20654923e-01 5.37434101e-01 4.00092393e-01 9.97344613e-01
    6.01207435e-01 4.74114716e-02 2.83990502e-02 9.38218176e-01
    2.35212505e-01 6.69573069e-01 9.70991731e-01 9.90701795e-01
    7.16495037e-01 4.41394150e-02 3.76378357e-01 8.84766221e-01
    8.41102183e-01 5.00960648e-01 2.57704258e-02 4.47924107e-01
    1.55438393e-01 1.96151406e-01 8.23114395e-01 9.44526196e-01
    8.02511036e-01 4.59937751e-02 4.54961717e-01 5.66971838e-01
    6.72191322e-01 8.09867978e-02 4.94155586e-01 4.10715491e-01
    2.20352411e-02 4.62409675e-01 7.57086754e-01 9.91625428e-01
    8.50533009e-01 1.35271370e-01 4.64298099e-01 9.14062202e-01
    9.73635316e-01 8.45822036e-01 8.28333259e-01 3.71486008e-01
    7.15450168e-01 7.46253729e-01 5.61899126e-01 1.06718630e-01
    3.13476026e-01 9.28366661e-01 6.30719423e-01 7.69483328e-01
    6.44028187e-01 8.62743556e-02 4.98195887e-02 7.18476534e-01
    1.51190490e-01 5.11175752e-01 3.25154006e-01 2.87945896e-01
    9.55702543e-01 8.32818627e-01 8.52608681e-01 7.53637314e-01
    4.29648191e-01 3.84630591e-01 7.39535689e-01 4.39759910e-01
    7.17131078e-01 6.58690035e-02 7.31160641e-02 7.04702258e-01
    5.42735875e-01 8.54715705e-01 9.59133804e-02 3.62794131e-01
    8.85881007e-01 8.73792052e-01 9.33160663e-01 8.88746381e-01
    5.45643270e-02 5.05256295e-01 2.68751085e-01 2.99007505e-01
    9.91746426e-01 3.16284329e-01 7.56475449e-01 7.74114430e-01
    3.50987583e-01 6.14061058e-01 2.96425581e-01 7.58375406e-01
    5.13719320e-02 5.98951340e-01 3.96569073e-01 9.98971701e-01
    2.33632475e-01 5.16868174e-01 2.98380494e-01 8.54736209e-01
    6.42725468e-01 6.98505282e-01 7.07629681e-01 7.75896668e-01
    6.69172645e-01 2.06938833e-01 2.17874020e-01 7.20526338e-01
    2.63906240e-01 6.14990652e-01 6.17439032e-01 6.79011941e-01
    9.94169950e-01 3.90214622e-01 8.82332921e-01 7.76787758e-01
    8.96223009e-01 8.48866522e-01 3.95224690e-02 8.75987411e-01
    7.47799814e-01 7.97034085e-01 7.47729421e-01 6.27442598e-01
    7.78503895e-01 3.59462202e-01 4.57803756e-01 1.88623667e-02
    3.94857317e-01 1.07368320e-01 1.04853839e-01 4.84767228e-01
    5.07414401e-01 3.85157585e-01 8.32558513e-01 3.52250099e-01
    8.91366959e-01 1.73708916e-01 1.80409312e-01 1.42158777e-01
    4.55190539e-01 9.14865375e-01 6.81313634e-01 6.91756606e-02
    3.54518592e-01 3.52828920e-01 4.02151048e-01 7.21117914e-01
    9.23227668e-01 8.66290927e-01 6.85093820e-01 9.23057199e-01
    1.82722211e-02 5.20563304e-01 7.53095508e-01 5.03653824e-01
    6.94272876e-01 3.36762965e-02 7.08485782e-01 5.87061644e-02
    1.18994147e-01 5.46816826e-01 1.47478998e-01 7.47887254e-01
    6.89130187e-01 9.11361694e-01 2.30008930e-01 8.42433214e-01
    7.06293881e-02 6.23495221e-01 5.40918529e-01 6.94225788e-01
    5.54741085e-01 2.85657763e-01 4.49335396e-01 4.69053924e-01
    9.18354511e-01 9.94934320e-01 3.31018746e-01 8.40354443e-01
    7.59013832e-01 8.86265576e-01 1.08750552e-01 4.49697852e-01
    8.61504197e-01 9.29006815e-01 5.92905760e-01 5.04897296e-01
    3.42944205e-01 2.96830595e-01 5.18975437e-01 8.22912872e-01
    1.94696337e-01 3.31618190e-01 1.37981921e-01 8.89117777e-01
    3.53607953e-01 9.99009013e-01 4.32272196e-01 3.92910361e-01
    6.94157779e-02 3.38807762e-01 1.62471443e-01 3.58117402e-01
    7.92859674e-01 1.12444371e-01 9.03800845e-01 4.29060400e-01
    1.65545732e-01 4.15249556e-01 7.64879882e-01 4.30605471e-01
    4.17149633e-01 9.01146889e-01 4.47198451e-01 2.94715315e-01
    6.41309142e-01 1.73896730e-01 1.12225235e-01 1.05722725e-01
    6.78326190e-01 7.66948760e-02 1.21129036e-01 6.56236410e-02
    4.56191897e-02 3.17086279e-02 9.92250323e-01 5.53061962e-01
    1.44409359e-01 7.96693563e-01 7.19242036e-01 5.92146695e-01
    5.96663117e-01 8.79120648e-01 4.12205786e-01 7.48171806e-01
    2.25263953e-01 8.06955457e-01 4.38777387e-01 5.63071430e-01
    5.49610555e-01 1.02763683e-01 3.62248242e-01 5.96785426e-01
    4.99312401e-01 4.64559317e-01 2.74712086e-01 1.42189860e-02
    7.44135380e-01 5.72965145e-02 6.31228566e-01 9.69751716e-01
    7.79134631e-01 2.99395680e-01 8.30316067e-01 5.45944512e-01
    7.46907473e-01 7.02165067e-01 8.80720794e-01 9.60364699e-01
    5.34037948e-02 9.75888431e-01 1.82130277e-01 3.52680475e-01
    9.16258693e-02 6.69007659e-01 2.37415850e-01 7.07472742e-01
    5.07361293e-01 8.02061677e-01 8.68329763e-01 5.64357519e-01
    9.31518316e-01 1.08388335e-01 4.66425717e-01 4.22476918e-01
    9.13631558e-01 4.69721258e-01 6.43972158e-01 5.31446338e-01
    6.26107693e-01 9.08459544e-01 7.97899961e-01 9.20765162e-01
    7.51233578e-01 8.69350076e-01 7.73281336e-01 9.01150703e-01
    9.36748624e-01 2.01400727e-01 3.87721986e-01 7.92700410e-01
    1.20062888e-01 5.75368166e-01 6.54969335e-01 2.16413945e-01
    8.54020834e-01 2.94965386e-01 8.32832456e-01 1.69548094e-02
    8.66773009e-01 2.21916586e-01 6.40380561e-01 5.52040339e-02
    9.28309023e-01 6.11819923e-01 7.60125875e-01 7.75595725e-01
    5.90884268e-01 6.19053543e-01 5.60968995e-01 7.62549937e-02
    5.60876489e-01 2.35367954e-01 9.05328274e-01 2.78780282e-01
    5.56506455e-01 8.12077880e-01 5.98338127e-01 4.40568328e-01
    9.04927552e-01 8.63201022e-01 3.08423191e-01 6.89074218e-01
    6.54371023e-01 9.31263268e-01 2.72070229e-01 4.77530390e-01
    3.24266553e-01 1.47499412e-01 7.31789351e-01 9.23248529e-02
    4.89430368e-01 1.68613613e-01 7.56686926e-03 2.99999654e-01
    8.81538868e-01 2.52702117e-01 5.05500436e-01 9.24043059e-01
    7.76015878e-01 7.82797694e-01 1.94204509e-01 1.49388909e-01
    8.98411989e-01 3.51152658e-01 1.71716899e-01 8.47327709e-01
    4.63299602e-01 5.92730045e-02 8.17108512e-01 8.49500537e-01
    6.45980477e-01 5.20425856e-01 7.46133089e-01 2.50611991e-01
    2.80407250e-01 4.57260549e-01 8.95108879e-02 3.33845794e-01
    5.03169239e-01 6.81299865e-01 5.66719353e-01 5.24902523e-01
    7.11152196e-01 7.20594525e-01 6.71888471e-01 8.75243545e-01
    5.85484684e-01 3.03850472e-02 3.51302534e-01 3.58626246e-01
    5.01102209e-02 6.67121589e-01 5.63652515e-01 4.92161721e-01
    9.16241407e-02 6.24388874e-01 2.04695284e-01 3.49795878e-01
    1.77650362e-01 9.65599179e-01 6.75023615e-01 9.76624489e-01
    4.31041360e-01 3.89885873e-01 4.59754825e-01 8.12877297e-01
    6.50192916e-01 7.75516748e-01 6.80245340e-01 9.30545092e-01
    5.43533623e-01 6.27581537e-01 8.70134771e-01 4.05039668e-01
    2.07732737e-01 5.11459649e-01 4.50560540e-01 3.57507885e-01
    3.35717946e-01 2.08362937e-03 2.03944921e-01 8.89679074e-01
    1.15543276e-01 7.60701597e-02 5.16583323e-01 5.47714829e-02
    7.87607312e-01 5.67173958e-01 3.25050622e-01 4.44804132e-01
    5.08977175e-02 3.49765062e-01 8.95611525e-01 7.41287708e-01
    6.42633855e-01 1.10507697e-01 2.44452953e-01 6.05915606e-01
    3.27429682e-01 5.39073765e-01 8.84680510e-01 3.57812345e-02
    6.99781775e-01 3.10877621e-01 7.14067519e-01 2.69629270e-01
    9.23042893e-01 2.46755838e-01 8.87596965e-01 6.03725374e-01
    8.54690611e-01 9.44315791e-01 7.59321153e-01 3.19605768e-02
    9.47805703e-01 9.32117939e-01 3.60576302e-01 2.00183481e-01
    2.40378737e-01 7.50936806e-01 1.43514454e-01 5.97692549e-01
    7.41267800e-01 4.10080016e-01 1.17821693e-01 9.79051232e-01
    8.73962879e-01 7.19240189e-01 1.89335644e-02 7.93980658e-02
    2.54470766e-01 1.84360266e-01 9.64597702e-01 3.68333697e-01
    9.13820982e-01 1.24103338e-01 3.65878582e-01 4.92485136e-01
    6.15697503e-01 5.48447549e-01 7.02663898e-01 5.90069056e-01
    2.97470450e-01 8.85437608e-01 3.11885178e-02 1.44468606e-01
    5.90989232e-01 7.36556232e-01 1.55516088e-01 2.28448510e-01
    2.98658490e-01 4.25550342e-02 9.87909675e-01 8.26774359e-01
    5.89755893e-01 1.39272451e-01 7.64686942e-01 6.94657385e-01
    8.28703642e-01 8.39487433e-01 8.56341720e-01 4.12552476e-01
    3.73274624e-01 4.11802173e-01 9.64677215e-01 7.68774748e-01
    8.62658501e-01 5.68175495e-01 2.04232126e-01 1.59096241e-01
    5.28496385e-01 7.18541324e-01 6.96729422e-01 5.20327806e-01
    2.44917065e-01 4.93533909e-01 7.78674901e-01 3.02757353e-01
    8.30726027e-02 1.88156396e-01 5.97921371e-01 8.56166124e-01
    8.51195574e-01 7.10489511e-01 8.62164795e-01 2.97560453e-01
    4.30475771e-01 9.94546652e-01 8.32897723e-01 3.38264048e-01
    6.45343661e-01 3.51682007e-02 8.18329334e-01 1.54586256e-01
    4.71955538e-03 6.52740955e-01 5.55038571e-01 6.17856264e-01
    6.22754395e-02 4.48142767e-01 1.61844790e-02 2.95736164e-01
    5.59258878e-01 5.46947598e-01 3.23544145e-02 2.32124329e-03
    2.28560179e-01 1.61141604e-01 5.43132067e-01 1.59161299e-01
    2.40420878e-01 9.19281960e-01 7.19145775e-01 7.67768979e-01
    3.84278148e-01 4.02543545e-01 5.04197776e-01 9.95254278e-01
    1.06484145e-01 2.31144190e-01 9.35199857e-03 8.86443019e-01
    6.23573840e-01 2.27140993e-01 7.60213733e-02 8.10058415e-01
    5.72299480e-01 5.86258173e-02 9.43064094e-02 5.82879901e-01
    3.88981760e-01 4.75951821e-01 5.33267379e-01 4.71798480e-01
    9.77090061e-01 3.05976152e-01 2.60504365e-01 7.33768344e-02
    8.32727551e-01 9.59441841e-01 6.75622702e-01 4.65136170e-01
    4.93332744e-01 6.58575058e-01 8.81358087e-02 4.64191347e-01
    8.01535964e-01 3.71953368e-01 2.48848885e-01 3.99266064e-01
    7.73504972e-01 8.81090820e-01 3.42203081e-01 4.58961487e-01
    9.62174237e-01 4.42657590e-01 9.57079232e-02 4.70231593e-01
    6.93123877e-01 2.84394771e-01 6.85551941e-01 2.97802806e-01
    4.92829680e-02 7.95318902e-01 6.27801359e-01 2.83413947e-01
    9.27639008e-03 4.53882754e-01 9.01744127e-01 4.22678888e-01
    9.50183153e-01 1.97178870e-01 3.52621257e-01 5.95877349e-01
    7.77414680e-01 8.64907205e-01 7.87415504e-01 8.91102672e-01
    6.86996996e-01 3.96310627e-01 5.59398353e-01 3.42257321e-01
    4.64858651e-01 7.74246395e-01 9.33153987e-01 8.76758814e-01
    4.51620311e-01 6.61419034e-02 4.44032669e-01 9.88854647e-01
    2.60035217e-01 1.99612886e-01 3.25207710e-02 4.59755898e-01
    5.28211594e-01 7.42923915e-01 9.87458050e-01 3.10921490e-01
    4.79227006e-02 4.55366373e-01 5.29342651e-01 5.01149118e-01
    3.18579793e-01 9.47668493e-01 4.63684261e-01 4.69568491e-01
    8.98950219e-01 8.05690169e-01 7.84430265e-01 3.67937088e-01
    9.95303512e-01 7.69932687e-01 7.78920829e-01 4.60753679e-01
    6.75953150e-01 7.95666099e-01 1.72364265e-01 2.72987366e-01
    1.87656760e-01 1.43275589e-01 7.45621145e-01 4.47423041e-01
    2.10260183e-01 4.15500343e-01 1.82844132e-01 2.49471933e-01
    4.31262732e-01 5.60807347e-01 8.14109683e-01 8.67743492e-01
    4.98322636e-01 2.44845390e-01 1.82800829e-01 9.58050311e-01
    5.19067407e-01 6.41706407e-01 4.12800014e-02 8.90247226e-01
    2.45465994e-01 7.14609444e-01 5.50346375e-01 7.49319792e-01
    4.38842148e-01 7.13009238e-01 5.59217274e-01 6.99358940e-01
    7.06515849e-01 6.93209112e-01 3.45695138e-01 8.88615251e-01
    6.94733381e-01 9.19091702e-01 7.48089790e-01 6.20025873e-01
    7.35880733e-02 6.31460607e-01 5.77904642e-01 8.63091409e-01
    4.95024562e-01 9.10421252e-01 8.43429208e-01 3.65510285e-01
    3.91691536e-01 4.32569385e-01 7.24403322e-01 2.41955519e-01
    6.43986881e-01 1.37229621e-01 8.64249885e-01 1.53755397e-01
    3.15557778e-01 9.15875614e-01 8.12811494e-01 2.55432904e-01
    9.77190077e-01 2.72464573e-01 2.51895607e-01 6.64925277e-01
    4.36828852e-01 4.88872230e-01 9.00166929e-01 8.54144275e-01
    9.27590609e-01 4.90437031e-01 6.88010335e-01 9.06540632e-01
    8.27040851e-01 4.22522426e-03 1.27491266e-01 8.97198439e-01
    3.37072849e-01 5.64042926e-01 4.31982577e-02 5.47462821e-01
    6.80506468e-01 2.50099719e-01 4.79382008e-01 9.97817814e-01
    2.01942772e-01 8.63008320e-01 9.40177858e-01 8.91473413e-01
    6.04244292e-01 7.48879611e-01 8.09305072e-01 5.04019856e-01
    6.51599646e-01 7.14958489e-01 7.06215620e-01 7.35436857e-01
    7.93082356e-01 7.55814016e-02 9.03730392e-01 7.60536969e-01
    9.71146941e-01 9.58031535e-01 9.55532908e-01 5.56616187e-01
    3.07743669e-01 9.34750438e-01 7.30038702e-01 4.52945828e-01
    1.43597722e-02 5.18975079e-01 5.49226582e-01 3.52204204e-01
    4.14365232e-01 1.13878638e-01 5.94503462e-01 3.87843847e-02
    9.91940916e-01 5.71647882e-01 7.77564645e-01 2.41468877e-01
    5.48751175e-01 6.42136931e-01 4.28551435e-01 4.33306396e-01
    7.91901231e-01 4.28294539e-01 8.23086858e-01 9.00615335e-01
    6.96415424e-01 6.43697977e-01 5.28172374e-01 8.74085426e-02
    2.47644186e-01 8.98494601e-01 5.69021285e-01 3.61112237e-01
    6.43891096e-03 7.51059234e-01 7.40857482e-01 1.37063622e-01
    9.56400573e-01 5.96904695e-01 1.82019174e-02 1.25950694e-01
    6.73518658e-01 5.05743444e-01 8.80132198e-01 5.51054895e-01
    5.85074782e-01 5.46992064e-01 2.57221520e-01 1.79684430e-01
    1.59046620e-01 2.83377200e-01 8.59484673e-02 6.17777526e-01
    1.61176026e-01 1.55360937e-01 5.19494653e-01 5.15361071e-01
    1.61236465e-01 2.18330026e-01 3.10444474e-01 5.98410606e-01
    7.40508735e-02 1.87963545e-02 8.92409563e-01 2.60584801e-01
    3.91944736e-01 7.30754972e-01 6.41057670e-01 6.16933286e-01
    1.69160157e-01 5.23447990e-04 1.00531280e-02 2.98585236e-01
    6.13114774e-01 4.21249092e-01 9.09718573e-01 7.25991189e-01
    3.84142965e-01 2.18594581e-01 7.03607678e-01 6.63538933e-01
    7.10490465e-01 6.37195587e-01 6.40491366e-01 9.07621145e-01
    7.55460262e-01 8.42942715e-01 8.67828369e-01 2.06602722e-01
    4.99220431e-01 3.37331593e-02 1.59104735e-01 9.20749068e-01
    1.32370651e-01 6.19387269e-01 6.68525577e-01 8.13393950e-01
    4.59888697e-01 3.73929322e-01 8.46489668e-01 4.89652961e-01
    2.49579132e-01 5.28833389e-01 9.47795212e-01 1.64989531e-02
    2.05292612e-01 8.91888499e-01 9.07987654e-02 3.02909642e-01
    1.37564212e-01 7.99093187e-01 1.59396857e-01 5.97494483e-01
    8.73182654e-01 7.75604010e-01 9.08967197e-01 5.50100088e-01
    2.92320520e-01 9.83571649e-01 7.47074783e-02 8.26236308e-01
    7.53203869e-01 3.96133602e-01 2.37518609e-01 3.99429202e-02
    2.51977652e-01 1.14263535e-01 3.76385242e-01 3.68775785e-01
    1.31554306e-02 7.58705854e-01 2.87968516e-01 8.88635874e-01
    9.14393425e-01 5.37231624e-01 8.21367681e-01 6.34367585e-01
    7.28033185e-01 1.81730986e-01 1.63732499e-01 7.55787134e-01
    1.68305337e-02 9.89280462e-01 3.12356949e-01 6.33561909e-01
    4.18006867e-01 2.12478369e-01 8.54376793e-01 7.43741095e-01
    3.01610708e-01 5.05729973e-01 4.12820876e-02 6.66156828e-01
    6.08462036e-01 8.84776950e-01 1.51862592e-01 1.80178255e-01
    1.28908724e-01 6.93298519e-01 4.35958982e-01 2.80721486e-02
    6.59341037e-01 3.00882041e-01 6.95436716e-01 6.34183407e-01
    4.44001317e-01 2.67863601e-01 4.64898199e-01 5.35094380e-01
    1.95909470e-01 6.16289735e-01 8.29861641e-01 9.00332749e-01
    8.08508277e-01 1.77831590e-01 6.76611304e-01 5.77351570e-01
    3.46771836e-01 1.50317103e-01 5.71199000e-01 7.64570534e-01
    8.16221476e-01 6.52060866e-01 2.29867637e-01 5.22949100e-01
    6.26277387e-01 1.64669007e-01 5.25149226e-01 4.30777162e-01
    8.95976245e-01 6.47127926e-02 1.74461037e-01 4.48943377e-01
    7.53416419e-02 7.92351782e-01 5.88842332e-02 3.44115973e-01
    1.06394798e-01 3.77978623e-01 9.77046490e-01 4.23739731e-01
    5.04052222e-01 6.08747065e-01 1.87954009e-02 3.57717991e-01
    6.01398945e-01 7.66592145e-01 4.04227614e-01 7.80829787e-03
    6.95324183e-01 1.43685907e-01 9.92764413e-01 7.01133609e-02
    4.32107359e-01 4.06831801e-01 6.41283214e-01 7.22532570e-01
    9.31848526e-01 9.93953824e-01 4.87344384e-01 9.77982283e-02
    5.93765914e-01 4.30549145e-01 2.34241664e-01 5.50314426e-01
    2.67080367e-01 9.79664326e-02 5.13727307e-01 5.63233018e-01
    7.30611384e-01 4.76873726e-01 2.48050988e-02 3.68448198e-02
    5.82733750e-03 3.59345376e-02 6.55897200e-01 7.04914451e-01
    3.71258259e-02 9.18059051e-02 2.23526418e-01 4.50077057e-01
    4.48246449e-01 6.76454067e-01 8.42044830e-01 1.11598909e-01
    7.69239068e-01 7.22011447e-01 8.82984638e-01 4.11236912e-01
    8.72628212e-01 4.04809117e-02 6.29147768e-01 8.80376339e-01
    6.47348344e-01 1.71181530e-01 7.24124193e-01 1.52048469e-03
    8.13189030e-01 9.11937892e-01 4.28036600e-01 6.73263252e-01
    9.33868170e-01 6.45442963e-01 7.48866796e-03 2.08169460e-01
    1.74117237e-01 6.44205451e-01 5.83946824e-01 5.04696727e-01
    6.28737926e-01 3.76163602e-01 9.97857690e-01 1.41913146e-01
    6.54503524e-01 1.57618761e-01 7.27575183e-01 7.88413048e-01
    9.82145905e-01 5.69769859e-01 7.79221773e-01 4.25462186e-01
    3.26649666e-01 1.72543675e-01 3.83002996e-01 8.71532142e-01
    5.95403135e-01 5.77095211e-01 7.45025992e-01 3.20538700e-01
    4.17877287e-01 6.16405785e-01 4.03854102e-01 9.73104417e-01
    8.15171003e-01 8.92962813e-02 6.05199635e-01 1.29150450e-01
    2.97672153e-01 9.27557647e-02 8.84296536e-01 6.48911178e-01
    7.70204306e-01 8.39414597e-01 6.77248001e-01 1.35816365e-01
    5.45481682e-01 4.53163177e-01 6.00115359e-02 3.62935960e-01
    5.41890860e-01 5.62807918e-01 1.42131358e-01 9.86954570e-01
    3.90202343e-01 1.72208756e-01 5.75617552e-01 7.45947957e-01
    2.57852376e-02 1.84375942e-01 9.53791857e-01 9.32884455e-01
    8.37248564e-02 8.84768724e-01 8.61864328e-01 6.49314106e-01
    8.60182762e-01 6.27626419e-01 3.84811163e-01 5.65571070e-01
    7.62322187e-01 4.75869298e-01 6.91882253e-01 9.74566221e-01
    3.32391202e-01 7.18312144e-01 4.37856495e-01 7.25692511e-02
    4.78235394e-01 4.98851061e-01 3.42738807e-01 4.07647610e-01
    6.75874650e-01 7.30547607e-02 9.66970444e-01 3.33447456e-02
    7.30866551e-01 5.66215754e-01 4.68428522e-01 1.57051265e-01
    1.60817802e-01 2.99244344e-01 4.12304014e-01 1.46656007e-01
    2.38571167e-02 1.67967349e-01 1.40841365e-01 9.97290909e-01
    5.00662923e-01 2.10062236e-01 4.41577017e-01 2.95013696e-01
    8.43490720e-01 2.59435177e-01 2.08144844e-01 6.16911054e-03
    8.17509115e-01 7.12059140e-01 4.68653500e-01 7.93910146e-01
    4.35519367e-01 9.46827471e-01 4.79337215e-01 5.98982453e-01
    7.28255987e-01 9.05424833e-01 6.38532102e-01 4.18097854e-01
    1.86946750e-01 9.35433745e-01 3.91077399e-02 5.48537672e-01
    4.03783888e-01 8.65247965e-01 6.75855935e-01 8.29403877e-01
    2.88718075e-01 5.90978026e-01 8.15235436e-01 8.04337144e-01
    2.77823478e-01 8.11472774e-01 2.75077462e-01 3.82384688e-01
    4.71127212e-01 9.69201207e-01 5.88325381e-01 8.93054605e-02
    4.24872100e-01 9.59157646e-02 7.91603923e-01 8.36238027e-01
    3.57747346e-01 2.50688076e-01 1.53886795e-01 9.60736275e-01
    3.11615705e-01 6.05173707e-01 7.26089835e-01 3.91850501e-01
    4.77785051e-01 5.74899852e-01 6.92106366e-01 8.24343920e-01
    2.32683837e-01 9.54083145e-01 7.78262019e-01 2.23694414e-01
    4.43248719e-01 9.40273106e-02 6.04088008e-02 8.77816081e-01
    7.77716637e-02 8.76335979e-01 3.23823154e-01 2.41760015e-02
    5.11530876e-01 8.85280550e-01 7.66726613e-01 6.46387935e-01
    5.85186064e-01 8.09055567e-03 8.89980316e-01 1.96266472e-02
    6.68727279e-01 8.85406733e-01 8.56613755e-01 8.87536764e-01
    2.59221792e-02 5.59483826e-01 2.64593244e-01 1.73303872e-01
    5.18826604e-01 5.58664501e-01 8.88822019e-01 9.02778864e-01
    7.76792288e-01 6.39839709e-01 7.65915811e-01 4.78283882e-01
    8.08485031e-01 5.38408756e-01 5.48679888e-01 2.48119175e-01
    5.07769287e-01 9.40066874e-01 9.59451199e-01 6.23408318e-01
    6.98947251e-01 8.31135571e-01 2.83023477e-01 2.66783059e-01
    5.40932715e-01 8.88628483e-01 4.88299817e-01 6.14738405e-01
    9.19517279e-02 9.13258314e-01 6.50914133e-01 3.45854819e-01
    6.66497946e-01 8.88470650e-01 1.97713643e-01 1.38312578e-01
    6.21698797e-01 2.53792048e-01 8.98710370e-01 4.78997916e-01
    2.13134378e-01 1.13676220e-01 1.87616944e-02 9.18264270e-01
    4.17824715e-01 1.11946195e-01 6.35192335e-01 5.15408814e-01
    9.67066228e-01 3.68158519e-01 7.51645088e-01 1.62225664e-01
    5.77678144e-01 2.03027695e-01 6.33730888e-01 5.77566743e-01
    3.42150241e-01 2.06581056e-01 5.00531435e-01 1.03607267e-01
    8.19823265e-01 8.86993289e-01 7.85745382e-01 4.80284750e-01
    7.09106028e-01 8.28141212e-01 7.30257809e-01 3.03158373e-01
    5.57604909e-01 5.21008790e-01 8.72273684e-01 5.48010767e-01
    2.30400920e-01 3.78952980e-01 5.13314605e-01 8.15272450e-01
    9.45283651e-01 3.84424537e-01 8.45229089e-01 6.56799495e-01
    1.28023237e-01 2.81199306e-01 3.02530587e-01 4.35486376e-01
    9.97688234e-01 1.69007927e-01 1.68361217e-01 9.72023964e-01
    1.06611550e-02 6.96868002e-01 6.33222640e-01 7.89471269e-01
    8.07318628e-01 4.89540279e-01 8.41229260e-02 6.90940380e-01
    4.28871542e-01 6.96676850e-01 6.04912758e-01 3.31217676e-01
    6.92972302e-01 6.62025511e-02 6.90351725e-02 6.22811317e-02
    7.45248199e-01 2.58025467e-01 3.12654138e-01 6.65177226e-01
    6.34075582e-01 8.92954111e-01 4.02165085e-01 8.90970349e-01
    1.78817600e-01 8.82860184e-01 9.19612885e-01 7.74360716e-01
    9.76966321e-01 8.44011307e-01 5.09856939e-01 7.02160358e-01
    7.58281469e-01 3.97083074e-01 9.49607790e-01 6.76222801e-01
    8.28259587e-01 7.41321921e-01 7.03239918e-01 5.12367964e-01
    1.09344721e-04 7.70823956e-02 5.39683163e-01 8.21309984e-01
    1.98735654e-01 5.09939015e-01 2.70058334e-01 1.92643106e-02
    6.65009379e-01 8.53059053e-01 5.22981226e-01 2.98000753e-01
    5.19503057e-01 8.67473841e-01 5.04683793e-01 8.72576833e-01
    3.36898386e-01 7.43117630e-02 8.34300458e-01 7.64870405e-01
    9.50297952e-01 5.01078367e-02 8.52152467e-01 9.80303407e-01
    2.16630101e-01 9.25212502e-01 6.83019280e-01 1.76856369e-01
    4.58452612e-01 1.78599626e-01 3.98041606e-01 4.90341723e-01
    9.21713769e-01 8.93647075e-02 5.62669516e-01 7.05347598e-01
    9.86511230e-01 3.73091310e-01 4.39673662e-03 3.81222636e-01
    8.32520425e-02 1.33238047e-01 3.80682200e-01 2.95762479e-01
    9.88048792e-01 5.25391817e-01 1.30534470e-02 5.29023707e-01
    3.78983438e-01 1.16384596e-01 8.88330698e-01 1.61992729e-01
    4.04017866e-02 6.06497586e-01 5.95704675e-01 8.02864313e-01
    9.31930542e-01 9.63993549e-01 5.80640197e-01 9.51571703e-01
    1.29017979e-01 7.86427498e-01 5.78758121e-01 1.03478968e-01
    5.61930001e-01 4.76127565e-02 2.74748623e-01 1.79095596e-01
    1.16197199e-01 6.18158698e-01 9.27095294e-01 8.49488974e-02
    6.94739938e-01 4.03920382e-01 2.35710442e-01 7.40393996e-03
    9.62852180e-01 5.36204755e-01 4.34833318e-01 2.47622460e-01
    5.58093488e-01 6.91385984e-01 7.39617944e-01 6.17115140e-01
    1.88005269e-01 3.44350517e-01 4.65631336e-01 6.64488494e-01
    2.24514961e-01 1.69719696e-01 8.89809489e-01 9.31533217e-01
    8.10418844e-01 4.24200773e-01 6.85343683e-01 9.40233231e-01
    3.52529675e-01 2.96026438e-01 5.70189834e-01 4.12994921e-02
    5.13839483e-01 4.85900342e-02 2.60631889e-01 9.68954325e-01
    7.43868947e-01 5.87939978e-01 8.30142081e-01 1.86650217e-01
    7.72170782e-01 5.57228267e-01 9.97979164e-01 5.12456596e-01
    2.62528181e-01 1.18847042e-01 6.85024977e-01 1.85564935e-01
    4.84490186e-01 7.16462970e-01 1.90371513e-01 4.73635077e-01
    3.66942048e-01 8.13889265e-01 6.28599524e-02 2.30581939e-01
    2.78452426e-01 2.55240560e-01 5.87865353e-01 7.80187845e-01
    4.07646954e-01 3.75086188e-01 2.88740933e-01 6.52681053e-01
    5.58834076e-01 2.14492798e-01 5.96137404e-01 3.38280648e-01
    9.78724241e-01 8.80318761e-01 8.01277041e-01 6.02797568e-01
    7.01491833e-01 7.41389871e-01 3.31825882e-01 2.94874966e-01
    5.58971167e-01 1.16681963e-01 5.45740843e-01 2.30977148e-01
    5.53339720e-01 6.71294570e-01 2.11773813e-01 8.30581963e-01
    5.09919226e-01 8.58282924e-01 6.66875541e-01 9.91788864e-01
    2.95516312e-01 5.77795029e-01 8.55337799e-01 3.83610517e-01
    4.33677435e-03 9.01834071e-02 1.38282031e-01 5.59982002e-01
    3.98276687e-01 8.69071007e-01 4.22449201e-01 1.63603723e-02
    9.53075826e-01 8.93147290e-01 5.32311201e-01 3.38576227e-01
    3.34948301e-01 8.60919654e-02 6.55611753e-01 2.48586476e-01
    3.20258021e-01 3.90648246e-01 2.52797633e-01 1.80494964e-01
    5.73614776e-01 7.70206928e-01 7.50529647e-01 8.40738118e-02
    8.87251377e-01 1.33868307e-01 1.46779418e-03 6.62849069e-01
    8.22436690e-01 2.82710940e-01 7.58675158e-01 8.16817045e-01
    9.22470689e-01 6.20955408e-01 8.52111578e-01 4.02508676e-02
    3.70226204e-01 6.32565975e-01 9.72870231e-01 1.97044790e-01
    2.66786575e-01 5.21160424e-01 2.26754427e-01 4.38864857e-01
    7.86690950e-01 3.18780422e-01 3.30436468e-01 3.62044752e-01
    9.16832566e-01 4.59118187e-01 9.29103732e-01 4.13368165e-01
    6.98769689e-02 1.73124611e-01 9.91849720e-01 6.84624910e-01
    3.16906035e-01 8.57988119e-01 2.17885345e-01 3.64517272e-01
    8.99669766e-01 7.62692451e-01 1.70173168e-01 6.74128950e-01
    4.42764580e-01 8.43340635e-01 4.79832858e-01 3.68212879e-01
    6.26093745e-02 8.66456270e-01 1.33344024e-01 3.21233094e-01
    1.82315677e-01 9.23380017e-01 3.12279195e-01 8.13244462e-01
    2.44309992e-01 1.05125904e-02 8.35813046e-01 7.77881980e-01
    4.99537110e-01 8.39016914e-01 6.04419231e-01 4.77817237e-01
    3.06016326e-01 3.88885140e-01 8.41157913e-01 7.75005400e-01
    9.96869087e-01 6.92810357e-01 8.47204089e-01 4.37248737e-01
    4.32954907e-01 2.78169900e-01 8.34228277e-01 6.59367025e-01
    4.34738398e-01 2.58636177e-02 5.75973094e-01 1.73981398e-01
    7.40103722e-01 7.27117062e-01 6.85447931e-01 3.21338058e-01
    7.81664133e-01 7.79334009e-02 2.18971670e-02 6.54985070e-01
    1.69881552e-01 1.61718428e-01 1.69150740e-01 5.28357506e-01
    2.30675787e-01 1.05030239e-02 9.91146326e-01 5.07100344e-01
    1.22500688e-01 8.85287523e-01 7.51599073e-01 6.06180310e-01
    5.27060270e-01 2.05282092e-01 7.13659167e-01 2.17948914e-01
    2.97258914e-01 4.44122046e-01 2.23406613e-01 3.77619416e-01
    7.46436596e-01 7.65871644e-01 8.06216240e-01 1.01348460e-02
    8.81402135e-01 4.81966019e-01 4.19773579e-01 2.30755627e-01
    6.60904408e-01 1.12453252e-01 7.90780544e-01 9.88188088e-02
    3.21681678e-01 4.43450242e-01 9.76708651e-01 7.65462995e-01
    9.31720376e-01 4.11693990e-01 1.92042917e-01 3.33524108e-01
    3.37156028e-01 8.22713614e-01 9.40534711e-01 2.29709387e-01
    7.77233541e-02 3.82333905e-01 3.50601166e-01 6.47087753e-01
    4.60312426e-01 4.33552861e-02 6.69972956e-01 7.55350828e-01
    3.09503078e-03 1.54968381e-01 8.20922613e-01 3.65779549e-01
    4.40108567e-01 1.13619208e-01 1.61114365e-01 7.30444193e-01
    3.99581313e-01 2.15522915e-01 6.72531486e-01 4.75504994e-03
    6.95274949e-01 4.06375706e-01 9.81017947e-01 8.85647655e-01
    4.65248764e-01 7.24270940e-01 4.96432871e-01 5.49338758e-01
    9.27211165e-01 2.74090171e-01 5.87914348e-01 5.06770730e-01
    3.57556969e-01 9.89419818e-01 2.43616700e-02 2.02175170e-01
    3.01179260e-01 3.89188647e-01 8.53602409e-01 4.27059472e-01
    1.72238648e-01 1.80261016e-01 5.26207626e-01 6.54477179e-01
    6.94536567e-01 9.18081164e-01 7.28164494e-01 8.37073684e-01
    6.53282046e-01 3.32049072e-01 1.53583795e-01 1.57423317e-01
    7.69099712e-01 6.61403835e-01 1.16749108e-02 1.74390614e-01
    4.27617162e-01 5.61904073e-01 6.82054162e-01 6.38545156e-02
    1.85630560e-01 5.23477554e-01 8.49009931e-01 5.28876781e-02
    8.88122261e-01 4.41552401e-02 9.49483871e-01 5.00688851e-01
    2.05641717e-01 5.23136973e-01 8.14715266e-01 5.56232214e-01
    1.02001786e-01 6.61017299e-01 1.95670187e-01 2.74688661e-01
    6.88986659e-01 1.94126397e-01 4.52315092e-01 4.59387809e-01
    1.85271204e-01 3.10007185e-01 3.75912189e-01 1.71509087e-02
    9.21561420e-01 5.50378263e-02 8.44707370e-01 1.12352103e-01
    9.65754390e-01 6.51586771e-01 8.90681624e-01 3.53337228e-01
    2.54966676e-01 1.86872393e-01 5.56936622e-01 7.48559654e-01
    3.77709329e-01 6.47314668e-01 6.65799618e-01 4.22714680e-01
    9.54591811e-01 8.13343346e-01 1.86897248e-01 3.18724394e-01
    7.27592885e-01 5.12929916e-01 7.44170308e-01 5.45899034e-01
    4.07670498e-01 8.91956210e-01 6.60477161e-01 6.78303242e-01
    1.64270997e-01 5.88449955e-01 4.73358512e-01 8.06692660e-01
    2.91891038e-01 3.27457547e-01 9.00367737e-01 2.69753695e-01
    9.48785424e-01 8.34227145e-01 9.06004548e-01 8.56346667e-01
    7.85337210e-01 4.29134399e-01 8.78197670e-01 5.39087713e-01
    4.48512346e-01 8.73613596e-01 9.68456328e-01 9.64192569e-01
    9.43747044e-01 5.82981348e-01 7.83090591e-01 4.63270664e-01
    5.12892783e-01 8.18837285e-02 2.07695693e-01 1.27903074e-01
    8.25497746e-01 3.71520519e-02 3.05001050e-01 1.69058144e-01
    6.79875433e-01 9.77909088e-01 2.08982050e-01 7.83834755e-02
    1.02041990e-01 7.23331988e-01 8.32501292e-01 8.33344817e-01
    1.91428483e-01 3.35559547e-01 6.20192111e-01 3.62928689e-01
    6.96940601e-01 3.47027421e-01 2.08359122e-01 4.44945216e-01
    4.43321824e-01 7.82086015e-01 4.03716803e-01 3.52436543e-01
    3.15621018e-01 9.96434689e-01 9.77560401e-01 9.21433270e-02
    5.25035381e-01 5.27814269e-01 2.68850803e-01 4.13912416e-01
    4.33031201e-01 3.91508341e-02 8.97375226e-01 8.28766167e-01
    7.15113878e-01 4.15114462e-01 4.36931789e-01 6.77370548e-01
    8.19996655e-01 1.18568659e-01 8.79469156e-01 5.13129830e-01
    9.64827538e-01 4.46554065e-01 7.73726940e-01 3.41166258e-02
    8.90202522e-02 8.85703743e-01 1.78242326e-02 2.74103582e-01
    2.08543122e-01 4.56879467e-01 8.08061361e-01 5.71168005e-01
    2.85756171e-01 5.95510423e-01 5.43911994e-01 7.65239239e-01
    7.92343080e-01 6.98028088e-01 9.53319907e-01 6.48590446e-01
    6.26228511e-01 8.84368539e-01 5.97127676e-02 3.89312983e-01
    9.41043019e-01 9.05402720e-01 1.37157142e-02 4.61600602e-01
    4.55712706e-01 8.52464318e-01 5.40648341e-01 1.90506577e-01
    8.32243323e-01 1.02313399e-01 8.92625630e-01 5.78467846e-01
    6.47766590e-02 5.68297386e-01 2.36910075e-01 7.98130751e-01
    3.27088237e-01 8.04276228e-01 6.66009724e-01 2.92248219e-01
    9.94077444e-01 1.56214803e-01 7.86460400e-01 3.13355476e-01
    6.53062463e-01 9.17369008e-01 6.67871952e-01 5.64800739e-01
    1.40974522e-01 1.96487278e-01 4.56081331e-01 5.44899106e-01
    3.65955442e-01 6.11296296e-03 8.18178892e-01 1.60553753e-02
    7.35886097e-01 4.15971726e-01 2.08870441e-01 8.02315593e-01
    4.70221430e-01 7.06777096e-01 9.03938293e-01 8.93602133e-01
    4.83390093e-02 9.03148293e-01 6.52967155e-01 5.38009763e-01
    1.10589147e-01 6.16314590e-01 3.92072260e-01 1.00418180e-01
    1.06207132e-02 2.76314259e-01 6.79374218e-01 6.46085441e-02
    8.11148524e-01 6.72676384e-01 2.98036635e-01 8.46657157e-01
    9.24937725e-02 1.60544157e-01 6.04709029e-01 7.05518842e-01
    7.01844692e-01 3.25950265e-01 6.81825697e-01 4.01149422e-01
    1.94116324e-01 3.58905673e-01 9.57280099e-02 9.23405766e-01
    7.98647046e-01 5.58501780e-02 6.03860915e-02 7.75180280e-01
    1.35335356e-01 7.69863605e-01 8.24099898e-01 4.33661669e-01
    2.65798926e-01 4.82080668e-01 5.76825261e-01 2.94144750e-01
    7.19218075e-01 5.66284359e-01 2.08186477e-01 3.47978950e-01
    8.94429803e-01 4.81902003e-01 9.60918427e-01 6.76539123e-01
    4.88445967e-01 9.92694139e-01 1.12113178e-01 3.89947295e-02
    5.03113270e-01 9.24597263e-01 7.63081849e-01 6.73787296e-01
    6.55203938e-01 6.70348644e-01 6.41382635e-01 8.01456213e-01
    6.79729581e-02 5.50854802e-02 9.16572809e-01 3.08988065e-01
    4.74790871e-01 2.14492381e-01 2.43346691e-02 6.51062071e-01
    9.47860062e-01 2.56684244e-01 6.88866496e-01 5.77757180e-01
    7.05462575e-01 2.11169571e-01 2.52895534e-01 9.38534975e-01
    6.27391040e-01 6.66108012e-01 6.32620513e-01 8.15664649e-01
    5.16304791e-01 8.06813955e-01 5.14474332e-01 3.20850611e-02
    9.83423710e-01 3.86622161e-01 4.40710157e-01 5.42529225e-01
    3.03714275e-01 9.97056723e-01 4.23679590e-01 8.10506642e-02
    2.58394957e-01 9.02862787e-01 4.34529930e-01 5.36829472e-01
    5.24402380e-01 7.58354783e-01 4.14087296e-01 6.83510244e-01
    2.66552687e-01 5.72285652e-02 1.10426575e-01 2.01223910e-01
    6.69589341e-02 3.07526082e-01 1.84983909e-01 6.45573914e-01
    6.92016780e-01 6.83383703e-01 6.31799340e-01 1.84454232e-01
    1.34638578e-01 9.99803424e-01 5.73471487e-01 1.69616133e-01
    4.06910598e-01 7.79736161e-01 3.31523418e-02 5.22733867e-01
    6.05863690e-01 5.39681613e-01 3.79538208e-01 4.67679977e-01
    3.38210881e-01 2.12237179e-01 8.57639909e-02 5.76150775e-01
    9.17177200e-01 1.04671806e-01 1.14768982e-01 4.41166461e-02
    4.19088900e-01 3.55939686e-01 3.92576993e-01 3.54134262e-01
    8.06787014e-01 9.80052352e-03 2.76344359e-01 5.38057864e-01
    1.70238584e-01 1.72464430e-01 2.22890556e-01 4.70854640e-01
    8.81755888e-01 4.91151750e-01 3.13322842e-01 3.48735690e-01
    8.31962943e-01 9.19005513e-01 5.39551198e-01 6.22706831e-01
    9.23416972e-01 1.34863853e-02 5.46416879e-01 3.43298197e-01
    1.07252747e-01 4.94584799e-01 6.82477534e-01 9.17677462e-01
    4.47108120e-01 3.39299828e-01 3.89262021e-01 9.34544325e-01
    1.66488528e-01 6.09625697e-01 5.73023379e-01 4.19585258e-01
    6.18156433e-01 9.94671822e-01 3.13759744e-01 8.43310952e-01
    3.22677970e-01 2.75414973e-01 8.20098877e-01 4.36542809e-01
    7.44504213e-01 4.07059491e-02 8.83211613e-01 5.38758218e-01
    5.70654631e-01 2.52956390e-01 5.49385369e-01 6.23022795e-01
    8.52943778e-01 5.26752353e-01 3.48268270e-01 4.09629464e-01
    9.38702226e-01 1.03336126e-01 7.07369387e-01 8.49301577e-01
    2.78453350e-01 9.66313601e-01 1.14995688e-01 5.24023116e-01
    3.24755907e-01 5.44163942e-01 5.80446482e-01 7.72424817e-01
    1.10333949e-01 8.13148856e-01 6.13562346e-01 8.85096788e-01
    1.16938353e-02 4.91746604e-01 8.67995501e-01 1.48363441e-01
    2.36478537e-01 3.67564976e-01 7.26707101e-01 9.62787032e-01
    3.92189145e-01 1.70766085e-01 4.87045377e-01 2.19508946e-01
    4.90873069e-01 1.15242481e-01 6.36071861e-01 3.28232110e-01
    4.66316938e-01 9.07346129e-01 2.55706370e-01 8.05230200e-01
    3.59519869e-01 1.02091044e-01 3.48879337e-01 3.54428470e-01
    4.27050292e-01 5.56348443e-01 5.84707558e-01 5.71400642e-01
    2.25747645e-01 9.17551517e-01 1.80312783e-01 3.22142780e-01
    2.05806315e-01 7.75997639e-01 8.95900249e-01 9.73021030e-01
    7.19943643e-02 4.51615185e-01 5.07863998e-01 1.30121112e-01
    8.14887285e-01 1.87677234e-01 2.07599282e-01 4.88533407e-01
    7.59327114e-02 9.93410349e-01 8.70796323e-01 2.32141018e-01
    9.08620179e-01 8.59990120e-01 5.62602937e-01 5.11824310e-01
    7.00429380e-01 4.86322463e-01 9.30181265e-01 9.10865068e-01
    4.78412151e-01 2.82128006e-01 3.33692044e-01 2.32259333e-02
    9.12591100e-01 1.07593536e-01 3.02737236e-01 4.59984541e-02
    6.51578128e-01 3.98886323e-01 2.46836424e-01 9.60198641e-01
    7.02795684e-01 8.07324886e-01 5.52753568e-01 3.42181504e-01
    5.13240695e-02 9.14331198e-01 1.36846393e-01 6.96035564e-01
    7.97481060e-01 7.59719074e-01 7.19965339e-01 8.80498409e-01
    1.20832026e-02 8.91957879e-02 4.55307037e-01 2.30703861e-01
    6.21501565e-01 3.52330983e-01 1.11935258e-01 8.32674921e-01
    1.46996647e-01 9.48789358e-01 4.50123757e-01 2.70500749e-01
    3.52876395e-01 9.64663446e-01 5.77455282e-01 3.74543071e-02
    1.84060872e-01 5.49883366e-01 9.94213641e-01 6.36002421e-02
    1.73932850e-01 9.93628919e-01 7.54882097e-01 9.99414086e-01
    6.35590851e-02 5.42193055e-01 2.97232568e-01 5.29799461e-01
    9.34370518e-01 5.29618979e-01 1.30169690e-02 8.77752364e-01
    7.35114634e-01 6.18956923e-01 1.79096252e-01 7.18059003e-01
    3.14564824e-01 4.27591145e-01 6.18265688e-01 5.57506800e-01
    8.77705216e-02 1.13325715e-02 5.91857255e-01 1.44795626e-01
    8.00355077e-01 1.24306500e-01 7.01900661e-01 8.70393395e-01
    8.06109309e-01 1.50444418e-01 6.87518895e-01 6.80221677e-01
    8.77916515e-02 2.40070343e-01 7.76115894e-01 6.65911198e-01
    5.76248288e-01 8.22984576e-02 8.31942081e-01 8.74428272e-01
    1.80993140e-01 3.85514945e-01 6.66867614e-01 3.60282540e-01
    9.57004130e-01 1.54103130e-01 4.20071810e-01 4.10593241e-01
    7.18733013e-01 3.36213291e-01 1.34674579e-01 3.04686546e-01
    3.22449386e-01 7.02863872e-01 4.20690417e-01 8.93909693e-01
    4.06386554e-01 9.65196133e-01 6.88910663e-01 4.67548162e-01
    7.87954688e-01 9.17009354e-01 8.46504450e-01 9.32451367e-01
    3.63187730e-01 3.04241955e-01 1.42456800e-01 6.30386829e-01
    3.92189324e-02 9.17530417e-01 5.30307055e-01 9.27128434e-01
    9.46006656e-01 5.16505897e-01 7.46708810e-01 5.87962508e-01
    8.48193049e-01 1.15988970e-01 8.66704106e-01 7.22549498e-01
    4.99868363e-01 3.35819840e-01 7.54601240e-01 6.82550192e-01
    4.22229260e-01 8.99949789e-01 9.44320977e-01 6.96253479e-02
    4.24301863e-01 8.93742144e-02 1.19738698e-01 5.64941585e-01
    1.27273560e-01 9.41329002e-01 7.49439001e-01 3.00462246e-01
    5.96866012e-01 4.43574041e-01 5.18406510e-01 8.20744097e-01
    6.59484744e-01 3.78901631e-01 7.33037889e-02 2.94338226e-01
    5.01087248e-01 2.86045283e-01 9.89682138e-01 8.77786875e-01
    1.31928027e-02 4.08432424e-01 7.51258790e-01 8.38891268e-01
    7.74782538e-01 4.73583311e-01 7.98561871e-01 4.56370950e-01
    9.07493234e-01 6.39949441e-01 7.97974050e-01 1.61481887e-01
    8.54418874e-01 5.04062831e-01 9.79604661e-01 3.55473757e-01
    8.63008022e-01 6.36383772e-01 7.12246895e-01 3.98067057e-01
    7.64764190e-01 5.06536901e-01 9.63457346e-01 4.96530831e-01
    7.19375908e-01 2.61479318e-02 5.92565358e-01 9.51093972e-01
    2.55670995e-01 5.31380177e-01 4.04713809e-01 8.89108062e-01
    8.24686944e-01 4.79812741e-01 1.45505846e-01 9.39833045e-01
    8.92485857e-01 6.65463209e-01 9.92996454e-01 4.42325264e-01
    8.47038150e-01 9.81250882e-01 1.41548395e-01 8.14821243e-01
    8.81403089e-01 2.52910793e-01 2.81510413e-01 7.98424959e-01
    3.69425476e-01 4.37676966e-01 8.27626467e-01 2.65013456e-01
    4.11731333e-01 7.91168272e-01 1.22575700e-01 4.98390049e-01
    3.20529938e-01 4.19390082e-01 7.72544265e-01 8.81294012e-01
    7.56372690e-01 6.36756063e-01 8.73575211e-01 2.35820264e-01
    8.54679704e-01 4.88490462e-01 3.96223634e-01 2.30385214e-01
    8.97005439e-01 3.55520576e-01 5.19541204e-01 7.82770872e-01
    3.67840886e-01 6.91721797e-01 1.09267712e-01 7.57616162e-01
    4.19573873e-01 2.92631119e-01 5.51103711e-01 3.81208718e-01
    2.83503979e-01 8.05731952e-01 7.24413037e-01 5.22720814e-02
    2.60277778e-01 1.93683237e-01 3.65542561e-01 2.03104347e-01
    1.51501626e-01 8.13497424e-01 5.86092114e-01 2.82436132e-01
    9.82051492e-02 9.15297985e-01 5.19227028e-01 8.00245106e-02
    6.57492876e-03 6.03864789e-01 1.18081480e-01 3.83495450e-01
    9.54908729e-01 9.57806110e-01 7.73688734e-01 6.97311223e-01
    8.07937860e-01 1.30222440e-01 8.52619767e-01 4.29001510e-01
    9.67400491e-01 2.47362256e-01 8.50889683e-01 1.38222665e-01
    2.88093686e-01 7.30034709e-02 5.88760376e-01 2.13678688e-01
    6.82444334e-01 5.77230036e-01 3.96389484e-01 4.89903212e-01
    3.21326256e-01 7.14332640e-01 7.18834996e-01 2.83519566e-01
    2.76844561e-01 4.33822334e-01 7.90240943e-01 5.12257814e-01
    4.82886791e-01 8.80960703e-01 3.84659201e-01 2.70495057e-01
    9.48619246e-01 3.61554265e-01 3.10142756e-01 9.96229768e-01
    4.91055697e-01 4.99775529e-01 8.28659415e-01 4.43097591e-01
    3.32522452e-01 3.99458408e-01 1.79366261e-01 8.22593510e-01
    4.72166538e-02 3.39925319e-01 1.55347914e-01 4.08781260e-01
    3.91517669e-01 6.03852153e-01 7.86466837e-01 5.49339056e-01
    7.19032049e-01 8.28675210e-01 2.41415530e-01 7.77886212e-01
    8.40209901e-01 3.57297480e-01 9.10967231e-01 7.41748035e-01
    6.99366510e-01 6.01227105e-01 2.83727765e-01 8.32961917e-01
    2.92575657e-01 6.90240562e-02 2.85837442e-01 4.74346131e-01
    3.55144918e-01 9.12492692e-01 3.88060451e-01 6.56469345e-01
    5.36573410e-01 1.16863310e-01 4.58311141e-02 3.79620433e-01
    4.68319267e-01 9.05559659e-01 5.89363813e-01 3.16787004e-01
    9.04818058e-01 1.32436335e-01 4.63275731e-01 5.92582226e-01
    2.67496467e-01 9.41768169e-01 8.74077082e-01 2.46950984e-01
    7.42371202e-01 3.08466554e-01 1.60093904e-01 7.24485815e-02
    3.86872143e-01 4.96406853e-01 2.93335676e-01 7.73891091e-01
    8.52183998e-01 5.44064403e-01 7.47697890e-01 8.87638092e-01
    5.45919180e-01 2.96502233e-01 6.56706035e-01 1.98576778e-01
    9.96556759e-01 9.24073756e-01 6.14673853e-01 7.56034136e-01
    7.28505552e-02 6.59240007e-01 2.30595499e-01 9.60538387e-02
    9.98417974e-01 7.49308467e-01 5.59863091e-01 9.31382835e-01
    3.90793860e-01 3.49336237e-01 8.31953406e-01 6.18665814e-02
    8.46765399e-01 8.20261240e-01 3.10430229e-01 3.48095596e-02
    3.81931543e-01 7.59478807e-01 3.08890492e-01 3.26903045e-01
    9.30373371e-01 6.37000918e-01 8.57155621e-02 6.56934679e-01
    9.58905339e-01 4.78406459e-01 4.98738945e-01 9.01459098e-01
    2.03242004e-01 9.69768167e-01 3.97580117e-01 8.42990220e-01
    8.00042629e-01 1.21992052e-01 1.71146482e-01 1.66333914e-02
    8.32980156e-01 8.87530684e-01 2.05107033e-02 3.24238837e-01
    9.34075117e-01 6.55648530e-01 8.10868144e-01 3.03416789e-01
    4.32604194e-01 9.37274098e-01 2.97310650e-01 6.36144280e-01
    9.19525862e-01 9.30988491e-02 4.90860105e-01 7.80147016e-02
    5.34306765e-01 5.88995516e-02 7.58644342e-01 5.58400810e-01
    2.02199578e-01 4.55542177e-01 3.24909508e-01 4.16148901e-02
    2.07123727e-01 9.82085645e-01 6.19568527e-01 7.60703206e-01
    8.11599016e-01 3.80628645e-01 5.40416420e-01 1.21007115e-01
    6.74614906e-01 9.38683271e-01 9.83307838e-01 8.65821004e-01
    7.79886723e-01 9.59928691e-01 3.03340137e-01 6.98915362e-01
    3.28655124e-01 2.32608497e-01 7.42990255e-01 5.29399812e-01
    3.24073911e-01 6.16820753e-02 6.50830865e-01 3.40712488e-01
    5.24356902e-01 4.61887300e-01 2.03990459e-01 2.18959153e-02
    2.44409770e-01 9.92386341e-02 4.93272185e-01 4.02665943e-01
    8.54709625e-01 9.19029474e-01 3.41735631e-01 8.34165215e-01
    8.74749124e-01 6.47673368e-01 5.07737994e-02 2.91909337e-01
    2.14142680e-01 6.92409456e-01 6.96510553e-01 1.98703200e-01
    9.32076156e-01 3.07911336e-02 6.50983334e-01 2.34693348e-01
    4.79236066e-01 2.07310855e-01 5.19315541e-01 5.45656383e-02
    9.57715631e-01 6.37252927e-01 7.74047196e-01 5.43965220e-01
    5.93358874e-01 5.75214684e-01 3.21168661e-01 7.09680021e-02
    8.84295642e-01 7.32011974e-01 6.44311547e-01 6.51142836e-01
    9.03713167e-01 6.96261048e-01 2.58323431e-01 4.95950311e-01
    4.55409050e-01 8.25667262e-01 6.58384740e-01 6.83278978e-01
    6.15822315e-01 6.11939073e-01 4.20097291e-01 1.60597384e-01
    3.67405117e-01 2.11875439e-01 5.79895616e-01 6.28856301e-01
    6.15839362e-01 1.34625733e-02 2.39789039e-01 2.23248333e-01
    5.72302520e-01 2.95796871e-01 1.31444484e-01 4.83130276e-01
    5.84957719e-01 3.02177668e-02 8.10179710e-01 7.35096335e-01
    5.07087469e-01 5.26934862e-04 8.23305368e-01 1.43038630e-01
    9.47911978e-01 3.62978876e-02 4.24236387e-01 5.76472461e-01
    9.98703837e-01 8.49727631e-01 8.61215591e-01 6.88225031e-01
    1.37843519e-01 2.96861947e-01 2.26519406e-01 6.41764224e-01
    9.32404876e-01 2.44085759e-01 9.30949450e-02 2.84638226e-01
    5.25015295e-02 1.11604661e-01 1.69361860e-01 4.33982372e-01
    8.69408607e-01 3.12221944e-01 3.29346001e-01 6.03857815e-01
    9.76772368e-01 6.08718336e-01 4.04819548e-01 6.18967116e-02
    5.95541060e-01 4.47709382e-01 9.55330014e-01 6.37734473e-01
    1.75023973e-02 5.45538485e-01 8.16765308e-01 7.18976855e-02
    8.37585926e-01 5.30957580e-02 5.08911192e-01 7.63906538e-01
    4.66111898e-01 3.86378884e-01 9.78000760e-02 5.94235361e-01
    9.89887834e-01 4.81689006e-01 4.17500257e-01 2.13683993e-01
    3.77371311e-02 5.34505427e-01 4.43282664e-01 1.07745528e-02
    2.82201529e-01 1.17241323e-01 2.30321079e-01 9.02035594e-01
    2.06151396e-01 2.12010473e-01 1.29645795e-01 8.19825768e-01
    4.59058911e-01 7.72256792e-01 8.73091459e-01 7.52092779e-01
    6.56366706e-01 5.41441560e-01 9.46875930e-01 6.72241926e-01
    1.78138822e-01 8.24937403e-01 7.63631761e-02 2.19196945e-01
    9.72813606e-01 9.07925725e-01 6.10973358e-01 5.21832883e-01
    9.96443033e-02 7.20099330e-01 6.63525462e-02 4.98069495e-01
    8.58480930e-01 1.67463809e-01 9.41173911e-01 2.77360022e-01
    8.11546862e-01 3.82715166e-01 4.74360019e-01 8.68500888e-01
    2.14624912e-01 1.63299441e-02 4.69005316e-01 6.18042350e-02
    6.81042731e-01 6.04831278e-01 8.67679775e-01 9.08500850e-01
    1.65484875e-01 8.93804014e-01 2.44149238e-01 1.46624833e-01
    3.64732891e-01 9.03590202e-01 6.43889010e-02 3.92962515e-01
    9.71445739e-02 1.40377283e-01 5.00305414e-01 2.10889369e-01
    6.37710333e-01 5.02122343e-01 3.76783252e-01 3.09415311e-01
    2.66752839e-02 8.20059896e-01 7.12590516e-01 5.36289632e-01
    5.10412633e-01 6.70771599e-01 4.16303188e-01 1.98743612e-01
    6.89270914e-01 5.51549375e-01 5.90690374e-01 1.54816568e-01
    9.53522444e-01 7.57384658e-01 1.58160925e-04 7.69368052e-01
    4.06819880e-01 4.77620274e-01 2.36900896e-01 6.10653222e-01
    1.05986476e-01 9.65049624e-01 4.48150843e-01 3.79523993e-01
    2.04005420e-01 7.56426930e-01 4.49907362e-01 8.52641642e-01
    9.65562463e-02 1.46407783e-01 1.13215417e-01 6.89111710e-01
    1.19753540e-01 7.08637774e-01 1.70779109e-01 9.25879002e-01
    9.61608648e-01 3.38289618e-01 5.08162618e-01 4.26252514e-01
    6.66372418e-01 4.19526607e-01 6.47240877e-02 6.63195670e-01
    4.06499058e-01 8.52912247e-01 6.97819769e-01 6.32698119e-01
    1.94416344e-02 4.88692135e-01 4.47862476e-01 9.62818265e-02
    4.49515015e-01 1.99380368e-01 8.84662688e-01 7.89614022e-01
    2.47402877e-01 6.35922372e-01 8.89331102e-03 9.85024571e-01
    5.42320907e-01 8.49204063e-01 8.24698806e-01 1.70750827e-01
    7.02618539e-01 3.86931300e-02 4.37537849e-01 8.01075995e-02
    4.83026475e-01 2.71896929e-01 4.96157557e-01 8.45280766e-01
    6.80916905e-01 9.14764166e-01 1.69486523e-01 6.54647589e-01
    5.87666094e-01 4.51041490e-01 8.08784783e-01 7.48316765e-01
    2.10405886e-01 6.74794078e-01 3.23899627e-01 2.03748852e-01
    4.62951064e-01 1.70131922e-01 4.66122687e-01 6.88317716e-01
    7.81105280e-01 5.55858552e-01 6.52847826e-01 6.50179923e-01
    3.98852825e-01 3.31252813e-03 5.02152324e-01 2.13375062e-01
    6.60819232e-01 6.89390182e-01 5.48017681e-01 8.97030711e-01
    1.91794515e-01 7.59720802e-01 1.91365749e-01 7.21839488e-01
    4.05574858e-01 3.36530924e-01 2.57298797e-01 1.18569940e-01
    1.10892236e-01 5.22424042e-01 8.88841152e-02 7.08349943e-01
    9.37372148e-02 5.58558106e-01 5.31355858e-01 5.55139124e-01
    8.72580707e-02 6.79581881e-01 7.78574109e-01 2.70369500e-01
    5.97326696e-01 4.28392529e-01 5.46222866e-01 7.00626612e-01
    3.27033579e-01 2.33347416e-01 9.66404796e-01 6.09391630e-02
    9.51291025e-02 6.68811858e-01 6.57397509e-03 8.20134044e-01
    5.95215976e-01 3.51155639e-01 3.79749835e-01 7.31847286e-02
    9.78121579e-01 5.77301681e-01 3.04013491e-02 2.46358007e-01
    5.64337194e-01 1.11074626e-01 2.03265250e-01 4.66427654e-01
    8.64470005e-01 9.11746383e-01 1.04705125e-01 1.26334548e-01
    6.36212289e-01 5.75825214e-01 3.66381705e-02 6.69116378e-01
    2.08560109e-01 2.85546541e-01 2.03902066e-01 4.09800231e-01
    4.31869566e-01 8.40353966e-03 5.81873298e-01 9.64323401e-01
    9.71591055e-01 5.46777844e-01 4.19446528e-02 8.42506647e-01
    3.17660570e-02 4.24574792e-01 8.65416408e-01 4.03379261e-01
    3.67451310e-01 4.91900116e-01 7.09839165e-02 9.17452633e-01
    6.16322577e-01 4.43079859e-01 2.82441556e-01 6.44325256e-01
    4.68492478e-01 9.45210338e-01 7.72593260e-01 3.78718525e-01
    5.40028512e-02 3.00014943e-01 6.50557697e-01 3.17082465e-01
    4.65778589e-01 2.24316120e-01 3.00638705e-01 9.11503792e-01
    8.65633667e-01 9.07800496e-01 5.02320349e-01 6.38637304e-01
    7.16855049e-01 4.81665671e-01 5.78784943e-01 1.97894663e-01
    9.95983958e-01 6.85288906e-01 5.23113906e-01 9.10289526e-01
    6.05798483e-01 7.65126407e-01 1.34818882e-01 1.11668468e-01
    8.26445818e-01 5.72647452e-02 9.18628395e-01 1.31126523e-01
    1.16609752e-01 6.59198165e-02 4.21264231e-01 3.62271845e-01
    4.10781533e-01 6.34791970e-01 3.06186974e-01 2.53095388e-01
    3.73261243e-01 9.72019136e-01 2.71145999e-01 1.86733007e-01
    2.65455246e-03 1.97214127e-01 5.89295983e-01 5.56619644e-01
    6.50135279e-01 6.40110850e-01 9.97417629e-01 7.26749718e-01
    3.10292363e-01 9.61297989e-01 1.96649611e-01 5.79303503e-02
    6.16057098e-01 3.54443580e-01 9.10241485e-01 1.09552979e-01
    5.55080175e-03 1.00896358e-02 3.57181907e-01 8.76821280e-01
    2.17047930e-02 4.65013236e-01 1.13409042e-01 9.92035270e-02
    6.17761791e-01 1.71047777e-01 8.26291561e-01 5.29179990e-01
    7.20926464e-01 9.19619560e-01 3.80705446e-01 1.09459519e-01
    5.20130992e-03 7.85939276e-01 5.35721362e-01 7.02477574e-01
    5.02034962e-01 8.12766552e-01 9.18385506e-01 9.63025212e-01
    9.17995036e-01 8.08866024e-02 2.40428746e-02 5.99336624e-03
    3.65763485e-01 1.02016091e-01 2.64234066e-01 5.71315050e-01
    9.30288434e-01 9.79708195e-01 1.04219764e-01 9.44998860e-01
    3.09272468e-01 8.26985359e-01 3.87341678e-01 9.79813099e-01
    5.42848110e-02 8.75371218e-01 2.62233794e-01 3.08249176e-01
    7.37079084e-01 9.64953244e-01 9.85062003e-01 1.14757895e-01
    5.72780788e-01 9.15613890e-01 2.21179307e-01 6.66236103e-01
    7.35458612e-01 4.31618422e-01 6.75278127e-01 4.91093040e-01
    7.96911359e-01 8.94821882e-01 8.46407175e-01 7.61736751e-01
    8.34792316e-01 3.33212614e-01 7.66244113e-01 4.72952813e-01
    4.72868115e-01 4.32649940e-01 7.45396972e-01 6.68788970e-01
    4.98948663e-01 7.69342244e-01 9.18481946e-01 6.69553697e-01
    4.95734483e-01 6.39562309e-02 6.33676291e-01 5.42370200e-01
    3.68758738e-02 2.53818035e-02 9.77575064e-01 5.12221038e-01
    8.62000942e-01 4.75713313e-02 5.09228230e-01 1.02910995e-02
    2.64531851e-01 2.43565708e-01 3.94945174e-01 9.61208582e-01
    7.52829790e-01 5.26632488e-01 2.55697787e-01 6.60467148e-01
    1.91800833e-01 2.60972202e-01 1.42161161e-01 5.59311450e-01
    4.82107669e-01 6.63105547e-01 8.56493354e-01 4.82992172e-01
    5.88679135e-01 3.48345339e-02 7.03066528e-01 5.73375583e-01
    6.96118593e-01 6.49316251e-01 6.44853532e-01 2.83167571e-01
    7.30377793e-01 1.72534257e-01 5.32457113e-01 1.41471744e-01
    2.00558335e-01 3.25090587e-02 1.69690371e-01 6.23358190e-02
    5.95116973e-01 9.21165586e-01 9.95036960e-01 2.85537302e-01
    9.52521563e-01 8.61963987e-01 9.25837398e-01 7.44366169e-01
    3.35962474e-01 8.64198804e-02 7.95418859e-01 6.53743923e-01
    2.54415780e-01 4.75142539e-01 6.68815196e-01 8.80235434e-01
    7.43354321e-01 9.22892272e-01 8.90593648e-01 7.58488297e-01
    9.24463570e-01 1.15305543e-01 5.36725879e-01 5.14020324e-01
    9.41506326e-01 8.67708147e-01 6.10419631e-01 9.60820198e-01
    8.72650981e-01 6.90056682e-02 9.81530547e-02 4.52336550e-01
    3.22411865e-01 6.44937873e-01 8.49275291e-02 4.90908027e-02
    1.88680202e-01 3.96280110e-01 2.41195887e-01 3.27961236e-01
    5.99699974e-01 3.72513622e-01 4.77237970e-01 3.98491263e-01
    3.78690481e-01 4.36023295e-01 8.59802663e-01 1.74051642e-01
    9.08639133e-01 2.08928376e-01 9.83041406e-01 1.81601822e-01
    9.73523498e-01 2.76450217e-02 3.28631610e-01 5.42565584e-02
    8.97992551e-02 9.77003336e-01 7.02605426e-01 7.12834537e-01
    6.92496598e-01 8.70449841e-02 8.06054711e-01 3.14795136e-01
    5.01441538e-01 1.05716586e-02 3.40548217e-01 8.07027757e-01
    5.60280263e-01 1.52869999e-01 5.79147041e-01 1.41794354e-01
    6.80926681e-01 2.93369830e-01 6.48772001e-01 9.17109728e-01
    9.14551497e-01 7.89254308e-01 4.29848731e-02 9.51417387e-02
    8.17528069e-02 6.96692586e-01 3.65475208e-01 9.87449944e-01
    2.83652246e-02 5.76901555e-01 6.37111783e-01 8.92505169e-01
    4.13553596e-01 1.22792512e-01 3.11418176e-01 7.73501992e-01
    5.36118209e-01 3.35493684e-03 2.91386843e-01 7.25595474e-01
    1.16194606e-01 4.70144868e-01 2.05502063e-01 6.88192964e-01
    4.09642696e-01 2.68253982e-01 3.64571810e-01 5.94566405e-01
    3.88668776e-01 4.37409580e-01 5.43314993e-01 6.32871330e-01
    8.32938671e-01 3.94313157e-01 1.73938304e-01 3.00790668e-02
    2.48747766e-02 6.57438159e-01 4.52010244e-01 5.34405410e-01
    9.08299685e-01 8.09477389e-01 8.15676630e-01 9.41596687e-01
    1.65964663e-01 8.41043830e-01 2.44579256e-01 8.36502671e-01
    7.68710971e-01 4.63266164e-01 8.64671409e-01 9.88484740e-01
    4.53471452e-01 1.92664742e-01 2.09350169e-01 9.98948216e-02
    9.94165838e-02 3.96731079e-01 1.96697712e-02 2.40423948e-01
    2.61789560e-01 3.22332025e-01 4.60866094e-01 1.54923886e-01
    9.73481894e-01 2.65024781e-01 2.34719962e-01 9.02845144e-01
    6.94539309e-01 7.62071490e-01 1.15882248e-01 5.36679149e-01
    3.60667646e-01 2.77323127e-02 8.34996700e-01 5.06115258e-01
    8.95320177e-01 2.03480929e-01 7.60867178e-01 2.05980062e-01
    6.38805330e-01 2.17912316e-01 7.40312934e-01 1.92376375e-02
    7.72042871e-01 1.87377661e-01 3.68378222e-01 6.65469408e-01
    5.74130118e-01 1.21209502e-01 1.47810161e-01 8.95939469e-02
    8.90925646e-01 3.55687618e-01 2.73813605e-01 6.34518862e-01
    8.34451258e-01 9.00091231e-01 7.60566115e-01 6.87059820e-01
    3.69831771e-01 3.09965104e-01 9.57757175e-01 1.33804560e-01
    2.58330703e-01 5.82291603e-01 3.49237382e-01 8.65161419e-05
    1.76370382e-01 3.73068482e-01 2.34673172e-01 4.26406801e-01
    5.99832952e-01 7.19236553e-01 7.44968951e-02 6.29478753e-01
    8.35460007e-01 6.03913426e-01 5.13276100e-01 2.60305583e-01
    2.79801190e-02 1.86271340e-01 1.53898716e-01 8.48170519e-02
    6.37784719e-01 3.27628732e-01 5.44216335e-02 7.41935611e-01
    5.38501263e-01 9.17131662e-01 3.79821658e-01 4.71865952e-01
    2.62643993e-02 1.44375294e-01 9.60639715e-01 7.59723604e-01
    2.71533638e-01 5.81256151e-01 2.71396220e-01 4.04197484e-01
    7.58977711e-01 8.40001941e-01 7.79013157e-01 2.23546773e-01
    7.92697430e-01 3.06730241e-01 5.02507627e-01 6.63840175e-01
    8.16123962e-01 3.44178975e-01 3.17557871e-01 2.46249080e-01
    9.20763016e-01 3.39470506e-01 5.31615436e-01 1.15219980e-01
    6.90566003e-01 7.05376565e-02 7.76913285e-01 4.99161750e-01
    2.12024540e-01 4.26599383e-01 2.24118829e-01 6.89540148e-01
    6.76860809e-02 8.59795034e-01 1.23433024e-01 3.24080139e-01
    2.08281696e-01 9.03637290e-01 6.74016178e-01 3.85264784e-01
    2.80696124e-01 1.80677235e-01 8.37888360e-01 1.46125108e-01
    5.65545917e-01 6.48559988e-01 3.90281141e-01 2.50773430e-02
    1.28816307e-01 9.64505196e-01 5.73315382e-01 9.93094683e-01
    1.28732294e-01 2.37119168e-01 9.39815402e-01 5.95399499e-01
    3.57710958e-01 4.88913953e-01 9.04658914e-01 2.56660223e-01
    7.28161037e-02 4.24047232e-01 6.25545144e-01 6.00560904e-02
    9.15408134e-03 9.70201433e-01 4.44212884e-01 5.60385346e-01
    5.13633430e-01 2.16191500e-01 7.15796828e-01 9.34434533e-02
    7.59511232e-01 2.97359824e-02 1.44683123e-02 4.20515865e-01
    7.81438708e-01 2.14646995e-01 8.18954706e-01 9.22715008e-01
    2.50953197e-01 3.50795239e-01 6.30607069e-01 1.11315489e-01
    2.32205033e-01 9.77405369e-01 2.06069350e-01 8.51873875e-01
    4.59865332e-01 8.05006921e-01 5.13817787e-01 8.40655863e-01
    9.23177123e-01 7.72270918e-01 1.88564301e-01 6.01424336e-01
    5.06235600e-01 2.19186366e-01 4.08836186e-01 6.83968306e-01
    5.90150237e-01 6.57343268e-02 7.88051844e-01 3.64385128e-01
    7.84237325e-01 7.73827732e-01 8.23316336e-01 2.36015916e-02
    1.90232575e-01 7.57046223e-01 1.71277761e-01 4.65583324e-01
    2.33221203e-01 5.85931301e-01 8.96852255e-01 7.84838438e-01
    2.34172285e-01 8.02825451e-01 1.99467063e-01 1.56049788e-01
    1.86450034e-01 3.25901300e-01 3.79547000e-01 8.72286558e-01
    3.80701512e-01 2.51278877e-02 2.99759805e-02 1.63257092e-01
    2.55840063e-01 8.87575984e-01 5.17487705e-01 4.17407870e-01
    8.55713010e-01 5.98514438e-01 8.97036314e-01 6.07191622e-02
    9.66517150e-01 7.76974678e-01 7.65184999e-01 6.62203312e-01
    6.48765087e-01 9.50948894e-01 6.98911130e-01 4.05647039e-01
    3.15992773e-01 7.83499062e-01 3.16416860e-01 1.93021506e-01
    4.80032265e-01 6.90509379e-02 9.24141884e-01 5.76985717e-01
    8.22481751e-01 2.67003238e-01 5.05488038e-01 9.48214352e-01
    8.78101826e-01 8.63380075e-01 8.90638232e-02 4.44819182e-01
    7.37990975e-01 2.54037678e-02 2.64617682e-01 7.77085781e-01
    4.68783915e-01 3.44088376e-01 1.37998700e-01 3.60413790e-01
    6.69618487e-01 3.47433686e-01 8.88264418e-01 9.59809899e-01
    2.36569703e-01 5.94357073e-01 3.66240144e-02 1.23169899e-01
    6.86361253e-01 9.11714792e-01 9.50342417e-02 1.26356333e-01
    7.94006467e-01 5.48556149e-02 6.65144026e-02 9.81326640e-01
    8.75922263e-01 5.74613631e-01 3.23405147e-01 2.81302094e-01
    4.23875451e-03 1.59180760e-02 1.94210708e-01 5.20042539e-01
    5.36547661e-01 3.57675850e-01 2.90359139e-01 1.67187870e-01
    7.10724950e-01 8.44142973e-01 8.44983578e-01 9.43192124e-01
    8.98414612e-01 3.80264968e-01 7.72053599e-01 5.30325055e-01
    5.62089026e-01 2.82894224e-01 4.06289935e-01 2.48631775e-01
    4.70240176e-01 4.07687008e-01 5.86193085e-01 6.06276095e-01
    9.01778996e-01 6.30674243e-01 3.96921992e-01 4.31849331e-01
    9.03078675e-01 3.09036374e-02 4.01196718e-01 4.01508003e-01
    4.52896446e-01 1.30436510e-01 5.39303601e-01 7.32283235e-01
    5.81923485e-01 4.22876447e-01 1.45678997e-01 2.07330465e-01
    7.49409556e-01 4.58877295e-01 9.18530464e-01 5.50196767e-01
    2.19009340e-01 5.48669696e-03 6.67011976e-01 9.31917369e-01
    4.12382126e-01 9.42314506e-01 2.87146389e-01 6.69021368e-01
    7.39975870e-02 9.10793662e-01 1.74066722e-02 5.21482229e-01
    6.79000616e-01 2.84809232e-01 3.33758682e-01 8.47510338e-01
    5.86882055e-01 3.71129364e-01 4.21520412e-01 9.84178901e-01
    3.12194109e-01 8.99302065e-01 6.00311041e-01 7.33387947e-01
    7.25250483e-01 8.93794715e-01 1.30306065e-01 4.15824711e-01
    8.63445699e-02 8.41623306e-01 1.71539605e-01 9.12822008e-01
    7.45599866e-01 8.59258115e-01 2.94049084e-01 4.37049061e-01
    9.35389638e-01 5.39613068e-02 4.09913242e-01 1.73625946e-02
    7.49532759e-01 4.11731303e-02 2.22136348e-01 8.86917114e-04
    6.52345061e-01 1.41501307e-01 4.33042586e-01 5.81677258e-01
    5.49127579e-01 2.02392220e-01 7.95980990e-01 2.62418747e-01
    4.58624750e-01 2.82811999e-01 7.63855159e-01 9.02227163e-01
    3.60225141e-02 4.13372815e-01 7.00728297e-01 8.28933239e-01
    1.60518587e-02 8.03175449e-01 1.71650946e-02 6.00314319e-01
    9.80094552e-01 6.05543494e-01 2.77279973e-01 8.34150910e-01
    8.68239045e-01 3.50379258e-01 5.57534456e-01 4.13204998e-01
    4.23789024e-02 8.80554318e-01 3.92487705e-01 7.68926024e-01
    3.62467945e-01 2.19511151e-01 5.91349721e-01 1.14185572e-01
    6.86102629e-01 4.54205930e-01 4.07982796e-01 3.84116769e-02
    4.75981772e-01 3.10645521e-01 6.84696615e-01 7.37752259e-01
    2.63677686e-01 7.96775818e-01 9.54378843e-01 8.15307856e-01
    7.25557566e-01 8.49222839e-02 4.28212583e-01 8.95339608e-01
    7.28696525e-01 3.29957306e-01 3.83687764e-01 6.64783239e-01
    3.08012575e-01 5.03790855e-01 9.27773237e-01 2.96834290e-01
    5.87012589e-01 3.66553843e-01 9.07959580e-01 5.70377111e-02
    3.55550110e-01 2.73475289e-01 3.16774696e-01 4.54465449e-02
    1.16416782e-01 6.02642298e-02 1.20366931e-01 8.07196140e-01
    3.17992061e-01 9.79944527e-01 7.14391172e-01 5.34532368e-01
    7.74560273e-02 1.75710022e-02 5.47727942e-02 2.36208260e-01
    9.05765772e-01 3.71610820e-01 5.78164876e-01 4.60656881e-02
    6.40358150e-01 9.37960744e-01 4.82688665e-01 2.25917429e-01
    4.99669135e-01 8.71234298e-01 5.46983719e-01 6.89658880e-01
    7.35004425e-01 4.22752500e-02 1.23047918e-01 1.19692087e-01
    9.40897107e-01 4.39745694e-01 5.84729433e-01 7.84261227e-01
    6.39816523e-01 9.11739945e-01 2.63907313e-02 7.31712341e-01
    9.18521285e-01 1.70800805e-01 1.36483103e-01 6.72674298e-01
    8.82772803e-01 3.51739526e-01 9.86871123e-01 6.76415563e-02
    1.58265173e-01 3.13211918e-01 5.07232249e-02 9.65610862e-01
    6.34949923e-01 3.02874148e-01 7.62237668e-01 2.74709970e-01
    5.14242172e-01 4.87759918e-01 8.40250134e-01 4.24627870e-01
    1.10021293e-01 6.35754824e-01 2.52456278e-01 4.74718362e-01
    9.79181826e-01 6.96256757e-01 6.56698763e-01 7.43148923e-01
    1.24297291e-01 8.77319932e-01 3.45860898e-01 1.13474786e-01
    9.40523148e-01 8.14087629e-01 4.96984839e-01 2.47778237e-01
    8.55073094e-01 4.53271985e-01 2.71577179e-01 9.96147096e-02
    8.75334918e-01 3.96974564e-01 6.30718589e-01 2.72238433e-01
    9.58252192e-01 5.75592041e-01 8.69044304e-01 1.16937220e-01
    8.51298153e-01 2.72539496e-01 8.24836075e-01 6.33138955e-01
    1.24777675e-01 3.42866153e-01 7.20469534e-01 9.62670803e-01
    8.23658943e-01 8.68037462e-01 6.99950635e-01 3.90453637e-02
    4.12900269e-01 2.36578166e-01 3.45045745e-01 3.65079105e-01
    6.10940576e-01 3.28836918e-01 2.82546878e-01 3.21390986e-01
    7.91381598e-02 1.39526933e-01 8.14614952e-01 3.15002590e-01
    3.29777896e-01 9.97072756e-01 8.44045937e-01 4.44398463e-01
    8.70252013e-01 8.12130451e-01 4.70523834e-01 2.44254112e-01
    1.24555588e-01 9.95977581e-01 9.68357623e-01 1.08256996e-01
    6.91959143e-01 3.62939000e-01 4.79058832e-01 1.84082091e-02
    6.67630017e-01 1.51033491e-01 5.42933285e-01 3.24895918e-01
    5.80243230e-01 4.03884202e-01 2.22142875e-01 2.84328938e-01
    2.16935575e-02 5.50705612e-01 6.37452006e-01 5.00412941e-01
    1.01728588e-01 3.46800327e-01 8.00005317e-01 5.24998605e-01
    4.71591055e-01 8.18596900e-01 5.29392362e-01 3.27642500e-01
    5.52105606e-02 9.48429286e-01 1.53554022e-01 6.83448732e-01
    9.40493703e-01 2.61259586e-01 9.67403173e-01 1.67693555e-01
    5.32323837e-01 5.85592985e-01 3.22860479e-01 3.41986120e-01
    7.85637379e-01 4.71944273e-01 7.72048593e-01 5.47865808e-01
    5.31970620e-01 9.48047519e-01 3.69618326e-01 9.79846001e-01
    5.14893532e-02 5.65883577e-01 7.53063023e-01 9.33334470e-01
    3.07339430e-03 9.03204918e-01 8.92352223e-01 3.81818056e-01
    3.14016044e-02 1.78300440e-01 9.66405869e-03 7.46372938e-01
    1.18369162e-01 3.76413375e-01 6.97210848e-01 1.83384925e-01
    6.48833156e-01 5.22711277e-01 5.77272117e-01 2.65250623e-01
    5.98427057e-01 3.67860615e-01 6.81516051e-01 2.52451241e-01
    7.47220278e-01 3.07865739e-02 5.30613363e-01 6.27618670e-01
    1.47118121e-01 7.32257366e-01 5.01468122e-01 9.67670202e-01
    8.22290301e-01 6.28211200e-02 4.69183415e-01 9.49858606e-01
    3.65009427e-01 4.13454056e-01 7.75195241e-01 2.06605792e-01
    3.11126649e-01 9.07649696e-02 8.30908120e-01 9.84121740e-01
    8.65016818e-01 8.81825089e-01 6.44235611e-01 8.62499774e-01
    3.17645192e-01 3.69685769e-01 2.29389727e-01 8.60322356e-01
    8.66983473e-01 2.72982329e-01 9.66900647e-01 7.69666433e-01
    6.38760805e-01 1.94623947e-01 4.36811358e-01 4.50935900e-01
    8.19656909e-01 3.09089482e-01 9.82152045e-01 8.53874564e-01
    8.33544314e-01 2.22528279e-01 6.85741782e-01 6.21371686e-01
    4.41393316e-01 1.49399251e-01 5.81433713e-01 8.32059324e-01
    1.88776344e-01 4.83118653e-01 6.31465793e-01 5.22434711e-04
    4.61721778e-01 6.11835599e-01 1.57232642e-01 2.77269483e-01
    7.59040833e-01 8.96954894e-01 8.11646461e-01 3.36055756e-02
    2.81942785e-01 5.00205874e-01 1.84324235e-01 6.46152616e-01
    4.72674876e-01 9.58156347e-01 2.87394583e-01 3.48069072e-01
    1.98534161e-01 2.96321839e-01 5.51737905e-01 8.67337942e-01
    1.73641562e-01 7.57840276e-01 4.22115952e-01 6.38644934e-01
    8.49326074e-01 8.56320024e-01 9.88386214e-01 4.57859606e-01
    2.10635006e-01 7.00094521e-01 1.17935687e-01 5.32235861e-01
    4.21290398e-02 8.22647214e-01 6.87769055e-03 1.23605013e-01
    6.28010631e-01 6.45938516e-02 8.18232417e-01 6.93234384e-01
    2.88455904e-01 3.67134511e-02 2.98554122e-01 6.00487113e-01
    2.45462954e-01 9.58520412e-01 8.07600558e-01 4.01668876e-01
    5.56088209e-01 2.72546649e-01 1.01083547e-01 7.55534530e-01
    1.18368298e-01 3.11168611e-01 4.42898214e-01 5.01910388e-01
    4.89960045e-01 3.32622290e-01 1.82552218e-01 5.86350918e-01
    4.85807359e-02 1.00920409e-01 1.16103679e-01 1.71957970e-01
    9.35883284e-01 6.42924428e-01 3.72084796e-01 3.06921124e-01
    3.54367852e-01 8.82552564e-02 9.15306687e-01 6.83508039e-01
    5.28640866e-01 9.68604207e-01 2.44290829e-02 6.78116322e-01
    9.70801115e-01 1.53629839e-01 1.42516911e-01 5.25719106e-01
    3.29225063e-02 9.96184349e-01 5.46578407e-01 2.48469144e-01
    8.95666838e-01 6.00161195e-01 7.97403812e-01 2.24953800e-01
    4.72431779e-02 3.38937879e-01 4.21016902e-01 5.53608596e-01
    6.47496462e-01 8.16868067e-01 7.13447332e-02 8.95927191e-01
    2.61227190e-02 3.61315846e-01 4.19676423e-01 3.05016845e-01
    2.46830851e-01 7.18107462e-01 6.23855770e-01 6.00122213e-01
    1.15651399e-01 7.39378750e-01 6.90627813e-01 2.28829861e-01
    6.61028385e-01 7.91797757e-01 4.40166503e-01 7.42518067e-01
    4.78011221e-01 2.07726508e-01 7.98350811e-01 6.42695069e-01
    7.58303165e-01 8.31019759e-01 3.94210964e-01 4.73669738e-01
    3.20890546e-02 7.91456103e-02 5.12011945e-02 8.26611042e-01
    6.01059794e-02 8.60942900e-02 2.88616329e-01 3.59914720e-01
    7.39088833e-01 2.14213043e-01 9.99750614e-01 9.06571388e-01
    8.62395763e-03 1.40274376e-01 3.48450482e-01 6.90691531e-01
    8.73227358e-01 2.08981276e-01 8.78470600e-01 2.62826771e-01
    2.75482059e-01 7.60525763e-02 5.41762710e-02 8.05504322e-01
    5.01648784e-01 5.58298588e-01 7.37100005e-01 2.45895684e-02
    7.00964034e-02 7.17195749e-01 8.17037106e-01 9.79216933e-01
    9.57714736e-01 3.05689096e-01 5.92498481e-01 3.77779365e-01
    3.94740403e-02 5.73909640e-01 8.98617625e-01 5.15426278e-01
    4.06040192e-01 1.58724368e-01 4.32284564e-01 1.66746259e-01
    1.00474358e-02 3.00028265e-01 6.75098181e-01 7.84197211e-01
    9.80076075e-01 1.48785263e-01 4.33531046e-01 7.71336079e-01
    2.18226820e-01 8.71909618e-01 9.70106006e-01 5.29508889e-01
    7.53584027e-01 8.51012707e-01 4.77792233e-01 2.80514896e-01
    3.35319042e-01 6.80440009e-01 6.34403586e-01 9.31457579e-01
    4.46232736e-01 2.41261125e-02 4.90948558e-02 9.37242746e-01
    9.54408824e-01 9.52396512e-01 4.58652467e-01 6.04347706e-01
    3.19461793e-01 5.59605300e-01 5.28219104e-01 3.98697525e-01
    3.86244327e-01 4.26273942e-01 4.42335993e-01 8.97322059e-01
    7.19505489e-01 9.49593067e-01 9.18631792e-01 2.58658350e-01
    5.18031538e-01 2.32466847e-01 7.64639258e-01 3.40334445e-01
    8.05876851e-01 7.09198713e-01 7.76587486e-01 7.70302892e-01
    2.93198109e-01 9.59571540e-01 1.40362978e-03 5.51404655e-01
    5.55763364e-01 6.38239503e-01 4.36835706e-01 8.76332283e-01
    5.63435972e-01 9.95448709e-01 9.73127127e-01 4.19507682e-01
    1.12341762e-01 1.70010209e-01 4.56892163e-01 4.49319720e-01
    7.86206245e-01 7.48775184e-01 2.74707884e-01 8.94911289e-01
    6.23664200e-01 4.53735381e-01 6.28694177e-01 3.99664462e-01
    9.82027352e-01 3.74073088e-01 9.38052773e-01 9.50494289e-01
    6.49778903e-01 7.99937725e-01 4.87676769e-01 1.32325381e-01
    3.25154543e-01 3.60324591e-01 3.63941193e-02 3.69062603e-01
    9.76860642e-01 3.84144902e-01 2.97048867e-01 1.03278637e-01
    9.37714279e-01 5.47727644e-02 2.46279061e-01 6.97094142e-01
    7.30524540e-01 3.31437945e-01 5.36772549e-01 6.89812362e-01
    4.86247987e-01 5.67095459e-01 5.71679831e-01 1.16804183e-01
    1.70499086e-04 8.55988204e-01 3.56425941e-01 4.47120309e-01
    1.88665658e-01 6.51521683e-02 2.83950925e-01 1.06523156e-01
    3.54565620e-01 7.80982137e-01 7.08632648e-01 9.71530855e-01
    9.14318502e-01 4.40075070e-01 9.78795588e-02 6.77449524e-01
    2.04398513e-01 3.65479290e-01 1.07610613e-01 1.05360389e-01
    2.11384684e-01 3.97752315e-01 5.28500497e-01 6.41036570e-01
    7.37027168e-01 9.56180274e-01 3.96141708e-01 6.82661176e-01
    4.47514743e-01 3.03430259e-01 6.13013864e-01 3.55877817e-01
    3.56030643e-01 9.03913379e-01 4.77224827e-01 7.53091872e-02
    3.31983447e-01 5.56754529e-01 3.92867804e-01 9.47276354e-01
    6.31495178e-01 4.27688390e-01 9.53666329e-01 5.00790477e-01
    8.58686090e-01 2.17087686e-01 3.98725986e-01 8.91279221e-01
    8.72076631e-01 8.08907151e-01 1.56486630e-01 5.96698403e-01
    9.81567144e-01 3.51618975e-01 3.31244528e-01 5.69427133e-01
    3.54903579e-01 5.12084067e-01 6.25366986e-01 5.07757187e-01
    4.66041535e-01 9.93073463e-01 1.26279652e-01 9.37361419e-01
    2.86628157e-01 4.69163716e-01 3.06189060e-02 4.74326491e-01
    3.71072620e-01 6.22060537e-01 4.03351367e-01 3.73471886e-01
    9.31097567e-02 5.14645517e-01 6.70764804e-01 7.09584892e-01
    8.74803662e-01 8.08857560e-01 4.57966268e-01 6.37287199e-02
    9.72752810e-01 3.46839190e-01 3.56971234e-01 7.41460085e-01
    4.39468712e-01 9.23803866e-01 3.74078989e-01 3.06974888e-01
    6.63694859e-01 9.09714162e-01 1.83417827e-01 9.27186728e-01
    9.83862877e-02 8.28983545e-01 1.48620605e-02 1.77462220e-01
    7.11670995e-01 7.80231357e-01 6.17114246e-01 1.20305806e-01
    7.92351723e-01 6.74520671e-01 2.77660191e-01 8.24021101e-01
    3.48717421e-01 1.01827353e-01 8.43185306e-01 1.09336168e-01
    9.45685863e-01 3.87431562e-01 2.08659351e-01 6.33488297e-02
    4.53706682e-02 8.22960854e-01 7.57274806e-01 5.04017174e-02
    7.84088254e-01 3.58074903e-01 3.06217521e-01 7.59836435e-01
    8.68605435e-01 1.83575451e-01 7.09606528e-01 7.29943514e-02
    6.59039140e-01 2.55573034e-01 3.68625224e-02 5.86585164e-01
    8.09935331e-02 7.53228664e-01 4.34862435e-01 8.38395000e-01
    6.09530509e-01 1.64848685e-01 3.68989706e-01 8.53253365e-01
    8.26466680e-01 1.41714513e-02 2.68681347e-02 8.40653777e-01
    9.98782873e-01 7.98830032e-01 9.18227434e-02 8.21054339e-01
    4.50287968e-01 6.01143599e-01 5.99872828e-01 4.75838572e-01
    9.24942851e-01 2.88325697e-01 8.51545572e-01 3.71422708e-01
    8.29777420e-02 8.87275100e-01 7.44822323e-01 6.44668818e-01
    8.36011767e-01 9.38741922e-01 9.06238556e-01 5.07032037e-01
    8.63585174e-01 3.44243348e-01 8.97408664e-01 7.57792711e-01
    4.68626320e-01 7.78980255e-01 7.54170895e-01 2.51685083e-01
    9.82976556e-01 9.76267576e-01 4.30517823e-01 6.40164316e-01
    2.21887439e-01 7.67100513e-01 4.98243004e-01 3.76630366e-01
    1.97579563e-01 9.28481579e-01 9.61940765e-01 9.05402899e-02
    1.74991578e-01 6.48722708e-01 9.45500016e-01 5.77375054e-01
    6.47731364e-01 9.57253575e-01 8.02505612e-02 5.66022813e-01
    4.29752231e-01 3.35932612e-01 5.48212886e-01 5.81672192e-01
    8.52643490e-01 2.02912688e-01 5.40931463e-01 3.82054359e-01
    8.95216405e-01 5.50024629e-01 6.26730919e-01 7.89813936e-01
    4.01769459e-01 6.44765735e-01 9.87223506e-01 2.79195458e-01
    9.65587795e-01 4.84284222e-01 2.38633126e-01 5.13309836e-01
    6.27874374e-01 6.90757632e-01 9.50076580e-01 4.02843952e-02
    8.64817023e-01 9.90048349e-01 6.94328904e-01 2.82956779e-01
    3.64986569e-01 2.97439337e-01 3.27866256e-01 3.97218943e-01
    7.96333194e-01 3.16118300e-02 3.98453832e-01 8.14701736e-01
    8.06374073e-01 8.69521856e-01 2.16959804e-01 4.44656014e-01
    4.37763214e-01 1.26457214e-03 7.18126237e-01 7.45351672e-01
    6.39372170e-01 7.67006397e-01 3.26516390e-01 9.78672504e-03
    1.28010154e-01 1.23460889e-01 5.82424819e-01 4.04239446e-01
    7.98442781e-01 4.61757243e-01 1.34506673e-01 9.84472394e-01
    8.80003095e-01 9.72740054e-02 1.66389614e-01 8.36703300e-01
    8.87607217e-01 4.00468290e-01 5.23186207e-01 9.15013313e-01
    3.35730284e-01 7.65983582e-01 1.96758449e-01 3.89542997e-01
    6.13121450e-01 4.25576687e-01 8.14719319e-01 5.43029845e-01
    6.96855843e-01 7.29572833e-01 4.87597942e-01 6.67089164e-01
    9.87962365e-01 9.18170512e-01 8.41441572e-01 2.12998271e-01
    1.81002825e-01 4.65782255e-01 4.75176275e-02 7.92006910e-01
    1.16355628e-01 9.82448101e-01 2.73907006e-01 2.36609966e-01
    3.99027199e-01 2.11521834e-01 9.06077862e-01 2.32569575e-01
    4.04236794e-01 9.55568671e-01 5.20229340e-04 8.56888473e-01
    1.22276306e-01 5.36867380e-02 6.96703672e-01 2.13089466e-01
    9.36811805e-01 2.98935831e-01 9.26223099e-01 1.49967521e-01
    1.10337406e-01 5.71297169e-01 1.50376558e-02 8.87952745e-01
    2.43554592e-01 1.84554428e-01 7.36153424e-02 4.27882910e-01
    9.85627413e-01 2.23914474e-01 9.22333002e-01 5.30106306e-01
    8.14559281e-01 2.19404012e-01 4.73963439e-01 1.18411094e-01
    6.34789765e-01 4.99228716e-01 1.08306140e-01 3.55712950e-01
    3.53996098e-01 2.48690307e-01 2.64110982e-01 8.91145825e-01
    1.70986474e-01 5.81102967e-01 4.64530587e-02 3.85262966e-02
    6.62758589e-01 6.29305184e-01 4.99373704e-01 4.91580546e-01
    6.97171569e-01 2.85364687e-02 9.37026501e-01 1.72085196e-01
    2.45414406e-01 5.04785419e-01 6.18187010e-01 6.12111330e-01
    9.07890737e-01 9.18414593e-01 3.14458370e-01 9.14217353e-01
    1.64366752e-01 8.05909872e-01 1.61946028e-01 3.86612803e-01
    2.25039154e-01 9.74046290e-02 6.11784995e-01 2.23270416e-01
    8.52370143e-01 5.50301254e-01 4.76232082e-01 1.40232146e-01
    2.22365618e-01 8.43227029e-01 6.06926978e-01 8.45177948e-01
    8.53465557e-01 5.77546120e-01 7.30494976e-01 5.52189589e-01
    5.81570208e-01 8.41676950e-01 4.39995229e-02 9.45622563e-01
    9.16028857e-01 2.85370171e-01 6.20528102e-01 9.50718820e-02
    4.49453920e-01 4.34067369e-01 5.27192712e-01 7.33426929e-01
    7.99973845e-01 3.11901987e-01 2.70393193e-02 6.76793575e-01
    3.97803992e-01 1.38513744e-01 1.78327084e-01 7.92952418e-01
    1.52196020e-01 2.54548520e-01 6.77587688e-01 1.52552873e-01
    3.11347425e-01 3.50843847e-01 2.16010302e-01 6.26860261e-01
    4.10640180e-01 8.47604632e-01 7.67503798e-01 3.81549299e-02
    5.07150412e-01 6.84687495e-03 9.57308769e-01 7.14696646e-01
    2.17492074e-01 3.76584411e-01 8.42208385e-01 7.92591929e-01
    7.93941736e-01 8.61820221e-01 2.45544314e-03 3.04844856e-01
    3.79450321e-01 2.97178268e-01 4.70750153e-01 3.84809494e-01
    6.02973163e-01 4.42377687e-01 3.57856899e-01 8.75834346e-01
    5.38716197e-01 5.16139328e-01 4.58075702e-01 3.51642013e-01
    9.17269468e-01 1.78113818e-01 7.04625249e-02 2.04870284e-01
    7.51209676e-01 1.90374494e-01 1.29840225e-01 8.79253030e-01
    9.83001351e-01 7.68858075e-01 5.43638766e-01 5.77726185e-01
    1.43161088e-01 4.75406021e-01 5.81871629e-01 4.50622767e-01
    8.63471031e-01 2.13541329e-01 8.27048302e-01 4.62525904e-01
    1.54090583e-01 1.20546818e-01 8.98091793e-01 1.86634421e-01
    9.50869441e-01 2.22302318e-01 5.81325650e-01 1.47700638e-01
    5.32704055e-01 4.90523070e-01 4.20022786e-01 7.47294366e-01
    1.48621112e-01 1.53643459e-01 7.57192075e-02 1.71632081e-01
    9.36208189e-01 5.16972244e-01 7.55532205e-01 8.64401221e-01
    8.79924178e-01 1.47856772e-01 8.76375258e-01 5.94409168e-01
    4.30527538e-01 9.32974935e-01 7.70416617e-01 2.97748625e-01
    9.98097897e-01 7.03242540e-01 1.38507754e-01 5.90884805e-01
    5.04919529e-01 4.27095175e-01 8.74273121e-01 2.43732065e-01
    4.15075839e-01 8.64249587e-01 5.78839123e-01 9.20757651e-03
    3.97239149e-01 3.95125121e-01 9.93682563e-01 8.13177705e-01
    8.58058095e-01 7.22473025e-01 3.90353501e-01 1.15143597e-01
    3.67613316e-01 4.44285572e-01 5.65572321e-01 1.42834455e-01
    6.17352784e-01 2.37592340e-01 3.91727805e-01 1.57175988e-01
    2.61064887e-01 7.11683810e-01 8.50100756e-01 1.39072806e-01
    2.71305174e-01 6.37687743e-01 6.86140180e-01 4.34169233e-01
    6.43724799e-01 2.99087107e-01 8.18481982e-01 6.16344035e-01
    4.86229807e-01 7.03124344e-01 5.81594825e-01 9.45396245e-01
    9.89230871e-02 9.90282059e-01 8.12036395e-01 3.78418624e-01
    1.18453771e-01 2.51921028e-01 6.31900430e-01 7.06751347e-01
    2.17842668e-01 1.44684196e-01 2.37354577e-01 9.02048707e-01
    1.38302863e-01 2.47255266e-01 5.35419583e-01 3.11229050e-01
    7.05440521e-01 9.08905625e-01 6.14615023e-01 1.72191352e-01
    4.62301463e-01 7.08990395e-01 8.47405374e-01 4.35216248e-01
    6.20614886e-01 1.18607938e-01 6.13532126e-01 7.66051173e-01
    6.12237155e-01 2.92454511e-01 5.99893212e-01 5.55235803e-01
    2.87121654e-01 8.26938748e-02 9.19318438e-01 1.05777085e-01
    5.19637704e-01 7.77759671e-01 1.10885024e-01 1.72503650e-01
    7.85238504e-01 4.72122431e-03 1.97902232e-01 1.28065407e-01
    8.04732740e-01 6.63463235e-01 2.56058633e-01 9.14750576e-01
    1.53483540e-01 1.59409732e-01 3.65263492e-01 1.25011683e-01
    7.26625800e-01 5.38159728e-01 8.85570407e-01 9.85680103e-01
    7.92794347e-01 8.62102985e-01 9.09843922e-01 4.70997095e-02
    4.88846898e-02 2.67803431e-01 6.11061633e-01 9.68779385e-01
    2.72262692e-01 7.87415981e-01 9.97756004e-01 6.74094558e-02
    2.46971548e-02 9.51970100e-01 2.78676361e-01 2.96821505e-01
    5.89543283e-02 5.61839402e-01 5.23088872e-01 3.09964478e-01
    1.43795371e-01 4.97676641e-01 1.81893945e-01 1.35927260e-01
    6.13036752e-01 5.70999384e-02 9.02253747e-01 7.56876707e-01
    4.65240598e-01 3.14125687e-01 5.28881490e-01 2.80501068e-01
    4.56652164e-01 8.98758173e-02 8.20138156e-02 3.46073627e-01
    6.78312182e-01 6.67690516e-01 9.86191869e-01 5.79653144e-01
    8.51512432e-01 4.41144347e-01 3.38606626e-01 8.88468504e-01
    2.25315988e-02 3.42578888e-01 1.99672610e-01 9.69810724e-01
    3.67097080e-01 2.52319396e-01 8.03374529e-01 2.17917681e-01
    1.21776432e-01 4.70988154e-02 7.82587171e-01 5.19322336e-01
    3.58201534e-01 9.35473979e-01 3.36525142e-01 2.06375629e-01
    6.09085500e-01 7.20643878e-01 2.54710376e-01 6.90955341e-01
    8.03705215e-01 3.83234262e-01 2.19796181e-01 7.79566526e-01
    4.73469824e-01 6.37226164e-01 2.78578579e-01 5.85018039e-01
    1.34205431e-01 4.66239154e-01 3.83402526e-01 6.69389486e-01
    9.97255743e-02 4.10657644e-01 5.50241709e-01 2.63167024e-02
    7.35997796e-01 1.89356118e-01 1.45632088e-01 5.98962426e-01
    6.34014666e-01 2.64332920e-01 4.21997011e-02 2.51961946e-01
    1.76039159e-01 3.42740893e-01 2.78931797e-01 4.22779858e-01
    3.03183645e-01 3.35460067e-01 6.26620650e-01 4.21043396e-01
    8.92319083e-01 2.44560897e-01 1.98600918e-01 8.45953166e-01
    1.40137553e-01 4.80395257e-01 5.06049812e-01 8.03003192e-01
    5.49910963e-01 2.96077579e-01 3.58068824e-01 1.90559030e-03
    8.70511711e-01 4.09854621e-01 8.05176675e-01 4.61232752e-01
    6.74247622e-01 5.24800956e-01 7.82586336e-02 3.73732805e-01
    1.22842997e-01 2.97037512e-01 4.65406477e-02 4.07916993e-01
    9.23147678e-01 3.35939944e-01 8.77335966e-02 7.08694577e-01
    5.00351489e-02 9.96052265e-01 5.07174313e-01 9.22499895e-01
    4.02857125e-01 7.95643151e-01 6.99421883e-01 1.62360549e-01
    7.03900456e-02 7.05607593e-01 1.10431165e-01 9.25833404e-01
    7.92791724e-01 7.92993665e-01 2.13156402e-01 8.46964896e-01
    6.07271612e-01 7.80935287e-02 5.59670448e-01 1.70653969e-01
    7.53767371e-01 9.53536272e-01 3.28307867e-01 6.90723538e-01
    7.86610961e-01 6.41208887e-01 5.99295437e-01 4.51911539e-01
    5.63994944e-01 2.59191960e-01 6.15999222e-01 9.35698152e-02
    4.95751262e-01 7.23023713e-01 9.96414900e-01 5.63456893e-01
    1.71984196e-01 9.53816652e-01 5.59136927e-01 4.96493906e-01
    6.93760633e-01 9.55568671e-01 8.94278407e-01 6.69285655e-01
    4.81262684e-01 9.62007999e-01 2.88376957e-01 4.10743952e-02
    3.73721182e-01 5.00988483e-01 8.70951533e-01 5.13956010e-01
    3.15838665e-01 9.81104612e-01 9.99841213e-01 4.39089596e-01
    2.51354754e-01 5.40894866e-01 8.23539317e-01 3.00067067e-02
    2.44071871e-01 4.35218453e-01 7.12411106e-01 7.18736649e-01
    8.56596708e-01 9.10225809e-01 6.28475189e-01 8.04519653e-02
    6.01553500e-01 6.28915966e-01 4.89412487e-01 2.27772117e-01
    9.52701569e-01 7.19017267e-01 9.90145326e-01 5.24684131e-01
    5.96335173e-01 9.88365710e-02 1.61666960e-01 7.78561473e-01
    7.86686182e-01 1.44624174e-01 8.45782936e-01 8.07616413e-02
    2.74165094e-01 1.29674762e-01 4.59041864e-01 4.40734833e-01
    1.82445258e-01 5.13488233e-01 4.13457245e-01 2.88510293e-01
    9.45867062e-01 3.11895370e-01 6.23797655e-01 3.96357358e-01
    5.00610828e-01 4.00279492e-01 7.38047659e-01 9.96954679e-01
    8.22023392e-01 5.59110403e-01 7.89469838e-01 1.82600856e-01
    4.98307496e-01 2.35215336e-01 3.45027745e-02 8.25667918e-01
    4.32796001e-01 9.02712584e-01 4.85717446e-01 2.27735937e-02
    2.27519065e-01 6.88321888e-01 8.20841491e-01 4.10769284e-01
    1.07141554e-01 8.66263509e-01 9.64486063e-01 9.58650470e-01
    8.36780071e-01 1.14827216e-01 7.56958425e-01 1.06166899e-01
    6.13987744e-02 3.89418215e-01 2.41327554e-01 1.89829022e-01
    8.01685572e-01 3.81717175e-01 6.29812956e-01 9.67893958e-01
    6.32813454e-01 3.62656951e-01 6.64823771e-01 6.61666930e-01
    3.23402047e-01 2.14376658e-01 5.15214205e-01 4.31607425e-01
    6.28508806e-01 6.60540402e-01 1.00752175e-01 6.04255617e-01
    8.46018314e-01 5.87691545e-01 2.44809777e-01 1.11513108e-01
    2.46597975e-01 1.67475700e-01 5.34367383e-01 4.45094526e-01
    9.79615092e-01 6.55436039e-01 9.31345105e-01 9.62844193e-01
    9.50273037e-01 4.40350473e-02 4.40457433e-01 7.60272026e-01
    5.23484409e-01 6.38558388e-01 2.74467826e-01 4.66846913e-01
    1.32606477e-01 9.79025304e-01 8.51035893e-01 6.76952839e-01
    5.20097315e-01 7.32660413e-01 4.68758106e-01 8.13509345e-01
    1.16581231e-01 9.77452397e-01 1.83723629e-01 3.91386032e-01
    7.00120449e-01 2.75921941e-01 4.32413429e-01 7.54413426e-01
    8.64420533e-02 7.04589486e-01 8.44132185e-01 5.34003317e-01
    6.59086406e-02 6.11398518e-01 4.79197413e-01 5.16930938e-01
    6.60218179e-01 2.90027827e-01 6.93454266e-01 9.16418433e-01
    7.22679079e-01 1.46105081e-01 9.24778342e-01 6.95995033e-01
    4.93003130e-01 5.36131620e-01 9.87558007e-01 5.87517738e-01
    1.21048301e-01 9.06837702e-01 7.90634274e-01 4.32931662e-01
    9.33118165e-01 3.11904073e-01 4.91218239e-01 1.76047057e-01
    9.58450794e-01 9.56970572e-01 4.55028027e-01 8.52324486e-01
    9.28607583e-01 2.44400531e-01 5.38489342e-01 1.90222144e-01
    9.54419732e-01 9.96619821e-01 5.23836315e-02 3.71177465e-01
    5.38718998e-01 6.97820246e-01 7.61097670e-01 5.39150536e-01
    8.57686639e-01 1.96891308e-01 2.99758017e-01 5.47810197e-01
    4.24613684e-01 3.82315636e-01 7.04548359e-01 1.92102969e-01
    8.01812410e-02 6.77102923e-01 8.48882616e-01 4.67731446e-01
    6.61463916e-01 5.77116072e-01 1.37045860e-01 5.86043000e-01
    4.22287524e-01 8.99449468e-01 9.45974767e-01 1.46146387e-01
    5.18906176e-01 3.83112371e-01 8.03445399e-01 2.59190798e-01
    5.33373415e-01 4.44001496e-01 3.98781687e-01 9.82019186e-01
    1.22232884e-01 1.29924536e-01 8.69370699e-01 8.44776928e-01
    2.80979335e-01 9.68521178e-01 4.80212361e-01 2.32016712e-01
    8.78060162e-02 4.16333914e-01 8.18214357e-01 5.87394595e-01
    3.45074952e-01 1.55507714e-01 9.39193487e-01 5.53136289e-01
    4.63343501e-01 3.77978325e-01 5.98632753e-01 6.90035522e-01
    3.08018744e-01 2.15290189e-01 2.65728891e-01 5.14847934e-01
    4.34747815e-01 7.67046809e-01 7.92276144e-01 2.45059729e-01
    4.60966796e-01 2.86782950e-01 3.69735658e-01 6.88416719e-01
    6.86940789e-01 3.78507912e-01 9.69283521e-01 9.57780063e-01
    9.74595189e-01 6.82652473e-01 7.68613219e-01 8.24649572e-01
    7.54598737e-01 5.42517364e-01 8.81135106e-01 9.05667841e-01
    6.36289954e-01 6.89619541e-01 4.02996421e-01 8.59895349e-01
    1.56655014e-02 3.12718987e-01 4.01068449e-01 6.77488029e-01
    2.10287452e-01 5.84091842e-01 2.30917364e-01 3.07687223e-02
    5.26192784e-02 5.22505522e-01 6.57107234e-01 1.84839964e-02
    2.16427058e-01 4.95919585e-01 5.63777447e-01 6.09649062e-01
    9.90480900e-01 6.17619872e-01 6.35985196e-01 9.92675722e-02
    8.13323379e-01 6.79016948e-01 1.35021240e-01 7.39878654e-01
    5.81570566e-01 1.76201314e-01 7.87153840e-01 6.91025317e-01
    8.54837596e-01 2.59425104e-01 4.66760695e-01 4.42628264e-01
    1.88665509e-01 3.51603180e-01 3.78865600e-02 2.08897591e-02
    7.19479680e-01 3.14049423e-01 8.74686778e-01 5.71804762e-01
    3.03573638e-01 8.92376423e-01 3.28629375e-01 4.25918519e-01
    4.00573790e-01 2.45420456e-01 8.87873769e-01 5.86055219e-02
    9.99317050e-01 7.69336224e-01 4.23875481e-01 7.06799328e-01
    4.60581869e-01 7.32618928e-01 4.90413904e-02 3.74332368e-02
    5.98203003e-01 6.54279888e-02 6.85714662e-01 2.28721350e-01
    1.33685410e-01 4.36962962e-01 7.49779463e-01 1.62554950e-01
    1.06778860e-01 3.43023002e-01 6.38209939e-01 3.85520399e-01
    9.02318954e-03 7.27668643e-01 4.65613067e-01 1.74891561e-01
    1.35624230e-01 9.34012413e-01 2.62195110e-01 5.48360288e-01
    1.71695352e-01 8.31528187e-01 9.28014994e-01 9.85895336e-01
    3.58777642e-01 4.61636484e-01 2.73141742e-01 4.31252837e-01
    5.72184384e-01 3.80398124e-01 3.33319604e-01 7.77192354e-01
    9.51592565e-01 3.49424481e-01 5.88857174e-01 5.34299672e-01
    9.39203024e-01 7.49899328e-01 9.80314612e-03 2.98830330e-01
    8.57345104e-01 6.75256371e-01 2.86520362e-01 8.14423084e-01
    9.34637308e-01 5.15421510e-01 4.79822218e-01 9.42250311e-01
    5.62200129e-01 1.27821594e-01 2.09421247e-01 6.56785667e-02
    3.31500262e-01 1.86343372e-01 2.85820544e-01 4.82953161e-01
    6.80180788e-02 3.17730308e-02 7.32833624e-01 5.68875253e-01
    6.88096344e-01 8.49939346e-01 2.97119856e-01 7.57313609e-01
    4.00210381e-01 7.97502279e-01 1.79035366e-02 1.99891329e-02
    6.31993234e-01 8.21746349e-01 6.13202631e-01 4.42710042e-01
    4.37026978e-01 6.93636239e-02 5.77164710e-01 4.89400744e-01
    9.52461064e-02 5.58141708e-01 1.62876546e-01 4.19965357e-01
    8.63520682e-01 1.08309716e-01 5.34988284e-01 8.73020828e-01
    3.79330516e-01 8.91624689e-01 8.12892318e-01 7.11705327e-01
    9.82589662e-01 9.15025949e-01 9.10748839e-01 4.22052264e-01
    6.89348578e-02 7.79045105e-01 8.81917596e-01 1.14984274e-01
    5.41307151e-01 4.04464453e-01 5.26547432e-01 9.83946323e-01
    7.15708017e-01 8.17036152e-01 5.35577059e-01 4.33091462e-01
    1.23026222e-01 6.14063621e-01 1.18728697e-01 5.58336437e-01
    5.34363747e-01 2.37026930e-01 8.33370805e-01 4.21009302e-01
    4.95721787e-01 8.10535550e-01 6.33753061e-01 2.14491576e-01
    4.64599133e-02 4.01185989e-01 6.96285307e-01 1.24947637e-01
    8.13054800e-01 7.85297871e-01 5.43248951e-01 6.79812908e-01
    5.74211657e-01 1.33260965e-01 4.26280677e-01 5.68047702e-01
    4.61779654e-01 4.96416241e-01 1.20158970e-01 9.74355459e-01
    5.50984561e-01 6.84281409e-01 4.27164018e-01 5.17131865e-01
    5.58646560e-01 1.18492723e-01 9.02758002e-01 3.70723844e-01
    5.41119754e-01 7.28204012e-01 3.90690118e-01 6.81059122e-01
    7.76200056e-01 9.20398235e-01 6.29440069e-01 6.83569968e-01
    6.14203811e-02 6.45570576e-01 7.03645706e-01 9.60708380e-01
    6.67449117e-01 8.51596236e-01 8.14874172e-02 8.89232159e-02
    2.85664797e-01 3.36808830e-01 1.73879951e-01 9.63398457e-01
    1.16281986e-01 1.12250328e-01 4.73240227e-01 9.71522689e-01
    7.64174104e-01 1.57240331e-02 7.92600095e-01 5.24028838e-01
    8.50280523e-02 5.76848626e-01 9.68259215e-01 7.56610870e-01
    4.48685706e-01 5.98933399e-02 2.36814976e-01 5.25947690e-01
    7.19025195e-01 6.00627065e-01 1.21177763e-01 5.64786971e-01
    6.26735926e-01 1.82326406e-01 7.58242488e-01 6.26900375e-01
    8.47269595e-02 5.66339731e-01 9.20083165e-01 3.74772012e-01
    4.16952342e-01 6.68910384e-01 7.94028640e-01 5.06994605e-01
    5.93300939e-01 6.56692684e-01 8.10227811e-01 8.89933705e-01
    1.04481220e-01 6.43348455e-01 6.35916352e-01 1.70763940e-01
    4.45551693e-01 7.11023808e-04 6.72600031e-01 1.15528971e-01
    3.48856747e-01 6.14690006e-01 3.55740786e-01 8.15524757e-02
    5.36461294e-01 9.99451041e-01 8.23077142e-01 7.86695600e-01
    7.36674666e-01 7.02428579e-01 1.35337859e-01 7.05047309e-01
    1.70587093e-01 2.63666570e-01 3.70619953e-01 2.85360157e-01
    1.32611394e-01 8.66382837e-01 2.40752757e-01 7.23780334e-01
    9.96657252e-01 3.56265783e-01 8.45026374e-01 5.55286348e-01
    4.02326584e-01 4.49851781e-01 8.59228015e-01 7.85720229e-01
    8.41597676e-01 2.92091519e-01 3.01740408e-01 3.98641825e-02
    1.07630998e-01 6.23921752e-01 1.13070607e-02 2.57977903e-01
    9.21995163e-01 3.25229406e-01 2.37714022e-01 3.49723339e-01
    3.58282238e-01 8.15487683e-01 2.01978117e-01 7.57539153e-01
    9.67253983e-01 8.29809308e-01 2.70806760e-01 8.65062594e-01
    1.29397511e-02 2.49107391e-01 3.06203306e-01 2.35655159e-01
    7.43564606e-01 2.67436624e-01 4.90788817e-01 5.65107584e-01
    2.14992821e-01 6.39150918e-01 1.40402585e-01 5.58165491e-01
    3.63772750e-01 6.08987510e-02 5.78706264e-02 2.61774242e-01
    5.72565794e-02 6.29537404e-01 4.31745708e-01 5.44281483e-01
    8.13782632e-01 1.00639462e-03 7.33929634e-01 7.99314737e-01
    9.37954903e-01 6.40083134e-01 8.16498399e-02 2.43286759e-01
    3.96076858e-01 7.81520963e-01 3.25405598e-02 5.60665965e-01
    2.59896159e-01 4.56451237e-01 5.15352905e-01 7.84545481e-01
    6.43554747e-01 5.56998730e-01 4.10340130e-02 6.39581382e-01
    2.97244191e-01 2.70025432e-02 6.16434813e-01 3.35221678e-01
    8.75918031e-01 3.04885030e-01 5.03078997e-02 9.49627757e-01
    9.81445551e-01 2.47286737e-01 1.79300040e-01 7.68944979e-01
    1.99214220e-02 7.48606622e-01 8.50542068e-01 8.68009567e-01
    7.23760843e-01 8.51410270e-01 4.88136142e-01 5.65229654e-01
    2.77776212e-01 4.71711755e-02 9.81869340e-01 6.89383268e-01
    5.90743482e-01 8.75337124e-02 9.70526338e-02 7.94409752e-01
    1.94498777e-01 8.89195204e-01 3.17138195e-01 9.34619844e-01
    5.10548651e-01 9.13882256e-01 1.95596665e-01 1.89350933e-01
    7.15902448e-01 3.65834653e-01 1.59547210e-01 8.23452473e-01
    8.68821025e-01 9.53558803e-01 6.38874769e-01 9.76675272e-01
    3.23132128e-01 3.01125050e-02 4.09047335e-01 3.36381376e-01
    5.31942189e-01 3.03623438e-01 9.10702705e-01 4.81074035e-01
    2.23568380e-01 2.30965972e-01 2.10004359e-01 3.92899424e-01
    3.58469754e-01 5.50702512e-01 1.79419845e-01 8.29330683e-02
    3.03161144e-02 9.95354414e-01 4.65874076e-02 8.75605345e-01
    1.18953884e-01 1.11438274e-01 7.43046522e-01 6.92070365e-01
    2.49630988e-01 6.58920348e-01 6.49338603e-01 5.83778739e-01
    9.57502782e-01 1.67088866e-01 2.05612361e-01 1.01443857e-01
    1.61155373e-01 7.98309088e-01 4.26807523e-01 2.48829812e-01
    6.71776175e-01 4.75766987e-01 1.67530358e-01 6.89219296e-01
    1.28334731e-01 2.07345635e-01 1.99317634e-02 4.03410494e-02
    4.31823254e-01 4.70908582e-02 5.12506604e-01 2.91645944e-01
    4.13055122e-02 8.90442252e-01 9.23079669e-01 3.51159126e-01
    3.64939988e-01 8.60295296e-01 7.23024607e-02 4.54635561e-01
    5.77645600e-01 1.14577800e-01 9.17497873e-01 5.87426484e-01
    5.77565908e-01 1.32270783e-01 9.10336137e-01 7.31407881e-01
    1.42059922e-02 9.68191862e-01 8.68965387e-01 5.23269296e-01
    9.55272794e-01 7.98259139e-01 7.60473847e-01 8.08627844e-01
    5.30465364e-01 2.76613653e-01 7.53143311e-01 7.78362811e-01
    8.21021378e-01 9.51568127e-01 1.77385867e-01 7.53237009e-02
    3.33701521e-01 1.61591083e-01 3.19999605e-01 7.54390955e-01
    2.04397619e-01 2.70438671e-01 8.39007318e-01 3.38165671e-01
    6.13874555e-01 9.84966040e-01 4.30471987e-01 8.16421270e-01
    5.10570228e-01 9.16785538e-01 3.31672549e-01 5.31466544e-01
    7.73485124e-01 5.24547875e-01 3.30332786e-01 9.50046778e-02
    6.91954911e-01 5.57488024e-01 4.96774614e-01 5.75102389e-01
    4.05974448e-01 7.44922101e-01 3.33858132e-02 3.26008111e-01
    7.56852746e-01 6.70741141e-01 8.54594111e-01 9.23546731e-01
    9.46695209e-02 2.26742297e-01 4.84929055e-01 6.90730274e-01
    9.78415966e-01 8.52808237e-01 9.15709436e-02 3.19124609e-01
    2.69547015e-01 4.81145263e-01 9.44005132e-01 7.58205175e-01
    2.74667144e-03 7.58634269e-01 3.25598389e-01 1.51056111e-01
    3.59708548e-01 4.86001670e-02 2.96864569e-01 2.14290410e-01
    2.34041452e-01 7.57990122e-01 4.39421594e-01 3.58853668e-01
    6.60997450e-01 8.11350346e-02 5.49396694e-01 7.60534704e-02
    7.91608155e-01 3.63307923e-01 3.09660673e-01 7.03410327e-01
    7.54114509e-01 3.70068252e-01 4.45532322e-01 2.58616209e-02
    5.02985477e-01 2.01567531e-01 7.99411654e-01 5.69808125e-01
    5.65077364e-01 9.09986675e-01 7.42680073e-01 3.14239115e-01
    8.09141040e-01 6.26761317e-02 7.93290734e-01 3.28711033e-01
    6.07199132e-01 6.10361814e-01 2.56834388e-01 7.91662037e-02
    3.93365145e-01 9.54230309e-01 3.30636621e-01 9.83489394e-01
    4.14338648e-01 6.28010392e-01 8.02191198e-02 2.11171299e-01
    2.50421464e-01 2.91703403e-01 7.21274614e-01 3.14670980e-01
    9.32632923e-01 5.38047016e-01 1.06610417e-01 1.86821461e-01
    7.42445409e-01 1.56282932e-01 8.26134324e-01 9.67564464e-01
    3.79965305e-02 6.30389571e-01 4.77828771e-01 3.61888856e-01
    7.83418775e-01 4.44692999e-01 3.82351756e-01 5.60649514e-01
    8.09240699e-01 6.32242203e-01 7.38853335e-01 8.57293844e-01
    4.32224989e-01 2.74152517e-01 6.18855476e-01 8.82478356e-01
    7.92564273e-01 7.98884392e-01 7.43108392e-02 6.28119528e-01
    1.77082598e-01 2.20147282e-01 7.93215156e-01 1.50248110e-01
    1.58444226e-01 6.84495628e-01 9.98657048e-01 1.94911689e-01
    4.62844461e-01 5.93293369e-01 6.51237845e-01 3.21905136e-01
    5.21368086e-01 1.46549881e-01 7.23885894e-01 5.96734643e-01
    1.92727596e-01 5.33675849e-02 7.52918482e-01 2.05607742e-01
    5.70996404e-01 2.12245971e-01 2.25573331e-01 9.95643258e-01
    1.94170266e-01 9.55321908e-01 6.87982857e-01 6.63028717e-01
    6.53073788e-01 5.16047597e-01 2.24061310e-02 7.72314370e-01
    4.22743917e-01 6.87810183e-01 3.50466996e-01 7.06333518e-01
    9.89853144e-01 1.20908678e-01 1.30942106e-01 5.25159240e-01
    6.60591722e-01 6.41314447e-01 4.10782248e-01 2.70988107e-01
    4.31437343e-01 6.38260186e-01 1.43013865e-01 9.49172616e-01
    4.25730675e-01 1.01236969e-01 8.46254110e-01 1.14351332e-01
    4.63468790e-01 9.93492961e-01 6.39727235e-01 6.84917450e-01
    3.11469078e-01 5.63269258e-01 9.53827262e-01 4.04597402e-01
    7.55210459e-01 8.81661952e-01 1.78744107e-01 5.48631072e-01
    1.40493870e-01 7.06339717e-01 6.58286273e-01 8.86886597e-01
    7.47317970e-01 3.50753516e-01 1.82808369e-01 1.68796420e-01
    5.34280539e-02 5.28602540e-01 1.47611529e-01 8.65736604e-03
    7.91869521e-01 8.00191462e-02 9.87181962e-01 2.75359869e-01
    4.62840259e-01 8.51761699e-01 8.37146640e-02 1.00924164e-01
    7.79569268e-01 1.14090860e-01 3.03199977e-01 3.19615602e-02
    6.82495356e-01 7.41871834e-01 2.68803388e-01 7.50284493e-02
    6.68220639e-01 1.13218188e-01 1.62327617e-01 2.75567472e-01
    8.58414590e-01 1.86343491e-01 5.03938198e-02 6.05820715e-01
    5.89415371e-01 2.97940403e-01 8.54950011e-01 9.52726305e-01
    9.03570116e-01 9.19825315e-01 4.40907478e-01 3.03745866e-02
    2.11341709e-01 4.70081598e-01 1.33321196e-01 7.41433978e-01
    5.58301032e-01 9.39730763e-01 5.79012632e-01 2.54803598e-01
    8.03253353e-02 6.86303973e-01 9.83028591e-01 8.30741227e-01
    4.96897787e-01 6.97440088e-01 8.29179466e-01 1.39520049e-01
    2.16114461e-01 2.30742067e-01 4.36110795e-01 2.91273236e-01
    9.67918396e-01 2.50527859e-01 6.67288005e-01 7.36620069e-01
    2.06450492e-01 8.05869579e-01 4.88019675e-01 9.73509252e-01
    9.00927424e-01 6.29621744e-02 4.72308844e-01 5.16750753e-01
    7.81667650e-01 8.12884569e-01 9.28568721e-01 3.10803831e-01
    2.77843386e-01 7.60398567e-01 4.57100511e-01 8.58099401e-01
    6.94207430e-01 8.18406343e-02 3.35514069e-01 3.48403513e-01
    3.15067112e-01 2.10884988e-01 7.45644748e-01 6.83679342e-01
    6.18063867e-01 3.25911760e-01 7.35950947e-01 1.07976645e-01
    7.95398593e-01 6.14097536e-01 2.13590562e-02 5.83295107e-01
    3.45749438e-01 8.07067156e-01 1.11075431e-01 5.08098722e-01
    4.14008707e-01 1.24430954e-01 4.77837205e-01 9.10550356e-02
    9.33190942e-01 4.57458109e-01 4.09854621e-01 3.43398064e-01
    3.82037073e-01 9.59458113e-01 2.87642360e-01 2.47496009e-01
    6.05280995e-01 7.18915761e-01 9.26097453e-01 9.39739168e-01
    7.29511499e-01 3.04348528e-01 4.58964765e-01 6.05501235e-02
    4.84105945e-01 5.32286406e-01 6.95993543e-01 9.82170582e-01
    4.98384833e-02 7.73185372e-01 6.81165457e-02 9.02378440e-01
    5.73448658e-01 4.26139653e-01 4.04241681e-02 4.45969552e-01
    4.96286243e-01 7.74900675e-01 7.10696042e-01 5.55687845e-01
    7.15157151e-01 5.48785448e-01 3.53204966e-01 3.50979269e-02
    8.81995320e-01 3.05399388e-01 2.17498630e-01 7.91601181e-01
    4.34926748e-02 8.71422410e-01 6.53770566e-02 3.40598226e-01
    9.32515144e-01 7.80300617e-01 8.81351948e-01 7.92060494e-02
    1.60164803e-01 7.99529254e-01 3.57753187e-01 7.21972108e-01
    3.68177772e-01 4.91712838e-01 2.48298705e-01 2.38685399e-01
    1.00247383e-01 5.30209422e-01 6.45169675e-01 6.48108363e-01
    3.94284725e-03 2.26274639e-01 8.08848619e-01 2.32754052e-01
    1.93748116e-01 4.03283954e-01 8.25397015e-01 3.67276132e-01
    4.33072627e-01 9.58247125e-01 4.13924128e-01 2.10168421e-01
    1.14702284e-02 3.42238367e-01 8.33086252e-01 1.22479796e-01
    6.28508389e-01 2.45546997e-02 5.39847136e-01 2.51545608e-02
    8.36110651e-01 2.67376840e-01 1.41235083e-01 9.49786305e-01
    8.50243092e-01 8.65942717e-01 3.20758015e-01 1.75649703e-01
    8.63436103e-01 6.75366580e-01 5.37300646e-01 6.52579904e-01
    6.16910458e-01 5.58943152e-01 9.93397832e-01 3.93090546e-02
    4.05979455e-02 9.31513667e-01 1.69510305e-01 3.75090837e-01
    6.11929774e-01 7.72260666e-01 3.59253824e-01 1.88849211e-01
    5.48128784e-02 6.81999326e-03 6.36182189e-01 5.69500268e-01
    3.15161169e-01 4.19135898e-01 7.34828711e-01 6.52796984e-01
    1.91399425e-01 9.37582970e-01 5.73632658e-01 5.73878467e-01
    2.20027566e-01 1.97198927e-01 6.91102803e-01 1.98819160e-01
    4.92215484e-01 1.98649615e-01 3.20135534e-01 5.73248088e-01
    7.30047464e-01 2.58058488e-01 7.11991608e-01 4.50951338e-01
    3.97219092e-01 6.57170177e-01 4.25062329e-01 9.68681812e-01
    3.70225668e-01 8.80477667e-01 1.11394405e-01 9.71709013e-01
    6.06103480e-01 3.32101732e-01 1.70985073e-01 4.01968420e-01
    1.86660260e-01 8.98039103e-01 9.17052925e-01 9.78761315e-01
    2.39205778e-01 1.61020935e-01 2.77869105e-01 1.78471208e-03
    9.23082232e-01 1.36426181e-01 5.14804900e-01 9.01300907e-01
    4.71588850e-01 6.28443658e-01 3.72582316e-01 8.08601260e-01
    1.78750724e-01 5.21146953e-02 8.68993044e-01 5.84203362e-01
    8.20086002e-02 4.04262871e-01 3.48051488e-01 9.64902520e-01
    7.79532671e-01 8.60555112e-01 5.44128776e-01 7.10930109e-01
    7.96401978e-01 1.96424216e-01 2.77020395e-01 2.07973748e-01
    2.12600857e-01 2.64926493e-01 5.58349133e-01 3.54758620e-01
    4.80816990e-01 3.42285216e-01 4.79760677e-01 5.17241478e-01
    8.34719896e-01 7.42615640e-01 4.59152073e-01 1.27238214e-01
    7.07505882e-01 8.56233954e-01 4.31088567e-01 4.66454804e-01
    5.37013412e-01 8.76265645e-01 7.17764497e-01 7.58852243e-01
    9.94849443e-01 4.07181591e-01 3.77191156e-01 4.76348400e-03
    8.99222970e-01 3.64335358e-01 4.44055259e-01 6.65390432e-01
    2.05538273e-01 4.48289037e-01 1.08803123e-01 4.73130196e-01
    5.56301594e-01 9.51990843e-01 1.76029265e-01 9.80380058e-01
    1.57990217e-01 7.85957336e-01 4.04024571e-01 6.21503234e-01
    3.61825913e-01 6.94828331e-01 5.42778671e-02 5.45302927e-02
    2.22773761e-01 6.59753203e-01 2.24454492e-01 7.56574392e-01
    1.39278829e-01 8.15197110e-01 3.96582246e-01 4.43506062e-01
    7.81313539e-01 9.01115060e-01 9.68951821e-01 9.69554901e-01
    5.72258890e-01 9.26085413e-01 8.70165169e-01 9.44757462e-01
    2.51242101e-01 9.01499093e-02 6.77961290e-01 9.51445699e-01
    5.12612700e-01 3.28745425e-01 2.20573246e-02 3.32541406e-01
    6.08416498e-01 3.60787451e-01 7.83947051e-01 5.09526849e-01
    2.55530596e-01 3.23929012e-01 7.97453821e-02 5.56347489e-01
    5.30506372e-01 2.32775807e-01 1.17282897e-01 6.74876451e-01
    7.91728199e-01 2.87955850e-01 2.13086635e-01 8.39771748e-01
    5.11410058e-01 4.50471908e-01 7.13965416e-01 7.40210414e-01
    1.34534508e-01 1.90176040e-01 4.64883417e-01 2.21093297e-02
    8.94901693e-01 9.99508023e-01 9.39572692e-01 7.27892339e-01
    1.73843414e-01 6.20692372e-01 2.01443732e-02 8.01502228e-01
    3.43368441e-01 3.69045556e-01 6.10932589e-01 2.71409869e-01
    5.26853144e-01 9.10305142e-01 1.47479266e-01 1.54024929e-01
    1.10456705e-01 6.42431855e-01 6.35423541e-01 5.48055708e-01
    2.70240784e-01 7.61045098e-01 3.74213547e-01 1.46303177e-01
    6.84334934e-01 6.55874431e-01 5.97836256e-01 1.51784271e-01
    9.73628283e-01 1.02557212e-01 7.36711979e-01 1.61515594e-01
    7.54386961e-01 1.61023587e-01 8.86718512e-01 6.56383514e-01
    2.56999910e-01 4.48236704e-01 9.43242788e-01 9.18673694e-01
    4.41258460e-01 8.08170915e-01 9.87726450e-01 2.74114847e-01
    1.28109306e-01 5.93339205e-02 2.71131158e-01 9.79157090e-01
    9.87707376e-01 1.22163862e-01 4.54961360e-02 8.14567804e-01
    1.57647163e-01 2.31287837e-01 5.45339584e-01 1.63987964e-01
    3.11651230e-01 1.93133444e-01 6.89517021e-01 1.17658257e-01
    8.34687591e-01 4.26454246e-01 6.12472594e-02 3.20468664e-01
    8.49252820e-01 7.56083012e-01 5.79328179e-01 1.40338302e-01
    3.67350042e-01 2.52491474e-01 4.57460403e-01 9.19166327e-01
    3.67337972e-01 1.41609579e-01 8.31691027e-02 1.74870491e-01
    9.03963327e-01 1.28958762e-01 5.32747388e-01 5.98713458e-02
    5.87369382e-01 2.68813074e-02 5.71433127e-01 7.53322959e-01
    4.38474208e-01 6.76061988e-01 4.16204870e-01 8.09097052e-01
    7.64871061e-01 8.64163220e-01 6.55924380e-01 4.17930126e-01
    7.16650546e-01 7.33667552e-01 6.25508308e-01 9.95045006e-02
    6.18514121e-02 4.83758897e-01 7.00883150e-01 5.30909300e-02
    3.18342477e-01 7.66189933e-01 1.16412729e-01 8.00912619e-01
    4.97132361e-01 6.34002268e-01 6.30799532e-01 6.27833307e-01
    1.74584895e-01 6.09646916e-01 2.48392642e-01 9.46179628e-02
    3.01553965e-01 2.48520315e-01 4.69188184e-01 3.33343565e-01
    6.73702955e-01 6.06242716e-01 1.75775975e-01 4.48466212e-01
    6.92027748e-01 3.81998181e-01 5.21974683e-01 8.96863520e-01
    7.89363146e-01 4.54660863e-01 6.84127808e-01 9.52263713e-01
    9.52643812e-01 1.31634772e-01 8.27974081e-02 9.81501043e-01
    9.89499032e-01 3.08573842e-02 6.77324891e-01 7.28528976e-01
    4.34095472e-01 5.14611006e-01 4.86735165e-01 1.06210083e-01
    3.71521205e-01 2.85825133e-01 3.66047829e-01 6.03147626e-01
    3.13998431e-01 3.59788120e-01 9.30165350e-02 8.52197051e-01
    2.30427414e-01 2.50478268e-01 7.92716622e-01 3.34858239e-01
    7.29822218e-01 2.69158512e-01 4.44478273e-01 6.14228964e-01
    9.21225429e-01 3.49187255e-02 1.30950600e-01 2.40288436e-01
    7.43305683e-01 6.16726637e-01 4.55829293e-01 5.28850436e-01
    3.24209899e-01 3.17774117e-02 3.91544014e-01 6.78992271e-01
    5.19050837e-01 2.65041113e-01 2.42799103e-01 2.15839505e-01
    6.99546635e-02 9.76913452e-01 2.89730191e-01 7.37242341e-01
    8.32165956e-01 6.40933156e-01 1.92614704e-01 4.04966891e-01
    1.02599382e-01 6.16212487e-02 8.44707906e-01 7.40857184e-01
    4.44761246e-01 5.14318883e-01 8.04777682e-01 9.44811702e-01
    3.89226258e-01 2.30617225e-01 2.98206568e-01 9.46734786e-01
    5.62722623e-01 6.94530129e-01 9.34351325e-01 5.10994852e-01
    6.05529785e-01 3.54429305e-01 8.18325877e-02 3.04806352e-01
    7.73489356e-01 2.18482733e-01 2.68079937e-01 5.35425186e-01
    8.80170703e-01 3.50281298e-01 9.64789271e-01 2.67686725e-01
    1.39609098e-01 1.67360008e-02 2.05093175e-01 3.74283075e-01
    4.53715324e-02 6.23902798e-01 9.43347752e-01 8.46816897e-01
    3.63477111e-01 6.80950284e-02 1.81585699e-01 7.44411707e-01
    4.29511070e-04 7.04515636e-01 9.19609070e-01 1.21431768e-01
    6.19381309e-01 9.28371906e-01 9.00298297e-01 6.65898085e-01
    7.42391944e-01 8.24696422e-01 2.80766696e-01 6.79565370e-01
    1.35381341e-01 9.76920724e-01 2.93778926e-01 3.40869367e-01
    9.01999950e-01 4.85841036e-01 4.61930513e-01 5.57106793e-01
    7.74716973e-01 4.10910189e-01 5.51967800e-01 4.50395226e-01
    9.65907931e-01 1.46235675e-01 7.54638612e-01 7.94638097e-02
    6.52883053e-01 7.62337744e-01 8.26046824e-01 4.66187924e-01
    8.44148278e-01 9.18574572e-01 4.26692128e-01 1.22702122e-01
    8.91125381e-01 5.01704097e-01 7.24902511e-01 6.36526942e-01
    6.87510192e-01 4.54165429e-01 7.37146258e-01 5.83210230e-01
    8.42061639e-01 3.62590134e-01 8.79277050e-01 5.97824514e-01
    1.05050772e-01 4.71806169e-01 5.62779427e-01 8.23887289e-02
    8.15266609e-01 2.66795456e-01 2.27115959e-01 1.91538990e-01
    8.39582562e-01 6.27977729e-01 1.43517375e-01 1.58194155e-01
    2.14726686e-01 8.08849394e-01 7.11629868e-01 8.81585479e-02
    6.54903054e-03 5.73152840e-01 8.42066228e-01 9.60838675e-01
    3.35339874e-01 9.37995076e-01 2.04383165e-01 9.19753790e-01
    9.40430224e-01 4.27058369e-01 8.25823545e-01 3.05355787e-01
    7.04880893e-01 1.71801358e-01 3.49409014e-01 1.26953065e-01
    9.37796831e-01 7.70349503e-01 9.56813693e-01 7.83656836e-01
    9.84783828e-01 5.16652942e-01 8.04120898e-01 1.61990345e-01
    6.29916489e-01 3.31175447e-01 4.08228010e-01 2.01795697e-02
    5.32323599e-01 3.60610008e-01 1.68046355e-02 2.95593441e-01
    8.19847107e-01 4.44923639e-01 3.44064534e-01 3.42080534e-01
    1.62544012e-01 3.37148309e-01 3.80756438e-01 5.94648719e-03
    1.51397794e-01 8.24794471e-02 6.34494781e-01 1.92545772e-01
    1.35764211e-01 4.81009990e-01 1.15729660e-01 3.13542485e-02
    9.85476971e-01 8.50169420e-01 6.16548598e-01 8.72254670e-02
    9.35821772e-01 9.38245296e-01 2.87551701e-01 3.47894698e-01
    7.99407363e-01 8.85482192e-01 7.54719377e-01 4.84753281e-01
    8.03694010e-01 2.08915979e-01 7.59456158e-02 9.94957089e-01
    7.36094415e-02 7.01520503e-01 8.99585366e-01 8.11297655e-01
    5.94313323e-01 7.93340266e-01 2.59312689e-02 9.54016447e-01
    8.38542283e-02 3.92405331e-01 8.37239623e-01 2.66907960e-01
    1.47887468e-01 1.01976246e-01 7.10732818e-01 6.46458387e-01
    2.61859179e-01 3.13015282e-01 9.38335419e-01 6.08072460e-01
    7.45427966e-01 2.55696118e-01 7.58668900e-01 6.43356204e-01
    1.84390396e-01 4.14500803e-01 8.25146437e-01 9.62350845e-01
    8.98781717e-02 9.30839062e-01 2.80536532e-01 5.67072034e-01
    8.19180369e-01 5.81080973e-01 1.84315026e-01 7.73774862e-01
    7.05469072e-01 1.74873918e-01 6.54523313e-01 6.05741858e-01
    2.63440490e-01 3.84030223e-01 1.82327539e-01 4.69643235e-01
    8.21916819e-01 6.05972230e-01 5.99320173e-01 7.52515137e-01
    3.73918116e-01 7.30599284e-01 5.41619837e-01 6.33593619e-01
    6.11770511e-01 4.21130061e-01 4.41965431e-01 9.25267816e-01
    8.59968305e-01 2.28541762e-01 6.92858219e-01 5.34020066e-02
    8.33424091e-01 1.81164831e-01 2.39414662e-01 6.93219244e-01
    7.14373827e-01 5.66838324e-01 1.70831472e-01 4.62086022e-01
    8.88931990e-01 6.69902563e-01 3.27248573e-02 7.44155169e-01
    9.46980000e-01 8.55980396e-01 5.98054051e-01 2.75405765e-01
    3.77926648e-01 4.77120578e-02 6.66756570e-01 6.24861836e-01
    1.43756270e-01 6.76340282e-01 5.34448683e-01 9.15988922e-01
    8.14298511e-01 9.54473615e-01 4.01729226e-01 7.32988119e-01
    2.33172268e-01 8.34106266e-01 8.26928437e-01 4.95440602e-01
    7.36061573e-01 4.36183900e-01 6.81428671e-01 9.09873009e-01
    3.98288846e-01 3.86000872e-01 2.06528008e-01 5.37359953e-01
    4.94050980e-02 4.02483553e-01 9.65735018e-01 6.69740736e-02
    7.87797451e-01 3.17050099e-01 2.68988609e-02 5.32458127e-01
    9.09374356e-01 4.00345445e-01 4.14159179e-01 5.21301270e-01
    7.60355830e-01 2.82224059e-01 3.48619878e-01 3.38624001e-01
    7.93896794e-01 6.94501162e-01 7.00712383e-01 2.62899548e-01
    5.81520140e-01 3.93950403e-01 5.23120344e-01 3.38159323e-01
    2.71373689e-02 8.29392731e-01 2.08105356e-01 6.83382452e-02
    5.04114628e-01 2.95195967e-01 9.58989859e-01 2.60411382e-01
    4.85240817e-02 9.50470507e-01 8.09831917e-02 6.30489767e-01
    8.38317156e-01 3.08002532e-02 1.11180544e-01 3.46131623e-01
    2.94452667e-01 1.08626038e-01 5.07233381e-01 6.49780631e-01
    3.68279397e-01 7.99486518e-01 8.43104541e-01 7.00423419e-01
    8.35762262e-01 6.71837211e-01 2.02073693e-01 6.23854935e-01
    8.48164558e-02 9.80185390e-01 3.01539570e-01 9.66879129e-02
    8.14962864e-01 5.44983983e-01 1.54698193e-01 8.63577306e-01
    8.34198952e-01 7.65457690e-01 9.99614358e-01 9.96217966e-01
    3.20236444e-01 4.53694522e-01 3.87935519e-01 5.35719395e-01
    9.93480802e-01 5.63105941e-01 2.71098137e-01 5.07837474e-01
    1.33586377e-01 9.77529049e-01 3.42312515e-01 7.61520863e-01
    7.91317284e-01 5.64368546e-01 9.70591605e-01 7.12538421e-01
    1.83338374e-01 1.94037437e-01 8.34858537e-01 1.71978861e-01
    4.49363470e-01 7.69444883e-01 3.35662812e-01 3.96567285e-01
    3.45122248e-01 4.74614799e-01 5.53252816e-01 3.52419734e-01
    6.38031662e-01 5.31124473e-02 4.01860416e-01 7.83799291e-02
    1.31289214e-01 8.66348505e-01 6.48625076e-01 4.62277412e-01
    3.22958112e-01 2.84532011e-01 2.85616457e-01 4.74600643e-01
    1.12660825e-01 9.83925939e-01 4.20141399e-01 7.50330091e-01
    8.52027476e-01 4.00088459e-01 3.54827553e-01 4.38226432e-01
    3.90133917e-01 2.39518166e-01 5.90006590e-01 3.02454710e-01
    3.53459120e-01 4.33724165e-01 5.75299263e-01 9.43109870e-01
    4.88469779e-01 8.03979337e-01 5.90344787e-01 6.37933612e-01
    8.22249174e-01 1.08290583e-01 6.80661738e-01 8.38502824e-01
    2.80077577e-01 4.63714957e-01 7.61375129e-01 8.20400238e-01
    5.84512591e-01 2.44054765e-01 1.15543604e-03 1.64255142e-01
    6.82192743e-02 8.93302560e-02 6.81252003e-01 5.82222760e-01
    8.38852465e-01 9.07228470e-01 6.92675471e-01 2.77489960e-01
    3.81018311e-01 1.64574951e-01 4.13931042e-01 4.64199185e-01
    9.19780612e-01 5.79655468e-01 7.89767504e-02 6.95361018e-01
    8.67839098e-01 3.32227468e-01 7.48806417e-01 9.11254168e-01
    6.68416798e-01 3.90014648e-02 1.72677785e-01 6.99764132e-01
    2.15795457e-01 4.11880374e-01 1.83822215e-01 7.13330150e-01
    6.33044362e-01 7.35124290e-01 7.04975605e-01 3.99579167e-01
    5.50927639e-01 3.00106883e-01 3.37643147e-01 3.70841473e-01
    9.44346786e-01 7.39207506e-01 3.05521309e-01 9.90280509e-03
    5.89531958e-01 3.68493080e-01 1.92218661e-01 1.42894626e-01
    6.97043359e-01 9.12434220e-01 7.59903491e-01 3.44494045e-01
    7.19404817e-02 6.43838882e-01 9.84196186e-01 6.69670165e-01
    9.57606971e-01 3.04786831e-01 3.20804715e-01 6.88540220e-01
    9.81145084e-01 2.44101703e-01 4.33249742e-01 5.06111324e-01
    7.41855860e-01 5.56597471e-01 1.39930576e-01 2.38807410e-01
    9.03092265e-01 2.08794951e-01 1.67519867e-01 1.53350145e-01
    6.30007148e-01 4.74372864e-01 1.03780866e-01 9.74203587e-01
    2.45307982e-01 2.74794757e-01 7.45838404e-01 6.67762876e-01
    2.18807399e-01 3.53662699e-01 3.18581343e-01 1.81811869e-01
    2.22196609e-01 4.25962210e-02 9.17278707e-01 4.58848178e-02
    5.19748807e-01 8.00428271e-01 3.64438891e-01 3.78848672e-01
    2.45090067e-01 5.87005913e-02 7.00263739e-01 1.06137097e-01
    8.39876533e-01 4.57638741e-01 9.28478360e-01 2.65412062e-01
    4.87535894e-01 3.41086984e-01 5.84152520e-01 1.81356102e-01
    2.29585230e-01 3.07845175e-01 3.81064296e-01 2.81140089e-01
    7.33403921e-01 1.34598047e-01 8.27641606e-01 7.16034889e-01
    4.65191066e-01 5.16129375e-01 9.18955743e-01 9.01267529e-02
    6.45065010e-01 7.58807182e-01 9.14022505e-01 7.48662472e-01
    3.25737298e-01 4.58640695e-01 3.67897630e-01 6.73375964e-01
    9.58735943e-02 9.23277140e-02 6.95241213e-01 3.17938417e-01
    8.45213592e-01 1.55137807e-01 9.99746084e-01 1.83389425e-01
    4.25737798e-01 7.33503699e-03 3.09460402e-01 6.46457672e-01
    3.85335624e-01 8.07023048e-01 2.27954954e-01 4.86099780e-01
    3.27009201e-01 3.30926836e-01 5.96442044e-01 2.62998700e-01
    4.62117016e-01 7.03943372e-01 1.72600895e-01 9.03212786e-01
    3.48260850e-01 3.73166084e-01 4.00916368e-01 6.67869925e-01
    3.10304642e-01 1.24807239e-01 1.76317781e-01 4.36203778e-01
    6.52322590e-01 6.08903944e-01 4.96788830e-01 7.98541248e-01
    5.11534512e-02 9.50381160e-01 6.82761908e-01 6.85635924e-01
    3.77806872e-01 2.16450512e-01 3.98046523e-01 4.69263554e-01
    3.01608443e-01 4.45586741e-02 5.97104907e-01 2.35402137e-01
    2.13784993e-01 1.55223459e-01 4.38705444e-01 9.50750351e-01
    3.87956142e-01 9.93872643e-01 4.52752709e-01 8.78699780e-01
    8.14191818e-01 7.69328952e-01 5.23078680e-01 7.48098016e-01
    2.79684603e-01 6.65842295e-02 2.63026953e-02 9.56685066e-01
    3.09337020e-01 9.66884494e-01 6.76362872e-01 1.13699079e-01
    1.49918258e-01 7.08532810e-01 4.67841566e-01 7.63559699e-01
    4.60906059e-01 2.52110362e-02 2.72413671e-01 3.30349445e-01
    9.35630500e-01 9.44784522e-01 8.82132709e-01 2.48760253e-01
    6.74460471e-01 1.22420579e-01 5.67997277e-01 6.61701500e-01
    1.42548174e-01 8.57594728e-01 9.15928602e-01 6.70560658e-01
    2.91297942e-01 1.29019231e-01 1.27422512e-02 3.10281128e-01
    5.04528165e-01 7.52818584e-02 4.99140054e-01 9.78805900e-01
    5.00712037e-01 9.74363327e-01 3.27984661e-01 5.58183372e-01
    7.93542266e-01 2.86025703e-02 7.79603720e-02 4.54686552e-01
    1.98536843e-01 9.66561079e-01 6.96971178e-01 4.96814549e-01
    9.99365211e-01 3.22992444e-01 6.37795329e-01 1.50422096e-01
    2.52487540e-01 3.60083640e-01 9.60950732e-01 7.58965731e-01
    6.68744743e-02 7.49878526e-01 8.35365355e-02 1.86098874e-01
    9.59138274e-02 5.79903126e-02 1.52722478e-01 2.09878832e-01
    1.02561116e-01 9.10720527e-01 2.02193290e-01 1.29110664e-01
    3.58677745e-01 8.26787949e-03 5.06417394e-01 5.36979020e-01
    5.64431369e-01 4.53988314e-01 3.11876059e-01 1.56572163e-02
    6.67032897e-01 9.72254157e-01 9.57258344e-01 8.43288839e-01
    8.42984855e-01 4.30996060e-01 7.16457546e-01 1.84489816e-01
    1.26410663e-01 7.53708720e-01 1.73158556e-01 7.87132502e-01
    2.01585591e-01 4.30365890e-01 3.19924027e-01 9.01183248e-01
    2.07578391e-01 5.16022980e-01 2.66981483e-01 2.85403222e-01
    8.04232597e-01 9.49450135e-01 2.76370525e-01 1.77447349e-01
    9.46894526e-01 4.79168028e-01 5.61039269e-01 8.68864179e-01
    5.59360981e-02 2.63015091e-01 1.20860964e-01 4.30318862e-01
    5.47547162e-01 1.40378922e-01 9.58852470e-01 1.87777579e-02
    4.20898795e-02 4.67246354e-01 8.36266518e-01 3.06201994e-01
    8.42916787e-01 1.75585151e-01 4.24248010e-01 6.31784439e-01
    7.62050509e-01 3.83272201e-01 1.44025207e-01 9.05837417e-02
    3.11159909e-01 9.90413547e-01 4.13426846e-01 4.78332937e-02
    2.37498879e-01 6.54097915e-01 1.17486209e-01 2.70303071e-01
    7.57593393e-01 8.41892898e-01 4.98796403e-01 7.02195346e-01
    5.13626575e-01 6.41718805e-02 7.87286401e-01 8.67499471e-01
    3.26009572e-01 6.94597900e-01 8.37976933e-01 8.54000688e-01
    8.11547279e-01 6.17234051e-01 9.29507256e-01 2.44657397e-01
    1.99954987e-01 3.28008711e-01 7.47448564e-01 1.59866899e-01
    4.65676248e-01 6.31306648e-01 2.73360550e-01 6.57518804e-02
    1.57587737e-01 7.62792349e-01 4.97052312e-01 4.86858070e-01
    3.17512631e-01 5.94296753e-02 2.92074710e-01 8.09506536e-01
    9.34883296e-01 9.17432487e-01 3.68570119e-01 7.81202734e-01
    5.30816257e-01 9.30069804e-01 5.70666909e-01 9.98427570e-01
    7.75795341e-01 5.03907442e-01 6.98039711e-01 7.73554921e-01
    3.57611358e-01 5.19431710e-01 9.95041013e-01 9.65887308e-03
    6.33354783e-01 6.09040856e-01 7.41810143e-01 2.60211945e-01
    6.23581767e-01 1.53651148e-01 1.11940324e-01 1.88766420e-02
    1.48877442e-01 9.07044232e-01 5.28569579e-01 2.59139806e-01
    1.99846357e-01 2.01004744e-02 6.07716084e-01 2.72825241e-01
    2.44780302e-01 2.14779913e-01 4.29343015e-01 4.26824659e-01
    1.98595971e-01 4.41870332e-01 4.73384559e-01 7.85659850e-02
    5.24176240e-01 7.90847540e-02 5.11736572e-01 3.33751976e-01
    3.95707220e-01 3.75328243e-01 1.64991707e-01 3.60176623e-01
    4.72962409e-01 6.72287524e-01 3.51694524e-01 1.43170536e-01
    2.58676201e-01 3.79318386e-01 3.92798156e-01 5.10043919e-01
    6.36660874e-01 4.82787907e-01 7.71383524e-01 9.30243373e-01
    1.36445463e-01 6.50902927e-01 8.90082717e-01 1.77715182e-01
    6.70412600e-01 4.62802500e-01 2.25691110e-01 3.22993010e-01
    2.84857154e-02 8.28063190e-01 3.46352845e-01 6.41011655e-01
    3.03781927e-01 1.55144066e-01 2.30301738e-01 9.53036904e-01
    6.55493677e-01 3.69856864e-01 1.56984270e-01 6.65732980e-01
    3.37528050e-01 6.01541400e-01 6.44013882e-01 8.94573867e-01
    3.49970937e-01 6.97693944e-01 5.41084230e-01 3.24637890e-01
    1.50793582e-01 8.41959119e-02 6.95404112e-02 2.37671703e-01
    2.97062099e-02 7.38234758e-01 6.27329826e-01 9.98540759e-01
    4.53860879e-01 3.84372383e-01 3.49613428e-01 7.96478391e-01
    9.13558006e-01 5.90696633e-01 9.59293723e-01 5.03961444e-02
    3.13449800e-01 2.88954705e-01 9.91515815e-01 4.42049563e-01
    6.36387765e-02 1.99318826e-02 7.60925174e-01 6.12507284e-01
    8.24863195e-01 2.59009838e-01 9.16981578e-01 1.25349581e-01
    6.90591455e-01 7.45779812e-01 6.76621974e-01 9.64864969e-01
    8.61422956e-01 6.40844285e-01 4.98894334e-01 2.01731116e-01
    2.24139363e-01 7.42202699e-02 1.07578397e-01 1.45186931e-01
    2.22741455e-01 3.04178357e-01 5.26914001e-02 9.67021108e-01
    9.07788873e-01 4.67747450e-01 7.77228475e-01 6.75649405e-01
    2.45748341e-01 9.27378058e-01 7.28508294e-01 3.35697472e-01
    4.32010055e-01 8.44277978e-01 8.25919867e-01 7.51389086e-01
    6.58938169e-01 6.22693181e-01 6.74101174e-01 6.18798018e-01
    1.24218315e-01 4.68174934e-01 1.43031865e-01 9.54614162e-01
    9.36411381e-01 5.94129562e-02 1.07931226e-01 8.88323009e-01
    5.46533287e-01 5.21211088e-01 8.00428987e-02 1.62246823e-03
    5.99114895e-01 3.51726413e-01 8.71977925e-01 6.44877970e-01
    5.32597840e-01 8.03163826e-01 5.37260354e-01 1.21001363e-01
    8.67855787e-01 6.44399226e-01 2.20422000e-01 3.37205827e-01
    3.73670578e-01 2.98990816e-01 6.12684190e-01 6.95087492e-01
    1.88763738e-01 8.61381054e-01 4.86840159e-01 3.24746072e-01
    1.09532893e-01 1.77944660e-01 7.67324924e-01 8.42413783e-01
    5.11064947e-01 8.81513298e-01 1.72944069e-01 3.59505832e-01
    5.61837554e-02 9.33112979e-01 4.93778020e-01 8.43944311e-01
    8.18824708e-01 2.40029991e-02 7.42087245e-01 4.10695076e-01
    3.24631333e-02 3.81857574e-01 3.60312730e-01 8.48274529e-01
    6.12148523e-01 9.11058068e-01 7.64144659e-01 4.03317481e-01
    8.07727814e-01 7.72582889e-02 1.86796606e-01 7.06977069e-01
    6.80207729e-01 1.70201957e-02 5.83680391e-01 5.57883203e-01
    5.87409914e-01 9.98980999e-01 4.30653393e-02 4.45426047e-01
    6.52397871e-01 6.13460898e-01 7.88750410e-01 5.23568332e-01
    6.90982223e-01 7.29586363e-01 9.00876880e-01 9.43343639e-02
    1.03730917e-01 2.64793873e-01 1.69668525e-01 9.05763268e-01
    5.16004741e-01 4.48113233e-01 5.84880412e-01 3.69430959e-01
    6.46862566e-01 2.08038777e-01 7.40547478e-01 6.98598504e-01
    2.96915293e-01 7.32420981e-02 2.47858256e-01 3.38354260e-01
    6.75387442e-01 3.89033437e-01 7.25691795e-01 8.88271093e-01
    5.73844850e-01 5.73776841e-01 2.38134086e-01 4.95894730e-01
    2.11089432e-01 5.97703159e-01 1.23410553e-01 4.80590552e-01
    3.44877511e-01 4.15165126e-02 8.27035546e-01 2.18067169e-01
    3.82241845e-01 1.52340949e-01 9.07750607e-01 7.49639511e-01
    3.07865709e-01 3.95924628e-01 4.00495052e-01 3.13207000e-01
    2.21601516e-01 5.67890525e-01 2.05200523e-01 5.43798864e-01
    1.61313802e-01 1.80239528e-01 5.54847777e-01 4.24752772e-01
    3.57025385e-01 9.92367566e-02 3.17728519e-01 2.95418799e-01
    7.83860385e-01 4.88414735e-01 4.10993040e-01 7.98415542e-02
    7.57711589e-01 2.32552230e-01 8.74207556e-01 2.34040111e-01
    2.50770509e-01 4.99873281e-01 6.37512445e-01 7.60143161e-01
    9.72015202e-01 1.55639648e-03 5.99626660e-01 9.23172593e-01
    1.47861570e-01 3.36374164e-01 2.28284419e-01 9.09751892e-01
    2.50870585e-01 9.74709153e-01 4.50131744e-01 1.10639721e-01
    3.52034271e-01 9.69164371e-02 2.43269950e-01 2.53170013e-01
    6.14491582e-01 4.43600357e-01 3.69234085e-01 1.84129417e-01
    6.77892625e-01 8.92506599e-01 3.33717406e-01 9.11803722e-01
    5.92156053e-02 8.38731050e-01 9.35891449e-01 5.43828964e-01
    9.10385251e-01 2.47843474e-01 1.68073893e-01 6.50429487e-01
    9.56919611e-01 6.63396716e-01 4.10273165e-01 3.46303821e-01
    3.70812714e-01 5.75533092e-01 5.08263171e-01 2.45426148e-01
    7.29424655e-01 2.32015580e-01 9.60759163e-01 1.65525466e-01
    9.26855206e-01 3.59127164e-01 3.59238058e-01 7.50954866e-01
    8.28169346e-01 3.36887598e-01 6.66988611e-01 5.55529296e-01
    6.80169761e-01 8.72331262e-02 5.41541457e-01 6.85064197e-01
    2.14695334e-01 7.46441424e-01 8.41573477e-01 1.17390901e-01
    3.19113046e-01 7.44414151e-01 8.89915943e-01 6.20445490e-01
    1.67048693e-01 8.71215880e-01 4.96156216e-02 1.13552421e-01
    2.81852096e-01 8.46107841e-01 3.35134894e-01 2.21743852e-01
    8.38862896e-01 8.32644105e-01 1.76593274e-01 2.80213833e-01
    6.34155154e-01 8.59630942e-01 1.68357760e-01 7.95452476e-01
    5.02864778e-01 3.62760663e-01 8.25025558e-01 2.78103203e-01
    2.95214921e-01 3.26787919e-01 3.96242470e-01 9.23072457e-01
    8.50490808e-01 7.61139154e-01 2.31566012e-01 7.32548237e-01
    5.91430008e-01 4.96965885e-01 9.60373402e-01 4.97148722e-01
    4.82316464e-01 6.29243255e-01 5.76307893e-01 7.69499123e-01
    2.22123563e-02 1.45194024e-01 1.19758993e-01 9.28562045e-01
    7.24547267e-01 8.67279053e-01 5.27817965e-01 5.26943505e-01
    8.00622344e-01 9.04292822e-01 3.75550717e-01 7.51528084e-01
    5.46140194e-01 5.23987412e-01 7.55905330e-01 3.63484621e-01
    4.83661473e-01 9.19671416e-01 9.26332593e-01 8.16211343e-01
    6.79786861e-01 5.94968796e-02 5.76383114e-01 2.09281057e-01
    7.99997449e-01 2.79154390e-01 3.96857172e-01 3.05766284e-01
    5.46310306e-01 9.70281005e-01 5.13057590e-01 4.65186536e-02
    1.30699486e-01 3.95978212e-01 2.79800415e-01 5.79314530e-01
    1.87585503e-01 4.89154845e-01 4.35156077e-01 3.47618282e-01
    6.44896328e-01 5.91278315e-01 2.27046669e-01 7.85885751e-01
    7.37371027e-01 8.04241419e-01 7.04830170e-01 1.26117766e-01
    5.57770729e-01 9.17807162e-01 2.44036317e-02 4.47295159e-01
    9.47349668e-02 7.85911918e-01 5.80859244e-01 9.08830285e-01
    4.31823730e-03 7.45767534e-01 7.03015745e-01 9.39287007e-01
    6.37489557e-01 6.85991108e-01 9.02747273e-01 4.10037160e-01
    3.07673812e-01 5.51674366e-02 3.01679730e-01 2.08044052e-02
    2.84509599e-01 2.88157463e-01 2.16078967e-01 1.99333936e-01
    3.19785178e-01 7.90530562e-01 7.84746289e-01 2.74562627e-01
    3.03843200e-01 4.26542222e-01 2.26059228e-01 8.89110327e-01
    2.75082052e-01 4.33073014e-01 7.50154555e-01 2.76937127e-01
    1.71905071e-01 1.32462710e-01 5.31737983e-01 6.59184158e-01
    6.10503316e-01 8.79840314e-01 7.32052326e-03 6.39698923e-01
    2.47339606e-02 4.33946252e-01 2.55923986e-01 5.36265731e-01
    1.41377330e-01 1.80349827e-01 5.16525388e-01 2.70550966e-01
    4.18795317e-01 8.15559328e-01 3.62700224e-03 5.87295294e-02
    4.05110985e-01 9.52118456e-01 2.71793604e-02 9.54642177e-01
    2.90585339e-01 1.35045677e-01 7.89061904e-01 3.80979568e-01
    5.36398113e-01 3.15074712e-01 6.31044745e-01 6.02668881e-01
    8.39500666e-01 7.25917816e-01 5.72900236e-01 2.51705110e-01
    3.40823233e-02 4.80492860e-01 5.24563253e-01 6.54413640e-01
    9.57359791e-01 1.37751251e-01 2.64691085e-01 3.28357816e-01
    8.18528056e-01 3.47530782e-01 6.52363956e-01 7.22820640e-01
    7.03014135e-02 4.24572051e-01 1.17944390e-01 9.93426442e-01
    4.20965850e-02 3.89069825e-01 1.52611583e-01 7.41429448e-01
    6.04276717e-01 5.75697422e-01 3.82884592e-01 8.67843628e-04
    4.85123545e-01 7.70761847e-01 2.65972078e-01 4.64124948e-01
    9.28739309e-01 8.01719010e-01 2.20623732e-01 1.44040346e-01
    9.75268245e-01 4.88778591e-01 4.95464653e-01 6.17580175e-01
    8.89661908e-01 2.13863552e-02 4.29452360e-02 2.99548119e-01
    4.58973348e-01 3.46281022e-01 3.74692202e-01 7.11153150e-01
    2.00830460e-01 2.07108706e-01 4.37200308e-01 7.24056780e-01
    9.43050265e-01 9.04621661e-01 4.91033912e-01 1.52253151e-01
    2.31235266e-01 1.51193112e-01 2.54920125e-02 5.76902151e-01
    6.27186239e-01 5.73709846e-01 1.92522049e-01 4.99760658e-01
    6.39928102e-01 3.25559974e-02 9.88053381e-02 6.56643152e-01
    3.87947619e-01 3.59723806e-01 6.35574341e-01 8.94834399e-01
    6.80320442e-01 8.77092838e-01 8.46574903e-01 1.73812091e-01
    1.43831372e-02 3.48924100e-02 5.37729859e-02 5.31622887e-01
    7.61183500e-01 4.10322964e-01 3.75644177e-01 6.98800743e-01
    2.19462097e-01 5.61233699e-01 8.48177075e-01 4.58725721e-01
    9.30251122e-01 2.89103925e-01 4.39724296e-01 2.75806785e-01
    1.40218914e-01 2.80888081e-02 7.60509431e-01 6.07396662e-01
    1.64643764e-01 1.61612362e-01 1.58025831e-01 3.88857752e-01
    3.77408922e-01 8.86287093e-01 4.83481050e-01 6.54531956e-01
    7.50497222e-01 2.42513984e-01 8.76566172e-01 4.29124504e-01
    1.67735249e-01 2.39634544e-01 7.32190847e-01 5.36585808e-01
    7.24411011e-01 4.00986910e-01 6.53943598e-01 4.97975439e-01
    5.57563126e-01 8.38688374e-01 9.83913541e-01 3.82758826e-01
    7.07067847e-02 1.18084371e-01 8.47044468e-01 9.19633627e-01
    3.62403244e-01 4.67329532e-01 1.40565932e-02 6.64300203e-01
    6.04530573e-01 7.42284238e-01 2.81112105e-01 7.44308591e-01
    7.39014864e-01 3.68433356e-01 2.95560807e-01 5.40217161e-02
    4.94163245e-01 2.62370706e-01 6.87192559e-01 5.60455918e-02
    6.94905460e-01 2.20484883e-01 6.07418418e-01 1.39252156e-01
    9.57516134e-01 8.34139228e-01 8.48559737e-01 1.00980371e-01
    4.36864197e-02 5.57801247e-01 7.30742455e-01 7.69891143e-01
    1.23406738e-01 3.14985991e-01 9.74731326e-01 8.60276222e-01
    1.26542628e-01 7.88122237e-01 1.50984108e-01 6.71143949e-01
    6.59588873e-02 2.02827513e-01 9.18954730e-01 4.88183171e-01
    7.50120282e-01 6.86313391e-01 2.35310495e-01 3.35779190e-01
    9.02677476e-01 3.41669619e-01 5.64857781e-01 5.51482439e-02
    1.56722724e-01 2.03741640e-01 8.57446790e-01 3.92799318e-01
    3.45744729e-01 3.32089424e-01 5.14204383e-01 8.66684616e-01
    6.86972201e-01 3.99248898e-01 7.35380769e-01 7.78504312e-02
    7.05914497e-01 8.49264860e-01 3.27756405e-01 1.72421902e-01
    3.15818608e-01 6.34337783e-01 6.75569355e-01 3.66410434e-01
    7.11195707e-01 3.49478006e-01 4.02171910e-01 1.38679951e-01
    4.18366969e-01 7.91403413e-01 8.67365003e-01 2.18390733e-01
    1.19614124e-01 1.04155660e-01 6.90010667e-01 6.51087165e-02
    1.13343894e-01 3.23447019e-01 5.32223821e-01 2.23210275e-01
    3.33236158e-02 2.02050626e-01 8.77391756e-01 9.09714222e-01
    4.53880280e-01 8.33086610e-01 2.05570161e-01 8.02316368e-02
    1.92242950e-01 4.29275513e-01 9.93681669e-01 9.18904245e-01
    4.10547078e-01 4.91643071e-01 8.92398953e-01 3.73551100e-01
    3.91417474e-01 6.17618084e-01 2.31902122e-01 1.70220435e-01
    9.65060234e-01 3.74815345e-01 1.65882051e-01 7.93246329e-02
    1.06056422e-01 7.10743189e-01 4.22081351e-03 9.94108021e-01
    1.12240374e-01 8.82269859e-01 3.01586121e-01 5.33965766e-01
    7.88922548e-01 8.08178425e-01 4.32239652e-01 3.17707241e-01
    1.62798941e-01 1.38924479e-01 8.04587662e-01 4.88698334e-01
    2.13819742e-02 9.10736501e-01 8.65914524e-02 7.50571489e-01
    9.98251915e-01 4.07159269e-01 4.11504060e-01 9.02789712e-01
    5.95354855e-01 3.48875910e-01 9.28580046e-01 6.64195716e-01
    8.01244020e-01 6.47366285e-01 5.00405729e-01 7.25179076e-01
    4.94031578e-01 8.32034349e-01 2.17581093e-02 8.44994843e-01
    1.28085881e-01 1.51424736e-01 3.59291494e-01 4.66828823e-01
    6.67542219e-02 7.36474097e-02 7.68719792e-01 6.15316570e-01
    5.87629139e-01 5.25755584e-02 5.97009599e-01 5.03864288e-01
    7.63080418e-02 2.35978812e-01 6.50200427e-01 7.17809856e-01
    3.61356318e-01 6.68431282e-01 3.36645126e-01 3.74880970e-01
    4.70979810e-02 9.84848738e-01 4.41535920e-01 4.74127293e-01
    5.90981543e-02 9.02399123e-01 8.18073034e-01 2.90861368e-01
    9.63370621e-01 5.71925879e-01 1.55462652e-01 8.80307555e-01
    6.62520707e-01 7.11755991e-01 9.11323547e-01 5.42508900e-01
    5.13154328e-01 7.38158822e-01 3.77537042e-01 4.49881613e-01
    3.07232827e-01 5.21573842e-01 1.67468786e-02 8.24630737e-01
    9.88300741e-01 4.53124672e-01 6.28796697e-01 3.73517275e-02
    4.99377042e-01 9.65127945e-01 6.69749975e-01 2.38567859e-01
    5.95336199e-01 5.66471994e-01 7.58465648e-01 2.74000764e-01
    3.82894427e-01 7.44823575e-01 4.46782678e-01 9.45069432e-01
    3.81782442e-01 6.22411966e-01 7.47527122e-01 2.38267303e-01
    2.73462236e-01 7.07014263e-01 9.97202635e-01 3.15117240e-01
    3.18075538e-01 7.26428449e-01 6.34792447e-01 4.80246842e-02
    1.79932177e-01 7.91780353e-01 7.04607606e-01 8.58582616e-01
    2.40068465e-01 8.15524995e-01 9.35303390e-01 1.34552121e-02
    5.15455782e-01 8.98826003e-01 6.01179540e-01 4.96043384e-01
    3.06965411e-02 6.72749877e-01 2.62769163e-01 3.11549425e-01
    5.62005639e-01 9.60229933e-02 9.10341263e-01 8.11332464e-02
    7.87667632e-01 2.30196625e-01 2.18543798e-01 4.91339564e-02
    6.15864158e-01 1.19179755e-01 4.00844425e-01 3.81351888e-01
    8.82920206e-01 3.91645730e-01 5.57710111e-01 1.47728384e-01
    7.09349811e-01 5.11459529e-01 6.53089046e-01 8.70469213e-02
    9.36133146e-01 6.06776476e-01 8.84145021e-01 7.63821244e-01
    8.38383198e-01 8.11895847e-01 2.86425412e-01 4.52983677e-01
    6.62587762e-01 7.29157150e-01 1.43861711e-01 2.14621544e-01
    4.13466960e-01 2.58606970e-02 4.81932402e-01 9.30211544e-02
    5.55039346e-01 1.41201228e-01 6.79965138e-01 2.32308447e-01
    5.19130826e-01 8.72815132e-01 1.48421019e-01 2.77471185e-01
    7.37885594e-01 3.04848135e-01 6.48981452e-01 2.84636647e-01
    5.75112879e-01 4.77910191e-01 3.26026022e-01 8.35470378e-01
    9.37336683e-01 5.17102599e-01 3.30588728e-01 3.09644639e-02
    1.32567227e-01 5.69037974e-01 9.44430590e-01 9.45524573e-01
    2.12488323e-01 3.51887822e-01 8.00663948e-01 1.83822215e-02
    8.56320560e-02 7.07582116e-01 8.98319244e-01 8.00143778e-01
    1.83583319e-01 4.17922020e-01 2.49891520e-01 9.44922805e-01
    9.56830978e-01 7.89334297e-01 7.92472005e-01 5.05586147e-01
    4.43510830e-01 4.52483624e-01 7.14749277e-01 1.49824351e-01
    6.79583251e-02 6.37503326e-01 5.50599873e-01 9.82067704e-01
    3.03752929e-01 4.79630023e-01 3.26181650e-02 9.23463941e-01
    2.48481363e-01 7.47612059e-01 3.83633405e-01 9.80180323e-01
    3.94139230e-01 1.70826823e-01 6.75930142e-01 9.98232007e-01
    6.99292123e-01 9.27123308e-01 6.63097620e-01 5.04051447e-02
    2.63159245e-01 6.12993956e-01 4.33735192e-01 2.40217090e-01
    4.72747684e-01 1.04160398e-01 8.09229255e-01 8.31787884e-01
    5.13161898e-01 6.48876429e-01 6.30650818e-01 9.01488423e-01
    2.13368148e-01 8.42697144e-01 5.14523089e-01 3.04248154e-01
    8.90047431e-01 5.03016174e-01 2.19023317e-01 5.20465374e-02
    8.94234121e-01 6.35615289e-02 6.20948970e-01 3.71395916e-01
    8.65095496e-01 7.02250540e-01 1.49696171e-01 8.24956298e-01
    4.19760615e-01 6.19098544e-01 2.72872180e-01 2.43393242e-01
    1.69375032e-01 4.66177791e-01 5.38477242e-01 1.68418884e-01
    4.02916968e-01 6.90734506e-01 8.11282873e-01 6.89605832e-01
    6.49155855e-01 5.45553565e-01 8.62703085e-01 4.72051680e-01
    5.76019883e-01 9.77891684e-01 5.09468257e-01 8.97174239e-01
    9.62544084e-01 4.38779622e-01 9.19864476e-02 4.27430600e-01
    8.41844797e-01 5.59249222e-02 7.50985026e-01 6.68736815e-01
    3.06267440e-01 6.72512174e-01 8.39127600e-01 3.04036647e-01
    8.49809051e-01 2.70565182e-01 1.29549265e-01 7.58565545e-01
    1.12116843e-01 6.45317495e-01 8.48751009e-01 9.12081301e-02
    3.86023551e-01 1.20432675e-01 2.07243562e-02 5.15383899e-01
    9.32227969e-01 2.91226447e-01 7.13716328e-01 5.74092090e-01
    1.70015097e-02 7.03871727e-01 7.27454722e-01 5.92335165e-02
    7.02531278e-01 1.34054482e-01 8.54395509e-01 3.86704326e-01
    2.76309490e-01 2.65954494e-01 5.48172414e-01 8.78810585e-02
    4.87182915e-01 7.30523527e-01 6.42714739e-01 4.02168661e-01
    1.39877737e-01 5.88588297e-01 9.57798004e-01 1.27242804e-02
    2.77364612e-01 6.96475208e-02 1.27516925e-01 3.40594471e-01
    6.66873336e-01 7.54356265e-01 9.21204925e-01 3.60091239e-01
    7.56427169e-01 4.42943692e-01 8.85889411e-01 2.27208197e-01
    7.47922778e-01 4.93090063e-01 9.28973913e-01 8.29584241e-01
    6.06793761e-02 5.32608807e-01 8.83479416e-01 8.42578411e-02
    1.13155544e-02 6.83250070e-01 3.21227372e-01 3.07550132e-01
    8.84578645e-01 8.64357710e-01 8.85369122e-01 8.37869048e-01
    4.53386128e-01 9.03596818e-01 9.07721639e-01 5.06155193e-02
    2.72025168e-01 9.51675534e-01 6.67513907e-02 2.36817598e-01
    4.87114310e-01 8.80298138e-01 9.83675480e-01 2.18332022e-01
    7.66137660e-01 3.52396756e-01 6.04067028e-01 8.20679069e-01
    8.67186785e-02 8.72545719e-01 7.40360200e-01 2.46379584e-01
    9.18080568e-01 5.14701366e-01 2.37002671e-02 6.48235202e-01
    3.21161151e-02 5.99846005e-01 9.87000585e-01 1.97737366e-01
    6.29221320e-01 1.51436299e-01 5.77118814e-01 6.07664824e-01
    9.32602406e-01 8.92336726e-01 3.03575724e-01 9.60891843e-01
    4.34523851e-01 6.71173215e-01 5.52224934e-01 6.26334965e-01
    3.47169340e-01 2.63356954e-01 2.06444085e-01 4.27911997e-01
    8.54141057e-01 3.84031236e-02 9.51353908e-01 5.49155772e-01
    6.76019490e-01 8.60730410e-01 6.82909846e-01 9.97469485e-01
    2.15523839e-01 9.15265977e-02 9.08338904e-01 5.15389621e-01
    2.91162491e-01 2.04077572e-01 8.51462483e-01 4.00948167e-01
    3.79677743e-01 1.58738136e-01 8.76680613e-01 1.14149839e-01
    5.84181249e-01 8.51307392e-01 3.76281142e-01 9.70040262e-02
    2.73694336e-01 2.57906765e-01 6.28291070e-01 5.08637249e-01
    8.14451337e-01 8.16941977e-01 9.00008321e-01 8.98448765e-01
    6.46204948e-02 3.97175074e-01 9.10795689e-01 7.84700513e-02
    3.68918329e-01 6.27940536e-01 8.77443671e-01 7.73317337e-01
    9.42248702e-01 8.54638457e-01 5.24722576e-01 4.13065135e-01
    1.28642261e-01 2.13111281e-01 2.20682234e-01 4.46117610e-01
    5.09841979e-01 6.80941284e-01 7.38783419e-01 1.90679908e-01
    6.34325147e-01 7.01912999e-01 8.62793267e-01 2.47318625e-01
    1.09606504e-01 2.29441524e-01 5.64855039e-01 7.10575581e-01
    7.88948894e-01 6.01863980e-01 6.64931655e-01 5.10189414e-01
    9.41550136e-01 7.29840934e-01 6.02098286e-01 3.07464749e-01
    4.32547212e-01 1.82044208e-02 2.14565039e-01 5.92389822e-01
    1.78774476e-01 6.33493066e-01 2.45503813e-01 1.76637411e-01
    2.45363623e-01 9.42777097e-01 5.16786397e-01 9.73883510e-01
    6.12126291e-01 9.79706645e-01 8.40825140e-02 7.87843764e-02
    6.45140171e-01 5.53711474e-01 6.57634616e-01 4.04579341e-01
    3.84452701e-01 7.07921684e-01 8.21862340e-01 6.40548766e-01
    8.94339383e-01 6.01116717e-01 1.21714145e-01 9.75667477e-01
    9.23188388e-01 5.18168032e-01 9.21192706e-01 2.19955593e-01
    2.78453737e-01 1.16872221e-01 2.95659542e-01 5.72693050e-01
    3.84827256e-02 5.99127054e-01 3.81404728e-01 8.21266532e-01
    4.53720748e-01 9.12162185e-01 5.14781594e-01 2.92242110e-01
    4.06018615e-01 1.57219291e-01 2.50111401e-01 7.75059938e-01
    7.40002751e-01 5.38744688e-01 2.26123124e-01 6.44421697e-01
    6.14087880e-01 7.60278344e-01 1.78242087e-01 5.21850348e-01
    3.19788635e-01 4.32749867e-01 9.77888465e-01 8.60422850e-02
    8.38441372e-01 1.20584637e-01 3.03008199e-01 9.60671008e-02
    2.81873941e-01 6.66552722e-01 5.55752337e-01 4.88739967e-01
    8.52614284e-01 5.46102464e-01 1.62617475e-01 9.79322195e-01
    5.32917440e-01 4.17908221e-01 9.66604829e-01 3.21305096e-01
    9.46395993e-01 7.15304911e-01 4.99446332e-01 9.79467154e-01
    9.45311189e-01 1.80071533e-01 2.91095883e-01 9.09154654e-01
    7.38652825e-01 3.97365332e-01 9.47747707e-01 3.38545829e-01
    2.76906937e-01 8.17091048e-01 8.17120194e-01 7.87175000e-01
    4.87514853e-01 5.93242586e-01 7.15062141e-01 6.89571679e-01
    8.30285072e-01 5.03501058e-01 4.28138256e-01 1.74456328e-01
    7.25763500e-01 3.36318910e-01 6.53226376e-01 2.77920902e-01
    1.02042288e-01 2.45032251e-01 7.35258460e-01 1.14122838e-01
    7.36234009e-01 4.77093309e-01 1.78005695e-01 4.27641958e-01
    9.93702531e-01 7.01525152e-01 1.35953426e-01 2.98701227e-01
    3.63154888e-01 3.77807021e-01 4.63517576e-01 6.70705080e-01
    1.93764329e-01 4.18785751e-01 5.44923425e-01 8.06189537e-01
    2.16022730e-02 7.90527225e-01 5.38866758e-01 3.99035394e-01
    1.85579091e-01 3.75398457e-01 8.20238113e-01 9.02406216e-01
    8.68404865e-01 8.28288734e-01 5.21320164e-01 7.13284254e-01
    1.82698995e-01 3.17985415e-01 4.03679460e-01 4.97562587e-02
    2.48153299e-01 3.55841935e-01 7.62332678e-01 4.88239706e-01
    9.05125618e-01 2.45153785e-01 5.32629967e-01 8.75288963e-01
    9.76684928e-01 5.10306299e-01 7.37971306e-01 3.17367703e-01
    2.19844818e-01 3.05101603e-01 5.40988922e-01 1.95864439e-02
    1.09442830e-01 9.64237452e-01 2.53790677e-01 6.57092929e-01
    2.73484826e-01 5.89374065e-01 8.32668841e-02 5.95046341e-01
    5.88139951e-01 1.28610373e-01 3.09239417e-01 8.60832453e-01
    1.22880936e-02 5.87791204e-02 3.60943854e-01 5.99051416e-02
    4.81009305e-01 6.79235399e-01 4.33770716e-02 5.93860984e-01
    7.93557405e-01 8.94295573e-01 3.08938920e-01 3.03485394e-02
    8.50384355e-01 8.24393809e-01 1.47000730e-01 2.04527169e-01
    1.23381019e-01 7.43503213e-01 3.37426841e-01 3.02953839e-01
    3.77073288e-02 9.41723585e-01 8.32401276e-01 9.83273923e-01
    3.56049508e-01 7.28535771e-01 4.14087921e-01 7.98868895e-01
    8.44030976e-02 7.36246109e-01 8.92442822e-01 3.10343802e-02
    9.67953801e-01 5.59376538e-01 8.79495621e-01 6.63210690e-01
    4.11351740e-01 9.71969247e-01 7.90849030e-01 1.59870714e-01
    7.78439283e-01 2.29721278e-01 4.69141424e-01 2.80329585e-01
    1.61032557e-01 9.02876079e-01 8.26179981e-03 1.72773451e-01
    8.33663702e-01 9.69709814e-01 2.69870460e-01 5.60016751e-01
    6.06362581e-01 7.87807703e-01 7.34325647e-01 8.95954013e-01
    7.33878493e-01 6.75674021e-01 1.63069844e-01 8.80905032e-01
    3.89533222e-01 6.07434511e-01 6.39711142e-01 5.79675913e-01
    8.83966804e-01 4.96219158e-01 4.60346997e-01 3.26906860e-01
    8.04165661e-01 1.74253583e-01 1.33320838e-01 8.16185057e-01
    3.23991120e-01 5.67898631e-01 2.83596307e-01 2.24033028e-01
    6.67273402e-01 3.54545772e-01 6.60985887e-01 7.07815647e-01
    9.33229387e-01 3.39576006e-02 2.59834826e-02 9.68834162e-01
    4.09954965e-01 1.07543558e-01 8.06217551e-01 4.25375700e-01
    4.70713675e-02 5.09147525e-01 3.00443679e-01 1.15108788e-01
    6.49510980e-01 4.31489706e-01 7.07312047e-01 8.80691946e-01
    1.22548699e-01 1.46940053e-01 9.46604967e-01 3.77354175e-01
    6.67536378e-01 3.57622445e-01 6.86466098e-01 1.29777014e-01
    5.94226062e-01 5.49942672e-01 6.04813933e-01 9.93003845e-01
    9.35114503e-01 5.26089609e-01 3.99180233e-01 2.18653649e-01
    1.24993801e-01 8.79006743e-01 3.57770532e-01 7.92190194e-01
    4.67499793e-02 5.06331205e-01 3.26870829e-01 8.37776780e-01
    2.21629828e-01 7.17213035e-01 1.61762506e-01 6.20747566e-01
    4.17101771e-01 8.65066886e-01 8.31615925e-01 4.11349326e-01
    4.67079878e-02 2.16135561e-01 4.59120095e-01 4.91822064e-02
    8.01518321e-01 1.36690736e-01 1.18351638e-01 4.44243699e-01
    1.38440132e-01 7.26813078e-03 6.40046477e-01 3.55666786e-01
    2.21386552e-01 2.88643301e-01 7.14053869e-01 8.82313013e-01
    6.69317186e-01 5.73150098e-01 7.94778824e-01 4.97693211e-01
    7.69811273e-01 1.96272969e-01 7.47644305e-02 1.35184735e-01
    6.04659617e-02 7.04000473e-01 3.48057091e-01 8.32590163e-01
    6.47103131e-01 2.36417145e-01 1.22249901e-01 3.10098767e-01
    6.26577735e-02 2.61014402e-01 1.64135396e-02 4.18564975e-01
    7.91910172e-01 6.47596300e-01 8.78455639e-01 5.69595575e-01
    8.33164454e-01 8.71563852e-01 1.37248635e-03 3.05782437e-01
    5.67243576e-01 5.72553396e-01 8.92197251e-01 9.51149881e-01
    4.96191680e-01 1.68294430e-01 6.05672777e-01 9.96137857e-01
    4.23684686e-01 8.87658477e-01 6.73025370e-01 4.62032288e-01
    5.86671472e-01 5.71037114e-01 6.01106524e-01 4.09191072e-01
    5.64165235e-01 9.58932042e-01 7.11151004e-01 7.91697860e-01
    4.14670914e-01 3.50513756e-01 1.09517217e-01 9.92645383e-01
    9.59531307e-01 9.07399356e-02 6.47956073e-01 4.10319448e-01
    5.21645844e-02 9.76180255e-01 7.89289355e-01 5.37043035e-01
    6.66274130e-02 5.74817181e-01 1.93969309e-02 7.59789944e-01
    7.33145595e-01 5.55384755e-02 9.05103087e-01 8.39205921e-01
    4.88833278e-01 6.62210286e-01 6.52723312e-01 5.92710257e-01
    6.17406964e-02 5.51279664e-01 8.65025818e-02 9.20167565e-01
    1.80312246e-01 9.75771546e-01 8.11754704e-01 6.70473397e-01
    5.76144934e-01 6.81471527e-02 1.89565718e-01 1.98404193e-02
    3.28230023e-01 8.09564412e-01 8.48607779e-01 8.91018271e-01
    9.90964949e-01 8.12197685e-01 6.44642115e-03 2.05681384e-01
    1.87692285e-01 7.71031022e-01 8.52068782e-01 7.41865873e-01
    5.21999002e-01 2.39044666e-01 7.74977863e-01 4.11167949e-01
    6.20721400e-01 1.69682622e-01 6.27122283e-01 3.76894325e-01
    8.73434901e-01 5.53042710e-01 2.96385944e-01 4.65861499e-01
    7.76839554e-01 4.76043254e-01 7.95963466e-01 3.38246495e-01
    3.85701746e-01 5.40777743e-01 5.61473370e-01 6.58868015e-01
    2.50413656e-01 4.71956640e-01 7.20576167e-01 3.55964422e-01
    7.45826721e-01 9.87769067e-02 9.68200088e-01 8.15629184e-01
    6.68848991e-01 3.58161211e-01 2.99548209e-02 1.90762430e-01
    2.11615056e-01 1.71602249e-01 2.93784976e-01 3.58063638e-01
    1.26275271e-01 5.47243357e-01 1.69762760e-01 6.42443120e-01
    4.00759518e-01 7.49532461e-01 6.91745877e-01 2.33919173e-01
    5.93177319e-01 3.74662220e-01 8.88463795e-01 7.70583749e-01
    5.71864605e-01 1.92353338e-01 6.21831775e-01 4.73222136e-02
    5.03560007e-01 5.19914448e-01 7.02506125e-01 6.07632101e-01
    2.11250216e-01 1.61328614e-02 2.76723146e-01 6.20852172e-01
    5.57817936e-01 1.64242983e-01 7.91779995e-01 8.67981672e-01
    2.99122393e-01 4.06776011e-01 6.92175806e-01 6.11991584e-02
    6.99702322e-01 1.89261019e-01 5.12289822e-01 8.90916705e-01
    9.53274012e-01 8.19759488e-01 3.19374144e-01 9.97166157e-01
    8.87497783e-01 3.51037204e-01 8.85427952e-01 6.66965008e-01
    1.60362065e-01 8.49075377e-01 6.32254601e-01 2.52371043e-01
    3.34968567e-02 8.94162476e-01 9.19613242e-02 8.06357861e-01
    1.25616521e-01 2.99794167e-01 3.79228473e-01 9.50862288e-01
    7.28754401e-01 3.55982304e-01 1.87328994e-01 9.77159023e-01
    8.08555841e-01 6.01503253e-01 2.12311506e-01 2.84837097e-01
    6.04905427e-01 4.84727025e-02 2.42727786e-01 7.16204584e-01
    1.95393533e-01 5.85229576e-01 6.22535467e-01 8.59836340e-01
    8.25758934e-01 1.15275592e-01 9.89232063e-01 1.64881051e-01
    7.02164769e-01 7.49558210e-02 5.32553434e-01 4.79301482e-01
    6.96843147e-01 1.70846701e-01 7.29423761e-01 9.29476976e-01
    7.53827095e-01 8.50789547e-01 3.80462080e-01 9.80120778e-01
    3.50384116e-02 4.37203050e-02 6.50287926e-01 6.21119678e-01
    7.77481973e-01 4.03799415e-02 6.39160395e-01 4.95688021e-01
    3.60858619e-01 3.77530992e-01 3.47115010e-01 7.84402728e-01
    1.31403357e-01 7.46119618e-01 2.82490253e-03 3.04473698e-01
    5.40345132e-01 5.78508079e-01 9.80986655e-01 6.08389616e-01
    7.73330271e-01 5.65705240e-01 8.90863180e-01 1.99566901e-01
    1.61436558e-01 8.18474650e-01 9.31927919e-01 3.53718609e-01
    5.05827188e-01 5.72786152e-01 4.23866510e-01 3.41834486e-01
    3.10329318e-01 2.53196359e-01 9.26359296e-02 1.76814198e-03
    8.80330682e-01 2.84050763e-01 7.22843349e-01 4.77932096e-01
    8.27501416e-01 7.07699358e-01 8.08105111e-01 4.05023575e-01
    7.78097510e-01 5.45153320e-01 7.73298502e-01 8.33764911e-01
    8.59475851e-01 7.91640699e-01 3.46936077e-01 5.42085052e-01
    9.10493791e-01 8.89194250e-01 4.75066185e-01 3.44671488e-01
    6.44503653e-01 6.36777461e-01 5.36148965e-01 2.99819171e-01
    1.92034632e-01 1.39721930e-01 7.49756336e-01 2.01271594e-01
    9.52597737e-01 7.91430771e-01 1.90182537e-01 3.33090663e-01
    7.23090887e-01 7.67678022e-01 4.22462076e-01 5.20506024e-01
    3.46083403e-01 8.03591967e-01 8.10014188e-01 7.85854459e-03
    3.65566999e-01 3.88861299e-01 5.83037972e-01 4.73065257e-01
    3.11798096e-01 1.65525049e-01 6.87446415e-01 1.82579845e-01
    9.65873480e-01 6.78008199e-01 9.36967731e-01 8.86872113e-02
    3.57978284e-01 3.24790627e-01 1.89081043e-01 9.59110200e-01
    1.40422881e-02 7.17999995e-01 9.07800674e-01 7.33904064e-01
    9.74264860e-01 9.68959749e-01 1.81926131e-01 9.64506149e-01
    8.59041512e-01 4.96564001e-01 7.74347126e-01 3.53722960e-01
    7.01393843e-01 8.91535461e-01 8.57583761e-01 5.72788000e-01
    2.30748832e-01 8.25249195e-01 7.40630865e-01 5.71327507e-01
    8.51379037e-02 7.17073083e-01 1.05181783e-01 7.63261437e-01
    3.36240292e-01 5.23933172e-01 1.40994221e-01 9.00118053e-01
    7.51270413e-01 7.16447711e-01 1.20763630e-01 4.52501178e-02
    9.15896177e-01 5.78723073e-01 9.68414068e-01 1.88212365e-01
    3.53863120e-01 4.95214552e-01 3.54615539e-01 6.17242575e-01
    7.44512320e-01 3.47790122e-01 5.75351000e-01 7.80888796e-01
    4.43228841e-01 8.70391726e-02 2.27838755e-04 5.40526509e-02
    2.90792108e-01 6.25311732e-01 9.78013754e-01 2.53887057e-01
    4.09740210e-01 8.07025790e-01 9.38266397e-01 7.56251931e-01
    8.90256464e-01 5.01924396e-01 4.74999428e-01 4.38251942e-01
    3.59793186e-01 5.02859592e-01 8.83854806e-01 9.86961722e-01
    3.99436831e-01 5.74665844e-01 9.75278974e-01 2.00040996e-01
    8.16331506e-01 2.73575008e-01 6.42649412e-01 9.79026854e-01
    8.74210835e-01 9.37572598e-01 1.08855963e-03 2.35978812e-01
    8.20856810e-01 8.19248080e-01 5.00098348e-01 6.88881814e-01
    2.43172050e-02 1.50689483e-02 4.66483235e-02 9.18718934e-01
    1.12311870e-01 5.69726169e-01 2.57588327e-01 3.28756690e-01
    6.31992221e-01 4.83913094e-01 9.90170538e-01 2.77866125e-01
    7.29072809e-01 7.10587859e-01 6.55327916e-01 4.56494093e-01
    1.99993581e-01 6.44998610e-01 3.54180634e-02 1.43409967e-01
    5.19893169e-01 3.80912960e-01 2.13437349e-01 7.44682908e-01
    9.92631316e-01 8.74155641e-01 1.58433735e-01 1.40450090e-01
    9.87174511e-02 3.65587175e-01 4.72278714e-01 5.23434222e-01
    2.09015578e-01 4.90170091e-01 9.11325812e-01 8.57753158e-01
    7.64474988e-01 2.13620037e-01 9.95568037e-01 7.35394418e-01
    3.24026763e-01 1.60308868e-01 1.56180859e-02 6.36288047e-01
    5.68049908e-01 3.09332401e-01 1.26752615e-01 5.35875559e-01
    2.53239036e-01 9.28950667e-01 8.18412364e-01 5.48159182e-02
    4.86766011e-01 7.64290452e-01 7.51413405e-01 2.57939875e-01
    9.40265775e-01 2.47504592e-01 1.06571496e-01 4.01399136e-01
    7.96259284e-01 8.83708417e-01 1.22728914e-01 1.18594557e-01
    4.54563737e-01 9.86006498e-01 6.82925761e-01 4.11842406e-01
    5.78664482e-01 3.58491361e-01 5.17257273e-01 1.22462928e-01
    8.55026245e-01 4.69982326e-01 9.82290506e-02 8.70613098e-01
    3.46865714e-01 3.80901128e-01 3.50305766e-01 3.02935243e-02
    5.32811463e-01 8.65651786e-01 8.70344043e-02 9.64187026e-01
    9.41291869e-01 4.53860611e-01 8.80856276e-01 3.98072898e-02
    4.51400578e-01 7.92606413e-01 4.04617876e-01 6.21562719e-01
    3.82644773e-01 9.87791777e-01 2.72810996e-01 7.99152851e-01
    2.39914060e-02 3.21582824e-01 2.01241493e-01 9.49120998e-01
    7.50795066e-01 4.19192940e-01 4.48333710e-01 9.27528322e-01
    6.50550365e-01 7.38345385e-02 9.33558345e-01 8.03576469e-01
    8.55000556e-01 4.93359566e-02 3.64941895e-01 1.55856848e-01
    2.14367509e-01 6.18593454e-01 8.98162842e-01 7.55488515e-01
    8.92357707e-01 1.68961585e-02 1.29795045e-01 2.68726140e-01
    6.45348668e-01 9.48339701e-03 9.19936895e-01 6.67769432e-01
    3.22019935e-01 3.92277598e-01 8.80248249e-02 9.22580957e-01
    4.35658842e-01 1.94677442e-01 7.39197850e-01 7.09479690e-01
    6.78140163e-01 6.42803192e-01 5.54879069e-01 3.49105000e-01
    8.00611913e-01 5.82667410e-01 5.43222904e-01 7.98095107e-01
    4.35891956e-01 6.26398921e-02 6.16315842e-01 8.79057884e-01
    9.46164250e-01 2.88835526e-01 5.20943522e-01 9.68730211e-01
    8.48875225e-01 3.83293658e-01 6.99119210e-01 8.47103357e-01
    6.32254958e-01 3.73362899e-01 5.32577634e-02 9.57527995e-01
    7.52927780e-01 4.35549378e-01 9.16619599e-02 4.61526722e-01
    6.85508549e-01 2.13823169e-01 6.06639326e-01 5.67148268e-01
    6.12851381e-01 8.48444581e-01 3.91800106e-01 1.23968810e-01
    8.63843381e-01 9.60219443e-01 9.27898526e-01 5.64466357e-01
    3.31937850e-01 6.44250154e-01 2.59016097e-01 1.34035736e-01
    1.58205211e-01 7.72859871e-01 6.66699409e-01 3.56073141e-01
    8.08896661e-01 4.41696465e-01 2.86709845e-01 4.82528955e-01
    3.48860949e-01 6.70324326e-01 5.92699885e-01 2.06856340e-01
    7.90886819e-01 1.88164413e-01 8.60381961e-01 6.85792267e-02
    6.57758534e-01 7.33810067e-01 7.37272203e-02 3.82584095e-01
    9.41784501e-01 4.32424784e-01 5.53860068e-02 1.48469329e-01
    9.25691068e-01 6.68146491e-01 5.59491515e-01 4.65016365e-01
    8.84127319e-02 1.33691609e-01 9.91254151e-01 1.24657869e-01
    2.47752637e-01 7.23061383e-01 5.42421639e-01 4.99805033e-01
    8.99173439e-01 2.39411891e-01 2.70865619e-01 6.79981291e-01
    2.74670124e-03 1.39024585e-01 7.66281486e-02 8.87588382e-01
    4.55866396e-01 7.45240092e-01 8.38763416e-02 4.75352883e-01
    5.12009680e-01 4.55954552e-01 7.19689131e-02 4.36201602e-01
    3.93089116e-01 4.30543631e-01 1.05899751e-01 5.25836289e-01
    2.75973707e-01 5.49226999e-03 2.06426352e-01 6.04891479e-01
    3.65985096e-01 3.99173230e-01 5.44519305e-01 1.16348714e-01
    9.00483489e-01 4.89255190e-01 1.50454968e-01 7.53432810e-01
    7.32261896e-01 7.88271666e-01 5.74859083e-01 8.14426124e-01
    6.88680172e-01 7.15147674e-01 5.50823152e-01 8.89727592e-01
    5.48785448e-01 9.78620350e-02 7.73692608e-01 9.56395745e-01
    1.00358188e-01 3.43456507e-01 7.35447764e-01 6.59497678e-01
    6.62404597e-01 1.63158774e-01 6.27757668e-01 3.89940262e-01
    7.39025176e-02 8.30706239e-01 3.27746063e-01 4.99127209e-01
    6.23827875e-01 5.99497497e-01 6.08258545e-02 4.35300589e-01
    9.46337223e-01 1.44519508e-02 9.16501880e-01 7.08520174e-01
    7.82862782e-01 2.07876563e-01 6.82403088e-01 7.45777965e-01
    4.50508684e-01 7.12164462e-01 8.43389452e-01 5.61828136e-01
    8.49156201e-01 1.05672359e-01 1.06846660e-01 7.24528968e-01
    2.38087475e-01 5.00858426e-01 3.44257832e-01 2.28480577e-01
    1.47398293e-01 9.11525249e-01 8.89779210e-01 1.99994892e-01
    1.50414050e-01 4.90787238e-01 1.92257255e-01 7.97680497e-01
    1.01137161e-03 6.65207088e-01 7.77638078e-01 5.30923665e-01
    3.83975089e-01 2.26087958e-01 5.58155060e-01 2.37793237e-01
    6.74213827e-01 8.28602791e-01 4.45429862e-01 3.21430445e-01
    3.64223599e-01 2.90669799e-01 2.65994072e-01 8.79611373e-01
    5.03441274e-01 6.71944380e-01 9.20795798e-01 2.67448872e-01
    5.46809196e-01 5.55834472e-02 1.49347991e-01 2.07806438e-01
    1.53838724e-01 5.60194373e-01 8.34307969e-02 8.60630572e-02
    8.39445472e-01 2.65532732e-03 1.08922958e-01 6.40912056e-02
    6.55192971e-01 5.81703305e-01 5.14346778e-01 2.40656048e-01
    6.44015133e-01 3.17691028e-01 8.08438957e-02 3.34451765e-01
    3.15075636e-01 9.41315770e-01 8.68396044e-01 2.21152812e-01
    4.38909531e-01 1.49201512e-01 1.50217742e-01 7.73547053e-01
    9.29208219e-01 1.00220293e-01 4.51384574e-01 4.60772723e-01
    2.55474925e-01 2.24256814e-01 7.27758765e-01 1.14938885e-01
    6.89221025e-01 7.12121785e-01 2.43959039e-01 7.69804716e-02
    8.24562550e-01 2.11255938e-01 8.44488978e-01 5.23100317e-01
    1.26879424e-01 9.76977408e-01 6.65005445e-01 8.03903461e-01
    1.53222680e-02 6.08925283e-01 9.74562764e-01 1.03505760e-01
    7.89271176e-01 2.18703747e-02 2.28713840e-01 4.45135921e-01
    9.78645146e-01 8.37442875e-01 1.04424685e-01 1.33480936e-01
    2.09754020e-01 6.61004364e-01 8.98985505e-01 2.70640910e-01
    6.07264161e-01 3.27006966e-01 1.92182928e-01 9.96598363e-01
    1.86850429e-02 7.48138905e-01 5.86338758e-01 3.87119025e-01
    5.15274942e-01 5.43850064e-01 2.88582444e-02 4.83757854e-01
    6.99863553e-01 8.25366616e-01 1.63694352e-01 6.41673803e-02
    7.53776193e-01 9.76327062e-01 2.93742150e-01 1.13787651e-01
    7.20531881e-01 9.79589820e-01 3.97611260e-01 3.16289842e-01
    4.76132333e-01 2.73183405e-01 4.30332661e-01 8.34777594e-01
    7.00668097e-01 5.50237179e-01 8.21342468e-01 3.08429718e-01
    4.27448571e-01 9.15942550e-01 6.16293907e-01 9.51286077e-01
    3.72723818e-01 8.15393507e-01 3.93812120e-01 6.70451224e-01
    9.68959510e-01 4.89747226e-02 3.20462137e-01 7.25943804e-01
    7.83082485e-01 7.78885782e-01 6.39522851e-01 6.82978213e-01
    3.04003507e-01 3.02572310e-01 8.32364261e-02 5.47861814e-01
    4.60188597e-01 3.16738784e-02 3.13783139e-01 2.74117827e-01
    2.15545446e-01 6.00454330e-01 2.83728898e-01 3.26730847e-01
    2.75069892e-01 1.31377220e-01 8.59129906e-01 9.88089442e-02
    7.42450118e-01 6.60007358e-01 8.77359331e-01 9.27910566e-01
    5.64891219e-01 2.58812726e-01 5.95000267e-01 3.30783814e-01
    3.96426260e-01 1.12029105e-01 1.21794701e-01 5.93744457e-01
    3.16031098e-01 8.14503551e-01 7.77052522e-01 4.46105987e-01
    8.26960981e-01 9.18493152e-01 6.64830565e-01 3.63064408e-01
    1.42391086e-01 5.20588160e-01 7.60665298e-01 9.97930884e-01
    5.13103902e-01 3.74880731e-01 4.60965037e-02 7.56489754e-01
    7.91229129e-01 6.88862622e-01 2.44054109e-01 6.51235938e-01
    4.25947726e-01 2.84777999e-01 6.74473882e-01 8.70468438e-01
    8.48611832e-01 6.10964894e-02 2.60998428e-01 2.96046406e-01
    8.23438227e-01 7.03136384e-01 2.58573323e-01 3.44175756e-01
    7.69616842e-01 6.02267146e-01 9.32704210e-01 8.94579172e-01
    9.11694586e-01 9.65186894e-01 1.62204623e-01 8.67396235e-01
    2.01166362e-01 9.79337335e-01 7.71844387e-03 5.34957409e-01
    6.31970465e-02 5.62528253e-01 8.23248446e-01 4.04971540e-01
    9.07527566e-01 9.42028940e-01 1.58793896e-01 7.83235073e-01
    1.58857584e-01 5.88832617e-01 8.20114493e-01 3.65365446e-01
    5.98834515e-01 3.31415594e-01 7.99470425e-01 5.94629645e-01
    4.27750409e-01 7.01630712e-01 9.41449702e-01 4.01628017e-01
    4.48637307e-02 6.03201687e-01 9.44974184e-01 6.76360667e-01
    8.11467767e-02 8.27665508e-01 7.08860040e-01 1.74836695e-01
    6.33498251e-01 4.79821563e-01 7.88006485e-01 2.19425708e-01
    3.26677859e-02 9.53019738e-01 5.83583951e-01 8.07080865e-01
    5.05500674e-01 6.35753810e-01 9.12535369e-01 3.68437171e-02
    9.52872038e-01 5.94561219e-01 1.40969485e-01 7.58972228e-01
    5.62825978e-01 4.99410480e-01 9.87399101e-01 7.36752748e-02
    5.36602199e-01 2.99669623e-01 4.06523764e-01 4.65096146e-01
    9.34697509e-01 8.29055071e-01 9.19520557e-01 8.48981619e-01
    9.47045326e-01 7.23012567e-01 5.84820092e-01 5.75255156e-01
    4.96558249e-01 9.68668878e-01 8.00127268e-01 9.03482318e-01
    5.96825957e-01 3.98204714e-01 7.38770247e-01 4.35398877e-01
    6.93696797e-01 3.50682855e-01 2.29726583e-01 1.21463388e-01
    6.97165608e-01 3.64708424e-01 7.03436375e-01 1.92562252e-01
    2.74490416e-02 6.27220213e-01 5.52630424e-02 7.40786791e-02
    4.81337309e-04 1.06741369e-01 1.69120759e-01 4.88750041e-02
    6.65129840e-01 7.16036558e-01 4.84137654e-01 4.67802256e-01
    6.94557428e-02 7.65675783e-01 4.84859794e-01 7.99868405e-01
    3.00655067e-02 3.31335127e-01 1.31967217e-01 3.45588505e-01
    1.37490362e-01 2.98853219e-01 9.08055127e-01 9.62713599e-01
    7.88600922e-01 3.59524697e-01 2.64434457e-01 2.07020581e-01
    2.92468905e-01 4.57788914e-01 5.42523563e-01 9.84175622e-01
    3.88636380e-01 3.92667353e-01 2.39494205e-01 7.82721758e-01
    7.42014289e-01 5.04589558e-01 6.18572295e-01 9.79676485e-01
    7.10704207e-01 1.32388234e-01 1.56340271e-01 9.67502892e-02
    9.55856442e-02 5.35936952e-01 7.38652229e-01 3.44081283e-01
    2.66478717e-01 9.36843634e-01 6.29654527e-01 4.03160155e-01
    8.53460550e-01 6.26648784e-01 1.89916849e-01 9.00124669e-01
    7.36436844e-01 4.76330817e-02 5.13202965e-01 6.69318616e-01
    4.89511967e-01 4.59074199e-01 2.25174427e-02 9.98209357e-01
    6.12385929e-01 2.97983348e-01 4.89250481e-01 9.75125134e-01
    4.87945676e-02 9.42434311e-01 4.97416645e-01 5.09809136e-01
    4.81379420e-01 6.80453658e-01 8.40971589e-01 1.93362832e-01
    8.99208605e-01 3.30004096e-01 8.60372603e-01 3.33229899e-02
    6.86517954e-02 9.20447469e-01 8.24406922e-01 7.47264564e-01
    6.47427917e-01 4.13033843e-01 9.49525237e-01 9.10894156e-01
    2.42302716e-02 9.78719473e-01 7.10822821e-01 7.42208242e-01
    8.36596370e-01 1.49159431e-01 8.46550941e-01 6.52838349e-01
    9.26273167e-01 8.14435184e-01 5.73223293e-01 7.83088982e-01
    2.23383814e-01 3.60815436e-01 3.88560742e-01 3.64166975e-01
    4.34545100e-01 5.77004492e-01 7.05333591e-01 5.55074215e-02
    8.65898430e-02 7.79661655e-01 5.52106142e-01 9.20394063e-01
    1.73304349e-01 5.30619681e-01 5.28090179e-01 6.19351149e-01
    7.27767825e-01 4.32176650e-01 9.66555178e-02 3.59019041e-02
    1.19022489e-01 5.93307436e-01 2.67407238e-01 9.11772251e-01
    8.32860947e-01 6.65425420e-01 1.97894424e-01 5.44490576e-01
    2.45799929e-01 1.92469925e-01 7.40750551e-01 8.19378853e-01
    1.22623384e-01 4.89923775e-01 6.00695014e-01 6.53200269e-01
    8.74007583e-01 4.71710771e-01 6.81587517e-01 8.69453073e-01
    5.09899497e-01 3.33077252e-01 3.52959156e-01 7.03709304e-01
    9.64976668e-01 5.21462560e-02 7.67854452e-01 3.82378727e-01
    3.57353091e-02 8.43766332e-03 8.30447078e-01 6.17973030e-01
    8.86515379e-02 5.85194051e-01 9.03511047e-03 2.31644988e-01
    7.47357249e-01 8.15832615e-03 9.67095554e-01 6.36678934e-01
    8.89070094e-01 5.47223985e-02 6.08182371e-01 6.82106853e-01
    4.16816235e-01 1.65986091e-01 4.39803898e-02 6.57785416e-01
    9.54501152e-01 5.51266134e-01 8.68367255e-01 6.41389191e-01
    7.76450455e-01 9.47925627e-01 4.09291923e-01 6.13996089e-02
    6.66644275e-01 8.13928723e-01 5.17582357e-01 5.15733540e-01
    6.21173263e-01 9.08084750e-01 9.46821868e-02 7.06004858e-01
    9.05611873e-01 3.86687756e-01 3.39044631e-01 4.50267583e-01
    6.65479422e-01 7.94260740e-01 9.18087363e-03 4.11702096e-02
    9.75881219e-01 2.72635341e-01 5.48006117e-01 3.04115444e-01
    5.99108696e-01 8.36248279e-01 8.47312689e-01 4.69661146e-01
    7.79872656e-01 7.20373631e-01 1.13187611e-01 3.74586076e-01
    6.85709596e-01 8.78442764e-01 2.73960352e-01 3.18907678e-01
    2.88138807e-01 6.87179685e-01 6.63601041e-01 1.22893840e-01
    4.50049669e-01 9.69855666e-01 5.12676895e-01 2.94366360e-01
    9.81734872e-01 9.40616190e-01 4.67563123e-01 1.51269406e-01
    5.20127177e-01 7.88459480e-01 3.60417187e-01 9.57619190e-01
    8.88387263e-01 2.58361071e-01 2.25823462e-01 6.90643311e-01
    8.34904671e-01 6.35380447e-02 7.64797211e-01 2.98730999e-01
    5.00222147e-01 7.05911398e-01 5.62874973e-02 7.07993269e-01
    5.73035598e-01 3.04942667e-01 3.42681736e-01 9.87110078e-01
    3.12823236e-01 5.57598233e-01 9.23095107e-01 5.80036461e-01
    1.33934915e-02 1.75993443e-02 4.58270013e-01 2.73704141e-01
    8.24442029e-01 5.38143754e-01 6.53244197e-01 8.42633009e-01
    1.52737886e-01 9.77311969e-01 1.91256672e-01 6.33388698e-01
    8.83676827e-01 1.90403849e-01 8.12068939e-01 6.69518113e-02
    7.33035147e-01 2.68851161e-01 8.83229733e-01 8.86500716e-01
    3.62571448e-01 8.62339139e-02 8.68432879e-01 6.79704666e-01
    4.50909078e-01 4.81546015e-01 5.56750894e-01 1.01555347e-01
    4.34770107e-01 2.10118204e-01 2.75090456e-01 6.84939444e-01
    3.24774861e-01 8.65216851e-01 5.12940586e-02 1.15820646e-01
    9.48361337e-01 3.90067697e-03 2.46740967e-01 7.95558572e-01
    4.40852225e-01 7.59038031e-02 7.96863198e-01 5.79474926e-01
    5.05422473e-01 7.99587131e-01 9.63560224e-01 9.98135567e-01
    2.02630579e-01 3.43753695e-01 1.54061109e-01 4.75202888e-01
    6.34921312e-01 8.26855004e-01 2.23354280e-01 8.36126566e-01
    9.92056072e-01 6.88023925e-01 6.63201332e-01 4.41879213e-01
    9.02732909e-02 8.28396559e-01 9.30405676e-01 2.33683348e-01
    1.13660008e-01 6.58519149e-01 3.42032015e-01 6.16877019e-01
    4.65821028e-02 7.80709386e-02 3.25759768e-01 2.46945053e-01
    2.69800752e-01 5.26725888e-01 2.10240811e-01 9.58886445e-01
    5.54465473e-01 5.25424004e-01 6.30389214e-01 1.92320615e-01
    1.06851161e-01 8.06223989e-01 6.20282471e-01 6.46717608e-01
    7.02646494e-01 6.30982399e-01 6.83552742e-01 9.28372085e-01
    4.90022600e-01 3.35036397e-01 7.39644170e-02 9.76455808e-01
    5.46081841e-01 9.45836782e-01 2.93151617e-01 2.69793451e-01
    8.71751904e-02 7.75061131e-01 7.14461148e-01 6.00124598e-01
    6.24522567e-01 7.15681672e-01 5.08287311e-01 2.70336926e-01
    4.73352820e-01 3.65410537e-01 9.08173561e-01 2.57246345e-01
    7.19965816e-01 4.28636819e-01 9.60630059e-01 2.58486629e-01
    8.13838601e-01 1.90639645e-01 4.20337796e-01 4.45086062e-01
    3.46407741e-01 1.32777035e-01 5.20689785e-02 3.96595091e-01
    6.37730896e-01 8.32704782e-01 3.10610145e-01 2.30487049e-01
    2.42081195e-01 2.39431083e-01 3.01905453e-01 6.97130322e-01
    8.39086413e-01 3.51337492e-01 3.03920567e-01 2.56967425e-01
    1.62408531e-01 9.33717132e-01 7.16402829e-01 3.39009672e-01
    4.29889798e-01 1.63429022e-01 1.03766263e-01 3.12287241e-01
    4.45121408e-01 5.24948239e-01 3.26552331e-01 8.71545196e-01
    3.10572028e-01 8.33259225e-01 6.42719865e-01 2.20447272e-01
    9.25071001e-01 2.08313197e-01 6.78763866e-01 7.60732949e-01
    8.79457355e-01 2.29859769e-01 7.56775856e-01 1.70197785e-02
    7.43666172e-01 6.78041577e-02 3.88772845e-01 1.21735424e-01
    8.59895468e-01 7.82554269e-01 5.99281132e-01 1.03886932e-01
    5.26001990e-01 3.12999845e-01 1.86592013e-01 9.14311111e-02
    3.38926375e-01 4.94411498e-01 5.55940866e-02 9.01679337e-01
    2.22964048e-01 3.83393973e-01 3.57746303e-01 4.48855519e-01
    9.96561646e-02 3.76962066e-01 2.19895750e-01 2.46834129e-01
    1.32038206e-01 3.74476314e-01 2.55587310e-01 8.80609751e-01
    5.35548627e-02 4.83618200e-01 3.43114197e-01 2.42716372e-02
    5.07574558e-01 9.49655414e-01 7.70482361e-01 4.52484429e-01
    4.94949609e-01 6.64478958e-01 8.50133836e-01 5.45004308e-01
    2.58036226e-01 5.20972311e-02 6.41220510e-01 9.59349394e-01
    6.94203496e-01 8.38764548e-01 6.18131876e-01 2.35829294e-01
    8.47914815e-01 2.87648052e-01 3.62313569e-01 3.63093436e-01
    4.01035249e-01 7.79420257e-01 3.28125775e-01 2.41458207e-01
    8.20580781e-01 7.40000665e-01 9.84099507e-02 6.73424602e-01
    3.66727293e-01 5.82104087e-01 1.87635601e-01 1.18641436e-01
    7.73618221e-01 9.65548158e-01 3.25511992e-02 5.11979878e-01
    6.46034658e-01 7.20950246e-01 9.76727545e-01 5.23330271e-01
    2.11577177e-01 2.91221321e-01 2.98906147e-01 1.42320216e-01
    4.80694950e-01 6.80587113e-01 8.63097906e-01 2.82046497e-01
    6.83645964e-01 6.60469770e-01 1.67629480e-01 7.86801457e-01
    1.80606455e-01 8.42860401e-01 9.71576810e-01 8.26111376e-01
    5.52056015e-01 6.70430720e-01 2.20851600e-01 3.09021175e-01
    1.34720683e-01 9.84459460e-01 7.25306094e-01 6.05602741e-01
    6.92630410e-01 9.76005018e-01 7.85538077e-01 5.13652802e-01
    4.52565879e-01 7.19214976e-01 5.71904719e-01 9.88654971e-01
    5.09047151e-01 2.48461962e-03 9.83688951e-01 1.96564496e-02
    8.34626317e-01 1.25957847e-01 2.69331574e-01 6.89071476e-01
    1.35118574e-01 9.06841636e-01 8.77668083e-01 4.27884102e-01
    8.68844509e-01 8.22830200e-01 2.61971116e-01 8.79181027e-01
    6.96829081e-01 2.74590909e-01 9.48739290e-01 6.44912481e-01
    8.47175419e-01 7.18775153e-01 3.94330025e-01 7.72711754e-01
    6.87513292e-01 6.74331784e-01 3.20018828e-02 5.47147870e-01
    7.80707598e-02 1.58532649e-01 2.99864829e-01 3.40511531e-01
    3.82540047e-01 6.76701963e-02 5.15470564e-01 8.11672688e-01
    8.54124546e-01 5.52757382e-01 4.45593536e-01 8.25761557e-01
    7.85885513e-01 6.90928817e-01 5.86823344e-01 7.54360497e-01
    3.01732659e-01 9.95993018e-01 1.18441552e-01 8.79795909e-01
    9.42660987e-01 3.10336232e-01 1.36048615e-01 5.56469142e-01
    8.52653027e-01 5.82620084e-01 9.63726461e-01 3.29042435e-01
    9.41945791e-01 9.78255153e-01 6.35594130e-01 6.70536518e-01
    8.58569145e-01 6.10364676e-01 8.71490955e-01 9.61106896e-01
    1.35194957e-02 1.27524167e-01 4.32070792e-01 7.99119651e-01
    7.77269721e-01 2.48774916e-01 8.46320391e-01 6.80985212e-01
    6.38109446e-01 5.85721612e-01 2.72434860e-01 6.85472131e-01
    4.38991785e-01 9.92153108e-01 1.62205935e-01 1.87437654e-01
    9.92742896e-01 5.45450628e-01 4.91928279e-01 6.31951451e-01
    3.40244293e-01 2.05646485e-01 5.38006306e-01 7.10738540e-01
    6.24042332e-01 1.70557946e-01 4.68344033e-01 2.50248730e-01
    8.29814553e-01 8.55280459e-02 3.01309198e-01 3.27445269e-01
    9.63443220e-01 7.64955938e-01 2.08963066e-01 8.27332854e-01
    1.91751838e-01 4.06310022e-01 6.32070184e-01 5.49548328e-01
    6.06851399e-01 2.65520453e-01 1.74738020e-01 7.80090928e-01
    1.63099885e-01 7.72229731e-02 7.64898956e-01 8.83498192e-01
    6.40860021e-01 3.10635626e-01 9.54804897e-01 7.38327086e-01
    3.70005727e-01 6.31380081e-01 7.44045138e-01 8.78040493e-01
    7.30473042e-01 2.97880471e-02 5.42460442e-01 5.62781394e-01
    9.28858757e-01 2.48486221e-01 2.96041787e-01 7.81654119e-02
    9.30020332e-01 8.31581235e-01 6.97349250e-01 2.29054064e-01
    5.80052376e-01 2.10637063e-01 2.41162747e-01 8.75258565e-01
    3.55613589e-01 1.29600614e-01 2.45568663e-01 2.05342084e-01
    1.71901345e-01 2.82226145e-01 1.74285382e-01 6.34923816e-01
    1.76721036e-01 3.15586388e-01 5.84034026e-02 3.62345755e-01
    5.94522357e-02 7.20919132e-01 1.89734578e-01 4.82442945e-01
    5.37564933e-01 3.43915045e-01 2.89250731e-01 8.12356353e-01
    2.99655855e-01 3.28437448e-01 4.42692757e-01 7.20174313e-01
    9.75572705e-01 7.50395894e-01 6.57676458e-01 4.14661646e-01
    2.04506844e-01 5.54630995e-01 9.39973891e-01 2.86904722e-01
    3.88355017e-01 8.97269011e-01 9.92572248e-01 7.02158213e-01
    5.76508045e-03 4.83007967e-01 1.05148524e-01 6.78819418e-02
    2.57465661e-01 3.89549196e-01 1.49025977e-01 1.77604139e-01
    6.31458879e-01 8.89231801e-01 1.97613388e-01 6.18416965e-02
    8.25610995e-01 7.51630664e-01 3.84598911e-01 6.31424904e-01
    7.55908489e-02 4.77548063e-01 3.05011570e-01 3.90578300e-01
    8.86232495e-01 8.71180594e-02 5.88562906e-01 6.98129892e-01
    1.81803912e-01 8.99049759e-01 3.02817732e-01 7.81370580e-01
    1.76881641e-01 8.12212050e-01 1.31407231e-01 2.59082437e-01
    6.15394592e-01 1.78042948e-01 5.88739753e-01 9.15428519e-01
    8.48760366e-01 3.74526083e-01 4.24867541e-01 8.25063348e-01
    5.93090832e-01 1.26673013e-01 9.81859088e-01 4.83922601e-01
    4.27422613e-01 4.06240046e-01 1.10472649e-01 9.69923615e-01
    5.46564341e-01 3.04940343e-02 9.69060898e-01 3.33235204e-01
    5.55696487e-01 2.48507828e-01 1.14271432e-01 7.86334395e-01
    8.00826192e-01 6.61317110e-01 8.98345947e-01 8.37057710e-01
    4.62850362e-01 6.99270129e-01 1.63521022e-01 7.83513129e-01
    3.30121398e-01 5.81180096e-01 5.06739795e-01 5.11606336e-01
    6.40089214e-01 2.55693942e-01 5.27422667e-01 8.79644573e-01
    9.48748291e-02 3.01070064e-01 4.00294513e-01 6.28000200e-02
    8.93001318e-01 9.52658176e-01 2.21803188e-02 1.14673883e-01
    5.49009681e-01 7.70884752e-02 9.94557083e-01 2.44372338e-01
    1.81796968e-01 9.69115496e-02 3.47950280e-01 9.61748838e-01
    8.14971089e-01 7.65313387e-01 1.30994618e-01 1.08995765e-01
    1.21199220e-01 4.99712199e-01 9.66435432e-01 7.02643216e-01
    4.55251634e-02 6.88542008e-01 8.35515857e-01 5.78196466e-01
    1.20898604e-01 8.86512220e-01 4.11752105e-01 9.89676237e-01
    4.57180321e-01 5.01684606e-01 9.41594839e-01 1.83055937e-01
    7.81239569e-02 2.46472836e-01 7.43380904e-01 3.77410978e-01
    3.76765847e-01 5.23101270e-01 6.92226171e-01 3.68579745e-01
    5.80633283e-01 8.66663456e-01 5.47462821e-01 7.21297145e-01
    4.56851333e-01 6.16104782e-01 4.92146313e-01 8.94341946e-01
    3.44480753e-01 5.00539899e-01 7.93583751e-01 6.81736469e-02
    2.79130638e-01 8.63198638e-01 7.65092254e-01 4.11923230e-01
    7.68982768e-02 4.50679183e-01 3.39549482e-01 6.98773146e-01
    3.90611500e-01 4.55913275e-01 3.38397443e-01 8.44316542e-01
    2.36379653e-01 6.91766441e-01 7.36728132e-01 2.25500554e-01
    4.80071276e-01 9.60955322e-02 8.01402748e-01 1.96617335e-01
    9.76202011e-01 9.10168290e-01 8.38620245e-01 2.85085201e-01
    9.60771322e-01 3.03774148e-01 8.49944472e-01 4.31778312e-01
    7.88028240e-02 9.92328227e-02 1.31298304e-01 4.64630514e-01
    3.77810985e-01 1.16495401e-01 5.17936587e-01 3.82677943e-01
    6.50520205e-01 8.68369341e-01 4.98666734e-01 3.97712529e-01
    4.69534546e-01 4.30271715e-01 9.40620899e-01 8.30709815e-01
    3.64304781e-01 5.09686768e-01 6.85524464e-01 5.86369395e-01
    7.48103023e-01 8.67998540e-01 9.68251348e-01 1.39101893e-01
    9.43220496e-01 1.64053470e-01 9.06857193e-01 3.16639870e-01
    7.27960587e-01 9.83941317e-01 5.63107431e-01 9.34492826e-01
    9.86429930e-01 4.58238423e-02 6.51654780e-01 1.82764798e-01
    5.53539276e-01 8.79181862e-01 4.49376434e-01 3.98824692e-01
    9.96940136e-01 5.08098662e-01 2.06470966e-01 6.96472049e-01
    8.00280094e-01 8.99684012e-01 9.99452591e-01 6.66036308e-02
    6.83751941e-01 7.56417871e-01 4.91150528e-01 7.21534491e-01
    8.20129275e-01 6.61824942e-01 5.64665198e-02 3.79043937e-01
    7.97485173e-01 6.27917886e-01 8.69366646e-01 9.42122579e-01
    8.64924550e-01 3.31287920e-01 2.01079249e-02 9.28060412e-01
    6.92334652e-01 3.39077055e-01 6.89361691e-01 1.84340745e-01
    9.30963337e-01 4.13842082e-01 3.25859964e-01 6.47228956e-03
    7.39049077e-01 7.48576403e-01 6.44774199e-01 3.95924062e-01
    1.91921443e-01 3.05634379e-01 8.21749568e-01 8.77371073e-01
    2.23655373e-01 2.67255247e-01 3.13400149e-01 9.72432613e-01
    8.96746516e-02 7.34385252e-01 9.40384924e-01 7.94983864e-01
    8.22863340e-01 2.79328287e-01 6.55105472e-01 4.89364535e-01
    8.12043071e-01 4.75015998e-01 6.94958985e-01 7.31093645e-01
    2.78551966e-01 5.73999584e-01 3.43726099e-01 4.15503681e-01
    9.65499043e-01 5.17977178e-02 4.75697905e-01 8.02814722e-01
    8.04886937e-01 2.39084959e-02 2.10127592e-01 8.43502402e-01
    1.71992183e-02 6.97426796e-01 6.93190336e-01 7.96226680e-01
    6.68852568e-01 8.33586335e-01 1.51704252e-01 1.25682861e-01
    5.53456187e-01 5.69653869e-01 2.48365581e-01 7.04414725e-01
    2.07091630e-01 6.83216095e-01 5.29661536e-01 4.46065664e-02
    4.20551896e-02 8.09493959e-01 1.43623590e-01 4.75414872e-01
    4.72120911e-01 5.81648469e-01 2.32079238e-01 9.86348867e-01
    1.96632534e-01 9.01137531e-01 1.73675805e-01 1.89747751e-01
    5.50670207e-01 8.73813331e-01 7.00913787e-01 2.15761334e-01
    3.25373530e-01 3.53859127e-01 8.87275338e-01 7.58329511e-01
    2.43960023e-02 9.62604761e-01 7.82462358e-02 4.50531006e-01
    9.44989085e-01 3.68989229e-01 4.47232425e-01 2.49285579e-01
    2.16271549e-01 9.00071859e-01 8.73860717e-01 1.87842846e-01
    8.38837743e-01 2.42562294e-01 2.82663018e-01 7.88857460e-01
    7.18942642e-01 8.60128045e-01 8.89560580e-02 6.82374060e-01
    7.11726010e-01 7.84428418e-02 3.25238943e-01 4.29509848e-01
    8.23169112e-01 8.65853190e-01 3.25268686e-01 4.14174736e-01
    7.12671995e-01 5.24497092e-01 2.48693138e-01 7.98343897e-01
    9.91863489e-01 6.09457016e-01 3.49189341e-01 2.75797635e-01
    9.23264265e-01 8.61588717e-01 1.86575145e-01 8.84980321e-01
    7.47918129e-01 1.19247884e-01 4.51863080e-01 9.91428494e-02
    3.69971335e-01 8.37987423e-01 2.09194958e-01 7.22084522e-01
    7.21891999e-01 6.66520834e-01 7.89004982e-01 6.73876405e-01
    1.82209313e-01 8.69859695e-01 8.81891608e-01 6.95937276e-02
    7.04497099e-01 7.96498477e-01 5.76098025e-01 7.53213525e-01
    9.01513398e-01 3.53916585e-01 9.56794381e-01 2.80963749e-01
    5.71377993e-01 2.35659003e-01 2.14159518e-01 4.34183717e-01
    6.23917639e-01 1.23432636e-01 2.14703977e-01 2.26336718e-01
    8.65520298e-01 8.80926847e-02 9.20483470e-03 2.58980274e-01
    1.65217727e-01 2.27284908e-01 3.53273034e-01 4.87536848e-01
    6.58508420e-01 9.23045516e-01 4.31635708e-01 9.97070968e-01
    8.48448753e-01 9.18374479e-01 7.67416835e-01 3.08049202e-01
    9.70551193e-01 6.18764699e-01 7.91206717e-01 3.60317767e-01
    1.38232082e-01 7.23318398e-01 4.74896610e-01 3.82293105e-01
    5.84593952e-01 1.00818008e-01 7.66696155e-01 3.86487067e-01
    1.85971707e-01 3.36474419e-01 5.57768106e-01 7.39311337e-01
    3.48013103e-01 3.14727783e-01 1.13580614e-01 8.37781668e-01
    4.75162446e-01 5.69844723e-01 1.25343442e-01 7.91425467e-01
    3.18851560e-01 7.90989161e-01 7.05704451e-01 7.70979822e-02
    3.25073004e-02 5.63925505e-01 6.92859530e-01 4.26919699e-01
    2.89865971e-01 2.76296169e-01 1.97735727e-01 7.06275463e-01
    4.05303985e-01 4.45398688e-01 3.83270234e-01 1.81473941e-01
    7.29497552e-01 8.40795338e-01 5.58896959e-01 9.54596162e-01
    1.41695380e-01 9.87808228e-01 1.03580266e-01 8.24466348e-01
    9.25021470e-02 6.55645847e-01 3.94975871e-01 2.12481529e-01
    3.48782778e-01 9.16136086e-01 8.77396822e-01 9.80372310e-01
    2.30856329e-01 1.89773738e-02 9.59515333e-01 9.99070287e-01
    6.24312222e-01 7.27911830e-01 4.42613184e-01 5.23971081e-01
    7.81469941e-01 2.50139534e-02 3.31691235e-01 9.57746446e-01
    1.62019759e-01 1.85255885e-01 4.46397901e-01 1.70284688e-01
    5.77074409e-01 3.41271579e-01 8.36002648e-01 3.98914754e-01
    5.04965603e-01 8.53560388e-01 6.60063326e-02 8.38002086e-01
    6.46231115e-01 5.35553396e-02 8.74451280e-01 3.96707058e-01
    3.49158585e-01 3.64557743e-01 3.00150216e-01 6.77863598e-01
    5.14247239e-01 5.32118559e-01 8.36369991e-01 8.78220260e-01
    7.76941061e-01 9.69370604e-02 8.09816778e-01 4.06369179e-01
    7.96982706e-01 6.17763877e-01 1.45801753e-01 9.74682570e-01
    8.57867718e-01 5.11346340e-01 9.00110066e-01 5.67948222e-01
    8.52271914e-01 4.42044139e-02 1.57865614e-01 6.82573378e-01
    7.70891309e-01 4.01500434e-01 4.25462663e-01 8.50358129e-01
    5.93132734e-01 5.80218673e-01 8.97021294e-01 7.71633983e-02
    7.22218573e-01 4.56091970e-01 8.59823823e-03 8.30943227e-01
    7.76722431e-01 7.12941170e-01 3.07697952e-01 1.14770323e-01
    9.03622508e-01 5.42702019e-01 8.62901092e-01 3.71034980e-01
    3.92733812e-01 3.02630901e-01 8.39510083e-01 5.55882633e-01
    9.49862897e-01 7.61165380e-01 6.05889022e-01 4.26962465e-01
    1.96538776e-01 9.07029748e-01 9.49199796e-01 8.59155893e-01
    2.93275416e-02 8.22691798e-01 8.34910274e-01 9.76587176e-01
    9.79053736e-01 3.49729121e-01 4.60250795e-01 3.99023622e-01
    4.50293243e-01 5.28223932e-01 2.58517444e-01 4.62400019e-02
    2.39134550e-01 2.16054797e-01 3.55641127e-01 1.25448257e-01
    8.43624115e-01 5.09467542e-01 9.75406289e-01 6.84574962e-01
    5.65068722e-01 2.36349940e-01 2.01211065e-01 2.52822250e-01
    5.59805572e-01 7.83016562e-01 8.53527546e-01 2.41082758e-01
    7.88189054e-01 4.94111985e-01 5.80460429e-01 7.52963424e-01
    5.31346560e-01 8.76676142e-02 9.79847312e-01 1.05590641e-01
    8.86967003e-01 8.36114764e-01 3.98477733e-01 6.10552669e-01
    4.33964729e-01 1.86530054e-01 9.75452304e-01 7.38437295e-01
    4.54540521e-01 9.92862582e-01 3.26344162e-01 6.84073091e-01
    4.38296795e-01 8.83936882e-01 1.21326149e-01 4.64060187e-01
    4.93132800e-01 4.89296138e-01 6.48740053e-01 4.83024985e-01
    7.82595932e-01 9.48972464e-01 6.18750811e-01 3.22590172e-01
    3.63819331e-01 1.53373748e-01 8.39082599e-02 1.00124180e-02
    7.81396151e-01 7.23800957e-01 5.25357544e-01 7.14391649e-01
    8.30285430e-01 1.45348608e-02 4.14434969e-02 3.11076373e-01
    1.37716532e-01 3.48856241e-01 1.37887150e-01 6.68847322e-01
    3.13762128e-01 7.02761531e-01 7.25442111e-01 6.34723902e-02
    9.23782706e-01 1.75218880e-02 3.95404160e-01 9.38859463e-01
    5.08362055e-01 2.86211729e-01 3.73706937e-01 1.46895349e-02
    8.01803589e-01 2.58402705e-01 6.29800260e-02 9.47031140e-01
    3.04044306e-01 1.65359467e-01 8.62278581e-01 7.49646783e-01
    2.27978528e-01 3.29277992e-01 9.75284219e-01 2.25306749e-02
    4.31304872e-02 4.05928791e-02 4.02112305e-02 1.39963090e-01
    2.60809749e-01 6.07951462e-01 9.61806655e-01 5.81033528e-01
    1.97608769e-02 9.73190367e-02 5.79446614e-01 4.89919990e-01
    2.28584975e-01 4.55275834e-01 3.19377422e-01 5.00136018e-02
    5.95189691e-01 8.96426797e-01 7.21343040e-01 6.20701313e-02
    2.49230683e-01 2.23226130e-01 5.30305088e-01 4.44275767e-01
    8.71857047e-01 9.28871036e-01 2.79608786e-01 4.87749279e-02
    4.38545793e-01 3.19676101e-02 6.67777061e-02 3.60393465e-01
    5.61604977e-01 8.31650257e-01 2.18055308e-01 7.19652236e-01
    8.35093141e-01 3.79293710e-01 1.70090646e-01 4.32031482e-01
    5.13971269e-01 8.52454782e-01 3.42405945e-01 5.77318430e-01
    1.12063617e-01 6.30869389e-01 1.66645974e-01 9.98935819e-01
    3.48162234e-01 1.97917998e-01 7.37507641e-02 1.83025122e-01
    9.54251528e-01 1.52903110e-01 5.96594810e-01 6.10378146e-01
    6.94632113e-01 8.47979546e-01 7.78957307e-01 9.18594599e-01
    8.89851153e-01 6.11802340e-01 6.20805502e-01 6.43332362e-01
    8.24347317e-01 8.74242961e-01 5.21870375e-01 4.92141396e-01
    6.78379416e-01 1.07736766e-01 7.69527316e-01 9.89811301e-01
    3.91114086e-01 7.54524469e-01 5.74704170e-01 7.44257629e-01
    8.96175325e-01 4.61471230e-01 7.63070941e-01 9.41924334e-01
    4.46979105e-02 5.31714916e-01 1.16352201e-01 2.22211272e-01
    1.92100644e-01 1.66500896e-01 5.50483763e-02 5.75197697e-01
    3.81822675e-01 8.51334989e-01 2.47112453e-01 8.45564604e-01
    3.26957703e-01 2.64958441e-01 2.96659946e-01 6.69460893e-01
    3.42195690e-01 6.38901532e-01 9.23852742e-01 2.09200561e-01
    7.76720703e-01 4.42954421e-01 8.37855816e-01 6.60386682e-01
    3.47154438e-02 7.23433793e-01 1.01122737e-01 2.35962957e-01
    2.37973094e-01 7.22411394e-01 7.65511394e-01 2.86782324e-01
    2.17955291e-01 3.45422059e-01 5.41744113e-01 7.90983737e-01
    4.52364385e-01 6.85678661e-01 2.94138640e-01 4.76216674e-01
    9.79226828e-02 7.92120576e-01 2.28777021e-01 4.70012426e-02
    8.60513628e-01 9.24015284e-01 9.12718177e-01 9.92016435e-01
    1.08332783e-01 3.91198575e-01 9.24264491e-02 1.40585065e-01
    6.15691602e-01 4.53385651e-01 4.95996058e-01 5.91195226e-01
    7.10688770e-01 7.45780528e-01 8.50402713e-01 6.58691108e-01
    2.75660306e-01 2.27411777e-01 7.89701700e-01 9.24469829e-01
    5.45823872e-02 5.04304945e-01 4.59218860e-01 6.43008113e-01
    1.21932834e-01 9.31817353e-01 7.66429305e-03 5.09481966e-01
    9.32413816e-01 9.26114917e-01 7.81868398e-01 5.06103694e-01
    4.17432308e-01 6.95820630e-01 8.35952461e-02 6.61176085e-01
    3.43209028e-01 5.56573749e-01 2.48825550e-02 2.09895551e-01
    8.26129675e-01 1.93562210e-01 6.21945560e-02 4.62053239e-01
    5.72574198e-01 5.36100626e-01 1.57387435e-01 5.96650779e-01
    9.92655218e-01 5.62616765e-01 2.98807085e-01 4.63419825e-01
    3.40924025e-01 2.14445144e-01 3.93705249e-01 7.36984968e-01
    4.10687149e-01 6.41812980e-01 2.58849323e-01 7.58271813e-01
    6.91752136e-02 7.55141377e-01 3.13035518e-01 7.52446473e-01
    1.29262686e-01 2.87602752e-01 6.37731731e-01 5.85155368e-01
    3.59336406e-01 3.36635709e-01 7.73641765e-02 3.57262701e-01
    4.80409652e-01 9.99727249e-01 2.61652291e-01 3.77196670e-02
    4.89679247e-01 2.04181284e-01 6.33678615e-01 8.51085663e-01
    3.97710145e-01 1.51348412e-01 4.42128271e-01 4.54869807e-01
    5.60753644e-02 7.55958080e-01 4.66099948e-01 5.23231566e-01
    7.69430280e-01 5.59709132e-01 2.04903036e-01 1.03540510e-01
    3.97282004e-01 8.47682774e-01 9.21156406e-02 2.95735627e-01
    4.95962143e-01 3.99011731e-01 2.10867018e-01 2.64330566e-01
    6.69105411e-01 1.09634608e-01 7.76537597e-01 1.89807892e-01
    3.91977817e-01 6.89869165e-01 5.85915923e-01 8.80881667e-01
    2.53235072e-01 2.83639133e-01 4.29390252e-01 6.58633053e-01
    4.28282917e-01 6.86102509e-01 9.27799582e-01 6.64340556e-02
    9.33874249e-01 4.60771650e-01 5.44844568e-02 6.64984226e-01
    4.56478983e-01 1.38002723e-01 3.95383477e-01 6.54247284e-01
    3.45343590e-01 8.70419204e-01 7.64148474e-01 9.95976210e-01
    4.70376343e-01 3.29031765e-01 5.95820785e-01 2.01385736e-01
    9.05600548e-01 2.19138980e-01 1.93757206e-01 7.54826546e-01
    5.20508826e-01 7.58722603e-01 2.18391120e-02 6.31110072e-01
    3.64252448e-01 2.19795585e-01 3.74622583e-01 1.75253659e-01
    3.55791152e-02 5.03861368e-01 8.54813457e-01 6.97950423e-02
    1.76659495e-01 4.79505032e-01 8.94406796e-01 8.52899253e-01
    3.43815863e-01 9.12815094e-01 6.39382362e-01 5.08103132e-01
    9.11966801e-01 7.06458449e-01 8.79755259e-01 3.45459700e-01
    9.10100460e-01 8.71811390e-01 4.40636486e-01 9.43004608e-01
    8.41755569e-02 8.56038213e-01 5.10896623e-01 6.26014411e-01
    6.57969594e-01 9.50030029e-01 5.68445086e-01 1.14703536e-01
    5.03129363e-01 7.00608134e-01 7.74706602e-02 7.52321482e-01
    8.54914069e-01 3.62101495e-01 6.31883502e-01 7.37382889e-01
    4.39091623e-01 6.57675505e-01 8.17326546e-01 9.59439754e-01
    7.50248432e-01 1.56858534e-01 1.54248476e-02 3.20265323e-01
    4.66540784e-01 2.96214134e-01 9.04262185e-01 4.32428896e-01
    6.46829426e-01 1.46525860e-01 7.58586407e-01 6.71857655e-01
    6.58055067e-01 9.11931634e-01 7.96557903e-01 6.97964311e-01
    7.13926196e-01 5.13053536e-01 9.30506587e-01 3.63356292e-01
    7.70794868e-01 2.86753774e-01 3.46419156e-01 4.85771060e-01
    1.74378395e-01 5.22014618e-01 1.99185550e-01 4.46155339e-01
    1.01140857e-01 9.65777993e-01 9.97112989e-01 6.26424611e-01
    1.17891967e-01 9.95971680e-01 3.91109884e-01 5.76225460e-01
    5.27539313e-01 9.96986270e-01 4.60188210e-01 1.31646097e-01
    9.24079120e-01 8.17471981e-01 9.47930694e-01 8.62893820e-01
    2.84976900e-01 8.70767593e-01 4.39826101e-01 6.87904835e-01
    9.57394481e-01 3.39555442e-01 9.78251755e-01 6.02848530e-01
    2.12627679e-01 8.29151452e-01 7.19681978e-01 4.06520784e-01
    3.73013377e-01 8.48555088e-01 2.79397905e-01 2.46681005e-01
    3.95408332e-01 1.91934317e-01 8.47704709e-01 7.08786070e-01
    3.13521504e-01 4.63070333e-01 9.16482210e-01 4.99822527e-01
    4.48103696e-01 6.48897946e-01 5.59947014e-01 1.89260215e-01
    4.56723124e-01 3.19532633e-01 7.85801828e-01 9.85280871e-01
    4.79578167e-01 4.59551573e-01 8.70414615e-01 4.12300080e-01
    6.32482648e-01 5.55760264e-01 7.18937159e-01 9.49955940e-01
    1.88372016e-01 6.66329145e-01 3.94690275e-01 6.08995080e-01
    4.10324633e-01 4.02598053e-01 6.61369145e-01 3.36866379e-01
    5.70518970e-01 7.89737403e-02 2.83650756e-02 5.91731608e-01
    1.50813729e-01 7.91417480e-01 1.39544874e-01 9.36492383e-02
    5.72998583e-01 8.22716236e-01 1.88991904e-01 8.45902443e-01
    5.71075141e-01 6.73041761e-01 7.30258465e-01 5.45970917e-01
    2.48031557e-01 5.25842071e-01 1.87885076e-01 1.42123967e-01
    2.83763140e-01 9.97146368e-02 5.70915043e-01 6.71867609e-01
    1.57203496e-01 4.98917401e-01 6.44703090e-01 8.20998549e-01
    8.14380348e-02 5.56479812e-01 5.75894892e-01 4.07522142e-01
    7.54081964e-01 4.60859299e-01 4.38817084e-01 4.66142029e-01
    7.50919759e-01 5.16470015e-01 2.57745564e-01 7.92124748e-01
    5.64025879e-01 7.93252110e-01 9.98124301e-01 6.91711843e-01
    1.86066985e-01 5.80408514e-01 2.44563222e-01 3.11802864e-01
    5.09409845e-01 4.14689273e-01 5.21468341e-01 1.02374256e-02
    1.57383114e-01 9.55658853e-01 9.97786462e-01 2.10937053e-01
    6.89959586e-01 2.99636394e-01 2.44258910e-01 8.30477297e-01
    7.47767806e-01 1.80040300e-01 7.48208761e-01 2.98553765e-01
    7.46912241e-01 9.70506668e-01 8.40958655e-02 1.37027800e-01
    5.68172812e-01 4.77479756e-01 4.51344669e-01 4.46755707e-01
    7.69976854e-01 8.42059970e-01 7.62175858e-01 8.15231323e-01
    1.91107154e-01 2.68310338e-01 2.61146128e-01 9.10009623e-01
    7.44246244e-01 6.85847998e-01 6.31885409e-01 6.07283890e-01
    8.43863964e-01 1.00840300e-01 9.24532235e-01 4.75563765e-01
    9.30954993e-01 4.87796217e-01 6.72374666e-01 3.02638412e-01
    8.22380185e-01 2.63130486e-01 9.83711481e-01 8.38807106e-01
    2.65527368e-01 1.79739833e-01 1.02601796e-01 2.35277146e-01
    1.45252734e-01 3.68009418e-01 5.47523797e-02 1.64341986e-01
    6.98264241e-01 8.40029120e-02 4.90822583e-01 5.63258052e-01
    7.30097592e-01 6.03942990e-01 4.06199932e-01 3.12398076e-01
    8.25384736e-01 1.48717016e-01 4.73009974e-01 1.15892291e-01
    9.15906787e-01 6.30061567e-01 1.23753816e-01 9.54161644e-01
    1.36439443e-01 5.75146914e-01 1.74609423e-02 2.44641632e-01
    4.90235865e-01 8.77726674e-02 4.35918510e-01 4.38983440e-02
    5.74496627e-01 8.29418719e-01 3.91158521e-01 5.53888261e-01
    7.88834095e-02 3.13337743e-01 3.94615978e-01 7.19286978e-01
    9.25336719e-01 4.25473064e-01 8.68893504e-01 2.34650224e-01
    6.07584238e-01 8.07639837e-01 4.12058115e-01 8.74158442e-01
    3.50667328e-01 9.96481538e-01 1.10234410e-01 6.83544397e-01
    7.31754899e-01 3.77338827e-01 1.84102744e-01 1.86025321e-01
    1.65049523e-01 5.12633622e-02 1.18149817e-02 4.55065221e-01
    8.04015398e-01 4.17518467e-01 6.55426979e-01 5.34996808e-01
    5.53458035e-02 1.48872793e-01 7.21405685e-01 3.87608975e-01
    8.07659566e-01 3.39020550e-01 9.79502320e-01 8.74002218e-01
    5.21138906e-02 5.33634126e-01 4.19399261e-01 7.94092119e-02
    3.39949906e-01 9.89167809e-01 8.58274400e-01 4.81170774e-01
    9.74354446e-01 5.08747101e-01 3.60181630e-01 5.15612364e-01
    2.39056796e-01 9.12129402e-01 9.72472906e-01 8.08967471e-01
    7.70838439e-01 6.57535315e-01 2.51328796e-01 7.39733696e-01
    4.61851805e-01 6.30309165e-01 6.90055907e-01 2.30946034e-01
    8.97066236e-01 4.61559296e-01 8.74153137e-01 9.71490324e-01
    7.03449607e-01 3.85878086e-01 1.61000907e-01 9.22671020e-01
    7.29045093e-01 9.89580929e-01 8.73471022e-01 4.65658784e-01
    9.57410336e-01 6.84132695e-01 2.58871078e-01 8.29385519e-02
    2.20796764e-01 2.44911164e-01 4.16968882e-01 6.16085887e-01
    1.14779145e-01 1.51034534e-01 4.62377965e-01 2.46518165e-01
    5.40706635e-01 4.26788509e-01 1.94740772e-01 8.27499628e-02
    7.97729015e-01 9.58734572e-01 4.68303591e-01 8.01272392e-01
    4.61607277e-02 5.10746121e-01 3.34626973e-01 9.29482937e-01
    2.22330868e-01 4.97812033e-01 9.04711366e-01 9.15396690e-01
    9.08503532e-01 1.39997244e-01 5.88112652e-01 5.26529253e-01
    6.72801256e-01 7.85391212e-01 3.36312979e-01 4.38415617e-01
    3.90138149e-01 7.88035750e-01 9.50762391e-01 2.29439139e-01
    7.48884857e-01 8.42078626e-01 6.92979753e-01 9.07225907e-01
    3.92070502e-01 9.55706596e-01 4.64092851e-01 9.91102934e-01
    1.21844023e-01 4.59770352e-01 9.03300047e-01 8.61147344e-02
    3.37607384e-01 6.63586795e-01 7.87349582e-01 7.24990726e-01
    1.23270690e-01 2.67195284e-01 3.98672432e-01 9.50664222e-01
    9.56306994e-01 6.76353097e-01 5.24506688e-01 9.29798841e-01
    6.79827094e-01 6.65054679e-01 9.76888180e-01 9.12586093e-01
    4.09913152e-01 1.14517003e-01 2.88627684e-01 3.14628243e-01
    4.02950466e-01 1.39256835e-01 1.05381489e-01 9.54128385e-01
    5.24414957e-01 3.47098917e-01 9.51698780e-01 9.78033602e-01
    9.64281797e-01 6.75562978e-01 3.71656924e-01 3.61231416e-01
    6.89201593e-01 7.74155855e-01 4.65389967e-01 4.97819573e-01
    3.40639174e-01 6.41331971e-02 2.28078097e-01 5.60496926e-01
    8.79770398e-01 6.19577765e-02 4.56187427e-01 1.21000528e-01
    3.83334011e-01 5.00717461e-01 7.18331933e-01 2.01613933e-01
    5.86338401e-01 7.63187408e-01 1.88613236e-01 2.70637244e-01
    9.02678132e-01 7.28274167e-01 9.32085812e-01 1.11907303e-01
    2.37193376e-01 1.93018436e-01 5.29753149e-01 5.63381195e-01
    4.75130260e-01 3.23859155e-01 9.17309999e-01 9.80130315e-01
    8.68260086e-01 5.91659665e-01 2.27879196e-01 8.14276338e-01
    4.84321386e-01 5.03215194e-01 9.72242117e-01 2.30429798e-01
    2.74886191e-02 1.94769710e-01 7.26056337e-01 2.30888724e-01
    4.66793031e-01 1.94224268e-01 5.59938669e-01 7.19598711e-01
    2.10372210e-01 8.99550200e-01 7.68910527e-01 1.78730875e-01
    1.37880892e-01 5.66585779e-01 2.68628031e-01 2.08977759e-01
    1.70015395e-01 9.71102595e-01 4.75468367e-01 9.55576301e-01
    2.48222917e-01 1.01049632e-01 6.02459252e-01 1.65110797e-01
    4.45897996e-01 2.70593166e-03 4.90335375e-01 4.79577184e-02
    6.42354965e-01 1.09187841e-01 9.50040221e-01 8.94209981e-01
    8.09805691e-02 6.82650149e-01 7.62944937e-01 5.06859481e-01
    3.59824419e-01 9.51666057e-01 7.53087223e-01 1.99112028e-01
    3.75251174e-02 3.05653274e-01 1.00534558e-02 5.92908621e-01
    2.88166821e-01 1.15237713e-01 2.47831345e-02 5.02960026e-01
    2.60553777e-01 9.54207182e-01 8.32299352e-01 7.80833960e-02
    7.87157714e-02 4.93257046e-01 4.29869771e-01 2.07249463e-01
    8.01054716e-01 7.19368875e-01 4.34983671e-02 7.81430364e-01
    1.25121415e-01 4.86407995e-01 8.97401214e-01 9.75982070e-01
    6.54860258e-01 1.82976693e-01 6.09269977e-01 4.92904812e-01
    5.73399305e-01 9.48917150e-01 6.07529998e-01 9.09883738e-01
    5.03181279e-01 4.61208820e-02 3.02050412e-02 6.38650894e-01
    4.73377973e-01 7.58292615e-01 8.73705149e-01 5.58465183e-01
    5.95823526e-02 7.67854810e-01 5.11158109e-01 7.52537370e-01
    9.20962453e-01 1.30940080e-01 6.70436740e-01 8.77148449e-01
    2.13813931e-01 2.32677132e-01 1.12806708e-01 3.56961787e-02
    6.49278522e-01 5.70643604e-01 5.19589186e-01 2.21860886e-01
    2.19697446e-01 3.13371748e-01 1.23577505e-01 5.96301377e-01
    9.25520062e-01 3.04484755e-01 4.27720994e-01 2.28557020e-01
    4.80878651e-01 9.11665261e-01 8.35222840e-01 1.74872965e-01
    1.52446896e-01 5.52611530e-01 1.18074775e-01 4.80239064e-01
    6.66791916e-01 1.16297960e-01 3.65789264e-01 1.76329195e-01
    3.91070604e-01 9.55916941e-02 3.47592592e-01 9.61268008e-01
    5.67726791e-01 3.29002351e-01 8.61901581e-01 4.42861795e-01
    1.41671926e-01 9.68835831e-01 9.69886541e-01 5.53013027e-01
    7.50200748e-01 6.78098798e-01 6.65419102e-01 7.70074129e-01
    1.44070774e-01 1.26335025e-03 6.58918083e-01 2.73384303e-01
    4.92564529e-01 7.90728807e-01 7.34683633e-01 5.90254426e-01
    9.54670548e-01 3.65465552e-01 5.80520868e-01 6.03706539e-02
    6.38800919e-01 5.70244610e-01 9.22657728e-01 9.98833179e-01
    4.06422913e-02 8.08866143e-01 6.01666093e-01 5.78531563e-01
    2.93311596e-01 6.67705059e-01 5.80769181e-02 3.25800121e-01
    6.60946369e-02 2.74112433e-01 3.25513691e-01 4.09923106e-01
    4.59983051e-02 6.81595922e-01 6.94438219e-02 7.24547088e-01
    9.60923076e-01 3.42815638e-01 6.87420905e-01 9.23330665e-01
    5.75868189e-01 4.74181056e-01 5.29041946e-01 1.85612142e-02
    7.57853091e-02 1.50023282e-01 9.51717496e-01 6.60691321e-01
    6.23160601e-01 9.35029209e-01 6.91322148e-01 5.87777376e-01
    7.35462308e-01 7.96556234e-01 6.59140229e-01 4.79957163e-02
    4.11283731e-01 1.30663425e-01 1.60004377e-01 6.03026509e-01
    6.16174102e-01 6.61039591e-01 2.07013100e-01 9.36419010e-01
    3.64336908e-01 4.02378768e-01 2.23861635e-01 8.85894835e-01
    1.82751119e-01 8.03932190e-01 9.24884081e-01 7.41867900e-01
    6.76063895e-01 2.69040704e-01 9.06449556e-02 6.02226436e-01
    4.64265257e-01 9.36540246e-01 9.63076532e-01 5.73710799e-01
    9.03879225e-01 6.92207575e-01 8.18187952e-01 5.01696050e-01
    8.01540852e-01 2.59023279e-01 2.15813518e-01 1.89152241e-01
    6.78130925e-01 4.86917794e-01 5.01099706e-01 6.19246423e-01
    2.35042244e-01 5.60531616e-01 2.96109676e-01 4.02149856e-01
    8.05533171e-01 7.47800052e-01 6.57232046e-01 8.73836935e-01
    6.91304803e-02 5.83434463e-01 8.03953469e-01 8.26866388e-01
    5.29070020e-01 3.79520774e-01 7.30777085e-01 2.73798048e-01
    7.07131982e-01 2.27980345e-01 3.54141772e-01 1.17945641e-01
    6.42676950e-02 3.99623781e-01 9.28160787e-01 6.34112179e-01
    5.74438453e-01 6.20852411e-01 1.39765382e-01 8.82923901e-01
    8.72944355e-01 6.18938088e-01 1.02536917e-01 7.81111777e-01
    4.57275897e-01 9.40322995e-01 9.88154173e-01 9.79918122e-01
    9.48471904e-01 2.39223629e-01 7.66887665e-02 2.24298507e-01
    7.85679102e-01 3.46850514e-01 3.12022418e-01 5.71979702e-01
    1.44745469e-01 1.79906011e-01 4.29254353e-01 5.34861565e-01
    2.88892299e-01 5.10248959e-01 7.21612096e-01 7.08846986e-01
    9.98589098e-01 4.63003874e-01 3.78799975e-01 5.60884655e-01
    3.01888704e-01 1.90259367e-01 8.40813637e-01 4.10767406e-01
    8.33544135e-02 6.05114281e-01 6.12306893e-01 3.78624082e-01
    4.17755365e-01 2.27056682e-01 8.22243452e-01 3.92017812e-01
    6.88347399e-01 2.28497237e-01 8.23357403e-02 6.81324303e-02
    9.80419219e-02 3.49605083e-02 5.99613070e-01 2.04473436e-02
    3.25485885e-01 2.61211008e-01 2.85496414e-02 4.46277350e-01
    9.33784127e-01 7.56570458e-01 8.76873076e-01 1.80698901e-01
    8.66380632e-02 2.74045229e-01 1.69499993e-01 8.40639830e-01
    1.61907971e-01 4.75266278e-01 4.23986137e-01 4.63647872e-01
    9.18708384e-01 4.46338654e-01 1.25583351e-01 7.05607414e-01
    2.47905552e-02 1.14917368e-01 2.58754313e-01 3.55039924e-01
    8.20494652e-01 5.17879963e-01 8.29026401e-02 5.32900214e-01
    8.99951220e-01 8.40074420e-01 3.94361436e-01 1.54291689e-02
    7.75148988e-01 7.37074733e-01 6.46715105e-01 4.76391166e-01
    6.37139142e-01 8.67673576e-01 8.87421608e-01 8.42877924e-01
    4.23900485e-01 7.70864129e-01 3.68602276e-01 8.28275800e-01
    9.45653081e-01 1.79088235e-01 1.57956541e-01 5.65031230e-01
    3.18605155e-01 1.54885262e-01 7.50236630e-01 4.78694350e-01
    5.61486661e-01 2.98429012e-01 3.56261969e-01 8.94594133e-01
    3.46801966e-01 4.70181286e-01 6.86813176e-01 2.84239739e-01
    5.98349750e-01 8.17338824e-01 8.95624757e-02 3.78794432e-01
    9.90461349e-01 3.59688371e-01 2.30669409e-01 4.77110744e-02
    5.58940113e-01 5.39033473e-01 4.53006595e-01 5.35614669e-01
    4.39282715e-01 5.56751966e-01 9.40752625e-01 9.41677332e-01
    6.58162236e-01 3.63970429e-01 3.40405405e-01 4.92545903e-01
    6.30582392e-01 2.56460667e-01 9.80365753e-01 1.48579597e-01
    4.39290404e-02 2.38379300e-01 5.08459628e-01 8.46093178e-01
    2.75990158e-01 2.60009557e-01 2.19229370e-01 2.43012279e-01
    9.12941158e-01 4.71736282e-01 3.92107487e-01 7.49662876e-01
    2.57318079e-01 1.37417614e-02 5.56138158e-03 6.55081809e-01
    9.24716473e-01 6.02901876e-01 9.81809199e-01 8.83405685e-01
    3.83258224e-01 5.61066508e-01 7.50967205e-01 5.56880236e-03
    5.29911041e-01 6.48553491e-01 5.18198013e-01 1.68554038e-01
    8.88078213e-01 9.05039430e-01 8.19633305e-02 2.34784365e-01
    9.89280283e-01 9.28302646e-01 1.42338216e-01 1.78096592e-02
    5.89208126e-01 8.93445671e-01 4.78611290e-01 9.66334283e-01
    7.43490815e-01 2.10884809e-02 9.80574727e-01 9.92395878e-01
    1.21181995e-01 7.07009077e-01 3.33531499e-02 9.98069346e-01
    5.41914821e-01 6.23720050e-01 6.02474451e-01 2.91737407e-01
    2.60734022e-01 5.08134305e-01 1.96267635e-01 8.11781287e-01
    1.66028857e-01 8.70900691e-01 5.60148180e-01 1.88425094e-01
    6.58749223e-01 4.69859034e-01 1.30699605e-01 6.65102124e-01
    5.37942827e-01 6.71642482e-01 9.83173847e-01 8.94044220e-01
    2.78098404e-01 7.63054490e-01 2.73719877e-01 3.05343270e-01
    9.01911914e-01 5.59162498e-01 3.03962290e-01 8.68066251e-02
    2.86641598e-01 7.22216129e-01 4.75804538e-01 8.44368637e-02
    6.92514062e-01 2.06293136e-01 9.66192961e-01 5.56787133e-01
    1.16013080e-01 5.27684152e-01 2.92679429e-01 4.91847008e-01
    2.31705368e-01 5.54186463e-01 2.56831944e-02 1.00055158e-01
    1.90650105e-01 2.73689687e-01 9.14398432e-01 2.57203668e-01
    4.65022922e-02 2.77088225e-01 7.44191527e-01 9.20144796e-01
    2.68612832e-01 9.87936735e-01 3.92317772e-04 5.86581111e-01
    6.63399756e-01 9.23936486e-01 3.29246104e-01 9.08296704e-01
    7.48429179e-01 6.49257064e-01 6.74465597e-02 9.53918099e-02
    5.68715811e-01 5.77807724e-02 9.60503519e-02 1.93864226e-01
    4.21493858e-01 1.72494322e-01 6.30511045e-02 1.31978631e-01
    7.74325013e-01 4.92230654e-02 5.97452104e-01 9.02914524e-01
    1.62051916e-02 5.37867367e-01 6.33738756e-01 1.58823818e-01
    8.12924385e-01 9.71640825e-01 6.36638522e-01 3.83375496e-01
    3.34464818e-01 1.97994679e-01 2.41531432e-01 7.86242962e-01
    1.07050836e-02 8.17872763e-01 5.34049571e-01 7.28324115e-01
    7.62750626e-01 2.58498490e-02 9.38899517e-01 4.20740664e-01
    3.67255807e-01 2.15036243e-01 6.91030324e-02 9.23164964e-01
    2.88129151e-02 4.87443715e-01 4.32167113e-01 6.09540224e-01
    5.86109519e-01 2.97796220e-01 5.62220395e-01 3.54793310e-01
    3.76678318e-01 2.27054268e-01 9.64385271e-01 8.79059315e-01
    8.03588867e-01 6.31752968e-01 3.33248258e-01 6.07508183e-01
    6.24868810e-01 1.19987816e-01 1.00589991e-01 5.88554084e-01
    5.50851405e-01 1.92287177e-01 1.83901578e-01 5.51128507e-01
    9.43655729e-01 6.03345037e-01 8.47575188e-01 9.96906281e-01
    1.46882355e-01 9.02233481e-01 2.59900689e-01 4.83185709e-01
    8.61679077e-01 3.94393802e-02 4.82823282e-01 4.80241328e-01
    8.23827684e-01 9.66636240e-02 4.52693760e-01 2.47144729e-01
    1.11789793e-01 5.40934563e-01 9.90123689e-01 3.83214563e-01
    6.28361523e-01 9.33823407e-01 4.35920566e-01 7.42567182e-02
    9.03744221e-01 8.33532751e-01 8.70795131e-01 6.57757521e-02
    6.90739751e-01 3.05206746e-01 9.54480886e-01 5.93014657e-02
    8.58565331e-01 6.56114221e-01 1.25167370e-01 9.03586507e-01
    9.96713340e-01 2.80630797e-01 4.89414871e-01 6.12535894e-01
    6.23938322e-01 4.29290116e-01 9.53053951e-01 6.66815639e-01
    8.14068556e-01 6.95816636e-01 6.03842139e-02 7.79242754e-01
    3.88606876e-01 9.31642294e-01 7.14027226e-01 1.26576960e-01
    1.74578577e-01 5.73279977e-01 7.57398665e-01 8.84714127e-02
    5.47702432e-01 8.24495196e-01 9.40687418e-01 3.86719972e-01
    5.36652923e-01 8.91769409e-01 8.78431082e-01 7.04951286e-01
    7.57982433e-01 4.40222859e-01 2.14566469e-01 6.39983952e-01
    8.19078028e-01 6.91747785e-01 1.06925577e-01 9.41470504e-01
    8.42049956e-01 8.77267838e-01 4.52105224e-01 2.14575350e-01
    9.24080312e-02 8.52384448e-01 5.76716304e-01 9.39840317e-01
    5.47391057e-01 9.85021889e-02 2.01090991e-01 4.69690710e-01
    3.89242709e-01 8.96875262e-01 1.98570192e-01 1.10698760e-01
    1.46826625e-01 9.87796962e-01 8.55639994e-01 5.03104091e-01
    8.88175368e-01 5.85962176e-01 9.71038401e-01 2.95111954e-01
    4.42188978e-01 1.73614144e-01 9.92371917e-01 1.97141826e-01
    1.12701833e-01 9.46622729e-01 8.20926547e-01 8.03761780e-02
    1.70245171e-02 1.94967985e-01 9.50537801e-01 9.17741776e-01
    7.55684972e-01 1.72065377e-01 4.99986500e-01 4.32582051e-01
    5.07375360e-01 8.20856988e-01 7.33056903e-01 4.35636401e-01
    6.03922725e-01 6.90033674e-01 8.22430432e-01 2.77596831e-01
    7.64708400e-01 6.94035590e-01 2.08729386e-01 5.69716275e-01
    5.81772387e-01 8.59856248e-01 8.79965365e-01 9.67271566e-01
    8.98473501e-01 6.42977595e-01 9.88125920e-01 3.87388825e-01
    5.06409645e-01 6.25125170e-01 5.14664948e-01 2.63516605e-02
    3.14151645e-01 2.98639596e-01 9.68667150e-01 8.79896522e-01
    4.20826465e-01 6.17592871e-01 7.69121289e-01 7.09685326e-01
    9.10668790e-01 6.87456846e-01 8.71298432e-01 9.27983820e-02
    8.37584734e-02 2.21515596e-02 8.32305670e-01 8.66008699e-02
    8.85613084e-01 1.09503597e-01 6.30309880e-01 5.64571023e-01
    3.51821303e-01 5.74015677e-01 9.02720511e-01 3.11190933e-01
    7.79476047e-01 3.92532349e-03 4.07725781e-01 1.10849470e-01
    2.99677670e-01 2.79937983e-02 8.36475611e-01 9.64332879e-01
    3.99113595e-02 9.09850121e-01 6.38664961e-01 4.58996832e-01
    9.89890635e-01 7.74920285e-02 9.52641487e-01 7.50562429e-01
    4.16771561e-01 7.64056146e-02 8.15299451e-01 5.38580298e-01
    1.02988183e-02 8.72645617e-01 7.15414762e-01 1.83834106e-01
    4.06199068e-01 1.61989599e-01 9.67953861e-01 3.57930124e-01
    6.87323213e-01 3.55710208e-01 7.09350705e-01 9.74311352e-01
    7.71524310e-01 7.67291009e-01 6.20305181e-01 7.92370498e-01
    3.35971951e-01 4.69873875e-01 5.31899095e-01 3.24502349e-01
    7.57086277e-01 1.50267601e-01 8.17020416e-01 3.14049423e-01
    7.56626308e-01 8.54596496e-03 1.24235213e-01 1.63259357e-01
    9.37262535e-01 1.48165882e-01 2.53594100e-01 4.14634198e-01
    3.95562291e-01 6.98429942e-02 8.08379889e-01 4.57356840e-01
    9.72047031e-01 9.59273994e-01 5.22852123e-01 5.13937235e-01
    1.34798199e-01 1.92092955e-01 3.21723223e-01 5.98418057e-01
    5.47745049e-01 9.27248359e-01 7.76040077e-01 5.88738620e-01
    2.76014745e-01 5.73459566e-01 6.72871768e-01 5.04645109e-01
    2.90404946e-01 5.93455195e-01 7.29499936e-01 7.15865374e-01
    5.48898101e-01 8.98643911e-01 1.08921289e-01 7.57745385e-01
    1.35288388e-01 9.14124131e-01 4.94860947e-01 1.65148795e-01
    6.99284673e-02 5.59617043e-01 2.47453064e-01 5.62493265e-01
    9.33025956e-01 6.39596701e-01 3.43126416e-01 2.34701365e-01
    7.55447149e-01 7.73199081e-01 9.88423824e-04 1.60805434e-01
    6.48745894e-01 3.97482276e-01 1.78985804e-01 9.63834047e-01
    5.92050076e-01 1.39596164e-02 6.59418821e-01 9.88386393e-01
    9.21558976e-01 6.94311857e-01 7.17495382e-02 5.98189533e-01
    7.77257085e-01 8.02603364e-01 5.75964391e-01 5.03661275e-01
    7.43000329e-01 5.73578894e-01 6.80779696e-01 7.51499534e-01
    2.08396524e-01 5.41060090e-01 9.32872117e-01 9.41399932e-01
    1.77212358e-01 4.69103634e-01 3.68993402e-01 1.99645907e-01
    3.87855470e-02 4.06386942e-01 5.34088135e-01 4.04574215e-01
    6.08009696e-02 2.94497997e-01 4.38340664e-01 5.93335986e-01
    9.09960508e-01 5.59366643e-01 6.01038635e-01 1.60498857e-01
    9.78644967e-01 3.07809949e-01 2.28482991e-01 5.95632911e-01
    5.88455975e-01 9.29374099e-01 3.99699301e-01 6.04360461e-01
    8.83023977e-01 7.51383960e-01 2.38589168e-01 5.27052045e-01
    8.60366225e-01 6.17795885e-02 1.00525528e-01 5.65640867e-01
    7.37560093e-01 1.14750057e-01 1.65061563e-01 1.48427993e-01
    4.47883308e-02 3.78981590e-01 2.44940072e-01 1.73579484e-01
    1.84085965e-03 6.72152638e-01 6.84596896e-01 6.11900389e-02
    7.18612552e-01 4.99577343e-01 3.07902992e-01 4.56303924e-01
    1.21707439e-01 3.72689813e-01 2.98061669e-01 9.62667167e-02
    4.44207668e-01 8.94063830e-01 1.88540369e-01 2.43566006e-01
    3.76247317e-01 1.12311840e-01 1.31191313e-01 4.21411157e-01
    6.80292130e-01 3.19119096e-01 2.72094905e-01 9.15552378e-02
    4.21239913e-01 3.35357606e-01 5.31456232e-01 2.17283726e-01
    4.83086437e-01 5.85027635e-01 5.34037471e-01 5.07928073e-01
    5.96697748e-01 1.72748715e-01 6.79169834e-01 8.94464016e-01
    8.05847287e-01 3.69911969e-01 3.63654256e-01 3.96075308e-01
    7.92289257e-01 8.15995932e-01 9.48385239e-01 8.47993791e-01
    8.70837867e-01 7.31687307e-01 4.41150308e-01 1.04037881e-01
    9.84580815e-02 5.12538195e-01 3.30495179e-01 7.12703943e-01
    5.88247299e-01 2.58316100e-02 6.98397398e-01 3.69723052e-01
    3.86673123e-01 7.89434671e-01 5.07167637e-01 5.65088272e-01
    1.08735561e-02 8.24916959e-01 2.87819892e-01 4.88625318e-01
    2.65413254e-01 3.16597939e-01 6.72616065e-02 5.13826430e-01
    4.84217018e-01 6.24617338e-01 2.33946830e-01 4.77351576e-01
    9.25973237e-01 6.04556680e-01 2.97597766e-01 5.43435395e-01
    8.10071230e-01 3.50139380e-01 9.85326767e-01 5.32571673e-01
    1.59506321e-01 7.93686986e-01 1.67313248e-01 1.56988174e-01
    6.27550483e-01 3.74647737e-01 8.76923919e-01 7.92792439e-02
    1.22585237e-01 7.27681518e-01 4.19798851e-01 3.33072484e-01
    3.18949819e-02 4.07925487e-01 6.15944445e-01 1.43745095e-01
    9.38266039e-01 7.79509246e-01 4.03506696e-01 7.84694433e-01
    3.91422182e-01 6.67951524e-01 5.48180938e-01 3.52929831e-02
    5.39347589e-01 3.10584664e-01 3.97050649e-01 6.36670172e-01
    8.77124310e-01 7.18026221e-01 7.20546126e-01 9.87383127e-01
    1.70242280e-01 5.95629454e-01 4.45439517e-01 7.23659873e-01
    8.76690447e-02 1.10191703e-01 2.70828277e-01 2.49134004e-01
    2.10512578e-02 2.26331651e-02 7.53402531e-01 6.13008559e-01
    2.67517865e-01 3.65898430e-01 8.40103924e-02 2.14665622e-01
    9.75443721e-01 9.00629640e-01 5.75517416e-01 9.92778063e-01
    7.01873422e-01 4.33293164e-01 5.42885661e-01 5.50928295e-01
    1.19821429e-02 1.96980357e-01 4.62716699e-01 3.39914769e-01
    9.74448800e-01 5.44413149e-01 6.62147164e-01 1.58514500e-01
    2.27611363e-01 1.75008863e-01 3.75103533e-01 8.44315648e-01
    5.25613427e-01 7.70429373e-01 7.39439785e-01 1.74554914e-01
    7.18333721e-01 9.19801176e-01 9.20035899e-01 8.49312663e-01
    2.97608912e-01 5.97047865e-01 5.51783800e-01 7.27271795e-01
    5.27585387e-01 1.47085398e-01 8.82491529e-01 2.99376309e-01
    4.68713045e-03 9.43295121e-01 8.56101394e-01 9.54006433e-01
    1.43843144e-01 3.03047001e-01 4.29917604e-01 6.05321527e-01
    3.84982169e-01 5.28913200e-01 1.34951591e-01 7.50438690e-01
    1.38352752e-01 8.91351223e-01 5.07729530e-01 1.99328035e-01
    9.03799236e-02 5.28192222e-01 1.25099242e-01 6.75545812e-01
    4.60972130e-01 1.67705089e-01 9.53457713e-01 8.39271188e-01
    8.17246795e-01 4.45079505e-01 4.34185356e-01 8.22760463e-02
    7.77078450e-01 2.94134319e-01 3.71226221e-01 3.14011157e-01
    8.45132768e-01 5.50409317e-01 8.91157210e-01 9.55146432e-01
    3.23994309e-01 4.32706624e-01 3.76182258e-01 4.60198939e-01
    7.33806491e-01 9.37007427e-01 4.97938186e-01 4.71959621e-01
    1.59156501e-01 7.53343582e-01 3.20999235e-01 7.60364950e-01
    9.39929128e-01 3.52714300e-01 8.87385011e-01 3.16735148e-01
    5.35231411e-01 4.50803518e-01 4.36705112e-01 4.94251579e-01
    9.18471575e-01 1.87049508e-02 9.98916328e-02 1.53539330e-01
    8.24647367e-01 2.37108469e-02 3.23303610e-01 4.95776951e-01
    7.85339952e-01 6.77952647e-01 8.41323137e-01 5.99317729e-01
    3.72689992e-01 2.61761189e-01 1.66001886e-01 6.88630164e-01
    7.67080665e-01 6.84101403e-01 2.66065955e-01 5.64182401e-02
    2.52214670e-01 9.43367422e-01 4.98851299e-01 8.45438600e-01
    6.96021914e-02 7.39540458e-01 3.95574987e-01 4.28931534e-01
    3.52109224e-01 1.63826406e-01 9.91679430e-01 9.06829894e-01
    4.73198354e-01 6.48137450e-01 9.23618674e-02 1.68992221e-01
    7.73329139e-01 8.48928094e-03 6.97056532e-01 7.46394575e-01
    3.89663905e-01 8.05795431e-01 7.38626659e-01 4.43802804e-01
    4.19979811e-01 8.15414786e-01 5.95686793e-01 2.96666861e-01
    5.62939405e-01 5.75130701e-01 2.19289362e-02 8.05741429e-01
    4.13986236e-01 7.32209325e-01 1.32757723e-01 4.13490117e-01
    4.13550436e-01 9.88126397e-01 9.64052320e-01 1.96254343e-01
    6.45644724e-01 2.81604826e-01 8.72060359e-01 1.97580516e-01
    8.54444981e-01 6.21975183e-01 8.79818678e-01 8.33010912e-01
    3.95886987e-01 5.75480521e-01 4.49829340e-01 2.58110523e-01
    6.29677534e-01 1.99366748e-01 4.51351821e-01 4.05803800e-01
    7.33236611e-01 9.25518692e-01 2.22208858e-01 1.00176126e-01
    7.75039911e-01 3.66385221e-01 8.26487482e-01 3.83478433e-01
    8.30181062e-01 1.96576834e-01 6.95968747e-01 3.19182754e-01
    3.94286454e-01 2.04960912e-01 5.47242701e-01 2.18247354e-01
    1.05259329e-01 8.36893797e-01 3.54828894e-01 7.96977162e-01
    1.79132462e-01 9.48647380e-01 9.27851558e-01 1.38371319e-01
    9.80358899e-01 1.33532614e-01 1.27012312e-01 1.79569215e-01
    8.67290616e-01 4.02775109e-01 5.25536180e-01 8.74189854e-01
    6.79320157e-01 3.97113949e-01 8.28914404e-01 2.01910347e-01
    7.59855866e-01 9.97476459e-01 3.50101292e-01 1.90413684e-01
    4.80578184e-01 8.49456549e-01 7.37922370e-01 7.23960280e-01
    2.12814897e-01 9.76622283e-01 1.53220981e-01 6.11047983e-01
    7.03223288e-01 1.50836110e-01 6.02652550e-01 6.51204586e-01
    7.14503527e-01 3.47456455e-01 7.28199005e-01 7.39856362e-01
    6.47383213e-01 4.30915862e-01 7.98256457e-01 8.38562965e-01
    2.26186395e-01 7.07266629e-01 4.31916326e-01 2.99359798e-01
    2.24778980e-01 6.71358466e-01 1.76943868e-01 3.85477185e-01
    9.27661777e-01 7.31515050e-01 7.37540066e-01 9.57865596e-01
    6.41040385e-01 8.78308773e-01 7.64758229e-01 9.70144391e-01
    1.89367622e-01 7.68105924e-01 9.17198896e-01 7.23185301e-01
    3.60003114e-01 9.96604800e-01 5.96994877e-01 7.17792273e-01
    3.26194733e-01 3.68186772e-01 8.89279008e-01 7.84012377e-02
    3.65653038e-01 2.08147138e-01 2.48285264e-01 8.88528109e-01
    8.76361489e-01 7.51174569e-01 3.44922543e-02 1.99099034e-01
    7.26869941e-01 7.18222260e-02 6.75534070e-01 3.87532145e-01
    9.33486342e-01 4.84832197e-01 3.50445032e-01 5.71235776e-01
    4.91978973e-01 6.38655782e-01 5.24931908e-01 2.46506125e-01
    2.22437412e-01 7.92788148e-01 5.25810003e-01 2.59739488e-01
    3.81685525e-01 5.94423056e-01 6.16902113e-03 7.00218976e-01
    6.79239810e-01 6.69564366e-01 2.52583265e-01 1.60515308e-03
    6.24540210e-01 7.28517115e-01 3.23504090e-01 9.35974360e-01
    1.27598286e-01 6.16375029e-01 5.41903257e-01 2.79454529e-01
    5.95988929e-01 7.66714931e-01 8.60891521e-01 7.71865845e-01
    6.83649778e-02 7.13474154e-02 7.05990613e-01 8.85090113e-01
    6.41444206e-01 4.21563357e-01 1.31546289e-01 5.81250489e-02
    1.70847028e-01 4.70539480e-01 7.29360282e-02 4.49248046e-01
    9.42118526e-01 2.30053455e-01 4.09209222e-01 8.14043880e-01
    3.35906386e-01 3.65832746e-02 1.19744003e-01 2.47095555e-01
    9.69067514e-01 2.36736894e-01 7.40252435e-01 5.93981147e-01
    1.57084316e-01 3.36591929e-01 3.17549288e-01 7.96424031e-01
    4.28125739e-01 6.10876381e-01 8.99786890e-01 9.67973113e-01
    4.11178917e-01 3.07956040e-01 8.29182923e-01 4.25746679e-01
    7.97921538e-01 9.04638886e-01 7.89007604e-01 8.90918255e-01
    7.23245919e-01 7.81368494e-01 7.34036207e-01 3.34958196e-01
    2.39557773e-01 6.16427720e-01 4.60664034e-02 9.50881958e-01
    7.22311735e-01 8.57675612e-01 4.79410082e-01 8.15257311e-01
    9.95136380e-01 9.48996663e-01 7.72547722e-02 8.67176175e-01
    6.59093857e-01 6.30559564e-01 2.50816673e-01 3.22656214e-01
    7.48341680e-01 3.59673500e-01 5.23941994e-01 4.80816871e-01
    6.78024590e-01 9.52309847e-01 1.09112382e-01 3.27144057e-01
    8.98378611e-01 4.73070979e-01 9.63706970e-01 6.50998831e-01
    7.85855114e-01 2.42257804e-01 6.81023002e-02 4.21253622e-01
    5.02683759e-01 2.38930047e-01 1.55652255e-01 2.18408108e-01
    5.45736074e-01 3.97422969e-01 4.45969701e-02 2.91016132e-01
    5.83788157e-02 3.53552818e-01 8.54669809e-01 4.73271310e-02
    7.32797623e-01 8.49529862e-01 9.61239219e-01 9.15507197e-01
    9.01795626e-01 4.08006370e-01 7.62936950e-01 1.82598352e-01
    7.18339086e-02 8.59346867e-01 2.02014416e-01 8.04141879e-01
    4.10175681e-01 1.60803378e-01 5.03170490e-01 1.66108191e-01
    9.51480806e-01 8.58256340e-01 5.35876751e-02 6.48680091e-01
    5.13001800e-01 8.89567018e-01 8.82947087e-01 3.14051569e-01
    8.23848009e-01 8.25713217e-01 7.09119201e-01 1.55684024e-01
    1.61945254e-01 2.04102367e-01 9.25499499e-02 8.14947784e-01
    8.94911408e-01 3.41261804e-01 2.01886058e-01 4.17561978e-01
    1.25984997e-01 7.99705327e-01 9.30707455e-01 1.01681918e-01
    8.88707936e-01 2.11286843e-01 8.34289312e-01 1.38655573e-01
    6.58483684e-01 1.02549225e-01 6.96808100e-02 4.88967001e-01
    8.43692720e-01 9.47478056e-01 8.42742145e-01 6.50004864e-01
    9.73371565e-02 6.15264416e-01 1.59765661e-01 5.66476882e-01
    9.59379971e-02 1.32823318e-01 4.28219140e-02 9.02959347e-01
    5.90463877e-01 2.37326950e-01 7.51791716e-01 8.50106776e-02
    9.85595703e-01 6.19825244e-01 8.36638331e-01 9.24426615e-01
    4.92309719e-01 3.66402984e-01 3.98496866e-01 5.14460206e-01
    3.79050672e-01 6.75212622e-01 5.33571124e-01 4.86876339e-01
    4.54491585e-01 8.29303682e-01 1.25325590e-01 6.57010078e-02
    5.93684375e-01 5.82978308e-01 6.27125800e-02 2.28011757e-01
    8.22710216e-01 6.31031990e-01 2.89833605e-01 1.46529734e-01
    9.30683374e-01 5.59014618e-01 8.73863101e-01 6.11901879e-01
    1.65492862e-01 7.85252333e-01 8.96516800e-01 3.62518579e-01
    9.84481335e-01 2.72805750e-01 9.44136560e-01 9.91625488e-02
    7.40676463e-01 4.70063835e-01 2.54022598e-01 5.47574222e-01
    8.12516212e-02 6.63205862e-01 2.44160861e-01 1.76363260e-01
    3.23118210e-01 4.39612240e-01 3.85492057e-01 5.95753491e-01
    1.62367880e-01 8.49898756e-01 8.06939960e-01 1.79341465e-01
    5.47180176e-01 9.69266057e-01 3.30826998e-01 6.65299296e-01
    5.55072129e-02 3.04044187e-02 5.52586257e-01 8.36197019e-01
    9.50105190e-01 7.32214391e-01 5.75928986e-01 9.67716813e-01
    5.17572880e-01 3.23954105e-01 2.12149501e-01 3.30226302e-01
    2.32479364e-01 7.31645942e-01 1.37694001e-01 5.85971713e-01
    3.73550057e-01 5.20923913e-01 5.29615521e-01 7.67145753e-01
    9.15193081e-01 6.81990802e-01 3.21493596e-01 3.87327820e-01
    7.70060420e-01 5.07310033e-01 8.62585425e-01 6.88371062e-01
    9.52367842e-01 5.25305808e-01 8.03614497e-01 7.95808554e-01
    1.14632547e-02 3.63653958e-01 6.29427671e-01 1.29716337e-01
    2.14818418e-02 6.05107367e-01 1.95528895e-01 7.89042711e-01
    1.59731388e-01 2.83585787e-02 2.26192653e-01 4.94824231e-01
    6.68559194e-01 4.95889217e-01 3.00393760e-01 9.15457368e-01
    6.25936389e-01 3.63344461e-01 7.78768420e-01 3.03973138e-01
    4.82993782e-01 6.46708608e-01 6.67693615e-01 1.93061501e-01
    1.45300418e-01 7.15208650e-01 8.41878057e-02 2.48584151e-03
    4.32946473e-01 8.50752950e-01 2.49157608e-01 4.53951836e-01
    1.38799667e-01 1.77497536e-01 2.95535564e-01 1.28628135e-01
    2.96968311e-01 7.34866679e-01 4.73343283e-01 1.70799136e-01
    5.59867740e-01 1.98387206e-01 2.73257107e-01 3.23203444e-01
    8.48932385e-01 5.69864392e-01 4.08077300e-01 3.64180148e-01
    8.40389609e-01 5.16710997e-01 9.26191747e-01 5.43559074e-01
    5.02094507e-01 4.10365939e-01 5.27118385e-01 7.96304345e-01
    7.12453723e-01 3.52707982e-01 7.25503206e-01 4.01985615e-01
    3.71066183e-01 5.99262238e-01 6.07761919e-01 6.96909249e-01
    6.78012788e-01 4.08620179e-01 3.21306795e-01 9.14956450e-01
    5.62768757e-01 3.13297063e-01 1.76954299e-01 2.78279603e-01
    3.00916851e-01 3.20891440e-01 9.22401786e-01 1.77245110e-01
    2.96962321e-01 9.25991595e-01 5.70828497e-01 2.23256826e-01
    4.51573461e-01 5.71996212e-01 3.50502998e-01 9.34778929e-01
    6.54435754e-02 1.84088022e-01 6.32964492e-01 8.81489336e-01
    9.04034019e-01 6.57369316e-01 5.61736882e-01 7.97545671e-01
    3.34095120e-01 1.01697266e-01 4.02887881e-01 1.28588468e-01
    4.98165727e-01 9.80545759e-01 1.80245727e-01 7.99363136e-01
    8.48611236e-01 2.13934690e-01 3.37190270e-01 2.59962350e-01
    7.81098843e-01 8.82995486e-01 1.74587935e-01 1.51824653e-01
    7.40856409e-01 6.18568420e-01 5.39092720e-01 9.34996963e-01
    2.05278486e-01 7.36801326e-01 8.73876691e-01 7.22761691e-01
    1.93150699e-01 9.80459452e-01 1.70111835e-01 9.17426586e-01
    2.02911317e-01 3.62412572e-01 7.64751077e-01 8.22515488e-01
    3.45220566e-01 5.55653751e-01 1.25052810e-01 9.39038277e-01
    7.29321122e-01 3.91505718e-01 5.71381748e-01 3.99547368e-01
    3.84027660e-01 3.96757513e-01 2.30263531e-01 1.39439583e-01
    8.52487922e-01 2.21614689e-01 6.90406799e-01 9.12362039e-01
    5.68739712e-01 9.59909022e-01 8.72805238e-01 7.22367465e-01
    1.80580318e-02 1.94111615e-01 1.81689382e-01 7.87430406e-01
    7.34804153e-01 5.14171183e-01 1.28590465e-01 2.65574634e-01
    8.41100872e-01 1.19432092e-01 7.33753443e-01 6.62766933e-01
    2.77012557e-01 7.95724988e-03 7.61398911e-01 7.21922934e-01
    9.67356324e-01 7.51969695e-01 4.40850496e-01 8.22140217e-01
    2.64346898e-01 9.23931479e-01 8.42636049e-01 9.81180072e-01
    9.63649154e-02 8.84407043e-01 1.68497264e-02 3.57612014e-01
    9.33923244e-01 9.70918357e-01 2.59629667e-01 8.13144207e-01
    5.33326685e-01 1.65053219e-01 1.33231699e-01 8.18867803e-01
    5.17110527e-02 1.33521706e-01 9.78101194e-02 9.79623795e-01
    8.37061763e-01 8.29707325e-01 8.23567271e-01 2.22819239e-01
    6.61869287e-01 6.20721579e-02 4.28430051e-01 9.56404746e-01
    1.53233230e-01 4.15033340e-01 5.67261159e-01 5.69211304e-01
    5.82899153e-01 1.59019977e-01 3.88637900e-01 7.54344583e-01
    4.82879698e-01 9.56224561e-01 9.10872161e-01 6.02593005e-01
    7.56314814e-01 9.70352054e-01 8.08602691e-01 7.62170970e-01
    4.81183499e-01 5.32842040e-01 2.61666119e-01 6.67267323e-01
    7.08034515e-01 5.68047643e-01 1.50946379e-01 8.13302934e-01
    7.65116215e-02 7.18004704e-01 1.36952400e-02 5.90965152e-01
    5.50393045e-01 8.69505286e-01 6.49357498e-01 4.27503496e-01
    4.75087970e-01 7.29687929e-01 7.58457661e-01 2.88833976e-01
    5.67413568e-01 3.64759505e-01 1.73320174e-02 4.40132916e-01
    5.87905943e-01 5.44173300e-01 4.70016271e-01 1.40928537e-01
    8.67365718e-01 2.21088171e-01 1.82201892e-01 5.11112988e-01
    7.50331581e-01 8.92780781e-01 6.33076429e-01 9.04625893e-01
    3.78058851e-01 4.82966930e-01 6.56370461e-01 6.06365502e-01
    7.70288944e-01 8.21168363e-01 7.79847682e-01 7.07763910e-01
    6.81511462e-02 7.26370573e-01 6.02617323e-01 3.27013671e-01
    6.78506315e-01 5.83775043e-01 5.15151620e-01 1.06097221e-01
    4.22627032e-02 7.86016703e-01 8.73768330e-02 4.97957438e-01
    3.82867783e-01 1.00332201e-02 2.41837531e-01 1.20047271e-01
    3.82668823e-01 1.63911581e-02 6.21436179e-01 6.10705316e-01
    2.18060285e-01 8.45298588e-01 8.41473699e-01 9.67474699e-01
    4.61952448e-01 1.13835663e-01 6.94177747e-01 3.26055110e-01
    1.20010227e-01 5.15280485e-01 1.19352639e-02 1.47225410e-01
    8.25493336e-01 7.58729756e-01 9.39335346e-01 7.14462698e-01
    1.34530663e-02 2.05159366e-01 3.30379605e-03 9.24623013e-03
    5.01801550e-01 6.71562552e-01 2.44313747e-01 9.27143753e-01
    2.70196140e-01 4.01324213e-01 4.09987181e-01 6.28630280e-01
    7.12069988e-01 2.57414222e-01 3.01528633e-01 5.68620145e-01
    4.31084573e-01 5.36116838e-01 4.57578182e-01 7.65779436e-01
    2.95518816e-01 2.74849355e-01 4.18313116e-01 8.18018079e-01
    6.55462027e-01 6.28499389e-02 4.48367417e-01 7.82945871e-01
    5.40216088e-01 6.12342000e-01 5.21081090e-01 5.75298071e-02
    6.31614923e-01 6.74159169e-01 3.32701206e-03 3.01857531e-01
    5.74812293e-01 5.48216581e-01 9.23899114e-01 5.14995337e-01
    5.48810780e-01 1.18670076e-01 6.72747493e-01 4.13597167e-01
    4.53342468e-01 3.94748330e-01 2.06969619e-01 1.72167987e-01
    1.27652943e-01 4.15980995e-01 7.29955673e-01 8.55139375e-01
    7.73713231e-01 5.46427011e-01 3.88666213e-01 6.21247590e-01
    9.73554552e-02 9.35213327e-01 4.56471652e-01 8.53789330e-01
    4.94950682e-01 9.66766000e-01 4.65601116e-01 5.21025956e-01
    7.60843396e-01 8.43329906e-01 1.93777472e-01 2.74594247e-01
    7.83712864e-01 7.33438790e-01 4.41241741e-01 8.11291099e-01
    7.02659488e-01 4.01054263e-01 3.83910537e-03 5.46401501e-01
    1.52373016e-01 9.60463285e-02 2.37142503e-01 5.43971181e-01
    5.03438175e-01 6.55378163e-01 2.87428379e-01 5.99225342e-01
    1.06433243e-01 8.16426098e-01 8.25048327e-01 7.90991306e-01
    8.37138057e-01 9.12251055e-01 1.57776475e-01 5.64884841e-01
    4.71175313e-01 3.26108098e-01 2.95785308e-01 4.05771524e-01
    6.84653044e-01 2.83673555e-01 9.30459976e-01 3.19857001e-02
    9.32829261e-01 7.54217386e-01 8.37580204e-01 2.18556970e-01
    3.89772385e-01 8.75082850e-01 6.20848238e-01 3.73506457e-01
    8.53667200e-01 1.62770599e-01 1.64755017e-01 1.27382547e-01
    4.20073003e-01 3.38116795e-01 9.59574938e-01 4.31658089e-01
    7.03995407e-01 6.32639229e-01 3.88384521e-01 6.74525082e-01
    6.33320630e-01 6.17054164e-01 7.86382198e-01 2.92193055e-01
    6.17962062e-01 9.77100790e-01 1.37738585e-01 6.34588003e-02
    5.04264414e-01 9.13417101e-01 2.72687435e-01 4.39264238e-01
    4.23116177e-01 2.37239450e-01 1.97605461e-01 5.88981390e-01
    4.22771305e-01 3.16129446e-01 6.49808407e-01 7.49909282e-01
    2.29279876e-01 4.38837081e-01 6.46152318e-01 3.92610639e-01
    6.21209264e-01 7.04815626e-01 3.24376106e-01 4.67165291e-01
    2.77737677e-01 3.88269871e-01 9.12140250e-01 2.69448280e-01
    7.17547357e-01 9.30868387e-01 4.98861939e-01 6.35124743e-01
    4.70637351e-01 8.79864693e-01 5.06050587e-02 6.22175336e-02
    8.64652395e-01 8.60872865e-03 8.35220337e-01 6.56156898e-01
    9.94676590e-01 6.20594800e-01 6.08589888e-01 3.47591251e-01
    7.95435429e-01 8.90597343e-01 6.25009060e-01 9.75367785e-01
    9.65608358e-01 2.22365588e-01 7.33121276e-01 9.99426484e-01
    8.12828422e-01 8.39296401e-01 8.68679643e-01 3.45111758e-01
    4.44804609e-01 2.94121265e-01 3.37666631e-01 1.34041131e-01
    9.77169812e-01 3.16294432e-02 8.00311685e-01 6.95582867e-01
    9.40366685e-01 5.08024693e-02 5.20978212e-01 1.47491485e-01
    8.08051109e-01 8.33841085e-01 6.70108318e-01 4.70718771e-01
    5.35848916e-01 6.66442394e-01 3.62777054e-01 8.35424185e-01
    9.90281105e-01 1.61252916e-02 4.03967500e-01 5.22019327e-01
    4.11764979e-02 5.66566288e-01 5.99033177e-01 5.56288183e-01
    5.13709962e-01 8.93396974e-01 9.58724618e-01 3.63126904e-01
    6.77130938e-01 5.86438894e-01 6.54658914e-01 5.49071670e-01
    2.33020723e-01 5.82316220e-02 9.28365946e-01 1.36060625e-01
    1.70650661e-01 6.90422773e-01 3.08581471e-01 8.86437535e-01
    2.83495426e-01 7.33397722e-01 2.59112120e-02 4.86637473e-01
    7.75483727e-01 1.63455665e-01 1.16311014e-01 4.04675275e-01
    7.55513012e-02 7.00560570e-01 7.36960173e-01 4.62989569e-01
    8.51983786e-01 1.44488037e-01 3.49745512e-01 8.32504392e-01
    2.22059488e-01 8.75326872e-01 9.36291277e-01 3.91630650e-01
    5.55891097e-02 3.48122716e-02 4.32452112e-01 6.54821396e-02
    9.27668989e-01 8.25902820e-02 3.55118871e-01 7.83471942e-01
    4.22889024e-01 4.33022261e-01 9.37393427e-01 5.19001424e-01
    4.34132695e-01 8.18263113e-01 3.88446867e-01 6.07060015e-01
    6.11255765e-02 7.06570983e-01 3.84781182e-01 9.77031469e-01
    3.10436964e-01 4.37403023e-01 6.55532897e-01 3.70614290e-01
    3.55535328e-01 1.38570160e-01 1.22498572e-02 9.58440602e-02
    6.72113240e-01 4.13034379e-01 9.01083231e-01 9.70821142e-01
    2.95239508e-01 1.24423504e-02 8.26773763e-01 1.67778730e-01
    6.78359509e-01 2.12265730e-01 6.52993798e-01 6.96879387e-01
    5.47316492e-01 5.34380853e-01 6.52359486e-01 9.41967070e-01
    2.00226039e-01 8.37039351e-01 7.36189246e-01 9.23960447e-01
    9.36359882e-01 3.41926932e-01 8.43273282e-01 1.77388489e-02
    5.07893443e-01 6.91122830e-01 3.02365124e-01 2.87039876e-02
    3.25466514e-01 8.00942779e-01 1.94605261e-01 9.03884470e-02
    3.86700183e-01 9.31213737e-01 5.25991261e-01 9.97949541e-01
    1.22340709e-01 6.68412089e-01 1.36477441e-01 3.88478875e-01
    7.90659904e-01 1.53468519e-01 4.01698649e-01 5.70830703e-01
    7.87379801e-01 9.59449649e-01 8.25636387e-01 4.35550690e-01
    6.70711398e-01 6.55033112e-01 1.27056062e-01 7.61768818e-01
    7.12090492e-01 5.02731562e-01 6.71883225e-02 3.54198068e-01
    6.13601685e-01 8.27035666e-01 6.03152156e-01 3.03787261e-01
    6.72083974e-01 1.62441105e-01 3.49548876e-01 7.27917433e-01
    7.82144427e-01 3.70189816e-01 5.82837462e-01 6.62599206e-01
    3.95232111e-01 2.77961910e-01 5.97753823e-01 3.79934043e-01
    6.27647221e-01 7.86145210e-01 1.58230603e-01 4.28691834e-01
    1.05367869e-01 1.41588360e-01 2.57805109e-01 1.80300891e-01
    2.25286841e-01 8.19777310e-01 3.72768670e-01 8.89473021e-01
    5.17526984e-01 8.63465309e-01 4.80731249e-01 5.32708347e-01
    5.17891467e-01 5.33027649e-01 4.90541071e-01 5.61765492e-01
    1.54378116e-01 7.84269094e-01 6.36479139e-01 1.31465197e-02
    6.37298644e-01 4.94539261e-01 6.92499459e-01 9.48450565e-02
    8.64202917e-01 2.73153961e-01 1.86302334e-01 8.70004892e-02
    8.71758521e-01 8.02206457e-01 9.56314921e-01 3.13773215e-01
    7.63502359e-01 1.75423622e-01 7.32792139e-01 2.52652436e-01
    1.95166230e-01 5.91348648e-01 7.26540327e-01 4.13384914e-01
    5.40623784e-01 6.32349968e-01 2.09383160e-01 8.79777491e-01
    3.99782896e-01 1.86292142e-01 5.35566986e-01 3.36931050e-01
    5.84439397e-01 7.76893497e-01 3.41749579e-01 7.26743996e-01
    3.85588557e-01 3.53621811e-01 4.11325574e-01 4.87982899e-01
    9.25298333e-02 6.43351078e-01 4.25425708e-01 3.25540006e-01
    8.48906338e-02 8.95182371e-01 5.17366290e-01 9.06060874e-01
    9.59065557e-01 9.79977369e-01 1.30448878e-01 1.55240566e-01
    3.90903294e-01 4.11395192e-01 8.17584276e-01 7.55496144e-01
    6.58401132e-01 3.40533733e-01 9.34121609e-01 4.70212847e-01
    6.95619583e-01 6.01836503e-01 1.29050404e-01 5.07110596e-01
    2.09679872e-01 6.19714856e-02 4.81650561e-01 9.94177341e-01
    6.61586821e-01 6.82681918e-01 9.32015300e-01 2.40533412e-01
    2.68706858e-01 4.68711555e-02 3.79596591e-01 5.20861030e-01
    1.31210715e-01 9.57427263e-01 1.40694082e-02 8.60484481e-01
    1.20087117e-01 7.48095810e-01 2.15376824e-01 9.18740392e-01
    4.45337027e-01 8.55619907e-01 1.68132931e-01 6.43933713e-01
    2.09838152e-02 3.92539859e-01 9.52456832e-01 2.12804288e-01
    2.44310826e-01 4.61388826e-02 7.07955480e-01 1.58354521e-01
    8.51049423e-01 3.92960787e-01 5.26689172e-01 9.27478909e-01
    6.56684339e-02 8.43793154e-02 1.71637565e-01 3.00303847e-01
    7.54487157e-01 5.17553568e-01 3.19803029e-01 1.95567548e-01
    7.20137358e-01 1.90569311e-01 5.49958169e-01 1.79705024e-02
    3.58464956e-01 9.52099800e-01 4.21025932e-01 8.43136907e-02
    1.75711244e-01 4.06742930e-01 8.80536199e-01 3.25833231e-01
    5.29337466e-01 3.47378403e-01 6.12097144e-01 4.75710005e-01
    3.37409735e-01 4.34886813e-01 2.80972451e-01 5.19096017e-01
    3.20708632e-01 9.72472787e-01 2.89343894e-01 1.26949459e-01
    5.65671682e-01 3.79939377e-01 8.78980041e-01 8.93289506e-01
    3.06474149e-01 4.61152762e-01 9.04782593e-01 3.43823045e-01
    6.79062307e-01 5.00794291e-01 1.66570514e-01 7.99256742e-01
    4.35190797e-01 6.34624243e-01 7.22899735e-01 8.04665387e-02
    7.17057526e-01 1.45316333e-01 3.31859142e-01 8.19857776e-01
    7.59287179e-02 4.21004921e-01 4.40453112e-01 3.87781352e-01
    9.11605120e-01 6.04699075e-01 4.18252587e-01 2.69741178e-01
    8.92152488e-02 6.98262155e-01 6.90931082e-02 8.93653274e-01
    3.51393372e-01 6.66184068e-01 4.29380983e-01 5.27689040e-01
    4.75537956e-01 4.54310179e-01 3.53057504e-01 2.46998310e-01
    4.40460712e-01 6.35259867e-01 9.15491939e-01 5.89821517e-01
    5.06596029e-01 9.01127934e-01 5.48619747e-01 9.18525100e-01
    8.49043131e-02 3.25164974e-01 3.10762256e-01 3.52977693e-01
    3.22485387e-01 4.53838319e-01 4.19286191e-02 9.33330536e-01
    2.74371505e-02 8.57516825e-01 7.61989236e-01 4.29660529e-01
    8.28654349e-01 9.06060338e-01 3.94540131e-01 1.24556780e-01
    8.21934521e-01 5.33458829e-01 4.13943976e-01 2.80312598e-01
    2.95825452e-01 7.88193345e-01 9.48791862e-01 6.85294867e-01
    1.71271563e-01 4.02158141e-01 7.38840103e-01 1.22120261e-01
    5.88280618e-01 4.71967846e-01 5.68330228e-01 7.30999470e-01
    8.49730849e-01 2.76449889e-01 5.56784213e-01 7.70091593e-01
    5.30422151e-01 5.80868125e-02 6.88775241e-01 7.86495328e-01
    9.53242302e-01 6.85823381e-01 6.92829132e-01 3.88392448e-01
    2.10778713e-01 5.17456055e-01 6.46930218e-01 2.95708597e-01
    5.31808019e-01 9.35018539e-01 3.65134180e-02 6.61110401e-01
    2.83462822e-01 8.32047462e-01 2.96001136e-01 5.94435513e-01
    9.44729447e-02 3.38739157e-02 9.07297730e-02 3.81601661e-01
    9.29212868e-01 9.72765923e-01 5.67690432e-01 6.32897735e-01
    3.65214765e-01 5.02883375e-01 7.74342120e-01 6.51882172e-01
    4.42937493e-01 6.07631266e-01 8.22844088e-01 7.28236675e-01
    2.94178069e-01 3.39789510e-01 6.50206566e-01 1.06469721e-01
    9.45193052e-01 2.77640045e-01 9.42444086e-01 8.96267593e-02
    1.47723049e-01 1.55362427e-01 6.95237637e-01 9.41323936e-02
    1.60223544e-02 2.53623039e-01 7.71248579e-01 1.90940470e-01
    8.60272825e-01 5.90121806e-01 9.47434247e-01 2.77428389e-01
    5.47968686e-01 9.93873537e-01 4.39786106e-01 9.37563419e-01
    1.20218724e-01 2.62060761e-01 8.15759897e-02 5.49068630e-01
    4.39776242e-01 5.56553721e-01 3.16933155e-01 3.94722700e-01
    2.91826427e-02 2.31334955e-01 7.58146942e-01 3.42376232e-01
    2.97721028e-01 1.53899968e-01 3.05381715e-02 1.22129530e-01
    4.66569364e-01 7.15864301e-02 8.36636543e-01 5.40014029e-01
    2.86910713e-01 3.99613649e-01 8.10290575e-01 5.18747449e-01
    7.17020750e-01 4.94564950e-01 8.82559776e-01 8.70138645e-01
    8.30691159e-02 3.74596447e-01 7.09484518e-01 9.24336791e-01
    6.83232188e-01 4.09634590e-01 1.35593981e-01 3.80327404e-01
    2.49124885e-01 7.29534984e-01 3.39747310e-01 4.06005710e-01
    2.65703499e-01 2.21408159e-01 4.11110818e-01 1.19284451e-01
    8.17586780e-01 4.77963597e-01 6.87751889e-01 3.40545118e-01
    6.77087784e-01 2.37311989e-01 8.12899768e-02 9.09450173e-01
    4.27825242e-01 5.71456790e-01 8.95538628e-01 8.32564473e-01
    6.38622642e-01 5.80518663e-01 8.30093503e-01 8.94210219e-01
    7.67378807e-01 3.98154020e-01 7.41429269e-01 7.65789986e-01
    9.15667534e-01 4.66128439e-01 8.49578142e-01 2.01434672e-01
    6.46662354e-01 2.80818582e-01 6.85655713e-01 9.50621963e-01
    5.27257681e-01 2.12596804e-01 5.26759982e-01 6.66349947e-01
    5.92541635e-01 8.70335996e-02 1.44700855e-01 1.32668912e-02
    3.19105268e-01 9.37986732e-01 4.31093067e-01 6.33583188e-01
    7.47759163e-01 2.08187610e-01 2.89018124e-01 7.04518795e-01
    8.95891249e-01 2.15868056e-01 4.86409277e-01 7.92095602e-01
    7.76100159e-03 8.39836001e-01 8.96677256e-01 8.45551312e-01
    9.19969857e-01 8.87254238e-01 8.59772205e-01 8.14938664e-01
    6.32873416e-01 7.63178349e-01 2.36394197e-01 6.94250703e-01
    4.54818696e-01 4.63829041e-01 3.32590163e-01 5.78340292e-01
    7.99822688e-01 3.56448740e-01 2.81916291e-01 7.83147812e-01
    8.41139674e-01 6.27796590e-01 8.52560520e-01 9.48927939e-01
    1.17359817e-01 5.40156841e-01 6.15584850e-02 6.02218926e-01
    4.80764061e-01 9.49300647e-01 6.04713202e-01 1.97749168e-01
    8.59667003e-01 3.61803830e-01 4.01455045e-01 8.12695980e-01
    2.13006735e-02 6.64540231e-02 3.15812230e-03 1.52830899e-01
    5.50808370e-01 6.65862620e-01 8.05985570e-01 7.47843504e-01
    2.22924501e-01 7.36342132e-01 3.81654203e-02 8.56892169e-02
    9.07383621e-01 7.24316359e-01 8.38418245e-01 3.38363707e-01
    2.50520647e-01 5.52174568e-01 9.03379619e-01 7.90919602e-01
    7.44166255e-01 7.42080867e-01 7.39120901e-01 6.73143268e-01
    2.32697666e-01 5.54641366e-01 7.15460956e-01 4.67148542e-01
    5.33557892e-01 4.70895827e-01 6.33961260e-02 5.31944215e-01
    5.45650899e-01 4.21061426e-01 2.60729551e-01 7.29391038e-01
    6.25934005e-01 6.37432814e-01 8.28194618e-02 4.17594641e-01
    5.16348779e-01 8.18817317e-01 2.13956088e-01 7.13288903e-01
    9.85182762e-01 3.05728763e-01 1.88260138e-01 9.82925892e-01
    9.94964480e-01 2.61127651e-01 2.19176978e-01 2.35269904e-01
    7.47663915e-01 5.11926115e-01 9.11635220e-01 7.37312973e-01
    6.06864035e-01 7.56151676e-01 7.67565250e-01 1.35336190e-01
    4.73214537e-01 7.02131629e-01 9.20241773e-01 7.91031122e-02
    2.19371140e-01 3.29106927e-01 7.94926465e-01 9.10316586e-01
    7.63887823e-01 9.86271024e-01 3.09967846e-01 7.34045684e-01
    5.49850464e-01 4.84205037e-01 4.97943789e-01 7.94264376e-01
    2.82396674e-01 9.02396798e-01 2.22594857e-01 8.29905868e-02
    9.19459820e-01 3.59804183e-01 7.72383213e-02 9.25237060e-01
    6.20324612e-01 2.73079604e-01 9.10532296e-01 4.60679829e-01
    6.56964600e-01 3.18715394e-01 5.81760228e-01 3.73581409e-01
    5.45072615e-01 3.07608366e-01 4.36324120e-01 2.91782618e-02
    8.60064149e-01 9.03385878e-01 2.99986422e-01 3.91590357e-01
    7.54100442e-01 3.60373914e-01 7.98366070e-01 6.93066478e-01
    1.30730718e-01 8.27846825e-01 8.80401134e-01 3.54496688e-01
    4.79109496e-01 3.82258773e-01 5.11305511e-01 4.03539479e-01
    7.68577456e-01 6.86845660e-01 4.59076285e-01 9.26965177e-02
    3.15820664e-01 4.00890261e-01 1.01388097e-01 2.30881333e-01
    6.13603234e-01 3.60501140e-01 2.37492859e-01 1.62510961e-01
    4.52913821e-01 5.59381485e-01 9.91830230e-01 1.53594285e-01
    4.36931908e-01 1.11638904e-02 2.66952902e-01 4.03042436e-02
    3.23058903e-01 6.35232925e-01 2.15975732e-01 4.71450180e-01
    6.06754661e-01 6.90988660e-01 9.77552533e-01 8.94101501e-01
    3.73769403e-01 6.10986233e-01 3.02796364e-02 9.71841693e-01
    6.14967346e-02 3.21057290e-01 8.01796436e-01 4.82174605e-01
    2.01554626e-01 9.89055574e-01 1.52811587e-01 1.00476474e-01
    5.67257702e-02 4.59384322e-01 7.39394367e-01 4.92022932e-02
    5.14175236e-01 4.52970028e-01 3.03702414e-01 8.49468768e-01
    4.78170574e-01 9.19921935e-01 3.95372540e-01 1.27722681e-01
    8.12757969e-01 8.94950688e-01 9.32098746e-01 9.13633466e-01
    4.97599870e-01 9.23710108e-01 6.71285927e-01 3.96998733e-01
    7.95926750e-02 2.63948977e-01 7.19850957e-02 7.97468424e-02
    1.67710930e-01 7.25929022e-01 1.10465556e-01 1.47383481e-01
    2.95529306e-01 5.56482136e-01 2.88682580e-01 6.66252077e-01
    3.71695995e-01 8.08671772e-01 3.65107894e-01 5.62877059e-01
    5.52516997e-01 6.62517786e-01 1.72403634e-01 2.62992203e-01
    4.56990302e-01 1.90112114e-01 4.04280543e-01 8.97368789e-01
    8.62122357e-01 3.34122896e-01 9.41241145e-01 7.96603918e-01
    3.37004602e-01 5.34181476e-01 9.08312321e-01 5.78732967e-01
    2.49188036e-01 7.14303613e-01 1.57446861e-01 7.54075408e-01
    9.23916459e-01 6.16919160e-01 9.15156305e-02 8.88343334e-01
    1.17325693e-01 3.31883997e-01 3.77764225e-01 3.76943678e-01
    4.28842604e-02 3.76744062e-01 6.10244930e-01 6.92666888e-01
    1.82303011e-01 3.35067511e-01 2.33522952e-02 4.72391844e-01
    9.64760065e-01 5.63268363e-02 5.91596067e-01 3.05264592e-01
    5.22352755e-01 3.20188433e-01 5.77993929e-01 2.60169506e-01
    1.12763971e-01 4.69029695e-01 6.68679297e-01 1.22337490e-01
    3.12223464e-01 1.61755115e-01 7.98219383e-01 4.46800828e-01
    3.92560482e-01 8.24717641e-01 9.08535957e-01 2.61969805e-01
    9.03550684e-02 3.99567366e-01 4.43943709e-01 8.82234454e-01
    2.70010382e-01 3.93402010e-01 1.32220596e-01 1.57519400e-01
    8.58641863e-01 2.48168349e-01 7.49998868e-01 6.88574433e-01
    6.74674451e-01 5.73211312e-01 7.27548420e-01 7.73561299e-02
    9.14655089e-01 6.15857780e-01 1.04704708e-01 8.04011464e-01
    4.02061552e-01 2.89600134e-01 2.75613964e-02 3.35549593e-01
    8.35373759e-01 6.08536601e-01 5.33476233e-01 6.28789663e-01
    7.78756261e-01 4.76597220e-01 2.81975687e-01 3.35846543e-01
    9.83135819e-01 2.95624256e-01 8.00301015e-01 9.61401463e-01
    2.73781806e-01 6.27393723e-02 2.87176430e-01 3.36121619e-02
    8.28872561e-01 5.45537651e-01 4.10976201e-01 6.10790789e-01
    8.37900579e-01 1.69482052e-01 1.92771614e-01 1.91825211e-01
    7.58674443e-02 2.87625194e-03 8.44397962e-01 5.33746898e-01
    7.46467292e-01 9.47300553e-01 5.38296163e-01 3.84141088e-01
    1.15228087e-01 5.53608060e-01 7.01235294e-01 9.98576462e-01
    2.36582816e-01 6.19181871e-01 2.45648533e-01 4.10186499e-01
    1.37660205e-02 8.38173330e-01 6.62480474e-01 3.55848849e-01
    9.75801587e-01 5.07676005e-01 4.16486174e-01 5.51226616e-01
    3.03680003e-01 9.36798811e-01 5.84586740e-01 3.76838505e-01
    2.83247411e-01 9.26687300e-01 4.20329422e-01 2.47879565e-01
    2.23989010e-01 1.70714915e-01 2.69526541e-02 3.10281754e-01
    9.34460104e-01 2.27421939e-01 4.93116111e-01 3.55728179e-01
    9.30991888e-01 9.71506536e-01 8.94470513e-01 4.86575365e-02
    4.23605442e-02 5.96491814e-01 9.43961620e-01 1.79666817e-01
    6.26772225e-01 5.52029014e-02 7.24758148e-01 7.74192810e-01
    6.48883998e-01 6.63386226e-01 7.17459738e-01 9.41903710e-01
    4.55623448e-01 2.87523359e-01 9.62697685e-01 6.52375579e-01
    8.43253613e-01 1.24622673e-01 1.66046590e-01 1.09290928e-01
    5.37244499e-01 6.78071737e-01 3.16798806e-01 4.89092171e-02
    9.64537024e-01 1.83723271e-02 6.56925678e-01 9.89108443e-01
    9.75731850e-01 4.22612637e-01 6.87211454e-01 3.11204195e-01
    7.85065055e-01 5.96727729e-02 9.67719793e-01 2.80074418e-01
    9.20865417e-01 3.00022364e-01 4.70737159e-01 2.28655905e-01
    8.43653440e-01 9.80958223e-01 8.83761644e-02 5.18386483e-01
    8.54403615e-01 6.72596276e-01 6.18137240e-01 4.80939031e-01
    6.87983871e-01 2.93168187e-01 2.21330136e-01 2.06830204e-02
    8.67563426e-01 1.38279468e-01 9.38016653e-01 1.30144894e-01
    8.74981284e-01 2.00612217e-01 3.37100744e-01 1.92302346e-01
    7.18207002e-01 9.79088008e-01 8.69044423e-01 2.75969267e-01
    3.76261771e-01 8.24544609e-01 1.27132446e-01 7.47386456e-01
    8.97462130e-01 2.77993619e-01 4.78174001e-01 3.01545918e-01
    4.97286558e-01 7.32084513e-01 6.36552274e-01 1.39232725e-01
    2.36186087e-02 4.88624454e-01 2.04957664e-01 3.57568413e-01
    5.58710694e-02 3.26688945e-01 2.90648907e-01 5.95469415e-01
    8.94279718e-01 3.74391973e-01 2.97936857e-01 6.13118172e-01
    1.10812157e-01 1.34080052e-01 3.51043999e-01 3.52844834e-01
    2.97328115e-01 6.78901613e-01 4.90095139e-01 6.08725548e-01
    7.27744102e-02 8.08039546e-01 3.34350407e-01 5.44713557e-01
    6.66298568e-01 5.70150495e-01 1.29823744e-01 6.03058457e-01
    2.13656574e-01 8.95432591e-01 6.90865397e-01 5.73811948e-01
    8.24203312e-01 3.81917834e-01 7.90476143e-01 5.68797588e-02
    5.72988749e-01 4.80670273e-01 5.87086499e-01 7.84956872e-01
    5.60793459e-01 4.06573772e-01 8.83506000e-01 6.35448933e-01
    4.45245296e-01 3.94397497e-01 4.94794548e-01 7.96942353e-01
    1.65129900e-01 2.35481232e-01 2.15267539e-01 2.25964189e-01
    1.53331488e-01 3.98974597e-01 3.47505331e-01 4.26011145e-01
    7.73704231e-01 5.58911681e-01 8.01694095e-01 6.35664761e-01
    3.50095928e-02 8.41280282e-01 1.86129540e-01 4.05162841e-01
    8.84989500e-01 2.12182343e-01 2.12424248e-01 9.79554236e-01
    5.44429421e-02 7.09861994e-01 3.12433243e-02 8.91242146e-01
    2.56492794e-01 6.61258101e-01 4.87849325e-01 1.79619431e-01
    2.47675806e-01 4.61475343e-01 1.28771871e-01 4.36127722e-01
    6.32664740e-01 2.57639408e-01 3.44315141e-01 4.29531038e-01
    8.34282517e-01 1.53607398e-01 9.99510050e-01 6.11016393e-01
    7.92692900e-02 1.50639445e-01 7.22847700e-01 5.69907427e-02
    9.10580993e-01 7.84650922e-01 5.27195334e-01 4.50533599e-01
    5.46170712e-01 5.52276492e-01 3.47631544e-01 6.97825313e-01
    1.41701281e-01 2.52372622e-01 2.40461618e-01 5.79439998e-01
    3.87506723e-01 5.39612174e-01 2.85384655e-01 4.56471264e-01
    4.93075877e-01 5.01449704e-02 2.12428391e-01 5.16829312e-01
    1.15264863e-01 3.00377607e-04 2.35638469e-01 6.61289334e-01
    7.26100624e-01 1.38963223e-01 2.01781690e-02 1.20721132e-01
    4.05101299e-01 8.06040764e-01 5.32243788e-01 9.10062909e-01
    7.28699744e-01 4.11407113e-01 1.80951983e-01 5.68024218e-02
    4.62541580e-02 1.78924203e-03 6.28845990e-02 9.80477691e-01
    2.37540632e-01 5.50868392e-01 9.92688358e-01 1.25348568e-01
    1.01147145e-01 9.60042536e-01 8.12234581e-01 3.04500073e-01
    4.98100489e-01 4.20707792e-01 2.34920472e-01 5.40674388e-01
    4.95545089e-01 4.17129993e-01 3.47333014e-01 3.16167295e-01
    5.02312362e-01 3.67040455e-01 2.98378766e-02 1.55499011e-01
    7.26107717e-01 9.05508041e-01 9.26249027e-01 4.14044976e-01
    3.19339365e-01 3.69837999e-01 2.52726138e-01 3.50233316e-02
    7.26583004e-01 5.82353711e-01 2.16674805e-02 5.42815447e-01
    5.37022352e-01 2.10434198e-04 4.01738495e-01 8.85568023e-01
    6.75978482e-01 6.84660137e-01 5.30171156e-01 7.66307473e-01
    4.16455328e-01 9.24186409e-02 6.37310207e-01 3.35564733e-01
    4.41453725e-01 8.81114006e-01 2.74634391e-01 9.98864353e-01
    2.99309611e-01 7.85293281e-02 3.50863695e-01 4.96878326e-02
    7.66074657e-01 8.37143064e-01 8.38320136e-01 8.27430308e-01
    8.48149478e-01 3.76586258e-01 7.04894722e-01 4.76586521e-01
    6.73743248e-01 7.02145875e-01 5.66165626e-01 1.11281335e-01
    2.31503844e-01 4.27098930e-01 8.77867639e-02 2.65710890e-01
    9.50287938e-01 3.03312242e-02 9.97978568e-01 4.07673776e-01
    7.37306952e-01 7.84439147e-02 2.61844337e-01 2.59979248e-01
    8.72424066e-01 8.78413081e-01 2.08312988e-01 9.19651031e-01
    1.66131258e-01 7.83459187e-01 9.74273920e-01 3.82427365e-01
    2.52609104e-01 2.09326774e-01 1.87057704e-01 6.18678749e-01
    5.31504273e-01 8.78595412e-01 6.96988523e-01 5.57409763e-01
    3.68055940e-01 1.93961114e-01 6.52995169e-01 7.41443753e-01
    4.56804931e-01 4.20265466e-01 7.48704314e-01 7.90089130e-01
    2.92225838e-01 9.55702186e-01 7.12061405e-01 3.42757642e-01
    2.52582610e-01 6.85823977e-01 6.09232545e-01 4.51651633e-01
    7.72380650e-01 2.67897069e-01 1.15681916e-01 3.88751924e-02
    7.82064676e-01 9.77267265e-01 4.29576099e-01 2.75363594e-01
    6.99590802e-01 5.19053280e-01 7.97541678e-01 3.43116939e-01
    5.05869687e-01 9.85718727e-01 9.60119367e-01 2.86394298e-01
    2.54742235e-01 9.99029875e-02 1.57498449e-01 1.27935827e-01
    3.82175505e-01 6.32025659e-01 7.76546657e-01 3.01383704e-01
    7.97865391e-02 1.42320544e-01 6.00423276e-01 6.33157551e-01
    2.20475733e-01 6.02079332e-01 1.37046576e-01 4.28760320e-01
    7.95578837e-01 6.50298357e-01 7.73930788e-01 1.05915666e-01
    1.50379658e-01 2.29331404e-01 1.54218465e-01 7.69478977e-01
    4.06283289e-01 8.15770328e-02 3.85404110e-01 9.68666434e-01
    4.78634298e-01 7.35257447e-01 6.73785269e-01 1.21476173e-01
    8.15750957e-01 3.36643845e-01 1.38714910e-02 5.09501278e-01
    3.44806671e-01 8.51615012e-01 1.88138962e-01 3.14417362e-01
    9.17076707e-01 2.65756845e-01 9.30438697e-01 9.22466576e-01
    9.78836536e-01 4.78324801e-01 5.42193055e-01 2.93380022e-03
    2.54182220e-02 5.65073729e-01 1.25429839e-01 8.40275705e-01
    5.34056008e-01 5.51282763e-01 5.32404780e-02 8.99325013e-01
    9.77935672e-01 1.88047349e-01 4.73067731e-01 1.43141538e-01
    1.59488022e-01 6.98119402e-03 2.35240132e-01 7.73700714e-01
    3.48010659e-03 7.04183102e-01 9.90038633e-01 6.64810300e-01
    2.50761807e-01 8.00227582e-01 2.64259100e-01 3.91211182e-01
    8.24728608e-01 3.46745729e-01 6.06784821e-01 2.20899165e-01
    2.29741961e-01 6.97330117e-01 9.50263023e-01 4.64811414e-01
    9.56543207e-01 3.45234305e-01 7.26281226e-01 8.64882827e-01
    2.81695604e-01 3.96998823e-01 8.60560298e-01 9.58409131e-01
    6.68018222e-01 4.36493278e-01 9.28150415e-01 6.47166669e-01
    6.06416881e-01 2.58078098e-01 3.56966704e-01 2.62036443e-01
    5.32594204e-01 7.50636339e-01 2.19963580e-01 7.15419054e-01
    6.83973908e-01 8.57484341e-01 8.77228916e-01 7.85036206e-01
    1.02199435e-01 3.05021644e-01 3.24741811e-01 7.74555564e-01
    9.39203858e-01 9.04926658e-01 6.33997679e-01 9.28375959e-01
    7.49606192e-01 3.37310314e-01 6.36175156e-01 5.83083749e-01
    2.22464502e-02 1.84235573e-02 6.50487065e-01 3.91874731e-01
    3.56714964e-01 8.74469101e-01 1.17579520e-01 6.53997779e-01
    3.25011820e-01 3.69116277e-01 7.68764853e-01 9.98340368e-01
    7.50775933e-01 1.09530151e-01 1.71629757e-01 8.26541185e-01
    9.85870779e-01 4.89393115e-01 7.36906350e-01 2.16022700e-01
    9.25688148e-01 1.79055214e-01 5.41485846e-01 8.16566467e-01
    8.80834460e-02 8.54841053e-01 6.21509552e-03 7.45065928e-01
    3.89728606e-01 1.54403061e-01 3.61251473e-01 1.31376415e-01
    8.41629148e-01 2.75881886e-02 5.63638031e-01 3.39259267e-01
    7.62149930e-01 4.09520447e-01 9.26144838e-01 4.88332599e-01
    8.03567290e-01 4.11220342e-01 7.18505085e-01 4.34865236e-01
    1.61937773e-02 5.99815547e-02 4.53131139e-01 2.30334878e-01
    4.25836593e-01 7.30635405e-01 6.41243398e-01 6.67363703e-01
    8.49027157e-01 1.13645315e-01 6.76182032e-01 4.74786609e-01
    1.70975208e-01 4.09628689e-01 1.86523527e-01 8.08158875e-01
    5.62774539e-02 2.69407749e-01 3.34528744e-01 3.40976477e-01
    9.81827497e-01 2.47121274e-01 9.19800520e-01 1.65400982e-01
    8.56349170e-01 1.65077537e-01 5.28528273e-01 4.29200530e-02
    6.33811712e-01 7.20399857e-01 9.13727939e-01 9.26544249e-01
    4.17072743e-01 5.16751230e-01 1.61850214e-01 5.16126454e-02
    3.37207794e-01 7.81091750e-02 6.88432693e-01 6.37138367e-01
    4.04194385e-01 5.39678216e-01 6.50540829e-01 4.43660766e-01
    9.27197874e-01 2.88815677e-01 8.35446954e-01 1.37591690e-01
    9.46585655e-01 8.69731307e-01 5.53900719e-01 1.40319765e-01
    5.49527645e-01 4.53331649e-01 5.56646109e-01 1.78341210e-01
    1.83627486e-01 7.62462616e-02 4.04691219e-01 2.11130530e-01
    5.06098688e-01 6.10918939e-01 1.87967896e-01 6.36454105e-01
    4.58052158e-02 9.66008008e-01 7.81456947e-01 4.48170662e-01
    1.68084383e-01 3.02033126e-01 5.42872012e-01 4.80511397e-01
    7.80827522e-01 9.62766528e-01 1.43424094e-01 3.45133841e-01
    4.80487466e-01 2.96814650e-01 1.74427062e-01 5.68800807e-01
    1.59874439e-01 8.85676146e-01 8.97671819e-01 6.40451729e-01
    4.43676978e-01 5.46534061e-02 5.74864328e-01 4.08404052e-01
    7.69736052e-01 3.28056812e-01 4.20010686e-01 1.44243181e-01
    3.44357967e-01 3.14585328e-01 6.65942132e-01 2.13715971e-01
    9.96253014e-01 8.59526396e-02 3.68200123e-01 5.14168739e-01
    4.05298114e-01 2.95982867e-01 4.71383899e-01 8.33476961e-01
    9.35541987e-01 8.59096766e-01 3.59670639e-01 1.98543102e-01
    2.36337453e-01 3.65552962e-01 5.42381823e-01 9.68324304e-01
    6.50897622e-01 6.94217741e-01 9.89785671e-01 5.85935116e-02
    3.27541053e-01 8.14966857e-02 5.98117590e-01 4.86460328e-02
    7.26964653e-01 5.25637507e-01 6.91709757e-01 6.08808339e-01
    6.49162650e-01 5.42087257e-01 3.93898964e-01 2.56705493e-01
    5.94577789e-02 3.75198126e-01 9.84173000e-01 5.13456285e-01
    7.74801195e-01 2.62010217e-01 4.44496632e-01 4.14049149e-01
    2.45088995e-01 1.22473866e-01 5.11803806e-01 7.02508330e-01
    5.17552793e-01 2.93463886e-01 2.09646493e-01 9.84034002e-01
    1.19165808e-01 1.83032155e-01 9.72747087e-01 2.98776746e-01
    6.46502256e-01 3.30573022e-02 1.94407612e-01 4.08820093e-01
    1.09426975e-01 4.77427363e-01 2.92827785e-02 3.19496691e-01
    1.26744390e-01 4.07197356e-01 7.24060416e-01 4.08195972e-01
    9.81722474e-01 3.08906883e-01 3.00671548e-01 9.99242306e-01
    6.31246686e-01 5.67200780e-03 2.03716159e-01 4.08762395e-02
    5.52205443e-01 9.23830867e-01 4.35804009e-01 2.37116784e-01
    7.29069233e-01 5.44900775e-01 1.07370198e-01 4.74536896e-01
    3.38948429e-01 9.63610053e-01 2.80659884e-01 9.25144076e-01
    8.60673666e-01 7.50988364e-01 7.72574723e-01 4.88061547e-01
    9.76944566e-02 5.13547480e-01 4.16987389e-01 6.97363555e-01
    8.26912403e-01 5.76741815e-01 1.04048222e-01 9.76757765e-01
    5.91793656e-03 3.97781253e-01 4.80901331e-01 2.90122360e-01
    5.84437490e-01 6.85008764e-01 2.54883289e-01 6.24627650e-01
    3.89636099e-01 4.82159317e-01 2.60251194e-01 1.18171781e-01
    6.89289927e-01 7.96519399e-01 6.20772839e-01 6.53748572e-01
    8.51819992e-01 3.01510096e-02 1.47746146e-01 6.19985223e-01
    6.86738789e-01 8.43804181e-01 9.80186343e-01 5.58137894e-04
    5.08265316e-01 8.15624833e-01 8.75802517e-01 5.22646487e-01
    2.54422396e-01 3.47641647e-01 1.05487764e-01 6.64804518e-01
    6.14906907e-01 1.21887386e-01 5.60022354e-01 4.96133119e-01
    6.22223616e-02 4.91951406e-02 9.03319478e-01 8.30483139e-01
    8.02902937e-01 6.11914098e-02 7.08611310e-01 9.94353056e-01
    2.10116327e-01 9.27322865e-01 1.64151698e-01 7.02162862e-01
    3.95155460e-01 8.95673156e-01 9.90535319e-01 3.22377801e-01
    2.07026243e-01 9.33030605e-01 5.43509007e-01 5.50837457e-01
    3.31510961e-01 1.32184535e-01 9.31101084e-01 8.79834414e-01
    3.20125520e-01 9.69948888e-01 5.85631311e-01 6.28122509e-01
    4.48846966e-01 6.81121469e-01 6.14742994e-01 9.51508164e-01
    7.91235030e-01 3.57912838e-01 4.98536170e-01 9.94087160e-02
    2.50191092e-01 7.65504122e-01 1.06916636e-01 8.72916222e-01
    1.10671580e-01 8.32989216e-01 4.05367762e-01 1.72478259e-01
    3.79776210e-01 6.77095294e-01 1.43809229e-01 2.07861304e-01
    3.11101377e-01 1.09480292e-01 7.44178891e-01 1.16617054e-01
    2.35613614e-01 2.80550390e-01 5.50567269e-01 6.50917530e-01
    5.65878987e-01 1.18010342e-01 8.32136333e-01 1.28192037e-01
    7.61342466e-01 1.72913462e-01 9.78239775e-02 5.55694520e-01
    9.41445708e-01 4.84874755e-01 2.99523115e-01 6.23560369e-01
    9.73153114e-01 2.27961630e-01 1.97926164e-01 6.98709428e-01
    3.24644893e-01 6.11211956e-01 4.54009205e-01 9.61751759e-01
    8.08199286e-01 1.07487947e-01 4.79796320e-01 7.81951249e-01
    1.22404903e-01 9.85527635e-02 8.21222782e-01 5.55849016e-01
    4.37013716e-01 4.51032817e-01 9.24173892e-02 7.45017111e-01
    7.65259862e-02 8.23212564e-02 7.23809361e-01 4.01860476e-03
    9.16750312e-01 2.01094300e-01 8.54489446e-01 8.88452411e-01
    1.23025268e-01 6.98943496e-01 8.10029507e-01 1.80133253e-01
    8.87964129e-01 9.25467908e-02 6.88147843e-01 4.40525204e-01
    1.83603108e-01 9.40263867e-01 4.06813115e-01 6.01410627e-01
    5.29809773e-01 5.17234743e-01 7.53813863e-01 6.94708228e-01
    9.02061343e-01 6.51435912e-01 4.15296644e-01 5.10868490e-01
    8.45218837e-01 2.82876402e-01 4.35649186e-01 4.30721998e-01
    5.90224743e-01 5.67291439e-01 8.25248122e-01 5.82481086e-01
    9.48333025e-01 7.49882877e-01 4.68374252e-01 6.79522991e-01
    9.69352245e-01 7.35534251e-01 9.68543649e-01 9.66582060e-01
    7.55361199e-01 5.89972615e-01 3.93965095e-01 5.65273225e-01
    6.08978450e-01 5.24906874e-01 3.45440745e-01 6.76204622e-01
    3.93102169e-01 6.44500494e-01 5.90293288e-01 8.83700728e-01
    4.33530122e-01 5.57274401e-01 5.56764007e-01 1.31272048e-01
    2.13511586e-02 1.57354623e-01 3.06430787e-01 4.35197890e-01
    2.28037089e-01 1.74431711e-01 6.94830060e-01 2.62410730e-01
    2.09750772e-01 2.59940684e-01 7.45297432e-01 4.19632852e-01
    3.15414429e-01 7.71267176e-01 6.28748238e-01 9.83792543e-01
    1.77701443e-01 5.65205276e-01 4.94331628e-01 9.39943492e-01
    8.60385895e-01 2.36378968e-01 4.03646678e-01 4.55446780e-01
    4.38483953e-01 9.91081595e-01 1.81887597e-01 9.10015345e-01
    6.48776352e-01 1.36669874e-01 6.12660527e-01 4.50490087e-01
    1.19684845e-01 8.09023023e-01 1.11924410e-02 8.07931364e-01
    4.77943420e-01 4.64724600e-02 3.52878243e-01 8.16181779e-01
    6.49420619e-01 1.33876383e-01 4.44446802e-01 8.99703205e-01
    8.03660750e-02 8.53832245e-01 1.60876632e-01 3.01128685e-01
    1.03577316e-01 5.69024801e-01 3.81992668e-01 9.24532056e-01
    6.68937325e-01 6.86203301e-01 2.58179545e-01 9.48169947e-01
    3.26000154e-01 8.63220334e-01 8.80187988e-01 8.06700826e-01
    9.38720345e-01 8.20858359e-01 4.51909661e-01 7.01402724e-02
    6.71658456e-01 6.45406187e-01 8.88771176e-01 6.60729945e-01
    7.96823263e-01 1.60415173e-01 3.78378659e-01 5.56280553e-01
    8.18281293e-01 3.31241846e-01 6.97369516e-01 6.87960327e-01
    1.24377728e-01 3.59712899e-01 8.57633352e-01 2.73042798e-01
    9.40424442e-01 1.44975543e-01 2.62079775e-01 7.90075064e-01
    1.66239977e-01 1.07568562e-01 5.00063956e-01 4.65134799e-01
    2.11846828e-02 3.45731318e-01 3.52127135e-01 1.56663001e-01
    1.78903729e-01 9.61969256e-01 9.63101387e-01 9.40489054e-01
    4.91133511e-01 1.77863002e-01 9.19233799e-01 3.85029256e-01
    2.29930907e-01 7.02331364e-01 8.33194017e-01 3.21808100e-01
    2.94101268e-01 2.99010456e-01 1.20692998e-01 6.52528286e-01
    9.05478001e-01 5.18907964e-01 7.93867588e-01 9.37904119e-01
    8.03847015e-01 5.24840951e-01 8.92623782e-01 9.80671048e-01
    2.66652763e-01 1.97931170e-01 5.94943821e-01 2.13134229e-01
    7.58512497e-01 1.90147758e-01 9.44802701e-01 7.04347908e-01
    4.99636173e-01 7.42740989e-01 9.39643502e-01 2.35917479e-01
    8.53963256e-01 8.35329294e-03 5.01125038e-01 1.14739656e-01
    4.25224066e-01 4.09601688e-01 5.39900661e-01 6.24666214e-01
    8.38156164e-01 2.46142954e-01 4.43154901e-01 1.73599720e-01
    2.55939215e-01 5.45536458e-01 9.63859200e-01 8.87031198e-01
    8.26137066e-01 7.63184190e-01 9.60969269e-01 9.12741482e-01
    4.48384702e-01 7.77269661e-01 3.58896106e-01 7.38260150e-01
    7.01482952e-01 5.23364961e-01 8.65054309e-01 4.49086636e-01
    8.62222314e-01 5.60910285e-01 9.07288790e-02 9.65956032e-01
    1.57087684e-01 6.27085209e-01 7.79686570e-01 4.57317591e-01
    9.58253682e-01 1.29558742e-01 9.74464715e-02 8.54025364e-01
    7.56651282e-01 4.63686705e-01 8.58095050e-01 2.95660019e-01
    2.73644984e-01 1.62425429e-01 2.06463158e-01 7.43319392e-01
    5.96304774e-01 8.51289272e-01 8.45586181e-01 3.28513980e-01
    6.51265860e-01 6.20507002e-01 2.84257352e-01 8.22450161e-01
    8.44691455e-01 8.96745265e-01 8.85004938e-01 9.37809646e-02
    7.45789409e-01 3.88246715e-01 3.53853285e-01 7.46862650e-01
    1.27927661e-02 1.47631824e-01 7.56057501e-01 5.86911023e-01
    1.64217621e-01 5.86545765e-01 7.21309543e-01 9.42028522e-01
    3.50042284e-02 6.42607808e-01 4.03271168e-01 8.16955864e-01
    8.87737691e-01 8.64296556e-02 1.79961532e-01 3.51844698e-01
    6.88162565e-01 2.15126663e-01 9.65407014e-01 3.18501174e-01
    5.37043154e-01 6.53067589e-01 7.31137812e-01 1.68118805e-01
    2.32089460e-02 7.27703333e-01 8.88287425e-01 2.78833807e-02
    8.31221938e-02 5.00693619e-02 5.76575756e-01 7.30599165e-01
    8.81540418e-01 3.19970548e-01 9.89383042e-01 6.42353892e-02
    6.49103642e-01 9.44986701e-01 8.46481025e-02 6.57484651e-01
    1.87605202e-01 3.06882858e-01 3.04602742e-01 5.26967347e-02
    1.57692105e-01 9.44370508e-01 8.94921362e-01 8.43738198e-01
    7.21976995e-01 4.72824663e-01 3.53145063e-01 7.53049433e-01
    9.08376813e-01 9.41808701e-01 5.95717311e-01 3.14107060e-01
    7.64715433e-01 1.89088553e-01 7.66970992e-01 2.41152585e-01
    4.71311420e-01 7.83516645e-01 8.40268612e-01 7.71127820e-01
    8.43621194e-01 1.87986702e-01 1.62505269e-01 6.07218564e-01
    8.34629655e-01 4.38470423e-01 3.34151238e-01 2.56533027e-02
    8.63538802e-01 8.16151500e-01 4.48135525e-01 5.41428685e-01
    3.51122797e-01 8.97922814e-01 5.78081906e-02 4.34035838e-01
    1.96666270e-01 5.70546687e-02 4.68405783e-02 6.67813659e-01
    9.87604380e-01 8.92958999e-01 2.93528914e-01 9.24017668e-01
    9.03708458e-01 3.41517985e-01 2.04581708e-01 6.88855052e-01
    4.09702390e-01 4.26966399e-01 5.60200572e-01 6.14679217e-01
    8.94931793e-01 1.55724436e-01 7.95006633e-01 8.63716006e-01
    4.46837425e-01 2.73543298e-01 4.70993370e-01 1.87861025e-02
    3.85781586e-01 7.46429682e-01 3.23487937e-01 3.98156762e-01
    2.45899349e-01 7.84441590e-01 1.68194979e-01 1.80266708e-01
    2.87688375e-01 8.57585430e-01 9.47109818e-01 5.49748659e-01
    2.95006633e-01 7.57944226e-01 9.92794931e-01 9.83935297e-01
    2.84745991e-02 3.83515984e-01 1.07360691e-01 7.94764400e-01
    5.50234318e-01 9.98603821e-01 9.21862960e-01 9.15509880e-01
    2.46762007e-01 1.74963176e-01 7.84828782e-01 7.26970851e-01
    8.08746338e-01 5.53617239e-01 8.38027358e-01 1.35199934e-01
    1.82143897e-01 2.35648483e-01 2.85849959e-01 7.54766583e-01
    6.41277432e-03 1.94621503e-01 4.25189734e-03 5.28757393e-01
    2.87446141e-01 5.62875569e-01 1.37004584e-01 7.11450577e-01
    6.38917327e-01 2.61302948e-01 5.33691525e-01 2.15914190e-01
    2.37667143e-01 3.20048034e-01 7.33317375e-01 7.78829753e-02
    5.61110854e-01 5.49799740e-01 7.87045598e-01 6.44953966e-01
    2.34346688e-02 2.05887467e-01 3.89852792e-01 2.74237037e-01
    8.35693717e-01 2.96191573e-01 5.72703481e-01 5.52900136e-01
    9.64080989e-02 1.31439805e-01 8.20503473e-01 6.08800530e-01
    4.25982594e-01 5.74386239e-01 9.07412350e-01 5.72755039e-01
    2.64009416e-01 8.04013371e-01 8.18354368e-01 1.00203604e-01
    2.25808859e-01 1.76218688e-01 1.26895308e-02 7.41131485e-01
    9.06684756e-01 9.46748078e-01 6.51860237e-02 2.35406011e-01
    2.18259484e-01 4.63689506e-01 4.60636675e-01 3.21051478e-01
    5.02942681e-01 3.08433592e-01 7.29824543e-01 6.53190613e-01
    2.49279976e-01 9.90379810e-01 8.12662363e-01 3.03912401e-01
    9.04240727e-01 6.06937647e-01 4.26004827e-02 9.03943181e-01
    8.29030156e-01 3.62542421e-01 5.37733614e-01 8.56847823e-01
    1.69642895e-01 8.56335282e-01 1.13840342e-01 5.73620200e-02
    1.67472959e-02 7.14034975e-01 2.75951385e-01 7.91039169e-01
    2.54591703e-01 9.01533723e-01 5.46618104e-01 1.18818760e-01
    2.60643721e-01 4.58519429e-01 1.26509011e-01 6.57146811e-01
    9.23713565e-01 1.60145730e-01 6.87701464e-01 5.87497413e-01
    8.51888537e-01 4.36400741e-01 8.22877288e-01 9.31063950e-01
    4.14183974e-01 3.12826991e-01 2.35737801e-01 8.12010884e-01
    3.74313235e-01 1.22035742e-02 1.80323124e-01 1.30459964e-01
    9.18182611e-01 5.79881907e-01 2.74451792e-01 6.84415936e-01
    4.26705331e-01 4.42980528e-02 5.19940853e-01 7.94737935e-01
    5.58137894e-01 2.63673991e-01 1.19011015e-01 3.93156141e-01
    8.86518002e-01 2.06250638e-01 8.53575528e-01 2.46043056e-01
    6.55216455e-01 3.48123789e-01 4.61564362e-01 5.98232388e-01
    2.45139092e-01 5.04569829e-01 1.18266672e-01 2.93677151e-01
    3.60012293e-01 4.36719537e-01 3.58230054e-01 7.56972373e-01
    3.42326462e-01 4.85869676e-01 1.35654092e-01 5.57538569e-01
    1.09363854e-01 5.60732663e-01 1.64091319e-01 2.80580997e-01
    6.57311618e-01 1.55093163e-01 1.50770724e-01 8.44153285e-01
    4.39805537e-01 6.32059455e-01 3.17966998e-01 7.51453102e-01
    7.31375456e-01 2.84831762e-01 5.85548341e-01 2.44267583e-02
    7.11300254e-01 5.58555722e-01 7.39369392e-02 1.68448031e-01
    8.80526543e-01 7.56019056e-02 6.51830971e-01 1.21255815e-02
    4.88621414e-01 7.77938962e-01 4.21636492e-01 4.68877405e-01
    5.48821509e-01 4.86753881e-01 6.14130974e-01 8.42429996e-01
    3.74611080e-01 1.13073468e-01 2.69460320e-01 5.62534094e-01
    4.76254821e-02 9.86245036e-01 9.61790800e-01 1.70456141e-01
    9.17532921e-01 5.71118295e-01 5.84539473e-01 5.51030338e-01
    6.78195834e-01 3.01955581e-01 2.26025879e-02 4.27743912e-01
    5.52996874e-01 5.89572489e-02 8.23104858e-01 1.43309832e-02
    7.69250751e-01 7.94868946e-01 5.17466962e-01 7.98254371e-01
    7.09225416e-01 6.65269971e-01 4.77000833e-01 7.07823277e-01
    5.59109449e-02 5.26039064e-01 8.79082322e-01 4.62179482e-02
    9.53856587e-01 2.68601835e-01 8.52986634e-01 8.46973538e-01
    7.99338818e-01 2.32063651e-01 2.05150396e-01 5.26787698e-01
    6.42688632e-01 5.74601889e-01 8.36534977e-01 4.40709561e-01
    7.75980711e-01 6.83416188e-01 1.99849904e-02 4.03253585e-01
    3.81034523e-01 6.66031480e-01 7.59393275e-02 4.36369300e-01
    9.43998873e-01 4.60352898e-02 7.99744427e-02 7.56843090e-02
    3.10518682e-01 4.56390202e-01 7.73359120e-01 7.67478347e-02
    7.24436224e-01 6.93978310e-01 8.84186625e-01 6.47701561e-01
    6.02369249e-01 9.91402984e-01 2.68027484e-01 3.89897674e-01
    8.38627219e-02 9.48048413e-01 8.94756377e-01 4.47143465e-01
    4.49645728e-01 8.37336481e-02 6.35068297e-01 2.23451674e-01
    5.71108818e-01 9.34628010e-01 6.16139591e-01 4.32829559e-02
    8.08032393e-01 7.10948169e-01 7.42840052e-01 2.07764715e-01
    8.90406549e-01 2.26704329e-01 3.80123705e-01 5.69459915e-01
    7.08168566e-01 6.42938077e-01 5.48639536e-01 5.09609222e-01
    2.77309865e-01 3.36967885e-01 7.77163386e-01 8.64050508e-01
    4.98380363e-02 8.62838507e-01 7.88754106e-01 1.51859581e-01
    1.00491226e-01 3.38699579e-01 2.12883532e-01 9.01843607e-01
    5.31846881e-01 8.70387614e-01 5.03060162e-01 4.16948557e-01
    5.83870053e-01 9.16219115e-01 2.92295873e-01 6.19503677e-01
    9.08242881e-01 5.61740160e-01 5.68246782e-01 4.42977935e-01
    2.84235775e-01 8.96168232e-01 1.88999116e-01 5.13269663e-01
    5.13635099e-01 8.34235668e-01 6.19664669e-01 2.80529261e-03
    2.04338968e-01 6.85011208e-01 8.28122735e-01 3.71308744e-01
    3.97306561e-01 7.26911962e-01 5.57658255e-01 3.28398585e-01
    4.24646139e-02 2.48601556e-01 9.45108175e-01 9.20183420e-01
    6.36246800e-01 8.61659169e-01 6.38475418e-02 5.11814535e-01
    7.63648510e-01 4.67233270e-01 6.11979067e-01 5.99301338e-01
    8.48281503e-01 7.79391170e-01 1.48594648e-01 5.50991297e-01
    7.35319853e-02 5.70246875e-01 8.44728827e-01 2.95505136e-01
    7.06429303e-01 2.21044123e-02 5.79256415e-01 3.07532549e-01
    6.37086928e-01 7.73030996e-01 6.08589470e-01 3.98782969e-01
    5.56645989e-01 4.49205548e-01 8.69507313e-01 2.75302321e-01
    4.06597674e-01 2.32033759e-01 4.70050901e-01 6.65108383e-01
    6.83174491e-01 7.81480551e-01 6.17141545e-01 8.61709356e-01
    4.08385396e-02 4.60336089e-01 2.37825602e-01 9.68288124e-01
    6.95956230e-01 4.66829181e-01 3.33763361e-01 4.30057436e-01
    6.21164143e-02 8.97575855e-01 4.50865626e-02 9.37661409e-01
    9.50114489e-01 3.31842780e-01 5.12925625e-01 2.27143466e-02
    2.55030334e-01 1.26668811e-01 1.99221492e-01 5.51608741e-01
    3.21874321e-02 6.14741445e-01 6.75188243e-01 4.64081883e-01
    7.04856038e-01 8.94088805e-01 9.15231228e-01 7.00234056e-01
    8.38096857e-01 7.13557839e-01 9.01154399e-01 9.28181529e-01
    9.82819676e-01 5.44333994e-01 2.73492903e-01 1.53637350e-01
    1.49075568e-01 8.95602584e-01 4.32050228e-02 5.47518730e-01
    7.79218137e-01 8.14121604e-01 8.70407224e-01 9.98561740e-01
    8.20917368e-01 1.22712255e-01 3.05023193e-01 5.62433600e-02
    9.07869816e-01 4.54098284e-02 1.48744285e-02 3.40738058e-01
    4.02066827e-01 2.38588005e-01 2.98782945e-01 2.30582297e-01
    1.44942582e-01 1.34047687e-01 4.20504600e-01 5.84582984e-01
    9.75574017e-01 7.02826381e-01 9.78655219e-02 2.86160231e-01
    7.11839855e-01 8.63978684e-01 9.89241123e-01 2.85271704e-01
    8.90381575e-01 4.61195827e-01 8.20505440e-01 5.86062670e-01
    4.89857435e-01 1.01711392e-01 2.35642433e-01 4.49984968e-02
    5.80566883e-01 7.80846596e-01 3.27670962e-01 2.86155522e-01
    3.74561667e-01 2.15607941e-01 8.58089447e-01 6.53085351e-01
    1.17742121e-02 5.86684942e-01 3.98635685e-01 5.51451623e-01
    3.59178722e-01 6.27072513e-01 5.39295733e-01 2.83754826e-01
    7.91884303e-01 8.59282017e-02 8.34348798e-01 7.93738663e-01
    8.25664699e-01 4.02024329e-01 6.20062888e-01 6.82383120e-01
    9.24605489e-01 6.82449162e-01 9.28286135e-01 9.87681508e-01
    3.96959394e-01 9.07231510e-01 7.57176578e-02 6.77985430e-01
    5.83526611e-01 2.53549576e-01 3.28807503e-01 1.36604130e-01
    7.68808842e-01 5.03998697e-01 8.96934748e-01 9.05467629e-01
    3.69821131e-01 1.73526287e-01 6.80598140e-01 8.00115943e-01
    7.68234491e-01 3.51101756e-01 8.95671844e-01 9.85698938e-01
    8.33779633e-01 4.10242438e-01 2.65511215e-01 4.50560093e-01
    8.35339785e-01 3.73254001e-01 5.75094938e-01 2.46728718e-01
    1.33524239e-01 5.07305264e-01 5.26440740e-01 8.97727013e-01
    4.84780937e-01 9.22591448e-01 3.71262670e-01 5.44517517e-01
    3.62313420e-01 4.47413683e-01 8.43449235e-01 7.43056357e-01
    4.67572808e-02 3.36051702e-01 4.68915045e-01 9.49495792e-01
    6.76509142e-01 8.10940087e-01 4.52713698e-01 1.90282494e-01
    2.55117714e-02 4.53591734e-01 5.33334374e-01 7.54090548e-01
    5.96190989e-02 1.80055171e-01 2.21731663e-01 9.01182055e-01
    2.24164963e-01 8.55892718e-01 1.23796672e-01 1.70174122e-01
    6.22583807e-01 6.92275703e-01 7.11972594e-01 1.85523868e-01
    2.72190034e-01 7.45187461e-01 4.22658890e-01 1.50860429e-01
    4.14644063e-01 7.28803515e-01 4.95093912e-01 5.96032977e-01
    5.89829326e-01 8.39644969e-02 8.35221231e-01 7.15182543e-01
    4.18029249e-01 4.20041710e-01 6.87920272e-01 4.01674032e-01
    6.45214319e-01 2.83080816e-01 3.72650027e-01 3.91548514e-01
    6.14872336e-01 9.75484312e-01 5.42969823e-01 1.79437280e-01
    2.27341980e-01 9.63624597e-01 6.71547174e-01 9.95773911e-01
    7.67061830e-01 6.11633062e-01 3.62860560e-01 2.51537502e-01
    2.93361098e-01 8.36459398e-01 1.10700876e-01 3.14448386e-01
    8.69778991e-01 5.73976457e-01 2.69613504e-01 6.60409808e-01
    9.15130198e-01 9.32624340e-01 9.45057392e-01 4.43031937e-01
    2.23332852e-01 8.65478516e-02 3.54627907e-01 6.59547567e-01
    9.93383408e-01 8.59749794e-01 8.46666038e-01 8.03549647e-01
    2.83264399e-01 6.04395986e-01 1.15676522e-02 1.62299693e-01
    6.28978312e-01 3.60415220e-01 6.04392231e-01 5.75446367e-01
    4.49164808e-02 8.72536421e-01 8.61469626e-01 5.16180754e-01
    7.07096279e-01 9.65283692e-01 9.52468157e-01 5.76227665e-01
    2.64232516e-01 5.01253009e-01 3.34125996e-01 6.21511281e-01
    9.34029698e-01 2.71605849e-01 2.07557112e-01 8.74599338e-01
    8.08760762e-01 3.11009884e-01 6.17891908e-01 1.78767145e-02
    5.44714212e-01 3.27996850e-01 2.92903960e-01 3.90843511e-01
    8.63330126e-01 9.46522653e-02 3.33961904e-01 7.80727744e-01
    4.26132560e-01 5.09839058e-02 3.66649330e-02 8.81892323e-01
    1.89070106e-02 6.25616431e-01 8.94240379e-01 6.19619250e-01
    2.02976257e-01 2.29345560e-02 6.40166163e-01 3.51654768e-01
    3.52517962e-01 1.03302896e-02 1.86045438e-01 8.96993995e-01
    8.66557598e-01 6.21295214e-01 6.97299480e-01 2.47377872e-01
    2.19874710e-01 2.90658444e-01 8.65754187e-01 7.22070992e-01
    4.85352188e-01 1.60976201e-01 1.42608464e-01 8.85689497e-01
    5.26137888e-01 2.76003659e-01 9.13140535e-01 5.33699989e-01
    1.03440762e-01 8.92965794e-01 3.29995692e-01 3.63974273e-01
    7.80717373e-01 1.92278713e-01 3.97647530e-01 5.54221153e-01
    3.52588236e-01 6.47825003e-01 6.03541136e-01 2.12660134e-01
    7.46862590e-02 8.70736599e-01 6.05123758e-01 1.38710886e-01
    6.96855545e-01 5.24099886e-01 8.60750437e-01 6.33022785e-02
    5.10883451e-01 6.82345331e-01 4.78276908e-02 9.82480288e-01
    1.86681151e-01 8.52167964e-01 3.17832828e-02 2.32037574e-01
    4.28174436e-02 6.47353530e-02 3.07880342e-01 4.26596433e-01
    1.82424992e-01 7.99949825e-01 6.32062316e-01 6.48537278e-03
    2.34522730e-01 2.04835147e-01 7.96427965e-01 3.57924730e-01
    1.14077806e-01 3.95062566e-03 2.63126433e-01 9.28301632e-01
    8.97114873e-01 6.93582118e-01 8.29753101e-01 5.11935890e-01
    7.78146267e-01 7.04497814e-01 5.15419245e-01 5.46170950e-01
    3.02789122e-01 1.63499355e-01 7.90981114e-01 2.19902575e-01
    6.63302064e-01 3.21199000e-01 5.20426393e-01 9.92742360e-01
    3.04796636e-01 5.40802717e-01 6.27182364e-01 3.88489991e-01
    5.04869819e-02 1.90516710e-02 1.50317580e-01 5.67353547e-01
    2.52959013e-01 8.03528428e-01 2.29729116e-01 6.61183119e-01
    4.29090589e-01 9.50517774e-01 6.77628577e-01 9.28718805e-01
    9.24832821e-01 4.98645604e-01 5.84989429e-01 5.89408457e-01
    9.51243639e-01 1.71044320e-01 3.21846306e-02 3.35723102e-01
    3.46036166e-01 1.84153855e-01 1.73433334e-01 8.74748349e-01
    6.03717625e-01 4.42273766e-01 2.95258969e-01 7.37934232e-01
    4.01371539e-01 7.68071055e-01 5.45754850e-01 3.83585960e-01
    6.61267877e-01 3.96665812e-01 6.50383890e-01 7.56783009e-01
    7.76015162e-01 4.97929215e-01 2.32324183e-01 9.52580810e-01
    7.17051268e-01 2.65712082e-01 6.32391453e-01 7.59042025e-01
    7.10900903e-01 4.96009082e-01 4.57404763e-01 7.73811281e-01
    3.17488790e-01 2.64088213e-01 3.12198222e-01 5.28690577e-01
    3.82289916e-01 3.28659773e-01 6.93668425e-01 5.37958324e-01
    1.66147619e-01 5.94203532e-01 9.60251868e-01 8.79668832e-01
    3.83337677e-01 1.92907155e-01 4.23282772e-01 5.99981308e-01
    2.47898072e-01 7.95685649e-01 9.99312282e-01 1.33279234e-01
    2.74520457e-01 9.92501378e-02 8.86938214e-01 4.49414968e-01
    3.02595675e-01 6.79735303e-01 4.14089829e-01 3.89665067e-02
    5.23375273e-01 1.03339553e-03 5.26517928e-01 2.65861601e-01
    1.71677053e-01 9.68154490e-01 2.89497167e-01 1.86256766e-02
    3.87338817e-01 3.12230110e-01 5.63001633e-02 1.24653578e-01
    4.51652825e-01 8.30616355e-01 4.87464845e-01 4.99789804e-01
    6.12426996e-01 1.11651063e-01 3.52334023e-01 8.80648553e-01
    1.89462125e-01 5.00588596e-01 5.12557805e-01 5.77493906e-01
    3.19602907e-01 6.75752997e-01 6.27943814e-01 4.56809819e-01
    3.71547461e-01 2.42221266e-01 5.79665363e-01 3.78320515e-02
    1.10131949e-01 5.43612182e-01 6.88162148e-01 3.04458559e-01
    7.43438303e-02 8.04338694e-01 8.50358129e-01 3.85830134e-01
    7.63182044e-02 7.62792706e-01 6.59607828e-01 5.36111951e-01
    7.38967419e-01 9.51857209e-01 1.28641784e-01 5.89110553e-02
    6.99448466e-01 2.72762150e-01 8.78481030e-01 2.94823050e-01
    9.68901217e-01 1.62335545e-01 5.81888795e-01 5.21835744e-01
    4.66594398e-02 1.33555889e-01 3.35286260e-01 1.43220395e-01
    6.36196375e-01 5.08617401e-01 6.40872955e-01 4.41175401e-02
    9.17884111e-01 6.31854236e-02 9.24103379e-01 2.26149082e-01
    9.10001695e-02 3.73073459e-01 1.29730821e-01 3.30815613e-02
    9.82646346e-01 3.98836255e-01 8.21969748e-01 5.00699997e-01
    9.25201118e-01 8.19355607e-01 4.28716570e-01 1.99705184e-01
    1.58810049e-01 9.81972218e-01 1.09257817e-01 7.85238624e-01
    7.97987163e-01 3.50836873e-01 4.77873325e-01 8.43738973e-01
    6.54214919e-01 8.74379635e-01 8.99091005e-01 8.88630748e-03
    6.62783325e-01 8.74177516e-02 5.10011375e-01 6.93306983e-01
    1.76069856e-01 9.85118270e-01 5.09472132e-01 6.96344554e-01
    4.10524368e-01 6.05888128e-01 4.32095289e-01 5.44113815e-01
    8.60331357e-02 8.66685688e-01 3.36983711e-01 1.79326028e-01
    2.04699427e-01 6.73849702e-01 5.99060655e-01 7.71254539e-01
    5.02400398e-01 9.15893435e-01 9.34361219e-01 6.09421253e-01
    9.73378837e-01 8.35695386e-01 6.09615088e-01 3.35320234e-01
    8.88436556e-01 4.28220987e-01 3.44559163e-01 9.25617099e-01
    6.37242198e-02 4.91140187e-01 6.05163395e-01 3.68014455e-01
    6.04384243e-01 7.13070631e-02 5.34609556e-02 6.29485607e-01
    5.58838248e-01 5.52626729e-01 7.11991429e-01 1.73477590e-01
    2.04341710e-01 2.72629797e-01 3.50613475e-01 2.78790653e-01
    8.29308987e-01 4.78315532e-01 3.79146129e-01 6.03474855e-01
    1.30785406e-02 6.34453416e-01 6.75065875e-01 6.03107572e-01
    7.97826529e-01 5.76677382e-01 5.62281728e-01 4.37682986e-01
    5.67834258e-01 2.85981059e-01 1.36922210e-01 7.67685413e-01
    4.37932312e-01 4.98591274e-01 5.70985258e-01 8.57110739e-01
    6.93560421e-01 8.60440731e-02 2.35138386e-01 5.82368374e-01
    9.32011604e-02 3.58198225e-01 1.42906994e-01 6.90268934e-01
    7.30739117e-01 7.29641318e-01 5.32033086e-01 3.09491456e-01
    2.18019336e-01 6.02012038e-01 5.26088715e-01 7.24816203e-01
    6.82843328e-02 1.97900116e-01 6.43325329e-01 9.57939506e-01
    3.94800872e-01 5.22477627e-02 5.22809029e-01 6.95618391e-02
    7.07270503e-01 4.65205997e-01 7.73601174e-01 5.79449296e-01
    6.50671601e-01 5.47162056e-01 3.09834242e-01 5.72244167e-01
    3.68175119e-01 9.93651628e-01 3.73586118e-01 8.04771960e-01
    9.88295674e-02 8.14630628e-01 5.17442763e-01 5.01780927e-01
    3.69916499e-01 7.97260523e-01 5.52038133e-01 1.48984194e-01
    1.28152519e-01 9.36117709e-01 5.49905121e-01 5.84501266e-01
    3.29815924e-01 1.07911825e-01 1.92395210e-01 5.69327235e-01
    6.01068377e-01 2.08892792e-01 5.31509221e-01 3.96492481e-01
    9.22976434e-02 9.80538368e-01 2.94964433e-01 8.20162594e-02
    6.21521771e-02 6.99762762e-01 1.70772493e-01 1.29625708e-01
    5.79893112e-01 2.10922152e-01 1.41885161e-01 9.75313425e-01
    5.30639589e-01 9.74252343e-01 4.43032712e-01 4.09274876e-01
    8.92188549e-02 4.19326693e-01 3.40819746e-01 6.21401966e-01
    2.84583390e-01 1.05034113e-02 6.81800842e-01 5.68099976e-01
    2.54129231e-01 4.87462699e-01 5.11506259e-01 1.67874098e-01
    9.03310657e-01 3.67277026e-01 4.95914280e-01 8.54914069e-01
    1.70017630e-01 9.42562103e-01 4.56411660e-01 7.67648339e-01
    8.59256804e-01 8.36502194e-01 1.97563022e-01 6.03483558e-01
    4.32101190e-02 4.64085400e-01 6.34346604e-02 2.06938684e-01
    4.64373320e-01 3.69510293e-01 3.04194272e-01 3.05541635e-01
    8.71278167e-01 2.90490806e-01 3.52729797e-01 1.80662841e-01
    3.22453052e-01 8.70866954e-01 8.71588111e-01 9.65236247e-01
    9.86807227e-01 8.12934935e-02 7.57745624e-01 7.36191392e-01
    5.46863616e-01 1.48838311e-01 8.98668289e-01 8.40661526e-01
    1.80235118e-01 5.88695347e-01 6.32883430e-01 5.91655612e-01
    4.00258601e-02 6.81455433e-01 3.63891631e-01 9.07428980e-01
    5.99163055e-01 4.16046351e-01 4.72717315e-01 5.74844539e-01
    9.40066278e-01 1.25822127e-01 2.40624189e-01 2.84459531e-01
    6.94177866e-01 3.50115478e-01 9.45409417e-01 5.96486807e-01
    1.09023631e-01 4.49715674e-01 5.61875343e-01 7.81848907e-01
    1.23501360e-01 7.02961206e-01 3.82308781e-01 2.56297588e-01
    9.57976758e-01 2.89408237e-01 3.09601545e-01 9.15438056e-01
    2.91060805e-01 1.48324192e-01 4.17833090e-01 6.39680147e-01
    8.20259213e-01 4.79067624e-01 8.02583098e-01 6.92895055e-03
    3.47247303e-01 4.28080261e-02 1.14769310e-01 6.49449348e-01
    7.99966097e-01 1.38012826e-01 4.86198932e-01 3.43299389e-01
    5.15765190e-01 7.79658914e-01 5.08683920e-03 9.69067752e-01
    2.36074716e-01 5.81208229e-01 8.93412352e-01 9.04924512e-01
    8.85122240e-01 2.98105359e-01 7.53175080e-01 8.37223232e-01
    1.29707098e-01 3.61693799e-01 6.12829387e-01 2.83647120e-01
    8.03743005e-01 7.61168599e-01 1.35686696e-01 3.24982703e-01
    6.39597833e-01 8.50999236e-01 1.60262704e-01 3.90521228e-01
    8.16193700e-01 7.19053090e-01 2.76015282e-01 2.92333782e-01
    6.26859426e-01 4.11191285e-01 5.07284582e-01 1.19038343e-01
    2.46447027e-01 9.03884530e-01 2.89229423e-01 7.45744586e-01
    8.34419489e-01 4.24171120e-01 7.68077016e-01 3.59311223e-01
    2.20509768e-02 5.28182983e-02 2.36083150e-01 5.46443462e-01
    6.60529613e-01 9.62410808e-01 2.94055313e-01 2.89330184e-01
    3.14024687e-02 4.37290847e-01 5.43148220e-01 2.24398047e-01
    5.55941761e-01 8.26090574e-01 9.49525237e-01 9.46713269e-01
    8.06921244e-01 4.04133588e-01 5.41598201e-01 5.91832459e-01
    3.84795755e-01 5.85542858e-01 3.39703172e-01 2.78290153e-01
    4.37565863e-01 8.09249878e-01 2.79989272e-01 3.34709674e-01
    2.59608090e-01 3.82842809e-01 4.87330645e-01 4.94149923e-01
    9.73719358e-03 3.78090769e-01 1.76686674e-01 5.03906310e-02
    7.12984145e-01 4.28702235e-01 9.10954118e-01 1.55533314e-01
    4.09642279e-01 1.69903994e-01 8.44914913e-01 4.17853922e-01
    6.37557209e-02 1.60806090e-01 3.95907462e-02 8.38248610e-01
    8.36554527e-01 9.98978257e-01 1.10155404e-01 2.43320584e-01
    3.93111587e-01 2.27182329e-01 3.83549780e-01 5.61281145e-02
    4.84082162e-01 1.56908095e-01 5.49332023e-01 7.71356583e-01
    5.03290236e-01 9.58961606e-01 4.63514864e-01 5.42939961e-01
    9.98280644e-01 8.85855496e-01 2.41895765e-01 3.62588197e-01
    2.19841659e-01 3.17405701e-01 8.10467899e-02 7.88471401e-01
    9.40819144e-01 7.39791214e-01 1.27816916e-01 4.00222063e-01
    6.88694715e-01 2.44573921e-01 1.03495806e-01 6.44697845e-02
    1.02896661e-01 4.80175167e-01 7.57017732e-03 2.53353477e-01
    8.78744483e-01 6.55662775e-01 3.01532686e-01 3.04082572e-01
    5.91977298e-01 9.57675159e-01 4.90195870e-01 3.61732632e-01
    7.93180108e-01 6.36595845e-01 4.36631620e-01 3.17596555e-01
    8.19545507e-01 2.22406000e-01 1.33202255e-01 2.24519789e-01
    2.85229802e-01 9.32448626e-01 9.72168446e-01 1.56691700e-01
    6.70852423e-01 8.84190202e-01 4.49955553e-01 2.84278691e-01
    8.14448833e-01 6.87165022e-01 7.18061030e-01 4.69414741e-01
    1.45785570e-01 2.71631211e-01 7.36449361e-02 2.35615075e-02
    5.84862232e-01 8.93130898e-01 2.97865510e-01 1.53623730e-01
    5.65360367e-01 7.15479255e-02 4.34537470e-01 1.14618570e-01
    2.00569332e-02 8.32006097e-01 9.24169838e-01 7.46393561e-01
    9.64515805e-02 5.53220153e-01 9.67747450e-01 4.35400605e-01
    4.57674056e-01 3.63324702e-01 2.91625023e-01 6.56190872e-01
    8.15020978e-01 5.02385676e-01 9.23042536e-01 3.48891795e-01
    4.75330204e-01 4.34846759e-01 5.44618368e-02 8.85739267e-01
    3.75843257e-01 9.78042483e-01 1.16640151e-01 2.26954967e-01
    1.72065318e-01 7.39662886e-01 5.94350219e-01 7.48418748e-01
    9.54718709e-01 7.96968102e-01 6.08757973e-01 4.02570218e-01
    7.37749457e-01 9.91271436e-01 2.11699784e-01 7.96530008e-01
    6.88242674e-01 3.63515437e-01 9.74237800e-01 2.53023684e-01
    9.38992023e-01 2.62395859e-01 9.10674334e-01 7.97117591e-01
    8.59459162e-01 3.30521643e-01 8.36313665e-01 1.47605807e-01
    8.39133501e-01 5.17225742e-01 3.01496685e-02 8.27545702e-01
    7.93064117e-01 1.60861552e-01 6.89660609e-01 9.32791948e-01
    3.91935110e-01 1.21190876e-01 7.13708282e-01 8.31789136e-01
    4.95767593e-01 7.36222446e-01 2.66059279e-01 1.31606698e-01
    8.55631113e-01 7.17132628e-01 7.86412239e-01 1.83479458e-01
    8.31821561e-01 2.58077204e-01 9.52319384e-01 4.12196457e-01
    5.83116353e-01 5.51133990e-01 5.67351222e-01 8.35633457e-01
    4.66459513e-01 6.34694397e-02 5.36660314e-01 6.75667703e-01
    8.19885135e-01 4.56352890e-01 2.98210174e-01 7.50055194e-01
    4.53920096e-01 6.23470306e-01 3.81439954e-01 8.85592699e-02
    5.78143716e-01 2.45723426e-02 2.98220783e-01 7.08529949e-01
    7.60236621e-01 4.05932397e-01 2.10199237e-01 3.78881544e-01
    1.23856962e-02 4.40234900e-01 8.42865825e-01 9.10815835e-01
    2.03146130e-01 4.63323355e-01 5.58084309e-01 2.57253885e-01
    4.89859104e-01 2.61557013e-01 5.34105957e-01 6.33129239e-01
    2.08025724e-01 7.74287581e-01 8.40363741e-01 9.04078901e-01
    3.95803690e-01 2.23447710e-01 7.21945524e-01 1.70185924e-01
    2.88300127e-01 4.13257450e-01 4.61020619e-01 5.21696270e-01
    2.62621164e-01 6.95717692e-01 7.46993899e-01 7.52136827e-01
    7.86702812e-01 1.71170354e-01 2.19344437e-01 1.58250540e-01
    8.54998350e-01 5.21924496e-02 5.55723250e-01 3.63253027e-01
    7.33249426e-01 6.04516685e-01 3.93072635e-01 2.81066835e-01
    9.84971106e-01 3.68815601e-01 4.85282421e-01 7.24260330e-01
    9.20690179e-01 5.87120652e-01 5.42203605e-01 5.23060262e-02
    3.36876690e-01 4.53501254e-01 7.88567066e-01 1.62207246e-01
    8.31002355e-01 4.85233605e-01 8.08610380e-01 5.62555432e-01
    4.26341683e-01 1.35479689e-01 5.52772522e-01 5.19909322e-01
    6.05611742e-01 8.21237922e-01 6.62662148e-01 9.78797555e-01
    5.65285265e-01 1.62688732e-01 7.68734455e-01 6.10479653e-01
    7.79085517e-01 6.84252381e-01 3.31205130e-02 7.23229289e-01
    1.13363117e-01 2.07247972e-01 3.34959239e-01 9.10395145e-01
    1.43048465e-01 7.65384793e-01 3.90060395e-01 6.48847520e-01
    5.47338843e-01 7.64960647e-01 5.16997993e-01 2.19033837e-01
    3.44590187e-01 1.17960542e-01 3.78202558e-01 5.42279959e-01
    1.39343739e-03 9.28099513e-01 7.16046631e-01 9.47776675e-01
    3.76598597e-01 5.71208298e-01 7.00554848e-01 9.97963428e-01
    4.08016443e-02 5.11091650e-02 3.97179961e-01 5.63358545e-01
    3.17250192e-01 1.08640760e-01 2.15457082e-02 2.87067592e-01
    5.93116939e-01 2.96871156e-01 2.54748225e-01 9.03513312e-01
    7.58640289e-01 9.30636764e-01 3.43808413e-01 4.64208096e-01
    9.29289520e-01 1.08795941e-01 8.60903859e-01 8.12725425e-01
    5.97317815e-01 7.58356452e-01 2.12432414e-01 4.02121961e-01
    2.07991451e-01 6.01379454e-01 7.78670609e-02 5.05674779e-01
    8.77897382e-01 1.51211381e-01 7.25190282e-01 6.63772225e-03
    7.18599319e-01 7.19969034e-01 8.86632562e-01 6.03611946e-01
    9.03767169e-01 4.04227942e-01 7.77205229e-01 7.47292161e-01
    6.05480671e-01 8.60574484e-01 5.42797923e-01 9.97551382e-02
    3.42225194e-01 8.34606528e-01 3.27429235e-01 3.29096854e-01
    2.67788172e-01 2.83937335e-01 5.43591261e-01 4.63504255e-01
    4.60808337e-01 6.04871154e-01 1.19472474e-01 1.05628043e-01
    5.75509071e-01 1.04917586e-01 7.52242684e-01 9.48583484e-02
    7.14753151e-01 4.11491394e-01 7.98996568e-01 1.76506281e-01
    8.39857757e-01 9.23321128e-01 7.39401579e-02 6.49237514e-01
    4.70163554e-01 3.47227633e-01 4.51936364e-01 8.40705156e-01
    5.45635223e-01 1.17844969e-01 2.26203322e-01 8.71939063e-01
    2.04513639e-01 9.84768033e-01 8.84822011e-01 3.85703146e-02
    5.43986440e-01 9.68960106e-01 1.29844189e-01 6.97084069e-02
    6.40391588e-01 4.74932849e-01 6.95618689e-01 1.62880749e-01
    3.12924981e-01 9.03863013e-01 1.50666058e-01 3.80247891e-01
    6.24937117e-01 9.86008108e-01 8.65248919e-01 5.37242413e-01
    6.23164356e-01 9.33246017e-01 8.19672346e-01 4.50902522e-01
    9.86384630e-01 5.99859953e-02 4.17220622e-01 4.08982754e-01
    1.28957987e-01 5.00113130e-01 1.55653358e-01 5.23737371e-02
    8.76544714e-01 2.60371864e-01 3.21290523e-01 5.09488106e-01
    4.11418170e-01 7.49689460e-01 9.54128206e-01 9.55493867e-01
    9.73894954e-01 9.05059576e-02 3.85094315e-01 2.92107821e-01
    4.89506751e-01 7.91245401e-01 6.28437042e-01 5.63136697e-01
    2.23690450e-01 3.16001475e-01 1.85343802e-01 4.79930997e-01
    1.67068541e-02 2.70664692e-03 6.51724637e-01 5.77571630e-01
    2.99389660e-02 9.94849443e-01 6.38440609e-01 2.78441727e-01
    8.41595352e-01 4.14122790e-01 6.36946559e-01 4.01301056e-01
    9.66781795e-01 5.63473105e-01 8.82804215e-01 8.21839511e-01
    1.01235807e-01 4.93587047e-01 7.10279286e-01 4.54932332e-01
    2.04461694e-01 5.78678370e-01 4.28727865e-01 2.20568180e-01
    6.51790261e-01 9.70720649e-02 6.66453838e-01 5.97904444e-01
    4.83357966e-01 2.22041249e-01 7.10404038e-01 2.72715151e-01
    8.04003000e-01 7.09910393e-01 4.45936680e-01 1.04831487e-01
    6.89343154e-01 1.05461746e-01 2.80651957e-01 4.94633079e-01
    2.59234369e-01 2.95044303e-01 5.68889797e-01 4.37581718e-01
    4.37827200e-01 9.51753139e-01 4.26165998e-01 1.82446092e-01
    3.60842079e-01 4.53577340e-01 8.80881667e-01 3.98117065e-01
    5.76674819e-01 7.69257545e-01 4.47354019e-01 4.16449428e-01
    2.67560989e-01 5.30132055e-01 1.73240334e-01 1.01307541e-01
    3.10112268e-01 5.80451965e-01 8.39257479e-01 9.56629395e-01
    5.04863262e-01 7.10900903e-01 4.62174952e-01 8.35219026e-02
    8.79829705e-01 6.33925319e-01 8.01477432e-01 4.47700471e-01
    5.31763911e-01 6.99979603e-01 8.96219015e-01 2.72360802e-01
    4.57859635e-01 7.91509271e-01 2.92027295e-01 6.38511062e-01
    1.16562515e-01 5.74601650e-01 2.41734028e-01 1.55737162e-01
    7.52704740e-01 6.35063112e-01 5.71459055e-01 4.17312443e-01
    1.57384962e-01 8.13513041e-01 1.94424570e-01 9.73983526e-01
    8.69504571e-01 4.52922195e-01 8.84052634e-01 4.65538502e-01
    5.92552722e-02 1.56134307e-01 1.26046956e-01 4.46364224e-01
    2.77964175e-01 3.27535748e-01 1.96816593e-01 3.82553697e-01
    6.92433059e-01 3.66965830e-01 7.86821008e-01 4.92812037e-01
    8.02685618e-01 5.28807342e-02 9.96554375e-01 8.19361210e-01
    9.24857616e-01 7.28040636e-01 5.04225492e-01 1.76662058e-01
    6.12651110e-02 4.17624980e-01 3.14395398e-01 1.07159257e-01
    5.83360314e-01 5.81997335e-01 5.45541167e-01 2.94409752e-01
    9.03954387e-01 5.91996908e-01 7.59152770e-01 5.36720872e-01
    3.40888500e-01 2.57389069e-01 8.15685391e-01 8.33772123e-01
    4.58159745e-02 5.46551347e-01 6.67956650e-01 3.86315763e-01
    1.99000955e-01 5.41215539e-01 7.66357720e-01 2.16713846e-01
    6.02723122e-01 6.64048612e-01 7.59591937e-01 8.14577818e-01
    5.06314635e-01 8.40918481e-01 9.84513283e-01 3.89075488e-01
    9.83973026e-01 2.35543162e-01 7.57401824e-01 1.54567033e-01
    6.38125718e-01 8.24818015e-01 9.96971428e-01 9.09792066e-01
    5.79866648e-01 2.42837459e-01 8.87213230e-01 3.73082161e-01
    3.25370401e-01 1.72708720e-01 7.57651448e-01 3.97680074e-01
    4.14579868e-01 5.40021658e-02 8.21111739e-01 4.04956698e-01
    7.65290856e-01 8.14929307e-02 3.94551098e-01 3.72137219e-01
    1.38132781e-01 3.13751191e-01 1.46951318e-01 1.42003357e-01
    2.46370554e-01 3.70029509e-02 2.39125222e-01 1.34271383e-03
    7.57164359e-02 3.29283595e-01 5.87024510e-01 6.76751375e-01
    8.87536705e-02 3.30974758e-02 9.61919904e-01 1.14354789e-02
    6.85910940e-01 6.94270551e-01 5.53820491e-01 3.60777318e-01
    1.52299792e-01 6.43161833e-01 3.07335287e-01 7.65896916e-01
    9.37619448e-01 7.61163116e-01 8.80196214e-01 1.81383073e-01
    4.65059221e-01 9.32089686e-01 1.08838081e-02 9.11754370e-03
    6.27869964e-01 6.65083170e-01 1.04687810e-02 5.25403380e-01
    1.91956908e-01 3.61803442e-01 5.23487926e-02 8.79068375e-01
    9.48802590e-01 8.82059515e-01 5.27536690e-01 9.72977757e-01
    7.10650325e-01 8.31418395e-01 2.85226107e-02 6.80750132e-01
    3.22040975e-01 7.19237745e-01 4.22770172e-01 1.11598670e-02
    7.82814980e-01 1.43526495e-02 6.13454938e-01 2.26497948e-01
    4.15302247e-01 6.77161396e-01 9.84814286e-01 3.33864301e-01
    5.24579644e-01 1.80299819e-01 6.01798534e-01 2.67030329e-01
    6.76530838e-01 3.04960757e-01 4.08785462e-01 1.14548922e-01
    8.50378573e-01 3.91088128e-02 9.21611905e-01 8.60974014e-01
    8.50275517e-01 9.85050797e-01 9.37676132e-01 5.64463019e-01
    2.04331815e-01 7.31047511e-01 3.06616873e-01 7.71959782e-01
    9.07715976e-01 6.33753240e-02 8.45566630e-01 5.01445293e-01
    5.25507331e-03 8.08562040e-01 6.85164273e-01 3.22163522e-01
    3.74701679e-01 1.79422408e-01 4.38002646e-02 3.47373664e-01
    9.46107507e-02 2.85254896e-01 7.77792931e-02 8.46675634e-02
    5.70047438e-01 5.49003661e-01 8.72791708e-02 5.38437665e-01
    2.11603582e-01 9.64588404e-01 8.29610705e-01 9.10021305e-01
    7.71514297e-01 5.64226806e-01 9.93361354e-01 3.01552981e-01
    8.20582271e-01 8.38321447e-01 1.98114723e-01 4.67097342e-01
    3.99110228e-01 9.84685898e-01 8.75217915e-01 7.85406947e-01
    6.56045139e-01 3.82228732e-01 2.54041463e-01 6.77956820e-01
    8.73780251e-01 4.31868911e-01 8.54473829e-01 5.09611189e-01
    3.82788599e-01 5.33714056e-01 1.12766236e-01 4.77057815e-01
    7.59931684e-01 7.08343804e-01 2.08865821e-01 5.92953205e-01
    8.31496119e-02 7.97136188e-01 4.96115148e-01 3.22669446e-02
    4.71609116e-01 1.82726681e-01 4.60197002e-01 9.54625428e-01
    7.49324262e-02 4.71288532e-01 9.34363723e-01 5.48741698e-01
    9.70467329e-01 6.23394847e-01 2.07152784e-01 4.05750513e-01
    2.57388353e-01 3.94519597e-01 9.54690933e-01 7.61701226e-01
    9.14330840e-01 3.08463097e-01 9.95373070e-01 2.40624815e-01
    7.43150711e-04 7.50591040e-01 5.26447654e-01 1.59985155e-01
    5.58182836e-01 6.13497257e-01 6.44233763e-01 6.51327252e-01
    5.39685786e-02 8.28787088e-01 6.53841436e-01 8.81969988e-01
    3.09233665e-01 6.66548371e-01 3.57710510e-01 9.75419641e-01
    9.11413252e-01 8.33999276e-01 7.02608883e-01 6.00134850e-01
    2.30030537e-01 8.74807954e-01 2.33284295e-01 4.06398714e-01
    9.86067772e-01 2.32018769e-01 8.49504530e-01 1.23719186e-01
    7.02818155e-01 1.29265547e-01 9.43486691e-01 5.18136024e-02
    4.10125047e-01 5.46416461e-01 1.48776054e-01 1.22765720e-01
    9.00050700e-02 4.18398023e-01 8.37238252e-01 7.18998313e-01
    6.88228726e-01 6.56272292e-01 3.31807196e-01 4.07817006e-01
    4.79719102e-01 9.96788263e-01 4.42152470e-01 4.37594473e-01
    4.84087348e-01 4.02233154e-01 4.41053361e-01 5.70558369e-01
    9.72026408e-01 7.01224923e-01 7.17407405e-01 4.30022299e-01
    4.77238297e-02 7.70001590e-01 8.50450695e-01 6.40115082e-01
    4.72130686e-01 6.82354093e-01 4.70079750e-01 5.19304097e-01
    1.28216445e-02 9.21853304e-01 4.18941528e-01 5.19960284e-01
    5.44812262e-01 5.77283740e-01 2.01582372e-01 5.54043591e-01
    5.49937606e-01 4.27242160e-01 4.53212380e-01 7.66543448e-01
    7.59966433e-01 6.42914891e-01 7.98015773e-01 7.92665243e-01
    3.46541703e-02 7.38428295e-01 4.54706937e-01 5.79132318e-01
    6.09174907e-01 8.54290843e-01 3.26329172e-01 9.73553002e-01
    9.86039639e-04 9.06470954e-01 1.93805158e-01 7.09720016e-01
    1.58708483e-01 2.25237161e-01 9.05292034e-01 4.82206672e-01
    9.05728459e-01 1.55209005e-01 6.11916542e-01 1.60297751e-02
    8.86709094e-01 4.24478710e-01 9.90185738e-02 8.77295732e-02
    7.65612721e-01 4.43674177e-01 1.44914418e-01 8.62147570e-01
    5.21716774e-01 9.75784063e-01 9.58166659e-01 4.31901902e-01
    4.69510436e-01 7.61458814e-01 2.52748847e-01 8.43125284e-01
    8.52246046e-01 5.16714454e-01 6.90449953e-01 1.89304382e-01
    2.71869183e-01 6.16104186e-01 3.83810043e-01 6.89202011e-01
    9.57251549e-01 7.69140363e-01 4.23393518e-01 4.20771241e-01
    2.54773259e-01 7.45869875e-01 9.58475053e-01 8.00234079e-01
    4.85908002e-01 6.08659327e-01 3.43658030e-01 4.89715934e-02
    2.31646746e-01 7.27037311e-01 3.84139746e-01 5.15162349e-01
    1.18675649e-01 4.26453173e-01 7.91568875e-01 7.45406866e-01
    8.45382452e-01 7.01419711e-01 4.35852945e-01 2.45220363e-01
    3.79102468e-01 5.46512008e-03 8.24530125e-01 7.77915418e-01
    9.42075610e-01 8.49233150e-01 2.50876069e-01 3.64572704e-01
    7.19087481e-01 1.01148129e-01 9.83341157e-01 7.94596434e-01
    1.22865438e-02 3.44172418e-01 4.84549046e-01 5.33588886e-01
    6.66310906e-01 2.67164767e-01 5.76152086e-01 4.23937529e-01
    6.99526429e-01 3.14337075e-01 9.76597726e-01 5.73937595e-02
    6.41121268e-01 1.24172449e-01 7.46488988e-01 8.59365821e-01
    1.72662705e-01 6.68196738e-01 2.54754215e-01 2.67620385e-02
    7.32123256e-01 9.38468695e-01 5.69680274e-01 1.63311839e-01
    7.20505178e-01 1.90770030e-01 5.39731741e-01 8.48729968e-01
    1.55632824e-01 2.40600884e-01 2.58899003e-01 5.14445901e-02
    3.65704298e-02 3.64562929e-01 5.09712994e-01 2.11339951e-01
    9.03102994e-01 3.84320557e-01 3.70934129e-01 9.52096164e-01
    6.93943739e-01 1.08829737e-02 7.36340761e-01 1.44962072e-02
    3.19293201e-01 9.38461602e-01 3.41635227e-01 8.23676825e-01
    7.55938888e-01 1.50549918e-01 4.76366699e-01 9.69070315e-01
    3.40096474e-01 4.11006987e-01 4.20667142e-01 7.39454985e-01
    2.20920146e-01 9.38633919e-01 7.01949000e-02 3.76422733e-01
    7.09010661e-02 7.55032659e-01 6.77240372e-01 6.01480722e-01
    5.21246016e-01 6.58470511e-01 9.92447257e-01 9.43488359e-01
    6.05140448e-01 1.18697882e-01 9.91490126e-01 5.55201173e-01
    2.03386515e-01 1.93830937e-01 3.60672802e-01 2.05280125e-01
    2.90498108e-01 1.28021151e-01 8.05574834e-01 3.72140348e-01
    7.79568255e-01 6.21383548e-01 9.25562203e-01 5.03978252e-01
    4.22597975e-01 3.80155593e-01 4.71008420e-01 5.14951348e-03
    2.69983947e-01 5.49714088e-01 9.69611406e-01 9.24171925e-01
    1.18707359e-01 6.10820055e-01 2.46980697e-01 3.73071671e-01
    6.28149211e-02 7.68512249e-01 8.66275549e-01 8.04396272e-01
    4.69675958e-02 8.87292624e-01 8.10594082e-01 2.24111915e-01
    8.24922919e-01 4.95356262e-01 6.45634830e-01 7.09483624e-01
    2.29494870e-01 9.34707642e-01 4.83456612e-01 3.64479095e-01
    8.06476831e-01 1.73479319e-03 6.72846794e-01 8.37020278e-01
    8.08158934e-01 6.33855879e-01 3.61704171e-01 7.60348320e-01
    8.36382389e-01 9.02863741e-01 7.16434896e-01 5.81795871e-01
    7.12924898e-02 4.31576848e-01 7.80335009e-01 7.15887368e-01
    2.36561894e-02 8.29636812e-01 6.33594215e-01 3.65779579e-01
    1.68940306e-01 8.59066129e-01 4.42186534e-01 6.89817786e-01
    2.91307390e-01 3.02899778e-01 1.40731603e-01 3.43953133e-01
    3.05036932e-01 8.58536601e-01 2.46654361e-01 6.40982747e-01
    8.46148849e-01 1.24451697e-01 7.90874004e-01 7.55395412e-01
    9.70130861e-01 1.54990017e-01 4.26629245e-01 1.88616723e-01
    2.53108144e-03 6.48746908e-01 5.44801533e-01 6.50755167e-01
    3.84516656e-01 7.18287468e-01 6.79123044e-01 6.56568468e-01
    4.02180254e-01 7.68055439e-01 6.42419457e-01 9.58314717e-01
    7.05126584e-01 2.24016994e-01 4.42023396e-01 4.54287529e-02
    2.38945305e-01 6.95005655e-02 6.81450367e-01 4.99469101e-01
    2.88804710e-01 1.36573672e-01 7.48302162e-01 7.41917074e-01
    5.64943373e-01 3.68735671e-01 9.19251323e-01 3.33695531e-01
    4.59056616e-01 1.63068742e-01 9.98639345e-01 2.41448522e-01
    5.08195281e-01 3.85930300e-01 2.63594091e-02 8.01920176e-01
    7.98348188e-01 9.88494337e-01 1.92322791e-01 5.83279133e-03
    5.58738112e-02 2.85920590e-01 5.38079023e-01 7.76459873e-01
    9.10766482e-01 1.25178277e-01 3.69412601e-02 6.37815595e-01
    8.75689447e-01 8.53577018e-01 6.02144480e-01 4.14154440e-01
    5.18922627e-01 6.19917214e-01 2.22573698e-01 6.68375611e-01
    2.43858248e-01 3.93791199e-01 1.14696473e-01 5.38334072e-01
    4.47853148e-01 8.80103648e-01 5.26074052e-01 6.59705639e-01
    7.51449347e-01 4.03754741e-01 4.08481181e-01 1.25097662e-01
    1.19059503e-01 5.64285100e-01 5.17653763e-01 3.57973278e-01
    5.18658459e-01 3.30973446e-01 4.12042469e-01 3.84672642e-01
    3.45865488e-01 9.42255318e-01 3.51580501e-01 2.52137989e-01
    8.01465213e-02 9.90619659e-01 3.44145298e-01 2.87803352e-01
    7.68280029e-01 5.41308522e-01 4.91964132e-01 7.15071499e-01
    7.70171285e-01 8.25943351e-01 2.95113146e-01 2.54922777e-01
    1.95316553e-01 9.30140257e-01 9.76966143e-01 6.72226548e-02
    7.69646168e-01 4.02281463e-01 9.82939899e-02 5.57655394e-02
    3.29283476e-01 1.63316250e-01 9.31286931e-01 1.24004632e-01
    6.53155208e-01 9.18234706e-01 1.54367775e-01 5.96444368e-01
    7.94872940e-02 2.07249969e-01 8.71424258e-01 5.02913833e-01
    4.89199758e-01 7.65519261e-01 6.25360847e-01 9.46710348e-01
    2.11855263e-01 2.58845985e-02 3.33087325e-01 9.10537601e-01
    5.58383644e-01 8.28619003e-01 7.60022700e-02 4.28938806e-01
    5.21897197e-01 9.38802481e-01 1.62271440e-01 8.90834689e-01
    6.41748607e-02 2.93061078e-01 7.58464694e-01 9.28062320e-01
    3.07418466e-01 4.21482682e-01 1.30559444e-01 4.96243984e-01
    3.95878851e-02 4.61522579e-01 2.73048818e-01 1.72069937e-01
    5.17500401e-01 8.61110449e-01 4.35477376e-01 6.34859681e-01
    2.78269291e-01 2.75361240e-01 6.22391462e-01 6.52588367e-01
    4.01748657e-01 3.40492696e-01 2.61896849e-02 2.49143302e-01
    2.00219661e-01 9.47561860e-02 8.13482046e-01 2.25024670e-01
    1.01077944e-01 4.34584796e-01 1.96507215e-01 1.70985162e-01
    1.27747864e-01 2.72349119e-02 7.70314693e-01 5.57363749e-01
    5.00107229e-01 9.05444503e-01 9.47905660e-01 9.53448713e-01
    7.83536196e-01 6.09120727e-03 5.45809150e-01 2.42420137e-01
    4.30381119e-01 1.55993700e-02 5.11612415e-01 6.90737903e-01
    6.95723414e-01 2.24033296e-02 5.21095216e-01 5.64848542e-01
    6.10111713e-01 9.96122241e-01 5.60830712e-01 4.84911680e-01
    9.88600075e-01 6.24780536e-01 7.52294540e-01 8.92164290e-01
    5.33012390e-01 7.71439910e-01 5.94019890e-03 3.77643615e-01
    5.78647256e-01 4.67336357e-01 6.04803562e-01 6.76217556e-01
    6.75712824e-01 2.40761608e-01 3.68119597e-01 8.14198315e-01
    8.99090528e-01 9.21545923e-02 4.57592070e-01 2.65509188e-02
    9.10692811e-01 6.26110792e-01 5.14405310e-01 4.00177062e-01
    9.70412731e-01 3.52380872e-02 3.89811695e-01 4.46364641e-01
    2.66976118e-01 4.50218350e-01 9.53427970e-01 3.77322137e-01
    1.01290882e-01 9.69982982e-01 9.03056860e-02 8.84192050e-01
    7.78729856e-01 3.05806994e-01 8.93727839e-02 9.12234664e-01
    7.63913393e-01 3.35131824e-01 9.96706426e-01 6.13538146e-01
    4.71574694e-01 6.03113413e-01 3.83263111e-01 4.42791253e-01
    8.78645062e-01 1.04154140e-01 5.67706943e-01 9.55209970e-01
    8.66384566e-01 5.52095532e-01 6.89212322e-01 8.32965434e-01
    2.01622128e-01 8.64982247e-01 1.79698467e-01 1.18602186e-01
    5.04068196e-01 1.83784842e-01 9.49424446e-01 4.44167256e-01
    2.39562660e-01 1.15449548e-01 1.48065180e-01 4.30905521e-01
    4.46113706e-01 1.92078084e-01 7.55991638e-01 7.85597026e-01
    6.08911812e-01 3.46664190e-02 7.76629746e-02 5.20112813e-01
    3.77395928e-01 8.23705137e-01 5.57728767e-01 8.81354570e-01
    3.57638180e-01 4.42549258e-01 3.66321743e-01 8.06112289e-01
    9.84659314e-01 3.83170247e-01 8.91495943e-01 8.47441852e-02
    2.91912973e-01 2.60138899e-01 5.37446558e-01 8.41793418e-01
    6.02391958e-02 8.61309767e-01 2.87233770e-01 6.37912214e-01
    4.24819112e-01 6.57840371e-01 4.05609697e-01 8.19211543e-01
    1.29878044e-01 5.05553305e-01 7.02420771e-01 1.14910543e-01
    8.67255509e-01 1.32681102e-01 4.59574401e-01 1.85027778e-01
    1.83022529e-01 8.35097313e-01 9.20052767e-01 3.87808740e-01
    6.06072783e-01 6.16058707e-01 9.65664983e-01 3.06627870e-01
    4.66499627e-02 7.66987205e-01 5.12143850e-01 5.49774647e-01
    3.74068141e-01 5.14771461e-01 9.20529008e-01 4.96085823e-01
    9.68889594e-01 4.69236374e-02 8.33154082e-01 9.57520604e-02
    3.20175707e-01 1.78852618e-01 1.93616033e-01 4.75377381e-01
    3.53116632e-01 4.05693620e-01 7.27548897e-01 6.21870279e-01
    5.14443874e-01 4.18120414e-01 7.25198209e-01 1.36358917e-01
    9.01376843e-01 5.26386499e-01 8.38162005e-02 8.83290052e-01
    4.89931822e-01 1.88288242e-01 1.51558131e-01 6.78048372e-01
    2.48378009e-01 4.64109391e-01 8.92437696e-01 9.91258264e-01
    3.97408128e-01 6.11011386e-01 9.37510192e-01 8.99139762e-01
    9.17134523e-01 5.28403819e-01 1.52956843e-02 9.38232899e-01
    3.83603901e-01 3.57640207e-01 8.03735495e-01 9.96085286e-01
    3.81586820e-01 4.26060230e-01 6.79160476e-01 5.40005624e-01
    4.95784014e-01 6.37492597e-01 1.53645694e-01 5.01861811e-01
    5.93116224e-01 2.01458305e-01 7.84647644e-01 2.79167980e-01
    7.45056152e-01 1.95943922e-01 9.05948758e-01 5.39041877e-01
    1.88335270e-01 5.89114249e-01 9.01960135e-01 1.77040517e-01
    7.67437518e-01 1.11072749e-01 2.32821405e-02 9.44598436e-01
    3.65713418e-01 8.43664885e-01 1.35872126e-01 1.58272445e-01
    4.66050953e-01 2.00383753e-01 5.05989552e-01 8.70407522e-01
    9.66064990e-01 2.30870068e-01 2.28794128e-01 6.24602199e-01
    2.41336644e-01 3.00115108e-01 5.70306301e-01 9.53545332e-01
    7.52067566e-01 2.70984173e-02 6.93466425e-01 8.10806513e-01
    8.27355027e-01 8.51463079e-01 5.39962769e-01 9.94952500e-01
    1.21542603e-01 4.75935549e-01 8.29853058e-01 1.42067850e-01
    6.36804461e-01 9.69044328e-01 3.60885024e-01 7.36864567e-01
    2.15493500e-01 1.71947062e-01 1.75464243e-01 1.13914788e-01
    1.71855539e-01 9.21834409e-02 8.97347033e-01 1.55384481e-01
    4.00727510e-01 3.45642805e-01 4.80375677e-01 3.98050994e-01
    7.19527900e-01 5.65576375e-01 3.98293346e-01 3.81576329e-01
    6.93191826e-01 5.89216828e-01 2.78080493e-01 8.19903493e-01
    6.62239075e-01 2.02237219e-01 7.36407459e-01 8.80343556e-01
    8.37166727e-01 2.21356511e-01 5.97262144e-01 1.00345612e-02
    7.79256642e-01 2.79191136e-03 7.41500378e-01 2.59649903e-01
    7.58508742e-02 5.66909313e-01 8.42835784e-01 4.20444518e-01
    3.22707593e-01 7.43325531e-01 3.64422321e-01 3.98446202e-01
    3.20863485e-01 9.49478447e-01 2.38301337e-01 7.01655328e-01
    2.92469501e-01 4.74727809e-01 8.69694173e-01 9.62908387e-01
    2.30598181e-01 5.94651043e-01 7.06390262e-01 5.85180402e-01
    5.72751164e-01 8.57880592e-01 6.97778940e-01 6.63385034e-01
    4.78328317e-01 3.00564915e-01 7.13056207e-01 3.27864707e-01
    5.15938103e-01 8.55386794e-01 4.60564852e-01 4.58701849e-01
    9.63960946e-01 1.65682495e-01 3.06476891e-01 9.93994236e-01
    1.79033428e-01 4.41218972e-01 8.39991570e-01 1.44014955e-01
    4.90508467e-01 6.53768361e-01 7.76931643e-01 3.02426815e-02
    9.50125694e-01 3.99987936e-01 8.04281950e-01 5.62001586e-01
    3.40348840e-01 6.17954493e-01 1.21722221e-01 2.38972515e-01
    6.28724754e-01 5.49870551e-01 5.20783544e-01 7.67615438e-02
    3.43074203e-02 8.68381858e-02 4.97379214e-01 6.30729496e-02
    4.67458159e-01 7.22864926e-01 9.54336762e-01 5.14576912e-01
    2.42721647e-01 1.50742710e-01 6.44306779e-01 7.29981482e-01
    8.66209865e-01 3.31654429e-01 5.15344143e-01 7.50122547e-01
    3.01243365e-02 3.97320002e-01 1.09848320e-01 4.21052158e-01
    3.65834832e-01 2.22764432e-01 5.13613462e-01 5.50793827e-01
    4.48026180e-01 6.28169417e-01 5.13628006e-01 9.00617123e-01
    1.86534613e-01 9.45126176e-01 8.69307518e-02 4.56218511e-01
    4.22621071e-01 9.46320176e-01 9.82911587e-02 5.49548209e-01
    7.17161417e-01 2.66497284e-01 5.77651143e-01 8.08652639e-01
    4.12735760e-01 6.83353484e-01 7.01455355e-01 9.21205640e-01
    6.47452414e-01 7.10074306e-01 3.91484052e-01 9.13709581e-01
    1.62226975e-01 3.20658088e-02 2.71095157e-01 3.09802473e-01
    6.66204572e-01 5.01921058e-01 9.97510195e-01 2.41717041e-01
    2.99915761e-01 4.54530150e-01 9.70884681e-01 5.33690155e-02
    7.21907377e-01 8.36232424e-01 5.30102015e-01 1.15488112e-01
    5.70321560e-01 2.51561224e-01 9.92103815e-02 8.02342355e-01
    6.56971812e-01 7.02416360e-01 6.95378184e-01 5.10752141e-01
    7.62309790e-01 5.32543838e-01 3.40670854e-01 1.54087305e-01
    5.07243395e-01 6.87179327e-01 3.26536030e-01 7.00577974e-01
    2.86337107e-01 6.68357849e-01 7.61005282e-01 7.23550618e-01
    8.15372169e-02 5.06261528e-01 9.09731388e-01 7.97227621e-01
    1.21680290e-01 9.50177908e-01 2.66804457e-01 3.82230312e-01
    8.92361581e-01 1.41604692e-01 6.83030427e-01 5.41417301e-01
    7.73551881e-01 6.71398282e-01 1.42169893e-01 4.97394800e-02
    6.87441349e-01 3.54985654e-01 7.63598800e-01 2.65948772e-02
    7.85812557e-01 6.65787816e-01 2.85633683e-01 4.14239466e-02
    2.08122700e-01 9.32649612e-01 9.73424077e-01 2.00714171e-02
    7.37380087e-02 2.10979879e-02 3.39571297e-01 2.99294770e-01
    8.46130550e-01 5.94018281e-01 9.70556259e-01 1.88097417e-01
    6.06833041e-01 1.95772558e-01 4.22441185e-01 2.96326876e-02
    1.93855196e-01 6.65241838e-01 1.99209630e-01 4.06139851e-01
    3.03164631e-01 9.10774469e-02 4.37980443e-01 2.98290521e-01
    2.91754007e-01 4.97782171e-01 4.38087255e-01 3.60493064e-02
    4.13134664e-01 9.99432206e-01 1.23865992e-01 9.11216736e-01
    8.69310498e-01 5.54347694e-01 4.17416841e-01 7.91942894e-01
    3.95237803e-01 5.63802660e-01 6.52166307e-02 2.79749036e-01
    7.61855066e-01 6.61356449e-01 6.45897508e-01 2.47907311e-01
    3.40780139e-01 7.37554133e-02 5.43900013e-01 9.73875284e-01
    1.37158394e-01 8.74258161e-01 9.35527921e-01 4.63870972e-01
    2.60713160e-01 6.18305087e-01 9.15121138e-02 1.30248159e-01
    7.55834281e-01 3.82975191e-01 6.26614451e-01 7.78104365e-01
    3.56403887e-01 8.45934629e-01 4.44193184e-02 3.16720486e-01
    2.63216794e-01 4.20367569e-01 4.95638251e-01 1.56950176e-01
    3.65335643e-02 7.77443826e-01 6.44260526e-01 2.88434654e-01
    2.02122927e-02 7.16013551e-01 1.31819099e-01 2.39247918e-01
    8.50679517e-01 7.45755434e-02 8.97656679e-01 6.60092056e-01
    5.88908195e-02 7.28959799e-01 5.25756061e-01 9.07377064e-01
    1.86387777e-01 3.10625792e-01 4.79582667e-01 1.03154272e-01
    9.70147610e-01 3.69369864e-01 9.79770899e-01 5.56187034e-01
    3.03613991e-01 6.57207727e-01 2.45960653e-02 3.45626146e-01
    6.69119835e-01 2.29333490e-01 4.14939761e-01 2.02752262e-01
    5.11097014e-02 4.50228065e-01 3.74917567e-01 2.78874576e-01
    2.68689871e-01 4.27123129e-01 8.34495425e-01 8.97035956e-01
    8.38154256e-02 3.87911975e-01 2.51948476e-01 9.75851178e-01
    3.51684809e-01 5.91403782e-01 3.36204052e-01 3.89501333e-01
    6.39518857e-01 2.89222240e-01 5.02240121e-01 5.76135337e-01
    2.22305626e-01 1.41711950e-01 6.56964362e-01 1.98680133e-01
    4.95232522e-01 5.84484100e-01 1.18650466e-01 5.79085231e-01
    3.40257704e-01 8.02929521e-01 4.69864696e-01 3.68358612e-01
    4.17470336e-01 6.26399279e-01 6.25184178e-01 8.80400777e-01
    7.67196774e-01 1.11019105e-01 9.96882379e-01 1.45711154e-01
    8.91923428e-01 8.58322263e-01 7.93706954e-01 7.28058279e-01
    3.01383764e-01 1.89523101e-01 2.97975898e-01 4.63018686e-01
    4.72835392e-01 6.11024857e-01 2.45259941e-01 8.38871717e-01
    5.27926743e-01 7.13573933e-01 4.54385728e-01 9.09707785e-01
    4.90054905e-01 6.39192760e-02 2.95454264e-01 4.66344446e-01
    3.88182908e-01 7.47205794e-01 8.13372254e-01 5.24434984e-01
    7.36981153e-01 6.00559592e-01 3.95526350e-01 6.24471903e-03
    5.71686625e-02 5.90383530e-01 7.65450239e-01 2.07573593e-01
    4.20582145e-01 7.58992672e-01 9.73118484e-01 8.35921526e-01
    6.85486555e-01 2.73884594e-01 3.42099369e-02 4.70815808e-01
    7.99899995e-02 8.39952350e-01 5.00183702e-02 9.38680291e-01
    8.43292296e-01 2.45955139e-01 3.37738991e-01 8.61459315e-01
    6.47111893e-01 1.12577021e-01 1.92984045e-02 2.64136672e-01
    2.35026985e-01 6.78558111e-01 3.61129463e-01 7.63345718e-01
    4.27317679e-01 6.46859527e-01 6.69273376e-01 5.93432069e-01
    7.83238053e-01 6.26135588e-01 4.55709577e-01 3.46534580e-01
    9.54930663e-01 3.40748727e-01 9.37772393e-01 3.23365033e-02
    8.54887247e-01 1.81119293e-01 3.62578809e-01 6.48316026e-01
    4.73788798e-01 2.08329558e-02 4.18246835e-01 5.32749295e-02
    6.43725872e-01 7.54685044e-01 2.00555801e-01 3.16588849e-01
    9.38647389e-02 4.74575996e-01 4.20263380e-01 1.30046219e-01
    5.83348811e-01 2.09441245e-01 8.19804013e-01 4.21654284e-02
    5.16914427e-02 7.06326604e-01 7.98256040e-01 5.53427637e-01
    9.22576547e-01 9.62551594e-01 3.27859938e-01 6.99441135e-02
    1.72002017e-02 3.95501614e-01 9.84646678e-01 3.74949098e-01
    7.21574545e-01 7.97159612e-01 5.72258234e-02 5.68247497e-01
    7.70830810e-02 6.34577870e-01 9.81903017e-01 5.23875833e-01
    4.80278641e-01 4.71337348e-01 2.08086222e-01 1.79366082e-01
    5.91373801e-01 3.47921371e-01 7.45837271e-01 4.60811049e-01
    2.96094269e-01 3.28512490e-01 9.58572745e-01 9.76457000e-01
    6.02270365e-01 2.91969359e-01 2.71507382e-01 9.36547995e-01
    1.21558070e-01 3.40345562e-01 2.68175900e-02 7.65315652e-01
    6.30961657e-01 6.05407357e-01 3.76022965e-01 2.35840619e-01
    5.07335067e-01 6.87552094e-02 6.11327887e-01 7.36294329e-01
    2.62254417e-01 7.55189538e-01 4.68889415e-01 8.85805488e-01
    9.85298038e-01 8.57168674e-01 7.08495378e-02 9.54747438e-01
    6.15521669e-02 9.10210013e-01 6.35867119e-01 2.10670024e-01
    4.32145238e-01 3.50997746e-01 1.95598602e-01 2.06816673e-01
    1.09230608e-01 2.73099363e-01 7.36220777e-01 7.80745149e-01
    5.38147807e-01 3.27544928e-01 9.13396716e-01 2.38724291e-01
    2.46211350e-01 9.60294843e-01 7.95521617e-01 3.72117221e-01
    3.94929022e-01 7.71054029e-02 3.76264542e-01 7.20706880e-01
    2.06020772e-02 7.11932957e-01 9.02030766e-02 6.24269605e-01
    8.35960507e-01 5.25115490e-01 3.02726209e-01 7.67760456e-01
    7.86941767e-01 5.04858613e-01 1.91814601e-02 2.67554343e-01
    1.43932253e-01 6.27113700e-01 7.90996194e-01 2.20014125e-01
    7.83465743e-01 8.20424557e-02 2.31287181e-02 3.09387058e-01
    7.42935538e-01 7.25785613e-01 9.92623448e-01 4.70128298e-01
    7.36017048e-01 8.72016191e-01 4.03210789e-01 7.60008812e-01
    3.40387195e-01 2.34609634e-01 9.62628722e-01 6.42240942e-02
    4.17855382e-03 1.17406428e-01 6.14494145e-01 8.67445469e-01
    2.17352122e-01 6.65057898e-01 2.05921292e-01 4.67298597e-01
    9.91942406e-01 2.67490149e-01 6.58949077e-01 9.79296565e-01
    9.06808972e-01 4.27376986e-01 9.42943573e-01 7.64758945e-01
    9.16572213e-01 3.85997593e-02 6.20418966e-01 8.55142713e-01
    8.30189228e-01 1.18257076e-01 7.15421379e-01 3.93354982e-01
    3.84853929e-01 6.62514329e-01 3.97348404e-02 8.20924520e-01
    9.99036908e-01 5.55920899e-01 5.51471770e-01 7.45266199e-01
    2.64835984e-01 6.31833076e-01 7.42631018e-01 2.66289473e-01
    2.06503749e-01 9.18597698e-01 6.34150445e-01 7.06400275e-02
    4.07694578e-01 4.33212906e-01 3.11770350e-01 5.34324944e-01
    8.35373878e-01 7.52747774e-01 7.34464705e-01 9.70436633e-02
    3.78495455e-03 4.84850049e-01 6.08268678e-02 3.80659759e-01
    2.73483813e-01 3.27346325e-01 4.54635620e-01 5.88046312e-01
    7.59448349e-01 6.51518583e-01 4.31209624e-01 9.71928358e-01
    7.69398570e-01 3.60492349e-01 3.82980853e-01 3.72040033e-01
    1.95703834e-01 8.89264822e-01 9.17254925e-01 7.05289245e-02
    6.31761432e-01 2.96432316e-01 6.04822636e-01 6.54565394e-01
    3.18972707e-01 4.88007069e-03 1.58081323e-01 7.26144612e-01
    6.27724588e-01 8.45560491e-01 4.86830890e-01 3.81537616e-01
    9.90573287e-01 2.15732276e-01 2.06393301e-02 2.77514338e-01
    5.89944124e-02 2.78416872e-02 5.03214896e-02 5.28582633e-01
    7.44696975e-01 7.96909928e-01 6.17511153e-01 1.82214767e-01
    7.11982429e-01 9.74362254e-01 4.74318922e-01 5.36242545e-01
    5.37037849e-04 7.89000869e-01 1.84244424e-01 6.57033145e-01
    9.78545845e-02 8.36525261e-01 8.28098178e-01 8.39434862e-01
    3.40365022e-01 2.63148546e-01 2.71260142e-02 6.18858099e-01
    3.57189894e-01 2.84829974e-01 5.50279379e-01 6.90126896e-01
    1.92359984e-02 5.19895852e-01 4.26684320e-02 4.21641648e-01
    8.71542394e-01 8.27851892e-03 1.09721303e-01 4.59510267e-01
    7.09536910e-01 5.59928238e-01 2.49159366e-01 1.43837720e-01
    2.10627377e-01 1.26105517e-01 7.32464492e-02 3.37744683e-01
    9.77529287e-01 7.46026933e-01 7.01505244e-02 4.84357625e-01
    3.85340750e-01 8.82625520e-01 6.31573081e-01 8.33940029e-01
    9.16894674e-01 1.26141608e-02 9.38938975e-01 2.62495607e-01
    4.29615527e-01 7.52535462e-03 1.28525019e-01 2.97027051e-01
    6.89563096e-01 3.75450015e-01 1.85763478e-01 1.07846260e-01
    4.74594951e-01 9.89836156e-01 2.95818359e-01 1.63321376e-01
    1.30961061e-01 6.39113128e-01 4.90876734e-02 5.77412307e-01
    9.57531333e-01 6.13615692e-01 2.99108773e-01 6.13328815e-01
    8.80012214e-02 5.42284727e-01 1.64983988e-01 8.52245986e-01
    4.62093741e-01 5.24373889e-01 2.85482705e-02 3.71285886e-01
    8.47805500e-01 3.08823377e-01 5.48797488e-01 8.21294010e-01
    8.48775208e-01 2.41710246e-01 1.70981109e-01 9.01784897e-02
    5.37355959e-01 9.83652711e-01 3.28289509e-01 9.74409342e-01
    4.06672806e-01 7.41481125e-01 6.16333961e-01 9.00767803e-01
    8.72766137e-01 2.92050242e-01 5.92312932e-01 3.60317826e-01
    4.02167439e-02 1.10535055e-01 6.14453971e-01 2.75191575e-01
    6.54331148e-01 7.90007710e-01 3.08888555e-02 1.29116297e-01
    7.72259116e-01 6.04078293e-01 7.49948978e-01 6.94162250e-01
    2.18592882e-02 5.65818250e-01 9.87897277e-01 5.89428604e-01
    8.10474157e-04 6.37510240e-01 8.73215139e-01 6.39986873e-01
    8.03739548e-01 5.59257805e-01 9.15120721e-01 6.44371271e-01
    5.00137806e-02 2.60148287e-01 4.82351720e-01 8.57757330e-01
    2.58215576e-01 8.84582758e-01 2.61314154e-01 4.15838599e-01
    6.63080156e-01 5.24495065e-01 5.11492610e-01 2.59317636e-01
    4.56457704e-01 2.58799553e-01 4.66324985e-01 3.89153421e-01
    9.82040048e-01 1.93250835e-01 2.40515560e-01 5.14422417e-01
    6.66260600e-01 6.00426674e-01 7.43531883e-02 6.90107346e-01
    2.22829938e-01 6.90585673e-02 8.53356600e-01 1.86835527e-02
    2.05127686e-01 1.04176253e-01 1.08470947e-01 9.94031489e-01
    2.89224774e-01 6.10154867e-01 6.90677047e-01 2.92110562e-01
    7.81319916e-01 2.48035610e-01 2.27808207e-01 5.23645699e-01
    5.24126589e-02 6.16608202e-01 6.72991633e-01 5.67827523e-02
    4.22081858e-01 2.07645565e-01 8.58628988e-01 6.94308341e-01
    4.59258646e-01 4.66966063e-01 1.51661873e-01 1.47660822e-01
    7.46217072e-01 2.76668847e-01 1.52376026e-01 9.76474762e-01
    7.91135550e-01 8.87172580e-01 3.15110683e-02 6.66749060e-01
    2.26557612e-01 9.58163619e-01 1.94635063e-01 5.31859457e-01
    5.18755913e-01 4.56848204e-01 9.04961109e-01 3.98375869e-01
    6.41558170e-01 5.82263052e-01 6.67845905e-01 5.51947832e-01
    7.20268071e-01 9.89425778e-01 4.99978989e-01 9.98017609e-01
    3.14893782e-01 5.05428731e-01 2.27252841e-02 9.85431790e-01
    4.33121711e-01 7.31582403e-01 9.33127999e-01 6.98592663e-01
    4.61975247e-01 7.12073922e-01 6.84670866e-01 6.79157734e-01
    8.54530454e-01 2.81632006e-01 5.87473035e-01 5.86035907e-01
    2.39998281e-01 4.19007510e-01 6.54623389e-01 3.28290462e-01
    6.75585508e-01 6.53098166e-01 3.71357024e-01 7.28374839e-01
    8.04007053e-01 4.88069057e-02 4.82964545e-01 5.84304452e-01
    6.45024896e-01 3.87230158e-01 1.11179918e-01 9.10886765e-01
    6.89285517e-01 3.62256765e-01 2.37941682e-01 5.68375170e-01
    2.58770347e-01 9.70059037e-02 6.86753392e-01 4.85071361e-01
    5.36597848e-01 4.71363157e-01 2.33387947e-01 9.31314766e-01
    9.47275996e-01 4.92320329e-01 5.53092837e-01 5.22643447e-01
    5.57897806e-01 8.57659459e-01 6.96187019e-02 4.88045156e-01
    8.10621977e-02 5.00077307e-02 9.74334359e-01 4.97021109e-01
    1.60974741e-01 1.19888633e-01 5.87036610e-02 6.35340929e-01
    5.61262488e-01 5.43836176e-01 7.48896539e-01 1.19746029e-02
    7.93712378e-01 9.27256107e-01 7.16676354e-01 6.80778921e-01
    9.15664852e-01 9.07021821e-01 9.60689664e-01 6.61797285e-01
    6.10900939e-01 6.25488639e-01 8.44186306e-01 3.48515362e-01
    1.94788516e-01 7.01150775e-01 7.58092642e-01 9.56627548e-01
    9.28760052e-01 2.05407441e-02 9.75425839e-01 5.80971897e-01
    7.33548343e-01 7.96810031e-01 5.66889524e-01 1.83028311e-01
    1.01277918e-01 4.13353086e-01 8.37046623e-01 6.02238715e-01
    1.92015529e-01 1.66440070e-01 7.08544254e-01 1.77433997e-01
    9.63033974e-01 6.25023127e-01 4.23156351e-01 2.99073160e-02
    5.48569977e-01 1.08222067e-01 6.59068227e-02 4.05632973e-01
    9.64557648e-01 5.32898307e-03 2.87808061e-01 7.56918371e-01
    4.29130256e-01 3.06980014e-01 1.94138497e-01 4.06918198e-01
    3.13919187e-01 5.22453129e-01 8.45108986e-01 5.98103225e-01
    5.10013521e-01 5.89502275e-01 3.62485677e-01 4.03834701e-01
    4.26123738e-02 1.62743688e-01 6.43181086e-01 1.72067970e-01</data></test_img>
<my_img type_id="opencv-matrix">
  <rows>128</rows>
  <cols>256</cols>
  <dt>f</dt>
  <data>
    6.03488147e-01 5.74154437e-01 7.61003613e-01 2.86765903e-01
    1.23457861e+00 1.57997465e+00 1.15949273e+00 1.57419837e+00
    1.10000670e+00 8.80676031e-01 1.28267217e+00 5.80444455e-01
    9.51794267e-01 1.02983427e+00 6.18104935e-01 1.22100210e+00
    5.22256017e-01 -4.37341630e-02 8.60939920e-01 1.56492746e+00
    1.70155287e-01 2.96303838e-01 -2.08450556e-01 -2.46480405e-01
    1.43225610e+00 1.34635901e+00 -2.83452094e-01 7.24552691e-01
    -1.13083944e-01 6.51993036e-01 2.88357288e-01 1.29175103e+00
    4.46344316e-02 1.55167365e+00 5.20741642e-01 3.23039412e-01
    1.47485065e+00 1.03921700e+00 1.59325838e+00 9.20986056e-01
    1.07978535e+00 1.21441269e+00 1.55233097e+00 5.41154146e-02
    1.06308252e-01 1.45532656e+00 -2.84801066e-01 1.28337908e+00
    1.43293405e+00 -8.73242319e-02 2.15373158e-01 3.80643159e-01
    1.71238971e+00 5.22727370e-01 -1.04397982e-01 1.53359473e-02
    7.82096744e-01 -2.77498394e-01 1.73238444e+00 1.27750373e+00
    -1.51582837e-01 1.46990824e+00 1.25273049e+00 1.65379310e+00
    7.19103515e-02 -6.96479827e-02 1.07933462e+00 6.82525814e-01
    1.95803031e-01 6.38051987e-01 4.06506449e-01 1.60641038e+00
    1.10061359e+00 1.04063189e+00 3.10507864e-01 1.40139055e+00
    1.40797782e+00 1.31259108e+00 -1.86223403e-01 9.37778950e-02
    1.36768353e+00 1.33082533e+00 6.44906104e-01 6.34615421e-01
    4.18522984e-01 1.21611154e+00 1.22488070e+00 4.00777459e-02
    7.08901465e-01 -1.37520030e-01 -2.89185137e-01 1.59143627e+00
    5.97397625e-01 -5.63470423e-02 1.51494056e-01 1.48773861e+00
    1.41771221e+00 1.00235939e+00 1.33161545e+00 6.79826200e-01
    3.71535510e-01 5.30867696e-01 1.55320764e-02 1.24554932e-02
    5.49393952e-01 6.99450731e-01 3.23614776e-02 5.07491469e-01
    1.32291341e+00 1.73804712e+00 1.26948678e+00 4.34253812e-02
    9.06217992e-01 -2.35507220e-01 1.60616386e+00 1.25094283e+00
    6.84682131e-01 1.53146052e+00 1.56583273e+00 5.64014435e-01
    -1.30100146e-01 5.20510375e-01 7.64291435e-02 3.57869774e-01
    1.12926388e+00 7.54299402e-01 2.62709081e-01 2.10493654e-01
    1.24935222e+00 -2.53030241e-01 1.41297734e+00 1.15601987e-01
    6.47717774e-01 1.74437910e-01 1.17075658e+00 1.59306616e-01
    -1.24879323e-01 6.35099113e-01 2.22541124e-01 -2.23408103e-01
    1.13299716e+00 8.71925354e-01 1.15036428e+00 1.19186091e+00
    7.64811993e-01 1.01121879e+00 -1.21674150e-01 1.68754965e-01
    5.61792314e-01 3.82444322e-01 1.00936508e+00 5.98484039e-01
    3.53768498e-01 1.61981773e+00 1.31735158e+00 1.52295172e-01
    1.66262686e+00 7.53929734e-01 -5.43517172e-02 1.73645234e+00
    8.79459679e-02 1.59828448e+00 5.42329609e-01 9.04915035e-01
    -2.11258829e-02 -2.03522801e-01 9.10921633e-01 -1.15885675e-01
    1.61679864e+00 -5.20313978e-02 8.32222044e-01 8.57815623e-01
    -1.81396902e-02 -3.00915837e-02 4.91686940e-01 -4.71881330e-02
    6.93901122e-01 3.67993683e-01 -1.04446173e-01 1.53539824e+00
    9.58986282e-01 1.53268707e+00 1.53615880e+00 5.40893972e-01
    1.29780161e+00 1.40446997e+00 5.65857053e-01 1.43027353e+00
    6.72430873e-01 1.59956491e+00 1.68589354e-01 1.19884741e+00
    7.35825658e-01 8.74929130e-01 7.16816306e-01 9.50727284e-01
    4.81947511e-01 1.65280855e+00 5.50160885e-01 5.20501554e-01
    1.13176155e+00 9.14197862e-01 1.22662377e+00 1.13981605e+00
    1.73705161e-01 9.95977879e-01 1.64433670e+00 1.62324953e+00
    1.31579602e+00 -1.32811531e-01 5.88542521e-01 1.61520219e+00
    6.02327466e-01 1.38182425e+00 1.68830013e+00 1.19941616e+00
    8.25056732e-02 -1.72250152e-01 1.39798415e+00 6.82694554e-01
    7.05953002e-01 1.12472904e+00 1.35095835e-01 -2.37035722e-01
    6.47868812e-01 7.12875783e-01 2.99927980e-01 2.11071074e-01
    2.62216032e-01 1.10196304e+00 -1.96833700e-01 1.58643496e+00
    9.99616921e-01 3.16710055e-01 1.47518694e+00 1.29095268e+00
    -3.42941910e-01 2.97490001e-01 8.62380385e-01 1.10197961e-01
    2.27819502e-01 -1.91216439e-01 1.31778777e-01 6.11216545e-01
    9.01206613e-01 5.29151678e-01 1.01873016e+00 9.06220078e-01
    1.10571593e-01 8.33745241e-01 -1.50059581e-01 1.11075902e+00
    -1.48458630e-01 4.52296585e-01 -7.31447786e-02 6.19799614e-01
    4.87731367e-01 1.58723474e+00 5.80154061e-01 -4.45953637e-01
    7.75990725e-01 6.91918969e-01 -7.30078220e-02 1.19561172e+00
    2.49060273e-01 -3.24900478e-01 -1.53899193e-02 7.78796434e-01
    1.23590851e+00 1.55845237e+00 7.79667079e-01 -5.44091046e-01
    1.13190341e+00 1.27810931e+00 5.16399622e-01 5.33827782e-01
    1.48626447e-01 1.03583932e+00 1.50864744e+00 1.04996729e+00
    1.57607150e+00 1.15406466e+00 1.54803133e+00 1.04273736e+00
    1.31258297e+00 8.41977715e-01 3.80847484e-01 5.45382202e-02
    1.44053853e+00 9.70276356e-01 1.44858450e-01 6.05961442e-01
    6.45390391e-01 -4.75609303e-03 1.16599870e+00 -3.18023622e-01
    1.36032653e+00 1.36204994e+00 6.75996780e-01 1.98107541e-01
    -7.37100840e-03 9.67107177e-01 1.65701675e+00 2.20197529e-01
    7.87740052e-02 1.10379791e+00 8.96550179e-01 8.50933909e-01
    3.70309949e-01 -3.69015634e-01 1.10072601e+00 1.06319761e+00
    -2.45281264e-01 1.51162148e+00 -3.63311023e-01 1.21797323e-01
    7.90655255e-01 5.93159914e-01 -2.84206867e-02 8.48278642e-01
    1.37962073e-01 -1.89208955e-01 -8.30161572e-03 7.45904803e-01
    4.76666749e-01 1.14516926e+00 1.42674148e+00 1.22177267e+00
    -8.29556584e-03 -3.39702189e-01 3.66497606e-01 -1.91638649e-01
    5.62999189e-01 7.10122347e-01 -1.87525779e-01 -9.77583826e-02
    7.21187830e-01 1.01879478e-01 3.72102618e-01 1.54328704e-01
    1.34554446e+00 1.05571675e+00 9.03725684e-01 9.79238629e-01
    1.55163145e+00 2.63728797e-01 9.85342741e-01 3.59683871e-01
    1.67252094e-01 -2.10026771e-01 9.25677538e-01 1.53259897e+00
    -1.06100827e-01 3.35333228e-01 5.25747836e-01 1.57455409e+00
    6.08050227e-02 9.77165043e-01 5.77562213e-01 7.72331655e-02
    1.06994474e+00 1.05710077e+00 1.03894353e+00 4.17423844e-02
    1.56099081e-01 1.45632589e+00 1.19071305e-02 7.96240687e-01
    4.95525599e-02 -5.87335825e-02 1.77241534e-01 3.26784551e-01
    8.68813455e-01 1.56183970e+00 -3.70987922e-01 -3.09260607e-01
    -3.04037631e-02 8.13044906e-02 1.25233972e+00 1.11620533e+00
    8.02800536e-01 2.70649791e-01 5.94218135e-01 7.20616817e-01
    1.09349644e+00 6.23056412e-01 9.06419277e-01 1.44722092e+00
    3.52136195e-02 1.57675052e+00 -3.18396181e-01 5.73567748e-01
    1.40508676e+00 -1.03670061e-02 -1.11179382e-01 7.94275105e-02
    6.47800326e-01 -1.79243773e-01 5.80545306e-01 3.48894209e-01
    2.55388707e-01 1.68506980e-01 -1.23833954e-01 1.30734706e+00
    2.14323789e-01 9.65846241e-01 -3.19853544e-01 9.74430203e-01
    9.30834770e-01 8.90296578e-01 3.50265563e-01 1.97947055e-01
    1.40988278e+00 -3.69089484e-01 2.71222651e-01 7.29436278e-01
    3.58978152e-01 1.37786198e+00 1.43071496e+00 1.32102716e+00
    2.04000622e-01 5.87426245e-01 7.12724805e-01 -3.42658609e-01
    1.30724537e+00 4.26651061e-01 1.27831888e+00 4.57527190e-01
    1.04651499e+00 2.13204682e-01 2.65605301e-01 5.15518069e-01
    1.44182599e+00 1.17584920e+00 -2.92285562e-01 -1.60997838e-01
    9.63006914e-02 -2.79783607e-01 1.24269128e+00 1.19204736e+00
    -4.26000208e-01 1.20290470e+00 3.83058041e-01 5.53855717e-01
    1.31288493e+00 -2.58765578e-01 -6.65018559e-02 1.44302130e+00
    4.53644067e-01 3.58489156e-02 -2.39347517e-02 9.55849290e-01
    1.27363503e+00 4.12819058e-01 8.70429099e-01 4.66766328e-01
    8.27841461e-01 1.32467330e-01 2.58170784e-01 8.07221532e-01
    8.57376277e-01 -3.69616121e-01 7.04325676e-01 1.06926858e+00
    -3.54594409e-01 9.33091164e-01 9.42337871e-01 2.95740008e-01
    5.25817513e-01 -3.62712741e-02 -5.39064109e-02 3.22104037e-01
    -2.63060510e-01 8.03884149e-01 -2.87175119e-01 2.13146389e-01
    3.34745795e-01 1.42318106e+00 1.30505466e+00 5.42678833e-01
    1.65441453e+00 9.93234634e-01 1.35591078e+00 7.93098211e-01
    1.82824671e-01 4.56823379e-01 6.98513269e-01 9.24314439e-01
    3.53084534e-01 1.56555653e-01 8.94420981e-01 2.21503377e-02
    8.47946405e-01 7.44254887e-01 8.08275104e-01 6.48392200e-01
    1.34814441e+00 3.33783507e-01 1.02901363e+00 7.69675016e-01
    6.91145420e-01 1.37749946e+00 5.53889334e-01 1.20260000e+00
    8.61347675e-01 1.49778819e+00 -8.56399536e-03 7.40786254e-01
    1.51103461e+00 3.59763771e-01 3.64960730e-01 1.70410490e+00
    1.28466165e+00 1.37950182e+00 4.45693731e-02 4.74997699e-01
    -2.52965540e-01 1.03081703e+00 2.08084404e-01 1.03439236e+00
    1.31626749e+00 5.20007491e-01 1.25153327e+00 -4.19025898e-01
    9.10168648e-01 1.31644475e+00 1.09544086e+00 6.87092125e-01
    1.26059985e+00 1.78367496e-02 -4.26099479e-01 1.36415577e+00
    -5.84222496e-01 1.18489885e+00 2.21620500e-01 -1.16173029e-02
    -3.12128216e-01 6.74871266e-01 2.57652581e-01 7.75057256e-01
    1.08787560e+00 2.81365454e-01 -3.09236646e-02 1.10856485e+00
    1.41264248e+00 6.21578097e-02 5.26410341e-02 1.71882868e-01
    9.76720989e-01 6.76211655e-01 1.06011450e+00 8.97108674e-01
    -3.46718967e-01 4.22956944e-02 -1.69121951e-01 1.07340813e+00
    3.49622667e-01 -3.73419434e-01 -6.88093901e-02 1.00009739e+00
    8.81273270e-01 1.35504961e-01 1.51420045e+00 2.75846422e-01
    4.27540660e-01 -3.76725167e-01 1.56678128e+00 7.04719186e-01
    1.52223134e+00 1.11939692e+00 -1.38195693e-01 8.72126997e-01
    5.60590029e-01 6.02242947e-01 8.54793429e-01 1.48784590e+00
    6.25202775e-01 1.97665215e-01 -1.69655636e-01 6.87849820e-02
    8.68231058e-02 1.92884922e-01 -2.57992744e-01 9.66568053e-01
    1.48242831e+00 1.48019838e+00 1.48279130e-01 1.10320282e+00
    1.10015225e+00 1.17556572e+00 8.54741931e-02 2.77925670e-01
    1.34685802e+00 9.63804483e-01 7.75534272e-01 9.85981107e-01
    1.06575382e+00 -1.24888718e-01 1.28385949e+00 -4.10881251e-01
    1.11883819e+00 1.10333991e+00 1.39430881e+00 1.43349147e+00
    -1.26246482e-01 4.76769507e-01 8.49212289e-01 1.44999981e-01
    7.20116675e-01 7.47144341e-01 1.48622501e+00 -3.87994826e-01
    2.35918671e-01 1.74368083e-01 4.22931910e-01 9.62786078e-01
    1.26109886e+00 1.49142754e+00 1.49589777e-01 4.66993511e-01
    6.02766514e-01 4.83378202e-01 2.10219443e-01 -3.09506178e-01
    7.49788642e-01 1.25124335e+00 2.54129440e-01 1.11883092e+00
    -2.73286700e-02 4.76045907e-01 1.24793887e+00 1.35850954e+00
    -1.95993423e-01 5.98449826e-01 -1.09439492e-02 5.23827076e-02
    -3.89214396e-01 8.65984499e-01 6.29732609e-02 -4.07065600e-01
    1.44960833e+00 -4.34783757e-01 1.34061575e+00 1.42662811e+00
    -5.99874258e-02 1.18376923e+00 -4.17891920e-01 5.66675186e-01
    5.13108730e-01 3.29675674e-02 6.11944139e-01 9.10762310e-01
    1.47531235e+00 1.46429706e+00 1.95731401e-01 9.49454069e-01
    2.33793676e-01 8.61447453e-01 6.99453831e-01 1.01487398e-01
    1.36941659e+00 1.09878778e+00 -1.64903104e-02 1.30192721e+00
    5.40165424e-01 9.10461903e-01 -3.37555826e-01 -3.92285585e-01
    1.06442630e+00 1.84214085e-01 -1.76385045e-03 2.00305879e-01
    1.29980111e+00 4.19536352e-01 -4.37502325e-01 3.66495490e-01
    1.45450568e+00 1.19040382e+00 -1.48405135e-02 4.74893540e-01
    -4.25909847e-01 5.98631978e-01 1.03571570e+00 6.89502358e-01
    5.16364396e-01 1.11937428e+00 1.21276510e+00 1.47903752e+00
    8.78642559e-01 1.21987629e+00 3.16328347e-01 -1.39058828e-02
    3.41681242e-01 -3.59678686e-01 -2.45557487e-01 -2.29391903e-01
    1.11639786e+00 8.92199934e-01 -4.44483817e-01 1.26513529e+00
    -8.21182728e-02 2.30172098e-01 6.53840661e-01 6.23677492e-01
    3.09590727e-01 -3.75621647e-01 2.11828083e-01 1.29137111e+00
    -4.23326015e-01 9.41308141e-01 1.27550638e+00 -9.25211906e-02
    -5.98025024e-02 -2.67386079e-01 1.44964963e-01 1.14429200e+00
    1.08073628e+00 -4.49322939e-01 1.27059126e+00 3.05245161e-01
    1.70389533e-01 1.26242256e+00 8.33598793e-01 -8.21622014e-02
    1.18048072e+00 8.57401609e-01 -2.47440398e-01 4.55610096e-01
    6.20817006e-01 5.61067343e-01 7.74590790e-01 6.11330330e-01
    1.56994164e-01 6.13059402e-01 3.81452858e-01 2.36817062e-01
    -3.42536598e-01 2.82810807e-01 6.58537269e-01 7.76862442e-01
    -5.87974489e-02 4.61223572e-01 -3.01993787e-01 -2.58842021e-01
    9.15941656e-01 1.20043445e+00 8.50988746e-01 1.33450460e+00
    -4.63867635e-01 1.34445703e+00 8.62189174e-01 1.22563720e-01
    8.83961380e-01 2.90911436e-01 -2.23143816e-01 3.61701190e-01
    1.46450102e-01 1.35315657e+00 1.45350993e-01 -3.25070053e-01
    8.30887854e-01 4.92822409e-01 7.64687657e-01 3.70957315e-01
    6.61520660e-01 6.94239616e-01 -1.37392372e-01 1.19772267e+00
    6.85710371e-01 9.30816293e-01 -3.66390884e-01 1.06137037e-01
    1.01751411e+00 4.70130980e-01 1.34195137e+00 -7.01810718e-02
    -1.44749254e-01 -7.24848807e-02 1.28721178e+00 -3.41529459e-01
    2.41474450e-01 -1.99301481e-01 2.50503242e-01 1.20326233e+00
    1.35389566e+00 4.40254867e-01 1.38577545e+00 8.77061903e-01
    5.94026685e-01 -8.50009918e-02 4.20581460e-01 8.59790087e-01
    1.06656849e+00 6.46140277e-01 -9.81175900e-03 1.56196773e-01
    6.62480116e-01 1.15067434e+00 9.20906723e-01 2.20536351e-01
    4.47673857e-01 3.07142138e-01 4.81972337e-01 4.33132291e-01
    8.73355508e-01 3.28757048e-01 3.21243405e-01 5.43306351e-01
    8.81793082e-01 -1.93195641e-01 9.26364899e-01 2.85475641e-01
    1.79595947e-01 -4.41030264e-01 -1.39016718e-01 -1.31972969e-01
    1.43817413e+00 4.18625355e-01 7.20079243e-01 1.89172387e-01
    6.99118435e-01 6.88136458e-01 -1.01255566e-01 6.19041622e-01
    9.13412273e-01 6.55409694e-02 7.06825435e-01 3.40625912e-01
    8.84461701e-01 -3.06013942e-01 2.64945030e-01 1.08257699e+00
    9.99909699e-01 5.08417189e-01 -6.27764165e-02 -3.03273976e-01
    8.28781128e-01 1.34352851e+00 7.35895455e-01 -4.31485623e-01
    -1.23206049e-01 1.46969771e+00 -2.49495983e-01 4.90349591e-01
    -8.39102268e-03 1.39005613e+00 9.94512022e-01 1.59739017e-01
    4.39367861e-01 9.30334151e-01 -2.79666960e-01 1.40138078e+00
    3.27953041e-01 1.16443777e+00 1.30282283e-01 1.22553635e+00
    3.91679049e-01 -1.77493930e-01 -4.19419378e-01 1.17691779e+00
    6.09110951e-01 -4.04403090e-01 1.10919857e+00 6.47334456e-02
    1.67852223e-01 9.94355440e-01 1.34017730e+00 -4.28881824e-01
    -1.99394912e-01 6.57798648e-01 5.35489380e-01 1.33235323e+00
    1.47328126e+00 1.05566323e-01 8.92459571e-01 -2.31971949e-01
    1.56360722e+00 -2.91704327e-01 5.80256939e-01 1.84866071e-01
    1.16483092e+00 1.71248972e-01 4.77702320e-01 8.13916445e-01
    -3.79563957e-01 4.95046049e-01 1.46571445e+00 3.08574080e-01
    -4.82357174e-01 8.34345400e-01 1.42775464e+00 -1.76075578e-01
    -2.67672867e-01 1.36482239e+00 9.53370452e-01 -4.71298009e-01
    -8.79235864e-02 4.28635299e-01 8.47521842e-01 -7.78675079e-03
    1.22312260e+00 7.57681012e-01 5.69182992e-01 -3.04455876e-01
    7.92110801e-01 7.84155309e-01 1.32829237e+00 2.97077417e-01
    1.08885133e+00 7.17259943e-01 -5.30962944e-01 1.45930517e+00
    4.07290459e-02 9.93897557e-01 1.34317839e+00 -1.59159154e-01
    3.93848658e-01 -4.94439214e-01 -2.94233978e-01 -3.87908578e-01
    9.84046817e-01 2.71048009e-01 1.00800347e+00 3.47262025e-01
    1.13985670e+00 2.46808559e-01 -9.75154340e-02 7.76445866e-01
    -1.66981280e-01 8.23715508e-01 -1.90659642e-01 1.38338232e+00
    5.54215252e-01 8.69339585e-01 1.20748639e-01 2.19893456e-03
    6.06787920e-01 1.08615923e+00 -8.26632977e-03 -4.32362080e-01
    4.68207002e-01 7.36304760e-01 -3.85374129e-02 -3.80280674e-01
    -4.14517820e-02 -1.33431345e-01 1.16061556e+00 -2.16035336e-01
    1.32534015e+00 1.24262238e+00 1.39007747e+00 1.49794817e-02
    -3.48244607e-01 9.65639174e-01 8.53530109e-01 1.40849233e-01
    3.67214590e-01 -1.00738674e-01 4.37844783e-01 9.14743543e-01
    -1.67043626e-01 6.09538555e-01 6.92594826e-01 9.18594599e-02
    -1.10622108e-01 1.50518668e+00 5.92561066e-01 1.25023890e+00
    -1.89322144e-01 7.38343596e-03 8.87416601e-01 2.29730606e-01
    1.04538894e+00 1.41322041e+00 1.52562976e+00 -8.71872306e-02
    7.51772046e-01 8.13335896e-01 5.02862155e-01 2.77532101e-01
    9.05461133e-01 6.60097063e-01 -1.70157909e-01 6.08621180e-01
    1.42144036e+00 -4.07254696e-03 1.09455657e+00 4.17356610e-01
    1.23349535e+00 2.77165174e-01 1.00679171e+00 -3.29995245e-01
    9.03531194e-01 -3.76529396e-01 7.35145271e-01 -5.04238307e-02
    -3.69372725e-01 1.72499299e-01 -1.71464682e-03 1.35561585e+00
    -1.48027062e-01 4.79907453e-01 1.91717505e-01 1.24546289e+00
    -3.60170603e-02 3.61594021e-01 1.07627559e+00 1.03962123e+00
    9.59733427e-01 1.20561981e+00 1.46871948e+00 9.89852369e-01
    3.30701828e-01 7.93103158e-01 7.75072575e-01 1.88337564e-02
    -1.04311377e-01 1.36927974e+00 1.30948484e+00 8.89072776e-01
    6.95431650e-01 -2.27739662e-01 1.17976201e+00 -1.37638450e-02
    1.42646682e+00 1.47114325e+00 9.17635500e-01 1.42833662e+00
    3.64350349e-01 9.51165140e-01 1.04047549e+00 3.42335105e-02
    -4.77873802e-01 8.12898695e-01 -2.00648904e-02 9.08186197e-01
    -3.86026263e-01 1.23394394e+00 1.34150279e+00 1.22898281e+00
    9.32915807e-01 1.24795437e-02 1.43023074e+00 1.07447600e+00
    -2.03770638e-01 1.35543299e+00 1.47435462e+00 -2.19175488e-01
    -1.21325612e-01 1.47132993e+00 1.01431036e+00 -4.30025071e-01
    6.99721456e-01 8.48124266e-01 3.73919368e-01 4.89701629e-01
    1.21476889e+00 -2.67328888e-01 4.64123964e-01 7.13719726e-01
    1.43329763e+00 -5.10937512e-01 5.55665672e-01 1.31659448e+00
    4.17504847e-01 -4.16404188e-01 1.14339280e+00 3.71484488e-01
    -3.23260605e-01 2.39716738e-01 7.08157063e-01 8.44582915e-01
    5.85600555e-01 5.26343584e-02 4.26633954e-02 8.70495260e-01
    -5.53855300e-01 1.64676011e-01 1.19158626e+00 8.74556005e-01
    -5.20711243e-01 -2.85125375e-01 7.89805353e-01 1.04098260e+00
    -4.84991491e-01 4.01775658e-01 2.03606904e-01 1.00123274e+00
    -5.45855224e-01 1.09507179e+00 -3.93734515e-01 8.50130379e-01
    -4.38382089e-01 1.25591934e-01 2.73484230e-01 5.42368472e-01
    5.48200607e-01 3.02099526e-01 1.50275731e+00 -5.21384835e-01
    9.42456603e-01 -1.91695392e-01 1.13400280e-01 1.38346553e+00
    3.13277841e-01 -1.52448386e-01 1.22118711e+00 1.27725482e+00
    1.44596553e+00 7.70038605e-01 5.60765505e-01 9.88063514e-01
    2.43806243e-02 3.70821476e-01 1.39335775e+00 6.69315159e-01
    5.04537940e-01 -2.75869042e-01 3.62012923e-01 9.96724129e-01
    -4.08345044e-01 7.08893538e-01 -4.24834132e-01 -5.91582060e-01
    1.31668878e+00 6.15778208e-01 3.85345101e-01 -3.66263270e-01
    5.65509796e-01 -4.37012613e-01 4.28836405e-01 1.20517051e+00
    -3.70809555e-01 -9.12958682e-02 4.43738699e-02 2.87065774e-01
    -1.53159320e-01 1.05153263e+00 6.50655031e-02 -2.83509046e-01
    -3.31461966e-01 -9.76258814e-02 1.49331117e+00 -2.06290364e-01
    8.27863514e-01 1.11082947e+00 1.10738111e+00 -1.25100195e-01
    1.36860824e+00 1.30640888e+00 5.96608818e-01 4.66929495e-01
    1.41984975e+00 1.04224098e+00 1.03771710e+00 -1.42941475e-01
    -8.99428725e-02 7.41868496e-01 -1.31712258e-02 3.55106771e-01
    8.67038369e-01 6.40756369e-01 -5.00173569e-01 1.39731812e+00
    2.77616143e-01 4.64793444e-01 -2.53546745e-01 5.90079725e-01
    7.51021862e-01 -5.90698898e-01 8.50912631e-01 1.32848632e+00
    1.75650060e-01 1.07049179e+00 -3.52047920e-01 1.15409780e+00
    7.68275023e-01 1.37019610e+00 1.48092318e+00 -2.66433358e-01
    -3.08721930e-01 8.30358624e-01 -6.65881932e-02 3.74505103e-01
    5.14008999e-01 8.05263996e-01 -1.89035296e-01 2.62926996e-01
    2.94278622e-01 4.37784195e-02 1.00009739e+00 7.58305907e-01
    1.22911692e-01 -2.73941427e-01 4.13362503e-01 1.26854944e+00
    1.10337448e+00 8.39300513e-01 4.76308465e-01 -2.53970146e-01
    -5.95184267e-02 1.00782228e+00 4.30040598e-01 7.56599069e-01
    1.08241940e+00 -1.16835415e-01 -1.97837651e-01 -6.96374476e-02
    7.47616887e-01 9.46565866e-01 5.29097915e-01 5.56771219e-01
    3.85693967e-01 3.72261167e-01 2.37991631e-01 9.36828375e-01
    -3.15366894e-01 2.47162104e-01 4.49079633e-01 1.28317118e+00
    1.38205290e+00 -2.80123293e-01 -4.39795434e-01 -1.90009326e-01
    8.18870783e-01 5.22226214e-01 1.31493258e+00 -4.41977978e-01
    -4.60530728e-01 -4.07431841e-01 -8.60974193e-02 -1.85969442e-01
    2.37620950e-01 1.03228199e+00 -5.57982385e-01 1.02660656e+00
    6.22321486e-01 1.09246445e+00 1.07051969e+00 9.52596426e-01
    1.44218516e+00 -1.18878782e-01 1.07962847e+00 8.69111359e-01
    1.08446360e+00 1.46296704e+00 -2.85886109e-01 5.23107409e-01
    5.34295678e-01 1.16873920e-01 4.38313216e-01 1.60770321e+00
    8.22812140e-01 3.42368901e-01 5.04186034e-01 1.26888871e+00
    1.16229606e+00 1.39842057e+00 2.53861904e-01 -3.04723203e-01
    8.02991867e-01 1.21677721e+00 1.19212174e+00 -4.66823339e-01
    5.60349464e-01 -4.78806287e-01 7.62370169e-01 2.87509024e-01
    1.01956034e+00 2.58820087e-01 -1.44884408e-01 1.02297711e+00
    6.89116478e-01 4.97538269e-01 7.80715168e-01 1.22526789e+00
    4.81325924e-01 -4.08782184e-01 9.02725935e-01 5.36177158e-01
    1.38207114e+00 -6.48196340e-02 1.90348089e-01 4.07478034e-01
    6.02217257e-01 -1.29034162e-01 2.15306014e-01 7.24448204e-01
    -2.54682362e-01 1.56182551e+00 1.16634130e+00 -1.23766840e-01
    3.64250898e-01 7.17459321e-01 -4.73402441e-01 9.42857146e-01
    1.27816105e+00 -5.11855721e-01 2.74428904e-01 1.02076745e+00
    6.47216916e-01 -3.46327186e-01 1.19823098e+00 1.70042574e-01
    2.36631930e-01 1.26345158e-02 2.72752881e-01 1.20947313e+00
    1.02037275e+00 -2.87947536e-01 -4.75448877e-01 1.10267198e+00
    1.39143753e+00 5.22690952e-01 -7.01200962e-03 -1.69725060e-01
    4.80555981e-01 -1.03940099e-01 6.18900061e-01 6.26842976e-01
    -3.37673128e-02 -7.60421753e-02 -2.08035380e-01 1.35729122e+00
    1.00941718e+00 1.95818841e-02 1.16365206e+00 1.37775540e+00
    1.08451736e+00 2.68389583e-01 7.93122590e-01 3.02084863e-01
    7.68470883e-01 1.13169134e+00 1.31201303e+00 3.01417112e-02
    -2.48665959e-01 8.44069064e-01 4.54998612e-02 5.98459303e-01
    1.38956809e+00 -4.48498189e-01 3.93697143e-01 8.04804981e-01
    3.37469935e-01 1.28066373e+00 8.19414735e-01 3.64660144e-01
    5.42530715e-01 8.27146947e-01 1.15589976e+00 2.56142616e-02
    -9.84657109e-02 1.58602118e+00 -1.34006530e-01 1.29791927e+00
    -1.80471718e-01 7.08609343e-01 1.87814832e-02 8.22489858e-01
    -4.71768081e-01 6.38093352e-02 -3.44338596e-01 5.69967449e-01
    4.24476206e-01 -4.59127158e-01 1.12447500e-01 5.76526344e-01
    1.34470272e+00 -3.03580254e-01 2.43787110e-01 -1.48337722e-01
    1.06941199e+00 1.09507132e+00 1.03195179e+00 -9.13599730e-02
    8.72526109e-01 1.46439791e+00 1.33378923e-01 1.32687020e+00
    2.41594136e-01 1.08956420e+00 -3.44287455e-01 3.69466901e-01
    7.46442676e-02 2.33927548e-01 4.14743096e-01 1.22165644e+00
    5.59981704e-01 -2.70683110e-01 7.48061836e-02 7.86095858e-02
    8.89414310e-01 1.50538039e+00 1.04779744e+00 8.19442034e-01
    1.25396997e-01 1.17218173e+00 3.76309574e-01 -4.33597922e-01
    6.64322317e-01 4.34585035e-01 7.54684150e-01 5.93235135e-01
    -4.24158871e-01 -4.62635517e-01 6.17905438e-01 2.96755552e-01
    5.55268407e-01 8.26001227e-01 1.03048277e+00 2.78683245e-01
    9.29841995e-01 -2.16613725e-01 -4.40955669e-01 9.29885507e-01
    1.61988437e-02 1.47995591e+00 6.63395643e-01 -4.74255145e-01
    1.46707749e+00 -2.63127983e-02 1.34467053e+00 5.90614319e-01
    5.58982491e-02 7.60975778e-01 1.20150924e-01 1.32236600e+00
    6.68669581e-01 4.74193633e-01 1.25945830e+00 2.59875178e-01
    6.21066630e-01 1.09814048e+00 -2.88040370e-01 -5.16794384e-01
    2.82016218e-01 1.18289685e+00 1.16884887e+00 1.28688979e+00
    5.36859035e-04 -2.94332415e-01 8.13224435e-01 -6.02889299e-01
    8.19206297e-01 6.16872728e-01 1.38928354e-01 7.79484391e-01
    3.40053439e-01 1.14976120e+00 5.46142757e-01 1.07177734e-01
    9.54893053e-01 -6.45790398e-02 6.26806736e-01 2.86852479e-01
    -6.21959567e-02 2.12013811e-01 1.43868876e+00 1.50734580e+00
    8.46058726e-02 1.06233037e+00 4.26852852e-01 -4.65170801e-01
    1.38524890e+00 1.18386078e+00 8.88500094e-01 2.29713500e-01
    1.12438416e+00 -1.45714939e-01 6.32290423e-01 5.98087728e-01
    1.36950803e+00 2.63645589e-01 1.01229811e+00 6.14405334e-01
    1.10686767e+00 5.44954300e-01 -2.35554844e-01 -4.53653008e-01
    4.63173687e-01 1.22497392e+00 8.01325917e-01 -1.68821692e-01
    7.88684249e-01 1.08684051e+00 -4.21751559e-01 2.73899317e-01
    3.79935265e-01 9.15380120e-01 1.28875232e+00 -2.64190644e-01
    1.17233896e+00 -4.02891487e-01 -3.84699106e-01 1.35299432e+00
    -3.86040062e-01 1.42590678e+00 1.74442232e-01 3.46474946e-01
    1.17920041e+00 -4.98363256e-01 -2.56804049e-01 8.72103930e-01
    5.06043434e-01 6.29431009e-02 -1.64888531e-01 9.39464808e-01
    1.41053689e+00 -4.83025938e-01 4.70586210e-01 3.25054705e-01
    -3.33228528e-01 2.86110759e-01 5.12548566e-01 3.15132678e-01
    9.42475915e-01 2.58358538e-01 -1.68190241e-01 1.12392354e+00
    1.00896645e+00 8.69320571e-01 4.32422638e-01 -3.08972627e-01
    -3.03808451e-02 4.78528202e-01 3.50793600e-01 -3.72945040e-01
    5.85457385e-01 3.61459613e-01 3.91238630e-01 1.16017270e+00
    -1.21933639e-01 -2.13718444e-01 2.41035521e-02 -2.59968638e-03
    3.35291028e-03 -3.79181623e-01 5.80106497e-01 5.24131954e-01
    -1.69595629e-01 -3.29344332e-01 -4.39333349e-01 1.45735908e+00
    1.80985093e-01 -1.69875175e-01 1.05632162e+00 2.61982679e-01
    7.89814591e-02 1.35895681e+00 1.12680376e-01 -1.79354489e-01
    -3.77286673e-01 1.79360092e-01 5.83685637e-01 -3.96381855e-01
    8.56446981e-01 1.09765112e+00 9.87185061e-01 -3.14207047e-01
    9.09881473e-01 9.52277422e-01 -3.90921354e-01 1.07006788e-01
    -8.21653008e-03 -1.03395581e-01 1.08878684e+00 9.97793674e-01
    5.62152088e-01 -1.35988265e-01 2.20760167e-01 1.25657773e+00
    1.49454618e+00 1.25996351e-01 -4.26696897e-01 -4.28926051e-02
    1.43475044e+00 1.18711293e-02 6.26866221e-01 1.51541030e+00
    1.35615432e+00 6.93491817e-01 4.42320704e-02 -1.00350171e-01
    1.26287127e+00 7.87188232e-01 6.48514032e-01 8.46687853e-01
    3.63268912e-01 -1.52345300e-02 1.18010223e+00 -2.86277056e-01
    1.38885379e+00 -4.66041774e-01 7.39059746e-01 5.15319467e-01
    1.22918034e+00 3.06791961e-01 1.08778214e+00 1.12720096e+00
    1.34158754e+00 1.20735157e+00 6.76009774e-01 7.92421222e-01
    7.03577042e-01 7.69055963e-01 1.34970248e-01 -9.46909189e-03
    2.89257109e-01 2.35975087e-01 9.82196808e-01 -3.06120217e-02
    -2.26985127e-01 5.18946648e-01 1.03143406e+00 1.19592285e+00
    -5.22071123e-01 6.91863239e-01 9.39888835e-01 6.29420102e-01
    -3.42346519e-01 6.18817747e-01 7.15626538e-01 -4.00268495e-01
    -4.36539650e-02 1.10729694e+00 1.11103177e-01 7.66212463e-01
    1.15619719e-01 9.64135826e-01 9.61766064e-01 7.64684498e-01
    1.29598379e-02 1.50890636e+00 9.37334418e-01 1.36585057e+00
    9.35710728e-01 8.79950702e-01 7.64248192e-01 8.65353882e-01
    1.39773965e+00 7.42579103e-02 3.62946361e-01 -2.14612827e-01
    -1.13434613e-01 1.25921452e+00 3.63082886e-02 -9.29336548e-02
    1.24651635e+00 -1.59585536e-01 1.09084338e-01 1.45767248e+00
    1.05231237e+00 -2.15184435e-01 8.61956596e-01 5.17017245e-01
    6.87241554e-01 3.73298883e-01 2.87621081e-01 9.42958236e-01
    1.30736995e+00 4.64741290e-01 -1.38423890e-01 2.15885699e-01
    9.30308282e-01 1.59789324e-01 1.18270755e-01 7.37995505e-01
    3.50872278e-02 -3.06729704e-01 5.41670084e-01 6.87193036e-01
    1.13751125e+00 -3.96307766e-01 2.16569334e-01 -1.93450451e-01
    1.48383200e+00 2.52182692e-01 5.43802381e-02 7.38579273e-01
    -7.98424184e-02 1.43791437e-01 1.36168647e+00 1.05363917e+00
    4.66700375e-01 6.11278176e-01 -3.06121469e-01 -2.55561382e-01
    -3.38502884e-01 1.10083675e+00 1.20770228e+00 1.01453662e-02
    -1.18968189e-02 1.01369691e+00 -1.99715406e-01 1.13375640e+00
    -1.90412074e-01 9.07960474e-01 4.93333757e-01 9.25521016e-01
    7.59296656e-01 6.55120075e-01 1.42245293e-01 1.27453363e+00
    5.29530168e-01 8.45890820e-01 1.26871526e+00 5.08907974e-01
    1.04014039e+00 1.39149070e-01 2.51666844e-01 5.69892883e-01
    8.52713823e-01 4.42535043e-01 5.00799119e-02 1.16558880e-01
    2.14005381e-01 2.09438562e-01 7.14657307e-01 -2.15089142e-01
    6.54861748e-01 6.27550006e-01 3.65641475e-01 1.37460136e+00
    1.36433220e+00 8.28123271e-01 -1.56270564e-01 3.93427849e-01
    8.44716191e-01 9.22212243e-01 1.04494667e+00 9.45631564e-01
    1.22693515e+00 4.97291982e-01 1.08734632e+00 9.46017802e-02
    8.63641500e-02 6.32363439e-01 6.20442629e-02 1.00192714e+00
    9.39786255e-01 2.16008306e-01 4.49810028e-01 -2.94795573e-01
    -1.92371026e-01 5.57478726e-01 1.16829240e+00 1.10166979e+00
    4.56966758e-02 6.79861307e-02 7.92065680e-01 4.08974290e-01
    1.04953575e+00 2.71684706e-01 4.87009346e-01 -7.31597245e-02
    1.14508176e+00 1.62392378e-01 1.38095689e+00 1.55713785e+00
    1.99355781e-02 -3.02384079e-01 1.09849286e+00 9.21297908e-01
    -3.27412367e-01 1.61660671e-01 6.54454350e-01 2.93230057e-01
    1.40740335e-01 1.02705216e+00 1.03267837e+00 1.23363256e+00
    -3.61717999e-01 6.84229732e-01 1.30872011e+00 5.89464486e-01
    1.71295285e-01 1.10437107e+00 1.19993186e+00 1.18726802e+00
    1.12136698e+00 -3.99801433e-01 1.25338888e+00 -3.49018693e-01
    1.42196381e+00 1.21472466e+00 1.08465910e+00 6.73806846e-01
    9.45441246e-01 2.32706249e-01 1.26702273e+00 3.38600039e-01
    5.15976906e-01 1.16440868e+00 8.21661830e-01 3.24674964e-01
    1.16149211e+00 1.52936602e+00 6.86160207e-01 -7.60403275e-03
    5.23307383e-01 1.00327063e+00 -1.05057925e-01 6.19341910e-01
    1.26313627e+00 -3.50664735e-01 6.77133501e-01 6.40167475e-01
    -4.45326865e-02 -1.73264772e-01 7.85582840e-01 1.04713464e+00
    5.13958693e-01 1.20397723e+00 1.11251879e+00 1.00651312e+00
    1.47220135e+00 1.25781238e+00 -4.19635803e-01 1.01965022e+00
    5.11427522e-02 1.30750680e+00 5.80793679e-01 -2.32169002e-01
    5.17601371e-02 1.13536859e+00 -4.70106900e-01 1.30207348e+00
    -1.91019475e-01 8.72512162e-01 1.50391221e-01 1.54856205e+00
    -4.92672026e-02 1.53324962e-01 -4.58597541e-01 -3.76945496e-01
    -1.75430864e-01 1.17863238e+00 -2.69745827e-01 2.50586808e-01
    -4.03081715e-01 1.02726161e-01 1.17327857e+00 1.88252509e-01
    -5.04361510e-01 -1.94919348e-01 1.34727812e+00 1.57612395e+00
    -3.13997805e-01 1.33593059e+00 9.38866556e-01 5.40336549e-01
    1.27849936e+00 -4.60974455e-01 5.16545355e-01 1.44102073e+00
    1.36166668e+00 1.00134254e-01 4.52305615e-01 -1.68431997e-02
    1.26783562e+00 5.13086259e-01 1.52035797e+00 6.27230346e-01
    3.71343851e-01 -2.99870610e-01 -3.92750204e-02 7.85364449e-01
    -4.55307364e-02 1.29093623e+00 1.33405459e+00 5.18822849e-01
    7.84868240e-01 8.41908932e-01 1.01913595e+00 -3.67006332e-01
    -1.79678738e-01 1.43817163e+00 1.98886991e-01 2.04718709e-01
    3.02012026e-01 1.18263888e+00 1.24414492e+00 -3.13268751e-01
    3.50377798e-01 -2.33217746e-01 1.32634592e+00 9.94145274e-02
    -3.95179510e-01 3.87377799e-01 1.31511343e+00 1.09628320e-01
    -1.20425433e-01 -4.74315941e-01 1.13803232e+00 1.26974249e+00
    1.33692074e+00 5.25759459e-02 -3.90778422e-01 2.26135671e-01
    -2.41444781e-01 -1.69657409e-01 6.25253677e-01 1.00256920e+00
    -1.21455163e-01 -8.79979730e-02 6.96574092e-01 -1.66419476e-01
    2.24674106e-01 -3.58108878e-02 -3.45411152e-01 9.33681190e-01
    7.90832937e-01 -4.52379405e-01 1.17967987e+00 5.84386349e-01
    1.29470444e+00 2.39883512e-01 6.17909312e-01 6.56287372e-02
    5.41739047e-01 9.46011007e-01 6.73541546e-01 1.35899460e+00
    4.26136136e-01 -3.80856007e-01 9.97177422e-01 1.28911948e+00
    -2.56889284e-01 6.40990853e-01 -2.22000763e-01 -3.94750416e-01
    6.20393038e-01 5.86273432e-01 4.46162105e-01 4.01583374e-01
    -2.66207337e-01 1.44507599e+00 -3.56417894e-03 3.28548431e-01
    1.23661268e+00 7.38678575e-01 -2.46355921e-01 3.80428612e-01
    7.40230083e-01 1.11333656e+00 -6.02142215e-02 5.49014688e-01
    1.30276561e+00 -1.12418205e-01 1.18753791e+00 1.34046793e+00
    1.78303480e-01 8.28961372e-01 1.24767661e+00 1.02109551e+00
    7.24810779e-01 1.32073975e+00 5.35360277e-01 1.06730723e+00
    3.22152555e-01 5.47661245e-01 6.00209475e-01 1.61038876e-01
    1.23912072e+00 1.13054848e+00 -2.20680356e-01 -1.91284120e-02
    -2.13575423e-01 -1.56979710e-01 1.08257270e+00 2.86051631e-02
    1.00608635e+00 -4.09342974e-01 9.35892105e-01 -3.89309257e-01
    9.39369202e-01 1.32103300e+00 1.36672556e-01 3.46404195e-01
    -5.54278910e-01 -1.40906572e-02 8.13176394e-01 1.03701568e+00
    -3.93102944e-01 1.46999133e+00 2.47446001e-01 -4.20008481e-01
    5.91152728e-01 1.05956149e+00 5.12791097e-01 8.00215960e-01
    7.70557523e-02 4.35855448e-01 8.08530390e-01 -4.34301853e-01
    7.51063049e-01 6.09227300e-01 1.74337476e-01 1.34488654e+00
    -6.64477348e-02 -2.16925383e-01 2.02177376e-01 1.32312942e+00
    1.23183697e-01 7.47459114e-01 -2.56400049e-01 -2.97911078e-01
    4.29847062e-01 -4.43636954e-01 3.69924426e-01 4.82596993e-01
    6.38653159e-01 1.10879636e+00 4.39085722e-01 1.29682541e+00
    2.52191693e-01 -1.51110888e-01 5.11251509e-01 7.76854336e-01
    7.85533071e-01 1.33877933e+00 4.56022322e-02 2.18559921e-01
    3.96730900e-01 8.14103484e-01 -9.99146104e-02 1.23742270e+00
    -3.60982656e-01 8.14134717e-01 -4.55309451e-02 1.20836425e+00
    3.93538892e-01 -1.60905719e-01 -1.40431523e-02 -5.31828463e-01
    1.38315630e+00 5.72228789e-01 1.40568984e+00 4.75662172e-01
    -1.14948392e-01 6.35313630e-01 -3.48507196e-01 3.57768655e-01
    3.70671302e-01 1.41722918e+00 6.33986294e-02 1.56950080e+00
    2.90944636e-01 1.31774187e+00 -1.42186880e-01 2.67746687e-01
    1.15693390e-01 7.62656271e-01 1.06480205e+00 2.72275984e-01
    1.36424541e+00 3.06467056e-01 1.83915645e-01 9.97723341e-01
    -4.23579842e-01 1.44115472e+00 1.21629977e+00 3.23058993e-01
    9.84348059e-01 -2.00296640e-01 -1.83816195e-01 9.71625090e-01
    1.37892187e+00 -1.00115061e-01 1.15047383e+00 2.91380584e-01
    2.32516587e-01 8.09836864e-01 -2.59028554e-01 2.26449728e-01
    -4.22837496e-01 1.14932942e+00 9.17652428e-01 5.23417056e-01
    7.75079131e-02 8.32049787e-01 5.42270362e-01 8.10388744e-01
    9.47295070e-01 -1.42926961e-01 1.46147192e+00 -2.23247439e-01
    4.03601199e-01 9.79326129e-01 7.07323194e-01 -4.55558807e-01
    5.73314190e-01 1.29777217e+00 1.49099541e+00 1.36390877e+00
    -1.90777302e-01 -1.75191611e-01 1.23510838e+00 2.38433897e-01
    -4.66017097e-01 2.66684204e-01 2.63847291e-01 1.16621828e+00
    1.19971323e+00 -1.85894728e-01 1.51929200e-01 6.46750808e-01
    1.00363910e-01 5.40716350e-01 4.78376031e-01 -2.23145336e-01
    4.98745859e-01 2.31417418e-02 1.29776502e+00 1.24295747e+00
    3.68956208e-01 4.47108924e-01 7.85968959e-01 8.67917120e-01
    3.87663066e-01 9.82460201e-01 6.34000063e-01 7.36094177e-01
    1.09347284e-01 1.11423087e+00 1.05814505e+00 8.75656009e-01
    -3.70882571e-01 1.08301044e+00 -3.48218977e-02 8.38870168e-01
    1.33315706e+00 1.11167049e+00 5.75692654e-02 3.25274646e-01
    1.44985342e+00 1.06935203e-01 8.91640544e-01 1.50869191e+00
    2.80336022e-01 1.32525587e+00 -4.27813083e-01 1.03060412e+00
    -2.57335514e-01 6.62269413e-01 1.20471108e+00 -3.46578866e-01
    1.47225010e+00 6.97255135e-04 1.61811113e-01 9.26544070e-02
    2.47104764e-02 9.99827564e-01 1.49942541e+00 1.07934332e+00
    1.25515628e+00 3.60587120e-01 9.88847733e-01 1.12580085e+00
    4.39269245e-01 -4.28730994e-01 1.57860231e+00 1.78462774e-01
    1.04887784e-01 -1.32087529e-01 -2.87524253e-01 6.65403605e-01
    1.29393268e+00 1.36592960e+00 5.66150606e-01 6.01295888e-01
    4.65942383e-01 5.95645785e-01 5.71765304e-02 -3.61390978e-01
    6.51991248e-01 -1.27913952e-02 2.82445908e-01 1.35377097e+00
    2.44316965e-01 -2.59366989e-01 1.43709099e+00 -4.34350222e-01
    -1.05533957e-01 3.15079093e-03 6.09729886e-01 2.48580337e-01
    -1.40264004e-01 1.05988872e+00 -2.32330546e-01 -8.21653903e-02
    6.17112637e-01 4.86408591e-01 7.85545111e-02 1.25526690e+00
    5.35974979e-01 -4.34874684e-01 3.92526865e-01 -9.71708000e-02
    1.53342760e+00 6.50606751e-02 -2.73406267e-01 8.58992338e-01
    1.15646780e+00 -1.20266497e-01 2.94813275e-01 9.92404222e-02
    5.02920806e-01 1.30423808e+00 1.07971561e+00 2.33233571e-02
    1.07682204e+00 8.11737955e-01 7.22086787e-01 4.20493782e-01
    -1.07914031e-01 3.73833179e-02 1.01503825e+00 9.30517912e-01
    -6.01814389e-02 4.66206312e-01 1.14948201e+00 8.10272515e-01
    8.09510171e-01 2.20331073e-01 1.12180293e-01 3.37970644e-01
    2.51803488e-01 -2.21559107e-01 1.03372800e+00 6.51637852e-01
    -4.71780002e-01 4.82516944e-01 1.24131858e+00 1.28694808e+00
    4.70403850e-01 8.47505927e-02 6.93093538e-01 1.18916750e+00
    -3.02694321e-01 7.45232046e-01 4.94742990e-01 -4.91240740e-01
    1.37554836e+00 6.50811493e-01 6.15691900e-01 1.38974369e-01
    8.58783722e-03 1.48829079e+00 4.48785603e-01 7.43034840e-01
    -6.39854372e-02 3.01298857e-01 1.20755482e+00 8.27542424e-01
    1.05214775e-01 -3.59752059e-01 7.89110363e-02 -1.83618337e-01
    6.40188932e-01 2.49216914e-01 9.47776735e-02 7.41558850e-01
    3.55959356e-01 9.95396554e-01 4.96840358e-01 3.38070869e-01
    -1.59568727e-01 4.42557931e-01 -4.25648183e-01 2.46238530e-01
    -2.76049405e-01 7.10741818e-01 1.04088998e+00 6.60856128e-01
    1.01424932e+00 -2.48105407e-01 9.17209566e-01 1.25335610e+00
    4.83292341e-03 1.54238629e+00 1.55327916e-01 3.76313329e-02
    -1.72615141e-01 1.30957842e+00 1.06564450e+00 -9.42222178e-02
    6.63947880e-01 8.32927942e-01 1.15704250e+00 9.93257344e-01
    1.37052548e+00 5.63730001e-01 1.25726736e+00 1.45250618e-01
    4.63699281e-01 -3.77521932e-01 -3.97862822e-01 7.27889419e-01
    6.41068220e-01 9.76651192e-01 2.83697695e-01 1.51688170e+00
    9.25467014e-01 1.48266697e+00 1.30587924e+00 -5.66106677e-01
    1.27471447e-01 -1.20574504e-01 -4.89985347e-02 -2.58906156e-01
    -1.09143257e-02 5.89982629e-01 8.20836723e-01 -2.08157331e-01
    -3.42170715e-01 4.63348627e-01 6.80992603e-02 6.99534416e-02
    -3.36905062e-01 1.33801246e+00 -2.46721506e-02 6.77281857e-01
    1.12582099e+00 1.36345673e+00 -5.75261593e-01 -4.52568471e-01
    1.14645600e+00 7.72188962e-01 6.29973054e-01 5.20869792e-01
    1.28247416e+00 4.77441072e-01 4.33980405e-01 8.78399789e-01
    9.68294919e-01 -1.32906437e-01 1.64662182e-01 1.41929591e+00
    2.05883265e-01 8.83828104e-01 1.51571536e+00 8.23332727e-01
    1.00790888e-01 1.11909497e+00 -3.13988030e-02 1.01743901e+00
    6.72116995e-01 6.46490932e-01 1.56692713e-01 9.16278362e-03
    1.73686385e-01 1.29982328e+00 1.55791998e+00 -3.42358589e-01
    6.70770764e-01 2.25151598e-01 -8.45623612e-02 -3.51484567e-01
    -1.95184827e-01 -3.33511561e-01 5.22739649e-01 8.16763639e-02
    1.23863351e+00 8.69173646e-01 4.39179778e-01 -4.26787227e-01
    9.59356308e-01 -1.87066615e-01 6.58117890e-01 1.22366452e+00
    -3.50992531e-01 -5.72148561e-01 -1.45238638e-03 -1.96020901e-01
    9.65012729e-01 -4.69152033e-01 1.36837626e+00 7.36958027e-01
    1.79570317e-02 6.43003345e-01 1.01801085e+00 -3.50521415e-01
    2.70252407e-01 -4.14405555e-01 -4.42531407e-01 5.34486413e-01
    1.06571412e+00 -1.50433928e-01 -7.23272562e-02 1.29723275e+00
    1.32716858e+00 7.32946932e-01 1.17224145e+00 1.15468490e+00
    8.58947158e-01 -1.99391186e-01 1.92250431e-01 -3.58392596e-01
    8.66204023e-01 1.07546210e+00 5.08342505e-01 4.26201463e-01
    -1.33345872e-01 -1.81144178e-02 -2.87751853e-02 1.42777812e+00
    -6.01230860e-02 2.59266496e-02 1.04337180e+00 9.36552584e-01
    3.52658987e-01 1.03228509e+00 2.72154808e-03 -2.02501625e-01
    -2.34803006e-01 1.18431628e-01 2.05972821e-01 1.25493729e+00
    -5.53454757e-02 1.07152140e+00 3.88589501e-01 -1.72079474e-01
    -5.53660750e-01 3.39553356e-01 1.31343246e+00 -3.88028413e-01
    3.35317671e-01 1.25943494e+00 3.85854363e-01 9.63085592e-01
    1.21083629e+00 2.75929332e-01 1.51975572e-01 1.16139507e+00
    7.15930521e-01 1.35413885e-01 4.39595431e-01 -2.88595557e-01
    6.83318019e-01 8.55111837e-01 6.96490049e-01 6.90299928e-01
    -3.74422640e-01 -4.11179364e-01 -3.30400795e-01 9.24752533e-01
    2.82484859e-01 -4.01430249e-01 -8.95209610e-02 1.76364720e-01
    -3.40032339e-01 1.10208082e+00 1.55814469e-01 -8.76093805e-02
    8.06545556e-01 1.11643338e+00 9.34461057e-01 9.73860741e-01
    1.82515502e-01 1.14060104e-01 6.49687827e-01 9.70821381e-02
    7.16361940e-01 1.45705128e+00 -7.02643991e-02 -3.55524480e-01
    8.44606757e-02 6.28573358e-01 -1.89034343e-02 1.53001630e+00
    7.82462299e-01 -5.34323394e-01 1.08059394e+00 -4.25888836e-01
    4.25479650e-01 9.88400936e-01 2.05779076e-03 4.47153747e-01
    1.45205212e+00 8.64101112e-01 1.29928851e+00 1.35041821e+00
    5.60909033e-01 -3.36846769e-01 1.71623051e-01 1.34956944e+00
    -3.16791952e-01 3.39907408e-02 2.73769200e-01 1.37033927e+00
    6.79105401e-01 8.26214135e-01 2.38759786e-01 4.51262474e-01
    -4.53259408e-01 6.07926846e-01 1.38370156e-01 1.35074306e+00
    -2.04358757e-01 1.41386628e-01 3.81098747e-01 5.00532985e-02
    7.23023593e-01 5.68931520e-01 1.31282854e+00 -2.67720222e-03
    1.52632475e-01 2.36040115e-01 5.66571772e-01 6.61721289e-01
    -3.57420594e-01 9.94173527e-01 4.92151678e-01 1.17415738e+00
    -2.48258278e-01 9.78712320e-01 4.10765171e-01 8.04952264e-01
    6.10520661e-01 -1.60639077e-01 7.59410083e-01 4.92287338e-01
    -3.26044559e-01 1.24287820e+00 1.53661728e-01 1.50035644e+00
    -3.99643272e-01 2.25687146e-01 6.91060781e-01 9.61155295e-01
    7.85784602e-01 -5.32290637e-01 2.65331745e-01 4.15842175e-01
    -2.56359220e-01 -3.51096123e-01 3.40938687e-01 4.16442901e-01
    1.04536974e+00 -3.87373447e-01 4.97372508e-01 -4.08496112e-01
    4.51076955e-01 8.20319414e-01 -5.64704061e-01 8.18481207e-01
    9.66441929e-01 7.04872608e-02 9.29585159e-01 6.38773024e-01
    -1.95058703e-01 2.11596489e-03 1.21355462e+00 -3.29338044e-01
    6.47483468e-02 8.90487194e-01 5.54221511e-01 1.01818991e+00
    1.94532275e-02 1.32586694e+00 -2.08179951e-02 9.86101151e-01
    1.03645134e+00 9.29939270e-01 1.27954137e+00 1.00907230e+00
    1.27123356e+00 1.43354249e+00 -4.73850608e-01 8.55973125e-01
    -1.43521845e-01 1.09464884e+00 9.49748755e-02 1.35621679e+00
    9.93101239e-01 -1.02825463e-01 1.25462115e-01 8.75547051e-01
    -1.30872369e-01 -2.75759876e-01 -4.40763801e-01 1.34494925e+00
    8.84470165e-01 -5.13270497e-02 5.23322582e-01 7.22818315e-01
    6.32707834e-01 8.40690553e-01 1.08553314e+00 2.62838423e-01
    1.36988640e+00 1.33388770e+00 -5.50836027e-01 1.31001425e+00
    6.59300268e-01 4.99589086e-01 -2.85691321e-01 7.20779717e-01
    1.73767805e-02 6.74627542e-01 -3.25695992e-01 1.04026175e+00
    -4.83826578e-01 2.25645483e-01 -3.67930084e-01 1.28227353e+00
    9.95689571e-01 3.23540986e-01 9.68287051e-01 -3.58652472e-02
    1.49786162e+00 6.92354441e-01 1.41544312e-01 8.38098943e-01
    6.48142219e-01 1.41139317e+00 -1.04321122e-01 1.28247726e+00
    6.58805847e-01 1.44735527e+00 -2.07655966e-01 -1.44521981e-01
    1.43368244e+00 1.44958103e+00 -5.23002803e-01 8.75803709e-01
    1.04107249e+00 1.16432750e+00 7.71818101e-01 1.20273042e+00
    -4.52938199e-01 1.43429995e+00 7.42272258e-01 -4.02651608e-01
    5.15798271e-01 1.48509002e+00 7.49190390e-01 1.32100880e+00
    -3.16045403e-01 2.56269693e-01 4.63478565e-01 6.23371959e-01
    -4.41141039e-01 4.78404582e-01 9.59550500e-01 8.69462967e-01
    1.93344057e-01 -5.96110821e-02 -1.56244934e-01 -7.42751360e-03
    -3.45637381e-01 4.66386199e-01 -1.66023165e-01 1.58276355e+00
    1.01914734e-01 1.13039541e+00 3.85230452e-01 1.18473816e+00
    -3.66428107e-01 8.10183585e-02 9.55453753e-01 4.86426026e-01
    -3.32349718e-01 1.84623659e-01 1.10409427e+00 3.29116046e-01
    3.87249589e-02 1.13577604e+00 3.14997226e-01 5.74325621e-01
    -3.90465796e-01 -3.63086879e-01 7.64016509e-01 1.32937980e+00
    8.43983710e-01 6.96973920e-01 -6.05194867e-02 4.13780153e-01
    9.40654218e-01 6.86195433e-01 8.24814141e-01 1.29147482e+00
    7.47784972e-02 -3.84671688e-01 8.83783400e-01 1.78041101e-01
    8.98740530e-01 -4.60716158e-01 -7.33181536e-02 -1.45301044e-01
    -4.36195374e-01 7.14261413e-01 1.43275023e+00 6.79673135e-01
    1.34805369e+00 5.96969008e-01 1.38056815e+00 3.26747537e-01
    6.02786601e-01 1.19536281e+00 3.99849117e-01 1.34646982e-01
    8.51530075e-01 1.51540256e+00 7.52430975e-01 9.04504359e-01
    -4.97260332e-01 1.33241010e+00 1.52350855e+00 -2.94500828e-01
    -2.13168859e-01 1.34591293e+00 8.60174119e-01 9.16146815e-01
    1.23166275e+00 9.59633708e-01 -3.98818910e-01 1.17266774e-01
    1.41655385e+00 -6.13304377e-02 -2.29192108e-01 1.41127813e+00
    1.22687697e+00 -3.19437325e-01 -4.81830597e-01 2.55417705e-01
    1.20812178e-01 4.99964058e-01 9.35648382e-01 8.75800908e-01
    -1.90488547e-01 2.72395074e-01 9.39281642e-01 1.38196588e+00
    6.67834640e-01 -4.80111986e-01 1.05485678e+00 9.10806537e-01
    -8.78510177e-02 5.41209459e-01 6.94928348e-01 -3.76038194e-01
    1.09896445e+00 1.36090982e+00 4.38689828e-01 -2.59856045e-01
    -2.45883942e-01 1.15537202e+00 -1.44750863e-01 -1.71320498e-01
    5.97868443e-01 6.18534088e-02 1.08799088e+00 -3.11184973e-01
    4.39495623e-01 1.34718597e-01 6.29831076e-01 -3.56185168e-01
    -3.68515491e-01 1.28027534e+00 9.43995118e-01 1.27305532e+00
    1.18612432e+00 3.97818685e-02 -8.07710290e-02 1.39459157e+00
    1.51692301e-01 1.36969650e+00 1.28712535e-01 6.33948863e-01
    2.08363116e-01 3.89503479e-01 1.46385443e+00 8.29108059e-01
    -4.46678996e-02 9.20390368e-01 1.09773445e+00 1.41304719e+00
    -2.35989809e-01 6.87956035e-01 1.27081752e+00 1.34088492e+00
    1.39023829e+00 -3.45026076e-01 2.31779516e-01 1.38640910e-01
    3.58513534e-01 1.25818372e+00 -2.30765671e-01 1.42144847e+00
    -1.49239212e-01 -3.82271081e-01 7.60162234e-01 5.67464590e-01
    6.68830514e-01 1.30746198e+00 3.66553724e-01 2.05087543e-01
    1.57375336e-01 7.54819870e-01 8.57458115e-01 -3.16140205e-01
    1.32038724e+00 5.24284184e-01 9.18538868e-01 8.24917972e-01
    3.55515838e-01 1.35288310e+00 2.80637801e-01 6.42206907e-01
    6.47548735e-02 -2.27400914e-01 1.22391987e+00 1.35938740e+00
    1.29129493e+00 1.45567536e-01 6.23140097e-01 -6.85463548e-02
    1.45365405e+00 -9.31198299e-02 -2.95505226e-01 4.58626449e-02
    3.55787039e-01 1.44974720e+00 1.26719332e+00 -2.43498772e-01
    1.23856473e+00 7.19849586e-01 5.45794547e-01 1.10366333e+00
    6.85076594e-01 1.02140927e+00 1.18456841e+00 1.03054094e+00
    5.40589869e-01 6.64962173e-01 4.42400753e-01 5.78753710e-01
    8.75424445e-01 5.62807202e-01 -2.27442950e-01 1.04837513e+00
    -1.81454986e-01 4.98136699e-01 6.84822202e-01 1.95957124e-01
    4.08426344e-01 7.21341491e-01 2.00303972e-01 -4.70241010e-02
    -1.01447403e-01 1.36762881e+00 6.13240302e-01 2.27462828e-01
    3.16679239e-01 -5.19244432e-01 1.08727062e+00 1.26039314e+00
    1.51245761e+00 -9.40887630e-02 5.25960326e-01 -3.24408561e-01
    6.97771847e-01 1.26539445e+00 2.88843811e-02 1.20721787e-01
    2.56408453e-01 3.61067742e-01 6.33529425e-02 1.52530289e+00
    -4.29829121e-01 1.30024326e+00 4.63289917e-01 1.15495038e+00
    2.25785911e-01 7.97859967e-01 -3.16558063e-01 1.26252770e-01
    6.65752649e-01 1.24902868e+00 1.04961562e+00 1.06355548e+00
    1.41421866e+00 -2.67869055e-01 1.15736747e+00 1.29089570e+00
    -8.17398727e-02 3.72143745e-01 -4.36424106e-01 1.24753416e+00
    -1.36414170e-02 -3.86939287e-01 -3.29672486e-01 -3.82139057e-01
    1.04341292e+00 4.26137865e-01 1.44304121e+00 1.26784921e+00
    9.79487896e-01 -1.81279778e-02 4.33191240e-01 9.28799570e-01
    -1.18533731e-01 1.52201533e-01 -1.67694122e-01 -3.30350250e-01
    6.88329339e-01 8.87827873e-02 -1.38921708e-01 1.38886184e-01
    -1.55445635e-02 4.46574688e-02 -3.49909097e-01 1.40905941e+00
    3.94830793e-01 9.37458932e-01 -7.15185106e-02 -4.76272702e-01
    1.31053901e+00 9.16892290e-01 -2.32765913e-01 5.93214631e-02
    2.74708390e-01 3.51466894e-01 2.07149088e-02 1.07870603e+00
    1.33604848e+00 1.46968436e+00 -4.07634974e-01 4.42798138e-01
    4.59713161e-01 2.85564363e-01 8.61291945e-01 1.17305660e+00
    9.04361308e-01 1.47817850e+00 -5.22779226e-01 2.51759589e-01
    1.44618988e+00 1.18419600e+00 7.35574543e-01 -4.13073301e-02
    4.52086508e-01 6.66499019e-01 1.24113131e+00 3.83649915e-01
    -1.16018683e-01 1.06291175e+00 7.45618701e-01 -3.57091099e-01
    -4.49985981e-01 1.24472749e+00 2.56871521e-01 1.00779319e+00
    9.56417501e-01 4.75209475e-01 1.48738575e+00 1.22168684e+00
    -4.97506261e-01 7.27004111e-01 1.89083844e-01 7.34387875e-01
    2.00450957e-01 7.72066653e-01 1.47833014e+00 1.32581735e+00
    -5.27760983e-01 6.61312163e-01 -1.75017655e-01 -5.41731596e-01
    1.10353708e-01 4.25218701e-01 -5.48942685e-02 5.51223636e-01
    2.99346000e-01 -5.87567687e-03 2.69204706e-01 -1.88030228e-01
    6.01315796e-02 7.83249855e-01 8.42037737e-01 -7.80108571e-02
    1.51865864e+00 7.43995249e-01 -4.57230389e-01 1.31156921e+00
    7.92261183e-01 -5.45648575e-01 9.11959708e-01 7.06070781e-01
    -4.07269925e-01 -1.44036770e-01 1.14263237e+00 9.30769920e-01
    -2.02257544e-01 3.46231222e-01 -4.18818593e-01 -1.83056474e-01
    4.40970182e-01 -5.25827527e-01 6.69752121e-01 1.10554099e+00
    3.27921331e-01 6.66737795e-01 1.03345942e+00 2.60855734e-01
    1.37711811e+00 -2.72302985e-01 1.08866930e+00 1.07482409e+00
    8.99092436e-01 1.17906225e+00 1.00543761e+00 -1.56185478e-01
    8.08186054e-01 1.41973734e+00 -3.38315368e-02 -1.43943071e-01
    8.54387939e-01 1.00719750e+00 -8.41486454e-02 8.22321773e-01
    -6.61642849e-02 9.43922520e-01 1.81780457e-02 1.87311172e-02
    1.41918874e+00 3.42197478e-01 -2.64523149e-01 1.42145324e+00
    9.91750896e-01 -6.26291752e-01 9.20005262e-01 1.15316987e+00
    7.34723091e-01 -6.45481944e-02 -3.66982102e-01 9.89656210e-01
    9.12470222e-01 -4.68256593e-01 -3.52983773e-01 2.04311669e-01
    -3.49144131e-01 1.31492686e+00 5.08800387e-01 8.91935110e-01
    1.47512585e-01 -2.04507932e-01 -9.43349749e-02 -3.61852795e-01
    5.91926634e-01 1.43090951e+00 -1.28402740e-01 1.08636677e-01
    1.04944921e+00 7.34863281e-02 8.25217485e-01 -3.22561741e-01
    3.53427172e-01 -9.21135247e-02 8.69797587e-01 -1.55697763e-02
    1.52409220e+00 7.47308135e-01 1.79408640e-01 -3.71277630e-01
    -3.38972896e-01 -2.68494785e-01 -1.91206336e-01 3.61796170e-01
    2.90502489e-01 1.31910503e+00 1.26376653e+00 6.74342632e-01
    3.98383379e-01 5.17958105e-01 8.08366418e-01 -3.82199794e-01
    3.30907941e-01 2.80617714e-01 -3.37951779e-01 1.03952456e+00
    -5.20846248e-01 -2.19000161e-01 1.30190563e+00 1.05118787e+00
    -4.66723382e-01 2.70254016e-01 4.74462032e-01 6.44304037e-01
    1.38384545e+00 1.72082484e-01 8.36545408e-01 8.03853154e-01
    -2.04704911e-01 -4.80792344e-01 8.76000166e-01 -1.32750750e-01
    3.46544385e-01 3.47683966e-01 1.95947230e-01 5.12476504e-01
    3.44722390e-01 1.14467931e+00 6.75425351e-01 5.59631705e-01
    4.62275565e-01 -2.05891818e-01 1.52942252e+00 5.83211958e-01
    8.66634905e-01 1.36673045e+00 5.97289264e-01 8.54519725e-01
    -3.82764667e-01 7.50376344e-01 1.19981313e+00 8.41821551e-01
    -3.07143331e-01 -3.47077936e-01 -3.25791955e-01 -3.11363131e-01
    9.26221490e-01 1.39287603e+00 6.03211045e-01 -3.04563701e-01
    1.06472349e+00 5.57334423e-01 1.29446006e+00 -9.87964272e-02
    1.15963817e+00 9.24514890e-01 1.48956716e+00 -4.45265114e-01
    9.03225243e-01 9.65117633e-01 -2.27549255e-01 1.01910639e+00
    2.77011335e-01 -2.85456240e-01 8.98089647e-01 1.75714731e-01
    -1.20981306e-01 7.45571136e-01 6.67836905e-01 -2.20744669e-01
    4.74803925e-01 6.04088843e-01 -5.17680764e-01 9.36748743e-01
    5.20417392e-01 1.00347149e+00 -2.68765330e-01 7.12762117e-01
    9.71922755e-01 6.08465016e-01 -4.69768822e-01 1.25257015e+00
    4.64359492e-01 1.42436469e+00 6.35023654e-01 1.02902412e+00
    1.39020252e+00 1.28313518e+00 1.05855024e+00 6.40974998e-01
    -2.16887265e-01 -6.73243105e-02 1.30204213e+00 -3.76694441e-01
    1.04677212e+00 1.52384686e+00 -1.01105422e-01 2.37656593e-01
    6.50030851e-01 1.15904975e+00 5.23716807e-01 4.35025454e-01
    1.06968296e+00 7.41725206e-01 -1.17335141e-01 9.62222517e-02
    -1.30539834e-01 9.31138039e-01 1.10005999e+00 1.09763098e+00
    1.37909889e-01 4.42247987e-01 -4.40800190e-01 1.33576989e+00
    1.30479753e+00 -1.65260851e-01 -1.42736405e-01 1.09187901e-01
    6.24608934e-01 4.10700619e-01 1.27714741e+00 -9.59757864e-02
    -1.46651387e-01 1.86923414e-01 1.60077512e+00 9.32650387e-01
    6.60028458e-01 2.89124250e-03 1.06725323e+00 2.21950293e-01
    9.29082692e-01 1.14721167e+00 3.42116475e-01 8.85502577e-01
    -2.62498468e-01 -2.28794813e-02 1.42576563e+00 -4.39378262e-01
    6.97258711e-02 6.39590323e-01 1.39185143e+00 1.20936584e+00
    3.67698610e-01 5.74581385e-01 -3.62262487e-01 -2.87694693e-01
    1.12195611e+00 1.22914582e-01 7.99400449e-01 1.10182953e+00
    1.24491274e+00 1.28636217e+00 1.28285229e-01 1.47431284e-01
    -4.96224463e-02 3.05007875e-01 9.98121023e-01 1.16111469e+00
    3.40555608e-01 -6.16508722e-02 1.28215551e-03 1.41030288e+00
    -5.43991208e-01 1.22763324e+00 1.19942403e+00 -3.58439803e-01
    -1.77628100e-01 1.22571635e+00 1.33110237e+00 1.03339469e+00
    -1.34471655e-02 2.84992874e-01 4.61632907e-01 1.11265135e+00
    1.00404048e+00 -3.62957001e-01 1.50660956e+00 7.82489359e-01
    -4.62134510e-01 1.19927967e+00 5.78988075e-01 1.03865087e+00
    1.48085117e-01 1.03803253e+00 1.43199652e-01 1.60336101e+00
    -3.74916494e-01 -3.14045131e-01 1.59138381e+00 1.37529063e+00
    7.98398197e-01 2.36948729e-01 6.54421926e-01 -2.87805468e-01
    5.42164564e-01 1.72485113e-01 -3.44067216e-02 2.74183035e-01
    1.22055531e+00 2.86888510e-01 -3.83402675e-01 -2.27990255e-01
    4.43896025e-01 -2.30856836e-01 7.69182146e-01 -3.98433477e-01
    6.26980662e-02 3.24053466e-01 -9.44368243e-02 8.84508550e-01
    2.37140298e-01 1.17577076e+00 4.46616709e-01 -4.59482580e-01
    -3.32268059e-01 3.33165526e-01 5.00695288e-01 1.28396535e+00
    1.34246504e+00 8.54321480e-01 4.76470947e-01 9.35185671e-01
    9.51288223e-01 8.72123837e-02 1.32250500e+00 5.43851912e-01
    2.97163248e-01 7.41401672e-01 2.97336787e-01 4.80929822e-01
    1.00491762e-01 -5.40011346e-01 6.64864779e-02 8.68907571e-01
    1.49804723e+00 1.04873765e+00 1.15141869e+00 1.42976356e+00
    2.52705812e-01 -2.88434058e-01 3.68042469e-01 4.97195899e-01
    5.56122124e-01 -2.52614677e-01 9.58436131e-01 -1.58319652e-01
    -3.01727682e-01 1.32028687e+00 1.67257667e+00 3.12772572e-01
    3.89147341e-01 -3.21550339e-01 1.13404393e+00 1.02764010e+00
    9.74661231e-01 8.00146580e-01 5.46064198e-01 3.10850233e-01
    1.09503448e-01 -2.54687667e-01 9.02577937e-01 1.39990199e+00
    1.37320709e+00 3.39356840e-01 3.35257411e-01 5.56712329e-01
    -4.44598824e-01 9.84804392e-01 7.67696202e-01 -2.17898488e-01
    7.33261347e-01 1.57026231e-01 1.21407962e+00 1.43651009e+00
    -1.60353929e-01 -3.17148626e-01 1.09160137e+00 4.61435318e-03
    8.12566996e-01 1.64903998e-02 1.59925669e-01 -4.74709392e-01
    -2.95918733e-01 5.79928637e-01 -2.68021733e-01 1.19241762e+00
    8.34172189e-01 -4.29725170e-01 6.93590760e-01 2.78170854e-01
    2.11211622e-01 3.44462097e-01 2.13585556e-01 -4.18670982e-01
    -2.67832160e-01 -9.84777510e-02 1.30129933e-01 9.35520291e-01
    3.48920494e-01 1.00674582e+00 1.91436619e-01 -5.13648093e-02
    -2.46062517e-01 9.78111565e-01 -2.11235702e-01 -5.22040129e-01
    1.16701722e+00 8.53639662e-01 3.84754717e-01 -1.07537806e-01
    -3.62604916e-01 -2.32044816e-01 5.05086780e-03 -2.03590095e-01
    3.96509975e-01 1.48745775e-02 3.83172393e-01 1.05800271e-01
    2.20433503e-01 2.22124577e-01 -2.60634601e-01 8.46323550e-01
    4.35089737e-01 1.53585243e+00 8.35629821e-01 6.32641315e-02
    4.86101508e-02 1.40688622e+00 4.38259184e-01 5.65685749e-01
    2.63519526e-01 1.31546235e+00 1.12010312e+00 -1.59110636e-01
    -5.08295000e-01 1.33930683e+00 -2.21450537e-01 5.76555431e-01
    8.44102681e-01 9.77260649e-01 1.34765697e+00 1.35193563e+00
    8.62801373e-01 5.08211851e-01 1.35206246e+00 1.38445401e+00
    -4.05987293e-01 8.75749111e-01 6.50089145e-01 2.79218614e-01
    -4.19288605e-01 8.93581629e-01 4.61684644e-01 6.12728596e-02
    1.46474433e+00 1.47233486e+00 1.64650619e-01 3.96820307e-01
    7.32272446e-01 2.18629837e-04 -3.95509005e-01 -7.45529532e-02
    8.48429978e-01 8.21634710e-01 1.04084039e+00 1.54265559e+00
    -1.23186499e-01 -2.67397314e-01 -4.17549163e-01 1.43594861e+00
    5.59108555e-01 7.86677778e-01 4.64863777e-02 9.12316501e-01
    3.15226555e-01 9.53200936e-01 7.32079148e-01 -3.49552691e-01
    -1.61533237e-01 6.97653592e-01 -3.11765045e-01 2.87133217e-01
    -3.10784608e-01 1.50884318e+00 9.00769234e-01 -1.34319067e-01
    5.63235283e-01 5.15053928e-01 8.25199306e-01 6.12318456e-01
    1.29202378e+00 -5.12132049e-01 5.74902177e-01 6.76242292e-01
    -2.79037416e-01 7.13890791e-03 1.18254566e+00 -3.12936932e-01
    7.47591019e-01 -2.91144490e-01 8.60630035e-01 -2.30912670e-01
    1.01037025e+00 -3.98704499e-01 9.08816457e-01 1.01335049e+00
    -3.99009526e-01 -7.94852376e-02 1.41201973e+00 4.23304796e-01
    4.56461012e-02 -1.24402344e-02 4.55916911e-01 -3.83602500e-01
    -4.33984727e-01 1.40215206e+00 1.35451424e+00 6.18748188e-01
    6.37520790e-01 1.29208505e-01 -2.56534457e-01 1.31053925e+00
    8.96119952e-01 1.46370316e+00 8.16429973e-01 -1.47605896e-01
    1.41594052e+00 9.54683423e-02 4.74583209e-01 5.16538084e-01
    1.98683560e-01 6.95673227e-02 1.26560807e+00 1.35975480e+00
    7.17594385e-01 8.33189189e-01 -4.60709602e-01 1.25118816e+00
    3.61169457e-01 1.20430827e-01 -3.04326832e-01 9.78602052e-01
    1.21365607e-01 -3.46544534e-01 2.62345433e-01 -1.21724606e-03
    3.12066436e-01 2.00557709e-02 1.28414655e+00 -1.11086845e-01
    1.34063005e+00 -2.29258403e-01 3.59448433e-01 1.36449766e+00
    1.04047179e+00 3.16976786e-01 -4.58239645e-01 4.54571635e-01
    -1.20158523e-01 9.40626860e-01 1.41403866e+00 1.36443555e+00
    -3.82855535e-01 6.65213466e-01 -2.27080792e-01 1.21894038e+00
    4.62715089e-01 1.34851646e+00 6.09315574e-01 2.29228020e-01
    4.99755502e-01 8.11220229e-01 1.16932547e+00 -1.65563226e-02
    1.24846244e+00 2.77341247e-01 1.32315183e+00 -1.93731695e-01
    1.46180654e+00 -4.90122706e-01 5.60126960e-01 -6.26665950e-02
    -4.28355962e-01 -3.89037728e-01 -3.22380066e-02 1.26781654e+00
    -2.09823638e-01 1.34049571e+00 1.05660021e+00 8.43646228e-01
    -1.82270825e-01 3.09053063e-02 -4.86440003e-01 -1.84260011e-02
    7.37671733e-01 1.57195854e+00 -3.44775975e-01 8.53893399e-01
    1.40759408e-01 2.28096992e-01 6.06529057e-01 1.11872065e+00
    1.56743789e+00 5.21748304e-01 5.32168150e-01 5.55988908e-01
    -1.44982278e-01 1.37923241e+00 5.03728926e-01 2.33747602e-01
    9.69052911e-02 1.19353175e+00 1.01024532e+00 -1.16616756e-01
    9.41733479e-01 8.64540696e-01 1.04036903e+00 6.50521755e-01
    -7.22085238e-02 7.86073804e-02 1.14548719e+00 7.26996064e-01
    6.33865356e-01 1.44572747e+00 5.28164923e-01 -2.65636593e-01
    8.26820016e-01 -1.94316208e-01 6.92587793e-01 1.27941799e+00
    8.19347560e-01 -5.32491207e-01 1.47411466e+00 5.48684716e-01
    1.46928215e+00 1.34053445e+00 1.16971314e-01 7.64520764e-01
    6.46229684e-02 9.63054955e-01 9.23100770e-01 -4.49050575e-01
    -4.87155586e-01 -3.14935803e-01 1.26527143e+00 -2.63423026e-02
    2.21471965e-01 1.47844005e+00 1.47886789e+00 1.31617308e-01
    5.09338379e-02 -1.83467612e-01 -1.26402974e-02 1.00761056e-01
    3.62089336e-01 1.96839154e-01 4.86718237e-01 1.33704448e+00
    9.17919040e-01 5.77622831e-01 5.65037251e-01 8.01106215e-01
    4.81387317e-01 2.97526300e-01 3.88789177e-03 1.16455805e+00
    1.07027650e-01 3.07169557e-01 8.31149220e-02 1.20513761e+00
    1.30851722e+00 7.47144818e-01 -7.64150918e-02 4.57751751e-01
    -1.23277321e-01 -2.19806090e-01 -1.41997337e-01 1.77074820e-01
    6.34604096e-01 1.23317540e-01 1.04733098e+00 7.29464114e-01
    2.87887365e-01 1.47706461e+00 1.34065819e+00 1.07040524e+00
    4.11494374e-02 1.04300904e+00 -2.84483731e-01 9.23090518e-01
    1.41298449e+00 1.36762583e+00 -9.47378278e-02 -5.19279301e-01
    1.10589206e-01 -1.23357952e-01 -4.68131334e-01 -4.61585850e-01
    7.14907706e-01 -1.29009455e-01 -3.64817262e-01 5.49103260e-01
    -1.74936652e-01 5.26964426e-01 6.28083766e-01 -1.54174298e-01
    1.23384309e+00 6.16773367e-01 -2.50549018e-01 -4.09873128e-01
    8.62180352e-01 -1.62118852e-01 1.07291937e+00 5.77665627e-01
    1.24249613e+00 1.41001868e+00 -1.95942968e-01 -2.98786879e-01
    6.23356104e-01 5.89156210e-01 4.98985291e-01 5.68673611e-01
    -1.47116691e-01 3.55752051e-01 -7.76791871e-02 6.30969286e-01
    1.45834506e-01 -4.89801586e-01 -1.92957371e-01 1.42111492e+00
    -4.46295798e-01 2.50002801e-01 8.38823318e-01 3.80406916e-01
    4.43990350e-01 5.60906470e-01 7.53581941e-01 3.27353716e-01
    1.38189197e+00 1.54594064e-01 -3.29627067e-01 -3.80606502e-01
    3.84335488e-01 5.50992489e-02 1.05072451e+00 1.48012042e-01
    -2.01727033e-01 1.71318471e-01 9.21849608e-02 -2.66011715e-01
    4.54015970e-01 3.22679162e-01 9.62623358e-01 1.25521111e+00
    6.61126673e-01 1.15896273e+00 2.32650876e-01 1.13608754e+00
    5.02228200e-01 -2.88180918e-01 1.26312184e+00 -3.97673428e-01
    9.37268257e-01 4.44207430e-01 9.85073984e-01 9.22962427e-01
    3.26129794e-01 8.80828083e-01 -1.41196609e-01 1.21757960e+00
    -4.39350247e-01 1.05585194e+00 -9.72722173e-02 1.35072291e+00
    9.42345917e-01 7.65148759e-01 2.28797317e-01 4.33584929e-01
    9.01924908e-01 6.27883554e-01 -4.62248147e-01 4.24720109e-01
    7.19529152e-01 1.28628469e+00 1.46223783e+00 -3.49976659e-01
    1.14168191e+00 -3.98104787e-01 6.63307667e-01 1.18278265e+00
    6.30581379e-03 1.39318228e+00 4.24829125e-02 -1.98876858e-01
    1.84559256e-01 2.56479293e-01 1.87493861e-01 6.05218112e-02
    -4.64293599e-01 9.33417678e-02 1.41637325e-01 7.05719233e-01
    -1.98839992e-01 1.23810434e+00 1.03249073e+00 1.00539732e+00
    8.90414059e-01 -3.36179554e-01 1.51443124e+00 -3.50390226e-01
    -3.41914952e-01 1.08766246e+00 8.73898029e-01 2.33367085e-01
    5.35338521e-01 7.12730885e-01 9.78286564e-01 1.05302417e+00
    1.01255608e+00 -2.51125157e-01 4.86806840e-01 1.10399926e+00
    1.69805706e-01 -4.26013112e-01 1.10257387e+00 8.89100432e-02
    1.45323277e+00 1.42660022e-01 -2.72364497e-01 1.90684676e-01
    -4.11770821e-01 9.89634693e-01 2.35546470e-01 2.48076379e-01
    -3.98399830e-01 6.21309578e-01 1.44997120e-01 1.47297120e+00
    7.13428080e-01 8.37458193e-01 -1.11099780e-01 1.44257927e+00
    2.88202524e-01 1.36136425e+00 2.19654441e-01 1.20994747e+00
    4.70773101e-01 1.26593566e+00 -5.28740823e-01 -4.63029742e-02
    -3.41768563e-01 1.48317325e+00 1.04427338e+00 1.38952732e-02
    2.73628950e-01 1.12488186e+00 5.91763556e-02 9.05984938e-02
    -4.42401767e-01 -3.37265939e-01 -1.44333899e-01 -2.54701644e-01
    -1.07796609e-01 4.30082500e-01 -3.82337332e-01 8.24010789e-01
    9.68602657e-01 3.65095258e-01 -4.75595355e-01 1.25178099e+00
    1.26239657e-02 1.34800684e+00 1.85257733e-01 4.10173655e-01
    5.11099696e-01 1.29715693e+00 1.00360453e+00 1.47215104e+00
    -4.47689563e-01 4.96328771e-01 5.81801713e-01 -3.21966887e-01
    1.32561588e+00 -1.83155894e-01 -1.06588215e-01 1.43866062e-01
    9.07758534e-01 1.36077881e+00 -8.29304457e-02 1.39391685e+00
    8.27761412e-01 1.19083142e+00 -1.77882642e-01 -1.58770710e-01
    5.82523942e-01 1.38388252e+00 4.50611115e-03 1.45785713e+00
    1.30251670e+00 4.91435766e-01 -4.43839788e-01 -1.01818651e-01
    1.21363497e+00 9.30553675e-02 1.15050840e+00 1.11779451e+00
    7.86952972e-01 9.24610019e-01 -2.03077108e-01 3.86727601e-01
    5.40903389e-01 5.27647197e-01 1.40023959e+00 7.62401462e-01
    9.56076860e-01 3.24426830e-01 1.18905282e+00 2.88394243e-01
    -1.66761607e-01 3.82616222e-01 1.01177692e+00 1.13624525e+00
    8.07676256e-01 9.22135353e-01 6.20160162e-01 6.66647971e-01
    -3.33638161e-01 1.31169498e+00 -7.62483180e-02 4.22107339e-01
    8.76240015e-01 3.39889467e-01 -1.04674011e-01 7.81394064e-01
    5.25632501e-01 4.75606203e-01 -3.66196036e-02 -2.50439197e-01
    8.06881070e-01 6.32730246e-01 -5.80641031e-02 1.30197668e+00
    -3.24268222e-01 -1.90660089e-01 1.02199590e+00 3.78155708e-02
    5.12211323e-01 1.41524720e+00 -2.10288465e-01 1.61054492e-01
    1.35790849e+00 1.16295695e+00 -3.77728879e-01 1.45257902e+00
    6.73659444e-02 2.02501476e-01 7.64759898e-01 3.11970651e-01
    6.53126478e-01 1.03983212e+00 1.19783759e-01 -2.96327233e-01
    1.35440242e+00 1.36097312e+00 2.35756159e-01 4.96373773e-02
    -5.52414656e-02 1.22402108e+00 -4.24293518e-01 5.36183596e-01
    1.33986139e+00 8.19175661e-01 3.58784676e-01 1.53776670e+00
    5.51827669e-01 6.16037369e-01 4.58137125e-01 -4.86157894e-01
    9.01595831e-01 3.45438123e-02 8.42227459e-01 2.13200212e-01
    -8.81844163e-02 1.33347750e+00 1.07067156e+00 4.39395070e-01
    1.96677268e-01 1.51404488e+00 6.26457155e-01 5.36752045e-01
    1.13028717e+00 1.15304381e-01 -4.85455394e-02 1.48017311e+00
    1.32668829e+00 -4.17632848e-01 1.09107888e+00 -4.77907360e-02
    1.49031186e+00 -7.40861893e-02 2.97158539e-01 1.08384705e+00
    1.36711645e+00 5.42228997e-01 1.40592551e+00 4.28450346e-01
    1.36671150e+00 1.41698790e+00 -3.26928914e-01 -4.92641032e-01
    9.37978089e-01 -2.82726884e-02 -3.85275155e-01 1.86315358e-01
    7.24601984e-01 5.61139882e-01 1.46884990e+00 1.22688770e-01
    -2.58069396e-01 4.29460347e-01 1.73727989e-01 7.71248221e-01
    1.24737525e+00 -1.89937562e-01 8.51372600e-01 5.75087428e-01
    1.09579682e-01 2.08257556e-01 -2.38830805e-01 6.27745569e-01
    6.73900962e-01 -5.61005175e-02 1.11126220e+00 -4.34018195e-01
    2.34248281e-01 3.52899730e-01 -1.01366907e-01 1.41299009e+00
    -2.29295045e-01 7.31046438e-01 -1.35948271e-01 9.69920099e-01
    1.43788815e+00 5.68642735e-01 6.04942441e-02 -3.07796001e-01
    1.57415676e+00 -5.71080446e-02 2.73319960e-01 1.01874280e+00
    7.35853791e-01 3.70799005e-01 1.08048916e+00 1.35164499e-01
    1.38089204e+00 1.46995461e+00 -4.66441989e-01 7.26843059e-01
    1.13182855e+00 2.60140240e-01 1.25955987e+00 1.12095940e+00
    -5.68620861e-02 -5.02771139e-01 -3.05235624e-01 1.46909833e+00
    9.15559351e-01 1.54915023e+00 3.49469483e-02 1.16145420e+00
    1.70630187e-01 -2.59252071e-01 1.06399512e+00 -4.08205450e-01
    8.39418530e-01 3.15097153e-01 1.47594380e+00 7.09076643e-01
    -3.15554023e-01 1.25066829e+00 -4.27108198e-01 5.84475219e-01
    2.81793296e-01 3.27056706e-01 6.52320385e-01 8.64610493e-01
    1.48064995e+00 1.42179942e+00 8.32168937e-01 1.00379419e+00
    -5.51842153e-02 7.47338951e-01 1.00775170e+00 3.66971195e-01
    1.61707950e+00 9.50069189e-01 -4.71380532e-01 1.46578169e+00
    -3.20391953e-01 1.21893692e+00 9.35278773e-01 6.02163255e-01
    8.85285735e-02 1.21230650e+00 6.69573545e-01 1.48648727e+00
    1.68384314e-01 6.54115677e-01 1.47692800e-01 6.05335653e-01
    4.28434253e-01 -3.28980625e-01 4.94931310e-01 3.96098495e-01
    -4.06597823e-01 8.72901917e-01 -2.03819722e-01 1.09638035e+00
    9.66772437e-02 4.12157953e-01 1.22825158e+00 1.07277369e+00
    2.64789343e-01 -3.72742385e-01 -1.56064153e-01 7.94601440e-03
    1.01326370e+00 5.89126408e-01 -2.31200695e-01 1.42745936e+00
    5.89161336e-01 1.74293518e-02 1.30345523e-01 -3.97626042e-01
    1.18785822e+00 2.92910486e-01 -2.57261246e-01 3.29536498e-01
    1.44861984e+00 7.60772824e-01 4.27814186e-01 8.99238288e-01
    1.18563294e-01 1.02441835e+00 -3.37455302e-01 8.45730424e-01
    1.26013303e+00 -4.36444700e-01 -3.02590579e-01 -2.95052469e-01
    2.10169137e-01 1.32395744e+00 8.11643004e-02 1.35596800e+00
    1.23274410e+00 -4.39976603e-01 4.80551958e-01 4.93860185e-01
    7.89040983e-01 -8.67078602e-02 2.86140800e-01 -5.24042785e-01
    1.04486680e+00 5.45059025e-01 3.09083223e-01 3.81393164e-01
    8.15520883e-01 2.52943039e-01 8.69418740e-01 1.15907407e+00
    1.15693784e+00 4.39148426e-01 -3.78977448e-01 -2.88585246e-01
    -4.43303466e-01 -3.82601351e-01 6.29493475e-01 7.54545629e-01
    1.20499039e+00 -5.67203164e-01 1.45346904e+00 8.89355540e-01
    -7.83316493e-02 -1.40599310e-01 4.00060415e-03 3.14789116e-01
    1.25644493e+00 2.87027359e-01 4.17139232e-02 -2.78751940e-01
    -1.26921564e-01 1.51444793e-01 4.39336896e-01 -6.00352883e-03
    -4.61808145e-02 6.00433826e-01 2.66010046e-01 6.16672933e-01
    1.46904874e+00 -4.28833127e-01 8.61072540e-01 6.09981894e-01
    5.09962797e-01 3.27955931e-01 -4.10437942e-01 9.41401422e-01
    1.35567677e+00 6.75187349e-01 2.55188346e-02 7.25796223e-02
    1.30750418e+00 1.36708355e+00 -2.71678030e-01 3.38587999e-01
    1.20991397e+00 1.44698071e+00 1.30947661e+00 7.99966455e-01
    1.10354531e+00 2.30869979e-01 4.13876623e-01 -3.44789863e-01
    4.03596729e-01 -2.28627875e-01 9.76880372e-01 5.86660922e-01
    1.21460104e+00 -2.81790406e-01 9.29440916e-01 1.37157869e+00
    -4.53796208e-01 -4.09425586e-01 -3.64727318e-01 1.12087309e+00
    6.56443954e-01 7.18709826e-02 6.23026133e-01 -1.50032014e-01
    4.63386774e-01 7.16934144e-01 9.89468396e-01 8.64348888e-01
    -1.91178977e-01 6.09102249e-01 7.80559778e-02 1.45908356e+00
    7.25796461e-01 3.63423824e-01 7.12891996e-01 -4.33654964e-01
    -1.17285013e-01 1.79112971e-01 3.95510763e-01 3.14928651e-01
    -2.77095139e-02 8.01277161e-03 5.59419036e-01 1.50434685e+00
    1.25050747e+00 2.06475854e-02 4.57207918e-01 1.91171110e-01
    -4.69015360e-01 4.64015543e-01 3.42039466e-01 1.04194009e+00
    1.08891726e+00 4.67465222e-01 1.33749104e+00 6.78893924e-02
    1.19212353e+00 -1.03087515e-01 -2.75052339e-01 1.33056402e+00
    1.92191780e-01 1.47161055e+00 4.32181478e-01 1.51688457e-01
    7.53226399e-01 1.38759470e+00 4.08461690e-02 9.81438756e-02
    5.22021651e-01 7.39656806e-01 9.77609992e-01 1.16905689e+00
    1.07724941e+00 6.99710071e-01 -9.87933576e-02 1.05737638e+00
    7.99119353e-01 1.46434307e+00 -3.21174026e-01 1.22117949e+00
    1.53124332e-01 8.87820423e-01 -2.67048776e-01 1.53066516e-01
    1.00637817e+00 1.29025507e+00 -4.58269536e-01 1.56239778e-01
    7.75235891e-02 4.99111444e-01 4.22818333e-01 6.11778975e-01
    6.40558362e-01 -4.80196446e-01 4.14698571e-01 3.97097886e-01
    9.45870876e-01 4.29589272e-01 1.07601690e+00 1.01634216e+00
    3.80509675e-01 9.35674727e-01 7.56419837e-01 1.16004014e+00
    -2.84669220e-01 6.38804138e-02 8.92103076e-01 1.29874492e+00
    1.45671546e-01 -3.21047604e-02 1.52711368e+00 -4.15539920e-01
    -4.49087322e-02 9.00713146e-01 2.53964603e-01 9.38903093e-02
    6.57665491e-01 2.18964279e-01 1.03750199e-01 3.54867339e-01
    -2.16193467e-01 1.85321718e-01 5.12483835e-01 6.96664572e-01
    8.46179187e-01 1.37294745e+00 2.20542669e-01 2.14560866e-01
    5.43262720e-01 -5.26984334e-01 6.46311283e-01 -3.74591947e-01
    6.00570202e-01 1.42669749e+00 4.62811589e-02 2.40535736e-01
    3.35561633e-01 2.52993703e-01 2.82582045e-01 7.92538404e-01
    6.65704191e-01 -3.39283645e-01 2.55744517e-01 -9.35873389e-02
    1.53758645e-01 6.64518416e-01 -3.22450250e-01 3.29235256e-01
    1.21462131e+00 2.82176733e-02 4.50669885e-01 3.03178012e-01
    7.76908994e-01 1.19470870e+00 1.57035613e+00 -2.31270596e-01
    -4.70383346e-01 1.50853777e+00 8.57468545e-01 1.41668677e+00
    3.91869158e-01 5.47541738e-01 1.16549826e+00 -5.40252209e-01
    1.42808986e+00 7.38671124e-01 -2.37291247e-01 -1.40820146e-01
    7.09541738e-01 1.18120790e+00 4.14006352e-01 3.16643059e-01
    -4.46334332e-01 8.26006234e-01 6.12702847e-01 1.43683457e+00
    9.13266242e-02 -3.00158024e-01 7.58446932e-01 -4.19829786e-01
    1.47582114e-01 1.62983090e-01 3.97555828e-01 -1.17200196e-01
    1.41635764e+00 4.06753898e-01 -7.79652596e-02 7.50846863e-02
    -1.73676044e-01 1.17645788e+00 1.50392914e+00 8.50934148e-01
    1.13477993e+00 1.16018105e+00 -5.02380729e-02 -2.38652676e-01
    8.31729472e-01 1.05196476e+00 2.24400938e-01 -4.00446355e-01
    1.39004171e-01 1.30343461e+00 1.36605406e+00 7.32611656e-01
    3.02869141e-01 5.91991782e-01 1.82341456e-01 6.97656989e-01
    -4.02528584e-01 7.84885287e-01 5.80528378e-01 9.66163993e-01
    5.67056596e-01 4.27026033e-01 4.69142735e-01 1.25653529e+00
    8.76607299e-01 8.02032828e-01 1.39794385e+00 -2.02994108e-01
    1.07780147e+00 9.18805659e-01 -1.62755847e-02 6.76318169e-01
    -3.45530093e-01 -2.14458704e-02 6.47767723e-01 1.44920468e+00
    3.05712998e-01 -1.48879170e-01 -1.66379496e-01 5.10824621e-01
    -8.33524764e-02 4.90955383e-01 7.69057810e-01 1.99840784e-01
    9.38487232e-01 -3.77241224e-01 -2.30480641e-01 1.10488021e+00
    3.92908633e-01 -1.96305960e-01 6.34765029e-01 3.09836417e-01
    -4.73304808e-01 -1.34751976e-01 8.28901947e-01 3.86517704e-01
    -1.04132950e-01 1.34621501e+00 1.22986841e+00 2.48884559e-01
    7.25618601e-01 1.46659374e-01 5.09629548e-01 7.80372918e-01
    1.06457686e+00 5.00158906e-01 2.86390901e-01 4.06311572e-01
    -3.94804776e-02 -2.13415653e-01 4.21861708e-01 1.70856714e-03
    1.00813627e-01 7.41181970e-02 -3.97188306e-01 3.90139610e-01
    1.91276431e-01 -3.73779416e-01 1.43107939e+00 9.52781022e-01
    -8.07904005e-02 1.40369284e+00 -3.69662493e-01 7.43116975e-01
    1.04195929e+00 1.38977695e+00 1.34463716e+00 1.46987486e+00
    2.21626639e-01 1.47018933e+00 4.48331296e-01 -4.94561940e-01
    -3.56981874e-01 1.41345382e+00 1.11472452e+00 7.31405020e-02
    8.85955691e-02 -5.03281236e-01 8.91899586e-01 4.21083391e-01
    7.20678389e-01 -3.27734381e-01 1.59722948e+00 -3.73405427e-01
    -8.33465755e-02 -6.97902441e-02 8.95030439e-01 1.21446967e+00
    -4.59299296e-01 -2.65584946e-01 9.57535505e-01 1.12121582e+00
    1.03882337e+00 9.77549851e-01 5.82250655e-01 7.63773620e-01
    2.10485995e-01 8.80634367e-01 8.64419758e-01 6.27917528e-01
    1.27585626e+00 3.25623155e-02 1.15739632e+00 7.66202271e-01
    -2.20056325e-01 1.55498576e+00 -6.93105161e-02 1.32056713e+00
    -1.91080272e-01 6.63472712e-01 4.62166667e-01 6.72936857e-01
    2.26285279e-01 2.71852463e-01 -2.28355393e-01 8.32066655e-01
    2.03200012e-01 -2.49469191e-01 -4.32225883e-01 5.42523980e-01
    2.89616048e-01 1.23398638e+00 -4.28109109e-01 2.95402348e-01
    1.43008101e+00 1.43975580e+00 3.35624754e-01 -3.12065512e-01
    8.53817582e-01 6.26639485e-01 8.64749551e-02 1.08943582e+00
    3.06214541e-01 3.82967114e-01 -3.66194546e-01 1.26956058e+00
    7.96359539e-01 6.39218986e-01 1.12661541e+00 5.97112358e-01
    -1.23315454e-02 4.48881269e-01 5.71587086e-01 9.64652956e-01
    8.64276946e-01 -3.15637171e-01 8.64799082e-01 5.87232172e-01
    -2.55158663e-01 8.83553982e-01 -3.58107150e-01 1.08315158e+00
    6.47808611e-01 -5.30183792e-01 -4.40785825e-01 -3.50425482e-01
    6.07859492e-01 5.47499657e-01 -8.93884897e-03 9.74145591e-01
    8.71890306e-01 -3.14821482e-01 -3.59764069e-01 2.35104740e-01
    1.76565379e-01 -4.50658202e-01 1.18944073e+00 1.15863705e+00
    1.20116794e+00 -4.22477305e-01 8.12226176e-01 7.80685723e-01
    7.14910805e-01 4.21519876e-02 5.20486355e-01 6.27482533e-01
    1.36865544e+00 4.49034929e-01 -5.09390831e-01 -3.37903500e-01
    7.81754851e-01 3.66965413e-01 3.83191705e-02 1.40346766e+00
    -1.15648627e-01 8.72437358e-01 1.19278860e+00 5.04941344e-01
    9.82373178e-01 1.38805199e+00 1.50236726e-01 8.82809460e-01
    1.35927927e+00 1.60959959e-01 -4.03990567e-01 4.46283489e-01
    3.64632308e-02 -8.13898146e-02 5.19108891e-01 8.55685413e-01
    5.17561495e-01 1.16844034e+00 1.26108170e+00 1.49771869e-01
    1.12706900e+00 9.60722804e-01 1.61212504e-01 7.43609488e-01
    1.07396948e+00 -4.27857816e-01 1.20106947e+00 9.64708865e-01
    6.80512547e-01 4.14933920e-01 1.00752616e+00 5.13152599e-01
    1.29324293e+00 1.07165009e-01 1.39467180e-01 -3.99849415e-02
    8.75014961e-01 8.85361016e-01 2.54391849e-01 1.03871191e+00
    5.72781324e-01 1.24778962e+00 2.62967348e-02 -5.21343529e-01
    6.47672057e-01 1.02827787e+00 4.39428687e-01 7.45218754e-01
    1.14595091e+00 8.77451479e-01 1.28778565e+00 -3.40116918e-01
    4.38880503e-01 1.40601575e-01 1.16815710e+00 7.14261532e-01
    1.07274473e+00 1.00758576e+00 1.04511714e+00 -2.31539756e-01
    1.35899842e+00 1.38354421e+00 -1.88695550e-01 1.89688206e-01
    -2.74447232e-01 1.14006805e+00 -3.41554224e-01 -1.34903133e-01
    -5.30519485e-02 1.17062616e+00 9.58120704e-01 -3.94288421e-01
    9.75923538e-02 -1.10298246e-01 -1.50369436e-01 8.19518089e-01
    1.31925631e+00 -4.74358797e-02 3.57527018e-01 6.10131562e-01
    6.13621712e-01 9.74143684e-01 2.35928833e-01 9.71573532e-01
    4.72052068e-01 -3.25792193e-01 1.01173162e+00 1.00015235e+00
    7.02720881e-02 -8.83392394e-02 -3.83589506e-01 9.36169684e-01
    4.96528327e-01 3.94092470e-01 4.71881241e-01 5.22919178e-01
    -2.26060957e-01 6.96685791e-01 3.29472601e-01 1.29525661e+00
    1.01626086e+00 -4.86599356e-01 9.98647690e-01 1.39514267e-01
    -3.40536505e-01 9.17033315e-01 1.05177164e-02 1.35308534e-01
    2.50579536e-01 6.33138657e-01 4.33004797e-01 -4.92102444e-01
    -1.55327857e-01 1.34906292e+00 -1.41835839e-01 2.67311335e-01
    1.29249477e+00 1.37273312e+00 3.87696862e-01 1.31711364e-03
    6.67977512e-01 -9.02498960e-02 5.72047353e-01 1.27136397e+00
    -5.72392642e-02 1.09075022e+00 4.45770562e-01 1.83096319e-01
    1.41693842e+00 1.68486059e-01 1.60861897e+00 -5.82219362e-02
    -3.62080932e-01 -2.37916619e-01 7.24106252e-01 -3.34616840e-01
    1.03315997e+00 -3.36024374e-01 1.22857118e+00 2.75198936e-01
    3.56104434e-01 3.23455036e-01 -5.48701108e-01 3.89012396e-01
    -1.55752480e-01 9.81815696e-01 -2.48078257e-01 6.33729696e-01
    -1.91666067e-01 -8.04577172e-02 3.44895661e-01 1.34713089e+00
    8.07848573e-01 -1.15710557e-01 4.70954031e-01 4.30024862e-01
    7.48188615e-01 -1.14037603e-01 4.11933184e-01 1.26913810e+00
    3.58818054e-01 4.34474349e-02 3.73940200e-01 -1.93540990e-01
    6.82450950e-01 6.96723163e-01 1.20353723e+00 7.05729485e-01
    3.92166853e-01 2.97122717e-01 4.97824132e-01 9.42765474e-01
    1.07273579e+00 -4.47594166e-01 1.49219167e+00 -4.67424929e-01
    6.96484447e-02 8.27349186e-01 3.95766020e-01 -5.90267777e-02
    1.17537618e-01 8.93873572e-01 6.84834540e-01 1.43855047e+00
    1.45718622e+00 -7.15292096e-02 1.08560145e+00 -5.91208935e-02
    -2.84499079e-01 8.18207979e-01 6.52688563e-01 1.02886248e+00
    6.74171925e-01 -5.05147815e-01 1.25569761e+00 1.89990759e-01
    2.89912820e-02 -3.43588233e-01 -1.97713554e-01 3.68685663e-01
    4.94774669e-01 -3.44028413e-01 2.74144411e-02 9.80731428e-01
    -2.43529081e-01 7.98978925e-01 5.93469739e-02 3.47134173e-01
    -3.49598020e-01 7.22394645e-01 1.64905846e-01 -6.11250997e-02
    1.29526877e+00 8.42040956e-01 1.10339522e+00 -4.24434036e-01
    9.61198092e-01 1.38541293e+00 1.31741667e+00 6.58308983e-01
    -2.07264483e-01 3.96803796e-01 1.90078318e-01 -4.43340689e-01
    -4.57846522e-01 1.32938123e+00 9.48587179e-01 9.42207873e-02
    -2.24283338e-01 3.41179967e-01 1.43563724e+00 1.43178868e+00
    8.82885456e-02 7.21878409e-01 1.74074352e-01 1.16254306e+00
    1.15727639e+00 -2.49927372e-01 1.15445912e-01 5.85798204e-01
    1.13234019e+00 3.18471432e-01 6.77035391e-01 -2.41761208e-01
    3.80282879e-01 2.25783080e-01 1.42823350e+00 1.21457291e+00
    1.68270469e-02 1.98206067e-01 3.33496869e-01 1.67510927e-01
    5.52837133e-01 9.04629111e-01 9.10909176e-01 -5.80468476e-02
    1.32031858e+00 -2.87544906e-01 4.43390012e-01 -2.92465895e-01
    5.85321963e-01 1.24680936e+00 9.71047461e-01 3.22848499e-01
    1.17044199e+00 1.04288006e+00 1.14959335e+00 3.74138266e-01
    8.15006971e-01 -1.64440572e-02 -4.10589308e-01 1.51387107e+00
    1.17691362e+00 5.86488903e-01 8.20810974e-01 -2.96257466e-01
    5.67958713e-01 1.83945835e-01 1.01645589e-02 1.01194501e+00
    8.91002536e-01 5.75681686e-01 9.54146564e-01 5.28168619e-01
    1.16532803e+00 6.65217221e-01 -3.51479650e-03 -2.91714221e-01
    -1.58084035e-02 3.56462330e-01 -1.76654994e-01 3.33510876e-01
    8.63912702e-02 1.41900432e+00 8.30986798e-01 -4.22795653e-01
    6.60135865e-01 1.22083914e+00 -5.28866112e-01 7.02379167e-01
    3.10878813e-01 9.12794828e-01 9.43410993e-01 1.66169584e-01
    1.80893540e-02 1.26825786e+00 -1.23127699e-01 -3.90040934e-01
    3.61358166e-01 1.16140676e+00 1.04619861e+00 6.45616412e-01
    1.04538178e+00 -5.25148511e-02 8.64057958e-01 -4.32670236e-01
    1.04708648e+00 3.47302258e-01 -2.90608943e-01 1.21032941e+00
    1.04157281e+00 9.77601171e-01 -2.70881593e-01 3.75131041e-01
    1.58065236e+00 -1.78178132e-01 8.67746651e-01 6.20760322e-02
    4.86774623e-01 1.26280642e+00 1.07275069e-01 -1.38579786e-01
    -5.96439242e-02 9.77486610e-01 4.53436911e-01 -1.02586180e-01
    9.37462986e-01 2.62563884e-01 7.80765414e-02 8.67370844e-01
    4.15309012e-01 -2.04138547e-01 9.48705852e-01 3.49920332e-01
    1.44936919e+00 -1.59485906e-01 2.52981365e-01 2.89533794e-01
    6.69316053e-02 1.16516733e+00 1.21140456e+00 2.28544056e-01
    1.39458227e+00 7.21712530e-01 1.39965630e+00 6.26178205e-01
    -2.37590253e-01 5.16004801e-01 1.09024167e+00 -1.92670763e-01
    1.05071902e+00 1.52517009e+00 1.07986957e-01 -2.39003554e-01
    -2.39787698e-02 2.30379969e-01 9.37362552e-01 -8.85685682e-02
    3.65350187e-01 1.37330818e+00 -5.14698029e-03 2.17188954e-01
    4.26536381e-01 -3.24776947e-01 1.65797472e-01 1.58910477e+00
    6.94263339e-01 -1.97584316e-01 -3.53133142e-01 1.55801523e+00
    3.92699808e-01 -1.95549786e-01 5.46411514e-01 -3.43250215e-01
    -1.96293741e-01 -6.02326095e-02 -1.85853213e-01 -1.84851885e-03
    1.07508898e+00 1.46529150e+00 1.10420823e+00 3.24791610e-01
    1.06270611e-01 8.05586934e-01 -2.97534108e-01 6.07331395e-01
    7.93640316e-01 1.38245797e+00 1.49168825e+00 8.61275077e-01
    8.16365838e-01 2.30725288e-01 4.82849956e-01 5.75823605e-01
    1.47995055e-02 1.38927102e+00 1.25119448e+00 1.35943007e+00
    -1.26933724e-01 5.53488135e-01 -3.93119037e-01 1.14484739e+00
    7.04993725e-01 1.06792247e+00 1.32726550e+00 9.24849510e-03
    7.35751629e-01 1.48333859e+00 6.40236139e-02 9.01727796e-01
    -2.31292009e-01 1.07116795e+00 1.35628855e+00 1.46644282e+00
    1.23618770e+00 -2.70720959e-01 -2.19277591e-01 6.85951114e-01
    7.23065615e-01 2.53470957e-01 1.17743456e+00 8.54174137e-01
    -1.01975650e-01 6.24932706e-01 -4.45754468e-01 1.21606588e+00
    -4.05041099e-01 6.09044135e-01 1.45282555e+00 1.55579269e-01
    -1.41823381e-01 -9.42289829e-03 2.50946045e-01 2.33043015e-01
    -4.26896214e-02 -1.53058559e-01 8.56285810e-01 8.94051373e-01
    1.21550560e+00 6.64862394e-02 -1.51492059e-01 1.92018807e-01
    1.53774714e+00 1.14984846e+00 4.04482991e-01 -3.98181319e-01
    1.25017142e+00 1.04288220e+00 1.12914610e+00 1.52505612e+00
    7.56570458e-01 1.48125529e+00 6.22357965e-01 8.85967314e-01
    1.15561724e+00 5.09633780e-01 1.14346528e+00 5.57478547e-01
    1.07614827e+00 1.43839550e+00 -4.19658720e-01 5.54436922e-01
    2.50323176e-01 7.31467903e-01 6.09084070e-01 7.72351623e-02
    1.12597799e+00 1.16774106e+00 -3.94162834e-01 1.42755389e+00
    1.56428385e+00 8.55435729e-02 5.77546000e-01 5.29628098e-01
    1.78465873e-01 1.24743128e+00 1.21315360e+00 1.44683063e+00
    -1.08061433e-02 -2.05501586e-01 1.28323460e+00 1.81382746e-01
    5.28075337e-01 -4.17955160e-01 4.44898307e-01 4.83759463e-01
    8.01160097e-01 4.64399517e-01 1.44515300e+00 -3.10696065e-02
    7.07535148e-02 -3.49283516e-01 4.31682229e-01 6.59622669e-01
    2.51705050e-02 1.40491652e+00 3.77792537e-01 1.82198703e-01
    1.44273007e+00 -2.43369073e-01 8.39579701e-02 -4.30297494e-01
    -1.63999081e-01 -4.80496883e-03 4.14323807e-01 9.75277007e-01
    1.24049354e+00 1.08146918e+00 1.03952181e+00 5.68115532e-01
    -1.66734099e-01 -1.84289187e-01 1.08512235e+00 1.74373120e-01
    5.13568521e-03 -1.46916509e-02 6.36701822e-01 6.20992780e-01
    8.34779561e-01 -4.61911231e-01 2.38709122e-01 9.54394042e-01
    -3.73171419e-02 1.25418484e+00 4.85374451e-01 7.48908341e-01
    1.20868385e-01 6.33910060e-01 1.32223511e+00 5.83950102e-01
    1.02525878e+00 8.83578658e-02 -1.83567226e-01 6.90779090e-03
    8.43552470e-01 8.59009504e-01 9.13095534e-01 4.30054545e-01
    1.15135682e+00 -2.78390586e-01 4.69506204e-01 -1.23184144e-01
    1.32672977e+00 4.61056113e-01 4.22000945e-01 1.47440457e+00
    3.19067597e-01 -3.04800510e-01 1.03746200e+00 -1.65828586e-01
    7.88404942e-02 6.89753234e-01 4.30122614e-01 8.34935069e-01
    -2.42239088e-01 -2.28023499e-01 4.63941932e-01 -2.56548524e-02
    3.54510546e-01 1.34298134e+00 1.26083612e+00 8.97733927e-01
    -1.08429790e-02 8.80415738e-01 5.75046659e-01 4.05949742e-01
    3.57448608e-01 -1.44122750e-01 3.24391544e-01 4.64405864e-01
    8.50165486e-02 1.42700768e+00 1.10233426e-01 -9.29534435e-04
    1.41289711e+00 1.05043101e+00 2.14897156e-01 3.80287528e-01
    1.18117738e+00 6.64475381e-01 2.12369978e-01 8.45463753e-01
    1.23655891e+00 2.96367764e-01 5.80679774e-02 2.92406201e-01
    1.33411622e+00 -8.08619261e-02 1.31973529e+00 8.50950241e-01
    1.06875753e+00 -4.96595472e-01 2.02848911e-02 1.45994091e+00
    1.34006536e+00 -2.03979045e-01 6.21755183e-01 -4.51176524e-01
    -1.50195271e-01 8.70665610e-01 1.68441176e-01 1.47943020e-01
    6.31866455e-02 1.05836248e+00 5.49032927e-01 7.15170324e-01
    1.03668618e+00 1.04549527e-02 1.37604904e+00 3.36767733e-01
    4.73841906e-01 5.43494165e-01 9.87152934e-01 1.26274645e+00
    -1.23702258e-01 5.26534736e-01 -3.96176100e-01 1.42266738e+00
    2.36009717e-01 1.94393992e-01 3.99425805e-01 2.01912224e-01
    -8.40269923e-02 3.99102300e-01 6.01824641e-01 9.80707049e-01
    1.19208336e+00 4.22202945e-01 9.58706379e-01 4.64958191e-01
    1.23179221e+00 -2.23703668e-01 7.46983469e-01 -1.22113496e-01
    1.12071455e-01 1.27989173e+00 1.11484051e+00 1.37376213e+00
    3.28109682e-01 -2.33359218e-01 -3.25835764e-01 -4.45093632e-01
    2.27297217e-01 4.99868393e-01 1.22150731e+00 1.17775059e+00
    8.01687241e-02 1.05879688e+00 1.31433702e+00 3.40674818e-02
    -1.05350882e-01 1.16951060e+00 -8.95742774e-02 1.01746774e+00
    8.47158670e-01 1.21969533e+00 9.90819335e-01 4.42575693e-01
    -2.16917753e-01 1.24245763e+00 3.96512628e-01 5.72566330e-01
    8.00460041e-01 -1.96306795e-01 4.13151145e-01 4.02826667e-02
    8.83073807e-01 2.17292190e-01 -7.98654556e-03 -2.57975459e-01
    -3.34676862e-01 2.80702174e-01 6.68774426e-01 5.93944311e-01
    8.77315462e-01 1.20597458e+00 -4.47935194e-01 3.05844128e-01
    6.95780814e-01 1.14130795e+00 6.51523650e-01 5.74953318e-01
    -2.38936514e-01 2.94318140e-01 3.84192050e-01 1.23127699e+00
    1.84912086e-02 5.90933263e-01 -3.12029719e-02 1.04379988e+00
    1.34033656e+00 -4.08665061e-01 1.21812630e+00 -2.26753652e-01
    1.04255390e+00 4.00014877e-01 1.45255756e+00 1.41112387e-01
    5.87021708e-01 7.93615878e-02 3.17924380e-01 -4.56809282e-01
    -2.02888072e-01 1.46902549e+00 -1.18252486e-01 7.01948881e-01
    -2.91141838e-01 -4.12517101e-01 3.14016551e-01 -1.38734162e-01
    3.03416252e-01 1.10688949e+00 -2.85409749e-01 4.57992733e-01
    -4.68680739e-01 1.17618918e+00 1.45061493e+00 8.08861375e-01
    -3.71200264e-01 -3.31308722e-01 2.67033875e-01 2.03424096e-02
    1.45074725e+00 1.10545635e+00 1.15467358e+00 2.62905300e-01
    -3.59935135e-01 4.40184951e-01 6.87130809e-01 1.42194402e+00
    5.11852622e-01 -6.18950725e-02 4.07478929e-01 -4.19372201e-01
    3.55353951e-02 1.38311183e+00 4.32920575e-01 5.75596213e-01
    4.87703800e-01 8.87583494e-02 1.31205511e+00 1.21460485e+00
    -6.97342157e-02 1.42323780e+00 1.34661341e+00 1.19849551e+00
    2.88832188e-02 2.69865394e-01 9.53763425e-02 2.06729621e-01
    -4.33247298e-01 1.03954220e+00 1.40417635e+00 5.49316049e-01
    7.56843567e-01 1.22179210e+00 1.11138296e+00 8.58713150e-01
    1.72573328e-01 1.22991216e+00 1.22805882e+00 5.21556795e-01
    1.05402517e+00 -1.80871725e-01 4.58276272e-02 1.28557301e+00
    1.45905375e-01 8.90524745e-01 -5.11966169e-01 6.06235981e-01
    2.86916077e-01 -3.68145645e-01 -4.73601729e-01 -2.71251231e-01
    4.70847100e-01 -8.69865417e-02 1.59235787e+00 6.63222075e-01
    4.90089893e-01 -1.62047744e-01 1.22595847e+00 1.47802734e+00
    -3.23080450e-01 -1.34361506e-01 1.39245927e-01 1.16629648e+00
    1.41830850e+00 -1.17489278e-01 -3.56061637e-01 8.18276405e-02
    -1.60462037e-01 1.05217934e+00 4.01566565e-01 2.35199451e-01
    7.86960423e-01 7.02659190e-01 1.24491692e-01 3.42688441e-01
    1.09425032e+00 3.32021773e-01 6.32993639e-01 9.05114412e-03
    3.16620946e-01 1.42420316e+00 8.32449615e-01 1.95943296e-01
    2.19090760e-01 4.03337568e-01 1.56604123e+00 8.30110252e-01
    8.60091567e-01 1.30035728e-01 -2.07185894e-01 -2.28614032e-01
    6.97966874e-01 4.05386806e-01 1.02132559e-03 8.50967169e-01
    9.39255297e-01 -6.80966973e-02 1.70984983e-01 4.21630383e-01
    4.32544738e-01 1.04431343e+00 2.21399277e-01 8.82777214e-01
    -3.19109470e-01 -2.39666909e-01 8.82299602e-01 1.48191023e+00
    8.83862317e-01 -2.21267939e-02 4.27398860e-01 7.31525183e-01
    1.19201910e+00 -1.10499442e-01 1.10055494e+00 1.05018103e+00
    -4.66118455e-02 4.40324605e-01 -3.60378146e-01 4.69456613e-02
    3.21672678e-01 1.02787852e+00 1.17557669e+00 3.29883754e-01
    3.95988643e-01 1.45945239e+00 1.32386756e+00 1.09187937e+00
    1.15320468e+00 6.81895316e-01 1.02454185e+00 -4.18809056e-01
    1.38885033e+00 1.11530113e+00 8.98970902e-01 7.41409063e-01
    3.64884079e-01 9.41166162e-01 1.39467287e+00 5.10708153e-01
    5.09453416e-02 3.03365290e-01 9.55397069e-01 4.90444720e-01
    2.38487363e-01 1.16960227e-01 1.31740642e+00 -4.59105968e-02
    5.99426508e-01 9.82539833e-01 3.75270486e-01 1.17044330e-01
    3.74918938e-01 1.10099912e-01 8.11911762e-01 7.34656870e-01
    -4.63515490e-01 8.10363948e-01 -1.00478262e-01 4.55476701e-01
    7.29798079e-02 1.41469455e+00 -1.30186677e-01 4.20277387e-01
    9.07925785e-01 4.85277325e-01 4.73182231e-01 -2.36992806e-01
    7.88956642e-01 -7.27888942e-02 9.54040885e-02 1.28513885e+00
    9.07613158e-01 -2.84443676e-01 -2.78690636e-01 6.97214842e-01
    1.26219153e+00 5.45587540e-02 8.02735746e-01 -2.76322663e-01
    1.83997810e-01 5.94250798e-01 -5.32965064e-02 1.11907721e+00
    -5.94102144e-02 -4.51522171e-02 -2.17713177e-01 -2.33604103e-01
    -4.58625048e-01 1.24561161e-01 6.88618302e-01 1.21455789e-01
    1.40616417e-01 -4.95057821e-01 -1.99157089e-01 9.23170090e-01
    2.60184467e-01 3.51063043e-01 7.66736865e-01 2.18647182e-01
    1.32599032e+00 7.76762187e-01 -5.31333804e-01 1.13159168e+00
    6.62182689e-01 1.02519941e+00 3.79838169e-01 -4.19018388e-01
    -3.56308579e-01 -1.12437755e-01 6.96017325e-01 9.93558288e-01
    3.41383398e-01 1.46720994e+00 9.96792376e-01 4.66986179e-01
    8.99421036e-01 1.42328703e+00 8.45417380e-01 -1.54470459e-01
    -2.10707963e-01 7.75268972e-02 5.94158113e-01 5.10452390e-01
    -3.66157770e-01 4.96831715e-01 6.44732952e-01 4.50090170e-02
    7.38182545e-01 -3.06618571e-01 2.38220334e-01 1.47153389e+00
    9.69704330e-01 5.36734462e-01 -4.90045428e-01 1.26181781e+00
    5.76789498e-01 1.43454313e+00 8.84630501e-01 2.71102846e-01
    6.28052354e-02 -4.25433815e-01 6.60831213e-01 7.67294288e-01
    -3.25435758e-01 5.73829353e-01 1.06220865e+00 7.17078507e-01
    -4.56698358e-01 5.87545097e-01 -4.73801285e-01 1.05578256e+00
    9.02759194e-01 8.19216609e-01 -4.77859378e-01 5.02973318e-01
    -4.21494991e-01 2.50593901e-01 -4.72218961e-01 6.11991286e-01
    6.55883491e-01 1.10664678e+00 1.11364353e+00 -2.40893811e-01
    5.20537496e-02 5.36805391e-03 4.10096943e-01 -1.79742575e-02
    1.03254783e+00 9.07025576e-01 1.00187469e+00 9.70340371e-02
    6.28164172e-01 9.50130403e-01 -2.91051686e-01 1.10510159e+00
    5.28263867e-01 2.31197059e-01 -4.24997240e-01 4.14279699e-01
    1.15216136e+00 8.74910533e-01 1.52259564e+00 6.96141720e-01
    1.39074850e+00 5.52929640e-02 6.15061045e-01 3.39638174e-01
    5.59385240e-01 1.53960109e+00 -8.83711576e-02 1.08971739e+00
    2.34235018e-01 5.31733692e-01 1.08295107e+00 3.14384699e-01
    -5.46874523e-01 9.70122516e-01 1.18708777e+00 6.25476658e-01
    1.17676985e+00 -4.44135934e-01 1.31154442e+00 3.61812741e-01
    7.04821110e-01 4.65714514e-01 8.48856866e-01 4.77131337e-01
    1.75035059e-01 3.34604383e-02 1.59729135e+00 -1.26165017e-01
    5.98120213e-01 -1.59516484e-01 9.30254281e-01 3.30312431e-01
    8.89101624e-02 2.17364788e-01 6.01828516e-01 2.82657623e-01
    7.24297583e-01 1.59939909e+00 1.16995525e+00 -3.47020298e-01
    -3.58519137e-01 7.43194222e-02 -2.50268042e-01 1.42148948e+00
    1.49025226e+00 5.24003327e-01 7.09005654e-01 1.28407145e+00
    -3.93793821e-01 9.03215170e-01 1.72683120e-01 4.82366681e-01
    1.52320921e-01 1.41740775e+00 1.21630102e-01 2.33049393e-02
    -2.97088683e-01 4.55936253e-01 1.17481411e-01 1.47802293e+00
    2.44260311e-01 8.32896709e-01 1.09796071e+00 1.47674918e+00
    6.93659306e-01 1.52277470e-01 -2.16003716e-01 3.84981215e-01
    1.45851684e+00 3.07794273e-01 4.47573066e-02 1.54640377e-01
    -9.98171270e-02 1.10154200e+00 2.84982026e-01 1.48204327e+00
    4.29976732e-01 4.36805844e-01 -1.12094283e-01 2.10670829e-01
    1.27345729e+00 -4.39966172e-01 9.88472581e-01 1.35340285e+00
    1.37657118e+00 -6.91881955e-01 -5.03020644e-01 7.65429556e-01
    -2.42817491e-01 3.70261729e-01 1.43072283e+00 9.91077304e-01
    -2.52239108e-02 1.40224588e+00 -1.16767377e-01 1.53402495e+00
    -4.36736286e-01 4.83266711e-02 -2.27708995e-01 7.95631766e-01
    4.91839647e-01 -2.80024230e-01 1.32584357e+00 1.43057001e+00
    -1.32068038e-01 1.12619162e-01 1.32560730e-03 8.44868600e-01
    5.45042515e-01 -3.86164010e-01 1.29517698e+00 -3.62920702e-01
    6.69556499e-01 7.38011360e-01 1.16877651e+00 5.03598332e-01
    1.08061790e+00 8.99271369e-01 2.54866183e-01 8.16092193e-01
    9.59044456e-01 5.18210113e-01 1.01969457e+00 1.24683523e+00
    -4.51653659e-01 7.04574585e-03 1.40671587e+00 8.50943208e-01
    6.01202786e-01 -3.96026134e-01 8.54628086e-01 -1.35064751e-01
    1.82355165e-01 1.06458843e-01 1.12053716e+00 9.03263092e-01
    -5.44865668e-01 4.76578414e-01 -4.69845861e-01 1.51915598e+00
    3.95341516e-01 -4.86823916e-01 2.64140964e-01 1.02652967e+00
    7.77382612e-01 5.56716681e-01 7.94364095e-01 5.22578239e-01
    6.77938938e-01 -1.13875359e-01 -5.95995545e-01 1.32655621e+00
    1.15073204e+00 -2.70681411e-01 1.12802172e+00 -5.95384240e-02
    9.59086776e-01 2.45701134e-01 2.59349287e-01 6.85291886e-02
    -3.71506363e-01 4.43189681e-01 1.20215678e+00 6.32568896e-02
    1.02170944e+00 3.37766409e-01 5.78149080e-01 1.24310863e+00
    -1.09671712e-01 -4.32602465e-01 -3.76892090e-03 -1.85668528e-01
    1.44817948e+00 5.62670469e-01 -1.89934433e-01 4.24271822e-02
    1.18925989e-01 1.20329416e+00 6.63221955e-01 5.29479563e-01
    -8.42723846e-02 6.87757492e-01 5.21804333e-01 9.75356162e-01
    4.21780944e-02 -2.48980582e-01 1.49947810e+00 8.13520014e-01
    8.49292159e-01 1.49182677e-01 3.13521922e-02 -3.92589629e-01
    4.81675386e-01 2.55517036e-01 3.00750017e-01 -1.82072103e-01
    1.49575448e+00 1.13703418e+00 1.36506796e+00 4.04232860e-01
    -1.30339056e-01 1.47066760e+00 1.81747258e-01 -2.15909600e-01
    3.55169773e-01 -1.92437023e-01 1.49441814e+00 1.10327935e+00
    9.84430671e-01 -4.64749068e-01 -1.72618181e-01 1.34350777e+00
    2.75452942e-01 -1.26915872e-02 -1.09151185e-01 1.10175860e+00
    -2.51332730e-01 1.11150336e+00 5.68896890e-01 -1.43848717e-01
    1.42129481e-01 7.15710759e-01 8.57423663e-01 -1.49409860e-01
    3.06405187e-01 9.98349845e-01 1.75943375e-01 9.23035264e-01
    1.32274950e+00 1.04981101e+00 3.39658022e-01 1.05127215e+00
    1.39396620e+00 -4.96750295e-01 -7.85044432e-02 5.52593768e-01
    7.52697885e-01 9.65436399e-01 1.55307114e+00 6.46657109e-01
    -1.06895834e-01 3.28759611e-01 9.15582955e-01 -1.71216905e-01
    1.18146753e+00 1.00387716e+00 2.81480074e-01 2.31119037e-01
    -2.10162431e-01 7.32006192e-01 5.71633101e-01 8.10435534e-01
    2.84754932e-01 4.01197493e-01 -2.82934129e-01 8.64748359e-02
    1.53039098e-01 4.01256680e-02 4.07636464e-01 2.82615125e-01
    1.11482239e+00 1.87960029e-01 2.99229622e-02 -5.48112392e-03
    1.51400477e-01 6.39485598e-01 -4.21475619e-01 6.90870225e-01
    1.04323947e+00 -6.06289148e-01 1.08455491e+00 6.77831233e-01
    1.20095909e+00 7.78859317e-01 -1.82146490e-01 7.55757093e-03
    1.43755352e+00 1.17556763e+00 4.82193649e-01 1.16965771e+00
    2.69377053e-01 4.07518327e-01 -2.51849651e-01 1.47130620e+00
    1.21610832e+00 -1.46038994e-01 4.27542895e-01 6.74121439e-01
    -3.29256833e-01 1.57240975e+00 -4.76184368e-01 -3.34269911e-01
    1.24146247e+00 5.13621092e-01 4.04933989e-02 3.89629155e-01
    1.41792488e+00 1.33817971e+00 8.26602399e-01 3.81304920e-01
    5.42254150e-01 3.99745464e-01 5.03283620e-01 1.58266544e-01
    1.01164389e+00 3.40486586e-01 5.88533580e-01 1.98216736e-01
    -3.42017025e-01 2.86713809e-01 6.50155008e-01 7.00785339e-01
    1.48816824e+00 4.82144415e-01 7.45300055e-02 -5.64106941e-01
    1.77513421e-01 -1.32009685e-02 -4.20806557e-01 1.30741072e+00
    -1.41345084e-01 5.89951098e-01 2.29849100e-01 1.02354848e+00
    2.10983157e-01 1.41333365e+00 1.48120582e+00 9.72834826e-01
    9.76541162e-01 1.82198286e-01 -7.61879385e-02 8.88223410e-01
    -3.51982117e-01 1.38987410e+00 4.12902385e-01 1.30629659e+00
    1.84391081e-01 -1.24858916e-01 2.84633934e-01 9.48244214e-01
    1.35829234e+00 1.25615752e+00 9.73795176e-01 1.15627837e+00
    4.56790626e-01 -3.16037178e-01 -2.07189381e-01 1.15359545e+00
    3.17275405e-01 1.77976906e-01 -7.94745684e-02 4.80945259e-01
    9.12471294e-01 4.54612017e-01 5.17248452e-01 -2.63315350e-01
    1.29388881e+00 8.12279642e-01 5.49457490e-01 1.36386609e+00
    8.55716169e-01 1.38369215e+00 -3.21981668e-01 9.60917711e-01
    1.21605992e+00 1.42118657e+00 -2.00012326e-01 1.25530660e-01
    -1.20782882e-01 1.35846865e+00 3.24001610e-01 1.30786180e+00
    1.86567366e-01 -3.92055839e-01 1.31573939e+00 1.93096280e-01
    1.12610817e-01 5.10474145e-01 -3.99305403e-01 7.06854701e-01
    1.21639252e+00 8.83665442e-01 1.12566376e+00 7.57059395e-01
    9.00319517e-01 1.18252349e+00 7.87786067e-01 1.17042553e+00
    3.80557477e-01 3.73182178e-01 7.96434760e-01 2.62987614e-03
    9.35792744e-01 4.87279832e-01 1.42880678e+00 5.76768756e-01
    1.72367573e-01 -9.58467722e-02 1.07599640e+00 -3.58952105e-01
    9.26777720e-02 -1.02677643e-01 6.87242270e-01 1.14050519e+00
    2.82963991e-01 1.02647936e+00 5.24532855e-01 1.36975849e+00
    6.16359115e-01 6.36662662e-01 1.15978360e+00 3.35991204e-01
    1.27960443e+00 1.40647435e+00 1.03368664e+00 5.93662381e-01
    1.56679064e-01 9.00353193e-01 6.54330611e-01 -4.16982234e-01
    1.10647464e+00 4.88911539e-01 5.31241536e-01 -5.30079305e-02
    1.09338522e+00 -1.31919384e-02 8.80058646e-01 8.63913298e-01
    1.12049913e+00 2.39535570e-02 -3.65575790e-01 2.46356726e-02
    1.29742396e+00 3.24689955e-01 -3.25236320e-01 -2.45530903e-02
    2.31785923e-01 8.66794407e-01 1.33331585e+00 4.19155180e-01
    3.77027333e-01 -2.40472436e-01 9.16272402e-03 6.47507191e-01
    1.28221869e-01 1.04799837e-01 1.08273304e+00 -1.30762935e-01
    -2.81049013e-01 -1.97787762e-01 4.38346595e-01 2.66114473e-01
    4.14060771e-01 8.22863519e-01 5.56623459e-01 9.08398092e-01
    -2.01241076e-02 -3.07050288e-01 -4.97604430e-01 1.01297545e+00
    3.94527018e-01 1.36862385e+00 1.16092312e+00 9.86442804e-01
    8.77908349e-01 -1.46350384e-01 6.22746110e-01 7.37492204e-01
    -2.38427520e-03 1.21389031e-02 3.62991452e-01 7.91439176e-01
    1.37394106e+00 -4.96714890e-01 8.40201855e-01 9.44504082e-01
    6.49987578e-01 5.59815764e-03 -6.56103492e-02 4.45348680e-01
    9.27424073e-01 6.20593667e-01 -1.19890094e-01 -1.83361024e-01
    6.17624879e-01 -2.43860841e-01 -1.77740216e-01 1.30238295e+00
    1.18295288e+00 3.35293412e-01 9.98573899e-02 9.22826529e-02
    1.37220836e+00 9.67204928e-01 3.64964485e-01 5.87173760e-01
    -4.23063815e-01 -3.67786050e-01 1.04617047e+00 8.84046257e-01
    3.71706009e-01 8.76541376e-01 4.19212401e-01 1.90537512e-01
    6.16015971e-01 7.02174366e-01 1.48008060e+00 4.23526824e-01
    -1.91935122e-01 -1.38295889e-01 -2.69742370e-01 1.17029142e+00
    -2.67628729e-01 -2.06298769e-01 6.21969461e-01 6.61898851e-01
    1.81017458e-01 -4.05300200e-01 -1.23970449e-01 5.97162724e-01
    2.92459935e-01 3.32570732e-01 -2.20091343e-02 1.55609727e-01
    1.08870351e+00 1.40966082e+00 4.45670009e-01 1.34037113e+00
    2.32378662e-01 1.25214994e-01 -5.04683912e-01 1.32870793e-01
    8.52875054e-01 7.06622839e-01 9.31570411e-01 3.37287486e-01
    2.21175611e-01 9.12562191e-01 1.51844335e+00 1.63202310e+00
    4.28657413e-01 5.29219508e-02 1.50565302e+00 9.00694847e-01
    4.05743122e-01 1.07831001e+00 2.66319752e-01 -5.14706850e-01
    4.20248419e-01 -1.15706176e-01 9.67522442e-01 2.06361234e-01
    8.92054141e-02 -2.62509704e-01 1.00635600e+00 5.13756275e-03
    -3.71249318e-02 -4.80004787e-01 2.70831227e-01 1.45242882e+00
    1.32231963e+00 6.47698522e-01 -1.23759210e-01 1.31262553e+00
    7.46166110e-01 1.21978259e+00 -2.35422119e-01 -3.53594780e-01
    5.75522900e-01 1.40977526e+00 1.17327285e+00 1.40122986e+00
    6.22717619e-01 4.66485262e-01 4.01046038e-01 -5.91541827e-02
    -1.39034152e-01 1.00637722e+00 1.99687004e-01 9.14495587e-02
    6.15283608e-01 1.29485285e+00 -4.53752398e-01 7.08767176e-02
    -2.71413386e-01 -3.23869467e-01 -1.44185752e-01 1.00831783e+00
    -2.33903602e-01 -4.26744461e-01 6.48632884e-01 1.17558122e+00
    1.67025983e-01 -4.19498086e-02 1.19213724e+00 -2.11152732e-01
    1.34108973e+00 9.74293470e-01 6.43061042e-01 7.44207263e-01
    1.03069067e+00 6.99113190e-01 9.39505339e-01 1.07675409e+00
    -1.17663682e-01 1.12666607e-01 -2.02403873e-01 -5.66993356e-02
    -3.24866742e-01 6.44684613e-01 4.39471066e-01 4.54051435e-01
    -3.67564946e-01 -3.47944081e-01 1.42753005e+00 1.11374998e+00
    6.41845465e-01 3.09395969e-01 7.22155571e-01 1.92386866e-01
    -1.96915269e-02 2.10465789e-01 1.49673903e+00 -2.44351596e-01
    -1.09876513e-01 -8.61222446e-02 1.37683773e+00 1.37151766e+00
    -2.69663334e-03 6.36057079e-01 -8.02650154e-02 -8.47615898e-02
    9.95841265e-01 -4.43212867e-01 1.20179939e+00 1.01134610e+00
    7.83183157e-01 5.13153851e-01 8.01711440e-01 6.52798951e-01
    1.25099349e+00 7.58306980e-01 -2.00627804e-01 6.79067433e-01
    -5.42179823e-01 1.38288713e+00 6.78739548e-01 1.44016838e+00
    9.57015157e-02 9.86509264e-01 -1.75132185e-01 -1.34879321e-01
    1.22359347e+00 7.30177999e-01 1.35453916e+00 -3.30918550e-01
    1.00871396e+00 2.53714323e-01 -2.55828232e-01 3.07308853e-01
    6.57907605e-01 7.47853935e-01 -3.00818771e-01 1.33398581e+00
    1.27959085e+00 5.22286177e-01 1.35732627e+00 1.84634864e-01
    -1.23368740e-01 -6.89156055e-02 1.31241763e+00 1.22170758e+00
    -5.27140796e-01 -5.39280176e-01 1.06576228e+00 1.09966397e-01
    1.00425494e+00 -3.64234507e-01 4.04976070e-01 6.58631742e-01
    1.23232126e+00 1.14554358e+00 4.96952116e-01 -1.72410250e-01
    2.71256030e-01 1.36416888e+00 6.19076192e-01 1.40982795e+00
    2.38045752e-02 7.25870967e-01 5.37688434e-02 -7.49508440e-02
    8.08711827e-01 1.31634319e+00 1.78652942e-01 -2.65286148e-01
    7.65879035e-01 4.30098295e-01 1.52998304e+00 1.07442111e-01
    3.42053175e-03 -1.76962018e-02 1.61926842e+00 -1.21283561e-01
    5.02904356e-01 1.51150036e+00 3.68644297e-01 1.52441287e+00
    4.56747532e-01 -2.22458065e-01 9.98762250e-01 -5.34611702e-01
    1.16020834e+00 8.59415472e-01 1.20930171e+00 1.19321704e+00
    -2.14641780e-01 1.31344461e+00 6.79538250e-02 7.00211942e-01
    -2.20095962e-01 5.56152165e-01 -3.06544542e-01 4.95864391e-01
    1.31051779e+00 1.42571473e+00 3.41263413e-01 2.67087936e-01
    2.40012646e-01 8.37845683e-01 8.52564931e-01 7.48948872e-01
    8.06547940e-01 2.74376303e-01 -4.26580369e-01 7.27193773e-01
    1.27205741e+00 1.04386544e+00 1.43660915e+00 -1.86621577e-01
    8.22261333e-01 3.40908229e-01 1.23056746e+00 1.14155984e+00
    1.20002925e-01 9.04166043e-01 9.37107146e-01 1.41456091e+00
    1.26391888e+00 -5.44432044e-01 -1.86593771e-01 -2.13511288e-01
    1.11243856e+00 6.80898726e-01 -2.35236377e-01 -5.60204387e-02
    4.78691280e-01 1.10965490e+00 3.26307476e-01 4.84797299e-01
    1.32187712e+00 -3.51443589e-02 2.70820260e-01 -1.64398849e-01
    6.70750260e-01 1.36733222e+00 1.01861107e+00 8.25993598e-01
    5.99225700e-01 1.43685865e+00 9.65113223e-01 1.23867035e+00
    -2.55725026e-01 1.90955400e-03 6.53315306e-01 -2.61519313e-01
    5.24854600e-01 -9.76662338e-02 -1.54722929e-02 -1.67225838e-01
    1.45487690e+00 4.88268673e-01 7.06272185e-01 1.17463851e+00
    5.99548697e-01 1.10826945e+00 8.07553828e-01 -4.95285511e-01
    1.45166421e+00 2.26944685e-02 7.04889774e-01 -3.95922482e-01
    4.01716173e-01 2.11087942e-01 8.89503002e-01 1.15152299e+00
    2.74094939e-02 -3.73340547e-01 8.04997325e-01 -1.20767355e-02
    2.15162396e-01 1.03659701e+00 3.43305320e-01 -1.46584392e-01
    1.22213638e+00 5.74689507e-01 -9.35917199e-02 -8.16326439e-02
    8.08640003e-01 8.79982531e-01 6.42455697e-01 7.25431740e-01
    4.72998857e-01 6.62661314e-01 1.47556913e+00 2.30736375e-01
    1.15820849e+00 7.12481678e-01 1.22134387e-01 -1.12321496e-01
    -2.85943151e-01 1.49903309e+00 5.87027907e-01 1.17966175e-01
    3.35621893e-01 6.62072062e-01 9.04007316e-01 1.08350098e+00
    -3.65920842e-01 -2.85675168e-01 1.32375729e+00 -1.08650833e-01
    1.25368941e+00 4.32836741e-01 5.28862476e-02 1.38778186e+00
    9.49336648e-01 2.48328626e-01 9.03129458e-01 -5.03617585e-01
    1.54996359e+00 -4.34412420e-01 6.40383184e-01 2.61716753e-01
    9.31441247e-01 2.30233639e-01 8.24316740e-02 -3.69163096e-01
    4.60312992e-01 7.99721241e-01 2.76084781e-01 1.04490948e+00
    1.44096017e-02 -5.56327581e-01 1.37343431e+00 3.41760814e-01
    3.83324981e-01 -4.15243804e-01 8.99344504e-01 7.71914184e-01
    1.94532633e-01 -4.33271974e-01 1.33664298e+00 8.30406308e-01
    9.78511870e-02 8.54872763e-02 1.58224881e+00 1.27953798e-01
    1.40190196e+00 3.10321867e-01 -3.02827239e-01 8.43932033e-01
    5.04436910e-01 -4.46706533e-01 -2.04310924e-01 2.10072935e-01
    9.87028480e-01 6.14212394e-01 -1.39058053e-01 2.19491005e-01
    -3.78513277e-01 1.26810026e+00 -3.76403719e-01 1.38661373e+00
    4.53361392e-01 4.24756944e-01 6.43446207e-01 1.30519599e-01
    3.14112276e-01 1.23798287e+00 -1.00441098e-01 -2.50723064e-02
    3.17043394e-01 9.97068286e-02 9.79996920e-01 8.43039155e-02
    -5.15339792e-01 1.69644117e-01 1.02930331e+00 2.10394204e-01
    1.05157995e+00 9.58533049e-01 1.30066419e+00 5.22065222e-01
    3.71127427e-01 1.35516083e+00 2.42198884e-01 1.14357591e+00
    5.05116165e-01 -8.72239470e-02 1.52235746e+00 1.57227933e+00
    -2.83192396e-01 1.41419798e-01 -1.24438405e-01 -1.56576246e-01
    1.30057979e+00 1.36417580e+00 9.21557307e-01 7.66861677e-01
    1.37900329e+00 3.41823280e-01 -5.77177048e-01 2.72287786e-01
    3.97545218e-01 1.41765106e+00 1.07568026e-01 2.11483240e-02
    -8.70571136e-02 1.30950165e+00 1.36468101e+00 1.03260732e+00
    6.42198622e-01 -3.06168467e-01 4.71671790e-01 1.24445176e+00
    -4.04941857e-01 1.38482940e+00 1.27373862e+00 -4.80671197e-01
    -4.53170002e-01 1.43256044e+00 1.21423399e+00 2.28799820e-01
    1.34637403e+00 8.07722211e-01 -2.27599457e-01 1.66608870e-01
    2.91788578e-02 1.44852614e+00 4.39073563e-01 4.49697077e-01
    4.47556853e-01 -4.35733557e-01 1.57860756e+00 4.15759414e-01
    -2.46465743e-01 2.41607100e-01 3.89644504e-03 7.18564153e-01
    6.71309173e-01 2.21371800e-01 -3.44906360e-01 5.18943191e-01
    -3.96782875e-01 -2.31188744e-01 8.78171742e-01 -2.73408592e-02
    -1.59890532e-01 9.78856981e-01 6.70057237e-01 1.09761655e+00
    -2.53180712e-01 7.06955194e-02 -1.74936652e-01 6.46152854e-01
    2.46074915e-01 3.98612410e-01 1.23897374e+00 5.52428484e-01
    7.30991006e-01 -5.09019554e-01 3.56803298e-01 4.09578264e-01
    6.77381933e-01 1.01992238e+00 -5.28175235e-02 -1.98177785e-01
    1.22762656e+00 -1.33047402e-01 8.00605893e-01 7.03589976e-01
    5.19373119e-01 -4.80304062e-02 -5.61597943e-02 4.27031517e-01
    6.30059004e-01 9.29904580e-01 6.57895327e-01 2.19498873e-01
    1.33959973e+00 9.88229215e-01 -6.11393869e-01 6.41810834e-01
    1.42785883e+00 1.43344176e+00 1.33744717e+00 1.23415804e+00
    8.13312471e-01 8.30745041e-01 2.37867594e-01 4.17744696e-01
    4.91190851e-01 6.79609001e-01 8.85356665e-02 1.83886290e-02
    6.36891067e-01 1.06358504e+00 3.71602058e-01 8.92249942e-01
    1.59087729e+00 1.80554390e-03 5.05461335e-01 9.85727668e-01
    -3.80069762e-01 1.36778128e+00 5.57528973e-01 8.96522045e-01
    -6.81561828e-02 1.08688951e-01 5.52615464e-01 1.40132022e+00
    5.00701964e-01 1.06225216e+00 7.48894989e-01 3.85000765e-01
    2.22552359e-01 1.03068113e+00 1.55248344e-01 5.39574444e-01
    6.92897975e-01 1.10634553e+00 -3.86212587e-01 4.16957021e-01
    6.31694674e-01 9.46839988e-01 7.91503251e-01 1.96700513e-01
    1.34406674e+00 8.46534967e-01 5.45901656e-01 5.44065833e-01
    9.20369625e-01 1.06321168e+00 9.93082762e-01 9.10964370e-01
    1.18340731e+00 7.91436493e-01 7.99599826e-01 5.12251258e-01
    6.79843187e-01 4.62972075e-01 7.04147816e-02 -5.29989660e-01
    1.53358424e+00 -2.25488275e-01 7.48838425e-01 1.17063594e+00
    1.49818563e+00 -2.24905044e-01 -6.17730618e-02 2.66494930e-01
    3.90142977e-01 -3.99071515e-01 1.43447340e-01 1.11647117e+00
    -2.20221400e-01 -2.57152557e-01 9.05538321e-01 -3.86643380e-01
    6.34142101e-01 1.35123074e+00 1.31458449e+00 6.36431098e-01
    7.35663235e-01 9.51754928e-01 5.52405655e-01 2.85174966e-01
    4.24131513e-01 -2.15275303e-01 1.57694697e-01 1.28152061e+00
    5.27564526e-01 7.28234410e-01 1.41856778e+00 -4.15152013e-02
    1.46875954e+00 4.31664228e-01 6.96343005e-01 5.90429187e-01
    4.78553385e-01 1.09539092e-01 1.60378122e+00 1.94530606e-01
    1.07670546e-01 -1.76557928e-01 1.02548957e+00 -8.24761391e-03
    8.07942867e-01 -4.43813384e-01 1.00816345e+00 3.30856323e-01
    -5.49012065e-01 1.25179529e-01 2.72610188e-01 1.37682426e+00
    -2.80681252e-02 1.40239179e+00 8.35491955e-01 2.37643957e-01
    -1.06537908e-01 -1.95663199e-01 1.07462180e+00 -2.49923632e-01
    8.37635756e-01 -9.98782814e-02 -1.29938751e-01 2.01014996e-01
    1.45355940e+00 1.16611409e+00 5.82237601e-01 9.87195551e-01
    -3.71083289e-01 1.26256585e+00 1.46432519e+00 9.86637712e-01
    3.80126774e-01 2.74191976e-01 -3.90566885e-01 3.71295214e-03
    1.06710291e+00 -4.00540233e-01 6.95524752e-01 2.54747391e-01
    1.05440378e+00 -2.58098185e-01 6.47098005e-01 1.05452490e+00
    -3.17265809e-01 -8.77950490e-02 2.13469326e-01 -1.79572165e-01
    1.03904033e+00 1.35191083e+00 4.83655035e-01 6.07371509e-01
    8.57420266e-01 1.18274021e+00 2.02783883e-01 -9.26702619e-02
    9.52094793e-03 1.49124324e-01 1.32584345e+00 -2.02181190e-01
    -6.90960884e-02 -2.49521092e-01 4.30220187e-01 9.21525657e-02
    1.56250036e+00 1.07494378e+00 8.72598767e-01 5.99618733e-01
    3.10035825e-01 1.05201364e-01 -3.60526204e-01 7.70150959e-01
    -4.69440550e-01 1.13010192e+00 1.40928638e+00 -7.92396665e-02
    5.12288153e-01 7.08067000e-01 1.50157213e-01 3.55415046e-01
    4.15120006e-01 1.12985277e+00 9.65276837e-01 1.39522672e+00
    7.97886848e-02 1.43634272e+00 -5.99375069e-02 4.30483788e-01
    2.45022297e-01 1.14745319e+00 -1.49846107e-01 8.58118892e-01
    -9.84021425e-02 1.69592470e-01 1.40961981e+00 -4.40238833e-01
    -5.04695594e-01 1.14620495e+00 1.19823503e+00 1.60813034e-01
    2.22855985e-01 1.39800048e+00 -3.46612394e-01 -2.92005092e-01
    3.00430119e-01 1.23929310e+00 1.00449204e+00 6.03417158e-01
    -5.52636445e-01 -1.56964451e-01 1.32838964e+00 6.07026160e-01
    1.55054152e-01 7.26750910e-01 1.11271179e+00 6.61516666e-01
    -5.34399927e-01 3.99066925e-01 1.19141936e+00 4.37845826e-01
    1.04825568e+00 -3.03358048e-01 9.23361897e-01 8.97633970e-01
    2.52131522e-01 9.79494989e-01 1.10548615e-01 2.62704670e-01
    1.91269010e-01 -2.65866190e-01 -6.25438392e-02 6.99713707e-01
    1.14148927e+00 2.81497538e-01 1.80893838e-02 1.44979286e+00
    8.75286877e-01 3.46336603e-01 6.62700951e-01 1.35315478e+00
    -2.88016587e-01 7.51220345e-01 -1.28464758e-01 -3.14053118e-01
    7.42129266e-01 3.69150519e-01 7.13029027e-01 -2.18535781e-01
    -4.40526843e-01 1.33625317e+00 -1.75957084e-01 1.14466524e+00
    4.56125736e-01 3.87464345e-01 5.50449252e-01 -3.33263695e-01
    -1.74230933e-02 -4.78488505e-02 -3.59539688e-02 3.82698536e-01
    -2.79556632e-01 9.94044960e-01 8.85598481e-01 -4.27683711e-01
    7.49033451e-01 8.22967589e-01 1.38834906e+00 -2.20679343e-01
    7.79513121e-01 7.12368250e-01 2.88452685e-01 -1.35632396e-01
    1.07834184e+00 8.68695974e-03 1.10745013e+00 7.35515833e-01
    -1.65877879e-01 -1.34415507e-01 8.80728722e-01 8.18453372e-01
    1.35872722e+00 -5.61935782e-01 1.43431830e+00 1.42746556e+00
    7.00255632e-02 -4.22310233e-02 9.54674542e-01 9.84332681e-01
    1.09029889e+00 -2.84016728e-02 1.46777678e+00 -4.56624329e-02
    -1.74848467e-01 8.25712323e-01 7.64077842e-01 9.69098330e-01
    9.78777707e-01 8.19113672e-01 9.46053445e-01 1.25047421e+00
    6.55448675e-01 7.01526403e-01 7.49840260e-01 8.40339661e-02
    1.40496826e+00 -8.10405612e-02 -5.74665666e-01 1.40508771e+00
    3.96689892e-01 4.44164276e-02 -3.58684719e-01 1.21067166e-02
    -1.66431785e-01 1.49378669e+00 1.16044199e+00 1.32289672e+00
    6.22656643e-01 1.36407256e+00 -1.10112280e-01 -3.41617048e-01
    -2.48291269e-01 9.97863114e-01 5.97235560e-01 1.21244907e+00
    3.46474469e-01 1.85997784e-01 3.84385169e-01 7.76077926e-01
    7.37478554e-01 1.53769565e+00 4.62744176e-01 8.04332674e-01
    8.99847150e-01 9.76261675e-01 -3.40388596e-01 -1.47823155e-01
    1.30491519e+00 6.58088088e-01 -3.51703137e-01 3.23685974e-01
    1.49165654e+00 7.71746516e-01 -2.31000632e-01 -3.06368291e-01
    2.88896680e-01 -2.72431374e-01 -3.68431956e-01 6.34408593e-01
    3.48289847e-01 6.73902750e-01 1.20466852e+00 5.51169872e-01
    -5.15301526e-02 4.75629747e-01 4.40084815e-01 1.36776435e+00
    -1.37856513e-01 1.12657040e-01 6.84832871e-01 1.37087238e+00
    1.37724352e+00 6.49801493e-01 -3.86429727e-01 1.55618584e+00
    -1.42345607e-01 3.15952063e-01 6.02175951e-01 -1.32957518e-01
    1.03673077e+00 1.13178837e+00 3.38521242e-01 5.69683254e-01
    1.11105108e+00 -1.44087940e-01 -1.77686721e-01 3.90141249e-01
    4.27992165e-01 5.98641276e-01 9.25945103e-01 1.16629672e+00
    1.39741802e+00 6.22241974e-01 1.14058232e+00 1.03544974e+00
    4.09820735e-01 8.23356628e-01 1.51222718e+00 -4.45229441e-01
    -4.29987550e-01 1.10077858e+00 1.03802538e+00 5.99923491e-01
    1.49201047e+00 1.44652343e+00 2.00354636e-01 5.22435308e-01
    1.20398152e+00 -1.98069572e-01 -4.02335793e-01 7.41025805e-01
    3.82628679e-01 3.32543254e-02 -3.50424767e-01 2.06426620e-01
    8.92256618e-01 1.51229656e+00 -5.97882032e-01 -1.41592145e-01
    1.01656222e+00 1.47476053e+00 2.43493855e-01 5.06270587e-01
    -4.78176862e-01 2.89632469e-01 7.90488720e-01 2.15278476e-01
    2.27689952e-01 7.44954109e-01 6.29428148e-01 -4.14215922e-02
    -4.96389389e-01 -1.46724045e-01 5.64412653e-01 1.11557317e+00
    5.52354753e-01 3.33995998e-01 -4.61364210e-01 9.57057595e-01
    -5.40576339e-01 1.10247767e+00 1.47658122e+00 -1.70725346e-01
    1.47706819e+00 1.08919024e+00 1.42722833e+00 1.34911966e+00
    9.83384490e-01 1.07447493e+00 1.14647424e+00 5.17023087e-01
    1.82046533e-01 -4.96684372e-01 -3.72300297e-01 5.62318861e-01
    2.05106378e-01 9.96903121e-01 1.00365782e+00 -4.72129911e-01
    -3.70695263e-01 9.57606316e-01 -5.20922542e-02 2.43801236e-01
    -8.82874727e-02 2.02814162e-01 7.14868188e-01 1.33489013e-01
    7.65413105e-01 1.36627984e+00 8.88200045e-01 -2.85754651e-01
    6.40088499e-01 -3.88316870e-01 1.06094301e-01 1.01455331e+00
    7.87745178e-01 3.75397623e-01 9.86261129e-01 5.24680078e-01
    -6.08771384e-01 1.34743428e+00 7.77385771e-01 -3.99290323e-02
    1.50492442e+00 2.91749060e-01 -2.15944141e-01 5.62112272e-01
    1.37712932e+00 1.27056134e+00 -4.06833529e-01 1.70162618e-01
    1.29125118e+00 1.75424278e-01 7.12498844e-01 -8.39087367e-03
    5.32180429e-01 6.79257929e-01 1.24770641e-01 1.12215495e+00
    3.62438619e-01 1.80807054e-01 -2.75325716e-01 1.04265690e+00
    -1.07664108e-01 3.54001045e-01 2.41031170e-01 1.00481534e+00
    1.88945502e-01 2.58675218e-03 1.54362488e+00 7.05498278e-01
    2.10877299e-01 6.50641799e-01 1.55184662e+00 1.11388803e-01
    -2.34874457e-01 1.35939884e+00 7.62082040e-01 2.12255955e-01
    3.65635753e-01 9.30968106e-01 3.30070019e-01 4.05229330e-02
    6.16877973e-01 9.67722416e-01 2.29226172e-01 5.32537878e-01
    1.21000409e-01 1.20656443e+00 1.48155618e+00 1.38769329e-01
    8.82070661e-01 -5.09299994e-01 1.27750373e+00 6.43968582e-03
    6.93341494e-02 2.56843001e-01 -1.37414813e-01 -2.24522442e-01
    6.08089447e-01 -3.52485716e-01 -1.89947903e-01 8.85503173e-01
    -2.85246253e-01 -2.21139818e-01 -4.80853766e-01 1.44367695e+00
    1.99848711e-01 5.22371352e-01 1.13008642e+00 1.33491302e+00
    5.25066614e-01 1.95195436e-01 3.85727525e-01 -2.76046097e-01
    1.39763451e+00 5.88106155e-01 -3.86487633e-01 7.65685022e-01
    9.49759126e-01 1.83336198e-01 6.75513089e-01 -5.34819543e-01
    -5.40303886e-02 5.45116067e-02 -1.32564574e-01 7.19649196e-01
    -2.21027076e-01 5.37423849e-01 5.93048871e-01 -2.11914361e-01
    1.31148791e+00 2.83500016e-01 1.35130000e+00 9.82823133e-01
    5.22003174e-02 -3.14306349e-01 8.63275647e-01 1.49017191e+00
    -3.06211174e-01 1.03405571e+00 8.47664475e-02 1.57283306e-01
    1.84705496e-01 1.30459797e+00 5.43283582e-01 1.35835803e+00
    -4.16840374e-01 -3.95901501e-01 1.32311809e+00 1.60868871e+00
    1.52147508e+00 6.25107288e-01 -7.35759735e-03 2.99055874e-02
    1.23890877e-01 1.30171788e+00 -1.17598623e-01 -2.75232792e-01
    2.27801085e-01 1.15941465e+00 4.86746490e-01 -5.92891335e-01
    3.57177794e-01 2.52523720e-01 6.49239480e-01 3.98579121e-01
    8.53416324e-01 -3.98946106e-02 -3.78115833e-01 1.56656754e+00
    -4.12685692e-01 2.48375714e-01 -2.32443497e-01 3.98708642e-01
    1.19822109e+00 9.55844700e-01 1.09545183e+00 -3.87050867e-01
    9.49039161e-01 -2.61494756e-01 -4.27827418e-01 1.08709025e+00
    -8.61203074e-02 1.09723246e+00 -4.42865342e-01 4.74651158e-01
    -2.07451016e-01 3.34300399e-02 1.26109791e+00 1.56864679e+00
    1.05293298e+00 -9.09235775e-02 1.58300900e+00 -2.72009760e-01
    -2.14729041e-01 9.09079373e-01 5.23348629e-01 -3.21459055e-01
    1.38391304e+00 1.36579901e-01 1.24514747e+00 4.70065713e-01
    4.82433736e-01 5.66803455e-01 3.18007469e-01 2.20047355e-01
    -4.65855300e-01 -6.01924300e-01 1.41391611e+00 1.31618047e+00
    7.64934123e-01 6.63927257e-01 -4.66175169e-01 1.36417329e-01
    6.98359370e-01 1.17801189e+00 1.32103837e+00 3.14122558e-01
    5.66982627e-01 1.97651267e-01 1.45659423e+00 2.25097895e-01
    1.03172982e+00 5.67486763e-01 1.10530424e+00 1.27248311e+00
    2.39926577e-01 -1.29148364e-02 -2.18875796e-01 -2.14410424e-02
    1.23640251e+00 1.37970638e+00 3.03891897e-01 5.27532101e-02
    -1.56420082e-01 5.72696328e-02 1.16480982e+00 1.40381932e+00
    4.64330256e-01 4.79564995e-01 6.87466443e-01 1.41714513e-01
    7.85313249e-01 -3.17604691e-01 1.08798814e+00 3.08105320e-01
    -1.89369231e-01 -3.07292134e-01 1.14156461e+00 -6.56543970e-02
    1.36462057e+00 3.48360419e-01 2.65481442e-01 8.05207610e-01
    -9.34616923e-02 1.45919931e+00 -5.63600659e-02 -4.32423264e-01
    1.29876089e+00 -1.68641210e-02 -3.59354764e-01 1.02164459e+00
    2.35210538e-01 1.33853126e+00 4.57301915e-01 6.02623582e-01
    2.05091476e-01 -4.09329653e-01 1.11303723e+00 5.57190180e-01
    -4.67329353e-01 8.92716646e-03 -3.67447346e-01 -1.76641881e-01
    1.43349826e+00 9.69552636e-01 4.11418438e-01 1.17096353e+00
    -3.39287043e-01 1.04646325e+00 4.58291888e-01 1.16138279e+00
    -4.41250086e-01 1.89131498e-03 8.81275296e-01 1.09840906e+00
    8.13120186e-01 1.33937418e+00 7.10107028e-01 1.74846888e-01
    1.36439097e+00 9.43292558e-01 1.37453055e+00 6.88497066e-01
    7.76096344e-01 1.07777286e+00 1.28328156e+00 1.23500681e+00
    8.28406990e-01 1.09048414e+00 5.60811102e-01 -8.36477876e-02
    1.48807108e+00 6.58303320e-01 -1.77095771e-01 1.00814962e+00
    1.24780512e+00 -4.28472668e-01 -4.18182015e-02 9.40005243e-01
    1.34054399e+00 1.01027131e+00 8.45595479e-01 2.17921615e-01
    8.04696977e-01 -4.95385200e-01 2.21748531e-01 -1.43485665e-01
    3.72758806e-01 1.37250543e-01 -5.11688411e-01 3.70446086e-01
    5.35992742e-01 4.28678870e-01 4.38189358e-01 4.86184537e-01
    1.27541471e+00 4.64982450e-01 6.58975601e-01 -3.57885957e-01
    -1.94883347e-03 8.03324819e-01 1.14055538e+00 -1.66157931e-01
    5.98148286e-01 2.82244265e-01 1.08872986e+00 -9.98758674e-02
    1.11432683e+00 -7.03162849e-02 -1.56961650e-01 6.56308293e-01
    -1.09631270e-01 7.56845474e-01 3.24301541e-01 9.43075716e-01
    -2.98658818e-01 -8.41778517e-02 1.39633656e+00 1.34687090e+00
    -5.04622519e-01 2.76622415e-01 1.42585945e+00 3.57616454e-01
    9.83954668e-01 -5.15664816e-02 1.59036577e-01 8.37681353e-01
    3.74931157e-01 1.23171926e-01 8.53888452e-01 1.45068955e+00
    1.04902720e+00 -1.28890038e-01 4.04930711e-01 1.27879119e+00
    4.36386466e-02 1.44580650e+00 7.88658857e-03 4.82442081e-01
    8.93536568e-01 -5.27369916e-01 -2.63670385e-01 3.03112745e-01
    -1.91718638e-01 5.77597260e-01 1.53106838e-01 1.23097324e+00
    8.54851842e-01 -1.74758315e-01 3.67260933e-01 -2.50333488e-01
    6.56251907e-02 1.00388098e+00 2.70147651e-01 6.91331327e-02
    1.30371583e+00 1.26175463e+00 1.60376489e-01 -4.05488670e-01
    6.59542978e-01 2.71206856e-01 1.42578065e-01 1.40067148e+00
    1.56037211e-02 1.02386057e-01 1.89824104e-02 6.65348530e-01
    1.23678505e-01 -1.54527038e-01 1.47942746e+00 -6.71694577e-02
    -1.50898576e-01 -3.32165658e-01 -4.18128431e-01 6.28113031e-01
    -3.61805022e-01 4.76996899e-02 2.06530362e-01 -3.70453507e-01
    -3.74575436e-01 4.52031136e-01 1.42776752e+00 6.02991879e-01
    1.33232570e+00 1.05843568e+00 4.44790483e-01 1.24795270e+00
    -8.19521248e-02 8.79738748e-01 -2.31003731e-01 -9.80764925e-02
    7.12625504e-01 6.08754873e-01 7.04109430e-01 5.96574187e-01
    -1.28753334e-01 4.80220616e-01 1.13425875e+00 5.07255077e-01
    -2.35495031e-01 -5.25687277e-01 1.43111384e+00 1.43338025e-01
    1.28125775e+00 3.86536717e-02 2.59214282e-01 5.90871930e-01
    7.49777675e-01 5.00678062e-01 2.49054074e-01 -2.04962432e-01
    -8.57051909e-02 1.15028727e+00 1.06394267e+00 1.54480457e-01
    2.03138113e-01 7.92660058e-01 6.96423948e-02 8.08384657e-01
    9.16935980e-01 1.25302935e+00 3.64706397e-01 -1.99995667e-01
    1.48864436e+00 -4.01325822e-01 1.42835975e+00 -2.17875779e-01
    6.05034769e-01 1.24228907e+00 2.75419354e-01 -5.74319124e-01
    5.71903944e-01 1.42166638e+00 2.02243984e-01 1.22359824e+00
    1.29175246e-01 1.37326717e+00 4.12944913e-01 -4.19142306e-01
    8.35996985e-01 5.21107614e-01 1.29267335e+00 1.98027372e-01
    -4.24152613e-01 -1.95790946e-01 -1.66567892e-01 -2.38436878e-01
    -3.97177488e-01 2.54215479e-01 2.40954101e-01 5.93055487e-01
    -4.47112262e-01 1.05705857e-02 1.08267641e+00 1.05238080e+00
    8.02533686e-01 8.25386524e-01 7.08921015e-01 -2.66126484e-01
    9.76643741e-01 -2.37836361e-01 1.19342017e+00 -1.63133025e-01
    -1.31783426e-01 1.51446354e+00 3.28007519e-01 4.25673753e-01
    7.76377559e-01 4.96230274e-01 -2.65492260e-01 1.50475645e+00
    1.35569429e+00 1.20609343e+00 1.32481885e+00 4.13091719e-01
    8.00388634e-01 -3.06536257e-01 -3.88044238e-01 9.51650083e-01
    8.08774471e-01 7.52746046e-01 4.92056429e-01 7.29445994e-01
    1.33471429e-01 5.75995624e-01 9.00244117e-02 -3.35856408e-01
    7.07870781e-01 4.46893990e-01 1.17175055e+00 1.45506334e+00
    5.01438260e-01 4.23186123e-01 1.25359327e-01 9.01199341e-01
    7.28488386e-01 1.08130693e+00 1.48702598e+00 8.16956937e-01
    8.42433453e-01 9.01678801e-02 -2.52167642e-01 6.97346985e-01
    1.36402035e+00 3.88882995e-01 9.89855051e-01 -3.26831043e-02
    9.66733694e-02 5.63739359e-01 -4.45359051e-01 7.96166003e-01
    8.46993804e-01 3.61346662e-01 -2.08666831e-01 -2.18743384e-01
    8.34476948e-03 -7.21409321e-02 1.16922057e+00 3.58335376e-02
    -6.93942308e-02 1.37638915e+00 -8.32728148e-02 1.02778018e+00
    4.98624682e-01 2.18753874e-01 -2.86367536e-02 1.01699901e+00
    7.22852051e-01 5.21960258e-01 -3.44379067e-01 7.98091173e-01
    8.65471780e-01 -1.99632436e-01 1.01941431e+00 1.06565750e+00
    3.78841281e-01 1.23910880e+00 7.38435447e-01 2.44224131e-01
    1.20829356e+00 -3.48037958e-01 6.01822972e-01 1.30405664e+00
    1.28031886e+00 1.28671002e+00 9.59934235e-01 -1.50869966e-01
    6.71994328e-01 5.75627923e-01 7.99814820e-01 -7.86232650e-02
    -1.76864862e-02 6.15901649e-01 -1.15715861e-02 1.42533731e+00
    -1.85625404e-01 1.05631542e+00 1.42256987e+00 -5.62645793e-01
    1.06722331e+00 8.69367301e-01 9.90543306e-01 1.43395114e+00
    4.75548983e-01 9.91383791e-02 1.43512332e+00 1.57967359e-01
    3.24606180e-01 9.50045943e-01 1.36539400e-01 1.95029795e-01
    1.74988687e-01 5.03777206e-01 1.12346232e+00 1.31294274e+00
    6.96780622e-01 1.52834606e+00 -3.30835462e-01 6.37120128e-01
    9.21810687e-01 9.94524837e-01 1.48916423e+00 9.75811958e-01
    9.03736115e-01 4.95476544e-01 1.16271091e+00 1.41127110e-02
    1.50220025e+00 1.48277819e+00 -1.03404701e-01 -5.86982846e-01
    8.63264263e-01 1.50179648e+00 3.89099121e-03 3.12860727e-01
    1.19064659e-01 1.02441061e+00 1.42564154e+00 2.91558146e-01
    3.23405862e-01 8.04309666e-01 3.97584617e-01 1.33484137e+00
    -9.81469750e-02 1.39741004e+00 -2.85769343e-01 1.58020258e+00
    6.22302055e-01 -1.80395067e-01 5.55501938e-01 6.36274457e-01
    2.74281591e-01 1.02718532e+00 9.74193037e-01 1.08394694e+00
    6.83541059e-01 -1.77646250e-01 1.12244141e+00 -3.77396941e-01
    1.00051284e+00 1.11044860e+00 -2.30235875e-01 7.72421300e-01
    1.10861290e+00 -2.40276426e-01 6.07259870e-01 7.05357432e-01
    7.94579387e-01 2.36172974e-02 -2.05916137e-01 9.29523289e-01
    -3.04272115e-01 8.80291820e-01 2.77325004e-01 -9.34149623e-02
    2.82768071e-01 2.67774701e-01 9.69099522e-01 1.02818346e+00
    -1.35161251e-01 -4.72920537e-02 2.15118825e-01 1.44956625e+00
    1.26792431e+00 -3.34280998e-01 1.23535180e+00 9.46186244e-01
    -1.51650399e-01 -9.50373411e-02 1.95063472e-01 1.92339063e-01
    3.19200546e-01 6.27794385e-01 8.15874636e-01 -4.73583877e-01
    1.19635892e+00 -1.82740450e-01 1.19307804e+00 -1.44251645e-01
    1.62131995e-01 -1.43131703e-01 -2.96023607e-01 1.21415734e+00
    5.71937919e-01 7.45290756e-01 5.50699711e-01 1.29547596e+00
    -3.94061923e-01 -3.38955045e-01 1.04396534e+00 6.48443997e-01
    -3.87528896e-01 -2.43098140e-02 1.00593615e+00 6.54019594e-01
    2.87656546e-01 -3.20625186e-01 1.16780162e+00 -3.45400304e-01
    1.03855819e-01 -2.52461195e-01 8.32051218e-01 -5.63204885e-02
    1.27730465e+00 1.05682921e+00 -8.39264989e-02 1.02296734e+00
    4.26108688e-01 1.11787677e+00 -2.39721626e-01 1.29949450e-01
    -4.68179345e-01 1.18133461e+00 -1.78727120e-01 7.45812237e-01
    3.56297553e-01 -1.06827617e-02 -1.53648138e-01 9.80343521e-01
    8.20406675e-01 5.42936981e-01 5.73963106e-01 -2.63892084e-01
    4.70483601e-01 -1.37879848e-02 1.04977441e+00 5.59983253e-01
    1.13030291e+00 3.82446289e-01 2.87401378e-01 3.90313089e-01
    9.75379527e-01 -2.28318721e-01 1.45159006e+00 1.41218746e+00
    2.95844495e-01 1.02598953e+00 8.51830959e-01 -2.06255198e-01
    1.30069256e-02 9.34743524e-01 -1.61380351e-01 3.37097645e-02
    5.98809600e-01 -3.61537755e-01 2.19878972e-01 -4.14081722e-01
    1.49472558e+00 8.82093191e-01 1.13268197e-01 8.39144230e-01
    -1.85626835e-01 1.55153370e+00 1.49889261e-01 7.45758116e-01
    1.09681380e+00 2.90410519e-01 1.25343871e+00 2.79269159e-01
    2.89162934e-01 1.26400506e+00 1.48436642e+00 -2.74633676e-01
    1.18114901e+00 1.13502312e+00 -4.37325865e-01 6.05684340e-01
    7.66254663e-02 4.38626826e-01 5.03291607e-01 9.89378691e-01
    8.07124138e-01 4.16655362e-01 -1.36467218e-02 1.46506810e+00
    -4.94189262e-01 6.37822688e-01 -5.28381705e-01 7.79341996e-01
    1.49843884e+00 1.31107855e+00 1.38125956e-01 1.48977447e+00
    4.05965567e-01 8.69661748e-01 8.12818825e-01 3.02938759e-01
    8.17578793e-01 2.92399704e-01 4.92158115e-01 7.96926141e-01
    2.68637359e-01 8.04192305e-01 -4.11642134e-01 1.06879687e+00
    -1.93178952e-01 6.05522096e-01 1.44470048e+00 4.70658541e-02
    7.88326740e-01 6.19908690e-01 7.82373965e-01 6.11927509e-02
    8.26251268e-01 -3.87035668e-01 1.36394691e+00 1.15708268e+00
    1.57140493e-01 1.35891807e+00 -4.16736156e-01 -1.28721535e-01
    1.08177352e+00 8.49854350e-02 7.45440900e-01 9.88277197e-01
    5.37068844e-01 1.58092809e+00 7.97939003e-02 -4.32486236e-01
    1.00224066e+00 1.20985198e+00 1.23011482e+00 2.18180776e-01
    4.66709495e-01 -3.38987261e-01 -4.00294691e-01 -8.10524225e-02
    8.18806887e-03 1.48116612e+00 1.37456763e+00 1.41364813e+00
    -3.23458850e-01 5.14854491e-02 -2.63336897e-02 8.33150029e-01
    1.24316096e+00 2.52148926e-01 2.35602021e-01 4.39708769e-01
    1.14605057e+00 2.94033527e-01 1.48525089e-01 -3.46814185e-01
    3.33625168e-01 7.43099570e-01 1.11877084e+00 9.88683879e-01
    1.56713784e-01 1.53021824e+00 7.24468827e-02 -1.68866724e-01
    4.51131761e-02 -2.72921562e-01 -2.63418615e-01 7.92639494e-01
    -2.59684175e-01 8.73446405e-01 4.03623343e-01 -4.30540085e-01
    9.33946669e-01 9.77087677e-01 6.91155553e-01 -6.57179356e-02
    -1.84836119e-01 2.51925051e-01 -3.35187316e-02 9.51664507e-01
    -4.17333007e-01 1.16188383e+00 3.09577346e-01 6.16788328e-01
    -2.84812152e-01 1.50597978e+00 9.98206139e-01 6.67971432e-01
    5.35526514e-01 -1.17073268e-01 -5.90407550e-02 -2.31748357e-01
    9.57790375e-01 1.07496047e+00 1.20822227e+00 1.21138704e+00
    6.05851412e-01 4.80705976e-01 1.56381750e+00 4.84891802e-01
    -1.21130943e-02 1.42017627e+00 -2.34104007e-01 7.23892689e-01
    1.37526977e+00 1.31905246e+00 1.36787784e+00 7.19548881e-01
    1.12323761e+00 4.38582957e-01 5.65592051e-02 7.27273643e-01
    1.21314812e+00 4.06961650e-01 1.07515597e+00 4.79209363e-01
    1.54237664e+00 7.20481515e-01 -4.34971273e-01 -4.61717695e-01
    1.55501151e+00 1.18420386e+00 8.76556039e-01 1.78524494e-01
    9.00953233e-01 6.60551071e-01 3.72848928e-01 3.38481665e-01
    1.41393518e+00 -1.27161056e-01 7.29840934e-01 -1.34255379e-01
    1.13414049e+00 6.82911336e-01 8.36082399e-01 1.19071937e+00
    5.68935454e-01 1.45850253e+00 2.52556324e-01 8.42507780e-02
    1.25300097e+00 -3.34028125e-01 1.44619465e+00 7.57232428e-01
    1.27585196e+00 4.38155591e-01 5.12498021e-02 1.15681183e+00
    1.22998166e+00 -2.43455112e-01 -2.91210264e-01 3.12113136e-01
    1.07840157e+00 3.22500885e-01 1.15264857e+00 7.19939590e-01
    9.12138939e-01 -1.10101163e-01 -2.75920480e-01 5.69592595e-01
    3.83006334e-02 3.20692748e-01 -1.40441090e-01 -1.69192761e-01
    7.39612579e-01 -3.21850896e-01 6.30757928e-01 1.21727979e+00
    1.20027155e-01 1.00798523e+00 2.35930204e-01 1.29940128e+00
    5.86612403e-01 1.04632330e+00 7.65122056e-01 1.04529619e+00
    -4.34769362e-01 3.25413644e-01 1.52877498e+00 4.68366742e-01
    3.62394750e-01 1.41239274e+00 -1.14041269e-01 8.05152476e-01
    1.31242943e+00 7.21731603e-01 -6.00171924e-01 1.48010278e+00
    2.68618345e-01 4.24187720e-01 7.33245373e-01 1.15662909e+00
    1.42135358e+00 2.08628058e-01 -7.52410293e-02 1.09159923e+00
    8.47346723e-01 1.35593629e+00 1.32753468e+00 8.08066428e-01
    1.25850320e+00 3.53135645e-01 -1.79723144e-01 6.15410209e-02
    1.39897335e+00 -3.85636419e-01 3.89170915e-01 1.14360118e+00
    1.02340555e+00 -2.38782167e-03 9.79365289e-01 3.97919297e-01
    1.52009666e-01 -7.91915953e-02 4.00628835e-01 1.27790058e+00
    2.24953353e-01 -1.56432509e-01 1.49603558e+00 6.10849679e-01
    -4.24800009e-01 1.41494811e+00 2.11349428e-01 -4.06494826e-01
    6.45326376e-02 1.31128335e+00 1.45965028e+00 9.00610805e-01
    -8.03295672e-02 1.40220344e-01 6.40579343e-01 9.09287810e-01
    3.08844328e-01 4.13581848e-01 9.73217905e-01 -1.50538355e-01
    -1.02673173e-02 1.63390636e-01 9.63658392e-01 4.97143447e-01
    4.31253076e-01 -3.21896285e-01 1.41962767e+00 7.32192695e-01
    1.52833951e+00 8.41450274e-01 1.46072507e-02 5.08535862e-01
    3.44065666e-01 -3.63357097e-01 -3.16346437e-01 4.46229875e-01
    6.23961687e-02 3.00125480e-01 1.28233910e-01 6.54035270e-01
    4.28277016e-01 4.43802238e-01 1.40379620e+00 2.21632004e-01
    1.24893427e-01 1.55049133e+00 1.96056992e-01 1.46331453e+00
    1.12771940e+00 -3.13166082e-01 5.40910065e-02 6.26345277e-01
    8.70197058e-01 -4.95538503e-01 -8.65203142e-02 1.41405213e+00
    -3.05724144e-01 8.28793883e-01 4.08419371e-02 -3.31618160e-01
    1.07175899e+00 1.45347476e-01 1.00545835e+00 1.21616507e+00
    1.40935433e+00 6.95792556e-01 8.37460876e-01 -4.07440186e-01
    2.51031250e-01 1.02593875e+00 -4.29629207e-01 -5.08761406e-01
    4.56578910e-01 1.36423743e+00 1.42781162e+00 -5.24102628e-01
    3.90059650e-01 1.24703693e+00 1.17379999e+00 7.31879532e-01
    1.27182412e+00 4.88842130e-02 -2.42842674e-01 -2.34888732e-01
    3.70801687e-02 3.00067663e-03 8.57081771e-01 9.45584238e-01
    -2.33495742e-01 1.29944134e+00 2.46993661e-01 4.39295292e-01
    1.42767453e+00 7.95232236e-01 -1.92148238e-01 -2.21330181e-01
    1.01520658e+00 -3.28952968e-01 8.02632451e-01 -2.57029682e-01
    1.39805353e+00 1.10017443e+00 -4.03918773e-01 -3.11244071e-01
    4.99616116e-01 1.05381727e+00 8.85598421e-01 1.34957886e+00
    2.74028838e-01 6.90538883e-01 -2.56488144e-01 1.12488019e+00
    9.65353549e-01 -8.46824348e-02 -3.70118141e-01 4.72729504e-01
    2.37193346e-01 1.30661702e+00 -1.17721647e-01 -3.06749433e-01
    1.09779000e+00 1.41364408e+00 1.10594893e+00 -4.95155245e-01
    -4.70889062e-01 -3.84360701e-01 3.57902348e-01 1.12632346e+00
    6.07209742e-01 1.32575423e-01 1.14968216e+00 -2.06143796e-01
    -2.37164795e-02 7.18275607e-02 -5.02542436e-01 -1.59159899e-02
    8.73939991e-02 5.57323217e-01 1.14897788e+00 9.63924408e-01
    4.02933240e-01 1.51506925e+00 7.27634549e-01 1.17042291e+00
    1.14981747e+00 7.82181144e-01 2.34670162e-01 -3.39669168e-01
    2.96285272e-01 1.23796892e+00 1.52570605e-02 -2.49363452e-01
    -4.53091830e-01 8.48084271e-01 -5.40092170e-01 3.92003715e-01
    9.31868076e-01 -4.78991270e-02 7.39023209e-01 1.35903788e+00
    -4.84260023e-02 7.01951325e-01 -5.50300479e-02 1.01678133e+00
    7.25675166e-01 3.56076539e-01 1.34399962e+00 3.85731280e-01
    8.66679311e-01 1.39248681e+00 -2.05235988e-01 2.76887327e-01
    9.37204659e-01 -2.05649972e-01 6.24255836e-01 -6.41592145e-02
    9.24135625e-01 1.46941566e+00 -4.40358520e-02 -4.19645816e-01
    2.14305758e-01 1.24358082e+00 1.20388031e+00 3.42273891e-01
    2.79705584e-01 6.35432422e-01 2.30135202e-01 -3.43398631e-01
    1.22723234e+00 1.15850329e+00 6.01603627e-01 5.48560143e-01
    1.42810726e+00 5.52562475e-01 -4.86548334e-01 1.15388632e+00
    1.12766969e+00 1.24221611e+00 4.33847427e-01 9.78182197e-01
    1.27912283e+00 1.01826918e+00 1.04994977e+00 1.13462758e+00
    9.59923029e-01 1.09854984e+00 2.48111188e-02 -3.67090136e-01
    -6.86729848e-02 6.47058547e-01 7.14988470e-01 7.19311714e-01
    1.13319087e+00 -3.23574990e-01 8.54067564e-01 2.36319304e-01
    1.35047245e+00 -2.22564042e-02 -2.38687202e-01 1.56584942e+00
    -5.84441423e-02 -3.09717029e-01 9.03676152e-01 -2.45431930e-01
    1.39921033e+00 1.24225497e+00 9.06858325e-01 6.69887602e-01
    1.35755897e+00 1.22774303e+00 1.08215117e+00 -4.81646717e-01
    1.37676859e+00 1.38519239e+00 2.43220508e-01 6.82437420e-03
    8.27853143e-01 8.49223137e-02 1.41773999e-01 1.15419006e+00
    8.97174120e-01 -2.23859459e-01 -2.73622990e-01 -3.95800382e-01
    7.31044650e-01 3.47237498e-01 1.63444638e-01 3.72172832e-01
    -3.50729734e-01 1.26333392e+00 1.74060434e-01 9.01973844e-01
    1.61172795e+00 2.10541785e-01 1.45188260e+00 -8.93941224e-02
    -4.51814592e-01 2.82375991e-01 4.40400541e-02 2.62386769e-01
    5.09557724e-01 8.43034625e-01 -2.97508746e-01 -4.45191443e-01
    1.36410105e+00 2.13898838e-01 -3.82474422e-01 -1.85024768e-01
    4.80310291e-01 -2.31249064e-01 1.44125998e+00 9.08268929e-01
    5.17692983e-01 8.70439291e-01 6.42362833e-01 8.52108181e-01
    7.09508359e-01 -4.05272305e-01 7.42021024e-01 -2.50730515e-01
    9.67803836e-01 -4.83782589e-01 5.48276961e-01 -1.76967978e-01
    -2.27735907e-01 8.08126807e-01 -2.84792602e-01 1.22601318e+00
    1.14861166e+00 7.87897587e-01 1.20262146e-01 4.56063628e-01
    1.01014805e+00 1.28695786e+00 2.28664160e-01 1.17761159e+00
    1.42080033e+00 -3.37639570e-01 6.16552353e-01 -3.66870910e-01
    7.68544495e-01 9.57045197e-01 2.35073000e-01 -2.14374870e-01
    -7.37358928e-02 1.02339172e+00 8.16797018e-02 -4.49357092e-01
    2.54212648e-01 4.61413920e-01 -1.11603707e-01 1.38496423e+00
    1.25719368e+00 5.33087254e-02 1.35356021e+00 1.45732808e+00
    -6.15687966e-02 6.50046349e-01 1.29858780e+00 3.11283469e-02
    -4.87756729e-02 1.26955104e+00 5.48392057e-01 -1.31510049e-01
    7.47655511e-01 8.41659307e-03 8.19064021e-01 -2.04833746e-01
    6.03621423e-01 9.61189985e-01 -1.31466985e-02 2.57052183e-01
    -3.30040336e-01 9.78250623e-01 2.27201402e-01 8.68972600e-01
    -2.13260442e-01 -3.50161314e-01 9.16284680e-01 9.09019113e-01
    6.74231946e-01 3.52523327e-01 1.74857110e-01 7.33311176e-01
    -4.40629661e-01 6.21393085e-01 1.21282625e+00 9.99885798e-02
    1.33953094e-01 2.94539034e-01 6.60389185e-01 3.90782297e-01
    -3.61142457e-01 -2.30836302e-01 1.16519737e+00 1.46012568e+00
    -5.88058233e-02 1.19666457e+00 -1.41008317e-01 -3.85234177e-01
    7.39180446e-01 7.96438575e-01 1.37195480e+00 -4.82976645e-01
    1.46487629e+00 2.68758535e-01 9.79276776e-01 6.89887345e-01
    3.89609814e-01 -7.85435140e-02 6.63470805e-01 -3.14274013e-01
    1.25044608e+00 -1.89798057e-01 1.11481178e+00 1.22015381e+00
    1.53875291e+00 -3.61604273e-01 2.54680812e-02 -3.53416711e-01
    1.42899811e-01 1.30704975e+00 4.76474881e-01 3.81022573e-01
    -4.01587725e-01 8.66228819e-01 1.29339606e-01 -3.05604368e-01
    1.22879720e+00 -1.78558081e-01 -1.35019869e-01 3.53886515e-01
    8.49236071e-01 2.23682404e-01 2.55289942e-01 3.44736248e-01
    7.20554531e-01 3.30729485e-02 8.88428926e-01 -2.84241945e-01
    6.70591474e-01 -2.40418911e-01 4.71383393e-01 -5.07489502e-01
    1.08556199e+00 9.16031659e-01 9.38416004e-01 1.17187333e+00
    7.36197233e-02 -3.07219267e-01 1.28946400e+00 -1.44101143e-01
    7.50976145e-01 1.40519571e+00 -3.64648104e-01 1.48428321e-01
    1.39642859e+00 1.22922337e+00 7.90774643e-01 2.10265458e-01
    9.05852318e-01 1.33672214e+00 4.17501390e-01 5.19573092e-02
    6.75347507e-01 8.14975321e-01 5.85157394e-01 3.59451294e-01
    -1.29255265e-01 8.35368633e-01 -4.21806306e-01 6.96994901e-01
    -1.73551202e-01 -3.44300598e-01 2.72438526e-01 1.40338635e+00
    -1.47463083e-02 -3.74367416e-01 6.82480633e-01 3.68081987e-01
    2.84196556e-01 7.75616169e-01 1.12826705e+00 1.26181316e+00
    1.18490517e+00 4.70592201e-01 -3.61315787e-01 -2.53265500e-01
    -2.08791107e-01 1.42177057e+00 9.77341533e-01 8.34364295e-02
    1.22735608e+00 2.26380885e-01 1.42704093e+00 -3.82215440e-01
    -4.30115223e-01 -4.06069845e-01 1.32207322e+00 -2.92572081e-01
    7.17542052e-01 6.80020928e-01 -2.68158644e-01 1.04536867e+00
    1.55448532e+00 -2.38481194e-01 -7.68450797e-02 6.83674514e-01
    -4.89447415e-02 2.21610785e-01 1.00332308e+00 -3.31194341e-01
    -3.66823673e-02 -3.59637082e-01 2.85802066e-01 7.78582573e-01
    -7.35175312e-02 1.64788783e-01 3.95849943e-01 5.13925076e-01
    1.38822806e+00 -3.11993718e-01 7.53865302e-01 3.76776457e-02
    -5.28978467e-01 1.20524740e+00 8.37002516e-01 1.30531025e+00
    8.22508037e-01 1.04578733e+00 7.04728067e-01 1.23365104e-01
    1.90534711e-01 8.17461014e-01 -1.71314389e-01 -1.37197971e-01
    7.28896022e-01 4.62852895e-01 6.49232686e-01 1.17234659e+00
    6.39674902e-01 2.66541779e-01 2.86035031e-01 -3.10823768e-01
    4.93294775e-01 -1.03825420e-01 5.16509473e-01 1.12827921e+00
    7.25740194e-03 1.27834558e-01 2.12379634e-01 1.08907735e+00
    3.02887648e-01 1.03067517e+00 1.13406062e-01 -4.10869151e-01
    -7.29905069e-02 1.43281615e+00 5.01940012e-01 -2.20793664e-01
    1.40588868e+00 8.17301691e-01 -1.95726484e-01 -1.07370913e-01
    6.74256146e-01 -1.00523055e-01 -4.25746709e-01 5.36411941e-01
    8.26561630e-01 1.29479766e+00 -1.88953817e-01 2.94053078e-01
    5.39729595e-01 1.42353880e+00 1.28631711e+00 1.03722179e+00
    4.05677319e-01 4.98063803e-01 1.49313498e+00 9.44908202e-01
    -3.77028108e-01 -8.17713141e-02 8.54674339e-01 1.24191582e+00
    8.21281075e-01 1.21926117e+00 1.37961578e+00 4.94926274e-01
    -2.58007824e-01 8.01169693e-01 -2.18422949e-01 -1.47496730e-01
    -4.51759845e-01 1.40515840e+00 1.16365981e+00 1.12217951e+00
    4.73627448e-03 4.40701246e-01 1.30734515e+00 -4.51443672e-01
    1.57652020e-01 6.33367956e-01 -2.01130807e-01 1.14641309e-01
    3.95563096e-01 3.14246565e-01 4.50669348e-01 1.33642197e+00
    1.50815153e+00 6.39014006e-01 1.28630900e+00 -1.25419080e-01
    1.08396721e+00 8.80338073e-01 1.17713547e+00 6.03982806e-02
    -2.81271666e-01 4.92775559e-01 4.64073569e-01 1.25807333e+00
    -3.20684433e-01 9.38184679e-01 -1.25255287e-02 1.36640024e+00
    4.83990014e-02 6.56615615e-01 1.20710444e+00 8.09347630e-01
    1.32897949e+00 9.45446014e-01 1.09417200e+00 -1.85638279e-01
    9.32840109e-01 4.27323699e-01 4.66988444e-01 1.20264602e+00
    9.88542974e-01 7.04131722e-01 -1.12083763e-01 1.22154677e+00
    8.77034783e-01 -3.82337868e-01 3.31374109e-01 9.89743650e-01
    1.30380154e+00 2.71566868e-01 3.88873518e-01 -2.93960810e-01
    8.44834626e-01 4.41596895e-01 2.06489384e-01 4.05489564e-01
    -3.10615778e-01 -2.40122408e-01 -2.32917637e-01 1.13072443e+00
    2.81610459e-01 1.44675350e+00 -4.08800632e-01 3.89907956e-02
    7.66761780e-01 9.90647793e-01 8.59711230e-01 4.64429975e-01
    3.37944984e-01 1.06879234e-01 1.52214956e+00 7.52058983e-01
    5.43786108e-01 1.24184108e+00 -3.49718332e-02 1.01798487e+00
    3.92628700e-01 1.13260818e+00 8.66285205e-01 7.78736591e-01
    9.37838972e-01 8.28806877e-01 6.20723546e-01 7.40508974e-01
    9.48459208e-01 1.47056198e+00 1.04012215e+00 -1.30479068e-01
    1.63724267e+00 -3.43411088e-01 4.52322990e-01 5.46914697e-01
    1.26599860e+00 5.57504296e-02 1.57107854e+00 4.95919675e-01
    -1.77496597e-01 1.31398648e-01 6.93950653e-01 6.40685081e-01
    1.06593347e+00 1.36430049e+00 -2.71636158e-01 -4.61887389e-01
    4.25623178e-01 1.38342202e+00 2.67514586e-01 1.40247655e+00
    1.54360580e+00 -2.13276207e-01 7.92487323e-01 3.54945660e-03
    1.36515284e+00 -4.67282593e-01 1.11422682e+00 8.32900465e-01
    3.33521307e-01 -5.05076349e-01 -1.51774168e-01 4.15750086e-01
    1.31588757e+00 -8.82667303e-03 1.23997223e+00 9.35973704e-01
    9.69087362e-01 3.03026438e-02 7.68410504e-01 8.27718973e-02
    -3.42272937e-01 1.49252146e-01 1.42692816e+00 4.50468898e-01
    1.41431928e+00 1.35624945e+00 1.15421140e+00 -2.72557139e-03
    1.21508074e+00 -1.52016461e-01 5.49918413e-01 1.12487841e+00
    -3.52397412e-01 1.06904626e+00 1.20659614e+00 1.04366231e+00
    -3.27001154e-01 9.69514072e-01 3.94384265e-01 1.25419784e+00
    2.91361392e-01 8.80102932e-01 5.20736456e-01 1.76319480e-01
    3.11117470e-01 6.80644572e-01 1.32084978e+00 6.40164614e-01
    -2.32308537e-01 -2.26346672e-01 9.93782580e-01 3.65093231e-01
    2.87886441e-01 -3.72727633e-01 9.27162528e-01 1.51575077e+00
    -3.42061460e-01 1.71230853e-01 -4.26409125e-01 8.87981653e-01
    -5.35313427e-01 -4.46709394e-02 1.34705997e+00 5.16907811e-01
    2.31438994e-01 4.52581704e-01 9.44090009e-01 1.17473423e-01
    4.41228300e-01 5.14616370e-01 -2.52485186e-01 -3.94121408e-02
    1.16432047e+00 2.23394871e-01 -4.12714481e-02 8.10733557e-01
    1.04881477e+00 7.67280936e-01 -3.17771643e-01 2.33443260e-01
    4.24917996e-01 2.15387940e-02 1.28968143e+00 -6.32349610e-01
    1.07418227e+00 1.48862004e-01 1.72851682e-02 1.42340732e+00
    8.00834239e-01 1.02485275e+00 2.17514873e-01 1.34317923e+00
    -3.69652212e-01 1.52171433e-01 7.21279085e-01 -5.95557988e-02
    1.31357282e-01 9.52347517e-02 4.27332222e-02 -3.18357885e-01
    -4.76277828e-01 3.57892811e-01 9.33400929e-01 5.05121946e-02
    1.21786261e+00 -2.51120150e-01 -1.67373240e-01 2.99408704e-01
    6.47428393e-01 7.14615822e-01 2.55367815e-01 1.16514635e+00
    -1.46717995e-01 9.72463369e-01 -2.87443429e-01 -9.82347727e-02
    4.61654663e-01 5.37267685e-01 2.28676081e-01 9.76188779e-01
    5.79682469e-01 6.68869257e-01 9.07397568e-01 7.86401927e-01
    1.05065942e-01 7.11469233e-01 6.13832474e-02 -2.84368813e-01
    1.04129344e-01 1.52884924e+00 1.21580255e+00 -4.83137995e-01
    1.28483677e+00 7.53242135e-01 8.91663373e-01 5.80194950e-01
    4.21470165e-01 7.56321490e-01 1.05716848e+00 6.88550413e-01
    1.50054812e-01 1.49587274e+00 1.33572221e-02 7.86971152e-01
    -4.58719462e-01 -8.53068829e-02 2.07309127e-02 -2.97684133e-01
    -1.26482636e-01 1.70500755e-01 1.29452676e-01 1.75118208e-01
    1.52574849e+00 1.34363496e+00 6.32786632e-01 1.90803945e-01
    1.24866080e+00 4.75187749e-01 -1.21054262e-01 2.53944874e-01
    -1.74133599e-01 8.75220299e-02 8.87779355e-01 -7.11442530e-02
    -5.48953116e-01 5.16923726e-01 3.28841269e-01 7.78309703e-02
    5.10322750e-02 -2.88652867e-01 -3.35914552e-01 8.08249950e-01
    1.12251431e-01 -3.37093890e-01 1.33488059e+00 7.77396262e-02
    -2.19283402e-02 -2.24901736e-01 2.81499028e-01 1.05473089e+00
    2.25289702e-01 -4.15550470e-01 8.48227918e-01 1.41417551e+00
    6.95512891e-02 1.01097512e+00 5.18434048e-01 1.40634394e+00
    1.11028898e+00 -4.75798875e-01 -1.03822529e-01 1.58199102e-01
    -3.06427002e-01 4.98321652e-03 9.65813994e-01 1.19095874e+00
    4.85976398e-01 7.31323540e-01 8.46979320e-02 6.64017081e-01
    -4.22267050e-01 1.04427886e+00 -3.08119446e-01 1.16398239e+00
    6.49306238e-01 -3.35806280e-01 5.24816513e-01 1.35771310e+00
    -2.58527398e-02 1.25615954e+00 -2.26932019e-01 -3.27052712e-01
    -1.09186858e-01 -3.43713164e-02 4.11651015e-01 6.75719082e-01
    -4.61702466e-01 5.41543007e-01 1.16803050e+00 1.24068594e+00
    -2.59330243e-01 -3.91990572e-01 -2.68021345e-01 -2.16828853e-01
    -3.06873709e-01 -8.48783255e-02 5.64974368e-01 -1.47283494e-01
    -6.25988245e-02 4.22223747e-01 1.36125779e+00 1.16555119e+00
    9.16417718e-01 -1.85417086e-01 4.63445425e-01 -4.26835656e-01
    3.44138175e-01 1.55223942e+00 2.49839842e-01 -1.60413206e-01
    1.13267946e+00 5.66905856e-01 1.00983548e+00 2.18383789e-01
    9.59219813e-01 1.63284612e+00 -4.93864715e-02 -5.07713974e-01
    8.30236793e-01 -3.52328837e-01 3.82591009e-01 9.62404907e-01
    1.78886533e-01 -4.34930086e-01 -5.50301373e-01 -2.24680841e-01
    5.91100216e-01 1.48060942e+00 -4.05735046e-01 1.27251887e+00
    9.34804857e-01 7.35269964e-01 9.09558773e-01 7.03508854e-01
    1.44001603e+00 8.50815475e-01 -5.01678109e-01 1.25754166e+00
    -1.74492598e-03 -5.35845757e-04 -1.50800765e-01 7.51600027e-01
    1.26665342e+00 -4.79150593e-01 -2.30344251e-01 4.11272347e-01
    9.01707768e-01 9.02529001e-01 5.13478875e-01 1.33507252e-02
    3.25440884e-01 1.33567107e+00 7.08277047e-01 1.51654160e+00
    3.17768395e-01 2.45777905e-01 5.50052047e-01 3.93632293e-01
    -3.93866181e-01 1.09162831e+00 -5.09428322e-01 1.15732670e-01
    2.75427461e-01 8.47848177e-01 8.08024228e-01 1.45971012e+00
    -4.10342664e-01 4.29637611e-01 1.41125703e+00 3.03771079e-01
    6.28756225e-01 1.44481516e+00 1.45128918e+00 1.96353734e-01
    3.07685733e-02 5.90332866e-01 9.85970497e-01 1.05332255e-01
    5.78187704e-02 -6.97827935e-02 -3.77860487e-01 8.01606417e-01
    -8.18789303e-02 1.49222255e+00 9.81723845e-01 4.75310683e-02
    3.58998477e-01 1.00642204e+00 3.94410312e-01 3.64972651e-01
    1.14216375e+00 6.69248223e-01 1.21774888e+00 5.46588123e-01
    5.11040568e-01 1.38677168e+00 1.47342372e+00 9.85457599e-01
    2.37354785e-01 1.87580854e-01 2.27058232e-02 -2.01409161e-01
    9.00883555e-01 2.78893948e-01 -2.11387873e-03 -5.59820533e-01
    1.29362905e+00 1.02336442e+00 1.12776279e+00 9.28454995e-01
    4.22640800e-01 1.03327990e+00 -5.23429632e-01 1.22532094e+00
    2.91152239e-01 8.01198483e-01 1.39845574e+00 -2.17820108e-01
    1.54119462e-01 -1.48196816e-01 4.06453431e-01 1.04929000e-01
    5.21117151e-02 1.08096969e+00 3.91152084e-01 1.44885719e-01
    1.17353284e+00 3.76928210e-01 9.54888463e-02 1.36204553e+00
    3.73842239e-01 -3.77377212e-01 6.18407011e-01 7.39055753e-01
    2.31684029e-01 1.02367222e+00 2.22701728e-01 1.24695539e+00
    -1.73693329e-01 1.27645147e+00 -2.90023148e-01 8.92362833e-01
    1.43044305e+00 -3.04890633e-01 -4.34984922e-01 8.41944396e-01
    8.49955857e-01 8.07260275e-01 -9.34559107e-03 1.10907674e+00
    1.12254715e+00 3.96258950e-01 4.82647955e-01 -4.15317267e-01
    7.45674074e-01 1.99330449e-02 4.45506155e-01 -3.82860005e-01
    8.79461944e-01 1.33242667e-01 3.25617671e-01 1.04847777e+00
    -1.87480927e-01 1.04745686e+00 1.32644343e+00 -4.28938836e-01
    -3.36199880e-01 1.28452849e+00 8.51320922e-01 8.99360478e-01
    5.43856442e-01 3.38288218e-01 -9.02185738e-02 7.91415036e-01
    -8.18853080e-02 6.25948071e-01 2.18099385e-01 9.17641461e-01
    5.43420494e-01 1.15886331e+00 1.07304835e+00 5.31676173e-01
    8.04496944e-01 4.65533286e-01 1.13210154e+00 -4.69762176e-01
    4.74250674e-01 -9.89874005e-02 -2.10671812e-01 -1.93349093e-01
    1.44856560e+00 3.17183435e-01 1.06344557e+00 7.51960158e-01
    1.13526249e+00 -3.02301884e-01 1.56548917e-01 1.22928596e+00
    3.93684596e-01 -1.33157969e-01 7.32970715e-01 -6.08000755e-02
    -4.67398256e-01 2.36061752e-01 1.50031948e+00 4.40231860e-01
    6.74173176e-01 -1.08228326e-01 1.56457245e-01 9.33417737e-01
    9.82488811e-01 -2.62639552e-01 4.28228438e-01 1.16990137e+00
    -5.18088937e-01 5.41598856e-01 -4.81247008e-02 -2.29352668e-01
    1.23518610e+00 3.43221903e-01 -5.52667379e-02 2.75915682e-01
    5.23163795e-01 6.91368282e-01 1.18002772e+00 1.36340499e+00
    4.79841769e-01 1.32266915e+00 6.07129216e-01 2.29581892e-01
    7.23818779e-01 1.45058334e-02 4.29272115e-01 -2.69041002e-01
    1.40750480e+00 2.16938436e-01 6.39510751e-01 1.80409551e-01
    4.17209983e-01 5.89722395e-01 5.83780289e-01 1.73388958e-01
    -2.91009605e-01 3.47107828e-01 1.06650877e+00 8.39765191e-01
    9.58098471e-01 2.13308871e-01 3.00427139e-01 -3.84906799e-01
    2.86875188e-01 5.64408183e-01 9.88192558e-02 -2.64018774e-02
    1.39965701e+00 1.14121222e+00 -2.95712024e-01 4.68524396e-01
    3.75142574e-01 4.57851946e-01 -7.02188909e-02 5.75622678e-01
    3.79695803e-01 -1.77475736e-01 1.05363321e+00 -7.81969726e-02
    5.70026100e-01 8.70607018e-01 3.85439247e-01 4.64345872e-01
    6.66759849e-01 6.73140526e-01 1.51659775e+00 -4.62718487e-01
    1.41349554e+00 1.06171393e+00 9.32226896e-01 1.03644574e+00
    7.54427314e-01 1.17634058e+00 1.52357996e+00 -1.71521932e-01
    1.15614486e+00 1.04429030e+00 -3.50828767e-01 8.78934145e-01
    -2.24745899e-01 3.43835533e-01 1.03767967e+00 -1.59764409e-01
    4.80443656e-01 5.22001088e-01 9.80753839e-01 7.75845528e-01
    1.24377000e+00 1.30951762e+00 1.21222472e+00 9.90242302e-01
    1.25179243e+00 7.22931266e-01 1.25380802e+00 -1.56129062e-01
    5.34769535e-01 3.38397682e-01 3.18768233e-01 1.29436994e+00
    -5.50413728e-02 -3.81102592e-01 -4.71866816e-01 -3.54431242e-01
    2.75307000e-01 -9.87942219e-02 1.37842369e+00 -2.45071054e-02
    4.21887696e-01 1.33254838e+00 4.48996007e-01 -5.04067242e-01
    1.57780027e+00 -3.92083228e-02 2.79380322e-01 -3.02025914e-01
    6.58906639e-01 -2.49881089e-01 6.10485673e-02 9.83152032e-01
    7.09693849e-01 1.49843097e-02 1.30244327e+00 2.56562293e-01
    -3.59173328e-01 1.28311157e+00 7.43446648e-01 1.56459093e+00
    -5.05512834e-01 1.34983408e+00 1.33412552e+00 1.31171799e+00
    -1.85844630e-01 1.07498419e+00 -8.57352614e-02 1.25084114e+00
    4.44162726e-01 1.18415689e+00 9.06269252e-01 5.79264939e-01
    3.37193191e-01 1.25104547e+00 -3.27874243e-01 4.42938805e-01
    -5.00589967e-01 2.73066580e-01 3.05540353e-01 9.69955146e-01
    1.52570903e+00 5.74504733e-01 2.61155248e-01 1.47201777e+00
    -2.31223926e-01 -3.54465127e-01 7.30675101e-01 8.71223569e-01
    1.00449169e+00 1.30607796e+00 1.30899417e+00 6.96092188e-01
    2.70556867e-01 4.42968130e-01 1.35961998e+00 -2.42796093e-01
    9.25369024e-01 -2.14329928e-01 1.17985630e+00 -4.91710544e-01
    3.00985575e-01 2.11781472e-01 2.59393543e-01 2.97251880e-01
    8.78734350e-01 1.14627743e+00 1.20450711e+00 3.56402695e-01
    1.15275383e+00 1.06530297e+00 3.25077772e-01 -1.51068777e-01
    1.47519362e+00 4.71878946e-01 -1.11368954e-01 1.13842869e+00
    1.09806156e+00 6.40051782e-01 1.75600350e-01 7.18818843e-01
    1.03144789e+00 4.28116918e-01 1.41300869e+00 1.86186373e-01
    -3.55396718e-01 4.76227462e-01 -1.63780898e-01 1.18635607e+00
    1.43530035e+00 1.00932610e+00 6.07237220e-02 1.21566772e+00
    3.69679749e-01 8.93378854e-01 -1.94021314e-01 -1.94251627e-01
    -1.41584009e-01 -4.36350405e-02 7.85695791e-01 4.76929545e-02
    2.90705085e-01 1.41105819e+00 -2.61168003e-01 1.39979708e+00
    6.91904545e-01 -4.92983162e-01 3.18586200e-01 -3.75304282e-01
    4.21912253e-01 -2.77887076e-01 1.14603782e+00 1.08221507e+00
    -1.56954497e-01 1.61824882e-01 7.26117849e-01 3.80482703e-01
    -2.33132213e-01 1.58315086e+00 1.24838114e+00 7.29127944e-01
    -2.05305070e-01 7.16334403e-01 4.95086014e-01 -2.86440492e-01
    2.98970640e-02 1.22099400e+00 1.23011339e+00 3.35081518e-02
    -1.87094033e-01 1.40209746e+00 9.50052738e-01 1.32260692e+00
    3.18566144e-01 -5.25440574e-01 9.25272048e-01 9.26241159e-01
    7.44823694e-01 1.62459016e-02 2.30184734e-01 2.98193812e-01
    -6.46165907e-02 1.32106614e+00 2.60007918e-01 6.72997594e-01
    9.17355001e-01 7.12733269e-02 -3.41415226e-01 5.26928663e-01
    1.56513751e+00 3.71550202e-01 1.12079167e+00 1.38225698e+00
    9.79698300e-01 4.94920015e-02 -3.95026505e-02 -1.20719969e-01
    1.23373652e+00 1.12965524e-01 1.28673244e+00 8.70500207e-01
    2.36632377e-01 -1.21987343e-01 6.93653643e-01 7.76334524e-01
    5.86578250e-02 5.42096734e-01 2.15787113e-01 1.55923605e-01
    5.40398359e-02 6.40652776e-01 -9.09687281e-02 5.44539988e-01
    4.29114580e-01 -3.55804086e-01 8.28165531e-01 4.33403552e-02
    1.38569820e+00 -2.57486105e-02 5.48806489e-01 1.42591357e-01
    3.05372506e-01 1.00433838e+00 1.40276718e+00 6.51452005e-01
    4.22460616e-01 4.17632699e-01 4.69813883e-01 8.62370074e-01
    -4.20916975e-01 7.28123546e-01 1.12460566e+00 1.03470325e+00
    8.60991716e-01 -2.49247164e-01 6.88888848e-01 4.35549796e-01
    1.27293468e+00 6.18844986e-01 -3.12727839e-01 1.43574345e+00
    1.40544200e+00 4.61524308e-01 8.46924186e-02 1.45919621e+00
    1.37124538e-01 2.56796896e-01 4.48023826e-01 -2.90538013e-01
    -9.57876444e-02 6.86262906e-01 1.22314298e+00 8.27188492e-02
    1.29113138e-01 -1.52738869e-01 2.24183619e-01 1.14018750e+00
    7.64866114e-01 1.53152287e-01 -5.52398860e-02 -8.23881924e-02
    1.56333125e+00 1.03290188e+00 8.30554664e-01 -4.56674397e-02
    2.32961684e-01 1.07751656e+00 1.05681038e+00 3.97359461e-01
    -6.38321042e-02 2.02149749e-02 -3.33735943e-02 -2.95186639e-02
    1.06624937e+00 3.77434134e-01 1.38662314e+00 -4.39575762e-01
    1.37110639e+00 7.61761189e-01 2.87129700e-01 3.28094363e-02
    -9.08011794e-02 5.41838527e-01 -3.77250999e-01 9.32355464e-01
    8.03212821e-02 -1.68895215e-01 2.64677703e-01 -5.33351243e-01
    -2.99895942e-01 1.47447002e+00 7.48877645e-01 1.08781934e+00
    6.50586486e-02 1.48357749e+00 8.58295143e-01 1.13327599e+00
    9.64878857e-01 1.40128124e+00 4.55680519e-01 -1.25157654e-01
    1.63196218e+00 2.36353576e-01 -2.38763988e-01 1.42418504e-01
    1.01042688e-01 1.50201094e+00 1.20601010e+00 -3.38023841e-01
    1.97495818e-01 8.18019807e-02 1.06368244e+00 -3.43085498e-01
    1.25498438e+00 4.09048915e-01 1.47090405e-01 1.12077022e+00
    1.24818099e+00 8.45156491e-01 7.30413675e-01 4.02407587e-01
    -3.12863976e-01 1.06617928e+00 4.28841412e-01 1.17829263e-01
    7.49802589e-01 8.20410967e-01 3.38810682e-03 7.88703918e-01
    9.66096163e-01 -1.74335688e-01 6.72734439e-01 -3.12168807e-01
    -9.36662555e-02 7.19419420e-01 4.26104188e-01 4.19880211e-01
    -4.42054510e-01 6.65801167e-01 -3.98919344e-01 -5.73737621e-02
    -2.44242817e-01 1.12475109e+00 9.13656831e-01 9.87042189e-01
    1.29938006e+00 9.09092247e-01 4.55263913e-01 1.23661435e+00
    2.32407510e-01 6.71128988e-01 1.19973922e+00 1.20425284e+00
    -3.35578024e-01 9.66030180e-01 3.46049786e-01 6.56823099e-01
    1.49535036e+00 1.18672359e+00 1.22316778e-01 1.27467966e+00
    -3.91162276e-01 -3.89714897e-01 -6.28357530e-02 1.01002204e+00
    3.95593762e-01 6.92915976e-01 6.37331963e-01 8.78796577e-01
    6.58694983e-01 1.38353229e+00 -4.14814532e-01 5.61573386e-01
    3.36472929e-01 6.42005682e-01 5.35553515e-01 5.65884113e-02
    6.06018960e-01 1.10100031e+00 -2.33190447e-01 8.70403171e-01
    5.48250198e-01 8.78646374e-02 1.49743223e+00 6.11152589e-01
    -4.77390110e-01 1.00398111e+00 -3.72267962e-02 7.51698971e-01
    1.39494872e+00 -3.89737934e-01 1.11188614e+00 1.73076630e-01
    4.77627665e-01 1.01277947e+00 1.40785050e+00 1.50854099e+00
    3.57260406e-02 9.51285243e-01 1.37914634e+00 3.18572819e-01
    2.65868306e-02 1.73589736e-01 1.41150928e+00 8.41280103e-01
    7.71681607e-01 1.22070825e+00 1.09872985e+00 3.76389623e-02
    9.66278076e-01 -2.36143112e-01 1.03324628e+00 -3.02182078e-01
    2.37997770e-01 1.21803522e+00 1.46055901e+00 -2.96948463e-01
    -4.80991572e-01 1.21831030e-01 1.08193457e-02 5.88081598e-01
    2.17989475e-01 1.08057201e-01 -2.43203759e-01 9.80378509e-01
    -2.71521091e-01 1.07429600e+00 8.81758630e-01 1.08184242e+00
    5.28678119e-01 -4.41893280e-01 3.66397858e-01 7.21118271e-01
    1.43065453e+00 4.83807981e-01 7.05400884e-01 1.19585943e+00
    -4.61858869e-01 4.85793114e-01 -4.05227780e-01 8.73619437e-01
    1.14567780e+00 1.42941380e+00 1.40788853e-01 -3.88363421e-01
    8.23672116e-02 4.14522946e-01 7.87864804e-01 1.15196157e+00
    4.78666604e-01 4.32284772e-01 7.22136736e-01 4.74165708e-01
    2.18337357e-01 1.14495623e+00 8.01418543e-01 4.06679988e-01
    1.35429025e+00 8.22395265e-01 -8.56966674e-02 1.38401508e+00
    1.21313548e+00 1.14176190e+00 5.99087477e-01 2.05097616e-01
    -1.22572809e-01 -7.92873800e-02 1.34958768e+00 2.98232377e-01
    8.89045477e-01 8.29497814e-01 -1.02907240e-01 -3.03175509e-01
    1.48352623e-01 -3.03823948e-01 3.90944839e-01 1.12319922e+00
    6.63497448e-01 4.87197578e-01 4.69960332e-01 3.40951562e-01
    -3.54600847e-01 1.01465821e+00 -3.71783823e-01 8.35047185e-01
    -3.18445385e-01 3.22526515e-01 -1.45954609e-01 1.57380712e+00
    2.51673698e-01 -3.05169284e-01 -1.74171060e-01 9.53048468e-03
    9.85499442e-01 1.10401440e+00 -3.49620372e-01 1.27166533e+00
    1.02199411e+00 -2.81373113e-01 6.53132796e-02 -1.67004570e-01
    -4.20213014e-01 1.66128576e-02 8.38695109e-01 1.52183366e+00
    8.40165079e-01 2.47292638e-01 1.22186565e+00 9.59432364e-01
    6.75349832e-01 8.32815647e-01 1.22761273e+00 6.81189656e-01
    -1.13162965e-01 2.71749049e-01 -2.23046184e-01 8.76058996e-01
    -1.24233663e-02 2.73455977e-01 -3.59948397e-01 -8.45509768e-03
    -2.13521302e-01 3.85583252e-01 -4.78600591e-01 -1.76056623e-01
    7.16519475e-01 -2.10115835e-01 1.34444284e+00 1.04896474e+00
    5.54322541e-01 5.85527956e-01 1.17948151e+00 8.86863887e-01
    -1.61527634e-01 5.55288434e-01 1.02160048e+00 5.82249165e-01
    5.38844168e-01 4.50644672e-01 -4.75027353e-01 2.84604549e-01
    -1.14194840e-01 1.19419932e+00 7.77185500e-01 1.15594673e+00
    1.48594975e-02 4.70985293e-01 1.41767263e+00 -4.60257679e-01
    -4.54858810e-01 1.35214436e+00 9.62977231e-01 1.49409592e-01
    -3.35806012e-01 1.17473006e+00 2.89884895e-01 -1.08952940e-01
    -1.96772128e-01 5.54473281e-01 1.36667514e+00 3.09641749e-01
    5.86080074e-01 8.75110984e-01 7.86906481e-03 9.28401828e-01
    -9.83985960e-02 1.16068125e-01 -3.85175169e-01 4.08721358e-01
    1.01276970e+00 2.93617278e-01 7.00107813e-01 -4.80946630e-01
    -5.54374695e-01 -4.87497985e-01 1.35321426e+00 1.07051110e+00
    1.08809650e+00 -6.76766276e-01 -5.25419474e-01 1.33927321e+00
    1.17172742e+00 1.17572808e+00 -1.77075237e-01 1.32568157e+00
    -7.77776837e-02 1.89135313e-01 1.10798430e+00 6.37613773e-01
    8.48571062e-01 1.42974675e+00 -2.26108760e-01 -2.85505176e-01
    -3.65646839e-01 3.98175120e-02 1.04307437e+00 1.16581213e+00
    -1.62412375e-01 9.31031346e-01 -2.74799109e-01 3.09620857e-01
    -3.82055402e-01 8.51829648e-02 6.04740024e-01 4.28815484e-02
    9.13578153e-01 -4.09987092e-01 4.98719990e-01 6.22910500e-01
    2.85643041e-01 5.48285842e-01 1.18255532e+00 1.28171182e+00
    4.54120815e-01 -2.72847950e-01 1.43922067e+00 1.11807525e+00
    7.34059095e-01 -2.80727744e-02 9.59534943e-01 9.95594263e-02
    1.09504342e+00 5.31736016e-01 3.84561777e-01 2.08861887e-01
    -4.21787083e-01 -1.19422257e-01 9.74542737e-01 -1.49824679e-01
    1.33987069e+00 6.39782131e-01 3.19833875e-01 1.15339887e+00
    1.09901321e+00 9.31211591e-01 8.40170562e-01 1.07447505e+00
    2.57069409e-01 1.14090014e+00 3.72352958e-01 -3.80185246e-02
    7.61799872e-01 2.09142089e-01 -3.71317267e-02 -3.88471007e-01
    2.90707588e-01 1.24834156e+00 2.19580382e-01 3.41866940e-01
    -7.23097622e-02 -3.14726830e-01 8.66369009e-01 3.43326330e-01
    -4.42920595e-01 5.10029435e-01 -2.23123401e-01 1.42955422e-01
    4.39589620e-02 1.05035019e+00 -4.74438131e-01 2.71611571e-01
    7.32139111e-01 2.30503976e-01 1.18288994e-01 9.34490025e-01
    -1.66613519e-01 -3.82648945e-01 1.29541779e+00 7.35982835e-01
    6.77015543e-01 -2.67161131e-02 4.34822619e-01 -4.34746593e-01
    5.61360836e-01 6.39327168e-01 -4.13123012e-01 4.33879435e-01
    5.56038082e-01 4.46289718e-01 1.69389755e-01 5.57336450e-01
    -8.48259032e-02 -3.62562895e-01 9.37950969e-01 -2.40908265e-02
    1.09764886e+00 4.20152724e-01 1.69876456e-01 1.31018150e+00
    -1.91329896e-01 -1.80125177e-01 -3.61120373e-01 7.84183145e-02
    1.23457384e+00 1.42301416e+00 6.56847715e-01 9.88782823e-01
    8.06610823e-01 9.27976429e-01 1.85400844e-02 6.77949548e-01
    -3.33926260e-01 4.06493306e-01 1.29639447e-01 4.61449265e-01
    3.44901800e-01 -4.40488160e-01 2.04609513e-01 -9.23395455e-02
    3.80014569e-01 3.58655989e-01 6.73922598e-01 8.00054371e-01
    2.84751028e-01 1.50521493e+00 1.75169110e-02 -3.98812860e-01
    8.63483012e-01 1.14334989e+00 -3.91549230e-01 -1.71586871e-02
    1.44510508e+00 1.32855177e+00 -2.64074147e-01 -1.34898007e-01
    1.38184524e+00 2.31970966e-01 1.03923285e+00 -3.51166427e-02
    8.26572776e-02 4.19416219e-01 4.90502745e-01 -3.04877162e-02
    -3.95624638e-01 7.11608350e-01 2.69452751e-01 7.31271267e-01
    1.23836851e+00 -4.45734948e-01 1.45854473e+00 -2.90007532e-01
    1.58587682e+00 1.71432614e-01 -4.74103183e-01 8.14781189e-02
    9.28694606e-01 7.15166032e-01 1.17100251e+00 -3.57108444e-01
    1.46663940e+00 -5.99884391e-02 2.69387782e-01 -1.50874823e-01
    1.44402683e+00 -4.09026086e-01 9.71659124e-01 9.25512612e-02
    1.35345554e+00 3.64840358e-01 2.76702642e-02 5.30623496e-01
    2.64479697e-01 1.27175009e+00 4.88793373e-01 7.27674842e-01
    1.19978762e+00 -4.40097839e-01 -5.13900578e-01 1.50564504e+00
    7.51444221e-01 1.12893552e-01 -2.36143976e-01 2.98625588e-01
    1.20146656e+00 -2.43363410e-01 1.07230902e+00 6.69108450e-01
    1.26316679e+00 -2.42333710e-01 2.08655417e-01 1.58980560e+00
    1.15083432e+00 -3.30757737e-01 1.62740976e-01 1.10978580e+00
    9.00313377e-01 4.48411703e-03 -3.99632931e-01 6.28702164e-01
    1.24648511e+00 -5.71571887e-02 5.88076532e-01 -2.98042744e-01
    1.01801944e+00 9.56019163e-01 -3.02720666e-02 -1.68509901e-01
    6.01296425e-01 1.16216671e+00 8.83190632e-01 1.21123099e+00
    -2.90463656e-01 1.42994976e+00 1.09584856e+00 -2.46290565e-01
    4.85961258e-01 1.40821648e+00 -1.37451828e-01 -3.19950938e-01
    -2.17598557e-01 5.93742609e-01 4.64312941e-01 -2.61517704e-01
    5.24580419e-01 -1.31369412e-01 5.28564930e-01 1.16407120e+00
    -4.46907878e-01 -4.88949776e-01 1.18215561e+00 1.05093908e+00
    3.35362971e-01 1.26569867e-02 2.71860689e-01 7.29894459e-01
    6.06952846e-01 -1.25567764e-01 -3.93204093e-02 4.50256854e-01
    1.15888488e+00 1.24605131e+00 -3.48950177e-01 1.37608445e+00
    1.07098222e+00 4.55153346e-01 1.36955786e+00 8.80379021e-01
    3.86549413e-01 1.02805078e+00 -3.74033451e-02 1.52894068e+00
    4.25132513e-02 -3.06799531e-01 -1.34254158e-01 5.41110516e-01
    1.38398659e+00 -3.18706989e-01 8.45344961e-01 -7.10169971e-02
    4.37592745e-01 9.23675835e-01 9.17013943e-01 9.36142862e-01
    8.83703053e-01 1.07726622e+00 2.09533155e-01 6.92459702e-01
    1.21546984e-02 1.15018308e-01 7.23634243e-01 1.03463888e+00
    -3.16480219e-01 -2.46174783e-01 1.15258205e+00 -2.61336774e-01
    5.77188730e-02 3.90593350e-01 -3.75670135e-01 8.43765140e-02
    1.24008775e+00 -2.86650360e-01 -1.93348855e-01 -9.84180570e-02
    1.30357790e+00 7.05097914e-01 1.41577411e+00 5.82093060e-01
    7.07740009e-01 -4.16551471e-01 7.01776087e-01 -4.28317398e-01
    1.32921755e-01 2.75621772e-01 7.71358013e-01 6.53199315e-01
    1.19286060e+00 -4.42313284e-01 2.07097530e-02 9.04280543e-02
    5.72579265e-01 6.48366809e-01 1.48707128e+00 2.37185717e-01
    -1.29712760e-01 -8.83773267e-02 4.40404415e-02 1.10884762e+00
    -4.97298002e-01 1.22411859e+00 1.45961034e+00 6.40774488e-01
    2.07412541e-02 1.04417789e+00 5.89701772e-01 -1.26878142e-01
    2.43379295e-01 1.50938392e-01 4.46998477e-02 -1.25368893e-01
    -9.71228182e-02 3.05360854e-01 -1.07737690e-01 -1.93859994e-01
    -1.87190980e-01 3.88306320e-01 1.74063683e-01 4.73660767e-01
    7.07384884e-01 1.21762776e+00 -1.17771029e-02 1.48710465e+00
    1.42001104e+00 1.40876794e+00 8.62022996e-01 1.15028334e+00
    1.41649091e+00 4.60497141e-02 9.70720112e-01 1.50355530e+00
    5.74032366e-01 -3.62363964e-01 -1.52626038e-02 1.35138738e+00
    5.71083188e-01 1.54990244e+00 -2.13627040e-01 -1.45067811e-01
    4.99192834e-01 1.03058314e+00 9.74500179e-02 9.26389098e-01
    7.81758428e-02 3.97475362e-02 1.44086981e+00 5.66318512e-01
    8.78359675e-01 1.39243782e+00 1.21556067e+00 9.98119891e-01
    6.21979415e-01 3.80626917e-01 -3.12193125e-01 8.39270473e-01
    5.98357081e-01 1.45582771e+00 1.00695491e+00 -4.40720171e-01
    1.32755816e+00 6.98104978e-01 -1.78833127e-01 5.05942225e-01
    1.17956996e+00 4.05667901e-01 9.93394852e-03 6.35075569e-03
    4.55194592e-01 -4.04391199e-01 4.41715956e-01 -3.49163949e-01
    4.09067184e-01 1.01542592e-01 5.09983540e-01 1.46981907e+00
    1.17296612e+00 2.21517980e-01 -4.64257836e-01 8.47266495e-01
    9.35788453e-01 -6.17640615e-02 1.23218584e+00 -2.28408724e-01
    1.08462167e+00 1.46145892e+00 2.99840987e-01 -2.64302969e-01
    6.53831840e-01 2.55112112e-01 5.71912408e-01 1.24439299e+00
    8.30306828e-01 1.14692616e+00 6.62015736e-01 1.21801555e+00
    9.92229164e-01 1.00712466e+00 5.32972455e-01 3.82861376e-01
    -2.18625128e-01 1.55525804e+00 1.50396204e+00 6.74869180e-01
    3.69018316e-03 9.00879979e-01 3.99612069e-01 1.48693562e+00
    1.28913713e+00 1.27148747e+00 5.30424774e-01 1.03252125e+00
    1.12694740e+00 -1.69885308e-01 -1.49577618e-01 8.98577154e-01
    1.53606510e+00 -1.37073338e-01 1.48089957e+00 -4.58497107e-01
    8.68285656e-01 1.21907401e+00 1.42544043e+00 -4.34830487e-02
    1.14867079e+00 2.57769704e-01 1.15719438e+00 -1.26184464e-01
    1.55030537e+00 -2.99268425e-01 4.77609962e-01 -2.01534748e-01
    2.66260952e-01 5.91981173e-01 -4.63619530e-01 -8.41978788e-02
    5.22435844e-01 1.43593800e+00 2.29819357e-01 -8.48269463e-03
    3.78745288e-01 3.48144710e-01 1.55805290e-01 -1.41772330e-01
    8.63510072e-01 9.54015315e-01 6.23553813e-01 1.02051818e+00
    4.15095389e-01 1.31473875e+00 -4.44985449e-01 1.24300754e+00
    9.27789748e-01 9.91776288e-01 1.00947618e-02 2.50926852e-01
    1.08829808e+00 1.19008422e+00 9.90292072e-01 -2.50407249e-01
    6.45783484e-01 1.94898069e-01 1.33562875e+00 5.47558308e-01
    4.73061442e-01 1.24927759e-01 -3.33343625e-01 -1.07501686e-01
    3.14420372e-01 1.64980042e+00 -4.00574565e-01 -3.47147435e-01
    -3.79989237e-01 -1.65669620e-02 2.02177346e-01 6.02402806e-01
    6.52424037e-01 1.10454619e+00 6.45472527e-01 7.63470531e-02
    1.64963651e+00 -2.78884619e-01 -2.39699379e-01 -1.01655513e-01
    -6.74077570e-02 -4.31073278e-01 6.69453621e-01 7.10038662e-01
    -4.06673223e-01 1.38036358e+00 1.23783135e+00 1.18802953e+00
    1.12938952e+00 6.30372763e-01 6.41129732e-01 1.10781479e+00
    6.30384207e-01 -6.08631074e-02 -1.20452344e-01 5.60750842e-01
    8.92425299e-01 1.19869494e+00 8.79171610e-01 1.21928620e+00
    -1.17609233e-01 3.32608581e-01 1.29667640e+00 9.72217739e-01
    1.29048908e+00 1.43708467e-01 1.42568946e+00 -4.40485895e-01
    1.33528590e+00 1.25453103e+00 -4.38981086e-01 2.07133681e-01
    3.35841268e-01 -2.87559032e-01 7.93240011e-01 -9.13280845e-02
    1.20262527e+00 3.38284343e-01 8.23458552e-01 2.17757851e-01
    -8.72785151e-02 9.04230535e-01 9.28772867e-01 1.13054776e+00
    7.65801966e-01 4.26966488e-01 3.38484704e-01 -2.31803343e-01
    -1.98046893e-01 1.01523948e+00 1.50439847e+00 6.78521574e-01
    1.19160557e+00 7.31493354e-01 1.25789690e+00 1.40173995e+00
    4.60761845e-01 6.83936417e-01 6.30572081e-01 1.08895123e+00
    2.82155395e-01 -4.26465213e-01 3.86792421e-01 6.16553307e-01
    1.26567650e+00 -5.94824553e-03 -1.88363224e-01 3.03421021e-02
    9.67628837e-01 1.34143710e+00 -4.81740832e-01 1.41433394e+00
    6.89377427e-01 -2.45908707e-01 7.59646177e-01 5.89761674e-01
    1.14482737e+00 -4.39320475e-01 -1.22391611e-01 8.04966092e-01
    1.42117047e+00 1.25972927e+00 -3.06804687e-01 6.79393530e-01
    1.10780120e+00 1.33862662e+00 -1.47444665e-01 1.06169987e+00
    8.26711416e-01 6.50577962e-01 1.20247412e+00 1.20997286e+00
    5.93213916e-01 6.00828946e-01 5.73607981e-01 -4.82836217e-01
    -3.71303916e-01 2.98860967e-01 6.35170698e-01 9.80407119e-01
    -5.12529016e-02 -4.12098199e-01 5.90516806e-01 1.38479996e+00
    -9.00986493e-02 1.24317789e+00 1.14624476e+00 1.40308952e+00
    -4.99900967e-01 1.30801582e+00 4.89397734e-01 1.55539751e-01
    1.09209263e+00 6.32326961e-01 -8.52491260e-02 2.94866711e-01
    1.49807560e+00 1.23589575e-01 5.72352409e-01 -5.17930150e-01
    1.40974677e+00 1.03885269e+00 1.00582433e+00 6.05881214e-04
    1.05631518e+00 6.05844200e-01 2.75371075e-01 -2.20462471e-01
    -4.18519378e-02 -5.22713602e-01 2.41120040e-01 3.75411719e-01
    1.09780324e+00 8.56827855e-01 9.61478353e-02 -2.31926441e-02
    8.04115653e-01 6.13928974e-01 5.09353697e-01 1.31876493e+00
    1.18682623e+00 2.96150386e-01 4.64882553e-02 9.06732798e-01
    2.37385333e-01 -1.36210024e-01 -3.39665592e-01 5.03031254e-01
    5.53457737e-02 9.14269686e-02 8.64194632e-02 -2.90160179e-02
    6.40069067e-01 7.04520583e-01 -1.22276664e-01 6.94169402e-02
    1.24049437e+00 1.19681561e+00 3.11826944e-01 -4.19300795e-02
    -1.91642523e-01 -3.38070184e-01 7.81228900e-01 8.46539736e-01
    1.05080795e+00 5.15279293e-01 -4.43360180e-01 1.28115499e+00
    -1.37993127e-01 7.57597566e-01 3.88003767e-01 3.68470550e-02
    2.36917138e-01 -2.17409641e-01 -2.32783243e-01 1.13638222e+00
    8.39394093e-01 1.43319845e-01 -3.13092470e-02 7.27995157e-01
    -2.37723470e-01 1.31636882e+00 1.05755746e-01 1.03088689e+00
    2.47329950e-01 1.32375503e+00 8.78115773e-01 7.45041311e-01
    7.32946634e-01 2.65333712e-01 -4.85051483e-01 6.31305754e-01
    9.56826568e-01 -5.26057065e-01 8.29931378e-01 1.65554500e+00
    1.44359148e+00 9.71406221e-01 1.22023916e+00 -3.21609437e-01
    -5.38455248e-02 1.05969262e+00 7.38618672e-02 -8.64104927e-02
    9.84816909e-01 7.61667013e-01 6.32031560e-02 7.39808857e-01
    1.14873242e+00 9.68302965e-01 3.74343038e-01 2.76142716e-01
    6.90335393e-01 -3.25138509e-01 -1.51352733e-01 2.07984298e-01
    2.59402275e-01 -3.23704004e-01 4.80666697e-01 -4.33242917e-01
    1.23078656e+00 3.59916687e-03 -1.54700816e-01 3.08011770e-02
    6.96576715e-01 8.38184297e-01 8.85283768e-01 -5.15590072e-01
    -2.40500897e-01 3.86878848e-01 1.14997327e+00 1.10896206e+00
    1.05370700e-01 3.29056919e-01 -1.28965676e-01 4.92911816e-01
    6.90636873e-01 5.34064233e-01 2.76190042e-01 -3.52354467e-01
    -8.22111964e-02 1.62127805e+00 2.87086070e-01 6.07080936e-01
    1.37706554e+00 1.04311633e+00 4.76868749e-02 5.00420749e-01
    8.21374834e-01 1.07366335e+00 -3.15314680e-01 -2.75859982e-01
    -2.00934649e-01 3.60868067e-01 1.45238078e+00 9.99466777e-01
    7.49430478e-01 9.87181902e-01 -2.30219379e-01 4.46457773e-01
    1.39178753e-01 -3.40604872e-01 3.45281363e-02 6.33785248e-01
    3.14092696e-01 7.60706961e-01 9.50374484e-01 1.02513611e-01
    4.66658890e-01 3.17533016e-02 -5.19535422e-01 1.05337429e+00
    1.51460838e+00 -2.21436083e-01 -3.73920739e-01 -4.08938318e-01
    7.50670075e-01 1.37637329e+00 3.67204249e-01 8.48275065e-01
    3.37457657e-03 3.29885066e-01 -1.36233002e-01 -2.13858038e-01
    1.36597562e+00 9.21579003e-01 6.81625605e-02 7.28452921e-01
    7.75498807e-01 1.30036104e+00 1.02838290e+00 5.71957707e-01
    2.27094293e-01 -3.59599590e-02 6.24239326e-01 5.40914953e-01
    1.30363607e+00 1.30462074e+00 7.21331477e-01 1.42425668e+00
    1.01061583e-01 -3.13298702e-02 1.09925461e+00 1.04267466e+00
    -3.89709800e-01 1.14725351e+00 9.48069751e-01 -1.21701598e-01
    -5.12183189e-01 5.67695200e-01 6.13246620e-01 7.92787433e-01
    7.17872500e-01 -3.27348709e-02 -3.53511512e-01 9.83063579e-02
    1.22111797e+00 6.34496331e-01 1.42144585e+00 1.64018810e-01
    1.70230836e-01 -3.85840237e-01 -1.72879457e-01 2.99346566e-01
    1.16770625e-01 1.52178478e+00 1.30255711e+00 -1.31273419e-01
    1.39413404e+00 -2.85901636e-01 6.09914899e-01 3.40102971e-01
    -5.31034291e-01 -1.92276150e-01 3.58676732e-01 5.97708523e-01
    8.71172547e-03 1.11969233e-01 9.33018565e-01 4.68100727e-01
    1.13634205e+00 -2.31588215e-01 -1.60590827e-01 -1.28251314e-02
    1.23837340e+00 1.06839812e+00 -9.11030769e-02 6.43636763e-01
    7.71452606e-01 4.66011703e-01 9.69349205e-01 1.53859794e-01
    -3.82061064e-01 -1.81175560e-01 -2.14713216e-02 -2.15043187e-01
    1.00667548e+00 3.26307356e-01 1.26517773e+00 3.65667939e-01
    1.33593559e+00 -4.55697298e-01 1.11465859e+00 9.52600598e-01
    -3.04274052e-01 -6.04877770e-02 1.52723479e+00 4.73521769e-01
    3.77034545e-02 2.24322021e-01 -2.05582678e-02 1.70196444e-01
    -3.18181574e-01 6.51887000e-01 9.29441869e-01 1.97584331e-01
    5.06031513e-03 1.20189142e+00 1.72423780e-01 5.90348125e-01
    1.12352669e-01 3.78138304e-01 1.01203394e+00 -6.58681095e-02
    7.57737577e-01 -2.52718002e-01 1.16644192e+00 8.70029390e-01
    8.58381391e-01 4.14268523e-01 -1.19312733e-01 5.65306842e-01
    1.30135322e+00 1.03407407e+00 1.00819695e+00 -3.87677580e-01
    1.49027026e+00 1.48790002e+00 -1.93848699e-01 3.19826305e-01
    3.52330476e-01 2.28567779e-01 4.68550026e-01 2.80210167e-01
    1.08219713e-01 1.15578747e+00 8.47737670e-01 1.10505188e+00
    1.11244845e+00 8.95209789e-01 3.31936896e-01 5.06218135e-01
    5.04423976e-02 1.44301641e+00 1.15363371e+00 6.60900474e-01
    3.80734205e-02 1.06658399e+00 1.16220784e+00 6.47652447e-01
    -4.88439530e-01 1.00645232e+00 3.19109917e-01 -3.03729534e-01
    -3.42959166e-03 2.78907716e-01 5.21612763e-01 1.38100743e+00
    7.17797577e-01 6.13458276e-01 -2.61584163e-01 3.43209505e-01
    -5.19129336e-02 3.85370374e-01 1.02464676e+00 8.66793215e-01
    -6.63201809e-02 -3.32186043e-01 -4.31405187e-01 3.70973289e-01
    9.29389656e-01 8.02674115e-01 7.04443514e-01 9.18966770e-01
    -1.68306351e-01 7.39096344e-01 -2.30213493e-01 -2.70121187e-01
    1.38807583e+00 5.81218898e-01 1.17262101e+00 7.28945851e-01
    1.16170061e+00 8.53856444e-01 6.14901543e-01 1.23544836e+00
    4.39574391e-01 -5.39501607e-02 1.12669098e+00 1.34186935e+00
    -3.08005214e-01 9.58600640e-02 4.12794113e-01 9.54521835e-01
    1.22053695e+00 1.19115472e+00 9.32669401e-01 1.14153123e+00
    1.34961724e+00 1.06884289e+00 -3.00518274e-01 1.32346541e-01
    1.21165842e-01 6.64342225e-01 -4.87243533e-02 6.55640244e-01
    1.46737063e+00 -6.20674491e-02 1.18901312e-01 1.30259335e+00
    1.09489298e+00 -8.47699046e-02 1.37198031e+00 1.27956367e+00
    -1.98476195e-01 6.21659636e-01 2.48782575e-01 3.81219387e-03
    1.58909261e-01 6.00735247e-01 -1.02408141e-01 1.44139624e+00
    4.25190508e-01 4.74741578e-01 1.36151564e+00 9.62108433e-01
    5.48366904e-02 1.17007709e+00 -4.29387450e-01 2.64217854e-02
    1.09810901e+00 1.12061214e+00 1.30170953e+00 -5.38875759e-01
    1.03839707e+00 -5.63019514e-03 9.08018351e-02 -1.98290348e-02
    5.42405605e-01 2.68100470e-01 5.03386855e-01 1.17124355e+00
    1.25053966e+00 9.00413394e-02 1.05018020e+00 -3.26688200e-01
    -6.60525262e-02 1.50832295e+00 1.68988705e-02 -5.09403765e-01
    8.36545825e-01 2.67086625e-01 -3.49258780e-02 -3.07184935e-01
    2.13412344e-02 4.73515987e-02 1.35138154e+00 -2.23194569e-01
    1.48983455e+00 1.04392827e-01 1.18164158e+00 9.39719200e-01
    5.53842485e-02 -2.07089186e-01 -2.65859425e-01 1.24272323e+00
    1.20347536e+00 -3.17086339e-01 6.48612440e-01 1.88091815e-01
    1.26675284e+00 5.13257146e-01 -3.28236639e-01 -4.29192215e-01
    8.81581664e-01 -6.02320135e-02 1.18701172e+00 1.01216078e+00
    -3.20129097e-01 -3.50179672e-02 1.49151385e-01 3.36077690e-01
    9.65368152e-01 2.32652783e-01 4.16212678e-02 1.19182241e+00
    8.83665204e-01 -2.86479563e-01 3.16441804e-01 1.63461030e-01
    2.17966974e-01 1.86163217e-01 1.57699168e-01 -4.66241807e-01
    -5.34322023e-01 5.17766714e-01 1.81998372e-01 1.12145019e+00
    3.52365196e-01 1.16331720e+00 -2.24645555e-01 7.91481555e-01
    1.16765094e+00 1.00665736e+00 1.43962121e+00 6.65079951e-01
    -9.09380913e-02 3.95687878e-01 5.75416923e-01 4.29643095e-01
    9.80655968e-01 2.83847034e-01 6.66287780e-01 1.09350681e-02
    -2.55741864e-01 -2.37743974e-01 2.86032557e-02 1.56738067e+00
    1.12446547e+00 1.69548690e-02 9.56790447e-01 3.00239265e-01
    4.07663643e-01 -2.95497954e-01 7.80242324e-01 8.60535502e-02
    1.06784892e+00 7.60087430e-01 3.43637884e-01 1.20700812e+00
    1.18285632e+00 2.34439254e-01 1.26889038e+00 7.27307975e-01
    1.39073277e+00 1.15409458e+00 -3.42355609e-01 1.30906773e+00
    -1.90672278e-02 3.83244753e-01 1.50653160e+00 -1.69297427e-01
    -2.63687819e-01 8.32913280e-01 1.00937092e+00 -2.07318902e-01
    1.25141168e+00 -1.74873143e-01 -4.06670392e-01 1.21411061e+00
    -8.76993239e-02 4.30468738e-01 6.55891299e-01 1.25265509e-01
    5.80054522e-02 1.15120560e-01 -4.25913393e-01 -3.70153785e-01
    7.45202661e-01 1.36529136e+00 1.40734553e-01 1.55711710e+00
    3.93735826e-01 -2.56814837e-01 -2.37676561e-01 -4.22450781e-01
    1.25059175e+00 3.75607610e-02 9.23886776e-01 1.26157403e+00
    1.34066868e+00 -4.69932646e-01 8.00354660e-01 3.09812188e-01
    4.08649445e-03 -2.08048910e-01 2.20604241e-01 8.69706094e-01
    1.25480461e+00 1.40835655e+00 3.17045152e-01 7.22639501e-01
    2.80728221e-01 6.49837196e-01 1.29273641e+00 -2.39476442e-01
    4.12736595e-01 1.55572367e+00 -2.34062195e-01 -3.34631979e-01
    3.25234860e-01 7.96591341e-01 1.20938110e+00 4.93315101e-01
    -9.43811536e-02 4.55879807e-01 4.49029028e-01 6.97034359e-01
    1.36901319e-01 -4.78809595e-01 6.94294572e-01 -1.69698656e-01
    -2.33549476e-02 7.92275012e-01 1.35419965e+00 -4.25219119e-01
    -3.67336690e-01 6.31349683e-01 5.56501806e-01 -7.04786181e-03
    -2.77793765e-01 3.58285308e-01 1.41687489e+00 1.43768549e+00
    -4.55239892e-01 3.78836393e-01 -3.30713034e-01 9.19884443e-01
    3.35098326e-01 1.70595825e-01 6.70868933e-01 -3.62137437e-01
    1.11165476e+00 1.21347499e+00 1.41348362e+00 3.84426951e-01
    7.38519847e-01 1.11734080e+00 -1.12726063e-01 9.16102886e-01
    1.17880869e+00 3.99211645e-01 5.55718124e-01 1.50110722e+00
    7.98430264e-01 -3.56985271e-01 1.56636512e+00 6.45995736e-02
    1.34081841e+00 4.47591752e-01 1.41546392e+00 -1.50816441e-02
    3.20420116e-01 6.67090595e-01 -2.86326945e-01 2.35866964e-01
    1.13445234e+00 8.47978354e-01 -7.59814978e-02 2.81905770e-01
    1.49316907e-01 -6.02459967e-01 1.10804629e+00 2.46128559e-01
    4.96434391e-01 -1.86795413e-01 2.77447104e-01 8.58656287e-01
    3.27540874e-01 5.31280041e-01 6.58629358e-01 1.15908444e+00
    1.35922730e+00 4.29815441e-01 -1.40931100e-01 -2.67378688e-02
    -1.10769480e-01 9.20435786e-01 -3.00268680e-01 7.92929471e-01
    -5.22072792e-01 1.32332695e+00 -4.90457118e-02 3.51043403e-01
    6.53062224e-01 1.03745496e+00 7.75053442e-01 5.07786751e-01
    3.23471189e-01 4.13970947e-01 1.18667316e+00 8.85615826e-01
    1.40372276e+00 2.79527068e-01 -4.08810377e-02 -4.06206787e-01
    1.04551721e+00 9.35932517e-01 8.99950027e-01 9.71918464e-01
    1.43938220e+00 1.66336179e-01 8.48826051e-01 9.09074306e-01
    2.39470005e-02 1.04192972e+00 3.96810472e-01 1.17705226e-01
    -3.03576112e-01 7.59810030e-01 -1.90191537e-01 1.13229597e+00
    8.61293077e-03 1.70505613e-01 -1.74497515e-01 1.48573732e+00
    1.53171742e+00 -3.94015640e-01 6.33373916e-01 1.42412710e+00
    1.16504192e-01 1.49836731e+00 3.30157340e-01 -3.47319126e-01
    1.42546093e+00 1.07408714e+00 3.21839452e-01 -1.82929352e-01
    9.06879067e-01 -4.48635697e-01 4.62146312e-01 1.14655113e+00
    1.53653920e-01 -2.66695738e-01 4.68936235e-01 3.35580528e-01
    3.72534722e-01 -2.40714416e-01 1.99881315e-01 1.64084554e-01
    6.70005918e-01 5.93539238e-01 5.11559844e-02 1.75386667e-03
    6.46676064e-01 5.39874017e-01 1.45633996e+00 -3.70181918e-01
    9.10925984e-01 7.51978099e-01 -5.35269856e-01 -3.42299700e-01
    5.61516166e-01 1.35336447e+00 5.63531280e-01 4.64769006e-02
    2.54987180e-01 1.51582706e+00 5.91955006e-01 7.07211137e-01
    4.71888304e-01 1.04532540e-01 4.94569659e-01 1.08378422e+00
    7.95164347e-01 4.10960495e-01 1.30898118e+00 -5.43446362e-01
    1.29513586e+00 6.09821200e-01 -4.49960172e-01 -2.71512866e-02
    1.02236533e+00 2.26085484e-01 6.32773817e-01 9.06118095e-01
    1.11119211e-01 7.59869754e-01 -4.58664000e-01 8.49797547e-01
    9.12315607e-01 1.18472445e+00 9.69358087e-02 1.15594506e+00
    9.72916782e-01 3.37451756e-01 1.09537494e+00 1.99200630e-01
    1.19147658e+00 1.39282441e+00 -3.79693329e-01 1.39425516e+00
    1.23459339e+00 1.07061362e+00 -9.16293859e-02 9.65445459e-01
    4.01952684e-01 4.92686629e-01 -5.84759414e-01 -4.92220789e-01
    3.07248533e-01 1.08947778e+00 9.47832465e-02 1.26771188e+00
    8.54013920e-01 1.17672062e+00 5.57985008e-01 1.27109933e+00
    7.84481525e-01 1.41478348e+00 1.15644693e+00 5.45836568e-01
    1.38482773e+00 -1.61169231e-01 5.05591035e-01 1.91939324e-01
    1.46876991e+00 9.47978795e-02 7.82535374e-01 8.37707877e-01
    1.85721159e-01 3.90493214e-01 1.02812493e+00 1.19043851e+00
    1.40368009e+00 1.13150477e+00 3.00623953e-01 -7.63935447e-02
    5.90561628e-02 2.22386003e-01 1.42514014e+00 3.21375012e-01
    6.69054329e-01 4.52399254e-05 -2.81796455e-02 7.97304988e-01
    2.25771010e-01 1.12375796e-01 1.01976550e+00 5.74554980e-01
    1.37718153e+00 1.05947626e+00 -1.72411978e-01 -5.34526467e-01
    1.11395872e+00 6.99184716e-01 -2.26877302e-01 1.22626805e+00
    1.93522573e-02 3.53443325e-01 3.62316847e-01 -2.37990603e-01
    -1.10192001e-02 8.60763192e-02 7.47196794e-01 -3.71443033e-02
    4.43516970e-01 -6.41483665e-02 4.19961035e-01 -4.82961774e-01
    1.33603191e+00 6.44839287e-01 9.52377319e-02 5.40117085e-01
    8.54633689e-01 4.26764607e-01 -3.84850800e-02 8.22220266e-01
    3.51260304e-01 8.68506432e-01 9.16720092e-01 1.69081688e-02
    1.51528740e+00 8.52731287e-01 -2.95625716e-01 8.01926851e-01
    5.38263083e-01 1.93489790e-01 1.35229445e+00 8.46557438e-01
    1.10391885e-01 -3.96537095e-01 4.62162793e-02 2.63113022e-01
    1.25214362e+00 1.40130687e+00 6.66966736e-01 -1.77846372e-01
    -4.78462577e-02 7.51158893e-01 8.48706901e-01 1.23316574e+00
    2.61784017e-01 1.10802352e-01 6.09425902e-01 2.16344595e-01
    1.45448399e+00 -4.35919344e-01 1.24432218e+00 -3.92723441e-01
    -6.16312921e-02 8.07866693e-01 4.17117447e-01 4.10510838e-01
    1.03264213e+00 -1.46403581e-01 6.87839389e-02 1.01182044e+00
    -6.67029619e-02 1.30737454e-01 -3.96393567e-01 8.33669722e-01
    5.39989710e-01 1.03904200e+00 8.98493946e-01 1.20583570e+00
    4.92170453e-02 -1.56783402e-01 1.04332709e+00 1.26915109e+00
    -5.87075830e-01 9.88604903e-01 1.48311949e+00 9.63284791e-01
    1.26238465e+00 3.92863154e-03 7.08644748e-01 5.75500548e-01
    5.19603491e-02 -5.78922033e-03 6.16980433e-01 3.26968402e-01
    1.23910356e+00 1.02320313e+00 1.41501188e+00 3.27503324e-01
    -4.56109405e-01 9.69653666e-01 1.42603362e+00 4.39444542e-01
    1.39917970e+00 2.74388731e-01 7.24725246e-01 1.94505095e-01
    -4.01301146e-01 -2.21505195e-01 1.12979889e+00 -1.02950931e-01
    -1.20276511e-01 9.03682828e-01 1.71950996e-01 9.94374275e-01
    1.04010272e+00 -3.18284452e-01 7.80240238e-01 1.30730259e+00
    1.28673851e-01 5.36570549e-01 -1.66938156e-01 5.95343709e-02
    6.00666821e-01 6.05008543e-01 8.23105395e-01 1.05635500e+00
    1.06136715e+00 9.13285196e-01 4.38656807e-02 1.23670387e+00
    6.30944967e-01 -3.14870596e-01 -6.36920035e-02 7.59864807e-01
    6.68988645e-01 -2.77180761e-01 4.07367349e-02 1.88511431e-01
    9.94587958e-01 5.35419226e-01 -3.48502666e-01 1.47562718e+00
    -3.02826464e-02 -2.30194777e-01 6.63696587e-01 9.55385566e-02
    -3.02402675e-01 2.03673840e-02 9.43081975e-01 7.87853599e-01
    -1.42511249e-01 1.09710586e+00 7.87514448e-02 1.02716893e-01
    7.76834309e-01 5.15079975e-01 1.33782387e+00 1.36637163e+00
    1.73503757e-01 9.32243347e-01 1.86651289e-01 7.32347310e-01
    -1.80521369e-01 6.12208486e-01 2.87039459e-01 -3.07464480e-01
    6.49271011e-01 4.79893684e-02 6.45287633e-01 -3.60222101e-01
    6.63033843e-01 1.12000263e+00 3.56068909e-01 -2.85622150e-01
    1.06088996e+00 -2.71613479e-01 3.25643182e-01 8.07415247e-01
    1.14030564e+00 -8.86458755e-02 1.39920735e+00 -3.74807566e-01
    8.73501062e-01 1.47545886e+00 5.21193147e-01 -6.55332208e-02
    1.06745887e+00 6.29380643e-02 1.38075411e+00 1.03479803e-01
    1.16876197e+00 -1.57139093e-01 7.07187116e-01 5.90742230e-01
    9.99485850e-01 1.00897741e+00 1.28449285e+00 9.68655765e-01
    1.23521256e+00 9.80040073e-01 6.25494897e-01 4.37881351e-02
    3.53312492e-03 -1.24997854e-01 2.12888330e-01 8.50523472e-01
    8.26818824e-01 9.53201830e-01 1.08612263e+00 5.49974203e-01
    6.55134201e-01 1.34304452e+00 -3.52398753e-01 -3.94660175e-01
    4.99155581e-01 8.02884936e-01 1.37430048e+00 7.41039276e-01
    -2.21318543e-01 -5.44849515e-01 1.17799222e-01 3.59538317e-01
    1.38715386e+00 6.20470107e-01 6.45101488e-01 -1.96623266e-01
    -8.38136077e-02 1.18866086e+00 1.36196375e-01 5.55170178e-02
    1.03291833e+00 1.16061974e+00 -2.13246047e-01 1.00899267e+00
    9.89685416e-01 -4.21931446e-01 -1.80562124e-01 8.28455210e-01
    1.27057993e+00 5.09131193e-01 1.16276121e+00 5.46397448e-01
    7.33830988e-01 -3.65371227e-01 -4.88514006e-01 1.86205208e-02
    6.83939517e-01 4.99170423e-01 9.51614738e-01 1.20071149e+00
    -4.84916031e-01 8.96409571e-01 5.64290643e-01 1.06307304e+00
    8.05654705e-01 7.76755095e-01 1.49575621e-01 -2.09774792e-01
    1.10864735e+00 7.36634851e-01 5.48448086e-01 7.87901044e-01
    1.90771222e-02 1.93714857e-01 1.43772364e-01 1.33765388e+00
    8.25375795e-01 5.39551556e-01 7.32049346e-01 1.45925665e+00
    -3.74036789e-01 3.05618107e-01 -5.54261804e-02 -1.65550798e-01
    8.80350590e-01 5.93015134e-01 2.35223562e-01 -3.63787830e-01
    3.39290679e-01 1.39552569e+00 9.59626198e-01 8.48348141e-01
    1.27561539e-01 5.70810914e-01 1.50283611e+00 1.16676021e+00
    -2.84138918e-02 4.15295124e-01 1.50013638e+00 1.54389739e-02
    8.37008834e-01 3.60212952e-01 3.21897149e-01 5.79834342e-01
    1.59429860e+00 -3.80564034e-01 -1.32257104e-01 8.05762410e-01
    4.44826424e-01 1.60648048e+00 1.24056911e+00 -5.01926303e-01
    2.33788490e-01 1.40635324e+00 8.73489976e-01 -4.05645370e-02
    6.27809763e-01 1.45313096e+00 1.24952996e+00 1.41347313e+00
    -2.72829413e-01 5.95597863e-01 6.85260892e-02 6.33934557e-01
    -3.69477510e-01 4.89426136e-01 1.21302629e+00 3.94863307e-01
    1.51058435e-02 1.10381448e+00 -1.50694698e-01 6.45266533e-01
    4.08059210e-01 7.50904918e-01 5.95802486e-01 1.28408253e-01
    6.90814555e-01 -4.38029498e-01 1.56145668e+00 3.52785587e-01
    6.60259485e-01 1.37436199e+00 4.53923285e-01 7.17041671e-01
    6.38349116e-01 5.38579285e-01 1.32242405e+00 -1.53407931e-01
    3.58775139e-01 7.87155092e-01 7.81533122e-01 -4.24679935e-01
    8.31735790e-01 1.20742011e+00 -5.32823563e-01 -2.81786919e-01
    3.16892862e-01 3.05073321e-01 1.07510245e+00 -3.34363371e-01
    -3.95792723e-03 -1.06021494e-01 7.48019934e-01 6.29808545e-01
    1.24928761e+00 -1.15383804e-01 7.76129246e-01 -6.52068853e-03
    -4.68154997e-01 1.66312695e-01 -3.63817602e-01 7.62505531e-01
    8.54888082e-01 3.61252606e-01 6.31418109e-01 7.43532538e-01
    1.03181243e+00 7.15481162e-01 1.19770408e+00 1.44551539e+00
    1.04522502e+00 3.00056279e-01 1.32177973e+00 9.98836458e-01
    -5.89034557e-02 9.37464476e-01 -1.77594304e-01 1.40218186e+00
    4.66019213e-01 5.34481108e-01 1.22248936e+00 4.04512286e-02
    -4.06755060e-01 -4.36763346e-01 4.44648266e-01 2.00520962e-01
    1.09307337e+00 5.27479827e-01 7.64174938e-01 9.84841585e-03
    7.63716578e-01 6.72443449e-01 6.65577292e-01 8.28612149e-01
    1.07332790e+00 3.28047752e-01 1.02151108e+00 7.32049167e-01
    -3.11244905e-01 -2.67403722e-01 -3.45198691e-01 6.83116078e-01
    1.57967657e-01 -3.10683191e-01 4.21745926e-01 1.17271590e+00
    2.25154757e-01 6.46945298e-01 5.06107569e-01 1.03116477e+00
    -3.53611290e-01 9.09280777e-02 1.36474073e-01 4.90238726e-01
    9.59018528e-01 1.11083698e+00 6.27942443e-01 1.36764359e+00
    1.13287973e+00 1.40268219e+00 6.43020093e-01 -2.36731350e-01
    1.14730275e+00 9.63492215e-01 8.96611989e-01 -8.76952708e-02
    1.46660542e+00 1.19996518e-01 8.53425086e-01 2.80006707e-01
    8.14584494e-01 7.44228423e-01 5.61292291e-01 1.31526983e+00
    1.25204945e+00 9.56774712e-01 7.46170044e-01 6.49778724e-01
    3.39657962e-01 -5.62074780e-01 9.59021091e-01 -2.43617833e-01
    4.37208235e-01 1.34052420e+00 -5.97340167e-02 -1.77835107e-01
    -1.21549696e-01 -1.60604507e-01 2.69469023e-01 -3.37271422e-01
    8.44951272e-01 1.14162588e+00 -1.95251375e-01 7.55729616e-01
    7.18259752e-01 1.05923641e+00 4.97484565e-01 1.19432902e+00
    6.45439923e-02 5.11040211e-01 8.59662056e-01 -4.63918179e-01
    -1.06313646e-01 -4.99027878e-01 8.27914715e-01 1.12754250e+00
    4.99330580e-01 -2.75924802e-02 1.16518402e+00 1.30670762e+00
    1.32003105e+00 -3.71025503e-01 4.73498344e-01 4.69941676e-01
    8.54693055e-01 1.33685517e+00 4.55965281e-01 1.24587274e+00
    -8.73926282e-02 -2.56861776e-01 1.32628441e+00 1.41258073e+00
    -2.61700362e-01 7.18162477e-01 4.47904885e-01 1.14376211e+00
    8.04228842e-01 5.53024352e-01 4.72173512e-01 -3.74807984e-01
    8.04277718e-01 -3.22195083e-01 -2.98934549e-01 -5.45163453e-02
    -8.61094892e-02 3.47505212e-01 -5.11566401e-02 8.03997576e-01
    1.10631824e+00 2.54215002e-02 2.59080350e-01 1.53801894e+00
    1.27661407e-01 1.29226124e+00 9.08625305e-01 9.17261839e-02
    4.07262981e-01 1.43242157e+00 4.06133056e-01 2.27574229e-01
    -3.30035090e-01 6.50856555e-01 1.13092303e+00 -6.36722445e-02
    -4.80859935e-01 -5.30396104e-02 1.37438965e+00 2.68859327e-01
    -8.11463892e-02 7.72673249e-01 -3.36428106e-01 1.08055711e-01
    1.23296738e-01 2.55016446e-01 1.53618026e+00 8.50914657e-01
    -2.74101555e-01 -1.07160628e-01 7.16629982e-01 -2.66797781e-01
    2.00402588e-01 1.09697711e+00 -8.32369924e-03 -3.07330161e-01
    -3.82082313e-01 -1.70325488e-01 9.16526318e-02 2.84803629e-01
    1.00567758e+00 -4.61170375e-01 -2.42923230e-01 1.32910895e+00
    -1.96111023e-01 1.27762389e+00 1.05673671e-02 1.27111697e+00
    -3.40186179e-01 5.00051618e-01 2.64535546e-01 2.25993693e-01
    1.15140843e+00 4.85665143e-01 4.88280058e-02 -3.58433545e-01
    6.86571598e-02 6.15995407e-01 -1.79596603e-01 -1.27577782e-01
    3.18259835e-01 7.77375042e-01 6.34161234e-01 6.73529088e-01
    2.74388939e-01 3.06795180e-01 -1.23955250e-01 -3.97945642e-02
    5.78045607e-01 9.18614030e-01 -2.33848274e-01 1.32853949e+00
    -1.98216081e-01 -4.37109768e-02 4.43814754e-01 -4.17359769e-01
    2.82841086e-01 -5.80356419e-02 -3.15812558e-01 2.70765662e-01
    4.29610938e-01 4.29024279e-01 1.07327425e+00 -3.98670375e-01
    8.74816656e-01 7.77207136e-01 7.52983809e-01 -1.93942815e-01
    -5.53164899e-01 9.19139445e-01 7.51165748e-02 1.14076018e+00
    -2.36604691e-01 2.02832818e-02 1.31673682e+00 8.80949497e-01
    -3.72496128e-01 7.22448647e-01 1.35264540e+00 7.65128732e-02
    -3.98439705e-01 1.12117231e+00 7.19181895e-02 6.84738457e-01
    1.37966824e+00 -3.64422321e-01 1.39847445e+00 6.57815218e-01
    4.65929925e-01 1.05236006e+00 9.52089190e-01 8.14574778e-01
    1.21667588e+00 1.42939782e+00 3.40135217e-01 -5.45976877e-01
    9.31048512e-01 5.29596984e-01 1.27260232e+00 1.02709365e+00
    5.80516458e-01 1.03108644e+00 3.54395926e-01 8.16488326e-01
    6.81665123e-01 1.24106848e+00 9.04253840e-01 -4.08220887e-02
    2.80126750e-01 -5.89536250e-01 9.25191045e-02 1.20933914e+00
    6.86727166e-01 3.92257035e-01 -1.44447029e-01 1.54331899e+00
    -1.92589879e-01 9.34861362e-01 1.52393270e+00 4.53329086e-03
    6.88203871e-01 -2.68055439e-01 4.72785175e-01 7.46826410e-01
    9.89482641e-01 -1.41564608e-02 -4.55280602e-01 1.24613810e+00
    6.32198215e-01 4.92760718e-01 1.36995232e+00 4.72017109e-01
    3.84501159e-01 1.03905129e+00 -1.90750390e-01 -4.58489597e-01
    1.53767133e+00 8.83889139e-01 8.54947805e-01 1.43549407e+00
    1.60889238e-01 1.53114605e+00 -3.74256670e-01 8.63890946e-01
    1.11789656e+00 -3.82616311e-01 1.24198830e+00 1.43942702e+00
    1.29518628e+00 -3.79839003e-01 6.31065190e-01 3.68373573e-01
    5.17618120e-01 3.72181535e-02 1.39855433e+00 1.02056599e+00
    2.44282246e-01 -5.07942319e-01 1.30627000e+00 -4.87631857e-01
    1.33561671e-01 4.28871810e-01 9.22769785e-01 7.96798110e-01
    -3.50768328e-01 1.32575524e+00 -3.19335759e-01 1.31355596e+00
    1.17834604e+00 1.29287827e+00 -1.71477973e-01 1.41866350e+00
    -2.77919829e-01 5.75125873e-01 -2.58029580e-01 1.31305158e+00
    5.76262772e-01 -3.35438460e-01 1.30602467e+00 5.80916703e-01
    -3.77213955e-03 1.24769151e-01 5.80709279e-02 6.77149534e-01
    -2.85621196e-01 1.45811856e+00 1.06699002e+00 6.42678618e-01
    2.74487317e-01 -1.48272693e-01 7.89157152e-01 4.70411897e-01
    4.93499696e-01 -4.28459108e-01 1.19062805e+00 9.05621648e-01
    5.59034586e-01 3.81792039e-01 2.11317629e-01 -1.24125481e-01
    8.42449963e-01 4.56830204e-01 5.11174798e-02 2.18177855e-01
    -3.03081930e-01 2.16059983e-01 1.23715377e+00 1.45649171e+00
    1.11824322e+00 4.91448879e-01 6.03585899e-01 1.00463462e+00
    1.36412525e+00 7.79917717e-01 -1.34344697e-01 2.34691262e-01
    5.91697216e-01 9.45722461e-01 1.43141818e+00 -3.35331917e-01
    2.78658748e-01 4.04233754e-01 1.50630891e-01 -3.69955152e-01
    1.54779220e+00 3.39987934e-01 3.06636989e-01 -2.07764462e-01
    4.23325330e-01 5.84774911e-02 1.51010895e+00 -4.09512311e-01
    3.59731436e-01 1.75430775e-01 1.07932544e+00 1.13645267e+00
    2.85012722e-02 5.01621366e-01 3.83549929e-03 1.02114737e+00
    4.69736397e-01 7.33289778e-01 -2.29087949e-01 6.44885421e-01
    3.32822859e-01 1.43841588e+00 9.75409627e-01 4.96346593e-01
    -4.21917707e-01 6.46730244e-01 2.60621309e-01 -4.21188384e-01
    2.28393048e-01 9.72165346e-01 -4.84467149e-01 1.50338233e+00
    8.46071482e-01 5.65479398e-01 1.31302249e+00 1.50067282e+00
    1.34067059e-01 6.56742334e-01 -2.10786641e-01 -2.63778448e-01
    1.02470303e+00 4.73112464e-02 4.32194710e-01 1.18127096e+00
    1.57383060e+00 -3.46686810e-01 6.97179317e-01 -2.75012851e-03
    1.16388083e+00 1.53375554e+00 9.14573252e-01 2.75220215e-01
    -8.58136714e-02 -3.53041142e-01 -2.06467062e-01 1.07751036e+00
    -4.19292152e-01 5.42418361e-01 4.30679977e-01 6.45539761e-01
    1.69329822e-01 1.44557285e+00 -1.68392569e-01 3.34152102e-01
    5.77462733e-01 -4.59134132e-01 1.43350422e-01 1.28980494e+00
    -8.07717741e-02 3.13269973e-01 4.25243765e-01 8.57994556e-01
    8.99213254e-01 1.36073351e+00 5.62813818e-01 -4.37385052e-01
    7.72355378e-01 -1.80798769e-03 -9.41867530e-02 5.55824161e-01
    1.23440790e+00 3.91605914e-01 3.15916479e-01 8.85901153e-01
    -5.31690061e-01 1.30105543e+00 1.56332254e+00 -3.68336439e-02
    5.21397233e-01 7.53611207e-01 4.16447103e-01 5.10351002e-01
    5.01952767e-01 7.89020777e-01 5.79808235e-01 4.16968852e-01
    1.32942247e+00 1.08567441e+00 2.58927137e-01 1.26844382e+00
    -3.57510448e-01 9.23157752e-01 4.25251245e-01 1.31492019e+00
    1.01952374e+00 7.20990062e-01 4.07619953e-01 2.15146065e-01
    1.45331144e+00 2.07340896e-01 4.72907811e-01 5.99830449e-01
    7.37263262e-01 1.42106974e+00 -5.61294019e-01 7.86011279e-01
    4.28851902e-01 5.61248839e-01 1.35508049e+00 -1.17929012e-01
    -1.63826644e-01 4.68679965e-02 1.27999210e+00 -2.32278734e-01
    3.62873673e-01 -1.85204059e-01 -2.01136172e-01 1.42920804e+00
    1.16419256e-01 1.12099957e+00 1.29073238e+00 1.47591853e+00
    -3.81089538e-01 8.67128372e-02 1.29063129e+00 3.49620938e-01
    3.75796080e-01 -1.78254902e-01 1.16364598e-01 1.25711656e+00
    -2.18680948e-01 1.24217403e+00 -2.62293488e-01 3.74146700e-01
    1.89605474e-01 -7.52868652e-02 1.56411242e+00 1.02949548e+00
    4.28106487e-01 1.17822969e+00 -2.33490169e-01 1.25423563e+00
    1.20433819e+00 1.66760921e-01 -2.67008185e-01 1.19141603e+00
    1.10361195e+00 7.16359377e-01 -5.58521152e-02 -1.01981997e-01
    -3.19077969e-02 7.20819950e-01 9.10586119e-02 -3.63195747e-01
    -1.84791386e-01 -1.48255438e-01 8.60166967e-01 1.06778145e+00
    -5.59272468e-02 1.12307322e+00 1.29542887e+00 -1.02307141e-01
    1.38731956e-01 4.03878987e-01 2.41446733e-01 2.78227508e-01
    1.16576767e+00 -3.14739704e-01 4.24105644e-01 4.63416040e-01
    1.09400630e+00 1.64747179e-01 1.41103792e+00 2.70151675e-01
    -3.75958502e-01 -3.89987707e-01 2.41105974e-01 1.12570405e+00
    1.25340581e+00 6.74937010e-01 1.37559068e+00 3.08734059e-01
    -1.32048130e-02 1.15820813e+00 7.62207687e-01 -4.90977705e-01
    1.17515993e+00 6.70264423e-01 -3.38078797e-01 -8.26102495e-02
    2.72705317e-01 -4.94754642e-01 9.36606407e-01 1.53306031e+00
    -4.59878445e-01 1.10725045e-01 1.05720615e+00 1.45604217e+00
    3.33046019e-01 8.31539452e-01 9.90171790e-01 5.15017807e-01
    -5.11428595e-01 1.23095071e+00 -1.55208915e-01 -3.97767961e-01
    6.21411562e-01 1.36116838e+00 1.10703266e+00 1.28058958e+00
    2.13982999e-01 8.04292500e-01 9.62301314e-01 3.04589868e-01
    1.06254601e+00 7.42048025e-03 -3.03002417e-01 -4.22849506e-01
    -4.54821378e-01 -4.50354338e-01 6.28619194e-02 4.56006289e-01
    1.98606908e-01 8.97551477e-01 1.35381389e+00 4.50439334e-01
    9.58885014e-01 6.61816597e-01 1.18975329e+00 -9.48770642e-02
    1.38633740e+00 -5.00773907e-01 1.14753985e+00 4.67355192e-01
    7.65269041e-01 1.02898693e+00 1.27464879e+00 -4.49994236e-01
    -5.34964204e-02 1.09260392e+00 9.52042758e-01 1.40441358e-01
    1.35789323e+00 -9.21618342e-02 1.43769228e+00 2.26007640e-01
    1.08463132e+00 2.61376441e-01 5.93152165e-01 1.07969904e+00
    6.85642242e-01 9.54217851e-01 1.51171708e+00 9.99590218e-01
    1.43459129e+00 5.64208865e-01 2.22275436e-01 -4.63568985e-01
    1.84825510e-01 6.30894303e-01 8.25206101e-01 6.37215495e-01
    9.51502442e-01 2.14240551e-02 -7.12016225e-02 5.00598311e-01
    9.32544529e-01 -1.51087880e-01 1.37335241e+00 -1.58562213e-01
    -1.80832297e-01 -3.79662156e-01 1.43996048e+00 3.12805712e-01
    1.45332122e+00 9.68257308e-01 -2.21821427e-01 1.05249548e+00
    9.57886100e-01 -2.51205564e-01 -1.06222838e-01 1.83800280e-01
    9.55560744e-01 3.31939876e-01 1.52429199e+00 9.91729796e-02
    1.36212504e+00 -1.39763266e-01 2.61326283e-01 3.15042734e-01
    4.66551661e-01 7.44762480e-01 1.32974374e+00 4.47897315e-01
    7.60841489e-01 -1.58739954e-01 3.88569295e-01 -8.32739472e-02
    1.38613522e+00 1.01721215e+00 1.44466519e+00 1.49487340e+00
    1.44362867e-01 8.32305849e-01 1.35292590e+00 9.62380528e-01
    1.28388214e+00 1.12166011e+00 -2.10599124e-01 1.09002769e+00
    1.41151190e+00 7.88649619e-01 1.10998869e+00 9.76325989e-01
    8.71533155e-01 1.27096248e+00 5.90011120e-01 -2.11735636e-01
    8.96260619e-01 1.32725835e-02 5.75441718e-01 8.98495495e-01
    -2.91712821e-01 1.24016583e-01 4.97886777e-01 1.46957755e+00
    7.96298027e-01 -5.93644083e-02 1.25720811e+00 1.54190838e+00
    1.63410842e-01 7.09864378e-01 1.22262156e+00 -2.09553689e-01
    1.27734911e+00 1.51594770e+00 2.37287879e-01 -1.71439737e-01
    1.31844252e-01 1.92343324e-01 1.02437222e+00 3.42482626e-02
    -2.99878836e-01 -4.26465034e-01 5.47927618e-01 1.83082640e-01
    1.28491211e+00 1.38992286e+00 4.79061782e-01 1.15641570e+00
    3.63917351e-01 1.90848470e-01 -4.81388271e-02 1.46010518e+00
    -2.46400088e-01 2.68455625e-01 2.25530863e-02 2.83929050e-01
    -3.27637553e-01 1.00577211e+00 1.00961804e+00 6.44834578e-01
    -1.05500817e-02 1.12990427e+00 1.10069954e+00 2.23298669e-02
    -1.55212283e-01 1.06451011e+00 6.92233384e-01 -2.61961222e-01
    9.30806577e-01 7.13128805e-01 1.02026534e+00 9.49536264e-01
    1.05222917e+00 -5.43148398e-01 1.03030360e+00 5.12329996e-01
    9.12375331e-01 -1.92621827e-01 1.12630677e+00 1.36635256e+00
    5.00762820e-01 -2.39561111e-01 4.03770685e-01 -4.56557870e-02
    1.32074857e+00 4.43293810e-01 6.65031552e-01 7.64806390e-01
    3.70858014e-01 -2.21570075e-01 -2.44061172e-01 -2.79817462e-01
    5.09951591e-01 -3.08967859e-01 -3.86276871e-01 3.79184186e-01
    -2.79486537e-01 -6.31607473e-02 -4.67838198e-01 -7.27182627e-03
    -2.86250681e-01 7.85732031e-01 1.12040019e+00 9.19143140e-01
    5.11583924e-01 9.82065320e-01 6.94496036e-01 2.90555120e-01
    -2.60911793e-01 1.51173651e+00 6.25400126e-01 1.27438545e-01
    8.38476598e-01 1.62296891e-01 1.20165992e+00 -1.72528297e-01
    1.12582803e+00 4.31398451e-01 1.03054214e+00 9.37538147e-02
    9.75022376e-01 8.02015662e-01 1.25230956e+00 1.23603570e+00
    9.94696617e-01 1.33995914e+00 4.25329506e-01 3.58879566e-03
    1.29215598e+00 -1.03032917e-01 -4.75608885e-01 -5.17636538e-02
    1.44935513e+00 -2.16375828e-01 1.22700381e+00 1.11429095e+00
    9.75513875e-01 -2.15719700e-01 1.22636032e+00 9.97702360e-01
    5.74087501e-02 1.31104541e+00 4.87367898e-01 7.24957705e-01
    7.41888285e-02 -2.69505501e-01 5.20730913e-01 -1.36606187e-01
    6.10035956e-02 2.67018795e-01 7.15444982e-02 3.89484107e-01
    -2.81282276e-01 1.00272965e+00 9.89916861e-01 3.09433877e-01
    8.90209317e-01 9.15301144e-01 3.08716297e-02 1.49828911e-01
    -2.74309248e-01 1.13026834e+00 -1.18889838e-01 3.05417359e-01
    1.04639757e+00 8.14347327e-01 1.03208077e+00 1.43719196e+00
    1.04989409e+00 6.80111289e-01 1.36932254e+00 1.09932983e+00
    1.29640222e+00 1.39574873e+00 -3.60672235e-01 1.00042272e+00
    4.22887087e-01 2.69823194e-01 9.65635657e-01 1.45259702e+00
    1.78674042e-01 6.15210652e-01 -4.03292924e-01 8.18050981e-01
    -5.04875600e-01 9.02052045e-01 -1.77020580e-01 2.04704940e-01
    1.23514938e+00 -4.62884843e-01 9.82403278e-01 1.37307751e+00
    3.50550115e-01 -1.97061598e-01 1.48697197e-01 -4.49296087e-01
    7.29770839e-01 5.20893037e-01 1.60669446e-01 -2.24938631e-01
    6.50167465e-01 -4.88140285e-01 1.64294422e-01 1.21385670e+00
    3.27486813e-01 -2.44308889e-01 -4.92728353e-02 5.85383117e-01
    5.24968982e-01 8.45112741e-01 -2.62212276e-01 6.35031283e-01
    -4.22323376e-01 5.59785485e-01 1.74865603e-01 1.18704116e+00
    -1.33394450e-01 4.68636841e-01 3.39950114e-01 -8.95667672e-02
    8.79095793e-01 5.44139028e-01 3.49736810e-02 9.23869729e-01
    6.96547925e-01 8.10048103e-01 1.15313125e+00 4.51614678e-01
    -5.98750114e-02 1.29590321e+00 -1.43753290e-02 8.52801740e-01
    2.14443684e-01 -1.62434578e-02 5.01052737e-02 1.48419595e+00
    -4.28193063e-01 8.17655206e-01 1.36297846e+00 1.56934053e-01
    1.12586391e+00 5.85174322e-01 -1.51600063e-01 4.10636872e-01
    1.23720241e+00 -5.14316738e-01 7.26866007e-01 1.11420810e-01
    1.29706979e-01 4.39546645e-01 -3.98280740e-01 8.20253134e-01
    8.27858806e-01 6.58714771e-01 5.52302361e-01 7.62333691e-01
    4.03204024e-01 -1.20731264e-01 -2.18374074e-01 9.78130698e-01
    1.98774517e-01 4.86952662e-02 4.62119102e-01 -3.81801963e-01
    3.17118257e-01 1.12365794e+00 -1.67850375e-01 1.39766693e+00
    2.18344033e-01 1.14098907e-01 4.62525725e-01 1.37551367e+00
    -4.67035770e-01 -4.82268929e-01 1.73118830e-01 6.73138857e-01
    -2.42705032e-01 5.50969243e-01 6.19233251e-01 9.37969804e-01
    -4.90100980e-01 6.66815281e-01 5.46843886e-01 7.75161862e-01
    6.74019277e-01 -1.02400064e-01 1.45111728e+00 -3.67709517e-01
    1.45180559e+00 4.49983776e-02 1.52311623e-01 3.44637156e-01
    1.06722116e+00 1.27926064e+00 4.75191772e-02 1.46220636e+00
    -3.29672456e-01 2.44012535e-01 3.80164444e-01 -5.46410382e-02
    -3.04700732e-02 1.35479021e+00 6.49484336e-01 9.95860338e-01
    -4.58892226e-01 5.32476127e-01 -4.87449467e-02 1.20271826e+00
    -3.94277334e-01 6.12050295e-03 1.04497302e+00 6.59272432e-01
    1.27305019e+00 1.24571300e+00 7.38219500e-01 9.45642173e-01
    1.24550915e+00 3.44848156e-01 1.04530251e+00 -6.19794011e-01
    7.01833606e-01 3.03044140e-01 8.99352908e-01 4.22096491e-01
    1.42129183e-01 9.54738736e-01 6.57757521e-01 -3.98517638e-01
    5.14250398e-02 9.75730598e-01 -3.46517295e-01 1.00409341e+00
    2.72809327e-01 2.78648436e-01 5.32292962e-01 1.04034209e+00
    1.84952319e-01 2.96848178e-01 1.28632998e+00 -5.25995791e-02
    2.35799611e-01 1.24253857e+00 6.99993134e-01 5.29467821e-01
    2.07661867e-01 -2.19814420e-01 1.19091380e+00 -7.47087896e-02
    1.06988025e+00 8.52168143e-01 -3.46595943e-02 1.10359144e+00
    1.08073342e+00 1.17612672e+00 5.32135785e-01 5.57515562e-01
    8.88046741e-01 1.53700900e+00 3.34203839e-02 5.43311357e-01
    5.15525937e-02 1.04059148e+00 4.25709844e-01 3.80186141e-01
    1.46025550e+00 -2.14754790e-01 1.21929622e+00 7.86628008e-01
    1.96728885e-01 1.93866402e-01 1.32076085e-01 3.79000276e-01
    8.56701493e-01 1.74370885e-01 1.20358086e+00 1.48095894e+00
    2.57757187e-01 -5.07324278e-01 -4.99134660e-02 -5.45659363e-01
    1.03418517e+00 1.16228890e+00 6.96772099e-01 -8.96110833e-02
    2.51786530e-01 1.21470439e+00 1.28694248e+00 -2.82387078e-01
    1.18059850e+00 -3.60003263e-01 8.74005497e-01 9.16965306e-01
    1.24257493e+00 1.47359276e+00 7.31360376e-01 7.79466689e-01
    5.63962281e-01 6.03772521e-01 -2.53181279e-01 8.93309712e-01
    -2.84133792e-01 6.93878055e-01 -3.63289654e-01 4.99318540e-01
    -8.19780827e-02 1.04123354e+00 5.81986904e-02 1.44727921e+00
    -2.41763890e-01 2.23438263e-01 1.45342064e+00 6.21939778e-01
    7.44972348e-01 1.33165979e+00 -1.23828679e-01 9.68943834e-01
    -3.51107001e-01 1.39886522e+00 -2.89882362e-01 6.97973847e-01
    -3.80524755e-01 1.93699956e-01 5.97624779e-02 2.87785828e-01
    -1.78066552e-01 -1.02148086e-01 1.29626179e+00 1.11865830e+00
    1.33573449e+00 1.26624429e+00 8.87051523e-01 1.30119908e+00
    7.40838289e-01 -1.36307061e-01 1.27605629e+00 1.05730152e+00
    -1.51951998e-01 3.42039764e-02 -1.46086723e-01 9.93858576e-02
    8.64068449e-01 -2.16049612e-01 -4.28883433e-02 6.86820626e-01
    -5.99229693e-01 7.86057830e-01 1.23322034e+00 1.25876021e+00
    1.49496973e-01 6.63094938e-01 1.39050102e+00 1.12132812e+00
    7.20559597e-01 -2.22360104e-01 1.11112595e-01 3.19654822e-01
    8.46611738e-01 -2.39155501e-01 1.59335107e-01 4.94837224e-01
    6.74757361e-02 5.23420691e-01 8.11442316e-01 1.18422043e+00
    -4.72765565e-02 1.20603371e+00 1.34342206e+00 1.03253067e+00
    7.06525207e-01 -1.02347672e-01 -3.31713617e-01 7.76755810e-03
    7.01278746e-01 5.72214723e-02 -1.82963610e-01 1.35194373e+00
    -6.23581707e-02 7.47971535e-02 -5.24180472e-01 1.20195842e+00
    1.32359147e+00 2.52105057e-01 1.22185731e+00 -6.48037195e-02
    1.65520012e-01 -2.07406640e-01 1.90406263e-01 4.12766933e-02
    2.92804182e-01 1.31866693e+00 9.63497937e-01 3.33306193e-01
    -4.63910431e-01 2.30988473e-01 -5.02610147e-01 4.83927131e-02
    -3.10167760e-01 1.34444743e-01 -3.34450662e-01 6.20600939e-01
    1.48085594e+00 -3.10041040e-01 1.09154069e+00 8.65783453e-01
    1.37152088e+00 -3.07818413e-01 4.90288258e-01 1.33944058e+00
    1.84326649e-01 1.53009295e-02 -3.32916707e-01 2.30056643e-01
    6.53567076e-01 2.23849297e-01 1.48047090e-01 4.97385979e-01
    1.63642943e-01 -2.07922727e-01 1.12646747e+00 5.81456900e-01
    5.81103563e-01 3.37477148e-01 -2.36640722e-01 9.60887372e-01
    -3.88013899e-01 9.39546645e-01 -3.44116986e-01 8.27118576e-01
    1.35693491e+00 8.14343154e-01 7.27872252e-02 -1.01265609e-02
    -2.96917558e-01 1.17940545e+00 6.78105950e-01 7.76691377e-01
    2.09433138e-01 -4.90749151e-01 -3.51048768e-01 -4.40648079e-01
    1.10861361e+00 -3.61143976e-01 4.94442701e-01 3.52305502e-01
    4.08714741e-01 7.73903072e-01 5.88754535e-01 1.20194197e+00
    -1.85899124e-01 -2.27782145e-01 -3.43387246e-01 1.03561544e+00
    -7.80701935e-02 1.35501575e+00 6.90773308e-01 7.12131798e-01
    -2.59618312e-01 -5.61214983e-01 1.33063030e+00 1.30879021e+00
    2.37532437e-01 1.31602967e+00 9.06805158e-01 -4.62446958e-01
    1.00443155e-01 6.29589915e-01 1.33418632e+00 1.33136225e+00
    2.98691213e-01 6.18817806e-02 1.36193109e+00 -2.42740512e-02
    9.65295553e-01 8.53464603e-01 1.41030359e+00 5.51976383e-01
    1.34704638e+00 6.21409476e-01 6.12247944e-01 2.81516552e-01
    -1.40948325e-01 7.83091247e-01 -4.20814157e-01 -3.97737682e-01
    1.53520322e+00 8.34773064e-01 1.02286553e+00 -3.95247638e-01
    7.10033000e-01 5.25157750e-01 5.75053453e-01 -2.42613301e-01
    1.33558249e+00 -1.61639929e-01 1.34936762e+00 -1.96992248e-01
    1.39276123e+00 8.85984123e-01 -3.87757450e-01 -1.88291401e-01
    -4.17450428e-01 9.43657279e-01 4.73609716e-01 1.55898499e+00
    1.26051217e-01 -2.71956921e-02 1.15569949e-01 -3.65081698e-01
    1.55127358e+00 1.38059556e-01 1.44615924e+00 -3.35607767e-01
    1.54898489e+00 4.89626914e-01 1.41634750e+00 2.88693964e-01
    8.60116124e-01 2.09167600e-01 5.40255487e-01 1.40268970e+00
    5.63952506e-01 -5.24757266e-01 9.26358998e-01 -2.42096424e-01
    5.41793346e-01 -2.71751642e-01 7.21799731e-01 5.89539886e-01
    4.06821549e-01 -2.15736896e-01 4.77062225e-01 6.74888551e-01
    -1.77201241e-01 2.43527472e-01 3.42799604e-01 4.24115121e-01
    3.87437224e-01 3.96456361e-01 1.24887276e+00 1.12658215e+00
    -1.19805574e-01 1.27899957e+00 2.26672292e-02 1.56704545e-01
    2.55298615e-01 -1.09067738e-01 1.13205802e+00 8.68487537e-01
    -9.41616893e-02 7.35339582e-01 -4.69754577e-01 1.14527655e+00
    -1.34504527e-01 4.78083491e-01 1.48989880e+00 -1.47323132e-01
    3.00617933e-01 3.05423826e-01 -3.67189199e-01 -2.73113668e-01
    5.89033604e-01 7.45046496e-01 2.33372450e-02 1.32317758e+00
    4.43743050e-01 7.94022799e-01 4.60306674e-01 -3.29317808e-01
    2.52175122e-01 -1.54121131e-01 9.45310354e-01 2.77846873e-01
    1.05229509e+00 1.44151378e+00 -4.06430990e-01 1.07298779e+00
    1.18466532e+00 5.76604545e-01 2.37312496e-01 8.90027940e-01
    -2.28398025e-01 -1.87782288e-01 -3.39823693e-01 -1.72690988e-01
    -7.22533464e-02 5.20336807e-01 1.13650107e+00 5.31598926e-01
    5.83076358e-01 6.12035751e-01 3.26638341e-01 7.16168165e-01
    1.13568723e-01 -2.72599041e-01 1.31898475e+00 1.36378443e+00
    3.97825420e-01 1.42326379e+00 3.55109870e-02 5.49945593e-01
    3.41267467e-01 1.24453723e+00 8.41772974e-01 3.64018142e-01
    1.35492277e+00 7.90004492e-01 6.15066290e-03 9.86537337e-01
    -5.13886929e-01 1.33325863e+00 8.56668293e-01 1.25717616e+00
    1.64984614e-01 1.27964425e+00 9.01927948e-01 1.23353410e+00
    4.15700674e-01 -1.42044276e-01 1.30057514e+00 9.26769853e-01
    1.39818263e+00 2.94960201e-01 1.16076517e+00 -1.38254583e-01
    9.77482677e-01 7.64231443e-01 1.31598544e+00 4.93455410e-01
    7.47133851e-01 6.81485236e-02 -1.88691825e-01 1.23253846e+00
    1.13975883e+00 8.65451753e-01 1.30041957e+00 2.70300806e-01
    9.44961667e-01 1.19698453e+00 1.06913280e+00 1.92927361e-01
    -9.80964601e-02 7.38721490e-01 1.48998439e+00 -9.80595350e-02
    3.35907698e-01 4.39217508e-01 8.15684915e-01 -2.40824103e-01
    4.37378287e-01 5.94974160e-02 8.00156713e-01 8.40511680e-01
    8.38562906e-01 1.12600541e+00 1.31932044e+00 3.70159835e-01
    -4.43669796e-01 8.87076080e-01 1.39943600e-01 2.13323236e-01
    1.04218554e+00 1.33016157e+00 8.96829188e-01 6.29062057e-02
    1.76132023e-01 8.95778537e-01 1.44070125e+00 9.32591736e-01
    -2.67446041e-01 8.08975279e-01 1.09582692e-01 -2.42851570e-01
    5.35578251e-01 1.31422615e+00 -2.77029932e-01 1.17773831e-01
    1.49518573e+00 -4.73074347e-01 1.16852152e+00 -4.66147959e-01
    6.86793029e-01 5.99809885e-01 1.36976480e+00 2.92011797e-01
    1.25868022e-01 9.38218474e-01 -3.74386191e-01 1.04344714e+00
    6.48402274e-01 1.34595263e+00 1.26429796e+00 -5.22542298e-02
    7.34902024e-01 1.57053137e+00 9.38517094e-01 1.07393169e+00
    1.27088380e+00 -2.26763189e-01 -2.65991598e-01 -3.45576495e-01
    1.28092289e+00 -1.01749122e-01 3.81730497e-01 3.81705195e-01
    9.37985182e-01 -4.79808778e-01 1.26500320e+00 7.85110891e-01
    1.25469077e+00 4.91221249e-01 1.08025849e-01 8.97847235e-01
    9.48200405e-01 -4.63674217e-01 1.45012569e+00 1.45113742e+00
    1.82265759e-01 -5.49099803e-01 7.31427014e-01 1.03841555e+00
    2.16222227e-01 4.00367975e-01 9.53206062e-01 -2.28638709e-01
    1.27133179e+00 -4.60297406e-01 8.41639042e-02 1.09005606e+00
    -3.83805841e-01 1.12583709e+00 3.55332494e-01 1.23204887e-01
    8.41151893e-01 1.30740297e+00 9.72492814e-01 1.27482426e+00
    1.34011936e+00 5.60446858e-01 2.22223997e-02 7.92395949e-01
    6.60979509e-01 -9.14904773e-02 5.93527138e-01 2.51274198e-01
    1.46430588e+00 -2.22778797e-01 9.05677378e-02 -3.14840794e-01
    1.18985391e+00 -1.81611180e-02 5.42942166e-01 4.75464940e-01
    -1.00469828e-01 9.68389630e-01 2.24763751e-02 9.32805717e-01
    1.32538581e+00 1.47996020e+00 -4.01172936e-02 1.40255213e+00
    3.34406495e-01 -3.71428132e-02 7.35416412e-02 6.94711804e-01
    -4.24199164e-01 1.31977034e+00 2.64941573e-01 -4.81192946e-01
    -4.06322211e-01 4.96275425e-02 4.19433534e-01 2.06718743e-01
    1.21247292e+00 -1.25282943e-01 7.57766187e-01 9.08387005e-01
    9.80583787e-01 4.20467794e-01 4.94549155e-01 1.13897967e+00
    -8.14875662e-02 9.50170457e-01 1.65236086e-01 -1.91745907e-01
    6.00403011e-01 -1.81147903e-01 8.47593784e-01 1.21956849e+00
    -4.76674080e-01 1.35429084e-01 9.14872885e-01 1.22380447e+00
    9.79750216e-01 -5.49710453e-01 1.17022657e+00 9.76486027e-01
    1.93305254e-01 -3.11605185e-01 9.81017411e-01 1.46075952e+00
    -2.84862041e-01 -1.72370136e-01 1.24922740e+00 6.71151519e-01
    2.49608874e-01 -4.04478610e-01 5.67289829e-01 -3.62302899e-01
    9.15742159e-01 6.10639572e-01 3.41465324e-01 5.89746118e-01
    9.59584773e-01 1.50151587e+00 -3.18787366e-01 8.73716474e-02
    1.53460670e+00 7.69456625e-02 7.91043699e-01 6.67700410e-01
    1.26605964e+00 2.91731954e-02 -3.39072347e-01 -3.27685177e-02
    1.02044511e+00 -4.43040788e-01 6.11710072e-01 1.06022215e+00
    -3.37748736e-01 1.46532118e+00 6.02394879e-01 -8.59532058e-02
    5.16148210e-01 -9.80367959e-02 1.47150546e-01 7.05628514e-01
    1.48404562e+00 2.03224778e-01 1.15070343e-02 1.15598607e+00
    1.26833606e+00 2.55165160e-01 -4.19425160e-01 9.00496721e-01
    7.33931065e-01 -5.17489314e-01 1.38552523e+00 -7.32614696e-02
    1.19222939e-01 -4.11381066e-01 -1.88971758e-01 9.33664441e-01
    3.53801727e-01 -4.57165718e-01 1.24638414e+00 8.63645196e-01
    -1.55689210e-01 1.43974376e+00 -5.28113246e-01 1.25788116e+00
    1.15027428e-01 1.18892312e+00 1.02989173e+00 -4.00163531e-02
    -1.33752197e-01 3.69338870e-01 2.89139628e-01 1.24535763e+00
    -2.80366361e-01 -1.61016315e-01 6.83954179e-01 3.52752745e-01
    -1.91399366e-01 -3.38156700e-01 1.35392475e+00 1.39003587e+00
    -1.57652557e-01 -5.18749058e-01 -3.21843386e-01 5.30572414e-01
    6.04971647e-01 -1.78906620e-01 1.16337729e+00 -4.93316114e-01
    9.26453114e-01 -1.85675919e-01 2.01391459e-01 6.78391933e-01
    1.96699321e-01 5.43455482e-02 -3.20286065e-01 9.72646713e-01
    2.55489528e-01 9.82166409e-01 1.27558279e+00 1.11884892e+00
    -4.24236447e-01 6.03119254e-01 1.54437816e+00 -2.89296299e-01
    1.35427928e+00 -4.55647528e-01 1.29474854e+00 -2.30866313e-01
    3.82255852e-01 1.53384495e+00 8.98260415e-01 5.40327966e-01
    1.16922736e-01 -1.78040832e-01 1.16897583e+00 5.58130860e-01
    8.33609343e-01 -3.02814722e-01 1.10472393e+00 1.23781562e-02
    2.20398545e-01 8.18960786e-01 1.18929076e+00 5.87583184e-02
    -3.73579353e-01 2.87329137e-01 1.16447783e+00 1.04955029e+00
    8.75733018e-01 -1.59410059e-01 7.10970998e-01 9.52703536e-01
    5.01895428e-01 9.07394707e-01 3.35229993e-01 1.05199170e+00
    6.62894249e-01 -3.32518220e-02 1.97208285e-01 6.86465383e-01
    5.07816911e-01 1.28065658e+00 -1.93496585e-01 -1.31074786e-02
    -1.61395639e-01 4.14350450e-01 -1.25778913e-02 -3.37202311e-01
    1.33060575e+00 8.24790597e-02 1.08241916e+00 -3.56434047e-01
    -4.59183812e-01 -4.99445885e-01 1.08844745e+00 4.53996062e-01
    9.42795932e-01 1.61015332e-01 -4.77346808e-01 -2.37497628e-01
    1.15161777e+00 -1.77112132e-01 3.07201475e-01 4.71091121e-01
    1.28020859e+00 1.30417526e+00 1.04934883e+00 5.74980795e-01
    1.16885316e+00 -1.85095161e-01 8.12658548e-01 6.06056690e-01
    1.37873459e+00 7.14035571e-01 -3.55006754e-01 -3.23647261e-03
    1.15777874e+00 4.88705158e-01 1.34948254e+00 3.48744333e-01
    2.72709191e-01 1.21652901e-01 -2.18804568e-01 7.88807631e-01
    -2.53395975e-01 2.10840613e-01 -3.88632059e-01 7.47358680e-01
    1.03843778e-01 6.56613827e-01 -1.13517046e-03 5.05742729e-01
    -5.22379875e-01 8.50158453e-01 1.00874400e+00 -1.95481151e-01
    1.48092449e-01 -1.18302256e-01 1.39945245e+00 4.83321309e-01
    1.32567620e+00 -1.79621279e-02 -5.14070213e-01 1.45463371e+00
    4.56815630e-01 3.57982785e-01 -4.36047137e-01 1.20201325e+00
    4.00574267e-01 1.19863129e+00 1.08767092e-01 5.25366902e-01
    5.98568380e-01 -1.15461320e-01 7.43716955e-02 7.83572972e-01
    -1.66040599e-01 8.94058943e-02 6.82879806e-01 5.00368059e-01
    -4.72425669e-01 9.96284306e-01 2.10162103e-01 1.33472753e+00
    1.81781054e-02 1.50833869e+00 3.03806245e-01 1.23959363e-01
    -4.61506844e-01 2.17472434e-01 9.63429868e-01 4.65380430e-01
    2.43827701e-02 1.53652906e-01 9.00993526e-01 6.32262588e-01
    1.18424451e+00 8.70644748e-01 4.88435626e-01 5.95350862e-02
    7.96100020e-01 8.49955618e-01 1.01903224e+00 7.58139253e-01
    2.31282741e-01 -8.66978467e-02 1.24950516e+00 1.28102803e+00
    1.66519403e-01 1.16596413e+00 8.65904987e-01 -1.06137365e-01
    5.47276556e-01 1.40382540e+00 9.65626359e-01 1.32140684e+00
    1.20004725e+00 8.37324321e-01 -3.49451184e-01 2.75524944e-01
    1.63439739e+00 -6.81809783e-02 1.98279083e-01 7.60919392e-01
    1.46049333e+00 -3.89302969e-02 4.32583123e-01 -3.31005007e-01
    7.13155031e-01 5.33720255e-02 6.00420356e-01 1.05618954e+00
    -4.71148014e-01 1.64139360e-01 3.87838840e-01 5.94614923e-01
    1.45162106e+00 6.37931347e-01 8.85376096e-01 3.14929962e-01
    -5.16458690e-01 1.25340462e+00 -7.05579519e-02 6.41573191e-01
    3.60668272e-01 3.21412444e-01 4.21345711e-01 5.69274724e-02
    1.12172627e+00 8.96465480e-02 3.11145067e-01 5.30871570e-01
    6.81579947e-01 1.28416717e-01 -5.06627619e-01 1.31536770e+00
    7.67160654e-02 -3.99954766e-01 1.24694967e+00 -4.13224936e-01
    3.03425312e-01 5.22948563e-01 2.42991626e-01 1.50904632e+00
    6.99487686e-01 -4.27040040e-01 -3.61926615e-01 1.51779127e+00
    6.56005442e-02 8.98798764e-01 1.52179742e+00 1.50000381e+00
    9.12708700e-01 -4.97675925e-01 2.31182694e-01 1.28355503e+00
    1.22125483e+00 5.17366529e-01 -4.63832200e-01 3.87443244e-01
    -2.43587941e-01 -2.23736346e-01 1.08902884e+00 1.33562994e+00
    1.05618286e+00 -5.49326003e-01 3.52094829e-01 5.75282156e-01
    8.02229285e-01 -4.45841849e-01 4.94464755e-01 3.53659064e-01
    -4.86069173e-01 3.48583698e-01 9.84666407e-01 1.51000202e+00
    1.17725205e+00 -2.76691824e-01 4.35700357e-01 1.38139367e+00
    1.39015222e+00 1.16169262e+00 1.06657553e+00 2.03465700e-01
    9.37088132e-01 1.10048342e+00 6.39359295e-01 -2.89015353e-01
    7.50163198e-02 1.29255998e+00 6.19579494e-01 9.12917852e-01
    7.01616406e-01 -4.20686543e-01 -4.33650285e-01 9.82642233e-01
    -2.06466556e-01 5.84398150e-01 1.43856347e-01 1.16806626e-02
    1.34352827e+00 1.15083194e+00 1.10954523e+00 9.36153054e-01
    2.90821075e-01 2.23235130e-01 9.13294792e-01 3.36029053e-01
    9.19639409e-01 -4.25460815e-01 -3.60182762e-01 9.66105700e-01
    6.15440130e-01 1.31915736e+00 -2.59171784e-01 2.28209555e-01
    1.27425599e+00 1.26546788e+00 1.34833622e+00 1.27915692e+00
    -4.38496917e-01 4.99134123e-01 -4.05443907e-02 1.03485584e-03
    1.40982759e+00 2.31363773e-02 9.51383054e-01 1.00618756e+00
    1.83365405e-01 7.12223351e-01 6.12276793e-02 1.06936646e+00
    -4.08839136e-01 6.48746312e-01 2.54281580e-01 1.49844027e+00
    -1.21994078e-01 4.87180352e-01 1.08479023e-01 1.25835717e+00
    8.82026315e-01 1.00426626e+00 1.00600815e+00 1.09438825e+00
    8.32985342e-01 -1.56621397e-01 -1.02442235e-01 9.53279972e-01
    -1.34506822e-02 7.17013776e-01 6.52002990e-01 7.72863925e-01
    1.46620166e+00 2.84718335e-01 1.29693794e+00 1.11401343e+00
    1.34729850e+00 1.22445178e+00 -3.75925004e-01 1.50438380e+00
    1.13259816e+00 1.11993563e+00 8.72819483e-01 6.40442789e-01
    9.85560894e-01 1.58862233e-01 3.64951551e-01 -4.53290671e-01
    3.45593244e-01 -2.78487980e-01 -2.89963126e-01 5.16696453e-01
    4.79187727e-01 2.10548341e-01 1.15109348e+00 1.79574847e-01
    1.27193904e+00 -1.67199939e-01 -1.29088968e-01 -1.82913393e-01
    4.84048873e-01 1.43276381e+00 9.74532664e-01 -3.01465809e-01
    3.18356484e-01 2.40135342e-01 3.72272968e-01 9.57527161e-01
    1.33525181e+00 1.15429389e+00 8.17101538e-01 1.29104376e+00
    -5.60529709e-01 5.03210425e-01 9.81449485e-01 5.08237183e-01
    9.02969241e-01 -4.69804257e-01 9.24452782e-01 -3.84848952e-01
    -2.57693946e-01 6.11365676e-01 -1.90667033e-01 1.03544402e+00
    8.93051744e-01 1.29720664e+00 -7.53654540e-02 1.17730582e+00
    -3.95418257e-01 7.45063603e-01 5.67296803e-01 8.72870982e-01
    5.76225221e-01 1.11941099e-02 3.39228988e-01 3.72044325e-01
    1.28654099e+00 1.45813394e+00 1.01449430e-01 1.08069146e+00
    9.55577672e-01 1.27778935e+00 -3.11748683e-01 3.86673987e-01
    1.34379959e+00 1.46072161e+00 7.05857992e-01 5.39879501e-01
    1.88978255e-01 1.79866552e-02 4.34601545e-01 1.05960321e+00
    -2.43034512e-01 4.07680869e-02 -2.87835509e-01 1.31326985e+00
    2.11679697e-01 1.52398145e+00 3.83561730e-01 3.41428101e-01
    -3.06674838e-01 2.30360210e-01 -1.39172316e-01 2.70209044e-01
    1.08140397e+00 -3.71632338e-01 1.31147981e+00 2.98550487e-01
    -3.03424716e-01 2.22709835e-01 9.54607666e-01 2.12279022e-01
    2.24957287e-01 1.27224731e+00 3.55567575e-01 1.08990490e-01
    8.33714008e-01 -1.58760607e-01 -3.31994236e-01 -2.52601206e-01
    8.72695506e-01 -3.10304701e-01 -2.29481965e-01 -3.12145054e-01
    -4.91385311e-01 -5.26008189e-01 1.46244764e+00 5.40065289e-01
    -3.18718493e-01 1.07588494e+00 8.88644040e-01 5.67526400e-01
    6.12219989e-01 1.22379553e+00 2.84836233e-01 1.00957346e+00
    -3.40616703e-02 1.20011663e+00 4.13694978e-01 6.92604423e-01
    6.60343051e-01 -2.71581888e-01 2.59253532e-01 7.59122372e-01
    5.27259588e-01 4.92262661e-01 4.64829206e-02 -4.80236351e-01
    1.02544105e+00 -4.53896135e-01 6.84530973e-01 1.42981756e+00
    9.67293203e-01 8.98772478e-03 1.13442540e+00 5.68742037e-01
    9.65889513e-01 8.77166331e-01 1.26977277e+00 1.45682919e+00
    -4.10666108e-01 1.52384317e+00 -5.09607792e-02 2.54351765e-01
    -2.40191072e-01 9.36470389e-01 1.36331916e-02 9.71488178e-01
    5.31349480e-01 1.08537149e+00 1.22412586e+00 6.20456338e-01
    1.40837502e+00 -2.56122231e-01 5.22514820e-01 4.32663471e-01
    1.41648912e+00 4.19703066e-01 7.76403785e-01 5.36488593e-01
    7.35471964e-01 1.28560233e+00 1.11242080e+00 1.39199662e+00
    1.03304315e+00 1.25580907e+00 1.14447248e+00 1.44310927e+00
    1.45495272e+00 -1.37750030e-01 2.91581690e-01 1.14187145e+00
    -2.90810734e-01 6.59784794e-01 8.60183597e-01 -3.13311517e-02
    1.22418416e+00 1.02258384e-01 1.17338133e+00 -4.65407908e-01
    1.25472784e+00 -1.45025849e-02 7.81466722e-01 -3.94625604e-01
    1.36538815e+00 6.78375781e-01 9.27070558e-01 9.59693611e-01
    6.11981630e-01 6.69418156e-01 5.98095179e-01 -3.87266278e-01
    5.92962801e-01 -4.13883626e-02 1.31120396e+00 1.57219172e-03
    5.58919191e-01 1.11269879e+00 6.02450907e-01 2.94915795e-01
    1.26068306e+00 1.17180169e+00 2.01731920e-02 8.53850484e-01
    8.08152080e-01 1.38262868e+00 6.58898652e-02 5.08532465e-01
    1.32358670e-01 -1.62266701e-01 1.06829500e+00 -3.09046328e-01
    4.97012138e-01 -1.24461889e-01 -5.03791928e-01 9.44205523e-02
    1.33901060e+00 1.97625160e-02 4.60810959e-01 1.29146504e+00
    9.37982976e-01 9.11021471e-01 -2.86279500e-01 -3.32947671e-01
    1.27753615e+00 1.32942379e-01 -2.04971850e-01 1.22055936e+00
    4.39386189e-01 -4.74930137e-01 1.15468073e+00 1.22958064e+00
    8.10711086e-01 5.50726056e-01 1.10383427e+00 5.93112409e-02
    1.53644860e-01 4.97439235e-01 -2.97371447e-01 1.59977198e-01
    4.74470615e-01 8.03294659e-01 5.98472357e-01 5.77052653e-01
    9.48754847e-01 9.71762657e-01 8.55787456e-01 1.23895550e+00
    6.37885809e-01 -4.90987986e-01 1.84316635e-01 1.96884751e-01
    -4.38706279e-01 8.02661002e-01 6.88117385e-01 6.70365572e-01
    -1.95740089e-01 7.92763710e-01 -2.08721459e-01 7.85801411e-02
    -2.17710465e-01 1.43735230e+00 8.62313092e-01 1.53637028e+00
    4.65995789e-01 3.85311276e-01 4.91097450e-01 1.20607376e+00
    8.09491932e-01 1.03561854e+00 8.08939278e-01 1.36835694e+00
    5.65671563e-01 7.72779167e-01 1.32366586e+00 3.65567029e-01
    -5.29876947e-02 5.58321655e-01 4.43688750e-01 2.39921570e-01
    2.39078164e-01 -5.12889624e-01 -4.41857278e-02 1.36541462e+00
    -2.95642823e-01 -4.24533129e-01 5.39010882e-01 -4.57811594e-01
    1.04750156e+00 6.10881805e-01 9.74614024e-02 3.84831429e-01
    -4.23960119e-01 1.84079826e-01 1.30755329e+00 1.02852988e+00
    8.30366731e-01 -3.03371489e-01 3.50776613e-02 7.43274033e-01
    1.64362907e-01 5.48341632e-01 1.32080626e+00 -4.69890028e-01
    9.20619249e-01 1.02907896e-01 9.40033197e-01 2.01592445e-02
    1.36004233e+00 8.95583630e-03 1.30543315e+00 6.72070563e-01
    1.15579653e+00 1.37169886e+00 9.54495609e-01 -5.85171103e-01
    1.35038257e+00 1.37986004e+00 1.73988819e-01 -1.44519717e-01
    3.19063663e-03 1.04741263e+00 -2.71322966e-01 6.67617738e-01
    9.62134063e-01 2.34591186e-01 -3.90833765e-01 1.39393282e+00
    1.21885729e+00 9.02027726e-01 -5.03992438e-01 -3.14046204e-01
    4.39924896e-02 -1.55043632e-01 1.47265792e+00 2.65899926e-01
    1.41716027e+00 -1.96110725e-01 3.20025444e-01 6.07813418e-01
    7.88690805e-01 5.84310770e-01 9.46713626e-01 6.80136800e-01
    3.43424082e-02 1.27487183e+00 -4.92821932e-01 -3.63886267e-01
    5.98757744e-01 9.53009009e-01 -2.70694971e-01 -7.35128522e-02
    1.01809800e-01 -4.42551196e-01 1.41180658e+00 1.19973469e+00
    6.67430878e-01 -2.39094466e-01 1.03796446e+00 9.61567104e-01
    1.08716202e+00 1.13217044e+00 1.19921672e+00 2.68084645e-01
    1.43291712e-01 2.65910447e-01 1.36341071e+00 8.91828477e-01
    1.14925623e+00 5.99357009e-01 -8.04094970e-02 -1.62908822e-01
    6.31805003e-01 1.01417041e+00 9.30753410e-01 5.41470230e-01
    -3.72790694e-02 5.18978477e-01 1.09108841e+00 1.51258945e-01
    -3.26076746e-01 -7.69963264e-02 6.68651879e-01 1.22361612e+00
    1.15374029e+00 8.18257570e-01 1.13504064e+00 4.16568518e-02
    2.59766042e-01 1.48026633e+00 1.18068516e+00 1.47665143e-01
    7.30510294e-01 -5.05251288e-01 1.15050614e+00 -2.40029275e-01
    -5.14298022e-01 8.43980849e-01 6.68840528e-01 7.39412069e-01
    -3.59472334e-01 4.24775302e-01 -4.58052754e-01 1.27854019e-01
    6.49011374e-01 5.89140773e-01 -5.23465931e-01 -5.60065448e-01
    -9.08156633e-02 -1.57765001e-01 6.60235703e-01 -9.02959406e-02
    7.04087913e-02 1.42195189e+00 9.57555413e-01 1.05558848e+00
    2.57611156e-01 2.24667251e-01 4.84016478e-01 1.54090428e+00
    -3.02602857e-01 -9.26629901e-02 -4.53199595e-01 1.40463209e+00
    7.96506286e-01 -9.36597884e-02 -3.41245800e-01 1.14813972e+00
    5.86541295e-01 -4.73021299e-01 -3.75970304e-01 6.25690162e-01
    2.15568006e-01 4.38057899e-01 5.15820861e-01 4.34578121e-01
    1.44545722e+00 8.42187405e-02 -5.55605292e-02 -4.21590924e-01
    1.10589576e+00 1.38180733e+00 7.52309918e-01 3.29061806e-01
    4.62516189e-01 8.31691921e-01 -3.57618034e-01 4.58586991e-01
    1.12204337e+00 2.53189385e-01 -4.19378281e-02 2.61679053e-01
    1.01982474e+00 1.26748681e+00 9.27540064e-02 3.73249829e-01
    1.45348191e+00 3.72157514e-01 -3.38213205e-01 4.69857574e-01
    9.56541657e-01 7.86941051e-02 9.47292268e-01 1.45162642e-01
    -4.12991583e-01 1.17273414e+00 8.48811388e-01 9.39389467e-02
    -4.56619203e-01 5.03279090e-01 1.35368395e+00 3.60609949e-01
    1.49075091e+00 -1.13717616e-01 1.25299633e-01 5.92671216e-01
    9.40200746e-01 1.06957507e+00 9.20011044e-01 1.16046715e+00
    8.21241796e-01 2.16700792e-01 5.98975897e-01 1.57751560e-01
    4.46934640e-01 1.02004576e+00 1.40057135e+00 1.27684546e+00
    4.06363964e-01 -4.28766280e-01 4.31734651e-01 1.52878284e+00
    2.65501738e-02 -1.29412144e-01 -4.58189398e-01 3.62208784e-01
    4.96917069e-01 9.13969457e-01 1.46468115e+00 6.21484518e-02
    -4.64747876e-01 3.77290905e-01 5.40401220e-01 4.72140014e-01
    1.00239336e-01 1.38087940e+00 3.90992939e-01 3.84131312e-01
    1.27541649e+00 1.05500686e+00 1.14259958e+00 3.92639101e-01
    1.70722389e+00 1.13387764e+00 1.03613758e+00 3.29062641e-01
    8.23878169e-01 1.08134484e+00 -1.60917491e-01 6.57953024e-02
    -6.56442642e-02 -1.50993705e-01 1.08741033e+00 4.44634140e-01
    -5.32943010e-02 3.49304736e-01 -1.49032831e-01 -1.26472712e-02
    3.34457636e-01 6.23042703e-01 1.19769335e+00 1.27512574e+00
    4.93092000e-01 -4.35076952e-02 -1.98852003e-01 1.43528152e+00
    5.67622364e-01 8.13491762e-01 -4.02353346e-01 1.35116971e+00
    -6.90115094e-02 8.52240980e-01 5.55494010e-01 9.36871648e-01
    3.18188131e-01 9.21484828e-01 6.36624992e-01 9.38996673e-01
    9.38768506e-01 8.73116970e-01 1.20162487e-01 1.25752425e+00
    8.44187021e-01 1.32841265e+00 1.01930118e+00 7.42074013e-01
    -3.89873505e-01 7.54088104e-01 6.86945558e-01 1.22639871e+00
    4.37867880e-01 1.29447103e+00 1.12417114e+00 1.12397552e-01
    2.00819314e-01 3.75131369e-01 9.28601563e-01 -9.82801318e-02
    7.14996457e-01 -3.03408921e-01 1.16426921e+00 -3.16377163e-01
    5.30456305e-02 1.36100924e+00 1.08222270e+00 -9.02998447e-02
    1.48779202e+00 4.17413712e-02 -7.58779049e-02 8.10515106e-01
    3.52252305e-01 3.99822831e-01 1.24372172e+00 1.19078708e+00
    1.40041256e+00 4.77502286e-01 9.34110284e-01 1.44662952e+00
    1.25690889e+00 -5.16475320e-01 -2.47376889e-01 1.35653305e+00
    1.99191988e-01 7.15078950e-01 -3.60308170e-01 7.63471365e-01
    9.74522352e-01 5.91278076e-05 4.98337686e-01 1.58050859e+00
    -1.23035759e-01 1.30337441e+00 1.48104751e+00 1.25586116e+00
    6.36570275e-01 9.71970260e-01 1.05212474e+00 4.37256753e-01
    7.65449643e-01 9.24742520e-01 8.26509178e-01 9.81879234e-01
    1.06656289e+00 -3.98531497e-01 1.30114698e+00 1.05233157e+00
    1.35182536e+00 1.36541975e+00 1.37588251e+00 5.19463420e-01
    -5.16790748e-02 1.28464365e+00 8.52478087e-01 2.65670061e-01
    -5.58147073e-01 5.62765837e-01 6.59797549e-01 2.55513012e-01
    4.01759863e-01 -2.68321216e-01 7.04198897e-01 -4.41904396e-01
    1.48417902e+00 6.31716967e-01 1.05821919e+00 -3.07900012e-02
    6.10766768e-01 8.36882472e-01 3.20894003e-01 3.36319149e-01
    1.00334227e+00 2.15934634e-01 1.02705145e+00 1.25695109e+00
    8.26514840e-01 7.94223547e-01 5.52691340e-01 -3.40228617e-01
    -5.77336550e-02 1.29730105e+00 6.49056971e-01 1.79801345e-01
    -5.46373010e-01 1.01014555e+00 1.00432837e+00 -3.12707901e-01
    1.47287583e+00 7.39478111e-01 -4.60281372e-01 -2.66654849e-01
    8.45892012e-01 4.69827592e-01 1.19169879e+00 5.51672041e-01
    6.17722631e-01 6.07440233e-01 -1.71667337e-03 -1.44808561e-01
    -1.94346786e-01 6.73548579e-02 -3.47323239e-01 7.78412044e-01
    -1.51197076e-01 -2.50003904e-01 5.54445446e-01 5.33587694e-01
    -1.92281127e-01 -1.01823807e-01 1.70792788e-01 7.72152126e-01
    -3.48880112e-01 -5.12711287e-01 1.35831356e+00 1.65463090e-02
    2.34015167e-01 9.30850089e-01 7.65934050e-01 7.25162446e-01
    -1.79398030e-01 -5.01122475e-01 -5.34103394e-01 1.11698627e-01
    6.82256997e-01 2.75928140e-01 1.26238918e+00 9.13583577e-01
    1.29554868e-01 -1.61729962e-01 8.45587492e-01 7.67007709e-01
    9.24245954e-01 8.11652243e-01 7.51630962e-01 1.35247040e+00
    9.96436357e-01 1.19494617e+00 1.19507587e+00 -1.28753275e-01
    4.78686512e-01 -4.33807820e-01 -2.00833231e-01 1.42665458e+00
    -1.71024442e-01 8.01034689e-01 8.83031428e-01 1.18122244e+00
    4.66574669e-01 2.49020636e-01 1.26626873e+00 5.71323812e-01
    1.64049268e-02 6.41916275e-01 1.56067312e+00 -4.04668957e-01
    -1.41169429e-02 1.48429084e+00 -2.96778649e-01 8.50615501e-02
    -2.43785560e-01 1.03745699e+00 -3.36213857e-01 5.51908731e-01
    1.12157083e+00 9.09899890e-01 1.21570683e+00 4.85994816e-01
    5.67144752e-02 1.50197089e+00 -3.66172135e-01 1.20595646e+00
    1.04322696e+00 2.74962544e-01 -4.63122129e-02 -4.54672992e-01
    -2.70164013e-03 -2.65987456e-01 3.02049935e-01 2.82246917e-01
    -4.40622151e-01 1.09170699e+00 1.02872461e-01 1.27524233e+00
    1.29228854e+00 4.76911783e-01 1.09023786e+00 7.07874835e-01
    9.46505547e-01 -1.62757456e-01 -1.61519557e-01 1.06032157e+00
    -4.75204229e-01 1.50307322e+00 1.16853178e-01 7.47939825e-01
    2.67127573e-01 -1.88107401e-01 1.27884614e+00 1.15833831e+00
    3.17239314e-01 6.58024371e-01 -4.08400714e-01 8.33008945e-01
    7.49929070e-01 1.28329921e+00 -2.25885689e-01 -1.80745393e-01
    -2.86026180e-01 8.93100798e-01 3.81288886e-01 -4.80969846e-01
    8.32243979e-01 9.21711922e-02 9.06315088e-01 7.91666448e-01
    3.54554534e-01 1.55993104e-02 4.79378611e-01 5.72672427e-01
    -1.28108680e-01 7.34463394e-01 1.15097117e+00 1.30773401e+00
    1.16472292e+00 -1.48788482e-01 9.55630302e-01 7.73008347e-01
    2.34118879e-01 -2.30823696e-01 6.46019280e-01 9.94430959e-01
    1.11907506e+00 8.04493725e-01 -3.62748206e-02 5.91608644e-01
    7.89037287e-01 -2.36438870e-01 4.45736587e-01 2.43832886e-01
    1.17454970e+00 -5.24960518e-01 -2.41482377e-01 3.58632386e-01
    -4.05628413e-01 1.11916614e+00 -3.82504225e-01 1.79262757e-01
    -3.46933872e-01 2.36161470e-01 1.42123008e+00 2.57799447e-01
    4.46748912e-01 7.37895191e-01 -5.36276817e-01 1.42866850e-01
    6.30488634e-01 9.86371756e-01 2.34334350e-01 -6.00454807e-01
    8.19392264e-01 -2.39990085e-01 1.49532676e+00 -4.17245775e-01
    4.22391653e-01 4.12398726e-01 8.17474842e-01 9.55904007e-01
    1.37131453e+00 1.45477569e+00 3.68512154e-01 -4.17181551e-01
    6.74677849e-01 3.38248610e-01 -5.41984141e-02 7.31765151e-01
    1.34789109e-01 -2.62378275e-01 5.77885270e-01 6.87960744e-01
    9.93614078e-01 5.31597376e-01 -3.98216844e-01 -3.10759008e-01
    -4.30535734e-01 -4.33103621e-01 8.35392058e-01 9.48526025e-01
    -4.29053187e-01 -2.74361074e-01 -1.58791542e-02 3.86070669e-01
    3.32180262e-01 7.85555005e-01 1.08130789e+00 -4.15430605e-01
    9.10451055e-01 8.56963515e-01 1.14557493e+00 2.52181768e-01
    1.15529883e+00 -5.21071255e-01 6.70610964e-01 1.20411396e+00
    6.41831696e-01 -2.61748224e-01 8.76613319e-01 -6.19917214e-01
    1.04184961e+00 1.26176357e+00 2.33084679e-01 7.72943914e-01
    1.35387421e+00 8.30882013e-01 -4.58470106e-01 1.32209063e-03
    -9.32401419e-02 8.48689318e-01 6.97210908e-01 4.98424232e-01
    6.87289715e-01 2.15618014e-01 1.49084640e+00 -2.82969564e-01
    8.20372820e-01 -2.09794313e-01 8.99106503e-01 1.01411605e+00
    1.35911453e+00 4.92025971e-01 9.78399396e-01 2.78364003e-01
    1.29552722e-01 -1.09474838e-01 3.22200447e-01 1.31278157e+00
    7.40601182e-01 6.86944604e-01 1.05053842e+00 1.50119424e-01
    3.41100156e-01 7.24680662e-01 2.76243865e-01 1.38830328e+00
    1.09391165e+00 -3.60083401e-01 7.32807994e-01 -2.46884704e-01
    8.94757509e-02 -3.56778979e-01 1.21597075e+00 7.36255407e-01
    9.48980391e-01 1.15899920e+00 8.43571305e-01 -2.48786896e-01
    6.09272599e-01 4.33332920e-01 -3.77668679e-01 2.91436076e-01
    6.78728878e-01 6.75362825e-01 -1.38793737e-01 1.59558606e+00
    3.33462238e-01 -1.30193233e-01 7.61477828e-01 1.12413931e+00
    -3.92635405e-01 -1.11672074e-01 1.51671624e+00 1.45061445e+00
    -3.46083462e-01 1.27856660e+00 1.27269685e+00 8.56190979e-01
    1.29053903e+00 7.94729650e-01 2.84600675e-01 6.52242839e-01
    9.62064624e-01 3.43134344e-01 8.03762019e-01 1.40597296e+00
    3.06488276e-02 9.09533024e-01 3.68479073e-01 -3.92989457e-01
    5.03835917e-01 5.70749879e-01 1.48944676e-01 2.95914054e-01
    8.06837857e-01 -4.26527798e-01 1.37148690e+00 -4.94139612e-01
    9.81799781e-01 6.96774960e-01 4.66756940e-01 -8.08722675e-02
    -7.35850036e-02 1.94512993e-01 4.14086103e-01 -1.27057552e-01
    -4.26433712e-01 -1.59422308e-01 -2.27786720e-01 1.56322408e+00
    4.79460955e-01 -5.47923148e-02 4.94790047e-01 1.51848733e-01
    1.25832188e+00 1.06388479e-01 -7.78696835e-02 -5.65254450e-01
    1.16226244e+00 9.07643318e-01 3.64797950e-01 1.01658452e+00
    2.58888483e-01 1.27504838e+00 3.63554537e-01 6.19247735e-01
    9.31733131e-01 1.35381234e+00 8.41477990e-01 3.60997319e-01
    -1.09357804e-01 1.44376278e+00 -4.14638102e-01 6.52559996e-01
    3.71455312e-01 1.33091450e+00 9.41466451e-01 1.24689126e+00
    8.97303224e-02 6.77680969e-01 1.11858582e+00 1.04093218e+00
    -8.43928456e-02 1.02272010e+00 -4.80839610e-02 1.96256578e-01
    4.30129707e-01 1.49548793e+00 7.56370783e-01 -3.12111795e-01
    3.71508241e-01 -3.41023326e-01 1.08754635e+00 1.14827156e+00
    1.51819468e-01 -1.10790908e-01 -1.79641843e-01 1.60979033e+00
    3.39747310e-01 8.52630258e-01 9.75785911e-01 2.37313449e-01
    4.30263281e-01 6.12422764e-01 8.66516471e-01 1.15137315e+00
    -6.14457130e-02 1.47301877e+00 1.11888802e+00 -3.26039195e-02
    4.54500049e-01 -2.47191593e-01 -3.42458397e-01 1.36962056e+00
    -3.26740533e-01 1.33792543e+00 2.18724072e-01 -4.59033519e-01
    5.31258166e-01 1.30229282e+00 9.93054509e-01 7.52094567e-01
    6.41077459e-01 -5.27818501e-01 1.35274410e+00 -4.21533883e-01
    8.49555552e-01 1.25024748e+00 1.20895839e+00 1.22094154e+00
    -5.20202100e-01 6.29542530e-01 4.64428663e-02 -1.44003928e-01
    5.77756763e-01 5.96802294e-01 1.22850394e+00 1.26961267e+00
    9.64287281e-01 7.08226860e-01 9.88009453e-01 4.25689220e-01
    1.12854981e+00 6.12424731e-01 6.13710642e-01 -2.62662768e-02
    4.48819876e-01 1.35929918e+00 1.37629366e+00 6.76545978e-01
    8.84348810e-01 1.23376667e+00 7.02001452e-02 -1.72567368e-03
    5.50406098e-01 1.25319290e+00 4.28478301e-01 6.60673738e-01
    -4.30083722e-01 1.34345365e+00 7.73996949e-01 1.50316417e-01
    8.73565912e-01 1.37016022e+00 -1.20593548e-01 -2.73082376e-01
    6.76241279e-01 -9.18423533e-02 1.23371458e+00 3.76896501e-01
    -1.07059836e-01 -3.19411278e-01 -5.16448498e-01 1.44071543e+00
    3.91275138e-01 -2.65326262e-01 8.27063560e-01 5.57918489e-01
    1.43503666e+00 2.40195572e-01 1.02850091e+00 -1.22458607e-01
    7.04837918e-01 -1.10278904e-01 7.75558233e-01 6.78733468e-01
    1.50942922e-01 -1.15752280e-01 4.61265385e-01 -4.14339960e-01
    9.90759790e-01 1.14085150e+00 9.10163164e-01 3.06559086e-01
    7.71605790e-01 1.11905408e+00 8.71792912e-01 8.43617916e-02
    5.80460966e-01 5.39984465e-01 1.21670258e+00 5.63103557e-01
    -1.50926888e-01 2.33289123e-01 4.94301021e-01 1.09890962e+00
    1.36122727e+00 1.85282171e-01 1.12657070e+00 7.67108560e-01
    -2.90449858e-01 8.62914920e-02 1.57214761e-01 4.63988304e-01
    1.61461830e+00 -1.10873491e-01 -1.38722986e-01 1.48497915e+00
    -5.72794199e-01 8.75782728e-01 7.19179034e-01 1.01450038e+00
    1.08982611e+00 4.47061121e-01 -4.46975738e-01 8.15982997e-01
    2.77460277e-01 8.29615712e-01 6.59662485e-01 1.52291894e-01
    9.46276546e-01 -3.17552388e-01 -3.13670695e-01 -3.64478052e-01
    1.02410340e+00 -1.98224783e-02 9.53356624e-02 8.29176843e-01
    7.56662369e-01 1.25332594e+00 2.12683737e-01 1.19318390e+00
    -3.03727418e-01 1.22728944e+00 1.34398293e+00 1.07317054e+00
    1.48063850e+00 1.20413446e+00 4.36354518e-01 8.09171200e-01
    8.90149951e-01 1.90967083e-01 1.36464190e+00 8.40141118e-01
    1.18506718e+00 1.03171301e+00 9.55874205e-01 5.92114151e-01
    -4.84484971e-01 -3.64477813e-01 6.27396226e-01 1.18546677e+00
    -1.19617581e-01 5.52664220e-01 8.43012631e-02 -4.31549400e-01
    9.09729660e-01 1.26874256e+00 6.04891539e-01 9.59699154e-02
    5.25468290e-01 1.22638392e+00 4.83065307e-01 1.27907872e+00
    1.86670005e-01 -3.56764019e-01 1.23116469e+00 1.08865786e+00
    1.36005795e+00 -5.44947207e-01 1.15497279e+00 1.40489435e+00
    -2.10292369e-01 1.34289074e+00 8.90627682e-01 -1.62593901e-01
    4.40877438e-01 -1.08134389e-01 2.46412754e-01 4.48170304e-01
    1.25736904e+00 -4.28318679e-01 5.19648075e-01 9.04916823e-01
    1.53746462e+00 3.37743670e-01 -4.20449436e-01 4.48113650e-01
    -2.29417726e-01 -1.20078921e-01 3.79517972e-01 1.81332201e-01
    1.57090020e+00 5.91232181e-01 -5.18976808e-01 5.72861791e-01
    2.00347960e-01 -3.22459459e-01 1.36573696e+00 -1.78550303e-01
    -4.52259779e-01 7.83502698e-01 7.45124817e-01 1.08838320e+00
    1.42113352e+00 1.46172404e+00 6.66941881e-01 1.40253258e+00
    -2.93417484e-01 1.06223464e+00 6.62050724e-01 -3.58396709e-01
    6.21480584e-01 -4.14028913e-01 7.68391788e-02 -1.13764137e-01
    -2.09950298e-01 8.29005361e-01 1.47637677e+00 -2.81245202e-01
    9.63113904e-01 3.76442254e-01 2.63334811e-02 -4.54788566e-01
    1.49346244e+00 5.62908173e-01 2.93032944e-01 -1.23002350e-01
    5.30727446e-01 7.91936755e-01 9.47414160e-01 7.14162052e-01
    -1.65941685e-01 1.55247808e-01 4.77724254e-01 8.77515554e-01
    -3.56144607e-02 -1.60508901e-01 1.32337630e+00 1.38606477e+00
    1.13411760e+00 2.99345076e-01 9.63930488e-01 1.60311294e+00
    4.33294863e-01 2.12315321e-01 6.60718203e-01 -4.93432015e-01
    4.90042150e-01 -4.74088162e-01 -2.79511809e-02 1.40793538e+00
    9.61611688e-01 6.67739451e-01 1.14985847e+00 -1.83112800e-01
    1.07535648e+00 6.28744543e-01 1.54065967e+00 5.96362233e-01
    4.52633202e-02 -1.96978658e-01 1.02414191e+00 -8.14779103e-02
    5.03901839e-01 9.98982847e-01 -1.96125120e-01 4.13843274e-01
    1.79643691e-01 1.13710833e+00 -3.95298421e-01 1.91397965e-02
    4.19347882e-02 -3.43300700e-02 6.51071250e-01 1.01884639e+00
    2.65396535e-01 2.25558996e-01 9.03875232e-02 8.45473409e-01
    6.48507714e-01 -8.78964961e-02 6.43005252e-01 1.36108577e-01
    1.43531179e+00 1.26958430e+00 1.07826424e+00 6.97197974e-01
    9.04650569e-01 1.05048776e+00 1.89525872e-01 1.05394125e-01
    6.22832060e-01 -2.91016579e-01 5.34852862e-01 -1.44918233e-01
    5.86767495e-01 8.70322764e-01 -8.63730609e-02 1.16535568e+00
    5.32433033e-01 1.22128940e+00 8.58580291e-01 1.51150155e+00
    8.50753784e-02 6.93863332e-01 1.25620985e+00 2.59299159e-01
    -5.08576453e-01 -3.00070107e-01 -2.31760859e-01 5.77556193e-01
    2.23110259e-01 1.23669553e+00 3.04485321e-01 -5.49447536e-01
    1.50583041e+00 1.37774956e+00 6.10423326e-01 2.59382904e-01
    2.39937097e-01 -3.08272958e-01 8.63427639e-01 5.28311729e-03
    1.16926312e-01 3.17091644e-01 -2.28387117e-03 -7.65387416e-02
    7.05077410e-01 1.11507297e+00 1.06055653e+00 -2.67740071e-01
    1.37157202e+00 -1.66605145e-01 -5.21620989e-01 8.34392309e-01
    1.08837950e+00 -4.26973104e-02 9.19047713e-01 1.09998846e+00
    1.29913187e+00 7.64554143e-01 1.19606638e+00 -4.26209211e-01
    2.28285313e-01 8.03544760e-01 1.45220757e+00 -1.30660444e-01
    -7.28261471e-03 5.67886353e-01 -1.02626711e-01 3.49470794e-01
    1.06885409e+00 7.22013712e-02 8.26052427e-02 2.06016362e-01
    1.34630227e+00 4.26439226e-01 1.41998243e+00 3.78292739e-01
    -3.38121474e-01 -1.67157859e-01 1.56062400e+00 8.84565055e-01
    7.40367770e-02 1.20579767e+00 -1.08704835e-01 1.16292000e-01
    1.26897788e+00 9.74168658e-01 -2.79463172e-01 7.80085742e-01
    3.20337653e-01 1.16227782e+00 4.45305169e-01 2.79155254e-01
    -3.30030382e-01 1.34807146e+00 -2.05139816e-01 1.76651359e-01
    -1.61035806e-01 1.34157848e+00 6.17638826e-02 1.12630558e+00
    -7.03490376e-02 -6.06030881e-01 1.08959937e+00 9.95710492e-01
    3.57684851e-01 1.08629453e+00 6.69867277e-01 4.17190850e-01
    6.12604618e-02 2.62165010e-01 1.16439044e+00 9.85415578e-01
    1.41535974e+00 7.76338935e-01 1.12681055e+00 2.85793126e-01
    2.84411967e-01 -6.99341297e-03 1.17880547e+00 8.31705332e-01
    3.58258724e-01 -4.89149779e-01 6.92088306e-01 -1.77716643e-01
    9.74382401e-01 9.74911332e-01 8.87522459e-01 1.33824050e-01
    1.11502266e+00 -3.52375835e-01 -4.37599570e-01 8.69640589e-01
    -1.56817436e-01 -1.98092103e-01 -1.89526886e-01 5.53928196e-01
    -8.26852322e-02 -5.60220361e-01 1.48296094e+00 5.08577347e-01
    -3.37163001e-01 1.22661090e+00 1.00941157e+00 6.67734087e-01
    4.61001456e-01 -1.38722211e-01 9.67539310e-01 -7.42079318e-02
    1.44682288e-01 4.98942375e-01 -3.80545855e-02 2.73980379e-01
    9.64488328e-01 9.89495456e-01 1.03446126e+00 -5.64912617e-01
    1.27135754e+00 5.49623549e-01 4.29480791e-01 1.26939029e-01
    9.94227767e-01 -1.06367394e-01 1.26775193e+00 -1.84312776e-01
    2.14031279e-01 4.35417861e-01 1.44748330e+00 1.00337815e+00
    1.32860041e+00 2.52758384e-01 -1.43864691e-01 1.53798878e-01
    1.17548645e-01 1.14409029e+00 1.37855494e+00 -1.35097563e-01
    -4.08943415e-01 2.56324887e-01 2.13731110e-01 8.38400066e-01
    4.62331653e-01 -3.76919746e-01 9.09915686e-01 1.07673931e+00
    -4.85504448e-01 -1.73679620e-01 1.20612442e+00 2.69153923e-01
    4.18511987e-01 -2.62994319e-01 -1.42485231e-01 9.85248327e-01
    3.10304999e-01 -5.58856726e-02 8.67574513e-01 -5.31881630e-01
    8.83721173e-01 2.28401661e-01 1.41050029e+00 1.23732018e+00
    3.93859923e-01 9.51095879e-01 5.39319515e-01 6.23242915e-01
    1.39663363e+00 2.32696533e-02 7.21462965e-01 5.38826227e-01
    2.28974104e-01 1.53878403e+00 -4.59508508e-01 -1.41736835e-01
    7.20805526e-02 2.55084336e-01 1.32490146e+00 5.50731122e-01
    2.24483311e-02 -3.91737819e-02 5.76418102e-01 7.72898972e-01
    8.37218821e-01 1.30461442e+00 8.95704746e-01 1.07867539e+00
    7.28426039e-01 9.67097878e-02 -2.68660635e-01 -2.74242818e-01
    1.06110930e+00 8.20135593e-01 -5.16228259e-01 -1.21927917e-01
    3.90526235e-01 6.86639667e-01 9.89828944e-01 -3.41045976e-01
    -9.82819498e-02 6.18399203e-01 1.22483110e+00 -3.87324601e-01
    1.32381725e+00 -3.81453484e-01 1.48071432e+00 5.89228034e-01
    -1.10536665e-01 5.10305464e-01 1.09265995e+00 5.68150222e-01
    -3.75097781e-01 8.08490396e-01 -8.36385190e-02 7.79995918e-02
    9.00683463e-01 -1.37771368e-01 3.57992351e-01 3.75699818e-01
    -2.43149549e-01 4.55563664e-02 1.59817815e-01 -5.49303412e-01
    1.30071259e+00 -4.02294576e-01 1.20096159e+00 -3.08553398e-01
    1.43517399e+00 8.13121378e-01 1.23726892e+00 1.44826293e-01
    -8.94707441e-03 -1.32082283e-01 6.39839232e-01 1.01921058e+00
    2.70030618e-01 7.62891650e-01 8.44756484e-01 2.74821699e-01
    1.40094280e+00 1.11672378e+00 -1.69491827e-01 4.87531424e-02
    9.38709021e-01 5.03171206e-01 9.91932690e-01 5.62659204e-01
    2.93406963e-01 1.32090807e+00 8.66762519e-01 8.45151961e-01
    -1.44809037e-01 6.98323846e-01 4.33425784e-01 1.13177037e+00
    6.50660992e-02 1.17224634e-01 1.30703843e+00 3.05690765e-02
    1.38132799e+00 1.17927349e+00 1.27374136e+00 1.23855877e+00
    1.03975677e+00 3.42457294e-01 1.27109957e+00 6.06965303e-01
    3.78193974e-01 1.29998708e+00 1.41543245e+00 1.43516994e+00
    1.38199186e+00 6.32809281e-01 1.03472722e+00 4.22875345e-01
    4.86622274e-01 -3.42181146e-01 -9.75255370e-02 -2.49148846e-01
    1.18044424e+00 -4.22378659e-01 7.10411072e-02 -2.07963049e-01
    8.73548567e-01 1.52182090e+00 -1.20144874e-01 -3.50147426e-01
    -3.16939056e-01 9.04444635e-01 1.16863847e+00 1.22515261e+00
    -1.70360535e-01 1.52639866e-01 7.45547593e-01 2.06792951e-01
    8.73480558e-01 1.40303075e-01 -9.86553431e-02 3.65392685e-01
    3.13934505e-01 1.03524542e+00 2.51906633e-01 6.43281341e-02
    3.35435271e-02 1.44153643e+00 1.38128626e+00 -4.29461330e-01
    5.03495693e-01 5.33955097e-01 -3.89188528e-03 3.41895044e-01
    3.82892191e-01 -4.05117810e-01 1.32925916e+00 1.22243106e+00
    9.57862914e-01 3.03330958e-01 3.24549317e-01 8.58746290e-01
    1.11140466e+00 -3.95202756e-01 1.19370008e+00 4.37749505e-01
    1.32694781e+00 2.45347738e-01 9.62732434e-01 -5.82975745e-01
    -4.57565963e-01 1.21010196e+00 -5.88979185e-01 -8.11325908e-02
    -1.98716581e-01 2.81311333e-01 1.01591516e+00 5.44995308e-01
    -4.17096615e-02 5.86914301e-01 5.51306665e-01 1.04404962e+00
    1.05377936e+00 8.97888720e-01 1.48657179e+00 7.84226716e-01
    7.32197821e-01 1.33389366e+00 -4.17791724e-01 2.55352616e-01
    1.46000636e+00 1.35837293e+00 -4.96032715e-01 4.51067209e-01
    4.26142871e-01 1.23298192e+00 5.78730643e-01 -1.11421406e-01
    1.18545794e+00 -3.32427353e-01 1.29330659e+00 6.75507069e-01
    -4.36031580e-01 5.99758863e-01 -4.25404608e-02 1.08542824e+00
    7.63288736e-02 1.09376884e+00 8.55780184e-01 7.68101811e-02
    1.57425904e+00 -1.22795075e-01 1.14781070e+00 1.27428710e-01
    7.59233832e-01 1.29923272e+00 7.63236046e-01 5.97544074e-01
    -2.11267114e-01 -3.60950828e-03 5.43554604e-01 7.73981571e-01
    3.57066393e-01 -3.63323689e-01 1.28642368e+00 -4.26060498e-01
    1.00682211e+00 3.60622168e-01 -1.32898659e-01 1.07503355e+00
    4.14499462e-01 9.17190194e-01 1.33934093e+00 1.27170515e+00
    -5.29108226e-01 1.21835780e+00 6.95254683e-01 4.44720089e-01
    -3.85818869e-01 7.35580623e-01 3.01308393e-01 -2.61946499e-01
    -4.78075683e-01 1.31914109e-01 9.59205866e-01 -2.64875412e-01
    1.24758112e+00 9.83042419e-01 1.67889088e-01 1.30520141e+00
    -3.11339080e-01 -1.75768852e-01 7.60626674e-01 9.46190119e-01
    9.31356966e-01 2.06721216e-01 9.18834448e-01 3.23872745e-01
    -1.23848557e-01 1.74307764e-01 -4.10021275e-01 1.32402563e+00
    1.08112431e+00 -4.31686163e-01 -3.95385921e-01 1.09343028e+00
    -2.24973768e-01 1.03296995e+00 1.18619490e+00 3.66469681e-01
    -9.57900286e-03 4.44898307e-01 6.80293262e-01 4.13076878e-02
    9.46283042e-01 6.38033211e-01 -1.15753412e-02 3.85489076e-01
    1.56448054e+00 6.31595075e-01 1.52633381e+00 8.56076062e-01
    4.32728827e-01 1.46852326e+00 -3.90152454e-01 -5.82303822e-01
    4.32837009e-01 1.31886423e+00 9.59819734e-01 7.70997882e-01
    7.59940803e-01 7.56093800e-01 7.01824427e-01 1.11942005e+00
    -3.97630930e-01 -4.04380709e-01 1.43692422e+00 1.89562201e-01
    5.32269120e-01 1.64364278e-02 -4.00148451e-01 8.84914935e-01
    1.46803939e+00 3.12075615e-02 9.12255228e-01 7.42826104e-01
    9.91569161e-01 -6.77337348e-02 5.74874878e-03 1.41510427e+00
    7.21251547e-01 7.86979020e-01 7.50540316e-01 1.16468871e+00
    5.43126166e-01 1.15756273e+00 5.41671813e-01 -4.50209141e-01
    1.44476175e+00 2.31572866e-01 3.10926318e-01 5.43250144e-01
    5.63434958e-02 1.59440684e+00 3.71429861e-01 -3.15192640e-01
    4.77629900e-02 1.38701355e+00 3.32708538e-01 5.71441114e-01
    5.56693912e-01 1.00371301e+00 3.03195059e-01 8.75513911e-01
    1.13974810e-02 -4.49425727e-01 -3.07849258e-01 -1.86897188e-01
    -4.63482320e-01 3.23092341e-02 -2.03228951e-01 7.44083345e-01
    8.82873774e-01 8.74075353e-01 7.78821707e-01 -2.12650836e-01
    -2.94196784e-01 1.50376940e+00 6.36865854e-01 -2.51587868e-01
    3.00100863e-01 1.05908334e+00 -5.12000561e-01 4.87064064e-01
    6.82064056e-01 5.78977108e-01 2.39759982e-01 4.52725351e-01
    1.79153383e-01 -6.74791038e-02 -4.19054925e-01 6.20036960e-01
    1.31435299e+00 -3.49839866e-01 -3.49206269e-01 -4.54172015e-01
    2.99390972e-01 1.52902603e-01 1.77649260e-01 1.49490654e-01
    1.10387349e+00 -5.63886523e-01 5.80704212e-03 6.01562917e-01
    -1.71321154e-01 -1.07678562e-01 -1.53338909e-02 4.99704123e-01
    1.34207404e+00 5.48223734e-01 7.67095685e-02 1.52355373e-01
    1.17970753e+00 1.37668037e+00 5.53288281e-01 7.72212207e-01
    1.41421092e+00 -5.20412683e-01 5.65183103e-01 1.85603499e-01
    -3.54155481e-01 4.64119852e-01 8.75724912e-01 1.39495826e+00
    3.62847924e-01 1.56590998e-01 2.84600079e-01 1.37814546e+00
    -2.51344740e-01 7.43290603e-01 6.75394535e-01 2.63466239e-01
    6.86686158e-01 1.44859982e+00 -3.04573178e-02 1.07561791e+00
    5.86194992e-02 1.74062848e-02 1.14688087e+00 3.77467811e-01
    9.63711500e-01 -5.02980590e-01 1.18837905e+00 4.79725957e-01
    5.54184556e-01 -9.92971659e-02 5.37830770e-01 7.56494403e-01
    1.20530725e+00 4.90516067e-01 1.30119979e-01 2.81583965e-01
    1.31418967e+00 -3.90644699e-01 9.03737426e-01 1.20539403e+00
    1.34421587e-02 1.47345746e+00 -2.87907571e-01 5.29503644e-01
    1.38322890e-01 5.57086229e-01 6.09601200e-01 9.96846199e-01
    -3.66859853e-01 1.04209566e+00 6.51009738e-01 1.22439241e+00
    -6.01395786e-01 4.38840926e-01 1.29101861e+00 -2.40549922e-01
    -5.77222407e-02 2.52367377e-01 9.17054772e-01 1.43246460e+00
    3.16230774e-01 -1.49011225e-01 5.06476820e-01 1.23400092e-02
    5.25508046e-01 -2.25994751e-01 8.14049423e-01 1.85645133e-01
    4.14288938e-01 1.33036995e+00 -4.84705567e-02 1.12564719e+00
    2.01649010e-01 -3.01385462e-01 2.15107918e-01 1.85828507e-01
    3.26245546e-01 5.80528021e-01 6.29477680e-01 6.03068829e-01
    -7.00594187e-02 1.39739931e+00 -1.22430176e-01 1.17646515e-01
    -1.76499009e-01 9.91646111e-01 1.23641205e+00 1.41353714e+00
    -3.69357318e-01 5.22743344e-01 6.35876596e-01 -1.18708193e-01
    1.25395238e+00 -1.63530707e-02 1.44273043e-04 5.63661814e-01
    -3.53927255e-01 1.58288789e+00 1.27023792e+00 -9.58872736e-02
    1.34180963e+00 1.25012541e+00 6.12166822e-01 4.93754208e-01
    8.31547081e-01 3.36862445e-01 1.28234994e+00 1.29433584e+00
    4.18329298e-01 1.30353659e-01 2.29051471e-01 -3.59222025e-01
    1.41689253e+00 -1.99306279e-01 1.44299716e-01 -3.37947756e-01
    8.25514615e-01 2.96136916e-01 -3.89378071e-02 1.47183526e+00
    9.47903931e-01 1.16025448e+00 6.61884725e-01 2.10655242e-01
    -4.06294942e-01 1.39174533e+00 -1.79402530e-01 9.92502153e-01
    1.18785286e+00 1.05264771e+00 9.29347515e-01 1.25967026e+00
    -5.23213446e-01 -3.49605978e-01 4.09372211e-01 -4.43549156e-02
    7.57045865e-01 1.52564406e-01 -3.20546329e-01 1.18172801e+00
    -2.57688254e-01 1.41876864e+00 4.33950454e-01 1.89805031e-02
    2.20844805e-01 1.53553593e+00 8.13094556e-01 -2.30950266e-01
    8.62767398e-02 7.33648658e-01 1.55862987e+00 -4.43029553e-01
    -2.52063662e-01 1.45012319e+00 9.40442204e-01 1.40833187e+00
    -4.42353964e-01 5.53847373e-01 3.74674201e-02 5.26400924e-01
    1.41046691e+00 5.41245759e-01 -5.22115290e-01 1.32276535e+00
    1.04725337e+00 7.72328258e-01 -8.97162557e-02 1.05870759e+00
    2.25500077e-01 4.48171437e-01 8.46631706e-01 6.98467433e-01
    -3.61402512e-01 -5.50646603e-01 6.36112034e-01 -2.37045020e-01
    1.08720839e+00 -3.09030652e-01 9.05842602e-01 1.24162555e+00
    1.08011174e+00 -2.57612258e-01 8.64673913e-01 8.45313787e-01
    -3.64285290e-01 -5.29316068e-02 1.06500614e+00 8.68123055e-01
    6.69354558e-01 -3.25814068e-01 1.19447660e+00 1.29092062e+00
    -1.69987291e-01 3.25512260e-01 8.56533229e-01 2.39854515e-01
    1.44941211e+00 -2.08596617e-01 2.70849824e-01 3.17044437e-01
    9.66247439e-01 1.67017817e-01 -2.18089640e-01 1.44799173e-01
    1.43927097e-01 9.18437004e-01 3.38456213e-01 1.24482059e+00
    2.52302170e-01 1.42559302e+00 8.52816522e-01 3.48107874e-01
    1.07069087e+00 1.32789564e+00 1.19622207e+00 1.35527706e+00
    2.29955316e-01 1.03524029e-01 -2.09418416e-01 7.51971006e-01
    -4.35788870e-01 1.37412977e+00 5.68442047e-01 1.33058167e+00
    1.37340629e+00 4.99279439e-01 9.58692372e-01 6.35416090e-01
    1.19293809e+00 -3.06933582e-01 1.16463399e+00 9.07722414e-01
    4.53994095e-01 1.36077404e-01 9.80631948e-01 8.51034403e-01
    2.80238092e-01 1.24194992e+00 1.30352187e+00 -4.61185992e-01
    3.39404583e-01 -3.63125950e-01 -2.42819116e-01 7.00244069e-01
    -1.91595197e-01 1.51568186e+00 1.10472262e+00 1.36846244e-01
    7.79316425e-01 4.31353211e-01 5.04654944e-01 1.14176011e+00
    8.45185518e-01 2.48079896e-01 -3.65824819e-01 1.14536524e-01
    5.52829623e-01 2.76339650e-02 1.47538590e+00 1.26126552e+00
    -5.44887006e-01 2.82372177e-01 1.01329195e+00 1.21843112e+00
    1.06220376e+00 4.38528538e-01 1.13253844e+00 4.14761245e-01
    1.29897451e+00 7.71341205e-01 1.14307952e+00 -2.53208876e-01
    1.18124604e+00 4.83808875e-01 1.40980053e+00 1.17641449e-01
    1.19989538e+00 7.81253397e-01 9.07627940e-01 2.91979492e-01
    9.77571070e-01 4.22127485e-01 1.31795359e+00 3.66864920e-01
    8.04788709e-01 -6.03867292e-01 6.00931525e-01 1.42352188e+00
    -2.92558074e-02 5.53683639e-01 2.73758054e-01 1.34478879e+00
    1.15470195e+00 4.32412207e-01 -2.61480272e-01 1.36741972e+00
    1.26358986e+00 8.30315232e-01 1.54241347e+00 3.99641812e-01
    1.28285193e+00 1.48319983e+00 -2.73200572e-01 1.07583475e+00
    1.23197556e+00 -9.70187783e-02 -3.65316868e-03 1.06196666e+00
    1.77770674e-01 3.21723104e-01 1.18100560e+00 -1.69961452e-02
    2.94709265e-01 1.10010850e+00 -3.24216992e-01 4.85391676e-01
    1.54240251e-01 3.69490117e-01 1.09437144e+00 1.34017837e+00
    1.01362634e+00 7.96848118e-01 1.23175430e+00 -9.06288326e-02
    1.19003344e+00 4.42196965e-01 2.24922001e-01 -5.99374473e-02
    1.37181115e+00 2.67419755e-01 6.39586926e-01 1.14224815e+00
    2.76686549e-01 8.91610205e-01 -3.35982591e-01 9.84525383e-01
    3.27544749e-01 6.58596754e-02 6.56354725e-01 2.46143103e-01
    -3.35377455e-03 1.06754935e+00 9.15543079e-01 -4.84223574e-01
    1.94737315e-02 -3.33849192e-02 3.44489753e-01 1.82529390e-02
    -1.43179774e-01 1.26220417e+00 7.96540856e-01 1.26021594e-01
    -2.72146046e-01 1.46204925e+00 5.96124649e-01 -3.64238679e-01
    -4.77282643e-01 7.37708211e-01 -3.15323800e-01 2.16883421e-01
    1.38345206e+00 1.34528756e+00 9.58894730e-01 8.91807079e-01
    1.13577747e+00 -1.79982394e-01 1.29075503e+00 4.51916486e-01
    1.51411474e+00 9.43975151e-02 1.24852824e+00 -1.78205550e-01
    1.12674475e-01 -3.76044214e-01 6.54229581e-01 -6.83373511e-02
    9.27081704e-01 6.85419440e-01 3.51273209e-01 5.28455615e-01
    1.75864756e-01 9.61765170e-01 9.83780980e-01 9.24338698e-02
    9.53027308e-02 3.61175179e-01 1.11757445e+00 5.64821720e-01
    5.08976340e-01 1.31302834e+00 3.08923513e-01 5.59298992e-02
    1.46139419e+00 1.97086513e-01 9.78509188e-02 1.52781987e+00
    4.60323870e-01 4.54071045e-01 1.19269657e+00 3.38710785e-01
    1.21250749e-01 3.21214914e-01 -3.63723040e-02 1.37602639e+00
    -2.02377975e-01 3.08088839e-01 -1.58978045e-01 3.14972043e-01
    2.65237391e-01 7.12322354e-01 1.05133033e+00 4.87751424e-01
    8.80930781e-01 1.07442713e+00 -1.45090491e-01 9.89705324e-01
    1.16568911e+00 1.48594797e-01 1.29696620e+00 9.94043946e-01
    9.25172091e-01 6.75589800e-01 4.98560667e-02 1.23352528e+00
    1.52799278e-01 -3.30564022e-01 1.60870820e-01 5.46112597e-01
    2.23513365e-01 1.33145547e+00 2.37279773e-01 8.62075746e-01
    5.98537266e-01 -2.60100126e-01 -4.16916490e-01 2.58342266e-01
    3.89204204e-01 1.29787850e+00 6.59106672e-01 7.05397725e-02
    1.31112671e+00 -2.75166929e-01 4.24885869e-01 7.15105414e-01
    5.31726480e-02 1.44537926e+00 1.27373433e+00 -4.87760305e-02
    9.39883113e-01 9.66765285e-02 -2.10690856e-01 -3.99037004e-01
    2.80909479e-01 5.30821919e-01 5.01975417e-02 1.07553661e+00
    1.24709082e+00 5.99514306e-01 1.05639827e+00 1.39976645e+00
    6.75148010e-01 1.41592652e-01 9.03910756e-01 -1.18636221e-01
    1.52570891e+00 1.38841069e+00 7.71223962e-01 9.92056489e-01
    -3.81215274e-01 8.20242703e-01 -7.55827129e-02 -3.78823817e-01
    1.53946567e+00 1.04725671e+00 6.83150172e-01 1.40852499e+00
    3.23978454e-01 2.22461343e-01 1.18400264e+00 -4.96937066e-01
    1.13923168e+00 1.07230496e+00 -3.29500437e-03 -5.27264118e-01
    2.68642366e-01 1.10312223e+00 1.35621488e-01 2.27078795e-01
    1.47751868e+00 8.52774084e-01 -3.67724776e-01 8.11748385e-01
    1.42788434e+00 3.80625784e-01 4.20972526e-01 1.31069207e+00
    -4.67282832e-02 1.47165322e+00 3.63483220e-01 1.24585867e+00
    1.17919970e+00 -2.26839542e-01 -1.12944543e-01 -5.30619323e-01
    1.19298744e+00 1.27991652e+00 -5.84113896e-01 5.47516346e-02
    1.39353299e+00 8.04837704e-01 1.11539102e+00 9.56883430e-02
    3.77491832e-01 1.35727024e+00 2.30150223e-02 7.45077133e-01
    1.29306686e+00 -4.32321966e-01 3.91764522e-01 -4.12579536e-01
    5.08481622e-01 -4.67320800e-01 1.01825953e+00 6.15169406e-01
    -1.86992109e-01 3.73946965e-01 1.41516984e-01 -5.12668371e-01
    -1.82417095e-01 1.43946469e+00 6.45468235e-01 9.65108573e-01
    1.07678676e+00 2.27121830e-01 5.68889022e-01 -2.65249223e-01
    7.83961833e-01 1.33883286e+00 1.38041747e+00 1.15144444e+00
    9.46511388e-01 1.37750793e+00 6.09099865e-02 9.61123705e-01
    1.86439723e-01 -1.62388384e-02 1.00304770e+00 6.02048874e-01
    1.47810578e-01 -4.51286077e-01 7.81153560e-01 1.41516209e-01
    5.13944626e-01 3.86916280e-01 -9.77265537e-02 -4.81971949e-01
    -4.72527742e-03 -3.73606443e-01 4.23068643e-01 2.26579607e-01
    1.18264115e+00 1.29805255e+00 1.37563229e-01 1.16754913e+00
    1.24459624e+00 7.99673080e-01 -3.96491230e-01 9.56145525e-02
    -7.96812475e-02 9.27700937e-01 9.11903977e-01 -4.50668037e-02
    1.47289205e+00 -3.44836712e-01 9.16239202e-01 4.05807495e-02
    4.22011554e-01 -1.07436955e-01 4.60866690e-01 -5.29942453e-01
    1.34072018e+00 6.99885130e-01 9.49227095e-01 5.57155848e-01
    7.19854295e-01 7.06379414e-01 2.23359317e-01 -3.11086535e-01
    1.34510076e+00 9.73101914e-01 7.74200439e-01 7.30843782e-01
    1.27788734e+00 8.30616295e-01 -6.90793991e-03 4.50048149e-01
    3.57306480e-01 1.12026250e+00 7.75100589e-01 8.01084459e-01
    6.93640649e-01 7.47179925e-01 3.48333299e-01 -1.47250205e-01
    2.85772026e-01 -1.31888688e-02 7.89176702e-01 8.60460758e-01
    8.24702680e-01 -3.77983153e-01 7.51777291e-02 -1.46830976e-02
    7.85020947e-01 2.10159659e-01 -2.33346641e-01 4.88104463e-01
    6.76862359e-01 -5.38005352e-01 1.03556192e+00 1.00246763e+00
    5.02732575e-01 -4.69409317e-01 1.16471028e+00 -1.91031665e-01
    1.40205503e+00 -3.99212599e-01 3.04850817e-01 7.34509110e-01
    1.58498144e+00 1.28003049e+00 1.27159011e+00 9.39357162e-01
    -2.06655800e-01 9.96399522e-02 -3.92899811e-02 8.13985765e-01
    1.44160271e+00 -2.95478106e-03 -3.15650284e-01 1.05108798e-01
    -3.79431546e-01 -3.05861592e-01 -1.61185414e-01 4.18252617e-01
    1.28742576e+00 1.51675791e-01 1.82029486e-01 7.43786931e-01
    1.52912366e+00 7.19680190e-01 2.49920309e-01 -4.39956784e-01
    6.45355701e-01 3.16054702e-01 1.47264028e+00 7.81529784e-01
    -4.84504998e-01 6.19718790e-01 1.27064455e+00 -2.17596829e-01
    1.48054695e+00 -2.48031199e-01 6.13720477e-01 1.09106815e+00
    4.56169903e-01 2.53379285e-01 -3.75152409e-01 6.15968049e-01
    1.45984018e+00 3.80716503e-01 2.98462212e-01 -8.91546905e-02
    -4.27164286e-01 5.68339586e-01 3.69377375e-01 -5.10746121e-01
    8.50225091e-02 -3.33757281e-01 -6.93539083e-02 1.37293231e+00
    -4.27631736e-02 -7.40935206e-02 -1.84815913e-01 1.22930896e+00
    4.38248575e-01 1.08645344e+00 1.31493092e+00 1.10963416e+00
    8.93495679e-01 6.61020994e-01 1.45502687e+00 8.35584044e-01
    -2.28688598e-01 1.11690331e+00 -4.19193864e-01 -1.37302995e-01
    1.46373367e+00 1.31535816e+00 7.30461657e-01 5.50221026e-01
    -3.29395056e-01 9.20772612e-01 -4.35988069e-01 4.58544791e-01
    1.18018949e+00 -1.77900940e-01 1.44933426e+00 9.63911116e-02
    1.21457553e+00 3.53582561e-01 4.95066643e-01 1.35338509e+00
    -1.43148899e-02 -4.29686874e-01 4.99771059e-01 -3.09576690e-01
    9.31005120e-01 7.27957785e-01 1.23926663e+00 1.26034880e+00
    -2.73316413e-01 1.25702631e+00 -2.02769637e-02 -2.39013433e-01
    2.64146179e-01 1.35048795e+00 -4.32407856e-01 2.42900550e-01
    -3.55129421e-01 -2.35049427e-01 5.41889250e-01 -4.42697406e-02
    8.09373140e-01 5.42576313e-01 2.40092099e-01 3.87841463e-02
    -5.58628023e-01 1.09341598e+00 8.19057882e-01 5.11689186e-01
    5.17753661e-01 9.23000693e-01 3.71057034e-01 -2.57661641e-02
    9.80178595e-01 6.55017734e-01 6.18099391e-01 -3.11523050e-01
    1.32784832e+00 8.61775100e-01 -6.63454354e-01 9.89829361e-01
    3.21368873e-01 4.32650030e-01 2.10991204e-02 7.18900561e-01
    -2.96077490e-01 1.52902198e+00 4.84075278e-01 2.53009319e-01
    -5.56382537e-02 1.06396699e+00 3.49958718e-01 1.17212653e+00
    -3.01699638e-01 -2.14515090e-01 -2.86885858e-01 9.00735736e-01
    -2.70581841e-01 8.67167950e-01 -2.52047598e-01 1.34111691e+00
    1.42436051e+00 1.53633296e-01 4.94278014e-01 3.72076690e-01
    8.46796930e-01 3.29736948e-01 -4.19164181e-01 8.26085746e-01
    2.37668335e-01 1.18169463e+00 9.15722251e-01 7.65469730e-01
    -5.30848384e-01 4.53519344e-01 3.29842448e-01 -4.08860922e-01
    3.15747380e-01 -1.30516738e-01 1.29482722e+00 1.09571660e+00
    -1.05867922e-01 6.96623504e-01 -6.63002551e-01 1.37013173e+00
    4.62902427e-01 1.15025342e+00 1.13015270e+00 -1.24828964e-01
    9.71507788e-01 -4.01693553e-01 3.89226139e-01 -3.21203589e-01
    4.83332992e-01 2.04535723e-02 4.72943485e-01 1.23550773e+00
    8.69335473e-01 1.34922481e+00 -1.70890033e-01 8.48753870e-01
    7.03656793e-01 3.84344518e-01 1.10665989e+00 9.65735793e-01
    -1.11462951e-01 8.40850711e-01 1.37046695e-01 -1.20463103e-01
    4.19422686e-01 -1.92706108e-01 4.33508575e-01 9.02820230e-01
    1.09344196e+00 6.71202064e-01 8.50403309e-01 8.99814129e-01
    3.75586480e-01 -3.82170379e-01 6.08248949e-01 -3.23868990e-02
    7.92185485e-01 8.52166355e-01 4.88106191e-01 1.19497609e+00
    -2.56652147e-01 9.47772682e-01 -2.34010816e-01 9.17263567e-01
    2.70576298e-01 1.85203195e-01 7.02284575e-02 -2.27885708e-01
    -2.56371349e-01 5.84400892e-01 -3.25302660e-01 8.82079422e-01
    -3.82903248e-01 5.52981913e-01 5.30619383e-01 5.59608519e-01
    -4.07764614e-01 8.63808095e-01 1.05060601e+00 4.30661440e-03
    7.10457206e-01 4.02203649e-01 6.08163953e-01 9.97632504e-01
    1.85002714e-01 -2.56424248e-02 1.53728819e+00 -3.41017962e-01
    -2.67623335e-01 9.95471358e-01 -3.43162417e-01 1.28775096e+00
    8.87087941e-01 3.54554385e-01 3.15572262e-01 -3.68146211e-01
    1.50589383e+00 5.97385943e-01 -5.80133557e-01 -4.20489907e-02
    6.08262241e-01 -2.96120137e-01 -1.59930170e-01 4.51485932e-01
    1.21886945e+00 1.36898851e+00 -3.73180091e-01 -2.17010677e-01
    7.96501756e-01 7.04972148e-01 -4.19546008e-01 9.14345860e-01
    -7.15677142e-02 1.01721019e-01 -9.20500457e-02 3.38095546e-01
    4.06862557e-01 -4.68005568e-01 7.29447365e-01 1.55876696e+00
    1.55549121e+00 6.32922173e-01 -4.06332552e-01 1.22781062e+00
    -4.79069591e-01 3.62436831e-01 1.28441191e+00 3.32149506e-01
    2.90271908e-01 4.87663984e-01 -4.44519758e-01 1.34855628e+00
    7.22736776e-01 3.56878638e-01 1.36016846e-01 8.64730239e-01
    4.81635958e-01 1.44538665e+00 1.17296553e+00 4.07126248e-01
    -1.68138966e-01 2.36545891e-01 8.46460521e-01 1.43693507e-01
    4.34671700e-01 -9.26254392e-02 9.01859999e-03 1.25343657e+00
    1.15689230e+00 1.22278023e+00 4.46086764e-01 7.76726246e-01
    9.69346642e-01 4.96196449e-01 6.92706108e-01 -8.34990740e-02
    1.58143854e+00 8.80011201e-01 5.23591876e-01 1.37283814e+00
    7.48617411e-01 1.05013335e+00 -2.34694839e-01 -3.11892748e-01
    1.13806987e+00 -4.71917629e-01 1.35024619e+00 -1.96652830e-01
    -1.89504683e-01 -3.06538552e-01 4.11059707e-01 2.27037847e-01
    3.05260122e-01 7.70652652e-01 7.49959946e-02 -6.77112937e-02
    2.25570381e-01 1.41484320e+00 -5.31888008e-03 -1.72787607e-01
    -5.20880878e-01 -1.15363032e-01 6.83690667e-01 5.79869807e-01
    7.95430839e-01 8.22967768e-01 1.56307054e+00 1.04981709e+00
    2.37821668e-01 1.56318998e+00 -8.45926106e-02 -3.46474528e-01
    7.82345653e-01 2.21772909e-01 1.40274131e+00 -1.84996426e-01
    -4.21625912e-01 -4.33440953e-01 2.45680600e-01 1.27029920e+00
    -5.07757366e-01 4.35775280e-01 -2.37259343e-01 -2.74836123e-01
    8.24318647e-01 -1.46989852e-01 1.12785244e+00 5.01433253e-01
    8.82596314e-01 1.32869673e+00 2.23112822e-01 -2.75363803e-01
    -5.12493134e-01 1.17349124e+00 6.28587961e-01 9.38953400e-01
    4.91604388e-01 1.13846505e+00 1.27386642e+00 1.38145351e+00
    1.36332011e+00 -2.90618539e-01 -4.49952632e-01 -4.18446034e-01
    3.53985608e-01 -2.40126833e-01 -3.60304117e-02 6.22456193e-01
    1.35586548e+00 1.35460913e+00 -4.34197426e-01 1.35427332e+00
    8.62883925e-02 1.12064934e+00 2.99059510e-01 1.47700465e+00
    -4.02120024e-01 1.33478916e+00 9.14950073e-02 1.43115997e-01
    1.05846059e+00 1.50873160e+00 1.49210858e+00 -3.61199319e-01
    6.50276005e-01 1.33425641e+00 -8.38481784e-02 7.95620561e-01
    1.01189232e+00 3.26104879e-01 8.12172234e-01 4.48028386e-01
    1.13496387e+00 1.31519949e+00 1.19678092e+00 1.10174739e+00
    1.24149072e+00 1.56672478e-01 1.06443548e+00 4.44593728e-01
    3.91437948e-01 2.87522376e-01 1.01809633e+00 8.01907837e-01
    4.70911384e-01 1.03260231e+00 1.35988081e+00 8.19355249e-01
    4.92787898e-01 -3.87860030e-01 8.01673234e-01 5.61972141e-01
    -5.26173651e-01 -5.72306752e-01 1.34984350e+00 3.97092819e-01
    1.15321827e+00 -4.69235182e-01 4.93336797e-01 -4.10546243e-01
    1.20107532e-01 1.08030170e-01 3.54109317e-01 1.59134245e+00
    1.09720552e+00 6.10650480e-01 1.47660375e-02 9.04960930e-01
    -9.71648693e-02 6.18519485e-02 -1.60181999e-01 7.33877003e-01
    5.21165729e-01 8.47158670e-01 1.25774050e+00 4.45345759e-01
    6.52558982e-01 -4.77540314e-01 9.47112739e-01 6.18029356e-01
    9.17000055e-01 8.17717612e-01 7.98973441e-01 5.24717569e-02
    9.85770404e-01 -1.74003243e-01 5.40379465e-01 -1.86747253e-01
    -6.71608746e-02 -3.27355742e-01 -4.06399965e-02 -2.92723477e-01
    7.26133287e-01 1.36987364e+00 1.45240080e+00 -5.08973002e-02
    1.34005404e+00 1.16580009e+00 1.32457304e+00 9.76830959e-01
    1.32678211e-01 -2.86117107e-01 1.22094476e+00 9.24015522e-01
    6.44088984e-02 5.06290197e-01 8.69730473e-01 1.21550930e+00
    9.05860841e-01 1.25725913e+00 1.20457697e+00 9.35055137e-01
    1.31401920e+00 -3.34298581e-01 5.18456697e-01 4.90227699e-01
    1.37284565e+00 1.22908640e+00 6.87935352e-01 1.51642096e+00
    1.28582716e+00 -3.94273132e-01 -2.89597362e-01 4.69755173e-01
    1.73539311e-01 9.32347298e-01 -2.08995327e-01 -3.01271766e-01
    2.06054747e-02 4.54114795e-01 6.98220134e-02 2.53648490e-01
    8.30789924e-01 2.85504520e-01 4.63349283e-01 3.19142282e-01
    2.37750411e-01 3.57821584e-01 1.22319293e+00 -1.40776396e-01
    1.39369750e+00 -1.25567019e-02 1.49634433e+00 -1.02109104e-01
    1.48585272e+00 -4.65544015e-01 1.55092299e-01 -3.77205044e-01
    -3.27106953e-01 1.53417730e+00 9.26599860e-01 9.43193793e-01
    9.46972251e-01 -3.18295151e-01 1.14951777e+00 1.94649518e-01
    5.97958982e-01 -4.51900721e-01 2.34680682e-01 1.21576643e+00
    6.51030660e-01 -2.14461297e-01 6.73779964e-01 -2.31330633e-01
    9.10427094e-01 6.78517818e-02 7.46340871e-01 1.34354901e+00
    1.38894629e+00 1.10036492e+00 -3.67625356e-01 -2.59708524e-01
    -3.55185449e-01 8.97371411e-01 3.06473464e-01 1.66699338e+00
    -2.20340446e-01 7.86737323e-01 7.85244703e-01 1.31907046e+00
    3.10711563e-01 -3.11357498e-01 5.53511381e-02 1.01680195e+00
    4.85312581e-01 -6.24822438e-01 5.35519123e-02 9.80144382e-01
    -2.37012774e-01 5.46415150e-01 -3.30183208e-02 9.43070233e-01
    3.75318825e-01 1.52587891e-05 1.74449563e-01 6.75712109e-01
    2.57078111e-01 3.61087024e-01 5.71321428e-01 7.24435985e-01
    1.13888192e+00 2.33205438e-01 -2.12906539e-01 -4.16809380e-01
    -4.04258102e-01 9.09688592e-01 4.31575894e-01 5.75625479e-01
    1.34002221e+00 1.14871955e+00 1.13183641e+00 1.35813642e+00
    -2.42017746e-01 1.12736762e+00 -1.03562057e-01 1.15991569e+00
    1.07361031e+00 4.44957256e-01 1.26938570e+00 1.51301289e+00
    3.74891996e-01 -1.56899422e-01 -1.24048591e-01 -3.45930755e-01
    -3.12780201e-01 3.35882962e-01 -4.52691555e-01 6.13915026e-02
    1.12255454e-01 2.58314192e-01 5.41312158e-01 -4.24860418e-02
    1.63343775e+00 1.23231024e-01 3.80406678e-02 1.40638638e+00
    9.60054278e-01 1.12859213e+00 -1.59973487e-01 6.49179935e-01
    2.50741035e-01 -4.91397321e-01 1.08473694e+00 4.00861859e-01
    1.20904684e+00 -1.32589817e-01 1.05747223e+00 -6.13034666e-02
    8.10180664e-01 2.97963619e-03 1.03461349e+00 -4.84654069e-01
    1.06167901e+00 -1.38391763e-01 1.42807305e-01 7.92384565e-01
    6.48800910e-01 -2.02565670e-01 -1.74886316e-01 -2.04319507e-01
    1.45026398e+00 3.20130497e-01 5.89833260e-02 8.10392082e-01
    1.19867229e+00 1.25399566e+00 9.77030337e-01 8.59480560e-01
    2.36658037e-01 9.49763060e-02 1.52127123e+00 -2.66940653e-01
    -1.44487023e-02 6.97323322e-01 2.60479897e-01 -5.22557378e-01
    -1.05862737e-01 2.79832691e-01 -5.18572628e-02 2.76844203e-01
    6.95110977e-01 9.28095520e-01 -3.76034349e-01 7.46305823e-01
    1.22769499e+00 7.10844934e-01 5.04838824e-01 -1.36374235e-02
    -4.67746317e-01 -1.81538761e-01 -2.79240161e-01 -3.85790974e-01
    7.80235350e-01 8.56611729e-02 -4.41929758e-01 9.63672817e-01
    5.09313762e-01 1.21759892e+00 2.15326011e-01 3.45173419e-01
    -5.63601255e-01 -2.82594264e-01 1.49719048e+00 1.05597639e+00
    9.80015397e-02 7.37169743e-01 1.13563448e-01 3.28437328e-01
    1.02464521e+00 1.17651701e+00 1.03375518e+00 -1.10622615e-01
    1.06381083e+00 1.27590597e-01 4.99037504e-01 9.50514793e-01
    1.25403583e+00 3.32009971e-01 1.72956377e-01 1.03283644e-01
    1.44766855e+00 2.11155981e-01 5.78138769e-01 -2.24938661e-01
    9.19986665e-01 -3.93264294e-01 1.08038425e+00 5.21409571e-01
    -1.13261193e-01 2.71548331e-01 -7.58789480e-02 8.94667745e-01
    -4.24239755e-01 1.25761342e+00 -1.77700222e-01 1.79892510e-01
    -6.99459314e-02 1.35596395e+00 8.16424906e-01 1.88667834e-01
    -4.18141484e-02 -2.48911470e-01 1.13678217e+00 -1.99601948e-01
    6.92027450e-01 9.22519445e-01 4.02447551e-01 -4.12492275e-01
    -2.86404759e-01 1.36364043e+00 5.23919046e-01 1.39376855e+00
    -3.67923200e-01 -1.07223868e-01 1.39483309e+00 7.07534373e-01
    1.69527471e-01 4.90933418e-01 1.38914990e+00 7.56220520e-02
    -3.51096064e-01 3.90493482e-01 8.23427796e-01 -4.17762101e-01
    -5.85068882e-01 1.37144172e+00 3.06959093e-01 5.46246111e-01
    4.62611437e-01 -8.34030211e-02 9.52176094e-01 -3.28731269e-01
    1.04434037e+00 -4.63437021e-01 -5.49588919e-01 3.58169019e-01
    1.04727244e+00 -1.28314823e-01 1.18622708e+00 1.42313313e+00
    3.70097458e-02 3.26680571e-01 9.02557135e-01 -2.33110636e-01
    6.42158985e-02 1.61396480e+00 -1.13299489e-02 1.31405437e+00
    5.56649208e-01 1.19709730e+00 5.63892007e-01 1.21029353e+00
    1.36926854e+00 1.02601147e+00 -1.84233546e-01 6.76553547e-01
    5.01658142e-01 -6.24810755e-02 2.91522443e-01 9.23757195e-01
    7.45147228e-01 -3.03000212e-01 1.18881106e+00 2.91247070e-01
    1.13986218e+00 1.13345122e+00 1.20267034e+00 -4.53733802e-01
    -7.14619458e-02 1.06297112e+00 -2.02382833e-01 4.59046006e-01
    -1.82039142e-02 7.02056408e-01 1.39338553e+00 1.15942740e+00
    -5.80946803e-02 1.11104774e+00 -1.06924653e-01 -2.08905667e-01
    -7.95618594e-02 1.59551203e-01 2.25173712e-01 1.27473223e+00
    3.15388083e-01 -4.57052082e-01 -3.60762656e-01 -9.62288082e-02
    4.89564836e-02 1.29233062e+00 6.15156651e-01 5.01244843e-01
    1.54080415e+00 9.05346036e-01 1.37705231e+00 -3.93712223e-01
    1.45466781e+00 1.03760624e+00 9.91320074e-01 8.20030391e-01
    7.41782427e-01 1.35161877e+00 8.78741145e-01 2.53685355e-01
    1.13491714e-01 1.12472439e+00 1.16877854e-01 -1.42178923e-01
    4.83118474e-01 -4.52062428e-01 1.32900858e+00 6.31478488e-01
    1.13094211e+00 4.91321087e-03 4.54793692e-01 1.33892155e+00
    1.23089731e+00 1.24310791e+00 -3.48046362e-01 5.09606957e-01
    1.15493774e+00 -3.13739061e-01 8.59066844e-02 1.09448218e+00
    4.38280463e-01 1.41949475e-01 -2.78930873e-01 1.90597296e-01
    8.43897223e-01 1.58011079e-01 1.30394709e+00 1.44980931e+00
    -4.05302942e-02 6.91151857e-01 -4.47322577e-01 -2.99017280e-01
    8.46783400e-01 1.34728193e+00 -3.34124744e-01 -3.13899428e-01
    1.12821841e+00 -3.73933136e-01 -3.71207058e-01 1.56494212e+00
    1.35680509e+00 7.27506399e-01 1.95038408e-01 1.58979356e-01
    -4.04576927e-01 -3.91394377e-01 -1.42165422e-02 6.83755994e-01
    7.20721722e-01 3.29835474e-01 2.33963192e-01 -5.36179543e-02
    9.92944360e-01 1.20931375e+00 1.11777902e+00 1.30178201e+00
    1.15525818e+00 1.52980745e-01 1.02576613e+00 5.98191023e-01
    6.43851101e-01 1.35022968e-01 3.34259391e-01 -1.95054412e-02
    4.04663444e-01 2.95856297e-01 5.98265409e-01 7.36122191e-01
    1.38264668e+00 8.88769269e-01 3.73844057e-01 5.26874185e-01
    1.46642542e+00 -3.71092975e-01 3.67525697e-01 3.66608828e-01
    4.12729561e-01 -3.38029236e-01 4.91025388e-01 8.94649625e-01
    6.00304723e-01 2.98249006e-01 -1.78355962e-01 -9.30484533e-02
    9.97139513e-01 4.46313679e-01 1.42476034e+00 6.24749601e-01
    -2.50078738e-02 -4.39833105e-01 8.93831789e-01 1.37607098e+00
    3.10277522e-01 1.38823247e+00 -3.66240740e-03 7.80605733e-01
    -4.00756419e-01 1.32452583e+00 -5.07285476e-01 5.55306435e-01
    8.64441395e-01 1.38363242e-02 7.41245747e-02 1.12375426e+00
    6.10796690e-01 1.47787213e-01 2.97510386e-01 1.45577657e+00
    5.26999235e-02 1.19742596e+00 6.53828025e-01 8.85449827e-01
    8.91911268e-01 1.23860788e+00 -2.60518789e-01 2.91224539e-01
    -3.39870960e-01 1.21246076e+00 -1.23899758e-01 1.37540579e+00
    1.00107074e+00 1.22735667e+00 3.96095514e-02 3.62242639e-01
    1.40319800e+00 -3.60496938e-01 3.16693664e-01 -4.24033761e-01
    1.04115987e+00 -3.94251466e-01 -9.40064192e-02 -4.71645951e-01
    8.52509141e-01 -1.95972174e-01 3.79054725e-01 7.55886078e-01
    6.14795804e-01 -1.26197666e-01 1.10497367e+00 5.38825989e-05
    3.91661286e-01 2.78025866e-03 1.06041574e+00 1.34293175e+00
    -4.64850008e-01 2.95110226e-01 9.66163158e-01 1.15325856e+00
    -5.62806010e-01 1.06940246e+00 -5.64452767e-01 6.33439481e-01
    1.44927025e+00 7.04187810e-01 2.18652487e-02 1.20962501e+00
    1.29683602e+00 2.45962441e-01 6.82332516e-01 3.51267338e-01
    -4.76541996e-01 1.19020295e+00 1.45294428e-01 9.40343559e-01
    8.44694376e-02 -1.81446075e-01 6.03996396e-01 -3.44103098e-01
    7.67407596e-01 3.68566692e-01 3.11125278e-01 -4.08667743e-01
    4.73021924e-01 1.69698745e-01 9.22609210e-01 9.78442073e-01
    -6.17414117e-02 1.02600741e+00 1.32563829e+00 1.10111082e+00
    9.43786800e-01 -3.40929925e-01 3.46036553e-01 1.36090279e+00
    9.83925581e-01 1.39073431e-01 2.07197070e-01 8.47720623e-01
    6.39430881e-02 4.64080215e-01 1.40895021e+00 1.23831928e-01
    7.28235245e-01 3.53954285e-01 1.49112153e+00 -3.22844118e-01
    3.54273021e-01 2.05109209e-01 2.76832938e-01 -3.22365314e-01
    -1.62673593e-01 -3.88042003e-01 -3.07625443e-01 1.04318833e+00
    3.19198370e-02 1.39127684e+00 8.98897409e-01 5.71116090e-01
    -3.38929892e-01 -4.36451972e-01 -3.70801508e-01 4.68516052e-02
    1.40399706e+00 3.37016106e-01 7.37680912e-01 -4.31223989e-01
    7.62633026e-01 1.40318048e+00 4.25673664e-01 -9.68461931e-02
    5.34535885e-01 1.29907393e+00 6.13086343e-01 9.46024477e-01
    1.03762662e+00 -3.72003436e-01 -1.95972085e-01 -2.37011522e-01
    1.42075014e+00 3.70748460e-01 6.57707095e-01 1.07422817e+00
    8.09521496e-01 1.32045996e+00 -5.44731498e-01 9.65845466e-01
    1.40305161e+00 -1.53923303e-01 -1.73813611e-01 9.40950990e-01
    1.34609032e+00 1.78179741e-01 1.59238064e+00 -1.99897826e-01
    6.88453317e-02 2.75727689e-01 -4.09112483e-01 1.47250009e+00
    7.49720573e-01 4.12287712e-02 9.98132646e-01 2.24375725e-02
    4.96249318e-01 4.26859856e-01 1.20648861e+00 3.11583936e-01
    -2.67149836e-01 8.36687446e-01 4.18046713e-02 4.82551217e-01
    1.56256664e+00 8.91976357e-01 8.54898453e-01 1.03890789e+00
    -2.76472896e-01 1.27537894e+00 1.06430173e-01 -4.61035967e-01
    1.29705858e+00 1.10384464e+00 4.48070288e-01 4.34987545e-02
    1.37398422e+00 5.12688994e-01 3.69412899e-02 -3.46981347e-01
    1.24986029e+00 2.16385365e-01 7.09759414e-01 -1.92711949e-02
    1.43014789e+00 5.90292215e-01 1.22236359e+00 -3.51344168e-01
    1.19746959e+00 2.97474861e-03 1.19131935e+00 7.61761785e-01
    -2.67234772e-01 2.19595045e-01 9.73496079e-01 1.44514906e+00
    1.22000647e+00 1.29069507e+00 9.06834006e-01 -3.87307823e-01
    3.87217641e-01 2.01176703e-02 2.24730045e-01 2.89701015e-01
    8.04143906e-01 2.41142333e-01 1.52411848e-01 2.81237394e-01
    -2.28833035e-01 -1.28717959e-01 1.27025223e+00 1.96446061e-01
    1.86050832e-01 1.52523053e+00 1.10678101e+00 2.98843443e-01
    1.12045383e+00 1.04973602e+00 3.86281073e-01 1.97260380e-02
    -2.58292764e-01 1.63369310e+00 1.53678691e+00 -2.40501374e-01
    9.31196690e-01 2.54785806e-01 4.36297536e-01 -4.42578495e-01
    9.18832183e-01 -1.40170723e-01 6.14951611e-01 2.34902143e-01
    7.41330504e-01 3.47387373e-01 -2.33740807e-02 1.31249487e-01
    -4.75888193e-01 5.31045556e-01 6.98802590e-01 4.31885660e-01
    -3.93329054e-01 1.62180662e-01 1.15493965e+00 5.74525833e-01
    3.97167861e-01 1.17243838e+00 6.07175171e-01 1.92581594e-01
    -3.50395292e-01 1.52827644e+00 -1.61370248e-01 8.40411425e-01
    1.34949374e+00 -7.89940357e-02 1.36422276e+00 -2.82383502e-01
    5.14221013e-01 6.35508299e-01 1.16388321e-01 1.85575783e-01
    1.08721387e+00 4.34577703e-01 1.01982903e+00 5.00361085e-01
    5.03412008e-01 1.33718538e+00 1.74162447e-01 1.42292464e+00
    -4.72740740e-01 5.19603133e-01 1.00243330e+00 1.31419468e+00
    -5.75685322e-01 1.29960060e+00 1.35965383e+00 2.25641131e-01
    -4.55327451e-01 -1.61980331e-01 -5.11271179e-01 9.24955249e-01
    -3.39764297e-01 1.96443796e-01 8.62728655e-01 -1.60465121e-01
    8.50618720e-01 5.87547481e-01 6.17990136e-01 2.71977186e-02
    6.72567904e-01 2.52644837e-01 8.45923722e-01 6.22764230e-02
    1.04446483e+00 -4.28875476e-01 5.43528080e-01 8.03154349e-01
    -3.00361663e-01 9.15494323e-01 4.25046384e-01 1.40627885e+00
    1.13367438e+00 -4.28504437e-01 4.60875154e-01 1.44457817e+00
    2.00976610e-01 2.76474059e-01 1.09558272e+00 -1.72592223e-01
    3.63218784e-02 -4.06383157e-01 1.11172175e+00 1.42152190e+00
    1.22800004e+00 1.28420305e+00 7.64067650e-01 1.23531091e+00
    1.19665384e-01 2.07527876e-01 -7.34219849e-02 1.22801483e+00
    1.21486735e+00 -8.00123811e-02 1.37602091e+00 1.02944756e+00
    7.50646710e-01 -1.72055393e-01 3.38833392e-01 3.56540799e-01
    1.03066683e+00 7.36488104e-02 1.51058125e+00 1.31830382e+00
    1.28496647e+00 5.93897104e-02 9.66947079e-01 7.94035196e-01
    3.79939437e-01 -2.53622353e-01 5.95611870e-01 1.18088603e+00
    -1.26136780e-01 4.78378713e-01 7.73791730e-01 -4.66252714e-01
    4.59365785e-01 7.36749411e-01 -2.10585892e-01 6.44087791e-02
    9.92194951e-01 1.27150714e+00 1.14774227e+00 -4.55468625e-01
    6.09192252e-02 5.77872157e-01 -8.39828551e-02 8.17621768e-01
    4.97784764e-01 1.54018283e+00 1.38322949e-01 2.24765927e-01
    -7.33109713e-02 3.84621024e-02 5.46152949e-01 1.14386630e+00
    -2.32581407e-01 9.54964995e-01 3.43302131e-01 7.94475794e-01
    1.29831243e+00 1.30210972e+00 1.61516643e+00 5.17278433e-01
    -1.49231851e-02 9.98994946e-01 -2.44079426e-01 5.22391200e-01
    -4.90539044e-01 1.16819286e+00 -5.23506403e-01 -2.57998556e-01
    8.54599833e-01 -3.41970921e-01 1.19080377e+00 9.32910979e-01
    6.62617087e-02 -4.07083929e-01 1.58662766e-01 7.50296354e-01
    9.74959135e-03 1.46629143e+00 1.13132691e+00 2.79938519e-01
    6.76405609e-01 3.43266726e-02 -3.24226916e-01 1.08652484e+00
    -2.24191055e-01 1.22478843e-01 3.94003451e-01 5.44477522e-01
    4.61135864e-01 1.41605914e-01 -5.09441495e-02 9.26810145e-01
    -1.58199131e-01 -1.40738726e-01 -2.48248860e-01 -1.24268740e-01
    1.41744566e+00 7.62257814e-01 2.00293958e-01 7.16158748e-02
    1.63682282e-01 -3.74360114e-01 1.36925244e+00 8.32423031e-01
    5.96499681e-01 1.52072442e+00 -4.76885527e-01 8.90563965e-01
    1.51450825e+00 -2.31311530e-01 -2.11791903e-01 5.95916867e-01
    -4.71994549e-01 1.54044199e+00 5.19639075e-01 -2.12436795e-01
    1.17023635e+00 5.92410684e-01 9.94472444e-01 -8.23595524e-02
    -3.41989189e-01 2.44591653e-01 3.81940454e-01 6.64891958e-01
    8.65421772e-01 1.19108152e+00 -3.78331453e-01 1.32477784e+00
    -4.86738235e-01 1.80436134e-01 3.18506956e-01 7.74312615e-02
    -1.57393217e-02 9.79387105e-01 7.82456577e-01 6.60727024e-01
    -3.24858874e-01 9.71253753e-01 8.15831602e-01 -1.71717703e-01
    8.00976813e-01 1.04261708e+00 2.70175815e-01 9.92193758e-01
    4.57520545e-01 -1.00479126e-01 1.15480864e+00 8.76869500e-01
    1.10758817e+00 1.29314911e+00 3.88970494e-01 5.98707318e-01
    -3.12934309e-01 -2.33895957e-01 -2.99043536e-01 1.26621747e+00
    -3.52589905e-01 -3.56993705e-01 -1.65474415e-03 1.64669514e-01
    8.97959232e-01 -1.64758563e-01 1.53126669e+00 1.40271389e+00
    -4.61654305e-01 -1.30566299e-01 2.73806721e-01 9.43092883e-01
    1.27298355e+00 -9.29361284e-02 1.26292336e+00 5.26381433e-02
    8.99673700e-02 -3.22171628e-01 -4.21591938e-01 1.20118392e+00
    5.20840347e-01 6.37106419e-01 1.04115677e+00 -4.35026377e-01
    -3.70968252e-01 9.21092272e-01 1.12230980e+00 1.47358930e+00
    1.44834781e+00 1.03675663e-01 7.20886409e-01 2.71667778e-01
    -4.96344835e-01 6.08579397e-01 1.30934978e+00 5.27799606e-01
    3.06777656e-01 -1.71888262e-01 3.74022126e-01 -2.32074112e-01
    -5.73145211e-01 3.23767066e-02 7.90676773e-01 1.05659056e+00
    1.49713063e+00 -2.39284992e-01 3.15826952e-01 1.01614022e+00
    -1.79896384e-01 1.13242793e+00 1.34739065e+00 4.14495230e-01
    9.16644454e-01 1.11996531e+00 3.88912082e-01 -2.49173045e-02
    1.01743639e-01 7.66666591e-01 7.48800695e-01 1.31723046e+00
    3.21138918e-01 -4.96938586e-01 -3.92210424e-01 1.38988304e+00
    1.45552540e+00 1.44892764e+00 4.11820054e-01 6.68681622e-01
    1.14217520e-01 6.04219794e-01 5.58072805e-01 3.27256620e-01
    3.52393419e-01 4.38957453e-01 4.06984389e-01 1.36893559e+00
    9.31252778e-01 1.42016006e+00 1.28076386e+00 3.24763656e-02
    5.20035088e-01 -6.31702244e-02 1.01377523e+00 1.55629456e-01
    1.00249934e+00 8.30369473e-01 9.44015384e-01 9.24230635e-01
    5.53184748e-03 1.39879179e+00 -5.63740313e-01 6.15630686e-01
    5.71393907e-01 7.17111290e-01 3.57436538e-01 1.19639921e+00
    5.26813686e-01 1.48275495e+00 1.41413093e+00 2.60458887e-01
    -3.30702841e-01 -2.22542763e-01 3.14362884e-01 3.19949031e-01
    1.03868282e+00 9.44152176e-01 -9.37485695e-03 1.30463743e+00
    7.19714820e-01 3.39058995e-01 7.03787923e-01 3.01598251e-01
    1.50045586e+00 2.57076323e-01 1.40182054e+00 1.42742252e+00
    7.18170524e-01 1.11043036e+00 4.80491757e-01 -1.95108801e-01
    2.19734848e-01 3.13416153e-01 -4.40606803e-01 2.45570123e-01
    1.45529675e+00 1.99439466e-01 -8.74149799e-03 -3.37047875e-01
    1.39182687e+00 -4.61079925e-01 -4.56591845e-02 9.11252022e-01
    9.38093722e-01 7.46904016e-02 5.58265030e-01 8.71707439e-01
    4.29965913e-01 6.34529531e-01 6.96457982e-01 -2.57354975e-01
    -4.78030354e-01 1.31681132e+00 2.69513160e-01 4.32703763e-01
    -8.59532952e-02 -2.97866344e-01 1.64996773e-01 -2.49897763e-01
    2.39445984e-01 1.07418716e+00 8.99989188e-01 1.40182877e+00
    1.31915140e+00 3.27150404e-01 -3.31413448e-01 8.55834246e-01
    -6.71239495e-02 2.80318290e-01 -2.21849233e-01 -2.31013313e-01
    -2.82412171e-02 3.58869314e-01 6.16302133e-01 7.88646936e-01
    9.94533062e-01 1.47966909e+00 3.11402619e-01 9.06217098e-01
    4.60947156e-01 1.49046868e-01 7.42518485e-01 2.50074416e-01
    2.52434552e-01 1.45983815e+00 5.63365519e-01 -2.72376508e-01
    2.25994527e-01 6.09396160e-01 2.20891356e-01 1.38895297e+00
    8.06751728e-01 3.64129186e-01 1.46694541e+00 5.62161803e-01
    1.26747870e+00 -1.48867726e-01 1.71002865e-01 1.23480272e+00
    1.14161396e+00 1.06948078e+00 -1.27734989e-01 9.48375940e-01
    1.83400905e+00 4.00268704e-01 2.48868167e-01 7.15288758e-01
    2.07505643e-01 4.97323573e-01 7.96068549e-01 5.29069126e-01
    4.55002427e-01 1.57338095e+00 -2.03722030e-01 1.40098786e+00
    1.29819930e-01 4.98178005e-01 -4.43044126e-01 4.60401058e-01
    2.87033677e-01 7.80026197e-01 3.83790970e-01 3.31013471e-01
    -2.95794874e-01 5.71689725e-01 8.03531170e-01 7.83442914e-01
    1.14061153e+00 1.06198859e+00 3.33265185e-01 -3.95096958e-01
    1.57912159e+00 3.03524882e-01 2.75942802e-01 1.05442989e+00
    4.01946425e-01 1.36238194e+00 1.72039270e-01 3.43143940e-02
    7.99079418e-01 1.32102001e+00 -1.46604657e-01 1.40782785e+00
    -2.83482313e-01 1.18867612e+00 -4.87773657e-01 -2.04731077e-01
    8.77256691e-01 1.02723336e+00 7.00080812e-01 -3.73272657e-01
    1.03703570e+00 8.14163864e-01 -2.58245468e-02 1.15707636e+00
    1.85160339e-01 -2.90557653e-01 1.23108757e+00 -2.96032608e-01
    1.43947649e+00 3.12174231e-01 -7.25098550e-02 -3.03251863e-01
    -3.04853976e-01 1.26276863e+00 1.13696551e+00 -3.45808864e-01
    1.16611648e+00 2.38378882e-01 1.26070499e-01 1.06996393e+00
    1.25129318e+00 -1.73137724e-01 9.90168452e-01 -3.01467091e-01
    9.03547108e-01 1.19824797e-01 -3.64879936e-01 7.23448455e-01
    -3.46760392e-01 1.06031024e+00 3.73254001e-01 1.29971778e+00
    8.42938542e-01 -8.80296528e-02 3.11210126e-01 1.35635591e+00
    1.23909831e+00 -4.59444374e-01 -4.00522351e-01 1.24283504e+00
    1.54963088e+00 1.09638143e+00 -3.84952247e-01 1.14134872e+00
    3.99640083e-01 6.93336368e-01 7.26976991e-01 4.77839947e-01
    1.34978759e+00 2.20775604e-02 1.22973800e+00 2.09025383e-01
    -3.68504673e-01 1.35181904e+00 1.02779484e+00 8.00996900e-01
    1.17063785e+00 1.38422155e+00 1.23334980e+00 4.83199298e-01
    1.23094130e+00 1.68755591e-01 1.29440618e+00 1.03162527e+00
    3.77722919e-01 1.00077558e+00 9.40400541e-01 -1.42901957e-01
    1.42399454e+00 1.41124797e+00 3.15465152e-01 7.54219413e-01
    -9.59171951e-02 9.60816264e-01 4.83718455e-01 1.78488851e-01
    -2.04039782e-01 1.37147260e+00 1.50255287e+00 -3.65595698e-01
    -1.62258387e-01 8.39733899e-01 1.42613745e+00 6.21544540e-01
    8.00072670e-01 1.41352892e+00 -3.68444502e-01 6.75384521e-01
    4.34973538e-01 2.34446615e-01 6.26008391e-01 6.62306607e-01
    1.15010345e+00 -2.05328614e-01 4.19878006e-01 1.87653720e-01
    1.23248887e+00 5.35953641e-01 6.98972940e-01 1.06003547e+00
    1.69071138e-01 7.14409769e-01 1.39030552e+00 -1.00292981e-01
    1.38192487e+00 4.06289458e-01 -9.43785906e-02 4.93529022e-01
    7.02319384e-01 8.31661522e-01 1.38217759e+00 -5.72590888e-01
    1.09789228e+00 1.40978384e+00 7.82347918e-01 -6.31229877e-02
    1.57397807e-01 7.78455734e-02 1.08006716e-01 2.45031714e-01
    1.09441948e+00 -5.09439409e-01 2.32068062e-01 1.09842348e+00
    1.03819561e+00 1.16753948e+00 -1.71631902e-01 3.69549870e-01
    3.43014061e-01 -5.15854716e-01 9.50157166e-01 1.00241876e+00
    6.96995735e-01 1.02344942e+00 1.08183563e-01 -5.32050967e-01
    -2.70047545e-01 -2.17423260e-01 6.63801968e-01 3.15986216e-01
    1.12913418e+00 4.25999820e-01 -3.17155212e-01 1.50239348e+00
    1.25650024e+00 -3.93003523e-01 -2.50412941e-01 1.18047404e+00
    1.28012764e+00 2.53637135e-01 5.29843926e-01 1.34728312e+00
    1.21421337e-01 1.04900050e+00 -5.85971773e-02 3.58872056e-01
    8.46277118e-01 4.61427093e-01 1.25190902e+00 6.41302824e-01
    9.61790204e-01 1.04365742e+00 5.33640862e-01 8.39389861e-01
    1.46821904e+00 1.29753065e+00 1.11685443e+00 -1.66072816e-01
    -1.86793774e-01 3.94137621e-01 -4.71340716e-01 1.04192817e+00
    -3.56667280e-01 1.45345592e+00 5.56275249e-02 1.16217434e-02
    3.77573818e-01 -1.11546516e-02 1.41994965e+00 -5.07479310e-02
    3.05821478e-01 1.46399307e+00 -4.76928622e-01 1.29641783e+00
    -1.95975929e-01 -3.39535624e-01 9.62320924e-01 -4.58476245e-02
    1.41045916e+00 1.39155984e-01 1.41693306e+00 -2.06658691e-01
    -2.93742359e-01 6.43605709e-01 -4.96446997e-01 1.34882224e+00
    6.32781386e-02 -4.90307510e-02 -2.88654625e-01 4.43565249e-01
    1.51909924e+00 -1.49320215e-01 1.22779107e+00 4.54628646e-01
    1.01281762e+00 -1.64835691e-01 5.28032303e-01 -5.37866950e-02
    1.09346199e+00 7.05958247e-01 -2.12201163e-01 2.65073299e-01
    2.21881390e-01 -2.58715153e-02 3.32432389e-02 1.30310547e+00
    -1.34546787e-01 7.26906478e-01 -3.54399502e-01 -4.10794914e-01
    9.49427187e-01 8.46471190e-01 5.30658722e-01 5.07089972e-01
    9.41234291e-01 -4.66730028e-01 1.43371749e+00 -1.04954839e-01
    -5.41794300e-03 5.10457456e-01 6.81125581e-01 6.10967457e-01
    1.21225572e+00 1.28659821e+00 9.26349759e-02 1.38149416e+00
    -1.10471308e-01 1.20333338e+00 -1.53646827e-01 2.48719752e-01
    -8.36649537e-02 -3.88372213e-01 6.84716582e-01 -1.50731802e-01
    1.22155845e+00 5.90278149e-01 5.02400458e-01 -2.14456767e-01
    1.38615668e-02 1.22434449e+00 7.57372260e-01 1.17505991e+00
    1.16324282e+00 6.01697564e-01 9.66423929e-01 5.61715007e-01
    6.66636348e-01 1.21093500e+00 -4.87676799e-01 1.39589763e+00
    1.32070494e+00 1.75404549e-02 7.14022696e-01 -3.63318026e-01
    3.49318206e-01 3.44630957e-01 5.28658748e-01 1.01342201e+00
    1.17156398e+00 1.35089934e-01 -4.19442147e-01 9.27577734e-01
    3.62524092e-01 -2.12203860e-01 -1.25780910e-01 1.16387188e+00
    -2.11064100e-01 -4.98020649e-03 9.08951223e-01 -1.47358924e-01
    1.73808157e-01 2.76057869e-01 -4.80694175e-02 7.93556809e-01
    3.18133891e-01 1.20887017e+00 1.03459466e+00 -4.10068750e-01
    5.93644261e-01 -4.51898068e-01 1.50135684e+00 1.04156375e+00
    -3.63349020e-02 2.43992746e-01 1.20667458e+00 1.07615578e+00
    1.08545208e+00 1.20765221e+00 -5.91974556e-01 8.50234628e-02
    2.54176855e-01 6.50935769e-02 4.79439288e-01 3.29031467e-01
    7.10777879e-01 3.58351409e-01 1.84992969e-01 1.22948790e+00
    5.45855105e-01 5.72392225e-01 4.51228559e-01 2.10063875e-01
    1.33949864e+00 -1.89405739e-01 -4.99428302e-01 -1.58510298e-01
    9.88834739e-01 -1.56615615e-01 -2.91448534e-01 1.28668177e+00
    1.45342243e+00 9.92753148e-01 5.31522751e-01 5.83145559e-01
    -2.85866380e-01 3.92826915e-01 6.55889452e-01 3.54220569e-01
    1.20117533e+00 -1.64630830e-01 1.17535830e+00 3.97965610e-01
    -2.31982827e-01 -2.59349942e-01 1.36854625e+00 -1.63918048e-01
    1.38594961e+00 -9.57180262e-02 6.13568664e-01 -3.13251227e-01
    5.19839942e-01 4.23369944e-01 3.17173481e-01 1.06082869e+00
    -1.23354822e-01 -1.34180814e-01 -3.14652294e-01 -1.80747181e-01
    1.31091344e+00 4.19588029e-01 8.61849308e-01 1.16589737e+00
    1.20459056e+00 -2.90639043e-01 1.19821072e+00 6.40910447e-01
    2.04897404e-01 1.28083754e+00 9.07433569e-01 -9.93940234e-02
    1.38375854e+00 8.19452405e-01 -3.58816683e-01 5.97925484e-01
    4.13613677e-01 2.34586775e-01 1.15469503e+00 -2.30980098e-01
    1.11240566e-01 1.10354400e+00 5.63719869e-01 -5.71073353e-01
    3.18909705e-01 3.64408106e-01 1.56987739e+00 1.14416850e+00
    1.23586893e+00 9.59419608e-01 2.81013072e-01 -2.99223661e-01
    2.02834606e-01 3.92390251e-01 6.37656927e-01 -2.15310127e-01
    7.59920597e-01 -1.55228376e-03 2.60154426e-01 -2.60743827e-01
    -1.04027867e-01 9.28735614e-01 1.21946537e+00 -2.49193013e-01
    7.85848498e-02 8.79150033e-01 8.72319639e-01 3.69755208e-01
    8.11415255e-01 7.42852688e-02 1.06025100e+00 7.17518866e-01
    4.26736951e-01 8.36336792e-01 5.89942515e-01 1.42599463e+00
    -3.36388469e-01 1.49453521e+00 1.16836286e+00 2.90392846e-01
    -2.88316548e-01 -3.22753191e-03 8.42129469e-01 9.96997952e-01
    -2.15699077e-02 -1.57516211e-01 4.53890562e-02 1.40452754e+00
    -1.83274239e-01 7.49656260e-02 6.18637681e-01 6.54345751e-02
    8.21041226e-01 1.24856663e+00 5.92867434e-01 -2.69646138e-01
    4.12603974e-01 9.34947371e-01 1.22567296e+00 3.90748739e-01
    7.86401451e-01 -2.41601512e-01 8.29304695e-01 1.17873216e+00
    8.29192400e-01 1.69517994e-01 7.86715329e-01 6.34973526e-01
    4.29124236e-02 -3.47505450e-01 1.43100619e+00 -2.77972758e-01
    6.01536393e-01 1.18347549e+00 -2.08392173e-01 -1.52825892e-01
    1.10367262e+00 -4.75759238e-01 -1.15609914e-01 -2.78020769e-01
    1.15088189e+00 8.15054357e-01 -1.06548071e-02 1.37992239e+00
    -1.60339832e-01 -1.19218111e-01 3.02500695e-01 -2.07342416e-01
    9.71784890e-01 4.85568225e-01 1.10245609e+00 1.36713433e+00
    9.22805309e-01 1.11812997e+00 1.39466596e+00 -2.17282474e-01
    -1.80706739e-01 1.60132557e-01 7.65088737e-01 1.50744152e+00
    5.74525595e-02 1.06777918e+00 1.51097155e+00 -4.64589775e-01
    -4.79904145e-01 1.43732667e+00 8.93127620e-02 1.47707164e-01
    -2.66251624e-01 7.48586655e-01 6.59955025e-01 2.11386859e-01
    -1.66131228e-01 5.52261353e-01 -1.09250069e-01 -1.45730227e-01
    7.83060312e-01 -3.96331400e-01 1.29611731e+00 9.28416967e-01
    2.93890536e-01 1.88274980e-02 5.18204510e-01 2.29045153e-02
    4.75706398e-01 -2.96283454e-01 -3.13084304e-01 1.85724020e-01
    8.71965647e-01 8.11619461e-01 1.43881297e+00 5.77886701e-01
    1.20415747e+00 3.63997817e-01 2.04280317e-01 1.34559023e+00
    -3.81362736e-01 2.20886230e-01 -7.68781006e-02 1.46233797e+00
    1.85563028e-01 -8.97201300e-02 1.10343218e+00 -1.16344005e-01
    -3.14215302e-01 -4.68262911e-01 1.01275396e+00 4.42681193e-01
    9.46895480e-02 1.31733871e+00 1.08405948e-01 -1.26829356e-01
    6.95244133e-01 9.73495245e-01 -3.09668183e-02 8.86490047e-01
    1.11770284e+00 2.35302567e-01 -1.11292124e-01 1.03997111e+00
    4.22159553e-01 7.40350902e-01 3.50611806e-02 6.97715402e-01
    -2.15044886e-01 4.91953552e-01 3.39352399e-01 9.31348741e-01
    -2.59034157e-01 3.78921986e-01 6.24091983e-01 -4.72510844e-01
    9.83296573e-01 -1.39208615e-01 -2.39924252e-01 7.33485281e-01
    8.37200105e-01 8.06988180e-02 -4.08715129e-01 4.83890176e-02
    -1.35243773e-01 1.60274029e-01 -2.36745477e-02 2.84598768e-01
    6.99767470e-02 1.27781868e-01 7.59012103e-01 3.97932231e-01
    1.38341665e+00 -1.84807777e-02 -9.80566740e-02 1.24350190e+00
    -2.59047478e-01 4.05003011e-01 4.78709400e-01 1.08929920e+00
    5.64187527e-01 8.31152797e-02 1.87808275e-01 -5.82090914e-01
    1.18496048e+00 2.57098675e-01 1.00568700e+00 3.46121907e-01
    8.13426256e-01 5.11133671e-01 -4.20438766e-01 2.18999922e-01
    -3.03930610e-01 2.91888118e-02 -4.84436005e-01 2.37938583e-01
    1.34227848e+00 1.14500403e-01 -3.36027563e-01 9.30398762e-01
    -4.20931965e-01 1.49854279e+00 5.62516928e-01 1.39351273e+00
    2.93503881e-01 1.12746191e+00 9.56171095e-01 -1.89325690e-01
    -4.22324628e-01 9.40633059e-01 -3.13772857e-01 1.33601367e+00
    1.03782821e+00 1.02806509e+00 -1.38569057e-01 1.24526477e+00
    8.13704133e-01 -2.68188119e-01 7.24847078e-01 -1.27443373e-01
    1.00703943e+00 1.37515545e+00 8.82744789e-03 8.39842558e-01
    1.03022814e+00 7.02999771e-01 6.41022921e-01 3.73074651e-01
    5.00021577e-01 -7.83914924e-02 6.30259454e-01 -4.97999132e-01
    3.27907383e-01 8.52448106e-01 1.39056468e+00 5.19169927e-01
    -3.25963616e-01 1.30784130e+00 5.03046691e-01 3.09596956e-01
    7.20700562e-01 1.35178447e+00 1.26220989e+00 8.28421593e-01
    5.01669526e-01 1.54654050e+00 1.26651883e-01 -4.17328000e-01
    2.59334683e-01 5.71033835e-01 1.33538413e+00 5.43776035e-01
    9.90607142e-02 1.49390864e+00 1.50258577e+00 3.46144378e-01
    8.22377205e-03 6.51027858e-01 1.21582246e+00 -4.49714661e-01
    -4.58701849e-02 4.08879399e-01 9.84610677e-01 9.58705246e-01
    1.26643348e+00 1.39940691e+00 7.14758933e-01 -4.07681406e-01
    6.77084684e-01 6.99395657e-01 3.59538257e-01 -1.22425884e-01
    1.32930517e+00 8.25867057e-01 1.40686595e+00 5.05113840e-01
    6.70216680e-01 -3.19742799e-01 -1.26889795e-01 1.17202234e+00
    1.17055821e+00 -1.65799856e-01 1.27712655e+00 -3.00028771e-01
    1.01302505e-01 -2.02116132e-01 4.89533991e-01 4.42199916e-01
    -1.18515521e-01 5.66507459e-01 2.76223540e-01 -6.63755536e-02
    1.28479528e+00 -2.01252699e-02 6.45437419e-01 2.62335837e-01
    5.53036332e-01 3.57217610e-01 1.03297102e+00 1.55283308e+00
    1.17802942e+00 6.34190083e-01 1.13838410e+00 -7.13772774e-02
    5.63405156e-01 4.10269201e-02 -3.57996404e-01 1.25888693e+00
    4.33387130e-01 1.44026554e+00 6.36940539e-01 -3.76234293e-01
    3.98466587e-02 1.01879358e+00 1.24406612e+00 3.45173836e-01
    -2.92227775e-01 1.27664781e+00 1.42236137e+00 1.40845823e+00
    1.15906358e+00 -3.37660730e-01 1.05023253e+00 -2.59029627e-01
    -2.73148358e-01 4.18823600e-01 1.03374928e-01 -3.60696316e-02
    1.17441189e+00 1.74129486e-01 5.97779036e-01 1.34021115e+00
    6.16725266e-01 1.12513304e-01 9.11142588e-01 1.06875944e+00
    4.18520629e-01 9.05395746e-02 5.85385561e-01 3.93775851e-01
    8.03881049e-01 8.07439864e-01 -3.75616431e-01 6.71110749e-01
    1.23352218e+00 6.79157436e-01 4.54232693e-02 -1.99567705e-01
    9.14718509e-02 -1.13025457e-01 6.15719080e-01 4.02292311e-01
    1.48353314e+00 8.25226486e-01 1.39746284e+00 1.55643988e+00
    1.46809232e+00 -4.31929469e-01 3.52010250e-01 9.86033022e-01
    4.60482001e-01 7.18472183e-01 5.20817637e-02 4.33783412e-01
    -1.99092984e-01 1.51651692e+00 1.27928317e+00 8.38251114e-01
    5.42919874e-01 9.47895586e-01 3.75546396e-01 1.09611058e+00
    -2.82411546e-01 1.50569475e+00 -1.22797012e-01 3.07062685e-01
    9.61693525e-01 -1.18743181e-02 3.22304428e-01 9.98953998e-01
    -3.98667157e-01 8.60664368e-01 1.24733782e+00 5.96735537e-01
    -4.30278748e-01 7.05193281e-01 4.04697359e-01 4.41018522e-01
    7.34377325e-01 1.07360482e-02 8.87174964e-01 1.37054062e+00
    9.64742720e-01 -2.09378511e-01 1.37527633e+00 8.83613348e-01
    4.98646080e-01 5.39326489e-01 1.49480712e+00 6.69174254e-01
    -2.91926771e-01 1.28635597e+00 1.14473653e+00 3.83804083e-01
    1.43163538e+00 1.62245572e-01 5.36621869e-01 -1.38484091e-01
    1.48303533e+00 1.49248266e+00 4.28123176e-01 1.24929357e+00
    1.39052486e+00 1.57151520e-02 5.90843856e-01 -1.04929715e-01
    1.51866782e+00 1.62143779e+00 -3.58082622e-01 3.19113195e-01
    6.53055608e-01 9.58471417e-01 1.05483723e+00 6.08208776e-01
    1.29078329e+00 -6.37083650e-02 1.61004633e-01 7.02289879e-01
    4.11209106e-01 2.85955667e-01 9.69848156e-01 -1.31359190e-01
    -3.58814597e-01 8.46802056e-01 1.19647944e+00 4.12496090e-01
    8.29401374e-01 6.68262601e-01 -2.51688629e-01 7.00782835e-01
    2.97598898e-01 1.30880976e+00 1.36929226e+00 -2.71720171e-01
    4.92956519e-01 2.29138494e-01 1.08077264e+00 -5.52056432e-02
    5.35198867e-01 2.97681391e-01 2.18309879e-01 1.45071077e+00
    -3.04217696e-01 -3.06199312e-01 1.28590775e+00 1.18877304e+00
    1.75938010e-02 1.42872918e+00 4.93970096e-01 9.94282961e-03
    -2.77551293e-01 3.81246895e-01 1.22687221e+00 7.37312019e-01
    1.64825320e-01 -1.96758509e-01 1.43294227e+00 5.95780194e-01
    3.55939925e-01 1.53777897e-01 6.30464435e-01 8.65208924e-01
    1.49492651e-01 -1.18108690e-02 1.02873206e-01 5.61216354e-01
    3.56721282e-01 1.00219238e+00 9.88862753e-01 -6.67680502e-02
    3.91386330e-01 4.75573540e-03 1.88786149e-01 8.72606039e-01
    8.05628836e-01 2.12136209e-01 1.40484571e+00 1.32640362e+00
    1.33252525e+00 7.23908365e-01 8.98868561e-01 1.05061817e+00
    8.98716569e-01 4.73643839e-01 1.19947124e+00 1.16952777e+00
    6.20615304e-01 7.98692465e-01 2.74602771e-01 1.24932981e+00
    -4.68015105e-01 1.55365497e-01 3.48290056e-01 8.53213668e-01
    -1.14826947e-01 7.61978686e-01 6.40019476e-02 -4.01763201e-01
    -3.63448381e-01 6.33704960e-01 8.62538040e-01 -5.06602645e-01
    -6.93768263e-02 5.72590709e-01 6.81991994e-01 7.74657488e-01
    1.54655755e+00 8.19046676e-01 8.14061224e-01 -3.45283389e-01
    1.13748908e+00 8.78170729e-01 -3.44591111e-01 9.51757789e-01
    6.27099454e-01 -2.16990024e-01 1.02553749e+00 8.79821777e-01
    1.13902259e+00 -8.84578824e-02 3.33266377e-01 3.07121098e-01
    -2.06727237e-01 2.23222911e-01 -3.95061553e-01 -3.92007142e-01
    1.03206754e+00 1.97535127e-01 1.32412255e+00 7.15948701e-01
    1.55472368e-01 1.41535544e+00 2.68645048e-01 4.50726241e-01
    3.86833400e-01 2.80105770e-02 1.27936697e+00 -5.21747768e-01
    1.45816302e+00 9.82863784e-01 2.98255920e-01 9.54507530e-01
    4.78477567e-01 1.04131114e+00 -4.32135969e-01 -4.50248778e-01
    6.97558343e-01 -3.73927593e-01 9.02287424e-01 4.00696695e-02
    -1.90983832e-01 4.20405209e-01 1.09793115e+00 -1.09836102e-01
    -2.60340571e-01 2.80600220e-01 9.54653144e-01 3.44294459e-01
    -4.43260342e-01 1.07497406e+00 4.67750072e-01 -1.70054942e-01
    -2.35476017e-01 1.37095284e+00 -7.62174129e-02 5.21579027e-01
    -2.66818285e-01 1.08896852e+00 1.35415387e+00 1.49932599e+00
    2.66996056e-01 5.10158837e-01 1.45445168e-01 4.63551462e-01
    7.31037736e-01 2.19380081e-01 6.86706305e-02 9.75580037e-01
    1.28410101e+00 8.38248134e-02 7.36336350e-01 7.59472132e-01
    1.67332447e+00 1.18061435e+00 -4.86436009e-01 9.03189182e-02
    1.23331141e+00 8.29479396e-01 -1.87629461e-03 1.12510800e+00
    1.40130579e+00 5.26427984e-01 5.20095229e-01 1.52703512e+00
    7.40876675e-01 -1.90338194e-01 -2.34686732e-02 -3.93241823e-01
    1.24601424e-01 -1.95860535e-01 1.52879357e-02 4.95115876e-01
    -3.60959172e-01 -4.77611333e-01 9.78706181e-01 6.38636529e-01
    8.48964512e-01 1.18716455e+00 1.01631105e-01 1.04626274e+00
    3.57517570e-01 1.13904607e+00 -4.74557996e-01 -5.38869441e-01
    7.36623585e-01 1.09101343e+00 6.57202065e-01 3.26088548e-01
    4.15984809e-01 -3.82200897e-01 6.76812410e-01 5.08880615e-01
    -2.97947377e-01 5.81787229e-01 -1.74855828e-01 3.58329177e-01
    1.23369598e+00 -3.45261902e-01 6.16063654e-01 1.30237949e+00
    2.01244175e-01 1.28727198e+00 1.11002016e+00 8.21694374e-01
    1.38617158e+00 1.30849576e+00 1.33105588e+00 3.22747588e-01
    -3.93052369e-01 1.07078624e+00 1.27819955e+00 -3.42320204e-01
    5.80380440e-01 2.75873542e-01 5.70920765e-01 1.50123739e+00
    9.53452408e-01 1.15513504e+00 6.22316003e-01 3.82413387e-01
    -2.43531287e-01 7.82868743e-01 -2.79330283e-01 6.13894880e-01
    5.64407527e-01 -2.80770659e-03 1.19575167e+00 3.78808349e-01
    5.58099985e-01 1.24586630e+00 8.16276550e-01 -4.21241820e-02
    -3.50167572e-01 4.07036841e-01 9.73384738e-01 -1.73214912e-01
    1.29885638e+00 1.21013629e+00 6.44339263e-01 9.88030434e-01
    7.79316783e-01 -1.62077069e-01 4.25137460e-01 7.49139190e-01
    4.47746217e-01 4.59492445e-01 -3.02473187e-01 1.41382003e+00
    5.38142860e-01 8.36685479e-01 3.36864412e-01 5.42934239e-01
    6.79082990e-01 -2.31702745e-01 1.36189866e+00 2.37026513e-01
    5.01798689e-01 8.96512091e-01 2.07430422e-01 7.86537051e-01
    9.72623467e-01 1.31223094e+00 7.14434922e-01 7.91455209e-01
    -4.64543253e-01 7.47401714e-01 8.76652062e-01 1.42353725e+00
    8.44501734e-01 1.22682428e+00 -3.29073131e-01 -3.58367205e-01
    4.11357880e-02 1.16957784e-01 -1.53325826e-01 1.48585367e+00
    -2.37521216e-01 -3.07637393e-01 4.67213273e-01 1.49595535e+00
    1.02985644e+00 -5.21961153e-01 1.11666620e+00 5.06765366e-01
    -4.84520942e-01 5.22107363e-01 1.36252379e+00 9.54638958e-01
    3.89766335e-01 -3.92004311e-01 -2.38247216e-02 5.41501045e-01
    9.46429491e-01 6.97365463e-01 -3.07092249e-01 6.75230682e-01
    8.01663399e-01 -1.66131854e-01 1.00822151e+00 7.62299955e-01
    -4.19748306e-01 6.24680400e-01 1.33922982e+00 1.67647481e-01
    2.05306947e-01 7.21414208e-01 9.76120651e-01 3.92776430e-01
    5.93383491e-01 7.22211242e-01 1.06463838e+00 1.17375529e+00
    -4.22846019e-01 7.24126220e-01 7.66338050e-01 -1.70294702e-01
    4.22050357e-01 -4.74506259e-01 9.50221896e-01 -2.57384360e-01
    2.31732696e-01 8.54385614e-01 3.21176320e-01 -3.29978764e-01
    5.99479079e-01 1.54385304e+00 1.12983108e+00 1.01464570e+00
    9.47462440e-01 9.59557176e-01 -2.20823854e-01 9.68664706e-01
    -1.44636899e-01 5.91421723e-02 2.42877185e-01 2.17971206e-02
    -2.70942658e-01 1.24002504e+00 -1.12627536e-01 9.16616976e-01
    1.52361178e+00 1.73866928e-01 1.18306601e+00 6.30494714e-01
    2.33889699e-01 3.20668936e-01 1.12695050e+00 1.01792467e+00
    1.16815543e+00 1.43566638e-01 1.45289660e-01 -3.34470332e-01
    -2.17359096e-01 8.32801342e-01 -4.76474941e-01 5.45008779e-02
    1.43342817e+00 2.45478064e-01 5.42064905e-02 2.36481905e-01
    2.59068042e-01 1.17039776e+00 -1.78781211e-01 9.25374329e-01
    1.42593002e+00 1.13345587e+00 9.14275646e-04 1.28758490e+00
    -4.21708822e-01 6.42928481e-02 1.69842184e-01 8.07851553e-03
    1.03581131e+00 6.09908700e-02 5.33174932e-01 7.51334071e-01
    9.40561295e-04 8.77708614e-01 -1.25756174e-01 7.07044244e-01
    2.70790637e-01 -3.06491971e-01 -2.59841561e-01 6.32264614e-02
    -3.67579520e-01 8.42048287e-01 4.12159950e-01 5.90946734e-01
    1.14521551e+00 -5.70256829e-01 8.99540126e-01 1.03454995e+00
    1.31513381e+00 7.53732622e-01 -3.66222143e-01 -1.84373856e-02
    3.45885009e-01 1.15084505e+00 -4.17439461e-01 6.81783676e-01
    6.37432039e-02 3.81033003e-01 4.81979489e-01 1.04058409e+00
    7.26219714e-01 5.43171883e-01 -4.02658373e-01 9.75427866e-01
    2.91333407e-01 -3.29136968e-01 7.65851796e-01 1.80353403e-01
    1.33437145e+00 1.28620088e-01 -4.89941597e-01 1.40365243e+00
    1.49958849e+00 -5.80492616e-02 -1.18077934e-01 1.20108914e+00
    -3.61376017e-01 1.10729158e+00 1.30430055e+00 1.27141666e+00
    8.92993748e-01 1.11995924e+00 4.02366698e-01 6.03363454e-01
    2.18788981e-02 -4.65600491e-01 1.50696397e+00 8.87800395e-01
    6.77897871e-01 -3.71130347e-01 -3.01977634e-01 1.11843157e+00
    -8.81217718e-02 1.30625415e+00 1.16551161e-01 1.34516382e+00
    4.92372274e-01 1.30457377e+00 -1.55236274e-01 -1.53390497e-01
    1.01699877e+00 2.40066946e-01 -1.99472725e-01 1.14608502e+00
    1.26209426e+00 1.36266112e+00 7.66024768e-01 1.47774959e+00
    1.32210851e-01 -5.01666665e-01 3.58133614e-01 1.68112814e-01
    4.91386890e-01 -2.38424540e-03 1.25296438e+00 3.20687830e-01
    -1.69671476e-01 -7.76657164e-02 -8.34175944e-02 3.18380266e-01
    2.17985272e-01 5.98304331e-01 -1.70325547e-01 -4.00076926e-01
    -5.00325501e-01 1.48595059e+00 -4.14044827e-01 1.29635143e+00
    -2.77223647e-01 -2.94273376e-01 1.06643367e+00 9.23194170e-01
    -2.94685364e-04 8.69508684e-01 7.83688128e-01 6.09726667e-01
    1.38108063e+00 -2.37618625e-01 -1.83684766e-01 -3.33875358e-01
    -1.72003597e-01 1.19947910e+00 4.14158881e-01 5.77754378e-02
    9.51267958e-01 5.69674015e-01 -1.42662346e-01 9.55286086e-01
    -1.66625530e-01 -1.62879527e-02 -4.87340450e-01 -3.88471246e-01
    4.38925982e-01 -3.64925623e-01 5.91101646e-01 1.61034197e-01
    -4.31112736e-01 1.27572358e+00 1.33060884e+00 6.99864626e-02
    1.16331637e-01 1.17617548e+00 -4.57843632e-01 3.65653276e-01
    6.86622202e-01 -2.62656391e-01 1.36644197e+00 6.80624306e-01
    5.92476845e-01 -3.29754561e-01 1.31059599e+00 9.22760725e-01
    -5.75958073e-01 1.42019975e+00 1.20947433e+00 4.10762012e-01
    1.32804370e+00 9.82585251e-01 9.50407445e-01 1.06414306e+00
    5.30852616e-01 1.57914758e-02 1.05159247e+00 1.03925443e+00
    1.15845013e+00 1.44932210e+00 -8.22802186e-02 -2.69511908e-01
    3.02922547e-01 -1.59932971e-01 1.55476630e-01 1.03956616e+00
    -1.53870672e-01 -1.93766952e-02 1.21397781e+00 1.21598244e-01
    5.82103312e-01 1.34582281e+00 2.09071577e-01 1.00142860e+00
    4.32187736e-01 1.29529941e+00 1.12822235e-01 5.28671324e-01
    1.05623662e+00 5.39086878e-01 1.69922709e-01 -2.61289179e-01
    9.60349083e-01 6.54209137e-01 5.19997120e-01 6.92016840e-01
    2.61611044e-01 9.68214273e-01 -5.17192960e-01 6.47295713e-02
    9.50505853e-01 7.74301350e-01 1.15304685e+00 1.32717395e+00
    -3.64818692e-01 -1.40689403e-01 4.13869262e-01 8.27922165e-01
    1.45101118e+00 1.19631219e+00 -3.15508276e-01 2.07847357e-01
    8.19671452e-02 4.85161006e-01 1.49473286e+00 1.07025087e+00
    -4.91933703e-01 1.18439794e+00 2.95968384e-01 -1.59944296e-01
    2.49039680e-01 -4.38710034e-01 8.53568316e-03 -1.80899858e-01
    -6.84821308e-02 1.06347632e+00 4.05647039e-01 2.48576105e-01
    8.74803424e-01 -3.29646915e-01 6.49129272e-01 -3.71036977e-01
    1.15136576e+00 2.49352992e-01 8.25781226e-02 9.12325740e-01
    1.05317712e+00 1.99772179e-01 3.85805666e-01 -4.58539844e-01
    4.76068616e-01 -1.37020469e-01 1.06933141e+00 5.84136784e-01
    5.92039406e-01 1.41935468e+00 1.03058410e+00 2.11601913e-01
    1.24139237e+00 -3.07139695e-01 1.11668897e+00 1.82035685e-01
    7.42812574e-01 7.82816291e-01 4.11652029e-02 -3.52845609e-01
    2.81082392e-01 1.39832127e+00 5.90952039e-02 1.34659493e+00
    2.16529846e-01 6.78773582e-01 -3.87646556e-01 -6.70193732e-02
    1.10053688e-01 2.08979905e-01 1.07322979e+00 2.18589544e-01
    1.49138057e+00 6.38320088e-01 -2.31090114e-01 6.52530789e-03
    1.09044588e+00 -1.27671838e-01 1.32009792e+00 1.59667921e+00
    -3.70277703e-01 9.23445225e-01 6.06256366e-01 2.73271143e-01
    1.14052439e+00 4.76955920e-01 2.99748719e-01 6.45365417e-01
    1.16162729e+00 7.64728010e-01 9.54285800e-01 1.22499037e+00
    3.46799374e-01 2.35017538e-02 7.24921107e-01 1.27433133e+00
    1.14891732e+00 1.15691245e+00 -3.30431044e-01 8.45868766e-01
    -8.96764398e-02 -5.80176711e-02 1.10855770e+00 -2.02259481e-01
    -2.14627951e-01 8.62344325e-01 1.59601164e+00 6.94070458e-02
    6.13678336e-01 8.06480765e-01 7.95453727e-01 1.06557667e-01
    5.50221443e-01 -2.45628238e-01 8.79563808e-01 6.47951186e-01
    -1.65849179e-01 -4.67978001e-01 1.06072867e+00 7.32368231e-03
    7.50812650e-01 1.56009197e-03 4.29388285e-02 1.55529463e+00
    -1.35166496e-01 1.41720605e+00 9.00815845e-01 8.37020874e-01
    8.26551855e-01 5.03569901e-01 -4.72526431e-01 1.04790926e+00
    3.44946861e-01 9.10328090e-01 2.48576820e-01 9.78433371e-01
    1.61568689e+00 -2.13083327e-01 -2.20364869e-01 5.58731973e-01
    8.45387042e-01 7.82064676e-01 2.92568624e-01 5.00289202e-02
    4.42698658e-01 7.84356475e-01 -2.72771657e-01 1.38423014e+00
    2.86542594e-01 -4.53990400e-01 1.12751555e+00 -3.46703351e-01
    4.23500538e-01 1.48494411e+00 7.96992600e-01 9.12854612e-01
    2.52773762e-02 4.83710885e-01 1.31969154e+00 1.69758022e-01
    9.22204912e-01 1.30380893e+00 -8.95063281e-02 6.83706701e-01
    -1.56737149e-01 9.92087245e-01 8.65526319e-01 1.30122328e+00
    1.06525111e+00 1.97767675e-01 -9.45818424e-02 -1.08826637e-01
    -3.62582386e-01 5.85447550e-01 -1.29896522e-01 -4.48739529e-01
    1.13877869e+00 -3.30842406e-01 1.47839391e+00 -2.56747007e-03
    3.95303071e-01 1.24202275e+00 -3.46959293e-01 -2.63426244e-01
    1.14371204e+00 -2.09617585e-01 1.66304171e-01 -3.49764585e-01
    1.01625335e+00 1.14659548e+00 1.08392328e-01 -2.83119440e-01
    9.64795709e-01 -1.68920606e-01 -1.03480458e-01 1.53321296e-01
    1.35875010e+00 -7.01835155e-02 -3.90263557e-01 7.41800427e-01
    6.89194798e-01 2.54251957e-02 1.17290902e+00 1.34234500e+00
    1.26965809e+00 1.30416405e+00 3.28315616e-01 -4.85772789e-01
    -9.97542739e-02 4.29575086e-01 -2.87360370e-01 9.88214433e-01
    5.66429853e-01 1.34983253e+00 6.46381319e-01 -5.69288731e-02
    -4.66438562e-01 7.70842671e-01 1.41091275e+00 1.01826549e+00
    3.77138138e-01 8.06408107e-01 1.10804975e+00 -3.06190312e-01
    -8.32325220e-02 -4.28665578e-02 3.77001226e-01 6.69794083e-02
    1.48157787e+00 -1.00422502e-02 9.08148706e-01 1.11845124e+00
    5.83735406e-02 1.22244525e+00 5.66353917e-01 1.53838658e+00
    1.31591105e+00 -4.59699214e-01 4.39218938e-01 4.76011932e-01
    9.52074528e-01 1.01010430e+00 1.28635621e+00 -2.41883397e-02
    -6.97945952e-02 9.50329185e-01 3.45633924e-01 1.15790749e+00
    8.61553550e-01 -3.97921205e-01 1.31160617e-01 1.98638797e-01
    1.26296222e-01 -1.12152010e-01 1.02788413e+00 8.95929754e-01
    7.31729209e-01 1.54551744e-01 9.93533969e-01 -3.45361710e-01
    1.11026764e+00 7.19560385e-01 -5.36503375e-01 6.60625219e-01
    1.98353648e-01 1.11037970e+00 -3.35769564e-01 4.98230875e-01
    3.10361207e-01 -2.64441699e-01 4.84291315e-01 -2.69164264e-01
    1.40935659e+00 4.13869083e-01 3.06250036e-01 1.41765893e-01
    2.34227717e-01 1.55538785e+00 1.27752364e-01 -2.19411850e-02
    7.07161307e-01 8.80556881e-01 1.22653377e+00 1.27394009e+00
    9.01991546e-01 7.33219981e-02 4.27789867e-01 -3.56146127e-01
    5.09204090e-01 5.90884507e-01 9.68415260e-01 1.52297235e+00
    -3.94973963e-01 1.12547624e+00 -3.78405184e-01 1.32901132e+00
    6.99121416e-01 3.75448644e-01 -4.20647234e-01 4.37432617e-01
    5.06262541e-01 1.08204460e+00 8.95462096e-01 5.44456720e-01
    8.79191399e-01 6.31441057e-01 2.02483177e-01 -3.98082018e-01
    1.38130522e+00 1.96587682e-01 -7.23908246e-02 1.11056209e+00
    -4.37308609e-01 1.28743052e+00 -3.97387862e-01 1.39667869e-01
    1.35308027e+00 9.78365660e-01 1.17289269e+00 -5.02774537e-01
    -2.76151627e-01 1.08943772e+00 2.32605040e-01 1.02187777e+00
    3.20921540e-01 5.54986179e-01 -1.52066946e-02 -4.69646156e-02
    -3.43374372e-01 5.52088022e-01 8.24419022e-01 9.23154116e-01
    -4.42558736e-01 2.40681469e-02 1.27010429e+00 8.18954706e-02
    -1.95297301e-02 4.70909268e-01 1.30249822e+00 2.91513294e-01
    4.28353310e-01 1.51930666e+00 3.39396179e-01 -4.55887616e-02
    -4.72391844e-01 1.99798882e-01 1.19275105e+00 -2.19459981e-01
    8.16737592e-01 -3.90504390e-01 6.50364816e-01 -4.13035810e-01
    1.30102932e+00 1.23215854e-01 -1.77018136e-01 1.49694765e+00
    1.27770138e+00 1.27550781e+00 1.10859573e-01 -1.76902533e-01
    1.25048304e+00 8.69325221e-01 6.37351394e-01 1.01245272e+00
    9.00892794e-01 6.95716262e-01 1.46636152e+00 -5.01803398e-01
    -4.53544468e-01 1.39483070e+00 -2.07600355e-01 2.39280581e-01
    7.14106202e-01 1.02892971e+00 2.60994226e-01 -7.75512457e-02
    -3.52053642e-01 -4.78093058e-01 8.43472302e-01 6.16306841e-01
    6.32961988e-02 2.56705999e-01 9.81794059e-01 7.86244631e-01
    -1.48945302e-01 1.37659717e+00 6.77957714e-01 6.72990799e-01
    -6.32713735e-02 -8.83910060e-02 9.59084392e-01 -6.17835522e-02
    5.41229725e-01 -9.57430005e-02 1.40452087e-01 6.59667850e-01
    9.58291948e-01 -3.26795578e-02 9.36205566e-01 3.86658013e-01
    3.31237555e-01 7.88617671e-01 2.67442465e-01 1.36514795e+00
    1.48134887e-01 1.10768676e+00 -4.34906244e-01 1.41490030e+00
    7.01493323e-01 1.10960364e-01 -1.58104509e-01 3.57309788e-01
    -1.73080146e-01 1.25215769e+00 1.31447899e+00 1.43745518e+00
    -7.51430094e-02 -1.58268064e-01 1.21918768e-01 -4.46832269e-01
    1.46599102e+00 -2.20389038e-01 5.46892643e-01 1.32177353e+00
    4.86751139e-01 7.52792239e-01 2.94478357e-01 1.24000096e+00
    -8.47513080e-02 -3.69838595e-01 1.36149049e+00 7.65470386e-01
    -3.38156819e-01 3.33777487e-01 1.24874175e-01 1.41055512e+00
    1.04645443e+00 1.25923026e+00 5.94046772e-01 1.00095844e+00
    1.22006798e+00 -4.87015545e-02 6.58142567e-02 -3.43533158e-02
    -7.17702508e-03 7.64062405e-02 6.66132689e-01 3.24413627e-01
    6.19540870e-01 3.46066475e-01 6.19287372e-01 6.77400649e-01
    1.29731798e+00 1.05930996e+00 4.16436434e-01 -3.26323271e-01
    8.67376864e-01 1.12978768e+00 2.72704899e-01 3.21627319e-01
    4.99244988e-01 1.21533430e+00 8.84824574e-01 9.78391349e-01
    1.49420762e+00 2.65507221e-01 1.88770413e-01 -5.43133974e-01
    1.28717721e+00 1.70480430e-01 4.32918251e-01 8.74938130e-01
    -1.54335141e-01 3.49572539e-01 -3.64552438e-01 2.95146227e-01
    5.24037421e-01 1.38998389e+00 -2.24059850e-01 1.50470376e+00
    -1.61535054e-01 1.10097313e+00 2.66480982e-01 7.19144344e-01
    1.68762922e-01 8.92434895e-01 -3.88503253e-01 -3.25799078e-01
    4.77661192e-02 9.13395703e-01 -4.73746657e-03 1.07663381e+00
    -2.36945093e-01 1.13887465e+00 2.96061039e-01 3.19365203e-01
    9.95033920e-01 1.25435805e+00 1.42123818e+00 1.37816691e+00
    5.58285773e-01 1.29077160e+00 1.19738770e+00 1.32139874e+00
    -5.94842434e-02 -3.56723636e-01 8.43603194e-01 1.42830062e+00
    5.59247673e-01 1.66147828e-01 -4.41777349e-01 2.25884616e-01
    7.79754162e-01 2.55274862e-01 1.11148262e+00 5.07831454e-01
    -6.96533918e-03 9.32564735e-02 -4.39905614e-01 5.77850342e-01
    5.85424840e-01 -6.02905750e-02 -2.95686841e-01 8.66654694e-01
    1.13039410e+00 8.93498063e-02 -7.56463408e-02 1.24463880e+00
    5.36812425e-01 3.53622198e-01 8.66030812e-01 9.02796805e-01
    -3.42736125e-01 -1.62973434e-01 4.09964740e-01 -5.29037178e-01
    1.29120755e+00 1.48421383e+00 1.30541480e+00 8.83113146e-01
    -2.29714423e-01 7.36497283e-01 -4.81382996e-01 1.15724802e+00
    1.92749441e-01 2.13278711e-01 7.16008723e-01 -1.32902861e-02
    5.26774824e-01 1.34291220e+00 -2.25336641e-01 -1.96156770e-01
    -2.47839302e-01 8.82248819e-01 8.67582440e-01 6.56843305e-01
    6.19059801e-02 1.09314179e+00 2.43565023e-01 -2.64146626e-01
    8.57126176e-01 8.59066010e-01 6.75463855e-01 -1.86765909e-01
    1.53185737e+00 -2.43972436e-01 1.02892363e+00 -1.67631060e-01
    1.01830900e+00 -1.87130153e-01 1.29257870e+00 7.72015929e-01
    -4.69835401e-02 3.18942845e-01 1.37035012e+00 1.29615879e+00
    3.37831140e-01 1.14793515e+00 1.52923620e+00 4.43611145e-02
    -2.21957237e-01 -3.88253808e-01 -5.94276190e-03 1.48492050e+00
    1.49499178e+00 -2.77919531e-01 -3.99514735e-01 1.27878094e+00
    -1.33143455e-01 1.34637058e-02 6.87080324e-01 -1.23888135e-01
    1.29509747e-01 -5.66082895e-02 9.12454605e-01 -3.06321353e-01
    1.19972086e+00 3.68717194e-01 -4.01480973e-01 1.84834480e-01
    1.24043584e+00 1.04482615e+00 6.83560789e-01 -1.72296584e-01
    3.09585184e-01 1.19327307e-01 5.32761633e-01 1.50500441e+00
    3.53390843e-01 -1.18769288e-01 -3.07023466e-01 -1.50262415e-01
    1.30855274e+00 -2.80931592e-01 5.30954123e-01 -3.93712163e-01
    7.05209732e-01 -4.31758642e-01 7.27584362e-01 1.22933292e+00
    5.04234910e-01 8.95443380e-01 2.29208946e-01 1.07476902e+00
    1.02256989e+00 1.21092343e+00 7.83596575e-01 3.20846498e-01
    9.25220430e-01 9.76240933e-01 8.29314172e-01 -2.44307339e-01
    -2.99675435e-01 5.53315818e-01 1.02247024e+00 -3.94233048e-01
    1.04616404e-01 9.88396943e-01 -3.03349018e-01 1.07311368e+00
    4.86787260e-01 7.73964942e-01 7.99848795e-01 7.72032261e-01
    -1.68079525e-01 7.60638475e-01 7.39562511e-03 -2.75338590e-01
    1.81939989e-01 8.56773257e-02 4.85620141e-01 2.16663897e-01
    8.48818839e-01 6.83235109e-01 -1.84911609e-01 3.66446257e-01
    8.91067028e-01 1.99321449e-01 4.51200962e-01 1.19983995e+00
    1.02461720e+00 2.82740831e-01 7.72401989e-01 1.39103985e+00
    1.40641975e+00 -3.37296039e-01 -3.95259202e-01 1.51967156e+00
    1.49367332e+00 -5.26626527e-01 8.12704802e-01 9.23870265e-01
    3.45320404e-01 5.67968726e-01 5.26586056e-01 -2.26006702e-01
    3.31213206e-01 5.58556318e-02 1.86499834e-01 6.94592476e-01
    1.17340326e-01 1.59134924e-01 -2.87890553e-01 1.32541084e+00
    4.71335649e-03 7.50349164e-02 1.23013771e+00 3.06517780e-01
    1.05890858e+00 1.15057409e-01 3.82320464e-01 7.14222610e-01
    1.33614349e+00 -4.53856945e-01 -2.91866243e-01 9.01535153e-03
    1.10784698e+00 8.31917644e-01 4.51220155e-01 6.49501145e-01
    1.79269642e-01 -4.20953542e-01 2.84623861e-01 9.60825622e-01
    6.39008760e-01 1.53028101e-01 8.61506760e-02 1.50858164e-02
    -3.12808901e-01 1.54184186e+00 3.96822095e-02 9.34028804e-01
    1.13831162e+00 6.75761044e-01 -2.34030396e-01 2.25605071e-01
    -4.37321305e-01 -4.96792436e-01 1.13451576e+00 9.04777467e-01
    3.04579377e-01 4.65671599e-01 1.04744208e+00 1.36525035e+00
    2.44757831e-01 -9.07072425e-02 1.50025815e-01 1.50304413e+00
    6.52163565e-01 9.11990583e-01 1.39925790e+00 4.59472656e-01
    6.64158642e-01 2.10575342e-01 -3.65809172e-01 1.66318446e-01
    1.16406465e+00 -6.29642606e-03 4.43655252e-02 6.01956964e-01
    1.28904128e+00 1.89956367e-01 1.50163019e+00 9.49145555e-02
    -1.62923187e-01 -4.32992429e-01 -5.36070764e-02 2.57658780e-01
    -4.23195571e-01 7.38680780e-01 1.41398764e+00 1.17755604e+00
    1.73268914e-01 -4.49001133e-01 -1.54861927e-01 9.88396466e-01
    -5.68660915e-01 8.91674519e-01 1.35811687e+00 -3.36687028e-01
    7.07741320e-01 1.34681273e+00 1.29560661e+00 8.06981444e-01
    1.00030518e+00 1.16057444e+00 9.28760171e-02 9.38541532e-01
    -2.03903049e-01 1.52802515e+00 1.18404388e-01 2.05875367e-01
    1.36679304e+00 5.09041190e-01 4.32877660e-01 6.44658685e-01
    1.13135505e+00 3.26712549e-01 6.18194938e-01 4.15123224e-01
    1.48557127e+00 -2.35314071e-01 1.00188124e+00 -4.10289586e-01
    7.72623837e-01 9.58037794e-01 1.06898952e+00 3.59451056e-01
    1.17518926e+00 1.34133983e+00 3.29160392e-01 -3.50008070e-01
    1.20833027e+00 3.70194912e-01 8.15564215e-01 6.48464262e-01
    8.26139569e-01 3.83271277e-01 9.98554289e-01 6.99920118e-01
    1.22931886e+00 1.94523036e-01 1.27724600e+00 6.34701252e-01
    -4.00938272e-01 3.88241291e-01 6.01649821e-01 -3.60365152e-01
    1.21484149e+00 1.05693519e-01 1.93655193e-02 -1.15653664e-01
    1.19034982e+00 7.68527925e-01 -2.44208723e-01 -2.31766224e-01
    -4.78775501e-02 1.24796581e+00 1.00060797e+00 -2.41137102e-01
    -4.13498551e-01 7.27593422e-01 1.24882793e+00 1.46017218e+00
    1.21580243e-01 1.35880804e+00 -1.71551675e-01 1.30055535e+00
    1.37747383e+00 3.10538352e-01 1.19246531e+00 9.44012403e-02
    8.85326326e-01 -1.90593272e-01 1.31988168e-01 -3.46770197e-01
    1.38565242e+00 1.04853177e+00 1.41973901e+00 1.12622547e+00
    1.49970412e+00 5.21376193e-01 1.17542648e+00 -1.21982545e-01
    8.18692327e-01 2.64481753e-01 4.69518930e-01 -3.59727651e-01
    6.87465847e-01 3.65955293e-01 -4.08478886e-01 1.16118431e-01
    1.20632708e+00 4.48830217e-01 2.38610268e-01 2.81795889e-01
    -9.89323258e-02 2.65749156e-01 3.36506754e-01 -4.13479209e-01
    -1.13994896e-01 -1.82004824e-01 9.41478729e-01 4.13940251e-02
    -1.15565836e-01 5.71842670e-01 -3.17170590e-01 -5.39285600e-01
    1.39604688e+00 1.16705990e+00 6.70088410e-01 -3.45885038e-01
    1.46206594e+00 1.46169221e+00 1.48342788e-01 3.97118390e-01
    1.28370190e+00 1.33648551e+00 9.50906456e-01 3.97354543e-01
    1.10949278e+00 -1.39734209e-01 -4.12634611e-01 1.46783471e+00
    -4.17122602e-01 8.80098343e-01 1.33764207e+00 1.18484092e+00
    7.82251596e-01 1.15891004e+00 -4.05208170e-01 1.48587382e+00
    -3.29886138e-01 2.89868951e-01 1.26305914e+00 5.21826744e-02
    -2.21401572e-01 -3.04602355e-01 9.94369268e-01 8.44568431e-01
    9.68962908e-03 2.00927943e-01 1.46393156e+00 7.97234535e-01
    1.08848774e+00 1.04488522e-01 1.06733441e+00 8.45634580e-01
    -1.63056254e-01 3.07606161e-01 1.19027328e+00 1.45044589e+00
    -3.57742041e-01 1.36022270e+00 -2.34403610e-02 5.13496876e-01
    1.12892759e+00 5.91918111e-01 -2.65888661e-01 1.01632202e+00
    9.19216335e-01 -2.55273461e-01 7.78753340e-01 7.66340017e-01
    1.58614516e-02 2.03726530e-01 -1.93545133e-01 4.23029959e-01
    1.13358736e+00 7.22365379e-01 7.16007054e-01 1.05365872e+00
    2.58374214e-01 9.54440057e-01 5.64332902e-01 8.01709175e-01
    7.49841690e-01 3.14216316e-01 4.17405605e-01 1.43181658e+00
    1.25665665e+00 1.42842531e-04 1.02071238e+00 -2.90393502e-01
    1.28444088e+00 -5.96831441e-02 -2.60912180e-02 9.00566995e-01
    9.51100171e-01 6.39051259e-01 -2.15073556e-01 4.21772540e-01
    1.32621992e+00 8.35768819e-01 -4.94009972e-01 1.02437067e+00
    1.41905558e+00 1.19907486e+00 6.53491259e-01 4.35797572e-02
    2.50186205e-01 -4.01932538e-01 9.19608951e-01 8.07976365e-01
    -2.37534583e-01 8.90604615e-01 5.36631942e-01 1.25966704e+00
    1.07605755e+00 1.36959171e+00 2.30106473e-01 9.70551789e-01
    -7.36978948e-02 1.19123876e+00 1.15973330e+00 4.28100824e-01
    8.89197767e-01 2.92121410e-01 7.95148551e-01 1.33265281e+00
    3.20716441e-01 3.04281324e-01 5.91474771e-03 7.06141055e-01
    -3.75563204e-01 3.60810757e-01 1.53111744e+00 -3.74778032e-01
    1.12137175e+00 1.92030519e-01 -4.51164484e-01 6.59638762e-01
    1.45325255e+00 3.61019254e-01 3.59491229e-01 5.93305647e-01
    1.07661712e+00 1.04018986e-01 2.71512032e-01 2.68333912e-01
    1.22920775e+00 1.02177703e+00 1.03549683e+00 8.81337225e-02
    7.45356619e-01 3.15856218e-01 5.67961752e-01 1.35119379e-01
    -4.92202222e-01 1.12772214e+00 -9.33644176e-02 -4.05993700e-01
    4.46389437e-01 3.91979218e-02 1.46198058e+00 -4.90106940e-02
    -4.73930657e-01 1.41217864e+00 -3.97608638e-01 7.09019542e-01
    1.20759869e+00 -4.76936698e-01 -2.39949733e-01 2.61594415e-01
    1.86692387e-01 -2.61285305e-01 5.72476387e-01 8.54545176e-01
    2.58101344e-01 1.12922716e+00 1.22936797e+00 9.51592803e-01
    1.23472440e+00 8.33100677e-01 -1.33547574e-01 7.21835613e-01
    -4.02140856e-01 1.43992162e+00 6.29536510e-02 -3.62413466e-01
    1.15945232e+00 5.66670895e-01 -2.37069577e-01 1.24166131e+00
    1.18369424e+00 1.00677776e+00 1.49945498e+00 1.44175410e+00
    2.53795981e-02 2.90274680e-01 1.61769509e-01 4.64783311e-01
    1.44875669e+00 5.73797286e-01 2.63452530e-05 5.28381884e-01
    -2.53134102e-01 1.49606872e+00 1.93326354e-01 1.02608466e+00
    1.03209865e+00 6.17365479e-01 1.44946313e+00 9.55430746e-01
    -1.51619822e-01 -5.99105954e-02 1.24167490e+00 -1.79853976e-01
    3.53190660e-01 1.05196309e+00 1.24147892e-01 2.36657917e-01
    1.89551055e-01 5.15019834e-01 6.77355945e-01 3.26626748e-01
    9.23058391e-01 -2.85600275e-01 4.00351971e-01 -3.07645619e-01
    -2.51284331e-01 1.22850442e+00 7.39425600e-01 3.66024852e-01
    9.19306874e-02 -1.79378390e-02 6.39377832e-02 4.27909195e-01
    -3.86643797e-01 1.45650613e+00 2.67201483e-01 9.20990705e-01
    1.16623008e+00 2.34136224e-01 8.52280855e-02 3.21558595e-01
    1.93004370e-01 -1.02090508e-01 6.99207902e-01 1.49335474e-01
    2.59437531e-01 4.60112333e-01 7.65670657e-01 1.52091789e+00
    6.07928991e-01 1.24417269e+00 7.65231490e-01 8.61736059e-01
    1.24784529e+00 -2.33236104e-01 9.47280169e-01 1.32575381e+00
    1.40356243e-01 4.87087369e-01 1.07891190e+00 1.21879125e+00
    7.29420662e-01 9.68863964e-02 -4.04103398e-01 -7.19788373e-02
    -2.80259848e-01 -2.37702638e-01 8.79191995e-01 6.52367771e-01
    1.14753175e+00 1.32132697e+00 8.66483510e-01 5.84161878e-02
    3.01970601e-01 -1.24931753e-01 4.47053581e-01 6.46098256e-01
    1.58057308e+00 7.16749787e-01 -4.54691172e-01 8.06926370e-01
    1.19943321e+00 6.36718273e-02 9.86497223e-01 1.31413114e+00
    8.25792432e-01 -5.07543325e-01 -2.16650635e-01 8.79851162e-01
    -7.30439126e-02 3.10078919e-01 -9.74454284e-02 1.00287688e+00
    8.38925838e-01 1.02745187e+00 9.92622375e-01 3.19197655e-01
    5.95527709e-01 7.94349313e-02 1.79193437e-01 2.54302680e-01
    1.42314935e+00 1.07026100e+00 1.25775337e-01 -4.36280429e-01
    7.54066229e-01 3.05334628e-01 -1.10007077e-01 -2.18775809e-01
    8.90536785e-01 1.34224582e+00 1.04755878e+00 1.59586430e-01
    -3.90623331e-01 7.60802925e-01 1.41384077e+00 7.23960578e-01
    1.37789559e+00 3.55316997e-02 3.46381068e-02 8.74488592e-01
    1.51806617e+00 -7.15440512e-02 3.09497356e-01 5.46640396e-01
    1.00405312e+00 5.84835470e-01 -2.53297329e-01 -1.47071183e-02
    1.30265403e+00 -1.42798543e-01 -2.20106006e-01 -2.08747208e-01
    7.79781818e-01 4.59251404e-01 -2.85692692e-01 1.54651952e+00
    1.31947696e-02 1.83975697e-02 1.01251388e+00 8.51267874e-01
    -1.01305872e-01 2.47276515e-01 2.31977850e-01 -2.99357176e-02
    4.57911193e-02 -3.26201260e-01 1.41222978e+00 -3.63693208e-01
    6.20119274e-01 1.20595527e+00 2.66064048e-01 3.13125044e-01
    -4.92918491e-03 -4.38890576e-01 8.53152454e-01 -3.54302645e-01
    1.14424503e+00 3.50174844e-01 1.34741449e+00 2.72591114e-02
    4.98801589e-01 2.19184965e-01 7.89493442e-01 -5.62303960e-02
    -4.58419323e-04 1.62745148e-01 2.70188868e-01 1.70290470e-04
    9.44028258e-01 -2.80712098e-01 1.16075230e+00 9.86065149e-01
    4.37918007e-01 5.88573396e-01 1.40860569e+00 -3.34483743e-01
    7.39377737e-01 9.75551605e-01 1.29090977e+00 9.97288644e-01
    1.53122246e-01 4.54450101e-01 3.16762030e-01 9.55872774e-01
    -3.26401144e-01 -3.39221358e-01 9.34722364e-01 1.67398900e-01
    1.24154735e+00 -1.17773741e-01 1.60327005e+00 -4.78525460e-02
    4.38884020e-01 -4.41651702e-01 1.51021540e-01 8.90202165e-01
    3.38137686e-01 1.22163701e+00 1.43891573e-02 5.75094581e-01
    2.32449025e-01 2.71466315e-01 8.07394445e-01 8.95328224e-02
    4.92825389e-01 9.38328266e-01 -1.70421809e-01 1.31769454e+00
    1.90161586e-01 2.16501653e-01 3.44494432e-01 8.71899903e-01
    1.09445214e-01 -2.38081992e-01 -1.31149948e-01 3.31817091e-01
    7.75298059e-01 7.00352132e-01 4.51797187e-01 1.06521463e+00
    -4.09776211e-01 1.43092120e+00 9.16470051e-01 9.37056959e-01
    3.34919214e-01 -2.68720984e-02 3.25214893e-01 4.63302791e-01
    8.50467682e-02 -4.69280899e-01 6.56878233e-01 -4.99950945e-02
    -1.13783479e-01 -2.80234396e-01 3.25439513e-01 1.38899946e+00
    2.06246734e-01 1.47929132e+00 3.94593477e-01 1.25753760e+00
    1.14499021e+00 1.05891347e+00 5.38805068e-01 9.79525447e-01
    7.23183155e-03 -4.88655150e-01 -5.59569538e-01 1.32904232e+00
    3.37508321e-02 1.42799616e+00 8.55218351e-01 -3.53194475e-01
    -2.60785878e-01 8.98186147e-01 3.83139670e-01 1.01836205e+00
    4.13290262e-01 -4.73252237e-01 2.12069154e-02 1.29507065e-01
    1.34572268e+00 1.37367940e+00 1.21878791e+00 -3.55929732e-02
    8.23716104e-01 -2.36996740e-01 6.86816990e-01 8.66798162e-01
    -2.61903435e-01 1.22931600e+00 1.30151534e+00 7.76605010e-01
    4.80058193e-02 -2.54405856e-01 -4.45939928e-01 2.25191593e-01
    6.27430439e-01 -2.89026707e-01 5.88905036e-01 1.50702262e+00
    4.94373441e-01 1.43777895e+00 8.57979059e-02 5.75973809e-01
    1.13274837e+00 -4.94712114e-01 -3.20194036e-01 4.19824541e-01
    -1.69029087e-01 1.41434622e+00 8.05663943e-01 3.37598920e-01
    1.41066527e+00 4.05198336e-03 6.30196035e-01 -3.03386182e-01
    -1.15354657e-01 1.47824407e-01 1.44371080e+00 1.02259994e+00
    -4.04614508e-01 1.04622030e+00 -3.55672240e-01 -1.29816025e-01
    -2.54077911e-01 -3.37055683e-01 -1.48277819e-01 -9.90784168e-03
    -2.47563258e-01 1.41792667e+00 -3.61292064e-02 -1.46320134e-01
    2.95958370e-01 -4.44408685e-01 5.71928263e-01 6.33780837e-01
    7.06295729e-01 5.61601281e-01 2.72918612e-01 -3.70749772e-01
    9.59187269e-01 1.57485533e+00 1.43197298e+00 1.14674163e+00
    1.13801193e+00 3.01443756e-01 8.82603645e-01 -2.11561918e-01
    -2.88457125e-01 1.04494572e+00 -6.99015558e-02 1.30243421e+00
    9.52258110e-02 4.24521983e-01 8.95530581e-02 1.28691685e+00
    -9.98084545e-02 4.73846912e-01 3.38407159e-02 3.41410637e-02
    1.11578608e+00 1.34678495e+00 -3.59340310e-02 -2.74415195e-01
    1.35913849e+00 3.56211722e-01 6.26640558e-01 1.32314801e+00
    -3.56646419e-01 9.12561119e-02 -1.51047051e-01 4.62622195e-01
    6.55641794e-01 -1.57821119e-01 1.51887441e+00 -4.37533647e-01
    -4.45345074e-01 4.81027126e-01 1.17970598e+00 1.30942166e-01
    1.25060380e+00 -1.22784644e-01 3.66256416e-01 7.96698451e-01
    1.01160979e+00 2.30324328e-01 -1.97817326e-01 -3.42896819e-01
    1.19842529e-01 1.52825022e+00 2.82699764e-01 -5.53349316e-01
    -8.45484734e-02 8.00580978e-01 -3.14714044e-01 5.96606731e-02
    1.11702514e+00 1.21768332e+00 5.19900501e-01 9.81142998e-01
    5.80048203e-01 -3.59044373e-01 1.14376903e+00 1.29454517e+00
    1.43027842e-01 8.92898500e-01 1.17678595e+00 1.22147298e+00
    1.16282773e+00 7.26510823e-01 1.39406753e+00 1.79224014e-02
    -1.00396037e-01 1.14504874e-01 1.00374985e+00 -2.15940744e-01
    3.91149342e-01 8.21764588e-01 1.13273561e-01 -3.01730931e-01
    -1.22231990e-01 1.13891852e+00 5.66106915e-01 5.58490753e-01
    2.13562429e-01 -3.28067929e-01 9.14366245e-02 1.16228366e+00
    1.40789104e+00 1.34906030e+00 1.73490286e-01 1.04567409e+00
    4.75417912e-01 1.28897810e+00 5.78241229e-01 1.53042650e+00
    1.10018206e+00 5.38789093e-01 1.01087379e+00 1.16120827e+00
    2.68839449e-01 5.99490047e-01 1.58291578e+00 -5.18400908e-01
    7.47018218e-01 7.22902894e-01 9.88406777e-01 7.73233175e-03
    7.52985299e-01 -1.54570311e-01 -2.92739630e-01 -5.08723617e-01
    -2.59129733e-01 1.32050622e+00 4.94199336e-01 -5.18119335e-03
    -9.27717984e-02 -4.49541867e-01 7.68706441e-01 1.36146158e-01
    4.04506624e-02 -9.63786244e-03 4.52605456e-01 4.75427389e-01
    -5.56621850e-02 4.61507887e-01 5.14906764e-01 -2.69417763e-01
    6.30483806e-01 -3.00836593e-01 5.76726794e-01 2.01659381e-01
    3.38154852e-01 3.18755537e-01 -1.21066093e-01 3.06248784e-01
    5.57799995e-01 9.72361982e-01 2.65203923e-01 -1.88004822e-01
    8.00996423e-02 2.81918406e-01 2.97790349e-01 5.42661548e-01
    8.27371001e-01 4.55261350e-01 1.09176409e+00 1.42200482e+00
    -2.32815772e-01 8.31918955e-01 1.32096171e+00 -2.09855646e-01
    7.93685377e-01 3.87767792e-01 -5.52691221e-02 1.71347737e-01
    -3.58660042e-01 1.27979398e+00 2.74328589e-01 8.92001748e-01
    1.91697061e-01 -1.68801755e-01 -1.41614079e-02 1.49612653e+00
    8.08220387e-01 2.02432036e-01 -2.47163236e-01 8.23798716e-01
    1.33404493e-01 6.58687413e-01 7.96600401e-01 1.33060002e+00
    1.80038631e-01 8.91223371e-01 6.15885735e-01 1.39446974e-01
    -1.75891966e-01 -3.03398788e-01 -3.01534027e-01 1.91339850e-03
    -4.59394634e-01 9.01136577e-01 6.86741054e-01 1.40898490e+00
    3.18343341e-01 2.18931496e-01 2.20591247e-01 1.10506594e+00
    1.35397434e+00 6.96778119e-01 1.43911695e+00 -4.43104893e-01
    1.23299778e-01 9.20025706e-02 1.50769067e+00 3.37930739e-01
    -4.98477101e-01 -6.02442622e-01 9.33804989e-01 7.09012449e-01
    1.11586845e+00 1.34237409e-02 1.41017437e+00 -2.67481923e-01
    8.47690642e-01 9.77875412e-01 8.00645649e-01 1.36273551e+00
    1.21663570e+00 7.59918988e-01 5.05553663e-01 -2.89025903e-02
    3.81715298e-02 -2.79692769e-01 -1.88810587e-01 -1.25485510e-01
    -1.73686147e-02 1.27729416e-01 -4.35129166e-01 1.48683691e+00
    1.41423881e+00 4.87091273e-01 1.15228498e+00 8.63355160e-01
    -1.15368783e-01 1.28093362e+00 8.49800885e-01 2.85148621e-03
    2.73028851e-01 1.14185464e+00 1.11411071e+00 1.00547588e+00
    7.74459302e-01 7.00324774e-01 8.79786193e-01 7.05882370e-01
    -3.10104460e-01 4.18343127e-01 -2.27420658e-01 1.45131564e+00
    1.45700216e+00 -3.82113457e-01 -2.58152753e-01 1.34702265e+00
    6.21911824e-01 6.00976467e-01 -3.23081017e-01 -4.47499037e-01
    7.58836865e-01 2.24963605e-01 1.28655410e+00 8.41534913e-01
    6.15454674e-01 1.25875759e+00 7.06945837e-01 -1.78604007e-01
    1.33710933e+00 8.32204521e-01 -1.35922462e-01 8.47921968e-02
    1.40713990e-01 1.98313594e-02 7.05023527e-01 8.73638332e-01
    -1.52143359e-01 1.28766644e+00 5.98857164e-01 3.54892105e-01
    -6.04890585e-02 -5.80907166e-02 1.05953121e+00 1.18240869e+00
    5.20841897e-01 1.25610602e+00 -1.54943258e-01 1.85600936e-01
    -4.27212447e-01 1.35776830e+00 4.42569375e-01 1.17795610e+00
    1.14218104e+00 -5.01166582e-01 1.05958462e+00 4.15547043e-01
    -3.80868822e-01 3.91919434e-01 3.66135627e-01 1.34628689e+00
    7.97778666e-01 1.42157483e+00 1.08983052e+00 3.05302501e-01
    1.12200999e+00 -3.14039171e-01 -1.17544055e-01 1.00848866e+00
    9.73938584e-01 -4.34027374e-01 6.80997074e-01 6.01460576e-01
    6.12392306e-01 1.50238919e+00 -4.10369128e-01 4.11147237e-01
    8.51108789e-01 7.92725563e-01 1.07294250e+00 4.66479421e-01
    8.76602352e-01 1.00692320e+00 1.36565542e+00 -2.62535334e-01
    -1.75406218e-01 6.67413771e-02 -1.40992373e-01 1.37595105e+00
    5.76224327e-01 3.96381557e-01 7.03490198e-01 2.27119207e-01
    7.99245000e-01 -9.85133648e-02 1.00266147e+00 9.51256514e-01
    1.46404833e-01 -3.51636648e-01 3.76288593e-02 2.36458540e-01
    8.98219109e-01 2.74028122e-01 9.79795218e-01 1.28002453e+00
    6.36223853e-01 6.72279656e-01 1.26689076e-02 5.59719443e-01
    -6.22802377e-02 7.35587299e-01 -2.36292303e-01 5.02920330e-01
    2.20683247e-01 -3.96436751e-01 1.18317652e+00 -8.08460712e-02
    2.48988926e-01 -2.39823580e-01 1.33075833e+00 1.03475595e+00
    8.54863524e-02 2.46211588e-01 3.06533396e-01 1.56409293e-01
    -3.71288955e-02 6.71293855e-01 -2.00484097e-02 6.88247085e-01
    -1.36430234e-01 -7.95685649e-02 7.25962520e-01 4.44839567e-01
    2.41680592e-01 -2.62399971e-01 1.57424152e-01 1.02981746e-01
    1.09736586e+00 5.66788673e-01 3.83535802e-01 -3.43286514e-01
    1.04357314e+00 -3.56101692e-02 1.25910950e+00 -5.92875481e-02
    7.79992342e-03 5.39029300e-01 7.68058717e-01 1.06079865e+00
    1.51851261e+00 -4.86961246e-01 7.63953507e-01 1.48395288e+00
    -2.10198313e-01 1.58505023e-01 -2.53074467e-02 1.39845991e+00
    3.05247903e-02 1.55979979e+00 4.75722462e-01 -2.60867715e-01
    2.75729656e-01 -2.51947522e-01 3.52019370e-02 6.99144304e-02
    8.49256873e-01 4.92920339e-01 3.19768399e-01 -1.01088256e-01
    9.33402658e-01 1.33092749e+00 1.28230333e-01 1.33477879e+00
    -4.06575263e-01 1.15090251e+00 1.39206016e+00 5.86966455e-01
    1.34474850e+00 -3.26532125e-02 -2.09296763e-01 7.41815507e-01
    1.35062337e+00 7.61730909e-01 3.39028001e-01 2.17134863e-01
    2.95527935e-01 7.32483387e-01 5.67111373e-01 -1.98495984e-02
    1.00327063e+00 -1.55076683e-02 1.49878931e+00 -1.31777376e-01
    1.40455317e+00 2.13526249e-01 2.04547346e-01 1.01904225e+00
    1.13615406e+00 1.18173480e-01 8.39815378e-01 6.02421522e-01
    8.30519259e-01 -3.91171694e-01 6.05532646e-01 8.87192786e-01
    -5.00595570e-02 1.09745657e+00 1.35532391e+00 -1.93233192e-01
    2.02801436e-01 1.02084303e+00 1.29357648e+00 6.87525570e-01
    -2.35561728e-01 1.28349864e+00 -3.66606742e-01 -2.35787272e-01
    1.04027867e-01 1.28132761e+00 1.50059104e-01 -7.65503049e-02
    1.19455051e+00 1.23290884e+00 -1.65635109e-01 5.08306026e-02
    7.18904972e-01 1.20813751e+00 -2.78896272e-01 1.08044887e+00
    4.37697530e-01 1.77633822e-01 1.12585020e+00 -1.48543715e-02
    -1.45387053e-02 6.64570332e-02 1.87898338e-01 1.24961901e+00
    1.18673885e+00 1.00545251e+00 -3.92667949e-02 1.09319186e+00
    8.29233468e-01 6.08012438e-01 1.56506264e+00 6.13087893e-01
    5.27456403e-01 8.21388185e-01 6.61761880e-01 1.08392930e+00
    -4.38105971e-01 -1.90017253e-01 -2.54702121e-01 1.37831974e+00
    8.82564664e-01 1.17740798e+00 4.58666027e-01 4.46453810e-01
    1.05594754e+00 1.27876890e+00 1.51178241e-01 9.51362550e-01
    5.01000345e-01 4.66423810e-01 1.04599690e+00 1.91888571e-01
    4.44529653e-01 1.35232115e+00 1.39358449e+00 1.17428958e+00
    9.32047248e-01 -3.33366424e-01 7.91746557e-01 -1.58520043e-02
    1.16065955e+00 1.24639541e-01 3.35058004e-01 1.54844880e-01
    6.69838786e-01 1.52966523e+00 5.50305486e-01 -4.17820156e-01
    -2.73054540e-01 3.22803319e-01 7.01907873e-02 6.66683555e-01
    -1.52566522e-01 4.81707156e-01 3.27038944e-01 1.52414560e-01
    7.69843578e-01 6.63836539e-01 -6.94757700e-02 1.03888249e+00
    9.65541363e-01 1.12571788e+00 1.03658283e+00 -7.30891526e-02
    8.75866950e-01 1.46973825e+00 -4.61728036e-01 3.59277308e-01
    -3.35889399e-01 1.07259953e+00 7.14698434e-01 1.28967381e+00
    -5.95500708e-01 9.33710277e-01 8.41133952e-01 1.33347178e+00
    7.52288818e-01 8.95859540e-01 1.39792967e+00 4.48996454e-01
    2.27774143e-01 -2.53174514e-01 2.57287055e-01 -3.75842512e-01
    7.07538724e-02 6.51086569e-02 -6.19429946e-02 -1.40266657e-01
    9.46274400e-02 1.14503610e+00 1.11266303e+00 6.87984526e-02
    1.53553814e-01 3.85206670e-01 -8.35971236e-02 1.31197619e+00
    2.45386362e-03 3.67535770e-01 1.05204642e+00 6.70557022e-02
    -1.39445901e-01 -2.11468816e-01 5.56569993e-01 7.83341825e-01
    7.50700057e-01 1.34197366e+00 -4.18591350e-01 8.99259508e-01
    -2.97090948e-01 4.71127510e-01 8.72513950e-02 6.20301247e-01
    -2.09273249e-01 -1.82697952e-01 5.33601284e-01 -3.48764062e-02
    2.45819092e-01 1.09282100e+00 -5.67392290e-01 -4.50319767e-01
    2.90372252e-01 1.42069042e+00 -4.83180672e-01 1.43884110e+00
    7.78808594e-02 -2.47874826e-01 1.08486009e+00 2.47260690e-01
    5.64550519e-01 9.37824249e-02 7.69125700e-01 7.23579228e-01
    1.17196989e+00 9.41888571e-01 6.41762078e-01 3.01462412e-03
    -4.11761999e-01 5.03548324e-01 5.65103054e-01 8.19454670e-01
    1.40751314e+00 -3.11408341e-01 -6.08205795e-03 1.65736794e-01
    1.20955038e+00 2.08685696e-01 8.70879710e-01 1.02999616e+00
    -3.44611168e-01 3.24672580e-01 -2.30823219e-01 1.59090447e+00
    -4.28241163e-01 3.22721839e-01 -1.18524313e-01 1.07942700e+00
    7.48362541e-01 7.47666121e-01 3.14676255e-01 -4.74973530e-01
    5.26591957e-01 1.20009971e+00 1.24857038e-01 4.86821175e-01
    1.43314612e+00 1.17707086e+00 -5.14443815e-02 -2.15541631e-01
    1.51109743e+00 5.36314368e-01 4.71673250e-01 7.56362557e-01
    1.36857104e+00 -4.01105523e-01 -3.64212215e-01 1.99336290e-01
    4.42479968e-01 1.55827641e-01 2.41388321e-01 9.24715161e-01
    -1.34728283e-01 -7.62208998e-02 3.93910766e-01 9.81451869e-01
    1.46031952e+00 1.39115894e+00 5.12685120e-01 -1.67484939e-01
    1.69330835e-03 -1.28931969e-01 -3.74351531e-01 7.18864143e-01
    8.37624073e-01 7.17981458e-01 -1.47685289e-01 4.57890987e-01
    7.49920726e-01 -5.64373493e-01 -4.18819994e-01 7.32002199e-01
    1.64531887e-01 1.37406051e-01 7.20448852e-01 1.20120668e+00
    7.83273876e-01 1.26463842e+00 1.26756692e+00 -1.27805829e-01
    -4.28372562e-01 -3.71139199e-01 -3.98841977e-01 5.60259581e-01
    1.04487622e+00 3.27291846e-01 2.50501215e-01 9.16185141e-01
    -1.15980834e-01 5.84004521e-01 1.15366554e+00 3.26559365e-01
    1.31309485e+00 3.97181511e-03 3.69788587e-01 7.08144903e-02
    -2.47240603e-01 -4.62279111e-01 1.10508668e+00 7.83927321e-01
    -1.15337312e-01 -4.59342003e-02 -4.95044887e-02 3.35559517e-01
    2.52017140e-01 1.24519610e+00 3.71563673e-01 7.17993498e-01
    9.72740889e-01 -2.74235010e-02 1.32740927e+00 4.24086869e-01
    -1.27022743e-01 4.01517451e-02 9.91299212e-01 6.02384508e-01
    9.36734974e-01 2.97925532e-01 7.77772725e-01 4.77317810e-01
    5.45171440e-01 1.14661252e+00 1.42013741e+00 2.27217257e-01
    -4.73989338e-01 -3.48230481e-01 1.17772913e+00 1.32774115e+00
    1.40605628e-01 3.99548709e-01 -5.71100712e-01 7.51174986e-01
    6.49868548e-01 9.44325447e-01 2.62476802e-02 1.05105865e+00
    1.07478726e+00 3.56720984e-01 2.04993308e-01 -2.54018813e-01
    6.22506261e-01 1.29351377e-01 9.20046389e-01 -4.07623589e-01
    8.73816669e-01 -1.20857090e-01 6.71672046e-01 -3.13367933e-01
    1.33158326e+00 1.12867045e+00 1.18843937e+00 -3.88235390e-01
    -4.98481959e-01 5.56450903e-01 8.33917856e-01 8.88716757e-01
    -4.42992955e-01 -1.00826621e-02 1.47910929e+00 1.25288534e+00
    -2.46771067e-01 1.09815025e+00 -2.25771755e-01 8.35596621e-01
    -4.25037175e-01 -1.16440982e-01 1.40947020e+00 4.96728837e-01
    9.91055965e-01 9.21124876e-01 -3.58388424e-02 1.93769634e-01
    1.37287879e+00 2.14643270e-01 6.39185488e-01 -4.35292631e-01
    -2.60166705e-01 -1.34771526e-01 1.20195425e+00 2.36617208e-01
    1.52373075e-01 1.72175884e-01 5.44995606e-01 1.31062543e+00
    9.51789975e-01 3.28526050e-01 1.01979160e+00 -4.02156234e-01
    9.04256940e-01 1.22739506e+00 2.81976998e-01 5.09384274e-02
    3.42795521e-01 8.47614408e-01 8.33528101e-01 1.21217072e-01
    8.99314821e-01 1.45580888e-01 3.31135809e-01 -2.83964843e-01
    2.85680234e-01 1.03472722e+00 1.20311677e+00 -1.53603494e-01
    -3.42634171e-01 -3.05370569e-01 9.34571743e-01 -3.26541841e-01
    -2.26271048e-01 2.38204300e-01 6.44703984e-01 -2.69573927e-02
    -5.03213584e-01 -1.75718874e-01 1.25761271e+00 1.31193233e+00
    3.93223345e-01 1.24112844e+00 -3.51900160e-02 -2.90436357e-01
    -4.75906432e-02 3.89484793e-01 1.52860379e+00 1.33980584e+00
    2.51281977e-01 4.46726620e-01 1.30849290e+00 2.51511574e-01
    3.29036117e-01 7.91637182e-01 -7.81320333e-02 -2.33857870e-01
    1.43927789e+00 2.28214741e-01 -1.21458948e-01 -2.66804993e-01
    -1.26060531e-01 1.05915844e+00 -3.94404262e-01 1.58548748e+00
    -2.63784885e-01 1.29580498e+00 8.45546126e-02 5.22541404e-01
    1.06280351e+00 1.16896069e+00 4.00477767e-01 1.86227292e-01
    -1.19321555e-01 -2.04072386e-01 1.12422991e+00 4.40508187e-01
    -4.86057639e-01 1.30004835e+00 -4.19441730e-01 9.99195218e-01
    1.48713064e+00 2.14971781e-01 2.46562421e-01 1.28162575e+00
    5.94148576e-01 9.75595117e-02 1.29823494e+00 8.05683136e-01
    1.12308526e+00 7.91636348e-01 4.87239420e-01 9.87210214e-01
    4.50069487e-01 1.14630711e+00 -4.73271549e-01 1.26729393e+00
    -2.20353484e-01 -1.64111912e-01 2.90754288e-01 5.11936903e-01
    -3.45674157e-01 -3.81319046e-01 1.10743213e+00 7.87710786e-01
    7.08591938e-01 -3.72565359e-01 7.95086026e-01 6.13276482e-01
    -3.15813720e-01 4.81461287e-02 9.01092708e-01 1.04221320e+00
    2.65160024e-01 9.75173831e-01 2.33667612e-01 2.60683477e-01
    -4.14338827e-01 1.55312824e+00 3.72922063e-01 4.30790544e-01
    -4.20533001e-01 1.34123898e+00 1.09034801e+00 5.79295754e-02
    1.52672541e+00 7.13459015e-01 -1.55039102e-01 1.38382483e+00
    8.50055158e-01 8.68913412e-01 1.34071612e+00 5.33465862e-01
    4.67477262e-01 9.79015708e-01 2.66506433e-01 3.88494670e-01
    1.21168017e-01 5.53194284e-01 -5.28275430e-01 1.14947987e+00
    1.48670518e+00 4.17596281e-01 8.22478294e-01 -4.30465996e-01
    5.46809375e-01 1.52892756e+00 8.81916106e-01 -3.88569534e-02
    6.99298918e-01 6.01899505e-01 9.55143869e-01 -5.08626103e-02
    1.73142374e-01 9.23389733e-01 2.86451042e-01 1.29286039e+00
    1.13675833e-01 6.70766532e-01 1.01752138e+00 -3.90893221e-03
    9.20985043e-02 1.05285299e+00 1.59483433e+00 1.26430809e-01
    1.18592560e-01 9.93576884e-01 7.88637817e-01 -4.46934849e-01
    -1.76036924e-01 1.08703756e+00 8.58885646e-01 1.16056347e+00
    -8.55590999e-02 1.12197661e+00 1.43537796e+00 -3.94440949e-01
    5.94780564e-01 1.40242994e+00 8.21979523e-01 5.60211182e-01
    -4.12048638e-01 9.69724894e-01 8.08953345e-02 9.65662599e-02
    5.94262123e-01 -3.90201986e-01 1.25388670e+00 -4.56359625e-01
    1.07761705e+00 -1.32786632e-02 -2.67425179e-03 -3.20039719e-01
    8.88506770e-01 -1.40768245e-01 3.60299826e-01 2.74179876e-01
    1.27132893e+00 2.35288799e-01 5.33563197e-01 -3.34829867e-01
    8.15016806e-01 4.10109282e-01 7.31047511e-01 -3.97100389e-01
    1.33662772e+00 6.71738863e-01 1.25900888e+00 9.85977829e-01
    1.11839509e+00 1.11717248e+00 1.23005509e-02 3.31046462e-01
    7.66869962e-01 9.24450099e-01 -2.87197828e-01 -1.00649208e-01
    3.44344795e-01 -4.02251303e-01 5.41785121e-01 -2.24187553e-01
    7.06179380e-01 -1.14341319e-01 9.21170473e-01 -5.07997870e-02
    5.49262106e-01 1.27181292e+00 -2.85534352e-01 -3.15351486e-02
    8.93902242e-01 4.29821014e-03 7.28703856e-01 -3.20249796e-02
    6.00009143e-01 3.84220481e-01 2.48083472e-02 1.06669235e+00
    1.27832437e+00 4.18085337e-01 1.28546953e-01 -4.93708074e-01
    -2.78452426e-01 6.25887513e-01 1.40188980e+00 1.41639400e+00
    -1.08778149e-01 2.21725523e-01 1.17687881e+00 -4.71146941e-01
    -3.83619428e-01 9.57533956e-01 1.32296729e+00 1.13173699e+00
    -1.27884805e-01 3.66265416e-01 -2.66427994e-02 1.42853165e+00
    1.44005179e+00 1.07608199e+00 1.08842492e+00 5.31178892e-01
    3.57847869e-01 3.98834467e-01 9.87831950e-01 -1.74159855e-01
    -3.40066880e-01 8.61109793e-01 6.60745978e-01 1.49744511e+00
    9.92126465e-02 4.52522755e-01 -3.63510489e-01 1.59076405e+00
    1.96504176e-01 1.09509349e+00 2.35525072e-01 1.42100477e+00
    2.48986065e-01 -2.00743318e-01 8.78366411e-01 1.49895549e+00
    8.43668103e-01 1.30773926e+00 7.57545471e-01 -5.22532523e-01
    -6.84178472e-02 7.37974286e-01 3.96550477e-01 1.21006668e-02
    5.15461087e-01 -2.30228722e-01 1.21957517e+00 1.25555086e+00
    5.52797616e-01 7.93252766e-01 8.13585877e-01 1.31004250e+00
    -1.05749875e-01 1.24488449e+00 6.18060470e-01 1.25614464e-01
    1.36597955e+00 5.16443074e-01 -8.11722875e-02 -4.38578129e-01
    1.28701496e+00 -3.77330601e-01 7.96009064e-01 2.93731630e-01
    1.35141814e+00 1.02989709e+00 -1.78537995e-01 1.22850323e+00
    4.08323288e-01 7.91818559e-01 1.49517477e-01 9.76543427e-02
    -2.43685842e-02 5.13370633e-01 6.76592290e-01 -1.58919156e-01
    2.94722617e-01 8.73943865e-01 1.10797811e+00 8.20132852e-01
    7.82750070e-01 6.67688608e-01 1.34950805e+00 5.41957021e-01
    7.67490447e-01 1.51438546e+00 4.72225010e-01 1.24135756e+00
    1.47027600e+00 3.60259891e-01 -3.28079700e-01 4.22663629e-01
    1.25869560e+00 -4.39273208e-01 9.72493291e-01 7.96327233e-01
    -5.07734418e-02 7.07676411e-01 1.02904975e+00 -3.45315337e-02
    1.16640317e+00 -1.69919133e-02 -3.13192099e-01 1.02647519e+00
    -3.34147304e-01 7.22186923e-01 1.19668126e+00 -3.17306280e-01
    2.98519135e-01 -2.73218930e-01 -4.55057651e-01 5.61842263e-01
    1.36548734e+00 9.81628895e-04 9.36511219e-01 6.37235343e-01
    -5.26041806e-01 9.42872047e-01 1.01999652e+00 -3.70809734e-01
    9.16655481e-01 -2.45910972e-01 1.25583816e+00 3.03654015e-01
    8.56404901e-02 1.16344720e-01 6.58429861e-01 -3.56237292e-01
    4.77587461e-01 9.87177491e-01 7.97433078e-01 2.78158903e-01
    -2.69562125e-01 6.75272882e-01 1.40949631e+00 -5.20932555e-01
    1.48794413e-01 -2.70666808e-01 -1.91895276e-01 2.60879427e-01
    8.48893523e-01 9.25109923e-01 1.31200683e+00 1.45122766e-01
    9.39622760e-01 3.44826341e-01 1.30510712e+00 -9.53900516e-02
    1.00378013e+00 4.44740295e-01 1.34975743e+00 1.11425495e+00
    -4.78442907e-01 5.09631455e-01 1.31007695e+00 -3.56265247e-01
    -4.57426250e-01 1.00860798e+00 2.32943594e-01 1.73299134e-01
    1.33584678e+00 1.23530948e+00 1.19299579e+00 1.07886600e+00
    2.87250757e-01 1.23554039e+00 1.27186728e+00 -5.28544486e-01
    -7.81614780e-02 1.36385465e+00 -4.05677855e-01 -3.94245386e-02
    4.95034933e-01 1.38404226e+00 1.56090736e+00 -7.07017183e-02
    1.04917192e+00 2.24790931e-01 7.39875972e-01 1.15434742e+00
    -3.67078960e-01 1.25405419e+00 9.43969250e-01 -1.03863239e-01
    1.32353890e+00 5.11494279e-01 -4.39016700e-01 9.10568833e-01
    -4.09614503e-01 7.86300719e-01 1.61256015e+00 -6.62066042e-02
    8.42563629e-01 -1.03086025e-01 7.18522787e-01 7.25610673e-01
    1.36238456e+00 1.24562192e+00 -2.59295702e-02 1.38115120e+00
    3.36228251e-01 8.89207661e-01 6.89070463e-01 9.26136971e-01
    3.63490134e-01 1.82184249e-01 1.62001252e-02 4.38077301e-01
    1.25069761e+00 -4.74255085e-01 1.38589799e+00 5.07830501e-01
    7.23112464e-01 1.13393080e+00 8.05245280e-01 1.48944449e+00
    -1.60490721e-01 -3.98962915e-01 1.26908159e+00 4.41334784e-01
    -5.38871884e-02 -1.40349418e-01 1.21851611e+00 2.82086730e-01
    2.14089870e-01 -2.08471894e-01 1.25637221e+00 -2.76259661e-01
    7.49025106e-01 1.37258685e+00 3.80672693e-01 -1.54727101e-01
    1.55209154e-01 1.25177890e-01 8.05586696e-01 5.04618168e-01
    1.09959149e+00 1.14151657e+00 1.26089096e+00 1.28539884e+00
    -4.56385612e-01 2.47707188e-01 1.27929497e+00 -4.47599471e-01
    1.57761812e-01 6.68180764e-01 1.14060831e+00 9.26336765e-01
    1.26763177e+00 1.08053088e+00 5.18500805e-01 3.02968740e-01
    -2.75664389e-01 -7.02920556e-02 -1.50304139e-02 4.14299607e-01
    5.56133628e-01 9.14114416e-01 1.06476557e+00 -1.27055913e-01
    7.76088238e-01 9.21368539e-01 1.24274445e+00 -2.18666792e-02
    -2.75447875e-01 -5.89061081e-02 5.88912487e-01 9.06026065e-01
    1.03172541e+00 6.25870407e-01 7.84238636e-01 5.48403323e-01
    1.41351724e+00 9.79028046e-01 7.67343402e-01 1.82974994e-01
    4.09663290e-01 -4.37208861e-01 -3.92235518e-02 6.96683586e-01
    -1.66052431e-01 7.79727459e-01 8.90360773e-02 6.04894757e-02
    1.98195606e-01 1.50586033e+00 4.92156804e-01 1.42148006e+00
    6.71296597e-01 1.46558034e+00 -3.85524869e-01 -4.21792328e-01
    7.01562703e-01 5.09376764e-01 7.47505724e-01 2.71444798e-01
    2.58796513e-01 9.87771928e-01 1.23491096e+00 8.50572467e-01
    1.35600781e+00 7.35192418e-01 -2.61092871e-01 1.51215231e+00
    1.35408211e+00 4.64619219e-01 1.38532805e+00 -1.25241339e-01
    4.17577624e-02 -2.40464553e-01 1.97040230e-01 6.98755741e-01
    -4.13510621e-01 6.77190006e-01 1.96709752e-01 1.09990537e+00
    3.21832120e-01 1.36157501e+00 5.46978056e-01 9.25824642e-02
    3.52376729e-01 -1.27973527e-01 8.34226608e-04 1.10942435e+00
    1.06696427e+00 6.51102543e-01 5.30659258e-02 9.31358218e-01
    8.93608749e-01 1.16028523e+00 -7.53438175e-02 5.74219704e-01
    1.07616127e-01 3.09020281e-01 1.38158703e+00 -4.64264661e-01
    1.10955691e+00 -2.83002257e-01 1.12846613e-01 -2.79513419e-01
    7.88757205e-02 8.29786420e-01 5.18378437e-01 3.34105670e-01
    1.18243313e+00 5.47168612e-01 -2.38307774e-01 1.50842094e+00
    5.97335935e-01 2.80271530e-01 1.40430665e+00 8.24505091e-02
    1.30574489e+00 8.18974376e-01 3.30823898e-01 1.37476325e+00
    1.36179256e+00 -1.88792109e-01 3.89940143e-02 1.33476210e+00
    9.47953761e-01 2.03533173e-01 1.38090181e+00 1.55794024e-01
    7.15763569e-02 1.17326260e+00 1.18627954e+00 1.09694076e+00
    4.05783951e-01 6.19350314e-01 9.09988701e-01 8.58782113e-01
    1.13775909e+00 5.49515247e-01 3.92157674e-01 -1.09152347e-01
    9.74848151e-01 1.93523347e-01 8.28102827e-01 5.86089492e-02
    -3.41230035e-01 3.60023081e-02 1.04087043e+00 -2.65755743e-01
    1.02666438e+00 4.89951879e-01 -1.12068057e-01 3.49096000e-01
    1.47800207e+00 8.82870197e-01 -2.86639780e-01 -5.57470322e-03
    2.53628135e-01 2.83658981e-01 4.07917380e-01 8.45688641e-01
    -2.05510974e-01 1.76656485e-01 4.86317694e-01 1.00958931e+00
    -6.51982009e-01 1.01738667e+00 5.55020988e-01 2.53364325e-01
    -1.48588479e-01 2.12857485e-01 1.13619173e+00 1.22180772e+00
    1.14355230e+00 1.07439899e+00 5.43506265e-01 9.24795747e-01
    -9.72611010e-02 2.44186968e-01 3.98506969e-01 -4.07169640e-01
    -3.14593911e-02 1.56738341e-01 9.06906068e-01 3.19121122e-01
    1.20136440e+00 -1.17240548e-01 4.93428469e-01 1.21547103e+00
    1.44785476e+00 5.12857497e-01 9.84891713e-01 1.01094007e-01
    -1.23100996e-01 9.67730284e-02 5.80520988e-01 -5.01044154e-01
    -2.99665630e-01 1.55174065e+00 8.28590095e-02 8.67428303e-01
    5.18375635e-02 6.92898691e-01 -3.96521389e-01 6.18455350e-01
    6.22545123e-01 -3.20736855e-01 7.81578422e-02 1.23419571e+00
    -5.32721162e-01 -3.87193352e-01 2.75347620e-01 -3.75298053e-01
    5.01200736e-01 9.17075455e-01 -4.66887593e-01 6.38161719e-01
    1.00924277e+00 1.23487592e+00 -6.84762001e-03 -5.37479877e-01
    1.20132732e+00 1.20815516e+00 -1.97652131e-01 -2.19676495e-02
    -1.42093569e-01 1.13659942e+00 2.67254800e-01 1.71669900e-01
    -4.10607994e-01 1.38486862e+00 1.13887334e+00 1.44504106e+00
    1.57377243e-01 9.27366793e-01 3.22252929e-01 1.10965705e+00
    -4.10617083e-01 9.42074716e-01 1.25404572e+00 -5.42340755e-01
    1.34356320e+00 5.82922459e-01 1.23372769e+00 7.95048296e-01
    2.34426618e-01 1.48378396e+00 1.09409928e+00 -1.72725677e-01
    1.16980851e+00 1.16763473e-01 5.90333581e-01 2.14053333e-01
    -5.65905273e-02 1.44106674e+00 -5.05988359e-01 -2.45610237e-01
    1.10866070e+00 1.40671802e+00 -2.82922983e-02 6.32843375e-01
    7.57101238e-01 1.11109996e+00 9.61760223e-01 1.25848866e+00
    8.99342716e-01 7.33237267e-01 -3.81254137e-01 1.11734915e+00
    8.80302191e-02 5.46412110e-01 7.29428768e-01 6.75062716e-01
    1.31652236e+00 5.46789706e-01 4.85289723e-01 1.75641298e-01
    1.18052745e+00 -1.27420127e-01 -1.61458433e-01 1.20592809e+00
    1.51486754e-01 6.39867723e-01 5.95579147e-02 -9.36714709e-02
    8.57719362e-01 1.95133626e-01 7.37416565e-01 8.30152035e-01
    1.31045079e+00 -5.62014580e-01 -5.61305463e-01 1.48480296e+00
    3.18748415e-01 -3.03613424e-01 1.20569944e+00 4.37048614e-01
    -3.52419406e-01 5.83845735e-01 1.16775632e-01 -3.01999807e-01
    8.14663172e-01 3.67764592e-01 1.06545806e+00 1.53291512e+00
    -4.73647714e-02 -1.54435724e-01 1.38456118e+00 2.11077571e-01
    8.05594087e-01 1.77393496e-01 8.77618134e-01 -3.18799734e-01
    6.28351390e-01 4.99616325e-01 5.96401036e-01 1.43764853e+00
    1.34184122e+00 5.22238970e-01 2.88269639e-01 -7.93519020e-02
    -2.72710174e-01 1.26537085e+00 1.66456223e-01 1.05210578e+00
    -4.94438082e-01 4.05094922e-01 1.55508459e-01 1.19091845e+00
    -4.78276610e-03 1.01026130e+00 -1.00744247e-01 7.59643316e-01
    3.33094001e-01 1.18999422e+00 1.11787200e+00 2.82390177e-01
    -4.91864085e-01 -9.21258628e-02 3.99360836e-01 -4.08354938e-01
    1.14968157e+00 -1.89470917e-01 -2.40377083e-01 4.65573847e-01
    -1.92995399e-01 -4.87024695e-01 8.37648094e-01 2.58963376e-01
    1.11039579e-02 1.76775575e-01 1.03268421e+00 1.39028406e+00
    8.44884872e-01 6.13041043e-01 1.00487959e+00 4.30799842e-01
    9.87816691e-01 -1.05426371e-01 -3.44668567e-01 -2.05960155e-01
    -4.01860923e-01 8.60699415e-01 3.96246910e-02 1.02019691e+00
    7.13689983e-01 -1.22831076e-01 -3.32911313e-01 1.32683396e-01
    -3.83651763e-01 -2.75253057e-02 -5.55973589e-01 2.94186056e-01
    1.01724339e+00 7.06543148e-01 1.13241529e+00 5.51891208e-01
    1.14208126e+00 1.23124051e+00 -5.78081191e-01 9.38425660e-02
    5.56861341e-01 5.30685961e-01 1.21927142e+00 1.38293195e+00
    4.78435338e-01 -2.08817720e-01 6.80234075e-01 1.46723366e+00
    2.49872208e-01 1.19849181e+00 8.09485912e-01 3.96755815e-01
    6.57536387e-01 6.81685627e-01 7.13026583e-01 3.17548871e-01
    5.99100947e-01 1.46692228e+00 9.13798809e-01 1.09839463e+00
    2.83086658e-01 2.12350547e-01 -3.34019989e-01 1.50926399e+00
    1.46566820e+00 -2.93159604e-01 8.81241620e-01 3.51486266e-01
    -4.40832466e-01 1.47095227e+00 1.07736731e+00 5.09210169e-01
    -3.49928081e-01 7.12271750e-01 -4.74394798e-01 1.06227362e+00
    9.51250792e-01 -5.15039504e-01 1.26320362e+00 1.11936235e+00
    3.34176302e-01 7.73443282e-01 7.83008337e-01 6.49378836e-01
    -4.35804993e-01 5.85645974e-01 -3.88255298e-01 1.26884782e+00
    -2.36899763e-01 1.42127109e+00 1.14912236e+00 8.51314008e-01
    7.36141801e-01 -2.88242459e-01 -3.35204899e-02 -4.21138257e-01
    1.59582436e-01 1.12289965e+00 1.12792742e+00 1.17453980e+00
    1.37810254e+00 1.08461165e+00 -5.96236348e-01 -1.60473138e-01
    -1.55746877e-01 1.06735873e+00 1.22840393e+00 1.03359008e+00
    5.79151094e-01 -8.07479024e-03 1.10977602e+00 3.42035770e-01
    7.90456414e-01 -1.18902683e-01 8.40029538e-01 2.92062074e-01
    1.32626116e+00 6.44718409e-01 8.34010839e-02 4.20498788e-01
    1.10373449e+00 4.40023661e-01 1.11942291e+00 2.30973005e-01
    3.19193691e-01 6.49335146e-01 7.36814678e-01 9.12385225e-01
    2.14042962e-02 4.77004081e-01 9.14082110e-01 1.22403324e-01
    9.07941759e-01 -4.31061745e-01 1.33262587e+00 1.05345523e+00
    7.92533219e-01 1.44760191e-01 -5.12572765e-01 -1.50975019e-01
    -4.24969792e-02 -1.36791617e-01 1.34415597e-01 2.58937091e-01
    -2.37819016e-01 5.29555976e-01 -2.23703593e-01 7.41495609e-01
    2.35802352e-01 9.41448450e-01 9.13949966e-01 -4.99218106e-02
    6.56195462e-01 2.26772964e-01 1.33620667e+00 1.06640351e+00
    5.80780268e-01 -1.32642239e-01 7.30193675e-01 -4.77181047e-01
    4.32316601e-01 5.47372937e-01 8.89739692e-01 7.31480122e-01
    -5.10821044e-02 -4.02071118e-01 1.15015417e-01 8.61875892e-01
    7.07103372e-01 -1.48932487e-01 1.08414590e+00 1.17834902e+00
    -3.98523211e-02 1.87366128e-01 8.09015036e-01 -4.30985957e-01
    9.35365081e-01 -1.31923914e-01 5.24709046e-01 1.27440464e+00
    1.37052965e+00 1.05130816e+00 1.47464871e-02 1.39915442e+00
    1.13701034e+00 2.74090767e-02 1.22305894e+00 8.10287356e-01
    -1.77729070e-01 1.31107354e+00 8.91295791e-01 5.88632226e-02
    -3.79609585e-01 1.34380889e+00 -2.85151780e-01 1.15906322e+00
    -2.57702082e-01 1.09421194e-01 2.82984018e-01 1.43152452e+00
    9.76667404e-01 2.01916158e-01 -2.37949312e-01 1.43513846e+00
    1.13993263e+00 6.92721784e-01 -1.24940068e-01 8.48388672e-02
    7.08044112e-01 -4.67709452e-01 -7.03024864e-03 1.02022970e+00
    -3.76607180e-02 7.91024506e-01 8.44645262e-01 1.31777251e+00
    1.23060179e+00 -2.17026070e-01 1.68566680e+00 8.14043283e-02
    1.17078900e+00 -2.45885998e-01 5.73858559e-01 4.76200283e-01
    8.95382464e-01 -1.59442365e-01 9.79487836e-01 1.38678312e+00
    1.05143559e+00 1.19600642e+00 1.70983553e-01 1.43355346e+00
    -5.43430805e-01 -5.22484362e-01 7.75449157e-01 7.21433580e-01
    1.08787894e+00 -4.39551681e-01 7.61345327e-01 4.72792625e-01
    1.99813485e-01 1.73182011e-01 2.27822661e-01 1.15511894e+00
    -1.49475724e-01 1.11260366e+00 -3.97506684e-01 1.30047143e-01
    5.85762084e-01 6.02431178e-01 1.42756248e+00 6.75840020e-01
    9.97202814e-01 6.11016393e-01 1.30526483e+00 -9.96030271e-02
    -1.93566144e-01 1.21401191e+00 1.45971894e+00 2.63019800e-01
    5.34054637e-01 6.78198814e-01 3.57324243e-01 1.99205518e-01
    1.76912993e-01 1.03286803e-01 -2.84392864e-01 -4.42933410e-01
    1.28243041e+00 2.58973837e-02 8.97914886e-01 4.51536000e-01
    1.17360330e+00 9.97961044e-01 1.19294190e+00 3.81253093e-01
    1.13080430e+00 5.76351166e-01 9.96116698e-01 1.08696759e+00
    1.16862416e+00 1.02994990e+00 1.53889894e-01 5.73315501e-01
    1.37593675e+00 1.30645037e+00 4.08509552e-01 1.35779321e-01
    7.56456435e-01 7.07852125e-01 4.43737507e-01 -9.59634781e-06
    -1.79006428e-01 -2.78933406e-01 9.39505875e-01 -1.72479421e-01
    1.35407519e+00 9.80686784e-01 -2.68427342e-01 8.85233283e-02
    9.29866374e-01 9.80677247e-01 2.69303024e-01 4.43761826e-01
    5.22550344e-02 1.01639318e+00 1.08107471e+00 -5.74349284e-01
    1.84727967e-01 2.55886197e-01 6.29674435e-01 3.92224014e-01
    4.79462743e-02 -2.21086949e-01 8.27607810e-01 -2.04431027e-01
    1.42103171e+00 8.40197921e-01 1.32821631e+00 -3.84940147e-01
    1.88292682e-01 1.37399793e-01 -1.02270663e-01 1.47874808e+00
    -4.88979429e-01 9.44244862e-01 1.33460522e+00 9.37281728e-01
    1.52923691e+00 1.49391627e+00 -1.29969120e-01 1.50843811e+00
    1.25991607e+00 4.55344141e-01 1.06775665e+00 1.83648586e-01
    8.37970853e-01 1.29015207e+00 1.24788165e+00 6.21205807e-01
    -8.40180814e-02 1.14934921e+00 9.35300827e-01 5.27743757e-01
    -4.33424801e-01 8.73490572e-01 -3.38032484e-01 1.06486487e+00
    2.57835984e-01 6.48935437e-01 -1.05477512e-01 1.44823897e+00
    1.06266618e+00 9.65770066e-01 -3.46828014e-01 -5.69289684e-01
    1.23788273e+00 5.98483086e-01 1.38098145e+00 -1.76249772e-01
    1.79549038e-01 4.44769621e-01 1.59287035e-01 7.52314568e-01
    1.03812647e+00 2.22067416e-01 7.33089328e-01 1.13061035e+00
    4.40075994e-01 -3.05821717e-01 -4.64974940e-01 -3.57322812e-01
    1.56308681e-01 7.88313866e-01 1.48409033e+00 5.36459684e-03
    3.32179070e-01 1.12575138e+00 1.40742636e+00 1.08228648e+00
    1.36142659e+00 5.70602059e-01 5.38424373e-01 4.50893760e-01
    2.32205510e-01 4.81902182e-01 1.20016026e+00 1.37954998e+00
    1.67243361e-01 5.49577594e-01 1.36509609e+00 -2.17079759e-01
    1.12797749e+00 -2.31754780e-03 7.91873097e-01 1.49410820e+00
    1.32924247e+00 1.42661011e+00 -4.99818832e-01 -7.29605854e-02
    1.16750884e+00 1.07653046e+00 4.65168417e-01 8.56623232e-01
    -4.91630852e-01 -5.33956110e-01 -3.82854193e-01 1.37375963e+00
    -3.40027630e-01 6.32204592e-01 -9.56356525e-04 1.15681052e-01
    6.75519824e-01 4.36473250e-01 1.47596323e+00 -2.98239589e-02
    8.87631476e-01 9.10359204e-01 7.81932116e-01 3.95157576e-01
    -9.30615962e-02 8.80594492e-01 -3.94909561e-01 -1.67880803e-01
    5.79300165e-01 2.76888013e-01 -9.89180803e-02 9.46801364e-01
    1.44243276e+00 1.21230984e+00 -2.69610912e-01 -2.84387976e-01
    -3.20375443e-01 2.09608078e-01 3.89519215e-01 4.81647253e-01
    -1.60421669e-01 3.79410148e-01 1.26489615e+00 1.17557633e+00
    9.26128805e-01 -2.30264097e-01 1.45975459e+00 9.40697849e-01
    1.26660824e-01 -1.30078822e-01 -4.33257371e-01 8.16577315e-01
    6.85890198e-01 7.19643831e-02 -2.86952198e-01 5.42627394e-01
    -3.18245888e-02 1.36717391e+00 1.15910721e+00 -4.74533379e-01
    4.15342987e-01 9.66551781e-01 8.71401727e-01 -8.66706371e-02
    1.40802526e+00 -3.13315392e-02 -3.16233516e-01 3.61715734e-01
    1.14696097e+00 1.31516397e+00 -2.16019124e-01 -2.02852726e-01
    4.75640237e-01 1.59862649e+00 9.46162820e-01 3.78528863e-01
    7.30192661e-01 3.22820187e-01 7.27955937e-01 6.39913976e-03
    1.54835558e+00 6.72552645e-01 -2.26727769e-01 1.38548458e+00
    2.17293799e-01 2.90204912e-01 1.94597006e-01 -4.81446564e-01
    5.83122849e-01 1.21616483e+00 -4.15200353e-01 1.41326058e+00
    1.38380349e+00 3.83025229e-01 1.35855627e+00 -3.78283322e-01
    4.66716945e-01 1.14241052e+00 2.93831706e-01 7.25739419e-01
    2.52469420e-01 1.47818947e+00 1.14626646e-01 1.20591342e+00
    -3.68912458e-01 1.90997809e-01 -4.51392531e-02 1.41554856e+00
    9.93139923e-01 2.56610811e-01 3.14205468e-01 1.35812223e+00
    7.51434743e-01 -4.34265554e-01 1.35184395e+00 1.12229872e+00
    1.20028257e+00 -3.86460006e-01 3.34706247e-01 -8.47449899e-02
    -3.04568708e-02 8.20671260e-01 1.37261486e+00 1.05382860e+00
    1.36063039e+00 -3.79919857e-01 -2.37234473e-01 5.67321181e-02
    7.84362257e-01 -5.69634736e-01 1.27800679e+00 8.42571020e-01
    1.24630809e-01 2.84151852e-01 -3.32554519e-01 1.42218089e+00
    4.11240369e-01 -1.72658682e-01 9.36820447e-01 8.60495627e-01
    8.01197946e-01 7.07152009e-01 6.12153292e-01 1.68936729e-01
    1.15303302e+00 6.82403564e-01 5.79780698e-01 1.08532405e+00
    3.43420625e-01 -4.48258311e-01 6.52078509e-01 1.21509027e+00
    1.37226093e+00 7.20536709e-02 5.03215969e-01 1.42915130e+00
    1.16405725e+00 1.67402565e-01 7.63287246e-01 1.11936283e+00
    7.25390315e-01 1.37424886e-01 -4.84648108e-01 1.35805917e+00
    8.86972368e-01 2.50508666e-01 -4.04925704e-01 3.61069739e-01
    8.41923118e-01 -1.32182658e-01 6.46460354e-01 5.34713745e-01
    6.07122719e-01 1.12483943e+00 1.63184345e-01 -3.74565274e-01
    1.19632220e+00 1.39674175e+00 1.31634307e+00 6.07739985e-01
    1.24592185e-01 7.89972901e-01 8.33131373e-02 -2.04594314e-01
    -1.79535627e-01 1.06479263e+00 8.34711552e-01 1.08992934e-01
    1.14132655e+00 3.76892447e-01 6.50972724e-02 4.80210781e-01
    1.99033976e-01 8.45951676e-01 7.16302872e-01 -6.45128787e-02
    1.09126544e+00 -1.38912886e-01 1.21991491e+00 -4.64508891e-01
    7.76084781e-01 9.39963400e-01 -4.16703820e-01 2.20447361e-01
    1.42625761e+00 3.39515448e-01 -3.98610443e-01 -1.99262023e-01
    1.45084667e+00 9.03868675e-01 6.94977939e-01 4.74214077e-01
    -3.71998727e-01 -3.10968339e-01 1.42739725e+00 -4.09582317e-01
    -1.37192011e-01 9.09133375e-01 5.27864158e-01 5.00127792e-01
    1.34220624e+00 -6.13494217e-02 9.85354185e-03 9.18308735e-01
    -4.93201613e-01 -2.30282426e-01 -3.15799773e-01 1.34328890e+00
    4.55824465e-01 1.07684088e+00 -2.66306639e-01 5.64270735e-01
    6.09680116e-01 4.20938194e-01 -4.39317763e-01 3.58304620e-01
    2.35589385e-01 3.29788685e-01 -3.47749174e-01 5.81440926e-01
    7.63796866e-02 -4.83288437e-01 -7.17128813e-02 7.64437556e-01
    1.82901561e-01 1.89549983e-01 4.46335793e-01 -4.56048757e-01
    1.16120780e+00 3.63556087e-01 -3.41612816e-01 9.28833783e-01
    9.40780401e-01 1.04090703e+00 6.09373152e-01 1.09630251e+00
    8.98053288e-01 9.17660236e-01 5.65774798e-01 1.25300336e+00
    6.05184853e-01 -4.03451681e-01 1.04880238e+00 1.46200442e+00
    -2.89024293e-01 2.02321708e-01 1.03850830e+00 8.65805507e-01
    8.44852984e-01 -1.92219108e-01 7.65822053e-01 2.69164085e-01
    -4.71357912e-01 1.15624499e+00 1.02569640e-01 4.20993328e-01
    7.03435361e-01 7.03495681e-01 -4.29908633e-01 3.58072937e-01
    1.45624113e+00 -4.50920731e-01 1.40639997e+00 9.84626293e-01
    1.10609293e+00 -1.05070502e-01 8.66137683e-01 9.48798716e-01
    3.00345600e-01 8.96513224e-01 1.14957166e+00 5.66229939e-01
    1.22282183e+00 -2.96361923e-01 -3.37092876e-01 9.38984394e-01
    -6.10780716e-02 4.25998867e-01 6.23060465e-02 -1.49985611e-01
    -3.51646036e-01 1.21767068e+00 1.24942601e+00 -1.19055152e-01
    -2.12164402e-01 5.58056056e-01 -4.58114445e-02 1.14760780e+00
    -5.06153166e-01 8.08012366e-01 1.04790306e+00 5.18144965e-01
    2.44793236e-01 -1.17714465e-01 6.00951970e-01 -1.13224536e-01
    7.63432980e-01 1.06774926e+00 2.78115273e-01 7.03840256e-02
    2.31435895e-01 1.14808142e-01 4.73499894e-02 1.32739520e+00
    5.22454917e-01 8.59082818e-01 1.38397574e+00 5.09747267e-02
    6.35390282e-01 -3.87276977e-01 -2.10434616e-01 -8.10760260e-02
    -1.70893222e-01 7.48803794e-01 -1.39424205e-01 -2.82856375e-02
    1.48746932e+00 -3.45239908e-01 -2.41964504e-01 -2.83644587e-01
    8.53331923e-01 6.77416801e-01 5.33638716e-01 -5.66444695e-02
    7.93107808e-01 1.07621610e-01 -3.57327551e-01 1.87785327e-01
    1.67996287e-01 1.45050371e+00 1.34450519e+00 -1.19809210e-02
    4.31371301e-01 -1.75289333e-01 -2.37260133e-01 1.06591809e+00
    1.41226602e+00 -3.41983318e-01 4.63042766e-01 5.50272346e-01
    1.06377929e-01 -1.60106421e-02 1.03362083e+00 -3.10153842e-01
    8.33640933e-01 8.33000720e-01 -1.47262871e-01 -4.42606509e-01
    1.08179927e+00 -1.92230344e-01 1.15728807e+00 5.08665144e-01
    -3.39008152e-01 1.47184861e+00 8.75627637e-01 1.14023471e+00
    -5.30409336e-01 7.13533401e-01 1.46602225e+00 -3.47082734e-01
    1.11581063e+00 -3.72301459e-01 -7.67871737e-03 4.37428772e-01
    1.53229332e+00 1.20640755e+00 -3.44744444e-01 -2.16770262e-01
    -6.82125092e-02 8.55802476e-01 1.35766196e+00 6.08258545e-02
    7.55463779e-01 9.56010222e-02 -1.92414731e-01 1.45450723e+00
    -5.93534112e-01 8.94679368e-01 6.50271416e-01 1.93322420e-01
    4.94606137e-01 5.46255529e-01 -5.41970670e-01 3.80232096e-01
    8.67104709e-01 1.11833882e+00 -2.72643715e-01 -4.40385967e-01
    1.00154674e+00 1.48564363e+00 3.96529436e-02 -3.64498794e-01
    8.77143085e-01 1.41276121e+00 1.96402073e-01 5.09397984e-02
    4.43897784e-01 -3.69550586e-02 2.91130543e-01 1.08905411e+00
    7.96903551e-01 5.18881917e-01 1.12438297e+00 8.04256797e-02
    3.23502779e-01 1.33642066e+00 6.66788697e-01 1.34806895e+00
    1.08770072e-01 1.09109902e+00 1.78436935e-01 7.81252027e-01
    1.40251136e+00 -4.66822624e-01 8.50822330e-02 9.83415782e-01
    1.11854053e+00 1.14263809e+00 8.96433711e-01 9.37087297e-01
    1.49924159e-01 1.06571317e-01 -3.65879774e-01 5.52589417e-01
    4.47862685e-01 -4.61298168e-01 1.14040315e-01 3.65502834e-02
    -7.78025091e-02 7.37458527e-01 1.24159843e-01 2.23967999e-01
    7.37997591e-02 -2.21059203e-01 1.21204984e+00 -4.04577672e-01
    9.59633708e-01 8.24171841e-01 1.26160240e+00 1.39911294e+00
    7.00095057e-01 2.62779593e-02 7.49879837e-01 1.88204676e-01
    3.26653987e-01 -3.05261344e-01 -2.85960525e-01 6.80142105e-01
    7.86483884e-02 1.10276079e+00 1.00180662e+00 3.24090898e-01
    1.07219744e+00 1.32491064e+00 7.63112187e-01 2.24261820e-01
    -2.22241104e-01 5.81433296e-01 1.06194997e+00 1.61520898e+00
    5.79404116e-01 2.67428696e-01 -3.91999006e-01 1.06724405e+00
    1.18747151e+00 1.00228369e+00 1.17130816e-01 9.78673577e-01
    4.98296678e-01 9.58598256e-02 8.48612726e-01 1.27907050e+00
    1.21660125e+00 -4.11926985e-01 2.72408128e-02 1.43016964e-01
    1.25752652e+00 1.00760937e+00 9.28064883e-02 2.73260534e-01
    1.07981396e+00 6.34274781e-01 1.28619313e+00 1.16966510e+00
    1.22177315e+00 1.40006161e+00 -2.36606658e-01 1.19047713e+00
    -1.48071587e-01 1.40897346e+00 -6.38044357e-01 4.16368186e-01
    -4.96626616e-01 5.25501609e-01 1.05902123e+00 2.12203443e-01
    1.31134272e+00 1.31778359e+00 -2.54786342e-01 1.07463360e+00
    -2.14900315e-01 6.83377087e-01 1.18955600e+00 2.49022901e-01
    7.31672466e-01 1.88772023e-01 1.16136026e+00 7.18740165e-01
    2.95822680e-01 8.92945766e-01 1.34581435e+00 1.75316930e-01
    -4.87891674e-01 7.02905655e-01 1.39367533e+00 8.39809000e-01
    -3.38728726e-01 1.22404492e+00 9.61774647e-01 -1.62546635e-01
    8.11178863e-01 4.83550012e-01 1.07408857e+00 -1.55608982e-01
    -5.57326555e-01 1.35006809e+00 5.72413504e-01 1.04502630e+00
    5.05157530e-01 8.38828027e-01 1.40860975e+00 -4.21532214e-01
    1.46261036e+00 6.85522377e-01 -3.16257268e-01 9.56905544e-01
    5.41827917e-01 4.16274190e-01 1.47170663e+00 -3.68788213e-01
    5.97714365e-01 1.17634118e-01 3.35846424e-01 4.07726407e-01
    1.36936295e+00 1.12577248e+00 1.34436107e+00 1.17217684e+00
    1.38161254e+00 9.02477145e-01 6.27966285e-01 5.30992031e-01
    3.45056593e-01 1.34170699e+00 9.96819139e-01 1.25312734e+00
    7.01965272e-01 3.21927845e-01 9.94783700e-01 3.63394260e-01
    8.45127821e-01 1.68118298e-01 -6.97265863e-02 -2.58850157e-01
    9.52141881e-01 2.97147483e-01 9.80811298e-01 -7.48684406e-02
    -4.09638703e-01 8.84054661e-01 -2.08532706e-01 -9.34539139e-02
    -2.76748538e-01 -1.74458623e-01 -1.62031263e-01 -3.57124716e-01
    8.54541004e-01 9.36724842e-01 4.65463519e-01 4.13555503e-01
    -3.92376065e-01 1.05706787e+00 4.60997880e-01 1.11021543e+00
    -4.42144513e-01 1.71433449e-01 -1.75255090e-01 2.73117274e-01
    -1.23538047e-01 1.83696955e-01 1.37657642e+00 1.48593342e+00
    1.14750087e+00 2.05379725e-01 4.90848720e-02 7.23817945e-03
    1.32975608e-01 4.02315497e-01 5.75756609e-01 1.44085979e+00
    1.71718657e-01 1.44720852e-01 -1.41018808e-01 1.02585709e+00
    9.56374705e-01 4.14436519e-01 6.61917984e-01 1.42761922e+00
    8.95830452e-01 -2.91866809e-01 -1.78455591e-01 -2.91703224e-01
    -3.77249300e-01 5.15946448e-01 9.12830710e-01 6.98634982e-02
    -7.02325702e-02 1.41231310e+00 7.13272274e-01 2.54609644e-01
    1.20190239e+00 7.01363742e-01 -1.73014015e-01 1.38884401e+00
    1.07074320e+00 -3.75659049e-01 6.18024349e-01 9.22867656e-01
    5.20538807e-01 3.68246853e-01 -5.18013716e-01 1.49222851e+00
    6.60316885e-01 -1.52641535e-02 4.84818399e-01 1.43213356e+00
    -4.44792539e-01 1.40108168e+00 4.48934317e-01 4.38875735e-01
    4.25859332e-01 8.01780224e-01 1.09965837e+00 -1.90530151e-01
    1.29016721e+00 1.11632586e-01 1.20473289e+00 -5.05989015e-01
    -4.56260741e-01 1.30080724e+00 1.10757709e+00 9.85899448e-01
    8.19933474e-01 2.94157505e-01 1.37751281e+00 1.26449037e+00
    -5.88918746e-01 1.37998521e+00 8.68928790e-01 9.77344930e-01
    1.16568410e+00 -2.84573525e-01 1.13211298e+00 7.07255185e-01
    1.25428104e+00 1.06530428e+00 5.63639104e-01 1.06657505e+00
    -7.70229697e-02 1.86533093e-01 2.47357965e-01 2.22096503e-01
    3.26140285e-01 6.55901015e-01 9.82601762e-01 -3.96022797e-01
    -3.27964753e-01 1.09290755e+00 6.04426622e-01 1.37890911e+00
    -1.09948039e-01 6.17744327e-01 6.07061505e-01 8.00772369e-01
    1.01236176e+00 4.46212441e-01 -2.32972398e-01 -3.42383981e-01
    -2.17314184e-01 7.61280894e-01 -1.34155750e-02 1.31374741e+00
    1.20108628e+00 8.69823277e-01 -1.36742175e-01 6.53675377e-01
    5.55039644e-02 -9.26220417e-02 1.09005451e+00 1.25998938e+00
    -2.06293643e-01 5.28163731e-01 7.57258058e-01 8.65233779e-01
    1.28800178e+00 4.35374916e-01 8.71694803e-01 1.23724341e+00
    4.68874633e-01 1.50832295e-01 1.60980225e-01 9.42658365e-01
    1.50265622e+00 -4.07774568e-01 1.08893132e+00 3.61806482e-01
    -3.88756216e-01 -4.71314847e-01 1.23696685e+00 7.38442957e-01
    -3.37902546e-01 6.95539474e-01 -4.60414320e-01 4.48739231e-02
    1.12838781e+00 -4.85243917e-01 1.46218789e+00 7.95419276e-01
    1.29529333e+00 -4.29490685e-01 7.80811548e-01 9.76956487e-01
    4.70305324e-01 -3.16291153e-02 -2.76673973e-01 9.64152813e-01
    1.53488600e+00 6.19875014e-01 1.21840549e+00 6.93108737e-01
    1.01779914e+00 1.41477633e+00 2.90271938e-01 -4.73058105e-01
    8.44853282e-01 1.07755649e+00 4.56618905e-01 4.35905933e-01
    7.25168169e-01 1.28992617e+00 -4.17663872e-01 8.63943756e-01
    1.31250334e+00 1.85965478e-01 1.35947287e-01 3.67969096e-01
    7.74085820e-01 1.05855703e+00 -5.41500509e-01 -4.78123099e-01
    1.49933219e+00 6.82159960e-02 6.36780143e-01 1.29181623e-01
    6.89899802e-01 1.17828143e+00 1.14952326e+00 3.28391075e-01
    1.04259491e+00 9.21513617e-01 -3.41597736e-01 2.28967786e-01
    8.71657312e-01 1.26365733e+00 1.57681704e-02 1.05656803e-01
    4.84837890e-02 8.95847738e-01 8.33301246e-01 -3.06547046e-01
    3.21926117e-01 1.38753247e+00 4.18331444e-01 -3.76778245e-02
    1.44879138e+00 1.45116484e+00 4.51710641e-01 -2.08243996e-01
    5.38800001e-01 1.04442632e+00 1.19695663e-01 1.35434461e+00
    1.24491644e+00 -5.61364889e-02 -7.93399811e-02 9.02827859e-01
    1.20945847e+00 -4.07175571e-01 1.04043138e+00 2.88661122e-02
    4.36379075e-01 8.43551993e-01 -4.68402952e-01 8.84415865e-01
    6.27097309e-01 7.35641718e-02 1.60557985e-01 1.40250969e+00
    -1.19589567e-02 5.02342939e-01 1.28000236e+00 6.36914968e-01
    -4.82363254e-01 -4.67038989e-01 4.33201790e-01 6.46688938e-02
    1.13481975e+00 5.77130437e-01 8.05776954e-01 1.21593952e+00
    -2.02907085e-01 1.55975461e+00 -2.92164683e-02 8.97207677e-01
    1.39364767e+00 -3.77145708e-02 1.32753420e+00 -1.58307344e-01
    1.23337424e+00 1.67360455e-01 1.33209753e+00 1.33639693e+00
    1.94606066e-01 -4.10111517e-01 1.20853138e+00 8.05676639e-01
    3.35780501e-01 4.43529665e-01 6.62428141e-01 -2.77037770e-01
    4.44154918e-01 -8.79892707e-03 1.61458701e-01 9.90613580e-01
    2.57994920e-01 1.35486746e+00 -3.92145574e-01 -2.60371804e-01
    1.46167827e+00 -5.31646907e-01 -1.77795291e-02 1.19114125e+00
    3.88123572e-01 -4.26092565e-01 1.07839179e+00 5.94326198e-01
    4.02491510e-01 1.02530158e+00 1.40960693e+00 1.47239780e+00
    -1.48823589e-01 1.24371767e-01 -2.60232329e-01 3.89672518e-01
    7.80145109e-01 1.15641737e+00 -5.33045828e-02 1.19889760e+00
    1.47967172e+00 8.27105105e-01 8.04298937e-01 2.98615396e-01
    -4.41607028e-01 1.15909052e+00 1.31796575e+00 -1.45851552e-01
    -3.45171273e-01 7.97790825e-01 1.42470777e-01 7.73888230e-01
    -4.14307773e-01 -3.47492754e-01 1.52536750e-01 -5.59616089e-03
    2.90117860e-02 5.15572250e-01 -1.23773217e-01 1.46222281e+00
    6.14612877e-01 5.29524803e-01 8.57172608e-01 -1.13774031e-01
    -2.72300333e-01 1.17109203e+00 7.50990570e-01 7.17419267e-01
    8.64108384e-01 6.99120164e-01 7.76166737e-01 1.33643699e+00
    4.65173304e-01 1.44942343e-01 -4.00101066e-01 1.44351757e+00
    5.35876513e-01 1.38634169e+00 2.99916267e-02 -2.22628117e-02
    -3.93338799e-01 1.02445173e+00 8.52523744e-01 5.99369407e-01
    6.18138313e-01 8.45311999e-01 4.22649682e-01 -5.12759089e-02
    3.52165878e-01 1.20630205e-01 1.19504547e+00 -1.40077472e-01
    8.20606887e-01 2.55703986e-01 1.38357687e+00 1.81115270e-02
    1.16881037e+00 -1.23927653e-01 3.28993917e-01 3.98002803e-01
    1.50880218e-01 -3.01018596e-01 -4.41594899e-01 2.61123776e-01
    7.43923187e-01 1.14387321e+00 7.51247406e-02 -6.45930171e-02
    1.37034953e-02 2.79903412e-04 9.15954113e-02 9.09519196e-01
    1.22695613e+00 2.64420629e-01 1.91558510e-01 1.12062722e-01
    -1.31412297e-01 1.40168333e+00 8.50262582e-01 7.98964500e-02
    3.39820087e-01 -2.19387174e-01 -3.33601177e-01 1.83862716e-01
    4.34585512e-01 5.58264017e-01 2.18440771e-01 1.35395813e+00
    1.74748540e-01 1.27761650e+00 8.56685996e-01 -4.42198217e-02
    1.38399315e+00 -1.41177535e-01 8.17294300e-01 1.00935018e+00
    1.24537885e+00 -8.22977722e-02 1.01793337e+00 -4.61317718e-01
    1.04232848e+00 -3.78139466e-01 3.13894928e-01 -2.22456247e-01
    1.23674726e+00 1.05638242e+00 6.80538535e-01 -3.79968464e-01
    5.14192581e-01 1.15246236e-01 -1.26527697e-01 -2.64133334e-01
    2.17566371e-01 4.67757821e-01 -4.72660542e-01 1.30263114e+00
    -1.34248137e-01 2.31543601e-01 2.26202786e-01 4.51035976e-01
    -2.34691128e-01 3.58323872e-01 1.71963274e-02 8.87822509e-02
    -1.76019937e-01 2.25915074e-01 -3.17782164e-02 1.21644139e+00
    -4.89739239e-01 4.26372051e-01 1.59832120e-01 -5.83108902e-01
    5.09403884e-01 1.40504289e+00 1.03427315e+00 3.62644732e-01
    5.36434293e-01 8.48031700e-01 1.19363689e+00 5.47347665e-01
    -7.08580017e-03 -4.59665060e-01 8.02987099e-01 1.42873323e+00
    8.90892863e-01 1.20546246e+00 7.42930055e-01 -7.16836452e-02
    1.27481842e+00 8.88125896e-02 2.28785217e-01 2.16496170e-01
    2.69623458e-01 1.04668951e+00 8.95058513e-02 -1.35777354e-01
    1.11069095e+00 9.48773980e-01 -3.72219324e-01 8.29873979e-01
    2.06665993e-01 6.70802176e-01 -1.19291961e-01 -3.24141920e-01
    1.07856321e+00 1.50859308e+00 -4.55481172e-01 4.98577356e-01
    7.76589155e-01 9.08791244e-01 1.42986035e+00 4.74384904e-01
    -1.54843837e-01 1.03523433e-01 6.01077080e-02 -2.85284191e-01
    4.35296476e-01 8.08095753e-01 1.09977770e+00 -7.66459107e-02
    8.11767042e-01 7.43611515e-01 -2.32458591e-01 1.11132860e+00
    -1.43376887e-01 1.18906617e+00 1.43696702e+00 1.10448194e+00
    5.29326677e-01 7.66446948e-01 -1.61241263e-01 4.74742055e-02
    -2.69451469e-01 1.44757402e+00 9.01408374e-01 5.85055113e-01
    7.63398349e-01 1.34630966e+00 9.73188460e-01 4.66590106e-01
    3.87832701e-01 9.42065477e-01 6.12769067e-01 1.53654277e+00
    5.18383861e-01 -4.91448104e-01 1.53783166e+00 -4.62610871e-01
    1.20739615e+00 -2.45835751e-01 5.75950742e-02 9.25548255e-01
    -2.39502430e-01 1.33908010e+00 1.37910402e+00 5.28914750e-01
    1.47242999e+00 1.27179193e+00 1.67673826e-03 1.23950672e+00
    8.39254379e-01 -5.63319325e-02 1.32786083e+00 6.87311828e-01
    1.08140945e+00 8.64883840e-01 2.67474353e-01 1.09473646e+00
    9.79365706e-01 9.92528439e-01 -3.11537057e-01 7.47655392e-01
    -2.43374422e-01 -1.03241414e-01 1.38966888e-01 2.29746729e-01
    3.33259016e-01 -3.45416486e-01 5.73160708e-01 1.25631189e+00
    1.29092062e+00 5.73445261e-01 3.56392324e-01 1.09637761e+00
    9.67385292e-01 7.29306221e-01 5.73613703e-01 8.80056262e-01
    -1.90830827e-02 1.41634321e+00 -3.88858080e-01 1.18864059e+00
    1.40349007e+00 8.92340541e-02 -2.46481478e-01 6.38765752e-01
    1.21592069e+00 6.27201796e-01 1.43444312e+00 7.49821067e-02
    1.31316423e+00 1.44223154e+00 7.26498127e-01 7.89907992e-01
    1.21223998e+00 7.10656464e-01 1.24256861e+00 1.47145593e+00
    -4.85561579e-01 -2.52809227e-01 3.96499336e-01 1.15682805e+00
    1.08693552e+00 -7.71573186e-02 1.18696713e+00 8.73534620e-01
    7.79608071e-01 6.56601191e-01 1.30348533e-01 9.33178902e-01
    4.14774776e-01 1.56305075e+00 -1.85863227e-01 -2.19087929e-01
    1.47821259e+00 5.36611021e-01 4.06527638e-01 7.55045712e-01
    1.59999490e-01 -1.19467407e-01 5.90991557e-01 9.15034354e-01
    6.89179420e-01 -2.50048399e-01 3.78287971e-01 -1.07274592e-01
    1.10741508e+00 -4.32047039e-01 2.14830637e-02 4.02815342e-02
    1.37389684e+00 9.91624117e-01 -1.49711579e-01 1.12290788e+00
    -2.16209620e-01 2.00337291e-01 6.20521843e-01 4.92717803e-01
    5.89986384e-01 -8.13101530e-02 -2.26587176e-01 1.07933438e+00
    -2.36031443e-01 -3.83656323e-01 1.03141332e+00 1.31220841e+00
    8.09322774e-01 1.09542966e-01 1.46689510e+00 1.01328790e+00
    1.86701953e-01 7.27086008e-01 9.79047418e-01 1.26322734e+00
    9.84687209e-01 -4.63466704e-01 5.31211257e-01 5.67253649e-01
    1.37119079e+00 1.03931427e-02 1.23579711e-01 -2.94009209e-01
    1.43176949e+00 1.14241886e+00 8.01693678e-01 -1.28308505e-01
    6.91433430e-01 -6.95319176e-02 1.78617537e-02 1.38773525e+00
    2.64850318e-01 -2.92694420e-01 -8.77231359e-03 -8.61807466e-02
    -1.91148043e-01 7.64800310e-02 -1.70625955e-01 7.80800581e-01
    -1.71665668e-01 8.11278224e-02 -4.75944519e-01 2.13606775e-01
    -4.41604257e-01 9.08836186e-01 -1.88960940e-01 4.90701437e-01
    6.12666130e-01 2.13944495e-01 1.26154333e-01 1.25464284e+00
    8.79387856e-02 9.74307656e-02 3.32452178e-01 8.87481153e-01
    1.40973091e+00 1.02639019e+00 8.45688462e-01 3.86214525e-01
    -5.55719137e-02 6.27161086e-01 1.37126112e+00 2.80845165e-02
    2.11481452e-01 1.27789450e+00 1.51779842e+00 9.56668139e-01
    -4.45716321e-01 5.62017441e-01 -2.27779925e-01 -2.72841960e-01
    8.95437896e-02 3.03406358e-01 -2.06553817e-01 -2.00372458e-01
    7.13115811e-01 1.28744781e+00 -1.34197116e-01 -4.93453145e-01
    1.13059759e+00 9.63103831e-01 1.86065733e-01 6.72289789e-01
    -3.95993948e-01 4.12559390e-01 2.75227427e-02 2.13875592e-01
    1.27770293e+00 -3.85806084e-01 7.07343459e-01 9.07021880e-01
    -1.52075440e-01 1.37451243e+00 1.33440405e-01 1.11820841e+00
    -3.71968746e-02 1.24772811e+00 -2.07580805e-01 3.56328487e-02
    7.41395950e-01 -2.01218873e-01 5.83573699e-01 1.24743879e+00
    1.18072879e+00 2.23528385e-01 3.26458275e-01 1.19085217e+00
    7.00431585e-01 -2.81415373e-01 1.49052715e+00 4.17641640e-01
    3.54561687e-01 3.26805115e-01 -3.36712003e-01 1.44765043e+00
    5.55466712e-01 -5.14531195e-01 1.42642105e+00 1.06086671e-01
    5.67646265e-01 1.76750422e-02 -3.27332199e-01 1.07636952e+00
    1.09937215e+00 7.48488188e-01 1.18221188e+00 1.03836894e+00
    3.31691146e-01 8.10490072e-01 -2.51072586e-01 1.06477094e+00
    1.59694493e-01 6.12714529e-01 4.85105038e-01 4.74141300e-01
    7.68836200e-01 -3.13209295e-02 5.41092336e-01 1.26782608e+00
    -3.28764945e-01 5.53500652e-02 2.41044760e-01 -4.98279870e-01
    1.25875807e+00 1.41826630e+00 -5.05391121e-01 -2.77342051e-01
    6.43664956e-01 -3.73537779e-01 1.45717156e+00 -1.23233795e-02
    -1.45231217e-01 -2.99441069e-01 2.54281402e-01 1.52647340e+00
    1.21548128e+00 1.09795821e+00 -2.12573171e-01 -2.86196947e-01
    -3.08665991e-01 4.32220101e-01 1.51913548e+00 1.06620324e+00
    -2.77224720e-01 9.10340428e-01 1.11214912e+00 5.97617269e-01
    -3.70865405e-01 1.22147965e+00 2.34178782e-01 1.43385577e+00
    3.06662381e-01 4.37024176e-01 1.39071095e+00 -9.70043838e-02
    -3.06192279e-01 4.73883152e-02 1.10397100e+00 3.49677593e-01
    3.18320930e-01 6.66309237e-01 1.01524830e+00 3.69464636e-01
    8.35827529e-01 1.40676260e+00 6.98762894e-01 1.09027982e+00
    4.58014727e-01 7.01681554e-01 4.62781727e-01 1.25965011e+00
    6.68653846e-02 3.78866374e-01 1.04999328e+00 -5.05642176e-01
    -3.09963226e-02 1.23067117e+00 1.03133345e+00 2.47093081e-01
    -3.87982547e-01 3.69078994e-01 1.17734730e-01 8.84744406e-01
    2.52522290e-01 3.77839923e-01 1.25538826e-01 1.13404346e+00
    -1.53315693e-01 8.49492252e-01 9.58184540e-01 -5.76149225e-02
    5.07380068e-01 -2.67131418e-01 1.17655039e+00 -8.32872987e-02
    1.52212119e+00 1.37476945e+00 1.20767069e+00 5.83226085e-02
    1.45956945e+00 4.10768390e-02 1.20522106e+00 3.59488070e-01
    -3.73474687e-01 -3.22406322e-01 -1.60720199e-01 4.86243457e-01
    3.36225629e-01 -2.28685156e-01 5.60050368e-01 2.17971027e-01
    8.22225153e-01 1.24375188e+00 4.77754056e-01 3.29327255e-01
    4.77423579e-01 3.37765098e-01 1.38942766e+00 1.13385630e+00
    1.16369367e-01 3.98172259e-01 7.88397789e-01 5.67326188e-01
    9.28070784e-01 1.18697178e+00 1.37444615e+00 -3.62349093e-01
    1.33587050e+00 -2.51775742e-01 1.29071760e+00 9.75795388e-02
    9.24373627e-01 1.40415549e+00 4.98092532e-01 1.30566907e+00
    1.38999367e+00 -5.23437023e-01 7.58902609e-01 -1.86071396e-01
    5.24644136e-01 1.20420003e+00 3.21106613e-01 2.82493174e-01
    1.54948378e+00 5.30260801e-01 -4.99746203e-02 9.68387246e-01
    1.13844490e+00 1.33311605e+00 1.55659235e+00 -3.76806438e-01
    9.13397610e-01 1.03512430e+00 4.21847105e-01 9.08801496e-01
    1.16421628e+00 8.44957471e-01 -3.93257827e-01 2.88786530e-01
    1.08214617e+00 6.84190333e-01 1.15064359e+00 1.35969067e+00
    1.26762724e+00 1.89859241e-01 -4.51113462e-01 1.46051526e+00
    9.43197489e-01 1.74616933e-01 9.43597734e-01 -1.14919990e-01
    1.41051495e+00 3.67636293e-01 1.64953649e-01 -4.87931848e-01
    1.04045153e+00 1.03592777e+00 7.83133566e-01 2.85233915e-01
    -1.68160528e-01 5.21805882e-02 1.15604532e+00 1.31080461e+00
    3.63898277e-03 1.07861072e-01 1.83708757e-01 1.51726913e+00
    -3.87304068e-01 8.58079433e-01 1.26781499e+00 9.91080701e-01
    1.07798374e+00 4.30601239e-02 8.53790760e-01 5.36060333e-01
    1.20909894e+00 4.74944711e-01 8.80404294e-01 9.28667009e-01
    -2.60106921e-02 5.79365969e-01 1.49420917e-01 3.27763677e-01
    1.50306380e+00 -3.69504124e-01 5.37855268e-01 1.24303544e+00
    1.23741293e+00 -4.06915307e-01 5.90857863e-03 1.22619200e+00
    -4.95066941e-01 9.17056680e-01 9.06986773e-01 1.00924850e+00
    7.76631355e-01 1.08649850e+00 -3.14381868e-01 -3.72492045e-01
    6.00567639e-01 6.23828769e-01 -4.54654098e-02 8.91794801e-01
    -9.54796374e-02 8.90569270e-01 6.19075596e-01 -4.10474420e-01
    -4.01056111e-01 1.19797122e+00 -1.80278629e-01 4.96292502e-01
    5.76369286e-01 7.62630820e-01 -5.85037470e-03 1.52886355e+00
    -1.02899820e-01 1.30167723e+00 -2.38210797e-01 -1.78825051e-01
    6.15859926e-01 1.27024412e+00 9.22568858e-01 -5.43673038e-02
    1.41285479e-01 1.77089810e-01 1.30785108e+00 9.84096467e-01
    -4.76394296e-01 1.45419765e+00 -3.95168781e-01 4.00588453e-01
    1.40584302e+00 1.84341013e-01 3.98006618e-01 -3.79776955e-03
    -8.35719407e-02 1.41433990e+00 1.30709052e+00 -1.36115938e-01
    1.18282485e+00 -9.08943415e-02 -3.89305949e-02 9.92534637e-01
    9.07328427e-01 1.17789817e+00 -3.91649693e-01 8.48362505e-01
    9.54056799e-01 -4.12737370e-01 1.50488853e-01 3.24438214e-01
    1.15426660e+00 1.23226130e+00 1.21463180e-01 2.73219526e-01
    9.27030325e-01 5.50155818e-01 -5.19809723e-02 1.04107523e+00
    1.52665186e+00 7.77360201e-01 1.82567179e-01 5.45241237e-02
    1.43971634e+00 1.23655748e+00 -2.34691024e-01 1.33338928e+00
    1.05734122e+00 -2.05151096e-01 5.06793976e-01 -2.16053680e-01
    3.02167416e-01 1.25091326e+00 -4.91366684e-02 9.90707695e-01
    9.46655035e-01 7.80968368e-01 1.16590142e+00 9.93720174e-01
    -1.01107359e-03 1.31404424e+00 1.21207142e+00 -4.80339468e-01
    8.64729822e-01 1.06523514e+00 5.69121420e-01 9.78280067e-01
    1.28327060e+00 1.29491031e-01 1.42371798e+00 7.91863203e-02
    6.52729809e-01 -5.73289990e-02 -5.64264357e-02 4.21409249e-01
    7.89092243e-01 -1.84568107e-01 1.83566213e-02 6.36202991e-02
    1.39346147e+00 -2.11912036e-01 -4.22211498e-01 9.54487324e-02
    -1.41118795e-01 -1.03105098e-01 1.79683268e-01 4.50157106e-01
    8.03927422e-01 1.34252608e+00 3.99193704e-01 1.50271344e+00
    1.17822301e+00 1.36776102e+00 1.04341531e+00 4.70606685e-02
    1.45499754e+00 7.39408672e-01 1.08545113e+00 1.87693059e-01
    -2.80198961e-01 9.46959317e-01 3.89232278e-01 1.36269450e-01
    5.37891209e-01 -4.09171104e-01 9.53564942e-01 2.35013306e-01
    -1.51459098e-01 1.64273739e-01 6.09222531e-01 9.77875888e-01
    1.60761833e-01 6.91953301e-02 -3.68828893e-01 1.11022830e+00
    3.80148828e-01 5.61687529e-01 -3.06437075e-01 1.10133946e+00
    1.62590295e-01 1.14005661e+00 9.90679502e-01 -3.36758554e-01
    -3.92361283e-01 6.56141520e-01 9.16035295e-01 3.34320605e-01
    7.57060647e-02 1.73624158e-02 -1.53228283e-01 9.56343174e-01
    3.36404920e-01 3.94827008e-01 2.66194880e-01 -1.40637338e-01
    9.07961607e-01 1.10974383e+00 5.00417531e-01 1.32719111e+00
    -3.59249830e-01 1.42600644e+00 -4.18868780e-01 1.06846333e+00
    -4.52247918e-01 7.22275198e-01 1.80351615e-01 -1.73683792e-01
    9.12636518e-02 1.22338331e+00 1.12438321e+00 1.39272022e+00
    -1.49355710e-01 -5.63093185e-01 1.44400048e+00 1.53950000e+00
    7.10355937e-01 9.03948903e-01 3.40209663e-01 5.11627793e-01
    1.04727709e+00 -5.45209885e-01 1.56040847e-01 1.43854952e+00
    -2.21222699e-01 -1.58568472e-01 3.96569669e-01 -2.32058465e-01
    6.22916698e-01 1.33761048e-01 1.10484052e+00 2.02395260e-01
    4.78103757e-01 1.18896699e+00 -4.55841899e-01 1.16283035e+00
    7.24838853e-01 -5.36320686e-01 1.13294458e+00 2.00164139e-01
    1.29353106e-01 1.63815677e-01 5.85454106e-02 8.82136464e-01
    5.04797399e-01 5.61784685e-01 1.24524045e+00 1.30814064e+00
    1.10698891e+00 -2.57353812e-01 1.20051396e+00 3.76998037e-01
    1.19094133e+00 7.82386422e-01 -2.07154125e-01 1.49319839e+00
    1.21274614e+00 4.66968954e-01 1.31764293e+00 6.20597720e-01
    1.25782883e+00 -3.96955162e-01 -1.43429011e-01 9.19246554e-01
    1.04168808e+00 1.57484114e-01 1.95279300e-01 1.07553041e+00
    5.23181558e-01 5.80893278e-01 1.29470587e+00 -3.81659210e-01
    9.36580420e-01 3.76391530e-01 -5.84529281e-01 1.09164357e+00
    9.62534487e-01 8.45844626e-01 4.24817801e-02 -3.29693079e-01
    1.33325517e+00 6.02671564e-01 1.28345668e+00 3.19286168e-01
    3.65113139e-01 1.82156324e-01 1.32053721e+00 6.48219228e-01
    1.44901228e+00 1.04976642e+00 7.11879909e-01 2.40073979e-01
    -1.67794108e-01 1.24623930e+00 1.34385812e+00 1.15565503e+00
    -4.74823266e-01 1.13224363e+00 1.17057490e+00 1.44006646e+00
    1.50712585e+00 2.34741837e-01 5.27494073e-01 4.06470776e-01
    5.49595714e-01 6.83276057e-01 1.19670689e-01 -3.56589615e-01
    8.58798623e-02 -2.39749253e-02 2.52437025e-01 -2.70706952e-01
    1.21730423e+00 4.76830602e-01 1.42972612e+00 8.52090418e-01
    6.28176808e-01 -4.73169982e-02 -1.19163483e-01 1.49640441e-02
    6.04227006e-01 1.02885723e+00 1.20150375e+00 -9.92760658e-02
    1.04784989e+00 4.22918200e-01 6.31426990e-01 1.01068056e+00
    5.57622433e-01 -3.39595497e-01 1.55386388e+00 -2.72872686e-01
    1.31760025e+00 1.26909781e+00 3.14981282e-01 7.31801152e-01
    3.37165177e-01 -2.01884449e-01 1.39421654e+00 8.88844013e-01
    3.69188547e-01 1.46572661e+00 8.54935050e-02 8.66268218e-01
    3.96563590e-01 1.28899980e+00 -2.43716657e-01 4.35282648e-01
    4.87901092e-01 4.67399061e-01 7.64528573e-01 4.19257760e-01
    1.09985971e+00 1.45785236e+00 7.32399225e-01 9.89103317e-02
    2.48547077e-01 -1.69418752e-01 -3.64859462e-01 -4.71336961e-01
    1.17793131e+00 9.85584915e-01 5.03677547e-01 9.76921499e-01
    1.22025084e+00 -4.67948705e-01 -3.92577678e-01 1.83987170e-01
    -2.16056228e-01 1.95036530e-01 -2.49030381e-01 8.46550584e-01
    7.55816102e-02 8.63145113e-01 1.03234673e+00 -2.37733945e-01
    1.52909923e+00 -4.53513622e-01 2.20283449e-01 1.33635259e+00
    4.88301814e-01 8.69360566e-02 2.56480634e-01 -4.47602868e-01
    1.19020736e+00 3.49369049e-02 -3.41310650e-01 1.53833675e+00
    1.45089597e-01 -1.72331989e-01 1.26175213e+00 1.03238654e+00
    -1.02350175e-01 1.90524071e-01 1.52348590e+00 -4.03092206e-01
    -3.32838595e-01 -2.99859226e-01 -3.51498365e-01 -1.28741831e-01
    9.61752534e-02 7.16980457e-01 1.46947026e+00 6.81417525e-01
    -4.52880323e-01 -2.93286860e-01 7.76030838e-01 5.34854949e-01
    -4.14943993e-02 4.83955085e-01 1.84723437e-01 -4.32472110e-01
    6.82809412e-01 1.33267808e+00 9.56683040e-01 -4.18061882e-01
    7.76046515e-03 -3.58231068e-02 5.56936860e-01 3.08124244e-01
    1.15456605e+00 1.32123685e+00 -1.09232068e-02 -4.29422230e-01
    4.02002513e-01 -4.21715498e-01 -3.95873666e-01 1.56836271e-01
    5.88435471e-01 1.11004615e+00 -1.83518320e-01 8.43675673e-01
    1.16871500e+00 2.18166292e-01 -1.47590697e-01 4.44540322e-01
    6.70291603e-01 1.35261238e+00 2.87166387e-01 7.51559973e-01
    -2.18802273e-01 7.77562678e-01 -1.60120189e-01 1.56409717e+00
    2.07666457e-01 -1.02025568e-01 -3.72152209e-01 -1.34889096e-01
    1.42875278e+00 -2.51778424e-01 6.80657744e-01 7.24541187e-01
    8.20940137e-01 1.13597322e+00 9.95254278e-01 1.22882545e+00
    1.15729165e+00 6.06859088e-01 6.03193343e-01 6.34921193e-01
    1.03628063e+00 1.18555999e+00 4.58366811e-01 3.99373591e-01
    7.42155194e-01 -4.86007720e-01 8.44728410e-01 1.34114051e+00
    1.29630506e-01 9.23038542e-01 6.09307110e-01 9.57250118e-01
    1.23830628e+00 3.48817945e-01 9.87265468e-01 1.36682630e+00
    -4.60681707e-01 5.07637620e-01 -3.27935010e-01 -1.00759268e-01
    -1.44292474e-01 -1.88090533e-01 -3.94182503e-01 5.98645091e-01
    1.86604440e-01 1.13665366e+00 -1.66412532e-01 1.05600333e+00
    8.13402534e-02 -4.37631607e-02 3.34848762e-02 8.52155328e-01
    1.64336562e-01 7.26041257e-01 1.30601895e+00 -1.44964874e-01
    1.02283859e+00 3.49438608e-01 1.20358074e+00 8.45310748e-01
    -4.88857567e-01 9.71498072e-01 -3.16726148e-01 -8.23691487e-02
    -6.95762634e-02 9.67181325e-01 1.03894615e+00 7.80301690e-02
    -4.19363678e-02 1.72658265e-01 5.66614687e-01 1.07107091e+00
    3.09235156e-01 7.57009685e-01 8.52227211e-04 3.83982480e-01
    -3.72745216e-01 1.12499452e+00 -2.03194022e-02 -4.23746198e-01
    1.19567323e+00 1.23240733e+00 1.21003890e+00 1.38926339e+00
    -4.52840418e-01 2.20510066e-01 -3.75275671e-01 -2.92205989e-01
    6.86422288e-01 3.27136397e-01 3.72644603e-01 5.64423859e-01
    8.29825222e-01 8.94864202e-01 1.16850448e+00 8.00000310e-01
    5.49107790e-03 -1.01260930e-01 1.08958900e+00 1.41579080e+00
    -4.12280679e-01 5.32933950e-01 4.89177644e-01 8.14465344e-01
    -2.75783092e-01 1.38131464e+00 -5.30312479e-01 3.88493657e-01
    1.30046034e+00 1.22657359e+00 9.50490355e-01 3.75413716e-01
    2.47152269e-01 7.71865070e-01 -4.49245512e-01 7.47255802e-01
    1.71880066e-01 6.89033210e-01 -3.34718347e-01 6.61081672e-02
    1.38833249e+00 3.10505331e-02 -2.77481824e-01 5.42751610e-01
    7.47080088e-01 5.70278764e-01 -2.33727723e-01 6.22483313e-01
    1.43298388e+00 5.52862883e-01 3.27793360e-02 3.95741224e-01
    1.85198665e-01 -6.69436157e-02 2.92100966e-01 1.02583003e+00
    3.53567064e-01 7.93038011e-01 -6.37465715e-03 9.98341203e-01
    -4.30946171e-01 9.76883769e-01 1.01755798e-01 1.03274369e+00
    -2.55562007e-01 1.13829434e-01 8.47598553e-01 6.92725539e-01
    2.15248048e-01 2.36359835e-01 -3.58532727e-01 1.97127640e-01
    4.43527162e-01 1.52587295e+00 -5.13240695e-02 -5.03589153e-01
    4.87168968e-01 -1.10734731e-01 7.40542114e-01 1.23220575e+00
    2.93530703e-01 -2.50854999e-01 3.77759755e-01 3.65501583e-01
    -4.65757608e-01 9.90809679e-01 3.61268342e-01 4.78404164e-01
    1.03842568e+00 5.97901046e-01 -1.44195735e-01 -3.25346619e-01
    3.25516582e-01 1.29500794e+00 -3.09969664e-01 1.15953267e-01
    5.69090188e-01 3.05064559e-01 -1.51773304e-01 2.96771526e-03
    8.31277013e-01 -3.11511844e-01 1.13796675e+00 -4.84104753e-02
    3.57354999e-01 9.61761475e-01 7.03614831e-01 1.26153255e+00
    -6.11307621e-02 -2.07944512e-02 4.07442391e-01 9.84260976e-01
    5.29858708e-01 9.74572301e-01 1.35255611e+00 -3.92851442e-01
    1.41732049e+00 5.26814222e-01 -3.51376265e-01 9.82149601e-01
    5.20839572e-01 -1.95910960e-01 3.24716747e-01 8.99483442e-01
    1.80152237e-01 1.23153591e+00 1.03417957e+00 1.49962473e+00
    3.72813225e-01 1.71504855e-01 7.48272300e-01 6.99847937e-04
    1.52738023e+00 1.52736813e-01 4.93139029e-02 1.22518969e+00
    7.10908413e-01 1.09998274e+00 -4.07259256e-01 8.27442467e-01
    2.79489577e-01 -4.09153402e-02 3.42716724e-01 -1.13591254e-01
    -4.04338956e-01 6.31621838e-01 1.30960107e+00 -3.95077229e-01
    -1.90263331e-01 4.45049524e-01 1.29292750e+00 1.22664559e+00
    1.98817492e-01 1.36858535e+00 7.45312929e-01 4.13246274e-01
    1.21735299e+00 8.53083014e-01 1.22526121e+00 1.60006642e-01
    1.33993340e+00 1.24259102e+00 3.35534036e-01 1.36133707e+00
    -3.30246806e-01 1.20669556e+00 5.20217717e-01 7.07701147e-01
    8.21926951e-01 1.37942576e+00 6.72793448e-01 -2.66015440e-01
    5.97357333e-01 9.76492882e-01 -3.40871334e-01 1.03275371e+00
    1.25992560e+00 1.57335281e-01 7.70057142e-01 1.04027259e+00
    4.30613309e-01 9.06416893e-01 1.23726439e+00 1.51780486e+00
    1.04279470e+00 -1.97718531e-01 -4.85796869e-01 1.76670015e-01
    4.31512773e-01 5.80951571e-02 1.28525960e+00 2.71015942e-01
    7.17522621e-01 -3.20857435e-01 9.44018960e-01 7.25183547e-01
    7.02218115e-01 1.25667095e+00 1.04852605e+00 8.45655739e-01
    8.87010932e-01 4.40647960e-01 1.27321839e+00 1.11993194e-01
    9.76958513e-01 -2.63011456e-03 1.66885436e-01 4.72168505e-01
    -1.98455155e-01 4.95193303e-01 -1.40831858e-01 3.80441606e-01
    -3.65577877e-01 1.39091325e+00 1.53226614e+00 7.51658440e-01
    -2.88608134e-01 1.54544449e+00 3.04296613e-01 5.78767896e-01
    4.61734235e-01 1.40830529e+00 2.94561386e-01 -3.70784938e-01
    1.33926773e+00 1.13380706e+00 1.43061042e+00 1.26565313e+00
    3.64776850e-02 1.23743296e+00 3.27149332e-01 8.54505062e-01
    1.38836813e+00 1.58310235e-01 1.50433898e+00 7.30292618e-01
    -1.25015557e-01 1.17502272e+00 9.49349165e-01 2.37144887e-01
    1.74505889e-01 1.17834854e+00 3.66787910e-02 -3.56364250e-02
    3.36752325e-01 -1.18894607e-01 1.25598919e+00 9.39229488e-01
    7.79157877e-02 3.47191989e-01 1.34468746e+00 4.65311408e-01
    3.93686354e-01 8.59451294e-01 6.38833761e-01 -1.46483362e-01
    3.71174395e-01 -2.34588981e-02 9.42696810e-01 1.39964533e+00
    3.28598320e-01 3.84285092e-01 1.29444933e+00 3.32871735e-01
    7.81157792e-01 5.96647739e-01 8.56828988e-01 1.28279090e+00
    -3.04424942e-01 6.80961370e-01 1.82573438e-01 6.37396932e-01
    2.32114375e-01 2.56426156e-01 8.43211651e-01 2.04308003e-01
    6.94585323e-01 -2.90480614e-01 -4.03611094e-01 6.92112744e-01
    -2.06832379e-01 1.09170854e+00 -2.53557026e-01 -4.24425602e-01
    5.99679530e-01 1.00240159e+00 -2.65034258e-01 1.06746650e+00
    5.06451607e-01 6.67456806e-01 8.44556391e-01 4.65850830e-01
    -3.92505527e-02 6.16394103e-01 -2.27952600e-02 -8.50366950e-02
    2.01976836e-01 -2.49867916e-01 6.94302559e-01 9.09138918e-01
    -2.00313538e-01 4.61548924e-01 7.21572101e-01 1.07940125e+00
    -4.57789063e-01 5.60716927e-01 6.00710154e-01 3.16841304e-01
    1.05831337e+00 4.45545852e-01 3.91735375e-01 4.68047768e-01
    1.06945395e+00 5.51876009e-01 -6.52515888e-03 1.07587862e+00
    5.84921420e-01 1.00388050e+00 1.49023914e+00 9.01627123e-01
    -1.67834342e-01 6.90140247e-01 8.67232680e-03 8.66113305e-02
    5.00927746e-01 3.84547144e-01 5.77736855e-01 -4.90228891e-01
    -2.19490856e-01 1.46288931e+00 1.53241062e+00 -7.10196197e-02
    9.39216733e-01 1.29449725e-01 -4.58034873e-02 1.15806437e+00
    9.74896729e-01 -2.18204170e-01 9.80408907e-01 1.56820416e-02
    9.70777392e-01 1.41778469e+00 -4.16283518e-01 -3.23508084e-01
    5.77135444e-01 3.65694642e-01 3.21508825e-01 3.45594347e-01
    1.08694077e+00 1.30716777e+00 1.11451411e+00 1.24894202e+00
    -2.55421698e-02 7.26636052e-02 1.40669346e-02 1.39280105e+00
    1.01903319e+00 9.00184870e-01 8.47545385e-01 8.12985003e-01
    1.27064419e+00 -2.80044496e-01 1.38884056e+00 4.12054598e-01
    1.33480930e+00 4.21638072e-01 9.29680824e-01 2.78455436e-01
    1.37136281e+00 1.10140800e-01 1.50599921e+00 1.25697970e+00
    5.42247593e-02 -2.02649832e-02 -1.81809694e-01 1.41464323e-01
    -7.70228207e-02 3.23375434e-01 -3.58255774e-01 -1.12885028e-01
    9.12646055e-01 -3.84489626e-01 5.07511795e-01 6.51807904e-01
    9.41565216e-01 7.74870157e-01 3.97502750e-01 2.42323935e-01
    1.36854744e+00 2.26351619e-02 6.01332188e-01 -1.69205993e-01
    1.44257987e+00 7.60812700e-01 -2.36645252e-01 1.51648164e+00
    -1.37888074e-01 7.77962565e-01 -2.97055960e-01 1.24082655e-01
    6.17763042e-01 -1.66598335e-01 5.01095533e-01 -4.12080497e-01
    6.79386139e-01 1.18602026e+00 2.79367924e-01 6.59677744e-01
    -2.95736670e-01 1.54201120e-01 2.69862175e-01 8.58906925e-01
    1.25676560e+00 2.67662823e-01 1.16727209e+00 -1.16331846e-01
    6.91606224e-01 1.08935285e+00 2.43958950e-01 1.19888949e+00
    2.00191140e-01 1.48468685e+00 -3.59794199e-01 7.81681478e-01
    9.15015221e-01 1.54923737e-01 -1.81790054e-01 -1.69580281e-01
    -1.26493812e-01 -3.91210228e-01 -5.37218392e-01 3.77960563e-01
    1.13712525e+00 2.34269083e-01 8.11933041e-01 6.58753395e-01
    -3.66438508e-01 -1.62656158e-01 1.02208328e+00 3.25010806e-01
    1.14849079e+00 1.59337401e-01 1.49646282e+00 1.33207178e+00
    -4.28949654e-01 5.74491084e-01 3.17506671e-01 -4.32904810e-01
    9.38497186e-02 1.45952868e+00 1.11936641e+00 3.31666768e-01
    1.35789907e+00 4.29472506e-01 1.24551177e-01 5.02083957e-01
    -5.65750897e-02 1.31813204e+00 1.39551282e+00 1.05581045e+00
    9.83113825e-01 7.55245328e-01 -6.00782633e-02 9.92241800e-01
    4.18376744e-01 7.41666853e-01 9.01575148e-01 -4.71934676e-02
    1.25649595e+00 3.51946771e-01 1.28621459e+00 1.46568823e+00
    9.30489540e-01 2.88382649e-01 -1.87942773e-01 1.27842021e+00
    8.90032709e-01 1.41348672e+00 1.18203044e+00 3.56050611e-01
    1.42625761e+00 8.53171766e-01 9.60713625e-03 -3.24338943e-01
    -5.10133505e-02 -9.82946157e-03 2.99680531e-01 6.98838890e-01
    -3.93725514e-01 -3.15793782e-01 3.69279444e-01 -5.11171818e-02
    5.24158239e-01 3.78706336e-01 -8.13341737e-02 -4.06331241e-01
    1.09411705e+00 1.45339298e+00 4.33438241e-01 1.09522414e+00
    -3.76992464e-01 5.69429874e-01 2.06499577e-01 1.39470637e+00
    -6.74864948e-02 4.83283341e-01 1.36408925e+00 1.33859432e+00
    1.36387634e+00 -2.21388608e-01 6.47348106e-01 5.06897509e-01
    7.86278844e-01 9.16339755e-01 2.00707316e-02 2.68850744e-01
    1.65357351e-01 1.07049131e+00 1.48080921e+00 -5.29842675e-02
    9.94785249e-01 1.14811468e+00 8.23384047e-01 1.21567535e+00
    1.50510371e-01 1.30883777e+00 3.63592982e-01 1.42958522e+00
    -3.59623432e-01 3.83236408e-01 1.37091875e+00 -3.26564103e-01
    2.45026141e-01 9.34603810e-01 1.19223666e+00 1.00792599e+00
    -2.32870013e-01 -1.27830505e-02 2.64669120e-01 1.31995940e+00
    1.38857102e+00 7.34723926e-01 4.47419882e-01 1.27384031e+00
    7.80838907e-01 7.09366381e-01 1.41945481e+00 1.31052327e+00
    3.69678557e-01 -1.70474783e-01 2.01866329e-01 2.72314936e-01
    4.34616268e-01 -2.03279585e-01 -3.12810689e-01 1.44698930e+00
    5.02300918e-01 1.04377985e-01 1.36218810e+00 1.40241504e+00
    1.42163479e+00 8.81478965e-01 2.83904463e-01 2.99198121e-01
    9.73579228e-01 1.10280216e+00 4.52425599e-01 5.44933259e-01
    2.37763882e-01 -3.65409970e-01 -2.64600813e-02 5.94780505e-01
    1.24005735e+00 -5.05912542e-01 3.95828187e-01 -3.10377091e-01
    2.58857965e-01 4.84346747e-01 9.47348654e-01 -1.69855267e-01
    6.81754768e-01 1.12172651e+00 -6.68966770e-02 9.27563608e-02
    1.39686835e+00 1.07494116e+00 1.45851386e+00 -1.73028439e-01
    1.10731930e-01 3.48299742e-03 6.02212310e-01 6.96529567e-01
    4.46401119e-01 8.53130221e-02 1.33304358e+00 1.44144392e+00
    1.20178199e+00 6.47639930e-01 -8.70985687e-02 1.08856714e+00
    4.15046930e-01 4.27207232e-01 1.39538765e+00 -1.07191145e-01
    -4.60776746e-01 -7.59470165e-02 1.03210974e+00 2.64334083e-02
    5.33745944e-01 -8.59262347e-02 6.63448930e-01 9.96062040e-01
    -1.23059332e-01 1.30125356e+00 1.08066440e+00 -1.21805578e-01
    -2.34998345e-01 6.67317450e-01 3.12770009e-02 -1.20580345e-01
    -2.14312971e-01 1.42178941e+00 5.32676697e-01 1.62843299e+00
    1.78174138e-01 -2.05051646e-01 7.42758095e-01 -1.23541087e-01
    4.28337216e-01 -4.15835202e-01 5.66614389e-01 -3.22086811e-01
    8.62079382e-01 -2.62471914e-01 1.46816707e+00 1.37313700e+00
    -3.41356218e-01 8.96947384e-01 1.08469164e+00 5.68544030e-01
    2.40510285e-01 1.50484312e+00 1.08030844e+00 -3.76960933e-02
    -3.48258197e-01 1.91008627e-01 -4.85972285e-01 7.15180457e-01
    9.42481756e-02 -3.15039575e-01 -4.51038390e-01 5.70571661e-01
    1.23836696e-01 1.53779805e+00 1.33517599e+00 -2.23793656e-01
    -2.45367572e-01 6.48897648e-01 4.84993219e-01 -3.68336439e-02
    1.15861893e+00 9.60435629e-01 -4.45859671e-01 1.07401586e+00
    -2.67873526e-01 4.71947730e-01 1.28249884e+00 1.38244462e+00
    6.94168866e-01 -2.41782546e-01 5.95742762e-01 3.73816669e-01
    5.34330845e-01 1.33347392e+00 5.88280380e-01 1.23084235e+00
    4.89566624e-01 -4.78766710e-01 -5.41466117e-01 6.89673424e-01
    3.59916627e-01 9.11538422e-01 1.21689320e+00 5.97605169e-01
    -3.78934383e-01 1.06784701e+00 4.49814677e-01 9.49047625e-01
    1.32096195e+00 -3.81653339e-01 8.22397530e-01 1.34504414e+00
    -8.49968791e-02 -3.79006267e-02 -2.62468815e-01 -4.44462061e-01
    8.04149628e-01 6.72046185e-01 5.81564367e-01 -1.31039619e-02
    -6.62248135e-02 1.64021462e-01 -2.56591618e-01 6.57043636e-01
    1.31393003e+00 5.44695854e-02 2.20431983e-01 -1.95473462e-01
    3.57309639e-01 1.28911710e+00 1.13010597e+00 -2.08863169e-01
    -2.31690794e-01 5.67013144e-01 -3.92980605e-01 3.56221855e-01
    7.78859615e-01 -3.59682739e-01 2.14620292e-01 -1.33671194e-01
    3.25423360e-01 -3.16792578e-01 1.96896195e-01 1.45293343e+00
    5.76227963e-01 6.04504347e-02 1.23522353e+00 3.36052060e-01
    -2.92449594e-01 1.45855308e+00 1.47054839e+00 4.99923229e-01
    9.25735056e-01 7.81428754e-01 7.20172465e-01 9.31203127e-01
    -3.35365504e-01 -5.96310735e-01 7.82824337e-01 5.89381456e-02
    5.11406660e-01 1.14925325e+00 9.98988152e-01 6.69728637e-01
    1.35002065e+00 1.61006629e-01 6.47004426e-01 -4.09074992e-01
    7.39783049e-01 6.58325255e-01 1.36113620e+00 1.44844103e+00
    -5.25826454e-01 1.12050629e+00 7.03632414e-01 6.30093813e-01
    9.88100767e-02 8.62379611e-01 -3.98160875e-01 1.25081837e-01
    -4.13158715e-01 1.46509409e-02 1.15828574e-01 2.53627300e-01
    -4.59101886e-01 8.62367034e-01 -4.60220754e-01 9.14154530e-01
    1.37725472e+00 -5.02687693e-03 7.30183065e-01 1.23323762e+00
    4.69349325e-01 3.28377724e-01 5.19031942e-01 -5.51850021e-01
    -4.50902164e-01 -2.74300098e-01 1.39664614e+00 7.57484078e-01
    6.83290839e-01 1.31179118e+00 8.49324584e-01 5.76396704e-01
    8.74005079e-01 1.05807638e+00 8.16028297e-01 -4.56576020e-01
    3.45493376e-01 -1.97922260e-01 -1.43301427e-01 7.94100761e-01
    7.98624933e-01 8.49395812e-01 -1.06690347e-01 1.34916437e+00
    1.89438403e-01 2.26634741e-01 -1.31168872e-01 1.22991574e+00
    -2.71161258e-01 9.82282579e-01 1.28107619e+00 9.47251797e-01
    8.89126778e-01 1.57203227e-01 -1.92591190e-01 9.08768535e-01
    5.45870602e-01 1.42631793e+00 1.46039772e+00 6.18775845e-01
    1.21935797e+00 7.89349735e-01 1.07803345e+00 4.06574547e-01
    1.06295145e+00 5.74123859e-03 -6.13298714e-02 -7.38544464e-02
    8.95006657e-01 4.89038944e-01 5.36590695e-01 7.99899459e-01
    -2.65827775e-03 6.82928443e-01 1.12242579e-01 2.73129702e-01
    1.07436299e+00 9.38183963e-01 7.87922621e-01 1.23543596e+00
    -4.32553768e-01 6.25934958e-01 1.06042254e+00 1.06570745e+00
    4.84176457e-01 2.32946455e-01 9.83630180e-01 6.78663552e-02
    9.67520475e-01 2.57291794e-02 2.55743474e-01 -1.70829713e-01
    -2.88049638e-01 4.24882352e-01 1.41755509e+00 8.51138592e-01
    6.71463430e-01 7.39911318e-01 -2.97351539e-01 1.26072383e+00
    1.23495913e+00 7.18629122e-01 -3.28513622e-01 1.09664106e+00
    3.83944988e-01 1.33266401e+00 1.39972115e+00 1.39486766e+00
    1.35687494e+00 -5.62212765e-02 -3.53773832e-01 4.55492735e-03
    1.18563485e+00 2.25941390e-01 1.60726875e-01 6.50503576e-01
    -3.07728648e-01 -2.49561459e-01 3.35686922e-01 5.73283672e-01
    6.67661428e-02 5.55952668e-01 9.89689887e-01 9.16661501e-01
    1.48552024e+00 3.55982661e-01 3.02427918e-01 7.82866836e-01
    3.10051233e-01 -2.91867256e-02 1.26153183e+00 3.96107137e-01
    -3.20740283e-01 8.18882823e-01 8.52960587e-01 3.44033211e-01
    4.04533833e-01 1.16672814e-02 1.18723273e+00 3.10539067e-01
    9.28897738e-01 -3.89334559e-03 -3.01041663e-01 -3.10350865e-01
    -2.56529778e-01 -3.64170551e-01 7.69594491e-01 -3.95986348e-01
    2.79008716e-01 9.57969725e-02 -4.55700159e-01 4.24521208e-01
    1.42388809e+00 9.89807665e-01 1.27516913e+00 -1.51374847e-01
    -3.09947729e-01 6.52706623e-02 -1.17863208e-01 1.28472018e+00
    -1.10893667e-01 5.42390347e-01 3.97409946e-01 4.46224451e-01
    1.37640488e+00 3.61910999e-01 -2.84930378e-01 9.48226094e-01
    -4.52929497e-01 -3.02097350e-01 -1.74521208e-02 1.23505056e-01
    1.06939244e+00 5.02629757e-01 -3.86837602e-01 5.52079797e-01
    1.29160738e+00 1.19066787e+00 2.24279404e-01 -5.56679070e-01
    1.09972453e+00 1.00409091e+00 7.53462911e-01 3.88268948e-01
    7.07946479e-01 1.14193583e+00 1.22751427e+00 1.19616461e+00
    3.61845434e-01 1.06881905e+00 1.62831128e-01 1.11000609e+00
    1.36937702e+00 -2.72524416e-01 -2.54680753e-01 6.67301953e-01
    1.49310768e-01 -1.72971249e-01 1.07256329e+00 5.11165917e-01
    6.61410630e-01 1.12280190e-01 2.17089415e-01 1.36554587e+00
    2.10541964e-01 5.18075228e-01 9.75033581e-01 7.84539580e-02
    7.18282878e-01 1.18736136e+00 -3.92341554e-01 1.87227726e-01
    1.49859667e+00 2.38245726e-01 -5.11257946e-02 -4.29403663e-01
    6.68819666e-01 5.89205980e-01 3.51154685e-01 5.18198311e-01
    3.56757402e-01 5.90922177e-01 1.43608904e+00 1.43818951e+00
    8.70026827e-01 2.37076223e-01 1.51898146e-01 5.00635147e-01
    7.77280748e-01 -1.04501843e-02 1.52696347e+00 -1.85849130e-01
    -4.38948900e-01 -1.39809251e-02 5.50680637e-01 1.19427347e+00
    -2.26080418e-04 -3.71203423e-02 -1.58414066e-01 -1.09389663e-01
    1.29601836e+00 4.35633242e-01 2.78915048e-01 1.10422409e+00
    6.36432767e-02 -4.46468472e-01 -5.06359816e-01 8.19898903e-01
    1.30042291e+00 6.84000790e-01 1.49320340e+00 1.30421650e+00
    2.11929321e-01 5.95246553e-01 9.31499958e-01 -6.52041733e-01
    4.35048401e-01 7.52641201e-01 5.26440084e-01 -2.15388030e-01
    1.35028327e+00 1.38072336e+00 -3.39517772e-01 -4.81181741e-02
    1.53609395e+00 1.39051485e+00 -2.38857597e-01 -5.27817190e-01
    6.79118037e-01 1.28925204e+00 3.88626099e-01 1.39226437e+00
    9.32109058e-01 -6.47065163e-01 1.38620019e+00 1.41242743e+00
    -3.79620910e-01 8.76902938e-01 -4.55383897e-01 1.51527858e+00
    5.68171799e-01 7.46290624e-01 6.86527431e-01 2.86197662e-03
    -5.07170558e-02 4.26382124e-01 -2.14511305e-01 1.03482628e+00
    -3.26489925e-01 1.17766976e+00 5.91600478e-01 -1.98881954e-01
    8.16559970e-01 4.95498121e-01 -2.24704981e-01 9.02100980e-01
    6.15219772e-01 8.56439471e-01 1.48572874e+00 1.27168655e+00
    -6.55347109e-03 1.00926435e+00 3.05303335e-02 7.87359476e-02
    1.26888871e+00 5.54090321e-01 2.27578878e-02 -4.15669203e-01
    5.55030107e-02 1.03536201e+00 5.22951722e-01 -2.39571840e-01
    9.53659773e-01 -1.13505572e-01 1.44978285e+00 5.79346716e-01
    -3.81002188e-01 4.86225247e-01 -3.36309671e-02 3.71766865e-01
    -1.45279825e-01 5.52639663e-01 -5.01889944e-01 -2.76988506e-01
    -1.26150995e-01 3.07537913e-02 1.42842126e+00 7.91733861e-02
    -3.59025300e-01 1.53634697e-01 1.13146722e+00 1.44166970e+00
    5.23138642e-02 1.52857113e+00 -5.05157232e-01 6.93336427e-01
    8.23992789e-01 1.35086679e+00 7.45560527e-02 1.21373391e+00
    9.06221390e-01 7.10347414e-01 -4.97878641e-01 -3.67545724e-01
    6.55155718e-01 -3.64665508e-01 -2.45517135e-01 4.70082164e-02
    4.80387807e-01 -1.47700608e-02 -3.37866664e-01 -1.97535127e-01
    1.07526112e+00 -4.37985361e-01 6.56666040e-01 1.35245991e+00
    -4.84995574e-01 5.70352733e-01 7.86442041e-01 -2.10891455e-01
    1.05436313e+00 1.35582304e+00 6.62897170e-01 1.45689011e-01
    7.73265362e-02 -1.39247119e-01 -2.64399052e-02 1.13760924e+00
    -4.57843989e-01 1.17625237e+00 6.06349766e-01 9.87780571e-01
    9.88530099e-01 -5.25851905e-01 1.46135378e+00 3.62424672e-01
    2.34219670e-01 -5.96480072e-02 -3.45004231e-01 1.34828985e+00
    -4.87492323e-01 4.25113797e-01 4.51915830e-01 8.88913512e-01
    9.42060351e-01 2.40868777e-01 7.37741113e-01 2.83960462e-01
    2.84195930e-01 -7.34031200e-04 1.54329669e+00 1.32916903e+00
    1.17989016e+00 8.21529567e-01 1.55771136e-01 7.31431544e-01
    7.59379566e-01 -2.75427938e-01 -2.92025834e-01 7.34794676e-01
    6.51043296e-01 -3.85968983e-02 -7.71399140e-02 7.13818073e-01
    1.56747174e+00 8.05584133e-01 1.23443234e+00 1.56041431e+00
    -2.35528320e-01 1.25640202e+00 -3.64398360e-02 4.43364084e-01
    1.24421597e+00 -4.46915627e-01 4.93781149e-01 4.73440528e-01
    1.18527460e+00 -3.18290532e-01 4.06863809e-01 -3.82272005e-02
    -2.90856689e-01 5.54601669e-01 1.48301351e+00 2.39756525e-01
    7.30999351e-01 1.34180152e+00 3.23579192e-01 -4.47650403e-01
    1.27196765e+00 1.19625950e+00 1.25379288e+00 -3.88104767e-01
    8.99747550e-01 1.37044400e-01 1.42810416e+00 -3.66545528e-01
    1.32882857e+00 8.87610555e-01 -3.08169007e-01 1.29795527e+00
    1.40789342e+00 -1.26183987e-01 3.33775699e-01 6.42776132e-01
    7.05610275e-01 3.09579790e-01 1.33973491e+00 7.40349412e-01
    1.08723688e+00 8.14425647e-01 -4.37762588e-01 1.09402752e+00
    2.98457086e-01 1.40289879e+00 9.76698518e-01 -2.47344643e-01
    -1.10120147e-01 7.20114231e-01 1.09309030e+00 -2.73241341e-01
    6.48941398e-01 1.21363485e+00 1.43793106e+00 2.55401671e-01
    5.72337270e-01 1.36105442e+00 1.30425572e+00 9.53125715e-01
    1.07910430e+00 4.24032569e-01 -8.51856470e-02 7.91821599e-01
    1.19112313e+00 9.19189870e-01 -3.26473475e-01 1.39676821e+00
    1.20964432e+00 1.28250337e+00 4.32746708e-01 -7.14090168e-02
    -2.70228773e-01 1.26908612e+00 6.63767159e-01 1.44198287e+00
    6.49892926e-01 -2.97319382e-01 -9.02155042e-03 5.09512663e-01
    2.83725381e-01 1.35633957e+00 -1.03869498e-01 -3.23178351e-01
    -2.36943305e-01 1.54589534e+00 1.20876789e+00 4.77903068e-01
    1.23677802e+00 6.31942034e-01 1.41819596e+00 8.56421590e-02
    3.64597738e-01 -1.55363053e-01 1.50657320e+00 -1.52376622e-01
    -3.90166849e-01 1.38037241e+00 1.12148428e+00 -3.96054685e-01
    -5.83281457e-01 -2.00902313e-01 1.31407475e+00 1.23921275e+00
    9.11472321e-01 -2.05560118e-01 4.84061182e-01 3.38944256e-01
    5.29204607e-01 1.21489310e+00 9.91432011e-01 3.96921813e-01
    7.69533277e-01 9.73730922e-01 1.25362408e+00 7.21655488e-02
    1.10207748e+00 9.09272134e-01 -1.45939410e-01 5.53988993e-01
    5.84585071e-01 1.07927477e+00 1.15434313e+00 1.34370792e+00
    1.25490427e+00 7.97341824e-01 1.55607021e+00 3.30307901e-01
    5.52968025e-01 7.73648620e-01 5.14782488e-01 -5.07490396e-01
    6.44370317e-02 2.39185691e-02 1.38682532e+00 1.16757488e+00
    1.92460358e-01 6.55992210e-01 9.86947894e-01 8.62251461e-01
    1.34528756e+00 9.29546714e-01 1.29258728e+00 -3.22559416e-01
    -3.46472830e-01 -4.97117698e-01 1.17510843e+00 -3.71719629e-01
    1.30602217e+00 -2.87147135e-01 8.09090853e-01 6.58517778e-01
    1.61533296e-01 6.26905859e-01 1.28216958e+00 5.67306280e-02
    1.04818928e+00 -5.12049258e-01 3.21652055e-01 -2.59421408e-01
    6.55308366e-02 -5.07706463e-01 1.19139564e+00 1.41165018e+00
    -4.92378712e-01 1.36279988e+00 7.41593480e-01 3.47582221e-01
    1.46619749e+00 -4.50779617e-01 1.37695193e+00 1.02357459e+00
    2.85515308e-01 -4.38585162e-01 1.19433582e+00 6.00481272e-01
    -5.20144939e-01 1.30611002e+00 1.03403234e+00 -1.66837662e-01
    2.76876569e-01 -2.37428397e-01 1.45081460e+00 1.56574607e-01
    8.42746496e-01 1.55170560e-01 8.76892865e-01 1.38721454e+00
    9.82632279e-01 9.64152575e-01 6.51866376e-01 1.07010245e+00
    1.82939470e-01 4.96752888e-01 6.70563102e-01 3.35363239e-01
    1.18773890e+00 -7.89951980e-02 1.18874812e+00 1.59318209e-01
    1.03766608e+00 -4.99405414e-01 -2.91532844e-01 -1.29660159e-01
    1.46473515e+00 -1.93148524e-01 3.64313424e-02 3.27026248e-01
    2.19932497e-01 -4.69930112e-01 1.01990986e+00 2.72024691e-01
    1.41352105e+00 1.41380560e+00 5.25260270e-01 5.38117766e-01
    -2.06529856e-01 -1.24751449e-01 1.63555503e-01 7.32009292e-01
    5.96010685e-01 1.34702039e+00 1.10092211e+00 7.02463150e-01
    1.86169744e-02 6.33474767e-01 8.70161891e-01 4.55626249e-01
    1.33106709e-02 6.23423874e-01 1.04927754e+00 1.10912108e+00
    8.69570732e-01 1.45834649e+00 -2.35234454e-01 1.05779982e+00
    -2.61667818e-01 1.37931001e+00 5.80186427e-01 -1.46917135e-01
    -2.81611085e-01 7.33072221e-01 2.61747837e-03 6.61883712e-01
    1.45150352e+00 8.03713739e-01 1.95555031e-01 6.38723969e-02
    1.14384532e+00 1.21598577e+00 -4.30397511e-01 -6.68521523e-02
    9.13888872e-01 3.09175670e-01 -2.12156117e-01 1.45974243e+00
    6.38276398e-01 -6.11325204e-01 7.54436314e-01 1.46208739e+00
    1.34771085e+00 8.62656951e-01 -4.04824138e-01 6.85013533e-01
    1.02450848e+00 1.07217669e+00 6.29427314e-01 4.66455162e-01
    9.49603617e-01 5.68434477e-01 7.72682488e-01 9.19358850e-01
    -2.06153989e-01 5.20299256e-01 1.36624765e+00 1.36836278e+00
    -1.74197018e-01 4.73053873e-01 2.12416887e-01 -1.27509832e-01
    -4.42278743e-01 3.33951175e-01 5.43900609e-01 3.01908970e-01
    -3.74722600e-01 7.16215372e-02 2.60657728e-01 6.02817357e-01
    1.24069834e+00 4.75288987e-01 5.69628477e-01 -2.62730151e-01
    1.46404934e+00 6.72822595e-02 -1.50655478e-01 5.96796870e-01
    6.30569220e-01 1.33232737e+00 2.58128226e-01 7.04843163e-01
    1.29345858e+00 9.50962603e-01 -1.15645438e-01 5.16805828e-01
    1.27423978e+00 -3.46027434e-01 -2.59749889e-01 7.30418324e-01
    1.04243791e+00 -2.58196294e-01 -1.45484388e-01 -2.07598597e-01
    -4.02346671e-01 3.41758966e-01 3.70137393e-02 -9.50969756e-02
    -4.31246430e-01 9.48050857e-01 9.09535110e-01 -4.15315032e-01
    9.14151669e-01 4.34592009e-01 -1.27724409e-02 3.02505076e-01
    -3.75722885e-01 1.79587841e-01 8.77303481e-02 -3.65084708e-01
    4.27935600e-01 1.34902453e+00 -1.39083385e-01 -5.09589911e-03
    3.37876946e-01 -2.20867574e-01 -1.47232860e-01 4.14044559e-01
    9.22686934e-01 1.77425414e-01 6.36748075e-02 -3.21848273e-01
    3.58006299e-01 2.02560097e-01 5.19921780e-01 -1.76969230e-01
    3.41921926e-01 5.88033497e-01 4.66262341e-01 5.33032179e-01
    7.54061222e-01 -9.49923694e-02 9.17927027e-01 1.33764803e+00
    1.08230996e+00 1.81475759e-01 2.01390564e-01 2.71523893e-01
    1.03421736e+00 1.11951900e+00 1.32350290e+00 1.11234629e+00
    1.16721535e+00 9.89405036e-01 3.44790459e-01 -2.98136085e-01
    -3.00321043e-01 5.96579075e-01 1.25927150e-01 9.25058842e-01
    6.45366251e-01 -5.02665043e-01 9.00164366e-01 2.02275634e-01
    2.83907473e-01 1.10001421e+00 5.12390435e-01 5.96156657e-01
    -5.20678043e-01 1.08818555e+00 2.44700909e-03 3.99871409e-01
    -2.70907283e-02 1.19742751e-01 -3.91923875e-01 5.30745983e-01
    4.40529585e-01 7.04343557e-01 -1.26113623e-01 4.29547071e-01
    1.36701584e+00 6.91487551e-01 5.85746169e-02 5.31556547e-01
    1.03969026e+00 1.12539649e-01 1.43968201e+00 4.55658853e-01
    -2.53295362e-01 1.12338972e+00 -1.70968801e-01 -1.90802962e-01
    8.14138055e-01 2.96346366e-01 1.28864932e+00 -3.76443148e-01
    -2.69177824e-01 1.02221739e+00 3.40737939e-01 1.76821589e-01
    -4.91238326e-01 3.00961316e-01 6.96612656e-01 -2.71894932e-01
    1.34989810e+00 1.07449877e+00 2.66180038e-01 1.09525466e+00
    2.38163412e-01 8.54529381e-01 6.28874600e-01 -4.45440590e-01
    6.03214622e-01 1.81306630e-01 3.10955763e-01 7.60585845e-01
    1.26726985e+00 8.86026084e-01 9.24572527e-01 1.51304770e+00
    -2.03299016e-01 6.59928322e-01 4.55008894e-01 9.82299685e-01
    -3.85173082e-01 -2.92765915e-01 1.03193998e-01 -5.48003912e-02
    -5.17157793e-01 -4.91885751e-01 1.03175068e+00 7.22256482e-01
    3.16562057e-02 2.19797492e-01 -4.00970101e-01 -1.84338838e-01
    1.38861668e+00 1.18357635e+00 5.11081040e-01 1.45078397e+00
    9.27366018e-01 3.92328203e-01 6.87102914e-01 7.75538981e-01
    -3.45213026e-01 2.30969489e-02 4.78419870e-01 2.47416347e-01
    1.52064037e+00 6.13044798e-01 8.21281433e-01 -1.51442289e-01
    -2.98512578e-02 -1.29652560e-01 2.77544439e-01 1.22639656e+00
    5.07141113e-01 1.02013600e+00 9.00035441e-01 -2.89400816e-01
    8.62663448e-01 1.27659106e+00 1.31258297e+00 1.19694495e+00
    9.37475562e-02 7.26805747e-01 6.82817817e-01 9.90438282e-01
    5.56704640e-01 -2.62786567e-01 1.31300616e+00 1.10562027e-01
    -4.96549755e-01 1.44467258e+00 1.32008958e+00 1.44951105e+00
    -2.43634582e-01 3.23370695e-02 4.30040032e-01 8.67067814e-01
    5.11642992e-01 6.78952932e-01 -2.12507218e-01 1.02360845e+00
    -2.69353569e-01 1.32342768e+00 6.05172157e-01 -8.16065967e-02
    -2.11348042e-01 7.14993834e-01 -2.00694859e-01 9.07568932e-01
    4.99771595e-01 -1.95784420e-01 1.41784203e+00 1.25720131e+00
    1.25328684e+00 5.20804644e-01 4.68080074e-01 -2.46176064e-01
    1.14983249e+00 6.43166900e-02 1.75486505e-01 1.26983702e-01
    1.22063947e+00 5.70545614e-01 1.26113808e+00 1.39161921e+00
    7.49891400e-02 2.79928982e-01 1.61206663e-01 3.66080523e-01
    8.92439902e-01 1.31505811e+00 4.30016696e-01 3.93515050e-01
    -2.81682730e-01 9.35430288e-01 -3.19194794e-03 8.78573000e-01
    1.22746468e+00 6.49459958e-02 1.22972941e+00 5.88955283e-02
    5.38204670e-01 4.19432163e-01 3.48347902e-01 4.77322340e-01
    1.38027978e+00 -4.82977927e-01 -3.53204191e-01 -2.07412392e-01
    1.21839976e+00 -4.71595109e-01 9.27337408e-02 4.85385299e-01
    1.04761422e+00 7.94025779e-01 1.13723493e+00 6.94812655e-01
    2.26852775e-01 1.64834261e-02 -2.42811769e-01 8.04231405e-01
    1.01365101e+00 8.30771506e-01 -2.73935199e-02 -4.60694432e-01
    -2.17781663e-02 1.32990813e+00 4.05801177e-01 1.13237214e+00
    -4.13680077e-01 1.00503361e+00 3.16882014e-01 4.43741620e-01
    2.68380910e-01 -1.17325723e-01 1.60503125e+00 1.39418101e+00
    4.96697366e-01 8.80994499e-01 -2.97330976e-01 -1.21149987e-01
    1.15160310e+00 -4.45066690e-01 9.24484134e-01 9.71423209e-01
    2.07270861e-01 1.06349158e+00 8.70030701e-01 2.74695575e-01
    2.71681368e-01 1.11437869e+00 7.25121677e-01 6.80010915e-02
    6.71780884e-01 6.59859300e-01 -4.94506568e-01 1.09769917e+00
    4.05724525e-01 1.04197407e+00 -1.61287695e-01 3.56320053e-01
    3.49221587e-01 1.50729060e+00 1.47099042e+00 -1.36006534e-01
    8.00978243e-01 5.09251952e-02 1.19145560e+00 -2.44874805e-01
    1.08849478e+00 6.53329730e-01 1.19521117e+00 1.19488323e+00
    3.14261496e-01 7.44283438e-01 4.36919570e-01 3.58658433e-02
    7.61973202e-01 -1.18840247e-01 4.05629098e-01 2.94204533e-01
    8.92987311e-01 1.28408897e+00 -2.18677580e-01 -4.47242916e-01
    9.88779843e-01 2.31822789e-01 1.17827070e+00 3.10959935e-01
    1.22355378e+00 -6.39730990e-02 9.08775389e-01 1.64847404e-01
    2.56203055e-01 -1.45140231e-01 5.88680983e-01 -7.83152580e-02
    -3.12378287e-01 1.22026873e+00 2.37086177e-01 1.07155991e+00
    -1.91787601e-01 1.34429228e+00 1.31070912e+00 -3.41460824e-01
    1.43318486e+00 -3.01241666e-01 -2.98496544e-01 -1.96453035e-01
    1.23255432e+00 2.76010334e-01 4.78821337e-01 1.21347070e+00
    8.27357769e-01 2.07871854e-01 1.09128988e+00 -1.83487862e-01
    9.65736091e-01 1.45824802e+00 1.56525612e-01 -1.90732300e-01
    4.44396615e-01 1.24017239e+00 1.02571249e+00 9.65603173e-01
    -6.91547394e-02 1.54496431e+00 -2.09848970e-01 7.66689181e-01
    9.75257635e-01 -1.64034516e-01 7.30378151e-01 8.69082272e-01
    9.14217293e-01 1.54221058e-01 9.22595799e-01 9.47733045e-01
    7.31010258e-01 3.18747282e-01 1.07876801e+00 1.18280113e+00
    -1.49572939e-01 8.84522200e-01 3.38084519e-01 2.31368542e-02
    -1.15967721e-01 8.46145391e-01 -2.35345423e-01 1.78254664e-01
    1.31836677e+00 8.58237267e-01 8.93464923e-01 1.38374066e+00
    7.34809577e-01 1.19492984e+00 1.08884645e+00 1.46864319e+00
    -1.54672652e-01 1.07051396e+00 1.45431960e+00 9.45977449e-01
    1.95059657e-01 1.51036596e+00 6.88088119e-01 9.39634025e-01
    1.30153477e-01 2.55859196e-01 1.29819977e+00 -4.30025578e-01
    1.56561494e-01 -2.16035366e-01 -1.59796953e-01 1.21291411e+00
    1.23830163e+00 1.00020885e+00 -4.19733822e-01 -8.46847892e-03
    1.09460187e+00 -2.76204437e-01 8.77488971e-01 2.87500560e-01
    1.37791955e+00 4.36809957e-01 1.23895228e-01 6.52050912e-01
    5.01685500e-01 7.96762288e-01 5.56252837e-01 -2.05778480e-02
    -1.38421029e-01 1.03551567e+00 4.57471907e-01 -1.37857974e-01
    1.19117796e-01 5.82158804e-01 -6.14719033e-01 8.51344407e-01
    8.70170355e-01 9.05447602e-01 1.03187203e-01 -4.75930423e-01
    8.19588184e-01 9.98850405e-01 1.86676025e-01 1.43703115e+00
    -2.08270460e-01 7.99729466e-01 6.89640760e-01 9.39591229e-02
    7.16202855e-01 1.02336860e+00 1.31902146e+00 1.22382510e+00
    -1.63387194e-01 -3.14063668e-01 9.20038402e-01 1.24192500e+00
    7.46631861e-01 3.61173451e-01 -1.07840538e-01 -2.99575388e-01
    3.84466648e-02 6.87015653e-01 -2.49564946e-01 4.41645026e-01
    1.45737362e+00 -1.24235213e-01 2.37036169e-01 1.15880525e+00
    2.45804399e-01 -2.76799560e-01 -1.10530347e-01 1.41363174e-01
    1.61998332e+00 1.34936571e-02 9.78890002e-01 7.48568416e-01
    -1.65077955e-01 1.34441793e-01 8.36852789e-02 1.06892800e+00
    2.82725751e-01 6.43566072e-01 1.26292849e+00 1.40982127e+00
    2.26369381e-01 -1.52667165e-02 1.08342385e+00 2.60163844e-01
    1.04615259e+00 1.23580277e+00 9.73814130e-01 1.20218837e+00
    8.20379317e-01 9.38903868e-01 9.33109522e-01 1.28056288e-01
    -6.47106171e-02 7.72289038e-01 -4.17397052e-01 1.43407416e+00
    1.01699829e+00 1.27111161e+00 4.61611092e-01 1.19364321e+00
    1.58421683e+00 1.43257380e+00 -3.98208410e-01 1.26734781e+00
    7.86986291e-01 7.39323735e-01 -5.10419011e-02 1.38503075e-01
    1.04583192e+00 2.89559662e-01 5.89386046e-01 4.69995260e-01
    8.95106137e-01 1.41658354e+00 -3.59320402e-01 7.97836781e-02
    1.29780531e+00 3.45904350e-01 1.36411572e+00 7.26936936e-01
    1.06241107e+00 -7.75748491e-02 -3.90790164e-01 3.88650239e-01
    5.76696515e-01 1.61371529e-02 -1.24386281e-01 -2.98781097e-02
    6.83216870e-01 3.96467596e-01 -3.57105225e-01 1.67584240e-01
    -3.03974241e-01 2.56949514e-01 1.22504175e+00 -4.87805307e-01
    9.22360539e-01 1.18543541e+00 1.39910233e+00 1.34784079e+00
    1.36251616e+00 3.46008927e-01 1.11179423e+00 -1.48742408e-01
    -3.46483856e-01 1.25188828e+00 -8.50570202e-02 1.11792564e+00
    3.86236936e-01 -1.78568989e-01 5.33985615e-01 -2.46772677e-01
    1.40419841e+00 1.18718672e+00 -4.65074807e-01 7.96601713e-01
    5.47114134e-01 1.33253360e+00 1.26526761e+00 7.43168592e-02
    1.07667232e+00 1.11388063e+00 8.55511129e-01 -2.27096140e-01
    -1.96223468e-01 -5.33482432e-02 -3.54648173e-01 1.16058087e+00
    1.31648254e+00 1.61186576e-01 -1.59352720e-01 2.83192992e-01
    -3.68804842e-01 1.04413795e+00 1.29530740e+00 -3.68031800e-01
    1.27911842e+00 -6.77771270e-02 1.17363143e+00 -2.22920835e-01
    8.62901747e-01 -2.54402757e-01 -3.84730965e-01 5.30749381e-01
    1.19440985e+00 1.38442934e+00 1.20942903e+00 8.13630044e-01
    -3.30655098e-01 7.79742956e-01 -1.44505620e-01 6.08040392e-01
    -3.12277496e-01 -2.73180515e-01 -4.51341867e-01 1.32524514e+00
    7.46237516e-01 -8.71688128e-04 1.06129360e+00 -3.32812726e-01
    1.51367259e+00 6.96728349e-01 1.10648751e+00 1.29156542e+00
    4.14929390e-01 1.45623386e-01 2.24040747e-01 4.79839861e-01
    2.18854487e-01 8.29123259e-01 5.80503047e-01 4.88521934e-01
    4.57958937e-01 1.23942184e+00 -2.38903046e-01 -4.59516197e-01
    6.58188522e-01 6.47335947e-01 -4.54665124e-01 -8.95047784e-02
    1.22299099e+00 8.37595820e-01 9.19954181e-02 -1.60003781e-01
    1.41316104e+00 6.04021847e-01 1.20528471e+00 6.59586966e-01
    -3.22579294e-01 9.83125567e-01 1.20661497e+00 9.41284299e-02
    1.35228097e+00 -7.45038986e-02 1.30920100e+00 -4.29807961e-01
    9.46280301e-01 3.91624689e-01 -1.05582833e-01 4.91019845e-01
    -4.82308745e-01 6.89626634e-01 -1.33109868e-01 -2.56145597e-01
    1.07582092e-01 3.31420302e-01 2.89622247e-01 7.16706157e-01
    -1.81825370e-01 1.22621644e+00 1.17229807e+00 -1.87423855e-01
    5.58006763e-01 1.44190574e+00 1.41987205e-01 8.38238537e-01
    -4.25983965e-01 -4.36741322e-01 6.08934879e-01 1.15578425e+00
    1.41503620e+00 9.13920224e-01 5.14003932e-01 1.38174653e+00
    5.01680136e-01 1.02457404e-01 -3.29046249e-02 2.92230487e-01
    9.03882980e-02 1.09296227e+00 -2.13657737e-01 6.51940048e-01
    1.54622436e-01 4.29406703e-01 4.34166551e-01 9.67818081e-01
    1.30867815e+00 8.47367585e-01 1.11548483e-01 2.36699224e-01
    9.74557400e-01 4.54891920e-01 1.20496655e+00 8.04328978e-01
    1.36402369e+00 4.91871893e-01 1.06866312e+00 1.02441740e+00
    -5.35770655e-01 2.44182885e-01 8.61420870e-01 -1.93520039e-01
    -3.60118151e-01 8.07233930e-01 -1.05953813e-02 1.20482707e+00
    -1.05243713e-01 -4.07406896e-01 1.42640471e-02 5.28554559e-01
    8.76896977e-01 4.70983744e-01 1.65232688e-01 1.55153668e+00
    9.70360756e-01 2.85615176e-01 1.06934452e+00 6.13148212e-02
    4.42614496e-01 8.90876353e-01 1.01325560e+00 8.01989436e-03
    -2.84006298e-02 1.16738605e+00 -2.34800428e-01 -4.46126729e-01
    3.94562244e-01 1.14422739e+00 -8.74457359e-02 3.96476865e-01
    -2.04568833e-01 -2.11344957e-02 2.54648924e-01 -1.29554868e-01
    1.96168154e-01 1.02807093e+00 4.40989375e-01 -1.56090587e-01
    6.53406858e-01 -1.31670237e-01 3.67628932e-02 1.45856500e-01
    1.23096061e+00 6.57170475e-01 3.21648240e-01 2.28976309e-01
    1.14614105e+00 4.25620615e-01 1.29066038e+00 5.29980361e-01
    4.36813354e-01 2.54578888e-01 4.73504603e-01 1.04304695e+00
    8.22711051e-01 9.29619670e-02 9.16007936e-01 2.84685373e-01
    1.99193656e-01 6.84688210e-01 6.75869226e-01 8.36315989e-01
    8.47408593e-01 2.53574312e-01 4.06420827e-02 1.31120503e+00
    6.01501226e-01 6.22464418e-02 -2.06821442e-01 6.51757717e-02
    7.72168040e-02 1.52939677e-01 1.39708877e+00 -1.42863065e-01
    1.38200700e-01 1.49740338e+00 7.25000620e-01 -5.26293516e-02
    4.52577829e-01 6.37264252e-01 1.59220934e-01 1.35136664e+00
    -4.08142328e-01 -2.22726226e-01 7.28872001e-01 1.21696401e+00
    1.30351174e+00 7.73583651e-01 6.14847898e-01 1.11225271e+00
    1.48047686e-01 -3.47003698e-01 2.81755090e-01 -3.31123888e-01
    5.10625660e-01 1.53250921e+00 -1.65444523e-01 1.16477096e+00
    1.31495547e+00 -6.64976239e-02 1.49090469e-01 -3.60356569e-02
    1.01407099e+00 1.22653878e+00 -2.68451571e-01 -2.67663628e-01
    1.00650191e+00 7.44604290e-01 5.90177119e-01 1.39644122e+00
    -1.08409703e-01 9.44331944e-01 1.27803302e+00 9.29177701e-01
    -1.25686526e-01 1.47408843e+00 -1.79288626e-01 1.26543736e+00
    -1.76396310e-01 1.35273814e-01 9.93261218e-01 1.14870882e+00
    2.23775864e-01 6.62011385e-01 -2.57431954e-01 1.39061439e+00
    9.02185500e-01 2.08212674e-01 5.65341830e-01 2.32051730e-01
    2.36378312e-01 3.26919913e-01 -5.94543517e-02 -2.37964183e-01
    1.25255466e+00 -7.81789124e-02 8.72008741e-01 1.31658590e+00
    5.77185154e-01 1.44640970e+00 1.26318669e+00 9.87371624e-01
    -4.64658231e-01 -5.78173101e-02 -2.00243115e-01 1.09730053e+00
    9.94164109e-01 6.08471513e-01 -2.64498919e-01 6.61611855e-02
    1.16559410e+00 -3.56853068e-01 9.13686872e-01 8.08325768e-01
    3.31233740e-02 -4.61121321e-01 1.10685432e+00 9.61917818e-01
    1.47860575e+00 1.00837684e+00 3.47350419e-01 1.12709618e+00
    2.42424011e-02 1.37658119e+00 1.20591640e+00 1.50937235e+00
    -3.39315921e-01 1.24422479e+00 -5.60382426e-01 1.37361705e-01
    1.32752204e+00 1.40048647e+00 -4.77402210e-02 1.09902322e+00
    5.71056545e-01 -1.90257877e-01 -2.00838476e-01 1.21137166e+00
    -3.51067364e-01 -2.07898676e-01 -2.81594515e-01 1.42142415e+00
    1.16005456e+00 1.13180077e+00 1.06545258e+00 -1.89128995e-01
    8.35837603e-01 -4.02141571e-01 3.36920261e-01 1.51012051e+00
    -2.00309694e-01 2.63264596e-01 5.32269657e-01 5.67022264e-01
    5.14694691e-01 -3.17842424e-01 1.63801908e-01 9.04555976e-01
    3.12463820e-01 1.34118795e+00 1.24200869e+00 6.37618184e-01
    9.97526288e-01 1.41285586e+00 1.05745125e+00 9.37691331e-01
    3.28314960e-01 4.38124239e-01 -6.74362779e-02 8.03725421e-01
    9.49363828e-01 6.60017192e-01 -1.66980445e-01 1.16389298e+00
    -3.75185907e-01 9.08573627e-01 -5.27258992e-01 5.77910423e-01
    5.37219703e-01 1.18388867e+00 7.68388212e-01 2.96322882e-01
    4.20319200e-01 9.47146416e-01 1.02539563e+00 4.24066186e-02
    6.47355556e-01 2.14762986e-01 -5.42861164e-01 3.64797831e-01
    6.93608403e-01 6.37585163e-01 5.10858595e-01 -1.17608547e-01
    1.36730218e+00 -1.92759335e-02 -1.54816389e-01 5.19294083e-01
    9.86253560e-01 1.24751306e+00 6.99290812e-01 1.24980545e+00
    1.76891208e-01 4.22241628e-01 7.89339960e-01 7.22071946e-01
    1.02976608e+00 1.16364908e+00 1.08040595e+00 8.98121893e-01
    -4.16115642e-01 9.82897401e-01 7.25935817e-01 1.20091498e-01
    8.98399830e-01 7.49048710e-01 6.41267538e-01 -2.39803135e-01
    -3.11065435e-01 1.19427609e+00 -2.53332376e-01 6.05253160e-01
    3.92809302e-01 -4.02138472e-01 8.98281336e-02 -2.18465433e-01
    2.98128843e-01 -5.12693524e-01 8.20060134e-01 9.18539405e-01
    9.28554237e-02 1.24394429e+00 1.15263307e+00 1.41439760e+00
    3.55323493e-01 -2.30246022e-01 1.03092086e+00 2.54527956e-01
    -1.29727498e-01 7.16257572e-01 -4.14352506e-01 -1.71293676e-01
    1.19105160e+00 9.71908629e-01 1.36897421e+00 9.75212872e-01
    -4.00194079e-01 5.85313439e-02 -3.30332607e-01 -3.66455346e-01
    6.14600241e-01 8.83921683e-01 -1.74879432e-02 1.39282382e+00
    6.27380908e-02 3.29659045e-01 3.74249756e-01 8.24024796e-01
    1.00905728e+00 3.30082774e-02 1.10734105e-01 6.63351417e-01
    3.24364007e-01 4.75746393e-01 3.35596800e-01 1.00137436e+00
    7.63612986e-03 -8.46821070e-03 2.89512515e-01 1.13067734e+00
    7.33419478e-01 -4.88678813e-01 3.39955688e-01 1.03024077e+00
    5.13604581e-01 6.59078121e-01 4.91119504e-01 -5.06862104e-01
    7.41951048e-01 7.90080070e-01 -5.91084540e-01 1.44956112e-02
    6.23996079e-01 5.36392510e-01 1.36819124e+00 5.54836392e-01
    6.11821175e-01 -2.48976126e-01 8.96198750e-01 3.02265882e-01
    4.15691733e-01 3.72260749e-01 -6.32653832e-02 -1.67498529e-01
    -2.05806136e-01 3.26642931e-01 9.31009293e-01 1.18182325e+00
    1.02758145e+00 5.10104418e-01 2.11194754e-01 6.82590187e-01
    -3.83319438e-01 1.36410320e+00 3.95369112e-01 1.21826029e+00
    4.74281251e-01 1.45916843e+00 3.97804141e-01 4.93470907e-01
    1.05992866e+00 1.21018624e+00 -1.72849089e-01 5.70769906e-02
    1.14363956e+00 9.90060568e-01 3.47267687e-01 1.08274388e+00
    8.33313406e-01 2.12549508e-01 -6.27602518e-01 5.80283344e-01
    -1.87813908e-01 -3.15090656e-01 -1.39732063e-02 5.83547413e-01
    4.91933644e-01 7.67322302e-01 6.11665249e-02 6.64933503e-01
    -3.05299103e-01 1.12731147e+00 1.17666841e+00 1.03921056e+00
    1.21359849e+00 1.34963894e+00 -1.91369027e-01 6.43982291e-01
    4.85256165e-01 1.31596029e-01 6.96004629e-02 2.77602077e-01
    8.34668636e-01 4.67145443e-03 1.34492278e+00 -5.14826894e-01
    1.36530948e+00 1.03513789e+00 1.17257428e+00 -1.03304356e-01
    2.58485317e-01 1.26702857e+00 7.31600642e-01 2.18102813e-01
    1.15911698e+00 -2.02572495e-01 -1.87345088e-01 -2.11011559e-01
    3.78636658e-01 2.94607371e-01 1.49870837e+00 4.20289427e-01
    9.77573931e-01 9.00755525e-01 2.88001776e-01 8.76084805e-01
    6.84198439e-01 6.22623146e-01 9.47590232e-01 -2.05748677e-02
    6.89924896e-01 1.50715303e+00 -2.16920912e-01 -3.85567486e-01
    5.78480244e-01 1.38710594e+00 7.29399621e-02 3.87603104e-01
    3.68440628e-01 -7.47546554e-02 -1.05731428e-01 7.05287158e-01
    3.52261066e-01 1.14696085e-01 8.22189033e-01 9.96302664e-01
    -5.73714077e-02 3.86167109e-01 8.29241395e-01 3.28694195e-01
    8.21915686e-01 9.46859121e-01 2.19513565e-01 5.14731288e-01
    1.05466068e-01 3.37695122e-01 1.41571689e+00 -2.46481299e-02
    8.86181891e-01 1.30673456e+00 3.76602411e-01 6.59636378e-01
    4.10075963e-01 1.28030312e+00 -4.43135917e-01 -3.68009180e-01
    1.28010619e+00 -5.50295889e-01 1.14341927e+00 7.89354324e-01
    1.43171394e+00 6.95407510e-01 6.59813464e-01 1.07036710e-01
    1.01758575e+00 1.25155425e+00 6.52601004e-01 1.42155957e+00
    1.40040421e+00 -1.64803356e-01 8.74894977e-01 1.44902444e+00
    1.05484438e+00 1.13644409e+00 1.26024342e+00 2.10433841e-01
    4.51299042e-01 1.17611706e-01 2.22852230e-01 -2.39954084e-01
    1.48199630e+00 -5.21125793e-01 1.06881022e+00 8.07084143e-01
    1.34286976e+00 -5.18204033e-01 4.77355719e-01 -2.95345664e-01
    1.07359469e+00 1.12770116e+00 7.97497332e-01 3.96012127e-01
    5.44593096e-01 7.97466159e-01 1.50637031e-01 1.19655609e+00
    1.52207160e+00 -4.61206496e-01 3.76812249e-01 6.58331335e-01
    -3.56159061e-01 7.19701827e-01 7.78156281e-01 6.57794356e-01
    5.38633764e-01 1.26558757e+00 1.36321545e+00 1.10863924e-01
    8.07423949e-01 6.31730795e-01 7.54944086e-01 6.08260274e-01
    -9.43303406e-02 -4.60463077e-01 1.37861252e+00 -2.76209921e-01
    -2.57653594e-01 8.46866846e-01 6.81447387e-02 1.20364082e+00
    -9.21481848e-03 9.72128689e-01 -4.52235460e-01 4.75959599e-01
    1.14779186e+00 -1.17002070e-01 -1.95209756e-01 4.17273670e-01
    -2.27779225e-01 1.02628922e+00 1.09469819e+00 5.02955675e-01
    1.29939258e+00 -2.27192670e-01 2.90793031e-01 1.41952014e+00
    3.79698575e-02 1.24020672e+00 1.30543995e+00 2.06933856e-01
    -4.74503577e-01 -3.99493396e-01 4.72947627e-01 -3.43981087e-01
    1.46531892e+00 -2.48449683e-01 2.53815114e-01 1.11113977e+00
    3.43886673e-01 3.06737840e-01 1.37669921e+00 5.77545404e-01
    4.88178879e-01 1.34892488e+00 5.06026149e-01 8.78300011e-01
    -2.91853011e-01 9.50559855e-01 2.60598004e-01 1.44839895e+00
    1.28668249e-01 4.20206696e-01 8.84467006e-01 2.89832026e-01
    2.90666789e-01 -1.78373098e-01 -4.76990372e-01 -2.94152796e-01
    8.46115232e-01 2.25531638e-01 1.23357153e+00 1.40581119e+00
    -3.53634357e-04 -5.46565950e-01 1.17673564e+00 -1.66205287e-01
    8.23767543e-01 -1.44230664e-01 7.76785851e-01 8.50569844e-01
    5.16343653e-01 5.02875209e-01 7.81261206e-01 1.37358880e+00
    -9.82274115e-02 1.18445539e+00 9.81024861e-01 1.36310709e+00
    1.41433287e+00 1.61188781e-01 1.25554597e+00 -4.44093674e-01
    5.45755863e-01 9.38153744e-01 1.02281094e-01 -5.25489867e-01
    1.42386317e-01 1.18141317e+00 -1.17375642e-01 -3.25578868e-01
    3.34605396e-01 1.38692343e+00 5.30492544e-01 1.51103199e+00
    -3.14521939e-01 7.69867778e-01 -2.99853146e-01 1.83296561e-01
    1.00608432e+00 -2.89836407e-01 2.51216650e-01 5.74277759e-01
    1.01062155e+00 1.41093493e+00 1.11171961e+00 2.86842167e-01
    8.31371546e-01 7.84646392e-01 -3.82886022e-01 9.52556014e-01
    9.02798116e-01 4.22636092e-01 -4.82547224e-01 1.26868725e-01
    6.86180472e-01 1.11342359e+00 6.87969983e-01 1.24076366e-01
    9.41483021e-01 -1.39724076e-01 2.15169787e-01 9.55648243e-01
    1.08668780e+00 1.66505158e-01 6.48928642e-01 8.03855598e-01
    2.61437178e-01 -3.63346934e-02 6.74931645e-01 1.89171374e-01
    7.63001561e-01 1.10085821e+00 -1.66935533e-01 3.97858769e-01
    -2.40146160e-01 -1.83742344e-01 4.42746282e-02 -1.37780637e-01
    -7.22749233e-02 1.12913835e+00 1.67697191e-01 1.23222899e+00
    4.50806260e-01 1.19415927e+00 4.09578860e-01 5.27189255e-01
    4.81540024e-01 5.49730599e-01 4.32290792e-01 5.63384891e-01
    -2.94049233e-01 1.09441245e+00 8.02049279e-01 -4.39794838e-01
    8.34171414e-01 6.08296275e-01 9.63341832e-01 -2.77344257e-01
    1.32776952e+00 1.70174032e-01 -1.08874559e-01 -3.08200717e-01
    1.24832916e+00 1.09867430e+00 1.36587214e+00 8.31611753e-02
    9.89523530e-01 -1.62221998e-01 9.69477475e-01 -1.88733935e-02
    -9.82742906e-02 7.56036878e-01 1.04180169e+00 3.60983312e-01
    6.56357646e-01 7.80853689e-01 -6.43293560e-02 1.30976677e+00
    3.18205833e-01 -1.62171394e-01 5.99218190e-01 1.28264070e-01
    6.83440626e-01 1.07803082e+00 2.03508198e-01 1.03481507e+00
    3.47633660e-01 2.17782259e-01 4.27794993e-01 5.65691054e-01
    -2.86381066e-01 8.67237926e-01 4.32523102e-01 1.10231221e-01
    -4.26772714e-01 1.23833871e+00 4.35074449e-01 1.22528124e+00
    1.42004621e+00 1.48533642e+00 -2.68344700e-01 -1.94589108e-01
    2.93166339e-01 2.98509359e-01 1.12433267e+00 9.88343894e-01
    7.42905140e-01 7.88953304e-02 1.29699397e+00 3.24037492e-01
    7.90514231e-01 6.22142017e-01 -3.53828579e-01 4.60455298e-01
    -1.20529890e-01 -4.44636285e-01 4.15580392e-01 1.46840978e+00
    7.68925667e-01 8.32852602e-01 1.39310670e+00 -5.58659434e-03
    9.40614343e-02 -3.95650864e-01 2.97992885e-01 5.49692452e-01
    -2.56297261e-01 1.38755870e+00 -5.63639343e-01 1.16559052e+00
    -3.32933009e-01 9.45677519e-01 -1.35522991e-01 1.31424880e+00
    3.29104304e-01 1.16971242e+00 -2.58115649e-01 7.72264957e-01
    -5.12279749e-01 2.40362048e-01 1.39149475e+00 -8.48098695e-02
    -6.14637733e-02 -4.33456004e-01 9.63650882e-01 -1.43857270e-01
    1.27902770e+00 3.41689229e-01 5.96835315e-01 1.39119685e+00
    -4.05766129e-01 -4.30374771e-01 -2.46006846e-01 3.94082665e-02
    1.02783966e+00 5.31120420e-01 1.40084922e-01 -7.37612247e-02
    9.59548712e-01 -1.38751954e-01 6.75594866e-01 -4.63351041e-01
    2.16234505e-01 1.47669291e+00 3.48442078e-01 -4.29023355e-01
    -2.11118937e-01 2.76253700e-01 1.26185918e+00 1.41111314e-01
    6.06762528e-01 2.53228039e-01 8.30101252e-01 5.65925837e-01
    2.84745097e-01 4.79133725e-01 1.46208167e-01 6.26791477e-01
    2.04902172e-01 1.53098178e+00 1.94065332e-01 -2.79261172e-02
    7.33934760e-01 2.01239944e-01 1.19009590e+00 1.24924719e+00
    7.80313015e-02 4.92291600e-01 1.45279658e+00 2.31277853e-01
    9.37162876e-01 5.87480545e-01 -1.54955238e-01 1.15646732e+00
    3.46794963e-01 6.93511486e-01 8.85854840e-01 -3.75781059e-01
    9.83993232e-01 -1.10284537e-01 3.06284815e-01 1.26421571e+00
    -2.83071935e-01 3.28965366e-01 3.49925756e-01 2.25271106e-01
    1.37512851e+00 7.52245605e-01 4.06714559e-01 8.60332847e-02
    -2.57070422e-01 9.61893678e-01 -3.74454200e-01 1.34331942e+00
    1.97459936e-01 7.79043496e-01 2.77376711e-01 5.11029541e-01
    3.81956756e-01 3.42554569e-01 1.80482149e-01 1.51176155e-02
    3.62504900e-01 7.90013552e-01 1.36627531e+00 6.58602893e-01
    4.57706690e-01 1.27262163e+00 5.54490387e-01 1.34286356e+00
    -3.15941900e-01 1.68404460e-01 1.61073625e-01 2.61984646e-01
    1.85622722e-01 4.18420076e-01 -4.27682221e-01 1.37908673e+00
    -5.17729342e-01 1.23336005e+00 1.02318597e+00 3.08980703e-01
    1.20970440e+00 1.37510252e+00 2.90642262e-01 -2.70495474e-01
    1.20844519e+00 5.64509451e-01 3.34888875e-01 2.46612430e-02
    4.44854498e-02 1.03571856e+00 1.37401712e+00 7.94280171e-01
    -2.45263517e-01 2.67542958e-01 9.70495641e-01 -3.65827411e-01
    5.73028207e-01 3.59547615e-01 5.35452068e-01 8.55780661e-01
    1.18476796e+00 1.51855946e-02 5.58216572e-01 1.01400089e+00
    5.81934452e-01 -4.34466869e-01 8.37282062e-01 1.05619299e+00
    1.40822279e+00 8.18095267e-01 8.64598155e-01 2.81664073e-01
    -7.42326677e-02 5.85911512e-01 8.37203681e-01 8.15734863e-02
    6.01195216e-01 1.40685892e+00 -4.67298299e-01 8.48065853e-01
    4.76226807e-02 1.13730037e+00 3.46494317e-02 6.23212695e-01
    -3.88222784e-01 -4.85267997e-01 -3.46442550e-01 2.91165411e-01
    1.43302679e+00 1.51485407e+00 6.64029598e-01 7.93534994e-01
    2.17688441e-01 5.21754682e-01 1.02871418e+00 7.63011813e-01
    3.03875685e-01 6.58578813e-01 1.09452975e+00 9.23966587e-01
    2.39604115e-02 1.55653775e-01 7.47430503e-01 -3.66653353e-01
    1.35460639e+00 7.35238194e-02 1.43368709e+00 -2.60017157e-01
    -2.14424938e-01 -1.15203232e-01 9.22045290e-01 -2.83790618e-01
    -4.53333199e-01 1.39598250e-01 1.08999324e+00 -1.33925706e-01
    1.20212936e+00 6.58058167e-01 1.31959581e+00 -4.83031869e-02
    5.30143142e-01 1.50143564e+00 3.38198960e-01 1.41848540e+00
    -1.95980608e-01 1.60016835e-01 -2.43800506e-01 7.12991476e-01
    4.95027006e-01 6.98408008e-01 1.65124625e-01 3.67612779e-01
    -4.34359729e-01 -4.31982875e-02 1.05850160e+00 1.71053410e-01
    6.61021471e-02 -1.98699355e-01 -4.28185880e-01 -2.41682321e-01
    4.90929246e-01 -3.61223251e-01 1.25380707e+00 6.06108248e-01
    6.06466532e-02 3.36121500e-01 1.21409643e+00 5.35450041e-01
    9.21203613e-01 4.68384922e-01 1.24864435e+00 1.17574310e+00
    -3.63059342e-01 2.80030817e-01 9.78681684e-01 1.42232668e+00
    9.53269243e-01 3.39158475e-01 -2.82051057e-01 2.03695893e-01
    -1.12244546e-01 8.70385528e-01 6.99450970e-02 2.42949605e-01
    -1.44126415e-02 -7.35380650e-02 3.35443199e-01 -2.40388557e-01
    1.21823812e+00 4.79474902e-01 9.12008345e-01 1.53766096e-01
    8.23802829e-01 -7.46598542e-02 -3.58272672e-01 1.37112331e+00
    4.28171188e-01 7.07085550e-01 1.37172198e+00 1.19126737e+00
    7.61501372e-01 5.74643910e-01 1.07209897e+00 1.20870996e+00
    9.81821895e-01 2.41004646e-01 9.68187869e-01 1.03480077e+00
    1.32631373e+00 3.71896148e-01 1.14532757e+00 -1.48455858e-01
    7.30396926e-01 -5.90731502e-02 7.98384309e-01 1.40776753e+00
    4.90260184e-01 -1.13869250e-01 6.02010369e-01 9.14405346e-01
    7.42803216e-01 -2.79428601e-01 -1.28100008e-01 -4.44362372e-01
    1.88546270e-01 1.42819059e+00 3.53526115e-01 7.62954593e-01
    1.02021599e+00 -1.16440386e-01 8.01721811e-02 9.99652743e-01
    1.37190568e+00 -1.86659098e-02 5.78059554e-01 1.16363621e+00
    -4.67613369e-01 1.23307633e+00 1.33556831e+00 1.17883062e+00
    1.36029267e+00 1.25140393e+00 1.21812916e+00 1.13144076e+00
    7.87219465e-01 1.07298493e+00 5.08376062e-02 1.00659394e+00
    5.15569925e-01 5.30444443e-01 2.20132530e-01 7.00391054e-01
    1.17881477e+00 2.40873605e-01 1.77279979e-01 1.33969402e+00
    1.30061960e+00 7.26026952e-01 1.16350913e+00 1.41731930e+00
    -2.91366398e-01 6.96178913e-01 -3.01421225e-01 7.29505479e-01
    4.69555795e-01 1.44700444e+00 6.83554888e-01 -1.14426047e-01
    1.23654211e+00 1.62619770e-01 2.61803508e-01 1.16729736e+00
    -4.47846562e-01 -3.14881802e-01 -4.11298841e-01 -1.42565995e-01
    6.74155712e-01 8.40342820e-01 1.12596500e+00 1.00012541e+00
    -1.81066990e-02 1.06362331e+00 -3.35790783e-01 -2.30135486e-01
    1.48914659e+00 1.05601251e+00 1.24082375e+00 2.08099902e-01
    1.05994940e-02 5.89778244e-01 1.30456448e+00 1.09181905e+00
    9.52045202e-01 9.29607570e-01 9.40257967e-01 8.47634077e-01
    -8.29877555e-02 6.43665314e-01 9.97824430e-01 4.79549140e-01
    6.22926235e-01 4.40501869e-01 -4.05674279e-01 5.71024656e-01
    5.97710788e-01 3.14761162e-01 6.51319325e-02 1.01429367e+00
    7.86397278e-01 8.22450399e-01 -3.24432671e-01 2.96918809e-01
    5.16088367e-01 1.16480458e+00 -1.10505700e-01 8.93700123e-01
    1.53824663e+00 1.12042248e-01 -1.67327672e-01 1.47925913e+00
    1.57047081e+00 4.05896902e-02 -2.02724338e-02 -1.99040174e-02
    1.00336099e+00 4.66318607e-01 1.26013064e+00 8.87145877e-01
    6.65690124e-01 1.06763840e+00 1.07850337e+00 -2.63969868e-01
    4.04144287e-01 8.95636559e-01 1.29809523e+00 -4.13459182e-01
    -6.52444065e-02 1.33867681e-01 1.06639671e+00 1.31200039e+00
    1.03305054e+00 1.46554255e+00 7.02181458e-02 9.73288357e-01
    5.69667399e-01 4.10041034e-01 4.56183255e-01 1.07096624e+00
    8.34959745e-03 1.32471490e+00 -9.94814336e-02 -3.80001992e-01
    1.41327119e+00 2.50926733e-01 -3.56999338e-01 1.41118300e+00
    7.36044407e-01 -2.74898410e-02 1.27501070e+00 3.65779340e-01
    7.73045719e-01 1.05611920e-01 6.64138258e-01 2.53088117e-01
    5.81882298e-01 1.18024707e-01 3.87763739e-01 -4.57970619e-01
    1.29238117e+00 1.40271831e+00 8.53698850e-02 2.74367273e-01
    9.97416079e-01 1.52028501e-01 1.04426169e+00 8.86409044e-01
    -2.94747829e-01 1.19728422e+00 1.26257634e+00 1.69650733e-01
    3.76741111e-01 2.27737904e-01 4.84893262e-01 3.15187335e-01
    1.02614927e+00 9.44344044e-01 4.45796728e-01 -2.66908467e-01
    2.14781106e-01 4.94992644e-01 -2.43816033e-01 -2.89595723e-02
    6.99520290e-01 1.70772195e-01 -1.53648376e-01 -2.60687083e-01
    3.48015666e-01 5.83829403e-01 1.47610533e+00 -1.98744953e-01
    4.11309600e-01 -4.00608122e-01 1.33281171e-01 -3.79580915e-01
    1.70866489e-01 8.09630215e-01 -7.32015967e-02 4.75669324e-01
    7.42931783e-01 9.24786389e-01 1.49538970e+00 1.29587555e+00
    2.44800031e-01 7.82150209e-01 -4.13690120e-01 1.54383659e+00
    -3.32775176e-01 1.55482292e-01 1.14879382e+00 4.54773366e-01
    -1.31081879e-01 1.54257417e+00 -1.59726381e-01 -3.27504396e-01
    -4.56884742e-01 3.94303977e-01 9.63428378e-01 -4.88136321e-01
    5.62561750e-01 4.92424667e-01 1.94597661e-01 1.28731215e+00
    5.17882824e-01 1.40430391e+00 3.06511164e-01 -2.68555105e-01
    1.13214850e+00 1.27573502e+00 1.36847568e+00 1.33929336e+00
    5.11581659e-01 1.44924116e+00 9.62519407e-01 3.80069911e-01
    -2.77915031e-01 8.53168070e-02 -3.08818758e-01 -3.13446909e-01
    -1.09073400e-01 1.04189491e+00 -2.29355201e-01 -1.57086581e-01
    1.75437063e-01 6.30905569e-01 1.09847724e-01 8.09554517e-01
    1.67835474e-01 1.03240800e+00 1.36121571e-01 5.15821517e-01
    5.81848621e-01 8.12119067e-01 -1.90558642e-01 7.05158710e-03
    4.22756493e-01 -1.68567508e-01 2.53629267e-01 1.31951785e+00
    1.18025398e+00 3.07679772e-02 1.30074739e+00 1.05878592e+00
    4.32066321e-02 5.45094132e-01 1.38950658e+00 7.30295241e-01
    6.93705976e-02 1.05009103e+00 -9.37327147e-02 1.11106241e+00
    1.50114739e+00 7.81003237e-01 -3.32696587e-01 1.32493258e+00
    -2.57027030e-01 1.45984471e-01 2.96346426e-01 3.69110048e-01
    -3.33666384e-01 3.39436740e-01 8.49269748e-01 9.68953013e-01
    -1.26537055e-01 1.47799730e-01 -4.83928084e-01 3.84661555e-01
    1.42166710e+00 -4.66706544e-01 6.53320611e-01 5.74855804e-02
    5.21379828e-01 1.37000978e-01 7.28270650e-01 8.06131661e-02
    -2.21200436e-01 5.33407032e-01 8.95693421e-01 -2.65670896e-01
    1.31094217e-01 -1.92788780e-01 1.21545875e+00 6.17362380e-01
    3.93221974e-01 1.13055658e+00 1.25006938e+00 -4.86323833e-02
    -4.32902843e-01 2.91384697e-01 4.14349914e-01 1.25207233e+00
    -6.65664673e-03 2.99875200e-01 -2.70723075e-01 -2.01263458e-01
    1.26907516e+00 -4.62781191e-02 9.76606011e-01 9.06699359e-01
    8.93644810e-01 6.84789956e-01 1.04552197e+00 -3.13586324e-01
    1.41677928e+00 7.55879402e-01 -3.25933635e-01 1.09789395e+00
    3.17943156e-01 7.76616335e-02 -4.44479108e-01 2.18742669e-01
    1.26505935e+00 7.19546080e-01 5.64477921e-01 7.97921360e-01
    1.11191857e+00 4.92687374e-01 9.58352089e-02 1.62685752e-01
    1.47304428e+00 2.38716602e-04 1.05204153e+00 1.42538714e+00
    1.50548220e-02 -4.04829472e-01 9.31198001e-02 -4.32966411e-01
    1.24642074e+00 6.17098987e-01 3.15181911e-01 7.59189785e-01
    1.20940602e+00 -1.89545244e-01 -6.35615587e-02 -4.58915532e-02
    -3.01627338e-01 -4.74627554e-01 1.25615716e+00 5.34012377e-01
    9.94796395e-01 1.38955069e+00 5.51103473e-01 2.12293386e-01
    -2.62755603e-01 6.10526919e-01 8.91094685e-01 1.54964519e+00
    9.32687521e-03 8.25792491e-01 5.29247522e-02 3.91125888e-01
    -5.39327979e-01 1.11546755e+00 6.89452946e-01 5.89399934e-02
    1.36617589e+00 5.29695928e-01 3.65452290e-01 6.49655581e-01
    1.32914990e-01 1.48344755e+00 7.10000455e-01 2.73321629e-01
    7.69435167e-02 1.36892056e+00 2.74398208e-01 -6.96547031e-02
    -1.17779553e-01 -2.39052027e-01 -5.17113030e-01 1.18333101e-01
    1.38922429e+00 -9.36072171e-02 5.05600572e-01 1.99084282e-01
    1.36960745e+00 1.48516726e+00 1.32173693e+00 -4.41724747e-01
    -4.02821511e-01 7.61010170e-01 1.42096114e+00 -1.34926409e-01
    7.44307458e-01 -4.54731852e-01 8.92677069e-01 1.03951979e+00
    7.43920684e-01 7.82411456e-01 8.80601943e-01 1.34928787e+00
    3.17788184e-01 3.53574753e-02 1.45278358e+00 8.52558851e-01
    1.28064084e+00 -1.79571062e-01 -1.62792265e-01 -2.62250960e-01
    5.57254553e-01 8.35714936e-01 4.51511741e-02 -4.43661034e-01
    1.40594661e+00 -4.78190213e-01 7.62402356e-01 1.45957780e+00
    1.37411213e+00 2.89952099e-01 8.13302159e-01 1.24007165e-01
    1.06970477e+00 -3.51585746e-01 1.53557861e+00 1.62524641e-01
    1.49767399e+00 3.05518925e-01 5.59283257e-01 -1.59610212e-02
    1.21778703e+00 1.49271750e+00 -3.88690621e-01 5.00117302e-01
    1.19297171e+00 7.90802717e-01 6.90149248e-01 4.48112428e-01
    9.41938937e-01 1.93302363e-01 4.70910966e-02 -4.27248716e-01
    1.28137922e+00 -2.20653176e-01 1.41925216e+00 -2.27453172e-01
    1.33113885e+00 -7.00617731e-02 1.85174048e-01 -1.42530918e-01
    9.53040659e-01 1.52761221e+00 1.31348205e+00 8.89342725e-02
    3.01998556e-01 1.20811057e+00 -2.70028889e-01 9.97474432e-01
    1.29059505e+00 6.65835142e-02 4.95170057e-01 1.23939514e-01
    4.70452666e-01 1.00357056e+00 7.85971284e-01 -2.16977805e-01
    -4.03120250e-01 6.06996536e-01 7.14689493e-04 2.86128402e-01
    -3.62674057e-01 1.76752746e-01 9.36749578e-02 6.82043970e-01
    1.30290854e+00 1.96998775e-01 7.75755644e-02 7.61016428e-01
    -2.40775272e-01 -1.81325883e-01 2.73074180e-01 2.15409517e-01
    6.76743984e-02 8.96879375e-01 5.43316722e-01 8.12801540e-01
    -2.32978478e-01 1.31443822e+00 2.77004540e-01 6.73516333e-01
    9.11969960e-01 6.10184669e-01 -2.98385650e-01 6.36738122e-01
    -1.97077185e-01 1.21343207e+00 8.18227768e-01 5.84373295e-01
    1.13947487e+00 2.60115564e-01 1.07774711e+00 -4.07894015e-01
    6.46791935e-01 4.59550142e-01 6.31762028e-01 1.11220956e+00
    5.75340867e-01 1.90448046e-01 1.16940868e+00 7.12374270e-01
    2.64212847e-01 1.98490202e-01 5.28557777e-01 1.19770133e+00
    -9.74229276e-02 7.17164278e-02 4.92231548e-02 1.20111704e-02
    -1.09783977e-01 3.28484237e-01 1.96528554e-01 3.93808603e-01
    1.13781774e+00 6.47743344e-01 1.23573458e+00 9.29635704e-01
    -3.34162891e-01 1.28769493e+00 -6.33521974e-02 3.41247976e-01
    1.30987525e+00 -1.56428754e-01 -1.45200610e-01 1.42567754e+00
    -4.70060408e-01 8.85785282e-01 -4.68755394e-01 1.30313814e+00
    -5.89179993e-03 8.47317517e-01 5.17014384e-01 -1.14512116e-01
    6.17827475e-02 5.15846968e-01 -2.34829932e-01 3.88102293e-01
    8.03715289e-01 -2.65935659e-02 2.41684586e-01 5.48202157e-01
    1.28363383e+00 -2.65250593e-01 1.44071245e+00 6.86604321e-01
    -4.06381547e-01 -1.94112927e-01 9.97792542e-01 -4.62256968e-01
    1.31816792e+00 1.08012938e+00 5.50747871e-01 4.25614119e-01
    6.56206131e-01 6.05522692e-01 1.79275870e-01 9.19947088e-01
    -2.22353607e-01 5.90837002e-03 1.80533528e-02 6.98234797e-01
    3.28901112e-01 6.09614730e-01 6.07967973e-02 3.96425307e-01
    5.18232048e-01 -4.30269450e-01 -1.18242145e-01 5.56634009e-01
    -2.58080125e-01 -5.51636040e-01 -6.20967746e-02 8.80182564e-01
    9.65738535e-01 -2.17470169e-01 -4.70454544e-01 -3.08104187e-01
    2.36261070e-01 1.02832580e+00 4.54089224e-01 1.28975344e+00
    9.77504373e-01 3.56846422e-01 -7.96690583e-02 -3.12477827e-01
    -3.13912660e-01 -4.65363324e-01 -3.58090788e-01 1.58816600e+00
    -2.83278823e-02 5.84986389e-01 1.53868794e+00 -2.21241951e-01
    -3.27387631e-01 1.45136702e+00 1.14685774e+00 3.43245268e-02
    4.64312255e-01 3.00009906e-01 -5.52124381e-02 5.66252232e-01
    5.31914592e-01 3.01377177e-01 1.69858038e-01 1.12743855e-01
    5.29082716e-01 2.87485570e-01 -4.03238118e-01 -1.43752873e-01
    9.45402443e-01 1.26225269e+00 1.24806356e+00 1.69241607e-01
    -2.43851542e-02 1.90272987e-01 -1.33351684e-02 -4.61270243e-01
    9.88254070e-01 7.13680983e-01 -4.67147082e-01 5.95534980e-01
    5.92343450e-01 -5.28109133e-01 2.78124094e-01 1.25978851e+00
    8.55656803e-01 8.56440902e-01 5.63532472e-01 1.08299708e+00
    3.80225867e-01 -3.25455010e-01 8.48157048e-01 1.58526063e-01
    3.85275900e-01 1.31852365e+00 5.93502522e-02 1.58844352e+00
    1.68847680e-01 -2.69616783e-01 2.33091772e-01 -3.49981636e-01
    1.04043639e+00 1.19952774e+00 1.11991334e+00 1.13623524e+00
    1.08757806e+00 1.41654611e-01 8.17113757e-01 4.03012514e-01
    8.09938669e-01 9.69305158e-01 6.72132671e-01 -2.33749971e-01
    3.41637731e-02 4.47501600e-01 -3.49840879e-01 7.74001777e-02
    1.45409214e+00 -4.82328773e-01 1.47545624e+00 3.30320895e-01
    9.59066987e-01 -3.93707931e-01 -9.06823874e-02 -7.63995647e-02
    1.16500342e+00 1.20016861e+00 -1.73618317e-01 1.38445950e+00
    -2.23195463e-01 1.09538198e+00 1.50948858e+00 3.25205505e-01
    9.18160677e-02 7.68894851e-02 -1.55169666e-02 8.43554854e-01
    6.41827106e-01 1.33366323e+00 9.31904376e-01 6.42049491e-01
    2.07902849e-01 -1.85770392e-01 7.64684737e-01 9.86822188e-01
    3.97754669e-01 4.24289644e-01 1.08536708e+00 1.13201308e+00
    5.98322749e-02 1.47003102e+00 9.27744329e-01 1.77715003e-01
    3.01104784e-03 8.99365306e-01 7.05552578e-01 3.42446208e-01
    1.01269019e+00 -3.65864038e-02 -3.45563978e-01 -5.16320407e-01
    1.06112468e+00 1.47556424e+00 3.07958066e-01 -4.04894352e-03
    8.97417724e-01 5.67727327e-01 1.16259098e+00 2.37104207e-01
    5.12788951e-01 1.54943967e+00 1.43580079e+00 4.62030768e-02
    4.72943485e-02 -2.17643231e-01 -1.42069817e-01 -2.10670203e-01
    2.71728992e-01 7.32341409e-01 9.90880013e-01 -1.70975327e-02
    -4.61848378e-01 -3.33311617e-01 6.64199471e-01 7.71652162e-01
    -4.77800369e-02 7.31908619e-01 -2.00439990e-01 3.49579453e-01
    1.09323931e+00 8.05798829e-01 1.13324511e+00 -2.57488638e-01
    -1.15031868e-01 1.02950960e-01 -6.87859058e-02 1.17316282e+00
    4.47028577e-01 -2.90514648e-01 3.25580597e-01 1.48844504e+00
    4.34390664e-01 9.66660619e-01 8.74522150e-01 -2.71968961e-01
    1.18442523e+00 2.37871379e-01 -4.59701777e-01 5.62228799e-01
    2.11187482e-01 1.23081887e+00 -1.85390323e-01 1.08999133e-01
    1.30490232e+00 -1.17982507e-01 1.26884699e+00 1.28769898e+00
    1.36738598e+00 3.71696949e-01 6.32286429e-01 -4.64717954e-01
    -4.06021357e-01 6.90927565e-01 -2.22922802e-01 1.22515678e+00
    6.50758743e-01 6.25633121e-01 -3.65466386e-01 1.40909576e+00
    1.57369876e+00 -1.03478670e-01 5.81996858e-01 -8.29999447e-02
    -3.81742120e-02 -4.13907766e-01 4.06662524e-02 1.11880779e+00
    -4.88057524e-01 8.80771697e-01 1.52018619e+00 8.58775914e-01
    2.06356645e-02 1.15979362e+00 1.25510395e-01 3.52371871e-01
    1.24699223e+00 2.33144015e-01 7.68922627e-01 -5.55227995e-02
    -6.92510605e-03 9.62884426e-01 1.45461059e+00 4.23905730e-01
    1.43448353e+00 1.10874832e-01 1.00433004e+00 1.40107644e+00
    1.44487202e-01 2.80890107e-01 1.17168295e+00 1.42397547e+00
    8.03455293e-01 3.69078994e-01 1.34310412e+00 7.37230539e-01
    6.80563450e-01 2.19821930e-03 2.14724898e-01 6.66106045e-02
    6.12858891e-01 9.96535361e-01 -9.36556160e-02 9.33384538e-01
    8.39289546e-01 1.20514846e+00 1.26080632e+00 1.07516921e+00
    -2.74504036e-01 1.45957291e-01 1.71782196e-01 1.12796307e+00
    1.47275698e+00 1.33064914e+00 7.85663724e-01 1.45357037e+00
    1.09394288e+00 2.12457001e-01 8.52802277e-01 7.48616457e-01
    -4.79679614e-01 -4.82642174e-01 8.21682990e-01 2.61665225e-01
    1.54413164e-01 1.20317161e+00 -3.64546657e-01 7.82266855e-01
    1.35251164e-01 2.76614547e-01 1.14233124e+00 1.64897168e+00
    1.16078222e+00 -2.26126954e-01 -1.38396770e-01 1.24967217e+00
    1.47069550e+00 4.01240587e-01 9.50273335e-01 -7.22727180e-02
    1.31021416e+00 -2.35756069e-01 5.35539925e-01 1.07762253e+00
    -4.22227561e-01 1.21692729e+00 -4.76569831e-01 1.03566551e+00
    3.00243199e-01 -2.26869494e-01 2.14060783e-01 -2.84696281e-01
    1.18076265e+00 -4.33534145e-01 6.66901946e-01 2.02157438e-01
    1.02371931e+00 2.96749890e-01 1.31684148e+00 4.11392450e-01
    1.05453324e+00 3.13987851e-01 9.46615040e-01 3.73932362e-01
    -4.69134688e-01 -3.68301064e-01 4.44689304e-01 -2.62369812e-02
    3.60505223e-01 9.62764144e-01 7.54172981e-01 7.99492538e-01
    1.18665481e+00 -3.53190303e-01 8.41490507e-01 4.45385396e-01
    -1.65678203e-01 3.23669374e-01 -1.02760524e-01 1.13088667e+00
    -4.32902366e-01 9.80818272e-03 1.40900850e-01 1.93514466e-01
    1.53175855e+00 5.52218556e-02 1.42213976e+00 -1.16707802e-01
    1.23525965e+00 -1.82971418e-01 4.76168215e-01 -5.01907468e-01
    6.65572345e-01 8.48859012e-01 1.23570919e+00 1.32695079e+00
    2.45008826e-01 5.19782364e-01 -1.84894472e-01 -3.36589694e-01
    2.84328401e-01 -2.40551993e-01 9.46010470e-01 8.52659404e-01
    2.96348631e-01 5.56289792e-01 7.33305454e-01 3.83979857e-01
    1.37783313e+00 4.94463444e-02 1.07310998e+00 -3.53048056e-01
    1.27034330e+00 1.12176526e+00 5.02319992e-01 -2.39757508e-01
    5.85957289e-01 4.15536344e-01 6.48229241e-01 -8.41585398e-02
    -7.86814094e-02 -2.46034354e-01 4.34769243e-01 -2.29294002e-02
    5.34831226e-01 7.19823182e-01 -1.48393422e-01 7.56250262e-01
    -4.73712087e-01 1.39012623e+00 1.02242911e+00 3.50467324e-01
    -2.21891046e-01 1.19030237e-01 6.11541271e-01 4.80709195e-01
    1.03190541e+00 1.44814491e+00 -2.69526541e-01 1.79691494e-01
    4.64397907e-01 1.46887481e-01 -1.33265525e-01 6.38195097e-01
    -2.40293294e-01 1.28697538e+00 1.28591657e+00 7.38298953e-01
    3.84653032e-01 -3.84165466e-01 5.89280963e-01 2.81483412e-01
    1.00535345e+00 1.27011478e-01 3.21027339e-01 -2.26319313e-01
    1.26091182e-01 1.17595851e-01 7.96682179e-01 -1.02806449e-01
    1.60440147e+00 -2.18261883e-01 3.62092167e-01 6.41817808e-01
    3.44945490e-01 3.14785838e-02 3.23722422e-01 1.05321538e+00
    1.30427098e+00 1.17337430e+00 2.01864898e-01 -9.66365337e-02
    1.58438087e-03 2.37598181e-01 5.97706974e-01 1.44636512e+00
    7.44666636e-01 8.37486863e-01 1.50429773e+00 -4.04353887e-01
    1.68344259e-01 -2.83365726e-01 7.53236294e-01 -3.87044728e-01
    1.05062091e+00 6.02234602e-01 9.40060019e-01 7.63268411e-01
    7.92667329e-01 5.89674175e-01 3.02195013e-01 2.82312036e-02
    -3.88472110e-01 2.97066301e-01 1.50974774e+00 5.14358699e-01
    1.06662345e+00 7.31629133e-03 3.82647991e-01 3.59942317e-01
    2.71677971e-02 -3.10614944e-01 4.58559752e-01 8.44835222e-01
    4.39432442e-01 -3.71198058e-02 -1.15765214e-01 1.55028009e+00
    -2.14504927e-01 -1.25960886e-01 1.54174805e+00 1.51121557e-01
    8.94375145e-01 -4.22510773e-01 -8.47405195e-02 3.67791742e-01
    -2.76060909e-01 4.42816973e-01 -4.18360889e-01 2.38030851e-01
    -1.51557595e-01 4.15635705e-01 1.06574523e+00 3.75116855e-01
    1.53254533e+00 5.54083586e-02 8.79796743e-02 1.52337933e+00
    8.16296339e-01 -4.58683759e-01 3.33055854e-02 -3.93470228e-01
    6.77585542e-01 1.39191103e+00 3.66043210e-01 -9.33106542e-02
    9.64452505e-01 5.64047694e-01 -3.48947227e-01 3.83576512e-01
    1.37535691e-01 1.37136519e+00 9.92228687e-02 1.53100181e+00
    1.32821071e+00 9.70915735e-01 9.40125942e-01 4.17290688e-01
    -4.17327762e-01 4.95583892e-01 2.56913066e-01 8.12891483e-01
    1.06892085e+00 6.09308958e-01 -3.39030623e-01 1.53946316e+00
    -4.57258701e-01 3.13603103e-01 5.21609664e-01 1.15393996e-01
    7.26044059e-01 9.01733398e-01 5.58377504e-02 8.00076485e-01
    3.59856755e-01 5.25003612e-01 5.98405898e-02 -2.34830856e-01
    9.27425623e-01 1.08473945e+00 7.58401811e-01 9.07690048e-01
    1.31835938e+00 -3.65287602e-01 -9.59758461e-02 8.58557582e-01
    8.95410359e-01 1.22080994e+00 1.51657104e+00 -5.41424155e-01
    4.95758772e-01 1.16002798e+00 1.27281880e+00 5.27146637e-01
    -1.01532936e-02 1.93085015e-01 -2.67790556e-01 9.63187456e-01
    8.76632333e-01 -1.91142738e-01 7.14836299e-01 5.66308498e-01
    -4.88985717e-01 -5.56474328e-01 1.24010587e+00 1.09309888e+00
    9.67931986e-01 -5.18708825e-01 8.81102920e-01 1.48630881e+00
    -7.21668303e-02 1.44802356e+00 -1.21012121e-01 9.36374426e-01
    2.95215786e-01 1.30146623e+00 1.52664852e+00 1.61176145e-01
    -7.47409761e-02 1.47544813e+00 6.06350899e-01 6.43128872e-01
    1.25763893e-01 -2.87392974e-01 1.34432364e+00 1.23930085e+00
    3.16792727e-02 1.46189380e+00 6.49926364e-01 7.35357940e-01
    4.31697160e-01 9.17094588e-01 7.44917333e-01 1.48213267e+00
    1.11327791e+00 1.38365507e-01 4.30792212e-01 -4.10136223e-01
    -1.14761829e-01 9.50181186e-01 -3.17523152e-01 1.26572645e+00
    -2.55654812e-01 1.21996498e+00 3.88311386e-01 -1.83191091e-01
    2.74236202e-01 8.78920019e-01 -2.19401091e-01 -7.05911815e-02
    1.86790347e-01 -2.21584335e-01 1.05700755e+00 -2.14435115e-01
    -5.07266521e-02 2.79971957e-02 5.05476356e-01 7.62758672e-01
    5.31042695e-01 -3.93118262e-01 1.06556678e+00 -3.19280535e-01
    9.85403717e-01 -1.66525871e-01 -2.72385985e-01 7.54940450e-01
    1.58365345e+00 6.17985487e-01 1.48028642e-01 8.15745831e-01
    1.46228695e+00 -1.27358407e-01 -2.18076557e-01 9.12655473e-01
    1.32933795e-01 7.25698411e-01 3.37498426e-01 1.39071131e+00
    1.04706001e+00 -4.02272314e-01 3.90068769e-01 1.10541797e+00
    -2.83105671e-01 -3.26637268e-01 1.20299888e+00 7.06662059e-01
    4.61873621e-01 5.25116086e-01 -1.92135394e-01 1.11073756e+00
    -3.25082988e-01 -3.35847765e-01 1.03630245e+00 -4.92908031e-01
    1.37986195e+00 -1.53062344e-01 1.21896565e+00 1.27780247e+00
    -3.05640191e-01 9.16056454e-01 1.18424416e+00 -1.54261738e-01
    1.28186178e+00 -3.35132033e-01 9.08423126e-01 3.97020459e-01
    -1.04227960e-01 1.46372879e+00 3.51029307e-01 7.14489818e-01
    5.55903077e-01 5.26406348e-01 1.00293565e+00 8.76598895e-01
    1.32502460e+00 8.50046992e-01 2.86166847e-01 5.23966670e-01
    1.18618631e+00 8.33882093e-02 3.55953932e-01 3.89376521e-01
    6.69074118e-01 6.62875116e-01 1.12302446e+00 6.61136210e-01
    1.46843481e+00 1.11519122e+00 5.02031684e-01 9.29731607e-01
    1.45670557e+00 8.84221971e-01 1.32272100e+00 1.33090353e+00
    9.41526771e-01 6.42527401e-01 3.12368870e-01 6.43294811e-01
    7.16426849e-01 5.17523825e-01 1.11392140e-01 7.64939427e-01
    1.66722417e-01 7.18873918e-01 6.27932131e-01 1.30240655e+00
    3.95259917e-01 7.18060970e-01 6.86581135e-01 -1.49270982e-01
    -3.94594043e-01 -1.32851213e-01 1.41006589e-01 4.01823640e-01
    -9.55913067e-02 -1.67835265e-01 9.08383429e-01 3.49541306e-02
    -7.33399689e-02 2.72272229e-02 1.01575637e+00 3.13762188e-01
    1.08941078e-01 1.07292747e+00 7.86535561e-01 1.54557216e+00
    -1.02815539e-01 6.18792176e-01 3.88572037e-01 1.32627678e+00
    1.14553952e+00 -1.48586720e-01 2.81127751e-01 4.52057928e-01
    4.08898890e-01 1.48752880e+00 -1.92715734e-01 1.32726622e+00
    8.38495493e-01 -2.41055429e-01 7.74017692e-01 4.69087988e-01
    -1.96551383e-01 1.18200767e+00 -4.42898959e-01 1.27922976e+00
    6.14691734e-01 -3.08758140e-01 3.35762352e-01 1.28646433e+00
    8.53452682e-01 -2.64035821e-01 3.85686100e-01 1.29351747e+00
    -3.73896301e-01 1.28156972e+00 -1.24254078e-01 9.09160376e-02
    -2.96682358e-01 6.39360785e-01 2.33139753e-01 1.30210316e+00
    7.93789744e-01 8.00474226e-01 -7.60084391e-02 1.32519245e+00
    8.03092718e-02 1.17473936e+00 1.35189843e+00 1.28964341e+00
    1.48401165e+00 1.13409007e+00 2.63701618e-01 -4.95699048e-01
    7.55456984e-01 7.30349362e-01 1.17188787e+00 7.30513394e-01
    1.03036582e+00 -2.32992023e-01 2.47848094e-01 6.83346272e-01
    1.20612109e+00 1.59415185e-01 9.52533364e-01 9.25066054e-01
    -2.59222627e-01 1.91849709e-01 1.27340579e+00 3.41411233e-02
    1.44391036e+00 -1.93036795e-01 7.25396872e-02 1.13812041e+00
    -1.59361601e-01 -3.40397000e-01 4.78659213e-01 4.33341861e-01
    -4.84068781e-01 2.15427756e-01 2.77122974e-01 -1.65926069e-01
    -1.95621818e-01 1.41569579e+00 1.39949727e+00 1.32689357e+00
    4.14682031e-01 -1.74114943e-01 1.38911653e+00 2.69460618e-01
    -4.44694757e-02 9.25678074e-01 1.19695163e+00 1.56923234e-01
    1.13220602e-01 1.18346751e-01 -2.30772883e-01 8.68111670e-01
    1.27729082e+00 4.49871659e-01 9.93060768e-01 1.30353773e+00
    9.74600732e-01 4.37694073e-01 1.28868532e+00 1.50470543e+00
    5.12079597e-02 -8.26117098e-02 7.44933903e-01 -1.40235662e-01
    9.87811029e-01 -1.96502656e-01 1.39950836e+00 9.21114445e-01
    4.94332016e-01 1.01379108e+00 1.36173642e+00 -5.67853153e-02
    1.19678211e+00 -5.35127342e-01 4.92384732e-01 -3.09682131e-01
    2.53260851e-01 2.61570454e-01 5.21583259e-01 7.07980871e-01
    1.20205724e+00 1.65870190e-02 3.96493673e-01 -1.55313343e-01
    -5.47918677e-02 5.11438131e-01 1.37374008e+00 1.21433163e+00
    1.09008884e+00 9.87889707e-01 1.47246408e+00 1.35917997e+00
    4.51507837e-01 1.11314118e+00 2.69270033e-01 9.68974710e-01
    9.12482858e-01 5.31723380e-01 1.26976824e+00 4.18941736e-01
    1.31838083e+00 6.78989172e-01 -3.32389802e-01 1.51172769e+00
    -2.07307845e-01 7.63461232e-01 1.07084846e+00 4.27802742e-01
    1.42144454e+00 -3.32355827e-01 -4.47220266e-01 1.17342210e+00
    9.90497768e-01 4.25730407e-01 1.31045783e+00 2.50438899e-01
    2.14457363e-01 -5.08482754e-02 -1.04651153e-02 1.07378149e+00
    6.93302512e-01 1.17637646e+00 1.14965165e+00 9.92186069e-02
    7.58954704e-01 6.62196338e-01 -9.27472711e-02 1.02916455e+00
    1.05466223e+00 1.19115376e+00 1.17240262e+00 -3.66777182e-01
    9.82555211e-01 2.87730038e-01 2.55041242e-01 1.12713909e+00
    -3.95262569e-01 -1.08870536e-01 1.15525866e+00 7.55445361e-01
    -1.49623752e-01 6.76796257e-01 9.77599025e-01 1.40889549e+00
    -4.73095834e-01 7.69876122e-01 2.93525100e-01 1.17381203e+00
    1.34968054e+00 -2.75142163e-01 -7.73192644e-02 2.93856204e-01
    9.62592244e-01 -1.36787593e-02 1.53543723e+00 2.25835592e-01
    6.86182916e-01 9.04644787e-01 1.04429591e+00 -1.83731824e-01
    -5.16921699e-01 9.19253945e-01 1.24716878e+00 -5.24310350e-01
    -3.96099925e-01 -4.21888947e-01 5.95325470e-01 9.53590691e-01
    1.23032176e+00 1.42678618e-01 1.48579788e+00 -3.39634597e-01
    8.49100947e-01 1.51416647e+00 -3.44102681e-01 8.52478862e-01
    -1.15305632e-01 1.51368052e-01 1.06205642e-01 -3.92849833e-01
    -2.22827584e-01 1.30934691e+00 1.17283940e+00 1.05978847e+00
    8.46407235e-01 3.81004035e-01 2.17960536e-01 1.01810014e+00
    1.32409239e+00 1.36599135e+00 6.11606598e-01 2.76308656e-02
    9.46679175e-01 -2.25334078e-01 9.57041144e-01 -7.18311071e-02
    3.85210931e-01 1.10443974e+00 1.19874763e+00 1.10372722e+00
    1.22015762e+00 -1.37665838e-01 -2.25374281e-01 7.04275012e-01
    1.15773869e+00 3.75824928e-01 1.69631422e-01 -4.47219938e-01
    1.28179634e+00 1.17074132e+00 3.98460209e-01 5.68647385e-01
    1.51732326e-01 1.29216206e+00 -4.30790603e-01 3.94190252e-01
    -8.11285377e-02 -4.15076733e-01 -4.85420823e-01 7.97304273e-01
    1.42414165e+00 1.17303824e+00 -2.41461992e-02 1.34228253e+00
    1.28075576e+00 8.35830569e-02 -1.75920606e-01 8.81500185e-01
    3.26686084e-01 3.76858652e-01 7.01886773e-01 8.44651461e-01
    1.43399775e+00 -1.54493243e-01 1.15356982e+00 1.29334843e+00
    4.56789225e-01 7.98588693e-02 5.15779257e-01 -4.03713912e-01
    3.13612938e-01 1.01231527e+00 1.42589390e-01 2.97829270e-01
    -8.47852230e-03 1.13052642e+00 -1.06817067e-01 -1.85579121e-01
    4.48442101e-02 1.20716763e+00 1.40605414e+00 5.33511698e-01
    6.46753907e-02 9.74924862e-01 1.50767016e+00 1.46057999e+00
    -4.63052541e-01 2.34869361e-01 -1.82354957e-01 1.29204583e+00
    6.94200754e-01 1.55011463e+00 1.28654099e+00 1.29084241e+00
    -5.85591793e-02 -1.89723343e-01 9.91039813e-01 8.79151940e-01
    1.07470226e+00 5.96097827e-01 1.19977248e+00 -2.01209426e-01
    -1.14529490e-01 -3.43878269e-02 1.04034185e-01 1.09475970e+00
    -4.71142024e-01 -1.02856070e-01 -4.64687735e-01 5.82924306e-01
    6.30485415e-02 6.56980932e-01 -1.91808254e-01 1.01005805e+00
    8.69879246e-01 6.71522319e-02 6.27394497e-01 -4.33152020e-02
    -1.93463266e-02 1.84957564e-01 1.05712676e+00 -3.84282053e-01
    5.66678107e-01 5.03799975e-01 9.41517889e-01 6.41619503e-01
    -5.97014308e-01 -1.41537398e-01 2.95066416e-01 3.94498110e-02
    1.22570419e+00 1.40982062e-01 6.91430926e-01 6.47745609e-01
    -2.67733932e-01 -2.21308798e-01 1.19880760e+00 7.44691074e-01
    2.62800515e-01 5.37254632e-01 1.22359180e+00 5.44104040e-01
    -1.19470358e-01 1.05460298e+00 1.14493895e+00 -3.38141799e-01
    -9.35491920e-02 -1.98267519e-01 -5.33207178e-01 8.99331093e-01
    1.25631678e+00 1.36609685e+00 -4.13256824e-01 -6.03556037e-02
    -8.13626647e-02 4.17834342e-01 3.83893251e-01 1.04224563e-01
    4.71965015e-01 8.83868337e-02 9.82378423e-01 7.67085493e-01
    -1.38965726e-01 1.42694044e+00 1.03993499e+00 -2.52598524e-02
    1.29837942e+00 7.16230214e-01 -4.95555997e-01 1.32385802e+00
    1.13631511e+00 1.23486042e-01 5.00971317e-01 1.17446685e+00
    -2.63391048e-01 1.18716955e+00 -2.81762064e-01 -4.10354316e-01
    -4.36986268e-01 1.00260699e+00 6.38384223e-02 1.06796682e+00
    -2.63121128e-02 1.28653431e+00 5.88529766e-01 -2.43851945e-01
    1.24292672e-01 4.87529546e-01 -1.83171600e-01 9.04151082e-01
    1.38721907e+00 -2.57973075e-01 8.74675393e-01 6.85519993e-01
    1.22093320e+00 3.62729311e-01 1.14178944e+00 1.42349505e+00
    3.41306329e-01 1.25275970e-01 -1.32580101e-02 1.25783753e+00
    3.39338750e-01 -4.27592129e-01 -8.62883627e-02 -1.83236659e-01
    1.38522768e+00 6.28664851e-01 -1.62656307e-02 8.49849164e-01
    3.27023327e-01 -5.20454645e-01 4.35130179e-01 1.01831329e+00
    4.87162530e-01 -1.40127838e-01 -3.82917643e-01 2.46405005e-01
    1.25162816e+00 -1.03806794e-01 1.26594257e+00 4.28600907e-02
    9.06089902e-01 2.53298253e-01 5.07323682e-01 7.64522195e-01
    -9.29498672e-03 4.97764349e-01 -2.66593337e-01 6.84217811e-02
    2.10411251e-01 3.85459244e-01 2.01292038e-01 1.04237986e+00
    1.95730150e-01 5.37058949e-01 -1.85366541e-01 7.37945080e-01
    -2.03622580e-01 7.19950914e-01 -1.10342532e-01 1.24961793e-01
    9.06862676e-01 -1.44116312e-01 -1.42729521e-01 1.25255537e+00
    4.31341290e-01 8.10227036e-01 1.52329326e-01 1.02229428e+00
    9.57015276e-01 6.72591329e-02 6.30842686e-01 -4.97149825e-01
    9.04748976e-01 6.56676769e-01 -3.96394789e-01 -1.20745599e-01
    1.34328175e+00 -2.84798265e-01 8.44016433e-01 -5.05226493e-01
    4.52936292e-01 1.05444765e+00 2.91085243e-01 3.89536381e-01
    5.31824291e-01 3.39145660e-01 5.95654726e-01 1.10686147e+00
    1.76165044e-01 -3.13905120e-01 6.39382005e-02 6.17754817e-01
    -4.92473096e-01 1.44057941e+00 1.36771059e+00 -2.46554285e-01
    1.29980469e+00 5.87201476e-01 6.14044964e-01 5.92112362e-01
    8.48557830e-01 1.04984403e-01 -4.62037951e-01 4.00954098e-01
    6.43696904e-01 -4.01032627e-01 1.17741084e+00 -5.25426567e-01
    1.01973009e+00 1.06236064e+00 4.63089406e-01 1.05135608e+00
    8.96225274e-01 8.01167071e-01 4.22172308e-01 9.17976618e-01
    -4.31533337e-01 5.36452770e-01 1.28226721e+00 -3.90660554e-01
    1.51477647e+00 2.63281465e-02 1.17976356e+00 1.16257870e+00
    1.02782106e+00 -2.05575079e-01 -2.22356230e-01 4.83398199e-01
    7.28470802e-01 5.54127216e-01 1.10911798e+00 3.41250479e-01
    1.06381750e+00 8.53476882e-01 -4.95492429e-01 3.27621877e-01
    2.97724158e-01 8.21755826e-01 -4.25358206e-01 3.52867544e-01
    1.43484116e+00 -4.48481083e-01 -3.12341124e-01 -2.87388653e-01
    1.43600971e-01 4.03440893e-01 1.09377503e+00 -3.70186269e-01
    9.82758701e-01 9.29763019e-01 1.35940528e+00 7.78174996e-01
    6.92421198e-01 1.47212458e+00 3.32798958e-02 2.26163745e-01
    -4.10825551e-01 1.32370436e+00 1.27097058e+00 3.24554026e-01
    3.79910707e-01 -3.64120781e-01 9.48898792e-01 1.50227219e-01
    7.52020359e-01 1.44747889e+00 6.75919712e-01 -5.00936270e-01
    1.09880066e+00 9.35612381e-01 9.27226067e-01 -1.69341862e-01
    1.23900008e+00 -2.50993371e-02 2.74664998e-01 7.15001881e-01
    9.94090438e-01 8.42758656e-01 6.59594417e-01 6.08898222e-01
    9.27670002e-02 2.22842216e-01 1.16534030e+00 1.29668915e+00
    -3.88244450e-01 1.31966400e+00 1.18330705e+00 -1.23859197e-01
    -2.21793979e-01 2.48092353e-01 -5.42551279e-03 1.39415216e+00
    5.99902272e-01 1.31759501e+00 5.88622749e-01 3.30155849e-01
    6.49864435e-01 1.28242636e+00 -4.32446599e-02 6.13009870e-01
    1.25452995e+00 5.97872198e-01 6.86816454e-01 4.07655180e-01
    7.68167973e-02 1.39179015e+00 -7.51941204e-02 5.80316663e-01
    6.00535810e-01 1.26658678e+00 7.88826346e-01 -5.57888508e-01
    -2.23854691e-01 7.62910903e-01 1.07901907e+00 1.17157280e-01
    1.80919349e-01 9.36813653e-01 6.05442405e-01 1.02218449e-01
    -4.73526806e-01 -2.34561563e-02 1.38924170e+00 1.31160641e+00
    7.43993938e-01 1.23710597e+00 -4.29023623e-01 5.44823468e-01
    1.05230272e+00 4.26325440e-01 7.09339797e-01 7.24919021e-01
    1.22404885e+00 1.13367116e+00 -1.65134430e-01 6.18719459e-01
    -4.41883326e-01 6.17640495e-01 1.11508608e+00 6.08605146e-03
    9.04673040e-01 -4.45201457e-01 6.69469476e-01 1.62861645e-01
    8.01903307e-01 1.05218768e+00 6.64238691e-01 2.28591740e-01
    5.10069072e-01 3.16920578e-01 1.21727753e+00 7.52365589e-03
    3.20052922e-01 -1.56476796e-02 4.38638806e-01 8.02117586e-01
    8.56577039e-01 1.01003468e+00 6.86850190e-01 1.22648108e+00
    -3.73707861e-01 4.15686548e-01 -2.15541422e-02 1.47482848e+00
    8.37789536e-01 3.14971030e-01 1.07106090e-01 3.43927324e-01
    -3.90384197e-01 1.33160257e+00 -4.56425786e-01 1.41834843e+00
    1.41295135e+00 1.07100666e-01 5.49893141e-01 -4.16862935e-01
    8.06547999e-02 -1.81398630e-01 6.07025623e-03 6.91719532e-01
    -4.46376503e-01 7.31133699e-01 8.45301747e-01 3.85150909e-01
    9.15317774e-01 1.26523960e+00 1.27086723e+00 8.00442874e-01
    1.02765584e+00 7.65702367e-01 1.16611481e+00 1.23926544e+00
    1.37998688e+00 5.53934038e-01 -3.62533331e-03 -1.79818541e-01
    -1.52262598e-01 1.35915208e+00 -3.94998133e-01 6.25050306e-01
    1.06585586e+00 1.10335636e+00 1.27625632e+00 1.51845860e+00
    1.20719194e+00 -2.15822905e-01 1.36792988e-01 -3.69596928e-01
    1.40357816e+00 -3.71518612e-01 -4.14030969e-01 3.21462780e-01
    4.42751408e-01 9.63165462e-02 1.83753103e-01 2.72608101e-02
    -1.39053166e-01 -1.87527239e-01 4.30966675e-01 7.53211200e-01
    1.56194735e+00 9.81016159e-01 -2.74429440e-01 6.90728426e-02
    9.25237358e-01 1.27451611e+00 1.48286104e+00 5.45794368e-02
    1.29681349e+00 4.68376845e-01 1.16562271e+00 7.51405835e-01
    5.53301275e-01 -2.36586869e-01 1.99714303e-03 -3.95794272e-01
    6.91690743e-01 1.10216951e+00 1.87533170e-01 1.07504368e-01
    2.74233639e-01 -1.17155552e-01 1.20251536e+00 7.73307502e-01
    -5.38577139e-01 6.78410947e-01 3.48178387e-01 6.07307494e-01
    1.63181484e-01 7.11660266e-01 5.10668755e-01 7.87830353e-03
    1.06064653e+00 -3.91653091e-01 1.16037750e+00 1.13145864e+00
    1.17309713e+00 3.36316496e-01 7.72714794e-01 9.11233485e-01
    1.35449290e+00 8.23534608e-01 1.30834508e+00 1.41602266e+00
    2.05354214e-01 1.25795257e+00 -4.88936961e-01 7.51480043e-01
    6.16971552e-01 -1.03113055e-01 8.59238505e-02 -2.89010733e-01
    1.05576837e+00 5.07153094e-01 1.34380269e+00 1.39336550e+00
    3.10588509e-01 -1.36623681e-01 8.67483497e-01 1.08842552e+00
    9.89949226e-01 6.42942786e-02 1.20128155e+00 1.43406272e+00
    1.15424681e+00 2.64961958e-01 -1.42768025e-02 4.12523210e-01
    1.20324659e+00 2.30757654e-01 6.59492493e-01 1.39892101e-04
    -2.27151901e-01 5.08258820e-01 5.37730575e-01 1.30929601e+00
    5.00812888e-01 1.42407310e+00 3.20615023e-01 6.91992223e-01
    3.00622672e-01 4.23635840e-01 1.22898173e+00 9.91062641e-01
    -4.46825206e-01 1.44488215e-01 4.59276915e-01 1.38805175e+00
    8.37969661e-01 1.11569548e+00 4.53788489e-01 -1.20526165e-01
    -4.89636540e-01 3.56659293e-01 5.69409311e-01 1.00614893e+00
    -3.94370317e-01 -8.61883759e-02 1.55571729e-01 1.61233282e+00
    5.28919697e-02 1.26995397e+00 -3.36302847e-01 -2.45578080e-01
    7.06707299e-01 8.86052847e-01 8.83339047e-01 -2.45778501e-01
    -5.06489873e-02 1.01769459e+00 3.69995892e-01 -1.47229552e-01
    4.46833163e-01 1.09368730e+00 6.09410584e-01 8.14858675e-01
    7.96118379e-01 -2.72961974e-01 1.29580462e+00 1.00714064e+00
    3.89059216e-01 4.20618147e-01 9.86829579e-01 3.69876593e-01
    8.72729540e-01 8.23836923e-02 2.07301855e-01 2.37855911e-01
    6.87088192e-01 1.44156587e+00 5.83312035e-01 -1.73285544e-01
    -1.08501881e-01 1.38183570e+00 7.81195700e-01 1.42944431e+00
    9.77294207e-01 7.04558253e-01 2.68929899e-01 6.22349977e-03
    1.28225952e-01 1.26339221e+00 -2.46285126e-01 1.46605909e-01
    1.29964280e+00 6.72978163e-01 3.29324007e-02 8.01945508e-01
    1.27476382e+00 1.34578490e+00 1.39275765e+00 3.46266687e-01
    -1.17647171e-01 -3.34416747e-01 2.18272150e-01 8.05329144e-01
    1.50644445e+00 1.23110819e+00 1.18568945e+00 1.04170251e+00
    1.96995139e-02 7.28711605e-01 -5.08378625e-01 -1.57583743e-01
    8.43538225e-01 2.22056627e-01 7.15395272e-01 7.10925698e-01
    -4.19368029e-01 1.29659736e+00 1.29280818e+00 5.01887619e-01
    8.19568753e-01 1.40821505e+00 1.35443306e+00 6.29118443e-01
    4.82906103e-02 5.96477449e-01 1.62167311e-01 8.09346557e-01
    1.42486501e+00 3.17444205e-02 -1.14741147e-01 1.28726792e+00
    1.12915277e+00 1.05207145e-01 7.56600380e-01 -4.70073074e-01
    6.39056206e-01 1.68052912e-01 5.15526533e-02 2.14551628e-01
    1.20605850e+00 -4.28875566e-01 1.21977568e-01 1.09654450e+00
    4.29559112e-01 -4.01549697e-01 -4.18898523e-01 1.27795696e+00
    -5.62697768e-01 6.72674954e-01 1.28074348e+00 7.46569395e-01
    -8.55049193e-02 -4.73330647e-01 7.72750735e-01 1.78108394e-01
    2.04510808e-01 -5.27014971e-01 -1.30289108e-01 1.38125682e+00
    1.33293176e+00 8.30699682e-01 1.04014492e+00 7.78813362e-02
    -7.48482347e-03 1.05678529e-01 1.25061178e+00 9.23456132e-01
    4.46756244e-01 -2.70481855e-01 -2.93573797e-01 1.26318288e+00
    4.80118513e-01 -4.04834747e-02 1.27430415e+00 4.46283400e-01
    -4.50293303e-01 1.25744462e+00 1.13755643e-01 2.39952505e-01
    1.17329633e+00 -6.57117367e-02 3.33366185e-01 6.24136686e-01
    1.70574009e-01 7.37651467e-01 6.53819084e-01 -1.51409686e-01
    -3.76226306e-01 1.31327057e+00 7.60410547e-01 -1.84803665e-01
    9.63820457e-01 6.25480175e-01 1.34413302e+00 -2.92583138e-01
    6.78945959e-01 1.03198159e+00 -3.09910804e-01 1.61034298e+00
    9.86260176e-03 1.31820869e+00 -3.53189200e-01 4.70285714e-02
    -3.26381415e-01 -3.08753103e-01 1.78376347e-01 3.61068845e-01
    -1.98633134e-01 1.10815096e+00 7.30836093e-01 -5.01792312e-01
    -1.77096426e-02 -2.00085044e-02 1.15850377e+00 3.35247308e-01
    -1.72969967e-01 -4.01278973e-01 8.39215815e-02 1.40300119e+00
    1.29206252e+00 8.56562316e-01 1.15953422e+00 5.66031337e-01
    1.15232372e+00 9.62903917e-01 5.79586089e-01 6.61989927e-01
    1.34726495e-01 -1.49350703e-01 1.19219387e+00 -5.80546558e-02
    8.05798292e-01 9.01863575e-02 4.74080384e-01 1.43079436e+00
    3.08943987e-02 5.17600715e-01 7.19763339e-01 3.10760587e-01
    -3.51037711e-01 -3.99169505e-01 -1.41353279e-01 6.97046816e-01
    -3.03555131e-02 1.05599320e+00 -1.48855209e-01 7.41442502e-01
    3.06626737e-01 1.37916994e+00 8.12329590e-01 1.33394289e+00
    1.39747763e+00 4.80695426e-01 6.71759307e-01 6.81646347e-01
    1.44194937e+00 -1.86815649e-01 -4.80232120e-01 1.64027810e-01
    1.82042778e-01 -1.70403838e-01 -2.35367537e-01 1.21778631e+00
    6.56692922e-01 3.05244327e-01 1.15281343e-03 9.60692525e-01
    2.90747225e-01 1.06325078e+00 6.02783740e-01 2.85606086e-01
    8.31906796e-01 2.84756064e-01 8.10593665e-01 1.01469970e+00
    1.09795451e+00 5.26432514e-01 -6.88441098e-02 1.39779639e+00
    9.77169275e-01 2.58345604e-02 8.08125257e-01 1.11908674e+00
    1.03362381e+00 5.62260509e-01 4.72681075e-01 1.08261323e+00
    1.15605593e-01 -1.20126605e-02 9.94195938e-02 5.29681504e-01
    2.68222392e-01 1.80835336e-01 1.02665234e+00 6.81964993e-01
    -1.46423548e-01 6.88051283e-01 1.47192097e+00 1.26585734e+00
    2.41833806e-01 -8.10344815e-02 5.41165948e-01 9.60140288e-01
    1.60145223e-01 1.21454990e+00 1.52091742e+00 -2.95022607e-01
    -1.99614763e-02 -3.58480155e-01 1.23171914e+00 3.16082180e-01
    7.54471421e-02 9.19157505e-01 3.64734679e-01 -4.12417859e-01
    6.40497684e-01 -4.55152214e-01 6.57136083e-01 9.90442634e-02
    -9.52981114e-02 1.51482630e+00 7.25211501e-02 -5.31295896e-01
    2.32102811e-01 1.42497301e-01 -3.70403469e-01 -2.56018519e-01
    4.43394810e-01 1.18246055e+00 3.79142106e-01 3.98458540e-01
    6.39500797e-01 -4.10371870e-01 1.33570194e-01 1.25468159e+00
    -2.13884324e-01 4.00178730e-01 4.00629520e-01 5.22985637e-01
    -2.09743977e-02 7.75969028e-01 7.62700140e-01 4.02506590e-01
    2.89996833e-01 4.05981541e-02 6.96513474e-01 -4.55059826e-01
    -2.86836177e-01 5.59026361e-01 8.61442566e-01 7.64545202e-02
    -4.44786131e-01 1.08442473e+00 1.20486867e+00 2.37441838e-01
    -4.08143193e-01 1.06959987e+00 8.37900519e-01 5.24905443e-01
    9.18874741e-01 1.36107123e+00 -3.56771857e-01 -4.99418944e-01
    8.66662621e-01 5.32404184e-02 1.25765944e+00 8.13203454e-02
    1.47771680e+00 -2.41484910e-01 6.24424636e-01 5.81663489e-01
    -4.22038257e-01 -2.35765189e-01 1.98538065e-01 -2.53916025e-01
    7.00564325e-01 4.63311851e-01 7.30062783e-01 -4.28003311e-01
    1.40833688e+00 -2.90455163e-01 1.43312073e+00 3.58383358e-02
    -2.64355868e-01 3.18483025e-01 -2.59316713e-01 -4.29609746e-01
    1.49557066e+00 2.69470334e-01 1.15534282e+00 5.42668402e-01
    1.39642024e+00 1.15391946e+00 3.17401528e-01 -1.77819192e-01
    -2.61221975e-01 1.41729176e+00 -3.38428855e-01 1.11684132e+00
    1.17405677e+00 1.95423305e-01 5.07236660e-01 1.19533849e+00
    7.33784616e-01 1.17290521e+00 1.29456735e+00 -5.35381854e-01
    8.79166782e-01 -2.87879884e-01 5.74238479e-01 9.32417750e-01
    -1.32404000e-01 1.52723455e+00 5.47857285e-01 9.39923406e-01
    3.42998803e-01 7.35897243e-01 4.21464354e-01 6.35129213e-01
    -3.09919417e-01 1.31944585e+00 1.85724556e-01 -1.76323444e-01
    -1.29516840e-01 8.11953425e-01 6.42054737e-01 1.02081776e+00
    4.14105296e-01 1.27354074e+00 1.28500199e+00 5.70334435e-01
    1.34813762e+00 1.12781584e+00 6.65329158e-01 1.47384822e-01
    1.36652756e+00 4.00544018e-01 2.17869848e-01 1.40087104e+00
    -4.37889695e-01 4.11876976e-01 6.12216115e-01 1.27062738e-01
    6.55675530e-01 -3.69111747e-01 -4.18317258e-01 8.29469204e-01
    6.60717607e-01 6.88010454e-01 1.01012111e+00 -9.81547236e-02
    -2.55654454e-02 1.01869434e-01 2.37182975e-01 9.49471295e-02
    1.26604450e+00 5.01616478e-01 3.38496715e-01 7.82376051e-01
    -4.08952177e-01 8.77208948e-01 9.61545646e-01 7.67383933e-01
    1.12914419e+00 6.49762154e-01 6.13288760e-01 3.82382035e-01
    6.46989822e-01 9.14218426e-02 -2.11035043e-01 1.12526441e+00
    4.53844428e-01 5.83737195e-01 7.09024966e-01 1.25745833e+00
    9.03890550e-01 -3.76768202e-01 -1.47593915e-02 7.43331313e-01
    -2.66616851e-01 2.38591611e-01 -1.95929915e-01 9.12819147e-01
    9.73568082e-01 9.61273849e-01 5.99683106e-01 1.11014843e-01
    -8.85429382e-02 7.00497925e-01 5.59158504e-01 9.69046295e-01
    -3.81754726e-01 -1.28144026e-01 8.37700486e-01 1.54856789e+00
    3.91008943e-01 -3.45595747e-01 5.94462752e-01 -4.09572542e-01
    8.54174972e-01 2.90452540e-01 9.25260127e-01 5.58719039e-01
    7.74373770e-01 5.32164752e-01 6.29808307e-02 6.10891342e-01
    2.42006779e-01 1.52995157e+00 2.52858520e-01 1.13813865e+00
    -2.73581862e-01 1.16338563e+00 5.32396972e-01 5.27445555e-01
    2.59847343e-01 1.12877369e+00 6.01511419e-01 -2.55511642e-01
    -3.32884908e-01 1.31358552e+00 4.67213988e-01 5.85866272e-01
    1.08828723e-01 -3.21031511e-01 -1.35837913e-01 6.66515112e-01
    6.74050033e-01 -1.26727343e-01 5.56512535e-01 2.46375203e-01
    -3.43045235e-01 1.52669668e+00 7.80366063e-02 -3.98900211e-01
    -3.85727465e-01 9.11228776e-01 -1.71540260e-01 -2.43216097e-01
    7.41195202e-01 -3.05051804e-02 -1.60107493e-01 1.55170369e+00
    6.20811105e-01 1.51768589e+00 4.26331788e-01 3.57021958e-01
    -3.11841100e-01 3.98595363e-01 2.70316809e-01 8.34622860e-01
    8.89788866e-02 -5.15891790e-01 8.89832318e-01 6.36293769e-01
    -3.46404314e-03 4.89309728e-01 6.93052530e-01 3.58203351e-02
    1.56958699e+00 3.45015407e-01 5.21985590e-01 1.22905374e+00
    -2.47025281e-01 1.36698496e+00 3.70631814e-01 9.47328746e-01
    1.22267056e+00 1.26606607e+00 -6.54153824e-02 7.66556680e-01
    -3.17542076e-01 5.43395519e-01 -2.84329861e-01 -3.29736769e-02
    5.20159006e-01 3.12206149e-01 1.00063264e-01 5.59919477e-02
    1.24821830e+00 6.85493946e-02 1.71181202e-01 -2.12936372e-01
    8.23953748e-02 1.19479764e+00 1.10033584e+00 1.34504676e+00
    1.42670250e+00 -4.34665889e-01 1.01148820e+00 1.03163481e+00
    5.73079467e-01 -2.60202378e-01 1.26863599e+00 1.12992871e+00
    -2.54519343e-01 6.42011046e-01 7.89460123e-01 7.03085005e-01
    -4.20451432e-01 8.96117389e-01 1.79313898e-01 1.31173301e+00
    6.95955634e-01 2.85827994e-01 4.13056493e-01 6.48890555e-01
    1.33671129e+00 -3.48902464e-01 -6.62654340e-02 4.84118462e-02
    9.12115455e-01 2.41614908e-01 1.46507955e+00 6.88544691e-01
    -3.51475954e-01 3.54000032e-01 6.04818881e-01 1.05505681e+00
    -3.02670449e-01 9.64061499e-01 2.32892036e-01 -1.97952390e-02
    1.43836737e+00 3.78867388e-02 6.20610118e-02 1.41026878e+00
    6.40236735e-02 -2.35567361e-01 3.29377294e-01 7.42075801e-01
    1.04640770e+00 3.91577780e-01 1.08731341e+00 -5.05108893e-01
    2.30155081e-01 -3.31632257e-01 -2.35002622e-01 9.26714897e-01
    1.23919344e+00 -1.47067636e-01 4.99011695e-01 2.43332595e-01
    5.37796795e-01 1.06903064e+00 -5.32834053e-01 1.49137068e+00
    -5.95810711e-02 6.48615003e-01 1.26660776e+00 1.31521320e+00
    1.31032753e+00 8.44494104e-02 1.04391468e+00 1.28122282e+00
    -1.95612699e-01 2.39879847e-01 8.03915501e-01 4.18608189e-02
    1.03819084e+00 9.58208680e-01 -3.01528990e-01 1.11043513e-01
    8.08261335e-01 1.29686975e+00 -1.40219897e-01 3.09236646e-01
    1.18004107e+00 9.82788563e-01 4.72818613e-02 5.30499220e-02
    7.60074317e-01 3.18603277e-01 5.67791343e-01 -2.52087891e-01
    2.50725150e-02 1.37718940e+00 5.69021106e-02 9.85927463e-01
    1.18169141e+00 3.36223960e-01 1.05231869e+00 2.23343790e-01
    -5.28543651e-01 -4.60176766e-01 -1.14675552e-01 4.80852902e-01
    7.11361289e-01 1.39159095e+00 -2.01860070e-02 5.02896309e-03
    -4.58677411e-01 3.90932500e-01 6.34006023e-01 -2.21282840e-02
    6.31976843e-01 1.20292306e+00 1.42955792e+00 1.37919164e+00
    1.10749459e+00 3.10045779e-01 5.78381240e-01 7.01987326e-01
    2.65153646e-01 7.05151320e-01 1.83936357e-01 2.19649673e-02
    3.68191540e-01 1.12128460e+00 3.03727388e-02 1.69142485e-01
    6.69828951e-02 3.15172493e-01 6.13537014e-01 6.19566798e-01
    -3.55665177e-01 3.90013337e-01 -3.17092538e-02 -3.46935660e-01
    9.75926042e-01 3.61211598e-01 1.36067760e+00 -1.59385502e-01
    3.33007634e-01 -1.54031277e-01 1.23960102e+00 3.55644047e-01
    -3.95141482e-01 -1.88018829e-01 -4.31291014e-01 1.21224833e+00
    1.22109795e+00 1.55337155e+00 -2.36409515e-01 4.06595170e-02
    3.51185948e-01 -2.08398998e-02 2.68125713e-01 -4.25218165e-01
    4.37873721e-01 -2.62144893e-01 5.83062351e-01 1.06865394e+00
    4.91943896e-01 1.42124915e+00 4.42797363e-01 5.85231781e-01
    1.52730596e+00 1.30915928e+00 7.03389049e-02 3.41899008e-01
    6.80050850e-02 2.55251914e-01 -2.71675467e-01 1.10084617e+00
    1.37307405e+00 9.07967627e-01 -3.87000680e-01 2.01292992e-01
    8.26971829e-01 -1.15157127e-01 -4.09652174e-01 -4.80262935e-01
    -3.68363023e-01 4.43939626e-01 -5.34682333e-01 -2.97774076e-02
    1.30930996e+00 8.20948899e-01 6.38686419e-02 8.80557299e-02
    6.94247007e-01 1.45812428e+00 4.89930034e-01 2.17934787e-01
    1.08565307e+00 7.69516528e-01 3.08343828e-01 1.05271995e-01
    1.16305256e+00 -4.75004017e-02 -2.44008332e-01 -3.83316278e-02
    2.16490030e-02 1.39083028e+00 1.48632514e+00 -2.27078408e-01
    8.81251931e-01 1.37856257e+00 4.65746105e-01 1.24761373e-01
    1.27387631e+00 9.94506955e-01 1.05062389e+00 5.44276059e-01
    -1.00206763e-01 1.49545580e-01 -2.72027075e-01 -3.88384938e-01
    7.36933231e-01 1.38281965e+00 1.55650675e-01 -1.35570079e-01
    6.93083882e-01 -2.88191199e-01 4.51852500e-01 -2.34589979e-01
    -4.74082828e-01 1.17294884e+00 1.34958506e+00 9.43965495e-01
    -4.11321461e-01 5.65097630e-01 1.57764709e+00 5.67353964e-01
    6.38380527e-01 3.34988475e-01 9.70349908e-02 8.27098906e-01
    1.13081956e+00 4.79128063e-01 1.35640681e+00 1.16986871e-01
    4.79112089e-01 4.24617231e-01 -3.79972041e-01 1.32249546e+00
    3.24880570e-01 1.52917635e+00 -2.26308778e-01 -5.27833104e-02
    -1.05075777e-01 1.06112707e+00 7.03632653e-01 9.68059659e-01
    1.45959163e+00 1.13779628e+00 7.14635313e-01 2.67280996e-01
    9.65427160e-01 1.46311879e+00 -2.54721552e-01 1.02539396e+00
    8.07830453e-01 1.52387083e-01 1.44269466e+00 3.95300388e-02
    1.38305473e+00 2.32322216e-02 1.35234308e+00 1.12449467e+00
    1.20068467e+00 1.59679592e-01 1.20761824e+00 -1.88788801e-01
    1.21317816e+00 5.14213026e-01 -5.58509231e-01 1.10564351e+00
    9.93880153e-01 -3.07041675e-01 8.51305366e-01 1.38681078e+00
    2.43968248e-01 -3.02085817e-01 9.36023772e-01 1.17495894e+00
    4.65341330e-01 9.84233081e-01 5.85713387e-02 -2.42528111e-01
    1.23115122e+00 9.86318231e-01 1.13769507e+00 -1.39586270e-01
    1.20396376e+00 6.87295198e-02 1.44065952e+00 3.37891459e-01
    7.01732397e-01 6.41369939e-01 6.42759383e-01 1.28320599e+00
    4.95150328e-01 -3.66657019e-01 6.20111048e-01 8.83836865e-01
    1.10431135e+00 3.55814457e-01 3.37585211e-02 9.99757171e-01
    3.89317513e-01 8.17124248e-01 2.82933176e-01 -2.70943731e-01
    7.46504247e-01 -3.69749904e-01 1.25875324e-01 9.81649399e-01
    1.03938401e+00 2.57693648e-01 -1.68180525e-01 1.89901829e-01
    -5.71903884e-01 3.06238651e-01 1.14381790e+00 1.29958177e+00
    -1.49146199e-01 3.88607979e-01 6.16377771e-01 3.67735326e-02
    5.17165005e-01 3.94645333e-02 6.04506135e-01 7.23441124e-01
    -1.86796814e-01 9.97910738e-01 1.15749979e+00 1.30869997e+00
    3.12241018e-01 -9.19270515e-03 1.00919437e+00 -1.72633767e-01
    8.29272866e-02 3.36785436e-01 4.37448442e-01 5.46553195e-01
    2.20563412e-02 9.22363400e-01 1.04912138e+00 9.95435119e-01
    1.10217893e+00 -1.57067031e-01 -8.26428533e-02 -2.02938497e-01
    1.23102033e+00 -4.49922621e-01 5.66442430e-01 1.74053252e-01
    8.92663240e-01 6.78165793e-01 2.05708265e-01 -5.03528118e-02
    1.39406013e+00 1.86204195e-01 3.95990252e-01 9.03246939e-01
    1.36341321e+00 6.86597168e-01 6.21617854e-01 -4.06061202e-01
    1.66685104e-01 4.01743412e-01 1.06057239e+00 -2.84579575e-01
    1.13583326e+00 4.22755003e-01 1.09539223e+00 6.02454424e-01
    3.10253620e-01 -3.00945222e-01 5.98355651e-01 4.96428072e-01
    6.95684135e-01 1.14362526e+00 8.08793783e-01 1.50321436e+00
    6.73783541e-01 -1.53923959e-01 1.12976110e+00 8.25539351e-01
    1.14830959e+00 9.86230791e-01 -3.80809903e-01 1.03302097e+00
    -2.54662395e-01 -6.43444955e-02 1.91367030e-01 1.42678237e+00
    -2.07835495e-01 1.05348146e+00 2.53322780e-01 7.54966676e-01
    5.33242464e-01 1.01397133e+00 5.41650772e-01 -7.32212365e-02
    2.43545622e-01 -2.23399878e-01 3.55692238e-01 6.91821933e-01
    -4.11193967e-01 1.46090221e+00 9.55412507e-01 1.38391232e+00
    1.69012845e-01 5.36910594e-01 8.64938259e-01 1.51600921e+00
    -4.78238672e-01 -4.58893239e-01 3.06427598e-01 5.96036613e-01
    1.12044156e-01 -2.96678007e-01 -3.96268785e-01 1.43610358e-01
    7.93285131e-01 1.60650074e-01 2.88986862e-02 1.28806639e+00
    9.84891891e-01 1.30802846e+00 5.79116344e-02 3.66441548e-01
    1.35762239e+00 -3.57861906e-01 1.19900894e+00 1.10845006e+00
    6.63398981e-01 1.00978065e+00 -8.83228481e-02 2.69127727e-01
    -1.00103736e-01 6.86327159e-01 -4.23937410e-01 4.12621617e-01
    1.21111155e+00 -2.72390574e-01 9.51448441e-01 -5.50637066e-01
    9.30769563e-01 9.49349284e-01 1.26171088e+00 7.16625214e-01
    1.36117220e+00 3.44088703e-01 1.09262514e+00 1.04730284e+00
    6.66477025e-01 1.27105200e+00 6.26012444e-01 -3.02846074e-01
    2.38455683e-01 1.34875572e+00 2.51165330e-01 2.53704578e-01
    1.96178705e-01 2.03597218e-01 7.04324365e-01 5.28438449e-01
    5.34471512e-01 8.15703154e-01 -2.02906787e-01 -2.73634434e-01
    6.85523629e-01 -2.72855580e-01 1.03738999e+00 -3.17578137e-01
    9.63388503e-01 3.88931274e-01 1.18865526e+00 -1.04933262e-01
    1.25717449e+00 1.40425491e+00 -4.07592416e-01 7.25512505e-01
    3.45854998e-01 1.05284274e-01 4.68357265e-01 1.38933694e+00
    8.24045777e-01 -1.98114529e-01 -7.23952949e-02 1.21818185e+00
    -1.67326212e-01 1.45865512e+00 1.28986824e+00 -5.05777895e-01
    6.63915753e-01 1.52928352e+00 -2.24696696e-01 -3.88699055e-01
    8.41165364e-01 4.34602618e-01 9.10586655e-01 -2.52911985e-01
    1.30952656e-01 1.34711623e+00 -2.47821689e-01 2.14881957e-01
    7.41583407e-01 1.47205305e+00 1.17722368e+00 4.76555228e-01
    6.55735314e-01 1.30917287e+00 9.93343055e-01 3.20946038e-01
    1.40977502e+00 -4.97571170e-01 2.69812703e-01 3.53768498e-01
    -3.01563382e-01 5.36345720e-01 -2.08033681e-01 -4.04704034e-01
    1.24399471e+00 2.26207972e-02 1.33754790e-01 5.64294755e-01
    2.97318339e-01 9.61869955e-01 1.29645014e+00 1.34480941e+00
    1.34310341e+00 -4.84535694e-01 1.85624421e-01 5.39190769e-02
    4.46805716e-01 1.10365582e+00 7.73922741e-01 6.29947841e-01
    -8.87369514e-02 1.13961101e-01 -1.23502105e-01 5.24153709e-01
    -4.69847232e-01 -4.94621903e-01 8.64132822e-01 6.82012022e-01
    -4.56162125e-01 1.62163031e+00 8.92420769e-01 1.30578756e-01
    1.30805624e+00 4.15800184e-01 7.97792733e-01 3.44472438e-01
    1.49828160e+00 5.98105669e-01 1.25062323e+00 1.15836549e+00
    -4.04693007e-01 4.14282501e-01 9.28374469e-01 3.95495534e-01
    -1.16792142e-01 7.13186026e-01 3.39873075e-01 -5.47269881e-02
    8.64536762e-01 -3.19081366e-01 8.41787159e-01 7.34262466e-01
    4.55504835e-01 -1.29084140e-01 9.31323886e-01 1.61170959e-03
    1.11408377e+00 8.87067556e-01 3.58756363e-01 -3.52654099e-01
    8.54228675e-01 -3.62698376e-01 5.09679914e-02 5.20094514e-01
    -1.90138817e-05 8.90328288e-02 6.50993943e-01 3.13641489e-01
    2.93088198e-01 1.36810184e+00 3.26879323e-01 -1.64965957e-01
    2.34032929e-01 4.86180305e-01 1.37568164e+00 3.53694737e-01
    7.26255178e-01 1.12758207e+00 4.26352501e-01 3.50120425e-01
    -4.09412384e-03 5.57616234e-01 -1.88814312e-01 -3.65428865e-01
    9.69161391e-02 7.00000703e-01 1.20591998e+00 1.47476649e+00
    4.94618475e-01 9.01172996e-01 3.69333923e-01 -3.92602414e-01
    1.23257899e+00 8.01511645e-01 1.15909314e+00 3.89019191e-01
    5.26319385e-01 8.92615557e-01 1.29342985e+00 -4.40046191e-02
    3.70712817e-01 1.11604989e+00 9.76183414e-02 7.65053332e-01
    -3.13779086e-01 6.33338869e-01 -1.04433596e-01 -3.35408479e-01
    9.18097913e-01 6.90317452e-01 5.65920174e-01 2.70765662e-01
    -2.38893718e-01 1.10018110e+00 -1.83012962e-01 1.39191175e+00
    1.17343950e+00 2.90422857e-01 1.20438004e+00 3.85748923e-01
    -4.27693188e-01 -2.20083714e-01 -2.35075086e-01 4.60333169e-01
    9.91663635e-02 2.45614260e-01 -1.19654536e-02 3.49480867e-01
    9.53935504e-01 2.83777624e-01 1.16612673e+00 5.44128597e-01
    1.13711798e+00 -4.35512394e-01 1.49785304e+00 1.08832049e+00
    1.33803976e+00 9.95908737e-01 5.86869597e-01 -1.28611058e-01
    -3.19486022e-01 3.99433196e-01 1.71949804e-01 -2.67163932e-01
    7.40521133e-01 6.89219773e-01 5.39478004e-01 2.52758861e-02
    1.24897933e+00 6.01189375e-01 1.01949263e+00 6.02739632e-01
    1.59047604e-01 -1.71288252e-02 1.16879082e+00 1.12035394e+00
    -4.84795243e-01 5.88525891e-01 9.17045236e-01 3.07195544e-01
    -4.72401977e-02 6.05231285e-01 1.01391172e+00 -1.96988404e-01
    6.43591583e-01 7.65614688e-01 9.83667672e-01 1.17714310e+00
    5.41272521e-01 1.20576310e+00 1.48355269e+00 2.79228210e-01
    1.47502697e+00 -4.25957441e-02 1.04654646e+00 -2.20841080e-01
    7.58863807e-01 1.14066648e+00 1.46392488e+00 1.28155351e+00
    5.88398218e-01 -7.52742887e-02 1.27082634e+00 2.19256520e-01
    1.23403728e-01 -1.67052686e-01 9.95051146e-01 2.69254506e-01
    3.03917766e-01 -4.23805624e-01 1.17322445e+00 3.45137626e-01
    1.04116118e+00 -3.14035594e-01 2.87604868e-01 2.42723227e-01
    -1.87937051e-01 2.43156642e-01 -1.68409228e-01 -1.51117027e-01
    7.92340636e-02 -4.03388351e-01 4.64606285e-03 -4.80355263e-01
    -3.11658144e-01 2.27847099e-01 7.71988153e-01 9.37887311e-01
    -2.61205733e-01 -3.62739235e-01 1.50171924e+00 -4.91961479e-01
    8.69214535e-01 9.24121261e-01 6.16519809e-01 2.10405290e-01
    -2.00753719e-01 8.16531301e-01 7.51619935e-02 9.83317971e-01
    1.34637713e+00 9.75184858e-01 1.34894872e+00 1.28529370e-02
    6.78860128e-01 1.52910495e+00 -4.83900011e-01 -5.50101995e-01
    7.29710996e-01 8.36071312e-01 -4.67659593e-01 5.55279970e-01
    -1.77587569e-02 3.28520268e-01 -3.82158041e-01 1.25297904e+00
    1.43413424e+00 1.21643877e+00 4.75141525e-01 1.34797120e+00
    8.81920159e-01 1.14533937e+00 -5.01795769e-01 8.21495593e-01
    9.19803977e-02 9.01696861e-01 2.21844912e-01 -6.60759151e-01
    9.98362601e-01 -5.15143096e-01 6.67552888e-01 -2.68621743e-02
    3.16860616e-01 8.62312794e-01 1.48358774e+00 1.76057339e-01
    5.30524075e-01 -9.46371853e-02 7.24627972e-01 6.96513951e-02
    8.82703006e-01 1.39598757e-01 3.09871137e-01 -2.66137481e-01
    1.16554141e+00 -5.40928602e-01 1.21002328e+00 1.16595900e+00
    1.11359096e+00 1.39037502e+00 1.37068903e+00 6.12258077e-01
    -1.58595771e-01 9.51796949e-01 1.02246940e-01 1.01517189e+00
    1.34375405e+00 -4.12060738e-01 1.24817669e+00 5.73037088e-01
    -4.72421914e-01 1.15485311e+00 9.19433653e-01 1.49525642e-01
    2.57775247e-01 -6.78807795e-02 -2.94496894e-01 3.17760855e-01
    -2.04191759e-01 2.04095095e-01 -3.04053992e-01 -3.25143635e-01
    6.69467986e-01 5.59222341e-01 -4.13664162e-01 5.72583497e-01
    -1.37152523e-01 1.40145540e+00 1.18505168e+00 1.31125283e+00
    1.02580237e+00 6.61487818e-01 1.54018426e+00 1.48615420e-01
    1.24837327e+00 1.25101304e+00 -9.13512111e-02 4.88915384e-01
    2.96491444e-01 1.51313543e+00 1.33560789e+00 1.13196445e+00
    8.67391109e-01 2.91415066e-01 2.65025795e-02 8.68054092e-01
    1.23830771e+00 3.05015683e-01 1.18797088e+00 4.99032080e-01
    2.32533693e-01 5.69973648e-01 -2.85333157e-01 4.63100076e-01
    9.96278048e-01 8.82155180e-01 -1.09187961e-01 7.18011975e-01
    -3.54916394e-01 1.19184971e+00 5.98192096e-01 -3.94094229e-01
    4.70635951e-01 -1.17468685e-01 4.13984239e-01 1.40722966e+00
    -4.58378196e-01 3.59367490e-01 1.30624580e+00 5.01445711e-01
    1.42580318e+00 7.77085841e-01 -7.03064799e-02 3.77094984e-01
    2.63125896e-02 2.64542520e-01 1.36338937e+00 9.66785192e-01
    1.25574899e+00 6.11094832e-02 1.49711490e+00 -3.77458930e-02
    -5.69967389e-01 1.01720536e+00 5.21653652e-01 -2.80842751e-01
    5.38144410e-01 7.06803739e-01 7.56938159e-01 7.93317378e-01
    -4.09576774e-01 1.21345925e+00 8.33218098e-01 1.26824987e+00
    4.89943624e-02 7.89598823e-01 1.48286700e-01 1.41130972e+00
    1.31985378e+00 1.13219023e+00 8.34748328e-01 5.93278170e-01
    -1.50426269e-01 1.12817955e+00 -1.73908740e-01 2.48774946e-01
    1.43290544e+00 -1.34174347e-01 1.19626212e+00 -2.61808723e-01
    9.13463891e-01 -2.24948734e-01 1.47151756e+00 -3.63617957e-01
    3.65413100e-01 6.25710845e-01 -1.86909705e-01 -2.63418108e-01
    -3.86908203e-01 2.39873111e-01 1.11515880e+00 8.17069411e-01
    7.95079172e-01 8.18346441e-01 2.32958943e-01 3.93665850e-01
    5.84717989e-01 1.63370574e+00 4.47582573e-01 4.18564320e-01
    5.11941850e-01 3.13904047e-01 3.30205619e-01 5.95843732e-01
    1.37520146e+00 8.01916182e-01 9.19224322e-01 4.05952960e-01
    -4.05704141e-01 1.09590030e+00 1.31985950e+00 8.05769086e-01
    4.30883944e-01 8.64127696e-01 4.95055377e-01 5.38166821e-01
    -4.91815805e-01 1.34672964e+00 2.68665195e-01 4.25797820e-01
    4.91452813e-01 5.79460323e-01 -1.60225838e-01 6.50233746e-01
    6.10132098e-01 3.27429175e-01 3.50059211e-01 9.93591368e-01
    9.33034360e-01 7.24478722e-01 1.10712981e+00 1.07461572e+00
    -5.03870666e-01 9.38213408e-01 3.54047835e-01 6.09621286e-01
    6.52609706e-01 1.20899606e+00 1.47235274e-01 1.50145984e+00
    -5.29175997e-01 1.38548827e+00 -1.21778309e-01 9.42456603e-01
    -2.53701210e-01 -1.03321224e-01 1.29409957e+00 4.37965333e-01
    1.29128873e+00 -1.74761593e-01 7.57937670e-01 -4.55284506e-01
    1.38454747e+00 4.83652651e-01 -2.31074482e-01 -2.46245623e-01
    1.15760159e+00 4.43477452e-01 -2.09179580e-01 1.27347064e+00
    5.43636978e-01 1.50375342e+00 1.49037290e+00 4.46969360e-01
    5.37725568e-01 1.17446947e+00 7.54097402e-02 1.24568093e+00
    1.18646073e+00 5.03340483e-01 8.38714361e-01 -1.96541905e-01
    1.75742507e-02 7.69991636e-01 2.30193973e-01 8.43596876e-01
    1.42617106e+00 1.00316739e+00 3.88727516e-01 5.28197527e-01
    2.55673975e-01 1.15480030e+00 1.51303649e+00 1.12595081e+00
    4.68109548e-01 7.18045533e-01 2.25084394e-01 -4.59683746e-01
    -3.78343463e-03 1.01448822e+00 2.38909185e-01 4.49863076e-01
    -3.22181702e-01 2.42732108e-01 9.82606351e-01 8.77335429e-01
    1.13304555e+00 8.33534241e-01 3.53642941e-01 -4.28573489e-02
    2.27927446e-01 -5.54903090e-01 1.09535360e+00 9.58902180e-01
    1.34711909e+00 1.24777174e+00 -3.83195281e-02 3.00198257e-01
    9.79914486e-01 -2.99419940e-01 1.50684190e+00 1.15484893e+00
    -5.11580288e-01 2.65852660e-01 5.33038020e-01 6.53176069e-01
    8.87642205e-01 8.59936178e-02 6.72975540e-01 3.79611582e-01
    8.69953990e-01 4.32701111e-02 1.35787058e+00 -4.95718032e-01
    6.88694417e-01 -3.50734770e-01 1.01767766e+00 1.24377298e+00
    -1.64970517e-01 8.55521142e-01 -2.45615840e-02 -5.22039056e-01
    9.90610063e-01 1.37972474e+00 6.85378909e-01 -8.06351602e-02
    1.04202998e+00 -1.24645919e-01 6.42232478e-01 1.24695635e+00
    -1.95028543e-01 3.31175923e-02 1.47621810e-01 -3.14215541e-01
    -3.52452099e-01 3.22248101e-01 5.75857103e-01 -8.43236148e-02
    1.33780658e+00 2.18907773e-01 1.88735783e-01 1.40738511e+00
    8.54791224e-01 -5.66101968e-01 9.85962212e-01 -5.37015498e-01
    1.25932395e-01 1.47397888e+00 2.45760739e-01 1.27096295e+00
    1.11114478e+00 -1.61231965e-01 5.12544751e-01 1.54110503e+00
    1.78768814e-01 3.54878068e-01 3.70005548e-01 9.91410017e-01
    -6.23041987e-02 1.44840217e+00 -3.68984997e-01 2.53830850e-01
    -3.96351069e-01 9.58156705e-01 7.75260389e-01 6.66877508e-01
    4.93545830e-01 7.80059874e-01 1.48460126e+00 1.40864921e+00
    6.63763881e-01 -3.03584546e-01 1.53984070e+00 7.05232859e-01
    -6.51607811e-02 -3.03608477e-02 3.15285534e-01 -2.86623538e-02
    7.72449970e-02 -2.44029790e-01 1.11685312e+00 1.78291857e-01
    9.99974489e-01 7.01300442e-01 1.33486724e+00 4.24885988e-01
    3.09040725e-01 2.51275778e-01 4.62508202e-01 -5.03537953e-01
    2.08701491e-02 5.29425919e-01 1.38267672e+00 1.26784754e+00
    -4.21769053e-01 6.56832755e-01 -3.89046073e-02 2.07126319e-01
    -4.80288744e-01 1.03150785e+00 1.23425210e+00 1.05686462e+00
    -5.02675295e-01 1.28825688e+00 1.10573149e+00 -1.22724712e-01
    1.15636635e+00 4.87947345e-01 7.87023783e-01 9.03337181e-01
    -8.52389336e-02 1.34301043e+00 4.30177808e-01 1.60864532e-01
    1.09086728e+00 -6.07768476e-01 7.79361665e-01 1.08643460e+00
    1.05729818e+00 6.93298638e-01 1.23250723e-01 9.97698128e-01
    1.13061512e+00 1.26899886e+00 9.13511753e-01 6.98422551e-01
    -3.75417531e-01 4.41460043e-01 1.15028560e+00 9.94064629e-01
    -4.62318361e-01 1.22370768e+00 8.12322497e-01 2.86378443e-01
    -1.66683346e-01 1.24190938e+00 3.54994416e-01 8.11406076e-01
    -1.95676684e-02 8.57896805e-02 -1.84354305e-01 2.34858871e-01
    1.83326185e-01 1.31840968e+00 -1.05786324e-02 8.07265818e-01
    1.23909009e+00 -2.63573855e-01 1.07472682e+00 1.04330540e+00
    1.43588090e+00 -2.48084962e-01 3.75647783e-01 -5.75983524e-02
    -4.75520670e-01 8.43891025e-01 6.55864596e-01 7.88168609e-01
    1.96183145e-01 8.63893390e-01 8.70022714e-01 7.42403567e-01
    2.63674498e-01 1.01809132e+00 7.61629283e-01 1.34548330e+00
    8.73848736e-01 -1.12091631e-01 3.67132187e-01 -3.94085169e-01
    -1.23136938e-02 -4.02121425e-01 8.45038891e-01 4.57405686e-01
    -3.97928357e-02 -3.55510056e-01 9.53377068e-01 9.06169176e-01
    5.13797104e-01 9.63851213e-02 1.29193771e+00 1.01758420e-01
    3.66143584e-01 -1.97107613e-01 1.58334982e+00 9.13777947e-03
    5.34036398e-01 3.17312151e-01 -4.20227736e-01 1.17707896e+00
    1.09649897e+00 1.53721261e+00 -1.41627491e-01 -5.32812297e-01
    -4.49897796e-01 1.21440083e-01 5.91260254e-01 1.13490939e+00
    1.45917583e+00 -1.31867945e-01 -3.71526897e-01 8.72331679e-01
    1.33390880e+00 1.22863483e+00 6.81295753e-01 3.09886694e-01
    5.10058582e-01 7.43736804e-01 -5.07327616e-02 9.06025171e-01
    5.53054214e-02 3.81619841e-01 -2.21726075e-01 5.89480102e-01
    3.50631237e-01 1.21518612e+00 5.16467214e-01 7.94713676e-01
    1.00305212e+00 3.15215230e-01 3.04378748e-01 -3.59245986e-01
    -3.53959918e-01 5.89438319e-01 6.00501418e-01 3.99945855e-01
    7.66507387e-01 2.74701983e-01 3.36303532e-01 2.48373151e-01
    1.93658590e-01 1.44310045e+00 2.55708903e-01 2.57286131e-02
    -2.93067843e-01 1.55448449e+00 1.44755483e-01 -3.41640711e-02
    1.00037467e+00 4.90681052e-01 3.75263214e-01 8.32371831e-01
    9.68143582e-01 1.07995152e+00 6.93578124e-02 2.10856199e-02
    -8.49193633e-02 1.47216260e+00 1.49892592e+00 -4.33274567e-01
    1.02139151e+00 3.42532068e-01 -3.28153372e-01 -3.09290230e-01
    1.88020110e-01 -1.33038014e-01 1.42275786e+00 -2.32920140e-01
    8.19321156e-01 1.44354725e+00 -1.52747005e-01 7.91000426e-01
    -3.17295909e-01 -1.73398554e-02 1.32514203e+00 5.70286512e-01
    4.76612449e-01 1.06359851e+00 7.32152760e-01 1.40248632e+00
    -1.42168343e-01 -5.45057178e-01 1.15461826e-01 1.28936267e+00
    6.21069849e-01 1.15421975e+00 -4.08797950e-01 3.01896691e-01
    5.41874170e-01 1.36638391e+00 -1.94088668e-01 1.36835790e+00
    -3.62697661e-01 4.99407649e-02 1.03598213e+00 1.42346215e+00
    1.63691908e-01 4.22053128e-01 -8.74905586e-02 6.30679905e-01
    -3.74247372e-01 4.88188803e-01 1.11180842e-01 -1.72890663e-01
    5.85892320e-01 1.29452515e+00 3.85663867e-01 7.88543522e-01
    3.81106734e-02 -2.25653648e-02 7.10050523e-01 7.60376990e-01
    2.84870982e-01 2.16742814e-01 -3.96189213e-01 8.53669643e-02
    -1.67560875e-02 -2.51862645e-01 1.25847530e+00 8.63009691e-03
    -2.91631967e-01 4.20067996e-01 -6.29482865e-02 -1.73650563e-01
    -2.06283420e-01 -3.97890270e-01 1.11433411e+00 6.30225420e-01
    4.67805803e-01 1.22468340e+00 1.30503964e+00 1.35328698e+00
    9.94846284e-01 -6.05704904e-01 5.42563915e-01 -4.11929488e-02
    3.19666564e-01 -4.97796357e-01 5.59724808e-01 9.91867304e-01
    9.28377450e-01 -4.15294319e-01 6.25574827e-01 7.24733293e-01
    7.62424052e-01 1.58378220e+00 6.30654037e-01 4.33336914e-01
    1.43913853e+00 6.92364335e-01 9.68289316e-01 1.24327755e+00
    5.59444666e-01 1.12243295e+00 -4.24534291e-01 3.44233960e-01
    7.15003431e-01 3.59412074e-01 6.33094132e-01 7.60572791e-01
    7.48597145e-01 -9.84928310e-02 2.65074134e-01 1.14405727e+00
    1.28803968e+00 -3.59847844e-01 4.11811769e-01 -5.15950322e-01
    1.30891657e+00 7.49992251e-01 4.95490313e-01 2.70902455e-01
    1.44743276e+00 -4.67435479e-01 2.62881815e-01 3.70783269e-01
    5.30219078e-03 3.63920569e-01 1.42083240e+00 1.94696784e-01
    -3.75574142e-01 1.39633930e+00 -4.00393397e-01 1.21058750e+00
    1.03351378e+00 4.54038978e-02 -4.65529442e-01 1.26963258e+00
    9.08287048e-01 2.32648253e-02 1.41462362e+00 6.92661047e-01
    3.54220867e-01 7.20079124e-01 2.55753994e-01 3.90034914e-01
    1.31242824e+00 -2.46299818e-01 7.36582637e-01 1.52652073e+00
    1.32160830e+00 6.29304826e-01 9.04875815e-01 1.13276124e+00
    -1.54154837e-01 1.23683190e+00 -1.33678496e-01 -2.63453186e-01
    5.63676715e-01 -1.27476871e-01 1.43473291e+00 4.01716530e-01
    -4.12862599e-02 -3.17607015e-01 -2.68766552e-01 3.50012243e-01
    3.52200449e-01 -1.36110157e-01 1.11461866e+00 1.21394300e+00
    8.17996144e-01 -3.77708763e-01 -3.00309777e-01 5.07305741e-01
    1.72201216e-01 1.05147290e+00 5.40478408e-01 1.15693450e+00
    1.61124408e-01 3.36130977e-01 2.23560572e-01 1.07717073e+00
    1.51815581e+00 2.46382535e-01 1.32302022e+00 -2.84130961e-01
    1.61111236e-01 5.69403172e-03 5.79874396e-01 1.21862578e+00
    -4.54188168e-01 1.17105746e+00 6.27999902e-02 7.46555865e-01
    3.01367700e-01 7.47136772e-01 2.92223096e-01 1.13575530e+00
    -2.83209354e-01 5.07237077e-01 9.39714313e-01 -3.09194535e-01
    1.25110769e+00 -2.40235955e-01 4.29509044e-01 -1.39582664e-01
    -2.02505857e-01 1.19742501e+00 1.33649409e+00 2.48461485e-01
    6.93238735e-01 8.02223325e-01 1.44344640e+00 1.45811975e-01
    -3.53437960e-01 1.17521310e+00 5.85492611e-01 6.47086322e-01
    2.41666019e-01 4.71539438e-01 1.28000963e+00 4.29930866e-01
    1.42979050e+00 -4.32311267e-01 1.21554101e+00 -2.83703923e-01
    2.21185297e-01 -6.38528764e-02 -5.51668704e-02 4.83008206e-01
    1.75460637e-01 2.39763498e-01 9.08473670e-01 6.50533438e-01
    4.46227372e-01 3.18977296e-01 9.81647551e-01 -2.65652508e-01
    1.34491909e+00 5.83064198e-01 -2.55253255e-01 1.49024677e+00
    6.99855864e-01 -5.17744422e-02 -2.10443407e-01 8.60401034e-01
    -5.07528186e-02 4.12774861e-01 1.34631038e+00 1.49847305e+00
    2.98457861e-01 7.75014162e-01 1.39457214e+00 1.28805494e+00
    1.36060095e+00 5.44652104e-01 -5.42961001e-01 1.36902189e+00
    1.79987729e-01 1.19289696e-01 1.09701729e+00 1.53064728e+00
    2.60964990e-01 3.89221400e-01 8.83930624e-01 5.44890046e-01
    4.60821688e-01 8.06208491e-01 -2.06409603e-01 5.96064091e-01
    7.56097674e-01 -5.30528426e-02 1.14404511e+00 1.27102941e-01
    1.04491222e+00 -6.23794496e-02 1.40577650e+00 6.54920220e-01
    -1.16584122e-01 7.15913653e-01 1.34545565e+00 -1.99910790e-01
    1.01260746e+00 -3.32503945e-01 -4.88781124e-01 1.43246126e+00
    2.58595169e-01 1.20875478e+00 -2.37503707e-01 -2.30047464e-01
    4.69268262e-01 -9.56294239e-02 5.50906301e-01 1.28614187e+00
    1.52012026e+00 -5.69230914e-02 -6.12695813e-02 7.98786163e-01
    -1.52354240e-02 4.41712141e-02 6.43576205e-01 1.46268034e+00
    1.01782274e+00 -4.51905698e-01 1.00371861e+00 1.21122551e+00
    1.20647788e+00 1.25036418e+00 6.43266559e-01 1.51593029e+00
    -2.57320315e-01 4.82734859e-01 1.18804312e+00 -2.50220716e-01
    7.91117370e-01 1.43041146e+00 1.88798249e-01 9.84158218e-01
    -2.84622312e-02 -8.10271502e-02 -1.31995380e-02 -1.10864758e-01
    -1.96948051e-02 -2.32532963e-01 1.43882549e+00 -1.19102806e-01
    3.72494578e-01 3.25559020e-01 5.99966347e-01 3.73428732e-01
    1.02550995e+00 6.95710778e-01 3.09006751e-01 2.15983033e-01
    8.51146698e-01 5.74642241e-01 -8.40287805e-02 1.08122337e+00
    7.30600595e-01 -2.14488119e-01 9.65360105e-01 1.33104372e+00
    1.18328524e+00 -2.56806314e-02 7.59805083e-01 -4.21096563e-01
    1.08451128e+00 -4.73928183e-01 1.05325341e+00 6.65278137e-02
    -3.84099603e-01 6.41231358e-01 1.14333963e+00 2.52974629e-01
    1.70863271e-02 8.93358946e-01 1.24362886e-01 2.40883768e-01
    1.20331883e-01 1.47214139e+00 2.23515332e-02 9.90353823e-01
    8.32426548e-02 3.68792534e-01 1.21739340e+00 1.39936090e+00
    -9.83746350e-02 6.73396230e-01 9.46140110e-01 6.36506140e-01
    5.93115687e-01 1.13985205e+00 8.61037791e-01 7.96277463e-01
    3.95360172e-01 7.51009583e-02 9.24207807e-01 1.22326910e-01
    5.09408832e-01 1.27194715e+00 4.30322051e-01 4.33817685e-01
    1.49136734e+00 -1.63726002e-01 1.11515939e-01 1.50877190e+00
    -1.88433349e-01 3.47577691e-01 1.18804049e+00 -2.71559179e-01
    4.90818977e-01 8.22072506e-01 1.02307224e+00 -5.04499197e-01
    1.34554815e+00 1.82064354e-01 1.03732681e+00 5.54151356e-01
    7.67597556e-02 6.88695133e-01 -3.43244195e-01 -7.90970623e-02
    7.60194302e-01 6.08839929e-01 6.06814981e-01 -3.29279900e-01
    -4.49585915e-01 -3.44794035e-01 5.09850919e-01 -4.38921630e-01
    4.26588416e-01 9.65975583e-01 1.47227478e+00 5.98703384e-01
    6.19353950e-02 -1.57293051e-01 8.46133709e-01 1.01049185e+00
    1.22860038e+00 9.85959172e-02 4.71715808e-01 1.01793313e+00
    -4.52959836e-01 3.53165030e-01 -1.67046100e-01 5.47745347e-01
    4.16703343e-01 8.84826183e-02 6.60743058e-01 6.25030160e-01
    3.34546030e-01 6.43036008e-01 4.10814345e-01 1.16785085e+00
    -2.19484210e-01 1.35565412e+00 -3.66722226e-01 3.61809671e-01
    3.66645277e-01 1.42197371e+00 -2.88997054e-01 6.67117774e-01
    1.02349639e+00 -2.88504362e-03 6.63723767e-01 1.14755535e+00
    3.23521912e-01 8.74214232e-01 9.81080055e-01 1.39526963e+00
    8.04170728e-01 8.59468281e-01 2.85000801e-01 1.38150072e+00
    -1.73385978e-01 -4.02308583e-01 8.49345326e-02 1.45489186e-01
    8.75476241e-01 5.63203096e-01 1.53495121e+00 -7.38573074e-03
    4.39531207e-02 4.25024509e-01 1.47613096e+00 -3.84592921e-01
    1.02963221e+00 1.31274676e+00 5.78225493e-01 -2.56965399e-01
    7.23434091e-01 6.11223876e-02 -2.86393523e-01 1.13788760e+00
    7.88196027e-01 8.20855618e-01 7.74900615e-01 4.46191370e-01
    1.00768161e+00 6.06513381e-01 2.30191916e-01 -7.96769261e-02
    6.55781627e-01 1.05829954e+00 2.89606005e-01 1.02314043e+00
    1.00526392e-01 8.44947278e-01 1.00714755e+00 8.67472410e-01
    -4.45708811e-01 5.06517112e-01 1.40059781e+00 1.15355408e+00
    -1.85828358e-01 1.53306651e+00 1.73778921e-01 4.67934310e-01
    1.53668880e+00 -1.36606514e-01 9.18537498e-01 6.39326870e-01
    1.10009611e+00 8.43000829e-01 -2.23468721e-01 -4.75552082e-01
    8.86123896e-01 2.30848908e-01 1.02355695e+00 -5.14233887e-01
    1.09436011e+00 8.16165268e-01 -2.53605843e-03 -4.55665141e-01
    -1.45248801e-01 1.34381390e+00 1.47900212e+00 -5.00693262e-01
    -3.85710299e-01 -4.78225142e-01 1.68085694e-01 4.51082587e-02
    1.21075368e+00 6.96743011e-01 1.46695423e+00 -1.02155238e-01
    7.47888744e-01 -6.71963990e-02 4.13657367e-01 -3.53478312e-01
    -5.75062931e-02 9.41958189e-01 -4.23570275e-02 3.73447239e-01
    1.28084451e-01 -2.89872408e-01 3.95995378e-01 4.91408110e-02
    5.80849051e-02 4.47535872e-01 3.63302886e-01 -4.70587522e-01
    3.36473644e-01 1.51276255e+00 -2.46178091e-01 1.31953454e+00
    1.28743505e+00 6.04581714e-01 3.20448160e-01 1.08548236e+00
    2.84171939e-01 5.83792150e-01 -3.93387079e-01 9.15237963e-02
    1.05504704e+00 7.99148560e-01 8.23456645e-01 -3.08431983e-02
    1.36470973e-01 -4.03364480e-01 6.19649053e-01 1.47185636e+00
    -2.71664411e-01 1.24616468e+00 1.44541335e+00 4.32105482e-01
    4.90391254e-02 8.19886208e-01 -3.08153212e-01 -2.69439816e-01
    1.05860579e+00 2.21030831e-01 7.03696609e-01 1.06116128e+00
    2.74104148e-01 1.30950439e+00 -2.44871333e-01 3.66872251e-01
    1.96749151e-01 5.03371239e-01 6.63911283e-01 -6.89236224e-02
    -3.24574471e-01 1.28143883e+00 9.57659602e-01 1.73256844e-01
    -4.35028434e-01 9.84407246e-01 -2.84813464e-01 -9.62324142e-02
    1.16472745e+00 -4.73196089e-01 1.23242056e+00 8.16538095e-01
    -4.60232764e-01 9.52640474e-01 6.10628128e-01 1.44444644e+00
    -1.02488905e-01 2.00818419e-01 5.09017825e-01 -2.55054563e-01
    1.46569264e+00 2.67704666e-01 1.51573873e+00 6.54214263e-01
    1.00871801e-01 8.06839645e-01 -5.74687183e-01 8.19590092e-02
    7.62645662e-01 -1.77042216e-01 2.56752431e-01 -1.60627812e-01
    -4.11279112e-01 4.04663920e-01 2.67437100e-01 7.30717182e-02
    1.93986297e-02 2.66306043e-01 1.14075232e+00 1.27109504e+00
    -4.16112661e-01 2.21125722e-01 -6.95180297e-02 1.38315392e+00
    8.79227519e-02 5.50385535e-01 7.09069371e-02 2.32150197e-01
    7.75012374e-01 4.93474603e-02 5.10600507e-01 6.60385787e-01
    -1.02920175e-01 -2.43124127e-01 8.21738899e-01 -1.26797736e-01
    5.00227571e-01 6.81157887e-01 -3.01843107e-01 6.23322427e-01
    1.12838387e-01 1.08320999e+00 4.46555138e-01 2.28761494e-01
    3.75002056e-01 8.15628588e-01 7.55305111e-01 1.28805077e+00
    1.00518203e+00 -3.71541291e-01 1.43071735e+00 -3.03361773e-01
    1.22476482e+00 1.18336451e+00 1.02455115e+00 9.60392714e-01
    1.15657389e-01 -1.40078366e-01 1.14701569e-01 4.87228811e-01
    4.64930058e-01 7.29873776e-01 2.28869915e-03 1.21238959e+00
    5.52532971e-01 9.32736218e-01 4.08260584e-01 1.40268719e+00
    5.51733613e-01 -3.48255575e-01 1.14482522e-01 4.49402809e-01
    2.17330158e-01 9.46426809e-01 1.10634339e+00 5.42723298e-01
    1.03322196e+00 7.73866534e-01 4.10980135e-01 -3.16250920e-01
    -2.15890169e-01 8.47099423e-01 1.20207345e+00 -3.64348590e-02
    3.27665687e-01 9.83061373e-01 1.41779232e+00 1.08979273e+00
    8.39039385e-01 5.82653284e-03 -4.40911800e-01 4.03678715e-01
    -3.52300107e-01 1.16945732e+00 -4.90723550e-01 1.33876491e+00
    1.16887808e+00 -1.56308889e-01 6.96113110e-02 1.16740870e+00
    7.50966311e-01 -3.36218178e-01 -4.37119693e-01 2.85603404e-02
    -2.83033848e-02 7.92918742e-01 1.83914781e-01 1.02225327e+00
    3.42578292e-01 8.16111803e-01 8.71977150e-01 6.97933853e-01
    1.05383193e+00 7.81918705e-01 4.19381738e-01 2.49805450e-01
    1.43004441e+00 2.17315763e-01 1.40309191e+00 -4.57347631e-01
    1.24377108e+00 -5.12342751e-02 2.46844709e-01 8.45814228e-01
    5.01793265e-01 -4.04988766e-01 3.73870701e-01 -3.78684908e-01
    8.39118242e-01 1.02428770e+00 -1.99237347e-01 1.06721401e-01
    -3.48244846e-01 4.87534195e-01 3.87668282e-01 -1.13933384e-01
    7.99123883e-01 6.36025369e-02 1.31441343e+00 -3.12793672e-01
    -3.75580549e-01 9.39189017e-01 1.10461187e+00 5.21990657e-01
    1.28857648e+00 1.44609630e+00 1.91817969e-01 -3.49376142e-01
    -3.96978170e-01 3.95998716e-01 1.68275452e+00 4.72632319e-01
    1.23715925e+00 1.29085577e+00 -2.91611314e-01 7.98261881e-01
    -2.37315759e-01 8.64217281e-01 1.59917974e+00 6.17906630e-01
    5.43694496e-01 5.55364609e-01 -2.05954909e-02 -7.25011528e-02
    7.96025753e-01 2.78211296e-01 1.09076023e+00 5.55608988e-01
    1.69458032e-01 2.15710372e-01 1.54847455e+00 1.58608627e+00
    8.21876884e-01 1.86250091e-01 1.52995110e-01 1.49888217e+00
    -1.90054625e-01 2.31269896e-01 -4.15739387e-01 1.13758111e+00
    8.65370989e-01 8.49384189e-01 4.11776453e-01 1.92783982e-01
    7.10425854e-01 -1.88071579e-01 9.13520038e-01 1.14057457e+00
    1.25104368e-01 1.18146145e+00 5.52008748e-01 1.38669074e+00
    1.63301015e+00 1.33397734e+00 -2.66825199e-01 1.54134178e+00
    -2.99586058e-01 1.43199420e+00 9.00965452e-01 -1.68984830e-02
    4.98346776e-01 3.03593606e-01 -3.54032218e-02 -6.13468885e-03
    -2.16788292e-01 1.07985854e-01 1.10592914e+00 1.22912920e+00
    6.84798002e-01 2.33759463e-01 1.47781062e+00 6.60712421e-02
    4.96818721e-02 1.52951741e+00 1.20022440e+00 2.92531252e-01
    3.21882039e-01 -3.42203736e-01 3.50385845e-01 1.06156468e+00
    -3.51296782e-01 1.12587559e+00 -1.94137990e-01 8.59545946e-01
    1.32061124e+00 6.20697737e-01 1.28707290e-01 1.13787198e+00
    1.25277543e+00 6.74960017e-01 -2.44992122e-01 3.04080665e-01
    9.05641913e-03 9.99072134e-01 1.33670139e+00 1.33048803e-01
    1.29736006e+00 -1.09755933e-01 -2.83960521e-01 2.57590503e-01
    1.11634016e+00 1.07541156e+00 1.58191419e+00 4.99837875e-01
    1.08492875e+00 1.34289670e+00 3.83988529e-01 1.17729282e+00
    2.60999382e-01 3.76755297e-02 1.60090709e+00 -2.47795284e-01
    -4.04940844e-01 -1.18221536e-01 8.88610125e-01 1.40989232e+00
    1.19051635e-02 9.86556709e-01 1.71971023e-02 5.86399376e-01
    1.66494048e+00 1.37804389e-01 8.94240260e-01 1.55010128e+00
    1.40067089e+00 3.93097579e-01 1.51196885e+00 1.15567994e+00
    1.50669599e+00 -3.36974084e-01 8.72639060e-01 1.36014986e+00
    1.26877332e+00 -2.57287800e-01 1.02278531e+00 3.42530191e-01
    3.16845357e-01 9.08322990e-01 -3.80490959e-01 1.16578889e+00
    1.54055524e+00 5.74930191e-01 6.18635356e-01 1.05902410e+00
    1.07931942e-01 8.64607573e-01 1.15466261e+00 1.27988398e-01
    -3.67601514e-02 1.46098709e+00 8.64770889e-01 -3.23848307e-01
    4.26315039e-01 4.74782825e-01 1.89902335e-01 6.52744651e-01
    1.24440062e+00 1.08304226e+00 1.11516583e+00 -2.03218520e-01
    -3.89374852e-01 6.49752021e-01 -2.90932059e-01 3.56583327e-01
    1.15763068e-01 2.31257349e-01 4.44407612e-01 7.41530776e-01
    1.08186007e+00 8.62892091e-01 3.93139541e-01 1.56843579e+00
    1.18616486e+00 3.40024084e-01 4.34987754e-01 4.29252565e-01
    4.66578305e-02 1.47257376e+00 1.52780783e+00 -2.43650466e-01
    8.85961771e-01 1.63322031e-01 7.99656987e-01 9.53770936e-01
    2.80436218e-01 -3.76304746e-01 -7.05403686e-02 1.06989539e+00
    7.94358850e-01 1.20900583e+00 4.89470840e-01 3.03961486e-01
    1.64260888e+00 8.90113711e-02 -2.45679975e-01 3.47023249e-01
    -1.15261741e-01 -2.30608761e-01 -2.08960503e-01 7.06529498e-01
    1.09944618e+00 1.19681096e+00 8.09992015e-01 -1.32284880e-01
    1.00540519e+00 1.57796550e+00 5.96685410e-01 6.66776419e-01
    -3.69888484e-01 1.19881558e+00 -1.00055546e-01 8.37566018e-01
    -2.85764247e-01 1.15245771e+00 1.16989231e+00 1.23142576e+00
    2.26767659e-01 9.05321538e-02 -3.23695749e-01 8.85631859e-01
    3.27868044e-01 1.03964359e-01 6.79774046e-01 9.78464544e-01
    -3.92468333e-01 6.50537372e-01 -3.25798303e-01 4.41744357e-01
    1.33407092e+00 -4.21740949e-01 -2.18594417e-01 5.60508370e-01
    1.03262210e+00 7.78488517e-01 1.03154868e-01 -8.25142264e-02
    5.97673655e-02 -4.17532325e-02 -2.43315250e-01 3.18576604e-01
    1.65573370e+00 1.18956017e+00 -2.50404716e-01 6.29975796e-01
    4.27152127e-01 1.41132832e+00 8.33110332e-01 1.30377853e+00
    1.49519408e+00 -3.64260316e-01 1.55826426e+00 2.23360777e-01
    5.50298393e-01 -3.00273806e-01 -5.14293611e-02 2.83534765e-01
    1.03706288e+00 3.64852816e-01 -5.09973764e-02 -2.85330236e-01
    4.89962041e-01 1.60597992e+00 2.40859240e-01 -4.02067602e-02
    -5.99229336e-02 1.00861120e+00 -1.51352316e-01 9.55652714e-01
    1.76110435e+00 9.75454926e-01 2.84251928e-01 9.65640604e-01
    -1.10517263e-01 8.13307583e-01 3.62831354e-02 1.44127929e+00
    6.69959664e-01 8.29345107e-01 -2.31216744e-01 4.91401762e-01
    1.46797180e+00 3.38441670e-01 8.01986098e-01 1.39696074e+00
    1.42044377e+00 1.84943676e-01 4.32493985e-02 -1.21603608e-01
    8.28171790e-01 1.74741483e+00 3.78501296e-01 1.69617522e+00
    5.07393479e-01 1.16129279e+00 9.06504869e-01 1.50731528e+00
    1.46155286e+00 3.01753670e-01 9.70924258e-01 5.44880331e-01
    -1.31928280e-01 1.24815106e-02 1.03017223e+00 2.89598674e-01
    1.07042754e+00 1.35606217e+00 -2.42350012e-01 -7.06603229e-02
    1.27679753e+00 8.96683037e-01 1.23358870e+00 1.09987104e+00
    -2.82748312e-01 8.23882818e-01 1.71396565e+00 8.44353437e-01
    -3.31747055e-01 9.90881741e-01 1.49604380e+00 1.00924265e+00
    1.34077621e+00 8.25341463e-01 1.57433534e+00 1.01641583e+00
    -2.41530865e-01 2.09376365e-01 7.06130862e-01 1.45888364e+00
    2.02780128e-01 1.51133621e+00 2.27556914e-01 5.20430624e-01
    1.03630149e+00 7.56143212e-01 7.73057818e-01 2.34197974e-01
    6.77708507e-01 2.97643661e-01 6.78859830e-01 5.03553987e-01
    1.74877024e+00 5.55324554e-02 1.24868393e-01 7.18503475e-01
    1.07404149e+00 9.33291554e-01 -9.44633484e-02 1.20981097e+00
    2.34467357e-01 -9.48686749e-02 1.53929639e+00 -2.02758491e-01
    1.97761953e-01 1.22528076e-02 -6.96501136e-03 1.78219700e+00
    2.86804855e-01 9.41473365e-01 1.07493436e+00 2.43813306e-01
    1.27887297e+00 1.69469208e-01 1.51129782e-01 7.97232926e-01
    -2.19596341e-01 9.69700933e-01 1.14338565e+00 -1.40041381e-01
    6.00183547e-01 1.77549273e-01 1.49861848e+00 1.12043643e+00
    6.03851855e-01 6.53256953e-01 -1.55525506e-02 -4.77197766e-03
    1.26272178e+00 2.49495775e-01 -5.89756370e-02 1.66821837e+00
    1.27651870e+00 1.44114649e+00 -2.82686472e-01 1.07163525e+00
    1.75586402e-01 1.67817736e+00 9.83847976e-02 8.04657340e-01
    7.34395504e-01 5.84898114e-01 1.53627360e+00 4.86997873e-01
    9.92212772e-01 8.74015212e-01 1.03481269e+00 7.50968397e-01
    1.10987878e+00 1.61681998e+00 6.52006507e-01 1.71053147e+00
    3.33664805e-01 7.09231496e-01 -2.35572055e-01 1.73272133e+00
    5.55295348e-01 1.18593550e+00 1.62294924e+00 1.10031748e+00
    6.39486551e-01 1.17566657e+00 1.07347786e+00 1.04184675e+00
    1.40221322e+00 2.19037861e-01 9.00549054e-01 9.18970168e-01
    2.23929942e-01 6.03143990e-01 1.06241429e+00 3.68492067e-01
    1.07486880e+00 1.02311981e+00 4.02849704e-01 1.14862275e+00
    1.27879870e+00 -3.04214299e-01 5.83634734e-01 8.58384490e-01
    1.01688242e+00 4.81618196e-01 -5.01530617e-02 1.59895968e+00
    1.12041962e+00 4.14124817e-01 1.70809031e-01 8.65541101e-01
    2.29648978e-01 -1.32975832e-01 1.09345746e+00 7.13566780e-01
    8.38206410e-01 6.86998904e-01 1.98077947e-01 1.61113751e+00
    1.58797514e+00 6.14472449e-01 7.33353078e-01 6.82701945e-01
    8.24128568e-01 1.49092305e+00 -8.76177996e-02 8.47741902e-01
    3.15815210e-04 -9.59553495e-02 1.79367042e+00 7.42349327e-01
    4.74220514e-03 -7.44583160e-02 -2.32164949e-01 9.41536725e-01
    8.06100428e-01 7.97004819e-01 1.25483108e+00 -2.96169341e-01
    1.35802877e+00 1.59084821e+00 1.11909127e+00 9.97050285e-01
    1.50165462e+00 1.42334056e+00 1.56345618e+00 9.81368661e-01
    9.23045754e-01 9.91549015e-01 1.51169252e+00 4.82821941e-01
    1.36004686e-01 1.11914051e+00 1.23085535e+00 1.62469006e+00
    1.56602728e+00 -3.10842752e-01 1.66670120e+00 8.47788572e-01
    1.16597474e+00 1.32681346e+00 8.43614936e-01 9.50022042e-02
    -9.95910317e-02 5.61551809e-01 1.42710745e+00 9.96356130e-01
    1.54455647e-01 1.38343140e-01 1.19048059e+00 8.53320956e-02
    1.69278240e+00 1.01778817e+00 5.82198739e-01 -2.03201279e-01
    8.91567111e-01 -4.75423038e-02 -1.95387736e-01 5.54288387e-01
    1.71547925e+00 -2.80885041e-01 3.08728695e-01 1.34190559e+00
    6.35566533e-01 4.21274006e-01 1.91727534e-01 6.25242174e-01
    3.76872391e-01 8.03533912e-01 1.42173755e+00 8.46804261e-01
    6.90911710e-01 9.06472206e-01 4.82284099e-01 5.98257184e-01
    -1.12452105e-01 1.30301937e-01 1.15207529e+00 1.85036197e-01</data></my_img>
<your_img type_id="opencv-matrix">
  <rows>128</rows>
  <cols>256</cols>
  <dt>f</dt>
  <data>
    1.78946853e-01 1.46426499e-01 2.03982264e-01 -4.12350595e-02
    4.35270697e-01 5.74625194e-01 3.46159816e-01 5.53575277e-01
    3.34572464e-01 2.33826458e-01 4.34539139e-01 8.06314349e-02
    2.40180045e-01 2.86173403e-01 6.47006929e-02 3.75352025e-01
    7.08024204e-02 -2.08308250e-01 2.49701917e-01 5.96989274e-01
    -7.56547153e-02 -1.35754049e-02 -2.50287026e-01 -3.06698471e-01
    5.11987805e-01 4.56438422e-01 -3.45595002e-01 1.51476443e-01
    -2.25995392e-01 1.34897470e-01 -4.26242054e-02 4.39178497e-01
    -1.52111411e-01 5.72564006e-01 6.78867102e-02 -1.64683461e-02
    5.24250746e-01 3.05096149e-01 5.60082138e-01 2.41671562e-01
    3.18104327e-01 4.15165305e-01 5.94415307e-01 -1.23397619e-01
    -8.23639929e-02 5.63831210e-01 -2.91144788e-01 4.54964340e-01
    5.16862750e-01 -2.20035583e-01 -7.39956498e-02 3.54054868e-02
    6.65099382e-01 1.01218641e-01 -2.09258646e-01 -1.50511831e-01
    2.03601897e-01 -3.05611312e-01 6.70726538e-01 4.42679107e-01
    -2.45543242e-01 5.07748246e-01 4.19618994e-01 6.29257321e-01
    -1.08719498e-01 -1.65683627e-01 4.27149087e-01 2.22182631e-01
    -3.35184187e-02 1.41544580e-01 1.26297474e-02 5.72397709e-01
    3.38570207e-01 3.00232083e-01 -4.25243974e-02 4.79281962e-01
    5.09994209e-01 4.70716596e-01 -2.62522727e-01 -1.21231258e-01
    5.05662501e-01 4.62983340e-01 1.00628495e-01 1.04909033e-01
    -1.30328834e-02 3.86028916e-01 3.74996603e-01 -1.77733541e-01
    1.48824215e-01 -2.54066229e-01 -3.24439228e-01 6.19566560e-01
    1.34811819e-01 -1.91500634e-01 -8.11218917e-02 5.46053410e-01
    4.78411943e-01 2.77020931e-01 4.63883460e-01 1.58136338e-01
    2.34055221e-02 1.24226838e-01 -1.36430144e-01 -1.67369753e-01
    9.30081308e-02 1.64027244e-01 -1.68023497e-01 5.53336442e-02
    4.69689995e-01 6.80971861e-01 4.50539798e-01 -1.28497154e-01
    3.05407882e-01 -2.60146052e-01 6.15043044e-01 4.19439524e-01
    1.29358321e-01 5.42615771e-01 5.93870997e-01 1.18726909e-01
    -1.87594384e-01 1.36677518e-01 -7.66018778e-02 3.60462368e-02
    4.08754945e-01 2.33822048e-01 -2.91219652e-02 -3.94081175e-02
    4.39135730e-01 -3.10673207e-01 4.90671545e-01 -1.25487804e-01
    1.29243672e-01 -7.00353682e-02 4.29059178e-01 -5.56334853e-02
    -1.69648558e-01 1.92429319e-01 -2.99620330e-02 -2.54351735e-01
    3.82839471e-01 2.36438543e-01 3.65826607e-01 3.99153531e-01
    2.13779062e-01 3.38702917e-01 -2.02319771e-01 -7.41766989e-02
    1.30451977e-01 1.59084797e-02 3.14506203e-01 9.94293690e-02
    -9.67693329e-03 6.08786166e-01 4.52364028e-01 -9.40124691e-02
    6.71720445e-01 2.21265823e-01 -1.87392861e-01 6.81341827e-01
    -1.28604889e-01 5.73185682e-01 7.32419193e-02 2.50825703e-01
    -1.73730195e-01 -2.42243141e-01 2.99913406e-01 -1.88160866e-01
    6.30547822e-01 -1.81508332e-01 2.26965904e-01 2.51785696e-01
    -1.82564527e-01 -1.74924105e-01 6.72357678e-02 -2.04374850e-01
    1.68360502e-01 1.86966658e-02 -2.02335209e-01 6.12481952e-01
    3.35393399e-01 5.93718171e-01 5.85902929e-01 7.98706114e-02
    4.47076678e-01 4.89171058e-01 8.18026066e-02 5.04262209e-01
    1.69906974e-01 5.91843009e-01 -7.72866011e-02 4.34232026e-01
    2.19782412e-01 2.59212673e-01 1.99806184e-01 2.92711079e-01
    4.23294604e-02 6.06747031e-01 8.96749496e-02 8.42639506e-02
    3.96575660e-01 2.88748860e-01 4.24773633e-01 3.98070067e-01
    -1.01497382e-01 2.79279500e-01 6.10056937e-01 6.00945055e-01
    4.29676443e-01 -2.51818717e-01 1.04237437e-01 5.90063155e-01
    1.08475178e-01 4.91216630e-01 6.56993568e-01 4.34411943e-01
    -1.00126445e-01 -2.24749118e-01 5.39666951e-01 1.64215416e-01
    1.68024719e-01 3.84635776e-01 -9.62235034e-02 -2.81244248e-01
    1.57008350e-01 1.91196769e-01 -3.91891599e-03 -4.60266173e-02
    -1.44231319e-03 4.03599918e-01 -2.31834799e-01 6.09743714e-01
    3.09728324e-01 -5.00014126e-02 5.30751944e-01 4.40305382e-01
    -3.55961859e-01 -2.16595531e-02 2.54141927e-01 -1.11023754e-01
    -3.81210744e-02 -2.31951773e-01 -8.53142440e-02 1.36826187e-01
    2.61790901e-01 7.10223615e-02 3.06545556e-01 2.40272731e-01
    -1.16089374e-01 2.27840275e-01 -2.46586949e-01 3.67345065e-01
    -2.06566244e-01 6.13726377e-02 -1.53889775e-01 2.14999571e-01
    9.42518413e-02 5.99988639e-01 6.44254684e-02 -4.46786702e-01
    1.57381505e-01 8.68699551e-02 -3.04886162e-01 3.27062666e-01
    -1.28118902e-01 -3.82665098e-01 -2.30763435e-01 1.37939811e-01
    3.32950592e-01 4.95537579e-01 7.74242878e-02 -5.46012521e-01
    2.79309332e-01 3.39049816e-01 -8.04632902e-04 3.08027267e-02
    -1.52482629e-01 2.82980382e-01 5.15929222e-01 2.56294966e-01
    5.17062545e-01 3.01106036e-01 4.79221165e-01 2.44737387e-01
    3.98676813e-01 1.60757363e-01 -6.59484863e-02 -2.22258657e-01
    4.65783745e-01 2.42444187e-01 -1.69148117e-01 6.60996437e-02
    6.92310035e-02 -2.53142715e-01 2.94529617e-01 -4.04304504e-01
    4.00955051e-01 4.35944110e-01 1.24737501e-01 -8.56480300e-02
    -1.69902116e-01 3.05655867e-01 6.09886885e-01 -9.98956263e-02
    -1.92027539e-01 2.97143459e-01 1.87618464e-01 2.03926504e-01
    -3.56093645e-02 -3.80750686e-01 3.13467383e-01 3.03568304e-01
    -3.44651461e-01 5.02338469e-01 -3.99974495e-01 -1.60990477e-01
    1.61845505e-01 3.20865214e-02 -2.58513272e-01 1.84692413e-01
    -1.33146286e-01 -2.72694826e-01 -1.43950224e-01 2.03389585e-01
    5.00332117e-02 3.36363256e-01 4.52259243e-01 3.25640917e-01
    -2.41241038e-01 -4.08602506e-01 -6.10189736e-02 -3.51660401e-01
    4.56889868e-02 1.19392186e-01 -3.21854115e-01 -2.83070117e-01
    1.40973836e-01 -1.88520551e-01 -9.22137201e-02 -1.98092520e-01
    3.71083379e-01 2.28801429e-01 1.50940835e-01 2.12822139e-01
    5.10716856e-01 -1.14831805e-01 2.43671864e-01 -1.37630105e-02
    -1.23857588e-01 -3.21392834e-01 2.47020960e-01 5.17882109e-01
    -3.26048970e-01 -9.76607502e-02 2.54630744e-02 5.37186146e-01
    -1.75011694e-01 2.91100562e-01 6.59543872e-02 -2.09289223e-01
    2.67912596e-01 2.69097865e-01 2.49430835e-01 -2.17790782e-01
    -1.45174623e-01 5.02804041e-01 -2.13555366e-01 1.92950189e-01
    -1.59921706e-01 -2.30061859e-01 -1.25559628e-01 -7.06468225e-02
    1.61261261e-01 5.01865387e-01 -3.83433521e-01 -3.57249826e-01
    -2.03370005e-01 -1.22658223e-01 4.50247914e-01 3.42195749e-01
    1.89122975e-01 -4.21471298e-02 8.69928896e-02 1.54685408e-01
    3.15007687e-01 7.28487968e-02 1.88153952e-01 4.52373415e-01
    -2.32071042e-01 5.56019366e-01 -3.48387718e-01 9.14988220e-02
    5.09208143e-01 -1.77797675e-01 -2.65151083e-01 -1.82664752e-01
    8.73903036e-02 -3.33058447e-01 3.21967304e-02 -6.56559765e-02
    -9.61807668e-02 -1.36428595e-01 -2.60270745e-01 4.24373329e-01
    -7.48409927e-02 2.78441846e-01 -3.59012395e-01 2.50783563e-01
    2.22716868e-01 2.03514963e-01 -8.24209452e-02 -1.30425572e-01
    4.95637119e-01 -3.72265518e-01 -7.55426586e-02 1.51714504e-01
    -3.70579362e-02 4.10770535e-01 4.48447585e-01 3.86302084e-01
    -1.22870237e-01 8.01415145e-02 1.53321922e-01 -3.54053140e-01
    4.33679193e-01 7.54088163e-03 3.94550860e-01 8.83552432e-03
    2.94123054e-01 -9.03182924e-02 -7.82136619e-02 3.85530591e-02
    4.96334881e-01 3.77670467e-01 -3.42518836e-01 -2.69511670e-01
    -1.59759134e-01 -3.47881764e-01 3.79226506e-01 3.32772881e-01
    -4.44904268e-01 3.44919294e-01 -5.67934811e-02 2.82438695e-02
    4.33075815e-01 -3.51011157e-01 -2.31946141e-01 5.07805347e-01
    3.03890109e-02 -1.96454316e-01 -1.99035317e-01 2.35556990e-01
    3.65867823e-01 -5.62568903e-02 1.84753537e-01 -8.97586346e-04
    1.97905302e-01 -1.36692643e-01 -8.93722773e-02 1.73692912e-01
    1.48479044e-01 -4.50448513e-01 7.96582699e-02 2.59451240e-01
    -4.42614645e-01 2.09640533e-01 2.10961610e-01 -1.10319495e-01
    1.87544525e-02 -2.46987283e-01 -2.49212414e-01 -4.49848771e-02
    -3.28080833e-01 1.78879380e-01 -3.49919617e-01 -1.26262993e-01
    -8.56473148e-02 4.70727712e-01 4.07010555e-01 5.15814424e-02
    5.95104337e-01 2.90924519e-01 4.71281588e-01 2.08049983e-01
    -7.02034533e-02 5.50822020e-02 1.64074868e-01 2.42951632e-01
    -5.05652726e-02 -1.90352738e-01 2.00839490e-01 -2.28220463e-01
    1.56541914e-01 1.21208131e-01 1.57609612e-01 6.52747452e-02
    4.07674968e-01 -7.20165968e-02 2.63010204e-01 1.31357908e-01
    8.36492777e-02 4.19832796e-01 3.27265859e-02 3.22342634e-01
    1.78458095e-01 4.78593498e-01 -2.54994065e-01 1.13947988e-01
    5.25513768e-01 -3.41502726e-02 2.28950381e-02 7.17153788e-01
    4.24192548e-01 4.23924088e-01 -2.79156744e-01 -8.36322904e-02
    -4.17029679e-01 1.83239043e-01 -2.16459244e-01 1.96895242e-01
    3.46150994e-01 -1.52000785e-02 3.44351590e-01 -4.96092945e-01
    1.13005757e-01 3.00912142e-01 1.51355684e-01 -3.49434018e-02
    2.55341530e-01 -3.52154672e-01 -5.23308396e-01 3.60412717e-01
    -5.92728376e-01 2.86397874e-01 -1.61395729e-01 -3.28339756e-01
    -4.62666988e-01 2.25636363e-02 -2.00108171e-01 4.88861203e-02
    2.33845234e-01 -1.61044151e-01 -3.33614707e-01 2.27988660e-01
    3.97312820e-01 -2.53387928e-01 -2.80415714e-01 -1.91860080e-01
    1.72272742e-01 1.13113523e-02 1.82396412e-01 1.41842008e-01
    -4.81406748e-01 -2.56023914e-01 -3.20984006e-01 3.01116616e-01
    -4.59899306e-02 -3.87827486e-01 -2.73897946e-01 2.21348882e-01
    1.41298056e-01 -2.26481676e-01 4.44552600e-01 -1.10125452e-01
    -5.57286143e-02 -4.40649182e-01 4.96796787e-01 8.62942040e-02
    4.58267033e-01 2.64052391e-01 -3.25485170e-01 1.56695068e-01
    -3.39925289e-04 -1.76990628e-02 1.29610181e-01 4.37608302e-01
    5.58153987e-02 -1.38082981e-01 -2.56990224e-01 -1.64347738e-01
    -1.68920815e-01 -1.64789677e-01 -3.99725348e-01 1.55455768e-01
    4.16468322e-01 4.15553629e-01 -2.25427240e-01 2.22478211e-01
    2.55922616e-01 2.96204627e-01 -2.46369392e-01 -1.46990061e-01
    3.82527113e-01 1.53926015e-01 2.74052024e-02 1.22656703e-01
    1.47578835e-01 -4.26994085e-01 2.63095260e-01 -5.18203735e-01
    2.35920489e-01 2.24055350e-01 3.79204988e-01 4.45990711e-01
    -3.24078560e-01 -4.40170169e-02 1.66381270e-01 -1.98153615e-01
    2.88583636e-02 6.62937760e-02 4.51619565e-01 -4.58705217e-01
    -1.35081023e-01 -1.42015159e-01 -6.58126473e-02 1.79967046e-01
    3.23760033e-01 4.35412526e-01 -2.21849173e-01 -4.48266566e-02
    3.48301232e-02 -3.95894051e-04 -1.36596173e-01 -3.76474917e-01
    1.39503986e-01 3.66246879e-01 -1.19431823e-01 2.79637754e-01
    -3.08262825e-01 -5.64078987e-02 3.52142513e-01 3.86746109e-01
    -3.57819259e-01 6.93056583e-02 -2.34534293e-01 -2.49925435e-01
    -4.59485590e-01 1.79424286e-01 -2.52270877e-01 -4.69634771e-01
    4.08776045e-01 -5.08887172e-01 3.33481550e-01 3.86535883e-01
    -3.21415484e-01 3.31714451e-01 -4.40812260e-01 3.58914733e-02
    3.77052724e-02 -2.14021683e-01 2.67379880e-02 1.64392948e-01
    4.41450000e-01 4.04429376e-01 -2.02759445e-01 1.84233487e-01
    -1.50804460e-01 1.36760414e-01 7.96066821e-02 -2.19277918e-01
    4.20622796e-01 2.77374446e-01 -2.70966291e-01 3.38236094e-01
    -4.10971045e-02 1.36919498e-01 -4.74452317e-01 -4.75040972e-01
    2.84877211e-01 -1.37046069e-01 -2.47158170e-01 -1.56198621e-01
    3.75466764e-01 -9.82804596e-02 -4.99403268e-01 -1.16433620e-01
    4.36963856e-01 3.16614449e-01 -2.51394957e-01 -6.67595863e-03
    -4.55133498e-01 3.55641544e-02 2.18093693e-01 5.39338589e-02
    -3.65381241e-02 2.81105518e-01 3.28500062e-01 4.55317676e-01
    1.80235445e-01 3.51863354e-01 -1.10188037e-01 -2.58766055e-01
    -8.83167982e-02 -4.27960873e-01 -3.81000817e-01 -3.94212276e-01
    2.50642240e-01 1.35691941e-01 -5.20952582e-01 3.11216950e-01
    -2.93310255e-01 -1.69851482e-01 7.10554421e-02 6.78417385e-02
    -8.47529471e-02 -4.53241497e-01 -1.49532765e-01 3.32516670e-01
    -5.10546327e-01 1.50891602e-01 3.39248776e-01 -3.00895154e-01
    -2.76969641e-01 -3.76108259e-01 -1.88175648e-01 3.05424631e-01
    2.31654644e-01 -4.97365296e-01 3.37568164e-01 -1.41067713e-01
    -2.20303476e-01 3.23697209e-01 1.03881299e-01 -3.57124686e-01
    2.69367576e-01 1.03228807e-01 -4.28469419e-01 -5.91428280e-02
    1.93709135e-02 -1.59772635e-02 8.35196376e-02 -1.34949088e-02
    -2.48656511e-01 1.03590488e-02 -1.02918565e-01 -1.48212731e-01
    -4.09320742e-01 -1.10943913e-01 7.22887516e-02 1.39923155e-01
    -2.50801146e-01 -1.60492361e-02 -3.88976991e-01 -4.06109810e-01
    1.43639088e-01 2.42720544e-01 1.12238824e-01 3.36725056e-01
    -5.44142246e-01 3.50947738e-01 1.13811612e-01 -2.44866729e-01
    1.32197082e-01 -1.33947968e-01 -3.98018599e-01 -1.16835684e-01
    -2.32976228e-01 3.52668881e-01 -2.24312782e-01 -4.70384300e-01
    1.01401627e-01 -8.49257112e-02 4.60087061e-02 -1.24402225e-01
    5.42953610e-02 7.41685629e-02 -2.53381670e-01 4.50227082e-01
    1.33699656e-01 2.02665418e-01 -4.77862746e-01 -2.36029893e-01
    2.27180958e-01 -5.24274409e-02 3.83186936e-01 -2.97423810e-01
    -3.36610824e-01 -2.81741709e-01 3.78430486e-01 -4.53009218e-01
    -1.85612470e-01 -4.05396849e-01 -2.47436255e-01 2.20762730e-01
    3.08070302e-01 -1.48212433e-01 3.40738297e-01 1.27388060e-01
    -4.25845385e-02 -3.57419819e-01 -8.84099603e-02 9.13863778e-02
    1.91536248e-01 9.04113054e-03 -3.35022569e-01 -2.57771075e-01
    1.39305592e-02 2.51797259e-01 1.09488428e-01 -1.94845438e-01
    -6.71526194e-02 -1.35581046e-01 -6.40785694e-02 -2.99106538e-02
    1.58250570e-01 -1.21290863e-01 -1.31392419e-01 1.70982480e-02
    1.65182292e-01 -3.41167390e-01 2.22120732e-01 -6.40028715e-02
    -1.42725766e-01 -4.55576956e-01 -3.26104164e-01 -3.38061839e-01
    3.76572251e-01 -1.06879324e-01 5.45025468e-02 -1.68914557e-01
    4.73705530e-02 5.13851643e-02 -3.21507990e-01 1.07985139e-02
    1.54681146e-01 -2.31877714e-01 7.96367526e-02 -9.35804844e-02
    1.82946384e-01 -4.39367056e-01 -1.50552481e-01 2.46786416e-01
    2.21987307e-01 -9.74279642e-03 -2.40059853e-01 -3.76178473e-01
    1.66189790e-01 3.84736240e-01 8.61616731e-02 -5.13692856e-01
    -3.44692796e-01 4.34513330e-01 -3.94064695e-01 -5.78256249e-02
    -2.61628836e-01 4.03430223e-01 2.13726461e-01 -1.86686963e-01
    -3.26593220e-02 1.64091766e-01 -4.47124243e-01 3.57570946e-01
    -1.75313115e-01 2.12350368e-01 -2.84891725e-01 2.83186197e-01
    -1.28164232e-01 -4.02025312e-01 -5.04721582e-01 3.07973146e-01
    5.44571877e-03 -4.73358005e-01 2.75781810e-01 -2.51806974e-01
    -2.27509975e-01 1.97999537e-01 3.77624393e-01 -4.94636148e-01
    -3.54662657e-01 6.54219091e-02 -2.48474479e-02 3.49344611e-01
    4.20949638e-01 -2.47290462e-01 1.37755573e-01 -3.63695443e-01
    5.26916146e-01 -3.43263775e-01 7.93409646e-02 -1.28966928e-01
    3.31911743e-01 -1.72031283e-01 -2.12282538e-02 1.27660036e-01
    -4.51008379e-01 -1.53356791e-02 4.73564863e-01 -1.11861825e-01
    -5.01955271e-01 1.60164237e-01 4.41785276e-01 -3.56710017e-01
    -4.01017278e-01 4.27596033e-01 1.95807219e-01 -5.09411454e-01
    -3.51379573e-01 -1.06537879e-01 7.99301863e-02 -3.23921978e-01
    3.09838951e-01 1.25233978e-01 3.46849263e-02 -3.93588722e-01
    1.53941393e-01 1.15382373e-01 3.44548583e-01 -1.47956789e-01
    2.46982455e-01 4.81851697e-02 -5.44112682e-01 4.45030451e-01
    -2.43211508e-01 1.89550042e-01 3.70255828e-01 -3.73634219e-01
    -8.27718377e-02 -5.16574860e-01 -4.18545425e-01 -4.83961105e-01
    1.85295105e-01 -1.51322424e-01 2.06237733e-01 -8.96430016e-02
    3.30517024e-01 -1.10543877e-01 -3.03096414e-01 1.18553966e-01
    -3.34115744e-01 1.24929965e-01 -3.66173863e-01 3.77641857e-01
    -8.64803791e-03 1.42240524e-01 -2.08183944e-01 -2.61315465e-01
    3.01401615e-02 2.57491767e-01 -2.99402237e-01 -5.13297796e-01
    -7.20701814e-02 7.96936750e-02 -2.89939582e-01 -4.43630338e-01
    -2.82117575e-01 -3.19659978e-01 2.89694905e-01 -3.68417084e-01
    3.84397954e-01 3.71351212e-01 4.34002012e-01 -2.56899834e-01
    -4.47158396e-01 1.81401730e-01 1.00179493e-01 -2.17963576e-01
    -6.95941150e-02 -3.12857598e-01 -3.69198024e-02 2.15529263e-01
    -3.31381589e-01 1.33156776e-02 6.02479577e-02 -2.49440014e-01
    -3.58911365e-01 4.39443707e-01 3.06326747e-02 3.73375118e-01
    -3.20974171e-01 -2.19727874e-01 1.77318901e-01 -1.36074036e-01
    2.41060555e-01 4.39576328e-01 4.95861411e-01 -3.00160885e-01
    8.29041600e-02 1.25900626e-01 -5.81871271e-02 -1.78168654e-01
    1.73929155e-01 5.07227778e-02 -3.64182770e-01 2.94730663e-02
    4.13095772e-01 -3.01015288e-01 2.22096503e-01 -1.11339211e-01
    2.88420200e-01 -1.57748133e-01 1.92284703e-01 -4.16193008e-01
    1.87392443e-01 -4.45457727e-01 9.17798281e-02 -2.62950003e-01
    -4.18084592e-01 -1.64449304e-01 -2.30820775e-01 4.00384218e-01
    -3.49382073e-01 -6.70572519e-02 -1.95141554e-01 2.89778233e-01
    -3.31903785e-01 -1.41005367e-01 1.79791093e-01 1.61565065e-01
    1.28167093e-01 2.66282082e-01 3.99045646e-01 1.77314818e-01
    -1.33083135e-01 1.11665010e-01 9.47516561e-02 -2.94258952e-01
    -3.48020017e-01 3.32343161e-01 2.87681580e-01 1.17141426e-01
    5.72344065e-02 -3.70066524e-01 3.87485594e-01 -1.26966849e-01
    5.14514565e-01 4.75283265e-01 1.62995160e-01 4.29090381e-01
    -7.74663985e-02 1.88949466e-01 2.58325905e-01 -2.37674654e-01
    -5.10637164e-01 1.33261681e-01 -2.50532836e-01 1.54377699e-01
    -4.75216329e-01 3.08881104e-01 3.13258052e-01 2.66716123e-01
    1.35440886e-01 -3.22839856e-01 3.87418568e-01 2.28221059e-01
    -4.31529850e-01 3.48812640e-01 4.28183496e-01 -4.09785390e-01
    -3.37913960e-01 4.59139764e-01 2.12571919e-01 -4.84350890e-01
    7.81872272e-02 1.19877338e-01 -1.42057866e-01 -5.55611849e-02
    3.01072776e-01 -4.14957404e-01 -7.30961561e-02 9.45852101e-02
    4.24188912e-01 -5.31910777e-01 -1.57073736e-02 4.16907459e-01
    -3.06848586e-02 -4.53027308e-01 3.08532417e-01 -4.04521525e-02
    -4.02976662e-01 -1.42423362e-01 6.87851906e-02 1.38496041e-01
    -2.78381109e-02 -2.91462541e-01 -2.83204347e-01 1.58791959e-01
    -5.63340068e-01 -1.96511090e-01 2.89605021e-01 1.42081618e-01
    -5.38096666e-01 -4.04782593e-01 9.70200300e-02 2.42822170e-01
    -5.14071286e-01 -1.24912053e-01 -2.18340695e-01 1.57034039e-01
    -5.88395357e-01 2.19436646e-01 -4.54505920e-01 1.44592464e-01
    -4.51064795e-01 -1.84653550e-01 -1.18380725e-01 -2.56701112e-02
    -1.18153691e-02 -1.35929525e-01 4.40485835e-01 -5.54181755e-01
    1.82611585e-01 -3.84137779e-01 -2.21706480e-01 3.80253136e-01
    -1.23841345e-01 -3.80789518e-01 2.89105058e-01 3.01824152e-01
    3.78274083e-01 5.53246737e-02 -2.18350887e-02 1.95527911e-01
    -2.75419474e-01 -1.15780950e-01 3.76504362e-01 3.81237864e-02
    -6.13102317e-02 -4.28584397e-01 -9.75208879e-02 1.74509645e-01
    -5.21557570e-01 4.64068651e-02 -5.06624699e-01 -6.04056537e-01
    3.56437862e-01 2.09541321e-02 -1.25529468e-01 -4.78322238e-01
    -1.64688230e-02 -5.01586616e-01 -6.68648481e-02 3.55387330e-01
    -3.92696530e-01 -2.29803473e-01 -1.80064678e-01 -8.29029381e-02
    -3.09731483e-01 2.36274123e-01 -2.47781336e-01 -3.95633012e-01
    -4.34739441e-01 -3.18540722e-01 4.72081244e-01 -3.80329520e-01
    9.76897478e-02 2.73578882e-01 2.69132853e-01 -3.43988955e-01
    3.90003979e-01 3.97432327e-01 2.25212574e-02 -4.60134745e-02
    3.98406386e-01 2.12486565e-01 1.90627635e-01 -3.51179808e-01
    -2.99495965e-01 1.33447140e-01 -2.36643374e-01 -6.17932379e-02
    1.79986864e-01 4.82228994e-02 -5.43600082e-01 3.72783303e-01
    -1.53181523e-01 -8.23580027e-02 -4.18117344e-01 2.48653293e-02
    8.62005353e-02 -5.94940543e-01 1.12469494e-01 3.23653936e-01
    -2.09710538e-01 2.47798026e-01 -4.26015645e-01 2.83215404e-01
    9.15570855e-02 3.92257690e-01 4.48992908e-01 -4.00973648e-01
    -3.77399236e-01 1.66779727e-01 -2.89742053e-01 -8.69309008e-02
    8.94778967e-03 1.29294038e-01 -3.53712112e-01 -1.59132063e-01
    -1.30335867e-01 -2.81311333e-01 1.95215464e-01 8.35842490e-02
    -2.22513974e-01 -4.24789071e-01 -1.03449434e-01 2.93443382e-01
    2.25606620e-01 1.21010303e-01 -4.12750840e-02 -3.73688757e-01
    -2.85559207e-01 2.33927488e-01 -6.22190237e-02 9.16966200e-02
    2.56126642e-01 -2.76507348e-01 -3.32630068e-01 -2.90256023e-01
    9.31572318e-02 1.67042255e-01 -7.90975690e-02 -4.01472449e-02
    -8.89372230e-02 -1.01306796e-01 -1.46450222e-01 2.04304963e-01
    -4.26119775e-01 -1.86620355e-01 -9.24687386e-02 2.96197772e-01
    3.40799630e-01 -4.26456720e-01 -4.62381065e-01 -3.22108835e-01
    1.68803722e-01 3.15498710e-02 3.82622689e-01 -4.73668605e-01
    -4.89365578e-01 -4.28261548e-01 -2.68380374e-01 -3.29128563e-01
    -1.44101679e-01 2.40395814e-01 -5.72946608e-01 1.79970562e-01
    1.92781687e-02 2.41878569e-01 2.10654259e-01 1.70541167e-01
    3.89884412e-01 -3.78115147e-01 1.86067760e-01 1.05412662e-01
    2.08711326e-01 4.05821204e-01 -4.26508725e-01 2.29105055e-02
    2.50371993e-02 -1.92543089e-01 -2.29565203e-02 5.50371230e-01
    1.56782448e-01 -7.91630149e-02 2.12109983e-02 3.53714764e-01
    2.76269555e-01 3.56449544e-01 -1.78264469e-01 -4.73752022e-01
    6.17927909e-02 2.61920333e-01 2.50966012e-01 -5.72758734e-01
    -7.44474530e-02 -5.56184709e-01 4.36882377e-02 -1.69294178e-01
    1.92919791e-01 -1.33332103e-01 -3.37509841e-01 2.11610377e-01
    2.56121755e-02 -8.94173980e-02 2.00505853e-02 2.73953795e-01
    -6.50191307e-02 -4.50325429e-01 2.60816365e-01 1.41216353e-01
    4.97404784e-01 -2.59493858e-01 -1.94952428e-01 -8.29280019e-02
    1.22268200e-02 -3.38462979e-01 -1.39767736e-01 1.04985714e-01
    -3.75412047e-01 5.15236259e-01 3.28302920e-01 -3.27668399e-01
    -8.37348998e-02 7.69616961e-02 -5.18424630e-01 1.80479825e-01
    3.22429061e-01 -5.59924901e-01 -1.70296371e-01 1.84794962e-01
    -5.36459088e-02 -5.05556345e-01 2.40552485e-01 -2.69249886e-01
    -2.03018963e-01 -2.73784757e-01 -1.50928974e-01 3.10167253e-01
    2.35211313e-01 -4.20487911e-01 -5.27881265e-01 2.41380334e-01
    4.03984129e-01 -2.19174027e-02 -2.91126609e-01 -3.39310437e-01
    -2.05707252e-02 -3.32057238e-01 2.84913778e-02 8.42209160e-02
    -2.43277729e-01 -2.79682845e-01 -3.24794173e-01 4.38365102e-01
    2.44717419e-01 -2.40413934e-01 2.96100140e-01 3.99513721e-01
    2.39441514e-01 -1.61150783e-01 1.07835948e-01 -1.02030545e-01
    9.14704800e-02 2.73306847e-01 3.69597077e-01 -2.55643666e-01
    -4.07146662e-01 1.40810251e-01 -2.61564314e-01 2.15101838e-02
    3.88300717e-01 -5.26871920e-01 -1.30907625e-01 6.46076202e-02
    -1.80901349e-01 2.85630107e-01 9.31065083e-02 -1.22611314e-01
    -2.73503065e-02 1.19130313e-01 2.87127256e-01 -2.61163265e-01
    -3.02790403e-01 5.28851032e-01 -2.98672706e-01 3.61579239e-01
    -3.55792046e-01 4.89556789e-02 -2.67103434e-01 1.00867748e-01
    -5.09376347e-01 -2.53018737e-01 -4.25082833e-01 -1.84072256e-02
    -8.35115612e-02 -5.12748599e-01 -2.20499337e-01 -2.46679783e-03
    3.78471494e-01 -4.21435922e-01 -1.58832014e-01 -3.38238299e-01
    2.25859582e-01 2.47154951e-01 2.34485626e-01 -3.33145618e-01
    1.08561933e-01 4.21906531e-01 -2.23332793e-01 3.29999030e-01
    -1.66967899e-01 2.42191136e-01 -4.79999214e-01 -1.12782955e-01
    -2.42990017e-01 -1.56227469e-01 -4.04912829e-02 4.04107362e-01
    7.83062875e-02 -3.15291017e-01 -1.57975942e-01 -1.71325088e-01
    1.94389164e-01 4.74179804e-01 2.57752150e-01 1.65618211e-01
    -1.82004184e-01 3.37065786e-01 -5.00774682e-02 -4.61282372e-01
    2.63125896e-02 -6.93567991e-02 5.87765574e-02 -1.99419260e-02
    -5.14416695e-01 -4.85795647e-01 2.07701921e-02 -1.36448890e-01
    -2.65148282e-02 1.08191192e-01 1.87630475e-01 -1.40751541e-01
    1.99995965e-01 -3.37221622e-01 -4.45161730e-01 2.12313026e-01
    -2.41242647e-01 4.73173499e-01 5.57764173e-02 -4.90322202e-01
    4.67579842e-01 -2.76309818e-01 3.88365269e-01 4.32210267e-02
    -2.35363841e-01 7.05555081e-02 -2.34270513e-01 3.24545383e-01
    4.09316421e-02 -2.48666704e-02 3.69407058e-01 -1.34196132e-01
    2.85016894e-02 2.55958557e-01 -4.24268395e-01 -5.37669122e-01
    -1.19889736e-01 2.98615217e-01 2.89184451e-01 3.34864557e-01
    -2.78096557e-01 -4.35139775e-01 1.17488146e-01 -6.03604794e-01
    9.38865542e-02 -2.34820843e-02 -2.41420597e-01 6.55190945e-02
    -1.38909757e-01 2.54420280e-01 -4.79477644e-02 -2.67161012e-01
    1.69863582e-01 -2.87880421e-01 6.52534068e-02 -5.68060875e-02
    -2.39565998e-01 -1.18558794e-01 4.33543742e-01 4.52716947e-01
    -2.53120214e-01 2.77173758e-01 -4.41928804e-02 -4.91990894e-01
    3.82853568e-01 2.84441650e-01 9.86731052e-02 -1.94077045e-01
    2.74510562e-01 -3.43592167e-01 4.89553809e-02 2.13594437e-02
    3.65008533e-01 -1.81666315e-01 1.71160042e-01 -4.22817469e-02
    2.21167803e-01 -2.26931572e-02 -3.77994716e-01 -4.60656226e-01
    -2.10185051e-02 3.60674381e-01 1.37956709e-01 -3.47018242e-01
    1.29263610e-01 3.06580395e-01 -4.29494262e-01 -9.33800936e-02
    -4.30356264e-02 1.89744502e-01 3.47142935e-01 -4.17222172e-01
    2.96299636e-01 -4.68441844e-01 -4.63816136e-01 3.91314745e-01
    -4.63531435e-01 3.98531556e-01 -2.33507991e-01 -1.37475491e-01
    2.52477467e-01 -5.59772372e-01 -4.39367533e-01 1.72300577e-01
    -1.23593211e-03 -2.31611788e-01 -3.26609671e-01 2.11686552e-01
    4.17496324e-01 -5.06209373e-01 -1.58032775e-02 -1.06765181e-01
    -4.29120958e-01 -1.58569187e-01 -2.70311832e-02 -1.48767650e-01
    1.59063756e-01 -1.94177240e-01 -3.95957977e-01 2.10291743e-01
    1.47786200e-01 9.94394422e-02 -1.13629878e-01 -4.52375531e-01
    -3.27349365e-01 -4.49230969e-02 -1.14212841e-01 -4.64850783e-01
    -2.12818980e-02 -1.37187928e-01 -1.39285088e-01 2.52550483e-01
    -3.49536121e-01 -3.67567897e-01 -1.76183492e-01 -1.34857714e-01
    -1.69039696e-01 -4.13464785e-01 8.51035118e-04 -2.66638398e-02
    -3.54619324e-01 -4.31762993e-01 -4.67216492e-01 4.33514416e-01
    -1.76121831e-01 -3.48897785e-01 2.60020643e-01 -1.56571627e-01
    -2.39805698e-01 3.68748367e-01 -2.33125538e-01 -3.58246058e-01
    -4.39176559e-01 -1.81010962e-01 4.46611643e-03 -4.80827361e-01
    4.83733416e-02 1.80758119e-01 1.37886703e-01 -4.97305781e-01
    1.31784558e-01 1.99007809e-01 -4.46377486e-01 -2.06863135e-01
    -2.44167984e-01 -3.21388990e-01 2.40939856e-01 1.85426235e-01
    -2.98982859e-03 -3.52538675e-01 -1.91269130e-01 3.39739680e-01
    4.53378320e-01 -2.28268087e-01 -4.73068893e-01 -2.46793836e-01
    4.56677794e-01 -2.28045553e-01 7.54839480e-02 4.87015814e-01
    3.79410625e-01 3.42906117e-02 -2.84089208e-01 -3.42442364e-01
    3.12061012e-01 9.32351351e-02 7.09209144e-02 1.81569040e-01
    -9.41177011e-02 -2.70831496e-01 3.13329309e-01 -4.11941141e-01
    3.79943252e-01 -4.96893823e-01 8.07722211e-02 -1.80158019e-02
    3.05601418e-01 -1.59306794e-01 2.15323508e-01 2.27636158e-01
    3.03209543e-01 2.34247327e-01 -2.14338303e-03 6.25413656e-02
    2.47914195e-02 7.00074434e-02 -2.13832200e-01 -2.83302546e-01
    -1.37859881e-01 -1.47124171e-01 2.27447689e-01 -2.86174834e-01
    -3.91040921e-01 -5.54215908e-02 2.19656467e-01 2.80475914e-01
    -5.37082314e-01 5.55065274e-02 1.99967980e-01 9.24915075e-03
    -4.52029675e-01 2.04065442e-02 6.50893450e-02 -4.73997623e-01
    -3.08206409e-01 2.37819850e-01 -2.51131445e-01 6.81506395e-02
    -2.50321448e-01 1.72444224e-01 1.98120236e-01 7.70484805e-02
    -2.90908307e-01 4.41165924e-01 1.54718161e-01 3.40368748e-01
    1.61340058e-01 1.46980047e-01 7.80434012e-02 1.58127785e-01
    4.15077746e-01 -2.33289897e-01 -7.69979358e-02 -3.24661553e-01
    -2.77630121e-01 3.89079779e-01 -1.88614070e-01 -2.61706114e-01
    3.56130213e-01 -3.28429163e-01 -1.88928813e-01 4.79469359e-01
    2.83094764e-01 -3.08010131e-01 1.82973802e-01 -6.02751970e-03
    3.38493586e-02 -1.30553126e-01 -2.03672439e-01 1.38855040e-01
    3.28418314e-01 -3.93638015e-02 -3.43303144e-01 -1.59765720e-01
    1.70442462e-01 -2.19556391e-01 -2.47444928e-01 1.03707224e-01
    -2.24780381e-01 -3.79338443e-01 5.19564450e-02 1.15426242e-01
    3.19265008e-01 -4.03297246e-01 -1.17024541e-01 -3.21987420e-01
    4.97729927e-01 -1.11546069e-01 -2.11926758e-01 1.29134208e-01
    -2.70941883e-01 -2.10908979e-01 3.63617003e-01 1.98285401e-01
    -6.53250813e-02 1.64212584e-02 -4.02182072e-01 -3.94919097e-01
    -4.34195012e-01 2.57604897e-01 2.99458027e-01 -2.73992181e-01
    -2.59590894e-01 2.13073015e-01 -3.76972169e-01 2.51453459e-01
    -3.97201240e-01 1.37113333e-01 -5.82489371e-02 1.21376514e-01
    5.04232645e-02 -9.60409641e-03 -2.51062840e-01 3.09849977e-01
    -5.27250171e-02 9.49509144e-02 2.98692703e-01 -7.98312426e-02
    1.80585742e-01 -2.22380489e-01 -1.44054383e-01 4.18615043e-02
    1.72782183e-01 -2.87192464e-02 -2.34003872e-01 -1.90353125e-01
    -1.52914733e-01 -1.14416122e-01 1.22000426e-01 -3.50472599e-01
    3.09304595e-02 -5.74111938e-04 -1.65897220e-01 3.43099654e-01
    3.66813719e-01 1.03493154e-01 -3.41324985e-01 -8.60478282e-02
    1.07508302e-01 1.41260445e-01 1.79850638e-01 1.19130969e-01
    2.81516314e-01 -3.41728926e-02 2.63488770e-01 -1.94609165e-01
    -2.07678258e-01 6.33614361e-02 -2.29875922e-01 2.22152352e-01
    2.26180792e-01 -1.03112340e-01 1.71155334e-02 -3.41271877e-01
    -2.97693521e-01 4.12941873e-02 3.25493217e-01 2.75667191e-01
    -2.29955614e-01 -2.30561316e-01 1.20343268e-01 -6.22246265e-02
    2.35364676e-01 -1.49929434e-01 -5.67414761e-02 -3.28199565e-01
    2.73360550e-01 -2.17412233e-01 3.85202825e-01 5.09149551e-01
    -2.30966032e-01 -4.26439673e-01 2.56571710e-01 1.67741358e-01
    -4.55139428e-01 -2.23257691e-01 5.20553589e-02 -1.37875676e-01
    -2.18051434e-01 2.05356002e-01 2.31022358e-01 2.93107569e-01
    -4.60684389e-01 3.33132744e-02 3.29636693e-01 -3.32718492e-02
    -2.30051637e-01 2.37464249e-01 2.56003082e-01 2.66043246e-01
    2.13495672e-01 -4.88827080e-01 2.96932638e-01 -4.45251644e-01
    4.10294175e-01 3.11751723e-01 2.34551966e-01 4.87400889e-02
    1.84979558e-01 -1.71460867e-01 4.01794642e-01 6.51854277e-03
    7.89740980e-02 3.52926224e-01 1.40151531e-01 -9.38663483e-02
    3.28307211e-01 5.12836635e-01 9.77109969e-02 -2.52941102e-01
    -1.09250844e-02 2.18955338e-01 -3.01927656e-01 2.87429690e-02
    3.57741565e-01 -4.08499718e-01 9.07601714e-02 7.52203465e-02
    -2.33636677e-01 -3.17503810e-01 1.08776629e-01 2.08322108e-01
    -9.06709433e-02 2.45104432e-01 1.93942070e-01 1.56546295e-01
    4.23772812e-01 3.35617781e-01 -4.80182350e-01 2.31437922e-01
    -2.24709392e-01 3.42065215e-01 -9.67788696e-03 -4.08824205e-01
    -2.49957621e-01 2.52791703e-01 -5.16403258e-01 3.51837695e-01
    -3.79397660e-01 1.14400208e-01 -2.00706720e-01 4.86834824e-01
    -2.66759604e-01 -1.63663268e-01 -4.67348933e-01 -4.53081459e-01
    -3.63928825e-01 2.61394501e-01 -4.30324286e-01 -1.69037074e-01
    -4.99411047e-01 -2.37025619e-01 3.04023683e-01 -1.61666721e-01
    -5.11587024e-01 -3.27497631e-01 4.07561988e-01 5.12676656e-01
    -4.15531576e-01 3.95090073e-01 1.66527450e-01 -1.76874399e-02
    3.15844834e-01 -5.30364037e-01 -8.51853490e-02 3.86724830e-01
    3.11351657e-01 -3.05357397e-01 -1.33951306e-01 -3.31176907e-01
    2.83271790e-01 -4.63121533e-02 4.63503659e-01 4.38611507e-02
    -8.16956162e-02 -4.04140681e-01 -2.62730807e-01 1.06951416e-01
    -3.22494805e-01 3.14579964e-01 3.76407266e-01 -4.16858792e-02
    1.26780629e-01 1.78758055e-01 2.75425076e-01 -4.25309569e-01
    -3.23892295e-01 4.43518966e-01 -1.80182993e-01 -1.86482430e-01
    -1.53709739e-01 2.50331223e-01 2.73507178e-01 -4.61327314e-01
    -1.37677640e-01 -3.93187076e-01 3.79841447e-01 -2.39630997e-01
    -4.92921382e-01 -1.18199617e-01 3.19791198e-01 -2.64383435e-01
    -3.37292135e-01 -5.04624486e-01 2.77879059e-01 3.51674378e-01
    3.69774520e-01 -2.63885617e-01 -4.52067047e-01 -1.43385410e-01
    -3.66748989e-01 -3.16931486e-01 7.92049766e-02 2.70131350e-01
    -2.88894624e-01 -2.93657333e-01 8.78717899e-02 -3.24918360e-01
    -1.35156244e-01 -2.39517659e-01 -3.87476474e-01 2.17312634e-01
    1.14259303e-01 -5.08966684e-01 2.58092105e-01 -1.89323425e-02
    3.32440555e-01 -1.39399856e-01 3.16311121e-02 -2.24235237e-01
    1.67608261e-03 1.64354026e-01 2.09237933e-02 4.06603426e-01
    -4.66560721e-02 -4.30000663e-01 2.71414101e-01 4.12722588e-01
    -3.65301669e-01 1.00155175e-01 -3.25014383e-01 -4.05791968e-01
    9.82052684e-02 7.57508278e-02 7.82370567e-04 -1.90320313e-02
    -3.45949054e-01 4.43744302e-01 -2.60431319e-01 -1.22823298e-01
    3.31204057e-01 1.04264796e-01 -3.60555977e-01 -7.84040093e-02
    1.01646066e-01 2.70142317e-01 -3.25463742e-01 -1.88689232e-02
    3.59761238e-01 -3.48739475e-01 2.86163270e-01 3.42870414e-01
    -2.36309856e-01 9.60784554e-02 3.02455068e-01 1.60879076e-01
    4.52960730e-02 3.17254603e-01 -6.91821575e-02 2.02408791e-01
    -1.60993665e-01 -4.90090847e-02 -8.50117207e-03 -2.27054417e-01
    2.99323738e-01 2.77899921e-01 -3.86850208e-01 -2.64252484e-01
    -3.71519953e-01 -3.57941538e-01 2.38849044e-01 -2.39319026e-01
    2.19612420e-01 -4.28175241e-01 2.31685132e-01 -4.27376837e-01
    1.77194059e-01 3.38135004e-01 -2.61904508e-01 -1.55660182e-01
    -5.71868539e-01 -3.14269900e-01 1.26046777e-01 2.24460900e-01
    -4.81726438e-01 4.14302468e-01 -1.84225857e-01 -5.25014400e-01
    -1.62948966e-02 2.38886535e-01 -1.28849447e-02 1.28201127e-01
    -2.27239668e-01 -4.32957113e-02 1.16031706e-01 -4.94012564e-01
    1.06751621e-01 5.02685606e-02 -1.39920264e-01 4.34145987e-01
    -2.55135447e-01 -3.43821049e-01 -1.32805079e-01 3.85652006e-01
    -1.82335943e-01 1.19535744e-01 -3.54367346e-01 -3.81113201e-01
    -3.80289555e-02 -4.72601265e-01 -7.68889785e-02 -3.06882262e-02
    5.21985590e-02 2.46992230e-01 -5.79269230e-02 3.77844155e-01
    -1.29489750e-01 -3.53223771e-01 -1.57352090e-02 1.08389795e-01
    9.65193510e-02 3.71875286e-01 -2.05072165e-01 -1.15802914e-01
    -4.32780981e-02 1.45835549e-01 -2.83301890e-01 3.29570830e-01
    -4.38047409e-01 1.17766261e-01 -2.94061929e-01 2.84846008e-01
    -1.07490838e-01 -3.72547954e-01 -3.30119669e-01 -5.66394448e-01
    3.37453425e-01 -3.25646996e-02 3.72623682e-01 -3.71495783e-02
    -3.24571460e-01 7.12184012e-02 -4.15869266e-01 -8.59160125e-02
    -7.93300867e-02 4.09045517e-01 -1.90360010e-01 5.83950400e-01
    -2.90434062e-02 4.20947075e-01 -3.36240292e-01 -1.57035261e-01
    -2.09393948e-01 1.04321182e-01 2.32452750e-01 -1.60499990e-01
    3.80454242e-01 -1.30930543e-01 -1.66253746e-01 2.20130563e-01
    -4.54982340e-01 4.37185884e-01 3.44940454e-01 -9.38686132e-02
    2.53380775e-01 -3.33201855e-01 -3.47405076e-01 1.80586278e-01
    3.58481407e-01 -3.65864754e-01 2.24114060e-01 -1.85692966e-01
    -1.73714340e-01 1.07745171e-01 -3.99538130e-01 -1.55264020e-01
    -4.74958986e-01 2.54710615e-01 1.36118352e-01 -7.38828182e-02
    -2.49893546e-01 9.39137340e-02 -5.10142446e-02 8.38607550e-02
    1.58672988e-01 -3.96248788e-01 4.27288771e-01 -3.80270630e-01
    -5.17260730e-02 2.24378347e-01 1.02960587e-01 -4.85049844e-01
    2.90165246e-02 3.50904047e-01 4.51368451e-01 3.85052860e-01
    -3.78662229e-01 -3.65935385e-01 3.31419289e-01 -1.35471642e-01
    -4.78983909e-01 -9.78986919e-02 -1.21965498e-01 3.08764517e-01
    3.05470228e-01 -3.71484816e-01 -2.29417384e-01 7.43204355e-03
    -2.65936673e-01 -4.95428443e-02 -1.08492732e-01 -4.30628777e-01
    -8.60686898e-02 -3.35979760e-01 2.64478624e-01 2.73403704e-01
    -1.49257362e-01 -1.02049291e-01 9.39176083e-02 1.52128160e-01
    -8.70880783e-02 2.15756178e-01 6.79517090e-02 7.77044296e-02
    -2.61386156e-01 2.20470607e-01 2.15650678e-01 1.09000504e-01
    -4.54556763e-01 2.79077291e-01 -2.35684156e-01 1.45543516e-01
    3.87097508e-01 2.71494806e-01 -2.50572830e-01 -1.43558472e-01
    3.99725080e-01 -2.62809753e-01 1.28703713e-01 4.39511418e-01
    -1.33882821e-01 3.76738071e-01 -4.38625365e-01 2.27705181e-01
    -4.17766809e-01 1.20873451e-02 2.87960172e-01 -4.61327791e-01
    4.39303279e-01 -2.66208053e-01 -1.82358027e-01 -2.12644279e-01
    -2.80211627e-01 1.96526825e-01 4.67544973e-01 2.53635049e-01
    3.37239325e-01 -7.69817531e-02 2.45674580e-01 3.36706221e-01
    8.79004598e-03 -4.34135199e-01 5.35892248e-01 -1.45767123e-01
    -1.96064711e-01 -3.01760077e-01 -3.71753544e-01 8.01512301e-02
    3.44540834e-01 3.45261097e-01 -5.76264262e-02 -2.82426476e-02
    -8.49319100e-02 1.81823969e-02 -2.48907208e-01 -4.20548975e-01
    7.88954496e-02 -2.66744852e-01 -1.24034673e-01 4.40344125e-01
    -1.33198947e-01 -3.81095052e-01 4.53683943e-01 -4.55213010e-01
    -3.25231999e-01 -2.29669333e-01 6.19780123e-02 -1.07261539e-01
    -2.79304802e-01 3.07417691e-01 -3.23364615e-01 -2.65369117e-01
    7.47070312e-02 -3.12439799e-02 -2.24986494e-01 3.19417834e-01
    -8.20046663e-03 -4.51991588e-01 -3.74029875e-02 -3.09735149e-01
    4.80796218e-01 -2.53141642e-01 -4.61570054e-01 9.13350582e-02
    2.69388735e-01 -3.45973998e-01 -1.36970520e-01 -2.39540100e-01
    -5.35500050e-02 3.13983262e-01 1.93083882e-01 -3.23834062e-01
    2.21948147e-01 7.34808445e-02 4.65375185e-02 -7.42483735e-02
    -3.47389251e-01 -2.89088130e-01 2.03632474e-01 1.48831367e-01
    -3.36253583e-01 -6.18979335e-02 2.53202677e-01 1.07707858e-01
    1.02115273e-01 -1.84669435e-01 -2.22535610e-01 -6.68660104e-02
    -1.28855556e-01 -3.24825436e-01 2.88647085e-01 8.12673569e-02
    -4.98034418e-01 -5.34570217e-02 2.99081922e-01 3.07863832e-01
    -5.76539040e-02 -2.44665921e-01 9.39696729e-02 3.12954307e-01
    -4.08514947e-01 9.62236524e-02 -3.43526900e-02 -5.33405304e-01
    3.76639426e-01 5.37977219e-02 4.66790199e-02 -1.89657211e-01
    -2.66208172e-01 4.51986313e-01 -7.38635361e-02 6.05367422e-02
    -3.03831995e-01 -1.24687642e-01 3.51820588e-01 1.77056432e-01
    -1.75849259e-01 -4.21065152e-01 -1.77341670e-01 -3.38071376e-01
    5.60959876e-02 -1.41151160e-01 -2.00384289e-01 9.90105867e-02
    -9.62281823e-02 2.09169269e-01 -1.76918209e-02 -1.10253751e-01
    -3.63561958e-01 -1.02175474e-01 -5.02551854e-01 -1.69340730e-01
    -4.17192012e-01 5.44763207e-02 2.48526216e-01 5.19802570e-02
    2.10237265e-01 -3.97997826e-01 2.03407049e-01 3.69458079e-01
    -2.28952110e-01 4.93082494e-01 -1.49169922e-01 -2.47639567e-01
    -3.58446151e-01 3.57280314e-01 2.54046381e-01 -3.35734934e-01
    3.63581181e-02 1.25416040e-01 2.27961361e-01 1.51450813e-01
    3.04261923e-01 -7.13195205e-02 2.69407511e-01 -2.22412616e-01
    -6.56457543e-02 -4.24226910e-01 -4.33738261e-01 9.66420472e-02
    5.06856441e-02 1.76171780e-01 -1.11941487e-01 5.30827284e-01
    2.55896091e-01 4.84475046e-01 3.29053164e-01 -5.82304597e-01
    -2.21876085e-01 -3.23794901e-01 -3.14267755e-01 -4.24941927e-01
    -2.92044640e-01 5.00869751e-03 1.12791419e-01 -3.82580489e-01
    -4.22768354e-01 -5.36478162e-02 -2.45716095e-01 -2.49560207e-01
    -4.31813449e-01 3.51547539e-01 -3.09882700e-01 1.67438984e-02
    2.31023312e-01 3.35040092e-01 -5.98658621e-01 -5.35014033e-01
    2.70492852e-01 7.55033493e-02 2.47100592e-02 -2.58212090e-02
    3.36643517e-01 -7.13642240e-02 -8.70473087e-02 9.80185270e-02
    1.87622249e-01 -3.56002003e-01 -2.09370911e-01 3.86426568e-01
    -1.93423957e-01 1.01197541e-01 4.52338338e-01 1.12256467e-01
    -2.02861458e-01 3.01037759e-01 -2.41338044e-01 2.37687200e-01
    7.96601772e-02 4.80193496e-02 -1.77243471e-01 -2.56767184e-01
    -1.92925632e-01 3.66834342e-01 5.06230593e-01 -4.07119274e-01
    9.52730775e-02 -1.18668497e-01 -2.77969271e-01 -4.33215111e-01
    -3.71706843e-01 -4.66094464e-01 -4.37771678e-02 -2.83250690e-01
    3.01237345e-01 1.35596752e-01 -8.39576721e-02 -4.95347857e-01
    1.70269728e-01 -4.21711236e-01 -4.68930006e-02 2.64142275e-01
    -5.07987201e-01 -6.14783704e-01 -3.00733477e-01 -3.71093422e-01
    1.86279476e-01 -4.94673908e-01 4.25205529e-01 8.75913501e-02
    -2.79276311e-01 2.13904381e-02 2.22543299e-01 -4.52448487e-01
    -1.30631566e-01 -4.51833546e-01 -4.71262604e-01 -1.74736977e-02
    2.41928935e-01 -3.63006741e-01 -3.31147075e-01 3.31230521e-01
    3.41888785e-01 4.96791005e-02 2.83063293e-01 2.96208799e-01
    1.75794095e-01 -3.24933946e-01 -1.14583433e-01 -3.96805465e-01
    1.77257627e-01 2.52684832e-01 -8.21819901e-03 -4.87695932e-02
    -3.03246021e-01 -2.43274152e-01 -2.42407888e-01 4.48187321e-01
    -3.00152421e-01 -2.67523676e-01 2.34822273e-01 1.80916786e-01
    -9.32326317e-02 2.34824061e-01 -2.39354789e-01 -3.27036113e-01
    -3.43687773e-01 -1.87174022e-01 -1.26354367e-01 3.68635088e-01
    -2.61381656e-01 2.79645890e-01 -5.64131737e-02 -3.52815837e-01
    -5.59651196e-01 -1.53856516e-01 3.06255817e-01 -5.09542227e-01
    -1.49245918e-01 3.30672264e-01 -1.00479126e-01 2.06252694e-01
    3.33439350e-01 -1.29309297e-01 -1.91118658e-01 3.22455227e-01
    7.04184175e-02 -1.94761485e-01 -2.12230086e-02 -3.98064852e-01
    5.51569462e-02 1.70242995e-01 8.71584713e-02 7.09529519e-02
    -4.23414350e-01 -4.36978221e-01 -3.86409253e-01 1.95289612e-01
    -9.60219800e-02 -4.49900270e-01 -2.87728041e-01 -1.88414574e-01
    -4.31165963e-01 2.60213554e-01 -1.84172511e-01 -3.35716784e-01
    1.14851475e-01 2.64398277e-01 1.46485507e-01 1.75978422e-01
    -1.77505374e-01 -2.16191769e-01 4.21736240e-02 -2.19303668e-01
    6.83700442e-02 4.21620309e-01 -3.26658696e-01 -4.67381090e-01
    -2.35816240e-01 1.75953507e-02 -3.02949995e-01 4.62300122e-01
    1.02384269e-01 -5.47072172e-01 2.41409421e-01 -4.83646154e-01
    -8.86894763e-02 1.80845261e-01 -2.91208833e-01 -5.62979877e-02
    4.04548347e-01 1.17485702e-01 3.49036098e-01 4.06111091e-01
    1.18227005e-02 -3.76824290e-01 -1.12151265e-01 4.43150371e-01
    -3.97563815e-01 -2.53003895e-01 -1.39268130e-01 3.76462698e-01
    4.64558601e-02 1.20968342e-01 -1.25712544e-01 -4.15766835e-02
    -4.80404735e-01 4.30595279e-02 -1.92380250e-01 3.67720246e-01
    -3.88063818e-01 -1.92439586e-01 -7.50468969e-02 -2.53252417e-01
    6.51804209e-02 4.52971458e-03 3.38194549e-01 -3.06445807e-01
    -1.91917121e-01 -1.61146402e-01 2.40520835e-02 7.37776160e-02
    -4.00732517e-01 2.37609982e-01 2.46418715e-02 3.18771988e-01
    -3.56321812e-01 2.04189241e-01 -6.61900043e-02 1.34419560e-01
    3.04723382e-02 -3.69491726e-01 1.04942739e-01 -3.73969078e-02
    -4.36336994e-01 3.00794005e-01 -2.04532325e-01 4.51634645e-01
    -4.48735088e-01 -1.61311716e-01 9.46055949e-02 2.11579025e-01
    1.15208507e-01 -5.39921045e-01 -1.22273922e-01 -3.12844515e-02
    -3.25481921e-01 -3.75123680e-01 -1.77167654e-02 -3.21904123e-02
    2.62881607e-01 -4.37782496e-01 -2.31626630e-02 -4.69245881e-01
    -3.61683667e-02 1.50464207e-01 -5.69284081e-01 1.06926858e-01
    1.41754210e-01 -2.85103351e-01 1.17672741e-01 1.88412070e-02
    -3.66897702e-01 -2.15813011e-01 3.87813419e-01 -3.63331616e-01
    -1.66625679e-01 1.84197932e-01 5.58457673e-02 3.12272906e-01
    -1.87373668e-01 3.97656262e-01 -3.16869795e-01 1.69387698e-01
    2.18601286e-01 1.93933755e-01 3.44875455e-01 2.06083655e-01
    3.37999642e-01 4.20766592e-01 -4.89305437e-01 1.50111139e-01
    -3.23359996e-01 2.47241676e-01 -2.29625642e-01 3.50349545e-01
    1.95157826e-01 -3.47529680e-01 -2.42268384e-01 1.17273569e-01
    -3.61066312e-01 -4.40901995e-01 -5.04290521e-01 3.89285386e-01
    1.74738407e-01 -2.83056200e-01 4.69031930e-03 9.59998369e-02
    3.32112312e-02 1.20339334e-01 2.28822351e-01 -1.93641812e-01
    3.64874184e-01 3.39504361e-01 -5.66634297e-01 3.37473392e-01
    1.47716999e-02 -7.33178854e-02 -4.25892323e-01 4.70367074e-02
    -2.83077568e-01 4.79421616e-02 -4.28603798e-01 2.20935106e-01
    -5.06398857e-01 -1.76258564e-01 -4.38595414e-01 3.52768540e-01
    2.08574355e-01 -8.15938413e-02 2.34582603e-01 -2.63914436e-01
    4.91196960e-01 1.06027454e-01 -1.89977378e-01 1.42265260e-01
    4.99022603e-02 3.90118062e-01 -3.50654989e-01 2.94287086e-01
    2.54261494e-03 4.21077967e-01 -3.89888674e-01 -3.62271726e-01
    4.17948365e-01 3.86493266e-01 -6.08042300e-01 1.08089387e-01
    1.91918433e-01 2.48447239e-01 1.12163603e-01 3.20240736e-01
    -4.99751478e-01 4.26829338e-01 1.14894599e-01 -4.67782766e-01
    -1.26656890e-02 4.57041979e-01 1.13187492e-01 3.76912951e-01
    -3.87949288e-01 -1.34629607e-01 -4.88663316e-02 1.61135793e-02
    -4.84629184e-01 -8.08289647e-02 1.58227086e-01 1.27513885e-01
    -2.02993929e-01 -3.51146966e-01 -3.75878304e-01 -2.98106641e-01
    -4.34874833e-01 -4.49450910e-02 -3.16572964e-01 5.28039336e-01
    -1.86632544e-01 2.87631571e-01 -6.64445460e-02 2.99184263e-01
    -4.26485360e-01 -1.97006911e-01 2.33127177e-01 -5.93122840e-03
    -4.21338350e-01 -1.97725356e-01 2.32002020e-01 -1.62355781e-01
    -2.75701225e-01 2.73824990e-01 -9.61930156e-02 4.29705977e-02
    -4.19541210e-01 -4.42451805e-01 1.12342805e-01 3.67730856e-01
    1.48392558e-01 7.42270350e-02 -2.88692832e-01 -8.93397927e-02
    1.63621008e-01 2.05559134e-02 8.96301866e-02 3.24160278e-01
    -2.56112546e-01 -4.57457453e-01 1.47917092e-01 -1.62852556e-01
    1.86778188e-01 -4.69816864e-01 -2.89591372e-01 -3.10107559e-01
    -4.98869956e-01 9.04631913e-02 4.45865095e-01 5.29370308e-02
    3.55506599e-01 1.10486746e-02 3.80645156e-01 -1.22596174e-01
    2.68407464e-02 3.33710790e-01 -2.84919143e-02 -1.80658728e-01
    1.63748384e-01 4.61679876e-01 1.04277909e-01 1.54354870e-01
    -5.23505628e-01 3.77682984e-01 4.88606304e-01 -4.20803845e-01
    -3.72517288e-01 3.73917758e-01 1.02372468e-01 1.29742622e-01
    3.11869264e-01 1.97648108e-01 -4.48434114e-01 -1.86562955e-01
    4.48673338e-01 -2.80773759e-01 -3.80720317e-01 4.20297623e-01
    3.50135207e-01 -4.14146185e-01 -4.91224796e-01 -1.30889267e-01
    -2.17035383e-01 -4.86662984e-02 1.88476264e-01 1.50143445e-01
    -3.91471207e-01 -1.76220387e-01 1.41554236e-01 3.54932547e-01
    -6.03276491e-03 -5.58178127e-01 2.16505408e-01 1.81293607e-01
    -3.15407544e-01 1.39035285e-02 1.33908391e-01 -3.95034313e-01
    2.79748559e-01 3.81731570e-01 -5.87087274e-02 -4.34966743e-01
    -4.17951673e-01 2.61117697e-01 -3.22082162e-01 -3.27176362e-01
    3.93469036e-02 -2.34948397e-01 2.53973544e-01 -4.40440208e-01
    -1.04669988e-01 -1.99042678e-01 5.44826984e-02 -4.34621215e-01
    -4.47230875e-01 3.57469499e-01 1.53022170e-01 3.11373472e-01
    3.11887681e-01 -2.43442237e-01 -2.74121821e-01 4.47107971e-01
    -1.45483047e-01 4.40519571e-01 -1.45509183e-01 7.26801157e-02
    -1.23015225e-01 -7.44419694e-02 4.31397676e-01 1.15926027e-01
    -3.21358204e-01 1.29710197e-01 2.68703938e-01 4.15387511e-01
    -3.67704034e-01 5.82659245e-02 3.38316500e-01 3.57003272e-01
    3.90254915e-01 -4.62473810e-01 -1.52821243e-01 -1.85124665e-01
    -9.39258933e-02 3.18177044e-01 -3.65995914e-01 4.52907503e-01
    -2.92116612e-01 -3.85663867e-01 1.88308805e-01 5.67205250e-02
    9.38458145e-02 4.00354326e-01 -8.71881843e-02 -1.81393087e-01
    -2.11905003e-01 6.66214228e-02 7.58582950e-02 -4.61367965e-01
    3.16697299e-01 -5.13867140e-02 1.39673293e-01 1.31848812e-01
    -1.01442754e-01 4.31442767e-01 -5.88475168e-02 1.20146751e-01
    -1.77492648e-01 -3.38767081e-01 3.89655173e-01 4.78767455e-01
    4.29789633e-01 -1.78437024e-01 -2.16177702e-02 -3.55900645e-01
    3.92781019e-01 -3.13286483e-01 -4.06611204e-01 -2.33984470e-01
    -8.69728923e-02 4.34549868e-01 3.36783588e-01 -3.99678946e-01
    3.27880383e-01 5.44201136e-02 -5.22810221e-03 2.41748869e-01
    3.88584733e-02 1.92565143e-01 2.77722061e-01 1.85296297e-01
    -2.98250914e-02 2.03356743e-02 -7.92697668e-02 2.22012103e-02
    1.61170602e-01 6.50811195e-03 -3.67757112e-01 2.52267450e-01
    -3.63644481e-01 -2.20334530e-02 6.14928007e-02 -1.82392657e-01
    -5.93800545e-02 7.10254312e-02 -1.86385065e-01 -3.01026434e-01
    -3.30579013e-01 3.53556693e-01 2.01818347e-02 -1.75683975e-01
    -1.23549283e-01 -5.23252547e-01 2.73489177e-01 3.61857682e-01
    5.02533078e-01 -2.84508228e-01 3.54564786e-02 -4.01788175e-01
    8.16342235e-02 3.77100736e-01 -2.24024862e-01 -1.97059035e-01
    -1.00999117e-01 -4.03679311e-02 -2.16401279e-01 4.77007866e-01
    -4.61896896e-01 3.48884106e-01 -7.59655237e-02 2.42123306e-01
    -1.79070979e-01 1.37959957e-01 -4.17482078e-01 -2.10331261e-01
    7.03639388e-02 3.20103109e-01 1.85528100e-01 2.34511614e-01
    4.19060647e-01 -4.06777978e-01 3.21344316e-01 3.75971437e-01
    -3.13716322e-01 -8.49021077e-02 -4.52252775e-01 3.29533577e-01
    -2.55298376e-01 -4.28251088e-01 -4.03349429e-01 -4.47126448e-01
    2.55458564e-01 -6.40802085e-02 4.28050399e-01 3.35320652e-01
    2.16329247e-01 -2.94248879e-01 -7.10696578e-02 1.53415620e-01
    -3.58487219e-01 -2.55160987e-01 -3.92019928e-01 -4.64458168e-01
    4.32412624e-02 -2.47302890e-01 -3.22474182e-01 -1.82668179e-01
    -2.57391512e-01 -2.37826288e-01 -3.98851126e-01 4.18882251e-01
    -5.00165224e-02 2.18279004e-01 -2.69106507e-01 -5.02024174e-01
    3.63143086e-01 1.56497002e-01 -4.07553166e-01 -2.68646240e-01
    -1.19197398e-01 -6.40964508e-02 -2.09475785e-01 2.94710994e-01
    4.23427194e-01 4.22546089e-01 -4.82684374e-01 -8.26399326e-02
    -4.31372225e-02 -1.43537939e-01 1.61236227e-01 2.85924494e-01
    1.60262287e-01 4.13602531e-01 -5.40193141e-01 -1.69518173e-01
    4.01085138e-01 2.87507713e-01 7.41932988e-02 -2.80228496e-01
    -3.00129652e-02 9.09667313e-02 3.67363006e-01 -5.97071946e-02
    -3.36454242e-01 2.57307857e-01 9.54306722e-02 -4.77676481e-01
    -5.28035641e-01 2.98288703e-01 -2.01980382e-01 1.88506126e-01
    1.76311910e-01 -4.03579772e-02 4.84140575e-01 3.54195058e-01
    -5.05538702e-01 8.94631743e-02 -1.53040618e-01 7.67123699e-02
    -1.92889899e-01 1.14687502e-01 4.63435203e-01 3.66715670e-01
    -5.28806567e-01 4.45485711e-02 -3.81299794e-01 -5.63436031e-01
    -2.35754848e-01 -5.79625368e-02 -2.73485869e-01 3.07228565e-02
    -7.41871893e-02 -2.18735904e-01 -8.44304264e-02 -3.07753950e-01
    -1.90741718e-01 1.29177958e-01 1.44185901e-01 -3.14549714e-01
    4.54222202e-01 6.74503446e-02 -4.93188798e-01 3.48772824e-01
    7.58747458e-02 -5.82452178e-01 1.14426494e-01 2.53531933e-02
    -5.21800280e-01 -3.98897022e-01 2.45608568e-01 1.79910779e-01
    -3.86485010e-01 -9.98439491e-02 -4.33321357e-01 -3.34379375e-01
    -4.74129021e-02 -5.34020960e-01 5.85136414e-02 2.42800415e-01
    -1.08419091e-01 4.12951112e-02 2.57990330e-01 -9.75313783e-02
    4.39326853e-01 -3.88470143e-01 2.69661456e-01 2.53754437e-01
    1.21495962e-01 3.08942914e-01 2.30130047e-01 -3.35236877e-01
    1.20203972e-01 4.26466048e-01 -3.31237078e-01 -3.70831579e-01
    1.52645826e-01 2.27339208e-01 -2.63829887e-01 1.80249423e-01
    -2.56146908e-01 1.95015430e-01 -2.31781572e-01 -2.64422089e-01
    4.38905030e-01 -1.10524535e-01 -4.01392013e-01 3.89284551e-01
    1.69854820e-01 -6.28505766e-01 1.70805752e-01 2.76409328e-01
    7.48459101e-02 -3.27930957e-01 -4.93938267e-01 1.56666517e-01
    1.27789080e-01 -5.27413428e-01 -4.47675884e-01 -1.46014631e-01
    -4.29164648e-01 3.69522095e-01 1.06670558e-02 2.41912961e-01
    -1.04452610e-01 -2.71516442e-01 -2.08848178e-01 -3.82219076e-01
    4.51090932e-02 4.35206324e-01 -3.29542965e-01 -2.23960876e-01
    2.42968857e-01 -2.25922197e-01 1.16755724e-01 -4.25725549e-01
    -1.00980341e-01 -3.25453967e-01 1.32264972e-01 -2.73117959e-01
    4.63217318e-01 1.17465764e-01 -1.30586535e-01 -3.89280200e-01
    -3.86551052e-01 -3.50666165e-01 -2.83224136e-01 1.59185231e-02
    -3.09660733e-02 4.02549893e-01 3.01826060e-01 -9.62501764e-03
    -1.41539574e-01 -5.22297621e-02 9.17828679e-02 -4.78613704e-01
    -1.25247478e-01 -1.55342162e-01 -4.67001438e-01 2.04325855e-01
    -5.46293378e-01 -4.27862644e-01 3.29897583e-01 1.89915001e-01
    -5.52516222e-01 -1.82864666e-01 -6.65865541e-02 2.55561471e-02
    3.91283274e-01 -2.16100007e-01 1.05272055e-01 1.35174066e-01
    -3.82890761e-01 -5.07322431e-01 1.71003968e-01 -3.24227273e-01
    -1.23913676e-01 -9.77123380e-02 -1.66141093e-01 -3.02279592e-02
    -9.10915136e-02 2.90094316e-01 6.26182556e-02 1.49753988e-02
    -2.06806660e-02 -3.50772202e-01 4.96022314e-01 1.67504549e-02
    1.31292284e-01 3.83175790e-01 2.93080211e-02 1.70678228e-01
    -4.00818646e-01 1.52746320e-01 3.79701257e-01 1.85134292e-01
    -3.79538983e-01 -3.99468362e-01 -3.97084683e-01 -4.11139905e-01
    1.97950691e-01 4.10845637e-01 9.99069214e-03 -4.42799568e-01
    2.34795809e-01 -3.85614634e-02 3.20869625e-01 -3.55854094e-01
    2.89683044e-01 1.93988830e-01 4.57717419e-01 -5.03733039e-01
    1.72427654e-01 1.76711977e-01 -4.19654489e-01 2.27153063e-01
    -1.04107231e-01 -4.01748270e-01 2.03843445e-01 -1.61341310e-01
    -3.27004075e-01 9.71721411e-02 8.27328265e-02 -3.91858101e-01
    -3.01296413e-02 2.01892853e-02 -5.22785664e-01 1.47052765e-01
    -3.35989594e-02 1.77633405e-01 -4.23707843e-01 2.49164701e-02
    1.87620223e-01 5.02985716e-03 -4.91906613e-01 3.37743342e-01
    -1.67635977e-02 4.34902877e-01 5.18922806e-02 2.31603146e-01
    4.16586936e-01 3.36134374e-01 2.56302238e-01 6.55969381e-02
    -3.48202676e-01 -2.84691662e-01 4.02024060e-01 -4.57620353e-01
    2.47240424e-01 5.05395293e-01 -2.93401510e-01 -1.49041116e-01
    5.74714541e-02 2.87915170e-01 -5.73719144e-02 -9.80926454e-02
    2.52711296e-01 1.14430189e-01 -2.98391014e-01 -1.97675735e-01
    -3.02038699e-01 1.51040196e-01 2.34691381e-01 2.39810467e-01
    -1.81374013e-01 -5.46227992e-02 -4.68103737e-01 3.72712433e-01
    3.71882617e-01 -3.85839939e-01 -3.45276952e-01 -2.09901661e-01
    1.87295079e-02 -8.33863616e-02 3.64826292e-01 -2.89387852e-01
    -3.19004387e-01 -1.27472788e-01 5.41544318e-01 1.98319912e-01
    4.21060324e-02 -2.43122399e-01 2.57531852e-01 -1.76280081e-01
    1.54384017e-01 2.64696479e-01 -1.52091384e-01 1.27479732e-01
    -4.27347034e-01 -2.77575582e-01 4.49761897e-01 -4.57607776e-01
    -2.46369928e-01 2.48872638e-02 3.81159008e-01 2.61452079e-01
    -1.50225461e-01 -1.83197260e-02 -4.47501600e-01 -4.08122927e-01
    2.70145237e-01 -1.97210580e-01 1.10706806e-01 2.44326413e-01
    3.07298839e-01 3.46929252e-01 -2.06737041e-01 -1.70418382e-01
    -2.42784321e-01 -8.04308355e-02 2.71453053e-01 3.38978589e-01
    -6.58879876e-02 -2.90594906e-01 -2.60235250e-01 3.85512173e-01
    -5.47640681e-01 2.84834206e-01 2.84760475e-01 -4.74507362e-01
    -3.90371710e-01 2.65667140e-01 3.27103972e-01 1.94234788e-01
    -3.26571167e-01 -1.73978090e-01 -7.17416704e-02 2.70316660e-01
    1.96057737e-01 -4.40090835e-01 4.77896065e-01 1.05165720e-01
    -5.06947458e-01 3.00647497e-01 2.19875872e-02 2.28511751e-01
    -1.61706388e-01 2.56593853e-01 -1.52904034e-01 5.68963349e-01
    -3.96048278e-01 -3.91700774e-01 5.23463070e-01 3.95866930e-01
    5.63642979e-02 -1.72680557e-01 2.58229375e-02 -4.22499955e-01
    -1.98577046e-02 -1.74638361e-01 -3.14862490e-01 -1.59624308e-01
    3.25836897e-01 -1.17959887e-01 -4.20054525e-01 -3.40666085e-01
    -2.03610361e-02 -3.79169285e-01 1.05363488e-01 -4.68436390e-01
    -2.22172588e-01 -1.22153163e-01 -3.18378896e-01 1.48145914e-01
    -1.93284839e-01 2.47954309e-01 -6.76186383e-02 -5.04837394e-01
    -4.42377150e-01 -1.21036828e-01 -6.54578805e-02 3.17971647e-01
    3.45822871e-01 1.24892116e-01 -3.44286263e-02 2.08795339e-01
    2.10592121e-01 -2.27598429e-01 3.81549239e-01 2.52428353e-02
    -6.51554763e-02 1.40096754e-01 -4.52852547e-02 -9.47797298e-03
    -2.10057050e-01 -5.56479812e-01 -2.64353782e-01 1.00938022e-01
    4.37315583e-01 2.29442239e-01 2.92235017e-01 4.25462782e-01
    -1.38911188e-01 -4.02259111e-01 -1.05953693e-01 -4.91522551e-02
    -1.95127726e-03 -3.68386120e-01 2.40366548e-01 -2.73420751e-01
    -3.34882975e-01 4.52591509e-01 6.57879472e-01 2.81899273e-02
    3.45427990e-02 -3.70332062e-01 2.59452760e-01 1.84634686e-01
    1.68900847e-01 1.09228492e-01 2.11948156e-03 -1.07048094e-01
    -2.09425896e-01 -4.06416655e-01 1.33954227e-01 3.63362074e-01
    3.43451262e-01 -1.76244676e-01 -1.43552512e-01 -5.25551438e-02
    -5.46087563e-01 1.82211101e-01 8.16075206e-02 -3.99648070e-01
    6.98364973e-02 -2.14306712e-01 2.81440377e-01 4.33030844e-01
    -3.64107013e-01 -4.35523272e-01 2.52732038e-01 -2.82830656e-01
    1.06364906e-01 -2.52339423e-01 -1.60450369e-01 -4.81336683e-01
    -3.77259910e-01 2.48177946e-02 -3.97039264e-01 3.08847368e-01
    1.49799705e-01 -4.51759249e-01 8.84145200e-02 -1.22086912e-01
    -1.94351912e-01 -1.22984886e-01 -1.91357017e-01 -4.72945780e-01
    -3.80903900e-01 -2.66317278e-01 -1.40066266e-01 2.36750811e-01
    -5.67482710e-02 2.50793278e-01 -1.57475621e-01 -2.98538417e-01
    -3.89198959e-01 2.02250004e-01 -3.72453004e-01 -5.29368103e-01
    2.88424015e-01 1.22446537e-01 -1.08018309e-01 -3.52902234e-01
    -4.58204955e-01 -3.73203188e-01 -2.50506520e-01 -3.73874813e-01
    -6.67138398e-02 -2.61439979e-01 -9.14797187e-02 -1.89103723e-01
    -9.82568860e-02 -1.15025103e-01 -3.30257028e-01 1.94827378e-01
    -2.91614532e-02 4.95371848e-01 1.70773536e-01 -2.30227053e-01
    -2.15094745e-01 4.19836760e-01 -4.87834215e-02 -1.28012896e-02
    -1.52478307e-01 3.32453132e-01 2.42064714e-01 -4.08826321e-01
    -5.30535102e-01 3.68360102e-01 -3.79847497e-01 6.02066517e-04
    1.66596115e-01 1.89396143e-01 3.54103446e-01 3.59410346e-01
    1.34864628e-01 -5.50888181e-02 3.89450014e-01 4.20778900e-01
    -4.43961531e-01 1.92916781e-01 7.82628655e-02 -1.55277789e-01
    -4.67734993e-01 1.97627664e-01 -4.18145061e-02 -2.45603621e-01
    4.69682038e-01 4.48811889e-01 -2.40170598e-01 -1.21307760e-01
    9.33722854e-02 -2.67857015e-01 -4.66235727e-01 -3.10603410e-01
    1.40842855e-01 8.90640616e-02 2.07530022e-01 4.73677576e-01
    -2.87663609e-01 -3.78456265e-01 -4.46475089e-01 4.25332069e-01
    7.62683153e-03 8.89069438e-02 -2.42515624e-01 1.57779217e-01
    -1.41487390e-01 1.64808095e-01 7.56916404e-02 -4.42569703e-01
    -3.36484879e-01 8.87854695e-02 -4.26463813e-01 -1.42239600e-01
    -4.45540428e-01 4.75252837e-01 1.85015857e-01 -3.14467460e-01
    1.01670623e-02 -2.02873945e-02 8.31767917e-02 3.59594822e-03
    3.12235773e-01 -5.40162742e-01 1.40161514e-02 6.64469600e-02
    -4.25222248e-01 -2.64930665e-01 2.83458292e-01 -4.49999601e-01
    7.56101012e-02 -4.09734100e-01 1.45133018e-01 -3.54922205e-01
    2.22210467e-01 -4.52817947e-01 1.80535614e-01 2.34270006e-01
    -4.68945473e-01 -2.97532171e-01 4.20222580e-01 -4.49875891e-02
    -2.20443845e-01 -2.41472900e-01 2.23138034e-02 -4.01123106e-01
    -4.38003570e-01 4.24328774e-01 3.86182070e-01 -1.02657676e-02
    1.36181712e-02 -2.38470495e-01 -4.10188586e-01 3.45265925e-01
    1.47032320e-01 4.00760770e-01 9.53440666e-02 -3.67946953e-01
    3.85324955e-01 -2.56884903e-01 -7.25414157e-02 -3.62154841e-02
    -1.94349408e-01 -2.46963531e-01 3.41915071e-01 3.95780921e-01
    7.75425434e-02 1.21119142e-01 -4.90135044e-01 3.35536003e-01
    -8.24891925e-02 -2.15473592e-01 -3.93885791e-01 2.36559957e-01
    -1.79470420e-01 -4.28698808e-01 -1.44267917e-01 -2.89481759e-01
    -1.92176700e-01 -3.23879570e-01 2.91164160e-01 -3.49481344e-01
    3.71062636e-01 -3.56355250e-01 -9.32368636e-02 3.85885179e-01
    2.37804592e-01 -1.16303861e-01 -4.68510598e-01 -9.21633840e-03
    -2.86588669e-01 2.04123229e-01 4.24087226e-01 3.91848922e-01
    -4.44497764e-01 4.98892069e-02 -3.81241024e-01 3.16195190e-01
    -6.25618994e-02 3.60533237e-01 3.06975842e-02 -1.53261364e-01
    -1.33872330e-02 1.25933230e-01 2.63867080e-01 -3.16053629e-01
    2.84266949e-01 -1.85753107e-01 3.41922462e-01 -3.61496717e-01
    4.37629640e-01 -5.08093715e-01 2.73120403e-03 -2.98336178e-01
    -4.41002786e-01 -4.28870648e-01 -2.29160309e-01 3.63469899e-01
    -3.58169019e-01 3.36674690e-01 2.10233748e-01 7.13232160e-02
    -3.87206107e-01 -2.87401915e-01 -5.04912376e-01 -2.81604677e-01
    1.01581931e-01 5.02157331e-01 -4.25533235e-01 1.51770711e-01
    -1.76135898e-01 -1.17396861e-01 9.06546712e-02 3.51883143e-01
    5.74530661e-01 7.95434117e-02 1.18257433e-01 1.52689934e-01
    -2.17179716e-01 4.46103573e-01 -3.67455482e-02 -2.01204091e-01
    -2.57191360e-01 3.02623391e-01 2.33531028e-01 -3.11663657e-01
    2.06676126e-01 1.31730556e-01 2.04699337e-01 2.07818747e-02
    -3.39362115e-01 -2.85854042e-01 2.77404785e-01 6.14717007e-02
    1.52893066e-02 4.49816734e-01 -1.39701962e-02 -3.97235423e-01
    1.32085204e-01 -3.86889964e-01 2.57272124e-02 3.56379390e-01
    1.07819498e-01 -5.40855825e-01 4.23569500e-01 -3.28693986e-02
    4.26363289e-01 3.95171970e-01 -1.72242820e-01 1.35915220e-01
    -1.93077147e-01 1.94009781e-01 1.43156588e-01 -5.00723958e-01
    -4.96819973e-01 -4.07478571e-01 3.63855720e-01 -2.60309756e-01
    -1.93328023e-01 4.37468112e-01 4.39771056e-01 -1.87915832e-01
    -2.00055957e-01 -2.94821560e-01 -2.15471298e-01 -1.67978883e-01
    -5.64056635e-02 -1.61843061e-01 -4.07688320e-02 3.44692767e-01
    1.40266359e-01 6.56956434e-03 1.31224990e-02 1.49903864e-01
    -1.94108486e-03 -1.05161786e-01 -2.82007694e-01 2.84471154e-01
    -2.46056855e-01 -1.33795708e-01 -2.30339646e-01 3.15710962e-01
    3.83074999e-01 1.30423427e-01 -2.63974905e-01 1.84709132e-02
    -2.28576481e-01 -2.87115574e-01 -2.38470435e-01 -9.38936174e-02
    9.69648063e-02 -1.56763524e-01 2.84913331e-01 8.96925330e-02
    -1.12415344e-01 4.38576221e-01 3.52681577e-01 2.05061853e-01
    -2.67618060e-01 2.08301663e-01 -4.12724018e-01 1.40472054e-01
    4.25162315e-01 4.03321087e-01 -3.19362342e-01 -5.38607955e-01
    -1.96154952e-01 -3.64114970e-01 -5.50938010e-01 -5.43007731e-01
    4.17797565e-02 -3.86948466e-01 -4.74940300e-01 -2.84914970e-02
    -3.85132581e-01 -2.35285163e-02 1.51928067e-02 -3.94890159e-01
    3.11909974e-01 6.50603473e-02 -3.79115134e-01 -4.44620818e-01
    1.87095851e-01 -3.32617044e-01 1.95345938e-01 -4.35951352e-02
    3.04861546e-01 3.86604369e-01 -3.72672200e-01 -3.89181882e-01
    5.78098595e-02 7.87353516e-03 -2.11937428e-02 2.00371146e-02
    -3.01637322e-01 -6.64625168e-02 -2.60655642e-01 6.88683689e-02
    -1.76985651e-01 -5.20964742e-01 -3.47290903e-01 4.16196525e-01
    -4.98198211e-01 -1.65117204e-01 1.40131235e-01 -9.27461386e-02
    -4.82898057e-02 1.98997259e-02 1.02100074e-01 -9.59049165e-02
    4.01033163e-01 -1.59527719e-01 -4.01515186e-01 -4.11611736e-01
    -6.68106079e-02 -2.42354989e-01 1.93215191e-01 -2.12315619e-01
    -4.04837638e-01 -1.92870259e-01 -1.98465437e-01 -3.62659603e-01
    -5.31355739e-02 -1.09425396e-01 1.60000443e-01 2.93510497e-01
    1.78502202e-02 2.91434467e-01 -1.72407985e-01 3.09095383e-01
    -2.01970935e-02 -4.15658802e-01 3.21380973e-01 -4.69906956e-01
    1.40406430e-01 -7.95938969e-02 1.92192614e-01 1.58895373e-01
    -1.10046029e-01 1.66486144e-01 -2.98093110e-01 3.46420676e-01
    -4.51362938e-01 2.32133627e-01 -3.30514759e-01 3.34554672e-01
    1.48595572e-01 6.09055758e-02 -1.69399381e-01 -9.78361070e-02
    1.43837273e-01 -1.02033615e-02 -5.37196338e-01 -1.17109060e-01
    5.95192909e-02 3.22883129e-01 4.02025282e-01 -4.62623090e-01
    2.62910366e-01 -4.90443796e-01 2.97307968e-02 2.90504634e-01
    -2.72834331e-01 3.91471267e-01 -2.46381998e-01 -3.55913222e-01
    -1.41926080e-01 -1.29436374e-01 -1.38916135e-01 -1.95011437e-01
    -4.64536726e-01 -2.25395620e-01 -2.04615057e-01 4.68962193e-02
    -4.34957564e-01 2.54811525e-01 1.72137201e-01 2.02504694e-01
    1.58336639e-01 -4.18285906e-01 4.76974487e-01 -4.30507213e-01
    -4.49965805e-01 2.56482601e-01 1.89028800e-01 -1.08948410e-01
    2.24342346e-02 1.02665335e-01 2.16958821e-01 2.46888399e-01
    2.31177449e-01 -3.74474317e-01 -2.40886211e-03 2.80131340e-01
    -1.81598336e-01 -4.66194451e-01 2.84412146e-01 -2.35783875e-01
    4.33536768e-01 -2.05787003e-01 -4.41615015e-01 -2.22252369e-01
    -5.19426465e-01 1.67893469e-01 -1.93845868e-01 -1.63974047e-01
    -4.73548859e-01 3.21116447e-02 -2.03482121e-01 4.40823615e-01
    1.02077127e-01 1.36768281e-01 -3.00895214e-01 4.35768127e-01
    -1.26651227e-01 3.45550239e-01 -1.72648668e-01 2.64075041e-01
    -6.24570251e-02 3.14589322e-01 -5.30735195e-01 -3.10624808e-01
    -4.23357189e-01 4.41264570e-01 2.44558930e-01 -2.49960929e-01
    -1.21337593e-01 2.99603939e-01 -1.85873449e-01 -1.84979647e-01
    -4.43026036e-01 -3.78233105e-01 -2.49203175e-01 -2.80536354e-01
    -1.89059883e-01 1.18196607e-02 -4.50384378e-01 9.68109965e-02
    1.79262102e-01 -8.62267613e-02 -4.91117716e-01 3.42599213e-01
    -2.54720718e-01 3.49529684e-01 -2.21578240e-01 -1.14256471e-01
    -5.84039092e-02 3.06735575e-01 2.00090706e-01 4.20095563e-01
    -5.00780821e-01 1.10876560e-03 3.88249755e-02 -3.91544610e-01
    4.03699130e-01 -3.39372486e-01 -3.46813887e-01 -2.02482015e-01
    1.47605121e-01 3.61915171e-01 -3.44393045e-01 3.67247283e-01
    1.03827775e-01 2.97392190e-01 -3.45459968e-01 -3.47301453e-01
    3.48086059e-02 3.95656824e-01 -3.03966284e-01 4.11733091e-01
    3.72847140e-01 -7.98332691e-03 -4.50108767e-01 -2.78693199e-01
    3.09069812e-01 -2.21476108e-01 2.72769034e-01 2.72962153e-01
    1.49364442e-01 2.44805217e-01 -3.02660346e-01 -3.01931798e-02
    1.73477530e-02 -3.96291614e-02 3.64462972e-01 4.05941010e-02
    1.47614002e-01 -1.30944133e-01 3.16826046e-01 -9.99957025e-02
    -3.28462958e-01 -7.85097778e-02 2.05678165e-01 2.67738819e-01
    1.06661141e-01 1.67544007e-01 4.62845564e-02 8.43960047e-02
    -3.88086468e-01 4.05694515e-01 -2.50331104e-01 5.12063503e-04
    2.54441857e-01 -1.06278658e-02 -2.09261447e-01 2.12853789e-01
    5.85838854e-02 1.14766657e-02 -2.43428081e-01 -3.78988892e-01
    1.35809153e-01 2.82801390e-02 -3.20150346e-01 3.38187695e-01
    -4.41557735e-01 -3.75558317e-01 2.47561336e-01 -2.50008821e-01
    3.10719013e-04 4.54193294e-01 -3.47409874e-01 -1.97763324e-01
    4.02322322e-01 2.74226844e-01 -4.92659599e-01 4.03056324e-01
    -2.45309949e-01 -1.97389781e-01 7.74518847e-02 -1.50774926e-01
    3.21727991e-03 1.98957980e-01 -2.40741849e-01 -4.40676510e-01
    3.95464778e-01 4.45154727e-01 -1.07913673e-01 -1.85107887e-01
    -2.25249946e-01 3.75135094e-01 -4.84103620e-01 -1.56871676e-02
    3.69542241e-01 9.76297259e-02 -1.11729354e-01 4.77417290e-01
    8.22383165e-03 2.74994969e-02 -3.49055827e-02 -4.92696136e-01
    1.85955316e-01 -2.59632885e-01 1.51532292e-01 -1.72571599e-01
    -3.25754344e-01 3.49275470e-01 2.65356332e-01 -7.67039955e-02
    -1.87293023e-01 4.49827552e-01 3.37707996e-02 -2.54703164e-02
    2.92374313e-01 -1.82132632e-01 -2.70112276e-01 4.82547432e-01
    3.84717643e-01 -4.24493372e-01 3.02443743e-01 -2.19543278e-01
    4.89501059e-01 -2.81226605e-01 -1.53655648e-01 2.46839106e-01
    3.50852668e-01 -2.80985236e-02 4.14061725e-01 -5.54317832e-02
    3.65387559e-01 3.97320509e-01 -4.64922071e-01 -5.44879675e-01
    1.48230672e-01 -3.02797377e-01 -4.98516083e-01 -1.79576457e-01
    5.66968322e-02 -1.82307959e-02 4.33711290e-01 -2.05814362e-01
    -4.21709210e-01 -8.09706450e-02 -1.97419703e-01 6.66171312e-02
    3.22902679e-01 -3.61256480e-01 1.85231775e-01 3.62837017e-02
    -1.77428007e-01 -1.64986968e-01 -3.97429377e-01 3.18247080e-03
    5.83856106e-02 -3.08391720e-01 2.72454858e-01 -4.93685901e-01
    -1.52891994e-01 -1.27174318e-01 -3.52132916e-01 3.63912582e-01
    -3.94355625e-01 5.45563102e-02 -3.76017034e-01 1.72184289e-01
    4.28631783e-01 -5.98841906e-03 -2.66653031e-01 -4.28623527e-01
    5.06150484e-01 -3.04267347e-01 -1.34552032e-01 2.43424892e-01
    1.14690274e-01 -8.53499472e-02 2.77522564e-01 -1.75866246e-01
    4.15439814e-01 4.43437696e-01 -5.03702402e-01 6.25923276e-02
    2.20382750e-01 -2.23525375e-01 2.81969130e-01 2.51874685e-01
    -3.05602580e-01 -5.10188341e-01 -3.97756279e-01 4.52136308e-01
    1.69372022e-01 4.87961709e-01 -2.01738030e-01 3.39596927e-01
    -1.53947800e-01 -3.82664740e-01 2.32001007e-01 -4.76160616e-01
    1.42308235e-01 -1.05693012e-01 4.88009989e-01 1.30347311e-01
    -3.89778852e-01 3.49179208e-01 -4.74862218e-01 -1.18632317e-02
    -1.70538098e-01 -1.41379982e-01 4.66001034e-03 1.29008889e-01
    4.12340939e-01 4.00016367e-01 1.06309474e-01 2.02318311e-01
    -2.96230435e-01 1.13936305e-01 2.26047158e-01 -7.22542107e-02
    5.64595103e-01 1.88097835e-01 -4.84167248e-01 4.29158628e-01
    -4.53054249e-01 2.47124791e-01 1.57730460e-01 -5.23698926e-02
    -2.46827841e-01 3.04661214e-01 4.75554466e-02 4.19481218e-01
    -1.73482299e-01 3.75128984e-02 -1.89521849e-01 4.60246205e-02
    -2.64897346e-02 -4.03450459e-01 1.14171803e-02 -5.73120713e-02
    -4.41083848e-01 1.87296003e-01 -2.84998178e-01 3.75668019e-01
    -1.01705730e-01 -4.86427546e-03 3.18622589e-01 2.28760481e-01
    -1.43148094e-01 -4.43302900e-01 -3.47594440e-01 -2.75159687e-01
    1.98392928e-01 -2.84643173e-02 -4.23490882e-01 3.87938857e-01
    3.33070755e-04 -2.82073349e-01 -2.15763897e-01 -4.77820188e-01
    2.96004295e-01 -1.06600344e-01 -3.81496489e-01 -9.03602540e-02
    4.60507125e-01 1.28613174e-01 -7.19064772e-02 1.62653863e-01
    -2.15424478e-01 1.96636140e-01 -4.94209498e-01 7.43245482e-02
    2.86137998e-01 -5.24262011e-01 -4.41988498e-01 -4.41636711e-01
    -1.80611551e-01 3.47661376e-01 -2.88234532e-01 3.33195150e-01
    3.00378084e-01 -4.75794971e-01 -3.73289287e-02 -3.10947597e-02
    8.49730372e-02 -3.28783810e-01 -1.69309109e-01 -5.45988202e-01
    2.63444036e-01 5.74097335e-02 -4.87996340e-02 -2.93199420e-02
    1.57650709e-01 -1.66499853e-01 9.89911556e-02 2.31137335e-01
    2.45447934e-01 -7.93049634e-02 -4.48469341e-01 -3.72655511e-01
    -4.67814445e-01 -4.60979968e-01 1.12445354e-02 6.10916018e-02
    2.63069808e-01 -5.99026978e-01 4.08864737e-01 1.66417897e-01
    -2.83265144e-01 -3.20758969e-01 -2.24049747e-01 -6.00041151e-02
    4.27163452e-01 -4.07346487e-02 -1.33835077e-01 -2.83008635e-01
    -2.39751250e-01 -1.34226203e-01 3.26514244e-04 -2.39049107e-01
    -2.66111493e-01 1.15752220e-02 -1.68173194e-01 1.97020173e-02
    4.31960821e-01 -4.85550076e-01 1.81092441e-01 5.12698293e-02
    2.54014134e-03 -6.47697151e-02 -4.30551231e-01 1.98133945e-01
    4.25083011e-01 8.38074386e-02 -2.46516466e-01 -2.26169050e-01
    4.02520061e-01 4.14271623e-01 -4.12801117e-01 -1.46004587e-01
    2.73517072e-01 3.85191798e-01 3.01851392e-01 8.62764716e-02
    2.78542846e-01 -1.09380096e-01 -1.77368522e-02 -3.55846852e-01
    4.35850024e-03 -3.14060509e-01 2.09764540e-01 7.96955824e-03
    2.82925963e-01 -4.58323479e-01 1.48497045e-01 4.01234090e-01
    -4.68182534e-01 -4.18023527e-01 -3.96560013e-01 3.06794047e-01
    6.03018701e-02 -2.40552992e-01 2.82939076e-02 -3.47380131e-01
    -5.30308783e-02 8.06375146e-02 2.48234451e-01 1.49298549e-01
    -3.47574562e-01 2.34264135e-02 -2.25011557e-01 4.29095149e-01
    9.92950797e-02 -8.20608139e-02 7.68905878e-02 -4.45954084e-01
    -3.19755882e-01 -1.42106414e-01 -3.02734077e-02 -2.29690075e-02
    -2.34894603e-01 -2.44719744e-01 -1.41798854e-02 4.58966911e-01
    2.99336612e-01 -2.70890534e-01 -3.83264422e-02 -1.82752252e-01
    -5.29411912e-01 -8.47085714e-02 -1.69450581e-01 1.72104955e-01
    2.08041847e-01 -8.91611576e-02 3.17569554e-01 -2.56597579e-01
    2.62971938e-01 -3.46473724e-01 -4.07633096e-01 3.70128810e-01
    -2.00406909e-01 4.37263668e-01 -7.41768479e-02 -2.39996403e-01
    8.31166506e-02 3.67877007e-01 -2.64427781e-01 -2.35347569e-01
    -5.07655740e-03 7.78480172e-02 2.08370507e-01 2.97339737e-01
    2.60908127e-01 6.42204285e-02 -3.11308712e-01 2.37917066e-01
    1.32919252e-01 4.28702056e-01 -4.26992178e-01 3.06488752e-01
    -1.87332928e-01 1.59525454e-01 -4.08584356e-01 -2.02573687e-01
    2.46936411e-01 3.64810348e-01 -4.86433536e-01 -1.70935839e-01
    -1.92955971e-01 -1.48741603e-02 -3.79218757e-02 5.37717640e-02
    6.90318048e-02 -4.81453568e-01 -5.32304943e-02 -8.01185966e-02
    1.70707285e-01 -8.43551159e-02 1.99988961e-01 1.61208808e-01
    -1.69229746e-01 7.81003833e-02 2.68874764e-02 2.57896125e-01
    -4.12606418e-01 -2.14223236e-01 2.27486074e-01 3.89861673e-01
    -1.89674973e-01 -2.61243641e-01 5.14618218e-01 -4.36969399e-01
    -2.62991041e-01 1.86198652e-01 -1.59733683e-01 -2.34747648e-01
    4.37752604e-02 -1.60294950e-01 -1.88139170e-01 -3.09944153e-02
    -3.26828241e-01 -1.51573718e-01 -1.80416107e-02 5.50559759e-02
    1.01943076e-01 3.62077832e-01 -1.90652728e-01 -1.60409629e-01
    -1.92852616e-02 -5.39999008e-01 2.98404694e-02 -4.67871159e-01
    1.61854625e-02 4.34709907e-01 -2.42087245e-01 -1.66641682e-01
    -9.21732485e-02 -1.74576223e-01 -1.59626126e-01 9.37436223e-02
    3.44833732e-02 -4.70472753e-01 -1.58268571e-01 -3.73315185e-01
    -2.35932887e-01 7.71301985e-03 -4.82013434e-01 -1.75939232e-01
    2.93363154e-01 -2.79975474e-01 -5.98894060e-02 -1.08253866e-01
    1.38887286e-01 3.40357929e-01 5.34790516e-01 -3.53051633e-01
    -4.72482562e-01 4.91196692e-01 2.29755163e-01 5.30274749e-01
    5.10398149e-02 6.29009306e-02 2.82182276e-01 -5.42914748e-01
    4.12735164e-01 7.42211938e-02 -4.02024716e-01 -3.51237506e-01
    5.38721681e-02 2.72355855e-01 -8.75379145e-02 -1.21844232e-01
    -4.61050749e-01 1.39637649e-01 4.29557264e-02 4.32872593e-01
    -2.11504906e-01 -3.83806765e-01 1.15902036e-01 -4.66139048e-01
    -1.68137968e-01 -1.51091427e-01 -7.32522309e-02 -3.32329899e-01
    4.27784204e-01 -9.49693024e-02 -3.52860183e-01 -2.87686199e-01
    -3.79915804e-01 2.86250293e-01 4.53169405e-01 1.17453456e-01
    2.70558417e-01 2.59966612e-01 -3.88473183e-01 -4.72930610e-01
    7.54828453e-02 2.17652678e-01 -1.84996933e-01 -4.57641304e-01
    -2.01355934e-01 3.55420291e-01 3.51113021e-01 5.52449226e-02
    -1.10241234e-01 4.29655313e-02 -1.48002982e-01 1.00286752e-01
    -4.44950789e-01 8.73075724e-02 -3.54876518e-02 1.48660183e-01
    -2.86764503e-02 -6.12412691e-02 -2.41025686e-02 3.74764025e-01
    1.72599167e-01 1.23001099e-01 3.76734376e-01 -4.10752863e-01
    2.01247394e-01 1.28595054e-01 -2.94795096e-01 8.72857869e-02
    -4.01808202e-01 -2.53347099e-01 7.31616616e-02 4.62213099e-01
    -7.29113221e-02 -2.82390356e-01 -2.60636717e-01 7.87292421e-02
    -2.38962382e-01 2.04862356e-02 1.40453577e-01 -1.55268788e-01
    2.05696523e-01 -4.56317872e-01 -4.05823290e-01 2.76131898e-01
    -8.95253420e-02 -3.61248314e-01 8.19268823e-02 -8.75810087e-02
    -4.73480910e-01 -2.77154952e-01 1.67446733e-01 -7.68175423e-02
    -2.99310893e-01 3.86724532e-01 3.20717275e-01 -1.70938551e-01
    9.09039974e-02 -1.88370526e-01 -5.05328774e-02 5.67662120e-02
    2.12707162e-01 -7.61760473e-02 -1.92890823e-01 -9.00445580e-02
    -2.66776145e-01 -3.43544066e-01 -1.20183825e-02 -1.93305254e-01
    -1.48156732e-01 -1.64046049e-01 -4.12740648e-01 -3.31371427e-02
    -1.57250106e-01 -4.58905458e-01 4.17392075e-01 1.99692190e-01
    -3.11639369e-01 4.35091227e-01 -4.22333747e-01 1.00777417e-01
    2.33580947e-01 3.89840603e-01 3.60854089e-01 4.02255714e-01
    -2.15975255e-01 4.02241409e-01 -6.85008764e-02 -5.53996325e-01
    -4.49839056e-01 4.06845510e-01 2.70572841e-01 -2.40800083e-01
    -2.14140296e-01 -5.21574974e-01 1.60382390e-01 -4.60802615e-02
    8.15917850e-02 -4.02050972e-01 5.42807519e-01 -3.89774352e-01
    -2.93190479e-01 -3.12795252e-01 1.24454677e-01 2.84933805e-01
    -5.50177276e-01 -4.44402963e-01 1.72913611e-01 2.36238778e-01
    1.77929580e-01 1.40299201e-01 -6.87372088e-02 3.07919979e-02
    -2.09057331e-01 1.26620412e-01 1.04566872e-01 2.93293595e-02
    3.05026233e-01 -2.98080564e-01 2.74300992e-01 8.82530212e-02
    -3.87215346e-01 4.85169947e-01 -2.87542343e-01 3.44273269e-01
    -3.69378746e-01 1.69444680e-02 -6.17078245e-02 4.65652943e-02
    -1.47599757e-01 -1.15235329e-01 -3.39591354e-01 1.83887750e-01
    -1.30604416e-01 -3.65514994e-01 -4.61258352e-01 -5.19132614e-03
    -1.21993244e-01 3.18095207e-01 -4.82622147e-01 -1.39273018e-01
    4.36388761e-01 4.37170208e-01 -1.10174596e-01 -4.26911950e-01
    1.66134655e-01 2.11788416e-02 -2.54950285e-01 2.48239160e-01
    -1.04011446e-01 -9.90006328e-02 -4.54692334e-01 3.39789450e-01
    1.01655841e-01 1.47818327e-02 2.39957213e-01 -3.79900932e-02
    -3.37827206e-01 -1.08193040e-01 -7.34937787e-02 1.30806148e-01
    7.98621178e-02 -5.06298542e-01 9.60062146e-02 -1.43241882e-02
    -3.80098879e-01 1.75143749e-01 -4.12864596e-01 2.62225509e-01
    4.83914018e-02 -5.30442894e-01 -4.42194432e-01 -3.98170471e-01
    4.59608138e-02 1.45256519e-03 -2.86958694e-01 1.85931921e-01
    1.39778912e-01 -4.12655503e-01 -4.05273408e-01 -9.26347971e-02
    -1.33866042e-01 -4.50960100e-01 3.12277973e-01 2.80407369e-01
    2.57675767e-01 -5.23829103e-01 7.67214298e-02 1.04129672e-01
    5.77885509e-02 -2.57090777e-01 -3.11911702e-02 1.19264722e-02
    3.65279794e-01 -4.47548926e-02 -5.21886647e-01 -4.41352248e-01
    1.33619100e-01 -8.67868662e-02 -2.53566802e-01 4.36854869e-01
    -3.08546722e-01 1.54456496e-01 3.04461539e-01 -7.80294538e-02
    1.36414170e-01 3.23853731e-01 -2.92381823e-01 7.99208283e-02
    3.50547969e-01 -2.10479498e-01 -4.55624402e-01 -5.85067272e-03
    -2.09408581e-01 -2.71836609e-01 1.72585547e-02 1.58510268e-01
    -2.65955925e-02 2.89002180e-01 3.92377198e-01 -9.94097888e-02
    3.86477202e-01 2.44292051e-01 -2.12330520e-01 6.50792122e-02
    2.18367100e-01 -4.97356415e-01 2.71057010e-01 1.66220069e-01
    3.24113965e-02 -7.84111619e-02 2.11527169e-01 4.73001599e-03
    3.98469985e-01 -1.82481915e-01 -1.84107035e-01 -2.70805836e-01
    1.69560432e-01 1.86243236e-01 -1.42519534e-01 2.33296156e-01
    1.99781060e-02 3.41432571e-01 -2.73884177e-01 -5.29735863e-01
    5.04941940e-02 2.21531391e-01 -6.37887716e-02 7.40838647e-02
    2.70629406e-01 1.55188382e-01 3.53199303e-01 -4.44703043e-01
    -6.25534356e-02 -2.07136899e-01 2.45223403e-01 1.41322017e-02
    1.81347430e-01 1.77822292e-01 1.90441787e-01 -4.14484262e-01
    3.66322041e-01 4.00366068e-01 -3.76511306e-01 -1.85989678e-01
    -3.65776688e-01 3.23065221e-01 -3.88677925e-01 -3.03191602e-01
    -2.73373902e-01 2.91805446e-01 1.62559628e-01 -5.05488992e-01
    -2.34402061e-01 -3.16281885e-01 -3.43259513e-01 1.43961400e-01
    3.82649243e-01 -2.96814650e-01 -1.37549907e-01 -7.55870342e-03
    -2.97552347e-03 1.70627773e-01 -1.80059850e-01 2.40217507e-01
    -2.01440454e-02 -4.25777286e-01 2.15749204e-01 2.37852752e-01
    -2.10939467e-01 -2.69968957e-01 -3.87185484e-01 2.72040188e-01
    1.35636628e-02 -4.89537120e-02 -7.32499361e-03 4.71085310e-03
    -3.60833794e-01 7.93385804e-02 -1.24471009e-01 3.56415391e-01
    2.07356989e-01 -5.10774851e-01 2.29280561e-01 -1.79351747e-01
    -4.23067063e-01 2.10836351e-01 -2.31500745e-01 -1.87710792e-01
    -1.45397961e-01 4.46480513e-02 -5.78134954e-02 -5.34249783e-01
    -3.34368855e-01 3.95197749e-01 -3.59120876e-01 -1.77574962e-01
    3.37077796e-01 3.42606425e-01 -1.19653404e-01 -2.57421106e-01
    8.97166133e-02 -2.77856886e-01 5.60604930e-02 4.07169640e-01
    -2.61365741e-01 2.95638651e-01 -2.42162347e-02 -1.24089688e-01
    4.33785349e-01 -1.64755225e-01 5.39029002e-01 -2.61815667e-01
    -4.41217840e-01 -3.69029820e-01 8.20308328e-02 -4.45269853e-01
    2.23789811e-01 -4.33729291e-01 3.32305074e-01 -1.44203693e-01
    -1.26546592e-01 -1.48163497e-01 -5.53606331e-01 -1.23139352e-01
    -3.64752501e-01 1.94744587e-01 -3.69855464e-01 3.55260968e-02
    -3.47843170e-01 -3.03822488e-01 -9.09671187e-02 3.82570565e-01
    1.17186964e-01 -3.13434988e-01 -2.21237540e-03 -2.26430297e-02
    1.04990423e-01 -3.32720906e-01 -9.39195454e-02 3.17673028e-01
    -1.22832000e-01 -2.58112699e-01 -7.20185935e-02 -3.56161505e-01
    3.63349319e-02 2.21309066e-02 2.59098709e-01 2.19175816e-02
    -1.25036746e-01 -1.59724563e-01 -7.59686828e-02 1.57029152e-01
    2.06095278e-01 -5.23071408e-01 4.36765909e-01 -5.13756871e-01
    -2.51859963e-01 1.10448241e-01 -6.81577027e-02 -3.22682291e-01
    -2.08690017e-01 1.37809813e-01 5.42967319e-02 4.06430066e-01
    4.41849649e-01 -2.93235272e-01 2.83201665e-01 -2.55547792e-01
    -3.74034196e-01 1.40830547e-01 4.67136502e-02 2.20723748e-01
    3.45025063e-02 -5.34691930e-01 3.12174082e-01 -1.91494256e-01
    -2.45709270e-01 -3.97390306e-01 -3.38207483e-01 -7.01836646e-02
    1.47552788e-02 -4.32249904e-01 -2.63712049e-01 2.02373087e-01
    -3.52008224e-01 1.29820734e-01 -2.06603974e-01 -9.15213227e-02
    -4.27697062e-01 7.35695958e-02 -1.99482113e-01 -3.32251310e-01
    3.04861784e-01 7.71384239e-02 2.00697839e-01 -5.34039736e-01
    1.41612291e-01 3.62532794e-01 3.46919954e-01 1.75164938e-02
    -3.83917481e-01 -8.62306058e-02 -1.72259927e-01 -4.72201258e-01
    -4.73269820e-01 3.93035620e-01 2.36948758e-01 -1.91852719e-01
    -3.68746549e-01 -1.03148311e-01 4.17331755e-01 4.06494260e-01
    -2.26534128e-01 9.32250917e-02 -1.51445508e-01 3.55674028e-01
    3.32980573e-01 -3.77369642e-01 -2.26143807e-01 -1.85008645e-02
    1.83267117e-01 -1.91377133e-01 8.67319107e-03 -3.83274019e-01
    -7.64358342e-02 -1.24811709e-01 4.58138138e-01 3.26682508e-01
    -2.74252117e-01 -1.64457381e-01 -1.14843309e-01 -2.04306841e-01
    2.06327438e-03 1.63805544e-01 1.57940090e-01 -2.84813404e-01
    3.69875610e-01 -4.01999116e-01 -7.19022155e-02 -4.59927261e-01
    -4.89814281e-02 2.66066790e-01 1.11304343e-01 -1.75073057e-01
    2.67967224e-01 2.19309032e-01 2.98954010e-01 -3.45810950e-02
    1.85449570e-01 -2.20869303e-01 -4.21950668e-01 4.94403392e-01
    2.89646745e-01 5.56826591e-04 1.64837897e-01 -3.20082903e-01
    1.19039029e-01 -1.32001132e-01 -2.80315876e-01 2.00797081e-01
    1.26429379e-01 -2.98843384e-02 1.33859456e-01 -5.97946048e-02
    2.57231236e-01 5.29730320e-02 -2.43589640e-01 -3.56325209e-01
    -2.17952609e-01 -5.60431182e-02 -3.43194634e-01 -1.11799836e-01
    -2.28094757e-01 4.29253191e-01 1.31322205e-01 -4.77534592e-01
    6.07452691e-02 3.41641337e-01 -5.29797912e-01 6.71121478e-02
    -1.21185958e-01 1.66818619e-01 1.83473349e-01 -2.07549244e-01
    -2.91687250e-01 3.26198876e-01 -3.60367984e-01 -4.99528557e-01
    -1.18433475e-01 3.04778039e-01 2.22386599e-01 1.36045218e-02
    1.91756010e-01 -3.19674671e-01 9.79853272e-02 -5.23268044e-01
    2.15101182e-01 -1.15271300e-01 -4.30008888e-01 2.97733843e-01
    2.61065662e-01 2.27975965e-01 -3.49259615e-01 -5.23569286e-02
    5.27579069e-01 -3.50695670e-01 1.37556255e-01 -2.73700893e-01
    -5.05592227e-02 3.29675913e-01 -2.52361417e-01 -3.60001713e-01
    -3.34882617e-01 1.54341221e-01 -1.07911110e-01 -3.59057456e-01
    1.70864820e-01 -1.40683115e-01 -2.26047665e-01 1.92027837e-01
    -5.00698984e-02 -3.91729057e-01 1.58217967e-01 -1.13328785e-01
    4.14961457e-01 -3.48188728e-01 -1.38589472e-01 -1.14687562e-01
    -2.62555689e-01 2.73894012e-01 3.00561607e-01 -1.76412046e-01
    3.84342790e-01 6.05081320e-02 3.70429397e-01 1.33903623e-02
    -4.18585509e-01 -3.96750569e-02 2.65950501e-01 -3.59680921e-01
    2.28007495e-01 4.94464636e-01 -1.83874696e-01 -3.66383731e-01
    -2.88821846e-01 -1.43904477e-01 1.94237471e-01 -3.37783426e-01
    -9.30779874e-02 4.14227843e-01 -2.76411533e-01 -1.76922321e-01
    -5.34924567e-02 -4.41810668e-01 -1.78374112e-01 5.40743232e-01
    1.23547316e-01 -3.25181395e-01 -3.85970235e-01 5.15136600e-01
    -5.53115606e-02 -3.39351416e-01 2.55206227e-02 -3.84965420e-01
    -3.26661676e-01 -2.50324667e-01 -3.18838358e-01 -2.34994352e-01
    2.52407253e-01 4.44353163e-01 2.35867202e-01 -1.38265312e-01
    -2.20102847e-01 1.19654894e-01 -4.09169286e-01 2.03459263e-02
    8.39644074e-02 3.62873673e-01 4.34053838e-01 1.14601731e-01
    1.09443069e-01 -1.60138786e-01 -1.20922029e-02 2.20476389e-02
    -2.22384393e-01 4.28490937e-01 3.69993508e-01 4.04433757e-01
    -3.26043010e-01 8.01700354e-03 -4.21560466e-01 3.21876258e-01
    9.11900997e-02 2.55214155e-01 3.76668632e-01 -2.62723505e-01
    7.88834095e-02 4.48700488e-01 -2.35234439e-01 1.45375192e-01
    -4.19301838e-01 1.92953467e-01 3.29279184e-01 3.99722219e-01
    3.07825983e-01 -4.12960887e-01 -3.83827209e-01 6.59438968e-02
    6.42454624e-02 -1.66454077e-01 2.94604421e-01 1.16009593e-01
    -3.50008398e-01 5.01108170e-03 -4.87250596e-01 2.82779753e-01
    -4.78301495e-01 -6.60663843e-03 4.30688798e-01 -1.96657062e-01
    -3.08615506e-01 -2.25905806e-01 -7.17684627e-02 -7.33994842e-02
    -2.34281749e-01 -3.00395131e-01 1.65181994e-01 1.79898798e-01
    3.12233925e-01 -2.36234546e-01 -3.65411669e-01 -1.85563564e-01
    4.70247626e-01 3.04562777e-01 -6.10886812e-02 -4.47883874e-01
    3.54465991e-01 2.09341526e-01 2.52686203e-01 4.56330419e-01
    1.22789681e-01 4.64253515e-01 8.12643170e-02 1.72456205e-01
    2.85756528e-01 -4.45444584e-02 2.75026560e-01 -4.23108935e-02
    2.20129430e-01 3.94269049e-01 -5.05562663e-01 -4.29694653e-02
    -1.67504251e-01 7.07933307e-02 3.02829742e-02 -2.37428844e-01
    2.93879211e-01 3.10829759e-01 -4.43864077e-01 4.26561117e-01
    5.04469872e-01 -2.21778452e-01 3.54863107e-02 1.09614432e-02
    -1.69782966e-01 3.37518096e-01 3.11264575e-01 4.10301805e-01
    -2.96605885e-01 -3.74387950e-01 3.52849066e-01 -1.54621929e-01
    8.12420249e-03 -4.73758042e-01 -7.98800886e-02 -5.83369732e-02
    4.86354828e-02 -1.06323361e-01 3.92828882e-01 -2.85684854e-01
    -2.50012398e-01 -4.43796456e-01 -6.99109733e-02 3.24652195e-02
    -2.88717091e-01 4.06745017e-01 -9.78158116e-02 -2.06485093e-01
    4.13393021e-01 -4.04733509e-01 -2.48254120e-01 -4.76498365e-01
    -3.54702175e-01 -2.81938434e-01 -9.35720503e-02 1.34699881e-01
    2.40879238e-01 1.65152431e-01 1.27400517e-01 -7.50302672e-02
    -4.00670558e-01 -3.79366249e-01 2.65732348e-01 -1.25784904e-01
    -1.99155122e-01 -2.12407500e-01 8.43764544e-02 7.76663721e-02
    1.22628927e-01 -4.98629808e-01 -1.01588070e-01 3.06181550e-01
    -1.65531427e-01 3.83785278e-01 -3.78954411e-02 9.51420665e-02
    -2.39831358e-01 -3.57937813e-03 3.19356203e-01 -4.24895287e-02
    1.66745484e-01 -2.31713593e-01 -3.32712442e-01 -2.06262141e-01
    2.14706600e-01 2.10926116e-01 1.83584034e-01 -7.40499198e-02
    2.68450379e-01 -4.36006367e-01 -8.36573839e-02 -3.67181361e-01
    3.60192239e-01 -5.37900627e-02 -6.67929053e-02 4.29017544e-01
    -1.19411469e-01 -4.23938364e-01 2.34712899e-01 -3.67770940e-01
    -2.37787902e-01 6.53271079e-02 -6.63366914e-02 1.21627927e-01
    -3.97534847e-01 -3.84137422e-01 -6.68567717e-02 -3.18476915e-01
    -1.49434894e-01 3.46941888e-01 2.83375919e-01 1.20163500e-01
    -2.90333807e-01 1.50170565e-01 1.07470155e-02 -5.89274764e-02
    -4.81462777e-02 -3.15661132e-01 -7.89869428e-02 -2.75762975e-02
    -1.99509144e-01 4.29607093e-01 -2.22706169e-01 -2.81619251e-01
    4.07777846e-01 2.26570845e-01 -2.17161447e-01 -1.04844898e-01
    2.79917359e-01 1.60059333e-02 -1.93555355e-01 1.43655777e-01
    3.31283152e-01 -1.31477177e-01 -2.36981601e-01 -1.17910564e-01
    3.62905383e-01 -3.49634171e-01 3.31028938e-01 1.22975826e-01
    2.39840567e-01 -5.15419364e-01 -2.62579292e-01 4.37751234e-01
    3.34902704e-01 -4.18345749e-01 -1.00195408e-04 -5.17953992e-01
    -3.83496553e-01 1.20730758e-01 -2.23531902e-01 -2.25022733e-01
    -2.82887369e-01 2.21619427e-01 -1.14541054e-02 5.39884567e-02
    1.89578176e-01 -2.63091087e-01 3.82214367e-01 -1.17253900e-01
    -5.58883846e-02 -6.03854656e-04 2.09896386e-01 3.16576123e-01
    -3.37032050e-01 -1.69409513e-02 -4.65511948e-01 4.13275301e-01
    -1.44532382e-01 -1.89958572e-01 -6.83763027e-02 -1.47450715e-01
    -2.81433463e-01 -5.50704896e-02 5.94639480e-02 2.25711077e-01
    3.01428497e-01 -7.19268322e-02 2.01257229e-01 -2.38045156e-02
    3.57377380e-01 -3.22792262e-01 1.40801132e-01 -2.71594137e-01
    -1.90308154e-01 3.53445888e-01 2.48494625e-01 3.90802503e-01
    -1.03133023e-01 -3.52900892e-01 -3.93794566e-01 -4.45286870e-01
    -1.46553695e-01 -4.72435951e-02 2.90237069e-01 2.74029911e-01
    -2.57758111e-01 2.18937695e-01 3.78370851e-01 -2.40804106e-01
    -2.90535867e-01 3.17414403e-01 -2.71581382e-01 2.47293562e-01
    1.64184362e-01 3.36340845e-01 2.37523586e-01 -4.24310863e-02
    -3.67075354e-01 3.23454618e-01 -8.57555270e-02 1.15984678e-02
    1.26582682e-01 -3.35631251e-01 -4.32456136e-02 -2.39044189e-01
    1.57720327e-01 -1.81891233e-01 -3.04152966e-01 -4.06827092e-01
    -4.26520854e-01 -1.30460143e-01 6.77869916e-02 3.56687605e-02
    1.62081122e-01 3.10573518e-01 -4.78526741e-01 -1.34419203e-01
    3.79224420e-02 2.55507231e-01 3.47669125e-02 -2.50892043e-02
    -4.08649266e-01 -1.38829589e-01 -7.29301870e-02 3.48325312e-01
    -2.18336523e-01 8.09722543e-02 -2.19087988e-01 2.93267190e-01
    3.87751758e-01 -4.62846458e-01 2.95017302e-01 -3.93778950e-01
    2.05367684e-01 -7.32472837e-02 4.20571327e-01 -1.86787665e-01
    2.38720775e-02 -2.08574623e-01 -1.06147617e-01 -4.78356540e-01
    -3.62312138e-01 4.11400914e-01 -3.36957872e-01 7.89604187e-02
    -3.76106918e-01 -4.44471300e-01 -4.81426120e-02 -3.08923483e-01
    -1.10726684e-01 2.69569635e-01 -3.92240077e-01 -8.02683234e-02
    -5.12296200e-01 2.87686765e-01 4.16508436e-01 8.63237381e-02
    -4.51651156e-01 -4.28478360e-01 -1.50913745e-01 -2.91170418e-01
    4.27434981e-01 2.48184323e-01 2.65658438e-01 -1.59276187e-01
    -4.51333374e-01 -7.86895752e-02 5.82427979e-02 4.16188478e-01
    -4.93031144e-02 -3.25422317e-01 -8.62420201e-02 -5.03423750e-01
    -2.96190798e-01 3.89664769e-01 -7.80084133e-02 -1.20743513e-02
    -4.39168215e-02 -2.37635553e-01 3.43527079e-01 2.99474180e-01
    -3.47353011e-01 3.72101367e-01 3.55894566e-01 2.99715877e-01
    -2.57657051e-01 -1.28829360e-01 -2.02386528e-01 -1.57358378e-01
    -4.87520039e-01 2.36744642e-01 3.93751025e-01 -4.48175669e-02
    6.34135008e-02 3.09620500e-01 2.59285271e-01 1.64993078e-01
    -1.57832861e-01 3.46871167e-01 3.16802382e-01 -4.34997678e-02
    1.78549051e-01 -4.32216585e-01 -3.37802857e-01 2.79749691e-01
    -2.65459657e-01 1.38101697e-01 -5.25321960e-01 4.80909348e-02
    -9.16075110e-02 -4.12116438e-01 -4.82202590e-01 -3.60057861e-01
    -3.02632749e-02 -3.08857620e-01 5.64027190e-01 1.74431801e-01
    9.93611813e-02 -2.88677335e-01 3.47097963e-01 4.54968214e-01
    -4.39707041e-01 -3.43944579e-01 -2.27887690e-01 2.47412741e-01
    3.96270573e-01 -3.09055954e-01 -4.09996510e-01 -1.72537893e-01
    -2.80696869e-01 2.77598798e-01 -8.92178714e-02 -1.88545763e-01
    8.16588402e-02 4.36058640e-02 -2.45130777e-01 -1.30529732e-01
    2.50205338e-01 -1.17544442e-01 3.60107422e-02 -2.63829052e-01
    -1.16510302e-01 4.21126127e-01 1.49469435e-01 -1.86453104e-01
    -1.59832060e-01 -5.88940084e-02 4.98953044e-01 1.41395152e-01
    1.72425032e-01 -1.90298051e-01 -3.57179821e-01 -3.79821897e-01
    6.05648160e-02 -9.39899683e-02 -2.96509802e-01 1.10212147e-01
    1.57975852e-01 -3.35915089e-01 -2.12114692e-01 -8.11896920e-02
    -4.36290503e-02 2.33963430e-01 -1.41731828e-01 1.72648937e-01
    -3.99648458e-01 -3.94272894e-01 1.41386807e-01 4.21587288e-01
    1.35342717e-01 -3.17928016e-01 -1.26423836e-01 3.80798578e-02
    2.52098918e-01 -3.90869588e-01 2.07649529e-01 2.31293797e-01
    -2.78462142e-01 -4.72609699e-02 -4.17889237e-01 -2.22654849e-01
    -1.14039928e-01 1.97803557e-01 2.66214490e-01 -1.31890237e-01
    -9.42105949e-02 4.18440878e-01 3.40260088e-01 2.36075878e-01
    2.24214017e-01 -1.03334188e-02 1.50791228e-01 -5.44252038e-01
    3.30969572e-01 2.16095269e-01 1.14808738e-01 3.96524668e-02
    -1.37830377e-01 1.57630444e-01 3.84104788e-01 -6.10171556e-02
    -2.86956131e-01 -1.48657233e-01 1.51578486e-01 -5.75948358e-02
    -1.87762916e-01 -2.26803958e-01 3.60180676e-01 -3.15651715e-01
    4.92256880e-03 2.01446772e-01 -8.73355865e-02 -2.03371227e-01
    -7.98423588e-02 -2.45087981e-01 1.16300046e-01 8.00598264e-02
    -5.03293633e-01 1.12147510e-01 -3.08404535e-01 -4.66302633e-02
    -2.48375833e-01 4.01012242e-01 -3.26462984e-01 -4.50651348e-02
    1.96501791e-01 1.32496953e-02 -2.99391150e-03 -3.44837785e-01
    1.19151890e-01 -3.17678869e-01 -2.43903995e-01 3.52013946e-01
    1.89034194e-01 -3.70240182e-01 -3.63436997e-01 9.57162082e-02
    3.31384063e-01 -3.01557899e-01 4.83303070e-02 -4.66849208e-01
    -2.54513472e-01 -3.67901921e-02 -3.19054872e-01 2.39824831e-01
    -3.21201324e-01 -2.96962529e-01 -3.56357515e-01 -3.73876572e-01
    -4.69944566e-01 -1.80832237e-01 9.05927122e-02 -2.11826921e-01
    -1.98852003e-01 -5.02669334e-01 -3.76185298e-01 1.83053911e-01
    -1.32171035e-01 -8.01511705e-02 9.92312431e-02 -1.65369719e-01
    3.75710487e-01 1.05834663e-01 -5.36174536e-01 2.90322870e-01
    8.34686160e-02 2.52049804e-01 -4.58655953e-02 -4.32195574e-01
    -4.11330849e-01 -3.23913336e-01 6.12415671e-02 1.85554624e-01
    -1.28919274e-01 4.08266604e-01 2.05508053e-01 -5.99605739e-02
    1.44280374e-01 4.24361169e-01 1.94733888e-01 -2.72786170e-01
    -2.83037782e-01 -1.21644199e-01 1.01924092e-01 3.44216526e-02
    -4.39250678e-01 -3.39859128e-02 2.09068656e-02 -2.53254592e-01
    8.68927836e-02 -3.96411687e-01 -1.53888166e-01 4.39982295e-01
    1.78815663e-01 -4.43754792e-02 -5.49601376e-01 3.00524950e-01
    -2.30366588e-02 3.76147807e-01 1.33953154e-01 -1.28785372e-01
    -2.05173671e-01 -4.49092567e-01 9.90348458e-02 1.23861283e-01
    -4.35169637e-01 -1.54870152e-02 2.44262934e-01 6.00947738e-02
    -4.89981472e-01 1.90263987e-02 -4.85748351e-01 2.33374298e-01
    1.96353793e-01 1.55621201e-01 -4.82542902e-01 -2.47975588e-02
    -4.50121880e-01 -1.73831642e-01 -5.58282733e-01 -1.17384195e-02
    1.83412433e-02 2.18009293e-01 2.40973592e-01 -3.99146944e-01
    -2.81774372e-01 -3.00969243e-01 -8.62909853e-02 -2.81022161e-01
    2.11652756e-01 1.76395059e-01 2.11773157e-01 -2.45936602e-01
    6.21700287e-03 1.75342798e-01 -4.27604645e-01 2.39940763e-01
    -6.07051849e-02 -2.10037112e-01 -5.05050421e-01 -8.91341269e-02
    2.94827163e-01 1.81495786e-01 5.15667677e-01 1.05550915e-01
    4.14401829e-01 -2.40105212e-01 1.53012872e-02 -1.31722510e-01
    -8.82232189e-03 4.82967496e-01 -2.83609509e-01 3.02959859e-01
    -1.10541165e-01 1.08575821e-02 2.49660492e-01 -1.54259443e-01
    -5.94064593e-01 1.07369006e-01 2.10377395e-01 -2.77701616e-02
    2.62794912e-01 -4.80464607e-01 3.91165853e-01 -5.33170402e-02
    1.00751966e-01 -2.45512128e-02 1.49787962e-01 -7.17857480e-03
    -1.80238217e-01 -2.62385994e-01 5.43342233e-01 -2.39706844e-01
    1.39174342e-01 -2.98598826e-01 1.98350787e-01 -1.11045778e-01
    -2.45097637e-01 -1.50941163e-01 2.66634822e-02 -1.44373089e-01
    8.94362330e-02 5.34284234e-01 3.27259362e-01 -3.82987887e-01
    -4.02694970e-01 -2.07121432e-01 -4.10036474e-01 3.99634063e-01
    4.35786545e-01 -3.49623561e-02 3.41036916e-02 3.25888097e-01
    -4.89901304e-01 1.25982702e-01 -2.02374339e-01 -4.59909439e-02
    -1.98750854e-01 4.24206495e-01 -1.87314689e-01 -2.61379808e-01
    -4.12666976e-01 -6.95635676e-02 -2.45288610e-01 4.22628820e-01
    -1.47144437e-01 1.50061816e-01 3.07598174e-01 4.70595837e-01
    8.62395763e-02 -2.01277763e-01 -3.90652180e-01 -1.29156619e-01
    4.06571269e-01 -1.52169943e-01 -2.51582503e-01 -1.78811908e-01
    -2.60571450e-01 2.93772042e-01 -7.21556246e-02 4.89712894e-01
    -2.09564567e-02 -5.91221154e-02 -3.19984257e-01 -1.78537250e-01
    3.23164463e-01 -5.22617817e-01 1.36609495e-01 3.26316416e-01
    3.13334644e-01 -6.95908010e-01 -5.92744589e-01 7.85544515e-02
    -3.97254020e-01 -1.06676131e-01 4.34771538e-01 2.18632340e-01
    -2.77372390e-01 3.97527337e-01 -3.15960675e-01 4.79322910e-01
    -4.65373009e-01 -2.47613549e-01 -3.94064009e-01 1.04152322e-01
    -7.97162652e-02 -4.68176425e-01 3.12003553e-01 3.63290787e-01
    -3.98324460e-01 -2.55080789e-01 -2.97745347e-01 1.06530964e-01
    -4.19073105e-02 -4.81656164e-01 3.46193254e-01 -4.54074651e-01
    2.28617787e-02 5.82247972e-02 2.50358403e-01 -7.33889341e-02
    1.90943956e-01 1.38711154e-01 -1.53721362e-01 1.19831443e-01
    1.89777732e-01 -3.03434134e-02 2.11228430e-01 3.27216744e-01
    -5.20681620e-01 -3.15071762e-01 3.83146822e-01 1.08361781e-01
    -1.12584829e-02 -4.77799922e-01 1.45736933e-01 -3.49531651e-01
    -2.04240441e-01 -2.57376134e-01 2.39107132e-01 1.28989458e-01
    -5.46866655e-01 -2.85387933e-02 -4.76488978e-01 4.98044640e-01
    -6.60859048e-02 -5.04078209e-01 -1.59612000e-01 2.37613201e-01
    1.28194064e-01 4.33373153e-02 1.56522959e-01 2.93725729e-02
    7.90786445e-02 -3.58197272e-01 -6.12125397e-01 3.15777898e-01
    2.03163087e-01 -4.79189545e-01 2.32493460e-01 -3.27773094e-01
    1.75909042e-01 -1.39414996e-01 -1.08092695e-01 -1.98718548e-01
    -4.30387855e-01 -1.87293589e-02 3.41568291e-01 -2.25841016e-01
    2.39411205e-01 -7.76069760e-02 7.50499964e-03 3.53682309e-01
    -3.14113259e-01 -4.59719986e-01 -2.71498144e-01 -3.55534047e-01
    4.45401430e-01 1.85774267e-02 -3.53403777e-01 -2.23261625e-01
    -1.66735768e-01 3.49236608e-01 1.00854367e-01 1.15610361e-02
    -2.73885816e-01 8.32376480e-02 -1.89800858e-02 1.83523118e-01
    -2.76911497e-01 -4.21826929e-01 4.30684209e-01 1.06907308e-01
    1.16604686e-01 -1.69704854e-01 -1.97146356e-01 -3.98752898e-01
    2.97516584e-02 -7.20875561e-02 -8.68867934e-02 -3.40516984e-01
    4.34407055e-01 2.66441107e-01 3.75427544e-01 -7.52796829e-02
    -3.42248619e-01 4.43433464e-01 -1.96319371e-01 -3.93521965e-01
    -1.24521166e-01 -4.00991082e-01 4.31563735e-01 2.34141350e-01
    2.03207076e-01 -5.03337443e-01 -3.32647473e-01 4.17757124e-01
    -7.79504776e-02 -2.35027254e-01 -2.60564536e-01 3.00010860e-01
    -3.82057935e-01 2.58290291e-01 1.74597800e-02 -3.40004683e-01
    -1.79813266e-01 9.83355343e-02 1.65670246e-01 -3.47268313e-01
    -1.13065690e-01 2.22433507e-01 -1.82898819e-01 1.80061281e-01
    3.77928615e-01 2.08090603e-01 -1.59155190e-01 1.94445014e-01
    3.55619431e-01 -5.67117155e-01 -3.59460503e-01 -3.62574458e-02
    6.07026219e-02 1.90342009e-01 4.92383748e-01 7.03257620e-02
    -3.10101628e-01 -8.71438086e-02 1.67351067e-01 -3.83071333e-01
    2.75985301e-01 1.87177777e-01 -1.71072930e-01 -1.95314050e-01
    -4.01415437e-01 4.79325056e-02 -1.35785937e-02 9.82689261e-02
    -1.40545279e-01 -7.73793757e-02 -3.93235892e-01 -2.20208764e-01
    -2.02569127e-01 -2.71451950e-01 -8.93913507e-02 -1.60351396e-01
    2.54204810e-01 -1.70014977e-01 -2.22400695e-01 -2.38808811e-01
    -1.56016439e-01 7.57325590e-02 -4.64715958e-01 5.33417463e-02
    2.02091515e-01 -6.37648642e-01 1.55925751e-01 -1.96389556e-02
    2.53001094e-01 9.01247859e-02 -3.61920983e-01 -2.50736266e-01
    4.38721925e-01 3.08837354e-01 -3.82821262e-02 3.25960666e-01
    -1.41020626e-01 -8.77345204e-02 -3.64808440e-01 5.13267457e-01
    4.51063603e-01 -2.70996094e-01 -2.42200196e-02 7.30303526e-02
    -4.34453905e-01 5.29128432e-01 -4.76285160e-01 -4.28050756e-01
    3.54885697e-01 1.26646161e-02 -2.26576537e-01 -3.74539793e-02
    4.51409906e-01 3.98209423e-01 1.13173246e-01 -1.07658505e-01
    -3.54487896e-02 -1.13646418e-01 -7.92478919e-02 -2.42388487e-01
    1.77733004e-01 -1.28966659e-01 2.57189870e-02 -1.76724911e-01
    -4.23497081e-01 -1.15389645e-01 5.32574654e-02 4.33676839e-02
    4.39721525e-01 -7.49439001e-02 -2.78723985e-01 -5.71726859e-01
    -1.94478869e-01 -2.65094072e-01 -4.36896443e-01 3.87256742e-01
    -3.05616796e-01 2.55164504e-02 -1.72254145e-01 1.96572900e-01
    -1.93639517e-01 3.79620075e-01 4.31037188e-01 2.18245953e-01
    2.51057595e-01 -1.51923239e-01 -2.66884625e-01 2.08802909e-01
    -3.94587904e-01 4.13919777e-01 -4.59742248e-02 3.83424461e-01
    -1.82956100e-01 -3.58936667e-01 -1.85380787e-01 1.50285840e-01
    3.08143795e-01 2.53937721e-01 1.45892084e-01 2.88760602e-01
    -5.86872995e-02 -4.29721177e-01 -3.40866238e-01 3.08401018e-01
    -1.07070684e-01 -1.79006904e-01 -2.66775668e-01 -1.56534314e-02
    1.79500103e-01 -4.46553826e-02 -2.86464095e-02 -4.17832017e-01
    3.11485946e-01 6.46364093e-02 -8.05291533e-02 3.26165438e-01
    8.21360946e-02 3.51877809e-01 -4.56600368e-01 1.71990335e-01
    2.86410034e-01 3.97835553e-01 -3.52093548e-01 -1.97174102e-01
    -3.23779076e-01 3.73434544e-01 -1.48169219e-01 3.08973014e-01
    -2.30351448e-01 -4.79950905e-01 3.72182548e-01 -1.74400985e-01
    -2.15778232e-01 -1.78240538e-02 -4.71794188e-01 7.41868019e-02
    2.93594718e-01 1.19757712e-01 2.45618582e-01 6.31424189e-02
    1.25349104e-01 2.89407670e-01 1.18291438e-01 2.75631070e-01
    -1.20068610e-01 -1.35724425e-01 7.71275163e-02 -3.29942942e-01
    1.56150758e-01 -4.52876687e-02 4.16046321e-01 2.50680447e-02
    -1.77024305e-01 -3.24396253e-01 2.44690478e-01 -4.18495029e-01
    -2.06879616e-01 -2.79991210e-01 8.96093547e-02 2.96111226e-01
    -1.36825830e-01 1.73852801e-01 -1.00428164e-01 3.25450897e-01
    -3.75969410e-02 -3.07954550e-02 2.46574938e-01 -1.27551407e-01
    3.28960240e-01 4.09413278e-01 2.66258061e-01 6.01166487e-02
    -1.71523184e-01 2.02491611e-01 5.90381920e-02 -4.66423303e-01
    2.74390399e-01 -1.17882788e-02 -2.37560272e-03 -2.67934591e-01
    2.44894385e-01 -2.73991615e-01 1.60179615e-01 1.31902337e-01
    2.73245990e-01 -2.51119971e-01 -4.70619172e-01 -2.83575833e-01
    3.72975141e-01 -8.86491835e-02 -3.76019776e-01 -2.40060151e-01
    -1.10256761e-01 1.69307172e-01 3.72277677e-01 -7.69844353e-02
    -1.13893747e-01 -4.03247565e-01 -2.72953451e-01 4.07372713e-02
    -2.30629981e-01 -1.75398141e-01 3.15279067e-01 -2.65440255e-01
    -3.31012994e-01 -2.83722252e-01 1.53958797e-04 -9.70717669e-02
    -5.97223043e-02 1.38972521e-01 1.77775025e-02 1.75805390e-01
    -2.71879584e-01 -4.13875937e-01 -5.12932599e-01 1.97562754e-01
    -9.61456299e-02 3.42601120e-01 2.66939998e-01 1.78308010e-01
    1.39221311e-01 -3.65564734e-01 3.61541510e-02 1.14188939e-01
    -2.37270266e-01 -2.40230054e-01 -5.56234717e-02 1.38298422e-01
    3.87624860e-01 -5.24437904e-01 1.31365061e-01 1.87483847e-01
    7.47670233e-02 -2.30068743e-01 -2.83109516e-01 -4.82359529e-02
    1.88008189e-01 2.99237370e-02 -3.28969359e-01 -3.45729947e-01
    5.37230670e-02 -4.05135363e-01 -4.13038045e-01 2.96385407e-01
    2.45134056e-01 -1.70945466e-01 -2.87906289e-01 -2.70092428e-01
    3.44890475e-01 1.46124840e-01 -1.41695857e-01 -2.76637077e-03
    -4.88817602e-01 -4.37874079e-01 2.32927442e-01 1.30743802e-01
    -1.04248077e-01 1.47080839e-01 -9.16325450e-02 -1.96423948e-01
    3.29143405e-02 5.94731569e-02 4.22175109e-01 -8.23025107e-02
    -3.74304265e-01 -3.60259593e-01 -4.13158596e-01 2.89205670e-01
    -4.13097799e-01 -3.96075517e-01 2.59123445e-02 4.63768840e-02
    -1.63084269e-01 -4.38357830e-01 -2.80093282e-01 6.12105429e-02
    -8.52701366e-02 -7.46262074e-02 -2.58387893e-01 -2.00094730e-01
    2.26842046e-01 3.42183471e-01 -1.53309166e-01 2.88612068e-01
    -2.15229869e-01 -2.23641872e-01 -5.28687656e-01 -2.11208284e-01
    1.22534275e-01 4.32699323e-02 1.27876759e-01 -1.33098125e-01
    -1.95798367e-01 1.39765203e-01 4.80327576e-01 5.91226459e-01
    5.29277325e-02 -1.87257379e-01 4.67683911e-01 1.49088562e-01
    -1.04948550e-01 2.71834373e-01 -1.32758319e-01 -5.19785047e-01
    -4.16841209e-02 -2.80050606e-01 2.04610705e-01 -1.38859063e-01
    -2.01156408e-01 -3.89744967e-01 1.73336506e-01 -2.86188304e-01
    -3.22615027e-01 -5.41570663e-01 -1.78369820e-01 4.10352230e-01
    3.50786209e-01 2.88171172e-02 -3.03479850e-01 3.87734413e-01
    1.19885892e-01 3.52972209e-01 -3.50633562e-01 -4.59617913e-01
    -1.20853782e-02 3.63775253e-01 2.37419486e-01 3.59464943e-01
    5.58376312e-03 -5.43943942e-02 -5.75158000e-02 -2.83202618e-01
    -3.06712300e-01 2.29386449e-01 -1.73325121e-01 -2.51437068e-01
    -1.60603523e-02 3.11272144e-01 -5.22645473e-01 -2.35330224e-01
    -3.68046433e-01 -3.96621108e-01 -3.14152718e-01 2.60775775e-01
    -3.56643587e-01 -4.61732775e-01 7.54536092e-02 3.38941365e-01
    -1.74791574e-01 -2.87133247e-01 2.74107873e-01 -3.93898427e-01
    3.14376414e-01 1.44951105e-01 8.76945257e-03 1.10353261e-01
    2.28163123e-01 5.42282462e-02 2.02210695e-01 2.52930045e-01
    -3.33476841e-01 -2.17722148e-01 -3.12436968e-01 -2.46053219e-01
    -3.82039696e-01 9.40646529e-02 -1.66558027e-02 -1.79774165e-02
    -4.43426251e-01 -4.57303613e-01 3.66537511e-01 2.22627640e-01
    -1.04277134e-02 -1.72318697e-01 5.53315878e-02 -1.95134997e-01
    -3.05756330e-01 -1.90037370e-01 4.64632183e-01 -3.85300815e-01
    -3.09841365e-01 -3.11132252e-01 3.68941188e-01 3.56127799e-01
    -3.00001919e-01 2.13840604e-02 -3.06480646e-01 -2.90371507e-01
    2.20848382e-01 -4.84186828e-01 3.06616068e-01 2.34418809e-01
    9.16073918e-02 -3.90748978e-02 1.02497399e-01 1.21170878e-02
    2.82996356e-01 6.23857975e-02 -4.00064766e-01 1.48947239e-02
    -5.87939858e-01 3.41079831e-01 2.05841064e-02 3.76407206e-01
    -2.48612791e-01 2.01031268e-01 -3.48380893e-01 -3.14217359e-01
    3.29720855e-01 9.63329375e-02 3.94437015e-01 -4.13315773e-01
    2.11828828e-01 -1.28360122e-01 -3.89439493e-01 -1.22523904e-01
    5.59328794e-02 5.31529188e-02 -4.78073478e-01 3.13237488e-01
    2.71819293e-01 -9.80008841e-02 3.34395111e-01 -2.24525869e-01
    -3.72446150e-01 -3.18841100e-01 3.61459553e-01 3.16958904e-01
    -5.44821024e-01 -5.45287013e-01 2.13594019e-01 -2.64987230e-01
    1.85008109e-01 -4.53252703e-01 -7.80692101e-02 5.22546768e-02
    3.19683135e-01 2.86993980e-01 -1.38143301e-02 -3.50876391e-01
    -1.31117195e-01 4.07280713e-01 3.44057679e-02 3.97908151e-01
    -2.45664924e-01 1.14789993e-01 -2.06065029e-01 -3.05228889e-01
    1.40313506e-01 3.81284267e-01 -1.82437360e-01 -3.94710660e-01
    1.02596164e-01 -6.28892183e-02 4.79533970e-01 -1.86452955e-01
    -2.66428709e-01 -2.20235854e-01 5.82886279e-01 -2.78092355e-01
    5.53774834e-03 5.02515078e-01 -6.14563227e-02 4.91139710e-01
    -5.39641082e-02 -3.77189904e-01 2.19773233e-01 -5.35534441e-01
    2.74058104e-01 1.36207223e-01 3.10758233e-01 2.83695817e-01
    -3.94911528e-01 3.32221985e-01 -2.44794160e-01 6.75173402e-02
    -3.49348187e-01 1.58257484e-02 -3.94667685e-01 2.25642323e-03
    3.88789862e-01 4.17047799e-01 -9.89923775e-02 -1.33117199e-01
    -1.65977061e-01 1.02112532e-01 1.25007451e-01 9.12805200e-02
    1.41970754e-01 -9.81193483e-02 -4.48739022e-01 1.02070153e-01
    3.57270718e-01 2.48714328e-01 4.21808720e-01 -3.60146284e-01
    1.32826209e-01 -1.35969073e-01 2.47890294e-01 2.07882285e-01
    -2.62337983e-01 1.13380611e-01 1.34058416e-01 3.85872185e-01
    3.06909025e-01 -5.79575062e-01 -3.89947414e-01 -3.74048859e-01
    2.68404841e-01 8.49407315e-02 -3.66710246e-01 -3.16658586e-01
    -6.25250936e-02 2.63005912e-01 -1.41084373e-01 -6.13183379e-02
    3.58212113e-01 -2.87971318e-01 -1.66953385e-01 -3.60883653e-01
    5.45768142e-02 3.85324955e-01 2.37179637e-01 1.51143372e-01
    2.23940611e-02 4.06009555e-01 1.91618443e-01 3.29493761e-01
    -3.88101488e-01 -2.57666111e-01 8.44028890e-02 -3.50038171e-01
    1.08715892e-02 -2.87904263e-01 -2.71966875e-01 -3.60422701e-01
    3.92572582e-01 -1.06899798e-01 -9.60612297e-03 2.29063570e-01
    -2.45599747e-02 2.58427441e-01 1.00442529e-01 -5.38748384e-01
    3.99999857e-01 -3.12946200e-01 -5.28705120e-03 -5.13980865e-01
    -1.21568471e-01 -2.12404519e-01 1.72183186e-01 3.60229731e-01
    -1.36367321e-01 -4.00235057e-01 1.19176447e-01 -2.91136891e-01
    -1.84562445e-01 2.52299011e-01 -7.37563074e-02 -3.16424489e-01
    3.69404912e-01 4.74976301e-02 -3.28780800e-01 -3.23242247e-01
    9.89245772e-02 1.34506881e-01 8.33320618e-03 7.97093511e-02
    -4.11726832e-02 4.83672619e-02 4.15013194e-01 -1.78600907e-01
    2.76743412e-01 6.14208579e-02 -1.90323055e-01 -3.00191969e-01
    -3.91648322e-01 4.65620399e-01 1.21415854e-02 -2.67058611e-01
    -1.57848865e-01 -6.04128838e-03 9.70199108e-02 2.11774826e-01
    -4.45288271e-01 -3.83271456e-01 3.97660226e-01 -2.92363495e-01
    3.79602313e-01 -3.95348966e-02 -2.34393060e-01 4.00161445e-01
    1.81776166e-01 -1.63699746e-01 1.47649050e-01 -5.08020341e-01
    4.97600019e-01 -4.59886372e-01 6.45328760e-02 -9.33918357e-02
    2.03801811e-01 -1.46291614e-01 -1.93098128e-01 -4.11420166e-01
    -3.23342383e-02 1.26930594e-01 -1.48148656e-01 2.04015136e-01
    -3.30520660e-01 -6.11562669e-01 3.41905296e-01 -1.04386568e-01
    -8.28346312e-02 -4.70965058e-01 1.91618979e-01 1.18488252e-01
    -1.76479340e-01 -4.74120617e-01 4.09833729e-01 1.76154524e-01
    -1.87327892e-01 -1.75229311e-01 5.27333260e-01 -1.74433559e-01
    4.14829075e-01 -1.31741643e-01 -4.82003063e-01 7.23773241e-02
    -1.01938665e-01 -5.70818543e-01 -4.28776115e-01 -2.21095085e-01
    1.49865866e-01 -1.20897889e-02 -3.27283025e-01 -1.66755855e-01
    -4.30123508e-01 3.53866756e-01 -4.71480221e-01 3.52380633e-01
    -8.65756273e-02 -8.54550898e-02 3.72609496e-02 -1.80268019e-01
    -8.10360610e-02 3.61565679e-01 -2.99489230e-01 -2.39136338e-01
    -9.41892266e-02 -2.07925737e-01 2.09564328e-01 -2.55252063e-01
    -5.50795496e-01 -2.23838329e-01 1.75372124e-01 -2.41879970e-01
    1.81471705e-01 1.25577509e-01 3.10375392e-01 -6.65317774e-02
    -1.13910049e-01 3.84996653e-01 -1.43359721e-01 2.94920504e-01
    -3.10452580e-02 -2.87138492e-01 4.86006379e-01 5.20995378e-01
    -3.83562088e-01 -1.58462912e-01 -3.12489450e-01 -3.50091457e-01
    3.56212914e-01 3.44466269e-01 1.33092403e-01 4.52983379e-02
    3.26628983e-01 -1.77524090e-01 -6.03056550e-01 -2.14170188e-01
    -1.53265059e-01 3.54441166e-01 -2.82685697e-01 -3.29523504e-01
    -3.91259998e-01 2.96197414e-01 3.30384374e-01 1.78126693e-01
    2.89480090e-02 -3.96753192e-01 -1.41900480e-02 3.43086392e-01
    -4.82053488e-01 3.83228540e-01 3.54151905e-01 -5.07554471e-01
    -4.74568874e-01 4.54115003e-01 3.33993524e-01 -1.70043945e-01
    3.98611724e-01 1.64430887e-01 -3.38632256e-01 -1.93566471e-01
    -2.55016059e-01 4.41319585e-01 -6.95119202e-02 -5.03047109e-02
    -2.93692946e-02 -4.56891865e-01 5.14697492e-01 -2.31736600e-02
    -3.86328548e-01 -1.21462733e-01 -2.13500202e-01 9.64785814e-02
    5.21795154e-02 -1.46805495e-01 -4.20398325e-01 -8.70031118e-03
    -4.49323714e-01 -3.60025585e-01 1.69297516e-01 -2.81396717e-01
    -3.58337224e-01 1.78346813e-01 2.76227593e-02 2.27840841e-01
    -4.15631026e-01 -2.63128042e-01 -3.48689824e-01 5.14191389e-02
    -1.15298659e-01 -5.88327348e-02 3.39106023e-01 9.64456797e-03
    1.02376610e-01 -5.19222140e-01 -9.63963568e-02 -5.96605539e-02
    5.57261109e-02 1.87768996e-01 -3.15584779e-01 -3.60163420e-01
    3.36087614e-01 -3.16223860e-01 1.35561377e-01 8.66220593e-02
    -3.19018364e-02 -2.88015306e-01 -2.83605605e-01 -5.14709353e-02
    4.42432761e-02 1.75197124e-01 1.45673752e-04 -2.39401400e-01
    3.23423386e-01 1.60244405e-01 -6.14286304e-01 1.03366375e-03
    4.02968585e-01 3.97408128e-01 3.59051645e-01 3.26180339e-01
    1.18994951e-01 1.35733247e-01 -1.56708062e-01 -8.66547525e-02
    -5.54396510e-02 6.48897886e-02 -2.46409357e-01 -2.74389446e-01
    3.07190418e-02 2.67880589e-01 -9.90269482e-02 1.79312199e-01
    5.21120071e-01 -2.68356144e-01 -1.15656555e-02 2.33375788e-01
    -4.43900049e-01 3.68283987e-01 7.46428967e-03 1.66774511e-01
    -3.11249465e-01 -2.45327592e-01 3.17823887e-03 4.15018201e-01
    -4.29062843e-02 2.53997922e-01 9.18025374e-02 -1.04340136e-01
    -1.98765010e-01 1.69270754e-01 -2.67551064e-01 -5.94417453e-02
    4.10314798e-02 2.65348315e-01 -4.53495234e-01 -6.80916607e-02
    3.34150791e-02 1.75902426e-01 7.89171457e-02 -2.01871157e-01
    3.40162516e-01 1.13936901e-01 2.17467546e-02 7.72027075e-02
    2.74196237e-01 2.68582731e-01 1.80413246e-01 1.46517754e-01
    2.66609967e-01 1.09965622e-01 1.43181980e-01 -3.40989232e-03
    8.21968615e-02 -1.59008503e-02 -2.27193475e-01 -5.34102678e-01
    4.64276016e-01 -3.92712951e-01 7.70049095e-02 3.09681952e-01
    4.62772369e-01 -3.88489783e-01 -3.30245882e-01 -1.77445531e-01
    -1.12533838e-01 -4.83869314e-01 -1.79251552e-01 2.87173778e-01
    -3.56534272e-01 -3.77485871e-01 1.80729181e-01 -4.98948604e-01
    4.46647406e-03 3.37153614e-01 2.93911934e-01 -2.13874578e-02
    6.47355318e-02 2.06745148e-01 6.99537992e-03 -1.10816270e-01
    -1.87470615e-02 -3.41634661e-01 -1.74155295e-01 3.82812113e-01
    2.39413977e-02 1.12253159e-01 4.40501392e-01 -2.58276403e-01
    4.56928283e-01 -4.91473973e-02 6.34070039e-02 5.94926178e-02
    -2.61622667e-03 -1.75662458e-01 5.61021328e-01 -1.18036449e-01
    -1.90458775e-01 -3.35371435e-01 2.38979220e-01 -2.68532664e-01
    9.97550488e-02 -5.23856878e-01 1.86094344e-01 -1.09558284e-01
    -5.66663027e-01 -2.26990372e-01 -1.19331777e-01 4.01066184e-01
    -2.99104571e-01 4.25346702e-01 1.61122859e-01 -1.17172718e-01
    -2.92599559e-01 -3.17170382e-01 2.76606351e-01 -3.53744626e-01
    1.44576907e-01 -3.07262391e-01 -3.53964865e-01 -1.82239711e-01
    3.89426589e-01 2.32685149e-01 -3.31853032e-02 1.62869513e-01
    -5.15894055e-01 3.09680104e-01 4.51911926e-01 2.06470370e-01
    -7.92460144e-02 -1.33264363e-01 -4.87923950e-01 -3.22036624e-01
    1.99809015e-01 -4.83252466e-01 4.29857969e-02 -1.36499822e-01
    2.50440478e-01 -3.90813321e-01 4.33881879e-02 2.84813911e-01
    -3.82125258e-01 -2.55610079e-01 -1.16317868e-01 -3.53017211e-01
    2.22008288e-01 3.64774525e-01 -7.38624930e-02 -2.83161998e-02
    1.09162211e-01 2.38004804e-01 -2.21437424e-01 -3.69378656e-01
    -2.89443851e-01 -1.90090954e-01 3.95825565e-01 -3.41241986e-01
    -2.95034379e-01 -3.68103206e-01 -4.70888913e-02 -1.93224221e-01
    4.98408526e-01 2.94106483e-01 1.66565061e-01 1.88565850e-02
    -1.14258200e-01 -2.41706043e-01 -4.67792541e-01 6.83768392e-02
    -5.40270805e-01 2.31395185e-01 3.76310170e-01 -3.58049780e-01
    -5.08459806e-02 3.82834077e-02 -2.45809972e-01 -1.58585310e-01
    -1.53867364e-01 1.79242969e-01 1.23927116e-01 3.52243543e-01
    -2.41647601e-01 4.39408988e-01 -2.47271419e-01 -3.62186730e-02
    -1.49903804e-01 3.03717107e-01 -2.94416934e-01 1.51364684e-01
    -2.97829360e-01 -1.76039904e-01 4.13745999e-01 -5.14117122e-01
    -5.16529799e-01 2.99839020e-01 3.39763850e-01 -2.14806259e-01
    -1.66106671e-01 4.14557159e-01 -4.41143543e-01 -4.23213065e-01
    -1.31408721e-01 3.21766317e-01 2.01389909e-01 2.53295898e-02
    -5.64217567e-01 -3.47504109e-01 3.73251915e-01 -1.41362548e-02
    -2.55107701e-01 3.09337974e-02 2.22692728e-01 9.92023945e-03
    -5.50854683e-01 -6.93446100e-02 3.03038895e-01 -7.98703432e-02
    2.01001048e-01 -4.63988841e-01 1.08198166e-01 1.26010418e-01
    -1.52428746e-01 2.00552583e-01 -1.91120088e-01 -1.17645323e-01
    -1.48976237e-01 -3.95536929e-01 -3.15462947e-01 6.49618506e-02
    2.98231870e-01 -1.26551390e-01 -2.43137598e-01 4.61756080e-01
    1.79406226e-01 -1.04088247e-01 5.50273657e-02 3.99227887e-01
    -3.83714467e-01 1.09117389e-01 -3.25419962e-01 -4.16709334e-01
    6.02732897e-02 -9.58420634e-02 8.45632553e-02 -3.73259485e-01
    -4.97378528e-01 3.71127069e-01 -3.97804409e-01 2.07857847e-01
    -1.02556229e-01 -1.13334030e-01 -4.84033227e-02 -4.59089279e-01
    -2.78000832e-01 -2.90482432e-01 -2.82370299e-01 -7.91816115e-02
    -4.08227891e-01 2.07052410e-01 1.54945135e-01 -4.83443737e-01
    8.28089118e-02 1.27948523e-01 3.87901545e-01 -3.84571403e-01
    9.66429710e-02 1.06975287e-01 -1.30139112e-01 -3.20615798e-01
    2.60024369e-01 -2.76330650e-01 2.59627938e-01 1.01561278e-01
    -3.53822052e-01 -3.75324786e-01 1.31067634e-01 9.83695388e-02
    3.43163073e-01 -6.10247135e-01 3.98159802e-01 3.94202352e-01
    -2.80502439e-01 -3.05419981e-01 1.76938057e-01 1.91886783e-01
    2.49950826e-01 -2.98729777e-01 4.20069337e-01 -2.95209467e-01
    -3.59504104e-01 1.27163708e-01 8.68096352e-02 1.86533451e-01
    1.99731648e-01 1.25610173e-01 1.78601086e-01 3.31620812e-01
    3.71950269e-02 8.47032368e-02 1.54630512e-01 -1.12668395e-01
    4.97415006e-01 -2.81460226e-01 -5.76829433e-01 4.02782738e-01
    -8.10873210e-02 -2.52415955e-01 -4.28011864e-01 -2.57737935e-01
    -3.37146640e-01 4.64463383e-01 3.01191568e-01 3.57320487e-01
    1.98878646e-02 3.62828434e-01 -3.41278791e-01 -4.22640413e-01
    -3.71752232e-01 2.25410402e-01 2.84140110e-02 3.24075460e-01
    -9.24594998e-02 -1.51012540e-01 -1.06269717e-02 1.63707674e-01
    1.20570004e-01 4.96023953e-01 -5.33140600e-02 4.87089157e-02
    1.05939090e-01 1.50868475e-01 -4.91495490e-01 -3.82001281e-01
    3.59753609e-01 7.66397715e-02 -4.29738283e-01 -9.57694054e-02
    4.93260711e-01 1.22157723e-01 -3.64682257e-01 -3.66926432e-01
    -9.41808820e-02 -3.73683900e-01 -4.23614502e-01 5.83673418e-02
    -1.23007923e-01 5.36414385e-02 2.83003807e-01 1.19764209e-02
    -2.84156382e-01 8.96453857e-05 -1.71411633e-02 4.42254692e-01
    -3.00572574e-01 -1.91012353e-01 8.94244909e-02 4.17846501e-01
    3.97808611e-01 2.30109692e-02 -4.60619360e-01 4.92450237e-01
    -3.49343628e-01 -1.07158870e-01 5.04061282e-02 -3.38316798e-01
    1.98125601e-01 2.68654466e-01 -1.28270656e-01 1.53601170e-02
    2.67718375e-01 -3.06603879e-01 -3.55000943e-01 -6.83903396e-02
    -7.49447644e-02 3.86398733e-02 1.59740210e-01 2.87256420e-01
    3.88195217e-01 -2.91378498e-02 2.16885030e-01 1.52849913e-01
    -1.48801506e-01 8.33328962e-02 4.62772906e-01 -5.02433240e-01
    -4.74970132e-01 2.62701273e-01 2.01882064e-01 -1.50869489e-02
    4.31699753e-01 4.36698616e-01 -1.65890932e-01 1.14540160e-02
    3.42739791e-01 -3.37840587e-01 -4.27468181e-01 1.60097510e-01
    -1.30226612e-02 -1.80913091e-01 -3.72185707e-01 -1.64386511e-01
    1.37580097e-01 4.42635298e-01 -6.06692255e-01 -3.87085319e-01
    1.85014606e-01 4.06242251e-01 -1.82537049e-01 -5.05800843e-02
    -5.18704832e-01 -1.16599828e-01 1.30309671e-01 -1.46039158e-01
    -1.35338187e-01 1.14345521e-01 5.29589355e-02 -2.70681947e-01
    -5.29845774e-01 -3.49179417e-01 -1.80751085e-02 2.48501241e-01
    -2.85649300e-03 -1.14137411e-01 -4.91633683e-01 1.83627188e-01
    -5.52655935e-01 2.30908871e-01 4.13534164e-01 -4.10896480e-01
    4.20222163e-01 2.33138800e-01 3.73539031e-01 3.14743996e-01
    1.19419456e-01 1.25611663e-01 1.75859332e-01 -1.00767732e-01
    -2.05079883e-01 -5.07621109e-01 -3.92340064e-01 2.72597075e-02
    -1.72743320e-01 2.12328136e-01 2.40056932e-01 -5.06078959e-01
    -4.35371429e-01 2.17527598e-01 -2.82745808e-01 -1.65553153e-01
    -3.21363896e-01 -1.71588659e-01 9.00622606e-02 -2.22125232e-01
    1.06172681e-01 4.08442736e-01 1.63969219e-01 -4.18313861e-01
    4.51024771e-02 -4.55975980e-01 -2.12824404e-01 2.43480593e-01
    1.04928970e-01 -9.07199085e-02 2.09275484e-01 -5.25546074e-02
    -6.18264794e-01 3.37509513e-01 7.03126192e-02 -3.28840792e-01
    4.45067525e-01 -1.30332530e-01 -3.84748548e-01 -2.36419439e-02
    3.76927018e-01 3.07632327e-01 -5.17550230e-01 -1.97201639e-01
    3.63419175e-01 -1.94633484e-01 8.00455809e-02 -2.66138583e-01
    -3.10398936e-02 2.68591642e-02 -2.53399730e-01 2.68979847e-01
    -7.12445378e-02 -1.66140258e-01 -3.88167769e-01 2.56509155e-01
    -3.25195342e-01 -1.18485153e-01 -1.54846400e-01 2.32179374e-01
    -1.61217481e-01 -2.51100242e-01 4.87397254e-01 8.38590264e-02
    -1.68994784e-01 6.40434623e-02 5.16294837e-01 -2.07080513e-01
    -3.95630091e-01 3.87735188e-01 6.77915215e-02 -2.39924401e-01
    -1.37850940e-01 1.57349885e-01 -1.56870067e-01 -2.76149035e-01
    1.37038827e-02 1.83255315e-01 -1.61603451e-01 -2.59957910e-02
    -2.32791305e-01 3.05139482e-01 4.44572151e-01 -2.10549891e-01
    1.41729057e-01 -5.24663925e-01 3.35328400e-01 -2.93365180e-01
    -2.63973355e-01 -1.31192416e-01 -3.48301440e-01 -3.79381776e-01
    2.76868939e-02 -4.65393662e-01 -3.76621455e-01 1.77196890e-01
    -4.14385319e-01 -4.01836902e-01 -5.28576732e-01 3.85059476e-01
    -2.35294640e-01 -1.01325929e-01 2.18816340e-01 3.18331420e-01
    -7.54904747e-02 -2.17328697e-01 -1.10028595e-01 -4.27969337e-01
    3.99779379e-01 1.19464993e-02 -4.53812897e-01 1.06469929e-01
    2.02763379e-01 -1.76587462e-01 5.76452017e-02 -5.43374717e-01
    -2.93457597e-01 -2.63088286e-01 -3.44738424e-01 6.01047873e-02
    -3.83601815e-01 1.45468116e-03 9.43723619e-02 -2.39052445e-01
    4.28682327e-01 -1.41996473e-01 3.10979009e-01 1.71311975e-01
    -2.68550396e-01 -4.41952735e-01 1.60251707e-01 4.53822374e-01
    -4.16354209e-01 2.31956244e-01 -2.32368231e-01 -2.08470047e-01
    -1.87074721e-01 3.37247372e-01 -1.66784525e-02 4.17281806e-01
    -4.27555442e-01 -4.29716110e-01 4.12749290e-01 5.50583005e-01
    5.01424730e-01 6.79035187e-02 -1.92732900e-01 -1.92943245e-01
    -1.75729305e-01 3.73505652e-01 -3.37061077e-01 -4.61955428e-01
    -2.12706268e-01 2.47067571e-01 -9.17912126e-02 -6.01995707e-01
    -1.11073434e-01 -1.52297676e-01 3.81981730e-02 -5.20204008e-02
    1.91659331e-01 -2.49617517e-01 -3.95816475e-01 5.60314059e-01
    -4.15087432e-01 -1.03750527e-01 -3.50656539e-01 -5.87969124e-02
    2.80593038e-01 1.85194433e-01 2.34615207e-01 -4.34996814e-01
    2.11846948e-01 -3.53687525e-01 -4.39021379e-01 2.95345038e-01
    -2.94402301e-01 2.60457933e-01 -4.56360817e-01 -1.60599649e-02
    -3.63951057e-01 -2.71565855e-01 3.48123789e-01 5.01091599e-01
    2.30336130e-01 -3.04954141e-01 5.25368571e-01 -4.12739605e-01
    -4.07758892e-01 1.73948288e-01 -2.73754597e-02 -3.99333626e-01
    4.22834665e-01 -1.48768038e-01 3.42175663e-01 -2.78813243e-02
    -5.11060059e-02 1.35091543e-02 -1.41502589e-01 -1.92765772e-01
    -5.24961829e-01 -6.30923390e-01 3.55515778e-01 2.87176013e-01
    3.70953083e-02 1.29891634e-02 -4.96173561e-01 -2.28728205e-01
    6.46343231e-02 2.98558056e-01 3.39148819e-01 -1.45150393e-01
    -1.90616846e-02 -1.63672864e-01 4.36784446e-01 -1.19827390e-01
    2.59665221e-01 2.42813826e-02 2.80240804e-01 3.95142287e-01
    -1.09818041e-01 -2.21370310e-01 -3.35749000e-01 -2.87707269e-01
    2.90501595e-01 3.48214328e-01 -1.88150793e-01 -2.92932332e-01
    -3.79609823e-01 -2.63528317e-01 2.92627454e-01 4.08469915e-01
    -3.46498489e-02 9.82317328e-03 1.06017411e-01 -1.57402694e-01
    1.67160600e-01 -3.48861456e-01 2.92731047e-01 -9.24291313e-02
    -3.78168732e-01 -4.48179424e-01 2.34085083e-01 -3.29417825e-01
    4.00826037e-01 -9.15956497e-02 -1.09472960e-01 1.26962721e-01
    -3.38423371e-01 3.93335104e-01 -3.35445523e-01 -5.47289610e-01
    3.08600426e-01 -3.04205537e-01 -5.07249415e-01 1.37946725e-01
    -2.44175404e-01 2.70119488e-01 -1.37375355e-01 -3.45860124e-02
    -1.71433270e-01 -4.59229439e-01 3.13415915e-01 1.73543990e-02
    -4.83349711e-01 -2.71180391e-01 -4.31405485e-01 -3.52184147e-01
    4.54320073e-01 2.21465588e-01 -4.21287417e-02 2.91204035e-01
    -4.46649075e-01 1.99923575e-01 -6.73840344e-02 2.48901725e-01
    -4.98922795e-01 -2.66735554e-01 1.53763950e-01 2.38641858e-01
    1.22445166e-01 3.71563613e-01 6.53365850e-02 -1.77585810e-01
    3.79598558e-01 1.63695276e-01 3.90742898e-01 2.12016702e-02
    3.22871208e-02 1.90231979e-01 2.89734840e-01 2.43592918e-01
    7.99272060e-02 2.35895991e-01 -4.42002416e-02 -3.43417495e-01
    4.24514413e-01 5.18876314e-03 -4.16599423e-01 1.94240928e-01
    3.16550374e-01 -4.97439772e-01 -3.06320608e-01 1.76455796e-01
    3.61880362e-01 1.82267487e-01 8.54155421e-02 -1.86936438e-01
    1.25117362e-01 -5.04979491e-01 -1.58447742e-01 -3.30276638e-01
    -9.95958447e-02 -2.38009274e-01 -5.33939421e-01 -8.34725499e-02
    1.14063919e-02 -1.82894170e-02 -8.96200538e-03 -9.23329592e-03
    3.40283513e-01 -5.38401902e-02 5.86702228e-02 -4.56185997e-01
    -2.80230463e-01 1.31950945e-01 2.75323570e-01 -3.99888247e-01
    -2.16445923e-02 -1.58828199e-01 2.15072274e-01 -3.26734900e-01
    2.76965857e-01 -2.67635673e-01 -2.93427378e-01 8.70615840e-02
    -3.13219696e-01 9.87359285e-02 -1.18511945e-01 1.58402860e-01
    -4.48769152e-01 -3.28013599e-01 3.96925986e-01 3.68682563e-01
    -5.10750413e-01 -9.20778811e-02 4.52857286e-01 -6.89665973e-02
    2.24478960e-01 -2.97391295e-01 -2.00189948e-01 1.47662282e-01
    -9.38467383e-02 -2.23762363e-01 1.15133822e-01 4.01063323e-01
    1.88810706e-01 -3.96208435e-01 -1.12086117e-01 3.07865441e-01
    -2.85301685e-01 4.02329326e-01 -2.73814976e-01 -5.57525158e-02
    1.56581044e-01 -5.31880617e-01 -3.95250350e-01 -1.11106664e-01
    -3.42281550e-01 3.47640812e-02 -1.76151901e-01 3.25163305e-01
    1.44049942e-01 -3.82372320e-01 -1.10324383e-01 -4.08473790e-01
    -2.54803479e-01 2.21629560e-01 -5.70718050e-02 -1.07715726e-01
    4.43047225e-01 3.49840999e-01 -2.47458994e-01 -4.98232871e-01
    2.25090384e-02 -1.77002460e-01 -2.12376326e-01 3.88024688e-01
    -2.77582318e-01 -2.40350276e-01 -2.79393524e-01 2.09211707e-02
    -2.35220373e-01 -3.78680646e-01 4.37282801e-01 -2.82610267e-01
    -2.98827767e-01 -3.86513859e-01 -4.34687287e-01 5.43478429e-02
    -4.30067837e-01 -2.28551686e-01 -1.28865987e-01 -4.25277591e-01
    -4.35095221e-01 -5.58221936e-02 3.72184217e-01 -4.62992787e-02
    3.29917789e-01 2.12549269e-01 -9.31266546e-02 3.17578971e-01
    -3.11958939e-01 1.45085096e-01 -4.04127806e-01 -3.23410273e-01
    8.90802145e-02 4.51963842e-02 1.10199481e-01 8.81285965e-02
    -2.64276952e-01 1.33334398e-02 3.02737921e-01 -5.33324480e-03
    -4.15824503e-01 -5.40726244e-01 3.87021959e-01 -1.86163485e-01
    3.84510279e-01 -2.04775870e-01 -1.06848359e-01 5.81644773e-02
    1.05996698e-01 -5.89613318e-02 -1.52587652e-01 -3.67115587e-01
    -3.06847602e-01 2.66797900e-01 2.55036294e-01 -1.79542631e-01
    -1.70048982e-01 1.34001911e-01 -1.99445277e-01 1.39241844e-01
    1.71818793e-01 3.58225882e-01 -1.04694754e-01 -3.46774995e-01
    4.57079530e-01 -4.44388896e-01 4.07007813e-01 -3.94404948e-01
    -2.20840573e-02 2.92582810e-01 -1.70183420e-01 -5.75891614e-01
    -1.88034177e-02 3.67418766e-01 -2.06392795e-01 2.43665040e-01
    -2.62610734e-01 3.73215973e-01 -7.08484650e-02 -4.95992512e-01
    1.34969592e-01 -4.66236472e-02 3.05060565e-01 -2.20058054e-01
    -5.11470795e-01 -3.80007267e-01 -3.63283873e-01 -3.74026686e-01
    -4.44952697e-01 -1.42631322e-01 -1.55891001e-01 3.58856320e-02
    -4.81373131e-01 -2.68296450e-01 2.33472884e-01 1.95680499e-01
    7.00472593e-02 9.09642577e-02 2.46797800e-02 -4.08121824e-01
    1.96018457e-01 -3.96182775e-01 2.99586356e-01 -3.48173499e-01
    -3.37507844e-01 4.88477856e-01 -7.96465278e-02 -2.46018767e-02
    1.56515867e-01 2.13786960e-02 -3.63884479e-01 4.96565372e-01
    3.74257922e-01 2.88349628e-01 3.49420011e-01 -9.74897742e-02
    1.11756504e-01 -4.04738128e-01 -4.26374912e-01 1.87008083e-01
    9.90940928e-02 4.98843193e-02 -7.83720613e-02 1.80623531e-02
    -2.53392875e-01 -2.22358108e-02 -2.83741325e-01 -5.10151863e-01
    -1.49779916e-02 -1.38354838e-01 2.36515522e-01 4.17157292e-01
    -9.28738713e-03 -3.99713814e-02 -1.66671246e-01 1.93937570e-01
    7.33637810e-02 2.39093840e-01 4.40271914e-01 9.90578532e-02
    1.40160918e-01 -2.24081695e-01 -3.94320220e-01 6.27558827e-02
    3.98648679e-01 -1.12907082e-01 2.06723154e-01 -2.88898289e-01
    -2.18948781e-01 2.83837318e-04 -4.89511073e-01 9.67786312e-02
    1.27566338e-01 -1.03166103e-01 -3.77490550e-01 -3.83467317e-01
    -2.87288070e-01 -3.43391567e-01 2.62138844e-01 -3.04082304e-01
    -3.55439574e-01 3.44488978e-01 -3.65485549e-01 1.66747868e-01
    -5.56875467e-02 -1.84676230e-01 -3.15957338e-01 2.02243507e-01
    6.90050125e-02 -4.66510653e-02 -4.83052790e-01 1.00874782e-01
    1.41456723e-01 -3.98871303e-01 1.66477084e-01 1.96336806e-01
    -1.61304414e-01 2.56715357e-01 1.87985301e-02 -1.81653976e-01
    3.28458756e-01 -3.95641327e-01 5.49774766e-02 3.77642214e-01
    3.45355392e-01 3.37545097e-01 1.68928862e-01 -3.51851195e-01
    5.82425594e-02 3.20542753e-02 1.21648014e-01 -3.14474434e-01
    -3.01512182e-01 1.60410404e-02 -2.61892110e-01 4.27691936e-01
    -3.59740615e-01 2.57109821e-01 4.22590077e-01 -5.85431814e-01
    1.99807882e-01 1.20901406e-01 1.43900216e-01 3.73522460e-01
    -6.02644086e-02 -2.09708035e-01 4.47638422e-01 -1.50410086e-01
    -8.99198949e-02 2.01640397e-01 -2.13931352e-01 -1.97311223e-01
    -2.09167957e-01 -3.32980156e-02 2.81432450e-01 3.71014059e-01
    8.41042399e-02 4.90028769e-01 -4.11712766e-01 3.83085012e-02
    1.84436381e-01 1.99323714e-01 4.37882304e-01 2.02212632e-01
    1.71062946e-01 -4.40352559e-02 2.82189310e-01 -2.80759931e-01
    4.36362147e-01 4.15631950e-01 -3.38771701e-01 -6.02883995e-01
    1.18518054e-01 4.36712682e-01 -2.69662142e-01 -1.17145509e-01
    -1.69602901e-01 2.53399611e-01 4.31480169e-01 -1.15408391e-01
    -9.97548997e-02 1.39338195e-01 -3.77717316e-02 4.13216233e-01
    -2.70474613e-01 4.40604180e-01 -3.69524181e-01 5.21046638e-01
    4.58305478e-02 -3.44137371e-01 7.30758309e-02 1.52518779e-01
    -7.46129751e-02 2.17058063e-01 1.16624773e-01 1.72774255e-01
    -4.77111340e-03 -4.15234059e-01 2.33385146e-01 -4.86728758e-01
    2.01735198e-01 2.74093747e-01 -3.63690168e-01 1.20066762e-01
    2.90377051e-01 -3.89265239e-01 1.70460939e-02 9.08846557e-02
    1.50153428e-01 -2.28704929e-01 -3.34177941e-01 2.04661727e-01
    -4.05918181e-01 1.67654485e-01 -1.00523770e-01 -2.90418386e-01
    -1.21244967e-01 -1.46533996e-01 1.53737664e-01 1.59937799e-01
    -3.89600068e-01 -3.24373066e-01 -2.07344383e-01 4.19818521e-01
    3.37896228e-01 -4.39880699e-01 3.13506424e-01 1.78268015e-01
    -3.42122614e-01 -2.97008395e-01 -1.40919119e-01 -1.33529335e-01
    -8.39425623e-02 5.32229841e-02 1.17102444e-01 -5.11522889e-01
    2.70222843e-01 -3.54651242e-01 2.76011288e-01 -3.29334229e-01
    -1.62607908e-01 -3.01516771e-01 -4.10243899e-01 3.31808239e-01
    1.13361478e-02 5.36952019e-02 -1.83605552e-02 3.57287705e-01
    -4.58649635e-01 -4.59523767e-01 2.23004997e-01 2.81584263e-02
    -4.84318495e-01 -2.93707669e-01 2.14929223e-01 4.24922109e-02
    -1.43012732e-01 -3.97294581e-01 3.14275801e-01 -3.96288037e-01
    -2.01146632e-01 -3.69551659e-01 1.03527188e-01 -3.36277395e-01
    2.92407751e-01 2.11944282e-01 -3.30330640e-01 2.25295544e-01
    -5.15796542e-02 2.53850222e-01 -3.89562428e-01 -2.41528869e-01
    -5.09928703e-01 3.02702427e-01 -3.50585759e-01 6.32731915e-02
    -1.13069475e-01 -3.27176392e-01 -4.14337456e-01 1.57711506e-01
    8.08786750e-02 -2.42742896e-02 -9.66572762e-03 -4.09650385e-01
    -5.89653850e-02 -2.88713932e-01 2.02660561e-01 -1.12236142e-02
    2.59835005e-01 -1.11637503e-01 -1.79433793e-01 -1.27985418e-01
    1.49424016e-01 -4.10039783e-01 4.06720817e-01 4.39614534e-01
    -1.11228287e-01 2.42355287e-01 1.58781439e-01 -3.58315706e-01
    -2.63148427e-01 2.03549653e-01 -3.38690460e-01 -2.30874330e-01
    5.46550155e-02 -4.15555000e-01 -1.45081669e-01 -4.35358316e-01
    4.37491417e-01 1.46369576e-01 -2.21060008e-01 1.18112803e-01
    -3.52759302e-01 5.12241006e-01 -1.76709533e-01 8.67974758e-02
    2.62952447e-01 -1.44987434e-01 3.15273225e-01 -1.38926208e-01
    -1.27717406e-01 3.44793797e-01 4.27739501e-01 -4.51112390e-01
    2.34913766e-01 2.12510765e-01 -5.32580018e-01 8.71658325e-03
    -2.29218960e-01 -4.58772779e-02 -3.74475121e-03 2.37627059e-01
    1.17463708e-01 -6.61547482e-02 -2.79118687e-01 4.27123308e-01
    -5.04654050e-01 2.57183313e-02 -5.53531945e-01 7.05341101e-02
    4.35907006e-01 2.99247324e-01 -2.29600132e-01 4.36136961e-01
    -6.48003519e-02 1.32488012e-01 9.88583565e-02 -1.58103317e-01
    9.18265581e-02 -1.50498152e-01 -3.69270742e-02 1.11687064e-01
    -1.48512065e-01 1.06277943e-01 -4.94205713e-01 2.06398964e-01
    -3.89836133e-01 -5.11908531e-03 4.01562691e-01 -2.75132298e-01
    1.10224485e-01 1.85387135e-02 8.04548264e-02 -2.56750286e-01
    1.04789615e-01 -5.12994051e-01 3.36348772e-01 2.62389779e-01
    -2.32034981e-01 3.40134263e-01 -5.20414352e-01 -3.92255753e-01
    1.68639302e-01 -2.89953232e-01 2.99384594e-02 1.81466222e-01
    2.29641795e-03 5.50824940e-01 -2.03882158e-01 -4.70062792e-01
    2.01863825e-01 3.09153974e-01 2.99598098e-01 -1.76908791e-01
    -2.44431496e-02 -3.97782773e-01 -4.48969245e-01 -3.01701427e-01
    -2.58770436e-01 4.41584587e-01 4.08325732e-01 4.29355860e-01
    -4.20710832e-01 -2.31096834e-01 -2.61130303e-01 1.17906272e-01
    2.94031858e-01 -1.76740646e-01 -2.12315977e-01 -1.00533009e-01
    2.62611985e-01 -1.04270399e-01 -1.54668689e-01 -3.63581568e-01
    -5.88025749e-02 1.18185133e-01 2.84509242e-01 1.85623765e-01
    -2.18172729e-01 4.64010835e-01 -2.16411233e-01 -3.51194561e-01
    -2.35188335e-01 -3.98431599e-01 -4.11691755e-01 8.04489851e-02
    -4.26081538e-01 1.18322074e-01 -1.19055033e-01 -5.01860738e-01
    1.55515432e-01 1.90680087e-01 4.52006459e-02 -3.11279356e-01
    -3.67549360e-01 -1.53682411e-01 -3.09023321e-01 1.53003514e-01
    -4.92341936e-01 2.80125260e-01 -1.03276491e-01 5.00328541e-02
    -3.61431181e-01 4.86939400e-01 2.37340659e-01 5.79758883e-02
    8.42252374e-03 -2.91375220e-01 -2.59513229e-01 -3.53884578e-01
    2.36607283e-01 2.80062586e-01 3.37037534e-01 3.43028337e-01
    3.63457501e-02 -3.33598852e-02 5.46899080e-01 7.77633786e-02
    -1.96101785e-01 4.36882198e-01 -4.43953305e-01 1.41572356e-02
    3.44171286e-01 3.38015914e-01 3.54485452e-01 5.39874434e-02
    2.63097703e-01 -6.24967813e-02 -2.56880522e-01 9.87134576e-02
    3.31475973e-01 -6.17087781e-02 2.54733980e-01 -2.86827683e-02
    4.99380440e-01 1.18247956e-01 -4.49431032e-01 -4.66201514e-01
    5.02592564e-01 3.04817021e-01 1.55429482e-01 -1.94541544e-01
    1.42676175e-01 1.64204240e-02 -1.61691964e-01 -1.86287016e-01
    3.47812533e-01 -3.75068218e-01 3.87230515e-02 -3.49024832e-01
    2.76578844e-01 5.01454473e-02 1.36778116e-01 3.08170855e-01
    1.44587755e-02 4.50419784e-01 -1.17201746e-01 -1.93507880e-01
    3.47219765e-01 -4.22777444e-01 4.19951022e-01 8.83949399e-02
    3.07992160e-01 -6.39964044e-02 -2.87901580e-01 2.67987669e-01
    3.18789423e-01 -3.70757669e-01 -4.09087002e-01 -1.06103212e-01
    2.46163189e-01 -1.56567931e-01 2.36035049e-01 3.94100547e-02
    1.34154975e-01 -3.49548131e-01 -4.01190788e-01 2.47135162e-02
    -2.38180041e-01 -8.28313828e-02 -3.23932648e-01 -3.53346556e-01
    8.24906230e-02 -4.08072084e-01 4.18018103e-02 3.56984288e-01
    -1.83618546e-01 2.37346411e-01 -1.66060388e-01 3.42089653e-01
    -2.73559093e-02 2.13118255e-01 8.44151974e-02 2.33822882e-01
    -4.59358722e-01 -1.06559098e-01 4.90631342e-01 -4.18721437e-02
    -8.11050236e-02 4.24121112e-01 -3.24696690e-01 9.20349956e-02
    3.48763883e-01 3.94111872e-02 -6.01281285e-01 4.23907280e-01
    -1.71245754e-01 -8.72561336e-02 5.84588647e-02 2.49049604e-01
    3.86725724e-01 -1.90076590e-01 -3.36513221e-01 2.39212632e-01
    1.21186197e-01 3.54861975e-01 3.14783752e-01 7.65374303e-02
    2.97102392e-01 -1.25819445e-01 -3.85045886e-01 -2.22438991e-01
    4.13143456e-01 -4.25503314e-01 -3.97393405e-02 3.31811398e-01
    2.65012830e-01 -2.30905086e-01 2.18164921e-01 -5.61337471e-02
    -1.59992516e-01 -2.87953228e-01 -6.03110492e-02 3.59028250e-01
    -1.79267466e-01 -3.62557054e-01 4.63657200e-01 1.77159905e-02
    -4.48482335e-01 4.62854862e-01 -1.50333941e-01 -4.80557710e-01
    -2.32525617e-01 3.53207767e-01 4.18999910e-01 1.82459563e-01
    -2.91095406e-01 -1.79070175e-01 3.46368551e-02 1.27200067e-01
    -1.74601674e-01 -1.22641921e-01 1.51554048e-01 -3.68052751e-01
    -2.86470771e-01 -2.06801891e-01 1.77309871e-01 -4.20896411e-02
    -1.06685102e-01 -4.75058019e-01 3.84535730e-01 6.44774437e-02
    4.62248862e-01 1.32550895e-01 -2.84075737e-01 -7.39365816e-02
    -1.55647844e-01 -5.30144215e-01 -4.69625860e-01 -8.35552812e-02
    -2.31939495e-01 -1.20234847e-01 -2.02537358e-01 4.24864888e-02
    -6.02275133e-02 -6.29502535e-02 4.19408441e-01 -1.57885790e-01
    -2.08508909e-01 4.92396325e-01 -1.57295316e-01 4.31262553e-01
    2.93130696e-01 -3.90940011e-01 -2.18188137e-01 5.78298867e-02
    1.98750168e-01 -5.02648354e-01 -3.35772604e-01 3.94589484e-01
    -4.67916280e-01 5.89841604e-02 -3.02665055e-01 -4.70656961e-01
    1.81580007e-01 -2.50737727e-01 1.67016149e-01 2.63244033e-01
    3.52680326e-01 3.47734690e-02 1.07790232e-01 -4.91129369e-01
    -1.36917472e-01 2.60558337e-01 -4.58470076e-01 -5.32833695e-01
    -9.16717052e-02 3.44212532e-01 3.60918105e-01 -5.80941796e-01
    -1.11379385e-01 3.42693388e-01 2.94557869e-01 8.38613510e-02
    3.53290141e-01 -2.55927265e-01 -3.94636393e-01 -3.90806019e-01
    -2.55595028e-01 -2.77756810e-01 1.57252640e-01 1.81657612e-01
    -4.02277380e-01 3.19490731e-01 -2.06767857e-01 -1.04099393e-01
    3.80705178e-01 1.21128201e-01 -3.33475441e-01 -3.10449243e-01
    2.69566476e-01 -3.87070805e-01 1.36266977e-01 -3.98851097e-01
    4.13752019e-01 2.89910138e-01 -4.27613199e-01 -4.16006684e-01
    3.96832824e-03 2.46040881e-01 1.45955563e-01 3.49088013e-01
    -1.62779480e-01 2.07984447e-02 -4.49215055e-01 2.36531615e-01
    1.62208021e-01 -3.15418869e-01 -4.58487630e-01 -5.55184186e-02
    -1.62395477e-01 3.67877007e-01 -3.48011494e-01 -4.54820067e-01
    2.44119287e-01 3.97885859e-01 2.73266315e-01 -5.07385492e-01
    -4.86591369e-01 -4.59093124e-01 -1.15897298e-01 2.25529134e-01
    -5.85693121e-03 -1.93901598e-01 3.00151587e-01 -3.48204583e-01
    -2.34076679e-01 -1.98866785e-01 -5.11669993e-01 -2.55164951e-01
    -2.38632351e-01 -2.62221098e-02 3.23876321e-01 2.98977643e-01
    2.80252099e-02 4.94890869e-01 2.84168124e-02 2.10897684e-01
    2.07745731e-01 7.66937137e-02 -1.87527537e-01 -4.61200804e-01
    -1.31902039e-01 3.15987051e-01 -3.19255114e-01 -4.09902245e-01
    -4.89613771e-01 1.36900365e-01 -5.49574494e-01 -8.04766715e-02
    1.75087690e-01 -2.93123573e-01 7.02034831e-02 3.87872458e-01
    -2.95626789e-01 5.63295484e-02 -3.26615304e-01 1.89872921e-01
    3.34303975e-02 -1.61002547e-01 2.90509284e-01 -1.49351180e-01
    9.18936729e-02 3.80433917e-01 -3.83947819e-01 -1.15905970e-01
    1.87878430e-01 -3.75887960e-01 1.61368847e-02 -3.28584939e-01
    1.41114116e-01 4.33047593e-01 -2.92799771e-01 -4.55562294e-01
    -1.58549190e-01 3.33700359e-01 2.93111861e-01 -1.23164177e-01
    -1.87487870e-01 -1.24514103e-04 -2.09555775e-01 -4.77331191e-01
    3.11172724e-01 2.89463103e-01 2.07834840e-02 -1.31855011e-02
    4.01431859e-01 -6.19224906e-02 -5.70427358e-01 2.33668983e-01
    2.22700596e-01 2.85858929e-01 -6.68101609e-02 2.30413467e-01
    3.55308592e-01 2.56193876e-01 2.65609294e-01 3.03780854e-01
    2.00145364e-01 2.81028837e-01 -2.32237220e-01 -4.02839959e-01
    -2.65374094e-01 6.66127205e-02 1.00756407e-01 9.17413533e-02
    2.62269676e-01 -4.55052525e-01 1.36273503e-01 -1.49497837e-01
    3.89571488e-01 -2.62887746e-01 -3.41863483e-01 5.15640259e-01
    -2.61651874e-01 -3.82424682e-01 1.74055934e-01 -4.03536439e-01
    4.07327831e-01 2.94862449e-01 1.19643450e-01 1.92838907e-02
    3.39370072e-01 2.63992310e-01 1.84563100e-01 -5.69043279e-01
    3.35521221e-01 3.58936489e-01 -2.12041587e-01 -3.04514855e-01
    1.02723777e-01 -2.58441687e-01 -2.68116206e-01 2.48636723e-01
    1.35217309e-01 -4.19236302e-01 -4.26004231e-01 -4.41507667e-01
    1.01416260e-01 -6.63084090e-02 -1.28996968e-01 -2.10182369e-02
    -3.74301702e-01 4.04930085e-01 -1.34749383e-01 2.25297183e-01
    5.53674102e-01 -1.27102971e-01 4.63802427e-01 -2.80386597e-01
    -4.68028724e-01 -9.62853432e-02 -1.96281314e-01 -1.22849643e-01
    5.59017062e-03 1.68871909e-01 -4.05319601e-01 -5.11757255e-01
    4.03881520e-01 -1.48900032e-01 -4.40439731e-01 -3.20412904e-01
    2.11685896e-03 -3.59106362e-01 4.11436021e-01 1.14610493e-01
    -8.53806138e-02 9.28840637e-02 2.94989347e-03 1.21848941e-01
    6.97829723e-02 -4.62374628e-01 9.06653404e-02 -3.89639437e-01
    1.73548579e-01 -5.17864287e-01 -1.86598897e-02 -3.71768534e-01
    -3.92825693e-01 1.06091201e-01 -4.45527136e-01 2.55739510e-01
    2.22312450e-01 2.00920701e-02 -2.65555054e-01 -1.03985488e-01
    2.00639844e-01 3.32754970e-01 -1.54630959e-01 3.01456034e-01
    4.34615165e-01 -4.18305039e-01 6.32309914e-02 -4.34018016e-01
    1.17173493e-01 2.20257133e-01 -1.41983211e-01 -3.83279324e-01
    -2.96433359e-01 2.43586689e-01 -2.21974254e-01 -4.64636356e-01
    -1.02032453e-01 -2.88718641e-02 -3.37359995e-01 4.02730048e-01
    2.98434854e-01 -2.96505570e-01 3.56551170e-01 4.01962221e-01
    -3.53889048e-01 2.95931697e-02 3.41375947e-01 -2.72082299e-01
    -2.93121636e-01 3.57971132e-01 1.46592557e-02 -3.17196190e-01
    1.17450386e-01 -2.17049599e-01 1.77481234e-01 -3.48634601e-01
    2.48526335e-02 1.89468801e-01 -3.04898798e-01 -1.78959072e-01
    -4.53360200e-01 1.94522738e-01 -1.69253826e-01 1.34800494e-01
    -3.94840300e-01 -4.77735490e-01 1.38814926e-01 1.52421951e-01
    6.45163059e-02 -9.55720842e-02 -1.42381966e-01 1.33070022e-01
    -4.62612450e-01 1.82461739e-02 2.91317880e-01 -2.60343969e-01
    -2.32365012e-01 -1.16512507e-01 8.73419344e-02 -6.33326173e-03
    -3.73972565e-01 -3.41806471e-01 3.11847031e-01 4.33261275e-01
    -2.79164195e-01 3.41906399e-01 -2.78387606e-01 -4.23055202e-01
    1.36985809e-01 1.42370880e-01 4.12661999e-01 -5.00730872e-01
    4.56550717e-01 -1.34419590e-01 1.99731529e-01 6.68740869e-02
    -8.66417885e-02 -3.07734668e-01 6.11302853e-02 -4.08670455e-01
    3.57121438e-01 -3.27278346e-01 3.01874667e-01 3.36636841e-01
    4.84676957e-01 -4.29817647e-01 -2.15910614e-01 -4.14953738e-01
    -1.85559452e-01 3.56802404e-01 -7.22237229e-02 -1.39095306e-01
    -5.04264772e-01 1.69288486e-01 -1.77700132e-01 -3.74980986e-01
    3.76465082e-01 -2.94115067e-01 -3.33018482e-01 -7.87909925e-02
    1.22629285e-01 -1.83920443e-01 -1.23127013e-01 -9.55501199e-03
    1.83384538e-01 -2.00546652e-01 1.26316667e-01 -4.61824000e-01
    1.93580985e-02 -4.00546581e-01 -6.62789941e-02 -5.19214153e-01
    2.70854503e-01 1.82875812e-01 1.67280197e-01 2.89884865e-01
    -2.27327764e-01 -4.21999663e-01 3.21652830e-01 -3.64782363e-01
    6.78131580e-02 3.79728794e-01 -5.05173504e-01 -2.37491488e-01
    3.76047015e-01 2.81647682e-01 5.25218248e-02 -2.08141148e-01
    1.23693943e-01 3.13162804e-01 -1.54808462e-01 -3.04286510e-01
    1.05920434e-02 1.14136040e-01 1.24660134e-02 -5.89845181e-02
    -3.06571096e-01 1.52052522e-01 -4.81595010e-01 2.57203579e-02
    -3.96975726e-01 -4.75145936e-01 -1.83291554e-01 3.89945328e-01
    -2.85353184e-01 -4.67354387e-01 5.37245870e-02 -1.11656725e-01
    -1.71576738e-01 7.40752220e-02 2.38616168e-01 2.84404159e-01
    2.79899657e-01 -7.41317868e-02 -4.61112410e-01 -4.11396146e-01
    -3.98247302e-01 3.70128453e-01 1.38902903e-01 -3.10904145e-01
    2.34955549e-01 -2.26152658e-01 3.78055215e-01 -4.54828978e-01
    -4.78660166e-01 -4.29833293e-01 3.96255493e-01 -3.86269689e-01
    1.04073405e-01 8.55987668e-02 -3.71375293e-01 2.60074019e-01
    5.02734601e-01 -3.93543661e-01 -2.89615631e-01 6.59644008e-02
    -3.02939773e-01 -1.78820193e-01 2.13431776e-01 -4.24028814e-01
    -2.96411037e-01 -4.39755350e-01 -1.18506849e-01 1.11730039e-01
    -3.15754622e-01 -1.87527180e-01 -1.00715190e-01 -5.72317243e-02
    3.83616805e-01 -4.42010492e-01 6.28085136e-02 -2.67631412e-01
    -5.47012508e-01 2.79482186e-01 6.72087669e-02 2.81267524e-01
    4.92373109e-02 1.65268242e-01 -1.36814713e-02 -2.69083500e-01
    -2.03691423e-01 9.05420184e-02 -4.11341190e-01 -3.85343254e-01
    5.13707399e-02 -8.24677944e-02 3.50243449e-02 3.36946219e-01
    9.52228606e-02 -7.00045228e-02 -5.03264368e-02 -3.33993375e-01
    3.17840576e-02 -2.64347196e-01 1.71739757e-02 3.11591655e-01
    -2.43038863e-01 -2.03371942e-01 -1.57393157e-01 2.87243873e-01
    -1.01244956e-01 2.68686533e-01 -1.43474489e-01 -4.36853588e-01
    -2.80382603e-01 4.47524577e-01 -1.38973594e-02 -4.04282600e-01
    4.35643643e-01 1.50140464e-01 -3.46929133e-01 -2.75511175e-01
    1.34726226e-01 -2.85478294e-01 -4.69957381e-01 -3.04729342e-02
    7.61070848e-02 2.82640636e-01 -4.14367050e-01 -1.67800725e-01
    -3.54381800e-02 4.17908311e-01 3.57701004e-01 2.53113121e-01
    -8.23220611e-02 -8.59990716e-03 4.42172050e-01 1.78661942e-01
    -4.70376700e-01 -3.27349991e-01 9.89135504e-02 2.75983214e-01
    5.94227314e-02 2.53092468e-01 3.77540946e-01 -7.16239214e-02
    -4.01294827e-01 1.15488172e-01 -3.69075090e-01 -3.43276054e-01
    -4.62488443e-01 4.31840688e-01 3.45420182e-01 3.01554292e-01
    -2.42353350e-01 -2.57329345e-02 3.71139586e-01 -5.11468768e-01
    -1.95954770e-01 4.53181863e-02 -3.69993210e-01 -1.93775684e-01
    -3.33422124e-02 -9.81098711e-02 -5.51871359e-02 3.87599796e-01
    4.43330586e-01 2.76786089e-02 3.45585883e-01 -3.33372235e-01
    2.15554953e-01 1.31314456e-01 2.59793460e-01 -2.61820018e-01
    -4.12836790e-01 -1.04359388e-02 -9.19494033e-03 3.87126714e-01
    -3.77717167e-01 2.40907192e-01 -1.98293388e-01 4.44850832e-01
    -2.29094416e-01 6.07553422e-02 3.03334177e-01 8.58993530e-02
    3.27805102e-01 1.48937345e-01 2.10455000e-01 -3.92721832e-01
    1.54461503e-01 -9.66709852e-02 -5.88783920e-02 3.19717586e-01
    2.23982036e-01 8.49086940e-02 -2.71064848e-01 3.76458764e-01
    1.90804750e-01 -4.47684973e-01 -1.21775150e-01 1.74974740e-01
    3.26725841e-01 -1.57188714e-01 -7.75228143e-02 -3.83176863e-01
    1.74056292e-01 -3.01387906e-02 -1.49004936e-01 -5.42029738e-02
    -3.75456154e-01 -3.30271125e-01 -3.24135065e-01 3.07865918e-01
    -1.11632198e-01 4.39927816e-01 -4.72623706e-01 -2.55850762e-01
    1.15740091e-01 2.13561952e-01 1.46910727e-01 -2.40905583e-02
    -1.00803792e-01 -2.16375560e-01 4.71640527e-01 8.94772410e-02
    -9.94026661e-03 3.58260393e-01 -2.55845904e-01 2.56260067e-01
    -5.01678884e-02 3.19026619e-01 1.81698412e-01 1.31367117e-01
    2.01392174e-01 1.26690984e-01 -7.41761923e-03 4.15764451e-02
    1.52464807e-01 4.46510077e-01 2.53327936e-01 -2.86043227e-01
    5.87092638e-01 -3.46695930e-01 -1.49375498e-02 3.77334058e-02
    3.45141470e-01 -2.45689780e-01 5.18506050e-01 7.01741278e-02
    -2.66029745e-01 -1.55035466e-01 3.09434533e-02 -6.07091188e-03
    2.15880215e-01 3.95114899e-01 -4.13986027e-01 -4.94121820e-01
    -6.39475882e-02 3.96299124e-01 -1.65750295e-01 3.81230235e-01
    4.85472262e-01 -3.62414926e-01 1.05523765e-01 -2.67007172e-01
    3.80853832e-01 -5.27811408e-01 2.20118046e-01 9.13964510e-02
    -1.44823372e-01 -5.53949833e-01 -4.01152909e-01 -1.25034273e-01
    2.90196419e-01 -3.72374177e-01 2.16860533e-01 9.39562917e-02
    1.27841830e-01 -2.78376698e-01 1.01350248e-01 -1.90419495e-01
    -3.93357486e-01 -1.61033005e-01 4.33827400e-01 -5.94692230e-02
    4.06532407e-01 3.80371690e-01 2.87991583e-01 -2.52874374e-01
    3.27145815e-01 -3.41001987e-01 1.42475367e-02 2.59288967e-01
    -4.74026859e-01 2.37900317e-01 2.87875950e-01 1.79058313e-01
    -4.47021961e-01 1.79878294e-01 -9.66075957e-02 3.26200604e-01
    -1.32393926e-01 1.36316180e-01 -5.77691793e-02 -2.47351438e-01
    -2.12667108e-01 -2.13833451e-02 3.18205118e-01 1.75191164e-02
    -4.13170278e-01 -3.74345750e-01 2.16671050e-01 -1.12121016e-01
    -1.44097894e-01 -4.56691206e-01 1.92754894e-01 4.59154725e-01
    -4.18896526e-01 -1.93096876e-01 -4.51586902e-01 1.67047918e-01
    -5.36160588e-01 -3.05625945e-01 3.71732533e-01 -3.43254209e-02
    -1.64970994e-01 -4.31108475e-02 2.08802253e-01 -1.76623702e-01
    -2.99333632e-02 -2.11596489e-03 -3.98778141e-01 -3.15504998e-01
    2.64560759e-01 -1.88874990e-01 -3.19046915e-01 1.18328750e-01
    2.25416064e-01 8.90250206e-02 -4.66753483e-01 -2.32147932e-01
    -1.63503289e-01 -3.47522438e-01 2.53188193e-01 -6.44096613e-01
    2.26322830e-01 -2.01859951e-01 -2.89706349e-01 3.98996413e-01
    9.23308134e-02 2.00291097e-01 -1.62292421e-01 4.20854867e-01
    -3.95232856e-01 -1.04781896e-01 1.76187158e-01 -2.20391929e-01
    -1.46671295e-01 -1.73183769e-01 -2.37284750e-01 -4.26833689e-01
    -5.03823161e-01 -1.01991653e-01 1.68837965e-01 -2.30624318e-01
    3.54734600e-01 -3.41855824e-01 -3.02427322e-01 -9.83292758e-02
    6.78339303e-02 7.04535246e-02 -1.69032007e-01 2.54782975e-01
    -3.30726027e-01 2.16854304e-01 -3.83251369e-01 -2.55801797e-01
    4.73699868e-02 3.49159837e-02 -1.59988046e-01 1.66350067e-01
    -4.49794531e-02 -4.50865030e-02 8.86129141e-02 4.76738811e-02
    -2.47673273e-01 7.09264278e-02 -2.14036584e-01 -3.62147033e-01
    -1.89765245e-01 5.21321893e-01 3.44162256e-01 -4.89463329e-01
    3.58273566e-01 8.51697326e-02 1.15495205e-01 -5.49641252e-02
    -1.44396663e-01 2.45588422e-02 2.21137643e-01 2.96915770e-02
    -2.10911125e-01 4.45421815e-01 -2.65170515e-01 1.08732045e-01
    -4.62112695e-01 -2.73792595e-01 -1.83912188e-01 -3.68363529e-01
    -3.05196762e-01 -1.56844854e-01 -1.83792979e-01 -2.09813118e-01
    4.59030628e-01 4.03134882e-01 4.84451056e-02 -1.73239321e-01
    3.61051559e-01 -1.67849064e-02 -3.36433291e-01 -1.52645826e-01
    -3.76959890e-01 -2.50334024e-01 1.34630561e-01 -3.18092704e-01
    -5.78872442e-01 -3.69879007e-02 -1.17376298e-01 -2.21870542e-01
    -2.20873863e-01 -3.63963455e-01 -3.72637182e-01 1.80234045e-01
    -1.73968345e-01 -4.00948077e-01 4.28894818e-01 -1.90140873e-01
    -2.51265258e-01 -3.55255216e-01 -1.33270949e-01 2.27436602e-01
    -1.97462320e-01 -5.28449655e-01 8.35055113e-02 3.83373678e-01
    -2.69668519e-01 1.77876174e-01 -4.64547873e-02 4.02703702e-01
    2.63053656e-01 -5.01958847e-01 -2.87869364e-01 -1.29597723e-01
    -3.76533777e-01 -2.55019486e-01 2.03979909e-01 2.97666550e-01
    -6.40756488e-02 6.73477650e-02 -2.09051460e-01 6.92031682e-02
    -4.41205740e-01 2.54836529e-01 -3.87189627e-01 3.28866988e-01
    1.02666616e-01 -3.73754114e-01 4.37498987e-02 4.21281844e-01
    -2.67183125e-01 3.68750811e-01 -3.60501468e-01 -4.01351601e-01
    -3.04985017e-01 -2.78216302e-01 -7.43381083e-02 6.70230985e-02
    -5.04546285e-01 -1.13646388e-02 2.97343493e-01 3.22851479e-01
    -4.06695724e-01 -4.43169296e-01 -3.72663230e-01 -3.32794935e-01
    -3.82820338e-01 -2.62291312e-01 3.58688533e-02 -3.31833094e-01
    -3.11553270e-01 -1.07309401e-01 3.14395726e-01 2.26072073e-01
    1.39144123e-01 -3.73844713e-01 -4.43337262e-02 -4.41888958e-01
    -5.60435951e-02 5.41412711e-01 -1.21987522e-01 -3.12694758e-01
    2.72691011e-01 1.18898153e-02 2.55584925e-01 -5.72830439e-02
    3.10778290e-01 6.00204706e-01 -2.92079270e-01 -5.20095944e-01
    1.28319621e-01 -4.15804535e-01 -9.50402319e-02 1.93392098e-01
    -1.98703885e-01 -5.03074825e-01 -5.86830318e-01 -4.19633359e-01
    -8.96239281e-03 4.29284751e-01 -4.87130493e-01 3.38148057e-01
    1.75446272e-01 8.68112445e-02 1.41613722e-01 4.06422019e-02
    3.86027873e-01 1.04213357e-01 -5.88656425e-01 2.71936536e-01
    -3.46738875e-01 -3.48084867e-01 -4.38402832e-01 3.89006734e-02
    3.12722266e-01 -5.01716614e-01 -3.52882326e-01 -1.50682628e-02
    2.18542784e-01 2.16131121e-01 2.57270932e-02 -2.47428775e-01
    -1.04170501e-01 3.64223719e-01 6.21293783e-02 4.54553127e-01
    -1.28426194e-01 -1.71648860e-01 2.34478712e-03 -1.13415480e-01
    -5.11659503e-01 2.25834310e-01 -5.58306158e-01 -2.69579828e-01
    -1.40512586e-01 1.42576337e-01 1.40377641e-01 4.56717134e-01
    -4.67317939e-01 -6.96350038e-02 3.89535606e-01 -1.69740021e-01
    -4.04352546e-02 3.97024930e-01 4.13720787e-01 -1.68888867e-01
    -2.62400448e-01 4.96957600e-02 2.25146979e-01 -2.24204898e-01
    -2.56793737e-01 -3.31595749e-01 -4.57835644e-01 9.11016464e-02
    -3.15981954e-01 4.35562730e-01 2.32862413e-01 -2.48846531e-01
    -9.98300016e-02 1.97753310e-01 -9.35944617e-02 -1.15113020e-01
    2.70645857e-01 6.89651668e-02 3.54976237e-01 2.91579664e-02
    6.36720657e-03 4.25376385e-01 4.41666901e-01 1.93988621e-01
    -1.41561419e-01 -1.60907298e-01 -2.17789978e-01 -3.18017662e-01
    2.02492148e-01 -1.28924280e-01 -3.03947896e-01 -6.19166851e-01
    2.47430801e-01 1.11101866e-01 1.70569003e-01 9.83638763e-02
    -1.14079058e-01 2.02455223e-01 -5.47305346e-01 2.88967490e-01
    -1.68569058e-01 7.55825043e-02 3.82877588e-01 -3.81013721e-01
    -1.78600639e-01 -2.90384710e-01 -5.79959154e-03 -1.46453232e-01
    -1.80719286e-01 3.04512769e-01 -4.57622409e-02 -1.85110152e-01
    3.02882433e-01 -9.42335725e-02 -2.45796382e-01 3.69848847e-01
    -7.59630799e-02 -4.37366158e-01 5.42397797e-02 1.03673369e-01
    -1.41148269e-01 2.02173293e-01 -1.91788375e-01 2.75093019e-01
    -3.66629332e-01 3.38146925e-01 -4.05601740e-01 1.91207141e-01
    4.95239407e-01 -3.85192573e-01 -4.69686776e-01 1.12551630e-01
    1.07637227e-01 4.42696214e-02 -3.43337297e-01 2.02885866e-01
    2.41191268e-01 -9.43811536e-02 -1.69529915e-02 -4.38435346e-01
    9.94381309e-02 -2.42181063e-01 -6.14087880e-02 -4.82142478e-01
    1.19437277e-01 -2.37992883e-01 -1.50639862e-01 1.89658523e-01
    -4.31667536e-01 1.85050011e-01 3.61899793e-01 -5.13162255e-01
    -4.68474030e-01 3.43987226e-01 1.47189736e-01 1.66141748e-01
    1.98075771e-02 -6.22584522e-02 -2.37558573e-01 1.49835765e-01
    -3.03440392e-01 4.93637025e-02 -1.49136961e-01 1.46259546e-01
    -1.26696229e-02 3.19155425e-01 2.65404612e-01 -4.98270988e-03
    1.42720938e-01 -2.16251612e-02 2.98198879e-01 -4.81969833e-01
    -4.15777862e-02 -3.16143632e-01 -3.82153004e-01 -3.70030075e-01
    4.11785245e-01 -1.20928675e-01 2.28579998e-01 1.07584387e-01
    2.93067276e-01 -4.04367208e-01 -1.48549080e-01 3.80238712e-01
    -3.67078781e-02 -3.11368674e-01 1.37543321e-01 -2.75369525e-01
    -4.79789257e-01 -1.50329471e-01 4.46723104e-01 -6.60121441e-02
    2.12952495e-02 -3.79731268e-01 -2.65038669e-01 1.32926643e-01
    1.50727093e-01 -4.44952101e-01 -8.91665518e-02 2.88591504e-01
    -5.23396254e-01 -1.13034248e-02 -2.87612945e-01 -3.50799382e-01
    3.55870783e-01 -1.10269397e-01 -3.21868122e-01 -1.67513192e-01
    -6.79728985e-02 1.25278831e-02 2.94172704e-01 3.90168667e-01
    -1.49975121e-02 3.92654866e-01 4.76091802e-02 -1.21648192e-01
    1.40724927e-01 -1.99891388e-01 -3.46261263e-03 -3.42658162e-01
    4.53627646e-01 -1.20612323e-01 7.86254704e-02 -1.45350367e-01
    -4.73423600e-02 1.89755559e-02 2.90182829e-02 -1.75124139e-01
    -4.07451838e-01 -1.08153731e-01 2.58879632e-01 1.26164436e-01
    2.03493595e-01 -1.43503577e-01 -6.42703772e-02 -3.97024602e-01
    -7.21530020e-02 5.67132235e-02 -1.90323561e-01 -2.87493587e-01
    3.88515174e-01 2.23602355e-01 -5.11489034e-01 -1.14455879e-01
    -1.26955539e-01 -7.61095285e-02 -2.88903415e-01 6.70831501e-02
    -3.57326567e-02 -3.04136932e-01 2.56849349e-01 -2.99886376e-01
    -3.36838961e-02 1.27076685e-01 -6.46341145e-02 4.35734093e-02
    1.57901585e-01 1.15700752e-01 4.52576578e-01 -5.15470386e-01
    4.09807086e-01 2.56422341e-01 1.80596769e-01 2.37298846e-01
    1.06553227e-01 3.07178795e-01 4.64382768e-01 -3.63149524e-01
    3.07532907e-01 2.49417365e-01 -4.40547317e-01 1.83402330e-01
    -3.59031349e-01 -1.04903013e-01 2.08081424e-01 -3.66894722e-01
    -9.11933780e-02 -5.97215891e-02 1.41618729e-01 5.27626276e-02
    2.55495071e-01 2.84123898e-01 2.29511082e-01 1.57337487e-01
    3.12213242e-01 9.22746658e-02 3.82851213e-01 -2.76921630e-01
    3.65002155e-02 -7.73620009e-02 -9.13033783e-02 3.40852678e-01
    -3.24876666e-01 -4.69292849e-01 -5.02942920e-01 -4.60246831e-01
    -1.54434443e-01 -3.30662727e-01 3.97556961e-01 -3.27731580e-01
    -1.01921290e-01 3.76913428e-01 -4.58666086e-02 -5.25887430e-01
    5.17052889e-01 -2.72778422e-01 -1.26241446e-01 -4.15665269e-01
    3.82037163e-02 -3.98667365e-01 -2.42160678e-01 1.90399110e-01
    4.51087952e-02 -2.65796125e-01 3.62329364e-01 -1.43388927e-01
    -4.51320618e-01 3.63991112e-01 1.06866658e-01 5.04348218e-01
    -5.17360866e-01 3.56161833e-01 3.72527838e-01 3.31682742e-01
    -3.79130125e-01 2.32015848e-01 -2.95753330e-01 3.05061162e-01
    -7.76129067e-02 2.42902040e-01 1.22062624e-01 -3.57428193e-02
    -1.39603734e-01 3.18698883e-01 -4.13889498e-01 -5.68802357e-02
    -5.04479527e-01 -1.16592377e-01 -1.09061122e-01 2.05915987e-01
    5.11043549e-01 3.66236269e-02 -1.05124325e-01 4.72164124e-01
    -3.45979065e-01 -4.21919525e-01 8.94023180e-02 1.26187205e-01
    1.60604358e-01 2.89133668e-01 2.79561758e-01 7.00217485e-03
    -1.83358133e-01 -8.76806080e-02 3.60512376e-01 -4.14333940e-01
    1.23938084e-01 -4.25868541e-01 2.73727000e-01 -5.17609298e-01
    -1.25765651e-01 -1.45073116e-01 -1.07110023e-01 -8.69032145e-02
    1.74170166e-01 3.14406246e-01 3.28371912e-01 -1.02691650e-01
    2.73026764e-01 2.33963609e-01 -1.40731037e-01 -3.41714025e-01
    4.69627589e-01 -1.45685673e-02 -3.10139328e-01 2.85046995e-01
    2.55279362e-01 -8.70102644e-03 -2.34587461e-01 1.28003359e-02
    1.88635170e-01 -1.13490641e-01 3.92887235e-01 -1.89943641e-01
    -4.13212508e-01 -3.52575481e-02 -3.50644439e-01 2.76466787e-01
    4.01076972e-01 1.68880224e-01 -2.85299987e-01 2.79453516e-01
    -9.77820158e-02 1.79567456e-01 -3.11380506e-01 -2.93355644e-01
    -2.85609573e-01 -2.34664768e-01 1.34519935e-01 -2.54488081e-01
    -1.41345859e-01 4.08569455e-01 -4.01126653e-01 3.94260168e-01
    5.38139939e-02 -5.08795142e-01 -9.91919339e-02 -4.66686785e-01
    -8.94761384e-02 -4.29931939e-01 2.63736010e-01 2.58228242e-01
    -3.22886616e-01 -1.44070745e-01 1.63049906e-01 -3.49825621e-02
    -3.72281164e-01 5.18724799e-01 3.48206133e-01 6.38582706e-02
    -3.65951627e-01 1.01114511e-01 -2.04906464e-02 -4.04337943e-01
    -2.31864899e-01 3.48054886e-01 3.72146994e-01 -1.98780775e-01
    -3.15898478e-01 4.49086845e-01 2.10701734e-01 3.81438762e-01
    -1.15129590e-01 -5.25951624e-01 1.63019478e-01 1.98334664e-01
    1.13225728e-01 -2.41797268e-01 -1.08664513e-01 -6.98855519e-02
    -2.73434341e-01 3.70781600e-01 -1.30607128e-01 5.40898442e-02
    1.83670461e-01 -2.23958194e-01 -4.20178682e-01 1.34958029e-02
    5.02915025e-01 -1.16212428e-01 2.37070620e-01 3.77024353e-01
    1.73570514e-01 -2.65977323e-01 -2.73882002e-01 -2.96971858e-01
    3.41094166e-01 -1.99962139e-01 3.67108554e-01 1.63761884e-01
    -1.43167257e-01 -3.26733381e-01 5.02527356e-02 6.98127747e-02
    -2.68116891e-01 -4.19976115e-02 -1.75826311e-01 -2.12372005e-01
    -2.26750642e-01 5.36049902e-02 -3.15445274e-01 5.41788340e-03
    -3.18055749e-02 -3.99921745e-01 1.66432828e-01 -1.83039099e-01
    4.48677212e-01 -2.16810942e-01 5.40572703e-02 -1.45824999e-01
    -9.02758539e-02 2.35100746e-01 4.29344893e-01 5.45031428e-02
    -6.49414957e-02 -7.00509548e-02 -3.15028131e-02 1.56426847e-01
    -4.44636881e-01 1.31611735e-01 3.42387408e-01 3.11062217e-01
    2.11994797e-01 -3.22961509e-01 9.19366479e-02 -5.27542830e-02
    3.37859571e-01 -4.67026234e-03 -5.11657834e-01 3.86607826e-01
    3.96133602e-01 -5.43150902e-02 -2.01378465e-01 5.02683163e-01
    -1.59137666e-01 -1.00819558e-01 -2.95213759e-02 -4.12073314e-01
    -3.44788492e-01 4.13936973e-02 3.43945265e-01 -1.46725744e-01
    -9.74528790e-02 -2.87012130e-01 -1.71049893e-01 2.88686693e-01
    1.21399611e-01 -1.77659929e-01 -2.90620953e-01 -2.83581167e-01
    4.94677365e-01 2.42958128e-01 1.44770443e-01 -2.79741496e-01
    -1.27794713e-01 2.67674446e-01 2.36756861e-01 -5.47411144e-02
    -2.75097728e-01 -2.62471974e-01 -2.99629509e-01 -3.02795589e-01
    1.95686281e-01 -1.39350891e-01 3.30778003e-01 -5.33575296e-01
    3.31552267e-01 4.57664132e-02 -1.88025475e-01 -2.86264390e-01
    -3.10486466e-01 2.43130624e-02 -4.10765857e-01 2.30120122e-01
    -1.87720537e-01 -3.45171541e-01 -1.25170499e-01 -5.40428162e-01
    -4.29071695e-01 4.37148094e-01 1.12803817e-01 2.28788495e-01
    -2.54946917e-01 4.49696600e-01 1.60838008e-01 2.45207250e-01
    1.99364364e-01 4.56895351e-01 -1.87289417e-02 -3.05773735e-01
    5.73319793e-01 -1.17429614e-01 -3.62123668e-01 -1.64209306e-01
    -2.13701069e-01 4.58435297e-01 3.23239446e-01 -4.33140993e-01
    -1.89414054e-01 -2.13937819e-01 2.66581386e-01 -4.16542500e-01
    3.46538782e-01 -5.29940724e-02 -1.85277492e-01 2.75489330e-01
    3.27922821e-01 9.88463163e-02 5.00345230e-02 -1.34280503e-01
    -4.70310599e-01 1.84455454e-01 -1.00719184e-01 -2.90943474e-01
    4.01733518e-02 4.76284027e-02 -3.30092192e-01 6.72203898e-02
    1.89429998e-01 -3.63909572e-01 7.53847361e-02 -4.09631461e-01
    -3.15009862e-01 8.16968083e-02 -5.44061661e-02 -5.89392483e-02
    -4.56462741e-01 7.33961463e-02 -4.30803686e-01 -2.85635918e-01
    -3.70121777e-01 2.80555308e-01 1.74164414e-01 1.77249789e-01
    3.09394836e-01 9.25508142e-02 -1.19048357e-01 2.79733241e-01
    -2.01800048e-01 3.30452919e-02 3.17804992e-01 3.10608745e-01
    -4.58721399e-01 1.93386495e-01 -1.17572188e-01 4.29994464e-02
    4.58325207e-01 3.27182680e-01 -1.97726429e-01 3.71963561e-01
    -4.70172614e-01 -4.76654112e-01 -3.45727265e-01 1.73283935e-01
    -1.22083783e-01 4.49599028e-02 2.22534537e-02 1.75260335e-01
    7.57637024e-02 4.19718772e-01 -4.74096119e-01 -9.66584682e-03
    -1.19993210e-01 8.08501244e-03 -4.87009883e-02 -2.85659492e-01
    -2.71927118e-02 1.93934619e-01 -4.27952081e-01 1.28480971e-01
    9.95513797e-03 -2.17743456e-01 4.74522710e-01 1.32260323e-02
    -5.17578602e-01 1.73265457e-01 -3.22583556e-01 5.01552820e-02
    3.90908003e-01 -4.44519460e-01 3.10510755e-01 -1.12824023e-01
    3.15910280e-02 2.95067906e-01 4.71146286e-01 4.94534969e-01
    -2.22636640e-01 2.26251453e-01 4.43835735e-01 -8.52729678e-02
    -2.21411556e-01 -1.51510209e-01 4.46952730e-01 1.32381082e-01
    8.51724744e-02 2.83106446e-01 2.07616627e-01 -2.89335430e-01
    1.64129317e-01 -4.08136815e-01 2.29008317e-01 -4.26643908e-01
    -2.00152516e-01 2.83787012e-01 4.18926954e-01 -4.27843690e-01
    -4.87949133e-01 -1.77088946e-01 -2.24844158e-01 2.56485045e-02
    -1.49068236e-01 -1.99796438e-01 -3.43205214e-01 2.39397973e-01
    -3.54592234e-01 2.80810177e-01 1.57142758e-01 2.55662918e-01
    -2.64639854e-02 -5.14103115e-01 -1.36165589e-01 5.57276607e-02
    3.76765549e-01 -7.57057667e-02 6.06951118e-02 3.05598438e-01
    -4.87288594e-01 -4.51353788e-02 -4.67586368e-01 1.23461127e-01
    2.66979456e-01 4.05087173e-01 -2.15564728e-01 -4.59927350e-01
    -2.14263052e-01 -7.81809390e-02 6.60163164e-02 2.73283780e-01
    -4.50216830e-02 -5.43924868e-02 1.17679447e-01 2.48571038e-02
    -1.28593326e-01 3.18260938e-01 1.29658312e-01 -7.11888075e-02
    3.91322970e-01 1.27623498e-01 -3.39076847e-01 3.63783181e-01
    2.95853615e-01 2.46398985e-01 -4.26816940e-03 -1.84338152e-01
    -3.31136525e-01 -3.05090129e-01 3.65465343e-01 -1.33907020e-01
    1.59808874e-01 1.77349210e-01 -2.98245281e-01 -3.47575277e-01
    -1.34099841e-01 -3.54997993e-01 -5.44634461e-02 2.88574070e-01
    2.96806097e-02 -6.56231642e-02 -6.97010756e-02 -1.38036221e-01
    -4.62562621e-01 2.08267868e-01 -4.41353083e-01 1.34485841e-01
    -4.17748719e-01 -1.03743255e-01 -3.23830962e-01 5.06830454e-01
    -1.25479758e-01 -3.92496675e-01 -3.72330964e-01 -3.11330169e-01
    1.67131186e-01 1.99015975e-01 -5.43960094e-01 3.06755722e-01
    2.25170791e-01 -4.22768146e-01 -2.35850394e-01 -2.88707167e-01
    -4.47189212e-01 -2.39145696e-01 1.53534412e-01 4.62821305e-01
    8.39335322e-02 -1.78456843e-01 3.33157927e-01 2.64670581e-01
    1.62579507e-01 1.81222111e-01 2.98445821e-01 5.44782877e-02
    -3.28153819e-01 -1.18046552e-01 -3.64641637e-01 1.84348643e-01
    -2.60706186e-01 -1.18937492e-01 -4.37965155e-01 -2.69777447e-01
    -3.49232823e-01 -5.91990948e-02 -4.90274787e-01 -3.13594878e-01
    1.28957182e-01 -3.28752965e-01 4.04780954e-01 2.50109285e-01
    -3.52207422e-02 -2.80200839e-02 2.27788508e-01 8.39155912e-02
    -4.27448601e-01 -6.62043691e-02 1.54886603e-01 -4.56266403e-02
    -2.12556720e-02 -3.84962559e-02 -4.75432456e-01 -1.08781844e-01
    -2.98280716e-01 3.01257551e-01 1.05386317e-01 2.74021804e-01
    -2.80312955e-01 -3.42528224e-02 4.46175635e-01 -5.02207041e-01
    -4.91027296e-01 4.13875967e-01 2.23552763e-01 -2.20181406e-01
    -4.20461833e-01 3.52197140e-01 -9.22628045e-02 -2.76250869e-01
    -2.78733253e-01 7.52038658e-02 4.34308797e-01 -7.73282349e-02
    2.61312723e-02 1.59645915e-01 -2.68009186e-01 1.97779149e-01
    -2.87500709e-01 -1.57660067e-01 -3.96315306e-01 2.70673633e-03
    2.69868731e-01 -9.24909115e-02 1.00312978e-01 -4.96250004e-01
    -5.69681764e-01 -5.80883980e-01 3.06139886e-01 1.45907760e-01
    1.80743873e-01 -6.77006900e-01 -5.79266548e-01 3.06846440e-01
    2.48709023e-01 2.20030129e-01 -4.02186632e-01 3.37986112e-01
    -3.12312752e-01 -1.98957145e-01 2.82750875e-01 5.41765690e-02
    1.53518409e-01 4.36249375e-01 -3.61781061e-01 -3.97868097e-01
    -4.44631815e-01 -2.55263299e-01 2.32938230e-01 2.73428142e-01
    -3.57086718e-01 1.71099663e-01 -4.03050095e-01 -1.30538881e-01
    -4.67003405e-01 -2.61863410e-01 -4.65691090e-03 -2.59296149e-01
    1.35277092e-01 -4.75213438e-01 -1.54908597e-02 4.11217213e-02
    -1.52020633e-01 -3.77476215e-03 2.71858811e-01 3.18198383e-01
    -7.04054832e-02 -4.05043781e-01 4.27069306e-01 2.91745842e-01
    6.33728504e-02 -3.18238735e-01 1.28401101e-01 -2.90739536e-01
    1.80161238e-01 -5.56873083e-02 -1.17460728e-01 -1.76741660e-01
    -4.71892148e-01 -3.24437886e-01 1.77386045e-01 -3.56808096e-01
    3.70586693e-01 2.15826035e-02 -1.49374098e-01 2.63346553e-01
    2.14045167e-01 1.25601709e-01 9.96503234e-02 2.33066916e-01
    -1.38658166e-01 2.78468013e-01 -8.71784687e-02 -3.08635354e-01
    8.49496722e-02 -1.99422091e-01 -3.04899037e-01 -4.75872964e-01
    -1.23943835e-01 3.59216303e-01 -1.22066647e-01 -4.62507904e-02
    -2.50095904e-01 -3.79448801e-01 1.87986046e-01 -9.48885679e-02
    -4.61399019e-01 -2.23493576e-03 -3.44321549e-01 -1.78603858e-01
    -2.09738821e-01 2.50829965e-01 -4.96581584e-01 -1.59926295e-01
    4.67022657e-02 -2.00002134e-01 -2.43193924e-01 1.76338792e-01
    -3.66372913e-01 -4.67496842e-01 3.50801289e-01 7.08327889e-02
    3.33338976e-03 -3.21547687e-01 -7.11345971e-02 -4.89647180e-01
    9.11140442e-03 6.21705949e-02 -4.22322422e-01 -5.75523973e-02
    1.48489475e-02 -4.10610437e-02 -1.44359469e-01 1.51359737e-02
    -2.74628043e-01 -4.35010761e-01 1.69192076e-01 -2.86635756e-01
    2.51341283e-01 -8.23656917e-02 -2.15555221e-01 3.40784967e-01
    -4.18684006e-01 -4.01679218e-01 -4.80533272e-01 -2.65167177e-01
    3.18987906e-01 4.05877888e-01 2.70938873e-02 1.76919758e-01
    1.23402059e-01 1.81317270e-01 -2.60575205e-01 6.58568740e-02
    -4.10671443e-01 -7.99210668e-02 -2.48244703e-01 -6.21695817e-02
    -1.04217559e-01 -4.74369198e-01 -1.59917861e-01 -2.76215464e-01
    -6.96819127e-02 -9.17042494e-02 5.09570837e-02 1.26586795e-01
    -1.15824342e-01 4.66708362e-01 -2.60785758e-01 -4.72338974e-01
    1.57116592e-01 2.87075341e-01 -4.44142461e-01 -2.54055202e-01
    4.62736309e-01 4.00414079e-01 -4.10385698e-01 -3.51112872e-01
    3.84092391e-01 -1.34872258e-01 2.46222198e-01 -2.12317139e-01
    -1.47875816e-01 3.97413969e-03 -1.20770931e-03 -2.79532194e-01
    -4.87619877e-01 2.68501639e-02 -1.76042646e-01 4.37875986e-02
    3.06306720e-01 -5.00237465e-01 4.59726632e-01 -3.85713369e-01
    5.35417080e-01 -1.67258650e-01 -4.88211989e-01 -2.24614143e-01
    1.86633706e-01 7.13571906e-02 2.82234490e-01 -4.78571326e-01
    4.02656555e-01 -3.66284877e-01 -2.37889111e-01 -4.00310606e-01
    3.98788214e-01 -5.14899194e-01 1.72089398e-01 -2.00393111e-01
    3.98201764e-01 -7.80340731e-02 -2.45608628e-01 -3.68273258e-03
    -1.80960566e-01 3.01002026e-01 -2.87617147e-02 1.49018556e-01
    4.04725820e-01 -4.45996940e-01 -5.39162874e-01 4.66383636e-01
    1.17359102e-01 -1.56462342e-01 -3.33319485e-01 -6.81684613e-02
    3.66936237e-01 -3.47086132e-01 2.61787325e-01 6.66113496e-02
    3.59394997e-01 -3.77265871e-01 -1.73068851e-01 5.33371687e-01
    3.47309351e-01 -3.71569872e-01 -1.51482493e-01 3.14270228e-01
    1.65033698e-01 -2.76049256e-01 -4.98552978e-01 6.56682253e-03
    3.05943251e-01 -3.03539217e-01 -3.13472748e-03 -4.22912210e-01
    2.45837897e-01 2.27409214e-01 -2.43057340e-01 -3.18047047e-01
    4.91226017e-02 2.85904408e-01 1.52854621e-01 2.82108068e-01
    -4.48931515e-01 4.08223212e-01 2.64141023e-01 -4.30185020e-01
    -4.80049551e-02 4.37737554e-01 -2.95254409e-01 -4.31764960e-01
    -3.39598805e-01 7.17042089e-02 -9.96944308e-03 -3.70693684e-01
    5.22763729e-02 -2.85036623e-01 9.87979770e-03 2.99658656e-01
    -4.92385298e-01 -5.05552053e-01 3.13254029e-01 2.69892871e-01
    -5.22645116e-02 -1.93544716e-01 -9.03293788e-02 1.39126241e-01
    6.94968104e-02 -2.85600752e-01 -2.46039778e-01 -5.84840775e-03
    3.08183759e-01 3.02337229e-01 -4.88836467e-01 3.28924716e-01
    1.76850259e-01 -1.26588941e-01 3.32977951e-01 1.01608753e-01
    -1.00439578e-01 1.86672091e-01 -3.21369708e-01 4.65174675e-01
    -2.39039630e-01 -4.29427803e-01 -3.16736728e-01 8.10760260e-03
    3.95793974e-01 -4.23302233e-01 1.46086454e-01 -2.88996100e-01
    -3.59740555e-02 2.10558474e-01 1.91583335e-01 1.53324544e-01
    1.44017100e-01 2.37051904e-01 -1.86604738e-01 5.63902855e-02
    -2.56184489e-01 -2.30958939e-01 6.78660274e-02 2.37216353e-01
    -4.34162706e-01 -3.83732349e-01 3.06605309e-01 -3.96445096e-01
    -2.74431705e-01 -1.21874392e-01 -5.12887359e-01 -2.86843479e-01
    2.88845599e-01 -4.45074201e-01 -3.61466140e-01 -2.98814535e-01
    3.35378468e-01 4.66618538e-02 3.85705590e-01 -2.81403661e-02
    2.05450654e-02 -4.99023944e-01 5.25961518e-02 -4.81277436e-01
    -2.04527497e-01 -1.20841444e-01 1.00837529e-01 4.65715528e-02
    2.97833681e-01 -4.96666223e-01 -2.89450943e-01 -2.33465135e-01
    -6.33043051e-03 3.49603891e-02 4.44777787e-01 -1.60773695e-01
    -3.41295660e-01 -3.34685177e-01 -2.63449162e-01 2.47542799e-01
    -5.15018821e-01 3.25301886e-01 4.47762012e-01 6.14680946e-02
    -2.35073656e-01 2.75711983e-01 5.92819154e-02 -2.82357782e-01
    -1.21219993e-01 -1.76376760e-01 -2.30064154e-01 -3.22709441e-01
    -2.94618636e-01 -8.36998820e-02 -2.71976888e-01 -3.33370775e-01
    -3.27641487e-01 -8.55855942e-02 -2.19167113e-01 -1.01164639e-01
    1.47199631e-02 2.62913167e-01 -3.06564629e-01 4.48878825e-01
    4.19971347e-01 4.20788288e-01 1.40290856e-01 2.79718637e-01
    3.65037322e-01 -2.84475029e-01 1.67571902e-01 4.52424526e-01
    2.28101015e-03 -4.45714504e-01 -2.54690766e-01 3.91613007e-01
    1.33646131e-02 4.85020936e-01 -3.25434804e-01 -3.09833676e-01
    1.96438432e-02 2.66114593e-01 -1.96567953e-01 2.02122539e-01
    -2.24917889e-01 -2.53934145e-01 4.04891729e-01 -3.23523879e-02
    9.60028172e-02 3.51553619e-01 2.65476286e-01 1.67040884e-01
    1.60185695e-02 -9.48920846e-02 -4.31937665e-01 1.19729877e-01
    1.09076500e-02 4.28348780e-01 2.07393587e-01 -4.85121101e-01
    3.91541928e-01 8.59545767e-02 -3.70922863e-01 -3.25338244e-02
    2.93616831e-01 -8.30343962e-02 -2.83329129e-01 -2.69466937e-01
    -4.67969179e-02 -4.53745902e-01 -5.57433069e-02 -4.21761274e-01
    -2.99253762e-02 -1.94514275e-01 -1.18553936e-02 4.35995519e-01
    3.07785809e-01 -1.71157390e-01 -5.11273980e-01 1.27364695e-01
    1.80737793e-01 -3.01122516e-01 2.95392573e-01 -4.21756208e-01
    2.13997424e-01 4.29840505e-01 -1.26328915e-01 -3.54299933e-01
    1.08941823e-01 -9.79399681e-02 3.04476917e-02 3.14500451e-01
    1.07008934e-01 2.57802665e-01 4.65214252e-02 3.05568993e-01
    2.13869095e-01 2.10885048e-01 -7.11500645e-04 -7.78247714e-02
    -3.39994907e-01 5.04481971e-01 4.85005826e-01 8.34150910e-02
    -2.44176626e-01 1.57128930e-01 -8.68143737e-02 4.17013049e-01
    3.32021475e-01 3.06981742e-01 -7.20269084e-02 1.92586243e-01
    2.48545706e-01 -3.94573957e-01 -3.73384744e-01 1.74770057e-01
    4.83622521e-01 -3.14437270e-01 4.43092704e-01 -4.95544076e-01
    1.03406131e-01 2.54923224e-01 4.02825773e-01 -2.28638530e-01
    3.51086468e-01 -1.38931453e-01 2.41498888e-01 -3.33427936e-01
    4.91771370e-01 -3.77326727e-01 1.13218725e-02 -3.03610712e-01
    -7.76746273e-02 6.40431046e-02 -4.69327718e-01 -3.09601992e-01
    -2.00741887e-02 3.98942828e-01 -2.01722145e-01 -2.76543915e-01
    -5.70835471e-02 -7.60939717e-02 -1.66657388e-01 -2.88265795e-01
    1.76396251e-01 1.97215319e-01 1.12528801e-02 2.09637761e-01
    -7.72508383e-02 3.48384082e-01 -5.15316606e-01 3.13189030e-01
    1.64101303e-01 1.98565364e-01 -2.55033970e-01 -1.42343611e-01
    2.51983106e-01 2.80549526e-01 1.85930371e-01 -4.35154110e-01
    9.31721926e-03 -1.85106754e-01 3.86011899e-01 -2.47412920e-02
    -4.66336012e-02 -1.80856138e-01 -3.75714868e-01 -3.09292853e-01
    -6.47846162e-02 6.02429867e-01 -4.04799700e-01 -4.09803838e-01
    -4.02947426e-01 -2.51309305e-01 -1.77960992e-01 9.64826345e-03
    4.29768562e-02 2.84343183e-01 6.61259592e-02 -1.79978520e-01
    5.92800498e-01 -3.52913767e-01 -3.53435725e-01 -2.72799492e-01
    -2.73467928e-01 -4.39318359e-01 1.22309893e-01 1.39979482e-01
    -4.22476202e-01 4.12703484e-01 2.95337737e-01 2.49582529e-01
    2.27773845e-01 -2.12004185e-02 3.50117683e-04 2.52570033e-01
    3.58827114e-02 -3.14769864e-01 -3.49096417e-01 -2.59613991e-03
    1.55341744e-01 2.82354891e-01 1.44966424e-01 3.23700130e-01
    -3.31304401e-01 -1.13465399e-01 3.53446126e-01 2.15400755e-01
    3.54686141e-01 -1.97543621e-01 3.98636043e-01 -5.25197029e-01
    3.51301551e-01 3.39465678e-01 -4.74806845e-01 -1.24880135e-01
    -5.98784089e-02 -3.94836783e-01 1.23015344e-01 -2.82029271e-01
    3.24133843e-01 -6.10376298e-02 1.70854181e-01 -1.40937090e-01
    -3.26389968e-01 1.26732647e-01 1.14452183e-01 2.44490564e-01
    7.60689378e-02 -7.50701725e-02 -7.92968869e-02 -3.49548578e-01
    -3.92983317e-01 2.11922824e-01 4.42773700e-01 4.06620502e-02
    2.86302984e-01 8.46527219e-02 3.35159540e-01 4.07327652e-01
    -4.64037657e-02 6.89390302e-02 2.02571154e-02 2.39306867e-01
    -1.70914531e-01 -5.20216584e-01 -1.32024586e-01 2.05270648e-02
    3.24895203e-01 -2.69681603e-01 -3.53390425e-01 -2.61787415e-01
    1.84811294e-01 3.64810646e-01 -5.16399980e-01 4.15187836e-01
    8.12166333e-02 -3.76134515e-01 1.16377175e-01 4.18438911e-02
    3.00634921e-01 -4.50484306e-01 -2.88145185e-01 1.72470719e-01
    4.60705906e-01 3.83978516e-01 -3.84963900e-01 8.24447870e-02
    3.01088512e-01 4.14101005e-01 -3.19101661e-01 2.55014241e-01
    1.43152356e-01 1.34090781e-02 2.53985465e-01 2.45614886e-01
    -3.02072763e-02 -3.70090008e-02 -1.47035718e-02 -4.92980033e-01
    -4.41529870e-01 -1.29476160e-01 3.48657370e-02 1.94801986e-01
    -3.36898506e-01 -4.95796829e-01 -2.44585276e-02 3.82660925e-01
    -3.32255542e-01 3.05634558e-01 2.87049830e-01 4.13272440e-01
    -5.18805027e-01 3.59416604e-01 8.21301341e-03 -1.63131833e-01
    3.25614810e-01 1.18849069e-01 -2.50624090e-01 -8.33297074e-02
    4.73529816e-01 -2.23460793e-01 -2.81985998e-02 -5.58904290e-01
    3.78522575e-01 2.20529258e-01 1.93619072e-01 -2.92528689e-01
    2.24894702e-01 -2.35438347e-04 -1.81095988e-01 -3.85668874e-01
    -3.03560108e-01 -5.25475562e-01 -1.57035053e-01 -7.66423345e-02
    2.80351818e-01 1.72067553e-01 -2.29856908e-01 -2.92085528e-01
    1.03121161e-01 -3.54439020e-03 -6.83690906e-02 3.50509703e-01
    2.99091518e-01 -1.17007464e-01 -2.31327325e-01 1.96987838e-01
    -1.00087523e-01 -2.70336181e-01 -3.79533827e-01 5.89475036e-03
    -1.95047647e-01 -2.04305530e-01 -2.36808628e-01 -3.04832637e-01
    3.27560306e-02 6.48999810e-02 -3.52498800e-01 -2.58542567e-01
    3.05653930e-01 3.06023717e-01 -1.11989141e-01 -2.59118348e-01
    -3.35352242e-01 -3.96108001e-01 1.33985668e-01 1.24396324e-01
    2.28883564e-01 -1.57335699e-02 -4.70872641e-01 3.48596632e-01
    -3.38397950e-01 7.75541067e-02 -8.70229006e-02 -2.61728048e-01
    -1.40998155e-01 -3.46598566e-01 -3.43554854e-01 3.09341162e-01
    1.53870016e-01 -2.12944746e-01 -3.07426393e-01 3.83095741e-02
    -4.29797828e-01 3.21624815e-01 -2.86909252e-01 1.67296052e-01
    -1.99044973e-01 3.08723390e-01 7.86142945e-02 4.99525666e-02
    6.37232065e-02 -1.52220845e-01 -5.23735464e-01 3.86791229e-02
    1.55471146e-01 -5.71318030e-01 1.31197929e-01 6.06605768e-01
    4.86931235e-01 2.07004905e-01 2.69042671e-01 -4.26580966e-01
    -2.84327209e-01 2.86169678e-01 -1.97447389e-01 -2.65017778e-01
    2.52010286e-01 1.23383135e-01 -2.49111056e-01 7.57423043e-02
    2.58941948e-01 1.47634804e-01 -1.52481019e-01 -1.55049145e-01
    7.99079239e-02 -3.94534588e-01 -2.98441559e-01 -1.01277679e-01
    -8.93537998e-02 -4.05972302e-01 -5.98781705e-02 -4.95131284e-01
    3.26455534e-01 -2.74093568e-01 -3.56217712e-01 -2.45239735e-01
    7.37327337e-02 1.25377595e-01 1.63840532e-01 -5.24778664e-01
    -3.87248397e-01 -9.35874581e-02 2.76866972e-01 2.25940526e-01
    -2.39718139e-01 -1.27231956e-01 -3.45581561e-01 -6.00914955e-02
    5.22200465e-02 -4.22835350e-03 -1.12080455e-01 -4.41930801e-01
    -2.78049052e-01 5.71088791e-01 -9.83949602e-02 3.73906791e-02
    4.26043153e-01 2.29781926e-01 -2.94328898e-01 -5.73987961e-02
    1.06009722e-01 2.49349475e-01 -4.10314530e-01 -3.63829881e-01
    -3.32427263e-01 -6.57490790e-02 4.54480797e-01 2.45869249e-01
    1.29007399e-01 2.47421890e-01 -3.15633446e-01 -8.00478458e-03
    -1.55512035e-01 -4.26809043e-01 -2.80554026e-01 -1.01187229e-02
    -1.64891779e-01 2.52811909e-02 1.47415161e-01 -2.34339237e-01
    -4.78792787e-02 -2.44653881e-01 -5.32927632e-01 2.23598003e-01
    4.54985797e-01 -3.89482737e-01 -4.64176059e-01 -4.30554032e-01
    1.21696293e-01 4.00182903e-01 -1.01918817e-01 1.52119786e-01
    -2.84252882e-01 -1.07733548e-01 -3.45932245e-01 -3.87138784e-01
    3.85993063e-01 1.93293005e-01 -2.36526519e-01 1.19359374e-01
    1.37237608e-01 3.61997604e-01 2.27850139e-01 3.14092636e-02
    -1.58835262e-01 -2.48945177e-01 6.10584319e-02 -3.69578600e-03
    3.54565799e-01 3.57494771e-01 4.05569077e-02 4.01878357e-01
    -2.18045294e-01 -2.76531279e-01 2.95861572e-01 2.59027004e-01
    -4.70152140e-01 2.76581049e-01 1.71896219e-01 -3.48514199e-01
    -5.24867833e-01 2.19416618e-03 1.17056370e-02 8.72105360e-02
    4.32561636e-02 -3.06656659e-01 -4.74626005e-01 -2.44438410e-01
    2.91642964e-01 1.86247826e-02 3.92929673e-01 -1.62731528e-01
    -1.65572822e-01 -4.20554996e-01 -3.26335818e-01 -1.11916363e-01
    -2.09069163e-01 4.54832733e-01 3.44159305e-01 -3.44406396e-01
    4.03793097e-01 -4.36651707e-01 6.09362125e-03 -1.05048567e-01
    -5.33882141e-01 -3.53230566e-01 -7.65303373e-02 3.94512415e-02
    -2.52649873e-01 -2.04784811e-01 1.59009337e-01 -6.75870776e-02
    2.82786489e-01 -3.98124725e-01 -3.71796489e-01 -2.86091536e-01
    3.27796996e-01 2.12393522e-01 -3.58829081e-01 -1.96422338e-02
    5.96832633e-02 -1.02412343e-01 1.57213926e-01 -2.26615131e-01
    -4.70876634e-01 -3.91784668e-01 -3.10152650e-01 -4.14890915e-01
    1.49939239e-01 -1.83082104e-01 2.53713071e-01 -1.48516029e-01
    3.21990371e-01 -5.37063241e-01 2.52315998e-01 1.90227211e-01
    -4.43734676e-01 -3.11787874e-01 4.93259519e-01 -2.38836706e-02
    -2.02539831e-01 -1.03438973e-01 -2.45583475e-01 -1.74564481e-01
    -4.28344190e-01 2.29261518e-02 1.46802366e-01 -2.11274266e-01
    -3.08791459e-01 2.89269865e-01 -2.28433758e-01 -1.03440285e-02
    -2.22985387e-01 -8.12596679e-02 2.11672723e-01 -2.71424025e-01
    9.63954329e-02 -3.87463629e-01 2.76253700e-01 1.36420965e-01
    1.34195089e-01 -5.10399044e-02 -3.53014678e-01 -2.11274028e-02
    3.39954972e-01 1.76366270e-01 1.41971946e-01 -4.96668220e-01
    4.39493597e-01 4.60471958e-01 -3.25976700e-01 -5.07875085e-02
    -1.35765374e-02 -6.88695610e-02 3.02043259e-02 -7.23028183e-02
    -1.65658981e-01 3.23930323e-01 1.48051381e-01 2.61622906e-01
    2.61748016e-01 1.59369051e-01 -1.29425287e-01 -4.76229787e-02
    -2.64914185e-01 4.21934128e-01 2.92827368e-01 6.54004812e-02
    -2.42084444e-01 2.51713157e-01 2.78250992e-01 -5.63311577e-03
    -5.34162581e-01 2.08325207e-01 -1.05611652e-01 -4.06623453e-01
    -2.62457609e-01 -1.62623763e-01 -1.67669654e-02 3.91303778e-01
    9.70422626e-02 5.82912862e-02 -3.44880700e-01 -8.38821530e-02
    -2.87989348e-01 -1.04679942e-01 2.11971104e-01 1.10272288e-01
    -3.39759469e-01 -4.87724602e-01 -5.44987440e-01 -1.71961367e-01
    1.21766269e-01 5.13364673e-02 2.63482332e-03 1.37870371e-01
    -3.74889821e-01 7.98131227e-02 -3.90693128e-01 -3.78715247e-01
    3.75786304e-01 -7.03036785e-03 3.15718830e-01 1.73104584e-01
    3.43228340e-01 1.48169816e-01 -1.69335604e-02 3.29616904e-01
    -3.76084447e-02 -2.44322926e-01 3.18794519e-01 4.08760458e-01
    -3.87043566e-01 -2.20761210e-01 -8.42745602e-02 1.67367458e-01
    2.87384927e-01 2.50000417e-01 1.34652495e-01 2.53160655e-01
    3.76006067e-01 2.66079307e-01 -3.88907909e-01 -1.71770602e-01
    -1.85878128e-01 5.77571988e-02 -3.15879673e-01 3.39612365e-02
    4.43353057e-01 -2.97968388e-01 -2.20887482e-01 3.56493831e-01
    2.36789167e-01 -3.57000828e-01 3.78270864e-01 3.27205718e-01
    -3.85470361e-01 2.72406340e-02 -1.60953641e-01 -3.07425380e-01
    -2.11799175e-01 7.54624605e-03 -3.29002559e-01 4.34692442e-01
    -6.73425794e-02 -3.13426554e-02 4.14706022e-01 1.81211054e-01
    -2.38282651e-01 3.27214301e-01 -4.74635541e-01 -2.70418227e-01
    2.64501512e-01 2.36486673e-01 2.88860679e-01 -5.85578620e-01
    1.99578762e-01 -2.68335164e-01 -2.12010443e-01 -2.39963233e-01
    3.08599472e-02 -1.25771493e-01 -3.49761248e-02 2.90749848e-01
    3.40494871e-01 -2.17809856e-01 2.82293499e-01 -3.78499806e-01
    -2.41949797e-01 4.88730609e-01 -2.52042174e-01 -5.22406697e-01
    1.24747634e-01 -1.65665954e-01 -2.95991987e-01 -3.99607062e-01
    -2.35777944e-01 -2.24509418e-01 3.75708103e-01 -3.82334858e-01
    4.38997388e-01 -2.34319955e-01 3.03746164e-01 2.33666718e-01
    -2.01649398e-01 -3.52605939e-01 -3.95475000e-01 3.32529306e-01
    2.96749711e-01 -4.08647865e-01 5.52771091e-02 -1.69983715e-01
    3.52670908e-01 -4.44099307e-03 -4.40556318e-01 -4.63149726e-01
    1.63750708e-01 -3.06090981e-01 2.98328042e-01 2.31124729e-01
    -4.17681366e-01 -2.47320622e-01 -1.75186694e-01 -1.02066308e-01
    1.90960526e-01 -1.63889289e-01 -2.85080433e-01 2.83622682e-01
    1.42571688e-01 -4.06155616e-01 -9.13332999e-02 -1.71180576e-01
    -1.56227887e-01 -1.63045079e-01 -1.90234900e-01 -5.02091408e-01
    -5.40985942e-01 -4.01899815e-02 -2.21964419e-01 2.10641146e-01
    -1.62866205e-01 2.56540418e-01 -4.24749553e-01 8.21753144e-02
    2.57499158e-01 1.88698530e-01 3.79371345e-01 6.53333962e-02
    -2.92421818e-01 -3.40173542e-02 3.07574868e-02 -6.00911081e-02
    1.73654854e-01 -1.85387462e-01 -2.05110312e-02 -3.19083452e-01
    -4.16844875e-01 -4.17401820e-01 -2.80353129e-01 5.13207257e-01
    2.93555379e-01 -2.43012726e-01 2.09275514e-01 -1.15768284e-01
    -9.55078006e-02 -4.49156910e-01 3.89276743e-02 -3.05185497e-01
    2.05488324e-01 4.90588546e-02 -1.61196709e-01 2.74073422e-01
    2.72030711e-01 -2.21796304e-01 2.77304292e-01 2.84723639e-02
    3.70654225e-01 2.66425192e-01 -4.38201338e-01 3.66003454e-01
    -2.78267086e-01 -8.66725147e-02 4.65180695e-01 -3.66432518e-01
    -4.35623646e-01 1.02278888e-01 1.52009964e-01 -4.35719907e-01
    2.83663452e-01 -4.02807772e-01 -5.01901031e-01 3.24505389e-01
    -3.15229416e-01 -6.16039336e-02 7.22056329e-02 -1.83398753e-01
    -2.18114376e-01 -1.78111166e-01 -4.61038768e-01 -4.42716181e-01
    9.40214992e-02 3.95206630e-01 -2.06184506e-01 4.91281211e-01
    -7.51652718e-02 -3.92139524e-01 -3.98422956e-01 -4.80996311e-01
    3.25352848e-01 -2.53866971e-01 1.60314202e-01 3.57154906e-01
    3.81448865e-01 -4.80999708e-01 1.15820408e-01 -1.15674376e-01
    -2.75241554e-01 -3.61848295e-01 -1.84894681e-01 1.28727019e-01
    3.18654597e-01 3.51066411e-01 -1.99311972e-01 9.18811560e-03
    -1.79340422e-01 3.90326977e-03 3.63915682e-01 -3.45377207e-01
    9.49811935e-03 5.87653458e-01 -2.70877033e-01 -3.41947973e-01
    -3.89236212e-02 1.78820610e-01 3.39172661e-01 -3.65817845e-02
    -3.18262994e-01 -5.39949834e-02 -7.61179626e-02 4.44149971e-02
    -2.20051110e-01 -5.22466898e-01 7.07180500e-02 -3.51234525e-01
    -3.07716727e-01 1.07672930e-01 3.75522554e-01 -5.15446424e-01
    -4.59956437e-01 6.09792173e-02 2.45721936e-02 -2.33147085e-01
    -3.66982520e-01 -1.04158700e-01 4.20918167e-01 4.29491699e-01
    -4.70533431e-01 -5.13105094e-02 -3.73837918e-01 2.01052099e-01
    -9.98332202e-02 -1.94188714e-01 5.05766273e-02 -4.72192705e-01
    2.38316774e-01 2.68686652e-01 3.54546130e-01 -1.72355711e-01
    2.24259496e-02 2.06515074e-01 -3.64404023e-01 1.41966581e-01
    2.92653203e-01 -7.44360983e-02 6.80476427e-03 4.78829533e-01
    1.19573653e-01 -4.40456390e-01 5.34407735e-01 -1.29943877e-01
    4.41129327e-01 -3.92126143e-02 3.87818396e-01 -2.63900012e-01
    -9.27232802e-02 9.19499993e-02 -3.79285485e-01 -1.60638988e-01
    2.62174428e-01 9.77918506e-02 -3.59700978e-01 -1.81802392e-01
    -2.54792750e-01 -6.28479719e-01 2.15468824e-01 -1.86817139e-01
    -6.03829026e-02 -3.52723777e-01 -1.23977602e-01 1.63216949e-01
    -8.41938257e-02 1.72614753e-02 4.97494340e-02 3.12965631e-01
    4.14592117e-01 -3.15468609e-02 -3.21857423e-01 -2.50355780e-01
    -3.29947650e-01 1.54656947e-01 -4.23458815e-01 1.02695763e-01
    -5.40501952e-01 3.73997211e-01 -2.79879987e-01 -1.12727284e-01
    5.67342043e-02 2.43175954e-01 1.16633177e-01 -1.06656253e-02
    -1.22720480e-01 -9.47167575e-02 2.88585842e-01 1.14879727e-01
    3.68420482e-01 -1.56237781e-01 -3.46674651e-01 -5.34221768e-01
    1.64066970e-01 8.70252848e-02 6.20938540e-02 1.29058778e-01
    3.91458035e-01 -1.90075278e-01 1.64350569e-01 2.00969309e-01
    -2.44652510e-01 2.11984813e-01 -1.03056222e-01 -2.45306134e-01
    -4.25156057e-01 1.12312853e-01 -3.23689282e-01 3.24795157e-01
    -2.01236337e-01 -1.39798313e-01 -3.26177895e-01 4.76347923e-01
    4.87065524e-01 -4.61333513e-01 3.12178135e-02 4.32037532e-01
    -2.06786513e-01 4.57217038e-01 -1.27005637e-01 -4.30387825e-01
    4.37543422e-01 2.82123148e-01 -6.35724664e-02 -2.66010374e-01
    2.45896965e-01 -4.48993295e-01 -1.86685026e-02 3.07072431e-01
    -1.87136292e-01 -3.85548949e-01 -1.25524402e-02 -7.90597796e-02
    -6.01035953e-02 -3.63227516e-01 -1.73428178e-01 -1.98526084e-01
    2.82673240e-02 -3.44634652e-02 -2.91942596e-01 -3.03555250e-01
    1.92422271e-02 3.53097916e-03 4.33438063e-01 -4.63924825e-01
    1.58599794e-01 9.35472846e-02 -5.68217039e-01 -4.44793046e-01
    -7.89350271e-03 3.83274496e-01 2.02113390e-03 -2.44440436e-01
    -1.49627447e-01 4.67351139e-01 1.28809810e-02 6.43995404e-02
    -5.28189838e-02 -2.39807904e-01 -6.39709234e-02 2.12949514e-01
    7.17906952e-02 -7.65558481e-02 3.38440895e-01 -5.56881726e-01
    3.19295526e-01 1.03319287e-02 -5.18506765e-01 -2.51599818e-01
    2.73977876e-01 -9.10512209e-02 7.42278099e-02 1.71146274e-01
    -2.51360983e-01 5.05928397e-02 -5.62966704e-01 7.12589622e-02
    1.33061290e-01 2.53038883e-01 -2.57643223e-01 2.96334803e-01
    2.07399428e-01 -8.98961425e-02 2.96493262e-01 -1.38821930e-01
    3.04646850e-01 3.91556978e-01 -5.05059481e-01 3.40103388e-01
    2.65778720e-01 1.88684404e-01 -3.81915092e-01 1.53293908e-01
    -1.13469601e-01 -8.03453922e-02 -6.00014687e-01 -5.43188989e-01
    -1.45107359e-01 2.15068996e-01 -2.60283917e-01 3.20133984e-01
    1.16500080e-01 2.63067782e-01 -5.06705046e-03 3.09760451e-01
    4.74486947e-02 3.70330930e-01 2.05789626e-01 -8.33833218e-02
    3.55088711e-01 -3.70800614e-01 -5.09150624e-02 -1.31200880e-01
    4.74669844e-01 -1.90179080e-01 1.58352017e-01 2.00111300e-01
    -1.37218803e-01 -4.01806533e-02 2.47894704e-01 3.08102667e-01
    4.12316263e-01 2.63864517e-01 -1.26125723e-01 -3.01521569e-01
    -2.40451455e-01 -1.69523597e-01 4.23472226e-01 -1.26429379e-01
    4.20596004e-02 -2.80162394e-01 -3.03268433e-01 1.11013234e-01
    -1.78885400e-01 -2.16623932e-01 2.25847363e-01 2.20521092e-02
    3.95554185e-01 2.63706177e-01 -3.55674148e-01 -5.48425913e-01
    2.52399564e-01 3.75216603e-02 -4.18880105e-01 2.85182059e-01
    -2.87617505e-01 -1.30348653e-01 -8.45973790e-02 -3.54714960e-01
    -2.16001511e-01 -1.18144184e-01 2.04643875e-01 -2.12058723e-01
    6.14190102e-03 -2.33947158e-01 -3.64654064e-02 -4.90485996e-01
    3.98406327e-01 5.93611598e-02 -2.25835532e-01 -4.51964140e-03
    1.49032414e-01 -7.63233006e-02 -2.74500489e-01 1.14133000e-01
    -1.50927454e-01 1.08767867e-01 1.58507288e-01 -3.06280524e-01
    4.55827296e-01 1.78474605e-01 -3.84120762e-01 1.49032563e-01
    2.25130916e-02 -1.75234586e-01 3.88605535e-01 1.47309721e-01
    -1.97557539e-01 -4.17174369e-01 -1.82864726e-01 -1.15539432e-01
    3.45844865e-01 4.05241311e-01 3.68551612e-02 -3.88126493e-01
    -3.16650689e-01 6.95947409e-02 1.01588786e-01 2.66345620e-01
    -1.77471399e-01 -2.58028388e-01 3.95518541e-03 -1.69939637e-01
    4.38502967e-01 -4.67446476e-01 3.63685936e-01 -4.23968703e-01
    -2.73030281e-01 1.70340687e-01 1.61068141e-02 6.55367374e-02
    3.14955711e-01 -3.01885813e-01 -2.48151481e-01 2.37400800e-01
    -2.89443135e-01 -1.80283815e-01 -4.32493657e-01 1.33968174e-01
    -2.34252214e-02 1.93612635e-01 1.29009247e-01 2.77672768e-01
    -2.95116127e-01 -4.10071790e-01 2.03106225e-01 2.99844384e-01
    -6.18255258e-01 1.88672185e-01 4.43895400e-01 1.73009694e-01
    3.43457520e-01 -2.56194293e-01 5.41958213e-02 9.73564386e-03
    -2.38615870e-01 -2.75295287e-01 2.41096020e-02 -9.98809934e-02
    2.96323121e-01 1.79720163e-01 3.71026337e-01 -1.69013143e-01
    -5.45233905e-01 1.86337352e-01 4.21990514e-01 -6.67314231e-02
    4.16363299e-01 -1.39880836e-01 6.00526929e-02 -1.91624671e-01
    -5.01842856e-01 -4.28544819e-01 2.29766428e-01 -3.92488360e-01
    -3.99505556e-01 1.21572495e-01 -2.43850231e-01 1.68956399e-01
    1.86213136e-01 -4.92752522e-01 2.65013576e-02 3.10192108e-01
    -2.40595639e-01 -3.02026272e-02 -3.39316905e-01 -2.31786817e-01
    2.92539597e-03 -1.84407234e-02 1.04464471e-01 2.24188387e-01
    2.49545455e-01 1.99865460e-01 -2.16926813e-01 3.64357680e-01
    8.08655024e-02 -3.90150368e-01 -2.87714660e-01 1.24381393e-01
    6.91217184e-02 -4.15682048e-01 -2.59475470e-01 -1.77681565e-01
    1.97025657e-01 -8.27038288e-03 -4.51533973e-01 4.41063583e-01
    -2.76402205e-01 -3.75338793e-01 6.37167692e-02 -1.70543432e-01
    -3.57685953e-01 -2.30037838e-01 2.13848233e-01 1.34372383e-01
    -3.44185889e-01 2.32716858e-01 -2.41668016e-01 -2.07642883e-01
    1.05832994e-01 -8.77374411e-03 3.85855496e-01 4.05556709e-01
    -2.05437720e-01 1.36114001e-01 -2.24064618e-01 5.31689525e-02
    -3.98398936e-01 3.57207060e-02 -1.16473645e-01 -4.07593399e-01
    5.31114340e-02 -2.10706115e-01 3.16345692e-02 -4.50241268e-01
    4.90617752e-02 2.77106762e-01 -1.13687515e-01 -4.26151603e-01
    2.45202661e-01 -4.20711309e-01 -1.39774442e-01 1.03900194e-01
    2.72210360e-01 -3.48603189e-01 3.74762297e-01 -4.84170020e-01
    1.00665748e-01 4.14155543e-01 -4.65454459e-02 -3.24719548e-01
    2.23796546e-01 -2.27341413e-01 4.02813911e-01 -1.85333967e-01
    3.26710641e-01 -3.15571010e-01 7.28511214e-02 -7.39496946e-03
    1.75362825e-01 1.74645960e-01 2.95800030e-01 1.49152219e-01
    2.86469340e-01 1.41772449e-01 -1.77105069e-02 -2.69657314e-01
    -2.88115799e-01 -3.25765729e-01 -1.45209402e-01 1.67050928e-01
    1.34261727e-01 1.84918821e-01 2.14742899e-01 -5.25018573e-02
    -9.83554125e-03 2.99188018e-01 -5.30795813e-01 -5.34792721e-01
    -9.97403264e-02 4.83269691e-02 3.34980965e-01 3.76872420e-02
    -4.09537077e-01 -5.76625168e-01 -2.58969784e-01 -1.33627951e-01
    3.47004354e-01 -4.25640345e-02 9.75304842e-03 -4.14264739e-01
    -3.61811399e-01 2.95267344e-01 -2.55906284e-01 -3.05417597e-01
    2.07314968e-01 2.89824069e-01 -3.91424388e-01 2.70951957e-01
    2.58034229e-01 -4.24172908e-01 -3.09126288e-01 1.99075907e-01
    3.78131717e-01 -1.74552202e-03 2.81819701e-01 -2.70698667e-02
    7.66986012e-02 -4.66495275e-01 -5.08365035e-01 -2.48668075e-01
    7.12673068e-02 -3.75155807e-02 1.98144972e-01 2.93662369e-01
    -5.25061131e-01 1.30903184e-01 -2.62020230e-02 2.23777175e-01
    1.08463705e-01 1.25400543e-01 -1.59285814e-01 -3.40219289e-01
    2.95760572e-01 1.17300034e-01 -6.27338886e-03 9.01943445e-02
    -2.71907449e-01 -2.25409389e-01 -2.34774888e-01 3.46166551e-01
    1.02178931e-01 -3.37290168e-02 1.11414999e-01 4.69828665e-01
    -3.94900411e-01 -2.44932771e-02 -2.16697097e-01 -2.83102185e-01
    2.08784431e-01 8.81614685e-02 -1.11024946e-01 -4.07887578e-01
    -7.98964798e-02 4.26312119e-01 1.85271800e-01 1.56229138e-01
    -1.70353502e-01 2.57162154e-02 5.03476977e-01 3.16497236e-01
    -3.09063137e-01 -9.88840163e-02 4.49981928e-01 -3.05954814e-01
    1.29492521e-01 -7.31396079e-02 -1.05522424e-01 3.70261073e-02
    5.36407053e-01 -4.52475071e-01 -3.13368082e-01 1.51083857e-01
    -2.88442969e-02 5.47781944e-01 3.80166888e-01 -5.16735196e-01
    -1.74393475e-01 4.02626514e-01 1.29911184e-01 -3.20637763e-01
    1.83662176e-02 4.10944760e-01 2.79971123e-01 3.50672066e-01
    -4.30647194e-01 -1.54330134e-02 -2.44521052e-01 4.11024094e-02
    -4.56794739e-01 -4.34333682e-02 3.34577948e-01 -6.10999763e-02
    -2.37951070e-01 3.33765954e-01 -2.34503180e-01 1.92527533e-01
    2.49206126e-02 1.52325630e-01 1.74754262e-02 -1.99260592e-01
    7.36605525e-02 -4.59680110e-01 4.98815298e-01 -1.13379359e-01
    3.11362743e-02 3.38114202e-01 -1.01029873e-01 3.22666764e-02
    -2.91275978e-03 -5.48300743e-02 3.61025631e-01 -3.57433379e-01
    -1.45020813e-01 9.44420695e-02 8.97791982e-02 -5.20226121e-01
    1.08761251e-01 3.04945290e-01 -5.49182832e-01 -4.07643735e-01
    -1.18375033e-01 -1.22462332e-01 2.63615608e-01 -4.11196887e-01
    -2.87882030e-01 -3.20475578e-01 7.22860694e-02 -4.41271067e-03
    3.02002728e-01 -3.29499573e-01 1.01519704e-01 -2.87912190e-01
    -5.15382409e-01 -2.27864385e-01 -4.79759187e-01 7.04865456e-02
    9.76756811e-02 -1.33005202e-01 -6.23404980e-04 3.19421291e-02
    1.63432896e-01 2.43573189e-02 2.52730250e-01 3.91667783e-01
    1.98645711e-01 -1.85947508e-01 3.19775760e-01 1.80343211e-01
    -3.26421767e-01 1.38337970e-01 -3.61009777e-01 3.79751265e-01
    -9.19854641e-02 -6.71554804e-02 2.96203554e-01 -2.67976582e-01
    -4.36762601e-01 -4.54314083e-01 -3.86059880e-02 -1.45479023e-01
    2.95174390e-01 -1.06416941e-02 1.10855728e-01 -2.30336756e-01
    1.13564849e-01 4.12399173e-02 4.65203524e-02 1.28054500e-01
    2.41436243e-01 -1.14402890e-01 2.21114039e-01 8.08171034e-02
    -4.15867507e-01 -3.91974658e-01 -4.10259992e-01 1.03138685e-01
    -1.41053379e-01 -3.84473026e-01 -4.25815880e-02 3.16313922e-01
    -1.62352115e-01 2.15982795e-02 -3.88255119e-02 2.39532948e-01
    -4.59494859e-01 -2.41851717e-01 -2.05618978e-01 -2.53415704e-02
    1.73056126e-01 2.38130033e-01 -6.00469112e-03 3.41999054e-01
    1.99273884e-01 3.70684624e-01 1.95513964e-02 -4.01576668e-01
    2.67031550e-01 2.37136543e-01 1.56226754e-01 -3.34500879e-01
    4.38709497e-01 -1.93685859e-01 1.21939957e-01 -1.47208571e-01
    1.34551406e-01 5.09274006e-02 -4.78091240e-02 3.31316829e-01
    2.92829633e-01 1.28324747e-01 5.28855920e-02 8.11862946e-03
    -1.75978005e-01 -5.77509105e-01 1.78692877e-01 -3.98696214e-01
    -5.25959134e-02 4.41632628e-01 -2.51098901e-01 -3.08743894e-01
    -2.89337248e-01 -3.39446366e-01 -1.64145052e-01 -4.79559153e-01
    8.52994919e-02 2.26770163e-01 -4.35496211e-01 1.84299946e-02
    1.72312856e-02 1.82967782e-01 -5.82682490e-02 3.26233894e-01
    -2.06278294e-01 2.92605460e-02 1.97783142e-01 -4.65706319e-01
    -3.23831439e-01 -5.35953283e-01 7.32884407e-02 2.08494067e-01
    -9.89462733e-02 -3.57209295e-01 2.08762169e-01 3.01173747e-01
    3.11605930e-01 -4.92073089e-01 -8.17443132e-02 -7.26852417e-02
    1.03531480e-01 3.41214061e-01 -9.12714601e-02 2.84386814e-01
    -3.70446801e-01 -4.56491619e-01 3.13985825e-01 3.50283444e-01
    -4.55527931e-01 5.22185564e-02 -1.14352643e-01 2.25128293e-01
    8.09457302e-02 -1.38812661e-02 -7.55054355e-02 -4.21331972e-01
    1.38238430e-01 -4.06596243e-01 -4.15023744e-01 -2.74332404e-01
    -3.26148182e-01 -1.18144065e-01 -3.26287925e-01 9.94319320e-02
    2.57976890e-01 -2.59006739e-01 -1.34996623e-01 4.88121241e-01
    -2.03670502e-01 3.36510420e-01 1.62040830e-01 -2.50148058e-01
    -1.03823900e-01 3.95893931e-01 -7.11087286e-02 -1.53237939e-01
    -4.21640605e-01 8.77121687e-02 3.08159888e-01 -3.04172456e-01
    -5.00003994e-01 -2.87177682e-01 3.73541713e-01 -1.46125793e-01
    -2.87174284e-01 8.95632505e-02 -4.36140805e-01 -2.16440439e-01
    -2.26369262e-01 -1.71057314e-01 4.81590509e-01 1.81097686e-01
    -3.53208959e-01 -2.36222416e-01 1.44841313e-01 -3.33357275e-01
    -1.40365034e-01 3.19277734e-01 -2.41897285e-01 -3.83597791e-01
    -4.29405421e-01 -3.19809705e-01 -2.37423539e-01 -1.26506925e-01
    2.28051692e-01 -5.17512977e-01 -3.95111173e-01 3.51209342e-01
    -4.17698830e-01 2.83683836e-01 -3.03470343e-01 2.62107372e-01
    -4.69016492e-01 -4.83687520e-02 -1.80139512e-01 -1.68083012e-01
    2.97296405e-01 -6.19404912e-02 -2.55241752e-01 -4.32364404e-01
    -2.37486124e-01 5.08134663e-02 -3.35105181e-01 -3.48919362e-01
    -1.34445608e-01 9.66616273e-02 1.74104571e-02 4.66002226e-02
    -1.20638818e-01 -1.22716963e-01 -3.50593120e-01 -3.21648747e-01
    -1.68049932e-02 1.26282096e-01 -3.84579539e-01 3.78562927e-01
    -3.92751426e-01 -2.88226098e-01 -2.35415697e-02 -4.69492048e-01
    -1.06570005e-01 -2.15095162e-01 -3.19706291e-01 1.10658854e-02
    5.93554080e-02 2.03547478e-02 2.77997941e-01 -4.27356035e-01
    1.76123112e-01 1.36074722e-01 1.15967542e-01 -3.82141083e-01
    -5.76588035e-01 9.55474973e-02 -3.09541225e-01 2.04770446e-01
    -4.38100845e-01 -3.23972881e-01 3.58033955e-01 1.39037013e-01
    -4.90804166e-01 6.18582964e-02 3.81681144e-01 -2.77364820e-01
    -4.84656155e-01 2.65080810e-01 -2.47856736e-01 5.37247062e-02
    3.81437600e-01 -4.56458986e-01 4.05106604e-01 3.99051905e-02
    -9.06455517e-02 2.34818876e-01 1.53005421e-01 7.44258761e-02
    2.65209317e-01 4.00365829e-01 -1.41144961e-01 -5.49257874e-01
    1.48812652e-01 -5.34273982e-02 3.08928907e-01 2.07596838e-01
    -4.10614014e-02 1.83914423e-01 -1.30406499e-01 8.41270089e-02
    1.25348568e-03 2.82406151e-01 1.18249834e-01 -3.21088135e-01
    -1.66409880e-01 -6.02792561e-01 -2.45365262e-01 3.16877425e-01
    7.28511810e-02 -7.87709057e-02 -3.08637679e-01 4.86229897e-01
    -3.67359638e-01 1.55581594e-01 4.59497929e-01 -2.53444016e-01
    1.11104310e-01 -3.51765960e-01 -6.92427158e-04 1.34004444e-01
    2.36726254e-01 -2.77935892e-01 -4.85055238e-01 3.43343377e-01
    3.37778330e-02 -3.51147056e-02 3.96036148e-01 -4.49797213e-02
    -7.96186030e-02 2.36553371e-01 -3.63177240e-01 -4.87689644e-01
    4.73074138e-01 1.60466790e-01 1.66587740e-01 4.47822750e-01
    -1.74611956e-01 4.91969109e-01 -4.47439134e-01 1.39016867e-01
    2.41298437e-01 -5.07263362e-01 2.65190840e-01 3.75548363e-01
    2.84307063e-01 -5.10622025e-01 -3.34864855e-03 -1.02777988e-01
    -3.34439874e-02 -2.68730402e-01 3.67685020e-01 1.89042151e-01
    -2.22843379e-01 -5.67991853e-01 3.20702195e-01 -5.23837149e-01
    -2.49359131e-01 -6.42771721e-02 1.47394359e-01 7.37637281e-02
    -4.66348499e-01 3.73555422e-01 -4.41296756e-01 3.70236635e-01
    3.30676794e-01 3.45626056e-01 -3.59353125e-01 4.18974638e-01
    -4.23083454e-01 -2.75280476e-02 -4.02707547e-01 3.44806552e-01
    -4.02064323e-02 -4.61129695e-01 3.50568056e-01 -9.64671373e-03
    -2.70864785e-01 -1.57345384e-01 -1.83631033e-01 9.79588330e-02
    -3.66438538e-01 4.53072935e-01 2.24416792e-01 -1.66206360e-02
    -2.04064578e-01 -4.21489477e-01 8.93735886e-03 -1.34388328e-01
    -1.18527830e-01 -5.47563255e-01 2.65515625e-01 1.64473116e-01
    1.82257295e-02 -4.44995463e-02 -1.19489878e-01 -2.90300399e-01
    1.44029677e-01 -7.84487724e-02 -2.84335524e-01 -2.14958072e-01
    -4.77326781e-01 -2.14328110e-01 2.78205276e-01 3.92200649e-01
    2.23176777e-01 -7.82349706e-02 -3.42901349e-02 1.76247060e-01
    3.33935738e-01 5.81451654e-02 -3.78760844e-01 -1.81289703e-01
    -3.17645073e-02 1.63937569e-01 4.08026278e-01 -4.44356889e-01
    -1.47034317e-01 -4.56571281e-02 -2.13870645e-01 -4.59642470e-01
    4.79790151e-01 -1.00789219e-01 -1.38516605e-01 -3.30501109e-01
    -3.27942967e-02 -2.13695377e-01 4.72932756e-01 -4.49698716e-01
    -1.04068279e-01 -1.95811868e-01 2.44813979e-01 2.97976196e-01
    -2.16364563e-01 -8.71023536e-03 -2.40821928e-01 2.34359026e-01
    -3.70997190e-02 7.12484121e-02 -3.71552855e-01 2.37106681e-02
    -1.32177830e-01 3.92469406e-01 1.86772168e-01 -4.63559031e-02
    -4.84216392e-01 6.91510439e-02 -1.11547709e-01 -4.72922027e-01
    -1.47124738e-01 2.05519319e-01 -5.17696738e-01 4.49433506e-01
    1.60447031e-01 -1.09186172e-02 3.80261749e-01 4.62167859e-01
    -2.33626842e-01 7.98422098e-03 -3.88639688e-01 -3.96268666e-01
    2.46073246e-01 -1.85152769e-01 -2.14344561e-02 3.53563637e-01
    5.13113618e-01 -4.02029842e-01 9.26026702e-02 -2.31438607e-01
    3.23917449e-01 5.11206269e-01 1.74811006e-01 -1.30998909e-01
    -3.07417274e-01 -4.77519572e-01 -3.86120677e-01 2.32400954e-01
    -5.07044911e-01 -5.57604432e-02 -7.11761117e-02 -3.26049328e-03
    -2.06278980e-01 4.24133956e-01 -3.61884922e-01 -1.13013893e-01
    3.08362246e-02 -5.04768968e-01 -2.09794581e-01 3.54719818e-01
    -3.14485490e-01 -1.28999352e-01 -5.20077348e-02 1.40438378e-01
    1.72911823e-01 4.03555572e-01 2.41950750e-02 -4.64511365e-01
    1.28115237e-01 -2.66330540e-01 -3.14870894e-01 -2.16190815e-02
    3.10525239e-01 -1.27262264e-01 -1.14242792e-01 1.57457709e-01
    -5.58365583e-01 3.55257571e-01 5.00456810e-01 -3.02132845e-01
    -1.77517533e-03 1.70250326e-01 2.82958746e-02 1.37768969e-01
    8.10368359e-02 1.75833493e-01 2.35788524e-02 -5.19725978e-02
    3.83081853e-01 2.81033009e-01 -1.15724057e-01 3.24715316e-01
    -4.77634668e-01 1.12042129e-01 -1.30066514e-01 2.86383092e-01
    1.83022499e-01 2.87935138e-02 -6.88758492e-02 -1.64678693e-01
    4.20753837e-01 -1.67041123e-01 -2.65648365e-02 -2.18035579e-02
    5.49381375e-02 3.91074181e-01 -5.90236664e-01 6.25947118e-02
    -1.08776271e-01 -3.03670764e-02 3.73516381e-01 -3.22646201e-01
    -3.72413069e-01 -2.23727971e-01 3.24235737e-01 -4.23081696e-01
    -1.39273643e-01 -3.68002057e-01 -3.76405388e-01 4.28636909e-01
    -2.10616231e-01 2.49837816e-01 3.19218636e-01 4.07629550e-01
    -5.07298112e-01 -2.95383036e-01 3.05203915e-01 -1.43600613e-01
    -1.54969424e-01 -4.06804413e-01 -2.46343732e-01 3.08869302e-01
    -4.09422666e-01 3.00377429e-01 -4.09853607e-01 -8.03780556e-02
    -1.60596192e-01 -2.99326211e-01 5.08261979e-01 2.27639318e-01
    -7.61499405e-02 2.79616594e-01 -3.83982748e-01 3.56820196e-01
    3.62758636e-01 -1.43001109e-01 -3.63414586e-01 3.22624385e-01
    2.66976416e-01 5.68059683e-02 -3.11049342e-01 -3.37393016e-01
    -3.00377846e-01 6.13529682e-02 -2.41755486e-01 -4.66760993e-01
    -3.75380635e-01 -3.45898062e-01 1.34813607e-01 2.40800381e-01
    -3.07384998e-01 2.78462052e-01 3.60945225e-01 -3.12628001e-01
    -2.02247083e-01 -8.28906894e-02 -1.81107491e-01 -1.43912464e-01
    2.67777443e-01 -4.61496979e-01 -1.13916039e-01 -8.44380260e-02
    1.86264813e-01 -2.34906375e-01 3.79286826e-01 -1.41585469e-01
    -4.58399415e-01 -4.61848140e-01 -2.07245290e-01 2.33933449e-01
    2.52683342e-01 -1.20435357e-02 3.18701267e-01 -1.76930130e-01
    -3.68215591e-01 2.35369980e-01 3.23587060e-02 -5.72183907e-01
    2.70891130e-01 4.64888811e-02 -4.32351917e-01 -2.95488656e-01
    -9.39496458e-02 -5.07359385e-01 2.12472409e-01 4.83443975e-01
    -4.78685111e-01 -2.48598725e-01 2.43123055e-01 4.23289776e-01
    -1.46131516e-01 9.24935341e-02 2.11583316e-01 -5.30725121e-02
    -5.24188578e-01 3.68148863e-01 -2.72833169e-01 -4.29462284e-01
    8.68110657e-02 4.02864605e-01 2.66038537e-01 3.07101607e-01
    -1.86355233e-01 8.36685300e-02 1.55070543e-01 -1.54824436e-01
    2.00694740e-01 -3.17673355e-01 -4.59166825e-01 -5.12227058e-01
    -5.27793705e-01 -5.02235949e-01 -2.35723257e-01 -2.97900438e-02
    -1.72605157e-01 1.32980466e-01 3.59028876e-01 -7.25973845e-02
    1.52266920e-01 1.95719600e-02 2.76137412e-01 -3.33851099e-01
    3.76608372e-01 -5.32567501e-01 2.60452569e-01 -6.38338625e-02
    3.95841599e-02 1.46285117e-01 2.81135440e-01 -5.36638498e-01
    -3.61239403e-01 2.15828955e-01 1.60204649e-01 -2.28212714e-01
    3.61940324e-01 -2.91155607e-01 4.18395698e-01 -1.38539076e-01
    2.70601392e-01 -1.20543867e-01 2.77010798e-02 3.04329842e-01
    7.91441500e-02 2.00919569e-01 4.62302506e-01 2.02409208e-01
    3.96945894e-01 -1.79985166e-02 -1.71886444e-01 -4.91325676e-01
    -1.49871260e-01 4.70314324e-02 1.54268980e-01 5.22906780e-02
    2.13616133e-01 -2.53557831e-01 -2.80272156e-01 -2.24770308e-02
    1.87068760e-01 -3.60007763e-01 3.87979269e-01 -3.46422076e-01
    -3.73701394e-01 -4.47489053e-01 4.47662234e-01 -1.12288833e-01
    4.50866163e-01 2.31493026e-01 -3.62581760e-01 2.40459502e-01
    2.06009507e-01 -4.05846298e-01 -2.99886703e-01 -1.61786914e-01
    1.98688209e-01 -9.16688144e-02 4.93046075e-01 -1.91484004e-01
    4.35790747e-01 -2.70609260e-01 -1.20984942e-01 -7.19573796e-02
    -3.96333635e-02 9.19970870e-02 3.61939549e-01 -2.46908069e-02
    1.15050435e-01 -3.15764636e-01 -7.65424967e-02 -2.84667194e-01
    4.23294812e-01 2.07875550e-01 4.33325887e-01 4.60153222e-01
    -1.98470533e-01 9.84411240e-02 3.86977911e-01 1.75171137e-01
    3.45932662e-01 2.65897751e-01 -3.69576782e-01 2.49450922e-01
    4.25976932e-01 9.67776179e-02 2.64768183e-01 2.06651449e-01
    1.73047215e-01 3.46846461e-01 3.29396725e-02 -3.71426225e-01
    1.80970609e-01 -2.52515435e-01 4.97437119e-02 2.13983119e-01
    -3.53072226e-01 -1.75036430e-01 -4.31263447e-03 4.46074069e-01
    1.26333266e-01 -3.13670218e-01 3.47873032e-01 4.96373147e-01
    -2.05372751e-01 8.33971500e-02 3.34198445e-01 -3.68275166e-01
    3.61860245e-01 5.23383379e-01 -7.43097067e-02 -2.03528360e-01
    -7.10576475e-02 -9.56018269e-02 2.62957096e-01 -2.38576353e-01
    -4.06737000e-01 -4.65772748e-01 2.70615518e-02 -1.83631450e-01
    3.41951489e-01 3.48207116e-01 -8.55678320e-02 2.10462630e-01
    -1.48745269e-01 -2.28844255e-01 -2.80137300e-01 4.43815529e-01
    -3.90037149e-01 -1.49909258e-01 -2.54707456e-01 -1.77138567e-01
    -4.84711856e-01 1.66740835e-01 1.54646158e-01 -3.20994854e-02
    -3.63925487e-01 2.10681915e-01 2.05260754e-01 -3.00516725e-01
    -4.06329632e-01 2.37847388e-01 3.61610055e-02 -4.35718834e-01
    1.57582283e-01 9.19011831e-02 2.14990139e-01 1.76960051e-01
    2.16265261e-01 -5.78380227e-01 1.67499006e-01 -6.37421608e-02
    1.19161367e-01 -4.02023524e-01 2.38560915e-01 3.67962420e-01
    -7.39027262e-02 -3.98616940e-01 -8.47702920e-02 -3.00293595e-01
    3.63559663e-01 -4.17736769e-02 6.88467026e-02 1.43172830e-01
    -3.97793651e-02 -3.56884092e-01 -3.60464215e-01 -3.97474021e-01
    -1.70731246e-02 -4.07913774e-01 -4.47506875e-01 -6.76013231e-02
    -3.73919487e-01 -2.81603336e-01 -4.98251021e-01 -2.72371411e-01
    -4.21521991e-01 7.92376995e-02 2.38375723e-01 1.46818340e-01
    -4.71491814e-02 1.78768456e-01 4.96811271e-02 -1.40539080e-01
    -4.05688733e-01 4.72664595e-01 3.57375145e-02 -2.03132153e-01
    1.14889026e-01 -1.95283949e-01 2.91764796e-01 -3.63157302e-01
    2.56299615e-01 -7.12203085e-02 2.01262236e-01 -2.23622620e-01
    1.88866377e-01 9.78039503e-02 2.91808724e-01 2.86086082e-01
    1.17226481e-01 3.01435411e-01 -1.22525394e-01 -2.88031429e-01
    3.41647208e-01 -3.00557286e-01 -5.11037111e-01 -2.86936671e-01
    3.90768349e-01 -4.18242514e-01 2.69109845e-01 2.24235892e-01
    1.19676888e-01 -4.24715012e-01 2.89360106e-01 1.63060665e-01
    -2.60062873e-01 3.55555713e-01 -1.51381791e-02 1.03044987e-01
    -1.64673299e-01 -3.48717690e-01 6.50334954e-02 -2.72787660e-01
    -1.75591797e-01 -1.40918642e-01 -2.19342679e-01 -1.00860357e-01
    -4.49233860e-01 1.61956072e-01 2.07442701e-01 -1.41333014e-01
    1.66567326e-01 2.17491567e-01 -1.95470035e-01 -1.97143078e-01
    -3.85660231e-01 2.48427212e-01 -3.64967316e-01 -1.82677209e-01
    2.11166739e-01 7.69317150e-02 2.02978253e-01 4.22539771e-01
    2.27044702e-01 5.63956499e-02 3.96763444e-01 2.56922483e-01
    3.31986785e-01 3.82129014e-01 -4.69104856e-01 1.92366064e-01
    -9.57006216e-02 -1.89494282e-01 1.70150757e-01 4.22244251e-01
    -2.00842261e-01 1.51469707e-02 -4.70646501e-01 1.05566025e-01
    -5.37017226e-01 1.44117594e-01 -3.75416428e-01 -1.97371513e-01
    2.74333775e-01 -5.63026428e-01 1.36539042e-01 3.23674977e-01
    -1.72138512e-01 -4.03654426e-01 -2.30008781e-01 -5.06064534e-01
    7.37583041e-02 6.15051389e-03 -1.94712102e-01 -3.63659412e-01
    5.64404130e-02 -5.00627875e-01 -1.94215715e-01 3.43292415e-01
    -1.30166709e-01 -4.23346519e-01 -3.37567121e-01 -4.77319360e-02
    -1.02538705e-01 8.54928493e-02 -4.25363034e-01 2.87180543e-02
    -4.65358853e-01 1.45073831e-02 -1.74318075e-01 3.16930234e-01
    -2.90697366e-01 -1.70604885e-02 -7.90151656e-02 -2.92687267e-01
    1.51398420e-01 -4.82110381e-02 -2.86725521e-01 1.46665990e-01
    1.36816502e-02 9.84902978e-02 2.77848363e-01 -6.91359639e-02
    -2.95910925e-01 3.78406942e-01 -2.76397765e-01 1.37696207e-01
    -1.64071590e-01 -2.99335778e-01 -2.38538891e-01 4.60566998e-01
    -4.71269280e-01 1.53340548e-01 4.09226328e-01 -1.80647463e-01
    2.93951422e-01 3.63072157e-02 -3.56806159e-01 -4.83885705e-02
    3.22011709e-01 -5.25694549e-01 5.23169041e-02 -2.29681522e-01
    -2.42620349e-01 -7.52064884e-02 -4.90239590e-01 1.20738506e-01
    1.22390151e-01 1.71914697e-02 -1.51945949e-02 8.67857337e-02
    -7.86980391e-02 -3.31017137e-01 -3.54048312e-01 1.90776885e-01
    -1.69722676e-01 -2.42441475e-01 -5.62476814e-02 -4.54007804e-01
    -9.84104872e-02 2.57099867e-01 -3.62004697e-01 4.03388441e-01
    -1.76934958e-01 -2.39201128e-01 -5.37708998e-02 3.75567317e-01
    -4.84754860e-01 -4.85595942e-01 -1.38294220e-01 9.70318615e-02
    -3.50569934e-01 -8.57889652e-04 2.46981382e-02 1.58273399e-01
    -5.27578115e-01 2.12187171e-02 -2.77551413e-02 9.66019034e-02
    2.41551995e-02 -3.13495547e-01 4.26940084e-01 -4.47706938e-01
    4.32341456e-01 -2.09154665e-01 -1.37109905e-01 3.48420441e-02
    3.79110307e-01 4.13495809e-01 -2.30327398e-01 4.37921166e-01
    -4.36198950e-01 -1.63927495e-01 -7.66328573e-02 -2.99419314e-01
    -3.09671313e-01 3.06673288e-01 -2.12885141e-02 1.36403739e-01
    -5.52684307e-01 -5.80893755e-02 -2.78132647e-01 3.30321878e-01
    -4.52688843e-01 -2.69945800e-01 2.29354024e-01 1.64717436e-02
    2.96422243e-01 2.81390369e-01 3.66753340e-02 1.28054202e-01
    2.51401246e-01 -1.55202210e-01 1.91819668e-01 -6.20245457e-01
    1.33750439e-02 -1.39747322e-01 1.20962679e-01 -1.06006771e-01
    -2.15832531e-01 2.03056097e-01 4.29459810e-02 -4.62509036e-01
    -2.57324934e-01 1.70543730e-01 -4.75954831e-01 2.06846714e-01
    -1.60941303e-01 -1.40469611e-01 -2.84389853e-02 2.51737624e-01
    -1.95805609e-01 -1.17701232e-01 3.55095923e-01 -3.01103324e-01
    -1.70356035e-01 3.33190560e-01 7.31157064e-02 1.11162663e-04
    -1.34456515e-01 -3.72691572e-01 3.07304204e-01 -3.06720853e-01
    2.72334933e-01 1.65169537e-01 -2.56069124e-01 2.90951312e-01
    2.82275200e-01 3.12595546e-01 3.25161219e-03 8.02648067e-03
    1.61970854e-01 4.67968404e-01 -2.79146612e-01 -3.52362394e-02
    -2.63684332e-01 2.17498481e-01 -8.77045691e-02 -9.26555991e-02
    4.16735768e-01 -3.92960757e-01 3.13437521e-01 1.12862349e-01
    -1.95959538e-01 -1.55655116e-01 -1.87822402e-01 -5.86467683e-02
    1.52237415e-01 -1.79868758e-01 2.99980462e-01 4.61638987e-01
    -1.55295372e-01 -5.16300559e-01 -3.12004834e-01 -5.64979315e-01
    1.43880546e-01 2.09945679e-01 1.93125010e-03 -3.39930594e-01
    -1.64679706e-01 3.34966749e-01 3.54943812e-01 -3.88239235e-01
    2.68786013e-01 -4.96344090e-01 9.31900144e-02 1.25384510e-01
    2.52543628e-01 4.08675313e-01 6.72491789e-02 8.31618905e-02
    -5.35899401e-03 2.64887214e-02 -3.72770369e-01 1.95437670e-01
    -3.32373798e-01 1.42140299e-01 -3.63347948e-01 3.59019637e-02
    -2.54111081e-01 2.27701008e-01 -2.51867056e-01 3.99568617e-01
    -4.27558959e-01 -1.92462862e-01 4.36829031e-01 2.73742080e-02
    1.10915035e-01 4.10033524e-01 -2.86538661e-01 1.91916823e-01
    -4.29474294e-01 3.87522101e-01 -4.33178127e-01 2.31290460e-02
    -4.52315688e-01 -2.02184021e-01 -2.63888478e-01 -1.35319889e-01
    -3.56798679e-01 -3.24349344e-01 3.49098504e-01 2.61098683e-01
    3.55094552e-01 2.97263265e-01 1.14504755e-01 3.37980270e-01
    4.67040539e-02 -3.95635068e-01 3.20675671e-01 2.39636838e-01
    -3.45954508e-01 -2.31853545e-01 -3.09292346e-01 -1.91933990e-01
    1.59878016e-01 -3.75301421e-01 -2.79461861e-01 5.11143208e-02
    -6.01980269e-01 4.49836850e-02 2.65696406e-01 2.56004453e-01
    -2.71340519e-01 1.45441294e-03 3.74525249e-01 2.51089096e-01
    6.96739554e-02 -3.73533040e-01 -2.16561675e-01 -9.78234708e-02
    1.51499748e-01 -3.84912610e-01 -1.78048283e-01 -1.69131160e-03
    -2.57260144e-01 -7.07319975e-02 7.05133080e-02 2.34817505e-01
    -3.74041438e-01 2.69682705e-01 3.72404456e-01 2.45204538e-01
    8.41512978e-02 -2.99314916e-01 -4.23064947e-01 -2.37552881e-01
    1.16690040e-01 -1.97446555e-01 -3.27474862e-01 4.27155435e-01
    -2.78012723e-01 -2.51087546e-01 -5.41993618e-01 2.88378358e-01
    2.97441781e-01 -2.19247401e-01 2.75722384e-01 -3.40634048e-01
    -2.24500656e-01 -3.54507059e-01 -1.75050676e-01 -2.47895271e-01
    -1.25605017e-01 3.84753585e-01 2.20478654e-01 -7.90793300e-02
    -4.94614810e-01 -1.43825471e-01 -5.13916612e-01 -2.51249492e-01
    -4.18046087e-01 -1.82101041e-01 -4.29487735e-01 5.83199561e-02
    4.38779294e-01 -4.20581549e-01 2.37665176e-01 1.42442703e-01
    3.62197399e-01 -4.24234807e-01 -4.47960496e-02 3.72897208e-01
    -2.07865834e-01 -3.09214890e-01 -4.74237889e-01 -1.96601778e-01
    1.92282200e-02 -1.75209165e-01 -1.90649569e-01 -3.56929898e-02
    -1.94494486e-01 -3.78612041e-01 2.53724515e-01 -1.34378672e-03
    1.06060505e-02 -1.29395962e-01 -4.01222199e-01 1.76903069e-01
    -4.74364907e-01 1.64291799e-01 -4.33353692e-01 1.37730300e-01
    4.40137655e-01 1.76828027e-01 -1.66228145e-01 -2.25585788e-01
    -3.92532498e-01 2.90877044e-01 6.09058738e-02 1.04998529e-01
    -1.72842741e-01 -5.04088879e-01 -4.52936858e-01 -4.87818301e-01
    2.48442173e-01 -4.11464036e-01 -1.88699365e-02 -5.96551001e-02
    -4.38655913e-02 1.48274481e-01 7.55265653e-02 4.57222998e-01
    -2.46446937e-01 -3.37574363e-01 -4.41668570e-01 2.29755223e-01
    -3.18060786e-01 3.82635057e-01 6.84508085e-02 6.88898563e-02
    -4.25010681e-01 -6.00729942e-01 3.16475332e-01 3.16101611e-01
    -2.02175647e-01 3.22969973e-01 1.82748914e-01 -4.71839190e-01
    -2.06213206e-01 4.90950048e-02 4.00494397e-01 3.74423862e-01
    -1.42005622e-01 -2.63582647e-01 3.70581329e-01 -3.19588542e-01
    1.37510538e-01 1.04569554e-01 3.83382380e-01 -5.42194843e-02
    3.27680588e-01 1.75720453e-03 -1.96759105e-02 -1.79339379e-01
    -3.64674926e-01 1.15769625e-01 -4.95124340e-01 -4.69249010e-01
    4.72565651e-01 1.34093583e-01 1.99843466e-01 -4.42531735e-01
    8.40182900e-02 -1.53497458e-02 -2.34049559e-03 -3.69636238e-01
    3.59242260e-01 -3.51695299e-01 3.73035789e-01 -3.68785083e-01
    4.01697874e-01 1.69457495e-01 -4.48539943e-01 -3.37590963e-01
    -4.34755147e-01 1.98788196e-01 -1.63216591e-02 5.03480434e-01
    -1.65286392e-01 -2.52029240e-01 -1.69645250e-01 -4.29423392e-01
    4.90111172e-01 -1.92095220e-01 4.61251259e-01 -4.11705077e-01
    4.97591108e-01 -2.05830932e-02 3.94915402e-01 -1.63657606e-01
    1.05955005e-01 -2.05089986e-01 -6.25888705e-02 3.60024989e-01
    -5.88043332e-02 -5.64391911e-01 1.52585506e-01 -3.85291249e-01
    -1.60008669e-02 -3.80568236e-01 8.52766633e-02 4.59676087e-02
    -7.47413039e-02 -3.90825063e-01 -5.39841056e-02 5.40943742e-02
    -3.93452168e-01 -1.65675640e-01 -1.18248612e-01 -1.16519213e-01
    -1.68617666e-01 -1.68832183e-01 2.35895395e-01 1.95239425e-01
    -3.75759155e-01 3.40761900e-01 -2.69907176e-01 -1.62829578e-01
    -1.37330532e-01 -3.44682693e-01 2.23906875e-01 1.24317944e-01
    -3.74595702e-01 5.75369596e-02 -4.98758525e-01 2.94471025e-01
    -3.33121151e-01 -4.33310866e-02 4.65850502e-01 -3.23180407e-01
    -6.75671101e-02 -4.43229973e-02 -3.72765303e-01 -3.57559443e-01
    5.72885573e-02 7.86796808e-02 -2.73725331e-01 3.52399230e-01
    -6.59957826e-02 1.12833917e-01 -3.31903696e-02 -4.22500789e-01
    -1.20801896e-01 -3.18124861e-01 2.13011175e-01 -1.37211561e-01
    2.51827896e-01 4.27228332e-01 -4.69613343e-01 2.38115728e-01
    3.40065211e-01 7.88152218e-04 -1.57864451e-01 1.85403168e-01
    -3.74588609e-01 -3.74416500e-01 -4.47783113e-01 -3.91146451e-01
    -3.61367702e-01 -9.56329107e-02 1.96072936e-01 -5.01888990e-02
    -1.51335597e-02 -2.70053744e-02 -1.07374310e-01 1.09535545e-01
    -2.00337470e-01 -3.99638474e-01 3.93869042e-01 4.02490705e-01
    -7.02069998e-02 4.05791044e-01 -2.39061087e-01 -1.03402734e-02
    -1.22673929e-01 2.73298025e-01 9.49335098e-02 -1.40503287e-01
    3.37719619e-01 5.62461615e-02 -2.89803803e-01 1.90584779e-01
    -5.24844050e-01 3.76638591e-01 1.57508910e-01 3.72250974e-01
    -1.62961096e-01 3.59570086e-01 2.08513856e-01 3.86374116e-01
    -5.89849651e-02 -3.68376613e-01 3.26337934e-01 1.26966357e-01
    3.33301723e-01 -1.85992688e-01 2.59456635e-01 -3.54378283e-01
    1.67564094e-01 7.78353810e-02 3.50514948e-01 -2.15352774e-02
    1.18760139e-01 -1.99342370e-01 -3.32813710e-01 3.51252556e-01
    3.01745325e-01 1.24865234e-01 3.14735055e-01 -1.95403218e-01
    1.16457462e-01 2.25618780e-01 2.20866859e-01 -1.83016956e-01
    -3.22519153e-01 1.22896701e-01 4.74610180e-01 -3.25971842e-01
    -1.34329557e-01 -7.48932362e-02 1.10003829e-01 -3.89657706e-01
    -7.22416639e-02 -2.28564203e-01 1.26361966e-01 1.37443423e-01
    1.48960948e-01 2.96428502e-01 3.71128321e-01 -6.96735084e-02
    -4.81310129e-01 1.62826836e-01 -2.15610147e-01 -1.80865586e-01
    1.89372599e-01 3.19947362e-01 1.21443868e-01 -2.62140393e-01
    -1.99129105e-01 1.54639244e-01 4.21730816e-01 1.71410978e-01
    -3.99401605e-01 1.17949784e-01 -2.01892883e-01 -3.66995871e-01
    3.70144844e-05 3.68943930e-01 -3.91984820e-01 -2.03610390e-01
    4.78520274e-01 -4.97554064e-01 3.09684157e-01 -4.91970360e-01
    6.92436695e-02 2.35319138e-04 4.01433170e-01 -1.33182079e-01
    -1.79445475e-01 2.03876883e-01 -4.12975997e-01 2.53699929e-01
    4.99780774e-02 3.67176414e-01 3.50958586e-01 -2.83402026e-01
    9.65998173e-02 5.08323789e-01 1.67075634e-01 2.37202764e-01
    3.27370226e-01 -3.65054458e-01 -4.12232578e-01 -4.06687081e-01
    3.68848354e-01 -3.00954044e-01 -3.67895663e-02 4.95675504e-02
    2.71664619e-01 -4.92394418e-01 2.87249625e-01 6.58654571e-02
    2.95233011e-01 -5.72447777e-02 -2.16655970e-01 1.89198613e-01
    2.05562413e-01 -4.98330325e-01 4.21690106e-01 4.21751320e-01
    -2.24777430e-01 -5.70096314e-01 8.04031491e-02 2.41026223e-01
    -1.60885453e-01 -5.22338748e-02 2.05809414e-01 -3.75977933e-01
    3.28888237e-01 -5.04099250e-01 -2.41878510e-01 2.41577208e-01
    -4.78877783e-01 2.59618878e-01 -1.30496114e-01 -2.67122507e-01
    6.47280812e-02 2.88149953e-01 1.34212077e-01 2.96936989e-01
    3.49296331e-01 1.31146014e-02 -2.57440865e-01 1.13751173e-01
    5.91291785e-02 -2.93859541e-01 2.08876133e-02 -1.11441106e-01
    4.82271671e-01 -3.40869665e-01 -2.14565843e-01 -4.13345188e-01
    2.92806029e-01 -3.06883097e-01 -2.69113183e-02 -5.46966791e-02
    -3.13206136e-01 2.08212256e-01 -2.41823703e-01 1.90786898e-01
    3.90210211e-01 4.32582915e-01 -2.96702504e-01 3.79522204e-01
    -1.15553856e-01 -3.09576482e-01 -2.49585807e-01 1.72467232e-02
    -5.11342406e-01 3.33250403e-01 -1.61823332e-01 -5.25579810e-01
    -4.70334768e-01 -2.49900460e-01 -9.50097740e-02 -1.85278416e-01
    3.01952481e-01 -3.55295658e-01 4.77407575e-02 1.36665642e-01
    1.56998217e-01 -1.07916385e-01 -3.97427976e-02 2.84776390e-01
    -3.19119364e-01 1.93825185e-01 -1.70223266e-01 -3.22335124e-01
    5.61665893e-02 -3.47335666e-01 1.55261368e-01 3.43099445e-01
    -5.15282810e-01 -1.98457778e-01 1.93395644e-01 3.18656623e-01
    1.48709238e-01 -5.98093390e-01 2.26001322e-01 1.20495498e-01
    -2.48178750e-01 -4.47390378e-01 1.84516251e-01 4.48503494e-01
    -3.83747399e-01 -3.35508049e-01 3.24612141e-01 6.80131018e-02
    -1.53129101e-01 -4.39223349e-01 4.55963910e-02 -3.74094933e-01
    2.19790965e-01 5.01814485e-02 -7.35340714e-02 2.67630219e-02
    2.19101071e-01 5.03103495e-01 -3.88710111e-01 -2.35497952e-01
    4.74884152e-01 -2.83201039e-01 6.67942762e-02 1.32303238e-02
    3.26231420e-01 -2.61717856e-01 -4.15206373e-01 -2.61417150e-01
    2.65300453e-01 -4.55242395e-01 4.87014949e-02 2.42749989e-01
    -4.30832654e-01 4.40699458e-01 2.65476108e-02 -2.90229917e-01
    4.38615084e-02 -2.97859639e-01 -1.84156328e-01 1.19051844e-01
    4.63169307e-01 -1.72871888e-01 -2.61514366e-01 2.72917569e-01
    2.84935772e-01 -2.31337816e-01 -5.58983445e-01 1.09111905e-01
    4.58272696e-02 -5.53841352e-01 4.33352590e-01 -2.54578918e-01
    -1.72120094e-01 -4.54535723e-01 -3.46526533e-01 1.74895883e-01
    -1.23996586e-01 -5.35463452e-01 3.13245177e-01 1.18781567e-01
    -3.75929922e-01 3.81880045e-01 -5.57801366e-01 2.94982612e-01
    -2.63684988e-01 2.28784978e-01 1.71942651e-01 -3.38199139e-01
    -3.78252476e-01 -1.37157232e-01 -1.58553749e-01 3.05960119e-01
    -4.38927561e-01 -3.88854533e-01 5.69999814e-02 -8.17465782e-02
    -3.78534406e-01 -4.84133124e-01 3.43349516e-01 3.56243789e-01
    -4.23195124e-01 -5.73609233e-01 -4.64856923e-01 -4.49206829e-02
    -4.02225256e-02 -3.76883894e-01 2.54021943e-01 -4.97868687e-01
    1.95502073e-01 -3.17664653e-01 -1.63176537e-01 7.93757439e-02
    -1.73310220e-01 -2.82029092e-01 -4.85202014e-01 1.33415043e-01
    -2.20125109e-01 1.37583017e-01 3.29903245e-01 2.86306888e-01
    -4.73684162e-01 6.67100847e-02 4.96643275e-01 -4.27185416e-01
    3.27776194e-01 -5.11026978e-01 3.09855938e-01 -4.17302698e-01
    -1.06316864e-01 4.75239396e-01 1.56619370e-01 -1.48333311e-02
    -2.03332603e-01 -3.51191103e-01 3.00866246e-01 1.77501738e-02
    1.39361024e-01 -4.01585042e-01 2.58826077e-01 -2.74417758e-01
    -1.99341238e-01 9.13441181e-02 2.71156788e-01 -2.44913816e-01
    -4.51822400e-01 -1.34639233e-01 2.77917325e-01 2.09486365e-01
    1.25267625e-01 -3.65036100e-01 6.76843524e-02 1.95073664e-01
    -1.18388534e-02 1.61041260e-01 -1.22205645e-01 2.50566930e-01
    6.69974983e-02 -2.99683899e-01 -1.63019300e-01 5.88271618e-02
    -4.56767082e-02 3.29882085e-01 -3.60631526e-01 -2.91377544e-01
    -3.20347726e-01 -4.09690142e-02 -2.53991395e-01 -4.26908344e-01
    3.75719488e-01 -2.46972799e-01 2.39834607e-01 -4.47300553e-01
    -4.96525943e-01 -5.13026297e-01 2.14119911e-01 -6.90180659e-02
    1.78136408e-01 -1.71755075e-01 -4.83066142e-01 -3.33192647e-01
    3.17486167e-01 -3.44144344e-01 -7.32968748e-02 7.22760558e-02
    4.54493731e-01 4.00377154e-01 2.12284625e-01 -3.15592885e-02
    2.48276770e-01 -4.07218128e-01 8.32928419e-02 2.25567222e-02
    4.04495180e-01 6.68325424e-02 -4.50033516e-01 -2.81706929e-01
    2.22270548e-01 -9.92023349e-02 3.37915778e-01 -1.28944188e-01
    -1.67832971e-01 -2.06478357e-01 -3.61832410e-01 1.33529484e-01
    -3.76994103e-01 -1.37794971e-01 -4.19401944e-01 1.21599138e-01
    -1.93210453e-01 5.88178635e-02 -2.74142623e-01 -5.94163537e-02
    -5.76705217e-01 8.11091661e-02 1.75225198e-01 -3.98539454e-01
    -2.13697672e-01 -3.15102249e-01 4.03119206e-01 -2.13950276e-02
    3.74271929e-01 -2.69742012e-01 -5.22318423e-01 4.62720335e-01
    -1.43347681e-02 -5.01663983e-02 -4.58282441e-01 3.32015336e-01
    -8.24464560e-02 2.85142183e-01 -2.42439270e-01 -2.50754356e-02
    3.05261612e-02 -3.04056704e-01 -2.23116875e-01 1.17116153e-01
    -3.45154583e-01 -2.59774595e-01 2.45807767e-02 -7.76460171e-02
    -5.36581159e-01 1.75872743e-01 -1.93276763e-01 3.16393256e-01
    -2.98028111e-01 4.43105340e-01 -1.30689859e-01 -2.10927308e-01
    -4.68630731e-01 -1.44671708e-01 1.75120413e-01 -5.47395647e-02
    -2.63904035e-01 -2.27615178e-01 1.13363326e-01 -2.64310837e-03
    2.59834528e-01 1.18175447e-01 -1.97080076e-02 -2.12798983e-01
    1.26232833e-01 1.49398208e-01 2.28398800e-01 1.24796003e-01
    -1.26462489e-01 -2.81111389e-01 3.64036560e-01 3.81108373e-01
    -2.10948139e-01 2.69754887e-01 1.41756177e-01 -3.46627891e-01
    -5.73909879e-02 3.60573947e-01 1.50281966e-01 3.00312579e-01
    2.67086625e-01 1.20022357e-01 -4.35581893e-01 -9.50919092e-02
    5.64806581e-01 -2.81553626e-01 -1.69182777e-01 1.31980717e-01
    4.47376817e-01 -2.42351919e-01 -3.83943319e-03 -3.57394397e-01
    8.80934298e-02 -2.44370699e-01 1.99347734e-02 2.29327619e-01
    -5.09549141e-01 -1.71400696e-01 -9.66017246e-02 -2.81982422e-02
    3.96644413e-01 -1.08594894e-02 1.13275111e-01 -1.48051977e-01
    -5.24395943e-01 3.39080155e-01 -2.86558896e-01 7.92699456e-02
    -4.50795889e-02 -7.38258362e-02 -3.21458578e-02 -2.21760660e-01
    2.75998056e-01 -2.13232666e-01 -1.30222946e-01 -1.56328082e-02
    7.12638199e-02 -2.28547633e-01 -5.40916979e-01 3.72624516e-01
    -2.48997062e-01 -4.73930061e-01 3.29484224e-01 -4.65903878e-01
    -1.46675438e-01 -5.21059632e-02 -1.85107261e-01 4.41887558e-01
    5.61956763e-02 -4.77770299e-01 -3.92313600e-01 5.13897896e-01
    -1.86076850e-01 1.82355583e-01 4.82836396e-01 4.39952910e-01
    1.46058977e-01 -5.44905066e-01 -1.71542168e-01 3.36855173e-01
    3.21275532e-01 -1.86613202e-02 -4.91406560e-01 -9.18355286e-02
    -4.09907013e-01 -4.33618337e-01 2.08296359e-01 3.24986875e-01
    1.97495997e-01 -5.98539352e-01 -1.34714186e-01 -3.13776731e-02
    8.29846263e-02 -5.32497704e-01 -3.42816710e-02 -8.58064890e-02
    -5.09646893e-01 -1.46194637e-01 1.74583614e-01 4.48962927e-01
    2.67181695e-01 -4.21432197e-01 -6.10986054e-02 4.03347015e-01
    3.48362386e-01 2.56663024e-01 1.80258930e-01 -1.94024324e-01
    1.71556473e-01 3.01991880e-01 3.81271839e-02 -4.03204292e-01
    -2.60403037e-01 2.99207687e-01 -5.52902818e-02 8.95706415e-02
    1.25062466e-02 -5.13000131e-01 -4.86957252e-01 2.13872373e-01
    -3.68240386e-01 3.74400914e-02 -2.04058468e-01 -2.96421438e-01
    3.20926487e-01 2.59715974e-01 1.97253942e-01 1.29761100e-01
    -1.68902487e-01 -1.88319594e-01 1.21991634e-01 -1.34514034e-01
    1.52309179e-01 -4.95940655e-01 -4.38416958e-01 2.12074280e-01
    3.47127318e-02 4.04611588e-01 -3.61799091e-01 -1.59980148e-01
    3.26363325e-01 3.30510318e-01 3.49854350e-01 3.28198373e-01
    -4.96880740e-01 -4.14901376e-02 -3.28108072e-01 -3.18903178e-01
    3.48658919e-01 -3.15287858e-01 1.41954362e-01 1.77885115e-01
    -1.92191333e-01 5.51780462e-02 -2.55947709e-01 2.57904708e-01
    -4.63807106e-01 7.86834955e-03 -1.70047343e-01 4.29540694e-01
    -3.71980816e-01 -6.58685565e-02 -2.10788131e-01 3.43789458e-01
    1.94310099e-01 2.56865680e-01 2.48844445e-01 2.64178753e-01
    1.16970599e-01 -3.78045946e-01 -3.35567445e-01 1.82316780e-01
    -2.95830369e-01 5.89737892e-02 -8.65679979e-03 4.63210940e-02
    4.02439713e-01 -1.32811308e-01 3.52841675e-01 2.82850564e-01
    3.88339937e-01 3.16164553e-01 -4.18214053e-01 5.67077279e-01
    3.32452387e-01 2.67109215e-01 7.27489591e-02 -3.09208035e-02
    1.52561784e-01 -2.25762308e-01 -1.24898463e-01 -4.73473400e-01
    -7.69040585e-02 -3.93372089e-01 -4.02156740e-01 -2.00450420e-03
    -6.37456775e-02 -2.01570272e-01 2.60255992e-01 -1.97332740e-01
    3.18176389e-01 -3.53068471e-01 -3.22126925e-01 -3.35023284e-01
    -3.00499797e-03 4.53857839e-01 2.45527089e-01 -3.75483751e-01
    -6.09783828e-02 -1.37391597e-01 -5.80286384e-02 1.85931027e-01
    3.47398102e-01 2.27362633e-01 8.40511322e-02 3.03372562e-01
    -5.80080986e-01 -5.37922978e-02 1.75637245e-01 -3.06724310e-02
    1.60097241e-01 -5.05837917e-01 1.66372955e-01 -4.47664559e-01
    -3.85017663e-01 2.62717009e-02 -3.48469555e-01 2.35204756e-01
    1.55682445e-01 3.22049618e-01 -3.21474999e-01 2.75902271e-01
    -4.70991701e-01 7.79237151e-02 -1.14860535e-02 1.30049407e-01
    -1.73476934e-02 -2.94459701e-01 -1.41559899e-01 -1.29843354e-01
    3.03901732e-01 3.93554270e-01 -2.52740622e-01 1.81512237e-01
    1.43432856e-01 3.29485297e-01 -4.28111762e-01 -9.45026875e-02
    4.21990097e-01 4.66684341e-01 7.14488029e-02 -3.60608101e-04
    -1.77972019e-01 -2.99622059e-01 -1.20702207e-01 1.79086447e-01
    -4.51359600e-01 -3.14063370e-01 -4.35476154e-01 3.61913800e-01
    -1.66680813e-01 4.55041885e-01 -7.89695382e-02 -7.89859891e-02
    -3.80949736e-01 -1.32164121e-01 -3.13016772e-01 -1.12976581e-01
    2.33044147e-01 -4.91947800e-01 3.44412863e-01 -1.60544157e-01
    -4.80558664e-01 -2.21607178e-01 1.36186242e-01 -2.48468816e-01
    -2.21392840e-01 3.08020175e-01 -1.22934759e-01 -2.06354886e-01
    1.47513270e-01 -3.44830096e-01 -4.52075243e-01 -3.65724534e-01
    1.46886468e-01 -3.92368227e-01 -3.59090030e-01 -3.82362366e-01
    -5.40197849e-01 -5.59936404e-01 4.00739849e-01 -5.17109632e-02
    -4.73236501e-01 2.23422766e-01 1.19055033e-01 -6.60705566e-02
    -2.62095332e-02 2.83136427e-01 -1.56223983e-01 2.09029675e-01
    -2.75094092e-01 3.36674303e-01 -5.57968020e-02 9.01179612e-02
    7.22596943e-02 -3.81539047e-01 -1.28352076e-01 1.20561928e-01
    -7.00473785e-03 -4.81581688e-03 -2.47458994e-01 -4.95450675e-01
    2.29216218e-01 -5.15203416e-01 9.11641121e-03 3.92183304e-01
    1.33619130e-01 -3.11365664e-01 2.45987236e-01 -1.54185891e-02
    1.66698515e-01 1.25849724e-01 3.27401459e-01 4.29238915e-01
    -4.67808187e-01 4.79642481e-01 -2.45840162e-01 -1.23016357e-01
    -3.38230759e-01 2.20632166e-01 -2.40401775e-01 2.14492321e-01
    -1.15271211e-02 2.27165461e-01 2.95013011e-01 1.65938139e-02
    4.11650479e-01 -3.72097731e-01 2.34392881e-02 -1.93868279e-02
    4.38903302e-01 -8.28986764e-02 8.73535872e-02 -3.21590304e-02
    6.55367374e-02 3.13550532e-01 2.58667767e-01 4.06777859e-01
    2.29223311e-01 3.25604439e-01 3.17061394e-01 4.78877991e-01
    4.52631682e-01 -3.53248805e-01 -1.23280853e-01 2.93682009e-01
    -4.19278026e-01 4.41408157e-02 1.59366399e-01 -2.62894064e-01
    3.10381889e-01 -2.13354588e-01 2.82250643e-01 -4.83549565e-01
    3.27280760e-01 -2.51953334e-01 9.62595344e-02 -4.53693926e-01
    3.72097611e-01 2.37284899e-02 1.13735855e-01 1.29806161e-01
    -2.02645659e-02 7.03084469e-03 -2.14159489e-03 -4.68859106e-01
    -7.17502832e-03 -2.93232083e-01 3.42502713e-01 -2.96722710e-01
    -3.65427136e-02 2.43775487e-01 -3.77709270e-02 -1.76492333e-01
    2.92410612e-01 2.48176575e-01 -3.09839636e-01 1.16541088e-01
    1.07975125e-01 3.86176944e-01 -2.25225300e-01 -2.42504478e-03
    -2.14606524e-01 -3.20091069e-01 2.85280317e-01 -4.07833934e-01
    -2.66783834e-02 -3.04878443e-01 -5.11888504e-01 -2.26579070e-01
    3.95764023e-01 -2.50628769e-01 -8.00744891e-02 3.02739024e-01
    1.07645929e-01 7.34279156e-02 -4.94078338e-01 -4.92793798e-01
    3.16235244e-01 -2.42790937e-01 -3.88708919e-01 3.13918769e-01
    -5.63443601e-02 -5.38352251e-01 2.80374646e-01 3.20615053e-01
    1.19512022e-01 -6.12956285e-03 3.05471927e-01 -2.08843589e-01
    -1.46390915e-01 8.17045569e-03 -3.93148094e-01 -1.97237790e-01
    -6.39204383e-02 7.43038058e-02 -7.91734457e-03 1.54069662e-02
    1.87822044e-01 2.00726509e-01 1.36866748e-01 3.02444994e-01
    1.14172101e-02 -5.23499966e-01 -1.91577047e-01 -1.86845362e-01
    -4.92324233e-01 8.88408422e-02 8.50092471e-02 1.43752575e-01
    -2.93777913e-01 1.24667615e-01 -4.27745402e-01 -2.95701444e-01
    -4.07796353e-01 4.04161215e-01 1.40037775e-01 4.91382092e-01
    4.78154421e-03 -3.18666101e-02 -8.40187073e-04 3.36294979e-01
    1.13785505e-01 2.05815613e-01 8.10767412e-02 3.72673690e-01
    -1.59093738e-02 1.01266980e-01 3.92621636e-01 -6.78254366e-02
    -2.75261730e-01 1.10598803e-02 -3.84110510e-02 -1.42611861e-01
    -1.20140046e-01 -5.15119076e-01 -2.62406796e-01 4.13458049e-01
    -4.19274122e-01 -5.05928159e-01 -1.37332678e-02 -5.16417086e-01
    2.04761744e-01 4.00567055e-03 -2.50342757e-01 -9.11089778e-02
    -4.78420675e-01 -1.90168798e-01 3.49249065e-01 2.35351980e-01
    1.42748535e-01 -4.21614736e-01 -2.26487011e-01 9.49443579e-02
    -1.85986847e-01 -2.84672379e-02 3.74198079e-01 -5.08175969e-01
    1.71852708e-01 -2.29731143e-01 1.75980985e-01 -2.68344074e-01
    3.72386396e-01 -2.55072892e-01 3.55704427e-01 2.60844231e-02
    2.41277575e-01 3.61280978e-01 1.42022014e-01 -6.19368911e-01
    3.36230457e-01 3.82493854e-01 -2.11827844e-01 -3.58716041e-01
    -2.54014611e-01 2.43910253e-01 -4.24883425e-01 2.80866623e-02
    1.68977559e-01 -2.04194427e-01 -5.16902983e-01 3.46347988e-01
    2.83716977e-01 1.32440686e-01 -5.24251342e-01 -3.99002135e-01
    -2.28291243e-01 -3.52309108e-01 4.40538406e-01 -1.28217131e-01
    4.39371765e-01 -3.28901291e-01 -7.14646578e-02 8.08543265e-02
    1.29894465e-01 -2.52813101e-03 1.94863260e-01 4.87629175e-02
    -2.83950984e-01 3.27453554e-01 -5.26193619e-01 -5.18467665e-01
    -3.36006880e-02 1.64893806e-01 -4.37097192e-01 -3.17952752e-01
    -2.17754781e-01 -4.88085091e-01 3.54743123e-01 3.15086186e-01
    3.63920927e-02 -3.88116002e-01 2.19749451e-01 2.18283653e-01
    2.00449169e-01 2.33918965e-01 2.82931089e-01 -1.73346519e-01
    -2.56112158e-01 -1.74717903e-01 3.31206024e-01 6.92394376e-02
    2.26211607e-01 -8.59075785e-03 -2.98937887e-01 -3.33141804e-01
    6.63139224e-02 2.45331258e-01 1.85252964e-01 -1.52805448e-02
    -2.99340338e-01 -9.10276175e-03 2.57906258e-01 -1.72691435e-01
    -4.14964437e-01 -2.78323680e-01 2.88760066e-02 3.07518303e-01
    2.42961049e-01 5.80338240e-02 2.12524354e-01 -2.76732862e-01
    -2.00843036e-01 4.16101515e-01 2.89484560e-01 -2.14277387e-01
    3.99926305e-02 -5.42881250e-01 2.74893761e-01 -4.05436575e-01
    -5.19347966e-01 1.45548046e-01 7.49492347e-02 7.83058405e-02
    -4.26107049e-01 -5.47374487e-02 -4.75370139e-01 -1.88583672e-01
    5.06044030e-02 3.90684605e-03 -5.58085144e-01 -5.62549174e-01
    -3.35375041e-01 -3.30186516e-01 7.90843368e-02 -2.60598540e-01
    -1.86841547e-01 4.38320190e-01 1.88069463e-01 2.34075606e-01
    -1.53566450e-01 -2.06054330e-01 -5.54751158e-02 4.75982189e-01
    -4.16540891e-01 -3.39987278e-01 -4.63206232e-01 4.56137985e-01
    1.29282296e-01 -3.36700648e-01 -4.22588676e-01 2.81377316e-01
    -2.58191824e-02 -5.35750926e-01 -4.76878166e-01 2.00861692e-03
    -2.00642467e-01 -7.12105334e-02 -5.47752380e-02 -7.02462792e-02
    3.99970949e-01 -2.43175745e-01 -3.34300220e-01 -5.00104129e-01
    2.14877188e-01 3.55204523e-01 2.93936729e-02 -1.68633878e-01
    -6.53498173e-02 1.27016604e-01 -4.51923341e-01 -3.80977690e-02
    2.64399886e-01 -1.44800723e-01 -3.08206111e-01 -1.65535629e-01
    1.92174435e-01 3.24719608e-01 -2.73403287e-01 -1.17838979e-01
    4.23955441e-01 -1.01486087e-01 -4.40620691e-01 -3.32902074e-02
    2.14899093e-01 -2.25608319e-01 2.13751674e-01 -1.73486352e-01
    -4.65724349e-01 3.21742982e-01 1.77063882e-01 -2.09313989e-01
    -4.66544926e-01 1.76245868e-02 3.88817728e-01 -9.16564465e-02
    4.74054933e-01 -3.24699014e-01 -2.52005100e-01 -4.49175835e-02
    1.08367026e-01 1.44124389e-01 7.74765015e-02 2.06987321e-01
    8.61550570e-02 -2.07351565e-01 4.19676304e-04 -2.08463788e-01
    -5.04640937e-02 1.91602170e-01 4.02096570e-01 3.38713586e-01
    -7.68697560e-02 -4.99538124e-01 -4.33802903e-02 4.70708370e-01
    -2.51687527e-01 -3.42997938e-01 -4.92986619e-01 -1.29730046e-01
    -6.82693124e-02 1.19040847e-01 4.08101082e-01 -2.70537555e-01
    -5.16025186e-01 -1.09951138e-01 -2.59953737e-02 -6.40895367e-02
    -2.40641057e-01 3.66874158e-01 -1.05149209e-01 -1.18306994e-01
    3.13539743e-01 1.92918420e-01 3.03259194e-01 -1.05357170e-03
    6.42249286e-01 3.10049683e-01 2.02692270e-01 -1.63943768e-01
    1.00608349e-01 2.29982078e-01 -3.45347255e-01 -2.26301193e-01
    -2.66436994e-01 -3.04298580e-01 2.89595664e-01 -3.41085196e-02
    -2.78272688e-01 -9.52806473e-02 -3.44676048e-01 -2.79582232e-01
    -1.26993477e-01 2.29787827e-02 3.26595962e-01 3.46640170e-01
    -4.01132405e-02 -3.05492282e-01 -3.94448876e-01 4.10167634e-01
    1.22202039e-02 1.26865864e-01 -4.46522951e-01 3.98605257e-01
    -3.31660151e-01 8.76089334e-02 -3.33766341e-02 1.35099411e-01
    -1.51372939e-01 1.58564925e-01 3.82624865e-02 1.90682650e-01
    1.82796538e-01 1.31383240e-01 -2.49731302e-01 3.06706011e-01
    1.00822330e-01 3.44984531e-01 2.18845189e-01 7.86463022e-02
    -4.68612731e-01 7.84252882e-02 6.85876012e-02 3.02890956e-01
    -9.18084383e-02 3.20320249e-01 2.21701860e-01 -2.78698444e-01
    -2.18290657e-01 -8.77178907e-02 1.53490067e-01 -3.57172549e-01
    2.59304643e-02 -4.50244606e-01 2.39521742e-01 -4.80895430e-01
    -2.84601212e-01 3.81022274e-01 2.12514341e-01 -3.63613069e-01
    4.42198634e-01 -2.49795735e-01 -3.45406175e-01 9.90450382e-02
    -1.15154564e-01 -1.23270452e-01 2.80543208e-01 2.76852608e-01
    4.07890618e-01 -4.72653508e-02 1.97939247e-01 4.76631045e-01
    3.71975154e-01 -5.20996332e-01 -3.83792549e-01 3.96530688e-01
    -1.61475956e-01 1.11553103e-01 -4.06530321e-01 1.77686095e-01
    2.46380419e-01 -2.67547548e-01 -1.46010816e-02 5.12843549e-01
    -3.39114517e-01 3.79955471e-01 4.75057155e-01 3.01984668e-01
    -9.97114182e-03 1.70669079e-01 1.86168253e-01 -1.02044523e-01
    6.82380199e-02 1.59736991e-01 7.08584189e-02 1.94961846e-01
    2.17964768e-01 -4.79403585e-01 3.34155381e-01 2.38557041e-01
    3.12698126e-01 3.40325952e-01 3.53462338e-01 -7.61158466e-02
    -3.80964816e-01 2.84460664e-01 7.13366270e-02 -2.18981981e-01
    -5.73512018e-01 7.46256113e-03 7.21251667e-02 -1.21345460e-01
    -4.16109562e-02 -3.90171379e-01 6.80801868e-02 -4.83403683e-01
    4.22802150e-01 2.00537443e-02 2.26224959e-01 -2.89161712e-01
    2.36030221e-02 1.49795979e-01 -1.37656033e-01 -1.27318680e-01
    1.56008005e-01 -2.42340505e-01 1.46348417e-01 2.93292582e-01
    8.13503265e-02 1.05466723e-01 -1.24530792e-02 -4.33755755e-01
    -3.22712958e-01 3.35911870e-01 4.02041674e-02 -2.06588745e-01
    -5.53262651e-01 2.06512153e-01 2.11610913e-01 -4.59365964e-01
    4.49527144e-01 1.00790083e-01 -4.79757428e-01 -4.01422083e-01
    1.25227034e-01 -7.13179111e-02 2.49957383e-01 -3.79567146e-02
    -8.30733776e-03 2.21587420e-02 -2.76943684e-01 -3.37070912e-01
    -3.64526659e-01 -2.35858768e-01 -4.39288080e-01 1.17390037e-01
    -3.23655427e-01 -4.16240096e-01 -1.41388178e-03 -1.78486109e-02
    -3.64804149e-01 -3.35436940e-01 -1.61382824e-01 1.31852806e-01
    -4.28114563e-01 -5.32823443e-01 4.03435349e-01 -2.62279421e-01
    -1.85365707e-01 1.48942292e-01 8.00023079e-02 6.50438070e-02
    -3.60399395e-01 -5.01682580e-01 -5.44860244e-01 -2.07787573e-01
    2.62241364e-02 -1.74808383e-01 2.88990259e-01 1.36772990e-01
    -2.81478077e-01 -3.95626158e-01 9.27273035e-02 5.70210218e-02
    1.64021134e-01 1.29852951e-01 6.63052201e-02 3.81315887e-01
    1.88093901e-01 2.92997479e-01 2.66499519e-01 -3.49818200e-01
    -5.54794073e-02 -4.69902307e-01 -3.71075302e-01 4.41453129e-01
    -3.12661052e-01 1.38290256e-01 1.67709053e-01 3.10890913e-01
    -2.55062580e-02 -1.51083767e-01 3.60524833e-01 4.73951399e-02
    -2.50644743e-01 7.60645568e-02 5.46532273e-01 -4.22322839e-01
    -2.33780026e-01 5.29970229e-01 -3.93933326e-01 -2.39051789e-01
    -3.90979260e-01 1.82427227e-01 -5.06768465e-01 -8.74103308e-02
    1.87265337e-01 8.00035596e-02 2.43111968e-01 -1.02612257e-01
    -2.56068498e-01 4.49549198e-01 -4.46109146e-01 3.21883619e-01
    2.37298906e-01 -1.48900390e-01 -3.00457120e-01 -4.97411907e-01
    -2.72317737e-01 -3.88249457e-01 -1.00682288e-01 -1.12343162e-01
    -4.54698473e-01 2.79891700e-01 -2.05253869e-01 3.24402034e-01
    3.13887537e-01 -9.79260802e-02 2.11374462e-01 2.91015506e-02
    1.67510033e-01 -3.57209623e-01 -3.36713344e-01 2.51629293e-01
    -4.93212909e-01 4.44543064e-01 -2.17368782e-01 7.00286031e-02
    -1.80139750e-01 -4.15459245e-01 3.64662975e-01 3.62535268e-01
    -5.48413396e-03 1.16893291e-01 -4.52572554e-01 1.20221138e-01
    9.88747478e-02 3.36587846e-01 -3.88378650e-01 -3.73536140e-01
    -4.23958510e-01 1.51271343e-01 -8.51871967e-02 -5.11007071e-01
    1.26749039e-01 -2.29772568e-01 1.62197828e-01 1.13090217e-01
    -1.20526850e-01 -2.71014720e-01 -1.80624723e-02 1.21414661e-04
    -3.37731808e-01 7.50333667e-02 2.63019264e-01 3.44377995e-01
    2.99619079e-01 -3.39068294e-01 2.31656224e-01 1.55242175e-01
    -1.36927009e-01 -3.91662985e-01 3.48362923e-02 1.76340461e-01
    2.45718122e-01 1.06788576e-01 -2.82233179e-01 3.20531130e-02
    1.18920445e-01 -4.12634701e-01 -1.16173089e-01 -2.17098683e-01
    2.15855062e-01 -5.94203234e-01 -4.28155690e-01 -1.21737003e-01
    -4.86243963e-01 2.71349728e-01 -4.45510358e-01 -1.88941360e-01
    -4.60776299e-01 -1.68275654e-01 3.75790298e-01 -1.95602059e-01
    -9.25869942e-02 8.65358114e-02 -5.56387901e-01 -2.39891410e-01
    -1.30082369e-02 1.66118145e-01 -1.98189199e-01 -6.08809710e-01
    7.53954053e-02 -3.93734008e-01 4.33068871e-01 -4.92267072e-01
    -3.99632156e-02 -2.29112804e-02 1.31301820e-01 1.82794154e-01
    3.74236584e-01 3.91245127e-01 -1.52946353e-01 -5.21825671e-01
    3.93483043e-02 -1.22438967e-01 -3.04836988e-01 1.42928749e-01
    -1.50986910e-01 -3.67202342e-01 2.81970203e-02 8.53013694e-02
    2.11859882e-01 2.13424563e-02 -4.24758315e-01 -3.50182980e-01
    -4.36770976e-01 -4.71553594e-01 1.33581996e-01 1.94267511e-01
    -4.68777835e-01 -3.72593403e-01 -2.55052418e-01 -9.55117941e-02
    -1.47443444e-01 6.17491007e-02 1.80319846e-01 -5.34841418e-01
    8.73652697e-02 8.44112635e-02 2.00781345e-01 -1.87841743e-01
    2.21586585e-01 -5.64385831e-01 -2.57712603e-03 2.62111306e-01
    -5.08310795e-02 -4.44912463e-01 1.01800382e-01 -6.21544123e-01
    1.71737313e-01 2.85990000e-01 -2.24914461e-01 5.25522232e-02
    3.54635179e-01 1.40258014e-01 -4.66482967e-01 -2.21419245e-01
    -2.79545575e-01 1.59389526e-01 7.23878145e-02 -4.16012406e-02
    1.45400763e-02 -1.86877012e-01 4.23138738e-01 -4.34816629e-01
    1.20054066e-01 -3.78446400e-01 1.20601058e-01 1.70514047e-01
    3.08218479e-01 -1.17627740e-01 1.44632101e-01 -1.76880538e-01
    -2.19962418e-01 -2.94096559e-01 -8.76127779e-02 3.80242229e-01
    1.03519887e-01 6.94527030e-02 2.53360629e-01 -1.92856967e-01
    -1.06028527e-01 6.51264787e-02 -1.55880004e-01 3.47081661e-01
    2.21678615e-01 -4.55630422e-01 8.52443576e-02 -3.85075688e-01
    -2.29033470e-01 -4.56027657e-01 2.69773424e-01 4.19204831e-02
    1.24861777e-01 2.60825694e-01 1.18915915e-01 -3.94110411e-01
    2.56072283e-02 -5.15516698e-02 -4.41881031e-01 -9.69054103e-02
    9.89056230e-02 7.31583834e-02 -2.90874302e-01 5.39544702e-01
    -8.40542912e-02 -3.14456612e-01 1.45567060e-01 3.25974971e-01
    -4.20225620e-01 -3.08954328e-01 4.96158957e-01 4.52428102e-01
    -4.35669065e-01 3.31864059e-01 3.50502014e-01 1.61424875e-01
    3.70143384e-01 1.23169363e-01 -1.27147257e-01 4.70817685e-02
    1.46379828e-01 -1.66045785e-01 6.34480119e-02 3.63187075e-01
    -3.25009763e-01 1.40938997e-01 -1.00027382e-01 -4.70638573e-01
    -7.87597895e-03 3.69791985e-02 -2.17785835e-01 -1.40268862e-01
    8.36520195e-02 -5.04696369e-01 3.36828470e-01 -5.29818475e-01
    1.99772537e-01 9.09241438e-02 -3.44615877e-02 -2.48917133e-01
    -2.45660067e-01 -1.25678450e-01 -2.70791948e-02 -2.83979475e-01
    -4.51960832e-01 -3.39147359e-01 -3.78486991e-01 4.96122897e-01
    -5.62484264e-02 -2.79558897e-01 2.23026574e-02 -1.63815945e-01
    3.55786771e-01 -1.71207160e-01 -3.00584674e-01 -5.71855426e-01
    2.87527800e-01 1.45740032e-01 -1.36661291e-01 1.67100668e-01
    -2.07117230e-01 2.61942923e-01 -1.49336278e-01 -2.16634870e-02
    1.52499199e-01 3.85007739e-01 1.58248603e-01 -8.63673687e-02
    -3.09390813e-01 4.42848742e-01 -4.56483394e-01 6.56246841e-02
    -6.05934560e-02 4.05099124e-01 2.18300641e-01 3.59429121e-01
    -2.19198018e-01 4.53344584e-02 2.46283948e-01 1.80291414e-01
    -3.81663948e-01 1.54444158e-01 -3.42416823e-01 -2.12895066e-01
    -7.39763975e-02 4.58442569e-01 1.26862615e-01 -4.07668650e-01
    -8.31049085e-02 -4.43653196e-01 2.40530193e-01 2.53496945e-01
    -2.30970174e-01 -3.79027128e-01 -3.44300717e-01 5.81802487e-01
    6.31850958e-03 2.05094308e-01 1.98869765e-01 -1.81966573e-01
    -8.09667110e-02 -2.72011757e-03 1.25962615e-01 2.69325137e-01
    -3.10417414e-01 4.52149808e-01 2.86147684e-01 -2.71956950e-01
    -1.97761059e-02 -3.47800821e-01 -4.07095820e-01 4.30357367e-01
    -4.09956217e-01 4.00245875e-01 -1.27766728e-01 -4.84901845e-01
    -1.60798430e-02 3.55042577e-01 1.72657013e-01 6.04594350e-02
    1.49283409e-02 -5.36475420e-01 4.00465161e-01 -4.42534387e-01
    1.34017408e-01 3.02862227e-01 2.92381704e-01 2.71277130e-01
    -5.47938824e-01 3.08948755e-02 -2.36671925e-01 -3.29439074e-01
    2.26123035e-02 -9.68694687e-04 2.77464330e-01 3.03639293e-01
    1.33119583e-01 2.35983133e-02 1.68479502e-01 -8.60745311e-02
    2.63470829e-01 3.63273621e-02 2.66231894e-02 -2.91753769e-01
    -9.44932103e-02 3.53427589e-01 3.49680901e-01 9.49907303e-03
    1.36475205e-01 3.44451636e-01 -2.32634962e-01 -2.87183523e-01
    -2.83918977e-02 3.02360475e-01 -9.40024555e-02 2.90364027e-03
    -5.28472066e-01 3.66267204e-01 7.75188804e-02 -2.19748259e-01
    1.60413146e-01 4.19496626e-01 -3.32147151e-01 -4.21076834e-01
    1.10235810e-02 -3.63399863e-01 2.72094488e-01 -1.35631293e-01
    -3.35113615e-01 -4.41044837e-01 -5.36523521e-01 4.58172679e-01
    -5.57972789e-02 -3.85108680e-01 1.47407711e-01 6.43110275e-03
    4.00275826e-01 -1.53734028e-01 2.24240661e-01 -2.96040058e-01
    8.67223144e-02 -3.27518553e-01 9.74662304e-02 6.07370138e-02
    -2.15157837e-01 -3.36794019e-01 -7.43032098e-02 -5.25199771e-01
    1.13548934e-01 1.91768587e-01 6.94155693e-02 -2.07345605e-01
    1.28623247e-02 2.32942939e-01 9.04170871e-02 -2.40017682e-01
    -1.61762834e-02 -1.74949765e-02 2.83369780e-01 -2.32679248e-02
    -3.97455871e-01 -1.72190547e-01 -5.49456477e-02 2.26568043e-01
    3.49773765e-01 -2.26052076e-01 2.22175479e-01 6.43331409e-02
    -4.27434713e-01 -2.14591771e-01 -1.66492939e-01 -1.98209286e-03
    5.47091961e-01 -2.91711986e-01 -3.18869501e-01 4.44913685e-01
    -5.84201574e-01 1.30133927e-01 4.16308045e-02 1.69766009e-01
    2.25995183e-01 -7.67469406e-02 -5.36987305e-01 7.66767859e-02
    -1.81432277e-01 8.41715336e-02 1.24058723e-02 -2.02111036e-01
    2.04796165e-01 -3.88389111e-01 -3.87538314e-01 -4.31118846e-01
    2.26687789e-01 -2.95909703e-01 -2.39204288e-01 1.17437184e-01
    7.82014728e-02 2.97865033e-01 -2.17632920e-01 2.39845634e-01
    -4.95062262e-01 2.82629013e-01 3.59997094e-01 2.44604528e-01
    4.35284555e-01 3.01042318e-01 -1.09192371e-01 5.78596592e-02
    7.87887573e-02 -2.33911783e-01 3.48561645e-01 1.16582692e-01
    2.98829377e-01 2.38498569e-01 2.03407526e-01 4.38804030e-02
    -4.84601974e-01 -4.46955979e-01 4.99353111e-02 3.06665123e-01
    -3.32264721e-01 7.02953339e-03 -2.04661161e-01 -4.52162206e-01
    1.98169649e-01 3.55969369e-01 4.53016460e-02 -2.22890913e-01
    -3.04000378e-02 2.98186958e-01 -5.69463968e-02 3.45421553e-01
    -1.73811257e-01 -4.36277598e-01 3.38463217e-01 2.70246506e-01
    3.43239188e-01 -5.98562598e-01 2.43169665e-01 3.55969727e-01
    -4.42086577e-01 3.52913320e-01 1.59797013e-01 -3.51830214e-01
    -4.96668518e-02 -2.99236000e-01 -1.79491758e-01 -7.64953494e-02
    2.71135271e-01 -5.23938894e-01 -8.24083090e-02 1.50194883e-01
    4.81897533e-01 -6.14640117e-02 -4.25153941e-01 4.02054191e-02
    -3.18497419e-01 -2.62643635e-01 -2.78119743e-02 -1.35133654e-01
    5.13688087e-01 2.90629566e-02 -5.32943964e-01 6.80643320e-03
    -2.05164313e-01 -4.46990997e-01 4.15223181e-01 -3.51882517e-01
    -4.95489687e-01 1.34550244e-01 1.07720822e-01 2.29318321e-01
    4.23967838e-01 4.30251062e-01 4.56569195e-02 3.84350955e-01
    -4.31466728e-01 2.20757306e-01 4.27795649e-02 -4.69119191e-01
    2.02154517e-02 -4.64974552e-01 -2.17141837e-01 -3.05396438e-01
    -3.34281296e-01 1.67575568e-01 4.84384745e-01 -3.72140527e-01
    2.19742179e-01 -5.57525456e-02 -2.25876689e-01 -4.62710768e-01
    4.63210672e-01 -1.08309388e-02 -1.72238678e-01 -3.87958378e-01
    -6.64325953e-02 5.21537066e-02 1.56022906e-01 5.38488030e-02
    -3.67107332e-01 -2.13207245e-01 -2.05012858e-02 1.66512936e-01
    -2.75845468e-01 -3.42108965e-01 3.71280193e-01 3.89324129e-01
    2.66969442e-01 -1.54549778e-01 2.30612695e-01 5.97063422e-01
    5.60880899e-02 -1.04432970e-01 5.06150723e-02 -5.37622452e-01
    -5.97661138e-02 -5.26079535e-01 -3.06827277e-01 3.71154308e-01
    1.65671885e-01 3.86436582e-02 2.61606336e-01 -3.82828534e-01
    2.49133706e-01 3.25102806e-02 4.72821891e-01 4.80336845e-02
    -2.35641807e-01 -3.24144989e-01 2.91165233e-01 -2.80032396e-01
    -1.45026147e-02 2.32367456e-01 -3.99822652e-01 -9.29462314e-02
    -2.12984324e-01 2.66246855e-01 -4.62558568e-01 -2.27582872e-01
    -2.56009310e-01 -3.07437479e-01 2.20553279e-02 1.84045434e-01
    -1.70785725e-01 -1.75783217e-01 -2.18565285e-01 1.47104681e-01
    5.05552292e-02 -3.17403793e-01 5.13827801e-03 -2.25851744e-01
    3.88076842e-01 3.27643275e-01 2.20897734e-01 5.22046089e-02
    1.54054284e-01 2.57200599e-01 -1.65527821e-01 -2.10122108e-01
    2.47329473e-02 -4.15866286e-01 -4.90897894e-02 -3.92063767e-01
    -5.30606508e-03 1.52037561e-01 -3.12971056e-01 2.76633024e-01
    -1.31805539e-02 3.02926600e-01 1.45023465e-01 4.50287521e-01
    -2.31127083e-01 7.56226182e-02 3.40998292e-01 -1.51164085e-01
    -5.13216794e-01 -3.96566331e-01 -3.79722625e-01 -2.16245651e-02
    -2.03045785e-01 3.06789517e-01 -1.47535354e-01 -5.66953182e-01
    4.86039221e-01 4.22081977e-01 4.08503115e-02 -1.02893680e-01
    -1.18457586e-01 -4.00391340e-01 1.61923021e-01 -2.60704398e-01
    -2.25749791e-01 -1.00901961e-01 -2.72777349e-01 -2.69668341e-01
    9.13095772e-02 2.90951550e-01 2.57489830e-01 -3.57699066e-01
    4.22213107e-01 -3.09844226e-01 -5.23191571e-01 1.25143766e-01
    2.08372235e-01 -3.45198005e-01 1.07265294e-01 2.25994170e-01
    3.12088251e-01 1.00131810e-01 2.84307063e-01 -4.69277650e-01
    -1.67856753e-01 1.26699209e-01 4.11236346e-01 -3.41498375e-01
    -2.92744279e-01 1.02446675e-02 -3.45253944e-01 -1.20114595e-01
    2.27094710e-01 -2.68893659e-01 -2.70961761e-01 -1.81371510e-01
    3.65291476e-01 -6.48172498e-02 4.25841451e-01 -6.40112162e-02
    -4.12889808e-01 -3.52401197e-01 4.99344736e-01 1.52016342e-01
    -2.65052676e-01 2.87750363e-01 -3.41842145e-01 -2.73741484e-01
    3.06331336e-01 1.58087730e-01 -4.61548448e-01 5.87677956e-02
    -1.53420448e-01 2.59903312e-01 -6.81159794e-02 -1.14832520e-01
    -3.97022396e-01 4.20963317e-01 -3.47817928e-01 -1.67068064e-01
    -3.56113583e-01 3.53561878e-01 -2.72374839e-01 2.56134093e-01
    -3.31760734e-01 -6.17279351e-01 1.95279419e-01 1.63376808e-01
    -1.76819801e-01 1.88546419e-01 2.31386423e-02 -9.40735936e-02
    -2.66176999e-01 -1.53942108e-01 2.64351487e-01 1.56159818e-01
    3.48709822e-01 3.50318551e-02 2.20302224e-01 -1.82063013e-01
    -1.78849757e-01 -3.04635197e-01 2.86181211e-01 1.26182616e-01
    -1.06911361e-01 -5.16823888e-01 7.57970810e-02 -3.63876730e-01
    1.82471395e-01 1.96896076e-01 1.54093146e-01 -2.10007668e-01
    2.78641999e-01 -4.35764581e-01 -4.61029530e-01 1.68806553e-01
    -3.38590711e-01 -3.71130824e-01 -3.70518178e-01 -1.14143491e-02
    -3.29508334e-01 -5.71458578e-01 4.22434270e-01 -3.40200663e-02
    -4.68238741e-01 2.79353261e-01 2.05200493e-01 1.91211104e-02
    -1.02953017e-01 -3.58374059e-01 2.03924060e-01 -3.07413280e-01
    -1.73384726e-01 2.37317979e-02 -2.77099669e-01 -1.30072385e-01
    1.65801227e-01 1.70012772e-01 1.71809971e-01 -5.75756907e-01
    3.28257263e-01 3.39199305e-02 -1.96769238e-02 -1.19969487e-01
    2.87060052e-01 -2.26692379e-01 4.21616822e-01 -2.90048897e-01
    -1.30168140e-01 -3.90738845e-02 4.02404964e-01 1.84332669e-01
    3.31659555e-01 -1.87754214e-01 -3.49350601e-01 -2.03071892e-01
    -2.43208319e-01 2.63786674e-01 3.72182846e-01 -3.80886614e-01
    -4.92107421e-01 -1.52772397e-01 -1.61412150e-01 1.46016121e-01
    -3.02026272e-02 -4.23309892e-01 1.93044603e-01 2.68513948e-01
    -4.88816142e-01 -3.39495778e-01 3.27737212e-01 -1.22230172e-01
    -5.24041951e-02 -3.84566873e-01 -3.14877599e-01 2.03673005e-01
    -1.17246985e-01 -2.86495179e-01 1.47965848e-01 -5.36969543e-01
    1.39777005e-01 -2.06420362e-01 3.60811174e-01 2.89677143e-01
    -1.03956282e-01 1.76125944e-01 8.13639164e-03 3.54504585e-02
    4.04517591e-01 -2.70006835e-01 9.23946202e-02 -3.41844559e-03
    -1.53611869e-01 4.80104864e-01 -4.85575497e-01 -3.58064264e-01
    -2.50181228e-01 -1.61347508e-01 4.11546826e-01 9.37774777e-02
    -1.61847025e-01 -2.32053071e-01 1.33759975e-02 7.26083517e-02
    9.40646529e-02 3.22267532e-01 1.16568744e-01 1.83006525e-01
    2.94142365e-02 -2.58582711e-01 -4.32995290e-01 -4.42685783e-01
    2.38172591e-01 1.12433493e-01 -5.28720379e-01 -3.08525860e-01
    -6.70241416e-02 8.54022503e-02 2.60030985e-01 -4.09370303e-01
    -2.96906650e-01 5.82782626e-02 3.16390455e-01 -4.43914413e-01
    3.73526335e-01 -4.28699583e-01 4.64766592e-01 5.34909666e-02
    -3.30573291e-01 -4.94510531e-02 2.20914602e-01 -2.70182490e-02
    -4.84239697e-01 1.01201892e-01 -2.93005615e-01 -2.15917289e-01
    1.63467705e-01 -3.45486611e-01 -1.25984788e-01 -1.15845114e-01
    -4.41389740e-01 -2.86151320e-01 -2.42408216e-01 -5.67654848e-01
    3.14641953e-01 -4.61185068e-01 2.97124684e-01 -4.28770155e-01
    4.01816845e-01 1.15923584e-01 2.84239590e-01 -2.33244538e-01
    -2.81761408e-01 -3.32035750e-01 4.39170003e-02 2.18251824e-01
    -1.34118378e-01 7.02649355e-02 1.32350922e-01 -1.77482992e-01
    3.79529536e-01 2.46446431e-01 -3.69471878e-01 -2.92281985e-01
    1.60184681e-01 -4.56638336e-02 1.95670426e-01 -2.14527249e-02
    -1.42800450e-01 3.66514921e-01 1.60051942e-01 1.19367540e-01
    -3.20578992e-01 6.86824322e-02 -7.30678439e-02 2.68609166e-01
    -2.47257292e-01 -2.33154953e-01 3.43644977e-01 -2.58067369e-01
    3.66127610e-01 2.86650479e-01 3.04316521e-01 3.22267771e-01
    1.99446023e-01 -1.16716534e-01 3.31427991e-01 3.01414132e-02
    -1.01714224e-01 3.65220606e-01 3.79184127e-01 4.03483868e-01
    3.72182488e-01 9.01925564e-03 1.96820259e-01 -7.28242397e-02
    -6.21730089e-02 -4.29796755e-01 -3.19759935e-01 -3.86005133e-01
    2.97161698e-01 -4.62131351e-01 -2.55310029e-01 -3.88855278e-01
    1.46081805e-01 4.75458264e-01 -3.43755662e-01 -4.34017748e-01
    -4.26124007e-01 1.30479455e-01 2.77862132e-01 3.33473682e-01
    -3.75189006e-01 -2.06408858e-01 8.19420815e-02 -1.81540728e-01
    1.27754152e-01 -2.31016278e-01 -3.21599603e-01 -1.10698700e-01
    -1.60419822e-01 1.98413372e-01 -1.80070341e-01 -3.12778950e-01
    -3.04170966e-01 3.75351131e-01 3.35296631e-01 -5.28054714e-01
    -5.82921505e-02 -3.08061838e-02 -2.91562259e-01 -1.00991249e-01
    -8.04511905e-02 -4.47009206e-01 3.69067669e-01 3.35651219e-01
    1.92691028e-01 -1.40841544e-01 -1.42967701e-01 1.33959770e-01
    2.34008193e-01 -5.22071242e-01 2.52668083e-01 -1.11299396e-01
    2.94582367e-01 -2.32465088e-01 1.34844661e-01 -6.19480550e-01
    -5.52817643e-01 2.62398899e-01 -6.08051121e-01 -3.74423444e-01
    -4.21857715e-01 -2.07549721e-01 1.51289523e-01 -6.61544204e-02
    -3.47468793e-01 -5.02818227e-02 -3.06792259e-02 2.25243688e-01
    2.05972195e-01 1.50998652e-01 4.66519445e-01 9.02349353e-02
    6.21333122e-02 3.87619376e-01 -4.81684387e-01 -1.61212265e-01
    4.53090280e-01 3.89591992e-01 -5.10708570e-01 -4.28454280e-02
    -6.14697039e-02 3.20845068e-01 2.36928463e-04 -3.15263450e-01
    2.94957638e-01 -4.41902697e-01 3.38197172e-01 5.65464497e-02
    -5.05342603e-01 -8.31937790e-03 -2.96034247e-01 2.31428325e-01
    -2.73655534e-01 2.33193338e-01 1.43149734e-01 -2.35895425e-01
    5.10596275e-01 -2.89944917e-01 3.06298077e-01 -2.07861632e-01
    6.04569912e-02 3.17647994e-01 4.86130714e-02 -6.79266453e-03
    -3.62109840e-01 -2.13850886e-01 5.55475950e-02 1.90939546e-01
    -3.45059335e-02 -3.69864553e-01 4.10972297e-01 -4.43239748e-01
    2.19424009e-01 -8.44675601e-02 -3.56390029e-01 2.16555834e-01
    -8.86374414e-02 1.60938740e-01 3.72126877e-01 3.15550983e-01
    -5.80830991e-01 2.51989186e-01 -3.42017412e-03 -1.30950391e-01
    -5.04149258e-01 7.61239529e-02 -1.18208945e-01 -3.69393945e-01
    -4.89439845e-01 -1.63742155e-01 2.32275486e-01 -3.34006548e-01
    3.79652232e-01 2.63278723e-01 -1.51010126e-01 3.99278253e-01
    -4.10307407e-01 -3.47551107e-01 1.13587976e-01 1.91285014e-01
    1.80383146e-01 -1.42045587e-01 1.89280927e-01 -1.05357140e-01
    -3.31553012e-01 -2.09721327e-01 -5.12450218e-01 3.35981429e-01
    2.26571858e-01 -4.91445869e-01 -4.59999055e-01 2.63987303e-01
    -3.69782597e-01 2.09215939e-01 3.04408014e-01 -9.75482762e-02
    -2.93983877e-01 -7.09280074e-02 6.30902648e-02 -2.73427188e-01
    1.76719666e-01 3.21089029e-02 -2.34334886e-01 1.31516159e-02
    6.07440770e-01 1.15959942e-01 4.98151094e-01 1.32179141e-01
    -8.99083316e-02 4.06340539e-01 -5.10113537e-01 -6.24028206e-01
    -1.05494142e-01 3.29545140e-01 1.43322110e-01 5.00454307e-02
    5.88726401e-02 3.88208032e-02 1.55449510e-02 2.61861980e-01
    -4.70362008e-01 -4.63322163e-01 4.56191361e-01 -1.41055018e-01
    2.42428482e-02 -2.13070422e-01 -4.26186562e-01 1.88278556e-01
    4.53829139e-01 -2.43444562e-01 1.75168097e-01 1.24626011e-01
    2.36724228e-01 -2.93685168e-01 -2.64849484e-01 4.10871863e-01
    4.99430895e-02 7.42434859e-02 7.36364126e-02 2.91927576e-01
    -9.31990147e-03 2.94271827e-01 -8.81576538e-03 -4.84540164e-01
    3.92498553e-01 -1.82112843e-01 -1.60633534e-01 -3.72561812e-02
    -2.68630803e-01 5.27556241e-01 -8.19072723e-02 -4.01916832e-01
    -2.28719592e-01 4.20950413e-01 -1.32238477e-01 -2.96646357e-03
    -4.41658497e-03 1.92273378e-01 -1.39878333e-01 1.44157946e-01
    -2.73813903e-01 -5.10660291e-01 -4.26005691e-01 -4.02206779e-01
    -5.35128355e-01 -2.96743661e-01 -4.01161730e-01 5.33192158e-02
    1.42415822e-01 1.42854750e-01 1.02796435e-01 -4.10016865e-01
    -4.38260049e-01 4.33979690e-01 2.32513547e-02 -4.33077127e-01
    -1.35293484e-01 2.24765658e-01 -5.47473550e-01 -7.22612143e-02
    3.37898731e-02 1.51783228e-03 -1.66345924e-01 -4.76922393e-02
    -1.82732284e-01 -2.94572890e-01 -5.10822415e-01 3.55565548e-03
    3.32973361e-01 -4.61838692e-01 -4.72009063e-01 -5.01376867e-01
    -1.49034142e-01 -2.27952838e-01 -2.42408097e-01 -2.29433000e-01
    2.40611494e-01 -5.74373126e-01 -2.89881408e-01 2.58409977e-02
    -3.53476435e-01 -2.92215496e-01 -2.53826797e-01 -4.11033630e-03
    3.98595273e-01 2.26913095e-02 -2.58545876e-01 -2.20791817e-01
    2.89507091e-01 3.93344462e-01 -2.40315199e-02 1.05915904e-01
    4.26154733e-01 -5.34843087e-01 -1.94829106e-02 -1.81725562e-01
    -4.68915910e-01 -6.50858283e-02 1.45473897e-01 4.13043380e-01
    -1.15557760e-01 -2.06459790e-01 -1.31910264e-01 3.78182948e-01
    -4.29487467e-01 9.09910798e-02 6.22594953e-02 -1.85489982e-01
    2.52587795e-02 3.84301007e-01 -3.66180241e-01 1.73275232e-01
    -2.86645949e-01 -2.77287751e-01 2.69375026e-01 -8.96329880e-02
    1.67091966e-01 -5.46535969e-01 2.43342698e-01 -9.67453122e-02
    -5.64159155e-02 -3.69960487e-01 -5.00115156e-02 8.98599625e-02
    2.92657435e-01 -7.31089115e-02 -2.42527068e-01 -1.56719565e-01
    3.09778273e-01 -5.01214385e-01 1.46852195e-01 2.96641409e-01
    -2.84502923e-01 4.39501882e-01 -4.10952955e-01 -3.12011242e-02
    -2.09165931e-01 -2.51691341e-02 -1.14765763e-02 1.70351624e-01
    -4.84917194e-01 1.72026336e-01 -5.50192595e-03 2.77338922e-01
    -6.13908172e-01 -8.73279572e-02 3.62263441e-01 -3.99298817e-01
    -3.10754269e-01 -1.40927136e-01 1.39478207e-01 4.02282536e-01
    -1.03411615e-01 -3.31730932e-01 -1.46617591e-02 -2.22534567e-01
    2.73883343e-04 -3.49304199e-01 1.33452535e-01 -1.65563196e-01
    -8.46701860e-02 3.59509647e-01 -3.22076380e-01 2.64050901e-01
    -1.83037251e-01 -4.10622865e-01 -1.58192992e-01 -1.93409979e-01
    -1.30698264e-01 -1.47647858e-02 3.84056568e-03 -8.32986832e-03
    -3.11609387e-01 4.15619135e-01 -3.15364867e-01 -2.27046251e-01
    -3.96711767e-01 1.61328614e-01 2.77798831e-01 3.72404695e-01
    -4.46391284e-01 3.95151377e-02 9.24621224e-02 -2.57937789e-01
    3.82022947e-01 -2.17167705e-01 -2.21986949e-01 4.09309864e-02
    -4.35175270e-01 5.19938707e-01 3.38485837e-01 -3.44278157e-01
    3.69586051e-01 3.29936028e-01 1.01816654e-02 -5.38978577e-02
    8.20876360e-02 -1.83502614e-01 2.87055969e-01 3.19710314e-01
    -9.35717225e-02 -1.71523333e-01 -1.27999038e-01 -3.84073764e-01
    4.40420091e-01 -3.14431369e-01 -1.79629117e-01 -3.87166113e-01
    1.28326058e-01 -1.30671442e-01 -3.03052783e-01 4.44422722e-01
    1.95912600e-01 2.96416879e-01 7.04384446e-02 -1.55478984e-01
    -4.61211681e-01 4.13410842e-01 -3.25828165e-01 2.47744083e-01
    3.34548086e-01 2.39748299e-01 1.58984661e-01 3.17536891e-01
    -5.36142468e-01 -4.45045471e-01 -7.78063238e-02 -2.91208059e-01
    9.20392275e-02 -2.24429727e-01 -4.40317035e-01 2.90765822e-01
    -4.14974660e-01 4.03563976e-01 -4.76819873e-02 -2.70455271e-01
    -1.56732947e-01 5.03346086e-01 1.95217431e-01 -2.71026373e-01
    -1.10668391e-01 1.45273477e-01 4.94821221e-01 -5.11081815e-01
    -4.38171804e-01 3.86940300e-01 1.32718325e-01 3.38958859e-01
    -5.10362148e-01 -2.62991786e-02 -2.80571401e-01 -4.04845476e-02
    4.10690486e-01 -2.54465938e-02 -5.36043406e-01 3.83570403e-01
    2.60680676e-01 1.10044360e-01 -2.81349242e-01 2.90384501e-01
    -1.11084312e-01 -9.35107470e-03 1.85087442e-01 1.01935208e-01
    -4.55316961e-01 -5.62772453e-01 2.82478333e-03 -3.91976327e-01
    2.30828404e-01 -4.42038596e-01 1.54808879e-01 3.10304642e-01
    2.17574835e-01 -4.18587774e-01 1.29028678e-01 1.17476583e-01
    -4.58222359e-01 -3.09806883e-01 2.34562159e-01 1.55598044e-01
    5.27689457e-02 -4.13873434e-01 3.04298460e-01 3.55282307e-01
    -3.63649964e-01 -8.69887471e-02 1.42984927e-01 -1.45647824e-01
    4.25417781e-01 -3.73486966e-01 -1.78626984e-01 -1.22290343e-01
    1.97203100e-01 -1.92730427e-01 -3.62191439e-01 -1.81215405e-01
    -2.01093733e-01 1.66372716e-01 -1.11682534e-01 2.88337171e-01
    -1.82531416e-01 3.92833114e-01 1.15682125e-01 -1.52168661e-01
    2.27579415e-01 3.46695662e-01 2.90462255e-01 3.57554078e-01
    -1.58655584e-01 -2.22014844e-01 -3.61847192e-01 7.74570704e-02
    -4.77753133e-01 3.92372310e-01 1.01345778e-03 3.38554204e-01
    3.61179113e-01 -5.33819199e-02 1.59713984e-01 6.29621744e-03
    2.85371542e-01 -4.31041777e-01 2.37260640e-01 1.34594440e-01
    -8.08649957e-02 -2.23249853e-01 1.73208594e-01 1.20705724e-01
    -1.71547204e-01 2.79003620e-01 2.93098390e-01 -5.35685062e-01
    -1.14598393e-01 -4.58756357e-01 -3.70939523e-01 9.57566202e-02
    -3.27777892e-01 5.08459806e-01 3.02822828e-01 -1.84648335e-01
    1.40669852e-01 -4.32710350e-02 -5.00400662e-02 2.63563871e-01
    1.39536858e-01 -1.57344848e-01 -4.44259852e-01 -2.00405359e-01
    1.66662633e-02 -2.78434485e-01 4.16426182e-01 3.22033465e-01
    -5.59003353e-01 -1.54650509e-01 2.09445059e-01 3.20817471e-01
    2.33186483e-01 -6.82056248e-02 2.78077185e-01 -7.35556483e-02
    3.27956855e-01 8.65952969e-02 2.89247274e-01 -4.25994486e-01
    2.67017782e-01 -5.55383563e-02 3.61623466e-01 -2.62715459e-01
    2.76476741e-01 1.00322783e-01 1.45523787e-01 -1.33952260e-01
    1.59273446e-01 -1.19867027e-01 2.87054121e-01 -1.64423048e-01
    3.50565314e-02 -6.31845593e-01 -3.31134200e-02 4.05851305e-01
    -3.02823752e-01 -1.48931742e-02 -1.59285724e-01 3.93443167e-01
    2.72286892e-01 -8.09874535e-02 -4.17171538e-01 3.61798406e-01
    3.08629930e-01 1.18269563e-01 4.79907215e-01 -7.36462176e-02
    3.76521081e-01 4.33261335e-01 -4.24657345e-01 2.03975976e-01
    2.88874209e-01 -3.67633343e-01 -3.04869294e-01 2.07651913e-01
    -2.17514575e-01 -1.46591246e-01 2.95445323e-01 -3.00560534e-01
    -1.45843238e-01 2.53558457e-01 -4.55372989e-01 -4.78856266e-02
    -1.88726783e-01 -7.92572796e-02 2.67749071e-01 3.97193760e-01
    2.04307497e-01 1.15519106e-01 2.97028780e-01 -3.42956513e-01
    2.75526166e-01 -8.04878473e-02 -1.99037284e-01 -3.06449622e-01
    4.12015319e-01 -1.12987250e-01 8.36778581e-02 3.04683298e-01
    -1.16903186e-01 1.51467860e-01 -4.52899039e-01 1.73876107e-01
    -1.21399313e-01 -2.47255594e-01 6.66736960e-02 -1.61750197e-01
    -3.06703061e-01 2.05416143e-01 1.40421152e-01 -5.40154696e-01
    -2.59023517e-01 -2.40625978e-01 -4.66407835e-02 -1.99068725e-01
    -3.05286527e-01 3.91761929e-01 1.69422269e-01 -1.76185042e-01
    -3.77225578e-01 4.82680410e-01 4.05517519e-02 -4.49864894e-01
    -4.84317809e-01 9.15728807e-02 -4.41670984e-01 -1.93456709e-01
    3.61699700e-01 3.20435047e-01 1.31047785e-01 1.45684063e-01
    2.71283925e-01 -3.19320410e-01 3.78451794e-01 -7.11515546e-03
    4.78996098e-01 -1.70280129e-01 3.38076174e-01 -3.26103806e-01
    -1.95585787e-01 -4.54157948e-01 2.42559314e-02 -2.96973556e-01
    1.96866274e-01 6.77832961e-02 -7.28635490e-02 4.25925851e-03
    -1.67954326e-01 1.97429240e-01 2.14627504e-01 -2.10932076e-01
    -2.00920969e-01 -1.03014708e-01 2.72016525e-01 1.67058706e-02
    -7.71254301e-03 3.70400488e-01 -1.02661848e-01 -2.33499825e-01
    4.46371555e-01 -1.89776540e-01 -2.34001815e-01 4.61854041e-01
    -6.51057661e-02 -8.06887150e-02 3.06030989e-01 -1.35403633e-01
    -2.34548271e-01 -1.06205583e-01 -2.28294194e-01 4.95851278e-01
    -2.52899796e-01 -5.56312501e-02 -3.25200319e-01 -1.22423917e-01
    -1.53686494e-01 6.62004948e-02 2.09810853e-01 -1.00041330e-01
    1.11566544e-01 1.87744677e-01 -4.03405100e-01 1.57367051e-01
    2.66664565e-01 -2.33713508e-01 3.22231293e-01 2.00373590e-01
    1.76849902e-01 3.22768092e-02 -2.53732622e-01 3.42256010e-01
    -1.60256654e-01 -4.04419750e-01 -1.44975245e-01 3.85622084e-02
    -1.56491697e-01 3.55088353e-01 -1.77944899e-01 1.59653604e-01
    2.44037509e-02 -3.85143876e-01 -4.65955764e-01 -1.47851586e-01
    -1.11897439e-01 3.28929663e-01 2.84873843e-02 -2.68422306e-01
    3.42971385e-01 -4.16873813e-01 -7.08191395e-02 8.10424089e-02
    -2.33048558e-01 4.37687337e-01 3.38471889e-01 -3.13013613e-01
    1.45545959e-01 -2.33382702e-01 -3.81991327e-01 -4.76556987e-01
    -1.33043736e-01 -3.33338976e-04 -2.63671637e-01 2.47473121e-01
    3.35253954e-01 1.73653960e-02 2.56361574e-01 4.49993759e-01
    9.10145342e-02 -1.75664753e-01 2.01235324e-01 -3.31113368e-01
    4.59393322e-01 3.99651825e-01 1.13522947e-01 1.83099985e-01
    -4.59165365e-01 1.14855945e-01 -3.22319895e-01 -4.81601417e-01
    4.71158385e-01 2.45496631e-01 8.40966702e-02 4.11945462e-01
    -9.41709578e-02 -1.51328415e-01 2.93812573e-01 -5.63134313e-01
    2.33192623e-01 1.94625318e-01 -3.35455358e-01 -5.64510345e-01
    -1.40024364e-01 2.90479928e-01 -1.94891363e-01 -1.22707486e-01
    4.82019126e-01 1.71183050e-01 -4.59440440e-01 1.08828247e-01
    4.01855588e-01 -1.31269127e-01 -1.12678170e-01 3.46130788e-01
    -2.64197230e-01 4.34001267e-01 -6.19274974e-02 3.43859076e-01
    3.23154122e-01 -3.57371032e-01 -2.96071291e-01 -5.48417032e-01
    3.01698744e-01 3.30258667e-01 -6.06060386e-01 -2.92183936e-01
    3.94072592e-01 1.03293836e-01 2.47762024e-01 -2.28967607e-01
    -8.53946805e-02 3.54386926e-01 -2.95107365e-01 6.44026995e-02
    3.09174180e-01 -5.31937718e-01 -1.33455753e-01 -4.96055275e-01
    -6.32265806e-02 -5.30343294e-01 2.06510067e-01 1.76805854e-02
    -4.03345644e-01 -1.13483161e-01 -2.06136167e-01 -5.57196319e-01
    -4.04039472e-01 3.88633072e-01 -1.74700618e-02 1.51156127e-01
    2.08375812e-01 -1.80150807e-01 -9.35655832e-03 -3.94726843e-01
    6.21238351e-02 3.34441721e-01 3.28278184e-01 2.25016057e-01
    1.12032652e-01 3.50384116e-01 -2.63663948e-01 2.13284284e-01
    -1.65221244e-01 -2.65129924e-01 2.08048105e-01 3.55910361e-02
    -1.98948503e-01 -5.17285943e-01 8.47644806e-02 -2.23046124e-01
    -4.71172929e-02 -1.07303143e-01 -3.15996349e-01 -5.05400538e-01
    -2.66243726e-01 -4.79791760e-01 -1.04732633e-01 -2.04272956e-01
    2.68101811e-01 3.14691067e-01 -2.28093892e-01 2.74992347e-01
    3.08614671e-01 1.06662631e-01 -4.50819194e-01 -2.16728449e-01
    -3.08813930e-01 1.86822772e-01 1.66637659e-01 -2.57679224e-01
    4.75570470e-01 -3.77783239e-01 2.19687045e-01 -2.10541129e-01
    -9.07710195e-02 -3.29259574e-01 -9.48008895e-02 -5.88327646e-01
    3.15964460e-01 1.80244446e-02 1.20996654e-01 -2.48869658e-02
    8.49602818e-02 9.08996165e-02 -1.20291144e-01 -3.87022316e-01
    3.98904353e-01 1.89849138e-01 8.47871304e-02 3.41209173e-02
    3.10914278e-01 8.56170058e-02 -2.83313990e-01 -8.06187093e-02
    -1.29981220e-01 2.36798525e-01 7.06289411e-02 6.99759722e-02
    3.47108245e-02 9.24051404e-02 -1.01170778e-01 -3.19089413e-01
    -1.07351422e-01 -2.39895582e-01 1.68688387e-01 1.87584519e-01
    1.65754616e-01 -3.92388105e-01 -1.81396544e-01 -2.53558815e-01
    1.72657192e-01 -1.06342971e-01 -3.73992234e-01 -2.88448930e-02
    5.09575605e-02 -5.70338368e-01 1.68669581e-01 2.15914667e-01
    -3.98510098e-02 -4.69973147e-01 2.83773541e-01 -3.44083011e-01
    3.87789190e-01 -4.38051343e-01 -1.49082094e-01 1.17683560e-01
    5.16368330e-01 3.70821893e-01 3.50089431e-01 2.02956289e-01
    -3.54148358e-01 -2.18002319e-01 -2.81665742e-01 1.27297997e-01
    4.43929464e-01 -2.64126569e-01 -4.15261865e-01 -1.99454129e-01
    -4.35608178e-01 -4.25278574e-01 -3.42402607e-01 -4.61085141e-02
    3.57158601e-01 -1.82401687e-01 -1.70370758e-01 9.76590514e-02
    4.83977288e-01 6.83515668e-02 -1.83236599e-01 -5.06186247e-01
    8.12679529e-03 -1.62994325e-01 4.50437188e-01 9.91539359e-02
    -5.03232598e-01 3.59925628e-02 3.96705598e-01 -2.94527352e-01
    5.84329963e-01 -3.04843664e-01 6.91854954e-02 2.73688108e-01
    -4.25698161e-02 -1.60046101e-01 -4.79798496e-01 -1.98638439e-02
    4.00660276e-01 -1.34690732e-01 -1.48263037e-01 -3.17796558e-01
    -4.67543006e-01 -3.58122587e-03 -1.04935050e-01 -5.22274911e-01
    -2.16933131e-01 -4.59205508e-01 -3.15797478e-01 4.07754153e-01
    -2.63345182e-01 -3.00944716e-01 -3.23536903e-01 3.52095336e-01
    -5.29444516e-02 2.60138690e-01 3.80722940e-01 3.04894924e-01
    1.91183358e-01 8.16785097e-02 4.41869617e-01 1.16285205e-01
    -4.19297129e-01 2.34220386e-01 -5.00902414e-01 -3.71843725e-01
    4.22823250e-01 3.43877614e-01 7.67201781e-02 -8.14020634e-03
    -4.36014473e-01 1.50266349e-01 -5.06985307e-01 -7.43895471e-02
    2.61614919e-01 -3.57087225e-01 4.42278117e-01 -2.00384110e-01
    3.46220493e-01 -5.59226871e-02 -1.24985874e-02 4.24089134e-01
    -2.43963540e-01 -4.47159916e-01 -2.06461549e-03 -3.75707209e-01
    2.02289432e-01 8.07883739e-02 3.10849249e-01 2.88252890e-01
    -4.50385243e-01 3.00656021e-01 -2.81516641e-01 -3.95902008e-01
    -1.26118004e-01 3.83646488e-01 -5.01304030e-01 -1.77569330e-01
    -4.59074110e-01 -3.85253131e-01 6.56241179e-03 -2.69921362e-01
    1.27023101e-01 5.30537963e-03 -1.63065970e-01 -2.92290241e-01
    -5.87170601e-01 2.15951979e-01 5.65860271e-02 -6.21407628e-02
    -2.83879042e-02 2.05275029e-01 -7.43874013e-02 -2.38421828e-01
    2.42658705e-01 6.48599267e-02 -1.39393210e-02 -4.77176785e-01
    3.07579279e-01 5.13735414e-02 -6.63623571e-01 1.66605532e-01
    -1.13928378e-01 -7.84036815e-02 -2.32384831e-01 6.55016303e-02
    -4.09483016e-01 4.96418864e-01 4.55385447e-03 -1.53081357e-01
    -2.73924053e-01 2.54590154e-01 -1.31442189e-01 2.59800017e-01
    -4.05014813e-01 -3.71171415e-01 -4.08026367e-01 1.63386226e-01
    -3.98718119e-01 1.08925521e-01 -4.34781253e-01 3.50426316e-01
    3.95439327e-01 -2.08336592e-01 -4.94559407e-02 -8.40134919e-02
    1.33778393e-01 -1.19156510e-01 -4.88418937e-01 1.16466403e-01
    -1.97285682e-01 2.69078553e-01 1.69055045e-01 8.84827375e-02
    -5.51650882e-01 -6.93812668e-02 -1.49370402e-01 -5.11882484e-01
    -1.65233701e-01 -3.43853742e-01 3.48238111e-01 2.50829637e-01
    -3.70588988e-01 1.61865950e-02 -6.72518373e-01 3.16155493e-01
    -1.17380917e-01 2.41605043e-01 2.47725010e-01 -3.07532340e-01
    2.19705999e-01 -4.43095207e-01 -7.89393783e-02 -4.06918705e-01
    -3.35053504e-02 -2.70476133e-01 -5.79450428e-02 3.31057310e-01
    1.40754402e-01 3.70427132e-01 -3.52240622e-01 1.48280919e-01
    7.48540759e-02 -9.82698500e-02 2.41260231e-01 1.65036798e-01
    -3.36597264e-01 1.18821025e-01 -2.09525883e-01 -3.38474363e-01
    -7.59349465e-02 -3.74747276e-01 -6.52427077e-02 1.66320264e-01
    2.57659316e-01 7.64333606e-02 1.51856124e-01 2.04121619e-01
    -5.11860549e-02 -3.85714769e-01 7.09460080e-02 -2.60698229e-01
    8.51088762e-02 1.14518821e-01 -9.82726812e-02 2.35153198e-01
    -4.61872280e-01 1.34871423e-01 -4.38772172e-01 1.44895315e-01
    -1.63388789e-01 -1.74884915e-01 -2.05081254e-01 -3.54755551e-01
    -3.75026047e-01 2.54071057e-02 -4.20408666e-01 1.24144971e-01
    -4.83202070e-01 -4.46752906e-02 -3.79314423e-02 -3.43903303e-02
    -5.01130700e-01 1.36655509e-01 2.17531621e-01 -2.84988731e-01
    7.13176131e-02 -5.61763346e-02 2.37055421e-02 2.47961968e-01
    -1.64923221e-01 -2.75324166e-01 5.03234982e-01 -4.06222880e-01
    -3.69411469e-01 2.79842675e-01 -3.50196570e-01 4.10207450e-01
    2.50206888e-01 -2.11821496e-02 -9.07600522e-02 -4.46453869e-01
    4.59303796e-01 -2.03268528e-02 -6.12662971e-01 -3.05652052e-01
    4.42147255e-03 -4.14969981e-01 -3.77424002e-01 -4.75916564e-02
    2.93886602e-01 3.93419921e-01 -4.85214561e-01 -3.52188647e-01
    1.15754664e-01 8.88391733e-02 -4.58748847e-01 1.98391318e-01
    -2.94727027e-01 -2.03813761e-01 -3.10225248e-01 -1.00390673e-01
    -5.52378893e-02 -4.76997346e-01 1.06843024e-01 5.26940942e-01
    5.15888691e-01 4.78698909e-02 -4.51213330e-01 3.26328576e-01
    -5.13059258e-01 -9.18582082e-02 3.58416259e-01 -9.94663239e-02
    -1.02901012e-01 -3.86691988e-02 -5.20472527e-01 3.66881847e-01
    6.32716417e-02 -1.17216796e-01 -1.66195631e-01 1.75302267e-01
    -1.96509957e-02 4.34011579e-01 3.46290648e-01 1.89742446e-03
    -2.25922018e-01 -8.44700933e-02 1.50363803e-01 -1.95584714e-01
    -6.37114048e-02 -3.32643688e-01 -3.12664837e-01 2.78127491e-01
    2.30664372e-01 2.51433671e-01 -9.13960338e-02 9.33843851e-02
    2.02311754e-01 -1.91858411e-02 7.34062195e-02 -2.95246363e-01
    5.15735805e-01 1.46752119e-01 -3.61400247e-02 3.98828387e-01
    1.00413084e-01 2.31448114e-01 -3.78951043e-01 -4.31378007e-01
    2.53772855e-01 -5.33190906e-01 3.67313802e-01 -3.36958200e-01
    -3.14277112e-01 -3.77072752e-01 -3.96930277e-02 -1.60593033e-01
    -1.34276122e-01 9.14252996e-02 -2.52624094e-01 -3.38523388e-01
    -1.73819155e-01 3.74782622e-01 -2.95445085e-01 -3.72591913e-01
    -5.23721278e-01 -3.26382160e-01 5.31439781e-02 -1.57131553e-02
    9.97861028e-02 1.38049126e-01 4.95833516e-01 2.72194862e-01
    -9.41911638e-02 5.34601152e-01 -2.95007706e-01 -4.08459991e-01
    1.23164624e-01 -1.57481700e-01 4.28782910e-01 -3.02218109e-01
    -4.27565277e-01 -4.44236875e-01 -1.36504024e-01 3.32100451e-01
    -5.30981481e-01 -6.17888868e-02 -3.58607024e-01 -3.80983889e-01
    1.63313538e-01 -3.30010980e-01 2.43720472e-01 -6.47893548e-02
    1.11204982e-01 3.44703853e-01 -1.84241980e-01 -3.92485499e-01
    -5.18058538e-01 3.32536161e-01 5.53661287e-02 1.87302351e-01
    -4.55729961e-02 2.68804789e-01 2.91194022e-01 3.51016521e-01
    3.81065428e-01 -3.77167195e-01 -4.75678504e-01 -4.24858928e-01
    -3.73813510e-02 -3.49284053e-01 -3.18760872e-01 1.11490488e-02
    3.60456884e-01 3.06321263e-01 -5.45712590e-01 3.43124449e-01
    -2.44633138e-01 2.35775054e-01 -1.15396082e-01 4.28604722e-01
    -4.60204780e-01 3.98141950e-01 -1.89095169e-01 -1.86710596e-01
    2.69785970e-01 4.76231694e-01 4.38092351e-01 -4.83990252e-01
    3.74006033e-02 3.54549468e-01 -3.20510030e-01 8.27478766e-02
    2.24951625e-01 -1.35726839e-01 8.96246433e-02 -7.74411559e-02
    2.82268763e-01 3.57740045e-01 2.91125357e-01 2.86689073e-01
    3.48262966e-01 -1.99865043e-01 2.44554281e-01 -6.14657700e-02
    -1.14530951e-01 -1.75413042e-01 2.20521569e-01 8.63035917e-02
    -6.29636347e-02 2.09406078e-01 3.77105117e-01 1.02932751e-01
    -3.76479924e-02 -4.56293195e-01 1.23639643e-01 -1.83639526e-02
    -5.65630794e-01 -5.99465251e-01 3.03838193e-01 -1.50983751e-01
    2.30877221e-01 -5.20136476e-01 -5.15373945e-02 -4.21557724e-01
    -1.62941575e-01 -1.52585149e-01 -6.84820414e-02 5.62849283e-01
    2.91677564e-01 4.71537113e-02 -2.58830607e-01 1.98261082e-01
    -3.02391768e-01 -2.17388302e-01 -3.12294453e-01 1.35413766e-01
    5.31047583e-03 1.37635767e-01 3.41292679e-01 -7.14558363e-02
    2.26722956e-02 -5.14813304e-01 1.94831610e-01 4.51743603e-03
    1.72153115e-01 1.22949243e-01 1.08980119e-01 -2.50517517e-01
    2.04266131e-01 -3.58614892e-01 -2.93496251e-02 -3.38122010e-01
    -2.81758279e-01 -3.62140447e-01 -2.22208679e-01 -3.59422803e-01
    8.93581510e-02 3.84226441e-01 3.87711287e-01 -3.56422186e-01
    3.20855975e-01 2.43498623e-01 3.33927035e-01 1.80359125e-01
    -2.26801634e-01 -3.78586382e-01 3.69846553e-01 2.24509567e-01
    -2.07815975e-01 -2.11235881e-03 1.54098213e-01 2.73657322e-01
    1.10471666e-01 2.69764364e-01 2.51641750e-01 1.23472691e-01
    3.24843287e-01 -4.57675517e-01 -5.58400154e-02 -5.97740412e-02
    3.65433812e-01 3.00638676e-01 3.47863436e-02 4.88343358e-01
    3.52090538e-01 -4.68109190e-01 -3.94621134e-01 -1.42449141e-02
    -1.71441376e-01 2.42263824e-01 -2.99867779e-01 -3.53798926e-01
    -1.81282341e-01 3.00951004e-02 -1.88257575e-01 -9.72700119e-02
    1.89111024e-01 -1.13085061e-01 -4.72953618e-02 -1.07243359e-01
    -1.67448401e-01 -1.08723342e-01 3.03204060e-01 -3.27011645e-01
    4.21453685e-01 -2.36110061e-01 4.44490075e-01 -2.96423048e-01
    4.44182575e-01 -4.95124191e-01 -1.96543545e-01 -4.35259551e-01
    -4.23192173e-01 4.88783866e-01 1.74812019e-01 1.80460870e-01
    2.06000894e-01 -4.11433280e-01 2.87039220e-01 -1.42181277e-01
    6.14165068e-02 -4.63212401e-01 -1.29705936e-01 3.52246732e-01
    5.15307784e-02 -3.78032207e-01 5.40925860e-02 -3.83050591e-01
    1.81835532e-01 -2.46053934e-01 5.21547794e-02 3.62241566e-01
    4.10376191e-01 2.55862892e-01 -4.13619161e-01 -3.61510187e-01
    -4.42660958e-01 1.51910305e-01 -8.45850110e-02 6.10421956e-01
    -2.50691235e-01 1.69452637e-01 1.03535056e-01 3.64089966e-01
    -1.31790757e-01 -4.42745477e-01 -2.77866304e-01 1.89154863e-01
    -8.83339047e-02 -6.28412247e-01 -2.58231997e-01 2.03757167e-01
    -3.61341000e-01 4.33601141e-02 -2.52905518e-01 2.06703722e-01
    -6.29988313e-02 -2.87016511e-01 -2.15642273e-01 3.95260453e-02
    -1.58797503e-01 -1.06941223e-01 -1.00256205e-02 4.72636223e-02
    2.47637510e-01 -1.88709617e-01 -3.99020523e-01 -4.48993981e-01
    -4.30874109e-01 2.06229806e-01 -5.20750582e-02 3.81171703e-03
    3.68141532e-01 2.82578826e-01 2.59062469e-01 3.50628018e-01
    -4.19599950e-01 2.27450728e-01 -3.65261853e-01 2.64857709e-01
    2.51089633e-01 -5.07375300e-02 3.44187319e-01 4.55334306e-01
    -1.10322446e-01 -3.63050699e-01 -3.48053277e-01 -4.52818215e-01
    -4.19155926e-01 -8.86192918e-02 -4.73738194e-01 -1.95862114e-01
    -1.67859375e-01 -8.65810513e-02 4.81854081e-02 -2.08254606e-01
    5.91812015e-01 -1.60345465e-01 -2.13109702e-01 4.40342039e-01
    2.16897279e-01 3.13175678e-01 -2.83967495e-01 7.49332905e-02
    -1.35173351e-01 -5.21070898e-01 1.91290498e-01 -1.40681446e-01
    2.51054287e-01 -3.50314409e-01 2.43344307e-01 -2.81702131e-01
    1.26658976e-01 -2.30186552e-01 2.42478579e-01 -5.05238354e-01
    2.35593081e-01 -3.38885874e-01 -2.51357377e-01 8.03323388e-02
    3.44816446e-02 -3.32259834e-01 -3.33043188e-01 -3.00185025e-01
    4.96973544e-01 -6.04552329e-02 -2.33997226e-01 1.31456912e-01
    3.05809498e-01 2.90897965e-01 1.63224638e-01 1.24326587e-01
    -1.59061939e-01 -2.36686379e-01 4.96471167e-01 -4.10111547e-01
    -2.90862560e-01 7.42713213e-02 -1.13204092e-01 -5.22650003e-01
    -2.94579059e-01 -1.19350612e-01 -3.02957565e-01 -1.79411054e-01
    5.32897711e-02 1.58512354e-01 -4.55746025e-01 7.27635026e-02
    3.33752751e-01 6.46575093e-02 -4.43665981e-02 -2.92164385e-01
    -4.97685045e-01 -3.80849093e-01 -4.43911791e-01 -4.76545215e-01
    9.78056788e-02 -2.64901578e-01 -5.00160933e-01 1.69801772e-01
    -6.68825507e-02 2.36268044e-01 -1.91083193e-01 -1.59723163e-01
    -5.91704130e-01 -4.37075824e-01 4.69305933e-01 2.43072033e-01
    -1.92539424e-01 1.15225643e-01 -1.76830500e-01 -1.04054004e-01
    2.12539017e-01 2.77714908e-01 2.00211048e-01 -3.49817663e-01
    2.15624630e-01 -2.00610787e-01 -3.86456847e-02 2.40205795e-01
    3.80783170e-01 -3.62615585e-02 -1.66830570e-01 -1.60202861e-01
    4.62452233e-01 -1.52077466e-01 9.31024551e-03 -3.48224044e-01
    1.81081057e-01 -4.68739599e-01 2.49087155e-01 -1.26935542e-02
    -3.40127438e-01 -1.84913039e-01 -3.15686107e-01 1.56859756e-01
    -4.96663868e-01 3.37632716e-01 -3.09773564e-01 -1.66873217e-01
    -2.92807341e-01 3.89072120e-01 9.52275991e-02 -2.23565489e-01
    -3.42159003e-01 -4.42236125e-01 2.40241706e-01 -3.55955809e-01
    8.68933201e-02 2.28560239e-01 -1.51532590e-02 -4.39325035e-01
    -4.24238205e-01 3.31619859e-01 -8.95283818e-02 3.31157267e-01
    -5.05666733e-01 -3.60941380e-01 3.89230669e-01 7.04569221e-02
    -2.13223279e-01 -3.22045684e-02 4.21164870e-01 -1.99004382e-01
    -4.29009289e-01 -6.32370412e-02 1.54094458e-01 -4.82022107e-01
    -5.94863772e-01 3.33326161e-01 -1.68348700e-01 -5.33662438e-02
    -8.69763494e-02 -3.14727932e-01 1.86273456e-01 -4.28715765e-01
    2.31663346e-01 -4.95254517e-01 -5.65070033e-01 -9.17829573e-02
    2.11132944e-01 -3.57987106e-01 3.09945643e-01 4.35828060e-01
    -2.31510192e-01 -4.86703515e-02 2.27807581e-01 -3.52218211e-01
    -1.84243500e-01 5.68141103e-01 -2.31824160e-01 4.02549267e-01
    6.45933151e-02 3.35739911e-01 1.41070187e-02 3.10791850e-01
    3.81469011e-01 1.99681699e-01 -3.85997355e-01 3.30294967e-02
    -4.00139689e-02 -2.97010481e-01 -1.45932257e-01 1.91911131e-01
    1.13686413e-01 -3.73335928e-01 3.45595598e-01 -9.86450315e-02
    3.00728232e-01 3.05455446e-01 3.21721911e-01 -4.78987515e-01
    -2.75010794e-01 2.52931714e-01 -3.85650039e-01 -3.91281247e-02
    -2.67750591e-01 7.51099586e-02 4.33753639e-01 3.19650233e-01
    -3.08659017e-01 2.52024531e-01 -3.20354402e-01 -3.75878930e-01
    -2.79063404e-01 -1.89163178e-01 -1.80941582e-01 3.41385603e-01
    -9.19625461e-02 -4.83938932e-01 -3.92836958e-01 -2.70913899e-01
    -2.24792391e-01 3.42624307e-01 6.14448488e-02 5.46184182e-02
    6.25191212e-01 2.64935583e-01 4.17223454e-01 -4.58681732e-01
    4.20494556e-01 2.06243336e-01 1.72572076e-01 1.11472905e-01
    4.76037264e-02 3.34103405e-01 1.30906284e-01 -1.80356979e-01
    -2.24620581e-01 2.86380410e-01 -2.21688211e-01 -3.48711938e-01
    -3.05160284e-02 -5.25946975e-01 3.40176821e-01 1.41038299e-02
    2.50886679e-01 -2.80780256e-01 -8.60785246e-02 3.24332237e-01
    2.91328311e-01 3.19291234e-01 -4.43344653e-01 3.36504579e-02
    3.65287483e-01 -3.40921104e-01 -1.97234213e-01 2.63000369e-01
    -6.33183122e-02 -2.26225078e-01 -4.26589489e-01 -1.95045471e-01
    1.27405405e-01 -2.13742971e-01 3.53504181e-01 4.22812700e-01
    -2.93659866e-01 5.51897883e-02 -4.86510277e-01 -4.30809081e-01
    1.12376869e-01 3.71747077e-01 -4.35811400e-01 -4.49100703e-01
    2.78631389e-01 -4.32628661e-01 -4.42377478e-01 5.14922619e-01
    4.19568181e-01 1.12669766e-01 -1.51005119e-01 -1.42013907e-01
    -4.09112394e-01 -4.08426702e-01 -2.22021997e-01 1.27310514e-01
    1.46615744e-01 -5.28776646e-02 -7.67210722e-02 -2.32508987e-01
    2.32468635e-01 3.06080759e-01 2.13646531e-01 2.92566419e-01
    1.93954587e-01 -2.53902763e-01 1.99668825e-01 3.07432115e-02
    4.24158573e-02 -1.67673826e-01 -1.00470841e-01 -2.85541415e-01
    -9.84935164e-02 -1.40368819e-01 -2.89611816e-02 8.74067545e-02
    4.17743146e-01 2.13947773e-01 -5.08624613e-02 6.47953749e-02
    5.00131249e-01 -4.04159874e-01 -6.17547631e-02 -6.30047321e-02
    -7.18696415e-02 -4.77596313e-01 -8.60294104e-02 1.11106515e-01
    -2.23534107e-02 -1.54228777e-01 -3.34232479e-01 -3.14892054e-01
    1.95271313e-01 -4.46850359e-02 4.41932827e-01 3.60390544e-02
    -2.59347856e-01 -4.45703864e-01 1.80128992e-01 3.78919363e-01
    -1.30971372e-01 3.79955947e-01 -3.10909033e-01 6.47528768e-02
    -4.79933828e-01 3.49976599e-01 -5.25910616e-01 -2.67958641e-03
    1.37910724e-01 -2.90909529e-01 -2.82997221e-01 2.16918290e-01
    -1.71671510e-02 -2.49321193e-01 -1.53516471e-01 4.02705193e-01
    -2.81347752e-01 2.35172808e-01 1.14952326e-02 1.00724757e-01
    1.15893245e-01 2.82247543e-01 -3.99946272e-01 -1.53707922e-01
    -4.32259649e-01 3.11923802e-01 -3.07447135e-01 3.98686349e-01
    2.03278899e-01 3.07950437e-01 -2.75022984e-01 -1.05399877e-01
    4.02331173e-01 -4.18235540e-01 -1.21913493e-01 -4.42611754e-01
    2.39159703e-01 -4.38306719e-01 -3.31692308e-01 -4.72594947e-01
    1.54499859e-01 -3.47378582e-01 -8.43008161e-02 1.33491457e-01
    2.72293091e-02 -3.42757344e-01 2.53274024e-01 -2.80734181e-01
    -9.90671813e-02 -2.99828589e-01 2.43090749e-01 3.77548695e-01
    -5.03394127e-01 -1.47198677e-01 2.16383964e-01 2.66299903e-01
    -5.79981446e-01 2.10004687e-01 -5.82819462e-01 -8.89682770e-03
    4.00569022e-01 5.62562346e-02 -2.74824321e-01 3.17083478e-01
    3.67820263e-01 -1.28943354e-01 8.57706368e-02 -9.08620059e-02
    -5.21887422e-01 2.48009801e-01 -2.74667442e-01 1.17592752e-01
    -3.03371251e-01 -4.16323006e-01 -2.87477970e-02 -4.66281652e-01
    3.32778096e-02 -1.17433667e-01 -1.25416309e-01 -4.49768245e-01
    -3.62785459e-02 -1.62691981e-01 1.89983755e-01 1.89047158e-01
    -3.43876511e-01 1.73457205e-01 3.04452896e-01 2.28731394e-01
    1.67440236e-01 -4.31796759e-01 -1.12150908e-01 4.02889401e-01
    2.04220355e-01 -2.13980913e-01 -2.03348845e-01 1.36402607e-01
    -2.65630394e-01 -7.49759674e-02 4.16232824e-01 -1.93780780e-01
    1.00131840e-01 -3.82583439e-02 5.19604802e-01 -3.83874476e-01
    -2.61656046e-02 -8.75093639e-02 -6.21159971e-02 -3.70993108e-01
    -2.87239552e-01 -4.52524722e-01 -4.36418056e-01 1.79488480e-01
    -3.08331698e-01 3.42736304e-01 1.34498894e-01 -8.33570957e-04
    -4.21807855e-01 -4.55252945e-01 -4.29408401e-01 -2.05891222e-01
    4.34827685e-01 -6.06074929e-02 1.19044513e-01 -4.80514288e-01
    7.74497986e-02 3.99562478e-01 -9.08032060e-02 -3.38577837e-01
    -1.10089779e-04 3.66853178e-01 2.78137922e-02 2.08089530e-01
    2.51171917e-01 -4.17237937e-01 -3.27633351e-01 -3.65082055e-01
    4.13990319e-01 -9.97794569e-02 3.20465565e-02 2.35068679e-01
    1.24917805e-01 3.44898224e-01 -5.72969556e-01 1.82913303e-01
    4.20233905e-01 -3.36680174e-01 -3.19850534e-01 2.21189499e-01
    4.01523471e-01 -1.98181570e-01 5.36428452e-01 -2.72274286e-01
    -1.00498408e-01 -5.94090819e-02 -4.63386327e-01 4.39296544e-01
    7.03241825e-02 -2.82846570e-01 1.82538331e-01 -2.71502107e-01
    -5.39897680e-02 -9.50432122e-02 3.07420969e-01 -1.42767876e-01
    -3.84872615e-01 1.56429797e-01 -2.28323549e-01 -2.53974497e-02
    5.14841914e-01 1.46981597e-01 1.52230799e-01 2.43738502e-01
    -4.09471005e-01 3.36646497e-01 -2.63641000e-01 -5.82453966e-01
    2.90698767e-01 2.32770979e-01 -8.37035179e-02 -2.21623957e-01
    4.59056020e-01 2.76879370e-02 -2.53646314e-01 -4.53569084e-01
    3.13251913e-01 -2.08377421e-01 3.48904729e-02 -3.10566306e-01
    4.04818118e-01 -2.55912542e-02 2.92486191e-01 -4.76467013e-01
    2.86580622e-01 -2.88642526e-01 3.08744729e-01 8.43030810e-02
    -4.00746882e-01 -1.47271752e-01 2.02593625e-01 4.15091276e-01
    3.38691294e-01 3.61894965e-01 1.57886803e-01 -4.29086357e-01
    -5.45856357e-02 -2.33020961e-01 -1.44468874e-01 -1.00933641e-01
    1.50437474e-01 -1.10713184e-01 -1.49913341e-01 -6.26509488e-02
    -3.13510865e-01 -2.78011769e-01 3.98614168e-01 -1.40606731e-01
    -1.66811526e-01 4.58362758e-01 2.03651845e-01 -1.76662922e-01
    1.89284146e-01 1.80756450e-01 -1.17179453e-01 -2.41625845e-01
    -3.91567230e-01 5.67996979e-01 5.00644207e-01 -3.56336355e-01
    1.90800428e-01 -1.33558899e-01 -7.62954056e-02 -4.62275267e-01
    2.04468101e-01 -3.01776558e-01 3.40129733e-02 -1.12736464e-01
    1.20470315e-01 -8.47687423e-02 -2.61066943e-01 -1.72982454e-01
    -4.99100298e-01 -5.82094789e-02 1.67289972e-02 -1.03556216e-01
    -5.02178669e-01 -2.08895683e-01 2.98934042e-01 1.27772689e-02
    -1.07434571e-01 2.96539664e-01 4.07252908e-02 -1.57995880e-01
    -4.09470588e-01 5.13457119e-01 -3.25673044e-01 1.09121263e-01
    3.43165576e-01 -3.58541816e-01 3.29101264e-01 -4.61815596e-01
    -5.53655028e-02 8.92376900e-03 -2.29072392e-01 -1.80349350e-01
    2.46581912e-01 -7.04026818e-02 1.93736970e-01 -8.58553052e-02
    -6.57966137e-02 3.22774589e-01 -2.21329182e-01 3.74489427e-01
    -5.27834356e-01 -8.58922601e-02 1.96655810e-01 3.15526783e-01
    -5.78973830e-01 3.33171308e-01 4.04836863e-01 -1.82904184e-01
    -4.88927156e-01 -3.52761805e-01 -5.21611750e-01 1.26336217e-01
    -4.66419280e-01 -2.06318527e-01 1.16713047e-01 -3.56686980e-01
    1.56367302e-01 2.82464623e-02 3.08930874e-04 -2.56620467e-01
    3.22509408e-02 -1.40965998e-01 1.16701543e-01 -2.07846403e-01
    2.44939148e-01 -4.61817116e-01 -2.42282748e-02 1.31602407e-01
    -4.57778066e-01 1.31978989e-01 -1.11524463e-01 3.70871782e-01
    2.53823698e-01 -4.95723039e-01 -4.11510766e-02 4.28229451e-01
    -1.89583480e-01 -1.65921807e-01 2.66123772e-01 -3.93660426e-01
    -2.96583652e-01 -5.03501654e-01 2.22650170e-01 3.68511558e-01
    3.02432060e-01 3.40650201e-01 7.47355223e-02 3.12436163e-01
    -2.20214963e-01 -1.88035905e-01 -3.18868995e-01 3.07469964e-01
    2.87195086e-01 -3.72103482e-01 3.41437161e-01 2.05904484e-01
    6.71726465e-02 -3.80303025e-01 -1.28554732e-01 -1.25960588e-01
    1.53633952e-01 -2.57076919e-01 4.59678471e-01 4.04658079e-01
    3.93074065e-01 -1.78715557e-01 2.33203441e-01 1.29167497e-01
    -9.23514366e-02 -4.13479537e-01 -2.65221596e-02 2.90582538e-01
    -3.28127474e-01 -3.85583043e-02 9.81233716e-02 -4.66811717e-01
    -3.46764922e-02 8.20853710e-02 -3.78824830e-01 -2.32269585e-01
    1.80021226e-01 3.11765432e-01 2.79280484e-01 -4.91426587e-01
    -2.40759552e-01 4.26518619e-02 -2.81209797e-01 1.26238525e-01
    -7.97736645e-03 5.14955521e-01 -1.69189274e-01 -1.47667974e-01
    -2.85742521e-01 -2.78602272e-01 -4.42066193e-02 2.15814650e-01
    -4.18377876e-01 1.44075871e-01 -1.08361930e-01 1.11125708e-01
    3.89533579e-01 3.85847300e-01 5.57593167e-01 2.73686349e-02
    -2.40302652e-01 2.49893874e-01 -3.70270610e-01 -4.71011400e-02
    -5.35617113e-01 2.87960351e-01 -5.30865550e-01 -3.90255928e-01
    1.82628512e-01 -4.11086351e-01 3.15295041e-01 1.91150188e-01
    -2.42386103e-01 -4.46367323e-01 -1.60790116e-01 1.07775122e-01
    -2.52895772e-01 4.40674543e-01 2.67194390e-01 -1.49847180e-01
    8.13912749e-02 -2.57298231e-01 -4.32386309e-01 2.78102905e-01
    -3.50845128e-01 -2.10471570e-01 -7.98976421e-02 7.43341446e-03
    -6.31213486e-02 -2.14299917e-01 -2.46275038e-01 2.99414605e-01
    -2.10180521e-01 -2.48723567e-01 -3.72479796e-01 -3.08263779e-01
    4.16050553e-01 7.43286610e-02 -1.97836757e-01 -2.56789744e-01
    -2.15491295e-01 -4.68793243e-01 3.89874339e-01 1.01069391e-01
    3.08539867e-02 4.84318048e-01 -5.03024638e-01 1.64979458e-01
    4.75751191e-01 -3.95695448e-01 -3.64284992e-01 3.33973467e-02
    -5.07221639e-01 4.74524736e-01 -6.51997924e-02 -4.78298753e-01
    2.11872756e-01 -4.97617722e-02 1.41250312e-01 -3.23060125e-01
    -3.92539382e-01 -1.18071854e-01 -6.85476065e-02 7.25307763e-02
    1.72600508e-01 3.17032754e-01 -4.54670310e-01 3.66135716e-01
    -5.14689565e-01 -2.06171811e-01 -1.30546808e-01 -2.48936743e-01
    -2.79848307e-01 2.11012065e-01 1.14930868e-01 1.85962915e-02
    -4.48605865e-01 1.80118501e-01 7.68598914e-02 -4.16565657e-01
    9.36763883e-02 1.95393443e-01 -2.00802356e-01 1.97699368e-01
    -5.39514720e-02 -3.22746485e-01 3.00573230e-01 1.89185798e-01
    2.96203762e-01 4.03957933e-01 -3.28352153e-02 9.18807387e-02
    -3.47269595e-01 -3.18581760e-01 -3.53828818e-01 3.81743699e-01
    -4.16903287e-01 -4.49114591e-01 -3.10474187e-01 -2.20439255e-01
    1.07134163e-01 -3.93966526e-01 4.61533546e-01 4.32682484e-01
    -4.70881939e-01 -2.80659884e-01 -9.90352929e-02 2.04052925e-01
    3.38630259e-01 -3.16546082e-01 3.22959840e-01 -2.28586495e-01
    -2.04798460e-01 -4.03547883e-01 -4.79560554e-01 3.39294314e-01
    -1.59237981e-02 3.97269726e-02 2.52459735e-01 -4.61337209e-01
    -4.45971400e-01 1.53692842e-01 2.48080134e-01 4.25827265e-01
    4.23592925e-01 -2.23411679e-01 8.69129896e-02 -1.32556140e-01
    -5.38582087e-01 -5.50389290e-03 3.47828805e-01 -2.37065554e-02
    -1.27685368e-01 -3.41723323e-01 -8.85223448e-02 -4.10492599e-01
    -5.83895981e-01 -2.88653553e-01 6.83217645e-02 2.17499435e-01
    4.48449075e-01 -3.98485214e-01 -1.48051262e-01 1.90810561e-01
    -4.13399071e-01 1.99484646e-01 3.09377313e-01 -1.52079284e-01
    1.10309601e-01 2.09381640e-01 -1.22325629e-01 -3.25068235e-01
    -2.57047713e-01 3.85957956e-02 6.99889064e-02 3.20570886e-01
    -1.56330109e-01 -5.22753537e-01 -4.44741935e-01 3.87033284e-01
    4.34307992e-01 4.29863274e-01 -7.89380968e-02 2.20295191e-02
    -2.27606624e-01 5.44208288e-03 -7.12168217e-03 -9.93497074e-02
    -6.08879924e-02 -1.71556473e-02 -6.63151443e-02 4.08800960e-01
    1.61381960e-01 4.04095590e-01 2.97827780e-01 -2.44288087e-01
    -3.42586040e-02 -3.11909765e-01 1.95611238e-01 -2.08528429e-01
    1.40211046e-01 7.15268850e-02 1.13066792e-01 1.00006521e-01
    -3.08190107e-01 3.72050166e-01 -5.65242171e-01 2.56277323e-02
    -2.32729316e-02 3.41950059e-02 -1.09977663e-01 2.58723557e-01
    -7.60627985e-02 4.17624831e-01 3.72884929e-01 -1.88414335e-01
    -4.50908542e-01 -4.04453695e-01 -1.74511701e-01 -1.60823047e-01
    1.97442174e-01 1.42962694e-01 -3.03312272e-01 3.47082376e-01
    5.23941517e-02 -1.46437854e-01 3.10851336e-02 -1.26042724e-01
    4.49686646e-01 -1.43181860e-01 3.98104072e-01 4.10393596e-01
    2.29070783e-02 2.54497051e-01 -4.13224399e-02 -3.36696953e-01
    -1.28180504e-01 -7.21311569e-02 -4.79548514e-01 -1.49326861e-01
    4.10055697e-01 -2.11595595e-01 -3.26583803e-01 -4.47556019e-01
    3.88472676e-01 -5.19686818e-01 -3.09177756e-01 1.65361345e-01
    1.56432450e-01 -2.79948175e-01 -1.60815716e-02 1.33608162e-01
    -9.03194845e-02 2.77373791e-02 8.47605765e-02 -3.82335454e-01
    -4.78212774e-01 4.00903940e-01 -1.11862570e-01 -4.57149446e-02
    -2.87825555e-01 -3.67579162e-01 -1.38830692e-01 -3.63877535e-01
    -1.39939249e-01 2.38536239e-01 1.41752243e-01 3.62290740e-01
    3.40830684e-01 -1.43729895e-01 -4.36144561e-01 1.30963266e-01
    -2.85830349e-01 -1.10744566e-01 -3.36992592e-01 -3.43748927e-01
    -2.54422843e-01 -6.67256415e-02 5.08065820e-02 1.02737844e-01
    2.05914021e-01 4.56556082e-01 -1.12469018e-01 1.75769687e-01
    -1.78936422e-02 -1.75623506e-01 8.65936875e-02 -1.30714864e-01
    -1.28518224e-01 4.92650837e-01 5.27349710e-02 -3.52957338e-01
    -1.29227757e-01 1.36687756e-02 -1.99477196e-01 3.75367284e-01
    1.31051838e-01 -9.34973657e-02 4.46522415e-01 2.63160765e-02
    3.48684609e-01 -3.81151557e-01 -2.55633950e-01 2.81133950e-01
    2.08491862e-01 2.03950167e-01 -2.95175672e-01 3.09908658e-01
    7.83732295e-01 2.40364075e-02 -1.05563462e-01 1.06001765e-01
    -1.72241211e-01 -5.06063700e-02 1.26925915e-01 -1.42310262e-02
    -4.36620414e-02 5.10792315e-01 -3.38841259e-01 3.98011088e-01
    -1.76872224e-01 -3.82715464e-03 -4.75806355e-01 -4.71282601e-02
    -1.10014051e-01 1.14421368e-01 -4.77949977e-02 -6.86014295e-02
    -3.95422310e-01 2.10190117e-02 8.58128071e-02 2.41870880e-02
    2.04571605e-01 1.96511030e-01 -1.56758726e-01 -4.63286668e-01
    5.38276255e-01 -6.75930679e-02 -1.06016427e-01 2.61067659e-01
    -6.82850778e-02 3.73911738e-01 -2.28225231e-01 -2.94148743e-01
    8.89259577e-02 3.47625911e-01 -3.42861742e-01 4.15738046e-01
    -3.88755620e-01 3.01663756e-01 -5.03676057e-01 -3.94615650e-01
    1.15768731e-01 1.92385733e-01 3.97685766e-02 -5.01999855e-01
    1.89219415e-01 9.24267769e-02 -3.22920978e-01 2.75373876e-01
    -1.87967330e-01 -3.99512917e-01 3.28879237e-01 -4.13022310e-01
    4.27592635e-01 -1.02377564e-01 -2.95775354e-01 -3.71035129e-01
    -3.53400588e-01 3.82200450e-01 3.26681376e-01 -3.99738699e-01
    3.27142000e-01 -1.44761264e-01 -2.01582223e-01 2.56938934e-01
    3.21885467e-01 -3.69563460e-01 2.30889410e-01 -3.79571050e-01
    1.98375285e-01 -1.53638333e-01 -4.04322833e-01 9.58023667e-02
    -4.33423460e-01 2.54355580e-01 -9.20488238e-02 4.02635098e-01
    1.90740854e-01 -2.64417738e-01 -8.36088359e-02 4.43374723e-01
    3.54779005e-01 -4.74607825e-01 -4.29271251e-01 3.43335539e-01
    4.80933130e-01 2.41633356e-01 -4.83202577e-01 2.62820601e-01
    -8.21680129e-02 5.01127243e-02 8.51130486e-02 -3.13073099e-02
    3.60098720e-01 -2.86430925e-01 3.18584144e-01 -1.88396931e-01
    -4.57290858e-01 4.02434707e-01 2.30834901e-01 1.11201286e-01
    2.76105285e-01 3.79767597e-01 2.63674498e-01 -5.93250394e-02
    3.06905150e-01 -1.99584782e-01 3.34178925e-01 2.20787048e-01
    -1.23707235e-01 1.67266726e-01 1.33437693e-01 -4.12204981e-01
    3.72209668e-01 3.66641819e-01 -1.45188898e-01 6.92436099e-02
    -3.33336741e-01 1.40018761e-01 -4.94015515e-02 -2.24505663e-01
    -4.15449917e-01 3.77997339e-01 4.73276258e-01 -4.62473810e-01
    -3.49499375e-01 1.45600557e-01 4.14452493e-01 3.75324488e-03
    1.07000053e-01 3.89267623e-01 -4.54312623e-01 6.97401166e-02
    -2.48613358e-02 -1.25001281e-01 3.94206047e-02 3.99174094e-02
    2.37774968e-01 -4.22445178e-01 -1.58918619e-01 -2.21144468e-01
    2.74607420e-01 -5.25727272e-02 2.83708572e-02 2.14934587e-01
    -2.60822177e-01 2.45104432e-02 3.33976388e-01 -3.99032146e-01
    3.48745942e-01 -1.11894667e-01 -3.49716038e-01 -5.57125211e-02
    3.04938555e-02 9.25508142e-02 3.65595639e-01 -6.15695179e-01
    1.72537982e-01 3.50432038e-01 3.94159555e-02 -3.65886748e-01
    -2.33137816e-01 -2.40414500e-01 -2.42810190e-01 -1.79992557e-01
    2.42342889e-01 -5.43264031e-01 -1.94277525e-01 2.26692677e-01
    1.75375283e-01 2.37151146e-01 -4.03778881e-01 -1.06232047e-01
    -1.25392556e-01 -5.17207801e-01 1.81762040e-01 2.04892516e-01
    1.28675103e-02 2.02752650e-01 -2.41189003e-01 -5.42522788e-01
    -4.07018423e-01 -3.49526405e-01 4.06074524e-02 -1.16549999e-01
    2.74800420e-01 -6.80804253e-02 -4.61077362e-01 4.49008167e-01
    3.14896882e-01 -4.97086704e-01 -4.28449839e-01 2.85201609e-01
    3.30387950e-01 -1.74863935e-01 -2.99652815e-02 3.68218958e-01
    -2.37810045e-01 2.29397953e-01 -2.69128710e-01 -5.79389334e-02
    1.90237254e-01 6.06006384e-03 3.80159408e-01 6.02608025e-02
    2.16154426e-01 2.63014495e-01 1.19110346e-02 1.25604510e-01
    4.11099255e-01 3.15088272e-01 2.16511905e-01 -3.93980980e-01
    -3.80466789e-01 -1.04249388e-01 -5.22184610e-01 1.94480836e-01
    -4.81167823e-01 4.02236521e-01 -2.37452984e-01 -2.41550922e-01
    -4.93853092e-02 -2.37483025e-01 4.50446337e-01 -2.99597383e-01
    -1.26711905e-01 4.41534698e-01 -4.77485269e-01 3.79547179e-01
    -3.26811582e-01 -3.96980435e-01 2.16848046e-01 -2.73853362e-01
    4.08070564e-01 -1.80705369e-01 4.25874293e-01 -3.67123932e-01
    -4.11803395e-01 3.23177576e-02 -5.12537301e-01 3.98712844e-01
    -1.97325289e-01 -2.46503979e-01 -3.67423028e-01 -1.42694712e-02
    4.64478076e-01 -3.88908714e-01 2.40894794e-01 -1.12585127e-01
    1.41239226e-01 -3.99597973e-01 2.08914578e-02 -1.80486560e-01
    4.14236963e-01 1.71783566e-01 -3.28088731e-01 -1.15539551e-01
    -1.56894445e-01 -2.91970134e-01 -2.49355495e-01 3.49579453e-01
    -3.17502320e-01 1.05126321e-01 -4.04104263e-01 -4.52018052e-01
    2.40275443e-01 1.73114598e-01 -3.67113948e-03 -1.89011693e-02
    1.95260704e-01 -4.97264057e-01 4.31099117e-01 -2.89085984e-01
    -2.68011361e-01 -2.96629071e-02 1.96654797e-02 -4.39916253e-02
    2.40812659e-01 3.03894579e-01 -2.43835509e-01 4.03281569e-01
    -2.86343724e-01 3.41009885e-01 -3.26929063e-01 -1.64955944e-01
    -3.24456841e-01 -4.92595166e-01 3.01066041e-02 -3.89631152e-01
    3.09522390e-01 1.45584345e-03 -7.16784596e-03 -3.64505172e-01
    -2.24069655e-01 3.22091639e-01 1.07960403e-01 2.70719469e-01
    2.50034630e-01 -1.62768364e-02 1.84794247e-01 -2.91278362e-02
    4.43561673e-02 3.10340643e-01 -5.34756303e-01 3.84081423e-01
    3.40554059e-01 -2.87805617e-01 5.00575900e-02 -4.65044945e-01
    -1.31597489e-01 -1.19821131e-01 -3.54374647e-02 2.28655219e-01
    3.15591961e-01 -1.98645175e-01 -4.48374212e-01 2.03408569e-01
    -6.31261766e-02 -3.60413581e-01 -3.16590875e-01 3.15412790e-01
    -3.73913854e-01 -2.77347118e-01 1.83932424e-01 -3.10590506e-01
    -1.59333587e-01 -9.93450582e-02 -2.79200435e-01 1.22816324e-01
    -1.21251106e-01 3.01933110e-01 2.13365614e-01 -4.50894535e-01
    5.09933233e-02 -4.59224224e-01 4.77036446e-01 2.76838332e-01
    -2.69051433e-01 -1.58952594e-01 3.05511594e-01 2.28082418e-01
    2.35934436e-01 2.85504580e-01 -5.94601870e-01 -2.41160512e-01
    -1.51834965e-01 -2.52887189e-01 -2.42633522e-02 -8.27146769e-02
    6.55966401e-02 -1.14992738e-01 -1.97913915e-01 2.92345226e-01
    -3.05712819e-02 2.01231837e-02 -3.89124155e-02 -1.66193068e-01
    3.58020306e-01 -3.79987538e-01 -5.74823201e-01 -3.77721488e-01
    1.85040414e-01 -3.60316336e-01 -4.30377573e-01 3.45880985e-01
    4.01611090e-01 1.70075059e-01 -5.01707196e-02 -3.50214243e-02
    -4.39048737e-01 -1.15857512e-01 3.32867503e-02 -1.27945811e-01
    2.77261376e-01 -3.93120050e-01 2.90416539e-01 -9.69371200e-02
    -3.96859765e-01 -3.88335049e-01 4.07588005e-01 -3.63616884e-01
    3.68519366e-01 -3.33581507e-01 -8.44979286e-03 -4.71290916e-01
    -5.01533747e-02 -1.01489753e-01 -1.32250905e-01 2.61223674e-01
    -2.82379419e-01 -2.98579305e-01 -3.95671844e-01 -3.64393502e-01
    3.09170663e-01 -1.33572221e-01 5.34299016e-02 2.40988076e-01
    2.63071597e-01 -4.48845804e-01 2.60489166e-01 4.89258766e-03
    -2.55767077e-01 2.82554448e-01 8.30877423e-02 -4.17985082e-01
    3.15793812e-01 6.69828653e-02 -5.07019997e-01 -3.43212485e-02
    -1.26650214e-01 -2.22405076e-01 2.19222784e-01 -4.91773397e-01
    -3.32890570e-01 1.78796947e-01 -5.56380153e-02 -5.80925465e-01
    -1.06136203e-01 -5.83757758e-02 5.06637037e-01 2.74068356e-01
    3.17746818e-01 1.86373472e-01 -1.36665165e-01 -4.22427297e-01
    -1.90511644e-01 -8.29952955e-02 3.24944854e-02 -3.68142992e-01
    9.93531346e-02 -2.55776078e-01 -1.58994317e-01 -4.28922147e-01
    -3.83367300e-01 1.67233884e-01 3.09857607e-01 -3.98000926e-01
    -2.11711675e-01 1.96824104e-01 1.38149679e-01 -9.48058963e-02
    1.22629702e-01 -2.45737910e-01 1.84475243e-01 5.80307245e-02
    -9.35289562e-02 8.39937925e-02 -3.23639512e-02 4.14420664e-01
    -4.42236185e-01 4.34933484e-01 2.99483895e-01 -1.14515096e-01
    -4.15062100e-01 -2.72783011e-01 1.65995985e-01 2.40774035e-01
    -2.54661560e-01 -3.12328309e-01 -2.08580345e-01 4.39335495e-01
    -3.31258297e-01 -1.89597517e-01 4.57387269e-02 -2.67580509e-01
    6.62199259e-02 2.76037514e-01 -6.47706985e-02 -4.53890890e-01
    -8.20585787e-02 1.76327646e-01 3.18949103e-01 -7.49326348e-02
    1.22343481e-01 -3.68512005e-01 1.72825277e-01 3.59057397e-01
    1.74098641e-01 -1.43408328e-01 1.44829571e-01 4.08712029e-02
    -2.64307737e-01 -4.35987890e-01 4.47335541e-01 -3.91154230e-01
    4.55239713e-02 3.51272762e-01 -3.27039152e-01 -3.37404788e-01
    2.63467431e-01 -4.80810940e-01 -3.27365309e-01 -4.15050745e-01
    2.89817870e-01 1.05148733e-01 -2.84637570e-01 4.01139200e-01
    -3.24567229e-01 -2.89786518e-01 -8.83312225e-02 -3.41104925e-01
    1.94295228e-01 -9.02627110e-02 1.54895842e-01 3.12456548e-01
    7.45153427e-02 1.95679843e-01 4.21132892e-01 -2.67679155e-01
    -2.33013362e-01 -1.26417130e-01 1.11252785e-01 4.70847726e-01
    -2.33868539e-01 2.25244045e-01 4.43372667e-01 -5.36717892e-01
    -5.06330132e-01 4.18718696e-01 -2.08870947e-01 -1.69891864e-01
    -3.29332739e-01 1.47418469e-01 1.00249946e-01 -1.20275140e-01
    -3.19992274e-01 1.97473764e-02 -3.03876579e-01 -2.91172385e-01
    1.27110958e-01 -4.57428336e-01 3.30705822e-01 1.18558884e-01
    -2.03916907e-01 -3.17286998e-01 -4.76987362e-02 -2.77231634e-01
    -1.29114389e-02 -3.92450571e-01 -4.00839090e-01 -1.84574783e-01
    1.46171570e-01 9.71905589e-02 3.83587718e-01 -4.23421860e-02
    2.93039203e-01 -1.08026624e-01 -1.58028752e-01 3.94928962e-01
    -4.05471534e-01 -1.45673156e-01 -2.90527791e-01 4.24640357e-01
    -2.07230866e-01 -3.59701872e-01 2.43821442e-01 -3.49515915e-01
    -4.44516093e-01 -5.18658638e-01 1.75385654e-01 -1.12993658e-01
    -2.88586110e-01 3.16381454e-01 -2.51675963e-01 -3.47651273e-01
    4.35225964e-02 2.02406287e-01 -3.03506911e-01 1.47167802e-01
    2.57738233e-01 -1.74758077e-01 -3.46474051e-01 2.05835044e-01
    -8.44531357e-02 5.85188866e-02 -2.63017893e-01 7.17461109e-02
    -3.58644694e-01 -6.92236423e-03 -7.08883107e-02 2.15102017e-01
    -3.65740508e-01 -6.04816675e-02 3.53333950e-02 -5.00669718e-01
    1.95778906e-01 -3.41819674e-01 -3.95750582e-01 9.25955176e-02
    1.58804417e-01 -2.02137411e-01 -4.53868806e-01 -2.21210241e-01
    -3.23605686e-01 -2.06458747e-01 -3.22131574e-01 -1.67775691e-01
    -2.54429728e-01 -2.31160402e-01 8.85280371e-02 -5.25842309e-02
    4.28635269e-01 -2.80160964e-01 -3.10559660e-01 3.38331997e-01
    -4.08994675e-01 -1.09019935e-01 -6.27639294e-02 2.30085731e-01
    -2.42171884e-02 -2.33687729e-01 -1.95325375e-01 -5.84129930e-01
    2.53512919e-01 -1.81445748e-01 1.44147933e-01 -1.47397131e-01
    9.19812918e-02 -5.04032969e-02 -5.04175484e-01 -1.80894196e-01
    -4.35372621e-01 -2.88641304e-01 -5.34234524e-01 -1.98532611e-01
    3.54510486e-01 -2.44955361e-01 -4.29902524e-01 1.72095597e-01
    -4.74469572e-01 4.32766914e-01 1.98404193e-02 4.06437874e-01
    -1.37553215e-01 2.76123762e-01 2.07789719e-01 -3.63051474e-01
    -4.97641981e-01 1.85632885e-01 -4.31934208e-01 3.45371902e-01
    1.89541042e-01 1.79561853e-01 -3.66646409e-01 3.39012384e-01
    1.63923591e-01 -3.51748198e-01 1.25999689e-01 -3.10043126e-01
    2.00508356e-01 3.54871631e-01 -3.42461944e-01 1.00768328e-01
    1.88554347e-01 1.69062018e-02 -2.23219395e-04 -1.10470682e-01
    -1.03452981e-01 -3.55726868e-01 -2.88596749e-02 -5.98118842e-01
    -2.02546418e-01 7.88127780e-02 3.24400604e-01 -8.37289095e-02
    -5.09986699e-01 2.87257373e-01 -9.52298641e-02 -2.21651524e-01
    -2.16233134e-02 3.29325974e-01 3.05331886e-01 1.12285972e-01
    -1.32815242e-02 5.17191887e-01 -1.81911439e-01 -4.61277604e-01
    -1.40546978e-01 3.49761248e-02 4.03466046e-01 -6.15686178e-03
    -2.38886684e-01 4.44126606e-01 4.32755589e-01 -1.23681486e-01
    -2.60725796e-01 7.22703338e-02 3.34635407e-01 -4.81821835e-01
    -3.07027072e-01 -5.68043590e-02 2.22330749e-01 1.89657032e-01
    3.49874973e-01 4.25465345e-01 4.22905087e-02 -4.93764997e-01
    3.34224105e-02 2.64555812e-02 -1.64133072e-01 -3.66142035e-01
    3.09914470e-01 5.65185547e-02 3.47410440e-01 -5.62981963e-02
    3.21379900e-02 -4.25497919e-01 -2.99873441e-01 3.38961542e-01
    3.28804076e-01 -3.20547730e-01 3.72138768e-01 -3.86443734e-01
    -1.92054152e-01 -3.40868115e-01 -1.64079666e-03 -2.93863416e-02
    -3.13731939e-01 1.70750320e-02 -1.66175693e-01 -3.75081569e-01
    2.72717476e-01 -3.53853345e-01 -2.20261216e-02 -1.61766529e-01
    1.73827410e-02 -7.10814297e-02 2.43260056e-01 4.86091673e-01
    2.98464417e-01 3.59419584e-02 2.93651283e-01 -2.66760200e-01
    3.02160978e-02 -2.10653484e-01 -3.94914389e-01 3.75422269e-01
    -2.97046006e-02 4.74363059e-01 1.17222875e-01 -4.00602043e-01
    -2.03598738e-01 2.82289177e-01 3.65765780e-01 -9.43493247e-02
    -4.06869233e-01 3.49745929e-01 3.90361190e-01 3.82702291e-01
    2.63708949e-01 -4.60525870e-01 2.40287006e-01 -3.72628212e-01
    -3.38845044e-01 2.14609504e-03 -1.54845566e-01 -2.39186674e-01
    3.16608340e-01 -2.34307915e-01 -7.61208534e-02 3.04564595e-01
    -6.03851676e-02 -2.75529623e-01 1.99781150e-01 3.60775739e-01
    7.24804401e-02 -1.38843447e-01 3.41064036e-02 -6.80440962e-02
    1.31376624e-01 1.00661635e-01 -4.83421266e-01 2.45572925e-02
    3.28282654e-01 5.03274798e-02 -2.16523200e-01 -3.18886727e-01
    -1.72387987e-01 -2.92224467e-01 4.39459682e-02 -7.39588141e-02
    4.35345113e-01 1.23909891e-01 4.00923610e-01 5.26196599e-01
    4.51300114e-01 -4.79046971e-01 -1.19279176e-01 1.72541916e-01
    -9.96462703e-02 3.52147222e-02 -2.41598785e-01 -6.57427609e-02
    -3.40981901e-01 4.68959808e-01 3.68674785e-01 1.13911629e-01
    -1.35841966e-02 1.63948953e-01 -1.26024783e-01 2.25655556e-01
    -4.07153457e-01 4.59820747e-01 -3.19381297e-01 -1.11720383e-01
    2.12564617e-01 -3.07110786e-01 -1.40377969e-01 1.91731691e-01
    -4.91160154e-01 1.06753588e-01 3.44116390e-01 2.53520012e-02
    -5.00800967e-01 5.09968400e-02 -1.08043879e-01 -1.12097561e-01
    2.79438496e-02 -2.99593717e-01 1.45178914e-01 3.89972925e-01
    1.91476107e-01 -3.65710944e-01 3.85763466e-01 1.38898671e-01
    -2.88673043e-02 -3.43343616e-02 4.38120127e-01 4.05302644e-02
    -4.21448439e-01 3.16039681e-01 2.98757851e-01 -7.94327855e-02
    4.33198929e-01 -1.71491802e-01 1.10183656e-02 -3.26854438e-01
    4.57493007e-01 4.68524128e-01 -5.87567985e-02 3.37306380e-01
    3.96914661e-01 -2.45793402e-01 1.46602988e-02 -3.08467418e-01
    4.97438669e-01 5.55054545e-01 -4.14133102e-01 -7.80467093e-02
    7.66263008e-02 2.11803705e-01 2.40462661e-01 3.13176513e-02
    3.73058558e-01 -2.74382055e-01 -1.59736425e-01 1.16132915e-01
    -4.31275070e-02 -1.23122036e-01 2.15981364e-01 -3.36909354e-01
    -4.44608510e-01 1.22301877e-01 2.88175046e-01 -8.79765451e-02
    1.21635020e-01 5.07484078e-02 -3.98327708e-01 7.37168193e-02
    -1.54248774e-01 3.46398771e-01 3.57099295e-01 -4.28096801e-01
    -6.22730851e-02 -1.80791736e-01 2.21086144e-01 -3.32539797e-01
    -3.55106592e-02 -1.77400231e-01 -2.08386511e-01 3.99950266e-01
    -4.35006887e-01 -4.45218563e-01 3.55681062e-01 2.84861743e-01
    -2.83054113e-01 3.92411411e-01 -1.98571384e-02 -2.38315046e-01
    -3.71503711e-01 -6.42304122e-02 3.51382792e-01 1.08799756e-01
    -2.04404891e-01 -3.63151759e-01 4.28005219e-01 3.92436981e-03
    -1.39837623e-01 -2.50658929e-01 -1.00726485e-02 1.26870871e-01
    -1.80087417e-01 -2.42171377e-01 -1.81456685e-01 1.03290677e-02
    -1.08458877e-01 1.81452274e-01 1.41127229e-01 -3.28981936e-01
    -1.01848155e-01 -3.02102000e-01 -2.06830978e-01 1.36000156e-01
    7.06022382e-02 -1.92867279e-01 3.67712498e-01 3.01578879e-01
    2.89708555e-01 -6.52974844e-03 7.64523745e-02 1.68243170e-01
    9.12959576e-02 -1.06849790e-01 2.56656587e-01 2.00463295e-01
    -6.02149367e-02 6.07995987e-02 -1.56603396e-01 3.29241812e-01
    -4.84777182e-01 -1.79243833e-01 -8.08531940e-02 1.28301442e-01
    -3.39834511e-01 1.37000442e-01 -1.83079630e-01 -4.34685737e-01
    -4.19751018e-01 7.46240020e-02 1.59433305e-01 -5.26380539e-01
    -3.00953776e-01 4.19568121e-02 7.87500739e-02 1.22333050e-01
    4.86743093e-01 1.58193409e-01 1.33557081e-01 -4.51499671e-01
    2.67233014e-01 1.51622653e-01 -4.89063829e-01 1.60087585e-01
    4.81891632e-03 -4.05525416e-01 1.83282793e-01 1.40424669e-01
    2.24346399e-01 -3.66042733e-01 -1.66167557e-01 -1.66491151e-01
    -4.08599317e-01 -1.52992517e-01 -4.35600162e-01 -4.14359182e-01
    2.62224346e-01 -1.38497740e-01 3.88207704e-01 1.04117662e-01
    -1.69351399e-01 4.60512668e-01 -8.29883814e-02 -5.00658154e-03
    -4.17805612e-02 -2.34589309e-01 3.29342067e-01 -5.84455729e-01
    3.88893783e-01 1.59674048e-01 -1.55290872e-01 1.98232293e-01
    -1.43450499e-02 2.57408857e-01 -4.84610260e-01 -4.90302354e-01
    5.74811697e-02 -4.43935543e-01 1.68572783e-01 -2.04662174e-01
    -3.34027231e-01 -4.71451879e-02 2.95667112e-01 -2.83769906e-01
    -3.74593973e-01 -8.64343941e-02 2.71768421e-01 -6.82123601e-02
    -4.52915162e-01 2.96368659e-01 -3.04558873e-02 -3.57188910e-01
    -3.80593956e-01 3.71559680e-01 -3.56766164e-01 -6.51665330e-02
    -4.50532317e-01 1.99233413e-01 3.61177862e-01 4.44417953e-01
    -1.16896003e-01 1.62078142e-02 -1.46816492e-01 2.11089849e-03
    1.18800461e-01 -1.87645942e-01 -2.87981331e-01 1.43984258e-01
    2.65896976e-01 -2.90059388e-01 1.06259227e-01 1.87771469e-01
    6.68377280e-01 3.78222018e-01 -4.96925384e-01 -2.29429543e-01
    3.15952182e-01 1.06955111e-01 -3.08453083e-01 2.53675282e-01
    4.01243925e-01 -2.50730515e-02 6.68543577e-03 5.18827319e-01
    1.39322549e-01 -3.27107310e-01 -2.47549415e-01 -4.63517874e-01
    -2.30103880e-01 -3.95247936e-01 -2.90540040e-01 -2.16440260e-02
    -4.33738530e-01 -5.11608481e-01 1.94574177e-01 2.99400091e-02
    1.12701416e-01 2.77729452e-01 -2.16287136e-01 2.35937297e-01
    -7.07075298e-02 2.85718679e-01 -4.93714780e-01 -5.60257792e-01
    6.03908300e-02 2.11744726e-01 1.07526779e-03 -1.47611201e-01
    -5.16340733e-02 -4.56419975e-01 5.92461228e-02 -1.47781372e-02
    -3.99860710e-01 -1.54243708e-02 -3.49133730e-01 -9.10337269e-02
    3.09728861e-01 -4.61153299e-01 4.36262488e-02 3.68247211e-01
    -2.04639494e-01 3.33233654e-01 2.40225434e-01 6.01696968e-02
    3.34800661e-01 3.29418004e-01 3.56554687e-01 -1.28848314e-01
    -4.66812670e-01 2.37208068e-01 3.34547758e-01 -4.65353370e-01
    1.18178129e-03 -1.56903416e-01 7.51501322e-03 4.48414862e-01
    1.87644780e-01 2.80906320e-01 4.92485464e-02 -8.09944868e-02
    -3.75169337e-01 1.25820607e-01 -4.06369984e-01 1.64748430e-02
    -7.36171007e-03 -2.56426513e-01 3.04044962e-01 -7.16715753e-02
    2.76775956e-02 3.78593177e-01 1.38160795e-01 -2.71630168e-01
    -3.99879664e-01 -2.22321749e-02 2.28359401e-01 -3.06908876e-01
    4.28887755e-01 3.69867563e-01 6.30629063e-02 2.60630608e-01
    1.64910287e-01 -3.04666311e-01 -3.09828520e-02 1.41328156e-01
    -4.63579893e-02 -7.16728866e-02 -4.31043267e-01 3.71259630e-01
    -5.14106750e-02 1.04504347e-01 -1.20201111e-01 -1.03968382e-02
    8.13311636e-02 -3.58489960e-01 3.95947576e-01 -1.59648001e-01
    -7.71994591e-02 1.17333829e-01 -2.10607976e-01 5.78037500e-02
    1.42089367e-01 3.27404857e-01 4.09340262e-02 6.00353479e-02
    -5.30263066e-01 5.66411614e-02 1.23751104e-01 3.95579398e-01
    1.30331159e-01 3.15616369e-01 -4.16264653e-01 -4.53515053e-01
    -2.64525533e-01 -2.43427664e-01 -3.39377373e-01 4.55017388e-01
    -3.61942947e-01 -4.27745223e-01 -3.91537845e-02 4.56426144e-01
    2.12190211e-01 -5.38785815e-01 2.68584073e-01 -5.39454818e-02
    -5.75500965e-01 -9.51206684e-02 3.26486409e-01 1.45065308e-01
    -9.03273821e-02 -4.56090182e-01 -2.77216733e-01 -2.12630033e-02
    1.77072585e-01 5.46944737e-02 -4.36752468e-01 7.09086657e-02
    1.31055981e-01 -3.61221105e-01 1.96902037e-01 9.15164948e-02
    -5.10406137e-01 1.86969042e-02 3.54740798e-01 -2.33358562e-01
    -2.40832061e-01 5.68008423e-03 1.26509964e-01 -1.49707854e-01
    -4.14485335e-02 1.95500255e-02 1.97694600e-01 2.21526265e-01
    -5.34640908e-01 3.57433558e-02 8.59075189e-02 -3.53012115e-01
    -5.46899438e-02 -4.75267053e-01 2.30539888e-01 -3.81000370e-01
    -1.41544014e-01 1.96667254e-01 -5.94663322e-02 -4.17239934e-01
    2.54655480e-02 4.74440515e-01 2.49138474e-01 1.72881365e-01
    1.59220576e-01 2.07958549e-01 -3.65635365e-01 2.14264035e-01
    -3.27165097e-01 -2.22981036e-01 -1.53686166e-01 -2.83538222e-01
    -4.12836850e-01 3.12995493e-01 -3.70232999e-01 1.42171979e-01
    4.57188487e-01 -2.07337439e-01 2.78887749e-01 3.63382697e-02
    -1.96599722e-01 -1.60672456e-01 2.07576513e-01 1.77204013e-01
    2.67646015e-01 -1.68971300e-01 -1.77572548e-01 -3.77125025e-01
    -3.32524270e-01 1.65205091e-01 -4.88573492e-01 -2.21535504e-01
    4.46893334e-01 -1.02517396e-01 -2.00147510e-01 -1.37722075e-01
    -1.24293923e-01 2.97826052e-01 -3.94897789e-01 1.14807427e-01
    3.90968144e-01 2.45559931e-01 -2.88848966e-01 3.61967921e-01
    -4.35554355e-01 -2.02252060e-01 -1.57795370e-01 -2.44072497e-01
    2.40197182e-01 -2.25166321e-01 8.03095102e-03 1.46668881e-01
    -2.29101747e-01 1.93817139e-01 -2.75986940e-01 1.09807163e-01
    -1.18446231e-01 -3.71653616e-01 -3.21763128e-01 -2.16871977e-01
    -4.28844064e-01 1.68443263e-01 -4.98079360e-02 8.56560469e-03
    2.74468064e-01 -5.71333647e-01 1.14235461e-01 1.79283082e-01
    3.11521947e-01 6.88437223e-02 -4.53587472e-01 -2.78754205e-01
    -7.79172480e-02 3.14617634e-01 -4.52257872e-01 8.18711817e-02
    -2.14345664e-01 -1.07369840e-01 -6.94481730e-02 2.01120377e-01
    3.76161337e-02 -5.28167486e-02 -4.46564764e-01 2.91075766e-01
    -2.67178714e-02 -3.58029693e-01 1.06266558e-01 -1.78333789e-01
    3.97139192e-01 -1.97606921e-01 -5.43771029e-01 3.87550712e-01
    4.49441612e-01 -3.22646081e-01 -3.09928983e-01 3.78318071e-01
    -3.82691950e-01 3.06282461e-01 3.94220531e-01 3.42646539e-01
    1.18569672e-01 2.08950281e-01 -1.19938940e-01 -1.43224001e-03
    -2.75341660e-01 -5.16073644e-01 4.56363738e-01 1.50160253e-01
    4.58023548e-02 -4.64791417e-01 -4.05823946e-01 2.68413186e-01
    -2.96235472e-01 3.54815304e-01 -2.22786725e-01 3.45120609e-01
    -5.39147258e-02 3.26719701e-01 -3.64524692e-01 -3.55995983e-01
    2.50983119e-01 -1.51376128e-01 -3.70188236e-01 2.64990926e-01
    3.32455754e-01 3.42353284e-01 8.24287534e-02 4.32707012e-01
    -2.13540524e-01 -5.33887029e-01 -7.95470178e-02 -1.91815257e-01
    -7.77912736e-02 -3.27261329e-01 2.78512478e-01 -1.94061399e-01
    -4.08889651e-01 -3.24799299e-01 -3.08122247e-01 -1.02022111e-01
    -1.65577382e-01 9.05263424e-03 -3.62304777e-01 -4.88815308e-01
    -5.32763720e-01 4.20921445e-01 -4.63893354e-01 3.59453738e-01
    -4.04504299e-01 -4.13512349e-01 2.71373898e-01 1.82678938e-01
    -2.67399848e-01 1.64463878e-01 8.88958573e-02 -1.49165392e-02
    3.56552601e-01 -4.16403711e-01 -4.03689981e-01 -4.42420274e-01
    -3.44439834e-01 3.45288336e-01 -4.25251722e-02 -2.08472461e-01
    2.32467383e-01 6.06033504e-02 -3.21919829e-01 2.17821479e-01
    -3.03943694e-01 -2.38147795e-01 -5.08667469e-01 -4.31636184e-01
    -2.31248736e-02 -4.15312856e-01 4.27195728e-02 -1.51026934e-01
    -4.75309640e-01 3.22950363e-01 3.42913568e-01 -3.05753797e-01
    -2.74154127e-01 2.55659461e-01 -5.35207272e-01 -1.20806754e-01
    6.85414076e-02 -3.85254622e-01 3.84719253e-01 5.20780087e-02
    -2.55186558e-02 -4.71284300e-01 3.36536288e-01 1.40154243e-01
    -5.91158509e-01 3.84234548e-01 2.79681265e-01 -1.49136126e-01
    3.05901706e-01 1.28447950e-01 1.36700451e-01 1.98911309e-01
    -3.67453694e-02 -2.80185103e-01 2.45729089e-01 2.06406176e-01
    2.79957294e-01 4.31144238e-01 -2.72083104e-01 -3.50108266e-01
    -5.41380942e-02 -3.32835436e-01 -1.86922938e-01 2.32367873e-01
    -3.72576118e-01 -3.08746099e-01 3.16240013e-01 -2.40238994e-01
    -7.47424960e-02 2.91909158e-01 -2.51533478e-01 1.27857745e-01
    -1.14122391e-01 3.14338863e-01 -2.42067397e-01 -3.99979353e-02
    2.28607595e-01 -2.21793652e-02 -1.83533400e-01 -3.62944186e-01
    2.19957292e-01 5.76969981e-02 -1.15516782e-02 7.66572654e-02
    -1.72781587e-01 1.71147645e-01 -5.52915752e-01 -2.84099132e-01
    1.40673399e-01 5.66083193e-02 2.38631189e-01 3.38979006e-01
    -4.66115057e-01 -3.83303672e-01 -1.05004817e-01 8.88407230e-02
    4.04106200e-01 2.83807397e-01 -4.13489193e-01 -1.33616000e-01
    -2.06448138e-01 -2.96643972e-02 4.84647423e-01 2.58971334e-01
    -4.94872630e-01 3.72659236e-01 -5.24218678e-02 -3.21574330e-01
    -1.35848492e-01 -4.90712196e-01 -3.09109390e-01 -4.10190612e-01
    -3.18906486e-01 2.52426803e-01 -6.45340681e-02 -1.35397345e-01
    1.67536169e-01 -4.16461408e-01 6.12747967e-02 -4.52414185e-01
    3.04345012e-01 -1.39386505e-01 -2.48758793e-01 1.59676731e-01
    2.46274650e-01 -1.96200848e-01 -9.09138918e-02 -4.86211777e-01
    -6.21258020e-02 -3.52697730e-01 2.13960886e-01 -2.55579352e-02
    -1.25933886e-02 4.45668936e-01 2.35916376e-01 -1.24633938e-01
    3.75611365e-01 -3.74203146e-01 2.67867982e-01 -1.69685125e-01
    9.31094885e-02 1.29729182e-01 -2.33647615e-01 -4.37553436e-01
    -1.39818311e-01 3.77294898e-01 -2.94685960e-01 2.94261217e-01
    -2.26812482e-01 6.80249929e-03 -4.73481029e-01 -2.92972654e-01
    -1.57897264e-01 -1.03142738e-01 3.01465988e-01 -1.18108392e-01
    4.93463367e-01 6.26097322e-02 -3.45163256e-01 -1.93373650e-01
    2.96029270e-01 -2.94894576e-01 4.36134219e-01 5.61385334e-01
    -4.10934001e-01 2.48928398e-01 9.49795246e-02 -1.13949925e-01
    3.02266210e-01 1.13439560e-03 -1.09367669e-01 4.54704165e-02
    2.95739710e-01 8.82288814e-02 1.63712680e-01 3.07685971e-01
    -1.15681350e-01 -2.69841433e-01 6.27456903e-02 3.30079496e-01
    3.00873488e-01 3.02106112e-01 -4.09943640e-01 1.73780918e-01
    -2.79154807e-01 -2.93575257e-01 2.59817421e-01 -3.63024950e-01
    -3.84163260e-01 1.29933953e-01 5.27448654e-01 -1.39148474e-01
    1.18434787e-01 1.71656936e-01 9.86291766e-02 -2.37880826e-01
    -7.64244795e-03 -4.02436614e-01 1.05005860e-01 9.44513083e-03
    -3.72067720e-01 -5.25081277e-01 2.55105853e-01 -2.12676615e-01
    1.39846444e-01 -2.25543112e-01 -1.98424637e-01 4.89956379e-01
    -3.42928678e-01 3.95011663e-01 1.64674222e-01 1.27580166e-01
    1.27762854e-01 -4.86009717e-02 -4.96500999e-01 2.21532822e-01
    -1.07389152e-01 1.74371183e-01 -1.26422852e-01 2.22656459e-01
    5.56544065e-01 -3.42455626e-01 -3.60472918e-01 -3.18843126e-03
    1.38553917e-01 9.58582759e-02 -1.46968395e-01 -2.39928365e-01
    -1.89392865e-02 1.01418078e-01 -4.25796479e-01 3.68615329e-01
    -1.68989211e-01 -5.62313914e-01 2.22023666e-01 -4.69059289e-01
    -7.24110603e-02 4.21906650e-01 1.12484515e-01 1.79992974e-01
    -3.07994545e-01 -1.18987203e-01 2.99096346e-01 -2.63161182e-01
    1.14129663e-01 3.60430658e-01 -2.80762523e-01 9.66714025e-02
    -3.07065576e-01 2.36303836e-01 1.61160082e-01 3.52254689e-01
    2.65620947e-01 -1.77538604e-01 -2.90186793e-01 -2.89438814e-01
    -4.19750392e-01 1.98428035e-02 -2.87840843e-01 -4.58002895e-01
    2.91478217e-01 -4.16462898e-01 4.22109306e-01 -2.97202528e-01
    -9.99360085e-02 3.30637634e-01 -4.36533988e-01 -3.71415108e-01
    3.09572905e-01 -3.31694812e-01 -1.58119828e-01 -3.83963466e-01
    2.85983324e-01 3.52792621e-01 -1.79227293e-01 -3.63399893e-01
    2.49799579e-01 -2.90064067e-01 -2.77171016e-01 -1.41535908e-01
    4.40246493e-01 -2.69571066e-01 -4.44184929e-01 9.35723186e-02
    5.85203767e-02 -2.93371052e-01 2.58112550e-01 3.22927833e-01
    3.02838027e-01 3.19950938e-01 -1.43455386e-01 -5.18273592e-01
    -3.25889915e-01 -7.34122097e-02 -4.30014044e-01 1.94880068e-01
    -3.09522748e-02 3.44320714e-01 2.68377662e-02 -3.29568744e-01
    -5.52386642e-01 3.64974737e-02 3.59072149e-01 1.29372478e-01
    -1.54542476e-01 6.01471663e-02 2.20827758e-01 -4.55476761e-01
    -3.14475000e-01 -2.89760560e-01 -8.96373391e-02 -2.44682968e-01
    4.45905209e-01 -2.78107047e-01 1.94150567e-01 3.30267817e-01
    -1.62528485e-01 3.60164762e-01 4.41728234e-02 4.96731728e-01
    3.51918638e-01 -5.27068734e-01 -6.61515296e-02 -7.69113302e-02
    1.15690172e-01 1.40317798e-01 2.92787671e-01 -3.56748462e-01
    -3.67087036e-01 1.36702716e-01 -1.43463612e-01 2.39741206e-01
    1.18751645e-01 -4.85490680e-01 -2.27839410e-01 -1.74152970e-01
    -2.10825562e-01 -3.37798953e-01 2.30044186e-01 1.64392889e-01
    7.04008341e-02 -1.94173813e-01 2.06066489e-01 -4.60896701e-01
    2.59191215e-01 6.24759793e-02 -5.59357524e-01 3.64995003e-02
    -1.71598256e-01 2.46817768e-01 -4.54620272e-01 -4.54347730e-02
    -1.32628113e-01 -3.97582829e-01 -2.69944668e-02 -3.66593152e-01
    4.10842299e-01 -7.56110847e-02 -1.32294387e-01 -2.25670010e-01
    -1.74551934e-01 5.28767705e-01 -1.80024981e-01 -2.86761940e-01
    5.95105886e-02 1.11317039e-01 2.35609472e-01 2.68419266e-01
    1.21414244e-01 -2.52330899e-01 -6.33024573e-02 -4.20934767e-01
    -8.78924131e-03 2.13380456e-02 2.23702192e-01 4.72049773e-01
    -4.48301136e-01 2.98167914e-01 -4.51289892e-01 3.63466382e-01
    8.55312943e-02 -8.05208087e-02 -4.63901103e-01 -3.97548079e-02
    -2.47637331e-02 2.52900898e-01 1.35017276e-01 -5.01292348e-02
    1.13973260e-01 4.42406535e-02 -1.75446153e-01 -4.35636789e-01
    4.37570274e-01 -1.30189687e-01 -3.05114359e-01 2.63548791e-01
    -4.83845770e-01 3.55008662e-01 -4.67341304e-01 -2.24772215e-01
    3.55289042e-01 1.43443942e-01 2.29846120e-01 -5.87525010e-01
    -4.47527975e-01 2.33941376e-01 -1.50190860e-01 2.49367565e-01
    -7.30286837e-02 2.88533866e-02 -2.80886292e-01 -3.02358001e-01
    -4.50639069e-01 -1.52360201e-02 1.34087503e-01 2.29678124e-01
    -4.46777582e-01 -2.18045712e-01 4.04636294e-01 -1.67151362e-01
    -2.26840228e-01 3.93954217e-02 4.19323474e-01 -1.01472169e-01
    -3.50344181e-02 4.93982226e-01 -1.03502661e-01 -2.70468980e-01
    -4.84664977e-01 -1.66396141e-01 3.01348805e-01 -3.50513369e-01
    1.44233584e-01 -4.16777909e-01 7.27283359e-02 -4.39951181e-01
    4.06390935e-01 -1.62877381e-01 -3.28139663e-01 4.80676264e-01
    3.67941231e-01 3.48949075e-01 -2.32351512e-01 -3.64847720e-01
    3.26606333e-01 1.46682978e-01 6.24397397e-02 3.14192206e-01
    2.40798652e-01 9.76471007e-02 4.03425813e-01 -5.43864131e-01
    -4.96984273e-01 3.98111105e-01 -3.88976395e-01 -1.62066638e-01
    5.93413115e-02 2.02610850e-01 -1.23407394e-01 -2.79619902e-01
    -4.10703421e-01 -4.85390455e-01 1.62757337e-01 6.94155693e-03
    -2.73926258e-01 -1.91769391e-01 1.95527375e-01 8.77518654e-02
    -3.53742689e-01 3.73383403e-01 6.41707182e-02 5.89408278e-02
    -2.98700869e-01 -2.99393862e-01 2.19604433e-01 -2.74520040e-01
    1.45591199e-02 -3.08298081e-01 -2.02092946e-01 4.62923646e-02
    1.77141130e-01 -3.08802128e-01 1.74374580e-01 -9.58599448e-02
    -9.37868655e-02 8.54455829e-02 -1.87374204e-01 3.28658462e-01
    -2.48006582e-01 1.65575564e-01 -5.54098248e-01 3.75171661e-01
    5.29625416e-02 -2.44388491e-01 -3.41058522e-01 -7.27964342e-02
    -3.72806638e-01 2.91255772e-01 3.33232343e-01 3.90180469e-01
    -3.31093192e-01 -3.30560476e-01 -1.75401181e-01 -4.48741913e-01
    4.78293091e-01 -3.66365045e-01 -3.94862890e-03 3.57381642e-01
    -1.78489089e-02 8.03574920e-02 -1.04184747e-01 3.74797523e-01
    -2.76014596e-01 -4.25601304e-01 4.31667924e-01 1.40372753e-01
    -4.25906003e-01 -9.87837613e-02 -2.47540891e-01 3.78109515e-01
    2.12354362e-01 3.38436306e-01 1.18289590e-02 2.40263194e-01
    3.67917895e-01 -2.58875459e-01 -2.30597556e-01 -2.56885231e-01
    -2.34659940e-01 -2.07065105e-01 6.86991513e-02 -5.51780760e-02
    1.05066687e-01 -2.01787353e-02 1.05943441e-01 1.23952210e-01
    4.04167682e-01 2.64711231e-01 -7.48563111e-02 -4.62468147e-01
    1.10345602e-01 2.13617265e-01 -1.88559890e-01 -1.77479327e-01
    -7.53594041e-02 2.77730107e-01 1.16816580e-01 1.66419446e-01
    4.29718673e-01 -1.70177072e-01 -2.14824110e-01 -5.48230886e-01
    3.25008631e-01 -2.19358385e-01 -4.22208905e-02 1.62970364e-01
    -3.74261081e-01 -1.30096734e-01 -4.80971783e-01 -2.11103112e-01
    -7.12053180e-02 3.71353805e-01 -4.12411153e-01 4.55697000e-01
    -3.30584586e-01 2.59998798e-01 -1.65825337e-01 5.41359186e-02
    -2.18390793e-01 1.48968577e-01 -4.46580559e-01 -3.84146482e-01
    -1.90601796e-01 2.07459748e-01 -2.44903773e-01 2.67099291e-01
    -3.85973454e-01 2.66613722e-01 -1.28281951e-01 -1.55186296e-01
    1.59028471e-01 2.90164888e-01 3.84459853e-01 3.40743124e-01
    -5.40312529e-02 2.99860179e-01 2.66311049e-01 3.10508311e-01
    -3.28313291e-01 -4.53184038e-01 1.18184566e-01 4.10253763e-01
    1.07521415e-02 -1.85609758e-01 -4.65378672e-01 -1.29934669e-01
    1.28748477e-01 -1.30767733e-01 2.72659302e-01 -3.73622179e-02
    -2.80383050e-01 -2.53347576e-01 -5.25233150e-01 -1.74415112e-02
    1.77829862e-02 -3.09360683e-01 -4.21179563e-01 1.44536912e-01
    2.83244908e-01 -2.18762964e-01 -3.03649038e-01 3.46083015e-01
    -1.03963017e-02 -1.28382772e-01 1.02087855e-01 1.10771716e-01
    -4.86688048e-01 -3.66461784e-01 -8.74604881e-02 -5.52694142e-01
    3.33662689e-01 4.14740264e-01 3.00072074e-01 1.04268372e-01
    -4.15726870e-01 7.23564625e-02 -5.02937436e-01 2.99640656e-01
    -1.74654812e-01 -1.81600034e-01 6.23108745e-02 -3.03698838e-01
    -3.69580984e-02 3.68885696e-01 -3.83139461e-01 -3.60963434e-01
    -3.66027981e-01 1.94846690e-01 1.87679261e-01 7.04236925e-02
    -2.27251649e-01 2.78823435e-01 -1.56843454e-01 -4.20691013e-01
    1.24887824e-01 1.57280385e-01 3.57790589e-02 -3.49175066e-01
    4.90074962e-01 -3.53708655e-01 2.40641803e-01 -3.40452731e-01
    2.11114943e-01 -3.59425396e-01 3.43789995e-01 6.96855783e-02
    -3.21973443e-01 -1.60670400e-01 3.61080289e-01 3.13177943e-01
    -1.34315401e-01 2.83192217e-01 4.72368836e-01 -2.48941779e-01
    -3.59034181e-01 -4.51741099e-01 -2.96053112e-01 4.37222302e-01
    4.38144982e-01 -4.08634871e-01 -4.48195606e-01 4.07193393e-01
    -3.01825911e-01 -2.34014273e-01 1.03566945e-01 -2.99355268e-01
    -2.03957081e-01 -2.63261080e-01 1.74671412e-01 -4.32215691e-01
    3.06605101e-01 -8.75888467e-02 -4.67015535e-01 -1.58066988e-01
    3.31735313e-01 2.35817313e-01 6.36796355e-02 -3.22458565e-01
    -8.34793746e-02 -1.50838554e-01 4.32789922e-02 5.21496415e-01
    -3.96608114e-02 -2.70291537e-01 -3.96014392e-01 -3.37373853e-01
    3.41311991e-01 -4.18917477e-01 -3.90856266e-02 -4.57774490e-01
    7.67244697e-02 -4.60521638e-01 1.16150886e-01 4.23277348e-01
    3.50675285e-02 1.72057092e-01 -2.16130257e-01 2.09035099e-01
    2.04157889e-01 2.86268830e-01 8.17575455e-02 -1.26338720e-01
    1.58404350e-01 1.91216707e-01 1.60020292e-01 -3.50777149e-01
    -3.65856439e-01 3.56937945e-02 2.72525311e-01 -4.51040328e-01
    -2.36010045e-01 1.68573678e-01 -4.27910656e-01 2.16137111e-01
    -4.51443195e-02 9.55824852e-02 1.24893308e-01 1.00250661e-01
    -3.54885370e-01 1.08316302e-01 -2.58384526e-01 -3.76579821e-01
    -1.40722781e-01 -1.80239439e-01 -1.64112151e-02 -1.40013695e-01
    1.27956688e-01 3.45554352e-02 -3.72991890e-01 -1.13412589e-01
    1.50597394e-01 -2.09416628e-01 -1.07311964e-01 2.40195930e-01
    1.79998577e-01 -2.03746289e-01 4.03851867e-02 3.72117698e-01
    3.87090862e-01 -4.78145242e-01 -4.83852446e-01 4.69465554e-01
    4.34909284e-01 -5.59643924e-01 8.79671574e-02 1.44344270e-01
    -1.19161755e-01 1.73349679e-02 5.77941537e-03 -3.39651495e-01
    -6.63144588e-02 -2.49977291e-01 -2.05171317e-01 4.92244959e-02
    -2.18637973e-01 -2.25838363e-01 -3.87418240e-01 4.13560063e-01
    -2.41843969e-01 -1.92976832e-01 3.81930947e-01 -5.17805219e-02
    2.77998835e-01 -1.72942191e-01 -9.32713151e-02 5.69975972e-02
    3.50432336e-01 -4.91219997e-01 -4.31983382e-01 -2.48093277e-01
    3.12509835e-01 1.72020197e-01 -3.65171731e-02 8.36312175e-02
    -1.67634964e-01 -4.54955369e-01 -1.34328216e-01 2.34303892e-01
    8.36243331e-02 -1.30565912e-01 -1.73644394e-01 -2.15862453e-01
    -3.87660384e-01 4.96544480e-01 -2.70329118e-01 1.45179451e-01
    2.47894108e-01 -1.00374818e-02 -4.40128118e-01 -2.07709491e-01
    -5.47102630e-01 -5.62727153e-01 2.30678201e-01 1.12060308e-01
    -1.71315163e-01 -8.46495628e-02 1.86329901e-01 3.54301810e-01
    -1.71714246e-01 -3.37467670e-01 -1.69055194e-01 4.90037858e-01
    5.00503778e-02 1.68843329e-01 3.99502099e-01 -8.72917771e-02
    1.62417293e-02 -1.68664038e-01 -4.53370035e-01 -1.59824342e-01
    3.36430997e-01 -2.40072936e-01 -2.42479980e-01 2.90520191e-02
    3.47258627e-01 -1.84844613e-01 4.69305605e-01 -1.91510260e-01
    -3.12304914e-01 -4.50899959e-01 -2.73056775e-01 -1.42824113e-01
    -4.71743107e-01 7.11048245e-02 4.04605627e-01 2.71462023e-01
    -2.15651572e-01 -5.21862805e-01 -3.49158615e-01 1.91875994e-01
    -5.69120467e-01 1.37842834e-01 3.74135196e-01 -4.66619015e-01
    4.50033545e-02 3.53454828e-01 3.32287550e-01 9.44705009e-02
    2.05945909e-01 2.78149307e-01 -2.07544357e-01 2.11406529e-01
    -3.48761082e-01 4.82720017e-01 -1.95939034e-01 -1.58854872e-01
    4.01653051e-01 -1.08087361e-02 -6.13880157e-02 4.85543609e-02
    3.02407920e-01 -1.12961352e-01 2.75893807e-02 -6.67996407e-02
    4.52049732e-01 -3.91786247e-01 1.94417894e-01 -4.95315880e-01
    7.40389228e-02 1.42336369e-01 1.85119450e-01 -1.39369994e-01
    2.71950603e-01 3.58465075e-01 -1.27400160e-01 -4.81299341e-01
    2.54826128e-01 -1.66628480e-01 3.99184823e-02 -3.26195359e-02
    9.05036330e-02 -1.02685720e-01 2.09807813e-01 7.58851171e-02
    3.28312933e-01 -1.93448424e-01 3.36419582e-01 -4.97096777e-03
    -5.13342619e-01 -1.16591334e-01 -5.24222851e-04 -4.48521107e-01
    3.42506140e-01 -1.79777622e-01 -2.23648548e-01 -3.20600390e-01
    2.91996479e-01 9.65917706e-02 -3.97772312e-01 -4.01033968e-01
    -2.77635098e-01 3.82497072e-01 2.39164025e-01 -3.35466743e-01
    -4.20506001e-01 1.14319891e-01 3.47817153e-01 4.32074845e-01
    -2.37233430e-01 3.55153322e-01 -3.90241653e-01 3.16418767e-01
    3.71213555e-01 -1.46414131e-01 3.08834016e-01 -2.32329428e-01
    1.31103754e-01 -3.74420732e-01 -2.41879493e-01 -4.82609987e-01
    3.82209778e-01 2.24257767e-01 3.95948410e-01 2.87712693e-01
    4.45985436e-01 -3.14424634e-02 3.15017104e-01 -2.95312226e-01
    1.44681633e-01 -8.98759663e-02 3.27149630e-02 -3.81319791e-01
    1.17879570e-01 -1.98974013e-02 -4.26459849e-01 -2.00166523e-01
    3.29090714e-01 -2.72381008e-02 -1.29538774e-01 -8.42302740e-02
    -2.72854418e-01 -9.49995518e-02 -7.09026158e-02 -4.19841945e-01
    -2.75990546e-01 -2.70257831e-01 2.62569338e-01 -1.64629936e-01
    -2.60833532e-01 5.71619570e-02 -4.41001326e-01 -5.72834671e-01
    3.41586530e-01 2.57378638e-01 1.03814006e-02 -4.39216286e-01
    4.60736603e-01 4.57769781e-01 -1.59337521e-01 2.48710811e-02
    4.28336084e-01 3.89019608e-01 1.43356740e-01 -1.21331483e-01
    2.49540210e-01 -3.63274306e-01 -4.93896425e-01 4.03230548e-01
    -4.95884687e-01 1.29471362e-01 3.75085711e-01 3.16752464e-01
    1.46336347e-01 3.10035944e-01 -4.32954639e-01 4.65076238e-01
    -4.19610173e-01 -1.30004764e-01 3.67212772e-01 -2.33408839e-01
    -3.79641175e-01 -4.13716942e-01 2.33885199e-01 1.52857959e-01
    -2.70499706e-01 -1.33998424e-01 4.59912628e-01 1.46596938e-01
    2.90879875e-01 -1.69106334e-01 2.55558729e-01 1.57243520e-01
    -3.60353976e-01 -1.35909706e-01 3.07366669e-01 4.20730472e-01
    -4.53911692e-01 3.64224911e-01 -3.23614478e-01 -9.32701826e-02
    2.52404571e-01 -2.98385024e-02 -4.63105738e-01 1.88382864e-01
    1.64364457e-01 -4.42388564e-01 7.84133673e-02 1.18196219e-01
    -2.66019881e-01 -2.07185805e-01 -3.88635606e-01 -7.94882774e-02
    2.54136264e-01 7.39751458e-02 7.47345090e-02 2.48467565e-01
    -1.41718149e-01 1.72698796e-01 -1.52003765e-02 1.23763978e-01
    9.52472687e-02 -1.36392832e-01 -5.54973781e-02 4.41779941e-01
    3.36490452e-01 -2.44396836e-01 2.79354155e-01 -3.47533643e-01
    3.92677099e-01 -2.53529519e-01 -2.82264918e-01 1.58822417e-01
    1.86720192e-01 3.25342417e-02 -3.97863239e-01 -7.26594925e-02
    3.75062704e-01 1.18973017e-01 -5.29025555e-01 2.28124559e-01
    4.05786991e-01 2.83175826e-01 1.35734081e-02 -2.51104414e-01
    -1.54195309e-01 -4.52984422e-01 2.06179440e-01 1.39374226e-01
    -3.91353786e-01 1.66920483e-01 -3.52281928e-02 2.79558897e-01
    2.04758167e-01 3.48305047e-01 -1.99743807e-01 1.86254442e-01
    -3.23192209e-01 2.98745096e-01 2.74919868e-01 -1.02020621e-01
    1.01611912e-01 -1.74595386e-01 6.60198331e-02 3.59088719e-01
    -1.05452597e-01 -1.08739585e-01 -2.15070218e-01 1.31165922e-01
    -4.28426653e-01 -6.98466599e-02 4.97781008e-01 -4.46440309e-01
    2.78428495e-01 -1.47213072e-01 -4.79946256e-01 8.99085701e-02
    4.80221957e-01 -6.73503876e-02 -8.36591125e-02 3.55133414e-02
    2.63036340e-01 -1.97960734e-01 -1.01511240e-01 -9.39937830e-02
    3.79738152e-01 2.78660804e-01 2.85734624e-01 -1.93168819e-01
    1.23130083e-01 -1.05670691e-01 8.22293758e-03 -2.26711094e-01
    -5.21239161e-01 2.40271866e-01 -3.16037148e-01 -4.79115635e-01
    -9.30131674e-02 -2.76661783e-01 4.35861409e-01 -3.27650845e-01
    -5.25851429e-01 3.95175159e-01 -4.84260648e-01 3.43955159e-02
    3.10599267e-01 -5.09892941e-01 -3.58912915e-01 -1.08766437e-01
    -1.28371984e-01 -3.77515167e-01 2.97366679e-02 1.59279883e-01
    -1.35957599e-01 2.73776531e-01 3.27246189e-01 2.02139795e-01
    3.40458751e-01 1.14234805e-01 -3.49766433e-01 5.43108582e-02
    -4.92894471e-01 3.91123116e-01 -2.59693712e-01 -4.65869546e-01
    2.87442088e-01 -1.64619684e-02 -4.02596653e-01 3.17633629e-01
    2.91101336e-01 1.87738001e-01 4.29867625e-01 3.75800788e-01
    -3.17273378e-01 -1.95178449e-01 -2.53321469e-01 -1.08436465e-01
    3.85732353e-01 -2.87260413e-02 -2.90048659e-01 -1.50041580e-02
    -3.96071523e-01 4.50112581e-01 -1.72948062e-01 2.11257398e-01
    1.85389102e-01 1.34910941e-02 4.10930276e-01 1.93014681e-01
    -3.47791880e-01 -2.67530650e-01 3.48376274e-01 -3.63871366e-01
    -1.27628267e-01 2.28657126e-01 -2.35011309e-01 -1.87669098e-01
    -1.79729730e-01 7.18200207e-03 8.53754878e-02 -5.04623950e-02
    2.40364522e-01 -3.42430592e-01 -2.96386778e-02 -3.91512126e-01
    -3.91763777e-01 3.01511467e-01 4.53968048e-02 -1.28611982e-01
    -2.53634512e-01 -3.22387099e-01 -2.41671801e-01 -7.99134672e-02
    -5.07190883e-01 4.03705359e-01 -1.82349801e-01 1.18137479e-01
    2.54560649e-01 -1.93958431e-01 -2.94437379e-01 -1.47343665e-01
    -2.24438906e-01 -3.58374953e-01 6.79008961e-02 -1.74291044e-01
    -1.18763715e-01 -3.97253036e-03 1.50100440e-01 5.11790216e-01
    8.52663219e-02 3.83914739e-01 1.33562595e-01 1.79147094e-01
    3.68038654e-01 -3.49107027e-01 2.18972147e-01 4.28555757e-01
    -1.59326792e-01 -9.08762217e-03 2.64240533e-01 3.40962976e-01
    1.03992224e-01 -1.64252192e-01 -4.05339718e-01 -2.47731835e-01
    -3.53254467e-01 -3.33286017e-01 1.50252342e-01 2.93893814e-02
    2.49959648e-01 3.50592554e-01 1.25320733e-01 -2.38498092e-01
    -1.05719000e-01 -3.01026940e-01 4.14735079e-03 1.49405152e-01
    5.96407771e-01 9.65184271e-02 -5.39196312e-01 6.28900528e-02
    2.70845413e-01 -2.91811585e-01 1.85274363e-01 3.39089155e-01
    1.10586464e-01 -5.49274862e-01 -4.01415855e-01 1.31103575e-01
    -3.03945065e-01 -1.30633056e-01 -2.94135213e-01 2.39613622e-01
    1.61568403e-01 2.40868866e-01 2.38298535e-01 -1.08352065e-01
    6.03514910e-03 -2.41679430e-01 -1.82084739e-01 -1.42497689e-01
    4.12698209e-01 2.79308856e-01 -2.01132476e-01 -4.46876436e-01
    1.23266995e-01 -8.89529586e-02 -3.15681040e-01 -3.71673048e-01
    1.44700348e-01 3.65941226e-01 2.34462023e-01 -2.09022224e-01
    -4.67599630e-01 7.18953013e-02 3.60750914e-01 7.41350651e-03
    3.53256166e-01 -2.90590197e-01 -3.08622956e-01 1.37750506e-01
    4.68240917e-01 -3.32732856e-01 -1.54079884e-01 5.10126352e-03
    2.10267246e-01 -1.07237697e-02 -4.03023034e-01 -2.70231038e-01
    3.36345375e-01 -3.66209149e-01 -3.99352252e-01 -3.72831851e-01
    1.05674148e-01 -4.83275652e-02 -3.96738231e-01 5.04121840e-01
    -2.49284774e-01 -2.75632799e-01 2.14466751e-01 1.36761606e-01
    -3.35429788e-01 -1.31142557e-01 -1.08904213e-01 -2.24474430e-01
    -1.91959262e-01 -3.71779233e-01 4.30741608e-01 -4.12789971e-01
    6.39880300e-02 3.49496931e-01 -1.23885572e-01 -9.22430456e-02
    -2.67175555e-01 -5.01700163e-01 1.03870213e-01 -4.67869341e-01
    2.45577097e-01 -1.39498591e-01 3.53942633e-01 -2.56731778e-01
    -2.28617787e-02 -1.45778090e-01 1.64450198e-01 -2.50281423e-01
    -2.46114612e-01 -1.66649193e-01 -1.37549937e-01 -3.00649583e-01
    1.59286022e-01 -4.24732000e-01 2.75175750e-01 2.19907790e-01
    -5.98364472e-02 3.63150239e-02 4.25323099e-01 -4.30919349e-01
    4.91581559e-02 1.63627863e-01 3.12905669e-01 1.96219742e-01
    -1.95416689e-01 -3.62954438e-02 -7.68884420e-02 2.35360473e-01
    -4.28985894e-01 -4.38012004e-01 1.90814316e-01 -1.72795236e-01
    3.37168694e-01 -2.83771187e-01 5.33541679e-01 -2.44079232e-01
    -1.66554451e-02 -4.49500203e-01 -1.80101097e-01 1.98492438e-01
    -7.41714239e-02 3.58122319e-01 -2.29522645e-01 5.49678206e-02
    -1.17450804e-01 -8.26253891e-02 1.69201493e-01 -1.91875786e-01
    -1.63984299e-03 1.85108900e-01 -3.55104774e-01 3.51256847e-01
    -1.82477504e-01 -1.82786047e-01 -8.44860673e-02 1.57279074e-01
    -2.22580731e-01 -3.71625751e-01 -3.19809973e-01 -1.34920955e-01
    7.73129463e-02 4.88249063e-02 -7.97668397e-02 2.10775614e-01
    -4.64510411e-01 4.14013386e-01 1.85914755e-01 2.03426540e-01
    -6.93341196e-02 -2.58474141e-01 -1.00694895e-01 -3.88092399e-02
    -2.37674296e-01 -5.16958714e-01 1.79759264e-02 -3.01875383e-01
    -3.42533410e-01 -4.46323484e-01 -1.43975317e-01 3.71696532e-01
    -2.08866358e-01 4.15847659e-01 -8.98519158e-02 3.17328751e-01
    2.73804903e-01 2.35731423e-01 -2.08891034e-02 1.79060578e-01
    -2.92030692e-01 -5.59900284e-01 -5.87713420e-01 3.05389285e-01
    -2.97239780e-01 3.93429637e-01 1.31510079e-01 -4.74852502e-01
    -4.21198428e-01 1.40056074e-01 -1.17450833e-01 2.01353192e-01
    -7.98791945e-02 -5.00228047e-01 -2.70275712e-01 -2.23966837e-01
    3.44597995e-01 3.62759888e-01 2.74905920e-01 -3.01766425e-01
    1.02043390e-01 -3.67986768e-01 7.90599585e-02 1.58777535e-01
    -4.14429992e-01 3.11689675e-01 3.21471751e-01 5.91050982e-02
    -2.63682991e-01 -3.92456442e-01 -4.59574133e-01 -1.06809229e-01
    8.75853598e-02 -3.69578302e-01 5.48251569e-02 4.59700167e-01
    -4.13883924e-02 3.95210207e-01 -2.65145689e-01 -2.12824345e-02
    2.83658087e-01 -5.25316834e-01 -4.03611630e-01 -6.66900575e-02
    -3.81463498e-01 3.80125701e-01 5.99048138e-02 -1.93992674e-01
    3.41344476e-01 -3.41549933e-01 -5.22449613e-02 -4.64337826e-01
    -3.85516346e-01 -2.37465084e-01 4.15493548e-01 2.10506499e-01
    -4.76170212e-01 2.43850291e-01 -4.45056349e-01 -3.28941822e-01
    -3.56705725e-01 -3.99105310e-01 -3.11690867e-01 -2.34478205e-01
    -3.57303649e-01 4.43455786e-01 -2.52476037e-01 -2.84468532e-01
    -8.78268182e-02 -4.53255326e-01 3.00616026e-02 5.92133701e-02
    1.02354139e-01 7.58337677e-02 -6.07887805e-02 -3.87502998e-01
    2.45462090e-01 5.34543335e-01 4.07706559e-01 2.44422674e-01
    2.36018181e-01 -1.59722030e-01 1.15994036e-01 -4.08966035e-01
    -4.23716545e-01 2.38477290e-01 -2.55181223e-01 4.60202456e-01
    -1.20470762e-01 -3.59695256e-02 -2.52765626e-01 3.22650790e-01
    -3.21917325e-01 -7.82976747e-02 -2.51829445e-01 -2.71240383e-01
    2.55257189e-01 3.30873251e-01 -3.31650496e-01 -4.64283854e-01
    3.45961332e-01 -1.56498045e-01 2.63285041e-02 3.93463433e-01
    -4.16498035e-01 -1.90170020e-01 -2.80368268e-01 2.18099356e-03
    6.97663426e-02 -3.08026552e-01 4.92902219e-01 -4.57625836e-01
    -4.90381241e-01 -1.89265013e-02 2.84900784e-01 -1.96693957e-01
    3.48682821e-01 -3.10660750e-01 -8.76889527e-02 1.20689154e-01
    1.96215808e-01 -1.79776937e-01 -3.51924300e-01 -4.39821422e-01
    -2.13098586e-01 4.68507588e-01 -1.59666985e-01 -6.04530931e-01
    -3.38672280e-01 1.00696206e-01 -4.40424293e-01 -2.29563594e-01
    3.06400150e-01 3.16857934e-01 -1.38117075e-02 2.29793936e-01
    3.04677486e-02 -4.27708298e-01 3.01372588e-01 3.66320670e-01
    -2.05802381e-01 1.49678707e-01 2.80150712e-01 3.07692349e-01
    2.94472098e-01 6.60704374e-02 3.99494827e-01 -2.43861020e-01
    -3.14347863e-01 -2.36464441e-01 2.03979790e-01 -3.86998326e-01
    -1.07124269e-01 1.46266490e-01 -1.79222226e-01 -3.72085422e-01
    -2.90850878e-01 3.22730631e-01 3.42609882e-02 3.75526845e-02
    -1.26176059e-01 -3.91657680e-01 -2.21083313e-01 2.96111703e-01
    4.07565892e-01 3.67407560e-01 -2.20879763e-01 2.09787190e-01
    -9.25555229e-02 2.93803513e-01 -3.23723555e-02 4.62109089e-01
    2.70081043e-01 -3.91900539e-04 2.63971329e-01 3.33504587e-01
    -1.13804728e-01 4.36980724e-02 5.18221974e-01 -5.28735876e-01
    6.93285465e-02 7.12292194e-02 1.94669902e-01 -2.70694435e-01
    8.57527852e-02 -3.18977028e-01 -4.12515759e-01 -5.28921604e-01
    -4.18428600e-01 3.49968851e-01 -7.13700652e-02 -2.82460779e-01
    -3.06607395e-01 -4.71049368e-01 1.18450254e-01 -1.55776829e-01
    -2.21464247e-01 -2.39452362e-01 -6.79159164e-03 1.87250078e-02
    -2.68159866e-01 -1.12933815e-02 8.38527083e-03 -3.53483349e-01
    6.96151853e-02 -3.85457277e-01 2.91686654e-02 -1.55455232e-01
    -8.52518976e-02 -8.28456581e-02 -2.97607213e-01 -7.91401863e-02
    5.17302454e-02 2.53014326e-01 -1.11109227e-01 -3.41197282e-01
    -1.96683913e-01 -1.23952240e-01 -1.22503668e-01 -3.08543444e-03
    1.46143883e-01 -6.13217354e-02 2.66383767e-01 4.26644444e-01
    -3.78812432e-01 1.35452807e-01 3.68573129e-01 -4.00010884e-01
    7.63438940e-02 -1.07430905e-01 -2.96758622e-01 -1.74254805e-01
    -3.89139742e-01 3.93766373e-01 -9.62689817e-02 2.06119210e-01
    -1.33349597e-01 -3.34805906e-01 -2.60584265e-01 4.76377040e-01
    1.06842101e-01 -1.93314821e-01 -4.15136397e-01 1.11464441e-01
    -2.27750540e-01 1.50380731e-02 1.07505500e-01 3.73405933e-01
    -1.94430292e-01 1.44690812e-01 3.69256139e-02 -2.07915545e-01
    -3.37241113e-01 -3.93488407e-01 -3.75942260e-01 -2.52395332e-01
    -4.91180271e-01 1.11225426e-01 1.54981017e-02 3.40546250e-01
    -1.67287827e-01 -1.92346960e-01 -1.53495133e-01 2.52834082e-01
    3.76467288e-01 6.47326708e-02 4.12672639e-01 -4.97028768e-01
    -2.12091506e-01 -2.17178971e-01 4.46768761e-01 -1.35062277e-01
    -5.66570640e-01 -6.23769760e-01 1.19615078e-01 5.36296368e-02
    2.33264804e-01 -2.63716757e-01 4.29004133e-01 -4.01605964e-01
    1.08757794e-01 1.79890990e-01 7.66601562e-02 3.30330074e-01
    2.94913113e-01 7.42156506e-02 -2.82632709e-02 -2.44754881e-01
    -2.01657593e-01 -3.59108448e-01 -3.03919464e-01 -2.80835539e-01
    -2.55701959e-01 -1.97741449e-01 -4.91508961e-01 4.52124238e-01
    4.42904741e-01 -1.33984983e-02 3.20650458e-01 1.40410304e-01
    -3.78319502e-01 2.88639069e-01 7.02970028e-02 -3.56344819e-01
    -1.89221919e-01 2.38477230e-01 2.30376542e-01 2.01489508e-01
    6.93954825e-02 3.40430737e-02 1.58497930e-01 4.37684655e-02
    -4.43018049e-01 -8.26040506e-02 -3.80464762e-01 4.29878414e-01
    4.55042064e-01 -4.45685327e-01 -3.73639166e-01 3.96517009e-01
    3.71211767e-02 4.32806909e-02 -4.08726931e-01 -4.49235082e-01
    1.17783934e-01 -1.51383638e-01 3.53537619e-01 1.51515484e-01
    4.55749631e-02 3.99372309e-01 1.32077217e-01 -3.08075458e-01
    4.08503711e-01 1.42697334e-01 -3.71773988e-01 -2.76018023e-01
    -2.59113550e-01 -3.00088793e-01 4.94514108e-02 1.29894733e-01
    -3.54120553e-01 3.65988761e-01 7.79382586e-02 7.41383433e-03
    -1.77689254e-01 -2.48491496e-01 2.38493502e-01 2.81025887e-01
    -2.59976387e-02 3.12886775e-01 -3.39993417e-01 -1.99070275e-01
    -4.87329066e-01 3.59337509e-01 -8.57730806e-02 2.74935722e-01
    2.66038597e-01 -5.26849747e-01 2.65551209e-01 -2.38966644e-02
    -4.15604383e-01 -1.66681409e-02 -1.93989873e-02 4.38633174e-01
    1.42779768e-01 4.46742624e-01 2.72195697e-01 -1.26247197e-01
    2.57741153e-01 -3.96705538e-01 -3.17416430e-01 2.52023131e-01
    2.46116281e-01 -4.52238977e-01 5.64590096e-02 4.52560186e-03
    -1.61363482e-02 4.33479488e-01 -4.56449032e-01 -6.54586554e-02
    1.53043061e-01 1.36322349e-01 2.28979647e-01 -9.37387347e-02
    1.37251318e-01 2.26265848e-01 4.01717216e-01 -3.63473088e-01
    -2.86398292e-01 -2.16588050e-01 -3.22537690e-01 4.06784266e-01
    2.40992606e-02 -8.30995739e-02 7.76681900e-02 -1.68171942e-01
    1.07102096e-01 -3.21114868e-01 2.10275650e-01 2.03756124e-01
    -1.71294540e-01 -4.30005699e-01 -2.27579474e-01 -1.25580519e-01
    1.75554603e-01 -1.42237663e-01 2.03305006e-01 3.29574406e-01
    2.22098827e-02 5.83384633e-02 -2.42134571e-01 2.91120708e-02
    -2.88145930e-01 9.60448980e-02 -3.68341595e-01 -1.13115609e-02
    -1.48335695e-01 -4.40859437e-01 2.98248470e-01 -3.14177930e-01
    -1.60009861e-01 -4.02828395e-01 3.59465301e-01 2.32641757e-01
    -2.43929952e-01 -1.77427769e-01 -1.21996284e-01 -1.78722203e-01
    -2.74242520e-01 6.36509657e-02 -2.39612967e-01 1.06382340e-01
    -3.09036016e-01 -2.72424847e-01 1.32275403e-01 -9.64590907e-03
    -1.40336543e-01 -3.68583292e-01 -1.82545364e-01 -2.13116348e-01
    2.58635223e-01 4.41848934e-02 -5.62267303e-02 -4.28716958e-01
    2.32821822e-01 -2.84441054e-01 3.23707461e-01 -3.09710473e-01
    -2.60524511e-01 4.16487455e-03 8.59203935e-02 2.47445405e-01
    4.78456467e-01 -4.88626599e-01 1.22353017e-01 4.96158272e-01
    -3.68410200e-01 -2.01415360e-01 -2.69571781e-01 4.25025403e-01
    -2.37906754e-01 5.16860962e-01 -5.91850281e-03 -3.79252225e-01
    -1.00947022e-01 -3.55648130e-01 -2.25096881e-01 -2.00977474e-01
    1.91750914e-01 1.82679296e-02 -7.53120482e-02 -2.98106730e-01
    2.08057553e-01 3.75945449e-01 -2.28847265e-01 3.59148800e-01
    -4.69935954e-01 2.53460228e-01 3.90656292e-01 5.06943464e-03
    3.70636225e-01 -2.97845751e-01 -3.89135838e-01 4.58559394e-02
    3.26719403e-01 5.18964529e-02 -9.99642909e-02 -1.53410226e-01
    -1.01241648e-01 1.16662890e-01 2.32698023e-02 -2.82455593e-01
    2.22786248e-01 -2.63764352e-01 4.70777035e-01 -3.08889627e-01
    4.12818015e-01 -1.70739830e-01 -1.79837376e-01 2.15520442e-01
    2.50012875e-01 -2.42296278e-01 1.26137614e-01 8.00520182e-03
    1.02737665e-01 -4.84511137e-01 2.60832310e-02 1.54174149e-01
    -2.79783577e-01 2.98764288e-01 4.54840273e-01 -3.18841457e-01
    -1.38649523e-01 2.24319875e-01 3.41366351e-01 2.36489177e-02
    -4.14303839e-01 3.51297677e-01 -4.19695467e-01 -3.57288361e-01
    -1.97553903e-01 3.75992209e-01 -2.08535224e-01 -3.13816220e-01
    2.96967328e-01 3.41979653e-01 -3.54589909e-01 -2.48998225e-01
    4.03589010e-02 2.88332522e-01 -4.59039062e-01 2.29314625e-01
    -1.00367725e-01 -2.10520089e-01 2.43072927e-01 -3.12424809e-01
    -3.30418676e-01 -2.83206016e-01 -2.36081094e-01 2.61931479e-01
    2.76713729e-01 1.91033602e-01 -2.87042439e-01 3.09365273e-01
    1.96403384e-01 7.62589276e-02 5.37463069e-01 8.11387002e-02
    1.13777816e-02 1.48097932e-01 4.51124907e-02 2.60565162e-01
    -4.61873204e-01 -3.45374852e-01 -3.82844239e-01 3.84758413e-01
    1.07299089e-01 2.49419451e-01 -1.06099188e-01 -1.17375791e-01
    1.99281633e-01 3.11175585e-01 -2.50661045e-01 1.47227526e-01
    -8.33696723e-02 -9.42427516e-02 2.37178206e-01 -1.97039962e-01
    -7.29880929e-02 3.68272781e-01 4.02408540e-01 3.00943494e-01
    2.04675257e-01 -3.97028089e-01 1.75016582e-01 -2.39782721e-01
    3.04662257e-01 -1.74055636e-01 -8.95791650e-02 -1.72325015e-01
    8.52867663e-02 4.91464496e-01 1.33383274e-03 -4.67595130e-01
    -4.12902981e-01 -1.00893378e-01 -2.29195654e-01 4.68170047e-02
    -3.53283018e-01 -4.16884720e-02 -1.38578087e-01 -2.19537020e-01
    7.98044801e-02 3.11687589e-02 -3.12415719e-01 1.97984695e-01
    1.76554382e-01 2.65179455e-01 2.82414526e-01 -2.08035171e-01
    2.79052317e-01 4.87684488e-01 -4.87839937e-01 -1.19328529e-01
    -4.37255800e-01 2.31673837e-01 9.31790173e-02 3.17225456e-01
    -6.00121200e-01 1.35738969e-01 8.89070630e-02 3.28434646e-01
    7.01749325e-02 1.61849022e-01 4.31990057e-01 1.02566779e-02
    -1.01436853e-01 -3.12203676e-01 -6.55102432e-02 -3.98103237e-01
    -2.33671427e-01 -2.43219852e-01 -2.93147475e-01 -3.53553981e-01
    -2.47542679e-01 2.99168319e-01 2.72984445e-01 -2.24983573e-01
    -1.71558410e-01 -7.11934865e-02 -3.25480491e-01 3.60628128e-01
    -2.91883945e-01 -9.58523452e-02 2.49381006e-01 -2.29267001e-01
    -3.23384315e-01 -3.53203923e-01 -1.23896599e-02 7.80147314e-02
    9.74615216e-02 4.00544584e-01 -4.26424325e-01 2.14781642e-01
    -3.23556274e-01 6.80500269e-03 -1.86587244e-01 4.64968979e-02
    -3.60547006e-01 -3.75672281e-01 -1.90808773e-02 -3.24365914e-01
    -2.02291876e-01 2.20172465e-01 -5.71273208e-01 -5.13160348e-01
    -1.43096477e-01 4.01923716e-01 -5.12262583e-01 4.17373955e-01
    -2.33045459e-01 -3.92373711e-01 2.40563929e-01 -1.60387427e-01
    -9.39542055e-03 -2.43347496e-01 9.39078331e-02 7.87234902e-02
    2.73704231e-01 1.65156484e-01 2.87588835e-02 -2.66309857e-01
    -4.48230088e-01 -1.05790198e-02 3.82035971e-03 1.19232118e-01
    3.83138239e-01 -4.58802193e-01 -2.89301544e-01 -1.85606062e-01
    3.33725274e-01 -1.63172245e-01 1.72850251e-01 2.56578147e-01
    -4.19833690e-01 -1.29619539e-01 -3.57023716e-01 5.27938187e-01
    -4.73284513e-01 -9.35828984e-02 -2.81818718e-01 2.86097527e-01
    1.01786435e-01 1.31669879e-01 -9.50102806e-02 -4.75902110e-01
    7.50979781e-03 3.75384629e-01 -1.59733087e-01 -9.79253650e-03
    4.39395070e-01 3.19231629e-01 -2.87511766e-01 -3.69664788e-01
    4.67560410e-01 1.33212805e-02 -5.84739745e-02 9.55517292e-02
    4.16632801e-01 -4.23988909e-01 -4.10163611e-01 -1.21180207e-01
    -4.86215353e-02 -2.14693040e-01 -1.59532309e-01 1.63781285e-01
    -3.49616885e-01 -2.97827214e-01 -7.38935471e-02 2.06711113e-01
    4.51255709e-01 4.23213810e-01 -1.27211213e-02 -3.30395818e-01
    -2.45728433e-01 -2.90708601e-01 -4.01627988e-01 1.01578891e-01
    1.66534811e-01 1.04111940e-01 -3.53683889e-01 -7.68528879e-02
    6.51977062e-02 -5.99208415e-01 -5.24541736e-01 2.93939710e-02
    -2.50572085e-01 -2.47498393e-01 4.03842926e-02 2.43733823e-01
    5.53309917e-02 3.26149166e-01 3.61731827e-01 -3.13784778e-01
    -4.43762511e-01 -4.08474088e-01 -4.56379056e-01 -8.57686996e-03
    2.30409861e-01 -1.11753702e-01 -1.51438028e-01 1.68468297e-01
    -3.50805283e-01 -1.65155530e-02 2.46116042e-01 -1.64277166e-01
    3.17726195e-01 -3.05369377e-01 -1.00716382e-01 -2.24298775e-01
    -3.97274852e-01 -4.92334127e-01 2.91341633e-01 1.34012878e-01
    -2.91506141e-01 -2.18859434e-01 -2.18592137e-01 -8.05183053e-02
    -1.51810408e-01 2.96868861e-01 -1.45761013e-01 1.76442862e-02
    1.69708848e-01 -2.86913484e-01 3.89483482e-01 -3.50763500e-02
    -3.06499451e-01 -2.16257215e-01 2.07855046e-01 2.82376409e-02
    1.61615193e-01 -1.31130457e-01 7.80531168e-02 -5.55159152e-02
    -5.14210463e-02 2.49215961e-01 3.67350042e-01 -1.82334691e-01
    -5.49645603e-01 -4.74580765e-01 2.71391451e-01 3.43733251e-01
    -2.47165829e-01 -1.00493878e-01 -5.86141229e-01 4.03737426e-02
    3.02082300e-03 1.50081336e-01 -2.74542242e-01 2.54648477e-01
    2.84041435e-01 -3.75027061e-02 -1.11256748e-01 -3.11822057e-01
    9.37516391e-02 -1.51385307e-01 1.84750378e-01 -4.67592359e-01
    1.30267859e-01 -3.56775910e-01 2.17342973e-02 -4.62367743e-01
    3.07040930e-01 2.36141443e-01 2.80480564e-01 -4.96284395e-01
    -5.45226455e-01 -4.03963923e-02 5.20234108e-02 6.49332404e-02
    -5.75038195e-01 -3.47117662e-01 4.36146915e-01 3.32389832e-01
    -3.82171690e-01 2.54859447e-01 -3.87324750e-01 1.17472649e-01
    -4.95613188e-01 -3.33466411e-01 4.26188618e-01 -2.56271660e-02
    1.88427210e-01 1.86769545e-01 -2.87621081e-01 -1.65514112e-01
    4.07013834e-01 -1.50943249e-01 3.47876549e-02 -4.94301260e-01
    -4.27860022e-01 -3.52775067e-01 2.84486175e-01 -1.83678091e-01
    -2.17573762e-01 -1.83159828e-01 -5.20306826e-03 3.83272916e-01
    2.16729701e-01 -9.86702740e-02 2.32934237e-01 -4.85456198e-01
    1.48928404e-01 3.18681657e-01 -6.87223673e-02 -1.33552998e-01
    4.86961007e-03 1.68872952e-01 1.10668898e-01 -2.70842075e-01
    1.38335407e-01 -2.28360593e-01 -9.91881490e-02 -4.32352394e-01
    -1.61972404e-01 1.87925577e-01 2.75036216e-01 -3.87281567e-01
    -4.70621288e-01 -4.16817129e-01 1.96260333e-01 -3.96208167e-01
    -3.47549021e-01 -1.07884020e-01 7.52245486e-02 -2.65792400e-01
    -5.38869858e-01 -3.91913056e-01 3.18803549e-01 3.38537991e-01
    -9.24285352e-02 3.49725783e-01 -2.55150080e-01 -3.76284212e-01
    -2.53290594e-01 -6.98399842e-02 4.65364516e-01 3.56578350e-01
    -1.88003421e-01 -7.93314576e-02 3.53626072e-01 -1.48188084e-01
    -8.97805989e-02 1.30785823e-01 -3.26267302e-01 -4.15993750e-01
    4.06663358e-01 -1.72837675e-01 -2.98952729e-01 -3.51682335e-01
    -2.39540905e-01 2.98663288e-01 -3.98920536e-01 5.21791875e-01
    -3.83882105e-01 3.51776242e-01 -2.38142520e-01 -4.88019586e-02
    2.18656361e-01 3.04209828e-01 -6.20186329e-02 -1.53719455e-01
    -2.93516427e-01 -3.52721572e-01 2.63321042e-01 -8.23989809e-02
    -5.08936346e-01 3.25560212e-01 -5.12094617e-01 1.96083665e-01
    4.19001102e-01 -2.20688641e-01 -1.93746895e-01 3.15640748e-01
    -4.28811312e-02 -2.75737733e-01 3.04654241e-01 9.49937701e-02
    2.65754163e-01 9.89544392e-02 -4.81947660e-02 2.11268604e-01
    -7.85442889e-02 2.56030321e-01 -4.96552736e-01 3.63149524e-01
    -3.57405365e-01 -3.26136380e-01 -9.36876237e-02 1.24300718e-02
    -4.17101175e-01 -4.60121781e-01 2.84902036e-01 1.29322082e-01
    7.98287988e-02 -4.28821206e-01 1.56285733e-01 7.41417110e-02
    -3.97463322e-01 -2.04351187e-01 2.05378294e-01 2.74156630e-01
    -1.21491253e-01 2.59952337e-01 -1.26542687e-01 -1.40439153e-01
    -4.64733660e-01 4.99340117e-01 -9.95213687e-02 -7.65256882e-02
    -4.83768016e-01 3.75671864e-01 2.15009868e-01 -2.53292084e-01
    4.95918810e-01 1.01498336e-01 -3.21384132e-01 4.41895753e-01
    1.41157985e-01 1.07334495e-01 3.65599811e-01 -4.70187068e-02
    -8.15979242e-02 1.89185739e-01 -1.37458175e-01 -9.28786397e-02
    -2.07571119e-01 -4.88966703e-03 -5.46194613e-01 2.67125010e-01
    4.29223359e-01 -6.72471225e-02 1.49665862e-01 -4.70432341e-01
    1.24759376e-02 4.96240646e-01 1.65283620e-01 -2.94124573e-01
    6.22891784e-02 -4.22555208e-03 1.43585622e-01 -3.44043434e-01
    -2.36554652e-01 1.26428545e-01 -1.91606432e-01 2.81636119e-01
    -2.94831365e-01 4.78571653e-03 2.17667401e-01 -2.58854955e-01
    -2.00506061e-01 2.96347708e-01 5.27827501e-01 -2.10744619e-01
    -2.21748292e-01 2.16298401e-01 1.09409869e-01 -4.98321265e-01
    -3.68564367e-01 2.39832580e-01 1.04955554e-01 2.41880119e-01
    -3.42432350e-01 2.49364853e-01 4.34603274e-01 -4.08838034e-01
    4.32429016e-02 4.40686136e-01 1.78717434e-01 2.94447839e-02
    -4.44893926e-01 2.49882609e-01 -2.00267643e-01 -2.36791611e-01
    -7.08389282e-03 -4.92946595e-01 2.79821515e-01 -5.43172181e-01
    2.34812737e-01 -2.59589046e-01 -2.36516118e-01 -3.72613043e-01
    2.29532123e-01 -2.68290579e-01 -6.86037242e-02 -1.33866668e-01
    3.26604247e-01 -1.83772147e-01 -6.31866455e-02 -4.92899239e-01
    5.60125113e-02 -1.37152374e-01 3.22421789e-02 -4.90240574e-01
    3.34965289e-01 2.24879980e-02 3.12973797e-01 1.68689072e-01
    2.21325040e-01 2.48443902e-01 -2.94174612e-01 -1.53646052e-01
    5.79010844e-02 1.44251943e-01 -4.41129863e-01 -3.30294251e-01
    -9.80648696e-02 -4.29922253e-01 2.61174738e-02 -3.23720187e-01
    1.12287194e-01 -2.65426636e-01 1.93607777e-01 -2.99369812e-01
    -6.20788336e-03 3.37900698e-01 -4.44344848e-01 -3.28429341e-01
    1.04364693e-01 -3.21889281e-01 3.42936516e-02 -3.36586207e-01
    -1.53616667e-02 -1.27143413e-01 -3.24039519e-01 1.72739029e-01
    2.75373995e-01 -1.35214448e-01 -2.25182980e-01 -5.26840091e-01
    -4.20299351e-01 1.70168281e-02 3.91349137e-01 4.04682755e-01
    -3.36140662e-01 -1.54794455e-01 3.20168376e-01 -4.90815908e-01
    -4.75245744e-01 2.00421095e-01 3.61765742e-01 2.75583148e-01
    -3.24318945e-01 -8.09111595e-02 -2.94026732e-01 4.17464316e-01
    4.16242599e-01 2.31494308e-01 2.40479887e-01 -9.79822874e-03
    -1.16708696e-01 -8.53230059e-02 2.23050177e-01 -3.34471911e-01
    -4.12782282e-01 1.78981185e-01 7.16041028e-02 4.46632683e-01
    -2.25802988e-01 -6.06813729e-02 -3.98411930e-01 6.02657676e-01
    -6.93708956e-02 2.95148522e-01 -1.74962670e-01 3.72211754e-01
    -1.72742903e-01 -3.83528024e-01 1.55121148e-01 4.30847347e-01
    9.54255462e-02 3.15717280e-01 4.80309725e-02 -5.76466024e-01
    -3.49998266e-01 8.20707083e-02 -6.75461888e-02 -2.44931608e-01
    9.62108374e-03 -3.41680348e-01 3.53699952e-01 3.65537822e-01
    3.71438265e-03 9.89549756e-02 1.38789445e-01 3.45449924e-01
    -3.34053785e-01 3.43198478e-01 6.75207973e-02 -1.99931085e-01
    4.13628846e-01 -2.17841864e-02 -3.15527231e-01 -4.94267941e-01
    3.30184340e-01 -4.45341438e-01 1.31593674e-01 -1.03661984e-01
    4.25765991e-01 2.78489083e-01 -3.38712901e-01 3.45800042e-01
    -4.08205688e-02 1.29383147e-01 -1.42455727e-01 -1.62776411e-01
    -2.05599874e-01 1.45604014e-02 1.00421667e-01 -3.39127362e-01
    -1.36398554e-01 1.34857953e-01 2.39905417e-01 8.22546482e-02
    8.81533027e-02 8.39463174e-02 4.26415831e-01 3.68617475e-02
    1.51149213e-01 4.68041480e-01 -7.29060173e-02 2.81381190e-01
    4.40353870e-01 -1.09234303e-01 -4.26505178e-01 -3.46871316e-02
    3.57921749e-01 -4.99112874e-01 1.68939352e-01 8.07788372e-02
    -3.78479600e-01 -1.19116306e-02 1.31183207e-01 -3.59850734e-01
    2.57107496e-01 -3.06496650e-01 -4.51809824e-01 2.14810073e-01
    -4.54112321e-01 3.16972136e-02 2.88517654e-01 -4.14898962e-01
    -1.14526063e-01 -4.02081907e-01 -4.77232724e-01 1.03814602e-02
    3.68003368e-01 -3.10630679e-01 1.72834754e-01 2.29568481e-02
    -5.44233441e-01 1.89729333e-01 2.41619974e-01 -4.34189588e-01
    1.64947033e-01 -3.89349282e-01 3.41634929e-01 -1.10119641e-01
    -2.10010648e-01 -1.68226570e-01 7.18853772e-02 -4.50270027e-01
    -4.36982512e-02 2.05517352e-01 1.09728277e-01 -1.52161568e-01
    -4.19231296e-01 4.54833508e-02 3.84652495e-01 -5.34547508e-01
    -1.47985697e-01 -3.45189661e-01 -3.28338385e-01 -1.03556663e-01
    1.35339022e-01 1.17948711e-01 3.26317549e-01 -2.40174860e-01
    1.30245686e-01 -1.29123390e-01 3.57205391e-01 -3.38502824e-01
    2.03502774e-01 -8.28660429e-02 3.55755270e-01 2.26599813e-01
    -5.43369830e-01 -6.02599382e-02 3.64753962e-01 -4.46421146e-01
    -4.69533890e-01 2.77530402e-01 -1.10769689e-01 -1.55779481e-01
    3.89347613e-01 3.10446739e-01 2.45650828e-01 1.82346046e-01
    -1.97872400e-01 2.68691778e-01 3.00605178e-01 -5.82703114e-01
    -3.69228423e-01 3.45561802e-01 -4.77101833e-01 -2.92819381e-01
    -2.61774063e-02 4.42123324e-01 5.08374631e-01 -3.04316968e-01
    2.29404688e-01 -1.52273625e-01 9.35242176e-02 2.76220858e-01
    -4.59867954e-01 3.20430279e-01 1.51783884e-01 -3.67489368e-01
    3.41192722e-01 -3.92361879e-02 -4.64375973e-01 2.16957182e-01
    -4.43978757e-01 1.44465506e-01 5.56469440e-01 -2.77785599e-01
    1.69296831e-01 -2.65122861e-01 1.01005584e-01 7.54093528e-02
    3.64499986e-01 2.90821671e-01 -3.50755602e-01 3.52996945e-01
    -1.28712267e-01 1.71052277e-01 9.81897414e-02 2.55958587e-01
    -7.98103213e-03 -9.96077061e-02 -2.04695046e-01 -1.97885334e-02
    3.36766660e-01 -5.15346408e-01 3.67949367e-01 -7.97662139e-02
    -2.28345394e-04 2.12949276e-01 7.45317936e-02 4.22152102e-01
    -3.91101241e-01 -4.96896356e-01 2.97158957e-01 -1.10132098e-01
    -3.65431070e-01 -3.58712405e-01 3.07451189e-01 -1.46927834e-01
    -1.92165285e-01 -3.78321707e-01 3.18323970e-01 -3.98399979e-01
    1.23951167e-01 4.61687922e-01 -2.19481587e-02 -2.58521408e-01
    -1.37643784e-01 -1.50782347e-01 1.33315265e-01 -3.96236777e-02
    2.28128493e-01 2.67388701e-01 2.97882020e-01 3.24058712e-01
    -5.25529563e-01 -1.77270114e-01 3.04743469e-01 -5.31562448e-01
    -2.36980826e-01 -3.71557474e-03 2.01743603e-01 9.88872051e-02
    2.59425640e-01 1.66067779e-01 -4.29522991e-02 -1.39010966e-01
    -4.13311601e-01 -2.98321128e-01 -2.51160413e-01 -6.30462468e-02
    1.06026232e-02 1.85507298e-01 2.74267226e-01 -3.31083417e-01
    9.73603725e-02 1.70321643e-01 3.19555700e-01 -2.86497593e-01
    -3.92726839e-01 -3.04408550e-01 -1.54823661e-02 1.45710170e-01
    1.87550068e-01 -1.81240439e-02 7.27617145e-02 2.50059366e-03
    4.06058609e-01 1.98098302e-01 1.23098224e-01 -1.46012276e-01
    -5.31622469e-02 -4.56687599e-01 -2.68808156e-01 6.28264546e-02
    -3.57341111e-01 1.01889849e-01 -1.73653007e-01 -1.28512561e-01
    -6.43434525e-02 4.97088850e-01 -6.08046055e-02 3.79424810e-01
    1.63214803e-02 4.17294264e-01 -4.75493163e-01 -5.06091595e-01
    1.12627149e-02 -8.30945373e-02 4.38366532e-02 -1.61455095e-01
    -1.52567863e-01 2.30295777e-01 3.55518222e-01 1.65185302e-01
    3.99064660e-01 9.19975638e-02 -3.91326994e-01 4.68188167e-01
    3.66270423e-01 -8.98206234e-02 3.99651825e-01 -3.60593826e-01
    -2.56187707e-01 -3.65517825e-01 -1.19315475e-01 8.59741867e-02
    -4.54687148e-01 3.61240506e-02 -2.11393327e-01 2.21150160e-01
    -1.63649082e-01 3.85561466e-01 -3.83824110e-03 -2.20116615e-01
    -8.20631683e-02 -2.96198159e-01 -2.66784966e-01 2.80110240e-01
    2.75161266e-01 7.46457279e-02 -1.88885808e-01 2.41826981e-01
    2.36534715e-01 3.46787393e-01 -2.66062856e-01 1.58398151e-02
    -2.34557688e-01 -1.54022098e-01 3.35246444e-01 -5.56329906e-01
    2.12424636e-01 -4.12027806e-01 -2.11372137e-01 -3.82305205e-01
    -2.22729385e-01 1.16575062e-01 -7.62765408e-02 -1.88846052e-01
    2.70135880e-01 -3.71610522e-02 -4.12308484e-01 4.60546315e-01
    2.71143317e-02 -1.66890293e-01 3.70039582e-01 -2.61345923e-01
    2.93101132e-01 5.35981059e-02 -2.03583658e-01 3.26733291e-01
    3.50309670e-01 -3.81468654e-01 -2.72478551e-01 3.61966670e-01
    1.57595217e-01 -2.21647739e-01 3.66811812e-01 -2.06450015e-01
    -2.24714071e-01 2.98975110e-01 3.11960876e-01 2.54663587e-01
    -1.15856946e-01 -1.54193044e-02 1.44872248e-01 1.20940447e-01
    2.49354005e-01 1.07690990e-02 -6.59502745e-02 -2.95820624e-01
    1.98281229e-01 -1.66337907e-01 1.29150629e-01 -2.38766432e-01
    -4.50415283e-01 -2.26182193e-01 2.54143864e-01 -3.87867182e-01
    2.38894045e-01 -2.05379725e-02 -3.02534163e-01 -1.08480901e-01
    4.14740384e-01 1.32238328e-01 -4.32109952e-01 -3.25185001e-01
    -1.34947598e-01 -1.20594561e-01 -8.80464017e-02 1.28034174e-01
    -4.12838817e-01 -2.71444261e-01 -9.67503190e-02 1.46966457e-01
    -6.75096452e-01 1.71522439e-01 -2.15664506e-02 -1.73603535e-01
    -3.47158104e-01 -1.88818872e-01 2.58536935e-01 2.56233156e-01
    2.14359105e-01 1.88130021e-01 -1.43063664e-02 1.61581635e-01
    -2.92749017e-01 -9.60574448e-02 -3.34300399e-02 -4.60408837e-01
    -2.96983451e-01 -2.24012554e-01 9.12100673e-02 -2.03295410e-01
    2.32879996e-01 -3.79555106e-01 -7.64856339e-02 2.78911829e-01
    4.02801812e-01 -3.31702232e-02 1.95262372e-01 -2.38489419e-01
    -3.58334959e-01 -2.29685694e-01 1.66285038e-03 -5.22001624e-01
    -4.16769445e-01 5.20006537e-01 -1.88697010e-01 1.64338857e-01
    -2.40791202e-01 6.22684360e-02 -4.85616952e-01 -1.82442665e-02
    -6.76459074e-03 -4.58349943e-01 -2.52728313e-01 3.13104987e-01
    -5.45869410e-01 -4.50087011e-01 -1.10862285e-01 -4.39396560e-01
    -1.34792328e-02 1.90293550e-01 -5.13301015e-01 2.73042917e-03
    1.60136282e-01 2.77979553e-01 -3.37412238e-01 -5.69952846e-01
    2.91415989e-01 3.26053768e-01 -3.54942918e-01 -2.40811735e-01
    -2.74111271e-01 3.41050982e-01 -9.37919319e-02 -1.52490735e-01
    -4.50954825e-01 3.77224386e-01 2.48203993e-01 3.92937958e-01
    -2.23595709e-01 1.47833526e-01 -1.20821148e-01 2.54867315e-01
    -5.00928402e-01 1.54291332e-01 2.99131811e-01 -5.75547576e-01
    3.07852745e-01 -1.56103969e-02 2.92667449e-01 8.54128599e-02
    -2.05719769e-01 4.43776965e-01 2.47890770e-01 -3.43787342e-01
    3.36878449e-01 -1.29038304e-01 8.83522928e-02 -8.58993530e-02
    -2.28895366e-01 4.74989384e-01 -5.14828503e-01 -4.30477828e-01
    2.16640651e-01 3.69128346e-01 -3.17053676e-01 3.36254835e-02
    1.08293235e-01 2.68145680e-01 1.76031768e-01 2.99817860e-01
    1.14092767e-01 1.02660060e-02 -5.55738866e-01 1.74780786e-01
    -3.28770339e-01 -1.03542805e-01 4.49378490e-02 5.48095107e-02
    3.70677829e-01 1.58352256e-02 -7.28157163e-03 -1.74149036e-01
    3.20070148e-01 -3.13871473e-01 -3.04111719e-01 3.32610011e-01
    -1.95183754e-01 3.22161317e-02 -2.43890136e-01 -3.33386809e-01
    1.43736780e-01 -1.84230328e-01 3.01616192e-02 7.27893114e-02
    3.11895251e-01 -5.98349214e-01 -5.89107752e-01 4.48150396e-01
    -1.19903386e-01 -4.18685049e-01 3.43046665e-01 -1.81033611e-02
    -4.02785778e-01 3.90578508e-02 -2.04699129e-01 -4.25166190e-01
    1.19686365e-01 -9.39294100e-02 3.08634222e-01 5.90574682e-01
    -1.78491890e-01 -3.11661571e-01 3.71693850e-01 -1.92691416e-01
    9.13301706e-02 -2.05262542e-01 1.43099368e-01 -4.57661152e-01
    -7.47048855e-03 -8.88223648e-02 -5.07498384e-02 3.75134468e-01
    3.41268659e-01 -4.06768918e-02 -1.38853192e-01 -3.13311309e-01
    -4.06453550e-01 3.24833691e-01 -2.16358274e-01 2.04462290e-01
    -5.44460535e-01 -1.36679471e-01 -1.94243342e-01 2.94497311e-01
    -2.41926670e-01 2.42843419e-01 -2.73830116e-01 9.54433680e-02
    -1.13204867e-01 2.64372706e-01 2.28043020e-01 -1.57753617e-01
    -5.41841626e-01 -3.23390901e-01 -9.18976665e-02 -4.60979909e-01
    2.92056859e-01 -3.35730016e-01 -3.67013335e-01 -9.76690650e-03
    -3.41126353e-01 -4.94801581e-01 1.52798355e-01 -1.21600091e-01
    -2.25779653e-01 -1.32072747e-01 2.68646628e-01 4.46209133e-01
    1.28715456e-01 -2.29537487e-04 1.54466271e-01 -1.01731867e-01
    1.64118648e-01 -3.15438449e-01 -4.24666524e-01 -3.50607812e-01
    -4.66559500e-01 1.07418895e-01 -3.32796395e-01 1.29325390e-01
    2.12895870e-02 -3.75797421e-01 -4.63718712e-01 -1.99122310e-01
    -4.50695574e-01 -3.06810737e-01 -5.73536038e-01 -1.53678477e-01
    1.69899523e-01 1.36151314e-02 1.92467749e-01 -5.75760603e-02
    2.50595272e-01 2.98667073e-01 -5.79549789e-01 -2.33344615e-01
    -5.00892997e-02 -8.19461942e-02 2.64620364e-01 3.65201533e-01
    -5.24897575e-02 -3.88892770e-01 3.21641564e-02 4.01366234e-01
    -2.03470379e-01 2.48697281e-01 8.93487930e-02 -9.76187289e-02
    2.97979116e-02 7.06759691e-02 6.98426366e-02 -1.20285571e-01
    -4.55582142e-03 4.40865040e-01 1.52867198e-01 2.51277924e-01
    -1.60611242e-01 -1.62699163e-01 -4.51203406e-01 4.47133422e-01
    4.38969791e-01 -3.90251338e-01 1.87928677e-01 -8.75555277e-02
    -4.96648580e-01 4.26439524e-01 2.32827723e-01 -6.54258728e-02
    -4.21219409e-01 9.72173810e-02 -4.95149523e-01 2.49298334e-01
    1.66785002e-01 -5.74465692e-01 2.94743299e-01 2.21412003e-01
    -1.88875347e-01 6.48782253e-02 8.45943689e-02 1.51788592e-02
    -5.01867533e-01 -4.22328711e-03 -4.80813056e-01 2.84268498e-01
    -4.29833859e-01 3.77195418e-01 2.80544877e-01 1.33907437e-01
    1.19666696e-01 -3.61159891e-01 -2.36355811e-01 -4.42367494e-01
    -1.91623688e-01 2.56665766e-01 2.19917059e-01 2.21150219e-01
    3.17770004e-01 2.15560138e-01 -6.03134036e-01 -3.80552232e-01
    -3.56577635e-01 2.42355645e-01 3.16690326e-01 2.39793479e-01
    2.06121802e-02 -2.63852596e-01 2.80549765e-01 -9.79139507e-02
    1.26284570e-01 -3.00463080e-01 1.69008672e-01 -1.11214876e-01
    3.91685814e-01 5.29627204e-02 -2.33731866e-01 -7.79730082e-02
    2.72516251e-01 -6.93426430e-02 2.67742038e-01 -1.30950719e-01
    -9.35071707e-02 7.07029998e-02 1.36038125e-01 2.07396448e-01
    -2.46538311e-01 -2.79895067e-02 1.43065631e-01 -2.58478582e-01
    1.09907210e-01 -5.36753058e-01 2.96651781e-01 1.80731952e-01
    7.68647790e-02 -2.38472283e-01 -5.44624448e-01 -3.55090827e-01
    -2.68925101e-01 -3.20406020e-01 -1.79934353e-01 -1.24191016e-01
    -3.72933567e-01 -5.59944510e-02 -4.05349761e-01 5.40814996e-02
    -1.93010330e-01 1.39448762e-01 1.73781872e-01 -3.00215334e-01
    2.14957595e-02 -1.74115598e-01 3.85550439e-01 2.41878867e-01
    -3.11148167e-02 -3.38460296e-01 6.48337007e-02 -5.27815819e-01
    -1.06492639e-01 -8.93551111e-03 1.38058186e-01 8.13137889e-02
    -2.77119845e-01 -4.19333279e-01 -1.81078345e-01 1.97564036e-01
    1.10238165e-01 -3.24672490e-01 2.36941338e-01 2.49608636e-01
    -3.59913290e-01 -2.47884214e-01 6.83869720e-02 -4.96469051e-01
    1.86683595e-01 -3.34433198e-01 -2.34410763e-02 3.21123719e-01
    3.50526392e-01 1.74165428e-01 -3.26983869e-01 3.32186639e-01
    1.87387764e-01 -3.48200738e-01 2.75651038e-01 9.66347456e-02
    -3.49316478e-01 4.02562976e-01 2.14783281e-01 -2.11173803e-01
    -4.15451229e-01 3.87055039e-01 -3.83550406e-01 2.96260357e-01
    -3.92111748e-01 -2.11358577e-01 -1.22790456e-01 4.14101899e-01
    1.96900249e-01 -1.78984880e-01 -4.38391328e-01 3.89578402e-01
    2.74777830e-01 4.91133332e-02 -3.52113366e-01 -2.19936818e-01
    6.07953072e-02 -5.19575238e-01 -2.66748995e-01 2.53890842e-01
    -2.46731788e-01 1.64828897e-01 1.78532332e-01 3.97747636e-01
    3.47039700e-01 -3.40370953e-01 6.27188444e-01 -9.50183868e-02
    4.19472635e-01 -3.26088727e-01 4.02635336e-03 -3.66522968e-02
    1.49760306e-01 -3.42248321e-01 1.99004352e-01 3.92242849e-01
    2.44840622e-01 2.85661578e-01 -2.36110896e-01 3.84824157e-01
    -5.80921888e-01 -5.69265068e-01 7.96410441e-02 5.68355322e-02
    2.55973279e-01 -4.82758224e-01 7.74436593e-02 -5.75935245e-02
    -1.86305225e-01 -2.30776131e-01 -1.43590420e-01 3.15807998e-01
    -2.90077329e-01 3.14255655e-01 -4.00529325e-01 -1.95739686e-01
    7.59279728e-03 -1.65724158e-02 3.77906919e-01 2.48631239e-02
    1.69739366e-01 5.71173429e-03 3.52041245e-01 -3.13139617e-01
    -3.66303265e-01 3.38244081e-01 4.62556094e-01 -1.15459114e-01
    -7.18045235e-03 6.53176904e-02 -9.62129235e-02 -1.66557372e-01
    -1.55139357e-01 -1.67633295e-01 -3.83513302e-01 -4.44825321e-01
    3.40476573e-01 -2.78036952e-01 1.24472558e-01 -5.98513484e-02
    2.88176715e-01 2.40722686e-01 3.28269511e-01 -5.21221459e-02
    2.98239976e-01 -6.96283579e-03 1.68687284e-01 1.94839120e-01
    2.48985112e-01 1.82894349e-01 -2.17331737e-01 -6.71553612e-03
    4.01708484e-01 3.55012596e-01 -9.98112559e-02 -2.33019173e-01
    6.68375492e-02 2.65002847e-02 -1.29941881e-01 -3.20816100e-01
    -3.84483486e-01 -4.28435862e-01 1.37266576e-01 -3.87840033e-01
    3.34795654e-01 1.33855879e-01 -4.71922666e-01 -2.67883658e-01
    1.56159103e-01 1.59261703e-01 -1.82731420e-01 -1.13179564e-01
    -3.18054199e-01 1.56549811e-01 2.14359581e-01 -5.82757950e-01
    -2.06428736e-01 -1.60195410e-01 5.82385063e-03 -1.13955796e-01
    -2.85677671e-01 -3.98198754e-01 9.20401812e-02 -3.99791449e-01
    3.87547195e-01 1.14729166e-01 3.25660825e-01 -4.79835480e-01
    -1.94744110e-01 -2.10126191e-01 -3.04587364e-01 4.52500224e-01
    -5.04004717e-01 1.75984919e-01 3.63258421e-01 1.52004421e-01
    4.86773610e-01 4.57129478e-01 -3.24630082e-01 4.76416647e-01
    3.40741694e-01 -7.59793222e-02 2.39205122e-01 -1.94834977e-01
    8.74794722e-02 3.36209178e-01 3.30267012e-01 8.32259655e-03
    -3.30919325e-01 2.66332626e-01 1.42825842e-01 -8.35766792e-02
    -5.24522364e-01 1.06222391e-01 -4.50576991e-01 2.48175085e-01
    -1.01941109e-01 8.83269310e-02 -2.56341338e-01 4.85112607e-01
    2.58806854e-01 1.99171007e-01 -4.76045102e-01 -6.17707312e-01
    2.57873774e-01 -2.07506418e-02 3.44778299e-01 -3.77636999e-01
    -1.99084520e-01 -8.51099789e-02 -2.20151573e-01 9.18650627e-02
    2.41498232e-01 -1.50068045e-01 1.17463738e-01 2.95059353e-01
    -3.41788530e-02 -3.98953617e-01 -4.65218723e-01 -4.15159136e-01
    -1.54838890e-01 1.19230270e-01 4.37615633e-01 -2.66294539e-01
    -1.06242955e-01 2.62233734e-01 4.03481305e-01 2.73096919e-01
    4.08852100e-01 3.35430205e-02 3.01749706e-02 -1.80357993e-02
    -1.52773201e-01 -5.61575294e-02 2.54435599e-01 3.23501050e-01
    -2.60154068e-01 -6.53148293e-02 3.21547627e-01 -4.31123614e-01
    2.54502773e-01 -2.95042813e-01 1.04238272e-01 4.46549475e-01
    3.93836796e-01 4.23407435e-01 -5.00983596e-01 -3.25457901e-01
    2.89192021e-01 1.99935019e-01 -6.99368119e-02 1.19519711e-01
    -5.17650247e-01 -5.50079882e-01 -4.32767898e-01 3.90730381e-01
    -4.60201353e-01 2.25975513e-02 -2.76575863e-01 -2.36088634e-01
    -7.11798668e-04 -8.13138187e-02 4.16480720e-01 -3.27140689e-01
    1.07523620e-01 1.50030196e-01 8.07312727e-02 -9.32911038e-02
    -3.07054728e-01 1.90445989e-01 -4.32806879e-01 -3.21329474e-01
    2.30144262e-02 -1.30688846e-01 -3.27296048e-01 1.49990618e-01
    3.80317211e-01 2.76963413e-01 -4.39135015e-01 -4.34669584e-01
    -4.26003098e-01 -1.81570172e-01 -1.15819037e-01 -7.84273744e-02
    -3.84068340e-01 -1.45071894e-01 2.89777577e-01 2.57780433e-01
    1.08140528e-01 -4.58837539e-01 3.94496799e-01 1.53825879e-01
    -2.20047832e-01 -3.01609308e-01 -4.49968725e-01 1.35749102e-01
    7.80768692e-02 -2.59021312e-01 -4.22577500e-01 -3.07595134e-02
    -3.02790344e-01 3.73196661e-01 2.83405960e-01 -5.33186436e-01
    -1.05496675e-01 1.48761034e-01 6.73893690e-02 -3.62666309e-01
    4.01940882e-01 -2.96161473e-01 -4.30265009e-01 -6.77813292e-02
    2.94963539e-01 3.69595945e-01 -3.47339064e-01 -3.29748899e-01
    -1.07429624e-02 5.43599486e-01 2.15432227e-01 -6.21425211e-02
    1.11021668e-01 -6.07655644e-02 1.74490631e-01 -1.24636188e-01
    6.33477509e-01 1.69671535e-01 -3.31832856e-01 4.53928590e-01
    -1.53852522e-01 -1.17359281e-01 -1.80230170e-01 -5.13860643e-01
    1.30146146e-02 2.89917409e-01 -5.08327186e-01 3.81580472e-01
    3.76621187e-01 -1.02605611e-01 4.16040033e-01 -4.20877129e-01
    -1.62816644e-02 2.94321567e-01 -1.39109403e-01 6.06673360e-02
    -1.56960487e-01 4.21252251e-01 -1.77281141e-01 3.50819856e-01
    -3.94583255e-01 -1.53095841e-01 -2.60467649e-01 3.99989069e-01
    1.89789176e-01 -1.91925615e-01 -1.65511578e-01 3.65666926e-01
    5.53458333e-02 -5.13268530e-01 3.52936506e-01 2.62471855e-01
    2.85431921e-01 -4.39249486e-01 -5.57816029e-02 -2.51511812e-01
    -2.59830117e-01 1.58776224e-01 4.11580622e-01 2.45455861e-01
    4.05807585e-01 -3.97998750e-01 -3.76115173e-01 -2.30804831e-01
    9.38392282e-02 -5.79781950e-01 2.93674350e-01 1.28057718e-01
    -2.19930530e-01 -1.35585189e-01 -4.26741093e-01 4.35019225e-01
    -5.49145937e-02 -3.80963534e-01 1.45878732e-01 1.01352394e-01
    7.55879283e-02 1.93525553e-02 1.84327364e-02 -2.04605639e-01
    2.96378374e-01 5.89494109e-02 -1.46782398e-03 2.31362343e-01
    -1.22983783e-01 -5.15282989e-01 -7.37941265e-03 2.74498343e-01
    3.59865189e-01 -2.37000346e-01 -5.41935563e-02 3.92610133e-01
    2.55760729e-01 -2.42721647e-01 1.52296424e-02 2.12962270e-01
    4.88774776e-02 -2.62073398e-01 -5.41633904e-01 3.33504140e-01
    8.13396573e-02 -2.15529144e-01 -5.03003955e-01 -1.32763833e-01
    1.08429015e-01 -3.60973448e-01 -2.64370441e-03 -7.21349120e-02
    -4.86282706e-02 2.17003703e-01 -2.56041765e-01 -5.07211924e-01
    2.72009730e-01 3.69306982e-01 3.23491752e-01 3.76099348e-03
    -2.30581343e-01 1.00625277e-01 -1.93834096e-01 -3.48012567e-01
    -3.48815203e-01 2.37832546e-01 1.21343136e-01 -2.72005320e-01
    2.75807142e-01 -9.57227945e-02 -2.41682291e-01 -3.60951722e-02
    -1.74247235e-01 1.28704667e-01 8.21139812e-02 -2.85849154e-01
    2.45016456e-01 -3.40248823e-01 2.99306273e-01 -5.37888646e-01
    7.22832084e-02 1.54786646e-01 -4.95591968e-01 -1.88917637e-01
    4.18548286e-01 -1.23179078e-01 -4.57873464e-01 -3.58124197e-01
    4.60357189e-01 1.88951999e-01 9.63220000e-02 -2.33534575e-02
    -4.66600329e-01 -4.54018354e-01 3.66755307e-01 -5.42966247e-01
    -4.02287334e-01 1.35457754e-01 -5.25269508e-02 -3.46636176e-02
    3.80090654e-01 -3.17520142e-01 -2.79972672e-01 1.90728694e-01
    -4.96140569e-01 -3.79038721e-01 -3.97791892e-01 3.93569291e-01
    -3.19525898e-02 2.79433995e-01 -3.56054336e-01 5.56431413e-02
    6.18298054e-02 -6.69331551e-02 -5.16324520e-01 -1.08431071e-01
    -1.85015976e-01 -1.30893022e-01 -4.61061895e-01 1.87961459e-02
    -2.18912184e-01 -4.89165157e-01 -2.92589068e-01 1.17203683e-01
    -2.08702505e-01 -2.37565368e-01 -1.36299849e-01 -5.80541849e-01
    1.97690487e-01 -1.59946978e-01 -5.02599597e-01 1.22660637e-01
    1.57260180e-01 1.97456360e-01 -5.72609901e-03 2.24866569e-01
    1.61165476e-01 1.52452171e-01 -2.36060023e-02 3.00994933e-01
    1.79844499e-02 -5.08164048e-01 2.20951378e-01 4.38660920e-01
    -3.96407545e-01 -1.65176749e-01 2.51579165e-01 1.60142928e-01
    1.36080027e-01 -3.66798997e-01 9.41213369e-02 -1.48072004e-01
    -5.50433636e-01 2.67389238e-01 -2.48118669e-01 -1.13072813e-01
    3.59395742e-02 6.20334148e-02 -4.94992286e-01 -1.07698679e-01
    4.43660319e-01 -4.66384321e-01 4.25742984e-01 2.26509720e-01
    2.68429816e-01 -3.27498436e-01 1.35966361e-01 1.50816262e-01
    -1.81698710e-01 1.34497225e-01 2.47144938e-01 -3.49261761e-02
    3.14224660e-01 -4.09431338e-01 -4.51418787e-01 1.63738430e-01
    -3.15831661e-01 -1.09919608e-01 -3.06049824e-01 -3.94459844e-01
    -5.09362221e-01 2.42338717e-01 2.97362208e-01 -3.33049685e-01
    -3.73107433e-01 3.29137146e-02 -2.51526713e-01 2.94089615e-01
    -5.07235348e-01 9.62408185e-02 2.15830326e-01 -4.99433875e-02
    -1.66060090e-01 -3.59628588e-01 3.72606516e-03 -3.67663294e-01
    4.20241952e-02 1.81144178e-01 -1.98494673e-01 -2.73546576e-01
    -1.58283353e-01 -1.96208537e-01 -2.37263680e-01 3.86210978e-01
    -1.62272453e-02 1.40102386e-01 3.98724198e-01 -2.35195547e-01
    5.03044128e-02 -4.46751267e-01 -3.70236963e-01 -3.03428918e-01
    -3.35500658e-01 1.49395764e-01 -2.28695154e-01 -1.20373115e-01
    5.89262605e-01 -3.48081112e-01 -3.58512074e-01 -3.52222174e-01
    1.52275443e-01 5.49942255e-02 -1.67123675e-02 -3.14146429e-01
    1.04011655e-01 -2.32307792e-01 -4.43830520e-01 -1.70078069e-01
    -1.69134617e-01 4.43295836e-01 4.15321469e-01 -2.48614430e-01
    -3.82619202e-02 -3.34934950e-01 -3.97993118e-01 2.38222718e-01
    4.18013334e-01 -4.49219018e-01 -1.99387074e-02 5.72455525e-02
    -1.66980237e-01 -2.55965441e-01 2.54918963e-01 -4.33138460e-01
    9.61744785e-02 7.10303783e-02 -4.08299059e-01 -5.24975598e-01
    1.99517310e-01 -4.18274194e-01 2.53684819e-01 -5.10522127e-02
    -4.74769145e-01 4.26482856e-01 1.64071798e-01 2.80057967e-01
    -5.46804190e-01 6.19834065e-02 4.23240125e-01 -4.57833916e-01
    2.71290481e-01 -3.95702749e-01 -2.52402514e-01 -3.88666689e-02
    4.85143065e-01 3.10343683e-01 -4.56478864e-01 -3.59594852e-01
    -2.92649299e-01 1.48527861e-01 3.95747364e-01 -2.28759915e-01
    1.05691135e-01 -2.54296452e-01 -3.98050457e-01 3.88146877e-01
    -6.13527119e-01 9.41707492e-02 2.28888988e-02 -2.20894963e-01
    -5.67380786e-02 -3.56640220e-02 -5.72848976e-01 -1.37388825e-01
    1.18250668e-01 2.35196590e-01 -4.47796673e-01 -5.09045064e-01
    1.95006251e-01 4.40973639e-01 -2.74651140e-01 -4.86251593e-01
    1.06173992e-01 3.64600122e-01 -2.29041994e-01 -2.87490308e-01
    -6.55637980e-02 -3.29261303e-01 -1.69325411e-01 1.95842028e-01
    4.71886992e-02 -6.98719025e-02 2.45546639e-01 -2.49594092e-01
    -1.33867204e-01 3.56362104e-01 7.35425949e-03 3.30192864e-01
    -2.90044427e-01 2.18627989e-01 -2.42942035e-01 6.38691783e-02
    3.65724742e-01 -5.19225597e-01 -2.57812232e-01 2.06655920e-01
    2.80642211e-01 3.09230298e-01 2.12144285e-01 2.06300586e-01
    -1.75359577e-01 -2.17181027e-01 -4.54942733e-01 -3.36227417e-02
    -4.45391238e-02 -4.95189220e-01 -2.21707672e-01 -2.56755769e-01
    -3.08436126e-01 9.49724317e-02 -1.79430097e-01 -1.25633985e-01
    -2.20524997e-01 -3.61632824e-01 2.92780876e-01 -5.10303259e-01
    1.65212035e-01 1.17963970e-01 3.22827876e-01 4.06248629e-01
    9.56614316e-02 -2.50651658e-01 1.13229513e-01 -1.65733993e-01
    -9.75221097e-02 -4.25132483e-01 -4.16280866e-01 4.48355675e-02
    -2.59504914e-01 2.31241941e-01 1.70360446e-01 -1.53242499e-01
    1.87349081e-01 3.42122972e-01 5.17435074e-02 -1.64217114e-01
    -3.74599576e-01 2.44039595e-02 2.48038054e-01 5.47422886e-01
    3.03829312e-02 -1.33693695e-01 -4.41322267e-01 2.57799923e-01
    3.40856314e-01 2.65200704e-01 -1.44007057e-01 2.81851143e-01
    4.25326228e-02 -2.08852649e-01 1.26925647e-01 3.47669303e-01
    3.08586597e-01 -4.77300227e-01 -2.52027512e-01 -1.73752666e-01
    3.76447588e-01 2.55253524e-01 -1.83866978e-01 -9.50075388e-02
    2.56323993e-01 -1.01510882e-02 2.88199663e-01 2.12465465e-01
    2.46259987e-01 3.67311716e-01 -4.10165608e-01 2.62363255e-01
    -3.63319606e-01 3.61082435e-01 -6.46303117e-01 -1.56036198e-01
    -5.64247489e-01 -7.64036179e-02 1.78145289e-01 -2.21116126e-01
    3.40288222e-01 3.09812665e-01 -4.24695820e-01 2.36571968e-01
    -3.84877920e-01 5.33261895e-02 3.12033534e-01 -1.41918123e-01
    9.09195542e-02 -1.65842652e-01 3.05926859e-01 8.24864507e-02
    -1.61870241e-01 1.42200947e-01 3.38463128e-01 -2.54425049e-01
    -5.35895824e-01 5.74797988e-02 3.82552922e-01 1.16103053e-01
    -4.25555766e-01 3.38442892e-01 2.03294456e-01 -3.49621892e-01
    1.33335710e-01 -2.98590660e-02 2.30921626e-01 -3.90394479e-01
    -5.92281103e-01 3.30336869e-01 -5.20213246e-02 1.81449711e-01
    -3.57281566e-02 1.58571482e-01 4.32196915e-01 -4.60954994e-01
    4.43037271e-01 4.93418574e-02 -4.67094630e-01 1.44805312e-01
    -6.03958964e-02 -1.18095070e-01 4.15189564e-01 -4.47620749e-01
    2.35500336e-02 -2.03012407e-01 -9.91340280e-02 -8.99264514e-02
    3.69236588e-01 2.38683581e-01 3.60474050e-01 2.63766527e-01
    3.68274152e-01 1.28853679e-01 2.20876932e-03 -8.45309496e-02
    -1.86260700e-01 3.05231273e-01 1.40682936e-01 2.86401331e-01
    6.33614659e-02 -1.04151219e-01 2.04299510e-01 -1.02482557e-01
    1.02872193e-01 -2.07112372e-01 -3.15534025e-01 -3.88815969e-01
    2.06174701e-01 -9.30905044e-02 2.28134334e-01 -2.80910045e-01
    -4.39009190e-01 2.12929100e-01 -2.67664164e-01 -1.72718108e-01
    -2.77263582e-01 -2.88671881e-01 -3.42990488e-01 -4.09420967e-01
    1.42852068e-01 1.70565665e-01 -5.25637865e-02 -8.69928896e-02
    -4.66693699e-01 2.37794757e-01 -5.78020513e-02 2.54356265e-01
    -4.74314600e-01 -1.83095157e-01 -3.16460013e-01 -9.66624320e-02
    -2.70652741e-01 -1.36076003e-01 4.04957533e-01 4.55829859e-01
    3.03697914e-01 -1.79311723e-01 -2.33859986e-01 -2.14273840e-01
    -1.79966122e-01 -8.75186622e-02 -4.74357605e-03 3.87791812e-01
    -2.44122297e-01 -2.75433242e-01 -3.97277594e-01 1.88344836e-01
    1.62419379e-01 -1.25474274e-01 4.56571579e-05 3.79365444e-01
    1.35376990e-01 -4.33522224e-01 -3.45739692e-01 -3.95226032e-01
    -4.79525924e-01 -5.75061440e-02 1.22472882e-01 -2.98303485e-01
    -3.55364799e-01 4.09890413e-01 3.95419002e-02 -1.76771700e-01
    2.88699627e-01 3.08495164e-02 -3.76225054e-01 4.25710589e-01
    2.82755733e-01 -4.26626444e-01 6.88971579e-02 2.06696689e-01
    -3.23900580e-03 -1.22962534e-01 -5.42107403e-01 4.24144328e-01
    5.06389141e-03 -3.34106326e-01 -3.86795998e-02 3.88749778e-01
    -4.97002721e-01 3.92676950e-01 -8.33015144e-02 -1.06620014e-01
    -8.92166197e-02 7.36948252e-02 1.99818730e-01 -3.97428393e-01
    3.28013957e-01 -2.41471827e-01 2.84134269e-01 -5.41644633e-01
    -5.29718161e-01 3.15928400e-01 2.25461721e-01 1.86326325e-01
    1.27185643e-01 -1.47788703e-01 3.61520767e-01 2.89833665e-01
    -6.14845157e-01 3.32755446e-01 1.08348370e-01 1.83182061e-01
    2.70525932e-01 -4.44174111e-01 2.26303458e-01 8.71819258e-03
    2.63168693e-01 1.93858624e-01 -4.97097969e-02 2.28669822e-01
    -3.16043645e-01 -1.99539393e-01 -1.68402046e-01 -1.67562187e-01
    -1.38822973e-01 3.85061502e-02 2.27894813e-01 -4.55415726e-01
    -4.20615882e-01 2.58669615e-01 1.36730671e-02 3.94087374e-01
    -2.95383692e-01 4.99813259e-02 4.20049727e-02 1.38066590e-01
    2.33650237e-01 -1.62165463e-02 -3.36393803e-01 -3.80799025e-01
    -3.44668239e-01 1.26441926e-01 -2.99541295e-01 3.38151097e-01
    3.09925139e-01 1.57818019e-01 -3.48489195e-01 7.10704923e-02
    -2.07501978e-01 -2.98564851e-01 2.97451347e-01 3.83254051e-01
    -3.37500662e-01 3.94535065e-03 1.14514381e-01 1.66309506e-01
    3.52813661e-01 -6.93556368e-02 1.42396152e-01 3.06928575e-01
    -7.67177939e-02 -2.05560386e-01 -2.16686070e-01 1.89689398e-01
    4.70131218e-01 -4.63571072e-01 2.67327011e-01 -4.73387837e-02
    -4.26992983e-01 -4.80343133e-01 3.48388493e-01 7.72118568e-02
    -4.32759702e-01 6.93818927e-02 -4.70081896e-01 -2.02986211e-01
    3.28715563e-01 -4.93973315e-01 4.27395642e-01 1.14172757e-01
    3.43988419e-01 -4.88043636e-01 1.30056441e-01 2.47102112e-01
    2.43119597e-02 -2.09234238e-01 -3.23732972e-01 2.60322481e-01
    5.13569713e-01 3.00202370e-02 2.89252579e-01 6.82234764e-03
    1.86997116e-01 4.00496006e-01 -1.47670448e-01 -5.38755655e-01
    1.31543934e-01 2.06652761e-01 -9.71942544e-02 -1.15928948e-01
    6.05127215e-02 3.18275452e-01 -5.18973827e-01 1.08518541e-01
    3.43498647e-01 -2.27790415e-01 -2.26830482e-01 -1.13817245e-01
    6.20228648e-02 2.08698094e-01 -5.51324010e-01 -5.22175193e-01
    4.55139279e-01 -2.23503798e-01 5.04135787e-02 -1.96221918e-01
    4.88535166e-02 2.83495784e-01 2.42898703e-01 -1.74146324e-01
    2.08131135e-01 1.50713861e-01 -4.62708473e-01 -1.71839327e-01
    1.37948096e-01 3.23723555e-01 -2.77369380e-01 -2.35574424e-01
    -2.59824753e-01 1.60565436e-01 1.23248160e-01 -4.38043445e-01
    -1.59627050e-01 3.49786818e-01 -1.30232811e-01 -3.52649808e-01
    3.98334980e-01 4.44705546e-01 -4.85819280e-02 -3.70102257e-01
    -1.77360773e-02 2.00774729e-01 -2.65950739e-01 3.29692185e-01
    2.94342041e-01 -3.32582861e-01 -3.20971072e-01 1.63839459e-01
    3.16110492e-01 -4.75161284e-01 2.22098351e-01 -2.90776044e-01
    -9.88586545e-02 8.82267952e-02 -5.28630614e-01 1.26863122e-01
    1.39492154e-02 -2.52724469e-01 -2.06111461e-01 3.46301973e-01
    -3.46679807e-01 -9.42871571e-02 2.92290568e-01 1.62759423e-02
    -4.96694297e-01 -4.85870302e-01 -5.71471453e-02 -2.28194565e-01
    2.52666771e-01 1.31666660e-03 1.06805623e-01 3.14322293e-01
    -3.66336614e-01 5.14030755e-01 -2.33861119e-01 2.19481826e-01
    4.48113531e-01 -2.41446704e-01 4.58620489e-01 -2.29945779e-01
    4.49026674e-01 -1.20310277e-01 3.87041718e-01 3.87841195e-01
    -1.93345398e-01 -5.02381802e-01 2.79308259e-01 7.83926845e-02
    -1.46692216e-01 -7.17245638e-02 6.67046309e-02 -3.85701984e-01
    -2.10490823e-02 -2.33625412e-01 -1.32888108e-01 2.57728398e-01
    -8.95141661e-02 4.29085404e-01 -4.47030216e-01 -3.84299874e-01
    4.46931660e-01 -5.35820603e-01 -2.81792372e-01 3.39893579e-01
    -8.35883021e-02 -5.07309675e-01 2.25748241e-01 -2.57119536e-02
    -1.38310492e-01 1.69743299e-01 3.78597498e-01 4.04392660e-01
    -3.65638316e-01 -2.43444681e-01 -4.25077707e-01 -1.18794590e-01
    1.00779355e-01 2.71682560e-01 -2.92293668e-01 3.04242194e-01
    4.18171883e-01 9.09195542e-02 9.46734548e-02 -1.74195349e-01
    -5.38199425e-01 2.72706211e-01 3.22431684e-01 -3.95892739e-01
    -4.66787487e-01 9.31753516e-02 -2.23503470e-01 1.13829792e-01
    -4.64150608e-01 -4.31028664e-01 -1.96026206e-01 -2.69827396e-01
    -2.59674996e-01 -4.80244756e-02 -3.48730892e-01 4.36214209e-01
    2.13347673e-02 -3.26788425e-02 1.82656199e-01 -3.19557101e-01
    -3.86631072e-01 3.08432281e-01 8.72883797e-02 2.54314542e-02
    1.12276614e-01 2.39690542e-02 4.47652936e-02 3.43078911e-01
    -5.91509342e-02 -2.13546574e-01 -4.79242980e-01 3.98709774e-01
    -4.84310985e-02 3.74296308e-01 -2.83680618e-01 -3.10941815e-01
    -4.86616254e-01 1.95136249e-01 8.80503654e-02 -4.27639484e-02
    -5.01008034e-02 7.95326233e-02 -1.21217787e-01 -3.40536416e-01
    -1.54321641e-01 -2.70359069e-01 2.23299742e-01 -4.15331036e-01
    5.02434373e-02 -2.02937394e-01 3.55702758e-01 -2.58469164e-01
    2.98003078e-01 -3.27912062e-01 -1.20767534e-01 -7.82392621e-02
    -2.19776064e-01 -4.43090022e-01 -4.97308701e-01 -1.63232952e-01
    6.15511537e-02 2.52879083e-01 -2.57228106e-01 -3.11214149e-01
    -2.45323360e-01 -2.55911350e-01 -2.31443405e-01 1.63589716e-01
    3.29133630e-01 -1.11510515e-01 -1.33636504e-01 -1.62892431e-01
    -3.05189431e-01 4.02605951e-01 8.37115049e-02 -2.82843918e-01
    -1.20162010e-01 -3.94256234e-01 -4.44631100e-01 -1.50284648e-01
    -4.16944027e-02 -3.43060493e-03 -1.30970240e-01 4.21404779e-01
    -1.57563508e-01 3.86029184e-01 1.68975681e-01 -2.80098408e-01
    3.94167185e-01 -3.64072651e-01 9.10169482e-02 1.95365965e-01
    3.04359436e-01 -3.28247726e-01 2.08183110e-01 -4.79528874e-01
    2.46605664e-01 -4.50689912e-01 -1.02092028e-01 -3.52713138e-01
    3.16659033e-01 2.19049275e-01 3.93077731e-02 -4.91127461e-01
    -4.86295819e-02 -2.19663620e-01 -3.26181144e-01 -3.61964643e-01
    -1.45084858e-01 -6.12624586e-02 -5.32146215e-01 3.37834299e-01
    -3.72819662e-01 -1.78687960e-01 -1.56585753e-01 -2.92394161e-02
    -3.41323227e-01 -4.50255275e-02 -2.18092114e-01 -1.75330251e-01
    -3.17300826e-01 -1.74774587e-01 -3.05256635e-01 2.74188936e-01
    -5.47042966e-01 -9.10994411e-02 -2.07300067e-01 -6.09079599e-01
    -3.37008834e-02 3.88911545e-01 2.09857047e-01 -1.21513605e-01
    6.83820248e-03 1.37039185e-01 2.83993602e-01 -3.58069539e-02
    -2.83184558e-01 -5.15409112e-01 1.16881192e-01 4.02229428e-01
    1.48095131e-01 3.07984293e-01 8.15289021e-02 -3.24020982e-01
    3.67549539e-01 -2.18970805e-01 -1.58890307e-01 -1.72013819e-01
    -1.59484267e-01 2.12709844e-01 -2.61588752e-01 -3.94137651e-01
    2.32669532e-01 1.56973302e-01 -4.77517962e-01 1.09309614e-01
    -1.85732186e-01 4.79508042e-02 -3.20062041e-01 -4.51088250e-01
    2.50791669e-01 4.75456625e-01 -4.90310937e-01 -4.92411256e-02
    8.53320956e-02 1.37374461e-01 3.84761810e-01 -8.55785012e-02
    -3.81231427e-01 -2.08083391e-01 -2.59721875e-01 -4.37566817e-01
    -7.90471435e-02 7.98676014e-02 1.76263034e-01 -3.78435671e-01
    8.02658200e-02 3.69088054e-02 -4.11822140e-01 2.69451022e-01
    -3.36625785e-01 2.87205577e-01 3.97379875e-01 2.20542729e-01
    -6.13732934e-02 4.90860343e-02 -3.97552490e-01 -2.83178449e-01
    -4.13602591e-01 3.94202411e-01 1.25330806e-01 -6.29397631e-02
    2.22838521e-02 3.01984251e-01 1.32662714e-01 -8.30183625e-02
    -9.64128077e-02 1.72505438e-01 8.31007957e-04 4.78682041e-01
    -2.62966156e-02 -4.94106650e-01 4.85284597e-01 -4.83643264e-01
    3.14345956e-01 -3.80610645e-01 -2.30589688e-01 1.88241720e-01
    -3.84079307e-01 3.68759573e-01 4.39999193e-01 7.10787773e-02
    5.42766333e-01 3.91363591e-01 -2.78632343e-01 2.98783123e-01
    9.36472416e-02 -3.50144207e-01 3.12709868e-01 -2.74449587e-03
    1.74931645e-01 9.57943797e-02 -1.54458761e-01 2.67934918e-01
    2.43726403e-01 2.70993441e-01 -3.45779061e-01 1.62207097e-01
    -3.26910138e-01 -2.72871345e-01 -1.81888491e-01 -1.34600580e-01
    -7.60588348e-02 -4.17823583e-01 2.16071606e-02 3.87822211e-01
    3.77007395e-01 -1.80051923e-02 -1.20392740e-01 2.12812841e-01
    1.26487792e-01 -9.98759270e-03 -5.42872548e-02 7.28905797e-02
    -3.41937006e-01 3.50630641e-01 -5.15590549e-01 2.47258961e-01
    3.94842863e-01 -2.42825687e-01 -3.92053485e-01 4.33437824e-02
    3.03582013e-01 3.79830599e-03 4.03255761e-01 -2.77093291e-01
    3.05282235e-01 3.95498514e-01 4.64123487e-02 7.24338889e-02
    2.93570936e-01 5.75662255e-02 3.10073256e-01 4.43071604e-01
    -5.00027418e-01 -3.89260083e-01 -6.58164024e-02 3.01770002e-01
    2.55256891e-01 -3.43346506e-01 2.81404197e-01 1.44880474e-01
    9.68309045e-02 2.98790932e-02 -1.61156774e-01 1.99723691e-01
    -5.49464226e-02 5.01446962e-01 -3.59423578e-01 -4.19646204e-01
    4.15977597e-01 -4.70211506e-02 -1.19835675e-01 7.88576007e-02
    -2.04061925e-01 -3.39509159e-01 1.53247714e-02 1.54544175e-01
    2.14541554e-02 -4.32545394e-01 -1.22840166e-01 -3.75040710e-01
    2.19513535e-01 -5.23562074e-01 -3.00917774e-01 -3.10084879e-01
    3.43012691e-01 1.73121274e-01 -3.73302072e-01 2.37661719e-01
    -4.21384096e-01 -2.34414458e-01 -5.57932258e-02 -9.52988863e-02
    -5.93446493e-02 -3.65417063e-01 -4.13556844e-01 2.44637132e-01
    -4.10548329e-01 -4.66284901e-01 2.12971449e-01 3.66865456e-01
    1.23602509e-01 -2.22837150e-01 4.45253909e-01 2.23277867e-01
    -2.09204197e-01 5.15093207e-02 1.82919145e-01 3.23723972e-01
    2.03081012e-01 -4.95339900e-01 -4.92213964e-02 -3.49224806e-02
    3.77312005e-01 -2.55487084e-01 -1.93185002e-01 -3.77646208e-01
    4.36647803e-01 2.52626896e-01 5.55300117e-02 -3.73396367e-01
    7.07774162e-02 -2.94913560e-01 -2.40182400e-01 4.51208591e-01
    -1.15656197e-01 -4.31367069e-01 -2.71530777e-01 -3.05896789e-01
    -3.75082493e-01 -2.25501955e-01 -3.57111305e-01 1.01432085e-01
    -3.60757172e-01 -2.56549597e-01 -5.38436174e-01 -1.74103200e-01
    -5.05218148e-01 1.37452662e-01 -3.91976953e-01 -2.55124867e-02
    3.74715924e-02 -1.54044628e-01 -1.83343977e-01 3.85421515e-01
    -2.32692957e-01 -2.53997326e-01 -1.41229093e-01 1.16894662e-01
    3.65868151e-01 2.23466635e-01 1.41974688e-01 -5.74734509e-02
    -2.74394244e-01 3.37058902e-02 3.65489006e-01 -2.78903514e-01
    -2.04058409e-01 3.17816556e-01 4.55746055e-01 2.05358893e-01
    -4.51884955e-01 4.51989174e-02 -3.40288848e-01 -3.45475644e-01
    -1.85944468e-01 -1.13411307e-01 -3.66011620e-01 -3.90408874e-01
    3.74548435e-02 3.35969806e-01 -3.45643431e-01 -5.59623718e-01
    2.47193813e-01 1.58859074e-01 -2.25455105e-01 -3.33482027e-03
    -4.76876140e-01 -9.84170437e-02 -2.98839629e-01 -2.04043180e-01
    3.29434156e-01 -4.79022413e-01 7.75811076e-02 1.60022855e-01
    -3.46605629e-01 4.12529260e-01 -1.90574586e-01 2.82141924e-01
    -2.26460218e-01 3.78661215e-01 -3.48186553e-01 -2.41585374e-01
    8.29237700e-02 -3.91724825e-01 -4.63777781e-02 2.67930269e-01
    2.72555232e-01 -1.77214503e-01 -1.28150016e-01 3.08034480e-01
    6.58244491e-02 -4.16955501e-01 4.39937949e-01 -1.00155592e-01
    -1.02780491e-01 -1.07871711e-01 -4.54917759e-01 4.09832180e-01
    -2.93571353e-02 -5.47159791e-01 3.89525771e-01 -2.50474989e-01
    -2.69489288e-02 -2.48228341e-01 -4.49602634e-01 2.34991729e-01
    2.42488146e-01 4.08788919e-02 2.20981658e-01 1.42717183e-01
    -1.63558751e-01 6.22710586e-02 -4.26040083e-01 2.26411879e-01
    -1.93535388e-01 -9.14812088e-03 -5.71065545e-02 -7.32775331e-02
    8.39407444e-02 -3.04913431e-01 -2.32499242e-02 3.26606274e-01
    -4.30281013e-01 -2.66794890e-01 -1.87270373e-01 -5.65475941e-01
    3.03246677e-01 3.98922026e-01 -5.29124081e-01 -4.00043100e-01
    5.62245846e-02 -4.56022441e-01 3.92995417e-01 -2.73801774e-01
    -3.39753985e-01 -4.03136432e-01 -1.18025422e-01 4.97402221e-01
    3.43462229e-01 2.79072851e-01 -3.52737427e-01 -4.02822405e-01
    -4.38349158e-01 -1.02471977e-01 4.85049456e-01 3.14374983e-01
    -3.25936645e-01 1.73600435e-01 2.18147159e-01 -2.10528970e-02
    -5.00226915e-01 2.72911608e-01 -2.06395984e-01 3.74902189e-01
    -1.82520568e-01 -9.97782946e-02 3.83204460e-01 -2.92874247e-01
    -3.89784902e-01 -2.16337621e-01 3.08553517e-01 -5.41521311e-02
    -8.48185420e-02 1.06590897e-01 2.74566352e-01 -2.49156952e-02
    2.14549959e-01 4.79432762e-01 1.12977654e-01 3.18491817e-01
    -3.08162272e-02 4.24494743e-02 -6.38148785e-02 3.02704215e-01
    -3.01729023e-01 -1.56711280e-01 2.00858712e-01 -5.78588009e-01
    -3.29666078e-01 3.07048678e-01 2.12684691e-01 -1.93664789e-01
    -4.70263720e-01 -1.13147736e-01 -2.45583236e-01 1.37057185e-01
    -1.65432006e-01 -1.09987289e-01 -2.36546457e-01 2.30624735e-01
    -4.06241924e-01 1.09302163e-01 1.69885397e-01 -2.98900515e-01
    -6.29618764e-03 -3.69953632e-01 3.19049388e-01 -2.93667853e-01
    4.77585107e-01 4.00889397e-01 3.10347080e-01 -2.46718585e-01
    4.31544185e-01 -2.83961505e-01 2.95780420e-01 -1.02514744e-01
    -4.57793713e-01 -4.28585440e-01 -3.01209390e-01 -1.09111667e-02
    -6.80321157e-02 -3.53335232e-01 5.85818291e-03 -1.91494375e-01
    1.26168549e-01 3.14596653e-01 -5.58193624e-02 -9.62251723e-02
    -2.49783993e-02 -1.22625619e-01 3.82963240e-01 2.44996786e-01
    -2.73436725e-01 -1.47192538e-01 5.48865795e-02 -6.00891113e-02
    1.27600551e-01 2.58213341e-01 3.38417232e-01 -5.11188149e-01
    3.26624572e-01 -4.27312940e-01 3.20380390e-01 -2.41225094e-01
    1.45455837e-01 3.51338446e-01 -1.04432404e-01 3.05761635e-01
    3.34513664e-01 -5.72468519e-01 6.16320372e-02 -3.81629735e-01
    -6.76429272e-02 2.63475418e-01 -1.59726173e-01 -1.44249260e-01
    4.82757807e-01 -1.34047866e-02 -2.70898551e-01 2.23162144e-01
    2.82145143e-01 3.70454192e-01 4.87177968e-01 -4.48072344e-01
    1.81783020e-01 2.25757062e-01 -1.03683919e-01 1.36759579e-01
    2.86677897e-01 1.36804819e-01 -4.53676999e-01 -1.16790473e-01
    2.28837013e-01 1.23181939e-02 2.20421255e-01 3.51619482e-01
    3.42158020e-01 -1.64618820e-01 -4.72628951e-01 4.67490613e-01
    2.02399403e-01 -1.88195527e-01 2.05980718e-01 -3.12164575e-01
    4.14384186e-01 -7.51747191e-02 -1.83716536e-01 -4.94857192e-01
    2.49668896e-01 2.34951079e-01 9.32251811e-02 -1.38404816e-01
    -3.73516470e-01 -2.74848223e-01 2.76773334e-01 3.72017503e-01
    -2.35672265e-01 -1.78102046e-01 -1.51629418e-01 4.76766318e-01
    -4.83255923e-01 7.22872019e-02 2.61603177e-01 1.40447915e-01
    1.97520018e-01 -2.55821168e-01 1.52827859e-01 1.24402344e-02
    3.40212822e-01 -3.33223939e-02 1.36798143e-01 1.46396816e-01
    -3.24061304e-01 -3.48135829e-02 -2.18366027e-01 -1.16825283e-01
    4.69979763e-01 -4.24927682e-01 2.88585424e-02 3.84023637e-01
    3.76183867e-01 -4.32497382e-01 -2.18927950e-01 3.23644400e-01
    -5.13470113e-01 1.70809984e-01 1.65273130e-01 1.57285929e-01
    6.09591007e-02 1.94561064e-01 -4.76705432e-01 -5.06972671e-01
    8.36950541e-03 1.42991543e-02 -3.11216593e-01 1.38071060e-01
    -3.17067683e-01 1.59528077e-01 5.23377061e-02 -4.58203435e-01
    -4.46055174e-01 3.31812650e-01 -3.33955884e-01 -1.24014318e-02
    7.11999536e-02 1.40267044e-01 -2.54175156e-01 4.73470330e-01
    -3.13296646e-01 3.37460101e-01 -4.24043924e-01 -3.81855130e-01
    2.66427994e-02 3.35263848e-01 1.72591150e-01 -2.85231918e-01
    -2.06864178e-01 -2.01539457e-01 3.58466506e-01 1.72683895e-01
    -5.02498031e-01 4.24210489e-01 -4.78892267e-01 -8.14797282e-02
    3.94704759e-01 -2.10477471e-01 -8.05320740e-02 -2.70533323e-01
    -3.14982504e-01 4.51262921e-01 3.72059584e-01 -3.37107778e-01
    2.85268486e-01 -3.50435972e-01 -3.41380030e-01 1.48457170e-01
    1.38059795e-01 2.57561147e-01 -4.86832678e-01 1.18222237e-01
    1.92510009e-01 -4.96671230e-01 -1.97516799e-01 -1.35137349e-01
    2.73475647e-01 3.05798411e-01 -2.26574302e-01 -1.69947445e-01
    1.64471269e-01 -1.10560656e-02 -3.18082601e-01 1.86847210e-01
    4.65358019e-01 1.25241190e-01 -1.91065431e-01 -2.40579337e-01
    4.51823622e-01 3.14657509e-01 -4.34326440e-01 3.86460364e-01
    2.57068843e-01 -3.32746327e-01 2.33004689e-02 -3.22136521e-01
    -9.37018991e-02 3.54266793e-01 -2.72975266e-01 2.18077242e-01
    1.74230576e-01 6.77910447e-02 3.21666121e-01 2.72672415e-01
    -1.95975035e-01 3.83294404e-01 2.68447399e-01 -5.54804742e-01
    1.10917866e-01 2.12981820e-01 -4.73034382e-02 1.72341585e-01
    3.18651319e-01 -2.49199688e-01 3.99948001e-01 -2.21444875e-01
    4.13553119e-02 -3.09484124e-01 -2.85577118e-01 -4.31673527e-02
    1.21500373e-01 -3.16641033e-01 -2.11376637e-01 -1.78559989e-01
    4.67354745e-01 -3.06171209e-01 -4.32060659e-01 -1.81660175e-01
    -3.17901760e-01 -3.46299946e-01 -1.98318899e-01 -7.15073347e-02
    9.93233919e-02 3.54867339e-01 -6.26564920e-02 4.35847461e-01
    2.70382881e-01 3.85100305e-01 2.22279370e-01 -2.82552004e-01
    4.16507602e-01 7.73304701e-02 2.38859951e-01 -1.97846949e-01
    -4.28107291e-01 1.73008680e-01 -1.18907094e-01 -2.72784173e-01
    -8.76243114e-02 -5.17046332e-01 1.33200049e-01 -1.78527832e-01
    -3.50448817e-01 -1.95753872e-01 1.24106407e-02 1.86812699e-01
    -2.11612165e-01 -2.67563403e-01 -4.90360171e-01 2.13801801e-01
    -1.28274977e-01 -4.80462909e-02 -4.40554559e-01 2.54514217e-01
    -1.78580880e-01 2.93698132e-01 2.35575825e-01 -4.19253379e-01
    -4.27144110e-01 5.27411699e-02 1.74675584e-01 -1.22483492e-01
    -2.34450519e-01 -2.78274506e-01 -3.64805520e-01 2.00628400e-01
    -9.72703397e-02 -8.17496181e-02 -1.43904299e-01 -3.34814459e-01
    1.27399206e-01 2.10092843e-01 -9.76022482e-02 3.05773258e-01
    -5.10863900e-01 3.69051576e-01 -5.29699683e-01 1.86284244e-01
    -5.51225185e-01 2.07341313e-02 -2.42272586e-01 -4.01039034e-01
    -2.81933904e-01 2.43117750e-01 1.85568511e-01 3.43721747e-01
    -3.96371990e-01 -5.83398938e-01 4.17319059e-01 4.70494866e-01
    4.23418283e-02 1.25083208e-01 -1.33386433e-01 -4.90212440e-02
    2.11104274e-01 -5.71974874e-01 -1.98868781e-01 4.13760781e-01
    -3.94583851e-01 -3.56792271e-01 -8.10760856e-02 -4.14263070e-01
    5.44703007e-03 -2.31399536e-01 2.10317731e-01 -2.24443555e-01
    -6.22094274e-02 2.75657415e-01 -5.26468635e-01 2.66168118e-01
    3.33715081e-02 -5.93624949e-01 1.97281778e-01 -2.24312425e-01
    -2.44246602e-01 -2.26261079e-01 -2.62615323e-01 1.56822443e-01
    -4.54471111e-02 -7.58212805e-03 3.50324452e-01 3.68444979e-01
    2.75662005e-01 -3.61076474e-01 3.34010035e-01 -5.78169823e-02
    3.38169813e-01 1.21378988e-01 -3.63162011e-01 4.50287998e-01
    2.94827640e-01 -8.01716447e-02 3.54525149e-01 1.28930807e-02
    3.45897913e-01 -4.44253892e-01 -3.12345207e-01 1.88893050e-01
    2.16834426e-01 -2.72121340e-01 -2.59965777e-01 1.65647268e-01
    -1.11470461e-01 -3.99407148e-02 3.34893167e-01 -4.64224041e-01
    1.63806498e-01 -1.11626893e-01 -5.93729377e-01 2.02534258e-01
    1.31441534e-01 8.29975605e-02 -2.86755025e-01 -4.52497333e-01
    3.66379142e-01 2.19804049e-02 3.60152483e-01 -7.77212381e-02
    -5.51120639e-02 -1.41658723e-01 4.22261506e-01 5.34247756e-02
    4.32658911e-01 2.35319495e-01 6.35786057e-02 -2.16775864e-01
    -3.78090590e-01 2.75717497e-01 3.28214288e-01 2.36358166e-01
    -5.06203771e-01 2.51963377e-01 2.77220905e-01 3.95118237e-01
    4.59538400e-01 -1.39468342e-01 3.50257158e-02 -2.04844773e-02
    6.77819252e-02 1.18076503e-01 -1.56942964e-01 -4.06066418e-01
    -1.69994116e-01 -2.55153567e-01 -1.28098994e-01 -4.04936582e-01
    3.14626396e-01 -6.82997108e-02 3.86041284e-01 1.19595230e-01
    2.35532522e-02 -3.00211430e-01 -3.34459335e-01 -2.55555779e-01
    5.23507595e-03 1.91029608e-01 2.88229227e-01 -3.57234627e-01
    2.04487562e-01 -1.05781585e-01 1.03343129e-02 2.05009699e-01
    -1.09183788e-02 -4.33399826e-01 5.05427361e-01 -3.85854691e-01
    3.68545651e-01 3.74455035e-01 -1.11389875e-01 7.85098076e-02
    -1.27177060e-01 -4.01471615e-01 3.50482523e-01 9.87161398e-02
    -1.17169827e-01 4.03363585e-01 -2.63694733e-01 1.34310067e-01
    -7.24139810e-02 3.43187332e-01 -3.73535633e-01 -6.12617731e-02
    -3.97509634e-02 -5.61478138e-02 7.03766942e-02 -9.75789726e-02
    2.62482166e-01 4.42451835e-01 7.03358650e-02 -2.46261179e-01
    -1.40739590e-01 -3.33528668e-01 -4.54641283e-01 -4.82050240e-01
    3.41837466e-01 2.11117864e-01 -5.84549904e-02 2.12522388e-01
    3.31845343e-01 -4.83501017e-01 -4.36922222e-01 -1.48864567e-01
    -3.63412917e-01 -1.78239673e-01 -3.96569639e-01 1.30883932e-01
    -2.60143876e-01 1.11190319e-01 2.56123692e-01 -3.05649400e-01
    5.40651679e-01 -4.72262055e-01 -2.02799022e-01 3.31772983e-01
    -5.56456447e-02 -2.19310522e-01 -1.43385768e-01 -4.63320673e-01
    3.32277566e-01 -2.41553962e-01 -4.08699274e-01 5.25013387e-01
    -1.80237800e-01 -3.49266618e-01 3.39114130e-01 2.30264425e-01
    -3.46287191e-01 -1.61803395e-01 4.79931653e-01 -4.27200019e-01
    -3.78988206e-01 -3.43293607e-01 -3.94524395e-01 -2.78502345e-01
    -1.82891160e-01 6.64723516e-02 4.40337241e-01 5.97116947e-02
    -4.74024475e-01 -3.97418231e-01 1.56022906e-01 1.06405318e-02
    -2.86080331e-01 -3.19004059e-03 -1.57010376e-01 -4.85986650e-01
    4.59564328e-02 3.73501480e-01 1.84846044e-01 -4.84476924e-01
    -2.58916378e-01 -2.74675071e-01 -1.04896426e-02 -1.67250842e-01
    2.21679032e-01 3.27344835e-01 -3.10104609e-01 -4.81611401e-01
    -6.72414601e-02 -4.55920845e-01 -4.67325807e-01 -2.28784740e-01
    -1.24818683e-02 2.20180392e-01 -4.16837513e-01 7.36477375e-02
    2.75165379e-01 -1.87677950e-01 -3.29587698e-01 -1.77333653e-02
    1.20342374e-01 4.40485746e-01 -7.92079568e-02 1.33829206e-01
    -3.38710338e-01 1.02532446e-01 -3.38431388e-01 4.95235741e-01
    -1.64867163e-01 -3.13797832e-01 -4.51065511e-01 -3.30725968e-01
    4.07703638e-01 -4.15384740e-01 4.23012972e-02 7.14365244e-02
    7.76837468e-02 2.28635013e-01 1.61769927e-01 2.45929241e-01
    2.05150962e-01 -4.77694273e-02 -6.10685945e-02 -5.34443855e-02
    1.54228985e-01 2.50119984e-01 -1.00034535e-01 -1.27217680e-01
    1.62892342e-02 -6.01286054e-01 2.13342309e-02 2.82042444e-01
    -2.88861543e-01 1.15697324e-01 -5.62638044e-03 1.60894454e-01
    2.79398799e-01 -1.44956261e-01 1.70779586e-01 3.58967304e-01
    -5.08508444e-01 -6.12972975e-02 -4.52431858e-01 -3.38525325e-01
    -3.49840164e-01 -3.66246492e-01 -4.53084260e-01 -1.68164968e-02
    -2.21945852e-01 2.25725174e-01 -4.30822849e-01 1.51249111e-01
    -2.68504500e-01 -3.27268720e-01 -2.83941269e-01 1.35832191e-01
    -2.01812804e-01 4.24165726e-02 3.17496479e-01 -3.68809462e-01
    1.91747546e-01 -1.24522626e-01 3.07075024e-01 1.38696969e-01
    -5.26003122e-01 1.97423935e-01 -4.24927473e-01 -3.34849507e-01
    -3.24207485e-01 1.94201112e-01 2.19848990e-01 -2.28826940e-01
    -2.75148541e-01 -1.96943313e-01 -1.30515695e-02 2.24718273e-01
    -1.74794734e-01 2.33335495e-02 -3.13876122e-01 -1.25569344e-01
    -4.77522492e-01 2.77425468e-01 -2.65110821e-01 -4.74037528e-01
    2.74923682e-01 2.43710935e-01 2.33430445e-01 3.27805877e-01
    -5.68756461e-01 -1.98072433e-01 -4.74171966e-01 -4.42632020e-01
    2.76322365e-02 -1.57986224e-01 -1.58071160e-01 -6.81549907e-02
    6.93882704e-02 9.68790650e-02 2.58573472e-01 9.52008367e-02
    -2.89465457e-01 -3.44591528e-01 2.44608164e-01 4.26608056e-01
    -4.70683843e-01 -6.67232275e-03 -2.18653679e-03 1.26446664e-01
    -4.06251222e-01 3.84270012e-01 -5.38513303e-01 -1.56652033e-01
    3.02777529e-01 2.35630631e-01 1.13891184e-01 -1.66117191e-01
    -1.99500322e-01 2.73369551e-02 -5.38692474e-01 3.97974253e-02
    -1.95353568e-01 9.34992433e-02 -3.61342669e-01 -1.58480078e-01
    5.04373789e-01 -1.76061034e-01 -3.44029993e-01 4.83546257e-02
    1.34425700e-01 -3.34894657e-03 -4.02132273e-01 -1.59330368e-02
    3.70842814e-01 -4.91370559e-02 -2.86944270e-01 -1.00118011e-01
    -1.79590046e-01 -2.96399921e-01 -1.29163623e-01 2.37256110e-01
    -8.58681798e-02 1.06298149e-01 -2.83343434e-01 1.86990380e-01
    -5.04963636e-01 1.68882489e-01 -2.33192235e-01 2.27626026e-01
    -3.93873096e-01 -1.93905503e-01 1.65225595e-01 6.66092634e-02
    -1.69241935e-01 -1.23840392e-01 -4.41312402e-01 -1.85143441e-01
    -7.05111921e-02 4.56164837e-01 -3.31292033e-01 -5.43949187e-01
    -3.67877781e-02 -3.29208702e-01 6.25059605e-02 3.21544051e-01
    -1.32019162e-01 -4.12797809e-01 -9.53175128e-02 -1.21209085e-01
    -5.25758266e-01 1.81934476e-01 -1.37458593e-01 -8.14536214e-02
    2.15135276e-01 -9.87768173e-04 -3.63441974e-01 -4.36134964e-01
    -9.95751619e-02 3.87987465e-01 -4.08533394e-01 -2.00483829e-01
    3.84107232e-02 -1.21877968e-01 -3.77401024e-01 -2.79865980e-01
    1.15334272e-01 -4.28820878e-01 3.07071477e-01 -2.51504928e-01
    -6.20612800e-02 2.23601490e-01 7.66848326e-02 3.18989098e-01
    -3.32092315e-01 -3.24288309e-01 -5.20051718e-02 2.79523611e-01
    7.15959370e-02 2.40442663e-01 3.59810591e-01 -4.63935882e-01
    4.18075025e-01 3.37885618e-02 -4.09674644e-01 2.70616502e-01
    3.24071050e-02 -3.43573868e-01 -9.83435512e-02 1.99438840e-01
    -1.89365387e-01 3.00187409e-01 2.16540694e-01 4.33930218e-01
    -1.30489439e-01 -1.80559158e-01 1.10744148e-01 -2.14782894e-01
    5.58387637e-01 -8.17418993e-02 -1.58006310e-01 4.17525291e-01
    1.53964013e-01 2.88149595e-01 -4.30627108e-01 1.52154744e-01
    -1.10260546e-01 -2.76096612e-01 -5.81294596e-02 -3.01112682e-01
    -4.42408592e-01 9.24901664e-02 3.94950598e-01 -4.69757944e-01
    -3.79289001e-01 -6.80208504e-02 3.35912228e-01 3.14043343e-01
    -1.69065475e-01 3.91873300e-01 6.11737967e-02 -1.30424023e-01
    2.41548538e-01 9.71724987e-02 2.83923090e-01 -2.09635258e-01
    3.66126001e-01 3.09752822e-01 -1.35947019e-01 3.52322102e-01
    -4.20314640e-01 2.90734649e-01 -2.64416933e-02 3.78657579e-02
    1.17899537e-01 3.62893701e-01 6.45572543e-02 -3.88748229e-01
    5.90088964e-02 2.26842135e-01 -4.23764944e-01 2.27769732e-01
    3.45167577e-01 -2.30113328e-01 9.39417481e-02 2.51272887e-01
    -3.92147005e-02 2.02704072e-01 3.62724960e-01 4.91204441e-01
    2.40028858e-01 -3.65557164e-01 -5.02301455e-01 -1.66013867e-01
    -6.76858723e-02 -2.58853942e-01 3.17699075e-01 -1.91682994e-01
    2.54151225e-02 -4.77640092e-01 1.32331491e-01 6.29580021e-03
    -1.90085173e-03 2.80904055e-01 1.96209013e-01 9.88339782e-02
    1.23109937e-01 -1.08319283e-01 2.77576327e-01 -2.76798010e-01
    1.52207971e-01 -3.09456646e-01 -2.03783035e-01 -4.76065278e-02
    -3.85040045e-01 -6.33623004e-02 -3.53960395e-01 -9.69446003e-02
    -4.73798573e-01 3.57530892e-01 4.65355098e-01 8.13841224e-02
    -4.14752543e-01 4.79754627e-01 -1.14190936e-01 -3.77933383e-02
    -1.02732778e-01 3.41530085e-01 -1.97839975e-01 -5.11646271e-01
    3.50503087e-01 2.59112000e-01 4.16324675e-01 3.42356741e-01
    -2.68447578e-01 3.05711567e-01 -1.43464595e-01 1.18446946e-01
    3.63956094e-01 -2.05014110e-01 4.57609713e-01 8.52447152e-02
    -3.52527171e-01 2.87830651e-01 1.79289460e-01 -1.97832346e-01
    -2.24618435e-01 2.70394623e-01 -2.62276947e-01 -2.99585074e-01
    -8.63346159e-02 -3.24264318e-01 3.48945230e-01 1.80828393e-01
    -2.57552207e-01 -1.48293257e-01 3.64051402e-01 -6.94987476e-02
    -8.57845843e-02 1.65130407e-01 3.96904945e-02 -3.48991781e-01
    -1.17519349e-01 -3.65358829e-01 1.01888835e-01 3.45394790e-01
    -1.84550315e-01 -1.07435107e-01 3.63105595e-01 -1.08289331e-01
    1.04401410e-01 1.98423862e-03 8.75661969e-02 2.66337991e-01
    -5.05982995e-01 -3.20107937e-02 -2.39745140e-01 -1.42277479e-02
    -2.06932962e-01 -1.74353749e-01 1.35546625e-01 -1.56139046e-01
    8.41300189e-02 -3.74982536e-01 -4.33961719e-01 5.89599609e-02
    -3.68203074e-01 2.44891882e-01 -4.02870029e-01 -5.24630308e-01
    -1.34289265e-02 1.22095287e-01 -4.67255592e-01 1.62350893e-01
    -1.04598820e-01 -5.26978970e-02 6.31797910e-02 -1.18338108e-01
    -3.04644346e-01 5.37430644e-02 -2.23832279e-01 -2.37109333e-01
    -1.01649731e-01 -3.56562585e-01 8.34234357e-02 1.90240592e-01
    -3.68521273e-01 -7.22927451e-02 3.17398310e-02 2.00932920e-01
    -5.44927716e-01 -3.47164273e-02 -1.54973865e-02 -1.19207382e-01
    2.51445711e-01 -4.75736260e-02 -7.77989030e-02 -3.07242274e-02
    2.65969783e-01 -7.46965408e-04 -2.82312930e-01 2.28305101e-01
    -1.85862184e-02 1.55100644e-01 4.22246218e-01 1.61495447e-01
    -3.66926014e-01 6.91031814e-02 -2.53010303e-01 -2.47017741e-01
    -4.41408157e-02 -5.91703653e-02 1.97656751e-02 -5.01182914e-01
    -3.87890786e-01 4.40334380e-01 4.64779019e-01 -2.96722263e-01
    2.00960010e-01 -1.91161245e-01 -3.07160527e-01 2.69453704e-01
    1.74785197e-01 -4.10847306e-01 1.79825544e-01 -3.03770483e-01
    1.71581268e-01 3.79342556e-01 -5.06266117e-01 -4.70127821e-01
    -3.08095217e-02 -1.45208716e-01 -1.61429942e-01 -1.32434249e-01
    2.63065517e-01 4.06163633e-01 2.98985839e-01 3.76644462e-01
    -2.30026811e-01 -2.14428455e-01 -2.65359402e-01 4.19090688e-01
    2.22689688e-01 1.66327477e-01 1.71427965e-01 1.63191199e-01
    3.67709726e-01 -3.87943625e-01 3.99591029e-01 -9.67986584e-02
    3.38687420e-01 -1.00303918e-01 2.10239947e-01 -4.53676581e-02
    4.91415948e-01 -1.71408832e-01 4.53427911e-01 3.59456092e-01
    -2.29889542e-01 -2.12586612e-01 -2.91593611e-01 -1.10282212e-01
    -2.32443243e-01 -7.03946352e-02 -4.16840822e-01 -2.88730949e-01
    1.65503263e-01 -4.74372745e-01 -1.76683962e-02 4.91217375e-02
    1.60360813e-01 1.28651112e-01 -3.71311605e-02 -9.19420123e-02
    4.85385776e-01 -1.36492044e-01 9.52115655e-02 -2.93210745e-01
    4.62559551e-01 8.66467953e-02 -3.69061828e-01 4.95528728e-01
    -2.83878267e-01 1.62555337e-01 -3.15739185e-01 -1.37683868e-01
    9.32106674e-02 -2.60515094e-01 3.46627235e-02 -4.59051728e-01
    6.46747351e-02 2.98542202e-01 -1.39171720e-01 6.70172870e-02
    -3.80141914e-01 -1.81070238e-01 -1.52376920e-01 8.92698765e-02
    2.66655385e-01 -1.87593371e-01 2.37556040e-01 -3.67407590e-01
    4.14910913e-02 2.25178301e-01 -1.96943223e-01 2.63539910e-01
    -1.75022930e-01 4.18451607e-01 -4.77745026e-01 5.02889752e-02
    1.32037520e-01 -2.48828828e-01 -3.78779978e-01 -3.68627369e-01
    -3.03096801e-01 -4.46062028e-01 -5.49860477e-01 -1.08959228e-01
    2.76828706e-01 -2.12475687e-01 1.10626221e-01 8.63068402e-02
    -4.25658524e-01 -3.21950048e-01 2.50179261e-01 -8.97307992e-02
    2.84295022e-01 -2.03414559e-01 4.48395431e-01 3.96889418e-01
    -4.84711528e-01 3.50260735e-03 -1.31250560e-01 -5.17872691e-01
    -2.69896686e-01 4.01119173e-01 2.01012850e-01 -1.83185935e-01
    3.15339863e-01 -1.14886940e-01 -2.60843158e-01 -4.96212840e-02
    -3.12365860e-01 3.42153549e-01 3.54966819e-01 1.90215290e-01
    1.58316731e-01 5.16825914e-02 -3.29000086e-01 2.00726688e-01
    -7.58046806e-02 6.72360659e-02 1.63215280e-01 -2.94305712e-01
    2.96635091e-01 -1.41921699e-01 3.50870669e-01 4.26193595e-01
    1.77798510e-01 -1.24506891e-01 -3.60213757e-01 2.91162193e-01
    1.09954476e-01 3.54635000e-01 2.47416437e-01 -1.42204285e-01
    4.01828468e-01 1.21149838e-01 -2.67384946e-01 -4.13083196e-01
    -2.87265897e-01 -2.71884412e-01 -1.46476150e-01 3.96270156e-02
    -5.16539216e-01 -4.77400720e-01 -1.25464976e-01 -3.14891607e-01
    -5.43978214e-02 -7.79573917e-02 -2.89706796e-01 -4.94873703e-01
    2.40546942e-01 4.27547038e-01 -6.76465929e-02 2.37862647e-01
    -4.26384449e-01 2.29316056e-02 -1.51551306e-01 4.00159597e-01
    -3.05380523e-01 -4.93755937e-02 3.96048069e-01 3.59119892e-01
    3.91777515e-01 -3.71185660e-01 1.80675983e-02 -5.64887524e-02
    6.63814545e-02 7.59711266e-02 -3.39784175e-01 -2.00253993e-01
    -2.52090454e-01 2.27292955e-01 4.63493496e-01 -2.98484147e-01
    1.93478465e-01 2.47090459e-01 8.18957686e-02 2.44943678e-01
    -2.69005090e-01 2.86231756e-01 -1.32986367e-01 3.69105101e-01
    -4.89996523e-01 -1.08717889e-01 4.04387742e-01 -4.18706864e-01
    -1.16213769e-01 2.24565893e-01 3.49772632e-01 2.32185960e-01
    -3.64769638e-01 -2.98682034e-01 -1.61910385e-01 3.02748740e-01
    3.65322530e-01 1.10261440e-02 -1.13802314e-01 2.78955579e-01
    5.34239411e-02 -2.24214792e-03 3.74184370e-01 3.34056079e-01
    -6.89285100e-02 -2.93007970e-01 -1.06965303e-01 -6.43372834e-02
    3.45927477e-03 -3.52284402e-01 -4.25568879e-01 4.26071882e-01
    -5.88231087e-02 -2.67017871e-01 3.43870401e-01 3.55919242e-01
    3.89853239e-01 1.58626616e-01 -1.13768458e-01 -8.73194933e-02
    2.36133516e-01 2.74455428e-01 -4.55416441e-02 1.22663677e-02
    -1.26720011e-01 -4.34032500e-01 -2.70503640e-01 -4.95117903e-03
    2.98703074e-01 -5.72207332e-01 -9.22923684e-02 -4.39847648e-01
    -1.51309401e-01 -5.14209867e-02 1.78733528e-01 -3.85582179e-01
    5.43727279e-02 3.05115879e-01 -2.68712848e-01 -1.96825504e-01
    4.31002736e-01 2.95687824e-01 4.61182058e-01 -2.92769253e-01
    -1.43064976e-01 -2.03046739e-01 3.53764594e-02 9.37116742e-02
    -6.19882345e-02 -2.61216283e-01 3.51521850e-01 3.92704308e-01
    2.72743702e-01 1.45640969e-02 -3.30929309e-01 2.17291474e-01
    -1.03176922e-01 -1.11232996e-01 3.55088472e-01 -3.53751034e-01
    -4.90189582e-01 -2.84350604e-01 2.55229533e-01 -2.20617533e-01
    3.42774093e-02 -2.93746203e-01 6.43145740e-02 2.26091415e-01
    -3.48157585e-01 3.38734806e-01 2.57930219e-01 -3.13047618e-01
    -3.82530898e-01 6.10706210e-02 -2.56154984e-01 -3.44186544e-01
    -3.96229446e-01 3.82709563e-01 2.39255428e-02 6.05966330e-01
    -8.74243677e-02 -3.13174754e-01 9.81266499e-02 -3.00209641e-01
    -4.87736464e-02 -4.18730557e-01 4.19555008e-02 -3.73401552e-01
    1.74759626e-01 -3.79302919e-01 4.51624036e-01 4.16332394e-01
    -4.28005427e-01 1.66511714e-01 2.68340617e-01 2.62043774e-02
    -1.44501865e-01 4.86560404e-01 2.74505049e-01 -2.50745952e-01
    -3.88410091e-01 -1.36040390e-01 -4.96729493e-01 8.07682872e-02
    -2.14090347e-01 -4.38343942e-01 -4.77556348e-01 3.24044526e-02
    -1.54955864e-01 5.16796350e-01 4.44615692e-01 -3.07342887e-01
    -3.29593450e-01 1.21112585e-01 2.50325799e-02 -2.58590579e-01
    3.01490456e-01 1.90710962e-01 -4.92402941e-01 2.37885356e-01
    -4.01753426e-01 -4.85088229e-02 3.22279632e-01 3.38143647e-01
    -6.53165579e-03 -4.37567621e-01 -5.61761260e-02 -1.53591424e-01
    -7.92064667e-02 3.18132520e-01 -6.17766976e-02 2.57266700e-01
    -4.88373041e-02 -5.28116047e-01 -5.73785543e-01 6.31701946e-03
    -1.46597832e-01 1.00165367e-01 2.82028615e-01 4.74452972e-05
    -4.42687511e-01 2.46242464e-01 -9.71244574e-02 1.43832624e-01
    3.35532010e-01 -5.21759212e-01 1.05030239e-01 4.06495214e-01
    -3.13777775e-01 -2.86865145e-01 -3.83172005e-01 -4.82656986e-01
    1.09421611e-01 6.14575744e-02 2.56039500e-02 -2.50495106e-01
    -3.01301092e-01 -1.71286285e-01 -3.88819546e-01 1.90011263e-02
    3.23623598e-01 -2.71329075e-01 -2.37229496e-01 -4.40029472e-01
    -1.57230496e-01 3.13635349e-01 2.36417532e-01 -3.95977229e-01
    -3.94808978e-01 -2.42812037e-02 -5.19320607e-01 -1.57633930e-01
    6.53922558e-02 -4.84121561e-01 -1.76774234e-01 -3.22343439e-01
    -9.30221677e-02 -4.19075698e-01 -1.75027907e-01 4.24376667e-01
    -3.12397480e-02 -2.91582078e-01 3.12988758e-01 -1.37810051e-01
    -4.44038540e-01 4.21898901e-01 4.32769835e-01 -9.18007493e-02
    1.23020232e-01 5.58630824e-02 8.17400217e-03 1.07223749e-01
    -4.89521235e-01 -5.97662568e-01 7.77820349e-02 -2.33583063e-01
    -1.56374276e-02 3.03173423e-01 2.12876678e-01 3.81563902e-02
    3.28523219e-01 -2.30041534e-01 2.58471370e-02 -4.73671585e-01
    5.62660098e-02 4.81635332e-02 3.73892486e-01 3.79689455e-01
    -5.69313645e-01 2.55019486e-01 5.98496795e-02 1.10650659e-02
    -2.15033352e-01 1.47935212e-01 -4.60303187e-01 -2.23524272e-01
    -4.83879983e-01 -2.78649360e-01 -2.32471079e-01 -1.84990436e-01
    -5.08320093e-01 1.33059382e-01 -5.34525633e-01 1.38889134e-01
    3.49067032e-01 -3.71839583e-01 -5.35726547e-03 2.45273829e-01
    -1.46829605e-01 -1.78996027e-01 -4.70429659e-02 -5.71710467e-01
    -5.31992435e-01 -4.34825003e-01 3.78308415e-01 5.05443215e-02
    1.65089369e-02 3.11309814e-01 1.09609902e-01 -5.25250435e-02
    8.70604515e-02 2.05761135e-01 1.10748231e-01 -5.07931471e-01
    -9.45802331e-02 -3.37732136e-01 -3.14506114e-01 1.48862362e-01
    1.39318645e-01 1.42083466e-01 -3.28194350e-01 3.47195983e-01
    -2.00402081e-01 -2.03910559e-01 -3.70700836e-01 2.82008231e-01
    -4.66704965e-01 1.22075140e-01 2.91450262e-01 1.53453112e-01
    1.65738463e-01 -1.30670339e-01 -2.89581299e-01 2.64386207e-01
    4.91068065e-02 4.24219906e-01 4.29905832e-01 4.90534306e-03
    2.52207160e-01 4.86876369e-02 2.02572346e-01 -1.30240202e-01
    2.05302715e-01 -2.71413654e-01 -2.92250335e-01 -2.76247352e-01
    1.69406593e-01 -3.19630504e-02 4.14013863e-04 1.37305766e-01
    -2.54153490e-01 8.31595659e-02 -2.04594791e-01 -1.57170653e-01
    2.12442577e-01 1.38037920e-01 8.46843719e-02 3.00430417e-01
    -5.06523371e-01 1.66010857e-03 2.00192273e-01 1.80960417e-01
    -8.19284320e-02 -1.73140764e-01 2.01698720e-01 -2.25097567e-01
    2.10889220e-01 -2.18209803e-01 -1.23188227e-01 -2.97031552e-01
    -3.56816053e-01 -2.71508098e-03 4.24423099e-01 1.72638625e-01
    5.68142533e-02 7.55992532e-02 -4.46900487e-01 3.15995276e-01
    3.00908685e-01 5.63653708e-02 -4.38228130e-01 2.60851443e-01
    -1.05340213e-01 3.26518476e-01 3.42396200e-01 3.46355319e-01
    3.42010021e-01 -3.12190562e-01 -4.35830832e-01 -2.35444486e-01
    3.44958246e-01 -1.45188659e-01 -1.73137128e-01 3.84852886e-02
    -4.62606311e-01 -4.42060888e-01 -1.23615265e-01 9.81807709e-04
    -2.42348641e-01 9.98634100e-03 2.17565000e-01 1.58195198e-01
    4.17029798e-01 -1.39431477e-01 -1.02888077e-01 1.82720274e-01
    -1.29697025e-02 -2.32764244e-01 3.61861289e-01 -4.34139669e-02
    -4.09929484e-01 1.71410471e-01 1.97792202e-01 -6.10945523e-02
    -4.24644053e-02 -2.31283367e-01 3.07432234e-01 -1.08920008e-01
    1.92366034e-01 -2.48385400e-01 -3.89140904e-01 -3.83252561e-01
    -3.61434639e-01 -4.01578307e-01 1.28008544e-01 -4.17865008e-01
    -6.92611635e-02 -1.83698833e-01 -4.86248285e-01 -5.29955328e-02
    4.24739122e-01 1.80277288e-01 3.36914957e-01 -3.44722658e-01
    -4.02650476e-01 -2.27957726e-01 -2.99228191e-01 3.85235548e-01
    -2.84135193e-01 3.38554680e-02 -5.62551916e-02 -4.98787463e-02
    3.93386900e-01 -1.15671337e-01 -4.19304550e-01 1.93226218e-01
    -4.79455382e-01 -4.25058931e-01 -2.94319212e-01 -2.56387681e-01
    1.91463113e-01 -5.15017509e-02 -4.75543410e-01 -1.81233883e-02
    3.28659594e-01 2.91788161e-01 -1.97687328e-01 -5.73188305e-01
    2.70315230e-01 2.15420961e-01 6.14777207e-02 -1.21469587e-01
    2.62075663e-02 2.13525057e-01 2.77973175e-01 2.94285178e-01
    -9.17280912e-02 2.43994415e-01 -2.31573284e-01 2.23750889e-01
    3.57528210e-01 -4.64148819e-01 -4.23694253e-01 6.27185106e-02
    -1.91596776e-01 -3.38698477e-01 2.69810051e-01 -1.03703141e-03
    6.06199503e-02 -2.07038879e-01 -1.64110899e-01 4.08330172e-01
    -1.60536140e-01 1.49812698e-02 2.40143538e-01 -2.25682586e-01
    7.80485868e-02 3.12808871e-01 -4.88173425e-01 -2.18082309e-01
    4.38803017e-01 -1.46620840e-01 -2.97942072e-01 -4.80454504e-01
    7.07537234e-02 1.24401450e-02 -1.33562356e-01 -5.49093485e-02
    -1.13275111e-01 -4.80240583e-03 4.29483831e-01 4.30594742e-01
    1.65793180e-01 -1.52372152e-01 -2.12335646e-01 -2.63889432e-02
    1.02557540e-01 -2.84863114e-01 4.77972031e-01 -3.44829291e-01
    -4.85952973e-01 -2.69046783e-01 6.62881136e-03 2.88953722e-01
    -2.95535535e-01 -3.15330595e-01 -3.92989486e-01 -3.69412810e-01
    3.19171309e-01 -6.91246092e-02 -1.40639961e-01 3.02084833e-01
    -2.11687088e-01 -4.61172163e-01 -5.12310505e-01 1.18961334e-01
    3.10976267e-01 3.88957262e-02 4.42667603e-01 3.58972430e-01
    -1.98156953e-01 -5.09464741e-03 1.27965033e-01 -6.58000350e-01
    -1.31956398e-01 5.86889982e-02 -2.80317664e-02 -3.95740837e-01
    4.00039583e-01 4.12331194e-01 -4.27218527e-01 -2.99337447e-01
    4.77564096e-01 3.97230983e-01 -3.91159475e-01 -5.46873569e-01
    4.86652851e-02 3.33265185e-01 -1.23488009e-01 3.58286738e-01
    1.36573851e-01 -6.69629812e-01 3.36985230e-01 3.50563765e-01
    -5.09285688e-01 1.20403171e-01 -4.91071761e-01 4.47344303e-01
    -1.16770864e-02 7.89101720e-02 4.18797135e-02 -3.09297055e-01
    -3.29702437e-01 -1.17321610e-01 -4.24517661e-01 1.66220367e-01
    -5.04140794e-01 2.45806098e-01 -7.75802135e-03 -4.00496811e-01
    1.11698329e-01 -7.25105405e-03 -3.64553571e-01 1.90441668e-01
    3.96209955e-02 1.37782037e-01 4.33732688e-01 3.15059304e-01
    -3.04118752e-01 1.92795992e-01 -2.62349933e-01 -2.47981369e-01
    3.03843021e-01 -4.42135930e-02 -3.02481771e-01 -5.08552313e-01
    -2.51203477e-01 2.62590736e-01 1.38408840e-02 -3.29919279e-01
    2.12669700e-01 -3.34239215e-01 4.15956557e-01 -1.64155364e-02
    -5.05136132e-01 -7.83967376e-02 -3.46797943e-01 -1.54509395e-01
    -3.93204570e-01 -4.03398871e-02 -5.29371023e-01 -3.84047538e-01
    -3.30146611e-01 -2.62094200e-01 4.50014889e-01 -1.96034521e-01
    -4.08782750e-01 -1.42849714e-01 3.35182279e-01 4.57114875e-01
    -2.35101849e-01 4.71478999e-01 -5.05577028e-01 6.56946301e-02
    1.14155054e-01 3.62254739e-01 -2.77737260e-01 2.41856396e-01
    1.05402112e-01 1.56424046e-02 -5.70046425e-01 -4.69614983e-01
    4.66298461e-02 -4.26490933e-01 -3.48291010e-01 -1.60426497e-01
    2.93893516e-02 -1.99338973e-01 -4.05331343e-01 -3.38752270e-01
    2.46733248e-01 -4.90654051e-01 1.73923373e-02 3.86341274e-01
    -5.02335131e-01 -5.16533852e-03 1.08341575e-01 -3.80832940e-01
    1.84534073e-01 3.16167414e-01 -1.83060765e-02 -2.64522761e-01
    -2.80550808e-01 -3.51101428e-01 -2.84878552e-01 2.96329319e-01
    -4.69298422e-01 3.01128566e-01 3.49167585e-02 2.08473742e-01
    1.72386944e-01 -5.53511262e-01 4.56731260e-01 -8.77678394e-02
    -1.58744037e-01 -2.89736778e-01 -4.18944478e-01 3.60503316e-01
    -5.18322110e-01 -9.64510143e-02 -1.05029643e-02 2.36705452e-01
    3.14923167e-01 -7.77731538e-02 1.36165351e-01 -9.56683755e-02
    -1.18849874e-01 -2.43682086e-01 5.11404395e-01 3.88575584e-01
    3.20050120e-01 1.45553887e-01 -2.00804472e-01 8.13978314e-02
    9.07698870e-02 -4.03814882e-01 -3.99657130e-01 1.05041862e-01
    6.16323054e-02 -2.44344175e-01 -2.73914605e-01 1.24110609e-01
    5.57760119e-01 1.60004914e-01 3.27526927e-01 4.93724644e-01
    -3.92692447e-01 2.91012108e-01 -3.14533591e-01 -7.36446381e-02
    3.22219372e-01 -4.89115775e-01 -2.28397548e-02 -4.04177010e-02
    3.03778946e-01 -4.21720594e-01 -7.75185227e-02 -3.02672058e-01
    -4.10471767e-01 -2.41982937e-02 4.23581183e-01 -1.70283049e-01
    5.86525798e-02 3.42610538e-01 -1.42855793e-01 -5.27105093e-01
    3.04961383e-01 3.04379344e-01 3.22042108e-01 -4.58484828e-01
    1.60656035e-01 -1.89526796e-01 4.06809509e-01 -4.29998100e-01
    4.10163671e-01 1.85568303e-01 -4.42098081e-01 3.31117749e-01
    3.41410100e-01 -4.26458925e-01 -1.89898252e-01 -1.26373172e-02
    3.79962921e-02 -1.49760664e-01 3.19967151e-01 2.68566608e-02
    2.16183543e-01 6.99018836e-02 -5.02373695e-01 2.60237753e-01
    -1.17352277e-01 4.06041563e-01 2.12689340e-01 -3.82781982e-01
    -2.96919227e-01 1.06704682e-01 2.82673717e-01 -3.67905736e-01
    6.28998280e-02 3.31424952e-01 4.31395531e-01 -1.58388704e-01
    -1.88136101e-03 4.06861216e-01 3.64334404e-01 1.98827863e-01
    2.68063098e-01 -4.70058918e-02 -3.14771771e-01 1.07038796e-01
    3.14709604e-01 1.79019749e-01 -4.40883845e-01 3.89394760e-01
    3.08650792e-01 3.43826830e-01 -5.10058999e-02 -3.01004648e-01
    -3.69105369e-01 3.57034802e-01 4.66807485e-02 4.36353683e-01
    6.41845167e-02 -4.02716726e-01 -2.24188924e-01 6.94358349e-03
    -1.32764339e-01 3.96683097e-01 -3.16339612e-01 -4.41626012e-01
    -3.94047797e-01 4.88952518e-01 2.93233097e-01 -6.04183078e-02
    2.86430359e-01 4.96256351e-03 3.79184723e-01 -2.30127633e-01
    -1.08544469e-01 -3.41130197e-01 4.44735110e-01 -3.63318384e-01
    -5.10757804e-01 3.67486119e-01 2.43092895e-01 -4.82057184e-01
    -6.01497710e-01 -4.09518063e-01 2.96999395e-01 2.57229149e-01
    1.02889419e-01 -3.89670074e-01 -5.09243906e-02 -1.23918563e-01
    -1.36870146e-02 3.36576134e-01 2.07061112e-01 -6.92091584e-02
    1.23335928e-01 2.35394865e-01 3.73623550e-01 -2.24863052e-01
    2.83839434e-01 1.66654110e-01 -3.69279861e-01 -5.56074381e-02
    -3.79113555e-02 1.59228563e-01 2.12780118e-01 3.08727384e-01
    2.93537617e-01 1.09355807e-01 4.98775512e-01 -8.41981173e-02
    1.11097097e-02 1.04764700e-01 -3.59090567e-02 -5.35686612e-01
    -2.71705210e-01 -2.95625806e-01 3.50351453e-01 2.26085722e-01
    -2.57823974e-01 -4.83214855e-03 1.63988113e-01 1.02888167e-01
    3.70871961e-01 1.93967968e-01 3.60297978e-01 -4.21853691e-01
    -4.36094403e-01 -5.20819902e-01 2.84541428e-01 -4.64382559e-01
    3.58416259e-01 -4.04315978e-01 1.34659231e-01 5.44267297e-02
    -2.14915514e-01 1.27091408e-02 3.16258550e-01 -2.76243657e-01
    2.14149952e-01 -5.16249359e-01 -1.14614516e-01 -3.78030360e-01
    -2.55124271e-01 -5.37659824e-01 2.96366692e-01 3.79813910e-01
    -5.35083890e-01 3.89260352e-01 5.82219362e-02 -1.43544376e-01
    4.07014430e-01 -5.33696055e-01 3.57625425e-01 2.20472753e-01
    -1.60430282e-01 -5.20339131e-01 3.21965396e-01 2.42003202e-02
    -5.31164646e-01 3.72379184e-01 2.68538535e-01 -3.63540143e-01
    -1.57756418e-01 -4.10757273e-01 4.15103972e-01 -2.26410627e-01
    1.07310653e-01 -2.25439370e-01 1.17887557e-01 3.44701409e-01
    1.57101274e-01 1.43151224e-01 -1.18601918e-02 2.22265959e-01
    -1.76550508e-01 -6.01214170e-03 1.01430982e-01 -1.18542612e-02
    3.77656579e-01 -2.39781529e-01 3.14536333e-01 -1.76714659e-01
    2.28075981e-01 -5.08549571e-01 -4.24464524e-01 -3.04347664e-01
    4.61864263e-01 -3.51686031e-01 -2.34914333e-01 -1.16632372e-01
    -2.03319132e-01 -5.44662118e-01 1.54943347e-01 -2.17347115e-01
    3.73430669e-01 3.87382448e-01 -3.41914892e-02 -1.17950439e-02
    -3.50763917e-01 -3.30290914e-01 -1.80688322e-01 9.17019248e-02
    9.92351770e-03 3.54864597e-01 2.70559132e-01 7.25128055e-02
    -2.76718795e-01 1.98730230e-02 1.50189102e-01 -8.43440294e-02
    -2.97422618e-01 -1.15731359e-02 2.68712699e-01 3.43145072e-01
    2.82249779e-01 4.96797472e-01 -3.51780236e-01 2.47012258e-01
    -4.06426400e-01 4.01197195e-01 5.06851673e-02 -3.23626339e-01
    -3.56434524e-01 1.34281933e-01 -2.62157291e-01 6.00159764e-02
    4.53165829e-01 1.19345248e-01 -1.71590209e-01 -1.87258065e-01
    3.35516781e-01 3.88662845e-01 -4.31455135e-01 -2.38913953e-01
    2.19730794e-01 -1.16130352e-01 -4.03670937e-01 4.28439975e-01
    4.78285551e-03 -6.26261950e-01 4.88582253e-02 4.04513896e-01
    3.61642659e-01 1.19743228e-01 -4.81596142e-01 4.49507833e-02
    1.92843437e-01 2.13391006e-01 1.31453872e-02 -7.24623799e-02
    1.54593229e-01 -4.52949405e-02 4.42481637e-02 1.15254402e-01
    -4.29138273e-01 -5.86350560e-02 3.68074477e-01 3.61064911e-01
    -3.63814235e-01 -2.88870335e-02 -1.82406068e-01 -3.41130942e-01
    -4.83779281e-01 -1.00882858e-01 -2.75737047e-02 -1.30985439e-01
    -4.39779639e-01 -2.43491322e-01 -2.08366811e-01 -3.20520997e-02
    2.67040610e-01 -1.23233378e-01 -7.34828115e-02 -4.34463918e-01
    4.16899323e-01 -2.62074411e-01 -3.95132273e-01 -4.05303240e-02
    9.21308994e-04 3.37897003e-01 -1.69550031e-01 5.81774712e-02
    3.48622918e-01 1.46981716e-01 -3.70935857e-01 -4.71398234e-02
    3.53648007e-01 -4.12131608e-01 -3.67312193e-01 1.25182539e-01
    2.53248602e-01 -3.80978853e-01 -3.22100252e-01 -3.66416544e-01
    -4.50270176e-01 -6.37513399e-02 -2.25072145e-01 -2.80827016e-01
    -4.33216155e-01 2.28847474e-01 1.77016437e-01 -4.80788380e-01
    1.45236254e-01 -9.99557376e-02 -3.42228651e-01 -1.85740143e-01
    -5.05949855e-01 -2.19190270e-01 -2.31195629e-01 -4.68090087e-01
    -4.73666191e-02 3.92376244e-01 -3.40821594e-01 -2.65711516e-01
    -6.47076964e-02 -3.41041237e-01 -2.87607580e-01 -3.68653536e-02
    1.94774419e-01 -1.64032012e-01 -2.27466762e-01 -4.19812381e-01
    -9.27203894e-02 -1.56272560e-01 -4.87363338e-02 -4.09462810e-01
    -1.74980551e-01 -3.79461050e-02 -1.05157733e-01 -1.04508996e-02
    1.15594685e-01 -2.79833496e-01 1.91215307e-01 3.80571485e-01
    2.20053256e-01 -2.14330077e-01 -1.87719464e-01 -1.52276695e-01
    1.86467886e-01 2.46403277e-01 3.08730721e-01 2.04992950e-01
    2.35418797e-01 2.06499577e-01 -1.27240360e-01 -4.09456611e-01
    -4.05671209e-01 4.81631458e-02 -2.27702677e-01 1.62465572e-01
    1.59416795e-02 -5.30304909e-01 1.52879119e-01 -1.93328053e-01
    -1.29832774e-01 2.55319059e-01 -3.02789211e-02 -8.48776102e-03
    -5.32312751e-01 2.05524385e-01 -3.05520266e-01 -1.22957736e-01
    -3.11082929e-01 -2.19017029e-01 -4.63893801e-01 -1.90482736e-02
    -7.75826275e-02 3.60029936e-02 -3.76436740e-01 -8.12191069e-02
    3.76224518e-01 4.46119308e-02 -2.59854972e-01 -4.99193668e-02
    1.72913969e-01 -2.62109458e-01 3.85382473e-01 -1.14192784e-01
    -4.23967123e-01 2.74144709e-01 -3.49993974e-01 -3.58780295e-01
    1.42659038e-01 -1.04526699e-01 3.50340784e-01 -4.61271942e-01
    -4.00344014e-01 2.43598223e-01 -1.08446836e-01 -1.79565966e-01
    -5.25365949e-01 -1.35518968e-01 3.75521183e-02 -4.25702184e-01
    3.45953465e-01 2.40423858e-01 -1.65572107e-01 2.55631506e-01
    -1.80658311e-01 1.39821231e-01 4.23210263e-02 -4.83204067e-01
    2.61127353e-02 -1.51018947e-01 -1.13888413e-01 7.93488026e-02
    3.28746855e-01 1.17738008e-01 1.53588116e-01 4.56547737e-01
    -3.85458261e-01 2.26048231e-02 -2.16113627e-02 2.07983613e-01
    -4.78978962e-01 -4.10671055e-01 -1.86592251e-01 -3.21373761e-01
    -5.39682627e-01 -5.16103268e-01 2.25610018e-01 6.63373470e-02
    -2.54587889e-01 -1.71713829e-01 -4.90861207e-01 -4.14031059e-01
    3.44891787e-01 2.19902694e-01 -1.04722559e-01 3.88511419e-01
    1.76361442e-01 -7.12954998e-02 1.06215209e-01 1.86045647e-01
    -3.58033925e-01 -1.87672019e-01 -1.66870058e-02 -1.16292477e-01
    4.77980256e-01 3.05227041e-02 1.12783909e-01 -3.21052790e-01
    -2.73395419e-01 -3.16912055e-01 -1.23816371e-01 3.22978795e-01
    -5.52653074e-02 1.95776582e-01 1.08834863e-01 -4.76174563e-01
    9.40464139e-02 2.92403758e-01 3.28144610e-01 2.88180292e-01
    -2.24693954e-01 8.79645348e-02 9.24091339e-02 2.12257445e-01
    -7.81166553e-03 -4.20167953e-01 3.68740201e-01 -2.09770620e-01
    -5.01564980e-01 4.35346782e-01 4.04061139e-01 4.28724110e-01
    -3.97546738e-01 -2.91923225e-01 -2.99717784e-02 2.19373822e-01
    9.97120738e-02 1.13015801e-01 -3.56905431e-01 2.20639050e-01
    -4.17391002e-01 3.69681776e-01 6.19015396e-02 -2.94887602e-01
    -3.08054566e-01 1.49828106e-01 -3.34551036e-01 1.84734970e-01
    6.53141737e-03 -3.75228852e-01 3.97642255e-01 3.59181136e-01
    3.78832877e-01 4.45695817e-02 3.50171328e-03 -3.34211439e-01
    3.18358630e-01 -2.50407040e-01 -2.21725553e-01 -2.09008217e-01
    3.16347480e-01 -1.83923841e-02 3.07599843e-01 3.69612515e-01
    -2.71684796e-01 -1.83067113e-01 -2.41308331e-01 -1.26332343e-01
    1.07266963e-01 3.12460184e-01 -1.02777153e-01 -1.11481756e-01
    -4.51980174e-01 1.29352689e-01 -3.46661121e-01 6.49825335e-02
    2.21740484e-01 -3.12458277e-01 2.80227423e-01 -2.80011058e-01
    -3.44929099e-02 -6.29276037e-02 -1.18926585e-01 -5.15268147e-02
    3.97515118e-01 -5.02992213e-01 -4.60088223e-01 -3.71699482e-01
    3.36027056e-01 -4.96965706e-01 -2.53201097e-01 -4.50959802e-02
    2.07300425e-01 6.86163902e-02 2.37019181e-01 5.35426736e-02
    -1.71925515e-01 -2.63601065e-01 -4.20433789e-01 6.73971772e-02
    1.92874670e-01 9.87830162e-02 -3.12084079e-01 -5.21061957e-01
    -2.91647851e-01 3.20505023e-01 -1.27969742e-01 2.27752864e-01
    -4.88154411e-01 2.13725328e-01 -1.06383204e-01 -1.52150989e-02
    -1.08375967e-01 -2.92619973e-01 5.43934345e-01 4.23872948e-01
    -9.62489843e-03 1.87487423e-01 -3.96158159e-01 -3.01971674e-01
    3.24140906e-01 -4.54150230e-01 1.78633690e-01 1.72780991e-01
    -2.09669501e-01 2.01290548e-01 7.97002316e-02 -2.00173408e-01
    -1.77697003e-01 2.41884828e-01 8.77367854e-02 -2.49432445e-01
    6.94357753e-02 4.44694757e-02 -5.17970562e-01 2.35555887e-01
    -3.72407734e-02 2.58510172e-01 -3.03338468e-01 -8.61143768e-02
    -9.32773948e-02 4.49995399e-01 4.39454436e-01 -3.45998675e-01
    1.10138416e-01 -2.50391960e-01 2.58350968e-01 -4.56285954e-01
    1.74238741e-01 -1.21836662e-02 2.53805161e-01 3.03561568e-01
    -1.09337598e-01 1.28519237e-01 -4.43978310e-02 -2.40312397e-01
    8.82182717e-02 -3.32162678e-01 -7.73173571e-02 -1.40005529e-01
    1.08424187e-01 2.93783963e-01 -4.56441045e-01 -5.54431319e-01
    1.59487188e-01 -1.60209417e-01 2.93929040e-01 -9.93619859e-02
    3.35260063e-01 -2.74310321e-01 1.64088786e-01 -1.76678151e-01
    -1.65683448e-01 -3.64448398e-01 3.13133001e-03 -3.11839938e-01
    -4.25005764e-01 3.24792325e-01 -1.42580748e-01 2.18794346e-01
    -3.83459330e-01 3.29239607e-01 3.17907929e-01 -4.89518136e-01
    3.84200811e-01 -4.44121569e-01 -4.34399724e-01 -3.88592094e-01
    3.04553390e-01 -1.54959023e-01 -8.35023522e-02 2.78087437e-01
    1.00485146e-01 -2.17040092e-01 2.04351425e-01 -3.99531931e-01
    1.52690351e-01 3.90948296e-01 -2.18082786e-01 -3.94474953e-01
    -6.98220134e-02 3.31253946e-01 2.36135483e-01 1.90965712e-01
    -2.96866685e-01 4.99978453e-01 -3.73795420e-01 1.12867832e-01
    2.22808689e-01 -3.25429142e-01 8.55399370e-02 1.72293365e-01
    1.49698555e-01 -2.17557371e-01 1.43422902e-01 1.56086683e-01
    3.83102298e-02 -1.42332703e-01 2.24633694e-01 2.85538793e-01
    -3.91592383e-01 1.27746880e-01 -1.24065965e-01 -2.97178149e-01
    -3.56481224e-01 1.27791882e-01 -4.24675375e-01 -2.34205902e-01
    3.25768709e-01 7.55161047e-02 1.04297101e-01 3.58824492e-01
    4.88963127e-02 2.55139530e-01 2.70555109e-01 4.30588663e-01
    -3.57296020e-01 2.48640597e-01 4.72916692e-01 1.72169209e-01
    -1.90143704e-01 4.43998873e-01 4.93035913e-02 1.71596348e-01
    -2.18874902e-01 -1.38100624e-01 3.46671224e-01 -5.13914943e-01
    -2.34687269e-01 -4.38752800e-01 -4.25462157e-01 2.62189031e-01
    3.00594807e-01 1.96451962e-01 -4.56640542e-01 -2.21504450e-01
    3.16850990e-01 -3.53054225e-01 1.54667556e-01 -1.27158850e-01
    3.79089117e-01 -8.19604695e-02 -2.51080930e-01 4.08286452e-02
    -2.47320235e-02 1.13400638e-01 -5.42426109e-03 -2.84339398e-01
    -3.76429051e-01 1.87232375e-01 -1.05144799e-01 -4.15779203e-01
    -2.89285690e-01 -5.38738966e-02 -6.21319890e-01 1.02110147e-01
    1.43383801e-01 1.89013690e-01 -1.67076886e-01 -4.77647930e-01
    1.51330143e-01 2.19337106e-01 -1.59473360e-01 4.35538530e-01
    -3.44800621e-01 1.40208155e-01 1.09804302e-01 -2.05057234e-01
    7.84947276e-02 2.02983558e-01 3.97867560e-01 3.97928596e-01
    -2.36537725e-01 -3.90405387e-01 1.64628506e-01 2.94878602e-01
    6.02865219e-02 -8.98993313e-02 -2.48595059e-01 -3.61769199e-01
    -1.44359648e-01 1.83538437e-01 -3.27606499e-01 -3.90503705e-02
    4.49306905e-01 -3.70392412e-01 -2.00817674e-01 2.87778258e-01
    -1.13615423e-01 -3.15943658e-01 -2.38656431e-01 -1.23029053e-01
    5.83081126e-01 -2.39814818e-01 1.86819911e-01 1.13008589e-01
    -3.33158165e-01 -2.25711554e-01 -2.56092489e-01 2.16754258e-01
    -1.75368786e-01 -1.00716352e-02 3.00156474e-01 3.74090135e-01
    -2.13592082e-01 -3.44779670e-01 1.96198165e-01 -1.95385098e-01
    1.92376554e-01 2.67839193e-01 1.29576027e-01 2.48905897e-01
    4.65061665e-02 1.02839530e-01 1.47690773e-01 -2.30349004e-01
    -3.21037441e-01 1.12711370e-01 -4.66688097e-01 4.16630566e-01
    2.44124740e-01 3.53398740e-01 -5.13577163e-02 3.21317911e-01
    5.19420981e-01 4.17147338e-01 -4.80871022e-01 3.39469373e-01
    8.17558169e-02 6.46250248e-02 -3.19415718e-01 -2.06739068e-01
    2.45106399e-01 -9.52909589e-02 2.87681222e-02 -4.44788039e-02
    1.69619799e-01 3.97611976e-01 -4.76070642e-01 -2.70260483e-01
    3.36540163e-01 -1.60281599e-01 3.32949281e-01 3.03682089e-02
    2.21546173e-01 -3.36790711e-01 -4.63659644e-01 -6.20911121e-02
    3.88249159e-02 -2.39517987e-01 -2.90934205e-01 -2.63574779e-01
    9.92792249e-02 -2.87750065e-02 -4.04823989e-01 -1.43803030e-01
    -3.66439581e-01 -1.21351987e-01 3.10545087e-01 -5.38445354e-01
    1.38267040e-01 2.76438475e-01 3.70576382e-01 3.68248165e-01
    3.97594750e-01 -9.05579031e-02 2.95451581e-01 -3.44122648e-01
    -4.23346132e-01 3.32387149e-01 -3.01212460e-01 2.57493913e-01
    -5.26510179e-02 -3.50628614e-01 -4.40680981e-03 -4.24508452e-01
    3.86113942e-01 2.68852472e-01 -5.22413611e-01 1.02513969e-01
    -1.79779530e-03 3.80696833e-01 3.20514262e-01 -2.61718333e-01
    1.95154846e-01 2.30367422e-01 9.67535377e-02 -3.93678039e-01
    -3.69504899e-01 -2.71737784e-01 -4.53676611e-01 2.88586855e-01
    3.58927310e-01 -2.03963578e-01 -3.75370800e-01 -1.63598329e-01
    -5.03608823e-01 1.88453257e-01 2.99450338e-01 -4.76831466e-01
    3.28200877e-01 -2.93854058e-01 2.80941904e-01 -3.71282309e-01
    1.58324242e-01 -3.64130437e-01 -4.59289432e-01 7.55465031e-03
    2.91658521e-01 3.70627761e-01 3.07694972e-01 1.18124783e-01
    -4.34805840e-01 1.21410042e-01 -3.15454870e-01 1.91009045e-03
    -4.14931148e-01 -4.15301472e-01 -4.97161299e-01 3.59078646e-01
    1.14441156e-01 -2.54811525e-01 2.56876409e-01 -4.23774153e-01
    4.59085166e-01 3.35153341e-02 2.11284578e-01 3.02428842e-01
    -1.11842006e-01 -2.46427834e-01 -2.02350914e-01 -7.06325173e-02
    -1.86729729e-01 1.06645703e-01 9.58198309e-03 -3.24358046e-02
    -2.83470452e-02 3.52066934e-01 -3.73001426e-01 -5.29816270e-01
    2.29462385e-02 2.35491991e-02 -5.21767616e-01 -3.33477348e-01
    3.42691034e-01 1.62391514e-01 -2.18126535e-01 -3.16790611e-01
    4.17329729e-01 5.87618351e-03 2.70251155e-01 4.85199690e-03
    -4.99656647e-01 1.42905593e-01 2.47342050e-01 -2.93766469e-01
    2.98885942e-01 -3.66406024e-01 2.98974991e-01 -5.35911918e-01
    1.53756499e-01 -1.11343592e-01 -3.77386987e-01 -9.48845744e-02
    -5.69247961e-01 -2.00036168e-02 -3.94362003e-01 -4.44854289e-01
    -2.38154411e-01 -1.38964802e-01 -1.22854263e-01 7.92499185e-02
    -3.55558991e-01 3.16824734e-01 3.08872372e-01 -3.79319221e-01
    -2.74760723e-02 4.04790938e-01 -2.11997688e-01 1.26368344e-01
    -4.85376686e-01 -4.69274044e-01 1.76675916e-02 2.61053443e-01
    3.98423612e-01 1.30450845e-01 -1.02240086e-01 3.46289515e-01
    -5.21228313e-02 -2.44173467e-01 -2.59904593e-01 -6.11116290e-02
    -1.58364624e-01 3.10101151e-01 -3.60990316e-01 2.49503255e-02
    -2.45076120e-01 -1.27981901e-01 -1.32522106e-01 1.46972120e-01
    3.29421580e-01 1.17637396e-01 -2.32449681e-01 -1.77741557e-01
    1.50592804e-01 -8.79298449e-02 2.82000184e-01 6.77719712e-02
    3.44990075e-01 -7.02053308e-02 2.08795726e-01 1.72902286e-01
    -5.48036337e-01 -1.44926846e-01 1.87933207e-01 -3.32316518e-01
    -3.83103728e-01 1.59768999e-01 -2.19811291e-01 3.60551417e-01
    -2.76156306e-01 -4.37750578e-01 -2.27762103e-01 -9.07361507e-04
    1.61538601e-01 -5.96177280e-02 -1.56188637e-01 5.71997285e-01
    3.00608903e-01 -1.03163421e-01 2.36062288e-01 -2.63936460e-01
    -7.41888285e-02 1.98898137e-01 2.98823476e-01 -1.98555917e-01
    -1.83872074e-01 4.02112812e-01 -3.24881375e-01 -4.48786587e-01
    -6.86905086e-02 2.33921766e-01 -3.54044378e-01 -8.92515779e-02
    -3.53084475e-01 -2.11056858e-01 -6.15741014e-02 -2.67186970e-01
    -1.21587932e-01 2.41763532e-01 -6.54879510e-02 -3.38845670e-01
    5.43483496e-02 -3.43944550e-01 -2.55622238e-01 -1.99971199e-01
    3.22602987e-01 4.74155545e-02 -1.14994466e-01 -1.60696447e-01
    2.46924222e-01 -1.27260149e-01 2.99635291e-01 -5.16278148e-02
    -1.00427747e-01 -1.84512675e-01 -9.05120373e-02 1.91001356e-01
    6.03855252e-02 -2.84435570e-01 1.39719546e-01 -1.45439237e-01
    -1.97847158e-01 4.34776545e-02 2.55640149e-02 9.06230807e-02
    1.21934891e-01 -1.83649302e-01 -3.03156167e-01 3.32201600e-01
    -6.61313534e-04 -2.72981435e-01 -3.96162540e-01 -2.32583404e-01
    -2.44764209e-01 -1.90414190e-01 4.10118818e-01 -3.32515329e-01
    -1.79548979e-01 5.06592393e-01 1.14214152e-01 -2.91514158e-01
    -3.06057632e-02 2.52282619e-02 -2.15817302e-01 3.51153135e-01
    -4.78166938e-01 -4.19700414e-01 5.16000390e-02 2.73770392e-01
    3.36195350e-01 7.01984763e-02 1.37894750e-02 2.58878887e-01
    -2.09434092e-01 -4.55819786e-01 -1.49334967e-01 -4.68713552e-01
    -2.24116445e-02 4.83325332e-01 -3.58307451e-01 3.09452444e-01
    4.06941414e-01 -2.95407742e-01 -2.11703122e-01 -3.14195365e-01
    1.78295195e-01 2.81733632e-01 -4.55260664e-01 -4.30115998e-01
    2.13785470e-01 8.27360749e-02 1.33478642e-02 3.95994425e-01
    -3.28057677e-01 1.55954480e-01 3.42984855e-01 1.55822635e-01
    -3.32357764e-01 4.24996793e-01 -3.61308277e-01 2.83790886e-01
    -3.93511415e-01 -2.52507627e-01 1.74977541e-01 2.68617213e-01
    -1.45610154e-01 6.74618781e-02 -3.91238451e-01 3.85843396e-01
    1.21811926e-01 -2.10698426e-01 -4.60366607e-02 -1.95463926e-01
    -1.74531281e-01 -9.76106226e-02 -3.05836320e-01 -3.87164533e-01
    3.40392530e-01 -3.15306634e-01 1.33273423e-01 3.40358555e-01
    -3.13662887e-02 4.19306993e-01 3.29285145e-01 2.14438438e-01
    -4.83980328e-01 -2.65516728e-01 -3.94650757e-01 2.54749954e-01
    2.07923651e-01 5.83083034e-02 -4.02090728e-01 -2.18003660e-01
    2.65616179e-01 -4.84645426e-01 1.28570676e-01 9.91652012e-02
    -2.63280064e-01 -4.69635576e-01 2.92157561e-01 1.89460278e-01
    4.43534493e-01 2.03769207e-01 -1.24359608e-01 2.47406065e-01
    -2.58608758e-01 3.87974560e-01 3.04295778e-01 4.59509611e-01
    -4.42426383e-01 2.97909200e-01 -5.78411579e-01 -2.45283127e-01
    3.28224123e-01 3.61603916e-01 -3.25543940e-01 2.28958964e-01
    3.96966934e-04 -3.66864830e-01 -3.43396395e-01 3.35183173e-01
    -4.06398177e-01 -3.50766897e-01 -3.86251330e-01 3.73226643e-01
    2.64398456e-01 2.44013965e-01 1.84235573e-01 -4.27545577e-01
    1.27637506e-01 -4.68558788e-01 -1.21499866e-01 4.86767471e-01
    -3.64269257e-01 -1.80821061e-01 -7.46997595e-02 -4.20337915e-02
    -1.09007418e-01 -4.87993807e-01 -2.52040625e-01 9.74072814e-02
    -2.04217434e-01 3.18027675e-01 2.67375469e-01 -7.15631247e-03
    1.88269436e-01 3.74579072e-01 1.92246377e-01 1.22168362e-01
    -1.86551362e-01 -1.32016718e-01 -3.47419024e-01 8.97493958e-02
    1.91766858e-01 5.22062182e-02 -3.28493059e-01 2.93658853e-01
    -4.57053363e-01 1.40308619e-01 -5.41912913e-01 -5.44222593e-02
    -5.17008305e-02 2.53518045e-01 7.35757351e-02 -1.61105841e-01
    -8.80249441e-02 1.66380286e-01 2.13846028e-01 -2.66645730e-01
    4.02230024e-02 -1.75529659e-01 -5.61406434e-01 -1.06144369e-01
    6.45490289e-02 5.53196967e-02 7.94115663e-03 -2.68402070e-01
    4.39220846e-01 -2.55840272e-01 -3.49772424e-01 -2.75968313e-02
    1.83398724e-01 2.92237699e-01 2.18990445e-02 2.81855702e-01
    -2.27631748e-01 -9.45329964e-02 8.70236158e-02 7.32609034e-02
    2.05556810e-01 2.84998953e-01 2.45968819e-01 1.40814483e-01
    -4.89037365e-01 2.05680847e-01 8.11353326e-02 -2.29813159e-01
    1.72398031e-01 1.24409437e-01 9.00553763e-02 -3.53327155e-01
    -3.56286526e-01 3.53238165e-01 -3.46825600e-01 7.24387467e-02
    -1.68592334e-02 -4.12874013e-01 -1.68938011e-01 -3.46916020e-01
    -1.11326784e-01 -5.30232072e-01 1.55123413e-01 2.65084654e-01
    -1.40469074e-01 3.39474857e-01 2.52256155e-01 3.79199624e-01
    -1.38965607e-01 -3.52050185e-01 2.88150668e-01 -9.43510234e-02
    -2.58138448e-01 1.64907485e-01 -4.27123249e-01 -3.28824878e-01
    3.07773709e-01 1.60067797e-01 3.63885462e-01 2.10737824e-01
    -4.14588869e-01 -1.60989165e-01 -3.33867669e-01 -3.76348823e-01
    7.76726007e-02 1.65349782e-01 -2.78903633e-01 4.00780022e-01
    -2.26371795e-01 -9.97578502e-02 -6.44365251e-02 1.51390433e-01
    2.47142404e-01 -2.42424965e-01 -2.11901546e-01 5.49278855e-02
    -1.36896491e-01 -9.78986025e-02 -1.54011846e-01 1.81990325e-01
    -3.08569014e-01 -3.02556992e-01 -1.58082515e-01 2.55398035e-01
    3.20751071e-02 -5.55928230e-01 -1.39797449e-01 1.92488730e-01
    -6.44266009e-02 3.87215614e-03 -6.64372444e-02 -5.68418980e-01
    6.61230683e-02 6.87297583e-02 -5.94644427e-01 -3.08491945e-01
    8.94695520e-03 -5.01992106e-02 3.79619181e-01 3.79133224e-03
    2.45936513e-02 -3.75953108e-01 1.76358968e-01 -1.40283108e-01
    -6.93847239e-02 -5.01199365e-02 -2.84722865e-01 -3.51718277e-01
    -3.42394799e-01 -1.18456721e-01 1.49956703e-01 2.66824126e-01
    1.99708343e-01 -7.45724440e-02 -2.04678118e-01 1.78552866e-02
    -4.87489790e-01 3.63424897e-01 -9.30555761e-02 3.04705739e-01
    -5.53160012e-02 4.24728811e-01 -1.00389034e-01 -6.40268922e-02
    2.45826304e-01 3.07823300e-01 -3.80190998e-01 -2.36738861e-01
    3.05066764e-01 2.05281079e-01 -1.24861002e-01 2.14662373e-01
    8.14678073e-02 -2.16578543e-01 -6.31710410e-01 -4.36621904e-03
    -3.50853026e-01 -4.17860210e-01 -2.67715693e-01 1.49828196e-03
    -4.67451811e-02 6.60676360e-02 -2.46381819e-01 2.37623453e-02
    -4.19182688e-01 2.53735662e-01 2.93866754e-01 1.92849815e-01
    3.17860782e-01 3.73530269e-01 -3.60189855e-01 3.95554900e-02
    -1.89014375e-02 -2.17339635e-01 -2.46889830e-01 -1.56573445e-01
    1.02089882e-01 -2.98859268e-01 3.49330664e-01 -5.49051583e-01
    3.67182195e-01 2.28125334e-01 2.76363552e-01 -3.37160319e-01
    -1.58571154e-01 3.30689907e-01 6.72929883e-02 -1.81549102e-01
    2.45693088e-01 -3.76737028e-01 -3.63632947e-01 -3.47310871e-01
    -7.08414614e-02 -6.71775937e-02 4.71963167e-01 -4.15847003e-02
    2.24298835e-01 2.23831564e-01 -1.27569675e-01 1.54342949e-01
    6.54542446e-03 -3.76248360e-02 1.06161237e-01 -3.33221436e-01
    2.87054777e-02 4.61655080e-01 -3.64301205e-01 -4.53468382e-01
    3.89173627e-02 4.09749687e-01 -2.18835622e-01 -8.24096203e-02
    -8.42936933e-02 -3.28600854e-01 -3.17169279e-01 7.50771165e-02
    -1.00104243e-01 -2.23562419e-01 1.26894057e-01 1.93899691e-01
    -3.02700877e-01 -8.33885968e-02 1.37858450e-01 -9.13991928e-02
    1.57221735e-01 1.92706347e-01 -1.27568871e-01 1.48644149e-02
    -1.91713274e-01 -7.77536333e-02 4.39726770e-01 -3.12957764e-01
    1.18406177e-01 3.10705423e-01 -1.57179922e-01 -1.99471116e-02
    -9.35060084e-02 3.38847876e-01 -4.97283340e-01 -4.34581935e-01
    3.54928136e-01 -5.59507251e-01 2.49733388e-01 8.72664452e-02
    3.67410064e-01 3.13710570e-02 8.62222910e-03 -2.64885932e-01
    1.66469872e-01 2.98615038e-01 -1.61587000e-02 3.77916038e-01
    3.67203236e-01 -4.02734548e-01 9.04551744e-02 3.79638135e-01
    1.85118020e-01 2.38396883e-01 3.30756247e-01 -1.58835739e-01
    -2.46419013e-02 -1.97098076e-01 -1.38451040e-01 -3.83378088e-01
    4.36424613e-01 -5.54969311e-01 2.12476730e-01 6.28104806e-02
    3.36677313e-01 -5.72562695e-01 -8.00909996e-02 -4.53161567e-01
    2.08979964e-01 2.35491157e-01 8.04814696e-02 -1.07656986e-01
    -2.87652612e-02 8.43727589e-02 -2.37534404e-01 3.02652240e-01
    4.62470829e-01 -4.78460550e-01 -5.54330051e-02 9.97706652e-02
    -4.00217921e-01 1.13475919e-01 1.37190789e-01 6.25659823e-02
    -1.10359192e-02 3.09652746e-01 3.37380111e-01 -2.77681857e-01
    8.28938484e-02 4.24122810e-03 5.44590950e-02 2.07536221e-02
    -3.43662500e-01 -5.22770882e-01 3.85260940e-01 -4.21794802e-01
    -4.40249801e-01 1.08114481e-01 -2.62037456e-01 2.55152702e-01
    -3.12554896e-01 1.87393129e-01 -4.79960442e-01 -4.47425246e-02
    3.18024248e-01 -2.91899621e-01 -3.19662541e-01 -1.57288909e-02
    -3.08619112e-01 2.76689351e-01 3.06150764e-01 7.55682588e-03
    3.87769908e-01 -3.81794870e-01 -8.34346712e-02 5.28740406e-01
    -1.99633807e-01 3.03606927e-01 3.03608298e-01 -2.12110937e-01
    -5.33983946e-01 -4.36742544e-01 1.02238655e-02 -4.14046973e-01
    4.72713083e-01 -3.36821288e-01 -1.26162052e-01 2.72824764e-01
    -1.08604580e-01 -1.56596005e-01 3.73688221e-01 2.22138464e-02
    2.36568749e-02 4.73383337e-01 9.03879702e-02 2.28745818e-01
    -3.57257396e-01 1.94528937e-01 -1.51117861e-01 4.02975202e-01
    -2.03499317e-01 -4.78145182e-02 1.83046758e-01 -1.06725246e-01
    -8.97560418e-02 -3.26643169e-01 -4.90097731e-01 -3.96705955e-01
    1.26954019e-01 -2.16415167e-01 2.69412518e-01 3.67032647e-01
    -3.16259921e-01 -5.59879243e-01 2.92087674e-01 -3.45728517e-01
    9.79229212e-02 -3.71354997e-01 7.80824423e-02 1.04908943e-01
    -6.92850351e-02 -6.89123273e-02 8.32365751e-02 3.65684032e-01
    -3.12469274e-01 2.88823247e-01 1.93302393e-01 3.74469399e-01
    4.12427783e-01 -2.04673052e-01 3.53243560e-01 -4.63074237e-01
    2.30991840e-03 1.98652357e-01 -2.21249580e-01 -5.56203127e-01
    -2.05862880e-01 3.24404359e-01 -3.25603276e-01 -4.22294527e-01
    -7.91638196e-02 3.90524745e-01 -3.23180556e-02 4.43225920e-01
    -4.45426494e-01 5.46668768e-02 -4.45884019e-01 -2.32375860e-01
    1.60078168e-01 -4.54047710e-01 -1.78600907e-01 -3.65110636e-02
    1.68125212e-01 3.84323776e-01 2.28288710e-01 -1.79197073e-01
    1.13710403e-01 8.37609768e-02 -5.18836021e-01 1.37463331e-01
    1.40861332e-01 -1.15286648e-01 -5.54438710e-01 -2.52123207e-01
    2.96267271e-02 2.28495538e-01 4.25972342e-02 -2.00975984e-01
    2.22353190e-01 -3.13536048e-01 -1.58847511e-01 1.76776588e-01
    2.49793351e-01 -2.29597956e-01 2.52925158e-02 9.48744416e-02
    -1.61461204e-01 -3.33753943e-01 3.53350043e-02 -2.17358023e-01
    9.14190412e-02 2.59682834e-01 -3.36242288e-01 -6.08415008e-02
    -3.52889776e-01 -3.35241884e-01 -2.31576860e-01 -3.30702603e-01
    -3.13331842e-01 2.51976669e-01 -2.31165260e-01 2.80492783e-01
    -1.02947593e-01 2.70251334e-01 -1.04803562e-01 -4.28087115e-02
    -7.26038218e-02 -2.06089616e-02 -9.25880969e-02 -3.77041698e-02
    -4.59233820e-01 2.55244493e-01 1.21016622e-01 -4.53861624e-01
    1.52261883e-01 7.91392028e-02 2.22367495e-01 -3.78828466e-01
    4.03072447e-01 -1.22100681e-01 -3.08218062e-01 -4.01291221e-01
    3.15547466e-01 2.40313351e-01 3.42615068e-01 -2.52576172e-01
    1.72575951e-01 -3.49925280e-01 1.85389936e-01 -2.89211482e-01
    -3.07102144e-01 1.23293906e-01 2.64403552e-01 -8.13385248e-02
    7.78901875e-02 1.04239166e-01 -2.88369328e-01 3.68404746e-01
    -1.09561861e-01 -3.61503989e-01 2.61615515e-02 -2.32252181e-01
    5.80905080e-02 2.46754825e-01 -1.62163824e-01 2.57198930e-01
    -6.49460852e-02 -1.60593063e-01 -1.23233795e-02 4.35493886e-02
    -3.85387987e-01 1.78852350e-01 -2.26823986e-02 -2.38096595e-01
    -5.17605662e-01 2.80493677e-01 -1.18507504e-01 2.55796194e-01
    3.93846035e-01 4.36760545e-01 -4.07925010e-01 -3.60696524e-01
    -1.25100195e-01 -1.41683519e-01 2.49517381e-01 1.79963052e-01
    3.84159088e-02 -2.85475791e-01 2.97483802e-01 -1.79090232e-01
    4.62012291e-02 -2.18230486e-02 -4.91912514e-01 -8.21530819e-02
    -3.44887346e-01 -5.10945797e-01 -9.97857153e-02 4.04639959e-01
    6.10278249e-02 1.02382898e-01 3.95850241e-01 -2.62957335e-01
    -1.93454921e-01 -4.45803016e-01 -1.08175457e-01 -7.62885809e-03
    -3.96692723e-01 3.63111556e-01 -5.78693628e-01 2.44872093e-01
    -4.61426228e-01 1.45214975e-01 -3.65976185e-01 3.31196487e-01
    -1.47406310e-01 2.54199147e-01 -4.38017875e-01 8.32558274e-02
    -5.34732401e-01 -1.79655612e-01 3.72366011e-01 -3.12510461e-01
    -3.22876364e-01 -4.82824624e-01 2.06138551e-01 -3.13296616e-01
    3.68404865e-01 -7.87788033e-02 3.32779288e-02 3.98794413e-01
    -4.76031333e-01 -5.20660639e-01 -4.29659039e-01 -2.81916827e-01
    2.20538437e-01 -2.26619244e-02 -2.02104300e-01 -2.83018500e-01
    1.89001679e-01 -3.42661113e-01 8.71396065e-02 -4.82579470e-01
    -1.67322993e-01 4.57946122e-01 -1.02055669e-01 -5.19239008e-01
    -3.99129957e-01 -1.58961236e-01 3.19685459e-01 -2.07530230e-01
    4.03714776e-02 -1.18466854e-01 1.75157309e-01 5.69161177e-02
    -7.62833357e-02 1.38048530e-02 -1.54432327e-01 7.13586509e-02
    -1.38256073e-01 4.90435958e-01 -1.15532637e-01 -1.63762033e-01
    1.28666043e-01 -2.05295205e-01 2.49587357e-01 2.93427408e-01
    -2.49896049e-01 -1.14184618e-03 4.84679192e-01 -1.36612833e-01
    2.10566223e-01 5.16306162e-02 -3.33185703e-01 3.01262528e-01
    -1.18859172e-01 1.44635439e-02 1.12352073e-01 -4.61880237e-01
    2.16741681e-01 -2.65772998e-01 -4.88044620e-02 3.86967897e-01
    -3.64315659e-01 -1.21509880e-01 -1.21359050e-01 -1.89654917e-01
    3.99711013e-01 1.05217576e-01 -4.08157110e-02 -2.02589750e-01
    -3.52530718e-01 2.14753181e-01 -4.48383808e-01 3.87110472e-01
    -1.78530961e-01 6.62265420e-02 -1.82060927e-01 -5.35976887e-02
    -1.26868844e-01 -1.43557310e-01 -1.97289407e-01 -2.49170572e-01
    -1.08788043e-01 1.10285521e-01 3.86699021e-01 2.74938345e-02
    -8.43510032e-02 3.08414698e-01 -3.25327516e-02 3.60041738e-01
    -4.06789511e-01 -1.79522038e-01 -1.71442002e-01 -1.15701497e-01
    -1.59436613e-01 -6.71869218e-02 -4.72545832e-01 3.80423009e-01
    -5.47087073e-01 3.15817058e-01 2.07857430e-01 -1.50756091e-01
    3.23044300e-01 4.05617893e-01 -1.31515682e-01 -4.03771222e-01
    3.28975260e-01 -6.29144907e-03 -1.08031183e-01 -2.75273263e-01
    -2.72047788e-01 1.92351699e-01 3.58809829e-01 6.10146523e-02
    -4.28524077e-01 -1.62766278e-01 1.79936707e-01 -4.96496081e-01
    -5.64320683e-02 -1.45457953e-01 -7.26612806e-02 7.36111999e-02
    2.75556028e-01 -2.80615777e-01 -3.75425220e-02 1.90002799e-01
    1.43827796e-02 -4.96619761e-01 1.00292504e-01 2.14643002e-01
    3.88253570e-01 8.42642784e-02 1.23270988e-01 -1.33915842e-01
    -2.99765885e-01 3.22334468e-02 1.44988358e-01 -2.34834731e-01
    3.21606100e-02 4.06389058e-01 -5.06367683e-01 1.40677691e-01
    -2.55682528e-01 2.47009635e-01 -2.82071769e-01 -1.28332973e-02
    -4.89308834e-01 -5.21513104e-01 -4.43523407e-01 -1.17148370e-01
    4.38768983e-01 4.73994583e-01 5.66008687e-02 1.16334438e-01
    -1.73091352e-01 -1.63304806e-02 2.00168133e-01 6.54978752e-02
    -1.70067430e-01 8.41331482e-03 2.14086592e-01 1.44753397e-01
    -2.90810108e-01 -2.07921028e-01 5.17094731e-02 -4.80575949e-01
    3.43249798e-01 -2.23551035e-01 4.25271869e-01 -3.55917811e-01
    -3.72488588e-01 -2.81441033e-01 1.78141057e-01 -3.84512275e-01
    -4.70477134e-01 -1.31778389e-01 2.64757276e-01 -3.38232011e-01
    2.81637549e-01 2.66278386e-02 3.05841148e-01 -3.45151544e-01
    -5.61833978e-02 4.37990963e-01 -1.32372171e-01 4.15292501e-01
    -3.24614644e-01 -1.20388210e-01 -3.31086814e-01 1.25487983e-01
    2.44664550e-02 1.02895528e-01 -1.73993856e-01 -5.47404885e-02
    -4.65585172e-01 -2.90726691e-01 2.47284353e-01 -1.95289135e-01
    -2.52459347e-01 -3.63372326e-01 -4.60861713e-01 -3.72360915e-01
    -8.29994678e-03 -4.37820733e-01 3.58606040e-01 2.82931924e-02
    -2.46347785e-01 -9.14650857e-02 3.47085446e-01 -1.96097493e-02
    1.53991461e-01 -6.07995987e-02 3.04305494e-01 2.44694650e-01
    -4.51943308e-01 -1.20787382e-01 2.19533294e-01 4.33286309e-01
    2.22210735e-01 -9.91505384e-02 -4.27136630e-01 -2.03254402e-01
    -3.78808200e-01 8.97830725e-02 -2.93584526e-01 -1.91476494e-01
    -2.98715413e-01 -3.10444802e-01 -1.04445398e-01 -3.68022919e-01
    3.43420237e-01 -3.19461524e-02 1.76113784e-01 -2.10617185e-01
    9.93188620e-02 -3.28583688e-01 -4.45252925e-01 3.98011625e-01
    -2.96018124e-02 9.56267715e-02 4.13495600e-01 3.00423384e-01
    7.81751275e-02 -4.65110540e-02 1.83898985e-01 2.51904905e-01
    1.60726547e-01 -1.85020149e-01 1.74858570e-01 2.15405464e-01
    3.46549451e-01 -1.26861304e-01 2.36279070e-01 -3.63990963e-01
    3.84681821e-02 -3.59549046e-01 6.47326708e-02 3.90602052e-01
    -7.39055276e-02 -3.41347843e-01 3.83771658e-02 2.01410979e-01
    1.08783633e-01 -3.72554570e-01 -2.82929927e-01 -4.58557934e-01
    -1.52896374e-01 4.24544811e-01 -1.07743472e-01 8.50205421e-02
    2.20113695e-01 -3.39201123e-01 -2.29077190e-01 2.45817631e-01
    4.13302034e-01 -2.49644727e-01 5.76016307e-02 3.16093892e-01
    -4.75917637e-01 3.34451735e-01 3.76123667e-01 2.74090767e-01
    3.75924885e-01 3.02041888e-01 2.98172951e-01 2.59456396e-01
    1.10044897e-01 2.56384134e-01 -2.02104181e-01 2.63745606e-01
    2.89139450e-02 3.41473818e-02 -1.35738969e-01 8.15669596e-02
    3.23004484e-01 -1.40526533e-01 -1.24370456e-01 5.01725912e-01
    4.00600165e-01 5.42845726e-02 2.51269281e-01 4.01966393e-01
    -4.16941404e-01 1.18211150e-01 -3.67288798e-01 8.51312876e-02
    -4.48617637e-02 4.31252718e-01 3.65117788e-02 -3.26017648e-01
    3.16698372e-01 -2.24510312e-01 -1.67753398e-01 2.97712624e-01
    -4.70638275e-01 -3.85987610e-01 -4.14678037e-01 -3.06095064e-01
    8.47907960e-02 1.27869844e-01 2.63560414e-01 1.99932873e-01
    -2.56635904e-01 2.75737226e-01 -3.76627773e-01 -3.21822941e-01
    5.18246055e-01 2.80994058e-01 3.43716234e-01 -1.53949261e-01
    -2.57457614e-01 -1.04850531e-03 3.37948263e-01 2.45535135e-01
    1.55787349e-01 1.35581017e-01 1.49398565e-01 1.27370834e-01
    -3.31974268e-01 5.01990318e-02 2.32281119e-01 -2.02998221e-02
    5.20192385e-02 -6.33566380e-02 -4.73508149e-01 1.84434652e-03
    1.38642788e-02 -1.35774583e-01 -2.13848680e-01 2.33845323e-01
    1.16647899e-01 1.40397340e-01 -4.13049489e-01 -1.49907440e-01
    -3.64047885e-02 2.88670003e-01 -3.39438707e-01 1.30481005e-01
    4.84101057e-01 -2.15087503e-01 -3.68766010e-01 4.27528501e-01
    5.05858779e-01 -2.38816917e-01 -2.54791796e-01 -2.71642804e-01
    2.03360617e-01 -8.14422965e-02 2.84680843e-01 9.82210040e-02
    1.63456202e-02 2.58556187e-01 2.57208645e-01 -4.08779591e-01
    -1.02195293e-01 1.44355774e-01 3.13436568e-01 -4.98099506e-01
    -2.99971521e-01 -2.18276739e-01 2.15825438e-01 3.37961674e-01
    2.15690553e-01 4.10232663e-01 -2.61447459e-01 1.87859416e-01
    -1.86726451e-02 -1.08058363e-01 -7.66165555e-02 2.21103370e-01
    -2.93814838e-01 3.59150350e-01 -3.37657928e-01 -4.68801916e-01
    4.29449141e-01 -1.34063751e-01 -4.39644337e-01 4.21179295e-01
    7.22970963e-02 -3.19685012e-01 3.00741136e-01 -1.27148092e-01
    7.00936317e-02 -2.35413551e-01 4.16548252e-02 -1.46643996e-01
    -1.34539604e-03 -2.11116254e-01 -7.91030526e-02 -4.89191353e-01
    3.72112542e-01 4.36095327e-01 -2.35615611e-01 -1.44634426e-01
    1.90528572e-01 -2.33571589e-01 1.90009952e-01 1.44827962e-01
    -4.34629709e-01 3.11488092e-01 3.20547163e-01 -2.09660739e-01
    -1.35906070e-01 -1.81279004e-01 -6.22036457e-02 -1.16599917e-01
    2.03771412e-01 2.09419131e-01 -4.54149246e-02 -3.66093755e-01
    -1.23146981e-01 6.60400391e-02 -3.52301300e-01 -2.76002586e-01
    4.29648757e-02 -2.14964002e-01 -4.07765746e-01 -4.34573799e-01
    -1.36602104e-01 -1.47087574e-02 4.14846897e-01 -3.63090843e-01
    -5.62075377e-02 -4.12553489e-01 -1.52358443e-01 -4.22706455e-01
    -1.74806535e-01 1.29931033e-01 -3.04295629e-01 -2.87823975e-02
    9.37042832e-02 1.85428560e-01 4.49408412e-01 3.39186847e-01
    -1.55133247e-01 1.28394902e-01 -4.46089327e-01 5.03965974e-01
    -3.98576677e-01 -1.88048989e-01 2.90871620e-01 -6.11534417e-02
    -3.46745342e-01 4.84284878e-01 -3.23234767e-01 -4.35014218e-01
    -5.17581344e-01 -9.72372293e-02 1.72276437e-01 -5.40782809e-01
    1.23942494e-02 7.74675608e-03 -1.30363941e-01 3.78380626e-01
    6.24033809e-03 4.19987351e-01 -1.16537482e-01 -4.05218363e-01
    2.62497425e-01 3.18137825e-01 3.71129930e-01 3.61705542e-01
    -2.08501518e-02 4.60871369e-01 2.44243473e-01 -4.47187126e-02
    -3.63079190e-01 -1.97108597e-01 -3.85842830e-01 -3.98776025e-01
    -2.88524091e-01 2.65150934e-01 -3.47553343e-01 -3.14786911e-01
    -1.40779287e-01 3.54696512e-02 -1.99042618e-01 9.66647863e-02
    -2.29879260e-01 1.67129219e-01 -2.54543900e-01 -8.64569545e-02
    -9.34451818e-03 1.03225052e-01 -3.75030518e-01 -2.74350047e-01
    -6.62231445e-02 -3.71987462e-01 -1.78950906e-01 3.59333217e-01
    2.57783055e-01 -3.26743543e-01 2.93619394e-01 2.06419766e-01
    -3.17388296e-01 -2.64800787e-02 4.17612433e-01 1.11051023e-01
    -1.97260618e-01 2.85786211e-01 -2.62200862e-01 3.04201692e-01
    5.12556791e-01 1.20899707e-01 -4.30618316e-01 3.74405324e-01
    -3.82565528e-01 -2.09131390e-01 -1.07861280e-01 -3.42197120e-02
    -3.79552543e-01 -6.36793971e-02 1.96307719e-01 2.27799445e-01
    -3.21601272e-01 -2.10722506e-01 -5.08915067e-01 -1.20797694e-01
    3.89373720e-01 -5.26976228e-01 2.03127861e-02 -2.69147515e-01
    -3.75376344e-02 -2.05600649e-01 1.09817058e-01 -1.97768182e-01
    -3.41857880e-01 3.15452516e-02 1.80206597e-01 -3.96572024e-01
    -2.02984899e-01 -3.65866750e-01 3.61364037e-01 1.39285475e-01
    -2.68177390e-02 2.48108804e-01 2.77935922e-01 -3.28940094e-01
    -5.29582739e-01 -1.36152387e-01 -6.06698692e-02 3.08081567e-01
    -2.95567781e-01 -1.21064931e-01 -4.12199110e-01 -3.69809210e-01
    3.50328326e-01 -3.11818242e-01 1.74107254e-01 1.69924676e-01
    1.71743095e-01 7.14538693e-02 2.67045140e-01 -3.96357387e-01
    4.38098282e-01 9.69116092e-02 -4.37967688e-01 2.37601578e-01
    -1.12262696e-01 -2.32210517e-01 -4.73969787e-01 -1.40295386e-01
    3.71209413e-01 6.84119463e-02 -6.34169579e-03 1.25116408e-01
    2.78649330e-01 -1.72716379e-02 -2.05878794e-01 -1.96670055e-01
    4.21088934e-01 -3.16079259e-01 1.95719361e-01 3.96687686e-01
    -2.77891725e-01 -4.71960604e-01 -2.14158952e-01 -4.68931407e-01
    3.59527111e-01 3.33737135e-02 -1.24562651e-01 1.05643630e-01
    3.12852442e-01 -3.70891035e-01 -2.69827187e-01 -2.51144528e-01
    -3.82805496e-01 -4.77705151e-01 3.52651238e-01 -3.70968580e-02
    1.96076334e-01 3.75939071e-01 -2.48734355e-02 -1.98737562e-01
    -3.86049658e-01 1.81663036e-02 1.40772939e-01 4.81168389e-01
    -2.43816733e-01 1.63267910e-01 -2.09919184e-01 -4.77736592e-02
    -5.54057598e-01 2.18622029e-01 -1.94011331e-02 -3.21818292e-01
    3.22068155e-01 -1.35174394e-02 -8.01878870e-02 5.98430932e-02
    -1.92022592e-01 4.81072724e-01 8.44926238e-02 -1.29895568e-01
    -2.26131201e-01 3.77365112e-01 -1.75354272e-01 -3.34885836e-01
    -3.57447803e-01 -4.21716988e-01 -5.45952320e-01 -2.13668346e-01
    3.89352024e-01 -3.36948693e-01 -2.20337212e-02 -1.81544870e-01
    3.73446167e-01 4.45655286e-01 3.64653528e-01 -4.93788302e-01
    -4.48147297e-01 1.22763902e-01 4.10922110e-01 -3.27169895e-01
    7.36612082e-02 -5.13798952e-01 1.17185831e-01 2.11133420e-01
    4.96148467e-02 7.25882053e-02 1.12920046e-01 3.41450930e-01
    -1.69728935e-01 -2.72292525e-01 4.22697067e-01 1.54516906e-01
    3.78359497e-01 -3.12917322e-01 -3.40462118e-01 -3.79192263e-01
    -1.75970197e-02 1.10178232e-01 -2.93823540e-01 -4.95993882e-01
    3.73891950e-01 -4.97848600e-01 5.94919324e-02 4.01231647e-01
    3.30079138e-01 -1.62243396e-01 7.79859424e-02 -2.08981335e-01
    2.29685187e-01 -4.15435612e-01 5.00118375e-01 -1.37154996e-01
    5.12347937e-01 -1.55050159e-02 5.55944741e-02 -2.60622829e-01
    3.15077841e-01 4.43092167e-01 -4.83253121e-01 -5.45562506e-02
    2.78759778e-01 7.11247325e-02 2.87423730e-02 -6.64923191e-02
    2.05796182e-01 -1.20387584e-01 -1.89732134e-01 -4.49379534e-01
    3.53086472e-01 -3.68612200e-01 4.15574372e-01 -3.66708219e-01
    3.94908965e-01 -2.84716845e-01 -1.75523758e-01 -3.48294437e-01
    1.84559166e-01 4.79987979e-01 3.83604586e-01 -2.06352860e-01
    -1.00601554e-01 3.25847834e-01 -4.06060606e-01 1.97770953e-01
    3.30310583e-01 -2.30869651e-01 -1.64761245e-02 -1.98714614e-01
    -6.16439581e-02 2.20240116e-01 1.04860365e-01 -3.65956813e-01
    -4.28392172e-01 8.41683149e-02 -2.18590021e-01 -9.64697897e-02
    -4.22456115e-01 -1.72804415e-01 -2.17319399e-01 4.48917150e-02
    3.46029282e-01 -2.03600645e-01 -2.41216898e-01 1.04979932e-01
    -3.59344274e-01 -3.24791551e-01 -1.02542907e-01 -1.62134469e-01
    -2.50466704e-01 1.70454621e-01 1.89149380e-02 1.61465228e-01
    -3.10847104e-01 4.49835926e-01 -8.07504058e-02 9.06728506e-02
    1.99030519e-01 1.23620033e-04 -4.37297046e-01 -8.53437185e-03
    -4.25689727e-01 2.55319178e-01 7.90017843e-02 -2.96055079e-02
    2.57577360e-01 -1.48536503e-01 2.31937587e-01 -4.68755364e-01
    3.36940289e-02 -5.47670722e-02 3.57943773e-03 2.72305608e-01
    -2.47080922e-02 -2.44585872e-01 2.24057257e-01 3.24439406e-02
    -2.12199599e-01 -2.23515093e-01 -8.72433186e-04 3.44972998e-01
    -2.74111927e-01 -1.80248499e-01 -1.81113124e-01 -2.29770511e-01
    -2.73848683e-01 -9.84185934e-02 -1.75302148e-01 -6.20233417e-02
    3.09954196e-01 4.97078896e-02 3.77921909e-01 2.49474406e-01
    -3.71623158e-01 3.87524962e-01 -2.62510806e-01 -9.22762454e-02
    3.62936437e-01 -3.83463860e-01 -3.72494549e-01 3.77554536e-01
    -5.28314352e-01 1.26232922e-01 -5.02185762e-01 3.49509001e-01
    -2.80339062e-01 1.39771402e-01 -4.98437881e-03 -3.06704909e-01
    -2.03230381e-01 2.20683515e-02 -3.72615844e-01 -7.85543919e-02
    1.26764059e-01 -3.02267730e-01 -1.26732588e-01 8.86039734e-02
    3.90951484e-01 -4.29610521e-01 3.71236742e-01 3.28168273e-02
    -4.91199672e-01 -3.55297118e-01 2.24345505e-01 -5.23237050e-01
    3.43846321e-01 2.40552843e-01 -1.33510828e-02 -5.64568341e-02
    7.18034208e-02 1.45868659e-02 -1.92689866e-01 1.73273981e-01
    -3.73973966e-01 -2.64130354e-01 -2.39240587e-01 7.82339573e-02
    -8.57310891e-02 3.22296619e-02 -2.44564772e-01 -9.19989347e-02
    -9.35915112e-03 -4.83924568e-01 -3.45540524e-01 3.62670422e-03
    -3.81413519e-01 -5.51957488e-01 -3.14229935e-01 1.72602952e-01
    1.88810885e-01 -3.66160810e-01 -4.92045194e-01 -4.37275797e-01
    -1.97197318e-01 1.65862203e-01 -1.15411639e-01 3.15986097e-01
    1.97795689e-01 -8.33592117e-02 -2.73287684e-01 -3.73256415e-01
    -3.63404602e-01 -4.67277825e-01 -4.25377309e-01 5.39054692e-01
    -2.82496363e-01 -4.44275141e-03 4.76511359e-01 -3.55364919e-01
    -4.35615093e-01 4.24121559e-01 2.77766824e-01 -2.91490525e-01
    -6.86552227e-02 -1.50147408e-01 -3.06577355e-01 -1.22693181e-02
    1.68141723e-03 -1.44951940e-01 -2.01788306e-01 -2.25555122e-01
    -8.39149952e-03 -1.05247706e-01 -4.35164630e-01 -3.10136825e-01
    1.68467224e-01 2.93359041e-01 2.56977141e-01 -2.73786545e-01
    -3.66078287e-01 -2.05453694e-01 -2.83752143e-01 -4.98745203e-01
    2.10810304e-01 9.05624926e-02 -4.90331292e-01 1.47224069e-02
    1.77295208e-02 -5.28334260e-01 -1.51736110e-01 3.12230647e-01
    1.32359862e-01 1.23854578e-01 -3.75068188e-03 2.63047993e-01
    -6.53813183e-02 -4.24342960e-01 1.66235119e-01 -2.00528204e-01
    -8.70796144e-02 3.75731707e-01 -2.34508544e-01 5.19658685e-01
    -1.51413620e-01 -3.53643179e-01 -1.42332375e-01 -4.03147608e-01
    2.20736504e-01 3.03784668e-01 2.22910762e-01 2.50884891e-01
    1.80058122e-01 -2.61292696e-01 6.28764033e-02 -1.06935084e-01
    8.90333652e-02 2.18009025e-01 6.63354397e-02 -3.52820992e-01
    -2.13545352e-01 -9.49424505e-03 -4.43772703e-01 -2.06910461e-01
    4.37283993e-01 -5.14783144e-01 4.07619119e-01 -1.05890036e-01
    1.70148492e-01 -4.77642924e-01 -3.70855808e-01 -3.54577363e-01
    2.31509626e-01 2.60266602e-01 -3.96513224e-01 4.00432885e-01
    -4.00955915e-01 2.57080734e-01 4.67015505e-01 -8.39917958e-02
    -1.78475648e-01 -1.47090167e-01 -2.15668708e-01 1.81568593e-01
    7.31175244e-02 3.93566161e-01 1.86126709e-01 4.56210971e-02
    -1.85917020e-01 -3.93308789e-01 6.59799576e-02 1.93477333e-01
    -9.10266042e-02 -2.53944099e-02 2.84253508e-01 2.86617696e-01
    -2.52849400e-01 4.47429657e-01 1.65838659e-01 -1.89035654e-01
    -2.67252326e-01 1.65533602e-01 5.36737442e-02 -1.40821040e-01
    1.86242878e-01 -3.23236287e-01 -4.69343632e-01 -5.57916880e-01
    2.24315524e-01 4.29888308e-01 -1.51688337e-01 -2.98687965e-01
    1.48855507e-01 1.23403668e-02 3.09221327e-01 -1.30030900e-01
    -2.84916162e-02 4.94720727e-01 4.08473015e-01 -2.60238826e-01
    -2.25279868e-01 -3.24539423e-01 -3.10593158e-01 -3.47561538e-01
    -1.37198806e-01 5.60739636e-02 1.59975111e-01 -3.39578122e-01
    -5.47219992e-01 -4.85594600e-01 2.17465758e-02 9.41735506e-02
    -2.83689082e-01 8.76836777e-02 -3.47079813e-01 -1.09194070e-01
    2.41969883e-01 1.09979570e-01 3.05139184e-01 -3.70818406e-01
    -2.75938094e-01 -1.42433643e-01 -2.33799666e-01 3.49820286e-01
    1.23054683e-02 -3.77802074e-01 -8.68018270e-02 4.51971889e-01
    -7.77480602e-02 1.79935157e-01 1.53571963e-01 -4.01948452e-01
    3.11571717e-01 -1.22337520e-01 -4.74544287e-01 1.70625150e-02
    -1.57755673e-01 3.19590747e-01 -3.86699021e-01 -2.27427423e-01
    3.23630214e-01 -4.02342319e-01 2.73277521e-01 3.00659716e-01
    3.20030808e-01 -1.40110582e-01 5.21398783e-02 -4.67857122e-01
    -4.33218867e-01 8.62986445e-02 -3.57132733e-01 3.26061726e-01
    7.93187916e-02 3.57605219e-02 -4.22433704e-01 4.46817994e-01
    5.27307689e-01 -3.04689348e-01 7.58143961e-02 -2.36161381e-01
    -2.08826393e-01 -4.21377659e-01 -2.11040676e-01 2.90948033e-01
    -4.91781235e-01 1.27295792e-01 4.60844696e-01 1.47428930e-01
    -2.47679472e-01 3.03550124e-01 -1.57246828e-01 -6.62240684e-02
    3.64532590e-01 -1.37873918e-01 1.19662821e-01 -2.91884899e-01
    -2.52748996e-01 2.16741234e-01 4.37829137e-01 -7.34424889e-02
    4.10982311e-01 -2.58525878e-01 2.27209181e-01 4.75651830e-01
    -1.56927109e-01 -1.43898606e-01 2.50883460e-01 3.98477793e-01
    8.86757970e-02 -9.79688168e-02 3.49983215e-01 4.47621942e-02
    3.16973329e-02 -2.73945332e-01 -1.67229503e-01 -2.13768393e-01
    4.29830849e-02 1.93354428e-01 -3.29016656e-01 1.67886138e-01
    1.07437491e-01 2.87640214e-01 3.22171390e-01 2.35180497e-01
    -3.83857429e-01 -1.80415869e-01 -1.75691515e-01 2.99188614e-01
    4.67808843e-01 3.62377644e-01 1.07286215e-01 4.60208088e-01
    2.91864276e-01 -1.48465037e-01 1.72094792e-01 1.24716848e-01
    -5.03483295e-01 -5.02355397e-01 1.25661790e-01 -1.57640755e-01
    -2.27271855e-01 2.67489731e-01 -4.90356743e-01 8.24892521e-02
    -2.12511510e-01 -1.18339866e-01 3.19752812e-01 5.80747485e-01
    3.57451916e-01 -3.43324214e-01 -3.22040617e-01 3.65273148e-01
    4.15813804e-01 -1.22410059e-01 1.61783576e-01 -3.03416997e-01
    3.19727898e-01 -4.27345157e-01 -4.38499451e-02 2.03896403e-01
    -5.16476870e-01 3.02247405e-01 -4.83219981e-01 2.38444865e-01
    -1.16766393e-01 -3.92080754e-01 -1.72478318e-01 -4.25269037e-01
    2.80219436e-01 -4.63053495e-01 6.38092160e-02 -1.60849988e-01
    2.08218873e-01 -1.41436994e-01 3.25866461e-01 -1.11123472e-01
    1.94716156e-01 -1.26017898e-01 1.77814603e-01 -9.13734436e-02
    -4.86462027e-01 -4.32481319e-01 -4.01610434e-02 -2.72695303e-01
    -9.51399505e-02 1.80984259e-01 6.80425167e-02 8.54133368e-02
    2.78195798e-01 -4.74790812e-01 1.17975712e-01 -6.26362860e-02
    -3.48621666e-01 -1.14633322e-01 -3.02340686e-01 2.66156673e-01
    -4.93119240e-01 -2.78458118e-01 -2.17044890e-01 -1.71330392e-01
    4.81203139e-01 -2.09197879e-01 4.37953264e-01 -2.93686867e-01
    3.18966091e-01 -3.59604388e-01 -8.93570185e-02 -5.47831953e-01
    -1.26062036e-02 7.80311227e-02 2.58020401e-01 3.35548520e-01
    -2.01258987e-01 -3.31414938e-02 -3.58074188e-01 -3.91815215e-01
    -7.64839649e-02 -3.24128807e-01 2.09387541e-01 1.70921385e-01
    -1.36139363e-01 -2.11658478e-02 3.72267962e-02 -9.07371342e-02
    3.85731459e-01 -2.59586453e-01 1.79181695e-01 -5.00271201e-01
    2.57496536e-01 1.91152811e-01 -9.03537869e-02 -3.89899671e-01
    -2.03728676e-03 -6.95285201e-02 5.26179075e-02 -2.74983644e-01
    -2.75162816e-01 -3.27617854e-01 1.74966455e-03 -2.48839080e-01
    -6.69431686e-03 6.61399364e-02 -3.49519074e-01 7.52444267e-02
    -5.22723675e-01 3.56497705e-01 1.86270118e-01 -1.29075289e-01
    -4.01741326e-01 -2.04145193e-01 3.06681991e-02 -3.34379971e-02
    1.96420014e-01 4.17984724e-01 -4.22990322e-01 -1.89601719e-01
    -4.97236848e-02 -1.70704216e-01 -3.19902480e-01 2.95782685e-02
    -4.11358953e-01 3.39301944e-01 3.25407803e-01 5.30155897e-02
    -9.00813639e-02 -4.42644596e-01 -2.58238912e-02 -1.55508935e-01
    1.81735814e-01 -2.24009335e-01 -1.28384113e-01 -3.80659521e-01
    -2.42371857e-01 -2.19010472e-01 8.41240883e-02 -3.31482530e-01
    5.38410783e-01 -3.10231209e-01 -3.18819582e-02 9.16572809e-02
    -8.87234807e-02 -2.85223097e-01 -1.80658370e-01 1.61395013e-01
    3.03240955e-01 2.54140735e-01 -1.82982683e-01 -3.09077650e-01
    -2.51296699e-01 -1.53543472e-01 1.73584223e-02 4.10258174e-01
    4.82061505e-02 9.46739316e-02 4.45227146e-01 -4.67048943e-01
    -1.82124674e-01 -3.70567203e-01 1.13250464e-01 -4.39095974e-01
    2.72768676e-01 3.98024321e-02 1.99930549e-01 1.11843467e-01
    9.80632901e-02 9.64081287e-03 -1.19276881e-01 -2.46443659e-01
    -4.52091932e-01 -1.04395717e-01 4.56682682e-01 -3.50395441e-02
    2.37586260e-01 -2.73034632e-01 -9.29633975e-02 -8.30902457e-02
    -2.35077441e-01 -4.41661984e-01 -8.90703797e-02 9.31512713e-02
    -1.14349008e-01 -3.51126134e-01 -3.40086967e-01 4.97363716e-01
    -3.42012346e-01 -3.21805298e-01 5.00908673e-01 -1.68569565e-01
    2.02617705e-01 -4.57882077e-01 -2.92756677e-01 -6.96457326e-02
    -3.93147767e-01 -6.80302978e-02 -4.49693471e-01 -1.03830636e-01
    -2.87174106e-01 -2.00654864e-02 2.91000575e-01 -6.16528094e-02
    4.82102215e-01 -2.75122017e-01 -2.33738869e-01 4.54190016e-01
    1.40862346e-01 -4.64752793e-01 -1.84670717e-01 -4.37207788e-01
    8.67257714e-02 4.03412044e-01 -1.00267053e-01 -3.47025603e-01
    1.84348464e-01 -1.89961195e-02 -4.63833332e-01 -1.24177992e-01
    -2.25139141e-01 3.40302467e-01 -2.01083183e-01 5.41097641e-01
    4.07289833e-01 1.67358220e-01 1.13470972e-01 -1.04935169e-01
    -5.21860838e-01 -5.39118648e-02 -1.89263433e-01 6.67124391e-02
    1.84124589e-01 -7.80475140e-03 -4.50362235e-01 4.94332433e-01
    -4.63590890e-01 -1.12022817e-01 7.04520941e-03 -1.95036918e-01
    1.00695968e-01 1.68774009e-01 -2.16887355e-01 1.31724864e-01
    -5.70538938e-02 9.09316540e-03 -2.18628168e-01 -3.61274660e-01
    1.89885408e-01 2.32463777e-01 9.41749215e-02 2.08179027e-01
    4.06912029e-01 -3.97549182e-01 -2.54064232e-01 1.95173383e-01
    1.60599828e-01 3.17939401e-01 4.67771709e-01 -5.42021334e-01
    -4.80851531e-02 2.87309408e-01 3.35710168e-01 -3.20850611e-02
    -2.82385260e-01 -1.78891540e-01 -3.80662471e-01 2.51846641e-01
    2.18681902e-01 -3.21562231e-01 1.15612328e-01 3.54460776e-02
    -5.55563629e-01 -6.09113097e-01 2.73553967e-01 2.04481959e-01
    1.08825803e-01 -5.84183574e-01 1.22888863e-01 4.22351122e-01
    -2.96991289e-01 4.55788136e-01 -2.96654433e-01 1.85060143e-01
    -1.27600580e-01 3.43095958e-01 4.66775656e-01 -1.83768094e-01
    -2.96259046e-01 4.77105409e-01 2.47962475e-02 5.37328422e-02
    -2.28952825e-01 -4.28830415e-01 3.48045409e-01 2.97878027e-01
    -3.10855031e-01 4.24048483e-01 2.33008862e-02 6.32668734e-02
    -4.85690832e-02 1.88294619e-01 8.71422887e-02 4.64018881e-01
    2.66656399e-01 -2.44601250e-01 -1.02641523e-01 -5.16503572e-01
    -3.82466316e-01 1.31091774e-01 -4.31923956e-01 3.31706047e-01
    -3.74073416e-01 3.28666568e-01 -4.54321206e-02 -3.67742836e-01
    -1.32124335e-01 1.54428065e-01 -3.73276979e-01 -2.93002784e-01
    -1.46088123e-01 -3.38728249e-01 2.60736078e-01 -3.39215368e-01
    -3.02833229e-01 -2.72191733e-01 -8.36306810e-02 6.62769675e-02
    -7.44478703e-02 -5.19389331e-01 1.75180852e-01 -4.56446022e-01
    1.70767307e-01 -3.51543278e-01 -3.77057642e-01 1.60347342e-01
    5.76306581e-01 9.91695225e-02 -1.72461063e-01 1.48536235e-01
    4.21013176e-01 -3.71277362e-01 -4.29857552e-01 1.65036380e-01
    -2.14436263e-01 7.17016459e-02 -1.48291439e-01 3.61636877e-01
    1.82286739e-01 -5.17284393e-01 -1.23313278e-01 2.68730104e-01
    -4.14078921e-01 -4.32088733e-01 3.24290544e-01 1.11903578e-01
    -5.73104620e-03 4.25109863e-02 -2.91022003e-01 3.13569307e-01
    -4.06965792e-01 -4.23931509e-01 2.61826366e-01 -4.97207940e-01
    3.98939133e-01 -3.68233234e-01 3.04661989e-01 3.27158332e-01
    -4.37277228e-01 1.68186963e-01 3.17512691e-01 -3.47004324e-01
    3.31740081e-01 -4.34157103e-01 1.72104955e-01 -7.43415058e-02
    -3.00683290e-01 4.57646519e-01 -8.42607021e-02 7.09804296e-02
    -1.09934211e-02 -2.70348787e-02 1.96354806e-01 1.33261144e-01
    3.59818995e-01 1.53010547e-01 -1.58200592e-01 -2.26625800e-02
    2.81802058e-01 -2.19289511e-01 -1.10190719e-01 -7.14960098e-02
    3.75337005e-02 5.58732748e-02 2.40008950e-01 3.78814936e-02
    4.53718364e-01 3.12816530e-01 8.71211290e-04 2.02641964e-01
    4.19498682e-01 9.72002745e-02 2.86379158e-01 2.96660602e-01
    1.33290291e-01 1.12567544e-02 -1.09173805e-01 3.84524465e-02
    6.48198724e-02 -4.41265702e-02 -2.58229434e-01 4.14004922e-02
    -2.53896892e-01 2.92584300e-02 -3.68171930e-03 3.56846869e-01
    -6.86173141e-02 1.21777326e-01 9.08436477e-02 -2.89732069e-01
    -4.17439789e-01 -3.01220655e-01 -1.86874360e-01 -6.38381243e-02
    -3.39590997e-01 -3.54477197e-01 1.64915264e-01 -2.45825380e-01
    -2.97773302e-01 -2.50909328e-01 2.18288004e-01 -1.35244966e-01
    -2.28552341e-01 2.47671664e-01 1.13774896e-01 4.92914051e-01
    -2.92956084e-01 1.40225291e-02 -1.40362769e-01 3.20537269e-01
    2.24926591e-01 -4.01512206e-01 -1.50774211e-01 -3.52701247e-02
    -6.02789521e-02 4.27071512e-01 -3.87335449e-01 3.53549778e-01
    1.44304812e-01 -3.87292206e-01 1.18470937e-01 -1.29364133e-02
    -3.24614167e-01 3.16353112e-01 -4.54874873e-01 4.14743215e-01
    1.03292257e-01 -3.58483672e-01 -4.18173671e-02 4.13149804e-01
    1.58572704e-01 -4.07283545e-01 -8.98720026e-02 3.30835044e-01
    -4.59887981e-01 3.67969215e-01 -2.96392083e-01 -2.31291652e-01
    -4.07510102e-01 3.05042267e-02 -1.75592393e-01 3.12853813e-01
    7.80267715e-02 6.62367344e-02 -3.52260530e-01 3.10650527e-01
    -2.68510878e-01 2.51093686e-01 4.10097241e-01 4.26473498e-01
    4.79580879e-01 2.55771637e-01 -2.19841719e-01 -5.70749164e-01
    3.67823839e-02 3.97647619e-02 2.20902741e-01 2.35323906e-02
    1.77764893e-01 -4.04636264e-01 -1.57017082e-01 8.81261528e-02
    3.30560118e-01 -1.95013583e-01 2.06348002e-01 1.88948512e-01
    -3.92306805e-01 -1.93043113e-01 3.55738044e-01 -2.58014679e-01
    4.37656224e-01 -3.48160625e-01 -2.07885683e-01 2.92740166e-01
    -3.37238371e-01 -4.55495358e-01 -5.64092398e-02 -6.43523932e-02
    -5.06736398e-01 -1.54504776e-01 -9.96530652e-02 -3.33555490e-01
    -3.87048811e-01 3.86388659e-01 3.68978679e-01 3.20570171e-01
    -1.10830843e-01 -3.64428341e-01 4.05536473e-01 -1.42520666e-01
    -2.90495545e-01 1.74183488e-01 3.05433929e-01 -1.87411427e-01
    -2.01467752e-01 -2.01594412e-01 -3.59914392e-01 1.69906437e-01
    3.08429301e-01 -1.05359852e-01 1.43622458e-01 2.99980283e-01
    1.14484429e-01 -1.23885751e-01 3.33577931e-01 4.55387473e-01
    -2.34110475e-01 -2.94398069e-01 1.08343959e-01 -3.68289292e-01
    1.76202714e-01 -3.99960756e-01 3.88569415e-01 1.67462170e-01
    -4.02787328e-02 2.19058216e-01 3.56317878e-01 -3.09217006e-01
    2.83041477e-01 -5.44065356e-01 -4.38190699e-02 -4.32453573e-01
    -2.01728880e-01 -1.76703334e-01 -5.61104417e-02 3.95879745e-02
    3.05230200e-01 -2.46785969e-01 -7.76820481e-02 -3.41065049e-01
    -3.28646809e-01 -7.22858310e-02 3.42410684e-01 2.65208304e-01
    2.06122100e-01 1.71282589e-01 4.44226921e-01 3.82546604e-01
    -2.82637775e-02 2.81462640e-01 -1.14748776e-01 1.79036379e-01
    1.61896050e-01 -2.82770991e-02 3.44160199e-01 -6.15809858e-02
    3.95803005e-01 7.88151622e-02 -4.29469705e-01 4.78154689e-01
    -3.75391662e-01 9.24800634e-02 2.36583889e-01 -6.15270734e-02
    3.96113098e-01 -4.70983684e-01 -5.51488042e-01 2.59615004e-01
    1.80880845e-01 -7.04143643e-02 3.92296106e-01 -6.59173429e-02
    -7.83427656e-02 -2.24643499e-01 -2.31380701e-01 2.78429806e-01
    5.52563667e-02 2.65496969e-01 2.44874477e-01 -2.52291381e-01
    6.21002316e-02 -1.74611807e-03 -3.96902621e-01 1.49142802e-01
    1.50842428e-01 2.31636286e-01 2.25447357e-01 -4.67122823e-01
    1.84560597e-01 -1.27693951e-01 -1.23581767e-01 3.27996045e-01
    -4.08950835e-01 -2.66836584e-01 3.46277118e-01 1.27450496e-01
    -3.25336605e-01 4.91923094e-02 2.05797791e-01 4.00924861e-01
    -5.10550380e-01 8.22857618e-02 -1.37975067e-01 2.99669206e-01
    3.99801165e-01 -3.67621899e-01 -2.69878089e-01 -8.26176107e-02
    2.26258278e-01 -2.43864298e-01 5.02451777e-01 -1.14960641e-01
    1.11546755e-01 2.05862463e-01 2.61978447e-01 -3.63618940e-01
    -5.41755319e-01 1.40611410e-01 2.96701133e-01 -5.54145575e-01
    -4.85040665e-01 -4.75463182e-01 -2.16106176e-02 1.71849549e-01
    2.87073493e-01 -1.99689865e-01 4.27157998e-01 -4.08366442e-01
    1.54560119e-01 5.03030658e-01 -4.34676141e-01 1.48970246e-01
    -3.16043198e-01 -1.76996619e-01 -2.19719291e-01 -4.49235350e-01
    -3.91558141e-01 2.98870385e-01 2.15273559e-01 1.56988680e-01
    7.38918185e-02 -1.24918371e-01 -1.59904659e-01 2.12337196e-01
    3.52129281e-01 3.58256042e-01 -2.58109570e-02 -3.08463693e-01
    1.28433645e-01 -4.27658826e-01 1.36382222e-01 -3.29864383e-01
    -1.19092315e-01 2.66076863e-01 2.99660206e-01 2.78620481e-01
    3.17482948e-01 -3.38811606e-01 -3.99254918e-01 5.45511842e-02
    2.64684856e-01 -9.33384299e-02 -1.87910408e-01 -4.74668980e-01
    3.57809842e-01 2.97459245e-01 -8.10448229e-02 -1.06812716e-02
    -2.23969042e-01 3.31384599e-01 -4.92645353e-01 -7.02280998e-02
    -2.91561455e-01 -4.76125211e-01 -5.35540223e-01 8.27436447e-02
    3.67404878e-01 2.17572093e-01 -3.38222146e-01 3.53583574e-01
    3.13787758e-01 -2.81841159e-01 -3.94823045e-01 1.44425333e-01
    -1.11695498e-01 -7.99954236e-02 1.02472216e-01 1.86944693e-01
    4.76420730e-01 -3.21118385e-01 3.02912742e-01 3.69172364e-01
    -2.13268101e-02 -2.12832481e-01 1.18163228e-02 -4.23815042e-01
    -9.91733670e-02 2.13635623e-01 -2.03542709e-01 -1.28198445e-01
    -2.71590799e-01 2.91173905e-01 -2.86785692e-01 -3.78464490e-01
    -2.62982368e-01 2.89551198e-01 3.92646670e-01 -5.47193885e-02
    -2.50981688e-01 1.63924515e-01 4.45379734e-01 4.07769263e-01
    -4.93520349e-01 -1.75492734e-01 -2.97230899e-01 4.41647857e-01
    1.05450004e-01 4.81608689e-01 3.00147712e-01 3.11246812e-01
    -3.22594553e-01 -3.76933932e-01 1.51273072e-01 1.01293147e-01
    2.09343731e-01 3.72743607e-03 3.03083181e-01 -3.45873356e-01
    -3.09423447e-01 -2.86531717e-01 -2.01825291e-01 2.87159413e-01
    -4.78003681e-01 -3.11101079e-01 -4.69237268e-01 1.71538591e-02
    -2.44518816e-01 5.47040701e-02 -3.38403165e-01 2.48805910e-01
    1.86237693e-01 -2.12441951e-01 5.63445687e-02 -2.74343371e-01
    -2.73650169e-01 -1.57493830e-01 2.72477090e-01 -4.67616826e-01
    -3.37105393e-02 -8.44857693e-02 9.93791223e-02 -4.84812856e-02
    -6.22089386e-01 -3.61837000e-01 -1.22076064e-01 -2.53983796e-01
    3.31512034e-01 -1.75942928e-01 7.86381662e-02 5.61424792e-02
    -3.70890588e-01 -3.61949384e-01 3.20868850e-01 9.32745337e-02
    -1.93000853e-01 -7.73386359e-02 2.52660632e-01 -6.87438250e-02
    -4.01960433e-01 1.94308639e-01 2.69299686e-01 -4.45359677e-01
    -3.35164666e-01 -3.86821508e-01 -5.46784997e-01 1.06320441e-01
    2.86164045e-01 3.53076398e-01 -4.83005881e-01 -3.12240034e-01
    -3.14900309e-01 -7.83134103e-02 -1.08987987e-01 -2.39300549e-01
    -6.61836267e-02 -2.41637111e-01 2.01466143e-01 6.81715608e-02
    -4.05695319e-01 3.67234051e-01 1.70386314e-01 -3.50446105e-01
    3.30841839e-01 6.68069720e-02 -5.41138530e-01 3.56638789e-01
    2.49252796e-01 -2.64434367e-01 -7.44037032e-02 2.57639647e-01
    -4.44908947e-01 2.70890772e-01 -4.03571248e-01 -4.71731663e-01
    -4.54905868e-01 2.38589555e-01 -2.31429577e-01 2.21554935e-01
    -2.98725247e-01 3.21893275e-01 3.64834070e-03 -3.70988011e-01
    -1.54596090e-01 -3.08626890e-03 -3.18536252e-01 2.01003999e-01
    3.98845553e-01 -4.29329008e-01 1.38834834e-01 5.68977594e-02
    3.09412479e-01 -1.04219466e-01 2.61310756e-01 4.27256584e-01
    -1.01870537e-01 -2.09448934e-01 -2.65497446e-01 3.88985902e-01
    -6.11763895e-02 -4.40649956e-01 -2.79234111e-01 -3.22828829e-01
    4.02772248e-01 8.19122791e-03 -3.09929073e-01 1.17524087e-01
    -1.29551381e-01 -5.67853570e-01 -1.21206582e-01 1.67943716e-01
    -1.10045016e-01 -4.22259003e-01 -5.10259390e-01 -1.74272090e-01
    3.03053856e-01 -3.24494988e-01 3.52616727e-01 -2.20405966e-01
    2.05008239e-01 -1.19194180e-01 1.34497881e-02 1.24413520e-01
    -2.71593839e-01 -4.21254039e-02 -3.93138677e-01 -2.45812774e-01
    -1.74801886e-01 -8.18306804e-02 -1.82014108e-01 2.32419431e-01
    -1.70559168e-01 1.71784759e-02 -3.30516428e-01 1.41378790e-01
    -3.20641905e-01 1.19966954e-01 -2.85920233e-01 -1.75259888e-01
    2.03539252e-01 -3.10065985e-01 -3.04054201e-01 3.49311352e-01
    -3.92506421e-02 1.33923382e-01 -1.87895358e-01 2.18239427e-01
    1.74443483e-01 -2.37510860e-01 4.30601835e-03 -5.23286462e-01
    1.43657744e-01 5.90221882e-02 -4.75507319e-01 -3.00984979e-01
    4.01118428e-01 -3.65692317e-01 1.46557271e-01 -5.18200874e-01
    -6.98886514e-02 2.22052872e-01 -1.60065800e-01 -1.12162441e-01
    -5.54146767e-02 -1.81680977e-01 -6.14653826e-02 2.05461383e-01
    -2.24668801e-01 -4.34893727e-01 -2.24384367e-01 1.58433914e-02
    -5.43432355e-01 3.85297120e-01 3.38594496e-01 -4.28942353e-01
    3.18044484e-01 -2.38950849e-02 -1.14122629e-02 2.50995159e-03
    1.22888327e-01 -2.18108058e-01 -4.86222714e-01 -5.67319095e-02
    5.19902706e-02 -4.64116901e-01 2.96688616e-01 -5.40760696e-01
    1.96631730e-01 2.11850882e-01 -9.06002522e-02 1.97223842e-01
    1.37354076e-01 8.93282294e-02 -8.82185698e-02 1.60605669e-01
    -4.91358042e-01 -2.64089704e-02 3.41649175e-01 -4.40113753e-01
    4.94149983e-01 -2.61075795e-01 2.67067909e-01 2.56317019e-01
    1.72528565e-01 -4.53883171e-01 -4.41867143e-01 -8.02646279e-02
    4.07940149e-02 -6.06968403e-02 2.14025617e-01 -1.30308777e-01
    2.33518124e-01 1.22221529e-01 -5.16876340e-01 -1.03859454e-01
    -1.09982789e-01 1.09102190e-01 -5.06613255e-01 -1.14047587e-01
    4.24762368e-01 -4.97738838e-01 -3.97913784e-01 -3.68370861e-01
    -1.88654035e-01 -8.48966241e-02 2.66280770e-01 -4.52306449e-01
    2.07611918e-01 1.87206209e-01 4.13325489e-01 8.51343274e-02
    4.78860736e-02 4.11323369e-01 -2.53509521e-01 -1.91026777e-01
    -5.00558674e-01 3.09292614e-01 3.13581228e-01 -1.53889507e-01
    -1.01210207e-01 -4.53715771e-01 2.69375652e-01 -8.88660848e-02
    1.40933901e-01 4.47426945e-01 1.66503191e-02 -5.47249079e-01
    2.34206021e-01 1.74897790e-01 1.32387161e-01 -3.91650110e-01
    2.86265135e-01 -2.67672956e-01 -1.32067353e-01 1.05679810e-01
    2.36350149e-01 1.54814929e-01 7.25500286e-02 6.36163354e-02
    -2.03954548e-01 -1.37713432e-01 3.33775491e-01 3.72155041e-01
    -4.41571146e-01 3.96426857e-01 3.39340180e-01 -2.86348939e-01
    -3.29319596e-01 -1.14316225e-01 -2.33210891e-01 4.29179549e-01
    3.08260918e-02 3.86280239e-01 5.03484011e-02 -1.15979135e-01
    2.51234770e-02 3.02071989e-01 -3.56001258e-01 -4.98590469e-02
    2.82710075e-01 -3.18974257e-03 7.87923634e-02 -6.63312376e-02
    -2.27315485e-01 4.32890177e-01 -2.77423173e-01 3.11181247e-02
    5.09462357e-02 3.73954713e-01 1.25785083e-01 -5.60890198e-01
    -4.42497373e-01 2.99489498e-02 1.92927778e-01 -2.80143082e-01
    -2.44198680e-01 1.59017801e-01 8.74811411e-03 -2.49168038e-01
    -5.18963933e-01 -2.89459825e-01 3.77976000e-01 3.27010214e-01
    6.32098317e-02 3.15130711e-01 -4.97340500e-01 -2.81810760e-03
    2.35198855e-01 -7.36141503e-02 5.45221567e-02 8.36666226e-02
    3.16387653e-01 2.99722642e-01 -3.24130714e-01 2.91587114e-02
    -5.20562530e-01 7.47638941e-03 2.11226225e-01 -3.10104460e-01
    1.48793697e-01 -4.68853176e-01 4.96650934e-02 -1.66198194e-01
    1.20220304e-01 2.25044489e-01 1.30479932e-02 -1.98106050e-01
    -8.55421424e-02 -1.63729340e-01 2.86904752e-01 -2.87049800e-01
    -1.15006566e-01 -2.63923794e-01 -6.43156469e-02 9.04516578e-02
    1.25580311e-01 1.73850536e-01 2.65087485e-02 3.04452062e-01
    -4.17405099e-01 -7.68730640e-02 -2.76027530e-01 4.38760281e-01
    9.31164026e-02 -1.84536219e-01 -2.50020683e-01 -1.16234154e-01
    -4.56848770e-01 3.71196449e-01 -5.04668415e-01 4.15050745e-01
    3.96328807e-01 -2.47971117e-01 1.06275082e-03 -4.41167295e-01
    -1.92227662e-01 -3.16934258e-01 -2.07096726e-01 1.01498157e-01
    -4.80817050e-01 7.33603239e-02 1.22850358e-01 -1.11416698e-01
    1.61121845e-01 3.08564603e-01 2.91569829e-01 5.11924624e-02
    1.30892158e-01 2.19547749e-03 2.01879621e-01 2.46111095e-01
    3.28369856e-01 -2.85032988e-02 -2.96262711e-01 -3.44210505e-01
    -3.11773449e-01 4.00857359e-01 -4.41227525e-01 3.92053127e-02
    2.32092440e-01 2.32246220e-01 3.44920635e-01 4.49997604e-01
    3.28810364e-01 -3.47125024e-01 -1.89581841e-01 -4.29777324e-01
    4.32157546e-01 -4.20107126e-01 -4.29946601e-01 -4.31269705e-02
    1.25399232e-02 -1.58972621e-01 -1.35944635e-01 -2.19462246e-01
    -2.94141740e-01 -3.30958277e-01 -1.89732611e-02 1.27707362e-01
    5.18083155e-01 2.28992015e-01 -3.79145533e-01 -2.37118602e-01
    1.63568735e-01 3.50058913e-01 4.24373150e-01 -2.50661314e-01
    3.44105184e-01 -2.51027048e-02 2.87681937e-01 1.24318749e-01
    2.91537642e-02 -3.45418066e-01 -2.50140250e-01 -4.43942666e-01
    7.04842210e-02 2.66663671e-01 -1.63074732e-01 -1.98682070e-01
    -1.26547337e-01 -3.47856045e-01 2.84359634e-01 7.45062232e-02
    -5.51175594e-01 5.06580472e-02 -7.83618093e-02 1.72542334e-02
    -2.21139729e-01 4.06926274e-02 -6.63776994e-02 -2.95739353e-01
    2.13330448e-01 -4.83596265e-01 2.67624199e-01 2.82158315e-01
    2.89636016e-01 -9.38495100e-02 1.09247446e-01 1.81083560e-01
    3.65165055e-01 9.33139920e-02 3.15078855e-01 3.59203339e-01
    -2.19392329e-01 2.87214816e-01 -5.69954872e-01 2.60356069e-02
    -7.40188360e-03 -3.74411106e-01 -2.65900165e-01 -4.35177147e-01
    2.33142853e-01 -3.21254730e-02 3.84082615e-01 4.24515158e-01
    -8.51201117e-02 -3.22296798e-01 1.39243484e-01 2.32301474e-01
    1.67938352e-01 -3.11384618e-01 2.42912650e-01 3.79365027e-01
    2.62102544e-01 -1.73997462e-01 -2.98373818e-01 -6.95760846e-02
    3.09432924e-01 -1.68624103e-01 4.41409349e-02 -2.63859808e-01
    -3.70022833e-01 -3.45578194e-02 -2.55609751e-02 3.48728061e-01
    -1.79027021e-02 4.36900258e-01 -7.66360462e-02 1.09358490e-01
    -8.70527029e-02 -5.50968051e-02 3.26490939e-01 1.95992291e-01
    -4.96855497e-01 -2.15087116e-01 -4.24621701e-02 3.72091293e-01
    1.14104867e-01 2.47989655e-01 -3.06151509e-02 -3.24128419e-01
    -5.16934156e-01 -1.28683835e-01 -1.25843287e-03 1.99272037e-01
    -4.58162755e-01 -2.78847396e-01 -8.16811621e-02 6.48068070e-01
    -1.86964542e-01 3.54148746e-01 -4.68765289e-01 -4.27664399e-01
    4.05426025e-02 1.45317852e-01 1.21528387e-01 -4.44289029e-01
    -3.41892302e-01 2.20344007e-01 -8.22491348e-02 -3.08650225e-01
    3.16402316e-03 3.13867509e-01 7.96600878e-02 1.77103400e-01
    1.65001065e-01 -3.62803966e-01 4.02117878e-01 2.41895378e-01
    -5.82320988e-02 -2.88264751e-02 2.50754833e-01 -5.99146187e-02
    1.82350188e-01 -2.20512807e-01 -1.91433668e-01 -1.81101024e-01
    2.91747451e-02 3.97797644e-01 2.33435631e-03 -3.65283430e-01
    -3.51757795e-01 3.50757301e-01 6.26402497e-02 3.63966405e-01
    1.56538010e-01 5.01108170e-02 -1.19330883e-01 -2.62921631e-01
    -1.85670435e-01 3.68380725e-01 -3.64735067e-01 -1.89853877e-01
    3.68979275e-01 5.88234067e-02 -2.55554020e-01 9.53070521e-02
    2.95574546e-01 3.47876906e-01 3.81546199e-01 -1.27777487e-01
    -3.56613308e-01 -4.27022934e-01 -1.61179721e-01 9.96132493e-02
    4.43524182e-01 3.11176002e-01 2.79756844e-01 1.81904435e-01
    -2.83393383e-01 8.20078850e-02 -5.20756006e-01 -3.31244409e-01
    1.70531392e-01 -1.63587630e-01 6.86955452e-02 9.51980352e-02
    -4.67428654e-01 3.62983346e-01 3.71035665e-01 -5.04258275e-02
    6.29757047e-02 3.75361502e-01 3.35292161e-01 1.25548840e-02
    -2.34438181e-01 6.01367354e-02 -1.95347488e-01 1.44329458e-01
    4.25453186e-01 -2.58873820e-01 -3.36827248e-01 3.51446629e-01
    2.63778746e-01 -2.27573454e-01 9.54560041e-02 -4.89201158e-01
    5.62119484e-02 -1.82903707e-01 -2.61854589e-01 -2.03650951e-01
    2.82295227e-01 -5.30153513e-01 -2.35361695e-01 2.61165917e-01
    -2.64027119e-02 -4.56102490e-01 -4.58130002e-01 3.34332228e-01
    -5.82928300e-01 3.26532125e-03 3.23906302e-01 8.35767984e-02
    -3.02689523e-01 -4.97870624e-01 8.77729654e-02 -1.98162198e-01
    -1.72683418e-01 -5.38068414e-01 -3.29357713e-01 4.21473294e-01
    4.05715048e-01 1.65913850e-01 2.94034481e-01 -1.86812997e-01
    -2.42750764e-01 -2.05326021e-01 3.24254751e-01 1.50840163e-01
    -7.25706518e-02 -4.42726403e-01 -4.46164846e-01 3.15495074e-01
    -8.28490853e-02 -3.35807383e-01 2.97243774e-01 -1.24775589e-01
    -5.60974896e-01 3.01971197e-01 -2.39339769e-01 -1.49499953e-01
    3.37928742e-01 -2.71449953e-01 -9.21166539e-02 3.11200619e-02
    -2.06695378e-01 4.44786549e-02 8.03005695e-03 -3.78956020e-01
    -4.56140608e-01 3.81582320e-01 1.12928182e-01 -3.33224326e-01
    2.18185097e-01 6.46932721e-02 4.23130006e-01 -3.60316575e-01
    1.32300675e-01 3.01872045e-01 -3.61086428e-01 5.59089243e-01
    -1.89886242e-01 4.06388938e-01 -3.87197316e-01 -2.01251626e-01
    -3.72196078e-01 -3.78019929e-01 -1.51055604e-01 -9.53893363e-02
    -3.93827885e-01 2.52204597e-01 5.45293689e-02 -5.08731604e-01
    -2.68648952e-01 -2.39182115e-01 3.06325793e-01 -4.77321744e-02
    -2.95033216e-01 -4.05506134e-01 -1.97623700e-01 4.09718454e-01
    3.32149565e-01 1.14429474e-01 2.71698356e-01 1.82599425e-02
    3.19707304e-01 2.09091246e-01 2.80874372e-02 7.75870085e-02
    -1.89257860e-01 -3.24295014e-01 3.45844120e-01 -2.93350399e-01
    9.60650444e-02 -2.53496587e-01 -8.27758908e-02 3.68560016e-01
    -2.95238018e-01 -6.10582232e-02 4.86782193e-02 -1.04923725e-01
    -4.05058771e-01 -4.19554800e-01 -3.02193075e-01 8.99785757e-02
    -3.01021636e-01 1.96217775e-01 -3.94665360e-01 3.39766145e-02
    -1.52500182e-01 3.62116039e-01 8.72670412e-02 3.40213776e-01
    4.07906473e-01 -5.28553724e-02 4.58206534e-02 5.09793162e-02
    4.24118578e-01 -3.69833082e-01 -5.14669657e-01 -1.95195913e-01
    -1.88215941e-01 -3.67448449e-01 -4.20941204e-01 2.81805694e-01
    1.07150078e-02 -1.67988628e-01 -3.14774305e-01 1.71102881e-01
    -1.38720334e-01 2.41414726e-01 1.88260078e-02 -1.24830872e-01
    1.24350190e-01 -1.39676332e-01 1.14682913e-01 2.04941809e-01
    2.67618239e-01 -6.35170937e-03 -3.17430973e-01 3.78534853e-01
    2.09924459e-01 -2.58477390e-01 1.31466389e-01 3.06911767e-01
    2.72959858e-01 3.15308273e-02 -1.67419910e-02 2.54635096e-01
    -2.24107385e-01 -2.94587076e-01 -2.34632492e-01 -3.60173583e-02
    -1.40827805e-01 -1.70830637e-01 2.84427106e-01 1.06349498e-01
    -3.24201494e-01 5.22534847e-02 4.44451571e-01 3.24611664e-01
    -1.68337524e-01 -2.87445128e-01 8.82534385e-02 3.18160236e-01
    -1.05105728e-01 3.63166243e-01 4.51653361e-01 -4.37631398e-01
    -3.13698351e-01 -4.64677811e-01 2.82695293e-01 -1.64791822e-01
    -2.48330235e-01 1.91840738e-01 -7.83414245e-02 -4.54112023e-01
    8.04861486e-02 -4.56257939e-01 9.37618911e-02 -1.85427636e-01
    -2.78992563e-01 4.78900939e-01 -2.37240821e-01 -5.51225364e-01
    -1.82349741e-01 -1.91588938e-01 -4.30644661e-01 -3.89397860e-01
    -3.98736894e-02 2.93700993e-01 -1.42445326e-01 -1.36316508e-01
    -1.57961249e-02 -5.29838502e-01 -2.43427217e-01 3.12387586e-01
    -4.16608810e-01 -1.35451078e-01 -1.47807300e-01 -9.49328542e-02
    -3.62949491e-01 5.29133081e-02 9.08002853e-02 -8.62799287e-02
    -1.07558936e-01 -2.18578607e-01 7.62715340e-02 -4.95540112e-01
    -4.04677361e-01 -2.26386189e-02 1.25109017e-01 -2.49316156e-01
    -5.24334073e-01 2.23782301e-01 2.94985533e-01 -1.75396413e-01
    -4.89803672e-01 2.53411651e-01 1.32120192e-01 -4.87343073e-02
    1.28179550e-01 3.42584014e-01 -4.94418561e-01 -5.62453747e-01
    1.18252754e-01 -2.38615066e-01 3.17684829e-01 -2.34140337e-01
    4.40992534e-01 -4.15183932e-01 1.80357695e-03 2.32992768e-02
    -4.71963853e-01 -3.78669977e-01 -1.60218239e-01 -4.07161862e-01
    1.98342204e-02 -8.09087157e-02 4.43287492e-02 -4.75209087e-01
    4.26200837e-01 -3.58063549e-01 4.44330066e-01 -2.06141174e-01
    -3.61726046e-01 -8.07055533e-02 -3.98128688e-01 -4.65007007e-01
    4.44139183e-01 -1.57284439e-01 2.75835156e-01 6.91944361e-03
    4.06455040e-01 2.77208924e-01 -1.41325206e-01 -3.91503751e-01
    -4.31148738e-01 3.66581559e-01 -4.55334723e-01 2.76636004e-01
    3.20210576e-01 -1.79972172e-01 -4.08780575e-03 2.92537808e-01
    3.37746143e-02 2.37318993e-01 3.32539916e-01 -5.44890165e-01
    1.69988632e-01 -3.81416857e-01 2.85263062e-02 1.90579236e-01
    -3.20798755e-01 4.73157942e-01 2.72214413e-03 1.94834769e-01
    -9.62622762e-02 8.75969529e-02 -4.08776104e-02 5.29274642e-02
    -4.01974857e-01 3.92092109e-01 -1.74847990e-01 -3.68202299e-01
    -3.48545223e-01 9.09342766e-02 1.05983019e-03 1.95575416e-01
    -1.23463154e-01 2.93534696e-01 2.85235465e-01 -8.17463398e-02
    3.06622148e-01 2.33621836e-01 1.30409598e-02 -2.11407840e-01
    4.15900439e-01 -5.76524436e-02 -1.50808454e-01 4.10460651e-01
    -5.06074607e-01 -1.13643050e-01 -3.53086591e-02 -2.66712725e-01
    8.98438692e-03 -4.45410311e-01 -4.75520492e-01 1.55919582e-01
    6.27607405e-02 9.66998637e-02 2.48290300e-01 -2.83775747e-01
    -2.44211078e-01 -1.89844459e-01 -1.37973428e-01 -2.03358859e-01
    3.78683895e-01 -1.01810992e-02 -6.71896338e-02 1.36657923e-01
    -4.22946215e-01 1.98343724e-01 2.39225209e-01 1.22058868e-01
    2.75469840e-01 3.27174067e-02 1.16473436e-02 -8.59387517e-02
    3.94071341e-02 -2.14577913e-01 -3.57541800e-01 3.03840935e-01
    -1.47431493e-02 5.02444804e-02 9.80707407e-02 3.40349793e-01
    1.61780953e-01 -4.68835354e-01 -2.66357452e-01 1.20197207e-01
    -3.66342098e-01 -1.44680500e-01 -3.48840386e-01 1.74231350e-01
    1.91677213e-01 1.80557668e-01 3.04077268e-02 -2.20140994e-01
    -3.21823627e-01 5.63450456e-02 -3.75646353e-03 1.93492949e-01
    -4.54818964e-01 -3.39897156e-01 1.49342448e-01 5.23572564e-01
    -3.14279795e-02 -4.01500851e-01 3.50570679e-02 -4.84003723e-01
    9.73955393e-02 -2.07317859e-01 9.75068212e-02 -6.12916946e-02
    7.81551600e-02 -5.32986522e-02 -2.68541813e-01 -1.40988827e-03
    -1.51940614e-01 4.66744423e-01 -1.46878600e-01 2.77032673e-01
    -3.79329503e-01 2.91730821e-01 -2.12668180e-02 -9.46003199e-03
    -1.35963321e-01 2.75704920e-01 1.08306408e-02 -4.14924741e-01
    -4.70008105e-01 3.11939478e-01 -1.21184528e-01 -3.95501256e-02
    -2.44074345e-01 -4.36497152e-01 -3.41700792e-01 5.73350191e-02
    3.09068561e-02 -3.50242645e-01 -1.22023821e-02 -1.77871764e-01
    -4.41803724e-01 4.77520704e-01 -2.37575352e-01 -4.86657590e-01
    -4.52230304e-01 1.62482679e-01 -3.54266822e-01 -3.81915599e-01
    1.20709538e-01 -2.56191880e-01 -3.11924607e-01 5.08118391e-01
    5.30267358e-02 4.75235790e-01 -4.77132201e-02 -8.09021890e-02
    -4.07305270e-01 -5.00841737e-02 -9.43602920e-02 1.69722736e-01
    -2.15525329e-01 -5.27130425e-01 1.60305440e-01 2.84267664e-02
    -2.75382340e-01 -3.22753191e-02 1.45740807e-01 -1.43804938e-01
    6.03044689e-01 -4.79710102e-02 -8.64267349e-03 3.14295650e-01
    -4.28944141e-01 3.58443499e-01 -1.17728651e-01 1.25945032e-01
    3.03265750e-01 3.71008694e-01 -2.76807815e-01 1.20829284e-01
    -3.63776892e-01 4.68241572e-02 -3.52204949e-01 -2.54398078e-01
    2.32795775e-02 -8.31698775e-02 -2.25424588e-01 -2.70937622e-01
    3.15950572e-01 -2.42275774e-01 -2.06239700e-01 -4.06245619e-01
    -2.62629420e-01 2.62970030e-01 1.67736471e-01 3.12243998e-01
    3.70818794e-01 -5.21649957e-01 2.00700462e-01 2.43910104e-01
    -1.20646358e-02 -4.19459373e-01 3.07060897e-01 2.30420828e-01
    -4.47370917e-01 1.21070743e-02 1.12274826e-01 7.00134635e-02
    -4.63279098e-01 1.66960120e-01 -2.10050136e-01 3.40783894e-01
    5.48511744e-02 -1.59341604e-01 -9.27510560e-02 3.38069201e-02
    3.30840409e-01 -4.83532131e-01 -3.23733330e-01 -2.55959868e-01
    1.69345140e-01 -1.33008629e-01 4.53491390e-01 5.03037572e-02
    -4.68131244e-01 -1.27195716e-01 3.61222029e-03 2.18478382e-01
    -4.34816897e-01 2.11892962e-01 -1.76178336e-01 -2.94033647e-01
    4.13332224e-01 -2.71780103e-01 -2.69212663e-01 4.30749983e-01
    -2.47411370e-01 -3.94274235e-01 -1.17704093e-01 5.76180220e-02
    1.68730319e-01 -1.21024549e-01 2.28549421e-01 -5.12522817e-01
    -1.41399533e-01 -3.77436846e-01 -3.57805789e-01 2.31804162e-01
    3.83229703e-01 -2.94741362e-01 -2.12211907e-02 -1.23997778e-01
    -1.40720010e-02 2.34795570e-01 -5.38276970e-01 4.54468131e-01
    -3.12181026e-01 2.67221928e-02 3.10656488e-01 3.46944034e-01
    3.63246739e-01 -2.34523296e-01 2.38017380e-01 3.85393977e-01
    -3.34399283e-01 -1.47132516e-01 1.48188025e-01 -2.61641622e-01
    1.78185761e-01 1.43758297e-01 -4.46713746e-01 -2.36687958e-01
    1.23891711e-01 3.86300534e-01 -3.11701000e-01 -1.08621061e-01
    3.06713879e-01 2.13401735e-01 -2.48054504e-01 -2.59747207e-01
    8.93347859e-02 -1.21371388e-01 2.49968171e-02 -3.79458934e-01
    -2.38625824e-01 4.10033047e-01 -2.52573401e-01 1.87980771e-01
    2.88862526e-01 -1.17639154e-01 2.30476260e-01 -1.61119223e-01
    -5.52138209e-01 -5.16692340e-01 -3.67284536e-01 -1.03841603e-01
    4.59456444e-03 3.61811399e-01 -3.34825188e-01 -3.04554343e-01
    -4.92278039e-01 -7.69687295e-02 5.28374314e-02 -2.62234181e-01
    3.71192098e-02 3.19006085e-01 4.13565874e-01 3.66208553e-01
    2.44088888e-01 -1.22377187e-01 -1.12885237e-03 6.87265396e-02
    -1.46577805e-01 7.86204934e-02 -1.79546028e-01 -2.75805473e-01
    -1.00003958e-01 2.55387187e-01 -2.69215792e-01 -1.88996881e-01
    -2.10797757e-01 -9.44693387e-02 9.20932591e-02 9.08263624e-02
    -3.66083980e-01 -1.45438015e-02 -2.20763981e-01 -4.00853634e-01
    2.13033020e-01 -9.74997878e-02 3.85956645e-01 -3.25806141e-01
    -1.05309606e-01 -3.35828543e-01 3.35542083e-01 -9.14596617e-02
    -4.63360101e-01 -3.60081345e-01 -4.73653108e-01 3.15322220e-01
    3.25984657e-01 4.84464884e-01 -3.54275793e-01 -2.19693512e-01
    -6.94434345e-02 -2.63924986e-01 -1.42272562e-01 -4.85275239e-01
    -8.00941586e-02 -4.30036545e-01 -4.72289324e-03 2.43302345e-01
    -4.65766191e-02 3.95160139e-01 -5.31635284e-02 4.28599119e-03
    4.59145784e-01 3.61293793e-01 -1.88489586e-01 -4.60703373e-02
    -1.67225480e-01 -8.43721926e-02 -3.58395547e-01 2.57181823e-01
    3.66397619e-01 1.16391063e-01 -5.23764789e-01 -2.26944625e-01
    9.00685191e-02 -3.76851231e-01 -5.20392656e-01 -5.49245596e-01
    -4.78462428e-01 -6.98477924e-02 -5.42782426e-01 -3.00865650e-01
    3.69053364e-01 1.19389713e-01 -2.58771360e-01 -2.37312615e-01
    6.08312488e-02 4.33411896e-01 -3.45795155e-02 -1.69119149e-01
    2.36950397e-01 8.83589387e-02 -1.58851981e-01 -2.34556317e-01
    2.86138892e-01 -2.85474807e-01 -3.86534750e-01 -2.78567791e-01
    -2.83546865e-01 3.93110275e-01 4.46104884e-01 -3.94738525e-01
    1.63439870e-01 4.32479054e-01 -1.57063305e-02 -1.79416806e-01
    4.02416080e-01 2.59240419e-01 2.82298565e-01 4.20022905e-02
    -2.56197333e-01 -1.41099811e-01 -3.50827157e-01 -4.13595766e-01
    1.11130595e-01 4.27169561e-01 -1.63065434e-01 -2.99947470e-01
    8.81483257e-02 -3.64747465e-01 -1.31025910e-02 -3.57231855e-01
    -4.95543748e-01 2.82702386e-01 3.60723317e-01 1.45324409e-01
    -5.14524639e-01 -2.68478990e-02 5.42157292e-01 1.01475269e-01
    1.48669273e-01 -5.37689328e-02 -2.15003788e-01 1.24974668e-01
    2.58747101e-01 -5.84245920e-02 3.68751287e-01 -2.56327331e-01
    -2.94912159e-02 -4.06687856e-02 -4.38246191e-01 3.74754429e-01
    -7.72716999e-02 4.82670814e-01 -3.51113737e-01 -2.95625120e-01
    -2.89185673e-01 2.69687742e-01 6.76779151e-02 1.67251647e-01
    4.38042700e-01 2.85040379e-01 6.32643104e-02 -1.63469166e-01
    1.76035285e-01 4.02458429e-01 -4.81240332e-01 1.73106849e-01
    7.14107752e-02 -2.36574411e-01 4.00260329e-01 -2.31205285e-01
    3.78333151e-01 -2.57531345e-01 3.77921641e-01 2.71578908e-01
    2.81063318e-01 -1.93978548e-01 3.12762499e-01 -3.46727014e-01
    3.15305352e-01 -3.92184854e-02 -5.90769410e-01 2.20169663e-01
    1.45301580e-01 -4.79163527e-01 1.13368571e-01 3.88723433e-01
    -1.75402343e-01 -4.31760043e-01 1.72355950e-01 2.84944594e-01
    -6.51299953e-02 1.96475029e-01 -2.26112068e-01 -3.83347273e-01
    3.15625906e-01 2.18986303e-01 2.96233982e-01 -3.35909277e-01
    3.13914716e-01 -2.07413077e-01 4.21677828e-01 -1.03158772e-01
    7.77979493e-02 5.16566336e-02 3.56935859e-02 3.89078200e-01
    -3.96132469e-03 -4.34569299e-01 4.58845496e-02 1.60872400e-01
    2.27034211e-01 -1.32483125e-01 -2.85326391e-01 1.97198153e-01
    -9.63769853e-02 1.50011063e-01 -1.25207573e-01 -3.65702152e-01
    1.27890527e-01 -3.96042317e-01 -1.93220913e-01 2.23522305e-01
    2.25930810e-01 -1.76654011e-01 -3.93093705e-01 -2.15501398e-01
    -5.85156560e-01 -1.64812684e-01 2.41951406e-01 3.25008929e-01
    -3.66512567e-01 -1.07147992e-01 1.92275047e-02 -2.38488108e-01
    -6.98429346e-03 -2.40401477e-01 3.30128074e-02 4.59928513e-02
    -4.09384340e-01 1.69422984e-01 2.58310616e-01 3.41335595e-01
    -1.11268938e-01 -2.48281747e-01 2.36712635e-01 -3.54732692e-01
    -2.25553840e-01 -1.05400056e-01 -5.58436215e-02 -1.16617680e-02
    -2.58948326e-01 1.77945495e-01 2.49837905e-01 1.90648675e-01
    2.60406911e-01 -3.40219319e-01 -3.17341387e-01 -3.72266561e-01
    3.16172123e-01 -5.05768538e-01 -2.81814337e-02 -2.14627475e-01
    1.08086348e-01 3.13329101e-02 -2.14879483e-01 -3.51094306e-01
    3.40141058e-01 -2.08428502e-01 -1.23261929e-01 1.28288329e-01
    3.78274679e-01 5.83780408e-02 4.14600372e-02 -4.62028652e-01
    -1.93772972e-01 -8.35029185e-02 2.16805577e-01 -4.58141327e-01
    2.46660650e-01 -9.64449048e-02 2.30179071e-01 5.20110130e-04
    -1.45931989e-01 -4.45908487e-01 6.88910484e-03 -5.98748922e-02
    4.76795435e-02 2.64900625e-01 9.97452736e-02 4.55900967e-01
    6.89283311e-02 -3.28000903e-01 3.07215244e-01 1.72326118e-01
    3.14688057e-01 2.54080713e-01 -4.16248858e-01 2.59165585e-01
    -3.75960946e-01 -2.86099821e-01 -1.67039365e-01 4.52659637e-01
    -3.60897362e-01 2.34519720e-01 -1.64041847e-01 6.06998205e-02
    -5.24101257e-02 1.95463419e-01 -1.15371346e-02 -3.07587445e-01
    -1.25165850e-01 -3.49617660e-01 -4.89844978e-02 1.11582398e-01
    -4.12684947e-01 4.67835754e-01 1.89242661e-01 3.69791329e-01
    -2.33947635e-01 -7.42822886e-02 1.15344524e-01 4.48188424e-01
    -5.21896422e-01 -5.13580084e-01 -1.18554950e-01 -6.75708055e-03
    -2.27413535e-01 -4.12923604e-01 -4.19322699e-01 -1.63551986e-01
    1.58649981e-01 -1.57002062e-01 -2.43681937e-01 3.21307123e-01
    1.73146725e-01 3.12247217e-01 -3.09963346e-01 -1.30261093e-01
    3.63282561e-01 -4.74273562e-01 2.77841747e-01 2.38833904e-01
    2.42688656e-02 1.98339224e-01 -3.15625519e-01 -1.61142766e-01
    -3.22654575e-01 4.28510904e-02 -5.07255197e-01 -1.28450453e-01
    2.71761298e-01 -4.34186757e-01 1.75494790e-01 -5.57739377e-01
    1.61868334e-01 1.78982377e-01 3.13014030e-01 7.07604885e-02
    3.94141436e-01 -8.84351730e-02 2.61015475e-01 2.47700185e-01
    1.86126828e-02 3.50237250e-01 4.52187061e-02 -4.09584075e-01
    -1.27725273e-01 4.55726713e-01 -9.91839767e-02 -9.84290540e-02
    -9.03546512e-02 -1.00215703e-01 1.22681767e-01 3.24888527e-02
    4.14066017e-02 1.68491036e-01 -3.30742329e-01 -3.86656433e-01
    6.97289705e-02 -3.85117412e-01 2.32490242e-01 -4.19076562e-01
    1.98602617e-01 -5.13645411e-02 3.33728909e-01 -2.93794990e-01
    3.58526707e-01 4.16301250e-01 -4.86708403e-01 3.08283567e-02
    -1.57219976e-01 -2.66249299e-01 -1.52146220e-02 4.89782482e-01
    2.40216136e-01 -3.24208647e-01 -3.14432859e-01 2.85207093e-01
    -3.86155814e-01 4.04953361e-01 3.43108654e-01 -5.47048092e-01
    8.18503201e-02 4.92496312e-01 -3.63629967e-01 -4.63287055e-01
    1.55946314e-01 -7.35755563e-02 1.66274667e-01 -4.27194387e-01
    -2.03877091e-01 3.79982710e-01 -4.09034371e-01 -1.91983283e-01
    7.29006529e-02 4.17024314e-01 2.51407385e-01 -9.82941389e-02
    -1.10505819e-02 3.10599744e-01 1.16293609e-01 -1.61519647e-01
    3.54343355e-01 -5.61756194e-01 -1.76613361e-01 -8.38430226e-02
    -4.39548433e-01 1.22463703e-03 -3.74582767e-01 -4.60743934e-01
    3.06091905e-01 -2.55977094e-01 -2.10026056e-01 1.91424489e-02
    -1.42899126e-01 1.59702182e-01 2.75532842e-01 3.22431028e-01
    3.01035821e-01 -5.81377089e-01 -2.26426512e-01 -2.58636296e-01
    -7.69664943e-02 2.57023275e-01 1.01495087e-01 2.73916125e-02
    -3.28085721e-01 -2.24160492e-01 -3.21819961e-01 1.06275976e-02
    -4.87723559e-01 -4.97518003e-01 1.66787505e-01 6.40103221e-02
    -4.88196820e-01 5.57141423e-01 2.09289342e-01 -1.67353868e-01
    4.07549173e-01 -2.73112059e-02 1.16259873e-01 -8.49196911e-02
    4.63825047e-01 -4.81057167e-03 3.06022763e-01 2.78997302e-01
    -5.13015330e-01 -1.13855630e-01 1.68375611e-01 -9.12820697e-02
    -3.35566163e-01 9.40002501e-02 -1.18865728e-01 -2.90734947e-01
    1.67121142e-01 -4.22948480e-01 1.28681600e-01 9.45047140e-02
    -6.16881847e-02 -3.66668284e-01 1.71191573e-01 -2.90193498e-01
    2.53800571e-01 1.27463460e-01 -1.18395865e-01 -4.64823812e-01
    1.16631508e-01 -4.75542456e-01 -2.49329597e-01 -9.16290283e-03
    -2.77399778e-01 -2.26664603e-01 4.22818065e-02 -1.54570937e-01
    -1.75386935e-01 3.49725902e-01 -1.29118323e-01 -3.60183269e-01
    -1.52068108e-01 8.52525234e-04 4.33138192e-01 -7.22905397e-02
    1.09213114e-01 3.04476529e-01 -5.23163080e-02 -9.54804420e-02
    -2.90384382e-01 -9.62507725e-03 -3.74181479e-01 -4.73827928e-01
    -2.34903961e-01 7.89170861e-02 3.07914555e-01 4.51173127e-01
    -4.55852151e-02 1.40509009e-01 -1.25193298e-01 -4.81970847e-01
    2.91161239e-01 1.23211503e-01 3.01512301e-01 -9.00203288e-02
    -4.26679850e-02 1.43637359e-01 3.34475517e-01 -3.35430682e-01
    -1.19197011e-01 2.69134998e-01 -2.14850843e-01 8.18465352e-02
    -4.38500971e-01 1.85150504e-02 -3.63089025e-01 -5.02047241e-01
    1.12703860e-01 1.07998848e-02 -4.55409884e-02 -1.75758660e-01
    -4.07295614e-01 2.29722142e-01 -3.91047239e-01 3.49749386e-01
    2.43069589e-01 -1.94203883e-01 2.58443773e-01 -1.12377286e-01
    -4.91096348e-01 -3.87147427e-01 -3.69945318e-01 -1.72765255e-02
    -1.98255330e-01 -1.04849011e-01 -2.22559214e-01 -5.98515868e-02
    2.13032156e-01 -1.08875841e-01 3.24228227e-01 1.68197751e-02
    2.78244376e-01 -4.92094785e-01 4.31539714e-01 2.11603999e-01
    3.48442078e-01 2.16905296e-01 4.73482907e-02 -3.17639470e-01
    -3.85039687e-01 -4.74255383e-02 -1.64453298e-01 -3.81824344e-01
    1.16325557e-01 6.64826632e-02 -4.42510247e-02 -2.89742529e-01
    2.81748116e-01 -3.22473049e-02 2.07199216e-01 2.84482837e-02
    -2.05703080e-01 -2.92535126e-01 2.96007335e-01 2.28217840e-01
    -5.33818364e-01 3.71599197e-03 2.02331603e-01 -1.06162310e-01
    -2.60171205e-01 2.61306763e-02 1.93908989e-01 -4.28872228e-01
    -1.32220984e-03 5.50826788e-02 1.70904338e-01 3.05544853e-01
    -4.84108925e-04 3.05980444e-01 4.30123568e-01 -1.37082547e-01
    4.22175765e-01 -2.94626921e-01 2.36126602e-01 -3.86227816e-01
    7.60692954e-02 2.58111179e-01 3.97165298e-01 3.08076024e-01
    -3.20590734e-02 -3.35110396e-01 3.21508110e-01 -1.79941416e-01
    -2.24742621e-01 -3.51851016e-01 1.84364080e-01 -1.56263202e-01
    -1.39682710e-01 -4.81587946e-01 2.94634819e-01 -8.81660283e-02
    2.22299933e-01 -4.01233017e-01 -1.34564817e-01 -1.55463606e-01
    -3.35739136e-01 -9.25571322e-02 -3.25647146e-01 -3.03060621e-01
    -1.84382439e-01 -4.42981511e-01 -2.51217932e-01 -4.81791973e-01
    -3.92674744e-01 -1.24486327e-01 1.43871993e-01 2.13763326e-01
    -3.56172174e-01 -3.98153543e-01 4.72464949e-01 -5.04197478e-01
    1.35289788e-01 1.81251824e-01 2.39318609e-02 -1.75626457e-01
    -3.63714486e-01 1.28348172e-01 -2.53686756e-01 1.63808227e-01
    3.43124330e-01 1.60740316e-01 4.07138824e-01 -1.81226939e-01
    1.81246758e-01 5.31769037e-01 -4.95545685e-01 -5.59857786e-01
    5.78901172e-02 1.24432266e-01 -4.78861183e-01 -6.90162182e-03
    -2.23152637e-01 -5.86094260e-02 -4.38171238e-01 3.12375903e-01
    4.18915510e-01 2.72634983e-01 -8.93227458e-02 3.06884825e-01
    1.21524274e-01 2.55721688e-01 -5.32314956e-01 9.30929780e-02
    -2.52603471e-01 1.32112503e-01 -2.30519146e-01 -6.72700167e-01
    1.60750568e-01 -5.30500412e-01 1.11561418e-02 -2.69214988e-01
    -1.27512783e-01 1.37750089e-01 4.29836452e-01 -1.81177467e-01
    -3.07762027e-02 -2.87557989e-01 8.07034969e-02 -2.16071069e-01
    1.58814967e-01 -1.86709225e-01 -1.27529323e-01 -3.88704836e-01
    2.55636394e-01 -5.82775056e-01 2.23898530e-01 2.44716823e-01
    2.03796089e-01 3.36370707e-01 3.67375553e-01 8.28266144e-03
    -3.77230823e-01 1.69576108e-01 -2.25833088e-01 1.89174891e-01
    3.72498035e-01 -4.79872316e-01 3.43420386e-01 3.64906192e-02
    -4.78044838e-01 2.89691687e-01 1.86307907e-01 -1.95189297e-01
    -1.43155575e-01 -2.59862751e-01 -3.41363162e-01 -5.39289415e-02
    -3.05425256e-01 -1.01127654e-01 -3.87277842e-01 -4.15737927e-01
    5.95172644e-02 -2.82115340e-02 -5.07052898e-01 -3.54480743e-03
    -3.63568366e-01 3.69345844e-01 2.97368169e-01 3.37529957e-01
    2.00282097e-01 5.77651858e-02 4.77287650e-01 -1.74046248e-01
    3.70350271e-01 3.54008973e-01 -3.03333968e-01 -1.08788013e-02
    -1.30556494e-01 4.59521472e-01 3.99124771e-01 2.91579038e-01
    1.65422857e-01 -1.17569655e-01 -2.45321810e-01 1.42640293e-01
    3.03362846e-01 -1.57084048e-01 2.73683965e-01 -4.62518930e-02
    -1.77050114e-01 -1.10036135e-03 -4.05993015e-01 -4.73517776e-02
    1.83151126e-01 1.24227345e-01 -3.32674384e-01 8.35520029e-02
    -4.43886459e-01 3.38913977e-01 6.73488975e-02 -4.28619862e-01
    -3.39857936e-02 -3.12986225e-01 -7.84265697e-02 3.85780454e-01
    -5.38555861e-01 -1.44911259e-01 3.06476533e-01 -8.57079625e-02
    3.87403309e-01 1.10053360e-01 -2.91959971e-01 -5.70580363e-02
    -2.49092937e-01 -1.57593459e-01 3.41870070e-01 1.51764870e-01
    2.77415037e-01 -2.68946052e-01 4.32065725e-01 -2.95214444e-01
    -5.70762575e-01 2.14072943e-01 -4.16452885e-02 -4.52026874e-01
    -5.91111779e-02 5.03616929e-02 6.76079988e-02 9.63972211e-02
    -4.67323154e-01 3.26656997e-01 1.33607805e-01 3.24541986e-01
    -2.81885684e-01 7.63920546e-02 -2.34463543e-01 3.67610753e-01
    3.44641566e-01 2.39811003e-01 8.29567909e-02 -4.88661528e-02
    -3.96558940e-01 1.92135096e-01 -4.23522949e-01 -1.86071694e-01
    3.77812922e-01 -3.82434428e-01 2.87292242e-01 -3.94188255e-01
    1.61448419e-01 -3.63262862e-01 4.61986780e-01 -4.19058502e-01
    -7.34207034e-02 4.10452485e-02 -3.46100092e-01 -3.94777417e-01
    -4.83213633e-01 -2.07812786e-01 2.19313860e-01 4.77411747e-02
    5.86743951e-02 1.16135061e-01 -1.22074753e-01 -4.26983237e-02
    7.14185238e-02 5.67142367e-01 -2.55205631e-02 -4.96617556e-02
    -6.03157282e-03 -1.16485447e-01 -1.41721457e-01 -1.46536827e-02
    3.35133135e-01 5.16055226e-02 1.51598454e-01 -5.41708767e-02
    -4.56768632e-01 2.71998584e-01 4.09877181e-01 1.20845973e-01
    -7.42959082e-02 1.34008825e-01 -7.92995095e-03 -1.74885988e-02
    -5.05535007e-01 3.60346556e-01 -1.79602236e-01 -1.30559683e-01
    -9.14962888e-02 -3.82332206e-02 -3.75918984e-01 5.74070513e-02
    2.16988325e-02 -1.29719913e-01 -1.34878039e-01 1.73389912e-01
    1.19870305e-01 3.65598202e-02 2.53252983e-01 2.26463974e-01
    -5.40950656e-01 1.48095131e-01 -1.32488579e-01 -1.00502968e-02
    7.92562962e-04 2.94904828e-01 -2.01936960e-01 4.59758162e-01
    -5.30231059e-01 4.15564299e-01 -3.29149842e-01 1.83056235e-01
    -4.23519284e-01 -3.44324976e-01 3.25437069e-01 -7.79958069e-02
    3.22159290e-01 -3.40835243e-01 1.03186965e-01 -4.72436368e-01
    4.35768753e-01 2.94604301e-02 -3.37024361e-01 -3.40116262e-01
    3.38395953e-01 -3.12539041e-02 -3.64237994e-01 3.50972831e-01
    -1.45999193e-02 4.59664524e-01 4.65134591e-01 -1.51656866e-02
    3.53494287e-02 3.59708548e-01 -1.95031554e-01 3.43536913e-01
    2.74557471e-01 -4.95439768e-02 9.99329090e-02 -3.99097592e-01
    -2.73325801e-01 1.10760152e-01 -1.80482745e-01 1.06150746e-01
    4.01911795e-01 1.80187285e-01 -6.43035769e-02 7.79722929e-02
    -1.69334114e-02 3.56719494e-01 4.87468153e-01 2.69700229e-01
    -5.18120229e-02 6.67800903e-02 -1.42629713e-01 -5.12083352e-01
    -2.51645446e-01 2.36558348e-01 -1.72120363e-01 -1.01360679e-01
    -4.49164629e-01 -2.13572800e-01 1.35627687e-01 7.97500610e-02
    2.28486300e-01 8.30152035e-02 -1.12719715e-01 -3.05243134e-01
    -1.77712202e-01 -5.60750723e-01 2.13106394e-01 1.26532674e-01
    3.39098275e-01 3.39092255e-01 -3.06756914e-01 -8.98945332e-02
    2.10490882e-01 -4.07648444e-01 4.54666734e-01 3.04630756e-01
    -5.24726868e-01 -1.02411836e-01 1.45705938e-02 8.22359025e-02
    1.74689591e-01 -1.99872702e-01 5.64928055e-02 -7.40015507e-02
    1.21460676e-01 -2.93070555e-01 3.12910974e-01 -5.57129383e-01
    2.69466639e-03 -4.83599305e-01 2.18934476e-01 3.24251473e-01
    -3.49719614e-01 1.40550613e-01 -2.97148615e-01 -5.50674438e-01
    2.07238138e-01 3.75563264e-01 7.58209527e-02 -2.55378842e-01
    2.71089494e-01 -3.28769863e-01 6.47194982e-02 3.38815391e-01
    -3.61555666e-01 -2.24325359e-01 -1.29400104e-01 -3.69261235e-01
    -3.91582459e-01 -6.78342581e-02 3.04641724e-02 -3.10457349e-01
    3.71486425e-01 -1.92315221e-01 -2.08163738e-01 3.88642192e-01
    1.12271369e-01 -5.77746749e-01 1.98077619e-01 -5.52526414e-01
    -2.15711355e-01 4.69824940e-01 -1.19788945e-01 3.89628738e-01
    3.02290201e-01 -3.22320372e-01 2.83241272e-03 5.04199862e-01
    -1.85134411e-01 -8.48994255e-02 -8.01083148e-02 2.00193167e-01
    -2.98688769e-01 4.44063932e-01 -4.44093525e-01 -1.48941487e-01
    -4.72215205e-01 1.50271773e-01 5.06132245e-02 2.32931376e-02
    -6.41874075e-02 7.54963756e-02 4.22682583e-01 3.99116576e-01
    1.62636042e-02 -4.30591285e-01 4.78946209e-01 1.11167550e-01
    -2.82784343e-01 -2.37759948e-01 -7.06343651e-02 -2.48312086e-01
    -2.33587950e-01 -3.81012410e-01 2.54887998e-01 -2.19898343e-01
    1.65836513e-01 3.64200473e-02 3.44515681e-01 -1.14370704e-01
    -1.43139094e-01 -1.55490726e-01 -4.14708257e-02 -5.09047985e-01
    -2.68012702e-01 -5.87682128e-02 3.45192552e-01 2.78983533e-01
    -5.48785925e-01 3.25530767e-03 -3.03173929e-01 -1.92060351e-01
    -5.47500730e-01 2.09199786e-01 3.07337284e-01 1.96160555e-01
    -5.52930593e-01 3.38853717e-01 2.38395810e-01 -3.62524450e-01
    2.73698747e-01 -4.20837998e-02 9.61945653e-02 1.44189656e-01
    -3.30798447e-01 3.42873216e-01 -8.71207714e-02 -2.29128093e-01
    2.27937043e-01 -6.09624684e-01 5.94156384e-02 1.90823019e-01
    1.92568123e-01 1.50728226e-02 -2.63772726e-01 1.84125483e-01
    2.35685945e-01 3.02934587e-01 1.46926463e-01 7.59009719e-02
    -4.51700479e-01 -2.03271806e-02 3.15327108e-01 2.28065133e-01
    -4.87630486e-01 3.35996300e-01 1.34376675e-01 -1.05005682e-01
    -3.47449481e-01 3.22708607e-01 -1.18145168e-01 7.33010173e-02
    -3.31266582e-01 -2.38313079e-01 -3.34937125e-01 -1.33170962e-01
    -1.43063337e-01 3.99775475e-01 -2.74498791e-01 1.21414244e-01
    3.33710790e-01 -3.96737158e-01 2.28491664e-01 2.35032380e-01
    3.97840977e-01 -4.13924277e-01 -8.08455348e-02 -2.59418249e-01
    -4.78228927e-01 1.49731845e-01 7.29269683e-02 9.18605924e-02
    -2.15249658e-01 9.53258276e-02 1.43361032e-01 3.98752689e-02
    -1.66658401e-01 1.96272016e-01 7.42405057e-02 3.20086598e-01
    1.19363308e-01 -3.51789802e-01 -1.05832875e-01 -4.42693949e-01
    -2.67985165e-01 -4.76487041e-01 1.15887046e-01 -7.70263076e-02
    -3.48813891e-01 -5.01643896e-01 1.52693748e-01 1.12317860e-01
    -9.06922817e-02 -2.98162043e-01 3.08338761e-01 -2.55295813e-01
    -1.25046968e-01 -3.71591181e-01 5.14805675e-01 -2.49212146e-01
    -9.73260403e-03 -9.56332982e-02 -4.48432297e-01 3.19024324e-01
    2.42266417e-01 4.79523659e-01 -3.47412884e-01 -5.39053380e-01
    -5.09682775e-01 -1.84494972e-01 1.55157447e-02 3.04097414e-01
    4.84655738e-01 -2.65808702e-01 -4.11054045e-01 1.89868987e-01
    3.96921098e-01 3.15307379e-01 3.70011330e-02 -1.33258551e-01
    -4.51886654e-02 8.04253817e-02 -2.88886607e-01 1.90863252e-01
    -2.05622882e-01 -3.97367179e-02 -3.44451308e-01 1.34626627e-02
    -1.28571630e-01 2.73475230e-01 -4.64320183e-02 8.88286233e-02
    1.99001312e-01 -1.16802365e-01 -1.32696092e-01 -4.93100494e-01
    -4.81353581e-01 -1.43467784e-02 4.66118157e-02 1.69144273e-02
    2.11542785e-01 -7.94396102e-02 -1.04581922e-01 -1.63226604e-01
    -1.76417470e-01 4.34887230e-01 -1.20482236e-01 -2.44059026e-01
    -3.78824621e-01 4.94521469e-01 -2.23479986e-01 -3.42113674e-01
    1.78315043e-01 -8.85190964e-02 -1.51138395e-01 6.72453046e-02
    1.44060254e-01 1.96192145e-01 -2.46413231e-01 -2.51681775e-01
    -2.93908089e-01 4.76912528e-01 4.53572035e-01 -5.05202830e-01
    1.97870135e-01 -8.79090726e-02 -4.33327943e-01 -3.68959367e-01
    -1.64313197e-01 -3.07786405e-01 4.26280797e-01 -3.65605086e-01
    1.20445132e-01 4.61036116e-01 -3.17920536e-01 1.52804911e-01
    -4.02347296e-01 -2.39097327e-01 3.92717987e-01 3.21687460e-02
    -4.68312502e-02 2.44492888e-01 6.30167127e-02 3.89506161e-01
    -3.68853480e-01 -5.72753668e-01 -2.40941584e-01 3.15087497e-01
    2.35993862e-02 2.67597437e-01 -4.90120381e-01 -1.57067835e-01
    -1.65557861e-02 3.61865282e-01 -3.67719114e-01 4.15164769e-01
    -4.31364745e-01 -2.63634562e-01 2.24424899e-01 4.30435359e-01
    -1.65245861e-01 -2.89333165e-02 -2.27189153e-01 9.96988714e-02
    -4.16606396e-01 -5.64032793e-03 -1.80981398e-01 -3.57005507e-01
    3.21668088e-02 3.73137027e-01 -8.02969337e-02 1.09243691e-01
    -2.59637475e-01 -3.17201912e-01 4.40916419e-02 6.21073842e-02
    -1.45000100e-01 -1.47584349e-01 -4.24212188e-01 -1.81216359e-01
    -2.30991125e-01 -3.53251785e-01 3.88049483e-01 -2.32146293e-01
    -3.99785370e-01 -4.49377596e-02 -2.73211002e-01 -3.56604695e-01
    -3.42973620e-01 -4.27031636e-01 2.90097326e-01 3.38462591e-02
    -6.73089027e-02 2.55857825e-01 2.90780485e-01 3.33096743e-01
    1.56462610e-01 -6.12222552e-01 -4.14519310e-02 -3.00582469e-01
    -1.40841246e-01 -5.14487684e-01 1.22995079e-02 2.52777785e-01
    1.83953345e-01 -4.39265877e-01 6.80030286e-02 1.20345294e-01
    1.09604537e-01 5.17931283e-01 3.05652022e-02 -8.55185390e-02
    3.81336391e-01 2.38491297e-02 1.63334191e-01 2.88661838e-01
    -1.08785629e-02 2.96992302e-01 -4.30890292e-01 -5.98447323e-02
    9.58508849e-02 -1.40637815e-01 -1.40456557e-02 3.70199680e-02
    2.55844593e-02 -3.56107742e-01 -1.28813863e-01 2.72865057e-01
    3.26012909e-01 -4.58453268e-01 -7.78117180e-02 -5.44359803e-01
    3.34475338e-01 8.00536871e-02 -5.49233556e-02 -1.57287002e-01
    4.09091175e-01 -5.05140245e-01 -1.54216707e-01 -1.06826901e-01
    -2.80362248e-01 -1.17813081e-01 4.00664568e-01 -2.09037900e-01
    -4.83955383e-01 3.58457565e-01 -4.97020483e-01 2.64501989e-01
    2.00272799e-01 -2.81809568e-01 -5.61158299e-01 2.93541491e-01
    9.08997059e-02 -3.35326254e-01 3.48147690e-01 3.61752510e-02
    -1.50364071e-01 7.47477412e-02 -1.54337525e-01 -8.37517083e-02
    3.72277915e-01 -3.57744753e-01 1.29136205e-01 5.04446030e-01
    3.94576907e-01 3.85625958e-02 1.67418659e-01 2.41488278e-01
    -3.69890511e-01 3.11300933e-01 -3.25955868e-01 -3.90357524e-01
    2.43237913e-02 -3.24126661e-01 4.18848872e-01 -7.35424161e-02
    -2.97618300e-01 -4.41138029e-01 -4.27196294e-01 -1.11056685e-01
    -1.25141203e-01 -3.41633707e-01 3.05707604e-01 3.73354197e-01
    1.66460484e-01 -4.14801836e-01 -3.83409172e-01 -4.92150187e-02
    -2.31612444e-01 1.70108318e-01 -5.62914014e-02 2.13885009e-01
    -2.21548438e-01 -1.37396723e-01 -1.68403685e-01 2.14630604e-01
    4.64570463e-01 -1.63609624e-01 3.69119465e-01 -3.74807239e-01
    -1.51235640e-01 -2.72654563e-01 4.80657816e-03 3.17906916e-01
    -5.18644094e-01 2.49456108e-01 -2.44540155e-01 6.39897585e-02
    -1.53188765e-01 4.32475209e-02 -1.41779274e-01 2.59198964e-01
    -4.22178864e-01 -3.37049365e-02 1.88124120e-01 -4.32148814e-01
    3.23144197e-01 -3.82204741e-01 -6.22355938e-02 -3.37562382e-01
    -3.98339957e-01 3.03870916e-01 3.52037668e-01 -1.66493893e-01
    4.47409153e-02 1.43040538e-01 4.10184860e-01 -1.82279825e-01
    -4.03353423e-01 3.54536712e-01 3.74987125e-02 5.88274598e-02
    -1.58586919e-01 -7.92660117e-02 2.95043588e-01 -1.00880980e-01
    3.93078625e-01 -4.82519567e-01 3.24066162e-01 -3.86158645e-01
    -1.21402711e-01 -2.55225182e-01 -2.62336016e-01 -2.56456137e-02
    -2.02374160e-01 -1.94328696e-01 1.29996300e-01 -1.48677826e-02
    -1.04227602e-01 -1.28411561e-01 2.05685496e-01 -4.11556542e-01
    3.80445838e-01 1.98305845e-02 -3.44936579e-01 5.45126438e-01
    1.75628841e-01 -2.53242850e-01 -3.72610599e-01 1.34889245e-01
    -3.16517264e-01 -8.38221610e-02 3.91402066e-01 4.37826633e-01
    -1.26768827e-01 1.21232063e-01 3.91436279e-01 3.25975478e-01
    3.79267037e-01 -2.07399726e-02 -5.59327364e-01 3.65112662e-01
    -2.30468422e-01 -2.63385296e-01 2.37020314e-01 4.64835942e-01
    -1.47332937e-01 -6.66630268e-02 1.57228887e-01 -3.29160094e-02
    -6.96671903e-02 1.24091446e-01 -3.70810509e-01 5.90719283e-02
    1.21463358e-01 -2.68613219e-01 3.04472119e-01 -1.71606779e-01
    2.47702122e-01 -2.72039443e-01 4.36411321e-01 7.81454146e-02
    -3.18102866e-01 8.55614543e-02 3.80358338e-01 -3.89344156e-01
    1.91449344e-01 -4.51351792e-01 -5.13692975e-01 4.21740890e-01
    -1.32718205e-01 3.06033373e-01 -3.82886887e-01 -3.99398983e-01
    -2.94062793e-02 -3.10040027e-01 9.49752331e-03 3.54805708e-01
    4.86430675e-01 -3.03954065e-01 -3.06079298e-01 1.30461812e-01
    -2.73465633e-01 -2.76951969e-01 3.33485007e-02 4.42386806e-01
    2.13110507e-01 -4.80901003e-01 2.61709571e-01 3.43662530e-01
    3.21208060e-01 3.39298725e-01 6.55063093e-02 4.51331079e-01
    -3.87370914e-01 -2.65161693e-02 3.00100386e-01 -4.02233303e-01
    1.09736621e-01 3.93533945e-01 -1.97348714e-01 1.95713103e-01
    -2.59040266e-01 -2.65010506e-01 -2.00946271e-01 -2.32753575e-01
    -2.03580230e-01 -3.31169248e-01 4.78664190e-01 -2.85364211e-01
    -5.62838316e-02 -4.42788005e-02 8.59643519e-02 -5.24858236e-02
    2.55615056e-01 9.05440748e-02 -1.17167145e-01 -1.92303628e-01
    1.09431446e-01 -5.58198094e-02 -3.81574899e-01 2.03926682e-01
    2.20048428e-02 -4.30881947e-01 1.77404165e-01 3.89076114e-01
    2.87516952e-01 -2.62532085e-01 1.20734602e-01 -4.31833535e-01
    2.50706792e-01 -4.76915538e-01 2.59847939e-01 -2.11297572e-01
    -4.65260059e-01 3.46383452e-02 2.41505325e-01 -1.96900994e-01
    -3.28210771e-01 9.80005860e-02 -2.65568972e-01 -1.85453653e-01
    -2.22992063e-01 4.56199467e-01 -2.32630908e-01 2.39582568e-01
    -2.29699731e-01 -1.39166236e-01 2.86820650e-01 3.69049013e-01
    -3.45114678e-01 3.71195674e-02 1.90302551e-01 1.03631616e-02
    -1.97280645e-02 2.21919715e-01 1.14414275e-01 8.64555240e-02
    -1.16451114e-01 -2.46503502e-01 1.61237717e-01 -2.28488326e-01
    -4.26449180e-02 3.56683373e-01 -6.24823570e-02 -5.69933057e-02
    4.59929168e-01 -3.41006279e-01 -2.16414332e-01 4.45198059e-01
    -3.79999131e-01 -1.24526620e-01 2.89249599e-01 -4.25655186e-01
    -3.40250432e-02 1.22540414e-01 1.91755474e-01 -5.36858857e-01
    3.28913748e-01 -2.45922744e-01 1.76745176e-01 -4.71903682e-02
    -2.87413478e-01 2.74838805e-02 -4.73486960e-01 -3.34797651e-01
    8.74587893e-02 2.04784870e-02 4.95766103e-02 -4.11414772e-01
    -4.86294866e-01 -4.37710881e-01 -2.23448575e-02 -5.06409645e-01
    -7.35917985e-02 1.92510128e-01 4.51134443e-01 4.81060743e-02
    -1.97776794e-01 -3.18587750e-01 1.56725407e-01 2.29411721e-01
    3.01755786e-01 -2.56274343e-01 -7.97023773e-02 2.15301991e-01
    -4.85192865e-01 -7.19673932e-02 -2.84583807e-01 9.72195268e-02
    2.52600908e-02 -1.49875313e-01 1.11176670e-01 3.56807113e-02
    -1.44841969e-01 -2.91053057e-02 -1.38767660e-01 2.04190493e-01
    -4.19076234e-01 3.44369054e-01 -4.59738135e-01 -1.26344115e-01
    -8.55592489e-02 4.09411013e-01 -3.94168586e-01 7.91012049e-02
    2.56133646e-01 -2.88037151e-01 4.56370711e-02 2.82296956e-01
    -1.18105352e-01 1.43025994e-01 2.30522871e-01 4.09579694e-01
    1.11396611e-01 9.96888280e-02 -1.33887142e-01 4.03831482e-01
    -3.46968830e-01 -4.36619014e-01 -2.05137312e-01 -1.85999483e-01
    1.62637353e-01 2.61476040e-02 4.67615366e-01 -2.66022980e-01
    -2.76956767e-01 -6.13227785e-02 4.37284350e-01 -4.41697776e-01
    2.57191271e-01 4.17978078e-01 1.10163689e-02 -3.80537659e-01
    1.13190025e-01 -2.08048135e-01 -3.92548651e-01 2.79381335e-01
    8.52361321e-02 6.92700744e-02 3.08459401e-02 -1.00313425e-01
    1.92010105e-01 3.66914868e-02 -1.34325922e-01 -2.44550347e-01
    1.13031149e-01 3.23017776e-01 -5.97875714e-02 2.73522049e-01
    -2.05854326e-01 1.29804432e-01 1.92871928e-01 9.32732224e-02
    -5.32953620e-01 -3.51827145e-02 4.27185237e-01 3.00520569e-01
    -3.16026270e-01 5.16376138e-01 -1.11701876e-01 5.89478910e-02
    5.81861973e-01 -2.88123548e-01 1.87694937e-01 6.00103140e-02
    2.72395551e-01 1.24604642e-01 -3.75590503e-01 -5.28773308e-01
    1.50561690e-01 -1.48985744e-01 2.06506252e-01 -5.42690396e-01
    2.53540695e-01 1.03772342e-01 -3.08164120e-01 -4.99988765e-01
    -3.67940098e-01 3.45878780e-01 4.37438250e-01 -5.22169709e-01
    -4.64609951e-01 -5.00800014e-01 -1.95255578e-01 -2.75137126e-01
    3.05393934e-01 6.11434579e-02 4.28458929e-01 -3.03419471e-01
    9.85773802e-02 -2.76673049e-01 -3.83546948e-02 -3.85185301e-01
    -2.64931351e-01 2.30149359e-01 -2.55511343e-01 -6.11224174e-02
    -1.96301699e-01 -3.87325257e-01 -7.26436675e-02 -2.70030051e-01
    -2.54091859e-01 -8.50910544e-02 -1.05450481e-01 -5.09160280e-01
    -1.05580419e-01 4.43369985e-01 -3.78714710e-01 3.44532609e-01
    3.57272863e-01 1.14297271e-02 -1.26187831e-01 2.38103390e-01
    -1.38732493e-01 -1.94766521e-02 -4.63168889e-01 -2.07807690e-01
    2.39862144e-01 9.14971828e-02 1.32346272e-01 -2.96104044e-01
    -2.28163779e-01 -4.82282788e-01 3.76760960e-02 4.29809749e-01
    -4.18423891e-01 3.10708404e-01 4.44398582e-01 -6.42364323e-02
    -2.29923964e-01 1.58299834e-01 -4.06071156e-01 -4.08805341e-01
    2.49863088e-01 -1.88752621e-01 3.32190990e-02 2.28589654e-01
    -1.07248038e-01 4.04354334e-01 -2.92400002e-01 2.79813409e-02
    -8.48928094e-02 5.35779595e-02 1.33578360e-01 -2.36860305e-01
    -3.63665402e-01 4.49573904e-01 2.68300891e-01 -1.35368228e-01
    -4.56655592e-01 2.18272746e-01 -4.25859898e-01 -3.52227688e-01
    2.54500329e-01 -5.52991927e-01 2.71927953e-01 1.10239565e-01
    -5.23245931e-01 1.72653496e-01 4.80691791e-02 4.73553002e-01
    -3.01923841e-01 -1.31551206e-01 -4.13560867e-03 -3.65429640e-01
    4.27634597e-01 -1.27521098e-01 4.67383921e-01 5.90942204e-02
    -2.23995179e-01 1.03627384e-01 -6.01004958e-01 -2.87860960e-01
    4.66874242e-02 -4.22429055e-01 -1.87233090e-01 -3.77572745e-01
    -4.65966493e-01 -7.70801008e-02 -1.33724689e-01 -2.25324094e-01
    -2.68099546e-01 -1.90715730e-01 2.47842193e-01 3.11266541e-01
    -5.05795121e-01 -1.93940103e-01 -3.39102924e-01 3.38993192e-01
    -2.88379967e-01 -8.24165344e-02 -2.88831413e-01 -1.84616208e-01
    9.07272100e-02 -2.60120332e-01 -2.67964602e-02 4.39209938e-02
    -3.40787202e-01 -3.94755900e-01 1.18787050e-01 -3.39385480e-01
    -2.96712518e-02 5.57598472e-02 -4.28799123e-01 3.70126963e-03
    -2.51237333e-01 2.24075496e-01 -5.62001169e-02 -1.65382206e-01
    -7.16911852e-02 1.45381391e-01 8.63580108e-02 3.46021891e-01
    1.84281409e-01 -4.90331739e-01 3.64053309e-01 -4.59272712e-01
    2.70406663e-01 2.64959693e-01 1.75284743e-01 1.81370318e-01
    -2.06823260e-01 -3.42868090e-01 -2.04132617e-01 -8.20121169e-03
    -4.10037935e-02 7.60772228e-02 -2.60139465e-01 3.14796805e-01
    -1.23486519e-02 1.69212162e-01 -7.79321492e-02 4.29299831e-01
    2.73748934e-02 -4.16649222e-01 -2.01653540e-01 -4.95857298e-02
    -1.98025554e-01 1.46916628e-01 2.36035109e-01 -1.84221864e-02
    2.44652182e-01 1.31267786e-01 -1.22330487e-02 -3.22932780e-01
    -2.77060628e-01 2.15388983e-01 3.83041739e-01 -2.58538604e-01
    -1.22357219e-01 1.70939267e-01 3.76555622e-01 1.95356727e-01
    1.05568826e-01 -2.87229955e-01 -4.77516443e-01 -1.00094169e-01
    -4.37889427e-01 2.70708323e-01 -5.44243217e-01 3.34377050e-01
    2.66555429e-01 -4.19480890e-01 -2.91769385e-01 2.45647311e-01
    5.85565567e-02 -4.56675589e-01 -4.57768977e-01 -2.54065871e-01
    -2.79782265e-01 6.68615699e-02 -2.02493727e-01 2.05473244e-01
    -1.14651620e-01 1.23972058e-01 1.55854642e-01 6.29615188e-02
    2.15767264e-01 1.11953676e-01 -6.82275295e-02 -1.20986551e-01
    4.08268511e-01 -1.47285372e-01 3.99675429e-01 -4.91947681e-01
    3.29041779e-01 -2.45031923e-01 -1.41114593e-01 1.52116030e-01
    -5.16074896e-03 -4.27280039e-01 -7.36533999e-02 -4.35689092e-01
    1.50331587e-01 2.16774762e-01 -4.13832068e-01 -2.32028693e-01
    -4.48680103e-01 -2.02620924e-02 -6.20135069e-02 -2.53082842e-01
    1.74940675e-01 -1.60499603e-01 4.37223166e-01 -3.57910693e-01
    -4.30890381e-01 1.83419526e-01 2.50477850e-01 -7.01768994e-02
    3.01419616e-01 4.16166067e-01 -1.58992141e-01 -4.24216360e-01
    -4.15382385e-01 -2.71880031e-02 6.29182458e-01 7.14367926e-02
    4.65074569e-01 4.37895000e-01 -3.52842957e-01 1.90237135e-01
    -3.19794655e-01 1.85218930e-01 5.48543572e-01 5.73595166e-02
    2.97963321e-02 5.10336459e-02 -2.43247747e-01 -2.64422864e-01
    1.63255811e-01 -9.40645933e-02 2.92714328e-01 6.25411570e-02
    -1.47362858e-01 -1.35798007e-01 5.22801757e-01 5.41277289e-01
    1.77447587e-01 -1.26157105e-01 -1.37517810e-01 4.96775866e-01
    -3.20121765e-01 -1.32899880e-01 -4.44434196e-01 3.18693399e-01
    1.90242052e-01 2.01598287e-01 9.43189859e-03 -5.95654845e-02
    1.67577416e-01 -2.61639655e-01 2.59399235e-01 3.52739632e-01
    -1.55507863e-01 3.73408675e-01 5.02970815e-02 4.38878864e-01
    5.78741252e-01 4.16806817e-01 -3.42634201e-01 5.19761980e-01
    -3.65446866e-01 4.58069444e-01 2.20587611e-01 -2.42315412e-01
    3.59513462e-02 -7.19740093e-02 -2.44693726e-01 -2.27428526e-01
    -3.33665043e-01 -1.84230447e-01 3.18172812e-01 3.93731833e-01
    1.08979791e-01 -1.16713583e-01 5.00476062e-01 -1.89363748e-01
    -2.13764280e-01 5.02001882e-01 3.49016249e-01 -1.05634153e-01
    -1.00692034e-01 -4.24706519e-01 -5.22172153e-02 2.90408254e-01
    -3.73340994e-01 3.64107281e-01 -2.90655285e-01 1.91577435e-01
    4.26133454e-01 5.88241816e-02 -1.95209742e-01 3.16368312e-01
    4.10747826e-01 1.34761304e-01 -2.65516281e-01 1.77975148e-02
    -1.44951105e-01 3.28060448e-01 4.90335494e-01 -1.02366298e-01
    4.59051758e-01 -1.97541356e-01 -3.08708251e-01 -7.34536648e-02
    3.21399033e-01 2.98820913e-01 5.19806921e-01 -3.19939852e-03
    2.97390461e-01 4.09839451e-01 -4.74470258e-02 3.64083350e-01
    -1.03214890e-01 -2.13356793e-01 5.70894420e-01 -3.16515058e-01
    -4.09411907e-01 -2.43846416e-01 2.31101364e-01 4.81725633e-01
    -2.20661610e-01 2.74944723e-01 -2.03138679e-01 8.63898695e-02
    6.03561997e-01 -1.48410082e-01 1.89164698e-01 5.02253950e-01
    4.30385232e-01 -6.41958117e-02 5.03019214e-01 3.37387919e-01
    5.25963664e-01 -3.78275841e-01 2.08790720e-01 4.45147157e-01
    3.80470902e-01 -3.83822888e-01 2.57284462e-01 -7.83596337e-02
    -9.49483216e-02 1.99432671e-01 -4.23007220e-01 2.87399590e-01
    4.71585572e-01 -1.99051499e-02 2.85605192e-02 2.61589348e-01
    -1.75442576e-01 1.88546211e-01 3.60047430e-01 -1.56941354e-01
    -2.57719159e-01 4.78087604e-01 1.86229885e-01 -3.99433136e-01
    -9.91818309e-03 1.12450421e-02 -1.43691957e-01 8.10169876e-02
    3.50550532e-01 2.77602166e-01 3.29288542e-01 -3.07055235e-01
    -3.93424749e-01 1.30962521e-01 -3.56016815e-01 -5.07226288e-02
    -1.76864624e-01 -1.19003206e-01 -4.20524776e-02 1.12321228e-01
    2.69250363e-01 1.65767252e-01 -6.82547688e-02 5.28472543e-01
    3.62908334e-01 -4.57027256e-02 2.51982212e-02 3.11697125e-02
    -1.62745267e-01 5.21060348e-01 5.46345115e-01 -3.19116414e-01
    2.09977001e-01 -1.53860569e-01 1.52496815e-01 2.53386021e-01
    -6.08645678e-02 -3.81526411e-01 -2.39687383e-01 2.92920679e-01
    1.22693598e-01 3.04256141e-01 -3.14381719e-02 -1.04283780e-01
    5.82695305e-01 -1.41822159e-01 -2.67764062e-01 5.00829369e-02
    -1.78385764e-01 -2.60399371e-01 -2.62804508e-01 1.40946090e-01
    3.02620381e-01 3.44117284e-01 1.49255097e-01 -3.27254683e-01
    2.43584037e-01 5.35397887e-01 8.91641676e-02 9.29968953e-02
    -3.70463103e-01 3.54584634e-01 -2.97197074e-01 1.34540498e-01
    -3.90468657e-01 2.57375598e-01 2.83827364e-01 3.33230555e-01
    -1.37422889e-01 -1.91036791e-01 -3.52720588e-01 2.23453701e-01
    -5.43251634e-02 -2.00803727e-01 9.09751654e-02 2.40028799e-01
    -4.13050860e-01 9.42488611e-02 -3.71453524e-01 -9.41219926e-03
    4.01520520e-01 -4.30598974e-01 -3.35996211e-01 6.88324273e-02
    2.73417532e-01 1.79365337e-01 -1.63445652e-01 -2.36420602e-01
    -1.65603936e-01 -1.76686138e-01 -3.21688950e-01 -4.28102016e-02
    6.09777331e-01 3.91311377e-01 -3.25465798e-01 1.11713082e-01
    1.48375332e-02 4.66919065e-01 1.57327175e-01 4.11462665e-01
    5.14116764e-01 -3.77757460e-01 5.53599596e-01 -5.75095117e-02
    9.06097591e-02 -3.08325946e-01 -1.88951135e-01 -3.42841744e-02
    2.99230337e-01 -3.68786752e-02 -2.49764293e-01 -4.00725722e-01
    -1.78545713e-02 5.46855092e-01 -7.56664276e-02 -2.14960635e-01
    -2.00051278e-01 3.24760079e-01 -2.03876138e-01 3.37821513e-01
    7.36545861e-01 3.18886071e-01 -3.57944667e-02 3.09378803e-01
    -2.04678565e-01 2.33062923e-01 -1.40249729e-01 5.29376030e-01
    1.75519407e-01 2.68265039e-01 -2.61763394e-01 9.41258669e-02
    5.60819805e-01 8.00064206e-03 2.14772850e-01 5.18176079e-01
    5.12254238e-01 -7.36863017e-02 -1.39700383e-01 -2.18094587e-01
    2.53200889e-01 6.94906294e-01 2.72315145e-02 6.53557181e-01
    7.22535551e-02 3.67907882e-01 2.47027487e-01 5.43493748e-01
    5.27693033e-01 -1.07400715e-02 3.37149352e-01 1.59340262e-01
    -1.74960196e-01 -1.05791003e-01 3.72706473e-01 -4.85628843e-03
    3.70293200e-01 5.10753870e-01 -2.75401086e-01 -2.08814770e-01
    4.50480282e-01 2.50319302e-01 4.31143314e-01 3.57117385e-01
    -3.06137741e-01 2.18457282e-01 6.56915545e-01 2.13664800e-01
    -3.32614273e-01 3.08745742e-01 5.61703622e-01 3.24456692e-01
    4.80774909e-01 2.26935595e-01 5.95156193e-01 3.26938659e-01
    -2.95045614e-01 -6.89822733e-02 1.90014541e-01 5.41083336e-01
    -7.35105574e-02 5.64832687e-01 -5.20492494e-02 7.54833221e-02
    3.26805770e-01 1.94933444e-01 2.25760698e-01 -4.32718992e-02
    1.89298779e-01 2.07280964e-02 1.79892123e-01 8.71598423e-02
    6.97987437e-01 -1.51245952e-01 -1.32483244e-01 1.68071508e-01
    3.61142665e-01 2.90835053e-01 -1.74021259e-01 4.71396148e-01
    -3.96066904e-03 -1.68761343e-01 6.26204848e-01 -2.22749889e-01
    -2.17246711e-02 -9.92157906e-02 -1.23028919e-01 7.18583405e-01
    -2.26656497e-02 2.88607627e-01 3.35909992e-01 -6.87449872e-02
    4.42860693e-01 -9.59288776e-02 -9.26249921e-02 2.36932039e-01
    -2.75677890e-01 3.09930146e-01 4.23284590e-01 -2.00798929e-01
    1.48555964e-01 -4.46314812e-02 5.79885483e-01 3.77526522e-01
    1.12445086e-01 1.53603286e-01 -1.77830756e-01 -1.62769049e-01
    4.64269429e-01 -4.65398729e-02 -2.22017974e-01 6.23390436e-01
    4.30003673e-01 4.91871804e-01 -3.16403329e-01 3.58213782e-01
    -6.68302476e-02 6.52942300e-01 -1.09874725e-01 2.35567749e-01
    1.79326683e-01 9.60705280e-02 5.67965269e-01 6.07356727e-02
    3.05745482e-01 2.50993758e-01 3.20217490e-01 1.60384238e-01
    3.39191943e-01 5.58134317e-01 1.17029071e-01 6.42652512e-01
    -3.27154994e-03 1.68422759e-01 -2.59888113e-01 6.78309262e-01
    9.18551087e-02 4.03142273e-01 6.24502301e-01 3.52823436e-01
    1.45173073e-01 4.13747430e-01 3.40880096e-01 3.15147936e-01
    4.87865716e-01 -8.23083818e-02 2.71952897e-01 2.91911721e-01
    -3.28682065e-02 1.54805928e-01 3.61967176e-01 1.72212720e-02
    3.51992249e-01 3.24304789e-01 5.49766421e-03 3.69261563e-01
    4.18511122e-01 -3.56437683e-01 6.68627024e-02 2.33178705e-01
    3.26705813e-01 6.72819316e-02 -1.69115573e-01 6.24310851e-01
    3.82884175e-01 2.65100896e-02 -8.37885737e-02 2.57379681e-01
    -4.72352803e-02 -2.36772150e-01 3.58631372e-01 1.94540411e-01
    2.64046669e-01 1.82640344e-01 -5.16471565e-02 6.14630699e-01
    5.74389815e-01 8.76897275e-02 1.41543686e-01 1.23473436e-01
    2.27177918e-01 5.73227406e-01 -1.62109807e-01 3.25533628e-01
    -8.64207298e-02 -1.49463624e-01 7.51132548e-01 2.10536689e-01
    -1.67500764e-01 -2.02739149e-01 -2.94977874e-01 2.61721909e-01
    2.05549538e-01 2.15100080e-01 4.53511804e-01 -3.08982164e-01
    5.08756518e-01 5.98684251e-01 3.52247536e-01 2.68616885e-01
    5.21893203e-01 4.52827185e-01 5.35518289e-01 2.73245543e-01
    2.69381732e-01 3.22276145e-01 6.08413160e-01 1.09910533e-01
    -7.24190176e-02 3.68909121e-01 4.19696182e-01 6.01098657e-01
    5.72254062e-01 -3.32821339e-01 6.22995615e-01 2.26148695e-01
    3.81078094e-01 4.74226773e-01 2.37043113e-01 -1.00838095e-01
    -2.07958400e-01 1.19264007e-01 5.31467557e-01 3.51960748e-01
    -5.10009676e-02 -3.97477299e-02 4.32338238e-01 -1.04522288e-01
    6.62335992e-01 3.49013507e-01 1.29421443e-01 -2.35202104e-01
    3.04597199e-01 -1.63339913e-01 -2.65908033e-01 1.20261133e-01
    6.83402538e-01 -2.86587059e-01 7.74085522e-04 5.32003045e-01
    1.76397145e-01 9.28054005e-02 -1.60006434e-02 1.89839676e-01
    4.09788787e-02 2.44509071e-01 5.17470956e-01 2.06833750e-01
    1.45197272e-01 2.75704831e-01 9.44244266e-02 1.66154057e-01
    -1.58047348e-01 -4.38338071e-02 4.63871479e-01 9.23469663e-04</data></your_img>
</opencv_storage>
