<?xml version="1.0"?>
<opencv_storage>
<g>1.6000000000000001e+00</g>
<r>6</r>
<filter-type>1</filter-type>
<circular>0</circular>
<L2_diff>1.6706708451860280e+02</L2_diff>
<test_img type_id="opencv-matrix">
  <rows>128</rows>
  <cols>256</cols>
  <dt>f</dt>
  <data>
    5.67197144e-01 8.80630732e-01 6.04379773e-02 8.11611414e-01
    4.83293593e-01 2.28560537e-01 6.27318203e-01 3.45802784e-01
    9.40726519e-01 2.28914648e-01 5.77195287e-01 2.75256336e-02
    1.10685766e-01 1.24878168e-01 5.52770495e-02 9.26865637e-01
    9.73423600e-01 4.01023358e-01 4.28986907e-01 8.68266463e-01
    2.51449019e-01 9.09726083e-01 1.22284561e-01 1.88236028e-01
    3.45332325e-01 7.42980421e-01 3.58595848e-01 3.35094512e-01
    2.69132853e-02 5.00640750e-01 7.92622447e-01 7.23656416e-01
    2.15332061e-01 6.10600770e-01 3.15167397e-01 7.29390502e-01
    7.86060631e-01 7.56703138e-01 8.59779418e-02 1.54699951e-01
    4.48936939e-01 7.70420194e-01 1.67855680e-01 1.28306270e-01
    2.57751614e-01 2.13173360e-01 4.08818632e-01 2.73282349e-01
    5.68994522e-01 7.00666666e-01 3.78262907e-01 4.13692027e-01
    3.81825447e-01 2.40637362e-01 3.76542538e-01 9.22164083e-01
    1.47335052e-01 1.76157445e-01 3.71743232e-01 9.24415588e-01
    2.06962675e-01 3.86242837e-01 8.99475098e-01 4.07432914e-01
    9.47651327e-01 5.42444348e-01 9.05675411e-01 2.67158270e-01
    3.94699752e-01 8.03749263e-01 4.99979168e-01 9.24172282e-01
    2.18755007e-03 2.61190355e-01 7.07273543e-01 1.86032861e-01
    5.69778562e-01 6.99293494e-01 8.13550353e-01 8.39091301e-01
    8.28404784e-01 6.69593513e-02 9.21494126e-01 3.11729670e-01
    1.38561338e-01 4.74981904e-01 3.51933718e-01 3.79925221e-01
    9.24097359e-01 7.71671534e-03 2.09997892e-01 7.04280436e-01
    4.94922489e-01 9.15279508e-01 6.01300836e-01 2.37358689e-01
    5.20428777e-01 1.79700941e-01 5.76231956e-01 8.53892684e-01
    7.19172418e-01 4.43677545e-01 8.46630931e-01 4.68568087e-01
    4.38933104e-01 3.45835626e-01 2.15994060e-01 2.69445956e-01
    3.56273770e-01 4.99931425e-01 9.16407406e-01 4.24602181e-01
    7.09729850e-01 6.91577673e-01 1.21664494e-01 8.07784319e-01
    4.97856140e-02 8.58679593e-01 3.17258835e-02 6.75641954e-01
    9.67212915e-01 2.69030392e-01 6.00554943e-01 2.59822965e-01
    3.47388923e-01 7.49525130e-01 6.37486875e-01 3.57748777e-01
    7.27261841e-01 2.02044308e-01 8.18996668e-01 1.68499351e-01
    2.73420930e-01 4.71073151e-01 6.50561988e-01 6.44296706e-01
    4.93228078e-01 6.69367015e-02 5.10027409e-02 5.36503851e-01
    8.81571293e-01 4.20072615e-01 1.86821371e-01 2.20765740e-01
    2.25668699e-01 4.43728268e-01 6.24320507e-01 3.93830031e-01
    3.13748062e-01 8.49218726e-01 9.93719339e-01 8.45423102e-01
    2.61705756e-01 9.30512965e-01 8.89235735e-01 5.86608887e-01
    9.36088264e-02 7.06398070e-01 9.61524308e-01 6.76918924e-01
    3.75952721e-01 8.97078156e-01 2.39624411e-01 1.03672773e-01
    4.40409243e-01 6.28152907e-01 4.96374786e-01 5.27817607e-01
    9.54186618e-01 4.53773290e-01 3.95015270e-01 4.63306010e-02
    9.72641945e-01 2.67252088e-01 2.49084979e-01 5.75813890e-01
    9.48733449e-01 3.39951813e-01 6.66680455e-01 9.58972335e-01
    6.57129288e-02 4.67501581e-01 7.72532105e-01 8.39158893e-01
    2.71835864e-01 6.56745613e-01 8.87182891e-01 5.26873887e-01
    7.93754578e-01 3.37202489e-01 3.38311583e-01 4.46587563e-01
    3.18838954e-01 1.50044799e-01 8.46684456e-01 1.07124388e-01
    7.96383023e-01 2.08306223e-01 2.21466184e-01 4.60119665e-01
    5.43051422e-01 4.72520381e-01 4.28162932e-01 5.60017943e-01
    1.87956989e-02 6.40005589e-01 2.05674887e-01 4.20115650e-01
    6.97190523e-01 8.22085261e-01 2.24484593e-01 8.93265128e-01
    7.67432213e-01 1.36997402e-02 3.94972086e-01 1.07986748e-01
    3.87753546e-02 4.91861731e-01 3.26949269e-01 5.20466983e-01
    6.95388615e-02 7.37141788e-01 2.42175460e-01 5.90542018e-01
    3.25123906e-01 7.47024238e-01 4.57315326e-01 6.99288487e-01
    9.67576921e-01 8.63854885e-02 5.39804399e-02 3.09407949e-01
    9.21787143e-01 3.81177068e-01 1.64057195e-01 6.24497056e-01
    4.03399825e-01 9.80832219e-01 1.95609033e-01 3.59758794e-01
    6.57205582e-02 4.89021242e-01 5.82327187e-01 7.60507226e-01
    3.18581611e-01 6.00377798e-01 3.69355559e-01 3.20477247e-01
    7.15636611e-01 5.77168465e-02 4.09650683e-01 4.85833287e-02
    2.44809598e-01 8.45915675e-01 1.99828684e-01 1.74902499e-01
    8.30210805e-01 9.73154366e-01 1.14586562e-01 5.46877742e-01
    6.19439423e-01 4.17990685e-01 9.14805293e-01 4.21142578e-03
    7.09015906e-01 6.82944536e-01 9.57107425e-01 4.75551993e-01
    5.43084145e-01 2.49285102e-02 9.77108717e-01 5.21067858e-01
    4.76569772e-01 3.72729599e-01 4.93197948e-01 3.07507932e-01
    1.10418975e-01 7.23544776e-01 9.42435622e-01 4.79915082e-01
    8.53661060e-01 6.41514242e-01 8.39911699e-02 2.64604270e-01
    7.58720219e-01 1.95637047e-02 7.05977678e-02 1.69617683e-01
    9.64653730e-01 4.21401560e-02 2.09652573e-01 1.18494421e-01
    6.23077512e-01 9.48439956e-01 9.62276459e-01 7.40859151e-01
    6.09270036e-01 4.29572850e-01 2.10056663e-01 7.38386393e-01
    3.74806285e-01 9.17109132e-01 3.86815608e-01 1.30403250e-01
    7.64559031e-01 8.48726928e-02 8.82660270e-01 1.79091811e-01
    1.03247583e-01 1.53584838e-01 9.05243993e-01 2.08518445e-01
    1.53608918e-02 1.14191264e-01 3.18920910e-01 6.76215708e-01
    3.28389406e-01 8.12951803e-01 6.26352727e-02 8.51802349e-01
    6.79340124e-01 5.94945312e-01 7.78572679e-01 1.83875531e-01
    7.93822646e-01 9.45148766e-01 4.60216284e-01 3.50924730e-02
    6.03792429e-01 4.01224703e-01 1.77296937e-01 4.18532431e-01
    9.05688405e-01 4.57324266e-01 3.86233419e-01 8.08022976e-01
    3.49894524e-01 4.27127600e-01 3.32199395e-01 3.04489851e-01
    4.77502048e-01 1.63297623e-01 5.77333927e-01 2.24822044e-01
    5.32007039e-01 8.00957322e-01 5.43300390e-01 4.99215156e-01
    2.63494909e-01 9.20772195e-01 8.81035209e-01 3.46442580e-01
    4.62991714e-01 1.45476460e-01 2.16998816e-01 4.66208547e-01
    7.10879207e-01 7.82343447e-01 9.51228619e-01 1.43381983e-01
    3.68750513e-01 7.71751881e-01 2.34336793e-01 6.66369975e-01
    1.71799570e-01 6.38219714e-03 3.93977642e-01 3.06881368e-02
    8.44507217e-01 3.85661960e-01 5.43412924e-01 8.52559924e-01
    2.66579688e-01 7.20655024e-01 4.95914757e-01 2.38996089e-01
    2.52460539e-01 9.47147131e-01 2.15517282e-02 8.06790948e-01
    1.20733500e-01 3.33276302e-01 7.91797161e-01 2.51945913e-01
    5.98025203e-01 3.06440502e-01 9.49588060e-01 6.95653915e-01
    5.91632307e-01 9.23960209e-01 2.29051918e-01 8.25456500e-01
    4.90441144e-01 9.78543282e-01 5.40788710e-01 1.18967026e-01
    9.61032450e-01 6.59116566e-01 6.35774374e-01 8.78888965e-01
    3.71687055e-01 6.33865595e-01 9.05718684e-01 7.56962061e-01
    4.15834785e-02 5.91849446e-01 4.38391060e-01 2.62632370e-01
    7.09091306e-01 6.29735589e-02 1.25256509e-01 5.30118465e-01
    5.24086475e-01 3.53342295e-01 7.64198422e-01 7.44589269e-01
    9.97560859e-01 3.98171067e-01 3.53698492e-01 4.53176320e-01
    9.87742066e-01 6.24014020e-01 3.43625069e-01 9.27003324e-01
    8.57785821e-01 3.48739326e-01 8.85796607e-01 8.58522296e-01
    1.38365835e-01 2.53935575e-01 9.34649885e-01 2.44166434e-01
    4.99803185e-01 4.78618741e-01 3.54872048e-01 7.77448416e-01
    7.47331738e-01 9.86466885e-01 4.68254417e-01 4.61883813e-01
    3.90815616e-01 2.99482584e-01 6.15882337e-01 2.48862296e-01
    3.75872731e-01 7.56563246e-02 1.93507314e-01 4.10069287e-01
    3.82484168e-01 6.73670173e-02 4.36817318e-01 1.18312091e-01
    2.40918100e-02 2.64729321e-01 5.39915144e-01 9.52344418e-01
    1.89718008e-01 7.20597625e-01 7.36871600e-01 4.18305486e-01
    3.60633790e-01 6.99285150e-01 4.62186962e-01 5.09748876e-01
    6.97975874e-01 7.12760568e-01 4.70141947e-01 1.35883659e-01
    6.18109047e-01 3.87753010e-01 8.63195002e-01 3.74849439e-01
    5.47731698e-01 3.69615555e-02 5.69043458e-01 4.51683789e-01
    6.48730755e-01 2.45471656e-01 3.98558378e-01 7.12200940e-01
    2.96968818e-01 3.75126690e-01 9.45425928e-02 8.42777967e-01
    4.78062451e-01 3.05118859e-01 1.81149840e-02 9.22469497e-01
    1.09659642e-01 1.07163340e-01 9.21805620e-01 9.60139632e-02
    4.43597376e-01 9.10835981e-01 4.48552907e-01 7.58898735e-01
    2.00778127e-01 3.72391284e-01 4.28297281e-01 1.41223520e-01
    4.96432751e-01 9.72594500e-01 5.25332868e-01 3.30070853e-01
    1.16873294e-01 1.96279228e-01 7.44284272e-01 6.34592593e-01
    7.56375551e-01 9.88636017e-02 3.03399563e-02 2.02867299e-01
    6.16974771e-01 7.73132324e-01 9.40152287e-01 6.71301305e-01
    9.30962920e-01 1.25877708e-01 6.07952178e-01 3.78261268e-01
    2.94560790e-02 5.89014649e-01 3.92334461e-01 7.72715807e-01
    4.01584685e-01 1.46309972e-01 4.51982975e-01 6.39020205e-01
    2.54733205e-01 9.89595771e-01 7.37387598e-01 1.67070419e-01
    4.50609863e-01 4.30796862e-01 9.31684077e-01 9.65966463e-01
    9.73006129e-01 2.37361640e-01 5.02720594e-01 3.18063498e-01
    9.21762466e-01 5.77618718e-01 7.16690123e-01 9.03873742e-01
    2.63179749e-01 6.47676110e-01 2.76186794e-01 6.84663355e-02
    7.32436597e-01 5.19089460e-01 8.57069135e-01 5.45608401e-02
    1.42397434e-01 1.59828067e-02 8.02551866e-01 3.61294746e-01
    1.87992185e-01 2.32847363e-01 4.59529817e-01 3.75806153e-01
    6.14348650e-01 3.19953561e-01 4.63691652e-01 9.27271843e-01
    7.36081302e-01 8.68740499e-01 4.74987507e-01 4.25716221e-01
    2.64096498e-01 2.28582650e-01 4.88848835e-01 4.52712208e-01
    8.08293819e-02 7.80566335e-01 9.23798382e-02 9.20693159e-01
    6.89737797e-01 1.36348158e-01 4.77121830e-01 3.77422452e-01
    2.37435490e-01 7.68291533e-01 3.38118672e-01 6.12280190e-01
    1.62406236e-01 4.69711125e-02 8.54163766e-02 7.16169596e-01
    7.90247083e-01 7.40269125e-01 6.13537490e-01 8.02744150e-01
    9.59308267e-01 6.74973190e-01 5.89574635e-01 3.91430914e-01
    9.97133911e-01 9.45191562e-01 8.01129937e-01 9.14434791e-01
    2.92893469e-01 9.22799587e-01 2.12065071e-01 6.31408691e-01
    1.07492596e-01 4.08899456e-01 9.23135996e-01 1.73051953e-01
    5.94471753e-01 2.19577640e-01 8.68253589e-01 1.39745981e-01
    4.35900390e-01 8.24391484e-01 5.13769567e-01 3.97625327e-01
    9.95184302e-01 9.53518689e-01 8.21776927e-01 9.57494974e-02
    8.74776959e-01 1.06224895e-01 6.11424625e-01 2.78300941e-02
    6.21275008e-02 4.10638809e-01 7.26190448e-01 3.73036951e-01
    7.84148216e-01 7.03741908e-02 5.66776037e-01 8.26755762e-01
    9.57572997e-01 2.63722628e-01 2.49842405e-01 4.37125802e-01
    7.62562752e-02 8.54470909e-01 6.10168517e-01 6.21422231e-02
    2.85183042e-01 9.52183604e-01 3.61414433e-01 9.47155952e-01
    5.35821438e-01 2.24824667e-01 2.36291915e-01 8.86493921e-03
    9.20564592e-01 6.16356134e-01 8.51700485e-01 4.55753237e-01
    7.83824682e-01 8.72273684e-01 5.26983559e-01 2.22356319e-01
    1.98883325e-01 3.11864913e-01 5.26046634e-01 9.98410821e-01
    9.40879941e-01 2.87123322e-01 7.83942819e-01 9.16035175e-01
    7.70392716e-01 3.84071052e-01 6.48726642e-01 5.20458519e-01
    3.77087653e-01 5.13983369e-01 3.06966901e-02 6.62288368e-02
    7.73354769e-01 1.10435128e-01 6.99521661e-01 4.58423197e-02
    1.31642133e-01 6.62874222e-01 6.51279926e-01 7.48917878e-01
    2.12984443e-01 1.92686975e-01 7.58092940e-01 3.96754920e-01
    2.75091231e-01 4.20570850e-01 7.51910686e-01 3.57747585e-01
    6.84858263e-02 8.40252697e-01 9.32934463e-01 2.55941689e-01
    8.89925361e-01 5.73849201e-01 7.12444842e-01 1.19379163e-01
    8.27299714e-01 6.20219827e-01 5.55466890e-01 1.79102540e-01
    6.88634992e-01 1.99848235e-01 7.22673953e-01 4.59367633e-01
    5.73264062e-01 5.55637062e-01 5.01992464e-01 8.26539695e-01
    3.25413287e-01 6.12793505e-01 7.24321604e-03 4.19462472e-01
    4.27238494e-01 2.19446331e-01 2.92241931e-01 8.31053972e-01
    1.26743913e-01 3.74661863e-01 7.11602271e-01 1.46483451e-01
    5.27997553e-01 8.02508712e-01 1.39570355e-01 2.28072762e-01
    5.64521372e-01 2.82201290e-01 6.96753383e-01 5.71828723e-01
    6.68892801e-01 8.98746490e-01 4.73892361e-01 1.13914877e-01
    8.63604486e-01 4.58917201e-01 4.98631924e-01 8.21982920e-01
    2.25319237e-01 1.05507076e-01 9.82842743e-01 9.33087885e-01
    6.37212634e-01 4.84328866e-01 7.99612999e-01 9.79701579e-01
    3.97827089e-01 9.23595607e-01 3.54696244e-01 1.38361335e-01
    2.53556430e-01 5.87012887e-01 8.02202463e-01 5.97088337e-02
    2.69373059e-02 3.52174401e-01 2.88441658e-01 9.82636690e-01
    1.83156729e-02 2.24611461e-02 6.17059350e-01 4.94058758e-01
    3.07331085e-02 7.87783861e-01 6.44941926e-01 2.51545429e-01
    3.46278936e-01 4.16523576e-01 7.99119651e-01 9.59718823e-02
    3.93721581e-01 3.75679553e-01 2.72855997e-01 7.50978947e-01
    9.86117780e-01 4.29197580e-01 1.80189610e-02 9.70161378e-01
    4.55948383e-01 3.45377892e-01 7.82442689e-01 7.69551635e-01
    7.59095490e-01 5.50550222e-01 5.70204854e-02 8.13186765e-01
    7.95691729e-01 7.23949969e-02 2.53608048e-01 3.70900512e-01
    3.57170016e-01 2.24527001e-01 1.30841017e-01 6.88952744e-01
    1.64069980e-01 6.10258520e-01 6.14965856e-02 3.81694257e-01
    5.55179894e-01 9.32815969e-02 6.26816690e-01 2.29828686e-01
    6.89291775e-01 7.01012254e-01 4.45628732e-01 1.49976611e-01
    8.59631658e-01 7.60281682e-01 9.81403828e-01 5.56498051e-01
    8.82616043e-01 4.61311728e-01 4.00627345e-01 4.50643837e-01
    4.89951640e-01 1.89579099e-01 4.40813363e-01 2.30866045e-01
    3.69506896e-01 5.67259669e-01 7.93188214e-01 4.46937442e-01
    8.99599731e-01 7.25084722e-01 8.59906375e-01 4.37078923e-01
    1.70137912e-01 3.54280263e-01 9.49370265e-01 3.24605793e-01
    3.04293156e-01 9.17504668e-01 1.53115958e-01 8.79426122e-01
    2.61037827e-01 1.50153667e-01 9.80538785e-01 3.86463255e-01
    1.72326654e-01 4.27466631e-01 9.28729177e-01 3.39547992e-01
    2.75718004e-01 6.29155397e-01 6.84801280e-01 9.61400747e-01
    7.34274745e-01 5.77362776e-01 4.71904993e-01 2.15376049e-01
    7.36212432e-01 1.52926475e-01 8.09698820e-01 1.80561185e-01
    3.25235695e-01 1.57199770e-01 4.45877582e-01 5.55730581e-01
    5.35541356e-01 8.91267896e-01 7.70762384e-01 9.46823955e-01
    9.54808474e-01 6.04556382e-01 3.60080063e-01 3.88165653e-01
    5.99795997e-01 1.40798599e-01 6.67963147e-01 2.86623061e-01
    6.74973309e-01 4.00851697e-01 3.40767682e-01 2.91601360e-01
    8.79567862e-01 8.97778988e-01 5.83991826e-01 8.72034073e-01
    9.60570455e-01 6.24573648e-01 1.40201330e-01 8.99537802e-01
    3.14152420e-01 2.74067223e-01 9.40057337e-01 2.07547933e-01
    9.67016578e-01 5.69082260e-01 9.95977640e-01 3.17923963e-01
    4.54696476e-01 9.58284974e-01 4.82349902e-01 7.23137259e-02
    9.16424632e-01 5.36294878e-02 3.69687855e-01 6.11931443e-01
    2.47054160e-01 4.55086201e-01 3.41160744e-01 9.61827636e-01
    2.35004276e-01 7.88623989e-02 8.67533982e-02 5.64782917e-01
    9.38580930e-01 4.25707698e-02 6.41050339e-01 9.49088097e-01
    4.08495605e-01 5.95110953e-02 8.23337078e-01 8.03611755e-01
    7.83831120e-01 7.34012425e-02 5.81690550e-01 8.11704397e-02
    1.54829353e-01 6.60210192e-01 8.18388343e-01 3.40519488e-01
    8.81394267e-01 1.15151018e-01 9.12864566e-01 6.63229346e-01
    3.95635217e-01 1.26558840e-02 1.22337997e-01 9.00503993e-01
    4.30912584e-01 1.21275276e-01 2.70624787e-01 6.64650142e-01
    8.42909932e-01 9.59762454e-01 1.59601212e-01 6.97875381e-01
    1.86459810e-01 2.76836604e-01 6.16213918e-01 5.58473527e-01
    1.40805393e-01 5.51362395e-01 3.24058533e-01 1.09382123e-01
    7.68999815e-01 9.59333539e-01 2.02797264e-01 9.44726348e-01
    3.82570922e-01 3.07972133e-01 1.98536724e-01 7.83989310e-01
    1.77991360e-01 5.51187694e-02 6.83707893e-02 7.90334821e-01
    6.47831082e-01 4.21435237e-02 6.17556155e-01 9.66091692e-01
    7.00053155e-01 8.64593685e-01 8.24414313e-01 1.24908566e-01
    1.46388024e-01 1.20228440e-01 6.53558969e-03 4.36220974e-01
    8.32201958e-01 1.82156563e-02 7.29895115e-01 4.49199826e-01
    9.03371930e-01 7.51358211e-01 8.69684279e-01 1.26733810e-01
    6.87346458e-01 2.98948884e-02 9.02793109e-02 9.51797366e-01
    8.92476439e-02 4.78053182e-01 4.95794415e-01 3.01961601e-01
    2.49506146e-01 1.56548262e-01 7.77726769e-02 1.72211528e-01
    4.54504937e-01 5.04491210e-01 3.45055461e-02 9.34198856e-01
    8.87123585e-01 3.73108983e-02 3.84745121e-01 7.01206923e-02
    6.92923367e-01 8.62445831e-01 6.43754244e-01 3.63690436e-01
    3.81798416e-01 5.08285820e-01 9.08522248e-01 7.98171759e-03
    8.32590938e-01 9.29867029e-01 3.32850486e-01 6.25316203e-01
    5.85163951e-01 5.20558596e-01 5.57659864e-01 5.09464681e-01
    2.37690359e-01 7.75633812e-01 9.99679327e-01 4.75808382e-02
    5.91974795e-01 9.48815942e-02 4.88668919e-01 2.00014770e-01
    7.29379535e-01 8.10249925e-01 6.70447886e-01 8.40019047e-01
    2.83347070e-02 9.01787162e-01 2.61320919e-01 4.98253107e-02
    5.97733378e-01 2.92103946e-01 5.67761838e-01 3.92285883e-01
    7.10461140e-01 8.60016227e-01 2.42707700e-01 9.70118165e-01
    5.81520200e-01 4.80774850e-01 8.98477197e-01 3.42360198e-01
    2.21742123e-01 8.75969291e-01 3.82717788e-01 8.25794220e-01
    7.78500140e-01 8.57171178e-01 7.81190991e-01 9.80841279e-01
    6.24544859e-01 9.89950955e-01 3.59342813e-01 4.58824039e-02
    6.78162515e-01 1.87613636e-01 9.39746022e-01 7.58503795e-01
    7.75413215e-02 6.48982704e-01 2.97539532e-01 1.02427304e-02
    2.18672037e-01 8.29802871e-01 6.50807977e-01 8.28911304e-01
    7.27216721e-01 6.44602776e-01 4.13406849e-01 4.90282357e-01
    8.67157698e-01 3.58632892e-01 7.65289068e-01 7.30221987e-01
    5.66226244e-03 1.19777948e-01 9.25311208e-01 7.17111528e-01
    3.54573846e-01 8.76558423e-02 9.05779123e-01 2.48479545e-02
    5.71580827e-01 6.19953096e-01 6.07043386e-01 5.03324389e-01
    5.85085869e-01 6.11121476e-01 8.44869614e-02 8.14576149e-01
    8.25194955e-01 5.62299907e-01 1.98189437e-01 4.20177758e-01
    4.79655623e-01 4.31284696e-01 8.45421553e-01 6.52588904e-02
    8.63834023e-01 1.80053860e-01 8.57779205e-01 2.62057304e-01
    4.40402031e-02 3.73277009e-01 5.03738403e-01 8.90050650e-01
    5.23224473e-03 1.75831020e-02 6.81831837e-02 4.15969133e-01
    3.98898542e-01 8.08998883e-01 6.70164406e-01 5.94983816e-01
    9.63409662e-01 2.62742311e-01 2.29066759e-01 6.55534208e-01
    1.58315271e-01 2.67820716e-01 6.72029018e-01 1.09665722e-01
    4.24177021e-01 6.99961543e-01 6.97455108e-02 8.71758103e-01
    4.75530505e-01 4.86507714e-02 2.31451243e-01 2.79609293e-01
    1.41335189e-01 3.89562041e-01 1.52352303e-01 2.30296254e-02
    9.75238204e-01 8.46399784e-01 4.41533357e-01 8.74554217e-01
    1.12831801e-01 3.54068100e-01 5.72201788e-01 8.82752955e-01
    1.32963181e-01 2.04539359e-01 2.90742218e-01 2.25060195e-01
    1.66727990e-01 9.92052257e-02 2.90355980e-02 8.00487101e-01
    7.88159311e-01 2.07817107e-01 5.18553078e-01 6.95000708e-01
    4.30567175e-01 9.61035728e-01 1.25311822e-01 7.24819362e-01
    7.69753218e-01 4.33652103e-01 9.87308383e-01 5.48158228e-01
    9.75868225e-01 9.70087945e-01 2.43288964e-01 6.00691080e-01
    2.53803283e-01 8.83650064e-01 9.47172344e-01 5.23945153e-01
    8.09526443e-01 7.08376825e-01 3.38593721e-01 1.48792595e-01
    2.06319809e-01 8.76762271e-01 6.22024417e-01 9.97199595e-01
    7.89215863e-01 9.60345984e-01 6.46286905e-02 7.89215863e-02
    6.72137499e-01 7.47218668e-01 9.35461879e-01 7.55452871e-01
    5.57261765e-01 2.87172437e-01 7.50402510e-02 1.36443615e-01
    3.90109569e-01 1.32020563e-01 8.88564467e-01 6.17611051e-01
    7.41541743e-01 4.84388858e-01 7.53123343e-01 7.93259144e-01
    9.45975125e-01 1.33262575e-02 4.67063040e-01 2.38734931e-01
    7.38335252e-01 9.59558606e-01 8.53529215e-01 2.56372809e-01
    2.24837571e-01 6.33014321e-01 9.52378511e-01 2.78106868e-01
    5.56904018e-01 6.99274898e-01 5.49651921e-01 8.59373868e-01
    1.95141613e-01 6.95919991e-02 8.28384757e-01 2.47960865e-01
    8.16516876e-02 2.66915709e-01 4.82027441e-01 1.32894903e-01
    4.87955928e-01 2.05910563e-01 9.38645363e-01 7.51214266e-01
    3.01957607e-01 2.70384133e-01 7.42444098e-02 1.90171719e-01
    9.09976661e-02 1.52092218e-01 3.09904575e-01 8.50862026e-01
    7.63740778e-01 9.08807755e-01 5.88987947e-01 5.62297881e-01
    7.36270308e-01 2.79829502e-01 8.94610405e-01 7.79994965e-01
    7.62935102e-01 8.09673905e-01 5.72710037e-01 3.15658391e-01
    5.48532009e-01 4.22033131e-01 2.37828463e-01 5.13355553e-01
    9.02161002e-01 3.19664598e-01 1.70879871e-01 7.91769505e-01
    1.80154979e-01 9.69517708e-01 6.61904454e-01 3.27998221e-01
    9.80328441e-01 9.41357732e-01 4.62670118e-01 6.19034827e-01
    5.63540041e-01 3.65038306e-01 9.14595485e-01 8.35620105e-01
    8.25536132e-01 7.84687996e-01 7.28227794e-01 5.74013591e-01
    2.07878202e-01 4.70711797e-01 1.78400993e-01 8.72035682e-01
    4.26200330e-02 9.20532525e-01 3.78387332e-01 7.74811745e-01
    5.93717039e-01 1.72119707e-01 5.48321843e-01 3.47526044e-01
    5.24048746e-01 7.45831430e-01 4.86113638e-01 3.67074788e-01
    5.78814745e-02 9.56560791e-01 2.96252459e-01 7.39609003e-02
    4.51284468e-01 6.79603815e-02 9.57398236e-01 2.77599752e-01
    9.07768965e-01 2.22947478e-01 6.76917613e-01 2.13768452e-01
    6.91293716e-01 3.88448894e-01 9.65073586e-01 7.44448423e-01
    9.63389874e-03 6.12251580e-01 7.80169904e-01 7.54792809e-01
    7.34776378e-01 2.21742451e-01 5.89382231e-01 9.23353374e-01
    3.92995775e-01 6.07142150e-02 5.30180573e-01 6.15951777e-01
    9.58635509e-01 9.54274058e-01 3.20009768e-01 3.44036192e-01
    2.14246273e-01 8.69745076e-01 4.18214500e-02 2.93659419e-01
    6.83302343e-01 5.35935998e-01 7.10953116e-01 5.78625083e-01
    9.54717875e-01 9.52531576e-01 8.62244904e-01 1.92216158e-01
    6.45576954e-01 6.89608991e-01 6.44485235e-01 7.97784626e-01
    3.38531256e-01 5.01222551e-01 7.54231095e-01 3.96465212e-01
    5.15531003e-01 2.65851319e-01 5.68961740e-01 2.97414064e-01
    2.98896462e-01 7.62440085e-01 4.68425095e-01 9.27683234e-01
    7.70045578e-01 9.21419978e-01 9.17055786e-01 9.84520614e-02
    1.72370702e-01 7.94468641e-01 7.21549273e-01 1.29956514e-01
    9.58159566e-01 7.51685441e-01 9.10015702e-01 6.86281085e-01
    3.73508036e-01 6.59679055e-01 9.89323974e-01 3.51581514e-01
    2.02234298e-01 5.75059295e-01 1.03298753e-01 4.69150454e-01
    5.19809544e-01 9.45631564e-01 9.17861700e-01 8.65543246e-01
    4.83603746e-01 6.02452219e-01 3.47641230e-01 5.58997393e-01
    6.55786514e-01 4.96609509e-02 9.35010672e-01 1.03101581e-01
    8.62104654e-01 4.78807449e-01 3.18025649e-01 8.83403003e-01
    7.79049158e-01 2.39653021e-01 3.24794322e-01 1.88779831e-03
    3.53457212e-01 2.76794612e-01 2.79889882e-01 9.68048215e-01
    1.27425730e-01 7.39584386e-01 6.04064643e-01 9.25210238e-01
    5.28601289e-01 7.31388211e-01 3.83959413e-01 2.99040079e-01
    9.96288657e-01 6.92708075e-01 4.69991148e-01 3.12480509e-01
    7.49539316e-01 1.74743831e-02 9.77463365e-01 6.62161112e-02
    7.97507644e-01 3.69475484e-01 3.59718651e-01 4.11811560e-01
    9.48646069e-01 9.18154716e-01 1.30773395e-01 1.19962811e-01
    1.15235180e-01 5.51776946e-01 2.84088254e-02 7.92262197e-01
    7.72260129e-01 6.99356914e-01 2.16650575e-01 2.82456219e-01
    2.11772114e-01 5.46855509e-01 9.94303823e-01 4.44715500e-01
    3.60553265e-01 2.99430996e-01 8.90094042e-01 4.29722667e-03
    6.58827722e-01 9.04526353e-01 9.57959831e-01 6.27143502e-01
    5.10807037e-02 6.43546045e-01 1.50997758e-01 2.02868223e-01
    9.95146990e-01 3.36652339e-01 1.37764066e-01 1.71728939e-01
    6.86219215e-01 4.62594867e-01 5.26754856e-01 5.52848995e-01
    3.66531104e-01 1.85239911e-02 7.14856982e-01 6.94266856e-01
    8.09715390e-02 9.77406800e-02 6.19625568e-01 7.07673788e-01
    4.45895076e-01 3.18682194e-03 4.69359666e-01 5.45775473e-01
    8.25804234e-01 2.94663250e-01 5.12864470e-01 5.14663696e-01
    6.58556283e-01 8.06421518e-01 7.53095865e-01 8.10907722e-01
    3.19746912e-01 6.92405343e-01 6.85227036e-01 6.64340734e-01
    2.02126116e-01 4.75333750e-01 2.96230495e-01 2.15466231e-01
    6.46413565e-01 5.27951121e-03 8.00287127e-01 5.34318030e-01
    6.17203712e-01 1.76171392e-01 4.02215898e-01 9.74963903e-01
    3.74658942e-01 5.20620108e-01 9.65054333e-02 8.64341855e-01
    6.21633470e-01 7.65156746e-01 8.80945504e-01 4.29602206e-01
    1.76020712e-01 5.79104602e-01 8.68172407e-01 5.54585099e-01
    7.46021152e-01 6.72615349e-01 9.27655041e-01 3.32680047e-02
    2.11433768e-02 6.14846349e-02 1.05057836e-01 6.26675248e-01
    9.44537461e-01 4.32943702e-02 6.62631929e-01 5.14201522e-02
    9.69270945e-01 3.99288684e-01 4.38863158e-01 4.43684757e-01
    4.12544310e-01 8.38586330e-01 6.71706915e-01 4.51824546e-01
    1.03351533e-01 9.36955869e-01 2.25090384e-01 2.05287814e-01
    5.26024699e-01 9.62137341e-01 5.14096737e-01 8.64296854e-02
    4.86528218e-01 2.79097915e-01 3.36011946e-02 3.53908926e-01
    7.83119321e-01 8.94899487e-01 5.14187574e-01 8.47071409e-03
    9.24474895e-01 8.85850370e-01 8.47350836e-01 6.82111561e-01
    2.37813622e-01 2.63335466e-01 2.93051571e-01 9.58763361e-02
    5.41191101e-02 5.55933237e-01 6.49137855e-01 9.71672058e-01
    3.44613135e-01 7.21476853e-01 8.23407233e-01 2.09687233e-01
    5.25947511e-01 4.64711547e-01 8.02751899e-01 8.46210420e-01
    6.31289423e-01 9.33789730e-01 2.64786184e-02 4.54276294e-01
    7.61833012e-01 6.40720189e-01 8.28215122e-01 4.16880965e-01
    5.41777253e-01 4.06173050e-01 4.59808260e-01 6.86060071e-01
    8.43995452e-01 4.53016192e-01 9.06385064e-01 3.75141442e-01
    7.26138592e-01 4.94995743e-01 6.07040524e-01 1.97623938e-01
    1.59365267e-01 3.90598863e-01 6.51899099e-01 4.51858848e-01
    2.78641462e-01 2.96060562e-01 8.87653112e-01 5.97262025e-01
    1.30661160e-01 5.37017882e-01 9.97878551e-01 7.19375551e-01
    5.89699149e-02 9.63226199e-01 2.77089059e-01 2.50370115e-01
    7.71401525e-01 9.04854894e-01 9.63224709e-01 6.64971828e-01
    7.16071546e-01 6.78021193e-01 6.16722345e-01 7.97717571e-02
    2.54725635e-01 7.58522034e-01 7.26810873e-01 9.67909098e-01
    9.50978279e-01 1.77410841e-02 5.95362961e-01 5.26962280e-01
    9.51198936e-01 5.89129150e-01 1.77566737e-01 9.89613950e-01
    7.85057187e-01 7.60469913e-01 8.44235122e-01 3.55385542e-01
    6.37405217e-02 6.26516640e-01 6.06104732e-02 7.40288436e-01
    7.35661209e-01 6.00572050e-01 6.56488359e-01 2.71052718e-01
    6.51530504e-01 3.86413187e-01 7.13028312e-01 9.53276873e-01
    5.31628609e-01 7.34631896e-01 2.03238934e-01 3.57829511e-01
    6.87090814e-01 3.38193744e-01 6.33587837e-01 8.82015526e-01
    9.44980085e-01 4.60290730e-01 9.59753096e-01 5.18909276e-01
    6.55866206e-01 9.95389700e-01 8.40989947e-01 8.79551172e-01
    2.21603304e-01 2.41737425e-01 4.41719174e-01 1.64398432e-01
    2.83538282e-01 1.51375234e-01 1.47992730e-01 6.85607195e-01
    8.15130591e-01 3.87912273e-01 6.53384089e-01 4.28791106e-01
    6.99052751e-01 3.26493263e-01 2.65814960e-02 4.73804444e-01
    5.01685739e-02 5.18520117e-01 1.61002368e-01 2.08466321e-01
    6.72933578e-01 1.24359578e-01 1.92359120e-01 4.48490322e-01
    5.32542467e-01 3.86125445e-02 2.67767727e-01 4.33800697e-01
    6.57238245e-01 9.84480798e-01 5.69746792e-01 5.64019918e-01
    7.88164616e-01 9.85069990e-01 6.69482172e-01 9.80772614e-01
    9.99413610e-01 1.51690990e-01 8.01374972e-01 4.71603006e-01
    8.51862907e-01 8.23597729e-01 9.83756781e-01 1.29788816e-02
    1.60465449e-01 2.32801348e-01 2.50184357e-01 7.64082134e-01
    1.14360034e-01 2.91847914e-01 6.95594430e-01 7.26262093e-01
    8.41230929e-01 7.79639244e-01 5.99569976e-02 2.72395313e-01
    4.33488697e-01 3.02988648e-01 4.27329004e-01 7.62197852e-01
    3.28389317e-01 4.03791606e-01 2.91982442e-01 2.36657262e-03
    9.66935158e-01 6.28258705e-01 4.15590405e-01 4.78361696e-01
    5.95920622e-01 9.90992188e-01 6.80838108e-01 7.18290806e-01
    9.23197508e-01 7.55797684e-01 8.80200267e-01 4.61549312e-01
    6.24224901e-01 2.23130703e-01 8.43121767e-01 5.81564486e-01
    4.45238382e-01 4.07321364e-01 8.11648011e-01 2.73080707e-01
    4.35159266e-01 4.44850951e-01 9.24585819e-01 7.41803467e-01
    4.37429667e-01 7.53256321e-01 9.25002694e-02 2.09659189e-01
    1.37341082e-01 4.65029418e-01 1.15177631e-01 3.08323801e-01
    1.75273895e-01 3.36001992e-01 6.65703297e-01 4.11824077e-01
    4.53719229e-01 2.92708337e-01 2.13345289e-02 7.46924043e-01
    8.77544045e-01 8.22506547e-01 4.10711706e-01 3.46318007e-01
    9.36490774e-01 6.12463415e-01 4.55029190e-01 4.96625066e-01
    8.34722221e-02 7.82518685e-02 2.08669901e-01 5.90278804e-01
    2.04884440e-01 4.55808073e-01 2.56660640e-01 9.78451848e-01
    8.23851645e-01 4.79709029e-01 3.12054753e-01 8.57389867e-02
    2.85183430e-01 9.49227214e-01 6.12006307e-01 5.55947304e-01
    1.39042318e-01 8.50926757e-01 1.67942226e-01 2.75211692e-01
    5.17475486e-01 8.84876370e-01 1.57559842e-01 4.13808525e-02
    8.84507775e-01 5.70008814e-01 3.93415391e-01 7.38571882e-01
    9.16902542e-01 9.04146135e-01 4.35983658e-01 4.07212138e-01
    3.71404499e-01 2.51712978e-01 1.57146990e-01 5.14060080e-01
    6.37200773e-02 1.86329097e-01 1.19772047e-01 1.34041250e-01
    4.11161959e-01 4.18390810e-01 3.50512564e-02 7.38075733e-01
    3.28630328e-01 2.68920541e-01 5.83456576e-01 4.66795117e-01
    7.48047292e-01 5.43562055e-01 5.85790575e-01 2.50934660e-02
    7.81408906e-01 2.36020744e-01 2.83783674e-01 6.44096255e-01
    9.57530975e-01 9.75328326e-01 5.59276700e-01 7.57991314e-01
    4.65980470e-01 9.87065494e-01 5.56316376e-01 1.26936018e-01
    8.68508458e-01 9.55484271e-01 5.74897826e-01 5.25458932e-01
    9.32416677e-01 8.86544228e-01 6.45750999e-01 8.26325297e-01
    4.32071865e-01 1.76578671e-01 5.32051086e-01 9.63028073e-02
    2.92422444e-01 4.93099004e-01 6.58962965e-01 7.68231452e-01
    1.60407364e-01 5.91829419e-03 1.82630390e-01 8.20421159e-01
    2.34129280e-01 7.65720606e-01 3.89239192e-01 7.27997184e-01
    4.18905526e-01 3.84231001e-01 5.43162823e-01 4.88091111e-02
    1.49808615e-01 4.19870615e-01 9.79259014e-01 2.90833294e-01
    7.99228668e-01 2.66862214e-01 9.21466470e-01 7.68956423e-01
    8.50464702e-01 4.66214210e-01 4.85575944e-01 2.39545852e-01
    1.19024247e-01 5.82327008e-01 1.89542770e-02 4.75217074e-01
    9.47359681e-01 8.06534767e-01 8.71590734e-01 5.56544006e-01
    1.64082080e-01 6.25872135e-01 5.59144974e-01 5.93927503e-02
    9.24469352e-01 6.32752061e-01 5.31030178e-01 4.72624451e-01
    9.17809010e-01 8.93474042e-01 7.77020693e-01 5.45231044e-01
    2.27174550e-01 3.89212668e-02 7.14782417e-01 9.62237239e-01
    7.16015697e-01 2.32308686e-01 5.13558924e-01 2.69375384e-01
    9.93351579e-01 7.72477388e-01 7.14614987e-01 9.70200360e-01
    5.79237103e-01 9.72625673e-01 4.03851420e-01 6.00940466e-01
    6.27605081e-01 3.06473494e-01 9.66387510e-01 6.29906356e-01
    1.08549565e-01 5.18750489e-01 2.43763715e-01 9.42900658e-01
    4.62544322e-01 5.04491806e-01 1.26010478e-01 5.22478342e-01
    1.54189944e-01 4.51637626e-01 4.16496098e-01 8.45578909e-01
    2.19231784e-01 4.73453104e-01 2.16039985e-01 2.14113295e-02
    9.23555911e-01 4.16547000e-01 3.63503188e-01 8.97821784e-03
    6.15158260e-01 7.57862628e-01 6.38887703e-01 3.96051824e-01
    8.06326985e-01 2.50638545e-01 9.80569243e-01 7.09218442e-01
    2.10255086e-02 7.76652575e-01 7.01575577e-01 8.23904634e-01
    1.80618286e-01 4.84003305e-01 6.35692537e-01 8.65919948e-01
    8.85658383e-01 1.66128159e-01 6.63725972e-01 3.21078151e-01
    8.65162015e-01 6.75099492e-01 8.10477018e-01 8.38647366e-01
    6.09749258e-01 9.35884833e-01 3.24158370e-01 2.18575001e-01
    3.97388697e-01 5.67802906e-01 6.69479370e-03 3.94060314e-02
    9.07440066e-01 5.51007032e-01 3.61476541e-01 1.70162261e-01
    7.01476812e-01 8.64171088e-01 6.39695466e-01 1.64777040e-01
    5.04526734e-01 5.99324226e-01 1.84444487e-01 9.51510012e-01
    7.17946053e-01 4.58500564e-01 6.57900870e-01 8.76439512e-01
    4.63406622e-01 5.71371615e-01 1.34164333e-01 4.87119496e-01
    3.84954631e-01 5.04112840e-02 7.08730280e-01 8.71636748e-01
    4.26363647e-01 4.36959565e-02 1.27399921e-01 5.41428864e-01
    5.61278164e-02 4.81122732e-03 2.22288132e-01 8.87352228e-01
    9.79915738e-01 8.59682441e-01 2.82256782e-01 3.51117849e-01
    9.15693879e-01 8.70805740e-01 9.45252001e-01 3.28107446e-01
    2.01839805e-01 4.45048988e-01 4.27065432e-01 9.60513115e-01
    2.69647658e-01 5.46153963e-01 4.96376991e-01 3.96370292e-01
    4.08818722e-01 6.09691620e-01 9.04041409e-01 2.45560855e-01
    4.29231673e-01 1.42576218e-01 9.83795524e-03 3.86537611e-02
    3.13504815e-01 7.28106797e-01 9.63542521e-01 8.45054686e-01
    2.97449231e-02 1.47317827e-01 8.73744190e-02 5.78721762e-01
    3.85897964e-01 9.81703401e-01 6.25728846e-01 8.12182426e-01
    1.13985419e-01 3.22976023e-01 6.85190320e-01 9.96090472e-01
    7.19418645e-01 7.62943327e-02 5.88715255e-01 4.15181339e-01
    7.63071537e-01 4.26464379e-02 9.58777905e-01 2.89319903e-01
    2.68970132e-01 6.75803065e-01 7.17094243e-01 2.16332912e-01
    8.09452653e-01 3.85932297e-01 5.83645225e-01 4.92911518e-01
    9.18916702e-01 3.07646930e-01 6.35866761e-01 2.61855632e-01
    3.88552099e-01 2.09033489e-03 9.59323823e-01 7.92667568e-01
    9.99085009e-01 4.95805591e-01 4.45125818e-01 2.63444781e-02
    7.15151370e-01 5.02315104e-01 2.64234006e-01 6.17699385e-01
    9.03645158e-01 7.56226778e-01 6.39265299e-01 3.11560631e-02
    8.42584610e-01 1.89424366e-01 1.80636555e-01 9.39352274e-01
    6.51375890e-01 2.66674817e-01 8.52499902e-01 3.57860923e-01
    5.60909510e-01 4.13059115e-01 2.16197342e-01 2.76563406e-01
    5.05163968e-02 1.04900956e-01 8.89485359e-01 3.21491361e-02
    9.17428970e-01 4.90803957e-01 9.05380964e-01 7.16773748e-01
    7.65563250e-01 5.43550730e-01 8.02098393e-01 2.43046552e-01
    6.68650210e-01 9.95857418e-02 4.07558918e-01 3.38341653e-01
    4.01236027e-01 6.01434827e-01 2.61326075e-01 4.49611068e-01
    3.13596189e-01 1.86885655e-01 4.32682693e-01 8.89729500e-01
    5.04988551e-01 6.83699667e-01 6.98193371e-01 4.53866392e-01
    4.81104404e-01 3.88870686e-01 2.79729664e-02 6.59580588e-01
    9.40376222e-02 3.50114524e-01 7.35542238e-01 5.14837384e-01
    9.43123698e-01 5.12133121e-01 1.25407487e-01 2.92600393e-02
    1.81728184e-01 3.03834677e-02 6.64662421e-02 8.93450737e-01
    5.34932613e-01 5.82658947e-01 3.96893412e-01 5.17152548e-02
    1.20578229e-01 2.24732578e-01 4.36032474e-01 8.40336204e-01
    8.50797653e-01 7.12664247e-01 9.36985612e-02 5.97244859e-01
    5.05429208e-01 2.78033495e-01 7.45067477e-01 4.54438210e-01
    6.53592467e-01 3.03964406e-01 3.91644567e-01 2.89121091e-01
    7.40462542e-01 6.05034351e-01 6.08271778e-01 1.37342781e-01
    8.17463994e-01 6.75514102e-01 3.14344108e-01 2.26237178e-02
    4.28365201e-01 8.87341261e-01 9.80492830e-01 8.36507797e-01
    8.94158125e-01 1.29270881e-01 3.19291860e-01 7.53197432e-01
    4.39088792e-01 9.34720933e-02 5.56885064e-01 2.67857909e-02
    1.20310694e-01 3.41810584e-01 7.25038886e-01 7.91661978e-01
    9.72265363e-01 3.83581102e-01 2.89401829e-01 3.18766564e-01
    3.40617657e-01 1.10097677e-01 2.82676280e-01 5.70144594e-01
    1.54078543e-01 3.01555216e-01 9.87737954e-01 9.07049239e-01
    1.83773637e-02 7.02243447e-02 1.35333806e-01 9.53358054e-01
    4.49651122e-01 2.54077554e-01 6.31564558e-02 8.83151770e-01
    4.26730812e-01 4.80479360e-01 2.15804875e-01 6.22313082e-01
    2.04281062e-01 4.34706002e-01 5.87968528e-01 7.69058824e-01
    4.02073860e-02 4.51221853e-01 9.84774172e-01 8.40685964e-01
    1.75445914e-01 3.49994481e-01 1.70369655e-01 9.28326488e-01
    7.55609989e-01 8.70300531e-01 6.38084233e-01 6.99292541e-01
    4.04636264e-01 7.35509992e-01 1.90130115e-01 9.34922516e-01
    6.64839327e-01 9.31679368e-01 1.79890752e-01 7.93671906e-02
    3.63160819e-01 5.60882509e-01 8.85748386e-01 9.33520317e-01
    9.74491537e-02 2.90003896e-01 7.32997894e-01 4.87111092e-01
    6.57673776e-01 8.01807702e-01 5.95100820e-02 3.58179867e-01
    6.05539680e-02 7.82188177e-01 1.87193394e-01 4.53221470e-01
    8.08996677e-01 9.86753285e-01 2.08680958e-01 3.70371044e-01
    1.73803210e-01 7.81259060e-01 1.18664414e-01 7.15212226e-02
    5.91154873e-01 8.51535082e-01 4.77612317e-01 9.75611567e-01
    4.09862638e-01 3.31760764e-01 1.13877654e-02 9.88190651e-01
    9.70068216e-01 6.60720050e-01 3.50610554e-01 7.03514040e-01
    8.06158781e-01 3.79609346e-01 6.22534454e-02 6.41933680e-02
    7.64589906e-01 9.56722498e-02 9.54236150e-01 9.52658653e-02
    6.33033693e-01 2.97008932e-01 5.76302409e-02 7.47824013e-01
    4.52149510e-02 6.79299712e-01 1.51935309e-01 9.68133748e-01
    9.24131751e-01 8.09571624e-01 7.53397465e-01 6.62804961e-01
    4.16104943e-01 4.14638400e-01 2.81847119e-01 6.87173009e-02
    3.10253978e-01 9.87393379e-01 6.94875479e-01 5.44041157e-01
    9.94258702e-01 3.97367626e-01 9.72002268e-01 9.54446614e-01
    7.55004644e-01 7.10796356e-01 3.43061656e-01 9.48506236e-01
    6.95687532e-01 3.04356635e-01 4.94116783e-01 6.18852675e-01
    2.18089223e-01 6.40783370e-01 4.60041434e-01 4.81624275e-01
    2.78586566e-01 4.31496918e-01 9.45059657e-02 2.91283131e-01
    8.91164541e-01 7.64266253e-01 5.87670028e-01 8.09087753e-01
    2.16591984e-01 2.65059710e-01 7.17056453e-01 1.68405771e-02
    5.52696109e-01 4.29538190e-01 5.36969483e-01 6.29487693e-01
    2.89928019e-02 1.40001297e-01 5.42090893e-01 7.63800502e-01
    9.51157689e-01 9.31068420e-01 2.30083346e-01 4.81535882e-01
    5.83546638e-01 4.73636329e-01 7.67553985e-01 2.78020620e-01
    3.04602146e-01 2.46498734e-01 3.66997421e-01 5.88361979e-01
    2.35966384e-01 1.28771901e-01 7.33590961e-01 8.19146037e-01
    9.67343569e-01 6.49477601e-01 9.62528944e-01 1.84455752e-01
    6.77095413e-01 7.19487369e-01 1.61965609e-01 2.17079729e-01
    6.67841136e-01 9.66802537e-01 1.40551627e-01 7.13427663e-02
    2.20541507e-01 4.70956862e-02 1.20695144e-01 5.94566107e-01
    6.35630488e-02 9.78728771e-01 4.93131250e-01 9.44994092e-01
    5.46902061e-01 8.68038833e-02 1.32683516e-02 5.41262805e-01
    7.88245142e-01 7.51859963e-01 8.83333802e-01 6.09916687e-01
    4.86617386e-02 5.26737511e-01 9.43652689e-01 1.65822387e-01
    1.73376828e-01 9.46435094e-01 6.67603433e-01 4.03823555e-01
    6.07880950e-03 6.44143939e-01 7.08971739e-01 1.94282979e-01
    7.46240854e-01 2.36723959e-01 3.40321839e-01 1.05859071e-01
    6.58601165e-01 6.45224452e-01 1.80802345e-02 4.93266582e-02
    6.25498831e-01 7.00632870e-01 4.07105118e-01 4.44995522e-01
    9.16800737e-01 6.81898594e-01 2.47887164e-01 1.07168078e-01
    1.32782698e-01 5.53189814e-01 6.36936426e-01 4.72927451e-01
    9.63283777e-01 9.26809371e-01 2.33291090e-02 3.03255349e-01
    8.94252658e-02 6.52052224e-01 4.37324822e-01 9.77673531e-01
    7.44449496e-01 4.48458880e-01 4.26011533e-01 2.07819968e-01
    5.37603080e-01 4.82217699e-01 5.25971651e-02 3.72721672e-01
    9.71578479e-01 7.89677024e-01 5.03042102e-01 7.12060571e-01
    2.91264534e-01 9.01486397e-01 7.40239203e-01 9.08239841e-01
    2.26868987e-02 6.78187609e-01 7.37006068e-02 4.39250141e-01
    7.62429118e-01 8.32567334e-01 9.69955444e-01 9.24757123e-01
    4.08094585e-01 1.51040226e-01 9.07892764e-01 9.18822050e-01
    7.26690292e-01 4.02208388e-01 2.81638682e-01 3.05899531e-01
    4.63311970e-02 1.20012164e-01 7.76381314e-01 5.85973620e-01
    4.31062579e-01 3.46304178e-02 6.27016425e-01 8.02339911e-01
    3.80384326e-01 8.40943813e-01 6.22208416e-02 4.33698684e-01
    2.89675653e-01 7.41446316e-01 2.40464211e-02 2.26963192e-01
    4.95358914e-01 4.47597533e-01 2.86024749e-01 6.31961524e-02
    1.54153228e-01 2.99907893e-01 9.89258289e-01 1.68308288e-01
    2.28003442e-01 8.07196498e-02 1.45878792e-01 7.86148310e-01
    6.59361541e-01 8.81670475e-01 6.43386245e-01 8.55643392e-01
    4.61631626e-01 6.34386182e-01 2.39599764e-01 7.36827493e-01
    4.24709827e-01 5.28460264e-01 6.25341773e-01 4.54293847e-01
    6.25616968e-01 2.80762315e-02 3.19003314e-01 6.04414105e-01
    5.59728503e-01 3.95366907e-01 1.96067363e-01 6.91180348e-01
    1.84375882e-01 7.75512755e-02 5.92348635e-01 3.74837339e-01
    8.05091262e-02 1.40534163e-01 1.19211257e-01 4.35739875e-01
    4.28263843e-01 6.30046248e-01 8.08429182e-01 1.35967433e-01
    2.58427739e-01 1.70489252e-02 8.24430346e-01 2.73494899e-01
    6.60120249e-01 6.60292149e-01 2.18112320e-01 2.65166640e-01
    1.20205879e-02 1.70165807e-01 5.50008595e-01 1.64483517e-01
    9.34150279e-01 6.57075644e-02 5.83611250e-01 8.65188777e-01
    4.97988492e-01 6.83067441e-01 7.06919193e-01 9.19392467e-01
    9.92869139e-01 8.02353680e-01 1.43216938e-01 2.11888462e-01
    1.06075108e-02 6.91322863e-01 2.95876682e-01 8.84097815e-01
    3.28920364e-01 8.92224610e-01 4.57090437e-01 3.81620765e-01
    3.41046304e-01 9.13011074e-01 2.47017920e-01 2.32843786e-01
    7.80265629e-01 6.13819838e-01 2.31446683e-01 7.04186797e-01
    7.27423728e-02 2.55880058e-02 7.53817677e-01 2.12742567e-01
    8.08158517e-01 2.33709514e-02 9.45650399e-01 1.95101231e-01
    4.31841910e-01 2.72224128e-01 1.28894448e-01 2.69188046e-01
    8.84455383e-01 7.47801006e-01 6.65828705e-01 8.37241888e-01
    2.41196662e-01 8.54638457e-01 4.87517357e-01 9.35604811e-01
    2.60992706e-01 3.41709197e-01 5.63614249e-01 1.82596982e-01
    6.39878392e-01 3.94227505e-02 5.50015152e-01 3.98716301e-01
    6.13588572e-01 9.14592028e-01 5.01572490e-01 6.73167527e-01
    2.31806040e-01 6.62926674e-01 1.23969883e-01 2.20255315e-01
    3.14400256e-01 9.46160793e-01 7.14635670e-01 1.16777331e-01
    1.06899589e-01 9.50357318e-02 4.46524650e-01 3.93841565e-02
    7.05858231e-01 8.92514288e-01 3.95396471e-01 3.01223695e-01
    1.97679371e-01 5.30439913e-01 9.87128615e-01 4.11195189e-01
    1.93896741e-01 4.34214234e-01 7.11789727e-01 6.78920746e-01
    1.18097663e-02 1.87636971e-01 2.61867136e-01 7.41654456e-01
    3.28790426e-01 7.63289094e-01 1.67900950e-01 1.17465168e-01
    3.01424563e-01 6.89343452e-01 8.38289857e-01 9.58678007e-01
    7.62813687e-02 6.61817551e-01 5.44619322e-01 2.18237519e-01
    2.47228146e-01 6.51849508e-01 3.33786011e-03 8.28852057e-01
    6.68588281e-02 9.41140354e-01 6.25456095e-01 3.00079286e-02
    5.81463039e-01 2.04480886e-02 3.11431289e-01 8.81194472e-02
    9.78967905e-01 6.35523081e-01 5.30782759e-01 6.05863631e-01
    3.00079882e-02 9.00917292e-01 4.44190025e-01 7.48674333e-01
    2.67323434e-01 2.13679671e-02 2.23702192e-02 9.58541095e-01
    3.54098201e-01 1.91214055e-01 7.49234438e-01 2.50400007e-01
    9.17947054e-01 5.79312205e-01 5.44825554e-01 9.40258503e-01
    7.71470726e-01 7.43728518e-01 3.97187382e-01 9.27723646e-02
    5.74719906e-01 4.95864302e-01 9.24503326e-01 1.04663163e-01
    8.85374606e-01 1.84332848e-01 7.99242735e-01 2.67919481e-01
    5.46697080e-01 3.78855169e-02 1.49533898e-01 8.33259583e-01
    2.45401204e-01 8.45860064e-01 6.31699264e-02 3.26223105e-01
    2.60241389e-01 5.40104389e-01 3.09746444e-01 3.31816673e-01
    5.32490790e-01 1.30432546e-02 4.40445244e-02 5.06455123e-01
    7.28907108e-01 4.41038132e-01 7.78449476e-02 9.57381129e-02
    1.65656179e-01 4.80064422e-01 2.00098783e-01 2.37311721e-02
    4.22838867e-01 9.14086044e-01 6.13360167e-01 9.23899651e-01
    2.05938816e-02 4.68277633e-01 5.75721622e-01 7.16718912e-01
    5.59137464e-01 2.51422882e-01 4.88086909e-01 1.58881515e-01
    1.41978860e-01 4.62683439e-01 9.70258117e-01 1.13400757e-01
    5.98688304e-01 7.14102626e-01 8.39619875e-01 2.84835994e-01
    7.82603621e-01 6.64203882e-01 7.96219349e-01 1.57053798e-01
    6.24588728e-02 5.81619024e-01 5.78535199e-01 7.62822032e-02
    6.38196766e-02 9.64616537e-01 8.84949923e-01 4.21687663e-02
    7.68763065e-01 5.59979618e-01 2.29936689e-01 9.19948220e-01
    8.97543192e-01 6.15382016e-01 2.49025732e-01 1.27175838e-01
    8.69002521e-01 6.29833460e-01 1.03059441e-01 9.35420513e-01
    6.56347573e-01 6.32367611e-01 4.06385660e-02 3.70528400e-01
    1.42202199e-01 6.55040979e-01 8.73780191e-01 4.37926352e-01
    5.98046422e-01 9.03362870e-01 5.05343914e-01 9.82301056e-01
    8.42618227e-01 3.98241252e-01 8.80094647e-01 8.89467895e-02
    7.14639127e-01 3.42446625e-01 7.08614230e-01 2.18037635e-01
    5.17912507e-01 6.33774757e-01 8.18010926e-01 4.23680246e-01
    4.82338905e-01 2.28638649e-02 9.98455286e-03 8.44411850e-01
    2.92494774e-01 9.61728275e-01 3.59893441e-02 7.09859073e-01
    9.10987973e-01 9.23463702e-03 6.76406741e-01 6.60559952e-01
    1.20701849e-01 8.93597722e-01 3.90012771e-01 6.34649694e-01
    2.85279214e-01 1.99663609e-01 3.13916802e-01 1.46734506e-01
    5.64760864e-02 6.18813336e-01 9.49796915e-01 3.27813029e-01
    4.10533249e-02 1.56820446e-01 4.75672185e-02 8.93409491e-01
    5.95924914e-01 3.14548433e-01 3.39588940e-01 4.21354592e-01
    6.04441583e-01 9.85230803e-01 9.54816222e-01 3.18977416e-01
    2.83461213e-01 1.18436933e-01 6.35395288e-01 9.82677579e-01
    3.03285599e-01 7.70090699e-01 6.00808442e-01 2.07981974e-01
    8.18535864e-01 7.55227923e-01 8.89882386e-01 1.08204633e-01
    1.23844743e-01 7.79677331e-02 2.15770572e-01 3.42991948e-01
    5.90299726e-01 6.96720362e-01 4.85466301e-01 2.96564281e-01
    8.43385220e-01 4.61068869e-01 7.70698547e-01 8.57537866e-01
    1.01278692e-01 1.32883757e-01 9.38407660e-01 4.60901558e-02
    7.21710920e-01 6.96261883e-01 2.77760625e-01 3.93250465e-01
    9.98453796e-01 7.61248410e-01 6.29295349e-01 8.04634154e-01
    3.68638158e-01 6.17720544e-01 6.63056195e-01 4.25329417e-01
    9.72310305e-02 2.63537496e-01 9.90467787e-01 5.63295484e-01
    5.91403127e-01 3.64177883e-01 5.19662440e-01 7.84396350e-01
    3.50752294e-01 1.12579256e-01 5.33910632e-01 6.95515990e-01
    1.43141776e-01 2.43152976e-01 4.62094277e-01 7.69829988e-01
    3.95571768e-01 5.11594772e-01 4.65973586e-01 6.02441728e-02
    9.90188718e-01 8.43454957e-01 7.10367680e-01 2.06494331e-02
    2.72638470e-01 1.66419148e-02 6.73355222e-01 1.63431883e-01
    5.58007956e-01 6.00782096e-01 7.09669292e-01 9.92280960e-01
    1.12044215e-01 6.49828792e-01 7.17427433e-01 2.12057680e-01
    3.96797121e-01 2.92169869e-01 5.59117198e-01 7.77176499e-01
    7.92156100e-01 6.11434937e-01 7.11013138e-01 4.11326468e-01
    2.16850817e-01 5.59486866e-01 9.83405828e-01 5.24378896e-01
    3.28883767e-01 2.99966753e-01 2.43306786e-01 7.10867167e-01
    2.44489372e-01 2.00848013e-01 5.53108215e-01 9.70665038e-01
    8.72068524e-01 8.77167106e-01 7.60951519e-01 7.68053889e-01
    7.64576614e-01 2.61485994e-01 5.96154630e-01 5.76288939e-01
    3.04532528e-01 1.22490317e-01 4.83790934e-01 5.45862794e-01
    2.15676963e-01 5.07823706e-01 3.37338209e-01 3.41404289e-01
    7.43233919e-01 9.92077470e-01 2.26682425e-03 9.45807695e-01
    4.54731435e-01 9.40884769e-01 6.66499853e-01 6.31770611e-01
    9.12668526e-01 4.85303432e-01 3.19747031e-01 1.16137028e-01
    5.26127994e-01 3.37150514e-01 2.27156729e-01 4.68810737e-01
    5.96441031e-01 3.53409052e-02 9.04137015e-01 5.18532872e-01
    2.51121670e-01 1.77683264e-01 6.70321226e-01 3.57723832e-02
    8.53020549e-02 9.79346037e-01 4.98594135e-01 5.57082713e-01
    4.97413278e-02 3.42252076e-01 1.53786957e-01 1.61130816e-01
    5.93558729e-01 9.37564731e-01 1.71553642e-01 6.81556821e-01
    9.13085341e-01 7.31614649e-01 3.19889575e-01 5.31212986e-01
    6.63180292e-01 5.05942106e-03 5.33872843e-01 6.40654206e-01
    7.50723004e-01 8.90801430e-01 9.55092251e-01 9.45903659e-01
    2.92571992e-01 1.34540409e-01 2.60548294e-02 2.66483188e-01
    2.87665248e-01 2.25459337e-02 5.20943582e-01 7.17182875e-01
    7.66883850e-01 2.10371733e-01 9.65899408e-01 1.68852925e-01
    1.18353724e-01 6.86695993e-01 2.74837673e-01 5.69898903e-01
    6.13662124e-01 6.85684562e-01 2.07709342e-01 5.97988784e-01
    2.19171584e-01 9.10750329e-01 2.39554554e-01 6.21082664e-01
    8.89715672e-01 1.56489670e-01 9.69802380e-01 1.16771966e-01
    6.98922276e-02 5.97341359e-02 3.64546031e-01 1.53134942e-01
    8.42000842e-01 5.35880268e-01 4.45050776e-01 2.77252197e-02
    4.53836977e-01 6.38517141e-02 4.48022187e-01 2.31994182e-01
    1.28802687e-01 4.68293548e-01 7.89843917e-01 8.21707308e-01
    8.85844707e-01 7.07744777e-01 7.49641895e-01 3.47886801e-01
    5.29358923e-01 2.03056186e-01 6.25120699e-02 3.72066081e-01
    2.69338906e-01 2.31055886e-01 3.11570555e-01 8.81250679e-01
    4.25018489e-01 6.76844120e-01 7.83025324e-01 6.70451164e-01
    4.91789758e-01 3.50843638e-01 9.20050740e-01 3.79855245e-01
    3.63488674e-01 8.02719474e-01 8.43646526e-01 6.90991163e-01
    2.12335050e-01 4.78404582e-01 4.91363585e-01 7.27871299e-01
    6.21091127e-02 3.70905876e-01 9.10826921e-01 4.02609706e-02
    2.76409686e-01 8.84076715e-01 6.90171123e-01 5.84624350e-01
    5.60781181e-01 8.38952184e-01 7.23180771e-02 6.61810935e-02
    7.84965873e-01 8.34349632e-01 9.67024148e-01 7.46535778e-01
    8.94510269e-01 5.57717204e-01 3.09664011e-01 6.66962087e-01
    4.36436385e-01 2.57078826e-01 3.97036076e-01 8.34058642e-01
    3.94395679e-01 5.60808778e-01 3.58152568e-01 2.64728606e-01
    2.27714211e-01 3.58509421e-02 2.72656798e-01 6.22816443e-01
    7.06641853e-01 7.84005642e-01 2.40589559e-01 5.50754249e-01
    8.94035995e-01 1.45533741e-01 8.25624704e-01 6.00233734e-01
    8.23799849e-01 8.85666728e-01 3.32397848e-01 5.42886436e-01
    9.85833406e-02 4.61630344e-01 6.26056194e-02 2.54890919e-02
    9.33727086e-01 9.64609623e-01 6.46283627e-01 3.43915552e-01
    9.23278451e-01 1.56446725e-01 4.19938236e-01 8.32964599e-01
    9.89508212e-01 2.89861143e-01 6.15099549e-01 4.71123070e-01
    1.06119156e-01 1.18862838e-01 2.10569739e-01 8.81867647e-01
    3.49985749e-01 8.82763743e-01 6.10840678e-01 9.02147770e-01
    4.46562916e-01 3.59815955e-01 9.43934202e-01 8.32548022e-01
    8.00472498e-02 9.85017538e-01 7.23037839e-01 3.96839827e-01
    2.57867813e-01 3.31538320e-01 6.48176789e-01 3.69594544e-01
    1.64737105e-02 8.44463885e-01 4.88873541e-01 2.58242220e-01
    7.80994892e-01 3.29475969e-01 9.01165962e-01 9.29547489e-01
    4.71646488e-01 1.50402725e-01 4.07776594e-01 8.52935791e-01
    5.29963911e-01 8.57609391e-01 2.07108825e-01 6.58812821e-01
    9.89310741e-01 2.01410055e-01 3.40283513e-01 7.62721896e-02
    2.04865813e-01 3.99118304e-01 6.76548243e-01 4.89433050e-01
    9.99167562e-01 7.13951290e-02 6.34684503e-01 1.52315676e-01
    6.52567625e-01 5.59319258e-02 9.94801760e-01 4.93499905e-01
    9.43054259e-01 6.94538534e-01 1.25953019e-01 2.57177055e-01
    8.46111298e-01 9.11886156e-01 7.50830770e-01 9.54758525e-02
    5.36772132e-01 7.24421918e-01 7.46498287e-01 8.55833232e-01
    3.07908654e-01 2.34062642e-01 6.90642059e-01 6.44525766e-01
    4.39369410e-01 9.85484958e-01 5.15074790e-01 9.12462771e-02
    9.55592871e-01 5.93360364e-01 7.09591568e-01 5.91397166e-01
    2.85962582e-01 5.84596574e-01 2.64934301e-02 5.23692787e-01
    4.96068150e-01 1.51130259e-02 9.94294882e-04 9.68182921e-01
    8.10932040e-01 5.54485857e-01 3.61856818e-03 7.22872913e-02
    9.11933303e-01 4.01058853e-01 7.86497593e-01 5.37469387e-01
    3.63939941e-01 7.23505616e-01 9.93002057e-01 6.77953601e-01
    9.71874595e-03 9.52874184e-01 1.77872837e-01 9.47930336e-01
    9.92617786e-01 1.65077478e-01 3.23552608e-01 3.66002291e-01
    2.26608276e-01 2.51208842e-01 5.02722323e-01 8.77432346e-01
    8.80828261e-01 6.51591063e-01 7.91973591e-01 1.10598862e-01
    1.01066023e-01 8.94814968e-01 1.10336721e-01 6.58110976e-01
    3.14706326e-01 8.21590304e-01 3.77882719e-01 4.85505044e-01
    9.00995016e-01 5.80404639e-01 4.19559330e-01 1.89031214e-01
    6.60248876e-01 3.64812911e-01 2.37289906e-01 5.56307077e-01
    4.73718345e-02 3.88789296e-01 6.53539896e-01 9.71183181e-01
    3.42871070e-01 3.95283669e-01 3.89141977e-01 6.15926683e-01
    6.13799095e-01 9.09563184e-01 5.85588932e-01 3.38734210e-01
    5.12161493e-01 2.76817650e-01 5.87349474e-01 6.88613117e-01
    8.94389153e-02 4.25117433e-01 3.89499903e-01 5.10675311e-01
    6.97237134e-01 8.08195591e-01 6.84511542e-01 7.41261601e-01
    4.38521981e-01 7.25402117e-01 5.42503476e-01 1.03639066e-01
    7.13507950e-01 7.63220191e-01 7.65872598e-01 8.73015881e-01
    1.11240774e-01 7.60669351e-01 7.12665915e-01 9.74196315e-01
    1.76177919e-02 8.29439759e-02 3.67487252e-01 2.17089266e-01
    1.20540112e-01 7.70513296e-01 3.64094913e-01 9.36387300e-01
    8.48714113e-01 3.48919630e-01 5.50247252e-01 8.08674276e-01
    2.70103574e-01 7.84209132e-01 1.11678213e-01 7.26935327e-01
    3.38487148e-01 9.92196381e-01 2.49241531e-01 3.78754139e-02
    7.11015463e-01 9.35020924e-01 5.70070148e-01 4.98450667e-01
    3.25793415e-01 3.34746003e-01 2.19252050e-01 1.04548186e-01
    1.47541463e-01 8.11019778e-01 3.22718620e-01 6.84726000e-01
    9.42510545e-01 7.43615568e-01 1.13381386e-01 1.77836776e-01
    3.63137960e-01 2.14005262e-01 6.09812140e-02 1.85316503e-02
    8.41454029e-01 5.11996567e-01 2.15409696e-01 7.00175107e-01
    9.84630883e-02 1.92267805e-01 9.12342370e-02 9.27850485e-01
    6.11778259e-01 4.40879732e-01 1.96995676e-01 2.39889413e-01
    3.35401595e-02 2.22644299e-01 8.71027172e-01 9.42606747e-01
    7.10772157e-01 3.36596072e-02 6.06485605e-02 9.90613997e-01
    5.62507153e-01 4.33148265e-01 9.04693961e-01 5.84995151e-01
    3.28610390e-01 4.47360575e-01 5.90421796e-01 8.59945059e-01
    5.16256630e-01 4.80109364e-01 4.77824539e-01 3.18867862e-02
    8.35721910e-01 8.79508376e-01 5.24306238e-01 3.66728246e-01
    3.98513019e-01 2.53663629e-01 8.82269502e-01 3.76388192e-01
    2.78454006e-01 9.58163023e-01 7.30738044e-02 3.22217643e-01
    6.39410436e-01 8.33213985e-01 4.84340549e-01 9.14596438e-01
    7.59571552e-01 3.73300761e-01 8.37897718e-01 1.74608856e-01
    4.77184653e-02 9.04097319e-01 2.56224185e-01 9.01173949e-01
    9.42056298e-01 4.68865722e-01 7.94785440e-01 3.64574969e-01
    7.43691564e-01 3.67766619e-03 3.61075282e-01 1.55115992e-01
    9.67416763e-01 7.58955479e-01 6.31161928e-01 1.56914055e-01
    2.11527705e-01 1.81516945e-01 2.11942464e-01 1.03966266e-01
    7.43553638e-01 6.40987456e-01 7.66326129e-01 6.27254725e-01
    7.84816444e-02 3.13027501e-01 9.15208936e-01 4.36988384e-01
    1.71719879e-01 4.63562012e-01 8.93082321e-02 1.21013612e-01
    5.59887409e-01 7.68231988e-01 1.38691545e-01 5.08548498e-01
    7.46064186e-01 9.16237235e-01 2.36295491e-01 2.93375254e-01
    3.53309751e-01 4.10731286e-01 8.34549189e-01 1.34646446e-01
    8.88104618e-01 1.67482346e-01 8.53913844e-01 9.87614095e-02
    6.65439963e-01 1.15620285e-01 5.21307707e-01 1.54299617e-01
    9.83742476e-01 7.55724669e-01 4.94585931e-02 1.72135621e-01
    5.56365788e-01 9.06700730e-01 4.89769876e-01 4.68964785e-01
    4.81972992e-01 5.97266316e-01 1.42868072e-01 9.95127797e-01
    3.98923934e-01 6.67302132e-01 4.15492296e-01 2.90223539e-01
    7.38255203e-01 7.20284224e-01 4.85687941e-01 8.56784582e-01
    8.91489744e-01 1.58496648e-01 2.32423723e-01 1.23720765e-01
    4.82923418e-01 2.05202878e-01 2.10182577e-01 6.76482499e-01
    8.38554561e-01 9.25926089e-01 9.15592968e-01 4.11357045e-01
    3.45734686e-01 1.74406469e-01 2.22141027e-01 9.62087393e-01
    2.39925623e-01 3.79179925e-01 7.03754306e-01 2.35648632e-01
    9.55099463e-01 2.68788129e-01 9.25210357e-01 3.68916273e-01
    6.62402034e-01 2.05416322e-01 4.81569022e-01 7.42795289e-01
    2.76932418e-01 9.37087059e-01 5.26030540e-01 6.01948142e-01
    7.88596392e-01 3.66725326e-01 7.94033706e-01 2.87994146e-01
    2.40947515e-01 2.71363735e-01 2.80233949e-01 2.62448967e-01
    7.06861198e-01 1.94864035e-01 9.15550947e-01 4.45763886e-01
    7.41565228e-02 5.99828601e-01 4.84187633e-01 5.48586249e-01
    7.22277820e-01 3.36070955e-01 5.82236409e-01 2.64223754e-01
    1.99998111e-01 6.41257346e-01 5.78885853e-01 6.42716527e-01
    1.70505643e-02 5.20358086e-01 5.46833396e-01 6.13990426e-03
    9.11691844e-01 1.39118344e-01 3.80761921e-01 7.44984269e-01
    3.51097047e-01 1.59583747e-01 7.43087173e-01 8.81229043e-01
    8.33281875e-02 5.39770842e-01 5.97358644e-01 9.22040582e-01
    7.22993255e-01 2.47050852e-01 8.51659775e-01 6.76604748e-01
    2.35822558e-01 4.69678253e-01 9.81115103e-02 7.44738936e-01
    8.43758285e-02 7.13725984e-02 2.83971429e-03 2.10944593e-01
    8.96424651e-01 9.81381118e-01 4.44545865e-01 8.75794291e-02
    4.74615037e-01 9.89765406e-01 9.93731022e-01 3.92491490e-01
    3.59996289e-01 1.72407091e-01 1.20076030e-01 8.44634891e-01
    2.36524582e-01 4.70337361e-01 5.37799418e-01 4.69342858e-01
    9.65717256e-01 3.45528752e-01 5.71267366e-01 4.45298493e-01
    5.92136979e-01 7.00864196e-01 5.24073243e-02 9.01028454e-01
    4.94774431e-01 6.01091683e-01 9.20524478e-01 4.30707395e-01
    1.23319149e-01 7.98133016e-01 1.44072503e-01 6.63258493e-01
    3.95842016e-01 1.08397067e-01 6.76813126e-02 7.93352604e-01
    7.06270337e-03 3.27901721e-01 4.41926241e-01 6.55480325e-02
    1.79621637e-01 5.43969154e-01 5.67018390e-02 7.76877284e-01
    3.01749289e-01 6.86629117e-02 9.64059234e-01 1.80896074e-01
    4.61727291e-01 1.14165515e-01 2.13055104e-01 7.18499959e-01
    9.78288889e-01 8.32531691e-01 2.34643281e-01 9.08709526e-01
    2.94806033e-01 4.28795427e-01 3.03361297e-01 9.65837300e-01
    8.59639764e-01 9.55837369e-01 2.25367695e-01 9.33825314e-01
    8.48693967e-01 6.51281893e-01 1.25682354e-01 6.29767239e-01
    8.67836952e-01 5.62146068e-01 2.92921424e-01 6.19731128e-01
    9.84719038e-01 9.41887140e-01 2.41331041e-01 8.78015280e-01
    5.04078329e-01 8.32683921e-01 8.56384516e-01 3.34395468e-01
    9.93596256e-01 9.81369436e-01 7.06709146e-01 6.78375304e-01
    2.62682617e-01 2.79786170e-01 7.56325483e-01 7.03393221e-01
    7.60566413e-01 4.28176165e-01 3.83684546e-01 1.46429390e-01
    3.01198542e-01 3.44489187e-01 2.66292721e-01 8.60647559e-01
    7.75566578e-01 6.70766771e-01 8.89302611e-01 4.20045733e-01
    8.57589543e-01 3.41898441e-01 4.69853282e-02 5.26572704e-01
    5.58561444e-01 2.11973935e-01 3.28149587e-01 4.26347345e-01
    1.28483951e-01 4.06172186e-01 2.57446945e-01 7.27373362e-01
    9.77991760e-01 8.66829872e-01 7.35721052e-01 4.06176776e-01
    3.16730738e-02 7.98276544e-01 5.92123866e-01 7.78033137e-01
    8.54975343e-01 8.61034989e-01 9.31451917e-01 7.19570220e-01
    7.92837739e-01 6.45816088e-01 6.03936374e-01 6.55283630e-01
    2.58112133e-01 2.71313995e-01 3.68374407e-01 1.44411951e-01
    6.90575004e-01 7.59740591e-01 3.67754370e-01 9.07387137e-01
    5.15016556e-01 9.86333907e-01 1.97684914e-01 7.05253959e-01
    8.87439847e-01 5.17068982e-01 9.66780603e-01 3.90525192e-01
    8.51370811e-01 7.06081748e-01 5.02698481e-01 5.47753453e-01
    5.15590608e-02 2.05408573e-01 8.84278655e-01 1.48226768e-01
    7.68629849e-01 5.67886651e-01 9.47507620e-01 8.42261195e-01
    5.75483263e-01 6.66858673e-01 8.90949249e-01 3.84318590e-01
    2.19135165e-01 4.77481902e-01 4.52618241e-01 9.92454886e-01
    1.58749938e-01 7.33931065e-02 3.61160934e-01 6.99281573e-01
    8.48662496e-01 7.54994631e-01 5.86622238e-01 9.12137866e-01
    6.84736967e-01 3.75554442e-01 4.39893991e-01 5.31904697e-01
    5.68961501e-01 6.86789751e-01 9.20530796e-01 8.63373280e-04
    2.84701884e-01 4.34114009e-01 1.79549247e-01 2.16760963e-01
    9.77390170e-01 6.85093939e-01 5.27337611e-01 2.67918020e-01
    5.78762174e-01 1.95546746e-01 6.77584648e-01 2.25222230e-01
    3.22177708e-01 6.46690369e-01 9.25656736e-01 5.01872420e-01
    6.89313412e-01 4.16786581e-01 2.32433885e-01 5.59885025e-01
    7.30484962e-01 2.08638549e-01 7.09335268e-01 7.61237144e-01
    2.74373651e-01 6.71360791e-02 4.84405160e-02 5.29369354e-01
    7.61693656e-01 4.50402647e-01 5.42526960e-01 9.66025829e-01
    6.88026428e-01 9.16904569e-01 5.15962541e-01 6.77596331e-02
    3.58468980e-01 8.94077480e-01 4.44209635e-01 7.49833643e-01
    3.06401134e-01 5.55054843e-01 4.25921887e-01 9.44269419e-01
    2.19677061e-01 3.94906551e-01 1.88533008e-01 9.40052390e-01
    3.33800733e-01 4.09809053e-01 1.42136127e-01 5.26522875e-01
    5.93849182e-01 5.96343279e-01 8.38846803e-01 4.91301417e-01
    4.60021615e-01 6.16344929e-01 4.91976917e-01 1.82285607e-02
    8.24083686e-01 1.69198006e-01 5.51685393e-01 6.16695881e-02
    8.45559597e-01 8.56442630e-01 9.46759105e-01 8.83949757e-01
    4.24831599e-01 2.85810769e-01 5.00013351e-01 2.09383488e-01
    8.40730548e-01 9.09675956e-02 1.99355632e-01 2.05539048e-01
    8.82788718e-01 1.57351285e-01 8.20993781e-01 7.16567934e-02
    4.77990597e-01 7.66066909e-01 9.71645951e-01 7.00191259e-01
    4.15265381e-01 6.61063313e-01 9.19687152e-01 2.59436369e-01
    4.17165637e-01 9.74164546e-01 8.81421566e-01 8.29854131e-01
    6.53042853e-01 1.06938869e-01 8.15681458e-01 8.02195549e-01
    2.30840713e-01 6.69531584e-01 8.49014640e-01 5.39324641e-01
    4.66921121e-01 5.06211579e-01 1.85495079e-01 9.65321779e-01
    3.62072349e-01 9.91894364e-01 2.18102932e-02 8.09896886e-02
    7.80126691e-01 1.82931781e-01 8.89191628e-01 2.06025541e-01
    2.90820956e-01 9.16981876e-01 1.53963357e-01 5.94198406e-01
    4.41762090e-01 9.95744586e-01 3.90816808e-01 9.21357691e-01
    7.41555870e-01 2.78949618e-01 8.75020862e-01 2.76761830e-01
    2.09919304e-01 1.48411691e-02 5.19059181e-01 6.49091184e-01
    6.97832704e-01 4.64147955e-01 2.26534665e-01 4.32450175e-01
    5.67630768e-01 9.53545213e-01 5.32818675e-01 2.07006127e-01
    7.21168816e-01 5.60095906e-03 9.02865291e-01 4.38721508e-01
    1.04465455e-01 5.01639366e-01 7.25953937e-01 5.09495735e-02
    8.57692480e-01 2.94928193e-01 5.71152866e-01 5.60718656e-01
    1.22568876e-01 7.13506579e-01 9.06969309e-01 4.39642251e-01
    6.22098565e-01 7.48647809e-01 6.51314259e-01 6.92813396e-01
    8.14048052e-02 8.76264691e-01 7.06755519e-02 3.35500091e-01
    4.24958110e-01 8.71551275e-01 5.73527277e-01 4.69717622e-01
    9.98284698e-01 5.01242101e-01 4.57688123e-01 6.51300430e-01
    1.78292185e-01 4.08351183e-01 3.67227554e-01 1.98990226e-01
    1.96741611e-01 5.29258966e-01 3.70053589e-01 8.01856875e-01
    5.38553834e-01 3.32535625e-01 6.36012733e-01 2.79547751e-01
    8.21620107e-01 1.12649977e-01 4.56889272e-02 7.73785651e-01
    2.05175221e-01 8.93927217e-02 6.04671240e-02 8.81568313e-01
    2.71368384e-01 6.40604854e-01 1.48148715e-01 7.77488828e-01
    6.34347320e-01 8.05961728e-01 7.64141023e-01 5.59558630e-01
    2.69111753e-01 8.21295261e-01 4.78050709e-02 5.75096786e-01
    6.07557058e-01 1.70014411e-01 8.45499516e-01 8.30610275e-01
    1.63443238e-01 4.23001587e-01 7.08296955e-01 7.80110836e-01
    7.39278555e-01 2.03201443e-01 4.06832218e-01 9.08945918e-01
    7.08010077e-01 1.94858700e-01 4.53192651e-01 8.26215744e-01
    6.05665743e-01 5.98446190e-01 4.50370640e-01 7.22516298e-01
    7.28605926e-01 3.18294317e-01 8.10677707e-01 9.98875082e-01
    1.76034391e-01 3.50822151e-01 2.61418670e-01 5.27124047e-01
    2.62516469e-01 8.73038590e-01 1.73267126e-01 9.45577383e-01
    7.52497315e-01 5.82285106e-01 8.71116340e-01 5.28024912e-01
    7.62868762e-01 4.92475182e-01 4.99222338e-01 7.49114990e-01
    9.85335231e-01 5.31608760e-01 2.86322027e-01 8.60449076e-01
    8.15542340e-01 7.68967688e-01 5.48426032e-01 7.08878934e-02
    5.10513186e-02 1.87636703e-01 3.36161852e-02 4.77968633e-01
    4.86080468e-01 7.10171938e-01 5.28601706e-02 2.88870335e-02
    4.17802781e-01 3.72468710e-01 4.29014832e-01 3.57642889e-01
    7.81718194e-02 3.03126216e-01 9.79660988e-01 5.67934990e-01
    4.46303785e-01 4.23055351e-01 5.95484138e-01 4.25369024e-01
    3.54561388e-01 5.46423495e-02 6.47906721e-01 6.91513777e-01
    5.24810851e-02 3.12295258e-02 5.07924080e-01 9.44210410e-01
    7.78606653e-01 5.37599146e-01 9.67004597e-01 9.10564303e-01
    2.16585338e-01 1.80804253e-01 8.76143813e-01 7.24704742e-01
    5.35194755e-01 3.56717050e-01 9.53503609e-01 9.23316956e-01
    3.40328515e-01 8.69481206e-01 1.42290592e-02 4.99243170e-01
    9.13467765e-01 6.70138240e-01 7.23160267e-01 7.00375795e-01
    9.70591545e-01 6.57387555e-01 5.74427426e-01 4.11877245e-01
    4.41484690e-01 4.95047063e-01 1.55489117e-01 4.69148874e-01
    3.40662926e-01 9.99182463e-02 2.02393830e-01 5.29565930e-01
    5.99672496e-01 6.61714792e-01 3.87835979e-01 3.58277887e-01
    5.35021305e-01 4.99882251e-01 4.50915694e-01 9.41398621e-01
    3.27114224e-01 6.56040728e-01 3.90059948e-02 1.90633446e-01
    8.58155072e-01 9.45279300e-02 7.33467937e-01 3.41203213e-02
    3.70537728e-01 7.03026175e-01 6.61355615e-01 9.08397555e-01
    7.39750266e-02 4.83671069e-01 7.87015259e-02 3.77200365e-01
    6.43326640e-02 4.49592292e-01 4.30499673e-01 3.85574698e-02
    2.60695189e-01 5.81921101e-01 7.55871534e-01 4.83893514e-01
    8.33300471e-01 2.47616798e-01 8.47316980e-01 7.55359769e-01
    1.63246989e-02 8.10451865e-01 2.57620156e-01 2.07871407e-01
    3.29274178e-01 2.90764868e-01 9.50712323e-01 3.03477883e-01
    2.69784093e-01 2.23209083e-01 5.23904026e-01 6.21450186e-01
    2.92687595e-01 2.63059378e-01 7.15277016e-01 4.51881289e-02
    8.91057134e-01 6.79928005e-01 3.40056419e-02 8.96381438e-01
    5.35123110e-01 3.84546787e-01 7.09901929e-01 4.84933436e-01
    8.50104988e-02 6.81175828e-01 2.25060642e-01 7.67104566e-01
    6.11670792e-01 2.14637637e-01 9.33765531e-01 5.20790577e-01
    4.20147836e-01 1.61015898e-01 5.32047749e-01 1.83714777e-01
    5.83140433e-01 7.53650546e-01 1.97208285e-01 4.76889998e-01
    9.22013938e-01 1.05778307e-01 5.66534877e-01 7.51238048e-01
    1.58788413e-01 6.98769510e-01 6.28232419e-01 1.70395911e-01
    9.95581031e-01 3.64526987e-01 9.80470061e-01 3.77028227e-01
    4.00073290e-01 5.43634534e-01 1.24681324e-01 9.73029375e-01
    1.42910689e-01 7.28837609e-01 4.98904318e-01 3.05981815e-01
    5.61533570e-01 1.15850598e-01 4.68965054e-01 8.09640288e-01
    3.96846771e-01 5.20269096e-01 6.25561774e-02 5.67583740e-02
    4.28899229e-02 3.45128655e-01 2.92936265e-01 8.80557656e-01
    4.40770000e-01 2.54835069e-01 5.92846274e-01 7.73003519e-01
    4.52753246e-01 4.09107029e-01 2.47570872e-02 1.28982395e-01
    4.92809385e-01 3.88609558e-01 4.63663489e-01 2.73047388e-01
    5.02168477e-01 7.31308341e-01 8.42888832e-01 7.36305416e-01
    5.69606066e-01 7.89268315e-01 1.34575605e-01 4.76847798e-01
    7.68273652e-01 6.82467341e-01 7.51780629e-01 6.44511878e-01
    6.86236084e-01 1.11725897e-01 3.52508545e-01 5.04000723e-01
    8.47905397e-01 5.43905854e-01 2.63749331e-01 7.75059223e-01
    3.90295267e-01 1.35622084e-01 4.74175215e-02 4.07992542e-01
    5.20362437e-01 7.27886081e-01 3.43511760e-01 1.17373943e-01
    2.91276574e-02 6.97549939e-01 5.62784672e-01 9.09504414e-01
    9.17104959e-01 1.82636797e-01 6.85609818e-01 5.02417326e-01
    2.74451613e-01 5.03088772e-01 2.03582555e-01 2.13202387e-01
    3.32249165e-01 9.97267962e-01 5.07105052e-01 5.39150953e-01
    7.69247293e-01 6.09597147e-01 8.89864326e-01 3.04069251e-01
    9.45917368e-01 6.99918747e-01 7.35422611e-01 8.82602155e-01
    9.29391384e-02 5.13023019e-01 1.04347110e-01 2.89144695e-01
    3.93636346e-01 9.11860049e-01 6.50438964e-01 6.20073199e-01
    9.41298842e-01 2.99256772e-01 6.76488876e-03 2.43336558e-02
    8.14378142e-01 1.18539035e-02 5.78285694e-01 4.41723496e-01
    1.69569999e-01 6.63859129e-01 8.07020903e-01 6.71106577e-01
    3.91914010e-01 2.76505411e-01 4.52693760e-01 9.68634129e-01
    3.44665885e-01 6.63890064e-01 4.88466591e-01 9.85524952e-01
    4.20673490e-02 5.05876958e-01 2.92596579e-01 6.02625132e-01
    9.17999208e-01 3.05342555e-01 3.99457812e-02 6.57027960e-01
    3.88014317e-01 1.89127445e-01 2.44835019e-02 1.36324614e-01
    8.75302017e-01 9.06713247e-01 3.41180980e-01 1.60171896e-01
    7.31209219e-01 4.71644998e-01 1.89902157e-01 8.05371165e-01
    3.37698758e-01 5.86029589e-02 2.48953700e-03 6.99746549e-01
    7.04468012e-01 4.59220827e-01 5.52496016e-01 6.78265452e-01
    2.64382839e-01 2.10003823e-01 4.47778106e-02 7.37084031e-01
    7.45197415e-01 6.46795213e-01 1.74493998e-01 9.99510586e-01
    6.45732164e-01 3.56251538e-01 5.25926948e-02 2.25287974e-01
    6.72308147e-01 5.39240658e-01 1.16672754e-01 6.05419099e-01
    1.68958336e-01 6.59508049e-01 7.14480817e-01 5.30820370e-01
    2.54942477e-01 8.64986539e-01 8.44310820e-01 7.22819567e-03
    6.41193628e-01 4.61318046e-01 6.56240284e-01 9.68875706e-01
    6.60349369e-01 4.32268381e-01 4.59382981e-01 2.00009853e-01
    1.54443055e-01 4.83329594e-02 8.40485930e-01 6.27532601e-03
    6.63418710e-01 7.96755314e-01 5.25292814e-01 8.55860651e-01
    2.19691098e-02 2.68548697e-01 5.41934907e-01 2.67220438e-02
    2.91634083e-01 8.43937397e-01 7.19597280e-01 8.76362145e-01
    7.37644494e-01 7.79092431e-01 5.55350304e-01 3.53632212e-01
    1.16791606e-01 1.20118976e-01 6.73938513e-01 3.00366223e-01
    1.19915277e-01 6.31031513e-01 4.49123919e-01 5.42475581e-01
    5.58252096e-01 6.11194909e-01 1.42644346e-02 2.93842167e-01
    7.83123314e-01 9.67935562e-01 6.13754451e-01 4.91296828e-01
    9.03618217e-01 6.50299072e-01 8.19675207e-01 5.17139971e-01
    4.08450961e-02 9.06502187e-01 9.45173144e-01 3.55390072e-01
    3.43660623e-01 6.95987105e-01 5.40441811e-01 2.08023489e-01
    5.49299061e-01 7.90780187e-02 7.22127855e-02 8.72576237e-01
    6.18496120e-01 4.12180245e-01 7.28486776e-01 9.06286061e-01
    8.36339593e-03 3.38540494e-01 8.61976147e-02 3.25582534e-01
    3.02950978e-01 8.06736946e-01 3.40063959e-01 3.05543840e-01
    4.20844555e-03 1.02017581e-01 8.93776059e-01 9.32072282e-01
    2.79385179e-01 4.93623793e-01 9.87073004e-01 9.03815150e-01
    7.64963746e-01 7.52550662e-02 5.95803559e-02 7.91863918e-01
    7.63017058e-01 4.85316664e-01 4.15475011e-01 4.00492907e-01
    2.66304761e-01 8.10027242e-01 8.98701072e-01 8.75203133e-01
    7.73365200e-02 4.75341141e-01 9.15509164e-02 9.39516366e-01
    1.62897795e-01 8.17363381e-01 4.65224594e-01 7.99998820e-01
    8.89818549e-01 5.11791229e-01 2.06642598e-01 6.79888487e-01
    3.62309754e-01 1.71286523e-01 4.82066303e-01 3.88419032e-01
    1.35863721e-02 5.05414248e-01 3.51891577e-01 3.52724910e-01
    8.14130187e-01 2.17639804e-02 7.01914549e-01 7.97359705e-01
    9.12250578e-01 7.71295726e-02 8.28159869e-01 8.56029153e-01
    5.05547762e-01 2.59524614e-01 4.72920924e-01 2.40959287e-01
    5.05111217e-02 9.13737535e-01 8.99078846e-01 7.22010851e-01
    4.40658838e-01 9.52430665e-01 5.00988185e-01 5.56169033e-01
    6.09724045e-01 7.76985228e-01 7.93704987e-01 8.73900175e-01
    5.48949718e-01 8.11572254e-01 4.87853825e-01 8.97089720e-01
    1.44577056e-01 4.33096975e-01 7.36838877e-01 7.53481984e-01
    8.91252160e-02 7.05398321e-02 2.90496945e-01 2.30297744e-01
    1.91930264e-01 7.27989614e-01 4.17011768e-01 5.39804280e-01
    4.36318368e-01 2.69615024e-01 9.90257502e-01 2.02568591e-01
    8.55896473e-01 5.20938218e-01 1.50001884e-01 1.90379202e-01
    3.49893332e-01 4.53465044e-01 5.00968099e-01 9.32935655e-01
    4.25456822e-01 6.46171451e-01 9.49006796e-01 9.54168558e-01
    7.73998260e-01 7.47299731e-01 3.51697266e-01 3.31858814e-01
    2.34870315e-01 3.39202821e-01 6.31663680e-01 2.14951694e-01
    3.71072352e-01 9.54825640e-01 2.93700993e-02 8.25873613e-01
    4.24693167e-01 6.50148451e-01 8.96427035e-01 9.78372574e-01
    9.46606755e-01 6.98598981e-01 9.97056484e-01 4.56131846e-01
    8.31987321e-01 9.88749146e-01 8.27689767e-01 8.21779907e-01
    8.07553411e-01 8.07217240e-01 2.74468780e-01 3.51818919e-01
    4.79348272e-01 8.63200903e-01 2.52446890e-01 7.89010763e-01
    3.53260338e-01 5.35992265e-01 4.06545877e-01 2.23261863e-01
    6.38176680e-01 5.92343032e-01 9.16163802e-01 6.11280680e-01
    9.99330282e-01 4.85556871e-01 9.48223233e-01 9.03995991e-01
    5.07183731e-01 6.83606505e-01 3.32369953e-01 9.22062933e-01
    9.81441617e-01 2.11739630e-01 1.29220963e-01 5.61592698e-01
    4.50109124e-01 8.04514527e-01 3.90636921e-02 5.92927039e-01
    2.15902448e-01 2.13434726e-01 8.73751044e-01 4.78626281e-01
    4.93765891e-01 8.03630590e-01 4.03913796e-01 8.59155893e-01
    5.89399219e-01 2.93247521e-01 7.47838616e-01 7.26937771e-01
    5.31813383e-01 6.38971448e-01 8.50513697e-01 1.44660741e-01
    1.16152316e-01 5.01620650e-01 2.62540460e-01 2.66376197e-01
    5.82886159e-01 3.69994164e-01 5.96696854e-01 4.45380688e-01
    2.46409297e-01 8.19511473e-01 1.96233571e-01 2.13814616e-01
    4.48786527e-01 9.64326262e-01 6.38060153e-01 8.79863620e-01
    8.45581174e-01 1.63729489e-01 5.62372565e-01 9.36973810e-01
    3.85009557e-01 2.00377196e-01 9.18978691e-01 4.15344119e-01
    4.43910271e-01 6.59372330e-01 9.71283317e-01 7.72433698e-01
    8.67667556e-01 2.21829206e-01 8.64347160e-01 9.33421493e-01
    3.11410189e-01 8.97328377e-01 2.63965636e-01 5.86020827e-01
    2.23001182e-01 9.42847729e-01 5.44260383e-01 2.33957797e-01
    3.21467519e-01 8.98234963e-01 6.77028835e-01 7.17108607e-01
    2.85998195e-01 5.30672967e-01 7.82895863e-01 9.72982287e-01
    2.30495811e-01 6.45718396e-01 8.36400926e-01 5.54587305e-01
    1.18190050e-01 2.27024913e-01 1.02057427e-01 2.99318492e-01
    1.32302970e-01 7.10590124e-01 2.87054777e-02 9.12789106e-01
    4.74240124e-01 9.61739779e-01 8.95021260e-02 2.13138431e-01
    2.99232364e-01 7.54339814e-01 7.68813252e-01 7.32630014e-01
    1.29249394e-01 2.95409083e-01 5.84470332e-02 2.87454605e-01
    3.29281747e-01 3.29911947e-01 8.44644606e-02 4.34401155e-01
    7.01836765e-01 4.65360820e-01 2.27730811e-01 3.76444161e-02
    7.62663364e-01 5.91873765e-01 3.99384052e-01 6.33848906e-01
    4.20154035e-01 1.72980994e-01 1.82263136e-01 6.07355893e-01
    5.78561425e-01 9.84187961e-01 9.20073211e-01 9.75027561e-01
    7.11946428e-01 7.65807807e-01 8.57057691e-01 1.50001973e-01
    5.83563924e-01 4.09152985e-01 1.15600914e-01 6.50421679e-01
    9.49634969e-01 8.30421925e-01 5.62190473e-01 7.84240544e-01
    4.87057298e-01 6.21859729e-02 5.44451594e-01 4.51094866e-01
    5.59695184e-01 7.84446895e-02 3.38090718e-01 6.63177252e-01
    7.97591448e-01 3.56157869e-01 3.01296353e-01 8.96563113e-01
    3.42842400e-01 1.91312611e-01 8.19352508e-01 2.19551027e-02
    7.43151128e-01 4.86458957e-01 3.79990250e-01 9.19021726e-01
    5.54721653e-02 5.62924266e-01 8.14975619e-01 8.91712308e-01
    4.33302939e-01 7.58817136e-01 4.24767375e-01 1.27854139e-01
    6.31855369e-01 5.79451740e-01 9.36899185e-01 5.77175796e-01
    9.59893823e-01 9.24751937e-01 5.55881143e-01 5.09288490e-01
    2.24837124e-01 9.90950942e-01 4.96502072e-01 3.43784690e-02
    4.86905694e-01 8.25013340e-01 4.29494649e-01 5.62218904e-01
    5.32638252e-01 4.76708144e-01 6.82735384e-01 3.94257605e-02
    7.33567238e-01 6.70358539e-03 8.14067125e-01 9.30143058e-01
    2.42024064e-01 6.17486596e-01 3.29394102e-01 4.43872958e-01
    3.02771151e-01 6.52996480e-01 9.61157262e-01 4.49125886e-01
    7.31407940e-01 1.14056230e-01 6.42331839e-02 2.44556248e-01
    9.93559480e-01 1.21986687e-01 3.47569168e-01 7.08394766e-01
    1.50514632e-01 8.48122358e-01 3.93688440e-01 3.76126051e-01
    6.27383471e-01 7.67083704e-01 2.49223590e-01 8.96808624e-01
    6.34783208e-01 2.30823159e-01 3.47267509e-01 9.89365220e-01
    2.78737247e-02 7.35355973e-01 9.85265136e-01 9.98376369e-01
    6.66201353e-01 8.91826689e-01 7.62313902e-02 6.18836522e-01
    7.44199038e-01 6.01183772e-01 2.57158756e-01 3.25180233e-01
    7.13257730e-01 5.96309245e-01 2.91168988e-02 2.29026496e-01
    1.42214000e-01 1.20984018e-01 4.62677985e-01 5.11144996e-02
    9.96540129e-01 7.94146776e-01 2.15687901e-01 1.73571706e-03
    2.10370690e-01 7.18640983e-02 6.01689279e-01 4.85007793e-01
    7.46138990e-01 7.27822483e-01 1.85587704e-01 4.13916647e-01
    9.90804255e-01 8.65785122e-01 3.93184394e-01 7.63452113e-01
    6.72016442e-02 7.95319200e-01 6.33689761e-03 7.89893985e-01
    6.05509579e-01 5.06437898e-01 8.99902344e-01 6.27595067e-01
    8.78284335e-01 8.99237514e-01 9.95751381e-01 2.73384303e-01
    4.24853444e-01 1.66406423e-01 1.01430029e-01 7.37346649e-01
    2.63758093e-01 6.93682909e-01 2.78967500e-01 2.29215205e-01
    4.82182384e-01 4.42617685e-01 6.15796566e-01 8.69465709e-01
    6.92084372e-01 1.38101101e-01 2.35285163e-01 4.80541497e-01
    2.49182343e-01 4.86951053e-01 3.69843215e-01 5.03987849e-01
    1.13504261e-01 7.76779711e-01 9.34650123e-01 8.60724926e-01
    2.13281423e-01 2.35114455e-01 1.41612589e-01 8.51341128e-01
    6.99852705e-01 2.55306065e-02 1.59949452e-01 2.11302072e-01
    8.77864480e-01 4.00459170e-01 1.16706848e-01 1.93064988e-01
    6.71930552e-01 6.27037048e-01 6.11141384e-01 6.70473397e-01
    4.40836638e-01 4.17887390e-01 2.18913496e-01 6.37550056e-01
    9.41076159e-01 8.50253403e-02 2.60998726e-01 6.45452499e-01
    6.66958690e-01 8.94842505e-01 9.96028304e-01 3.10687929e-01
    2.88209319e-02 8.61267924e-01 3.79518539e-01 7.12246001e-02
    1.52135164e-01 5.07743835e-01 8.18176687e-01 5.25479794e-01
    4.03436154e-01 3.76749098e-01 2.44555801e-01 8.31914961e-01
    2.21434087e-01 8.50032806e-01 8.21306050e-01 7.93030143e-01
    7.65387416e-02 4.18503195e-01 5.40110111e-01 2.62239546e-01
    2.70696282e-01 7.47120082e-02 9.52926219e-01 1.89389467e-01
    4.68346447e-01 2.04994917e-01 9.03405249e-02 5.64644754e-01
    9.94415700e-01 4.89032686e-01 7.20224440e-01 4.38650429e-01
    4.46453750e-01 8.14867556e-01 3.56157720e-01 1.81558043e-01
    1.39155984e-02 8.59331965e-01 1.56431437e-01 7.86020994e-01
    2.74586380e-01 6.60893321e-03 5.06077707e-01 3.76773894e-01
    7.73717642e-01 2.78841466e-01 7.48128772e-01 8.07006121e-01
    9.51780736e-01 1.23772174e-01 1.94689333e-01 2.57237971e-01
    8.88440013e-02 6.00404859e-01 7.68537998e-01 9.26968575e-01
    2.46575296e-01 1.68506384e-01 8.71340036e-02 3.07261050e-01
    1.69836015e-01 8.67645502e-01 9.65748072e-01 9.27237511e-01
    2.35740900e-01 5.84765851e-01 5.68904996e-01 9.47976589e-01
    3.97473603e-01 3.20165575e-01 6.82756543e-01 3.33144844e-01
    6.99625254e-01 9.03402567e-01 1.72304273e-01 8.91853333e-01
    5.51259398e-01 4.02350128e-02 3.36694837e-01 9.68761206e-01
    1.85865343e-01 5.97147346e-01 9.37707186e-01 3.42575550e-01
    8.26244056e-01 9.28392768e-01 9.12045240e-01 3.27553034e-01
    8.61401975e-01 7.73699820e-01 5.20264506e-02 9.28006470e-01
    7.95545280e-01 6.10363185e-01 9.54030037e-01 2.83545673e-01
    9.23606098e-01 9.43480790e-01 8.22011650e-01 5.77663600e-01
    3.37041229e-01 3.23709011e-01 6.41198158e-01 5.25626779e-01
    2.48954892e-01 5.48988938e-01 5.88536441e-01 8.46683383e-01
    6.27216458e-01 9.15461659e-01 5.86719275e-01 8.36187482e-01
    5.82396507e-01 9.10989881e-01 7.61934221e-02 2.15216041e-01
    8.39984894e-01 7.67137229e-01 7.75699317e-01 5.49100041e-02
    4.11584496e-01 2.49867499e-01 1.24360830e-01 1.64841413e-01
    7.50604212e-01 4.94451165e-01 2.66192913e-01 9.38646138e-01
    5.68149984e-02 8.45290005e-01 5.42800248e-01 7.53057301e-02
    2.77415216e-01 8.60421896e-01 4.51477021e-01 1.71354622e-01
    6.38236105e-01 2.81692117e-01 1.47234827e-01 2.56334245e-02
    3.48956704e-01 4.27266449e-01 2.17239201e-01 7.25973487e-01
    1.12057596e-01 3.73912692e-01 8.52033257e-01 9.63906884e-01
    2.72894204e-01 7.34684110e-01 9.16859150e-01 3.96405756e-02
    5.69825828e-01 5.78300953e-01 6.11932158e-01 5.99634886e-01
    5.64754307e-01 7.08681822e-01 1.29467785e-01 7.14873970e-02
    1.16095573e-01 6.82456076e-01 1.40984833e-01 2.51076818e-02
    7.00789392e-02 5.94737887e-01 6.11324310e-01 4.20333594e-01
    4.26496089e-01 3.58331800e-01 5.90432525e-01 6.16387010e-01
    7.55980611e-01 1.18928462e-01 7.86262274e-01 4.46263313e-01
    4.49097753e-01 1.51918471e-01 4.95675564e-01 4.72712368e-01
    7.36120939e-01 8.16710711e-01 6.86811686e-01 8.58117163e-01
    6.12393856e-01 6.07733667e-01 1.01291269e-01 4.38120097e-01
    2.65601814e-01 4.45469260e-01 9.27553892e-01 2.94930041e-01
    9.84213233e-01 6.27533197e-01 7.02489138e-01 5.69203436e-01
    3.21800411e-02 4.74545687e-01 9.37846065e-01 5.65881252e-01
    3.18042576e-01 7.41224408e-01 7.01454282e-01 9.64756012e-02
    8.10586333e-01 2.94873238e-01 9.03254986e-01 9.82458234e-01
    2.85242021e-01 3.96837652e-01 9.99119878e-02 5.61841726e-01
    8.55338573e-01 3.13791931e-01 8.08555126e-01 7.18427062e-01
    8.76268744e-03 5.59878647e-01 8.05872679e-01 2.87586808e-01
    9.37056780e-01 6.63526773e-01 2.97772288e-02 6.57035589e-01
    4.05367911e-01 3.48988116e-01 2.84654349e-01 7.62313604e-01
    9.43356395e-01 2.43810713e-01 6.80676758e-01 1.84005916e-01
    3.35422516e-01 9.74832952e-01 5.04810035e-01 2.20302910e-01
    2.59667635e-03 7.92260766e-02 8.67350638e-01 6.69947386e-01
    3.05586934e-01 4.10003662e-02 5.62881947e-01 5.11548817e-01
    1.48079455e-01 7.85291910e-01 1.61153078e-02 5.79272389e-01
    7.81654716e-01 7.81177282e-01 1.76459491e-01 9.36536551e-01
    6.70263946e-01 6.71191216e-01 9.19583797e-01 1.00603878e-01
    1.75688684e-01 9.14703965e-01 2.34480828e-01 1.92591548e-02
    3.33142996e-01 5.91110349e-01 8.10545921e-01 2.32140541e-01
    8.39739621e-01 9.22067523e-01 5.12085438e-01 3.54126751e-01
    1.80028200e-01 4.21145260e-02 2.49861717e-01 3.84336382e-01
    9.01888132e-01 3.54185969e-01 5.83843231e-01 9.80081856e-02
    5.68647683e-02 7.48637199e-01 5.77926338e-02 3.31264138e-01
    9.57844257e-01 1.13954604e-01 9.65931058e-01 4.04182106e-01
    8.52558970e-01 4.72713619e-01 5.84729195e-01 6.40107214e-01
    2.54716158e-01 9.95268464e-01 4.58089620e-01 2.69963503e-01
    9.07684922e-01 9.37787056e-01 5.86445630e-01 2.52847672e-01
    9.33239877e-01 2.31806993e-01 9.96598244e-01 3.53258848e-01
    3.03582847e-02 7.70450413e-01 8.74379277e-01 6.23035550e-01
    3.97153258e-01 7.98599958e-01 9.03321087e-01 9.12088513e-01
    1.84909374e-01 4.80019331e-01 4.22422975e-01 7.23187923e-01
    8.04443836e-01 9.21602964e-01 3.84285748e-02 2.31289417e-01
    4.76455420e-01 4.85557944e-01 6.86092377e-01 9.49725866e-01
    3.72910798e-02 6.92173421e-01 6.45955026e-01 8.22907090e-01
    9.06472623e-01 6.49226546e-01 9.31486011e-01 4.49715853e-01
    9.21217263e-01 8.94945085e-01 4.90529507e-01 2.71703780e-01
    5.04269660e-01 4.21403825e-01 3.14116657e-01 1.25633806e-01
    3.25739443e-01 2.22499788e-01 2.31149346e-01 9.04413104e-01
    7.34410524e-01 2.60714591e-01 8.54121685e-01 6.19305789e-01
    6.18550420e-01 8.88121188e-01 4.56182063e-02 4.71271574e-01
    7.96102881e-01 2.73932815e-02 9.41431642e-01 6.60934567e-01
    9.39642549e-01 3.80612671e-01 5.48713923e-01 4.14300382e-01
    9.38513637e-01 2.55783081e-01 5.96565008e-01 7.23959327e-01
    2.91080773e-01 4.88132238e-04 4.83572572e-01 8.10618520e-01
    6.79089665e-01 7.26600170e-01 5.17146170e-01 9.10145521e-01
    4.12689030e-01 5.37680447e-01 9.83283937e-01 6.67220175e-01
    5.52271426e-01 1.17768735e-01 7.26247907e-01 9.90867078e-01
    9.92878556e-01 7.17364192e-01 5.61301172e-01 7.74576128e-01
    6.55549765e-01 4.07724440e-01 4.74457145e-01 6.02137446e-02
    8.12726617e-02 9.59886193e-01 9.34798539e-01 8.18250179e-01
    3.30045044e-01 7.95629263e-01 2.39017785e-01 3.07913035e-01
    2.26563931e-01 8.24034214e-01 4.68097031e-02 7.57850349e-01
    9.59996104e-01 3.53470623e-01 2.81735301e-01 7.44079828e-01
    7.35922575e-01 8.07602882e-01 8.08115840e-01 2.83442974e-01
    3.42454195e-01 5.51270723e-01 3.42701077e-02 6.37785316e-01
    4.50498581e-01 1.53875619e-01 3.96121860e-01 3.93636674e-01
    3.17527235e-01 7.20425010e-01 8.59397411e-01 8.61209154e-01
    2.24803835e-01 1.96254849e-01 9.10958171e-01 9.77021754e-02
    3.22259218e-01 4.27654654e-01 9.03060436e-01 2.90666938e-01
    9.64708447e-01 6.08957469e-01 6.33499026e-01 3.94209146e-01
    8.81592989e-01 4.41913128e-01 8.85781407e-01 8.41894388e-01
    7.85615206e-01 3.03911924e-01 1.40103072e-01 3.51234257e-01
    5.00422239e-01 2.67520607e-01 6.76832795e-01 5.79342902e-01
    4.93124098e-01 8.67013633e-02 6.26335204e-01 1.00146025e-01
    6.12948418e-01 1.52837932e-02 8.06059003e-01 5.55285871e-01
    5.63392818e-01 5.13963103e-02 3.48529428e-01 1.21923685e-02
    8.78799438e-01 3.49522203e-01 3.77097726e-01 7.36549497e-01
    1.24161571e-01 2.56109148e-01 7.83415318e-01 1.88333333e-01
    2.63450652e-01 9.85264778e-01 1.49987191e-01 3.33475351e-01
    4.54019278e-01 2.95402706e-01 9.70498979e-01 9.75592732e-02
    1.40766919e-01 3.05683076e-01 1.57585531e-01 2.29086041e-01
    7.13666201e-01 7.59910345e-01 4.71563220e-01 9.30350900e-01
    3.43366802e-01 1.37094259e-01 4.13269192e-01 1.54473245e-01
    3.93836588e-01 5.79867840e-01 1.18564993e-01 4.18238878e-01
    9.34522152e-02 4.13984448e-01 8.25988650e-01 8.29330266e-01
    1.60985619e-01 2.04078287e-01 6.05638981e-01 5.17691016e-01
    7.58838058e-01 2.04631358e-01 9.23847377e-01 4.12118137e-01
    5.35023868e-01 4.44039255e-01 6.22189581e-01 8.79573524e-02
    5.55216551e-01 1.79013759e-01 5.17401636e-01 1.91403061e-01
    2.76255518e-01 8.41323495e-01 6.92743659e-01 6.24408245e-01
    1.76306665e-02 7.63428807e-02 3.99391890e-01 4.50384825e-01
    2.77107298e-01 3.70768189e-01 3.32203597e-01 8.57401252e-01
    1.00239784e-01 2.57727653e-01 8.31125021e-01 4.51709688e-01
    3.06872427e-01 8.03877771e-01 9.78573442e-01 1.95415497e-01
    3.25013340e-01 1.18552297e-01 4.00293708e-01 4.20675516e-01
    3.95764887e-01 1.09608293e-01 1.03033692e-01 3.12186390e-01
    8.60869586e-01 3.94838750e-01 9.76626992e-01 7.42251873e-02
    7.18930244e-01 4.18066978e-04 5.35332084e-01 9.83456254e-01
    1.58457190e-01 2.85986423e-01 8.75646472e-01 5.08036077e-01
    6.19779050e-01 8.72700334e-01 8.74331832e-01 5.66734731e-01
    1.67539775e-01 5.34955561e-01 2.99494416e-01 4.19382811e-01
    2.11229146e-01 4.56642687e-01 4.42868114e-01 6.62368953e-01
    3.38225871e-01 6.75015092e-01 3.85366619e-01 7.69659162e-01
    7.48571515e-01 8.27095509e-01 9.35076594e-01 9.18061912e-01
    7.13138938e-01 8.11663449e-01 5.44570386e-01 4.43929762e-01
    8.41689765e-01 2.24603117e-02 4.03271735e-01 3.24905187e-01
    7.96637118e-01 8.34992409e-01 3.68287116e-01 1.23142898e-02
    6.97534978e-02 5.97315371e-01 4.62788939e-01 5.52800357e-01
    1.68001473e-01 2.27248788e-01 6.08855247e-01 1.53387904e-01
    4.00916249e-01 8.08791161e-01 8.58994484e-01 4.41491574e-01
    1.03038847e-01 5.06758630e-01 4.41192150e-01 5.24245799e-01
    7.84076214e-01 1.35812908e-01 2.86651134e-01 2.05504000e-01
    4.26098704e-02 5.10444820e-01 2.63452709e-01 3.26521337e-01
    4.30793464e-02 8.58698428e-01 3.28289747e-01 7.23195553e-01
    6.76470757e-01 2.85308599e-01 1.58720404e-01 4.87420946e-01
    6.39932811e-01 8.53259623e-01 2.97702402e-01 7.88235784e-01
    7.29872584e-01 4.50478196e-01 9.27672863e-01 3.67217988e-01
    1.75971329e-01 8.93370390e-01 7.96032548e-02 2.71211505e-01
    7.11744905e-01 9.92815971e-01 2.19217837e-01 7.37902701e-01
    5.24299324e-01 9.35200810e-01 5.08714437e-01 5.74794412e-01
    8.02433610e-01 5.97036839e-01 7.21598268e-01 2.59809673e-01
    6.08913660e-01 9.31349277e-01 4.02160078e-01 7.65992165e-01
    1.86165512e-01 7.63755202e-01 4.85466421e-01 1.59607023e-01
    4.70274895e-01 2.47087359e-01 2.04070568e-01 6.55240834e-01
    3.63202631e-01 7.24020302e-01 8.80140960e-01 8.24869633e-01
    5.65374434e-01 5.20632207e-01 7.52558410e-01 7.85605431e-01
    8.50993514e-01 7.75370002e-01 4.55238670e-01 4.46165800e-02
    3.56208622e-01 8.62329841e-01 3.32568467e-01 6.83816075e-01
    1.39808357e-02 4.42867577e-01 7.01839507e-01 9.23297048e-01
    3.98230255e-01 4.58246469e-01 2.31855333e-01 6.47112250e-01
    3.86687934e-01 7.39671826e-01 1.78045034e-03 3.05087328e-01
    9.07007575e-01 6.76207781e-01 1.18620664e-01 4.71204013e-01
    9.33452487e-01 2.89075136e-01 4.24335361e-01 9.69641209e-01
    4.88616675e-01 3.55642140e-01 9.31483507e-01 7.00373054e-01
    6.01748765e-01 2.18753517e-02 9.03581619e-01 1.05746061e-01
    3.83062303e-01 4.17296678e-01 7.26777852e-01 4.62530017e-01
    7.47922957e-01 6.72740996e-01 7.89251685e-01 7.61796713e-01
    8.13405037e-01 7.23318934e-01 7.81359375e-01 7.63037920e-01
    2.04112202e-01 2.59717643e-01 8.98550451e-01 4.33164984e-01
    7.12701142e-01 4.71662372e-01 5.31834602e-01 7.78385520e-01
    6.43700063e-02 2.30374634e-02 2.08378762e-01 3.21590960e-01
    6.32364810e-01 9.87069726e-01 5.37873626e-01 8.14650893e-01
    8.52995515e-01 8.77285957e-01 3.47630978e-01 2.97351986e-01
    8.70585203e-01 4.52194065e-01 3.54145616e-01 4.28356707e-01
    6.51903093e-01 7.74510264e-01 1.99818164e-01 7.97727048e-01
    6.90649807e-01 1.57050490e-02 6.18193984e-01 5.00631213e-01
    1.73829854e-01 1.30749077e-01 2.53552943e-01 3.66617918e-01
    9.42301214e-01 5.73954403e-01 4.81168419e-01 7.66834319e-01
    8.85327756e-01 6.31571651e-01 5.31315565e-01 2.44316667e-01
    7.42090464e-01 8.51857364e-02 4.02617723e-01 2.67694712e-01
    5.03653288e-01 1.77491218e-01 2.83418477e-01 2.07547903e-01
    8.42398763e-01 9.61457372e-01 8.55417550e-02 6.51320755e-01
    2.50708908e-01 8.84321630e-01 5.28964341e-01 2.45927364e-01
    9.81458426e-01 2.90499240e-01 6.76037312e-01 7.67594099e-01
    5.71351290e-01 3.26286137e-01 1.71994030e-01 9.27871764e-02
    7.05819011e-01 2.03264803e-01 7.00263917e-01 8.06105971e-01
    3.96808743e-01 7.89139271e-01 5.99431396e-01 4.73806202e-01
    1.24000520e-01 1.54400617e-01 6.20659530e-01 8.91006589e-02
    6.53944910e-01 4.32867169e-01 5.60219646e-01 3.12239319e-01
    3.88732404e-01 4.79930013e-01 6.13646865e-01 6.94090068e-01
    6.74005985e-01 3.22131693e-01 9.03238297e-01 3.78676265e-01
    5.33975363e-02 1.10465765e-01 2.93926001e-02 7.19552517e-01
    4.07699585e-01 4.68951017e-01 8.11964512e-01 1.75779969e-01
    7.82581210e-01 3.41858923e-01 5.40946424e-01 3.33864361e-01
    4.32606697e-01 3.97826642e-01 5.37366748e-01 7.31750667e-01
    1.71778321e-01 7.67661929e-01 5.78926384e-01 3.45310599e-01
    8.24767947e-02 6.54036045e-01 9.85490084e-01 4.10276324e-01
    9.33120489e-01 4.90950942e-01 4.53878284e-01 8.89308214e-01
    6.33334696e-01 9.26326513e-01 6.09939396e-01 4.89745826e-01
    1.20504588e-01 7.65848935e-01 3.73883188e-01 4.38378692e-01
    2.18326539e-01 3.24023068e-02 2.10950792e-01 9.46550131e-01
    1.27382308e-01 5.82785308e-01 8.34700406e-01 6.56986117e-01
    7.61970937e-01 3.40941191e-01 2.48294473e-02 6.55977607e-01
    1.35868460e-01 5.97817302e-01 5.98924160e-02 3.31573933e-01
    8.86692047e-01 3.08455467e-01 7.28041828e-01 8.58589053e-01
    1.81819230e-01 5.18517196e-02 5.31041980e-01 7.21783519e-01
    8.09274554e-01 2.49091893e-01 3.08791041e-01 4.89103019e-01
    9.26394522e-01 8.40602696e-01 8.54642034e-01 4.69492108e-01
    4.28549945e-01 3.16024482e-01 3.20238680e-01 9.87769127e-01
    3.05440038e-01 3.45744491e-02 3.46699357e-03 5.76248407e-01
    5.38109422e-01 2.17400819e-01 8.49596381e-01 1.85607731e-01
    3.32259595e-01 5.73255301e-01 2.78714001e-01 5.95607162e-01
    4.61844414e-01 1.79872006e-01 2.06907958e-01 1.19957000e-01
    4.10305679e-01 8.87830019e-01 9.33365583e-01 4.72396553e-01
    7.39782989e-01 1.89016163e-02 8.07016015e-01 3.78011644e-01
    5.85336328e-01 8.05875838e-01 6.45312786e-01 3.25437903e-01
    2.43663788e-01 3.40884864e-01 2.93262720e-01 9.76869464e-02
    1.55369043e-01 6.47011101e-01 7.30542660e-01 5.83060622e-01
    1.64160520e-01 8.02549124e-01 8.71558785e-01 1.99142903e-01
    5.01962066e-01 3.22771758e-01 2.17038810e-01 5.99370360e-01
    5.84860384e-01 2.29990631e-01 9.35053706e-01 2.30452687e-01
    1.94868118e-01 9.29317117e-01 9.13338542e-01 4.07431126e-01
    9.58240747e-01 9.26278353e-01 1.69503391e-02 3.57401699e-01
    4.43597943e-01 8.18715453e-01 5.96851826e-01 4.43449438e-01
    7.48797059e-01 4.49291915e-01 5.02992630e-01 3.23435485e-01
    5.13319433e-01 1.50549144e-01 7.49016881e-01 1.19729310e-01
    2.97006845e-01 3.16319764e-01 7.08553791e-01 1.50881231e-01
    5.61591983e-01 8.63915205e-01 2.03484118e-01 6.73783183e-01
    7.55932391e-01 1.33378386e-01 7.16724634e-01 5.32198071e-01
    9.71675873e-01 8.90893102e-01 4.98595953e-01 9.92977023e-01
    5.61292291e-01 3.26392502e-01 4.29167151e-02 2.69758970e-01
    6.05045199e-01 2.45541215e-01 2.49289989e-01 6.47619128e-01
    2.79824883e-01 9.50366259e-01 2.95428634e-02 4.43310201e-01
    8.53364587e-01 8.37219357e-01 1.63490415e-01 7.73470402e-01
    6.16947830e-01 9.82380807e-01 9.74409819e-01 2.95676887e-01
    7.62138605e-01 7.15322793e-01 6.93107009e-01 6.59166753e-01
    4.66335475e-01 3.24919820e-01 8.25839281e-01 9.07799840e-01
    7.11129308e-01 9.16734338e-01 2.59454727e-01 3.44188899e-01
    6.10296726e-01 5.89554310e-01 3.76605153e-01 3.38581145e-01
    3.06535780e-01 7.35465765e-01 6.17716968e-01 3.44174027e-01
    9.07579958e-02 2.88185686e-01 6.61486864e-01 9.71846104e-01
    2.70905346e-01 5.40744305e-01 5.12816668e-01 9.35854435e-01
    4.05870348e-01 2.28049278e-01 3.87531549e-01 5.08695543e-01
    8.88050079e-01 8.20914030e-01 6.95427179e-01 2.76739091e-01
    8.86092484e-02 3.21441889e-02 8.02240729e-01 3.05673778e-01
    4.44530696e-01 8.41497421e-01 6.12147868e-01 9.69519854e-01
    6.25059009e-02 3.06508362e-01 1.77793652e-01 7.11719275e-01
    2.16772884e-01 3.18601370e-01 8.82946074e-01 3.42809856e-02
    7.82593727e-01 8.38294268e-01 9.82870340e-01 7.10078359e-01
    2.20771581e-01 2.10346252e-01 9.47927594e-01 4.85536724e-01
    7.22038269e-01 4.53399658e-01 3.90609503e-01 2.57650435e-01
    5.20828962e-01 6.79018795e-01 7.15608001e-02 6.35086060e-01
    6.01579785e-01 8.14118326e-01 9.91030216e-01 7.83796012e-02
    8.25982571e-01 7.89933085e-01 3.44667196e-01 6.65364683e-01
    7.49470413e-01 3.72597218e-01 6.15225017e-01 9.72454786e-01
    4.34180379e-01 3.72908175e-01 9.73742962e-01 6.75985694e-01
    2.72116929e-01 3.50941122e-01 2.96815634e-02 4.34473425e-01
    8.23816955e-02 8.37521434e-01 9.15097833e-01 2.62535214e-01
    4.25856769e-01 1.50846928e-01 1.22572869e-01 3.59153688e-01
    4.61361438e-01 6.08206034e-01 1.02390349e-01 4.85465944e-01
    9.62725163e-01 5.35971403e-01 9.38800812e-01 9.11205292e-01
    3.28721553e-01 7.88548589e-01 3.44232291e-01 6.81943655e-01
    5.16615093e-01 3.12248647e-01 1.56523228e-01 4.47357267e-01
    7.41367996e-01 1.27523214e-01 8.72034967e-01 5.07883728e-01
    5.23332536e-01 1.32965833e-01 5.42649090e-01 7.90133595e-01
    8.35330248e-01 5.11044502e-01 9.55513418e-02 7.45858550e-01
    2.76610017e-01 1.02376640e-01 4.25413281e-01 8.13922286e-01
    7.50960588e-01 4.96074468e-01 6.04091763e-01 4.11903143e-01
    2.67255902e-01 8.85155559e-01 5.10875344e-01 1.90181732e-02
    7.77887344e-01 3.58656704e-01 9.91250217e-01 7.87567437e-01
    5.55025995e-01 9.00967360e-01 6.09037757e-01 6.68279409e-01
    4.97007668e-01 5.45411229e-01 3.44322652e-01 2.70875394e-01
    3.30367386e-01 4.63233650e-01 2.78241217e-01 6.70025885e-01
    5.54173589e-01 8.91886055e-02 2.65714169e-01 8.09511542e-01
    5.53385079e-01 4.73984778e-01 2.07322955e-01 9.00498271e-01
    5.58211327e-01 2.95086503e-01 6.19374335e-01 6.37499988e-02
    4.34065342e-01 5.24624050e-01 9.26198721e-01 3.07698339e-01
    7.78252482e-01 7.35823512e-01 3.51569623e-01 4.08473670e-01
    4.53643650e-01 8.71452570e-01 4.43717659e-01 2.99998909e-01
    5.75484574e-01 7.28515685e-02 5.72979093e-01 9.86470580e-01
    2.86628187e-01 1.53392196e-01 5.51275492e-01 1.76141709e-01
    3.96407992e-01 9.21737373e-01 9.30046678e-01 9.36249375e-01
    4.79627252e-02 4.18672949e-01 5.47365844e-02 4.47409123e-01
    1.18882090e-01 3.20682228e-02 5.31612635e-01 1.49410516e-01
    5.57107925e-01 2.67003715e-01 9.26830053e-01 7.20631719e-01
    7.75535345e-01 9.28166807e-02 3.40066373e-01 6.70191288e-01
    3.57185364e-01 6.97660208e-01 2.79866874e-01 1.05483264e-01
    3.30869794e-01 6.22819066e-02 6.10359013e-01 1.81165904e-01
    4.49043334e-01 4.14909124e-02 6.69064522e-02 4.69568253e-01
    8.29267263e-01 2.50994682e-01 9.55291748e-01 6.01712704e-01
    6.21487319e-01 9.88091826e-01 5.83091259e-01 1.68723375e-01
    5.16510665e-01 9.54110742e-01 2.14075387e-01 3.65259528e-01
    8.32754970e-01 6.58248723e-01 1.11196905e-01 6.79212213e-01
    7.02213824e-01 3.25655103e-01 2.68510461e-01 1.17634147e-01
    2.99836457e-01 6.54870689e-01 6.47531867e-01 2.65626550e-01
    5.56682169e-01 1.94340348e-01 7.06363380e-01 4.32956219e-02
    9.64485466e-01 8.96534204e-01 1.43141180e-01 7.49386787e-01
    2.01751590e-02 3.29739749e-01 1.21528357e-01 6.84898853e-01
    9.51225281e-01 2.40236610e-01 5.19435048e-01 7.15480387e-01
    9.73201871e-01 4.05721962e-01 2.15095967e-01 6.60822272e-01
    1.70837402e-01 8.56139421e-01 1.21686369e-01 7.76484132e-01
    9.58330631e-02 9.43403244e-01 3.12543154e-01 4.41434652e-01
    2.90753961e-01 2.63242751e-01 3.46945643e-01 9.53985751e-01
    8.50310564e-01 7.58482218e-01 4.74940687e-01 9.15276527e-01
    3.76694351e-01 3.76300335e-01 9.71886396e-01 6.18242383e-01
    6.37174487e-01 7.16514230e-01 9.46260095e-01 1.04981273e-01
    8.88984442e-01 7.92690873e-01 1.40097260e-01 4.71080035e-01
    1.49264306e-01 2.76176065e-01 6.82475328e-01 5.45166850e-01
    4.01706845e-01 2.08997548e-01 9.56819236e-01 9.35458779e-01
    2.00372100e-01 4.63563114e-01 4.55522299e-01 7.89454579e-01
    4.29411501e-01 4.82202709e-01 6.15803063e-01 1.08105004e-01
    9.56081510e-01 1.42778248e-01 6.86917782e-01 5.43749809e-01
    2.39225477e-01 8.14886451e-01 1.00888908e-01 4.85171407e-01
    2.69247085e-01 1.17933065e-01 4.01239395e-02 6.27103209e-01
    9.30828452e-01 4.23645347e-01 6.18364453e-01 7.75211692e-01
    7.98168898e-01 3.81507277e-01 2.60219693e-01 4.35891777e-01
    5.85590601e-01 1.17177397e-01 1.78840429e-01 2.38414824e-01
    9.69583035e-01 3.98274392e-01 4.89878982e-01 1.56927824e-01
    9.98057485e-01 4.15970504e-01 8.41442585e-01 6.32462740e-01
    6.45436347e-02 2.16033518e-01 6.32416904e-02 1.35344476e-01
    2.67875791e-01 2.26098716e-01 8.96005630e-01 1.20516807e-01
    6.14660561e-01 5.16637862e-01 5.31275749e-01 4.58865196e-01
    6.55841529e-01 6.39351845e-01 3.65373254e-01 3.43653262e-01
    1.86352402e-01 2.93614745e-01 2.43534356e-01 2.43500710e-01
    8.76175404e-01 2.57061303e-01 1.21786028e-01 6.78247154e-01
    8.89885664e-01 6.16870642e-01 4.47507292e-01 5.00322998e-01
    2.52694845e-01 7.87691176e-02 6.93652391e-01 4.18021858e-01
    2.10287452e-01 5.86021841e-02 8.11486006e-01 9.20307040e-02
    4.84123796e-01 3.25489044e-01 8.36580575e-01 2.81157613e-01
    5.47694683e-01 6.65944159e-01 7.16501474e-02 2.96391308e-01
    8.91820967e-01 8.58030796e-01 6.67537570e-01 4.42063600e-01
    3.34321797e-01 5.22469044e-01 9.43133473e-01 9.64653492e-02
    3.94323587e-01 7.90636539e-01 7.06316650e-01 1.03561044e-01
    3.03217769e-01 2.62940288e-01 6.44033194e-01 9.23956931e-02
    4.42240536e-02 4.31463838e-01 1.15377158e-01 6.16587996e-01
    4.93805796e-01 9.51201618e-01 6.06348336e-01 7.77580023e-01
    4.24402326e-01 3.54987144e-01 9.09901857e-02 9.03714776e-01
    5.36913157e-01 2.54025817e-01 1.95714712e-01 4.77538228e-01
    6.56858921e-01 5.11151493e-01 1.93037778e-01 2.34742790e-01
    5.74891746e-01 3.60193074e-01 3.63505483e-01 5.78638256e-01
    1.22502953e-01 6.04574442e-01 3.48649025e-02 4.46580350e-01
    1.55228943e-01 1.11665070e-01 3.98976177e-01 8.67964447e-01
    2.39915222e-01 8.37910533e-01 8.26088428e-01 8.22648287e-01
    3.72060835e-01 6.41845942e-01 5.47549725e-02 8.37976336e-01
    4.25041467e-01 6.63303435e-01 4.25016016e-01 6.45468414e-01
    6.63322091e-01 3.53773117e-01 4.36499059e-01 7.64905691e-01
    8.18247080e-01 5.92666745e-01 2.28364378e-01 4.10525858e-01
    5.25904059e-01 8.53287756e-01 2.83914506e-02 9.37409759e-01
    9.06479955e-01 8.55618238e-01 1.61506832e-02 7.23483205e-01
    4.69436109e-01 7.68013477e-01 9.68447685e-01 7.49761939e-01
    9.77607965e-01 7.43863642e-01 3.45506608e-01 5.20297706e-01
    7.38684177e-01 4.99419391e-01 2.47959495e-02 1.71808779e-01
    5.18072903e-01 6.51647449e-01 3.65593731e-02 5.90574026e-01
    3.00912976e-01 4.70176011e-01 7.58221507e-01 5.35101950e-01
    1.38828158e-01 7.62110114e-01 9.99409676e-01 7.74744451e-01
    1.96352184e-01 3.90814126e-01 9.74334717e-01 6.13293350e-01
    5.68570673e-01 3.72700214e-01 8.16660285e-01 4.98537123e-01
    6.55353963e-01 9.95986164e-01 2.00766116e-01 4.23412621e-02
    7.05688834e-01 3.54149818e-01 6.84238076e-02 4.75673854e-01
    6.99689567e-01 9.06549454e-01 7.22824574e-01 1.46581054e-01
    6.89184189e-01 2.37076312e-01 7.58820295e-01 9.96824026e-01
    3.41868997e-02 1.89690888e-02 4.73510295e-01 8.26637149e-02
    2.67527401e-01 3.18330169e-01 9.96456861e-01 4.80239987e-01
    8.11360836e-01 3.79057229e-01 7.72016644e-02 9.71016407e-01
    7.10074246e-01 2.46332943e-01 4.40653652e-01 5.86132050e-01
    8.77443850e-01 5.97388744e-01 6.54725075e-01 8.23825896e-01
    1.87434554e-02 8.68068337e-01 2.04390675e-01 2.32534915e-01
    5.59814036e-01 5.90138018e-01 3.49077880e-02 7.06821084e-01
    6.28582239e-02 4.32072431e-01 5.96882105e-02 5.42455673e-01
    6.62915468e-01 6.65502429e-01 1.52026892e-01 9.76246893e-02
    6.99186683e-01 1.93353385e-01 5.14326692e-01 3.62630725e-01
    1.49498165e-01 7.39276171e-01 7.48052478e-01 5.31120420e-01
    2.75319606e-01 5.50787508e-01 7.29227543e-01 7.00510144e-01
    9.91895258e-01 3.31231654e-02 6.76583409e-01 2.84020364e-01
    2.16450542e-01 3.72340500e-01 4.22162712e-01 9.94771957e-01
    1.63949132e-01 6.94445372e-02 5.26946366e-01 8.77774596e-01
    8.66685331e-01 9.80509281e-01 4.87223119e-01 7.86031246e-01
    6.65936172e-01 2.42163658e-01 3.42959762e-01 3.36510062e-01
    9.26514566e-01 4.97120619e-03 6.97276235e-01 4.16891783e-01
    9.00195241e-01 2.71564394e-01 3.30890238e-01 4.85615581e-01
    2.50147045e-01 7.11006820e-02 3.48140776e-01 5.84351599e-01
    4.88272071e-01 3.63059849e-01 3.93460721e-01 9.31647182e-01
    8.14368725e-01 2.88921237e-01 7.82191277e-01 7.06726789e-01
    4.38513249e-01 6.29765093e-01 4.09497440e-01 2.21584260e-01
    1.29705608e-01 6.93701625e-01 5.95441580e-01 6.83890462e-01
    9.17833328e-01 2.69243360e-01 7.89637268e-01 4.58151519e-01
    9.04153228e-01 3.63263994e-01 9.03654695e-01 7.60226130e-01
    6.22997880e-01 6.48036599e-01 3.47248733e-01 5.18175423e-01
    3.37587237e-01 3.29515845e-01 6.94949210e-01 1.66485429e-01
    7.78688490e-02 5.12099564e-01 1.87586933e-01 9.72818255e-01
    1.41745806e-03 9.94506776e-02 3.85518432e-01 1.64201230e-01
    3.29501152e-01 6.95662200e-02 3.23101759e-01 3.90754938e-01
    9.54305053e-01 2.20412850e-01 7.81778455e-01 3.40631485e-01
    6.69661880e-01 5.85333645e-01 4.61278141e-01 6.79133058e-01
    3.72626781e-02 5.65804064e-01 4.03959513e-01 5.11257648e-01
    4.43709970e-01 3.42113972e-01 1.95840746e-01 6.08184457e-01
    3.31708133e-01 2.05125153e-01 3.69703054e-01 1.72334909e-02
    8.21474791e-01 8.05031180e-01 8.80624652e-01 5.47499299e-01
    4.80386525e-01 3.55070651e-01 2.20865548e-01 3.35781664e-01
    8.91730905e-01 3.12218159e-01 2.35068530e-01 3.65074933e-01
    5.66958129e-01 9.10432935e-01 5.97843111e-01 7.23126888e-01
    5.74473441e-01 5.12866080e-02 8.22027564e-01 5.51804006e-01
    6.10309064e-01 9.22643423e-01 5.53262591e-01 4.18931246e-04
    2.05880016e-01 7.20408976e-01 9.92645681e-01 3.39045644e-01
    9.44999754e-01 5.21603286e-01 3.15447211e-01 5.70359886e-01
    8.99056196e-01 8.91683996e-02 7.52249837e-01 3.01646888e-01
    7.20014930e-01 6.79881692e-01 9.33326185e-01 8.76407921e-01
    1.35130078e-01 7.83411622e-01 8.75782371e-02 1.86583400e-03
    8.81662488e-01 3.11928391e-01 4.01878953e-02 2.82705128e-01
    1.63462192e-01 5.10940075e-01 7.03365564e-01 2.96790034e-01
    2.81118691e-01 4.89621550e-01 8.48782778e-01 2.46116936e-01
    7.68903971e-01 5.48130155e-01 8.07692289e-01 3.38958710e-01
    9.07684922e-01 5.78062534e-01 2.21642852e-03 9.81684029e-01
    9.07190442e-01 8.30266118e-01 8.57022762e-01 2.66744316e-01
    4.86764610e-01 6.36944652e-01 2.18612581e-01 1.18462086e-01
    5.16715944e-01 7.88306296e-02 5.39236724e-01 1.38674051e-01
    7.35561490e-01 8.93195510e-01 3.03362012e-01 4.76278543e-01
    3.94702405e-01 2.37605155e-01 9.85592842e-01 6.44571483e-02
    4.03459460e-01 1.67188376e-01 7.44529665e-02 4.90160376e-01
    7.55675077e-01 1.98094726e-01 9.51426268e-01 5.68985522e-01
    3.04901600e-02 2.58538187e-01 8.49234939e-01 1.38653874e-01
    4.02919978e-01 9.84224916e-01 4.43855166e-01 1.47484958e-01
    6.50802553e-01 4.49500203e-01 6.02954328e-01 7.14846313e-01
    9.10095096e-01 1.93169951e-01 6.56002760e-01 2.16372967e-01
    9.27433252e-01 7.82915950e-03 7.72907615e-01 9.43971217e-01
    9.13373232e-02 2.84591198e-01 2.96802521e-01 9.91196632e-01
    9.15403128e-01 6.39518559e-01 6.25078142e-01 4.66457069e-01
    2.83527642e-01 6.72762811e-01 1.45369619e-01 1.31425261e-02
    5.53854108e-02 6.91129208e-01 8.10197949e-01 2.33176351e-02
    3.44522506e-01 6.80548072e-01 8.52624238e-01 2.92775303e-01
    7.15473711e-01 5.05969822e-02 9.27704930e-01 2.81766474e-01
    1.01149976e-01 5.08898199e-01 3.75041872e-01 3.22248638e-01
    4.11600024e-01 7.36991048e-01 8.14298391e-02 7.30825722e-01
    6.97943628e-01 4.01489735e-01 6.30501211e-02 8.68607461e-02
    5.76174080e-01 6.74556017e-01 8.99777412e-01 7.21100330e-01
    4.21549410e-01 7.84703434e-01 6.14235997e-01 9.52390432e-01
    7.82226086e-01 1.95670336e-01 8.59157503e-01 9.24053431e-01
    4.70765471e-01 3.86918545e-01 3.40299845e-01 9.15555596e-01
    9.00650680e-01 2.82718122e-01 9.13181305e-01 9.30955112e-01
    9.82744455e-01 1.91355318e-01 1.83281183e-01 8.70077670e-01
    5.58660388e-01 2.22267210e-02 4.91070062e-01 8.64003539e-01
    7.81494081e-01 3.33936125e-01 8.57448876e-02 1.24793082e-01
    1.21428221e-01 1.45754039e-01 4.06733155e-01 2.13988960e-01
    5.32708466e-01 4.83227313e-01 7.42512286e-01 3.18386078e-01
    5.27483702e-01 2.46329039e-01 8.63102555e-01 4.47339326e-01
    1.10102713e-01 2.79838622e-01 2.30194658e-01 1.31838113e-01
    2.38649905e-01 3.56191635e-01 6.92380190e-01 3.53071362e-01
    3.79792094e-01 8.25410187e-02 3.60025436e-01 4.35195923e-01
    7.76601911e-01 9.47153091e-01 7.76177645e-01 9.56499994e-01
    5.25243819e-01 2.10947484e-01 5.92210889e-01 1.09423876e-01
    8.19664598e-02 4.30236697e-01 2.48953670e-01 5.31999767e-01
    6.44831657e-01 6.93393111e-01 1.88835382e-01 5.71087837e-01
    2.01692909e-01 7.61060119e-01 5.78387022e-01 7.31287122e-01
    9.49124575e-01 3.93632531e-01 9.46730614e-01 3.78801942e-01
    4.43188995e-01 7.80200303e-01 8.37096453e-01 9.53724980e-01
    5.05461752e-01 6.16314113e-02 4.21734452e-01 2.58781612e-01
    1.16205812e-01 5.10579646e-02 8.07917535e-01 8.60270023e-01
    4.56794143e-01 5.99866748e-01 1.11772358e-01 4.28907633e-01
    7.26743937e-01 3.12682807e-01 5.53472281e-01 2.82908976e-02
    6.63882613e-01 3.21232140e-01 2.78863251e-01 9.60374892e-01
    6.91761494e-01 8.30360115e-01 5.43104947e-01 3.28215539e-01
    2.06870496e-01 5.52570820e-01 6.02416515e-01 9.76010382e-01
    2.25433230e-01 2.23994881e-01 5.99270880e-01 5.80511808e-01
    1.08054042e-01 5.24444342e-01 8.17547739e-02 2.22725213e-01
    4.66818035e-01 6.93197727e-01 9.43842173e-01 5.52941918e-01
    5.42864263e-01 2.60627747e-01 5.73493958e-01 2.21852630e-01
    6.45571291e-01 3.45954537e-01 5.51714301e-02 4.14862096e-01
    9.22072172e-01 1.40716642e-01 9.46942747e-01 9.04136300e-02
    8.18865716e-01 2.81446755e-01 6.91154242e-01 3.90231937e-01
    5.18403888e-01 9.01342511e-01 3.02677393e-01 2.20992297e-01
    3.63361478e-01 7.15914965e-01 1.37942314e-01 6.20554984e-02
    4.71182972e-01 2.93686122e-01 9.06223118e-01 3.29868436e-01
    8.94980431e-01 7.49504626e-01 9.94390965e-01 4.25705373e-01
    6.71380818e-01 3.74394089e-01 9.94231105e-01 8.32685351e-01
    1.81361347e-01 8.95099640e-01 3.54506910e-01 1.75123215e-02
    5.88630915e-01 6.02140307e-01 7.91636109e-03 4.02706563e-01
    5.82413733e-01 6.84409797e-01 8.61975431e-01 1.17153376e-01
    5.71205795e-01 1.42409652e-01 9.11939025e-01 4.21499044e-01
    5.01304269e-01 3.61660600e-01 3.60035300e-01 4.71837491e-01
    6.53906882e-01 6.78627849e-01 5.53312004e-01 3.61420512e-01
    3.29541713e-01 6.33525789e-01 7.50123084e-01 2.82991230e-01
    8.99490833e-01 4.30085450e-01 5.01189291e-01 4.37847137e-01
    5.64750493e-01 2.80448735e-01 2.74635792e-01 1.13306612e-01
    6.18772089e-01 4.49622482e-01 8.04023623e-01 7.31136382e-01
    3.69312942e-01 4.99905825e-01 1.26473367e-01 8.44198763e-02
    9.68042970e-01 2.71772742e-01 1.41437143e-01 8.51027489e-01
    3.77723694e-01 4.80709761e-01 6.19057119e-01 4.57835853e-01
    7.26333618e-01 5.89224756e-01 8.74946475e-01 1.71631217e-01
    5.97272217e-02 7.41695821e-01 6.28024340e-02 1.92835271e-01
    4.09348845e-01 7.91250348e-01 7.40528703e-01 2.06015348e-01
    7.46980846e-01 2.05193877e-01 3.51774514e-01 3.07861447e-01
    8.23163986e-01 2.58954465e-02 9.01142836e-01 2.25980043e-01
    6.80021882e-01 4.91360933e-01 1.16273820e-01 1.57921851e-01
    5.19159853e-01 1.45376444e-01 3.04472446e-01 9.67407167e-01
    2.20418364e-01 8.79639983e-01 3.97138715e-01 9.64932621e-01
    7.43838847e-01 9.03586566e-01 8.73869658e-01 6.63771033e-01
    2.62649834e-01 7.81400502e-01 4.12790477e-02 9.11949694e-01
    6.45387709e-01 6.36123538e-01 3.66418242e-01 2.30994016e-01
    4.51652974e-01 3.38765860e-01 3.45043182e-01 4.26153719e-01
    1.62859082e-01 6.22588038e-01 3.55315387e-01 9.02285039e-01
    6.74607217e-01 2.10838854e-01 3.55201334e-01 4.39692527e-01
    8.50980282e-01 1.70805395e-01 2.27418244e-01 4.91927475e-01
    6.47104323e-01 7.06088185e-01 8.95875692e-01 9.29611444e-01
    2.07210720e-01 1.01508141e-01 3.85022432e-01 4.19310331e-01
    6.61437988e-01 5.83745599e-01 4.26680565e-01 6.41518116e-01
    1.05329454e-02 4.43642169e-01 3.27702582e-01 4.97297406e-01
    3.48681509e-02 7.77124822e-01 8.55210781e-01 5.11845350e-02
    9.19344902e-01 9.59970355e-02 7.27056623e-01 9.87407446e-01
    2.26325423e-01 7.52245128e-01 3.92004699e-01 7.53700018e-01
    6.50382042e-03 5.29968500e-01 7.66610146e-01 9.64253068e-01
    6.41759276e-01 2.78282464e-01 9.22621489e-02 2.04503387e-01
    8.80906582e-01 8.20919871e-02 9.08964157e-01 4.30765212e-01
    1.37512147e-01 3.65590334e-01 5.43449044e-01 6.68390393e-01
    9.32768881e-01 8.49679410e-01 6.98842824e-01 4.58633333e-01
    1.80773944e-01 1.41835421e-01 3.18398237e-01 7.88185120e-01
    5.02374828e-01 4.65514988e-01 1.60390526e-01 3.71789634e-02
    2.71312714e-01 3.47435892e-01 1.18313938e-01 2.49109715e-01
    1.26213551e-01 5.62121689e-01 7.60238528e-01 6.11275852e-01
    5.77473760e-01 4.50304270e-01 4.78573859e-01 8.29381943e-01
    2.56002665e-01 2.81557441e-02 1.43139988e-01 1.57714486e-02
    3.43155682e-01 6.58047557e-01 1.51359946e-01 9.99819219e-01
    9.93022919e-01 7.04496682e-01 2.64228165e-01 6.11040711e-01
    1.48153275e-01 4.47669715e-01 5.58020830e-01 8.11323524e-01
    1.50278032e-01 3.53901744e-01 6.03619099e-01 4.03260589e-01
    4.66540664e-01 7.60354996e-01 5.17718613e-01 6.07194602e-01
    8.83484244e-01 3.33718419e-01 8.13884139e-02 3.45162183e-01
    9.12893772e-01 2.12040722e-01 8.08300674e-02 5.16439199e-01
    5.02660871e-01 4.92520630e-01 3.49844635e-01 4.80810910e-01
    6.26903713e-01 6.52627766e-01 1.35575950e-01 4.72529650e-01
    8.37759256e-01 7.52721310e-01 4.31030393e-02 8.46379876e-01
    5.96640468e-01 2.52422184e-01 1.70809209e-01 9.84710455e-03
    3.76222014e-01 7.18800366e-01 1.56392485e-01 6.58202946e-01
    5.66579819e-01 8.87558579e-01 9.39455032e-01 4.19831544e-01
    7.78795183e-02 2.91042149e-01 1.71556860e-01 8.80190611e-01
    4.56563950e-01 4.74345684e-03 5.41364551e-02 4.88986820e-01
    8.84057403e-01 5.18216550e-01 6.12714589e-01 5.78547835e-01
    2.65578240e-01 7.43393064e-01 6.93367839e-01 6.35688484e-01
    7.77564764e-01 2.51018524e-01 5.54132819e-01 5.05441189e-01
    7.62562871e-01 7.07333863e-01 8.23821306e-01 7.28960276e-01
    8.82297218e-01 6.70772851e-01 6.40180469e-01 1.94422692e-01
    6.55734539e-02 9.06524777e-01 2.14109123e-02 2.83855200e-01
    2.87396193e-01 6.80346251e-01 9.81517673e-01 7.69865632e-01
    2.41583943e-01 5.42004645e-01 7.31338382e-01 7.95552790e-01
    5.56643069e-01 4.91340667e-01 8.10274959e-01 1.57819003e-01
    7.98361659e-01 3.50899994e-01 6.31330013e-01 1.63976848e-01
    9.14551377e-01 5.31432271e-01 8.13107550e-01 8.26011240e-01
    1.47493899e-01 9.19868469e-01 3.63392204e-01 5.17176211e-01
    7.78805494e-01 1.61943138e-01 4.72619593e-01 2.57627428e-01
    9.03039575e-01 7.39934742e-01 4.75353926e-01 9.67148066e-01
    5.90423942e-01 3.11392605e-01 5.19249260e-01 4.84994560e-01
    6.97892964e-01 3.06568742e-02 6.02857232e-01 5.03773987e-02
    8.83397937e-01 1.12361699e-01 5.64177155e-01 8.54967117e-01
    7.24428654e-01 5.21614611e-01 6.91589534e-01 4.25281554e-01
    2.37546861e-01 2.82883823e-01 6.43582523e-01 7.29659438e-01
    7.82662451e-01 4.25099850e-01 6.85822785e-01 4.89979804e-01
    2.87847996e-01 1.08873844e-03 6.53576016e-01 7.67635345e-01
    5.22802770e-01 5.81731617e-01 6.32259846e-01 9.61385667e-01
    1.91349775e-01 8.00860941e-01 4.99946833e-01 2.60563135e-01
    9.64744091e-02 8.53570700e-01 8.09040308e-01 2.24130780e-01
    1.60105079e-01 2.35568970e-01 4.42642719e-01 8.67921114e-03
    3.64981890e-02 1.96926475e-01 3.17822397e-01 5.79283655e-01
    4.49608266e-01 2.29425341e-01 9.44360912e-01 1.02086246e-01
    9.53527212e-01 7.86525786e-01 8.58581424e-01 4.52912390e-01
    5.22627234e-02 7.58957922e-01 6.25651062e-01 2.85997748e-01
    7.98262954e-01 3.51192653e-01 6.22120500e-03 6.65793419e-01
    7.15672433e-01 4.13804412e-01 6.30082250e-01 7.69094944e-01
    4.62765992e-01 8.79702866e-02 4.93624121e-01 1.32331371e-01
    7.00413406e-01 7.92477012e-01 2.15503901e-01 7.34434307e-01
    4.18667436e-01 1.49403423e-01 7.41082430e-02 4.19309437e-01
    3.82053554e-02 2.49625385e-01 5.37342012e-01 6.22668147e-01
    9.85392809e-01 3.80737543e-01 8.12678814e-01 7.15252638e-01
    7.35030591e-01 5.79970360e-01 9.06009376e-01 8.47488523e-01
    2.16225684e-01 5.86080253e-01 9.77624774e-01 3.17555100e-01
    5.58861017e-01 9.56370592e-01 9.99086499e-02 8.15261126e-01
    4.37551916e-01 8.15692484e-01 7.46683121e-01 8.86467636e-01
    6.59325302e-01 2.19813734e-01 7.85262525e-01 1.65171593e-01
    4.23828930e-01 7.71734715e-01 4.32426751e-01 9.39650774e-01
    1.96716189e-02 4.74942684e-01 5.85121751e-01 6.13509595e-01
    8.04121554e-01 5.87227881e-01 3.27412367e-01 1.65746719e-01
    8.47617149e-01 4.93447363e-01 5.67499697e-01 8.94103885e-01
    7.86145270e-01 8.48591208e-01 3.96853447e-01 5.34062505e-01
    5.05909681e-01 7.64715672e-03 9.38991308e-01 6.23220861e-01
    8.19516480e-02 3.09795499e-01 7.56605804e-01 3.72734964e-01
    6.26577199e-01 3.81803036e-01 3.77891332e-01 5.35125434e-01
    6.29867911e-01 3.17586958e-01 2.20671296e-02 8.11811090e-01
    3.76295447e-01 8.18342090e-01 1.98965222e-01 5.21649539e-01
    8.23639035e-01 2.81396240e-01 9.73708808e-01 5.62860191e-01
    7.40042925e-01 7.34193444e-01 8.09227765e-01 4.26415205e-02
    2.72630900e-01 6.82317853e-01 6.72904193e-01 6.06797278e-01
    1.35204583e-01 9.97890472e-01 6.39411807e-01 1.84675425e-01
    3.43327820e-02 1.54388785e-01 5.63814700e-01 9.07945037e-02
    2.81015754e-01 4.21524048e-02 3.68972003e-01 3.79965812e-01
    2.56773710e-01 1.85564518e-01 5.76899469e-01 9.68623757e-01
    1.65191799e-01 4.78487551e-01 2.63842672e-01 6.72978580e-01
    3.96360517e-01 3.06636453e-01 7.84303784e-01 7.34117627e-03
    9.18217182e-01 6.46936297e-02 4.39617842e-01 4.70993519e-01
    3.73549104e-01 7.47904778e-01 7.33161449e-01 5.10586560e-01
    3.14410716e-01 6.81035876e-01 9.20307279e-01 1.17274076e-01
    8.77081513e-01 8.62627149e-01 7.62761831e-01 4.03659314e-01
    6.09556079e-01 9.36861396e-01 1.69242412e-01 7.33071327e-01
    9.22246575e-02 5.37934959e-01 6.41566038e-01 1.60524756e-01
    6.31917894e-01 5.90336978e-01 9.13700938e-01 5.74804842e-01
    4.33173269e-01 5.72251737e-01 6.91347480e-01 4.05527353e-01
    7.55160332e-01 9.53622103e-01 5.77314198e-01 3.97363007e-01
    1.35699809e-02 1.81794971e-01 5.18434405e-01 2.63652027e-01
    6.26768112e-01 2.62546033e-01 6.91547811e-01 6.71556532e-01
    9.65970516e-01 4.31419820e-01 1.83225811e-01 8.64543557e-01
    6.97124243e-01 8.84046078e-01 4.03230071e-01 5.98667979e-01
    4.90575731e-02 8.91360343e-01 5.20016968e-01 4.74579901e-01
    5.23036420e-02 7.61446357e-01 7.95242548e-01 1.35768980e-01
    2.59344876e-02 8.39776039e-01 1.89101428e-01 1.09783888e-01
    1.96112752e-01 9.33141112e-01 5.30632019e-01 3.98013741e-01
    3.17986429e-01 1.53533369e-01 3.05923820e-01 2.74703026e-01
    2.54715323e-01 7.49833226e-01 7.54139662e-01 8.72094810e-01
    5.58828712e-01 6.57622635e-01 8.82537961e-01 5.55587053e-01
    7.25552022e-01 5.66881478e-01 6.28027797e-01 3.47763717e-01
    4.72747087e-02 7.15604484e-01 5.14072001e-01 1.52534992e-01
    5.99416256e-01 5.42195261e-01 9.76242781e-01 3.35868537e-01
    6.60553217e-01 2.03455597e-01 7.25058079e-01 7.19406605e-01
    6.10894859e-01 3.26383114e-02 3.15937489e-01 4.06122118e-01
    4.80667233e-01 8.59320998e-01 8.35751712e-01 7.26630986e-01
    2.55536795e-01 5.88203073e-01 7.05538571e-01 4.89664912e-01
    4.52860683e-01 5.92378497e-01 6.20823503e-02 2.76865900e-01
    4.36373979e-01 3.61847639e-01 2.82790780e-01 7.95853734e-01
    8.26246679e-01 7.76702642e-01 4.69916135e-01 2.66795456e-02
    1.39017701e-02 5.38672328e-01 2.00791061e-01 8.58160973e-01
    1.29405737e-01 3.57109904e-02 7.34099448e-02 7.88632035e-03
    5.80273688e-01 6.87184811e-01 6.63539827e-01 8.01647902e-01
    9.64406908e-01 1.66987777e-02 8.93091202e-01 5.69455028e-01
    3.25286061e-01 3.65501225e-01 3.75083327e-01 5.12911439e-01
    6.78418100e-01 6.41804159e-01 2.94893265e-01 3.57476056e-01
    8.74200046e-01 7.63278842e-01 5.37373722e-01 3.62751901e-01
    6.88866079e-02 8.62696946e-01 7.15816259e-01 8.63548994e-01
    7.62626708e-01 8.42500448e-01 9.16470468e-01 9.05216038e-01
    4.89797562e-01 2.99002886e-01 6.54656291e-01 5.58086157e-01
    3.29858422e-01 9.88031030e-01 1.68522954e-01 6.40984833e-01
    6.78819656e-01 8.20758343e-01 5.71339250e-01 8.77112567e-01
    3.12484801e-02 6.22003555e-01 4.87940699e-01 2.34625041e-02
    8.64841521e-01 6.49864256e-01 1.06161356e-01 9.61236477e-01
    5.61891377e-01 8.23717535e-01 9.05359387e-01 9.49694872e-01
    7.67212987e-01 3.15453827e-01 8.66720498e-01 5.83380580e-01
    6.22705281e-01 1.07569963e-01 5.49443364e-01 7.67068148e-01
    1.24120653e-01 3.04894328e-01 5.82254827e-01 8.65724802e-01
    9.03302431e-01 4.16260660e-01 2.12331265e-01 6.64549172e-02
    4.77851331e-01 1.41170770e-01 9.88796353e-01 2.61594146e-01
    9.42049384e-01 3.98355424e-01 1.11745596e-01 4.51877296e-01
    7.83594310e-01 6.96295440e-01 5.26718557e-01 9.88048077e-01
    7.18864381e-01 5.28013885e-01 8.10312152e-01 8.20011735e-01
    1.35138869e-01 9.83740091e-02 8.52486789e-02 6.43583238e-01
    3.86801988e-01 4.99405265e-01 5.24938107e-04 3.38724852e-01
    9.20756876e-01 3.77404958e-01 8.57590139e-02 3.03564429e-01
    3.48446846e-01 7.45133758e-01 1.02371782e-01 7.32230365e-01
    3.22642148e-01 3.55777919e-01 6.62566245e-01 7.38701761e-01
    2.25267172e-01 9.23506677e-01 7.60752380e-01 4.73281980e-01
    8.06738377e-01 7.81534612e-01 4.07519817e-01 8.29175711e-02
    2.62991488e-02 4.54011351e-01 4.29461688e-01 6.70581937e-01
    7.26671696e-01 9.06732738e-01 1.95493996e-01 7.65400231e-02
    1.30950421e-01 2.67292738e-01 2.40907103e-01 4.96921152e-01
    5.51343679e-01 7.37062693e-01 2.29783803e-01 2.27860689e-01
    4.31938797e-01 8.93598199e-02 5.72139561e-01 9.40772414e-01
    5.57795286e-01 9.01398897e-01 8.82676661e-01 5.16498923e-01
    6.86568499e-01 9.70666409e-01 5.46323180e-01 8.55456412e-01
    6.63683116e-01 3.89527023e-01 1.90964460e-01 8.17331195e-01
    7.00921655e-01 2.99087107e-01 5.11221111e-01 1.99446917e-01
    8.81305218e-01 6.93137527e-01 9.92216527e-01 5.87794304e-01
    9.82993782e-01 1.93812221e-01 4.58224714e-01 7.80949593e-01
    4.67430651e-01 4.81085479e-01 3.63488317e-01 3.25741678e-01
    9.79264379e-01 5.10945439e-01 4.13512856e-01 1.79678917e-01
    3.76862854e-01 1.89311832e-01 4.02923822e-01 1.86901510e-01
    8.97033691e-01 5.31368494e-01 9.55274701e-03 2.32232898e-01
    9.68492389e-01 8.37739944e-01 6.78548634e-01 9.10847425e-01
    3.93564671e-01 5.26833892e-01 2.92615592e-01 1.23071283e-01
    6.05962753e-01 2.17333794e-01 8.79290223e-01 6.95811093e-01
    2.47782975e-01 9.75403309e-01 2.98839420e-01 8.85236621e-01
    1.05230987e-01 1.41867489e-01 1.24839664e-01 6.78464472e-01
    8.13302994e-01 5.04552782e-01 1.27417624e-01 9.81914282e-01
    7.07613409e-01 4.86185968e-01 1.19557679e-02 8.31407607e-02
    4.03829902e-01 5.36031246e-01 2.24992633e-02 5.23038507e-01
    4.98859406e-01 6.26921296e-01 8.93955827e-01 8.86551142e-01
    5.74896753e-01 4.27686483e-01 3.69767159e-01 8.96257520e-01
    8.45726371e-01 3.98252904e-02 2.52596349e-01 7.38890767e-01
    6.49281442e-01 5.08321464e-01 5.35163641e-01 6.56167448e-01
    8.29942107e-01 6.61952555e-01 3.70579332e-01 3.52759600e-01
    2.43841529e-01 1.20400250e-01 9.48980451e-02 2.49882281e-01
    9.52086687e-01 7.20839858e-01 5.62374949e-01 1.60150230e-02
    9.19164300e-01 4.61461991e-01 9.53019977e-01 4.07093763e-01
    2.18833417e-01 1.50172323e-01 8.94208729e-01 9.21930373e-01
    3.07731330e-01 3.67216766e-01 8.62962902e-01 6.36106610e-01
    9.81042147e-01 2.75983572e-01 5.94702959e-02 3.89599651e-01
    6.44810915e-01 4.16388541e-01 7.76591301e-02 2.23918587e-01
    5.82180738e-01 7.41015315e-01 3.30425173e-01 3.96110207e-01
    8.23622584e-01 6.29502833e-02 7.88174629e-01 1.29762560e-01
    9.82428908e-01 1.34149730e-01 4.34491634e-01 4.62942064e-01
    9.77213085e-02 5.61094284e-03 4.69301462e-01 1.85835868e-01
    1.25063092e-01 7.77468681e-01 7.96344101e-01 5.03414929e-01
    9.99725342e-01 8.11504722e-01 9.06030834e-01 7.24606693e-01
    6.47683680e-01 5.29525518e-01 6.11556053e-01 2.85463363e-01
    1.22529477e-01 2.32610375e-01 9.47651148e-01 7.23620713e-01
    2.03040957e-01 2.31420249e-01 3.11348200e-01 7.35700190e-01
    2.67679662e-01 1.54313356e-01 2.95932174e-01 8.21672678e-01
    1.55396193e-01 8.90204430e-01 4.89587128e-01 6.89818144e-01
    3.37042004e-01 3.48503828e-01 6.38691366e-01 8.11622262e-01
    6.49890840e-01 8.50430012e-01 7.25181699e-01 4.23911035e-01
    9.67335820e-01 2.55255640e-01 1.40870571e-01 1.64771289e-01
    5.49551845e-01 8.24297905e-01 6.66860282e-01 8.74369144e-02
    2.71043271e-01 6.56360984e-02 5.77037990e-01 3.80455941e-01
    5.45794070e-01 9.31108832e-01 2.29973257e-01 4.59366173e-01
    1.79240346e-01 3.92572612e-01 1.05619878e-01 9.79692101e-01
    5.01611531e-02 6.04707599e-02 3.72054636e-01 2.11730570e-01
    3.88193429e-01 9.60984349e-01 2.86682576e-01 7.67384946e-01
    8.89712095e-01 2.60366768e-01 4.68666017e-01 5.04353166e-01
    9.57861841e-01 2.67372727e-01 5.99851370e-01 2.29706109e-01
    9.94687974e-02 4.24561679e-01 8.52988362e-01 1.77418888e-01
    9.16469991e-02 4.86993551e-01 3.36128086e-01 9.27035272e-01
    7.16188192e-01 1.92239523e-01 7.46786714e-01 7.82424510e-02
    6.07845962e-01 4.63412344e-01 7.16927230e-01 1.27739102e-01
    7.95988560e-01 8.49840045e-01 8.95878196e-01 5.22306025e-01
    2.26200670e-01 4.58378255e-01 1.87172562e-01 3.59019399e-01
    7.91815102e-01 7.16491520e-01 6.66541636e-01 1.64947122e-01
    1.00277990e-01 7.24317610e-01 3.45638871e-01 1.21131539e-01
    2.99201429e-01 8.84928703e-01 3.12773228e-01 4.83840108e-02
    5.85153759e-01 4.34944630e-01 5.75564444e-01 2.26446986e-02
    4.74561781e-01 6.00911379e-01 4.14715707e-01 2.41972536e-01
    3.98288816e-01 6.44806623e-01 3.30054522e-01 6.31230652e-01
    6.58829153e-01 2.14066952e-01 2.24513888e-01 4.88028347e-01
    7.35555589e-02 8.29295397e-01 3.42174232e-01 8.00671577e-02
    6.03228569e-01 3.44787687e-01 9.28240538e-01 2.70057738e-01
    6.44685209e-01 5.90124726e-01 6.57035530e-01 3.06129575e-01
    4.67689455e-01 5.76984942e-01 5.23713112e-01 4.94133323e-01
    7.53924131e-01 8.57950091e-01 8.86355221e-01 2.08215743e-01
    2.62678325e-01 5.73683321e-01 6.85125351e-01 7.73751616e-01
    3.24352205e-01 3.64217788e-01 5.77313662e-01 2.95202672e-01
    4.92522389e-01 6.93942010e-01 5.07816970e-01 2.78004289e-01
    7.52724648e-01 5.86743653e-02 3.37856829e-01 7.70908952e-01
    7.52636969e-01 7.35709846e-01 7.77994514e-01 6.43721700e-01
    2.77192265e-01 2.45916605e-01 1.96028292e-01 9.37036991e-01
    6.10537529e-02 6.92853868e-01 9.96184587e-01 8.15555096e-01
    3.44968736e-01 6.90467238e-01 3.46346438e-01 2.23827213e-01
    3.24216038e-01 5.69380522e-02 9.45394516e-01 9.54032898e-01
    8.27248216e-01 2.25026339e-01 5.02943814e-01 7.12505937e-01
    3.14150453e-02 3.94459665e-01 7.68099427e-01 7.89353371e-01
    5.10175228e-02 5.22611976e-01 1.21621579e-01 9.13450062e-01
    7.08718479e-01 7.14375436e-01 9.03808773e-01 8.27099562e-01
    8.95139098e-01 4.71886724e-01 2.62833536e-02 8.80771160e-01
    8.33974838e-01 4.78026271e-03 8.31660271e-01 1.52592480e-01
    9.65307117e-01 7.82737970e-01 4.37441468e-03 8.06870162e-02
    3.63967240e-01 7.16584444e-01 2.82014310e-02 5.01447499e-01
    2.48887599e-01 1.18213892e-02 1.72722518e-01 8.63659978e-01
    1.25012368e-01 2.08132654e-01 2.71552026e-01 7.97897935e-01
    9.16194558e-01 7.86085069e-01 8.81181121e-01 8.68934453e-01
    1.94252729e-02 3.87485623e-01 2.24602729e-01 6.19213462e-01
    1.03941113e-01 8.90790105e-01 3.42850864e-01 3.78573716e-01
    8.30124319e-02 4.55877453e-01 8.03566098e-01 4.90217775e-01
    3.30250174e-01 6.99534357e-01 8.48780274e-01 3.20138216e-01
    8.63393188e-01 8.11113417e-01 2.45888710e-01 6.53627753e-01
    7.41096795e-01 9.34927225e-01 8.52765381e-01 2.63023019e-01
    3.63322794e-02 1.12677902e-01 5.30038655e-01 5.10590255e-01
    4.36522067e-02 4.35412288e-01 4.87148285e-01 8.79140198e-02
    9.29593921e-01 4.17212397e-01 1.42668962e-01 3.32743406e-01
    6.77577078e-01 7.00453937e-01 6.01071954e-01 9.79031384e-01
    6.82152629e-01 4.18234468e-01 9.52476144e-01 3.42602134e-01
    4.55413073e-01 4.20580894e-01 4.66511875e-01 1.53001487e-01
    6.44208014e-01 9.67553914e-01 3.04038584e-01 4.17187482e-01
    6.74641132e-02 8.80860806e-01 5.15375674e-01 8.72048259e-01
    1.25506401e-01 6.17209077e-03 9.05642033e-01 8.12460482e-01
    3.11843008e-01 1.26217872e-01 3.93286377e-01 2.74419010e-01
    8.66497695e-01 8.76429379e-01 7.53203392e-01 7.36297965e-02
    5.68606198e-01 1.76337510e-01 8.85708272e-01 7.99343526e-01
    3.72168809e-01 6.47947490e-02 2.88107991e-03 6.18453383e-01
    9.74827766e-01 4.18666780e-01 7.50378728e-01 3.51159602e-01
    7.24066734e-01 7.52063394e-01 8.08671296e-01 8.62277150e-02
    7.62754440e-01 8.56907248e-01 1.32208705e-01 5.71855545e-01
    6.62806571e-01 1.37374252e-01 3.94457757e-01 4.33351278e-01
    1.73761100e-01 5.74309289e-01 5.52579105e-01 2.24404544e-01
    6.75159514e-01 8.30152273e-01 1.91057742e-01 9.27414119e-01
    5.36376178e-01 9.65925217e-01 9.67809200e-01 7.15742707e-01
    5.40745378e-01 7.07907438e-01 2.19794214e-01 2.25603908e-01
    2.29749382e-02 1.12980872e-01 7.60018110e-01 1.05273128e-01
    3.79979938e-01 4.72125620e-01 5.63367724e-01 9.37928259e-02
    1.29903972e-01 2.98283041e-01 7.34883428e-01 6.29658043e-01
    6.04697168e-01 1.92537636e-01 7.02467322e-01 8.90028000e-01
    7.41323292e-01 1.54556274e-01 2.31997848e-01 9.81748641e-01
    5.92358828e-01 6.84286356e-01 7.77274668e-02 2.41666198e-01
    3.54367971e-01 1.26510054e-01 3.13863218e-01 5.38829446e-01
    8.81790817e-02 8.07117224e-01 8.82430673e-01 6.21946096e-01
    9.83549416e-01 6.11736119e-01 7.08722472e-01 3.43106031e-01
    5.29319167e-01 7.14800477e-01 6.14838898e-01 8.97368789e-01
    7.66147852e-01 2.87414879e-01 2.89669365e-01 8.70944798e-01
    8.47821712e-01 2.30079085e-01 4.85075444e-01 8.56437087e-02
    9.00024176e-01 9.94990826e-01 8.90001833e-01 3.29079449e-01
    8.76735747e-01 1.94798738e-01 9.21892643e-01 4.96431291e-02
    2.19739079e-01 3.11085463e-01 7.06976652e-01 1.57010704e-01
    6.85650826e-01 4.37443316e-01 8.56586814e-01 2.01247871e-01
    2.34867871e-01 5.45268238e-01 8.38038623e-02 5.88809848e-01
    4.91340280e-01 2.34038770e-01 3.68951380e-01 5.89891613e-01
    6.43235505e-01 7.41131008e-01 4.73391563e-01 2.21421033e-01
    2.47263998e-01 3.76676410e-01 1.39524549e-01 6.53854012e-01
    4.86507446e-01 8.27629566e-02 5.11449039e-01 7.67827392e-01
    5.64528346e-01 9.89374757e-01 6.99928939e-01 8.76418710e-01
    3.27616334e-01 8.48205984e-02 3.24754119e-01 1.16075248e-01
    8.56817603e-01 1.02568865e-01 6.35197580e-01 7.49794364e-01
    8.63019526e-01 5.06365120e-01 6.12638712e-01 4.89735901e-01
    9.28513765e-01 5.24633288e-01 1.76116407e-01 9.88383651e-01
    1.21625990e-01 9.29478884e-01 9.95609999e-01 9.85733628e-01
    4.87684488e-01 6.81501508e-01 5.64033270e-01 5.07454515e-01
    9.19136524e-01 6.70561492e-01 3.36251289e-01 5.71398556e-01
    2.92365670e-01 2.31208444e-01 9.27396894e-01 5.04298806e-02
    5.49396634e-01 1.60731047e-01 1.41269654e-01 5.48098803e-01
    4.14429843e-01 8.57034802e-01 9.67880845e-01 1.74092710e-01
    5.82315505e-01 1.05571181e-01 7.49968290e-01 5.29615700e-01
    2.49547780e-01 6.92102909e-01 7.26468623e-01 2.45298296e-01
    7.08574295e-01 6.24851525e-01 6.21861458e-01 9.22738910e-01
    3.52759063e-01 7.01581657e-01 8.48915458e-01 2.57587254e-01
    9.31290269e-01 5.35540879e-01 6.09061182e-01 7.44469762e-01
    8.50067198e-01 4.66442019e-01 7.09572136e-01 4.77225959e-01
    4.99163479e-01 1.17760897e-02 2.98214108e-01 6.91152036e-01
    3.03669900e-01 7.09100962e-01 3.05621266e-01 6.38863146e-01
    9.76545811e-01 2.52589226e-01 1.19684726e-01 4.85298723e-01
    9.28751230e-01 5.57895660e-01 5.24061978e-01 8.54896069e-01
    2.71870494e-01 7.29105175e-02 3.12620401e-01 9.17965889e-01
    2.51553863e-01 1.61277384e-01 1.55968279e-01 6.10191226e-01
    1.42904252e-01 3.34158540e-01 5.86789191e-01 6.51211977e-01
    7.95144856e-01 2.65566647e-01 9.77965236e-01 4.77728248e-01
    3.25810939e-01 6.86552048e-01 2.08526939e-01 3.59544396e-01
    4.14904654e-01 6.77393377e-02 7.09385872e-01 6.00294292e-01
    8.53099823e-01 3.68448734e-01 3.48837793e-01 1.77586079e-03
    9.81637597e-01 8.43469143e-01 3.23886931e-01 6.87355936e-01
    3.17054302e-01 1.43386751e-01 7.14259863e-01 7.93322086e-01
    5.91780186e-01 6.89985275e-01 5.71722865e-01 3.95091832e-01
    8.68205130e-02 3.40849370e-01 2.38169849e-01 4.08373713e-01
    9.58067894e-01 3.26364607e-01 2.14774162e-01 7.33705163e-01
    6.79723918e-01 8.20145607e-02 7.40576386e-01 6.95749819e-01
    6.97163582e-01 2.90387630e-01 9.41081524e-01 8.78069818e-01
    9.23547029e-01 5.05537450e-01 4.90674376e-01 1.81815654e-01
    8.08497787e-01 2.69999623e-01 9.92595434e-01 1.73960745e-01
    5.01738429e-01 4.37268794e-01 8.10030520e-01 8.92069221e-01
    3.85198146e-01 2.16219634e-01 3.55002284e-02 8.06764364e-02
    4.74551797e-01 3.35435748e-01 2.22211480e-01 6.05231822e-02
    2.16614157e-01 6.17928386e-01 3.07161391e-01 6.56766772e-01
    7.60636032e-01 7.06693292e-01 6.62638724e-01 5.29354990e-01
    8.97142768e-01 6.15142584e-01 3.17996085e-01 9.31001186e-01
    3.49312246e-01 6.62516594e-01 2.39209831e-02 7.03714550e-01
    1.60591096e-01 1.26433402e-01 4.04143631e-02 9.98359740e-01
    6.68177724e-01 7.98920989e-01 4.95944291e-01 8.20788085e-01
    9.75823641e-01 9.60038900e-01 7.71171331e-01 7.39001274e-01
    1.24250531e-01 5.66636324e-01 8.88639688e-01 3.68457913e-01
    8.17962050e-01 4.88376558e-01 1.87527537e-01 1.81182027e-01
    1.61597431e-02 5.52008271e-01 2.16978908e-01 4.34919327e-01
    6.26374006e-01 3.22484881e-01 7.05161572e-01 6.17110610e-01
    6.42781973e-01 5.88588595e-01 6.20928645e-01 1.41063154e-01
    7.13380933e-01 9.47659910e-02 3.46283853e-01 8.14368367e-01
    2.50106752e-02 1.70615077e-01 9.76851285e-02 3.33070099e-01
    7.56775022e-01 8.90226126e-01 8.05282354e-01 5.41660786e-01
    5.38081765e-01 1.72689468e-01 2.28443921e-01 5.84843636e-01
    3.52531314e-01 9.10613894e-01 5.06920695e-01 2.50902832e-01
    6.31215394e-01 2.84715801e-01 1.05402619e-01 8.31224918e-02
    7.24655986e-01 5.90055168e-01 2.33830959e-01 5.52020192e-01
    8.61542463e-01 1.99927121e-01 1.39940441e-01 4.78551447e-01
    3.38769019e-01 5.23137510e-01 8.04187417e-01 4.69144940e-01
    5.67891300e-01 1.89772248e-03 2.39378512e-01 8.32829237e-01
    6.52948678e-01 9.24927950e-01 3.46851289e-01 8.48951459e-01
    5.23557365e-01 5.01051545e-03 5.41431308e-01 1.20866746e-01
    8.99682283e-01 8.88860226e-01 4.36116815e-01 7.85481572e-01
    7.79420435e-01 3.85182798e-01 8.64178717e-01 3.30578983e-01
    2.18564540e-01 1.60255075e-01 5.69663167e-01 6.13909781e-01
    6.02550209e-01 5.96463323e-01 3.15713644e-01 4.05533254e-01
    6.92481697e-01 2.84155726e-01 8.47576976e-01 3.63136888e-01
    3.75623882e-01 5.85814953e-01 3.42648178e-01 3.12790513e-01
    3.28633279e-01 5.05300581e-01 6.87374890e-01 9.01581883e-01
    7.91517019e-01 4.55380440e-01 4.44264174e-01 8.82965624e-01
    6.14165246e-01 7.80527830e-01 2.86684871e-01 5.19528449e-01
    3.34212780e-01 9.08465981e-01 7.70320415e-01 6.38898671e-01
    1.80093497e-01 5.08269787e-01 1.34133250e-01 2.80613899e-02
    1.88098699e-01 9.55152869e-01 2.57756770e-01 2.20162898e-01
    7.77259469e-02 3.86154890e-01 6.96309209e-02 4.56058562e-01
    2.30463535e-01 1.87490582e-01 7.18828201e-01 3.05406749e-01
    1.21167302e-03 7.49522030e-01 2.46641338e-01 8.28596294e-01
    6.21244192e-01 1.03645265e-01 7.85046458e-01 9.66372073e-01
    8.99727941e-01 2.23419249e-01 9.18004870e-01 9.33592319e-02
    5.14405489e-01 3.57835412e-01 8.06557477e-01 6.53771162e-02
    7.99851120e-01 2.41804868e-01 8.02746058e-01 7.92733371e-01
    7.48889565e-01 1.03192329e-01 9.03778791e-01 9.60336328e-01
    8.84024560e-01 6.99041128e-01 5.80495775e-01 2.02051669e-01
    4.39088643e-02 4.43664759e-01 4.12993878e-01 4.60257649e-01
    6.59727216e-01 1.63199395e-01 4.28511381e-01 7.29749143e-01
    7.95619249e-01 9.36799407e-01 5.18179834e-02 7.84301996e-01
    7.87000060e-01 3.73724699e-01 1.67464852e-01 7.12668180e-01
    4.73497987e-01 5.33413947e-01 7.21703589e-01 8.33880663e-01
    5.70778430e-01 6.01341248e-01 2.02748358e-01 4.98933703e-01
    2.87695825e-01 4.48998123e-01 3.98510695e-03 8.87942910e-01
    2.28606820e-01 6.18748426e-01 7.77066946e-01 1.20789826e-01
    5.03792882e-01 7.66119361e-02 5.89931786e-01 5.50327539e-01
    2.33166605e-01 6.19697869e-01 3.67522895e-01 6.51273251e-01
    2.11939961e-01 1.00858510e-01 4.72458303e-02 8.69432390e-02
    4.89051759e-01 9.52690780e-01 9.15626884e-01 7.17545509e-01
    1.54270083e-01 2.73129463e-01 4.59682018e-01 5.53686142e-01
    6.70976818e-01 4.46021676e-01 9.70061958e-01 7.75058031e-01
    7.85333991e-01 3.91158462e-03 7.03187227e-01 6.73571706e-01
    1.00141019e-01 5.26158750e-01 2.97113180e-01 1.65823728e-01
    2.68942058e-01 2.04649270e-01 3.70890081e-01 5.85148454e-01
    7.14849234e-01 2.40122676e-01 9.93324280e-01 1.92293376e-01
    6.35768950e-01 4.99806404e-01 8.35354328e-01 1.10501558e-01
    5.04734516e-01 1.53849781e-01 5.04303217e-01 7.68612444e-01
    3.64890993e-02 1.12856060e-01 1.36909872e-01 1.65214062e-01
    8.80537868e-01 8.13913703e-01 8.08397114e-01 3.76008004e-01
    2.54221827e-01 5.90773523e-01 2.18862116e-01 5.51416636e-01
    7.80836284e-01 6.46108925e-01 6.48198903e-01 7.82350838e-01
    8.06109667e-01 2.20258415e-01 5.77460408e-01 3.96303803e-01
    1.15618110e-02 6.34656847e-01 1.46360070e-01 8.20921779e-01
    7.07929969e-01 7.85338759e-01 4.79343295e-01 2.45184392e-01
    7.50084221e-01 3.45505148e-01 2.79647112e-01 5.08700192e-01
    2.18419045e-01 7.17948139e-01 9.30594444e-01 2.59221137e-01
    6.89603269e-01 1.34355605e-01 2.27340579e-01 9.49777365e-01
    7.28874505e-02 9.94126916e-01 9.69090641e-01 3.18728983e-02
    1.65912092e-01 6.31186604e-01 6.26742244e-02 8.50116014e-01
    2.91600347e-01 9.52895582e-01 8.58212113e-01 2.44565487e-01
    2.61391938e-01 4.65441793e-01 6.56495154e-01 5.18394709e-01
    7.57836103e-01 2.35706329e-01 1.13777608e-01 9.55663919e-02
    1.82368249e-01 9.09762681e-01 2.35491127e-01 6.15148187e-01
    1.61891788e-01 7.59977579e-01 4.48882997e-01 2.12304860e-01
    5.89450419e-01 2.97417521e-01 1.22956634e-02 3.21650147e-01
    5.58216929e-01 4.91155624e-01 3.34163189e-01 4.48993623e-01
    2.63354123e-01 8.79730999e-01 8.35053325e-01 6.53221846e-01
    3.70945632e-02 8.98325324e-01 7.41448998e-01 3.33864510e-01
    9.43889856e-01 9.84967470e-01 9.07663524e-01 9.23320472e-01
    6.90586567e-01 3.96339774e-01 1.27568007e-01 6.74969554e-02
    9.38831985e-01 9.26703393e-01 9.18120146e-04 6.24332786e-01
    5.45757711e-01 8.83637428e-01 6.15565896e-01 1.27144426e-01
    4.64080513e-01 5.70010483e-01 1.90536201e-01 4.95089710e-01
    7.70665407e-01 1.33322388e-01 9.23781157e-01 8.33899021e-01
    3.94463152e-01 5.17032802e-01 5.82855284e-01 2.25804448e-02
    7.16227949e-01 7.09948897e-01 1.65553004e-01 9.56671238e-01
    9.11841273e-01 5.31298697e-01 9.59368825e-01 6.99837863e-01
    2.30762362e-02 7.39979446e-02 7.40424395e-01 9.58862424e-01
    8.27546835e-01 4.47091460e-03 8.14882398e-01 3.39601398e-01
    9.58135128e-01 1.92679763e-01 2.99862027e-03 8.37094307e-01
    1.69823974e-01 9.10321116e-01 8.49886656e-01 5.98874331e-01
    9.59119201e-01 7.05588222e-01 5.32251537e-01 9.13120866e-01
    3.12808037e-01 4.34092522e-01 3.40225935e-01 9.92376447e-01
    9.29080606e-01 9.77542996e-01 2.67262101e-01 2.45148271e-01
    8.58541608e-01 1.66421890e-01 4.70642209e-01 6.94005072e-01
    9.68128920e-01 5.13579428e-01 3.10435236e-01 5.36899865e-01
    6.76120222e-01 5.76405227e-02 5.25819123e-01 5.84499240e-01
    4.36987698e-01 2.45830297e-01 3.33801150e-01 3.78996313e-01
    1.06250852e-01 7.19690204e-01 9.65177536e-01 4.03527260e-01
    2.68657982e-01 1.08959079e-01 4.00263011e-01 5.64375818e-01
    2.53427327e-01 8.14460814e-02 9.69845951e-02 2.38285929e-01
    1.91719234e-02 2.10562885e-01 4.91653502e-01 8.79929423e-01
    3.96608472e-01 1.48299694e-01 3.60867083e-01 1.08383715e-01
    5.71588755e-01 6.33087516e-01 1.10777020e-02 3.00591737e-01
    3.19464326e-01 2.72783637e-01 8.01877022e-01 3.77638161e-01
    2.72003055e-01 1.63086742e-01 1.07421875e-01 4.75630850e-01
    3.61733079e-01 4.53728825e-01 4.11361694e-01 8.16700339e-01
    5.61835885e-01 1.95621133e-01 2.17258990e-01 6.16011262e-01
    4.61450547e-01 5.41517079e-01 1.41579449e-01 2.58619487e-02
    3.58084917e-01 7.14344859e-01 8.76892090e-01 1.58690333e-01
    2.94462532e-01 8.14634502e-01 2.85331070e-01 8.21469188e-01
    6.95955634e-01 3.94832611e-01 6.45838499e-01 4.99148011e-01
    8.29609871e-01 9.92206216e-01 7.31725097e-01 8.11601281e-01
    4.64031458e-01 4.22566652e-01 2.56627202e-01 9.19367671e-01
    8.56710911e-01 2.13736236e-01 5.78912795e-01 1.13968194e-01
    1.13640457e-01 8.74426365e-01 4.29381728e-02 9.69267368e-01
    1.40421480e-01 7.93686390e-01 2.12504357e-01 8.70949149e-01
    3.04401368e-01 8.24041009e-01 7.20362067e-02 7.02541709e-01
    3.85154516e-01 2.71908343e-02 3.71850133e-02 8.21144521e-01
    6.93179190e-01 9.48515654e-01 9.12521362e-01 3.06384593e-01
    9.09585953e-01 9.97718990e-01 8.17539930e-01 6.53731167e-01
    7.42646098e-01 7.80166924e-01 8.93331051e-01 4.24582064e-01
    7.26332068e-01 6.93954110e-01 2.59658992e-02 4.85681593e-02
    5.55119872e-01 7.32867002e-01 1.60449475e-01 1.17180765e-01
    5.20139933e-04 5.81633508e-01 8.48300457e-02 3.32609236e-01
    1.71862453e-01 7.54554033e-01 4.16417718e-01 9.30464506e-01
    4.01978672e-01 1.18854046e-01 4.30647045e-01 5.56384563e-01
    3.05697650e-01 7.95867801e-01 1.29146606e-01 3.31017077e-01
    2.20595807e-01 7.76744187e-02 2.79178321e-02 2.62648940e-01
    9.93147135e-01 4.51305717e-01 2.28478074e-01 3.06705654e-01
    6.95859015e-01 5.25336087e-01 8.55007291e-01 2.71686614e-01
    5.46144128e-01 2.51194119e-01 5.94257295e-01 2.30988443e-01
    6.72060251e-03 8.96126628e-01 5.73317409e-02 8.07652891e-01
    5.60201764e-01 2.41436005e-01 7.51545548e-01 6.60846114e-01
    9.45675611e-01 1.57831937e-01 9.02202010e-01 8.11648607e-01
    3.48820210e-01 2.94569731e-01 8.02398682e-01 4.98661816e-01
    7.84530878e-01 8.44356894e-01 9.30164576e-01 9.27330971e-01
    3.01753998e-01 5.61369717e-01 3.28574598e-01 3.11705858e-01
    9.96550024e-02 9.61426973e-01 3.25013012e-01 1.04527503e-01
    2.40328044e-01 2.22235620e-01 2.78589725e-01 8.17166090e-01
    4.12682891e-02 8.60259533e-01 5.31234741e-01 7.98099339e-02
    8.54991674e-01 9.29570794e-02 9.23159480e-01 1.20873749e-01
    5.99384606e-02 6.58717394e-01 8.87291670e-01 5.31651735e-01
    1.45847201e-02 5.41632354e-01 4.53783721e-01 6.28651321e-01
    3.12510729e-01 2.27800906e-01 4.67207372e-01 1.74889892e-01
    9.63304520e-01 3.50751340e-01 3.56008619e-01 4.70808387e-01
    7.46254385e-01 2.26678044e-01 5.62022090e-01 3.50021064e-01
    1.29135907e-01 3.33117098e-01 2.64715910e-01 1.88362628e-01
    7.32180595e-01 6.55214369e-01 3.02312374e-02 7.77801216e-01
    6.39584005e-01 3.62563908e-01 7.36078024e-01 5.55453360e-01
    8.51249099e-02 7.85030365e-01 3.44012320e-01 7.47689307e-02
    9.42342281e-01 1.63310230e-01 9.10019636e-01 9.79137063e-01
    4.98153567e-01 3.84772658e-01 2.01833248e-03 3.32048744e-01
    7.36255705e-01 2.66035795e-02 6.23721480e-02 7.04033077e-01
    6.43706620e-02 8.85903001e-01 2.81077564e-01 8.52077842e-01
    5.93198299e-01 1.59996480e-01 4.26261127e-01 7.42938221e-01
    2.20934927e-01 2.57194847e-01 9.09532726e-01 8.36780548e-01
    7.16261566e-01 6.01599932e-01 9.78326082e-01 8.06721926e-01
    2.24944949e-02 2.78626919e-01 9.76222992e-01 7.20679879e-01
    4.09063101e-01 8.93229783e-01 8.12512696e-01 7.77130127e-01
    6.13193989e-01 6.17188096e-01 1.98460847e-01 7.61588335e-01
    7.28663981e-01 3.42391193e-01 5.39160371e-02 2.03527540e-01
    4.51563299e-01 5.19917905e-01 5.58930159e-01 4.68553573e-01
    8.68803322e-01 1.29962206e-01 9.28925335e-01 4.66090262e-01
    8.79780769e-01 5.76811135e-02 9.86962616e-02 3.22324783e-01
    9.62415040e-02 4.58958000e-01 9.35274780e-01 1.49745196e-01
    2.82049507e-01 3.74147326e-01 3.80715936e-01 2.49160290e-01
    7.76311040e-01 5.99919736e-01 6.95177913e-01 6.29933178e-02
    9.20933366e-01 1.20253325e-01 9.56431031e-03 9.58443642e-01
    4.76609766e-01 3.19766998e-02 8.31827879e-01 8.14201951e-01
    7.27875829e-01 7.13494718e-02 2.83580720e-01 8.66739750e-02
    8.89582157e-01 9.70186055e-01 2.32865483e-01 7.92106509e-01
    9.20854449e-01 8.09936643e-01 8.67713451e-01 6.44814372e-01
    9.43726301e-02 7.86860406e-01 3.54273081e-01 2.55440742e-01
    1.51820451e-01 3.01209450e-01 6.60090089e-01 5.85426033e-01
    6.05758607e-01 6.18678093e-01 6.64773881e-01 9.67406273e-01
    7.02984750e-01 7.03127265e-01 8.30909491e-01 6.94141984e-01
    1.26659125e-01 1.46966308e-01 2.94459343e-01 7.39432216e-01
    7.85314560e-01 9.45982099e-01 9.74067569e-01 9.66238797e-01
    4.39765751e-02 1.31508827e-01 7.29192495e-02 1.76088214e-01
    7.05744922e-01 9.96262789e-01 3.55331928e-01 9.46742713e-01
    3.66546124e-01 2.20900059e-01 7.41135657e-01 7.72044957e-01
    2.80375421e-01 6.51002765e-01 6.77791893e-01 9.22463834e-01
    2.52495885e-01 8.02388191e-01 4.52757627e-01 6.95796728e-01
    8.60545635e-01 1.54972374e-01 6.02431893e-02 5.10939538e-01
    8.87631536e-01 2.64152318e-01 1.65552229e-01 5.79390883e-01
    8.02513361e-01 8.03419113e-01 5.97907066e-01 4.77840036e-01
    4.61507171e-01 3.29420030e-01 4.26739872e-01 6.72322869e-01
    4.36773300e-01 2.41689116e-01 8.46084774e-01 2.88030386e-01
    6.52209342e-01 4.38405424e-01 4.77150261e-01 2.61758268e-01
    8.34498823e-01 1.26714021e-01 7.51873493e-01 4.49498653e-01
    5.05497813e-01 5.53372324e-01 9.49452400e-01 9.25952554e-01
    2.23065019e-02 8.61257315e-02 1.36126310e-01 6.25067651e-02
    2.09087640e-01 2.46190935e-01 4.90916133e-01 9.73803282e-01
    5.81964493e-01 5.29238582e-03 4.01491344e-01 4.38098371e-01
    5.17348230e-01 9.20367241e-01 8.69446039e-01 3.82019877e-02
    9.07941461e-02 4.06153619e-01 7.59508610e-01 1.98766887e-01
    3.17478269e-01 1.25312388e-01 3.93100023e-01 3.49261642e-01
    2.27116257e-01 5.39815485e-01 7.40005851e-01 5.77087283e-01
    4.70600188e-01 3.50372136e-01 7.66843975e-01 2.25786567e-02
    8.59504461e-01 5.16949892e-01 3.73711377e-01 9.89173889e-01
    6.32580400e-01 7.63350070e-01 6.43243968e-01 6.16335630e-01
    7.95671105e-01 3.93886983e-01 2.19204426e-01 9.92419481e-01
    4.40975428e-02 3.67679805e-01 3.99037451e-01 1.70274675e-01
    9.94079471e-01 7.27045476e-01 4.26928699e-02 5.95464051e-01
    9.75041389e-01 4.20899510e-01 4.53238308e-01 8.34617972e-01
    2.76726365e-01 2.08510727e-01 8.59051943e-03 5.56966960e-01
    1.22079760e-01 6.48865283e-01 9.82237101e-01 9.36920941e-02
    5.27454317e-02 3.44462395e-02 4.61634755e-01 1.11866534e-01
    7.83253431e-01 7.94297338e-01 7.01266944e-01 8.62963676e-01
    3.90884906e-01 4.99574840e-01 8.02670836e-01 2.89345771e-01
    3.65498364e-01 8.78484309e-01 5.44107437e-01 1.75918996e-01
    3.11363339e-02 4.23496366e-02 3.59976441e-01 7.44476140e-01
    7.69813955e-01 9.12920237e-01 1.67429328e-01 5.12229443e-01
    1.37431592e-01 2.32438445e-01 4.72364157e-01 2.25803256e-03
    3.43391538e-01 5.11981964e-01 2.54917026e-01 3.58321309e-01
    5.42747319e-01 7.90439427e-01 4.76868004e-01 1.01432920e-01
    1.69714272e-01 3.29251170e-01 7.70430326e-01 5.12039065e-01
    6.57927155e-01 8.76545310e-01 2.14769542e-02 6.32036746e-01
    5.43863833e-01 3.71785492e-01 6.20260477e-01 9.67901945e-02
    9.53588367e-01 3.38225067e-01 6.14080667e-01 9.00836468e-01
    2.62916058e-01 6.64319634e-01 2.33297765e-01 6.13245368e-01
    8.92705798e-01 4.99622285e-01 1.71536535e-01 9.51988816e-01
    2.93498755e-01 6.91143513e-01 1.27183497e-02 3.82091045e-01
    5.64008653e-02 8.25152874e-01 8.35613608e-01 4.16750044e-01
    4.71328288e-01 2.60019004e-02 6.90915108e-01 4.45899189e-01
    2.24427879e-01 5.39337218e-01 8.66973281e-01 5.61370611e-01
    4.07051742e-01 3.36773098e-01 9.53438878e-02 9.08910990e-01
    4.90473241e-01 8.49654496e-01 1.39954388e-02 7.20474720e-01
    6.10018134e-01 3.46673161e-01 2.41690218e-01 1.85987562e-01
    4.23712611e-01 8.31755519e-01 8.68386030e-02 5.79954028e-01
    5.85767567e-01 5.43428600e-01 4.06302869e-01 8.07595015e-01
    6.85494661e-01 3.75601053e-01 4.28434491e-01 6.16160691e-01
    9.30695653e-01 7.49837399e-01 3.46317291e-01 4.13214892e-01
    5.16023278e-01 8.55161667e-01 1.70992017e-02 5.60042620e-01
    5.51259577e-01 5.81750691e-01 8.61825585e-01 8.58118534e-02
    6.07560873e-01 1.19640738e-01 4.62452799e-01 3.27040255e-01
    7.63089538e-01 3.70480776e-01 5.50162017e-01 6.95918739e-01
    9.84062850e-01 2.51154900e-01 6.10322237e-01 8.34985375e-01
    2.99332082e-01 8.76598656e-02 4.14131522e-01 7.25727975e-01
    5.54061532e-02 3.36684227e-01 6.35240376e-01 9.36879039e-01
    3.06193441e-01 7.12665558e-01 4.51820493e-02 5.72252691e-01
    3.38018596e-01 6.32206321e-01 4.99595821e-01 8.30906749e-01
    6.56710744e-01 9.12193418e-01 6.96217716e-01 1.09661639e-01
    9.69882071e-01 8.72264624e-01 1.15540326e-02 2.66277373e-01
    9.29594100e-01 2.38801777e-01 2.99788237e-01 6.10029697e-01
    4.55943048e-01 6.84761405e-01 2.06276953e-01 4.29095328e-01
    9.51719820e-01 5.54951906e-01 4.33914989e-01 7.18916118e-01
    6.37223482e-01 2.24290282e-01 6.82377219e-02 1.46013558e-01
    3.05377096e-01 4.45305169e-01 5.52582979e-01 6.49207413e-01
    6.80488646e-01 4.68295723e-01 6.36285305e-01 4.32822645e-01
    3.40590566e-01 9.26505089e-01 4.60714102e-04 8.07125866e-01
    5.47339141e-01 7.62126565e-01 9.12210226e-01 7.18564928e-01
    2.43524641e-01 2.34071493e-01 9.12352681e-01 1.96353018e-01
    6.56278372e-01 3.54799211e-01 3.45508754e-01 4.82088745e-01
    7.81302929e-01 9.53690290e-01 4.04497445e-01 5.23552835e-01
    9.38403010e-01 1.42691910e-01 6.20972633e-01 1.69925064e-01
    4.56402153e-01 5.25416791e-01 6.35660172e-01 8.84548724e-01
    3.38412702e-01 2.22216100e-01 3.74593914e-01 9.55809712e-01
    7.49464631e-02 9.65103149e-01 1.04428083e-01 6.44639254e-01
    4.92459953e-01 6.37647450e-01 3.51159275e-02 8.44343305e-01
    3.00612390e-01 4.67707396e-01 1.00061834e-01 2.60196388e-01
    8.64902854e-01 2.98206747e-01 5.73833346e-01 2.46109098e-01
    6.07781351e-01 8.30739379e-01 5.15154421e-01 2.55561292e-01
    5.44451475e-01 9.60371971e-01 2.06332952e-01 5.95773935e-01
    8.89526129e-01 6.85585916e-01 1.41238838e-01 6.81230724e-01
    9.00468826e-01 6.69963896e-01 1.35589540e-01 4.58748400e-01
    6.95194662e-01 8.05920482e-01 4.48890656e-01 7.42319584e-01
    6.84046090e-01 1.04041696e-02 7.46332407e-01 5.05447507e-01
    7.11211681e-01 8.12152743e-01 9.81790483e-01 5.24973869e-03
    2.03897119e-01 5.86111605e-01 5.31321168e-02 1.25369430e-03
    9.43921328e-01 5.82887053e-01 1.67058438e-01 1.66792840e-01
    7.10376024e-01 4.26189244e-01 5.14315426e-01 9.39819694e-01
    3.62655282e-01 6.07638359e-01 3.96355629e-01 9.68614817e-01
    3.69520515e-01 2.25799173e-01 3.83269697e-01 8.61210942e-01
    2.87434578e-01 2.76528478e-01 9.01287198e-01 1.72258198e-01
    9.14454460e-01 1.51109993e-01 9.17703629e-01 8.73342156e-01
    2.28774399e-01 5.31969190e-01 7.85612583e-01 1.59017146e-02
    1.35773093e-01 9.90875602e-01 1.01008058e-01 4.06178921e-01
    8.76974165e-02 1.77096337e-01 1.32428885e-01 6.87843025e-01
    4.08431530e-01 2.37162322e-01 6.30457520e-01 4.86382812e-01
    6.81484222e-01 5.43347776e-01 2.29975939e-01 3.14415932e-01
    7.11631775e-01 4.39204961e-01 8.78174305e-01 3.10684621e-01
    4.12719101e-01 3.87885779e-01 9.31541800e-01 4.06775951e-01
    5.75317621e-01 9.98278379e-01 9.03943777e-01 1.36961788e-01
    3.21722329e-01 7.98595667e-01 1.83645755e-01 6.91106617e-01
    6.20092452e-02 1.99252903e-01 5.00369072e-03 5.74018955e-01
    3.97325993e-01 8.85632753e-01 8.41647089e-02 8.56763244e-01
    4.06641662e-01 7.07376897e-01 8.24836969e-01 2.81686753e-01
    1.35254115e-01 1.97286606e-02 9.53682542e-01 2.51017809e-02
    5.28306663e-01 7.35210240e-01 8.03188324e-01 3.17013592e-01
    7.16224790e-01 2.18130648e-02 8.41438711e-01 9.44607019e-01
    8.47507119e-02 3.95593882e-01 7.67933965e-01 3.24614227e-01
    7.49412477e-02 4.75608021e-01 6.80566430e-01 4.84332055e-01
    3.00499141e-01 9.13428366e-01 6.93405867e-01 1.66219354e-01
    7.66467690e-01 3.47786307e-01 7.19640851e-01 5.45880139e-01
    3.46015871e-01 1.37685716e-01 6.68065548e-02 6.07209504e-01
    3.77083600e-01 6.98400497e-01 3.42866242e-01 4.05198723e-01
    3.68382335e-01 8.42977047e-01 6.59358621e-01 5.62540472e-01
    7.95645475e-01 4.51633334e-01 1.49067789e-01 5.70634067e-01
    2.07755595e-01 5.25030196e-02 7.41314054e-01 3.27685475e-01
    5.64403832e-02 9.64770198e-01 5.99744439e-01 8.23806345e-01
    3.26371968e-01 2.85209119e-02 4.37084317e-01 3.48219454e-01
    5.34877360e-01 8.88196468e-01 8.45632255e-02 4.67852116e-01
    1.95876420e-01 7.09039748e-01 6.68529510e-01 3.01489174e-01
    8.40818524e-01 5.55701435e-01 6.26378715e-01 5.18548310e-01
    9.87658381e-01 7.47873783e-01 4.52292353e-01 9.61034179e-01
    6.45413101e-01 1.01535946e-01 1.36642605e-01 1.04880184e-01
    1.67197436e-01 2.85297334e-02 8.97314429e-01 5.00992239e-01
    8.88288975e-01 1.54250652e-01 7.18815565e-01 2.35830307e-01
    1.23215556e-01 3.02008927e-01 4.57606018e-01 4.71104652e-01
    7.46956170e-01 9.23516750e-01 9.88080025e-01 1.50347680e-01
    6.38393283e-01 9.25075412e-01 6.35545671e-01 7.43427992e-01
    7.20007956e-01 4.74953204e-01 2.68018723e-01 7.97324538e-01
    9.50322390e-01 9.05782342e-01 3.53189945e-01 4.69357163e-01
    3.64639789e-01 6.39158487e-02 2.67658770e-01 8.66742373e-01
    6.49649978e-01 3.92110378e-01 8.40181291e-01 8.59607339e-01
    9.78124917e-01 3.26918423e-01 8.87385368e-01 2.31592149e-01
    9.74839330e-01 3.78372997e-01 3.70663613e-01 3.12320977e-01
    7.87781596e-01 8.46131504e-01 9.06252563e-02 1.16420478e-01
    7.27460027e-01 9.20090199e-01 1.41407609e-01 6.70320153e-01
    6.99126780e-01 7.85919547e-01 6.15450382e-01 1.14063561e-01
    7.42312193e-01 1.75157160e-01 8.23189616e-01 8.54541302e-01
    8.73739719e-01 1.13269031e-01 9.63003278e-01 1.99661136e-01
    5.74380279e-01 4.99147773e-02 4.33232009e-01 8.65303516e-01
    4.19021249e-01 1.20622158e-01 9.15697277e-01 1.51778162e-01
    1.45952553e-01 2.95147717e-01 3.57818365e-01 6.55116618e-01
    2.31667727e-01 3.49307865e-01 9.98711109e-01 4.78529304e-01
    8.51174593e-01 7.91660786e-01 7.49473453e-01 6.36920333e-02
    6.12313330e-01 3.23056638e-01 7.83602595e-01 1.35873139e-01
    5.81858516e-01 2.88892776e-01 2.93732315e-01 7.13482499e-01
    4.65169996e-01 5.30389071e-01 2.82412946e-01 8.15369844e-01
    4.33694959e-01 3.01776677e-01 2.36474216e-01 6.26873612e-01
    8.63046169e-01 3.39131832e-01 1.27983242e-01 1.35050595e-01
    8.77764642e-01 4.36116695e-01 2.78844237e-01 9.62661564e-01
    6.87533796e-01 6.69240773e-01 5.59690714e-01 8.16699266e-02
    1.83575541e-01 7.40532517e-01 9.79603589e-01 1.58175856e-01
    5.24908900e-01 1.13543332e-01 9.21761394e-01 1.08774185e-01
    9.93934274e-01 4.81357574e-02 2.42212713e-01 4.33910370e-01
    1.65697098e-01 8.50706339e-01 6.54324591e-02 4.08759952e-01
    1.48275375e-01 5.32188952e-01 3.27572763e-01 9.95382905e-01
    3.23283434e-01 9.88472164e-01 2.29588449e-01 6.73835039e-01
    8.05893898e-01 5.77078700e-01 6.34444237e-01 2.75857627e-01
    2.33918190e-01 4.38358486e-02 1.90769017e-01 8.71577859e-03
    4.26689208e-01 4.40195978e-01 4.17692065e-02 8.52033257e-01
    5.48969805e-01 9.90978718e-01 2.23680466e-01 9.21941280e-01
    1.80529028e-01 6.08937502e-01 8.04939747e-01 3.06754351e-01
    6.69252396e-01 6.53771818e-01 7.17597306e-02 2.02822119e-01
    1.85223281e-01 1.57653689e-02 4.00135309e-01 9.19130862e-01
    7.63067007e-02 8.56914282e-01 7.74115086e-01 6.86847031e-01
    4.60852683e-01 4.33889449e-01 5.89504123e-01 7.20822811e-01
    2.76837647e-02 6.31131530e-01 8.72437119e-01 5.53994000e-01
    3.74174058e-01 7.53814638e-01 1.37675405e-02 4.54371482e-01
    8.70474219e-01 4.69156206e-01 1.57632023e-01 2.47605026e-01
    2.59845972e-01 5.20078719e-01 7.54352808e-02 8.48066926e-01
    6.54587865e-01 1.71796918e-01 1.57564789e-01 5.38572669e-02
    5.21072388e-01 7.32365131e-01 7.75471389e-01 1.79800272e-01
    9.11469102e-01 7.08272457e-01 9.44687724e-02 5.98600745e-01
    2.96491504e-01 4.14114773e-01 8.04146409e-01 1.86893314e-01
    8.17799807e-01 7.30611324e-01 9.27697182e-01 9.01952922e-01
    1.50157303e-01 8.10822845e-03 5.47883749e-01 6.23087227e-01
    1.47059023e-01 1.99259877e-01 8.15664470e-01 2.31453657e-01
    9.59212780e-01 8.90910029e-02 2.95536041e-01 9.34225798e-01
    2.12447196e-01 3.72591615e-02 6.88257992e-01 4.75028962e-01
    4.37563658e-03 1.32078886e-01 2.49545097e-01 8.91836047e-01
    1.18874133e-01 4.07105833e-01 6.70416832e-01 8.61736834e-02
    5.69129050e-01 7.24354982e-01 8.11018050e-01 1.85377479e-01
    4.02521044e-01 9.92527425e-01 5.40936828e-01 5.25056183e-01
    7.99773693e-01 5.92467129e-01 1.01214200e-01 2.85001099e-02
    2.28570849e-01 4.77533847e-01 6.41836882e-01 5.19743443e-01
    9.14193034e-01 7.92847514e-01 6.84021950e-01 4.77230549e-01
    5.70252240e-01 5.80546975e-01 1.95791364e-01 7.28297532e-01
    5.18396199e-01 7.13424623e-01 5.62771857e-01 5.25563657e-02
    7.21639097e-01 6.73385561e-02 4.44817632e-01 2.78526723e-01
    1.01243287e-01 8.58118117e-01 9.45671916e-01 3.61015558e-01
    6.06350124e-01 2.50882208e-02 3.45887303e-01 6.68994486e-02
    9.72655416e-01 1.30131841e-01 6.82415605e-01 6.98381066e-01
    3.77314031e-01 1.18458718e-01 7.12549329e-01 3.66559178e-01
    8.25609982e-01 4.76446003e-01 3.03689688e-01 6.75462782e-01
    4.79509801e-01 6.47032559e-02 9.72115040e-01 4.92906570e-03
    9.28382754e-01 6.66042507e-01 3.20111334e-01 3.18509638e-01
    7.36079812e-01 7.54510641e-01 5.85334599e-01 1.41843319e-01
    9.74611044e-01 8.77480209e-01 6.80022180e-01 7.53497362e-01
    6.11946762e-01 3.74180436e-01 6.48205876e-02 2.50068426e-01
    2.84745574e-01 7.47589171e-01 8.84250522e-01 4.33678031e-02
    6.85107410e-01 3.36724460e-01 8.32798719e-01 3.39001000e-01
    6.69655800e-01 4.13551748e-01 1.40089303e-01 5.63634634e-01
    3.36206079e-01 4.17748421e-01 6.67317212e-02 9.48854864e-01
    7.02126861e-01 9.35806751e-01 4.44909126e-01 4.37248528e-01
    4.77717459e-01 3.80649537e-01 6.08510077e-01 1.20959759e-01
    5.64259052e-01 8.90831470e-01 6.90980315e-01 8.32597256e-01
    5.96714497e-01 9.11164045e-01 8.07775438e-01 3.93611789e-02
    4.53040898e-01 3.09209526e-02 2.56755710e-01 1.02676183e-01
    8.00318718e-02 1.22621804e-01 1.50201231e-01 8.88651490e-01
    8.02709699e-01 6.54843092e-01 8.25852394e-01 2.82208204e-01
    9.74506795e-01 8.60324621e-01 9.13769007e-02 9.45618033e-01
    6.60804987e-01 1.35030478e-01 2.82016873e-01 5.54564714e-01
    6.17848754e-01 3.21839064e-01 7.94507265e-02 3.59815955e-02
    3.31875205e-01 9.59515512e-01 8.64946544e-01 3.51660997e-01
    7.49373913e-01 4.66494769e-01 4.40163046e-01 7.94100881e-01
    7.13500619e-01 5.84353566e-01 7.13375032e-01 7.08912730e-01
    7.08541989e-01 9.60711837e-01 8.18634272e-01 6.43687844e-01
    3.39195013e-01 9.51904893e-01 8.85514140e-01 8.57783914e-01
    1.44220889e-01 5.28678238e-01 5.39876699e-01 1.09420717e-01
    3.32112938e-01 4.81339216e-01 1.96428835e-01 3.12965304e-01
    7.43314862e-01 1.52813792e-01 3.88290405e-01 6.06274605e-02
    2.59056300e-01 4.26890314e-01 4.66840476e-01 7.20105767e-01
    4.19663489e-02 9.85376000e-01 3.27466935e-01 6.00249112e-01
    4.05173600e-01 9.78596926e-01 5.79792738e-01 4.59761828e-01
    9.07584310e-01 3.79973561e-01 2.71884501e-01 3.17015827e-01
    6.09331250e-01 8.83570194e-01 4.12434340e-01 5.56455076e-01
    6.25331402e-01 9.53488350e-02 8.29455853e-01 8.84925842e-01
    9.08977628e-01 8.32895100e-01 9.68994975e-01 1.33770943e-01
    9.83420730e-01 7.80367553e-02 1.71546847e-01 1.66181892e-01
    8.52670312e-01 3.85391414e-02 4.10423011e-01 2.79151410e-01
    7.29680240e-01 2.05458373e-01 2.14695632e-02 3.07871372e-01
    9.70682979e-01 4.02944028e-01 1.82172656e-03 5.66126823e-01
    8.48323464e-01 3.10058087e-01 6.55891061e-01 8.03875148e-01
    9.06929016e-01 6.33513093e-01 7.20913827e-01 1.96765274e-01
    4.85962808e-01 9.07543302e-01 2.65811801e-01 2.86047757e-02
    5.15615284e-01 5.36024690e-01 1.07668400e-01 2.63190329e-01
    3.09988320e-01 2.64860988e-01 5.05982459e-01 5.91075897e-01
    4.72143739e-01 9.69803333e-03 5.59824884e-01 6.48129225e-01
    6.27705455e-02 3.00334454e-01 3.76650393e-02 6.27521336e-01
    9.65458751e-01 2.41166919e-01 6.36741877e-01 6.25686049e-01
    6.05785429e-01 6.55326724e-01 3.87046933e-02 5.46837151e-01
    1.09238058e-01 3.43467742e-01 1.76668137e-01 3.43446672e-01
    6.23520136e-01 9.70571399e-01 1.37982249e-01 7.80368447e-01
    7.05637991e-01 5.89578390e-01 1.70358270e-01 9.58954930e-01
    6.52506769e-01 1.51933342e-01 9.53552842e-01 2.76051700e-01
    5.30482292e-01 8.37045550e-01 1.10856652e-01 1.89001381e-01
    1.62063867e-01 4.56153780e-01 1.11961007e-01 4.12170857e-01
    3.61975610e-01 7.77670264e-01 4.85975593e-01 6.79824352e-02
    6.04208469e-01 9.89663243e-01 8.79908979e-01 2.82140940e-01
    3.31509054e-01 7.36954212e-01 6.19166017e-01 1.72109902e-01
    6.60954297e-01 9.65158105e-01 2.06731111e-01 7.52335310e-01
    7.29443789e-01 1.90645754e-02 3.25676084e-01 4.91119653e-01
    3.45956564e-01 8.30391943e-02 3.84894788e-01 4.27910775e-01
    7.44206011e-02 3.84339154e-01 7.30583310e-01 1.35032266e-01
    3.52536321e-01 2.14679092e-01 1.21957362e-02 6.47166848e-01
    9.77157950e-01 6.76447988e-01 1.84070766e-01 4.83930469e-01
    5.20013690e-01 2.48567611e-01 1.25290185e-01 8.80111098e-01
    5.56240618e-01 9.22964334e-01 9.58366096e-02 1.80668920e-01
    6.31205976e-01 3.35282981e-01 4.59097683e-01 7.02528536e-01
    8.31156731e-01 4.60807949e-01 6.55453563e-01 7.33628571e-02
    6.66491687e-01 3.84114563e-01 2.09416807e-01 5.34529567e-01
    4.65815604e-01 7.14673281e-01 8.60097051e-01 4.84986722e-01
    4.09135967e-01 9.36450422e-01 1.96898758e-01 7.50716567e-01
    8.33600700e-01 7.49132872e-01 2.55963326e-01 4.58666086e-02
    2.96376139e-01 6.68321967e-01 8.01395595e-01 6.14292264e-01
    5.87201834e-01 7.59600282e-01 1.29537016e-01 9.86577272e-01
    6.71820939e-01 6.27027631e-01 2.48523742e-01 6.87644780e-01
    7.47302175e-01 5.70367575e-02 5.40238500e-01 9.82274771e-01
    8.65698457e-01 7.90583730e-01 5.52907884e-02 9.89305079e-02
    6.50454044e-01 6.27231836e-01 9.64553952e-02 8.90040755e-01
    1.41125828e-01 6.63408399e-01 6.67236090e-01 5.02686918e-01
    3.85207951e-01 8.12576056e-01 6.37982130e-01 4.64390606e-01
    8.04252446e-01 6.99273467e-01 1.80101484e-01 6.55033350e-01
    2.74990410e-01 5.72036803e-02 3.18240643e-01 1.92003220e-01
    4.58456665e-01 5.44565141e-01 9.95346606e-02 6.66484237e-01
    6.45289123e-02 8.79286408e-01 5.76309562e-02 5.58276653e-01
    6.73761129e-01 2.92301476e-02 1.76859885e-01 9.87087190e-02
    4.59209710e-01 3.02229881e-01 1.70927644e-02 6.14961684e-01
    5.28614402e-01 6.30414426e-01 1.48301631e-01 1.19278848e-01
    4.71569568e-01 1.63573176e-01 1.28208488e-01 1.79450810e-01
    2.73730457e-01 5.70166588e-01 5.73942661e-02 1.10045642e-01
    6.97480261e-01 6.74903691e-01 2.02322364e-01 1.80505425e-01
    7.98310697e-01 7.94455886e-01 8.22924674e-01 3.05920988e-01
    2.23820806e-01 7.59664953e-01 6.70810819e-01 5.16834855e-01
    2.20295340e-01 7.80406237e-01 3.35701764e-01 8.22030067e-01
    1.50353014e-02 1.67664200e-01 5.70268035e-02 9.30284381e-01
    4.87099797e-01 4.74270731e-01 7.53321528e-01 1.33864611e-01
    9.16433513e-01 6.45643473e-03 3.26350600e-01 8.92833531e-01
    5.03075898e-01 6.89301610e-01 5.44919968e-01 7.34902024e-02
    3.24385405e-01 2.68685460e-01 5.11881828e-01 3.83152038e-01
    3.06529254e-01 9.12379324e-02 5.83846271e-02 2.11128116e-01
    7.49269605e-01 9.05070424e-01 2.50370085e-01 4.69878614e-01
    1.32148683e-01 6.47034526e-01 3.50555718e-01 6.21128917e-01
    7.44465053e-01 2.43082911e-01 2.89733708e-01 1.76746219e-01
    2.30554253e-01 2.55251944e-01 8.04351211e-01 2.65093058e-01
    9.43794250e-01 7.65255511e-01 3.20026189e-01 1.65933758e-01
    4.31162149e-01 5.55570126e-01 6.98160946e-01 8.45830560e-01
    9.25137103e-02 4.07562912e-01 7.38651931e-01 3.16016346e-01
    6.42510951e-01 1.06391728e-01 7.33984888e-01 7.95373678e-01
    7.20937014e-01 5.16635239e-01 4.96117264e-01 4.00826126e-01
    6.70916677e-01 5.82839668e-01 5.38226366e-01 5.07925093e-01
    3.41642678e-01 8.35859478e-02 1.76541477e-01 9.61164534e-01
    3.16036284e-01 5.31400263e-01 3.93320680e-01 3.77304584e-01
    4.27170962e-01 7.92884588e-01 4.36796248e-02 8.20089817e-01
    4.47392911e-01 5.73073030e-01 6.97563291e-01 6.72230184e-01
    7.65189230e-01 3.85517031e-01 3.24841201e-01 7.93124318e-01
    3.57380688e-01 9.47135091e-01 9.56345320e-01 4.89915550e-01
    3.00917625e-01 7.44315267e-01 6.67666614e-01 7.29654133e-01
    3.76166701e-01 8.80995512e-01 6.75834239e-01 7.17134714e-01
    8.86561096e-01 5.69554269e-02 9.09152329e-01 4.89612162e-01
    3.98114413e-01 7.25258946e-01 1.82153434e-01 6.08333707e-01
    9.28929925e-01 2.39155740e-01 1.55477673e-01 8.01316500e-01
    8.46680522e-01 6.63065612e-02 7.14049399e-01 5.46571732e-01
    3.33970219e-01 6.39391303e-01 6.35961652e-01 1.05774194e-01
    4.77615356e-01 6.39361024e-01 1.11729532e-01 7.13783860e-01
    1.17486447e-01 1.51056349e-02 9.31529164e-01 6.72827363e-01
    4.72345173e-01 4.45997834e-01 5.84712803e-01 6.17690086e-01
    9.53441322e-01 8.80767941e-01 2.71539360e-01 9.84186947e-01
    4.14399892e-01 4.07860875e-02 2.24382758e-01 4.96885300e-01
    8.12912107e-01 5.94334126e-01 7.85747766e-01 9.81559038e-01
    4.38712418e-01 9.95056152e-01 1.56156123e-01 1.11168712e-01
    2.26589382e-01 2.40105093e-01 6.89032674e-01 7.64530241e-01
    7.30558693e-01 9.07744884e-01 5.04645050e-01 9.99350965e-01
    5.46007395e-01 2.54526138e-01 6.92135751e-01 3.08371753e-01
    4.16144371e-01 3.77766669e-01 7.94824123e-01 1.21268183e-01
    3.39554012e-01 8.64204288e-01 2.36699581e-02 4.73037392e-01
    4.09059554e-01 7.38226533e-01 9.46173310e-01 2.87464261e-03
    5.49440384e-01 8.57996702e-01 8.01007748e-01 8.72299433e-01
    8.40098858e-01 2.85269916e-01 1.47788823e-02 2.67561793e-01
    1.17227405e-01 1.27819955e-01 5.89675307e-02 6.36799812e-01
    5.18046737e-01 3.11793119e-01 7.98878074e-02 4.39575940e-01
    8.73678207e-01 2.46449649e-01 4.69724745e-01 4.83888388e-01
    1.41328603e-01 8.95531178e-01 9.78980660e-01 1.61681086e-01
    7.69338965e-01 5.20916224e-01 9.42763209e-01 3.67253870e-01
    5.22007346e-01 5.11525095e-01 6.84132993e-01 5.80656409e-01
    9.70842600e-01 4.52743292e-01 7.05167532e-01 9.55491662e-01
    7.23171473e-01 3.16845477e-01 9.34377670e-01 9.14578557e-01
    3.70067954e-01 8.18021953e-01 3.65215153e-01 6.83506608e-01
    3.56184244e-01 2.72006929e-01 9.94342923e-01 5.18870831e-01
    2.27803409e-01 5.51251590e-01 8.07294130e-01 7.22735226e-02
    1.00180030e-01 6.35122895e-01 8.03954482e-01 4.81953830e-01
    7.10791290e-01 1.27380610e-01 1.74957544e-01 6.33786798e-01
    5.01644790e-01 3.17723811e-01 3.05877388e-01 4.00910020e-01
    4.45337385e-01 3.53240281e-01 9.44220781e-01 6.14344597e-01
    5.18541932e-01 5.14543593e-01 8.32239032e-01 3.81675333e-01
    2.95664698e-01 7.93732703e-01 7.23157942e-01 7.09391832e-01
    6.03353143e-01 8.72725248e-01 1.78253740e-01 2.51646012e-01
    6.65870368e-01 1.59438014e-01 8.35882783e-01 1.08639568e-01
    8.75869155e-01 9.27960992e-01 8.27271461e-01 7.34062433e-01
    6.87714100e-01 9.37111557e-01 2.64051139e-01 5.39374590e-01
    8.49546850e-01 3.41088921e-01 4.09242809e-02 3.76819849e-01
    7.41554499e-01 3.00253510e-01 2.37225592e-02 6.81145310e-01
    7.24328876e-01 4.06765699e-01 2.41235256e-01 4.88200992e-01
    2.76887208e-01 6.40909076e-01 5.03285110e-01 9.90675807e-01
    3.61073911e-01 6.27954721e-01 8.57045174e-01 3.50387782e-01
    8.33726346e-01 3.13531518e-01 6.07301891e-02 2.37884074e-01
    2.38325059e-01 4.22434211e-02 6.61284089e-01 2.25380361e-02
    5.30499935e-01 3.95750880e-01 7.54391193e-01 5.45494735e-01
    5.77314377e-01 1.73043638e-01 4.45016891e-01 2.14613169e-01
    3.81357670e-02 3.35723430e-01 4.71372038e-01 7.49371946e-01
    5.02465129e-01 9.15465713e-01 6.67612672e-01 8.96794200e-02
    9.71151292e-02 7.11121917e-01 1.87992573e-01 1.19611830e-01
    4.21423495e-01 2.86684811e-01 1.04722768e-01 7.50705957e-01
    5.87029815e-01 5.73156714e-01 4.39393461e-01 5.20717382e-01
    2.18965948e-01 9.91694152e-01 9.95591640e-01 6.88879848e-01
    1.25869125e-01 6.56851530e-01 5.26346028e-01 5.71509719e-01
    6.52974188e-01 4.97036994e-01 4.43061292e-01 9.75252271e-01
    5.10126114e-01 5.28929472e-01 2.77756333e-01 3.75816315e-01
    7.13956475e-01 3.76324534e-01 8.26551557e-01 1.73443437e-01
    5.27967632e-01 5.90189219e-01 6.05843306e-01 1.05892569e-01
    9.50277328e-01 1.07835740e-01 4.53782916e-01 9.56840396e-01
    7.43490577e-01 7.77864277e-01 2.47529447e-02 4.30777133e-01
    9.53820169e-01 3.85831803e-01 5.32877445e-01 8.83158326e-01
    8.73172164e-01 1.85655951e-02 1.25270247e-01 7.12081790e-01
    9.80784416e-01 9.74990368e-01 6.89279318e-01 6.12269163e-01
    3.95857394e-01 3.18815410e-02 9.96614933e-01 5.16389668e-01
    7.54120946e-01 5.05107939e-02 1.11433178e-01 7.47378170e-01
    4.05209959e-02 3.25526148e-01 5.09552121e-01 6.44751489e-01
    3.52864563e-02 4.59684312e-01 8.55836868e-01 1.32198334e-02
    2.80987322e-01 9.50206399e-01 4.74300981e-01 1.64752275e-01
    3.96504402e-02 6.99321270e-01 2.26477027e-01 9.85572815e-01
    3.09300125e-01 5.15443802e-01 2.69706726e-01 9.76944447e-01
    7.85777211e-01 9.07023668e-01 6.61903322e-01 2.87685931e-01
    2.01780260e-01 3.52653950e-01 7.78848231e-02 6.26134396e-01
    6.12116158e-02 5.04894257e-01 5.35947800e-01 5.02592027e-02
    2.13546634e-01 9.83788610e-01 8.55101109e-01 9.66622710e-01
    2.71682113e-01 2.63032556e-01 4.83316720e-01 3.91983092e-02
    2.85960317e-01 2.18843400e-01 1.72760457e-01 1.80449039e-01
    2.91080177e-01 9.67104435e-01 7.11989045e-01 9.74033058e-01
    1.61405414e-01 7.42986679e-01 8.92474949e-02 2.33930022e-01
    5.55549383e-01 7.01763332e-01 2.33365417e-01 4.09982264e-01
    1.91097647e-01 2.91492879e-01 1.21671140e-01 2.41084188e-01
    8.08367133e-01 6.66232407e-01 4.35373485e-02 9.37431693e-01
    6.48121953e-01 6.79385424e-01 7.87851095e-01 7.90343046e-01
    9.71254230e-01 3.77053142e-01 2.52738118e-01 9.93650556e-01
    1.39201820e-01 7.95798600e-02 6.58427835e-01 8.86659563e-01
    7.37132132e-02 8.89395952e-01 1.64122283e-02 7.90584207e-01
    7.03098178e-01 4.81648147e-01 1.32978082e-01 9.30137873e-01
    1.30108833e-01 8.53689075e-01 3.75810713e-01 9.07400966e-01
    3.62860888e-01 6.27630949e-01 8.38319063e-01 4.08967942e-01
    8.87006998e-01 4.19976413e-01 8.60504985e-01 7.81441927e-02
    8.57561827e-02 5.22671878e-01 2.40561575e-01 5.90557396e-01
    3.88004750e-01 8.36978972e-01 3.93939555e-01 5.25710404e-01
    4.58849221e-01 5.34576118e-01 8.42239380e-01 6.84498847e-02
    3.67003858e-01 6.99460268e-01 5.97308338e-01 6.71004534e-01
    4.71882463e-01 6.50939226e-01 4.04469430e-01 9.78982151e-02
    4.45436627e-01 5.65271199e-01 2.11375326e-01 5.16181946e-01
    6.04828894e-01 3.77650201e-01 9.75994110e-01 5.27774096e-01
    3.07602018e-01 6.85559213e-01 5.30116618e-01 5.72213233e-02
    1.91157281e-01 1.64043516e-01 4.93092835e-01 6.35480404e-01
    2.52979845e-01 1.63929850e-01 8.31490755e-03 5.25803506e-01
    6.34551287e-01 6.49438024e-01 8.95002723e-01 5.09568810e-01
    7.97582746e-01 8.39553893e-01 6.28480554e-01 4.52455908e-01
    4.24697638e-01 7.68230796e-01 6.36212051e-01 1.16347015e-01
    5.67928791e-01 5.85003972e-01 5.56730032e-01 3.28830421e-01
    8.48695993e-01 6.05533421e-02 6.55994415e-01 6.96957827e-01
    4.63602185e-01 6.05518878e-01 8.48020315e-01 8.12744975e-01
    1.06756032e-01 5.04214942e-01 5.02727628e-02 5.11568904e-01
    1.85383350e-01 1.99069113e-01 9.68507051e-01 9.63339329e-01
    3.23284745e-01 7.05532670e-01 6.59979641e-01 8.30388725e-01
    5.74648798e-01 7.00626969e-01 5.28759062e-02 3.26776564e-01
    8.12134981e-01 1.86778545e-01 9.10102367e-01 6.78923368e-01
    2.48145998e-01 8.46327305e-01 5.87587297e-01 2.45924860e-01
    2.95892358e-03 8.00119340e-01 3.41723323e-01 7.10897326e-01
    8.72304320e-01 5.73803306e-01 4.94443119e-01 8.20825219e-01
    9.32105184e-01 7.65453696e-01 7.17670441e-01 5.63358903e-01
    1.42612219e-01 2.70815790e-02 3.35760921e-01 8.71733427e-01
    9.54492569e-01 8.37085366e-01 9.22811985e-01 8.80888104e-01
    9.30260301e-01 8.64604473e-01 6.83120131e-01 1.57870531e-01
    9.29441452e-02 9.72448945e-01 8.83915424e-02 3.30314964e-01
    3.35343570e-01 9.49950635e-01 3.56261432e-01 4.50022966e-01
    3.30364823e-01 8.06242347e-01 5.25319695e-01 2.64358491e-01
    6.78105950e-02 9.06910777e-01 1.23671830e-01 9.62381065e-02
    2.42350459e-01 6.94297194e-01 6.50362492e-01 8.22107673e-01
    4.00340915e-01 5.70119858e-01 8.16950440e-01 6.06326699e-01
    2.81599045e-01 8.75481188e-01 6.20661795e-01 3.77694696e-01
    3.43262255e-01 9.00837779e-02 8.36837411e-01 4.41596955e-01
    1.79575861e-01 8.11269581e-02 3.20101380e-01 9.97853577e-02
    9.05588388e-01 9.10556316e-02 7.01571405e-01 9.79471445e-01
    9.10310745e-01 1.04855865e-01 6.50344789e-01 3.16829383e-01
    7.10258842e-01 2.30553716e-01 3.32851887e-01 8.26462269e-01
    2.50666380e-01 9.04826999e-01 7.25206077e-01 5.65395117e-01
    8.63060117e-01 6.29883707e-02 3.50822687e-01 8.04199815e-01
    8.92058372e-01 2.55542397e-01 2.06520051e-01 2.94355750e-01
    5.78211188e-01 2.09462672e-01 1.62585855e-01 8.64627063e-02
    8.32952976e-01 8.69691014e-01 9.74574924e-01 5.37348449e-01
    2.48697340e-01 2.34669983e-01 8.72155726e-02 6.44111991e-01
    2.87376136e-01 3.48564476e-01 3.17270845e-01 1.20766759e-01
    6.87705040e-01 4.92450327e-01 8.41953158e-01 6.32204652e-01
    2.64639050e-01 4.05104309e-01 4.20036256e-01 4.72438574e-01
    4.09823507e-01 4.70858216e-01 2.52436668e-01 2.47793376e-01
    4.80644822e-01 9.40098166e-01 9.88324463e-01 6.57630146e-01
    1.91086024e-01 7.94430971e-01 1.00609601e-01 9.47537184e-01
    7.22015738e-01 8.55161667e-01 7.31661201e-01 9.13072407e-01
    3.84370387e-01 3.80356878e-01 1.10716701e-01 6.40891433e-01
    1.81226134e-02 4.26702142e-01 2.12549686e-01 9.18679833e-02
    6.28984869e-02 2.14695483e-01 3.98067713e-01 3.68660331e-01
    2.09378809e-01 7.31275201e-01 9.06431675e-03 3.66625071e-01
    9.29948509e-01 4.45161164e-01 5.79245389e-01 4.27670181e-01
    8.05439830e-01 4.41119224e-01 4.12960619e-01 2.94885874e-01
    3.43034029e-01 8.42857957e-01 8.57486486e-01 3.42095792e-01
    8.66928399e-01 8.30710769e-01 3.74318838e-01 4.27002966e-01
    6.74465418e-01 5.16038358e-01 1.49572730e-01 7.92597055e-01
    2.05664247e-01 2.48800784e-01 2.68723190e-01 6.24100268e-01
    3.21771115e-01 2.10195631e-01 9.54442739e-01 3.17624629e-01
    8.21815908e-01 7.15587854e-01 2.13655144e-01 8.18437099e-01
    9.63157177e-01 2.28444517e-01 5.52874863e-01 8.97196293e-01
    8.62739503e-01 5.80865562e-01 4.84287441e-02 7.63502955e-01
    6.09482884e-01 8.33233237e-01 4.27716404e-01 2.49748528e-01
    3.74733657e-01 3.11322570e-01 8.60115767e-01 9.01039898e-01
    4.23164725e-01 7.23337531e-01 8.69669139e-01 2.68465877e-01
    6.49974406e-01 9.52412605e-01 3.18938136e-01 1.71358913e-01
    3.37936282e-01 8.15801978e-01 4.48293686e-02 4.42934901e-01
    6.77845776e-02 9.13600624e-02 7.44150698e-01 7.40805864e-02
    3.49604160e-01 9.02162552e-01 1.41020119e-01 1.25132173e-01
    7.38448620e-01 8.57278585e-01 6.25009060e-01 4.32257444e-01
    8.68470430e-01 1.10531449e-02 3.02285373e-01 7.24483132e-02
    4.70433056e-01 7.88669467e-01 8.97736728e-01 7.62896121e-01
    4.43776280e-01 6.51645005e-01 6.61295056e-01 2.30693340e-01
    3.29619050e-01 4.42425936e-01 1.34656698e-01 2.47324079e-01
    9.69193816e-01 6.98566616e-01 6.56972170e-01 2.98056901e-01
    9.85498548e-01 2.28321522e-01 2.78298438e-01 2.31839955e-01
    2.27806628e-01 1.57052815e-01 4.56727922e-01 4.01392579e-02
    3.16901743e-01 1.65870696e-01 8.54418755e-01 7.42567182e-01
    3.26163054e-01 6.27170503e-02 1.84616834e-01 2.61116952e-01
    4.13572252e-01 5.25018573e-01 5.59999228e-01 8.47280145e-01
    4.34760928e-01 1.65489107e-01 6.80584311e-01 7.06688762e-01
    9.15108562e-01 3.63335013e-02 3.96291375e-01 2.54194796e-01
    7.75164604e-01 7.46923506e-01 5.59794545e-01 6.67883635e-01
    7.20348716e-01 4.94686961e-02 4.39983398e-01 5.63913047e-01
    3.10278863e-01 6.59634173e-01 9.94941890e-01 3.45602810e-01
    7.33302176e-01 8.99492800e-01 6.16435826e-01 5.67963719e-02
    5.19010842e-01 6.99783683e-01 3.92824709e-02 2.12324560e-02
    1.74840152e-01 8.43925118e-01 9.65781987e-01 4.24728483e-01
    5.83946526e-01 8.38522613e-01 3.60189319e-01 9.87085879e-01
    8.33135009e-01 2.28764117e-01 8.11405659e-01 3.67753208e-01
    6.45333946e-01 7.06158340e-01 5.66130817e-01 2.41994739e-01
    8.66813421e-01 8.64070296e-01 8.90051365e-01 1.45550758e-01
    1.48249418e-01 8.08381259e-01 2.28970945e-01 1.60334378e-01
    2.60424256e-01 7.87009597e-01 2.71194309e-01 2.05958664e-01
    3.63958836e-01 5.01135409e-01 3.26854080e-01 5.28287888e-01
    9.48293805e-02 2.51079500e-01 8.59510064e-01 6.54011369e-01
    9.53316689e-01 9.00124252e-01 6.55306935e-01 4.79335725e-01
    8.24673533e-01 9.46705222e-01 6.81135535e-01 7.80547857e-02
    5.96553385e-01 8.74300599e-01 2.76728094e-01 4.27535623e-01
    2.77293324e-02 6.53495193e-02 1.90193534e-01 2.81830639e-01
    7.53025293e-01 5.58542907e-01 9.43235397e-01 8.36095572e-01
    2.64031589e-02 8.29752207e-01 8.13768744e-01 1.33636713e-01
    9.82913494e-01 4.70445037e-01 4.40829217e-01 3.50403190e-02
    4.15839612e-01 3.49447191e-01 4.39106703e-01 5.91765523e-01
    7.42848217e-02 1.94287598e-01 1.08847141e-01 2.94399858e-01
    8.64588499e-01 9.80261683e-01 2.03366339e-01 3.05005908e-03
    9.23551559e-01 5.67845047e-01 3.30704868e-01 2.66569555e-01
    9.98624325e-01 5.78630865e-01 9.17580724e-01 6.06013000e-01
    8.69515896e-01 1.39702767e-01 8.02392840e-01 2.93841839e-01
    3.38975132e-01 8.95105124e-01 8.35433960e-01 7.80592501e-01
    3.89859080e-03 6.91091776e-01 9.33912158e-01 3.29956293e-01
    6.77568078e-01 5.19377410e-01 6.76618814e-01 9.23079908e-01
    7.23294914e-02 5.02210915e-01 1.34900421e-01 1.57017261e-01
    2.75260925e-01 7.82981873e-01 2.32779384e-02 5.63969314e-01
    3.12837541e-01 4.20381486e-01 6.61676049e-01 8.80409241e-01
    8.98584068e-01 1.06884629e-01 6.13472283e-01 3.41661453e-01
    3.07550728e-02 2.16877967e-01 8.21084857e-01 1.48594081e-02
    9.01482999e-02 6.72554433e-01 4.53351468e-01 7.01770663e-01
    7.68030822e-01 1.27663970e-01 4.05706227e-01 3.31615806e-01
    4.53946888e-02 9.28470969e-01 9.79603708e-01 1.99026436e-01
    9.68327940e-01 2.71096796e-01 5.41656017e-01 6.99539304e-01
    3.06175381e-01 4.87823367e-01 7.00498879e-01 1.90249383e-02
    4.36660647e-03 7.82051802e-01 4.30180341e-01 2.93225050e-02
    5.13034284e-01 2.10244954e-02 8.00416291e-01 5.63121915e-01
    4.42011088e-01 5.17052114e-01 3.40013206e-02 1.81421965e-01
    1.15881503e-01 4.53924298e-01 3.74470651e-01 1.65717334e-01
    7.02870846e-01 8.16530108e-01 2.90389895e-01 5.86285353e-01
    5.40752828e-01 3.21011603e-01 8.29886496e-02 9.97349799e-01
    3.19863230e-01 4.08739299e-01 1.46306455e-01 4.56551611e-01
    3.10064793e-01 5.87787211e-01 3.42368901e-01 3.91672850e-02
    6.92851543e-01 6.18523836e-01 6.75699651e-01 8.57125998e-01
    7.21054912e-01 7.19380081e-02 6.12927020e-01 9.41658378e-01
    7.55970120e-01 6.14281178e-01 3.37185860e-02 7.29931235e-01
    4.18655246e-01 2.37943828e-01 3.53812158e-01 6.91115618e-01
    9.48483109e-01 1.78461075e-01 5.88701725e-01 4.02114391e-01
    5.53665996e-01 9.23338294e-01 1.09316647e-01 8.41990709e-02
    9.40403223e-01 4.18134958e-01 6.44718409e-01 7.29751885e-02
    2.63664484e-01 6.11793637e-01 8.02690864e-01 7.17905223e-01
    8.89822125e-01 3.19432318e-01 7.28221893e-01 5.77001333e-01
    5.04995883e-01 8.14541280e-02 1.33670241e-01 9.56591070e-02
    7.93060064e-02 7.82539248e-01 9.36413765e-01 3.96778286e-02
    4.03998792e-02 9.27921355e-01 3.86743695e-01 3.43595147e-01
    6.34431243e-02 8.88612390e-01 1.08024329e-01 2.40057349e-01
    5.43304682e-01 6.01829350e-01 3.89883220e-01 9.69007730e-01
    9.38574553e-01 1.23855561e-01 2.19172895e-01 1.71497405e-01
    7.63978481e-01 8.62871706e-02 9.76578236e-01 5.04548550e-02
    7.66192794e-01 9.54323232e-01 1.65897340e-01 8.81415606e-01
    4.35645163e-01 8.45562100e-01 4.40811992e-01 4.14999992e-01
    9.47091281e-01 8.58064890e-02 7.26867914e-02 8.68081629e-01
    5.03558576e-01 6.45177126e-01 4.78030026e-01 7.48843193e-01
    3.43052179e-01 1.91584408e-01 4.96155918e-02 9.67973948e-01
    4.15948421e-01 3.78793657e-01 7.55655944e-01 8.80783677e-01
    2.04524398e-01 1.71484649e-02 2.09883809e-01 1.01686716e-02
    8.18278849e-01 4.06266153e-01 4.56611007e-01 8.75874043e-01
    4.52545762e-01 5.94639480e-01 5.20856202e-01 6.47132754e-01
    1.12251401e-01 8.08966041e-01 5.40573597e-01 1.38893992e-01
    8.53424907e-01 2.12435007e-01 7.79267132e-01 8.17007422e-02
    8.63847613e-01 9.55429316e-01 3.39832783e-01 7.80093551e-01
    8.84702921e-01 6.96737647e-01 6.08680546e-01 7.59375870e-01
    3.74631882e-02 7.09857702e-01 5.50613761e-01 8.63983631e-01
    1.74133480e-01 6.32049739e-01 6.36826038e-01 2.87829876e-01
    4.44947928e-01 3.01887214e-01 6.13160729e-01 9.07260060e-01
    3.10106277e-01 4.46080446e-01 9.10697997e-01 9.10349846e-01
    4.97305632e-01 9.20102715e-01 3.99790525e-01 7.05516696e-01
    2.23288089e-01 2.97570199e-01 5.05001903e-01 6.33550644e-01
    8.00245106e-02 2.40571141e-01 8.11731160e-01 7.59231210e-01
    6.88784778e-01 2.37954766e-01 7.18162000e-01 5.26613593e-02
    2.10836083e-01 7.24986970e-01 9.96721268e-01 6.85152113e-02
    6.18637502e-01 9.49444711e-01 3.22081476e-01 5.31533599e-01
    1.36739016e-01 9.31372881e-01 6.90351546e-01 9.77667570e-02
    2.95462161e-01 3.68726164e-01 4.51431274e-02 8.56849432e-01
    1.94271117e-01 3.14759791e-01 2.91086912e-01 1.39278144e-01
    1.21336758e-01 8.81808698e-02 8.90314162e-01 7.77286172e-01
    5.84662259e-01 3.60271931e-01 9.54350352e-01 7.92582870e-01
    1.47605181e-01 9.55948114e-01 8.88418376e-01 5.29588461e-02
    3.54019523e-01 4.74500030e-01 6.77387118e-01 9.94103551e-01
    4.52383757e-02 3.46000671e-01 5.73503971e-01 3.90806168e-01
    5.58015227e-01 6.13629818e-02 8.99874449e-01 8.96921992e-01
    4.47963744e-01 1.43371880e-01 3.36978912e-01 9.99290466e-01
    8.82013381e-01 9.60534632e-01 7.67107487e-01 7.32732356e-01
    4.16736186e-01 6.81608915e-01 2.23137110e-01 2.12138325e-01
    2.60105193e-01 1.97217047e-01 6.98380709e-01 7.81901002e-01
    1.19526595e-01 1.94122404e-01 4.92931694e-01 2.10243762e-02
    2.26482570e-01 3.84025633e-01 2.65274495e-01 1.54198110e-01
    9.43741918e-01 1.34752512e-01 4.26666856e-01 7.11889267e-01
    6.91377759e-01 4.13771868e-01 6.85421228e-01 5.75649500e-01
    7.20289707e-01 4.06484216e-01 6.49652719e-01 3.14550102e-02
    3.82922351e-01 6.65299058e-01 3.24245512e-01 9.26364541e-01
    1.01149827e-01 4.53730166e-01 9.42428708e-01 7.73315072e-01
    4.77817237e-01 8.32523227e-01 4.72297937e-01 5.86569428e-01
    1.96765095e-01 7.33335137e-01 4.10834759e-01 8.32640290e-01
    3.05976868e-02 1.04054928e-01 6.17843866e-02 8.73377025e-02
    4.55644041e-01 2.17663527e-01 2.39930630e-01 9.08354878e-01
    2.92646945e-01 4.29755211e-01 9.96173859e-01 5.61023951e-02
    4.78873730e-01 9.36390698e-01 6.47537589e-01 7.06381381e-01
    1.65384114e-02 7.34263122e-01 1.34547144e-01 4.34399307e-01
    9.83132601e-01 7.20367789e-01 2.85264492e-01 3.21752429e-02
    9.93792415e-01 4.66064364e-01 1.75961137e-01 5.57258010e-01
    5.19792795e-01 2.09809661e-01 7.79841542e-01 4.29242730e-01
    5.61783671e-01 4.78789210e-03 6.54823661e-01 7.92459488e-01
    5.25512993e-01 1.44385546e-01 3.66602391e-01 2.73444772e-01
    1.02179021e-01 7.00725973e-01 2.01009005e-01 1.09652996e-01
    5.56666732e-01 6.09240234e-01 8.77529979e-02 7.20549107e-01
    7.81384826e-01 2.44742364e-01 8.63779902e-01 2.29304016e-01
    4.04643774e-01 1.13250554e-01 3.88515532e-01 1.63650453e-01
    1.56353086e-01 5.43830276e-01 9.01919365e-01 2.55187869e-01
    7.02670395e-01 8.40389490e-01 1.66040659e-01 3.47717106e-01
    6.30427003e-02 3.59312177e-01 9.65600133e-01 9.06383276e-01
    3.28933209e-01 3.93168837e-01 2.24285066e-01 8.33696246e-01
    6.68218434e-01 4.16986018e-01 4.86882806e-01 4.18555379e-01
    7.47794151e-01 1.60754174e-01 6.16365552e-01 5.37976205e-01
    5.84655106e-01 1.15456402e-01 6.54450417e-01 2.75011659e-01
    9.35468197e-01 9.66963291e-01 3.12466919e-01 5.35934925e-01
    6.55535042e-01 8.62462401e-01 4.43682164e-01 5.68642855e-01
    7.23392963e-01 6.15135372e-01 7.03446627e-01 1.14975959e-01
    9.19532061e-01 5.51276863e-01 7.94356108e-01 4.87002492e-01
    3.08380395e-01 6.35418534e-01 4.58257228e-01 6.10134840e-01
    3.24207902e-01 4.82055366e-01 4.06326354e-02 4.36514318e-02
    8.52337956e-01 5.79927206e-01 2.95520008e-01 5.29245734e-01
    4.09361124e-01 5.81009626e-01 4.36715841e-01 4.92904395e-01
    5.20086169e-01 1.94162518e-01 1.84389234e-01 9.08350766e-01
    7.30085731e-01 6.05967164e-01 9.49040413e-01 4.69527364e-01
    5.22181690e-01 3.11472833e-01 7.91927099e-01 5.86337686e-01
    2.92504430e-02 7.23069906e-03 9.77011204e-01 6.05213761e-01
    9.47576284e-01 7.27706194e-01 9.38906789e-01 6.71206534e-01
    9.97600079e-01 1.29947096e-01 5.28893054e-01 8.33767653e-01
    5.57390392e-01 6.00295663e-02 4.25742567e-01 6.05927587e-01
    3.04781616e-01 1.34647369e-01 3.63670826e-01 9.74504292e-01
    8.63376856e-02 8.13958049e-01 1.96444571e-01 6.70779645e-01
    6.58308923e-01 4.89384323e-01 8.08018744e-01 1.72129244e-01
    1.60948932e-01 2.87721455e-01 2.58273214e-01 6.79715276e-02
    2.53389508e-01 4.63104784e-01 3.38570833e-01 6.15990222e-01
    6.32784486e-01 5.67604303e-01 2.95111537e-02 7.37522244e-02
    3.86864245e-01 3.26619476e-01 2.98572302e-01 9.46886778e-01
    2.87515998e-01 1.33751631e-01 4.62631226e-01 3.00468802e-02
    9.62204874e-01 2.05503792e-01 3.75510991e-01 6.81796908e-01
    1.55499429e-01 7.10010529e-04 3.32793057e-01 5.20305216e-01
    9.86482620e-01 7.65224457e-01 4.15793061e-01 2.52745926e-01
    7.40680873e-01 3.65722895e-01 7.70846307e-01 9.39334929e-02
    3.75991762e-01 6.94028914e-01 8.86044979e-01 2.92353272e-01
    9.70625579e-02 7.33393312e-01 4.20993567e-03 4.04874623e-01
    8.10444832e-01 1.74755394e-01 6.35439396e-01 5.67125618e-01
    6.41740561e-01 5.38898110e-01 6.77331209e-01 3.46847832e-01
    3.97842824e-01 8.91600609e-01 7.99105525e-01 5.71457267e-01
    4.19447690e-01 7.50031710e-01 4.06134516e-01 7.06944585e-01
    3.41873229e-01 3.74645561e-01 8.65144372e-01 5.89392185e-01
    7.17607379e-01 1.26418233e-01 4.82877493e-02 6.75120354e-02
    1.70894802e-01 1.78620577e-01 9.09407258e-01 8.58299017e-01
    6.68015838e-01 9.82977748e-01 6.94815636e-01 3.73007059e-01
    1.84821069e-01 4.03248370e-02 9.41008329e-01 7.63052702e-01
    3.08712810e-01 7.95337677e-01 6.01058483e-01 6.92367315e-01
    2.85540104e-01 9.61336851e-01 8.23064387e-01 3.69264364e-01
    5.46736777e-01 9.16598558e-01 4.75211859e-01 6.28734827e-02
    9.26791191e-01 3.31182271e-01 8.67187858e-01 4.65520024e-01
    4.37443525e-01 3.26039314e-01 8.59386981e-01 7.83836067e-01
    1.24781430e-02 9.28794384e-01 6.35262787e-01 2.48467863e-01
    5.66642582e-01 6.81824386e-02 3.08249235e-01 2.52086669e-01
    3.04493487e-01 7.77556896e-02 5.98182857e-01 2.04074740e-01
    5.40031374e-01 6.04082942e-01 6.25961542e-01 6.01598918e-02
    5.15766501e-01 7.40423381e-01 4.52517152e-01 9.80993807e-02
    6.79417551e-02 9.94758666e-01 2.10203379e-01 7.97031641e-01
    3.45150888e-01 2.32150167e-01 4.21937406e-02 3.06839705e-01
    4.11071062e-01 7.16505766e-01 1.09517515e-01 9.77919579e-01
    5.37865937e-01 8.37125719e-01 2.64488250e-01 8.30812514e-01
    8.44140172e-01 5.07881343e-02 7.58207977e-01 1.08458549e-01
    9.61415768e-02 1.72125250e-01 9.24083889e-02 5.52550852e-02
    5.92383504e-01 2.04792887e-01 9.83871400e-01 2.55102992e-01
    2.86188543e-01 8.09785426e-01 9.56668913e-01 8.17401767e-01
    7.86076009e-01 4.51585323e-01 2.77664065e-02 4.02455628e-01
    7.60128200e-01 9.86235082e-01 8.87045264e-02 6.39827728e-01
    4.22918975e-01 8.96920204e-01 2.89432466e-01 8.41247082e-01
    5.20888567e-01 2.15305686e-01 2.19324231e-03 7.36207604e-01
    8.00016642e-01 7.92136192e-01 8.12393546e-01 5.94971538e-01
    9.16351080e-01 1.65993869e-02 2.37717032e-02 4.34576571e-01
    3.15450191e-01 1.39429837e-01 2.90594697e-02 4.00294542e-01
    8.32648635e-01 1.88504755e-02 3.61827880e-01 4.93369013e-01
    5.88742852e-01 1.59232885e-01 5.25589585e-02 7.08127975e-01
    8.56486917e-01 9.65675950e-01 2.83457100e-01 6.60808980e-01
    9.88266826e-01 1.93055153e-01 6.01044416e-01 6.69544578e-01
    3.66919041e-01 6.08042359e-01 3.63455117e-01 6.23736203e-01
    8.90419245e-01 9.12355781e-01 9.79522765e-02 2.42434084e-01
    4.50456142e-01 9.30670619e-01 7.72754848e-01 9.54125166e-01
    6.86457336e-01 3.70851547e-01 3.69888246e-02 7.38025188e-01
    6.30703926e-01 5.43396771e-01 9.24662948e-01 2.66470551e-01
    5.15394270e-01 8.88399363e-01 6.50567114e-02 7.87870646e-01
    8.58613968e-01 2.85138011e-01 4.48340118e-01 8.99591506e-01
    5.56959569e-01 2.83750743e-01 9.09974337e-01 9.16156054e-01
    3.96201283e-01 7.92569697e-01 6.44734263e-01 3.27939123e-01
    8.87313306e-01 3.93653154e-01 1.30191445e-02 4.21427369e-01
    9.14917171e-01 3.19393575e-02 4.95076507e-01 6.20957375e-01
    3.65025967e-01 8.01073909e-02 4.86195356e-01 1.27353758e-01
    9.26601052e-01 2.85595059e-01 6.32337928e-01 5.21915138e-01
    2.68789262e-01 1.18122250e-01 9.66789722e-01 2.82231450e-01
    7.67961264e-01 3.44546288e-01 9.85043764e-01 8.96097302e-01
    5.78061461e-01 3.87351185e-01 9.58206475e-01 6.24799311e-01
    4.49847519e-01 7.95835495e-01 4.00958955e-02 1.51069492e-01
    3.05437595e-01 6.17834687e-01 4.63119626e-01 6.16157830e-01
    5.92763901e-01 5.65252841e-01 3.05894554e-01 9.06774402e-03
    4.61953342e-01 4.14001703e-01 7.75455534e-01 5.85533381e-01
    9.83946085e-01 7.21254408e-01 2.29563862e-01 3.37558627e-01
    6.23219609e-01 3.87872666e-01 1.46432072e-01 9.60955143e-01
    5.69162369e-02 6.97171390e-01 8.07661533e-01 2.01845258e-01
    3.55291307e-01 4.05894220e-02 6.49388015e-01 5.81132412e-01
    2.18893379e-01 8.64446282e-01 9.11616385e-01 7.14857399e-01
    6.87224984e-01 7.41392672e-02 4.84782755e-01 8.87875259e-01
    7.52052903e-01 7.49767423e-01 2.11641073e-01 7.61628270e-01
    6.17635250e-03 9.83993053e-01 5.46703935e-01 2.94354737e-01
    6.22024238e-02 7.27505863e-01 2.76400834e-01 2.65029281e-01
    6.45931840e-01 4.55763221e-01 9.07372952e-01 3.51074934e-02
    7.97920823e-01 6.43414736e-01 3.54161859e-02 7.33990431e-01
    1.17202848e-01 9.00656343e-01 7.26182103e-01 5.74525118e-01
    9.97628808e-01 6.83947206e-01 3.00981939e-01 2.52314866e-01
    4.65038776e-01 8.59722733e-01 4.93032575e-01 3.14582378e-01
    3.12074125e-01 4.59128082e-01 5.03645539e-01 8.70986104e-01
    7.95637965e-01 3.30303311e-02 2.52347589e-02 6.76816940e-01
    8.45534503e-01 8.19597960e-01 5.60284555e-02 7.57336915e-01
    9.16056871e-01 3.31716895e-01 8.26333761e-02 1.88612878e-01
    8.80796671e-01 1.44003928e-01 3.28814983e-01 7.31806457e-02
    9.67788994e-01 4.26756918e-01 4.09208477e-01 9.68958497e-01
    3.12477887e-01 8.25973988e-01 6.10099912e-01 8.55488539e-01
    6.67126477e-01 9.82027531e-01 4.94710326e-01 3.81832361e-01
    4.64669585e-01 5.62419951e-01 8.01535726e-01 4.51847315e-01
    6.01698518e-01 3.19095194e-01 3.61199617e-01 8.73425007e-01
    6.46042824e-01 8.39244902e-01 5.08025587e-02 9.46407914e-01
    3.34709406e-01 6.38205945e-01 1.22372210e-01 4.80947256e-01
    2.86536753e-01 3.24355423e-01 8.07285607e-02 1.95022017e-01
    7.97321737e-01 9.41946208e-01 1.03019357e-01 5.11094511e-01
    6.69738114e-01 8.89624715e-01 5.95413089e-01 7.58965492e-01
    8.33764970e-02 9.82568026e-01 6.66716456e-01 8.03752780e-01
    4.92914855e-01 6.63790464e-01 6.41397595e-01 6.39111698e-01
    8.74078870e-02 6.61852121e-01 5.90248406e-01 3.32856208e-01
    3.64439189e-02 3.37506473e-01 9.63299215e-01 7.59216547e-02
    5.54028273e-01 9.14069295e-01 5.84869087e-01 4.88781333e-02
    1.59732908e-01 4.75124449e-01 3.97273958e-01 5.32209873e-02
    3.90147597e-01 1.14134938e-01 3.07791829e-02 8.20007503e-01
    1.61985457e-01 4.93128777e-01 4.52751070e-01 1.88971281e-01
    9.97519255e-01 9.73885894e-01 5.25586665e-01 9.66379762e-01
    7.23550618e-02 4.94852722e-01 2.59680450e-02 1.95237517e-01
    2.93753266e-01 3.81928205e-01 5.08764207e-01 5.75775862e-01
    3.49043787e-01 5.30575693e-01 1.14785314e-01 7.88079619e-01
    3.18018556e-01 6.58420861e-01 9.67067719e-01 1.49202317e-01
    1.57130629e-01 5.08323967e-01 6.71976030e-01 9.77137327e-01
    6.05896294e-01 9.64663386e-01 7.87187576e-01 8.48294199e-01
    4.32239532e-01 8.91013265e-01 1.47107065e-01 9.35823202e-01
    5.78778267e-01 5.16205668e-01 6.58628523e-01 2.07295924e-01
    3.22927833e-02 6.19805217e-01 6.53030753e-01 9.43606257e-01
    3.15845430e-01 2.27694541e-01 1.30552948e-02 8.25247049e-01
    1.66851610e-01 6.06925070e-01 6.31990969e-01 4.65776443e-01
    5.55343926e-01 4.05976176e-02 1.92561120e-01 8.01319718e-01
    9.20198441e-01 1.94756418e-01 1.10957325e-02 6.55573487e-01
    3.31265092e-01 6.21668875e-01 4.15085733e-01 3.03378403e-02
    8.41336012e-01 3.93421650e-01 1.81232899e-01 7.59972632e-01
    1.29741430e-01 3.60149324e-01 8.85626793e-01 9.27562833e-01
    7.51506984e-02 2.65947759e-01 2.51945138e-01 9.91702318e-01
    9.17166233e-01 7.35010326e-01 7.71777689e-01 2.25746870e-01
    4.38086361e-01 1.49693668e-01 8.96838069e-01 9.73580480e-01
    5.50029457e-01 4.84175533e-01 9.02708471e-01 3.61285686e-01
    6.16874635e-01 9.81360793e-01 8.59295607e-01 4.47223127e-01
    2.78730512e-01 2.10713357e-01 7.60187745e-01 3.42028558e-01
    6.24920428e-01 7.51331449e-02 4.47819650e-01 3.65783632e-01
    5.24436951e-01 9.57099676e-01 2.26718515e-01 7.70458937e-01
    6.24385178e-01 4.80514526e-01 5.87255597e-01 7.85852969e-01
    3.27899545e-01 6.75026655e-01 3.48815203e-01 2.13857412e-01
    9.51818526e-01 7.52244890e-02 7.34236479e-01 9.35327411e-01
    6.31920457e-01 4.73214746e-01 7.76414514e-01 7.52262354e-01
    1.78439379e-01 7.83687234e-01 7.47436821e-01 2.77141929e-01
    7.27953851e-01 6.35170996e-01 5.01134753e-01 5.35759151e-01
    4.96691167e-01 3.00755203e-01 6.33676529e-01 1.00203633e-01
    9.89497185e-01 4.70879197e-01 2.73664415e-01 8.18402469e-02
    1.41104460e-02 3.96583527e-01 3.53578866e-01 9.02813911e-01
    3.99242967e-01 5.21307349e-01 9.70647275e-01 8.59013796e-02
    9.18574214e-01 5.11944294e-01 8.20771158e-02 5.59752941e-01
    2.56137699e-01 4.14250433e-01 2.53351986e-01 6.28743291e-01
    1.71943605e-01 2.15111613e-01 2.49398082e-01 5.58201015e-01
    6.45011961e-01 1.76729798e-01 5.42270064e-01 4.13829684e-02
    9.86978650e-01 9.02955651e-01 8.79450142e-02 9.06362951e-01
    6.77161992e-01 8.76488388e-01 9.09829557e-01 9.95912015e-01
    9.18433666e-02 1.07445478e-01 5.18677115e-01 6.21340871e-01
    3.88751477e-01 6.19583964e-01 1.15272999e-02 6.38646185e-01
    8.62187266e-01 8.64333212e-02 8.68082762e-01 9.50173676e-01
    9.86692071e-01 4.80577230e-01 7.20507562e-01 6.75121546e-02
    5.61565816e-01 8.42896104e-01 2.02132493e-01 3.24577898e-01
    1.54801518e-01 9.03337359e-01 7.93761373e-01 8.93606305e-01
    6.41914487e-01 8.22360873e-01 6.37997150e-01 8.40047777e-01
    9.79066849e-01 1.16379648e-01 5.56971848e-01 3.46511722e-01
    6.50034249e-02 3.26176524e-01 9.10820127e-01 2.24161923e-01
    1.76152170e-01 6.24720275e-01 7.28680909e-01 4.70248371e-01
    2.20374048e-01 3.62474114e-01 6.76742733e-01 7.56303608e-01
    3.11493814e-01 8.37231874e-02 2.57072359e-01 5.24311543e-01
    4.55847979e-02 7.30239749e-01 2.51635909e-03 7.81104565e-02
    2.93039262e-01 6.65371656e-01 1.20089740e-01 8.78136933e-01
    4.47420061e-01 5.06987572e-02 8.91870856e-02 6.12969756e-01
    4.04304415e-01 5.95676899e-01 4.31520313e-01 1.33369058e-01
    1.35816306e-01 3.76123816e-01 9.71003056e-01 9.57051754e-01
    3.68714213e-01 5.57377517e-01 4.58762050e-03 1.20488137e-01
    7.13481843e-01 7.54546463e-01 7.09119856e-01 4.13979411e-01
    9.53298748e-01 5.35281777e-01 2.01434731e-01 7.11955547e-01
    1.41463727e-01 7.09027410e-01 4.24105644e-01 5.00345111e-01
    8.87729824e-02 4.19820845e-01 4.13522929e-01 9.37888741e-01
    7.33967900e-01 4.31290805e-01 9.54730630e-01 2.76971608e-01
    7.01275110e-01 4.66884553e-01 3.94217521e-01 6.59267962e-01
    2.76619047e-01 6.80638969e-01 2.09569633e-02 9.40758288e-02
    5.12693524e-02 7.06826329e-01 6.25699043e-01 1.31480038e-01
    6.19199872e-01 6.22943044e-01 3.82269233e-01 1.97638988e-01
    3.83633375e-02 3.97532582e-02 9.67871487e-01 5.63471854e-01
    7.16442943e-01 6.75345123e-01 4.63270843e-02 9.08334732e-01
    8.08771849e-01 5.23889065e-03 5.78337789e-01 8.43115747e-02
    9.00340796e-01 8.78938556e-01 5.48732162e-01 9.67483163e-01
    8.51452947e-01 2.18274057e-01 6.89339936e-01 8.43465090e-01
    1.46076649e-01 6.62460446e-01 6.68467581e-01 3.00927639e-01
    7.88975298e-01 1.64830804e-01 5.04440725e-01 3.37028623e-01
    3.56671512e-02 1.91575617e-01 1.39625996e-01 5.63564599e-01
    1.26708597e-01 5.62747896e-01 8.52891624e-01 2.38584250e-01
    7.56092072e-02 5.12350798e-01 1.70099705e-01 3.18145216e-01
    6.74617887e-01 5.08096337e-01 2.04361677e-01 6.96192980e-01
    6.64532781e-01 8.43211353e-01 3.69172037e-01 9.97901678e-01
    3.87748450e-01 7.72895575e-01 5.99678099e-01 3.54907155e-01
    8.53294492e-01 4.79876131e-01 1.66039467e-02 2.88225114e-02
    1.64900720e-02 3.59775603e-01 6.85675621e-01 7.91819096e-01
    4.43762988e-01 1.91239566e-01 1.13937378e-01 9.99152541e-01
    6.98923469e-02 5.92300415e-01 9.05582249e-01 3.39225233e-01
    7.75208175e-01 4.98169839e-01 7.23945141e-01 3.30255866e-01
    8.99368525e-02 9.32893097e-01 1.75693512e-01 6.88278735e-01
    6.23717546e-01 1.31682247e-01 1.62216455e-01 8.12370598e-01
    9.89326239e-01 3.24402750e-02 4.71654236e-01 9.51629281e-01
    5.10554194e-01 6.21188521e-01 2.34042823e-01 6.04550302e-01
    3.15254152e-01 4.45662230e-01 6.26395524e-01 6.30786002e-01
    6.59731150e-01 3.07097942e-01 3.64747286e-01 9.87332463e-02
    9.24527287e-01 7.99173713e-01 9.80592370e-01 5.20509660e-01
    8.70751560e-01 3.28754485e-02 4.22020495e-01 8.52526069e-01
    2.73891985e-02 2.16234922e-01 8.96372616e-01 8.54319453e-01
    3.29407513e-01 3.56371880e-01 9.03871894e-01 5.74468851e-01
    6.46836162e-01 9.91748333e-01 3.03057879e-01 5.92801809e-01
    3.77670735e-01 2.62906432e-01 2.88590312e-01 1.18694007e-01
    3.18993658e-01 3.38020861e-01 8.86453807e-01 2.93302238e-02
    3.23161542e-01 3.05842161e-01 7.97767282e-01 9.29486632e-01
    9.26095128e-01 8.48729610e-01 2.63324082e-01 8.05566192e-01
    9.33736563e-01 6.13063276e-02 5.81251204e-01 1.53597295e-01
    6.64636135e-01 5.43594956e-01 6.71378374e-01 1.79585814e-03
    3.65209073e-01 8.18656147e-01 2.41404712e-01 9.20053244e-01
    6.69132054e-01 5.17104089e-01 6.81250215e-01 9.00668502e-01
    4.20500278e-01 8.31538022e-01 6.31096303e-01 5.88622928e-01
    5.63168108e-01 5.53771496e-01 7.60924935e-01 1.10145867e-01
    8.18972826e-01 8.24082136e-01 2.94501781e-02 3.24742973e-01
    6.06835485e-01 6.61780477e-01 7.71597862e-01 1.07561648e-02
    2.14442372e-01 9.84531760e-01 3.60084891e-01 6.61222637e-01
    9.57182407e-01 9.49527919e-02 3.02404165e-02 2.13588893e-01
    6.27229810e-02 6.51580334e-01 2.93943286e-02 8.19836557e-01
    5.75357676e-01 2.96264887e-02 6.20839417e-01 6.65187657e-01
    6.90427661e-01 7.29024053e-01 6.01411998e-01 1.42833352e-01
    5.86890578e-01 7.62191415e-01 4.06000555e-01 6.49198055e-01
    9.09958482e-02 1.04496449e-01 4.08251584e-02 7.75345325e-01
    3.60103548e-02 7.20358133e-01 2.87773311e-01 3.67140830e-01
    5.16013563e-01 5.58614433e-02 6.73830628e-01 7.68902242e-01
    6.62551939e-01 4.52308953e-02 6.48573756e-01 8.43546689e-01
    9.24326241e-01 1.87739730e-02 9.22968149e-01 2.98229158e-01
    6.40094876e-01 7.24667668e-01 6.90349221e-01 5.74506044e-01
    9.41939235e-01 4.04366076e-01 7.90812254e-01 6.85778081e-01
    7.80170560e-01 1.23784810e-01 7.33844042e-01 4.79442716e-01
    1.37095720e-01 6.64557517e-02 2.96658397e-01 9.49059725e-01
    6.08245194e-01 6.77745104e-01 3.92642796e-01 4.15753484e-01
    7.26683259e-01 8.14780235e-01 3.98761809e-01 2.81456649e-01
    6.59409642e-01 8.12454522e-01 9.92554128e-02 3.82187247e-01
    9.55761671e-01 7.28693604e-01 2.89528191e-01 8.77448678e-01
    7.25823581e-01 3.28612089e-01 9.42825973e-01 6.31582677e-01
    6.02127612e-02 2.37670809e-01 3.33735645e-02 3.75924170e-01
    6.69574499e-01 2.34329551e-01 1.48169190e-01 1.25312507e-02
    6.24906361e-01 1.70095801e-01 9.08342600e-01 7.33779192e-01
    8.78324986e-01 4.46837425e-01 6.51771247e-01 5.14873087e-01
    8.44821453e-01 6.23578012e-01 5.19127429e-01 5.94998240e-01
    4.35188264e-01 7.61926174e-01 3.29283535e-01 5.49271464e-01
    2.79014528e-01 4.80445832e-01 4.02427733e-01 8.33446860e-01
    3.16029906e-01 1.53409958e-01 8.50591421e-01 9.45023417e-01
    2.26649076e-01 1.17265999e-01 7.15189755e-01 1.98159754e-01
    6.54840827e-01 1.35452628e-01 5.88695109e-02 3.45432460e-02
    7.79102206e-01 3.90574872e-01 5.62254846e-01 4.29540277e-02
    4.97184068e-01 9.67514336e-01 6.32641733e-01 2.26364374e-01
    9.76047814e-02 9.19800341e-01 5.79757512e-01 3.08469594e-01
    5.39409518e-01 5.01934350e-01 9.43055272e-01 7.92874336e-01
    2.27096856e-01 7.06352949e-01 1.95093840e-01 2.54512846e-01
    3.46585274e-01 5.29547215e-01 9.91538048e-01 3.34168732e-01
    9.29866433e-01 6.76967978e-01 2.16324776e-01 2.14058101e-01
    2.07769066e-01 7.85243034e-01 3.99315089e-01 4.02565002e-02
    6.63589537e-01 6.74848676e-01 6.01794839e-01 1.83783263e-01
    9.97467577e-01 4.73039091e-01 5.31240582e-01 8.46467614e-01
    4.84608322e-01 3.52656960e-01 8.27251673e-01 4.59863037e-01
    6.13068342e-01 3.02369297e-01 7.09987760e-01 8.39939415e-01
    6.59450889e-01 4.28791106e-01 9.76726413e-03 3.84166270e-01
    7.02330887e-01 1.23050123e-01 9.21143174e-01 7.50725865e-02
    8.64930511e-01 5.26207745e-01 5.98304212e-01 8.81117344e-01
    4.49369669e-01 4.20004725e-01 5.93569756e-01 2.09501028e-01
    5.73176265e-01 1.09368593e-01 2.90106624e-01 3.70584369e-01
    3.38752955e-01 1.45146936e-01 9.06679034e-02 5.97349167e-01
    1.13341212e-01 5.74879408e-01 3.82584006e-01 1.16918534e-01
    4.51916605e-01 3.86245877e-01 6.14118278e-01 9.70150232e-01
    9.45182681e-01 8.19922209e-01 8.51129770e-01 6.83521986e-01
    7.35266507e-02 8.69894743e-01 7.97521949e-01 8.80175471e-01
    6.85383499e-01 7.83185005e-01 5.60865700e-01 2.86755890e-01
    9.02540684e-01 4.67363954e-01 1.34693176e-01 1.71143204e-01
    2.27644354e-01 7.21128583e-01 9.24548328e-01 1.71335578e-01
    5.02670109e-01 2.91036010e-01 9.26086783e-01 4.16843027e-01
    8.23476791e-01 4.11693066e-01 2.49200284e-01 6.77405059e-01
    9.70274925e-01 7.85498261e-01 5.00845909e-02 3.08103353e-01
    9.19222116e-01 7.64765680e-01 7.51131296e-01 7.09492922e-01
    9.87786293e-01 3.84809613e-01 2.35210955e-02 5.24576604e-01
    8.57157230e-01 2.33336985e-01 5.14334977e-01 6.94023490e-01
    4.91485953e-01 8.69238079e-02 5.64681411e-01 4.49185580e-01
    1.71230286e-01 4.18740809e-02 1.30351573e-01 3.93831909e-01
    7.57428944e-01 7.29398727e-01 4.46983665e-01 7.94159889e-01
    9.08928990e-01 6.06154799e-02 9.03146207e-01 4.81887043e-01
    1.52967244e-01 6.53662503e-01 3.71417165e-01 1.67988837e-01
    1.04195803e-01 1.36139512e-01 3.49824369e-01 5.59196353e-01
    1.38701499e-02 3.37902755e-01 2.95108378e-01 3.07042718e-01
    7.54575729e-01 3.41933429e-01 3.22156787e-01 6.51749969e-02
    5.79212368e-01 2.19818354e-01 5.03284216e-01 5.04200995e-01
    3.13534111e-01 4.81717050e-01 2.28814334e-01 5.03776193e-01
    2.46986598e-01 7.19592035e-01 9.31542933e-01 2.20952004e-01
    8.93718362e-01 9.77464080e-01 2.86203504e-01 9.02048111e-01
    2.54045308e-01 9.13214982e-02 6.03894532e-01 2.98226595e-01
    3.80174369e-01 2.55119324e-01 2.08084017e-01 4.99064922e-02
    1.15847647e-01 6.26872957e-01 3.21238875e-01 1.61769927e-01
    5.79058230e-01 9.65583622e-02 7.01368332e-01 9.68057394e-01
    5.19230604e-01 4.53784466e-02 3.03604543e-01 5.83369970e-01
    3.52443755e-02 8.95219088e-01 8.47310126e-02 8.17088187e-01
    3.83667707e-01 6.94956660e-01 2.00568795e-01 2.37887532e-01
    5.53320229e-01 8.61917853e-01 5.60038209e-01 9.27931786e-01
    4.31491107e-01 4.31956828e-01 7.64702559e-01 6.37664437e-01
    7.58378208e-02 9.51586902e-01 2.35014200e-01 7.49400496e-01
    1.83546394e-01 6.42992496e-01 6.49664402e-01 1.60110652e-01
    1.31723493e-01 2.08035052e-01 9.77009654e-01 1.19277924e-01
    8.61264110e-01 9.53629136e-01 3.23553383e-01 3.50874633e-01
    3.29126894e-01 3.55303824e-01 1.01161748e-01 1.47743106e-01
    3.92767340e-01 3.94845039e-01 9.17569280e-01 3.83853018e-02
    2.53525048e-01 6.41484857e-02 4.79521453e-02 3.51890683e-01
    8.30312371e-01 5.46834230e-01 8.36414337e-01 7.14905322e-01
    1.12652183e-01 9.21892762e-01 2.18256980e-01 7.58926034e-01
    1.99501783e-01 4.64503765e-01 8.21140170e-01 5.44531167e-01
    8.93113077e-01 3.74949187e-01 6.69106007e-01 1.20919108e-01
    6.05019033e-01 9.78669405e-01 3.43746364e-01 5.11754036e-01
    8.97727370e-01 4.36686546e-01 3.74735236e-01 4.50478792e-01
    1.50188088e-01 6.10352814e-01 4.56263632e-01 2.46020645e-01
    2.61317372e-01 8.03888619e-01 9.08321261e-01 1.86986655e-01
    2.73185015e-01 9.26125586e-01 8.91857862e-01 6.16373479e-01
    8.74904752e-01 5.68460822e-02 6.07308626e-01 6.51962280e-01
    4.25430298e-01 7.95820475e-01 9.18119788e-01 3.05349886e-01
    1.63030654e-01 4.16030884e-01 1.28746390e-01 1.46592259e-01
    7.24063396e-01 2.96140015e-01 2.26928025e-01 8.53311658e-01
    1.18909061e-01 7.09856272e-01 2.01847255e-02 3.13355923e-02
    4.83987182e-01 6.96151733e-01 1.11200482e-01 1.17355704e-01
    6.41719818e-01 8.43368351e-01 6.30046964e-01 3.02018285e-01
    4.87286806e-01 8.77025604e-01 8.44841897e-01 3.30565155e-01
    2.80062854e-02 4.98073667e-01 7.30352223e-01 8.26626897e-01
    5.46653867e-01 5.18979430e-01 9.89149868e-01 6.27925754e-01
    7.66026378e-01 9.84586835e-01 5.58819473e-01 5.08401692e-01
    1.79303169e-01 9.89794970e-01 5.18757403e-01 2.19538808e-03
    9.49949026e-02 6.74355924e-01 4.04327184e-01 5.12846291e-01
    6.51257098e-01 2.20966130e-01 1.84501827e-01 4.18529272e-01
    3.32098901e-02 5.68170905e-01 8.79409432e-01 2.79661715e-02
    1.80843413e-01 9.78220403e-02 6.68304682e-01 6.57342732e-01
    5.37937701e-01 4.88550842e-01 4.87609416e-01 7.04981327e-01
    9.26965177e-01 6.50172472e-01 3.78934175e-01 4.36946124e-01
    7.08168745e-02 4.37105477e-01 1.08636469e-01 8.26357007e-01
    7.94489026e-01 4.63927746e-01 2.89090574e-02 3.06457072e-01
    8.98108363e-01 7.21913338e-01 4.77788627e-01 1.44273877e-01
    1.59206152e-01 3.58742863e-01 4.85979766e-01 5.39179265e-01
    8.44977498e-01 8.19723129e-01 3.83300334e-01 7.67335236e-01
    9.06157017e-01 9.21385884e-01 1.45123929e-01 7.47697234e-01
    4.44013298e-01 2.07771569e-01 9.54069018e-01 8.32803965e-01
    4.53006923e-01 1.52033508e-01 8.60907912e-01 6.90455675e-01
    7.17110574e-01 4.13484275e-02 8.80758286e-01 8.53107095e-01
    5.74344575e-01 1.57553881e-01 5.87415576e-01 9.21934843e-01
    7.31347322e-01 9.09042716e-01 4.05040294e-01 5.41151047e-01
    6.94190741e-01 2.33120292e-01 7.63154268e-01 1.16496980e-01
    1.50982082e-01 5.40722966e-01 7.23664343e-01 6.92545176e-01
    3.54510963e-01 8.35243165e-02 4.38030183e-01 2.21473962e-01
    4.19961989e-01 2.02540308e-01 9.67732131e-01 1.25081956e-01
    4.17466193e-01 5.44670224e-01 8.32274497e-01 8.55640054e-01
    1.76604986e-01 8.35758090e-01 7.07731366e-01 8.70159149e-01
    9.03939664e-01 2.08315253e-02 8.00668359e-01 7.43566632e-01
    9.33084011e-01 6.14355385e-01 2.62340069e-01 5.97361386e-01
    9.49320018e-01 7.97720790e-01 5.71682811e-01 6.89743221e-01
    2.70061016e-01 6.68957770e-01 9.19489384e-01 9.80348706e-01
    3.99800837e-01 2.98772961e-01 6.11589074e-01 2.03899264e-01
    5.74396253e-01 8.96012366e-01 8.27965260e-01 6.58413768e-03
    3.70293260e-02 1.76785737e-01 2.08160609e-01 2.68125594e-01
    5.83828211e-01 1.62524939e-01 9.50558782e-02 8.26882720e-01
    1.78434849e-02 5.87812066e-01 5.52530050e-01 4.30331945e-01
    8.62527907e-01 7.38836467e-01 6.14724100e-01 1.54643238e-01
    6.37423217e-01 3.59497666e-02 8.34931254e-01 8.84089828e-01
    2.25021720e-01 2.77163088e-01 4.55568314e-01 8.49245906e-01
    1.64915413e-01 4.31811959e-01 1.25620514e-01 1.02831990e-01
    8.88085783e-01 9.53359783e-01 9.04574096e-01 3.97460729e-01
    2.20699489e-01 1.56443834e-01 3.37453842e-01 8.17544162e-02
    3.42452288e-01 4.63949353e-01 8.62836719e-01 4.93637860e-01
    3.81304353e-01 2.97966987e-01 8.56239200e-02 1.79954588e-01
    1.78887844e-02 1.71199620e-01 5.93608737e-01 7.82082796e-01
    9.19430554e-02 7.76467323e-01 5.82846880e-01 7.21244931e-01
    9.57949579e-01 6.50714397e-01 7.22845376e-01 7.64197111e-01
    5.68084300e-01 9.08425033e-01 8.90494406e-01 8.14633369e-01
    1.62158221e-01 5.04022539e-01 8.97067666e-01 9.09144402e-01
    7.94110715e-01 7.82172620e-01 6.16602898e-02 9.87114668e-01
    9.26868856e-01 4.90640968e-01 9.29603398e-01 5.09376168e-01
    8.75380695e-01 7.73912370e-01 7.51010418e-01 2.71327615e-01
    6.67011321e-01 7.39266217e-01 5.36471009e-01 7.22308278e-01
    9.40640807e-01 6.00646198e-01 8.16608548e-01 7.71525979e-01
    7.60618210e-01 1.46150291e-01 1.05049551e-01 4.12150025e-01
    9.37801123e-01 6.32205129e-01 5.84025681e-01 2.56126821e-01
    6.72505260e-01 9.72138286e-01 8.88384581e-01 1.00602001e-01
    5.29578090e-01 8.01064610e-01 8.00582290e-01 8.44068825e-02
    7.64986575e-01 8.69764805e-01 9.61761475e-01 6.93440974e-01
    6.84345543e-01 8.38839531e-01 4.29398477e-01 5.78485310e-01
    7.13597417e-01 6.51125610e-02 7.74293780e-01 4.22412038e-01
    1.78027689e-01 1.96426660e-01 7.08044648e-01 8.58497024e-02
    2.93914020e-01 1.90917015e-01 6.60675585e-01 4.25504118e-01
    2.79988050e-01 4.02826160e-01 6.95225894e-01 1.48406029e-02
    3.64877045e-01 1.23214900e-01 1.90021336e-01 3.88149023e-02
    4.03733075e-01 3.20013583e-01 6.29273474e-01 4.74120110e-01
    4.37038362e-01 9.05842900e-01 9.95464802e-01 4.86941755e-01
    8.91778350e-01 7.90609121e-01 2.63478994e-01 2.14615047e-01
    4.79955018e-01 9.81307030e-01 6.91674232e-01 7.77607858e-01
    7.18711376e-01 5.67245126e-01 6.85923219e-01 2.09589005e-01
    5.49618721e-01 2.26956338e-01 3.48747551e-01 3.55378687e-01
    2.00870663e-01 4.47030842e-01 8.06058049e-01 7.13457942e-01
    8.89505148e-01 9.71193969e-01 3.22949141e-01 8.16317677e-01
    2.46562093e-01 3.39173108e-01 7.56348252e-01 4.38930720e-01
    1.76947713e-01 5.54567456e-01 7.82655120e-01 3.77943665e-01
    5.03363490e-01 2.15073019e-01 8.50886285e-01 4.18055087e-01
    1.00368381e-01 7.36572742e-01 5.39541185e-01 1.52995706e-01
    8.19143057e-01 3.29581350e-01 1.58648849e-01 2.19357699e-01
    3.88959348e-01 5.49214184e-02 8.45915556e-01 7.35799611e-01
    5.48212290e-01 2.49114573e-01 2.68656224e-01 7.81672001e-02
    9.36601043e-01 3.02492648e-01 6.22561574e-01 4.13114429e-02
    6.36051416e-01 8.51063728e-02 8.56707573e-01 8.72899592e-02
    4.70289916e-01 5.12178302e-01 8.06366444e-01 6.43800855e-01
    8.47548008e-01 6.44415557e-01 3.16367269e-01 4.75444913e-01
    8.87446046e-01 7.73926258e-01 4.23049092e-01 7.61246324e-01
    7.41591573e-01 4.09446657e-01 3.42313826e-01 4.75586265e-01
    2.60533810e-01 1.61027640e-01 6.70253098e-01 3.70538324e-01
    3.12087834e-01 1.28085345e-01 1.04718655e-01 2.38953739e-01
    8.60937595e-01 1.12967491e-01 6.81126356e-01 6.53875530e-01
    6.40698850e-01 9.88097131e-01 2.73165941e-01 8.63731146e-01
    8.67418528e-01 5.42932510e-01 2.56299794e-01 9.14198756e-02
    7.31651425e-01 4.17169571e-01 2.58532077e-01 4.20736462e-01
    9.74717736e-03 8.12350750e-01 4.20638919e-01 3.12320441e-01
    3.04303110e-01 3.16186279e-01 5.36750257e-01 9.17347729e-01
    1.31829768e-01 2.39630967e-01 3.86164993e-01 4.06986475e-01
    9.80205297e-01 8.32826495e-01 1.05983049e-01 7.29894161e-01
    1.74278796e-01 5.56604624e-01 9.37408090e-01 1.83598220e-01
    9.96693552e-01 5.61297238e-01 8.82544279e-01 1.07991785e-01
    3.45357299e-01 6.23626590e-01 7.57660568e-02 9.41400826e-02
    5.35228252e-02 1.80389524e-01 9.42562521e-01 7.09836900e-01
    7.71240711e-01 8.03412080e-01 7.16398656e-02 3.53110462e-01
    9.03211534e-01 6.86993301e-01 8.77519488e-01 7.52480268e-01
    7.06717968e-02 5.24835169e-01 3.77952486e-01 5.94722450e-01
    9.01987314e-01 4.55072612e-01 2.49115467e-01 7.11382627e-01
    8.15089464e-01 4.47688520e-01 1.70709699e-01 1.24201477e-01
    3.89416665e-01 4.39204544e-01 3.17674577e-01 2.99666882e-01
    8.06400895e-01 3.52486670e-02 6.05942845e-01 6.15812242e-01
    2.70417839e-01 4.59100783e-01 4.55856025e-01 4.20182943e-03
    1.55967325e-01 1.34135008e-01 3.83782625e-01 5.98760247e-01
    2.88396955e-01 2.73764729e-01 9.88103449e-01 4.67633665e-01
    1.76562667e-01 7.51491785e-01 5.64424932e-01 7.54217803e-02
    4.45819736e-01 2.04756528e-01 3.18191916e-01 5.84249377e-01
    6.95581973e-01 1.39907479e-01 4.89227772e-01 7.28609979e-01
    5.05248964e-01 9.54169869e-01 2.51908094e-01 9.54961300e-01
    6.30306900e-02 2.07180560e-01 3.37118328e-01 5.73244035e-01
    4.55136389e-01 1.39518529e-01 7.52119184e-01 3.60795438e-01
    5.26322603e-01 3.94666195e-03 8.65381956e-01 6.06605530e-01
    7.45059013e-01 1.27294630e-01 1.89437807e-01 2.91644603e-01
    4.91354793e-01 2.67296791e-01 9.10724163e-01 3.92128229e-02
    2.18488872e-02 3.30627441e-01 6.86416626e-02 6.60326898e-01
    4.84768808e-01 6.37212753e-01 7.58779109e-01 9.84980166e-01
    3.16602290e-01 9.01433945e-01 4.51151669e-01 9.31294203e-01
    3.70670587e-01 1.51389927e-01 8.73434305e-01 5.51482677e-01
    6.09139085e-01 8.65479946e-01 3.41541171e-01 4.23941404e-01
    5.36728024e-01 6.63851678e-01 7.02306867e-01 3.97484958e-01
    6.46361232e-01 7.55010962e-01 5.64647377e-01 6.84322715e-01
    5.15847147e-01 3.24921250e-01 1.80432081e-01 2.99851656e-01
    8.22079182e-01 2.18074679e-01 9.98952627e-01 5.84024072e-01
    6.20266974e-01 3.85730416e-01 9.12246585e-01 9.35015440e-01
    8.35472226e-01 4.47236121e-01 1.71609968e-01 8.27372730e-01
    7.64652193e-02 6.67686522e-01 8.62507820e-02 5.70959985e-01
    9.26993370e-01 8.17719758e-01 9.31871235e-02 3.65633518e-01
    2.52990007e-01 9.97102439e-01 5.92331827e-01 1.39781386e-01
    9.42702293e-02 1.85002297e-01 4.02284682e-01 4.16830420e-01
    6.73873544e-01 5.11639953e-01 6.63342118e-01 5.05298078e-02
    9.48154092e-01 2.94671774e-01 4.93929088e-01 8.71139884e-01
    4.54278797e-01 6.46545529e-01 1.62377954e-01 3.49380016e-01
    6.88949645e-01 8.63926291e-01 3.20943117e-01 2.93281317e-01
    3.63384813e-01 7.51638412e-01 3.96225333e-01 6.92384124e-01
    4.30992573e-01 5.38433194e-01 9.73868072e-01 3.19731057e-01
    7.77533770e-01 6.73235834e-01 7.06940055e-01 8.40802789e-01
    9.26313698e-02 6.58747435e-01 8.00074577e-01 2.56553292e-02
    9.76851702e-01 6.38514698e-01 7.03522563e-01 9.46428537e-01
    9.76099133e-01 6.99735463e-01 6.85586572e-01 4.07637209e-01
    9.83638048e-01 1.05305791e-01 2.83013821e-01 7.23474026e-01
    4.15356338e-01 5.89385033e-01 8.66997361e-01 7.62772441e-01
    6.34998679e-01 6.45037055e-01 6.16027236e-01 7.21601248e-01
    8.94725144e-01 3.00854683e-01 9.26522017e-02 4.31491643e-01
    3.96174669e-01 5.54985404e-01 5.64659595e-01 6.11430407e-01
    6.69757068e-01 6.94350719e-01 8.11768889e-01 2.08429098e-01
    4.00810897e-01 6.83060288e-02 3.45025003e-01 3.60423028e-02
    3.52441728e-01 4.71765637e-01 6.12998486e-01 7.83773422e-01
    1.78673685e-01 7.55689740e-01 5.03366649e-01 3.55503261e-02
    7.13364244e-01 6.29435897e-01 4.28345621e-01 4.41709697e-01
    7.11664557e-03 5.53258836e-01 5.42451143e-01 8.39037299e-01
    6.59375012e-01 9.19291615e-01 9.00103152e-02 4.94847417e-01
    6.43520951e-01 8.25495601e-01 5.88419259e-01 9.89006758e-01
    5.61135948e-01 2.20781058e-01 4.94333774e-01 4.29547668e-01
    8.17945719e-01 5.24830163e-01 4.54525858e-01 5.41791618e-01
    9.06834364e-01 9.09466982e-01 2.36002684e-01 1.40061080e-01
    2.42026955e-01 7.10760951e-01 7.08370686e-01 4.98580903e-01
    2.65445173e-01 6.46166265e-01 5.27425170e-01 8.38061988e-01
    1.17696822e-01 4.49689001e-01 9.50095892e-01 6.48147762e-02
    9.16863084e-02 3.80038023e-02 2.61386395e-01 7.52013206e-01
    5.38835227e-01 1.98967308e-01 9.84774828e-02 3.82373959e-01
    7.60596216e-01 1.92574292e-01 9.78617728e-01 3.62469971e-01
    4.76692528e-01 8.57866526e-01 5.33250690e-01 4.20573205e-01
    7.82648504e-01 6.38049960e-01 7.54911065e-01 5.74003577e-01
    6.06504202e-01 2.31901795e-01 7.69336522e-01 9.24077630e-03
    3.76802713e-01 2.19571292e-01 6.51308596e-01 3.85409713e-01
    9.81718600e-02 3.06076109e-02 6.77952945e-01 8.94564867e-01
    8.99676919e-01 2.22387314e-02 1.40123010e-01 5.37222922e-01
    4.67980862e-01 1.28444523e-01 8.36888731e-01 5.11918783e-01
    5.68868816e-02 4.30743098e-02 5.84429085e-01 9.57100868e-01
    9.30826187e-01 3.03710401e-01 5.83435774e-01 8.13853145e-01
    2.87425011e-01 1.85844094e-01 1.49798155e-01 4.59474266e-01
    3.15463901e-01 2.91741222e-01 3.74890924e-01 5.97849071e-01
    1.45995885e-01 2.23048955e-01 5.45565784e-01 3.29649150e-01
    8.46833169e-01 8.16757202e-01 9.56995487e-01 6.61748052e-01
    2.37153172e-02 6.81527257e-02 8.96445751e-01 2.81756163e-01
    6.02578759e-01 6.67171001e-01 5.48943639e-01 2.35601336e-01
    4.21284586e-01 1.74091429e-01 5.47068119e-01 7.11772263e-01
    9.70228255e-01 1.21158212e-01 7.40385115e-01 4.68860477e-01
    4.77541506e-01 5.74849844e-02 4.49689269e-01 2.48192161e-01
    1.51819021e-01 9.57984865e-01 5.29258251e-01 1.45178735e-02
    8.79288912e-01 4.43500549e-01 8.60082805e-01 3.77549678e-01
    1.51214570e-01 4.26294625e-01 2.22191781e-01 5.56783795e-01
    4.39151525e-01 2.95921564e-01 3.26361299e-01 4.32512164e-02
    4.34454679e-01 1.11311674e-02 3.30759913e-01 6.61778092e-01
    6.89864576e-01 2.68491626e-01 2.30984181e-01 9.25163686e-01
    9.11142707e-01 5.38923383e-01 1.96293682e-01 2.87938356e-01
    4.79769111e-01 5.30258119e-01 7.30414867e-01 8.20114434e-01
    1.35927558e-01 3.78438741e-01 8.93932581e-02 3.35437059e-03
    8.08770716e-01 7.88566470e-01 9.39053893e-02 9.49593902e-01
    6.29703462e-01 3.34472358e-01 4.86346215e-01 1.55037075e-01
    6.83878064e-01 8.65130067e-01 5.81955910e-03 2.23860979e-01
    4.44579184e-01 4.91630077e-01 9.78468418e-01 9.20175910e-01
    3.18289340e-01 9.27087605e-01 6.74094319e-01 3.20275694e-01
    6.67290390e-02 3.78999710e-01 9.00183916e-01 6.78407848e-01
    9.15822923e-01 8.86203587e-01 1.74269646e-01 4.89506543e-01
    3.84395719e-01 8.06048572e-01 8.58235240e-01 4.74384546e-01
    9.46519315e-01 4.57912505e-01 5.23095787e-01 2.04573780e-01
    3.89051199e-01 6.61071479e-01 2.40106285e-01 8.80092144e-01
    8.72641921e-01 1.10501587e-01 2.74210870e-02 3.30067039e-01
    1.97267532e-03 8.26910913e-01 1.05293691e-01 2.91851670e-01
    7.70440221e-01 7.24267840e-01 3.05925548e-01 7.05993176e-02
    7.01336563e-01 3.34834516e-01 2.78133124e-01 5.12573242e-01
    4.32899117e-01 8.66845846e-01 6.85061753e-01 7.43741989e-01
    1.24042660e-01 7.14467585e-01 3.46763611e-01 3.26442957e-01
    9.16345358e-01 9.51836050e-01 6.43815398e-01 2.83092886e-01
    6.32430255e-01 2.74232209e-01 6.17907524e-01 2.49058008e-01
    4.21029270e-01 6.62784219e-01 5.36268532e-01 5.36743641e-01
    1.61421537e-01 5.07394671e-01 9.65617239e-01 6.89315498e-01
    1.42992407e-01 8.29275608e-01 9.88673031e-01 6.03235602e-01
    8.68559241e-01 7.09902108e-01 3.95611227e-01 7.59642124e-01
    5.47115803e-01 6.98010147e-01 8.22362661e-01 6.36686206e-01
    9.55858111e-01 4.81193215e-01 6.24695718e-01 8.61827910e-01
    9.63075519e-01 8.71356606e-01 5.97222805e-01 3.93764079e-02
    8.73062909e-02 6.12318933e-01 6.48434103e-01 4.10429239e-02
    1.99432194e-01 9.03545141e-01 1.72320604e-01 6.73851132e-01
    3.88382494e-01 6.90264285e-01 3.80377114e-01 3.78384888e-01
    9.47796166e-01 1.95011586e-01 7.33225584e-01 2.21693814e-01
    5.73176622e-01 5.15973568e-01 9.63315129e-01 7.22903728e-01
    5.68116546e-01 2.15677321e-01 8.03053796e-01 9.68804955e-01
    4.07090455e-01 5.82245350e-01 5.94300866e-01 3.06311071e-01
    7.87935615e-01 8.33900750e-01 1.39111817e-01 6.46156847e-01
    5.84825158e-01 6.03707552e-01 5.27202666e-01 5.21840096e-01
    7.67299652e-01 8.83886755e-01 5.05040288e-02 7.09478736e-01
    7.48982728e-02 4.48103935e-01 6.22273386e-01 4.66743708e-01
    9.54527974e-01 6.68000877e-02 7.99348056e-02 7.57921338e-02
    8.32184255e-01 2.84111917e-01 2.97562420e-01 4.02281880e-01
    3.99624407e-02 2.60115504e-01 8.95529270e-01 7.66238868e-02
    8.57531190e-01 9.34721708e-01 7.30043352e-02 8.65976512e-01
    9.85347807e-01 7.38833129e-01 2.30672270e-01 6.65141821e-01
    9.64422464e-01 8.11382771e-01 5.42577922e-01 8.66906524e-01
    1.54099166e-01 1.39517486e-01 9.73693848e-01 4.55409288e-03
    8.53395343e-01 1.42958462e-01 3.11136931e-01 6.21106207e-01
    6.45842850e-02 7.97726989e-01 9.78795528e-01 6.42420292e-01
    8.97012889e-01 4.02870893e-01 3.94305587e-01 8.87104392e-01
    2.08927125e-01 3.38122249e-03 3.20643693e-01 5.84297836e-01
    3.04960608e-01 1.84189975e-01 6.06838107e-01 6.61696851e-01
    3.52885753e-01 7.02517390e-01 2.15388656e-01 7.51582861e-01
    6.42624795e-02 6.80413246e-01 1.96925521e-01 2.52435744e-01
    6.27468169e-01 9.27129388e-03 1.64387196e-01 3.72325480e-02
    3.58581126e-01 1.26895010e-01 5.05573392e-01 4.43226099e-01
    7.65346885e-01 4.70924020e-01 8.91843021e-01 8.52427363e-01
    2.18619704e-02 9.51026857e-01 8.97722483e-01 3.22797835e-01
    8.04852605e-01 9.34628189e-01 1.04434341e-01 7.32736230e-01
    2.95083821e-01 2.79658020e-01 2.26424277e-01 5.08120835e-01
    5.98618627e-01 1.33859992e-01 3.34100366e-01 5.83128929e-01
    4.79124069e-01 2.96131253e-01 5.30910552e-01 1.99691266e-01
    8.64105344e-01 3.15369368e-01 4.68502909e-01 5.02175510e-01
    6.81317747e-01 9.96656060e-01 4.51166838e-01 3.74210775e-01
    9.09554482e-01 8.13261628e-01 9.46689010e-01 9.60128427e-01
    1.57046497e-01 6.79152012e-01 2.41032213e-01 6.20467842e-01
    1.17132127e-01 9.46045756e-01 9.81538713e-01 6.44719481e-01
    1.06489658e-01 5.22138774e-01 7.43751049e-01 1.79384828e-01
    1.65611476e-01 9.77916777e-01 9.87114072e-01 3.99226665e-01
    9.73944783e-01 3.38191926e-01 8.43660474e-01 5.15207052e-01
    1.15923643e-01 6.22332931e-01 9.27278757e-01 6.10091090e-01
    6.12354040e-01 1.46794379e-01 3.37609410e-01 5.01493514e-02
    2.31019974e-01 9.45305884e-01 9.65876818e-01 4.04646039e-01
    5.09719610e-01 3.38012874e-01 9.81851280e-01 5.27160525e-01
    7.69920230e-01 6.10474169e-01 6.35181606e-01 6.10307157e-01
    1.39367104e-01 1.93949491e-01 6.92685723e-01 4.18798923e-01
    2.35293925e-01 6.06914401e-01 3.14502656e-01 2.51532853e-01
    2.65723169e-01 7.19350755e-01 8.28509331e-01 7.62759566e-01
    5.69245338e-01 7.94190884e-01 7.49116540e-01 7.36044049e-01
    9.72491324e-01 1.80435300e-01 5.09123564e-01 9.80081797e-01
    8.33815098e-01 4.88155752e-01 7.38323867e-01 5.13865769e-01
    9.78862226e-01 8.63074899e-01 5.69809496e-01 1.08411729e-01
    3.28899026e-01 2.24237651e-01 4.05942380e-01 6.17169857e-01
    5.91755807e-01 9.93257761e-02 1.15925670e-02 1.79828405e-02
    4.54024047e-01 9.50611115e-01 5.73650837e-01 1.38427019e-02
    8.69024396e-02 9.09159541e-01 7.23786831e-01 4.52067435e-01
    3.87021601e-01 6.90966547e-02 5.95542908e-01 5.55072188e-01
    7.87632108e-01 2.38354683e-01 2.11720437e-01 4.68525976e-01
    6.79029167e-01 1.96957678e-01 7.44460106e-01 9.45430398e-01
    7.68437147e-01 7.73527503e-01 8.33091736e-01 6.27200127e-01
    4.52197164e-01 5.68962157e-01 6.05695724e-01 6.54022098e-01
    7.59271502e-01 2.80870050e-01 8.11719060e-01 5.34501553e-01
    7.05827117e-01 4.00065780e-01 9.07180905e-01 1.97895736e-01
    3.17750514e-01 8.50174546e-01 8.64718795e-01 5.13788104e-01
    4.10925269e-01 4.55801010e-01 9.33576703e-01 7.97027707e-01
    4.67770964e-01 4.10546213e-01 5.87033987e-01 2.27594376e-03
    9.21114624e-01 4.19081748e-01 4.93115962e-01 7.09256351e-01
    3.00308585e-01 5.95690966e-01 2.53309608e-01 9.98485088e-01
    4.02166039e-01 5.31025887e-01 7.23623753e-01 5.19737422e-01
    6.48951769e-01 4.30678964e-01 2.69502103e-02 6.20545805e-01
    7.78164506e-01 7.89585710e-01 7.76704550e-01 8.71863961e-01
    1.54437870e-01 5.22938550e-01 1.24068290e-01 6.68993890e-01
    3.72953117e-01 8.95590127e-01 9.02537823e-01 2.31284708e-01
    4.79723901e-01 1.82428539e-01 7.05095112e-01 8.87618661e-01
    3.89707774e-01 9.98301148e-01 7.35014319e-01 7.15872645e-01
    3.39427948e-01 7.24012792e-01 1.75671458e-01 8.70550752e-01
    9.33897793e-02 5.46962559e-01 3.36032212e-02 5.16755402e-01
    4.56787229e-01 6.35426998e-01 3.09168875e-01 6.13316119e-01
    6.29108369e-01 2.23223746e-01 1.47897810e-01 9.27560329e-01
    9.28735137e-01 5.57382643e-01 7.17206359e-01 4.79707271e-01
    7.23263502e-01 8.22422743e-01 6.07702911e-01 3.59100521e-01
    1.30739629e-01 6.12923503e-03 4.89737570e-01 1.81793898e-01
    9.77534771e-01 4.68643159e-01 6.07360125e-01 9.21414137e-01
    5.55911481e-01 2.34819472e-01 5.29795527e-01 9.82822418e-01
    2.72624254e-01 4.66392934e-02 8.07736337e-01 6.21412694e-01
    3.57126892e-02 6.67824686e-01 3.60440910e-01 6.92913353e-01
    8.80786419e-01 5.61121762e-01 4.57065403e-01 1.29027933e-01
    1.11167520e-01 5.81294060e-01 4.76856351e-01 9.88416970e-02
    6.13046348e-01 7.37462163e-01 2.83859313e-01 5.21415770e-01
    6.19591713e-01 7.52111077e-01 6.35244250e-01 1.27605796e-02
    8.48854959e-01 4.21998978e-01 4.07145351e-01 6.65926933e-03
    9.18713093e-01 5.98271012e-01 1.06179416e-01 8.44662011e-01
    5.52868962e-01 2.28798479e-01 8.00033033e-01 3.03281456e-01
    8.22719038e-02 5.30438423e-01 6.26529753e-01 5.60973287e-01
    2.75123715e-01 7.63445973e-01 5.11973679e-01 5.17705858e-01
    5.31621873e-01 6.68004155e-01 3.81221384e-01 1.93280786e-01
    5.92858672e-01 5.48924744e-01 5.24022460e-01 5.04410982e-01
    6.92314208e-02 7.87136078e-01 9.27488685e-01 3.79016787e-01
    7.96834826e-01 8.10226798e-03 6.28464460e-01 9.70531940e-01
    6.77856326e-01 5.90457261e-01 1.67488903e-01 1.35604888e-01
    6.42148852e-02 5.23940742e-01 7.79950380e-01 7.72352219e-01
    5.07632315e-01 7.86658764e-01 4.73482400e-01 4.32506144e-01
    6.42609835e-01 6.60210729e-01 3.53174508e-02 1.70027882e-01
    6.75941646e-01 2.73747444e-01 4.05054599e-01 8.65093589e-01
    3.26338470e-01 3.69476646e-01 9.41090703e-01 1.49165481e-01
    4.95021343e-02 6.41737103e-01 3.71030211e-01 2.21127331e-01
    6.51240408e-01 1.24833852e-01 6.67534471e-01 9.15509462e-01
    8.71888518e-01 9.66503441e-01 1.59527570e-01 3.04619640e-01
    3.18459034e-01 4.15596068e-01 4.56149578e-01 5.05317807e-01
    3.66193563e-01 6.94660366e-01 2.78771460e-01 5.24986446e-01
    9.71539497e-01 9.08827543e-01 2.76289284e-02 4.40833271e-01
    8.97013545e-01 4.13564354e-01 3.34668219e-01 2.09499180e-01
    4.02763069e-01 3.23031902e-01 8.24337125e-01 6.77720010e-02
    1.86949492e-01 2.58090347e-01 6.51325762e-01 3.38169932e-02
    6.52501523e-01 9.50098753e-01 2.68322945e-01 8.19177806e-01
    4.41965461e-03 5.94618559e-01 3.01427811e-01 5.24719000e-01
    6.87198639e-01 5.36540866e-01 8.04272175e-01 5.12499571e-01
    2.04859316e-01 4.31702733e-02 8.26825738e-01 1.63661778e-01
    5.98054290e-01 3.81824970e-01 4.37241226e-01 4.51000154e-01
    6.75658226e-01 7.89584994e-01 9.14015412e-01 3.42464417e-01
    2.95224249e-01 8.66832137e-01 2.09405392e-01 2.50496089e-01
    7.46318340e-01 4.50903773e-01 7.80509889e-01 2.08935410e-01
    7.55105019e-02 6.90034688e-01 8.79358768e-01 8.16051066e-02
    8.60436797e-01 6.42688036e-01 7.21586287e-01 2.60263741e-01
    3.48726809e-01 5.51588595e-01 2.17480719e-01 2.32034266e-01
    8.64717066e-02 8.34406316e-01 4.61848587e-01 2.89545417e-01
    7.51224875e-01 6.23063505e-01 4.03789580e-01 5.85794628e-01
    8.78105402e-01 4.90700245e-01 5.48746765e-01 4.98484284e-01
    3.80947113e-01 3.71814698e-01 9.09841895e-01 3.19587290e-02
    3.87063682e-01 8.94775212e-01 4.80762631e-01 8.66519213e-01
    6.40274763e-01 9.98438954e-01 3.13533574e-01 3.69149834e-01
    7.65553832e-01 5.09496093e-01 3.51732820e-01 8.28569472e-01
    2.39684999e-01 8.79100800e-01 4.93120909e-01 7.07892656e-01
    7.36629725e-01 5.03901362e-01 3.45123649e-01 2.40325928e-03
    5.40454924e-01 6.47813678e-01 5.90029001e-01 4.89682645e-01
    8.51244688e-01 6.85092092e-01 1.53217345e-01 1.34930521e-01
    4.65423763e-01 6.93258822e-01 5.83495140e-01 8.68052483e-01
    4.63824362e-01 6.60381556e-01 5.89295387e-01 4.95421678e-01
    1.63593113e-01 5.50572574e-01 4.81492221e-01 9.90659297e-02
    2.26552218e-01 6.05077922e-01 8.93167853e-01 7.21389949e-02
    3.41048062e-01 5.82801342e-01 8.90561819e-01 2.52797604e-02
    8.45809221e-01 4.57642376e-01 7.85148144e-03 9.25607681e-01
    4.35935080e-01 4.79898036e-01 4.55962241e-01 2.56418973e-01
    6.69921875e-01 9.19259429e-01 6.02196515e-01 3.92717391e-01
    6.44734800e-01 4.41185296e-01 3.64501506e-01 8.64952922e-01
    9.33950663e-01 8.49711657e-01 4.12013173e-01 4.61070597e-01
    7.66882300e-02 8.46921265e-01 7.13961184e-01 5.48040748e-01
    1.96885765e-01 5.79218745e-01 9.32788134e-01 6.19816661e-01
    1.27643526e-01 1.03411078e-03 8.24111700e-02 5.54367900e-01
    6.18706346e-01 2.24627048e-01 3.81733656e-01 1.99891806e-01
    5.15812933e-01 3.12265754e-03 9.31184173e-01 2.55124897e-01
    6.22262597e-01 8.86401057e-01 9.60586250e-01 4.68472481e-01
    8.44645858e-01 9.86945212e-01 4.38389778e-01 4.42052245e-01
    6.99101388e-01 1.74361318e-01 6.32748604e-02 9.77278471e-01
    5.56167722e-01 5.00479221e-01 2.37161338e-01 3.00457239e-01
    5.13931751e-01 5.94390869e-01 4.86290872e-01 1.71427041e-01
    3.30332816e-01 3.92522961e-01 5.71905255e-01 8.41738641e-01
    7.00111389e-01 9.26603496e-01 2.97643006e-01 4.86406803e-01
    9.89464402e-01 3.59159887e-01 1.45101577e-01 3.81585360e-01
    5.94422817e-01 7.42141306e-02 9.91616428e-01 8.86831224e-01
    6.80143416e-01 9.65771556e-01 7.87630439e-01 9.47275937e-01
    5.25334358e-01 3.72508466e-01 9.26061332e-01 2.22101778e-01
    1.89535737e-01 4.12523210e-01 9.70258474e-01 6.97796345e-01
    4.64682698e-01 8.79749656e-03 3.39077711e-01 4.76297796e-01
    4.96588975e-01 2.85436213e-02 9.69253778e-01 8.19269717e-01
    5.21264970e-01 8.17351699e-01 6.16612434e-01 2.36313313e-01
    9.46528196e-01 8.80599618e-01 3.31906915e-01 8.04390609e-02
    3.99338901e-02 8.00149918e-01 2.48180121e-01 8.68472040e-01
    1.84105724e-01 2.23562896e-01 1.64669454e-01 3.25445831e-01
    7.70937383e-01 9.72640991e-01 3.45353991e-01 1.14360332e-01
    4.56267744e-01 1.82901591e-01 1.92839563e-01 4.14602011e-01
    7.51764834e-01 5.26512027e-01 3.32892329e-01 6.28235221e-01
    9.66503739e-01 8.30170333e-01 7.12535977e-02 8.96874189e-01
    1.29157692e-01 2.85787284e-02 6.04356170e-01 4.15831804e-04
    9.27061856e-01 9.15309072e-01 6.43374205e-01 8.10158849e-01
    8.21363986e-01 3.05259585e-01 6.68088198e-02 8.78491104e-02
    1.22437716e-01 4.91077155e-01 6.98048174e-01 1.92227811e-01
    8.94459069e-01 8.73955250e-01 9.74056840e-01 2.68269271e-01
    2.07916886e-01 2.05954313e-02 6.97566271e-01 9.44697499e-01
    1.16408706e-01 6.53687775e-01 9.56410050e-01 8.60082090e-01
    8.74720097e-01 6.93507075e-01 1.65568173e-01 9.56191242e-01
    3.69683385e-01 3.11132789e-01 8.45735312e-01 4.38021123e-02
    9.40472245e-01 8.02684188e-01 2.15361565e-01 8.88300121e-01
    7.84386337e-01 2.63341904e-01 2.33301640e-01 3.19400966e-01
    9.44222331e-01 9.28410769e-01 1.97494715e-01 2.68304050e-02
    8.59854996e-01 9.31480348e-01 9.16843235e-01 4.52394187e-01
    9.14373457e-01 1.05971307e-01 8.49096477e-01 5.95730305e-01
    3.56838137e-01 8.69612932e-01 4.56539571e-01 6.63489342e-01
    1.91695124e-01 6.20352268e-01 9.32309091e-01 7.77051330e-01
    6.69478118e-01 3.95489633e-01 7.30113745e-01 6.96286201e-01
    3.41689289e-01 4.07466173e-01 9.64672089e-01 4.59160209e-02
    1.27676815e-01 3.07927310e-01 6.01013005e-01 9.63349342e-01
    4.74373192e-01 2.72044837e-01 3.75735193e-01 2.34202117e-01
    9.99953628e-01 4.25894260e-01 1.87502354e-01 6.28624856e-01
    6.93061233e-01 3.23631853e-01 2.81447083e-01 3.62100899e-01
    5.26392758e-02 5.21593869e-01 6.59632504e-01 7.21160531e-01
    2.37406313e-01 9.59554911e-01 3.46701384e-01 1.28671527e-03
    6.15734756e-01 5.25739074e-01 4.69756484e-01 5.11512756e-01
    4.72088277e-01 3.26147199e-01 4.52983320e-01 4.88021970e-01
    9.21170473e-01 4.97620195e-01 5.44005513e-01 3.13251495e-01
    9.54275310e-01 4.70582783e-01 9.89525199e-01 3.51783335e-01
    8.95672739e-01 7.91282773e-01 8.15039396e-01 8.54268372e-02
    6.74055696e-01 9.07342076e-01 6.48963690e-01 3.56486201e-01
    6.05268657e-01 5.99992454e-01 8.78583431e-01 4.45039392e-01
    8.24571669e-01 8.17793667e-01 7.21864939e-01 4.51847315e-02
    5.41700244e-01 7.14821756e-01 9.59248900e-01 7.58512676e-01
    6.83426499e-01 4.14745986e-01 4.66701716e-01 9.80472207e-01
    3.00374895e-01 7.14230478e-01 9.67824101e-01 5.82887650e-01
    1.47472531e-01 3.43689501e-01 3.06890190e-01 2.73429096e-01
    2.54608393e-01 6.35469139e-01 7.43861020e-01 9.07130599e-01
    8.85131359e-01 9.41542149e-01 5.54308712e-01 2.80600250e-01
    1.02964610e-01 7.17827499e-01 8.47881496e-01 5.54517806e-01
    6.65530384e-01 5.98267913e-01 5.26288867e-01 4.20256376e-01
    2.06405044e-01 6.10118926e-01 4.84931856e-01 1.84455305e-01
    1.13993853e-01 2.35553443e-01 3.51743937e-01 8.30761492e-01
    7.84960389e-03 3.96355063e-01 9.59755778e-02 8.70137036e-01
    1.77389771e-01 7.91192532e-01 8.21965873e-01 6.02483749e-01
    7.49632299e-01 5.62442780e-01 4.21371549e-01 4.74803478e-01
    6.32692993e-01 8.45248699e-02 4.92613971e-01 8.43826234e-01
    8.29736710e-01 1.42973214e-01 6.01374507e-01 8.62624526e-01
    6.32403970e-01 3.35588992e-01 1.20401055e-01 2.82936186e-01
    7.16500640e-01 8.74268234e-01 4.91975784e-01 7.99899697e-02
    9.19033647e-01 4.65911061e-01 6.87452376e-01 8.07735503e-01
    2.92493761e-01 2.92251259e-01 4.71037567e-01 8.95839930e-02
    7.32536554e-01 4.23019230e-02 4.07066107e-01 7.49818087e-01
    7.96900213e-01 2.66874671e-01 6.69314265e-01 7.81136513e-01
    3.40327144e-01 1.55151963e-01 4.38795239e-01 4.54758525e-01
    9.85683203e-01 2.16197133e-01 9.34946656e-01 2.70284891e-01
    2.73714304e-01 1.61624312e-01 8.76970649e-01 1.47749841e-01
    8.83517146e-01 7.14203119e-01 5.47513425e-01 6.99221611e-01
    4.81862575e-01 3.74612838e-01 9.44636941e-01 8.05007815e-02
    6.96608305e-01 4.00249422e-01 1.93768919e-01 4.93312091e-01
    4.48223025e-01 7.41403222e-01 1.58066332e-01 5.92341721e-01
    2.77164042e-01 7.72776484e-01 8.04663777e-01 2.32328206e-01
    6.00636125e-01 4.96485919e-01 4.33138639e-01 5.16687989e-01
    3.79715592e-01 8.94470692e-01 6.73180103e-01 3.73597205e-01
    4.28065568e-01 9.41480458e-01 6.28632426e-01 9.04327214e-01
    2.59867042e-01 7.14216173e-01 4.73736078e-01 1.09763354e-01
    9.89852428e-01 9.93100405e-01 1.82268828e-01 8.35598826e-01
    6.01285756e-01 1.51305318e-01 6.81714118e-01 4.40080106e-01
    6.71804070e-01 8.73460591e-01 4.62574661e-01 7.09676921e-01
    6.72157884e-01 3.71001065e-02 2.47445494e-01 6.35429919e-02
    3.83614421e-01 5.14542818e-01 3.28447670e-01 8.71726036e-01
    4.53025430e-01 7.66955256e-01 3.43368679e-01 9.01337743e-01
    4.18065161e-01 5.69904387e-01 2.89279014e-01 1.26382262e-01
    8.71558189e-01 9.17324305e-01 1.16796494e-01 1.52712703e-01
    8.36488605e-02 9.46698308e-01 3.02944183e-01 2.43310869e-01
    6.45079613e-01 8.46453428e-01 5.08261502e-01 7.56232142e-01
    2.37473905e-01 2.62120754e-01 4.09678787e-01 7.50276506e-01
    7.03933835e-01 2.55191654e-01 1.74365789e-01 9.61585879e-01
    1.21963978e-01 4.03030843e-01 6.04793668e-01 4.20586616e-01
    1.09568268e-01 9.80832338e-01 3.73599172e-01 3.21991980e-01
    1.32406354e-02 9.66130257e-01 4.94812250e-01 6.17491186e-01
    3.44536602e-02 2.01493740e-01 3.85493219e-01 8.00134242e-01
    3.12422693e-01 4.40629154e-01 1.59127951e-01 6.34990633e-01
    3.62460494e-01 4.68269289e-02 3.53949904e-01 5.59772551e-02
    3.97544503e-02 7.53351092e-01 7.93775916e-01 3.17859113e-01
    6.82050169e-01 4.48311061e-01 8.50943804e-01 9.49755073e-01
    5.23583829e-01 7.68157005e-01 8.63377035e-01 9.60918903e-01
    9.33782101e-01 1.97112739e-01 1.96383417e-01 1.51717871e-01
    2.98826188e-01 3.30839545e-01 4.38167721e-01 9.30890441e-01
    1.99831098e-01 2.55022287e-01 2.45011747e-02 1.00288957e-01
    7.84044981e-01 7.09150672e-01 1.85146153e-01 8.94622922e-01
    3.83061677e-01 8.53641510e-01 9.02347267e-02 2.66086459e-02
    5.12619376e-01 1.67678207e-01 6.04882538e-02 5.51078975e-01
    5.52116632e-01 3.99464369e-03 4.24372196e-01 1.06739193e-01
    5.11643112e-01 5.99838912e-01 5.03158331e-01 5.98582029e-01
    3.76973152e-02 2.04802364e-01 3.31315398e-01 9.05454159e-03
    9.77218568e-01 2.99208313e-01 9.50738966e-01 5.97409189e-01
    2.26337910e-01 3.38145912e-01 6.97117686e-01 1.39046371e-01
    1.89021200e-01 5.77281117e-01 8.44139755e-02 7.99455523e-01
    7.52019525e-01 2.46170908e-01 8.21470022e-01 5.54420471e-01
    6.33451939e-01 2.44868755e-01 8.91992450e-03 4.09672260e-02
    8.47764313e-01 8.32910478e-01 5.78401446e-01 5.38063645e-02
    1.72363728e-01 7.79390395e-01 9.99064565e-01 7.37459540e-01
    5.21306932e-01 2.96180964e-01 3.75850052e-01 6.03688836e-01
    8.78088832e-01 9.18805599e-01 8.45346451e-01 5.90048671e-01
    1.83567643e-01 3.96911025e-01 9.53776062e-01 9.14672375e-01
    4.85160530e-01 9.61328983e-01 6.67898417e-01 4.84136701e-01
    8.85405064e-01 8.62466097e-01 1.60954893e-02 5.22452295e-02
    8.86062086e-02 3.99910569e-01 8.19867849e-01 7.49571085e-01
    6.96926713e-01 6.63271427e-01 6.04337633e-01 7.29871511e-01
    8.44656229e-02 5.58361650e-01 9.31204081e-01 3.20203602e-02
    9.17174339e-01 4.46379364e-01 9.66410279e-01 2.90106982e-01
    7.48535693e-01 3.08550656e-01 9.30355310e-01 3.21018815e-01
    5.62645495e-02 3.11675668e-01 3.94728780e-01 6.84792101e-02
    2.08930314e-01 2.46435910e-01 9.04244363e-01 7.47288644e-01
    1.51598126e-01 2.12974697e-01 1.28040284e-01 6.67170763e-01
    6.98668838e-01 8.90155792e-01 8.16670299e-01 1.77337050e-01
    5.80002785e-01 4.82925922e-01 8.64711404e-01 9.65445518e-01
    5.05543053e-01 1.34606838e-01 2.78491855e-01 1.32550269e-01
    1.22526467e-01 7.92256653e-01 7.15802431e-01 1.67857260e-01
    6.08332157e-02 5.64994276e-01 7.27374852e-02 2.23609924e-01
    7.48767138e-01 1.19445682e-01 8.57221425e-01 9.34982240e-01
    7.15401113e-01 9.40428972e-01 6.96746886e-01 3.10694873e-01
    3.42986554e-01 3.06386292e-01 9.59797859e-01 2.63100803e-01
    9.93394911e-01 4.09806222e-01 7.17692137e-01 6.51520491e-01
    5.90628922e-01 6.38920665e-02 6.33860707e-01 3.00298274e-01
    1.10878468e-01 7.13881493e-01 3.61152828e-01 7.35611498e-01
    6.68474674e-01 4.76132274e-01 1.55786455e-01 4.77434456e-01
    9.31570053e-01 7.63511419e-01 8.68715525e-01 3.93048346e-01
    9.70684171e-01 4.79715466e-02 5.22894681e-01 6.30821347e-01
    6.61654651e-01 2.83806264e-01 1.38713986e-01 7.75534153e-01
    7.28503525e-01 7.43448079e-01 3.45876217e-01 5.87850451e-01
    9.95784402e-01 2.62370169e-01 7.03583956e-01 2.84350485e-01
    5.74459255e-01 5.43733835e-01 8.97847533e-01 3.41824412e-01
    7.41280913e-02 1.78820431e-01 9.43506241e-01 9.51570988e-01
    2.40429878e-01 6.21803284e-01 8.25610459e-01 9.15444195e-01
    8.21076632e-02 3.16113532e-02 4.20853764e-01 9.25525546e-01
    9.03612077e-02 6.65467978e-01 3.90292346e-01 4.67845201e-02
    3.91034454e-01 1.60951525e-01 3.91276956e-01 4.12207186e-01
    4.26928848e-01 8.56404603e-02 5.62482953e-01 8.79220963e-01
    7.96058655e-01 2.78148323e-01 8.86449218e-01 3.34322274e-01
    9.64519978e-01 9.37035203e-01 3.18894446e-01 8.43035877e-01
    6.32073998e-01 2.43725836e-01 3.64722133e-01 6.08550072e-01
    2.15492874e-01 5.08899570e-01 7.58880734e-01 2.10720241e-01
    5.83244622e-01 8.68535519e-01 1.16796315e-01 3.60583007e-01
    2.15127468e-02 1.81874931e-01 5.65064073e-01 4.09409881e-01
    2.77068973e-01 8.77442837e-01 4.20843482e-01 3.34710658e-01
    3.90162587e-01 5.38618147e-01 5.84927440e-01 3.61268044e-01
    9.29469824e-01 4.11011308e-01 5.80159187e-01 8.50249887e-01
    6.36280656e-01 4.93361920e-01 1.16680503e-01 8.72042120e-01
    7.85338402e-01 1.19233966e-01 9.13317204e-01 9.17400420e-01
    2.88934946e-01 2.84819126e-01 1.17827386e-01 7.79074311e-01
    7.47340024e-02 5.99494219e-01 8.50189149e-01 2.88343251e-01
    9.37301219e-02 2.62320280e-01 4.62358594e-01 6.69504642e-01
    4.58904684e-01 1.31670326e-01 3.60938013e-01 7.40832031e-01
    6.17185831e-02 8.63756239e-01 6.59131467e-01 6.23046637e-01
    9.98681605e-01 8.14123213e-01 3.47938865e-01 8.81407261e-02
    5.59421122e-01 3.29695761e-01 1.52906120e-01 5.87187171e-01
    6.73241854e-01 2.89532602e-01 2.46446133e-02 5.09912729e-01
    5.45391321e-01 5.05364239e-01 9.87460911e-02 7.24587560e-01
    8.11617732e-01 7.00557590e-01 8.31564903e-01 8.74004722e-01
    8.83438110e-01 5.19574583e-01 4.09060121e-01 7.50360191e-02
    8.55048716e-01 8.30961645e-01 2.86500037e-01 4.70886290e-01
    2.69594312e-01 1.95035875e-01 7.02040195e-01 4.62411195e-01
    7.88987994e-01 7.28839099e-01 4.07056987e-01 7.45320380e-01
    9.85729218e-01 1.95419788e-01 6.76035881e-03 1.06331527e-01
    3.78064215e-02 1.20430946e-01 4.41274792e-01 1.80689842e-01
    1.19792283e-01 7.33545542e-01 1.39461100e-01 8.47053111e-01
    6.27764404e-01 6.07190788e-01 5.95718145e-01 5.48943639e-01
    1.68983549e-01 4.32491958e-01 6.57608986e-01 2.07232386e-01
    6.00553334e-01 4.25717413e-01 7.00684845e-01 1.82130575e-01
    6.87229156e-01 2.23003268e-01 9.48759556e-01 9.60936666e-01
    4.09182549e-01 8.36328864e-02 1.10483557e-01 4.53319430e-01
    3.71211648e-01 5.62896609e-01 2.31113642e-01 1.01491630e-01
    2.16637850e-01 6.27056122e-01 7.14503229e-02 1.33416921e-01
    7.35237062e-01 9.34007883e-01 1.22531414e-01 7.56594777e-01
    9.31316733e-01 6.57888889e-01 3.83306921e-01 6.06689215e-01
    1.59888685e-01 2.52085865e-01 7.28445947e-01 4.41794604e-01
    6.17059231e-01 7.98492193e-01 5.37637234e-01 5.39639831e-01
    5.00034213e-01 2.08112448e-01 7.57031381e-01 6.90400481e-01
    3.07237387e-01 8.78285825e-01 8.42610061e-01 8.60020220e-01
    5.98329663e-01 9.61088777e-01 3.53585929e-01 6.07712626e-01
    8.30419958e-02 7.01452315e-01 5.89421034e-01 9.41767395e-02
    9.03818011e-03 8.40263486e-01 3.02116573e-01 7.21184969e-01
    8.04432869e-01 5.68511486e-02 1.58762574e-01 9.59867239e-01
    4.47248906e-01 4.01096344e-02 3.68504941e-01 4.77912903e-01
    1.80388957e-01 6.70078635e-01 1.65052682e-01 2.19094455e-01
    9.99250174e-01 7.48799562e-01 2.94818163e-01 2.06428856e-01
    7.40441918e-01 4.26897615e-01 7.80064225e-01 8.11037898e-01
    8.47274303e-01 9.27718282e-01 5.47445536e-01 3.37120712e-01
    3.23546618e-01 3.15425754e-01 1.17378443e-01 7.25014210e-01
    3.07164788e-01 2.41711438e-02 1.32539809e-01 8.45862687e-01
    4.54000682e-01 2.05745518e-01 5.00214458e-01 8.85345101e-01
    1.21907353e-01 9.53634799e-01 2.17903107e-01 1.95294619e-03
    5.17969608e-01 9.33287084e-01 3.49103332e-01 6.27630115e-01
    2.69663692e-01 8.30423176e-01 7.34446585e-01 9.63026166e-01
    8.17762136e-01 1.48983836e-01 6.57937527e-01 8.84968460e-01
    6.62412107e-01 6.70207977e-01 3.32270831e-01 8.21136534e-02
    1.08134836e-01 3.66174966e-01 7.24312901e-01 3.48190695e-01
    7.07987249e-02 2.57485718e-01 2.89493144e-01 1.32285893e-01
    8.21469426e-01 8.83978903e-02 9.77127671e-01 9.31325138e-01
    8.71552885e-01 2.24393010e-02 8.95787179e-02 5.13728261e-02
    7.25047767e-01 3.08304071e-01 5.65833628e-01 4.18958485e-01
    4.97203618e-01 5.46561241e-01 2.41721332e-01 2.06991374e-01
    9.60919857e-02 6.83633626e-01 7.15117931e-01 7.51460314e-01
    2.85340965e-01 7.09214985e-01 6.51984036e-01 2.04226851e-01
    6.31490946e-01 1.86417878e-01 5.06893456e-01 5.73859513e-02
    2.03632236e-01 8.25289607e-01 6.54407144e-01 1.42913789e-01
    9.32596684e-01 4.64945972e-01 8.16774607e-01 6.79350436e-01
    7.60030985e-01 9.60142136e-01 5.33510447e-01 8.83686423e-01
    7.45970190e-01 7.15467095e-01 3.08744550e-01 7.20636547e-01
    4.77770984e-01 6.68933392e-01 5.16699553e-01 8.83324265e-01
    3.12844574e-01 1.89713836e-01 9.78759944e-01 5.29613793e-02
    4.78976011e-01 6.39098644e-01 1.26372933e-01 6.72586679e-01
    2.59733409e-01 7.52167702e-01 6.36139512e-01 7.01621771e-01
    4.02469993e-01 2.68738806e-01 3.13174188e-01 2.11928278e-01
    6.35433137e-01 8.91760588e-02 3.44798744e-01 9.36517060e-01
    9.25911427e-01 4.01927292e-01 5.57159007e-01 3.15653294e-01
    5.15976965e-01 9.17253911e-01 6.84296727e-01 5.70235491e-01
    5.64401507e-01 8.01546574e-01 4.84250724e-01 9.56519127e-01
    1.21702552e-01 1.29522979e-01 9.05613303e-01 2.88996994e-01
    9.07024086e-01 4.59159851e-01 1.46209776e-01 4.67566729e-01
    4.81483638e-01 9.40167308e-01 6.36193395e-01 5.40460050e-01
    9.50114250e-01 2.62416989e-01 9.17643905e-02 4.39378083e-01
    2.35058606e-01 7.48685420e-01 3.00077736e-01 3.88014734e-01
    7.57918179e-01 2.45681107e-01 7.28150606e-02 4.44375038e-01
    5.72697759e-01 5.93408763e-01 7.85864711e-01 6.29523516e-01
    7.45821238e-01 8.26657295e-01 5.48380613e-02 9.03965235e-01
    9.40594912e-01 3.95526826e-01 4.35282409e-01 5.11128902e-01
    3.17585826e-01 8.69318843e-01 3.96451712e-01 1.81883037e-01
    1.49350196e-01 2.78349847e-01 8.96908045e-01 9.66264129e-01
    6.57509625e-01 7.85665154e-01 7.95094430e-01 3.14487487e-01
    5.38212061e-02 8.73574138e-01 1.59761608e-01 5.85482478e-01
    5.10968149e-01 6.42222166e-03 5.67654431e-01 1.74704403e-01
    5.43002188e-01 8.55742931e-01 3.86066735e-01 6.15674615e-01
    6.09878421e-01 6.45690799e-01 7.78514147e-01 8.36718678e-02
    7.96622753e-01 7.48574257e-01 1.81169778e-01 1.02690578e-01
    6.81535244e-01 8.76192212e-01 8.06587994e-01 5.84709466e-01
    6.78605437e-02 5.60443938e-01 7.26056576e-01 2.74416924e-01
    1.58955544e-01 8.82770836e-01 3.44828248e-01 5.78904152e-02
    9.55269516e-01 3.04073155e-01 4.09831792e-01 4.22521591e-01
    3.47825170e-01 4.93441135e-01 8.56570601e-02 4.31546688e-01
    3.27126235e-01 6.00455165e-01 3.10638666e-01 7.26509273e-01
    4.10197675e-01 7.25634992e-01 6.06815279e-01 9.34091210e-01
    3.59049529e-01 7.40323126e-01 9.78403449e-01 5.97689331e-01
    2.38767922e-01 4.89059836e-01 1.04632586e-01 1.38941973e-01
    7.21732557e-01 6.37957454e-01 8.09947848e-01 9.01522577e-01
    2.36601889e-01 1.83950931e-01 6.02516532e-03 2.23734409e-01
    8.37997556e-01 6.80467486e-02 3.83205980e-01 7.97603130e-02
    7.60672450e-01 3.81147563e-02 1.92823082e-01 7.51528859e-01
    5.25909364e-01 8.27797711e-01 3.60255182e-01 3.99144471e-01
    6.45607591e-01 3.10637534e-01 6.44643605e-02 4.68885690e-01
    4.41827774e-02 1.16798401e-01 1.08240068e-01 9.70336258e-01
    7.49701560e-02 3.13319027e-01 3.99263859e-01 9.92659330e-02
    2.90777206e-01 5.24316311e-01 7.36587942e-01 7.58142114e-01
    8.68510544e-01 1.75187439e-01 7.59171903e-01 4.34034407e-01
    8.12472582e-01 9.62904215e-01 5.97828090e-01 2.55758643e-01
    5.95410645e-01 5.70636094e-02 6.14507794e-02 1.44092143e-02
    5.26987195e-01 2.50775337e-01 2.05348343e-01 7.51512647e-01
    4.14296985e-02 1.90379292e-01 5.56118727e-01 4.48389709e-01
    7.76021719e-01 8.88327360e-01 1.01643801e-03 1.93875194e-01
    7.38573313e-01 1.52452320e-01 7.21473932e-01 4.61733639e-02
    5.01657844e-01 2.18326181e-01 4.56721425e-01 4.14111525e-01
    1.02327734e-01 1.87564403e-01 4.04069483e-01 3.08077574e-01
    6.88814759e-01 4.15977538e-02 4.93376672e-01 2.15911686e-01
    4.95668799e-01 7.34431982e-01 9.10619855e-01 3.03306580e-01
    1.59323245e-01 2.03457296e-01 7.79605150e-01 6.04819357e-01
    2.29616851e-01 1.33484900e-01 1.01048857e-01 3.63847494e-01
    6.00112796e-01 6.49748206e-01 9.75227594e-01 5.06261587e-01
    9.33782697e-01 5.99673867e-01 9.94874299e-01 3.52012694e-01
    5.05076408e-01 5.27666390e-01 7.58542776e-01 6.44947290e-02
    9.97391820e-01 7.42299378e-01 6.11632109e-01 8.32078278e-01
    7.72739291e-01 3.21131617e-01 6.47901833e-01 2.82264411e-01
    8.98416162e-01 5.09523988e-01 2.68847495e-01 2.28805661e-01
    6.33556068e-01 8.92673612e-01 5.07136941e-01 6.04888678e-01
    4.77736950e-01 5.40319860e-01 4.57187414e-01 9.54886019e-01
    2.48851180e-02 6.97401285e-01 2.10910469e-01 8.86549652e-02
    3.67846280e-01 7.90936530e-01 3.91243339e-01 7.97872663e-01
    4.97590601e-02 2.69178331e-01 9.32631612e-01 5.93716502e-01
    5.86730242e-03 8.68285358e-01 3.60196233e-01 1.64086014e-01
    2.30972141e-01 4.14040297e-01 5.09619832e-01 8.58412743e-01
    3.74828458e-01 1.73498809e-01 5.98794401e-01 3.87421459e-01
    3.59476358e-01 3.69936347e-01 1.41334087e-01 1.10444903e-01
    2.08662212e-01 8.91768038e-01 9.89261150e-01 5.68053722e-01
    1.35608613e-01 8.66058588e-01 4.56343532e-01 1.04944348e-01
    3.26790929e-01 8.05138052e-02 1.66871250e-01 1.97367787e-01
    4.37536031e-01 5.62897980e-01 2.29934841e-01 2.16741472e-01
    4.83385086e-01 3.59930933e-01 3.42479050e-02 3.70136052e-01
    2.15081871e-01 5.53599894e-01 2.36907065e-01 6.44556642e-01
    4.14835989e-01 4.65925306e-01 9.21200395e-01 2.65756488e-01
    6.90402269e-01 4.39349741e-01 6.24496937e-01 2.39718378e-01
    6.67762756e-02 5.27149737e-01 2.77369142e-01 7.78144956e-01
    7.90801883e-01 8.78132403e-01 4.60872710e-01 2.07659274e-01
    5.12944460e-01 4.44949538e-01 8.50554407e-02 8.82305324e-01
    2.68404245e-01 1.54836088e-01 6.41441941e-01 5.48032820e-01
    7.69807339e-01 8.14983249e-01 3.13675404e-02 8.19564939e-01
    6.63395941e-01 2.92662680e-02 5.47860980e-01 5.76654077e-01
    9.93540049e-01 5.79194129e-02 6.80091262e-01 1.11268550e-01
    9.87784028e-01 5.18847108e-01 9.16261137e-01 7.59792447e-01
    3.66320163e-01 1.57204956e-01 8.13366890e-01 6.43581688e-01
    9.27019000e-01 4.47790444e-01 1.09704375e-01 4.15156037e-01
    5.22701263e-01 6.27898932e-01 4.10282791e-01 5.64851165e-02
    3.55582356e-01 1.36377692e-01 3.87104392e-01 9.58810031e-01
    3.26021463e-01 3.00129533e-01 9.36221957e-01 9.88403916e-01
    6.51393414e-01 7.73651242e-01 5.04572034e-01 3.67530793e-01
    9.54283237e-01 2.93841064e-02 8.90715599e-01 8.26912999e-01
    8.17664862e-01 2.89749146e-01 6.85256898e-01 7.48593092e-01
    1.06369585e-01 8.52945268e-01 2.15868980e-01 6.17754996e-01
    5.10120392e-01 1.68583453e-01 3.45841169e-01 8.59962046e-01
    1.50661528e-01 4.90751803e-01 4.17307466e-01 3.74492109e-01
    3.27227116e-01 1.08776689e-02 7.26778507e-02 9.87119794e-01
    3.23763907e-01 4.99464691e-01 3.15018922e-01 6.86235249e-01
    4.46872592e-01 9.14486408e-01 4.28217649e-02 8.29959631e-01
    1.92144513e-01 2.36030191e-01 3.80374491e-01 1.35471791e-01
    8.23006153e-01 2.66684055e-01 1.86390758e-01 7.68181682e-03
    6.44809008e-03 9.93738413e-01 1.54938102e-02 6.10080123e-01
    4.74365950e-01 6.04543567e-01 1.46315008e-01 4.20669198e-01
    7.22322047e-01 9.04629707e-01 7.61554658e-01 3.99517953e-01
    4.06341434e-01 9.57968235e-01 2.33911872e-02 8.81599963e-01
    1.11335546e-01 2.49577999e-01 6.10895574e-01 3.14860642e-02
    8.33386660e-01 6.88266158e-01 7.48307824e-01 7.71095276e-01
    4.39870954e-02 7.36067533e-01 8.86698663e-02 7.47391045e-01
    5.31402528e-01 3.69012654e-02 3.73998463e-01 5.68559527e-01
    6.25875831e-01 2.12033242e-01 7.28748381e-01 2.35077858e-01
    7.33151674e-01 8.03090453e-01 3.57993543e-01 4.06434596e-01
    4.70021486e-01 1.88938648e-01 6.62527323e-01 6.76221073e-01
    3.41049373e-01 3.46025556e-01 2.54543424e-02 6.41553760e-01
    9.02541935e-01 6.83483183e-02 2.03789949e-01 8.78865004e-01
    3.23403895e-01 3.45017135e-01 6.00227416e-01 7.14604616e-01
    6.25047147e-01 8.55112970e-02 2.55205601e-01 3.31868351e-01
    2.73570597e-01 6.40113592e-01 1.13600999e-01 5.91282129e-01
    4.09147799e-01 5.51838398e-01 9.25248265e-01 5.75063169e-01
    9.57970619e-01 7.58091450e-01 2.55574346e-01 1.23979181e-01
    6.62925243e-01 7.74061203e-01 5.55158854e-02 8.89182270e-01
    8.48434091e-01 2.33370692e-01 9.00551677e-03 1.45078599e-02
    2.32066333e-01 4.04612988e-01 2.28632033e-01 6.93203211e-02
    7.62617826e-01 3.27258140e-01 2.65634716e-01 8.94774675e-01
    4.65673417e-01 7.34805226e-01 8.12464833e-01 4.58929747e-01
    4.78370041e-01 1.83515072e-01 2.21653283e-02 5.20132661e-01
    1.73048109e-01 8.39475870e-01 4.56387341e-01 9.16067123e-01
    4.92228866e-02 7.49156833e-01 2.44514614e-01 9.15648937e-01
    6.45320177e-01 6.77321553e-01 4.88120943e-01 9.85269070e-01
    6.19370520e-01 6.13101125e-01 4.54074115e-01 4.54645693e-01
    8.28720868e-01 5.58255553e-01 7.35052466e-01 6.61475837e-01
    9.35379446e-01 8.08675766e-01 9.85778868e-01 1.48399889e-01
    4.88586783e-01 2.33965755e-01 6.85468495e-01 5.44054031e-01
    1.05083615e-01 5.77455223e-01 6.52136385e-01 7.42103279e-01
    4.77467895e-01 2.85386384e-01 5.43798804e-01 5.34553230e-01
    5.09863079e-01 3.00396979e-01 5.41938603e-01 2.28752673e-01
    5.05684972e-01 5.78646004e-01 2.08095759e-01 5.05875587e-01
    5.46703458e-01 8.50544095e-01 6.30537093e-01 5.97820282e-02
    2.83430219e-01 5.69421530e-01 1.24518782e-01 2.02194154e-02
    1.45187110e-01 3.95650327e-01 4.60524946e-01 6.65989578e-01
    1.15678489e-01 6.41200900e-01 7.07713962e-01 9.27937269e-01
    2.06944704e-01 2.81183034e-01 5.70926785e-01 4.74604964e-01
    9.77965534e-01 6.74195290e-01 8.49706829e-02 6.46953464e-01
    4.42256927e-01 2.37368584e-01 8.94588113e-01 1.62841856e-01
    8.81727397e-01 2.61919558e-01 6.68486118e-01 4.33803886e-01
    1.12994194e-01 7.09427655e-01 9.09092903e-01 1.85799003e-02
    3.88692021e-02 7.14759171e-01 9.10389662e-01 8.23206306e-01
    1.41165227e-01 2.64812708e-01 7.21683621e-01 7.19269454e-01
    5.37488222e-01 8.45412731e-01 9.50677335e-01 9.23844695e-01
    2.69232571e-01 3.11410636e-01 3.52552533e-01 3.37251604e-01
    5.41282654e-01 9.15593207e-01 8.79371047e-01 4.12818789e-03
    9.55552876e-01 3.35665345e-01 3.13565701e-01 9.72876310e-01
    1.71022743e-01 5.10344982e-01 1.94081038e-01 8.51703882e-01
    7.95687556e-01 5.66086352e-01 3.43630672e-01 6.88783467e-01
    5.68659484e-01 8.88772249e-01 8.86440098e-01 4.02949333e-01
    7.77278721e-01 1.02205485e-01 7.01280415e-01 6.37080789e-01
    5.28408885e-01 5.17599702e-01 9.57458735e-01 7.92404532e-01
    1.04581207e-01 5.75174689e-02 5.48205078e-01 7.25359321e-01
    5.68342805e-01 5.81419826e-01 3.92273694e-01 6.96149290e-01
    4.76116568e-01 5.15423119e-01 1.48486882e-01 3.82975727e-01
    4.47132826e-01 3.02302718e-01 6.18392825e-02 9.89977241e-01
    9.47569847e-01 3.92435670e-01 4.03567225e-01 1.55013621e-01
    6.57579839e-01 6.17066085e-01 6.36399209e-01 7.21898854e-01
    2.90542841e-02 9.08017397e-01 2.90426016e-02 2.23480016e-01
    3.54867458e-01 7.95560837e-01 9.84308004e-01 2.92763531e-01
    9.70136046e-01 9.44504142e-01 3.02963674e-01 8.12327385e-01
    1.54629767e-01 2.35717118e-01 1.02406800e-01 8.25953364e-01
    5.22424638e-01 6.52017236e-01 3.30064237e-01 9.97164547e-01
    4.27180946e-01 8.68473053e-01 9.63985801e-01 7.80693650e-01
    5.60454369e-01 2.91926831e-01 9.26872194e-01 4.51091230e-02
    5.63419104e-01 2.99556494e-01 9.64830995e-01 1.46294504e-01
    1.85646713e-02 4.89675671e-01 4.20156717e-01 2.66545415e-02
    7.01689601e-01 4.61423188e-01 3.37314934e-01 6.67235196e-01
    2.92700708e-01 5.04242778e-02 7.78181612e-01 2.99354374e-01
    9.67272997e-01 7.09269404e-01 4.70119148e-01 7.86992192e-01
    3.55585694e-01 7.70538926e-01 6.67146146e-01 5.49391448e-01
    3.09991241e-01 3.43263417e-01 6.73034132e-01 5.13081968e-01
    9.09576774e-01 3.07251036e-01 3.09173018e-01 7.48557031e-01
    5.15375316e-01 8.01875770e-01 1.70916885e-01 3.24222118e-01
    2.90951520e-01 1.68015152e-01 7.98669159e-01 3.95421296e-01
    4.28537250e-01 4.46444631e-01 1.05868876e-01 7.96023011e-01
    1.93357468e-04 2.30884016e-01 2.04221606e-02 8.70300055e-01
    6.06534719e-01 7.18263030e-01 6.73866928e-01 2.32283831e-01
    8.26403677e-01 3.91397238e-01 4.20165718e-01 4.71116126e-01
    1.32343352e-01 5.66980720e-01 2.26874709e-01 2.69914836e-01
    7.25996494e-01 5.28678954e-01 7.72466183e-01 5.92481315e-01
    9.14535046e-01 3.76412630e-01 7.20444024e-02 4.04999971e-01
    7.46614337e-02 9.00168538e-01 9.21156645e-01 1.87066764e-01
    7.33595610e-01 5.53592086e-01 7.91999817e-01 3.85711789e-01
    3.07882786e-01 2.26106256e-01 1.96263760e-01 5.16303778e-02
    1.85806245e-01 2.07465827e-01 9.01925564e-03 9.32828188e-02
    6.27339065e-01 7.22274542e-01 1.87842071e-01 2.30715096e-01
    8.22357118e-01 5.49288750e-01 7.46964693e-01 5.60260832e-01
    8.90882134e-01 7.26697505e-01 6.07669055e-02 5.25923073e-01
    5.93624353e-01 2.10544944e-01 8.52725863e-01 8.81005645e-01
    1.94943547e-02 7.36072779e-01 9.17392731e-01 3.28099132e-01
    6.66217685e-01 4.79952186e-01 8.40362549e-01 6.09331012e-01
    6.45582318e-01 8.91343415e-01 4.44220483e-01 7.19770014e-01
    3.50769669e-01 3.17606032e-01 4.06965554e-01 7.63452709e-01
    9.80574250e-01 7.30103850e-01 6.44417524e-01 1.29177719e-01
    4.02994841e-01 3.31602365e-01 5.99518359e-01 3.48339498e-01
    7.93421268e-01 8.55924845e-01 2.22400278e-01 8.24365735e-01
    8.57532620e-01 8.76887679e-01 7.02897131e-01 6.05766773e-01
    7.16373384e-01 3.41411591e-01 3.83837104e-01 5.93888044e-01
    5.33022821e-01 5.68799555e-01 7.64151990e-01 5.86732090e-01
    5.88077784e-01 3.53760719e-01 4.67356265e-01 8.67858827e-02
    3.39792728e-01 7.90815830e-01 8.40180397e-01 5.30160785e-01
    6.54160738e-01 2.24838078e-01 3.95275652e-01 5.17573476e-01
    2.17286289e-01 1.46920413e-01 5.44821382e-01 6.24847412e-03
    5.58793128e-01 7.23283172e-01 4.53999341e-01 8.79827619e-01
    2.09217817e-01 3.85383725e-01 9.25683141e-01 7.84729242e-01
    6.48496389e-01 1.95012838e-01 9.76034701e-02 7.75199711e-01
    4.66685534e-01 4.70659077e-01 7.86839724e-01 6.75103128e-01
    8.00239444e-02 7.46253550e-01 8.98736954e-01 5.66051006e-01
    2.19470352e-01 2.41934955e-01 6.30742610e-02 1.20632797e-01
    2.83491135e-01 3.44255090e-01 8.11567545e-01 1.83475345e-01
    1.94763720e-01 5.07827699e-01 9.37541604e-01 5.01548827e-01
    5.43657601e-01 7.15766370e-01 4.91178960e-01 3.03154707e-01
    1.90912455e-01 1.82098418e-01 4.88215864e-01 2.85986960e-02
    4.76245642e-01 6.00396693e-01 1.92044824e-01 5.60334623e-01
    6.75067544e-01 3.11422765e-01 9.50008035e-01 1.70323730e-01
    3.97432774e-01 2.00258374e-01 4.22709703e-01 1.04983747e-02
    7.73329139e-01 6.81102574e-02 3.27287614e-01 9.53836739e-02
    9.32429671e-01 6.90973401e-01 3.95025492e-01 4.99004841e-01
    9.30779636e-01 3.88492018e-01 4.29680735e-01 3.43317807e-01
    3.63233715e-01 8.79975915e-01 6.75013065e-02 7.43617415e-01
    1.80882663e-01 9.00237143e-01 4.76393998e-01 7.94965863e-01
    5.06710827e-01 9.57609773e-01 8.75044107e-01 6.51553214e-01
    9.76266265e-02 1.99128896e-01 5.03066242e-01 9.01260614e-01
    6.23003185e-01 4.87195730e-01 8.46566200e-01 9.48225021e-01
    7.52304196e-02 3.37830961e-01 9.00445700e-01 8.18004966e-01
    5.21424472e-01 2.25317866e-01 5.76049328e-01 4.82113421e-01
    1.77536041e-01 3.69949222e-01 2.05313802e-01 7.51683116e-02
    1.88415468e-01 5.95265806e-01 7.66601741e-01 1.14604950e-01
    9.44691658e-01 4.48876619e-02 5.93569577e-02 8.59466314e-01
    6.03582740e-01 5.47651052e-01 8.23286295e-01 7.73115814e-01
    7.09729254e-01 7.65467227e-01 8.88049245e-01 3.27556133e-01
    7.12255180e-01 4.88070369e-01 4.40470725e-01 4.66665924e-01
    3.48250747e-01 1.30207777e-01 7.38961697e-01 3.67548257e-01
    7.89727807e-01 3.14878821e-02 3.46107423e-01 9.93720651e-01
    5.61926544e-01 1.53459787e-01 9.35379386e-01 9.79593992e-01
    8.83785486e-02 3.29078197e-01 4.97618616e-02 9.35870528e-01
    2.92032361e-01 4.01631474e-01 4.74040478e-01 5.97751975e-01
    2.23424643e-01 3.34915191e-01 2.49507666e-01 4.11582172e-01
    6.62182987e-01 9.95711625e-01 8.28426957e-01 2.33028889e-01
    4.93269920e-01 4.27579522e-01 6.29721880e-01 6.11413538e-01
    4.82286066e-01 1.27068669e-01 6.89490378e-01 8.90985250e-01
    1.71644002e-01 1.56930506e-01 7.11219668e-01 8.91510665e-01
    4.71105456e-01 1.77277327e-01 8.71513486e-01 5.93392909e-01
    1.23197764e-01 7.39996791e-01 8.43298197e-01 2.90963590e-01
    1.14205718e-01 3.28221768e-01 1.21256083e-01 4.71191794e-01
    7.52363086e-01 9.14900303e-01 9.49540734e-01 7.16959655e-01
    9.95423317e-01 8.25318456e-01 5.65852225e-01 8.08336496e-01
    6.85269296e-01 6.32845759e-01 1.43743455e-01 2.36367404e-01
    8.55039477e-01 9.24945474e-02 7.21983552e-01 9.54601169e-01
    9.18967128e-01 4.73422557e-01 9.96372402e-01 1.93323195e-02
    1.90090775e-01 2.14163512e-01 7.99834847e-01 2.73118854e-01
    8.59931469e-01 2.44497567e-01 5.72110057e-01 3.48396271e-01
    3.38028073e-01 2.72487402e-02 6.60173655e-01 7.64084339e-01
    3.05917025e-01 5.48950255e-01 1.27175987e-01 4.46414024e-01
    4.24217701e-01 3.21732938e-01 9.71143365e-01 1.62745953e-01
    1.38157010e-02 7.64317870e-01 7.41502643e-01 4.72343862e-01
    6.52842224e-02 3.71439099e-01 8.67469788e-01 5.55584371e-01
    6.31285787e-01 7.90991902e-01 6.10485315e-01 7.78718352e-01
    7.35151589e-01 7.96406388e-01 4.83449787e-01 9.70445752e-01
    1.98959768e-01 6.50566936e-01 6.59758568e-01 7.40707457e-01
    2.21839905e-01 3.98970574e-01 7.90116608e-01 6.46826327e-02
    6.30944610e-01 7.20633924e-01 9.55493212e-01 3.85206908e-01
    1.30562693e-01 1.99135393e-01 4.94999111e-01 1.75857633e-01
    8.31272304e-01 8.44135940e-01 4.40330803e-01 3.46643388e-01
    4.27407980e-01 9.24225152e-02 2.88012087e-01 2.70706832e-01
    6.52570128e-01 9.31536436e-01 2.30255306e-01 7.61751533e-01
    4.65641052e-01 5.51325798e-01 7.30071425e-01 9.83972549e-01
    1.91028893e-01 7.81530738e-01 7.76698470e-01 1.88394219e-01
    6.38984263e-01 9.02640224e-01 4.00067717e-01 9.95117068e-01
    2.00572103e-01 5.77186644e-02 7.94578075e-01 3.47294807e-02
    4.20642197e-02 7.68313706e-01 1.97813451e-01 9.39138055e-01
    3.22878003e-01 3.91840041e-01 7.52575397e-01 9.85866487e-01
    6.50675178e-01 4.66462582e-01 4.23788458e-01 6.35966182e-01
    8.65423918e-01 4.44536984e-01 9.01632726e-01 6.69549346e-01
    4.67469841e-01 3.56356382e-01 5.68945944e-01 5.88165581e-01
    4.82587427e-01 4.81761843e-01 2.86183566e-01 3.53897870e-01
    8.86019886e-01 4.81908411e-01 6.91428185e-01 4.86867011e-01
    8.89009595e-01 1.30299926e-02 9.05321240e-01 3.28287184e-02
    9.08622980e-01 5.74020803e-01 2.81110168e-01 7.84016848e-02
    9.66717005e-01 9.83290434e-01 7.35412538e-02 2.79379666e-01
    4.56139833e-01 1.16134584e-02 1.79814965e-01 7.82075882e-01
    6.62336946e-01 3.42572391e-01 3.46636862e-01 8.55445862e-03
    7.08208978e-01 3.44153941e-02 8.41883540e-01 1.30513012e-02
    9.22152400e-01 2.62942314e-01 1.17035478e-01 2.89591193e-01
    4.58339989e-01 6.20701551e-01 9.76287663e-01 1.60697103e-01
    8.14746678e-01 3.60142291e-01 9.02398229e-02 5.06966829e-01
    6.17758989e-01 4.54858541e-02 1.90289766e-01 6.87007844e-01
    9.93471503e-01 2.37523496e-01 9.53749657e-01 8.24842215e-01
    2.53944874e-01 8.31700683e-01 1.49915397e-01 7.31732428e-01
    7.57730961e-01 6.10196829e-01 3.37760568e-01 1.08596683e-03
    9.14465427e-01 8.41920435e-01 8.01482081e-01 8.44124436e-01
    8.02041829e-01 1.05166703e-01 5.93273461e-01 7.88033068e-01
    3.58055234e-02 5.64982533e-01 6.32347226e-01 5.12736380e-01
    4.68507737e-01 6.27101123e-01 7.09012926e-01 2.39165962e-01
    6.19787216e-01 4.99958098e-02 8.84903669e-01 6.54404998e-01
    7.22929239e-02 3.38654220e-02 5.74202001e-01 6.08185232e-01
    9.22150970e-01 5.34141243e-01 7.04444528e-01 7.20454156e-02
    6.28886819e-01 8.96443129e-01 8.67654264e-01 2.78257608e-01
    4.24106866e-01 2.21091062e-01 4.58379090e-01 3.16244304e-01
    5.49233854e-01 4.85217571e-01 3.23315084e-01 6.35543287e-01
    7.67828107e-01 9.27333772e-01 2.06901431e-02 2.93730378e-01
    9.50662851e-01 3.11042607e-01 9.32885647e-01 7.27501214e-02
    8.30350995e-01 6.31313026e-01 7.87612557e-01 9.45108235e-01
    6.89808786e-01 1.79337591e-01 6.44104660e-01 3.14973921e-01
    2.48139203e-01 2.34814674e-01 4.21610504e-01 4.11062121e-01
    6.86388195e-01 8.95018339e-01 9.91270781e-01 5.77982426e-01
    7.86721230e-01 3.10387909e-02 3.54516804e-02 4.07219529e-01
    4.87432480e-02 3.84211689e-01 5.35574138e-01 1.49936765e-01
    8.77843082e-01 7.23314464e-01 2.12240189e-01 7.20994055e-01
    2.13276833e-01 3.40326130e-02 9.68965828e-01 4.35024887e-01
    7.42184699e-01 9.79839563e-01 8.53133798e-01 5.56990802e-02
    5.26149809e-01 7.17592359e-01 1.21545732e-01 9.34358060e-01
    7.19404578e-01 9.17920172e-02 2.85370767e-01 8.12108636e-01
    4.60965753e-01 7.14884818e-01 8.18066359e-01 1.03388548e-01
    5.54586649e-02 8.31422508e-02 9.69250321e-01 2.37246096e-01
    7.89396763e-01 4.29261833e-01 8.05974305e-01 6.58499956e-01
    8.31007957e-01 9.39871788e-01 4.95782226e-01 9.63165462e-01
    6.65093780e-01 7.39066124e-01 4.77489710e-01 3.91719162e-01
    5.48321903e-01 2.62322307e-01 8.95122528e-01 4.83040333e-01
    6.59332693e-01 6.52750313e-01 1.51984930e-01 6.79846346e-01
    9.18149829e-01 8.04761887e-01 6.56524956e-01 8.62569690e-01
    9.48545337e-01 3.55108202e-01 6.23234808e-02 6.72773719e-01
    8.15942526e-01 1.93757892e-01 5.74690640e-01 2.34404206e-01
    4.53923941e-01 3.98786336e-01 7.59070456e-01 3.49676520e-01
    7.65161633e-01 2.47263819e-01 7.66124129e-01 3.24203402e-01
    9.05598998e-02 8.06621015e-01 4.48925793e-01 4.30909991e-01
    5.79445362e-01 4.62290615e-01 2.81402290e-01 7.84154296e-01
    9.59333241e-01 5.52169740e-01 4.39869761e-01 9.31957304e-01
    9.34696138e-01 3.43933940e-01 7.11555898e-01 9.34932113e-01
    2.45518327e-01 9.14174736e-01 5.79601526e-02 5.17675877e-02
    6.03666902e-03 1.55857533e-01 1.68029964e-01 7.12975621e-01
    2.53728807e-01 5.14099002e-03 1.67249352e-01 7.76765347e-01
    1.63892508e-01 6.33321941e-01 2.07136333e-01 6.21496558e-01
    3.79246056e-01 1.83153033e-01 7.90446162e-01 3.80737364e-01
    9.01290476e-02 7.77735591e-01 9.00232136e-01 2.26072550e-01
    8.09964538e-01 5.55616915e-01 5.55186093e-01 9.20669854e-01
    8.71413112e-01 5.29874980e-01 9.93340135e-01 5.17221093e-01
    3.80638868e-01 6.88922048e-01 4.05220985e-01 5.16856372e-01
    6.53640389e-01 7.39041805e-01 8.02943528e-01 9.22608376e-01
    7.55334973e-01 9.92150426e-01 1.77335352e-01 7.54660726e-01
    4.56924498e-01 1.60262764e-01 2.87603647e-01 7.14310408e-01
    2.07014412e-01 5.26902139e-01 1.34208351e-01 9.05252218e-01
    4.51398075e-01 3.85184288e-01 2.49685794e-01 6.08131468e-01
    7.80586481e-01 2.30287582e-01 2.68835008e-01 2.05248237e-01
    9.75137055e-02 2.24489003e-01 6.65484905e-01 2.05298662e-02
    5.02602100e-01 7.21718252e-01 4.71225590e-01 4.84395087e-01
    3.03142995e-01 3.46925735e-01 5.03930748e-01 2.77396023e-01
    6.09169126e-01 3.01747918e-01 9.69524622e-01 9.31960881e-01
    4.57359165e-01 2.93569624e-01 7.05981374e-01 7.54767120e-01
    1.86020792e-01 7.17422724e-01 1.11990035e-01 6.81174695e-02
    6.74455941e-01 8.27778459e-01 4.00354564e-02 9.87474740e-01
    4.82217073e-02 2.51359403e-01 9.62246895e-01 5.26705742e-01
    4.36172843e-01 4.54839647e-01 3.67175430e-01 3.21187317e-01
    9.14005637e-01 5.23966849e-01 5.39506972e-01 8.20241868e-01
    4.52017516e-01 5.06408513e-01 4.72070873e-02 6.28500283e-01
    6.69626713e-01 4.42440718e-01 1.74563140e-01 3.27268839e-01
    2.33331323e-01 8.23414922e-02 5.42740226e-01 5.41682959e-01
    3.34643245e-01 4.97744441e-01 3.82340610e-01 3.70531380e-01
    5.18022835e-01 1.26722246e-01 6.43413782e-01 3.31347704e-01
    8.21311116e-01 4.27990556e-01 4.02728587e-01 9.93273735e-01
    9.24718440e-01 1.30095631e-01 3.68662953e-01 6.32828474e-01
    6.05322063e-01 1.76925689e-01 9.24392700e-01 8.84838998e-02
    8.57428491e-01 4.17053401e-01 1.24042332e-02 6.63424253e-01
    5.54744005e-01 6.32030249e-01 4.68388379e-01 1.26485109e-01
    8.63653660e-01 6.25408351e-01 4.13981616e-01 9.54072773e-02
    9.77216601e-01 5.41753769e-01 9.98171449e-01 1.53947324e-01
    7.03799963e-01 2.25727558e-01 9.98079836e-01 8.81642818e-01
    2.99129426e-01 1.35183334e-04 5.40832698e-01 2.68049955e-01
    4.51458156e-01 5.94010830e-01 2.14591473e-01 3.28290880e-01
    4.33471799e-02 6.25411630e-01 2.05838829e-01 9.26612139e-01
    5.40029526e-01 5.10526061e-01 7.17238426e-01 1.30266160e-01
    1.81804299e-02 6.23832524e-01 8.39978814e-01 3.34971368e-01
    8.51678014e-01 1.35306120e-01 8.49386454e-01 1.59100294e-01
    2.34849334e-01 3.77453536e-01 3.09518456e-01 3.27358127e-01
    6.36493504e-01 7.58344173e-01 4.55778271e-01 9.60594177e-01
    5.92681348e-01 1.49413019e-01 8.95940363e-01 9.46994781e-01
    3.72239709e-01 1.88323826e-01 8.87209833e-01 4.14708883e-01
    2.88627923e-01 5.66534340e-01 5.48691809e-01 7.66771317e-01
    7.18217492e-01 8.30160677e-02 6.45540714e-01 2.84830034e-01
    8.64855707e-01 8.03683817e-01 8.69803131e-02 5.36367416e-01
    1.45352691e-01 4.99833733e-01 3.10625315e-01 9.54110861e-01
    8.05784404e-01 5.44348657e-02 8.39467525e-01 5.21917641e-01
    4.16148722e-01 3.26229811e-01 9.72229362e-01 3.16942751e-01
    3.58714312e-01 3.39656591e-01 6.47233605e-01 5.20748258e-01
    8.01015735e-01 7.88901746e-01 5.89771271e-01 2.30229437e-01
    6.12968802e-02 6.54996753e-01 1.29666477e-01 5.33049583e-01
    8.08073282e-01 7.45084882e-02 2.75407732e-02 2.14058667e-01
    1.95920229e-01 2.40602463e-01 5.56670070e-01 7.83799052e-01
    1.10997498e-01 1.65333301e-01 9.89644527e-02 1.31585926e-01
    9.78638768e-01 4.01046664e-01 7.92676091e-01 2.03009725e-01
    7.03460515e-01 1.33406937e-01 7.84095883e-01 6.16526842e-01
    1.91762567e-01 7.42774904e-02 6.85433388e-01 2.75327861e-01
    9.03534710e-01 3.07389498e-01 5.79163074e-01 7.15673685e-01
    1.37161136e-01 6.77922070e-01 2.23043829e-01 2.52549171e-01
    8.45046163e-01 3.87681991e-01 6.67598486e-01 4.33913499e-01
    3.66817832e-01 5.52637994e-01 3.87029260e-01 5.88180065e-01
    9.84987020e-01 4.70319599e-01 4.79319841e-01 6.26278400e-01
    1.17662370e-01 3.71578544e-01 8.56301546e-01 1.66585624e-01
    1.85070157e-01 6.12926483e-01 9.75669503e-01 9.06394124e-02
    2.58859068e-01 9.49463606e-01 1.62480146e-01 8.90629888e-01
    5.33972383e-01 2.10344523e-01 6.47808492e-01 7.58565962e-01
    7.42260635e-01 8.63440990e-01 1.93311960e-01 1.34581417e-01
    5.84177494e-01 5.12266219e-01 8.29298854e-01 2.19535917e-01
    9.22571540e-01 5.60730457e-01 7.59670556e-01 4.23798651e-01
    2.62079865e-01 5.22042572e-01 7.91852474e-02 4.87783641e-01
    7.24217832e-01 5.65810680e-01 2.79714376e-01 6.30398870e-01
    9.19317126e-01 5.81259668e-01 9.34218645e-01 4.70087439e-01
    3.71471345e-01 5.79030335e-01 8.76745582e-02 3.26975375e-01
    9.73839045e-01 1.34710640e-01 7.86576748e-01 1.17405951e-02
    9.76752400e-01 2.37614572e-01 4.58286226e-01 1.67382538e-01
    9.58086550e-02 5.35222113e-01 2.74410546e-01 6.92148209e-01
    3.84594649e-01 2.02431530e-01 4.17766094e-01 4.73011881e-01
    5.11464417e-01 3.23467255e-02 6.33195639e-01 1.34109169e-01
    3.88675153e-01 4.54344839e-01 9.19337869e-01 3.36138546e-01
    1.95302695e-01 8.96987319e-01 8.38805139e-02 6.51356697e-01
    4.31090087e-01 2.77544856e-01 6.87003613e-01 7.41729677e-01
    4.63453561e-01 1.25488460e-01 1.40085936e-01 4.75643039e-01
    2.41270930e-01 4.87248600e-02 1.11037195e-01 7.82053590e-01
    6.30662441e-01 1.89130694e-01 9.05668139e-01 4.73807901e-01
    2.94672668e-01 1.11415386e-01 8.93034816e-01 2.40633786e-01
    9.53403950e-01 4.22237098e-01 7.52937198e-01 8.89310598e-01
    2.23883569e-01 9.61901069e-01 8.34814906e-01 8.51450920e-01
    3.41950715e-01 5.23030877e-01 3.28516483e-01 8.32074523e-01
    8.37850869e-01 7.31444597e-01 4.05338049e-01 2.47921079e-01
    7.88777351e-01 4.83558267e-01 5.74471176e-01 1.96668893e-01
    4.20298636e-01 2.87273943e-01 6.44432724e-01 1.15576416e-01
    2.65685022e-01 1.21668786e-01 3.73092651e-01 7.05237389e-01
    3.16874862e-01 8.97390068e-01 1.74339980e-01 5.52415311e-01
    1.77841544e-01 1.12749338e-01 4.21146721e-01 1.63644046e-01
    8.75961483e-01 7.07096159e-01 2.72533387e-01 6.70221090e-01
    8.16960633e-01 3.19062233e-01 7.93139398e-01 1.46579325e-01
    6.98624611e-01 9.34989572e-01 8.98558021e-01 3.85075867e-01
    7.75063574e-01 7.91082859e-01 1.69124901e-01 9.21037793e-01
    2.07432747e-01 3.29509079e-01 9.48761523e-01 2.58727968e-02
    5.36702216e-01 7.31776655e-01 7.31219351e-01 9.07472491e-01
    6.16811812e-01 8.04634392e-02 1.62015319e-01 5.23240268e-01
    1.73976421e-01 6.20944619e-01 6.46234810e-01 7.08050728e-01
    1.71419263e-01 8.21829438e-02 3.07734966e-01 7.18703389e-01
    1.79472983e-01 4.70198452e-01 7.63761401e-02 8.51747453e-01
    3.16048145e-01 4.25471961e-01 3.32634866e-01 1.83635950e-01
    8.42018008e-01 7.28948712e-01 6.82882726e-01 2.12090164e-01
    4.60086852e-01 1.97142690e-01 9.76831794e-01 9.82283473e-01
    4.95954126e-01 3.06991279e-01 5.11187077e-01 3.71769845e-01
    6.52167380e-01 6.92241013e-01 9.34726596e-01 6.22415841e-02
    8.41915846e-01 5.76372862e-01 8.03911090e-01 1.84892118e-02
    1.44015342e-01 6.37762129e-01 6.36271834e-01 8.24806333e-01
    6.44961417e-01 6.19667768e-01 5.81145585e-02 5.20622492e-01
    1.76266760e-01 6.28587067e-01 1.56194866e-01 9.13659632e-02
    4.04008746e-01 4.22810584e-01 3.09098840e-01 3.50839704e-01
    8.24255705e-01 3.87839675e-01 4.84335124e-02 3.52433473e-01
    1.29260361e-01 8.79716039e-01 9.22238648e-01 9.36845303e-01
    1.61306560e-02 7.59063721e-01 5.71949303e-01 9.06040013e-01
    6.84703887e-01 4.92639631e-01 4.15447891e-01 7.84417689e-02
    6.10658526e-01 7.15287149e-01 4.44822431e-01 6.26405954e-01
    8.10094595e-01 3.38994473e-01 5.94125271e-01 6.59150362e-01
    3.98113251e-01 5.14940262e-01 6.79256678e-01 4.73924756e-01
    2.63059258e-01 2.73349017e-01 5.56168377e-01 6.94938779e-01
    7.53912926e-01 1.44222289e-01 3.67800653e-01 2.40650445e-01
    8.91925812e-01 9.43430066e-01 6.27226055e-01 5.74857116e-01
    8.23075593e-01 8.17434907e-01 8.74654531e-01 5.89516580e-01
    7.46932030e-01 2.14576900e-01 9.35163498e-01 7.25141168e-01
    6.50844693e-01 2.52746046e-01 1.91947162e-01 7.95687735e-01
    9.73955274e-01 3.57679665e-01 1.99180752e-01 5.65908849e-01
    6.10245943e-01 8.40453982e-01 8.64525080e-01 4.54443365e-01
    9.73946929e-01 1.84384108e-01 9.75482106e-01 5.97401500e-01
    9.18286085e-01 5.70073068e-01 7.87445903e-03 4.86348093e-01
    8.18246961e-01 6.15355134e-01 1.39565408e-01 6.48124099e-01
    2.15807110e-01 5.26312709e-01 3.06014895e-01 8.26503515e-01
    1.15040272e-01 8.34898055e-02 8.72818708e-01 8.30543160e-01
    2.07049996e-01 8.23841214e-01 7.02958405e-01 4.26010430e-01
    5.11862814e-01 1.87002867e-01 5.71061850e-01 2.41479337e-01
    1.03997856e-01 1.52906388e-01 3.31132412e-01 2.68026888e-02
    1.57967955e-01 9.24556732e-01 5.98094821e-01 7.95886278e-01
    2.01847136e-01 6.87851548e-01 4.01404381e-01 4.49998021e-01
    9.00872827e-01 1.40160292e-01 9.35048580e-01 2.14044780e-01
    3.82653415e-01 4.05154169e-01 2.30736256e-01 7.20871806e-01
    8.51676047e-01 4.32076246e-01 4.89639491e-01 5.84829330e-01
    4.52502549e-01 4.97315645e-01 2.24500746e-01 9.52489257e-01
    1.81649327e-02 7.10086644e-01 8.53784442e-01 7.97332644e-01
    1.66349024e-01 6.84600711e-01 7.49864340e-01 9.92833197e-01
    1.21520817e-01 9.60643291e-02 7.54405856e-02 6.56767309e-01
    2.80520201e-01 3.96973580e-01 7.88741291e-01 4.01797771e-01
    5.89195192e-01 1.45858556e-01 2.46286929e-01 5.59457660e-01
    2.33278662e-01 3.42109799e-03 8.08947802e-01 5.71060538e-01
    6.69825852e-01 6.04649544e-01 9.40211356e-01 9.46343422e-01
    1.64808542e-01 4.78748500e-01 9.13951516e-01 1.87897235e-01
    5.76319396e-01 4.04318869e-02 2.62768269e-01 7.58215189e-02
    4.42122847e-01 2.12303847e-01 4.04561222e-01 4.96997803e-01
    9.17380989e-01 5.58344543e-01 4.96577829e-01 3.50399524e-01
    8.37726355e-01 1.08430147e-01 7.35243678e-01 5.71618855e-01
    3.69649321e-01 3.69561911e-02 6.88615680e-01 5.06222367e-01
    6.11986935e-01 7.46927917e-01 2.39133388e-01 4.01005626e-01
    7.21344888e-01 8.30107391e-01 9.98613179e-01 2.50940621e-01
    4.24012989e-01 5.80173135e-01 3.79796445e-01 7.37644732e-02
    1.55120552e-01 5.41073740e-01 6.70256019e-01 8.43662620e-02
    4.40244943e-01 3.29272032e-01 5.72324395e-02 5.98012328e-01
    9.94337380e-01 5.93091130e-01 5.29513657e-01 8.59933734e-01
    7.44692266e-01 1.63758099e-01 8.90295744e-01 7.64599264e-01
    1.36802435e-01 6.46422207e-02 6.36055052e-01 4.25616562e-01
    2.72701234e-01 8.04264188e-01 1.96711987e-01 5.71342826e-01
    9.16282475e-01 2.11014003e-01 5.11865258e-01 8.88058424e-01
    1.21950328e-01 1.76618636e-01 9.17339981e-01 2.29229182e-01
    4.67415661e-01 2.81083018e-01 6.45872474e-01 4.94058818e-01
    2.45713085e-01 3.84465337e-01 4.08177018e-01 3.67606133e-01
    6.21505022e-01 3.01085234e-01 2.91169941e-01 8.27756047e-01
    2.94340521e-01 7.67487228e-01 6.66128933e-01 8.59514058e-01
    4.62992251e-01 7.20041394e-01 2.12188065e-02 5.58741331e-01
    8.44300985e-01 8.85720372e-01 7.38498807e-01 1.67728245e-01
    4.47392285e-01 4.61078048e-01 6.97555363e-01 8.17202091e-01
    7.56012440e-01 9.24383640e-01 6.15728259e-01 1.90346152e-01
    2.07056403e-02 8.04270148e-01 9.61784720e-01 2.59103358e-01
    2.84768343e-02 1.46849155e-01 1.97242916e-01 9.29981947e-01
    3.72330308e-01 9.86284554e-01 1.35259449e-01 3.48158419e-01
    6.34809494e-01 1.03889406e-01 5.02949834e-01 2.06791341e-01
    2.37064987e-01 9.74214792e-01 4.38429177e-01 3.39520156e-01
    8.34300041e-01 7.95045197e-02 2.99233735e-01 2.30154186e-01
    7.54328728e-01 9.53470349e-01 2.15142369e-02 4.63075280e-01
    1.53579354e-01 4.44235384e-01 2.69650400e-01 1.63461715e-01
    6.68187082e-01 4.97888684e-01 9.21665132e-02 7.09996343e-01
    3.81397814e-01 6.29893661e-01 1.40645206e-02 7.84352541e-01
    4.21248078e-01 8.96101356e-01 3.57008457e-01 2.36501217e-01
    7.84249067e-01 3.09534967e-01 7.31701672e-01 2.65552700e-02
    3.14233184e-01 5.39241731e-01 5.02882838e-01 2.58408964e-01
    2.58828878e-01 7.61470675e-01 5.66101432e-01 7.08904982e-01
    4.34309036e-01 6.95125639e-01 5.43534219e-01 4.19763327e-01
    6.43843055e-01 3.86631131e-01 1.03415251e-01 2.61285424e-01
    9.47336376e-01 6.92687869e-01 7.91940451e-01 7.83582211e-01
    9.60309207e-02 7.54508257e-01 3.68650258e-02 1.07094139e-01
    7.45243251e-01 2.31454760e-01 1.70123696e-01 3.13078105e-01
    4.62954402e-01 5.96270382e-01 8.64098668e-01 6.66022658e-01
    6.25626922e-01 6.99508488e-02 1.93127126e-01 1.48443967e-01
    2.78053135e-01 1.50119066e-02 3.03129375e-01 8.59780133e-01
    5.71636081e-01 6.55909061e-01 3.17420632e-01 8.01498055e-01
    1.47880733e-01 8.54331493e-01 5.58551848e-01 4.21809703e-01
    2.20792532e-01 9.92232084e-01 5.41334152e-01 1.18704140e-01
    7.78059125e-01 3.25381517e-01 2.89506137e-01 7.21098542e-01
    3.98938566e-01 4.63139057e-01 9.28266644e-02 9.95486796e-01
    9.17371452e-01 9.84191895e-04 8.74076724e-01 1.51186883e-01
    2.88287103e-01 6.27595067e-01 5.84679306e-01 7.29977608e-01
    1.42219663e-02 8.06699395e-02 5.87443411e-01 2.07021028e-01
    4.64069158e-01 7.49263823e-01 4.30823147e-01 1.94042325e-02
    1.03178799e-01 4.43631023e-01 2.96443135e-01 4.22588497e-01
    5.36502600e-01 3.76646489e-01 8.79381061e-01 6.49834871e-01
    4.74971384e-01 5.37788630e-01 6.26387060e-01 9.52557981e-01
    5.97586036e-01 7.81855941e-01 2.83332586e-01 4.80046988e-01
    1.34024858e-01 9.11423445e-01 9.62185919e-01 4.42273855e-01
    5.01475275e-01 6.52856231e-02 6.42364144e-01 4.18371260e-02
    4.31920290e-02 6.48873150e-01 7.11392879e-01 5.16914785e-01
    5.71788907e-01 7.29653597e-01 9.64567244e-01 3.67637187e-01
    8.30122828e-01 7.27408707e-01 7.29135215e-01 6.03567481e-01
    6.15111113e-01 5.22874594e-02 1.88448876e-01 8.08567643e-01
    3.47653329e-01 8.08028340e-01 8.96418452e-01 5.03936410e-02
    5.51577747e-01 5.88193834e-01 6.75746024e-01 9.79853392e-01
    3.25243264e-01 7.11228609e-01 4.41072851e-01 3.53163660e-01
    9.94789004e-02 9.68232095e-01 5.72872043e-01 8.22438717e-01
    4.60610062e-01 8.71057034e-01 5.57900667e-01 9.03538525e-01
    4.57070202e-01 9.98930991e-01 8.75949502e-01 9.26847696e-01
    9.96550977e-01 4.05749381e-02 9.51139987e-01 1.72922522e-01
    3.72070611e-01 4.49727476e-02 8.06289911e-02 5.12651205e-01
    4.11499649e-01 3.48541051e-01 3.80354524e-02 7.48441041e-01
    2.91385412e-01 6.25394583e-01 5.72115481e-01 5.53306341e-01
    7.67948151e-01 3.73910785e-01 1.69690728e-01 2.44425744e-01
    2.35291719e-01 2.15872377e-01 7.98510253e-01 5.68583965e-01
    6.16801739e-01 6.60996675e-01 1.11739308e-01 6.15191758e-01
    5.55925310e-01 9.56927717e-01 6.43329620e-02 3.64734828e-02
    9.80026424e-01 7.73755908e-01 6.78807139e-01 7.06864417e-01
    5.15039921e-01 6.11435771e-01 2.41869062e-01 3.51150572e-01
    7.81372845e-01 9.07288194e-01 9.21480656e-01 5.14322519e-02
    2.74113119e-01 1.60755932e-01 2.77675211e-01 9.96814728e-01
    2.71676898e-01 3.24715555e-01 9.61920917e-02 7.10899055e-01
    8.99688900e-02 9.04486179e-01 4.60014850e-01 4.28661138e-01
    5.18062174e-01 5.43139398e-01 6.60527587e-01 9.01360154e-01
    3.41229975e-01 5.04566371e-01 6.10768557e-01 2.40896970e-01
    2.82909453e-01 4.79024500e-01 4.41472828e-01 8.93764138e-01
    8.35777879e-01 7.57432222e-01 1.08009517e-01 5.22450030e-01
    7.01332688e-02 4.04884607e-01 6.80646539e-01 2.30446786e-01
    9.49413061e-01 9.25658107e-01 9.14968967e-01 5.50131798e-02
    4.83276010e-01 8.45753312e-01 6.48978770e-01 1.54802024e-01
    7.45180130e-01 3.07656765e-01 5.03239751e-01 9.38643694e-01
    5.30559599e-01 4.09898400e-01 4.61162418e-01 6.00936234e-01
    9.24870312e-01 4.66731906e-01 7.96215534e-01 1.48458928e-01
    6.79281950e-01 9.49629664e-01 8.53852630e-01 6.83379292e-01
    3.73328626e-02 5.20449162e-01 6.94910228e-01 8.28746557e-02
    3.62521678e-01 4.65280950e-01 5.61610579e-01 8.43499064e-01
    7.93652475e-01 5.85109413e-01 3.45414877e-03 4.78028476e-01
    1.43066227e-01 7.99280643e-01 5.20292938e-01 3.73658538e-01
    7.62490511e-01 8.31692100e-01 7.17404068e-01 4.78013068e-01
    5.57634711e-01 9.46625590e-01 8.94493759e-01 6.79979563e-01
    8.50904703e-01 2.59689808e-01 2.57630587e-01 1.86353803e-01
    7.86651492e-01 6.79122806e-02 4.95016634e-01 7.85238445e-01
    2.48220295e-01 2.23616183e-01 7.06145525e-01 8.33939075e-01
    6.92415237e-01 8.92596066e-01 8.23829055e-01 7.94429898e-01
    8.03727925e-01 4.88624483e-01 9.66117859e-01 4.29694831e-01
    7.05624044e-01 9.47904229e-01 4.17473376e-01 4.81801510e-01
    6.09802186e-01 9.49583411e-01 6.69295430e-01 4.46270883e-01
    3.58212501e-01 3.62715065e-01 6.93585038e-01 6.86442137e-01
    9.50655580e-01 1.79892540e-01 9.18258309e-01 3.27719092e-01
    2.69567877e-01 8.17439079e-01 2.14010805e-01 8.00664008e-01
    6.76040113e-01 2.90748090e-01 7.36257553e-01 4.79275167e-01
    9.29290950e-02 1.57542944e-01 1.38641477e-01 3.21189761e-01
    2.40543544e-01 4.96010125e-01 5.47693253e-01 4.51921284e-01
    1.19166434e-01 6.90176725e-01 2.98773468e-01 2.40076095e-01
    7.83739448e-01 6.22983813e-01 7.81156123e-01 8.47614110e-01
    7.07968652e-01 2.16533542e-02 1.95564687e-01 4.23511297e-01
    9.49613571e-01 2.05392748e-01 4.68925327e-01 5.66268623e-01
    6.56324327e-01 1.64035410e-01 2.41618633e-01 3.62771094e-01
    5.40501833e-01 1.36925548e-01 6.38782263e-01 4.44951266e-01
    2.05261946e-01 4.59701240e-01 4.60270971e-01 3.48225802e-01
    9.27958608e-01 1.32184595e-01 2.96366811e-02 6.82950020e-01
    7.18572021e-01 2.75554180e-01 2.70751834e-01 6.67636096e-02
    2.14401037e-01 2.95184135e-01 9.23475742e-01 1.39877915e-01
    8.05305243e-01 1.30594075e-01 4.54383492e-01 1.19093776e-01
    9.54294682e-01 4.17468846e-01 7.00303793e-01 9.65709329e-01
    2.10069001e-01 8.15343022e-01 5.45627236e-01 6.09353960e-01
    9.00331736e-01 8.25657845e-02 6.84767365e-01 6.05370998e-01
    7.24284172e-01 1.92308426e-02 3.16218138e-01 3.01001608e-01
    6.33639753e-01 9.62781429e-01 7.84810960e-01 7.59207010e-01
    2.91820168e-01 9.98900652e-01 3.82615775e-01 3.49464387e-01
    8.38518739e-02 9.96149659e-01 1.62107110e-01 7.24180579e-01
    5.54786921e-01 1.79837584e-01 3.33447278e-01 1.95473015e-01
    2.12921023e-01 2.02982306e-01 3.96395028e-01 3.95845145e-01
    3.03117603e-01 7.20776200e-01 3.65816474e-01 5.22959709e-01
    6.80379331e-01 9.37538743e-01 7.23271132e-01 6.25379086e-01
    1.58053756e-01 5.39346874e-01 6.20206892e-02 8.96405935e-01
    2.38418132e-01 2.56080300e-01 1.13973826e-01 7.74626613e-01
    7.60810494e-01 9.54396307e-01 1.18042827e-01 1.22644216e-01
    7.09151864e-01 9.46108699e-01 8.12491655e-01 4.51466084e-01
    8.50442946e-02 6.14775181e-01 2.32245356e-01 5.46419382e-01
    8.67999673e-01 2.96140671e-01 5.15454888e-01 4.93166238e-01
    5.97602308e-01 2.33799517e-02 9.79074180e-01 5.07976353e-01
    3.13731492e-01 9.74981606e-01 8.27529073e-01 1.09351754e-01
    4.96169895e-01 5.17926812e-01 2.64771581e-01 7.82028139e-01
    5.36945403e-01 9.98794675e-01 3.78020287e-01 7.66211510e-01
    3.82654160e-01 9.44145679e-01 4.48630810e-01 2.29861528e-01
    1.87764913e-01 7.15113163e-01 9.46067452e-01 8.06238949e-02
    7.61991739e-01 2.25113183e-01 9.55833375e-01 6.26179457e-01
    5.85116863e-01 3.67046505e-01 6.05432451e-01 5.11201143e-01
    4.88953829e-01 2.47649312e-01 2.16510087e-01 5.72633088e-01
    5.36687791e-01 8.61059964e-01 7.94578671e-01 7.98590064e-01
    9.13741767e-01 7.50214577e-01 5.05209923e-01 6.69397116e-01
    6.68349802e-01 2.20602244e-01 6.31320596e-01 3.99229228e-01
    9.43496346e-01 1.82008535e-01 2.85965860e-01 4.81409132e-02
    2.15775520e-01 6.81580305e-01 4.19472843e-01 2.84882218e-01
    1.22289360e-01 6.95542872e-01 4.44775879e-01 3.80530685e-01
    6.49109483e-02 1.69109702e-01 9.87409532e-01 4.14017588e-01
    8.14809680e-01 8.46497118e-02 4.00284111e-01 1.61342204e-01
    1.15685523e-01 3.09991688e-01 9.31810379e-01 1.89296544e-01
    6.83342814e-02 5.96186042e-01 6.36544764e-01 3.82593483e-01
    8.48734021e-01 5.69849193e-01 4.85272944e-01 1.85287267e-01
    7.31536090e-01 1.18704081e-01 4.73391414e-02 3.05195987e-01
    8.49847436e-01 6.94997907e-01 7.18047976e-01 9.78309810e-01
    7.12489367e-01 9.28078830e-01 6.04477346e-01 4.05654579e-01
    6.37295246e-01 1.28410637e-01 7.84078479e-01 1.34009778e-01
    1.98130220e-01 3.89385223e-02 4.28820908e-01 3.61274958e-01
    8.61656785e-01 3.47913682e-01 6.11317158e-01 6.19134128e-01
    9.84315574e-02 5.55948615e-01 3.04350257e-02 2.72535801e-01
    3.43544543e-01 7.67028093e-01 5.97824454e-01 1.73223019e-01
    7.23567724e-01 2.98295647e-01 7.10638165e-01 7.29659200e-01
    4.31304991e-01 7.31123805e-01 3.40610027e-01 1.19359851e-01
    1.21584892e-01 9.10908937e-01 8.11094165e-01 5.55820346e-01
    8.69407356e-02 6.66734874e-02 2.21766233e-02 1.44270211e-01
    1.88193649e-01 3.21524739e-01 3.70923966e-01 9.47100401e-01
    8.03490400e-01 1.97264254e-02 4.59548235e-02 1.30302459e-01
    4.91760343e-01 2.68604368e-01 6.84496999e-01 1.98746562e-01
    7.79826283e-01 4.28658783e-01 6.52780712e-01 2.64680982e-02
    2.45907903e-02 6.38583004e-01 1.70660824e-01 4.54939663e-01
    1.06312394e-01 3.23662341e-01 9.05295312e-02 5.01955628e-01
    8.37501168e-01 8.67071390e-01 2.56865680e-01 2.29192942e-01
    9.51347888e-01 1.54032439e-01 9.65740860e-01 2.13132411e-01
    2.03403622e-01 9.86647487e-01 1.83177590e-01 1.21490389e-01
    4.25403088e-01 5.20955145e-01 3.56518984e-01 9.96310890e-01
    8.91783476e-01 4.00890470e-01 1.92080200e-01 4.71163541e-01
    2.75927424e-01 4.92767990e-02 2.99073756e-01 9.92506146e-01
    6.53308630e-01 6.11093760e-01 4.99527067e-01 4.60232794e-02
    8.17795217e-01 6.46884680e-01 8.68996918e-01 3.13179135e-01
    7.70515859e-01 3.82281929e-01 8.37002635e-01 6.31670833e-01
    1.34388447e-01 3.87515843e-01 3.53655696e-01 2.67466098e-01
    5.24396122e-01 4.34722275e-01 8.88221681e-01 8.70674849e-02
    7.09657609e-01 7.50234485e-01 1.30499333e-01 1.65997475e-01
    5.11788785e-01 7.11655974e-01 5.51893353e-01 9.35001373e-01
    1.75061971e-01 3.74268770e-01 7.35791028e-02 1.60884559e-01
    5.07582784e-01 4.32645589e-01 1.57471955e-01 9.33281362e-01
    2.01166451e-01 1.11806780e-01 5.79239368e-01 3.36567998e-01
    3.43809187e-01 7.40261316e-01 5.30385375e-01 1.67383015e-01
    9.02966201e-01 4.85312819e-01 1.57374561e-01 3.08994114e-01
    6.26889348e-01 7.52651572e-01 6.26000941e-01 9.35016870e-01
    1.65967733e-01 3.44056636e-01 3.87048811e-01 1.46102071e-01
    7.93768764e-01 9.26890612e-01 3.76134813e-01 6.64835691e-01
    1.61440134e-01 3.99164677e-01 2.69765586e-01 3.14192891e-01
    7.25237072e-01 5.34582138e-01 9.86195087e-01 4.83458340e-01
    5.65336347e-01 4.89468664e-01 8.34622979e-01 4.38444793e-01
    6.22414768e-01 8.04636121e-01 5.34265459e-01 9.93582010e-01
    6.33538544e-01 1.10307664e-01 5.77530205e-01 6.61060631e-01
    2.09363312e-01 2.43853271e-01 6.68676376e-01 9.20747161e-01
    4.91172552e-01 6.86109066e-03 4.80791718e-01 7.17589378e-01
    3.04304451e-01 2.51347125e-01 8.40558171e-01 5.43290854e-01
    6.49612665e-01 2.31830359e-01 8.48669112e-02 7.65050650e-02
    2.59606183e-01 3.59176755e-01 1.75104558e-01 3.04335266e-01
    1.02707446e-02 9.94608045e-01 3.95295918e-01 5.40569544e-01
    3.53519499e-01 7.88615584e-01 9.45467234e-01 1.54926181e-02
    9.15335059e-01 5.09571135e-02 2.89204717e-02 8.98384213e-01
    4.60080922e-01 1.02825075e-01 9.45819259e-01 3.11055839e-01
    7.88557529e-02 7.96813965e-01 6.67626977e-01 3.10765803e-02
    1.13491952e-01 1.89099640e-01 3.40738237e-01 5.27813911e-01
    7.29643047e-01 2.15640455e-01 8.15349460e-01 8.36120963e-01
    9.26527977e-01 4.12549406e-01 7.19962478e-01 2.93406606e-01
    4.29274827e-01 1.52808487e-01 1.66046083e-01 3.26487720e-02
    4.31415558e-01 2.86544859e-02 6.04040623e-01 1.82469755e-01
    7.40985572e-01 4.77453172e-01 6.72969580e-01 9.44610775e-01
    8.54274750e-01 4.03254271e-01 9.74145234e-02 2.82039642e-01
    4.03341591e-01 5.56328833e-01 8.88371229e-01 1.12073034e-01
    6.28792524e-01 7.42348731e-01 6.97069645e-01 2.64901817e-01
    6.61168098e-02 6.57884240e-01 4.47106808e-01 5.18265665e-01
    3.07672262e-01 4.79459167e-01 2.45832682e-01 2.19955176e-01
    4.95966613e-01 8.66951466e-01 3.18519205e-01 5.52715242e-01
    9.01115179e-01 5.47317505e-01 3.18968296e-02 5.02748251e-01
    2.81405777e-01 7.03957081e-01 1.54476911e-01 3.87951702e-01
    3.19565117e-01 6.01918340e-01 8.13511670e-01 7.93246329e-02
    3.10782731e-01 1.54739916e-02 2.88047791e-01 6.64880693e-01
    2.11092234e-02 6.45578623e-01 2.72922456e-01 2.76610017e-01
    4.90344942e-01 2.04242587e-01 2.67084658e-01 1.35690272e-01
    9.14138556e-01 6.88865423e-01 4.27973151e-01 3.06086510e-01
    8.94730330e-01 3.15752506e-01 1.34102702e-02 4.32501674e-01
    6.55712485e-01 3.35596204e-02 1.95683569e-01 9.49383438e-01
    7.69710362e-01 8.65707397e-01 3.65146875e-01 9.15894687e-01
    7.31094539e-01 6.30162895e-01 7.24905849e-01 4.44609195e-01
    1.31127059e-01 6.77544177e-02 4.42319661e-01 4.32017982e-01
    5.45353293e-01 6.70507312e-01 1.16191745e-01 8.63461673e-01
    7.74999261e-01 5.44133008e-01 8.45192015e-01 8.02718222e-01
    5.65300167e-01 2.86859483e-01 8.20312977e-01 5.69462717e-01
    7.75132418e-01 2.88068235e-01 7.53997028e-01 8.15448761e-01
    1.41261160e-01 4.46375877e-01 3.65709960e-01 6.65663302e-01
    4.51785386e-01 8.16040158e-01 9.76348400e-01 9.96698499e-01
    5.96105754e-02 2.51404107e-01 7.65860438e-01 1.33824080e-01
    8.27757299e-01 2.85573006e-01 7.72571683e-01 2.86420166e-01
    7.77027369e-01 4.74333644e-01 5.65211296e-01 3.69462609e-01
    6.81399167e-01 5.52591264e-01 3.54472041e-01 1.09683841e-01
    8.43055964e-01 5.31013906e-02 6.69954777e-01 7.91045189e-01
    2.20138252e-01 3.30674767e-01 4.62921768e-01 2.31311947e-01
    4.82103139e-01 5.25725722e-01 6.05449677e-01 9.21418071e-01
    8.63700330e-01 5.43502152e-01 5.24510920e-01 2.89407402e-01
    9.98833656e-01 8.55639815e-01 2.52177179e-01 6.57109618e-02
    3.64410877e-02 4.38346386e-01 3.26485753e-01 6.03155851e-01
    7.76894808e-01 3.20012480e-01 8.34402025e-01 1.95205897e-01
    1.18950844e-01 7.33609438e-01 8.14099073e-01 8.07543397e-01
    1.13289803e-01 5.84154308e-01 1.12721950e-01 4.65967983e-01
    8.23210478e-01 6.48205400e-01 2.74137855e-01 2.80199349e-01
    9.85365927e-01 2.91290700e-01 3.19337308e-01 8.30228686e-01
    3.36810857e-01 2.71935761e-01 5.49209654e-01 1.57564729e-01
    2.92699277e-01 2.20660359e-01 7.14174151e-01 8.35237801e-02
    9.54036832e-01 2.16280907e-01 9.43989158e-01 1.72845691e-01
    1.40433758e-01 9.66104269e-01 1.83206290e-01 2.31176496e-01
    9.52531695e-01 1.12737507e-01 9.62225735e-01 3.11489820e-01
    2.38299131e-01 4.35742676e-01 3.61539930e-01 2.94085890e-01
    5.77256799e-01 4.68970060e-01 9.95993257e-01 8.15456867e-01
    3.20746124e-01 1.51457518e-01 9.71778989e-01 5.17551720e-01
    6.08491421e-01 6.59174204e-01 6.23579323e-02 1.74150527e-01
    9.43600535e-01 1.42623723e-01 3.01494598e-02 9.92014408e-01
    6.48218155e-01 3.66062731e-01 6.77874684e-02 5.71414769e-01
    5.89890718e-01 8.82563055e-01 9.46247816e-01 3.17940742e-01
    4.71999705e-01 1.06608957e-01 1.78919405e-01 3.28693092e-02
    9.70813334e-02 2.64016360e-01 7.33145416e-01 1.43279433e-02
    1.75961196e-01 9.42179441e-01 5.03178239e-01 4.79868114e-01
    9.81213748e-01 2.82001942e-01 9.84682202e-01 3.15960616e-01
    6.12709701e-01 8.66162181e-01 4.98690188e-01 4.33782250e-01
    6.43110514e-01 4.23368424e-01 9.66686606e-01 1.00511283e-01
    9.02164340e-01 2.71060854e-01 5.12381196e-02 9.82035518e-01
    8.06664467e-01 8.99704993e-02 6.82017744e-01 1.36545688e-01
    9.09358740e-01 8.73379529e-01 5.86120248e-01 8.76270294e-01
    4.14353609e-01 6.72288537e-02 2.77815580e-01 6.53089523e-01
    9.92064238e-01 3.10611129e-01 2.88805872e-01 7.80395985e-01
    8.51044476e-01 8.67576361e-01 8.29861641e-01 7.52336919e-01
    5.31842232e-01 7.77618051e-01 5.09824634e-01 5.56349337e-01
    4.59390283e-02 6.49738312e-02 5.85368514e-01 7.24474788e-01
    2.94757724e-01 9.31043863e-01 2.51211166e-01 7.51570940e-01
    3.09132040e-02 9.03357983e-01 3.13324541e-01 3.20008159e-01
    4.94743377e-01 4.28487420e-01 2.09225237e-01 3.18284214e-01
    2.49138653e-01 1.88674331e-02 7.24793673e-01 8.56607795e-01
    4.90105331e-01 8.49622190e-01 5.46771586e-02 7.90509343e-01
    2.63174355e-01 6.73249960e-01 1.93361789e-01 7.79932737e-03
    4.08661157e-01 3.85663867e-01 4.41244841e-02 4.24865782e-01
    7.76361585e-01 1.99568063e-01 9.08982038e-01 8.90078306e-01
    1.96059883e-01 9.14790571e-01 8.09600115e-01 6.58910573e-02
    4.73126620e-01 6.58391058e-01 1.04351670e-01 4.01505470e-01
    9.73604679e-01 6.58546567e-01 9.82035577e-01 4.63493556e-01
    1.69674456e-01 4.30308521e-01 9.70534980e-01 1.76123470e-01
    2.47831047e-01 9.82493937e-01 7.53061295e-01 2.50304431e-01
    6.45500302e-01 8.97985637e-01 5.63171268e-01 7.93796659e-01
    8.12770665e-01 7.07342267e-01 6.04447722e-01 7.00331032e-02
    6.26515865e-01 1.52011514e-01 1.18507564e-01 5.87368309e-01
    2.93073893e-01 6.24684572e-01 7.40002394e-01 3.31252396e-01
    1.14429414e-01 3.56851220e-01 8.52879882e-02 8.57933164e-01
    6.11989856e-01 1.86341465e-01 6.35124981e-01 2.49516964e-01
    2.98792720e-01 1.23611212e-01 9.03596699e-01 8.79408121e-01
    2.10756481e-01 8.80548000e-01 7.66553164e-01 7.72893846e-01
    9.95775759e-01 9.94667411e-01 2.47333050e-02 9.34047341e-01
    1.91942513e-01 2.33350456e-01 3.12511832e-01 4.24494922e-01
    4.99087572e-01 9.67492580e-01 1.05925322e-01 2.47896016e-02
    4.19634074e-01 6.32061839e-01 5.02761662e-01 5.12612283e-01
    3.73061419e-01 4.29520309e-01 9.29202974e-01 1.00509316e-01
    7.23131299e-01 5.15742600e-02 4.54844087e-01 1.68344676e-02
    8.57681870e-01 4.58036005e-01 6.27855897e-01 4.53655571e-01
    3.61586511e-01 5.11241615e-01 2.25518137e-01 2.14697599e-01
    9.52730536e-01 5.32887340e-01 1.73924178e-01 1.79919809e-01
    1.11209840e-01 9.16031122e-01 1.03526413e-02 5.23122728e-01
    9.93511260e-01 4.72040445e-01 9.68097210e-01 9.99792695e-01
    6.64054096e-01 8.96682620e-01 6.56711638e-01 8.76423359e-01
    5.75958490e-01 6.98292851e-01 8.73953700e-01 5.92371285e-01
    1.75776243e-01 1.23274595e-01 7.99988270e-01 2.68641114e-03
    1.97986096e-01 2.02783823e-01 8.57375026e-01 4.88138616e-01
    1.19165003e-01 9.94757652e-01 2.04008460e-01 2.25148708e-01
    7.75995493e-01 2.76094556e-01 5.37686527e-01 8.33987296e-01
    1.76589459e-01 8.30478311e-01 3.75288874e-01 5.56988358e-01
    6.56961799e-02 6.22494400e-01 4.84336883e-01 7.84712672e-01
    5.38416505e-01 8.05789232e-01 2.85375595e-01 4.08404499e-01
    4.67182189e-01 4.94663745e-01 7.71637619e-01 8.17512393e-01
    6.47993326e-01 7.47723699e-01 4.46303755e-01 5.64445496e-01
    3.82214457e-01 5.00432789e-01 3.05338383e-01 9.70901728e-01
    6.90093577e-01 5.02344370e-02 2.75834799e-02 5.17163873e-02
    1.13688111e-02 3.73259485e-01 4.01647747e-01 5.72254837e-01
    9.64200974e-01 5.29738188e-01 7.69355178e-01 3.45506012e-01
    2.23720729e-01 3.40522557e-01 2.97317296e-01 1.81560874e-01
    3.54699403e-01 2.69983351e-01 9.87334251e-01 2.40338296e-01
    9.08625007e-01 3.49236190e-01 3.05876255e-01 8.15150857e-01
    6.01716757e-01 2.00261205e-01 9.85695720e-01 1.17863536e-01
    2.97359765e-01 5.96830368e-01 5.26881039e-01 9.81860518e-01
    1.22700930e-01 8.71726573e-01 5.46526492e-01 9.79330122e-01
    1.40156895e-01 3.50553185e-01 6.05054259e-01 9.57172275e-01
    8.25842083e-01 8.92892480e-03 9.61078525e-01 1.91308409e-01
    8.42253208e-01 6.32167816e-01 2.49067873e-01 4.43762422e-01
    5.25992393e-01 8.96643281e-01 5.28180063e-01 6.98361516e-01
    4.02639210e-02 7.19164848e-01 4.80734289e-01 1.43097788e-01
    1.80611432e-01 9.53562260e-01 6.68376148e-01 3.62851888e-01
    1.89191282e-01 2.15952426e-01 8.62648487e-01 6.47107244e-01
    7.72263527e-01 4.56761986e-01 8.70412707e-01 1.52457505e-01
    4.82469052e-01 8.31260681e-01 3.44354272e-01 2.04663217e-01
    3.21011603e-01 4.85199422e-01 9.17603552e-01 6.49605155e-01
    3.07069361e-01 6.27011061e-01 8.16371441e-01 3.36673230e-01
    2.95701087e-01 9.32863057e-02 2.39483714e-01 8.23084414e-01
    1.66213810e-02 9.07221258e-01 2.40642190e-01 6.67481542e-01
    9.73571897e-01 5.20421505e-01 5.05452573e-01 1.15272850e-01
    8.35890770e-01 2.09919721e-01 7.44514763e-01 8.90622675e-01
    6.83938563e-01 7.14448333e-01 4.87337649e-01 5.45235693e-01
    3.47628355e-01 7.48295665e-01 6.23192728e-01 4.83064353e-01
    9.68459487e-01 8.93569350e-01 2.64624834e-01 4.25076485e-01
    9.13754106e-02 4.86175954e-01 8.75974774e-01 4.49083537e-01
    3.30464602e-01 6.62109494e-01 4.08147693e-01 5.61258197e-02
    4.75892425e-03 3.42604697e-01 9.40478742e-01 5.69243371e-01
    8.25179279e-01 8.10614109e-01 5.16453981e-02 9.04790878e-01
    9.67459381e-01 7.36126244e-01 9.35634136e-01 1.65624142e-01
    2.36471653e-01 5.73949814e-01 1.89379811e-01 8.05809617e-01
    2.01844513e-01 6.83060408e-01 2.31972307e-01 7.88528621e-01
    9.70306277e-01 7.15676844e-02 8.17418456e-01 7.42361128e-01
    5.34566045e-01 9.66427326e-01 3.18833590e-02 7.68747091e-01
    8.25809956e-01 9.45878327e-02 7.28793502e-01 5.92438221e-01
    4.87729549e-01 9.14097548e-01 8.88003349e-01 5.74934900e-01
    9.85117972e-01 3.87024105e-01 1.63641274e-02 7.58763075e-01
    2.90000677e-01 3.98629129e-01 9.06074345e-01 4.37917262e-01
    7.17523456e-01 4.72201347e-01 1.69971049e-01 3.69650275e-01
    3.35270077e-01 4.49576974e-01 3.92534614e-01 3.06288809e-01
    3.21800649e-01 5.88265657e-01 5.44366300e-01 4.59511369e-01
    9.23023224e-01 7.25923717e-01 8.06062937e-01 2.24943340e-01
    7.83333063e-01 1.43587291e-02 2.02774644e-01 1.04987621e-03
    1.62923753e-01 7.10331857e-01 3.99395823e-01 9.21910107e-01
    8.23243141e-01 2.32103646e-01 2.19849110e-01 5.36505342e-01
    3.53220701e-01 8.77428889e-01 7.36823797e-01 1.76908314e-01
    4.20154840e-01 8.02003264e-01 7.33881891e-01 4.57124650e-01
    9.31368113e-01 7.96957970e-01 1.85767442e-01 5.58360875e-01
    9.33708310e-01 2.81992257e-02 5.79559565e-01 3.61759037e-01
    8.42050612e-01 3.54271531e-02 7.89420605e-01 5.19806802e-01
    2.59383082e-01 1.53744012e-01 9.84221101e-01 6.61674201e-01
    1.44428730e-01 3.73630762e-01 6.79647923e-01 1.55640036e-01
    1.88253999e-01 1.53041780e-01 5.15074790e-01 2.26117581e-01
    6.24489605e-01 6.35426879e-01 5.82238615e-01 4.46692139e-01
    2.81788111e-01 6.68723762e-01 6.23120248e-01 8.62017870e-01
    8.67263198e-01 2.24167168e-01 8.63921404e-01 2.94083238e-01
    1.05233699e-01 7.43793488e-01 1.56682134e-01 9.80005682e-01
    7.22460449e-01 1.42161310e-01 5.04037917e-01 6.97856367e-01
    3.52117240e-01 3.33131254e-01 1.95607960e-01 7.00077415e-01
    1.01303995e-01 2.10966587e-01 5.68783581e-01 3.36647779e-01
    8.43765616e-01 9.88045573e-01 6.52509809e-01 1.13495499e-01
    1.29197687e-01 7.74580896e-01 7.11150289e-01 5.24545550e-01
    6.75193191e-01 5.03870487e-01 8.70754242e-01 8.85750651e-01
    2.15030879e-01 7.12744176e-01 9.21529830e-02 8.02866459e-01
    8.21901560e-02 3.64117920e-01 5.70728481e-02 8.82153451e-01
    8.57954919e-01 4.57708687e-01 2.08276957e-01 1.37312680e-01
    7.22185016e-01 8.07324529e-01 4.25047100e-01 5.78007340e-01
    9.73325968e-03 7.23804653e-01 3.10935199e-01 7.42063522e-01
    8.39333653e-01 1.62824303e-01 3.03495646e-01 7.18665838e-01
    3.06032389e-01 4.71774101e-01 5.44867277e-01 5.57136476e-01
    1.94701672e-01 3.55665922e-01 2.30206668e-01 6.72475100e-01
    5.69377482e-01 3.42018962e-01 6.69008553e-01 8.58518839e-01
    9.92349386e-01 7.22205997e-01 7.36857891e-01 4.41775829e-01
    2.33283937e-02 1.03244901e-01 9.50495481e-01 2.41917759e-01
    5.18290222e-01 8.50065649e-01 3.54472995e-01 2.09751040e-01
    2.22510725e-01 8.57012630e-01 7.03009009e-01 2.81117290e-01
    3.38703156e-01 3.67472351e-01 1.99132651e-01 9.09611225e-01
    7.59092927e-01 7.03572869e-01 9.50430512e-01 1.53310806e-01
    7.86899030e-01 1.01039022e-01 7.18028069e-01 6.13434076e-01
    7.64604747e-01 1.13753378e-02 5.48365414e-02 2.55023241e-01
    8.76527548e-01 9.95240331e-01 9.53939199e-01 1.01497948e-01
    9.82671738e-01 2.47056484e-01 3.81012559e-01 3.32032204e-01
    9.10205781e-01 5.32186687e-01 6.55437589e-01 3.90104949e-01
    2.35269189e-01 2.75934666e-01 4.20004666e-01 1.48166895e-01
    1.44984931e-01 6.14063025e-01 2.66984701e-02 8.26822340e-01
    4.61503953e-01 1.15469247e-01 7.12202072e-01 6.07253611e-02
    5.97426653e-01 9.52317417e-02 5.93751848e-01 8.43209982e-01
    6.39910102e-01 3.74921948e-01 5.40646374e-01 1.62785321e-01
    2.30283856e-01 1.65485054e-01 2.52821028e-01 8.51983130e-02
    1.44533306e-01 2.67140269e-01 6.36977196e-01 6.19906187e-01
    1.40465170e-01 2.82455742e-01 3.69701445e-01 1.05395913e-01
    2.48742402e-01 5.52914143e-01 1.04296207e-03 6.58484995e-01
    9.02273536e-01 7.52871513e-01 3.10437202e-01 1.20270550e-01
    4.01353419e-01 9.26817179e-01 9.18005288e-01 2.99382865e-01
    2.46056736e-01 1.24842793e-01 1.72435611e-01 9.84748006e-02
    8.82647157e-01 2.97233820e-01 6.05406106e-01 9.43545461e-01
    2.56352127e-01 1.50942266e-01 7.29131699e-01 1.03422135e-01
    7.68496454e-01 4.74705100e-01 8.73350263e-01 4.08226132e-01
    7.45711565e-01 9.55686808e-01 6.92356467e-01 2.65836596e-01
    7.65038192e-01 8.94892335e-01 5.59352934e-02 1.59571022e-01
    8.65748644e-01 8.08618128e-01 9.98394012e-01 5.44379175e-01
    5.21589398e-01 3.23178530e-01 2.89376289e-01 2.20027238e-01
    3.47505391e-01 4.12578523e-01 2.66917765e-01 7.38980532e-01
    2.25808769e-01 6.97457194e-01 1.15453243e-01 3.97843182e-01
    6.05749309e-01 9.00581598e-01 8.23101878e-01 5.78795969e-02
    8.41484070e-01 9.52718735e-01 4.71624911e-01 9.94116426e-01
    6.86430812e-01 1.03622735e-01 7.69057155e-01 3.58366489e-01
    1.80791944e-01 6.42348528e-02 6.36554241e-01 6.90182745e-01
    8.69828343e-01 7.70208657e-01 1.59754902e-01 8.43003690e-01
    7.99351215e-01 9.98585105e-01 1.13984257e-01 9.17699397e-01
    4.70703334e-01 4.94174242e-01 7.44562268e-01 1.45369351e-01
    4.83352840e-01 4.58232462e-01 4.62347329e-01 8.19215298e-01
    6.93161964e-01 2.98629045e-01 2.22571492e-02 7.93330193e-01
    6.28630579e-01 5.36480010e-01 8.24347377e-01 4.75812435e-01
    2.95964777e-01 9.07130957e-01 3.28101307e-01 1.16471350e-01
    3.79431635e-01 3.69888991e-01 4.70157892e-01 5.84817410e-01
    2.78682530e-01 6.28466845e-01 8.65907431e-01 1.84436589e-01
    9.95343924e-02 7.17178702e-01 5.75069487e-02 1.05528533e-01
    3.51576418e-01 4.79809433e-01 7.94568539e-01 9.74650621e-01
    4.92170542e-01 2.86457181e-01 9.93252873e-01 7.86836386e-01
    3.16661060e-01 5.14008582e-01 2.86377192e-01 1.54527634e-01
    3.62400651e-01 6.21466279e-01 8.68952513e-01 7.93883562e-01
    5.76917231e-01 7.08862484e-01 7.80657411e-01 7.68569648e-01
    9.78350759e-01 5.31646490e-01 1.93185896e-01 8.55118155e-01
    5.56733131e-01 8.92853498e-01 3.37695658e-01 9.96100485e-01
    1.92728817e-01 9.10885513e-01 2.29024887e-02 4.49612528e-01
    5.44394195e-01 1.91453397e-02 7.40472198e-01 8.51586342e-01
    5.06788015e-01 7.53130913e-01 5.60967326e-01 9.10607338e-01
    4.98749614e-02 3.30880463e-01 2.61507630e-02 4.01697457e-01
    4.66322035e-01 5.12872696e-01 5.17498791e-01 4.43021715e-01
    7.69097090e-01 8.61370444e-01 3.08358341e-01 2.93095887e-01
    5.67606688e-01 4.25282449e-01 3.17921281e-01 6.97826624e-01
    7.66836882e-01 7.44441926e-01 7.07213879e-02 5.56658387e-01
    7.21756458e-01 9.06653047e-01 5.53785861e-02 8.43419611e-01
    2.74277866e-01 3.68783921e-01 4.98235017e-01 8.73879492e-01
    3.11217844e-01 9.69109774e-01 1.85952604e-01 8.17275047e-01
    8.10902178e-01 2.94155061e-01 4.19139922e-01 5.79207897e-01
    1.13822967e-01 5.20930827e-01 1.79623008e-01 4.69831973e-01
    8.30136776e-01 2.19644934e-01 5.80887556e-01 6.73917174e-01
    3.46865952e-01 3.33331227e-01 2.99521327e-01 9.57608700e-01
    4.27883416e-01 3.96772325e-02 7.36773193e-01 4.49402124e-01
    9.18571174e-01 6.59207404e-01 9.66491997e-02 9.48029876e-01
    1.15326345e-01 2.48260349e-01 6.61700249e-01 8.46104681e-01
    4.56614494e-01 7.27385819e-01 8.00770402e-01 8.74998868e-02
    4.50454682e-01 5.02126992e-01 9.32344675e-01 2.70591497e-01
    3.75764042e-01 1.93391919e-01 1.26562685e-01 3.65450978e-02
    9.32082653e-01 1.06750786e-01 3.13890755e-01 7.61081100e-01
    9.06704307e-01 3.97176802e-01 3.91111910e-01 5.06316662e-01
    7.57996798e-01 6.16236687e-01 5.19311488e-01 6.77207232e-01
    4.01040971e-01 5.50602794e-01 3.69266331e-01 3.32358778e-01
    7.96298742e-01 2.15103209e-01 3.40619385e-02 2.48625636e-01
    3.33427638e-01 3.90673280e-02 6.93582952e-01 7.24863708e-02
    1.88582152e-01 1.39080673e-01 3.97939384e-02 8.72227967e-01
    7.55075216e-02 9.24713254e-01 6.45547211e-02 7.34986484e-01
    2.98678994e-01 8.89555275e-01 5.16893268e-02 7.07796037e-01
    6.53860569e-02 6.00559592e-01 9.51573849e-01 5.94416261e-02
    8.25611234e-01 7.48373568e-02 2.35231280e-01 6.14586949e-01
    1.35901868e-01 5.82525969e-01 2.37202078e-01 4.67267573e-01
    4.17104006e-01 1.81782007e-01 6.00090563e-01 3.31194639e-01
    5.34066975e-01 3.44386697e-01 5.54341018e-01 2.03576624e-01
    8.99421453e-01 3.83157492e-01 9.43175554e-01 1.27861708e-01
    7.91707098e-01 8.32803011e-01 5.49201012e-01 9.16519284e-01
    5.92298210e-01 5.32900929e-01 5.12602925e-03 9.55342293e-01
    6.69418693e-01 5.25869131e-01 3.71223927e-01 3.69330674e-01
    4.18358028e-01 9.32218671e-01 5.73435366e-01 2.37165332e-01
    5.66392660e-01 2.12324739e-01 2.50042826e-01 6.86437964e-01
    8.21464777e-01 4.62659627e-01 1.04659647e-01 7.07692623e-01
    3.69434655e-02 4.24639136e-01 8.58405232e-03 6.57813549e-01
    6.49371445e-02 3.22279572e-01 6.48146391e-01 2.94730842e-01
    9.41585720e-01 2.23279774e-01 5.01740754e-01 8.69810641e-01
    7.48641610e-01 8.07106793e-02 2.64404237e-01 1.87616765e-01
    2.64565200e-01 7.97750413e-01 5.68452179e-02 8.79649639e-01
    7.16588378e-01 1.69684082e-01 5.43477595e-01 6.24950171e-01
    3.99397284e-01 6.34894013e-01 9.53922868e-01 1.78844839e-01
    9.17679071e-01 1.01641923e-01 9.78710353e-02 6.97489083e-01
    6.72694087e-01 9.36470151e-01 5.01903415e-01 6.07799232e-01
    9.64597583e-01 4.93715852e-01 9.56942201e-01 9.27080512e-01
    1.91809505e-01 3.33386958e-01 5.99906027e-01 8.31332088e-01
    7.53870130e-01 1.63676620e-01 6.64133668e-01 3.00730765e-01
    5.80172360e-01 4.35727119e-01 5.22406042e-01 8.06207776e-01
    9.18968201e-01 1.73097849e-03 5.40201843e-01 5.56734264e-01
    7.13923693e-01 9.13454890e-01 8.80837440e-01 3.01544368e-01
    2.67662466e-01 6.94284201e-01 3.07356000e-01 1.63028359e-01
    1.28783047e-01 9.05760407e-01 6.18262649e-01 6.02317452e-02
    3.00251067e-01 6.35187626e-01 2.59017944e-01 7.42439508e-01
    4.40856338e-01 8.35922956e-01 5.59712052e-02 7.68236399e-01
    4.94288594e-01 6.06967449e-01 3.58033240e-01 6.93859935e-01
    1.21198565e-01 1.29227400e-01 4.86339271e-01 8.98049355e-01
    7.97046661e-01 4.41572577e-01 5.67730963e-01 3.68036270e-01
    4.35100973e-01 8.63130927e-01 2.77043402e-01 1.55459046e-01
    4.30554271e-01 3.44829559e-01 9.62924659e-02 4.23954010e-01
    7.27922082e-01 9.21882272e-01 2.10144877e-01 9.12731767e-01
    2.38888890e-01 1.58762425e-01 3.35015357e-01 1.03916824e-01
    3.53448898e-01 3.21369290e-01 7.80762196e-01 9.22600269e-01
    2.10296065e-01 5.40801167e-01 9.15449858e-01 6.62173569e-01
    7.54408956e-01 1.20849311e-02 5.39809346e-01 8.17530870e-01
    8.43607306e-01 6.91105664e-01 9.54956710e-01 6.67611599e-01
    4.53762978e-01 9.18065846e-01 7.10127592e-01 6.78295910e-01
    8.20243955e-01 6.70736432e-02 2.10242599e-01 1.84900731e-01
    4.43800956e-01 7.81305671e-01 7.36359894e-01 2.15838879e-01
    4.03626651e-01 9.97997761e-01 7.04978108e-02 7.62426913e-01
    2.83315271e-01 6.82709813e-01 2.07403272e-01 9.02008414e-01
    7.86863565e-01 1.97277665e-01 3.57884318e-01 7.17469990e-01
    1.41523391e-01 5.37998855e-01 4.56341982e-01 8.34282517e-01
    2.44178981e-01 8.27484190e-01 4.83278632e-02 7.49551356e-01
    5.00693619e-02 9.50831175e-03 2.39247978e-02 5.22854865e-01
    4.18029308e-01 7.22069919e-01 8.37226391e-01 1.66716337e-01
    3.15009594e-01 1.89427137e-01 7.28426993e-01 3.72780263e-01
    8.08641016e-01 1.46419227e-01 8.88980031e-01 5.43060601e-01
    3.80280674e-01 9.14299488e-01 2.40799785e-01 9.78482366e-01
    9.48278606e-01 9.52098191e-01 2.47746497e-01 8.11489046e-01
    1.47566319e-01 1.40164047e-01 2.88191885e-01 1.87768072e-01
    3.79265040e-01 6.86641991e-01 2.87929058e-01 4.49356943e-01
    3.43177408e-01 8.46656203e-01 7.17674851e-01 3.63888741e-01
    4.20238882e-01 4.09151614e-01 4.14389402e-01 2.64893472e-02
    5.80064356e-01 6.91288590e-01 6.58265710e-01 4.46574479e-01
    3.82193625e-02 3.92727256e-02 7.93225765e-02 8.04303408e-01
    3.88166845e-01 4.66523170e-01 7.10267186e-01 7.70535827e-01
    2.57427692e-01 6.19106412e-01 1.64707661e-01 1.20298743e-01
    5.27932107e-01 6.67273104e-01 6.82426631e-01 5.39646804e-01
    8.23535204e-01 5.83331585e-01 6.86819911e-01 7.40725160e-01
    6.13053739e-02 7.06286073e-01 9.79288638e-01 2.03616530e-01
    8.16896260e-02 1.57585919e-01 2.26296037e-01 6.96607828e-01
    6.56980872e-01 8.06536913e-01 6.59205079e-01 3.06725502e-04
    1.02084965e-01 1.08231157e-01 1.20154828e-01 8.43622446e-01
    4.53603327e-01 1.82340533e-01 2.97996104e-02 2.56934226e-01
    5.85610628e-01 3.47548187e-01 3.65092129e-01 6.26207471e-01
    3.59655380e-01 4.64703888e-01 7.95310259e-01 6.11111104e-01
    5.99425197e-01 5.82539082e-01 3.93178761e-02 1.36970013e-01
    3.80219907e-01 6.93567097e-01 6.00284696e-01 8.48890185e-01
    2.21025944e-02 1.95734471e-01 1.21704996e-01 7.85842896e-01
    4.26887631e-01 9.26299453e-01 3.00436318e-02 4.90730852e-01
    5.99639475e-01 2.82810330e-02 5.79951525e-01 8.56361747e-01
    2.31674343e-01 9.67376530e-01 6.07659221e-01 4.87745762e-01
    6.40134096e-01 8.02897930e-01 3.19384038e-01 4.79587168e-01
    3.22633207e-01 9.70040560e-01 8.52732539e-01 5.59233904e-01
    3.11648548e-01 2.82772779e-01 3.43797803e-02 5.45261204e-01
    1.30249977e-01 6.87228501e-01 2.37443745e-02 8.60848129e-01
    8.24594140e-01 9.59755659e-01 1.21510804e-01 7.70517707e-01
    9.30733919e-01 7.67053008e-01 4.17167306e-01 1.88036412e-01
    3.43691409e-01 1.16834998e-01 6.20631278e-02 8.72941017e-01
    1.36750489e-01 9.86963153e-01 4.60719526e-01 5.92796206e-02
    9.96597648e-01 4.99930352e-01 1.40348852e-01 7.22759247e-01
    5.88230193e-02 5.63707232e-01 7.15779245e-01 9.32060659e-01
    6.69724941e-01 4.58685428e-01 2.25499749e-01 3.52306128e-01
    3.23904961e-01 9.60822821e-01 2.45833248e-01 8.70621204e-03
    4.65608060e-01 4.68908042e-01 9.22315359e-01 9.31520581e-01
    6.22900426e-01 7.08146691e-01 2.20085293e-01 7.38466740e-01
    5.24093926e-01 3.23637366e-01 1.73137754e-01 6.53123856e-01
    3.87882203e-01 5.79577923e-01 5.48920274e-01 4.85861689e-01
    7.92197049e-01 2.49853462e-01 6.26823306e-02 8.51110339e-01
    2.13539898e-02 1.93338841e-01 7.44904697e-01 6.48338258e-01
    8.70081902e-01 1.66963369e-01 2.73107290e-01 8.77270699e-02
    7.75279760e-01 5.18111885e-02 2.80244172e-01 9.37088072e-01
    4.33695018e-01 2.44790435e-01 2.80589938e-01 2.70655990e-01
    9.55815434e-01 4.83964086e-02 7.40838587e-01 5.41613877e-01
    9.73874629e-01 8.94475937e-01 2.95796990e-03 9.54546988e-01
    5.38470745e-01 5.63544869e-01 7.96490312e-01 8.48641157e-01
    9.88023877e-01 9.58999515e-01 7.73053586e-01 3.70027304e-01
    7.23347425e-01 4.65655535e-01 1.96231097e-01 8.07715714e-01
    9.51561332e-02 3.19100380e-01 7.72351027e-01 3.23289633e-01
    1.27431065e-01 6.08773887e-01 7.64819682e-02 3.34863067e-01
    3.03258955e-01 4.33526784e-01 9.82491672e-02 2.19573021e-01
    1.37107521e-01 8.42242479e-01 7.94060051e-01 2.83358216e-01
    9.60013568e-01 5.31115234e-01 2.10439354e-01 9.78215337e-01
    1.29774719e-01 2.22550124e-01 7.49836564e-01 1.93814665e-01
    2.63468444e-01 1.43592685e-01 5.02183974e-01 5.58438182e-01
    8.39093685e-01 6.68249249e-01 4.62266773e-01 3.86763871e-01
    6.75372303e-01 9.05705690e-01 5.73059916e-01 8.20318460e-01
    8.99198234e-01 3.71520638e-01 4.28003609e-01 8.56264591e-01
    6.69929743e-01 5.43514252e-01 5.99748492e-01 2.84063339e-01
    9.04178023e-02 2.67481089e-01 4.19979781e-01 6.43764794e-01
    8.23939443e-01 8.14703345e-01 5.30515015e-02 6.19898140e-02
    4.08394665e-01 1.23864472e-01 3.86208713e-01 3.99496555e-01
    3.64158720e-01 6.36386633e-01 6.57297134e-01 6.94175124e-01
    4.86210883e-02 5.90443432e-01 4.17120099e-01 4.59400028e-01
    3.03168595e-01 3.10784280e-02 1.04049295e-01 4.50266063e-01
    2.76423395e-01 5.32968044e-01 1.35276049e-01 4.70872849e-01
    4.57676053e-02 3.54727834e-01 2.94098258e-03 7.41261780e-01
    1.61687464e-01 9.39698458e-01 2.40790755e-01 9.72835720e-02
    1.37053132e-01 7.53174007e-01 8.91715825e-01 8.56927752e-01
    4.60984617e-01 3.37965876e-01 4.27534640e-01 7.30421245e-01
    9.68631625e-01 4.56836760e-01 6.18695199e-01 4.12359536e-02
    2.51924187e-01 6.50469244e-01 2.78252333e-01 9.07450795e-01
    4.78655934e-01 7.39771128e-02 7.95686126e-01 8.74734759e-01
    7.26251006e-01 8.69574308e-01 9.08631980e-02 7.90157855e-01
    9.57128227e-01 3.57045293e-01 7.10561037e-01 1.75159633e-01
    5.83481371e-01 3.49924505e-01 1.80646300e-01 2.47296751e-01
    2.14368612e-01 8.02095771e-01 8.22577536e-01 9.59178686e-01
    1.88362122e-01 9.96139526e-01 8.63105536e-01 3.39373052e-01
    5.64557314e-03 1.70303881e-02 6.02438033e-01 9.32928801e-01
    8.95197570e-01 9.31896091e-01 9.97090220e-01 6.08784914e-01
    5.74642301e-01 1.03784114e-01 7.16653407e-01 6.48519516e-01
    4.14376318e-01 3.32609773e-01 8.37665856e-01 4.08077091e-01
    9.39619064e-01 2.44609326e-01 1.52961850e-01 2.27968186e-01
    2.44106948e-01 4.31552559e-01 5.95986187e-01 1.90600008e-01
    2.48284340e-01 4.57594514e-01 2.69283056e-02 6.52489066e-01
    4.05960351e-01 5.94501495e-01 9.70696092e-01 4.88433123e-01
    7.98609614e-01 5.89701593e-01 5.75454831e-01 3.42657745e-01
    9.83443439e-01 9.49865103e-01 3.34490895e-01 4.69514042e-01
    9.20311093e-01 3.14137340e-03 8.89695704e-01 8.17570329e-01
    6.12193167e-01 7.32415318e-01 7.69169927e-01 7.33198822e-02
    8.00009727e-01 3.06015313e-01 8.25814843e-01 2.83254683e-01
    7.49566495e-01 5.05993187e-01 5.66760182e-01 4.50834572e-01
    7.74297893e-01 6.15570843e-02 4.04229164e-01 4.29409921e-01
    7.29475975e-01 1.71005458e-01 4.68875289e-01 9.69378054e-01
    9.27248299e-01 2.40127861e-01 2.24780232e-01 9.65706348e-01
    3.62544060e-02 4.19324875e-01 7.68458366e-01 5.00234663e-01
    2.75581241e-01 7.15946734e-01 1.19119108e-01 4.57035303e-02
    8.05498958e-02 4.85992223e-01 3.51959407e-01 8.64076734e-01
    8.24622214e-01 6.77677333e-01 8.32022786e-01 8.30700636e-01
    4.23980147e-01 3.18363667e-01 6.66224062e-01 4.50771093e-01
    2.01743543e-01 5.61514378e-01 5.89465559e-01 1.34037077e-01
    7.45595932e-01 4.58633423e-01 9.89191532e-01 4.61578280e-01
    3.56464088e-02 9.33845758e-01 3.21344018e-01 6.90852463e-01
    4.99478102e-01 2.31362253e-01 6.77172780e-01 9.19299722e-01
    2.68072724e-01 8.91425073e-01 2.64049470e-02 7.97415495e-01
    9.89837646e-01 6.15954757e-01 8.78808677e-01 2.24258006e-01
    6.49712622e-01 3.05397451e-01 6.12645745e-01 8.46018672e-01
    8.70813489e-01 4.02114362e-01 4.90784794e-01 2.23966211e-01
    3.03020597e-01 6.06634736e-01 7.09861159e-01 5.53817749e-01
    2.00718194e-01 7.22870409e-01 1.10602200e-01 4.14073229e-01
    7.41755068e-02 6.58823252e-02 1.82349414e-01 6.06857598e-01
    3.56194258e-01 8.86161804e-01 6.64827049e-01 6.65792704e-01
    6.55619442e-01 4.45605814e-01 7.19484329e-01 4.88658369e-01
    8.28209758e-01 1.98960096e-01 8.12564373e-01 8.35952580e-01
    9.28997278e-01 7.38018155e-01 4.00112867e-01 1.24364734e-01
    1.34318084e-01 9.63974655e-01 6.48182392e-01 8.69412065e-01
    6.73718691e-01 9.94445086e-02 5.61760485e-01 5.49677491e-01
    9.46550727e-01 5.30322492e-02 4.86653447e-01 6.76725328e-01
    9.98027921e-01 4.76699978e-01 1.22638702e-01 4.87267047e-01
    4.99565035e-01 6.50309801e-01 3.87756824e-01 1.63761884e-01
    3.28318059e-01 2.17169523e-02 1.41705364e-01 4.96445447e-01
    7.12251723e-01 2.90757179e-01 9.57092524e-01 7.96984196e-01
    1.30622149e-01 4.63265479e-01 4.89297032e-01 6.06396854e-01
    9.09052730e-01 7.89991796e-01 6.80842638e-01 1.61661446e-01
    9.54958677e-01 4.77913916e-01 6.83151245e-01 3.97411525e-01
    5.17233968e-01 1.94580913e-01 8.82625580e-01 8.45321119e-02
    1.83042556e-01 6.91986918e-01 9.99067307e-01 6.21243477e-01
    6.04529262e-01 8.02987218e-01 6.20388031e-01 6.64110124e-01
    5.80263495e-01 9.48797345e-01 2.10562050e-02 7.07898557e-01
    6.10723138e-01 3.07509899e-01 2.44602919e-01 7.09813476e-01
    3.60370874e-01 4.62681144e-01 8.32277834e-01 4.28696722e-01
    9.72429752e-01 2.88829863e-01 1.12786770e-01 1.15541130e-01
    4.08925503e-01 4.06188309e-01 6.88903868e-01 1.53412223e-01
    4.09182936e-01 9.99507546e-01 9.74251270e-01 8.04206192e-01
    7.78359652e-01 1.70098215e-01 2.39165723e-02 3.58350158e-01
    9.50237632e-01 6.57049000e-01 4.61977839e-01 6.86870217e-01
    5.99634349e-01 4.35813665e-02 9.40429688e-01 5.56946754e-01
    8.75637054e-01 1.32676959e-02 5.81885517e-01 8.87805223e-02
    5.49710691e-01 8.93059611e-01 8.23407531e-01 2.76981115e-01
    3.79738212e-02 5.94279706e-01 8.79426479e-01 3.26553524e-01
    1.39707029e-02 1.24043018e-01 5.85277498e-01 7.48201728e-01
    8.13254356e-01 1.23861432e-02 2.06511021e-02 6.47860527e-01
    4.59871650e-01 4.59621787e-01 1.94840759e-01 5.31817436e-01
    9.29842710e-01 7.75428891e-01 5.88030159e-01 7.27986753e-01
    8.87798965e-01 8.51537585e-02 1.29812032e-01 6.62073195e-01
    6.94024324e-01 4.64613318e-01 3.07098776e-01 3.39179784e-01
    6.37656271e-01 7.45995522e-01 2.25141168e-01 2.83705056e-01
    9.21464562e-01 8.68608594e-01 9.15610671e-01 5.63342988e-01
    6.78942084e-01 6.88793957e-01 9.25864816e-01 1.75235838e-01
    1.43902659e-01 3.27844381e-01 2.25227416e-01 1.00701481e-01
    8.35028052e-01 2.46388614e-01 3.40337217e-01 7.27438509e-01
    5.46613038e-02 2.01445401e-01 3.84813964e-01 7.90397167e-01
    9.56164360e-01 6.39529705e-01 9.94345188e-01 9.79421258e-01
    5.28472483e-01 4.35077071e-01 5.19809008e-01 6.52526855e-01
    3.24380457e-01 3.71159166e-01 5.14541447e-01 7.75540650e-01
    1.72739595e-01 3.62045556e-01 8.35368752e-01 2.04489529e-02
    8.77378464e-01 7.86242664e-01 2.67473012e-01 7.26624787e-01
    5.59874356e-01 2.80762076e-01 9.29882288e-01 3.60290170e-01
    3.89346480e-01 2.96328545e-01 8.96494150e-01 6.47099614e-01
    2.41393149e-02 9.67915595e-01 3.22431624e-01 1.34433806e-01
    8.81085336e-01 9.35740471e-02 6.94820285e-01 4.59663004e-01
    3.65205705e-02 6.99430764e-01 4.48176563e-02 7.48693943e-03
    3.24725330e-01 9.02794540e-01 2.01809287e-01 4.82291877e-02
    9.58253503e-01 7.47781396e-01 9.41579640e-01 1.25600398e-02
    4.67187166e-02 3.35874557e-02 3.57782215e-01 9.26237226e-01
    9.78253722e-01 1.91313863e-01 2.41549760e-01 2.83020735e-01
    7.27178752e-01 3.29646409e-01 8.76715899e-01 5.34254372e-01
    6.77848101e-01 5.13381422e-01 9.10542130e-01 6.66983902e-01
    6.71627522e-02 3.53514969e-01 7.85448194e-01 8.89792800e-01
    6.23852134e-01 6.90317035e-01 4.04664755e-01 9.89796042e-01
    6.80044174e-01 8.63915265e-01 2.33511299e-01 3.07833314e-01
    6.87524080e-01 7.68152773e-01 8.34072948e-01 2.39363551e-01
    8.83298039e-01 2.45796800e-01 3.41395497e-01 4.04609442e-01
    6.31769896e-01 5.98604381e-01 7.70678461e-01 6.09268248e-01
    3.02885294e-01 9.77561116e-01 2.99339920e-01 3.29725713e-01
    4.15048242e-01 2.45306343e-01 1.65697962e-01 7.43855536e-02
    5.38220704e-02 8.36671114e-01 4.60768282e-01 7.28949785e-01
    8.63587379e-01 4.16660964e-01 5.91566861e-02 5.10892987e-01
    6.86792672e-01 9.67916906e-01 2.91196078e-01 3.21716934e-01
    2.64380276e-02 6.04482532e-01 8.89917612e-01 5.07870972e-01
    1.29251778e-01 8.28237593e-01 2.57111490e-02 1.88372761e-01
    6.23540580e-01 7.81651139e-01 1.73776120e-01 3.69078666e-01
    3.23477566e-01 1.61616236e-01 7.39483237e-01 9.96014655e-01
    2.91943550e-02 4.99076754e-01 3.10750723e-01 6.70627594e-01
    8.52332771e-01 8.28649282e-01 8.10594082e-01 4.93676841e-01
    6.29020751e-01 8.86312723e-01 1.10767394e-01 6.58983648e-01
    5.00769198e-01 5.44019103e-01 6.19491279e-01 6.84132218e-01
    6.47517502e-01 7.12721348e-01 2.23930895e-01 6.02317750e-01
    4.47864532e-02 8.68155956e-01 3.27405155e-01 7.22232401e-01
    7.17813075e-01 5.29329956e-01 2.58720636e-01 9.78556931e-01
    7.47080922e-01 8.02206635e-01 4.85375941e-01 8.18415701e-01
    3.68085116e-01 3.48869532e-01 2.14461297e-01 5.31970918e-01
    7.72583663e-01 9.91794586e-01 5.02546430e-01 6.60855472e-02
    7.15363979e-01 3.56094122e-01 4.08715457e-01 7.16162443e-01
    8.13783228e-01 9.46559906e-01 1.23388767e-02 6.77382588e-01
    5.43592453e-01 9.99621153e-02 2.73707449e-01 4.33043361e-01
    8.21618736e-02 6.09121740e-01 6.28535748e-01 6.63950205e-01
    6.53709650e-01 2.26109624e-02 2.54515707e-01 3.27455699e-02
    9.00216222e-01 2.72653639e-01 2.78045356e-01 9.55572128e-02
    2.94677615e-02 4.51768726e-01 3.56248021e-01 7.71285295e-01
    7.88841009e-01 3.43664706e-01 7.43473589e-01 2.20162064e-01
    1.42162144e-01 8.15863013e-01 1.26584917e-01 6.61704183e-01
    9.16624248e-01 2.47211695e-01 5.95772386e-01 3.05066288e-01
    3.51003826e-01 4.80156302e-01 6.28889203e-02 8.49960446e-01
    7.37347603e-01 5.28676927e-01 9.71896231e-01 9.81546223e-01
    5.04619360e-01 7.74464786e-01 1.64688170e-01 1.96838379e-03
    6.57285810e-01 8.85950446e-01 7.67226100e-01 8.18916321e-01
    7.90986180e-01 5.72790027e-01 6.15019679e-01 5.60485244e-01
    9.37736154e-01 6.07411861e-01 8.20935965e-02 5.10782421e-01
    6.17141485e-01 7.71555901e-01 4.38921928e-01 3.65798742e-01
    8.89323473e-01 1.77723974e-01 5.83081603e-01 3.34795892e-01
    6.22589350e-01 2.10949212e-01 5.03759027e-01 5.21748960e-01
    3.14344764e-02 7.17386484e-01 2.37236679e-01 2.41878688e-01
    4.92628485e-01 7.43133903e-01 1.77071214e-01 9.78564620e-01
    6.39227509e-01 2.65212357e-01 9.10100996e-01 3.58888745e-01
    1.04823261e-01 2.22798586e-01 3.81081849e-01 7.85888553e-01
    9.77749109e-01 4.22157049e-02 1.82777107e-01 3.30835283e-02
    8.40320945e-01 8.34924340e-01 4.01208699e-02 9.35455441e-01
    2.05296963e-01 5.54683149e-01 1.41511410e-01 4.29178894e-01
    9.07943487e-01 3.24991018e-01 7.46328890e-01 1.08962923e-01
    3.79747152e-01 7.86951184e-01 5.52340209e-01 2.10263789e-01
    5.57238519e-01 6.17851138e-01 6.24310374e-01 2.24234283e-01
    2.18202531e-01 9.26208675e-01 2.11174965e-01 5.11812687e-01
    6.85002387e-01 9.06045079e-01 6.59726620e-01 3.91982675e-01
    6.57137215e-01 1.92945898e-01 3.89756531e-01 6.83830619e-01
    3.63249838e-01 1.87320411e-01 2.55955458e-02 5.25739789e-03
    9.12867665e-01 3.44385803e-02 7.81299829e-01 6.49480522e-01
    8.85815322e-01 2.29890645e-01 1.13829970e-01 2.17213303e-01
    3.51142764e-01 3.49492490e-01 8.88586223e-01 5.42316437e-02
    8.62043738e-01 7.49784112e-02 2.88946301e-01 1.21178746e-01
    1.62515938e-02 7.21967697e-01 2.55333662e-01 5.93874454e-01
    4.86660302e-02 7.64033377e-01 3.47799152e-01 1.38719559e-01
    6.56210661e-01 3.81059527e-01 8.51073563e-02 4.23710048e-01
    4.20695305e-01 9.56431627e-01 6.62822843e-01 7.73349285e-01
    4.86014426e-01 4.39814627e-02 8.18020225e-01 5.38687825e-01
    3.92139554e-01 6.61329567e-01 7.96563745e-01 1.13914132e-01
    9.28024888e-01 4.77114320e-03 1.30150735e-01 6.88857734e-01
    5.44989228e-01 8.82214546e-01 2.74260998e-01 3.92760664e-01
    6.04078650e-01 8.36621940e-01 8.45402598e-01 7.84514666e-01
    7.73484468e-01 8.95532250e-01 5.97311854e-01 3.79651397e-01
    5.74649632e-01 5.15357852e-01 3.27242017e-01 2.00800955e-01
    2.41418093e-01 3.63133073e-01 7.59406567e-01 5.90457737e-01
    3.51211786e-01 3.78754944e-01 3.27028275e-01 2.47774482e-01
    4.55211788e-01 5.30715466e-01 8.85673702e-01 5.62392354e-01
    3.25093329e-01 1.24341995e-01 3.58013421e-01 6.56939626e-01
    1.98796391e-01 4.78310019e-01 4.52967584e-02 9.21317041e-01
    2.95646369e-01 3.00972253e-01 7.60429144e-01 8.02566409e-02
    4.18885857e-01 8.94385219e-01 6.14692092e-01 4.00844634e-01
    5.16496539e-01 1.09654367e-02 5.94231486e-03 9.75932837e-01
    8.42732549e-01 8.64114165e-02 7.91823149e-01 7.85289586e-01
    9.50816810e-01 5.02089798e-01 7.27687478e-01 3.66610795e-01
    2.66190410e-01 2.02566087e-02 3.02207083e-01 7.00836062e-01
    8.72766137e-01 6.13648236e-01 4.51606512e-02 4.34637070e-01
    5.63715875e-01 6.84111714e-01 2.63177454e-02 4.10880268e-01
    1.94760621e-01 1.87334329e-01 6.49021149e-01 6.51629806e-01
    5.40697038e-01 5.02994299e-01 6.78122401e-01 6.25340223e-01
    5.84318101e-01 2.39692628e-01 9.27515328e-02 5.22000968e-01
    4.18493330e-01 5.70169330e-01 1.94593281e-01 6.83903098e-02
    9.56314266e-01 6.67212725e-01 9.41562533e-01 3.28719139e-01
    6.68186426e-01 5.09192288e-01 3.34596962e-01 7.44736075e-01
    3.43173146e-02 9.28525150e-01 2.26144105e-01 1.78011000e-01
    1.91519201e-01 1.01923376e-01 6.82083666e-02 5.66431105e-01
    8.76822114e-01 4.75768209e-01 6.82527602e-01 8.73342156e-03
    1.33392513e-01 1.30107462e-01 2.27636993e-02 2.31837332e-02
    6.39873266e-01 1.93794429e-01 3.38547111e-01 5.65796494e-01
    1.57437652e-01 6.57258272e-01 3.96280110e-01 5.45505762e-01
    8.27658415e-01 2.72766650e-02 1.87755823e-02 7.98983455e-01
    6.57036841e-01 6.20858550e-01 8.52318108e-02 3.51920843e-01
    3.05322111e-01 7.74486005e-01 1.19462013e-01 1.49213463e-01
    7.88735449e-01 9.57487226e-01 7.71893382e-01 3.45553815e-01
    8.33644211e-01 3.21847916e-01 7.26273715e-01 6.79380000e-02
    9.49777961e-02 1.60674900e-01 3.64549756e-01 5.13681948e-01
    4.25314844e-01 8.06642294e-01 6.87330782e-01 6.00058377e-01
    1.45702869e-01 2.11157262e-01 8.50870848e-01 4.97219056e-01
    9.57481563e-02 5.36029577e-01 6.42065406e-01 2.58637249e-01
    8.70895326e-01 1.55529082e-01 3.06319296e-01 6.81346893e-01
    4.31985319e-01 9.96768832e-01 4.94948447e-01 8.50512266e-01
    6.03563309e-01 6.99285805e-01 7.53857374e-01 5.61638117e-01
    1.24490321e-01 3.58676940e-01 2.07546353e-01 3.55850041e-01
    6.99390888e-01 5.86291194e-01 8.48627985e-02 5.78419387e-01
    8.29895020e-01 4.90103990e-01 7.38466918e-01 4.04948115e-01
    6.09842539e-02 8.92778873e-01 4.97490883e-01 1.57138556e-01
    6.26111925e-01 6.35382235e-02 3.66375566e-01 2.58632302e-02
    2.61638224e-01 8.09988856e-01 3.14778626e-01 5.86238086e-01
    5.46775579e-01 9.28165317e-01 5.34219682e-01 9.54759836e-01
    2.21363574e-01 7.80605376e-01 4.18427885e-02 9.27271843e-02
    7.87834108e-01 5.29564798e-01 9.80368435e-01 6.76100194e-01
    7.77603507e-01 5.24055064e-02 1.82565778e-01 1.27938777e-01
    2.67917573e-01 9.40744638e-01 9.74394977e-01 2.04649597e-01
    1.43594265e-01 9.75059509e-01 8.27325106e-01 9.27699924e-01
    3.86234224e-01 3.94841820e-01 5.10950863e-01 6.80332482e-01
    4.58468497e-01 9.26097691e-01 7.98062146e-01 7.03936160e-01
    9.59459543e-01 5.74598849e-01 3.94060910e-01 4.54884768e-01
    8.23195934e-01 6.44469500e-01 7.24191070e-02 8.99112701e-01
    9.11855459e-01 1.37594789e-01 2.59532094e-01 8.58758807e-01
    8.45207512e-01 2.71792263e-01 9.92484570e-01 4.73037630e-01
    8.53095293e-01 3.96117687e-01 8.89412642e-01 3.56283784e-01
    8.80454898e-01 1.48048490e-01 8.69518518e-02 8.79859090e-01
    7.67733097e-01 8.80953908e-01 4.09049988e-02 5.88150144e-01
    8.36176038e-01 8.27643991e-01 8.65826905e-02 7.86204875e-01
    2.16248304e-01 5.22352099e-01 8.73606682e-01 4.80100811e-02
    6.26498818e-01 2.80009687e-01 9.92476523e-01 4.51351225e-01
    1.67426467e-03 9.77816224e-01 3.62161458e-01 9.33176041e-01
    6.97981954e-01 6.24005318e-01 2.15142578e-01 4.53370810e-02
    4.75042254e-01 2.93335915e-01 4.44177687e-02 9.88610685e-02
    7.24547148e-01 4.48366135e-01 7.37704754e-01 4.80030715e-01
    7.42870569e-03 9.87453103e-01 8.36510897e-01 9.55391288e-01
    4.03256685e-01 7.99511075e-01 3.96791399e-02 5.95211029e-01
    2.24151760e-01 8.06871355e-01 3.69251698e-01 7.34617710e-01
    9.32097077e-01 7.62647688e-01 2.18002617e-01 6.77097321e-01
    1.94191694e-01 5.70895016e-01 5.70218444e-01 6.75039053e-01
    7.51850486e-01 7.64420629e-01 2.03011185e-01 7.81643689e-02
    1.42658681e-01 3.22388858e-01 9.20534968e-01 3.44574362e-01
    2.81490982e-02 3.18247855e-01 1.52976513e-01 9.67936039e-01
    8.59727502e-01 3.40866566e-01 7.83093810e-01 3.61568451e-01
    2.00075179e-01 1.60752743e-01 2.62509406e-01 2.06856340e-01
    6.82675004e-01 1.03325605e-01 1.80777907e-01 2.27587819e-02
    7.64037728e-01 9.13314283e-01 4.98211473e-01 6.57856107e-01
    5.06705105e-01 4.16633159e-01 1.75082296e-01 2.73941010e-01
    9.86207485e-01 4.91616428e-01 1.06321096e-01 2.96906114e-01
    2.77555197e-01 1.21332794e-01 7.26925313e-01 1.74174130e-01
    2.45265424e-01 5.28017640e-01 7.66467690e-01 2.77340531e-01
    7.37208545e-01 1.85873359e-01 4.32544470e-01 5.73703647e-01
    6.45866632e-01 4.78909463e-01 3.39145243e-01 4.98215079e-01
    8.69863212e-01 7.22373128e-02 1.95079267e-01 6.85673356e-02
    2.21736044e-01 8.35516453e-02 2.00214416e-01 6.59081697e-01
    8.07092786e-02 8.44700098e-01 5.62707663e-01 8.10132265e-01
    2.21144766e-01 7.72707343e-01 3.44879925e-01 1.38805240e-01
    4.10962105e-02 6.99346900e-01 9.44283724e-01 7.61271238e-01
    1.06639892e-01 1.46101713e-01 8.22238564e-01 5.90622842e-01
    2.44943261e-01 1.41152650e-01 7.93191791e-01 4.36458021e-01
    9.55257237e-01 1.77357644e-01 8.06998968e-01 2.61739135e-01
    7.00108290e-01 8.51435423e-01 5.86427271e-01 9.65343475e-01
    3.06369066e-01 9.76569355e-02 7.63546228e-02 6.79799974e-01
    2.39096761e-01 1.82658821e-01 9.73078251e-01 2.52286494e-02
    6.03232682e-01 7.69361019e-01 3.75226676e-01 4.55718219e-01
    4.30570900e-01 2.34592587e-01 5.20286858e-02 8.73443544e-01
    9.55699086e-01 3.13378543e-01 9.52077806e-02 5.69797397e-01
    1.29604608e-01 6.77402139e-01 7.81555414e-01 3.01221400e-01
    4.62644398e-01 4.29953694e-01 4.43298370e-01 1.23014718e-01
    2.58158565e-01 6.10485196e-01 6.11389816e-01 7.04875827e-01
    3.92530769e-01 6.74184561e-01 2.49862909e-01 5.24737954e-01
    7.36964524e-01 7.00096786e-01 5.55461764e-01 8.73688579e-01
    4.40754622e-01 6.37302279e-01 8.93305600e-01 2.28283793e-01
    2.04750896e-03 2.33519256e-01 1.63934797e-01 2.98393488e-01
    8.54434609e-01 2.79755920e-01 7.93104053e-01 3.11004639e-01
    1.49254382e-01 7.43307352e-01 1.92182392e-01 1.72515124e-01
    2.56152689e-01 6.74113929e-01 6.14213586e-01 9.32054162e-01
    8.26559544e-01 5.87913752e-01 5.37513018e-01 3.57639432e-01
    4.88517761e-01 9.84866738e-01 2.54615247e-01 8.93453240e-01
    5.73037922e-01 8.35880876e-01 8.59568536e-01 9.68825519e-01
    7.36864448e-01 9.18808937e-01 7.24355161e-01 2.51642287e-01
    2.29518414e-02 7.66679406e-01 7.97888160e-01 3.34203899e-01
    1.64125085e-01 4.80539441e-01 6.37684464e-02 2.05716938e-01
    6.98046207e-01 8.07114303e-01 1.56817943e-01 3.60070527e-01
    3.30277979e-02 4.93636727e-02 3.72394949e-01 4.78222877e-01
    8.22837114e-01 8.72557163e-01 4.19635177e-01 8.82098913e-01
    2.54646182e-01 9.33374524e-01 8.73993993e-01 7.76664197e-01
    3.89726579e-01 2.83286542e-01 3.39095771e-01 1.28169328e-01
    5.21781325e-01 7.86943793e-01 1.26653910e-02 5.68826139e-01
    1.75224215e-01 7.26687253e-01 3.84382755e-01 1.60554051e-03
    3.63784194e-01 6.69005871e-01 7.27528334e-03 2.31202453e-01
    6.88008964e-02 6.17956400e-01 2.68284619e-01 6.50493920e-01
    1.64631158e-01 4.76015508e-02 6.72858179e-01 3.25460583e-01
    3.32650632e-01 7.90146351e-01 1.27950937e-01 4.89643157e-01
    9.10627663e-01 5.12784719e-02 2.59075850e-01 7.23769546e-01
    7.54598081e-02 4.19557720e-01 3.77436936e-01 2.88387954e-01
    9.13724065e-01 2.28256196e-01 7.13859022e-01 6.42711282e-01
    5.71346700e-01 3.84536356e-01 6.86704636e-01 3.42159957e-01
    3.69195521e-01 3.38921875e-01 8.86557043e-01 8.51722538e-01
    3.01994205e-01 6.08609676e-01 8.21531892e-01 5.55777133e-01
    3.68811101e-01 7.39639819e-01 5.69007576e-01 4.68569696e-01
    9.15616632e-01 8.44398856e-01 7.95803785e-01 1.15473568e-01
    4.11697507e-01 9.78924632e-01 1.86093390e-01 9.56852734e-02
    5.55508852e-01 1.35094643e-01 3.63261938e-01 6.45796835e-01
    2.79328823e-02 9.38141227e-01 7.23488331e-01 8.04940224e-01
    1.57081395e-01 8.03531170e-01 3.48225772e-01 4.08898771e-01
    9.14110065e-01 6.22231126e-01 8.18955243e-01 7.30101287e-01
    6.58982456e-01 6.33773327e-01 2.82831371e-01 6.49579585e-01
    4.10232842e-02 5.85759521e-01 3.21602583e-01 4.64986086e-01
    8.61089706e-01 1.29180193e-01 8.28813970e-01 9.41037595e-01
    9.51853395e-03 4.73294914e-01 6.56449854e-01 9.54562902e-01
    9.49588299e-01 7.97090411e-01 4.92278636e-02 5.30192256e-03
    3.81218731e-01 6.23074353e-01 9.30066645e-01 1.14444524e-01
    5.53308845e-01 5.70127845e-01 8.42191458e-01 9.31673408e-01
    2.53589988e-01 3.11101377e-02 8.46420228e-02 9.10588264e-01
    8.69192481e-01 1.99714243e-01 6.14242613e-01 2.02378333e-01
    4.73715067e-02 4.64769006e-02 1.78538561e-02 8.53737593e-01
    3.63823533e-01 4.27414656e-01 5.14824986e-02 9.49954391e-01
    3.45662951e-01 9.18099880e-01 4.69590187e-01 5.00098765e-01
    9.93534565e-01 3.52768183e-01 2.27830589e-01 1.76912367e-01
    2.48237759e-01 3.12208831e-02 4.00688469e-01 3.46814305e-01
    1.53944284e-01 1.10535860e-01 7.95527220e-01 7.32777596e-01
    8.59653592e-01 8.39073300e-01 1.28698438e-01 3.58628482e-01
    2.72183061e-01 3.96175206e-01 6.90179229e-01 7.82434165e-01
    8.46479595e-01 9.16077554e-01 3.09162736e-02 5.74687719e-02
    5.77857733e-01 9.25230145e-01 8.27833712e-02 8.63385916e-01
    8.22039723e-01 7.59207547e-01 9.94530022e-02 1.11400574e-01
    1.74560666e-01 8.80725741e-01 3.09004188e-02 2.20832109e-01
    8.42497051e-01 3.60053480e-02 7.42393374e-01 4.57222164e-01
    6.88235760e-01 8.27782035e-01 1.23678952e-01 3.29259634e-02
    2.86405385e-02 8.21810961e-01 1.57355785e-01 3.66524845e-01
    9.39313889e-01 8.60564947e-01 1.91165090e-01 1.95609957e-01
    9.17742312e-01 8.84662747e-01 8.37555528e-03 5.57775617e-01
    1.37520522e-01 3.69934440e-02 9.12456632e-01 4.64910507e-01
    5.32187402e-01 8.30157518e-01 2.93222815e-01 9.83650625e-01
    6.95917249e-01 2.92641521e-02 2.75281489e-01 2.66511112e-01
    7.14635909e-01 5.07359147e-01 8.97232652e-01 5.23185134e-01
    7.89766550e-01 3.07843089e-02 9.49567258e-01 8.60126853e-01
    1.21574223e-01 3.68520141e-01 2.39931554e-01 3.47429812e-01
    9.52639818e-01 9.56919909e-01 7.98800290e-01 7.08328903e-01
    4.44913507e-02 5.03396213e-01 2.81086862e-01 4.62957323e-02
    9.83643413e-01 7.29756057e-02 5.69158673e-01 5.90863705e-01
    7.53560185e-01 4.48772013e-02 4.19341832e-01 4.63363111e-01
    4.13766205e-02 9.94774222e-01 7.18490541e-01 4.02103305e-01
    1.66735351e-02 3.34362924e-01 9.56719756e-01 6.56932235e-01
    8.63041222e-01 2.41694868e-01 2.43503928e-01 9.40896213e-01
    1.51900709e-01 1.25735462e-01 7.62869239e-01 8.44952524e-01
    7.45068014e-01 5.34794152e-01 8.60092580e-01 3.47841740e-01
    7.20323384e-01 5.08343577e-01 4.66832399e-01 1.26152664e-01
    2.68737286e-01 7.02350736e-01 8.57246697e-01 3.92556906e-01
    5.79083443e-01 5.45120955e-01 4.33053076e-02 9.52416658e-01
    6.60630226e-01 7.97797620e-01 9.98959184e-01 9.61449862e-01
    9.13329422e-01 8.56523275e-01 1.71406418e-01 3.52481604e-01
    1.60572380e-01 7.63328791e-01 6.69425607e-01 7.58350611e-01
    9.54500794e-01 7.76504278e-02 1.38497055e-01 2.36318022e-01
    2.25380599e-01 9.03803587e-01 6.60534739e-01 3.27091932e-01
    2.16871202e-02 8.82455707e-01 2.48063087e-01 6.84418142e-01
    7.45531917e-01 8.21015716e-01 8.53505075e-01 7.17543781e-01
    2.80218154e-01 5.03760517e-01 8.45436156e-02 6.93589687e-01
    1.23558164e-01 8.29173326e-01 9.55902934e-01 4.98049676e-01
    4.54343200e-01 4.27575409e-01 9.00239766e-01 2.15222716e-01
    1.87800586e-01 7.35188723e-02 7.42958605e-01 5.30158162e-01
    4.50613737e-01 3.01171213e-01 3.23896706e-01 5.88333666e-01
    2.75644869e-01 5.91136813e-02 5.13181090e-01 8.10096741e-01
    2.69450963e-01 2.74289370e-01 6.28902256e-01 2.21580982e-01
    9.05221999e-01 8.20045888e-01 1.04152381e-01 9.33322906e-01
    6.96501017e-01 5.42313516e-01 7.46606469e-01 7.19527483e-01
    5.96972287e-01 3.62557620e-01 8.75260711e-01 2.17140615e-02
    3.91366929e-01 9.74981427e-01 2.21231967e-01 1.19399935e-01
    5.80059469e-01 2.34180331e-01 5.46393514e-01 5.85674882e-01
    6.40582919e-01 8.74057233e-01 2.01608241e-01 6.05881095e-01
    3.78184557e-01 1.48544550e-01 7.17517316e-01 9.62160945e-01
    5.68324566e-01 6.81205034e-01 7.51633883e-01 3.99247646e-01
    2.36990005e-01 5.23049414e-01 5.97275794e-01 6.66976869e-02
    6.20714486e-01 5.36091268e-01 3.90655756e-01 7.82787442e-01
    5.93850017e-01 4.34465706e-02 1.88169092e-01 9.97860849e-01
    9.63547111e-01 7.20651627e-01 5.75103998e-01 9.75295186e-01
    7.32716918e-01 8.84612918e-01 4.97422993e-01 9.75081623e-01
    8.50184560e-01 3.17100555e-01 4.42738265e-01 7.24621773e-01
    8.73427987e-01 1.91668451e-01 7.46830165e-01 4.26955879e-01
    8.22116971e-01 4.40002620e-01 3.76408815e-01 1.89123422e-01
    5.12541592e-01 3.81151855e-01 9.40123498e-01 1.23955071e-01
    3.52232277e-01 5.94964027e-01 1.50100052e-01 7.35099673e-01
    2.19403177e-01 6.28280461e-01 9.41199362e-02 2.31937706e-01
    9.38985467e-01 7.00570703e-01 5.51302850e-01 3.86376768e-01
    7.84111202e-01 8.93327832e-01 9.98508811e-01 9.96877491e-01
    4.90738422e-01 4.07652557e-01 4.62120831e-01 9.63479698e-01
    6.41771972e-01 5.32865584e-01 1.93741679e-01 1.95233285e-01
    3.30735534e-01 6.60722256e-01 7.30513334e-02 9.90207791e-01
    7.21395195e-01 6.52603388e-01 1.11527890e-01 7.45913982e-01
    9.90683913e-01 2.10732937e-01 6.68349266e-01 6.07280731e-01
    8.80630732e-01 3.41570050e-01 5.57324767e-01 6.97792053e-01
    9.99108732e-01 3.45591724e-01 5.91302931e-01 5.61718225e-01
    8.97343457e-01 8.76869261e-01 9.87302065e-01 5.45455575e-01
    5.51336169e-01 2.55462170e-01 1.75872326e-01 2.40604907e-01
    4.16487753e-01 4.91716951e-01 4.74454761e-02 9.69545722e-01
    9.05803144e-02 8.73727918e-01 9.22700524e-01 8.04953694e-01
    3.39266062e-01 3.17311585e-01 9.56735849e-01 7.91891217e-01
    4.90320504e-01 4.90714967e-01 2.76359916e-02 5.27984738e-01
    9.37385082e-01 7.33745575e-01 2.23665148e-01 3.10566664e-01
    7.99420714e-01 7.92646885e-01 5.91322362e-01 1.08798385e-01
    1.69499606e-01 2.83612192e-01 7.33573735e-01 4.74031180e-01
    5.36197484e-01 3.29718053e-01 3.41634631e-01 6.34183407e-01
    7.37519741e-01 8.57486248e-01 9.41357136e-01 5.35723209e-01
    3.13624173e-01 9.15933609e-01 8.83985996e-01 1.81021392e-01
    9.72184539e-01 8.56065929e-01 7.81536460e-01 6.45914972e-01
    1.26018196e-01 3.01170647e-01 6.88502073e-01 3.74463946e-01
    2.03186393e-01 5.65097511e-01 6.37286484e-01 8.81756067e-01
    8.46929073e-01 1.39540285e-01 8.39635015e-01 4.04015720e-01
    6.32340610e-01 7.21078873e-01 5.12287378e-01 6.19555175e-01
    2.67581880e-01 7.25275218e-01 3.80520105e-01 5.07497847e-01
    7.17036963e-01 4.04908568e-01 2.69115686e-01 3.45031232e-01
    3.48420024e-01 1.49794877e-01 2.91365683e-02 9.29631770e-01
    5.86029291e-01 4.49702054e-01 9.93127108e-01 7.36914515e-01
    8.09414983e-01 8.01426053e-01 6.42647326e-01 5.80453515e-01
    3.84132832e-01 8.95107210e-01 5.77016473e-01 6.46665990e-01
    3.23634923e-01 7.82931447e-02 9.96843815e-01 9.09556150e-01
    8.94401014e-01 7.97966123e-03 6.12308085e-01 5.07405877e-01
    1.32944405e-01 2.70289242e-01 5.70218265e-02 2.35659271e-01
    1.00811362e-01 7.58473277e-01 2.41996497e-01 1.17418826e-01
    9.22984183e-01 3.62348348e-01 3.96789789e-01 1.66866541e-01
    4.90367502e-01 5.14142036e-01 6.61313653e-01 2.28304774e-01
    9.93926764e-01 1.81807399e-01 9.40708816e-02 2.30741858e-01
    5.11711240e-01 6.43050015e-01 6.04523778e-01 6.50132358e-01
    9.74540889e-01 3.33675802e-01 3.42112899e-01 8.74511659e-01
    2.57426798e-01 7.05702484e-01 2.40003467e-02 7.94998586e-01
    1.25610173e-01 1.93398595e-01 3.12244654e-01 5.88008285e-01
    6.81687236e-01 1.66107267e-01 2.24813402e-01 7.90994167e-02
    2.24444985e-01 4.89868462e-01 7.40327835e-01 4.85691994e-01
    6.85079515e-01 7.35783517e-01 7.83171773e-01 5.93855977e-02
    6.71378314e-01 6.50709569e-01 1.78973943e-01 6.63459480e-01
    3.26688766e-01 7.64573812e-02 6.83345079e-01 8.23782444e-01
    9.95382667e-01 7.85767317e-01 5.80884635e-01 1.77093893e-01
    3.68028998e-01 5.16712546e-01 6.62266612e-01 5.18376470e-01
    5.88822067e-02 9.33749318e-01 3.26700270e-01 6.99690163e-01
    4.20501411e-01 7.96717823e-01 2.15100735e-01 9.40559030e-01
    4.40627337e-04 8.02507639e-01 1.35474533e-01 3.18688601e-01
    3.24055940e-01 5.06614625e-01 5.91328502e-01 3.05759013e-02
    7.02878535e-01 7.73928761e-01 6.12528682e-01 2.46470302e-01
    7.68006325e-01 2.85239458e-01 7.22895324e-01 5.72312057e-01
    1.87799513e-01 9.93187964e-01 3.79797578e-01 3.32183838e-01
    3.30201209e-01 4.71249282e-01 3.78297836e-01 4.39146191e-01
    5.98802626e-01 7.87565947e-01 5.33435941e-01 5.44575036e-01
    3.66183937e-01 6.85964704e-01 8.59141290e-01 5.09494841e-02
    4.63357329e-01 3.94581199e-01 5.08396983e-01 4.89528954e-01
    9.59285975e-01 8.53827059e-01 1.10158265e-01 3.80611807e-01
    7.01170444e-01 2.56922543e-01 9.80625749e-01 1.37317330e-01
    9.66696858e-01 6.19817197e-01 4.51539099e-01 4.86833274e-01
    1.16294324e-01 7.23983765e-01 7.11458445e-01 3.50225568e-01
    2.30644971e-01 5.51449358e-01 2.70475537e-01 4.41687733e-01
    7.64346838e-01 9.15722370e-01 2.03711390e-02 2.83056289e-01
    8.76617432e-01 6.85929894e-01 4.51992750e-01 1.61186248e-01
    6.71495676e-01 3.42167884e-01 4.67604369e-01 9.46092904e-02
    5.48838198e-01 7.58709431e-01 2.06146240e-01 7.46711254e-01
    6.19166076e-01 7.22080469e-03 4.15019721e-01 9.07165527e-01
    1.46615326e-01 5.74576855e-01 7.53071189e-01 3.77116740e-01
    1.44812733e-01 8.08160305e-01 8.08938503e-01 3.04435253e-01
    8.01880062e-01 4.62147176e-01 8.47729564e-01 7.93453097e-01
    6.26484215e-01 1.01406544e-01 1.74229115e-01 7.79721797e-01
    7.81616569e-02 4.64826077e-01 3.84398878e-01 1.18493915e-01
    8.08353186e-01 3.94477218e-01 3.51659447e-01 1.87865496e-01
    1.50459975e-01 7.75462508e-01 2.09572881e-01 7.52155006e-01
    3.31497014e-01 1.46916837e-01 9.80972290e-01 6.07251823e-01
    2.45456398e-01 1.51157469e-01 4.24418956e-01 9.51786876e-01
    7.68886328e-01 3.55479121e-02 3.06235671e-01 8.10502410e-01
    5.36710262e-01 1.94532365e-01 9.22435641e-01 8.82040501e-01
    3.04004490e-01 8.84584129e-01 9.11785781e-01 7.01579988e-01
    9.15655255e-01 7.62636840e-01 4.64386642e-02 3.29118550e-01
    1.24182314e-01 8.81101489e-02 1.71014607e-01 7.63445735e-01
    4.21265304e-01 6.46978080e-01 2.10915357e-01 4.64497149e-01
    1.36745125e-01 7.31068015e-01 5.71270525e-01 8.18423271e-01
    7.76745915e-01 6.52168989e-01 2.84427047e-01 5.72512507e-01
    7.58267045e-01 7.21031249e-01 8.67637992e-03 3.32573086e-01
    8.02468300e-01 8.28295350e-01 8.19732547e-01 6.80880547e-02
    5.31108737e-01 7.53597975e-01 2.44364649e-01 4.01438266e-01
    3.91691536e-01 8.30802917e-01 2.50498831e-01 6.18931115e-01
    4.34972227e-01 6.43094540e-01 6.75386429e-01 3.51458430e-01
    2.63109088e-01 8.50182950e-01 7.85933554e-01 4.94857281e-01
    5.39253950e-01 8.59010816e-01 7.17042565e-01 9.00180221e-01
    7.43550837e-01 5.95963120e-01 7.90491521e-01 9.95778263e-01
    8.97001088e-01 5.70334435e-01 7.14605153e-02 5.48007786e-02
    7.48973548e-01 7.43521452e-01 8.34329009e-01 3.15414280e-01
    9.50072527e-01 9.62304473e-01 3.57035279e-01 8.75683844e-01
    7.62010276e-01 7.60314226e-01 4.17503536e-01 4.95821148e-01
    1.42658919e-01 5.34785271e-01 7.46179700e-01 8.27047586e-01
    6.13430738e-01 1.86141461e-01 3.12197983e-01 4.93635029e-01
    8.14895093e-01 3.76669466e-02 2.59834588e-01 8.71867776e-01
    5.88115156e-01 9.65416908e-01 2.61801004e-01 7.47220397e-01
    7.49714017e-01 3.51569593e-01 3.59374434e-01 4.75768298e-01
    6.89681172e-02 6.60926998e-01 7.06998944e-01 7.34450579e-01
    2.82126129e-01 8.42986107e-01 5.39437473e-01 4.81439710e-01
    6.75747693e-01 3.24078649e-01 9.95046794e-02 3.32671493e-01
    8.07476401e-01 3.95685703e-01 8.13375473e-01 5.60906351e-01
    9.10073876e-01 3.20482850e-01 4.54281718e-01 3.67674172e-01
    3.98130834e-01 3.87853384e-03 9.13215578e-02 6.69474006e-01
    2.86396503e-01 6.48421884e-01 6.61140859e-01 7.65704393e-01
    7.54925489e-01 9.49969172e-01 3.71934116e-01 5.39517701e-01
    4.84637231e-01 2.34259307e-01 8.02986205e-01 5.05620480e-01
    4.07945663e-01 6.49346411e-01 4.71964777e-02 2.66795218e-01
    4.28648353e-01 7.64518738e-01 9.36570346e-01 5.10064125e-01
    5.87242186e-01 7.98558950e-01 1.89010918e-01 9.28924203e-01
    9.69602585e-01 6.18084133e-01 9.11331773e-01 8.91032875e-01
    4.37786281e-01 4.39610362e-01 7.89315224e-01 7.53829360e-01
    6.99901879e-01 8.10724735e-01 3.95466238e-01 9.83626127e-01
    2.41402894e-01 7.40055561e-01 4.55806881e-01 2.77767837e-01
    1.51228666e-01 8.25539887e-01 3.24454963e-01 7.99539089e-01
    3.68548453e-01 3.59646320e-01 5.48609853e-01 6.82021737e-01
    8.65329623e-01 1.07912958e-01 2.93719590e-01 2.81982332e-01
    9.82357264e-02 6.33377671e-01 8.35140109e-01 8.04692745e-01
    7.21000910e-01 7.21276045e-01 6.84993565e-02 4.75567579e-03
    1.03063047e-01 4.60118443e-01 8.36188912e-01 8.87341201e-01
    5.52988529e-01 2.65236139e-01 7.41986275e-01 5.04638255e-01
    3.22658122e-02 8.66228104e-01 7.25682974e-01 1.55714929e-01
    1.08276099e-01 9.57821488e-01 9.79511499e-01 6.33508205e-01
    7.03009725e-01 6.69369102e-03 1.66535258e-01 1.34994358e-01
    3.30814242e-01 4.42866385e-01 7.21864760e-01 1.77719593e-01
    4.35044229e-01 4.75460768e-01 1.98560923e-01 1.08625203e-01
    6.15333080e-01 2.59551078e-01 8.19482327e-01 6.77910507e-01
    2.75301605e-01 9.46047544e-01 3.54426920e-01 6.00691795e-01
    8.43635798e-01 4.70609933e-01 3.02904665e-01 7.24534690e-02
    5.24801850e-01 8.43365967e-01 4.31442022e-01 8.73224854e-01
    5.60845315e-01 8.74867439e-01 3.90624315e-01 8.92693281e-01
    4.97343808e-01 7.98125267e-01 7.09797859e-01 2.66333222e-02
    2.58482933e-01 4.67105210e-01 9.01246965e-01 6.16052270e-01
    5.36508858e-02 2.70754546e-01 8.16781700e-01 4.42076921e-02
    6.81157708e-01 6.71989202e-01 8.08208227e-01 6.36805773e-01
    9.70805168e-01 4.98469532e-01 7.48921990e-01 9.65843976e-01
    2.97344655e-01 8.93535018e-01 3.85045528e-01 4.27606106e-02
    6.66864872e-01 6.65690839e-01 1.07032031e-01 5.61963439e-01
    7.42793381e-01 8.55492473e-01 2.88475513e-01 2.01530755e-02
    1.14195615e-01 1.86750948e-01 7.73228168e-01 1.59606248e-01
    5.61408460e-01 5.28303623e-01 3.23927045e-01 6.88101649e-01
    2.88528621e-01 6.84500098e-01 9.71726656e-01 5.49114943e-01
    2.44722962e-02 6.03234112e-01 3.47753227e-01 7.16635108e-01
    5.68215847e-01 6.60242200e-01 8.82298708e-01 5.53333223e-01
    8.28758478e-01 8.90016913e-01 8.99446785e-01 2.53309548e-01
    3.50268722e-01 3.22907239e-01 7.23945439e-01 2.75858700e-01
    9.59963083e-01 3.15240502e-01 8.15561891e-01 1.22923434e-01
    5.03659427e-01 2.65199065e-01 8.97177219e-01 6.85968220e-01
    6.81255341e-01 3.86057526e-01 3.94218862e-02 1.07284993e-01
    8.19751024e-01 8.82185578e-01 4.49622303e-01 4.07493651e-01
    3.98258388e-01 6.92015588e-02 9.67220783e-01 1.25219226e-01
    1.97633326e-01 9.63797808e-01 7.62149930e-01 7.71548271e-01
    9.43997741e-01 6.06671929e-01 9.89008427e-01 4.47870255e-01
    4.08702731e-01 1.21860147e-01 5.08088827e-01 2.89088339e-01
    3.10594767e-01 9.12099957e-01 2.41802156e-01 8.89835596e-01
    2.06806481e-01 1.87036395e-02 2.03395158e-01 7.27046251e-01
    7.01903403e-02 9.87868130e-01 5.12502432e-01 8.13691974e-01
    3.89979839e-01 6.03338122e-01 7.70854592e-01 2.91208416e-01
    7.77858734e-01 7.11654902e-01 1.13425553e-01 3.81197214e-01
    1.90449148e-01 4.42678779e-01 4.02536750e-01 6.67642295e-01
    4.98534143e-01 8.89005840e-01 6.99779570e-01 4.62072939e-01
    4.18636769e-01 3.12841594e-01 7.20240116e-01 4.45127457e-01
    2.64430761e-01 2.71633863e-01 2.96630919e-01 2.80287862e-03
    8.01853061e-01 2.75141031e-01 3.82519305e-01 8.37083220e-01
    4.52377349e-01 1.10926926e-02 6.42244518e-02 2.34644562e-01
    3.66044402e-01 5.58493733e-01 8.98864329e-01 3.67714942e-01
    2.81227648e-01 2.81949937e-02 9.13979053e-01 1.39807314e-01
    3.27652544e-01 6.70069516e-01 5.44760227e-01 7.15793490e-01
    2.44023979e-01 2.71805823e-02 2.20757931e-01 5.72710454e-01
    7.53027678e-01 2.58284569e-01 2.02740490e-01 4.51459557e-01
    4.09961462e-01 4.10409719e-01 4.53701347e-01 9.78896320e-01
    7.07985997e-01 1.12492412e-01 2.70387828e-02 4.95904714e-01
    2.66444385e-02 4.70987767e-01 1.99665785e-01 9.85824704e-01
    1.22140139e-01 4.06045556e-01 7.30019927e-01 7.03092813e-01
    4.38627541e-01 1.64231360e-02 1.51035488e-01 2.98397124e-01
    7.64132142e-01 2.34790146e-01 6.07239425e-01 1.08214825e-01
    6.97468221e-02 2.31768548e-01 6.06800616e-01 1.79629564e-01
    3.05123031e-01 6.66055143e-01 2.76173949e-02 5.67064703e-01
    4.81903017e-01 4.28124309e-01 3.65364254e-01 2.03378677e-01
    1.15243345e-01 5.53211451e-01 5.29478073e-01 3.34207594e-01
    2.55351096e-01 4.00714934e-01 1.07085884e-01 1.99131101e-01
    5.22208810e-01 4.37647223e-01 8.71264040e-02 6.66843355e-01
    1.72574192e-01 7.58514643e-01 4.86550391e-01 4.31550503e-01
    1.37970299e-01 6.12207055e-01 9.47717190e-01 5.55816710e-01
    8.74596834e-01 5.62029600e-01 8.63642395e-02 6.32473946e-01
    8.78057837e-01 1.92136616e-01 3.53882700e-01 2.09515691e-02
    3.99248034e-01 5.60490549e-01 7.94955611e-01 6.66427970e-01
    9.70187545e-01 8.61298442e-02 7.94799328e-02 1.33843720e-01
    8.70465517e-01 5.26156485e-01 2.73063540e-01 6.95333362e-01
    6.79480314e-01 5.05263627e-01 7.24497795e-01 8.57836008e-01
    6.03461444e-01 6.74638748e-01 4.45174873e-01 7.06771851e-01
    7.91592240e-01 8.96018863e-01 4.55491334e-01 7.59731293e-01
    4.47506756e-01 7.13240683e-01 5.34514070e-01 3.01206797e-01
    4.07785684e-01 6.66746378e-01 4.48546290e-01 7.66172290e-01
    9.76543784e-01 6.86932564e-01 9.14089084e-02 7.42679298e-01
    5.13565183e-01 3.41524184e-01 2.44726628e-01 2.83511460e-01
    3.24514896e-01 3.94135714e-01 2.89717287e-01 2.00908393e-01
    7.86194205e-01 8.53741169e-01 4.77998346e-01 9.84990537e-01
    9.15608883e-01 6.43063605e-01 7.81897664e-01 5.62732220e-01
    6.66413605e-02 4.17491525e-01 4.15946424e-01 5.81833482e-01
    7.78378487e-01 8.62514734e-01 8.36163342e-01 2.65665174e-01
    1.87619478e-01 5.93047380e-01 2.73718417e-01 8.91798139e-01
    1.27144903e-01 3.19111139e-01 7.40333319e-01 9.78631377e-01
    6.57747626e-01 9.39505994e-02 2.68377751e-01 2.99664676e-01
    2.18400955e-02 9.10045624e-01 5.23167670e-01 4.36301023e-01
    7.76477933e-01 7.75809824e-01 4.57353652e-01 7.55498827e-01
    5.82942963e-02 7.60693252e-01 4.93333250e-01 9.87922847e-01
    3.75604302e-01 6.11186922e-01 2.02504724e-01 4.22514141e-01
    2.27106392e-01 2.68166482e-01 4.58539218e-01 2.78754950e-01
    6.20595217e-01 4.12593782e-02 7.14600146e-01 5.83918691e-02
    7.78485358e-01 3.44918430e-01 3.11867356e-01 2.73037076e-01
    9.46830809e-02 7.12746441e-01 2.30483115e-02 8.09708238e-01
    4.43403304e-01 3.08295906e-01 7.33563483e-01 9.38860357e-01
    7.96624780e-01 4.18389708e-01 4.64755803e-01 5.76757073e-01
    8.01944494e-01 1.47599667e-01 3.94677669e-01 5.86777747e-01
    2.89540410e-01 2.85533220e-01 3.98297668e-01 1.47596002e-03
    2.94057369e-01 1.73079371e-01 5.48949301e-01 5.81771851e-01
    3.45647335e-02 4.25960898e-01 4.34174836e-02 7.99796462e-01
    4.41304862e-01 7.25237131e-01 4.17585939e-01 9.88319337e-01
    9.77377295e-01 1.63262099e-01 8.21286738e-01 5.11374831e-01
    1.28294498e-01 7.19837904e-01 7.61635900e-01 6.11035705e-01
    1.00219101e-01 8.86584282e-01 8.69237542e-01 2.50670910e-01
    2.46137708e-01 7.53116071e-01 8.69892359e-01 5.77940881e-01
    6.68404996e-01 2.92315245e-01 5.18365145e-01 1.59126222e-02
    1.57376826e-01 3.22695106e-01 9.77709532e-01 9.15481210e-01
    7.15732694e-01 6.78384662e-01 1.14461929e-01 7.31697619e-01
    4.22207534e-01 6.33029640e-01 8.39481235e-01 5.85737824e-03
    2.74057150e-01 1.88867509e-01 3.21367204e-01 2.24197000e-01
    4.71486092e-01 6.76255763e-01 4.72527653e-01 6.73623085e-01
    7.39245534e-01 6.50235116e-01 1.28894150e-01 7.92071104e-01
    6.25557542e-01 6.75108135e-02 2.01784074e-02 8.90438437e-01
    9.96644616e-01 6.87838674e-01 6.87456965e-01 5.74385285e-01
    8.97796869e-01 6.28102958e-01 8.67569745e-01 4.58623946e-01
    3.45273495e-01 5.59848726e-01 8.64115000e-01 8.09578896e-01
    8.67378652e-01 5.41205466e-01 4.47456807e-01 9.78755832e-01
    1.87205881e-01 7.60674953e-01 2.36883759e-01 2.44466484e-01
    9.04509187e-01 3.98665994e-01 4.94231403e-01 5.20209610e-01
    5.92325747e-01 6.34938836e-01 9.79889154e-01 8.72923851e-01
    6.88272595e-01 5.22641540e-01 3.68344784e-02 6.50925279e-01
    8.07625055e-03 7.10901499e-01 1.21367484e-01 2.53906757e-01
    7.77206063e-01 8.26398134e-01 3.47465605e-01 1.16612554e-01
    3.56077850e-02 8.47144961e-01 3.25232148e-01 1.00049138e-01
    6.56058669e-01 4.41431582e-01 3.58739346e-01 8.77752662e-01
    7.92917132e-01 6.09691083e-01 5.33255994e-01 3.68169159e-01
    2.85528123e-01 4.55066860e-01 2.42637634e-01 8.21957648e-01
    1.13702685e-01 5.14802456e-01 5.15482366e-01 9.40608442e-01
    8.58402967e-01 3.01301479e-02 1.58613026e-01 4.81783569e-01
    3.16882044e-01 3.34736884e-01 2.35549808e-02 4.81038004e-01
    8.65777194e-01 7.25132465e-01 9.13084507e-01 5.49663484e-01
    8.59141946e-01 8.26798558e-01 4.73021597e-01 9.95174587e-01
    2.41059691e-01 3.44687045e-01 4.98057216e-01 3.35078865e-01
    8.92634749e-01 5.98899424e-01 9.21852291e-02 1.14850998e-02
    2.47529447e-01 9.37942863e-02 3.45529407e-01 8.53419900e-02
    9.63070512e-01 5.89441478e-01 9.74883497e-01 6.90532923e-01
    5.72256863e-01 9.32112694e-01 8.44437361e-01 5.27020872e-01
    8.61625433e-01 2.39481002e-01 2.11281747e-01 3.99895161e-01
    9.61891890e-01 4.48368967e-01 9.72028017e-01 7.86216497e-01
    4.75640327e-01 5.72193861e-01 4.93810117e-01 3.74319434e-01
    7.56047487e-01 8.20098042e-01 8.58774364e-01 9.55132008e-01
    7.46113062e-03 2.05834240e-01 6.56136632e-01 7.73366809e-01
    5.14981806e-01 8.64066839e-01 1.56835556e-01 6.73414230e-01
    3.73073578e-01 8.87557626e-01 4.00459915e-01 8.26156616e-01
    4.41871822e-01 5.14327347e-01 1.15298390e-01 4.28417295e-01
    4.95035350e-02 3.34091783e-02 7.74028897e-01 4.27539736e-01
    3.53118628e-01 7.15972245e-01 3.51598561e-01 6.31049573e-01
    3.33366752e-01 8.75113785e-01 9.87361670e-02 3.86099517e-02
    8.32684278e-01 4.05449033e-01 5.70910037e-01 7.66744912e-02
    6.07276797e-01 4.17184174e-01 4.68697667e-01 4.06536013e-01
    8.77223134e-01 8.11247706e-01 1.14624232e-01 5.72049081e-01
    4.07100171e-01 6.18347287e-01 3.85700345e-01 3.28793764e-01
    5.24919033e-01 5.24588346e-01 2.70960301e-01 7.02305257e-01
    1.50796235e-01 5.91314316e-01 6.96320832e-01 2.74218827e-01
    9.32162106e-02 1.26727998e-01 6.41493857e-01 8.81873488e-01
    2.42455184e-01 6.80431485e-01 9.84759927e-01 9.14314687e-01
    6.66083455e-01 6.54679060e-01 3.47065777e-01 1.97677344e-01
    4.91094589e-03 6.62557304e-01 1.34580433e-01 1.36095405e-01
    8.48118186e-01 8.93940806e-01 6.73238039e-02 8.12193632e-01
    9.08241034e-01 1.09397173e-02 9.68907714e-01 5.10593295e-01
    7.05411553e-01 7.97837496e-01 3.55660379e-01 9.10282850e-01
    7.95829833e-01 6.28334105e-01 6.79924905e-01 3.29742908e-01
    3.09657007e-01 6.85418725e-01 5.00573695e-01 1.22536689e-01
    4.32358116e-01 1.31760269e-01 4.85896736e-01 9.81393337e-01
    9.29938197e-01 3.59070897e-01 8.64734113e-01 7.62213349e-01
    3.96374464e-01 9.11364555e-02 6.27001345e-01 7.00274348e-01
    4.26080674e-01 2.50479221e-01 3.99701983e-01 4.81924176e-01
    2.57109016e-01 7.63549030e-01 7.22618759e-01 7.22463667e-01
    6.57581091e-01 9.74027991e-01 9.11701322e-02 7.50189185e-01
    5.03048897e-01 5.64952731e-01 2.51339644e-01 7.75292039e-01
    2.76989937e-01 5.43998599e-01 5.56819737e-01 1.45184785e-01
    9.55243587e-01 4.99534786e-01 8.69889140e-01 8.44246387e-01
    8.95436406e-01 2.72780061e-02 9.26154494e-01 5.25819659e-01
    8.98754835e-01 3.97530437e-01 4.54618037e-01 4.91508871e-01
    6.94816351e-01 9.26242948e-01 7.71662474e-01 3.57224643e-02
    4.20738965e-01 4.36023623e-01 3.84204149e-01 1.33520812e-01
    9.46418762e-01 8.11469436e-01 8.15953195e-01 8.58850718e-01
    9.81660366e-01 7.99434066e-01 6.98289990e-01 1.15442932e-01
    8.05253923e-01 8.61796737e-01 7.92182565e-01 4.19453740e-01
    4.60038275e-01 5.37533760e-02 1.78364545e-01 5.41123986e-01
    2.11135179e-01 8.62074494e-01 8.13603222e-01 5.33702910e-01
    7.69919455e-02 4.33689058e-02 7.54864097e-01 3.93414855e-01
    6.27483249e-01 6.65567279e-01 5.96324205e-02 6.15619361e-01
    5.21931291e-01 6.28071427e-01 8.26894283e-01 2.65917718e-01
    8.23959529e-01 3.77032459e-01 8.86816978e-01 8.19742441e-01
    5.59036970e-01 2.23132104e-01 5.99292457e-01 1.50771677e-01
    1.76014841e-01 1.31608218e-01 6.58948839e-01 5.23998916e-01
    1.84533000e-02 5.39173603e-01 2.30527282e-01 5.35841823e-01
    1.81180954e-01 5.93540967e-01 1.71395659e-01 2.81632125e-01
    3.58334184e-01 2.03755200e-02 2.43004620e-01 6.90891445e-01
    6.90937459e-01 6.69971228e-01 1.10594302e-01 7.68433154e-01
    6.96084499e-02 8.80152881e-02 2.97719955e-01 5.70147932e-01
    8.23233008e-01 7.39587426e-01 3.95853698e-01 3.81212890e-01
    8.58311474e-01 9.63816643e-01 4.05063510e-01 4.30744708e-01
    3.53634953e-01 6.58333004e-01 1.81963712e-01 5.07007718e-01
    5.30090034e-01 5.92534542e-02 9.70943213e-01 3.87501806e-01
    9.15141106e-01 7.05378950e-02 7.66236484e-02 7.94557869e-01
    2.94003904e-01 3.23678941e-01 1.38336241e-01 1.65487915e-01
    9.88130629e-01 7.84639955e-01 2.25447357e-01 9.94677484e-01
    3.07339966e-01 9.37433839e-01 4.24038351e-01 9.05286312e-01
    2.09742278e-01 5.70025563e-01 9.49346483e-01 3.75374854e-01
    5.09977698e-01 1.98872715e-01 1.52363181e-01 1.16201788e-01
    6.88100994e-01 2.70587385e-01 2.03584552e-01 1.31094187e-01
    3.69596779e-02 6.69630051e-01 1.28368050e-01 2.95362085e-01
    6.39379799e-01 2.27437615e-02 4.19959724e-01 6.03510797e-01
    9.33823824e-01 1.18113518e-01 4.60024506e-01 3.21861207e-01
    3.16697359e-03 4.72669065e-01 7.37580359e-01 1.16094649e-01
    5.30835986e-03 9.72163975e-02 5.84024191e-01 8.46703649e-01
    8.96038532e-01 1.55335754e-01 7.09185839e-01 9.03332710e-01
    7.14674234e-01 8.81315231e-01 3.92713368e-01 6.87258244e-01
    4.72415566e-01 6.38526618e-01 5.53658605e-01 1.46079749e-01
    8.92159104e-01 7.41308928e-01 9.38735783e-01 4.59166884e-01
    8.49256873e-01 3.02424073e-01 9.03044641e-02 9.79250073e-01
    1.07054502e-01 5.78496516e-01 8.57228935e-01 9.80883837e-04
    1.34245425e-01 6.80094898e-01 4.14992094e-01 3.10904443e-01
    5.28361797e-01 2.27980644e-01 1.77883357e-01 3.94491553e-02
    6.09313846e-01 1.67687535e-01 2.42272615e-02 7.54636288e-01
    4.84249771e-01 6.14235759e-01 9.77450371e-01 7.02648699e-01
    1.39359266e-01 3.29097450e-01 8.65626693e-01 6.80752754e-01
    2.12781817e-01 7.55561471e-01 2.06697822e-01 1.70863867e-01
    8.98130178e-01 8.20167542e-01 1.89137459e-01 9.79950786e-01
    7.13766038e-01 5.64140677e-01 4.51013684e-01 2.19025135e-01
    6.14803731e-01 7.83250928e-01 7.64135778e-01 1.13027722e-01
    1.86418474e-01 5.40078163e-01 1.94288492e-02 9.84783769e-01
    4.54416871e-02 4.34313655e-01 9.06024575e-01 5.11062682e-01
    8.94931257e-01 6.18160605e-01 5.44372618e-01 4.89025950e-01
    2.95644999e-03 2.16497928e-01 4.29592967e-01 6.38785064e-01
    6.11790776e-01 1.58946544e-01 5.79315841e-01 6.07213378e-01
    6.81728125e-04 3.73787642e-01 6.30869031e-01 2.67257333e-01
    7.99082994e-01 9.75663900e-01 2.38554120e-01 3.93746734e-01
    3.95580381e-01 9.85047936e-01 2.04926729e-03 7.86520422e-01
    1.66277379e-01 6.90220892e-01 5.16241968e-01 9.49793577e-01
    9.98408318e-01 6.53565049e-01 8.43664408e-01 4.44977283e-02
    4.31860566e-01 6.56818509e-01 8.05340886e-01 1.57231092e-01
    8.44821155e-01 1.93494678e-01 6.33406043e-01 9.09945071e-01
    2.55221814e-01 9.03845906e-01 4.54040617e-01 9.74023938e-02
    5.79616070e-01 5.83001435e-01 2.07306445e-01 2.36605495e-01
    1.87362313e-01 2.42958337e-01 9.22679424e-01 9.91362572e-01
    3.08794349e-01 5.89581192e-01 8.77875328e-01 7.23134875e-02
    3.63396108e-02 7.47883618e-01 6.57146752e-01 9.42981541e-02
    7.19909847e-01 1.44935846e-02 6.81286514e-01 8.38638008e-01
    9.09980059e-01 7.70742416e-01 5.32113373e-01 3.01203400e-01
    9.27913308e-01 9.08815324e-01 7.39777625e-01 6.75804079e-01
    5.37014067e-01 3.79638612e-01 4.94425327e-01 5.09142756e-01
    5.01226306e-01 2.77194381e-01 5.34319103e-01 3.56865019e-01
    8.42626870e-01 1.18424356e-01 2.67426431e-01 6.04695976e-01
    7.96992064e-01 6.82060957e-01 7.90666819e-01 1.32724702e-01
    7.81550765e-01 1.59026533e-01 6.66406095e-01 5.39720058e-01
    6.29978538e-01 9.99994278e-01 5.86759686e-01 8.83172274e-01
    8.02415669e-01 1.22715503e-01 5.47654331e-02 7.57619739e-01
    1.01888865e-01 6.17951691e-01 9.81840611e-01 4.45046842e-01
    3.59179556e-01 2.36628771e-01 2.37690806e-01 5.79409122e-01
    8.51566553e-01 9.00152087e-01 7.65533805e-01 9.54287648e-01
    5.55737436e-01 7.71638155e-02 7.92061567e-01 3.49604130e-01
    3.25188041e-01 2.09539235e-01 2.98246890e-01 8.53010297e-01
    4.21161741e-01 7.33516932e-01 3.96284610e-01 4.04171050e-02
    6.49867535e-01 4.74427640e-02 7.67368317e-01 8.83434355e-01
    9.09906447e-01 6.54648483e-01 9.88120079e-01 4.92806166e-01
    5.17283440e-01 3.71242583e-01 5.58531463e-01 1.51988328e-01
    7.94815660e-01 8.62217367e-01 8.56425822e-01 1.71808302e-02
    2.32310534e-01 4.51742917e-01 8.54805291e-01 1.58607930e-01
    4.12752926e-01 4.52069134e-01 1.41480356e-01 1.76738769e-01
    5.60796618e-01 7.86419988e-01 4.02220100e-01 7.51005292e-01
    5.83242238e-01 6.98236585e-01 8.60380530e-02 2.61854202e-01
    7.61440635e-01 9.53154087e-01 9.98204947e-01 7.62103319e-01
    6.00453317e-01 9.05943334e-01 6.10561371e-01 5.29961944e-01
    3.59426916e-01 4.81898725e-01 4.60450232e-01 4.05748188e-01
    5.75212061e-01 4.59271729e-01 3.64984423e-01 3.72271597e-01
    3.96091074e-01 6.85835540e-01 6.63295269e-01 7.24413693e-01
    8.51786435e-01 4.85100716e-01 3.98481071e-01 3.46690357e-01
    7.71416187e-01 9.45373237e-01 7.07479239e-01 3.66521269e-01
    8.29795361e-01 8.63824606e-01 5.55587530e-01 6.88912928e-01
    8.49882066e-02 7.88192689e-01 9.93073285e-01 2.05992967e-01
    8.93078208e-01 5.32204032e-01 7.21488833e-01 1.95871145e-01
    5.58099270e-01 1.75026715e-01 3.97693157e-01 7.46650279e-01
    3.26006591e-01 4.50782180e-02 3.25029314e-01 9.37222242e-01
    3.23098838e-01 5.51063180e-01 1.92126393e-01 7.24620461e-01
    3.95743430e-01 5.39774060e-01 6.23408556e-02 9.67461586e-01
    4.76176441e-02 6.11194670e-02 7.54278302e-01 4.63827908e-01
    3.43113840e-01 2.63988972e-03 4.38705444e-01 4.71680164e-01
    7.52927423e-01 4.47166145e-01 1.01842254e-01 8.71512771e-01
    1.88887119e-03 1.28529310e-01 6.34594142e-01 2.63885736e-01
    9.01310444e-01 9.37246859e-01 5.03501773e-01 6.55202329e-01
    5.49344122e-01 5.79602599e-01 2.15952188e-01 8.56473088e-01
    1.24340355e-02 5.87856531e-01 1.70408636e-01 9.40551460e-01
    1.77492678e-01 5.59424758e-01 8.23072731e-01 9.18099403e-01
    5.88977218e-01 9.13569331e-01 3.15962851e-01 6.18292689e-01
    3.10812831e-01 6.40529752e-01 5.02962291e-01 2.62635589e-01
    7.50702441e-01 7.66509771e-03 3.43408018e-01 1.60359561e-01
    3.79506022e-01 7.26273894e-01 9.25227046e-01 4.10476744e-01
    8.40057373e-01 8.37486804e-01 8.82859945e-01 8.06839108e-01
    5.07967532e-01 7.74390161e-01 7.56689608e-02 4.05987889e-01
    6.70905888e-01 5.59366643e-01 4.62075084e-01 2.85099655e-01
    7.29345977e-01 5.83346307e-01 1.48921609e-01 7.19056249e-01
    1.15406811e-01 4.93269861e-02 1.40935332e-01 2.00521827e-01
    7.39344120e-01 6.73516095e-01 1.23108685e-01 3.16494167e-01
    5.17245233e-01 6.10624671e-01 6.82210565e-01 8.25863123e-01
    9.32863832e-01 1.04640424e-02 5.25774837e-01 4.16179776e-01
    8.16014409e-01 3.72155488e-01 4.36419427e-01 2.55041778e-01
    7.03937948e-01 4.27290797e-02 9.31839764e-01 4.85903889e-01
    4.99455154e-01 1.89232826e-01 7.15097308e-01 2.97217250e-01
    3.33533108e-01 8.27495277e-01 3.09295297e-01 5.18130660e-01
    8.31974745e-01 1.09721810e-01 4.24138337e-01 5.49483120e-01
    9.84300017e-01 4.80728120e-01 4.56350744e-02 2.68216431e-01
    9.59893048e-01 9.21759486e-01 8.21767092e-01 1.48899198e-01
    7.30326355e-01 8.60331655e-02 7.76717544e-01 1.71506524e-01
    4.60744053e-01 1.28345966e-01 5.97424150e-01 8.79188061e-01
    7.25369990e-01 6.94448471e-01 2.36663193e-01 7.96937108e-01
    5.50205410e-01 6.30482435e-02 9.16041136e-01 9.53624487e-01
    2.91945040e-02 2.58011609e-01 9.57945824e-01 8.73605609e-01
    8.31158876e-01 4.16012824e-01 6.00255251e-01 5.40107667e-01
    2.85348415e-01 3.33752275e-01 1.71269357e-01 6.58950865e-01
    7.99998879e-01 3.59572977e-01 2.59468943e-01 8.86631489e-01
    9.74716306e-01 5.36973655e-01 1.55389726e-01 7.18037426e-01
    8.13331544e-01 2.64165998e-01 5.24497807e-01 1.82044238e-01
    7.09170103e-01 7.15606570e-01 2.16441303e-01 4.11419511e-01
    7.94366360e-01 1.81696951e-01 8.85513723e-02 7.88103223e-01
    4.59266365e-01 1.05952710e-01 8.22578967e-01 7.43446946e-01
    4.90346104e-01 8.80918980e-01 6.80750489e-01 8.15950990e-01
    4.50243205e-01 9.48360920e-01 6.58865929e-01 4.14988935e-01
    4.67917919e-02 7.76206493e-01 7.72793829e-01 7.97884345e-01
    6.75112069e-01 2.90708989e-01 6.35696054e-02 8.00156236e-01
    3.03911269e-01 5.83298743e-01 4.78046685e-01 1.36689097e-01
    5.10346532e-01 9.63913202e-01 4.30611283e-01 9.63619471e-01
    6.11620247e-02 8.25495303e-01 4.85514283e-01 8.06006432e-01
    1.10224485e-01 3.61455500e-01 8.20695996e-01 3.84579688e-01
    9.05694842e-01 8.03678155e-01 1.51872545e-01 3.90999109e-01
    4.01037633e-02 8.04406047e-01 1.10384822e-03 1.94895297e-01
    4.07407582e-02 4.04452860e-01 3.77270579e-03 6.57199323e-01
    6.31291270e-02 3.22561979e-01 7.08542228e-01 8.49693656e-01
    2.06087023e-01 2.02132016e-01 6.95262790e-01 2.10164934e-01
    1.62792206e-01 1.44790411e-01 2.94889748e-01 6.28878176e-01
    6.33778095e-01 7.59875894e-01 2.52815962e-01 8.58097434e-01
    2.02010632e-01 1.70863301e-01 6.61801100e-01 5.39628744e-01
    2.34807134e-01 5.02708077e-01 3.19211245e-01 9.86679018e-01
    9.43391085e-01 7.25564241e-01 3.10286999e-01 2.21459568e-01
    7.70697355e-01 7.35654354e-01 4.55645621e-01 1.05050981e-01
    8.06873918e-01 1.14086390e-01 6.21332526e-02 5.43836951e-02
    7.01554537e-01 9.30266738e-01 9.77128208e-01 9.74808931e-01
    2.18479216e-01 5.20831406e-01 9.83366370e-02 9.98300195e-01
    6.73151851e-01 1.99709058e-01 7.31092632e-01 8.92510951e-01
    3.71776521e-02 2.62075931e-01 1.65134966e-02 4.71425891e-01
    3.91842186e-01 4.47677910e-01 4.74615991e-01 5.13285875e-01
    8.06710601e-01 8.91990423e-01 9.27750170e-01 4.86094832e-01
    6.13920093e-02 9.89791393e-01 5.21843195e-01 2.69695759e-01
    8.16844702e-01 3.55109870e-02 8.19284916e-02 2.92106271e-02
    3.30626428e-01 3.20737898e-01 9.12038386e-02 3.20323378e-01
    2.22069532e-01 5.55002689e-01 7.46357262e-01 5.86317182e-01
    8.14294875e-01 2.30725676e-01 5.93035877e-01 2.27604151e-01
    9.08715963e-01 3.62427145e-01 3.51989746e-01 9.88496482e-01
    2.19686061e-01 8.86041939e-01 2.38143533e-01 7.11647809e-01
    7.29383707e-01 8.18430185e-01 6.83865488e-01 3.25687170e-01
    4.62857366e-01 2.06788272e-01 7.78305948e-01 5.01368582e-01
    9.05707121e-01 1.38872117e-01 9.71749485e-01 4.55696642e-01
    9.49401140e-01 4.70526218e-02 5.41221976e-01 3.03120732e-01
    2.85638273e-01 1.18715376e-01 6.58552289e-01 5.30770838e-01
    3.77076030e-01 5.79825342e-02 3.86803001e-01 3.52802157e-01
    6.24892831e-01 9.88235831e-01 1.90329045e-01 6.51750207e-01
    4.96850282e-01 5.15822053e-01 4.79479641e-01 1.35255843e-01
    5.82972765e-02 8.40973496e-01 3.96281809e-01 7.79063523e-01
    7.43575811e-01 1.96715683e-01 5.91455042e-01 9.59159732e-02
    7.87473440e-01 6.03559017e-02 6.79056287e-01 3.06654632e-01
    7.30702996e-01 1.28005475e-01 2.03859180e-01 1.96105182e-01
    6.10823095e-01 2.85670042e-01 9.33633447e-01 7.71928668e-01
    6.64971292e-01 8.17599177e-01 3.56876671e-01 9.79676843e-01
    4.86985743e-01 7.28729069e-01 8.24788749e-01 8.40564251e-01
    8.66541922e-01 5.11708558e-01 2.06885546e-01 4.93023455e-01
    4.93791550e-01 1.39652401e-01 9.99202669e-01 4.54407662e-01
    8.80687594e-01 1.34521425e-02 6.19321883e-01 6.87630177e-01
    7.75429904e-01 4.71588522e-01 4.75664318e-01 8.97142053e-01
    3.13930452e-01 7.67558753e-01 6.59671068e-01 5.23483515e-01
    5.56387782e-01 7.65723109e-01 1.94667101e-01 9.98052359e-02
    5.60452044e-02 2.14381337e-01 7.23226309e-01 4.25029695e-01
    3.47887516e-01 6.40374720e-02 6.41429007e-01 2.91910768e-03
    8.76927078e-02 4.66182709e-01 7.66214848e-01 1.16034895e-01
    1.71822816e-01 8.87235641e-01 8.53252411e-01 8.52531731e-01
    5.09785116e-01 9.52762187e-01 5.96764624e-01 2.35855103e-01
    7.68267691e-01 2.94599682e-01 8.41283560e-01 4.18189526e-01
    9.56398249e-01 6.70504630e-01 7.03005075e-01 9.07072186e-01
    8.88482213e-01 2.49711692e-01 3.48103017e-01 9.30090427e-01
    8.24639201e-03 7.21487999e-02 9.70343471e-01 5.12976766e-01
    4.46326911e-01 5.00386000e-01 6.36220872e-01 8.66877437e-01
    8.40981126e-01 8.31198394e-02 2.08894223e-01 8.80916476e-01
    3.67131889e-01 2.83560455e-01 6.42052650e-01 2.90221572e-02
    9.69637930e-02 7.71980703e-01 4.32725966e-01 2.17643827e-01
    5.96912622e-01 1.12813979e-01 1.72080547e-01 7.99195409e-01
    3.81810814e-01 7.04980612e-01 1.28327310e-01 9.09950972e-01
    1.59870058e-01 4.10538793e-01 2.50327170e-01 5.91612458e-01
    7.07222581e-01 7.54122734e-02 1.81481481e-01 7.24043489e-01
    3.58036697e-01 2.30379879e-01 6.99330449e-01 8.75706196e-01
    2.75573671e-01 9.96275067e-01 6.11699760e-01 1.38278812e-01
    2.40127444e-01 5.15824318e-01 8.17877412e-01 9.75001931e-01
    5.65333426e-01 7.30745792e-02 8.26370060e-01 4.37730074e-01
    2.19869018e-01 1.02852792e-01 2.11248785e-01 3.83623838e-02
    5.96530139e-02 6.16157174e-01 4.17962968e-01 4.11919713e-01
    7.37243950e-01 9.15668905e-02 8.55114698e-01 4.02602673e-01
    2.51123995e-01 8.59187543e-02 5.20154595e-01 4.12728399e-01
    6.41346276e-01 1.49214536e-01 5.68004727e-01 3.68430972e-01
    4.65052724e-02 7.96146154e-01 4.39264596e-01 6.28332496e-01
    7.27824867e-02 5.90173066e-01 8.18562984e-01 8.82648826e-02
    6.25523984e-01 1.98072702e-01 4.25362021e-01 3.29175204e-01
    2.62774587e-01 3.28734308e-01 3.89479280e-01 5.04965961e-01
    2.37856388e-01 5.35470188e-01 3.92359495e-03 1.72261804e-01
    2.35677719e-01 4.52622235e-01 8.32698405e-01 9.56245661e-02
    9.35641408e-01 3.29701066e-01 8.58071089e-01 5.36351442e-01
    8.99023116e-01 8.63363743e-02 1.42039418e-01 2.31525898e-01
    3.13025415e-01 7.27884173e-01 7.02951431e-01 3.62510383e-01
    7.51094818e-01 3.61220598e-01 1.48466140e-01 1.57095194e-01
    3.39125693e-02 5.40911615e-01 4.62890357e-01 2.81143636e-01
    2.43087441e-01 5.96519113e-01 9.04410183e-01 3.18130374e-01
    4.57838356e-01 9.25444603e-01 3.32923651e-01 9.49132085e-01
    4.47820693e-01 4.57557440e-01 2.09465355e-01 9.69609320e-02
    7.88708210e-01 4.80805844e-01 9.15206790e-01 1.44156009e-01
    1.55869246e-01 4.40867186e-01 7.26899326e-01 5.92171609e-01
    7.40906477e-01 1.83830351e-01 9.52269316e-01 6.25239372e-01
    6.02403760e-01 2.72330821e-01 6.27644002e-01 6.73190176e-01
    5.32123923e-01 3.05229425e-01 7.12197959e-01 4.30538058e-01
    3.25514138e-01 8.44611526e-01 6.22867525e-01 2.78371155e-01
    4.19283777e-01 4.30365086e-01 9.95177627e-02 8.15312147e-01
    6.63576007e-01 9.81182933e-01 2.38403082e-01 2.93478072e-02
    6.17737293e-01 2.45482355e-01 2.07271218e-01 8.89120996e-02
    7.44120777e-01 8.64862144e-01 5.65107584e-01 8.51618946e-01
    1.37372613e-01 8.89546990e-01 6.89489186e-01 1.34519607e-01
    6.63708329e-01 3.36378813e-03 1.53500021e-01 2.25591391e-01
    8.70797038e-01 6.43201470e-01 6.00811362e-01 7.62668908e-01
    7.10338593e-01 8.97771120e-01 6.75466120e-01 9.80708838e-01
    7.94689655e-01 8.64882052e-01 9.19859588e-01 6.85398161e-01
    9.38791037e-02 2.02853471e-01 7.47709453e-01 6.83639586e-01
    4.70224947e-01 1.11543000e-01 9.11622643e-01 4.97415185e-01
    6.57206833e-01 2.58195102e-01 1.20988637e-01 1.29260868e-01
    5.47942698e-01 8.95763397e-01 9.18426991e-01 7.41294265e-01
    1.76521122e-01 9.22064185e-01 9.68115330e-01 7.69331574e-01
    5.97910166e-01 8.35718274e-01 6.27315938e-01 1.91139013e-01
    6.12636685e-01 5.23892343e-01 4.38896567e-01 5.26791871e-01
    9.27155375e-01 6.66794777e-02 6.00115120e-01 9.27992404e-01
    6.49334073e-01 5.12585402e-01 2.42370963e-01 6.67820990e-01
    9.36787963e-01 2.09378719e-01 4.55213308e-01 3.22216570e-01
    2.17974097e-01 2.56219894e-01 8.63180637e-01 3.92805934e-01
    2.89698064e-01 3.15398842e-01 1.97031796e-02 3.39818001e-01
    4.06774461e-01 5.06557286e-01 1.46460831e-01 7.88372040e-01
    9.41942215e-01 5.39765537e-01 7.27575898e-01 7.33231544e-01
    7.95444667e-01 8.88262749e-01 9.79461432e-01 5.51608562e-01
    5.64131260e-01 8.07452977e-01 1.90253317e-01 2.29446679e-01
    3.23623419e-04 4.27774638e-01 5.04195511e-01 1.57158524e-01
    8.82437289e-01 8.37211192e-01 4.23219800e-01 2.96348721e-01
    1.05012745e-01 3.89856100e-01 4.93865818e-01 9.47737694e-01
    1.66932583e-01 3.10368091e-01 4.25170094e-01 5.14140248e-01
    1.40326649e-01 8.35464001e-01 3.88667524e-01 4.09406602e-01
    3.66609871e-01 9.98539805e-01 6.07425094e-01 3.24009359e-01
    1.62862957e-01 2.54466176e-01 9.57452893e-01 9.04552281e-01
    8.06291580e-01 4.85361338e-01 5.23889422e-01 1.84167743e-01
    8.24287534e-03 1.19990110e-02 6.52086020e-01 5.11996746e-01
    1.61857307e-02 7.08774686e-01 4.24610764e-01 2.54348338e-01
    7.55486071e-01 3.26880038e-01 5.45665503e-01 8.84088218e-01
    8.01600635e-01 1.91599667e-01 3.05108368e-01 7.39229560e-01
    8.78858328e-01 9.02232289e-01 3.85679364e-01 1.73253089e-01
    1.00773841e-01 8.31966341e-01 3.67408752e-01 3.32213402e-01
    5.83824813e-01 5.97049236e-01 8.59360695e-01 6.95033371e-02
    8.27659488e-01 7.47361898e-01 8.95304203e-01 5.94766319e-01
    3.66070867e-02 7.44526446e-01 4.31557298e-02 4.79628772e-01
    1.24630749e-01 2.94598341e-02 9.29237604e-02 4.09290850e-01
    5.31802237e-01 8.43779206e-01 5.96932709e-01 3.43222916e-01
    2.17851341e-01 1.82748318e-01 4.28505003e-01 6.46647513e-01
    6.97965503e-01 8.28825474e-01 1.87505156e-01 7.77918696e-01
    7.32638657e-01 4.66093957e-01 8.58581543e-01 5.17598569e-01
    3.31543982e-01 9.08374310e-01 7.33972311e-01 6.31250024e-01
    3.41100276e-01 2.38910884e-01 6.66510463e-01 4.76308972e-01
    3.90115619e-01 3.49899888e-01 1.56912118e-01 4.36044157e-01
    9.72700000e-01 2.38363653e-01 1.69871002e-01 1.15334690e-01
    5.61192632e-03 2.39420503e-01 3.63642335e-01 2.35738248e-01
    2.03517228e-01 3.35307091e-01 5.11588752e-02 1.85976565e-01
    6.47351027e-01 9.73812163e-01 9.59912777e-01 9.25289452e-01
    8.81443501e-01 4.42837745e-01 7.09892511e-02 5.94676435e-02
    3.54088902e-01 6.02143943e-01 5.80884159e-01 5.63281715e-01
    9.36910152e-01 2.10321963e-01 4.11580652e-01 3.99770051e-01
    8.87543082e-01 5.54490805e-01 5.07322788e-01 4.28359181e-01
    4.57649231e-02 5.04388809e-01 8.01240861e-01 8.84143054e-01
    5.73460221e-01 6.84078813e-01 9.60142374e-01 8.15007329e-01
    3.34518641e-01 8.70061398e-01 7.72712290e-01 2.55483866e-01
    3.37055475e-01 5.51598370e-01 4.49983776e-01 6.56952083e-01
    2.81017542e-01 8.94843817e-01 8.26153636e-01 2.99441576e-01
    9.88648295e-01 3.32288742e-02 5.59247792e-01 3.88612181e-01
    2.90321410e-02 4.46829021e-01 2.79958487e-01 4.90310907e-01
    9.47520852e-01 7.88229704e-03 5.34217715e-01 2.85725832e-01
    7.11115897e-01 2.40991056e-01 9.21161294e-01 3.73174578e-01
    1.47991419e-01 4.22429919e-01 9.73980308e-01 4.51398969e-01
    5.27295649e-01 2.73829699e-01 5.63422680e-01 9.81301129e-01
    7.15300143e-01 1.77135557e-01 3.00364614e-01 6.77606344e-01
    7.25615263e-01 8.46313179e-01 9.43396688e-02 5.41903496e-01
    9.75627244e-01 8.34575355e-01 2.58549094e-01 7.58982182e-01
    5.44353127e-01 4.75726753e-01 4.24753517e-01 6.48575425e-01
    5.95418096e-01 7.51999080e-01 8.18984509e-01 4.59592849e-01
    9.69477534e-01 6.89082146e-01 4.18314338e-02 6.24585569e-01
    4.64778334e-01 2.19971955e-01 9.85120893e-01 6.57975018e-01
    2.85891175e-01 9.60514545e-01 3.22204888e-01 8.42953682e-01
    3.96676242e-01 2.15331048e-01 9.34827566e-01 1.29715204e-02
    1.38792694e-01 7.78754652e-01 5.85310638e-01 5.08361280e-01
    8.43632519e-01 2.50666142e-01 1.71984076e-01 8.52460265e-01
    3.32183093e-01 7.84336567e-01 2.47799695e-01 6.96805596e-01
    6.24787331e-01 1.55887127e-01 8.84937763e-01 5.08929253e-01
    5.95530629e-01 2.15889126e-01 4.81237620e-01 4.02449787e-01
    3.89490068e-01 9.97936070e-01 6.01979494e-02 6.99702382e-01
    5.56358457e-01 9.60209131e-01 9.75616872e-02 5.51130474e-01
    2.73156643e-01 4.48225349e-01 9.42913890e-01 2.35440463e-01
    7.29500175e-01 4.50628430e-01 2.57223427e-01 3.43376428e-01
    1.41445696e-01 8.45451772e-01 8.38729322e-01 4.59879905e-01
    6.66121006e-01 9.95826304e-01 2.23532796e-01 4.24772769e-01
    3.50139856e-01 3.80556434e-01 7.87072182e-01 3.69563907e-01
    8.81542563e-01 7.90127516e-01 6.96274996e-01 9.96223390e-01
    2.52635717e-01 3.89767706e-01 5.00086904e-01 7.04642296e-01
    1.06439739e-01 4.21731681e-01 5.16056955e-01 8.84028912e-01
    8.91139984e-01 9.00521219e-01 7.63883233e-01 6.39980435e-01
    2.57874429e-01 8.10540438e-01 2.23526597e-01 9.20144022e-01
    8.16727877e-01 7.84487307e-01 3.02971184e-01 6.15123093e-01
    3.80649596e-01 4.44937229e-01 3.70763779e-01 9.02977705e-01
    3.45822841e-01 2.53228545e-01 9.24584746e-01 7.61976838e-01
    5.97184718e-01 6.83452785e-01 8.75384808e-01 8.45095515e-01
    8.89440775e-01 6.25583947e-01 9.75402117e-01 6.21583998e-01
    5.10810256e-01 2.87289083e-01 5.62631428e-01 8.58065963e-01
    1.46268606e-02 5.19860983e-01 5.52687168e-01 2.63108999e-01
    2.48615682e-01 4.79389966e-01 6.57297552e-01 2.46220350e-01
    7.52538979e-01 3.47378343e-01 3.38672221e-01 1.55977607e-02
    8.60481262e-01 1.44577324e-01 7.85700321e-01 9.60666060e-01
    3.42504799e-01 7.92002380e-01 2.21038818e-01 5.77401280e-01
    7.75605440e-01 1.68314546e-01 7.45461285e-01 3.33951056e-01
    5.91990471e-01 9.83416736e-02 5.18252552e-02 7.24799156e-01
    7.28122234e-01 5.81580639e-01 1.07080340e-02 3.91997129e-01
    1.94443882e-01 9.09036815e-01 6.72996402e-01 2.38933682e-01
    3.17018032e-02 1.93003476e-01 6.66162610e-01 1.09052598e-01
    5.21520019e-01 9.33787942e-01 8.53274345e-01 4.11981612e-01
    6.91474438e-01 4.34705555e-01 6.27997994e-01 8.53323042e-02
    4.26472902e-01 2.62237191e-01 1.98407412e-01 5.59329629e-01
    3.91279519e-01 2.61166781e-01 3.69465947e-01 5.55935800e-01
    1.79993033e-01 7.85485208e-01 1.18812591e-01 9.25728858e-01
    9.55382824e-01 4.45656240e-01 4.55024242e-01 8.44222665e-01
    3.13758671e-01 8.74463677e-01 6.04437709e-01 5.44946551e-01
    1.81416631e-01 4.20426607e-01 4.28775340e-01 8.60505164e-01
    3.46970320e-01 5.86707652e-01 1.22406662e-01 4.85445529e-01
    3.28180522e-01 4.72395658e-01 6.52833104e-01 8.05829823e-01
    1.04822040e-01 1.85291260e-01 1.33724511e-02 2.90820688e-01
    3.73678148e-01 7.92025089e-01 3.77448529e-01 5.67147374e-01
    6.44908190e-01 8.01663399e-01 1.73552364e-01 6.97745204e-01
    6.15110457e-01 6.02990985e-01 1.54499084e-01 7.93434739e-01
    8.11044812e-01 7.02879369e-01 1.49314225e-01 9.89910543e-01
    7.78070629e-01 1.71937346e-02 3.38844240e-01 1.58874124e-01
    4.75268781e-01 1.54231310e-01 5.47199965e-01 5.17833412e-01
    5.91155171e-01 1.27344519e-01 8.31977189e-01 4.25660193e-01
    1.65103078e-01 5.12437701e-01 7.83070683e-01 5.15779197e-01
    2.92184353e-02 5.81933618e-01 1.36106819e-01 2.42697716e-01
    8.86482954e-01 3.18550110e-01 6.22387290e-01 6.38365746e-05
    8.03599834e-01 4.04597878e-01 1.56668425e-02 3.21857572e-01
    5.90161741e-01 8.36794198e-01 2.87124753e-01 5.93909800e-01
    2.90348530e-02 6.40726089e-01 6.02888286e-01 5.25031745e-01
    2.18678296e-01 5.40171444e-01 1.58139676e-01 9.23700690e-01
    9.24371183e-01 9.42727029e-01 7.61097610e-01 8.29860330e-01
    5.05269110e-01 5.27514040e-01 2.76115924e-01 3.97556484e-01
    6.01298332e-01 7.25574493e-01 4.73088205e-01 4.13868815e-01
    6.59464955e-01 2.04256177e-02 3.99988294e-02 5.37847281e-01
    2.73168147e-01 4.36418086e-01 3.74625117e-01 9.37474430e-01
    3.48526746e-01 3.96103352e-01 6.69432759e-01 3.59775364e-01
    8.46572161e-01 9.18938518e-01 6.06458247e-01 2.41006583e-01
    6.84160233e-01 9.25370097e-01 1.98933721e-01 3.43588352e-01
    2.31063187e-01 5.01196861e-01 2.35772789e-01 4.59922731e-01
    4.41540182e-02 6.09095693e-01 7.86659837e-01 7.79154181e-01
    2.71704584e-01 3.38132739e-01 1.69823498e-01 6.89227700e-01
    6.15560412e-01 9.18038428e-01 6.04679585e-01 7.29544461e-01
    9.93826687e-01 4.82216746e-01 5.65611899e-01 6.47876620e-01
    3.88096303e-01 2.75691658e-01 3.86920303e-01 3.35016549e-01
    7.93407917e-01 3.51213574e-01 3.67769539e-01 2.24535227e-01
    8.55027318e-01 9.37675953e-01 1.16182148e-01 7.73615360e-01
    5.96271574e-01 5.09124100e-01 4.30741191e-01 6.01585448e-01
    7.17145562e-01 6.04783833e-01 4.46410567e-01 5.86839795e-01
    7.34418631e-01 7.17214227e-01 5.82174778e-01 4.00313914e-01
    6.27312839e-01 8.91458154e-01 9.77887034e-01 3.48749399e-01
    2.42512107e-01 7.76940703e-01 8.09146404e-01 1.02647662e-01
    2.25563228e-01 7.04004765e-02 3.41363400e-01 5.97758055e-01
    9.27180648e-01 7.89562821e-01 6.57200813e-01 9.54014063e-01
    5.20599008e-01 7.01994479e-01 8.94053459e-01 5.10929823e-02
    5.75217664e-01 5.70584357e-01 2.69424617e-02 3.87875617e-01
    2.78231800e-01 7.14288473e-01 7.13233948e-01 6.96063638e-01
    8.88172507e-01 9.93517339e-02 7.06368804e-01 9.65088844e-01
    6.20641053e-01 3.91580224e-01 8.84023428e-01 4.16738421e-01
    6.89545631e-01 4.93046165e-01 3.30278099e-01 4.93891984e-01
    5.60264766e-01 8.05704236e-01 3.99570256e-01 6.91561222e-01
    6.32005036e-01 4.05912817e-01 8.97029936e-01 3.82889986e-01
    5.70640624e-01 7.00658262e-01 4.97841716e-01 3.98881435e-02
    4.63019311e-02 8.02825451e-01 2.90498912e-01 4.43146646e-01
    7.40960062e-01 9.99576330e-01 3.66558641e-01 2.69844472e-01
    4.43992347e-01 7.53052831e-02 2.03986168e-02 2.80200183e-01
    7.21255481e-01 6.11010253e-01 2.46231765e-01 7.30328143e-01
    3.05071443e-01 5.35253108e-01 1.71353072e-01 6.97665215e-02
    5.20780265e-01 9.30354238e-01 7.05870748e-01 2.10459381e-01
    9.79553878e-01 8.69067907e-01 1.98174685e-01 8.00155997e-01
    5.67154944e-01 3.48563790e-01 3.47443759e-01 5.67744076e-02
    5.31877756e-01 4.59024608e-01 2.08350182e-01 3.21957499e-01
    9.15683031e-01 7.46138334e-01 6.92342699e-01 6.22956514e-01
    7.43026674e-01 1.91222161e-01 7.40094900e-01 7.65857816e-01
    3.24763715e-01 3.07777613e-01 7.51897931e-01 4.16328222e-01
    9.69338894e-01 5.65226734e-01 8.25746536e-01 8.98452878e-01
    4.84030843e-02 2.26252377e-02 6.04451299e-02 9.06167746e-01
    3.81505013e-01 4.72770303e-01 2.06586570e-01 1.96208954e-01
    7.22661138e-01 2.18767345e-01 2.29676425e-01 6.05016470e-01
    5.28635919e-01 5.49536943e-03 5.98772764e-01 3.76857013e-01
    1.79013699e-01 3.69383484e-01 1.55726552e-01 9.54886436e-01
    8.87075901e-01 4.58591580e-01 9.76593614e-01 5.04210055e-01
    5.86822867e-01 6.49014950e-01 8.66816461e-01 1.56491935e-01
    8.33723545e-02 5.54523051e-01 8.95106494e-01 4.68159258e-01
    1.04247868e-01 6.18641675e-01 5.01478791e-01 3.01250935e-01
    2.41367936e-01 7.96130657e-01 5.53095162e-01 8.09629321e-01
    7.66365767e-01 5.57515025e-02 2.71810502e-01 1.45469099e-01
    9.66533422e-01 3.13547552e-02 5.21481872e-01 8.78460646e-01
    3.63241673e-01 4.82455373e-01 3.61735940e-01 2.86155164e-01
    6.76363766e-01 4.71952260e-02 2.16424793e-01 3.26752216e-01
    2.77008712e-01 7.12933302e-01 6.21782660e-01 1.28629982e-01
    8.64462733e-01 3.15138876e-01 2.83273309e-01 2.99132109e-01
    4.40978259e-01 3.07293206e-01 7.30447173e-01 3.45540881e-01
    6.18397593e-02 7.40868449e-01 6.06741607e-01 3.94317687e-01
    9.87887263e-01 9.15667772e-01 4.01378155e-01 4.23905760e-01
    5.57933807e-01 8.05178702e-01 4.78974104e-01 9.61988807e-01
    4.63838875e-01 5.89040577e-01 9.77968574e-01 9.91730928e-01
    8.19180906e-02 2.02981055e-01 6.45695806e-01 5.16534507e-01
    1.81405723e-01 7.78338194e-01 3.09242368e-01 3.84604841e-01
    8.39127421e-01 1.63573176e-01 3.00935447e-01 8.83403420e-03
    3.26862633e-01 5.20974040e-01 2.66544372e-01 4.80520666e-01
    9.23923850e-01 3.27209353e-01 8.79190207e-01 7.29532838e-02
    3.14513981e-01 8.08452666e-02 1.46748483e-01 9.23442125e-01
    1.09543502e-02 4.34885621e-01 6.18627429e-01 5.20714521e-01
    8.40844512e-01 6.63487673e-01 1.43559366e-01 8.73257518e-01
    6.00503683e-02 9.32862401e-01 6.56430304e-01 5.18895149e-01
    4.69375849e-01 7.84754753e-01 9.97900486e-01 7.71402955e-01
    7.24348962e-01 4.18349266e-01 9.12033916e-02 9.80564952e-01
    6.35537624e-01 6.12161219e-01 1.68736964e-01 9.09787714e-01
    4.90239233e-01 8.42252374e-01 9.69716311e-01 2.55458355e-02
    2.61418402e-01 7.29510188e-03 3.14019650e-01 4.75105703e-01
    7.06077218e-01 1.37485653e-01 8.16423535e-01 8.43443573e-02
    6.78677201e-01 4.74822611e-01 3.33118081e-01 1.85269117e-02
    8.13095689e-01 1.12476259e-01 5.44162691e-01 5.71906447e-01
    9.29674506e-02 6.43538535e-02 1.97532177e-01 5.36783457e-01
    9.30232525e-01 9.92252886e-01 1.29283845e-01 2.69016623e-02
    6.25085711e-01 1.35190189e-01 3.41492593e-01 7.07075596e-01
    6.64314926e-01 8.57613087e-01 3.53117138e-01 5.80171943e-01
    9.63936210e-01 6.79494977e-01 4.97528732e-01 4.80959266e-01
    6.63196504e-01 5.18861353e-01 9.28500414e-01 4.52089965e-01
    7.87204623e-01 6.77063763e-01 3.74843508e-01 8.20055604e-01
    8.62603307e-01 4.25885350e-01 8.53668690e-01 5.53097963e-01
    8.96534562e-01 4.72103775e-01 6.82456553e-01 9.80523646e-01
    3.14480871e-01 5.06553710e-01 1.69639289e-02 1.06434524e-02
    6.86296761e-01 1.51537359e-02 6.32764935e-01 3.90720665e-02
    6.07884705e-01 6.72151923e-01 2.70745695e-01 9.48039770e-01
    2.02874839e-01 4.04953182e-01 2.54254997e-01 9.24477696e-01
    9.42653954e-01 3.79209101e-01 4.04800594e-01 1.31909013e-01
    2.37571269e-01 6.65174246e-01 9.40091491e-01 1.87904626e-01
    8.51109505e-01 2.14726716e-01 8.46178293e-01 2.68883824e-01
    2.90130913e-01 6.05989516e-01 6.15197599e-01 7.26457477e-01
    5.37485957e-01 5.35578430e-01 4.90856200e-01 6.52362943e-01
    1.10102385e-01 2.35953957e-01 3.72470587e-01 4.44570005e-01
    8.98250878e-01 7.56183267e-01 5.78913271e-01 3.18000197e-01
    8.88427615e-01 7.83484578e-01 1.84027731e-01 8.47222924e-01
    9.13829803e-01 4.80294734e-01 4.60560977e-01 2.43576020e-01
    9.34168935e-01 9.16640162e-01 1.34087652e-01 7.32385218e-01
    4.51406360e-01 8.45954180e-01 1.13386244e-01 1.23770326e-01
    7.67163217e-01 8.55242252e-01 6.85430527e-01 3.28633368e-01
    8.14104378e-01 2.83818543e-02 3.68124098e-01 6.67154133e-01
    9.12933588e-01 5.60337901e-01 7.80419350e-01 1.14267051e-01
    1.04508787e-01 4.57423627e-02 2.28935659e-01 8.15805197e-02
    2.48119235e-03 2.63824165e-02 3.99944037e-01 2.72905946e-01
    1.16724104e-01 6.89110875e-01 4.42703396e-01 9.95534658e-01
    9.03079629e-01 5.44541121e-01 9.55200076e-01 5.30851960e-01
    2.18321383e-02 5.32543004e-01 5.52495003e-01 5.11135697e-01
    2.93485880e-01 1.14746481e-01 7.87956595e-01 2.57991612e-01
    5.90645909e-01 2.18077213e-01 4.18870002e-01 2.86910206e-01
    8.74668062e-01 8.88376415e-01 3.27133268e-01 2.30553985e-01
    7.62186050e-02 1.98766679e-01 1.22041345e-01 8.73529077e-01
    3.05099607e-01 3.03402662e-01 2.29491919e-01 5.28743982e-01
    6.12383306e-01 2.47604966e-01 2.40573764e-01 4.98842597e-02
    2.68068910e-03 2.14660257e-01 2.77683586e-01 4.73523051e-01
    1.09026819e-01 6.97804689e-01 4.75255758e-01 8.48369360e-01
    8.14525902e-01 6.26985788e-01 5.33931196e-01 5.87107539e-01
    2.72108614e-01 2.38001376e-01 6.29864633e-02 5.47452807e-01
    1.00057572e-01 4.84361351e-01 1.62865490e-01 5.08546412e-01
    4.94337291e-01 3.45570982e-01 4.19146001e-01 3.55194509e-02
    6.15919530e-01 9.21682835e-01 9.49095845e-01 3.27524245e-01
    5.91982901e-02 5.23931384e-01 9.93290067e-01 4.90331829e-01
    4.86692607e-01 3.21667463e-01 1.87749326e-01 9.63256299e-01
    3.81910980e-01 8.53500962e-02 6.76377118e-02 1.00286305e-02
    5.42713702e-02 9.86990035e-02 1.63088620e-01 8.92339826e-01
    4.03876126e-01 4.27889526e-01 5.16825259e-01 9.72923875e-01
    4.11799788e-01 9.43461001e-01 5.75097382e-01 9.80419040e-01
    2.95588911e-01 2.84871161e-02 7.71619678e-01 4.43306565e-02
    5.33999801e-02 4.84474659e-01 4.80882943e-01 2.90886313e-01
    4.69713837e-01 9.41393971e-02 3.76104116e-01 9.71468985e-02
    3.57999623e-01 3.10018420e-01 7.00802922e-01 9.37431097e-01
    3.82803559e-01 4.31203425e-01 3.53442788e-01 5.91010809e-01
    2.68704057e-01 7.49301672e-01 2.29601085e-01 9.33492303e-01
    9.69045639e-01 9.13533032e-01 8.62146735e-01 8.94777417e-01
    7.69064069e-01 3.62546325e-01 3.65265787e-01 8.86406422e-01
    2.69031942e-01 6.24810398e-01 3.18588018e-01 9.36245799e-01
    2.02375203e-01 8.42884064e-01 5.02501786e-01 4.03663546e-01
    9.97695625e-01 8.11549604e-01 2.90036529e-01 6.26466632e-01
    8.43650579e-01 5.50533235e-02 9.04852569e-01 6.99485123e-01
    5.83455563e-01 5.86859524e-01 7.92938828e-01 3.40693951e-01
    4.15422499e-01 6.35082126e-01 8.02408814e-01 2.88439393e-01
    7.37702906e-01 3.80654901e-01 9.02807117e-01 7.10001230e-01
    9.26006913e-01 4.20799881e-01 5.32652080e-01 9.96571183e-01
    6.89252079e-01 8.40452671e-01 5.54395080e-01 9.89111662e-01
    1.60800785e-01 5.36688805e-01 3.97102714e-01 2.31717050e-01
    9.93552506e-01 9.57390666e-01 3.34319711e-01 4.13243204e-01
    2.97776878e-01 4.54417765e-02 4.71293718e-01 7.20611095e-01
    8.19232225e-01 2.65418708e-01 3.54948789e-01 5.79350591e-02
    5.71281552e-01 1.25342995e-01 2.99175084e-01 5.68080962e-01
    9.25385594e-01 7.05255389e-01 8.12175035e-01 5.77600598e-01
    6.09721065e-01 2.95052648e-01 2.63642967e-02 9.28556859e-01
    8.21139276e-01 7.07087398e-01 3.34913135e-01 8.73324513e-01
    4.27117586e-01 2.40140647e-01 1.55223697e-01 1.21572107e-01
    4.08458948e-01 1.01131588e-01 9.73744690e-01 1.72363311e-01
    1.50883049e-01 7.81150162e-02 9.85016584e-01 6.40357018e-01
    7.20024109e-01 1.14559323e-01 8.12832713e-01 4.97097671e-02
    3.32013726e-01 6.49699509e-01 3.31141621e-01 9.74162698e-01
    6.10152483e-02 8.65559936e-01 6.75260663e-01 3.02405089e-01
    3.64894867e-01 4.66238827e-01 3.19634974e-02 1.90586209e-01
    3.20894420e-01 4.07640100e-01 3.34667027e-01 4.95920807e-01
    9.97268796e-01 9.53264356e-01 8.98395658e-01 3.50160658e-01
    7.09375143e-02 1.09052002e-01 5.59118688e-01 7.88392425e-01
    8.74927282e-01 1.48772478e-01 1.90018386e-01 1.39595598e-01
    9.64099169e-03 1.26644969e-01 7.07965076e-01 9.30601358e-03
    7.14601517e-01 8.76405656e-01 8.87455046e-02 8.52586865e-01
    2.58600891e-01 3.46766114e-02 6.86069012e-01 4.82970178e-01
    3.59343290e-01 8.35250735e-01 3.35368574e-01 2.50648946e-01
    6.99988782e-01 6.94884002e-01 9.96777415e-03 6.91641569e-02
    7.35383391e-01 5.57524800e-01 9.46422935e-01 6.75444365e-01
    9.84517574e-01 8.13239813e-01 7.29075074e-01 2.13116407e-03
    8.97601008e-01 7.98659325e-02 3.19653720e-01 6.72775865e-01
    2.24860370e-01 3.20412338e-01 9.63323951e-01 6.95610642e-01
    3.31610590e-01 2.65405655e-01 9.89716828e-01 9.93477523e-01
    2.36918926e-02 1.72600985e-01 1.06484592e-02 6.66320682e-01
    1.52624011e-01 9.08294916e-02 3.47523421e-01 4.28054392e-01
    9.74789798e-01 3.89874637e-01 7.67742813e-01 2.16987610e-01
    5.81798553e-01 3.03230762e-01 5.53831875e-01 3.32011282e-02
    3.31728935e-01 5.45544028e-01 9.97324109e-01 7.79461265e-01
    3.19139659e-01 3.06113899e-01 1.69330388e-01 1.03138387e-02
    4.88405704e-01 8.94893408e-02 7.35056996e-01 6.04930520e-01
    3.02122533e-01 5.25352418e-01 8.00811827e-01 9.95029211e-02
    3.97769481e-01 3.36560786e-01 2.66863763e-01 3.04882646e-01
    1.32875443e-01 7.16084301e-01 7.87443161e-01 9.08035994e-01
    8.94080102e-01 5.35970688e-01 4.49404299e-01 7.91045785e-01
    2.10439026e-01 8.37496519e-01 9.35413361e-01 1.08854145e-01
    1.38952076e-01 1.20162815e-01 4.16539907e-01 1.17444634e-01
    1.83393270e-01 2.31964588e-02 3.55803013e-01 8.22353363e-03
    1.03838116e-01 4.25769985e-02 3.42911303e-01 4.15503025e-01
    6.34062767e-01 4.18444335e-01 2.57563889e-02 6.64596438e-01
    2.40169376e-01 9.12133694e-01 1.91446513e-01 7.37091660e-01
    4.92015362e-01 3.25046599e-01 6.29639149e-01 1.69403315e-01
    9.03320909e-01 1.39178693e-01 5.56529641e-01 6.88868642e-01
    7.21067786e-01 4.16388839e-01 9.34721828e-01 3.52410495e-01
    2.96736121e-01 2.23026365e-01 2.14188159e-01 1.24242544e-01
    6.65335298e-01 8.32537353e-01 2.42994756e-01 7.52099156e-02
    5.97644150e-01 5.00003636e-01 8.82958233e-01 5.41241884e-01
    5.08940101e-01 3.51954639e-01 5.63792646e-01 3.37432832e-01
    3.77045929e-01 9.50454831e-01 3.98578048e-01 7.43416190e-01
    4.36821580e-01 5.37541449e-01 6.21519566e-01 9.68327582e-01
    1.35935903e-01 3.54448855e-02 3.13592374e-01 5.46203077e-01
    9.03268576e-01 9.83605146e-01 2.76722848e-01 5.63932061e-01
    1.97844267e-01 3.89319628e-01 1.38522804e-01 9.59471941e-01
    4.98525828e-01 9.35268879e-01 8.88538361e-01 3.42575014e-01
    3.39475632e-01 5.05890310e-01 8.95768285e-01 2.43824393e-01
    4.29195166e-03 9.36724782e-01 9.82880056e-01 3.73777986e-01
    1.68491185e-01 1.62734449e-01 7.21592367e-01 7.78005898e-01
    7.07929432e-01 3.07531655e-02 9.52191174e-01 7.59954154e-02
    5.91008723e-01 4.27672297e-01 8.48417759e-01 8.51895213e-01
    8.19527030e-01 8.01956177e-01 1.82129443e-01 9.89423156e-01
    5.70046365e-01 8.48340154e-01 9.44741726e-01 3.77842277e-01
    2.41564006e-01 2.47811139e-01 4.36742425e-01 2.39553124e-01
    1.87291414e-01 7.50660062e-01 4.02946919e-01 9.20437336e-01
    6.92340851e-01 5.73804319e-01 9.80784535e-01 9.12818909e-01
    1.07118785e-01 2.20250994e-01 7.39707887e-01 2.79998183e-01
    4.39572334e-02 2.39369184e-01 3.03798944e-01 1.84337139e-01
    2.74148136e-01 5.73853433e-01 6.04419231e-01 5.25515079e-01
    1.74639463e-01 7.06245542e-01 8.42283964e-01 3.16961586e-01
    3.55409980e-01 3.45019042e-01 5.55290997e-01 8.05353522e-01
    4.58179057e-01 8.58645976e-01 1.12329662e-01 6.65152788e-01
    1.04813784e-01 4.83709186e-01 3.62469554e-01 8.39577317e-01
    9.26721096e-02 8.67274165e-01 1.56560808e-01 5.24465322e-01
    4.95716780e-01 8.09213519e-01 1.50610656e-01 5.35328448e-01
    8.73115897e-01 9.73131537e-01 3.54440928e-01 6.29754543e-01
    2.27343410e-01 7.96398163e-01 2.45493203e-01 8.98867488e-01
    7.31678605e-01 8.34149182e-01 2.52135694e-01 7.10479021e-01
    5.21743119e-01 3.34676087e-01 6.65814638e-01 3.94196153e-01
    5.40703237e-01 7.01444983e-01 7.28558302e-01 2.81799823e-01
    8.16226304e-02 5.00124872e-01 4.94253457e-01 1.43588632e-01
    8.28276873e-01 1.23777330e-01 4.92087305e-01 8.32429409e-01
    3.92525613e-01 3.79378080e-01 5.29918432e-01 7.48348355e-01
    2.58793563e-01 1.97520167e-01 4.08975184e-01 3.49616647e-01
    3.71365488e-01 3.49055141e-01 7.73646593e-01 5.34140706e-01
    2.99706340e-01 2.31623858e-01 9.66763496e-03 3.19933176e-01
    5.30870020e-01 1.25276208e-01 8.16619217e-01 6.29169106e-01
    1.27514064e-01 8.78338337e-01 4.73190248e-01 8.26437771e-01
    1.35253489e-01 4.62270588e-01 7.77192116e-01 7.56447136e-01
    9.65695679e-02 1.20958954e-01 4.51941460e-01 6.11152053e-01
    9.65177417e-02 6.26980126e-01 3.48148644e-01 6.24888420e-01
    8.42469931e-02 9.07763243e-01 2.04807639e-01 2.98716724e-01
    7.45981812e-01 8.21517467e-01 7.95531034e-01 5.69669306e-02
    8.80514741e-01 6.93440676e-01 2.76685953e-01 4.37036097e-01
    9.73623753e-01 8.68696094e-01 1.52127534e-01 7.09429026e-01
    2.49614775e-01 4.76613075e-01 8.46852958e-02 4.06633466e-01
    9.74898040e-01 5.93758345e-01 5.34432769e-01 2.08570898e-01
    8.81259799e-01 3.00881803e-01 7.09614754e-02 3.87817979e-01
    5.83419740e-01 5.31940103e-01 6.65027440e-01 9.21608090e-01
    6.77778900e-01 9.33778882e-01 9.16608036e-01 4.95607167e-01
    2.98858017e-01 1.88862592e-01 6.74409330e-01 9.53054368e-01
    2.72349656e-01 7.58606791e-01 2.00220972e-01 6.63837492e-02
    9.16626573e-01 9.91398692e-01 8.42737317e-01 2.07959414e-01
    1.21343493e-01 6.79901540e-01 3.83282334e-01 8.85998726e-01
    3.45991552e-02 5.62096775e-01 7.90029466e-02 2.86733627e-01
    2.56307542e-01 4.27304804e-01 7.93634355e-01 5.46215415e-01
    4.71587598e-01 2.64100164e-01 4.11257595e-01 1.90740734e-01
    2.09565252e-01 3.99520516e-01 2.16589063e-01 6.14120781e-01
    4.50641185e-01 9.19485629e-01 7.17292070e-01 7.69661903e-01
    1.87728673e-01 2.38502115e-01 7.46421158e-01 4.39379781e-01
    2.88022131e-01 6.93323195e-01 2.20508993e-01 1.56437010e-01
    7.13287473e-01 2.31152177e-01 4.93902564e-02 9.36436713e-01
    6.84921920e-01 1.81518793e-02 1.03335440e-01 8.44771922e-01
    6.78758979e-01 8.06440353e-01 3.18016231e-01 8.01974535e-02
    6.92844272e-01 6.00583911e-01 6.77044511e-01 1.56904578e-01
    6.43901110e-01 2.94294715e-01 5.77328563e-01 1.31309927e-01
    9.08388674e-01 7.60360360e-01 8.96186769e-01 2.89117098e-01
    1.26721233e-01 6.67065263e-01 1.34439558e-01 1.67723805e-01
    7.48166323e-01 7.54286766e-01 2.35419154e-01 9.06010866e-01
    6.40926361e-01 6.44248724e-01 2.50731349e-01 2.22532481e-01
    1.94311142e-05 1.32518530e-01 6.47437572e-02 9.42436099e-01
    1.82626337e-01 1.93600982e-01 7.92461634e-02 7.37706721e-01
    2.18431354e-02 8.71827424e-01 3.09287310e-02 6.43533230e-01
    4.11195815e-01 3.79350781e-02 2.27965117e-02 7.55811810e-01
    3.82608026e-01 9.84989047e-01 4.21671391e-01 7.95114756e-01
    5.77842355e-01 6.69611931e-01 3.83632898e-01 7.31130242e-02
    8.70182633e-01 2.99137890e-01 4.24143642e-01 7.35009313e-02
    3.83151948e-01 3.57934535e-01 4.75284487e-01 4.70708847e-01
    6.35505557e-01 5.56836426e-02 1.84090018e-01 8.28753710e-01
    9.09929633e-01 3.46585989e-01 7.74985671e-01 3.79669249e-01
    9.65863824e-01 1.16511226e-01 6.15320444e-01 1.71960920e-01
    4.34165895e-01 8.22992802e-01 6.32054508e-02 6.64628625e-01
    4.39411461e-01 5.40204346e-01 2.62109309e-01 2.53936589e-01
    8.70254159e-01 2.42394120e-01 7.56281734e-01 1.06785148e-01
    8.58061552e-01 6.09871745e-01 7.23686635e-01 2.09104240e-01
    7.55150914e-01 3.07784021e-01 4.83957767e-01 2.26755291e-01
    5.36263883e-02 4.31769103e-01 1.71427727e-01 6.39726698e-01
    2.37346351e-01 3.64028573e-01 7.74473250e-01 9.76280570e-01
    2.51822770e-02 9.08054709e-02 2.56107181e-01 8.21699977e-01
    6.66590869e-01 4.87179309e-01 4.93972510e-01 1.47443116e-02
    1.92842454e-01 5.64541459e-01 5.69112480e-01 7.18785048e-01
    8.91329944e-01 9.19877648e-01 7.61625707e-01 2.55260229e-01
    7.33759403e-01 2.79094160e-01 6.74232602e-01 8.94500136e-01
    2.71624684e-01 3.22213352e-01 6.98891819e-01 9.64282990e-01
    4.77437019e-01 9.40640926e-01 7.63544917e-01 3.95564049e-01
    8.04050446e-01 7.72513866e-01 1.54798478e-01 7.12453127e-02
    5.21368444e-01 1.75127476e-01 5.44593632e-01 5.73635578e-01
    5.99981904e-01 3.86558443e-01 1.05958253e-01 8.08949709e-01
    8.98015022e-01 2.16881871e-01 3.34448934e-01 8.21057260e-02
    5.83231747e-02 2.22376794e-01 7.05204964e-01 2.58970678e-01
    1.84381872e-01 5.13782024e-01 7.37746596e-01 8.81634116e-01
    8.66739810e-01 6.58584535e-01 3.30892980e-01 8.57735634e-01
    6.79639995e-01 6.16926551e-02 3.38519365e-01 5.11361897e-01
    2.61644065e-01 7.58719385e-01 6.50311410e-02 4.98149335e-01
    7.96596825e-01 3.18537384e-01 9.43440199e-01 7.40754426e-01
    3.39102626e-01 9.25223768e-01 2.68682122e-01 1.07515842e-01
    5.61860681e-01 2.06747234e-01 6.72172785e-01 5.42158306e-01
    8.65495563e-01 3.01171660e-01 5.22686362e-01 8.61726284e-01
    7.26635158e-01 2.49011040e-01 5.65164924e-01 5.80543578e-02
    6.90250099e-01 4.95467275e-01 6.79289818e-01 9.96261001e-01
    5.68418205e-01 9.15657401e-01 5.87546825e-02 3.56194794e-01
    2.19708145e-01 2.81737566e-01 8.44331324e-01 8.00114572e-01
    1.08292669e-01 2.65473485e-01 1.23653978e-01 7.72115469e-01
    2.67160565e-01 6.15611017e-01 6.02902114e-01 4.28218365e-01
    2.30947226e-01 3.83945465e-01 3.00822198e-01 7.72607327e-02
    3.61852586e-01 1.23706818e-01 1.23780489e-01 7.81170607e-01
    8.06083441e-01 6.08710885e-01 9.21946168e-01 2.49179691e-01
    4.93173599e-02 1.61991835e-01 2.75290906e-02 5.26057065e-01
    2.97152579e-01 8.00989270e-01 6.14347458e-02 3.43386054e-01
    6.09192848e-02 5.49323857e-01 3.33102942e-01 7.75151491e-01
    2.04278201e-01 6.67594910e-01 5.51847517e-01 1.80559903e-01
    1.15079582e-01 5.08316517e-01 6.77238464e-01 5.60675919e-01
    5.10984421e-01 3.05977523e-01 9.87284780e-01 9.48156476e-01
    6.77288294e-01 5.90603888e-01 5.20088494e-01 3.56776416e-02
    4.61705625e-01 2.10534006e-01 4.71655250e-01 6.37777805e-01
    7.27603436e-02 9.17583168e-01 5.08191943e-01 8.28597248e-02
    9.43766356e-01 7.64639497e-01 1.41644835e-01 8.06313396e-01
    3.05069804e-01 1.92809224e-01 1.07798696e-01 8.02483797e-01
    4.08906758e-01 4.12546098e-01 2.34346151e-01 5.84362268e-01
    9.73761022e-01 1.19991958e-01 1.92552179e-01 6.16433680e-01
    6.08899057e-01 7.93650270e-01 5.60959160e-01 2.12387413e-01
    8.73273134e-01 9.96623874e-01 6.91036522e-01 6.32755458e-02
    6.28592372e-01 8.99099231e-01 7.03775644e-01 8.62918973e-01
    2.95248866e-01 9.63484168e-01 3.82768691e-01 9.14191902e-02
    6.73722684e-01 5.10585010e-01 1.83771998e-01 8.27340782e-02
    5.87721527e-01 5.65413237e-01 9.08128977e-01 1.53164983e-01
    2.85160124e-01 5.35516024e-01 2.76984930e-01 3.00019085e-01
    3.19598198e-01 7.88662136e-01 2.03874707e-01 7.31525302e-01
    7.93030560e-02 9.30724263e-01 8.99927795e-01 8.90823722e-01
    5.54625571e-01 7.07390487e-01 8.76513660e-01 8.63750517e-01
    9.53056335e-01 8.96794796e-01 9.32179689e-01 9.77929950e-01
    9.92917120e-01 5.76128185e-01 9.85527635e-01 3.60146105e-01
    6.79275632e-01 1.49706662e-01 5.63515782e-01 1.62416697e-02
    2.55789876e-01 8.06721330e-01 2.39465296e-01 2.16959655e-01
    7.60425031e-01 3.33329827e-01 2.75516272e-01 4.52703595e-01
    2.16838539e-01 7.55091310e-02 9.56360996e-02 6.29753828e-01
    9.16939259e-01 6.89347446e-01 2.06907988e-02 9.68970120e-01
    4.30673599e-01 6.28871441e-01 3.62129778e-01 4.16717827e-01
    6.66223347e-01 4.84038830e-01 6.18586361e-01 6.66397452e-01
    5.38220584e-01 6.62119210e-01 7.84853637e-01 6.60621405e-01
    2.07244754e-02 7.81787634e-02 8.21721375e-01 2.28434503e-02
    9.57012057e-01 8.82145643e-01 5.93879700e-01 4.15450603e-01
    2.01715261e-01 8.87960911e-01 4.35972154e-01 2.43036360e-01
    5.80821455e-01 2.51435459e-01 1.79056883e-01 2.72828847e-01
    3.83907765e-01 2.76384711e-01 5.91967285e-01 7.83416748e-01
    7.88314939e-01 6.91837251e-01 9.44127917e-01 9.32556152e-01
    8.95460248e-01 1.57571226e-01 4.27004993e-02 9.47982430e-01
    5.16552091e-01 6.39134467e-01 9.42445159e-01 1.65601671e-01
    4.80859876e-02 3.85321856e-01 6.35680437e-01 8.99427176e-01
    9.10706043e-01 8.37204099e-01 6.47188187e-01 7.83821940e-01
    3.21443379e-02 6.31265938e-02 2.55125582e-01 2.94170737e-01
    9.10787225e-01 1.20172083e-01 9.08500552e-01 9.32715178e-01
    4.76703048e-02 5.75101137e-01 5.00892162e-01 1.76866651e-01
    3.28143895e-01 7.75643945e-01 1.47283822e-01 5.81667244e-01
    3.41277361e-01 7.05388546e-01 8.47488046e-01 9.80942726e-01
    2.32282221e-01 7.14062691e-01 2.28927910e-01 7.22713411e-01
    5.84418893e-01 7.32622623e-01 9.53414142e-02 2.28478700e-01
    3.20446372e-01 2.28805065e-01 2.68776178e-01 1.80434704e-01
    7.94597268e-02 7.32262135e-02 8.06666374e-01 4.63816464e-01
    9.74225283e-01 7.82546163e-01 1.57004535e-01 1.30482197e-01
    5.56386173e-01 7.89469481e-01 4.52734828e-01 4.65247035e-03
    2.32856393e-01 7.93226719e-01 6.50842011e-01 6.90018058e-01
    3.57485622e-01 2.38883138e-01 1.80693358e-01 4.40038562e-01
    6.06629848e-01 2.36294687e-01 7.64391720e-02 7.09441006e-01
    9.14533854e-01 1.47393972e-01 7.90169835e-02 6.21521294e-01
    3.43510360e-01 9.53918934e-01 6.78159833e-01 4.43887115e-02
    4.32167530e-01 8.24292064e-01 1.97563469e-01 4.17729765e-01
    1.29773080e-01 8.69901061e-01 3.08167577e-01 8.12726855e-01
    9.73588228e-02 1.40189588e-01 5.49544573e-01 8.33581388e-01
    1.19399995e-01 2.70724058e-01 2.60882318e-01 1.34378076e-02
    5.91090739e-01 9.18025136e-01 5.74351668e-01 3.82669061e-01
    7.81804204e-01 5.80443680e-01 6.97878182e-01 2.31991440e-01
    4.36173648e-01 5.81430495e-02 1.23821497e-01 7.07751155e-01
    8.11261177e-01 8.16822708e-01 2.24058747e-01 1.18079185e-01
    1.19006276e-01 7.49740124e-01 4.35617030e-01 9.08895731e-01
    1.85965687e-01 6.53264701e-01 7.68076658e-01 8.19285333e-01
    6.83873653e-01 7.03974366e-01 8.04439068e-01 8.14682722e-01
    6.05085671e-01 7.75936127e-01 9.68746245e-01 9.16532755e-01
    4.71332639e-01 1.60517573e-01 6.00158453e-01 9.34947371e-01
    6.75111771e-01 5.50325692e-01 2.16054052e-01 6.20908558e-01
    8.52411747e-01 4.31053430e-01 4.99620795e-01 7.77338147e-01
    1.16662830e-01 2.46685922e-01 5.74830472e-01 1.36697263e-01
    1.01452887e-01 9.68537450e-01 5.67831874e-01 9.54455376e-01
    5.77971280e-01 9.95317996e-01 5.64236641e-01 9.14460897e-01
    1.80370569e-01 7.05271184e-01 3.99537921e-01 4.52175647e-01
    4.78944600e-01 8.42570007e-01 8.39972556e-01 1.83834255e-01
    8.11550975e-01 9.81752336e-01 6.88901782e-01 2.58687943e-01
    4.74054337e-01 2.68218458e-01 2.45478034e-01 7.93842077e-01
    8.88338983e-02 3.05860937e-02 7.70033121e-01 9.38657999e-01
    1.85518444e-01 9.00061131e-01 2.15247214e-01 3.47612619e-01
    8.18326771e-01 7.77601361e-01 3.67394686e-01 8.13104272e-01
    5.33860564e-01 8.38894010e-01 3.18525374e-01 4.54781532e-01
    5.95318496e-01 1.16331995e-01 1.92387730e-01 4.70782876e-01
    9.16158617e-01 2.56601065e-01 2.16910958e-01 9.01082158e-02
    3.82426888e-01 2.01063424e-01 7.43195832e-01 9.19906795e-02
    5.89828193e-02 5.68306923e-01 6.69060826e-01 4.69771832e-01
    4.10108805e-01 8.40754509e-01 8.83376360e-01 6.37479067e-01
    5.38492024e-01 9.26268041e-01 1.45125389e-02 4.36074585e-01
    4.79878068e-01 3.24733615e-01 2.02329755e-02 4.26538527e-01
    2.96033859e-01 4.07542378e-01 4.83348459e-01 6.05017364e-01
    1.52918488e-01 9.29373860e-01 4.70120281e-01 6.45027876e-01
    4.97605801e-02 4.05445695e-02 6.97261870e-01 4.72424001e-01
    1.70190334e-01 5.21851897e-01 1.43386155e-01 7.27446079e-02
    3.71944249e-01 1.46431386e-01 9.93876457e-02 2.28979498e-01
    3.98467869e-01 7.08734930e-01 5.21672726e-01 8.78565669e-01
    3.10934186e-01 3.18124294e-01 1.12488270e-01 4.10823047e-01
    1.50923729e-01 7.53984809e-01 9.85340536e-01 5.42890370e-01
    7.97796607e-01 4.30566728e-01 5.68410575e-01 4.61678684e-01
    4.46296096e-01 1.36045963e-01 9.43771541e-01 3.29567850e-01
    9.56051707e-01 7.63024092e-01 7.15847015e-01 3.76303941e-01
    7.04160333e-01 8.22366059e-01 3.01891267e-01 2.40914255e-01
    5.15613019e-01 7.27928102e-01 4.45497632e-01 3.24688435e-01
    8.83462727e-02 5.56018054e-01 5.09387851e-01 7.59682059e-02
    5.53238988e-01 7.94038296e-01 8.95832062e-01 6.15981102e-01
    4.80160117e-02 4.36517596e-02 6.13665700e-01 6.97225213e-01
    6.62290335e-01 9.04417276e-01 8.43561649e-01 2.17797458e-02
    1.31119967e-01 8.89242768e-01 1.46601796e-01 1.84265971e-02
    7.62991250e-01 9.49649036e-01 7.21945465e-02 8.89098704e-01
    1.45736367e-01 7.96849549e-01 3.36660504e-01 3.52544487e-01
    3.01799059e-01 7.08151281e-01 2.12545514e-01 2.74708748e-01
    6.01798654e-01 8.22839618e-01 3.02954406e-01 6.17069662e-01
    2.98221290e-01 8.41968894e-01 2.33524084e-01 6.09796345e-01
    5.62665522e-01 5.86196601e-01 1.19307637e-03 2.52916217e-01
    1.41036451e-01 2.47123569e-01 6.37262225e-01 3.44615936e-01
    7.90361404e-01 2.33072758e-01 3.61169368e-01 4.64933634e-01
    7.04260111e-01 6.15011692e-01 2.65978456e-01 5.94843090e-01
    3.12588364e-01 3.42634916e-02 1.34827048e-01 3.26154172e-01
    5.79573214e-01 2.60712117e-01 7.91092932e-01 6.99288964e-01
    4.53115463e-01 9.15662050e-02 5.20821571e-01 8.47902358e-01
    9.33699727e-01 5.68351686e-01 2.54635453e-01 1.81365699e-01
    8.64626884e-01 2.94277370e-02 6.56265438e-01 8.87946010e-01
    1.28265381e-01 7.04016805e-01 2.93857306e-01 9.50641036e-01
    5.64613461e-01 7.42536962e-01 2.37538666e-01 1.18218601e-01
    2.20863909e-01 2.95629919e-01 6.76436424e-01 4.32594955e-01
    8.60330164e-01 9.58534539e-01 8.39287758e-01 3.46844256e-01
    1.83121592e-01 3.29770565e-01 2.59689361e-01 4.70613658e-01
    6.97144687e-01 7.95277953e-01 6.97858214e-01 9.76442993e-02
    1.44096613e-01 5.13464212e-02 4.83926654e-01 5.45926452e-01
    5.05162835e-01 1.34504437e-02 9.85112309e-01 1.99145675e-02
    4.53373909e-01 9.28102970e-01 3.58671308e-01 8.61366987e-01
    4.30145651e-01 1.80506617e-01 5.76990008e-01 1.77683234e-02
    1.45907283e-01 3.21203828e-01 9.83853579e-01 7.91684866e-01
    9.11876619e-01 4.45319295e-01 2.46384263e-01 6.43001556e-01
    1.35242522e-01 1.80653125e-01 8.72405767e-01 9.15959775e-02
    6.35042369e-01 5.51862776e-01 5.13398051e-02 9.39615726e-01
    9.99842882e-01 3.87686938e-01 2.47120678e-01 6.26675904e-01
    2.31247604e-01 7.76632130e-01 7.35333681e-01 1.64318115e-01
    5.86790860e-01 7.49893248e-01 5.01869142e-01 7.22241759e-01
    8.81436884e-01 4.32016075e-01 9.54962015e-01 7.60044813e-01
    9.10014987e-01 8.50937128e-01 5.74872732e-01 6.19237125e-02
    3.49453390e-01 6.02559030e-01 3.47608268e-01 2.70828933e-01
    3.55097353e-01 8.55166078e-01 2.72658974e-01 5.47753513e-01
    3.80254388e-01 4.20896590e-01 7.69304931e-02 9.54750836e-01
    9.96563971e-01 7.42687821e-01 3.97464633e-02 4.84466463e-01
    3.62730116e-01 9.11642671e-01 5.16312182e-01 7.52979636e-01
    6.99899673e-01 7.98595309e-01 8.85715604e-01 9.77963984e-01
    6.04844391e-01 8.72299969e-01 5.18266261e-01 8.34649026e-01
    6.72411859e-01 6.01399660e-01 3.44508052e-01 3.79952222e-01
    5.06573141e-01 7.35523999e-02 7.24883258e-01 7.60412097e-01
    2.19396919e-01 8.96567225e-01 2.60656536e-01 2.36471534e-01
    9.58914876e-01 7.51375437e-01 6.90688729e-01 8.35825443e-01
    7.89215088e-01 8.87154222e-01 5.86290240e-01 1.20892584e-01
    6.13714159e-01 6.81288183e-01 2.32856035e-01 7.22147644e-01
    9.59163547e-01 6.21267736e-01 7.05116451e-01 3.79037738e-01
    4.63596135e-01 4.08252418e-01 5.13208866e-01 6.22757435e-01
    9.63074684e-01 4.65824902e-02 6.61159158e-01 1.38252854e-01
    9.72269475e-01 2.29045898e-01 8.02300096e-01 4.79221344e-02
    2.77457356e-01 8.01733792e-01 5.36581278e-02 8.99545670e-01
    2.21588254e-01 4.37376738e-01 7.38978267e-01 1.91425294e-01
    1.80217445e-01 5.73862314e-01 1.02309406e-01 8.99786830e-01
    7.70288765e-01 6.07290566e-02 5.80635309e-01 2.56577998e-01
    2.19840288e-01 2.16195822e-01 8.34499002e-01 3.74443471e-01
    9.58009899e-01 3.43546987e-01 3.11002612e-01 9.00398135e-01
    8.99730325e-01 3.30844402e-01 3.20475042e-01 6.36703432e-01
    4.23351943e-01 2.23151803e-01 3.30772609e-01 8.19883287e-01
    6.56792104e-01 8.25723886e-01 7.82237530e-01 1.06763840e-02
    2.91372985e-01 6.48397446e-01 9.05668199e-01 1.97054505e-01
    5.61896920e-01 1.07935518e-01 1.12967312e-01 1.79165304e-01
    5.62270164e-01 2.00545490e-01 8.40767622e-01 1.84202403e-01
    7.21104205e-01 8.23302507e-01 3.46425772e-01 7.64103651e-01
    6.20023429e-01 5.44972658e-01 1.90592349e-01 1.69597924e-01
    6.97808146e-01 3.25050235e-01 2.95160770e-01 1.21041387e-01
    8.70875239e-01 9.60373878e-02 5.81829846e-01 3.64254177e-01
    5.66534758e-01 5.64570904e-01 8.08271766e-03 2.79653639e-01
    9.30846155e-01 4.80158925e-02 4.91046160e-01 4.16387916e-01
    6.60473764e-01 2.54399508e-01 4.31270897e-01 4.27702069e-03
    1.52680814e-01 9.60789561e-01 3.80221307e-02 1.23570204e-01
    7.24468827e-01 6.03926182e-01 3.29871893e-01 5.65910459e-01
    1.50436133e-01 1.29019916e-01 9.67201233e-01 4.25710440e-01
    2.68813193e-01 4.25450206e-02 7.55010128e-01 7.57580519e-01
    5.25085449e-01 8.25489640e-01 3.24072123e-01 2.22816646e-01
    1.03188515e-01 9.39927459e-01 9.02963281e-01 5.56728840e-01
    3.21668208e-01 9.59053874e-01 2.79056013e-01 7.27018535e-01
    6.14242256e-01 8.04793358e-01 7.35184789e-01 6.48145199e-01
    6.26576424e-01 5.22192597e-01 7.72803545e-01 4.27315295e-01
    2.08745509e-01 7.55689740e-02 8.95153761e-01 7.98988044e-02
    5.07358134e-01 4.33822751e-01 6.87110901e-01 3.57882082e-02
    5.08258879e-01 4.43565935e-01 6.98309541e-01 5.02259195e-01
    2.07091302e-01 4.22388315e-03 4.08110023e-01 9.03544903e-01
    1.37322068e-01 5.46262205e-01 5.97389340e-01 4.75175798e-01
    1.94588691e-01 5.46629727e-01 8.69667828e-01 8.63783002e-01
    3.48037541e-01 4.40662295e-01 9.22591031e-01 7.15708613e-01
    8.08293819e-01 5.13145566e-01 5.55460453e-02 3.48239899e-01
    5.49641907e-01 7.38970280e-01 7.91453719e-01 4.61682439e-01
    9.58869815e-01 1.73316300e-02 4.34260964e-02 7.58500099e-01
    2.82819211e-01 5.60608506e-01 9.02924478e-01 6.95235848e-01
    9.68283772e-01 8.22757781e-01 5.43973207e-01 9.69738126e-01
    6.00643694e-01 6.54056549e-01 6.61402464e-01 2.08332241e-02
    7.75634766e-01 8.13637793e-01 8.90405178e-02 5.83041489e-01
    6.36931598e-01 6.31576598e-01 5.22976518e-02 2.10418582e-01
    9.19403374e-01 4.88666356e-01 2.00472385e-01 4.75578070e-01
    8.64657521e-01 5.47389865e-01 6.81156158e-01 1.13877356e-01
    5.91609657e-01 9.37471449e-01 3.30106050e-01 1.82173371e-01
    7.45512545e-01 5.60874104e-01 1.92807257e-01 3.97540033e-01
    6.95013642e-01 8.30849051e-01 5.84555626e-01 1.75051004e-01
    5.33683777e-01 7.94885993e-01 9.20353770e-01 4.14773047e-01
    8.97796988e-01 1.25958562e-01 8.78658295e-02 9.67435598e-01
    2.11459726e-01 7.27447212e-01 6.85667515e-01 2.86374003e-01
    5.28364420e-01 7.35418081e-01 7.42844641e-01 3.88592184e-01
    8.63057852e-01 9.55527723e-02 1.79809481e-01 5.67673206e-01
    6.78636730e-02 3.91102582e-01 3.76233250e-01 9.72690344e-01
    5.56223273e-01 2.36247033e-01 9.46257472e-01 2.85054862e-01
    9.73655581e-01 2.41858035e-01 4.89000976e-02 8.25941205e-01
    7.16862798e-01 9.55411196e-02 5.70705175e-01 8.78346086e-01
    2.43687660e-01 7.10395455e-01 2.49589384e-01 7.27293015e-01
    6.84070349e-01 9.78358626e-01 2.28416920e-01 6.53303623e-01
    4.95953053e-01 8.03629637e-01 4.17411596e-01 3.05672288e-01
    4.55936313e-01 6.22239113e-01 1.02151215e-01 5.60856104e-01
    3.08372021e-01 1.01570338e-01 9.49750900e-01 3.92610729e-02
    8.57971787e-01 1.35170311e-01 5.96058011e-01 5.41058064e-01
    3.12180936e-01 1.43914610e-01 7.58231282e-02 1.22025013e-02
    7.37478495e-01 9.06361461e-01 2.36697137e-01 3.45903903e-01
    6.82989538e-01 6.48875535e-02 3.58655155e-02 4.85193431e-02
    5.01703799e-01 3.34006071e-01 4.40088660e-01 2.60950208e-01
    5.63123584e-01 8.79432082e-01 6.02826118e-01 2.61599123e-01
    1.84219956e-01 5.03096163e-01 2.17450261e-01 3.56712520e-01
    3.67121398e-02 6.74504280e-01 5.72665453e-01 8.85218978e-01
    4.75374609e-01 8.68537128e-02 3.64282101e-01 8.45208645e-01
    9.23414469e-01 5.90250671e-01 2.66695917e-01 8.10780704e-01
    4.45491582e-01 6.37857139e-01 3.28902304e-02 8.14857781e-01
    4.44078445e-02 7.12141514e-01 7.24659085e-01 4.25298512e-02
    6.04879141e-01 1.66806877e-01 5.08958995e-02 7.71832883e-01
    7.82646775e-01 4.95968372e-01 7.16281831e-01 7.02398419e-01
    8.94025743e-01 7.33478665e-01 8.35882068e-01 2.66738832e-01
    7.80126929e-01 4.39696014e-02 7.08706737e-01 5.46621025e-01
    1.55322820e-01 7.01973259e-01 8.15762162e-01 8.77261519e-01
    4.89325434e-01 3.24733049e-01 6.45528615e-01 9.19636965e-01
    2.73794621e-01 7.49427378e-02 7.39586174e-01 4.06614721e-01
    7.09257662e-01 2.71296203e-02 8.49861503e-01 9.48969007e-01
    4.76308793e-01 4.66963768e-01 7.57871270e-01 1.87257141e-01
    3.25084031e-02 8.26145828e-01 2.12005407e-01 6.85110807e-01
    9.13894892e-01 7.17762113e-02 8.88893962e-01 3.50394636e-01
    6.11726880e-01 1.75556153e-01 7.71861672e-01 2.21514165e-01
    3.89840245e-01 1.98160142e-01 1.90370619e-01 3.78084570e-01
    2.48926282e-02 7.91202426e-01 5.34916639e-01 7.00749099e-01
    3.30646753e-01 5.87598383e-01 2.84241140e-01 9.87077594e-01
    9.20440853e-01 8.39864016e-01 3.39085102e-01 6.81049526e-01
    7.03986585e-02 9.57224011e-01 1.98873013e-01 5.50877512e-01
    4.45075214e-01 2.25858063e-01 6.24060631e-05 8.69567871e-01
    6.48668408e-01 2.94516444e-01 5.51962376e-01 1.34578019e-01
    1.53598070e-01 8.13747585e-01 1.50897205e-01 8.99932146e-01
    5.14605939e-01 5.91218472e-01 2.21267641e-02 8.36207747e-01
    5.51029325e-01 6.86014831e-01 7.90308714e-01 1.02630854e-01
    3.82695556e-01 4.73620743e-01 3.08611214e-01 6.24087453e-01
    2.49853820e-01 1.43031031e-01 2.77102709e-01 3.67544889e-02
    6.49407506e-03 9.88596439e-01 2.41315871e-01 6.35301113e-01
    6.07433319e-01 8.34420919e-01 6.01303577e-01 9.70732749e-01
    8.05037498e-01 8.48197758e-01 5.51500678e-01 6.92473769e-01
    2.23032832e-01 2.20818281e-01 1.30217105e-01 1.23303175e-01
    6.33136153e-01 1.73120558e-01 6.39680743e-01 4.86972958e-01
    4.41181213e-01 6.88802004e-02 7.14893639e-01 8.99689019e-01
    3.80354792e-01 9.45591867e-01 2.70063192e-01 1.35668784e-01
    9.88547325e-01 3.99316609e-01 5.20380199e-01 8.24615359e-02
    7.28713870e-02 4.54488009e-01 1.77193850e-01 8.53119791e-02
    5.86309731e-01 6.12316430e-01 8.57388020e-01 1.59016848e-02
    6.56945586e-01 4.15561795e-01 4.72095817e-01 9.95525420e-02
    9.08649981e-01 7.74826586e-01 7.91841209e-01 5.71349919e-01
    7.88438320e-02 5.26896715e-01 9.36116099e-01 8.54224741e-01
    7.14347959e-01 7.46269703e-01 8.23438048e-01 3.06730181e-01
    3.76228571e-01 7.86993861e-01 4.53956723e-02 4.83820140e-01
    8.18008184e-03 3.61232519e-01 9.46370840e-01 4.44420755e-01
    5.44788420e-01 3.42917562e-01 9.01027560e-01 5.97414076e-02
    1.37391418e-01 6.35360718e-01 5.65864027e-01 8.63897502e-01
    7.00570285e-01 5.60885906e-01 1.16447151e-01 3.82382005e-01
    5.39138556e-01 7.50120640e-01 7.02540994e-01 5.90259492e-01
    1.52955830e-01 8.86824548e-01 1.65406376e-01 1.11490071e-01
    1.06218368e-01 7.27557778e-01 9.83009398e-01 2.31459379e-01
    2.85243064e-01 4.55242097e-01 5.05125344e-01 8.79828453e-01
    2.39404768e-01 8.43674064e-01 4.81003076e-01 7.77198076e-01
    2.26938397e-01 8.29028606e-01 7.23887682e-01 8.95335436e-01
    7.99526453e-01 6.14256263e-01 9.44480538e-01 6.88304305e-01
    1.11236304e-01 1.92875713e-01 7.91399717e-01 9.97037768e-01
    9.46237743e-01 3.10496569e-01 9.54613686e-01 6.05828881e-01
    4.50702369e-01 9.87762034e-01 5.69946468e-01 3.17719281e-01
    3.93258333e-02 8.45919967e-01 4.02830362e-01 3.05825800e-01
    1.49054825e-01 5.90187311e-02 7.14786768e-01 3.29433799e-01
    3.23338568e-01 5.26694059e-01 7.09330320e-01 7.61379004e-01
    6.38093054e-01 2.58892179e-02 3.91379863e-01 8.90336752e-01
    3.33811045e-02 2.72291660e-01 4.91574228e-01 2.28836298e-01
    1.48105592e-01 2.05046117e-01 4.78364527e-02 8.86614382e-01
    4.63937193e-01 2.10882097e-01 7.58031130e-01 4.65684503e-01
    5.36930859e-01 5.79246998e-01 5.25844395e-02 1.48910522e-01
    2.40691990e-01 2.60993510e-01 1.93539679e-01 9.67562199e-03
    1.90190464e-01 9.91662264e-01 4.47887778e-02 6.59373522e-01
    8.97069812e-01 3.67913783e-01 8.94642591e-01 9.96720433e-01
    3.14993083e-01 8.02064896e-01 6.90397322e-01 7.09697366e-01
    2.44876087e-01 4.47418898e-01 2.66209245e-03 1.49641037e-02
    6.39927506e-01 7.80223727e-01 9.43664908e-02 5.35988808e-01
    3.09211493e-01 4.35312271e-01 2.95818746e-01 9.93427753e-01
    2.09655255e-01 2.43095666e-01 8.78377676e-01 9.76937890e-01
    7.45793343e-01 4.01551068e-01 6.80310071e-01 1.64069474e-01
    1.32506222e-01 1.88416243e-03 9.41290140e-01 9.48482096e-01
    1.78153336e-01 5.05752683e-01 5.35607576e-01 7.19273448e-01
    2.82361805e-01 2.80928224e-01 1.93395257e-01 3.56054425e-01
    2.99806029e-01 2.10522741e-01 1.17668509e-03 7.11339116e-02
    9.64113951e-01 4.24085617e-01 6.76240802e-01 7.31290162e-01
    6.73203945e-01 2.88963109e-01 7.09791183e-02 7.87793517e-01
    1.19602084e-02 9.47299004e-02 2.57440239e-01 9.35200691e-01
    6.35650158e-02 2.96979487e-01 9.15340424e-01 3.16579938e-02
    8.59276533e-01 5.38960159e-01 3.42889309e-01 2.85020292e-01
    8.98142099e-01 6.27546549e-01 2.35954344e-01 6.65374160e-01
    4.97096181e-01 9.33808625e-01 8.74319434e-01 7.27144122e-01
    5.90311706e-01 2.00563222e-01 4.09306258e-01 6.74352109e-01
    1.04773045e-02 9.43237424e-01 5.41499019e-01 6.71313167e-01
    2.41729379e-01 9.34329152e-01 5.94122648e-01 6.42662525e-01
    2.48152524e-01 1.95117831e-01 9.25428808e-01 8.59190583e-01
    8.12877953e-01 4.90645647e-01 4.98984486e-01 7.38953352e-01
    3.88898015e-01 7.74607718e-01 9.59926248e-01 5.68372965e-01
    5.55245101e-01 8.21029425e-01 7.99151838e-01 2.23189175e-01
    9.62556303e-02 9.24738169e-01 1.85867101e-01 8.88418853e-01
    2.57422805e-01 7.93873787e-01 7.06463456e-01 2.89506972e-01
    4.66261327e-01 7.64847517e-01 1.81989819e-01 7.27493286e-01
    9.96498942e-01 4.12237823e-01 3.42005491e-01 2.24126607e-01
    6.77693725e-01 5.53724945e-01 1.00163162e-01 4.55751806e-01
    3.25174183e-01 2.88740277e-01 2.12400943e-01 1.48735791e-01
    5.72661102e-01 6.64271116e-01 6.80583119e-02 5.54267526e-01
    4.85943347e-01 7.67515600e-02 2.23194659e-01 8.11327219e-01
    1.77099288e-01 3.32853317e-01 8.07994187e-01 6.43031001e-01
    1.79731041e-01 6.73728108e-01 8.86012077e-01 5.70453584e-01
    4.16807979e-01 9.16507959e-01 3.88688058e-01 6.11201227e-02
    6.86207950e-01 7.96920180e-01 9.11259949e-01 8.80830169e-01
    9.68475401e-01 4.77992713e-01 6.08068287e-01 5.55230081e-02
    6.50120258e-01 4.84524310e-01 5.89018345e-01 9.36136544e-02
    4.60573226e-01 4.16978866e-01 9.66606021e-01 2.43556082e-01
    4.19331610e-01 9.79794145e-01 8.34790587e-01 7.28851795e-01
    3.44747782e-01 3.09485286e-01 6.83172405e-01 4.66957122e-01
    3.79463911e-01 2.12477177e-01 7.74053335e-01 2.69967347e-01
    3.05064023e-01 3.52195591e-01 8.23973775e-01 1.20805711e-01
    8.07879984e-01 8.14310074e-01 2.53070205e-01 4.03644890e-01
    7.70270586e-01 5.17010212e-01 9.26642418e-01 5.68542004e-01
    5.18673778e-01 4.11236405e-01 7.47818172e-01 4.57272649e-01
    9.59992886e-01 2.06802398e-01 9.11813140e-01 2.43432283e-01
    2.73047894e-01 6.36846721e-01 1.02888703e-01 6.76460147e-01
    2.76991665e-01 6.91940546e-01 7.26720691e-01 3.08648437e-01
    5.28439224e-01 4.99246985e-01 7.13733733e-01 2.86439389e-01
    3.29642564e-01 2.38933861e-02 1.01879388e-01 8.08464527e-01
    6.33233130e-01 6.57191336e-01 9.48704123e-01 8.30819011e-02
    4.70531791e-01 2.28484809e-01 8.20853829e-01 2.16414064e-01
    9.02432442e-01 1.41542196e-01 9.86805320e-01 5.05255640e-01
    4.77385879e-01 8.97703588e-01 3.39771628e-01 4.61498201e-02
    6.90278649e-01 9.65570867e-01 3.20178092e-01 1.93814039e-02
    8.30739498e-01 8.62406254e-01 4.90166128e-01 4.13646162e-01
    9.89269137e-01 7.37718046e-01 1.03336900e-01 6.39819920e-01
    9.69907045e-01 7.07554281e-01 7.30620384e-01 2.15150505e-01
    3.52061331e-01 1.58010751e-01 1.96634829e-02 8.58329475e-01
    2.68116772e-01 7.51137733e-01 6.03823245e-01 4.41799998e-01
    6.31914735e-01 7.11751938e-01 1.91913784e-01 6.41910315e-01
    1.42680615e-01 1.67383820e-01 9.31570530e-01 9.28214431e-01
    3.92102897e-01 8.54190052e-01 4.97680902e-02 8.35942626e-01
    9.59066808e-01 1.11686766e-01 5.80560088e-01 8.28525305e-01
    2.88462877e-01 2.58819580e-01 1.21579766e-02 6.82146251e-01
    7.90933669e-02 4.94962931e-02 6.41610980e-01 1.07808918e-01
    4.10634279e-03 8.83426964e-01 7.99853086e-01 2.62604356e-01
    4.13395792e-01 3.77167165e-02 5.30460000e-01 4.34201956e-03
    2.33802497e-01 5.41361034e-01 8.40322673e-02 1.64988965e-01
    6.26640022e-01 7.00404942e-01 3.23223114e-01 2.17717439e-01
    5.87022662e-01 7.68339515e-01 6.06108606e-01 3.40740889e-01
    4.94370341e-01 2.38874137e-01 3.18759263e-01 8.37544918e-01
    6.96666956e-01 1.12101167e-01 5.56703448e-01 4.70719844e-01
    2.75108337e-01 8.26798499e-01 5.39273679e-01 8.03029478e-01
    2.92061925e-01 2.69244552e-01 1.94813073e-01 5.77628791e-01
    3.99413049e-01 7.77023435e-01 9.18987095e-02 1.29507273e-01
    7.54602432e-01 2.83838511e-01 7.28891850e-01 2.62918562e-01
    1.70203567e-01 5.58202863e-01 6.99547172e-01 6.07057691e-01
    8.28010201e-01 9.07052517e-01 7.23354280e-01 7.63149261e-01
    9.85673964e-02 3.82332474e-01 9.43102300e-01 3.45412791e-02
    4.35979098e-01 6.53112054e-01 7.65651762e-02 5.49198806e-01
    9.33621645e-01 4.86886322e-01 8.31734538e-01 1.11614525e-01
    9.94467795e-01 9.41654444e-01 5.98993182e-01 5.91381550e-01
    9.76440668e-01 9.78478909e-01 9.38496351e-01 5.45198202e-01
    3.45096767e-01 3.40991318e-01 3.67169976e-02 9.00965095e-01
    6.71160042e-01 7.66364753e-01 2.56613493e-01 6.67005897e-01
    6.81477427e-01 7.93695092e-01 3.12127590e-01 1.78803980e-01
    5.64118385e-01 4.48457778e-01 7.90244937e-01 8.75723958e-01
    4.86464828e-01 2.91981697e-01 6.55699134e-01 9.77537155e-01
    3.76818299e-01 8.15727472e-01 8.46200049e-01 1.07033908e-01
    4.75329340e-01 9.13536727e-01 2.81983197e-01 1.38141125e-01
    6.49428010e-01 2.43957043e-01 3.86304677e-01 9.16349888e-01
    7.41688848e-01 8.31519127e-01 7.53944218e-01 6.60946608e-01
    8.95834982e-01 7.37355232e-01 2.36315131e-01 5.85951149e-01
    3.20019990e-01 2.84953713e-02 2.41348296e-01 7.35822499e-01
    3.77374172e-01 4.74705338e-01 5.91973662e-02 5.56233346e-01
    4.96480882e-01 3.77280295e-01 5.01390994e-02 1.25425160e-02
    1.75769538e-01 6.95073307e-02 8.44482541e-01 1.33507431e-01
    5.93464196e-01 6.05589151e-02 3.17961633e-01 6.55618608e-02
    5.93943715e-01 3.51858139e-02 7.24441767e-01 5.59805572e-01
    3.27863336e-01 3.07684898e-01 6.36329412e-01 1.15749031e-01
    1.07826084e-01 9.57148790e-01 3.04125667e-01 7.94559538e-01
    1.45395458e-01 5.29237151e-01 2.74221301e-01 4.80011374e-01
    7.86878049e-01 9.27119553e-01 2.57836580e-02 7.39299655e-01
    1.23207629e-01 7.14187324e-02 1.98501348e-02 2.68438935e-01
    9.21458602e-02 5.40960252e-01 4.13598597e-01 9.65237379e-01
    7.29702473e-01 3.82173181e-01 7.44507611e-02 9.92160857e-01
    9.65731382e-01 9.27899837e-01 4.74033862e-01 8.95809472e-01
    3.39582682e-01 2.27418691e-01 4.52733189e-01 6.51821256e-01
    9.89279628e-01 5.20878792e-01 4.77092326e-01 5.18293083e-01
    2.33698517e-01 5.16843855e-01 3.66466701e-01 7.80221760e-01
    8.40587556e-01 3.95939648e-01 1.29168004e-01 8.33382726e-01
    1.40905648e-01 4.71196473e-01 2.68973053e-01 5.60856104e-01
    2.00268239e-01 8.92916799e-01 4.63307053e-01 1.44950688e-01
    8.80582869e-01 2.17866749e-01 3.77944201e-01 3.96102726e-01
    1.27722204e-01 1.07174873e-01 7.90316582e-01 4.36487049e-01
    6.27603829e-01 3.71922851e-01 8.82482171e-01 2.18130589e-01
    4.32115853e-01 4.69345152e-01 3.36795360e-01 9.39033747e-01
    9.32973862e-01 4.43908721e-01 2.69355774e-01 5.56628644e-01
    6.32710457e-01 4.40917701e-01 2.16206104e-01 6.39607131e-01
    8.26133251e-01 4.95506048e-01 3.91560346e-01 3.35832119e-01
    8.08277905e-01 6.41238332e-01 1.84096694e-01 8.24836671e-01
    2.35403687e-01 1.45562500e-01 2.91604578e-01 6.37650967e-01
    9.30889428e-01 4.59205419e-01 8.55689645e-01 7.03037620e-01
    4.31710452e-01 7.95160532e-01 6.88961506e-01 2.99721777e-01
    3.60696375e-01 9.03285503e-01 1.22190833e-01 4.89402622e-01
    2.72577614e-01 4.84832734e-01 7.87916839e-01 5.85489333e-01
    4.95819449e-02 8.80442679e-01 9.40870225e-01 7.84838796e-01
    8.23720455e-01 3.12760770e-01 9.07816291e-01 7.46864080e-03
    8.62998068e-02 6.15435004e-01 4.89644289e-01 4.21622247e-01
    4.06738132e-01 8.84640455e-01 9.68486428e-01 5.00585973e-01
    7.93324709e-01 4.91174996e-01 3.36593211e-01 2.98808098e-01
    5.13423085e-01 8.01216424e-01 2.24121451e-01 4.02340949e-01
    2.56422043e-01 3.41300845e-01 3.72311950e-01 2.72228479e-01
    1.14043474e-01 9.04709160e-01 8.07160735e-01 2.95116305e-02
    3.18512410e-01 2.84767747e-02 7.15259612e-01 7.32377887e-01
    3.17305654e-01 5.48499405e-01 6.16313577e-01 1.20908767e-01
    1.99351668e-01 6.48379922e-01 7.78978944e-01 9.35059190e-02
    9.79009509e-01 8.31070721e-01 2.52585500e-01 8.36415350e-01
    7.00085104e-01 2.40455329e-01 8.30704927e-01 9.87390757e-01
    5.79495847e-01 9.64252651e-01 8.18592727e-01 9.87462699e-02
    8.01428318e-01 4.51333255e-01 7.40222931e-01 3.02861094e-01
    2.74773836e-01 9.53538895e-01 8.50622118e-01 2.95374095e-01
    5.94888389e-01 2.44983852e-01 2.17845052e-01 5.70816159e-01
    3.11274081e-01 4.82472777e-02 5.75904131e-01 1.13756806e-01
    6.76214695e-01 7.66736388e-01 2.59508014e-01 7.99835384e-01
    1.82809204e-01 4.96710926e-01 7.67662525e-01 7.68419862e-01
    8.25985610e-01 8.16388607e-01 1.14401132e-01 3.37404072e-01
    8.95826101e-01 7.95677304e-02 5.20004153e-01 1.47471517e-01
    3.14352572e-01 6.38190627e-01 2.59515107e-01 6.25365853e-01
    7.42710412e-01 6.91652298e-02 5.29042184e-02 2.35947847e-01
    6.63614750e-01 5.57565391e-02 6.38545275e-01 7.52663612e-02
    6.87751770e-02 2.60470420e-01 3.18191051e-01 6.25380635e-01
    5.05797684e-01 1.83586150e-01 4.07865107e-01 3.13952863e-02
    4.76128459e-02 4.08390164e-02 4.47409451e-02 2.77288646e-01
    5.57780206e-01 6.74516439e-01 5.03193617e-01 9.20695186e-01
    8.73955488e-02 4.67365324e-01 6.15188003e-01 2.10820705e-01
    7.20172524e-01 8.37380886e-01 7.39626467e-01 6.20440900e-01
    3.51407796e-01 2.61749387e-01 6.10187650e-02 5.66264689e-02
    5.16235888e-01 3.53560388e-01 7.43156731e-01 2.67257154e-01
    1.36208296e-01 8.49066794e-01 4.98139620e-01 5.00775993e-01
    3.37792099e-01 2.09113002e-01 8.17003548e-02 9.43121552e-01
    6.61522925e-01 6.54222548e-01 1.48854882e-01 6.24977112e-01
    2.10053861e-01 3.79952580e-01 8.01922619e-01 5.67585826e-01
    9.20512438e-01 9.62728679e-01 9.30597842e-01 2.80968368e-01
    5.22712231e-01 4.52768415e-01 9.07978296e-01 1.64485127e-01
    4.81421292e-01 2.57792950e-01 9.37864065e-01 6.15581214e-01
    7.52971888e-01 2.98010707e-01 2.47311354e-01 5.37153721e-01
    5.25180995e-01 4.32318211e-01 2.06264079e-01 6.71341360e-01
    7.34306514e-01 8.13288808e-01 9.92115259e-01 1.76219165e-01
    1.31641746e-01 1.47584319e-01 6.82898939e-01 7.25004613e-01
    4.44734275e-01 6.09113157e-01 5.10049224e-01 1.87430829e-01
    2.82111853e-01 2.53404558e-01 3.72043252e-01 4.69666779e-01
    8.07845592e-01 8.91532660e-01 5.39364994e-01 2.57844925e-01
    4.80288774e-01 8.49961519e-01 2.95501053e-01 5.53947687e-02
    3.22105855e-01 7.52624512e-01 2.81186044e-01 7.54878879e-01
    6.05434895e-01 4.04489458e-01 1.27241492e-01 5.13698459e-01
    5.43136895e-02 3.57695103e-01 5.27923167e-01 2.37253249e-01
    8.61382723e-01 7.71309733e-02 2.93385565e-01 7.95033336e-01
    8.28042150e-01 4.15260345e-01 8.61755133e-01 8.25991631e-01
    6.39782548e-01 6.63958430e-01 5.07554710e-02 6.23416066e-01
    8.84615958e-01 9.58051920e-01 5.22905827e-01 4.21126485e-01
    5.60727239e-01 3.89938533e-01 6.17046237e-01 4.66160238e-01
    9.31797981e-01 3.51706922e-01 2.60716558e-01 1.99061632e-01
    1.19217545e-01 5.54253340e-01 8.48501563e-01 1.05889797e-01
    3.38177741e-01 7.52498209e-02 3.70621264e-01 7.00036764e-01
    9.83810544e-01 1.81883276e-02 6.83146298e-01 9.77772117e-01
    2.76507199e-01 4.20012295e-01 2.04883486e-01 6.91076100e-01
    3.10196817e-01 7.41395235e-01 9.37338471e-01 2.53044277e-01
    6.62705541e-01 7.17179894e-01 2.80506611e-01 8.48206937e-01
    9.62707102e-01 1.35300159e-01 6.19847953e-01 3.76527905e-01
    5.00868380e-01 4.34191078e-01 3.00796390e-01 4.25170600e-01
    8.80710125e-01 6.49701655e-02 8.33376408e-01 6.81111515e-01
    8.78525138e-01 8.55244517e-01 5.69809258e-01 8.14514756e-02
    2.68948257e-01 7.23670244e-01 9.39888835e-01 1.15199119e-01
    2.12758034e-01 5.03601253e-01 6.01021349e-01 2.12137133e-01
    8.22529197e-03 3.00487816e-01 3.73841792e-01 1.45256519e-01
    2.25293279e-01 4.66564924e-01 5.13744354e-01 2.53168464e-01
    6.81976318e-01 2.71251291e-01 6.63039804e-01 5.52129745e-02
    6.96682870e-01 4.03420866e-01 8.49061370e-01 1.08084112e-01
    3.66452754e-01 8.08848143e-02 4.24447358e-01 8.05507421e-01
    7.97398686e-01 6.94888532e-02 5.08718610e-01 3.72477740e-01
    9.97711420e-01 3.95288587e-01 8.68324339e-02 1.95811957e-01
    1.92061841e-01 3.73359323e-01 2.87575722e-01 4.02551860e-01
    6.79439247e-01 5.32681823e-01 6.50842428e-01 1.45092607e-02
    2.17605740e-01 3.96414220e-01 1.40160501e-01 8.85853410e-01
    2.28780597e-01 1.73886806e-01 9.16181803e-02 1.89858586e-01
    3.16491187e-01 9.89745915e-01 3.60099882e-01 5.13633132e-01
    8.74794781e-01 8.80452931e-01 5.72745502e-01 2.55674839e-01
    2.86423415e-01 4.35807854e-01 6.81048334e-01 6.20147288e-02
    8.80311251e-01 8.30558658e-01 1.48980618e-02 3.99946332e-01
    1.27671301e-01 7.16158748e-01 8.57299089e-01 4.74003315e-01
    5.09327352e-02 9.66460943e-01 7.64533103e-01 8.85959744e-01
    2.25055248e-01 9.80061054e-01 4.79998022e-01 8.86699438e-01
    6.05635583e-01 3.72102857e-02 5.15988469e-01 8.32016826e-01
    8.26686621e-03 8.99165869e-02 7.37126410e-01 7.90303648e-02
    9.01841044e-01 6.96471512e-01 5.83265483e-01 6.07638717e-01
    8.83267522e-01 6.19868696e-01 2.99991429e-01 1.24116421e-01
    9.09804404e-02 1.05575114e-01 1.61865920e-01 4.88784909e-02
    3.86583239e-01 3.32947373e-01 9.73365486e-01 8.92102003e-01
    2.09507287e-01 2.85148650e-01 2.27020562e-01 4.63346153e-01
    7.45712876e-01 9.43642855e-01 6.16866887e-01 5.98363638e-01
    2.58480608e-01 2.87041068e-03 9.69509602e-01 3.67481768e-01
    2.02962816e-01 9.49265957e-02 5.38545847e-02 6.84172392e-01
    1.09895170e-01 3.18724781e-01 1.71506554e-01 2.91837037e-01
    1.37809306e-01 6.97714388e-01 2.02617466e-01 2.76509613e-01
    6.64714217e-01 5.07144213e-01 1.96626425e-01 8.78860652e-02
    2.19648480e-01 2.61166871e-01 5.14542103e-01 8.90381336e-02
    2.37390637e-01 7.30513930e-02 3.72768342e-02 7.85591364e-01
    9.63527322e-01 3.98806393e-01 7.84292281e-01 6.14460707e-01
    3.05590004e-01 5.26202381e-01 5.29192805e-01 6.95275307e-01
    3.38660538e-01 4.88607526e-01 6.45558596e-01 6.54129624e-01
    1.17899597e-01 5.93138754e-01 8.77374828e-01 1.79124773e-01
    9.32152271e-01 9.61085081e-01 2.30936229e-01 4.59821552e-01
    8.53168488e-01 8.70834172e-01 6.88693166e-01 4.78867590e-02
    3.65825146e-01 1.74331665e-02 2.31415033e-02 2.05249965e-01
    2.20833421e-01 3.98310483e-01 3.24549317e-01 7.07970142e-01
    7.03884721e-01 8.28955591e-01 8.40024352e-01 8.24046135e-03
    5.60763419e-01 7.04516172e-02 8.39596450e-01 9.87195671e-01
    8.10998976e-01 9.64407086e-01 7.00738430e-02 6.68478727e-01
    6.07321084e-01 2.34101951e-01 9.73634720e-01 9.21714962e-01
    4.19940978e-01 2.54524350e-02 1.53933257e-01 2.36252815e-01
    9.37225103e-01 5.75623155e-01 7.64667749e-01 2.82728672e-02
    9.08282518e-01 6.44380331e-01 6.17436290e-01 9.81233299e-01
    6.29833043e-01 9.02615905e-01 1.53048754e-01 9.34654713e-01
    3.22800338e-01 1.21615082e-01 9.11776900e-01 5.24153411e-01
    3.26906800e-01 5.28922141e-01 6.73621714e-01 6.15161121e-01
    1.35335505e-01 6.27379060e-01 5.74000180e-02 8.45421791e-01
    5.11419594e-01 6.45447195e-01 7.20204532e-01 4.96593297e-01
    3.96117508e-01 8.00223827e-01 9.58181918e-01 1.05873346e-02
    1.45825654e-01 9.17746902e-01 8.09938908e-02 2.27548778e-01
    7.82178402e-01 3.52915168e-01 4.65975374e-01 7.88760722e-01
    3.71828079e-02 7.30711102e-01 1.17678136e-01 2.67190218e-01
    8.62302423e-01 6.75061584e-01 3.02666187e-01 8.45506549e-01
    8.13237488e-01 4.86109406e-01 6.10892475e-01 5.69096625e-01
    6.30937636e-01 9.95058179e-01 9.42157984e-01 4.32895839e-01
    4.83451694e-01 3.58937621e-01 1.22846127e-01 7.97426403e-01
    3.33833694e-01 1.66873634e-02 3.47783715e-01 6.17429733e-01
    1.54912084e-01 1.60086691e-01 2.65503347e-01 8.00008476e-01
    5.66555440e-01 8.78441095e-01 3.18995148e-01 9.62724745e-01
    9.44802761e-01 8.63683224e-03 6.88967884e-01 3.03960532e-01
    1.79544121e-01 5.54259479e-01 2.58898824e-01 4.90990788e-01
    8.23993087e-02 3.62422734e-01 9.56051469e-01 9.57881629e-01
    1.83454096e-01 3.07738900e-01 4.03101385e-01 2.50047207e-01
    4.04180914e-01 9.03426766e-01 5.27009070e-02 8.87697339e-01
    1.72333926e-01 9.98860955e-01 3.00607026e-01 6.98495865e-01
    7.12544620e-02 7.24188328e-01 4.18411434e-01 5.26059806e-01
    8.82326126e-01 4.49465513e-02 8.61605704e-02 9.58308578e-02
    4.14761066e-01 1.77563012e-01 1.62851244e-01 3.05996984e-01
    7.04695046e-01 9.30162549e-01 5.01139164e-01 4.15126681e-01
    1.80698633e-02 1.06326312e-01 6.54548347e-01 8.98752868e-01
    3.48725677e-01 4.16212380e-02 9.93156075e-01 2.82193124e-01
    4.61069077e-01 8.20573092e-01 4.67498064e-01 3.79029006e-01
    8.37246895e-01 7.07376003e-02 7.50937939e-01 1.07463956e-01
    8.84401321e-01 1.08125418e-01 6.27570510e-01 6.89592361e-02
    6.43782794e-01 7.16493905e-01 9.74952400e-01 5.89501143e-01
    3.86070490e-01 5.31313479e-01 3.40076149e-01 8.84320378e-01
    6.31239653e-01 8.56537521e-01 1.09067976e-01 5.25642037e-01
    9.15310681e-02 2.04065233e-01 5.85345268e-01 6.27195835e-01
    4.16014016e-01 1.72871381e-01 1.64490789e-01 2.62100071e-01
    5.72568476e-02 3.52402925e-01 5.41763663e-01 8.29149663e-01
    5.81754684e-01 9.32144880e-01 8.91436577e-01 6.97048783e-01
    9.62387562e-01 1.24254018e-01 2.67480522e-01 4.94888276e-01
    8.83267581e-01 6.34335160e-01 2.40367502e-01 4.97069329e-01
    9.45352316e-01 1.98986530e-01 7.27405548e-02 5.88723183e-01
    1.95120841e-01 5.17474532e-01 2.08257109e-01 7.43482709e-01
    3.38479638e-01 7.50787020e-01 7.65102267e-01 9.63786960e-01
    7.66477108e-01 7.58929133e-01 5.46012878e-01 9.85409975e-01
    5.56736171e-01 1.88136250e-01 5.80745518e-01 3.26847553e-01
    9.76600289e-01 1.72116488e-01 6.70741200e-01 7.82570541e-02
    4.69197273e-01 3.80899936e-01 9.40124750e-01 3.50358695e-01
    2.04197705e-01 2.29888380e-01 6.78467929e-01 3.04564834e-03
    9.39699292e-01 5.51419079e-01 9.05528903e-01 9.96632934e-01
    9.33643460e-01 8.99466276e-02 9.73808885e-01 1.94123477e-01
    9.58594441e-01 9.43394780e-01 1.35343820e-01 4.26667869e-01
    1.34394497e-01 6.85354173e-01 3.27857733e-01 9.43920851e-01
    7.06113517e-01 5.07330656e-01 1.09167576e-01 3.60203326e-01
    1.37213230e-01 4.68747258e-01 9.91629124e-01 2.49533445e-01
    1.98122412e-01 9.56975579e-01 8.81270885e-01 1.08090103e-01
    2.81318069e-01 9.40927565e-01 6.60562813e-02 4.45300162e-01
    7.33671844e-01 6.75125301e-01 3.17874700e-01 9.83916163e-01
    8.63851547e-01 3.55283380e-01 9.91346717e-01 1.08974874e-01
    2.01575249e-01 2.98475653e-01 2.43996054e-01 7.40036964e-01
    4.78785038e-01 4.02894616e-02 3.04141283e-01 3.84290069e-01
    3.23870748e-01 5.64427555e-01 4.32234138e-01 4.80706394e-01
    5.61105013e-01 5.86292982e-01 7.40303636e-01 6.00009680e-01
    9.61040735e-01 2.06232309e-01 2.11941332e-01 5.76856256e-01
    2.96985507e-02 3.92658114e-02 8.94641876e-01 4.59828138e-01
    8.87406826e-01 4.37031388e-01 1.55804157e-01 8.55057955e-01
    2.25484580e-01 4.19051379e-01 6.94771886e-01 5.06068408e-01
    2.34690219e-01 3.68395954e-01 5.27244091e-01 8.04400682e-01
    7.92029858e-01 2.68410623e-01 5.30075133e-01 5.33631742e-01
    7.37093389e-01 2.42637664e-01 1.87627643e-01 6.74294293e-01
    9.52473104e-01 5.08812547e-01 9.11062598e-01 2.39653111e-01
    2.47508794e-01 5.79161882e-01 2.50597298e-01 6.29626334e-01
    9.82604146e-01 1.26573980e-01 1.76572919e-01 9.19301867e-01
    9.01044607e-01 7.49727488e-02 5.30413628e-01 8.84323895e-01
    2.09855318e-01 6.79610014e-01 8.27568412e-01 8.82815957e-01
    1.59611404e-01 9.03810501e-01 8.60684395e-01 2.33954340e-01
    2.36938477e-01 1.54850960e-01 4.47598010e-01 5.43659568e-01
    3.18270147e-01 4.38162208e-01 6.79460227e-01 7.54444659e-01
    8.59030306e-01 2.89556086e-01 7.60495663e-01 8.80853117e-01
    4.85970736e-01 5.63609004e-01 5.31917214e-01 7.78156996e-01
    3.53333563e-01 3.44106764e-01 6.52435422e-01 2.18138099e-02
    5.83434105e-02 1.04665518e-01 4.02549297e-01 3.69862020e-01
    6.62640035e-01 2.55689025e-01 2.42344230e-01 7.01655388e-01
    8.77773523e-01 2.67778635e-02 6.81717932e-01 2.29946226e-01
    7.16695786e-01 2.74237424e-01 1.24129146e-01 3.82572889e-01
    3.17791790e-01 6.90677762e-02 3.82106721e-01 1.91704333e-02
    3.70548129e-01 2.59656906e-01 5.98403931e-01 1.98857576e-01
    4.29544151e-02 8.86701345e-02 7.65530586e-01 5.49106479e-01
    9.69446540e-01 1.14154458e-01 9.85989749e-01 5.32231510e-01
    8.68631244e-01 8.70981991e-01 6.11254096e-01 7.04730749e-01
    8.10756385e-01 7.26304054e-01 8.48852992e-01 6.37471259e-01
    5.19666314e-01 4.17617202e-01 5.05696774e-01 6.94054782e-01
    9.58905578e-01 1.44767970e-01 5.09846270e-01 7.34421551e-01
    4.43420589e-01 7.99802661e-01 3.02223474e-01 9.38990414e-02
    5.94577968e-01 2.82687366e-01 5.20439744e-01 9.04769778e-01
    7.38948703e-01 8.94502401e-01 3.48357707e-01 8.74203444e-01
    3.20825934e-01 1.48490250e-01 9.70636845e-01 1.21627837e-01
    1.96350634e-01 5.31726122e-01 5.39265335e-01 2.47877270e-01
    4.94621694e-02 2.93702841e-01 1.63781434e-01 9.34062421e-01
    3.27375531e-02 5.88091493e-01 2.49541730e-01 2.54178166e-01
    9.44749713e-01 3.11845839e-01 1.64047182e-02 7.90703654e-01
    5.40049553e-01 2.09940583e-01 7.86259890e-01 8.17360044e-01
    4.52104270e-01 1.32901102e-01 1.19674832e-01 9.35035586e-01
    5.49407780e-01 5.64275146e-01 1.00415856e-01 3.67597699e-01
    2.54674733e-01 9.19440567e-01 1.58212394e-01 1.87178642e-01
    2.33469397e-01 9.17074025e-01 3.20921004e-01 4.51090872e-01
    7.52733231e-01 8.49348307e-01 5.62528908e-01 7.95107841e-01
    7.76271760e-01 6.25886679e-01 6.31644487e-01 6.99582279e-01
    9.75849271e-01 2.82356232e-01 9.56046343e-01 1.94539845e-01
    1.01336241e-01 9.17954981e-01 6.12492383e-01 2.56925106e-01
    8.87403488e-02 2.57995486e-01 2.80139625e-01 4.76527840e-01
    8.27204585e-01 4.88870442e-01 3.96997988e-01 7.47741401e-01
    5.28268993e-01 6.76414728e-01 8.94042730e-01 6.08140111e-01
    3.56054306e-02 4.83493745e-01 6.89264715e-01 5.61284661e-01
    1.88363433e-01 3.30817014e-01 6.45524502e-01 1.73904747e-01
    8.54023099e-02 4.35437948e-01 1.83473259e-01 1.04620636e-01
    3.20280552e-01 7.54203081e-01 6.37360334e-01 6.05425715e-01
    1.00135028e-01 5.73773861e-01 5.19652367e-01 2.19425261e-02
    1.77596092e-01 6.89212799e-01 9.33167815e-01 9.38495755e-01
    1.17393583e-01 8.57483864e-01 4.07532126e-01 3.78508568e-01
    7.86719918e-01 9.61662412e-01 3.68673533e-01 8.13053727e-01
    8.38634491e-01 5.77276945e-03 2.83179075e-01 2.01236576e-01
    5.46371758e-01 5.42645276e-01 7.39982367e-01 6.02854788e-01
    8.90582561e-01 2.68480599e-01 1.02561951e-01 4.63632196e-01
    8.20022464e-01 2.42713124e-01 1.90842271e-01 7.49668419e-01
    6.17980957e-02 5.62187433e-02 2.59745270e-01 7.01066375e-01
    6.07462227e-01 1.39352858e-01 1.36070609e-01 3.94838274e-01
    4.43683386e-01 9.95652974e-02 3.21466923e-01 8.98854077e-01
    4.89914030e-01 3.24917048e-01 2.15277344e-01 6.80315077e-01
    5.38655758e-01 5.02710223e-01 7.41620302e-01 7.18316436e-01
    9.35463548e-01 5.06947458e-01 7.84076214e-01 8.45157623e-01
    5.59002638e-01 3.23153555e-01 3.65192711e-01 8.28940451e-01
    8.31239223e-01 6.29387140e-01 3.61843109e-01 6.81596518e-01
    8.76045942e-01 7.63440490e-01 7.97562718e-01 5.57358265e-01
    5.32890201e-01 9.44101393e-01 2.62437373e-01 1.91458941e-01
    8.24221671e-01 1.22059196e-01 6.16900027e-02 8.39968204e-01
    3.85060847e-01 4.75214005e-01 2.16945231e-01 9.17218804e-01
    5.24044812e-01 9.57680225e-01 7.70231485e-01 6.22070849e-01
    2.64691681e-01 6.37454033e-01 6.10678554e-01 8.76598716e-01
    2.22049534e-01 2.35613644e-01 7.79805541e-01 2.93206394e-01
    8.43844116e-02 8.94952536e-01 7.23178744e-01 4.04044300e-01
    5.48152387e-01 6.92741930e-01 1.91189617e-01 7.10333109e-01
    5.34325957e-01 5.52950442e-01 7.06676960e-01 4.60725158e-01
    7.01625884e-01 6.18602633e-01 6.28304243e-01 6.69956207e-01
    4.84183133e-02 6.68437123e-01 5.41400611e-01 8.51965547e-01
    1.81527615e-01 8.50111485e-01 8.56747448e-01 3.55051905e-01
    1.09079331e-01 2.70599425e-02 5.85794449e-02 6.26086593e-01
    1.61147892e-01 2.93206513e-01 4.65531737e-01 2.60671139e-01
    8.93650055e-02 3.42702389e-01 6.94980502e-01 7.14298844e-01
    2.16010213e-02 9.55956817e-01 5.85447788e-01 2.67142653e-01
    7.56758690e-01 2.84026682e-01 9.66954708e-01 6.01010799e-01
    1.64088607e-02 5.82485020e-01 7.45506406e-01 9.30944145e-01
    7.76308775e-01 2.18133420e-01 6.05201066e-01 1.36039615e-01
    9.39915061e-01 1.93395585e-01 9.91515636e-01 1.81942403e-01
    8.86698306e-01 1.61208808e-01 6.89717829e-01 4.81814444e-01
    1.80120856e-01 2.49552131e-01 8.51645589e-01 9.32080746e-01
    2.43682653e-01 9.62350130e-01 3.07158142e-01 9.50529695e-01
    3.83877575e-01 2.18151748e-01 5.15262663e-01 5.86691737e-01
    6.87880635e-01 6.05150461e-01 8.58802199e-01 8.62069666e-01
    7.49048352e-01 5.72613180e-02 2.42895663e-01 8.93470407e-01
    1.68053120e-01 2.58051634e-01 8.45194578e-01 2.59823024e-01
    3.74644101e-01 9.00954008e-01 2.74101615e-01 9.22912478e-01
    7.68646717e-01 8.13273787e-01 5.05161643e-01 9.26926136e-01
    6.37208879e-01 8.82579982e-01 7.66185403e-01 8.69190633e-01
    8.72461975e-01 5.52925825e-01 4.70894307e-01 7.99201548e-01
    5.37612855e-01 9.02032554e-02 9.86063719e-01 6.33207560e-02
    5.09736955e-01 8.78372252e-01 3.68338406e-01 6.95162535e-01
    2.59171605e-01 3.06630135e-03 7.22565293e-01 1.59240097e-01
    9.00267482e-01 1.50552571e-01 5.12946546e-01 1.18982911e-01
    5.25077164e-01 4.86312360e-01 7.29196191e-01 3.62817705e-01
    9.39717889e-02 7.95300663e-01 6.61754906e-01 2.49971986e-01
    3.88178289e-01 1.36689097e-01 4.54150230e-01 2.74383128e-01
    4.41366225e-01 8.51834416e-01 2.29794502e-01 3.60956967e-01
    5.15801847e-01 1.37072891e-01 5.70322573e-02 1.64801002e-01
    7.78864682e-01 7.20917344e-01 6.72527432e-01 6.58374906e-01
    7.68134356e-01 7.22502351e-01 7.29116499e-01 1.20056301e-01
    3.36393356e-01 4.14644957e-01 8.67058277e-01 4.61899221e-01
    3.59467208e-01 9.50271726e-01 4.39070165e-02 7.68021286e-01
    9.03210521e-01 3.02010655e-01 1.21979415e-01 1.42467916e-02
    3.47342551e-01 5.74565351e-01 6.46489561e-01 1.99246466e-01
    7.47137964e-02 3.92439663e-02 8.27012420e-01 6.93565965e-01
    4.81802344e-01 8.90429378e-01 3.57431650e-01 8.62199426e-01
    3.57434124e-01 1.71663821e-01 5.83686531e-02 2.31812000e-01
    1.58349425e-01 6.14780068e-01 6.39224112e-01 9.52378631e-01
    6.56871736e-01 2.97528535e-01 7.88350642e-01 4.11567569e-01
    9.13164377e-01 6.16296709e-01 5.57746232e-01 4.12182361e-01
    1.87007725e-01 5.64024150e-01 3.90644848e-01 6.48911774e-01
    3.42924505e-01 8.95707905e-02 5.82106352e-01 7.50484347e-01
    5.09915590e-01 2.25805193e-01 8.59957695e-01 8.09687614e-01
    5.84318280e-01 7.37981081e-01 3.26792240e-01 7.15727031e-01
    1.33480489e-01 7.34195471e-01 7.62737215e-01 5.95642447e-01
    6.97718084e-01 6.35368347e-01 2.32627660e-01 8.57391596e-01
    6.51415884e-01 8.13985229e-01 8.09091330e-02 2.13028610e-01
    7.44970858e-01 1.75165653e-01 5.02454937e-02 9.62445140e-02
    8.20299983e-01 5.27868688e-01 3.76245737e-01 7.06677914e-01
    5.25599599e-01 8.62836003e-01 3.10608745e-02 9.67364728e-01
    5.42268455e-02 3.68962467e-01 6.23466015e-01 3.53705525e-01
    7.95515060e-01 6.08584225e-01 2.67287791e-01 1.23249620e-01
    2.94329554e-01 8.27829421e-01 6.17932260e-01 6.61079407e-01
    8.20147097e-01 5.83733022e-02 7.82171905e-01 7.72623241e-01
    4.31468904e-01 1.11070663e-01 9.11518276e-01 6.37960732e-02
    6.31476521e-01 6.47316694e-01 7.56413460e-01 2.56185830e-01
    2.73420513e-01 7.95925856e-01 8.11509907e-01 1.57851011e-01
    7.32475400e-01 9.47346449e-01 9.35618281e-01 1.16522014e-01
    3.72206926e-01 1.10756010e-01 9.90364671e-01 5.20137191e-01
    2.32733071e-01 7.25213170e-01 8.88777792e-01 6.73841894e-01
    4.95733172e-01 8.34788382e-01 3.71278763e-01 9.88632441e-03
    1.31294996e-01 6.97815299e-01 6.64721131e-01 8.81465673e-01
    6.96223021e-01 2.45223939e-02 9.94559526e-02 3.81528795e-01
    5.73046565e-01 2.72461772e-01 5.89289963e-01 4.27748561e-02
    8.29195857e-01 3.56454581e-01 3.33424330e-01 7.05718875e-01
    9.68781412e-02 1.94554031e-01 8.94004345e-01 8.22921693e-02
    8.36722732e-01 7.64198661e-01 5.06579399e-01 2.00572908e-02
    2.72432268e-01 8.50646377e-01 4.98959363e-01 3.60501111e-01
    4.26477343e-01 4.89114910e-01 4.69326168e-01 9.84796345e-01
    1.79268986e-01 4.50982779e-01 5.23199081e-01 3.26875269e-01
    1.79572612e-01 3.54945362e-01 1.62697792e-01 8.07042778e-01
    6.03906035e-01 5.06151497e-01 5.81111789e-01 7.43122578e-01
    9.39375877e-01 6.60302937e-02 9.36860740e-02 7.01940417e-01
    7.19999731e-01 9.60405231e-01 4.25015509e-01 9.82348442e-01
    3.26261222e-02 7.38098860e-01 4.24616992e-01 8.84290457e-01
    3.56297433e-01 1.22783184e-01 8.68444324e-01 7.47171462e-01
    7.99173117e-02 3.95277411e-01 2.57428706e-01 4.98118281e-01
    7.24969208e-02 5.20952106e-01 8.02794695e-02 8.66613209e-01
    6.05823278e-01 6.63869560e-01 4.11521792e-01 9.96568084e-01
    3.63888800e-01 5.73562264e-01 2.91260898e-01 1.80090189e-01
    6.10112786e-01 9.83713865e-01 8.32543314e-01 4.32691813e-01
    3.40832531e-01 3.23004156e-01 7.14814186e-01 1.46591753e-01
    2.48306751e-01 1.20042086e-01 8.46642256e-01 5.32787502e-01
    5.13091266e-01 4.00619745e-01 8.71324420e-01 1.34474099e-01
    3.98633480e-01 1.14489794e-02 1.92592323e-01 9.40679491e-01
    3.25681388e-01 1.47118837e-01 3.81776035e-01 8.98648739e-01
    2.77411073e-01 1.17175967e-01 9.38142061e-01 4.90481436e-01
    1.94224834e-01 8.44308496e-01 7.93704987e-01 1.08602643e-03
    8.45802069e-01 2.06777841e-01 5.46907604e-01 6.68746352e-01
    9.66091335e-01 9.62571144e-01 9.18932199e-01 7.81656444e-01
    9.84260440e-01 9.32779491e-01 6.83909893e-01 5.35540819e-01
    9.08252001e-01 4.85678732e-01 6.64965153e-01 3.08583438e-01
    9.39862847e-01 1.23649716e-01 7.82225132e-01 1.88752204e-01
    5.47790766e-01 1.11890137e-01 5.53637743e-01 6.72160864e-01
    8.11792672e-01 7.96924591e-01 9.29178715e-01 1.64087534e-01
    9.14286256e-01 8.86496961e-01 3.38664889e-01 3.55524659e-01
    7.58020043e-01 6.12656593e-01 7.58254230e-02 5.16351819e-01
    1.78487986e-01 2.04893351e-01 6.78417921e-01 4.16598558e-01
    2.95357406e-02 2.47400314e-01 2.49844342e-01 3.17713022e-01
    9.11424756e-01 2.89467573e-01 6.36075377e-01 5.92402399e-01
    7.37626851e-02 6.61929727e-01 4.12256420e-01 8.99563730e-02
    3.74246359e-01 8.00067246e-01 7.80887067e-01 8.45325232e-01
    2.44366199e-01 4.73874956e-01 3.92016172e-01 7.82318652e-01
    6.16469979e-02 2.57877022e-01 4.94837761e-02 2.71511734e-01
    2.63764083e-01 7.02962577e-01 4.28556859e-01 2.96887159e-01
    6.08055532e-01 3.77631575e-01 4.80104268e-01 1.41554385e-01
    9.41272497e-01 5.87196052e-02 6.03610337e-01 2.32509673e-02
    2.58601904e-01 5.92489362e-01 3.29430610e-01 7.15616643e-01
    8.42183292e-01 3.17482948e-02 9.10526395e-01 3.53042841e-01
    8.71429265e-01 5.93187153e-01 2.10411787e-01 2.47897744e-01
    6.00508511e-01 9.95007277e-01 1.52510047e-01 3.81875724e-01
    8.44160318e-02 5.76965809e-01 5.78668118e-01 2.59791613e-01
    5.69809556e-01 1.04781061e-01 5.77925801e-01 5.55619955e-01
    3.79983068e-01 2.70153224e-01 7.16288567e-01 1.88902020e-01
    2.06301510e-02 5.75909317e-01 4.75190610e-01 8.25392246e-01
    1.36737168e-01 2.69369185e-01 2.72036552e-01 1.83808118e-01
    2.61409074e-01 5.00100255e-01 5.88105559e-01 7.73462057e-01
    7.28070498e-01 9.22310174e-01 5.81305027e-01 5.17249882e-01
    9.96903419e-01 8.81624103e-01 4.28230226e-01 8.07571173e-01
    5.64443767e-02 8.68242383e-01 5.78558385e-01 5.48755169e-01
    7.06873238e-02 6.76959157e-01 2.80715764e-01 5.02948701e-01
    5.21018922e-01 2.16280460e-01 2.43087918e-01 2.41914779e-01
    3.62543941e-01 6.90091252e-02 8.70483518e-02 5.85472941e-01
    6.70244813e-01 5.51411510e-01 4.35991138e-01 3.23282778e-01
    8.42829108e-01 2.08173633e-01 5.29824078e-01 9.53438580e-01
    4.68303382e-01 9.89417195e-01 3.27984214e-01 2.02272296e-01
    5.82039297e-01 9.13848817e-01 9.33909416e-01 6.72942698e-02
    4.35904086e-01 2.27440745e-01 2.19872981e-01 9.08416450e-01
    7.77249455e-01 1.63237751e-02 2.47522891e-02 2.10905939e-01
    7.67808735e-01 8.94531131e-01 7.87177861e-01 6.00369573e-01
    7.48960674e-02 8.93989503e-02 9.31986809e-01 9.16366637e-01
    8.75453174e-01 1.12832189e-02 6.70549750e-01 6.44757867e-01
    2.22576559e-02 2.02668935e-01 5.49527049e-01 2.20775485e-01
    9.67950702e-01 9.31150377e-01 2.18671620e-01 4.94858623e-02
    9.01003063e-01 5.86263299e-01 3.67623508e-01 2.13308334e-01
    7.31616676e-01 2.41569400e-01 1.48532182e-01 4.47935462e-01
    3.81995231e-01 1.80910140e-01 8.76484275e-01 5.23556232e-01
    8.71637642e-01 5.98145962e-01 7.97290087e-01 9.42134619e-01
    9.68658209e-01 9.39537883e-02 4.23730284e-01 9.88191962e-02
    1.20269328e-01 8.77979636e-01 5.35567284e-01 9.76491213e-01
    3.42933297e-01 2.93691874e-01 3.84621322e-02 5.42719364e-02
    4.19288695e-01 8.24162185e-01 7.78991520e-01 2.02445835e-01
    6.78317666e-01 1.25036627e-01 6.52878106e-01 3.48838001e-01
    2.95623302e-01 7.39675164e-01 1.15133673e-01 3.89949113e-01
    1.34827942e-01 8.09795260e-02 2.78730989e-01 7.78506041e-01
    8.42905343e-01 1.55334264e-01 7.41418302e-01 3.37742388e-01
    3.16312909e-03 1.55491143e-01 8.35356355e-01 7.09321618e-01
    8.81421924e-01 5.79933524e-02 8.14841628e-01 6.01740122e-01
    7.60721266e-02 1.30073488e-01 3.16873133e-01 6.41620874e-01
    5.63700736e-01 3.22937697e-01 8.81678760e-01 5.84162235e-01
    2.15265036e-01 8.32902551e-01 4.87169564e-01 8.97955060e-01
    8.70808840e-01 9.50915575e-01 7.45316982e-01 4.59532917e-01
    9.89809513e-01 6.93976641e-01 8.45191121e-01 8.98835421e-01
    4.09246892e-01 7.36932397e-01 7.96583474e-01 5.41486740e-01
    6.15329146e-01 2.45192558e-01 5.91184974e-01 8.79426122e-01
    7.15455890e-01 4.03232902e-01 2.28037566e-01 9.41242039e-01
    8.31764817e-01 4.50654596e-01 7.82426178e-01 7.99872160e-01
    3.10742110e-01 6.98871732e-01 3.29924405e-01 8.60525131e-01
    9.85461354e-01 7.53450274e-01 6.93889439e-01 4.02878046e-01
    9.70494807e-01 5.96887231e-01 7.25208759e-01 1.06844038e-01
    3.70119989e-01 3.97980809e-02 6.25535548e-02 3.95394385e-01
    9.50686038e-01 1.52586699e-01 2.44075686e-01 5.21935403e-01
    1.66818112e-01 9.75740850e-02 7.36224055e-02 5.95880151e-01
    7.19003320e-01 3.16901505e-01 4.40080702e-01 3.83545160e-02
    9.32813942e-01 7.29569435e-01 9.97939467e-01 6.23925209e-01
    7.22270727e-01 9.28801000e-02 4.97168541e-01 5.14167011e-01
    5.64467847e-01 6.34331286e-01 8.41573894e-01 4.71368909e-01
    9.68097985e-01 2.44949728e-01 7.01755285e-02 3.52594614e-01
    8.22915137e-01 5.33858895e-01 3.73049736e-01 1.92763150e-01
    5.94052255e-01 7.67934620e-02 9.09796238e-01 6.89462483e-01
    6.80704892e-01 3.27998996e-02 9.49386358e-02 5.71269274e-01
    3.96197498e-01 2.81637669e-01 2.11917400e-01 5.48874736e-02
    7.86341429e-01 6.30187154e-01 4.91799712e-01 9.02087212e-01
    2.75281727e-01 1.04658127e-01 3.94427031e-01 4.88720685e-01
    5.36737919e-01 4.17410433e-02 5.59296608e-01 9.76693511e-01
    1.30875528e-01 2.64805913e-01 9.03952718e-02 1.98552072e-01
    4.52411264e-01 2.18558192e-01 6.12186491e-02 4.80464071e-01
    5.94285607e-01 8.83977652e-01 8.71975660e-01 9.31047916e-01
    4.29429173e-01 2.45024502e-01 1.67581320e-01 9.84678030e-01
    9.93788481e-01 3.82241309e-01 9.17053223e-01 9.02311802e-01
    2.44553477e-01 1.39210403e-01 7.34401822e-01 9.47071552e-01
    9.49092627e-01 2.84971625e-01 3.45480174e-01 6.27896667e-01
    4.66714054e-01 6.23760700e-01 5.47551870e-01 7.37341225e-01
    1.31364077e-01 4.97859925e-01 1.62769407e-01 5.93742490e-01
    9.72153723e-01 1.83287740e-01 5.90564609e-01 7.78526545e-01
    8.37547302e-01 6.22750759e-01 7.31538653e-01 1.62989855e-01
    6.48545563e-01 8.06968629e-01 2.36159772e-01 2.71112144e-01
    1.34361207e-01 3.51559520e-02 3.79434794e-01 5.35230458e-01
    6.13933206e-02 6.95392191e-01 4.10754502e-01 9.42853153e-01
    6.49384975e-01 5.23388386e-01 4.28117126e-01 7.79838800e-01
    2.18156695e-01 5.11678636e-01 3.14064145e-01 8.61887932e-01
    9.71772373e-01 4.79386896e-01 2.75124192e-01 1.83316618e-01
    6.96884632e-01 3.99246156e-01 5.16688824e-02 6.97507739e-01
    4.01458442e-01 4.92643625e-01 7.30312645e-01 4.10328090e-01
    5.77834010e-01 2.07823336e-01 4.61861163e-01 1.09617382e-01
    8.66320133e-01 4.33199257e-01 6.60626054e-01 2.95066625e-01
    4.44591552e-01 5.98410666e-02 9.32543397e-01 6.25862420e-01
    5.24105668e-01 4.14576977e-01 1.38143390e-01 1.88330859e-01
    1.81084365e-01 5.59799671e-01 4.42153960e-01 1.12447083e-01
    4.05114472e-01 6.11566663e-01 5.09713292e-01 2.64929414e-01
    3.13553929e-01 1.24100626e-01 2.45218217e-01 4.66507852e-01
    5.10540724e-01 3.77071530e-01 3.73805106e-01 3.13117802e-02
    6.95399761e-01 6.14099443e-01 4.21116918e-01 8.78279388e-01
    5.76433837e-01 1.92583501e-02 5.01963794e-02 9.77796316e-01
    6.78204834e-01 9.21783209e-01 7.92557836e-01 2.71349013e-01
    1.41238004e-01 2.67978251e-01 7.60623217e-02 4.07844841e-01
    3.47762764e-01 1.75575823e-01 4.37509447e-01 8.05787444e-01
    3.93978298e-01 8.30364227e-01 6.13630652e-01 5.67569315e-01
    4.27899003e-01 4.41098630e-01 8.65401864e-01 3.02611947e-01
    1.34190440e-01 4.64158595e-01 5.91442883e-02 3.58615041e-01
    6.71307623e-01 6.80724084e-02 3.00694346e-01 4.46321219e-01
    4.12663519e-02 6.05565250e-01 1.19007826e-02 9.34737563e-01
    2.04747885e-01 5.57140946e-01 5.55717826e-01 2.07017362e-02
    4.86210227e-01 5.74640989e-01 4.75042999e-01 5.98845124e-01
    5.46413362e-01 2.12724924e-01 4.69382465e-01 5.48048317e-01
    8.00556242e-01 2.66874433e-02 4.44347262e-01 6.59528136e-01
    4.50011790e-01 7.44274676e-01 5.57992995e-01 2.89737433e-01
    8.98200393e-01 9.76817131e-01 1.16686493e-01 3.44951570e-01
    7.92712688e-01 8.18715692e-02 5.43001771e-01 2.45133996e-01
    8.86443019e-01 9.04710889e-02 2.09123105e-01 2.95435369e-01
    3.59306991e-01 1.33845806e-02 6.05582833e-01 8.45295906e-01
    1.68557197e-01 6.31161869e-01 9.75399733e-01 9.02487636e-01
    9.43087935e-01 9.91953790e-01 2.35402882e-01 6.62123859e-01
    9.57143068e-01 4.92848814e-01 7.18890727e-02 1.67184293e-01
    6.10954344e-01 9.00841057e-02 5.49098790e-01 6.76909685e-01
    5.05730629e-01 6.77299976e-01 1.76674038e-01 2.11011797e-01
    7.84684420e-01 8.50052416e-01 6.14214778e-01 8.70396018e-01
    1.01557612e-01 9.66209173e-01 5.00278354e-01 5.68107486e-01
    3.33555937e-01 5.92444777e-01 4.67480958e-01 8.52253616e-01
    6.61513269e-01 3.63253444e-01 5.39455652e-01 8.08294535e-01
    4.65571404e-01 2.70724177e-01 9.10083890e-01 8.17751527e-01
    8.05970848e-01 3.70641291e-01 8.16545546e-01 3.12558234e-01
    5.33233285e-02 2.10972726e-02 1.05585068e-01 3.53280008e-01
    4.90717411e-01 3.81663263e-01 7.31627762e-01 8.24746728e-01
    3.74725878e-01 7.99390316e-01 2.17611700e-01 9.48306322e-01
    5.64561069e-01 6.75555587e-01 5.23955286e-01 1.49779767e-01
    2.21521139e-01 4.52882022e-01 2.48813570e-01 1.27282441e-02
    1.76711619e-01 9.85659897e-01 7.12408543e-01 6.67396903e-01
    9.26855206e-01 3.59940231e-01 8.77348065e-01 1.43087506e-01
    6.40710592e-01 2.71623343e-01 4.15484786e-01 9.51899230e-01
    4.08742547e-01 5.88119686e-01 7.89871335e-01 5.41792214e-02
    5.76482117e-02 4.61174548e-02 9.38922763e-01 5.86379170e-01
    7.80735433e-01 4.28724289e-03 6.83936954e-01 3.22369128e-01
    6.70542598e-01 8.37490261e-02 7.30021417e-01 7.61709332e-01
    3.11510444e-01 9.58103418e-01 9.25457776e-01 7.23772645e-01
    9.34237719e-01 8.16933751e-01 4.51002121e-01 1.24635935e-01
    6.94746137e-01 1.31420821e-01 9.64502931e-01 4.43404436e-01
    8.62072945e-01 1.16584927e-01 7.08496153e-01 8.58974695e-01
    7.72652388e-01 4.62975323e-01 8.31475079e-01 6.25399947e-01
    4.09243852e-01 4.79194820e-01 5.48746347e-01 9.06842113e-01
    3.80740941e-01 7.28190958e-01 9.18832064e-01 7.88006783e-01
    5.24447858e-01 8.33666563e-01 3.14232796e-01 3.78032774e-01
    2.79116273e-01 9.46455002e-01 7.13129640e-01 9.72563148e-01
    8.89599562e-01 8.22395444e-01 6.43147230e-01 8.19423199e-02
    6.39506817e-01 4.32354867e-01 5.63899219e-01 2.50869870e-01
    2.73726135e-01 7.77575493e-01 6.22328758e-01 9.61997688e-01
    1.28032863e-02 6.04286611e-01 9.98504162e-01 1.01241797e-01
    8.82311583e-01 5.88121116e-01 5.26732862e-01 8.20477664e-01
    2.65700817e-01 1.47326678e-01 7.53079474e-01 1.38968498e-01
    3.53723705e-01 9.37388182e-01 4.08601403e-01 8.22196901e-01
    2.21540391e-01 5.65197408e-01 8.54990959e-01 5.59431970e-01
    3.77018511e-01 1.16032779e-01 9.43870544e-01 1.00823969e-01
    3.31167072e-01 2.90360391e-01 5.20879447e-01 9.16001379e-01
    1.85181081e-01 3.42465937e-01 9.93236065e-01 5.31356037e-01
    2.35611886e-01 3.81054759e-01 5.33066213e-01 5.26642799e-01
    4.56960618e-01 3.20202231e-01 1.74963176e-02 5.27673542e-01
    3.96007210e-01 1.52848333e-01 9.92820024e-01 8.17211807e-01
    8.93655419e-03 8.60128284e-01 5.16676843e-01 8.21417689e-01
    2.65659094e-02 3.56456518e-01 9.95270133e-01 6.74723923e-01
    1.41814619e-01 2.18668282e-02 7.83447027e-02 4.88833487e-01
    3.66380513e-01 7.75508523e-01 4.75801080e-01 5.94666302e-01
    4.79781747e-01 5.00311375e-01 2.10331768e-01 2.32024252e-01
    8.17019105e-01 2.79799581e-01 1.57074273e-01 3.41438442e-01
    7.19287455e-01 4.01979685e-03 5.89915991e-01 8.01380754e-01
    9.52679813e-02 3.65631878e-01 2.05765069e-02 7.81018734e-01
    6.86084151e-01 7.08703041e-01 6.35418057e-01 9.57133472e-01
    1.16024017e-01 1.69721425e-01 8.62791538e-02 3.10764253e-01
    8.99949193e-01 4.24754322e-01 1.89970911e-01 8.16762447e-03
    9.02217031e-01 5.96289039e-02 8.69991481e-02 8.46034288e-01
    9.02478814e-01 8.74619782e-01 3.20961118e-01 6.26108885e-01
    2.61435777e-01 3.83963585e-02 4.55798298e-01 3.35250199e-01
    1.67577267e-02 7.39671707e-01 6.36374533e-01 3.00717235e-01
    3.78544986e-01 3.03395689e-02 9.56830919e-01 1.72321081e-01
    5.56284666e-01 6.70920134e-01 7.02337861e-01 7.92856932e-01
    9.07001913e-01 8.66993427e-01 8.49306583e-01 8.69334996e-01
    7.12191880e-01 4.80927676e-01 3.39902580e-01 5.67536652e-01
    6.53296292e-01 5.20138562e-01 2.07109958e-01 5.51531196e-01
    9.09115136e-01 3.12297940e-01 7.32406914e-01 5.99010170e-01
    7.78196216e-01 5.86728334e-01 2.14563429e-01 3.36564124e-01
    5.33128142e-01 9.01148081e-01 4.20247942e-01 4.44297105e-01
    4.36657786e-01 1.64147705e-01 2.72094607e-01 6.13071382e-01
    9.60119843e-01 1.22525871e-01 2.78671384e-02 4.13287014e-01
    8.39508533e-01 1.01656139e-01 5.28758347e-01 3.80809009e-02
    7.21319735e-01 1.84922814e-02 6.65502489e-01 1.98682725e-01
    6.97619438e-01 9.15113449e-01 8.43282223e-01 7.09637761e-01
    3.04975986e-01 2.77996093e-01 6.03195190e-01 1.21539742e-01
    3.93368006e-01 8.18457723e-01 2.38047868e-01 6.02197409e-01
    5.99626780e-01 8.18469882e-01 4.64281112e-01 1.29619569e-01
    3.91484767e-01 6.55870795e-01 3.29079181e-01 1.41128331e-01
    2.77248383e-01 9.10237193e-01 8.78701985e-01 9.91907954e-01
    7.93026984e-01 6.96287692e-01 3.16937208e-01 2.46231675e-01
    6.19511068e-01 8.20647478e-02 3.78215849e-01 2.70472407e-01
    2.12538302e-01 7.97231257e-01 7.60147035e-01 9.67497826e-02
    4.24325466e-04 7.79100478e-01 8.60967636e-02 6.55787885e-01
    7.97463655e-01 2.70629585e-01 4.65876639e-01 1.26713634e-01
    1.47039801e-01 4.70130444e-02 9.27498281e-01 4.38528955e-02
    1.93173349e-01 8.67574632e-01 3.10857475e-01 3.39050233e-01
    4.09338146e-01 3.37867796e-01 8.81579161e-01 6.95988655e-01
    6.22266531e-01 9.90956187e-01 7.56639004e-01 5.26610851e-01
    9.88451779e-01 7.96386898e-02 2.60402381e-01 8.38402867e-01
    9.32585001e-02 5.29243767e-01 1.29102200e-01 9.10263121e-01
    6.53178394e-01 3.32125634e-01 1.72447324e-01 2.26401538e-01
    8.82296622e-01 5.27022243e-01 7.74949193e-01 5.62153220e-01
    5.53384662e-01 3.52807611e-01 5.62747657e-01 1.16013616e-01
    3.07667017e-01 8.45241666e-01 6.19041681e-01 4.10433024e-01
    6.83307052e-01 3.57372701e-01 9.61734533e-01 4.56810564e-01
    8.81140471e-01 5.11126518e-02 3.65186453e-01 2.28616595e-02
    8.25844407e-01 6.12098515e-01 8.55037272e-02 7.05969989e-01
    2.29502916e-01 2.06556916e-01 4.13444191e-01 4.31607544e-01
    8.73616576e-01 2.54020095e-03 8.32501531e-01 9.12820876e-01
    3.16654682e-01 4.16995198e-01 2.75794536e-01 7.50832856e-01
    1.42149389e-01 4.03566390e-01 6.28201723e-01 8.56106460e-01
    7.59449661e-01 9.34143424e-01 4.89576757e-02 6.23761892e-01
    6.96194530e-01 6.30092621e-01 3.71131301e-01 2.05752432e-01
    3.53342384e-01 4.08948958e-02 7.43413031e-01 2.41455466e-01
    7.70615339e-02 7.47921169e-01 2.63805062e-01 1.50429040e-01
    8.26649666e-01 7.25478172e-01 2.92116165e-01 4.51991856e-01
    1.58075660e-01 2.74519145e-01 7.04933524e-01 4.76927042e-01
    2.89730132e-02 9.09010887e-01 4.98876959e-01 6.78605497e-01
    6.76252663e-01 7.68301725e-01 2.83789694e-01 8.95146847e-01
    7.74288833e-01 9.76255059e-01 7.45246530e-01 5.38482904e-01
    7.50196695e-01 8.28206658e-01 8.45658183e-01 7.80329943e-01
    9.77367163e-03 5.83520055e-01 6.12624824e-01 5.96045136e-01
    6.42512381e-01 1.67710036e-01 4.66729581e-01 3.74439895e-01
    1.09808713e-01 7.80122876e-02 1.66408449e-01 3.65357816e-01
    8.44190598e-01 7.69734263e-01 8.13700557e-01 2.64254332e-01
    5.05030453e-01 8.41964602e-01 3.01013678e-01 8.90462279e-01
    3.12965333e-01 4.19002354e-01 1.55469418e-01 9.85924780e-01
    2.90541589e-01 9.65754747e-01 4.93710190e-01 2.52560109e-01
    2.71149993e-01 1.97053820e-01 4.92145032e-01 7.40515113e-01
    1.58539742e-01 7.09399581e-01 3.91885757e-01 1.60196543e-01
    7.55192637e-02 1.63168639e-01 7.02152610e-01 8.96328509e-01
    1.90031201e-01 3.43179286e-01 8.79264712e-01 2.90483713e-01
    1.39433742e-02 6.53036892e-01 6.77706420e-01 6.46267533e-01
    1.20843470e-01 2.79986024e-01 7.20441103e-01 5.81478596e-01
    4.38671649e-01 8.81900907e-01 6.71514273e-01 1.16116941e-01
    7.87094831e-01 7.21833944e-01 6.54509485e-01 2.97442168e-01
    3.69857490e-01 4.68857616e-01 9.00085449e-01 2.93506622e-01
    4.18187082e-01 4.25487757e-01 9.27201271e-01 1.92790627e-02
    2.81653345e-01 6.01790071e-01 9.00578022e-01 5.40341139e-01
    3.57051909e-01 8.49776626e-01 2.28525788e-01 8.10036778e-01
    7.17783928e-01 9.27987576e-01 1.94633305e-01 8.04574490e-01
    2.13695437e-01 2.87021697e-01 3.66554081e-01 8.18117023e-01
    3.50290775e-01 2.44189352e-01 9.85835671e-01 5.10616302e-02
    4.56294507e-01 2.34916151e-01 8.37806463e-01 1.38908505e-01
    5.22978723e-01 2.06068099e-01 3.62250388e-01 9.73465919e-01
    8.94626737e-01 5.66260695e-01 3.51656824e-01 1.87951088e-01
    7.71086633e-01 5.37313819e-01 9.78902817e-01 8.68856192e-01
    3.09023738e-01 1.35566771e-01 6.93995357e-02 9.50014710e-01
    7.89184868e-01 6.78235292e-02 6.00363493e-01 9.40077603e-02
    7.25791693e-01 9.17874455e-01 1.59973621e-01 3.89588714e-01
    6.39870107e-01 9.49331820e-02 6.55515313e-01 1.12842411e-01
    6.59357607e-02 1.60008073e-02 2.01609701e-01 9.59926188e-01
    5.84093034e-01 9.56579745e-02 1.44705147e-01 9.70318794e-01
    5.12753725e-02 5.33017337e-01 7.81108499e-01 7.71254539e-01
    5.24182200e-01 7.27947712e-01 4.30648685e-01 6.82288945e-01
    4.03949589e-01 8.21947277e-01 9.53493416e-02 5.18436193e-01
    8.19284916e-01 5.86759329e-01 6.73876047e-01 5.30741215e-01
    1.20955795e-01 9.02651548e-01 7.91256189e-01 1.65835023e-03
    8.92070651e-01 2.69944131e-01 2.80201018e-01 3.67812335e-01
    9.96604383e-01 6.86964810e-01 5.20726264e-01 7.14905798e-01
    4.25305903e-01 5.27916908e-01 1.86503112e-01 8.44951093e-01
    9.02191997e-02 8.52201939e-01 3.46953988e-01 3.98445278e-01
    9.21624660e-01 9.84244168e-01 8.35746884e-01 6.39019251e-01
    6.63192689e-01 2.79658914e-01 5.68669796e-01 4.19880241e-01
    4.11950052e-02 7.12923646e-01 2.48819262e-01 1.83714449e-01
    9.80755389e-02 9.90712345e-02 1.95084244e-01 1.93562448e-01
    1.53840184e-02 4.44295824e-01 4.48670208e-01 4.72596765e-01
    7.03637362e-01 1.60563767e-01 5.36912501e-01 1.13220632e-01
    2.17082292e-01 8.74577403e-01 4.22817826e-01 7.86851645e-01
    8.16593170e-01 1.54849231e-01 1.32650852e-01 9.28192496e-01
    2.28875399e-01 4.87555683e-01 2.67575383e-01 9.21885967e-02
    4.96842682e-01 9.48662639e-01 4.40447330e-01 6.34751618e-02
    5.83004951e-01 9.81710196e-01 2.25529790e-01 8.04476976e-01
    4.34476793e-01 2.46018142e-01 4.45769757e-01 6.32291436e-01
    9.17916298e-02 2.56349176e-01 9.78355527e-01 4.50326294e-01
    2.49079168e-02 9.45967674e-01 8.05485845e-01 6.46523654e-01
    3.88328910e-01 1.29468858e-01 3.69806856e-01 3.00666451e-01
    2.83753246e-01 2.99004614e-02 7.89406776e-01 7.98885822e-01
    2.26415515e-01 7.03875542e-01 6.23159647e-01 4.12909508e-01
    8.76274347e-01 8.39927912e-01 5.16800284e-01 4.41635668e-01
    6.29425883e-01 3.22277844e-01 3.18492532e-01 5.86042702e-01
    5.37236631e-01 9.68666732e-01 5.93352079e-01 6.66569233e-01
    2.10823715e-02 5.87039113e-01 7.34933019e-01 9.14330363e-01
    8.75035346e-01 8.45589519e-01 3.10938716e-01 9.24430966e-01
    5.41549146e-01 6.78208828e-01 2.97587752e-01 4.88412976e-02
    8.30999374e-01 4.83584046e-01 4.62967962e-01 6.14599586e-02
    8.72297168e-01 2.30768979e-01 1.74786448e-02 3.57851177e-01
    4.19844866e-01 3.97352815e-01 1.28079414e-01 8.52867544e-01
    7.84672439e-01 9.74414468e-01 1.08972490e-01 4.62653875e-01
    8.82590055e-01 1.09712750e-01 6.83848560e-01 7.43554235e-02
    4.22254026e-01 4.92196441e-01 3.95044267e-01 4.22942877e-01
    2.52636671e-01 2.53108203e-01 3.44420791e-01 9.09565389e-02
    3.63395154e-01 3.64156067e-01 8.87788892e-01 7.98256755e-01
    8.50064874e-01 1.07491612e-02 3.17412972e-01 4.48817760e-01
    6.89326346e-01 8.54021728e-01 6.46656632e-01 1.40895426e-01
    9.77954984e-01 7.09548295e-01 8.10131311e-01 1.24639273e-01
    4.84918833e-01 4.59910423e-01 9.54319239e-02 7.40854383e-01
    4.47474688e-01 1.50352925e-01 1.16711259e-01 5.74124634e-01
    4.15736049e-01 5.35897613e-02 8.54115963e-01 8.85964036e-01
    8.42598379e-02 7.93016016e-01 7.40000963e-01 6.41479850e-01
    1.34654671e-01 1.44915879e-01 5.97189248e-01 5.70612669e-01
    2.07701355e-01 6.57416284e-02 1.12854242e-01 4.00009871e-01
    6.25800371e-01 9.33447480e-03 5.93083382e-01 8.10988545e-01
    6.43033385e-01 3.26424360e-01 8.32433879e-01 7.27935433e-02
    6.87196493e-01 8.19792986e-01 3.09770405e-02 1.23482168e-01
    6.10090077e-01 4.71532434e-01 2.30213374e-01 5.19260347e-01
    6.45833254e-01 2.24247038e-01 1.96253657e-01 1.70298427e-01
    5.58196068e-01 7.43882477e-01 3.05509567e-02 7.67204762e-02
    1.09844863e-01 2.36269236e-01 1.74559951e-02 8.80289257e-01
    3.01321268e-01 7.83902645e-01 8.35415542e-01 7.37528265e-01
    7.28672862e-01 4.53126401e-01 7.07653344e-01 1.41951561e-01
    6.81942940e-01 2.93309569e-01 6.24632478e-01 8.78890455e-02
    6.49544597e-01 5.69770455e-01 3.56701374e-01 6.23328209e-01
    8.44844162e-01 7.97034860e-01 6.27029836e-02 2.38743603e-01
    4.95209783e-01 4.34584886e-01 8.88877630e-01 4.68118548e-01
    8.01651180e-01 9.37599123e-01 3.88816953e-01 8.91373277e-01
    3.85105610e-04 8.37572336e-01 3.50123227e-01 9.11049247e-01
    1.05445921e-01 3.04064453e-02 5.94954610e-01 6.26254797e-01
    2.88183391e-02 5.49212158e-01 3.19882482e-01 7.17077553e-02
    8.78000677e-01 6.77042842e-01 8.85989785e-01 5.12497425e-01
    6.41564429e-02 7.78304219e-01 5.11615753e-01 9.97403026e-01
    9.07310724e-01 3.91867489e-01 2.80831158e-01 1.56674981e-02
    6.22665584e-01 6.79085016e-01 8.67758095e-01 5.17131746e-01
    5.54593027e-01 9.75013614e-01 9.34115052e-01 1.25484705e-01
    8.46635520e-01 1.04462236e-01 8.60978723e-01 1.50113106e-02
    3.62069935e-01 7.10585773e-01 4.17946458e-01 4.29717094e-01
    1.98930055e-01 9.97965395e-01 1.20343268e-01 5.39360344e-02
    7.86457062e-01 1.18460059e-02 2.28744656e-01 6.57826543e-01
    9.78425503e-01 6.83296978e-01 6.55968189e-02 5.02974689e-01
    2.92564332e-02 8.11359167e-01 2.50386178e-01 7.77436256e-01
    3.15625846e-01 2.82201946e-01 9.65066671e-01 5.57184994e-01
    1.49279565e-01 8.67008209e-01 1.54496998e-01 6.57163739e-01
    9.64497328e-01 2.51061320e-01 1.52376771e-01 3.79147738e-01
    9.25360620e-02 5.64612508e-01 6.15627646e-01 5.47837138e-01
    9.22243416e-01 9.98119175e-01 6.12950385e-01 7.52864122e-01
    3.23520660e-01 9.47182059e-01 6.75501764e-01 2.18192250e-01
    3.47790301e-01 7.77501464e-01 4.09708768e-01 9.75709140e-01
    9.45222318e-01 4.25388843e-01 7.18863964e-01 6.75121367e-01
    7.81894207e-01 1.73501223e-01 5.68627954e-01 7.29563236e-02
    2.78484017e-01 3.02069753e-01 9.23643470e-01 9.35876906e-01
    4.83103454e-01 1.24491662e-01 3.67771924e-01 6.95562482e-01
    4.49021995e-01 2.63129294e-01 3.04831147e-01 1.66277021e-01
    1.60112172e-01 8.56437683e-01 2.46332109e-01 1.76013023e-01
    7.01938331e-01 2.84405887e-01 4.79417145e-01 8.57288539e-02
    9.91907716e-01 4.88557160e-01 3.27375829e-01 6.83231711e-01
    2.79213279e-01 3.41293156e-01 5.83603680e-02 5.86205721e-01
    9.69756961e-01 6.10885799e-01 7.58580208e-01 8.20806086e-01
    6.12861812e-01 5.77371776e-01 5.56147099e-01 4.72982973e-01
    9.50922608e-01 9.11370814e-01 3.03528666e-01 4.95896548e-01
    8.57405782e-01 6.55665278e-01 4.95880663e-01 4.24802601e-01
    6.91272020e-01 3.68693650e-01 8.79125595e-02 9.61052179e-01
    8.87738585e-01 8.50056291e-01 2.89656520e-01 8.45030189e-01
    5.83681345e-01 8.03015947e-01 9.58434045e-02 9.58208263e-01
    9.81579900e-01 9.36581194e-01 3.89643937e-01 3.14436316e-01
    6.05925083e-01 5.24224460e-01 5.43505013e-01 8.03537369e-02
    1.01443082e-01 4.87046808e-01 6.10279739e-01 6.91545010e-02
    7.19651341e-01 1.60995036e-01 6.85592890e-02 2.94023752e-03
    2.17951030e-01 8.50277305e-01 7.30419397e-01 5.50068855e-01
    5.85489035e-01 3.39985162e-01 2.12140381e-01 2.49564677e-01
    1.54954791e-01 1.21471465e-01 4.79294598e-01 4.27958995e-01
    4.47428733e-01 1.25200719e-01 3.87613118e-01 9.52861965e-01
    2.71165788e-01 9.18094993e-01 7.65973687e-01 2.01482117e-01
    8.11892390e-01 2.48493522e-01 6.65639818e-01 4.18368399e-01
    6.18922114e-02 6.41291738e-01 2.51126409e-01 7.70675540e-01
    5.66299975e-01 9.14600253e-01 9.03756857e-01 6.87107146e-01
    2.86722660e-01 8.63391638e-01 6.39133811e-01 4.92557704e-01
    1.59362942e-01 9.60109770e-01 3.50121677e-01 7.13945806e-01
    5.46930075e-01 7.18272030e-01 1.87449545e-01 1.10857278e-01
    7.32966483e-01 4.15588915e-02 3.39347929e-01 5.70271492e-01
    3.59339178e-01 5.92903316e-01 1.01501554e-01 4.29637015e-01
    1.44615412e-01 5.25575340e-01 4.78668362e-01 8.42773199e-01
    5.26683211e-01 9.06668782e-01 8.18420053e-02 7.80878186e-01
    7.75192142e-01 1.67962819e-01 8.30648839e-02 5.18306196e-02
    2.06411451e-01 2.11301446e-02 1.41286820e-01 5.12311757e-01
    2.04617351e-01 4.07438934e-01 1.93092495e-01 2.84115911e-01
    6.30082548e-01 9.43927705e-01 6.85736775e-01 9.45399225e-01
    1.55532777e-01 4.56861913e-01 1.09538883e-01 7.97350287e-01
    1.28051996e-01 8.68898630e-03 7.33660579e-01 7.24938989e-01
    4.22642052e-01 2.75674015e-01 7.95571387e-01 9.49818194e-02
    7.31022716e-01 8.33518863e-01 4.05023366e-01 2.63048410e-02
    3.81686509e-01 9.08137262e-02 1.67648435e-01 1.22853756e-01
    5.15341699e-01 6.98669195e-01 1.98271602e-01 2.39256829e-01
    5.66665053e-01 2.55576432e-01 3.04860771e-02 5.10490775e-01
    6.10034704e-01 2.80056655e-01 9.68093216e-01 2.51701474e-01
    6.76130533e-01 6.79306924e-01 2.07802743e-01 3.16908956e-01
    7.11281240e-01 1.25402510e-01 1.81965679e-01 3.72491449e-01
    5.99712908e-01 8.99703681e-01 2.70332098e-01 9.56109166e-03
    6.42461061e-01 1.98463112e-01 4.16671634e-02 1.72828376e-01
    3.67812335e-01 1.04462862e-01 6.02831542e-01 8.28167021e-01
    1.71738863e-02 2.58181989e-02 8.58795047e-01 2.57913709e-01
    8.28336716e-01 7.63450265e-01 4.22417343e-01 9.32477236e-01
    6.84375882e-01 8.85578394e-01 6.69927359e-01 7.53074884e-03
    1.91764623e-01 8.74680877e-01 3.62287104e-01 1.76773190e-01
    9.47145760e-01 4.67225194e-01 5.84176481e-02 3.82815868e-01
    7.06245005e-02 2.07967699e-01 3.05845886e-01 2.20602155e-01
    5.70923090e-04 7.90764689e-01 6.44214511e-01 3.31940353e-02
    1.95978105e-01 9.43878949e-01 5.71834087e-01 9.50051486e-01
    3.81111324e-01 4.78867739e-01 4.56771076e-01 8.90081525e-01
    5.51502526e-01 7.97394216e-02 6.22188747e-01 1.73364639e-01
    5.72736919e-01 2.47326940e-01 4.29124415e-01 3.11130285e-03
    1.01666093e-01 6.43091977e-01 7.02488899e-01 8.03847253e-01
    5.29904723e-01 1.18637174e-01 5.20895123e-01 2.32310206e-01
    8.21306109e-01 5.06859243e-01 4.56281245e-01 9.48867321e-01
    4.00683761e-01 3.11818123e-01 5.65152764e-01 1.49297506e-01
    7.06657410e-01 3.85672748e-02 4.10253137e-01 5.45127392e-01
    9.50027704e-01 2.29724616e-01 5.00743926e-01 6.56057596e-01
    8.22669923e-01 9.09424067e-01 5.77986896e-01 1.59933567e-01
    9.42001700e-01 9.83136892e-03 4.82468843e-01 4.60271478e-01
    4.14380550e-01 6.72120690e-01 5.82364976e-01 2.19767123e-01
    8.99848998e-01 8.96578193e-01 8.10923636e-01 9.33471441e-01
    8.42746675e-01 6.36096716e-01 1.01276100e-01 7.85274506e-01
    1.25656724e-01 7.62515962e-02 1.45059109e-01 8.38784218e-01
    7.62969673e-01 8.10673892e-01 4.01001990e-01 6.87817752e-01
    4.77593541e-02 8.05197477e-01 7.07268357e-01 1.10032618e-01
    5.90718389e-01 7.09331453e-01 4.97676045e-01 5.27467310e-01
    8.75917673e-01 3.93010676e-02 9.61593032e-01 3.65799814e-01
    7.92490363e-01 7.21936226e-01 3.35880518e-01 6.37455702e-01
    9.73372817e-01 1.89893514e-01 2.57917047e-02 3.90503734e-01
    2.24381208e-01 9.47876573e-02 9.67345953e-01 4.57577139e-01
    8.81145656e-01 4.08452213e-01 3.73817265e-01 4.22409117e-01
    7.47883737e-01 8.63852620e-01 6.08896017e-01 1.40505731e-02
    4.91985857e-01 2.11524755e-01 9.85820591e-02 6.04816914e-01
    4.15409923e-01 1.60030574e-01 6.69296980e-02 6.96213126e-01
    3.44208002e-01 3.01707804e-01 1.93572760e-01 5.31146586e-01
    4.32027578e-02 3.61151636e-01 5.57770431e-01 5.39630413e-01
    6.41571045e-01 2.34198987e-01 5.01408696e-01 7.74625003e-01
    2.07580686e-01 5.00793695e-01 9.90386844e-01 6.39342546e-01
    6.09838843e-01 3.15503091e-01 1.48972660e-01 2.00534672e-01
    6.20147943e-01 9.18270051e-02 6.23415589e-01 1.56919211e-01
    7.54196346e-02 6.81965888e-01 4.34237570e-01 1.84992075e-01
    3.27602923e-01 9.46145117e-01 4.88872558e-01 6.64370775e-01
    3.49711031e-01 7.03494370e-01 9.15286541e-01 5.90973079e-01
    9.28843856e-01 4.99052942e-01 3.25537950e-01 2.22244084e-01
    3.45962644e-02 9.68831539e-01 3.97214621e-01 1.63700253e-01
    3.42233717e-01 6.99137390e-01 6.90862894e-01 1.09190643e-01
    4.22533065e-01 9.00605381e-01 7.76933193e-01 7.63224721e-01
    5.53170562e-01 3.91678333e-01 4.34264719e-01 5.05192697e-01
    5.35306036e-01 5.14508367e-01 7.85169959e-01 6.51223600e-01
    6.64162874e-01 1.30229652e-01 5.50932705e-01 3.91503215e-01
    3.95334482e-01 9.13879156e-01 6.10062480e-02 4.18752104e-01
    7.95264006e-01 8.18105578e-01 5.05088091e-01 5.09550214e-01
    7.13820100e-01 9.25280452e-01 6.48797393e-01 8.90472174e-01
    3.59633088e-01 1.46991372e-01 6.22255802e-02 2.20646262e-02
    4.35983688e-01 4.65668947e-01 5.07555723e-01 1.06237352e-01
    6.09749854e-01 7.03707337e-01 1.35211200e-01 2.73856997e-01
    4.03921545e-01 2.30575144e-01 1.88260674e-02 6.25347733e-01
    4.48712081e-01 1.06129974e-01 4.93009448e-01 7.25063205e-01
    8.39977145e-01 2.85546601e-01 1.86269820e-01 8.48144174e-01
    4.17843312e-01 6.59424663e-01 1.00552440e-02 9.11209583e-01
    5.92108428e-01 3.37907851e-01 2.67284513e-02 6.20471060e-01
    2.18752831e-01 7.47923315e-01 3.78221214e-01 4.73826826e-01
    4.89291310e-01 5.78733385e-02 9.12269235e-01 7.05638289e-01
    1.06255770e-01 9.91210639e-02 5.00223041e-02 6.22776806e-01
    7.73549080e-01 3.88744891e-01 5.57580292e-01 9.83098090e-01
    3.82355601e-01 5.99028647e-01 2.23896444e-01 1.63750172e-01
    9.68618035e-01 9.06967878e-01 5.01578867e-01 8.84289145e-01
    8.01922679e-01 2.73971856e-01 3.05676281e-01 6.04212940e-01
    5.48937023e-01 1.76926732e-01 5.66195607e-01 3.89527619e-01
    5.42863846e-01 9.75918829e-01 5.73910832e-01 9.68779683e-01
    4.72258210e-01 9.03304815e-01 2.14490294e-03 9.27519739e-01
    4.40959245e-01 4.75757569e-01 9.46637094e-02 9.53189373e-01
    2.60860145e-01 6.83980763e-01 3.17892224e-01 9.70728159e-01
    3.40155929e-01 9.73941386e-01 1.68094754e-01 9.85326707e-01
    4.65336442e-02 2.24041700e-01 6.46276832e-01 9.86512899e-02
    7.51492381e-02 9.70521569e-01 8.69800746e-02 4.33852136e-01
    4.69174743e-01 6.16241932e-01 9.98857856e-01 5.51450431e-01
    2.61670291e-01 4.52713072e-02 5.29675305e-01 1.39538676e-01
    6.96576178e-01 1.84126437e-01 5.84790826e-01 4.75310475e-01
    6.45124853e-01 7.59998739e-01 9.39044416e-01 3.64493787e-01
    7.07519293e-01 9.82465744e-02 7.75017798e-01 8.98083568e-01
    7.49327540e-01 5.10452628e-01 5.39104819e-01 3.08614254e-01
    7.09785938e-01 1.51416242e-01 1.53808028e-01 1.92370117e-02
    5.42213440e-01 2.66258359e-01 8.54547024e-01 7.94783235e-02
    4.15752232e-02 1.87352091e-01 1.03722095e-01 7.39742577e-01
    4.82396692e-01 3.82369608e-01 4.22455907e-01 4.00624156e-01
    3.48463595e-01 2.06273705e-01 2.14166820e-01 7.37296581e-01
    7.48970628e-01 2.47098058e-01 8.27901840e-01 8.17255080e-02
    7.61925817e-01 1.98066890e-01 7.19644785e-01 5.03699243e-01
    6.05357528e-01 1.01445258e-01 3.95791113e-01 4.44070220e-01
    5.60518801e-02 2.48358786e-01 3.11842829e-01 8.06101084e-01
    4.39990819e-01 1.83012843e-01 1.80978745e-01 4.93811250e-01
    6.39547944e-01 1.03804857e-01 5.51109791e-01 8.84101689e-02
    6.93298995e-01 1.64879203e-01 3.74042422e-01 9.36595321e-01
    6.03344679e-01 8.73245358e-01 5.37289083e-02 3.02616954e-01
    3.89512390e-01 2.05227166e-01 1.10808015e-01 6.20844364e-01
    5.66332459e-01 3.22340131e-01 1.27634078e-01 6.46872163e-01
    4.15340275e-01 9.34974909e-01 4.40485507e-01 8.22211742e-01
    9.94272590e-01 6.62567317e-01 2.36038208e-01 6.54894829e-01
    8.96627486e-01 9.18067455e-01 6.73501015e-01 1.68506444e-01
    4.47911769e-01 9.17824984e-01 9.51756358e-01 8.69955659e-01
    4.51823413e-01 1.57292783e-02 5.21875501e-01 1.04399145e-01
    5.46377242e-01 9.88806248e-01 6.02868915e-01 7.85968900e-01
    2.70481288e-01 4.74139780e-01 1.91090882e-01 4.32240605e-01
    4.67671096e-01 2.84865588e-01 3.59787643e-01 2.95237899e-01
    6.96927309e-02 5.89154422e-01 6.70017600e-02 5.86541533e-01
    7.53643811e-02 9.63786364e-01 1.64663553e-01 7.71288276e-01
    5.90965927e-01 3.19540590e-01 1.52271301e-01 7.32524753e-01
    9.27229285e-01 5.68217516e-01 5.57806969e-01 7.97486484e-01
    7.04154313e-01 3.74774218e-01 2.49150634e-01 3.55048954e-01
    1.12690270e-01 3.97495270e-01 7.87792206e-01 7.58812428e-01
    9.68138337e-01 7.59910107e-01 8.83330345e-01 5.00233054e-01
    8.53722334e-01 6.19742036e-01 6.57881558e-01 4.43392128e-01
    7.09178448e-02 8.55886221e-01 8.30828071e-01 8.60160530e-01
    1.44831181e-01 6.98333621e-01 9.12534356e-01 2.85259455e-01
    8.12713861e-01 4.87598956e-01 2.00594842e-01 6.93753481e-01
    2.00300187e-01 6.14916801e-01 3.51250470e-01 7.93932796e-01
    3.79940331e-01 5.44529438e-01 8.60770941e-01 9.81333792e-01
    2.67874002e-01 9.21148062e-01 3.40092599e-01 6.62553787e-01
    9.42435026e-01 8.86827111e-01 9.14441347e-01 2.50483900e-01
    7.34890521e-01 6.23002648e-01 1.29037559e-01 5.63777506e-01
    6.51560485e-01 2.79476166e-01 5.82260370e-01 8.67670417e-01
    2.52892613e-01 5.04413068e-01 1.06421113e-01 9.52798426e-02
    2.76749134e-02 5.88305056e-01 4.13226187e-01 4.26697731e-03
    8.69323254e-01 3.28547120e-01 5.55960476e-01 4.36789751e-01
    6.50185823e-01 6.40995860e-01 4.04385746e-01 8.74842525e-01
    3.17403495e-01 1.01922423e-01 7.42740750e-01 7.13632047e-01
    5.03499150e-01 5.75359106e-01 5.77210784e-01 4.68892694e-01
    7.24498034e-01 3.87691557e-01 7.14589238e-01 5.09922564e-01
    7.32812047e-01 4.92399186e-01 5.01198888e-01 9.11102772e-01
    8.77344012e-02 1.44764781e-03 6.23470068e-01 3.78212363e-01
    4.31055248e-01 7.43814766e-01 1.44161910e-01 5.65128148e-01
    2.75632441e-01 2.58893669e-01 9.55053568e-01 9.73290801e-01
    1.56833768e-01 8.96939754e-01 1.82597071e-01 2.12050527e-01
    9.52251732e-01 9.40914989e-01 8.38756979e-01 8.66451323e-01
    8.98418725e-02 8.33104014e-01 3.65853369e-01 2.91700661e-01
    9.90476251e-01 8.62930417e-02 7.68338621e-01 4.36082989e-01
    4.85902101e-01 1.96885943e-01 8.98383260e-01 4.13007677e-01
    5.86484790e-01 3.30910146e-01 4.88386691e-01 9.29868221e-01
    6.56219423e-02 1.66802227e-01 9.71851349e-01 5.73295355e-03
    7.39031374e-01 7.25995421e-01 6.48498952e-01 9.08205867e-01
    1.08736455e-02 3.76301825e-01 4.75268066e-02 5.63188016e-01
    6.98837161e-01 1.45541936e-01 3.48241329e-01 2.44317442e-01
    3.29850674e-01 1.33060664e-01 2.33294189e-01 3.03009808e-01
    8.31467628e-01 6.73075318e-01 2.93513179e-01 7.36757874e-01
    3.02669436e-01 5.51886857e-01 7.02876270e-01 7.19718099e-01
    1.20699525e-01 9.91542757e-01 3.16797674e-01 1.04509592e-02
    7.61439443e-01 8.46777499e-01 1.52794331e-01 6.82218969e-02
    1.55199587e-01 9.50732470e-01 2.30564743e-01 4.04580534e-01
    5.58353662e-01 7.92017877e-01 1.40085250e-01 4.27280575e-01
    6.37172222e-01 9.67593431e-01 2.50668019e-01 1.22030348e-01
    9.98480082e-01 5.08999288e-01 2.73401469e-01 5.35616875e-01
    5.49634933e-01 2.55055547e-01 6.77361369e-01 3.03155065e-01
    9.78217721e-01 7.94109821e-01 5.86650312e-01 8.75503302e-01
    8.71437430e-01 3.23198736e-01 9.89336908e-01 3.61892045e-01
    1.33962095e-01 9.58722830e-03 2.06797391e-01 7.02401400e-02
    1.43340051e-01 8.99720192e-01 8.08031440e-01 6.73958123e-01
    2.74059713e-01 6.37835145e-01 1.05405331e-01 2.97897995e-01
    1.55433804e-01 8.62619281e-01 5.35868645e-01 7.29170203e-01
    4.28832203e-01 9.51077759e-01 2.32202202e-01 8.86440277e-04
    5.00237465e-01 1.72026098e-01 3.81426364e-01 4.54398096e-02
    3.82781863e-01 4.05730188e-01 3.57798934e-01 1.35983229e-01
    5.25604725e-01 2.74097323e-02 6.53366446e-01 7.55849361e-01
    7.42281020e-01 5.39033771e-01 5.65324485e-01 6.32698476e-01
    9.21678782e-01 6.07411087e-01 3.06903422e-02 6.06537342e-01
    7.34792829e-01 7.79005051e-01 2.91827321e-01 4.29870635e-01
    6.03527248e-01 8.88061166e-01 8.42259526e-01 8.18926096e-03
    1.72425061e-01 1.87554181e-01 2.51390338e-01 7.55751371e-01
    4.78288561e-01 1.75720483e-01 4.70935404e-02 8.61292541e-01
    2.32794076e-01 2.99359083e-01 5.17340302e-01 6.75343454e-01
    8.90032053e-01 5.81773460e-01 2.00730920e-01 3.69310677e-02
    1.27700925e-01 3.02673608e-01 3.54854941e-01 9.35211122e-01
    5.77075839e-01 2.70486742e-01 6.53546154e-01 6.75291419e-01
    1.61798686e-01 6.94613159e-01 2.17024058e-01 6.47439480e-01
    6.27379000e-01 5.80939651e-01 6.87356114e-01 9.16129231e-01
    4.56597477e-01 1.34354770e-01 7.86759555e-02 8.75829637e-01
    7.25942850e-02 6.22482657e-01 5.32486618e-01 6.59731448e-01
    2.72110403e-01 7.03535676e-02 1.88949734e-01 8.78916383e-02
    2.71752417e-01 1.87088668e-01 2.81046748e-01 6.75462067e-01
    9.99096990e-01 5.72703242e-01 2.12481290e-01 6.49835885e-01
    5.82641900e-01 5.41882813e-01 4.68317807e-01 1.18385613e-01
    6.26110256e-01 3.37285578e-01 4.56862330e-01 6.85243964e-01
    6.64224803e-01 7.01331735e-01 9.40721929e-02 2.42408365e-01
    3.60884845e-01 1.96566314e-01 6.01176620e-01 2.28164852e-01
    9.25215125e-01 9.27944422e-01 1.85678244e-01 8.10770273e-01
    4.00119603e-01 5.31437397e-02 7.99031019e-01 9.20408487e-01
    7.23490715e-01 5.60045540e-02 9.50589418e-01 6.71143055e-01
    6.75704837e-01 1.48291558e-01 6.20786428e-01 4.44793433e-01
    7.11557448e-01 6.52830958e-01 1.82532430e-01 8.56903493e-02
    2.50861645e-02 6.90963924e-01 2.65764743e-01 5.48446238e-01
    9.97190773e-02 3.32261026e-02 2.74455249e-01 7.26714134e-01
    7.55436540e-01 3.61664236e-01 1.95567220e-01 4.89751935e-01
    5.84050119e-01 3.63478482e-01 2.04704016e-01 9.83689725e-02
    4.12452161e-01 4.03622061e-01 3.35054159e-01 7.79525340e-02
    7.66510129e-01 4.08185691e-01 4.92058992e-01 4.29599583e-02
    8.86114836e-01 8.85639310e-01 4.05696392e-01 7.56908417e-01
    3.46836686e-01 6.86353445e-01 2.65059471e-01 3.65204751e-01
    9.16367471e-02 4.74714875e-01 7.62300968e-01 6.35408521e-01
    5.70003510e-01 6.87051475e-01 3.35308731e-01 2.06052274e-01
    3.19346011e-01 2.00724542e-01 2.59104311e-01 4.63454843e-01
    9.20419514e-01 3.25458735e-01 2.91305304e-01 6.17179275e-01
    2.70399868e-01 5.65934598e-01 1.60129011e-01 4.35325652e-01
    6.76664591e-01 8.81724119e-01 1.14297688e-01 1.06301367e-01
    3.69449615e-01 7.43028402e-01 1.85833961e-01 9.53670025e-01
    5.24916112e-01 5.64603806e-02 4.44618762e-02 4.00997341e-01
    2.96507180e-01 4.03834879e-01 2.95484185e-01 3.07642490e-01
    4.33329582e-01 6.88822031e-01 1.25928998e-01 7.40045249e-01
    6.29969716e-01 5.46714604e-01 8.51053357e-01 2.89845645e-01
    7.70435572e-01 3.17618966e-01 8.49699676e-01 1.07648760e-01
    1.32943958e-01 7.84006119e-01 4.82739985e-01 9.32057977e-01
    7.24810600e-01 6.09048486e-01 2.22439826e-01 2.32250661e-01
    7.78847933e-01 1.18480563e-01 8.78090918e-01 4.75186825e-01
    2.13142961e-01 5.82731068e-01 2.04336286e-01 1.98003620e-01
    4.34411168e-02 3.29484522e-01 7.79829144e-01 5.54928899e-01
    6.65436804e-01 9.20103073e-01 7.15349317e-01 9.97543693e-01
    3.92029166e-01 7.55875647e-01 9.59867835e-01 1.08653069e-01
    5.03919125e-01 3.62938643e-03 7.50905812e-01 4.01614457e-01
    5.89857996e-01 1.77790314e-01 7.27601707e-01 1.40926391e-01
    1.10520065e-01 9.83887315e-01 9.07478333e-01 3.42433631e-01
    9.74243879e-02 9.88367498e-01 5.80309808e-01 7.13527441e-01
    2.54849017e-01 6.81154430e-02 9.22597945e-02 5.23800373e-01
    6.35155737e-02 7.51980424e-01 5.90855479e-01 3.69019568e-01
    8.03643584e-01 3.18054229e-01 3.48942518e-01 2.68713832e-01
    5.92093170e-02 3.34386259e-01 9.94541645e-01 9.70515847e-01
    6.97653472e-01 6.53668344e-01 2.84690976e-01 7.25158572e-01
    1.07405245e-01 9.67843175e-01 4.42010969e-01 5.03820062e-01
    8.69339705e-01 8.49782884e-01 9.65416074e-01 2.63058215e-01
    2.65455723e-01 6.37531161e-01 1.04429692e-01 5.87026358e-01
    3.44436705e-01 5.88525593e-01 8.25816274e-01 2.56130904e-01
    2.93876469e-01 6.65737391e-01 3.37464720e-01 3.39572340e-01
    8.77934515e-01 7.62840390e-01 7.63184190e-01 8.09408844e-01
    7.47547865e-01 8.91628861e-01 8.16866755e-02 4.47854161e-01
    3.82420421e-02 2.24588305e-01 8.15053821e-01 1.21848911e-01
    7.15126574e-01 5.89925766e-01 6.16314292e-01 2.23856449e-01
    4.92489785e-01 1.85507685e-01 9.87355113e-01 3.38305593e-01
    4.02728707e-01 6.90717101e-02 7.76116490e-01 1.53830290e-01
    9.23109889e-01 2.00851023e-01 3.82118225e-01 2.69167781e-01
    6.99388683e-01 4.32366371e-01 7.12554097e-01 1.73858881e-01
    1.93085819e-01 8.09709966e-01 9.73203659e-01 7.13935256e-01
    4.13241416e-01 6.93992972e-01 2.84596920e-01 3.18174124e-01
    5.98839939e-01 1.54822946e-01 4.24873829e-01 3.70943844e-01
    3.20748091e-01 2.26483703e-01 6.22765243e-01 1.22618556e-01
    7.57401526e-01 2.94901073e-01 1.50089264e-01 3.53075981e-01
    8.00377965e-01 7.35022485e-01 4.12201554e-01 3.90542597e-01
    1.29043609e-01 6.21675014e-01 3.29291105e-01 5.27990937e-01
    6.15424752e-01 5.75507045e-01 7.54744768e-01 1.80023760e-01
    4.98838246e-01 4.54428762e-01 7.85842240e-02 6.06024861e-01
    7.22991109e-01 3.90219659e-01 6.63784742e-01 1.35796875e-01
    1.69922441e-01 4.85644490e-01 3.96445423e-01 9.59380865e-01
    4.93755281e-01 1.36912644e-01 7.73660898e-01 8.14847708e-01
    1.02542520e-01 6.08681202e-01 8.13977361e-01 6.85384631e-01
    3.58913362e-01 3.92696619e-01 1.77718163e-01 4.46538001e-01
    3.40812802e-01 1.36257052e-01 8.56269240e-01 7.04032183e-03
    9.59006429e-01 1.19326055e-01 2.39058167e-01 1.33245260e-01
    9.48216319e-01 8.74467015e-01 8.88995230e-02 9.02198434e-01
    6.12621427e-01 6.11896694e-01 4.27756697e-01 8.41366529e-01
    3.77407670e-02 4.28779721e-01 9.02356148e-01 7.73174524e-01
    6.47013485e-01 2.96406984e-01 3.56551617e-01 6.75392330e-01
    5.89155793e-01 9.53593552e-01 3.57312500e-01 2.64619172e-01
    1.07370734e-01 9.80769992e-02 7.57582545e-01 3.97463262e-01
    4.19673562e-01 9.16377306e-02 8.56614113e-01 4.27080989e-01
    2.85335511e-01 1.04201376e-01 5.21460295e-01 4.02191877e-02
    1.46056145e-01 3.74987781e-01 8.71909261e-02 3.04010868e-01
    9.12367582e-01 3.74724209e-01 4.36027646e-02 3.08349729e-01
    3.26162934e-01 8.65412056e-02 3.61197770e-01 9.71491635e-01
    6.83619976e-01 7.09053397e-01 5.23482859e-02 8.69565904e-01
    5.84965706e-01 7.97331691e-01 4.89081740e-01 5.81208825e-01
    5.21955371e-01 4.73691821e-01 3.18231881e-01 3.49362850e-01
    3.48824680e-01 4.79224831e-01 4.62753087e-01 4.76534069e-02
    9.23362970e-01 6.09604716e-01 7.28741646e-01 4.31272537e-01
    8.16478133e-01 9.04174089e-01 4.33043212e-01 8.90823483e-01
    6.57217741e-01 4.96488988e-01 3.00895959e-01 3.53943765e-01
    3.11844885e-01 8.61307681e-02 6.73294842e-01 7.71714866e-01
    7.96589613e-01 5.96006215e-01 3.16560090e-01 7.65681267e-01
    9.62386847e-01 2.23555475e-01 5.46137869e-01 5.52529693e-02
    2.70675838e-01 6.11711621e-01 7.98221529e-01 8.57475758e-01
    2.73671776e-01 1.26123458e-01 9.66304421e-01 6.85367823e-01
    6.53079987e-01 1.02922946e-01 1.23619467e-01 7.06121743e-01
    9.26673412e-02 2.03110576e-02 5.65341234e-01 7.63238311e-01
    7.11737931e-01 7.15278387e-02 9.22297001e-01 1.35101885e-01
    1.66339636e-01 3.78420532e-01 5.36800623e-01 8.41835916e-01
    2.71514267e-01 3.72300267e-01 6.73981845e-01 3.38402480e-01
    4.00356650e-01 4.99056429e-01 5.41543305e-01 4.85621661e-01
    5.29766381e-01 4.21749771e-01 5.61199546e-01 2.25923270e-01
    6.89675212e-01 8.39461267e-01 2.01300919e-01 6.48582101e-01
    6.87197208e-01 3.22461009e-01 6.57583892e-01 3.15088093e-01
    1.55514449e-01 9.49373603e-01 9.08892393e-01 1.82347536e-01
    2.31106192e-01 5.98145604e-01 2.35616148e-01 6.36105001e-01
    5.66895783e-01 7.86120236e-01 9.91448045e-01 7.89653659e-01
    2.18900889e-01 4.16292638e-01 4.79568064e-01 1.18445396e-01
    4.10095632e-01 6.60242021e-01 8.02451730e-01 9.45796132e-01
    1.30748481e-01 7.38071799e-01 1.09784603e-01 3.96222621e-01
    7.71544576e-02 5.50750256e-01 6.90439880e-01 7.41131544e-01
    5.17747700e-02 9.59160089e-01 2.73657739e-01 2.14583397e-01
    7.37707675e-01 2.36560434e-01 6.33478284e-01 8.03324223e-01
    8.94602537e-02 4.19859290e-01 5.14404535e-01 9.53027606e-01
    2.44052768e-01 3.34286034e-01 8.26704741e-01 6.90088391e-01
    1.55456871e-01 2.79370189e-01 6.79189205e-01 3.45668197e-01
    5.34951746e-01 3.80577117e-01 9.71902311e-02 4.31045324e-01
    6.38752222e-01 1.16604567e-03 5.92404723e-01 1.16009533e-01
    8.28392029e-01 4.36206073e-01 8.18109274e-01 4.88268137e-02
    8.95873904e-01 8.33822012e-01 8.84408176e-01 4.66751695e-01
    5.40115237e-02 9.56995130e-01 7.04058707e-02 3.96993667e-01
    1.48326725e-01 8.61404538e-01 4.26607788e-01 5.55490077e-01
    9.83737111e-02 1.12476647e-02 3.89433205e-02 8.82812440e-02
    5.66534936e-01 7.33920336e-02 9.65929151e-01 8.33161831e-01
    8.40568841e-02 7.21977353e-02 2.05736399e-01 5.48573852e-01
    5.56749582e-01 1.45874590e-01 2.44518846e-01 2.45702565e-01
    4.99435514e-01 7.35198259e-01 9.15744901e-01 7.34857321e-01
    6.82590902e-01 7.63544440e-01 4.31691349e-01 1.31714225e-01
    2.09745973e-01 4.14317459e-01 3.68272275e-01 1.02155894e-01
    1.76864654e-01 9.48208392e-01 7.99601316e-01 9.27907288e-01
    5.67718983e-01 9.54588830e-01 6.64556623e-01 2.25949287e-01
    2.32195765e-01 6.78179502e-01 7.56006956e-01 5.62350512e-01
    9.27093029e-01 5.91559231e-01 2.53594935e-01 3.10402095e-01
    5.23575425e-01 1.14066184e-01 4.27374631e-01 1.50880933e-01
    2.61546820e-01 9.25509334e-01 6.20281816e-01 8.54367971e-01
    9.51908946e-01 1.64997518e-01 6.35486305e-01 8.73674393e-01
    2.51923919e-01 7.08873749e-01 5.07110298e-01 6.26103759e-01
    3.29617500e-01 9.32555556e-01 1.29008532e-01 4.02804583e-01
    9.75718498e-01 7.81556249e-01 2.44680673e-01 7.13937402e-01
    7.13410735e-01 4.55446392e-01 6.75861180e-01 9.48704123e-01
    4.03346479e-01 7.50677943e-01 7.41199493e-01 6.50391698e-01
    3.79058987e-01 6.79695547e-01 8.80815506e-01 9.54232931e-01
    3.37889731e-01 4.54114974e-02 9.40852046e-01 7.00513721e-01
    4.12795722e-01 1.82557106e-01 9.97318685e-01 2.89090991e-01
    5.30885220e-01 7.83063769e-01 2.65066087e-01 5.16507268e-01
    3.56008530e-01 9.25023079e-01 8.10466766e-01 7.94440687e-01
    6.35145307e-02 1.98149025e-01 4.25059140e-01 7.59884477e-01
    8.26663852e-01 1.86561823e-01 6.93099916e-01 7.75614679e-01
    7.79742599e-01 4.36858833e-01 5.97748935e-01 5.62186956e-01
    5.26629210e-01 9.40418839e-01 5.12363493e-01 5.97164333e-01
    3.97106469e-01 4.94462103e-01 4.49759781e-01 1.12348199e-02
    3.24313998e-01 2.73402333e-01 6.72915637e-01 1.45430297e-01
    6.81469977e-01 2.17923522e-03 1.21551424e-01 5.83388150e-01
    5.91534197e-01 5.62819123e-01 7.99902797e-01 6.66894555e-01
    1.06196702e-01 6.23795748e-01 3.65712941e-01 9.68275666e-02
    2.57223159e-01 7.35321164e-01 4.81898665e-01 9.99312043e-01
    5.31739831e-01 5.38930297e-01 4.01145816e-01 1.48821771e-02
    2.68023252e-01 5.93790054e-01 6.35371685e-01 2.39987344e-01
    1.51801348e-01 2.10163891e-02 6.84330881e-01 6.37346208e-01
    3.71435583e-01 3.57269764e-01 9.86968756e-01 7.05588758e-02
    7.55462646e-01 1.11113995e-01 8.09216142e-01 6.72941089e-01
    8.15630078e-01 7.90438712e-01 9.19637918e-01 1.52736604e-02
    1.01465195e-01 4.06511158e-01 9.97295439e-01 1.51638001e-01
    9.21436191e-01 9.65414882e-01 9.27536070e-01 1.59589529e-01
    7.68215954e-02 1.75669730e-01 3.41349542e-02 3.75055909e-01
    8.08102965e-01 3.18085194e-01 6.19317651e-01 4.89926904e-01
    5.04232168e-01 6.73508286e-01 2.75165737e-01 7.07955062e-01
    7.07776606e-01 8.30477476e-01 5.91914952e-02 8.75536025e-01
    8.37496877e-01 4.57672000e-01 4.24188256e-01 9.52559829e-01
    6.22354627e-01 7.34238625e-02 7.54582167e-01 4.05154973e-01
    3.29080969e-01 6.89547420e-01 1.66631639e-01 8.10338318e-01
    2.91287929e-01 5.15515745e-01 1.85822546e-02 4.45983410e-02
    2.55168498e-01 9.75738287e-01 9.07812357e-01 4.26901489e-01
    7.94426680e-01 8.98073971e-01 5.96914172e-01 7.28514552e-01
    9.20242786e-01 2.79681742e-01 9.24518466e-01 8.76869142e-01
    6.42022789e-02 3.27881157e-01 9.22876000e-01 4.36636686e-01
    1.86051965e-01 3.61233205e-01 8.46517861e-01 6.51716769e-01
    5.30945420e-01 3.26916575e-02 1.18066818e-01 2.83526540e-01
    1.46571577e-01 5.61556756e-01 6.17385089e-01 2.58873701e-02
    5.82707226e-02 3.37391883e-01 2.37130582e-01 3.16244841e-01
    9.56806362e-01 7.69433022e-01 9.26035643e-03 7.14459836e-01
    1.07377231e-01 1.30228072e-01 8.74186754e-02 1.67242378e-01
    8.57823253e-01 9.29547191e-01 9.94074643e-02 6.20527387e-01
    2.75923967e-01 4.08402503e-01 1.94201052e-01 8.80153179e-01
    1.57622129e-01 3.91649634e-01 1.34402663e-01 3.29678774e-01
    2.04293638e-01 5.17380357e-01 9.71022785e-01 1.75744742e-01
    9.34730649e-01 1.85876578e-01 3.27863961e-01 6.97013497e-01
    9.50865746e-01 4.89520252e-01 6.02091849e-01 6.35913253e-01
    6.49642587e-01 7.02436566e-02 5.75811744e-01 2.57876784e-01
    1.63314193e-01 8.95044327e-01 5.01328111e-02 3.02122772e-01
    5.22865653e-01 9.92165327e-01 3.08057189e-01 3.33937228e-01
    9.33456063e-01 6.48201823e-01 5.53694069e-01 2.05868155e-01
    7.10328162e-01 2.96340585e-02 7.43979275e-01 2.96017468e-01
    3.20508689e-01 5.27348518e-01 1.97135091e-01 7.13350058e-01
    9.51668680e-01 7.47595489e-01 8.65948677e-01 9.74369347e-01
    5.09901345e-01 6.87946856e-01 7.09983468e-01 8.07570815e-01
    3.33235025e-01 1.71757132e-01 8.42841506e-01 7.42094994e-01
    2.15692610e-01 9.37347293e-01 2.93941021e-01 2.71191239e-01
    2.79661566e-01 2.08963722e-01 7.16995656e-01 4.26521599e-02
    9.85666335e-01 7.88114369e-02 4.16600823e-01 2.81702697e-01
    1.25122935e-01 9.81293678e-01 1.00729376e-01 8.40331256e-01
    3.08214784e-01 4.93509382e-01 1.92874581e-01 7.90045023e-01
    9.19229507e-01 1.49779499e-01 4.60320234e-01 4.82550025e-01
    1.96983457e-01 3.68530124e-01 4.25498962e-01 4.26778227e-01
    6.73993170e-01 6.50825143e-01 9.55096126e-01 4.12505358e-01
    3.73919189e-01 6.78749859e-01 8.89577866e-01 4.71173197e-01
    5.78447044e-01 1.85395151e-01 8.65746260e-01 6.54245138e-01
    9.14627314e-01 3.16216052e-02 9.99916792e-01 2.37858683e-01
    3.36911976e-01 3.04419756e-01 5.09275615e-01 9.51224208e-01
    1.64143056e-01 6.42148852e-02 9.15675998e-01 5.83646297e-01
    7.96613216e-01 8.58875751e-01 7.78634250e-01 9.09576416e-01
    9.58668530e-01 5.94522774e-01 1.43234134e-01 6.28084242e-01
    8.76429558e-01 2.07598269e-01 6.12697601e-01 8.31051826e-01
    7.36363888e-01 2.16336936e-01 3.30162197e-01 6.35906577e-01
    2.02620924e-01 1.51698977e-01 5.71838140e-01 3.52109373e-01
    7.99618840e-01 2.99805164e-01 4.42055583e-01 8.63596797e-03
    4.30144370e-01 5.74514389e-01 5.95236063e-01 2.21401185e-01
    2.75690675e-01 9.87041593e-01 1.44766718e-01 3.98659348e-01
    4.54373747e-01 4.41387445e-01 2.65258610e-01 4.00669277e-02
    2.73333788e-02 8.81442666e-01 9.90484059e-01 1.86610609e-01
    7.59554148e-01 9.13136244e-01 2.00657666e-01 6.88362300e-01
    9.13890779e-01 4.42425042e-01 4.72353041e-01 5.12751997e-01
    3.97171438e-01 6.05514884e-01 3.73761833e-01 7.33226299e-01
    8.79094601e-01 3.77675295e-02 1.25187576e-01 6.96958303e-01
    6.86111331e-01 5.33717096e-01 9.75526869e-01 7.97304809e-01
    3.48054171e-01 6.99577272e-01 8.11849117e-01 8.53175342e-01
    5.63637853e-01 6.25840127e-02 4.29508507e-01 7.54426241e-01
    7.41984129e-01 6.42612040e-01 2.57289410e-03 9.05008912e-01
    6.31227672e-01 3.18645239e-01 6.11617804e-01 3.89737993e-01
    7.21285999e-01 7.62183130e-01 2.40366966e-01 1.20055914e-01
    9.80467081e-01 2.77858764e-01 8.06003511e-01 5.64902246e-01
    7.67154992e-01 4.75587994e-01 7.60869563e-01 1.32451087e-01
    4.55837250e-01 5.99027753e-01 2.80253917e-01 2.54641116e-01
    3.36954892e-01 5.34368336e-01 5.44177175e-01 4.22242224e-01
    5.58613837e-01 6.96338236e-01 4.20691907e-01 3.49583149e-01
    1.68170810e-01 5.65407097e-01 3.92316014e-01 8.73155951e-01
    8.35985661e-01 8.32469344e-01 9.83394980e-01 3.31314564e-01
    3.29218090e-01 7.19028115e-01 2.99568236e-01 2.55296052e-01
    9.75815594e-01 1.99651986e-01 2.75946498e-01 3.83637875e-01
    4.26949084e-01 3.09774280e-02 6.56798363e-01 9.15160775e-02
    8.75479579e-02 4.85698760e-01 8.49732041e-01 4.17975128e-01
    2.38679290e-01 5.07199764e-03 1.26615942e-01 2.09428638e-01
    9.49221969e-01 9.92906570e-01 7.51157761e-01 1.40691996e-02
    5.19963205e-01 7.98315763e-01 5.63732326e-01 3.12510967e-01
    1.55267715e-01 3.20563495e-01 7.29848921e-01 8.47875118e-01
    9.19026375e-01 3.06900203e-01 5.80391407e-01 2.08263636e-01
    3.70144367e-01 9.24052835e-01 8.58964682e-01 6.31652117e-01
    4.97238755e-01 3.21597338e-01 8.89397740e-01 3.20209503e-01
    1.28500789e-01 9.17872906e-01 2.90448248e-01 9.08792138e-01
    7.72334337e-01 3.53085995e-01 1.52828008e-01 6.98266208e-01
    8.75733137e-01 7.73369908e-01 8.42309773e-01 3.53409022e-01
    3.29113692e-01 4.83646512e-01 9.20527220e-01 5.23614824e-01
    9.20414925e-03 4.98742282e-01 4.01856333e-01 1.26951188e-01
    3.70177031e-02 5.86580276e-01 6.56405628e-01 7.33205557e-01
    3.50712270e-01 2.19495207e-01 3.44285905e-01 2.76752412e-01
    9.06114697e-01 4.95387167e-01 6.81580305e-01 5.06916821e-01
    6.91552043e-01 1.84983939e-01 1.41105175e-01 9.12704587e-01
    2.38164663e-02 7.41402984e-01 7.27145016e-01 8.71999085e-01
    8.74876976e-04 9.02931511e-01 2.48039514e-01 6.85661376e-01
    1.66803300e-02 1.79969668e-02 9.91924286e-01 8.61377239e-01
    6.90170348e-01 1.92333758e-01 8.82848203e-01 7.09211826e-01
    4.43448126e-01 4.41395849e-01 9.25369501e-01 6.43560052e-01
    5.80989718e-01 5.68084061e-01 4.09906387e-01 6.15382612e-01
    7.07115293e-01 7.74920464e-01 7.59267211e-01 2.67054021e-01
    7.97295213e-01 6.74837351e-01 7.68451393e-02 8.75623643e-01
    9.53711748e-01 7.54880905e-01 3.14105600e-01 1.25282556e-01
    3.71359885e-01 6.47339463e-01 9.66136336e-01 6.09681189e-01
    6.57367408e-01 6.24148428e-01 4.00065243e-01 6.31817222e-01
    3.15675616e-01 4.66512471e-01 6.47786021e-01 4.77539599e-01
    1.24600828e-01 2.28604674e-03 3.81161392e-01 3.24995518e-02
    3.37024689e-01 8.72028589e-01 2.65866518e-03 2.80946076e-01
    4.88990843e-02 4.43917245e-01 9.38691139e-01 4.09829974e-01
    4.25404489e-01 5.28431356e-01 4.74369913e-01 5.65802813e-01
    6.59744084e-01 8.55900407e-01 2.15348572e-01 2.95132935e-01
    5.31885266e-01 1.02373719e-01 2.07871825e-01 3.37258518e-01
    7.61769295e-01 4.16917264e-01 8.43473256e-01 8.63681793e-01
    9.19686437e-01 1.50880903e-01 5.84864795e-01 1.15846664e-01
    3.02411616e-01 3.28173757e-01 9.19863582e-01 9.03886139e-01
    2.64193594e-01 6.78704262e-01 2.73191869e-01 3.92331213e-01
    6.21669292e-02 8.89901161e-01 9.43832040e-01 2.24881768e-01
    1.69279397e-01 2.87189841e-01 6.05780900e-01 5.09771526e-01
    9.56055641e-01 3.81039679e-02 4.83118594e-02 9.86667037e-01
    3.04437816e-01 6.78466439e-01 6.12668216e-01 6.72654390e-01
    7.95892954e-01 3.72637689e-01 8.13628793e-01 9.45168197e-01
    9.88665581e-01 1.56002909e-01 3.01959693e-01 8.15616608e-01
    3.84460092e-01 8.27403665e-02 1.75865650e-01 5.21718502e-01
    9.46406245e-01 5.25314927e-01 1.65250152e-01 8.98039043e-02
    7.61216640e-01 4.72601056e-02 5.13217986e-01 9.36877131e-02
    1.88320577e-01 6.67044938e-01 8.86018157e-01 5.74745715e-01
    2.07497120e-01 3.47169340e-01 9.48051095e-01 2.90977150e-01
    3.94502252e-01 7.22237825e-01 8.61356139e-01 2.95307219e-01
    7.32627571e-01 7.60541201e-01 1.42247945e-01 7.67894506e-01
    5.26510596e-01 3.44780952e-01 6.01271629e-01 2.19209194e-02
    7.71152973e-01 9.88918185e-01 5.19468486e-01 7.75174022e-01
    3.75715494e-02 6.58358574e-01 9.15718079e-03 3.22043896e-03
    5.75920641e-01 4.13738966e-01 2.90531129e-01 7.80237615e-02
    6.13273442e-01 3.01503986e-01 4.36197609e-01 3.89533997e-01
    4.26677048e-01 7.85264850e-01 4.17376161e-01 6.00850880e-01
    1.27062589e-01 9.12151694e-01 5.87255239e-01 2.61875927e-01
    2.87510127e-01 2.29806155e-01 3.10005605e-01 8.57566893e-01
    7.20676541e-01 5.16967058e-01 5.49985707e-01 5.41606784e-01
    3.89050722e-01 8.54308844e-01 1.60112381e-01 6.31845891e-01
    9.66994882e-01 6.39676213e-01 1.62944824e-01 3.72113973e-01
    4.47754264e-02 7.17541277e-01 3.36161554e-01 3.32203805e-01
    8.70821059e-01 8.01260531e-01 4.13015783e-02 3.13905984e-01
    1.73330098e-01 1.19822651e-01 3.97949934e-01 1.00095749e-01
    8.99416029e-01 5.12502968e-01 1.99961126e-01 8.78407359e-01
    7.24236131e-01 4.95103300e-02 5.76850891e-01 3.44141454e-01
    1.57638907e-01 4.51536685e-01 6.46588564e-01 2.60276020e-01
    4.67659116e-01 8.04420114e-01 1.55315071e-01 9.57627892e-02
    9.59880173e-01 3.00802648e-01 9.34797406e-01 2.30605900e-02
    2.74588048e-01 7.15835273e-01 5.19492745e-01 4.04709756e-01
    5.86200953e-01 3.49145800e-01 1.04605108e-01 9.48891759e-01
    2.45918423e-01 5.50752282e-01 3.62842590e-01 2.97340691e-01
    3.28924298e-01 7.54676700e-01 5.93985498e-01 9.13123548e-01
    1.81117445e-01 4.54576910e-02 7.43241668e-01 6.81759000e-01
    2.51322210e-01 7.37321496e-01 4.03004467e-01 6.95548832e-01
    2.95790017e-01 7.76387453e-01 8.00466239e-02 9.06746387e-01
    1.19909465e-01 2.91547656e-01 3.29057515e-01 1.17211282e-01
    1.48408860e-01 4.55959529e-01 2.44315296e-01 6.11376464e-01
    3.10909092e-01 8.18003416e-01 3.65940183e-01 9.14358377e-01
    1.08205110e-01 6.12943947e-01 3.90157282e-01 6.19501948e-01
    7.04136908e-01 4.77570355e-01 2.16620743e-01 3.52412164e-01
    4.61241603e-02 3.21913660e-01 6.95439875e-02 8.08906555e-02
    3.77551317e-02 7.60477662e-01 3.08209062e-01 6.15714431e-01
    1.45139813e-01 3.78108084e-01 2.97129393e-01 7.94098496e-01
    4.60623682e-01 6.94522798e-01 7.43994772e-01 2.57497102e-01
    8.70790124e-01 5.26670158e-01 1.30305409e-01 2.38451362e-03
    7.93490887e-01 2.36518621e-01 1.75720841e-01 9.32210088e-01
    1.61545008e-01 7.84534812e-02 5.04388511e-02 5.04180789e-01
    5.70921659e-01 4.54716921e-01 3.45439792e-01 5.53608894e-01
    1.46011382e-01 4.19643521e-02 5.59195161e-01 4.61741388e-01
    1.30431533e-01 4.78521913e-01 3.66738677e-01 2.32745856e-01
    2.04536170e-01 9.28658009e-01 4.82371092e-01 2.81132460e-01
    4.41035122e-01 5.04976332e-01 8.26692641e-01 1.06609076e-01
    3.20909083e-01 8.44019234e-01 5.27907550e-01 3.22209299e-01
    5.07291496e-01 5.42947471e-01 3.92374754e-01 3.21648210e-01
    1.81117028e-01 9.81589317e-01 4.51346278e-01 9.25097048e-01
    5.45409560e-01 1.91906244e-01 4.62740660e-01 7.19441056e-01
    9.62058902e-01 3.05758834e-01 7.18480587e-01 6.88087463e-01
    1.01206422e-01 3.53199154e-01 8.22982132e-01 1.74870014e-01
    2.17241734e-01 3.67157042e-01 9.48918283e-01 7.17015743e-01
    2.96592116e-01 8.48852456e-01 3.57056618e-01 1.35032415e-01
    7.62750924e-01 6.91220880e-01 4.32375938e-01 8.38239133e-01
    2.40596116e-01 2.63850749e-01 2.97595501e-01 9.85087276e-01
    2.36796588e-01 1.58123225e-01 4.13009048e-01 1.09982103e-01
    6.10907435e-01 6.53362632e-01 6.01433039e-01 4.42397803e-01
    7.44534433e-02 6.76642060e-01 5.10472536e-01 7.42716551e-01
    8.28463197e-01 1.97736114e-01 1.25034392e-01 6.58733547e-01
    2.60670424e-01 8.17592740e-01 2.84048408e-01 4.28702831e-01
    7.60413527e-01 8.72701406e-01 9.21838760e-01 2.96086639e-01
    8.39880943e-01 6.34164155e-01 1.87047333e-01 6.98536038e-02
    8.60892236e-01 3.09629351e-01 9.79336143e-01 3.96663845e-02
    9.35545206e-01 1.90119326e-01 6.44844174e-01 8.40762019e-01
    4.92261410e-01 6.62012517e-01 5.89298069e-01 2.45550424e-01
    1.86826885e-01 8.64139557e-01 9.97092128e-02 6.01664126e-01
    4.76955861e-01 1.59303874e-01 7.79770613e-01 5.49995601e-01
    1.71421468e-01 5.14924824e-01 9.64346588e-01 2.22330481e-01
    6.79925263e-01 7.83054054e-01 4.12708938e-01 9.92697358e-01
    4.10673499e-01 9.16367173e-01 9.90712047e-01 7.62379289e-01
    5.20323813e-01 5.34010231e-01 6.23492658e-01 4.64384496e-01
    8.35319638e-01 8.21987152e-01 4.98496383e-01 7.87922144e-01
    4.86838549e-01 5.38562715e-01 9.51815367e-01 9.33922887e-01
    3.06431442e-01 2.44347036e-01 1.32988572e-01 4.30578709e-01
    5.09968460e-01 2.30455697e-02 9.21082318e-01 2.67613530e-01
    7.97400594e-01 9.56435323e-01 4.13918078e-01 9.55376267e-01
    2.00662106e-01 2.35123128e-01 4.88340855e-01 2.16115505e-01
    7.52676010e-01 5.61334550e-01 4.96546805e-01 5.05864739e-01
    4.29872632e-01 6.21992528e-01 6.71227038e-01 1.91408694e-02
    8.39517713e-01 1.54106379e-01 4.66835290e-01 7.02638745e-01
    5.36440015e-01 7.80793548e-01 7.67717838e-01 4.53907818e-01
    6.05027795e-01 5.79708815e-01 1.03648216e-01 6.68103933e-01
    4.55585659e-01 1.91212595e-01 6.29912972e-01 1.71439707e-01
    7.53218055e-01 3.25751007e-01 2.91737199e-01 7.01814115e-01
    3.90547454e-01 2.86194891e-01 6.43500030e-01 6.81532264e-01
    4.99910712e-02 9.87638950e-01 6.93414450e-01 8.62347126e-01
    8.84287238e-01 2.87636876e-01 5.17411470e-01 4.85334754e-01
    7.50041246e-01 6.64197445e-01 2.39746273e-02 4.27347213e-01
    8.61737370e-01 2.31532156e-02 1.93169594e-01 5.51884651e-01
    9.81066704e-01 8.77118766e-01 1.77481294e-01 1.46134526e-01
    3.18599761e-01 8.26952636e-01 1.90050662e-01 2.68336236e-01
    2.48405337e-02 7.61226177e-01 3.27177823e-01 4.33560938e-01
    3.61147165e-01 5.15345454e-01 3.14876258e-01 6.66140079e-01
    9.36721146e-01 6.12298846e-01 1.53055191e-01 2.73334444e-01
    6.21631145e-02 8.06658924e-01 7.17786312e-01 8.30246329e-01
    4.05268699e-01 6.20749712e-01 2.60845661e-01 6.79461896e-01
    4.55539048e-01 9.08921599e-01 3.05785328e-01 1.51986837e-01
    8.13173294e-01 9.59342599e-01 4.27345991e-01 5.40128410e-01
    1.29940212e-02 6.51547790e-01 4.58420366e-01 7.45194972e-01
    1.62865400e-01 9.66114640e-01 6.22001290e-01 2.28438020e-01
    9.60563660e-01 3.22598606e-01 9.45366859e-01 3.53894770e-01
    1.35643363e-01 9.52182531e-01 8.53033543e-01 9.80617762e-01
    9.33326364e-01 3.70365381e-03 7.13380098e-01 7.97256708e-01
    6.69646740e-01 6.78220689e-01 6.05681777e-01 6.65656745e-01
    1.76734388e-01 5.18312156e-02 9.85941410e-01 2.95650363e-02
    8.91019106e-01 1.71991676e-01 1.93800807e-01 8.63090396e-01
    6.38051569e-01 3.68172765e-01 9.41955864e-01 1.33984923e-01
    7.98463464e-01 2.99638987e-01 9.67543364e-01 2.98578173e-01
    7.16564178e-01 4.15710509e-01 9.09955442e-01 5.52009702e-01
    6.36557817e-01 5.99532247e-01 3.36017191e-01 8.53654623e-01
    7.29019165e-01 1.52593017e-01 3.23177576e-02 4.94936436e-01
    5.96904159e-01 5.27971268e-01 1.96245551e-01 8.21500242e-01
    3.12266469e-01 4.27498400e-01 1.61680669e-01 4.09138411e-01
    3.19828868e-01 3.35672140e-01 8.60822439e-01 4.39383984e-02
    4.46276069e-02 4.30503875e-01 7.68227816e-01 5.64422071e-01
    9.65018094e-01 8.49111080e-01 6.94296241e-01 1.85553014e-01
    4.85959232e-01 5.55847943e-01 7.14243412e-01 7.35862255e-01
    1.71493560e-01 3.54398489e-01 1.33697391e-01 3.26096773e-01
    2.57362157e-01 7.96387672e-01 3.88626128e-01 1.98552847e-01
    1.90375447e-02 1.57280713e-01 7.89504528e-01 8.70082855e-01
    2.02965081e-01 3.22403491e-01 1.00480646e-01 2.50701666e-01
    4.19576555e-01 3.66582215e-01 9.97898459e-01 4.55194712e-02
    4.49713051e-01 9.02004540e-02 4.74036276e-01 8.38933945e-01
    7.95785666e-01 7.52090931e-01 5.99480867e-01 5.88611662e-01
    6.45658731e-01 1.22460485e-01 9.79817510e-01 5.17875731e-01
    9.33332443e-01 3.53768080e-01 4.95938957e-02 5.41460991e-01
    7.73533285e-01 6.90568566e-01 4.11819726e-01 4.32951778e-01
    8.30291152e-01 8.40130448e-01 3.52031171e-01 9.30861413e-01
    6.57822609e-01 5.62953949e-01 9.17002261e-01 5.83946347e-01
    2.11684018e-01 5.16350031e-01 8.16843033e-01 9.47412670e-01
    8.33335459e-01 7.65998006e-01 6.87205791e-01 5.47013879e-01
    7.06464350e-01 5.52885473e-01 9.80182409e-01 1.34259135e-01
    4.85933840e-01 8.13076615e-01 7.26483762e-01 8.92879903e-01
    3.13772589e-01 8.29591036e-01 8.12205315e-01 1.53057843e-01
    5.15891016e-01 5.62474966e-01 6.92749918e-01 3.25581819e-01
    8.89592826e-01 1.59086704e-01 3.95278931e-01 4.36147749e-01
    4.80046183e-01 2.71320343e-01 1.35881156e-01 7.23071814e-01
    9.18892264e-01 2.90021122e-01 7.56293416e-01 3.21485370e-01
    3.80743384e-01 7.05372512e-01 5.83518803e-01 5.71718812e-02
    6.03684783e-03 8.42742026e-02 7.93561220e-01 2.49529660e-01
    1.61338210e-01 1.08754128e-01 5.79310060e-02 8.60133827e-01
    4.09752667e-01 1.14736646e-01 3.49378854e-01 7.83503592e-01
    7.39175081e-02 5.97055554e-02 3.70658636e-01 7.83198714e-01
    2.33760893e-01 4.50741351e-02 8.78957152e-01 7.23174095e-01
    9.54882503e-01 9.47336972e-01 8.73616874e-01 4.95743066e-01
    8.87340009e-01 5.12347460e-01 4.89721984e-01 4.57828045e-02
    9.05281007e-01 5.66508293e-01 6.41140580e-01 9.69020247e-01
    9.97569323e-01 4.74886388e-01 5.48716426e-01 3.93659472e-01
    9.90700126e-01 1.29519373e-01 1.01973325e-01 3.79916549e-01
    5.63667655e-01 8.32770348e-01 3.02092433e-01 7.34063983e-01
    3.46962065e-01 2.60320425e-01 7.60598004e-01 9.55272079e-01
    9.35342252e-01 7.39490151e-01 6.81133509e-01 3.05796325e-01
    1.88918322e-01 2.82629251e-01 5.27854502e-01 9.58497167e-01
    4.49595511e-01 9.72418129e-01 8.74045610e-01 9.94156837e-01
    9.89125371e-01 9.26056981e-01 1.33884788e-01 7.45469391e-01
    7.63527632e-01 3.96187931e-01 9.98686314e-01 5.18988132e-01
    7.58847475e-01 5.12509704e-01 8.29027534e-01 6.65720701e-01
    9.97211635e-02 6.62376821e-01 7.80174255e-01 7.89049983e-01
    3.59104872e-01 5.30500174e-01 9.55475569e-01 4.25236255e-01
    6.78396583e-01 5.64399719e-01 2.94583023e-01 4.68951821e-01
    1.35121047e-01 2.71821856e-01 5.12980163e-01 7.92928874e-01
    2.19179153e-01 8.48445714e-01 7.48165667e-01 2.34494537e-01
    8.99090290e-01 5.75879216e-01 1.68748617e-01 3.10322523e-01
    6.76689148e-01 4.42941487e-02 9.13228989e-02 4.60806429e-01
    9.27593112e-01 7.76957273e-01 9.77890253e-01 6.65610552e-01
    2.49478459e-01 2.22129524e-01 7.91549921e-01 4.75780725e-01
    7.80580878e-01 7.64508903e-01 7.83080339e-01 8.15297067e-02
    3.66430581e-01 8.84853721e-01 3.78115058e-01 7.71576405e-01
    7.70751834e-02 9.33910787e-01 6.18331790e-01 3.73195112e-01
    2.16144562e-01 7.38896132e-02 7.52202630e-01 2.44263172e-01
    5.18851697e-01 5.03768682e-01 3.58294368e-01 8.12692642e-02
    8.00342858e-01 5.43276846e-01 8.49410713e-01 9.38264966e-01
    9.50930119e-02 3.53168190e-01 6.42519355e-01 1.72510773e-01
    7.38820791e-01 8.54443669e-01 3.08510959e-01 8.22649360e-01
    4.82467353e-01 1.19584352e-01 7.45631754e-02 2.19823718e-02
    2.09339738e-01 7.25978971e-01 9.43284154e-01 6.61790252e-01
    8.61829042e-01 4.89558101e-01 9.26601648e-01 6.92928374e-01
    3.08107048e-01 7.12409914e-01 7.94789195e-01 1.81600451e-02
    7.98645258e-01 7.19586074e-01 7.20641017e-02 6.30452454e-01
    2.80529916e-01 4.55180824e-01 1.72625750e-01 2.16082275e-01
    2.84286171e-01 5.64253330e-02 9.47521448e-01 4.00971174e-01
    9.28549170e-01 2.15749860e-01 4.58868235e-01 4.31298018e-01
    4.25067246e-02 9.17232156e-01 2.70639658e-01 2.73840010e-01
    1.48194581e-01 5.30560791e-01 5.07976353e-01 3.64660710e-01
    5.86081743e-01 1.87218636e-01 4.56199735e-01 2.20144004e-01
    1.72393739e-01 7.00639725e-01 5.31137288e-01 7.56457806e-01
    8.84065032e-02 5.73206902e-01 5.89997530e-01 8.03712010e-01
    8.75693321e-01 1.12111568e-01 4.52850372e-01 1.17386431e-01
    1.28858924e-01 3.04884911e-01 9.52460945e-01 2.57039070e-03
    6.54652178e-01 3.52320075e-03 6.07130289e-01 7.33909130e-01
    9.68712807e-01 9.41113114e-01 9.77797210e-01 1.26186013e-02
    9.31095362e-01 8.72681379e-01 9.84267294e-01 6.75980151e-01
    3.78863215e-01 5.98079503e-01 3.01134348e-01 3.24560910e-01
    2.89045841e-01 6.81799948e-01 2.76214689e-01 3.44074428e-01
    4.64605153e-01 6.52857482e-01 6.71690941e-01 6.11429036e-01
    9.00275350e-01 7.01537371e-01 2.90901750e-01 7.22524107e-01
    2.20860660e-01 1.44902378e-01 9.93939638e-01 3.38383019e-02
    7.88885355e-02 7.39002109e-01 2.78788090e-01 1.94193393e-01
    8.15426648e-01 8.88381481e-01 4.34567809e-01 1.80574059e-01
    7.77248144e-01 1.96991771e-01 5.30310929e-01 3.20729047e-01
    9.38127279e-01 9.52734947e-01 9.81136203e-01 6.34767413e-01
    4.83965784e-01 7.55188465e-01 4.59684134e-02 4.17220414e-01
    3.17460537e-01 9.49221730e-01 9.53829646e-01 1.98536128e-01
    5.70845306e-01 6.15644217e-01 2.05029428e-01 7.17584252e-01
    4.71656412e-01 4.73245323e-01 1.56491011e-01 8.93457651e-01
    9.17776823e-01 2.88714409e-01 2.67940521e-01 7.55670786e-01
    1.55714542e-01 4.96972948e-01 7.57909894e-01 4.21445489e-01
    1.50086969e-01 3.06390554e-01 9.00454044e-01 2.34889746e-01
    2.44401336e-01 2.70347506e-01 7.64911473e-02 4.11062926e-01
    8.15518260e-01 6.05615318e-01 7.22598433e-01 8.93089056e-01
    7.29200721e-01 4.28514272e-01 6.20561957e-01 2.75872350e-02
    9.33344007e-01 4.30501282e-01 5.86670280e-01 1.29885375e-02
    8.87408376e-01 7.13997602e-01 8.40981960e-01 8.57584476e-01
    6.76721811e-01 5.11932671e-02 2.03420997e-01 8.83325279e-01
    4.29649144e-01 1.67239308e-01 7.69809365e-01 1.43684447e-02
    8.50762188e-01 3.15544724e-01 5.15698016e-01 7.61845648e-01
    7.67907739e-01 7.03306973e-01 4.26846385e-01 3.81827325e-01
    9.31150794e-01 8.27079713e-02 1.22385919e-02 3.64798248e-01
    4.24200714e-01 7.35071123e-01 8.83760154e-01 3.80184174e-01
    3.43294322e-01 1.85509801e-01 3.00211132e-01 4.97951090e-01
    1.57426745e-01 7.34000504e-01 8.27613771e-02 6.13874793e-01
    9.28908587e-04 8.03697824e-01 8.01779687e-01 2.50737131e-01
    6.34044409e-04 7.92719603e-01 7.72317111e-01 5.29943585e-01
    5.85061848e-01 3.10382068e-01 4.38424259e-01 5.71876168e-01
    7.21915722e-01 9.16891634e-01 2.12224245e-01 8.86360228e-01
    8.06156158e-01 5.45843601e-01 7.38247573e-01 4.53085363e-01
    4.54901934e-01 1.91998869e-01 6.98181510e-01 5.25309801e-01
    9.34011042e-01 2.21049935e-01 1.45668983e-02 2.36834377e-01
    2.57771432e-01 4.66037244e-01 9.22432661e-01 3.98342490e-01
    7.27842271e-01 2.06589669e-01 8.35157990e-01 5.81470549e-01
    7.88797855e-01 4.03067410e-01 9.71828997e-02 6.03767395e-01
    1.44428313e-02 3.68303329e-01 7.77811408e-01 8.50954354e-01
    8.50422502e-01 5.74523747e-01 1.81598157e-01 8.32860470e-01
    8.00169170e-01 2.37096757e-01 5.53353250e-01 1.85716242e-01
    4.16819930e-01 7.02356935e-01 4.17982876e-01 4.99063551e-01
    8.73548448e-01 9.00723994e-01 5.22878468e-01 8.95884037e-01
    1.41428649e-01 6.86003089e-01 6.18272662e-01 9.91189599e-01
    4.35046971e-01 2.90731519e-01 9.40926909e-01 8.65001857e-01
    6.56801999e-01 2.44445682e-01 1.09557480e-01 8.50427449e-02
    1.19372189e-01 2.18833297e-01 7.40015149e-01 7.79038072e-02
    4.39320028e-01 5.08622646e-01 5.99917889e-01 4.54342663e-01
    1.16885096e-01 8.89664769e-01 6.37546420e-01 7.32545972e-01
    4.26049173e-01 3.62651199e-01 9.04888093e-01 2.66164333e-01
    6.98917508e-01 1.12864196e-01 6.18806779e-02 8.89055669e-01
    5.17031074e-01 8.22028399e-01 5.89041650e-01 5.08987546e-01
    3.73400092e-01 6.53205156e-01 1.30937696e-02 7.65385389e-01
    2.83845365e-01 4.27234590e-01 3.25388372e-01 6.65471196e-01
    9.57251966e-01 7.47233272e-01 8.14593434e-01 9.42861736e-02
    1.34273201e-01 6.38345718e-01 2.92445421e-01 8.66121650e-01
    5.50028384e-02 6.88425839e-01 4.15377110e-01 8.66555572e-02
    2.64522672e-01 2.14064330e-01 8.26398373e-01 8.55701923e-01
    7.92521000e-01 6.48319960e-01 2.06593871e-02 7.11909533e-01
    8.46079469e-01 1.02181196e-01 4.45014894e-01 7.91900337e-01
    5.72824359e-01 2.04080343e-01 5.16426802e-01 3.61940324e-01
    1.44547224e-01 4.84334230e-02 7.76719570e-01 1.05274916e-02
    6.96411133e-02 7.96316743e-01 1.05777323e-01 9.95100856e-01
    9.32707667e-01 6.01647317e-01 1.84244037e-01 1.80026889e-02
    2.56265491e-01 3.29994202e-01 5.57766497e-01 5.03645241e-02</data></test_img>
<my_img type_id="opencv-matrix">
  <rows>128</rows>
  <cols>256</cols>
  <dt>f</dt>
  <data>
    1.13578033e+00 1.86688781e+00 -3.18481863e-01 1.61331677e+00
    7.59644389e-01 1.06449962e-01 1.15106201e+00 4.22105372e-01
    1.96797025e+00 1.18849754e-01 1.03593040e+00 -3.74707252e-01
    -1.44360155e-01 -1.08378649e-01 -3.07269007e-01 1.93488300e+00
    2.03997993e+00 5.50377488e-01 6.30012035e-01 1.77678108e+00
    1.68505490e-01 1.86822331e+00 -1.90165013e-01 -1.85143352e-02
    4.05699432e-01 1.46754050e+00 4.97329652e-01 4.54599738e-01
    -3.43505114e-01 8.78893733e-01 1.62543964e+00 1.43931293e+00
    1.18616015e-01 1.14794564e+00 3.71154189e-01 1.42492521e+00
    1.54300511e+00 1.44837940e+00 -2.92276859e-01 -9.10719037e-02
    7.05158949e-01 1.57091939e+00 2.68999934e-02 -6.11289442e-02
    2.81444252e-01 1.63963735e-01 6.64055467e-01 2.97406197e-01
    1.04797482e+00 1.37323356e+00 5.24757504e-01 6.15131795e-01
    5.38301706e-01 1.84078217e-01 5.57976007e-01 2.00031209e+00
    3.22699547e-03 7.93289840e-02 5.70791960e-01 1.98016536e+00
    8.31949413e-02 5.18731117e-01 1.82471108e+00 5.23570001e-01
    1.91981399e+00 8.72122645e-01 1.83037937e+00 1.83105767e-01
    5.24878263e-01 1.60009670e+00 8.30495596e-01 1.95959067e+00
    -4.17415082e-01 2.57400095e-01 1.39441299e+00 1.02522969e-03
    9.57835436e-01 1.26418972e+00 1.54970849e+00 1.62538660e+00
    1.62346470e+00 -3.23181331e-01 1.92713237e+00 3.57849717e-01
    -9.11768675e-02 7.72673607e-01 4.37578738e-01 4.96476948e-01
    1.90236306e+00 -4.83543873e-01 3.86608839e-02 1.31901217e+00
    7.70968854e-01 1.86901128e+00 1.07060242e+00 1.50430709e-01
    9.06615913e-01 2.38384604e-02 1.03837776e+00 1.73239732e+00
    1.35798097e+00 6.30148947e-01 1.67968130e+00 7.08704591e-01
    6.46744907e-01 4.22253102e-01 1.02364779e-01 2.57388860e-01
    4.94272113e-01 8.72011244e-01 1.95217705e+00 6.65141523e-01
    1.39419866e+00 1.33319926e+00 -1.59842461e-01 1.61807561e+00
    -3.53949815e-01 1.75004387e+00 -3.99324238e-01 1.27752316e+00
    2.04349637e+00 2.43148506e-01 1.12130141e+00 2.44800150e-01
    4.71450150e-01 1.50764096e+00 1.20436800e+00 4.64453518e-01
    1.41192567e+00 3.37211490e-02 1.63045168e+00 -5.98631203e-02
    2.20058322e-01 7.40076005e-01 1.20570588e+00 1.18354499e+00
    7.83705115e-01 -3.30548406e-01 -3.78322572e-01 8.76759350e-01
    1.77031207e+00 5.76062977e-01 -1.48566663e-02 9.02004838e-02
    1.11474425e-01 6.75325096e-01 1.13232946e+00 5.15441418e-01
    2.86130369e-01 1.65799236e+00 2.02103615e+00 1.63631046e+00
    1.33586049e-01 1.89571595e+00 1.81087744e+00 1.03907776e+00
    -2.38624975e-01 1.34869027e+00 2.00281811e+00 1.26118159e+00
    4.90419775e-01 1.86496186e+00 1.69806987e-01 -1.85589641e-01
    6.70468390e-01 1.13159823e+00 7.66573489e-01 8.39358032e-01
    1.95269239e+00 6.67330623e-01 5.35048068e-01 -3.50757301e-01
    2.07315159e+00 2.43969917e-01 1.89047337e-01 1.01846015e+00
    1.96102810e+00 3.52499723e-01 1.18323326e+00 1.93478632e+00
    -3.86462688e-01 6.68256342e-01 1.47633410e+00 1.66778791e+00
    2.09405839e-01 1.22454500e+00 1.83868146e+00 9.20465350e-01
    1.63517952e+00 4.66541260e-01 4.80234355e-01 7.65561461e-01
    4.35070992e-01 3.73721123e-05 1.81968379e+00 -9.22203064e-02
    1.70614624e+00 1.73430264e-01 1.93231553e-01 7.93324888e-01
    9.90784049e-01 7.96687841e-01 6.76023364e-01 1.01609993e+00
    -3.95165861e-01 1.21114993e+00 6.88073039e-02 6.12893522e-01
    1.32447493e+00 1.64995122e+00 1.05560213e-01 1.85805476e+00
    1.54616058e+00 -3.98551226e-01 6.07429683e-01 -1.24878973e-01
    -2.94285953e-01 8.87230396e-01 4.55743521e-01 9.50354576e-01
    -2.34296441e-01 1.48872232e+00 1.89726532e-01 1.08574653e+00
    3.86319488e-01 1.47108591e+00 7.04497993e-01 1.32517350e+00
    2.02385688e+00 -2.57885337e-01 -3.31275940e-01 3.38923424e-01
    1.93501961e+00 5.32341957e-01 -3.13773751e-02 1.16085398e+00
    5.78765690e-01 2.07951379e+00 5.09002209e-02 4.97944504e-01
    -2.50259936e-01 8.54539871e-01 1.09010172e+00 1.54369628e+00
    3.89561802e-01 1.12559378e+00 5.36794603e-01 4.24768746e-01
    1.46415532e+00 -2.42316172e-01 6.72001839e-01 -2.64679968e-01
    2.61416644e-01 1.86089516e+00 2.39388078e-01 2.47030228e-01
    1.73640132e+00 1.99897754e+00 -3.04446101e-01 7.88855910e-01
    9.75852370e-01 4.64012682e-01 1.76674938e+00 -5.97672939e-01
    1.22910643e+00 1.15448701e+00 1.87066376e+00 6.33000791e-01
    8.24060082e-01 -5.18609583e-01 1.94541180e+00 7.40498126e-01
    6.11758471e-01 3.42018366e-01 6.62707925e-01 1.82649195e-01
    -3.40030015e-01 1.23361564e+00 1.78331673e+00 5.77991962e-01
    1.56984425e+00 1.05574179e+00 -3.54718089e-01 1.39716506e-01
    1.42979145e+00 -5.01797497e-01 -3.82991880e-01 -1.32300228e-01
    1.93837059e+00 -4.54189360e-01 -2.49204636e-02 -2.88241565e-01
    9.85000908e-01 1.80173111e+00 1.83385885e+00 1.28017211e+00
    9.73334670e-01 5.41030169e-01 -3.41427326e-03 1.38781810e+00
    4.51210380e-01 1.86293435e+00 4.78386879e-01 -2.02198088e-01
    1.42403686e+00 -3.68377954e-01 1.68620706e+00 -1.51384532e-01
    -3.43440056e-01 -1.94049507e-01 1.79083335e+00 1.34277940e-02
    -4.63913143e-01 -2.03380764e-01 3.10498416e-01 1.20892811e+00
    2.69263625e-01 1.49440658e+00 -4.89110231e-01 1.53820276e+00
    1.08175802e+00 8.71743143e-01 1.36742628e+00 -1.62739486e-01
    1.43441916e+00 1.83920419e+00 5.98912358e-01 -4.79920238e-01
    1.01758671e+00 4.88223076e-01 -1.23204619e-01 4.59814072e-01
    1.68242204e+00 4.87291515e-01 2.95276821e-01 1.40783072e+00
    2.48973489e-01 4.86661553e-01 2.67524779e-01 2.05417931e-01
    6.47075772e-01 -1.90523237e-01 8.63346517e-01 -7.09971786e-02
    7.17972279e-01 1.41622388e+00 7.47013986e-01 6.33781195e-01
    2.39451528e-02 1.74449146e+00 1.66462362e+00 3.04910600e-01
    6.30858958e-01 -1.90245628e-01 -2.00474262e-02 6.00811064e-01
    1.21438062e+00 1.38993764e+00 1.82936740e+00 -2.64114767e-01
    3.29065502e-01 1.38663149e+00 2.20012665e-03 1.14097154e+00
    -1.30308151e-01 -5.49457669e-01 4.63071704e-01 -4.84044433e-01
    1.62107205e+00 4.11422253e-01 8.05224717e-01 1.59875238e+00
    7.24965930e-02 1.25560904e+00 6.75766826e-01 1.51184797e-02
    6.26221299e-02 1.88750720e+00 -5.00701547e-01 1.55074549e+00
    -2.34809041e-01 3.06468070e-01 1.48313594e+00 6.17091656e-02
    9.41945493e-01 1.65652394e-01 1.82783961e+00 1.16989374e+00
    9.09820795e-01 1.78162646e+00 -2.94593573e-02 1.50747323e+00
    6.20791078e-01 1.87842798e+00 7.32589900e-01 -3.70962590e-01
    1.81477749e+00 1.03538859e+00 9.92353618e-01 1.64706326e+00
    3.45085084e-01 1.03155088e+00 1.73012555e+00 1.32504725e+00
    -5.61348200e-01 8.41536641e-01 4.23799038e-01 -3.33118439e-02
    1.14749837e+00 -5.00012994e-01 -3.06033164e-01 7.69365013e-01
    7.62683034e-01 3.15375209e-01 1.37544465e+00 1.32364106e+00
    1.99424016e+00 4.55990136e-01 3.52741957e-01 6.04185820e-01
    1.96687126e+00 9.87182558e-01 2.32112646e-01 1.73957253e+00
    1.56513846e+00 2.58165359e-01 1.67588627e+00 1.62806070e+00
    -2.25015759e-01 8.33891034e-02 1.84510148e+00 2.46438384e-02
    6.54427469e-01 5.66470921e-01 2.21762359e-01 1.31151974e+00
    1.23688757e+00 1.87299061e+00 5.45837879e-01 5.53279459e-01
    3.90234888e-01 1.70985520e-01 1.01146281e+00 7.78762698e-02
    4.29728806e-01 -3.33545238e-01 -1.92171335e-02 5.44618845e-01
    4.73607898e-01 -3.39319855e-01 6.35609984e-01 -1.74315721e-01
    -4.07705218e-01 2.15685934e-01 9.14667666e-01 1.96344209e+00
    -4.01588678e-02 1.32704818e+00 1.36002743e+00 5.23088396e-01
    3.62773001e-01 1.22964239e+00 5.98096967e-01 7.08877623e-01
    1.19167709e+00 1.23394024e+00 6.14998817e-01 -2.39808172e-01
    1.02761364e+00 4.40951407e-01 1.68973684e+00 4.35019314e-01
    8.99194121e-01 -4.20270205e-01 9.63995099e-01 6.51255906e-01
    1.14974284e+00 8.57634544e-02 4.69075322e-01 1.27329826e+00
    1.84078932e-01 3.74444127e-01 -3.71611595e-01 1.55865562e+00
    6.02904737e-01 1.55746639e-01 -5.82560718e-01 1.77601135e+00
    -3.29423308e-01 -3.27618331e-01 1.79581356e+00 -3.54309320e-01
    5.41047215e-01 1.75272894e+00 5.62942505e-01 1.39236450e+00
    -3.75898480e-02 4.18438733e-01 5.61665714e-01 -1.90958291e-01
    7.29093075e-01 1.97089446e+00 8.19651723e-01 3.26403260e-01
    -2.17734396e-01 -9.99712944e-03 1.41189551e+00 1.12904441e+00
    1.46635795e+00 -1.96029752e-01 -2.98982173e-01 2.44260520e-01
    1.13501835e+00 1.41385055e+00 1.76208317e+00 1.02303076e+00
    1.69279158e+00 -3.88445288e-01 8.76852512e-01 2.81230628e-01
    -6.37702942e-01 7.99277723e-01 2.78648674e-01 1.27308762e+00
    3.22374880e-01 -3.30087692e-01 4.63833213e-01 9.40428019e-01
    -6.68379664e-02 1.84429634e+00 1.19375551e+00 -2.90128589e-01
    4.31340575e-01 3.52351248e-01 1.62850094e+00 1.71198297e+00
    1.75277567e+00 -1.15911365e-01 6.20679021e-01 1.71440005e-01
    1.75008070e+00 8.47279489e-01 1.19547462e+00 1.67586136e+00
    1.60000920e-02 1.02664685e+00 6.00835085e-02 -5.03888845e-01
    1.17969477e+00 5.86728275e-01 1.45124841e+00 -6.20974302e-01
    -3.61529142e-01 -6.57475591e-01 1.41277730e+00 2.83444703e-01
    -1.55768007e-01 -3.21909785e-02 5.57397723e-01 3.29434454e-01
    9.25144255e-01 1.27349854e-01 4.71929491e-01 1.66232383e+00
    1.16978931e+00 1.53897369e+00 5.54439664e-01 4.67933416e-01
    7.71094561e-02 -1.01334453e-02 6.48870647e-01 5.25649846e-01
    -4.75207746e-01 1.30977857e+00 -5.13091028e-01 1.61534262e+00
    1.00750446e+00 -4.18813795e-01 4.89100337e-01 2.48695791e-01
    -1.03621185e-01 1.28556907e+00 1.83910489e-01 9.18084085e-01
    -2.38496095e-01 -5.46377778e-01 -4.78036553e-01 1.11930966e+00
    1.27365088e+00 1.12283587e+00 7.95379341e-01 1.31156564e+00
    1.75562239e+00 1.05226457e+00 8.50620151e-01 3.33106637e-01
    1.88625765e+00 1.71919239e+00 1.31491876e+00 1.58924234e+00
    -3.58006358e-02 1.60407209e+00 -2.37775683e-01 8.61473620e-01
    -4.89041746e-01 3.13339353e-01 1.67727149e+00 -2.42979228e-01
    8.74073565e-01 -9.59702730e-02 1.57934725e+00 -3.32959652e-01
    4.25381422e-01 1.43413663e+00 6.29321218e-01 3.29181612e-01
    1.87911665e+00 1.76670003e+00 1.42405915e+00 -4.57871556e-01
    1.57757533e+00 -4.08038318e-01 9.16734397e-01 -5.94583690e-01
    -5.09429038e-01 3.83244812e-01 1.18722308e+00 2.57781148e-01
    1.32449019e+00 -5.25502682e-01 7.74971128e-01 1.46362090e+00
    1.81963110e+00 3.44029665e-02 1.40455961e-02 5.07392645e-01
    -4.35090899e-01 1.57494235e+00 9.21002567e-01 -5.26593745e-01
    2.85832286e-02 1.74162650e+00 1.95515811e-01 1.72272086e+00
    6.64639592e-01 -1.38452113e-01 -1.19257390e-01 -7.32888460e-01
    1.61516511e+00 8.10659528e-01 1.41697788e+00 3.83043468e-01
    1.23196661e+00 1.46507215e+00 5.84263444e-01 -1.80338025e-01
    -2.14372337e-01 9.62893367e-02 6.53458595e-01 1.86470485e+00
    1.68335736e+00 -5.30252457e-02 1.21207702e+00 1.55295181e+00
    1.19827604e+00 2.34594941e-01 9.63727474e-01 6.60225987e-01
    3.01289678e-01 6.57218933e-01 -6.04741454e-01 -5.10818243e-01
    1.34190011e+00 -3.62053365e-01 1.17911291e+00 -5.32664359e-01
    -3.42763901e-01 9.99632120e-01 9.41059411e-01 1.18471146e+00
    -2.04785585e-01 -2.43994772e-01 1.24418509e+00 3.26804757e-01
    3.19711566e-02 4.21407104e-01 1.27562428e+00 2.22752571e-01
    -5.68850398e-01 1.40158570e+00 1.61942816e+00 -1.47474408e-01
    1.50735795e+00 7.01724708e-01 1.08325887e+00 -4.33797657e-01
    1.42937446e+00 9.09975290e-01 7.60211051e-01 -1.96834862e-01
    1.15014374e+00 -1.03568375e-01 1.26269245e+00 5.77817082e-01
    8.74580503e-01 8.36900234e-01 7.15610504e-01 1.58204556e+00
    2.93954909e-01 1.03986168e+00 -5.51553249e-01 4.97031271e-01
    4.97821510e-01 -5.52634001e-02 1.21054232e-01 1.50579774e+00
    -3.44202459e-01 2.80955434e-01 1.14033830e+00 -3.40310723e-01
    6.47592664e-01 1.36729491e+00 -3.43410552e-01 -9.94095802e-02
    7.87204862e-01 6.30449653e-02 1.15171480e+00 8.42744708e-01
    1.11310124e+00 1.72339940e+00 6.22350931e-01 -3.20177108e-01
    1.61493385e+00 5.46427727e-01 6.34030521e-01 1.46278191e+00
    -9.76259708e-02 -4.20781374e-01 1.84296763e+00 1.69288635e+00
    9.06422615e-01 5.01984119e-01 1.32417130e+00 1.79959822e+00
    2.97823131e-01 1.67794752e+00 2.08259225e-01 -3.55545938e-01
    -6.58336282e-02 7.93765306e-01 1.36104047e+00 -5.48412144e-01
    -6.09400868e-01 2.53032446e-01 9.40788984e-02 1.90048397e+00
    -6.05906785e-01 -5.90671420e-01 9.64705288e-01 6.55736327e-01
    -5.42965770e-01 1.42314768e+00 1.04756284e+00 2.85692811e-02
    3.00094426e-01 5.37870884e-01 1.62005842e+00 -9.68771279e-02
    5.42312503e-01 3.58551502e-01 -4.66823578e-03 1.19042277e+00
    1.79120886e+00 3.52478266e-01 -7.06126034e-01 1.76847160e+00
    4.13371682e-01 9.70488191e-02 1.20993102e+00 1.16974974e+00
    1.15248668e+00 6.26858652e-01 -6.45662069e-01 1.32134485e+00
    1.27240992e+00 -6.09353065e-01 -1.37590706e-01 1.61907375e-01
    1.07053518e-01 -2.68326640e-01 -5.41006327e-01 9.02549386e-01
    -4.39914137e-01 7.66126812e-01 -6.09934628e-01 2.59124041e-01
    7.25437880e-01 -4.78209019e-01 8.98840845e-01 -1.38530076e-01
    1.06312966e+00 1.10813189e+00 4.50182498e-01 -3.35103750e-01
    1.47029901e+00 1.16970015e+00 1.71963847e+00 6.15519643e-01
    1.48152232e+00 4.08428073e-01 2.69016504e-01 4.14289653e-01
    5.29887736e-01 -2.37948865e-01 4.23508465e-01 -1.26652598e-01
    2.09931374e-01 6.87298536e-01 1.23914742e+00 3.20410609e-01
    1.50323749e+00 1.07890439e+00 1.47372472e+00 4.18390751e-01
    -2.46183127e-01 2.37578273e-01 1.76924026e+00 1.20087862e-01
    3.84540558e-02 1.60185266e+00 -4.18581516e-01 1.44356000e+00
    -1.72896206e-01 -4.47908133e-01 1.73529029e+00 2.12240040e-01
    -3.32057118e-01 3.37884784e-01 1.65247285e+00 1.34077251e-01
    -2.65089273e-02 8.80617440e-01 9.95894909e-01 1.68039370e+00
    1.06326401e+00 6.46967471e-01 3.86163712e-01 -2.48014748e-01
    1.14599907e+00 -3.39271098e-01 1.37730765e+00 -2.75458306e-01
    6.58225417e-02 -4.11916226e-01 3.04724336e-01 5.69516480e-01
    5.08829832e-01 1.43735576e+00 1.13307583e+00 1.60480928e+00
    1.64391541e+00 7.56968617e-01 1.48858428e-01 2.47985661e-01
    8.14884067e-01 -3.74250948e-01 9.92627144e-01 -1.86640024e-03
    1.01469100e+00 3.16688657e-01 1.71775937e-01 4.53198552e-02
    1.56238961e+00 1.59162498e+00 7.58602381e-01 1.49583447e+00
    1.72237813e+00 8.55026722e-01 -3.91570330e-01 1.59661865e+00
    8.11904669e-02 -2.66709924e-02 1.69513118e+00 -2.16696918e-01
    1.75888872e+00 7.34285116e-01 1.85906589e+00 1.12522304e-01
    4.84125316e-01 1.80759776e+00 5.78577220e-01 -4.87925947e-01
    1.69858241e+00 -5.60319781e-01 2.39489138e-01 8.42226207e-01
    -1.34551227e-01 3.85327756e-01 8.15093517e-02 1.70129168e+00
    -1.79791272e-01 -5.87324321e-01 -5.85798085e-01 6.28672361e-01
    1.57741308e+00 -7.61689305e-01 7.94541240e-01 1.59372509e+00
    1.81877136e-01 -7.27327287e-01 1.27281499e+00 1.25284040e+00
    1.23914647e+00 -5.77403665e-01 7.55070567e-01 -5.60025215e-01
    -4.04149145e-01 8.65584671e-01 1.24288630e+00 -5.04088402e-03
    1.42745340e+00 -5.18396080e-01 1.60256386e+00 9.87380028e-01
    3.07375669e-01 -6.86700761e-01 -4.04225200e-01 1.62377441e+00
    4.18955207e-01 -3.66831362e-01 2.89765000e-02 1.03840697e+00
    1.46593797e+00 1.72872043e+00 -3.82067531e-01 1.00460577e+00
    -3.25516403e-01 -8.29111934e-02 8.11828196e-01 6.80646896e-01
    -3.83480579e-01 6.97737634e-01 1.01635218e-01 -4.83548015e-01
    1.19323003e+00 1.65501010e+00 -3.30244482e-01 1.59635353e+00
    1.42463267e-01 -3.83998156e-02 -3.07642877e-01 1.23283947e+00
    -3.25644583e-01 -6.29436195e-01 -5.77649176e-01 1.32180834e+00
    9.76363063e-01 -5.76816380e-01 9.31284070e-01 1.84175503e+00
    1.15338480e+00 1.58996534e+00 1.50298917e+00 -2.94847131e-01
    -2.26079047e-01 -2.97155023e-01 -6.09990776e-01 4.86802161e-01
    1.50144160e+00 -6.24935091e-01 1.21056330e+00 4.58162308e-01
    1.61271250e+00 1.19338918e+00 1.48349655e+00 -4.58615214e-01
    9.95448411e-01 -7.08463848e-01 -5.38706839e-01 1.71611762e+00
    -5.12923777e-01 5.09279609e-01 5.66794872e-01 7.89434910e-02
    -3.95314097e-02 -2.69017905e-01 -4.71593767e-01 -2.33213663e-01
    4.87836301e-01 6.03631973e-01 -6.32358730e-01 1.69500065e+00
    1.56389236e+00 -6.55316055e-01 2.32601225e-01 -6.07836664e-01
    9.88299727e-01 1.41492987e+00 8.43821645e-01 1.22115314e-01
    1.81664765e-01 5.25842726e-01 1.57728982e+00 -7.65689313e-01
    1.36577070e+00 1.60552073e+00 5.38311005e-02 8.30371559e-01
    7.50930786e-01 6.06779337e-01 7.21091688e-01 6.07780218e-01
    -9.18245912e-02 1.31210792e+00 1.90041363e+00 -5.69726825e-01
    8.46648097e-01 -4.50125426e-01 5.71222246e-01 -1.70990646e-01
    1.23602831e+00 1.50722170e+00 1.23791802e+00 1.79874575e+00
    -4.02517647e-01 1.72816408e+00 -3.79456878e-02 -6.41151726e-01
    7.67957747e-01 -2.10710168e-02 7.03934789e-01 2.44847417e-01
    1.05017853e+00 1.40223694e+00 -2.38368392e-01 1.63424945e+00
    6.27784014e-01 3.85153294e-01 1.49075663e+00 5.45130968e-02
    -2.59588540e-01 1.43717599e+00 1.49703264e-01 1.29190493e+00
    1.14789844e+00 1.32165051e+00 1.09483409e+00 1.60502112e+00
    6.98178411e-01 1.69216919e+00 1.04600728e-01 -6.67613328e-01
    1.00140691e+00 -2.66725272e-01 1.68568981e+00 1.21157646e+00
    -5.52534938e-01 9.48030829e-01 4.54074144e-02 -7.08586574e-01
    -1.97286308e-01 1.35139179e+00 8.52694750e-01 1.30005574e+00
    1.03499150e+00 8.26262116e-01 2.33015656e-01 4.43894863e-01
    1.43917751e+00 1.36700213e-01 1.21049798e+00 1.12111688e+00
    -7.85016596e-01 -5.27303457e-01 1.52851987e+00 9.68498230e-01
    3.50171328e-02 -6.25456214e-01 1.54756510e+00 -7.00606406e-01
    7.47035861e-01 8.76228511e-01 8.29212666e-01 5.40198624e-01
    7.30637372e-01 7.72345245e-01 -6.28663778e-01 1.24086988e+00
    1.25509620e+00 5.81114531e-01 -3.42668772e-01 2.57245660e-01
    4.25936699e-01 3.06794882e-01 1.39169919e+00 -6.29125595e-01
    1.44665539e+00 -3.44880015e-01 1.39230287e+00 -1.81914330e-01
    -7.63778031e-01 9.52304602e-02 4.57478642e-01 1.50103152e+00
    -7.59413242e-01 -7.02942729e-01 -5.74230194e-01 3.01444173e-01
    2.15175152e-01 1.23899174e+00 8.45126271e-01 6.29621863e-01
    1.57775092e+00 -2.43768334e-01 -3.24882507e-01 7.97774494e-01
    -4.73992616e-01 -1.63422108e-01 9.13963079e-01 -5.26769400e-01
    3.02741647e-01 1.02430654e+00 -6.09072089e-01 1.49003243e+00
    4.86357272e-01 -5.91985106e-01 -9.46041346e-02 3.63905430e-02
    -3.35554272e-01 2.84853280e-01 -3.61560017e-01 -7.26171196e-01
    1.72952104e+00 1.38894463e+00 3.44549179e-01 1.48768783e+00
    -4.76615012e-01 1.59173787e-01 7.27331519e-01 1.53494966e+00
    -4.08678770e-01 -2.08889425e-01 3.26465964e-02 -1.21700346e-01
    -2.61261404e-01 -4.30721432e-01 -6.14175141e-01 1.38342893e+00
    1.33891928e+00 -1.87926888e-01 5.95269620e-01 1.02345300e+00
    3.05822432e-01 1.66545320e+00 -5.12335658e-01 1.05238771e+00
    1.17187274e+00 2.86883235e-01 1.70000553e+00 5.28931916e-01
    1.62403631e+00 1.60857511e+00 -2.74431288e-01 6.53505147e-01
    -2.59424567e-01 1.37047219e+00 1.54752862e+00 4.82264996e-01
    1.27177286e+00 1.05061817e+00 1.09283566e-01 -3.93675715e-01
    -2.79614389e-01 1.41707766e+00 7.17903852e-01 1.68604064e+00
    1.17102921e+00 1.66286933e+00 -6.18639827e-01 -5.48598468e-01
    1.00774837e+00 1.20381057e+00 1.69196939e+00 1.23132825e+00
    7.33723879e-01 5.05206585e-02 -4.94136453e-01 -3.49416047e-01
    2.75102496e-01 -4.36672419e-01 1.49806309e+00 7.76350498e-01
    1.09214997e+00 4.24890518e-01 1.13091171e+00 1.25122571e+00
    1.66915369e+00 -7.40814567e-01 4.36668694e-01 -1.78895831e-01
    1.08948660e+00 1.64058471e+00 1.35516357e+00 -1.94902062e-01
    -2.70092249e-01 7.96676397e-01 1.62994146e+00 -1.18951261e-01
    6.11168981e-01 9.89764035e-01 6.15473688e-01 1.44482839e+00
    -2.51125515e-01 -5.46153367e-01 1.45054293e+00 -4.38449383e-02
    -4.67431009e-01 2.23276615e-02 5.93622684e-01 -3.01215708e-01
    6.27841473e-01 -1.12976432e-01 1.77446735e+00 1.27023613e+00
    9.20518041e-02 2.56496668e-03 -5.23608327e-01 -2.48997033e-01
    -5.36958575e-01 -4.02866095e-01 -8.39948654e-03 1.38872027e+00
    1.15766692e+00 1.53817880e+00 7.19633639e-01 6.69094205e-01
    1.14107156e+00 -2.97213793e-02 1.58102953e+00 1.29583919e+00
    1.26263332e+00 1.38844216e+00 7.67648160e-01 8.94932747e-02
    6.84723675e-01 3.47203374e-01 -1.40791535e-01 5.65787435e-01
    1.56884575e+00 4.71704006e-02 -3.50662231e-01 1.24469364e+00
    -3.67781252e-01 1.66920996e+00 8.65199089e-01 3.05867195e-03
    1.71104646e+00 1.62382174e+00 3.87655318e-01 7.89277315e-01
    6.27885699e-01 9.22278166e-02 1.51383805e+00 1.31873441e+00
    1.31692779e+00 1.24052906e+00 1.12219250e+00 7.43559361e-01
    -1.95487142e-01 4.93460476e-01 -2.64956295e-01 1.53827429e+00
    -6.20859027e-01 1.65783155e+00 2.50070989e-01 1.29520786e+00
    8.60392511e-01 -1.71168655e-01 9.03418183e-01 5.03319621e-01
    8.91333580e-01 1.32744861e+00 5.50104856e-01 1.85474455e-01
    -6.36437595e-01 1.70345473e+00 -6.06286526e-03 -5.86808324e-01
    3.71700823e-01 -6.65601730e-01 1.60295320e+00 -1.93226457e-01
    1.44235325e+00 -3.18847001e-01 8.86583805e-01 -3.01503122e-01
    9.42142665e-01 1.48628831e-01 1.63834727e+00 1.05114102e+00
    -8.82094681e-01 6.54316604e-01 1.06276333e+00 9.87011492e-01
    9.50752974e-01 -3.43614817e-01 6.63188457e-01 1.57975113e+00
    2.36750484e-01 -6.07616007e-01 6.19498849e-01 8.43737841e-01
    1.73990846e+00 1.74073958e+00 1.04245424e-01 1.67343318e-01
    -1.90246642e-01 1.47927153e+00 -7.11480618e-01 -8.70741010e-02
    9.06809509e-01 5.13623416e-01 9.67096269e-01 6.31599426e-01
    1.62832236e+00 1.64912939e+00 1.43790054e+00 -2.97956526e-01
    8.59543324e-01 9.33590472e-01 7.76301742e-01 1.15708065e+00
    -2.46040225e-02 4.34540272e-01 1.13787842e+00 2.46546865e-01
    5.78051984e-01 -6.95164204e-02 7.06527829e-01 -1.46344900e-02
    -2.72180438e-02 1.15706968e+00 3.63007486e-01 1.52599490e+00
    1.09623921e+00 1.49178374e+00 1.49798477e+00 -6.09230876e-01
    -4.01642293e-01 1.22463655e+00 1.04326701e+00 -4.89420593e-01
    1.66097701e+00 1.11090755e+00 1.50233722e+00 9.02166665e-01
    8.10152888e-02 8.34024131e-01 1.71850061e+00 1.00854516e-01
    -2.50679433e-01 7.35582829e-01 -5.01851678e-01 4.17331457e-01
    5.10380864e-01 1.58259797e+00 1.48331511e+00 1.32689631e+00
    3.16839099e-01 6.15115166e-01 -5.03166914e-02 5.07964373e-01
    7.80066848e-01 -7.68920541e-01 1.55963850e+00 -5.83347559e-01
    1.40078759e+00 4.11418915e-01 6.69932365e-03 1.50251842e+00
    1.26906419e+00 -9.39993262e-02 1.54963791e-01 -6.73331916e-01
    2.35010326e-01 1.55581832e-02 -6.13903999e-03 1.74867952e+00
    -4.66387600e-01 1.10988498e+00 7.58969784e-01 1.60942197e+00
    5.98527908e-01 1.14259231e+00 2.49361038e-01 3.58658433e-02
    1.85881495e+00 1.08448112e+00 5.21142602e-01 1.23407125e-01
    1.26488900e+00 -6.40666783e-01 1.84686565e+00 -5.35655975e-01
    1.35088015e+00 2.19217956e-01 1.68387532e-01 2.72113860e-01
    1.63737917e+00 1.53965330e+00 -5.11427701e-01 -5.35710394e-01
    -5.52239418e-01 5.63340425e-01 -8.27439964e-01 1.13367069e+00
    1.07484186e+00 8.93884420e-01 -3.52136075e-01 -1.87298894e-01
    -3.89734626e-01 4.68217134e-01 1.64279413e+00 2.52587855e-01
    8.66889954e-02 -2.42725611e-02 1.53694463e+00 -7.70547032e-01
    9.01672482e-01 1.50044751e+00 1.60722232e+00 7.40626693e-01
    -7.34611452e-01 8.47039580e-01 -3.92000020e-01 -2.29672194e-01
    1.84022403e+00 1.26920342e-01 -3.91262323e-01 -2.94593394e-01
    1.06076229e+00 4.97492671e-01 6.71517253e-01 7.26961851e-01
    2.11638987e-01 -7.31386542e-01 1.04525089e+00 9.69304919e-01
    -6.37534499e-01 -5.96609235e-01 7.66320586e-01 1.01089883e+00
    3.50246727e-01 -7.86459744e-01 4.25585747e-01 6.09389007e-01
    1.31818783e+00 -7.46857524e-02 4.92951870e-01 5.05280197e-01
    8.84442568e-01 1.26476431e+00 1.11278510e+00 1.24809361e+00
    -4.00478840e-02 9.27210152e-01 9.19206798e-01 8.89625430e-01
    -2.75878787e-01 4.75718021e-01 4.70699072e-02 -1.35770559e-01
    1.00080764e+00 -6.57811224e-01 1.41563594e+00 7.28339553e-01
    9.42109644e-01 -2.16565162e-01 3.53039145e-01 1.82734394e+00
    2.58261621e-01 6.30038798e-01 -4.90713447e-01 1.47760034e+00
    8.18080366e-01 1.17138124e+00 1.46214700e+00 2.81969428e-01
    -3.82398933e-01 6.67496681e-01 1.43391263e+00 6.43596649e-01
    1.16826200e+00 9.96780813e-01 1.66904712e+00 -6.53519392e-01
    -6.88048840e-01 -5.92695355e-01 -4.93594110e-01 8.50676000e-01
    1.67186987e+00 -6.71946347e-01 9.36047137e-01 -6.59796834e-01
    1.71976829e+00 2.33044207e-01 3.30655396e-01 3.31784666e-01
    2.35801339e-01 1.33319342e+00 8.97502422e-01 3.32814813e-01
    -5.62074780e-01 1.61670828e+00 -2.30124593e-01 -2.91607678e-01
    5.19881308e-01 1.62849915e+00 4.49626029e-01 -6.57720149e-01
    4.05134559e-01 -1.00903213e-01 -7.03076899e-01 1.59999549e-01
    1.29327071e+00 1.58926034e+00 5.97235084e-01 -7.21980393e-01
    1.65571332e+00 1.55400705e+00 1.46080017e+00 1.05096340e+00
    -6.46865368e-02 6.76689148e-02 2.40963519e-01 -1.51229933e-01
    -3.34549844e-01 8.31305921e-01 9.74071264e-01 1.75971746e+00
    1.11795485e-01 1.09424520e+00 1.36625540e+00 -2.30982780e-01
    5.70620954e-01 3.70844007e-01 1.20199168e+00 1.27983892e+00
    7.12487876e-01 1.51694798e+00 -8.13963532e-01 3.19633484e-01
    1.12549889e+00 8.06001425e-01 1.28226185e+00 1.95874333e-01
    4.94849980e-01 1.11013830e-01 2.23727942e-01 8.02775145e-01
    1.22703218e+00 2.45774269e-01 1.47264814e+00 1.41735077e-01
    1.09692717e+00 5.24304330e-01 8.30004454e-01 -2.28884041e-01
    -3.23691577e-01 2.86335111e-01 9.76791859e-01 4.60750997e-01
    -2.31474638e-03 1.34288669e-02 1.51151085e+00 7.16203213e-01
    -5.29199958e-01 5.06737828e-01 1.69920850e+00 9.85334933e-01
    -7.07483888e-01 1.67640829e+00 -7.89860487e-02 -1.39307261e-01
    1.19533575e+00 1.50146830e+00 1.61227727e+00 8.18660557e-01
    9.64795887e-01 9.02163625e-01 7.86554098e-01 -5.74212313e-01
    -1.00949347e-01 1.20907331e+00 1.11494052e+00 1.72854447e+00
    1.67153740e+00 -7.71004498e-01 7.05456495e-01 4.97157693e-01
    1.57567716e+00 6.28007591e-01 -4.32358950e-01 1.69547486e+00
    1.17834139e+00 1.12488389e+00 1.35187280e+00 8.64104629e-02
    -6.74245894e-01 7.78458536e-01 -7.08448708e-01 1.04458070e+00
    1.02694488e+00 6.84691846e-01 8.55262041e-01 -1.11052811e-01
    9.08536375e-01 2.30523288e-01 1.06775856e+00 1.66664636e+00
    5.44180632e-01 1.05038285e+00 -3.51551235e-01 2.59060264e-02
    8.51985097e-01 -8.19443464e-02 6.70850873e-01 1.31940114e+00
    1.50263846e+00 2.71113276e-01 1.59881711e+00 4.75036085e-01
    8.44804585e-01 1.73879838e+00 1.35504079e+00 1.48335397e+00
    -1.92185938e-01 -1.07223392e-01 4.35590744e-01 -2.71749079e-01
    4.34464216e-02 -3.04833829e-01 -3.29569787e-01 1.04240632e+00
    1.35253847e+00 2.24230945e-01 9.10883904e-01 3.36900175e-01
    1.05643868e+00 1.04232132e-01 -6.63220942e-01 5.09893715e-01
    -5.79363942e-01 6.52360022e-01 -2.65893221e-01 -1.37461126e-01
    1.06859612e+00 -3.64837617e-01 -1.99108064e-01 4.52822685e-01
    6.56907678e-01 -6.44784808e-01 -7.22576380e-02 3.30030501e-01
    8.82271767e-01 1.71525812e+00 6.31995618e-01 6.17431402e-01
    1.19093132e+00 1.67968404e+00 8.30782533e-01 1.62296939e+00
    1.67394948e+00 -5.17722130e-01 1.17552376e+00 3.01127374e-01
    1.26169991e+00 1.17067540e+00 1.59895372e+00 -8.84078503e-01
    -4.46328878e-01 -2.10275531e-01 -1.38886094e-01 1.19736516e+00
    -5.11604488e-01 -7.71383047e-02 9.51525390e-01 1.02836275e+00
    1.34506094e+00 1.21622646e+00 -6.23131335e-01 -5.04583120e-02
    3.74921620e-01 3.34149599e-02 3.55822921e-01 1.23439860e+00
    1.22492671e-01 3.35303009e-01 5.32135367e-02 -7.07228184e-01
    1.77687562e+00 8.62878680e-01 2.75438547e-01 4.11137640e-01
    6.99631870e-01 1.72308671e+00 9.25742745e-01 1.04176617e+00
    1.59443927e+00 1.17120075e+00 1.49444282e+00 3.96164358e-01
    8.09964418e-01 -2.33245850e-01 1.38924086e+00 7.23413110e-01
    3.74754310e-01 2.64765620e-01 1.28726053e+00 -1.47995055e-01
    2.44537294e-01 2.56512642e-01 1.50875247e+00 1.05595744e+00
    3.01276386e-01 1.16726923e+00 -5.06798863e-01 -1.67158723e-01
    -3.32817405e-01 5.30379951e-01 -3.73671353e-01 1.28838360e-01
    -2.23071456e-01 1.80245221e-01 1.01921558e+00 3.44560027e-01
    4.43701804e-01 1.39892101e-02 -7.12212503e-01 1.14720142e+00
    1.46398079e+00 1.30967498e+00 2.37076163e-01 6.78400397e-02
    1.59921610e+00 7.60136127e-01 3.69786620e-01 5.09535909e-01
    -5.32803714e-01 -5.28484881e-01 -1.89858019e-01 7.88711727e-01
    -2.34908938e-01 3.92981887e-01 -1.46276295e-01 1.71964371e+00
    1.31948423e+00 4.32297230e-01 2.20537186e-05 -5.92371166e-01
    -7.97253847e-02 1.64419091e+00 7.67542899e-01 6.18804872e-01
    -4.70802426e-01 1.37721837e+00 -3.96060586e-01 -1.08190894e-01
    5.32960534e-01 1.49787378e+00 -3.92423958e-01 -7.08117187e-01
    1.45817864e+00 6.12017930e-01 1.34593129e-01 1.03182721e+00
    1.51460695e+00 1.51430106e+00 3.36093187e-01 2.95923471e-01
    2.23111391e-01 -8.24326277e-02 -3.32477480e-01 5.89188218e-01
    -5.85039735e-01 -2.64416873e-01 -4.26754773e-01 -3.66920501e-01
    3.94113719e-01 4.78489280e-01 -4.23645943e-01 1.52247953e+00
    3.67507279e-01 7.69689083e-02 8.01230550e-01 4.50546384e-01
    1.16676295e+00 6.37557924e-01 7.54039884e-01 -7.03441024e-01
    1.24615347e+00 -2.08896160e-01 -1.31938815e-01 7.67007351e-01
    1.56910586e+00 1.63064158e+00 5.77364087e-01 1.11925936e+00
    3.72282624e-01 1.72806704e+00 5.98940015e-01 -5.36403298e-01
    1.36192179e+00 1.55443597e+00 5.39387822e-01 4.03956592e-01
    1.47652960e+00 1.39023519e+00 8.08351696e-01 1.32504964e+00
    3.41012895e-01 -2.94742942e-01 6.45578682e-01 -4.79305625e-01
    3.63962650e-02 5.65975189e-01 1.00649822e+00 1.29428017e+00
    -2.96659619e-01 -7.26127267e-01 -3.07925791e-01 1.30472350e+00
    -2.58109748e-01 1.09996963e+00 1.17064357e-01 1.01337695e+00
    2.40024984e-01 1.87673807e-01 6.33105397e-01 -6.39364600e-01
    -3.92487347e-01 2.72086859e-01 1.68635106e+00 -1.23152971e-01
    1.20991158e+00 -1.40981734e-01 1.60071063e+00 1.23447347e+00
    1.46039677e+00 4.58913863e-01 4.95740533e-01 -1.58606887e-01
    -4.84611243e-01 7.07993865e-01 -7.74961770e-01 3.87317479e-01
    1.59229279e+00 1.21633732e+00 1.38934910e+00 5.81454694e-01
    -4.27339345e-01 7.82230437e-01 6.16460264e-01 -6.78091586e-01
    1.57029641e+00 8.05817842e-01 5.31717062e-01 3.70223224e-01
    1.52295732e+00 1.46538806e+00 1.18055952e+00 6.04064465e-01
    -2.01040149e-01 -6.82082415e-01 1.06879520e+00 1.69993138e+00
    1.05062890e+00 -2.14961052e-01 5.00082195e-01 -1.66869402e-01
    1.67081189e+00 1.05463970e+00 8.79316449e-01 1.54277956e+00
    5.45663118e-01 1.59876585e+00 1.51779413e-01 6.90198779e-01
    7.76992381e-01 -4.46391702e-02 1.68664408e+00 8.30948889e-01
    -5.05474210e-01 5.75065494e-01 -1.29333854e-01 1.70215344e+00
    4.71974134e-01 5.97768068e-01 -3.79872501e-01 6.43687129e-01
    -3.28497827e-01 4.31739628e-01 3.34333539e-01 1.45222867e+00
    -1.69239640e-01 4.99464869e-01 -1.62569344e-01 -6.59829855e-01
    1.69794118e+00 3.91917408e-01 2.60984659e-01 -6.60998225e-01
    9.10335898e-01 1.27436328e+00 9.56155300e-01 3.13475192e-01
    1.36773932e+00 -9.20391083e-02 1.78687561e+00 1.05761409e+00
    -7.55460143e-01 1.19348609e+00 9.92926955e-01 1.30941153e+00
    -3.73098373e-01 3.94288540e-01 7.65843034e-01 1.35448217e+00
    1.41245699e+00 -4.49327171e-01 8.37945640e-01 -8.24408531e-02
    1.29608083e+00 7.82308400e-01 1.14681375e+00 1.26005781e+00
    7.14557052e-01 1.60341752e+00 3.36827040e-02 -2.39892185e-01
    2.14119136e-01 6.44430399e-01 -8.21668148e-01 -7.32957661e-01
    1.53930557e+00 6.35225654e-01 1.65350199e-01 -3.17403227e-01
    1.06905282e+00 1.49020827e+00 9.05560851e-01 -3.23628604e-01
    5.72073698e-01 8.33443344e-01 -2.33825326e-01 1.76101232e+00
    1.14050913e+00 4.40004468e-01 9.24837530e-01 1.46098375e+00
    3.65411758e-01 6.42321885e-01 -4.80616480e-01 4.60494936e-01
    2.15986669e-01 -6.44457221e-01 1.06464696e+00 1.47964621e+00
    3.18265498e-01 -6.69251442e-01 -4.32550460e-01 6.65804565e-01
    -5.86009383e-01 -7.33165205e-01 -2.06454754e-01 1.47274399e+00
    1.67030489e+00 1.33404815e+00 -1.69225872e-01 2.60816813e-02
    1.52394986e+00 1.44538236e+00 1.67827940e+00 1.07657731e-01
    -1.95218325e-01 4.54124570e-01 4.18458343e-01 1.80828130e+00
    5.89239597e-03 7.09485471e-01 5.62081099e-01 2.87404895e-01
    3.08185101e-01 8.16505313e-01 1.56011462e+00 -1.76223457e-01
    2.85180449e-01 -4.63375211e-01 -8.03565145e-01 -7.26043701e-01
    -1.10377669e-02 1.07458401e+00 1.71131349e+00 1.44010830e+00
    -6.46990120e-01 -3.29963326e-01 -5.00183702e-01 7.45472431e-01
    2.05769002e-01 1.72047818e+00 7.72899926e-01 1.25330472e+00
    -5.51783264e-01 5.41120768e-03 9.53361571e-01 1.75791740e+00
    1.03205705e+00 -6.41875505e-01 6.93963051e-01 2.46108413e-01
    1.15206981e+00 -7.18749285e-01 1.66806841e+00 -6.28170967e-02
    -1.03894949e-01 9.64241683e-01 1.07336009e+00 -2.40403891e-01
    1.27800345e+00 1.49789453e-01 6.44203305e-01 4.03606057e-01
    1.52390742e+00 -3.83504033e-02 8.50869298e-01 -8.69313478e-02
    2.64452875e-01 -7.33137906e-01 1.75189471e+00 1.31219542e+00
    1.84655988e+00 5.42157710e-01 4.23612714e-01 -6.40536547e-01
    1.19142759e+00 7.02945352e-01 1.76934004e-01 1.21233439e+00
    1.84860206e+00 1.33401322e+00 9.43151116e-01 -6.79562151e-01
    1.41711760e+00 -2.79415011e-01 -2.95519292e-01 1.68125510e+00
    9.22684073e-01 -1.07322633e-01 1.37296069e+00 4.90955114e-02
    5.60282290e-01 1.85696423e-01 -3.01620483e-01 -1.18687332e-01
    -6.87896848e-01 -5.36666036e-01 1.50070405e+00 -7.45906532e-01
    1.52331817e+00 3.77501488e-01 1.42998242e+00 9.35134768e-01
    1.07918859e+00 5.34734428e-01 1.24724317e+00 -1.66421294e-01
    9.71490562e-01 -4.89040911e-01 3.21438491e-01 1.48247600e-01
    3.19711208e-01 8.50492954e-01 -2.43642330e-02 4.67006564e-01
    1.00973904e-01 -2.57621974e-01 3.39157403e-01 1.48004889e+00
    4.40042913e-01 8.81857514e-01 9.20329273e-01 3.06982517e-01
    4.13060725e-01 2.13698924e-01 -6.90300047e-01 9.69642341e-01
    -5.08198559e-01 1.28497660e-01 1.09520030e+00 5.01302719e-01
    1.62219226e+00 5.28555632e-01 -4.44746852e-01 -6.72447503e-01
    -2.68519998e-01 -6.68618381e-01 -5.91484427e-01 1.54085290e+00
    5.94443321e-01 7.09576190e-01 2.16552079e-01 -6.94209695e-01
    -5.28862000e-01 -2.63535500e-01 2.90149093e-01 1.35011744e+00
    1.38479674e+00 1.02944684e+00 -5.77297807e-01 7.33484209e-01
    4.94656742e-01 -9.78677273e-02 1.11369348e+00 3.54554236e-01
    8.69862378e-01 -3.66408825e-02 2.00462818e-01 -5.14116883e-02
    1.13554263e+00 7.92031765e-01 8.04265201e-01 -4.15898412e-01
    1.35962462e+00 9.91950572e-01 3.60906720e-02 -7.63650298e-01
    2.35374272e-01 1.37862539e+00 1.59316134e+00 1.21783900e+00
    1.38707173e+00 -5.71984529e-01 -4.63099480e-02 1.10838151e+00
    3.09168279e-01 -5.79594374e-01 6.31277263e-01 -7.44408071e-01
    -5.03723264e-01 6.57854080e-02 1.06174552e+00 1.25106323e+00
    1.75410557e+00 2.61959672e-01 4.58932519e-02 1.33860826e-01
    1.88218117e-01 -4.19959098e-01 1.94060802e-02 7.59664595e-01
    -3.27702850e-01 5.13815284e-02 1.83443749e+00 1.62950110e+00
    -6.70025587e-01 -5.24282694e-01 -3.49611074e-01 1.77629960e+00
    4.63965237e-01 -4.67200279e-02 -5.46934903e-01 1.57740867e+00
    3.79537880e-01 5.05381465e-01 -1.98199570e-01 8.41234148e-01
    -2.62433589e-01 3.26156974e-01 7.22437322e-01 1.19433677e+00
    -7.05569804e-01 3.48481536e-01 1.71994495e+00 1.33896661e+00
    -3.86782736e-01 6.71610236e-02 -4.17333543e-01 1.51580095e+00
    1.02834165e+00 1.30853307e+00 7.17854500e-01 9.12750065e-01
    1.86252952e-01 1.07391000e+00 -3.35515529e-01 1.59574819e+00
    8.84412766e-01 1.57373667e+00 -3.77155453e-01 -6.26745522e-01
    1.29498661e-01 6.64438069e-01 1.52892661e+00 1.66616452e+00
    -5.02095699e-01 -2.70998478e-03 1.14651632e+00 5.08145452e-01
    9.58255053e-01 1.34526789e+00 -5.69829643e-01 2.16881335e-01
    -5.57443380e-01 1.30277729e+00 -2.74264067e-01 3.83107245e-01
    1.28304553e+00 1.74082160e+00 -2.65289426e-01 1.81866229e-01
    -3.07289094e-01 1.27878189e+00 -4.50119615e-01 -5.83347678e-01
    7.64947712e-01 1.45329225e+00 5.06623149e-01 1.83096433e+00
    3.76508892e-01 1.62605345e-01 -7.10975885e-01 1.77293253e+00
    1.67588305e+00 8.41174304e-01 2.63133645e-02 9.51484799e-01
    1.23606062e+00 1.49584532e-01 -6.51517928e-01 -6.22475863e-01
    1.22311831e+00 -4.91866440e-01 1.76123512e+00 -4.62740928e-01
    9.30885136e-01 4.10618186e-02 -5.99273682e-01 1.18168080e+00
    -6.55199587e-01 9.81124878e-01 -4.08888340e-01 1.69325781e+00
    1.56752360e+00 1.26962471e+00 1.12967074e+00 8.97090375e-01
    2.57801235e-01 2.65747786e-01 -5.00726700e-02 -5.64247131e-01
    9.49726701e-02 1.85972834e+00 1.07298076e+00 6.35756433e-01
    1.75861502e+00 1.70899868e-01 1.64967263e+00 1.60987473e+00
    1.10947442e+00 1.01124668e+00 5.95850945e-02 1.62653065e+00
    9.59348142e-01 -6.17076159e-02 4.35556173e-01 7.65917897e-01
    -2.71898448e-01 8.29836786e-01 3.62900436e-01 4.26270008e-01
    -9.00459290e-02 3.20986748e-01 -5.46785057e-01 -3.77428532e-02
    1.50733030e+00 1.15640306e+00 6.78217113e-01 1.24375319e+00
    -2.94012249e-01 -1.51870430e-01 1.05083799e+00 -7.38524199e-01
    6.77962482e-01 3.68186831e-01 6.46224499e-01 8.81085038e-01
    -6.82260573e-01 -3.88094127e-01 6.73650682e-01 1.27880144e+00
    1.80997121e+00 1.82323480e+00 9.22507644e-02 8.60388696e-01
    1.00669193e+00 5.92072427e-01 1.27340841e+00 -3.88354659e-02
    1.62852407e-02 -1.35061324e-01 1.86286747e-01 7.72915125e-01
    -1.42088294e-01 -4.39744443e-01 1.09688354e+00 1.28254700e+00
    1.64602518e+00 8.20290625e-01 1.64996219e+00 -3.50336939e-01
    9.53963876e-01 1.08479738e+00 -3.56259108e-01 -2.24178493e-01
    9.15603876e-01 1.65312016e+00 -5.23413479e-01 -7.08588600e-01
    -3.02137136e-01 -7.19595909e-01 -4.90286350e-01 7.74264455e-01
    -5.87079763e-01 1.79752409e+00 5.33398807e-01 1.71007299e+00
    6.84208155e-01 -4.97780770e-01 -6.77738070e-01 6.95019364e-01
    1.32113624e+00 1.19434166e+00 1.49295509e+00 7.35031843e-01
    -7.62634099e-01 4.60018873e-01 1.54901433e+00 -4.46914852e-01
    -3.89266044e-01 1.66150331e+00 9.71375704e-01 3.07985485e-01
    -7.23604679e-01 9.18503523e-01 1.06102169e+00 -2.94266939e-01
    1.14528131e+00 -1.59851253e-01 1.32082701e-01 -4.65147048e-01
    9.71700370e-01 9.25411105e-01 -7.25067616e-01 -6.64888501e-01
    8.16539884e-01 1.00431824e+00 2.37792432e-01 3.34532619e-01
    1.56053448e+00 9.55081642e-01 -1.62483335e-01 -5.18382311e-01
    -4.48021919e-01 6.42101645e-01 8.55286062e-01 4.25225735e-01
    1.69868624e+00 1.60517359e+00 -7.40763307e-01 -9.39089060e-03
    -5.63075542e-01 9.01753545e-01 3.45563948e-01 1.75485134e+00
    1.15469575e+00 3.95137548e-01 3.51185441e-01 -1.97000980e-01
    6.79905772e-01 5.41535974e-01 -5.95876336e-01 1.88004017e-01
    1.68492615e+00 1.16272700e+00 3.93922925e-01 9.38985825e-01
    -1.37060344e-01 1.47505951e+00 1.08283019e+00 1.54173505e+00
    -7.48903155e-01 9.55892146e-01 -6.23931289e-01 3.11281443e-01
    1.13147223e+00 1.29542077e+00 1.65034246e+00 1.55706918e+00
    2.62110651e-01 -3.50562841e-01 1.66185379e+00 1.71389008e+00
    1.21759176e+00 3.63874197e-01 3.37534547e-02 7.85804987e-02
    -6.13742232e-01 -4.36502695e-01 1.26241624e+00 7.68393219e-01
    3.74684215e-01 -6.45941556e-01 9.00837243e-01 1.35938764e+00
    2.65399218e-01 1.46727610e+00 -5.56315184e-01 4.04340982e-01
    1.82355642e-02 1.17764544e+00 -7.02353477e-01 -1.88126147e-01
    4.99625623e-01 3.72254670e-01 -4.28286195e-02 -6.13056421e-01
    -3.70831311e-01 4.02146578e-03 1.78680682e+00 -3.55864435e-01
    -2.06175268e-01 -6.00136876e-01 -4.54752564e-01 1.17301810e+00
    8.10199678e-01 1.37540174e+00 7.69670248e-01 1.35189462e+00
    3.55640173e-01 8.16780090e-01 -2.16510832e-01 1.05950534e+00
    2.32894003e-01 4.97835159e-01 7.57848978e-01 3.31535459e-01
    8.02442551e-01 -7.24926412e-01 5.47317266e-02 8.11944187e-01
    7.02379107e-01 2.72937834e-01 -2.51918674e-01 1.02890682e+00
    -2.90155083e-01 -5.60037136e-01 7.95231819e-01 2.48225033e-01
    -5.05581617e-01 -3.54474545e-01 -4.32415307e-01 3.59449327e-01
    3.15752566e-01 8.36049974e-01 1.31703949e+00 -4.04833019e-01
    -6.59436584e-02 -6.89853013e-01 1.39962387e+00 -4.62481976e-02
    9.55349565e-01 9.68882561e-01 -1.51315928e-01 5.84155321e-03
    -6.30006731e-01 -2.23846138e-01 7.28642523e-01 -3.25504214e-01
    1.62747908e+00 -6.62680387e-01 6.70103908e-01 1.40033245e+00
    4.48540926e-01 9.32727814e-01 9.98560667e-01 1.56089604e+00
    1.77308834e+00 1.30799639e+00 -3.75933170e-01 -1.82623327e-01
    -7.10748315e-01 1.04007888e+00 -6.92939758e-03 1.51173639e+00
    6.44574165e-02 1.52455223e+00 3.81946921e-01 1.71282232e-01
    5.64682484e-02 1.54121017e+00 -1.89568937e-01 -2.28475988e-01
    1.19459820e+00 7.74388492e-01 -1.88873589e-01 1.08034599e+00
    -5.32126665e-01 -6.54232502e-01 1.20810938e+00 -2.47930288e-01
    1.25219250e+00 -8.17798913e-01 1.57650876e+00 -3.57422948e-01
    2.82675922e-01 -1.15543962e-01 -4.88330901e-01 -1.36178374e-01
    1.44930029e+00 1.08778584e+00 8.77540350e-01 1.32931173e+00
    -2.17848241e-01 1.37489438e+00 4.15892363e-01 1.58081067e+00
    -1.64692402e-01 6.20239377e-02 6.57764733e-01 -3.20481509e-01
    8.68378341e-01 -7.04539061e-01 6.05303943e-01 1.95290625e-01
    7.44929492e-01 1.53100049e+00 4.74831760e-01 9.47734475e-01
    -1.75412416e-01 9.59055185e-01 -4.41742033e-01 -1.98201001e-01
    4.27270532e-02 1.69193757e+00 1.11186373e+00 -4.05569553e-01
    -3.80257279e-01 -3.43038440e-01 6.60938859e-01 -2.86159694e-01
    1.31857455e+00 1.67390370e+00 2.97531486e-01 1.08845234e-02
    -2.75726318e-01 5.87276101e-01 1.78617632e+00 3.10107529e-01
    -2.38754869e-01 3.81154418e-01 1.07574487e+00 9.54403281e-01
    -8.08909118e-01 -3.63532215e-01 -1.67743146e-01 1.09483409e+00
    4.62478995e-02 1.20592296e+00 -3.21227759e-01 -4.53820169e-01
    -4.18525934e-03 9.62084949e-01 1.31557059e+00 1.61847699e+00
    -6.59150004e-01 8.97283673e-01 6.30879402e-01 -1.88397050e-01
    -1.01714849e-01 9.43982840e-01 -7.55453646e-01 1.38499141e+00
    -5.89274645e-01 1.69987655e+00 8.91557872e-01 -6.57805979e-01
    7.57597148e-01 -7.34017670e-01 -1.84171796e-02 -6.41929030e-01
    1.63934934e+00 7.28148758e-01 4.62247133e-01 6.84929192e-01
    -7.74321854e-01 1.52861667e+00 3.72942984e-01 1.18701243e+00
    -5.63559532e-02 -7.02324986e-01 -7.14772344e-01 1.70873618e+00
    1.42423332e-01 -2.65644878e-01 1.20075345e+00 -9.11484361e-02
    1.63878489e+00 7.43967652e-01 6.33294165e-01 1.63901103e+00
    1.18190908e+00 1.10197711e+00 2.00989723e-01 -5.83756983e-01
    6.80786490e-01 4.93249118e-01 1.62718785e+00 -4.91716087e-01
    1.53882015e+00 -2.93077350e-01 1.29433489e+00 -9.66709852e-02
    6.22683764e-01 -7.00325012e-01 -4.04504269e-01 1.38274062e+00
    -1.37097955e-01 1.42843866e+00 -6.08477592e-01 7.18985796e-02
    -9.96440053e-02 6.38579845e-01 6.17498159e-02 1.48863733e-01
    6.97870970e-01 -6.45631015e-01 -5.88394761e-01 5.63056827e-01
    1.08423877e+00 2.93774366e-01 -6.66775525e-01 -6.16061807e-01
    -4.18958277e-01 4.18266654e-01 -2.89265990e-01 -7.32930958e-01
    3.07529032e-01 1.57341123e+00 7.69519806e-01 1.54877293e+00
    -8.27819884e-01 3.17597449e-01 6.02324605e-01 1.00481570e+00
    6.55050516e-01 -7.99534321e-02 5.86626351e-01 -2.42136449e-01
    -2.84176350e-01 5.32925487e-01 1.82554078e+00 -4.31506366e-01
    8.04533362e-01 1.08568585e+00 1.40223777e+00 -4.11259532e-02
    1.25981700e+00 9.60786819e-01 1.31236053e+00 -3.41978520e-01
    -5.79194069e-01 7.79634833e-01 7.74758756e-01 -5.36413372e-01
    -5.82576811e-01 1.74154067e+00 1.51835060e+00 -6.84134126e-01
    1.20058870e+00 6.62725031e-01 -1.80672765e-01 1.63423979e+00
    1.59559166e+00 8.69871974e-01 -8.78745914e-02 -4.19405162e-01
    1.49037969e+00 8.46704721e-01 -5.48298240e-01 1.58643663e+00
    8.37232947e-01 7.68165231e-01 -7.55826950e-01 1.28627598e-01
    -4.44214225e-01 8.90391290e-01 1.43947732e+00 2.76808918e-01
    6.66856945e-01 1.44757986e+00 4.17207718e-01 1.67743075e+00
    1.34621072e+00 2.25123823e-01 1.50792289e+00 -5.29817224e-01
    1.10481989e+00 1.33293390e-01 1.07361138e+00 -2.16138959e-01
    5.54064929e-01 8.57957125e-01 1.35321796e+00 3.50906312e-01
    5.23000419e-01 -6.66443467e-01 -7.11128712e-01 1.43733132e+00
    -1.45117044e-02 1.72409797e+00 -6.66737735e-01 1.10815597e+00
    1.64718306e+00 -6.97782278e-01 1.02382720e+00 9.66896296e-01
    -4.41700310e-01 1.58101821e+00 3.02011311e-01 9.74265635e-01
    9.13113952e-02 -1.30325735e-01 1.41212702e-01 -3.34666550e-01
    -6.09485686e-01 8.22352529e-01 1.66515064e+00 3.68349552e-02
    -7.19546378e-01 -4.32556897e-01 -7.29932427e-01 1.46703255e+00
    7.10428059e-01 1.13772750e-02 1.10220075e-01 3.38729739e-01
    8.07208061e-01 1.77426624e+00 1.67545223e+00 1.60253048e-02
    -7.04382658e-02 -4.92186129e-01 8.51019979e-01 1.74513030e+00
    -3.09996605e-02 1.17443347e+00 7.25978971e-01 -3.06055188e-01
    1.27480686e+00 1.11868060e+00 1.49595630e+00 -5.00197411e-01
    -4.32480693e-01 -5.50537527e-01 -2.20106721e-01 6.63115978e-02
    6.68545842e-01 9.26366806e-01 3.86248112e-01 -7.71870613e-02
    1.37299025e+00 3.93411994e-01 1.19252586e+00 1.40066600e+00
    -5.82251549e-01 -5.06438613e-01 1.59187889e+00 -7.21594155e-01
    1.03460205e+00 9.58686590e-01 -1.44844890e-01 1.44059241e-01
    1.71928942e+00 1.12012446e+00 8.05223644e-01 1.28896427e+00
    1.70965254e-01 8.16993296e-01 9.19195056e-01 2.79178083e-01
    -5.92331171e-01 -1.65888488e-01 1.73500764e+00 6.48312569e-01
    7.46631205e-01 1.70029163e-01 5.72477996e-01 1.24831510e+00
    1.11797452e-01 -5.00588894e-01 6.23890042e-01 1.09167290e+00
    -2.84819096e-01 4.66229916e-02 7.04769969e-01 1.61379421e+00
    5.05462468e-01 6.72660768e-01 4.65463042e-01 -6.35907352e-01
    1.76096511e+00 1.37646174e+00 1.04631758e+00 -7.15001225e-01
    -2.84038782e-02 -6.84089959e-01 1.00578892e+00 -3.54919672e-01
    6.34785414e-01 7.21090078e-01 9.92879033e-01 1.73271942e+00
    -5.33809125e-01 8.99161518e-01 1.10489726e+00 -2.01106787e-01
    2.56213605e-01 -5.79622984e-02 5.98094940e-01 1.14927590e+00
    1.20083129e+00 7.64775574e-01 1.06444025e+00 3.16847086e-01
    -1.77955508e-01 7.01792538e-01 1.78184700e+00 5.72555482e-01
    6.28320575e-02 -1.35099888e-03 -1.39579117e-01 1.07244825e+00
    -1.59045398e-01 -3.02013099e-01 5.80789208e-01 1.63362563e+00
    1.34986472e+00 1.34784520e+00 1.05133951e+00 1.09506059e+00
    1.12135863e+00 -1.52789950e-01 7.41951466e-01 7.05746055e-01
    5.07158041e-03 -4.69818652e-01 4.64933693e-01 6.26165926e-01
    -2.20356166e-01 5.57018340e-01 1.28303170e-01 1.42029881e-01
    1.17993212e+00 1.81285715e+00 -7.80093491e-01 1.65170228e+00
    3.56229067e-01 1.61103046e+00 8.97594929e-01 8.17488134e-01
    1.56612456e+00 4.79882240e-01 7.37775564e-02 -4.41918403e-01
    6.22335792e-01 1.18128538e-01 -1.83390737e-01 4.30336952e-01
    7.50958502e-01 -7.13021934e-01 1.55026186e+00 5.61248958e-01
    -1.19136691e-01 -3.02267700e-01 9.74169672e-01 -6.86022639e-01
    -5.63690782e-01 1.76965916e+00 5.45428097e-01 7.33686030e-01
    -5.53080559e-01 2.16205955e-01 -2.96994925e-01 -3.26381505e-01
    7.47187793e-01 1.60764551e+00 -3.94678980e-01 9.36200678e-01
    1.55082512e+00 1.09491396e+00 4.03087139e-02 5.98710060e-01
    9.36351120e-01 -7.96101093e-01 5.47450900e-01 7.91649163e-01
    1.05171895e+00 1.40611982e+00 1.59077740e+00 1.61264348e+00
    -2.16360688e-02 -3.67589414e-01 -6.00244403e-01 5.00266552e-02
    1.03406250e-01 -6.09259784e-01 6.50554121e-01 1.12326598e+00
    1.22235227e+00 -2.43864000e-01 1.71191239e+00 -3.61770153e-01
    -4.88845736e-01 9.95348752e-01 -6.68123364e-02 7.10887074e-01
    8.36326897e-01 1.03357816e+00 -2.07279325e-01 7.99708068e-01
    -2.01521575e-01 1.57667828e+00 -1.84842229e-01 7.98319161e-01
    1.49771881e+00 -3.96011740e-01 1.74268770e+00 -4.42548633e-01
    -5.31535387e-01 -5.38947940e-01 2.51026392e-01 -3.21268320e-01
    1.43759131e+00 6.11070931e-01 3.50557387e-01 -7.55858541e-01
    3.35386872e-01 -6.83472991e-01 3.28347266e-01 -2.07801282e-01
    -4.55285579e-01 4.27936971e-01 1.24066699e+00 1.28703809e+00
    1.41746104e+00 9.30068851e-01 1.03432894e+00 5.51265478e-03
    5.10400653e-01 -2.99345851e-01 -6.30145788e-01 1.96981847e-01
    -6.14119768e-02 -1.66113615e-01 2.81970501e-02 1.49043941e+00
    2.90120006e-01 9.43888009e-01 1.23378992e+00 9.63689864e-01
    5.21577716e-01 1.67762876e-01 1.64933872e+00 2.38422811e-01
    1.91595972e-01 1.33840489e+00 1.46024680e+00 1.08107579e+00
    -1.53473914e-01 5.32775998e-01 5.49948215e-01 1.14683926e+00
    -5.91557801e-01 2.22094715e-01 1.65318632e+00 -5.76867461e-01
    6.26317263e-02 1.64843822e+00 1.12950754e+00 8.27208638e-01
    7.35857189e-01 1.43249440e+00 -5.82084417e-01 -6.17699385e-01
    1.23014939e+00 1.33465838e+00 1.65722942e+00 1.07483435e+00
    1.47174430e+00 6.25788629e-01 1.22035742e-02 9.54274416e-01
    3.44016135e-01 -1.47819459e-01 1.96791828e-01 1.33176458e+00
    2.03973889e-01 6.54885054e-01 1.35975480e-01 -1.11961126e-01
    -2.19733536e-01 -7.32663214e-01 -1.32976949e-01 7.59540856e-01
    9.64261413e-01 1.16675687e+00 -2.27362752e-01 6.07238650e-01
    1.52358627e+00 -4.17311281e-01 1.33294857e+00 7.14645624e-01
    1.26682973e+00 1.41952360e+00 -9.57727432e-04 5.78801930e-01
    -5.48578262e-01 4.04901922e-01 -6.44095182e-01 -7.60583341e-01
    1.58663535e+00 1.66608226e+00 8.48495841e-01 7.23889470e-02
    1.57696021e+00 -4.33097631e-01 2.25957155e-01 1.27615917e+00
    1.67464817e+00 -1.31939530e-01 7.44229198e-01 4.06832576e-01
    -5.14974236e-01 -4.74284738e-01 -2.47591555e-01 1.47501755e+00
    7.06667900e-02 1.44749761e+00 7.50298142e-01 1.53171682e+00
    3.72584343e-01 1.58252716e-01 1.66793048e+00 1.35566878e+00
    -6.18232489e-01 1.73982358e+00 1.09296823e+00 3.00552964e-01
    5.12343645e-03 2.70434558e-01 1.18243384e+00 5.66864789e-01
    -4.88521457e-01 1.52484155e+00 5.07226050e-01 -1.42308593e-01
    1.19393325e+00 1.65148377e-02 1.52080655e+00 1.63265967e+00
    4.84301984e-01 -3.28815967e-01 3.32151115e-01 1.45737958e+00
    5.77209711e-01 1.39458537e+00 -3.19664359e-01 8.49163890e-01
    1.72312450e+00 -2.93678164e-01 9.83238816e-02 -5.76088667e-01
    -2.59767234e-01 2.06665754e-01 8.90577018e-01 3.86141300e-01
    1.72116387e+00 -6.57427132e-01 8.51708412e-01 -3.64007831e-01
    9.54588294e-01 -6.04454994e-01 1.81080604e+00 4.81433392e-01
    1.63508928e+00 9.87301469e-01 -4.91156191e-01 -1.57855928e-01
    1.35630929e+00 1.50638556e+00 1.06847692e+00 -6.52485490e-01
    4.79157448e-01 9.56390977e-01 1.01756978e+00 1.32198465e+00
    -7.31991529e-02 -2.39188373e-01 9.61432695e-01 8.44671547e-01
    3.08946669e-01 1.72757578e+00 5.09122670e-01 -5.80044746e-01
    1.69075990e+00 7.74779022e-01 1.09575450e+00 7.94060767e-01
    -4.83143330e-03 7.60294259e-01 -7.06524134e-01 5.67886770e-01
    4.78598177e-01 -7.82280922e-01 -8.20875525e-01 1.70287681e+00
    1.31223762e+00 6.69906080e-01 -7.39944458e-01 -5.50042987e-01
    1.62968421e+00 2.88531661e-01 1.27512956e+00 6.11186385e-01
    1.44297779e-01 1.06872845e+00 1.77139509e+00 9.67929244e-01
    -7.50438213e-01 1.71088445e+00 -3.12781662e-01 1.67083442e+00
    1.77252436e+00 -3.74623090e-01 6.32956624e-02 2.13371873e-01
    -1.12713337e-01 -3.66021991e-02 5.97643375e-01 1.52844155e+00
    1.49274600e+00 8.67721200e-01 1.22363067e+00 -5.43949366e-01
    -5.56605279e-01 1.52370536e+00 -5.00123441e-01 9.30384994e-01
    2.67236233e-02 1.31741846e+00 1.28964365e-01 3.76805425e-01
    1.43862367e+00 6.06621683e-01 2.16030717e-01 -3.33861202e-01
    9.51787472e-01 2.40375638e-01 -4.91187572e-02 8.01757038e-01
    -5.24501681e-01 3.37990761e-01 9.86813605e-01 1.77145982e+00
    1.06542408e-01 2.25461543e-01 2.03929305e-01 7.93316185e-01
    7.90272534e-01 1.56293249e+00 7.27426827e-01 9.60519910e-02
    5.58235645e-01 -4.54947352e-02 7.60764360e-01 1.01307452e+00
    -5.62939405e-01 2.90008962e-01 1.83046818e-01 4.93055820e-01
    9.83604670e-01 1.28924668e+00 9.96579409e-01 1.18371701e+00
    4.38408196e-01 1.21231854e+00 7.38136530e-01 -4.28777635e-01
    1.11777365e+00 1.21205723e+00 1.19549179e+00 1.45577455e+00
    -5.42186618e-01 1.13567734e+00 1.01776648e+00 1.72197318e+00
    -7.39398718e-01 -5.61137080e-01 1.61151886e-01 -2.65422106e-01
    -5.57680011e-01 1.09887576e+00 2.75930762e-02 1.52340257e+00
    1.32394648e+00 6.16009235e-02 6.19914472e-01 1.31482935e+00
    -7.63558149e-02 1.25509477e+00 -5.08204460e-01 1.07370508e+00
    5.14506102e-02 1.75074923e+00 -1.69166505e-01 -6.99480832e-01
    1.07132781e+00 1.66950047e+00 7.31670499e-01 5.51413774e-01
    1.09768748e-01 1.44326746e-01 -1.39995396e-01 -4.23974663e-01
    -3.06771576e-01 1.40881526e+00 1.19920790e-01 1.04050422e+00
    1.69906521e+00 1.18732643e+00 -4.30499047e-01 -2.35416383e-01
    2.69474328e-01 -1.09690070e-01 -5.13619006e-01 -6.40053093e-01
    1.47991478e+00 5.99894166e-01 -1.95684016e-01 1.03918362e+00
    -5.50163090e-01 -3.30505490e-01 -6.15271568e-01 1.54920673e+00
    7.34272003e-01 3.11974883e-01 -2.98429966e-01 -1.79245710e-01
    -7.29102969e-01 -2.62407184e-01 1.40725231e+00 1.59763849e+00
    1.01768434e+00 -7.17516661e-01 -6.34752631e-01 1.77886367e+00
    6.51515067e-01 2.97099352e-01 1.50335777e+00 6.51316226e-01
    -3.21066380e-02 2.71489143e-01 6.52795017e-01 1.37234521e+00
    4.99049604e-01 4.15864825e-01 4.05254602e-01 -7.70961285e-01
    1.30237925e+00 1.41509664e+00 5.11094272e-01 1.30713880e-01
    2.34890401e-01 -1.39458597e-01 1.47875381e+00 1.44376695e-01
    -1.17361724e-01 1.65936303e+00 -6.21622145e-01 4.28238511e-02
    8.67910445e-01 1.35339856e+00 4.14139628e-01 1.49913001e+00
    1.07513499e+00 7.13484883e-02 1.30207908e+00 -3.86613160e-01
    -6.84457064e-01 1.55719066e+00 -1.32060170e-01 1.52724838e+00
    1.61626816e+00 3.81411433e-01 1.24194467e+00 1.49394393e-01
    1.16014004e+00 -7.57330060e-01 1.54121816e-01 -4.14819688e-01
    1.67090905e+00 1.13033879e+00 8.33323538e-01 -3.41541737e-01
    -1.31800532e-01 -1.34939760e-01 3.44888568e-02 -1.34842753e-01
    1.39658260e+00 9.88613725e-01 1.22018790e+00 8.07947755e-01
    -6.42799854e-01 -3.88461947e-02 1.54143357e+00 3.34603310e-01
    -3.09917450e-01 4.78189766e-01 -4.94464874e-01 -4.38243568e-01
    6.63959146e-01 1.16777921e+00 -4.99168456e-01 4.46753025e-01
    1.06724477e+00 1.53007960e+00 -2.15357304e-01 -5.76962829e-02
    8.38968158e-02 2.02470839e-01 1.27486968e+00 -5.58723211e-01
    1.41017604e+00 -4.30192441e-01 1.40204251e+00 -5.15158474e-01
    9.87061977e-01 -4.41380799e-01 5.88703990e-01 -4.00463283e-01
    1.72399879e+00 1.11096430e+00 -7.39510655e-01 -4.33806598e-01
    5.52836835e-01 1.45584190e+00 3.70454431e-01 3.17201853e-01
    3.48076284e-01 6.42075598e-01 -5.38274527e-01 1.69049335e+00
    1.61101818e-01 8.75117242e-01 2.22549856e-01 -1.11659765e-01
    1.04320860e+00 9.95347977e-01 3.98683786e-01 1.38911045e+00
    1.51450467e+00 -3.57263178e-01 -1.42044306e-01 -4.16685343e-01
    5.14566302e-01 -2.15763450e-01 -2.14055598e-01 9.84482527e-01
    1.39134502e+00 1.60837603e+00 1.57803690e+00 2.72716939e-01
    1.15330160e-01 -3.12551916e-01 -1.73470259e-01 1.75706482e+00
    -1.24105930e-01 2.28928804e-01 1.06195402e+00 -1.68839276e-01
    1.68565893e+00 -1.11389816e-01 1.59589124e+00 1.65786445e-01
    9.48576391e-01 -2.33196974e-01 4.68674123e-01 1.11894453e+00
    -1.16578102e-01 1.59774160e+00 5.52703500e-01 7.91477978e-01
    1.31671429e+00 2.36516178e-01 1.33270311e+00 -2.15479136e-02
    -1.84724689e-01 -1.33463919e-01 -1.20537817e-01 -1.62939548e-01
    1.00808012e+00 -3.00854802e-01 1.59273195e+00 3.77411842e-01
    -6.02546513e-01 7.34705389e-01 4.00398076e-01 5.41060030e-01
    9.82674837e-01 -1.15986466e-02 6.59863055e-01 -1.21266901e-01
    -2.38565505e-01 9.52216327e-01 8.22463989e-01 1.00676060e+00
    -6.20664477e-01 6.66513264e-01 6.98139429e-01 -7.48100221e-01
    1.57639635e+00 -4.46443558e-01 1.80256665e-01 1.12926245e+00
    1.06612742e-01 -3.91113371e-01 1.12875950e+00 1.49544120e+00
    -5.69999635e-01 6.23205304e-01 7.70650387e-01 1.60319924e+00
    1.06850052e+00 -1.85866117e-01 1.37574434e+00 9.19141173e-01
    -2.19907403e-01 4.04123724e-01 -5.34948289e-01 1.18606734e+00
    -4.85692918e-01 -4.84580576e-01 -6.54246449e-01 -1.33905292e-01
    1.61205876e+00 1.79946899e+00 3.80614996e-01 -5.68014622e-01
    4.13763523e-01 1.73128104e+00 1.73838019e+00 1.95306242e-01
    1.40827596e-01 -3.28586191e-01 -4.72125649e-01 1.38233209e+00
    -2.39530563e-01 3.30834329e-01 4.84992385e-01 3.07466269e-01
    1.61931014e+00 3.84085774e-02 6.56979799e-01 3.51269603e-01
    7.42053270e-01 1.02056050e+00 -6.76450491e-01 1.51901758e+00
    4.58602786e-01 7.39882231e-01 1.58193636e+00 3.23731899e-01
    -4.59126651e-01 1.30966878e+00 -3.77596408e-01 9.82390523e-01
    2.98850834e-01 -4.34290141e-01 -5.23267627e-01 1.37740099e+00
    -6.62106156e-01 1.62014008e-01 4.38419700e-01 -5.62837899e-01
    -2.82766908e-01 6.63040042e-01 -5.91535449e-01 1.30008602e+00
    8.20496082e-02 -5.17206311e-01 1.80811334e+00 -2.37163633e-01
    4.80012238e-01 -4.44209665e-01 -2.12052882e-01 1.07624578e+00
    1.73051405e+00 1.33486080e+00 -2.35706747e-01 1.50639462e+00
    -8.96638632e-02 2.70533383e-01 -4.08219695e-02 1.68506217e+00
    1.39657331e+00 1.62667060e+00 -2.82039404e-01 1.57056844e+00
    1.37672186e+00 8.90336454e-01 -4.64991450e-01 8.38095307e-01
    1.43906450e+00 6.24343693e-01 -9.46266055e-02 7.36914933e-01
    1.67100334e+00 1.55239403e+00 -2.65770197e-01 1.40129340e+00
    4.47066605e-01 1.31834054e+00 1.38893712e+00 3.03373933e-02
    1.73780262e+00 1.70600486e+00 1.00403380e+00 9.47944283e-01
    -1.22992694e-01 -8.49121213e-02 1.13491607e+00 9.81261790e-01
    1.13101387e+00 2.86211908e-01 1.99695468e-01 -3.94263476e-01
    1.33248568e-02 1.11361921e-01 -1.22776985e-01 1.38470817e+00
    1.13132358e+00 8.43354106e-01 1.41854298e+00 2.24243760e-01
    1.39217234e+00 7.16764927e-02 -6.91102862e-01 5.47458231e-01
    6.21427655e-01 -2.78482914e-01 4.03201580e-02 3.22885692e-01
    -4.27367508e-01 2.97854960e-01 -1.11599326e-01 1.07132244e+00
    1.69191575e+00 1.40081346e+00 1.09226346e+00 2.90790975e-01
    -6.16941988e-01 1.45166731e+00 1.00908148e+00 1.60805738e+00
    1.69334984e+00 1.57076359e+00 1.66151309e+00 1.05987823e+00
    1.22336578e+00 8.28384638e-01 7.24215090e-01 8.84659648e-01
    -1.07829511e-01 -4.22452092e-02 2.18477428e-01 -3.80194336e-01
    1.00891721e+00 1.15402126e+00 1.02317095e-01 1.48124731e+00
    4.50308979e-01 1.67932701e+00 -3.63943815e-01 9.56894875e-01
    1.41863132e+00 4.35431540e-01 1.58817244e+00 8.51757526e-02
    1.29662871e+00 9.51739669e-01 4.71190214e-01 6.39638007e-01
    -6.11816287e-01 -2.00459719e-01 1.54451263e+00 -4.09475356e-01
    1.15665925e+00 5.95964730e-01 1.55432200e+00 1.26278770e+00
    5.63241482e-01 8.06647062e-01 1.40384424e+00 1.01288974e-01
    -3.21639180e-01 3.48244548e-01 2.82891452e-01 1.69299769e+00
    -4.62566018e-01 -6.77410543e-01 6.45582080e-02 9.28703904e-01
    1.30444384e+00 1.06227934e+00 6.44899726e-01 1.52523232e+00
    9.75216329e-01 2.08192706e-01 3.98640513e-01 6.45477593e-01
    7.39261389e-01 1.03864920e+00 1.63802242e+00 -7.63481498e-01
    -3.68397832e-02 3.43119442e-01 -3.22298348e-01 -2.22598314e-01
    1.76276970e+00 1.01225400e+00 6.08940959e-01 -6.28951788e-02
    7.44003773e-01 -2.54041016e-01 9.97219563e-01 -1.85119212e-01
    5.58294654e-02 8.89602602e-01 1.61655712e+00 5.30508757e-01
    1.03443480e+00 3.25185835e-01 -1.80482686e-01 6.30561948e-01
    1.04006290e+00 -3.25694203e-01 9.96840596e-01 1.17353785e+00
    -4.97690439e-02 -5.68064809e-01 -6.27596200e-01 5.87133110e-01
    1.15117693e+00 3.13130498e-01 5.41821659e-01 1.64970493e+00
    9.49936271e-01 1.57589793e+00 5.58423877e-01 -6.00624502e-01
    1.39716625e-01 1.50313473e+00 3.03784668e-01 1.07761216e+00
    -7.94807673e-02 5.79590201e-01 2.72013843e-01 1.65533221e+00
    -1.94104016e-01 2.89611936e-01 -2.24608690e-01 1.74539900e+00
    1.72791839e-01 3.55864644e-01 -3.71206045e-01 5.92254043e-01
    7.41485417e-01 7.38775194e-01 1.37260032e+00 4.73786592e-01
    3.92745674e-01 7.94994414e-01 4.68880475e-01 -7.59674370e-01
    1.34263408e+00 -3.52971613e-01 6.42212629e-01 -6.39273643e-01
    1.38671374e+00 1.40328002e+00 1.63141978e+00 1.46701384e+00
    2.76073217e-01 -7.76953101e-02 4.97033954e-01 -2.25777090e-01
    1.45831132e+00 -4.52117622e-01 -1.51671469e-01 -1.42594516e-01
    1.59496200e+00 -3.16475570e-01 1.38775730e+00 -5.84558964e-01
    4.39743459e-01 1.15661049e+00 1.67827094e+00 9.86850619e-01
    2.76920974e-01 9.40648258e-01 1.61341965e+00 -1.27070308e-01
    2.44185925e-01 1.65373790e+00 1.38797486e+00 1.24906123e+00
    8.03918123e-01 -5.89852035e-01 1.28165734e+00 1.26763463e+00
    -2.09088206e-01 9.28366363e-01 1.38894534e+00 5.82757354e-01
    4.02479410e-01 5.17928481e-01 -3.02742571e-01 1.73639715e+00
    1.77903950e-01 1.82287753e+00 -6.92787290e-01 -5.34904540e-01
    1.29046571e+00 -2.49490649e-01 1.60456192e+00 -1.55202866e-01
    7.31798410e-02 1.69413817e+00 -3.07192564e-01 8.15979064e-01
    4.01796103e-01 1.83636999e+00 2.68234134e-01 1.65638506e+00
    1.19498634e+00 -1.03008151e-02 1.53211188e+00 -3.18672657e-02
    -2.15254903e-01 -7.38918185e-01 5.51853299e-01 8.71521831e-01
    9.88199353e-01 3.75924289e-01 -2.50866830e-01 2.72881210e-01
    6.16357327e-01 1.62184799e+00 5.36641717e-01 -3.06862831e-01
    1.02309847e+00 -8.48814249e-01 1.48315704e+00 2.92942762e-01
    -5.46941519e-01 5.09477496e-01 1.09767151e+00 -6.71507776e-01
    1.40302682e+00 -8.12139511e-02 6.21046901e-01 5.82140505e-01
    -5.64958572e-01 9.67971742e-01 1.47399461e+00 2.67960072e-01
    7.59738803e-01 1.11024988e+00 8.75929475e-01 9.92885888e-01
    -5.98359227e-01 1.46366334e+00 -6.31621122e-01 5.92194796e-02
    2.89644122e-01 1.43839657e+00 6.44577503e-01 3.62386823e-01
    1.74245679e+00 4.72492993e-01 3.89346123e-01 9.16312099e-01
    -3.04222286e-01 2.87562013e-01 1.58553898e-01 -3.13144028e-01
    -3.56730878e-01 4.78939652e-01 5.54450750e-02 1.19027114e+00
    5.29659092e-01 1.60083175e-02 8.16308320e-01 -1.09739721e-01
    1.29831612e+00 -5.39576173e-01 -6.95598185e-01 1.22400069e+00
    -2.31224954e-01 -5.29088974e-01 -6.25006258e-01 1.47469270e+00
    -1.39912963e-01 8.17705810e-01 -4.34587181e-01 1.25101030e+00
    9.40467477e-01 1.46155608e+00 1.44896936e+00 1.03617716e+00
    1.93556905e-01 1.49844217e+00 -6.01104379e-01 7.17938662e-01
    7.69240618e-01 -3.91664028e-01 1.35533726e+00 1.32892394e+00
    -3.76404673e-01 3.26772571e-01 1.08260131e+00 1.26363432e+00
    1.13718152e+00 -2.84794509e-01 2.13211656e-01 1.48925519e+00
    9.44411874e-01 -4.02510524e-01 2.60609269e-01 1.22248101e+00
    6.39002025e-01 6.11114562e-01 2.24252582e-01 9.38456535e-01
    9.72951651e-01 -6.12448454e-02 1.26515627e+00 1.80545199e+00
    -2.91595995e-01 1.80464089e-01 -6.71813488e-02 5.82422853e-01
    -1.60653234e-01 1.37587810e+00 -4.81480718e-01 1.50723565e+00
    1.00617480e+00 5.79923272e-01 1.35470808e+00 4.82975602e-01
    1.10339546e+00 4.00410831e-01 4.16826189e-01 1.06909502e+00
    1.68840563e+00 5.08757830e-01 -1.39353335e-01 1.33836532e+00
    1.21231055e+00 1.09752917e+00 5.48602521e-01 -6.57843411e-01
    -6.71086192e-01 -2.84345806e-01 -6.66780353e-01 4.93151248e-01
    5.10563552e-01 1.08624744e+00 -6.30086422e-01 -7.01366067e-01
    3.00112009e-01 1.74613416e-01 3.17800105e-01 1.33135855e-01
    -5.89205444e-01 4.74572182e-04 1.76282763e+00 6.95337892e-01
    3.83464456e-01 3.30639184e-01 7.87049413e-01 3.47943366e-01
    1.60889268e-01 -6.22402251e-01 9.24859345e-01 1.05247271e+00
    -5.98845541e-01 -6.64360404e-01 5.39098859e-01 1.62520432e+00
    1.15532899e+00 5.15879214e-01 1.65053499e+00 1.54381084e+00
    -2.18502641e-01 -2.90016115e-01 1.50857818e+00 1.08026791e+00
    5.47410965e-01 5.43244481e-02 1.59691906e+00 1.53149569e+00
    4.82164621e-02 1.46327245e+00 -7.31497824e-01 5.35638273e-01
    1.59717298e+00 9.38677192e-01 1.05292392e+00 9.78447616e-01
    1.67900801e+00 8.74273241e-01 6.77425146e-01 2.75621235e-01
    3.69349062e-01 5.20704865e-01 -3.49700123e-01 4.79618549e-01
    1.53203726e-01 -4.80454683e-01 -2.38101661e-01 5.83046973e-01
    7.45472550e-01 9.03307736e-01 1.98574185e-01 1.27577126e-01
    5.84806979e-01 4.84629273e-01 3.50254595e-01 1.62613225e+00
    3.62886190e-02 9.02048171e-01 -6.95030987e-01 -3.00333142e-01
    1.43072724e+00 -5.60901761e-01 1.09528136e+00 -7.27377594e-01
    1.42049074e-01 1.00274754e+00 9.00370359e-01 1.56501544e+00
    -5.69036424e-01 5.34577608e-01 -4.91219431e-01 2.94061124e-01
    -5.24897039e-01 4.64155674e-01 3.98447275e-01 -6.44538462e-01
    -1.01224601e-01 6.98221803e-01 1.13285935e+00 4.35360074e-01
    1.37266397e+00 -1.24568224e-01 1.43705082e+00 1.17493188e+00
    -7.85667717e-01 1.23959291e+00 -2.24181592e-01 -3.61706913e-01
    -3.60350013e-02 -1.13115728e-01 1.63085973e+00 -3.06169391e-02
    -1.10167623e-01 -2.34427392e-01 5.45575857e-01 8.08309197e-01
    -2.58538127e-02 -8.05089474e-02 1.11093092e+00 -6.23400986e-01
    1.57751691e+00 1.02448165e+00 -6.61837578e-01 1.57196796e+00
    6.32032931e-01 2.50566602e-01 1.11583483e+00 5.51143169e-01
    -4.76820409e-01 1.07029176e+00 -1.28208220e-01 1.26540995e+00
    8.48907828e-01 -1.86911166e-01 1.68366385e+00 6.07110500e-01
    3.34206581e-01 -3.59981239e-01 5.84046781e-01 -3.35893184e-01
    6.93854570e-01 1.12668252e+00 -3.30459118e-01 3.91637802e-01
    1.55381119e+00 -5.61133385e-01 6.32800341e-01 1.09825706e+00
    -4.57555920e-01 9.42289829e-01 7.66938806e-01 -4.13799316e-01
    1.73501146e+00 9.38537121e-02 1.70281935e+00 1.54146492e-01
    2.41254628e-01 6.31256700e-01 -4.62498397e-01 1.72035027e+00
    -4.66729581e-01 1.03421474e+00 4.23462689e-01 -8.29144716e-02
    5.82509756e-01 -5.72325587e-01 3.52935731e-01 1.24838829e+00
    1.91945612e-01 5.34920931e-01 -6.33670926e-01 -6.36610150e-01
    -6.74625456e-01 1.00158751e-01 -4.75621819e-02 1.47156835e+00
    3.19745481e-01 -1.75861478e-01 6.88423038e-01 1.14821970e+00
    3.20503473e-01 2.22483635e-01 -7.57004857e-01 -4.70790178e-01
    4.83823419e-01 2.14704692e-01 4.00449574e-01 -1.18989408e-01
    4.42096472e-01 1.00450182e+00 1.27542484e+00 9.99764800e-01
    5.82627118e-01 1.17356026e+00 -5.14235735e-01 3.82540703e-01
    1.14466810e+00 9.29322183e-01 1.12701225e+00 8.72242033e-01
    1.00229561e+00 -4.86163288e-01 1.26293838e-01 4.95279491e-01
    1.36979771e+00 5.79473853e-01 -1.24736786e-01 1.24738407e+00
    3.03525090e-01 -2.84994990e-01 -4.16276366e-01 6.42903209e-01
    8.80239487e-01 1.29853404e+00 2.14605987e-01 -4.27786171e-01
    -6.97567344e-01 1.00646162e+00 6.33331656e-01 1.53158307e+00
    1.56667483e+00 -3.21862817e-01 1.00176609e+00 5.28428078e-01
    -7.42885470e-02 5.00020266e-01 -3.05700183e-01 -3.10600758e-01
    -2.93015242e-02 1.67622244e+00 3.81851912e-01 4.50109780e-01
    1.03981674e+00 6.24663413e-01 1.36396241e+00 -1.41566336e-01
    1.55248821e+00 9.46310163e-01 1.08094668e+00 1.50836349e+00
    -5.07497072e-01 6.00561976e-01 -4.75702852e-01 -3.44623327e-02
    1.82276011e-01 1.47706270e+00 7.58618891e-01 6.62942648e-01
    1.50409889e+00 -1.44999027e-01 -8.81310463e-01 -8.17775548e-01
    1.24469233e+00 -8.40423465e-01 6.33299410e-01 2.80142248e-01
    -4.26715583e-01 8.53537202e-01 1.21392584e+00 8.49134684e-01
    1.20386243e-01 -1.67932928e-01 3.15147400e-01 1.68618333e+00
    9.17551517e-02 9.42137957e-01 4.95993853e-01 1.78955889e+00
    -6.67766273e-01 5.30977786e-01 -3.14552784e-02 7.64424026e-01
    1.57325435e+00 -2.90058255e-02 -7.24836946e-01 8.78755808e-01
    1.82905972e-01 -3.29079628e-01 -7.51163661e-01 -4.52131897e-01
    1.48153985e+00 1.57965338e+00 1.25573874e-01 -3.33821058e-01
    1.15650606e+00 4.86171007e-01 -2.37435073e-01 1.37482476e+00
    1.61374688e-01 -5.83532512e-01 -7.71067858e-01 9.91958141e-01
    9.66098785e-01 3.15815687e-01 5.74687958e-01 9.37798798e-01
    -9.98981595e-02 -2.20969319e-01 -6.58736348e-01 1.10866523e+00
    1.09089935e+00 8.07149470e-01 -4.26822960e-01 1.73742712e+00
    8.56941223e-01 1.47789657e-01 -6.12149239e-01 -1.57344520e-01
    9.92344320e-01 6.27656937e-01 -4.86043900e-01 7.75278151e-01
    -3.61574143e-01 9.16922152e-01 1.06587219e+00 5.92218459e-01
    -1.26221955e-01 1.45721126e+00 1.40713000e+00 -7.57574677e-01
    9.01423454e-01 4.31633294e-01 9.20555234e-01 1.70977342e+00
    8.92349124e-01 2.98861384e-01 3.77035677e-01 -2.93637693e-01
    -4.17839915e-01 -7.04991937e-01 1.34778512e+00 -8.18263650e-01
    9.01448607e-01 1.26397574e+00 5.72348535e-01 1.43973577e+00
    -7.26893008e-01 -8.94123912e-02 6.14536941e-01 -7.34799325e-01
    -5.88078499e-02 1.36511815e+00 1.03983092e+00 1.46115363e+00
    1.12730575e+00 1.26788473e+00 7.15534031e-01 2.11464286e-01
    -3.94430578e-01 -3.85334313e-01 1.04638481e+00 5.60757518e-02
    -4.42726463e-01 8.54394317e-01 3.65213752e-01 6.15943432e-01
    6.82529032e-01 8.41848135e-01 -7.11681366e-01 -1.20741725e-02
    1.21807194e+00 1.65783811e+00 7.09314466e-01 3.80376518e-01
    1.45948613e+00 8.22865903e-01 1.29261291e+00 5.29026806e-01
    -7.01344490e-01 1.54635799e+00 1.64845037e+00 1.31837070e-01
    1.31268620e-01 1.07595861e+00 6.88205540e-01 -1.73031986e-01
    7.05727220e-01 -5.35418987e-01 -5.76235771e-01 1.48310065e+00
    8.14253271e-01 2.86441445e-01 1.13036239e+00 1.61608517e+00
    -7.03873158e-01 1.55371130e-01 -5.07144570e-01 1.09278202e-01
    4.99736071e-02 1.36503077e+00 1.53073907e-01 4.96367812e-02
    -7.64731169e-01 -5.52127719e-01 1.46980286e+00 1.54778099e+00
    -1.57439768e-01 3.95968199e-01 1.67964482e+00 1.47183621e+00
    1.12889624e+00 -6.48697078e-01 -6.91579819e-01 1.19351995e+00
    1.09773803e+00 3.69547963e-01 2.00408280e-01 1.81927860e-01
    -1.49963260e-01 1.27542543e+00 1.52017522e+00 1.47948694e+00
    -5.73911548e-01 4.67469990e-01 -5.46024978e-01 1.62627316e+00
    -4.27762806e-01 1.24936819e+00 3.22807908e-01 1.19424367e+00
    1.43693602e+00 4.66106355e-01 -3.14833760e-01 9.26345229e-01
    1.14383757e-01 -3.65483433e-01 4.58524108e-01 2.22854376e-01
    -7.57362485e-01 5.06162107e-01 9.07396078e-02 8.22754502e-02
    1.27607799e+00 -7.88748860e-01 9.74176705e-01 1.21864319e+00
    1.51857209e+00 -6.50430143e-01 1.30370915e+00 1.37506175e+00
    4.64967728e-01 -1.69519961e-01 3.86964560e-01 -2.26606786e-01
    -7.45551348e-01 1.47163701e+00 1.41492605e+00 9.51688766e-01
    2.29927301e-01 1.57535660e+00 4.15124297e-01 5.68469107e-01
    7.16481924e-01 1.16145349e+00 1.22208381e+00 1.45234966e+00
    6.27505898e-01 1.31872475e+00 4.72357690e-01 1.52305496e+00
    -4.44702715e-01 3.06639314e-01 1.11496782e+00 1.19296694e+00
    -4.84183848e-01 -4.61244404e-01 2.10050046e-01 1.78281099e-01
    5.82404435e-02 1.33813047e+00 4.46606159e-01 7.07800448e-01
    3.92854214e-01 -8.04306865e-02 1.76264310e+00 -3.00362945e-01
    1.39966989e+00 5.39318800e-01 -4.12331671e-01 -3.00116241e-01
    1.12355709e-01 3.69704962e-01 4.73830223e-01 1.57257235e+00
    2.27308810e-01 7.75686741e-01 1.53916276e+00 1.53439748e+00
    1.05848610e+00 9.94378924e-01 -1.58082843e-02 -4.19653058e-02
    -2.63326406e-01 4.22292948e-02 8.39512825e-01 -2.10254014e-01
    2.19872773e-01 1.74336302e+00 -6.79937661e-01 1.35483730e+00
    2.63787091e-01 8.04981232e-01 1.41341615e+00 1.61507690e+00
    1.54061854e+00 9.13948476e-01 1.70852780e+00 3.14434469e-01
    1.29831994e+00 1.71038818e+00 1.29655373e+00 1.28357136e+00
    1.24307036e+00 1.23206556e+00 -1.66731119e-01 2.66660452e-02
    3.62101912e-01 1.37711596e+00 -1.86701417e-01 1.23004305e+00
    1.11873329e-01 5.94075441e-01 2.58694649e-01 -2.19291747e-01
    8.56375515e-01 7.32216537e-01 1.56739759e+00 7.63736367e-01
    1.75875938e+00 4.09292221e-01 1.60132921e+00 1.48155284e+00
    4.52267587e-01 9.18272614e-01 1.68979168e-02 1.56597948e+00
    1.74041414e+00 -2.38405406e-01 -4.32488978e-01 7.07633495e-01
    4.30319548e-01 1.36387932e+00 -6.13251090e-01 8.36703837e-01
    -1.47798121e-01 -1.79574370e-01 1.49489331e+00 4.22080755e-01
    4.29622233e-01 1.22602618e+00 2.02103555e-01 1.41736066e+00
    7.49934137e-01 -1.01435184e-03 1.17489171e+00 1.09165072e+00
    5.48089683e-01 7.99999416e-01 1.34503889e+00 -4.69620019e-01
    -5.04289150e-01 5.39683819e-01 -5.42668104e-02 -3.70721221e-02
    7.80082703e-01 2.18540311e-01 8.03343832e-01 4.06697750e-01
    -1.13383830e-01 1.37235272e+00 -2.55028307e-01 -2.20810294e-01
    3.74676704e-01 1.70190203e+00 8.51393759e-01 1.49047983e+00
    1.41416395e+00 -3.56560111e-01 6.66597962e-01 1.62026668e+00
    1.70397103e-01 -3.12343895e-01 1.55953002e+00 2.49823511e-01
    3.17167461e-01 8.69018018e-01 1.67981780e+00 1.17309213e+00
    1.43774629e+00 -2.21608996e-01 1.46611667e+00 1.65563703e+00
    4.00362611e-02 1.55730784e+00 -1.00866437e-01 7.22258210e-01
    -2.36728013e-01 1.62280154e+00 5.85163236e-01 -2.09940553e-01
    3.82766128e-02 1.56238449e+00 1.01152277e+00 1.13791633e+00
    3.41353416e-02 6.79344058e-01 1.33390260e+00 1.81553626e+00
    -1.37252986e-01 9.18261647e-01 1.40327537e+00 6.80125952e-01
    -4.31804597e-01 -1.33145273e-01 -4.66435939e-01 1.29821897e-02
    -4.66458052e-01 9.95632410e-01 -8.05669129e-01 1.48038661e+00
    3.44661951e-01 1.63325417e+00 -6.04045630e-01 -2.57444561e-01
    -2.40124464e-02 1.15839100e+00 1.20088887e+00 1.12787890e+00
    -4.07607377e-01 5.36763668e-02 -5.48475146e-01 4.31467295e-02
    1.32076621e-01 1.00503862e-01 -5.75216711e-01 3.02522659e-01
    9.84578609e-01 3.77985001e-01 -2.16821909e-01 -6.85880184e-01
    1.21565473e+00 7.76226163e-01 2.76784241e-01 8.92734408e-01
    3.52289677e-01 -2.72200435e-01 -2.41772592e-01 8.43363941e-01
    7.22916543e-01 1.71996808e+00 1.50545287e+00 1.62219393e+00
    9.30413961e-01 1.07100427e+00 1.31510603e+00 -5.07432103e-01
    6.44111693e-01 2.09324896e-01 -5.55844903e-01 8.13720226e-01
    1.56955624e+00 1.25515521e+00 5.76991200e-01 1.18647516e+00
    4.44075048e-01 -6.38235211e-01 6.33996129e-01 4.09120798e-01
    7.04607368e-01 -5.50146401e-01 1.00019395e-01 9.05714989e-01
    1.21629405e+00 4.22372818e-02 -1.11590266e-01 1.43868303e+00
    1.10622644e-02 -3.66959810e-01 1.28130555e+00 -7.80864596e-01
    1.10383701e+00 4.45166826e-01 1.74483776e-01 1.57587481e+00
    -6.78662002e-01 6.25885248e-01 1.26840961e+00 1.46282697e+00
    2.73129821e-01 1.12573600e+00 2.63021529e-01 -5.05971014e-01
    8.03200781e-01 6.56770945e-01 1.56878054e+00 6.13878369e-01
    1.59796011e+00 1.50876927e+00 5.56312919e-01 4.35034633e-01
    -3.16060424e-01 1.65981531e+00 3.62801254e-01 -8.40387285e-01
    3.42234015e-01 1.23071480e+00 2.12560236e-01 5.67750156e-01
    5.02600849e-01 3.70623708e-01 9.25503731e-01 -7.24838197e-01
    1.10092664e+00 -7.75707603e-01 1.32723641e+00 1.62413228e+00
    -1.73005641e-01 8.00004601e-01 5.98938465e-02 3.81704628e-01
    5.70592880e-02 1.03554165e+00 1.93758202e+00 7.35745192e-01
    1.48017788e+00 -2.36854285e-01 -4.51783866e-01 -4.54353094e-02
    1.85381567e+00 -4.51523423e-01 1.04230285e-01 1.02156472e+00
    -4.39057052e-01 1.37352014e+00 1.98446274e-01 1.61340654e-01
    8.19012463e-01 1.17973113e+00 -1.75318182e-01 1.49450374e+00
    7.96451449e-01 -2.73778141e-01 7.56043196e-03 1.65902877e+00
    -8.48273993e-01 9.97460008e-01 1.66755354e+00 1.73001599e+00
    8.99404049e-01 1.51979232e+00 -5.70026040e-01 8.62063825e-01
    1.19614184e+00 8.15708816e-01 -1.02945447e-01 3.98020148e-02
    1.00981927e+00 6.72325313e-01 -8.24011683e-01 -3.09352815e-01
    -5.26475370e-01 -5.68064094e-01 3.32001925e-01 -7.30311036e-01
    1.73482752e+00 1.21763778e+00 -2.77346432e-01 -8.31134558e-01
    -2.96739101e-01 -6.72300100e-01 6.89151645e-01 3.80472124e-01
    1.06858015e+00 1.04261780e+00 -3.43175292e-01 2.66150653e-01
    1.76993608e+00 1.44023240e+00 2.04563856e-01 1.16367602e+00
    -6.46892726e-01 1.24651718e+00 -8.06811452e-01 1.22184420e+00
    7.27381945e-01 4.51821089e-01 1.45732427e+00 7.37935424e-01
    1.38761675e+00 1.44844365e+00 1.71414864e+00 -1.43518448e-01
    2.74254680e-01 -3.73504519e-01 -5.21541178e-01 1.14974022e+00
    -6.40726686e-02 1.07207870e+00 1.07200742e-02 -1.09292746e-01
    5.41219711e-01 4.12103772e-01 8.24299455e-01 1.44620073e+00
    9.60931003e-01 -4.84679043e-01 -2.17086613e-01 4.49149609e-01
    -1.21207714e-01 5.15850902e-01 2.07925975e-01 5.31629145e-01
    -5.17432928e-01 1.18041646e+00 1.58354735e+00 1.40726042e+00
    -2.43431568e-01 -1.51670635e-01 -3.70621324e-01 1.48465955e+00
    1.09352648e+00 -6.56196117e-01 -3.00625503e-01 -1.63403690e-01
    1.56748223e+00 3.16031516e-01 -4.39189523e-01 -2.63641894e-01
    9.57610965e-01 8.23849320e-01 7.79475152e-01 9.45103049e-01
    3.62730265e-01 3.07777584e-01 -2.20826924e-01 8.46959352e-01
    1.61693811e+00 -6.18803799e-01 -1.64876163e-01 8.31245065e-01
    8.83456290e-01 1.47650611e+00 1.75101531e+00 -1.07522607e-02
    -7.21604705e-01 1.46238232e+00 2.23525465e-01 -5.73175490e-01
    -3.66915852e-01 5.45895875e-01 1.33722937e+00 5.61099768e-01
    2.32220054e-01 1.57935500e-01 -1.79636478e-01 1.36291289e+00
    -2.05842793e-01 1.44542503e+00 1.38585055e+00 1.32833838e+00
    -5.19317389e-01 3.80258858e-01 6.97633088e-01 -3.37573886e-02
    -2.86176205e-02 -5.54826021e-01 1.72453797e+00 -2.47440338e-01
    4.98966098e-01 -1.75378978e-01 -4.87631172e-01 7.08558559e-01
    1.78069520e+00 4.27049577e-01 9.99973774e-01 2.52924204e-01
    2.73619413e-01 1.24931943e+00 8.63080621e-02 -3.40339720e-01
    -7.62249410e-01 1.44035709e+00 -3.78562480e-01 1.27972603e+00
    -2.01727748e-02 -6.93364322e-01 6.12493157e-01 2.64294624e-01
    1.26601601e+00 -6.58932328e-02 1.10617590e+00 1.22062325e+00
    1.58070958e+00 -5.64878821e-01 -3.57907891e-01 -1.69525206e-01
    -5.87929368e-01 7.53154337e-01 1.20090890e+00 1.63184476e+00
    -1.07824981e-01 -2.80889988e-01 -4.79446381e-01 7.30993152e-02
    -3.33272666e-01 1.41993725e+00 1.62561321e+00 1.49910402e+00
    -3.07122350e-01 6.00186467e-01 5.65027595e-01 1.56600571e+00
    1.58530414e-01 -2.43928432e-02 9.16693091e-01 -1.24832392e-02
    9.20042813e-01 1.44809783e+00 -4.29043740e-01 1.48072791e+00
    6.33079052e-01 -6.67226672e-01 1.23391986e-01 1.78143859e+00
    -2.47626483e-01 8.11087668e-01 1.66658962e+00 7.72880316e-02
    1.29576719e+00 1.53485858e+00 1.47959828e+00 -4.04459238e-02
    1.35626853e+00 1.14267397e+00 -7.18121767e-01 1.57127988e+00
    1.23446798e+00 7.55592287e-01 1.64649749e+00 -1.03656709e-01
    1.54984629e+00 1.59041607e+00 1.26802778e+00 6.33546352e-01
    1.62901878e-02 -3.77261639e-03 8.37578475e-01 5.48448384e-01
    -1.69626713e-01 5.95166266e-01 6.69391751e-01 1.30747831e+00
    7.13973105e-01 1.45793831e+00 6.07061267e-01 1.25788116e+00
    5.92594743e-01 1.43865657e+00 -7.36576259e-01 -3.73707950e-01
    1.25593722e+00 1.07252598e+00 1.10195303e+00 -7.62946129e-01
    1.77895308e-01 -2.25354016e-01 -5.28194129e-01 -3.96302283e-01
    1.15289783e+00 5.07679403e-01 -7.41269588e-02 1.67326713e+00
    -6.31150007e-01 1.40459979e+00 6.12793565e-01 -5.91452777e-01
    -3.23521495e-02 1.54807162e+00 5.87547243e-01 -5.42926788e-03
    1.24291015e+00 1.99784696e-01 -2.41942853e-01 -6.26121759e-01
    1.66285992e-01 3.35943282e-01 -2.35127568e-01 1.06683528e+00
    -5.46505809e-01 1.23521209e-01 1.36690211e+00 1.66708755e+00
    -1.18184566e-01 1.09095621e+00 1.56883407e+00 -7.12947011e-01
    6.60519063e-01 6.71511173e-01 7.43142426e-01 6.95436418e-01
    5.96970916e-01 9.75570083e-01 -5.12989640e-01 -6.38323843e-01
    -4.92865235e-01 1.00887609e+00 -3.75690341e-01 -6.66697860e-01
    -5.55331528e-01 7.87689865e-01 7.99845576e-01 2.70253003e-01
    2.54755855e-01 5.42652607e-02 6.45046830e-01 7.12611198e-01
    1.08408654e+00 -5.62519848e-01 1.17908132e+00 3.00585985e-01
    3.16803753e-01 -4.42470104e-01 4.63383615e-01 4.06188965e-01
    1.08000851e+00 1.27119994e+00 9.16375279e-01 1.35816145e+00
    7.31619060e-01 7.43942916e-01 -5.48587799e-01 3.39870334e-01
    -1.10978186e-01 3.44624281e-01 1.58564448e+00 -6.39746189e-02
    1.73110795e+00 8.10340762e-01 1.00929880e+00 6.58099294e-01
    -7.52636194e-01 3.76877666e-01 1.55856371e+00 5.73193967e-01
    -7.99368024e-02 1.02217698e+00 9.31651831e-01 -6.21555030e-01
    1.25767684e+00 -6.15111589e-02 1.53858018e+00 1.76197076e+00
    -3.05548906e-02 2.82491863e-01 -4.68451321e-01 7.44429052e-01
    1.50263035e+00 7.25348592e-02 1.32772338e+00 1.06318867e+00
    -8.00587296e-01 6.29595399e-01 1.28432167e+00 -3.52064371e-02
    1.68398964e+00 9.91327405e-01 -6.59554541e-01 9.47299540e-01
    2.59768128e-01 8.54658484e-02 -9.32723880e-02 1.15679991e+00
    1.65023541e+00 -1.41834438e-01 1.01502931e+00 -2.62763917e-01
    1.41470134e-01 1.81687975e+00 6.09582901e-01 -1.20150685e-01
    -6.86802268e-01 -5.01694918e-01 1.52238548e+00 9.79119956e-01
    5.39731979e-03 -6.97415650e-01 6.60242498e-01 5.41488290e-01
    -3.86700481e-01 1.27663589e+00 -7.33738184e-01 7.07857132e-01
    1.20896065e+00 1.18939734e+00 -3.92897993e-01 1.57931054e+00
    8.90056014e-01 9.04416263e-01 1.57323480e+00 -5.28287888e-01
    -3.09835970e-01 1.62615907e+00 -1.37838125e-01 -7.02364326e-01
    1.01706147e-01 7.56237030e-01 1.31048107e+00 -2.04654157e-01
    1.37107205e+00 1.59013772e+00 5.39130688e-01 1.48885489e-01
    -2.85540819e-01 -6.32766783e-01 -8.67495537e-02 2.69352436e-01
    1.62242842e+00 2.03831434e-01 7.98843861e-01 -4.74509865e-01
    -5.96961856e-01 1.19001245e+00 -6.03423774e-01 1.26576960e-01
    1.77845657e+00 -4.06629473e-01 1.79304838e+00 2.96900988e-01
    1.42129874e+00 3.98304582e-01 6.62456632e-01 7.88684785e-01
    -2.18630135e-01 1.71871662e+00 3.48487675e-01 -1.11577332e-01
    1.56694102e+00 1.65739751e+00 7.56110370e-01 -9.29394364e-02
    1.69733489e+00 -1.12907171e-01 1.87356699e+00 1.80383742e-01
    -6.98172092e-01 1.17250919e+00 1.38848972e+00 6.93063736e-01
    8.73782039e-02 1.13627446e+00 1.42944658e+00 1.47902262e+00
    -3.86728317e-01 4.01372731e-01 2.73509383e-01 1.08533907e+00
    1.33483636e+00 1.67565489e+00 -6.02346718e-01 -1.15161836e-01
    4.80242610e-01 4.50409770e-01 9.28136945e-01 1.58912003e+00
    -7.93586493e-01 9.05029655e-01 7.86235452e-01 1.25700033e+00
    1.49372458e+00 8.40613484e-01 1.57387757e+00 3.04398000e-01
    1.51359451e+00 1.44525802e+00 4.17113841e-01 -1.14012718e-01
    5.27688980e-01 3.40390980e-01 8.05650949e-02 -3.96761149e-01
    1.26940548e-01 -1.54327989e-01 -1.61217928e-01 1.55080819e+00
    1.07444346e+00 -1.81376517e-01 1.34644270e+00 7.28989661e-01
    7.27503598e-01 1.43718529e+00 -7.38956630e-01 3.82166088e-01
    1.23646331e+00 -7.60772347e-01 1.60938215e+00 8.71028304e-01
    1.58740902e+00 1.28236890e-01 5.63405812e-01 2.15987325e-01
    1.58715880e+00 -1.71434462e-01 7.35858679e-01 1.08535314e+00
    -3.32710147e-02 -8.01304400e-01 4.25584197e-01 1.23933172e+00
    8.68407905e-01 9.78987455e-01 4.30848122e-01 1.44944406e+00
    1.47958279e-01 4.64472055e-01 1.61958933e+00 8.00412238e-01
    5.06994605e-01 -6.18054152e-01 9.69421387e-01 1.66526914e+00
    1.68402946e+00 9.87217367e-01 6.08907223e-01 1.19594121e+00
    9.20264304e-01 3.05367231e-01 4.96927798e-01 -5.81013680e-01
    -5.46035171e-01 1.70971870e+00 1.62399662e+00 1.32054400e+00
    7.89245367e-02 1.35329998e+00 1.19509697e-02 3.32162142e-01
    1.68910921e-01 1.59829283e+00 -5.24025857e-01 1.25001156e+00
    1.72700632e+00 1.21755958e-01 -8.24808478e-02 1.10233068e+00
    1.06163692e+00 1.23171222e+00 1.22934437e+00 -1.24143898e-01
    4.80772853e-02 6.11518204e-01 -7.14859128e-01 8.66299152e-01
    3.85596275e-01 -3.87801260e-01 2.32538342e-01 2.13973284e-01
    8.58598948e-03 1.05759299e+00 1.43014491e+00 1.45186400e+00
    -1.83251023e-01 -2.38057971e-01 1.63406122e+00 -4.78857309e-01
    9.11534429e-02 3.37657690e-01 1.53997684e+00 -8.35955739e-02
    1.64228356e+00 7.00250864e-01 7.56631911e-01 1.37779593e-01
    1.41397917e+00 2.79016435e-01 1.43717575e+00 1.32758784e+00
    1.19131839e+00 -4.49879766e-02 -4.56284672e-01 9.71568227e-02
    4.75252151e-01 -1.47022605e-01 9.01557446e-01 6.45035684e-01
    4.32606876e-01 -6.01208329e-01 8.24259579e-01 -5.32700121e-01
    7.96563208e-01 -7.71223724e-01 1.27161384e+00 6.16235435e-01
    6.43881500e-01 -6.75828159e-01 1.04321897e-01 -7.73006916e-01
    1.46570671e+00 6.72367811e-02 1.12864137e-01 1.02429307e+00
    -5.82272768e-01 -2.42408693e-01 1.13717556e+00 -3.94602925e-01
    -1.81725502e-01 1.71137023e+00 -4.46694285e-01 4.50182557e-02
    3.78437340e-01 -8.84044170e-03 1.77165580e+00 -4.80937064e-01
    -3.67117345e-01 4.65734601e-02 -3.62850606e-01 -2.02135444e-01
    1.04172516e+00 1.16082335e+00 4.27871823e-01 1.65026617e+00
    1.54430866e-01 -3.66493344e-01 3.43913436e-01 -3.56192023e-01
    2.32150912e-01 6.88575387e-01 -5.23446321e-01 2.59061754e-01
    -5.69849074e-01 2.84328699e-01 1.37444735e+00 1.39873123e+00
    -3.24837595e-01 -1.95857942e-01 8.67236137e-01 6.52803063e-01
    1.28112411e+00 -1.76048517e-01 1.66410005e+00 2.99900949e-01
    5.93796551e-01 3.47282648e-01 8.17005754e-01 -5.53021312e-01
    6.80890918e-01 -2.88838178e-01 5.81869900e-01 -2.88334280e-01
    -9.55446959e-02 1.34994280e+00 9.48929310e-01 7.66805410e-01
    -8.02719951e-01 -6.29655242e-01 2.41348684e-01 4.06677723e-01
    -2.11144686e-02 2.30661452e-01 1.24384284e-01 1.47437334e+00
    -5.12991428e-01 -1.20712399e-01 1.35777557e+00 3.67190838e-01
    -5.00005484e-03 1.30052447e+00 1.77502167e+00 -2.39068329e-01
    1.14480972e-01 -4.15252358e-01 3.16120267e-01 3.66790295e-01
    2.99732387e-01 -4.47933018e-01 -4.74762559e-01 5.37633896e-02
    1.46356452e+00 2.44045138e-01 1.76689148e+00 -5.51786602e-01
    1.15402091e+00 -6.99713767e-01 6.81032240e-01 1.81718051e+00
    -3.63148838e-01 -6.31935000e-02 1.44221330e+00 4.64056134e-01
    7.42037058e-01 1.40398872e+00 1.43010235e+00 6.60463631e-01
    -3.50206226e-01 6.25106931e-01 2.81267166e-02 3.54237139e-01
    -1.74705148e-01 4.67373073e-01 4.21612084e-01 9.65342462e-01
    7.80919790e-02 8.96396816e-01 8.75612497e-02 1.04484749e+00
    9.71200407e-01 1.17875266e+00 1.47907722e+00 1.46362674e+00
    9.62365150e-01 1.24968100e+00 5.87034225e-01 3.61733913e-01
    1.43597972e+00 -6.58750057e-01 3.50425363e-01 1.38368130e-01
    1.33374667e+00 1.39134431e+00 1.41086638e-01 -8.08053076e-01
    -6.71905577e-01 6.92557633e-01 3.41264009e-01 5.82661092e-01
    -4.02587056e-01 -2.35282898e-01 7.57494271e-01 -4.39429700e-01
    1.91383243e-01 1.25216460e+00 1.40130365e+00 3.45554590e-01
    -5.05751908e-01 5.66282809e-01 4.12164569e-01 6.39534712e-01
    1.31786919e+00 -3.79475027e-01 -1.22346878e-02 -2.53591657e-01
    -7.02602804e-01 4.94684815e-01 -1.63784027e-01 -1.37699246e-02
    -7.59389579e-01 1.36357617e+00 -2.17670202e-03 1.04286003e+00
    9.36012208e-01 -7.67347813e-02 -4.10734713e-01 4.37580228e-01
    8.31297159e-01 1.38558555e+00 -5.95682263e-02 1.21381462e+00
    1.06456554e+00 3.51257145e-01 1.61392438e+00 1.78381801e-01
    -3.07278126e-01 1.55159569e+00 -5.86793542e-01 -1.19987130e-01
    9.97807860e-01 1.71231413e+00 -3.09190333e-01 1.02855301e+00
    4.58015144e-01 1.51204002e+00 3.95291150e-01 5.66459775e-01
    1.16162550e+00 6.30723298e-01 9.59314287e-01 -2.33513832e-01
    6.88065767e-01 1.54732847e+00 2.01052189e-01 1.18343925e+00
    -2.84734279e-01 1.25231051e+00 5.49841881e-01 -3.01013708e-01
    4.78091180e-01 -1.43299162e-01 -2.86852241e-01 8.79108906e-01
    1.46621525e-01 1.15146589e+00 1.66735101e+00 1.66880846e+00
    1.04283810e+00 7.94798315e-01 1.28786588e+00 1.29316342e+00
    1.41317093e+00 1.19122696e+00 3.45824718e-01 -7.35867262e-01
    5.49421310e-02 1.35250378e+00 -3.03014517e-02 8.95440698e-01
    -8.20131004e-01 3.27487826e-01 1.03199184e+00 1.63186169e+00
    2.82291949e-01 4.43320870e-01 -1.49315834e-01 9.22298312e-01
    2.38680899e-01 1.15508735e+00 -7.59694874e-01 3.42317820e-02
    1.60445714e+00 1.01010919e+00 -4.36335713e-01 4.75908935e-01
    1.66176212e+00 -4.02030349e-02 2.80760884e-01 1.67109632e+00
    3.97397995e-01 3.75058055e-02 1.52919292e+00 9.32871699e-01
    6.86041415e-01 -8.13781738e-01 1.48120189e+00 -5.90380430e-01
    1.40112519e-01 2.46714830e-01 1.06947458e+00 3.92297864e-01
    1.13039327e+00 9.23493147e-01 1.21344543e+00 1.13748968e+00
    1.27841759e+00 1.06034851e+00 1.22840500e+00 1.18963420e+00
    -2.66752183e-01 -1.32864714e-01 1.51975894e+00 3.11909795e-01
    1.04955792e+00 4.35933769e-01 5.97352624e-01 1.23087049e+00
    -6.44285083e-01 -7.76691437e-01 -3.21151137e-01 -4.95676994e-02
    7.44628370e-01 1.66362238e+00 5.02634168e-01 1.23369944e+00
    1.34507132e+00 1.41785574e+00 4.77886200e-02 -7.40879774e-02
    1.43231654e+00 3.68710816e-01 1.42081976e-01 3.58052790e-01
    9.48715508e-01 1.26002216e+00 -2.52668738e-01 1.27999949e+00
    9.87030506e-01 -7.67413974e-01 8.18019509e-01 5.43157160e-01
    -2.78483421e-01 -3.81678551e-01 -7.81491995e-02 1.83457017e-01
    1.64645028e+00 6.65501297e-01 4.15445387e-01 1.16161299e+00
    1.48206580e+00 8.39439809e-01 5.95571399e-01 -1.36074007e-01
    1.17030764e+00 -5.23289442e-01 3.19633186e-01 -1.60883665e-02
    5.99922597e-01 -2.65009701e-01 -2.12628245e-02 -2.52625227e-01
    1.37538850e+00 1.68057871e+00 -5.85083365e-01 9.08047020e-01
    -1.13277793e-01 1.54405105e+00 6.13834858e-01 -1.40953481e-01
    1.74650979e+00 -7.39450455e-02 9.10987079e-01 1.14180112e+00
    6.39105916e-01 2.45180130e-02 -3.42224509e-01 -5.11928737e-01
    1.10615325e+00 -1.94543839e-01 1.08494389e+00 1.33704889e+00
    2.49664187e-01 1.25310743e+00 7.52333045e-01 4.28246081e-01
    -4.70386922e-01 -3.72835964e-01 8.61425579e-01 -5.00050068e-01
    9.81822252e-01 4.10407484e-01 7.35620141e-01 8.21271539e-02
    2.70216346e-01 4.94462132e-01 8.24232936e-01 1.01228130e+00
    9.41297591e-01 2.15016007e-02 1.54946113e+00 2.22522080e-01
    -5.83545506e-01 -4.10431147e-01 -6.21222317e-01 1.15286934e+00
    3.11423838e-01 4.39588666e-01 1.30052447e+00 -3.81022751e-01
    1.17834723e+00 3.10640335e-02 5.66654027e-01 5.82411885e-02
    3.46467435e-01 2.80947447e-01 6.60201430e-01 1.17664647e+00
    -2.73119450e-01 1.27489269e+00 7.70539939e-01 1.33885026e-01
    -5.94826102e-01 8.35246086e-01 1.64449215e+00 1.10643744e-01
    1.45319402e+00 3.07079077e-01 2.30626702e-01 1.39435291e+00
    7.65833378e-01 1.56599486e+00 7.80703664e-01 5.06072998e-01
    -4.17447329e-01 1.28947115e+00 2.85141885e-01 4.46039975e-01
    -1.50506854e-01 -6.69067919e-01 -2.39032686e-01 1.64850962e+00
    -4.96068686e-01 6.81891024e-01 1.33730590e+00 8.82577837e-01
    1.16745842e+00 8.31277966e-02 -7.37598956e-01 8.94867420e-01
    -4.66130048e-01 7.35004604e-01 -6.51679814e-01 7.32842684e-02
    1.53393722e+00 4.52284813e-02 1.14914036e+00 1.49842167e+00
    -2.59305924e-01 -6.07815862e-01 6.19121075e-01 1.09573400e+00
    1.30993772e+00 -1.57539606e-01 -1.73450112e-02 4.32970405e-01
    1.55475390e+00 1.32924056e+00 1.37770927e+00 3.96123290e-01
    3.06375444e-01 1.96564794e-02 2.84379125e-02 1.76288819e+00
    -6.80607557e-03 -7.06015944e-01 -7.87614644e-01 6.94692850e-01
    5.91948509e-01 -2.32980430e-01 1.43089938e+00 -2.74705619e-01
    1.18353844e-01 7.42143750e-01 -3.91175151e-02 7.62250245e-01
    3.93414736e-01 -3.54217708e-01 -2.96106040e-01 -5.37193298e-01
    1.97550952e-01 1.41909504e+00 1.52303886e+00 3.17050397e-01
    1.00981581e+00 -8.64563823e-01 1.18921924e+00 8.40309858e-02
    6.39458954e-01 1.23503745e+00 8.46233785e-01 4.92803454e-02
    -1.25228286e-01 1.61867619e-01 5.72447777e-02 -4.58970010e-01
    -3.43695641e-01 8.86982143e-01 1.06828070e+00 6.77683771e-01
    -3.80416572e-01 1.35223699e+00 1.64666569e+00 4.60323095e-02
    8.68053615e-01 2.65702486e-01 -1.23558044e-01 7.86939323e-01
    6.97802722e-01 -2.50149548e-01 1.57060778e+00 -2.74722278e-01
    -3.86438966e-01 1.50426078e+00 1.45683742e+00 1.55898690e-01
    1.62029779e+00 1.58032203e+00 -7.40995824e-01 1.78345740e-01
    4.25185800e-01 1.41080666e+00 8.34116995e-01 4.30463135e-01
    1.21830153e+00 4.35186684e-01 5.71290016e-01 9.84249115e-02
    5.83477080e-01 -3.66988391e-01 1.18358839e+00 -4.59254891e-01
    -1.11374259e-02 1.89607739e-02 1.01507258e+00 -4.57276881e-01
    5.89846790e-01 1.36211371e+00 -3.60767126e-01 8.66913199e-01
    1.09125996e+00 -5.18931568e-01 9.99171495e-01 5.19567668e-01
    1.66950774e+00 1.47757041e+00 4.79636550e-01 1.78153908e+00
    6.62147343e-01 4.48327065e-02 -7.04555571e-01 -1.23824179e-01
    7.46768892e-01 -1.80722415e-01 -1.59926713e-01 8.82659912e-01
    -7.43824244e-02 1.66434526e+00 -7.29914844e-01 3.56171131e-01
    1.43763340e+00 1.40744364e+00 -3.46818298e-01 1.22202587e+00
    7.88822055e-01 1.71088481e+00 1.66617346e+00 -1.15509629e-01
    1.09112573e+00 9.72921252e-01 9.25260425e-01 8.46929312e-01
    3.51981521e-01 -1.32579803e-02 1.28833675e+00 1.50218797e+00
    9.99182701e-01 1.55283093e+00 -1.28482223e-01 1.18265212e-01
    8.26046467e-01 7.71291852e-01 2.04333425e-01 8.67598653e-02
    -8.99779797e-03 1.10855007e+00 8.22939575e-01 1.41875207e-01
    -4.93351221e-01 2.12695599e-02 9.68550026e-01 1.74001718e+00
    -1.12781703e-01 5.73481798e-01 5.00144482e-01 1.60712135e+00
    2.40545452e-01 -2.08231866e-01 2.19264269e-01 5.43835640e-01
    1.53487551e+00 1.36560380e+00 1.04928732e+00 -2.76823044e-02
    -5.14554918e-01 -6.77165985e-01 1.29563737e+00 -2.51839757e-02
    3.19741428e-01 1.35366535e+00 7.72200227e-01 1.72282779e+00
    -6.17730916e-01 2.54805088e-02 -3.12675446e-01 1.06356704e+00
    -2.39549935e-01 6.69509172e-03 1.45625973e+00 -7.62324631e-01
    1.18485236e+00 1.34850764e+00 1.75827026e+00 1.08853197e+00
    -1.53980970e-01 -1.70325160e-01 1.73568034e+00 5.08365631e-01
    1.09739864e+00 3.80935490e-01 2.10680842e-01 -1.31051958e-01
    5.65823674e-01 9.97129083e-01 -5.60560822e-01 9.23140824e-01
    8.46653819e-01 1.40072155e+00 1.85291064e+00 -5.31552911e-01
    1.39662457e+00 1.28400421e+00 1.02851152e-01 9.11526680e-01
    1.11021161e+00 1.27298415e-01 7.79263139e-01 1.75074565e+00
    3.98649395e-01 2.73530662e-01 1.84509182e+00 1.05704451e+00
    -2.30137110e-02 1.46875083e-01 -7.24639654e-01 2.96847522e-01
    -6.37841702e-01 1.32404900e+00 1.54345775e+00 -1.23260260e-01
    3.33722353e-01 -3.56209874e-01 -4.14973974e-01 2.08440781e-01
    4.78538275e-01 8.60104740e-01 -4.65691686e-01 5.04896402e-01
    1.70502925e+00 5.45569599e-01 1.54697871e+00 1.44231248e+00
    -8.64117146e-02 1.11294389e+00 -2.22750902e-02 8.88484240e-01
    4.97107387e-01 5.54621220e-03 -3.61976117e-01 4.30377543e-01
    1.22714674e+00 -3.45656544e-01 1.59922671e+00 6.42678380e-01
    6.57907665e-01 -3.93076897e-01 6.34752989e-01 1.24986827e+00
    1.35322058e+00 5.09647429e-01 -5.63649297e-01 1.13739252e+00
    -7.30339885e-02 -5.19001961e-01 3.21847618e-01 1.32716203e+00
    1.15857339e+00 4.95644808e-01 7.81943560e-01 2.90280282e-01
    -7.85951614e-02 1.53609419e+00 5.72740614e-01 -6.98800266e-01
    1.27358341e+00 1.73162878e-01 1.80509698e+00 1.26853645e+00
    6.64799035e-01 1.56390500e+00 7.94670939e-01 9.30099130e-01
    4.67277467e-01 5.87448001e-01 7.26391673e-02 -1.03421390e-01
    6.24936819e-02 4.10035014e-01 -7.24868774e-02 9.50117707e-01
    6.60655320e-01 -5.37546396e-01 -7.79070258e-02 1.32755721e+00
    6.56301498e-01 4.57897782e-01 -2.16641009e-01 1.60249162e+00
    7.18711615e-01 2.85608172e-02 8.57639849e-01 -6.03792310e-01
    3.44740510e-01 5.70733190e-01 1.60650921e+00 -1.33810639e-02
    1.19228792e+00 1.06186795e+00 4.43343520e-02 1.77706003e-01
    2.85138905e-01 1.36664307e+00 2.58654475e-01 -1.01856768e-01
    6.33833528e-01 -6.50566995e-01 6.73924327e-01 1.77565384e+00
    -1.50626898e-02 -3.35320562e-01 7.12787509e-01 -2.73126751e-01
    2.64442742e-01 1.58389556e+00 1.57208240e+00 1.58520424e+00
    -6.87371910e-01 3.55938792e-01 -4.70180660e-01 7.00479329e-01
    -1.43615365e-01 -5.06475568e-01 6.79648578e-01 -3.94976467e-01
    6.14980221e-01 -1.65107191e-01 1.53592288e+00 9.84102070e-01
    1.10567665e+00 -6.89553857e-01 -5.31234741e-02 8.21088076e-01
    4.40051556e-02 9.79414821e-01 -5.63822389e-02 -4.69373494e-01
    1.43897235e-01 -5.40064692e-01 8.88374925e-01 -2.30429143e-01
    4.58900809e-01 -6.08942330e-01 -5.52459717e-01 4.80353355e-01
    1.39776349e+00 -1.20880723e-01 1.70122325e+00 7.78022885e-01
    8.24274957e-01 1.76685119e+00 6.98166490e-01 -3.97576809e-01
    4.86212850e-01 1.60844445e+00 -3.23062062e-01 7.47442245e-02
    1.30251050e+00 8.58575881e-01 -5.62657118e-01 9.12122011e-01
    9.76602077e-01 1.50064230e-02 -1.09527647e-01 -4.81440902e-01
    -1.28144026e-03 9.16132092e-01 8.81918907e-01 -1.26245856e-01
    6.21881127e-01 -3.19635570e-01 1.01974344e+00 -6.96281672e-01
    1.70246220e+00 1.52825212e+00 -4.22415823e-01 1.17125010e+00
    -7.06980288e-01 1.05679333e-01 -4.47889000e-01 9.89482939e-01
    1.64904261e+00 -2.28005409e-01 4.80258107e-01 9.83719349e-01
    1.66002989e+00 1.98264480e-01 -2.82603264e-01 8.84891450e-01
    -3.88120264e-01 1.38919175e+00 -5.28170228e-01 1.16747403e+00
    -6.02624953e-01 1.61192048e+00 -6.02072477e-03 3.54173958e-01
    -1.92944407e-02 -8.74810815e-02 1.21352673e-01 1.68507004e+00
    1.40682650e+00 1.17290545e+00 4.56750095e-01 1.62945032e+00
    2.48163223e-01 2.43405223e-01 1.76543093e+00 8.11945498e-01
    8.37686777e-01 1.03855455e+00 1.64399576e+00 -5.33127010e-01
    1.51388049e+00 1.27059495e+00 -4.20294285e-01 4.41960514e-01
    -4.00237113e-01 -7.74952769e-02 9.77162838e-01 6.25243783e-01
    2.53814459e-01 -2.58877575e-01 1.66337717e+00 1.58762717e+00
    -3.29993129e-01 3.62346351e-01 3.56585503e-01 1.24072325e+00
    3.14412475e-01 4.54911709e-01 7.99450278e-01 -5.24856925e-01
    1.67549253e+00 -4.47611153e-01 9.52974737e-01 5.65582991e-01
    -2.31099427e-01 1.27884090e+00 -5.46261311e-01 4.94666815e-01
    -3.01926732e-02 -4.03792679e-01 -6.10749543e-01 8.93229663e-01
    1.65569532e+00 3.14689040e-01 8.08668017e-01 1.21495426e+00
    1.28287590e+00 2.16578007e-01 -7.88511634e-02 3.95493925e-01
    7.95375049e-01 -4.19781297e-01 -2.65418857e-01 -1.20536566e-01
    1.76502156e+00 2.59318233e-01 4.72019732e-01 -4.20343101e-01
    1.74642158e+00 2.30558634e-01 1.35801756e+00 8.57034445e-01
    -5.70644140e-01 -1.38708949e-01 -5.21854341e-01 -3.46221685e-01
    -3.48445773e-02 -1.85102284e-01 1.51524246e+00 -5.32041967e-01
    7.38448143e-01 4.88594234e-01 5.48681498e-01 3.91520917e-01
    9.34529662e-01 9.12935495e-01 2.10587323e-01 1.58974826e-01
    -2.45228142e-01 3.87476087e-02 -9.38370228e-02 -1.09989464e-01
    1.50365269e+00 -1.46367311e-01 -5.35781980e-01 8.83204937e-01
    1.41991425e+00 7.11379230e-01 2.87634373e-01 4.54369307e-01
    -1.54763699e-01 -5.71340024e-01 1.06112742e+00 3.79093528e-01
    -1.28667414e-01 -4.99815583e-01 1.46501589e+00 -4.18894321e-01
    5.70499361e-01 1.15314603e-01 1.39943171e+00 -7.78740644e-02
    6.01995826e-01 9.15923715e-01 -6.14441156e-01 -1.60166025e-02
    1.54018211e+00 1.45622873e+00 9.61410046e-01 3.73392820e-01
    9.15507674e-02 5.79970658e-01 1.67350197e+00 -5.28643847e-01
    2.45059788e-01 1.27866066e+00 1.06640947e+00 -4.95941550e-01
    2.03601718e-02 -9.35395956e-02 8.91730011e-01 -5.36739111e-01
    -6.46643341e-01 3.71962547e-01 -4.51849550e-01 8.37333143e-01
    5.02278328e-01 1.68344522e+00 7.87335932e-01 1.23542285e+00
    3.15061688e-01 1.27008736e-01 -5.63910067e-01 1.55589628e+00
    6.19449079e-01 -1.00138068e-01 -2.47524619e-01 4.80264664e-01
    9.45240736e-01 5.78113735e-01 -2.29751468e-01 -1.09246671e-01
    7.72091746e-01 1.98608100e-01 1.87313974e-01 7.28806853e-01
    -4.69056070e-01 7.79264927e-01 -7.03347504e-01 3.64482403e-01
    -4.01394218e-01 -5.28283954e-01 2.01401293e-01 1.40277517e+00
    -2.45468199e-01 1.30068445e+00 1.27250600e+00 1.27704179e+00
    1.24832571e-01 8.45972359e-01 -6.63686275e-01 1.38773346e+00
    3.29250991e-01 9.62751746e-01 3.49835157e-01 9.12020564e-01
    9.28368926e-01 8.46390724e-02 2.73148060e-01 1.12932515e+00
    1.30925119e+00 8.06351125e-01 -1.70153975e-02 6.08643711e-01
    8.91247571e-01 1.60848618e+00 -6.40545607e-01 1.65194654e+00
    1.52820790e+00 1.37203979e+00 -8.27381074e-01 9.91918564e-01
    3.05850625e-01 1.05849135e+00 1.57094455e+00 1.01763034e+00
    1.64745533e+00 1.09079421e+00 1.05962574e-01 6.00966930e-01
    1.19685245e+00 5.91813922e-01 -6.35833502e-01 -2.55287766e-01
    6.35858953e-01 9.70919669e-01 -6.42085016e-01 7.80811369e-01
    7.65264034e-03 4.32367086e-01 1.17561150e+00 5.99914432e-01
    -4.24543738e-01 1.19574094e+00 1.80349123e+00 1.20216990e+00
    -3.24468493e-01 1.62139177e-01 1.66975176e+00 7.35928774e-01
    6.34248495e-01 1.37257755e-01 1.29384840e+00 4.63480294e-01
    8.72448146e-01 1.77169538e+00 -2.75269747e-01 -6.69323683e-01
    1.05951762e+00 1.36539280e-01 -6.25913858e-01 4.12861466e-01
    9.82810020e-01 1.51955009e+00 1.05171585e+00 -4.34019625e-01
    9.86624181e-01 -1.79431260e-01 1.19092572e+00 1.82993948e+00
    -6.57274604e-01 -6.95632219e-01 4.65397179e-01 -5.84114492e-01
    -1.36931419e-01 -2.74335146e-02 1.72920310e+00 3.94515336e-01
    1.27453065e+00 1.72506988e-01 -5.96333623e-01 1.73157501e+00
    1.04655981e+00 -1.70477927e-01 3.22126746e-01 6.88959122e-01
    1.43940020e+00 7.13911653e-01 8.77406299e-01 1.33706021e+00
    -7.39067733e-01 1.47476149e+00 -2.55023003e-01 -1.90777779e-01
    6.56724632e-01 7.43060827e-01 -6.80191636e-01 1.09139681e+00
    -5.67139506e-01 3.88178051e-01 -6.04301512e-01 6.22402430e-01
    9.19919014e-01 9.29128289e-01 -3.92571092e-01 -5.24149776e-01
    1.04302692e+00 -2.73486137e-01 5.58708191e-01 1.57810748e-01
    -4.11668777e-01 1.10227084e+00 1.11148596e+00 5.45958519e-01
    -1.16752923e-01 5.95498800e-01 1.04868972e+00 9.65859234e-01
    1.72675467e+00 -7.54019320e-01 9.30921316e-01 -8.34094286e-02
    -2.60907412e-01 1.38878047e-01 2.63788760e-01 1.75419879e+00
    -3.99072528e-01 -6.41507983e-01 5.41678429e-01 1.44104922e+00
    1.40529788e+00 1.71062005e+00 4.55486715e-01 1.27259159e+00
    9.99295115e-01 -7.65299201e-02 1.88130140e-01 1.54146850e-01
    1.66125393e+00 -7.61586785e-01 1.01862574e+00 2.78962076e-01
    1.53505015e+00 -8.97107124e-02 8.00592303e-02 4.98559713e-01
    -1.01412237e-01 -5.60275018e-01 1.59808517e-01 7.70486534e-01
    5.10891259e-01 1.68533206e-01 2.23411500e-01 1.59646010e+00
    1.27180409e+00 -9.74858999e-02 1.20265853e+00 1.04233646e+00
    3.87931228e-01 9.19677436e-01 3.60059023e-01 -1.41529858e-01
    -4.17008728e-01 1.00310206e+00 7.04501987e-01 9.07506168e-01
    1.51052666e+00 -1.60446525e-01 1.22172725e+00 3.93411398e-01
    1.58177328e+00 1.91082180e-01 1.59939873e+00 1.22644496e+00
    8.74610305e-01 9.51150358e-01 1.77284718e-01 6.17864430e-01
    1.29002690e-01 7.86509514e-02 9.99257743e-01 -3.98895085e-01
    -6.44804955e-01 4.79204774e-01 -3.56154501e-01 1.70606530e+00
    -7.93800294e-01 -5.11683702e-01 2.60268331e-01 -2.81141907e-01
    1.85443163e-01 -4.60417241e-01 2.11130321e-01 3.75094056e-01
    1.80767059e+00 -1.48947775e-01 1.25889575e+00 7.36297965e-02
    9.15504694e-01 7.06922114e-01 4.04439151e-01 9.87566411e-01
    -6.74171090e-01 7.01740623e-01 2.81123340e-01 5.60171962e-01
    3.84526551e-01 1.18316710e-01 -2.67012835e-01 7.97071695e-01
    7.07711577e-02 -2.60148823e-01 1.71310008e-01 -7.42046595e-01
    1.34665465e+00 1.29918861e+00 1.49908924e+00 6.50827646e-01
    5.04664838e-01 2.02920198e-01 -1.36923790e-01 1.56669319e-01
    1.59105694e+00 7.40120411e-02 -1.36271596e-01 1.88489914e-01
    6.94340706e-01 1.56778169e+00 7.45561481e-01 1.07841420e+00
    7.11876929e-01 -6.28929496e-01 1.38353550e+00 6.82137430e-01
    8.39973688e-01 1.66925979e+00 7.29327500e-01 -7.00359821e-01
    -1.78621709e-01 1.13245046e+00 1.80986726e+00 8.51045251e-02
    1.64502907e+00 5.40086806e-01 8.96805525e-03 6.79776788e-01
    1.53793383e+00 -5.71602106e-01 1.14078355e+00 -4.63886261e-02
    1.02668309e+00 9.13816154e-01 1.57391787e+00 1.43613768e+00
    -4.76905346e-01 1.22181094e+00 -5.79436541e-01 -7.98934162e-01
    1.48969412e+00 9.85741615e-03 -6.96612298e-01 -7.52195120e-02
    -4.06626731e-01 4.69094038e-01 9.51571703e-01 -9.86511707e-02
    -9.69458818e-02 5.29216528e-01 1.58817053e+00 1.75634086e-01
    1.49561143e+00 7.94297576e-01 1.37933660e+00 1.06691837e-01
    1.55482960e+00 6.79430664e-01 -8.35494399e-01 1.68694723e+00
    1.46164536e+00 1.23163736e+00 1.28646433e+00 -2.38890767e-01
    3.64281535e-01 7.98303843e-01 -2.46074378e-01 -4.71382707e-01
    5.90501845e-01 -5.28152168e-01 6.79635644e-01 -3.60945314e-01
    1.18098617e+00 1.57564461e+00 2.60308981e-02 4.58112955e-01
    2.28996336e-01 -1.89192116e-01 1.75849891e+00 -6.20389104e-01
    2.79121161e-01 -3.25944513e-01 -5.72276413e-01 4.89829659e-01
    1.15302181e+00 -3.20213795e-01 1.62651014e+00 6.37217999e-01
    -7.45643497e-01 -1.36980295e-01 1.40401089e+00 -4.46726710e-01
    2.37116277e-01 1.75412154e+00 3.59989226e-01 -4.01655316e-01
    9.04532194e-01 3.67606640e-01 7.44674385e-01 1.01512504e+00
    1.51176381e+00 -3.50035787e-01 8.68075907e-01 -2.56283820e-01
    1.60895741e+00 -7.66827881e-01 1.23819363e+00 1.70018637e+00
    -5.08659720e-01 -1.41239166e-02 -9.28741693e-03 1.76304984e+00
    1.53942776e+00 8.11873496e-01 7.82644928e-01 3.92072082e-01
    -5.43953180e-02 9.82501447e-01 -3.77844602e-01 -7.27509201e-01
    -6.34666383e-01 1.00006866e+00 1.29471838e+00 -7.62924492e-01
    6.34132028e-02 9.35254097e-01 1.39079571e+00 -5.01534939e-02
    1.06330276e+00 -6.58644319e-01 1.62203443e+00 -6.00565672e-02
    -5.27642965e-01 5.41740537e-01 2.11645424e-01 9.50256586e-02
    3.41497838e-01 1.18602490e+00 -5.35614371e-01 1.13269663e+00
    1.03831816e+00 2.73553550e-01 -5.93381643e-01 -5.25575817e-01
    7.43425429e-01 9.90781188e-01 1.56767893e+00 1.09052205e+00
    2.89013386e-01 1.20449889e+00 7.38902688e-01 1.61274409e+00
    1.17642975e+00 -3.41834009e-01 1.38578188e+00 1.55784643e+00
    3.88981462e-01 1.82694674e-01 6.66392446e-02 1.55715096e+00
    1.50437021e+00 -1.17123067e-01 1.51348066e+00 1.56278944e+00
    1.71028042e+00 -3.34978908e-01 -3.52371037e-01 1.42873371e+00
    6.16380334e-01 -7.69351602e-01 4.72549915e-01 1.47595012e+00
    1.29505968e+00 1.55312181e-01 -4.85580027e-01 -3.97685200e-01
    -4.30881172e-01 -3.95131707e-01 2.59824932e-01 -2.58792698e-01
    5.60929060e-01 4.32808220e-01 1.11525047e+00 2.45952606e-02
    5.80471754e-01 -1.40028954e-01 1.47093308e+00 3.96163642e-01
    -4.80970263e-01 -4.99688387e-02 -2.00289905e-01 -4.81329322e-01
    -2.23291218e-01 7.73479939e-02 9.63574529e-01 1.07790709e-01
    2.10258067e-01 -5.35793483e-01 1.95289433e-01 3.77353132e-01
    1.22958493e+00 1.62862277e+00 1.14546919e+00 1.59517181e+00
    4.78485942e-01 -3.14222872e-01 7.11302578e-01 -5.09595454e-01
    -5.55142760e-01 3.60509634e-01 -1.13562226e-01 6.17645323e-01
    9.15427744e-01 1.05790377e+00 -2.36758888e-01 7.64548302e-01
    -2.03598976e-01 1.23194027e+00 7.34854221e-01 1.11079633e+00
    1.65831959e+00 2.00716376e-01 1.63575268e+00 1.66888535e-01
    3.47300529e-01 1.23929024e+00 1.40770161e+00 1.74298024e+00
    6.18860781e-01 -4.95996594e-01 4.62968111e-01 3.62024903e-02
    -3.61558497e-01 -5.77556610e-01 1.33737004e+00 1.43271077e+00
    3.68161142e-01 7.50476122e-01 -4.98203725e-01 3.42495918e-01
    1.12258351e+00 4.60663438e-02 6.71660960e-01 -6.93954945e-01
    9.57872093e-01 6.25352859e-02 -5.64736724e-02 1.70201206e+00
    9.90152717e-01 1.34311211e+00 5.95819056e-01 3.99030447e-02
    -2.73909688e-01 6.27930045e-01 7.70282567e-01 1.76893282e+00
    -1.44615948e-01 -1.13033533e-01 8.84925246e-01 8.43015015e-01
    -3.89628381e-01 6.80444300e-01 -4.91103023e-01 -1.53500617e-01
    4.47441816e-01 1.00721717e+00 1.64580166e+00 6.36047900e-01
    6.29836798e-01 -8.37799907e-02 7.40625262e-01 -1.67603910e-01
    9.45417523e-01 1.87563837e-01 -5.47243237e-01 3.92939568e-01
    1.69294119e+00 -3.74600708e-01 1.68005240e+00 -5.83645344e-01
    1.28615952e+00 -1.18544579e-01 9.54520166e-01 1.88264906e-01
    5.34882128e-01 1.53575480e+00 -2.49330997e-02 -2.46320784e-01
    1.14991009e-01 1.02699804e+00 -4.75124836e-01 -6.67360663e-01
    4.03144062e-01 -5.25899529e-02 1.54067588e+00 3.70182991e-02
    1.49633765e+00 1.10848904e+00 1.73876894e+00 2.52705455e-01
    8.78997326e-01 9.10596848e-02 1.69421935e+00 1.28511655e+00
    -3.66767406e-01 1.57022572e+00 2.88184226e-01 -4.32438552e-01
    1.00427055e+00 9.20982122e-01 -6.96597695e-01 2.95907199e-01
    7.48086095e-01 1.00228775e+00 1.44649744e+00 -5.17802119e-01
    6.25211895e-01 -5.27615309e-01 1.44808233e+00 1.69299603e-01
    3.93211961e-01 5.86294532e-02 8.53201747e-02 4.04464483e-01
    9.04038787e-01 9.93455112e-01 6.85367227e-01 1.91775858e-01
    9.91638899e-02 8.71426821e-01 1.15601110e+00 -7.54790306e-02
    1.51550448e+00 2.93872237e-01 4.92692411e-01 3.56098235e-01
    7.14913011e-01 -8.26400518e-03 -2.72800326e-02 -4.68247145e-01
    8.15247059e-01 3.49215865e-01 1.25818336e+00 1.07475019e+00
    1.53860927e-01 5.12618184e-01 -4.49684650e-01 -5.61738789e-01
    1.72719538e+00 -8.84528160e-02 -4.30776834e-01 1.40949094e+00
    1.67007148e-01 4.16507602e-01 7.54861355e-01 3.19616199e-01
    1.01310599e+00 6.65487289e-01 1.42873275e+00 -3.75998229e-01
    -6.45208180e-01 1.14722037e+00 -6.02577746e-01 -2.53562450e-01
    3.07442307e-01 1.28388143e+00 1.12304521e+00 -2.94034064e-01
    1.09766209e+00 -3.06277514e-01 9.80712175e-02 1.81823373e-02
    1.39332116e+00 -6.56811953e-01 1.61950779e+00 -1.55803680e-01
    9.94592071e-01 4.77579296e-01 -5.15074492e-01 -4.17619616e-01
    5.14125884e-01 -4.59428489e-01 -3.88875008e-02 1.69842315e+00
    -2.29072213e-01 1.49418533e+00 2.44430065e-01 1.72358263e+00
    1.15450525e+00 1.57870710e+00 1.51482272e+00 9.84133720e-01
    -4.56193686e-02 1.30693948e+00 -6.24864101e-01 1.62789583e+00
    9.30242836e-01 9.10488904e-01 2.16465890e-01 -1.35881603e-01
    4.30134535e-01 1.25718772e-01 1.31458819e-01 3.27292979e-01
    -3.83634090e-01 7.78424382e-01 5.77583313e-02 1.47503483e+00
    8.95630479e-01 -2.91820467e-01 9.84894633e-02 3.30279350e-01
    1.41160440e+00 -3.49077433e-01 -2.05279112e-01 4.66667533e-01
    8.46081614e-01 9.76538777e-01 1.45523381e+00 1.54089952e+00
    -3.27562928e-01 -5.88196278e-01 1.60256147e-01 2.55759180e-01
    8.91602159e-01 7.01977313e-01 3.13330293e-01 8.97234380e-01
    -7.20421374e-01 4.19981956e-01 1.18498504e-01 5.46919405e-01
    -6.75073087e-01 1.23238635e+00 1.41501927e+00 -6.93381786e-01
    1.55060184e+00 -5.97473145e-01 1.04274440e+00 1.72421515e+00
    -2.46048331e-01 1.13303864e+00 2.10412502e-01 1.16717005e+00
    -7.64978528e-01 5.93205690e-01 1.18989086e+00 1.67745972e+00
    8.16611707e-01 -1.37469351e-01 -6.15061224e-01 -3.05407584e-01
    1.47723258e+00 -5.79879940e-01 1.57736504e+00 3.23735952e-01
    -4.66690511e-01 9.14800167e-02 5.26084781e-01 8.41938496e-01
    1.54146993e+00 1.35354650e+00 9.94451821e-01 4.00196552e-01
    -3.01272929e-01 -3.96474659e-01 5.71320057e-02 1.27235985e+00
    5.33826590e-01 4.56779718e-01 -3.14163744e-01 -6.19458318e-01
    -9.26637650e-03 1.78802431e-01 -4.32771921e-01 -1.12156928e-01
    -4.53298211e-01 6.59499943e-01 1.16078353e+00 7.67937839e-01
    6.79187775e-01 3.51339936e-01 4.34963465e-01 1.37261021e+00
    -7.76259303e-02 -6.25473261e-01 -2.92656869e-01 -6.12141311e-01
    2.27253616e-01 1.01248431e+00 -3.48899126e-01 1.82013726e+00
    1.78573561e+00 1.04113293e+00 -8.93489122e-02 8.22844386e-01
    -3.78337115e-01 3.98916781e-01 6.84764802e-01 1.34176660e+00
    -3.80131960e-01 1.41562641e-01 7.78835773e-01 2.40393221e-01
    3.85907114e-01 1.13621843e+00 5.00399232e-01 7.36322641e-01
    1.46219611e+00 4.43643928e-02 -5.91570020e-01 1.26493990e-01
    1.64556515e+00 -1.32181346e-01 -4.37132239e-01 7.16220021e-01
    6.84111238e-01 6.43439889e-01 2.42553294e-01 5.42385936e-01
    8.79655600e-01 9.13933218e-01 -4.44014072e-01 4.38337684e-01
    1.40613222e+00 1.20330036e+00 -6.31098330e-01 1.46491933e+00
    8.28411281e-01 -4.57146168e-02 -2.37978935e-01 -6.52699471e-01
    2.79453456e-01 1.13007462e+00 -3.81108850e-01 8.77044916e-01
    6.05796874e-01 1.42793238e+00 1.57003343e+00 2.37902224e-01
    -6.33814096e-01 -6.96054697e-02 -3.78428519e-01 1.46243167e+00
    3.59931052e-01 -8.13628256e-01 -6.83265090e-01 4.49349344e-01
    1.47833049e+00 5.28490663e-01 7.71208227e-01 6.72680497e-01
    -1.58511817e-01 1.06542611e+00 9.22690153e-01 7.65541375e-01
    1.12900472e+00 -2.44970977e-01 5.44203460e-01 4.32996511e-01
    1.14176369e+00 1.07465923e+00 1.49624896e+00 1.40338135e+00
    1.75676894e+00 1.09688926e+00 9.59646583e-01 -2.16275394e-01
    -5.53125024e-01 1.62865007e+00 -6.89377725e-01 -3.63282561e-02
    -6.76689744e-02 9.09572184e-01 1.65518427e+00 1.08259439e+00
    -2.95813680e-01 4.94764805e-01 1.00615358e+00 1.19927490e+00
    6.09422803e-01 4.73930359e-01 1.32982945e+00 -3.56513321e-01
    1.29889512e+00 1.13269508e-01 8.19702148e-01 -4.13035214e-01
    1.53128326e+00 5.42548835e-01 1.29912090e+00 1.36991251e+00
    -3.59092236e-01 1.66695309e+00 2.14007974e-01 5.88564038e-01
    1.23597443e+00 -3.94373238e-01 4.02495146e-01 -1.48473024e-01
    1.55207646e+00 1.15073526e+00 4.75573182e-01 1.75333476e+00
    7.61588097e-01 2.02081800e-02 5.42144120e-01 4.33055282e-01
    9.63799179e-01 -7.93984056e-01 6.75153494e-01 -7.69123912e-01
    1.40246344e+00 -5.84588110e-01 6.15289748e-01 1.39734268e+00
    1.08123076e+00 5.74075937e-01 1.02884758e+00 3.40707481e-01
    -1.57014072e-01 -5.96138239e-02 8.52790475e-01 1.05879259e+00
    1.19426799e+00 2.81900346e-01 9.93847668e-01 5.27028620e-01
    3.92587185e-02 -6.88263774e-01 9.97466564e-01 1.25973201e+00
    5.79551995e-01 6.96454704e-01 8.05179954e-01 1.64839923e+00
    -3.60442102e-01 1.22504032e+00 4.53469753e-01 -1.49953425e-01
    -5.56014895e-01 1.42785287e+00 1.32237172e+00 -1.90987170e-01
    -3.50245088e-01 -1.47944689e-01 3.97113919e-01 -7.22420633e-01
    -6.39168322e-01 -2.13637292e-01 1.02622807e-01 7.79981852e-01
    4.41038966e-01 -1.31251097e-01 1.72665358e+00 -4.69898045e-01
    1.73399353e+00 1.29065478e+00 1.46967602e+00 4.01111186e-01
    -6.66605234e-01 1.13844347e+00 7.68967986e-01 -1.13709331e-01
    1.23890030e+00 1.05040848e-01 -7.67505646e-01 9.64886069e-01
    1.10584569e+00 3.23071778e-01 8.73290181e-01 1.20994914e+00
    3.81732821e-01 -6.22412980e-01 4.09685373e-01 -5.42192459e-01
    9.33822215e-01 1.18170643e+00 -3.04390013e-01 1.06043792e+00
    2.55394816e-01 -4.27195251e-01 -6.04371071e-01 3.11661959e-01
    -6.66609466e-01 -1.13411725e-01 6.28344059e-01 8.37912560e-01
    1.76780462e+00 1.82855308e-01 1.29480553e+00 1.02947164e+00
    1.06835473e+00 6.52829051e-01 1.49151957e+00 1.33493686e+00
    -3.04189146e-01 6.67276144e-01 1.70311904e+00 1.10870004e-02
    6.58399820e-01 1.69520247e+00 -5.49618363e-01 1.27950811e+00
    2.68555284e-01 1.23641062e+00 1.05796266e+00 1.43446469e+00
    8.63224983e-01 -2.63168216e-01 1.21446443e+00 -4.02381808e-01
    2.53338873e-01 1.13694203e+00 2.40515351e-01 1.56007338e+00
    -8.15923631e-01 3.93476903e-01 7.05323815e-01 7.99831331e-01
    1.30868661e+00 7.47659147e-01 6.78991675e-02 -3.55455399e-01
    1.42445207e+00 5.24049282e-01 7.41378069e-01 1.61065280e+00
    1.33937597e+00 1.50027943e+00 3.15374732e-01 6.54081106e-01
    5.56877792e-01 -7.64674067e-01 1.63465548e+00 7.96963692e-01
    -6.23872817e-01 -4.17498350e-02 1.11706364e+00 1.32115483e-01
    8.23602259e-01 2.29586899e-01 2.60756969e-01 6.97665811e-01
    9.53923225e-01 1.31405711e-01 -6.61335468e-01 1.36735106e+00
    2.20849276e-01 1.36965501e+00 -2.36760736e-01 6.03333473e-01
    1.38579917e+00 -2.70937085e-02 1.77100325e+00 6.98502362e-01
    1.15130413e+00 1.12298822e+00 1.30174351e+00 -7.12873280e-01
    -1.38568521e-01 9.08189297e-01 8.75960469e-01 7.09374130e-01
    -5.02918184e-01 1.75846457e+00 8.49821150e-01 -3.00536126e-01
    -6.47938073e-01 -2.84631580e-01 8.29251647e-01 -3.66087288e-01
    1.40128553e-01 -4.96056437e-01 3.17064762e-01 2.97632456e-01
    -6.94941878e-02 -2.87791640e-01 7.16833234e-01 1.74113870e+00
    -3.31885457e-01 4.98375416e-01 -5.03531098e-02 1.02008080e+00
    3.11373830e-01 9.44141150e-02 1.35254145e+00 -6.63984656e-01
    1.68642676e+00 -5.71043968e-01 3.53100657e-01 3.83271873e-01
    9.17482376e-02 1.04913092e+00 1.01557291e+00 4.53659534e-01
    -4.09746170e-02 9.22064006e-01 1.54885805e+00 -5.35373688e-01
    1.44504833e+00 1.41374397e+00 1.15912008e+00 2.28970408e-01
    7.67073035e-01 1.62036777e+00 -3.78075898e-01 1.07670403e+00
    -6.11286640e-01 5.23328900e-01 7.75340855e-01 -4.82829213e-01
    7.42394209e-01 6.37994826e-01 1.48820019e+00 6.26750290e-01
    2.97100008e-01 7.28895247e-01 1.14960766e+00 5.54876387e-01
    1.42973483e+00 1.84087825e+00 8.11969042e-01 3.34886551e-01
    -6.59006834e-01 -2.23673522e-01 6.36083305e-01 -5.33384681e-02
    8.53089094e-01 -1.39375687e-01 9.28745568e-01 8.35141182e-01
    1.57275820e+00 1.73969984e-01 -4.59849566e-01 1.34176564e+00
    9.48571980e-01 1.48064280e+00 2.65731037e-01 7.86423981e-01
    -6.55493081e-01 1.50557113e+00 5.10879815e-01 3.72774303e-01
    -7.28705108e-01 1.12978411e+00 1.24958193e+00 -4.23412591e-01
    -6.73597932e-01 1.45659494e+00 -2.46694118e-01 -4.82434571e-01
    -2.91276395e-01 1.60064864e+00 5.46680987e-01 2.12453723e-01
    2.86860466e-02 -3.74052614e-01 3.80570889e-02 -4.14593220e-02
    -1.06234491e-01 1.15927541e+00 1.14169884e+00 1.41644311e+00
    5.70414305e-01 8.01046073e-01 1.37128258e+00 5.22961378e-01
    9.81814265e-01 5.95265210e-01 7.81999111e-01 7.76529312e-02
    -6.82958186e-01 1.07243097e+00 5.58193505e-01 -3.81595105e-01
    7.68763483e-01 6.02430642e-01 1.71439981e+00 4.24477458e-02
    8.93686116e-01 -2.71255672e-01 1.12230515e+00 1.15124750e+00
    9.04899478e-01 -5.86037219e-01 1.31274581e-01 3.21924746e-01
    4.62850690e-01 1.40213203e+00 1.31000340e+00 1.00696921e+00
    -2.28577733e-01 6.37361646e-01 9.58265066e-01 4.24805999e-01
    3.60261261e-01 7.48404980e-01 -6.12657547e-01 -4.22832966e-02
    3.80232394e-01 1.89400256e-01 -1.62927508e-02 1.31883872e+00
    1.40393853e+00 1.28397381e+00 4.93111730e-01 -6.56487465e-01
    -6.89885497e-01 6.70914173e-01 -2.15514481e-01 1.48207414e+00
    -4.22815323e-01 -6.71121418e-01 -5.75729549e-01 -7.54477680e-01
    7.13036120e-01 9.65143144e-01 8.88831794e-01 1.25646544e+00
    1.70791769e+00 -7.21210897e-01 1.58608532e+00 7.63055027e-01
    1.36153281e-01 2.36557484e-01 2.41895616e-01 5.68909526e-01
    9.62541521e-01 8.33131790e-01 -9.82728004e-02 4.09507155e-02
    1.37035453e+00 1.08070672e+00 5.04988909e-01 7.13527799e-02
    -6.69694364e-01 1.41668892e+00 1.05439186e+00 1.45412040e+00
    1.19905639e+00 1.40400946e+00 1.58626616e+00 1.54509079e+00
    4.57448184e-01 -4.15563583e-02 8.83624077e-01 6.30266070e-01
    2.88576484e-02 1.72578943e+00 -4.20615643e-01 7.95251071e-01
    8.89112532e-01 1.26478219e+00 6.35612667e-01 1.45990252e+00
    -7.12556601e-01 8.30482304e-01 4.61548448e-01 -7.85268545e-01
    1.36312151e+00 7.81131923e-01 -6.34410262e-01 1.60231745e+00
    5.84099710e-01 1.28111935e+00 1.50115812e+00 1.61574781e+00
    1.13314772e+00 -5.09150624e-02 1.37898517e+00 6.49868727e-01
    7.69191265e-01 -5.48804045e-01 6.16598368e-01 1.19254780e+00
    -4.73916143e-01 -2.91955471e-03 7.18100131e-01 1.45862961e+00
    1.56722116e+00 3.21678817e-01 -1.84047401e-01 -5.40299952e-01
    5.46117961e-01 -3.22102636e-01 1.87669349e+00 -3.10606360e-02
    1.71211290e+00 2.68882394e-01 -5.03333271e-01 3.57159495e-01
    1.19676030e+00 9.48493719e-01 4.91470635e-01 1.68866229e+00
    1.00556898e+00 5.42327583e-01 1.31783164e+00 1.38199663e+00
    -3.69365424e-01 -4.50648725e-01 -4.83568549e-01 9.63212729e-01
    2.90138960e-01 5.79559088e-01 -7.22888589e-01 1.48319781e-01
    1.65367329e+00 2.35763729e-01 -5.26629925e-01 3.08885574e-02
    1.32875502e-01 1.14362669e+00 -5.50071180e-01 1.06164789e+00
    -3.02013159e-02 3.53425741e-02 8.25145662e-01 1.03157544e+00
    -2.83973634e-01 1.55420959e+00 1.15465260e+00 4.36258078e-01
    1.34540665e+00 1.33599091e+00 4.23566282e-01 -3.75213772e-01
    -5.05290449e-01 5.90732455e-01 4.85948622e-01 1.06085551e+00
    1.15772569e+00 1.59195733e+00 -2.71484256e-01 -5.77840924e-01
    -4.23655927e-01 -5.50220609e-02 -1.13067746e-01 5.60434937e-01
    7.10373282e-01 1.20370626e+00 -1.04494274e-01 -1.06352329e-01
    4.11127925e-01 -5.11600375e-01 6.96921945e-01 1.60527396e+00
    5.71255863e-01 1.44776773e+00 1.40146005e+00 4.62003946e-01
    9.15490270e-01 1.66209269e+00 5.64473927e-01 1.37404966e+00
    8.82367849e-01 1.78246498e-01 -3.29288185e-01 1.30837917e+00
    1.01472354e+00 -2.27673054e-02 5.28671741e-01 -2.93132544e-01
    1.45616531e+00 9.40382898e-01 1.69893026e+00 6.40882909e-01
    1.67207050e+00 -3.69880080e-01 3.32443714e-01 1.19253409e+00
    4.11364853e-01 5.07886648e-01 3.02868664e-01 3.45226943e-01
    2.02708197e+00 7.03994274e-01 3.96830320e-01 -2.24793017e-01
    2.88118780e-01 -2.03003079e-01 3.39701056e-01 -2.40987718e-01
    1.57839060e+00 5.89150727e-01 -8.18092346e-01 -2.95183003e-01
    1.57189345e+00 1.20802963e+00 8.01463783e-01 1.44211781e+00
    1.50768757e-01 5.53778946e-01 -1.38393641e-02 -4.41387355e-01
    7.97577620e-01 -2.48530567e-01 1.43628418e+00 9.35660601e-01
    -2.31447220e-01 1.67930675e+00 -4.44321036e-02 1.52103245e+00
    -4.76296484e-01 -3.73603165e-01 -4.35382068e-01 9.71465945e-01
    1.28965890e+00 4.65681851e-01 -5.18946171e-01 1.71489096e+00
    1.02557981e+00 4.74063039e-01 -7.42011845e-01 -5.52403390e-01
    2.71769822e-01 5.94147980e-01 -7.72714436e-01 4.91719961e-01
    3.94168794e-01 7.01545715e-01 1.38692844e+00 1.37829018e+00
    5.93644857e-01 2.41931677e-01 1.18276238e-01 1.50626791e+00
    1.38939726e+00 -6.93251848e-01 -1.33264899e-01 1.13057685e+00
    8.89771581e-01 5.14316797e-01 5.79850733e-01 8.98166060e-01
    1.36261976e+00 9.48518515e-01 2.22776830e-01 2.12522030e-01
    -4.26982045e-02 -3.57173890e-01 -4.46015477e-01 -8.77531171e-02
    1.68420410e+00 1.03347015e+00 5.82414627e-01 -8.67307544e-01
    1.46210814e+00 2.69483685e-01 1.56532645e+00 1.80554152e-01
    -2.67681897e-01 -4.09960032e-01 1.55135036e+00 1.64188397e+00
    5.57534695e-02 2.13203728e-01 1.49786925e+00 9.02015209e-01
    1.79648912e+00 -3.43284607e-02 -5.93423843e-01 2.67800212e-01
    9.31713283e-01 3.32521498e-01 -5.59925318e-01 -1.93626285e-01
    7.29526460e-01 1.14469337e+00 8.42036605e-02 2.57137775e-01
    1.35845888e+00 -6.34733856e-01 1.24571824e+00 -4.50358301e-01
    1.79902494e+00 -3.70737344e-01 4.36609626e-01 5.24184942e-01
    -4.24101293e-01 -6.74434960e-01 5.06226182e-01 -2.65344322e-01
    -4.61157948e-01 1.20029128e+00 1.21768856e+00 4.26957607e-01
    1.69480371e+00 1.19583106e+00 1.44820166e+00 9.96547222e-01
    8.21946740e-01 5.39960146e-01 7.74457991e-01 -5.73237538e-02
    -4.73199487e-01 -1.89606667e-01 1.65952539e+00 1.06533480e+00
    -2.93455660e-01 -2.16189206e-01 1.94662809e-03 1.11300683e+00
    -1.06124938e-01 -4.15486515e-01 -6.76504970e-02 1.28095806e+00
    -4.60653514e-01 1.45391583e+00 4.32114065e-01 9.85081673e-01
    9.90342498e-02 1.37701869e-01 8.67719114e-01 1.26811182e+00
    7.96766639e-01 1.28735089e+00 9.59078074e-01 1.93902254e-01
    1.63161731e+00 -2.01881409e-01 -4.93191332e-01 -4.32956159e-01
    5.61111331e-01 1.27047801e+00 8.62462997e-01 -6.33669674e-01
    -1.38940692e-01 -6.53766513e-01 6.87754512e-01 1.80293500e-01
    6.10192180e-01 1.61280060e+00 -2.05213368e-01 4.01448548e-01
    -3.13099414e-01 2.60412097e-01 -4.64103013e-01 1.83243823e+00
    -5.61249971e-01 -5.19114375e-01 2.90906191e-01 -1.42463028e-01
    2.88544297e-01 1.74640131e+00 -3.49643230e-02 1.18874955e+00
    1.47953999e+00 -1.84821427e-01 3.30650032e-01 4.07790065e-01
    1.58869994e+00 -1.86717510e-01 7.11851597e-01 -2.10732460e-01
    -5.10249734e-01 3.67816567e-01 1.50683415e+00 -2.32596755e-01
    -4.47574973e-01 5.79756498e-01 1.78135276e-01 1.70103765e+00
    1.14089680e+00 -2.29899079e-01 1.20336962e+00 -5.49669921e-01
    8.05334926e-01 4.01904106e-01 1.03276861e+00 -5.28211772e-01
    1.18167973e+00 1.30200005e+00 1.41580939e+00 4.55797434e-01
    -2.91391492e-01 3.37155163e-01 -3.44672710e-01 1.29474878e-01
    1.29670537e+00 1.16030097e+00 1.09568977e+00 -1.59660280e-01
    -3.10738534e-01 1.29333687e+00 2.65585661e-01 -3.70939255e-01
    4.24026251e-02 1.52923834e+00 2.27430463e-02 -6.67702079e-01
    7.36839414e-01 3.61227393e-01 7.43211508e-01 -6.80385172e-01
    5.04412830e-01 8.38819146e-01 3.59010339e-01 -8.91498327e-02
    3.08178425e-01 9.24916625e-01 6.72478676e-02 8.05875421e-01
    8.42600405e-01 -3.29907537e-01 -3.01848233e-01 3.92849624e-01
    -6.75405383e-01 1.29741430e+00 3.71894240e-02 -6.39506578e-01
    7.24721670e-01 5.98006845e-02 1.58782768e+00 -1.07352972e-01
    8.84508073e-01 7.57142544e-01 9.35132205e-01 1.34057403e-02
    4.11545992e-01 6.71256363e-01 5.16172469e-01 4.35434341e-01
    1.11746252e+00 1.40020800e+00 1.48889995e+00 -2.57469773e-01
    -9.09240842e-02 7.67019928e-01 1.14661252e+00 1.50991273e+00
    3.42655301e-01 3.35051835e-01 8.23468685e-01 6.22518659e-02
    5.64159095e-01 1.07972240e+00 5.87328970e-01 -1.66928768e-02
    1.20765591e+00 -6.20953798e-01 5.95511198e-02 1.12408829e+00
    1.01819158e+00 9.40544307e-01 1.05431724e+00 7.44323909e-01
    -1.50049686e-01 -1.70526981e-01 -2.56170928e-01 1.68512154e+00
    -6.08923972e-01 9.96143222e-01 1.74492085e+00 1.24885869e+00
    2.19384432e-02 9.38688576e-01 7.68206716e-02 -2.06899643e-01
    7.70788193e-02 -6.16954803e-01 1.67227745e+00 1.66224205e+00
    1.30257750e+00 -2.81599462e-01 4.38308060e-01 9.94129419e-01
    -7.56901205e-01 2.06808269e-01 1.19330359e+00 1.25526679e+00
    -6.68738902e-01 5.41231573e-01 -5.29182911e-01 1.49595344e+00
    9.34540868e-01 9.31521058e-01 1.42410803e+00 1.24271548e+00
    1.44927275e+00 3.79480183e-01 -7.57307649e-01 1.47491026e+00
    1.35858989e+00 -7.92032301e-01 1.36124849e+00 -4.03831959e-01
    1.70761597e+00 1.23416317e+00 -7.81957805e-01 -5.71433842e-01
    1.79344773e-01 1.11197305e+00 -6.59087121e-01 5.92363834e-01
    -4.85543013e-02 -6.63519859e-01 -2.64147341e-01 1.49677062e+00
    -4.68685120e-01 -2.99871862e-01 -1.79442465e-01 1.15048456e+00
    1.43032765e+00 1.08349156e+00 1.34618533e+00 1.35041225e+00
    -8.11600029e-01 1.90286636e-01 -1.96587741e-01 8.57031047e-01
    -4.64879900e-01 1.58807981e+00 1.58825934e-01 2.39515305e-01
    -5.43025494e-01 4.15599287e-01 1.31334198e+00 4.97308612e-01
    8.19026828e-02 1.03774452e+00 1.41425323e+00 2.72449255e-02
    1.43678963e+00 1.31337488e+00 -1.35793984e-01 9.40171301e-01
    1.16927040e+00 1.66698050e+00 1.45398402e+00 -6.16124868e-02
    -6.19984210e-01 -3.90632272e-01 7.12834001e-01 6.65883243e-01
    -5.56264877e-01 4.45294797e-01 5.53455591e-01 -5.16637802e-01
    1.63891459e+00 2.77238667e-01 -4.64055002e-01 2.94530392e-03
    8.75749350e-01 9.21451569e-01 6.64130569e-01 1.66223884e+00
    9.13008213e-01 2.50900269e-01 1.66084063e+00 9.17257071e-02
    3.95330608e-01 3.05651963e-01 4.17300463e-01 -4.09996241e-01
    8.60675752e-01 1.70701599e+00 -1.50668621e-03 3.08192670e-01
    -5.98427534e-01 1.50237107e+00 5.29619575e-01 1.43629110e+00
    -5.15874386e-01 -8.23547781e-01 1.53404570e+00 1.32434022e+00
    5.49454093e-02 -4.18951303e-01 2.46930242e-01 -1.19826257e-01
    1.35888886e+00 1.34752131e+00 1.02510357e+00 -7.17320204e-01
    6.00777566e-01 -3.99508625e-01 1.44666874e+00 1.21347606e+00
    9.13919806e-02 -7.14530826e-01 -8.73493016e-01 7.39382386e-01
    1.68627048e+00 2.62447000e-01 1.13838422e+00 1.03234053e-01
    1.07111013e+00 1.14518142e+00 1.30065596e+00 -5.63690066e-01
    1.20915318e+00 1.46829700e+00 -3.99783224e-01 7.65220642e-01
    1.02755415e+00 -3.18482608e-01 3.52241099e-01 4.35994923e-01
    -2.68379182e-01 7.41841197e-01 6.59928918e-01 -2.16105402e-01
    9.30593908e-01 1.30518126e+00 -3.86072874e-01 1.50573385e+00
    4.80463624e-01 1.60456955e+00 1.63076496e+00 1.00568056e+00
    5.87431431e-01 1.06267190e+00 -1.64557874e-01 -1.13306582e-01
    -6.16959929e-01 -3.75546843e-01 1.29987514e+00 -4.16367292e-01
    2.83063352e-01 5.08708239e-01 7.30192900e-01 -5.12502074e-01
    -4.45986331e-01 -3.94671559e-02 1.06634903e+00 7.65241027e-01
    6.76543236e-01 -4.11094189e-01 9.10632789e-01 1.40903282e+00
    1.04396462e+00 -4.56845015e-01 -2.30557859e-01 1.74924088e+00
    7.82265902e-01 1.08271778e+00 -4.30788219e-01 3.86864543e-02
    3.41416001e-01 -2.74650991e-01 1.68418348e-01 7.02924371e-01
    -5.16404927e-01 1.31542850e+00 1.48666215e+00 7.98823357e-01
    1.74363995e+00 7.94060528e-01 1.07169390e+00 1.45589471e-01
    6.44916952e-01 1.13114643e+00 8.69212985e-01 1.60049021e+00
    1.25173044e+00 -1.05716586e-02 -3.61021757e-02 1.43754971e+00
    1.34564841e+00 -2.76900351e-01 3.85488987e-01 -6.44193232e-01
    1.48500383e+00 1.74325609e+00 1.47745359e+00 1.96925998e-02
    1.43988276e+00 -3.32352459e-01 1.56836140e+00 -6.77982867e-01
    -2.09334135e-01 5.06984591e-02 1.09010744e+00 -3.44145745e-01
    1.01452291e+00 3.51593018e-01 1.43124437e+00 -2.72320211e-01
    -1.77042425e-01 6.40179992e-01 -5.50735593e-01 7.69371033e-01
    5.28784513e-01 -1.02545679e-01 3.29600751e-01 1.03209841e+00
    1.18531799e+00 1.32033563e+00 5.44053435e-01 -1.55691743e-01
    -1.13219261e-01 2.09506214e-01 -4.11123931e-01 9.33190107e-01
    5.07260084e-01 -5.47560513e-01 5.35035491e-01 1.14617205e+00
    5.58673978e-01 1.62538099e+00 8.70644510e-01 1.36151743e+00
    -1.37772560e-02 -5.89487016e-01 7.70756602e-02 -4.47051138e-01
    1.46921551e+00 -5.22944152e-01 8.25280309e-01 1.09692168e+00
    1.38512540e+00 4.71203625e-01 7.72635937e-01 4.78500545e-01
    1.63396239e+00 5.80260158e-01 -3.46699595e-01 1.73531663e+00
    -5.45242071e-01 1.53897607e+00 1.70813775e+00 1.69067574e+00
    4.09909129e-01 9.27989662e-01 6.34927392e-01 4.96324539e-01
    1.56740093e+00 9.10451829e-01 1.91261172e-02 6.04629636e-01
    -1.38444901e-01 -3.01826775e-01 1.51965642e+00 -7.36984193e-01
    5.89007974e-01 -3.96587700e-01 -4.34379280e-01 6.23146892e-01
    2.70121336e-01 1.41734898e+00 1.70484734e+00 -3.57363194e-01
    7.08218455e-01 -5.21660686e-01 1.17010331e+00 6.14220262e-01
    -1.01413429e-01 1.05441773e+00 1.14507902e+00 -1.03956819e-01
    1.10272574e+00 8.83801401e-01 8.66566360e-01 1.62988091e+00
    1.18783951e-01 9.86538589e-01 1.32469559e+00 -2.56285846e-01
    1.46221566e+00 4.20059144e-01 6.22105002e-01 1.00652289e+00
    1.32684457e+00 3.77810359e-01 1.05383825e+00 4.86654162e-01
    5.70971251e-01 -6.81217134e-01 6.19196892e-02 1.06684852e+00
    3.27225924e-02 1.06017828e+00 -7.82996416e-03 8.52047563e-01
    1.73148656e+00 -1.51704073e-01 -5.05151689e-01 4.38095987e-01
    1.59724116e+00 6.58574104e-01 6.05715573e-01 1.49467468e+00
    -1.08044147e-02 -5.30694485e-01 9.15923715e-02 1.67776716e+00
    -3.14567685e-02 -2.44863361e-01 -2.51931012e-01 9.20335650e-01
    -3.12549084e-01 1.63604259e-01 7.97447264e-01 9.41507757e-01
    1.29381835e+00 -1.02414548e-01 1.73087311e+00 4.09874141e-01
    -4.77612019e-03 9.19248819e-01 -3.26626480e-01 7.54724741e-02
    2.36787319e-01 -6.45667791e-01 1.04046333e+00 7.71010041e-01
    1.43849719e+00 1.81358516e-01 1.24286950e-01 -7.90821910e-01
    1.74830437e+00 1.39462996e+00 6.32240176e-02 1.02801609e+00
    7.09859729e-02 -3.93227488e-01 1.06946301e+00 1.25545561e+00
    7.20676422e-01 9.77027774e-01 6.84943914e-01 2.54029930e-01
    -5.18744767e-01 1.48155391e-01 -1.49719298e-01 2.31286407e-01
    1.59517908e+00 -8.72542858e-02 -3.77378523e-01 1.00300956e+00
    9.00425017e-01 -6.32554054e-01 1.07562661e+00 9.39747036e-01
    9.22100127e-01 -1.47678435e-01 1.54636049e+00 1.39957905e+00
    1.54570317e+00 4.88475323e-01 4.68596697e-01 -3.29871565e-01
    1.29710758e+00 -1.02220356e-01 1.78555930e+00 -3.28111649e-01
    5.36610067e-01 3.78468394e-01 1.35763466e+00 1.58777189e+00
    2.92786956e-01 -1.28559887e-01 -5.99129081e-01 -5.02740741e-01
    4.89891410e-01 9.89120603e-02 -2.14787722e-01 -6.49487019e-01
    -2.60151386e-01 7.62273133e-01 -7.04606175e-02 8.16992044e-01
    1.07484341e+00 9.32515502e-01 8.24655712e-01 4.92620349e-01
    1.47440004e+00 7.80049205e-01 5.72407842e-02 1.69979429e+00
    2.22915411e-01 1.05361176e+00 -6.08176470e-01 1.14715290e+00
    -2.82477260e-01 -3.91508907e-01 -6.38014555e-01 1.82629478e+00
    9.39794421e-01 1.25125909e+00 4.39454973e-01 1.26353836e+00
    1.65035045e+00 1.59808922e+00 1.10270858e+00 1.02477264e+00
    -5.57804346e-01 6.15414560e-01 1.48182094e+00 1.68038487e-01
    1.38907135e+00 5.93913436e-01 -1.33239031e-01 -1.20630443e-01
    -5.54231763e-01 8.06773424e-01 -1.08741462e-01 4.13120568e-01
    8.70106816e-01 4.60635424e-02 1.01438344e+00 7.69235253e-01
    8.36666584e-01 7.14573622e-01 8.32384765e-01 -3.80314112e-01
    1.12936020e+00 -4.74895179e-01 1.72149301e-01 1.38110185e+00
    -6.79347336e-01 -3.14165801e-01 -5.28833628e-01 5.09265065e-02
    1.12214804e+00 1.45018053e+00 1.22599626e+00 5.49454570e-01
    5.56377590e-01 -3.77620935e-01 -2.25171924e-01 6.96000338e-01
    7.80464411e-02 1.52054036e+00 4.76804256e-01 -1.65855587e-01
    8.55002224e-01 -1.63176656e-02 -4.65216249e-01 -5.19598961e-01
    1.14238763e+00 7.85220861e-01 -1.41984105e-01 6.90485418e-01
    1.50299382e+00 -2.12342799e-01 -3.68888587e-01 5.06904483e-01
    1.45407736e-01 6.54825211e-01 1.46368873e+00 7.19862342e-01
    9.91580784e-01 -6.06248021e-01 -7.89556503e-02 1.40828478e+00
    9.07178879e-01 1.59722948e+00 9.34340358e-02 1.41545045e+00
    5.92772663e-01 -7.43439913e-01 6.36462033e-01 -4.97578233e-01
    1.47750902e+00 1.41190791e+00 2.23375678e-01 1.14679086e+00
    1.16371667e+00 1.79532349e-01 1.46209168e+00 9.82561707e-02
    -1.90286577e-01 -3.58515888e-01 6.80524826e-01 7.74738073e-01
    7.37983644e-01 7.29534447e-01 1.55687928e-02 2.64814198e-01
    1.01795983e+00 -5.09281754e-02 1.39328969e+00 1.06128931e-01
    1.14460468e-01 6.47648990e-01 1.40618086e-02 -5.59428334e-02
    -3.74341011e-03 4.66553807e-01 9.51262176e-01 1.51823270e+00
    1.23517394e+00 3.52200329e-01 3.03513706e-01 1.42450809e+00
    7.19492495e-01 1.16126251e+00 -1.00886285e-01 5.30878007e-01
    7.34218359e-02 1.58269954e+00 1.22571015e+00 8.72602105e-01
    -3.36795479e-01 5.03719926e-01 -4.74535912e-01 -7.48494804e-01
    -3.24524194e-01 1.68421996e+00 -1.08982265e-01 -1.89550161e-01
    -5.52231312e-01 2.43192792e-01 -5.94805479e-01 3.95708144e-01
    -1.98195577e-01 -3.09549689e-01 1.07560027e+00 8.95738602e-04
    -8.00945520e-01 1.11698246e+00 -2.31250286e-01 1.23853683e+00
    6.65832341e-01 -6.94483519e-01 1.08409059e+00 1.58164644e+00
    1.44793916e+00 -2.64609456e-01 1.58770001e+00 -5.12905598e-01
    6.18020654e-01 2.34330773e-01 1.40360045e+00 -5.43187737e-01
    1.32924497e+00 -1.61802769e-01 1.26765108e+00 1.23211360e+00
    1.12212551e+00 -5.52655041e-01 1.52665710e+00 1.67389691e+00
    1.49225640e+00 1.04924345e+00 7.87476718e-01 -1.60228133e-01
    -5.58685839e-01 4.75490928e-01 3.87469172e-01 5.12358963e-01
    1.04327583e+00 -2.37713277e-01 4.47431624e-01 1.21132159e+00
    1.35749483e+00 1.70262790e+00 -6.14157915e-01 1.27952695e+00
    1.27861893e+00 1.96297884e-01 -3.50532323e-01 1.05302358e+00
    4.16141033e-01 5.59483826e-01 1.04363632e+00 1.33954203e+00
    6.67266071e-01 7.61692107e-01 -2.62127817e-01 5.16391993e-01
    -2.69193053e-02 3.94415319e-01 -7.67425597e-01 1.51985145e+00
    -2.02064216e-01 8.18367660e-01 1.24976945e+00 -4.36696351e-01
    5.65106869e-01 -5.56796610e-01 7.59624720e-01 6.41064167e-01
    -1.92234576e-01 8.11782956e-01 1.65204883e-01 9.22544718e-01
    -1.98987961e-01 -4.85732138e-01 -6.56102240e-01 -6.12142086e-01
    3.70358109e-01 1.53751302e+00 1.44379735e+00 9.64477777e-01
    -4.57947403e-01 -1.27426147e-01 3.47862601e-01 5.62108397e-01
    8.35366607e-01 2.33041525e-01 1.59999287e+00 1.11821461e+00
    1.18405306e+00 -8.08601379e-01 1.03392518e+00 9.62475419e-01
    -5.33292890e-01 5.71796060e-01 -1.71178579e-02 -3.45143050e-01
    -6.53361678e-02 -2.25166142e-01 2.13333964e-01 7.81416953e-01
    1.13380754e+00 -9.15080905e-02 1.85725248e+00 -2.53408641e-01
    8.65237355e-01 4.84759986e-01 1.34493756e+00 -5.43027401e-01
    4.79006767e-01 -4.40394789e-01 4.58157659e-01 1.13163793e+00
    -7.82715976e-01 -5.92633247e-01 -5.37207425e-01 -4.66016233e-01
    1.40535760e+00 1.26467013e+00 1.30182385e+00 2.32521355e-01
    -4.16533947e-02 8.55341613e-01 -1.09661877e-01 7.43089974e-01
    1.31857336e+00 9.42742348e-01 9.21416819e-01 1.24447751e+00
    1.28349292e+00 -2.59618402e-01 6.55070066e-01 1.73699021e-01
    -8.34094465e-01 7.78931797e-01 -4.97678548e-01 1.25320005e+00
    9.65732455e-01 1.18628120e+00 4.24323440e-01 -1.36146665e-01
    1.23625028e+00 2.44872928e-01 1.17146552e-01 7.24661410e-01
    -5.08268476e-02 1.20635128e+00 1.71491718e+00 -6.78007603e-02
    1.02107048e+00 -4.48136449e-01 -2.30185270e-01 1.62993979e+00
    -6.52119637e-01 1.76206255e+00 1.73516572e+00 -6.60079122e-01
    -2.85304904e-01 9.29687381e-01 -5.57630420e-01 1.47887754e+00
    1.84985995e-02 1.72774661e+00 1.46176791e+00 -1.61807656e-01
    -1.48525715e-01 3.58875453e-01 8.47353876e-01 4.94654417e-01
    1.13459861e+00 -2.05592394e-01 -5.17094016e-01 -5.76262534e-01
    -3.73497725e-01 1.50048733e+00 -2.52624333e-01 7.55349815e-01
    -3.89324009e-01 1.19980121e+00 4.15042400e-01 -1.87421739e-01
    7.98599362e-01 4.37849164e-02 -6.89099014e-01 1.24598384e-01
    7.45963633e-01 5.69997191e-01 1.52271211e-01 4.37763393e-01
    -4.78619933e-02 1.58417487e+00 1.54845548e+00 1.20482290e+00
    -3.96653175e-01 1.71486485e+00 1.21645594e+00 1.01057887e-01
    1.65400064e+00 1.74395728e+00 1.54230905e+00 1.60060573e+00
    1.02266443e+00 2.79623091e-01 -4.17610437e-01 -5.94897866e-01
    1.63592482e+00 1.57069600e+00 -8.58054280e-01 7.56440639e-01
    5.59949517e-01 1.45880044e+00 7.89179862e-01 -4.54321235e-01
    4.37238574e-01 7.13764966e-01 -2.82245398e-01 4.99000251e-01
    1.21091461e+00 -4.42098081e-01 1.62276673e+00 1.39784932e+00
    2.56183386e-01 5.62758386e-01 7.10055232e-01 -7.75278568e-01
    1.00602484e+00 9.81274962e-01 -4.29746568e-01 1.63964677e+00
    1.53677344e+00 5.60338378e-01 1.68709254e+00 1.02454984e+00
    -7.31588781e-01 -6.10416114e-01 1.10017526e+00 1.64935219e+00
    1.30683386e+00 -8.17188203e-01 1.31602478e+00 1.05390131e-01
    1.73173761e+00 -2.51063049e-01 -7.51447618e-01 1.39667034e+00
    -3.63604248e-01 1.54162204e+00 1.37522578e+00 7.24678755e-01
    1.67142045e+00 1.02811921e+00 5.96203446e-01 1.59876025e+00
    3.79080176e-02 3.36530328e-01 6.68139458e-02 1.73994255e+00
    1.56550550e+00 1.69704843e+00 -1.33267045e-01 -1.73930645e-01
    1.42635775e+00 -3.88343900e-01 3.69496703e-01 9.11172271e-01
    1.59323239e+00 3.97632957e-01 -1.26613677e-01 4.81273890e-01
    8.73553455e-01 -6.95837736e-01 5.65434694e-01 7.63856113e-01
    4.22396719e-01 -4.51586843e-02 1.89517140e-01 2.85703063e-01
    -4.66960490e-01 1.07996917e+00 1.68451309e+00 2.14978933e-01
    -1.27965629e-01 -5.33998013e-01 2.26614237e-01 6.59724712e-01
    -1.24999762e-01 -5.28069794e-01 -4.37629759e-01 -3.37222219e-02
    -5.93047619e-01 -1.04849279e-01 6.10825419e-01 1.61293435e+00
    3.57857525e-01 -2.88245350e-01 2.50829816e-01 -4.31721866e-01
    7.44082808e-01 8.83614719e-01 -7.41196156e-01 1.41072273e-02
    6.94553256e-02 -4.91605997e-02 1.32160234e+00 2.07300007e-01
    -8.06825161e-02 -3.75397921e-01 -5.26376367e-01 4.32249010e-01
    1.43861830e-01 3.93202841e-01 2.89659679e-01 1.34488344e+00
    6.81945026e-01 -2.70269215e-01 -2.15839446e-01 8.15905094e-01
    4.11615014e-01 6.27312303e-01 -3.95698756e-01 -6.81798756e-01
    1.84035957e-01 1.09894896e+00 1.50714469e+00 -3.70523512e-01
    -2.27160454e-02 1.32772708e+00 -4.57560420e-02 1.35767984e+00
    1.04239392e+00 2.56974161e-01 8.81616950e-01 4.49475169e-01
    1.25501049e+00 1.64566433e+00 9.73352432e-01 1.21668029e+00
    3.53978872e-01 2.64703393e-01 -1.82189524e-01 1.50180459e+00
    1.29901505e+00 -3.93604100e-01 5.64086258e-01 -6.09880090e-01
    -5.59470057e-01 1.46721101e+00 -6.65228248e-01 1.74873567e+00
    -4.15248752e-01 1.27490056e+00 -2.34403312e-01 1.48817480e+00
    2.73410082e-02 1.38705039e+00 -5.62243164e-01 1.08309627e+00
    2.62851715e-01 -6.72041178e-01 -6.67520463e-01 1.33530498e+00
    9.66077864e-01 1.60588002e+00 1.50633287e+00 -6.32835627e-02
    1.51525378e+00 1.75220501e+00 1.28536975e+00 8.55939507e-01
    1.07993007e+00 1.16512203e+00 1.44163656e+00 2.07011521e-01
    9.91368532e-01 9.33125257e-01 -7.53729582e-01 -6.38917089e-01
    7.21810937e-01 1.20598614e+00 -2.82100290e-01 -4.10218954e-01
    -7.39362001e-01 7.42840767e-01 -5.74923277e-01 4.94962335e-02
    -3.81605923e-01 1.12473524e+00 2.42221653e-01 1.57750404e+00
    2.02913940e-01 -5.37381530e-01 2.63381958e-01 5.79626918e-01
    -7.43653774e-02 1.21547401e+00 -4.82241839e-01 9.64594483e-02
    -1.28546894e-01 -4.44125772e-01 -5.41407943e-01 6.71090484e-02
    1.93423319e+00 4.78517830e-01 -1.42514467e-01 3.27916145e-02
    1.02658808e+00 5.67963421e-01 1.40670109e+00 -1.27449930e-01
    5.82219958e-01 -1.67351961e-01 7.62229502e-01 -1.40200019e-01
    -6.96190655e-01 1.62271893e+00 -5.66392660e-01 1.37483549e+00
    7.26113856e-01 -1.08071685e-01 1.20420456e+00 9.44223940e-01
    1.65383387e+00 -4.22630638e-01 1.49710369e+00 1.26093960e+00
    6.96755052e-02 -5.82468510e-02 1.26378679e+00 4.58983541e-01
    1.17655563e+00 1.31192636e+00 1.53173923e+00 1.54159570e+00
    -5.38498759e-02 6.54174864e-01 7.45773315e-02 4.83502746e-02
    -4.89448309e-01 1.76449382e+00 1.25055254e-01 -4.36460286e-01
    -7.90976286e-02 -1.32438362e-01 4.58121300e-04 1.38706994e+00
    -6.28873885e-01 1.53734100e+00 7.68937230e-01 -2.73300141e-01
    1.71989000e+00 -3.84229153e-01 1.69219160e+00 -4.40352440e-01
    -6.25136375e-01 9.16764021e-01 1.50657165e+00 5.91988742e-01
    -7.31834590e-01 6.61687851e-01 4.46111143e-01 8.97178650e-01
    5.54291010e-02 -1.94338858e-01 3.97523105e-01 -3.87632936e-01
    1.64790654e+00 5.62635064e-02 8.61427784e-02 4.10342157e-01
    1.15101862e+00 -1.83550656e-01 6.94594622e-01 1.44760668e-01
    -4.27848250e-01 1.08150601e-01 -6.08771443e-02 -2.53212303e-01
    1.15694058e+00 9.38136816e-01 -7.17479169e-01 1.19338465e+00
    8.13086689e-01 9.09613967e-02 1.07583666e+00 6.27897263e-01
    -5.73907495e-01 1.26499307e+00 1.37531698e-01 -5.46582401e-01
    1.71354926e+00 -3.25328320e-01 1.59012341e+00 1.74699020e+00
    4.91491795e-01 2.08546877e-01 -7.65801251e-01 1.10494256e-01
    1.17225099e+00 -6.72125280e-01 -5.91636777e-01 1.05186665e+00
    -6.40839517e-01 1.47174358e+00 -1.11177862e-01 1.37683403e+00
    7.15525389e-01 -3.95620316e-01 3.10758412e-01 1.13848293e+00
    -2.27068663e-01 -1.55682206e-01 1.51234496e+00 1.30197954e+00
    9.82820392e-01 6.96400344e-01 1.70079243e+00 1.28191090e+00
    -7.39769340e-01 -7.73869753e-02 1.71283746e+00 1.01596391e+00
    1.79270387e-01 1.42510653e+00 1.21576965e+00 1.13509631e+00
    7.28351951e-01 7.67375827e-01 -2.83717513e-01 1.22367477e+00
    1.18071151e+00 2.07288861e-01 -5.35546422e-01 -1.67729437e-01
    4.33066666e-01 5.62163711e-01 6.31166339e-01 3.90070558e-01
    1.44256055e+00 -4.64678496e-01 1.61977601e+00 4.25399184e-01
    1.52490115e+00 -5.71390152e-01 -4.19766665e-01 1.92784548e-01
    -3.88351709e-01 5.43542624e-01 1.76462305e+00 -2.89957494e-01
    4.80973125e-02 2.79142082e-01 2.77020216e-01 -9.37507153e-02
    1.24809206e+00 7.71457314e-01 1.01809990e+00 -6.12301707e-01
    1.63655162e+00 -4.33759004e-01 -7.23064065e-01 1.73248875e+00
    4.65533018e-01 -7.01867938e-01 1.37188530e+00 1.32644546e+00
    1.10717797e+00 -5.93740940e-01 -4.05969024e-02 -5.57171404e-01
    1.52529585e+00 1.73430741e+00 -1.79184318e-01 1.27900016e+00
    1.61892748e+00 1.33914852e+00 1.49990320e+00 9.25534964e-01
    -5.11314392e-01 1.27532029e+00 1.38634026e-01 -1.23625934e-01
    -3.93210560e-01 -4.66495752e-03 9.28499162e-01 7.36469269e-01
    7.92162478e-01 8.19878459e-01 9.17076707e-01 1.66584766e+00
    9.38792527e-01 9.16356206e-01 1.25446558e+00 9.28447664e-01
    -5.14771581e-01 -4.51587647e-01 -8.94823670e-02 1.02317631e+00
    1.09892142e+00 1.49474478e+00 1.57891166e+00 1.60006356e+00
    -7.38248110e-01 -4.54748333e-01 -5.72983861e-01 -2.97832072e-01
    1.06799245e+00 1.81033909e+00 1.41271114e-01 1.68724585e+00
    1.92584693e-01 -1.73763990e-01 1.18685508e+00 1.26979065e+00
    -1.35397911e-02 9.32985961e-01 9.70760167e-01 1.56710839e+00
    -2.10380495e-01 1.19912553e+00 2.88066268e-01 9.31041241e-01
    1.37701893e+00 -4.39691544e-01 -6.73231125e-01 5.04002333e-01
    1.48017812e+00 -1.55294001e-01 -4.36590523e-01 6.14163220e-01
    1.18557429e+00 1.20828509e+00 7.20769167e-01 4.62737083e-01
    4.61280286e-01 1.35565996e-01 3.82564068e-01 9.98578668e-01
    3.55139375e-01 -1.81475699e-01 1.36808681e+00 -9.41467881e-02
    8.49845827e-01 2.95378208e-01 4.00442123e-01 -1.55796766e-01
    1.33574462e+00 -5.07487655e-01 1.10711169e+00 3.07597578e-01
    4.47848976e-01 5.86189508e-01 1.65095007e+00 1.64176571e+00
    -6.51488245e-01 -4.38602030e-01 -2.86247164e-01 -4.86666560e-01
    -1.41085804e-01 -9.05694962e-02 5.09787917e-01 1.74659538e+00
    7.20683813e-01 -7.85124302e-01 2.31611907e-01 3.11062217e-01
    5.12355208e-01 1.57472157e+00 1.47523153e+00 -6.48867011e-01
    -4.87908602e-01 3.39220226e-01 1.25323379e+00 -2.09345102e-01
    1.00310922e-01 -3.97408545e-01 2.92411923e-01 1.59090936e-01
    -1.89318299e-01 5.91114163e-01 1.08764863e+00 6.53146505e-01
    3.78124535e-01 7.06415176e-02 1.15138245e+00 -7.96992064e-01
    1.35877442e+00 4.53091741e-01 7.93316960e-02 1.69415820e+00
    7.92443335e-01 1.15897489e+00 8.67542863e-01 8.13829660e-01
    1.29565763e+00 2.67552793e-01 -1.69751763e-01 1.85138988e+00
    -6.12711191e-01 2.20402837e-01 2.90270150e-01 -3.10959518e-01
    1.84399450e+00 1.19861054e+00 -4.86002117e-01 1.08362758e+00
    2.03075123e+00 4.76417542e-01 4.90222931e-01 1.44587004e+00
    -2.47101188e-02 -2.17432559e-01 -7.49397814e-01 6.73965752e-01
    -4.48335886e-01 9.39894438e-01 1.82481527e+00 -4.77576524e-01
    -5.93928158e-01 -6.68257236e-01 4.06770110e-01 -5.38105488e-01
    1.18064511e+00 1.19810843e+00 9.63592887e-01 1.40626717e+00
    2.06462622e-01 5.13895810e-01 1.31856763e+00 -5.22720814e-03
    2.01559961e-01 1.54580045e+00 6.88541591e-01 -2.61814386e-01
    -6.45144582e-01 -6.41277432e-01 1.46666646e-01 1.10944760e+00
    1.15632808e+00 1.53349471e+00 -3.81526411e-01 5.45625627e-01
    -4.00612801e-01 -1.28668547e-01 5.19230485e-01 -6.83150470e-01
    2.11418152e-01 6.37857318e-01 -5.74375987e-02 1.83668971e-01
    6.48645937e-01 1.29144382e+00 4.83001053e-01 -4.86947894e-01
    -3.06454539e-01 1.05878234e-01 1.24109495e+00 5.46950459e-01
    8.98750544e-01 1.44550586e+00 -7.85742104e-01 8.07967424e-01
    5.92093289e-01 1.57664955e-01 8.10836732e-01 -5.55278897e-01
    1.65662384e+00 3.24645042e-02 7.26967454e-01 1.46039641e+00
    -1.95640147e-01 8.64900291e-01 -2.27977753e-01 7.90467143e-01
    1.54051042e+00 5.24163187e-01 -3.42458636e-01 1.66185057e+00
    -7.27146864e-02 9.47488487e-01 -8.20894063e-01 1.42277956e-01
    -6.95655167e-01 1.32169735e+00 1.37836838e+00 3.25893760e-01
    5.05035877e-01 -6.26174569e-01 1.10813236e+00 4.51556385e-01
    -1.63462281e-01 6.12944007e-01 1.43888009e+00 6.43368483e-01
    2.57736444e-01 9.17949677e-02 -5.27603567e-01 1.59418392e+00
    5.22817731e-01 1.48672891e+00 -6.52155459e-01 1.20819569e+00
    9.25756752e-01 2.32699513e-01 -5.35716414e-02 -2.09151149e-01
    4.00594413e-01 1.44893694e+00 -5.09575307e-01 7.43914604e-01
    7.31642306e-01 6.05250180e-01 2.51123726e-01 1.31400073e+00
    1.02280688e+00 2.35090494e-01 3.73477399e-01 8.49353313e-01
    1.65177083e+00 1.17053723e+00 1.17044449e-01 2.92056620e-01
    5.63148618e-01 1.44746566e+00 -7.34652638e-01 6.67968154e-01
    6.37269199e-01 7.16791749e-01 1.45440936e+00 -5.49987674e-01
    8.18616629e-01 -4.41716850e-01 4.51933682e-01 9.36559439e-02
    1.21257210e+00 1.74278975e-01 6.30600393e-01 1.00861311e+00
    1.76405275e+00 -1.35337710e-01 8.01405489e-01 1.38536859e+00
    -9.25761461e-03 -5.67189455e-01 2.64628530e-01 1.04966509e+00
    -7.17998266e-01 2.86340714e-04 7.81819761e-01 1.58511066e+00
    -3.71286273e-02 1.01781702e+00 -7.44749069e-01 5.80607355e-01
    -7.03979135e-02 6.74278498e-01 3.42071891e-01 1.24685454e+00
    8.55601013e-01 1.57876718e+00 1.05496359e+00 -4.59301412e-01
    1.76809609e+00 1.50094581e+00 -7.41114616e-01 -7.16106892e-02
    1.66816735e+00 -1.12862468e-01 5.46035171e-02 8.59765172e-01
    4.45061207e-01 1.01340938e+00 -2.67002225e-01 2.75716901e-01
    1.60636830e+00 5.61049819e-01 2.45727420e-01 9.95207191e-01
    7.97879875e-01 -2.57652223e-01 -6.46516442e-01 -4.33077782e-01
    -1.75218582e-02 3.33049178e-01 5.84748387e-01 8.06455612e-01
    8.73834789e-01 3.37421536e-01 8.15880418e-01 3.35928023e-01
    1.31313860e-01 1.66546988e+00 -7.56217718e-01 1.31165802e+00
    6.01992011e-01 1.13329720e+00 1.50806737e+00 1.00160170e+00
    -2.28517711e-01 -2.45448232e-01 1.52535367e+00 -3.32498133e-01
    8.64236832e-01 7.69414306e-02 4.37076688e-02 3.89108658e-01
    1.16551614e+00 1.62968040e+00 2.33988643e-01 5.86743355e-01
    1.70801544e+00 -3.27170074e-01 9.30768967e-01 -2.51610845e-01
    4.62816238e-01 6.04286075e-01 8.64232421e-01 1.50181139e+00
    8.26568007e-02 -2.20911145e-01 1.64317012e-01 1.66100955e+00
    -6.34508550e-01 1.69091535e+00 -5.21521807e-01 9.11028862e-01
    5.33305883e-01 9.17105615e-01 -6.50635123e-01 1.45420039e+00
    4.84773517e-02 4.92948651e-01 -4.60617572e-01 -5.74901700e-02
    1.48560500e+00 -2.30190158e-02 6.62899673e-01 -2.09611118e-01
    7.22075820e-01 1.29913819e+00 4.74921465e-01 -2.06968665e-01
    5.35260260e-01 1.61253953e+00 -3.42854321e-01 6.83976293e-01
    1.46709752e+00 9.54174638e-01 -4.49326128e-01 9.64598417e-01
    1.54703820e+00 9.62317824e-01 -4.13256645e-01 4.33650315e-01
    1.04637015e+00 1.32607567e+00 3.91929924e-01 1.15979719e+00
    1.03573942e+00 -6.54223084e-01 1.36027586e+00 8.65875959e-01
    1.35842633e+00 1.51713490e+00 1.89671850e+00 -6.73269868e-01
    -1.76944613e-01 7.96076417e-01 -6.11710906e-01 -7.61211872e-01
    1.68721557e+00 7.61796534e-01 -2.99958557e-01 -2.88150519e-01
    1.11914361e+00 3.54884207e-01 5.47954261e-01 1.61776352e+00
    8.84834528e-02 7.10747540e-01 1.64265037e-01 1.66976810e+00
    1.37013674e-01 -2.11535990e-01 2.17276812e-01 1.47524154e+00
    -2.27993727e-03 -1.43050551e-02 1.62741506e+00 -2.58494854e-01
    1.66304255e+00 -3.51117969e-01 1.60005236e+00 1.44641721e+00
    -2.45938540e-01 5.52166939e-01 1.24051285e+00 -7.25461781e-01
    -3.82438570e-01 1.86751580e+00 -4.21047717e-01 3.93981576e-01
    -4.22581792e-01 -1.96800053e-01 -3.35802436e-01 1.07917058e+00
    3.29087496e-01 -1.32669270e-01 8.79611552e-01 4.97294247e-01
    1.00071514e+00 6.40179217e-01 -1.79368973e-01 2.71124840e-02
    1.03998911e+00 3.15278053e-01 1.45231009e+00 -1.42444968e-02
    2.65078664e-01 2.10139573e-01 1.62314761e+00 2.44992375e-01
    6.62623048e-01 1.74137044e+00 1.48381484e+00 -5.09356260e-01
    -1.66572332e-02 1.24354184e+00 -3.29468459e-01 1.01749218e+00
    -5.94752431e-01 -2.27134645e-01 -7.37420559e-01 7.24941969e-01
    2.47127235e-01 1.50171769e+00 -5.92483759e-01 1.41069245e+00
    2.40171492e-01 1.03202987e+00 1.35773766e+00 -2.88265944e-02
    -3.84170085e-01 -6.67646587e-01 1.76227236e+00 -6.67770565e-01
    6.11679256e-01 1.11992455e+00 1.28182197e+00 2.35202312e-02
    1.07976961e+00 -7.08389997e-01 1.42899287e+00 1.69754362e+00
    -5.32687545e-01 2.91279078e-01 1.28042436e+00 1.43663108e-01
    -5.01653612e-01 5.36380172e-01 1.06340480e+00 5.48749506e-01
    6.53203726e-02 1.64644980e+00 1.05276251e+00 -3.44959676e-01
    1.19019926e+00 8.60126615e-02 1.05519176e+00 6.23558342e-01
    1.32640958e-01 -3.87580335e-01 -5.68314433e-01 8.25702369e-01
    2.12891161e-01 1.03900456e+00 1.12761557e-01 2.77396142e-01
    1.84699535e-01 1.41802430e+00 9.33323979e-01 6.68675661e-01
    1.26448512e+00 3.70043755e-01 -4.04059261e-01 7.10904479e-01
    -2.16312885e-01 -6.12614393e-01 1.17396367e+00 8.35141540e-02
    -6.43325329e-01 1.69816709e+00 7.39069045e-01 1.32430971e+00
    4.39360738e-02 -7.16475368e-01 3.54606688e-01 1.24508619e-01
    6.05532408e-01 1.51563311e+00 -5.86394429e-01 3.95870030e-01
    -3.23243797e-01 1.00688398e+00 9.06113505e-01 -4.01154757e-02
    1.36423206e+00 6.09166741e-01 7.62786746e-01 4.41881061e-01
    1.62651873e+00 9.87454057e-01 2.31692672e-01 1.59447289e+00
    8.30114484e-01 -5.28483987e-01 -3.98936838e-01 -4.65919286e-01
    -3.06944877e-01 -6.76429391e-01 1.57999182e+00 5.57051063e-01
    1.57931209e+00 -3.14348161e-01 1.16006494e+00 -1.03078306e-01
    -4.18024868e-01 1.51265264e-02 3.85559797e-01 3.94757569e-01
    1.09752500e+00 1.55215323e+00 1.71913624e+00 -4.59220678e-01
    8.13223839e-01 1.56796324e+00 8.29451203e-01 1.12407160e+00
    1.07003570e+00 4.25297379e-01 -1.36241794e-01 1.21120667e+00
    1.59168410e+00 1.48423934e+00 7.98494220e-02 4.21692967e-01
    1.76889718e-01 -6.00236058e-01 -8.89036059e-02 1.43748569e+00
    8.41252744e-01 1.50813818e-01 1.30801117e+00 1.36129951e+00
    1.67710435e+00 -8.36914778e-03 1.45344663e+00 -2.52163291e-01
    1.67696655e+00 1.21610403e-01 9.62309837e-02 -5.75526953e-02
    1.18508720e+00 1.35684574e+00 -5.78832984e-01 -4.80377734e-01
    1.13442028e+00 1.65433717e+00 -3.62220496e-01 1.00634086e+00
    1.06064320e+00 1.26006198e+00 8.00475895e-01 -5.05258799e-01
    1.13337469e+00 -3.41125757e-01 1.33342838e+00 1.40168929e+00
    1.44654155e+00 -5.22862434e-01 1.70353091e+00 -2.63968349e-01
    7.19942391e-01 -6.40629768e-01 3.55684042e-01 1.48226011e+00
    3.33567917e-01 -4.26851779e-01 1.64980030e+00 -3.43687832e-01
    -3.84898454e-01 -3.20190787e-02 9.75057483e-02 8.45069587e-01
    -2.70808220e-01 2.80962586e-02 1.71369064e+00 3.62070143e-01
    1.33408833e+00 1.18654478e+00 1.08907986e+00 -6.78841531e-01
    7.62386322e-01 2.00156569e-02 1.22143078e+00 -4.58760798e-01
    7.09082901e-01 -4.19874787e-02 -2.07616687e-02 1.07196212e+00
    4.20800209e-01 5.83160758e-01 -6.11521602e-02 1.33990049e+00
    3.86709571e-01 1.14507258e-01 4.98270392e-02 1.19579625e+00
    1.77730978e+00 3.17777634e-01 -2.90261060e-01 -3.04997563e-01
    1.60051107e+00 4.24286485e-01 -1.44109726e-02 1.74160075e+00
    1.01811695e+00 9.80648220e-01 7.14121878e-01 -5.16932249e-01
    -2.58836508e-01 1.16436613e+00 1.75286853e+00 -4.14167732e-01
    5.16168952e-01 -5.64795136e-01 1.53915572e+00 -5.61371863e-01
    1.75808513e+00 -6.82771683e-01 -1.63420320e-01 3.49227071e-01
    -3.31234425e-01 1.47103667e+00 -5.48563242e-01 3.56231987e-01
    -3.29416335e-01 6.37846649e-01 6.34490252e-02 1.76260209e+00
    4.95016575e-04 1.74067771e+00 -2.03167319e-01 9.86807108e-01
    1.36057997e+00 7.90329874e-01 9.61448073e-01 4.90392447e-02
    -4.60904837e-02 -5.40108204e-01 -1.72558308e-01 -6.70597613e-01
    3.89081776e-01 3.96935642e-01 -6.63435578e-01 1.42360783e+00
    6.27052963e-01 1.77889204e+00 -2.09903121e-01 1.60606885e+00
    -3.30237478e-01 7.74426818e-01 1.28334057e+00 -2.39366293e-03
    9.52094913e-01 9.15956974e-01 -6.06060684e-01 -2.86210775e-01
    -3.54206473e-01 -8.08885515e-01 1.91185236e-01 1.55565464e+00
    -6.13969564e-01 1.43795800e+00 1.24356437e+00 1.03637314e+00
    4.66006398e-01 4.06214118e-01 8.10633302e-01 1.14242411e+00
    -6.72596633e-01 8.82362366e-01 1.49587619e+00 6.56339943e-01
    1.81469798e-01 1.17006445e+00 -7.45321512e-01 4.10511494e-01
    1.50099230e+00 4.61767733e-01 -3.50544572e-01 -1.25733495e-01
    -1.08059406e-01 5.56233406e-01 -6.00292563e-01 1.42207980e+00
    9.38608408e-01 -3.02463204e-01 -3.39452147e-01 -6.18628621e-01
    5.88817894e-01 1.14048028e+00 1.26285362e+00 -2.75824010e-01
    1.63036406e+00 1.10353136e+00 -4.89009798e-01 8.27237129e-01
    4.39565778e-02 3.41512442e-01 1.33637846e+00 -2.93171197e-01
    1.32380831e+00 1.08159530e+00 1.59355915e+00 1.54201198e+00
    -3.87783229e-01 -7.36583650e-01 6.72207177e-01 8.59770894e-01
    -3.89031321e-01 -2.59407640e-01 1.34456384e+00 -1.69848382e-01
    1.72525454e+00 -5.40150642e-01 -1.42877102e-02 1.62925076e+00
    -2.61631906e-01 -7.21107423e-01 9.81458783e-01 4.45659399e-01
    -7.61189044e-01 -4.22070533e-01 -1.23081803e-01 1.52930415e+00
    -5.03313601e-01 2.26617634e-01 9.03466463e-01 -6.08909607e-01
    6.66057050e-01 1.09053040e+00 1.32933545e+00 -2.96255291e-01
    2.60678172e-01 1.78386962e+00 5.99210203e-01 5.51418781e-01
    1.26390886e+00 7.28696406e-01 -5.43058872e-01 -7.30677128e-01
    -2.17934847e-01 4.10144985e-01 8.09694052e-01 4.60631311e-01
    1.46097445e+00 1.13551056e+00 8.64318728e-01 3.59736621e-01
    6.46833837e-01 7.19523311e-01 -2.46713519e-01 1.15605879e+00
    6.14334106e-01 1.11954141e+00 7.29747176e-01 -5.87932706e-01
    1.16565943e+00 -5.24657249e-01 4.56611753e-01 8.19611549e-03
    -4.82363671e-01 1.45219111e+00 1.65294135e+00 1.22248530e-01
    7.63039768e-01 -7.41245031e-01 9.26733613e-02 -6.42160416e-01
    1.70277548e+00 -4.90144968e-01 9.54211235e-01 1.01032853e+00
    1.87842727e-01 -4.84575719e-01 1.04475141e+00 1.20955467e-01
    1.29450083e+00 3.85035753e-01 -4.59834337e-02 9.47311401e-01
    4.56995726e-01 -6.19585097e-01 1.72298717e+00 -8.17779303e-01
    1.55953455e+00 8.65554929e-01 -3.44790816e-02 -3.35636735e-02
    1.05723822e+00 1.10720897e+00 6.65174901e-01 -4.94575053e-01
    1.66312230e+00 1.40593243e+00 8.92246425e-01 1.08987260e+00
    7.36960530e-01 1.43023849e-01 -6.35478497e-01 -1.32405579e-01
    -2.95891166e-02 1.18095851e+00 1.53946781e+00 -6.49967551e-01
    1.00784981e+00 8.70077014e-02 1.36855555e+00 8.60447884e-02
    9.50833201e-01 2.83202171e-01 -4.39107776e-01 6.49851382e-01
    5.44459224e-02 2.72711277e-01 -6.28530860e-01 1.67363000e+00
    1.03444111e+00 1.64042056e+00 3.61178875e-01 3.41968596e-01
    4.56820726e-01 2.19765484e-01 8.24552655e-01 -4.46176648e-01
    6.84758604e-01 1.50280976e+00 9.52707946e-01 1.29680204e+00
    6.68041170e-01 1.47772038e+00 1.20719540e+00 -7.85078883e-01
    3.00352514e-01 -7.84235239e-01 -1.81835353e-01 -5.67856312e-01
    -6.14578724e-01 -4.97209221e-01 -4.23317790e-01 1.49989915e+00
    1.28400755e+00 9.07720745e-01 1.35633099e+00 -6.09002113e-02
    1.73010433e+00 1.42622662e+00 -5.69039226e-01 1.67310238e+00
    9.77927208e-01 -3.13487321e-01 1.76311851e-01 1.01631522e+00
    1.16193151e+00 2.95141041e-01 -3.97549629e-01 -5.48745692e-01
    1.90671325e-01 1.79170597e+00 1.51446342e+00 1.57016218e-01
    1.18195879e+00 4.54600930e-01 4.01205599e-01 1.32903957e+00
    1.10965085e+00 7.49784708e-01 1.05721140e+00 1.02211022e+00
    1.00644588e+00 1.65744996e+00 1.29366088e+00 8.49483907e-01
    6.80614114e-02 1.66869152e+00 1.50124216e+00 1.43787205e+00
    -4.01116788e-01 6.22208297e-01 6.75492883e-01 -4.31681693e-01
    1.37135923e-01 4.93119180e-01 -2.88810611e-01 -2.05276012e-02
    1.08491826e+00 -4.41136777e-01 1.97579980e-01 -6.22627139e-01
    -7.97372460e-02 3.76895070e-01 4.96884704e-01 1.17112958e+00
    -5.77551901e-01 1.88241088e+00 1.68336332e-01 8.62674952e-01
    3.32383752e-01 1.79297626e+00 7.23728955e-01 3.83807421e-01
    1.53589940e+00 1.70255661e-01 -9.41191316e-02 3.79205942e-02
    8.02324533e-01 1.51509559e+00 2.93301404e-01 6.76315665e-01
    8.62800956e-01 -5.18360555e-01 1.37333536e+00 1.49140108e+00
    1.53220344e+00 1.32780910e+00 1.69405770e+00 -4.50570554e-01
    1.78822052e+00 -5.41670024e-01 -2.83203542e-01 -2.87986070e-01
    1.50245035e+00 -6.11278534e-01 3.55001152e-01 9.43928957e-03
    1.17513371e+00 -1.96426749e-01 -6.86709821e-01 4.51650620e-02
    1.75688362e+00 2.73968101e-01 -7.73943305e-01 6.85502350e-01
    1.40944350e+00 1.77615881e-03 8.96273851e-01 1.28067243e+00
    1.55098844e+00 8.46510291e-01 1.08822846e+00 -2.53823280e-01
    5.16492307e-01 1.61893725e+00 -6.11704588e-02 -7.00820446e-01
    5.45337558e-01 5.90358615e-01 -5.19740224e-01 -1.07990026e-01
    1.93069577e-02 -9.03530121e-02 5.50470173e-01 7.89079130e-01
    4.91856098e-01 -7.12981641e-01 7.01108098e-01 9.08148825e-01
    -6.35167420e-01 -3.29669714e-02 -7.20129192e-01 8.21769118e-01
    1.71831429e+00 -1.47463143e-01 8.88064086e-01 8.55526865e-01
    7.97031701e-01 9.22998905e-01 -6.76599264e-01 6.49887502e-01
    -4.85839397e-01 1.17695928e-01 -3.29424590e-01 8.42412114e-02
    7.94287324e-01 1.68664777e+00 -4.75144386e-01 1.20818639e+00
    1.02824068e+00 7.34440863e-01 -3.58768731e-01 1.67847383e+00
    8.63404572e-01 -4.53114390e-01 1.62763548e+00 -1.22430623e-01
    5.63342094e-01 1.38404226e+00 -4.92131501e-01 -2.93724358e-01
    -3.79159957e-01 3.69714558e-01 -5.35471797e-01 2.44458556e-01
    1.20772898e-01 1.21291876e+00 4.63875592e-01 -6.21201158e-01
    7.65569150e-01 1.75256908e+00 1.44868803e+00 -1.25014305e-01
    -1.17334127e-02 1.03686166e+00 7.39019930e-01 -4.00519073e-01
    9.00875688e-01 1.72376299e+00 -2.22448945e-01 1.21331573e+00
    1.16306257e+00 -6.78640544e-01 1.25852287e-01 5.67217588e-01
    2.02268779e-01 -4.75903809e-01 3.00270498e-01 3.86541069e-01
    -5.68778992e-01 2.03618109e-01 1.08538616e+00 -4.58443850e-01
    1.27054453e-01 -2.12053061e-01 -7.34649837e-01 9.02614117e-01
    1.74179196e+00 9.48651195e-01 -3.29209626e-01 4.62614655e-01
    5.70632577e-01 -1.28418565e-01 -4.55877274e-01 1.48797452e+00
    6.23542964e-01 1.56408036e+00 -5.84020019e-01 -3.49910975e-01
    8.34948301e-01 6.94160461e-02 3.81911933e-01 9.97917056e-01
    1.31789422e+00 3.50190163e-01 8.59689057e-01 -6.49609447e-01
    8.92146051e-01 1.51737511e-01 -3.12635183e-01 5.20755589e-01
    3.32920730e-01 9.77503896e-01 1.36130261e+00 4.00710702e-01
    2.26343632e-01 1.62566197e+00 -2.71677375e-01 1.18501782e+00
    1.40654600e+00 1.18716598e+00 -9.54164863e-02 -6.43652976e-01
    2.54726410e-03 9.60724831e-01 1.30099583e+00 8.13764393e-01
    7.43775070e-01 1.18600035e+00 -4.64893550e-01 1.75254655e+00
    9.32212293e-01 8.22924674e-01 -1.51121318e-01 9.95426714e-01
    1.14867234e+00 -6.51976109e-01 5.96694231e-01 1.74089515e+00
    1.44117880e+00 1.25635195e+00 -6.44890547e-01 -5.33241034e-01
    8.83330405e-01 7.97935009e-01 -6.06018424e-01 1.43871653e+00
    -5.20570755e-01 8.30704093e-01 8.39588284e-01 4.18466032e-01
    1.23849750e-01 1.24772847e+00 8.07288289e-01 3.67896914e-01
    1.26206052e+00 9.96514797e-01 -3.47431064e-01 8.95069122e-01
    -8.29241276e-02 -6.41788840e-01 3.73468995e-02 -2.98555940e-01
    3.82912576e-01 5.99752724e-01 -5.52429318e-01 9.43876565e-01
    -5.74832022e-01 1.62030590e+00 -4.06498134e-01 1.02874768e+00
    1.31384766e+00 -4.64987338e-01 -1.49530530e-01 -3.93400460e-01
    5.16147137e-01 8.21778178e-02 -6.85104966e-01 8.50329220e-01
    6.18138373e-01 8.88869286e-01 -3.54381859e-01 -4.27956223e-01
    4.75042939e-01 -3.48241180e-01 -4.62389410e-01 -3.44733298e-01
    -1.06000364e-01 6.67566657e-01 -6.54958844e-01 -5.06908655e-01
    1.02548647e+00 9.64433670e-01 -2.70055950e-01 -3.26055408e-01
    1.29290318e+00 1.30569148e+00 1.40190768e+00 6.55245781e-02
    -1.62880659e-01 1.19603753e+00 9.25044298e-01 4.92664278e-01
    -2.90812075e-01 1.17273366e+00 3.89996171e-02 1.33043981e+00
    -7.45694220e-01 -3.33608747e-01 -6.10635757e-01 1.67216837e+00
    5.35245538e-01 5.16353369e-01 1.25074720e+00 -3.61466020e-01
    1.65936768e+00 -7.33996212e-01 6.22653365e-02 1.50132084e+00
    4.70776021e-01 9.60764647e-01 6.08208060e-01 -5.90934038e-01
    7.94479847e-02 -5.42111397e-02 5.87042212e-01 2.60040879e-01
    6.23303056e-02 -5.08764863e-01 -6.18419409e-01 -2.50797927e-01
    1.12777412e+00 1.53129101e+00 -1.51695549e-01 4.53015447e-01
    -3.89719486e-01 9.75234509e-01 2.15546131e-01 9.17421877e-01
    1.22873557e+00 -8.50624442e-02 2.91540027e-02 -2.66870469e-01
    -1.24831319e-01 -5.94571233e-02 1.36443639e+00 -4.59152460e-02
    1.70652938e+00 1.22846568e+00 5.23676872e-02 -3.73072445e-01
    2.90741920e-01 5.96433461e-01 9.61885750e-01 1.35389757e+00
    -5.87821603e-01 2.53933311e-01 1.14204729e+00 6.96411133e-02
    9.34077859e-01 -4.64177251e-01 1.14096820e+00 1.26195431e+00
    1.03569126e+00 4.88877952e-01 4.36725378e-01 1.98058248e-01
    9.11504567e-01 6.98891401e-01 6.07765317e-01 5.56394398e-01
    1.42922938e-01 -5.27257025e-01 -3.00103933e-01 1.71942353e+00
    2.34739780e-02 5.69310904e-01 2.03525603e-01 1.63619757e-01
    3.03961098e-01 1.26829147e+00 -6.71317101e-01 1.34788108e+00
    3.76729608e-01 7.03760743e-01 1.03217959e+00 9.70415533e-01
    1.21106172e+00 2.15339243e-01 4.31190729e-02 1.24128461e+00
    9.00075436e-02 1.60966253e+00 1.62917161e+00 4.21770692e-01
    -5.99520802e-02 1.10157132e+00 9.04905319e-01 1.06155777e+00
    1.32415473e-01 1.43672967e+00 9.05302584e-01 1.02881908e+00
    1.49581432e+00 -6.40516520e-01 1.57799125e+00 4.70002472e-01
    2.04883635e-01 1.03308582e+00 -3.89477462e-01 7.23170698e-01
    1.57134986e+00 -2.03348398e-01 -4.05407995e-01 1.28136885e+00
    1.39957809e+00 -6.33704603e-01 1.04453158e+00 6.01748228e-01
    4.18838263e-02 8.32324624e-01 8.26549411e-01 -5.40466845e-01
    4.41685438e-01 8.79575074e-01 -4.76861447e-01 1.10134506e+00
    -4.37969118e-01 -6.94136143e-01 1.70037019e+00 1.04168391e+00
    5.32911301e-01 4.66906965e-01 8.13633919e-01 8.67556393e-01
    1.70012498e+00 1.47809458e+00 -1.18032813e-01 1.75028014e+00
    3.01408410e-01 -6.40108526e-01 -1.52351797e-01 5.44669271e-01
    1.34625888e+00 7.63508260e-01 1.25940728e+00 1.77613270e+00
    3.75728726e-01 1.82913566e+00 -3.55032384e-01 -4.87175584e-01
    -2.11155713e-01 -1.97650492e-01 9.60361600e-01 1.16178799e+00
    1.08560324e+00 1.55518436e+00 5.05910516e-01 1.78219652e+00
    5.93001842e-01 -1.69058025e-01 9.70899761e-01 -2.59180069e-02
    2.48747528e-01 1.35949612e-01 1.20424092e+00 -5.61670780e-01
    -2.35784054e-03 1.36332262e+00 -8.09507847e-01 3.82027209e-01
    2.47180223e-01 1.13723350e+00 1.70656157e+00 -7.28747487e-01
    6.97420955e-01 1.49701023e+00 1.34541559e+00 1.52662873e+00
    1.43728852e+00 -1.51949525e-02 -7.28785872e-01 -8.01215172e-02
    -4.78286773e-01 -4.60932255e-01 -6.51980042e-01 8.43293548e-01
    5.37014008e-01 1.17076039e-02 -5.78299105e-01 3.62738132e-01
    1.48889494e+00 -1.50809228e-01 4.17374730e-01 4.43259299e-01
    -4.50691670e-01 1.51441813e+00 1.73709822e+00 -3.91388834e-01
    1.17338681e+00 5.07512033e-01 1.58703697e+00 7.85634518e-02
    4.73627806e-01 4.42173600e-01 8.90553117e-01 6.27454877e-01
    1.65066969e+00 3.13144863e-01 9.78886306e-01 1.63816655e+00
    1.04347038e+00 -3.41314077e-03 1.61334205e+00 1.57446384e+00
    1.70511127e-01 1.34037662e+00 1.59281194e-01 9.75968361e-01
    1.12963557e-01 -1.11851573e-01 1.77144146e+00 5.56489944e-01
    -1.55568838e-01 7.61400104e-01 1.53810549e+00 -2.36417472e-01
    -1.89400375e-01 1.08928514e+00 1.45463347e+00 5.78645885e-01
    1.15421152e+00 -3.77705634e-01 -2.70530969e-01 9.09158945e-01
    5.59603691e-01 8.48129392e-02 5.88834286e-02 3.02302480e-01
    4.02751923e-01 1.43275857e-01 1.66339266e+00 7.96604037e-01
    5.46944261e-01 5.44779062e-01 1.38651335e+00 2.29585111e-01
    1.07895136e-02 1.29810762e+00 1.10038996e+00 1.05754054e+00
    7.89480746e-01 1.50939155e+00 -2.78600812e-01 -8.64709616e-02
    9.69230294e-01 -3.84635359e-01 1.33524656e+00 -5.84473968e-01
    1.39999413e+00 1.54211569e+00 1.29912448e+00 1.07768798e+00
    9.72065687e-01 1.62950540e+00 -1.14326000e-01 6.12523615e-01
    1.43688369e+00 1.37369990e-01 -6.22077703e-01 2.62921035e-01
    1.20747530e+00 3.72012258e-02 -7.18682587e-01 9.51447368e-01
    1.03959298e+00 2.14999437e-01 -1.91437781e-01 4.85894322e-01
    -3.14982533e-02 9.40470576e-01 6.00767732e-01 1.87707591e+00
    2.36843944e-01 9.12888944e-01 1.47985566e+00 1.31940544e-01
    1.36834025e+00 1.41738653e-02 -6.24443114e-01 -1.29345715e-01
    -9.02226567e-02 -5.71168303e-01 1.04789650e+00 -6.23141825e-01
    6.72931910e-01 2.95484066e-01 1.20895576e+00 6.60956502e-01
    7.51837254e-01 -2.86984950e-01 4.28087354e-01 -1.70531154e-01
    -6.37920141e-01 1.18854582e-01 4.43915069e-01 1.12989914e+00
    4.51221347e-01 1.50095522e+00 8.50933909e-01 -6.38282537e-01
    -5.92880607e-01 1.03639519e+00 -2.88967133e-01 -4.38114583e-01
    3.57908666e-01 -7.00688362e-03 -5.20092666e-01 1.10736549e+00
    6.38879418e-01 5.82421660e-01 2.36777186e-01 4.62938786e-01
    -3.01072896e-01 1.73502362e+00 1.77907205e+00 1.01344228e+00
    -4.31707025e-01 9.47512150e-01 5.93372583e-01 6.93355739e-01
    8.91861558e-01 4.76919293e-01 3.30713391e-01 1.71272635e+00
    5.08771062e-01 5.67309618e-01 -7.73486495e-02 1.80937946e-01
    1.06134057e+00 1.85938418e-01 1.36101866e+00 -3.36034060e-01
    5.80026746e-01 7.30412602e-01 7.58527994e-01 -5.54785609e-01
    1.62807405e+00 -5.74818611e-01 3.15123975e-01 1.61991847e+00
    1.06791282e+00 1.16433978e+00 -7.86297262e-01 2.73754537e-01
    1.63285720e+00 1.55833483e-01 5.46283603e-01 1.47698438e+00
    1.47605228e+00 -7.34082520e-01 -4.68946010e-01 1.02340305e+00
    1.68207836e+00 1.63866818e+00 8.85885239e-01 6.94984317e-01
    1.53599262e-01 -7.67681658e-01 1.76255059e+00 5.29419005e-01
    1.15800047e+00 -6.63529813e-01 -4.99114871e-01 1.15705490e+00
    -6.82294846e-01 5.52750826e-02 5.31144440e-01 8.83661032e-01
    -6.98432684e-01 4.09780741e-01 1.44535303e+00 -7.38452256e-01
    -3.24093103e-02 1.71960342e+00 4.97411966e-01 -2.89703220e-01
    -5.98811567e-01 1.12211728e+00 -1.19305491e-01 1.82241917e+00
    2.27715373e-02 5.25150180e-01 -1.24014676e-01 1.73428667e+00
    1.27549088e+00 1.62690449e+00 1.00609553e+00 2.70976424e-02
    -2.12668240e-01 1.66679561e-01 -5.50754488e-01 8.78201425e-01
    -5.85301816e-01 5.70386291e-01 6.46341443e-01 -6.31574273e-01
    -2.31729448e-01 1.74624419e+00 1.39882135e+00 1.69240332e+00
    -1.00639522e-01 -1.10973239e-01 4.62915897e-01 -7.03137636e-01
    -7.72061944e-02 -2.62533069e-01 -3.85063082e-01 -3.66207689e-01
    -8.47746730e-02 1.65901637e+00 9.79018509e-01 1.64617693e+00
    -4.72890794e-01 1.04410601e+00 -6.37244821e-01 -2.29215145e-01
    6.49023712e-01 1.07206964e+00 -1.11417294e-01 3.67551565e-01
    -1.96207583e-01 5.97414374e-02 -3.89499962e-01 -8.84679556e-02
    1.37526655e+00 9.88776565e-01 -6.50383234e-01 1.65424407e+00
    8.86821508e-01 9.56621230e-01 1.23175287e+00 1.23903143e+00
    1.71946013e+00 1.91672266e-01 -1.13353431e-01 1.82252169e+00
    -4.00514036e-01 -5.66529095e-01 9.22658443e-01 1.50211787e+00
    -6.17248535e-01 1.50548708e+00 -7.61573195e-01 1.24536502e+00
    1.00186574e+00 4.06242728e-01 -5.16236603e-01 1.54647589e+00
    -5.38062811e-01 1.34213662e+00 1.02068961e-01 1.49160814e+00
    8.41885805e-02 7.80085683e-01 1.33375072e+00 2.22652614e-01
    1.47322249e+00 2.69234776e-01 1.42821574e+00 -5.92533469e-01
    -5.63904047e-01 5.71407080e-01 -1.71839893e-01 7.24658370e-01
    1.87559128e-01 1.35227966e+00 2.07421005e-01 5.70718646e-01
    4.39315319e-01 7.10476995e-01 1.62193143e+00 -2.51098245e-01
    4.81317669e-01 1.22438693e+00 8.81796062e-01 1.03921819e+00
    5.12609363e-01 9.74944949e-01 3.27257097e-01 -4.77284402e-01
    4.22384262e-01 7.35726893e-01 -1.83300376e-01 6.01886988e-01
    8.16872001e-01 2.09052026e-01 1.75270331e+00 5.81350684e-01
    9.28682089e-03 1.00062823e+00 6.14201069e-01 -5.96879900e-01
    -2.39883423e-01 -3.17572474e-01 5.20119071e-01 8.77943814e-01
    -1.13637745e-01 -3.29461873e-01 -7.20543742e-01 6.21919751e-01
    8.80533457e-01 8.82602215e-01 1.48530781e+00 4.58173394e-01
    1.19896340e+00 1.31395328e+00 7.79136837e-01 3.34213436e-01
    2.67552614e-01 1.16247952e+00 8.21968734e-01 -5.18037081e-01
    6.78237200e-01 7.53579140e-01 7.12044537e-01 1.42379403e-01
    1.49811363e+00 -5.70898533e-01 9.38588083e-01 1.00093377e+00
    3.62532258e-01 7.25314736e-01 1.37613142e+00 1.32275462e+00
    -4.70971256e-01 6.00412250e-01 -5.51921725e-01 6.60650015e-01
    -1.91240847e-01 -1.74647629e-01 1.79793167e+00 1.75528038e+00
    6.95046782e-02 1.05601907e+00 9.48497415e-01 1.42031753e+00
    7.92329788e-01 1.15080070e+00 -5.22851229e-01 1.74538434e-01
    1.40053105e+00 -2.68100888e-01 1.57969928e+00 9.67340529e-01
    -1.42300665e-01 1.43397570e+00 7.80495882e-01 -9.69790220e-02
    -7.29293585e-01 1.33008289e+00 1.10091746e-01 1.02976632e+00
    1.40847135e+00 6.04897499e-01 3.91241491e-01 1.25342655e+00
    1.57065082e+00 1.17260325e+00 1.08361113e+00 7.08620906e-01
    -3.79036635e-01 -7.00839520e-01 5.44819832e-02 1.38897896e+00
    1.55583966e+00 1.22820246e+00 1.45576572e+00 1.36856949e+00
    1.52758420e+00 1.39312196e+00 9.59245324e-01 -3.77798498e-01
    -5.35668373e-01 1.74293447e+00 -5.71530819e-01 4.53844666e-02
    5.42443991e-02 1.65162182e+00 1.07159913e-01 3.48919272e-01
    3.89176607e-02 1.28069043e+00 5.55976629e-01 -1.18799567e-01
    -6.26255333e-01 1.56014121e+00 -4.71848100e-01 -5.45168400e-01
    -1.75320327e-01 9.86802995e-01 8.64117742e-01 1.30649674e+00
    2.06967354e-01 6.40586078e-01 1.27013302e+00 7.11028755e-01
    -1.39492393e-01 1.40653718e+00 7.52476752e-01 1.30807638e-01
    4.78312969e-02 -6.03480518e-01 1.35174978e+00 3.46145213e-01
    -3.14806521e-01 -5.70687175e-01 2.26367116e-02 -5.97213507e-01
    1.44981265e+00 -6.98179007e-01 8.81975949e-01 1.61838365e+00
    1.46497548e+00 -5.99591136e-01 8.45373273e-01 -2.23278999e-04
    1.04070747e+00 -1.90569758e-01 8.89325142e-02 1.38162589e+00
    -1.12887919e-01 1.58507895e+00 1.11163354e+00 6.89417362e-01
    1.45625234e+00 -6.29010737e-01 1.16225839e-01 1.29540539e+00
    1.52975452e+00 -1.14200473e-01 -2.24973202e-01 2.53795385e-02
    7.86836445e-01 -1.56322956e-01 -2.80309141e-01 -5.02676368e-01
    1.40084720e+00 1.46316457e+00 1.72400832e+00 6.04047239e-01
    -1.10486090e-01 -1.11117303e-01 -4.76102471e-01 9.69758511e-01
    2.99392939e-02 1.79370761e-01 9.62221622e-02 -4.12512064e-01
    1.06235778e+00 5.50491095e-01 1.44920516e+00 8.86738718e-01
    -9.18153524e-02 2.52894640e-01 2.83751667e-01 4.27429616e-01
    2.79473782e-01 4.47575092e-01 -1.25666499e-01 -1.58847332e-01
    4.19777274e-01 1.59457457e+00 1.71311688e+00 8.53637218e-01
    -3.60998750e-01 1.19885731e+00 -6.17861152e-01 1.57214355e+00
    9.80023623e-01 1.33091879e+00 1.03060293e+00 1.54119468e+00
    2.19019175e-01 2.60409951e-01 -4.01540339e-01 9.97204840e-01
    -6.18863225e-01 4.34477806e-01 -1.35175407e-01 -4.64340419e-01
    -5.57501435e-01 -1.87840343e-01 2.58812904e-01 1.53012156e-01
    -2.82210290e-01 1.06482053e+00 -8.11514974e-01 1.29619062e-01
    1.61396825e+00 3.77948880e-01 7.50267148e-01 3.69586587e-01
    1.35135937e+00 3.91540408e-01 3.00933659e-01 -1.88424587e-02
    1.04419231e-01 1.41016006e+00 1.45231390e+00 1.04979873e-01
    1.44956183e+00 1.32958460e+00 1.20952845e-01 2.43706644e-01
    8.81386578e-01 4.70897496e-01 -4.74512666e-01 1.20953298e+00
    -3.05322409e-01 -1.85608685e-01 -1.30175829e-01 7.96862781e-01
    1.71740651e-02 -2.62957692e-01 1.68472660e+00 3.82100344e-02
    1.35021067e+00 1.06470990e+00 -2.56293774e-01 1.30176330e+00
    1.67174077e+00 -2.35229850e-01 6.19421184e-01 1.53615308e+00
    1.48699212e+00 8.25913548e-01 -4.47901309e-01 1.55078351e+00
    1.08955240e+00 1.54339600e+00 4.10332024e-01 -8.22268128e-02
    2.42204547e-01 8.30534697e-02 1.51046121e+00 1.61444235e+00
    3.70761633e-01 1.15342999e+00 1.53394377e+00 -3.75860929e-02
    9.39813435e-01 1.71122742e+00 5.38512468e-02 -3.37016076e-01
    9.21318531e-02 1.33806729e+00 -6.51384652e-01 4.03854012e-01
    -5.57439327e-01 -4.98356014e-01 1.18287742e+00 -5.72973132e-01
    1.43635035e-01 1.59356713e+00 -3.72741580e-01 -4.15437847e-01
    1.15961587e+00 1.43843746e+00 8.04618895e-01 2.81571746e-01
    1.40704632e+00 -8.20799053e-01 -5.74864745e-02 -6.52327657e-01
    3.78071606e-01 1.20022702e+00 1.48389518e+00 1.14575219e+00
    3.42054486e-01 9.20547128e-01 9.86366034e-01 -1.01844490e-01
    1.65106773e-01 4.41009402e-01 -3.98151606e-01 -1.51561618e-01
    1.68862915e+00 9.72091377e-01 8.77609015e-01 -2.08047032e-02
    1.80962443e+00 -1.16735399e-01 4.61151600e-02 -5.71276546e-02
    -6.70196414e-02 -2.63772815e-01 4.94602025e-01 -6.13205254e-01
    8.31224918e-02 -3.25006664e-01 1.46511877e+00 1.19371223e+00
    1.43222034e-01 -5.11373043e-01 -1.82519436e-01 1.38342381e-03
    3.57112527e-01 5.94153464e-01 6.40180290e-01 1.36666226e+00
    3.01088750e-01 -3.75224888e-01 9.90940809e-01 1.08029950e+00
    1.63434660e+00 -6.51260316e-01 2.66650736e-01 -1.36316061e-01
    1.17992806e+00 1.07807708e+00 5.80612659e-01 8.70101154e-01
    1.02887475e+00 -6.85971737e-01 3.57328057e-01 6.97743714e-01
    3.81785035e-02 9.22023654e-01 1.74671388e+00 5.92172146e-04
    9.60607052e-01 1.37039626e+00 6.40585899e-01 -7.88360000e-01
    4.50108230e-01 9.60454285e-01 -7.20631599e-01 -7.47117817e-01
    -3.47327620e-01 1.37708592e+00 1.67819190e+00 2.66737103e-01
    6.88122571e-01 1.36156726e+00 1.25524938e-01 1.75581014e+00
    1.35292304e+00 -2.21013010e-01 1.29373658e+00 1.42110407e-01
    8.69329333e-01 1.03551388e+00 6.77143574e-01 -1.69078529e-01
    1.44305229e+00 1.42321742e+00 1.48709106e+00 -4.43987548e-01
    -4.31315750e-01 1.28140712e+00 -2.39760816e-01 -4.37941462e-01
    -1.93589032e-01 1.17026913e+00 -1.64793968e-01 -3.22605789e-01
    9.90254879e-02 4.67731416e-01 3.22130322e-02 5.78236043e-01
    -5.34153342e-01 -1.37724340e-01 1.40595484e+00 8.18721712e-01
    1.54846907e+00 1.38316989e+00 7.44143844e-01 3.04546058e-01
    1.23210859e+00 1.58119988e+00 9.19007540e-01 -6.25499070e-01
    7.43016124e-01 1.48343742e+00 -5.44632077e-02 3.49481702e-01
    -6.85461044e-01 -5.89891315e-01 -2.73449123e-01 -4.60029244e-02
    1.16660249e+00 6.49605155e-01 1.63974643e+00 1.35470521e+00
    -7.50960767e-01 1.34474862e+00 1.31955743e+00 -4.22663629e-01
    1.81773472e+00 5.13414145e-01 4.48010504e-01 -6.19009316e-01
    3.42792153e-01 1.40734255e-01 3.59956980e-01 7.66737223e-01
    -5.51681280e-01 -2.10803807e-01 -4.17715371e-01 6.35280609e-02
    1.53645730e+00 1.83092773e+00 -1.87839448e-01 -7.04417884e-01
    1.68893969e+00 7.55726337e-01 1.23926520e-01 -6.23279810e-02
    1.82151842e+00 7.17236459e-01 1.59967530e+00 8.02225351e-01
    1.50048065e+00 -3.95937264e-01 1.30933440e+00 -4.67818975e-02
    3.32593322e-02 1.45405793e+00 1.29227114e+00 1.15525413e+00
    -8.58145118e-01 9.27505195e-01 1.55165577e+00 -2.88886428e-02
    8.66898775e-01 4.55982685e-01 8.83287311e-01 1.56567371e+00
    -5.87830305e-01 5.86507916e-01 -3.28703701e-01 -2.53950685e-01
    5.17579913e-02 1.35817909e+00 -6.34421170e-01 7.51975238e-01
    7.75100589e-02 3.28367174e-01 9.21370685e-01 1.45663714e+00
    1.48089743e+00 -5.84434032e-01 7.41679549e-01 5.55229187e-02
    -7.25171685e-01 -2.11196184e-01 1.38730407e+00 -6.92366898e-01
    -4.95821804e-01 1.00560486e+00 4.18873429e-01 1.05600345e+00
    1.23375833e+00 -4.17036325e-01 3.14422786e-01 1.13999307e-01
    -6.55865073e-01 1.60454381e+00 1.70427823e+00 -3.48817348e-01
    1.64075959e+00 -1.69107080e-01 5.48262596e-01 9.78610396e-01
    -2.76800990e-02 4.53123093e-01 1.00748038e+00 -7.63395011e-01
    -7.95946300e-01 1.23567021e+00 3.30786943e-01 -7.09025145e-01
    5.40028036e-01 -7.57173538e-01 1.24853992e+00 6.18256748e-01
    3.02972913e-01 5.08874536e-01 -7.29896665e-01 -3.22749943e-01
    -4.53965694e-01 4.94063318e-01 3.96011591e-01 -7.73110986e-03
    1.31762171e+00 1.48028266e+00 3.08660269e-02 7.71083295e-01
    6.55641496e-01 9.47535634e-02 -5.18382251e-01 1.86171854e+00
    1.03808343e-01 3.41164172e-01 -3.38062704e-01 4.62396443e-01
    6.91546798e-02 7.77120054e-01 1.27226472e-01 -6.73052490e-01
    1.01493454e+00 8.16587806e-01 9.73885179e-01 1.46399093e+00
    1.12806153e+00 -5.55225313e-01 8.41202021e-01 1.68517959e+00
    1.20295787e+00 8.47789586e-01 -6.46082699e-01 1.17037737e+00
    3.53409231e-01 -1.34599388e-01 1.44333124e-01 9.99997795e-01
    1.65452814e+00 -3.56249154e-01 7.05069959e-01 2.12376714e-01
    5.94591081e-01 1.54629493e+00 -5.71173787e-01 -6.23815894e-01
    1.63004899e+00 3.13781857e-01 9.48588431e-01 -5.01679063e-01
    7.44682550e-03 8.97966385e-01 1.35814106e+00 1.09410715e+00
    1.50488734e+00 5.86098433e-03 1.07500803e+00 7.06627309e-01
    5.52691281e-01 -5.14459908e-01 -3.50307733e-01 -4.30543423e-01
    -4.64907020e-01 1.36339104e+00 1.75597739e+00 -5.91692150e-01
    -6.12008214e-01 1.67450893e+00 2.58539021e-01 1.56703413e-01
    -5.47011852e-01 1.62399817e+00 -3.94761354e-01 -6.50165081e-02
    6.84248567e-01 7.81404018e-01 1.78549826e-01 1.65454721e+00
    1.57438326e+00 -5.23279548e-01 -2.44577050e-01 -3.36115032e-01
    1.23350728e+00 -5.09693503e-01 1.80537868e+00 -6.22263730e-01
    1.20756578e+00 1.66860139e+00 -3.97295743e-01 1.46296978e+00
    3.16325426e-01 1.40079761e+00 3.64668250e-01 3.04523110e-01
    1.68056905e+00 -5.84359527e-01 -6.61266863e-01 1.35507309e+00
    3.62860024e-01 7.08597720e-01 2.77558923e-01 1.00539434e+00
    -1.44796371e-02 -3.70574176e-01 -7.09318936e-01 1.69047034e+00
    2.47918844e-01 1.32688761e-01 1.09928894e+00 1.42737389e+00
    -3.12528729e-01 -7.75777996e-01 -2.57016301e-01 -7.71512330e-01
    1.32425427e+00 2.42870629e-01 3.66843402e-01 1.45692122e+00
    3.65246534e-01 7.48440623e-01 5.66026807e-01 8.91737282e-01
    -5.11471987e-01 1.28832340e+00 5.89934349e-01 -4.44943100e-01
    1.42254484e+00 -2.46509850e-01 1.20975578e+00 -6.29940629e-01
    1.38076258e+00 1.60779774e+00 9.46426392e-03 1.16384387e+00
    1.44618344e+00 9.69750524e-01 7.58112490e-01 1.16964054e+00
    -6.97830915e-01 1.03605652e+00 5.82750618e-01 1.34847569e+00
    -4.86285686e-01 6.84578955e-01 7.00397134e-01 -1.85062706e-01
    2.55615830e-01 -8.37444663e-02 7.52590895e-01 1.53830588e+00
    3.29369307e-03 3.72354090e-01 1.59428978e+00 1.60444105e+00
    5.34769297e-01 1.63134480e+00 2.69083202e-01 1.05083919e+00
    -2.18392015e-01 -4.05499339e-02 4.83146966e-01 8.04141045e-01
    -6.42828643e-01 -2.23322868e-01 1.27744186e+00 1.17094994e+00
    1.02770007e+00 -1.06371224e-01 1.16539764e+00 -5.63585877e-01
    -1.67906702e-01 1.14751410e+00 1.83977938e+00 -5.72774291e-01
    8.70894969e-01 1.74758196e+00 1.24696434e-01 6.66984200e-01
    -3.66594851e-01 1.69724119e+00 1.07606149e+00 -4.56157237e-01
    6.00355864e-02 2.40953147e-01 -6.18666470e-01 1.47116733e+00
    -2.66955376e-01 4.22046781e-02 -1.03006959e-02 -3.89962286e-01
    -4.28169370e-01 -5.23035884e-01 1.53377938e+00 1.19827199e+00
    6.56957209e-01 5.04091382e-02 1.59369600e+00 1.18565452e+00
    -4.78615969e-01 1.62759757e+00 1.44777322e+00 -7.35535681e-01
    3.45856547e-02 3.41252863e-01 8.80892277e-01 1.74279428e+00
    -6.66705847e-01 1.71193719e-01 8.00156772e-01 3.38749945e-01
    7.67860115e-01 -5.39964139e-01 1.62028563e+00 1.59176564e+00
    4.03090358e-01 -4.15237516e-01 5.76136708e-02 1.74968362e+00
    1.42394567e+00 1.62311709e+00 1.13170528e+00 1.06556034e+00
    2.73782969e-01 9.93572474e-01 -1.70290589e-01 -1.80580437e-01
    -5.27483821e-02 -2.26588786e-01 1.06248605e+00 1.27507544e+00
    -4.35913801e-01 -2.22236097e-01 5.66321015e-01 -6.69234455e-01
    -1.65974021e-01 1.99237585e-01 -1.53390825e-01 -4.75646555e-01
    1.56042838e+00 -5.39671302e-01 2.39603698e-01 1.00971651e+00
    9.79194522e-01 2.67047942e-01 9.72283423e-01 6.85658634e-01
    1.06725836e+00 2.61395574e-01 9.00778055e-01 -7.11143613e-01
    1.85303390e-01 8.95289183e-01 -1.41734481e-02 1.54059219e+00
    -5.99155068e-01 3.36268306e-01 1.63148654e+00 1.21971381e+00
    4.90637064e-01 1.47963595e+00 6.49175763e-01 1.08420014e+00
    -4.18269634e-03 1.25402927e+00 3.29141855e-01 1.39232922e+00
    -6.92996919e-01 -4.92292106e-01 -5.94374180e-01 -5.20327330e-01
    4.47338998e-01 -1.57882571e-01 -9.03697014e-02 1.64617085e+00
    3.57292295e-02 3.77902627e-01 1.83611012e+00 -6.24705315e-01
    4.56897140e-01 1.63435042e+00 8.85494173e-01 1.05322790e+00
    -7.21162021e-01 1.15525198e+00 -4.06589806e-01 3.68091762e-01
    1.79814243e+00 1.12964034e+00 1.80699825e-02 -6.24487460e-01
    1.88176942e+00 5.04318893e-01 -2.65324235e-01 7.02821732e-01
    5.81243038e-01 -2.46980548e-01 1.21701264e+00 2.89030731e-01
    6.18182659e-01 -8.39668512e-01 8.50411415e-01 1.22061920e+00
    5.52885175e-01 -3.98116797e-01 2.24690199e-01 1.89430714e-02
    -4.11825210e-01 1.13298261e+00 -1.96354985e-01 -4.69253480e-01
    6.64259315e-01 7.88068354e-01 -5.65920472e-01 1.09173238e+00
    1.26548958e+00 -1.14824951e-01 1.50858140e+00 -1.27432346e-01
    3.42985153e-01 -4.00364071e-01 3.23720396e-01 -2.65384465e-01
    -3.00790161e-01 6.86360359e-01 1.60607827e+00 -7.02677369e-02
    1.11003065e+00 1.48517621e+00 -2.62872696e-01 1.95584178e-01
    -5.79612017e-01 1.39568210e-01 1.66361392e+00 1.47339416e+00
    -3.83029580e-02 1.43041849e-01 -2.62992561e-01 1.36561143e+00
    9.84052777e-01 3.72365355e-01 5.75446248e-01 3.93943012e-01
    1.22727847e+00 -3.26461226e-01 8.36771309e-01 6.23284936e-01
    7.45348096e-01 -4.68474388e-01 9.36342537e-01 -5.48297763e-02
    1.64749908e+00 1.70231855e+00 -3.79219055e-02 4.98393357e-01
    7.69273996e-01 1.28371644e+00 1.92001820e-01 5.31783521e-01
    9.60916042e-01 7.09654152e-01 9.62809145e-01 -5.60170472e-01
    1.52214384e+00 5.46990275e-01 1.16927314e+00 3.77846658e-01
    -6.12835288e-02 8.22174430e-01 3.88331711e-01 7.93843389e-01
    4.50886488e-02 4.40539598e-01 -7.18227506e-01 -7.09475815e-01
    1.40850139e+00 7.22413361e-01 -1.65933371e-03 6.05849981e-01
    2.82276034e-01 7.16731548e-01 3.40313256e-01 4.94954765e-01
    5.73731482e-01 -2.77942359e-01 -3.22366118e-01 1.53259301e+00
    1.04544044e+00 7.10422516e-01 1.60154963e+00 3.59454989e-01
    5.01064062e-01 -4.03687358e-02 1.22039211e+00 6.99974656e-01
    -7.42578864e-01 -8.12559247e-01 1.67706442e+00 6.72295272e-01
    1.53203321e+00 9.47979212e-01 1.50491238e+00 8.33868563e-01
    1.71710610e+00 -5.04983068e-01 5.57624519e-01 1.36681855e+00
    6.59649372e-01 -6.24111295e-01 3.36062193e-01 8.12538326e-01
    3.15170884e-02 -4.15516496e-01 1.68477297e-01 1.74160039e+00
    -5.84766746e-01 1.28943932e+00 -3.35648656e-01 8.78896832e-01
    8.32380116e-01 3.91287863e-01 1.23535836e+00 -3.85098726e-01
    -3.70331228e-01 1.36131048e-03 -4.60363030e-02 -5.28459787e-01
    -4.76083159e-02 4.88046288e-01 1.52278185e-01 8.65192711e-01
    9.06207561e-01 7.37608552e-01 -6.62937403e-01 -5.52948713e-01
    2.56110847e-01 1.01575792e-01 3.87164354e-02 1.73745692e+00
    2.88570523e-02 -3.78554702e-01 4.59004462e-01 -6.84526622e-01
    1.72810018e+00 -2.37913013e-01 2.16380119e-01 1.02576125e+00
    -3.40225130e-01 -7.57789016e-01 7.35064745e-02 5.21816492e-01
    1.70004082e+00 1.11032414e+00 2.08148897e-01 -1.98330939e-01
    1.08433843e+00 1.12679422e-01 1.15811372e+00 -6.18143559e-01
    9.66984034e-02 9.10561621e-01 1.41498113e+00 -9.69250798e-02
    -5.53373456e-01 1.15259409e+00 -7.08036363e-01 3.47132206e-01
    1.39706516e+00 -2.70473748e-01 9.08286333e-01 7.10905194e-01
    8.86439443e-01 5.99495709e-01 9.38751996e-01 5.85625172e-02
    1.74662471e-01 1.45236409e+00 1.21883428e+00 6.44614518e-01
    2.74070501e-01 1.16045892e+00 2.91812301e-01 1.09309530e+00
    1.51032746e-01 2.31328666e-01 1.49679995e+00 7.77071476e-01
    1.12171519e+00 -3.96523803e-01 -5.89271903e-01 -5.50072432e-01
    -3.15691382e-01 -3.44515651e-01 1.50623858e+00 1.33438611e+00
    8.19022000e-01 1.64126420e+00 9.16974127e-01 1.15827203e-01
    -3.45115423e-01 -7.09834397e-01 1.62956369e+00 1.16470683e+00
    -9.76419449e-03 1.26695919e+00 7.67273426e-01 9.95182693e-01
    -8.53382945e-02 1.64481211e+00 1.26248527e+00 7.37451315e-02
    5.44858575e-01 1.53125846e+00 4.15409207e-01 -6.23732865e-01
    1.66288507e+00 1.79353297e-01 1.67668605e+00 7.68823683e-01
    6.25522971e-01 1.97265387e-01 1.49226487e+00 1.25425935e+00
    -7.60226130e-01 1.62497854e+00 8.66843104e-01 -1.29135013e-01
    7.13846505e-01 -5.60974956e-01 8.02689791e-02 -6.12416267e-02
    6.89762831e-02 -5.33813119e-01 8.04564893e-01 -2.37378776e-01
    6.17593348e-01 7.69716263e-01 8.25131118e-01 -6.34387791e-01
    5.69200397e-01 1.16756260e+00 4.22873974e-01 -4.97943908e-01
    -5.70291340e-01 1.85465431e+00 -1.63847566e-01 1.38265944e+00
    2.22911537e-01 -6.76781535e-02 -5.72556734e-01 9.00121927e-02
    3.28700840e-01 1.08956742e+00 -5.16231418e-01 1.72017169e+00
    5.61309636e-01 1.33328795e+00 -1.52805328e-01 1.33092380e+00
    1.38682282e+00 -6.43636167e-01 1.23363066e+00 -4.24555629e-01
    -4.44442034e-01 -2.56447464e-01 -4.86700416e-01 -6.06986523e-01
    7.74273038e-01 -2.36591399e-01 1.79205871e+00 -9.99022722e-02
    -2.17906833e-02 1.33206201e+00 1.70831919e+00 1.34930182e+00
    1.28386641e+00 4.39046383e-01 -6.40611112e-01 3.41430128e-01
    1.26413262e+00 1.83779287e+00 -5.03975034e-01 9.32785094e-01
    3.78988147e-01 1.61823416e+00 3.47521901e-02 1.45161951e+00
    5.87014258e-01 -2.51187921e-01 -8.51479471e-01 1.02054811e+00
    1.17103124e+00 1.16050327e+00 1.24895453e+00 7.39068687e-01
    1.64065087e+00 -6.38511956e-01 -5.82512140e-01 4.93308246e-01
    1.67236030e-01 -3.16587597e-01 -6.27716303e-01 3.21220517e-01
    1.43657351e+00 -6.84343159e-01 1.99662924e-01 5.27134299e-01
    7.53366113e-01 -3.93062562e-01 -7.06578672e-01 9.59278703e-01
    1.30974042e+00 1.56934392e+00 -2.14818418e-01 7.69295692e-01
    1.63564754e+00 -4.11031723e-01 6.67480826e-01 8.51228952e-01
    5.64967990e-02 6.68524504e-01 2.50717402e-02 7.10125625e-01
    1.42955852e+00 1.52292371e+00 -5.62408388e-01 -1.70147955e-01
    3.69281948e-01 1.60408592e+00 1.18391001e+00 1.66105509e+00
    9.88651156e-01 1.99200869e-01 -6.47019863e-01 1.17856562e+00
    8.88627887e-01 6.48702443e-01 1.63516760e+00 -7.29297996e-02
    5.76841176e-01 1.53953350e+00 -6.18804336e-01 1.23785007e+00
    1.40357780e+00 -9.68356729e-02 3.24456155e-01 1.49526131e+00
    5.99469006e-01 -1.15427494e-01 1.51386726e+00 1.53585768e+00
    1.87166035e-01 1.21038723e+00 8.06040883e-01 -4.26650643e-02
    1.39098811e+00 9.94696617e-02 -8.80675435e-01 2.08409369e-01
    1.52990937e+00 -7.28092968e-01 5.02364278e-01 8.42407346e-01
    1.80936515e-01 -5.58837771e-01 4.99610066e-01 -4.29766059e-01
    1.64727461e+00 -2.64946818e-02 8.61050248e-01 5.56458116e-01
    -1.20903850e-01 -5.32327414e-01 1.65217054e+00 -1.49515390e-01
    1.09612072e+00 -8.01539421e-03 1.67359257e+00 1.47608805e+00
    6.91857576e-01 2.35226870e-01 1.74820757e+00 9.00792837e-01
    4.57583070e-01 1.35977936e+00 -6.13463998e-01 -3.40779871e-01
    4.33231592e-02 8.40993702e-01 4.26744223e-01 8.15492094e-01
    7.50641704e-01 6.84898436e-01 2.47580409e-02 -7.29639113e-01
    4.58146989e-01 3.31305027e-01 1.25945640e+00 7.52963662e-01
    1.78315258e+00 1.10393906e+00 -1.64159894e-01 1.23747110e-01
    8.63022566e-01 2.34624386e-01 -4.20092195e-01 1.66987133e+00
    -7.00951815e-01 9.60701823e-01 1.26080060e+00 -2.96406329e-01
    1.11194909e-01 -7.13265538e-01 8.50468755e-01 6.46984458e-01
    -3.19561481e-01 1.34186423e+00 1.46488273e+00 9.77735817e-01
    9.48993683e-01 -5.98409951e-01 5.05236506e-01 1.57225871e+00
    1.22205520e+00 1.20827007e+00 -2.05741405e-01 1.20734990e+00
    -7.71206439e-01 1.75964522e+00 6.13165021e-01 -5.41750789e-02
    -6.70620620e-01 1.04922664e+00 -1.25579238e-01 -1.47760212e-01
    8.57557952e-01 3.81642818e-01 1.57502031e+00 -6.75459743e-01
    1.31810474e+00 9.17200089e-01 -6.69753850e-01 1.14286804e+00
    -4.53991681e-01 1.59635735e+00 1.14912736e+00 7.41594195e-01
    1.80591190e+00 9.41263318e-01 -1.03226960e-01 -2.68030822e-01
    2.65104294e-01 1.29579031e+00 3.69664788e-01 -5.53191304e-02
    -3.02920938e-02 3.64878774e-01 4.79492664e-01 1.43403959e+00
    1.24768150e+00 -7.21463382e-01 -7.36749053e-01 9.45901752e-01
    1.36047459e+00 1.26671410e+00 -7.40565062e-01 1.07364058e+00
    1.49568880e+00 3.23754549e-03 -6.07798517e-01 -2.94644326e-01
    1.54729331e+00 -3.04621816e-01 2.76970088e-01 -2.53093034e-01
    2.02076268e+00 4.78494167e-01 3.39107811e-01 1.74515021e+00
    1.77374482e-02 1.34414792e+00 7.79994369e-01 1.42467093e+00
    9.51467454e-01 1.79418659e+00 5.47318578e-01 2.61383057e-01
    4.73462164e-01 7.17055976e-01 1.32734251e+00 4.04937744e-01
    7.80121684e-01 3.33221555e-02 1.41426206e-01 1.48372507e+00
    9.11138415e-01 1.42940164e+00 -6.13442719e-01 1.71825433e+00
    1.33874476e-01 9.35782075e-01 -3.86764824e-01 5.65225363e-01
    7.63069391e-02 1.80208385e-01 -4.61883187e-01 -1.88969970e-01
    1.34434557e+00 1.68552101e+00 -5.24773061e-01 5.15474081e-01
    9.17598605e-01 1.48904514e+00 7.30617166e-01 1.16571975e+00
    -5.77123165e-01 1.78091764e+00 9.85047042e-01 1.36192632e+00
    5.59238434e-01 9.92878973e-01 9.17292476e-01 8.99830997e-01
    -5.33808708e-01 9.70086575e-01 7.92649925e-01 1.21856153e-01
    -6.64482474e-01 9.31693316e-02 1.69730031e+00 -6.19314075e-01
    6.35179520e-01 1.59855413e+00 7.71488845e-01 -6.06143475e-01
    -3.16856086e-01 4.96485233e-01 2.91651487e-01 -5.97233832e-01
    2.85606742e-01 -4.32989597e-01 -6.62864208e-01 1.36523700e+00
    -3.76217425e-01 4.49340582e-01 3.09703946e-01 -4.03936148e-01
    1.68671107e+00 1.63702881e+00 5.11185586e-01 1.71979284e+00
    -5.30572951e-01 6.34598076e-01 -5.42950153e-01 -9.17117596e-02
    1.51843488e-01 3.58930230e-01 6.67497218e-01 8.24942231e-01
    2.21600890e-01 6.80149674e-01 -4.17831600e-01 1.31008220e+00
    5.99626303e-02 9.11796153e-01 1.67903352e+00 -4.80399102e-01
    -4.88533467e-01 4.02659178e-01 8.13292623e-01 1.59950066e+00
    6.37852907e-01 1.58250034e+00 1.13411951e+00 1.29898381e+00
    2.12040424e-01 1.39232695e+00 -5.49286366e-01 1.50686479e+00
    6.00109518e-01 4.70146894e-01 8.71535957e-01 -2.82489300e-01
    -7.33190954e-01 7.87343383e-01 8.70989084e-01 1.63903832e+00
    3.73926163e-02 -1.54309988e-01 -6.85682118e-01 1.43201613e+00
    -2.89061159e-01 8.41598272e-01 8.97734284e-01 4.61756349e-01
    6.90207541e-01 -6.57699406e-01 -2.76180685e-01 1.29281628e+00
    1.59266984e+00 -2.98039198e-01 -7.80283988e-01 8.85347724e-01
    2.62807608e-02 7.64163852e-01 2.16363847e-01 -7.86324859e-01
    1.32403135e+00 1.58922493e-01 -4.00720894e-01 1.09014845e+00
    -5.63014627e-01 2.88859606e-02 1.40385938e+00 1.54133368e+00
    -6.32340431e-01 -9.31609273e-02 -9.99633670e-02 1.83448672e+00
    1.63834560e+00 1.15780818e+00 1.24949551e+00 -1.70067132e-01
    3.79846454e-01 -3.77606153e-01 1.55000532e+00 1.73019719e+00
    6.07530892e-01 4.14754212e-01 1.48005271e+00 5.02540469e-02
    6.97716594e-01 1.64265454e+00 1.34144568e+00 3.01124811e-01
    -1.00753009e-01 -2.46201813e-01 1.20718420e+00 1.43697262e-01
    9.00991499e-01 -5.15984595e-01 4.47565556e-01 2.12418199e-01
    5.95775485e-01 1.69273949e+00 -2.28718817e-01 1.16981530e+00
    7.84449637e-01 4.17693377e-01 7.12411702e-01 1.25031543e+00
    7.63269663e-02 9.86511350e-01 1.38114274e-01 -2.15262830e-01
    1.70348990e+00 -5.72340727e-01 1.14585471e+00 1.66873527e+00
    8.72982323e-01 4.47499335e-01 1.21980453e+00 1.14461875e+00
    -3.52942497e-01 1.22718644e+00 1.14834428e+00 -6.09006882e-02
    1.10901046e+00 8.46033394e-01 4.61716294e-01 5.12840629e-01
    3.80460083e-01 -1.47140443e-01 7.17506826e-01 -6.50210917e-01
    1.69791162e+00 3.92421722e-01 -8.12215805e-02 -5.51813662e-01
    -7.13720918e-01 2.82595336e-01 1.62112474e-01 1.57753801e+00
    2.58757293e-01 5.72302461e-01 1.74000311e+00 -5.65204859e-01
    1.58749127e+00 5.14754653e-01 -6.13829851e-01 6.26179457e-01
    -1.57308340e-01 2.63606191e-01 -1.43649638e-01 8.44712436e-01
    -3.33447039e-01 -2.18444943e-01 -1.34920657e-01 6.61382020e-01
    8.88729215e-01 -3.19806606e-01 6.35329425e-01 -6.79723740e-01
    1.74457705e+00 1.47996068e+00 -6.83429480e-01 1.41168284e+00
    8.00515950e-01 1.32528496e+00 1.43827152e+00 1.69866812e+00
    -6.22211456e-01 -5.68638444e-01 5.01813650e-01 7.71754026e-01
    1.80372477e-01 7.97168970e-01 -7.77147710e-01 8.43830764e-01
    1.40410948e+00 -6.35409594e-01 1.37658906e+00 1.57878315e+00
    1.67897320e+00 3.87337208e-01 1.04851890e+00 -6.09250665e-01
    7.18522787e-01 1.51184607e+00 -5.65150976e-02 3.93966675e-01
    -6.26014173e-02 1.75660944e+00 1.38089633e+00 1.58659458e+00
    9.00861442e-01 1.34834516e+00 8.54472280e-01 1.37765205e+00
    1.74921417e+00 -4.74970937e-01 6.86688781e-01 1.45648181e-01
    -5.88005483e-01 8.50841999e-02 1.60027766e+00 -1.90979719e-01
    -3.23421299e-01 8.35650682e-01 1.10680532e+00 4.45715487e-01
    -1.86010838e-01 1.98790014e-01 1.02221751e+00 1.22973502e+00
    7.42678046e-02 -5.12071729e-01 -5.01064062e-02 6.57882690e-01
    -5.75294912e-01 1.20776892e+00 -6.91496730e-01 -5.12852669e-01
    2.26989388e-02 9.65829134e-01 -4.73027945e-01 1.48361659e+00
    3.60079408e-01 -6.65130019e-01 -5.54253697e-01 8.17081332e-01
    2.81593382e-01 7.87352681e-01 3.72176468e-01 -3.94503713e-01
    -3.90811116e-01 2.20635414e-01 1.75318658e+00 1.71428812e+00
    1.97528064e-01 7.08229899e-01 -7.15938210e-01 -4.17703003e-01
    1.10270810e+00 1.17662549e+00 1.02673256e+00 2.40712881e-01
    1.64667249e+00 5.82079291e-01 -2.58684456e-01 1.08630681e+00
    -3.91812474e-01 1.08202314e+00 3.42979491e-01 5.48808336e-01
    -5.15060723e-01 3.41266751e-01 3.06312025e-01 1.64101291e+00
    1.08055496e+00 2.66722679e-01 1.60833228e+00 -1.65316761e-01
    9.38804626e-01 3.48529100e-01 2.02217519e-01 9.52852547e-01
    2.65437365e-02 1.13481903e+00 -5.47087610e-01 -3.48968089e-01
    -4.68650222e-01 1.22356570e+00 1.00264192e+00 -2.91899234e-01
    9.62340474e-01 9.52573180e-01 3.00997257e-01 -2.10159779e-01
    -6.59249306e-01 -6.93372667e-01 1.68446374e+00 6.05556846e-01
    9.83001173e-01 8.60703349e-01 -7.88760900e-01 1.43995476e+00
    1.17648327e+00 -9.08226371e-01 5.91070414e-01 -6.86817706e-01
    1.43194020e+00 1.36482346e+00 4.96749520e-01 1.58568442e+00
    1.29751039e+00 -3.24711740e-01 9.24661040e-01 1.34399188e+00
    -4.59154814e-01 8.86326790e-01 9.08533394e-01 -2.85142660e-02
    1.27338982e+00 -3.11236203e-01 5.99447727e-01 1.72138810e-01
    -6.18553758e-01 -2.26074189e-01 -3.73069614e-01 7.19649971e-01
    -4.26021606e-01 6.97695196e-01 1.44440806e+00 -1.56475842e-01
    -5.80489516e-01 5.54892898e-01 -3.40841681e-01 2.83314586e-02
    9.30657327e-01 4.70311642e-01 -3.39814067e-01 9.29952562e-01
    8.48332644e-01 1.31751585e+00 8.55652094e-02 1.71357787e+00
    1.15496159e-01 1.10892713e+00 6.65911674e-01 5.83088994e-02
    1.39927340e+00 4.75007236e-01 -6.97130024e-01 -6.54434979e-01
    -6.92069769e-01 1.89075708e-01 1.02878094e+00 1.30372703e+00
    3.98112357e-01 -2.63393432e-01 -4.76962507e-01 1.80616236e+00
    -6.31720185e-01 7.04681993e-01 1.49772823e+00 5.67972660e-03
    1.12483037e+00 4.02591288e-01 1.00281715e+00 2.76619196e-03
    -5.97116172e-01 1.61533368e+00 -3.33739996e-01 1.02519751e+00
    8.85628164e-01 -3.75507176e-01 -3.00607711e-01 1.36363423e+00
    1.78684759e+00 -7.38184810e-01 3.72743189e-01 1.59857154e+00
    4.41857934e-01 7.34899282e-01 -2.54018128e-01 7.34193683e-01
    6.65283203e-03 3.66830945e-01 8.52056503e-01 8.73663545e-01
    9.54279959e-01 3.83270383e-02 1.86609507e-01 -5.09908795e-01
    1.63087177e+00 1.29938531e+00 1.76735735e+00 5.72218657e-01
    1.48779631e+00 -6.79754496e-01 3.45532060e-01 1.47074771e+00
    -6.89497709e-01 -2.36882329e-01 1.47861254e+00 1.31798601e+00
    -8.22142363e-02 -2.87706256e-02 1.39587200e+00 5.56912780e-01
    7.76338339e-01 1.71340680e+00 -3.52723002e-02 7.53952026e-01
    2.17792571e-01 -7.16074705e-02 -8.75550508e-03 -4.58898008e-01
    5.79210520e-02 1.10795259e-01 1.54250216e+00 -6.88089490e-01
    6.21041059e-02 -2.78866291e-03 1.26047349e+00 1.59712386e+00
    1.58970428e+00 1.39201212e+00 -1.27629101e-01 1.28556538e+00
    1.62138093e+00 -6.48791194e-01 6.93734884e-01 -4.27945197e-01
    9.00355875e-01 5.95558941e-01 9.36394572e-01 -8.11680436e-01
    1.04451478e-01 1.24319327e+00 -2.95280516e-01 1.44402444e+00
    7.82330036e-01 3.94723177e-01 8.43070865e-01 1.44181013e+00
    2.15308368e-01 1.29346061e+00 7.74460316e-01 6.70538306e-01
    6.21632457e-01 6.17292404e-01 1.16543460e+00 -5.32146692e-01
    1.29501855e+00 1.29091775e+00 -7.92643309e-01 -3.74833941e-02
    6.96532547e-01 8.59114051e-01 1.18012989e+00 -7.57446647e-01
    -1.84168518e-01 1.87797713e+00 3.48236024e-01 1.26037300e+00
    2.06228542e+00 -2.95843899e-01 -5.49826682e-01 -1.29260838e-01
    -5.61055541e-01 9.37065661e-01 -7.06980884e-01 1.33413363e+00
    6.96805179e-01 -7.14809656e-01 8.29035401e-01 9.45969701e-01
    1.01032412e+00 1.10950661e+00 7.79514134e-01 -4.11600977e-01
    7.42054045e-01 1.19574404e+00 2.72963405e-01 9.16016817e-01
    -5.19386292e-01 -4.71688181e-01 -6.34194136e-01 1.27118862e+00
    -6.57426655e-01 1.11894155e+00 -3.39895487e-03 2.07881629e-01
    5.98993659e-01 -5.99285424e-01 1.00101602e+00 1.23896575e+00
    9.54065502e-01 -6.58498406e-01 9.03663576e-01 1.40644157e+00
    1.61943805e+00 -7.23890722e-01 1.64141262e+00 2.79992819e-02
    9.21208382e-01 1.14219356e+00 1.05527067e+00 7.54531205e-01
    1.70275927e+00 2.91643023e-01 1.28537714e+00 1.01421285e+00
    1.27596140e+00 -4.11049992e-01 1.18437362e+00 5.15997410e-01
    -3.96723598e-01 -6.11799955e-01 -4.43246961e-02 1.62979221e+00
    7.39644766e-01 9.33148146e-01 2.11873353e-01 2.86800325e-01
    1.10125756e+00 1.33057022e+00 2.52140999e-01 -4.47390676e-02
    9.44874704e-01 1.33923686e+00 -5.33756256e-01 1.72615349e-01
    1.63584042e+00 1.02789330e+00 -1.16469204e-01 1.42060018e+00
    1.04385948e+00 3.91437411e-02 1.67772830e+00 9.19525087e-01
    -5.15892029e-01 -1.82440281e-02 -5.33155918e-01 3.59617889e-01
    1.12199283e+00 -5.16873598e-03 -2.20287323e-01 -5.68653941e-01
    1.01409006e+00 -1.91995949e-01 1.69257283e+00 1.19797707e+00
    1.53038931e+00 3.64954710e-01 8.61021399e-01 4.81684089e-01
    1.32771575e+00 7.46048689e-01 4.66393709e-01 6.52034700e-01
    2.28627622e-01 1.07787442e+00 -4.08267379e-02 5.37721455e-01
    -1.66461527e-01 3.45745265e-01 1.29882753e-01 1.24417543e+00
    -9.69137549e-02 -5.06210268e-01 1.32203519e+00 1.58234262e+00
    -2.72002995e-01 -5.44775307e-01 1.02443528e+00 -2.98118949e-01
    9.19929743e-01 -3.97135377e-01 -5.71761429e-01 -6.27125919e-01
    1.30326235e+00 2.81819940e-01 7.15693355e-01 -6.46049917e-01
    5.23694515e-01 1.73886931e+00 8.66483986e-01 -1.85572147e-01
    -5.14193892e-01 1.62704945e+00 7.38137484e-01 1.61529183e-02
    5.89263976e-01 4.59938765e-01 1.58073652e+00 1.17591584e+00
    -2.97633648e-01 9.53159869e-01 -3.73138726e-01 -2.22696424e-01
    6.15113974e-03 4.74016547e-01 1.68262386e+00 2.26110220e-03
    1.59554994e+00 9.83005762e-01 -1.83727384e-01 -1.79220021e-01
    -2.00599372e-01 1.29097676e+00 2.81726182e-01 -6.50441885e-01
    9.73082185e-01 1.00167799e+00 8.03481579e-01 -2.98527479e-01
    1.79719210e+00 4.13545012e-01 5.46727657e-01 1.35153115e+00
    4.00888324e-01 5.73584437e-02 1.30020213e+00 3.58136356e-01
    7.67436862e-01 -3.14742327e-02 1.04258668e+00 1.40763962e+00
    9.69926417e-01 3.90235960e-01 -7.04525113e-01 2.39954948e-01
    1.02660787e+00 -5.20751595e-01 1.51869822e+00 -7.08104014e-01
    1.33100665e+00 4.51610804e-01 6.54287040e-01 1.41528380e+00
    3.23981643e-01 2.81701744e-01 7.63322115e-01 -2.14379787e-01
    7.38670111e-01 -4.70965952e-01 -8.14580917e-03 1.95550561e-01
    1.12006187e-01 -3.87178361e-01 -5.21674573e-01 8.05337369e-01
    -4.43746090e-01 7.65997231e-01 2.73954570e-01 -4.19621140e-01
    4.25799847e-01 2.04534411e-01 7.32805371e-01 1.59985209e+00
    1.49798942e+00 1.15895343e+00 1.24505031e+00 8.27388942e-01
    -7.29540467e-01 1.37962496e+00 1.23445415e+00 1.48856401e+00
    1.00821900e+00 1.27244997e+00 6.91064119e-01 -2.79410481e-02
    1.57379174e+00 4.51595545e-01 -4.03571188e-01 -3.10089588e-01
    -1.78266406e-01 1.08390307e+00 1.59770358e+00 -3.64478320e-01
    4.99038756e-01 -5.02512455e-02 1.59659207e+00 2.65673578e-01
    1.31405115e+00 2.30984926e-01 -2.08615303e-01 8.91532302e-01
    1.65353048e+00 1.18851590e+00 -7.06279159e-01 -3.19086909e-02
    1.53879285e+00 1.10686946e+00 1.04212093e+00 9.15217936e-01
    1.63256216e+00 7.01948404e-02 -8.55697274e-01 4.63585377e-01
    1.33907127e+00 -2.80066252e-01 4.51059759e-01 9.26791012e-01
    4.20804620e-01 -6.07353687e-01 6.47638440e-01 3.45447540e-01
    -3.89322430e-01 -7.39527822e-01 -5.24516523e-01 1.48333430e-01
    1.09189785e+00 1.03542483e+00 3.34686399e-01 1.27841187e+00
    1.62188220e+00 -5.24133444e-01 1.75775826e+00 7.88961828e-01
    4.63393331e-03 1.19704771e+00 3.79631996e-01 -2.08328724e-01
    -4.19777840e-01 -3.77236426e-01 1.43291116e-01 6.63053215e-01
    -7.68246889e-01 7.02465177e-02 -4.22614813e-02 -1.20834112e-02
    1.15184712e+00 8.19051862e-02 3.65426540e-02 -6.26054764e-01
    7.14206576e-01 -2.18393385e-01 5.23127139e-01 5.34019232e-01
    4.93987203e-02 4.94184852e-01 -1.64328277e-01 5.42309582e-01
    -1.36717439e-01 1.08302951e+00 1.62996507e+00 -2.19302833e-01
    1.52707636e+00 1.73745370e+00 -6.73412681e-02 1.53087628e+00
    -1.48977995e-01 -5.61738551e-01 7.80658364e-01 -7.27045536e-03
    2.13793397e-01 -9.86257195e-02 -2.05371320e-01 -6.04149699e-01
    -4.27641898e-01 9.00770187e-01 1.05934381e-01 -3.09084564e-01
    7.71622539e-01 -4.90367681e-01 1.07694817e+00 1.77418327e+00
    6.18663847e-01 -6.05079830e-01 6.27766252e-02 7.75587320e-01
    -6.71394348e-01 1.54055381e+00 -5.90004981e-01 1.29387736e+00
    1.57316744e-01 9.69483137e-01 -3.04729521e-01 -1.96949780e-01
    6.29039526e-01 1.43239725e+00 6.50056243e-01 1.61318338e+00
    3.29227090e-01 3.29132855e-01 1.17884660e+00 8.22859466e-01
    -6.60521746e-01 1.60921979e+00 -2.40854621e-01 1.12270176e+00
    -3.17366630e-01 9.10218716e-01 9.62547660e-01 -2.76736349e-01
    -3.25630546e-01 -1.16944551e-01 1.88074684e+00 -3.50862026e-01
    1.58802891e+00 1.85240674e+00 2.43866205e-01 3.34388196e-01
    2.74575412e-01 3.17292035e-01 -3.85189861e-01 -3.13090622e-01
    2.72270918e-01 2.27083266e-01 1.54516661e+00 -7.63695180e-01
    -2.10378885e-01 -6.99759960e-01 -7.39612460e-01 4.73915339e-02
    1.28782773e+00 5.51129103e-01 1.30912673e+00 9.98924851e-01
    -5.68630934e-01 1.52251983e+00 -3.24310958e-01 1.06819093e+00
    -3.90801966e-01 3.02329242e-01 1.23673916e+00 5.26978374e-01
    1.44616699e+00 1.14738882e-01 8.98542404e-01 -5.04005790e-01
    7.81573534e-01 1.77991128e+00 1.48363709e-01 5.91058135e-01
    1.58913493e+00 3.79646540e-01 2.05923200e-01 3.91554356e-01
    -3.98839116e-01 7.93600976e-01 3.95446301e-01 -1.42823279e-01
    -9.35787559e-02 1.32416904e+00 1.59549177e+00 -2.91051239e-01
    -8.93744230e-02 1.57926786e+00 1.46308148e+00 7.27798760e-01
    1.39072955e+00 -7.37436533e-01 6.93276405e-01 8.04792047e-01
    2.06537068e-01 1.16404378e+00 1.49130976e+00 -7.38669634e-02
    -4.04107660e-01 2.90845394e-01 -4.32505220e-01 -3.78729582e-01
    1.11997890e+00 3.64637375e-03 -1.75749600e-01 1.45889974e+00
    -4.44408774e-01 1.09418726e+00 -7.04039693e-01 -6.86954439e-01
    4.73015308e-01 1.00748444e+00 -5.26831508e-01 -5.18635213e-01
    8.42672944e-01 1.37136602e+00 8.23531330e-01 -2.60801911e-02
    4.52069283e-01 1.46160638e+00 1.38552260e+00 7.42049217e-02
    -6.80133581e-01 5.62134802e-01 1.16024446e+00 1.38121009e+00
    6.12863779e-01 5.00452757e-01 1.68763709e+00 7.20752358e-01
    1.06329095e+00 1.62895143e+00 5.32722056e-01 4.24525142e-01
    -3.97772372e-01 1.75120044e+00 5.66517115e-01 -7.50123620e-01
    -5.02741456e-01 9.94548142e-01 2.81868696e-01 5.60881376e-01
    9.26951528e-01 -1.79400742e-01 -2.60572314e-01 3.60257626e-01
    -6.33509636e-01 7.61496246e-01 1.57072043e+00 -6.53691292e-01
    -2.86839873e-01 -5.55299103e-01 8.64265740e-01 7.79659331e-01
    4.35921073e-01 2.98419178e-01 3.03914547e-01 8.87701690e-01
    1.49251437e+00 8.09954464e-01 1.46834075e-01 3.35346460e-01
    -5.94102919e-01 3.62794161e-01 -4.98547822e-01 1.36054611e+00
    1.28101730e+00 4.34517145e-01 -6.84495389e-01 3.65847945e-02
    1.56058228e+00 1.08394849e+00 4.37938035e-01 -4.28861588e-01
    -3.85152906e-01 1.35060549e-01 4.58361268e-01 5.81938207e-01
    1.35701036e+00 1.26733494e+00 1.07289851e-01 1.08980894e+00
    1.45305967e+00 1.51385736e+00 -4.77936536e-01 1.10529542e+00
    3.12468886e-01 -3.17978144e-01 1.60248387e+00 1.27168071e+00
    2.75175691e-01 -5.09136558e-01 1.33757532e+00 9.00106728e-01
    9.70473528e-01 -7.90109634e-01 1.39024389e+00 1.32747996e+00
    6.25344336e-01 -4.32089359e-01 7.00329721e-01 1.56931186e+00
    1.06160045e+00 1.50941038e+00 1.84519947e-01 5.27352750e-01
    9.23168778e-01 -2.61250973e-01 1.14840961e+00 -4.91478860e-01
    -3.53864402e-01 7.22159505e-01 1.29044211e+00 1.33576238e+00
    5.41557550e-01 -2.73804367e-01 5.60091734e-01 -6.73460364e-02
    3.98888052e-01 -2.09995031e-01 1.74103916e+00 -4.79870558e-01
    2.60828793e-01 5.83565533e-01 1.33046377e+00 1.39445341e+00
    -3.66307318e-01 1.35301113e+00 1.02648902e+00 1.45461082e+00
    1.54775882e+00 -7.44562268e-01 1.28697956e+00 1.14281702e+00
    1.63982451e+00 8.12414408e-01 -1.06791079e-01 7.55730391e-01
    1.65999329e+00 1.25657511e+00 6.63090706e-01 9.64926183e-01
    -1.34104908e-01 8.89996350e-01 1.52989197e+00 1.68580151e+00
    1.87925637e-01 -5.22551537e-02 7.83708632e-01 -2.60333002e-01
    7.13846385e-01 1.56093478e+00 1.39675999e+00 -7.27709830e-01
    -6.42979741e-01 -2.78161675e-01 -1.93660200e-01 -3.22257876e-02
    7.94170737e-01 -2.97099859e-01 -4.68775034e-01 1.43915164e+00
    -6.61667764e-01 8.12825084e-01 7.02073216e-01 3.61752391e-01
    1.46553540e+00 1.12878203e+00 7.91971445e-01 -4.20643985e-01
    8.21808040e-01 -7.46328473e-01 1.33610857e+00 1.47262418e+00
    -2.34061182e-01 -9.60919857e-02 3.69460702e-01 1.39720154e+00
    -3.77163410e-01 3.16219509e-01 -4.92233187e-01 -5.72154403e-01
    1.45376825e+00 1.62552989e+00 1.52239060e+00 2.40288675e-01
    -1.82344675e-01 -3.18260670e-01 1.75725937e-01 -4.75342751e-01
    2.03250825e-01 5.08114159e-01 1.53198588e+00 5.72152376e-01
    3.02428484e-01 1.27708256e-01 -3.77893955e-01 -1.01075828e-01
    -5.19737661e-01 -1.45692348e-01 9.07804310e-01 1.34350812e+00
    -5.09479761e-01 1.21227539e+00 6.61598027e-01 9.95951653e-01
    1.60863256e+00 8.22113156e-01 1.02573967e+00 1.14549291e+00
    6.44957304e-01 1.53730392e+00 1.49717021e+00 1.30345881e+00
    -3.97612035e-01 4.74877536e-01 1.47438967e+00 1.48622334e+00
    1.17615652e+00 1.14319479e+00 -7.28268027e-01 1.68268096e+00
    1.53553510e+00 4.16528165e-01 1.57743144e+00 5.07512748e-01
    1.48325264e+00 1.24091208e+00 1.19511795e+00 -4.97558713e-02
    9.71549571e-01 1.14730000e+00 6.06697202e-01 1.07951474e+00
    1.63995576e+00 7.54696012e-01 1.31944358e+00 1.20997667e+00
    1.19089842e+00 -3.97010863e-01 -4.97313470e-01 3.00469756e-01
    1.65626919e+00 8.42592955e-01 6.94382548e-01 -1.80101275e-01
    8.84703815e-01 1.65249550e+00 1.42669582e+00 -6.28900707e-01
    4.78524387e-01 1.18255460e+00 1.19336128e+00 -6.41890407e-01
    1.16090119e+00 1.45996034e+00 1.71253860e+00 1.01736629e+00
    9.92862582e-01 1.39759326e+00 3.40627730e-01 7.38044977e-01
    1.09575748e+00 -5.89732409e-01 1.24785662e+00 3.21083963e-01
    -3.30199927e-01 -2.97622025e-01 1.02346611e+00 -5.93677282e-01
    -4.32212949e-02 -2.96126515e-01 9.35769439e-01 3.21913123e-01
    -7.27113485e-02 2.29508519e-01 9.88146245e-01 -7.59517908e-01
    1.82124913e-01 -4.25491214e-01 -2.55818635e-01 -6.75662160e-01
    2.36080468e-01 -1.75710917e-02 7.56078780e-01 3.29265416e-01
    2.18716621e-01 1.43376648e+00 1.67312336e+00 3.68340135e-01
    1.45085812e+00 1.22936141e+00 -9.92967486e-02 -2.00032413e-01
    4.92648125e-01 1.78314948e+00 1.01797175e+00 1.24049234e+00
    1.09699297e+00 7.17764914e-01 1.03995419e+00 -1.88558757e-01
    6.99176490e-01 -1.42634809e-01 1.66315436e-01 1.67805076e-01
    -2.62872398e-01 3.33607197e-01 1.21694446e+00 9.33599591e-01
    1.36740637e+00 1.57508981e+00 -1.02414489e-01 1.19651771e+00
    -2.60150671e-01 1.53096318e-02 1.13961434e+00 3.47382486e-01
    -3.18747699e-01 6.58922434e-01 1.23821318e+00 1.76316142e-01
    5.05935907e-01 -2.29456723e-01 1.43704391e+00 3.13412845e-01
    -5.23157656e-01 1.11682916e+00 5.96602023e-01 -4.06495929e-01
    1.33114433e+00 6.06104136e-02 -3.91113967e-01 -2.50533998e-01
    1.64901555e-01 -7.34037876e-01 1.29316497e+00 9.90064025e-01
    5.05561590e-01 -2.48368919e-01 -1.65184081e-01 -6.32131636e-01
    1.61304915e+00 -3.58543396e-02 7.85259485e-01 -7.42654026e-01
    7.85958469e-01 -6.59278691e-01 1.34089088e+00 -6.61350012e-01
    3.30127180e-01 4.32269454e-01 1.19419169e+00 7.81817853e-01
    1.33576047e+00 8.35035801e-01 -2.75784731e-03 4.09045398e-01
    1.46528757e+00 1.15273225e+00 2.24242806e-01 1.09230685e+00
    1.03780127e+00 1.84456050e-01 3.63197923e-02 4.21681046e-01
    -8.73016715e-02 -2.77592450e-01 1.14505351e+00 4.96260226e-01
    4.19147491e-01 -1.79256409e-01 -3.36974531e-01 -5.85194826e-02
    1.50713348e+00 -4.79623675e-01 9.61169004e-01 8.61243486e-01
    8.09222162e-01 1.70966172e+00 -1.40617907e-01 1.40814066e+00
    1.42859113e+00 5.91049790e-01 -1.51118755e-01 -5.77418208e-01
    1.09060109e+00 2.75753975e-01 -1.35374784e-01 2.85500467e-01
    -7.85804570e-01 1.29637718e+00 2.72078395e-01 -1.56218410e-02
    -4.21099663e-02 -1.53357983e-02 5.55571675e-01 1.54025197e+00
    -5.12497723e-01 -2.49910712e-01 1.14131689e-01 1.61717772e-01
    1.66253340e+00 1.30543399e+00 -5.55214882e-01 1.08917677e+00
    -3.41745853e-01 6.61367297e-01 1.65944612e+00 -2.94910610e-01
    1.82090104e+00 6.89751267e-01 1.53141356e+00 -4.68952119e-01
    1.66018248e-01 9.07020926e-01 -5.03782809e-01 -4.48989749e-01
    -5.59278607e-01 -2.48741716e-01 1.70426965e+00 1.07375145e+00
    1.21758437e+00 1.29337204e+00 -6.17248535e-01 1.00709438e-01
    1.51697791e+00 9.47652578e-01 1.44645524e+00 1.13093531e+00
    -6.32394433e-01 5.53454578e-01 1.73608243e-01 7.39384234e-01
    1.53988838e+00 3.75235915e-01 -1.72150254e-01 1.01276457e+00
    1.27225506e+00 3.24431419e-01 -3.68756711e-01 -4.52612102e-01
    2.71022499e-01 4.23904121e-01 1.17584169e-01 6.66732788e-02
    1.36688900e+00 -6.61398172e-01 8.06345344e-01 8.38467479e-01
    -2.58357525e-02 5.18167734e-01 5.65091908e-01 -5.71579993e-01
    -1.69702977e-01 -2.47373044e-01 3.59167814e-01 8.63399208e-01
    -5.69128990e-03 -1.07378185e-01 1.69702053e+00 3.15602958e-01
    -4.41622257e-01 1.07397723e+00 6.18251204e-01 -6.22125506e-01
    3.68261218e-01 -2.39149749e-01 6.58078790e-02 7.58158922e-01
    1.03800738e+00 -4.27754104e-01 4.53664482e-01 1.05198336e+00
    4.56775665e-01 1.61965764e+00 -2.06359565e-01 1.62305927e+00
    -6.91309690e-01 -3.05451214e-01 4.96609211e-02 6.85485244e-01
    4.01139200e-01 -4.01218206e-01 1.20093882e+00 1.82148516e-01
    6.02358341e-01 -7.70134389e-01 1.45490241e+00 7.71685004e-01
    1.12520957e+00 -4.82382745e-01 -3.20433646e-01 -5.15777469e-02
    4.73266602e-01 -9.95049477e-02 1.58555734e+00 -6.70186222e-01
    -7.12307036e-01 8.50465298e-02 -6.10464811e-01 9.07404840e-01
    4.28134263e-01 8.05169046e-01 1.10642910e+00 1.68446469e+00
    -5.99704981e-02 1.46205211e+00 3.05287719e-01 1.57836998e+00
    1.47313237e-01 -4.06298459e-01 1.47416902e+00 6.32982135e-01
    7.80487061e-01 1.45246470e+00 1.00602448e-01 3.24547112e-01
    6.20830417e-01 9.46891904e-01 1.03654861e+00 2.30223536e-01
    8.61207783e-01 1.12920833e+00 6.28383100e-01 9.48438525e-01
    5.33554077e-01 6.68714643e-02 -2.88823426e-01 1.88434720e-02
    1.35066605e+00 -2.50568688e-01 1.76565480e+00 6.99584544e-01
    8.22300911e-01 2.34307468e-01 1.60335553e+00 1.64137030e+00
    1.35176706e+00 3.14036906e-01 -4.23962921e-01 1.26668453e+00
    -6.93082094e-01 8.42235506e-01 -6.66010678e-01 6.05582595e-01
    1.55423510e+00 1.30514061e+00 -5.41532874e-01 1.89736128e-01
    -1.02107525e-01 1.81996894e+00 7.56746233e-01 -4.20611829e-01
    -5.32627165e-01 -2.88949788e-01 2.81434178e-01 3.21679413e-01
    9.87562776e-01 5.56892455e-01 9.38339353e-01 -6.72149003e-01
    1.63973618e+00 -8.59522223e-02 4.04661536e-01 1.36417019e+00
    2.69839168e-01 7.68645465e-01 -4.86359179e-01 8.68678093e-03
    9.09344435e-01 1.39377272e+00 1.75208449e-02 -2.66345739e-02
    1.64204001e-01 1.16349351e+00 2.21776605e-01 9.80408967e-01
    3.03060532e-01 5.95185995e-01 1.74045515e+00 4.38204408e-02
    1.22799456e+00 9.46628451e-01 1.02723551e+00 1.37477195e+00
    -5.67747712e-01 9.05595899e-01 1.26721942e+00 -7.61374712e-01
    1.68782699e+00 7.79358208e-01 9.21739340e-01 1.53899598e+00
    1.61970758e+00 9.23854291e-01 9.21040833e-01 2.34973967e-01
    1.76062047e+00 -5.08497119e-01 -5.03690839e-02 1.07440257e+00
    2.44514287e-01 6.72536373e-01 1.38033855e+00 1.10330164e+00
    7.65102923e-01 7.84529984e-01 7.07582414e-01 9.94474351e-01
    1.46968520e+00 -4.75749373e-02 -5.75103521e-01 3.01927567e-01
    1.91984832e-01 5.84186256e-01 5.91107011e-01 7.00062871e-01
    8.44492435e-01 9.10090804e-01 1.23064733e+00 -3.07731390e-01
    2.40844190e-01 -5.49710989e-01 2.77774274e-01 -3.85848880e-01
    4.95784998e-01 6.73813701e-01 9.34679210e-01 1.30429721e+00
    -3.18815470e-01 1.14438224e+00 4.57375884e-01 -7.82906950e-01
    9.68313098e-01 7.57319450e-01 2.55822480e-01 3.14755440e-01
    -7.99352765e-01 6.25330329e-01 5.95402300e-01 1.36415887e+00
    8.96866500e-01 1.57266021e+00 -5.85816622e-01 4.61501002e-01
    8.40340614e-01 1.30482912e+00 6.81218803e-01 1.71902394e+00
    6.06789708e-01 -2.75187314e-01 4.39552903e-01 2.69462466e-01
    1.26903176e+00 4.86853540e-01 2.82733560e-01 4.97556627e-01
    1.45160079e+00 1.48119414e+00 -2.40461469e-01 -4.64218080e-01
    -1.81356728e-01 1.04739416e+00 1.04538906e+00 4.97414112e-01
    -1.15487635e-01 8.69718909e-01 5.66693962e-01 1.39232302e+00
    -4.53816712e-01 4.37025487e-01 1.75888968e+00 -5.34933329e-01
    -4.74480599e-01 -6.38364434e-01 -8.66246223e-02 1.16794288e+00
    6.04450345e-01 -2.81801224e-01 -5.48246920e-01 1.77728474e-01
    1.14861202e+00 -3.33460987e-01 1.71610713e+00 1.26118660e-01
    4.34402406e-01 1.43237019e+00 5.90918779e-01 2.98686862e-01
    1.23841596e+00 8.56341124e-01 1.14702606e+00 6.61402464e-01
    7.38131225e-01 -2.28749156e-01 1.19107473e+00 -7.55342245e-01
    2.25971401e-01 -1.69274092e-01 9.50454891e-01 2.41558075e-01
    -5.33391476e-01 -7.35960662e-01 9.35467601e-01 1.51404583e+00
    1.56924152e+00 -6.54539764e-01 -2.92047352e-01 7.78063297e-01
    6.08043194e-01 -2.90187955e-01 1.51537764e+00 6.19561911e-01
    -6.25054181e-01 -7.25719094e-01 6.28231466e-01 1.57004142e+00
    1.50432646e+00 -9.94633436e-02 6.68794632e-01 1.31410623e+00
    -1.07094049e-02 -2.42980540e-01 -3.21764976e-01 4.82366741e-01
    9.42972302e-02 8.53687525e-03 1.96123004e-01 7.50171185e-01
    -4.39934224e-01 -2.44136631e-01 5.93922079e-01 3.17740440e-02
    1.37627637e+00 1.30329037e+00 1.68021762e+00 9.31256771e-01
    -7.07484484e-01 -5.76458931e-01 1.58354807e+00 -1.78153515e-02
    8.05619121e-01 9.59163785e-01 6.37235701e-01 -1.87852204e-01
    2.87960291e-01 -3.58461827e-01 6.06749713e-01 1.03128803e+00
    1.70245874e+00 -4.98799652e-01 1.12501860e+00 4.36364830e-01
    4.73312616e-01 -6.11428440e-01 4.04382646e-01 -1.34056270e-01
    -4.06370133e-01 1.66790676e+00 5.35342216e-01 -8.14620733e-01
    1.42771137e+00 2.97759831e-01 1.39501095e+00 1.62373304e-01
    -4.05155689e-01 3.18935275e-01 -2.16718614e-01 6.41916275e-01
    3.28107595e-01 -4.24738526e-02 4.40436602e-02 -6.86080098e-01
    3.29446256e-01 -7.80033886e-01 3.83165479e-02 8.85197520e-01
    9.43202734e-01 -1.66021645e-01 -2.67566204e-01 1.55223954e+00
    1.55074310e+00 6.27353072e-01 -2.31643081e-01 7.80946016e-03
    4.75288391e-01 5.63766122e-01 1.05564809e+00 1.28884721e+00
    -4.68424708e-01 1.83645189e-01 -5.62802374e-01 -7.99834847e-01
    1.27280974e+00 1.20286727e+00 -6.12246156e-01 1.60996151e+00
    7.79088497e-01 1.26271248e-02 4.09204364e-01 -4.46000844e-01
    9.44247246e-01 1.44099963e+00 -7.64837980e-01 -1.79929197e-01
    3.95496845e-01 5.10074914e-01 1.76965857e+00 1.61703396e+00
    5.12264967e-02 1.62928963e+00 9.63017106e-01 3.40726376e-02
    -6.34611130e-01 1.64600194e-01 1.50517023e+00 9.13506269e-01
    1.51786900e+00 1.43225753e+00 -4.22477156e-01 3.98465991e-01
    1.29046559e-01 1.22710872e+00 1.35975456e+00 3.58915627e-01
    1.59249890e+00 3.42379212e-01 5.41269064e-01 -2.63047338e-01
    2.23768532e-01 9.22122061e-01 -1.87787473e-01 1.46586823e+00
    1.44643569e+00 -5.26730776e-01 -7.32390523e-01 5.98858595e-02
    -7.94784188e-01 1.34412622e+00 -5.38096607e-01 -5.69845438e-02
    1.18470752e+00 1.06180406e+00 -3.28360200e-02 -6.57315016e-01
    9.63814676e-01 -1.09740496e-02 -1.77618027e-01 4.22877550e-01
    2.20375299e-01 1.36934233e+00 9.29807782e-01 1.12310028e+00
    -4.49846476e-01 1.11054373e+00 1.55866385e-01 7.95264244e-02
    1.57592595e+00 1.63496327e+00 8.14409018e-01 -1.32392764e-01
    7.69513905e-01 -1.66928828e-01 7.27660716e-01 -2.16816664e-01
    2.54845560e-01 9.07169342e-01 5.88642418e-01 5.83090186e-01
    -4.12839919e-01 4.65215921e-01 1.63913512e+00 9.08486247e-01
    -5.22517681e-01 1.25362992e+00 1.66894972e+00 6.83657706e-01
    1.41464639e+00 1.07768679e+00 3.76880825e-01 1.47405970e+00
    9.72359240e-01 1.22232592e+00 1.43351638e+00 8.76404703e-01
    1.66070461e+00 3.95796180e-01 7.44156480e-01 1.34312201e+00
    1.60302567e+00 1.38120663e+00 6.99825406e-01 -7.19216406e-01
    -5.76615393e-01 7.90909588e-01 8.78756583e-01 -7.06800520e-01
    -2.98847497e-01 1.52815664e+00 -3.79552245e-01 9.15531278e-01
    1.62413716e-01 9.35899734e-01 1.20948374e-01 1.11873925e-01
    1.59562409e+00 -3.53026927e-01 1.05666828e+00 -2.68756270e-01
    6.39315486e-01 4.73149955e-01 1.61493945e+00 9.74635959e-01
    5.70791006e-01 -3.30301344e-01 1.22141957e+00 1.67864060e+00
    2.40841925e-01 7.10672975e-01 7.45556474e-01 -1.32035017e-02
    1.22156894e+00 1.32648540e+00 -4.80629593e-01 8.54173839e-01
    7.24530756e-01 8.06286395e-01 6.31522417e-01 6.24795496e-01
    1.25047421e+00 1.52885079e+00 -6.61881804e-01 1.03845751e+00
    -6.13304973e-01 3.58531237e-01 8.08109939e-01 3.93979490e-01
    1.65337217e+00 -6.55327678e-01 -6.11149251e-01 -6.07256889e-01
    1.37153912e+00 -4.61600423e-02 -9.25284624e-03 2.61770427e-01
    -6.85083747e-01 -1.22018754e-01 1.51609266e+00 -6.26870275e-01
    1.39626646e+00 1.60013282e+00 -6.26542509e-01 1.45432186e+00
    1.78045952e+00 1.14406610e+00 -1.89471662e-01 9.13619161e-01
    1.65846968e+00 1.23554349e+00 5.33100367e-01 1.40101659e+00
    -4.05167401e-01 -3.86658549e-01 1.83276224e+00 -6.54780328e-01
    1.56142163e+00 -2.96807230e-01 1.11349583e-01 8.72966409e-01
    -6.30629122e-01 1.21551812e+00 1.63862491e+00 7.42794514e-01
    1.41099191e+00 1.54386818e-01 1.75275505e-01 1.50866890e+00
    -2.01716483e-01 -6.95539951e-01 1.49583519e-01 8.35703790e-01
    9.58405733e-02 -2.41386116e-01 8.30607057e-01 9.48800862e-01
    1.31192505e-01 1.03558993e+00 -2.32103884e-01 1.15911746e+00
    -6.32113755e-01 9.69249666e-01 -2.82106340e-01 -1.25544369e-01
    8.63614202e-01 -7.33059645e-01 -3.26175839e-01 -6.59708679e-01
    1.68137372e-01 -4.44325686e-01 5.29871523e-01 3.60040545e-01
    1.19150114e+00 4.20621693e-01 1.50641119e+00 1.39396226e+00
    -7.73401022e-01 1.64288354e+00 1.51564491e+00 3.97874117e-02
    1.31322980e+00 1.66639531e+00 -4.87322360e-01 1.13963509e+00
    -1.39275193e-02 -7.21176863e-02 -2.26440012e-01 4.95180726e-01
    7.24760711e-01 -4.80627179e-01 5.24856448e-02 7.18540549e-01
    4.64382529e-01 -8.23849440e-03 5.90480268e-01 -2.89962173e-01
    1.42053366e+00 -1.29358768e-02 3.85699809e-01 4.74584162e-01
    9.36540604e-01 1.74822307e+00 3.21006119e-01 1.13190234e-01
    1.49592400e+00 1.23550081e+00 1.58000898e+00 1.63229048e+00
    -4.15059209e-01 9.95409310e-01 -1.03016675e-01 8.90325427e-01
    -4.50047821e-01 1.65475690e+00 1.70492935e+00 8.13552320e-01
    -5.76214015e-01 5.21362662e-01 1.10513890e+00 -3.67642164e-01
    -4.13463086e-01 1.69490588e+00 1.72473466e+00 2.06653833e-01
    1.70968246e+00 6.01596236e-02 1.37443459e+00 5.22548139e-01
    -5.07070422e-01 8.25435162e-01 1.63646615e+00 8.24111938e-01
    8.33154202e-01 -3.77659231e-01 1.19875133e-01 -6.26761377e-01
    -1.63430870e-01 1.67625880e+00 1.70611107e+00 2.24978745e-01
    4.81426120e-01 2.03106999e-02 1.68097734e+00 4.87103581e-01
    1.11202061e+00 7.01527953e-01 7.79862165e-01 7.35018134e-01
    -4.72173035e-01 -3.24939370e-01 9.62394893e-01 2.34499812e-01
    -2.51536965e-01 7.21982896e-01 -1.70746446e-02 -1.59258425e-01
    -1.10884130e-01 1.06872153e+00 1.34579277e+00 1.16851830e+00
    6.62295103e-01 1.24876142e+00 1.13674855e+00 1.10796356e+00
    1.72565484e+00 -3.33313167e-01 5.20079970e-01 1.74079454e+00
    1.35333133e+00 4.44514036e-01 1.08190703e+00 4.83986557e-01
    1.67726207e+00 1.36079526e+00 5.86570323e-01 -6.16084158e-01
    -3.54301929e-02 -2.87259042e-01 2.16816485e-01 8.06819201e-01
    7.83503234e-01 -4.65104699e-01 -6.86446488e-01 -6.91648543e-01
    4.02742326e-01 1.65660644e+00 6.52526736e-01 -8.15753758e-01
    -6.34104490e-01 1.49891686e+00 1.01900887e+00 3.26971233e-01
    1.79220378e-01 -6.29213631e-01 7.44635999e-01 6.29073799e-01
    1.21278012e+00 -2.34541118e-01 -3.16043913e-01 3.44690382e-01
    8.83393526e-01 -3.82866263e-01 1.03064156e+00 1.55690026e+00
    1.12743783e+00 1.21256638e+00 1.48718584e+00 1.11028302e+00
    7.05647171e-01 8.62253487e-01 8.45717311e-01 9.01563644e-01
    1.13601410e+00 -1.32706642e-01 1.22735560e+00 4.93362784e-01
    9.40169692e-01 1.66235983e-01 1.51971889e+00 -2.91283906e-01
    3.79965901e-02 1.42314434e+00 1.45253181e+00 5.31248808e-01
    2.56899834e-01 3.66027772e-01 1.59749103e+00 1.23009229e+00
    3.60361457e-01 1.97411299e-01 6.43753111e-01 -8.83459806e-01
    1.50832307e+00 2.14654088e-01 4.23972011e-01 9.99537945e-01
    -5.95790148e-02 7.00340748e-01 -2.04960585e-01 1.71808112e+00
    1.61220908e-01 5.02720296e-01 1.02069783e+00 5.15218914e-01
    8.78020585e-01 3.30468535e-01 -7.13982165e-01 8.14499021e-01
    1.19755042e+00 1.20160317e+00 1.15700996e+00 1.41325557e+00
    -4.26161379e-01 5.63951612e-01 -4.48851556e-01 9.74224627e-01
    1.91018224e-01 1.52747774e+00 1.52842438e+00 -2.21630991e-01
    4.29362237e-01 -3.37829769e-01 1.02089596e+00 1.48914421e+00
    1.89344287e-01 1.77488720e+00 1.10345960e+00 1.07030070e+00
    1.03668690e-01 1.10927296e+00 -3.18053961e-01 1.48228872e+00
    -5.48284829e-01 6.18354559e-01 -7.29633093e-01 5.16011894e-01
    3.54772568e-01 8.19474697e-01 -2.24920511e-02 7.78501451e-01
    8.27659428e-01 -2.29065835e-01 -4.42650855e-01 1.55359638e+00
    1.52220559e+00 5.35161614e-01 9.54168677e-01 3.67715716e-01
    1.05017257e+00 1.36045504e+00 8.44435811e-01 2.21435368e-01
    -3.67391706e-01 -7.00464427e-01 5.34858167e-01 -3.01489264e-01
    1.71956336e+00 3.46135557e-01 6.69876933e-01 1.47364104e+00
    5.31972528e-01 -2.79262781e-01 5.23015857e-01 1.74673116e+00
    -4.89706993e-02 -5.93595147e-01 1.41045415e+00 9.32558656e-01
    -5.98012805e-01 1.02799821e+00 2.06908405e-01 1.04997635e+00
    1.52437937e+00 6.87096357e-01 4.13304090e-01 -4.44563776e-01
    -4.97299433e-01 7.20891237e-01 4.49458301e-01 -5.28705418e-01
    8.13790798e-01 1.14061022e+00 -3.91594768e-02 5.76415837e-01
    8.29560041e-01 1.17256832e+00 8.67386878e-01 -7.51689374e-01
    1.42032313e+00 3.05464804e-01 2.55367756e-01 -8.01559925e-01
    1.55460060e+00 7.14714289e-01 -5.58652401e-01 1.37782407e+00
    6.40313864e-01 -1.82304025e-01 1.31406629e+00 2.37787366e-02
    -5.58506668e-01 5.95266044e-01 8.33612680e-01 6.53914690e-01
    -9.59278941e-02 1.17440391e+00 5.30091226e-01 5.60673952e-01
    6.10118985e-01 9.63915467e-01 2.00506032e-01 -3.16146135e-01
    6.94962740e-01 5.63533545e-01 4.91996527e-01 4.39740658e-01
    -6.93286121e-01 1.17181027e+00 1.53810763e+00 1.16925955e-01
    1.20605552e+00 -8.46330643e-01 7.67322361e-01 1.67291665e+00
    9.49974298e-01 7.74424434e-01 -2.82714874e-01 -3.53744596e-01
    -5.66076159e-01 5.78650892e-01 1.19368696e+00 1.14331114e+00
    4.48882461e-01 1.18085599e+00 3.71339858e-01 2.64075935e-01
    8.11016321e-01 8.67584109e-01 -7.35971868e-01 -3.63040060e-01
    9.67158616e-01 -7.46895075e-02 2.64107585e-01 1.45820832e+00
    6.00374937e-02 1.79367125e-01 1.67361963e+00 -3.79541755e-01
    -6.34928763e-01 9.11600173e-01 2.18553901e-01 -1.64340198e-01
    9.47046101e-01 -4.45514292e-01 9.31496263e-01 1.54408741e+00
    1.40788484e+00 1.63779020e+00 -4.73015487e-01 -1.06991470e-01
    -7.68504143e-02 1.83490872e-01 3.11828613e-01 4.71900046e-01
    1.39502525e-01 1.00512075e+00 -8.74468684e-02 5.27293086e-01
    1.66526604e+00 1.49541152e+00 -7.84289539e-01 3.09071898e-01
    1.51229310e+00 2.66414523e-01 6.43607974e-02 -2.63230085e-01
    2.32999802e-01 2.05782056e-02 1.32410526e+00 -6.37802005e-01
    -3.19210231e-01 -1.23882473e-01 9.08347666e-01 -6.94138825e-01
    9.06591713e-01 1.66240478e+00 -1.33320510e-01 1.27779078e+00
    -8.57964993e-01 6.63454056e-01 -1.06490791e-01 4.75540876e-01
    9.08832729e-01 5.38370073e-01 1.26406705e+00 5.42710721e-01
    -2.14916468e-01 -6.00038767e-01 1.45135355e+00 -2.87207812e-01
    8.07628214e-01 2.08385289e-01 3.25053811e-01 3.43089521e-01
    9.15261805e-01 1.20482552e+00 1.52842224e+00 5.27805686e-02
    -5.54577708e-02 1.44072437e+00 -2.70359576e-01 -1.77876711e-01
    1.09016418e+00 3.07132304e-01 1.16044939e+00 -3.22199702e-01
    -6.68182135e-01 9.21764374e-01 1.40256166e+00 -6.74895585e-01
    1.37124825e+00 8.69388938e-01 1.19124079e+00 1.51190817e-01
    4.25759435e-01 8.06394517e-01 -1.69668078e-01 -1.94037139e-01
    -6.04193389e-01 1.32081831e+00 3.35088789e-01 -1.23825669e-01
    1.07966590e+00 7.67655015e-01 2.31302381e-01 7.35814393e-01
    1.51195145e+00 5.04632950e-01 6.45839930e-01 5.04173875e-01
    1.88710272e-01 1.53489888e-01 1.53771734e+00 -7.60514438e-01
    1.46223605e-01 1.44899786e+00 3.56070340e-01 1.34772778e+00
    7.59165287e-01 1.70211792e+00 -5.70078492e-02 1.11619473e-01
    1.16101325e+00 5.02943218e-01 8.98040533e-02 1.31982589e+00
    -2.20992923e-01 1.43940854e+00 4.44978774e-01 1.02467060e+00
    1.12820125e+00 5.46964884e-01 1.41300261e-01 -7.66912878e-01
    5.99573612e-01 8.44528437e-01 6.72461152e-01 4.09362316e-01
    1.36602259e+00 9.60522175e-01 -4.00189191e-01 -4.40864503e-01
    4.07863677e-01 9.83407736e-01 6.88062549e-01 1.42953312e+00
    3.88765931e-01 9.09526289e-01 7.27909982e-01 4.80181694e-01
    -3.86791587e-01 6.22996688e-01 4.56939757e-01 -5.19619465e-01
    -1.75809741e-01 8.11900914e-01 1.55340719e+00 -5.96516728e-01
    8.36873055e-02 6.94255531e-01 1.48212123e+00 -7.72789359e-01
    1.36092138e+00 3.54057431e-01 -8.11128497e-01 1.58091629e+00
    3.11219752e-01 4.20666873e-01 3.38750124e-01 -2.11117327e-01
    8.31415236e-01 1.46134543e+00 6.43597007e-01 1.31447971e-01
    8.34636509e-01 3.52893472e-01 1.87649667e-01 1.50329554e+00
    1.68262053e+00 1.45643210e+00 3.04772377e-01 4.07742858e-01
    -6.28469527e-01 1.33417177e+00 9.60788190e-01 5.21914721e-01
    -3.84056568e-01 6.24114037e-01 1.56426609e+00 7.81512737e-01
    -4.58200097e-01 -7.47969985e-01 -5.07377446e-01 7.34784126e-01
    9.03883159e-01 -1.29938185e-01 2.62553453e-01 -2.28539824e-01
    5.78479350e-01 -7.63704956e-01 1.64278054e+00 -1.21630430e-01
    8.26954782e-01 1.51008439e+00 1.70177150e+00 4.22876120e-01
    1.40012908e+00 1.76659274e+00 3.35230708e-01 3.42136979e-01
    1.01291370e+00 -3.43817741e-01 -6.22763515e-01 1.76308227e+00
    6.73010230e-01 5.24871051e-01 -1.73818529e-01 -3.06500793e-02
    5.01791179e-01 6.96568489e-01 4.15076733e-01 -3.91490996e-01
    4.19934988e-02 2.26492763e-01 7.09934711e-01 1.42072749e+00
    1.05301011e+00 1.63706577e+00 -5.81592321e-03 4.75927711e-01
    1.77412832e+00 1.31340444e-01 -4.19860333e-01 2.08331704e-01
    7.73735285e-01 -5.81561148e-01 1.78125727e+00 1.47306120e+00
    8.98132682e-01 1.61441898e+00 1.13931787e+00 1.55363607e+00
    4.61193919e-01 7.29013085e-02 1.52672005e+00 -2.84060597e-01
    -3.51474106e-01 2.38097072e-01 1.69407892e+00 9.99286830e-01
    4.22406971e-01 -7.21335649e-01 1.74534321e-01 5.46220064e-01
    5.81583202e-01 -6.77800417e-01 1.71744680e+00 1.28712916e+00
    4.90664124e-01 1.25261176e+00 7.26466298e-01 -2.64408290e-01
    1.58861887e+00 1.43871021e+00 4.52202559e-02 -5.76290011e-01
    -6.62163913e-01 1.31854582e+00 -1.21452332e-01 1.48517466e+00
    -2.97904670e-01 -1.97088182e-01 -3.52482498e-01 6.40512109e-02
    1.22528565e+00 1.76226258e+00 1.51880860e-01 -4.32466686e-01
    4.55388844e-01 -2.78390139e-01 -2.89480329e-01 2.50756562e-01
    1.10197318e+00 4.99365985e-01 -1.83724761e-02 7.34105825e-01
    1.60179663e+00 1.25103045e+00 -6.98105156e-01 1.48766971e+00
    -4.68467057e-01 -7.08926439e-01 7.81360507e-01 -8.17021310e-01
    1.56010318e+00 1.51066327e+00 8.04199517e-01 1.25118196e+00
    1.29818428e+00 -2.77768970e-02 -6.40168667e-01 -5.86085200e-01
    -5.04374385e-01 4.46110070e-01 9.83375847e-01 -3.23987633e-01
    1.51803756e+00 1.48724890e+00 1.77176571e+00 -4.90379333e-02
    -2.10680187e-01 -7.21301496e-01 1.00605500e+00 1.61970687e+00
    -5.54825306e-01 8.28802824e-01 1.60954058e+00 1.36265111e+00
    1.41326797e+00 9.62423801e-01 -3.85553241e-01 1.70017433e+00
    2.13620782e-01 9.92776155e-02 1.51246393e+00 -5.74937105e-01
    1.73107815e+00 1.33877122e+00 -2.18331575e-01 1.50866747e+00
    1.22249460e+00 -1.42122746e-01 -2.25093186e-01 7.35700130e-04
    1.62886262e+00 1.58661306e+00 -3.23902130e-01 -7.85924554e-01
    1.35991311e+00 1.53708601e+00 1.50581813e+00 3.14934194e-01
    1.53160715e+00 -5.65161526e-01 1.36285341e+00 7.00743139e-01
    9.43742394e-02 1.48282790e+00 5.17836213e-01 1.21015358e+00
    8.54519010e-03 9.79241848e-01 1.68989205e+00 1.23248911e+00
    9.28498387e-01 2.01049626e-01 1.05623460e+00 9.58495021e-01
    3.97046208e-02 2.30016232e-01 1.70926929e+00 -6.51285350e-01
    -4.24217582e-01 4.39970493e-02 7.95634568e-01 1.72494972e+00
    4.41425323e-01 -9.89780426e-02 1.53693497e-01 -2.32149303e-01
    1.74014735e+00 2.27722824e-01 -4.11976248e-01 7.19203174e-01
    8.81829679e-01 -6.97025657e-02 -1.55937850e-01 8.70362520e-02
    -6.82874084e-01 5.62682390e-01 9.33743119e-01 1.09058535e+00
    -1.79209650e-01 1.68807316e+00 9.50159431e-02 -7.87193179e-01
    8.37867975e-01 6.28464043e-01 4.90871012e-01 5.82264066e-01
    4.46229935e-01 2.91848183e-02 3.29821765e-01 4.07870412e-01
    1.53845632e+00 4.54285264e-01 5.92925429e-01 2.41369009e-03
    1.66665530e+00 4.02997375e-01 1.75230062e+00 1.02908850e-01
    1.53212166e+00 1.27348638e+00 1.33976698e+00 -5.62080979e-01
    9.60383177e-01 1.56646860e+00 9.05631065e-01 1.63328946e-01
    8.24071765e-01 8.13601077e-01 1.52547574e+00 3.73241365e-01
    1.32963014e+00 1.28611827e+00 1.02337074e+00 -7.36158073e-01
    5.62794805e-01 1.02174270e+00 1.66448092e+00 1.14772320e+00
    9.53121960e-01 2.47721672e-01 3.64180624e-01 1.67284715e+00
    -1.23375893e-01 9.36323166e-01 1.60007989e+00 6.26706362e-01
    -4.62921143e-01 8.96009207e-02 2.31510997e-02 -5.35616279e-02
    -1.03293300e-01 8.85115385e-01 1.16433644e+00 1.57681346e+00
    1.49296606e+00 1.60563409e+00 5.73037148e-01 -1.48423254e-01
    -6.09855294e-01 9.91693556e-01 1.33592820e+00 5.88055789e-01
    9.02906954e-01 7.60871410e-01 6.04698181e-01 3.52167666e-01
    -1.92329168e-01 8.55752349e-01 5.18520594e-01 -2.80067384e-01
    -4.79884356e-01 -1.77071214e-01 1.15579665e-01 1.35441053e+00
    -7.87926972e-01 2.23226607e-01 -5.54957986e-01 1.46063888e+00
    -3.41282547e-01 1.24895597e+00 1.32067251e+00 7.44670510e-01
    1.12980556e+00 6.55670404e-01 3.07706892e-01 4.65715647e-01
    8.87787342e-01 -5.39187670e-01 5.04744530e-01 1.39049053e+00
    1.32381761e+00 -4.84156460e-01 6.99927211e-01 1.38610399e+00
    8.06746364e-01 6.13437295e-02 -4.73608881e-01 -3.24094892e-02
    1.10390115e+00 1.51481795e+00 5.15092611e-01 -5.67180276e-01
    1.59945607e+00 4.10896182e-01 9.86991525e-01 1.31030464e+00
    -1.81929469e-02 -2.22815275e-02 4.17560399e-01 -6.14760637e-01
    1.01352739e+00 -8.12524855e-01 1.22520983e-01 1.01646006e+00
    1.15179563e+00 -2.06325173e-01 8.66130412e-01 1.18753982e+00
    6.99407458e-02 -3.91607940e-01 3.57314527e-01 4.10203934e-01
    1.80942941e+00 -1.63991213e-01 1.73151362e+00 1.83309317e-02
    2.04133391e-02 -2.99344689e-01 1.51935422e+00 -4.17251199e-01
    1.46514082e+00 1.00425470e+00 5.54886222e-01 9.40076470e-01
    3.80068541e-01 1.26078665e-01 1.64649701e+00 -5.63203812e-01
    1.06079471e+00 2.95338094e-01 -2.47112870e-01 5.22304952e-01
    3.94970059e-01 1.14626575e+00 -3.82757843e-01 7.37544000e-01
    -8.03633928e-02 1.22525835e+00 1.33721447e+00 -1.25103295e-01
    8.39211464e-01 5.50686836e-01 3.52506042e-01 5.35881102e-01
    1.56383038e-01 1.47819614e+00 8.84786725e-01 8.23515654e-02
    2.02085435e-01 1.53218997e+00 7.39584267e-01 1.49876261e+00
    -1.27995610e-01 1.08592796e+00 4.64428008e-01 -5.04615068e-01
    1.74998224e+00 1.73207009e+00 -3.86354387e-01 1.31533885e+00
    7.16024399e-01 -4.44009662e-01 9.38111901e-01 3.06659281e-01
    9.01043952e-01 1.42053008e+00 3.56497049e-01 1.01294029e+00
    9.39763069e-01 -6.77855074e-01 -9.37097669e-02 -5.46137333e-01
    2.87137926e-01 6.03129327e-01 8.22192430e-02 1.46233606e+00
    3.51572454e-01 1.15497613e+00 4.75490689e-02 1.50099730e+00
    2.54323602e-01 6.63212121e-01 -5.15495539e-02 -4.55368787e-01
    1.51468313e+00 1.67390633e+00 -3.74099672e-01 -2.69638568e-01
    -4.63644445e-01 1.75089717e+00 4.60489988e-02 -1.34695053e-01
    8.91056359e-01 1.40121531e+00 5.10296822e-01 1.14553881e+00
    -2.13589251e-01 -1.63572431e-01 2.01270998e-01 1.06572807e+00
    9.27964628e-01 -2.41070092e-01 -4.34651643e-01 1.64102960e+00
    -5.11701941e-01 2.39600301e-01 7.71844089e-01 2.94218004e-01
    -5.02619386e-01 1.80988741e+00 3.30868185e-01 3.42625886e-01
    -4.69448775e-01 1.86689913e+00 5.46525180e-01 8.17754865e-01
    -7.17095733e-01 -2.93852627e-01 1.73041582e-01 1.24406791e+00
    -1.94863081e-02 3.32180083e-01 -3.72038811e-01 8.90029013e-01
    1.93504453e-01 -6.28762603e-01 1.58809960e-01 -6.29157305e-01
    -6.83367312e-01 1.15792584e+00 1.24704003e+00 -7.93004036e-03
    9.19699728e-01 2.90706158e-01 1.31578541e+00 1.55388093e+00
    4.36545551e-01 1.07699800e+00 1.34651518e+00 1.63861489e+00
    1.61486948e+00 -2.58805156e-01 -2.35445380e-01 -3.48662376e-01
    2.00729370e-02 8.59968066e-02 3.57286870e-01 1.64801598e+00
    -2.28622198e-01 -6.19292259e-02 -6.53045058e-01 -4.71064240e-01
    1.27628374e+00 1.04587901e+00 -3.47954929e-01 1.47557330e+00
    1.37328088e-01 1.36568034e+00 -6.07856512e-01 -7.61123955e-01
    5.11500657e-01 -3.76371562e-01 -6.41591370e-01 6.51741862e-01
    6.74745440e-01 -7.35932350e-01 3.59632671e-01 -4.76496875e-01
    5.60937285e-01 7.83109903e-01 5.38944662e-01 8.05882931e-01
    -6.34662509e-01 -1.93408072e-01 1.22794747e-01 -7.46130288e-01
    1.73075151e+00 -6.70214891e-02 1.60924530e+00 6.91739023e-01
    -2.59738564e-01 4.59932089e-02 9.90409315e-01 -4.55521196e-01
    -3.27368349e-01 6.74113572e-01 -6.22660816e-01 1.21619332e+00
    1.07132125e+00 -2.59301186e-01 1.23412657e+00 5.56054354e-01
    7.93597043e-01 -1.80391014e-01 -7.65722275e-01 -6.69050813e-01
    1.43463063e+00 1.40500748e+00 7.54308939e-01 -6.09369636e-01
    -3.20620894e-01 1.22357035e+00 1.76268864e+00 1.06301427e+00
    4.91375506e-01 -1.00514948e-01 1.03203773e-01 7.00143576e-01
    1.42957771e+00 1.56160688e+00 1.40016055e+00 7.62727439e-01
    -2.77498215e-01 2.79649496e-01 1.71731782e+00 1.59734011e+00
    4.60838974e-01 1.68211675e+00 9.08083200e-01 4.25202787e-01
    1.46988189e+00 1.41694081e+00 -7.74625063e-01 -6.71232283e-01
    -5.70839167e-01 2.37797499e-01 1.32294607e+00 1.13261247e+00
    9.94932175e-01 9.19519544e-01 7.88934112e-01 1.14045525e+00
    -5.21568179e-01 7.09431052e-01 1.65850973e+00 -7.12418318e-01
    1.55196786e+00 2.97639370e-01 1.63428831e+00 -1.22509956e-01
    1.08747816e+00 -2.64710784e-02 1.62261617e+00 6.61031604e-02
    -6.05743051e-01 6.26468062e-02 2.72776842e-01 -5.89188159e-01
    -2.42851973e-01 -1.60535991e-01 1.54550242e+00 1.14475250e+00
    -3.94829839e-01 -2.39238739e-01 -4.85137850e-01 8.75981212e-01
    9.14845586e-01 1.38217902e+00 1.18082523e+00 -4.72710729e-01
    5.95761657e-01 3.71800363e-01 1.39692187e+00 1.69287860e+00
    5.28706193e-01 -4.11922991e-01 -2.33637691e-02 -3.93126935e-01
    -4.08781052e-01 1.34634066e+00 1.16278410e+00 -2.49594122e-01
    -5.25890470e-01 7.72805810e-01 -5.32082796e-01 -1.71284735e-01
    1.16348851e+00 -5.01108408e-01 1.39010429e+00 1.57263243e+00
    9.99886036e-01 1.60652411e+00 1.01058805e+00 4.45382595e-02
    1.52102768e-01 6.40307069e-02 1.75847852e+00 -6.40746355e-02
    1.81901598e+00 2.81981766e-01 1.06061685e+00 8.72135758e-01
    7.12289751e-01 -6.38860345e-01 8.76794875e-01 4.17559743e-02
    -4.37415302e-01 1.11958861e+00 1.76794171e-01 1.12459803e+00
    9.33284342e-01 4.19458926e-01 -4.34475005e-01 3.70600581e-01
    1.52037191e+00 1.07076144e+00 1.36113393e+00 1.67797804e-01
    1.72453594e+00 -6.31498814e-01 6.19369626e-01 8.87735009e-01
    9.39162731e-01 -7.20561743e-02 -4.68954355e-01 1.17659438e+00
    1.04962194e+00 1.08399510e+00 4.18972969e-02 6.61945879e-01
    1.71576095e+00 -1.88756287e-01 9.71894801e-01 -9.59384441e-02
    6.89428985e-01 6.49387956e-01 1.61411977e+00 2.01556265e-01
    -4.86887097e-01 -2.34521657e-01 1.71981907e+00 1.71152091e+00
    -1.56159520e-01 8.25797856e-01 1.35042918e+00 1.58373833e+00
    -5.80395937e-01 -7.08969772e-01 3.04615676e-01 1.62492585e+00
    -5.20224214e-01 1.01646435e+00 3.42393577e-01 -5.28292537e-01
    3.62162232e-01 -2.60153413e-01 3.08127880e-01 3.35643649e-01
    3.53454947e-01 -5.50451279e-01 6.70841277e-01 1.47322726e+00
    1.23311186e+00 -1.38876021e-01 1.41778743e+00 -3.86748314e-02
    1.58754683e+00 1.52074945e+00 -6.26156926e-02 1.33714902e+00
    8.29214811e-01 -1.47734821e-01 1.85362399e-01 8.26628089e-01
    -1.83640122e-01 6.21228576e-01 1.36325479e+00 7.56698847e-02
    9.94864702e-01 1.59543717e+00 -4.53370750e-01 1.33053362e-01
    -7.66204238e-01 -3.56818497e-01 6.34250879e-01 2.29777455e-01
    -1.04235351e-01 1.47722125e+00 3.16343844e-01 1.13416195e-01
    2.65429974e-01 6.46608710e-01 7.54824340e-01 1.60926223e-01
    1.62929153e+00 2.71326780e-01 6.99361920e-01 1.38627398e+00
    8.10818732e-01 4.16874290e-01 -5.85147262e-01 1.35880542e+00
    1.12190449e+00 -6.08804107e-01 1.47460127e+00 1.52344370e+00
    -6.03399277e-02 -2.36159563e-02 -4.26989943e-01 1.29795933e+00
    -5.48061490e-01 7.95020342e-01 1.43395925e+00 -2.19904184e-02
    -5.07444143e-01 -4.78373766e-02 4.81263340e-01 1.00913370e+00
    4.37771916e-01 -4.42402601e-01 1.24878168e-01 1.08769536e+00
    -6.96461797e-01 1.38116682e+00 8.51673007e-01 7.70541847e-01
    1.76667476e+00 1.31110883e+00 1.27038121e-01 -5.20379543e-01
    7.30637193e-01 1.48242295e-01 -3.13099593e-01 7.98008800e-01
    9.98002231e-01 -1.37009621e-02 -6.98639214e-01 5.83072543e-01
    6.98678434e-01 6.08908772e-01 -4.54622298e-01 1.14332485e+00
    1.32574391e+00 9.95415092e-01 1.31150985e+00 1.41841054e+00
    1.45430219e+00 5.23344338e-01 2.47180760e-01 -6.17515266e-01
    1.40758395e+00 1.33789921e+00 -8.78074169e-02 3.79093766e-01
    -1.59577549e-01 -3.68824005e-01 9.38871026e-01 3.19044292e-01
    1.18823874e+00 1.06248891e+00 2.56101727e-01 1.15741229e+00
    1.79997492e+00 -2.33732283e-01 -7.01943517e-01 -4.34719086e-01
    -6.29483104e-01 -4.52659935e-01 3.39600444e-01 -3.69846433e-01
    -5.48335195e-01 1.03477001e+00 -5.15610099e-01 1.32753301e+00
    7.70828485e-01 7.39392996e-01 7.34103799e-01 6.34538054e-01
    -3.39269102e-01 3.47178757e-01 9.21779752e-01 -2.68333137e-01
    7.32955575e-01 2.60577738e-01 9.64728713e-01 -3.86187583e-01
    9.31935668e-01 -2.64394522e-01 1.63629508e+00 1.68408000e+00
    2.64530599e-01 -5.73113084e-01 -5.03707051e-01 3.80513787e-01
    1.61851466e-01 6.67109907e-01 -1.75665259e-01 -4.87454534e-01
    -1.71165645e-01 8.95115972e-01 -5.70553184e-01 -4.44384664e-01
    1.08014607e+00 1.56170678e+00 -5.69604158e-01 1.07580411e+00
    1.54611254e+00 8.66371334e-01 1.88822508e-01 8.01794410e-01
    -3.40098500e-01 -9.49605703e-02 1.13792014e+00 3.79707873e-01
    8.18382680e-01 1.27583897e+00 5.92045903e-01 6.01024270e-01
    5.03284156e-01 -2.61261463e-01 1.14266300e+00 9.33392346e-01
    -9.93415117e-02 1.36153495e+00 1.26510680e+00 1.32591081e+00
    6.73903525e-01 1.64974904e+00 1.02684021e-01 7.92592347e-01
    -5.45861363e-01 1.08186603e+00 8.03433716e-01 -4.76977825e-01
    -6.93748116e-01 1.47128749e+00 7.74621964e-02 1.17512941e+00
    1.39907908e+00 -5.42132020e-01 -2.83634573e-01 1.78293180e+00
    4.26840544e-01 -6.61819398e-01 1.57432556e-01 4.12293553e-01
    -3.71750861e-01 9.16704237e-01 -3.62093598e-01 -1.84965849e-01
    1.86806715e+00 1.22590613e+00 4.23747897e-02 -1.99587643e-01
    1.16943944e+00 3.28507602e-01 1.21788549e+00 1.27497590e+00
    1.36247885e+00 1.58695483e+00 6.31313205e-01 1.18456304e-01
    1.00497186e-01 7.57122636e-02 -4.54620421e-01 1.11096561e+00
    1.74325109e-02 -7.26955056e-01 -4.66656357e-01 1.35246205e+00
    2.97245324e-01 -3.66236866e-01 4.12245870e-01 1.45526981e+00
    -4.73598033e-01 1.73775971e+00 -1.49105966e-01 -7.11133003e-01
    6.10456765e-01 1.66326857e+00 1.18286848e-01 8.20063949e-01
    -1.30235195e-01 1.30820465e+00 1.03851795e+00 1.61784673e+00
    1.23468709e+00 -4.94667143e-01 8.50813746e-01 1.47000754e+00
    9.25327003e-01 9.84879553e-01 1.48596406e-01 -4.67527747e-01
    -3.86586547e-01 2.73452461e-01 1.18030763e+00 1.81356668e-01
    -5.51972866e-01 -7.08749294e-02 9.20009613e-03 -4.02844340e-01
    1.38294148e+00 -5.33030391e-01 1.76592779e+00 1.64402628e+00
    1.50768757e+00 -6.60667479e-01 -4.41259265e-01 -5.10571003e-01
    1.24466646e+00 1.42881751e-01 7.83554196e-01 3.74128699e-01
    5.55282533e-01 6.63909435e-01 -1.52606606e-01 -2.72216141e-01
    -5.92784286e-01 9.04129148e-01 9.60724711e-01 1.03857505e+00
    -1.79027557e-01 9.33322370e-01 8.11024010e-01 -3.14716816e-01
    8.39272738e-01 -2.79968560e-01 5.78606069e-01 -5.76720774e-01
    -1.81315482e-01 1.47676802e+00 1.12062180e+00 -7.82836676e-02
    1.88683558e+00 5.25949419e-01 1.34103870e+00 9.30359542e-01
    1.11956310e+00 1.63554430e+00 5.30877471e-01 1.45455599e+00
    1.11810160e+00 1.06611443e+00 3.59833837e-02 1.12431443e+00
    4.95006800e-01 9.81881857e-01 5.70894361e-01 1.51200247e+00
    2.33524442e-02 -3.00978720e-01 1.74469519e+00 -6.74560547e-01
    4.13807333e-01 8.05850804e-01 -5.50983071e-01 8.49578977e-01
    -2.34097719e-01 1.04756618e+00 7.62534618e-01 9.66339052e-01
    2.32326150e-01 -7.43740797e-02 6.72391057e-02 -1.92227244e-01
    8.94153178e-01 -5.46589971e-01 1.05640173e-01 1.64796424e+00
    1.63865066e+00 2.95603275e-01 7.08859086e-01 7.51809478e-02
    5.79997420e-01 1.60221374e+00 9.73680615e-01 6.53262258e-01
    6.14363313e-01 1.21381712e+00 3.82304132e-01 1.61982954e+00
    -5.25982976e-01 -4.71019924e-01 1.58601105e+00 1.93760991e-02
    1.65614963e+00 5.06249070e-01 -3.13584685e-01 4.97055471e-01
    5.02884388e-01 1.67643154e+00 8.87741923e-01 6.60203040e-01
    1.75423038e+00 -1.06320381e-02 -4.50028569e-01 4.33231711e-01
    -1.37778878e-01 1.15469885e+00 -4.18693423e-02 1.75643682e-01
    1.14061391e+00 -1.83007598e-01 -6.26343727e-01 3.40758145e-01
    6.72273040e-01 7.22870409e-01 1.21972609e+00 8.07700992e-01
    1.09952664e+00 1.29421568e+00 -7.29199886e-01 1.47149253e+00
    1.57688367e+00 1.85669899e-01 3.21914911e-01 5.49521685e-01
    7.35718012e-02 1.53631759e+00 3.33058774e-01 -2.15226859e-01
    -3.16880077e-01 -2.25394964e-02 1.53744602e+00 1.67755830e+00
    8.47461224e-01 1.16535234e+00 1.18685186e+00 -5.32819033e-02
    -7.12775290e-01 1.44008422e+00 -3.98378074e-01 7.19731808e-01
    5.30095100e-01 -7.86555529e-01 6.60219550e-01 -3.79579842e-01
    5.58393478e-01 1.35593605e+00 1.26339495e-01 7.23819852e-01
    7.16761589e-01 8.22879553e-01 1.18379259e+00 -6.03857756e-01
    1.27038777e+00 1.16222811e+00 -3.06063563e-01 -5.14265537e-01
    9.82786179e-01 1.48866987e+00 1.31967962e+00 7.62544394e-01
    -5.66522002e-01 7.14823246e-01 1.12797332e+00 -7.73240924e-02
    -4.15234804e-01 1.43132651e+00 8.75067711e-03 -7.43300140e-01
    1.60294306e+00 -6.21501803e-02 2.45933294e-01 3.07311237e-01
    1.29761457e-01 5.12471199e-01 -5.51312745e-01 3.41667533e-01
    6.28041029e-02 7.67628074e-01 1.20998025e-02 1.09535336e+00
    2.73961723e-01 1.08655977e+00 7.56813705e-01 1.57841372e+00
    5.62719107e-02 1.03331089e+00 1.65633464e+00 6.87175274e-01
    -2.15170622e-01 4.66623127e-01 -5.06639719e-01 -3.98612410e-01
    1.13134837e+00 9.24826324e-01 1.37958467e+00 1.62033582e+00
    -1.09548688e-01 -2.50497848e-01 -7.15616107e-01 -1.45893157e-01
    1.46141386e+00 -5.26847780e-01 3.02697003e-01 -4.86638993e-01
    1.27035904e+00 -6.37021244e-01 -2.74007916e-01 1.14120245e+00
    5.36851227e-01 1.33146489e+00 1.47864759e-01 2.86112726e-01
    9.53974426e-01 9.39924121e-02 -5.48979640e-01 4.89302635e-01
    -6.35694504e-01 -4.73988414e-01 -5.27375758e-01 1.68594491e+00
    -6.55167520e-01 -2.71287560e-02 2.23939359e-01 -5.24130225e-01
    -6.52390718e-03 6.04255974e-01 1.15176368e+00 1.20529735e+00
    1.49444330e+00 -3.11438292e-01 1.18722200e+00 3.06083500e-01
    1.25238550e+00 1.62260556e+00 6.81697309e-01 -1.71276271e-01
    7.63112128e-01 -5.88362813e-01 -5.46061039e-01 -6.59120023e-01
    6.63532376e-01 -7.65727162e-02 -2.23205149e-01 1.16657925e+00
    -7.08992600e-01 -3.50242227e-01 5.74354649e-01 2.76369929e-01
    1.12338543e+00 1.42846549e+00 -8.51903796e-01 -3.18569183e-01
    1.13037503e+00 -3.60500246e-01 1.15279686e+00 -5.73136091e-01
    6.27929270e-01 -1.09847665e-01 4.96678352e-01 3.73442471e-01
    -4.43007737e-01 -2.19945669e-01 3.43618274e-01 9.01191831e-02
    1.06813765e+00 -6.34078026e-01 5.18901050e-01 -2.14611292e-01
    5.23149490e-01 1.17664790e+00 1.67759609e+00 1.32327914e-01
    -2.31118947e-01 -1.27736628e-01 1.34440517e+00 8.62149239e-01
    -1.37948632e-01 -4.10574973e-01 -5.21747291e-01 1.29610956e-01
    7.11014032e-01 8.12047839e-01 1.63935554e+00 4.11855161e-01
    1.52567458e+00 6.71486735e-01 1.72403598e+00 8.59007835e-02
    5.21371543e-01 6.15266323e-01 1.24263728e+00 -5.42965055e-01
    1.90473628e+00 1.28822792e+00 1.03674495e+00 1.73594773e+00
    1.46160901e+00 1.35158420e-01 8.74858022e-01 -1.39352322e-01
    1.43684721e+00 4.24920738e-01 -1.83915257e-01 -2.57593632e-01
    8.32621157e-01 1.54443324e+00 5.72779715e-01 8.41523528e-01
    5.06778836e-01 6.52129173e-01 4.14679170e-01 1.69319069e+00
    -7.30026484e-01 1.01861310e+00 -2.46157050e-01 -5.72053730e-01
    1.34966969e-01 1.20828438e+00 1.43033743e-01 1.18097782e+00
    -7.71221995e-01 -1.95961595e-01 1.54560184e+00 6.91188395e-01
    -8.06656539e-01 1.46134627e+00 1.54137909e-01 -3.56780112e-01
    -1.95428908e-01 2.66595185e-01 5.09541750e-01 1.42363191e+00
    1.83665931e-01 -3.23006570e-01 7.91821420e-01 2.40240872e-01
    1.58348143e-01 1.72201514e-01 -4.38108832e-01 -5.37901700e-01
    -3.06494117e-01 1.44728231e+00 1.68624842e+00 5.94518483e-01
    -5.06101549e-01 1.43123317e+00 4.10648584e-01 -4.62101310e-01
    1.45972729e-01 -4.81048197e-01 -2.65639722e-01 -2.14553177e-01
    3.76727283e-01 6.81370854e-01 -1.84141517e-01 -1.97109580e-01
    5.28073967e-01 2.36972153e-01 -5.94946623e-01 2.69460082e-01
    -1.64090157e-01 6.77496374e-01 -1.77240968e-01 8.65771890e-01
    2.62560248e-01 3.93602967e-01 1.57525122e+00 -1.31375909e-01
    9.72769856e-01 3.22613001e-01 8.07526231e-01 -1.92798793e-01
    -6.49695277e-01 5.32303691e-01 -1.36175513e-01 1.15423036e+00
    1.19233763e+00 1.44305861e+00 3.92825902e-01 -2.30516076e-01
    5.93613505e-01 4.43503261e-01 -4.71274853e-01 1.60590470e+00
    -9.30517912e-03 -3.44826519e-01 8.73032570e-01 5.89019120e-01
    1.13581169e+00 1.23727787e+00 -7.99288690e-01 1.26768041e+00
    8.88418078e-01 -7.36140311e-01 6.23631597e-01 6.96989655e-01
    1.77120757e+00 -6.75798237e-01 9.26452100e-01 -5.68514347e-01
    1.69476426e+00 4.63664055e-01 1.49095857e+00 1.08733726e+00
    7.53945112e-02 -4.52981591e-01 1.26932275e+00 8.45988393e-01
    1.60329628e+00 3.76297355e-01 -4.91636723e-01 3.01552296e-01
    5.72273076e-01 8.38818491e-01 2.74939656e-01 -6.33663952e-01
    1.55504584e-01 -4.10010517e-01 2.33249962e-01 1.69898033e+00
    2.49053836e-02 -7.21107125e-02 1.55980456e+00 1.68888736e+00
    8.22049379e-01 1.16090262e+00 4.84768391e-01 1.46400630e-01
    1.68098903e+00 -7.21558869e-01 1.51912999e+00 1.35821390e+00
    1.34183133e+00 -2.26478577e-02 1.01192760e+00 1.18022048e+00
    -4.91116971e-01 1.44022214e+00 -2.36291885e-01 7.83905506e-01
    4.84515846e-01 -4.09479767e-01 6.13887906e-02 1.42080951e+00
    -3.95040601e-01 5.13444781e-01 3.38732481e-01 2.34601319e-01
    1.15343690e-01 -7.04732895e-01 -5.43310285e-01 1.82983494e+00
    9.62359309e-02 5.41178703e-01 5.29780984e-02 1.01901603e+00
    4.09212589e-01 1.64693666e+00 -5.96497178e-01 1.46261382e+00
    -2.00758815e-01 -1.13823533e-01 2.19015539e-01 -4.61141497e-01
    1.30271673e+00 -1.39039278e-01 -3.17455769e-01 -7.42995024e-01
    -7.15030491e-01 1.86544466e+00 -6.81135297e-01 8.50497901e-01
    4.77755487e-01 7.92634726e-01 -4.26391840e-01 2.58658469e-01
    1.02495003e+00 1.49921560e+00 1.14686322e+00 2.33232737e-01
    2.72274435e-01 1.71745932e+00 -7.06198275e-01 1.53262126e+00
    -4.61366862e-01 -1.01973057e-01 8.19540024e-01 -7.20714688e-01
    1.32799971e+00 9.28574562e-01 1.08761883e+00 1.17474675e+00
    -6.74418330e-01 1.16649592e+00 -4.86430824e-01 1.24191356e+00
    6.79573417e-01 -6.21502578e-01 2.27323234e-01 7.00162470e-01
    8.16959321e-01 -2.87962973e-01 1.03089273e+00 -2.68749714e-01
    1.02212095e+00 1.21697485e+00 8.60860944e-02 2.43323922e-01
    4.37775970e-01 -2.68475801e-01 9.85210717e-01 1.04254997e+00
    1.87904179e-01 2.06459045e-01 -6.32387877e-01 9.62315083e-01
    1.63862395e+00 -5.24254799e-01 -1.66535676e-01 1.58723378e+00
    1.29896522e-01 1.62391782e-01 7.98916817e-01 1.07678771e+00
    8.44000101e-01 -5.37041008e-01 -5.95313311e-02 1.74808621e-01
    4.19081450e-02 9.92974281e-01 -3.95683587e-01 8.20281208e-01
    3.20902467e-01 6.67328238e-01 1.61095834e+00 6.70266330e-01
    1.63715088e+00 1.09613013e+00 -2.20312238e-01 -5.60527802e-01
    8.52096558e-01 1.16032386e+00 -6.85097396e-01 1.50746524e+00
    1.42773461e+00 -1.46171927e-01 -7.06601381e-01 -6.70495868e-01
    -7.48035908e-02 4.28379297e-01 6.20296597e-02 -2.29153141e-01
    1.43613625e+00 1.43223464e-01 -1.39272273e-01 1.42103708e+00
    2.72995353e-01 9.74111795e-01 1.20384061e+00 3.31313550e-01
    4.35768425e-01 -2.81460047e-01 -6.65816784e-01 6.42458975e-01
    -2.68419594e-01 1.44076347e+00 4.16098714e-01 1.58890390e+00
    -6.74435735e-01 1.14678550e+00 -1.59595013e-01 1.58386922e+00
    8.65630507e-01 9.21421170e-01 4.00298476e-01 1.67182398e+00
    7.14957595e-01 7.06950784e-01 3.11126828e-01 3.33005607e-01
    1.32161212e+00 6.26286924e-01 1.08503103e+00 8.87435317e-01
    1.59131193e+00 1.25848067e+00 1.72425628e+00 -4.39895689e-01
    4.61303055e-01 -1.87560856e-01 9.93203759e-01 6.25402868e-01
    -5.20400286e-01 6.99941397e-01 8.83254766e-01 1.10206175e+00
    3.92336369e-01 -1.30827844e-01 5.21353960e-01 4.94404852e-01
    4.49604988e-01 -5.85172176e-02 6.14023030e-01 -1.59900308e-01
    5.89725614e-01 7.91414320e-01 -1.80804610e-01 5.67271471e-01
    6.42178953e-01 1.41108048e+00 8.37499857e-01 -6.27623200e-01
    -1.50577426e-02 7.60963678e-01 -3.74263227e-01 -6.44942403e-01
    -3.40701610e-01 2.79437721e-01 4.20659959e-01 9.37606931e-01
    -5.03998935e-01 8.52722645e-01 1.01549315e+00 1.58143127e+00
    -2.92021990e-01 -9.17261839e-02 6.70561671e-01 4.24134791e-01
    1.72821105e+00 9.25500751e-01 -6.23437345e-01 8.27782750e-01
    3.01577449e-01 -2.06796885e-01 1.53751874e+00 -3.29989493e-01
    1.56582522e+00 -2.78071165e-02 1.03872013e+00 4.24079299e-01
    -4.31086600e-01 1.08354616e+00 1.56184745e+00 -7.89895415e-01
    -7.65495479e-01 9.76661921e-01 1.48950350e+00 1.28746152e+00
    -4.50651377e-01 -1.00674748e-01 1.09567702e+00 1.07773685e+00
    5.82271934e-01 1.35768044e+00 1.61117566e+00 1.52619219e+00
    -1.88329577e-01 -8.80457163e-02 1.38077140e-02 -2.13409662e-02
    5.23320436e-01 1.51502228e+00 1.43813086e+00 -8.22038651e-01
    1.66760600e+00 7.18334317e-02 2.56046057e-02 1.74068511e+00
    -3.53146821e-01 5.16572595e-01 -3.13571870e-01 1.39871740e+00
    1.26201081e+00 6.75565064e-01 1.01299763e-01 9.93200183e-01
    6.65936351e-01 1.47869682e+00 1.45588768e+00 1.92686021e-01
    1.17069888e+00 -5.72954893e-01 9.95440304e-01 8.33796978e-01
    5.52076817e-01 5.25460780e-01 1.67681003e+00 1.26509595e+00
    -4.99984145e-01 -5.98940194e-01 6.94054782e-01 1.16316319e+00
    7.52862632e-01 7.74312258e-01 2.59728312e-01 1.02486670e+00
    4.35687721e-01 5.36295652e-01 -4.04542208e-01 2.27216184e-01
    4.16689873e-01 5.52819371e-02 -5.64120173e-01 1.84679103e+00
    1.73217571e+00 2.84863591e-01 3.08478653e-01 -3.49442601e-01
    9.40214396e-01 8.16228628e-01 8.53964269e-01 1.07663155e+00
    -7.09487677e-01 1.60324872e+00 -6.51644230e-01 -1.26024425e-01
    2.14991391e-01 1.33420169e+00 1.78034055e+00 -6.52062297e-02
    1.66679549e+00 1.59868407e+00 -4.27302122e-02 1.32169485e+00
    -3.52360368e-01 -1.23625815e-01 -4.71748918e-01 1.39554143e+00
    5.88984132e-01 9.08410311e-01 5.08346558e-02 1.76148105e+00
    2.60948837e-01 1.40360379e+00 1.66492605e+00 1.21171188e+00
    6.61131442e-01 -2.06288695e-02 1.64375997e+00 -6.36010170e-01
    7.21704185e-01 3.47601771e-02 1.74629998e+00 -4.13615018e-01
    -7.79393971e-01 4.23766911e-01 2.41701841e-01 -7.61826336e-01
    1.02379274e+00 4.31395769e-01 1.34541154e-01 1.00991952e+00
    4.12420034e-02 -5.98587632e-01 1.26845121e+00 -8.24320316e-03
    1.69892299e+00 1.00562513e+00 3.67153287e-01 1.18072915e+00
    5.64907193e-02 1.14624703e+00 9.00631249e-01 6.23229802e-01
    2.61981487e-02 1.29870534e-01 9.98724937e-01 5.94810724e-01
    1.63841498e+00 7.97104239e-02 8.24970603e-02 1.21932232e+00
    6.11516118e-01 1.36490202e+00 -2.65940219e-01 1.34682596e-01
    3.67702842e-02 -3.06355596e-01 1.30537260e+00 2.32908726e-01
    3.09193075e-01 3.64960790e-01 -4.93242085e-01 1.33574438e+00
    -7.06881285e-01 -9.76076722e-02 -6.54789507e-01 1.53465521e+00
    8.25229287e-01 1.09217167e+00 9.51592088e-01 -2.23034680e-01
    1.29761374e+00 1.50406718e-01 2.21619070e-01 3.63866687e-01
    -4.97091711e-01 6.58223927e-01 -2.03127146e-01 -7.28697777e-02
    1.12738216e+00 6.26646757e-01 1.27449834e+00 8.26440096e-01
    1.69814765e+00 3.59798670e-01 -3.37051511e-01 6.50747001e-01
    -3.38653177e-01 1.63996518e+00 1.56126511e+00 -4.34034556e-01
    9.47144806e-01 4.79452372e-01 1.13219464e+00 1.31547272e-01
    -7.83813000e-03 -1.64918780e-01 -2.05269992e-01 -5.67814946e-01
    -2.28427231e-01 -1.97884381e-01 -7.47089088e-01 -5.56796074e-01
    8.16272259e-01 1.06385732e+00 -3.14759672e-01 -1.95563436e-01
    1.33545434e+00 6.01554334e-01 1.08422923e+00 5.73632956e-01
    1.42503142e+00 1.00634623e+00 -7.07653999e-01 5.17376006e-01
    6.98522389e-01 -3.03238571e-01 1.35413527e+00 1.41816914e+00
    -8.24906588e-01 1.04524589e+00 1.53198791e+00 1.77007318e-02
    9.12411511e-01 4.37799156e-01 1.37986970e+00 7.80566156e-01
    8.73612761e-01 1.50750804e+00 3.35473776e-01 1.03779507e+00
    5.80565333e-02 -5.12452722e-02 1.60524786e-01 1.08209658e+00
    1.66292048e+00 1.04468870e+00 8.62253308e-01 -4.41966504e-01
    2.94961691e-01 1.19899631e-01 8.10843349e-01 1.37888372e-01
    1.26887822e+00 1.41129875e+00 -2.40479887e-01 1.33879745e+00
    1.45280027e+00 1.53506279e+00 1.10628223e+00 8.58432412e-01
    1.13111782e+00 1.31848693e-01 2.21397936e-01 7.55364656e-01
    5.88091969e-01 6.69332087e-01 1.16217232e+00 6.90218687e-01
    6.93120182e-01 9.18399096e-02 3.97794008e-01 -5.85961223e-01
    6.96060658e-02 1.23310184e+00 1.34972489e+00 5.39374471e-01
    8.72440517e-01 -2.16571689e-01 2.62460530e-01 6.12050354e-01
    -1.50297940e-01 -3.27888101e-01 7.02785134e-01 -7.10702121e-01
    7.03930259e-01 1.10096407e+00 3.68115008e-01 1.44581974e+00
    -3.21817040e-01 1.24286532e-01 1.53710401e+00 1.20024025e+00
    8.86901796e-01 -2.60032594e-01 -5.05010843e-01 1.23972034e+00
    4.05822396e-01 3.81772578e-01 1.17744374e+00 8.69193196e-01
    -6.91458941e-01 1.02990758e+00 1.41902709e+00 5.57745755e-01
    -3.27554703e-01 -2.48161972e-01 -6.95059478e-01 -5.32341599e-01
    -9.73500609e-02 7.29098320e-02 1.29822123e+00 -3.33018571e-01
    -3.12671185e-01 4.85178590e-01 1.58792341e+00 4.51009274e-01
    5.69042742e-01 1.03407383e+00 4.67651844e-01 -1.04668140e-02
    -3.01875323e-01 -3.32801074e-01 4.52026725e-01 -7.49450326e-01
    4.13416624e-01 7.37920403e-01 -3.24644357e-01 6.27982497e-01
    9.21928704e-01 -2.04231739e-02 1.65461802e+00 -3.44539344e-01
    2.81637073e-01 -1.94803834e-01 4.11020160e-01 -6.46939695e-01
    1.33387303e+00 -5.16515374e-01 1.29052758e-01 -5.02524614e-01
    1.65559125e+00 1.02763629e+00 2.72610545e-01 5.63321471e-01
    1.70234859e+00 2.99067557e-01 4.03743625e-01 1.71403170e-01
    2.14692414e-01 1.55047214e+00 -5.72117686e-01 1.16841865e+00
    -3.17147523e-01 1.53167188e+00 4.17184472e-01 1.24796641e+00
    5.16558468e-01 1.71834016e+00 1.53551531e+00 9.75541413e-01
    -4.65187430e-01 -2.27824926e-01 5.17974317e-01 1.50502610e+00
    7.48644948e-01 3.87123227e-01 1.34143913e+00 1.64434695e+00
    -5.84986389e-01 1.22332036e-01 1.58849311e+00 1.36261618e+00
    5.76685011e-01 -2.05742180e-01 6.92366004e-01 4.30688202e-01
    -3.76594454e-01 1.18218958e-01 -3.00565839e-01 -6.19118333e-01
    -3.03478181e-01 7.72150636e-01 1.23231256e+00 -4.51802671e-01
    1.71143866e+00 -6.34394944e-01 -6.17462575e-01 1.43305993e+00
    7.38092184e-01 5.74216127e-01 1.28925359e+00 1.17453003e+00
    1.03358626e+00 1.20328939e+00 1.54158485e+00 9.88824964e-02
    1.10466504e+00 5.13893425e-01 3.67119431e-01 4.06737864e-01
    7.51638412e-02 -5.04446030e-01 1.07268596e+00 1.05234385e-01
    1.20388150e+00 -7.57775843e-01 8.08420181e-02 1.79138601e+00
    6.91675723e-01 -3.58563840e-01 1.67638540e+00 1.79248011e+00
    -5.19868970e-01 1.10651493e-01 -6.17760479e-01 1.68071210e+00
    4.49025631e-03 2.97449112e-01 4.95676458e-01 8.19976270e-01
    -1.63444579e-01 1.05408788e-01 -1.41694665e-01 2.55525589e-01
    8.90837073e-01 1.75651026e+00 1.33958328e+00 -1.75947309e-01
    5.33215523e-01 3.82447898e-01 9.08878446e-01 8.49401772e-01
    4.95496869e-01 -4.47396517e-01 9.93959069e-01 1.49554694e+00
    -3.96003604e-01 -4.49047327e-01 9.90006566e-01 1.47187209e+00
    4.04129148e-01 -3.29170406e-01 1.50145388e+00 7.94535279e-01
    -4.20843571e-01 1.18425357e+00 1.45622265e+00 3.31093669e-02
    -3.94297212e-01 2.23815560e-01 -2.18449205e-01 8.14474702e-01
    1.45267355e+00 1.70628214e+00 1.65661454e+00 9.56562579e-01
    1.63281548e+00 1.18540287e+00 5.40533245e-01 1.22503293e+00
    9.66065228e-01 8.82479906e-01 -3.55175257e-01 -1.02061152e-01
    1.49855149e+00 -5.07091284e-01 1.09767652e+00 1.67194617e+00
    1.55984759e+00 4.00439501e-01 1.77410805e+00 -7.49601126e-01
    -3.02110940e-01 -2.55712688e-01 1.23647511e+00 -1.63010716e-01
    1.34790623e+00 -2.48587370e-01 6.18234992e-01 4.95091081e-02
    2.27139592e-02 -7.97376633e-01 8.30786228e-01 1.09103727e+00
    -9.91196632e-02 5.46556056e-01 -5.29264212e-01 3.20574939e-01
    2.77335227e-01 1.94348693e-02 1.71427643e+00 -3.82284373e-01
    -7.66818166e-01 1.18051147e+00 1.10914683e+00 3.91367435e-01
    -6.88927293e-01 8.57963562e-02 1.35935247e+00 5.47505915e-01
    7.62375236e-01 1.20839214e+00 7.73262620e-01 1.23764205e+00
    1.14170659e+00 1.30869937e+00 4.93180633e-01 1.74758959e+00
    -2.77876258e-01 8.77552032e-01 8.93026710e-01 1.11197877e+00
    -2.13475287e-01 2.77140737e-01 1.31663823e+00 -5.65396309e-01
    8.92712057e-01 1.10470009e+00 1.70023394e+00 2.11943269e-01
    -4.53652501e-01 -2.84528196e-01 4.68825042e-01 -3.74144137e-01
    1.32572961e+00 1.36362219e+00 3.21548700e-01 8.25952291e-02
    2.91920543e-01 -5.83676219e-01 -8.01563263e-02 -1.22168303e-01
    8.87531340e-01 1.64334238e+00 -1.45335793e-01 1.26147175e+00
    4.98673260e-01 7.13651061e-01 1.16304421e+00 1.80397844e+00
    -2.79194891e-01 1.23040807e+00 1.19193041e+00 -3.60236734e-01
    7.93818116e-01 1.47406197e+00 1.81407273e-01 1.76239729e+00
    -2.59938776e-01 -5.98110139e-01 1.32589352e+00 -6.69115484e-01
    -6.86339915e-01 1.16207623e+00 -3.52585375e-01 1.55342269e+00
    -6.58069849e-02 9.86129045e-02 1.02492154e+00 1.63177180e+00
    7.74361551e-01 3.15452158e-01 2.21280456e-01 7.84035623e-01
    1.39047420e+00 3.08037698e-01 1.50822413e+00 9.08873498e-01
    3.76157820e-01 7.13837147e-02 6.08325124e-01 6.53441787e-01
    3.88137519e-01 4.07744050e-01 -7.43466616e-02 1.24584973e-01
    1.52111363e+00 4.72005486e-01 1.00957298e+00 4.68924522e-01
    1.50657094e+00 -7.78303206e-01 1.53230691e+00 -7.46549368e-01
    1.52567971e+00 6.63359821e-01 -7.60483742e-02 -5.66803515e-01
    1.78682852e+00 1.87399077e+00 -4.58227664e-01 9.20487642e-02
    5.45371592e-01 -6.33753777e-01 -2.30995387e-01 1.30279326e+00
    9.72637594e-01 1.42490685e-01 1.68720603e-01 -6.91130280e-01
    1.13962126e+00 -6.11450911e-01 1.48093057e+00 -6.83336616e-01
    1.67100275e+00 -5.26074171e-02 -4.45778698e-01 -1.76279545e-02
    3.97903919e-01 8.01333904e-01 1.71803701e+00 -3.95914137e-01
    1.32418954e+00 1.69296861e-01 -5.05629480e-01 5.93417048e-01
    8.76655042e-01 -6.38407111e-01 -3.03718239e-01 9.42955256e-01
    1.70663643e+00 -2.72534311e-01 1.60247815e+00 1.30315971e+00
    -1.36433661e-01 1.39878845e+00 -3.62832487e-01 1.14206266e+00
    1.19561911e+00 8.00210118e-01 8.08035135e-02 -8.06753635e-01
    1.55801892e+00 1.36725760e+00 1.27129829e+00 1.39963794e+00
    1.30826366e+00 -4.90022391e-01 7.87177742e-01 1.29504097e+00
    -6.67047322e-01 6.93356276e-01 8.43968332e-01 5.05678177e-01
    3.67203891e-01 7.68301427e-01 9.85363543e-01 -2.16808081e-01
    7.97802329e-01 -6.61215842e-01 1.52330208e+00 9.31173205e-01
    -5.82589269e-01 -6.93200231e-01 6.89047337e-01 7.52468705e-01
    1.55133390e+00 5.39465427e-01 9.87480402e-01 -6.49336576e-01
    8.05002332e-01 1.51191032e+00 1.45725155e+00 -4.94922996e-02
    3.50452960e-01 -1.70670629e-01 4.39155579e-01 5.93516231e-02
    6.60018384e-01 4.93555605e-01 6.95833564e-02 8.76304269e-01
    1.21662378e+00 1.63585424e+00 -7.15303719e-01 -5.14936447e-03
    1.69363630e+00 1.48406625e-02 1.61449850e+00 -6.39620006e-01
    1.31435990e+00 7.89950490e-01 1.20656383e+00 1.64370453e+00
    1.01287985e+00 -2.89753586e-01 9.26155269e-01 6.50371909e-02
    -1.21376574e-01 -1.69947684e-01 3.00109744e-01 2.55218923e-01
    9.52528119e-01 1.48083568e+00 1.72850740e+00 6.66629136e-01
    1.23492289e+00 -6.98671997e-01 -6.60571218e-01 3.22651207e-01
    -6.03906393e-01 2.64639080e-01 6.53505445e-01 -3.44979167e-01
    1.57267809e+00 1.22867846e+00 -4.96089458e-03 1.44334435e+00
    8.87620747e-02 -5.41751266e-01 1.74898005e+00 2.61632085e-01
    1.00669122e+00 1.61220622e+00 1.30333579e+00 -7.26780295e-01
    5.45663834e-01 1.08543682e+00 -4.37977880e-01 1.68509197e+00
    1.12120867e+00 -5.27359307e-01 -4.92975116e-02 1.29319370e+00
    3.59850645e-01 1.01591122e+00 1.29649138e+00 -5.41207552e-01
    -6.53451502e-01 -5.88122964e-01 1.68938291e+00 -2.46850193e-01
    1.16647053e+00 2.26863265e-01 1.21786451e+00 8.46895933e-01
    1.29630148e+00 1.56785560e+00 3.96373451e-01 1.60290301e+00
    8.30666304e-01 1.03786886e+00 3.78209114e-01 1.73908830e-01
    5.95324934e-01 -1.36837304e-01 1.52126789e+00 4.63278651e-01
    9.30405438e-01 9.10055757e-01 -4.09370571e-01 9.37037647e-01
    1.52992487e+00 1.21561503e+00 8.22068930e-01 1.36624062e+00
    1.61382937e+00 1.01749063e-01 -6.31230056e-01 9.73250687e-01
    1.35287631e+00 -2.62771666e-01 7.27025747e-01 -1.62939072e-01
    3.94628048e-01 2.34270215e-01 1.15900636e+00 9.72155929e-02
    1.19659138e+00 -1.22181296e-01 1.24746060e+00 1.00457013e-01
    -5.22618413e-01 1.31869912e+00 3.76913249e-01 3.29369783e-01
    7.17238605e-01 4.07837868e-01 -7.57542849e-02 1.21844876e+00
    1.66669786e+00 6.07013524e-01 3.16828251e-01 1.59721315e+00
    1.60400963e+00 6.79939985e-02 1.02587819e+00 1.61683321e+00
    -1.53439999e-01 1.61679614e+00 -5.79206645e-01 -5.80647349e-01
    -7.05843389e-01 -3.36779147e-01 -3.29453170e-01 1.06455529e+00
    -1.50206029e-01 -8.18445623e-01 -4.17280674e-01 1.15247786e+00
    -4.48881865e-01 7.76695728e-01 -3.09210837e-01 8.05814505e-01
    2.19186902e-01 -2.59579241e-01 1.32549357e+00 2.39072084e-01
    -5.54293692e-01 1.19240856e+00 1.47784328e+00 -2.98274457e-01
    1.20042408e+00 5.21606088e-01 5.06301582e-01 1.45370221e+00
    1.33579421e+00 4.63220000e-01 1.68028283e+00 4.50219929e-01
    1.04294717e-01 9.19456780e-01 1.97146237e-01 4.95996594e-01
    8.49523902e-01 1.06182849e+00 1.21791089e+00 1.52739239e+00
    1.10177755e+00 1.73708808e+00 -3.55614603e-01 1.17091680e+00
    4.15171087e-01 -3.49596918e-01 -2.41908431e-02 1.07331216e+00
    -2.59665310e-01 5.58544040e-01 -4.75543410e-01 1.51879704e+00
    3.37944031e-01 1.80231750e-01 -1.42135859e-01 8.32682014e-01
    1.32986104e+00 -5.48950434e-02 7.69969821e-02 -7.87358284e-02
    -3.73400033e-01 -7.44968653e-02 1.03327847e+00 -6.75350070e-01
    5.62274456e-01 1.13637352e+00 5.01999497e-01 5.53645372e-01
    8.97130370e-02 2.00344741e-01 6.00355446e-01 4.85730171e-03
    8.61571312e-01 5.36822677e-02 1.77411485e+00 1.65446603e+00
    3.99309993e-01 -3.89057398e-02 1.03346717e+00 1.17238688e+00
    -2.86294430e-01 1.11693597e+00 -4.39956158e-01 -5.48845887e-01
    1.01499200e+00 1.38463914e+00 -7.01411307e-01 1.72389317e+00
    -7.47311950e-01 -2.34393239e-01 1.62182224e+00 5.22881985e-01
    3.36188853e-01 4.26584601e-01 2.18100667e-01 9.44018364e-02
    1.62031889e+00 5.91276765e-01 6.19904637e-01 1.34157777e+00
    3.80707383e-01 5.25812685e-01 -6.56903625e-01 8.69456410e-01
    9.87962365e-01 4.00495350e-01 -3.01867545e-01 8.05093050e-02
    -1.85389876e-01 -6.03689075e-01 5.65860271e-01 5.40208459e-01
    -1.27497315e-02 4.10579026e-01 1.25074983e-01 1.23760045e-01
    5.40221751e-01 -4.51583028e-01 9.01929736e-01 8.88059735e-02
    1.35327375e+00 3.14331710e-01 2.25120187e-01 1.73783743e+00
    1.54558849e+00 -5.18472791e-01 1.13713562e-01 8.15460324e-01
    7.57636786e-01 -3.39894801e-01 1.62641990e+00 -5.21199465e-01
    1.49590349e+00 3.51460576e-01 -7.17053175e-01 9.54542577e-01
    6.57755494e-01 8.54700267e-01 4.26531315e-01 -4.66196477e-01
    1.44537950e+00 8.25269818e-01 2.75885105e-01 -5.54996550e-01
    1.73108625e+00 5.91591835e-01 1.77322149e+00 -4.27846402e-01
    9.93064165e-01 -2.56080449e-01 1.75754893e+00 1.47574568e+00
    -1.15883946e-02 -7.68100083e-01 6.43837571e-01 -7.07411766e-02
    3.94607604e-01 7.54196465e-01 -2.43404746e-01 4.06000614e-02
    -7.12990284e-01 7.90979743e-01 -3.00164461e-01 1.58501422e+00
    6.00413918e-01 5.47963977e-01 1.10739803e+00 -4.02833879e-01
    -6.86966062e-01 8.84835303e-01 1.43903637e+00 1.23593032e-01
    1.48486805e+00 -3.24665606e-01 1.62637782e+00 -3.94577086e-02
    1.76585913e-01 3.90843034e-01 7.95720220e-02 2.96974778e-02
    7.79432714e-01 1.07902336e+00 3.02544534e-01 1.64338279e+00
    7.19624579e-01 -4.04974669e-01 1.55340505e+00 1.69343102e+00
    1.97709560e-01 -2.89807647e-01 1.51099038e+00 2.61738002e-01
    -8.53817463e-02 6.28601909e-01 5.87838173e-01 1.17201209e+00
    1.06085217e+00 -5.90520024e-01 8.50918412e-01 -1.20416999e-01
    1.35966909e+00 1.19083214e+00 -6.64174199e-01 5.18313944e-01
    -4.92132366e-01 4.24172282e-01 -7.92674422e-02 1.58766115e+00
    1.20404708e+00 -7.38646388e-01 1.31718540e+00 5.06018102e-01
    2.45008230e-01 2.78595686e-02 1.72976637e+00 5.00782132e-02
    1.74835324e-01 1.23074770e-01 8.99556875e-01 5.35967708e-01
    1.23275054e+00 1.18384731e+00 6.67202830e-01 -2.48248160e-01
    -6.55799985e-01 9.20510828e-01 -4.21277612e-01 6.36153340e-01
    1.34777832e+00 -5.66379845e-01 -6.92510128e-01 -2.10114658e-01
    -2.65464187e-01 -1.63607359e-01 6.44164681e-01 1.23217118e+00
    -5.03022671e-01 -3.37112814e-01 -4.90502357e-01 -4.03994530e-01
    1.78344214e+00 2.63140321e-01 1.27225614e+00 -2.58838356e-01
    1.04718029e+00 -4.35787201e-01 1.24718118e+00 8.01199257e-01
    -3.11958373e-01 -6.24495149e-01 9.58368480e-01 -1.12482071e-01
    1.51990974e+00 -2.54072547e-02 6.90536380e-01 1.06193590e+00
    -4.17300880e-01 1.01727819e+00 -1.44719124e-01 -6.75811768e-02
    1.45173883e+00 2.30480850e-01 9.27276134e-01 2.94763803e-01
    1.00113928e-01 5.64568639e-01 1.19830132e-01 6.38126075e-01
    1.67544699e+00 3.55864644e-01 4.10770714e-01 8.33610117e-01
    -4.48330402e-01 2.37381756e-01 1.49856305e+00 -3.19323778e-01
    -3.10017169e-01 7.62620270e-01 1.67425597e+00 -6.48400486e-01
    -2.28805006e-01 1.55141973e+00 -5.07063985e-01 1.38256156e+00
    4.61227536e-01 -3.71110857e-01 7.71742940e-01 1.06264341e+00
    1.02721405e+00 1.35597372e+00 -3.68582606e-01 -5.07263064e-01
    6.68400168e-01 4.83870924e-01 1.31024051e+00 -2.69842029e-01
    1.56587958e+00 6.35636330e-01 1.16807735e+00 3.12983394e-01
    -9.08538699e-02 5.93171716e-01 -5.62494516e-01 4.86639798e-01
    1.08385658e+00 6.55281305e-01 -1.02009177e-01 8.02956462e-01
    1.56018925e+00 7.04011142e-01 1.65964699e+00 5.01055300e-01
    2.94963598e-01 8.76632810e-01 -3.77867460e-01 2.42278218e-01
    1.89839625e+00 -3.21597129e-01 1.33376777e+00 -7.07949698e-01
    1.79159462e+00 -1.21836007e-01 4.68770802e-01 -2.74028540e-01
    -4.58352119e-01 6.76909149e-01 -9.08547640e-03 1.07602930e+00
    2.78016746e-01 -1.98786438e-01 3.46747160e-01 4.68637288e-01
    5.50034225e-01 -7.01587737e-01 8.68950188e-01 -4.10762787e-01
    2.71666110e-01 4.58351970e-01 1.67438483e+00 1.51601374e-01
    -2.36856937e-01 1.55441666e+00 -5.95457196e-01 8.48672926e-01
    2.53367603e-01 -1.58232629e-01 9.13592577e-01 1.08865380e+00
    4.16398764e-01 -4.14517283e-01 -3.51646125e-01 5.18471360e-01
    -1.08758569e-01 -6.27750278e-01 -4.77772355e-01 1.26331711e+00
    8.73322010e-01 -2.64917910e-01 1.61102366e+00 4.99387741e-01
    3.61534357e-02 -4.50807929e-01 1.55854940e+00 -1.69752300e-01
    1.64718080e+00 2.32181430e-01 1.06344116e+00 1.40040302e+00
    -3.35532606e-01 1.59269691e+00 1.28754175e+00 1.37150288e+00
    9.02444720e-02 5.93048394e-01 9.70548391e-02 1.39797115e+00
    1.39558244e+00 1.09757280e+00 2.25452244e-01 -2.05526888e-01
    1.18680525e+00 3.94636214e-01 6.44278228e-01 -3.18823040e-01
    2.83163548e-01 -3.97874713e-02 9.15594339e-01 -4.34067577e-01
    -3.04580927e-02 -4.11774218e-01 2.17209816e-01 1.05204630e+00
    2.28012204e-02 1.52670062e+00 -3.54225844e-01 6.26515567e-01
    -3.53854805e-01 -5.28907418e-01 2.68348575e-01 -4.04630184e-01
    1.44578123e+00 1.00961614e+00 -1.12338603e-01 9.28615391e-01
    1.31200039e+00 1.66447163e-02 1.25356805e+00 -4.13191438e-01
    1.04005551e+00 1.66609597e+00 1.56999755e+00 2.24228859e-01
    1.22343421e+00 1.25298715e+00 -3.73909295e-01 1.57379687e+00
    -2.87004888e-01 2.96419263e-02 1.64584398e+00 -7.42895663e-01
    5.98026872e-01 1.11736429e+00 1.12808144e+00 1.59859371e+00
    8.52023721e-01 -5.42003989e-01 -3.36927921e-01 5.97466111e-01
    -2.95983434e-01 9.17986393e-01 1.07995820e+00 1.37370515e+00
    2.48032808e-02 -3.56180400e-01 1.04203761e-01 1.08490944e+00
    -3.65339398e-01 3.73676062e-01 -6.47176147e-01 1.38362515e+00
    7.90512562e-03 3.07296157e-01 7.64038563e-02 -3.04338157e-01
    1.41068673e+00 1.11468947e+00 9.87170756e-01 -2.51025975e-01
    3.76975179e-01 -3.18701982e-01 1.70604742e+00 1.72903490e+00
    4.75006938e-01 -1.57020688e-02 4.97063100e-01 1.02226853e-01
    8.00559580e-01 8.90390694e-01 1.52700877e+00 -7.24734366e-01
    1.31631601e+00 6.29818082e-01 1.21799874e+00 -8.26830626e-01
    -5.00083745e-01 7.88088024e-01 7.90381610e-01 1.28802037e+00
    8.31787646e-01 7.86060393e-01 -6.43620253e-01 5.92583597e-01
    -2.79646248e-01 8.95769835e-01 -3.59788835e-01 -5.69678962e-01
    2.06983864e-01 2.39509940e-01 -4.86009121e-02 8.70876908e-02
    1.35575747e+00 2.56827176e-01 -6.02075100e-01 1.92901969e-01
    -3.98186833e-01 1.53785706e+00 1.63885713e+00 1.67388284e+00
    -7.24846482e-01 1.19574916e+00 6.94560468e-01 1.55535531e+00
    9.86265719e-01 5.04734635e-01 3.20303380e-01 -5.52359581e-01
    8.22113276e-01 1.08273029e+00 3.76392126e-01 8.53926182e-01
    1.33827865e+00 1.14948511e-01 7.73115039e-01 9.34327424e-01
    2.45454609e-01 5.36225855e-01 9.49478209e-01 4.05875564e-01
    -1.43171966e-01 -1.06231153e-01 6.45946980e-01 1.02827716e+00
    1.20593476e+00 -3.58474851e-01 2.29728520e-01 -1.17013156e-01
    1.54044437e+00 1.63231516e+00 7.74476588e-01 6.12529039e-01
    1.23894525e+00 1.21041679e+00 1.35395741e+00 6.21520162e-01
    1.05252039e+00 -2.98703372e-01 1.61495948e+00 1.11111903e+00
    9.53535080e-01 -6.39368892e-02 -2.28319436e-01 1.31242299e+00
    1.73656833e+00 9.71841812e-02 -3.42664421e-01 5.93863785e-01
    6.96733356e-01 1.28613055e+00 1.34143949e+00 2.72653818e-01
    1.62532806e+00 -4.25181448e-01 1.62987280e+00 6.43139780e-01
    1.47902334e+00 5.83464980e-01 -8.61045718e-01 4.01978791e-01
    1.28275657e+00 7.73520887e-01 -4.46002930e-01 8.89917612e-01
    -2.29452729e-01 5.74791670e-01 -5.84125519e-05 1.35750103e+00
    -4.81740624e-01 -5.55116653e-01 1.49639583e+00 1.37558842e+00
    -2.63014257e-01 1.32333708e+00 9.97162879e-01 2.75417686e-01
    5.12468398e-01 -3.01348239e-01 7.41235852e-01 -6.57306910e-02
    -3.76213759e-01 -2.16507733e-01 2.56850541e-01 -5.49821913e-01
    -2.43952721e-01 1.70819473e+00 8.24099362e-01 1.31926000e+00
    -2.27397799e-01 1.04701304e+00 3.16181540e-01 4.49400127e-01
    1.61635828e+00 -3.73244554e-01 1.68588746e+00 -1.83919966e-01
    2.65334547e-01 3.29159200e-01 -1.34001434e-01 1.11994815e+00
    1.44242001e+00 3.48651648e-01 5.11988759e-01 7.82497644e-01
    4.61122155e-01 5.91542840e-01 -1.16651177e-01 1.76159716e+00
    -6.97664857e-01 1.06362283e+00 1.40134311e+00 1.22780681e+00
    -4.28851306e-01 9.11481321e-01 1.09055066e+00 1.75464261e+00
    -4.60531801e-01 -4.78716612e-01 -5.07330537e-01 1.00088310e+00
    2.76798010e-03 2.86533177e-01 1.29586673e+00 2.92116880e-01
    7.88762450e-01 -3.50956231e-01 -7.78121352e-02 7.42342889e-01
    -1.12185240e-01 -7.31963098e-01 1.32665837e+00 6.64644837e-01
    8.77109528e-01 6.70665085e-01 1.51584411e+00 1.51872027e+00
    -5.13105571e-01 3.18957865e-01 1.48274028e+00 -3.56746286e-01
    7.03838587e-01 -6.52345300e-01 -6.33066297e-02 -5.60589075e-01
    3.70443225e-01 -2.50218570e-01 2.26824343e-01 4.46965873e-01
    1.52485633e+00 5.88585854e-01 4.38157082e-01 7.75968432e-02
    1.36944067e+00 -4.98773128e-01 1.15995419e+00 7.57847786e-01
    2.40663946e-01 -6.37549102e-01 1.02745676e+00 5.22157669e-01
    7.77553380e-01 1.12440395e+00 -1.93989158e-01 2.26541340e-01
    1.05276275e+00 1.32671511e+00 1.75758803e+00 -1.89626515e-01
    2.62665868e-01 6.78252518e-01 1.73404634e-01 -6.06084943e-01
    -3.82916480e-01 6.27033114e-01 9.69307005e-01 -5.44007659e-01
    3.90639842e-01 1.03992999e-01 -6.12619758e-01 7.77049422e-01
    1.78905129e+00 7.30997622e-01 5.54287016e-01 1.40706265e+00
    1.10690773e+00 -3.96604061e-01 1.50501752e+00 1.18855011e+00
    -4.39227432e-01 -6.27605021e-01 8.59261632e-01 3.19390059e-01
    -6.85108900e-02 1.31695139e+00 -2.67187297e-01 7.03828692e-01
    1.61791325e+00 -1.59483790e-01 7.24222958e-01 1.83978200e+00
    -1.11224294e-01 -1.13655716e-01 1.69410384e+00 -1.72749639e-01
    4.07394290e-01 -8.91799331e-02 8.60089302e-01 4.71247911e-01
    -1.69208050e-01 1.96809888e-01 2.65380442e-01 1.69178724e-01
    8.39854062e-01 1.38257742e-02 -1.05504394e-02 1.37753534e+00
    -2.19543576e-02 1.19556093e+00 9.23447549e-01 1.42482400e+00
    3.93296540e-01 1.05469275e+00 -7.82701373e-01 5.82854509e-01
    1.29387760e+00 1.38428688e+00 1.00544906e+00 -4.59784210e-01
    2.89071441e-01 3.38996112e-01 9.60064769e-01 1.27325964e+00
    1.11402249e+00 1.55051422e+00 7.45214105e-01 -3.62275064e-01
    -7.98234582e-01 1.25761664e+00 1.70015621e+00 -8.83463025e-02
    -6.60991132e-01 -3.52411389e-01 -2.50237226e-01 1.61065221e+00
    1.22091830e-01 1.70152199e+00 -5.01627803e-01 8.21895003e-02
    8.68869066e-01 -4.71875966e-01 5.92643678e-01 -1.70699239e-01
    -1.03515565e-01 1.79485703e+00 3.88398826e-01 1.26291156e-01
    1.40841997e+00 -5.63319623e-01 -7.54964352e-03 -2.00667977e-01
    1.15845323e+00 1.68356848e+00 -7.28227675e-01 4.26908851e-01
    -3.76323313e-01 3.81338239e-01 -6.51828051e-02 -3.30889076e-01
    9.88978148e-01 5.47616541e-01 -5.11497378e-01 1.08743000e+00
    2.20783949e-01 8.48833382e-01 -7.72083402e-01 1.21810746e+00
    2.75368810e-01 1.52664816e+00 1.49394870e-01 -1.38274074e-01
    1.30766821e+00 8.38847756e-02 1.17291784e+00 -6.93136156e-01
    5.84304333e-03 5.40815651e-01 4.07486081e-01 -2.53180742e-01
    -2.67151117e-01 1.03444397e+00 5.34026802e-01 9.29984868e-01
    2.53513455e-01 9.76598620e-01 6.28214836e-01 3.46890092e-01
    9.57276225e-01 2.95996606e-01 -4.54405308e-01 -7.59623647e-02
    1.67007792e+00 9.75610197e-01 1.21127713e+00 1.17845774e+00
    -6.15087032e-01 1.09437001e+00 -7.74668574e-01 -5.95150173e-01
    1.06099641e+00 -2.78950155e-01 -4.46359158e-01 -8.48990083e-02
    2.99182415e-01 6.48486435e-01 1.35831618e+00 8.65160286e-01
    7.87761211e-01 -6.24643147e-01 -2.73805976e-01 -3.70226085e-01
    -3.33120227e-02 -7.34319329e-01 -4.75162268e-03 1.43318832e+00
    6.89515769e-01 9.20145750e-01 4.64936495e-02 1.30069947e+00
    -4.12828147e-01 1.40792632e+00 6.29023671e-01 2.76474595e-01
    -2.25741625e-01 1.81661355e+00 6.90492034e-01 -3.61686409e-01
    1.39068151e+00 2.32655764e-01 1.34839535e-01 1.23000693e+00
    3.52457702e-01 4.81540799e-01 -5.07407188e-01 1.83083868e+00
    1.63241744e+00 -7.39397705e-01 1.53886783e+00 -3.42162371e-01
    1.44386292e-03 8.66819322e-01 7.45961308e-01 1.13098037e+00
    -7.12440073e-01 -5.25845706e-01 7.89066613e-01 -2.17197359e-01
    4.33778286e-01 1.17228913e+00 3.59406471e-01 -6.83980644e-01
    -4.39788818e-01 4.62079883e-01 8.11585188e-02 3.92952561e-01
    6.55960977e-01 1.99708045e-01 1.46964228e+00 8.48039687e-01
    3.82134020e-01 5.43932140e-01 7.86849499e-01 1.66631722e+00
    7.88808644e-01 1.31026101e+00 3.38450670e-02 5.38619876e-01
    -3.81947666e-01 1.62290287e+00 1.75113201e+00 4.07641172e-01
    5.74021280e-01 -5.48081517e-01 9.59967017e-01 -6.01977348e-01
    -6.11918330e-01 9.34711337e-01 1.05734909e+00 5.07125676e-01
    6.07134879e-01 9.83954489e-01 1.57036328e+00 6.95967674e-03
    1.21021378e+00 9.59591806e-01 9.97639477e-01 7.20796227e-01
    8.02505612e-01 -6.23068154e-01 -2.57463485e-01 1.34380424e+00
    1.24674559e-01 1.30118155e+00 1.51341283e+00 -7.01541960e-01
    5.88174164e-01 6.77745521e-01 9.11649108e-01 1.71950090e+00
    4.26114202e-02 1.07474875e+00 3.99302602e-01 1.89133525e-01
    -4.68238205e-01 1.77350259e+00 7.16207087e-01 1.33654881e+00
    3.79750848e-01 1.44570625e+00 6.36559546e-01 1.53778708e+00
    3.73088598e-01 1.77432835e+00 1.44776762e+00 1.57666826e+00
    1.75923419e+00 -7.18382657e-01 1.66384363e+00 -3.42391849e-01
    1.91765845e-01 -6.46271467e-01 -5.43401122e-01 5.88682771e-01
    3.29989135e-01 1.62382007e-01 -6.57962501e-01 1.17152822e+00
    -3.49306464e-02 8.18286180e-01 6.66681886e-01 6.09767497e-01
    1.16753089e+00 1.51994765e-01 -3.64627421e-01 -1.62412703e-01
    -1.88597143e-01 -2.48762846e-01 1.26019657e+00 6.66233540e-01
    8.00398469e-01 9.18765545e-01 -5.12797713e-01 7.96514153e-01
    6.66276217e-01 1.77394843e+00 -4.37450171e-01 -3.67948771e-01
    2.10512090e+00 1.42651916e+00 1.06708097e+00 1.06994081e+00
    5.39725602e-01 7.83280909e-01 -1.76832497e-01 1.07551515e-01
    1.22270799e+00 1.54824090e+00 1.59059930e+00 -6.57109022e-01
    -5.70881963e-02 -3.32117319e-01 -1.50010586e-02 1.85629320e+00
    -3.63748074e-02 9.00358558e-02 -5.16861916e-01 1.06962991e+00
    -5.59919119e-01 1.53761232e+00 3.54380608e-01 2.39768207e-01
    4.41301763e-01 4.87630844e-01 7.94138193e-01 1.43939209e+00
    1.07508898e-02 4.59397435e-01 7.51542091e-01 -2.01926887e-01
    -9.12530422e-02 4.14394259e-01 3.07260633e-01 1.47338700e+00
    1.31953204e+00 1.12851763e+00 -5.30333161e-01 5.84766269e-01
    -5.63779831e-01 3.08904111e-01 9.98450875e-01 -2.15760887e-01
    1.61341059e+00 1.53176379e+00 1.51046610e+00 -6.96587920e-01
    4.59315479e-01 1.44517028e+00 9.66030061e-01 -3.05480361e-01
    1.22397363e+00 7.19735026e-02 5.67250907e-01 1.69216561e+00
    6.24518514e-01 3.00638497e-01 4.16940749e-01 7.61809230e-01
    1.58998692e+00 3.94201696e-01 1.25571430e+00 -4.17408854e-01
    9.77504253e-01 1.69888091e+00 1.46971798e+00 1.04183364e+00
    -6.31202042e-01 6.23511493e-01 1.07078075e+00 -5.29577136e-01
    1.83138549e-01 4.29824829e-01 6.58930123e-01 1.38021827e+00
    1.25589609e+00 7.36204386e-01 -7.45990038e-01 5.15849710e-01
    -3.36911440e-01 1.36917901e+00 6.20974362e-01 1.93684399e-01
    1.14683712e+00 1.27296090e+00 9.37438488e-01 2.93942809e-01
    4.93698239e-01 1.51203990e+00 1.39864099e+00 8.79565001e-01
    1.37229216e+00 -1.14010870e-01 -7.36092925e-02 -2.25021601e-01
    1.35209823e+00 -5.20983934e-01 5.68668067e-01 1.29180360e+00
    -1.35733366e-01 -2.23395407e-01 1.01687717e+00 1.34455097e+00
    9.75607276e-01 1.49615574e+00 1.31312609e+00 1.22872877e+00
    1.24278450e+00 4.13286328e-01 1.64249372e+00 2.33127236e-01
    9.39175427e-01 1.56547856e+00 1.96150422e-01 3.86684835e-01
    7.53260374e-01 1.67685950e+00 9.84515488e-01 4.24992561e-01
    1.89589143e-01 1.72551811e-01 9.99935269e-01 9.62417245e-01
    1.65254998e+00 -3.35269243e-01 1.59972978e+00 6.86585307e-02
    -9.06690359e-02 1.32122779e+00 -2.54580081e-01 1.27759600e+00
    9.78099644e-01 1.46445036e-02 1.21588206e+00 5.85498869e-01
    -3.94482553e-01 -2.22762108e-01 -2.89248586e-01 1.51467204e-01
    -9.67363715e-02 5.38814068e-01 6.60388947e-01 4.14321423e-01
    -4.40858454e-01 1.05171180e+00 3.44207883e-02 -1.28265500e-01
    1.26648045e+00 8.28143716e-01 1.22780621e+00 1.40702045e+00
    1.06404924e+00 -7.00324178e-01 -2.43348897e-01 3.36950064e-01
    1.68772948e+00 -2.53337502e-01 4.43382323e-01 7.21906066e-01
    9.85062599e-01 -2.72663444e-01 -6.25730753e-02 2.42096782e-01
    6.75267875e-01 -4.12051529e-01 8.56728435e-01 3.29195619e-01
    -3.03013384e-01 3.60018790e-01 3.75183880e-01 1.12511694e-01
    1.65781057e+00 -3.77825111e-01 -6.32805347e-01 1.05411053e+00
    1.12472057e+00 -4.04192805e-02 -5.16237020e-02 -5.69699645e-01
    -1.73250079e-01 4.48186398e-02 1.67964768e+00 -3.64641309e-01
    1.34815168e+00 -4.33521330e-01 3.73648286e-01 -5.33564389e-01
    1.60566640e+00 1.84642732e-01 8.99246573e-01 1.57630217e+00
    -3.92241716e-01 1.19298673e+00 5.21239221e-01 7.31975198e-01
    1.53481865e+00 -5.58346033e-01 1.01738977e+00 8.01562190e-01
    1.09405458e+00 -7.52614677e-01 1.17296576e-02 -3.29305530e-02
    8.26228738e-01 1.67845750e+00 1.22012663e+00 1.16691840e+00
    -2.74248719e-02 1.83427715e+00 2.51496196e-01 1.75857246e-01
    -5.18006086e-01 1.83596826e+00 -3.58445913e-01 1.07961571e+00
    6.27747297e-01 -3.45758468e-01 6.16626740e-02 -2.90265977e-01
    -2.42758453e-01 -2.70833910e-01 2.28152394e-01 2.22048402e-01
    -2.39046216e-02 1.06027818e+00 1.41990364e-01 5.61072171e-01
    9.86300111e-01 1.67115939e+00 1.12845516e+00 8.83621216e-01
    -3.29656482e-01 6.54572070e-01 -6.00559533e-01 1.55301237e+00
    -1.71942353e-01 -1.37390971e-01 -5.17623723e-01 1.19230914e+00
    1.15451884e+00 1.66363335e+00 -5.00621140e-01 -4.85516131e-01
    1.03259444e+00 1.63629436e+00 1.28199446e+00 3.46846282e-01
    -5.98349512e-01 7.80094266e-01 -2.18809068e-01 6.01594627e-01
    1.46906316e+00 5.65915704e-02 7.43402839e-01 8.30285847e-01
    1.10330868e+00 -5.29134333e-01 1.84669304e+00 5.54999828e-01
    2.08464265e-02 1.73392606e+00 1.34987593e+00 -5.21419287e-01
    4.74573016e-01 5.23946583e-01 -1.29831076e-01 1.23458421e+00
    6.29592896e-01 1.86459768e+00 2.77298033e-01 1.29751790e+00
    2.97667027e-01 1.74638903e+00 4.41437542e-01 -1.48087621e-01
    -2.85893291e-01 1.05197370e+00 1.61679053e+00 -6.68117285e-01
    1.07332289e+00 -3.42718959e-01 1.55463243e+00 7.14104176e-01
    6.37357116e-01 1.01367831e-01 7.45909572e-01 5.15960693e-01
    4.63387966e-01 -1.67790055e-01 -2.60907888e-01 6.50345266e-01
    5.47335446e-01 1.39671421e+00 1.24720454e+00 1.29049802e+00
    1.61530399e+00 1.19385397e+00 5.32995343e-01 9.19472814e-01
    8.76248479e-01 -3.12176347e-01 7.56005287e-01 1.76646113e-01
    1.63212776e+00 -3.03548932e-01 2.08842754e-03 -5.97114086e-01
    -1.58816516e-01 1.04555964e+00 3.54655802e-01 -3.32725048e-03
    -4.35704410e-01 1.04271913e+00 3.72684479e-01 1.83901489e-01
    -6.58809245e-01 -4.02511120e-01 1.72455728e+00 2.49037504e-01
    1.31845379e+00 -5.47138870e-01 3.02817583e-01 -3.00955832e-01
    -4.15755123e-01 8.43048692e-02 1.69221425e+00 -2.48330504e-01
    -5.76803446e-01 7.76930809e-01 8.63575637e-01 1.95574462e-01
    1.41664433e+00 7.17017233e-01 5.29098094e-01 -2.23743111e-01
    1.20978570e+00 -3.93188447e-01 -6.12456858e-01 4.20373678e-03
    1.36043596e+00 9.06784773e-01 9.33841705e-01 1.59694362e+00
    9.08957958e-01 1.48953378e+00 6.83222890e-01 2.14003086e-01
    8.68275046e-01 -4.05517340e-01 1.33883500e+00 -3.28740686e-01
    -1.60144687e-01 -5.91133058e-01 3.96444440e-01 1.93889558e-01
    1.47526336e+00 1.29583478e-01 8.11969817e-01 8.34963143e-01
    -5.17811537e-01 6.68119788e-01 -7.11034775e-01 -1.00313365e-01
    6.46163821e-02 1.14985693e+00 6.95803523e-01 -4.23708558e-01
    9.94070828e-01 -1.17211044e-01 9.64668572e-01 1.04006958e+00
    3.01442385e-01 1.12182117e+00 1.39676690e-01 -4.21831101e-01
    -4.30966407e-01 1.58416271e+00 1.28417158e+00 5.96955121e-01
    -6.19197369e-01 -6.51637435e-01 -7.44773984e-01 -4.14824516e-01
    -3.01594943e-01 3.79695296e-02 1.63618684e-01 1.67103207e+00
    1.32234716e+00 -6.80662394e-01 -5.77862263e-01 -3.32916468e-01
    6.16909146e-01 2.71025300e-02 1.08219957e+00 -2.16552377e-01
    1.26189399e+00 3.32810521e-01 9.17599797e-01 -6.96636260e-01
    -6.87619507e-01 9.12706375e-01 -3.11029255e-01 4.11820233e-01
    -5.15621543e-01 2.89268494e-02 -5.89837134e-01 4.83760357e-01
    1.37517011e+00 1.47512436e+00 -1.00183904e-01 -1.79005325e-01
    1.68218613e+00 -4.01925176e-01 1.71191168e+00 -2.26121902e-01
    -2.24326909e-01 1.83830047e+00 -2.33410358e-01 -3.92650396e-01
    3.80554020e-01 6.01280510e-01 1.44265413e-01 1.78667295e+00
    1.50512576e+00 2.27954507e-01 -3.05216044e-01 4.43514228e-01
    -3.36499810e-02 -5.97316504e-01 5.71929812e-02 1.84383595e+00
    9.37799335e-01 8.15176368e-01 5.27954578e-01 -6.37833357e-01
    1.38013244e+00 9.39904094e-01 1.51322627e+00 5.66032529e-02
    1.22765660e+00 1.96330726e-01 1.35511303e+00 8.00620377e-01
    -5.09977579e-01 1.33093536e-01 2.76556611e-02 -2.13186681e-01
    4.43280458e-01 2.13538527e-01 1.41496241e+00 -6.31007433e-01
    1.02510595e+00 1.15603173e+00 -4.47979778e-01 -3.62526327e-01
    5.25792778e-01 1.04098547e+00 6.29670262e-01 1.63396788e+00
    -3.35530072e-01 1.85645759e-01 -5.90859294e-01 -3.54447305e-01
    5.60709476e-01 3.79799724e-01 -3.27003866e-01 1.69087112e+00
    -2.22055435e-01 -4.73503232e-01 7.18839347e-01 6.87755346e-02
    7.96146393e-02 1.11371279e+00 5.79205394e-01 -3.52022499e-01
    1.57112527e+00 4.91142035e-01 -3.60695958e-01 2.76222229e-02
    8.41217458e-01 1.15363216e+00 8.15003574e-01 1.61862969e+00
    -3.68655384e-01 1.12412572e-01 2.42195725e-01 -3.73096079e-01
    1.31096721e+00 1.64671254e+00 1.98335469e-01 9.33200002e-01
    -3.85912269e-01 2.27870345e-01 -1.10909522e-01 3.21882963e-03
    1.07144284e+00 5.77320755e-01 1.75493872e+00 4.45807874e-01
    6.50738358e-01 4.43708301e-01 1.33756280e+00 3.12136948e-01
    7.95836031e-01 1.26678014e+00 5.57455301e-01 1.75756741e+00
    8.58943582e-01 -4.20198709e-01 9.15461779e-01 1.27781045e+00
    9.72763300e-02 5.20349741e-02 1.05032158e+00 1.63824737e+00
    4.89045322e-01 -7.80335426e-01 4.47697520e-01 1.05623162e+00
    -3.16417813e-02 -1.79976404e-01 1.35487330e+00 6.04180455e-01
    9.20813501e-01 -1.19356573e-01 -4.63128030e-01 -4.66360033e-01
    9.56881046e-03 2.55667150e-01 -2.43154287e-01 6.66298270e-02
    -7.33447790e-01 1.78544021e+00 1.86656892e-01 5.28460026e-01
    1.20187402e-02 1.12073469e+00 1.52030540e+00 -8.86833370e-01
    1.48113298e+00 -7.30982900e-01 -7.55562961e-01 1.52812672e+00
    3.99860978e-01 -5.29646516e-01 1.65063143e+00 -1.57459974e-02
    -6.32285953e-01 1.23563230e+00 9.17011321e-01 -7.10979402e-01
    -4.74446446e-01 -2.72890300e-01 1.02496803e-01 5.53880811e-01
    1.03939319e+00 -3.25496137e-01 1.22647071e+00 1.29706585e+00
    1.56647182e+00 2.70010948e-01 1.10218048e+00 1.36725307e-02
    3.75041783e-01 -3.43070358e-01 -3.12908381e-01 -6.66659117e-01
    3.59794974e-01 -6.99312449e-01 7.79400587e-01 -3.39638740e-01
    1.08536160e+00 3.79657388e-01 8.85585546e-01 1.61254001e+00
    1.41526365e+00 2.84382522e-01 -4.78037447e-01 1.73591375e-02
    3.32418442e-01 7.21956849e-01 1.57566833e+00 -4.51072454e-01
    8.82476032e-01 1.16506410e+00 1.03543591e+00 -9.11776423e-02
    -5.97464800e-01 9.64976132e-01 4.45839465e-01 6.53530777e-01
    1.13570154e-01 5.43676853e-01 -1.02524757e-01 -2.23174751e-01
    4.41119492e-01 1.36468232e+00 -8.40256214e-02 5.20234227e-01
    1.43829501e+00 5.47661781e-01 -7.50040889e-01 5.24407387e-01
    -1.94323063e-03 1.13868582e+00 -2.60750264e-01 3.55076671e-01
    1.64091170e-01 8.69289279e-01 1.38952363e+00 -5.39716542e-01
    5.67796230e-02 -7.04195440e-01 1.62714720e-02 1.00584137e+00
    -6.68358028e-01 9.41811264e-01 -5.42765260e-02 -7.73147345e-02
    4.49615240e-01 -3.13060701e-01 -1.62464738e-01 -5.17110646e-01
    1.49577641e+00 9.07142580e-01 2.43104219e-01 -4.25029397e-02
    1.52753079e+00 5.91246486e-02 -7.03362226e-01 3.88424814e-01
    9.44532156e-01 -7.15207398e-01 -3.36707115e-01 1.59829807e+00
    1.13352692e+00 1.40376651e+00 1.26972616e-01 1.57539093e+00
    1.09924889e+00 8.35197866e-01 1.08288193e+00 3.64204645e-01
    -4.29686368e-01 -5.67389190e-01 4.29950655e-01 4.16674316e-01
    7.10014403e-01 1.01803768e+00 -4.51980680e-01 1.45863509e+00
    1.20535588e+00 6.01839244e-01 1.39981937e+00 1.31270599e+00
    7.12218106e-01 -1.09987855e-02 1.36387622e+00 6.92989349e-01
    1.20905817e+00 -7.33327270e-02 1.12843323e+00 1.29134309e+00
    -4.44688648e-01 3.71940970e-01 1.76959813e-01 9.53827262e-01
    3.81126404e-01 1.31026363e+00 1.71822751e+00 1.77665710e+00
    -6.41925216e-01 -1.18879020e-01 1.24305153e+00 -3.84839088e-01
    1.42133594e+00 2.81655788e-03 1.25325990e+00 -2.64596939e-02
    1.23579407e+00 4.38846409e-01 6.73794091e-01 1.78047955e-01
    1.01193523e+00 6.97769940e-01 1.84676766e-01 -4.70522493e-01
    1.40983462e+00 -6.58771455e-01 9.46969271e-01 1.27509761e+00
    -1.97771192e-01 9.27090645e-02 4.29733634e-01 -1.86503112e-01
    4.48156834e-01 5.45894086e-01 7.41320968e-01 1.55683196e+00
    1.40288389e+00 5.64412534e-01 5.00418723e-01 -1.31458402e-01
    1.69376945e+00 1.31604385e+00 -2.39037156e-01 -6.95678413e-01
    -7.43001878e-01 3.21380258e-01 3.72492671e-02 7.54282653e-01
    1.20218015e+00 1.84543133e-02 1.37013793e+00 -2.71729469e-01
    -4.51793104e-01 1.15767288e+00 1.37431550e+00 1.36281276e+00
    -4.36632127e-01 7.91167438e-01 -4.36866313e-01 4.72839594e-01
    1.38530660e+00 9.07856226e-01 -8.78230333e-02 -8.94274712e-02
    1.73837221e+00 -6.06003404e-02 2.74322033e-02 1.37496209e+00
    1.11322880e-01 -4.37676907e-02 6.82015777e-01 -3.43301147e-01
    -1.15113854e-02 -2.23951340e-01 1.03800488e+00 -6.10828578e-01
    1.66040516e+00 -2.39372134e-01 1.67327511e+00 -3.18914205e-01
    -4.04115111e-01 1.72815335e+00 -3.29357743e-01 -2.25009203e-01
    1.64065897e+00 -5.40044963e-01 1.67852592e+00 -2.68590450e-03
    -1.86960161e-01 3.27298224e-01 1.33306623e-01 -4.66569662e-02
    6.83363676e-01 3.96410286e-01 1.76629758e+00 1.30093551e+00
    1.68873668e-02 -4.29212958e-01 1.69752812e+00 5.26443481e-01
    8.05856228e-01 1.02262986e+00 -4.08200353e-01 2.42598653e-02
    2.01318431e+00 -1.99429482e-01 -5.95934451e-01 1.83494306e+00
    9.02729452e-01 1.52541697e-01 -6.30898297e-01 6.70699179e-01
    7.05367029e-01 1.45420337e+00 1.61950922e+00 5.28311729e-03
    4.46049035e-01 -4.54361975e-01 -2.23132044e-01 -5.80881655e-01
    -4.13372189e-01 6.67488575e-03 1.20605361e+00 -6.87390685e-01
    -2.99452752e-01 1.65532517e+00 4.74856973e-01 3.78673196e-01
    1.65042961e+00 -1.94795668e-01 1.61606872e+00 -1.20051563e-01
    6.75570309e-01 1.37224114e+00 4.57177162e-01 3.20566177e-01
    8.83583844e-01 3.15666437e-01 1.71840096e+00 -5.49595833e-01
    1.52107394e+00 -1.20503664e-01 -6.78435326e-01 1.76380670e+00
    1.32671916e+00 -5.31166315e-01 9.94598866e-01 -4.51380670e-01
    1.52301979e+00 1.39956903e+00 6.38812661e-01 1.40059996e+00
    2.23979712e-01 -6.48190618e-01 -7.55514503e-02 9.16807652e-01
    1.80710220e+00 3.97460461e-02 -1.70813799e-02 1.25741005e+00
    1.43433285e+00 1.46965504e+00 1.35781276e+00 1.13380277e+00
    5.30857325e-01 1.14718616e+00 4.49618459e-01 5.96675098e-01
    -6.86496794e-01 -5.92839539e-01 7.90213227e-01 1.16169238e+00
    3.95030975e-02 1.68428242e+00 -9.09543037e-02 1.20645237e+00
    -6.69763446e-01 1.59458590e+00 5.58730960e-02 7.36173987e-02
    5.36490977e-01 3.82180929e-01 -1.66245759e-01 1.32758498e-01
    -4.53374386e-02 -6.63901746e-01 1.13450205e+00 1.43253207e+00
    4.40186203e-01 1.34891236e+00 -7.28871942e-01 1.18704462e+00
    -1.67045593e-01 9.31584120e-01 -2.72157550e-01 -7.06156313e-01
    3.79548073e-01 3.52331758e-01 -5.18493533e-01 4.66047466e-01
    1.35296869e+00 -1.85421586e-01 1.62646317e+00 1.56339192e+00
    -2.32859731e-01 1.65869176e+00 1.41009498e+00 -5.08938730e-01
    5.44466376e-01 9.99169588e-01 -4.84384269e-01 2.43026972e-01
    1.69625270e+00 8.59239459e-01 1.69195533e+00 3.35697174e-01
    -4.34871316e-01 2.45482445e-01 1.67195201e+00 -3.54410052e-01
    -1.25163794e-01 1.81702542e+00 1.23253345e+00 -8.54272246e-02
    9.09496307e-01 1.52221096e+00 6.10621631e-01 1.18733716e+00
    1.23755872e+00 9.79791343e-01 7.32145488e-01 -6.43423140e-01
    8.08619440e-01 -4.23724830e-01 -5.07088482e-01 7.20765650e-01
    -2.92721987e-02 8.50371540e-01 1.16224861e+00 1.02888882e-01
    -4.68876541e-01 1.42743826e-01 -5.88067710e-01 1.39687109e+00
    7.44727015e-01 -3.54230791e-01 8.37622285e-01 -1.35097086e-01
    1.26247406e-02 -4.42621887e-01 1.57254958e+00 1.49296594e+00
    -2.58109391e-01 1.47518826e+00 1.17523110e+00 1.19614708e+00
    1.79024971e+00 1.80856645e+00 -6.98712349e-01 1.66314304e+00
    -2.85074502e-01 -2.03365505e-01 -2.02671289e-02 2.59592235e-01
    4.56569076e-01 1.69069576e+00 -5.22811234e-01 -7.05550015e-01
    3.44443321e-01 9.11737084e-01 5.78567326e-01 5.96293688e-01
    2.15193570e-01 3.38287592e-01 1.61981463e+00 -5.35152137e-01
    1.09860063e+00 -6.29380941e-01 4.21256840e-01 -7.36219823e-01
    1.42247939e+00 3.66329312e-01 8.07891250e-01 3.67745876e-01
    1.40948117e-01 5.34243166e-01 -2.15655446e-01 -2.58554101e-01
    1.64435315e+00 5.42456150e-01 -3.93089056e-01 -3.71946514e-01
    -5.43992579e-01 1.54948056e+00 -8.17150116e-01 4.93754327e-01
    1.69268417e+00 3.24525952e-01 1.62054002e+00 1.72340107e+00
    8.73514175e-01 1.49617827e+00 8.82364333e-01 1.45780325e+00
    6.78770185e-01 1.00536227e+00 1.47977543e+00 7.72424936e-01
    -2.85830826e-01 -4.04760033e-01 1.36428237e+00 -7.06080139e-01
    -1.99197412e-01 -1.90634966e-01 1.50237274e+00 5.27730465e-01
    -4.54227567e-01 1.79410231e+00 -2.88967013e-01 -2.52627015e-01
    1.17532885e+00 -1.15671575e-01 5.84732234e-01 1.38146520e+00
    -3.01132172e-01 1.41757989e+00 2.40213931e-01 7.03222513e-01
    -5.98401308e-01 8.17957699e-01 4.30994630e-01 1.19759083e+00
    5.62198579e-01 1.27537799e+00 -5.55526018e-02 2.78797865e-01
    4.30809200e-01 4.84245062e-01 1.17550111e+00 1.26682019e+00
    8.13455224e-01 1.08030176e+00 3.17927837e-01 6.48505211e-01
    1.89693689e-01 5.01663625e-01 -5.96469641e-03 1.72171950e+00
    9.89208817e-01 -6.76779389e-01 -7.36705661e-01 -6.74912989e-01
    -7.82915831e-01 1.50228739e-01 2.21754611e-01 6.82405353e-01
    1.75079274e+00 7.08359778e-01 1.44954002e+00 4.83473718e-01
    1.41999155e-01 3.16963375e-01 1.00193560e-01 -2.74282604e-01
    1.32007837e-01 -1.09214723e-01 1.74808371e+00 -1.97420478e-01
    1.53200507e+00 6.69393539e-02 -5.05511165e-02 1.28411674e+00
    7.60057569e-01 -2.41020203e-01 1.84070349e+00 -3.94562840e-01
    7.33489990e-02 8.40297520e-01 6.44100547e-01 1.81250417e+00
    -4.40335631e-01 1.48224616e+00 6.05339587e-01 1.69645882e+00
    -5.21133065e-01 -9.20265913e-03 6.26871884e-01 1.53598619e+00
    1.21371126e+00 -8.70931029e-01 1.65205896e+00 -3.08227509e-01
    1.41037560e+00 8.71078730e-01 -1.33891046e-01 3.56166184e-01
    5.56380391e-01 1.51873159e+00 5.71921945e-01 1.03186250e+00
    -6.64570749e-01 1.10497618e+00 4.75718856e-01 -4.22138423e-01
    -3.52466941e-01 1.62964630e+00 8.70687723e-01 7.55186677e-02
    -3.62040102e-01 -2.72526383e-01 1.42526507e+00 8.75412047e-01
    1.20689952e+00 3.90780509e-01 1.46843219e+00 -3.97198290e-01
    4.60812092e-01 1.36674523e+00 9.13043618e-02 -2.93750286e-01
    -2.19590068e-02 3.82744670e-01 1.50868046e+00 8.42375100e-01
    -2.17682123e-03 8.70622754e-01 1.38522720e+00 1.39253259e-01
    2.21974850e-02 -5.14239013e-01 -1.37758017e-01 1.38389885e+00
    -7.05096066e-01 1.61658859e+00 -1.14312470e-01 9.96975064e-01
    1.79654241e+00 6.27940118e-01 6.01628780e-01 -4.05018419e-01
    1.46616292e+00 -1.79545343e-01 1.18214488e+00 1.53268445e+00
    9.73887801e-01 1.04300594e+00 4.51483250e-01 6.08039618e-01
    1.10500634e-01 1.18227291e+00 8.98641169e-01 5.79324365e-01
    1.87863898e+00 1.70631051e+00 7.51433969e-02 4.73258853e-01
    -4.32443023e-01 5.48835039e-01 1.52849257e+00 4.09601629e-01
    1.19415283e-01 1.01665223e+00 3.90542746e-01 -5.08601189e-01
    -6.54676855e-01 1.83468997e-01 1.68242311e+00 6.64776504e-01
    1.29592896e+00 1.24480796e+00 -7.30639458e-01 1.48533070e+00
    1.64662838e+00 1.05370665e+00 1.60134673e+00 -3.54715884e-01
    -1.24996781e-01 7.80478418e-01 -2.16936260e-01 1.36501789e+00
    -2.42214203e-01 9.68290925e-01 -2.38726735e-01 1.19012952e+00
    1.66157675e+00 -6.67342484e-01 1.28042769e+00 1.09016132e+00
    5.51201820e-01 1.67562079e+00 -7.49458432e-01 1.17352319e+00
    1.33082294e+00 -5.62578022e-01 1.08718157e+00 7.26796687e-01
    4.42465067e-01 1.53527141e+00 1.45145774e+00 6.25361741e-01
    1.69061184e+00 1.52306616e-01 -7.80072689e-01 1.18365169e+00
    -1.34571791e-02 2.70719171e-01 1.58018482e+00 3.51963818e-01
    1.07524443e+00 4.39094543e-01 -3.42735738e-01 1.82952881e-01
    1.05291724e-01 4.19130802e-01 2.81844139e-01 5.31972647e-02
    7.16879964e-02 7.31287718e-01 5.82054615e-01 3.33669424e-01
    1.52495456e+00 1.01594365e+00 1.24683702e+00 -2.28870392e-01
    1.26389241e+00 -6.98347747e-01 -1.86629117e-01 -7.10197926e-01
    -3.11258078e-01 1.07567048e+00 2.34442234e-01 1.57992470e+00
    1.33134305e+00 -1.89370215e-01 -2.18040705e-01 5.88084102e-01
    8.45724344e-02 1.42914212e+00 1.06209660e+00 -3.81580740e-01
    2.64634371e-01 1.26360393e+00 1.08053708e+00 3.46405029e-01
    1.56487310e+00 1.20903718e+00 -3.74982983e-01 6.07901812e-01
    1.59798336e+00 -7.50159383e-01 6.74705029e-01 8.72206688e-02
    1.31080651e+00 -8.02882433e-01 1.15750313e+00 4.70770061e-01
    -1.86082721e-01 -4.40453112e-01 1.73524904e+00 9.07259345e-01
    -4.32757199e-01 1.69329286e-01 9.77620959e-01 -3.63349080e-01
    -2.52384365e-01 -3.21738780e-01 6.32477820e-01 -1.16698563e-01
    9.14749444e-01 9.35690403e-01 7.86382139e-01 4.16829824e-01
    -3.97137403e-02 9.31308627e-01 7.79896796e-01 1.38030732e+00
    1.39170897e+00 -2.66856909e-01 1.42322648e+00 -2.49909759e-02
    -4.84151900e-01 1.19617641e+00 -3.26569080e-01 1.80018139e+00
    1.10261953e+00 -4.39799398e-01 4.72210169e-01 9.61302757e-01
    6.66406155e-02 3.46772671e-02 -3.00254464e-01 1.02736259e+00
    -5.28967619e-01 -2.63604760e-01 6.32533133e-01 -5.45513630e-03
    1.29752803e+00 1.68267345e+00 8.38509798e-01 -5.31826794e-01
    -4.69570607e-01 1.21821105e+00 1.05754161e+00 5.74743390e-01
    9.68306363e-01 5.20644486e-01 1.46798468e+00 1.49652076e+00
    -2.57934093e-01 1.02745891e+00 -5.81773996e-01 1.29294789e+00
    -5.23832798e-01 2.98546255e-01 -3.84631515e-01 1.89068985e+00
    1.78119147e+00 6.07862949e-01 -1.48827076e-01 -4.10417229e-01
    1.06362212e+00 1.26372004e+00 2.66316950e-01 6.69031441e-01
    -8.07820439e-01 1.04212284e+00 -4.00214195e-02 1.08023131e+00
    1.34943044e+00 -3.80400777e-01 1.56119466e-02 1.11284840e+00
    4.30110097e-02 4.68232632e-01 6.54462099e-01 6.86591625e-01
    -2.55854845e-01 1.56176805e-01 -1.89184308e-01 9.29120779e-01
    6.19858444e-01 -1.59505010e-02 7.99509883e-01 1.27908599e+00
    1.64300966e+00 9.80936050e-01 1.07065916e+00 3.50229204e-01
    -7.06891596e-01 -4.90329146e-01 1.70379710e+00 -1.54945910e-01
    5.50531089e-01 1.41134429e+00 1.31301284e-01 -2.33245492e-01
    -1.91225469e-01 1.45996070e+00 1.05287623e+00 -5.67871928e-02
    7.36646652e-02 1.26420021e-01 -3.28802347e-01 1.51218581e+00
    1.12662232e+00 9.93878841e-01 1.64519072e+00 -4.22395527e-01
    1.22701383e+00 -5.53803802e-01 1.05419135e+00 7.88441718e-01
    1.18824828e+00 -7.65754223e-01 -6.59969211e-01 -1.61498904e-01
    1.42453623e+00 1.71441960e+00 1.61323488e+00 -5.69788516e-01
    1.76565397e+00 -1.13083541e-01 2.46791542e-01 1.10152006e-01
    1.59550285e+00 6.00552320e-01 9.21136975e-01 2.44196057e-01
    -1.39180124e-01 -1.68223381e-02 3.66545558e-01 -3.37984622e-01
    -3.46901774e-01 8.75025868e-01 -6.47326291e-01 1.43472195e+00
    4.80577230e-01 -4.32190925e-01 1.10316002e+00 -6.03204131e-01
    7.87461758e-01 -5.16341507e-01 7.84259558e-01 1.43806243e+00
    9.21694279e-01 2.58150935e-01 7.27472186e-01 -2.13499635e-01
    -7.30931759e-03 -1.64842248e-01 5.20029068e-02 -4.15609717e-01
    -3.07282150e-01 -3.64301205e-02 8.91993046e-01 8.42402279e-01
    -3.79213125e-01 3.29539776e-02 2.99512208e-01 -3.72180223e-01
    -1.85604692e-02 7.22895265e-01 -7.73196757e-01 8.83348346e-01
    1.48720932e+00 1.09099710e+00 -5.65695763e-02 -5.48769653e-01
    1.84592605e-01 1.56382394e+00 1.57373691e+00 1.38151050e-02
    -7.95934796e-02 -3.69953066e-01 -2.48948008e-01 -4.65714395e-01
    1.53838551e+00 -1.56728625e-02 7.62929797e-01 1.63121593e+00
    -1.59074962e-01 -4.36918110e-01 1.05922616e+00 -5.75545549e-01
    1.14905238e+00 3.86756778e-01 1.43001652e+00 2.28112400e-01
    1.11007082e+00 1.65461111e+00 9.58745122e-01 -1.67110145e-01
    1.11326933e+00 1.43776560e+00 -7.49813497e-01 -4.79183406e-01
    1.36817205e+00 1.24486959e+00 1.77369642e+00 6.27414107e-01
    5.89723468e-01 7.69535899e-02 -1.66276693e-02 -2.00554371e-01
    1.36975229e-01 3.17583263e-01 -5.06641865e-02 1.18389726e+00
    -1.43237054e-01 1.09311271e+00 -4.14057940e-01 3.13523173e-01
    8.30900908e-01 1.56088293e+00 1.31725073e+00 -7.11474299e-01
    1.29810214e+00 1.57715130e+00 3.39806080e-01 1.73248875e+00
    9.81681168e-01 -4.83043641e-01 1.28171992e+00 2.21590042e-01
    -2.63166219e-01 -6.09322071e-01 8.37566972e-01 9.56348598e-01
    1.42659295e+00 1.18192303e+00 -4.01352137e-01 1.36054897e+00
    1.22321045e+00 1.72407913e+00 -5.77694893e-01 1.52290392e+00
    3.74320209e-01 4.42620456e-01 1.08866525e+00 -4.83338058e-01
    3.82094741e-01 3.13135624e-01 3.34134161e-01 1.28201127e+00
    9.73428309e-01 -4.24796939e-02 -7.66502082e-01 1.22008920e+00
    7.68512130e-01 5.10929048e-01 1.25476038e+00 3.57872367e-01
    -9.09802914e-02 1.52184689e+00 3.89532447e-02 -4.96309161e-01
    1.91524804e-01 1.66047931e-01 4.29635525e-01 7.41643906e-01
    -2.95462608e-02 9.06546354e-01 1.54230022e+00 -2.24712998e-01
    -4.50063825e-01 1.14713907e+00 -5.79468191e-01 -4.73361254e-01
    1.34164155e-01 4.26590204e-01 1.20738077e+00 1.65377700e+00
    4.00101185e-01 -1.15442276e-01 1.75610232e+00 1.25939512e+00
    7.20974803e-02 6.03886366e-01 1.04109645e-02 -3.52598608e-01
    1.56736016e-01 7.97159314e-01 1.41484177e+00 1.20798254e+00
    6.48856521e-01 1.00804198e+00 1.21590674e+00 1.20019829e+00
    1.74664629e+00 5.65007865e-01 -3.50968122e-01 1.33408570e+00
    5.43096781e-01 1.42833912e+00 1.40277743e-02 1.75649118e+00
    -3.10613632e-01 1.56936729e+00 -7.29877114e-01 3.88139307e-01
    6.40544653e-01 -7.28388548e-01 1.13346767e+00 1.40157807e+00
    4.86879528e-01 1.11830986e+00 6.29617095e-01 1.57440090e+00
    -6.00313485e-01 2.21113205e-01 -4.58073974e-01 6.45282567e-01
    7.46323168e-01 7.27069259e-01 6.25579417e-01 3.52903485e-01
    1.15517259e+00 1.37732601e+00 -5.76863289e-02 -8.38121176e-02
    6.39685094e-01 2.68867373e-01 -1.97817683e-02 9.58677590e-01
    1.14035213e+00 1.09599197e+00 -6.36940897e-01 6.39899790e-01
    1.07432222e+00 1.55610251e+00 -6.51010156e-01 1.41113341e+00
    -5.14056683e-02 2.06506014e-01 5.38146734e-01 1.48779440e+00
    -2.08146572e-02 1.63629580e+00 -4.41491306e-01 1.18358791e+00
    1.18219328e+00 -1.21140838e-01 2.55170643e-01 7.18131304e-01
    -4.60715204e-01 6.06749177e-01 -2.88646132e-01 4.50774550e-01
    1.37610936e+00 -2.13683426e-01 7.30023503e-01 9.76504564e-01
    1.28439009e-01 9.15045142e-02 -1.16646290e-03 1.70293128e+00
    3.13790381e-01 -7.11924911e-01 1.08475244e+00 3.28790545e-01
    1.54958189e+00 8.81579578e-01 -5.76228380e-01 1.63786411e+00
    -5.28656721e-01 -1.82023287e-01 8.98668408e-01 1.38890791e+00
    3.87650013e-01 1.09813106e+00 1.28163028e+00 -5.94755769e-01
    3.22859406e-01 4.45026219e-01 1.57546735e+00 -1.10885084e-01
    2.01855898e-01 -2.48144865e-01 -4.22034293e-01 -6.76297486e-01
    1.62581062e+00 -5.36035299e-01 4.42200899e-03 1.18696117e+00
    1.59474611e+00 2.96055734e-01 2.95614958e-01 5.99696457e-01
    1.25261188e+00 8.83405030e-01 6.32349312e-01 1.04146123e+00
    3.18913758e-01 6.99982405e-01 2.22471297e-01 1.26249194e-01
    1.33820236e+00 -1.65113151e-01 -6.30167186e-01 -6.94105625e-02
    1.59970224e-01 -5.82786620e-01 1.15543520e+00 -4.21831965e-01
    -9.76634622e-02 -2.28745759e-01 -5.11762738e-01 1.61054790e+00
    -5.10423779e-01 1.65094471e+00 -6.15801990e-01 1.12533689e+00
    2.03030705e-02 1.60469639e+00 -5.30837595e-01 1.18962693e+00
    -5.03980398e-01 8.34182739e-01 1.68601930e+00 -6.82043850e-01
    1.28533137e+00 -6.71094298e-01 -2.49612451e-01 7.41490126e-01
    -4.96884286e-01 6.80477381e-01 -1.84752882e-01 4.58077788e-01
    3.67666662e-01 -2.22652704e-01 8.62149894e-01 1.42670751e-01
    6.44737661e-01 1.32600307e-01 6.69089973e-01 -2.46893585e-01
    1.55461097e+00 1.95159435e-01 1.62770164e+00 -5.11392176e-01
    1.20758212e+00 1.32047355e+00 5.96241534e-01 1.56224215e+00
    7.20870256e-01 5.55194020e-01 -8.42545331e-01 1.59665585e+00
    8.26669991e-01 4.39827681e-01 3.94052267e-02 4.89963889e-02
    2.01485276e-01 1.57184291e+00 6.76889122e-01 -1.66028380e-01
    7.07551479e-01 -2.11074293e-01 -1.15776598e-01 1.02194369e+00
    1.38765645e+00 4.74080324e-01 -4.42062408e-01 1.13145256e+00
    -6.11716926e-01 3.98776770e-01 -6.81380928e-01 1.00004733e+00
    -5.61687768e-01 7.37772584e-02 8.79539311e-01 -8.15782547e-02
    1.56526232e+00 -3.22954535e-01 4.03276563e-01 1.38594401e+00
    1.11688066e+00 -5.67757428e-01 -5.17902970e-02 -2.40388334e-01
    -6.14205003e-02 1.28251910e+00 -6.84954047e-01 1.43228459e+00
    1.00917649e+00 -4.00711596e-01 5.74910283e-01 7.75293589e-01
    1.70204222e-01 7.69302964e-01 1.59857488e+00 -4.06185746e-01
    1.52757871e+00 -5.86551905e-01 -6.00789368e-01 9.44553912e-01
    8.67732465e-01 1.55158889e+00 4.35019433e-01 7.33267784e-01
    1.68220711e+00 4.69515026e-01 1.67088985e+00 1.57853532e+00
    -3.53361458e-01 -2.99036503e-03 6.82226896e-01 1.28890145e+00
    1.10381734e+00 -4.06119466e-01 9.19919789e-01 -9.16802883e-03
    7.19108284e-01 3.36407959e-01 5.56691170e-01 1.30267024e+00
    1.62024367e+00 -7.32506812e-01 6.93475425e-01 7.47109532e-01
    1.15378380e+00 1.66357839e+00 1.56523395e+00 3.62623334e-02
    -8.93853307e-02 9.74080920e-01 -7.18472004e-02 -4.67874885e-01
    -5.51975846e-01 1.49376798e+00 7.86856174e-01 -6.19095445e-01
    4.06335592e-02 9.25990462e-01 -6.07832670e-02 1.16987133e+00
    3.53654504e-01 1.35189199e+00 -6.94793224e-01 1.15102804e+00
    4.44700778e-01 7.50881910e-01 1.20465577e-01 1.00595677e+00
    -4.83522266e-01 -4.82581884e-01 4.12065625e-01 1.45075619e+00
    1.17695522e+00 2.64182687e-01 6.16010785e-01 1.18511915e-01
    3.07279170e-01 1.43092251e+00 -8.07807446e-02 -3.83079171e-01
    3.42625022e-01 1.17679238e-01 -5.45586586e-01 2.79255748e-01
    1.04625297e+00 1.54126143e+00 -2.94314027e-01 1.57261622e+00
    -1.14176631e-01 -2.32439816e-01 3.37687612e-01 -1.36187851e-01
    4.36277092e-01 2.05893219e-01 1.28358936e+00 1.57450926e+00
    -3.19150031e-01 5.26628077e-01 1.50759518e+00 8.67143691e-01
    1.12285686e+00 -8.01436603e-01 5.64935565e-01 1.27570343e+00
    1.33728719e+00 9.42552805e-01 1.63666511e+00 8.97974193e-01
    3.47686350e-01 1.55951309e+00 1.02951455e+00 9.65751648e-01
    1.36222219e+00 -5.69562078e-01 -1.88432753e-01 -2.74187773e-01
    3.52269053e-01 1.17121994e+00 1.00941038e+00 -3.59905601e-01
    1.44872725e-01 1.72912741e+00 -6.35838866e-01 1.20421958e+00
    -1.40908360e-02 1.03296983e+00 -2.08010077e-01 1.58686578e+00
    1.27889585e+00 -2.57835329e-01 1.58681154e-01 1.09033275e+00
    -4.11159277e-01 6.15553021e-01 4.00333762e-01 1.38029432e+00
    -1.60892010e-01 1.34304583e+00 -6.97298586e-01 1.11526668e+00
    -7.06137359e-01 -8.09650302e-01 -7.71278143e-01 5.23315609e-01
    2.47905850e-01 1.04063225e+00 1.34952915e+00 -3.78496975e-01
    2.14187503e-02 -2.98638582e-01 1.09451115e+00 1.49160147e-01
    1.26219296e+00 -4.63909447e-01 1.48387825e+00 6.17424250e-01
    2.26235390e-01 1.62882769e+00 -1.32298946e-01 1.75696588e+00
    1.64508998e+00 1.63413441e+00 -1.96483612e-01 1.29168141e+00
    -4.00085926e-01 -3.87579411e-01 1.74434185e-02 -2.35611707e-01
    2.64139950e-01 1.06530035e+00 3.13656330e-02 4.50743318e-01
    1.71602130e-01 1.47602260e+00 1.13875437e+00 2.22117066e-01
    3.75917614e-01 3.54425490e-01 3.72959137e-01 -6.32620692e-01
    8.16889465e-01 1.13005280e+00 1.08006775e+00 5.61795652e-01
    -4.88309026e-01 -5.01386464e-01 -4.33536708e-01 1.40492237e+00
    2.75592387e-01 4.37831581e-01 1.04521084e+00 1.20192480e+00
    -1.00597739e-01 8.91075552e-01 -2.44334310e-01 -3.43416214e-01
    6.93590939e-01 1.00428510e+00 9.87037659e-01 5.72233081e-01
    1.28818464e+00 6.58119380e-01 9.29076314e-01 1.07393813e+00
    -6.84048176e-01 1.01018691e+00 1.74853504e+00 -2.32808888e-01
    -5.19086719e-01 -3.03715467e-01 -1.23939753e-01 1.08850861e+00
    9.73796070e-01 1.35745502e+00 9.75816250e-01 -7.38070428e-01
    -4.87653732e-01 -5.01992345e-01 -5.07839501e-01 1.34743190e+00
    3.29469025e-01 -3.60163450e-01 -7.33503819e-01 -1.26515031e-01
    7.27245092e-01 8.69665146e-02 9.28123593e-02 7.25960016e-01
    -3.61800194e-03 2.52820432e-01 1.11868358e+00 6.65041387e-01
    6.72278583e-01 6.71415985e-01 -7.01739728e-01 -4.21313316e-01
    2.22214997e-01 1.03572381e+00 7.91404247e-01 1.44518077e+00
    -6.84728742e-01 -2.09781289e-01 -3.86421710e-01 1.34264958e+00
    4.03500140e-01 1.69755197e+00 -6.34018779e-01 5.59692204e-01
    8.29171717e-01 -6.81680679e-01 7.18805194e-01 1.40034926e+00
    -2.58276463e-01 1.62913406e+00 6.86522365e-01 3.88929188e-01
    8.20665836e-01 1.28826332e+00 6.59679770e-02 4.94042873e-01
    6.86396956e-02 1.71473372e+00 1.37257922e+00 5.88034272e-01
    -5.71994185e-02 -1.23264253e-01 -7.65550792e-01 5.55426061e-01
    -5.35142601e-01 9.06417131e-01 -8.14630747e-01 1.37390852e+00
    1.29263532e+00 1.65227342e+00 -5.30809879e-01 1.14370024e+00
    1.54844952e+00 1.12077785e+00 2.23587394e-01 -3.51146668e-01
    7.25198388e-02 -5.06954789e-01 -6.51171803e-01 1.44603550e+00
    -4.83858675e-01 1.71137571e+00 3.34378719e-01 -7.08389759e-01
    1.73971057e+00 4.68040824e-01 -4.45826292e-01 1.08172166e+00
    -6.43866181e-01 6.60862923e-01 1.05056012e+00 1.62075138e+00
    9.64571953e-01 4.52407002e-01 -1.21082246e-01 2.26293266e-01
    1.55051768e-01 1.80220139e+00 -7.46275783e-02 -7.20909715e-01
    4.22962725e-01 3.82123530e-01 1.52066803e+00 1.52594662e+00
    7.32305229e-01 9.84718919e-01 -2.38812447e-01 1.15633786e+00
    6.32356524e-01 1.19613647e-01 -2.87459821e-01 9.30743635e-01
    2.12002814e-01 6.90000534e-01 6.01445079e-01 4.37797546e-01
    1.23983359e+00 -1.62699640e-01 -6.40672326e-01 1.41453254e+00
    -7.47206390e-01 -3.18646848e-01 1.08782470e+00 8.14045250e-01
    1.38559687e+00 -4.32535321e-01 -1.42377496e-01 -6.16455793e-01
    1.17389894e+00 -7.02440858e-01 -9.75012779e-02 1.62657905e+00
    3.32065105e-01 -1.57153666e-01 -7.90627599e-02 -1.31604254e-01
    1.62619495e+00 -7.41263747e-01 1.07582617e+00 5.98334432e-01
    1.78535628e+00 1.66590965e+00 -5.41357160e-01 2.06169176e+00
    9.04586196e-01 8.20578218e-01 1.31106877e+00 1.37325084e+00
    1.69829106e+00 1.61090636e+00 1.13328743e+00 1.02385104e-01
    1.03952718e+00 3.82635832e-01 -3.14273834e-01 1.27061737e+00
    -5.88722408e-01 -1.13260746e-02 1.16684139e+00 1.67948008e-03
    -5.04689217e-01 7.49568045e-01 -6.26748323e-01 6.09502792e-02
    6.76459074e-03 3.78255486e-01 -4.74327475e-01 -1.69877052e-01
    -4.26804990e-01 1.34902644e+00 1.18013930e+00 -1.60388649e-01
    1.61782622e+00 5.39066195e-01 -2.55960047e-01 1.77179146e+00
    -4.13295150e-01 -1.64133549e-01 1.20586002e+00 -2.45309770e-01
    -6.94696307e-02 -3.86465758e-01 5.39187372e-01 6.75560236e-01
    1.39695740e+00 9.48437095e-01 4.13065612e-01 2.17888534e-01
    9.64238107e-01 1.55139303e+00 6.70591831e-01 1.29911029e+00
    1.49611640e+00 1.20161533e-01 2.63031602e-01 1.37144089e+00
    8.84953558e-01 5.62430799e-01 7.23829150e-01 -7.63598680e-02
    -5.62053680e-01 -9.41871405e-02 2.94817865e-01 8.58839989e-01
    1.31310034e+00 1.29077244e+00 -6.70463860e-01 -6.19165003e-01
    3.04230571e-01 -4.30390149e-01 2.36047685e-01 2.39173293e-01
    1.11883581e-01 7.95616508e-01 8.47212076e-01 9.62565899e-01
    -6.83006048e-01 7.57468104e-01 3.28650415e-01 4.50037539e-01
    5.14479876e-02 -6.47418499e-01 -4.48850662e-01 4.55560327e-01
    2.89535522e-03 6.65379405e-01 -3.73484522e-01 4.96500373e-01
    -6.08143806e-01 1.97544515e-01 -7.12547779e-01 1.21448815e+00
    -2.75262982e-01 1.77712870e+00 -3.73494625e-03 -3.50686818e-01
    -2.45306730e-01 1.33252060e+00 1.65359306e+00 1.52110922e+00
    4.52593327e-01 9.87125635e-02 3.08288813e-01 1.09444439e+00
    1.74311841e+00 4.63219464e-01 9.32109714e-01 -5.48629165e-01
    -1.84385180e-02 9.72466230e-01 -4.62311506e-02 1.54905057e+00
    4.10084903e-01 -6.53164625e-01 1.21957755e+00 1.42812693e+00
    1.05170441e+00 1.44098651e+00 -5.61629176e-01 1.28017247e+00
    1.73430014e+00 1.88530385e-01 1.11377263e+00 -2.77686626e-01
    7.85100341e-01 1.82819068e-01 -2.50797570e-01 -8.01224113e-02
    -1.87962770e-01 1.29970729e+00 1.30884945e+00 1.63803494e+00
    -3.62650692e-01 1.76473808e+00 1.45227098e+00 1.11540318e-01
    -7.59333909e-01 -7.58555174e-01 7.15099871e-01 1.52113461e+00
    1.38153756e+00 1.45790529e+00 1.63474405e+00 6.55075312e-01
    6.10274076e-01 -5.66657186e-01 1.06515789e+00 9.09744680e-01
    3.06804419e-01 9.11400318e-02 1.40305579e+00 2.94893086e-01
    1.69654787e+00 -8.82220864e-02 -3.12812239e-01 -1.19110107e-01
    -8.75450969e-02 3.91147554e-01 8.16022277e-01 -2.39458650e-01
    -9.69335437e-02 4.30793285e-01 -7.12728918e-01 8.86548996e-01
    2.17945457e-01 6.84589267e-01 1.65100944e+00 4.02302444e-01
    1.23308742e+00 7.23935902e-01 7.15424061e-01 1.21182323e-01
    1.77450407e+00 1.65660584e+00 2.39176154e-02 3.53650868e-01
    1.52108979e+00 -8.57861876e-01 1.45071113e+00 1.26009583e+00
    7.21633971e-01 1.03497267e+00 1.14041305e+00 -6.52828097e-01
    1.25168395e+00 -2.26445794e-02 1.32660115e+00 -9.63496566e-02
    1.10291898e+00 4.63330269e-01 6.26833797e-01 3.37752104e-01
    1.19009376e+00 -6.56686246e-01 2.33615875e-01 2.93409705e-01
    1.06491971e+00 -3.96745533e-01 3.70419443e-01 1.66867566e+00
    1.56115282e+00 -2.17184544e-01 -2.45828450e-01 1.68965280e+00
    -7.23498523e-01 2.71964312e-01 1.18226027e+00 4.97674763e-01
    -5.94223142e-02 1.12217927e+00 -3.94124508e-01 -5.61382234e-01
    -4.62106109e-01 5.85171521e-01 2.15206325e-01 1.51071405e+00
    1.35941625e+00 9.27167833e-01 1.29013586e+00 1.27068818e+00
    2.23998249e-01 -1.83576345e-02 9.31309581e-01 4.15597975e-01
    -2.04786181e-01 7.31569886e-01 7.83057749e-01 -4.30584580e-01
    1.13716531e+00 3.81884992e-01 1.76321614e+00 3.97336721e-01
    -7.06191063e-01 1.62964082e+00 3.60456109e-02 9.93557811e-01
    4.87392247e-01 -2.25390911e-01 9.15293336e-01 1.53331280e+00
    -1.58442020e-01 1.46984732e+00 -7.74955034e-01 1.22487247e+00
    1.71736073e+00 7.43283629e-01 1.43410325e+00 -2.52546251e-01
    8.69239628e-01 -1.97232366e-02 7.69809961e-01 1.35565424e+00
    1.40071726e+00 1.76743984e-01 4.24815536e-01 -2.30420649e-01
    3.41076255e-02 9.06076729e-01 1.28332305e+00 1.00812840e+00
    1.95823908e-02 1.23110080e+00 -4.70086932e-01 2.51185775e-01
    -6.68011010e-01 -7.04670608e-01 -4.02510852e-01 7.12785125e-01
    8.01212192e-02 1.47940445e+00 9.20642853e-01 9.30563152e-01
    9.03702497e-01 3.51919949e-01 1.05854917e+00 4.54278409e-01
    1.33350980e+00 -3.06885898e-01 1.28743124e+00 1.35499573e+00
    1.61794019e+00 1.15226579e+00 2.97194123e-01 -4.22492892e-01
    -4.30426300e-01 1.67697310e+00 8.18435013e-01 1.38545775e+00
    8.96952450e-01 -5.63962042e-01 6.67917073e-01 6.58092737e-01
    1.70452201e+00 -6.10335529e-01 5.21629930e-01 1.01637697e+00
    1.84920418e+00 4.86013293e-01 -4.47100669e-01 4.85612333e-01
    5.06909430e-01 8.96488905e-01 2.19277263e-01 -3.56615305e-01
    7.04906583e-02 -7.38358676e-01 -4.45614517e-01 4.56530571e-01
    1.00207043e+00 -1.05883598e-01 1.61612999e+00 1.19195318e+00
    -5.40740490e-01 3.36158574e-01 4.26970482e-01 7.59769022e-01
    1.57076168e+00 1.27285588e+00 9.84716654e-01 -3.79626662e-01
    1.67244291e+00 4.35250461e-01 9.84440804e-01 2.60307372e-01
    5.83354831e-01 -2.58176506e-01 1.51370788e+00 -5.89061379e-01
    -3.63535076e-01 9.37307119e-01 1.73011327e+00 7.60680676e-01
    7.42597580e-01 1.28488457e+00 8.30196857e-01 9.57214832e-01
    7.51803219e-01 1.72497797e+00 -6.71761334e-01 1.12394190e+00
    8.73387158e-01 7.88193345e-02 -9.68134999e-02 1.09911633e+00
    1.80536628e-01 4.43129182e-01 1.41045153e+00 3.76796007e-01
    1.81761456e+00 7.62291551e-02 -3.45722020e-01 -3.18001151e-01
    4.41490412e-01 4.10928369e-01 1.11462355e+00 -3.06807876e-01
    3.31542909e-01 1.83974195e+00 1.75079966e+00 1.30086613e+00
    1.25465274e+00 -2.81585962e-01 -6.13140762e-01 2.83897400e-01
    1.81577194e+00 1.01932549e+00 4.68636513e-01 1.01367497e+00
    7.56718755e-01 -7.09620237e-01 1.61024070e+00 6.12610817e-01
    1.45025802e+00 -7.77284801e-01 7.16553509e-01 -5.52137375e-01
    6.57300651e-01 1.56057179e+00 1.38761985e+00 -2.64434218e-02
    -6.39442444e-01 8.16697180e-01 1.56487155e+00 1.20274425e-01
    -7.21383750e-01 -4.80463326e-01 6.74210370e-01 1.07643533e+00
    1.25714099e+00 -7.88876832e-01 -7.27464736e-01 9.26279902e-01
    4.32884634e-01 4.01558459e-01 -3.34253788e-01 4.91880238e-01
    1.48811686e+00 1.06742835e+00 5.84677637e-01 9.74857509e-01
    1.43132699e+00 -6.10842109e-01 -4.59434956e-01 9.43658531e-01
    1.03167224e+00 4.33841765e-01 2.43859291e-02 1.15253270e-01
    9.05793965e-01 1.20319736e+00 -1.42240703e-01 6.03634119e-03
    1.65310562e+00 1.50700295e+00 1.62715459e+00 7.10895658e-01
    1.00619411e+00 1.01918304e+00 1.61800110e+00 -3.52096707e-01
    -4.52569991e-01 8.49217176e-03 -2.68255293e-01 -5.89858890e-01
    1.33694482e+00 -1.67661965e-01 9.91560817e-02 1.11549783e+00
    -6.42542303e-01 -2.85140753e-01 1.63813591e-01 1.19822192e+00
    1.62290633e+00 8.03201735e-01 1.72928536e+00 1.69000149e+00
    5.17321825e-01 2.80027151e-01 5.14504433e-01 8.79135132e-01
    4.41142917e-02 1.79161608e-01 5.53014517e-01 1.22095418e+00
    -3.62079769e-01 1.15686238e-01 1.33904338e+00 -7.81772017e-01
    1.44622707e+00 1.21038377e+00 -1.36873066e-01 1.05883431e+00
    6.26375437e-01 -1.00786507e-01 1.58250821e+00 9.37726498e-02
    1.59070253e-01 -9.04991031e-02 1.46828067e+00 8.24848473e-01
    -7.85079420e-01 1.68134427e+00 1.90129876e-02 -4.49992239e-01
    1.51741540e+00 -4.98261571e-01 1.09813643e+00 5.13650596e-01
    -5.72032630e-01 1.14806271e+00 -5.76509118e-01 -7.11984098e-01
    6.44875765e-02 1.52159548e+00 -3.33692491e-01 -7.45377243e-01
    1.63119900e+00 1.11218739e+00 1.65342689e+00 -7.28209496e-01
    -6.23545349e-01 -6.65056705e-01 1.54035687e-01 1.60655165e+00
    1.72841477e+00 -3.15999359e-01 -1.74787521e-01 -5.69829345e-02
    1.10037482e+00 6.19143844e-02 1.47537374e+00 5.75032711e-01
    9.37677205e-01 4.99762177e-01 1.52497482e+00 8.91139328e-01
    -6.61976099e-01 8.76618624e-02 1.20837951e+00 1.46853912e+00
    7.65368581e-01 9.33508158e-01 1.95064723e-01 1.72770190e+00
    9.35255110e-01 1.42082608e+00 -2.22374797e-01 -4.27854061e-02
    9.30772841e-01 1.13772607e+00 1.32576442e+00 -1.85921788e-01
    1.54201841e+00 -3.77002954e-02 3.17654490e-01 6.13426328e-01
    1.14038002e+00 9.14595008e-01 1.25986350e+00 7.76393056e-01
    -5.78653812e-02 1.67341161e+00 -1.00711763e-01 -1.73175335e-02
    2.23638356e-01 -1.87637806e-01 -3.63442332e-01 -5.78296900e-01
    -6.21507406e-01 1.41217589e+00 4.27760541e-01 1.11501908e+00
    1.45299780e+00 2.76821554e-01 -6.64344251e-01 5.06276309e-01
    9.74244177e-01 1.72782087e+00 -1.07138157e-02 7.06637502e-02
    -7.20480561e-01 7.45029509e-01 1.45874834e+00 4.60816443e-01
    -5.05023956e-01 1.33812046e+00 -7.27089822e-01 -2.90250808e-01
    8.52036059e-01 1.27372050e+00 -2.95649976e-01 2.18984962e-01
    1.00332499e-01 -3.30642074e-01 1.15406251e+00 1.80144322e+00
    -7.24274457e-01 4.97940719e-01 2.01981664e-02 9.69218850e-01
    1.44541883e+00 1.37255049e+00 1.30267298e+00 4.52252746e-01
    7.80808389e-01 1.42930448e+00 -6.04354024e-01 8.09961200e-01
    4.00205314e-01 5.30855775e-01 7.59035707e-01 9.64916110e-01
    9.02257562e-01 1.08950830e+00 -1.81791425e-01 7.89761961e-01
    -6.69844568e-01 1.47105980e+00 7.27962255e-02 1.10581911e+00
    1.09333444e+00 5.93165815e-01 -1.26800299e-01 1.72507846e+00
    1.10370517e+00 1.23260856e+00 4.03799415e-01 1.27542341e+00
    1.19074702e-01 8.64420533e-02 -2.46944308e-01 5.92092752e-01
    1.23242712e+00 1.82005334e+00 5.66492081e-01 -5.54337323e-01
    1.13857365e+00 1.97159469e-01 3.15328121e-01 1.09120154e+00
    1.32657039e+00 1.66580617e+00 -7.52207577e-01 1.00173283e+00
    6.89227223e-01 -4.25576955e-01 5.81205487e-02 4.87728357e-01
    -4.27961916e-01 9.27668214e-01 9.62248504e-01 1.04188013e+00
    1.00084698e+00 -6.61780298e-01 -8.51677656e-02 -6.79364800e-01
    1.58472013e+00 -1.11142397e-02 4.95061874e-02 -3.90609235e-01
    -5.56537569e-01 5.21275580e-01 2.38517761e-01 1.27832139e+00
    1.28556645e+00 9.51220989e-02 1.11214876e+00 -2.54251480e-01
    -4.49059486e-01 1.31649077e+00 -4.63156611e-01 9.36593175e-01
    1.60550225e+00 -1.28467977e-01 7.83200562e-01 3.28095555e-02
    1.61262989e-01 5.07138193e-01 -5.72980165e-01 1.46166635e+00
    1.13572645e+00 5.47665417e-01 1.65984488e+00 1.67035985e+00
    4.48457062e-01 1.19139087e+00 -3.51465672e-01 -7.50827551e-01
    9.49418187e-01 1.51759458e+00 1.17088711e+00 1.26647973e+00
    1.16331661e+00 5.77737451e-01 6.85692251e-01 5.59392571e-01
    1.56995344e+00 7.47316658e-01 -5.87297201e-01 5.47527492e-01
    8.33576918e-01 1.23956585e+00 3.77453029e-01 1.91750169e-01
    1.55893898e+00 -2.85433710e-01 7.70894468e-01 1.20194376e-01
    8.60292315e-01 -2.14778304e-01 5.46860218e-01 5.92699587e-01
    -6.90199971e-01 1.07714069e+00 -1.90032542e-01 -1.93186164e-01
    4.46504593e-01 1.08863831e+00 -3.87015700e-01 1.70161653e+00
    8.35637808e-01 -1.14910781e-01 1.57996368e+00 1.54514968e-01
    -5.12915730e-01 -2.24513113e-01 1.66647911e-01 1.20494664e+00
    1.70049715e+00 -7.27630198e-01 -3.58347028e-01 -7.47465253e-01
    1.35168457e+00 1.34319544e+00 -7.10088789e-01 1.63602602e+00
    -2.44267702e-01 6.80117846e-01 -3.88328463e-01 3.52746487e-01
    1.58015072e+00 4.10681963e-02 1.11449862e+00 -5.60604811e-01
    1.31792426e-01 1.18723798e+00 5.82439840e-01 -2.96070039e-01
    6.18057609e-01 7.82991827e-01 7.98198760e-01 -2.55265832e-01
    -2.94570565e-01 1.52205157e+00 -3.51055980e-01 4.32923734e-01
    9.00735259e-01 1.50162041e+00 8.89609158e-01 2.18274176e-01
    9.30279911e-01 -2.52564788e-01 2.87002981e-01 1.07926214e+00
    2.64290631e-01 -1.93336546e-01 -6.35424674e-01 -7.24768758e-01
    1.59314024e+00 -7.25941539e-01 1.19412720e+00 8.45655382e-01
    1.46993756e+00 -2.15654850e-01 -4.95056331e-01 -2.10692883e-01
    1.37316227e-01 1.16345882e-01 1.49338472e+00 -6.95726633e-01
    1.39899778e+00 -6.39002204e-01 -6.80792332e-02 -4.92750823e-01
    -7.63113439e-01 1.06562912e+00 -1.58753991e-01 7.10454345e-01
    -7.14916646e-01 1.14305544e+00 6.46131635e-02 -4.71034825e-01
    8.83627534e-01 1.72038615e-01 -6.00339592e-01 2.72116423e-01
    2.58787632e-01 1.65192747e+00 8.92902613e-01 1.18595028e+00
    4.43892181e-01 -7.02840567e-01 1.30626428e+00 5.71501255e-01
    1.81602299e-01 8.79742980e-01 1.24418366e+00 -5.03272951e-01
    1.65963292e+00 -6.68701530e-01 -2.37881720e-01 1.34732962e+00
    9.22930598e-01 1.66815710e+00 -8.73678923e-03 2.35980153e-01
    7.41354883e-01 1.31229234e+00 1.31314385e+00 1.15212059e+00
    1.14224505e+00 1.49677002e+00 7.65023232e-01 2.35806346e-01
    7.65069008e-01 6.16403043e-01 1.21974707e-01 -2.20340729e-01
    -1.34232998e-01 1.59320414e-01 1.16943145e+00 7.18265653e-01
    9.76645947e-02 1.81821227e-01 6.10470772e-02 -1.42920852e-01
    3.80938768e-01 5.51174760e-01 1.45288169e+00 6.07177794e-01
    2.34353542e-03 -5.02316952e-01 1.19795799e-01 9.07368362e-01
    -2.72742093e-01 4.69103217e-01 -6.38407528e-01 1.65268314e+00
    2.88342834e-02 3.09403539e-02 1.20324183e+00 -5.89014471e-01
    2.77878106e-01 1.51747894e+00 8.09121251e-01 2.74205565e-01
    5.84144711e-01 -7.40235627e-01 -7.78758645e-01 1.71240532e+00
    1.33751225e+00 -6.55082166e-01 1.15717602e+00 1.12673509e+00
    1.55945456e+00 4.14719641e-01 1.03910208e+00 1.45193875e-01
    -7.64914751e-02 -6.92782938e-01 4.37014699e-02 1.06999707e+00
    1.50680792e+00 8.29314053e-01 -6.49577141e-01 3.57314467e-01
    6.79720759e-01 9.74710405e-01 -7.52076745e-01 2.36576915e-01
    -3.31098258e-01 -3.52424681e-01 8.47116053e-01 8.53911817e-01
    5.68590999e-01 4.77699220e-01 9.44131017e-01 8.19232166e-01
    7.26403236e-01 -1.53834403e-01 -5.18907428e-01 6.12360299e-01
    3.50422382e-01 7.38529682e-01 -2.58913994e-01 -6.14460707e-01
    1.67376888e+00 9.18858230e-01 1.64979541e+00 8.85569453e-02
    1.00985491e+00 6.31821513e-01 2.01847970e-01 1.27753401e+00
    -5.70850074e-01 1.75137973e+00 -7.45640397e-02 -1.98152751e-01
    -1.69698626e-01 -4.23485130e-01 -5.42089760e-01 7.26704419e-01
    1.53117108e+00 5.14909565e-01 1.09572172e+00 -6.17353916e-01
    -2.76187122e-01 -2.91588575e-01 -5.95487773e-01 -6.32603586e-01
    9.24299121e-01 -2.81746447e-01 6.05657697e-02 6.40016854e-01
    -4.13265437e-01 9.03525352e-01 2.40314066e-01 6.37824416e-01
    1.37645316e+00 -7.02022135e-01 -7.24678874e-01 1.30334222e+00
    9.39805031e-01 8.54126453e-01 -5.35532355e-01 1.43620253e-01
    -1.15579367e-02 1.16585577e+00 -5.70792377e-01 -5.01260161e-01
    1.18363667e+00 1.66504645e+00 1.22463942e+00 1.39940619e-01
    1.40838397e+00 5.90519309e-02 1.08488286e+00 -6.52944088e-01
    -6.05297208e-01 -4.52979177e-01 6.67765141e-02 4.56091285e-01
    2.41706848e-01 1.25935555e+00 9.77956414e-01 7.76616216e-01
    -3.85523736e-01 -2.01477766e-01 1.46854985e+00 5.50002515e-01
    -4.97254521e-01 6.42152071e-01 9.12685156e-01 -9.11644697e-02
    1.49548364e+00 -3.64568532e-01 3.14328074e-02 1.00555325e+00
    3.45099390e-01 1.79031336e+00 4.60548937e-01 1.36794496e+00
    7.17116296e-01 9.63514864e-01 1.10803711e+00 6.17334127e-01
    -5.01782894e-01 1.27393425e-01 -2.50970244e-01 1.38906956e-01
    1.02539945e+00 7.18985498e-01 -5.94358563e-01 6.85776412e-01
    1.34345436e+00 4.66247320e-01 1.11478758e+00 2.45949388e-01
    -6.50307775e-01 1.51390648e+00 4.92595911e-01 -3.82286102e-01
    8.49483430e-01 -5.97246468e-01 2.01908052e-01 -6.82469726e-01
    -8.34581256e-02 1.31459522e+00 -5.68163395e-03 6.69957995e-01
    5.47175527e-01 1.53298497e+00 5.17845392e-01 1.62977922e+00
    -2.56594479e-01 1.21057105e+00 -7.11361706e-01 -5.98190069e-01
    1.17434716e+00 4.66558516e-01 1.61667097e+00 8.27294707e-01
    1.11491561e+00 -7.35674381e-01 -3.62324208e-01 -4.78819966e-01
    -9.68731046e-02 1.66985905e+00 1.78092504e+00 -1.92885816e-01
    -3.31418157e-01 1.83143663e+00 1.42663157e+00 1.65514410e+00
    2.15459228e-01 2.17368543e-01 5.12389660e-01 9.56771791e-01
    3.90404582e-01 1.61664045e+00 1.28832245e+00 1.03746903e+00
    1.68314314e+00 6.55415893e-01 1.60145819e-01 3.02543581e-01
    1.25850129e+00 8.03241849e-01 -6.70812249e-01 1.48876023e+00
    1.52485752e+00 -4.92009193e-01 -1.82486594e-01 1.37013316e+00
    1.33587658e+00 -1.45792484e-01 1.74211502e+00 4.04885769e-01
    1.40243363e+00 2.17296243e-01 1.50058091e+00 1.16598845e-01
    1.48791969e+00 -4.04387534e-01 -5.54408073e-01 1.50806773e+00
    1.21138346e+00 1.49932730e+00 -6.91185653e-01 7.25426674e-01
    1.36379349e+00 1.33782661e+00 -5.83710372e-01 1.25176322e+00
    -1.94236994e-01 6.66845918e-01 1.68322611e+00 -3.28396142e-01
    1.15171850e+00 1.27533019e-01 1.88733065e+00 4.13776159e-01
    -8.08899045e-01 1.68349636e+00 5.05003333e-02 1.52662897e+00
    9.33242917e-01 7.82265067e-01 -2.29415357e-01 -6.24786675e-01
    5.23903906e-01 6.38191104e-02 -5.85319579e-01 -4.57428873e-01
    1.14687920e+00 4.02113855e-01 1.13072360e+00 4.45892096e-01
    -7.86065042e-01 1.76726365e+00 1.38078058e+00 1.68828905e+00
    2.39586711e-01 1.24876380e+00 -7.46816993e-01 6.86748564e-01
    -2.75372326e-01 1.24889982e+00 1.22186005e-01 1.08335137e+00
    1.61114049e+00 1.19070911e+00 -2.01332450e-01 1.01068211e+00
    -2.39830017e-01 7.26436257e-01 6.98326707e-01 9.42957640e-01
    1.12741911e+00 1.16600466e+00 -2.68190086e-01 -5.64352274e-01
    -3.82115811e-01 7.70820379e-02 1.60619760e+00 7.67600536e-02
    -7.75260448e-01 -4.76601124e-02 -4.99026418e-01 1.60629010e+00
    1.32659328e+00 -1.84011459e-03 1.18445039e+00 1.33247256e-01
    -2.45949745e-01 -3.22601736e-01 -5.11449575e-02 -2.02718377e-01
    1.02555287e+00 -4.86684710e-01 -2.92047024e-01 -7.17350364e-01
    1.18783081e+00 1.55120623e+00 4.54233050e-01 8.64292920e-01
    4.77492034e-01 2.53483593e-01 -3.69961202e-01 -1.16605341e-01
    1.72896099e+00 4.41227317e-01 -5.54157495e-01 -4.83249426e-02
    -8.80382061e-02 -4.83837545e-01 1.10250080e+00 -3.20901632e-01
    -1.26874506e-01 6.05646312e-01 1.20801950e+00 -8.74360800e-02
    1.09343028e+00 -3.35602790e-01 3.30712318e-01 7.33631194e-01
    9.57168937e-01 5.48931360e-01 1.97324038e-01 6.12207890e-01
    1.57838321e+00 -4.88074571e-01 -1.55859292e-01 -4.74595577e-01
    -8.07042122e-02 -4.63218302e-01 -1.94986224e-01 9.66733456e-01
    -5.45395732e-01 1.46161711e+00 7.67784059e-01 1.44976616e+00
    -5.95148206e-02 1.37608123e+00 2.46746182e-01 -3.24655622e-01
    -6.30018353e-01 1.02493060e+00 1.61821866e+00 1.12717116e+00
    -5.62847376e-01 -4.34618890e-01 1.34718657e+00 7.60069609e-01
    -1.32317960e-01 -4.02634978e-01 1.28667581e+00 3.52902174e-01
    1.70328236e+00 -3.13354164e-01 1.32475483e+00 -1.08648896e-01
    9.97604012e-01 1.35215127e+00 6.35121763e-01 1.61698902e+00
    -7.29928613e-02 -5.74575722e-01 -5.90272009e-01 1.00203681e+00
    -1.40903890e-01 -2.98638225e-01 1.74091303e+00 -7.41226196e-01
    7.42237806e-01 1.15258586e+00 1.08410895e-01 3.06259334e-01
    2.43648410e-01 -2.47417152e-01 -6.92453682e-01 1.47795284e+00
    1.72457266e+00 8.06833506e-02 -4.73422408e-01 7.60118365e-01
    -3.94914061e-01 1.01485157e+00 1.27308953e+00 1.37065053e-02
    4.27967429e-01 3.44734311e-01 3.85821223e-01 -4.47057396e-01
    -1.10143602e-01 7.76891232e-01 7.48085141e-01 9.70867395e-01
    1.51463628e-01 8.85407865e-01 -2.11156547e-01 5.15281558e-01
    1.08544993e+00 1.00921834e+00 6.45143390e-01 1.47352850e+00
    3.40693712e-01 8.44872296e-01 1.51178491e+00 -2.08864450e-01
    -7.86416531e-01 -1.77483618e-01 -3.57891947e-01 -1.23867393e-02
    1.42857265e+00 -6.99113011e-02 1.26055253e+00 3.61442566e-03
    -4.14968729e-01 1.14295530e+00 -2.71671504e-01 -3.10491920e-01
    -9.77039933e-02 9.64424312e-01 7.72958457e-01 1.56405616e+00
    1.26607788e+00 6.39452815e-01 5.20500004e-01 7.54626393e-02
    4.39655840e-01 1.74410141e+00 -1.58089340e-01 1.47915530e+00
    6.05766356e-01 1.24848354e+00 1.28629208e+00 1.57310724e+00
    9.96134222e-01 1.50526786e+00 1.03288460e+00 -1.74956560e-01
    -7.56297708e-01 1.19145715e+00 1.29525566e+00 1.17740095e-01
    -3.04210365e-01 5.18774569e-01 -5.85479319e-01 -2.44729340e-01
    1.01362562e+00 1.29113007e+00 -3.92017603e-01 1.50116980e-01
    -6.88195407e-01 -6.42587006e-01 1.87501669e-01 4.38490748e-01
    1.29980493e+00 1.39175689e+00 1.84746027e-01 1.37125170e+00
    -2.62966752e-01 1.50713539e+00 1.36063981e+00 1.11386395e+00
    1.10606432e-01 -1.66128337e-01 -2.08830833e-02 -5.63305855e-01
    4.75020826e-01 1.18665361e+00 -8.04098010e-01 6.56645954e-01
    -3.60451192e-01 1.07427359e+00 1.89157069e-01 -7.92336166e-01
    1.73658013e-01 9.93053436e-01 -7.12099850e-01 -1.32128298e-01
    -5.69016933e-01 8.42911959e-01 -7.69261122e-02 9.11012232e-01
    -3.58180553e-01 -6.69889092e-01 9.52237785e-01 5.41772842e-02
    9.90008116e-02 1.34792495e+00 -2.71255642e-01 8.07342172e-01
    1.91150117e+00 -4.39317346e-01 9.04518366e-03 1.14449346e+00
    -6.05095983e-01 2.33653009e-01 8.49570632e-02 -1.57909393e-01
    1.48585987e+00 -2.53723681e-01 1.06274939e+00 9.27425206e-01
    7.77660251e-01 3.08377385e-01 1.09515512e+00 1.88393772e-01
    2.38428593e-01 1.35375857e-01 1.53797746e+00 1.43524420e+00
    4.42802906e-03 8.05819452e-01 1.36089849e+00 6.62712216e-01
    1.58810914e-01 1.09783804e+00 6.28125787e-01 3.47356975e-01
    1.50331604e+00 1.32249641e+00 1.20779443e+00 -5.45819640e-01
    2.42892921e-01 1.74097145e+00 -2.94568628e-01 -5.10158539e-01
    6.90079033e-01 -4.18317437e-01 1.44774497e-01 8.48064184e-01
    -7.74593174e-01 1.60071075e+00 1.07372701e+00 1.31931865e+00
    -3.47131252e-01 1.32697296e+00 1.18279159e-01 2.46822298e-01
    1.53607738e+00 7.56884217e-01 1.25284934e+00 1.01083922e+00
    8.24700475e-01 7.71626115e-01 -1.15006149e-01 8.73699903e-01
    -6.73919797e-01 7.66380727e-01 8.90405774e-02 4.59492326e-01
    1.48411536e+00 -4.23788816e-01 1.38711762e+00 1.66164780e+00
    -7.85302103e-01 3.93351793e-01 8.51766706e-01 1.62527823e+00
    1.62535858e+00 1.24633253e+00 -6.89905703e-01 -8.09362590e-01
    1.56814396e-01 7.79142320e-01 1.58110929e+00 -5.30901909e-01
    6.16903722e-01 6.64542794e-01 1.37703848e+00 1.61976457e+00
    -1.33571506e-01 -7.10657954e-01 -5.82410097e-01 1.55018044e+00
    1.43816340e+00 -2.88171172e-01 8.20656061e-01 -2.14692056e-01
    -5.89729607e-01 -5.79930842e-01 -6.57205939e-01 1.50783086e+00
    2.33114779e-01 4.12507474e-01 -5.44007719e-01 1.80596614e+00
    2.28525639e-01 1.68888772e+00 4.84404862e-01 5.32097161e-01
    1.80697012e+00 1.60355151e-01 -1.28519893e-01 -2.26243615e-01
    -2.00170279e-02 -5.80011070e-01 3.68752360e-01 1.97226226e-01
    -3.55571508e-01 -5.29087186e-01 1.20427227e+00 1.02631474e+00
    1.37538135e+00 1.35909843e+00 -4.53472376e-01 1.65138900e-01
    -5.26476502e-02 2.66755462e-01 1.02225292e+00 1.25322223e+00
    1.41837788e+00 1.60190403e+00 -7.01674461e-01 -6.50123596e-01
    6.70097351e-01 1.53711271e+00 -6.77879870e-01 1.34987330e+00
    1.26396751e+00 1.13731229e+00 -5.42891860e-01 -4.90157664e-01
    -3.20166945e-01 1.51151431e+00 -7.06228375e-01 -2.25862622e-01
    1.37030745e+00 -7.53588498e-01 1.05468166e+00 2.91017890e-01
    8.84737492e-01 1.26087224e+00 -5.37458956e-01 -7.28083730e-01
    -6.91105306e-01 1.41194785e+00 -2.92535782e-01 2.54117906e-01
    1.73033082e+00 1.50527143e+00 -2.54511535e-01 -2.59430766e-01
    1.60778892e+00 1.52002275e+00 -7.53778756e-01 6.73931181e-01
    -4.33733225e-01 -7.25492954e-01 1.51839435e+00 3.34481597e-01
    5.03986299e-01 1.28230691e+00 -1.06560409e-01 1.69972777e+00
    9.69105542e-01 -7.45080531e-01 -9.40237641e-02 -1.16331935e-01
    1.04288888e+00 5.01939178e-01 1.52419865e+00 5.66351414e-01
    1.27218056e+00 -6.95858896e-01 1.69101202e+00 1.45347857e+00
    -4.72341895e-01 1.60943151e-01 -1.87489390e-01 7.53483176e-02
    1.64015388e+00 1.66118407e+00 1.27373743e+00 1.06182075e+00
    -6.57343566e-01 5.19434988e-01 -9.00704265e-02 -7.33739734e-01
    1.68087673e+00 -6.92417622e-01 6.09704196e-01 6.87237799e-01
    1.13111162e+00 -7.01801300e-01 2.64349103e-01 3.53741109e-01
    -7.81704247e-01 1.66090620e+00 9.23359036e-01 1.06048346e-01
    -8.70954216e-01 -1.40862465e-02 1.62879395e+00 8.62087965e-01
    1.40612221e+00 -1.96036816e-01 -1.66631937e-01 1.67642820e+00
    -3.54946464e-01 -4.23984021e-01 1.21177220e+00 1.40038443e+00
    1.12659621e+00 5.83523452e-01 1.44567001e+00 1.32492363e-01
    1.11287439e+00 5.60670793e-01 4.36065614e-01 -4.82303888e-01
    -1.54161274e-01 9.29808140e-01 1.29919505e+00 7.16751814e-02
    5.48702598e-01 4.58755970e-01 -8.45329165e-01 1.51938736e+00
    7.62010098e-01 1.12181950e+00 1.65353525e+00 1.57559133e+00
    1.48111439e+00 1.36780488e+00 -3.86426717e-01 9.60080624e-02
    -4.03781444e-01 1.15897191e+00 9.20418441e-01 1.17278934e+00
    1.71856737e+00 -5.24787247e-01 -3.45627844e-01 -9.47437286e-02
    -1.43688679e-01 1.59823215e+00 9.52153683e-01 7.91763663e-02
    -7.21486688e-01 1.50526762e+00 -1.54535353e-01 9.77891445e-01
    1.15810776e+00 1.41237473e+00 1.60121179e+00 1.38962448e+00
    2.91241944e-01 7.59668171e-01 -4.24291611e-01 1.07902861e+00
    -4.76438582e-01 1.29500389e+00 1.58250546e+00 3.81258726e-01
    2.86824107e-01 2.60216117e-01 1.54253173e+00 -1.89564645e-01
    -2.24985629e-01 -5.04493773e-01 1.23948920e+00 6.79521084e-01
    4.57962751e-01 5.10951877e-02 9.45946574e-02 7.75797844e-01
    -3.28117013e-02 -5.87454915e-01 5.94049633e-01 1.35317087e+00
    -7.92610049e-02 -1.01391554e-01 7.85913706e-01 -2.99406528e-01
    1.46750903e+00 1.24986863e+00 -5.97586930e-01 1.57646680e+00
    9.80440497e-01 6.01653695e-01 1.15532374e+00 1.10087180e+00
    7.83433914e-01 1.55543447e-01 1.45554805e+00 -7.96277702e-01
    1.49645746e-01 1.67909253e+00 -2.45858788e-01 -4.74768937e-01
    7.41578341e-01 -1.63531899e-01 6.26662016e-01 7.06775784e-01
    8.36247444e-01 1.43557692e+00 -3.17861497e-01 7.25707650e-01
    1.26600266e-01 -4.71926063e-01 1.01553023e+00 1.67005396e+00
    6.68637991e-01 9.80264843e-01 1.17335737e+00 2.59605348e-01
    -1.61657929e-01 5.82072496e-01 7.70920873e-01 -6.21961236e-01
    7.97777414e-01 5.54445326e-01 1.61706209e-01 1.18137622e+00
    7.04081535e-01 -7.09077597e-01 -3.24305475e-01 1.77596033e+00
    1.67597866e+00 1.03830111e+00 6.63399994e-01 1.71101654e+00
    1.08315730e+00 1.47594273e+00 4.67827797e-01 1.71464348e+00
    1.39791107e+00 1.57448053e-02 3.38865340e-01 1.06789315e+00
    1.46243644e+00 -2.86567390e-01 1.19106448e+00 3.90132129e-01
    1.43352711e+00 4.36024666e-01 2.52636790e-01 -2.51949936e-01
    5.86653948e-01 2.63931930e-01 1.74381363e+00 -3.62839907e-01
    2.20585763e-01 8.17671239e-01 -3.80965441e-01 1.10910082e+00
    -2.37423837e-01 8.45538020e-01 -5.10430098e-01 -1.22951686e-01
    1.73221254e+00 1.11712360e+00 7.21916914e-01 2.68575072e-01
    1.25697637e+00 1.48338854e+00 1.71169448e+00 1.69767129e+00
    4.10594165e-01 2.44049788e-01 4.29392159e-01 1.75645041e+00
    9.24113393e-01 6.33530676e-01 -2.59845853e-01 -2.66454756e-01
    8.11681151e-02 9.36455131e-01 -5.99034429e-01 1.76506507e+00
    1.03340149e+00 8.20133090e-01 -6.09574676e-01 1.03776407e+00
    1.69254494e+00 -3.04270744e-01 9.15126204e-01 7.75486588e-01
    1.49438751e+00 9.47064757e-02 6.53823078e-01 1.00868666e+00
    1.77027452e+00 3.85910869e-02 6.41440749e-01 5.33877015e-01
    1.39214611e+00 1.34812284e+00 1.66947305e+00 5.74437022e-01
    6.51178718e-01 -6.32728934e-02 -2.35484898e-01 -5.74607253e-02
    3.88760924e-01 5.62118530e-01 -6.17072403e-01 1.75757885e+00
    -5.45560181e-01 1.48096108e+00 1.60610330e+00 1.29576445e+00
    7.03189373e-02 -1.34344697e-02 1.62250412e+00 1.17903972e+00
    3.93302381e-01 3.98486972e-01 -8.00924003e-01 5.07466614e-01
    1.58665133e+00 1.07581663e+00 -2.36935854e-01 -6.81513548e-03
    1.26273656e+00 1.24723554e+00 7.34351397e-01 -5.06639123e-01
    -3.39704752e-01 -4.13030386e-02 1.12564719e+00 4.47759628e-01
    6.06020808e-01 5.93814254e-02 7.10905194e-02 8.07232797e-01
    1.06025553e+00 1.37860107e+00 1.62178564e+00 5.95630050e-01
    3.25093269e-02 1.59039450e+00 1.48389423e+00 -3.69960606e-01
    1.66900349e+00 1.36200774e+00 1.17681253e+00 8.38817418e-01
    -4.99775618e-01 -4.13893461e-02 9.55173612e-01 1.16311550e-01
    -3.59038949e-01 5.56039989e-01 7.32605219e-01 1.37632287e+00
    1.30758822e+00 -5.09086609e-01 1.32487214e+00 1.95571542e-01
    7.92978346e-01 1.03810287e+00 5.23426533e-01 8.34173560e-01
    -6.17399812e-02 1.12533021e+00 2.07599103e-01 5.15134752e-01
    1.04973006e+00 2.45241404e-01 -9.05316472e-02 1.23751640e-01
    1.41303599e-01 -3.78009647e-01 -7.07495153e-01 1.60385180e+00
    6.70685053e-01 2.74100542e-01 1.65266109e+00 9.63578820e-01
    1.13813317e+00 1.10878336e+00 6.90517187e-01 5.25807381e-01
    1.53840184e-02 1.34975553e+00 5.39079607e-01 7.51835823e-01
    -4.47798371e-02 -6.41221762e-01 1.77245605e+00 1.54843712e+00
    1.49684548e+00 -8.21135581e-01 7.52111733e-01 5.02116919e-01
    -4.31076288e-01 -3.27092409e-02 -5.63163161e-01 -1.01470053e-01
    -4.73486334e-01 1.21333432e+00 -1.43611908e-01 -4.74256843e-01
    1.61173081e+00 1.39497578e-01 2.15159595e-01 -3.86317581e-01
    4.77515697e-01 6.00814581e-01 1.09196997e+00 1.11652941e-01
    2.15874338e+00 -6.52245283e-02 -3.90793115e-01 -1.21810079e-01
    5.29265642e-01 8.04064333e-01 6.61879659e-01 7.71491110e-01
    1.63556266e+00 1.17295980e-02 8.45687389e-02 1.51469481e+00
    -5.58596253e-02 1.12748349e+00 -6.39084399e-01 1.36368036e+00
    -3.85299057e-01 -2.21187234e-01 7.74844885e-02 7.93322146e-01
    1.04727411e+00 -2.79224426e-01 -1.23692513e-01 -5.18768191e-01
    -1.75364673e-01 4.71877992e-01 1.08311176e+00 3.93356562e-01
    9.01662588e-01 1.03806567e+00 1.17459583e+00 -6.91199958e-01
    9.15735483e-01 8.78837109e-01 -3.31434757e-01 9.38641846e-01
    6.00518584e-02 -6.10700250e-01 9.34743226e-01 1.27030659e+00
    1.70541143e+00 1.17554951e+00 6.77730083e-01 -3.39034587e-01
    1.73179507e-01 5.54257929e-01 9.16935444e-01 5.32297969e-01
    -6.60187304e-01 1.62247014e+00 4.98664975e-02 1.01387024e+00
    2.72785544e-01 1.23409474e+00 -2.88447142e-01 1.59812427e+00
    -8.38325381e-01 1.25556457e+00 -4.71936435e-01 9.75829363e-03
    3.08129787e-02 5.13226867e-01 7.37525761e-01 -7.24898994e-01
    1.01231003e+00 1.18342566e+00 7.56324172e-01 -1.93444967e-01
    1.17399955e+00 -6.71383739e-02 1.07818770e+00 6.84635818e-01
    -3.20717454e-01 1.77121747e+00 1.80762351e-01 6.20079041e-02
    5.55306077e-02 4.14906383e-01 1.66131318e-01 3.23388219e-01
    7.42687225e-01 1.23703158e+00 5.78076661e-01 6.12484872e-01
    1.66110158e-01 1.02699006e+00 1.51077116e+00 -5.67753851e-01
    5.07010639e-01 3.08714926e-01 5.73511004e-01 4.99659836e-01
    1.71841216e+00 1.46715844e+00 -4.35563713e-01 2.83548892e-01
    1.10326397e+00 -9.12685394e-02 1.74465704e+00 -4.79332179e-01
    1.67205834e+00 7.89075851e-01 3.80562961e-01 4.96191561e-01
    -4.53627408e-01 1.13258648e+00 1.09898639e+00 1.44947469e-01
    -2.01287568e-01 5.84570706e-01 -1.83226883e-01 2.60260522e-01
    1.13789344e+00 1.59104037e+00 -6.87100887e-01 1.83972120e-02
    1.55899787e+00 1.04765582e+00 4.21586990e-01 -3.49838138e-01
    9.65796649e-01 9.94039178e-02 4.11838293e-01 -5.80789864e-01
    5.68716764e-01 1.08274937e+00 -3.74347031e-01 1.02986383e+00
    7.14888752e-01 -8.49312425e-01 2.35838473e-01 1.53179801e+00
    -4.35771585e-01 6.84441924e-01 1.15320849e+00 1.69914842e-01
    -4.55307215e-01 1.23357582e+00 1.19410193e+00 -1.54589176e-01
    1.11819983e+00 2.39581943e-01 1.27520287e+00 1.19103503e+00
    8.25792789e-01 -4.75250930e-01 -2.41651267e-01 1.34987617e+00
    -4.80944872e-01 5.03027856e-01 2.67514586e-01 -4.51663971e-01
    1.31645977e+00 2.20741391e-01 9.70069766e-02 -3.39262366e-01
    -4.50530976e-01 1.15566981e+00 -3.30482781e-01 1.07569289e+00
    -1.39751434e-02 -4.89758641e-01 1.67896092e+00 7.08655715e-01
    -2.22174585e-01 -4.50246692e-01 2.76918471e-01 1.65880609e+00
    1.18860221e+00 -7.12330163e-01 4.02927399e-04 1.31975424e+00
    6.11456275e-01 -2.78924942e-01 1.61270738e+00 1.50956523e+00
    8.58789682e-03 1.51142931e+00 1.56365347e+00 9.91260231e-01
    1.52922118e+00 1.13325191e+00 -7.08216369e-01 5.22007346e-02
    -4.65277195e-01 -5.61291814e-01 -3.59477013e-01 1.16481495e+00
    2.63399601e-01 8.44898760e-01 -2.86833644e-01 3.77162278e-01
    -4.71576005e-01 1.07091546e+00 6.45451725e-01 1.27267456e+00
    1.14589727e+00 8.07523966e-01 -1.52655721e-01 6.04951084e-01
    1.10414195e+00 1.02031732e+00 -8.28718185e-01 9.01508331e-03
    1.23217010e+00 1.31634140e+00 1.32622683e+00 -5.94466209e-01
    6.27471983e-01 1.20075560e+00 -1.46053731e-01 2.39377916e-01
    2.02730238e-01 1.34814072e+00 -1.49311662e-01 8.18789065e-01
    3.44410896e-01 8.82776558e-01 9.57141876e-01 9.53927636e-02
    -1.63051307e-01 1.32956350e+00 1.13169420e+00 3.50972414e-01
    4.48888183e-01 1.26843393e+00 8.92547369e-01 1.36625576e+00
    9.60722625e-01 5.86005390e-01 1.11352146e+00 1.68575442e+00
    1.47714889e+00 6.67968273e-01 -6.12380981e-01 -6.65738821e-01
    1.11360574e+00 1.07587528e+00 1.30751538e+00 -2.22696662e-02
    1.66668761e+00 1.73927236e+00 1.90581262e-01 1.53884196e+00
    1.22550118e+00 1.20115328e+00 2.96918750e-01 4.92067456e-01
    -4.38449532e-01 5.62266707e-01 1.09551001e+00 1.30309534e+00
    7.74966955e-01 -2.68178731e-01 1.74100399e-01 7.95730889e-01
    1.69598126e+00 -4.39410865e-01 3.81181240e-02 1.54095018e+00
    7.23112106e-01 1.63797140e+00 -2.32394457e-01 1.02107668e+00
    1.04681695e+00 5.08555770e-02 1.17502451e-01 4.62129056e-01
    -5.63363135e-01 9.95200098e-01 1.12486517e+00 1.19960189e+00
    1.98485255e-02 1.46930861e+00 6.71249449e-01 5.20095289e-01
    1.03745544e+00 1.40398264e-01 -4.37660277e-01 1.53628051e-01
    1.35266507e+00 2.38303304e-01 1.28550422e+00 6.04200780e-01
    1.50306606e+00 -2.81903148e-02 3.25515568e-01 1.06799126e-01
    1.92777753e-01 -8.22394192e-01 -5.84184766e-01 9.25742149e-01
    -7.49428272e-02 8.48400295e-01 8.55547667e-01 1.10729384e+00
    1.07655847e+00 1.60183215e+00 1.29952490e-01 5.91093600e-01
    4.57740307e-01 -1.99373186e-01 1.27044344e+00 5.00024676e-01
    2.64376938e-01 9.14330006e-01 -6.37912571e-01 -7.33851790e-02
    3.24644685e-01 1.16960144e+00 1.59346688e+00 4.70640421e-01
    6.64915681e-01 1.21053433e+00 -3.74931991e-01 1.55365646e+00
    1.67175829e+00 7.74344981e-01 1.55150032e+00 1.50668871e+00
    3.31503928e-01 3.36754739e-01 1.24863648e+00 1.16083860e+00
    1.02808762e+00 1.32463181e+00 2.51140237e-01 1.78285027e+00
    -1.45421088e-01 1.15370154e+00 4.18612599e-01 -4.33796048e-02
    -3.79000634e-01 1.36219883e+00 4.81730700e-02 1.27811086e+00
    1.58520043e-01 1.37768567e-01 6.33967161e-01 9.92043495e-01
    1.49129212e+00 -4.47393626e-01 6.50237203e-02 4.85045314e-02
    -4.37810659e-01 9.23402309e-01 1.40881014e+00 1.30070043e+00
    1.07976496e+00 1.10381961e+00 -5.62612772e-01 -7.14176893e-01
    -4.74636883e-01 4.12461877e-01 1.34399068e+00 1.44564533e+00
    5.70096433e-01 -1.62765503e-01 1.10044098e+00 5.02296925e-01
    -7.14109719e-01 1.46331882e+00 1.10447788e+00 -3.80358815e-01
    -5.24975538e-01 1.64940381e+00 1.67957556e+00 7.86498427e-01
    1.01235723e+00 -7.33854115e-01 -2.67652750e-01 -3.31982464e-01
    1.64872468e-01 4.29558873e-01 1.12720442e+00 -3.11752498e-01
    3.36648583e-01 4.23029900e-01 -3.16291988e-01 -5.74048400e-01
    7.14529276e-01 -2.37706304e-01 1.20265388e+00 8.37913454e-01
    -1.89096510e-01 1.58247101e+00 6.82318211e-02 7.23714292e-01
    1.36623371e+00 4.07670379e-01 -1.83634162e-02 -6.17814064e-01
    5.40881991e-01 1.33424330e+00 2.20168948e-01 1.32834756e+00
    4.90285039e-01 1.30542254e+00 7.40988851e-02 1.43303609e+00
    4.73753810e-01 1.32206357e+00 1.14053786e+00 -6.14310205e-01
    -1.48225427e-02 5.08426130e-01 1.61133528e+00 8.40221882e-01
    -6.52729154e-01 -1.16735280e-01 1.28023887e+00 -7.45211184e-01
    8.98525238e-01 8.66076112e-01 1.21956456e+00 7.81252563e-01
    1.65973127e+00 4.35711503e-01 1.08281887e+00 1.64182019e+00
    -9.23455358e-02 1.47191620e+00 1.68534040e-01 -7.04885483e-01
    9.29084122e-01 9.33947206e-01 -5.12615681e-01 6.73082411e-01
    1.14300179e+00 1.43555176e+00 -3.53084803e-02 -7.24706411e-01
    -4.71224219e-01 -2.82487661e-01 1.22998202e+00 -3.87307823e-01
    6.38392746e-01 5.48215270e-01 2.82598734e-02 9.91873145e-01
    -3.48205566e-02 9.96571660e-01 1.73922288e+00 6.34639382e-01
    -7.35262156e-01 7.62948275e-01 9.30642486e-02 1.04655993e+00
    6.55334771e-01 8.88569415e-01 1.45942926e+00 5.97300828e-01
    1.30546999e+00 1.45801950e+00 1.48104262e+00 -1.93547368e-01
    6.76532388e-02 7.78079033e-04 1.03885281e+00 -1.34606600e-01
    1.64594197e+00 -9.83709097e-03 1.32622313e+00 -4.40778196e-01
    5.65123379e-01 -6.31449819e-02 1.55419707e+00 9.78642642e-01
    9.49924231e-01 1.79249704e-01 -7.18025088e-01 -5.37165225e-01
    1.31681716e+00 1.47879767e+00 3.52190912e-01 2.34994590e-01
    1.95347667e-01 -6.83009088e-01 1.62708342e+00 -5.84530771e-01
    -4.13922429e-01 1.56799340e+00 1.04153705e+00 1.06957686e+00
    1.52479815e+00 6.60020590e-01 1.67752719e+00 3.08785379e-01
    2.51464248e-01 -4.62613851e-01 5.45945406e-01 -4.61666584e-02
    -2.65134573e-02 1.50569212e+00 -2.48358727e-01 1.44956529e+00
    -2.93144882e-01 -7.44842708e-01 -2.38626122e-01 1.12803400e+00
    -5.89833677e-01 1.78235340e+00 5.35188377e-01 1.30654788e+00
    1.86511755e-01 7.16201901e-01 1.13112903e+00 -1.19546890e-01
    1.17540514e+00 1.07584643e+00 -3.59300911e-01 4.92147446e-01
    6.65844083e-02 6.04978800e-01 4.00585294e-01 1.00495815e+00
    4.90749002e-01 1.44441330e+00 9.12546337e-01 2.82951117e-01
    1.82906032e-01 -6.08485341e-02 1.03704786e+00 3.59083891e-01
    -7.91420937e-02 -3.71690989e-02 4.34701443e-02 -7.11950958e-01
    1.36463785e+00 -1.39277577e-02 2.53178000e-01 1.42999136e+00
    4.38119173e-01 -6.92266822e-01 -5.44715524e-01 -1.09586298e-01
    2.04519451e-01 6.68868124e-01 1.52123463e+00 1.18358493e-01
    -1.18335128e-01 -7.83791900e-01 1.51093316e+00 -5.09740829e-01
    -2.48790979e-02 8.70053291e-01 5.53324401e-01 1.00471318e+00
    -2.24887013e-01 -8.00408125e-01 -3.11061680e-01 5.99050283e-01
    1.07745016e+00 -1.86783493e-01 -3.05630088e-01 3.56911302e-01
    2.50640750e-01 2.44754791e-01 3.54867041e-01 1.73435366e+00
    1.05971658e+00 -4.58696812e-01 -6.66393578e-01 5.42914808e-01
    -7.04559445e-01 4.18679714e-01 -3.14295530e-01 1.70874715e+00
    -5.53867161e-01 1.68221474e-01 9.99697030e-01 9.29744363e-01
    2.55301416e-01 -8.20628405e-01 -4.47161019e-01 -4.35708165e-02
    1.18607211e+00 -1.73338830e-01 8.09485137e-01 -4.79846179e-01
    -5.75709343e-01 -1.51031613e-01 8.29616070e-01 -2.73841769e-01
    6.02014065e-02 1.00385618e+00 -6.55398607e-01 7.41189301e-01
    5.06410480e-01 3.50491643e-01 1.74449563e-01 -2.52718568e-01
    -4.81022149e-01 6.59908354e-01 6.04117393e-01 1.08636677e-01
    -7.44658113e-02 3.30230474e-01 -4.10367131e-01 -1.63890421e-01
    6.62548304e-01 4.10466254e-01 -5.40346026e-01 9.37507153e-01
    -3.53549987e-01 1.18706179e+00 5.03310263e-01 3.68528366e-01
    -4.11663741e-01 7.84354687e-01 1.61669612e+00 5.71028948e-01
    1.39385736e+00 5.92436671e-01 -6.26964271e-01 8.06162596e-01
    1.45354712e+00 -3.19362849e-01 1.14308119e-01 -7.42188394e-01
    2.36150920e-01 6.37542248e-01 1.23346829e+00 9.12171245e-01
    1.74779379e+00 -4.89842027e-01 -4.62527215e-01 -3.12050462e-01
    1.58068764e+00 6.48466349e-01 -4.66755033e-02 1.01855123e+00
    9.48693752e-01 4.71276164e-01 1.01950371e+00 1.34373963e+00
    6.57492340e-01 8.20673943e-01 2.15101004e-01 9.05902386e-01
    1.15319705e+00 1.45722985e+00 3.38301063e-01 1.14490294e+00
    3.44303250e-01 1.04808021e+00 5.96835136e-01 -4.26554680e-03
    2.62048721e-01 9.05762017e-01 2.97937036e-01 1.08253694e+00
    1.59879577e+00 8.36547196e-01 -6.93747759e-01 1.04369068e+00
    5.09347796e-01 1.23432159e-01 -8.26852322e-02 3.85444164e-02
    1.42128289e-01 3.05142105e-01 9.29087400e-03 -2.50583470e-01
    1.23853230e+00 1.38079858e+00 3.74842107e-01 1.67301798e+00
    1.48367822e+00 7.76544511e-01 1.14945197e+00 5.97259998e-01
    -6.76764011e-01 2.41056383e-01 2.31664598e-01 6.53861284e-01
    1.16298234e+00 1.39085257e+00 1.33934033e+00 -1.25556767e-01
    -3.14518422e-01 7.47564912e-01 -7.97693729e-02 1.52679861e+00
    -4.62091953e-01 3.96268964e-02 1.14388680e+00 1.77832758e+00
    9.60530102e-01 -4.96637642e-01 -4.66816425e-02 1.92663670e-02
    -7.21456349e-01 1.57710671e+00 5.71583807e-01 3.52046490e-01
    1.24427533e+00 1.24726605e+00 4.22946930e-01 1.20034492e+00
    -6.13759995e-01 1.20521450e+00 4.99216080e-01 1.77284050e+00
    1.70259237e-01 7.75871754e-01 -2.89210796e-01 2.82384813e-01
    -2.27889299e-01 -1.26109958e-01 3.64601016e-01 -1.03958309e-01
    7.86303282e-01 -7.22508788e-01 1.01937878e+00 -6.95821047e-01
    1.18010283e+00 7.52448440e-02 2.42050886e-02 -4.58692312e-02
    -4.97173786e-01 1.09834957e+00 -7.23468721e-01 1.29148626e+00
    3.17160606e-01 -4.30042744e-02 1.06299579e+00 1.60053778e+00
    1.23452008e+00 2.55082011e-01 3.80118310e-01 6.72576308e-01
    1.25234067e+00 -4.63304579e-01 1.58956885e-01 6.37402296e-01
    -1.51632488e-01 -1.67421043e-01 1.31874442e-01 -8.86913061e-01
    -1.12307549e-01 -4.11885858e-01 5.87067425e-01 7.04857409e-01
    -6.82518899e-01 3.56208920e-01 -6.44050002e-01 1.29307544e+00
    3.21036398e-01 1.02456009e+00 2.08149433e-01 1.69704854e+00
    1.69305968e+00 -3.91607344e-01 1.34673977e+00 5.54079950e-01
    -4.40897673e-01 1.09199655e+00 1.19190860e+00 7.84689665e-01
    -5.69575071e-01 1.44131303e+00 1.36805713e+00 -2.49123693e-01
    -2.33594120e-01 1.15831316e+00 1.58638060e+00 9.88295376e-01
    1.29506755e+00 1.97098911e-01 6.87395334e-01 -6.95605814e-01
    -3.91220808e-01 -1.37147903e-02 1.65246296e+00 1.47493529e+00
    9.58409190e-01 8.80253196e-01 -5.58449745e-01 1.07735705e+00
    3.03368092e-01 8.78689170e-01 1.43649948e+00 -7.18734205e-01
    -2.21360326e-02 -2.56024212e-01 7.02607036e-02 -1.94751501e-01
    4.50410068e-01 9.98320162e-01 4.83047068e-01 1.00923598e+00
    1.16626477e+00 9.11240637e-01 -4.69686985e-01 1.23256564e+00
    7.79819667e-01 -6.92190707e-01 -8.39247584e-01 1.40279186e+00
    1.66866612e+00 8.69474411e-01 8.79604459e-01 5.94673693e-01
    1.43511915e+00 7.28322506e-01 1.34901857e+00 2.96577692e-01
    2.49131322e-02 6.10775232e-01 1.42446923e+00 1.29174066e+00
    1.43784356e+00 5.82134247e-01 3.40310454e-01 1.74203026e+00
    -2.82389045e-01 1.23752403e+00 -1.15307808e-01 -1.10524893e-01
    1.57720101e+00 2.33877778e-01 4.59714115e-01 5.07359445e-01
    6.72959566e-01 7.58239031e-01 1.63319194e+00 1.34611464e+00
    8.73509109e-01 4.63044345e-01 -7.73439825e-01 8.52465034e-01
    -7.87121415e-01 1.07165599e+00 -4.36323285e-01 -8.00457597e-02
    1.28263545e+00 1.41089201e+00 1.71824157e-01 -4.16553587e-01
    -6.14265323e-01 1.50217330e+00 1.41434193e-01 -4.57726449e-01
    9.67600822e-01 3.90251696e-01 1.62916064e-01 1.50893354e+00
    1.29190052e+00 8.18488181e-01 6.24609232e-01 2.04325795e-01
    5.88685274e-03 4.66353774e-01 -7.01843500e-02 1.43941140e+00
    -4.13891047e-01 6.03838265e-01 5.74293017e-01 1.65399146e+00
    1.42989802e+00 -7.19144702e-01 -3.76294792e-01 4.62768674e-01
    1.85738206e-02 3.88734341e-02 -7.96217263e-01 3.77289414e-01
    1.37564826e+00 1.01910138e+00 1.51927352e+00 5.80919862e-01
    1.38866246e+00 1.31201243e+00 4.07517672e-01 1.78298938e+00
    -1.68232322e-01 9.98317599e-02 4.97015834e-01 8.95783305e-02
    1.57942760e+00 8.64777029e-01 -4.21290755e-01 -6.33396447e-01
    -4.98988628e-02 -4.90906537e-01 1.24714851e-01 -5.85335970e-01
    1.66761529e+00 6.72369838e-01 1.65480757e+00 8.96449447e-01
    5.67856967e-01 1.48579228e+00 1.25442731e+00 4.46708083e-01
    1.35081756e+00 -2.28469074e-01 -2.71749556e-01 2.35336363e-01
    1.70723283e+00 3.84057999e-01 1.75961280e+00 1.28613055e+00
    4.75067616e-01 7.04533339e-01 4.65989292e-01 1.15879834e-01
    1.07401550e+00 1.22268462e+00 1.32925892e+00 1.61080718e+00
    -8.03488970e-01 -2.35698462e-01 9.73674357e-01 1.29389167e+00
    6.16158843e-01 1.50487542e+00 -3.57440025e-01 9.58714008e-01
    1.47072911e-01 1.45279849e+00 1.58171833e-01 1.24710655e+00
    2.43846238e-01 4.40845847e-01 -5.77620149e-01 2.59404838e-01
    -7.06389070e-01 -7.39739716e-01 1.18278027e+00 2.72293687e-01
    7.26159811e-02 1.01903415e+00 8.36761594e-02 8.26578140e-01
    6.57629967e-02 1.48022592e+00 -5.38640380e-01 -6.97394729e-01
    1.36775994e+00 2.63878882e-01 7.08978534e-01 -5.55089951e-01
    8.47931743e-01 3.70935798e-01 5.09979010e-01 3.39126468e-01
    1.54476571e+00 1.35596335e+00 -4.65325266e-01 7.20884681e-01
    2.95980453e-01 8.52221549e-01 2.56844819e-01 1.16789699e-01
    6.28891945e-01 6.22078478e-01 -4.89738584e-02 1.05874181e+00
    -3.87032837e-01 7.51322091e-01 1.02301192e+00 -7.39106536e-02
    -5.47241747e-01 -4.68309641e-01 8.60589802e-01 1.47816491e+00
    -1.88243568e-01 9.44629550e-01 1.72635496e+00 1.53533673e+00
    8.94206285e-01 8.84682000e-01 1.14211857e-01 -2.50521839e-01
    -7.44850814e-01 9.50409472e-01 -4.52445209e-01 -4.80878115e-01
    1.34608233e+00 1.45499611e+00 -6.92070246e-01 1.25313199e+00
    1.51272213e+00 -8.10619414e-01 1.68951821e+00 5.04655242e-01
    1.01121843e+00 1.24174428e+00 7.35955834e-02 1.49400318e+00
    1.18026209e+00 7.42612123e-01 8.89555752e-01 7.18235970e-05
    -3.20503712e-02 9.61714447e-01 4.99378264e-01 -4.58608717e-01
    3.72988462e-01 -3.94272715e-01 5.18674254e-01 1.78056192e+00
    1.61229372e+00 9.63277817e-02 1.39101112e+00 1.11931789e+00
    1.79965377e-01 -5.90189695e-01 8.30698133e-01 1.04301393e+00
    3.44003558e-01 -1.06994152e-01 2.76511729e-01 4.72576737e-01
    -1.44368649e-01 1.13055229e+00 9.87261713e-01 9.69449401e-01
    8.21230352e-01 1.71454740e+00 -4.55592483e-01 1.42263293e+00
    8.44150126e-01 8.81500125e-01 -2.88950801e-02 1.26596880e+00
    -7.94436932e-02 5.75811982e-01 5.79698026e-01 -5.07511497e-01
    1.59196293e+00 4.12187934e-01 1.38930023e+00 1.34528434e+00
    1.50641346e+00 -7.21610129e-01 1.63963711e+00 6.12380505e-01
    1.57983601e+00 2.60340691e-01 3.84880722e-01 4.62436020e-01
    9.88407850e-01 1.60488510e+00 1.22250247e+00 -6.76826298e-01
    3.23823512e-01 3.50882053e-01 1.95336223e-01 -4.81213897e-01
    1.60373521e+00 1.22101510e+00 1.19949055e+00 1.28567076e+00
    1.59499025e+00 1.12818730e+00 8.79834175e-01 -6.24675632e-01
    1.16901183e+00 1.31267238e+00 1.13611102e+00 1.87825322e-01
    3.26388478e-01 -6.95089519e-01 -3.46183568e-01 6.06198013e-01
    -2.56304264e-01 1.42952847e+00 1.30703974e+00 5.99527478e-01
    -5.58690429e-01 -6.25622988e-01 1.22384167e+00 2.64213800e-01
    8.47122014e-01 9.27383125e-01 -6.59845948e-01 7.72833586e-01
    5.07597625e-01 7.51840711e-01 1.23569798e+00 -2.44544089e-01
    1.20204496e+00 5.17203212e-02 1.40033603e+00 1.25780487e+00
    6.18669927e-01 -2.14680016e-01 7.94325769e-01 -3.57529134e-01
    -2.89872915e-01 -4.05051559e-01 9.74518478e-01 6.40201390e-01
    -6.56904638e-01 7.04711556e-01 -1.04475498e-01 6.70309126e-01
    -2.76627779e-01 7.74991870e-01 -3.32705319e-01 -4.55761552e-02
    1.60329580e-01 -7.15467155e-01 -1.35022819e-01 1.03268731e+00
    1.04201829e+00 9.99845088e-01 -4.44649071e-01 1.26786005e+00
    -5.54955840e-01 -5.19492149e-01 8.15910101e-03 6.98042035e-01
    1.34127820e+00 1.11330628e+00 2.11787403e-01 1.63338780e-01
    1.39191329e+00 1.65370488e+00 1.91386640e-01 2.55467355e-01
    6.03519678e-02 8.63503098e-01 -3.65680188e-01 4.81253684e-01
    5.37745535e-01 -6.85740054e-01 1.69666815e+00 2.00183034e-01
    1.59060848e+00 -5.94872534e-01 -5.72151065e-01 1.31025505e+00
    3.81088257e-02 1.46218181e-01 -3.22166145e-01 -2.65648365e-01
    1.84035301e+00 1.27474904e+00 -2.09177732e-01 1.76673102e+00
    -4.07475829e-02 1.58151698e+00 2.33865678e-01 1.47176242e+00
    -3.53698492e-01 5.68084717e-01 1.55352461e+00 8.13381672e-02
    4.67969239e-01 -3.01038682e-01 -3.90848637e-01 -4.67920810e-01
    1.02855718e+00 -4.73982096e-02 -2.09116280e-01 -3.85881990e-01
    -6.27831876e-01 1.00443268e+00 -4.29606974e-01 -2.99754143e-02
    8.29700291e-01 -7.97901750e-01 2.29128957e-01 7.22792506e-01
    1.61702037e+00 -4.63543504e-01 4.55380619e-01 1.05499446e-01
    -7.33249068e-01 4.65656042e-01 1.12932658e+00 -5.12690008e-01
    -8.27944577e-01 -6.14431262e-01 6.30493999e-01 1.30239320e+00
    1.43180144e+00 -4.82048810e-01 9.78457093e-01 1.50687468e+00
    1.03747821e+00 1.48314786e+00 2.14843929e-01 9.74038005e-01
    4.07492340e-01 8.36970925e-01 6.22162580e-01 -4.25374925e-01
    1.52453554e+00 1.13437438e+00 1.64283013e+00 3.90324831e-01
    1.40540481e+00 -5.86664677e-03 -5.36807060e-01 1.80201864e+00
    -4.34842229e-01 8.16274822e-01 1.55296695e+00 -6.78747118e-01
    -3.51903826e-01 1.04334927e+00 3.34303498e-01 5.16744852e-02
    6.16416931e-01 -1.57375157e-01 -2.74761587e-01 -6.22425973e-01
    8.65990341e-01 -2.83019066e-01 -6.62790656e-01 1.22646141e+00
    5.13623238e-01 8.44120562e-01 1.78433776e+00 1.06570017e+00
    -4.06759828e-01 7.34412074e-02 1.45514929e+00 9.64503109e-01
    -2.57232785e-01 1.14881158e+00 -2.86166549e-01 -3.86454523e-01
    1.50557911e+00 1.31489599e+00 -3.07624757e-01 1.76097357e+00
    1.06805563e+00 6.60908937e-01 3.36805463e-01 -2.97129154e-01
    7.10351944e-01 1.14195228e+00 1.10000503e+00 -5.77580929e-01
    -3.70493829e-01 5.63881814e-01 -7.76552379e-01 1.74389350e+00
    -6.94718421e-01 3.09123933e-01 1.51737046e+00 4.67409134e-01
    1.44789946e+00 7.26100028e-01 5.49197793e-01 4.29897726e-01
    -8.10573578e-01 -2.38090873e-01 3.30256581e-01 8.92197311e-01
    8.41684043e-01 -3.22023243e-01 7.69684434e-01 8.27758372e-01
    -7.71145463e-01 1.74445033e-01 8.20550978e-01 -1.41581714e-01
    1.23696017e+00 1.70695782e+00 -1.85589671e-01 2.45683134e-01
    2.75689363e-01 1.82482123e+00 -7.28788376e-01 1.29554665e+00
    -3.50302458e-01 9.66896832e-01 4.71964598e-01 1.57360291e+00
    1.71156073e+00 8.78793120e-01 1.49509585e+00 -4.17954981e-01
    6.31690741e-01 1.08787489e+00 1.37935638e+00 -3.65826786e-01
    1.38533449e+00 -3.31305146e-01 7.95344353e-01 1.50173640e+00
    -2.12312400e-01 1.46739995e+00 2.99043536e-01 -6.15128756e-01
    6.61909461e-01 6.99025512e-01 -2.53403902e-01 -1.64124787e-01
    -2.95784056e-01 -1.69507265e-01 1.57148409e+00 1.72918379e+00
    -5.06463647e-02 6.93421125e-01 1.46516526e+00 -6.09102726e-01
    -6.95196867e-01 1.14839351e+00 8.93630922e-01 -5.96734822e-01
    9.97134984e-01 -8.71299267e-01 8.30640256e-01 1.21949732e+00
    1.40157044e+00 1.05165982e+00 4.47985530e-01 -1.42158568e-01
    1.48514080e+00 1.42951775e+00 9.92992878e-01 8.48471642e-01
    5.23973227e-01 1.55258119e-01 4.85160768e-01 5.39310694e-01
    5.19523859e-01 -6.63480759e-02 6.05525374e-01 1.59475207e-01
    1.44211531e+00 -4.31819290e-01 -5.37567735e-02 8.01293969e-01
    1.28152609e+00 9.75203753e-01 1.25743198e+00 -4.58123177e-01
    1.20904982e+00 -4.45659965e-01 8.30228031e-01 4.65965569e-01
    6.83091521e-01 1.64609754e+00 5.87601364e-01 1.38613462e+00
    1.21263313e+00 -5.15929580e-01 -6.62522078e-01 1.17974901e+00
    -5.20711243e-01 8.25739503e-01 1.78604054e+00 4.12948072e-01
    2.11478829e-01 -9.73619819e-02 -1.01902783e-01 7.65540123e-01
    1.44699967e+00 1.55368435e+00 1.19670153e+00 1.69163454e+00
    6.63291156e-01 -5.79978466e-01 1.27570093e+00 1.22843742e-01
    6.29184246e-02 -2.30465293e-01 5.98454475e-03 1.44974518e+00
    3.26729119e-01 1.13885903e+00 2.58745015e-01 -6.76240563e-01
    8.91486228e-01 -6.96631074e-01 1.15524340e+00 1.44156742e+00
    1.50347793e+00 8.38679075e-01 1.70850646e+00 4.27950978e-01
    5.04061699e-01 1.39802039e-01 6.38571620e-01 -4.16989774e-01
    1.24657965e+00 1.41487730e+00 1.40397072e+00 -7.62355864e-01
    -1.83982372e-01 4.00804222e-01 1.45811880e+00 -3.40755314e-01
    3.35936189e-01 4.49874103e-01 -3.61001253e-01 -2.90899307e-01
    6.79558873e-01 1.24333382e+00 2.31654406e-01 1.13073230e+00
    6.87951803e-01 9.82230783e-01 -6.13092661e-01 -1.62060082e-01
    1.12480474e+00 1.61081874e+00 1.72744918e+00 1.13183117e+00
    7.44983792e-01 1.57519197e+00 8.34970474e-01 6.39452100e-01
    2.01710820e-01 5.24580836e-01 4.77139235e-01 3.46439958e-01
    7.94917345e-01 4.90108013e-01 2.28760183e-01 2.22711146e-01
    2.55490780e-01 9.83501971e-01 9.10865724e-01 1.07248569e+00
    1.42391694e+00 4.98003066e-01 2.94201732e-01 1.64037108e-01
    1.25519252e+00 1.68283260e+00 1.03597903e+00 1.22034907e-01
    1.30216515e+00 1.37321317e+00 5.61471462e-01 9.06128347e-01
    -6.57836616e-01 1.18326855e+00 1.73437345e+00 -2.91098356e-01
    1.51544702e+00 5.91606259e-01 1.09022760e+00 -2.78854370e-01
    6.55930817e-01 -3.44605535e-01 2.36655176e-01 1.15343499e+00
    6.72451854e-02 -6.65115535e-01 5.25709391e-02 1.63392973e+00
    3.63563895e-02 6.41421199e-01 -2.66543299e-01 1.15174329e+00
    3.33934188e-01 7.39453077e-01 -4.86718565e-01 1.86111498e+00
    -5.53895772e-01 -5.49846351e-01 1.22311163e+00 4.46258128e-01
    1.24596357e-01 -7.56164253e-01 3.92320335e-01 4.95894253e-01
    1.24217415e+00 4.56475198e-01 -4.38582927e-01 1.56000721e+00
    -7.07609653e-01 -3.87456506e-01 9.18438733e-01 -5.73163629e-02
    1.58535457e+00 1.66161954e+00 5.19632280e-01 9.05557990e-01
    6.28242195e-01 7.05906868e-01 -2.44082868e-01 1.41418242e+00
    -7.85462976e-01 7.10448623e-01 -3.71054202e-01 1.63120461e+00
    -3.61648858e-01 6.10310256e-01 1.26759207e+00 1.48851907e+00
    6.17499590e-01 1.46125627e+00 -7.94069767e-02 7.26578474e-01
    -5.28529882e-02 8.22676718e-01 4.81221259e-01 -1.29848063e-01
    1.14616752e+00 -7.89947331e-01 6.66766763e-02 -4.31420803e-01
    1.20802462e-01 1.01921904e+00 1.55042601e+00 2.36418128e-01
    1.37692368e+00 1.38676393e+00 1.51499784e+00 1.32941508e+00
    5.67745745e-01 1.27683139e+00 -5.30616462e-01 3.28965008e-01
    1.01030827e+00 7.04099298e-01 4.27225947e-01 -6.10992312e-02
    1.07268441e+00 6.88788056e-01 -4.24657822e-01 1.08684647e+00
    -4.50125992e-01 -5.96512496e-01 -3.48343641e-01 -2.01844156e-01
    1.17188025e+00 9.59682345e-01 -5.13826132e-01 -4.13057208e-02
    4.84077930e-01 7.82283723e-01 1.08367574e+00 1.61769140e+00
    1.90309358e+00 -6.30899072e-01 6.11511052e-01 2.69861758e-01
    1.28263617e+00 1.19871736e-01 2.84293532e-01 -1.90560222e-01
    9.65938926e-01 -7.66474724e-01 1.53650463e+00 3.81451845e-01
    4.34675694e-01 -3.45639050e-01 1.04566216e+00 -2.72629857e-02
    6.50241971e-02 1.33303738e+00 -3.91931534e-02 4.82493579e-01
    1.29047728e+00 -5.77210128e-01 2.59861708e-01 6.05299950e-01
    1.74450076e+00 4.30431247e-01 -7.18748450e-01 -1.65892303e-01
    1.60298645e+00 1.47641301e+00 1.19577301e+00 -5.61812043e-01
    9.56190109e-01 -7.02215552e-01 1.11028695e+00 -4.55473125e-01
    2.91224957e-01 -5.83445370e-01 6.32830024e-01 1.38057959e+00
    1.01225245e+00 9.72168803e-01 -1.81693614e-01 1.29909325e+00
    6.66957259e-01 -5.97548842e-01 1.62325168e+00 1.72896230e+00
    -6.66810751e-01 -7.44045973e-02 1.73021531e+00 1.49112403e+00
    1.36945438e+00 2.93522060e-01 7.81999946e-01 6.26747727e-01
    -5.40243387e-02 3.24505568e-02 -4.40737963e-01 7.82726288e-01
    1.12251818e+00 -2.94331908e-02 -2.80971944e-01 1.36892903e+00
    1.62367535e+00 5.12868404e-01 -4.57393169e-01 1.01853299e+00
    1.27536786e+00 -1.38858974e-01 5.61567426e-01 -2.98959881e-01
    1.09704220e+00 1.12444186e+00 -1.81349039e-01 3.03788900e-01
    1.27376711e+00 -3.36544544e-01 -5.81757486e-01 1.24478936e+00
    3.98336351e-01 -5.21389008e-01 1.33497488e+00 1.12357664e+00
    4.66810286e-01 1.48773193e+00 9.70964432e-01 1.32261157e+00
    3.74036133e-01 1.67601252e+00 9.28806067e-01 2.90802658e-01
    -6.83772326e-01 1.18577468e+00 1.15260386e+00 1.20306587e+00
    8.82487059e-01 -1.11163199e-01 -6.93078518e-01 1.23392797e+00
    -3.86326313e-02 7.09344685e-01 4.54289913e-01 -4.26931232e-01
    5.36649466e-01 1.70234585e+00 3.08769107e-01 1.69895697e+00
    -6.36318386e-01 1.36080766e+00 4.82448518e-01 1.31920624e+00
    -4.86968637e-01 1.62612498e-01 1.34290361e+00 1.87669814e-01
    1.52618742e+00 1.25637436e+00 -4.32270944e-01 1.97418094e-01
    -7.09274173e-01 1.28316700e+00 -8.00327182e-01 -2.94852078e-01
    -7.01607287e-01 2.35027075e-01 -8.07571709e-01 9.05601144e-01
    -6.11605525e-01 9.23750997e-02 1.11793911e+00 1.49322557e+00
    -1.81899846e-01 -1.96535945e-01 1.08660007e+00 -1.65635943e-01
    -2.77204871e-01 -3.17724705e-01 6.96155429e-02 9.27784264e-01
    9.24079359e-01 1.23279071e+00 -1.02471471e-01 1.46281040e+00
    -2.37878084e-01 -3.05216759e-01 9.84031320e-01 6.67827964e-01
    -1.37610197e-01 5.34669638e-01 2.74906158e-02 1.73329306e+00
    1.59673047e+00 1.01805389e+00 -6.35547638e-02 -2.88738906e-01
    1.14947307e+00 1.07044113e+00 3.56718838e-01 -5.39484143e-01
    1.30069172e+00 -4.87752199e-01 -6.14026904e-01 -6.31368995e-01
    1.04946733e+00 1.64290369e+00 1.76791954e+00 1.77076018e+00
    -1.90304995e-01 5.90272069e-01 -5.23141503e-01 1.80193365e+00
    9.53306317e-01 -2.64775753e-01 1.14487028e+00 1.60206342e+00
    -5.81986666e-01 3.40947509e-02 -5.91579020e-01 5.81548393e-01
    3.46130073e-01 4.54566836e-01 4.88492668e-01 5.59524179e-01
    1.30737162e+00 1.52978563e+00 1.63890886e+00 5.15460968e-01
    -5.62620163e-01 1.87324393e+00 6.70372307e-01 1.92177892e-02
    1.43709373e+00 -6.06633544e-01 -5.02293289e-01 -6.58451200e-01
    1.05715454e-01 6.15730286e-02 -5.47358274e-01 4.45117354e-02
    -2.07495391e-01 6.62800848e-01 1.15905404e+00 7.33817935e-01
    1.31227112e+00 -2.19449341e-01 7.11754739e-01 -2.49705315e-01
    1.50621021e+00 6.41999841e-02 1.31274462e-02 1.64913487e+00
    -3.57200086e-01 1.38088846e+00 -2.88023055e-01 9.63649213e-01
    1.02992761e+00 1.28061867e+00 9.48326349e-01 3.28855515e-02
    3.99389625e-01 -2.66538382e-01 1.20832253e+00 4.72187400e-01
    1.51115179e+00 -4.83444124e-01 1.69528675e+00 3.75326276e-01
    1.67939472e+00 -6.53936505e-01 6.35513306e-01 2.22409368e-02
    -1.16352439e-02 -4.26518917e-01 9.95823264e-01 6.77469850e-01
    2.82209098e-01 -5.56895733e-01 2.73068488e-01 1.47602379e-01
    8.19584072e-01 1.74575233e+00 -3.22641909e-01 9.03323174e-01
    5.35368025e-01 6.15175545e-01 5.37206650e-01 -3.57996762e-01
    -5.75648904e-01 1.42725563e+00 2.33832359e-01 1.19862020e+00
    1.10452247e+00 -2.69623458e-01 8.63893867e-01 -2.70629346e-01
    1.49436355e+00 -5.40071011e-01 9.66130316e-01 -5.95181584e-02
    1.02057409e+00 -5.45904994e-01 -3.39259982e-01 -3.51481259e-01
    7.23112106e-01 -1.34679377e-01 1.53826261e+00 1.11803508e+00
    8.55104923e-01 1.27725816e+00 1.04405761e-01 1.74000859e+00
    4.61954296e-01 1.07981801e+00 1.30857337e+00 1.32801938e+00
    1.38235569e+00 4.61821020e-01 -3.18837762e-01 4.38913167e-01
    4.46581423e-01 -4.79772449e-01 1.73806739e+00 2.99332023e-01
    1.38579166e+00 -8.85024667e-01 6.84219003e-01 8.67390752e-01
    1.11140931e+00 3.41573477e-01 3.67890716e-01 1.46944010e+00
    -5.37360907e-02 1.11241245e+00 8.22038889e-01 4.73055542e-01
    5.79363167e-01 1.15641379e+00 -2.93231964e-01 -5.11481524e-01
    -6.08264208e-01 -1.88724101e-01 1.13689661e+00 3.61328244e-01
    1.56091034e-01 -5.94835877e-01 8.88091207e-01 -7.87055492e-01
    -5.68552196e-01 4.28532958e-01 1.22515512e+00 -4.60008115e-01
    -3.31623554e-01 1.48895049e+00 1.34827399e+00 1.29940462e+00
    3.79199982e-01 1.52214968e+00 6.01241708e-01 -3.27238739e-01
    1.06802773e+00 -1.52841508e-01 1.27810240e+00 1.87636316e-01
    1.60097682e+00 8.81103754e-01 9.98375893e-01 1.56416106e+00
    1.54192519e+00 -1.10454977e-01 1.34749651e-01 1.62459946e+00
    -7.97189891e-01 -6.45540118e-01 1.69148540e+00 5.14308691e-01
    3.51162314e-01 4.90315557e-01 8.35381508e-01 1.42928874e+00
    1.36371458e+00 -6.01090014e-01 -2.71140575e-01 1.47472072e+00
    1.40214562e-01 -7.05952048e-02 8.66987467e-01 -7.31536210e-01
    -5.73638201e-01 1.15371275e+00 2.48975635e-01 -3.20436120e-01
    6.69634223e-01 -5.79307795e-01 -4.14239258e-01 1.23005760e+00
    1.66092575e-01 1.03348756e+00 -4.39738929e-01 1.60547423e+00
    -3.50592405e-01 2.82133698e-01 -1.53748751e-01 7.23254502e-01
    1.02210391e+00 -6.20214820e-01 -3.46297711e-01 1.05945504e+00
    1.01109862e-01 -2.42136180e-01 9.62627113e-01 1.40911925e+00
    -1.50430977e-01 1.73804069e+00 7.59775937e-01 -4.52822864e-01
    -1.75951242e-01 5.51141381e-01 1.34638286e+00 1.76148665e+00
    6.94960177e-01 -5.90951681e-01 1.36641371e+00 3.66663396e-01
    -1.77676201e-01 -4.57826138e-01 -1.59205973e-01 -6.06880546e-01
    -5.62265873e-01 8.69668126e-01 3.46086800e-01 3.34860802e-01
    1.19404221e+00 -4.69671339e-01 1.52704453e+00 3.58219564e-01
    -3.47905755e-02 -4.72141951e-01 6.41866684e-01 3.46382558e-01
    9.32525039e-01 -3.46886784e-01 7.46453226e-01 2.27577329e-01
    -6.18473589e-01 1.31181347e+00 3.56558204e-01 8.17951918e-01
    -6.52399302e-01 6.80032313e-01 1.27418232e+00 -6.16153479e-01
    7.91743279e-01 -3.09991241e-01 2.89669812e-01 4.72802520e-02
    -1.17322087e-01 6.28221631e-02 2.30713665e-01 5.40454626e-01
    -1.46780550e-01 6.33598924e-01 -7.41396606e-01 -2.94966161e-01
    -1.27024829e-01 4.29147065e-01 1.40103543e+00 -5.30620813e-01
    1.65039349e+00 8.84143710e-02 1.49002361e+00 6.89163685e-01
    1.66686094e+00 -4.22491759e-01 -2.73113519e-01 -5.65413237e-02
    1.23545587e-01 1.16445947e+00 1.06266236e+00 1.45803392e-01
    1.13764358e+00 1.22737110e-01 -4.12265301e-01 -3.57660174e-01
    -6.40469372e-01 7.12029874e-01 5.32615662e-01 6.93230033e-02
    -3.44471335e-02 8.68261456e-01 1.64671719e+00 9.79595184e-02
    4.38558102e-01 1.63559794e+00 8.51799846e-02 1.68808997e+00
    3.93743217e-01 4.29081857e-01 -2.14880884e-01 -5.19866705e-01
    1.25470328e+00 4.26628590e-01 1.53324473e+00 -4.90134895e-01
    -4.76324320e-01 2.46877432e-01 9.74640906e-01 6.15001559e-01
    1.00240779e+00 -4.36640382e-01 1.57604027e+00 7.43180513e-01
    7.01035261e-01 -1.39603257e-01 8.00904274e-01 9.34983790e-01
    5.79121709e-01 -7.31575489e-03 1.04664969e+00 3.08156669e-01
    3.29423547e-02 1.38847840e+00 8.26665998e-01 -5.04393578e-02
    3.30977201e-01 3.66816640e-01 -4.94658083e-01 1.36669230e+00
    9.80009317e-01 1.82497466e+00 -8.32725763e-02 -6.06377125e-01
    9.33689177e-01 -3.98449302e-02 -1.64369941e-01 -5.13455153e-01
    1.14685595e+00 1.43325651e+00 6.52278721e-01 1.41928327e+00
    -4.04148817e-01 1.58292603e+00 1.08212912e+00 -3.55995744e-01
    1.01013362e+00 -7.29483604e-01 -3.68469656e-01 -2.07105696e-01
    1.46777487e+00 9.18762445e-01 9.08449590e-01 1.47581792e+00
    1.26893330e+00 1.60531211e+00 9.20044363e-01 1.65328753e+00
    1.14631939e+00 1.33138561e+00 1.48980725e+00 8.97363245e-01
    -6.34108961e-01 -3.55392039e-01 1.05450130e+00 8.91023159e-01
    3.53843808e-01 -5.50638437e-01 1.55835509e+00 5.02487481e-01
    9.27061558e-01 -1.15533710e-01 -4.90337461e-01 -4.92405921e-01
    5.75986445e-01 1.47233140e+00 1.53343964e+00 1.07897139e+00
    -3.88601363e-01 1.54216862e+00 1.64542294e+00 1.10982132e+00
    6.49877191e-01 1.26316702e+00 7.28941321e-01 -3.87280971e-01
    7.32531905e-01 5.24860084e-01 3.19321930e-01 5.53307891e-01
    1.58843374e+00 -6.62301064e-01 7.10044146e-01 1.55687928e+00
    8.38421106e-01 5.01213074e-01 -1.75332785e-01 9.56951678e-01
    1.67699039e+00 -2.02488780e-01 4.38029528e-01 8.32189322e-02
    -2.05045879e-01 -1.28784835e-01 1.42791724e+00 1.93916082e-01
    -6.81893826e-02 1.95027590e-02 -7.26270437e-01 1.16967916e-01
    2.80327678e-01 5.06684005e-01 -4.75454032e-01 1.15165114e+00
    1.52603793e+00 4.74393189e-01 9.67135608e-01 9.85389888e-01
    1.14577150e+00 1.38256669e+00 1.61706984e+00 5.09214163e-01
    5.57584345e-01 1.21932697e+00 -3.48140568e-01 -2.10210562e-01
    -7.82697022e-01 3.32686186e-01 5.17381728e-01 -4.09660786e-01
    1.45205271e+00 1.32305872e+00 2.53185987e-01 -6.02108836e-02
    -5.44842243e-01 1.96028650e-01 4.59008634e-01 1.63417530e+00
    -3.93646330e-01 -1.47308707e-02 2.87218630e-01 5.17133951e-01
    -4.55313355e-01 1.35274434e+00 1.88014507e-01 2.28490233e-01
    9.29114819e-02 1.70781064e+00 6.71687067e-01 -6.97572231e-02
    -4.79530454e-01 -2.27329850e-01 1.61505759e+00 1.49435437e+00
    1.26313710e+00 4.59497571e-01 5.90784371e-01 -2.74402976e-01
    -7.35766053e-01 -7.49430895e-01 8.84483695e-01 4.96475697e-01
    -8.06631267e-01 9.85183120e-01 2.37376750e-01 -2.16553092e-01
    1.07475972e+00 -5.14875054e-02 5.09410560e-01 1.39145112e+00
    1.19566870e+00 -3.59355420e-01 -3.20234299e-02 1.12005711e+00
    1.49673223e+00 1.56808949e+00 2.34590471e-01 -3.11659724e-01
    -5.01656771e-01 1.39365280e+00 1.83987200e-01 1.01795375e-01
    7.76306331e-01 8.33314776e-01 1.53010881e+00 -5.25789380e-01
    1.42779636e+00 1.19546950e+00 1.56348085e+00 7.80802131e-01
    -6.58778369e-01 1.20134401e+00 -5.99795699e-01 5.58581710e-01
    -3.46587062e-01 -5.88912845e-01 -4.33714390e-01 3.68860126e-01
    6.68790817e-01 1.46783864e+00 8.22069705e-01 1.61200583e-01
    -1.67870343e-01 -2.67835140e-01 3.52374375e-01 8.93388987e-01
    1.00023890e+00 1.32429707e+00 -3.46116513e-01 1.19395185e+00
    1.08301401e+00 3.93483162e-01 1.41420364e+00 5.25556922e-01
    4.11686301e-02 1.54541910e+00 1.10423505e+00 8.55222464e-01
    1.19142950e-01 -1.31358564e-01 9.90514219e-01 5.02603352e-01
    2.78282285e-01 1.65547013e-01 -3.48920822e-01 3.66878569e-01
    1.76306331e+00 -1.32110357e-01 -2.86583215e-01 -4.01578665e-01
    -6.65112853e-01 -4.76499200e-02 2.69222796e-01 -8.40044022e-02
    -1.97645426e-01 1.13191426e-01 -6.55873358e-01 -3.31560522e-01
    8.52883637e-01 1.70294428e+00 1.68828416e+00 1.63643658e+00
    1.56835783e+00 4.71155107e-01 -4.65849459e-01 -4.84675646e-01
    2.74253011e-01 8.98093998e-01 8.15129042e-01 7.40061343e-01
    1.68555391e+00 -2.23822832e-01 2.89992332e-01 2.62577057e-01
    1.54362071e+00 6.91310227e-01 5.71046412e-01 3.50371659e-01
    -6.75299942e-01 4.81219888e-01 1.22350049e+00 1.41836762e+00
    5.97157717e-01 8.75055969e-01 1.58797026e+00 1.21209216e+00
    -2.89330482e-02 1.37461090e+00 1.13278294e+00 -2.00291932e-01
    2.42500305e-02 5.96656919e-01 3.47134829e-01 8.99253130e-01
    -6.82427287e-02 1.53263283e+00 1.35528362e+00 -1.07150674e-02
    1.79016137e+00 -6.79996431e-01 7.04335392e-01 2.75058448e-01
    -6.51796699e-01 4.35288906e-01 -3.57639790e-03 5.41644812e-01
    1.73698354e+00 -6.87984884e-01 7.02652335e-01 7.63270855e-02
    1.19142985e+00 -3.73280644e-02 1.70497847e+00 2.38121092e-01
    -3.91604632e-01 2.92697072e-01 1.72311985e+00 3.85192275e-01
    6.15472496e-01 -1.26609802e-02 7.59124279e-01 1.84995067e+00
    1.14989233e+00 -2.67859817e-01 2.93759108e-02 9.90809321e-01
    1.11665463e+00 1.47253871e+00 -3.87228549e-01 9.16600466e-01
    1.94493794e+00 1.42366064e+00 -1.83170080e-01 1.05570519e+00
    4.71567929e-01 2.92848468e-01 1.76316440e-01 7.81201482e-01
    6.60066366e-01 1.07440329e+00 1.25270271e+00 3.30007076e-01
    1.68034554e+00 9.84624028e-01 -6.65183902e-01 8.74384224e-01
    4.70911562e-01 -1.69422090e-01 1.80126464e+00 9.23293889e-01
    -7.07342625e-02 1.66695857e+00 1.15358829e-03 1.35392964e+00
    1.89186215e-01 -2.92831242e-01 1.56102407e+00 -8.52471709e-01
    -5.34143925e-01 1.13301599e+00 6.48133874e-01 4.75370049e-01
    1.37745059e+00 -1.38339579e-01 -3.26162308e-01 1.45063937e+00
    9.55075026e-02 1.25970089e+00 -1.52667701e-01 9.98926640e-01
    8.01629424e-01 -4.17402923e-01 1.48954844e+00 5.29865026e-01
    7.74244785e-01 -2.00839102e-01 4.87525284e-01 2.65617967e-01
    2.03939617e-01 1.75349689e+00 -7.10425735e-01 9.41537857e-01
    5.78027785e-01 1.65288520e+00 -5.61715901e-01 6.36160016e-01
    -8.61535668e-02 3.49514067e-01 1.60364878e+00 -2.66664565e-01
    1.00081348e+00 2.74669051e-01 -2.21573353e-01 4.09376621e-03
    -5.28322041e-01 1.28888667e+00 1.26050043e+00 2.74390221e-01
    8.23318243e-01 1.70763576e+00 -2.66601503e-01 2.87322819e-01
    1.10884786e-01 1.90190732e-01 1.23273408e+00 1.24602973e-01
    1.43528116e+00 1.19027138e+00 9.56766963e-01 1.75617552e+00
    -1.62509978e-01 1.95784152e-01 4.75552142e-01 1.00233364e+00
    -5.51812768e-01 2.73442388e-01 5.23626804e-01 1.48123634e+00
    1.49865055e+00 1.51651466e+00 1.14535964e+00 7.95883954e-01
    -2.31357336e-01 1.17479336e+00 -3.68751824e-01 1.44236970e+00
    1.18770134e+00 1.12380624e+00 -1.07711196e-01 7.24646568e-01
    1.40703261e-01 3.39094102e-01 1.79025412e-01 1.58403492e+00
    1.33806884e-01 -1.31814539e-01 1.57719791e+00 1.12246394e+00
    6.72367156e-01 8.82248938e-01 1.36846983e+00 1.27584279e+00
    1.37872839e+00 6.84257150e-01 1.59445083e+00 6.89932644e-01
    4.34767306e-01 -1.03484929e-01 6.51988745e-01 1.44706249e+00
    -7.31716037e-01 5.90041518e-01 6.79314017e-01 -7.51191974e-02
    -1.21157885e-01 4.69105005e-01 9.28438902e-01 -1.30395710e-01
    1.20786500e+00 1.79072738e-01 1.72514558e-01 -6.69975042e-01
    1.50715375e+00 -3.81002963e-01 1.26454508e+00 1.71232474e+00
    1.11077309e-01 1.29711413e+00 -1.61397099e-01 7.97731221e-01
    1.34298801e+00 -2.19877809e-01 1.27736974e+00 1.87243223e-01
    8.33063841e-01 -4.72239524e-01 -6.05257809e-01 1.14120698e+00
    1.15217233e+00 7.73796737e-01 -7.16864407e-01 2.57590711e-01
    -2.78475642e-01 1.56191039e+00 9.40388501e-01 -1.90735042e-01
    -7.32023060e-01 -3.20084333e-01 8.98179650e-01 -5.64086199e-01
    4.99281526e-01 1.57365036e+00 1.38146424e+00 2.62147605e-01
    1.01768649e+00 3.71401191e-01 8.83944213e-01 -5.25238633e-01
    3.57881486e-01 -7.45882988e-02 -2.44190216e-01 6.95100367e-01
    2.65961647e-01 -5.83806038e-02 2.38524437e-01 7.35879183e-01
    -2.37320483e-01 1.33107185e+00 -4.16541845e-01 1.66139364e+00
    1.71648669e+00 3.70233893e-01 3.75156224e-01 1.37086713e+00
    -1.51574016e-02 1.45047438e+00 7.74587989e-01 6.62179828e-01
    -2.32911915e-01 4.35797453e-01 4.89930868e-01 1.62329340e+00
    2.77878761e-01 8.75007451e-01 -3.65961134e-01 5.42554617e-01
    1.02193475e-01 4.52497721e-01 9.09603715e-01 1.31025124e+00
    -4.98562396e-01 -2.74325371e-01 -7.17900038e-01 -1.17980242e-02
    1.71976805e-01 1.22329521e+00 1.16608739e-01 5.93001544e-01
    7.88915455e-01 1.19679487e+00 -4.29798573e-01 9.44510460e-01
    7.44198084e-01 7.24359512e-01 -4.35226649e-01 1.23055053e+00
    1.28281295e+00 1.01251435e+00 -4.14546609e-01 1.78230906e+00
    1.23835313e+00 -7.36845434e-01 1.02183282e-01 -3.56662363e-01
    4.82504964e-01 -3.32884371e-01 7.05574632e-01 6.38235927e-01
    8.30025911e-01 -3.79036486e-01 1.44921279e+00 3.95262003e-01
    -2.72003293e-01 6.48948371e-01 1.37055683e+00 6.88504994e-01
    -5.75060248e-01 8.50151181e-01 -3.37441683e-01 -1.00712121e-01
    1.53356934e+00 3.29992771e-02 8.23809385e-01 -7.70752966e-01
    1.35221708e+00 3.44332457e-01 -6.51638329e-01 1.42880321e-01
    8.26128840e-01 1.44631934e+00 -3.43477726e-03 7.81966567e-01
    -6.78430140e-01 9.57639575e-01 9.53375995e-01 8.86482358e-01
    -2.20856667e-02 6.60263777e-01 -4.39669192e-01 1.49014544e+00
    1.46448696e+00 1.50809610e+00 1.04985189e+00 1.25464392e+00
    4.36648548e-01 5.13498247e-01 -1.23898029e-01 2.14166522e-01
    7.77006865e-01 1.13850129e+00 5.16675830e-01 3.85447323e-01
    1.03222573e+00 -6.38187230e-01 -6.10789359e-01 6.51723266e-01
    -6.67377114e-02 3.37251902e-01 1.65469229e-01 1.62227809e+00
    8.14237595e-02 1.90744519e-01 8.82957160e-01 6.15772009e-02
    1.32130623e+00 1.51774561e+00 7.29780495e-01 -1.87334239e-01
    9.99107182e-01 1.65438700e+00 -2.14933038e-01 1.73418999e-01
    -1.15281761e-01 5.80410480e-01 -1.27612293e-01 4.31055605e-01
    -6.74490213e-01 7.77043343e-01 1.23446667e+00 1.22163498e+00
    -8.47662091e-02 9.60310698e-02 -3.47221881e-01 9.80902255e-01
    7.55611122e-01 1.50450206e+00 6.59993470e-01 9.70415950e-01
    1.66359925e+00 3.55837226e-01 6.02121890e-01 8.41316581e-01
    1.79326177e-01 -1.15346253e-01 1.59314334e-01 7.22390413e-03
    1.19090724e+00 4.48945761e-02 9.69899893e-02 -2.72631884e-01
    1.35935628e+00 1.55990660e+00 -5.89557886e-01 1.11394894e+00
    6.58553064e-01 4.49771821e-01 2.68708706e-01 7.33338356e-01
    1.04509747e+00 7.52979040e-01 3.32739353e-01 6.84115171e-01
    1.05565274e+00 1.00922620e+00 6.70873880e-01 2.17211485e-01
    8.20523560e-01 1.50789881e+00 1.72391605e+00 8.08662772e-02
    -1.97327435e-01 1.19564307e+00 1.28534091e+00 -5.47223687e-01
    -2.26970851e-01 -6.41451597e-01 3.62038016e-02 6.62103176e-01
    1.47421908e+00 1.08048654e+00 7.18129277e-01 1.49217939e+00
    3.83935690e-01 8.81955504e-01 1.40747213e+00 -7.61184335e-01
    6.25738025e-01 6.42783225e-01 -7.37475097e-01 2.26219177e-01
    -5.50019741e-02 1.05759645e+00 1.01858783e+00 9.39956427e-01
    1.41507006e+00 -6.52243972e-01 9.11840081e-01 1.56993413e+00
    6.62177026e-01 6.09878898e-02 1.34756303e+00 1.55897737e-01
    9.06108320e-01 4.45581734e-01 6.81729317e-02 5.25434613e-01
    7.14347184e-01 1.35761762e+00 2.96751380e-01 1.04198563e+00
    8.67593825e-01 2.63555408e-01 1.53562796e+00 2.10630059e-01
    7.23288834e-01 1.08872533e+00 5.79783678e-01 -6.11032903e-01
    -6.11341715e-01 1.33112705e+00 -2.21498609e-02 3.63871098e-01
    1.13730419e+00 1.82023489e+00 1.96983933e-01 -2.09482312e-02
    4.66519356e-01 -4.69803095e-01 -6.10630929e-01 4.65652943e-02
    1.16546559e+00 8.50810409e-01 -1.16230309e-01 1.13636422e+00
    3.58240604e-02 6.44988477e-01 -2.96622068e-01 -5.66661716e-01
    5.92478156e-01 1.64396119e+00 1.05128694e+00 -2.46231318e-01
    1.73969114e+00 1.43059039e+00 -3.41266453e-01 1.19662666e+00
    5.73778093e-01 7.89111853e-03 2.90223956e-02 -6.88556552e-01
    5.84005058e-01 4.18582797e-01 -2.26103663e-01 6.52940869e-02
    1.60294068e+00 1.16247380e+00 1.03128636e+00 8.64734530e-01
    1.19158745e+00 -2.31589645e-01 1.19953394e+00 1.26297402e+00
    1.04256570e-01 4.38391566e-02 1.18338811e+00 2.98468292e-01
    1.72645700e+00 6.66414797e-01 1.33361232e+00 1.51492476e+00
    -6.93978429e-01 -7.46125400e-01 -6.17232084e-01 1.62551105e+00
    3.11470926e-01 5.96117079e-01 -6.33033514e-02 -8.00559521e-02
    1.27604508e+00 -6.46538138e-02 -7.63613582e-02 8.56834292e-01
    6.19101167e-01 -7.72758126e-01 7.52380013e-01 1.74993396e-01
    -3.27149987e-01 1.82976007e-01 -3.66618097e-01 1.70099115e+00
    1.49991250e+00 3.57133865e-01 1.68273616e+00 4.45932508e-01
    6.63112700e-01 8.33710551e-01 1.41442287e+00 -4.14966315e-01
    -5.87098002e-01 6.49006963e-01 1.53624523e+00 4.23959732e-01
    -5.21397829e-01 8.23403716e-01 5.28140783e-01 1.47671700e-02
    -1.39570415e-01 1.30076325e+00 6.69018388e-01 1.34575081e+00
    1.25237060e+00 -5.74535370e-01 2.06440687e-03 -3.22296977e-01
    1.80909705e+00 -6.25747800e-01 6.50481880e-01 1.58967447e+00
    2.66937852e-01 5.95089674e-01 2.92872131e-01 9.86456275e-02
    1.10349917e+00 -5.51890612e-01 -1.42571926e-01 1.07710898e-01
    -5.27569652e-02 1.06629288e+00 8.38452518e-01 -4.15454388e-01
    1.53249454e+00 1.31003737e-01 5.71789742e-02 8.74962807e-02
    4.31858659e-01 5.65168858e-02 1.13615704e+00 1.30312800e-01
    -5.89238882e-01 1.22901058e+00 9.76189017e-01 5.56786835e-01
    1.99512482e+00 1.65850067e+00 2.19751000e-01 2.21256495e-01
    5.42905569e-01 1.17971492e+00 3.45105946e-01 1.63038731e+00
    3.68756354e-01 7.22529173e-01 1.75867629e+00 1.82393575e+00
    -5.03453135e-01 -1.48874104e-01 1.03400731e+00 7.14079022e-01
    -1.58580184e-01 1.37460613e+00 1.23974085e-01 2.83760607e-01
    1.43436980e+00 -3.42650026e-01 2.20638514e-03 -7.66678095e-01
    4.65463996e-02 5.32746077e-01 -1.49717450e-01 3.89343321e-01
    1.53656638e+00 -5.33622503e-03 1.45563376e+00 -6.06569350e-01
    5.62484860e-02 -5.22066712e-01 -3.27748567e-01 1.71063435e+00
    -6.49180233e-01 4.53855753e-01 9.16027844e-01 6.32690310e-01
    1.43049443e+00 9.39194918e-01 -4.29853857e-01 1.46285069e+00
    -6.47163570e-01 1.62424135e+00 8.96603644e-01 5.16376436e-01
    3.55646253e-01 1.14001203e+00 1.66383791e+00 1.05581236e+00
    9.30953503e-01 1.48477554e-01 -6.77656770e-01 1.66196799e+00
    7.87829041e-01 7.38999367e-01 -4.13199842e-01 1.50827360e+00
    4.16326642e-01 1.33784962e+00 1.67890239e+00 -7.71765172e-01
    -1.62425816e-01 -8.33102226e-01 -4.63682413e-02 3.64730537e-01
    9.63283539e-01 -5.09842455e-01 1.26380837e+00 -6.30701542e-01
    9.21522975e-01 3.96329343e-01 3.21252942e-02 -7.83999383e-01
    1.28237760e+00 -5.34696341e-01 5.99758804e-01 6.86028600e-01
    -5.51733553e-01 -6.29322171e-01 -2.94124961e-01 5.78438759e-01
    1.59611106e+00 1.75742972e+00 -4.81715739e-01 -7.42155731e-01
    8.15742016e-01 -4.70100343e-01 3.39989066e-02 9.35512066e-01
    7.71889806e-01 1.23283505e+00 -1.00005984e-01 4.93035436e-01
    1.51237750e+00 8.03806305e-01 3.59384894e-01 3.37516546e-01
    8.30457807e-01 4.80396271e-01 1.57957542e+00 3.72747302e-01
    1.25786090e+00 9.60061014e-01 1.45072758e-01 1.27253914e+00
    1.36024952e+00 2.08607733e-01 1.30577242e+00 5.08368134e-01
    1.38765085e+00 2.78484344e-01 8.33020508e-01 1.63377416e+00
    -5.42582273e-02 4.99054670e-01 -7.23153114e-01 -7.02072024e-01
    1.07455873e+00 -6.67725801e-01 9.24002588e-01 -6.46541357e-01
    8.01253200e-01 9.45745289e-01 -1.04295790e-01 1.66965950e+00
    -2.42087483e-01 3.11408758e-01 -6.13191724e-02 1.68326819e+00
    1.71744967e+00 2.32697427e-01 2.81470954e-01 -4.39208299e-01
    -1.69242084e-01 9.47375536e-01 1.67978454e+00 -2.45744467e-01
    1.51201165e+00 -1.19966269e-01 1.52514899e+00 7.01308250e-03
    3.35335135e-02 8.23895693e-01 8.25526714e-01 1.10661244e+00
    6.20898604e-01 6.29695773e-01 5.23941576e-01 9.46778417e-01
    -4.65437055e-01 -1.41822577e-01 2.09285796e-01 3.85178030e-01
    1.54155636e+00 1.13487148e+00 6.28351390e-01 -9.30018425e-02
    1.36396909e+00 1.09331763e+00 -4.34311330e-01 1.33756709e+00
    1.55505550e+00 4.53297734e-01 4.06089723e-01 -1.66275084e-01
    1.62317920e+00 1.58514786e+00 -4.28879887e-01 1.15155864e+00
    4.39787269e-01 1.47206342e+00 -4.40495938e-01 -4.30769801e-01
    1.22020006e+00 1.43129551e+00 9.82163072e-01 5.55312634e-02
    1.32179284e+00 -7.21219242e-01 1.56035900e-01 9.28155482e-01
    1.57079220e+00 6.71456218e-01 1.27492964e+00 -4.15104508e-01
    -3.93379748e-01 -5.00509381e-01 8.67176056e-03 -3.63264650e-01
    -5.81936121e-01 -5.52906573e-01 3.73127103e-01 -6.99174404e-03
    -4.60597068e-01 9.87477064e-01 3.22308779e-01 1.75431871e+00
    1.52358317e+00 6.06969595e-01 1.68542337e+00 5.81551552e-01
    -7.53608584e-01 5.59372783e-01 6.02510870e-01 4.96995747e-01
    -5.82861304e-02 -5.08843958e-01 1.25853157e+00 -1.01787925e-01
    7.79640436e-01 -1.81045532e-01 3.37630153e-01 -1.33680701e-02
    1.51128030e+00 1.55165446e+00 9.89959240e-02 -1.49924815e-01
    -5.56757689e-01 -2.47061789e-01 -4.51341957e-01 1.50908387e+00
    4.78966236e-02 6.12111092e-02 -1.19724870e-01 6.59513831e-01
    8.73389721e-01 -7.41184354e-02 -8.20890069e-02 -5.57689786e-01
    -6.58134699e-01 -9.04972553e-02 7.68393874e-02 5.76853275e-01
    -3.90482962e-01 1.11600614e+00 5.08552313e-01 1.44942915e+00
    1.34060395e+00 8.48485231e-01 6.23090982e-01 7.92562664e-01
    6.82663918e-03 -6.04130626e-02 -5.14510632e-01 7.24364460e-01
    -4.72947270e-01 4.92430151e-01 -3.63153547e-01 5.38603246e-01
    5.31080604e-01 2.05909133e-01 4.96337116e-01 -3.69819313e-01
    1.06214130e+00 1.71431506e+00 1.68720651e+00 1.45242214e-02
    -7.11010695e-01 4.90685225e-01 1.72712338e+00 4.54532504e-01
    4.85770226e-01 9.08505321e-02 -2.29046732e-01 1.81778169e+00
    3.43176246e-01 -3.92176569e-01 -4.13929909e-01 -5.58281898e-01
    -4.56464440e-01 -3.70196015e-01 -2.39923179e-01 1.61852229e+00
    3.19875121e-01 3.65104437e-01 5.86330593e-01 1.76273310e+00
    2.87642360e-01 1.64713073e+00 6.64261937e-01 1.69712532e+00
    -9.27243233e-02 -7.81555772e-01 1.17180657e+00 -6.89106286e-01
    -6.32990658e-01 5.17718494e-01 5.36012650e-01 6.92704320e-02
    5.57212472e-01 -4.09117401e-01 3.13715160e-01 -4.40039784e-01
    2.00477600e-01 3.99922132e-02 1.03123391e+00 1.63344479e+00
    1.87412381e-01 3.09821367e-01 9.82274413e-02 6.98673010e-01
    -1.61696315e-01 1.06202829e+00 -3.14822674e-01 1.49273443e+00
    1.57150829e+00 1.42600703e+00 1.30554366e+00 1.41269970e+00
    1.11092019e+00 7.32182264e-02 9.00116563e-02 1.44684029e+00
    -1.56091869e-01 7.74814367e-01 -1.38424635e-02 1.59577811e+00
    -3.12998295e-01 1.34869862e+00 4.59245861e-01 1.95948243e-01
    1.73292577e+00 1.24274313e+00 -1.17384732e-01 7.57683933e-01
    1.32908249e+00 -7.07192957e-01 1.52330160e+00 1.01002574e+00
    7.23175108e-01 7.41843462e-01 1.28591704e+00 1.15100265e-01
    3.08228493e-01 8.71064305e-01 1.29355955e+00 -5.27735353e-02
    1.10804570e+00 1.75920725e-01 1.53431463e+00 1.03720498e+00
    1.60242999e+00 2.78716683e-01 5.38088441e-01 1.69374204e+00
    8.38443816e-01 1.18473041e+00 4.15032148e-01 1.54550421e+00
    -5.86504340e-01 4.23154116e-01 8.83297324e-02 -3.24569881e-01
    1.66930318e+00 1.59657216e+00 1.17701292e-02 2.55613029e-01
    -1.98132992e-02 -6.75207794e-01 4.13537085e-01 1.03910863e+00
    1.27636671e+00 -1.78996861e-01 3.68533134e-02 -7.54125595e-01
    5.64075112e-01 -6.02322757e-01 -1.42830849e-01 5.82374632e-01
    1.55510557e+00 1.03729534e+00 1.36863494e+00 8.00244033e-01
    9.06561375e-01 8.91125798e-02 -6.30711257e-01 1.67838812e+00
    1.35976493e+00 1.03650260e+00 6.12737536e-02 1.47365248e+00
    3.37481916e-01 -1.23090029e-01 -3.26572895e-01 -4.11373138e-01
    3.24876726e-01 -4.89136934e-01 1.76680374e+00 -3.25097382e-01
    -3.84794742e-01 -5.69821835e-01 1.80395460e+00 9.34777617e-01
    1.17088366e+00 -3.85553539e-01 1.42953849e+00 -5.73627234e-01
    1.31036639e-01 9.26390111e-01 7.60580301e-02 1.73964262e+00
    -6.29832625e-01 1.47384334e+00 9.89337623e-01 2.68425941e-02
    1.96604311e-01 4.68609452e-01 -6.54485703e-01 -2.50631839e-01
    5.90258241e-02 2.33028293e-01 -2.08615065e-02 3.38579297e-01
    1.60547006e+00 1.49102545e+00 1.38387585e+00 1.33123398e-02
    -6.62113547e-01 -5.34632802e-01 6.39856994e-01 1.22701764e+00
    1.44751215e+00 -4.27241862e-01 -2.91543216e-01 -3.91525716e-01
    -7.10206449e-01 -4.06074882e-01 1.08727837e+00 -7.55416095e-01
    1.05404663e+00 1.46337652e+00 -5.78359842e-01 1.42517650e+00
    -1.01978362e-01 -6.78913474e-01 1.00669777e+00 4.68243718e-01
    1.45206869e-01 1.39600158e+00 1.23765886e-01 -5.89898229e-02
    1.15264606e+00 1.18357861e+00 -5.63152075e-01 -3.95546257e-01
    1.32527483e+00 8.29740047e-01 1.79359770e+00 1.03500879e+00
    1.78491759e+00 1.29226363e+00 1.04223776e+00 -8.57713342e-01
    1.47845459e+00 -6.30536556e-01 9.56439972e-03 9.37624395e-01
    -2.24430382e-01 2.43012905e-02 1.70058954e+00 1.01690674e+00
    8.77398849e-02 -6.78136349e-02 1.83104789e+00 1.85370934e+00
    -6.57647789e-01 -2.69087642e-01 -6.99572444e-01 9.92825150e-01
    -3.48655730e-01 -5.05526900e-01 1.66852713e-01 3.74237061e-01
    1.78420281e+00 2.48449028e-01 1.22118676e+00 -2.09216833e-01
    7.50301421e-01 3.78279090e-02 6.96687460e-01 -6.55386090e-01
    1.22027099e-01 6.86609805e-01 1.87919021e+00 1.33736062e+00
    1.61775410e-01 1.37407303e-01 -2.24901110e-01 -6.56970024e-01
    5.62051833e-01 -4.97265816e-01 1.16029596e+00 8.03104937e-01
    4.69613075e-03 5.87522626e-01 1.32385218e+00 -4.69184697e-01
    3.34799588e-01 1.89622164e-01 1.07258558e-03 7.17265606e-02
    -4.14865315e-01 1.06624413e+00 1.23632574e+00 1.56224966e+00
    1.56669855e+00 7.05544889e-01 5.82395732e-01 1.60013843e+00
    5.53328991e-02 1.54774845e+00 1.70128381e+00 -5.12059331e-01
    -4.69087571e-01 -5.26962519e-01 2.63926387e-01 -4.70687717e-01
    -2.50766993e-01 -6.28984928e-01 2.63669670e-01 -6.13611579e-01
    -3.34788769e-01 -4.66504693e-01 3.29418540e-01 5.13781309e-01
    1.05941725e+00 4.62905467e-01 -5.97279429e-01 1.02830946e+00
    -9.90179777e-02 1.63559675e+00 -2.44731814e-01 1.16551697e+00
    5.10296583e-01 4.87624407e-02 8.10293734e-01 -4.12505001e-01
    1.48056006e+00 -5.07626295e-01 5.90142310e-01 9.56530333e-01
    1.06782508e+00 3.04539204e-01 1.68332887e+00 2.03627169e-01
    9.10917521e-02 -8.11555386e-02 -1.07184708e-01 -3.64388198e-01
    1.00865650e+00 1.40964103e+00 -1.49335086e-01 -6.02860987e-01
    7.45949328e-01 4.85814691e-01 1.47502303e+00 5.78882396e-01
    4.87079084e-01 6.81416392e-02 6.02491975e-01 -9.09966230e-03
    6.96189404e-02 1.54342079e+00 1.06497288e-01 1.01446664e+00
    2.36989141e-01 5.17449856e-01 7.47198045e-01 1.65207303e+00
    -5.10666013e-01 -7.68967807e-01 -4.19825315e-02 5.64690709e-01
    1.49431002e+00 1.70535374e+00 -1.29931033e-01 6.14012539e-01
    -3.47596288e-01 1.37154400e-01 -5.25686085e-01 1.60714245e+00
    4.20340419e-01 1.58146393e+00 1.49698436e+00 1.14405751e-01
    1.32076740e-01 5.75908780e-01 1.59025836e+00 -1.11657858e-01
    -7.44758129e-01 1.66780376e+00 1.77694976e+00 1.85628653e-01
    -3.55536461e-01 -3.78197521e-01 1.07013774e+00 1.21667349e+00
    1.03727734e+00 -7.30396986e-01 1.63938236e+00 -6.84491158e-01
    5.99733174e-01 1.25507534e-01 1.18860042e+00 1.19347119e+00
    1.12859070e+00 1.11448717e+00 -4.70139444e-01 1.64276934e+00
    5.60730278e-01 1.30118036e+00 1.58483386e+00 1.51199639e-01
    -1.72310829e-01 -1.46131098e-01 3.36898029e-01 -1.90424979e-01
    -3.41253281e-01 1.10857141e+00 1.85350299e-01 1.50963938e+00
    8.99049819e-01 5.85238814e-01 1.65354466e+00 1.50470197e+00
    -5.46638787e-01 -1.99850976e-01 1.20260882e+00 4.80974913e-02
    -5.43657362e-01 -3.79612446e-02 1.03405416e-01 -2.48711795e-01
    -5.79673648e-02 6.93466008e-01 7.64953673e-01 5.70711493e-01
    -3.20961684e-01 1.08272886e+00 1.45093143e+00 8.78130198e-02
    1.81201875e-01 1.43930554e-01 6.83376610e-01 1.33021641e+00
    4.28256869e-01 1.47733498e+00 -4.45719630e-01 1.01645613e+00
    -4.17586148e-01 5.76918721e-01 2.53824174e-01 1.47144806e+00
    -4.99684215e-01 1.48680997e+00 -3.79526824e-01 5.70398211e-01
    4.98717129e-01 1.32093477e+00 -3.85272652e-01 6.22084081e-01
    1.51374149e+00 1.79231644e+00 1.99395180e-01 9.11608219e-01
    -1.66483402e-01 1.25120449e+00 -2.60090053e-01 1.36503339e+00
    8.84596705e-01 1.14752579e+00 -3.28905940e-01 9.21533167e-01
    4.86297011e-01 3.30682993e-02 9.01905775e-01 1.88624561e-01
    5.66286922e-01 9.99349058e-01 1.10044563e+00 -2.90833712e-02
    -5.33105373e-01 5.48190117e-01 5.07583857e-01 -4.34177071e-01
    1.32510138e+00 -5.06774783e-01 4.72842336e-01 1.39136171e+00
    2.75747538e-01 2.48952150e-01 6.26237571e-01 1.17318594e+00
    -1.12543285e-01 -2.67597795e-01 3.03044200e-01 1.81670725e-01
    2.79547691e-01 2.66018689e-01 1.40616250e+00 8.00141454e-01
    1.81815982e-01 -2.62041092e-02 -6.49029732e-01 1.03644967e-01
    5.96577466e-01 -5.08748174e-01 1.25381815e+00 7.54379332e-01
    -5.41857600e-01 1.42936766e+00 3.97069931e-01 1.33269596e+00
    -4.51138854e-01 4.11816716e-01 1.24682152e+00 1.21366203e+00
    -4.79889333e-01 -3.98691565e-01 4.75031674e-01 8.95506680e-01
    -4.41532582e-01 9.29992080e-01 1.88543975e-01 8.91486764e-01
    -5.21703243e-01 1.62318230e+00 -1.99307978e-01 4.18684483e-02
    1.19133258e+00 1.37045932e+00 1.29049087e+00 -6.33123577e-01
    1.51162839e+00 1.02923894e+00 -5.12129068e-02 3.69899869e-01
    1.77438104e+00 1.51932216e+00 -3.21125388e-01 1.14983177e+00
    -3.38668823e-02 5.52626431e-01 -4.84731555e-01 3.27572465e-01
    1.78315294e+00 7.78677464e-01 6.15045309e-01 -2.40853548e-01
    1.50358391e+00 -7.20024109e-05 -5.77544928e-01 2.73938477e-01
    8.06050360e-01 6.80208087e-01 1.01415730e+00 1.65097177e+00
    9.78762746e-01 1.61318231e+00 1.55994952e+00 4.86294746e-01
    2.37468481e-02 -1.87105298e-01 1.17815638e+00 2.02962708e+00
    2.66597539e-01 1.39527559e+00 -1.65928781e-01 -5.93039095e-01
    1.56895483e+00 1.74869215e+00 1.38522542e+00 -2.15226531e-01
    -3.85614425e-01 1.10740697e+00 3.61660779e-01 1.68846083e+00
    -5.04257321e-01 8.85528624e-01 -3.63079607e-01 1.67314768e-01
    6.24654293e-02 4.71057057e-01 1.38753557e+00 7.14331865e-01
    5.02199173e-01 -4.57453728e-02 3.32403123e-01 -2.49784529e-01
    -2.21720636e-01 2.39870131e-01 -2.70891428e-01 7.33066201e-01
    2.89710879e-01 1.50277352e+00 9.82442319e-01 1.13242316e+00
    -3.60899895e-01 -2.05739558e-01 1.14403045e+00 3.81757557e-01
    2.53183246e-02 1.10540986e+00 -1.19273007e-01 -3.00636679e-01
    1.12282515e+00 -1.56378984e-01 -6.50948048e-01 1.63831782e+00
    9.72994208e-01 -7.66737342e-01 -5.46574235e-01 1.38406694e+00
    9.59547520e-01 1.29627669e+00 2.03835368e-02 -6.19199514e-01
    9.41470087e-01 6.70520306e-01 8.51813972e-01 -5.02880037e-01
    7.72893310e-01 -1.23410344e-01 6.20672584e-01 -5.38359821e-01
    1.48007250e+00 1.09399700e+00 1.44697082e+00 -1.31486773e-01
    -5.51223159e-01 8.60626101e-01 -5.15032411e-01 -4.26543534e-01
    1.07422125e+00 1.07633114e+00 -2.82587051e-01 1.46371055e+00
    7.93651104e-01 8.37021112e-01 -1.39346898e-01 -1.66909337e-01
    -7.15120673e-01 -3.62459838e-01 -5.48008382e-01 1.71486986e+00
    -2.78607070e-01 -2.62713611e-01 -5.66703558e-01 1.14111257e+00
    -7.27604806e-01 1.47057521e+00 -7.26046920e-01 8.61791730e-01
    2.59123445e-01 -7.14756489e-01 -7.71932840e-01 1.09778714e+00
    7.96943307e-02 1.59825921e+00 1.00466669e-01 1.06329525e+00
    5.14695048e-01 7.83734798e-01 6.74679279e-02 -7.26137638e-01
    1.35211241e+00 -1.21209979e-01 2.29295671e-01 -6.48691893e-01
    1.84616029e-01 1.31524444e-01 4.34347510e-01 4.13154662e-01
    8.29328120e-01 -6.93140328e-01 -3.79684865e-01 1.27546608e+00
    1.47228074e+00 8.07738304e-03 1.13892472e+00 1.43365860e-01
    1.71102774e+00 -4.48549300e-01 8.94755721e-01 -2.22865313e-01
    4.76104975e-01 1.48072684e+00 -5.23104131e-01 9.99219418e-01
    3.72365355e-01 6.08502030e-01 -1.21692836e-01 -1.33292735e-01
    1.48686707e+00 -1.27370179e-01 1.22118664e+00 -4.64041322e-01
    1.48680353e+00 8.37165773e-01 1.13220048e+00 -2.03734875e-01
    1.22090316e+00 6.87519312e-02 5.44781268e-01 -1.02230310e-01
    -5.36505044e-01 4.47492599e-01 -2.44008422e-01 9.48494434e-01
    -1.24738276e-01 1.81937814e-01 1.23477387e+00 1.75368655e+00
    -7.19174385e-01 -5.46873093e-01 -1.15092814e-01 1.36226654e+00
    9.75839198e-01 5.33364892e-01 5.71694613e-01 -6.75044537e-01
    -2.44792879e-01 6.54958069e-01 5.80735385e-01 8.89822364e-01
    1.28846252e+00 1.35634649e+00 9.79455948e-01 -2.79729605e-01
    1.02077401e+00 -1.24400258e-01 9.15397048e-01 1.48382831e+00
    -1.38654113e-01 6.82461262e-03 1.01513529e+00 1.73511529e+00
    4.82078552e-01 1.67464149e+00 1.18559384e+00 1.99559867e-01
    1.24714136e+00 1.17586422e+00 -3.95935148e-01 -5.68768919e-01
    6.35589778e-01 -2.58610547e-01 6.79451585e-01 7.20996320e-01
    7.63076127e-01 2.02199817e-01 -5.11855483e-01 1.34759247e+00
    1.62192523e+00 -1.02630734e-01 2.40827739e-01 -3.97263527e-01
    -4.66387212e-01 -6.79562688e-02 1.14632034e+00 -6.28356934e-02
    -3.07873040e-01 5.00687361e-01 1.04962575e+00 1.41298628e+00
    1.38372016e+00 8.62221062e-01 3.15986872e-02 1.41935265e+00
    9.72996712e-01 -6.15012288e-01 1.27508283e-01 6.02702975e-01
    -2.08472013e-02 1.29156256e+00 -4.98889565e-01 6.30278409e-01
    1.40006328e+00 1.41275942e-01 1.74281824e+00 1.19458759e+00
    1.39802992e-01 1.66618037e+00 -3.47310901e-02 -4.54249382e-01
    7.16954708e-01 -2.21028745e-01 9.77408588e-01 6.33194447e-01
    1.47104478e+00 9.19520855e-04 5.76493979e-01 1.46523714e+00
    1.13109219e+00 -8.59720707e-02 7.58997321e-01 -5.46400487e-01
    1.09342027e+00 5.65906703e-01 1.01317847e+00 1.80875671e+00
    6.79862738e-01 1.57946944e+00 -6.47651553e-01 1.23843014e-01
    -2.32801259e-01 -6.57909513e-02 1.41676378e+00 1.32808197e+00
    -4.48944539e-01 -3.36127877e-02 -4.13287252e-01 1.24658644e+00
    -9.77534056e-02 7.84333289e-01 7.48958051e-01 3.20170105e-01
    -1.41025305e-01 3.33066463e-01 2.19385147e-01 -2.36794174e-01
    5.36863923e-01 -2.17922240e-01 -3.36385667e-01 1.27930665e+00
    1.28279305e+00 7.48630166e-01 1.58559418e+00 -1.11565411e-01
    -5.74803889e-01 -2.41519153e-01 -5.69100738e-01 7.40051746e-01
    1.57113194e-01 1.47786784e+00 -4.41544980e-01 2.81747818e-01
    -4.75870162e-01 7.62306571e-01 1.69559479e-01 1.29468787e+00
    -2.03156054e-01 9.95056212e-01 6.89142466e-01 -2.87901312e-01
    -4.82926667e-01 5.03978550e-01 9.08008218e-01 5.79465628e-01
    4.38041329e-01 -9.66314077e-02 1.67869389e+00 1.58313632e+00
    8.86248112e-01 6.69888616e-01 5.03887355e-01 -7.27018833e-01
    4.15559709e-01 -2.08199978e-01 4.82349873e-01 9.10083354e-01
    -5.70119619e-01 1.61348569e+00 5.36250234e-01 -5.81805587e-01
    1.64713013e+00 1.17774892e+00 -4.37829524e-01 1.30199337e+00
    1.74787641e-02 -2.57614136e-01 -4.76285756e-01 1.31081545e+00
    2.50138879e-01 2.18249202e-01 -2.75218308e-01 6.19658351e-01
    1.63052201e+00 -5.84646702e-01 -3.93133700e-01 7.05594361e-01
    6.79949462e-01 1.15531397e+00 5.47440648e-01 -3.59536946e-01
    1.36271000e+00 1.69390619e+00 9.13099885e-01 -7.12858796e-01
    7.52474487e-01 1.44659340e+00 9.35723066e-01 1.36018550e+00
    -9.02914405e-02 1.68502069e+00 2.22763240e-01 -4.89099741e-01
    1.05328131e+00 6.31193161e-01 -2.38114566e-01 -5.30103207e-01
    7.60337651e-01 6.91937029e-01 1.58237755e+00 -3.80989254e-01
    -4.59784269e-02 5.88781357e-01 -9.88065004e-02 -4.78265882e-02
    3.68374586e-03 1.22393894e+00 -3.04973602e-01 1.04323125e+00
    -6.89061284e-01 1.48372304e+00 1.37199759e+00 1.33839536e+00
    4.78511095e-01 9.05913830e-01 1.37546420e+00 1.35890436e+00
    1.59664822e+00 1.45544076e+00 1.56124401e+00 1.70074368e+00
    1.75824869e+00 6.83117270e-01 1.74548471e+00 1.10774279e-01
    9.27496135e-01 -4.65826720e-01 5.89223921e-01 -8.52138102e-01
    -2.37057984e-01 1.20472360e+00 -2.44568765e-01 -2.66066849e-01
    1.18972898e+00 1.22420847e-01 1.07857585e-02 4.98794675e-01
    -1.03340149e-01 -4.80522454e-01 -4.56099898e-01 8.95328283e-01
    1.60597205e+00 9.92535353e-01 -7.50663877e-01 1.72506881e+00
    3.42956543e-01 8.76251101e-01 1.95993602e-01 3.44588876e-01
    9.97077465e-01 5.26724339e-01 8.82234812e-01 1.01219821e+00
    6.84296191e-01 1.01559639e+00 1.34841800e+00 1.04089940e+00
    -6.14100754e-01 -4.69563305e-01 1.44691849e+00 -6.52821839e-01
    1.75403953e+00 1.54178119e+00 7.80153632e-01 3.08430254e-01
    -2.51978517e-01 1.52989221e+00 3.56005430e-01 -1.36276424e-01
    7.61277616e-01 -7.07884431e-02 -2.40108222e-01 1.21361017e-03
    2.56477356e-01 -8.90167356e-02 6.47195160e-01 1.06790364e+00
    1.03361082e+00 7.76556611e-01 1.46321487e+00 1.48454964e+00
    1.44061375e+00 -4.40441549e-01 -7.23853350e-01 1.62733042e+00
    5.01338065e-01 8.30651522e-01 1.64424884e+00 -3.49477232e-01
    -6.46089673e-01 2.16188610e-01 8.39190364e-01 1.50014532e+00
    1.52221954e+00 1.34892952e+00 8.93901527e-01 1.29563975e+00
    -6.25333667e-01 -5.42550147e-01 -7.32779503e-02 -1.61014795e-02
    1.55021691e+00 -5.18327951e-01 1.54506898e+00 1.64168930e+00
    -6.13873124e-01 8.04477036e-01 6.47548914e-01 -1.79433107e-01
    2.05248177e-01 1.34227216e+00 -3.27043384e-01 7.62108505e-01
    9.66488719e-02 1.00637221e+00 1.35163057e+00 1.69434381e+00
    -2.39722431e-01 1.03146601e+00 -2.12984443e-01 1.08271456e+00
    7.34998941e-01 1.13681030e+00 -4.97296631e-01 -1.24212801e-01
    1.43399596e-01 -7.05139637e-02 5.04908562e-02 -1.74212575e-01
    -4.44680691e-01 -4.80420291e-01 1.39901280e+00 4.81312215e-01
    1.79198241e+00 1.29104459e+00 -3.30424339e-01 -3.96078885e-01
    7.08495140e-01 1.30713606e+00 4.25143003e-01 -7.44684219e-01
    -1.56701326e-01 1.29334855e+00 9.19567525e-01 1.02850235e+00
    1.83050692e-01 -9.98435020e-02 -2.32773125e-01 4.42953825e-01
    8.56145442e-01 -1.43682957e-01 -6.00035906e-01 1.01487482e+00
    1.53627276e+00 -4.54478413e-01 -6.25904918e-01 7.85472214e-01
    6.13492131e-02 1.65431321e+00 9.58082676e-01 -6.61641836e-01
    3.70916963e-01 1.40097451e+00 -2.33191788e-01 3.21483910e-01
    -4.49145585e-01 1.45877504e+00 -9.27925110e-04 1.33477998e+00
    -4.77571249e-01 -2.93465525e-01 8.71696770e-01 1.73501790e+00
    -8.04823041e-02 1.75239086e-01 2.51259804e-02 -7.18601227e-01
    7.17091799e-01 1.54354310e+00 6.70135617e-01 2.20265448e-01
    1.30990362e+00 8.22512507e-01 1.14572418e+00 -5.77570796e-02
    4.79684055e-01 -4.96182978e-01 -3.21904004e-01 1.19030321e+00
    1.44144249e+00 1.42896390e+00 -1.39351964e-01 -4.36606705e-01
    -4.46522146e-01 1.18632543e+00 3.61669540e-01 1.57626212e+00
    -3.31048667e-01 8.49666953e-01 1.12069976e+00 1.24258435e+00
    8.95467281e-01 9.60516870e-01 1.23124421e+00 1.25832260e+00
    7.05015481e-01 1.13705635e+00 1.63528442e+00 1.51244164e+00
    3.80929291e-01 -3.99628639e-01 7.59333432e-01 1.63488758e+00
    9.61065531e-01 6.37594342e-01 -2.32251167e-01 8.16929698e-01
    1.41512132e+00 3.20522666e-01 5.07898629e-01 1.24688721e+00
    -4.46528226e-01 -8.63017440e-02 7.72660077e-01 -3.84916872e-01
    -5.16715229e-01 1.69113541e+00 6.12199783e-01 1.59430146e+00
    6.05818689e-01 1.68869817e+00 5.65295517e-01 1.46782732e+00
    -4.51819748e-01 9.03780580e-01 1.03965402e-01 2.40909338e-01
    3.16680789e-01 1.27530503e+00 1.28466547e+00 -4.11973596e-01
    1.22077262e+00 1.66210091e+00 9.07414079e-01 -1.92680418e-01
    3.94786954e-01 -1.06588244e-01 -1.25680923e-01 1.33820009e+00
    -4.73000467e-01 -6.29190803e-01 1.26623929e+00 1.67016983e+00
    -3.10436368e-01 1.54232800e+00 -2.31753647e-01 1.15632772e-01
    1.33021116e+00 1.20381451e+00 1.17275834e-01 1.26433229e+00
    5.39150298e-01 1.33740664e+00 -1.50461793e-02 3.27591777e-01
    6.68307543e-01 -6.09205246e-01 -4.39012051e-01 2.75190294e-01
    1.44637883e+00 -2.37894297e-01 -3.07864547e-01 -6.16430461e-01
    1.50530696e-01 -3.21402907e-01 1.09004545e+00 -5.97064853e-01
    -6.76168561e-01 6.49675786e-01 9.06236231e-01 3.76570702e-01
    2.05283105e-01 1.30578458e+00 1.39517438e+00 7.39648163e-01
    4.79691505e-01 1.50343752e+00 -8.36438179e-01 2.98262060e-01
    4.52411413e-01 8.64903331e-02 -6.72809362e-01 4.05691326e-01
    7.41500854e-02 3.53721321e-01 5.25620878e-01 8.10278177e-01
    -3.94995034e-01 1.60662866e+00 4.10527647e-01 8.76700759e-01
    -6.52508259e-01 -6.56725168e-01 1.06718278e+00 4.94798005e-01
    -2.79233575e-01 6.47073209e-01 -3.25384587e-01 -5.01844943e-01
    2.78264761e-01 -3.05165440e-01 -4.21984017e-01 -7.76966810e-02
    3.65814745e-01 1.16609216e+00 6.66008353e-01 1.57770300e+00
    8.64656568e-02 9.14932489e-02 -4.55656409e-01 3.08176756e-01
    -3.76774669e-01 1.18763292e+00 1.79373336e+00 6.57822609e-01
    1.34161794e+00 4.07565176e-01 7.78033018e-01 4.92994666e-01
    4.19183373e-01 -4.48084682e-01 1.57697475e+00 -8.60195756e-02
    1.50530136e+00 1.00100994e+00 9.05353904e-01 6.50736094e-02
    9.61665273e-01 1.30247283e+00 -3.58256102e-02 -1.96888506e-01
    5.10628402e-01 1.06804347e+00 3.52091908e-01 5.76124787e-02
    -5.52280486e-01 6.48759961e-01 5.04416049e-01 -6.39116049e-01
    6.02195501e-01 1.24902880e+00 1.54998779e+00 8.62776458e-01
    -5.86382329e-01 -5.99339783e-01 8.49708915e-01 1.01853442e+00
    8.86312366e-01 1.50020516e+00 1.35615766e+00 -7.44905591e-01
    -4.14888918e-01 1.59994924e+00 -3.00480604e-01 -6.23222589e-01
    1.30155802e+00 1.76146078e+00 -5.50084889e-01 1.54413366e+00
    -4.14186150e-01 1.25882936e+00 5.31607866e-02 9.97834802e-02
    -1.72390342e-02 1.05368471e+00 -2.26850152e-01 -6.42271638e-02
    7.87521660e-01 1.37035382e+00 3.60820889e-02 8.77643287e-01
    7.92992115e-02 1.52326596e+00 -3.47491503e-02 9.55006361e-01
    8.28342795e-01 8.71412992e-01 -6.78534687e-01 -5.55763841e-02
    -3.71612579e-01 -1.07324898e-01 9.07818198e-01 1.53609633e-01
    1.31928217e+00 -1.26010418e-01 2.10170567e-01 4.81486022e-01
    1.10090911e+00 8.61553431e-01 -5.29605150e-02 8.03672791e-01
    8.24236274e-02 -6.22997344e-01 -3.51519138e-01 1.37157261e-01
    7.65190244e-01 -1.10844135e-01 1.22093129e+00 9.48790908e-01
    2.97950089e-01 -6.36026978e-01 4.88379240e-01 1.34123302e+00
    1.56406760e+00 6.21211290e-01 -1.71769738e-01 -3.30595732e-01
    1.47537601e+00 -6.79110646e-01 9.53658938e-01 1.54635155e+00
    -4.42765027e-01 1.04276073e+00 -2.32053995e-02 1.70217049e+00
    7.37187982e-01 1.26569581e+00 5.14871478e-02 -1.31845623e-01
    1.69106543e-01 2.22332239e-01 1.08761072e+00 3.57021153e-01
    1.40882814e+00 1.64404726e+00 1.35121965e+00 1.10660136e-01
    -2.73986250e-01 1.35000050e-01 -3.42046022e-02 5.19444048e-01
    1.11417556e+00 1.37779522e+00 1.13215828e+00 -4.29027349e-01
    -3.22171926e-01 -5.89274526e-01 5.06692290e-01 6.43957257e-01
    5.23690820e-01 -7.63893843e-01 1.75143528e+00 -7.76541054e-01
    3.24048936e-01 1.53196573e+00 3.93205881e-02 1.35647941e+00
    2.63512969e-01 -3.53541613e-01 6.96070492e-01 -7.61190772e-01
    -4.51689839e-01 -2.99683809e-02 1.66744184e+00 1.16189182e+00
    1.48734713e+00 2.95346618e-01 -2.06506133e-01 8.34551275e-01
    -4.74865854e-01 -3.43641102e-01 1.46751392e+00 -5.53942919e-01
    8.64725649e-01 6.55948639e-01 -6.32429004e-01 1.69539988e+00
    1.87568116e+00 3.04622054e-01 -5.69199920e-02 9.10248101e-01
    -1.58515275e-01 1.21343422e+00 1.06911993e+00 -4.39720720e-01
    6.46139443e-01 1.06370950e+00 4.11317825e-01 9.70901191e-01
    1.36787200e+00 1.85594738e-01 1.53878748e+00 1.03393221e+00
    1.43258286e+00 1.29340756e+00 5.91105282e-01 -7.32699037e-01
    1.96188092e-02 6.84343278e-01 3.67643833e-02 -1.40005469e-01
    1.03653967e-01 1.42838943e+00 -5.81503510e-02 6.84304416e-01
    2.62337923e-01 3.57615173e-01 -5.67135990e-01 1.68142009e+00
    1.77257836e+00 1.11546445e+00 -6.97678983e-01 4.66932058e-01
    1.42115831e-01 1.54657793e+00 4.95301247e-01 1.09635901e+00
    9.58935499e-01 1.22341537e+00 1.45603228e+00 1.69202280e+00
    7.05511808e-01 1.37588716e+00 4.32001948e-01 1.24585748e+00
    8.36279929e-01 6.82119489e-01 5.01083136e-02 1.67929769e-01
    5.06263256e-01 -6.23954535e-01 1.06156647e+00 1.14757705e+00
    -2.62110114e-01 1.49476337e+00 -1.66017592e-01 -2.41764128e-01
    1.61870193e+00 1.05785203e+00 8.77389610e-01 1.23808956e+00
    1.11438429e+00 1.38430417e+00 6.31525636e-01 -5.42776823e-01
    7.74863720e-01 9.84086037e-01 -1.51342750e-01 1.14351785e+00
    1.76929164e+00 8.82705688e-01 1.07813060e+00 2.02078700e-01
    3.96209061e-01 2.38635361e-01 5.11912823e-01 8.09355557e-01
    1.71328747e+00 -6.48774564e-01 9.68155622e-01 -3.74297798e-01
    1.81256235e+00 -1.01039946e-01 1.40458059e+00 -5.49749196e-01
    4.49696183e-02 1.40383244e+00 -5.44398069e-01 1.65463555e+00
    -1.09008789e-01 4.47384894e-01 1.22403586e+00 -2.07728088e-01
    -2.45800555e-01 7.66596198e-01 -4.73500729e-01 1.58440268e+00
    1.23618770e+00 -6.10322118e-01 7.51631379e-01 -7.10192919e-02
    -1.44813836e-01 -1.38197899e-01 1.47491431e+00 2.67889202e-01
    1.75400507e+00 1.04507267e-01 -4.25953269e-02 1.43698657e+00
    1.40834165e+00 -6.88869357e-02 -7.24557638e-02 7.82654107e-01
    2.62205184e-01 -2.30948210e-01 6.21052980e-02 1.33083105e+00
    8.97065401e-01 1.33404577e+00 1.22860968e+00 -7.68413126e-01
    -4.02750373e-02 8.73376846e-01 1.52569079e+00 -3.24288905e-01
    6.31246924e-01 -5.28585792e-01 -4.85758662e-01 -2.82019913e-01
    7.36493945e-01 -2.04238176e-01 1.43297958e+00 -3.16956222e-01
    1.04086220e+00 1.29199052e+00 6.57796264e-02 1.18422973e+00
    8.48055303e-01 6.86277509e-01 -2.14469582e-01 -2.64073998e-01
    1.09768724e+00 1.06255710e-01 4.63593006e-03 -4.66974705e-01
    1.47258568e+00 -5.43222725e-01 7.27253675e-01 1.76551640e-01
    7.18068957e-01 7.20684648e-01 -7.29382515e-01 -3.47173810e-02
    1.64747369e+00 -6.50184631e-01 5.12010336e-01 3.40158999e-01
    1.00745690e+00 -1.28547549e-02 4.76837218e-01 -6.15551114e-01
    -2.28279740e-01 1.85862637e+00 -5.69259822e-01 -3.83444756e-01
    1.14385986e+00 8.08115840e-01 9.04228687e-02 7.13295519e-01
    -3.50166768e-01 -3.89277995e-01 1.80528784e+00 4.08301234e-01
    3.21781635e-03 -5.90592384e-01 1.25082088e+00 1.24936271e+00
    6.44539833e-01 1.43129694e+00 1.28434718e-01 -1.49511456e-01
    -4.94759828e-01 1.63127887e+00 1.48580205e+00 5.49583912e-01
    -7.45645761e-02 1.58768415e+00 -1.70725703e-01 9.99891281e-01
    7.10099816e-01 1.21507406e+00 1.05851531e+00 8.66946459e-01
    8.45090449e-01 5.96296072e-01 1.25578451e+00 3.51349831e-01
    -2.28067875e-01 -5.84907770e-01 1.54360485e+00 -5.66024840e-01
    5.73669195e-01 4.40173864e-01 1.19519532e+00 -3.67582321e-01
    8.81393313e-01 5.67859471e-01 1.10947812e+00 5.14897645e-01
    -2.98729777e-01 -8.37748766e-01 2.27433741e-01 1.54419136e+00
    -4.21233237e-01 6.59002960e-01 8.00326288e-01 4.88299131e-01
    -2.31298149e-01 6.98968410e-01 1.55388916e+00 1.54366684e+00
    1.90873981e-01 4.03472066e-01 1.62290227e+00 1.05605292e+00
    1.27825963e+00 4.98181462e-01 -7.05723703e-01 3.63998413e-02
    5.39304793e-01 1.01829553e+00 1.16164362e+00 3.36259723e-01
    1.67821789e+00 -7.21641779e-01 -6.27242982e-01 1.22626817e+00
    -4.51089144e-02 6.27709389e-01 1.47594750e+00 9.14982021e-01
    1.62531412e+00 1.25863349e+00 5.43667018e-01 1.65904486e+00
    7.12774575e-01 8.72522414e-01 9.16493118e-01 -7.26372898e-01
    1.25430191e+00 1.36892164e+00 -4.99140084e-01 8.01461756e-01
    9.59188163e-01 9.58424747e-01 -5.49428821e-01 -1.59836113e-01
    1.64544785e+00 4.85788763e-01 -2.93493032e-01 4.03082848e-01
    1.40426362e+00 5.71266174e-01 9.07024384e-01 -5.87354958e-01
    6.31146431e-01 1.51174581e+00 -7.52670169e-02 -4.56210136e-01
    1.01860201e+00 5.51520884e-01 -3.94370735e-01 1.44717813e-01
    9.23774064e-01 1.28846014e+00 6.68539643e-01 -3.72440219e-01
    5.79149365e-01 1.27286053e+00 1.61517882e+00 3.17199528e-01
    1.57872760e+00 -4.42234665e-01 -5.71040869e-01 1.68759775e+00
    -2.87253082e-01 1.06659579e+00 9.81245458e-01 -4.09060121e-02
    5.85628569e-01 1.10410213e+00 1.09949279e+00 1.61650956e-01
    1.39262342e+00 -5.97406268e-01 -3.72998744e-01 6.32772088e-01
    -6.80217803e-01 1.38884246e-01 7.92552829e-02 1.62110615e+00
    5.48292935e-01 -2.54857779e-01 1.62803650e+00 -6.16810918e-02
    1.74029589e+00 -1.69148326e-01 -6.86227202e-01 1.31819129e+00
    1.02514839e+00 -5.95240235e-01 6.36220574e-01 1.42822862e+00
    -2.35625982e-01 9.58237708e-01 -2.62960494e-01 9.59837317e-01
    8.40129137e-01 1.61409986e+00 -3.13475013e-01 8.20127487e-01
    4.42521989e-01 1.27411842e+00 3.02297711e-01 3.92811298e-02
    4.44171906e-01 8.71125102e-01 -5.03610492e-01 6.60144806e-01
    -2.11012959e-02 -5.70013285e-01 1.63817847e+00 -7.15717435e-01
    1.43051362e+00 -4.30653274e-01 7.84939349e-01 6.59655333e-01
    8.51860046e-02 -3.30730140e-01 -4.91712898e-01 -6.50821149e-01
    1.23025656e+00 1.66083837e+00 -8.89967084e-02 1.90071642e-01
    1.06410038e+00 -5.44665217e-01 -6.21732235e-01 -5.90457618e-01
    5.83880305e-01 1.39278829e-01 4.01296258e-01 -8.03094506e-02
    6.94912672e-01 1.51901484e+00 8.14417362e-01 -5.04777431e-02
    -2.31387496e-01 6.09935641e-01 -1.29829705e-01 2.23228931e-01
    -6.32822514e-01 9.84438896e-01 6.69310212e-01 1.43959963e+00
    3.54035974e-01 -6.52578950e-01 8.79528522e-02 1.36255503e+00
    1.59126425e+00 7.46691108e-01 -8.25912356e-02 1.32925451e+00
    3.66814256e-01 8.55314732e-01 -7.23783791e-01 1.30508065e+00
    -7.06926346e-01 1.01526213e+00 1.03753507e+00 -7.36223578e-01
    7.36673355e-01 -3.84286344e-01 -6.62503004e-01 1.23736513e+00
    1.28792799e+00 5.50877690e-01 1.11053479e+00 1.04552126e+00
    1.51508939e+00 1.08608878e+00 1.36240661e+00 -9.48804021e-02
    1.26286185e+00 -6.34351015e-01 1.10280442e+00 6.83080733e-01
    -3.41411322e-01 1.06579494e+00 1.34696269e+00 1.49905372e+00
    4.94042397e-01 8.02043080e-02 9.34508085e-01 1.66794610e+00
    1.53535604e-03 -5.16575754e-01 1.19653714e+00 3.08044076e-01
    1.07361758e+00 -7.10623920e-01 1.43377948e+00 1.71281624e+00
    5.18143773e-01 5.31505466e-01 1.31923127e+00 -1.44030690e-01
    -5.40931106e-01 1.51253855e+00 -1.11528099e-01 1.07853365e+00
    1.63042521e+00 -5.90887845e-01 1.52233016e+00 1.32133722e-01
    8.35946143e-01 -2.70480990e-01 1.30592430e+00 -1.05653524e-01
    3.40159535e-01 -1.61969543e-01 -1.97352201e-01 2.72144735e-01
    -6.60265505e-01 1.32567644e+00 6.53970003e-01 1.07030845e+00
    7.76894093e-02 7.00700462e-01 -1.35018229e-01 1.65544820e+00
    1.46630335e+00 1.26010966e+00 -3.04121375e-02 8.69995177e-01
    -7.08981812e-01 1.60872900e+00 -3.38932693e-01 6.10881150e-01
    3.71439576e-01 -1.73643768e-01 -7.51952052e-01 1.50120497e+00
    9.13219213e-01 -2.14143991e-02 6.40813708e-01 -4.41826254e-01
    -3.73177588e-01 1.39385200e+00 -2.34494746e-01 1.84866333e+00
    8.53770137e-01 9.04152036e-01 -6.89189374e-01 1.35807741e+00
    5.87593615e-01 9.36999321e-01 1.22124767e+00 -5.49817920e-01
    1.90269768e-01 4.32845354e-01 8.61608982e-03 8.37841094e-01
    -1.17150843e-01 -3.69810671e-01 3.07661295e-03 -6.11097634e-01
    -7.00278163e-01 1.82258475e+00 -1.57969952e-01 8.32975149e-01
    7.37164795e-01 1.30981243e+00 6.86041951e-01 1.62884128e+00
    1.18607712e+00 1.30087626e+00 5.55001736e-01 9.70641851e-01
    -1.87717378e-01 -1.37969732e-01 -3.44953090e-01 -3.71848494e-01
    9.12461221e-01 -3.40475231e-01 8.23041558e-01 3.96881223e-01
    2.69550383e-01 -6.96093142e-01 9.84755874e-01 1.46662712e+00
    1.25757098e-01 1.61842322e+00 -1.03514731e-01 -4.16147441e-01
    1.83374143e+00 3.26937199e-01 6.59897089e-01 -4.66518342e-01
    -4.82369632e-01 5.13578117e-01 -2.15015024e-01 -4.75419074e-01
    7.95539796e-01 8.34365129e-01 1.45291173e+00 -7.44563401e-01
    9.16210234e-01 2.79698849e-01 4.09855425e-01 -5.84342599e-01
    1.49033618e+00 1.12106240e+00 1.15767181e+00 5.89641154e-01
    -6.81321561e-01 4.92010653e-01 1.55942464e+00 1.34700131e+00
    9.86179113e-01 1.08112049e+00 1.30267394e+00 -1.94810629e-02
    1.74418509e-01 1.24921942e+00 -6.71512127e-01 4.77024734e-01
    -7.59745479e-01 1.42211497e-01 1.63697445e+00 3.11302423e-01
    5.71842849e-01 6.77453876e-02 1.55004704e+00 -6.12373829e-01
    -4.03604537e-01 8.78801465e-01 6.76263273e-01 1.43054056e+00
    9.94972229e-01 6.28201365e-01 -5.28807044e-01 1.56853795e-01
    5.51604033e-01 1.08149886e+00 9.38848853e-01 6.37343884e-01
    -4.92530346e-01 1.44166374e+00 -3.97456050e-01 -5.05520701e-01
    -5.05657136e-01 1.10078466e+00 1.74232805e+00 -2.36614227e-01
    -1.11292541e-01 3.27945828e-01 4.62904572e-01 1.44136119e+00
    -2.26953685e-01 1.33034348e+00 3.65471065e-01 1.11367989e+00
    -3.30266237e-01 1.23617792e+00 9.76872861e-01 1.44466305e+00
    1.22308421e+00 7.72422373e-01 1.66594517e+00 1.03233194e+00
    -4.49511677e-01 -2.41174698e-01 1.29051948e+00 1.79283488e+00
    1.63432288e+00 -2.89099216e-02 1.65013433e+00 7.55413592e-01
    3.64283442e-01 1.77019036e+00 6.92589879e-01 4.86723185e-02
    -6.57743037e-01 1.46012008e+00 3.23771775e-01 7.79998302e-02
    -3.33923697e-01 -5.76861501e-01 1.11806965e+00 1.10002935e-01
    9.20926332e-02 6.21844411e-01 1.09928668e+00 1.23743558e+00
    9.17284489e-01 -6.78989947e-01 2.60828078e-01 1.54509175e+00
    -6.90984011e-01 -6.62364960e-02 5.19091427e-01 -1.43320143e-01
    -3.35902303e-01 -1.77286506e-01 -5.80660343e-01 1.59863913e+00
    4.86740232e-01 -2.00366914e-01 1.18165827e+00 3.84590745e-01
    5.50570846e-01 6.60995841e-01 -6.95209801e-01 -4.28455144e-01
    -1.71482623e-01 -1.01076663e-01 -2.64372706e-01 -7.43519366e-01
    -2.88313508e-01 1.77570760e+00 -7.04878092e-01 8.77266526e-01
    1.48143589e+00 9.36794877e-02 1.45792150e+00 1.72670579e+00
    -3.56317759e-02 1.24397600e+00 9.71515059e-01 1.04534888e+00
    -1.35465384e-01 4.12537634e-01 -7.39102840e-01 -7.18895316e-01
    8.89385939e-01 1.24651718e+00 -5.31775832e-01 6.25622571e-01
    4.00061011e-02 3.66248727e-01 1.18523836e-03 1.81612086e+00
    -2.20045149e-01 -1.34378910e-01 1.51511848e+00 1.77476323e+00
    1.18773365e+00 3.16169322e-01 1.06757605e+00 -2.53055245e-01
    -3.27373117e-01 -6.76273406e-01 1.74211240e+00 1.73013401e+00
    -3.00928056e-01 5.34870446e-01 6.15399003e-01 1.11458325e+00
    1.27429962e-02 4.42284942e-02 -1.56152487e-01 2.84283340e-01
    1.44106686e-01 -9.51633453e-02 -6.64532661e-01 -5.22998810e-01
    1.75248742e+00 3.11373830e-01 9.51288044e-01 1.10341096e+00
    9.80039239e-01 1.47656798e-02 -5.20069540e-01 1.36739683e+00
    -6.38986170e-01 -4.26858872e-01 -2.19784975e-02 1.71446180e+00
    -5.74960828e-01 1.86018348e-02 1.62012410e+00 -6.87574685e-01
    1.44194090e+00 5.72691500e-01 2.23774910e-02 -1.62220955e-01
    1.41505098e+00 7.13187933e-01 -2.92730093e-01 8.38874638e-01
    4.13903475e-01 1.56211507e+00 1.42828012e+00 1.07585144e+00
    7.52573967e-01 -2.37365842e-01 3.12335014e-01 9.90712464e-01
    -7.53498912e-01 1.65294266e+00 5.96194744e-01 9.30592179e-01
    -1.72626138e-01 1.67540109e+00 8.86656344e-01 1.15372646e+00
    1.20314121e-01 -1.68229580e-01 1.62489033e+00 1.39816666e+00
    1.26359689e+00 4.31539178e-01 4.63066459e-01 1.09313262e+00
    1.82729185e-01 1.18380976e+00 1.66918552e+00 6.65421009e-01
    6.58678174e-01 1.38529599e+00 1.36155796e+00 -1.19557023e-01
    -4.56847131e-01 1.66822934e+00 -2.89865583e-01 1.50179124e+00
    -1.67024434e-01 1.20325589e+00 9.52483773e-01 -1.49510205e-01
    3.06303501e-01 1.10031033e+00 -3.73507708e-01 1.10581708e+00
    1.87279475e+00 4.08303022e-01 2.49678969e-01 -7.20556378e-02
    1.06034744e+00 6.78091407e-01 -5.52189708e-01 3.41920495e-01
    -8.46230984e-03 -1.06262565e-01 -3.11117172e-01 -4.84373361e-01
    6.18520021e-01 8.76119077e-01 -6.35054231e-01 6.76960826e-01
    5.44383466e-01 -4.86137182e-01 -8.60244632e-02 1.45064414e+00
    -1.97160125e-01 2.04113305e-01 1.42915571e+00 9.82550681e-01
    -2.43431747e-01 1.02568865e+00 1.57143927e+00 7.50390470e-01
    3.48778307e-01 1.63758755e+00 2.43677855e-01 -6.38064504e-01
    9.56559002e-01 1.22486913e+00 1.51785755e+00 1.44585419e+00
    1.68090808e+00 4.06837225e-01 7.38524079e-01 -7.06512809e-01
    8.35552573e-01 4.11852360e-01 6.99291587e-01 -5.73204637e-01
    3.88753235e-01 2.78168023e-01 1.71078038e+00 -1.63985252e-01
    2.90847421e-01 1.73307657e+00 1.33444619e+00 1.04585052e+00
    5.33444285e-02 -1.28800273e-02 9.93956983e-01 4.63270962e-01
    2.52316892e-01 -1.84752703e-01 1.25711524e+00 -7.86530375e-02
    -9.64099169e-03 9.66942906e-02 1.31300592e+00 -5.24170935e-01
    1.25137949e+00 1.25377631e+00 -2.20372975e-01 1.63249493e-01
    1.12307322e+00 4.89330649e-01 1.59019065e+00 6.91984057e-01
    5.75588882e-01 2.83320606e-01 1.12715423e+00 3.36777389e-01
    1.62366700e+00 -3.34151387e-01 1.51627755e+00 -2.01270223e-01
    -1.13538921e-01 8.26393962e-01 -5.81458926e-01 8.86696160e-01
    -1.68657243e-01 9.06538844e-01 1.00572395e+00 -6.41331673e-02
    5.31075418e-01 4.84164298e-01 1.07604790e+00 -1.46508217e-03
    1.30929112e-01 -6.67379439e-01 -4.90341812e-01 1.31200957e+00
    8.28718007e-01 8.81089151e-01 1.64328480e+00 -5.99033475e-01
    4.11703169e-01 -2.21054137e-01 1.31436312e+00 -2.55496562e-01
    1.53935897e+00 -4.20485646e-01 1.79282606e+00 5.48372507e-01
    4.73507464e-01 1.55935979e+00 1.00143611e-01 -6.68079615e-01
    1.00637877e+00 1.72543812e+00 5.26327491e-02 -7.23534465e-01
    1.39088142e+00 1.47453094e+00 5.01774848e-01 2.93628573e-01
    1.78349292e+00 1.13169980e+00 -5.06056905e-01 9.04590487e-01
    1.77620673e+00 1.10444474e+00 1.17506790e+00 -1.56476796e-01
    1.98996782e-01 -3.23403269e-01 -7.16131687e-01 1.42937672e+00
    -1.27587855e-01 1.12260509e+00 7.45315611e-01 3.33019793e-01
    8.39575887e-01 1.06113303e+00 -2.78595775e-01 8.91962171e-01
    -4.20182228e-01 -3.80191237e-01 1.58085239e+00 1.55059004e+00
    1.42535925e-01 1.33653080e+00 -7.55330145e-01 1.29364085e+00
    1.62060332e+00 -5.75503588e-01 6.56641603e-01 1.32438052e+00
    -4.73409295e-02 -9.30892825e-02 -7.16156244e-01 1.02800822e+00
    -5.45297623e-01 -6.24820590e-01 9.16473031e-01 -4.72935140e-01
    -7.54120827e-01 1.51561975e+00 1.28740931e+00 -1.07511044e-01
    2.95655429e-01 -6.68295264e-01 6.24676406e-01 -7.28413105e-01
    -1.09803677e-01 7.17926800e-01 -4.43269640e-01 -2.13499635e-01
    9.89559054e-01 1.16664290e+00 1.56859934e-01 -1.52387083e-01
    7.75404096e-01 1.22730970e+00 8.06484818e-01 1.37506425e-01
    5.68762362e-01 -6.55654669e-02 1.62821531e-01 1.52407479e+00
    1.16233361e+00 -3.63198727e-01 7.70554423e-01 5.09695411e-01
    -4.30728197e-02 1.35430932e+00 5.89046180e-01 1.28119457e+00
    -2.17550993e-02 -4.80625629e-02 -2.10251749e-01 8.08339238e-01
    3.55677485e-01 1.33447886e+00 -4.66156185e-01 -3.97068739e-01
    1.20145261e+00 -3.76294255e-02 1.11576581e+00 -9.95925665e-02
    -3.54024649e-01 6.29258394e-01 9.67078328e-01 7.01090038e-01
    1.26226223e+00 1.46873546e+00 1.00115180e+00 1.11864054e+00
    -5.97386003e-01 1.50721192e-01 1.62323976e+00 -7.17100024e-01
    3.52090240e-01 9.36555326e-01 -5.56499600e-01 6.61342263e-01
    1.64085877e+00 4.57073033e-01 1.33701730e+00 -5.42293310e-01
    1.76502800e+00 1.67574883e+00 8.83516550e-01 1.00881433e+00
    1.98749781e+00 1.84232342e+00 1.64003146e+00 5.74197590e-01
    4.93666530e-02 4.72513437e-02 -7.38494098e-01 1.50646055e+00
    9.01338100e-01 1.14382792e+00 -1.76395953e-01 9.10800934e-01
    9.83235180e-01 1.31722343e+00 1.03094637e-01 -2.23001719e-01
    7.77196884e-01 4.54478085e-01 1.31215227e+00 1.50093198e+00
    4.55900669e-01 -8.29696655e-02 8.31125379e-01 1.64748096e+00
    8.71407390e-02 1.25739002e+00 1.38994205e+00 -4.63522524e-01
    5.62324226e-01 1.75086570e+00 1.24180317e-01 -2.74080694e-01
    1.00204659e+00 -1.13819957e-01 2.07138598e-01 1.55846024e+00
    1.09640741e+00 1.32660079e+00 1.11431098e+00 8.56253922e-01
    1.45656633e+00 1.05511713e+00 -2.11226702e-01 7.49224663e-01
    1.08695328e-01 -6.12812102e-01 -4.11719084e-02 1.24824786e+00
    3.13641369e-01 5.61621547e-01 -5.25407076e-01 7.58246124e-01
    5.94973445e-01 2.83890665e-01 -5.61838031e-01 -6.53544426e-01
    -2.29539812e-01 -5.18416882e-01 1.47124696e+00 -4.09209788e-01
    7.58286357e-01 -6.41264975e-01 2.92764902e-02 -6.17772579e-01
    7.60107815e-01 -6.99113488e-01 1.07687187e+00 6.31280243e-01
    1.52495503e-02 -4.01238203e-02 8.19773376e-01 -5.26682913e-01
    -5.43485343e-01 1.66786408e+00 -2.45063901e-02 1.25787020e+00
    -4.29261118e-01 5.58525741e-01 -1.19411767e-01 4.08338070e-01
    1.21418858e+00 1.60219491e+00 -7.09317803e-01 1.17756140e+00
    -4.02084619e-01 -5.31417608e-01 -6.79037571e-01 -6.07337356e-02
    -5.51199913e-01 5.88328958e-01 2.39895046e-01 1.66414309e+00
    1.04481745e+00 1.33048475e-01 -6.75327837e-01 1.70846462e+00
    1.65005445e+00 1.57746673e+00 4.32194710e-01 1.55976951e+00
    1.23796999e-01 -1.85988009e-01 3.59608531e-01 8.32277894e-01
    1.68298388e+00 4.67426598e-01 3.81602049e-01 5.23818552e-01
    -1.92426503e-01 5.44961214e-01 1.36823773e-01 1.18979466e+00
    1.33038485e+00 1.71148896e-01 -5.14055967e-01 1.33228731e+00
    -4.48196501e-01 4.34557617e-01 -6.29244447e-02 7.24993885e-01
    -1.94130182e-01 1.60417771e+00 4.63337839e-01 -3.97692829e-01
    1.48846030e+00 -2.44136989e-01 1.74401820e-01 2.23607719e-01
    -4.81485009e-01 -5.52373886e-01 1.20495129e+00 2.76154041e-01
    7.78189898e-01 1.30028784e-01 1.47367668e+00 -2.44843423e-01
    3.10891807e-01 4.03026581e-01 5.30033708e-02 1.61755061e+00
    1.60472775e+00 3.38282466e-01 -1.09306157e-01 6.45065367e-01
    8.51658225e-01 3.60321999e-01 -2.23399103e-01 8.70987654e-01
    1.34828794e+00 4.86998737e-01 2.22446680e-01 8.69084597e-02
    1.32436073e+00 9.00318623e-01 -2.72563875e-01 1.41124380e+00
    -1.10951722e-01 -3.52689445e-01 7.38441944e-04 8.67604852e-01
    1.60513401e+00 3.67490053e-01 1.39661098e+00 1.00115395e+00
    3.01311433e-01 1.25545216e+00 9.89131749e-01 -2.20769644e-02
    1.22746050e-01 1.50859237e+00 -5.48950315e-01 3.85254264e-01
    -1.87619984e-01 3.64775896e-01 1.15923786e+00 6.40435815e-01
    -7.48804271e-01 1.41266501e+00 1.57731378e+00 1.19125283e+00
    1.32342207e+00 2.71342397e-02 1.59622777e+00 -7.35951781e-01
    -5.28570652e-01 8.50229800e-01 5.25782347e-01 3.43348384e-01
    2.85936058e-01 1.50477552e+00 1.70763290e+00 4.93798614e-01
    1.27253175e+00 5.10801673e-01 1.33095384e-01 6.00171089e-02
    6.46402180e-01 1.42450500e+00 -4.95258570e-02 4.30359364e-01
    5.12306094e-02 2.55962789e-01 3.06809247e-01 1.05451345e-02
    -4.35494006e-01 1.59774566e+00 1.34223485e+00 -6.61312222e-01
    1.18204117e-01 -6.11168087e-01 1.18979013e+00 1.24215031e+00
    1.64974511e-01 7.60322154e-01 9.16996837e-01 -4.03254241e-01
    -2.37364829e-01 8.97732079e-01 1.22042537e+00 -5.58459640e-01
    1.76309252e+00 1.40409660e+00 -7.57378340e-02 1.46066475e+00
    1.11546278e+00 -8.14747810e-02 1.43555999e+00 1.81518066e+00
    7.28227615e-01 1.71398222e+00 1.33360434e+00 -5.37704229e-01
    1.28246593e+00 3.57383192e-01 1.09230471e+00 -5.70899248e-02
    -1.36020422e-01 1.62934792e+00 1.36605501e+00 -7.02458620e-02
    7.15116858e-01 -1.89097345e-01 -2.52505958e-01 6.77597642e-01
    1.98211670e-02 -6.47709906e-01 7.31586814e-01 -4.76614505e-01
    9.68824267e-01 1.18189478e+00 -1.55811548e-01 1.24037027e+00
    -3.50660175e-01 5.17307699e-01 1.32429838e+00 1.47347260e+00
    1.59089816e+00 1.41703510e+00 -5.01948476e-01 3.96974087e-02
    1.48954868e+00 -6.26322627e-01 5.19005299e-01 -4.56671774e-01
    -3.27298045e-02 8.05148423e-01 -1.71114147e-01 8.04663181e-01
    1.14762676e+00 -5.60836375e-01 -5.65890312e-01 -6.76568151e-02
    1.04956543e+00 -5.42330444e-01 9.51416075e-01 -5.43053925e-01
    -5.96499562e-01 -1.39293909e-01 -2.84670591e-02 7.46256113e-01
    4.38473821e-01 -3.64850432e-01 2.76766062e-01 -6.31299496e-01
    -5.22560894e-01 -4.96366084e-01 -4.78507459e-01 9.44577456e-02
    7.66235054e-01 1.00856781e+00 5.18199861e-01 1.58272600e+00
    -5.86645007e-01 4.00402904e-01 7.72957265e-01 -3.00837874e-01
    1.00238013e+00 1.30568707e+00 1.07797122e+00 8.13338637e-01
    1.60862565e-01 -3.98032069e-02 -5.47532141e-01 -5.57590485e-01
    6.35657310e-01 2.12763965e-01 1.22877502e+00 -3.77428532e-03
    -3.37348729e-01 1.52777219e+00 6.28139913e-01 6.44148231e-01
    2.19289243e-01 -1.30399227e-01 -4.89151716e-01 1.71878386e+00
    9.61981356e-01 9.35256183e-01 -3.71651500e-01 8.77828300e-01
    -1.98704600e-01 2.31449723e-01 1.30615973e+00 6.72733963e-01
    1.56883907e+00 1.66472590e+00 1.57490146e+00 -1.14898205e-01
    5.17022371e-01 3.43969464e-01 1.54042041e+00 -3.78831118e-01
    4.52373803e-01 -1.31712437e-01 1.62956631e+00 7.88419187e-01
    1.15032613e+00 -1.91069841e-02 -1.31375849e-01 6.45538568e-01
    6.35727286e-01 4.04957414e-01 -1.90014660e-01 9.93061125e-01
    1.12094164e+00 1.29311669e+00 1.73704505e+00 -3.94503415e-01
    -5.14241517e-01 -4.75806922e-01 9.14772749e-01 1.02986228e+00
    3.17813039e-01 7.73027837e-01 5.48020482e-01 -2.64163226e-01
    -1.17681026e-02 -1.07778668e-01 1.55850887e-01 3.59040439e-01
    1.20648754e+00 1.42562151e+00 5.43334305e-01 -1.44146144e-01
    4.66773570e-01 1.43427742e+00 -2.23595500e-02 -6.67937994e-01
    1.22498870e-02 1.13245487e+00 -8.22301507e-02 1.16446114e+00
    7.91179776e-01 2.84757197e-01 -4.18042541e-01 6.06855869e-01
    -5.73613524e-01 2.13471115e-01 6.36958063e-01 -1.46413028e-01
    1.45450449e+00 -5.92299342e-01 -2.96721458e-02 1.27059484e+00
    1.34062469e+00 2.40061343e-01 1.37264812e+00 1.26388335e+00
    7.80856729e-01 8.58964324e-01 -7.19062209e-01 7.78491735e-01
    1.45700598e+00 1.64412177e+00 5.10139644e-01 2.47940063e-01
    6.16929293e-01 1.78752780e-01 7.74787247e-01 3.89672399e-01
    1.61104190e+00 1.13827109e-01 -1.19261861e-01 -2.85461843e-01
    -5.02726674e-01 6.22943401e-01 1.38858330e+00 -5.38442850e-01
    7.07488656e-02 -6.03234887e-01 1.83582485e-01 1.06430399e+00
    1.82025874e+00 -6.90741301e-01 1.01860976e+00 1.75604773e+00
    -9.14312005e-02 2.67448545e-01 -2.99764872e-01 9.58467960e-01
    -3.34908366e-02 1.09080076e+00 1.60629296e+00 -1.73454165e-01
    8.77884090e-01 9.95744467e-01 -1.63817525e-01 1.29621649e+00
    1.59243441e+00 -5.48271060e-01 7.27435112e-01 1.08343422e-01
    4.36809778e-01 2.61531293e-01 -8.32395554e-02 2.52981603e-01
    1.46018553e+00 -6.37181878e-01 1.37617517e+00 9.87400770e-01
    1.50607491e+00 1.45315075e+00 7.17255831e-01 -5.55901766e-01
    -8.57550502e-02 1.07358158e+00 1.62101960e+00 -5.19765615e-01
    -2.46033311e-01 5.39586782e-01 8.24527383e-01 -1.54662669e-01
    -6.52575254e-01 1.37252688e-01 3.52690458e-01 -2.26022005e-01
    -1.62999630e-02 5.98196030e-01 6.94221139e-01 -1.78172588e-02
    1.06172240e+00 -3.09915543e-02 9.81881678e-01 -5.84769487e-01
    1.10655165e+00 3.64858866e-01 1.53607213e+00 -3.85296792e-01
    2.85923839e-01 -4.63409305e-01 4.12336767e-01 1.37667930e+00
    1.32529807e+00 -5.92697620e-01 5.35486042e-01 1.82656825e-01
    1.81997967e+00 2.68360138e-01 -5.20677805e-01 -2.26396441e-01
    -2.28696048e-01 2.43261516e-01 6.48981333e-03 2.80531466e-01
    9.75114107e-01 5.78253508e-01 8.82560372e-01 -7.71417737e-01
    -2.46691883e-01 2.12513745e-01 -4.56622243e-01 1.48368430e+00
    -2.22841084e-01 -3.66210461e-01 -5.83700597e-01 -3.30368042e-01
    -1.50901079e-03 1.74995112e+00 1.14851534e-01 5.19862235e-01
    1.47016454e+00 1.49958849e+00 7.10198760e-01 -1.14227057e-01
    -4.54652905e-02 3.23316336e-01 9.42305267e-01 -6.75043464e-01
    1.46950161e+00 1.39714360e+00 -6.17855608e-01 5.29874444e-01
    -2.10521907e-01 1.17242968e+00 1.44607294e+00 4.10103738e-01
    -6.95201933e-01 1.68659925e+00 1.15737069e+00 1.46383381e+00
    -2.63840973e-01 1.69751883e+00 4.07942295e-01 1.49093628e+00
    7.96041906e-01 -6.44291461e-01 6.32496357e-01 1.47593534e+00
    -6.54355168e-01 -4.42915201e-01 1.22796428e+00 -5.08613467e-01
    1.59331548e+00 1.01449108e+00 6.77711248e-01 7.15799451e-01
    1.43504739e+00 7.83466697e-01 7.29262829e-03 -3.83543551e-01
    -4.07846451e-01 -3.30312192e-01 -1.79978460e-01 -5.07053196e-01
    3.15489829e-01 1.20558321e-01 1.74800205e+00 1.52165151e+00
    -2.52504349e-01 -5.53229451e-02 -2.18504608e-01 3.70152771e-01
    1.07526720e+00 1.57605588e+00 7.37796903e-01 7.20085323e-01
    -1.29830122e-01 -7.72574663e-01 1.74829292e+00 1.83085620e-01
    -2.42087901e-01 -5.13470411e-01 -6.03868127e-01 1.05522966e+00
    -4.15874481e-01 1.49556935e-01 -2.15514153e-01 1.06594563e-01
    -2.97568440e-01 1.14055800e+00 -1.75080240e-01 -1.36852264e-02
    9.73580837e-01 5.59213042e-01 -2.39134014e-01 -5.10294616e-01
    -1.66736126e-01 -7.18455315e-02 5.63828826e-01 -5.67230165e-01
    -2.06093311e-01 -6.53434634e-01 -7.59752810e-01 1.18238091e+00
    1.65324366e+00 2.03959823e-01 1.22971654e+00 8.10126424e-01
    2.12344527e-02 5.99977732e-01 6.08663857e-01 1.03973365e+00
    1.10134542e-01 4.97610033e-01 9.05809164e-01 9.36015606e-01
    -4.43351865e-01 8.05733800e-01 1.54584432e+00 -2.87734389e-01
    1.63854516e+00 1.68116736e+00 -2.39637792e-01 3.43230426e-01
    1.36056221e+00 1.40337694e+00 9.31280434e-01 -7.24195421e-01
    1.23408198e-01 -7.54490674e-01 -7.11030602e-01 -2.15598464e-01
    -1.69790983e-01 2.74026155e-01 4.25277948e-02 9.92160261e-01
    9.49173987e-01 1.27345371e+00 1.33426774e+00 -7.82172918e-01
    6.90232635e-01 -5.75212538e-01 1.41179979e+00 1.77663898e+00
    1.30919647e+00 1.71330106e+00 -5.98313093e-01 9.71933246e-01
    8.22823346e-01 -1.40551507e-01 1.78864861e+00 1.66295815e+00
    3.65924239e-01 -6.61545396e-01 -3.41423512e-01 -1.47690237e-01
    1.65963948e+00 7.14843690e-01 1.20605659e+00 -7.15611339e-01
    1.55390358e+00 8.39037895e-01 7.39961445e-01 1.66927600e+00
    7.55124032e-01 1.47710907e+00 -4.58268404e-01 1.57907438e+00
    -1.52071714e-02 -5.43627262e-01 1.50934410e+00 5.06464064e-01
    1.71732903e-03 5.32685041e-01 9.12615061e-01 7.65837610e-01
    -4.71980512e-01 8.18126976e-01 -6.60869241e-01 1.38103962e+00
    5.02096474e-01 8.44399571e-01 1.03752661e+00 4.56279576e-01
    1.96248412e-01 1.25355756e+00 1.68229222e+00 -7.55259693e-01
    -3.81305695e-01 1.63130283e+00 -5.56762159e-01 -1.97949231e-01
    1.22367573e+00 9.32145715e-02 3.75415921e-01 1.20300627e+00
    -7.59122610e-01 1.04194546e+00 -5.49210072e-01 -1.62197888e-01
    1.37174511e+00 8.63356709e-01 -1.25292182e-01 1.27565026e+00
    1.19785857e+00 3.67458224e-01 7.17862844e-01 6.30787730e-01
    8.00820470e-01 1.74468195e+00 1.60362363e+00 2.83147037e-01
    4.25067484e-01 1.11399889e-01 -4.98405725e-01 1.25621963e+00
    5.49888611e-02 -7.60465980e-01 1.09443247e-01 8.11081946e-01
    -4.03203547e-01 -4.06960696e-01 -1.43297374e-01 1.25192356e+00
    6.65959299e-01 1.50805497e+00 8.76966715e-02 1.79534769e+00
    1.78114724e+00 -6.24973774e-01 1.16690707e+00 1.82706773e-01
    -1.34208351e-01 8.33903074e-01 4.49794531e-02 6.16849124e-01
    -4.80310410e-01 2.21512377e-01 1.75564563e+00 1.76919019e+00
    -2.25621372e-01 1.14984453e-01 3.73631120e-01 -2.10471749e-02
    3.76898408e-01 1.66718459e+00 -5.59583008e-01 1.59112155e+00
    -2.91577399e-01 1.83844721e+00 1.22659802e-02 1.04698014e+00
    -5.78525305e-01 1.12351036e+00 3.30451727e-01 6.14014685e-01
    1.54614079e+00 -6.27790153e-01 -5.30310512e-01 -5.27160585e-01
    2.77237535e-01 -3.56989861e-01 -4.01782364e-01 -3.09632421e-02
    1.00433588e+00 1.59166551e+00 4.82506871e-01 2.68458545e-01
    -7.59223640e-01 -5.34230351e-01 8.79834473e-01 1.50525653e+00
    7.09832311e-02 -7.26795495e-01 1.74945426e+00 -9.41633582e-02
    3.80456746e-01 1.32931483e+00 4.24158096e-01 1.99144483e-01
    1.38525963e+00 -6.22590959e-01 1.13072813e+00 -5.46675920e-01
    1.49502599e+00 -4.62415278e-01 9.94167149e-01 -3.15412372e-01
    1.15707588e+00 1.20093775e+00 1.77739477e+00 7.30864167e-01
    1.90837383e-01 5.65019429e-01 6.08884692e-02 1.46577811e+00
    7.98468232e-01 1.38262606e+00 -5.51545024e-01 5.53885877e-01
    -5.44604778e-01 -2.22217143e-01 7.94512868e-01 9.23396826e-01
    3.89396429e-01 -2.36639589e-01 -2.63777047e-01 -3.11887860e-02
    -5.97713470e-01 1.28681004e-01 5.83805263e-01 1.31065023e+00
    6.70932531e-01 1.60987496e+00 1.54890704e+00 1.09751749e+00
    1.83902061e+00 -3.05906236e-01 6.97101355e-02 6.32062078e-01
    1.59513235e+00 9.02900338e-01 -1.50806069e-01 5.04463494e-01
    1.66908288e+00 -2.72996902e-01 -6.13424420e-01 7.02849329e-01
    -3.52065206e-01 4.63504732e-01 -3.44369411e-01 1.05931520e+00
    2.25458741e-02 1.10320568e+00 1.14098096e+00 1.65714002e+00
    1.15175474e+00 1.15117049e+00 6.26269817e-01 1.80243933e+00
    7.21654594e-01 -2.06987649e-01 8.33086967e-01 1.79532647e-01
    1.86103272e+00 -2.50651807e-01 1.01788902e+00 -5.50878167e-01
    4.45425808e-01 2.10838079e-01 1.67074764e+00 1.44624710e-01
    -2.37147987e-01 -1.82646275e-01 9.64815259e-01 -8.10074687e-01
    1.60569990e+00 5.79365611e-01 1.48977184e+00 1.72929859e+00
    1.58448005e+00 -5.77471852e-01 1.75442433e+00 -2.44742751e-01
    1.76096058e+00 1.73142195e+00 -3.62918466e-01 3.95395279e-01
    -3.74169797e-01 1.03932810e+00 8.86301398e-02 1.67944622e+00
    1.06538463e+00 5.61851740e-01 -4.63923097e-01 1.82324708e-01
    -4.18885022e-01 4.16215897e-01 1.75389385e+00 -1.91320181e-01
    -3.36418331e-01 1.62712288e+00 1.42723310e+00 -5.74674487e-01
    -1.05147719e-01 1.63419318e+00 -6.16134405e-01 3.90561640e-01
    1.15181327e+00 9.95545149e-01 4.30929065e-02 1.74001622e+00
    1.39938331e+00 7.20590353e-02 1.74969721e+00 -5.04978180e-01
    -2.31713593e-01 2.97411084e-02 -1.22424543e-01 1.15162885e+00
    4.67188835e-01 -6.64158225e-01 3.68556976e-02 2.58107364e-01
    1.05801880e-01 7.30134249e-01 3.82206917e-01 5.06530464e-01
    7.15172529e-01 7.76744246e-01 1.16716123e+00 7.89622486e-01
    1.72094297e+00 -2.41621852e-01 -2.25802720e-01 7.16505229e-01
    -7.21386552e-01 -7.18108058e-01 1.48517382e+00 3.44168067e-01
    1.45683229e+00 2.95360804e-01 -4.27963555e-01 1.38871980e+00
    -2.57078707e-01 2.36761153e-01 9.50269461e-01 4.63512063e-01
    -2.35116124e-01 1.16558433e-01 5.31320155e-01 1.25540757e+00
    1.23071301e+00 -1.23115301e-01 5.56632876e-01 5.56632221e-01
    1.07557547e+00 -2.13938236e-01 -3.56893092e-01 9.06713367e-01
    1.62617540e+00 4.72429156e-01 1.52977562e+00 -1.93437397e-01
    -1.50311470e-01 7.22377062e-01 -1.36780798e-01 8.34298491e-01
    1.73744273e+00 -5.00243545e-01 -3.82571518e-01 1.53457558e+00
    1.47582245e+00 -6.76657915e-01 5.09068668e-01 1.42813993e+00
    -3.36931050e-01 8.65879059e-01 1.23378551e+00 1.37155080e+00
    -4.96939123e-01 1.46555948e+00 1.38819432e+00 -2.11813033e-01
    -1.89915001e-01 -4.06237423e-01 3.45879734e-01 5.89422464e-01
    1.21212006e-03 3.09765458e-01 9.30037856e-01 1.11855233e+00
    1.39088964e+00 -8.25263262e-02 1.15048158e+00 1.46569479e+00
    4.32250738e-01 6.23716831e-01 5.37427723e-01 1.18741918e+00
    1.05582535e-01 1.12888515e-01 9.47621465e-01 -6.60342336e-01
    -5.36509871e-01 -3.92235905e-01 4.03384924e-01 3.37512910e-01
    1.11203098e+00 5.61694503e-02 7.07185268e-03 1.17275143e+00
    1.59611189e+00 -6.44093156e-01 1.04654193e+00 -1.23504400e-01
    1.15592027e+00 1.89107060e-02 -3.63765299e-01 3.08931291e-01
    1.36236966e-01 -5.16834795e-01 2.87697792e-01 -6.68160975e-01
    2.30072379e-01 -7.28398561e-02 7.97819674e-01 -2.42848873e-01
    -6.46986842e-01 -5.29203892e-01 1.22688305e+00 6.64086580e-01
    1.76178944e+00 -4.57322866e-01 1.80229378e+00 6.02747798e-01
    1.45303583e+00 1.43982816e+00 7.55071163e-01 9.95782316e-01
    1.27206874e+00 1.05684102e+00 1.38325036e+00 8.41238678e-01
    5.34340501e-01 2.57750750e-01 4.69993353e-01 9.48005080e-01
    1.63437486e+00 -4.76492941e-01 4.80899334e-01 1.07375085e+00
    3.27647865e-01 1.26676202e+00 -1.56048536e-02 -5.51015258e-01
    7.50511467e-01 -6.80758953e-02 5.42832196e-01 1.54478538e+00
    1.14054179e+00 1.60726833e+00 2.89910078e-01 1.79298913e+00
    3.45291466e-01 -2.46035993e-01 1.79236460e+00 -4.66037631e-01
    -2.88913965e-01 5.76816320e-01 5.89646757e-01 -1.77581608e-01
    -7.04051733e-01 -7.40501881e-02 -4.07858133e-01 1.61093915e+00
    -7.08741248e-01 7.58930743e-01 -9.97321606e-02 -6.83630705e-02
    1.74289489e+00 1.04743063e-01 -6.67595148e-01 1.32723629e+00
    6.48486733e-01 -2.39753127e-01 1.23498714e+00 1.30730438e+00
    3.65711093e-01 -4.41979975e-01 -4.45896894e-01 1.70982087e+00
    7.42604494e-01 8.06042731e-01 -3.98276269e-01 2.74039447e-01
    -5.47261238e-02 1.63992631e+00 -3.62857401e-01 -3.01417291e-01
    -1.88179553e-01 1.58308697e+00 2.14149356e-02 3.38849187e-01
    1.09464407e+00 1.31992435e+00 5.58693647e-01 1.15927672e+00
    1.11074400e+00 7.17708349e-01 7.28736639e-01 9.05970573e-01
    1.63609004e+00 -1.41619265e-01 1.64600766e+00 -2.92152226e-01
    -4.94038820e-01 1.66224325e+00 8.86489809e-01 -3.55712175e-02
    -4.85603780e-01 -6.78892732e-02 -3.68962884e-02 4.48718548e-01
    1.34168029e+00 4.53528464e-01 2.12372780e-01 1.12232900e+00
    5.44734120e-01 9.19355094e-01 1.47413540e+00 7.23348022e-01
    -7.71726310e-01 3.89529228e-01 9.28277850e-01 6.12685800e-01
    -3.24103206e-01 8.88549685e-02 9.46860194e-01 -2.50408322e-01
    -4.63458657e-01 4.57219481e-01 -1.88502938e-01 -3.91118288e-01
    1.55667484e-01 1.25278950e+00 9.10490870e-01 7.98912227e-01
    -5.23038387e-01 7.17852890e-01 5.91197610e-01 -6.99245572e-01
    -3.05047154e-01 1.00602460e+00 1.62090588e+00 1.61618173e+00
    -5.37230253e-01 1.36830759e+00 1.86053634e-01 1.10779405e-01
    1.18412066e+00 1.65708721e+00 1.36176944e-01 1.31504822e+00
    1.40552175e+00 -7.43300974e-01 -2.25425363e-02 -2.52278328e-01
    6.23873353e-01 6.05085075e-01 1.13011861e+00 8.00040781e-01
    1.57091403e+00 -4.09345031e-02 -4.81893688e-01 4.44820285e-01
    1.37047541e+00 -1.19270086e-01 -2.39121914e-01 1.22449136e+00
    -5.63206971e-01 -5.84288478e-01 -6.67638779e-02 1.06998038e+00
    8.18153918e-01 -4.06563282e-01 -4.23135310e-01 2.43042707e-01
    3.69658768e-01 -5.21056771e-01 5.82664013e-02 1.55497158e+00
    4.82666552e-01 4.41817045e-02 -2.47144103e-01 9.63047683e-01
    6.00771606e-01 5.14732838e-01 1.13772392e+00 1.06867003e+00
    1.61845195e+00 4.90009546e-01 1.20316684e+00 1.36133301e+00
    6.19489968e-01 6.55037165e-03 1.15607738e-01 1.32425106e+00
    1.33594644e+00 8.14711392e-01 1.13954544e-01 9.33588803e-01
    1.43060076e+00 1.13779712e+00 1.22949553e+00 6.02069020e-01
    5.27892470e-01 1.58508635e+00 -1.89388752e-01 -3.62136900e-01
    1.30192447e+00 -5.09182632e-01 -6.61963344e-01 1.35685682e+00
    1.67197108e-01 3.94550741e-01 -2.85711884e-01 1.52385783e+00
    4.91757035e-01 1.61520004e+00 1.12980855e+00 7.44835019e-01
    -1.93199158e-01 7.60881662e-01 6.77739501e-01 1.36635387e+00
    -3.20545673e-01 -2.53838956e-01 1.20094097e+00 -2.96216011e-02
    -5.54749131e-01 1.55039310e+00 1.09099483e+00 2.47673333e-01
    6.10854805e-01 9.74493921e-01 -3.43973547e-01 9.93776619e-01
    5.31327963e-01 5.81067204e-01 9.83797967e-01 3.43907118e-01
    9.65845942e-01 7.46266127e-01 7.75792003e-01 9.00254846e-01
    -6.90201223e-01 9.52260137e-01 6.51339650e-01 1.48496270e+00
    -2.35556662e-01 1.52100146e+00 1.55675721e+00 2.73221016e-01
    -3.46884280e-01 -5.50092161e-01 -4.76540685e-01 9.72676694e-01
    -2.71482706e-01 4.25046086e-02 4.76531506e-01 -5.36950231e-02
    -4.88516659e-01 1.79455876e-01 1.09862328e+00 1.14614129e+00
    -6.60070121e-01 1.76622796e+00 8.01505387e-01 -2.86166668e-02
    1.23627281e+00 -5.22869825e-03 1.75810897e+00 8.01597714e-01
    -7.18300700e-01 7.53965199e-01 1.17657650e+00 1.66021287e+00
    1.26269889e+00 -1.84947193e-01 8.14148605e-01 -4.24071163e-01
    1.64321280e+00 -3.16294730e-01 1.74966717e+00 -3.55943739e-01
    1.47925913e+00 -4.03327465e-01 9.72520471e-01 4.28929806e-01
    -3.67094815e-01 -2.05431223e-01 1.34089601e+00 1.54024839e+00
    -2.46802866e-01 1.63448238e+00 -5.33940196e-02 1.63376570e+00
    1.72250450e-01 -2.49402463e-01 5.29953539e-01 7.20623434e-01
    9.88511980e-01 7.76261687e-01 1.44146085e+00 1.46382535e+00
    1.20319486e+00 -5.33548176e-01 4.53293324e-02 1.86301219e+00
    -2.90092826e-02 6.36644363e-02 1.48744202e+00 -9.17842984e-02
    1.84810102e-01 1.54686606e+00 -8.66273046e-02 1.59325278e+00
    1.18065810e+00 1.28735030e+00 4.84231353e-01 1.59082401e+00
    8.56809080e-01 1.51604366e+00 1.23462713e+00 1.52207708e+00
    1.54460180e+00 7.17278957e-01 4.95557249e-01 1.33051300e+00
    6.29793823e-01 -5.50316691e-01 1.77206659e+00 -6.20089173e-01
    5.56946695e-01 1.53485012e+00 2.25827694e-01 1.09153998e+00
    -2.66307592e-02 -6.81676924e-01 1.18608201e+00 -2.96227127e-01
    1.60484409e+00 -3.70328188e-01 5.49405932e-01 -4.94321048e-01
    5.46510220e-01 4.35601175e-01 1.05811250e+00 9.21707749e-02
    -6.27617002e-01 1.17211080e+00 8.03638101e-01 -2.81841874e-01
    6.73496127e-02 -5.94132185e-01 2.27182686e-01 -2.36133814e-01
    2.13284612e-01 1.30784535e+00 -2.73052514e-01 1.09984040e-01
    5.52962780e-01 -4.00018036e-01 -5.92891812e-01 -3.15159619e-01
    1.26416719e+00 1.08980858e+00 9.39913034e-01 8.82592440e-01
    1.15086174e+00 1.01895142e+00 1.02287412e+00 -5.74677944e-01
    -2.57420540e-02 1.69275463e-01 1.34346998e+00 2.95668840e-01
    3.94560695e-02 1.59149039e+00 -7.41057634e-01 1.17679119e+00
    1.57338297e+00 5.79320192e-02 -3.71668696e-01 -6.27897739e-01
    2.50069439e-01 8.49385679e-01 1.04702830e+00 -1.10909879e-01
    -4.48403120e-01 -5.76351047e-01 1.42404914e+00 1.03651464e+00
    4.66743946e-01 1.53207517e+00 1.59343123e-01 1.47952938e+00
    1.63410068e-01 -3.32276613e-01 -6.42380416e-01 -2.09471107e-01
    -4.22376186e-01 7.39302814e-01 7.81797886e-01 1.58632588e+00
    8.20134342e-01 -1.03977978e-01 1.18972874e+00 2.38111436e-01
    1.58039916e+00 8.46696794e-01 7.17351437e-01 3.40901017e-01
    -2.56817490e-01 7.12278485e-01 2.61828423e-01 9.44007874e-01
    1.56869411e-01 -5.04500985e-01 7.65073180e-01 1.19402504e+00
    5.72076082e-01 -1.52928352e-01 1.51044130e+00 1.38784909e+00
    7.99451053e-01 1.18938684e+00 1.05171204e-01 1.10097146e+00
    -4.26154166e-01 1.12591290e+00 1.19399369e+00 7.57742643e-01
    1.02732980e+00 8.70671868e-01 -1.74856544e-01 1.44526792e+00
    9.05428946e-01 1.32985020e+00 -5.67367136e-01 -2.09095955e-01
    1.18789256e+00 -2.85708249e-01 -6.12812877e-01 -5.06534338e-01
    1.35791469e+00 5.81326485e-01 1.77251875e-01 1.03056717e+00
    5.54554820e-01 1.42480826e+00 -7.41986871e-01 1.69445229e+00
    -6.74889743e-01 1.44222081e-01 7.97358394e-01 8.22696686e-02
    1.22302485e+00 7.38851786e-01 -1.44835234e-01 -5.24752140e-01
    -9.83936787e-02 1.26311481e+00 6.98609948e-01 8.09008360e-01
    1.23642504e+00 -7.24487662e-01 1.17281675e+00 1.15478170e+00
    2.69484937e-01 -5.64827859e-01 1.51297200e+00 -6.96116865e-01
    7.75256872e-01 8.15651894e-01 1.10195529e+00 -1.98298514e-01
    -1.61090374e-01 1.18489301e+00 1.21454930e+00 -4.85695869e-01
    1.02431345e+00 1.61477244e+00 1.62448919e+00 -4.70203400e-01
    2.12888479e-01 -4.68709737e-01 1.80468118e+00 5.66128552e-01
    -1.95817471e-01 1.06950927e+00 1.47822046e+00 9.04324234e-01
    4.30461824e-01 1.30414593e+00 9.21149254e-02 -8.54510844e-01
    -5.43071747e-01 9.32949781e-01 8.60653341e-01 1.44774604e+00
    9.94208574e-01 -7.24551678e-01 -5.06408572e-01 2.45491266e-01
    7.58330464e-01 -1.13432407e-02 8.27288687e-01 -5.72732568e-01
    1.49520051e+00 2.81774879e-01 2.18132317e-01 1.16140604e+00
    -4.58097309e-01 -2.35218585e-01 1.56868637e+00 -5.39141893e-01
    1.43244243e+00 1.25102448e+00 5.80888152e-01 -6.89802766e-01
    -3.90331745e-02 1.46581054e+00 5.59030235e-01 2.06753910e-01
    3.77379894e-01 5.29352546e-01 4.62505043e-01 1.79450428e+00
    -2.98355132e-01 4.15398002e-01 6.10437989e-01 1.06641829e-01
    -2.71982193e-01 1.84638619e-01 -3.24066788e-01 1.33442104e+00
    7.86732435e-01 5.17254770e-01 7.05791712e-01 1.12918186e+00
    1.64359331e+00 -6.27409518e-01 -5.64122438e-01 1.00059772e+00
    1.02465475e+00 1.62548554e+00 2.14515269e-01 1.65623093e+00
    -8.07275951e-01 1.04278207e+00 2.47251928e-01 1.45979393e+00
    9.87227559e-02 -5.03088295e-01 1.43768191e+00 1.12594068e+00
    -5.98726690e-01 2.36274242e-01 -1.00656390e-01 5.53383768e-01
    -5.11358738e-01 7.17139542e-01 -3.38726133e-01 1.82146001e+00
    1.12593246e+00 1.13702142e+00 3.74333382e-01 1.83174300e+00
    1.60145640e-01 6.99844301e-01 -3.27169299e-02 -3.23166430e-01
    7.86086440e-01 1.74737275e+00 1.35000384e+00 3.17831755e-01
    9.70038772e-02 7.23482966e-02 1.11354399e+00 -3.44057679e-01
    -6.87916875e-02 -4.05081928e-01 1.46885610e+00 6.30978227e-01
    5.61716497e-01 2.61207759e-01 1.49093509e+00 -4.04824942e-01
    3.07397008e-01 -6.78807795e-01 -1.99147820e-01 1.74598765e+00
    1.43837690e-01 -3.24549407e-01 2.76055634e-01 1.60413349e+00
    -3.09181213e-02 -4.70194876e-01 1.63908565e+00 4.49012935e-01
    -3.42711627e-01 1.33588719e+00 1.20013821e+00 -8.64832580e-01
    1.32043409e+00 -3.58912170e-01 5.03504932e-01 8.00235212e-01
    1.55780411e+00 1.54014850e+00 1.42639410e+00 1.07928061e+00
    1.62432647e+00 1.51600432e+00 8.99252117e-01 5.48009157e-01
    1.55029821e+00 4.76873994e-01 9.52801228e-01 1.91627145e-02
    1.64055121e+00 -5.04772604e-01 1.18706310e+00 -3.71657968e-01
    5.46563447e-01 -6.04728401e-01 5.20094812e-01 8.03638756e-01
    1.14837801e+00 1.10449350e+00 1.45468533e+00 -5.17891347e-01
    1.45733857e+00 1.41899574e+00 3.78644466e-02 1.32271290e-01
    1.23105764e+00 8.98950994e-01 -4.66217041e-01 6.93416417e-01
    -1.80568755e-01 -1.06521964e-01 1.13573420e+00 4.62828755e-01
    -5.53611159e-01 -2.04250813e-02 -6.18082285e-02 7.08210468e-02
    1.58963275e+00 -3.07689905e-02 8.77923846e-01 7.69426942e-01
    -5.82526445e-01 9.36839163e-01 2.76067913e-01 -5.76182723e-01
    1.43083811e-01 1.22484016e+00 1.15018249e+00 1.30095208e+00
    -2.68655777e-01 3.30006242e-01 1.30678058e-01 1.17642486e+00
    -6.48535967e-01 -8.37888718e-02 -5.84646583e-01 1.01237297e-02
    -1.31642818e-02 1.11840475e+00 3.96888614e-01 5.05777597e-02
    8.52819502e-01 2.41121352e-01 4.94126558e-01 -3.91562879e-01
    1.69594133e+00 -5.82858205e-01 8.47264647e-01 -6.57037973e-01
    -5.10328412e-02 8.05523813e-01 1.05898261e-01 1.09434474e+00
    1.41026926e+00 -7.05079973e-01 1.57709265e+00 1.29735231e-01
    1.48342454e+00 7.63697863e-01 -2.33571887e-01 -1.43094897e-01
    7.70347595e-01 1.80405807e+00 -3.67070347e-01 2.55027950e-01
    -4.96970206e-01 7.93562293e-01 7.94269204e-01 -4.88371253e-02
    7.40925789e-01 -4.80444103e-01 7.42432237e-01 6.76514328e-01
    2.07444727e-01 -9.39751863e-02 1.05445123e+00 -3.18160117e-01
    -7.52044916e-01 6.91730380e-01 4.20817375e-01 1.31737578e+00
    -4.81938273e-01 -1.37573779e-01 -1.31182730e-01 -3.71451616e-01
    -1.96079493e-01 3.87432873e-01 5.83631456e-01 1.05252314e+00
    9.45081472e-01 1.47655797e+00 6.18107021e-01 4.71015692e-01
    1.72894824e+00 1.43377221e+00 2.57097065e-01 1.24558067e+00
    -7.04844475e-01 1.40939271e+00 6.58863902e-01 5.79434276e-01
    -6.72573864e-01 8.91995370e-01 -1.47027135e-01 4.31578696e-01
    4.94030476e-01 -2.69710958e-01 -1.65058732e-01 -1.38736844e-01
    1.89444840e-01 -5.75715303e-01 -5.40147424e-01 7.42776990e-01
    9.51333046e-01 6.29871547e-01 3.15289915e-01 6.76321983e-03
    1.34197032e+00 -3.25362802e-01 4.93098378e-01 1.58000565e+00
    3.14421833e-01 1.67983365e+00 -1.61739588e-02 -3.12581837e-01
    7.03725874e-01 1.58884799e+00 1.65599012e+00 -5.88267744e-01
    3.75715554e-01 -1.61955535e-01 -1.71568692e-01 1.63798916e+00
    1.32178557e+00 -6.37510300e-01 -6.15780115e-01 -1.54358327e-01
    1.25716424e+00 1.55490983e+00 1.26121426e+00 7.79398322e-01
    -5.75026274e-01 -5.29309392e-01 1.66066837e+00 1.61406791e+00
    1.50394094e+00 -7.36317873e-01 9.93481219e-01 9.42498207e-01
    -6.71332657e-01 -2.12213516e-01 6.71538949e-01 -1.93753421e-01
    1.75256705e+00 1.67133415e+00 -1.65385246e-01 -5.94298482e-01
    1.62274718e+00 8.01579654e-01 2.23348796e-01 -1.91587329e-01
    1.14150667e+00 -1.43563926e-01 -3.89099181e-01 3.92737865e-01
    2.24148750e-01 -3.04694235e-01 1.48586845e+00 5.42014539e-01
    1.41847479e+00 6.82069540e-01 1.18162143e+00 1.54968596e+00
    1.62104917e+00 -6.41643703e-01 2.32900500e-01 -5.95271230e-01
    -5.28343797e-01 1.44578922e+00 5.56612372e-01 1.70785451e+00
    7.59281516e-02 -2.69886851e-02 -6.55429363e-01 -5.71709037e-01
    4.30194139e-01 1.54970205e+00 1.51943016e+00 1.27902716e-01
    1.32797909e+00 -2.50030637e-01 1.01068676e+00 1.48373663e-01
    -2.31018066e-02 1.12552881e+00 -4.91686732e-01 2.29398429e-01
    -4.35215622e-01 -5.79966784e-01 -6.64035678e-02 1.24225342e+00
    1.42837822e+00 -3.37518275e-01 1.20821190e+00 1.76806509e-01
    -6.85268342e-01 -2.96136677e-01 1.45199406e+00 1.09920108e+00
    1.52695096e+00 -6.20749235e-01 1.35724723e+00 8.29705894e-01
    -5.04708529e-01 -3.40103060e-01 1.51837826e-01 9.87050653e-01
    7.67969012e-01 1.25669181e-01 1.56291771e+00 7.73922324e-01
    -2.01747954e-01 1.38279140e+00 4.56333756e-01 1.49449396e+00
    1.40004587e+00 1.59810114e+00 1.06510770e+00 3.26789737e-01
    1.70426583e+00 9.24507380e-01 1.29800904e+00 1.41545165e+00
    1.23974025e-01 9.67551112e-01 1.12620282e+00 4.77623343e-01
    6.89513206e-01 -2.51267254e-01 6.69689775e-01 1.44237149e+00
    1.03813946e+00 2.41913855e-01 -2.10515618e-01 1.63343620e+00
    1.32888389e+00 3.17637622e-01 1.16401029e+00 1.19754946e+00
    -8.85574222e-02 8.98536921e-01 -9.19458866e-02 1.25698376e+00
    1.56292593e+00 9.59144413e-01 8.17281067e-01 8.40169191e-02
    1.59322476e+00 6.67127192e-01 1.05625844e+00 -4.92678076e-01
    2.44593084e-01 -5.75790763e-01 -4.97423649e-01 3.71394575e-01
    1.81249583e+00 -2.59778857e-01 -1.05657578e-02 7.22169816e-01
    -2.06334651e-01 -4.12561059e-01 -5.14637589e-01 8.05363357e-01
    1.10227537e+00 5.00419140e-02 3.70034456e-01 -6.77503347e-01
    1.63893545e+00 1.09937322e+00 1.78798413e+00 8.06207299e-01
    1.04761124e+00 -6.09342396e-01 4.18931007e-01 4.43944693e-01
    5.61250091e-01 7.37626076e-01 1.28472126e+00 3.52201819e-01
    1.69614315e+00 -1.22026682e-01 -5.26104212e-01 2.35297203e-01
    1.46258163e+00 7.04066873e-01 2.74750650e-01 -2.07147896e-01
    8.18855226e-01 -5.45318782e-01 1.60647655e+00 1.03184819e+00
    1.02079391e+00 -6.47808433e-01 -4.75826532e-01 7.62510419e-01
    2.97393441e-01 -1.36982203e-02 -2.09303319e-01 -6.29521489e-01
    1.26435459e+00 8.55937839e-01 4.98888552e-01 1.57087553e+00
    -5.37464023e-02 -4.97973263e-01 2.47507393e-01 4.80298281e-01
    5.98713875e-01 -6.80205941e-01 6.88346684e-01 1.80395544e+00
    -3.70678604e-01 -1.22032762e-02 -4.70099419e-01 -2.00595617e-01
    4.49932575e-01 -1.59767568e-01 -5.66635489e-01 5.19531608e-01
    7.99612582e-01 1.52801466e+00 1.47525787e+00 1.61981046e+00
    3.15296590e-01 -1.64425969e-01 -3.72289300e-01 1.74106276e+00
    1.75554872e+00 1.60193801e-01 1.54206097e+00 1.48508942e+00
    -2.57991731e-01 -5.75014949e-01 9.33540404e-01 1.46877730e+00
    1.48480725e+00 -2.08387554e-01 -1.13534331e-02 7.53882825e-01
    3.53762984e-01 7.70901740e-01 5.77940226e-01 1.07842159e+00
    -4.88457501e-01 4.72828746e-01 -3.94648820e-01 7.21981764e-01
    1.69469631e+00 -3.68330061e-01 6.83220088e-01 1.17344940e+00
    1.33999419e+00 8.03356051e-01 1.11094558e+00 -3.48442584e-01
    9.21323955e-01 1.32996774e+00 -1.62097812e-01 -7.88165331e-02
    -4.40695941e-01 -7.06088364e-01 1.78915381e-01 5.70893586e-01
    -6.77863479e-01 9.47829604e-01 1.82213485e-01 1.54549992e+00
    7.78528810e-01 4.68082786e-01 2.52628207e-01 1.20276260e+00
    -2.29224265e-01 5.50427675e-01 4.30447459e-02 1.46612024e+00
    1.74647832e+00 4.60761130e-01 -6.75675273e-02 -2.90730685e-01
    1.06899881e+00 3.16425622e-01 -5.83215177e-01 1.07845092e+00
    2.76512325e-01 4.84033704e-01 1.08783197e+00 2.59404480e-01
    7.07079709e-01 -2.45801806e-01 4.15801406e-01 -5.02821684e-01
    1.46550786e+00 3.52135956e-01 9.65903640e-01 3.71160507e-02
    4.34052527e-01 -5.75416088e-01 1.67430282e+00 8.64956617e-01
    6.04433775e-01 3.36529613e-01 -3.63846242e-01 -2.22439200e-01
    -2.40806580e-01 7.38902509e-01 4.24969733e-01 -4.40900713e-01
    3.11454654e-01 8.41057777e-01 5.73362589e-01 -6.14928603e-02
    6.37044311e-02 -4.40848410e-01 -1.49658978e-01 3.96160722e-01
    4.82303143e-01 1.11715138e-01 8.47277045e-02 -8.19220603e-01
    9.01616514e-01 6.92510962e-01 2.01026082e-01 1.40281773e+00
    6.29274964e-01 -8.12205613e-01 -7.25926936e-01 1.69562376e+00
    9.36248720e-01 1.59978819e+00 1.30663800e+00 4.72623110e-03
    -2.69625634e-01 1.34455442e-01 -2.75350124e-01 6.90797865e-01
    4.78900820e-01 -1.09121740e-01 4.54102695e-01 1.33044207e+00
    2.18270123e-01 1.34396148e+00 7.90009737e-01 6.84353828e-01
    3.29987407e-01 3.69824529e-01 1.48162317e+00 3.31047773e-02
    -3.84754360e-01 4.93031681e-01 -5.41839838e-01 2.51303971e-01
    1.07037067e+00 -5.04555225e-01 8.21540952e-02 4.35826421e-01
    -6.39831245e-01 8.16149533e-01 -7.21131980e-01 1.70315254e+00
    -1.60626173e-01 7.83021390e-01 7.87057161e-01 -6.15695357e-01
    5.71920335e-01 7.78924465e-01 5.01423895e-01 8.08514118e-01
    6.58465743e-01 -2.28184283e-01 4.12891030e-01 5.88824213e-01
    1.22305942e+00 -7.96777606e-01 2.94825554e-01 8.65322769e-01
    3.27070355e-01 1.08853722e+00 5.88270962e-01 -1.31201863e-01
    1.43034077e+00 1.62530088e+00 -6.06560588e-01 2.62796879e-03
    1.18547320e+00 -6.46140218e-01 5.65850317e-01 -1.95800662e-01
    1.48283875e+00 -5.80612242e-01 -2.74632752e-01 -6.11724257e-02
    8.86103511e-02 -8.25798273e-01 7.02469170e-01 1.31657827e+00
    -4.57340449e-01 7.20551014e-01 1.58091712e+00 1.35987818e+00
    1.44953763e+00 1.58062553e+00 -3.69902790e-01 7.64453053e-01
    1.56663477e+00 4.07598317e-01 -6.28549457e-01 -3.22354555e-01
    8.78834605e-01 -4.46431935e-01 7.56011248e-01 1.08379209e+00
    6.31635070e-01 1.07883453e+00 -2.12181509e-01 -1.12215638e-01
    1.37786365e+00 1.53014803e+00 8.89806986e-01 1.53075802e+00
    -4.83431965e-01 1.75809610e+00 5.39120495e-01 7.02530861e-01
    7.52850771e-02 7.33578622e-01 3.99885237e-01 1.39423823e+00
    8.89071763e-01 9.88444090e-02 5.38663387e-01 1.21968663e+00
    3.12536657e-01 -2.03825653e-01 1.46196628e+00 1.24796033e+00
    1.26682878e+00 1.95394814e-01 1.40519166e+00 1.24384642e-01
    -5.41133583e-01 -6.27952576e-01 -4.18147862e-01 2.10404038e-01
    5.47298610e-01 2.43587375e-01 1.14177763e+00 1.38544786e+00
    2.28114247e-01 1.34565818e+00 -1.60645545e-01 1.73475420e+00
    7.24270880e-01 9.98929739e-01 5.92704594e-01 -3.86859268e-01
    -2.00931370e-01 4.05463219e-01 -1.16656780e-01 -7.22760260e-01
    -2.92721182e-01 1.80571747e+00 1.08162999e+00 9.45865631e-01
    1.60825896e+00 1.37544870e-01 1.50286138e+00 -3.77951384e-01
    9.37869966e-01 -1.42687559e-02 3.54098320e-01 1.74080062e+00
    3.28491926e-01 8.06922495e-01 1.34663117e+00 -5.61995208e-01
    -5.68032682e-01 -6.28336549e-01 1.66253996e+00 7.27853715e-01
    1.22695386e+00 -7.92622745e-01 9.72753167e-01 2.79889107e-02
    9.26503956e-01 -6.08013391e-01 1.05598450e+00 1.11277342e+00
    -9.42699313e-02 1.54317498e+00 1.41952705e+00 8.77278566e-01
    1.43557727e+00 1.16719413e+00 2.61772931e-01 -5.48097014e-01
    9.59668040e-01 -4.92661327e-01 1.67994153e+00 3.34221184e-01
    1.43560457e+00 -4.89156276e-01 1.05758059e+00 1.44656575e+00
    1.21134245e+00 3.94909263e-01 1.34697068e+00 8.12452078e-01
    2.59109795e-01 4.53048170e-01 6.45076573e-01 1.58154273e+00
    2.11679757e-01 1.10864520e+00 1.59803700e+00 1.25402415e+00
    5.66426933e-01 1.36690927e+00 1.07996464e-02 1.68367088e-01
    -1.01933122e-01 1.61117220e+00 9.76941884e-01 1.62890422e+00
    1.40940475e+00 1.25539529e+00 8.26078475e-01 -5.95340967e-01
    8.81343007e-01 3.54933858e-01 6.97374701e-01 -1.26154482e-01
    -8.32254291e-02 1.20938563e+00 7.98551083e-01 1.69128013e+00
    -7.53824830e-01 8.07424366e-01 1.84243917e+00 -4.99089450e-01
    1.50866830e+00 7.19973028e-01 5.47170520e-01 1.31145704e+00
    -1.22309089e-01 -4.22331572e-01 1.15584719e+00 -4.37681943e-01
    1.29493535e-01 1.66716290e+00 3.19745660e-01 1.41873181e+00
    -1.34246767e-01 7.50072241e-01 1.48336697e+00 7.00666487e-01
    2.26836085e-01 -4.39082146e-01 1.72753716e+00 -4.57165807e-01
    1.39968514e-01 2.97344327e-02 6.25553131e-01 1.65028226e+00
    -2.53022254e-01 1.50937438e-01 1.83856797e+00 6.34689987e-01
    -1.41690016e-01 2.18863070e-01 5.87727368e-01 5.42491734e-01
    3.36246967e-01 -4.02658582e-02 -8.46417069e-01 4.61830139e-01
    1.06547356e-01 -5.31690240e-01 1.65524423e+00 1.20736885e+00
    -8.82453144e-01 1.34387970e+00 4.65771437e-01 1.27564168e+00
    -7.68063009e-01 1.20014369e-01 1.82428765e+00 1.04788816e+00
    -2.66988248e-01 -4.97266322e-01 -2.56808162e-01 9.14504051e-01
    5.30328512e-01 1.45212853e+00 5.49556851e-01 7.69212127e-01
    4.21204805e-01 4.61393952e-01 -2.82735229e-01 -2.07418621e-01
    1.33147919e+00 -4.80157137e-02 -3.46676797e-01 1.54861510e-01
    1.15872335e+00 -6.84542477e-01 8.51266742e-01 1.41105080e+00
    -4.19381559e-01 2.81091392e-01 -6.27829671e-01 1.32891858e+00
    1.05918288e+00 1.10188258e+00 9.10506725e-01 1.76526201e+00
    -3.90885532e-01 -2.24124134e-01 -4.31766897e-01 1.41585708e-01
    1.65074301e+00 3.91716599e-01 -2.36819148e-01 -7.22600996e-01
    1.59123278e+00 -6.14445686e-01 -5.63888371e-01 1.38705254e+00
    1.51576841e+00 1.43682182e+00 2.76672840e-03 8.08122635e-01
    -1.30411386e-01 -7.09440529e-01 3.63599539e-01 2.95395851e-02
    -8.19815934e-01 1.04811358e+00 7.81568885e-01 -7.86064267e-02
    1.38599336e-01 -7.54745424e-01 1.66203237e+00 -3.71273160e-01
    6.31015003e-01 9.28817093e-01 1.00549626e+00 1.23298335e+00
    1.52091837e+00 1.40964341e+00 1.35742033e+00 1.40153015e+00
    9.76820588e-01 3.47870827e-01 -5.46427369e-02 5.07662058e-01
    7.18978524e-01 3.80138695e-01 -4.16253507e-01 5.02552152e-01
    1.46487737e+00 -4.18647528e-02 1.10447848e+00 8.09410095e-01
    1.31416523e+00 8.36844742e-01 -1.28016353e-01 1.81289732e-01
    6.83667302e-01 1.63979113e+00 3.96871209e-01 4.67075288e-01
    4.46735322e-01 -2.72124171e-01 -4.97955084e-03 8.72037232e-01
    1.77087295e+00 -4.09754217e-01 -6.67848408e-01 3.13109994e-01
    1.39627218e+00 -5.41235566e-01 5.59261739e-01 -7.21305192e-01
    1.04918659e+00 -7.88075149e-01 8.80823791e-01 -3.47924650e-01
    9.33509767e-01 1.48734224e+00 1.30022299e+00 9.72839415e-01
    -3.78597379e-02 -5.65763712e-02 8.31630170e-01 -3.95456910e-01
    3.19419563e-01 1.42457104e+00 -8.97751451e-02 8.46095562e-01
    8.23980331e-01 1.37817001e+00 4.50189233e-01 -4.16669101e-01
    2.74731278e-01 9.71090198e-01 1.24565899e-01 -3.69417459e-01
    -2.69950628e-02 1.60707831e+00 1.51628685e+00 1.80853081e+00
    1.29629087e+00 1.05420458e+00 7.92464018e-02 -9.61189866e-02
    8.76737297e-01 -5.28485954e-01 2.23198235e-01 -8.21555257e-02
    -2.52137482e-01 1.26394212e+00 1.18098199e+00 -5.21832585e-01
    -7.56021321e-01 1.27184534e+00 -5.36552787e-01 9.41102386e-01
    1.31902933e+00 -2.59653926e-02 5.08160949e-01 -3.62226844e-01
    -3.22084308e-01 -6.13981962e-01 1.64066529e+00 -6.80717528e-01
    -3.03341031e-01 1.44932854e+00 6.18302822e-03 8.37919712e-02
    2.66093433e-01 7.21883774e-02 1.46621358e+00 9.54715610e-01
    7.26085246e-01 1.64342976e+00 9.97760057e-01 3.81413639e-01
    1.58972049e+00 -7.40648031e-01 -2.26398706e-01 1.31658423e+00
    -5.91881514e-01 5.56931198e-01 -4.75477546e-01 1.56559134e+00
    9.12753284e-01 9.66935158e-02 -3.03712457e-01 -1.59267545e-01
    1.53998494e+00 6.08082891e-01 1.24825835e+00 6.94742799e-01
    6.74228311e-01 1.53319418e-01 6.96347475e-01 -4.72373277e-01
    1.59249902e-02 1.40422714e+00 8.10164988e-01 2.64882207e-01
    9.72556114e-01 1.22255981e-01 1.69020295e+00 3.73436093e-01
    1.46928239e+00 -7.05952525e-01 8.57141614e-02 -8.26225758e-01
    1.25772917e+00 7.22967863e-01 -6.09161139e-01 1.04114139e+00
    -1.71399176e-01 -2.19343424e-01 3.18105340e-01 3.51729095e-01
    1.47547019e+00 -8.19069147e-01 1.31950462e+00 1.52939057e+00
    -1.50406361e-03 2.84164786e-01 -6.60817623e-02 1.17183948e+00
    -4.20664161e-01 2.44535863e-01 8.17914844e-01 1.40679634e+00
    1.15697145e+00 1.61361802e+00 -6.84988499e-01 8.18088353e-01
    1.02332520e+00 8.77928257e-01 2.33991683e-01 -1.74103141e-01
    2.16351628e-01 -6.06060028e-01 1.19927859e+00 -1.23569846e-01
    -5.57124317e-01 1.19213557e+00 -5.85005879e-02 -3.48719269e-01
    1.40907252e+00 1.14664483e+00 2.26292610e-02 4.40669596e-01
    -3.23711485e-01 -2.58560777e-02 1.08628416e+00 4.85447288e-01
    -6.92996860e-01 1.57240760e+00 4.77835000e-01 9.17950630e-01
    8.89697194e-01 1.11069584e+00 -1.66893959e-01 1.40425742e+00
    1.07557964e+00 1.59086204e+00 9.87190783e-01 4.52358961e-01
    1.01294661e+00 1.23443317e+00 1.30438232e+00 1.16052151e+00
    -8.17198336e-01 7.02102423e-01 8.16324234e-01 8.26907873e-01
    1.01813698e+00 -1.32113248e-01 7.42957294e-01 6.10977650e-01
    -1.44442588e-01 -3.70985419e-01 -2.67547995e-01 1.56374276e-01
    1.34800971e+00 1.13816822e+00 1.26084304e+00 -1.47207618e-01
    5.03000200e-01 1.40682268e+00 3.20854187e-02 1.59377789e+00
    1.14025891e-01 4.01379228e-01 -2.77887493e-01 1.88657391e+00
    8.38869214e-02 1.84231758e+00 6.11586809e-01 -2.81803608e-02
    8.04126263e-04 -2.09211111e-01 5.52090168e-01 1.20863569e+00
    -2.81053632e-01 1.17331994e+00 3.55721176e-01 -2.55095243e-01
    -4.94680822e-01 -2.86786884e-01 1.09955406e+00 1.59396148e+00
    -2.50024825e-01 1.38265073e-01 1.51927829e+00 -2.60114074e-02
    -7.58307219e-01 8.95801783e-01 9.60218012e-01 8.85050893e-01
    -4.74352360e-01 -5.89908361e-02 1.07746100e+00 6.99388623e-01
    3.09371650e-01 1.44949853e+00 9.01175439e-01 -5.35549045e-01
    1.21892715e+00 1.05781412e+00 8.88976038e-01 -3.46070528e-02
    1.55686438e-01 4.11969543e-01 1.53046334e+00 -4.78315353e-02
    2.77207017e-01 2.97315359e-01 1.60017478e+00 -7.68791854e-01
    -1.06194556e-01 6.95005894e-01 1.43495989e+00 4.70484674e-01
    -1.48936510e-02 1.27488995e+00 -3.22881281e-01 1.21110594e+00
    1.00143075e+00 1.58797503e+00 -2.72790372e-01 1.35403121e+00
    -1.54043734e-01 4.96522784e-02 2.56516993e-01 1.42331982e+00
    1.99074686e-01 -7.96048045e-02 1.85058999e+00 -5.78779638e-01
    4.70951200e-01 -1.12276733e-01 1.45139468e+00 -3.61823142e-01
    6.45593166e-01 -1.74122751e-01 2.21172333e-01 1.78650713e+00
    1.55272543e+00 6.76760554e-01 1.07050061e-01 -3.23375314e-01
    1.18910182e+00 5.75379908e-01 1.71453547e+00 1.41620445e+00
    -5.40742874e-02 -5.17600954e-01 -6.93215251e-01 1.60964441e+00
    1.22242546e+00 -6.14227355e-01 8.01573157e-01 -4.97667849e-01
    1.14969873e+00 1.65023649e+00 -3.20242882e-01 2.74003088e-01
    9.18948889e-01 -5.04391611e-01 9.50386941e-01 -4.58319068e-01
    -5.74237764e-01 -6.99233830e-01 -2.13655531e-01 1.75652456e+00
    7.74054468e-01 -5.01573503e-01 -3.77824694e-01 1.77077043e+00
    -6.11123204e-01 6.51567101e-01 1.30701458e+00 1.28817952e+00
    6.46063983e-01 1.16538906e+00 3.70286584e-01 9.93922532e-01
    2.44819045e-01 1.32101524e+00 -5.61196923e-01 5.54316044e-01
    1.34734249e+00 7.43219852e-01 9.63945925e-01 5.92948914e-01
    -4.55339909e-01 1.60954523e+00 1.35120845e+00 -6.88709021e-01
    1.61398721e+00 -3.40889096e-02 -4.00082469e-02 1.64767206e-01
    1.78860009e+00 9.84078526e-01 5.61246753e-01 1.07850504e+00
    3.32609177e-01 5.95560372e-01 -3.10226679e-01 1.37338591e+00
    -6.23987317e-01 1.31900239e+00 -2.94892192e-02 8.36892128e-02
    1.44435716e+00 1.63016093e+00 1.27973378e+00 8.03241074e-01
    8.93812180e-01 -8.66284966e-02 6.74885035e-01 2.99785733e-01
    -6.66605592e-01 1.10319304e+00 -8.12168717e-02 -2.37986147e-01
    -4.59684402e-01 -4.60856408e-01 -2.14184701e-01 -2.20830262e-01
    -6.88630521e-01 4.16491985e-01 4.13443208e-01 4.58849669e-01
    1.04426503e+00 -3.78726304e-01 5.94497740e-01 -5.09348273e-01
    -2.41137385e-01 1.46504283e+00 2.87655771e-01 1.23246491e+00
    1.30627429e+00 -4.27346617e-01 -5.06701887e-01 1.54139233e+00
    -2.80914724e-01 4.10678148e-01 -1.26668632e-01 -5.47593951e-01
    5.31394124e-01 1.72133195e+00 4.03761744e-01 -5.88634610e-01
    7.32162774e-01 1.72944582e+00 -2.67635524e-01 1.22852588e+00
    2.79347599e-01 -1.86835289e-01 3.54802907e-01 8.54038000e-01
    -5.46745896e-01 -1.21828914e-01 1.74943471e+00 3.70083034e-01
    -7.42003381e-01 1.64815092e+00 1.28250670e+00 8.79462898e-01
    2.28840113e-01 -4.16245162e-01 2.35119581e-01 7.17261434e-02
    3.01691890e-02 -6.41686261e-01 1.31032610e+00 1.31329703e+00
    -1.87867641e-01 1.05245328e+00 8.47990394e-01 3.08779120e-01
    1.52059209e+00 1.43585026e+00 6.05584145e-01 4.15209889e-01
    9.02825415e-01 9.73947048e-02 7.83271194e-02 7.62687564e-01
    6.17573261e-01 1.71240282e+00 7.05917716e-01 8.69022191e-01
    -8.29384863e-01 6.27662241e-01 9.99882698e-01 1.45449257e+00
    1.34287035e+00 1.25686109e+00 -1.41874492e-01 1.44746625e+00
    4.56462801e-01 8.31686139e-01 -1.27141356e-01 -7.41940022e-01
    1.31870925e+00 4.38610911e-01 4.15681481e-01 -5.83279848e-01
    1.58825254e+00 1.64055824e-03 -4.53431219e-01 5.45301557e-01
    6.44291043e-01 4.40822482e-01 -3.84045154e-01 1.41058815e+00
    1.18326664e+00 1.66144037e+00 -5.81847548e-01 3.56648564e-01
    1.47427678e+00 -5.01359463e-01 1.03037274e+00 -5.21284580e-01
    4.03275192e-01 5.90888798e-01 3.37079346e-01 4.09501433e-01
    -2.92990804e-02 -2.11763382e-02 2.20469177e-01 -4.42345768e-01
    2.54231155e-01 2.43254602e-01 1.59879172e+00 1.37170088e+00
    1.52123237e+00 -6.47601008e-01 1.52595699e-01 4.85920966e-01
    1.09558499e+00 1.50868475e+00 9.58378792e-01 -3.64552200e-01
    1.80615103e+00 1.10200000e+00 1.35664427e+00 -4.34117377e-01
    4.92310584e-01 4.17148173e-01 -5.37552655e-01 1.13824725e+00
    3.75040829e-01 -3.98362160e-01 -4.91436243e-01 6.87596083e-01
    2.63977885e-01 -6.86702728e-01 1.39180326e+00 1.47703278e+00
    -6.02232873e-01 1.24687469e+00 1.11640525e+00 8.67827773e-01
    -4.44452316e-01 -4.14470673e-01 7.64740705e-01 7.02227771e-01
    -2.31696546e-01 -5.93116760e-01 -4.69193697e-01 2.67523766e-01
    8.30921531e-01 -8.06861818e-01 6.72320247e-01 1.21110344e+00
    7.66086280e-01 -4.86811399e-02 1.28465247e+00 -6.67832315e-01
    9.58999157e-01 1.33866739e+00 -6.76402926e-01 -4.08251584e-01
    8.73076677e-01 5.18857121e-01 -1.09266102e-01 6.37892365e-01
    9.61594582e-01 -1.38619542e-01 -2.15168059e-01 -2.89940715e-01
    7.07159221e-01 1.17845106e+00 -6.77992046e-01 -5.46574354e-01
    -4.41146523e-01 -9.78604555e-02 -6.69097424e-01 1.55574429e+00
    2.40827203e-02 1.25674891e+00 1.37869716e+00 1.12025785e+00
    1.09638071e+00 3.77815723e-01 1.03357434e+00 -4.48584497e-01
    9.40052271e-01 -8.53603482e-02 7.68102288e-01 -6.21879399e-01
    8.58652353e-01 6.78147972e-01 1.45045400e-01 8.48289907e-01
    1.42509615e+00 1.30148840e+00 -6.03833556e-01 -1.40853584e-01
    5.30400932e-01 3.74617934e-01 1.55628169e+00 4.62123454e-01
    1.33078825e+00 1.68698120e+00 2.65529037e-01 1.57668161e+00
    -7.37634778e-01 1.44017863e+00 1.74290776e-01 1.63794863e+00
    -4.48235065e-01 -6.34744048e-01 8.40711594e-01 9.26201701e-01
    -6.29598856e-01 7.09900260e-01 8.80980492e-02 -5.90742886e-01
    1.47821045e+00 9.43371892e-01 1.49102700e+00 5.32095075e-01
    -6.25210822e-01 1.23188210e+00 5.35010159e-01 1.80250669e+00
    1.58857989e+00 2.81769753e-01 2.19337344e-02 -6.58519864e-01
    9.05217707e-01 1.02418971e+00 1.48910451e+00 5.61739802e-01
    6.52798772e-01 1.74865162e+00 1.65360820e+00 -4.32928115e-01
    1.45395160e+00 -4.75115269e-01 1.47738898e+00 -7.47906804e-01
    1.22035384e-01 9.92864251e-01 1.98293686e-01 2.05652237e-01
    -4.00969028e-01 1.68906462e+00 -5.68623960e-01 -7.16073155e-01
    1.21031761e+00 -7.88204432e-01 -2.12696433e-01 9.16430116e-01
    1.76978469e+00 1.02799940e+00 -5.51053047e-01 6.05077624e-01
    -6.19209170e-01 1.41474640e+00 -4.56057787e-02 1.31970024e+00
    1.09142244e-01 4.71478701e-03 1.75838184e+00 6.75496757e-01
    -4.02516812e-01 1.45336795e+00 -4.01541084e-01 9.06283915e-01
    1.70579815e+00 -1.51850045e-01 -4.11597967e-01 1.75700903e-01
    -5.72944760e-01 6.42367303e-01 7.55453408e-01 5.60757160e-01
    1.53037143e+00 1.74433315e+00 7.74356186e-01 1.17127943e+00
    8.40020776e-02 1.72702646e+00 1.03211403e+00 -1.63706720e-01
    1.43673122e-01 1.21663785e+00 2.20581532e-01 1.67309594e+00
    1.59833860e+00 2.66802073e-01 1.05481482e+00 9.64775443e-01
    1.26016688e+00 -3.13017398e-01 7.14235544e-01 -5.81511736e-01
    -5.82520962e-02 -7.37649202e-03 1.60344303e+00 1.64208710e+00
    4.81991649e-01 -4.28301156e-01 2.22493947e-01 1.08291721e+00
    4.39033270e-01 -5.78681827e-02 2.71576047e-02 -3.57096404e-01
    -3.89975488e-01 1.41682720e+00 -1.62402868e-01 -3.30059409e-01
    1.05630803e+00 -7.54833221e-03 5.16724288e-01 -5.00934124e-01
    1.85162270e+00 5.33440828e-01 1.04901731e-01 1.01964247e+00
    -4.92513180e-02 8.36347342e-02 -6.84821367e-01 6.59352541e-01
    1.63800192e+00 6.95522428e-01 1.07524323e+00 1.23451138e+00
    6.90857947e-01 5.89571536e-01 5.19057572e-01 2.86852062e-01
    1.52570474e+00 1.44051182e+00 -1.06519520e-01 4.28778112e-01
    1.39545918e+00 8.88504803e-01 4.93543029e-01 3.41016769e-01
    1.08528280e+00 3.21124077e-01 -3.09163153e-01 2.08167839e+00
    1.84320927e+00 1.60100782e+00 2.57235765e-02 1.39058399e+00
    6.71516061e-01 1.23235679e+00 -5.99722147e-01 1.65774846e+00
    1.74111986e+00 1.65730858e+00 2.74146080e-01 1.09820783e-01
    8.82909060e-01 6.69176519e-01 7.10342288e-01 -5.00616968e-01
    -4.45167392e-01 5.65734982e-01 8.95906687e-01 -5.06363809e-01
    1.18256724e+00 -2.74816275e-01 -5.16535640e-01 -6.82485342e-01
    -1.14590585e-01 1.53508306e+00 1.22085619e+00 7.42306709e-01
    8.20827007e-01 1.70289636e-01 -1.71644032e-01 -8.23495388e-02
    -3.35154414e-01 -4.28731918e-01 4.96055186e-01 3.55831385e-01
    3.97004485e-01 -4.53091294e-01 2.16631174e-01 1.67611885e+00
    -1.04264617e-01 1.57337582e+00 1.17543864e+00 -2.93823719e-01
    1.29204810e+00 -1.74701869e-01 9.08148646e-01 2.63767362e-01
    -6.62811041e-01 8.47855687e-01 -1.56367779e-01 1.20860100e+00
    6.91316843e-01 1.60926557e+00 1.59273803e+00 1.04290271e+00
    1.68797374e-02 1.52659810e+00 9.45196986e-01 5.51820278e-01
    -3.41610372e-01 1.70243680e+00 7.63385296e-02 9.93347108e-01
    5.49386322e-01 1.00229764e+00 -3.58950555e-01 -5.33000886e-01
    1.11436999e+00 -6.53956771e-01 1.43974364e-01 7.56436944e-01
    2.10879445e-01 8.17078829e-01 -4.61322784e-01 3.91441822e-01
    -3.50906819e-01 6.36514544e-01 5.07460773e-01 1.43940377e+00
    5.96153915e-01 1.56290233e+00 -5.89470387e-01 1.23954749e+00
    1.25067341e+00 -3.02460492e-01 -5.12291431e-01 -6.00269258e-01
    -2.16146767e-01 -7.15111613e-01 -4.11506385e-01 5.52594304e-01
    -2.43900359e-01 2.85336673e-01 -2.75938511e-01 -5.10219932e-02
    8.31108451e-01 1.62802124e+00 9.42560494e-01 1.61442149e+00
    -4.28975642e-01 3.72369885e-01 -5.15956998e-01 1.27842367e+00
    -4.63675588e-01 -7.75463283e-01 1.11376619e+00 1.10052204e+00
    3.25807810e-01 -4.83928919e-02 1.30639088e+00 -5.16449392e-01
    1.13691711e+00 1.40677691e+00 3.00944924e-01 -6.75369561e-01
    2.54914522e-01 -4.96767342e-01 -2.92564660e-01 -4.02001470e-01
    6.26729071e-01 1.11031032e+00 -1.85293019e-01 -7.67794251e-02
    7.68962264e-01 -5.70412874e-02 -6.70572042e-01 5.44548512e-01
    7.79847145e-01 -8.56269002e-02 1.71083021e+00 -1.38360858e-01
    9.74851787e-01 9.85943854e-01 -2.40669489e-01 4.81898785e-02
    1.09196925e+00 -4.02990878e-01 -2.33848900e-01 2.64643848e-01
    8.39298487e-01 1.59583795e+00 -5.73205948e-02 -7.41801202e-01
    9.03004169e-01 -2.48389244e-01 -6.48271382e-01 -2.94665843e-01
    2.23758101e-01 -4.58151132e-01 8.27017665e-01 1.39072800e+00
    -7.46613801e-01 -7.55487800e-01 1.37978649e+00 -2.04953492e-01
    1.26884186e+00 1.10570383e+00 2.32848883e-01 1.57311571e+00
    9.41041172e-01 1.47546864e+00 9.25893307e-01 -7.82480538e-01
    -2.84514606e-01 1.51501381e+00 2.09659219e-01 -2.51514733e-01
    1.76253223e+00 5.18059731e-01 -5.45915127e-01 2.91430354e-01
    -5.32180548e-01 -1.95403457e-01 3.45947742e-02 -2.11634398e-01
    -8.01380515e-01 1.24539399e+00 8.67025077e-01 -7.14371026e-01
    -2.84887612e-01 1.65999961e+00 6.89422846e-01 1.66784596e+00
    1.81913912e-01 4.22075748e-01 3.45649779e-01 1.45558238e+00
    5.72181523e-01 -6.40003026e-01 7.98010468e-01 -3.38649005e-01
    7.29692519e-01 -8.95065069e-02 4.02130663e-01 -7.05034852e-01
    -4.73181099e-01 8.92122269e-01 1.00464952e+00 1.24344075e+00
    5.28805256e-01 -5.25233328e-01 5.45568883e-01 -1.75658643e-01
    1.38227654e+00 5.81160545e-01 4.53413844e-01 1.72688961e+00
    2.87514925e-01 4.23457026e-02 6.90915823e-01 -3.90221298e-01
    1.06709325e+00 -6.58363760e-01 3.16073239e-01 6.67117953e-01
    1.71271813e+00 -1.74486279e-01 5.07508397e-01 8.87045622e-01
    1.30158675e+00 1.52237487e+00 6.69804156e-01 -3.94047439e-01
    1.67075348e+00 -7.18124986e-01 5.36479235e-01 4.86392319e-01
    3.60977054e-01 1.01977921e+00 7.78895557e-01 -1.69749856e-01
    1.58447075e+00 1.54981065e+00 1.29470849e+00 1.58550656e+00
    1.33295774e+00 7.90463746e-01 -5.98907113e-01 1.18196416e+00
    -5.34685493e-01 -6.75447702e-01 -5.19510090e-01 1.25942445e+00
    1.05180097e+00 1.19114995e+00 1.60626352e-01 9.43493843e-01
    -6.94869816e-01 1.28581333e+00 1.04010582e+00 -4.94924337e-01
    7.92846560e-01 1.16813779e+00 7.17657626e-01 9.22989607e-01
    1.80230868e+00 -5.14646411e-01 1.77435708e+00 1.60502195e-01
    1.24429822e+00 1.05954456e+00 6.30447865e-02 8.57705951e-01
    1.74651551e+00 -2.64959067e-01 -6.60779238e-01 3.11010003e-01
    -1.12742305e-01 -4.57603931e-01 1.79556084e+00 4.57083881e-01
    1.55473804e+00 3.33677232e-01 2.57169247e-01 3.95196378e-01
    1.24734688e+00 1.55097890e+00 8.90797496e-01 -6.51106417e-01
    5.97412109e-01 -1.29792154e-01 -4.27870482e-01 8.79006386e-01
    3.74372721e-01 -3.01693588e-01 -5.55484414e-01 1.06821132e+00
    1.40533030e-01 1.88240409e-02 -2.70500302e-01 6.00111365e-01
    -6.76075518e-01 1.40397489e-01 6.39564931e-01 5.79651356e-01
    8.32433641e-01 -2.33468056e-01 4.61850345e-01 1.17919171e+00
    -2.85211027e-01 4.83609140e-01 1.75678921e+00 8.38226795e-01
    7.55087376e-01 -9.88489389e-03 -4.29952323e-01 -2.72769153e-01
    8.44798923e-01 -5.04573226e-01 8.97719681e-01 -2.97761589e-01
    -4.94304001e-01 1.09141064e+00 4.46689844e-01 -2.15680540e-01
    1.27053201e-01 1.69756639e+00 4.69488561e-01 8.96969438e-01
    6.81428909e-02 9.94938076e-01 1.56600070e+00 7.50263095e-01
    1.65777302e+00 5.61831892e-01 1.19714856e-01 -1.53822660e-01
    -6.52444839e-01 1.76853108e+00 2.81310380e-01 -3.22662145e-01
    1.44828379e-01 1.07325602e+00 1.04555869e+00 -4.84660447e-01
    3.00691903e-01 1.51163805e+00 1.17209792e+00 1.14283466e+00
    6.24569893e-01 2.38895774e-01 3.73874724e-01 5.65994918e-01
    6.39472604e-01 5.77849030e-01 1.27977228e+00 9.36160028e-01
    9.77426946e-01 -4.06168669e-01 6.84949517e-01 2.59132206e-01
    2.51300275e-01 1.57730401e+00 -6.61115944e-01 2.55698204e-01
    1.23475325e+00 1.30503607e+00 5.03051758e-01 5.19725680e-01
    1.04727817e+00 1.59214628e+00 8.74144614e-01 1.51070333e+00
    1.43186033e-01 -3.98897797e-01 -6.13249719e-01 -7.16229081e-01
    3.62569690e-01 4.46361542e-01 5.64795554e-01 -4.71877396e-01
    8.40232670e-01 1.08558035e+00 -3.90243977e-01 -2.39333510e-02
    3.21406782e-01 -1.23192728e-01 -6.68454587e-01 9.10332680e-01
    4.43792999e-01 -4.66865033e-01 5.09601772e-01 1.08431387e+00
    1.36838579e+00 -7.05958605e-02 -3.13063055e-01 1.42695785e+00
    3.22951198e-01 9.58879888e-01 -7.27452695e-01 1.61869228e+00
    8.00799966e-01 1.58698916e-01 -6.36836052e-01 9.05555606e-01
    -1.53907597e-01 1.20428801e+00 2.34210968e-01 4.83020067e-01
    5.25006354e-01 -5.97276628e-01 1.62345433e+00 1.09010935e+00
    -4.61386055e-01 -4.76526588e-01 -6.10566735e-01 8.61337066e-01
    1.22953153e+00 2.03140318e-01 6.17637217e-01 1.70638263e+00
    1.37307882e-01 7.03788936e-01 -2.64615893e-01 -4.16029572e-01
    1.68127561e+00 1.52761447e+00 4.83282506e-01 1.49111915e+00
    1.29246092e+00 -6.16078377e-02 4.30285931e-02 8.38551044e-01
    7.06821620e-01 -2.55599022e-01 7.56142199e-01 2.91429639e-01
    6.79512560e-01 1.78671014e+00 7.18287826e-01 1.72112322e+00
    4.13920581e-01 1.53020525e+00 -8.05017233e-01 1.61485362e+00
    3.62467945e-01 4.57448006e-01 -5.35792112e-01 1.68941212e+00
    -1.20599389e-01 9.63049650e-01 -8.28647614e-03 1.67276990e+00
    2.93551683e-02 1.68744481e+00 -3.86504829e-01 1.76279032e+00
    -6.50507510e-01 -1.59820557e-01 9.62558389e-01 -4.53161448e-01
    -5.29867351e-01 1.76402891e+00 -5.69453239e-01 3.09002399e-01
    3.96470904e-01 7.91434169e-01 1.80990314e+00 6.76412225e-01
    -4.86689210e-02 -5.93913972e-01 6.68449759e-01 -3.55082899e-01
    1.07712495e+00 -2.71139711e-01 7.57062495e-01 4.65729237e-01
    9.06046450e-01 1.20669210e+00 1.67303491e+00 1.75737500e-01
    1.05932903e+00 -5.38385272e-01 1.20060575e+00 1.49699855e+00
    1.08968294e+00 4.60093081e-01 5.41194856e-01 -3.23200822e-02
    1.05091417e+00 -3.54191601e-01 -3.12312692e-01 -6.50059521e-01
    7.03372717e-01 -2.59739757e-02 1.49886429e+00 -5.15922546e-01
    -6.20745659e-01 -2.61353850e-01 -5.06762624e-01 1.12218475e+00
    4.38734174e-01 1.74947798e-01 2.79882073e-01 2.22542048e-01
    7.88589120e-02 -3.11025620e-01 -3.20955157e-01 1.00967491e+00
    1.02778327e+00 -2.60517240e-01 1.28744590e+00 -6.12135053e-01
    1.18202317e+00 -2.78728724e-01 1.07408416e+00 5.15493453e-01
    8.04880738e-01 -4.44871336e-01 4.21175063e-01 6.81659222e-01
    -3.28950465e-01 3.25033665e-02 9.71837640e-02 1.32973742e+00
    3.63828182e-01 -2.99053758e-01 -2.96385616e-01 5.23191035e-01
    9.09382582e-01 -4.69168484e-01 7.12037563e-01 -4.78198409e-01
    1.09567499e+00 -2.89973825e-01 2.35519707e-01 1.68147278e+00
    8.07917118e-01 1.51603198e+00 -5.99319100e-01 6.38582110e-02
    3.00286889e-01 -1.74695015e-01 -4.18147564e-01 9.10139143e-01
    7.72344112e-01 1.40464187e-01 -3.66767317e-01 9.78602052e-01
    3.68217707e-01 1.70744705e+00 4.05916393e-01 1.37772751e+00
    1.80240238e+00 9.19806540e-01 -2.02259839e-01 8.80187273e-01
    1.50682831e+00 1.56022298e+00 9.19230342e-01 -4.03362066e-01
    3.10773492e-01 1.52536654e+00 1.61638761e+00 1.41675365e+00
    3.47467244e-01 -7.73961246e-01 5.42932272e-01 -5.53709388e-01
    5.80822945e-01 1.72561955e+00 7.36408234e-01 1.24464333e+00
    -5.55014610e-02 5.10723829e-01 -1.97527885e-01 4.48321402e-01
    5.52667141e-01 8.17924738e-02 2.72742271e-01 9.01083946e-02
    -5.21984220e-01 7.94653237e-01 -5.98320186e-01 7.25757301e-01
    -6.13531053e-01 1.70423484e+00 -3.51235002e-01 1.25512278e+00
    8.12738001e-01 1.19171262e-01 -3.22242260e-01 1.16475177e+00
    1.64737368e+00 6.99278057e-01 6.70182228e-01 1.29849100e+00
    1.06261349e+00 2.11031497e-01 -1.17517948e-01 1.42424703e-01
    -5.18555999e-01 1.84609652e-01 1.17400289e+00 1.09913814e+00
    1.66926157e+00 1.16524267e+00 1.51901758e+00 5.43022871e-01
    1.47067332e+00 8.66037071e-01 9.70913231e-01 4.21473384e-01
    -5.38500309e-01 1.50680804e+00 1.43982029e+00 1.50813329e+00
    -3.65138978e-01 1.05327761e+00 1.58525705e+00 -6.78863525e-02
    1.29398584e+00 4.53337371e-01 -2.83344865e-01 1.00289285e+00
    -2.86205530e-01 7.81481028e-01 8.99359584e-02 1.24316323e+00
    1.76279008e-01 6.15815938e-01 1.44899535e+00 1.77158749e+00
    -7.29086399e-02 1.63747978e+00 1.35873079e-01 9.74710822e-01
    1.69529855e+00 1.54081273e+00 1.60590124e+00 -1.20820761e-01
    1.14212775e+00 8.56518030e-01 -4.20671552e-01 7.14147091e-01
    9.36372578e-01 -5.08703589e-02 7.08490074e-01 1.42828178e+00
    -1.74816012e-01 4.92394686e-01 -5.17633319e-01 -5.19868672e-01
    -6.73469424e-01 7.98850536e-01 3.48746240e-01 -7.14593709e-01
    1.53709900e+00 1.38003588e-01 7.33989835e-01 4.20680702e-01
    9.65150893e-01 9.31061447e-01 3.13093364e-01 1.53858781e+00
    8.86687636e-02 -4.79235679e-01 1.17581868e+00 1.09432352e+00
    5.49572349e-01 7.40441322e-01 7.43612707e-01 4.50643778e-01
    1.09739614e+00 2.02312768e-01 1.03559816e+00 4.93032098e-01
    1.06999660e+00 4.47774351e-01 4.72796142e-01 1.53643703e+00
    -6.06191874e-01 -8.27324390e-01 7.98869789e-01 1.72899485e-01
    3.21177423e-01 1.14561915e+00 -3.98366064e-01 7.11910129e-01
    -2.87454724e-02 -6.58326745e-02 1.74560237e+00 1.79059541e+00
    -3.38244706e-01 1.57268476e+00 -3.02943379e-01 -2.46338964e-01
    1.66497540e+00 1.63386917e+00 1.37814617e+00 1.46624696e+00
    -5.38104475e-01 1.40083671e+00 1.84404254e-01 -1.57602429e-02
    1.78936648e+00 -5.80359459e-01 1.17099535e+00 2.88352013e-01
    4.10687327e-01 -3.36108983e-01 1.50106883e+00 2.55477607e-01
    7.28244483e-01 9.14769769e-02 5.28379798e-01 1.69124877e+00
    -5.60690224e-01 -3.18696141e-01 1.75051224e+00 -7.75821686e-01
    1.13129306e+00 1.11152983e+00 9.32221651e-01 1.63284504e+00
    -6.77916050e-01 2.83345103e-01 -5.73427796e-01 7.55172670e-01
    1.09054947e+00 -3.64847958e-01 1.46267772e-01 -1.35567486e-01
    7.96612501e-02 -4.34176058e-01 -1.73369348e-01 6.85316324e-03
    1.37606812e+00 9.53856170e-01 -5.08390069e-02 1.07775116e+00
    -7.63904452e-02 5.53580403e-01 9.42824602e-01 1.00742590e+00
    -5.06839335e-01 1.81303024e+00 1.04725718e-01 -6.72292650e-01
    1.27662027e+00 1.48719215e+00 -3.19908917e-01 -5.34370005e-01
    -3.06951284e-01 1.74982965e+00 -1.43562376e-01 2.89815784e-01
    6.78583682e-01 1.28230476e+00 -4.16633040e-01 3.20630550e-01
    8.46647024e-01 1.67515135e+00 -2.25780666e-01 -5.90793729e-01
    1.67836773e+00 4.26974416e-01 -1.42108858e-01 5.85392296e-01
    6.49081707e-01 -1.16018653e-01 9.67742264e-01 -1.57232881e-02
    1.75372767e+00 1.33109307e+00 8.94551039e-01 1.78724158e+00
    1.80104697e+00 2.39993930e-01 1.87625253e+00 1.97558999e-01
    -4.05219465e-01 -7.22116351e-01 -2.02185631e-01 -5.54107308e-01
    -3.63076806e-01 1.60729444e+00 1.37411225e+00 1.02742684e+00
    -1.67132020e-02 9.17152166e-01 -4.83287632e-01 1.80274248e-03
    -3.76245618e-01 1.46760058e+00 6.33890808e-01 1.15410924e+00
    3.84286284e-01 1.74318075e+00 -1.29857600e-01 -7.35548377e-01
    5.63325107e-01 -2.85509199e-01 2.65164912e-01 -6.03294969e-01
    2.74097085e-01 3.25846076e-01 1.82424307e-01 -4.24824715e-01
    5.52191138e-01 -7.75168359e-01 8.33591998e-01 1.09605074e+00
    1.06819868e+00 5.49188733e-01 6.23060644e-01 7.95439303e-01
    1.53792858e+00 7.15506256e-01 -7.79005706e-01 7.34944105e-01
    1.09045112e+00 1.22051573e+00 -4.57319021e-02 2.97215581e-01
    7.26614952e-01 1.45432413e+00 1.34820664e+00 -7.82442033e-01
    -3.04920882e-01 -2.19466329e-01 -2.18052864e-02 1.30603862e+00
    5.90234876e-01 -1.97960645e-01 -5.38789392e-01 1.56585956e+00
    -8.74809623e-02 5.91566563e-02 5.97197056e-01 9.85456169e-01
    1.53523159e+00 7.42942095e-01 -2.24662781e-01 -6.21184647e-01
    -3.61853689e-01 9.74712372e-02 2.14300692e-01 1.68835020e+00
    7.22710729e-01 -9.55674648e-02 8.95845532e-01 9.56967115e-01
    -3.70439053e-01 1.02253473e+00 -2.15770960e-01 8.95211458e-01
    8.18846762e-01 6.64823413e-01 9.15919542e-01 1.50777745e+00
    3.34025681e-01 -4.69527632e-01 -5.79960406e-01 1.51945043e+00
    -5.50558150e-01 8.91583681e-01 6.67677701e-01 1.00597548e+00
    2.76887417e-03 -5.20764947e-01 -2.13211805e-01 -4.77033913e-01
    -2.26408243e-03 -2.34817743e-01 -1.33718848e-02 9.85460520e-01
    1.80977654e+00 6.99171662e-01 -2.32586980e-01 9.04560328e-01
    7.18576550e-01 5.95017195e-01 3.88782620e-01 -5.27226806e-01
    7.97243476e-01 5.88127971e-02 3.88326764e-01 1.00288820e+00
    9.69561219e-01 1.08360755e+00 -4.87772763e-01 -1.10100746e-01
    1.77625775e-01 -2.74704456e-01 7.56549358e-01 -2.24628508e-01
    1.58454728e+00 1.59550583e+00 -3.24192971e-01 1.31062770e+00
    2.41454840e-01 -6.77231669e-01 1.23797965e+00 1.53755319e+00
    1.02857935e+00 -6.86460316e-01 1.67030430e+00 9.76599336e-01
    1.01798296e+00 -3.31039459e-01 9.06515002e-01 4.46664989e-01
    1.13368344e+00 9.75466609e-01 -2.52009064e-01 -5.09341002e-01
    -6.71867490e-01 1.05677438e+00 -4.70468402e-02 6.89346671e-01
    -4.82623398e-01 -6.70282483e-01 -6.22936487e-02 1.10101569e+00
    1.17395675e+00 1.55827463e-01 -2.72567689e-01 4.87177730e-01
    7.20550656e-01 1.33736312e-01 -2.88265467e-01 -5.68229079e-01
    2.50317752e-01 2.29997218e-01 4.96811867e-02 -6.26775265e-01
    1.15664339e+00 2.26546526e-01 4.54757929e-01 -7.00177670e-01
    1.50015879e+00 1.50394773e+00 2.64225721e-01 1.18934572e+00
    1.34892285e-01 1.02575493e+00 -6.59250021e-02 1.95802808e-01
    -5.15811563e-01 4.74067450e-01 1.21076870e+00 8.67703736e-01
    6.89397633e-01 9.94140506e-01 8.75532031e-02 -2.36573398e-01
    6.85283542e-02 -2.35429287e-01 -8.52260590e-02 4.40177739e-01
    1.61716831e+00 4.97354865e-02 -6.51676655e-02 7.58070648e-01
    -1.56273246e-01 6.10676765e-01 -4.38583523e-01 2.85684228e-01
    9.28511024e-01 1.48597276e+00 -4.81593788e-01 -4.82840449e-01
    2.05921531e-01 1.17005372e+00 -2.87052333e-01 1.70890880e+00
    6.04879260e-01 -5.93759000e-01 -6.03910923e-01 3.41008723e-01
    8.08391571e-02 3.61288249e-01 7.21074939e-02 9.00470018e-02
    4.00066614e-01 1.04733169e+00 -4.33765471e-01 1.14826822e+00
    8.52579057e-01 6.34673417e-01 1.43052053e+00 -2.28604078e-02
    1.22875738e+00 4.62163091e-02 1.41473746e+00 -5.40248513e-01
    -5.08054614e-01 1.15290332e+00 3.51651251e-01 1.53067279e+00
    1.03322494e+00 7.92892635e-01 -1.58084035e-01 -1.05519116e-01
    1.31607044e+00 -4.10985738e-01 1.56170630e+00 5.21769166e-01
    -1.53514445e-01 8.02522540e-01 -1.94919944e-01 -2.23333180e-01
    -6.31031036e-01 1.10333979e-01 1.27337909e+00 6.69817746e-01
    9.24800336e-01 1.54531908e+00 9.69929218e-01 1.67315400e+00
    9.29639935e-02 1.06528473e+00 1.64425850e+00 -5.18483520e-01
    5.38478196e-01 -7.63935030e-01 1.15723336e+00 2.29350209e-01
    7.26315975e-01 -2.90677309e-01 1.24469650e+00 -1.33187413e-01
    -1.61681324e-01 1.97532713e+00 1.68019581e+00 1.59699023e-01
    -4.93383288e-01 1.82413244e+00 7.67588794e-01 1.11583281e+00
    -7.82686472e-02 -5.66302061e-01 -5.07388234e-01 6.08856320e-01
    -5.95133185e-01 1.18595076e+00 7.57164717e-01 1.70725405e-01
    1.29583442e+00 3.83933187e-02 1.34091139e-01 -5.75489998e-02
    -5.93211055e-01 1.18004858e-01 1.82249403e+00 1.74753153e+00
    1.03358173e+00 9.24792647e-01 -2.05098987e-02 1.14200473e+00
    -4.51708943e-01 1.78473139e+00 3.97750735e-01 5.18525004e-01
    1.41959810e+00 1.32531381e+00 1.60310578e+00 -2.22509086e-01
    -1.98647678e-01 7.89596021e-01 -5.81081152e-01 6.78073525e-01
    4.39106226e-02 6.77491069e-01 1.30272055e+00 -1.59047842e-01
    -3.73689532e-02 9.44799364e-01 9.10013914e-02 7.83596635e-02
    1.45204258e+00 1.13626909e+00 1.14769363e+00 1.30750561e+00
    1.20195675e+00 1.62606966e+00 -4.50411618e-01 5.09750366e-01
    -5.60800195e-01 -8.55286717e-02 1.44202447e+00 -3.66742104e-01
    1.16658783e+00 8.25162232e-01 8.73569727e-01 -1.64352179e-01
    5.26941895e-01 -2.62994677e-01 1.84246635e+00 1.82205796e-01
    3.70913267e-01 -4.94935602e-01 1.31933892e+00 -3.40585083e-01
    1.61720002e+00 -2.88014591e-01 1.75167561e-01 -1.15974605e-01
    1.00935316e+00 3.23560297e-01 1.05989444e+00 -3.39616179e-01
    -3.01862240e-01 1.27922785e+00 1.68442464e+00 1.00613654e+00
    2.38508642e-01 9.94678974e-01 -4.03231382e-02 7.41634369e-02
    8.26216340e-01 -3.12485158e-01 3.99179339e-01 2.61176407e-01
    1.27948523e-01 -1.21244431e-01 9.09726381e-01 -3.82508576e-01
    1.27897692e+00 7.84069896e-02 -3.11572969e-01 1.91830575e-01
    1.33383632e+00 1.15533507e+00 3.13666761e-01 2.50970602e-01
    -4.46135432e-01 8.10602427e-01 2.74507999e-02 5.29850185e-01
    7.56489277e-01 6.66110873e-01 1.15846288e+00 -3.04106086e-01
    5.55257916e-01 4.60785866e-01 -5.11570096e-01 8.44271481e-01
    1.11677980e+00 2.12776423e-01 8.89553785e-01 -5.05913436e-01
    -4.27043766e-01 3.97026539e-01 1.79471850e-01 1.65897024e+00
    4.52942371e-01 -4.86743927e-01 1.14903390e+00 1.24447978e+00
    -6.00901544e-01 7.37398386e-01 1.30309844e+00 1.00359631e+00
    1.88297629e-01 3.03356886e-01 -2.43675441e-01 4.51523185e-01
    1.62680805e-01 -3.85411173e-01 1.47323930e+00 -7.42613077e-01
    1.73243153e+00 -4.46264833e-01 -1.29031360e-01 -4.03570205e-01
    1.70648241e+00 1.49597239e+00 -5.68779349e-01 1.53180873e+00
    7.77432501e-01 7.83998489e-01 3.12788308e-01 1.38717473e+00
    -7.10599005e-01 2.96217203e-01 1.52359903e+00 1.18970442e+00
    8.67256522e-01 -4.20219898e-02 1.08736813e-01 9.24903691e-01
    6.89939380e-01 1.63821876e+00 1.00202918e-01 -1.25327945e-01
    -5.26056528e-01 -5.48593521e-01 1.16915345e+00 2.41593897e-01
    3.10327590e-01 -5.33479333e-01 1.46060252e+00 3.47616076e-01
    -1.73121691e-02 -4.88498360e-01 5.92666924e-01 -6.63491547e-01
    -3.90303522e-01 2.06835687e-01 -5.38393855e-01 2.81098485e-02
    1.61059952e+00 2.11180508e-01 -6.52867556e-01 3.19337845e-02
    6.96741343e-02 -5.74011862e-01 1.10100687e-01 1.66707420e+00
    9.00205433e-01 9.60361719e-01 -7.45298564e-01 1.38485086e+00
    6.57400608e-01 1.23174703e+00 4.57318068e-01 7.18068480e-01
    5.74051678e-01 4.51398373e-01 5.14999628e-02 1.45091712e-01
    1.64961696e-01 5.29251993e-01 5.06474137e-01 -5.62496662e-01
    1.71524072e+00 8.92938673e-01 1.19330406e+00 4.08893704e-01
    1.39757943e+00 1.60995936e+00 3.66603792e-01 1.54049575e+00
    9.23284590e-01 5.06260395e-01 6.92182779e-03 1.56734645e-01
    5.55936694e-02 -5.31385124e-01 9.82994795e-01 1.21093559e+00
    1.23338926e+00 6.65963531e-01 -9.30157900e-02 1.07480872e+00
    1.62345767e+00 -2.36126482e-01 6.60592318e-01 -5.83341360e-01
    -1.83564425e-02 8.60567331e-01 1.34276676e+00 1.50328743e+00
    -8.45521688e-03 -3.93918723e-01 1.78269863e+00 1.04790401e+00
    9.65599835e-01 -4.62155372e-01 -4.16193038e-01 1.07341063e+00
    -5.64181209e-01 -8.03502381e-01 5.65224648e-01 1.04902041e+00
    9.11130607e-01 -7.25522339e-01 1.53584528e+00 -4.59386587e-01
    -3.47598284e-01 2.02521920e-01 5.90683579e-01 1.36120892e+00
    -1.15912557e-01 2.01085269e-01 1.09407425e+00 3.72850358e-01
    6.06987953e-01 7.30693161e-01 7.40035594e-01 5.33052444e-01
    6.19670093e-01 3.30705822e-01 6.94188237e-01 -1.74949944e-01
    1.03034401e+00 1.41568291e+00 -2.51712501e-01 9.01399374e-01
    9.93621707e-01 4.04416919e-02 9.09444690e-01 1.71840191e-02
    -3.97717148e-01 1.67222857e+00 1.58069992e+00 -2.94390708e-01
    -1.62117243e-01 7.83521175e-01 -1.76372886e-01 8.46742809e-01
    6.57997549e-01 1.23344851e+00 1.78731549e+00 1.29099679e+00
    -1.68564439e-01 3.51802409e-01 4.96590734e-01 -4.89659935e-01
    2.09188223e-01 8.08136404e-01 1.15286493e+00 1.52987814e+00
    -5.64941287e-01 1.04175091e+00 -5.70053697e-01 1.85657918e-01
    -6.39747977e-01 5.98203778e-01 9.75446463e-01 1.12948310e+00
    -6.39493227e-01 1.73347378e+00 -4.98092175e-02 -2.20764697e-01
    1.11395335e+00 -2.05754280e-01 8.35657775e-01 1.31606531e+00
    -4.85652238e-01 4.18807864e-01 6.83645785e-01 1.81668246e+00
    -4.79563475e-02 1.68160260e-01 1.44082594e+00 1.08757722e+00
    -2.99119174e-01 1.99071169e-02 1.04921222e+00 1.70030236e-01
    6.54936790e-01 2.57157922e-01 -4.66012537e-01 4.23830986e-01
    9.83336985e-01 -6.70761049e-01 8.44620466e-01 -4.36453283e-01
    1.36949062e+00 3.17660809e-01 1.29925537e+00 -6.99998558e-01
    1.50811982e+00 1.35479379e+00 1.49665260e+00 4.19912934e-01
    -6.52672410e-01 1.68613899e+00 -6.31339788e-01 2.12891638e-01
    -4.27000433e-01 1.44320440e+00 3.33573937e-01 6.90473080e-01
    -4.78726089e-01 -6.92409337e-01 -6.15148127e-01 -4.90836620e-01
    7.43813396e-01 -5.45555234e-01 1.77845955e+00 1.45045626e+00
    -4.72392142e-01 -4.85627413e-01 -1.38117135e-01 7.37243354e-01
    7.38359749e-01 -3.43611568e-01 -9.70376730e-02 -1.06527805e-01
    5.32519698e-01 1.11884177e+00 1.56127429e+00 1.07126474e+00
    9.30300117e-01 1.15344191e+00 3.20798159e-01 -4.22327578e-01
    -1.86096847e-01 3.65476549e-01 2.46797740e-01 -4.65186596e-01
    -3.08093727e-01 1.65125883e+00 1.22189200e+00 1.52530348e+00
    5.75392485e-01 1.58624136e+00 8.52128625e-01 -2.65595436e-01
    -2.38210917e-01 9.14685190e-01 1.10178423e+00 5.89115322e-01
    1.54359376e+00 6.89939201e-01 -1.61707819e-01 1.68825388e-02
    6.02750480e-01 -4.35215175e-01 3.90791237e-01 -3.33653986e-01
    -6.47336245e-02 1.63847458e+00 8.25595379e-01 1.42442477e+00
    1.68116486e+00 -3.55093747e-01 8.78191590e-01 1.49942648e+00
    -1.25662208e-01 1.04467607e+00 5.00038147e-01 7.98473179e-01
    2.91011333e-02 1.60832810e+00 -4.70747441e-01 2.41903782e-01
    1.72395051e+00 1.21029449e+00 -1.86269939e-01 1.04011369e+00
    1.04781938e+00 3.80065024e-01 9.45573926e-01 1.63893414e+00
    2.07135022e-01 1.10965335e+00 1.09810972e+00 8.79415989e-01
    1.83158636e-01 9.65528667e-01 1.48852491e+00 1.68511701e+00
    9.13081169e-02 -6.61358714e-01 1.67104816e+00 1.04956400e+00
    3.05488467e-01 -2.90924430e-01 1.82905960e+00 -9.21183825e-03
    6.24923229e-01 1.28536618e+00 -6.24009371e-02 5.84579587e-01
    1.56697214e-01 1.62637186e+00 1.32222855e+00 1.27917719e+00
    -6.25745296e-01 -2.93583035e-01 2.65632272e-01 1.10291088e+00
    1.25376630e+00 -4.19271410e-01 8.98948312e-01 1.12049174e+00
    1.14547670e+00 2.76192069e-01 7.19867229e-01 6.46731198e-01
    5.64168811e-01 1.64600086e+00 5.43063402e-01 7.83362031e-01
    2.90924907e-01 5.73174298e-01 4.76414382e-01 -6.58051014e-01
    1.51094258e-01 9.92274284e-03 1.04250348e+00 -3.33115488e-01
    1.05452025e+00 -7.24066257e-01 -4.31455642e-01 7.52855837e-01
    7.64834464e-01 6.92274630e-01 1.31910312e+00 9.86595273e-01
    -4.60702181e-01 8.87945652e-01 2.06838906e-01 -5.21275640e-01
    -1.52268231e-01 1.03504157e+00 3.33920419e-01 1.67147386e+00
    4.88032341e-01 5.64198494e-01 2.61426389e-01 -7.09955096e-01
    -4.37152386e-02 7.98858881e-01 9.03845608e-01 -1.21310771e-01
    -3.48527163e-01 -6.91044509e-01 1.02965176e+00 9.10643160e-01
    2.30002999e-01 2.03896344e-01 1.83719516e+00 -5.72423637e-01
    1.15926826e+00 -5.73544681e-01 1.19028854e+00 8.05313408e-01
    1.17143297e+00 1.12963331e+00 1.50842738e+00 -7.96579480e-01
    -5.42560101e-01 2.52948046e-01 1.77084076e+00 -4.45290565e-01
    1.56535184e+00 1.73639822e+00 1.74736285e+00 -9.75237489e-02
    -2.25459963e-01 -1.01112455e-01 -5.75462580e-01 2.38566518e-01
    1.32392716e+00 3.29625607e-02 8.14528108e-01 4.82903063e-01
    5.22740841e-01 9.60193753e-01 -8.45598578e-02 1.02958894e+00
    1.02115357e+00 1.33893120e+00 -6.62127674e-01 1.46627903e+00
    1.37285483e+00 3.92360449e-01 3.16326380e-01 1.69937813e+00
    8.42445672e-01 -5.95302165e-01 1.15767610e+00 2.30216026e-01
    2.19678283e-02 9.63980794e-01 -3.72692168e-01 1.33622038e+00
    1.91107392e-02 6.14689887e-01 -6.96709335e-01 -6.79988146e-01
    -1.95658147e-01 1.62495542e+00 1.42444885e+00 1.80596232e-01
    1.16163182e+00 1.45910501e+00 6.99433625e-01 1.05768132e+00
    1.56918919e+00 -7.99269676e-02 1.61747456e+00 1.51764095e+00
    -5.74279726e-01 1.21708393e-01 1.66661882e+00 3.87653232e-01
    -2.84806639e-01 1.58321142e-01 1.43127644e+00 9.62018371e-01
    6.96661353e-01 -5.64375520e-01 -3.40541691e-01 6.18627667e-02
    -3.33356023e-01 7.17570543e-01 8.55750442e-01 -6.71380818e-01
    -5.71112990e-01 1.64995015e-01 -9.49226022e-02 1.04830325e-01
    1.76211095e+00 1.27099979e+00 -7.02577829e-01 1.14412665e+00
    -4.17330593e-01 -3.49764019e-01 -4.74988401e-01 -3.03737640e-01
    1.44734740e+00 1.60048783e+00 -5.70885062e-01 7.83975303e-01
    -1.07418001e-01 2.42943525e-01 -3.04231167e-01 1.49245596e+00
    -3.76776010e-01 2.32531428e-01 -4.43339556e-01 5.83055615e-02
    -2.66791582e-01 5.56074500e-01 1.74910808e+00 -3.04127485e-01
    1.68091154e+00 -2.60833204e-01 1.07043087e-01 1.05773163e+00
    1.70631206e+00 5.00075102e-01 8.00077558e-01 9.11837518e-01
    9.81673121e-01 -4.95070219e-01 8.33134174e-01 1.33270025e-03
    -2.60410577e-01 1.62590039e+00 -5.85734010e-01 5.44695258e-02
    6.09921098e-01 1.80719268e+00 3.36968899e-03 4.92767096e-02
    1.59933996e+00 8.66502404e-01 6.48068428e-01 -2.23195434e-01
    1.11616766e+00 -6.40931129e-01 1.21249759e+00 2.71576047e-02
    5.65201640e-02 5.51221013e-01 -3.48984003e-01 9.62974668e-01
    1.57036257e+00 1.04822922e+00 1.38055754e+00 1.68935513e+00
    4.97193694e-01 9.57795978e-01 1.00433910e+00 1.25069666e+00
    2.10108757e-02 -3.87026370e-01 1.37584126e+00 1.13602555e+00
    -2.08574116e-01 1.68797386e+00 2.12190151e-02 -4.76692319e-02
    -4.79894280e-02 -2.57571101e-01 1.04267049e+00 -7.19911456e-01
    1.73726344e+00 -6.08247697e-01 2.82559156e-01 -6.34975433e-02
    -4.75169927e-01 1.73873031e+00 -5.64465165e-01 1.35331511e+00
    -2.43510604e-02 4.72120404e-01 -2.97485769e-01 1.25703955e+00
    1.58547723e+00 -4.23565984e-01 3.85224640e-01 4.52858269e-01
    -2.77099848e-01 1.73725188e-01 3.14298272e-01 3.00537884e-01
    9.27726388e-01 8.65171313e-01 1.66755188e+00 2.72785068e-01
    1.80654407e-01 9.72941875e-01 1.51922739e+00 4.34257865e-01
    7.18793273e-01 -2.98171371e-01 1.47226238e+00 9.22738433e-01
    1.60038447e+00 -6.94809198e-01 1.82673597e+00 -1.44403279e-01
    1.27736211e-01 5.45505881e-02 5.86603224e-01 1.72263837e+00
    -3.44693959e-01 -6.23953104e-01 1.57813954e+00 7.13882267e-01
    1.26745832e+00 1.41735375e+00 1.18200207e+00 1.49009180e+00
    1.59343624e+00 6.36942863e-01 -5.33328176e-01 7.38920331e-01
    1.40296173e+00 -3.13228428e-01 7.62168527e-01 1.34414411e+00
    1.10315347e+00 -2.45721638e-01 5.90925217e-02 8.74006689e-01
    -2.24460840e-01 -3.28017175e-01 7.82717764e-01 2.16072321e-01
    1.37514257e+00 7.07082748e-02 4.41702604e-01 -6.80503368e-01
    4.17077661e-01 7.84676671e-01 8.23784888e-01 -1.62303925e-01
    -2.86625624e-02 1.82222426e+00 -3.60667735e-01 3.08366001e-01
    4.61009085e-01 4.30313289e-01 -3.60252261e-02 -6.49380088e-01
    -7.31476068e-01 1.43038285e+00 1.66850185e+00 -4.32966173e-01
    1.08360219e+00 1.53172576e+00 -2.74773777e-01 1.02074575e+00
    1.61587048e+00 3.89580786e-01 4.64997411e-01 5.68931460e-01
    2.64683485e-01 8.01399648e-01 1.97855830e-01 1.14270353e+00
    1.54165924e+00 -6.26838028e-01 -3.98865074e-01 1.06053543e+00
    9.80216026e-01 5.24537206e-01 1.62317872e+00 1.13100564e+00
    -4.43567038e-02 8.84439468e-01 1.20667696e+00 1.35018826e+00
    6.25207782e-01 -6.68108225e-01 2.80342460e-01 1.12030864e+00
    1.10483515e+00 9.04654562e-01 -6.52689040e-01 1.84120500e+00
    1.21366262e+00 2.67918050e-01 9.20250475e-01 2.64901936e-01
    1.07946241e+00 1.16473162e+00 -1.93247139e-01 -4.97591823e-01
    1.74606943e+00 -8.06876421e-02 1.28429615e+00 6.46537244e-01
    1.16481400e+00 4.07502353e-01 1.15744662e+00 -4.65145618e-01
    3.85486424e-01 7.65548408e-01 -5.55970073e-02 -1.18166864e-01
    9.37787890e-02 5.96580982e-01 6.06564581e-01 2.73250699e-01
    6.17696166e-01 9.79231119e-01 2.84870684e-01 1.37276530e-01
    -2.98312366e-01 7.50890255e-01 2.84163177e-01 1.48602629e+00
    1.33040941e+00 1.27386665e+00 1.64675939e+00 -4.11062837e-02
    -2.40396261e-02 1.01319480e+00 -5.58021665e-02 -1.51129365e-01
    1.74354422e+00 -2.49636412e-01 -2.63599157e-02 2.75781870e-01
    4.03748393e-01 -6.20538175e-01 1.00289261e+00 -4.78244066e-01
    -5.03012419e-01 5.26879072e-01 1.48810768e+00 4.00208592e-01
    -2.68408060e-02 -6.15348876e-01 -3.16966593e-01 -1.48841798e-01
    1.72087598e+00 1.79922748e+00 1.16409135e+00 -7.35449433e-01
    6.05389416e-01 1.35110700e+00 7.52439141e-01 9.98450518e-02
    -3.17362547e-01 1.01332426e-01 1.15752423e+00 1.46809447e+00
    1.66634989e+00 8.72262120e-02 7.94475198e-01 -1.98641896e-01
    1.85371757e-01 1.59558380e+00 1.41366673e+00 8.21863770e-01
    4.74736094e-01 2.02468634e-02 1.50284183e+00 3.57078910e-02
    -4.50190157e-01 1.60734451e+00 -2.91540623e-02 1.57100236e+00
    1.21466887e+00 1.31323040e-01 -3.78187418e-01 1.04948056e+00
    1.51458931e+00 1.24469030e+00 1.41520751e+00 1.30945623e-01
    5.65125942e-02 4.54525173e-01 1.60121679e+00 5.95208704e-01
    -7.06049085e-01 6.01525545e-01 3.72642040e-01 -3.37004334e-01
    -5.80232620e-01 8.33393097e-01 9.99338508e-01 1.18613636e+00
    1.80044830e-01 -1.75659478e-01 1.30098760e-01 -6.51288033e-02
    1.55990636e+00 4.94640112e-01 9.97367799e-01 5.65242529e-01
    1.06066203e+00 -2.54893154e-01 -3.78223181e-01 1.61046147e+00
    -7.24406958e-01 1.11128187e+00 1.04374194e+00 1.39751327e+00
    -8.74750793e-01 1.48197246e+00 -1.95355594e-01 9.68446612e-01
    -7.55252063e-01 -7.51296580e-01 1.77514398e+00 1.43129826e+00
    9.87850428e-01 -3.01561773e-01 1.50241578e+00 1.06345046e+00
    3.87145638e-01 3.92668545e-01 1.64840603e+00 8.98682892e-01
    7.09189951e-01 6.49098754e-01 2.19445109e-01 7.47703373e-01
    9.93161559e-01 1.18114710e+00 1.15212393e+00 -1.21200621e-01
    1.25856698e+00 9.36915994e-01 -6.22250199e-01 1.45639300e+00
    1.66908085e+00 1.16817498e+00 3.46295834e-02 -4.53333706e-01
    1.80322826e-01 8.91452670e-01 1.72455895e+00 8.11480641e-01
    9.51892972e-01 8.73425245e-01 2.84910142e-01 8.70911241e-01
    3.25173736e-02 4.19337571e-01 8.96296442e-01 4.62704062e-01
    -4.52757537e-01 -7.74649203e-01 2.06541538e-01 -6.98912084e-01
    9.64574814e-02 1.48986113e+00 -7.72158086e-01 -5.22003174e-02
    -6.59689069e-01 3.64811778e-01 1.65653670e+00 2.99110472e-01
    3.66210878e-01 6.57199860e-01 5.22688985e-01 7.45973527e-01
    9.61034894e-01 1.44089091e+00 -2.44183242e-01 -4.03518081e-02
    5.77800274e-01 -5.43999076e-01 -2.89051235e-01 1.97464824e-02
    1.10046089e+00 1.94515407e-01 1.30908132e+00 1.37788498e+00
    1.54510069e+00 -4.32012916e-01 7.13478923e-01 -4.98074681e-01
    -1.33941770e-02 5.23587465e-02 1.59524751e+00 1.56870103e+00
    -7.20790625e-02 1.02898622e+00 -9.77188349e-03 3.06089997e-01
    -5.51124990e-01 1.60460186e+00 1.75497317e+00 -1.01767480e-01
    -2.38809884e-01 6.43771887e-02 8.82179737e-01 6.22330189e-01
    1.77720559e+00 -6.10125065e-01 -5.81876338e-01 1.86055708e+00
    9.07515883e-02 1.06598151e+00 8.88741314e-01 1.02036512e+00
    1.29561126e+00 1.39959276e-01 1.24414480e+00 1.57440627e+00
    1.70775247e+00 -4.22341138e-01 -1.35415196e-02 1.33785057e+00
    2.23089874e-01 -5.57665288e-01 -3.14594239e-01 5.82470357e-01
    1.67896676e+00 5.76751471e-01 -3.58835906e-01 -5.40093005e-01
    1.23120189e+00 -6.00904644e-01 6.13959253e-01 -5.03719807e-01
    -3.09350669e-01 8.78918529e-01 1.40350807e+00 5.68825603e-01
    -3.96827996e-01 -3.03731561e-02 1.54699779e+00 -1.37260497e-01
    1.58098102e-01 1.02990484e+00 1.40380335e+00 -5.53569794e-02
    1.10823572e+00 1.23887026e+00 -2.68667072e-01 1.49652386e+00
    9.34045255e-01 3.28969836e-01 8.87574196e-01 -6.96175754e-01
    1.20526338e+00 1.75220942e+00 5.33740878e-01 1.21110106e+00
    -6.96763575e-01 9.19610262e-01 -7.75061011e-01 -8.00224245e-01
    6.81901813e-01 2.61591315e-01 -4.96932864e-02 -5.89095831e-01
    8.14091086e-01 1.10485554e-02 3.66177440e-01 2.45490134e-01
    3.38631392e-01 1.26241314e+00 2.93848336e-01 7.57233024e-01
    -4.85431552e-01 1.55562651e+00 7.28973806e-01 -8.17189813e-02
    2.22398639e-02 -1.06586099e-01 9.27020907e-02 1.47772646e+00
    1.07355154e+00 5.06295323e-01 5.78621447e-01 5.64815760e-01
    1.86237633e-01 1.41380572e+00 -3.72878850e-01 8.74995410e-01
    1.77250981e+00 9.49466109e-01 -2.67116576e-01 2.92003155e-01
    -5.51768601e-01 1.19764972e+00 2.01974690e-01 1.84578538e-01
    1.57745266e+00 1.39779031e+00 -5.61507463e-01 1.76358223e-01
    -1.62870944e-01 -2.99809605e-01 3.89633298e-01 -4.43853736e-01
    1.57447290e+00 5.31197369e-01 -2.87879288e-01 1.49455392e+00
    1.12267029e+00 -6.03121340e-01 7.86521316e-01 1.87791646e-01
    -3.03875983e-01 4.45814490e-01 9.38287258e-01 -6.95106387e-02
    4.78978157e-01 1.36918068e+00 -3.13564271e-01 -4.82078969e-01
    1.73878598e+00 2.16042995e-03 1.63977146e+00 -7.32427478e-01
    -7.92763829e-02 1.06577432e+00 5.56903243e-01 2.67894506e-01
    7.51069248e-01 1.39645338e-01 -5.02318144e-01 1.68370259e+00
    -1.45518601e-01 6.55922830e-01 1.81366801e-01 2.07699537e-02
    1.02808416e-01 1.19973290e+00 7.66762257e-01 1.57965374e+00
    -3.34744275e-01 -6.89111888e-01 1.13649833e+00 9.99321580e-01
    -8.87670517e-02 1.20759583e+00 3.65629792e-01 1.13986552e+00
    9.92593765e-02 1.33826780e+00 -4.84547973e-01 1.65642858e+00
    -3.93676817e-01 4.62583303e-02 1.32381260e-01 -4.34426814e-01
    -3.65527540e-01 4.31177557e-01 -1.10295475e-01 8.53252411e-01
    7.35037327e-02 1.38186347e+00 1.92627192e-01 1.60630250e+00
    -4.99090105e-01 8.01271141e-01 2.07608759e-01 7.91369379e-01
    1.00870728e+00 4.30114448e-01 -2.28305638e-01 1.43724263e-01
    -6.41104162e-01 7.80761838e-02 -5.77816844e-01 -5.47025859e-01
    -6.55961037e-01 1.22491765e+00 5.17706871e-02 8.57408524e-01
    -3.57898772e-01 2.51467109e-01 3.04158330e-02 1.29719329e+00
    3.96940470e-01 9.76453304e-01 1.08907509e+00 -1.77678227e-01
    1.42486465e+00 5.38911283e-01 -4.84042823e-01 -8.10637295e-01
    1.25286937e+00 -1.88253403e-01 -3.39900196e-01 1.63549292e+00
    -3.57346922e-01 -5.60101867e-01 -6.23507321e-01 5.59291542e-01
    7.29484856e-01 4.25538540e-01 1.49971187e-01 7.08974779e-01
    -3.30806881e-01 -5.90327263e-01 7.50695407e-01 4.81992602e-01
    -3.96207154e-01 4.99638855e-01 2.06601024e-01 -1.43617272e-01
    -2.25030482e-01 1.64754033e+00 4.81198192e-01 -4.07196879e-02
    3.79466474e-01 5.47694743e-01 1.38060355e+00 -4.98211205e-01
    5.10904193e-02 1.40666342e+00 5.92322886e-01 8.33321810e-02
    6.05083942e-01 7.36490250e-01 3.62405717e-01 1.66644216e-01
    -2.34323829e-01 1.80530763e+00 3.96612167e-01 1.61846232e+00
    6.33437574e-01 -2.85092562e-01 4.08351123e-01 1.05580854e+00
    1.66781688e+00 -4.61385846e-02 1.03413939e+00 9.73450065e-01
    -5.30772924e-01 1.42679572e-01 1.37539113e+00 -3.06852043e-01
    -1.99686587e-01 1.87338471e-01 1.70115447e+00 1.10647416e+00
    2.61560678e-02 1.47537363e+00 2.06977785e-01 -3.62527609e-01
    1.27842212e+00 1.10580230e+00 4.50764298e-01 1.52311790e+00
    -2.08545923e-02 3.89294624e-02 1.19886160e-01 1.90060782e+00
    -4.92817760e-02 -2.56876796e-01 4.03715193e-01 -3.84720266e-01
    9.20861840e-01 1.03526700e+00 8.97039652e-01 4.63935375e-01
    -5.31040907e-01 9.87889051e-01 5.20665824e-01 1.11414146e+00
    1.34877825e+00 -2.74485171e-01 -4.55413967e-01 9.32962120e-01
    -9.99317765e-02 1.35654211e+00 -2.32331753e-02 3.53989542e-01
    1.20839691e+00 1.49152255e+00 1.61953652e+00 8.42571259e-03
    1.44927943e+00 9.39553857e-01 -2.19335079e-01 -5.49929738e-01
    1.45931184e+00 -2.27663517e-02 1.68189144e+00 -7.82865047e-01
    1.53143966e+00 -4.14997876e-01 7.68349946e-01 1.29200542e+00
    4.12399232e-01 8.85325253e-01 7.27112651e-01 -1.36801720e-01
    -2.54644990e-01 1.56160128e+00 -3.36220980e-01 1.09407318e+00
    8.09944391e-01 -1.44011468e-01 1.36730325e+00 6.99941754e-01
    -3.23588550e-01 5.56781471e-01 1.73272169e+00 -1.80279791e-01
    1.02157784e+00 1.29351676e+00 3.25527966e-01 1.82568240e+00
    3.06595981e-01 1.62219954e+00 1.82234907e+00 1.23951364e+00
    6.19960606e-01 6.61780417e-01 8.98034036e-01 4.84755039e-01
    1.44738507e+00 1.40729225e+00 5.56844354e-01 1.29636192e+00
    5.00036299e-01 6.28856540e-01 1.71489370e+00 1.69904923e+00
    1.04527354e-01 -3.00213099e-02 -3.18004310e-01 4.30971622e-01
    6.02551103e-01 -6.90438092e-01 1.63691628e+00 -5.33469915e-02
    1.33890879e+00 1.76565015e+00 3.69792342e-01 1.79795635e+00
    -1.38550460e-01 -2.46048570e-02 6.48683071e-01 -5.39707541e-02
    1.34025979e+00 8.40030730e-01 6.69419527e-01 6.91837370e-01
    4.93020773e-01 9.97858226e-01 1.14120030e+00 -5.33364773e-01
    1.61259794e+00 -1.80424541e-01 5.91220021e-01 1.14450872e+00
    6.56542063e-01 1.25811386e+00 1.21725404e+00 4.15986061e-01
    8.33617866e-01 7.94877172e-01 -4.23116565e-01 1.05361223e+00
    4.97088909e-01 -2.03406811e-01 9.21796978e-01 -2.76251346e-01
    1.24298310e+00 1.46571696e-01 6.87137246e-02 1.13111007e+00
    3.06682527e-01 1.98593736e-02 9.40625727e-01 1.03753269e+00
    -6.07212305e-01 1.82631397e+00 1.05987477e+00 1.50495243e+00
    1.56990623e+00 2.07525492e-02 6.09746754e-01 5.15506685e-01
    1.20229578e+00 9.90125775e-01 -6.56868815e-01 4.04374063e-01
    1.53428268e+00 -6.57661498e-01 -2.33927429e-01 6.79790139e-01
    1.78442419e+00 1.51313448e+00 -2.96778858e-01 -3.62491637e-01
    1.07494235e-01 1.45533574e+00 -1.73468560e-01 4.95184660e-02
    -5.76721668e-01 1.33387589e+00 1.97905540e-01 4.69784796e-01
    2.81271577e-01 6.80735111e-01 1.53800905e-01 1.05557120e+00
    1.74814844e+00 8.99042130e-01 -2.93253303e-01 1.91817284e-02
    -5.38650870e-01 1.37874615e+00 1.13109779e+00 1.41643167e+00
    3.14922452e-01 8.79454970e-01 -5.63126206e-02 1.02807260e+00
    4.44738686e-01 1.62870610e+00 7.02740550e-02 -3.21570843e-01
    1.40232515e+00 1.78516436e+00 4.08453166e-01 7.10538924e-01
    -6.51812673e-01 1.01174474e+00 5.11489809e-01 1.26175952e+00
    -2.45559871e-01 1.84458566e+00 9.35992718e-01 -1.18240178e-01
    1.74586809e+00 5.48822880e-02 1.65845895e+00 1.21349633e-01
    -4.38212276e-01 1.68960476e+00 1.43380773e+00 1.76914001e+00
    1.65650916e+00 -7.44466364e-01 1.11707032e+00 1.34888279e+00
    1.02632236e+00 1.05493736e+00 8.68669152e-01 1.02528441e+00
    -2.46578306e-01 -5.67448258e-01 1.87476337e+00 -5.90404093e-01
    1.67204285e+00 -1.83786511e-01 -1.28512740e-01 1.59797907e+00
    9.95845795e-01 2.80613780e-01 1.76132357e+00 -3.52887601e-01
    1.35597646e+00 4.27736044e-02 1.77245975e+00 3.70568037e-02
    1.13167191e+00 3.52971256e-01 1.63385069e+00 6.94790542e-01
    9.04791772e-01 8.03856969e-01 1.29311502e-01 1.50852227e+00
    1.23752284e+00 -2.07469672e-01 -4.90251839e-01 7.06046522e-01
    9.32613134e-01 7.02964485e-01 -1.99483573e-01 1.40789461e+00
    8.20265412e-02 3.84231687e-01 -3.10904801e-01 3.20405245e-01
    7.49350786e-02 1.10816658e-01 1.48350048e+00 -6.23125017e-01
    -6.02375507e-01 4.14795160e-01 1.29992509e+00 7.71559060e-01
    1.81230569e+00 1.51096499e+00 1.10901022e+00 -2.11996794e-01
    5.70638776e-01 7.53684640e-01 1.16900897e+00 1.23377597e+00
    -2.17818409e-01 2.79128730e-01 -2.71869659e-01 2.46190131e-01
    7.59573579e-02 1.47641444e+00 4.10296917e-01 -9.01198387e-02
    -5.62070310e-01 -2.07288831e-01 1.43458748e+00 1.64584076e+00
    -8.17909241e-02 2.35995054e-01 -3.41035277e-01 3.48349810e-02
    4.43886042e-01 2.70341635e-01 1.88575709e+00 -5.99000275e-01
    4.54065740e-01 -4.82938498e-01 5.02476513e-01 1.43800890e+00
    1.32458234e+00 1.22477889e+00 8.43922079e-01 8.23582351e-01
    9.67238367e-01 -4.01743680e-01 1.82578850e+00 6.37587488e-01
    1.74108183e+00 2.55872130e-01 -5.33028245e-01 7.22263634e-01
    1.28589177e+00 1.03214955e+00 2.80119061e-01 3.16863239e-01
    1.33116925e+00 1.33899426e+00 6.05157614e-02 1.57315028e+00
    8.91093612e-01 6.86205924e-01 1.65225530e+00 8.28636467e-01
    -1.00025117e-01 7.41684496e-01 1.59955370e+00 2.04699326e+00
    1.77203405e+00 1.48119974e+00 1.18678439e+00 7.64257550e-01
    1.14999175e+00 7.46005774e-01 1.86951637e+00 -3.11378449e-01
    6.15980089e-01 1.47113812e+00 1.24281490e+00 1.67015898e+00
    1.60220563e-01 1.50112140e+00 1.45884240e+00 -2.49202639e-01
    6.99679494e-01 8.25060546e-01 1.16750383e+00 2.15644419e-01
    1.68377101e+00 -2.17946947e-01 3.87740493e-01 4.79442537e-01
    5.76140940e-01 2.20912695e-02 -3.25210720e-01 1.22610545e+00
    1.76964641e+00 1.65014982e-01 1.38840318e+00 2.46282518e-01
    3.77745211e-01 1.20373750e+00 8.84139955e-01 -4.74546432e-01
    -5.94058275e-01 -3.79909694e-01 1.47587013e+00 7.83474445e-02
    -1.30248696e-01 -2.50856817e-01 -3.78113955e-01 1.70380878e+00
    5.27110875e-01 -2.42358088e-01 3.69334877e-01 1.50121188e+00
    -3.40871632e-01 -3.71765137e-01 4.47891414e-01 1.53254926e+00
    1.06825709e-01 -4.00791705e-01 1.72803760e+00 1.27289009e+00
    1.83163393e+00 1.78595126e+00 1.58689320e+00 6.11594439e-01
    1.64447761e+00 6.88255787e-01 6.44431710e-01 -5.01293004e-01
    1.73231697e+00 8.43041778e-01 1.02573133e+00 1.87350893e+00
    1.95311499e+00 6.07739747e-01 8.11746240e-01 4.10091519e-01
    1.95428014e+00 -2.94844419e-01 -3.72201443e-01 3.49765360e-01
    8.26159894e-01 1.52344167e+00 1.42554581e-01 1.26950240e+00
    2.67432690e-01 4.10055518e-02 1.33121610e+00 1.82491422e+00
    1.77005613e+00 1.27066159e+00 1.13646317e+00 1.74404263e-01
    -1.26550734e-01 1.08151078e-01 7.29179621e-01 1.83162308e+00
    4.98552620e-01 1.85689831e+00 1.60657942e+00 1.92666507e+00
    1.92469120e+00 1.77829933e+00 -2.57482320e-01 1.35479832e+00
    1.41503608e+00 4.62480187e-01 2.02632093e+00 7.76462674e-01
    1.40046287e+00 7.59766221e-01 1.57992983e+00 1.14740169e+00
    -3.33306968e-01 1.12324572e+00 1.42745686e+00 1.44574583e+00
    3.14984560e-01 7.39884257e-01 1.82845783e+00 4.46542263e-01
    1.11572981e+00 8.33053648e-01 1.39767170e-01 5.93357742e-01
    -2.77059674e-01 7.66049027e-02 7.02643394e-01 1.42845333e+00
    -6.44409060e-02 1.57487667e+00 1.32540369e+00 5.24485111e-03
    1.74694514e+00 9.13766861e-01 -1.40616596e-01 2.33819246e-01
    1.19513106e+00 -4.44922894e-01 -3.34614962e-01 5.94917119e-01
    1.76674271e+00 1.34003699e+00 1.84542179e+00 1.03402174e+00
    -4.15334702e-02 -1.11194193e-01 1.36691308e+00 5.47098756e-01
    1.35151088e+00 1.33122015e+00 1.40207601e+00 -4.05985534e-01
    3.40101421e-01 1.68546689e+00 3.61330509e-01 1.38062263e+00
    -4.24575806e-01 1.81137633e+00 1.00777006e+00 3.93326342e-01
    8.31425190e-03 -3.46372724e-01 1.41851437e+00 8.70882273e-02
    7.85089791e-01 7.29436040e-01 3.33679378e-01 -4.08374429e-01
    1.43562341e+00 7.47922421e-01 1.53782082e+00 1.77594745e+00
    -4.05081064e-01 2.71128118e-01 1.01946652e+00 -2.11322695e-01
    1.25136900e+00 1.54853690e+00 1.41868889e-01 1.51530647e+00
    6.89328790e-01 -1.92692488e-01 -2.71458387e-01 -4.08509552e-01
    4.23328876e-02 1.33329272e+00 1.85363102e+00 1.09693062e+00
    1.60979414e+00 6.43072844e-01 1.77866602e+00 1.16490626e+00
    1.55929685e-01 1.20337737e+00 1.42308986e+00 -5.82385957e-01
    1.46182859e+00 1.26678610e+00 -4.10964191e-01 1.04465699e+00
    1.39233649e-01 5.97921550e-01 -1.35732442e-01 -2.65664458e-02
    1.42656624e-01 -4.58463669e-01 1.85608649e+00 4.43363667e-01
    1.83446693e+00 6.31588697e-03 6.62145376e-01 6.06076539e-01
    -3.99665654e-01 1.87139487e+00 1.82739198e-01 1.82937443e-01
    -1.50781721e-01 8.38720858e-01 7.81588674e-01 4.16218042e-01
    1.00381351e+00 -2.31906474e-02 6.78242743e-01 5.41755557e-02
    -9.13903713e-02 1.25784779e+00 8.00354958e-01 1.37931108e+00
    -3.63603771e-01 8.79970431e-01 8.96788895e-01 1.43081427e+00
    1.61573493e+00 -3.51518512e-01 5.57095408e-01 -3.00834090e-01
    -2.71138996e-01 1.79309189e-01 1.85951924e+00 -6.02081060e-01
    1.11031795e+00 -5.66482246e-01 1.00340652e+00 1.31407642e+00
    1.89511716e+00 1.79719520e+00 1.87419891e+00 -6.50308132e-01
    1.71701825e+00 1.54188085e+00 1.81625533e+00 1.01798427e+00
    2.72983849e-01 8.89133990e-01 1.68965340e-01 2.76556969e-01
    2.22401261e-01 1.28479660e+00 2.91683376e-01 5.55380464e-01
    8.84163857e-01 1.27925289e+00 1.25686860e+00 1.05663037e+00
    1.78928840e+00 1.27440763e+00 2.21804976e-01 1.36217141e+00
    7.00352192e-02 -1.22812450e-01 2.08340549e+00 -4.15412098e-01
    -3.00574481e-01 1.41486788e+00 2.17642486e-01 -1.95139647e-03
    1.61386108e+00 1.80536604e+00 6.29212260e-01 -2.61034667e-02
    1.52986884e+00 2.09545493e-02 8.79683077e-01 3.19199860e-01
    1.90505028e+00 1.92866147e+00 2.00264406e+00 1.12050712e+00
    7.57729471e-01 1.49231791e+00 -3.36067855e-01 6.26309514e-01
    3.53119433e-01 1.98381114e+00 1.99554563e+00 4.15434837e-02
    1.02185535e+00 1.14745116e+00 8.86250138e-02 1.43339539e+00
    8.07659328e-01 8.19442272e-01 -6.69187307e-03 1.90096784e+00
    1.95742512e+00 3.21462691e-01 2.72452384e-01 1.54681015e+00
    -8.49437714e-03 8.83677959e-01 1.56881869e+00 6.99517488e-01
    -8.33153725e-03 3.81778955e-01 1.89619660e+00 1.30674869e-01
    1.26774549e-01 1.76989436e-01 -3.34628046e-01 5.34631431e-01
    1.58972812e+00 1.05180764e+00 1.36341381e+00 1.81248820e+00
    1.38764501e+00 6.03118718e-01 1.09725285e+00 -4.45995867e-01
    1.91376090e+00 6.17056131e-01 1.03304040e+00 -4.56185460e-01
    1.81213140e+00 1.35409439e+00 1.68052220e+00 1.72523308e+00
    1.25713623e+00 -3.67390513e-01 2.95816660e-02 1.80037653e+00
    6.22662067e-01 -6.27426505e-02 1.49338186e+00 -4.83036309e-01
    1.68672812e+00 3.01029742e-01 8.34519207e-01 1.48599946e+00
    1.50583959e+00 1.33309078e+00 6.03099644e-01 4.74381685e-01
    1.89647043e+00 -3.09436381e-01 -4.90134090e-01 4.27872419e-01
    5.84704161e-01 1.40207720e+00 1.80671084e+00 5.18206000e-01
    4.38202709e-01 3.47383320e-02 3.33685577e-01 8.46102893e-01
    -3.97993624e-02 1.45869768e+00 -2.36095831e-01 1.13943076e+00
    -4.61540341e-01 1.61960363e+00 1.61113012e+00 1.72920853e-01
    -4.89285320e-01 1.55215859e+00 1.48573589e+00 8.54562879e-01
    1.01047146e+00 3.11621726e-01 6.54047608e-01 1.00140119e+00
    1.38667738e+00 1.88680971e+00 4.70916629e-02 1.79240251e+00
    1.57985806e+00 9.06539321e-01 1.41965806e+00 6.95940852e-01
    7.16691613e-01 4.26226258e-02 1.36475158e+00 9.23143446e-01
    1.99657130e+00 1.50590539e-01 -3.93040538e-01 1.59303099e-01
    1.76042110e-01 6.84233129e-01 1.85343075e+00 4.89669383e-01
    1.35045326e+00 -5.30934334e-03 1.62488532e+00 9.65344787e-01
    1.51598001e+00 5.35115838e-01 -2.36972243e-01 1.09488726e+00
    -4.36199635e-01 4.74443257e-01 1.52581954e+00 1.70821393e+00
    1.70694840e+00 9.99123096e-01 -5.47993183e-03 1.70891631e+00
    1.64499295e+00 1.95741624e-01 1.02148128e+00 5.84102571e-02
    6.45935297e-01 1.37166321e+00 6.12643480e-01 7.99241722e-01
    1.74675560e+00 1.79929245e+00 8.12895477e-01 1.79169106e+00
    -1.57484084e-01 1.26430011e+00 1.08501065e+00 2.04685831e+00
    5.92643857e-01 2.15133369e-01 1.91786146e+00 1.75414276e+00
    1.26695979e+00 2.53397226e-01 -5.80607057e-02 -1.17139414e-01
    -5.68328798e-02 1.56025738e-01 1.46951330e+00 -2.78247088e-01
    6.50532842e-01 8.29169631e-01 1.06629610e+00 6.84739292e-01
    -1.98023498e-01 1.80801272e+00 1.15528226e+00 1.41159368e+00
    6.25681758e-01 4.69366431e-01 1.88564003e+00 2.31849283e-01
    1.36554575e+00 -1.50885522e-01 -2.82690287e-01 1.86054599e+00
    8.80018353e-01 1.65974271e+00 1.04903316e+00 8.48229110e-01
    5.14461517e-01 1.26545429e+00 -3.78213584e-01 1.58949113e+00
    3.39198470e-01 7.06464529e-01 4.32017684e-01 1.30578160e+00
    2.05605412e+00 1.50665307e+00 1.68742979e+00 -1.73435941e-01
    -5.47288358e-02 1.26650763e+00 3.69910985e-01 1.85487533e+00
    -2.67442644e-01 1.36554193e+00 6.46581650e-01 -2.13269770e-01
    2.38867432e-01 8.42603445e-02 1.64503038e+00 1.69830072e+00
    1.53248119e+00 1.17642260e+00 -4.31293368e-01 1.38262749e+00
    1.73464775e+00 -2.04329222e-01 6.83133721e-01 1.58914804e+00
    1.03024197e+00 8.22038054e-02 8.94479394e-01 4.80013430e-01
    -1.03913307e-01 -3.69358003e-01 1.51309872e+00 -4.90799069e-01
    -3.56705457e-01 1.50888085e+00 -3.04218918e-01 2.00818396e+00
    1.86975193e+00 1.05186152e+00 1.52848363e-02 -3.74222487e-01
    2.77658045e-01 5.00615180e-01 1.13801885e+00 -1.16867289e-01</data></my_img>
<your_img type_id="opencv-matrix">
  <rows>128</rows>
  <cols>256</cols>
  <dt>f</dt>
  <data>
    2.28264809e-01 4.57878530e-01 -4.15182620e-01 3.14738572e-01
    -1.36253238e-02 -2.59246916e-01 1.47352815e-01 -1.31179094e-01
    4.62807804e-01 -2.47413665e-01 1.12417966e-01 -4.18748260e-01
    -3.21457386e-01 -3.08183730e-01 -3.95712286e-01 4.51898068e-01
    4.82502192e-01 -9.12598372e-02 -5.63670397e-02 3.87554765e-01
    -2.33812958e-01 4.12661642e-01 -3.85820299e-01 -3.19691986e-01
    -1.46832287e-01 2.78771877e-01 -7.64237046e-02 -8.15514326e-02
    -3.86566341e-01 7.78685808e-02 3.57243598e-01 2.81462610e-01
    -2.25915253e-01 1.70984417e-01 -1.33113652e-01 2.57900357e-01
    2.85308063e-01 2.37654328e-01 -4.29841548e-01 -3.38591814e-01
    -1.31402016e-02 3.38247091e-01 -2.41669089e-01 -2.66418964e-01
    -1.30958349e-01 -1.77113622e-01 9.94569063e-03 -1.39845550e-01
    1.37583643e-01 2.52166897e-01 -8.04631710e-02 -4.67754900e-02
    -7.26190209e-02 -2.00941563e-01 -4.44920361e-02 5.24849534e-01
    -2.32509077e-01 -2.02522933e-01 -2.39971876e-02 5.01100421e-01
    -2.47945368e-01 -9.92573500e-02 3.85550916e-01 -1.28322661e-01
    4.03571904e-01 4.21166420e-03 3.81298661e-01 -2.44347453e-01
    -1.06641352e-01 3.14097881e-01 3.05289328e-02 4.80914950e-01
    -4.20915157e-01 -1.60504460e-01 2.62775421e-01 -2.96627343e-01
    4.61897850e-02 1.45320177e-01 2.48027802e-01 2.82840610e-01
    2.98017025e-01 -4.30316299e-01 4.52741742e-01 -1.40917778e-01
    -3.12875003e-01 1.27025843e-02 -1.25515223e-01 -1.11403435e-01
    4.23807263e-01 -4.95890617e-01 -2.97335744e-01 1.92163467e-01
    -2.09071338e-02 4.04564142e-01 1.08521193e-01 -2.29343206e-01
    7.39298463e-02 -2.63683051e-01 1.16406679e-01 3.66169095e-01
    2.07305133e-01 -7.97351003e-02 3.25071752e-01 -4.10043001e-02
    -5.55480421e-02 -1.31083846e-01 -2.43225694e-01 -1.73724681e-01
    -7.57659078e-02 7.21209347e-02 4.85925198e-01 -1.42219365e-02
    2.58630872e-01 2.26675093e-01 -3.54505658e-01 3.25620711e-01
    -4.33606803e-01 3.76156688e-01 -4.50085640e-01 1.96496040e-01
    4.95955706e-01 -1.87300146e-01 1.60413504e-01 -1.70916587e-01
    -8.43721032e-02 3.08400780e-01 1.84388965e-01 -1.07944518e-01
    2.48306662e-01 -2.89549768e-01 3.20056856e-01 -3.29462081e-01
    -2.17415154e-01 -1.36410594e-02 1.64806634e-01 1.52670294e-01
    -5.45975566e-03 -4.37647134e-01 -4.59926963e-01 1.83532238e-02
    3.59797895e-01 -9.60532427e-02 -3.13770860e-01 -2.63024718e-01
    -2.49595463e-01 -3.46400738e-02 1.33416653e-01 -1.14686638e-01
    -2.15866506e-01 2.99242318e-01 4.31084991e-01 2.83633471e-01
    -2.85143137e-01 4.06895161e-01 3.88100266e-01 1.00503594e-01
    -3.88399094e-01 2.18453467e-01 4.64379191e-01 1.78111255e-01
    -1.11104578e-01 4.29636776e-01 -2.13592052e-01 -3.51466089e-01
    -3.41863632e-02 1.26553655e-01 -2.76261568e-02 -5.15013933e-03
    4.25993741e-01 -5.87066114e-02 -9.69763100e-02 -4.24886256e-01
    5.16924441e-01 -1.83633447e-01 -2.09488600e-01 9.71579850e-02
    4.43054557e-01 -1.91423178e-01 1.16544485e-01 4.00430620e-01
    -4.91603374e-01 -7.97462463e-02 2.40282714e-01 3.25133562e-01
    -2.25531518e-01 1.73751950e-01 4.19188976e-01 7.74671137e-02
    3.65172148e-01 -7.29826689e-02 -6.10641837e-02 5.10213673e-02
    -7.50713348e-02 -2.40034312e-01 4.64988708e-01 -2.63619304e-01
    4.31933463e-01 -1.59859687e-01 -1.61114365e-01 5.71334362e-02
    1.21901840e-01 4.06553149e-02 -9.03737545e-03 1.20071113e-01
    -4.25238937e-01 1.87141001e-01 -2.60272503e-01 -5.92914820e-02
    2.08970070e-01 3.34614933e-01 -2.53615141e-01 4.28830653e-01
    3.18269014e-01 -4.20470804e-01 -2.45257020e-02 -2.97657728e-01
    -3.56326550e-01 1.00251615e-01 -6.73753023e-02 1.17607445e-01
    -3.45558614e-01 3.09295505e-01 -1.97754204e-01 1.40879333e-01
    -1.33878738e-01 2.75847137e-01 -2.72064805e-02 2.06311911e-01
    4.75733697e-01 -3.96102130e-01 -4.17644650e-01 -1.56129271e-01
    4.60160285e-01 -7.75413811e-02 -2.93868899e-01 1.61658645e-01
    -6.66740537e-02 5.10182321e-01 -2.62074232e-01 -7.76695907e-02
    -3.55412811e-01 7.21058249e-02 1.58378124e-01 3.26884717e-01
    -1.20168746e-01 1.64989322e-01 -5.41743040e-02 -8.79948735e-02
    3.19136769e-01 -3.34663123e-01 1.65607631e-02 -3.42413306e-01
    -1.30278707e-01 5.07430017e-01 -8.03377628e-02 -3.28137577e-02
    4.08064067e-01 4.41930473e-01 -4.87784594e-01 -8.61485004e-02
    -1.52507424e-02 -2.04772413e-01 3.03060889e-01 -6.04411244e-01
    9.46810842e-02 6.17758036e-02 3.39291811e-01 -1.27882391e-01
    -4.48745489e-02 -5.58495224e-01 3.82037759e-01 -9.32103992e-02
    -1.50753081e-01 -2.54348993e-01 -1.26408786e-01 -3.09363484e-01
    -5.16700387e-01 7.59439468e-02 2.75419712e-01 -1.89872205e-01
    2.03986645e-01 2.93190479e-02 -4.89103913e-01 -2.83650339e-01
    2.15839088e-01 -5.33099413e-01 -4.95948315e-01 -4.03688520e-01
    3.94924521e-01 -5.21613598e-01 -3.60364586e-01 -4.77832645e-01
    -1.19231343e-02 2.84227312e-01 2.94216514e-01 9.47975516e-02
    -1.49744749e-03 -1.46286339e-01 -3.39504957e-01 2.06399918e-01
    -1.48479700e-01 3.95559728e-01 -1.40518129e-01 -4.10843283e-01
    2.00742364e-01 -5.04174232e-01 2.73950636e-01 -4.37931418e-01
    -5.08636177e-01 -4.39785242e-01 3.42442989e-01 -3.20201695e-01
    -4.88490582e-01 -3.86086792e-01 -1.99775040e-01 1.26982987e-01
    -2.56159425e-01 1.93683743e-01 -5.89326620e-01 1.75318897e-01
    -5.18625975e-03 -8.01693797e-02 1.21710062e-01 -4.56940264e-01
    1.64303005e-01 3.26966226e-01 -1.37433648e-01 -5.36068201e-01
    5.15187979e-02 -1.53736442e-01 -4.06879663e-01 -2.09837854e-01
    2.33320713e-01 -2.44427264e-01 -3.22696656e-01 1.14993989e-01
    -3.10857773e-01 -1.96742654e-01 -2.63994277e-01 -2.81765819e-01
    -1.16927564e-01 -4.51799423e-01 -6.03877902e-02 -4.30712461e-01
    -1.33238971e-01 1.34692192e-01 -1.22266591e-01 -1.64963096e-01
    -3.97646725e-01 2.71255970e-01 2.54967213e-01 -2.49397516e-01
    -1.09927833e-01 -4.23007965e-01 -3.67245555e-01 -1.45122617e-01
    7.69739151e-02 1.38188183e-01 3.07401597e-01 -4.93525952e-01
    -2.60935307e-01 1.51828468e-01 -3.72738719e-01 7.47795701e-02
    -4.05187458e-01 -5.59669137e-01 -1.67292476e-01 -5.33145428e-01
    2.69860446e-01 -2.05636859e-01 -6.42359853e-02 2.34656572e-01
    -3.54030907e-01 1.02561116e-01 -1.17696822e-01 -3.67275238e-01
    -3.41314733e-01 3.72071803e-01 -5.35184324e-01 2.59880006e-01
    -4.27982628e-01 -2.26774007e-01 2.16260493e-01 -3.41404319e-01
    -1.48947835e-02 -3.24652404e-01 3.08498561e-01 5.68474531e-02
    -3.67909074e-02 3.03290188e-01 -3.95942420e-01 1.86743021e-01
    -1.63914740e-01 3.12758684e-01 -1.32672071e-01 -5.61309814e-01
    2.77125537e-01 -1.91978812e-02 -2.48853564e-02 2.40840733e-01
    -2.49614179e-01 1.73659325e-02 2.80975580e-01 1.13907933e-01
    -6.27881765e-01 -1.05422497e-01 -2.77626663e-01 -4.53523576e-01
    1.29523277e-02 -6.00770712e-01 -5.06443620e-01 -7.88245797e-02
    -7.58553743e-02 -2.49972463e-01 1.52727187e-01 1.32298231e-01
    3.98142815e-01 -1.81083620e-01 -2.13175654e-01 -1.20896280e-01
    3.86484027e-01 -1.12398267e-02 -3.17687452e-01 2.56367207e-01
    1.92681074e-01 -2.99817502e-01 2.58611619e-01 2.54425049e-01
    -4.46401089e-01 -3.22907805e-01 3.49661648e-01 -3.66022468e-01
    -1.45257652e-01 -1.99319065e-01 -3.46032917e-01 6.76022768e-02
    4.11567688e-02 2.94643700e-01 -2.03369170e-01 -1.85734659e-01
    -2.35070050e-01 -3.08186591e-01 2.60511041e-02 -3.20303410e-01
    -1.71667576e-01 -4.54595357e-01 -3.28828812e-01 -1.11491978e-01
    -1.38366789e-01 -4.47107077e-01 -6.32977188e-02 -3.63615066e-01
    -4.46252108e-01 -2.07880974e-01 5.08034825e-02 4.39691007e-01
    -3.43707681e-01 1.74091935e-01 1.81032896e-01 -1.46200389e-01
    -2.14241087e-01 1.10786259e-01 -1.41402215e-01 -1.06720567e-01
    7.49155879e-02 9.35233831e-02 -1.37228310e-01 -4.57222015e-01
    3.86391282e-02 -1.79453433e-01 3.08624744e-01 -1.64739788e-01
    2.28233933e-02 -4.79408681e-01 5.35256267e-02 -7.14380443e-02
    1.11773670e-01 -3.06991160e-01 -1.68618083e-01 1.33776784e-01
    -2.91071177e-01 -2.25758582e-01 -5.22879720e-01 2.10210919e-01
    -1.61995173e-01 -3.32443535e-01 -6.11544669e-01 3.00060034e-01
    -5.04878759e-01 -4.99079674e-01 3.20924640e-01 -5.07931650e-01
    -1.68708622e-01 2.95391321e-01 -1.54742181e-01 1.78126633e-01
    -3.58834863e-01 -1.77387297e-01 -1.23609900e-01 -4.16915923e-01
    -6.51992857e-02 4.14743364e-01 -2.08808780e-02 -2.01710105e-01
    -4.04731661e-01 -3.24043870e-01 2.21040726e-01 1.13696277e-01
    2.56157041e-01 -3.54211509e-01 -3.47526103e-01 -8.03271532e-02
    1.47858649e-01 1.76838994e-01 2.57839441e-01 -5.10513186e-02
    2.03250885e-01 -5.89849591e-01 -9.58709121e-02 -3.23987424e-01
    -6.84832692e-01 -1.43145740e-01 -3.49086463e-01 3.67423296e-02
    -3.20160627e-01 -5.64183652e-01 -2.59339571e-01 -8.20043087e-02
    -4.74411070e-01 2.60943174e-01 1.39353871e-02 -5.57441235e-01
    -2.89635241e-01 -3.36923778e-01 1.37806416e-01 1.66436613e-01
    1.95965886e-01 -4.95690018e-01 -1.83673978e-01 -3.37461591e-01
    2.75260806e-01 -7.69104362e-02 4.87705469e-02 2.29663372e-01
    -4.05087501e-01 -9.63497162e-03 -3.81815344e-01 -6.13435030e-01
    7.79622793e-03 -2.43814886e-01 7.99377561e-02 -7.08271682e-01
    -5.89365005e-01 -6.83048069e-01 1.28694296e-01 -2.94626892e-01
    -4.56555516e-01 -4.04746741e-01 -1.77849948e-01 -2.71855414e-01
    -5.78135848e-02 -3.84575844e-01 -2.69977212e-01 1.78688884e-01
    -7.94076920e-03 1.48988783e-01 -2.05540299e-01 -2.13212550e-01
    -3.45444918e-01 -3.75865668e-01 -1.33287460e-01 -1.98689729e-01
    -6.04534745e-01 6.08725548e-02 -6.60898805e-01 1.42233551e-01
    -9.60760117e-02 -6.36970878e-01 -2.74294615e-01 -3.55180144e-01
    -4.83517975e-01 5.63026071e-02 -3.57079387e-01 -6.15642071e-02
    -4.98346061e-01 -6.21531606e-01 -6.14702761e-01 -2.65617371e-02
    9.25558805e-03 -6.15948439e-02 -1.86280608e-01 2.71748900e-02
    2.20729232e-01 -2.76924968e-02 -9.26992297e-02 -2.93182790e-01
    2.90843487e-01 2.06885874e-01 3.31109762e-02 1.26146555e-01
    -5.04430175e-01 1.27592802e-01 -5.77079773e-01 -1.48780286e-01
    -6.61029935e-01 -3.40899795e-01 2.00253844e-01 -5.19862354e-01
    -7.70812035e-02 -4.47294503e-01 1.90141439e-01 -5.56553245e-01
    -2.72059262e-01 1.15110278e-01 -1.92710102e-01 -3.07018936e-01
    2.86821842e-01 2.41070151e-01 1.09215975e-01 -6.11070752e-01
    1.77932262e-01 -5.77998161e-01 -6.15449548e-02 -6.39111876e-01
    -6.08833075e-01 -2.73777306e-01 2.53184438e-02 -3.39077979e-01
    6.98529482e-02 -6.38101399e-01 -1.31870508e-01 1.40811682e-01
    2.87514269e-01 -3.87553245e-01 -3.85702252e-01 -1.92008615e-01
    -5.57100952e-01 2.07788944e-01 -5.52670956e-02 -6.26021266e-01
    -4.27709669e-01 2.18132615e-01 -3.82747293e-01 2.07271338e-01
    -1.92674756e-01 -4.98171568e-01 -4.97324437e-01 -7.47072339e-01
    1.42261803e-01 -1.75510287e-01 5.42570949e-02 -3.46161753e-01
    -2.21527815e-02 6.94342256e-02 -2.58910239e-01 -5.36108136e-01
    -5.32585621e-01 -4.02694523e-01 -1.88215971e-01 2.67247498e-01
    1.77949429e-01 -5.12422562e-01 -4.22315598e-02 8.72955322e-02
    -3.43521833e-02 -3.79918754e-01 -7.42351413e-02 -1.72507584e-01
    -3.02050591e-01 -1.65154457e-01 -6.53856158e-01 -6.16784334e-01
    1.04532540e-01 -5.38749516e-01 5.98781705e-02 -6.06012106e-01
    -5.53391337e-01 -6.09666109e-02 -1.00988448e-01 -1.35571361e-02
    -5.45560718e-01 -5.52293956e-01 3.12363505e-02 -3.08003128e-01
    -4.08174813e-01 -2.51506209e-01 7.25672245e-02 -3.49643558e-01
    -6.78427696e-01 5.71812987e-02 1.26733005e-01 -5.56981087e-01
    8.34772587e-02 -2.16434062e-01 -5.66528440e-02 -6.24804318e-01
    1.05694950e-01 -8.23764801e-02 -1.28535926e-01 -4.83398914e-01
    4.83278036e-02 -4.23325539e-01 1.06414199e-01 -1.57171130e-01
    -4.26420569e-02 -5.21190763e-02 -8.75774622e-02 2.59581983e-01
    -2.26706326e-01 5.93919754e-02 -5.63142419e-01 -1.74108654e-01
    -1.85760051e-01 -4.06377524e-01 -3.46532881e-01 1.76111341e-01
    -5.46992719e-01 -3.18503559e-01 1.77472830e-03 -5.74684262e-01
    -1.97203457e-01 8.32810402e-02 -5.66723108e-01 -4.64326024e-01
    -1.16029322e-01 -3.88477087e-01 3.69093418e-02 -7.21812248e-02
    4.28726673e-02 2.85404980e-01 -1.35876864e-01 -5.02440929e-01
    2.33166754e-01 -1.87839806e-01 -1.63780540e-01 1.47609293e-01
    -4.58136767e-01 -5.89592695e-01 2.70419300e-01 1.99945748e-01
    -1.13117516e-01 -2.72942066e-01 4.47904468e-02 2.32075810e-01
    -3.38700175e-01 2.00194597e-01 -3.59254748e-01 -5.76924086e-01
    -4.71523941e-01 -1.45455360e-01 7.75164366e-02 -6.43946290e-01
    -6.52500570e-01 -3.10446620e-01 -3.67427766e-01 3.28265309e-01
    -6.35211885e-01 -6.26609206e-01 -2.25896239e-02 -1.34757727e-01
    -5.92138767e-01 1.62693560e-01 1.56557560e-02 -3.73903394e-01
    -2.53951877e-01 -1.28566861e-01 3.41466933e-01 -2.50432134e-01
    -8.76421034e-02 -2.42535770e-01 -4.41237807e-01 -1.11435652e-02
    2.13420451e-01 -3.34237903e-01 -7.34956384e-01 2.16213286e-01
    -3.16145748e-01 -4.55555767e-01 -4.19771671e-02 -6.15327954e-02
    -6.20661378e-02 -2.54021585e-01 -7.36894846e-01 2.02462077e-02
    -6.96897507e-04 -7.25185037e-01 -5.43363571e-01 -4.31533456e-01
    -4.64418501e-01 -6.27569854e-01 -7.50351965e-01 -1.99775040e-01
    -7.02425957e-01 -2.10286856e-01 -7.08329201e-01 -3.51586759e-01
    -1.62849963e-01 -6.27459526e-01 -1.04065895e-01 -5.06255984e-01
    -3.97372246e-02 -1.34877563e-02 -2.62823433e-01 -5.75066328e-01
    9.48883891e-02 -4.67505455e-02 1.49392307e-01 -2.74877191e-01
    6.93365932e-02 -3.29670638e-01 -3.71987253e-01 -3.06740522e-01
    -2.54034907e-01 -5.41275382e-01 -2.81792879e-01 -4.96038288e-01
    -3.81279647e-01 -2.20316887e-01 -2.99536586e-02 -3.94689322e-01
    6.38780594e-02 -8.12311769e-02 9.78744626e-02 -2.80935556e-01
    -5.18403769e-01 -3.29270154e-01 2.50247717e-01 -3.99281412e-01
    -4.48414981e-01 1.33845270e-01 -6.63567066e-01 3.64782810e-02
    -5.90556741e-01 -6.88153982e-01 1.66428328e-01 -4.06101197e-01
    -6.07779741e-01 -3.46061766e-01 1.66506290e-01 -4.09199536e-01
    -4.67657715e-01 -1.26031160e-01 -9.97871757e-02 1.42152548e-01
    -1.11575603e-01 -2.76812971e-01 -3.68884325e-01 -5.92616439e-01
    -3.19408774e-02 -5.83953500e-01 8.17894936e-02 -5.64356208e-01
    -4.54554588e-01 -6.63435817e-01 -4.08679813e-01 -3.19652498e-01
    -3.48036349e-01 1.13270879e-02 -1.00144088e-01 8.98908377e-02
    1.16221845e-01 -2.10321605e-01 -4.27269697e-01 -3.73079419e-01
    -1.44789517e-01 -5.99528670e-01 -7.61139393e-02 -4.60463285e-01
    -6.52663112e-02 -3.24674040e-01 -3.73452365e-01 -4.21242297e-01
    1.55080974e-01 1.55178607e-01 -1.75784528e-01 1.00579858e-01
    1.85465336e-01 -1.44291103e-01 -6.15892470e-01 1.57358170e-01
    -4.21453416e-01 -4.65178549e-01 1.91039503e-01 -5.48773646e-01
    2.11662173e-01 -1.76246524e-01 2.65501618e-01 -3.96156013e-01
    -2.43389010e-01 2.74341822e-01 -1.93182558e-01 -6.03627861e-01
    2.32303023e-01 -6.46126986e-01 -3.52011442e-01 -1.36864126e-01
    -5.29837906e-01 -3.42810124e-01 -4.64347869e-01 1.62367344e-01
    -5.55798173e-01 -7.13504195e-01 -7.24603534e-01 -2.74980247e-01
    7.56836534e-02 -8.29802513e-01 -2.31139302e-01 7.51842260e-02
    -4.71715868e-01 -8.22545052e-01 -4.45244908e-02 -3.29383612e-02
    -1.49834752e-02 -6.94845676e-01 -1.75634265e-01 -6.89897895e-01
    -6.51876092e-01 -1.90751672e-01 -6.65351152e-02 -5.49872041e-01
    1.72226429e-02 -7.02637553e-01 1.41980529e-01 -7.37869740e-02
    -3.25640708e-01 -7.06950188e-01 -5.99965990e-01 1.82967901e-01
    -2.70504981e-01 -5.60871840e-01 -4.04023141e-01 -2.50332952e-02
    1.17282152e-01 1.93100631e-01 -6.37429476e-01 -1.11994863e-01
    -6.23852134e-01 -5.25849819e-01 -1.74114048e-01 -2.12910652e-01
    -6.08769178e-01 -1.84442222e-01 -4.16858435e-01 -6.58559442e-01
    -3.71696949e-02 1.20076418e-01 -6.54720068e-01 8.47912431e-02
    -4.69650209e-01 -5.31155229e-01 -6.25301600e-01 -2.15435028e-02
    -6.10430717e-01 -7.17626214e-01 -6.87042475e-01 5.72726130e-02
    -6.01667166e-02 -6.44246042e-01 -5.68057895e-02 2.96008289e-01
    3.32997441e-02 2.06615388e-01 1.83926284e-01 -4.94700849e-01
    -4.60299879e-01 -4.89520520e-01 -6.20447695e-01 -2.11151451e-01
    1.69918418e-01 -6.54080153e-01 4.27311659e-02 -2.60557383e-01
    1.67317390e-01 -8.78399611e-03 9.20016766e-02 -6.61389351e-01
    -1.04305923e-01 -7.56295621e-01 -6.83153749e-01 1.93241715e-01
    -6.55719995e-01 -2.55605489e-01 -2.26476192e-01 -4.04195070e-01
    -4.38741237e-01 -5.19495130e-01 -5.96030056e-01 -5.08752108e-01
    -2.39371628e-01 -2.03553915e-01 -6.87567592e-01 2.00282574e-01
    1.44494474e-01 -7.15013504e-01 -3.82991016e-01 -7.20029771e-01
    -1.20377600e-01 3.50165367e-02 -1.86185002e-01 -4.59789395e-01
    -4.29212719e-01 -2.87414551e-01 1.23654187e-01 -7.78460085e-01
    3.36251259e-02 1.17733538e-01 -4.78729695e-01 -1.70134306e-01
    -1.85331583e-01 -2.26114392e-01 -1.71164095e-01 -2.07363307e-01
    -4.72129136e-01 7.10939765e-02 3.00926805e-01 -6.45856142e-01
    -1.00511611e-01 -6.01935923e-01 -2.10648000e-01 -4.91014302e-01
    6.90211058e-02 2.10821807e-01 1.65201366e-01 4.54715222e-01
    -4.47853178e-01 2.85304606e-01 -4.56059188e-01 -7.20872223e-01
    -1.88415706e-01 -4.88437355e-01 -2.04484165e-01 -3.82809877e-01
    -8.65592360e-02 2.62109637e-02 -6.26700759e-01 8.20604563e-02
    -3.02648306e-01 -3.84086460e-01 5.31930923e-02 -4.93263245e-01
    -6.14375949e-01 3.56250405e-02 -4.62645173e-01 -2.93656588e-02
    -9.77016687e-02 -4.98232841e-02 -1.55071437e-01 3.56750488e-02
    -3.01093340e-01 1.08247578e-01 -4.70347762e-01 -7.41025150e-01
    -8.36531520e-02 -5.66907048e-01 1.82096243e-01 -2.02971697e-03
    -6.76601052e-01 -9.03415084e-02 -4.30655837e-01 -7.24974990e-01
    -5.47161579e-01 2.37072706e-02 -1.88598037e-01 -2.62023807e-02
    -1.28555298e-01 -2.05102324e-01 -4.28435326e-01 -3.40556920e-01
    5.17251492e-02 -4.37112361e-01 -1.39645338e-02 -4.72383499e-02
    -7.94076204e-01 -7.18948245e-01 4.80219126e-02 -1.78880274e-01
    -5.32301009e-01 -7.65705585e-01 9.83184576e-02 -7.40363121e-01
    -1.67493522e-01 -1.15696430e-01 -1.42056704e-01 -2.65120447e-01
    -2.05500066e-01 -2.05449104e-01 -7.63842940e-01 -6.24519587e-02
    -6.52157664e-02 -3.18565309e-01 -6.59771860e-01 -4.15038764e-01
    -3.41512322e-01 -3.83260459e-01 3.90247107e-02 -7.33539820e-01
    6.45210743e-02 -6.32966042e-01 1.98560357e-02 -6.01206005e-01
    -8.34242344e-01 -5.02012730e-01 -3.48502755e-01 7.69504309e-02
    -7.67784834e-01 -7.31075644e-01 -6.83323324e-01 -3.64106417e-01
    -4.23062503e-01 -5.54064512e-02 -2.27136672e-01 -3.22352290e-01
    3.62954736e-02 -6.64156079e-01 -6.91389322e-01 -2.51080275e-01
    -7.27297068e-01 -5.91935277e-01 -1.61283314e-01 -7.02234507e-01
    -3.75941545e-01 -9.56320167e-02 -7.20664859e-01 9.52195525e-02
    -2.74491489e-01 -6.69826388e-01 -4.64926153e-01 -4.10984308e-01
    -5.61690569e-01 -3.38445932e-01 -6.05323672e-01 -7.63018608e-01
    1.69140041e-01 3.47049832e-02 -3.61904234e-01 8.84012580e-02
    -6.57145858e-01 -4.07335103e-01 -1.88191354e-01 1.22544944e-01
    -6.21419847e-01 -5.36152422e-01 -4.32540953e-01 -4.81796652e-01
    -5.28026223e-01 -5.89449763e-01 -6.60632133e-01 1.02649629e-01
    7.78644681e-02 -5.20434260e-01 -2.34415293e-01 -8.85481834e-02
    -3.83085042e-01 1.27795875e-01 -7.12834597e-01 -1.07323170e-01
    -5.97323179e-02 -4.06960189e-01 1.20312095e-01 -3.48121285e-01
    6.26471639e-02 5.64343929e-02 -6.63693666e-01 -3.07600558e-01
    -6.65509820e-01 -4.33678031e-02 3.20528150e-02 -3.56047213e-01
    -2.34694481e-02 -8.27846527e-02 -4.32466388e-01 -6.31743908e-01
    -6.09726071e-01 1.42579079e-02 -2.77335167e-01 9.05213952e-02
    -9.17161107e-02 1.26315713e-01 -7.22045779e-01 -6.74872994e-01
    -6.76715970e-02 8.26066732e-03 1.95230305e-01 2.26036310e-02
    -1.57894909e-01 -4.08955216e-01 -6.14200830e-01 -5.67725837e-01
    -3.49072784e-01 -6.47905350e-01 7.63598084e-02 -2.11827159e-01
    -9.43168998e-02 -3.50131601e-01 -7.40856528e-02 -1.79889798e-02
    1.55593514e-01 -7.62136579e-01 -3.10632199e-01 -5.60871720e-01
    -9.18498635e-02 1.05291009e-01 -1.04832053e-02 -6.05098546e-01
    -6.29832387e-01 -2.16146469e-01 1.06135905e-01 -5.63922226e-01
    -2.79877484e-01 -1.29075825e-01 -2.63969421e-01 6.98301196e-02
    -5.63352108e-01 -6.57500565e-01 1.25127196e-01 -4.40582335e-01
    -5.98073721e-01 -4.04737443e-01 -1.77621216e-01 -5.13847589e-01
    -1.52888060e-01 -4.42433357e-01 2.72634864e-01 6.82933331e-02
    -3.91080379e-01 -4.30049658e-01 -6.42399430e-01 -5.53271770e-01
    -6.82554841e-01 -6.46213651e-01 -5.04246831e-01 2.73410678e-02
    -6.43182993e-02 8.40862989e-02 -2.22747028e-01 -2.30582416e-01
    -3.69608402e-02 -4.77448583e-01 1.49652839e-01 4.78471518e-02
    4.19372916e-02 9.29639339e-02 -1.48687899e-01 -4.15560126e-01
    -1.92927539e-01 -3.28049600e-01 -5.21317124e-01 -2.55581439e-01
    1.25387967e-01 -4.64292943e-01 -6.24070048e-01 -2.21375227e-02
    -6.56029224e-01 1.17981613e-01 -1.93848014e-01 -5.21738470e-01
    1.42521083e-01 1.17649376e-01 -3.52616817e-01 -2.01178372e-01
    -2.73778379e-01 -4.91833478e-01 5.04851937e-02 -1.82576180e-02
    -3.93009186e-03 -1.49717331e-02 -4.29720283e-02 -1.74862385e-01
    -5.28092265e-01 -2.59678453e-01 -5.50397873e-01 1.43017232e-01
    -6.89051032e-01 1.84979618e-01 -3.55348706e-01 5.55089712e-02
    -8.95547867e-02 -4.46560174e-01 2.61032581e-02 -5.27220666e-02
    5.28555214e-02 1.34118199e-01 -2.27677017e-01 -4.01845217e-01
    -7.29047954e-01 1.72957361e-01 -4.80066806e-01 -7.05145776e-01
    -3.50354314e-01 -7.74338305e-01 7.11159706e-02 -6.37386084e-01
    -1.00770593e-02 -6.75562978e-01 -1.96484387e-01 -6.43532634e-01
    -1.63927257e-01 -4.72889364e-01 9.42295790e-02 -1.39976561e-01
    -8.97508860e-01 -3.25285912e-01 -1.85508430e-01 -2.20657051e-01
    -2.24889278e-01 -6.98402762e-01 -2.79823124e-01 1.02385819e-01
    -3.92042756e-01 -7.04758763e-01 -2.28790045e-01 -1.41785026e-01
    2.06091523e-01 2.13901162e-01 -4.07770216e-01 -3.83114606e-01
    -5.33040702e-01 8.76793265e-02 -7.78394938e-01 -5.56929231e-01
    -1.86474085e-01 -3.43874156e-01 -1.70428693e-01 -2.94200659e-01
    1.00773871e-01 1.25078917e-01 5.83087206e-02 -6.05502367e-01
    -1.73379779e-01 -1.69783950e-01 -2.54874468e-01 -1.19374752e-01
    -5.66254020e-01 -3.67415845e-01 -6.88912272e-02 -3.87797445e-01
    -2.46797740e-01 -4.94878531e-01 -2.03810930e-01 -4.90496993e-01
    -5.05452394e-01 -6.28345013e-02 -3.86472702e-01 4.17017937e-02
    -1.35833800e-01 1.75118446e-02 3.06954980e-02 -7.66754031e-01
    -6.77435398e-01 -4.65133190e-02 -1.11211717e-01 -6.97350979e-01
    1.27921820e-01 -9.17891264e-02 4.63122725e-02 -1.95883095e-01
    -5.16597569e-01 -2.21462309e-01 1.35582328e-01 -4.61675882e-01
    -5.74254274e-01 -1.84512019e-01 -6.67129755e-01 -3.33309144e-01
    -3.21314394e-01 6.95875883e-02 1.47362947e-02 -5.79729080e-02
    -4.56926912e-01 -3.48808229e-01 -6.06542647e-01 -3.86431456e-01
    -2.69191623e-01 -8.48378062e-01 6.36214614e-02 -7.48310089e-01
    2.14202404e-02 -3.54673028e-01 -5.02141714e-01 8.90736580e-02
    2.25856900e-02 -4.77444142e-01 -3.64707142e-01 -6.76352382e-01
    -3.30521226e-01 -4.27313209e-01 -4.53962862e-01 1.99802399e-01
    -6.70268774e-01 -7.34499693e-02 -2.07533538e-01 1.29085541e-01
    -2.47234106e-01 -2.76287794e-02 -3.64974022e-01 -4.42598283e-01
    2.64753044e-01 -2.38518119e-02 -2.30843246e-01 -3.76561701e-01
    6.56260848e-02 -6.68625712e-01 2.82924354e-01 -6.41601741e-01
    7.48678446e-02 -3.71942818e-01 -4.07162338e-01 -3.86784643e-01
    1.19545460e-01 7.06057549e-02 -7.20665097e-01 -7.27650881e-01
    -7.36615658e-01 -3.19502652e-01 -8.72894108e-01 -1.33948803e-01
    -1.60774410e-01 -2.25086689e-01 -6.98776960e-01 -6.39228821e-01
    -7.28569984e-01 -4.06751692e-01 5.19081354e-02 -4.58956897e-01
    -4.90196228e-01 -5.03362179e-01 1.12794220e-01 -7.77422547e-01
    -1.52451932e-01 5.32053113e-02 7.44867325e-02 -2.62802958e-01
    -8.16340566e-01 -1.82633936e-01 -6.33596361e-01 -5.54261327e-01
    2.47988939e-01 -4.11723375e-01 -6.11684799e-01 -5.69359660e-01
    -3.71884108e-02 -2.42659092e-01 -1.71290517e-01 -1.57596529e-01
    -3.74810785e-01 -7.61024952e-01 -9.85202789e-02 -1.41521990e-01
    -7.67088950e-01 -7.52994299e-01 -2.25080371e-01 -1.21379316e-01
    -3.63185346e-01 -7.91558683e-01 -3.25389713e-01 -2.63851762e-01
    -3.09884548e-03 -5.46146929e-01 -3.27631235e-01 -3.18181694e-01
    -1.69247448e-01 -2.55100727e-02 -9.21683908e-02 -4.93587852e-02
    -5.51642954e-01 -1.80638373e-01 -1.77156508e-01 -1.73319697e-01
    -5.99280596e-01 -2.84815967e-01 -4.26898897e-01 -4.80516523e-01
    -3.34540606e-02 -6.66258454e-01 1.35176420e-01 -1.26569331e-01
    -4.54162955e-02 -4.98439401e-01 -2.90506303e-01 2.67401636e-01
    -3.41192663e-01 -2.02953398e-01 -6.45122170e-01 9.46534276e-02
    -1.76533222e-01 -5.28694987e-02 5.26342392e-02 -4.05394137e-01
    -6.64032102e-01 -2.59070694e-01 4.48368788e-02 -2.43739486e-01
    -2.53717899e-02 -7.94037580e-02 1.84799075e-01 -7.06748247e-01
    -7.21878231e-01 -6.91070735e-01 -6.61686599e-01 -1.52004361e-01
    1.60609901e-01 -7.41217315e-01 -1.24163926e-01 -7.42069066e-01
    1.68934882e-01 -4.05817658e-01 -3.71525705e-01 -3.78111005e-01
    -4.24269497e-01 -8.54480267e-03 -1.77228689e-01 -3.90104413e-01
    -7.27437198e-01 1.17578924e-01 -5.90269208e-01 -6.20068192e-01
    -3.21758211e-01 8.90793800e-02 -3.72928798e-01 -7.96007633e-01
    -3.73310566e-01 -5.47459900e-01 -7.56838799e-01 -4.06254739e-01
    4.02798653e-02 1.57421291e-01 -2.25465059e-01 -7.35533535e-01
    1.76553488e-01 1.36646569e-01 1.05038881e-01 -4.04151082e-02
    -4.45188314e-01 -3.53667855e-01 -2.27919012e-01 -3.04632068e-01
    -4.21140432e-01 -5.81873059e-02 -6.45493269e-02 2.05042124e-01
    -4.39585507e-01 -6.01177812e-02 4.88037467e-02 -5.66482365e-01
    -2.70895123e-01 -3.72694492e-01 -8.24112892e-02 -7.40978122e-02
    -2.97575176e-01 2.28843689e-02 -8.56329322e-01 -4.07208592e-01
    -9.34339166e-02 -2.19150841e-01 -4.28823233e-02 -4.71135259e-01
    -3.71993601e-01 -5.38863063e-01 -5.11965275e-01 -2.94920921e-01
    -1.23360574e-01 -4.79051560e-01 2.24319696e-02 -4.58491206e-01
    -6.48946166e-02 -2.67688900e-01 -1.41260386e-01 -5.45082331e-01
    -5.78675985e-01 -3.38623077e-01 -6.62467480e-02 -2.62223214e-01
    -4.48141098e-01 -4.60268021e-01 9.12658572e-02 -2.39416003e-01
    -7.38257885e-01 -3.52490723e-01 1.02602780e-01 -1.65665984e-01
    -8.01835775e-01 1.35246336e-01 -5.22328556e-01 -5.39899349e-01
    -3.89065742e-02 5.37005663e-02 7.11176991e-02 -2.45294392e-01
    -1.80918574e-01 -1.82670236e-01 -2.00201631e-01 -7.01847076e-01
    -5.08510351e-01 -4.56196070e-03 -4.79568839e-02 1.79889917e-01
    1.49972320e-01 -7.99390256e-01 -2.47124255e-01 -3.45981956e-01
    5.37588000e-02 -3.14599037e-01 -7.16465712e-01 1.12092435e-01
    -7.77500868e-02 -9.18679237e-02 1.09654665e-03 -4.82206404e-01
    -7.76230693e-01 -2.23968029e-01 -8.05425465e-01 -1.39880776e-01
    -1.50113106e-01 -2.76223421e-01 -1.95119321e-01 -5.44737160e-01
    -1.33912325e-01 -3.87737840e-01 -7.30867386e-02 1.41403317e-01
    -3.06425095e-01 -1.25028074e-01 -6.76733494e-01 -5.46621203e-01
    -2.47360170e-01 -6.23054385e-01 -3.42889667e-01 -9.18236375e-02
    -9.32973623e-03 -4.65351880e-01 6.32121563e-02 -3.55218768e-01
    -2.04581380e-01 1.46174848e-01 9.45669413e-03 7.60720968e-02
    -5.46751261e-01 -4.94003296e-01 -2.71159887e-01 -5.34786582e-01
    -4.10214841e-01 -5.47034204e-01 -5.66358149e-01 -5.45650721e-02
    4.83295918e-02 -3.96428645e-01 -1.34530663e-01 -3.49165559e-01
    -6.20456934e-02 -4.18157101e-01 -7.05751300e-01 -2.48193353e-01
    -6.59633636e-01 -1.77272141e-01 -5.23496985e-01 -4.71007258e-01
    -8.09764862e-03 -5.63812971e-01 -5.06882668e-01 -2.64761865e-01
    -1.95160270e-01 -7.06564903e-01 -5.00685990e-01 -3.64050567e-01
    -1.69309378e-01 1.40088677e-01 -2.79599190e-01 -2.85000443e-01
    -7.01320767e-02 1.03572130e-01 -2.40388930e-01 5.37331700e-02
    7.48876929e-02 -7.60427713e-01 -1.06676340e-01 -4.53437418e-01
    -1.01280689e-01 -1.47080958e-01 2.49429345e-02 -9.04844761e-01
    -7.03073621e-01 -5.82757592e-01 -5.39181054e-01 -2.51662135e-02
    -6.94580555e-01 -5.44094920e-01 -1.61425650e-01 -1.33656681e-01
    -9.08434391e-04 -3.11962366e-02 -7.19062567e-01 -4.86290812e-01
    -3.18660349e-01 -4.51366901e-01 -3.27903450e-01 1.48820877e-02
    -4.02930230e-01 -3.10763597e-01 -4.13958341e-01 -7.11014748e-01
    2.29779363e-01 -1.42335236e-01 -3.89506102e-01 -3.54241103e-01
    -2.53841162e-01 1.37499452e-01 -1.63598180e-01 -1.07499123e-01
    1.17323160e-01 -3.80755067e-02 8.61222744e-02 -3.42314512e-01
    -1.88795447e-01 -5.90254962e-01 4.02461290e-02 -2.07090080e-01
    -3.37627143e-01 -3.86948556e-01 -1.13762617e-02 -5.84924161e-01
    -4.51717496e-01 -4.55248922e-01 2.94152498e-02 -1.30928099e-01
    -3.98611128e-01 -3.79408598e-02 -6.54799283e-01 -5.02613425e-01
    -5.52563131e-01 -2.13667154e-01 -5.57955563e-01 -3.64479721e-01
    -5.03509700e-01 -3.57357979e-01 -4.59097028e-02 -3.14358503e-01
    -2.82248944e-01 -4.54344153e-01 -7.46347666e-01 -4.78770733e-02
    5.99104166e-02 -6.33543730e-03 -4.20062602e-01 -4.86268759e-01
    1.00830913e-01 -2.19805300e-01 -3.58260095e-01 -2.85064220e-01
    -6.66359305e-01 -6.53687835e-01 -5.23729861e-01 -1.55734420e-01
    -5.62723994e-01 -3.36311072e-01 -5.56933343e-01 1.54120684e-01
    1.32167339e-03 -3.35237265e-01 -4.99265552e-01 -7.29553580e-01
    -5.36018848e-01 1.25427246e-01 -2.11667240e-01 -2.70710766e-01
    -6.93270147e-01 1.57356262e-02 -6.64768159e-01 -5.48529625e-01
    -2.95000196e-01 8.20717216e-02 -6.44519687e-01 -7.74326563e-01
    4.29661274e-02 -2.99996138e-01 -4.94871557e-01 -1.49887800e-01
    4.75627780e-02 6.76672459e-02 -3.61480713e-01 -3.55615973e-01
    -3.71135801e-01 -4.85173404e-01 -5.83912671e-01 -2.33307898e-01
    -6.86991811e-01 -5.62543392e-01 -6.18390083e-01 -5.81386507e-01
    -2.63745368e-01 -1.90936029e-01 -4.79727954e-01 3.41558397e-01
    -1.58301175e-01 -3.53303969e-01 -1.32299960e-01 -2.96325773e-01
    -3.01126838e-02 -2.32141316e-01 -1.83225095e-01 -7.43590593e-01
    -4.10079956e-03 -5.86529374e-01 -5.85992694e-01 -2.63546705e-01
    3.70562673e-02 7.01162815e-02 -3.17478657e-01 -9.35267210e-02
    -3.73286188e-01 1.48762405e-01 -2.91166186e-01 -7.39500940e-01
    -2.76917219e-02 2.56611705e-02 -3.80448639e-01 -4.36777592e-01
    -1.53370500e-02 -2.82356143e-02 -2.24849880e-01 2.92909145e-03
    -3.50302041e-01 -5.77268839e-01 -2.05703080e-01 -6.33390129e-01
    -4.31479663e-01 -2.22983211e-01 -4.78425026e-02 6.51099086e-02
    -5.53311408e-01 -7.35596418e-01 -6.00134373e-01 -7.95036554e-03
    -6.32716656e-01 -1.25183344e-01 -5.05718350e-01 -1.51418626e-01
    -4.30223852e-01 -4.27095801e-01 -2.35955119e-01 -7.17459202e-01
    -6.32181168e-01 -3.99706125e-01 1.19536698e-01 -5.88486254e-01
    -6.88543320e-02 -5.67961276e-01 1.26364410e-01 4.14317846e-03
    9.96530652e-02 -2.87028819e-01 -2.81180948e-01 -5.41880250e-01
    -6.75050020e-01 -2.23729372e-01 -8.05288613e-01 -3.73029798e-01
    7.65172243e-02 -7.41182566e-02 -5.19609451e-03 -3.09015751e-01
    -6.89870715e-01 -2.19165027e-01 -2.78171718e-01 -7.73119986e-01
    9.11455154e-02 -2.06585407e-01 -3.17931175e-01 -3.85975868e-01
    5.44629097e-02 3.58294845e-02 -6.26736879e-02 -2.68305242e-01
    -5.64519405e-01 -7.44356394e-01 -7.48566985e-02 1.60351813e-01
    -9.49962139e-02 -5.86654961e-01 -3.21612120e-01 -5.97869992e-01
    8.14493299e-02 -1.81324124e-01 -2.64067531e-01 -9.54109430e-03
    -3.81116271e-01 4.25648093e-02 -4.94382828e-01 -2.71305919e-01
    -2.27175772e-01 -5.34996748e-01 1.40424013e-01 -1.76901340e-01
    -6.79153442e-01 -2.54935324e-01 -5.19355774e-01 1.93512499e-01
    -2.68096805e-01 -2.09418774e-01 -5.81489265e-01 -1.92278266e-01
    -5.75201750e-01 -2.90880620e-01 -3.32060158e-01 9.93024111e-02
    -5.20010471e-01 -2.58060038e-01 -5.08233309e-01 -6.94087982e-01
    2.20251739e-01 -2.74557829e-01 -3.20620447e-01 -6.75363421e-01
    -7.39173293e-02 6.17831945e-02 -6.60650134e-02 -3.20207715e-01
    7.76162148e-02 -4.93060768e-01 2.17964888e-01 -7.71353841e-02
    -7.89101005e-01 -4.91579771e-02 -1.29593909e-01 -8.83585215e-03
    -6.62087619e-01 -3.80116701e-01 -2.51264989e-01 -3.09897661e-02
    -4.59623337e-03 -7.15132236e-01 -2.24015892e-01 -5.96165895e-01
    -8.81783366e-02 -2.97850788e-01 -1.49949431e-01 -8.17779303e-02
    -2.61041820e-01 1.06001854e-01 -4.84970689e-01 -5.89612186e-01
    -4.21702802e-01 -2.64054298e-01 -8.32379818e-01 -7.96007276e-01
    8.74013901e-02 -2.46385574e-01 -4.13012266e-01 -5.89662850e-01
    -5.33100367e-02 1.07534587e-01 -1.17951930e-01 -5.87271869e-01
    -2.35169053e-01 -1.25475466e-01 -5.28936505e-01 2.38596261e-01
    -8.20446014e-03 -2.93596447e-01 -1.27803802e-01 5.86805940e-02
    -3.76038849e-01 -2.71872640e-01 -6.95279419e-01 -3.18896174e-01
    -3.99940729e-01 -7.25115240e-01 -6.93214536e-02 8.50272775e-02
    -3.63916337e-01 -7.39164948e-01 -6.36390328e-01 -2.00481653e-01
    -6.75813913e-01 -7.40863144e-01 -5.62115788e-01 5.29804826e-02
    1.02439642e-01 -4.14438248e-02 -6.20836735e-01 -5.35706878e-01
    5.88397384e-02 5.20932078e-02 1.65876150e-01 -4.17314202e-01
    -5.18162012e-01 -2.57953823e-01 -2.64846385e-01 2.71460414e-01
    -4.25543845e-01 -1.64360881e-01 -2.32122064e-01 -3.46787572e-01
    -3.45924854e-01 -1.59001231e-01 1.13648355e-01 -5.69121003e-01
    -4.01590198e-01 -6.91497147e-01 -8.19305897e-01 -7.87889719e-01
    -5.12645483e-01 -9.03868675e-02 1.69645369e-01 8.80208015e-02
    -6.94581985e-01 -5.65671861e-01 -6.39982820e-01 -1.80482388e-01
    -4.11667734e-01 1.49752855e-01 -2.28266180e-01 -4.61872220e-02
    -7.34159946e-01 -5.11350393e-01 -1.42942965e-01 1.64172709e-01
    -1.19012892e-01 -7.63946414e-01 -2.47981369e-01 -4.18181717e-01
    -6.88446760e-02 -7.86983609e-01 1.34023666e-01 -5.25728941e-01
    -5.34247160e-01 -1.17043197e-01 -7.39906430e-02 -5.86536527e-01
    -1.71207190e-02 -4.67702180e-01 -2.89629102e-01 -3.85052383e-01
    5.36405444e-02 -5.30585468e-01 -1.66517496e-01 -5.05900383e-01
    -3.57230455e-01 -7.36482382e-01 2.16976583e-01 4.39272523e-02
    2.48023927e-01 -2.51131207e-01 -2.88588643e-01 -6.82687700e-01
    4.71853614e-02 -1.00758851e-01 -2.45840371e-01 2.24015415e-01
    4.02769983e-01 1.24050379e-01 -7.96734095e-02 -7.29411840e-01
    6.89821243e-02 -5.82494020e-01 -5.84537745e-01 1.78291500e-01
    -1.19517326e-01 -5.34002364e-01 8.96078348e-03 -5.23481965e-01
    -3.37172925e-01 -4.75198209e-01 -6.47536278e-01 -5.61188757e-01
    -7.68723130e-01 -7.04507589e-01 7.75275230e-02 -7.97345161e-01
    5.54317236e-02 -4.07784820e-01 -1.86271071e-02 -2.11703181e-01
    -1.45712495e-01 -3.34946692e-01 -3.61142755e-02 -5.55295825e-01
    -9.83498096e-02 -6.48378134e-01 -3.30655754e-01 -3.93099070e-01
    -3.22266489e-01 -1.11802816e-01 -4.42485929e-01 -2.52371192e-01
    -4.00779963e-01 -5.56639016e-01 -3.53134811e-01 5.64816594e-02
    -3.67938817e-01 -2.12061942e-01 -1.96780086e-01 -4.19203728e-01
    -3.56706291e-01 -4.08494204e-01 -7.35056758e-01 -8.56866241e-02
    -6.58658743e-01 -4.31685567e-01 -8.16671848e-02 -3.22437048e-01
    1.13194227e-01 -2.90857315e-01 -6.45398855e-01 -7.19263554e-01
    -5.59285104e-01 -7.17231929e-01 -6.97830439e-01 1.11331880e-01
    -2.61448860e-01 -2.22678185e-01 -4.18477327e-01 -7.76954114e-01
    -7.21787155e-01 -6.23107612e-01 -4.07502830e-01 5.57953119e-03
    2.35205889e-02 -1.10816061e-01 -7.27215528e-01 -2.22107589e-01
    -3.14030051e-01 -5.42721331e-01 -7.84143806e-02 -3.72546852e-01
    -1.75885618e-01 -5.22983909e-01 -4.26168472e-01 -5.14005423e-01
    -4.91973758e-02 -1.76023245e-01 -1.68969631e-01 -6.35646820e-01
    5.16824126e-02 -8.88720155e-02 -4.66859877e-01 -7.99848258e-01
    -4.50010031e-01 -4.11204696e-02 2.43728161e-02 -1.20573521e-01
    -4.35813665e-02 -7.78818011e-01 -5.57176948e-01 -9.67344642e-02
    -3.93373698e-01 -7.29149699e-01 -2.59738803e-01 -7.87265360e-01
    -6.96220398e-01 -4.81111526e-01 -9.83166695e-02 -1.55960321e-02
    1.98480904e-01 -3.51770103e-01 -4.17149663e-01 -3.76165658e-01
    -3.56770158e-01 -5.96115351e-01 -4.32875991e-01 -1.52566791e-01
    -5.74228525e-01 -4.31106806e-01 2.54056871e-01 1.78222239e-01
    -6.99429393e-01 -6.36641622e-01 -5.66145182e-01 2.50926733e-01
    -2.55476534e-01 -4.53244090e-01 -6.47985220e-01 1.64365888e-01
    -3.03231478e-01 -2.63385534e-01 -5.43487370e-01 -1.54466748e-01
    -5.89283347e-01 -3.69372576e-01 -2.18312383e-01 -3.61573696e-02
    -7.69901633e-01 -3.73473376e-01 1.44306242e-01 -6.13075495e-03
    -6.67496204e-01 -4.92830157e-01 -6.89924955e-01 3.04786563e-02
    -1.80634379e-01 -8.39477777e-02 -3.03080261e-01 -2.06118047e-01
    -4.61165071e-01 -1.02905929e-01 -6.39723718e-01 9.98721123e-02
    -1.79330170e-01 8.30495954e-02 -6.64980650e-01 -7.53733039e-01
    -4.51558679e-01 -2.32973933e-01 1.11729145e-01 1.72531962e-01
    -6.58014297e-01 -4.66716230e-01 -2.62802243e-02 -2.71232247e-01
    -9.40230489e-02 6.23754859e-02 -6.65045738e-01 -3.56206477e-01
    -6.54329717e-01 5.12762070e-02 -5.73773503e-01 -3.42047125e-01
    -1.13492012e-02 1.62016392e-01 -5.99178910e-01 -4.10727441e-01
    -5.85374236e-01 2.87672877e-02 -6.39982700e-01 -6.97781622e-01
    -1.80900097e-01 9.08361673e-02 -2.57556498e-01 2.69985855e-01
    -2.79271305e-01 -3.68211865e-01 -7.29196310e-01 1.91827536e-01
    1.23773813e-01 -2.15977788e-01 -5.34663498e-01 -1.74137652e-01
    -5.37934899e-02 -4.57790434e-01 -7.51123428e-01 -7.25185275e-01
    -2.25484371e-04 -6.44942045e-01 2.34457254e-01 -6.15166306e-01
    -8.19687843e-02 -4.34152484e-01 -6.91482067e-01 -1.48375630e-02
    -7.27543533e-01 -1.05754614e-01 -6.51984811e-01 1.44243717e-01
    8.89127254e-02 -2.56898999e-02 -7.57652521e-02 -1.63397610e-01
    -4.07966644e-01 -3.97673547e-01 -5.01028061e-01 -6.74194813e-01
    -4.01433706e-01 2.79898882e-01 -3.88199687e-02 -2.34709442e-01
    1.67801201e-01 -4.64888304e-01 9.44689512e-02 8.27601552e-02
    -9.85330939e-02 -1.26027465e-01 -4.89313573e-01 1.08920753e-01
    -1.53751910e-01 -5.48678219e-01 -3.55030656e-01 -2.24246323e-01
    -6.20841205e-01 -1.95416570e-01 -3.73165876e-01 -3.44328851e-01
    -5.35784423e-01 -3.69408309e-01 -6.97994590e-01 -5.03795862e-01
    8.14670324e-02 -6.64229989e-02 -2.62054920e-01 -5.07872701e-02
    -6.40559435e-01 -5.75965941e-01 -9.64522362e-02 -7.65469134e-01
    -2.06351340e-01 -3.19074333e-01 -2.12926686e-01 -1.26095235e-01
    -7.28649020e-01 -6.12096190e-01 -1.93694770e-01 5.67206144e-02
    2.88118839e-01 3.33525479e-01 -2.75882602e-01 8.99312794e-02
    7.30173588e-02 -1.65745735e-01 4.53220010e-02 -4.83668387e-01
    -4.71078217e-01 -5.29459238e-01 -4.00909126e-01 -1.68464065e-01
    -5.19634426e-01 -6.45779490e-01 -7.68619776e-02 -2.80867815e-02
    9.82754230e-02 -2.18873560e-01 1.09915972e-01 -6.45466149e-01
    -1.29388809e-01 -6.63825274e-02 -6.15404069e-01 -5.71506023e-01
    -1.52942002e-01 1.06236041e-01 -7.48296082e-01 -8.22737038e-01
    -6.55003548e-01 -7.94949055e-01 -6.83398604e-01 -1.77041292e-01
    -6.88780606e-01 2.31557965e-01 -2.55611151e-01 1.98082626e-01
    -1.90835118e-01 -6.36666894e-01 -6.98967457e-01 -1.71001136e-01
    5.99440336e-02 -8.63420963e-03 7.96210766e-02 -2.40834832e-01
    -8.40492845e-01 -3.82761180e-01 3.91700268e-02 -7.12230682e-01
    -6.66669011e-01 1.47207201e-01 -9.67897773e-02 -3.38132262e-01
    -7.33330727e-01 -1.12126827e-01 -7.33330846e-02 -6.05119705e-01
    -4.87040281e-02 -5.38609564e-01 -4.12432194e-01 -6.34521604e-01
    -8.20614696e-02 -1.06948018e-01 -7.53996015e-01 -7.43811131e-01
    -1.84258282e-01 -1.16694331e-01 -4.13575798e-01 -3.77460241e-01
    9.36532617e-02 -1.35956109e-01 -5.59102774e-01 -6.89851224e-01
    -6.60474241e-01 -2.43001997e-01 -1.63812220e-01 -3.31458211e-01
    1.57432199e-01 1.22278571e-01 -7.78089881e-01 -4.94599432e-01
    -7.06155956e-01 -1.41529918e-01 -3.54155779e-01 1.90573692e-01
    -3.64233851e-02 -3.22396666e-01 -3.30433041e-01 -5.29512882e-01
    -1.80259168e-01 -2.30012387e-01 -6.80031836e-01 -4.08350646e-01
    1.30400658e-01 -1.00756168e-01 -4.10944462e-01 -2.00311065e-01
    -6.03083611e-01 3.26812863e-02 -1.01552546e-01 8.85514021e-02
    -7.85202205e-01 -1.29208028e-01 -7.41852224e-01 -3.91518801e-01
    -8.84143114e-02 -3.66868973e-02 9.84136462e-02 7.74579048e-02
    -3.90840650e-01 -5.92227221e-01 2.09225595e-01 2.43774891e-01
    5.48872352e-02 -2.79659212e-01 -4.16868448e-01 -4.10858661e-01
    -6.87872171e-01 -6.28522158e-01 2.02061534e-02 -1.69164598e-01
    -3.15015912e-01 -7.01350212e-01 -1.02389038e-01 7.56435990e-02
    -3.43215704e-01 1.21766150e-01 -6.55868530e-01 -2.89576858e-01
    -4.45245504e-01 -8.66860151e-03 -7.40827739e-01 -5.51267266e-01
    -2.92948693e-01 -3.43901426e-01 -5.00468194e-01 -7.14170218e-01
    -6.17476463e-01 -4.75831181e-01 2.03993618e-01 -6.25157714e-01
    -5.70980787e-01 -7.29288280e-01 -6.88158631e-01 -8.48191977e-02
    -2.44778752e-01 -3.52708697e-02 -2.59747744e-01 -1.71347260e-02
    -3.82970363e-01 -1.98237777e-01 -5.99870443e-01 -1.19418621e-01
    -4.46641594e-01 -3.47701311e-01 -2.42697835e-01 -3.95334721e-01
    -1.98544443e-01 -7.69848406e-01 -4.55673605e-01 -1.55118406e-01
    -1.93186522e-01 -3.59649241e-01 -5.65626502e-01 -7.69817829e-02
    -5.85156500e-01 -6.84119225e-01 -1.52525961e-01 -3.51514697e-01
    -6.34396255e-01 -5.79329193e-01 -6.23153329e-01 -3.37734461e-01
    -3.69469643e-01 -1.72024071e-01 2.35527754e-02 -6.22380912e-01
    -4.79428053e-01 -7.17131257e-01 8.05353522e-02 -4.83840048e-01
    -1.00842834e-01 -8.75848532e-02 -5.00295639e-01 -4.18425083e-01
    -6.49239659e-01 -4.96111423e-01 -1.51371241e-01 -5.88677883e-01
    1.32838607e-01 -7.67812490e-01 -2.63674140e-01 1.60304904e-02
    -3.48240703e-01 -1.60180092e-01 -1.32510066e-01 8.98680687e-02
    1.84497714e-01 2.42304206e-02 -6.05080247e-01 -5.21644831e-01
    -7.27720380e-01 -6.60377145e-02 -4.80332077e-01 9.71799493e-02
    -4.61815178e-01 9.69929099e-02 -3.49397719e-01 -4.39310968e-01
    -4.89205867e-01 8.03923607e-02 -5.84797621e-01 -6.01026058e-01
    -5.38268089e-02 -2.07723200e-01 -5.59188306e-01 -4.63528633e-02
    -6.48514509e-01 -6.95173264e-01 2.00110674e-03 -5.88318408e-01
    -4.08610106e-02 -8.55192423e-01 6.34679794e-02 -6.69584870e-01
    -4.08271074e-01 -5.51102579e-01 -6.94562018e-01 -5.66879272e-01
    3.41717601e-02 -1.08695805e-01 -1.87785625e-01 -1.02752447e-02
    -6.03762865e-01 7.47287273e-03 -3.64135385e-01 8.38428736e-02
    -5.82280755e-01 -4.84710753e-01 -2.44018018e-01 -6.12636685e-01
    -1.55427039e-01 -7.67615438e-01 -2.74720311e-01 -4.42655414e-01
    -2.36812174e-01 6.76532984e-02 -3.27684224e-01 -1.29333556e-01
    -5.46302080e-01 -1.01627469e-01 -6.40093803e-01 -5.50609529e-01
    -4.60313380e-01 1.78080201e-01 -3.15533280e-02 -5.92413306e-01
    -5.51296592e-01 -4.95095611e-01 -5.35006225e-02 -3.49174351e-01
    1.89201355e-01 2.45880961e-01 -3.35102916e-01 -4.71073389e-01
    -5.92013359e-01 -2.61427701e-01 2.06770420e-01 -3.47804815e-01
    -5.48989654e-01 -3.13588381e-01 -6.31186962e-02 -1.31869912e-01
    -8.27804744e-01 -6.63751364e-01 -5.86730599e-01 -9.18130279e-02
    -4.79816794e-01 -1.53396130e-02 -5.89869261e-01 -6.41764402e-01
    -4.86464560e-01 -1.40864491e-01 -2.56931782e-02 8.45922232e-02
    -7.81200230e-01 -1.61624432e-01 -2.40511537e-01 -5.37577033e-01
    -4.97279882e-01 -9.89763737e-02 -7.60794222e-01 5.88279366e-02
    -6.96248770e-01 1.94051981e-01 -1.09171927e-01 -7.05818653e-01
    -1.72743678e-01 -7.66734600e-01 -5.16707182e-01 -7.82920122e-01
    7.30007887e-02 -2.88688123e-01 -3.87005270e-01 -2.84452558e-01
    -8.22334647e-01 8.71489048e-02 -3.37761104e-01 -1.08665228e-02
    -4.84073460e-01 -7.36513734e-01 -7.50564635e-01 1.75070405e-01
    -4.24133778e-01 -5.71587324e-01 1.97845697e-03 -4.91788447e-01
    1.70069814e-01 -1.82931900e-01 -2.38426745e-01 1.34597480e-01
    -5.24441004e-02 -8.79884958e-02 -4.34510082e-01 -7.32192755e-01
    -2.38765359e-01 -3.00133735e-01 1.47982478e-01 -6.59177184e-01
    1.22220695e-01 -5.88009834e-01 1.55465603e-02 -5.25342166e-01
    -2.52031624e-01 -7.60941863e-01 -6.43758535e-01 4.95253801e-02
    -5.29739857e-01 7.50625730e-02 -7.09549427e-01 -4.50058371e-01
    -5.16030252e-01 -2.25587130e-01 -4.33844507e-01 -3.82042944e-01
    -1.54114306e-01 -6.66500211e-01 -6.58866048e-01 -2.47271359e-01
    -8.20126534e-02 -4.11886573e-01 -7.91327477e-01 -7.69242764e-01
    -6.84008121e-01 -3.49836439e-01 -6.09423995e-01 -7.70900846e-01
    -3.69013190e-01 1.10873580e-01 -2.11856484e-01 7.05333948e-02
    -8.60770106e-01 -4.31646824e-01 -3.18830013e-01 -1.41934514e-01
    -2.39569366e-01 -4.82230067e-01 -1.94312662e-01 -4.96346861e-01
    -5.11342525e-01 -2.07368016e-01 2.73127794e-01 -6.12947583e-01
    -1.53367937e-01 -5.68783283e-02 5.88459373e-02 -4.96863544e-01
    7.65109062e-03 -1.01939440e-01 3.84094119e-02 -5.93264580e-01
    -6.79128230e-01 -1.50955558e-01 -1.50897563e-01 -6.58464909e-01
    -6.84688210e-01 1.98154271e-01 1.02430880e-01 -7.51604199e-01
    -2.94321775e-02 -2.33242393e-01 -5.48571467e-01 1.62322760e-01
    1.59522653e-01 -1.14739239e-01 -4.86315757e-01 -6.22886539e-01
    9.99756455e-02 -1.61028802e-01 -7.13193417e-01 8.97637606e-02
    -2.12923110e-01 -2.43622899e-01 -8.20848644e-01 -4.64217782e-01
    -6.71737731e-01 -1.57674253e-01 4.14291024e-02 -4.23873186e-01
    -2.90017307e-01 2.19929218e-03 -3.91342521e-01 1.05749071e-01
    -1.97845697e-03 -4.12062138e-01 9.97714400e-02 -6.72132134e-01
    -3.86027694e-02 -4.14621234e-01 -6.01713657e-02 -5.64999223e-01
    -2.74595082e-01 -1.56082511e-01 4.44004536e-02 -3.26982141e-01
    -2.48741806e-01 -7.03025639e-01 -7.27104008e-01 8.62723589e-02
    -4.82503355e-01 1.85332716e-01 -7.24320710e-01 -2.76185870e-02
    1.89602375e-01 -7.12557673e-01 -5.84236383e-02 -8.99996161e-02
    -6.34823203e-01 1.51261926e-01 -3.22009116e-01 -4.11739349e-02
    -3.65135372e-01 -4.49787527e-01 -3.61054182e-01 -5.69441795e-01
    -6.99847460e-01 -1.67748749e-01 1.45475626e-01 -4.87665772e-01
    -7.85231709e-01 -6.83469653e-01 -8.06039929e-01 3.75772715e-02
    -2.43051767e-01 -4.91900206e-01 -4.33122218e-01 -3.35437596e-01
    -1.59898460e-01 1.97896898e-01 1.47746265e-01 -4.94338572e-01
    -5.23976207e-01 -6.81685209e-01 -1.65612459e-01 1.72846138e-01
    -5.16256630e-01 -5.77117801e-02 -2.35314548e-01 -6.38826370e-01
    -3.48504186e-02 -8.96841288e-02 7.21445084e-02 -6.73324823e-01
    -6.30632281e-01 -6.75285935e-01 -5.65339684e-01 -4.82475519e-01
    -2.75933743e-01 -1.88385725e-01 -3.90497983e-01 -5.51689923e-01
    2.35739946e-02 -3.44298244e-01 -4.05917168e-02 2.86054015e-02
    -7.44297385e-01 -7.19052553e-01 9.04266834e-02 -7.95338392e-01
    -1.20135427e-01 -1.55332446e-01 -5.89261889e-01 -4.85141456e-01
    1.21763289e-01 -9.78730321e-02 -2.01648831e-01 1.54960155e-03
    -4.18855727e-01 -1.71359539e-01 -1.41694844e-01 -4.01349038e-01
    -7.47900844e-01 -5.87548494e-01 1.50259137e-01 -2.52960086e-01
    -1.99613750e-01 -4.12655473e-01 -2.58981943e-01 -6.71917200e-03
    -4.49406087e-01 -6.80715680e-01 -2.30366945e-01 -2.11527348e-02
    -5.13845921e-01 -3.42421770e-01 -3.45808864e-02 3.82066131e-01
    -1.27452374e-01 -1.45890892e-01 -2.80094653e-01 -7.32298017e-01
    1.76663339e-01 2.69337893e-02 -9.02708173e-02 -7.48040318e-01
    -4.64625448e-01 -7.10717022e-01 -7.15793967e-02 -6.16410673e-01
    -2.58027315e-01 -2.40161240e-01 -1.42591894e-01 1.45069778e-01
    -7.13079870e-01 -1.40564501e-01 -4.29866314e-02 -5.40399075e-01
    -3.78661752e-01 -5.25434077e-01 -2.96492577e-01 -9.42065716e-02
    -6.66184425e-02 -2.13520348e-01 -7.31807351e-02 -3.41275275e-01
    -5.24916828e-01 -1.93386495e-01 2.08397627e-01 -2.66450703e-01
    -4.63381946e-01 -4.81297791e-01 -5.28869987e-01 -6.49393201e-02
    -5.50228417e-01 -6.23369932e-01 -3.04183960e-01 8.05615783e-02
    -4.54448462e-02 -5.56221008e-02 -1.66182876e-01 -1.33825719e-01
    -1.01963997e-01 -5.71167529e-01 -2.11896002e-01 -2.16316223e-01
    -4.82180476e-01 -6.65803194e-01 -3.09131682e-01 -2.47214496e-01
    -5.65439284e-01 -2.55499542e-01 -4.11437988e-01 -4.04216975e-01
    -9.24211740e-03 2.25533187e-01 -7.83720434e-01 1.38409972e-01
    -3.71341258e-01 1.05614722e-01 -1.68804884e-01 -1.93344891e-01
    1.05854928e-01 -2.96603292e-01 -4.37817693e-01 -6.27737641e-01
    -2.19469011e-01 -4.21312273e-01 -5.46841502e-01 -3.19760203e-01
    -2.03347147e-01 -7.69567370e-01 1.03642702e-01 -2.68403590e-01
    -5.20931363e-01 -5.86560965e-01 -9.83442068e-02 -7.43258476e-01
    -7.00174034e-01 2.02705503e-01 -2.52322525e-01 -1.57646298e-01
    -6.32666647e-01 -3.31397355e-01 -5.43054044e-01 -5.84190845e-01
    -2.02506185e-01 1.07542038e-01 -6.69164777e-01 -1.54290259e-01
    8.98884535e-02 -7.56694078e-02 -4.71514612e-01 -2.51230776e-01
    -1.24737382e-01 -8.04196179e-01 -3.06745648e-01 -2.33397543e-01
    -1.49437904e-01 -1.91623569e-02 6.26298189e-02 9.91974473e-02
    -4.89751250e-01 -5.82854033e-01 -6.41932130e-01 -3.76346469e-01
    -3.56858134e-01 -6.45333290e-01 -1.82955563e-01 -2.42266655e-02
    -4.66191769e-03 -5.80458760e-01 1.66473329e-01 -6.31934822e-01
    -6.78211689e-01 -1.03364825e-01 -5.06552637e-01 -2.00951159e-01
    -1.45532489e-01 -6.35170937e-02 -5.39614320e-01 -1.57073975e-01
    -5.52196026e-01 1.19477749e-01 -5.68129420e-01 -1.95413053e-01
    7.41736293e-02 -6.46395206e-01 1.91003740e-01 -6.29383683e-01
    -6.43362939e-01 -6.34522557e-01 -3.32247287e-01 -5.66284239e-01
    9.03899670e-02 -2.46337533e-01 -3.61523747e-01 -8.00218880e-01
    -3.90752256e-01 -7.85635769e-01 -3.88488173e-01 -5.78991890e-01
    -6.61369920e-01 -3.21332753e-01 -2.30832100e-02 -2.76936889e-02
    1.09553337e-04 -2.02322662e-01 -1.65098071e-01 -5.51106215e-01
    -3.36573660e-01 -6.24235749e-01 -7.30165124e-01 -3.98323894e-01
    -4.92354214e-01 -5.35803080e-01 -4.70315844e-01 8.04384351e-02
    -3.89909565e-01 -1.39062583e-01 -1.90505385e-02 -1.09031975e-01
    -2.65285909e-01 -3.93586963e-01 1.77257597e-01 -3.69345576e-01
    -3.89985919e-01 5.40536046e-02 1.10412300e-01 -2.45100260e-02
    -4.93210018e-01 -2.32671320e-01 -2.36233532e-01 -1.77547932e-02
    -6.90932333e-01 -3.71354699e-01 1.95863247e-01 -6.41284943e-01
    -3.79623771e-01 2.33915508e-01 2.52337456e-02 -1.08190358e-01
    -1.61392689e-01 9.01709795e-02 -6.97793365e-01 -7.23589182e-01
    -2.57959366e-02 -3.01063061e-04 1.09990895e-01 -1.19623005e-01
    4.05278206e-02 -2.66558945e-01 -4.83258843e-01 -1.12864912e-01
    -3.54282111e-01 -5.59145570e-01 -4.38465893e-01 -2.72917747e-03
    -4.27059203e-01 -2.42408991e-01 -4.37068641e-01 -5.35526872e-01
    -5.84076285e-01 -7.90024698e-01 -5.69227815e-01 -2.36965477e-01
    -1.66365564e-01 -8.76522064e-02 -6.12306058e-01 -2.73968160e-01
    9.31286812e-02 -6.50165260e-01 1.19489431e-02 -2.45728314e-01
    -5.12500405e-02 2.45690346e-03 -5.32794237e-01 -2.89816380e-01
    -7.06311584e-01 -3.33706617e-01 -7.44264185e-01 -8.01365912e-01
    9.26719904e-02 1.22706771e-01 -1.85557961e-01 -4.77875918e-01
    9.97147560e-02 -6.83412433e-01 -4.45944041e-01 -5.65842986e-02
    9.14351344e-02 -5.95717371e-01 -2.39930034e-01 -3.46964389e-01
    -6.84764862e-01 -6.64465308e-01 -5.84503114e-01 6.40291572e-02
    -4.89310414e-01 3.50755453e-02 -2.27046967e-01 8.82803798e-02
    -3.41916293e-01 -4.17452812e-01 1.57635808e-01 2.35918760e-02
    -7.46308088e-01 1.63795531e-01 -6.38923645e-02 -3.34390789e-01
    -4.07464981e-01 -2.60026753e-01 1.45351052e-01 -2.44865119e-02
    -5.14879405e-01 1.73699379e-01 -2.74971604e-01 -5.55496097e-01
    -5.56585193e-02 -5.10646701e-01 7.89411664e-02 1.45383835e-01
    -2.70332456e-01 -5.69460332e-01 -3.20291460e-01 9.26823020e-02
    -2.70732582e-01 2.24103332e-02 -6.51038527e-01 -2.04936564e-01
    1.40227437e-01 -6.15934253e-01 -4.46129739e-01 -6.98124170e-01
    -5.87552547e-01 -4.31923509e-01 -1.91900194e-01 -3.96951556e-01
    1.22495890e-01 -7.71659374e-01 -1.63786829e-01 -6.07712924e-01
    -8.95198584e-02 -6.93946064e-01 2.19123065e-01 -3.08166474e-01
    1.26202524e-01 -1.23960197e-01 -6.92681015e-01 -5.69339216e-01
    2.53117085e-03 4.73678112e-02 -1.32852256e-01 -8.05246830e-01
    -3.79678011e-01 -2.02684104e-01 -1.76827371e-01 -4.73484397e-02
    -5.65853000e-01 -6.13688588e-01 -1.43594563e-01 -1.86569631e-01
    -3.94044369e-01 1.50799811e-01 -3.14996958e-01 -7.26038814e-01
    1.61811352e-01 -1.74597621e-01 -3.95919681e-02 -1.52174652e-01
    -4.62371588e-01 -1.75060272e-01 -7.48913646e-01 -2.70021677e-01
    -3.15110832e-01 -8.06461811e-01 -8.22466373e-01 1.53784156e-01
    1.47464275e-02 -2.17271328e-01 -7.45734215e-01 -6.65702581e-01
    1.70590937e-01 -3.53162467e-01 1.67333484e-02 -2.48764634e-01
    -4.38006103e-01 -8.88805985e-02 1.82591915e-01 -1.16796494e-01
    -7.65988231e-01 1.86285853e-01 -5.97378135e-01 1.54145837e-01
    1.84335887e-01 -6.38747096e-01 -4.54388499e-01 -3.72231811e-01
    -4.75286603e-01 -4.38536346e-01 -2.06712306e-01 1.24549747e-01
    8.34207535e-02 -1.74824476e-01 -4.35271263e-02 -7.20907509e-01
    -7.18310952e-01 9.20013189e-02 -6.76662147e-01 -1.22592568e-01
    -4.76806521e-01 2.87389755e-03 -4.75647986e-01 -4.00002658e-01
    -2.96837091e-03 -3.22025716e-01 -4.55264121e-01 -6.36311173e-01
    -1.04610682e-01 -3.43325019e-01 -4.28782582e-01 -8.83342028e-02
    -6.00296617e-01 -2.84072161e-01 -5.88502288e-02 2.17566669e-01
    -4.42051291e-01 -4.06992167e-01 -4.18697894e-01 -1.92166567e-01
    -1.91806018e-01 1.07631326e-01 -2.09515512e-01 -4.45922732e-01
    -2.61222720e-01 -4.88402933e-01 -1.78994834e-01 -8.87064338e-02
    -7.06041694e-01 -3.90178919e-01 -4.40153003e-01 -3.24024677e-01
    -1.31974697e-01 -3.86631489e-03 -9.86390114e-02 -2.30163336e-03
    -2.63226926e-01 5.16752005e-02 -1.29868984e-01 -5.94600141e-01
    -2.38390565e-02 -9.09507275e-03 -2.99044251e-02 5.89491725e-02
    -7.20171928e-01 -8.13934803e-02 -1.22498930e-01 1.63259089e-01
    -7.67587185e-01 -6.93847477e-01 -4.26827729e-01 -6.12764955e-01
    -7.50544190e-01 -1.33945525e-01 -5.54958761e-01 2.51828432e-02
    -3.39961648e-02 -4.96670365e-01 -2.60481119e-01 2.09505558e-02
    -5.08521557e-01 3.60131264e-04 -6.86889529e-01 -8.93914104e-02
    -4.90128815e-01 1.63235128e-01 -5.67952931e-01 -7.60081470e-01
    -6.62969351e-02 1.73467040e-01 -1.80441737e-01 -2.46107310e-01
    -4.11500722e-01 -3.91266882e-01 -4.90798652e-01 -5.91251731e-01
    -5.42837918e-01 1.11183643e-01 -3.96429002e-01 -5.50573468e-02
    1.91048265e-01 -2.45845318e-03 -6.11909270e-01 -5.19955218e-01
    -3.11546326e-01 -4.52098459e-01 -6.11188948e-01 -6.69703722e-01
    1.33588433e-01 -2.19300330e-01 -5.40339530e-01 -8.10966492e-02
    -7.07704067e-01 -6.38134003e-01 -7.61246324e-01 6.46460056e-02
    -2.44573236e-01 -3.93432707e-01 -6.13623023e-01 -5.63068748e-01
    -7.82767177e-01 -6.18638039e-01 1.36089325e-02 8.94677043e-02
    -1.19551063e-01 -7.71372080e-01 -7.31790304e-01 1.93881273e-01
    -2.48496354e-01 -3.95937920e-01 5.58474064e-02 -2.84676015e-01
    -5.57883263e-01 -4.44287717e-01 -2.91879833e-01 -3.56698036e-03
    -3.26961040e-01 -3.52310151e-01 -3.59264642e-01 -8.21980119e-01
    -3.47759128e-02 7.88331032e-03 -3.27795744e-01 -4.56051290e-01
    -4.02730465e-01 -5.45320392e-01 6.71226978e-02 -4.57844436e-01
    -5.62888145e-01 1.26302183e-01 -7.38540232e-01 -4.72724378e-01
    -1.55146241e-01 2.02562213e-02 -3.60805273e-01 3.57757211e-02
    -1.40179515e-01 -5.25932789e-01 -3.85572314e-02 -6.65987372e-01
    -7.60806620e-01 1.10635042e-01 -5.42018890e-01 8.53699446e-02
    1.08978093e-01 -3.68773729e-01 -2.97121406e-02 -4.33925569e-01
    -2.97665000e-02 -7.63214350e-01 -4.23598647e-01 -6.63005233e-01
    1.23042285e-01 -8.39899778e-02 -1.76535547e-01 -5.92604220e-01
    -4.70244884e-01 -4.25366879e-01 -3.04619104e-01 -3.01188767e-01
    2.06896842e-01 -3.69661450e-02 -5.93400002e-03 -1.95659757e-01
    -7.68370509e-01 -5.39690197e-01 7.70993233e-02 -3.64578098e-01
    -5.84669232e-01 -2.63509393e-01 -6.37358069e-01 -6.31865382e-01
    -2.31860757e-01 -6.13920093e-02 -7.21074939e-01 -3.66924405e-01
    -1.26457989e-01 6.40999675e-02 -5.93430042e-01 -5.27096689e-01
    -4.81398642e-01 -4.54699248e-01 -6.04091287e-02 -7.74157524e-01
    -1.07914209e-02 -6.98164225e-01 3.57804894e-02 -6.73176765e-01
    -7.76419640e-02 -6.26373291e-01 -2.45388389e-01 -6.47342682e-01
    1.50010943e-01 -9.81951952e-02 -8.18644404e-01 -7.09223628e-01
    -3.37348461e-01 5.12075424e-03 -4.13177431e-01 -4.33141857e-01
    -4.23080444e-01 -3.13550532e-01 -7.66863465e-01 9.82888341e-02
    -4.77176487e-01 -1.92566216e-01 -4.42237794e-01 -5.76017439e-01
    -1.37999713e-01 -1.57106757e-01 -3.78416806e-01 1.82551146e-02
    8.81211758e-02 -6.10857844e-01 -5.13922274e-01 -6.14638567e-01
    -2.58111209e-01 -5.44088066e-01 -5.50347686e-01 -9.78894830e-02
    4.96577621e-02 1.26894414e-01 1.13088071e-01 -3.85454357e-01
    -4.37845320e-01 -5.91602266e-01 -5.28895915e-01 2.17724979e-01
    -5.07986903e-01 -3.77759010e-01 -6.40527606e-02 -5.45877099e-01
    1.57499731e-01 -5.41450858e-01 1.15554690e-01 -4.24479604e-01
    -1.11266911e-01 -5.61863065e-01 -3.01836282e-01 -6.95279241e-02
    -5.59669971e-01 9.84023213e-02 -2.88945317e-01 -1.71639025e-01
    5.49600720e-02 -3.50244343e-01 6.22490644e-02 -4.82338548e-01
    -5.70240736e-01 -5.67645907e-01 -5.68912148e-01 -5.82857907e-01
    -1.22897804e-01 -6.12637281e-01 1.27850473e-01 -3.35810363e-01
    -7.21196949e-01 -2.25020349e-01 -3.74302179e-01 -3.36677969e-01
    -1.72969639e-01 -5.49312174e-01 -2.71715224e-01 -5.44024885e-01
    -5.58562517e-01 -7.37954378e-02 -1.03753328e-01 -2.15858221e-02
    -6.47945404e-01 -1.66059673e-01 -1.76794052e-01 -7.57924080e-01
    1.17689431e-01 -6.69032931e-01 -4.28962409e-01 -6.27123713e-02
    -4.55142558e-01 -6.46447361e-01 -6.01799488e-02 8.54747891e-02
    -7.03324735e-01 -2.40428090e-01 -1.85123503e-01 1.27934277e-01
    -8.82886052e-02 -5.81147432e-01 1.30887032e-02 -1.63426399e-01
    -5.97223520e-01 -3.47361416e-01 -6.91926718e-01 -5.51497936e-03
    -6.20694280e-01 -5.98776698e-01 -6.58789873e-01 -4.71416652e-01
    1.77779198e-01 2.29259133e-01 -3.30658436e-01 -7.08141744e-01
    -3.45620573e-01 1.47656381e-01 1.48410499e-01 -4.32680160e-01
    -4.35166448e-01 -6.04437530e-01 -6.64247274e-01 3.09163928e-02
    -6.17969871e-01 -4.21705455e-01 -3.75486672e-01 -4.43482250e-01
    7.41624236e-02 -5.14437437e-01 -2.57048011e-01 -3.61208022e-01
    -2.05365896e-01 -1.00822270e-01 -7.60302186e-01 7.73720741e-02
    -3.33036333e-01 -2.21864402e-01 1.09097183e-01 -3.65399897e-01
    -6.56437278e-01 3.26560140e-02 -6.08112454e-01 -7.88230300e-02
    -3.34496379e-01 -6.07725441e-01 -6.31557763e-01 1.08036876e-01
    -6.73406482e-01 -3.62628758e-01 -2.68662333e-01 -6.67714715e-01
    -5.70161521e-01 -2.07310557e-01 -6.82258427e-01 5.70823550e-02
    -4.00749266e-01 -6.27066970e-01 2.65618503e-01 -5.26597381e-01
    -2.58751422e-01 -6.26874447e-01 -5.52941084e-01 -7.33541250e-02
    1.65251791e-01 2.81006098e-03 -6.11136019e-01 5.24594188e-02
    -5.61353564e-01 -4.15539354e-01 -5.26200056e-01 1.39722347e-01
    2.11497545e-02 9.73310471e-02 -6.42627716e-01 7.64479041e-02
    1.88115239e-02 -1.51714563e-01 -6.66083217e-01 -1.69532239e-01
    5.05254865e-02 -2.75089979e-01 -5.63300908e-01 -2.54654884e-01
    9.54528451e-02 4.53745127e-02 -6.51899874e-01 -3.53109837e-03
    -3.59458685e-01 -1.39538050e-02 1.87219381e-02 -5.04695356e-01
    1.48048699e-01 1.35813653e-01 -1.26700938e-01 -1.37456238e-01
    -5.43284893e-01 -5.32569945e-01 -7.52047300e-02 -1.44167364e-01
    -8.58923197e-02 -3.98869932e-01 -4.14199799e-01 -6.28550529e-01
    -4.68592763e-01 -4.39820796e-01 -5.48845291e-01 7.67207146e-03
    -1.09582901e-01 -2.29872763e-01 -4.34112549e-03 -4.47829366e-01
    2.00290680e-02 -4.75360990e-01 -7.66279399e-01 -2.95058072e-01
    -2.72270679e-01 -6.17641211e-01 -4.84719187e-01 -3.59270006e-01
    -6.32941842e-01 -3.52020532e-01 -5.23514450e-01 -9.24748778e-02
    1.27129078e-01 1.38856173e-02 -8.48901272e-02 -3.59091789e-01
    -6.67618930e-01 1.74424708e-01 6.16832972e-02 3.63204211e-01
    3.25389266e-01 1.93107784e-01 1.71190202e-01 -9.14340615e-02
    -4.51744795e-02 -2.04921126e-01 -2.42083073e-01 -1.63794219e-01
    -5.20808935e-01 -4.76347595e-01 -3.70921612e-01 -6.11253500e-01
    -9.60028172e-02 -6.15637302e-02 -4.86089915e-01 2.94277668e-02
    -3.73717487e-01 1.01192832e-01 -6.80239677e-01 -1.71511292e-01
    -1.27238035e-03 -3.91878784e-01 4.13233042e-02 -5.39664507e-01
    -6.55646324e-02 -1.77991152e-01 -3.33127320e-01 -2.36767471e-01
    -6.94310784e-01 -5.29113412e-01 1.29666805e-01 -6.46638155e-01
    -7.31485486e-02 -3.12653899e-01 3.83098125e-02 -8.48302245e-02
    -3.57531726e-01 -2.60326862e-01 -2.16745138e-02 -5.13620734e-01
    -6.72255337e-01 -4.15726483e-01 -4.41297710e-01 1.05069816e-01
    -7.16565907e-01 -7.94839501e-01 -5.13299286e-01 -1.90146565e-01
    -5.34161329e-02 -1.45712018e-01 -2.93695807e-01 6.58118129e-02
    -1.20362818e-01 -3.92694354e-01 -3.05189759e-01 -2.05569923e-01
    -1.71077013e-01 -6.02144003e-02 1.65172994e-01 -7.64862895e-01
    -4.92362797e-01 -3.51462990e-01 -6.09577179e-01 -5.69415808e-01
    1.98945463e-01 -8.38963985e-02 -2.34799206e-01 -4.91564006e-01
    -1.82015657e-01 -5.66915810e-01 -8.69158506e-02 -5.45474768e-01
    -4.59654868e-01 -1.45101964e-01 1.35506392e-01 -2.72487164e-01
    -6.84666634e-02 -3.41672689e-01 -5.52376866e-01 -2.65254140e-01
    -1.28713012e-01 -6.59515858e-01 -1.38095737e-01 -4.44415212e-02
    -4.88766909e-01 -6.75482512e-01 -7.05101013e-01 -2.59857833e-01
    -6.75330162e-02 -4.07513589e-01 -3.26221526e-01 1.04063511e-01
    -1.50905967e-01 1.08850598e-01 -2.67116189e-01 -7.09039927e-01
    -4.33833748e-01 7.26108551e-02 -4.06950593e-01 -1.22121572e-01
    -5.69722593e-01 -3.08497608e-01 -4.09461230e-01 1.44501090e-01
    -5.45587301e-01 -3.42238516e-01 -5.26261508e-01 2.41315305e-01
    -3.61289322e-01 -2.99829900e-01 -5.98623872e-01 -2.50182509e-01
    -2.08673298e-01 -2.15374053e-01 3.04453969e-02 -3.12295675e-01
    -3.43288958e-01 -1.91157520e-01 -3.18282604e-01 -7.88840055e-01
    2.41000652e-02 -6.23688459e-01 -2.40483940e-01 -7.37945020e-01
    3.38184237e-02 3.29718590e-02 1.16605282e-01 5.26943207e-02
    -4.03657347e-01 -5.34992516e-01 -3.02987456e-01 -5.60790658e-01
    1.13142431e-01 -5.97665787e-01 -4.70640451e-01 -4.71457005e-01
    1.82500064e-01 -5.68237662e-01 7.41671324e-02 -6.99209809e-01
    -3.25041503e-01 -6.90965652e-02 1.23637497e-01 -1.33455396e-01
    -3.87503624e-01 -1.17053092e-01 1.41920090e-01 -5.42168498e-01
    -4.23279047e-01 9.50745940e-02 -2.22996473e-02 -7.87053108e-02
    -2.40950406e-01 -7.60954261e-01 -2.34330297e-02 -1.58782005e-02
    -5.78433394e-01 -1.42884135e-01 3.05220485e-02 -2.80162096e-01
    -3.44594330e-01 -2.92010009e-01 -5.99534690e-01 1.91882253e-01
    -4.01411772e-01 2.35846519e-01 -7.27683783e-01 -6.64488077e-01
    4.22630310e-02 -5.42181492e-01 1.81855321e-01 -4.84843731e-01
    -3.92133713e-01 2.26967156e-01 -5.53533912e-01 -1.34738445e-01
    -3.05023193e-01 2.43178666e-01 -3.57072711e-01 1.82212770e-01
    8.49699974e-03 -4.56620216e-01 1.32078588e-01 -4.74686205e-01
    -5.51125765e-01 -7.62664080e-01 -2.78641343e-01 -1.67024076e-01
    -1.28332973e-01 -3.66712481e-01 -6.13322318e-01 -4.19039071e-01
    -2.91851878e-01 9.61756706e-02 -3.15868139e-01 -6.38072610e-01
    -1.30771637e-01 -8.57775807e-01 3.85725498e-02 -4.09011632e-01
    -7.14086294e-01 -2.93145537e-01 -6.38548136e-02 -7.53027081e-01
    3.07188630e-02 -5.53099036e-01 -2.92797744e-01 -3.15009296e-01
    -7.61068702e-01 -1.73638761e-01 2.28437185e-02 -4.35467541e-01
    -2.35618949e-01 -8.75866413e-02 -1.66173339e-01 -1.15615547e-01
    -7.28606880e-01 6.16399050e-02 -7.44702041e-01 -4.77580696e-01
    -3.90288830e-01 4.39144373e-02 -2.73066103e-01 -3.89161348e-01
    1.45201206e-01 -3.29494357e-01 -3.42954844e-01 -1.25768542e-01
    -5.89489698e-01 -3.65799904e-01 -4.29010212e-01 -6.31528378e-01
    -6.71517372e-01 -3.67874742e-01 -5.36640644e-01 -9.26998258e-02
    -3.32027018e-01 -5.16048670e-01 -2.01312065e-01 -5.57016134e-01
    -1.62761211e-02 -7.19816148e-01 -7.68700480e-01 -1.40563846e-02
    -5.59505284e-01 -6.72117293e-01 -7.21753657e-01 6.41834736e-02
    -5.74102402e-01 -2.07261980e-01 -6.71625137e-01 7.02810287e-03
    -7.44882822e-02 1.72017336e-01 2.26343751e-01 1.40883297e-01
    -2.37021923e-01 1.84369743e-01 -6.77592516e-01 -2.02216208e-01
    -2.02850699e-01 -6.63687110e-01 2.53808498e-03 -5.24520874e-05
    -6.37913823e-01 -3.50029945e-01 -5.06737232e-02 1.54570341e-02
    -4.56641912e-02 -6.09916806e-01 -4.37719941e-01 3.49417329e-02
    -1.88404202e-01 -7.14284420e-01 -4.64498937e-01 -9.94642377e-02
    -3.30063105e-01 -3.46399307e-01 -4.96340424e-01 -2.17569590e-01
    -1.92817867e-01 -5.70515752e-01 -3.19280624e-02 2.07251847e-01
    -5.73251009e-01 -3.80851328e-01 -4.85451251e-01 -2.60975599e-01
    -5.80679536e-01 -2.09836960e-02 -7.58708119e-01 -5.68807125e-03
    -1.97820902e-01 -3.51732910e-01 -3.90781760e-02 -3.61864209e-01
    -1.17194593e-01 -3.87549430e-01 -3.81929517e-01 -1.29488945e-01
    1.11869335e-01 -3.41816247e-01 -5.97468615e-01 -3.83532047e-02
    -9.25570130e-02 -1.32819116e-01 -3.28879178e-01 -7.71264076e-01
    -7.52768338e-01 -5.84564567e-01 -7.20566273e-01 -2.71598577e-01
    -2.67165124e-01 -5.00276089e-02 -7.14662671e-01 -7.47585297e-01
    -3.68372470e-01 -4.21336532e-01 -3.68623644e-01 -4.39092755e-01
    -7.14280367e-01 -4.84527290e-01 1.95369899e-01 -2.13357985e-01
    -3.30621660e-01 -3.46249342e-01 -1.65725231e-01 -3.32647026e-01
    -4.06408966e-01 -7.09830046e-01 -1.11791432e-01 -5.39492965e-02
    -6.82815313e-01 -7.14327693e-01 -2.73579717e-01 1.14467800e-01
    -9.04417634e-02 -3.44279408e-01 1.03327692e-01 8.69079232e-02
    -5.65039158e-01 -5.79302907e-01 1.06748104e-01 -7.92595744e-02
    -3.08900595e-01 -5.16422808e-01 7.13133812e-02 5.41886091e-02
    -4.96309161e-01 7.21025467e-02 -7.54264295e-01 -2.63150841e-01
    1.35624588e-01 -1.33543968e-01 -1.04132533e-01 -1.42153680e-01
    1.26061440e-01 -1.77546859e-01 -2.41658747e-01 -3.83382410e-01
    -3.37026417e-01 -2.71370441e-01 -5.98482728e-01 -2.71019697e-01
    -3.91856939e-01 -6.40323877e-01 -5.61931789e-01 -2.64258564e-01
    -2.14003503e-01 -1.55435979e-01 -4.21963334e-01 -4.45667475e-01
    -2.71227062e-01 -3.15182298e-01 -3.71210515e-01 1.19894505e-01
    -4.87094164e-01 -1.47616982e-01 -7.57440567e-01 -6.05346680e-01
    5.76791763e-02 -7.12146401e-01 -7.82673359e-02 -7.81970084e-01
    -4.50811297e-01 -1.22094393e-01 -1.57798529e-01 1.11579418e-01
    -6.87396467e-01 -2.39296079e-01 -6.17141843e-01 -3.09459448e-01
    -6.27829313e-01 -2.55191982e-01 -2.90352225e-01 -7.06230402e-01
    -5.18336892e-01 -2.32851982e-01 -7.65351057e-02 -3.38869572e-01
    3.93832326e-02 -5.20755053e-01 8.13437104e-02 -3.36436629e-02
    -8.11787248e-01 -5.71300983e-02 -6.36373818e-01 -6.94301128e-01
    -5.62873662e-01 -5.78339517e-01 1.09719992e-01 -5.16181529e-01
    -5.41822195e-01 -5.91561913e-01 -2.92670548e-01 -1.86011076e-01
    -4.94153976e-01 -5.01403928e-01 -3.35122347e-02 -6.95702016e-01
    1.51825428e-01 -6.34031892e-02 -7.16246605e-01 1.37757719e-01
    -2.24164069e-01 -3.64708275e-01 -2.00082064e-02 -2.24750340e-01
    -6.12837195e-01 -1.95894837e-02 -4.88305271e-01 3.80426049e-02
    -1.29765391e-01 -5.30331373e-01 1.89639032e-01 -2.26154447e-01
    -3.38029921e-01 -6.17606640e-01 -2.67229617e-01 -6.29836798e-01
    -2.39170134e-01 -7.91583061e-02 -6.45992398e-01 -3.71386141e-01
    7.85887837e-02 -7.30378747e-01 -2.73655415e-01 -1.03723824e-01
    -7.11617351e-01 -1.75741374e-01 -2.38233030e-01 -6.86432779e-01
    1.42081797e-01 -4.89389479e-01 1.34067237e-01 -4.49098647e-01
    -3.98862660e-01 -2.38558531e-01 -6.61988497e-01 1.63503230e-01
    -6.95386648e-01 -1.31925464e-01 -3.74784201e-01 -5.72485387e-01
    -3.15943956e-01 -7.57686615e-01 -3.97408307e-01 -4.70362902e-02
    -4.43009198e-01 -2.97509611e-01 -7.33760715e-01 -7.27423549e-01
    -7.43249297e-01 -4.52047110e-01 -5.16260207e-01 6.26760721e-02
    -3.85486573e-01 -5.83597600e-01 -2.60131001e-01 -8.85860324e-02
    -4.03901756e-01 -4.32087600e-01 -7.96616197e-01 -6.77162051e-01
    -3.04671556e-01 -4.07070547e-01 -3.41411978e-01 -5.55865228e-01
    -3.61373127e-01 -1.65591538e-01 -7.31972456e-02 -1.78323925e-01
    -3.28742564e-01 -8.92689824e-02 -7.29556680e-01 -3.80415767e-01
    -8.45698118e-02 -1.62625611e-01 -7.58368373e-02 -1.58977032e-01
    -9.56820846e-02 -6.64924741e-01 -4.37719822e-01 -3.11121702e-01
    1.31490231e-02 -2.90775537e-01 -5.46735644e-01 7.28940964e-03
    -3.20947289e-01 -5.01990318e-01 -4.92144406e-01 -9.88489389e-03
    4.76595461e-02 1.33916259e-01 -3.35012853e-01 -6.15584493e-01
    -7.44171619e-01 -1.09618247e-01 -2.67123818e-01 7.63759613e-02
    9.93069410e-02 -6.14081681e-01 -9.52095985e-02 -2.75439620e-01
    -5.13411105e-01 -3.04921806e-01 -6.31432295e-01 -6.51724458e-01
    -5.60900211e-01 8.05937052e-02 -4.29516137e-01 -4.12531793e-01
    -1.90978885e-01 -3.50692034e-01 -5.98204732e-02 -6.28077149e-01
    3.90204191e-02 -1.73559785e-01 -9.57294703e-02 9.61999893e-02
    -6.56199694e-01 -2.20274806e-01 -6.42658234e-01 -4.97093856e-01
    -4.47542191e-01 1.80867910e-02 -2.82083511e-01 -3.29174519e-01
    -1.97929144e-03 -6.23809814e-01 -8.92134309e-01 -8.56709421e-01
    -5.83127141e-02 -8.59389663e-01 -2.91957676e-01 -4.26615387e-01
    -6.98027611e-01 -2.08637357e-01 -7.73076415e-02 -2.24635839e-01
    -5.06676197e-01 -6.10341609e-01 -4.09162581e-01 1.36368632e-01
    -4.59710240e-01 -1.20086133e-01 -2.85552651e-01 2.12719083e-01
    -7.35074043e-01 -2.78425276e-01 -4.99609828e-01 -1.99776113e-01
    1.04455709e-01 -5.17553926e-01 -7.88750172e-01 -1.72488928e-01
    -4.37916934e-01 -6.31683528e-01 -7.90337265e-01 -6.70251250e-01
    8.10566545e-02 1.28912091e-01 -4.20315683e-01 -5.90096116e-01
    -1.34287477e-02 -2.68460989e-01 -5.41278481e-01 8.62308145e-02
    -3.78943324e-01 -6.77297235e-01 -7.75051117e-01 -1.27636373e-01
    -1.61049962e-01 -4.18937624e-01 -3.09305608e-01 -1.47425950e-01
    -5.22910714e-01 -5.56975484e-01 -7.30380833e-01 -7.06691742e-02
    -1.01416469e-01 -2.27722883e-01 -7.06013322e-01 1.38210237e-01
    -1.76230192e-01 -4.22212780e-01 -6.96297586e-01 -5.17805278e-01
    -8.33487511e-02 -2.35128105e-01 -6.72720313e-01 -1.93392396e-01
    -6.31907463e-01 -1.38290763e-01 -7.72971511e-02 -2.57094085e-01
    -5.34129918e-01 7.32327104e-02 5.62326908e-02 -7.69139767e-01
    -1.24486327e-01 -3.06475550e-01 -1.29429162e-01 1.59572303e-01
    -1.64209843e-01 -3.92768025e-01 -3.57977122e-01 -6.13653421e-01
    -6.64948821e-01 -7.82324672e-01 3.00765038e-03 -8.28304172e-01
    -1.60021365e-01 -1.08326674e-02 -2.68119931e-01 7.03588128e-02
    -7.62043595e-01 -5.19090295e-01 -2.52558947e-01 -7.77554631e-01
    -5.25422394e-01 1.48183107e-02 -1.11524761e-01 5.89742661e-02
    -5.29253483e-02 2.13369131e-02 -1.73026502e-01 -3.54347169e-01
    -5.81297159e-01 -5.77524662e-01 -3.19169164e-02 -4.24510181e-01
    -6.34590864e-01 -1.55256152e-01 -3.53384554e-01 -2.52017498e-01
    -2.10674345e-01 -1.36063755e-01 -7.34504461e-01 -4.82221633e-01
    -3.49253416e-02 1.09141052e-01 -2.72692621e-01 -4.05698419e-01
    1.36969090e-02 -2.17612565e-01 -1.88673735e-02 -2.98397183e-01
    -7.66696632e-01 9.59544778e-02 1.36173308e-01 -4.36787069e-01
    -4.18588370e-01 -3.76207829e-02 -1.76501393e-01 -5.05869567e-01
    -1.73151255e-01 -6.61943793e-01 -6.91776276e-01 8.69786143e-02
    -1.75340533e-01 -3.73046935e-01 -3.52164507e-02 1.66027486e-01
    -7.17254639e-01 -3.86293650e-01 -6.45060718e-01 -4.11653847e-01
    -4.34747934e-01 7.42515922e-02 -3.91028434e-01 -4.39233363e-01
    -7.71464705e-01 -7.15355873e-01 3.97611856e-02 5.64652681e-02
    -6.04456067e-01 -3.93829882e-01 1.00328028e-01 2.57320404e-02
    -9.50457454e-02 -7.69105196e-01 -7.86908388e-01 -7.34623671e-02
    -1.23089254e-01 -4.06958669e-01 -4.64351714e-01 -4.58860815e-01
    -5.76050878e-01 -2.06181407e-02 8.22536349e-02 7.91618824e-02
    -6.97649956e-01 -2.93075800e-01 -6.92506433e-01 1.23046994e-01
    -6.88399315e-01 -5.84130883e-02 -4.21551377e-01 -8.57543349e-02
    1.32262707e-02 -3.52759659e-01 -6.45461917e-01 -1.61476374e-01
    -4.65311825e-01 -6.39541864e-01 -3.12782019e-01 -3.98616076e-01
    -7.79100657e-01 -3.02500665e-01 -4.72286940e-01 -4.82084394e-01
    -2.65303850e-02 -8.23571146e-01 -1.48886621e-01 -5.71321845e-02
    5.89712858e-02 -7.73837447e-01 -2.13466287e-02 5.41508198e-03
    -3.43908668e-01 -5.84759355e-01 -3.69708866e-01 -6.12141669e-01
    -8.26369166e-01 9.65684652e-03 -2.36001015e-02 -2.03528643e-01
    -4.75126833e-01 5.14674783e-02 -3.86456788e-01 -3.21401298e-01
    -2.59076595e-01 -8.17229748e-02 -4.78441119e-02 5.41093349e-02
    -2.50813603e-01 2.02091336e-02 -3.08208466e-01 8.77114534e-02
    -6.76025987e-01 -3.86315852e-01 -6.39743209e-02 -1.26042962e-02
    -6.26784205e-01 -5.74108124e-01 -2.54745066e-01 -1.90195292e-01
    -2.48847991e-01 1.73346996e-01 -2.20612615e-01 -1.55886412e-01
    -3.05255204e-01 -5.11814713e-01 1.78231001e-01 -6.24472558e-01
    3.02354693e-02 -2.94182360e-01 -6.52334690e-01 -6.04722977e-01
    -4.47473645e-01 -3.55839074e-01 -3.27718735e-01 7.98752904e-02
    -4.53422070e-01 -2.58187532e-01 2.07518935e-02 7.72774220e-03
    -1.79911017e-01 -2.01300681e-01 -5.78523934e-01 -5.72939396e-01
    -6.39118910e-01 -5.00495195e-01 -1.71149015e-01 -5.54176748e-01
    -3.73843014e-01 2.15642095e-01 -7.26929784e-01 3.34395170e-02
    -4.15722013e-01 -2.35256255e-01 -2.08672881e-02 4.96808290e-02
    2.60477066e-02 -2.03809917e-01 1.13237381e-01 -4.15376455e-01
    -3.28597426e-02 1.28389478e-01 -2.77497768e-02 -3.12764049e-02
    -4.90151048e-02 -5.94820976e-02 -6.05881155e-01 -5.36244214e-01
    -4.04855281e-01 -4.00537252e-03 -5.90616345e-01 -3.23742628e-02
    -4.53343213e-01 -2.63512135e-01 -3.91778708e-01 -5.76510668e-01
    -1.64707124e-01 -2.15532303e-01 1.01535499e-01 -2.14312673e-01
    1.59830928e-01 -3.67598742e-01 8.41720104e-02 3.51594090e-02
    -3.59226346e-01 -1.75497770e-01 -5.14894009e-01 9.06787515e-02
    1.70107484e-01 -5.77188849e-01 -6.39242530e-01 -1.90914869e-01
    -2.89855003e-01 7.66561031e-02 -6.75752997e-01 -1.11979365e-01
    -4.93241966e-01 -5.21069884e-01 9.68915820e-02 -3.43721241e-01
    -3.60403180e-01 -5.97828627e-02 -4.44158554e-01 4.27111387e-02
    -1.93104565e-01 -4.70210373e-01 -2.16500163e-02 -7.14496970e-02
    -3.02811682e-01 -2.22354949e-01 -1.57830715e-02 -7.01077223e-01
    -6.90132856e-01 -2.62909174e-01 -4.74331558e-01 -4.63274062e-01
    -1.52535141e-01 -3.73450339e-01 -1.51371181e-01 -3.05911303e-01
    -5.07638693e-01 6.11342788e-02 -5.69002032e-01 -5.62913656e-01
    -3.43381733e-01 1.58979893e-01 -1.69502497e-01 8.26981068e-02
    6.12340569e-02 -6.18527293e-01 -2.33198166e-01 1.21108472e-01
    -4.45618063e-01 -6.32947445e-01 8.91639590e-02 -4.14727032e-01
    -3.93088967e-01 -1.85977757e-01 1.25764370e-01 -6.28018975e-02
    4.94782329e-02 -5.76535702e-01 8.31613541e-02 1.62162662e-01
    -4.58220065e-01 1.21582389e-01 -5.23211479e-01 -2.15375066e-01
    -5.93529880e-01 1.14245236e-01 -2.85653353e-01 -5.84272981e-01
    -4.76071417e-01 1.25208616e-01 -7.17234015e-02 -9.45746899e-03
    -4.23461705e-01 -1.69732749e-01 8.12694430e-02 2.58764684e-01
    -5.06046295e-01 -1.14887774e-01 6.50339723e-02 -2.07213700e-01
    -6.20908678e-01 -4.96385157e-01 -6.29727840e-01 -4.65927422e-01
    -6.78142786e-01 -1.41311765e-01 -8.51597905e-01 1.99240446e-02
    -4.14122283e-01 9.44706202e-02 -7.47249007e-01 -5.98466039e-01
    -5.02784252e-01 -4.85527515e-02 -2.92124152e-02 -4.43290472e-02
    -6.14406407e-01 -4.18978095e-01 -6.41990423e-01 -4.16780651e-01
    -3.94774199e-01 -4.27355230e-01 -7.10359812e-01 -3.92519236e-01
    -1.38360202e-01 -3.66592348e-01 -5.81191182e-01 -7.46111274e-01
    -4.60660458e-03 -1.70771837e-01 -3.62230211e-01 -1.21423841e-01
    -3.19956839e-01 -5.48969984e-01 -5.33393621e-01 -1.28405452e-01
    -2.02781737e-01 1.45267487e-01 3.33356857e-02 6.21498823e-02
    -2.08700359e-01 -1.54288232e-01 -5.61861992e-02 -7.47435212e-01
    -2.89590418e-01 -4.45319831e-01 -7.40806341e-01 -2.26954401e-01
    5.01403213e-02 -7.35198259e-02 -3.22513521e-01 -6.83096051e-02
    -3.35216612e-01 -7.37732768e-01 -2.37126470e-01 -3.12631011e-01
    -1.90904915e-01 -6.75657868e-01 -4.40925777e-01 -1.55368567e-01
    -5.98523617e-02 -5.27615309e-01 -5.93664408e-01 4.18221951e-03
    -5.37485600e-01 -6.73060000e-01 -2.96584368e-02 -8.15992713e-01
    -8.52048397e-02 -3.33167493e-01 -4.33500618e-01 1.05440080e-01
    -7.67417431e-01 -2.74793625e-01 -3.55513096e-02 3.60874534e-02
    -4.20154870e-01 -8.83714557e-02 -4.16606247e-01 -7.10537672e-01
    -2.07767785e-01 -2.70351827e-01 6.97418451e-02 -3.09602916e-01
    6.21299744e-02 2.91662812e-02 -3.33096862e-01 -3.79826963e-01
    -6.75799847e-01 7.42936730e-02 -4.31602031e-01 -8.95392835e-01
    -4.36815143e-01 -8.93066525e-02 -4.74631220e-01 -3.31800044e-01
    -3.49620342e-01 -3.92109305e-01 -1.66872919e-01 -7.87919402e-01
    -7.27809668e-02 -7.86433339e-01 2.47290730e-02 1.35903418e-01
    -5.60244143e-01 -1.87973976e-01 -4.67136741e-01 -3.28492075e-01
    -4.27374542e-01 -9.25272703e-03 3.99730444e-01 1.71436965e-02
    3.09925079e-01 -4.19344246e-01 -5.54556966e-01 -4.36725259e-01
    2.64120579e-01 -6.46702111e-01 -4.51880395e-01 -1.11866891e-01
    -6.79880500e-01 1.65242553e-02 -4.31455255e-01 -4.40461040e-01
    -1.84801042e-01 -4.76027727e-02 -5.74075937e-01 5.96098900e-02
    -2.19201744e-01 -6.43095195e-01 -5.48067570e-01 7.60443807e-02
    -8.92871976e-01 -1.79109573e-01 9.11293030e-02 1.32613957e-01
    -1.66518092e-01 9.28695202e-02 -6.91996217e-01 -1.28074586e-01
    5.42342663e-03 -1.46185219e-01 -5.14399469e-01 -4.80486333e-01
    -1.31393135e-01 -2.81769514e-01 -8.70598674e-01 -6.75795197e-01
    -7.54017770e-01 -7.61638522e-01 -4.08282846e-01 -8.12094271e-01
    1.40363276e-01 -5.29970527e-02 -6.22447014e-01 -8.33911657e-01
    -6.33332253e-01 -7.87282705e-01 -2.73551166e-01 -3.95540386e-01
    -1.25242174e-01 -1.21898115e-01 -6.40115559e-01 -3.96116018e-01
    1.84649348e-01 5.49761057e-02 -4.24531132e-01 -5.78473210e-02
    -7.54415393e-01 -2.59934068e-02 -8.16950440e-01 -4.19861078e-02
    -2.41433322e-01 -3.58479500e-01 1.74806714e-02 -2.66216636e-01
    -1.76382065e-02 9.66376066e-03 1.20946527e-01 -5.80933332e-01
    -4.05510783e-01 -6.39754772e-01 -6.83829188e-01 -3.00143957e-02
    -4.86085624e-01 -3.78139615e-02 -4.35627937e-01 -4.76037085e-01
    -2.30272055e-01 -2.96084493e-01 -1.60975099e-01 5.50556779e-02
    -1.46404028e-01 -7.05640793e-01 -5.93542874e-01 -3.19716781e-01
    -5.19899487e-01 -2.63270795e-01 -3.83823186e-01 -2.74751425e-01
    -6.99039698e-01 -6.24311566e-02 8.81069899e-02 3.01006436e-02
    -5.84681869e-01 -5.27853787e-01 -5.97201467e-01 1.22513771e-01
    -2.62378454e-02 -6.97045088e-01 -5.56544662e-01 -5.01487017e-01
    1.62899196e-01 -3.24703157e-01 -6.25920475e-01 -5.72545826e-01
    -1.17477894e-01 -1.79409981e-01 -1.98351026e-01 -1.27654374e-01
    -3.42608362e-01 -3.60842228e-01 -5.71088493e-01 -1.73120797e-01
    1.11216128e-01 -7.54844308e-01 -5.82474113e-01 -2.01478958e-01
    -1.83677614e-01 4.47580814e-02 1.57370090e-01 -5.07852912e-01
    -7.67718196e-01 8.43535066e-02 -3.83704215e-01 -6.87134862e-01
    -6.10332131e-01 -2.66494215e-01 2.81465650e-02 -2.79667854e-01
    -4.13277775e-01 -4.44863081e-01 -5.70925713e-01 3.18489671e-02
    -5.60137391e-01 8.53724480e-02 7.17608333e-02 5.94900250e-02
    -6.41779363e-01 -2.89346248e-01 -1.66543067e-01 -4.53340679e-01
    -4.61731672e-01 -6.74365282e-01 1.99855983e-01 -5.50463498e-01
    -2.50388175e-01 -5.03370821e-01 -6.32176042e-01 -1.94873035e-01
    1.89629972e-01 -3.55402708e-01 -1.52385175e-01 -4.48916495e-01
    -4.40706551e-01 -5.44686913e-02 -4.83544290e-01 -6.30832553e-01
    -7.84514368e-01 6.54258728e-02 -6.28852785e-01 2.20924020e-02
    -4.59510982e-01 -7.03938603e-01 -1.97231233e-01 -3.38543594e-01
    2.80678868e-02 -5.12039542e-01 -9.08301473e-02 -7.05863237e-02
    5.78604341e-02 -7.62914300e-01 -6.69410825e-01 -5.81105947e-01
    -7.30079651e-01 -2.07493484e-01 -2.87518501e-02 1.48694932e-01
    -5.02345443e-01 -5.50500214e-01 -6.18860722e-01 -4.18518364e-01
    -6.05010271e-01 3.17045450e-02 8.04162621e-02 1.55239105e-02
    -6.84307814e-01 -3.35438907e-01 -3.45220447e-01 4.92431521e-02
    -4.77427393e-01 -5.36657751e-01 -1.75717354e-01 -5.45515001e-01
    -1.99357569e-01 2.65371799e-03 -7.04730570e-01 5.37627339e-02
    -2.48935819e-01 -7.31602669e-01 -4.15319741e-01 2.31420815e-01
    -5.45011044e-01 -1.44348085e-01 1.66258216e-01 -4.70832825e-01
    -2.62233615e-02 4.94301319e-02 2.03258991e-02 -5.64530790e-01
    -2.19747424e-02 -9.52457786e-02 -8.01364064e-01 8.64695907e-02
    -3.84045839e-02 -2.20988750e-01 1.20049477e-01 -5.57329774e-01
    7.20766187e-02 8.08467269e-02 -4.71909642e-02 -2.90715396e-01
    -5.22975802e-01 -5.21707058e-01 -1.88338578e-01 -2.92554438e-01
    -5.67954540e-01 -2.83216059e-01 -2.72266567e-01 -4.72152233e-02
    -2.89573252e-01 -6.80041313e-03 -3.31689477e-01 -8.00188780e-02
    -3.39239717e-01 -1.89272761e-02 -8.58485699e-01 -7.18053639e-01
    -8.80385637e-02 -1.54893577e-01 -1.39165878e-01 -8.50802124e-01
    -4.80639935e-01 -6.25142038e-01 -7.27171421e-01 -6.60048425e-01
    -4.80689406e-02 -2.83442438e-01 -5.00035644e-01 1.71433330e-01
    -7.22054005e-01 5.21358848e-02 -2.55686820e-01 -7.11941957e-01
    -4.76216495e-01 1.71396434e-01 -1.34816021e-01 -2.79596657e-01
    2.21732497e-01 -2.50922710e-01 -4.77518588e-01 -6.67135239e-01
    -3.92044723e-01 -3.47683042e-01 -5.82710207e-01 -9.47222710e-02
    -7.25797892e-01 -4.74739075e-01 3.64887714e-03 1.24836564e-01
    -5.54815292e-01 -8.45383406e-02 1.01859391e-01 -7.76371956e-01
    -2.51202226e-01 -2.53770351e-01 -2.35948861e-01 -2.63979375e-01
    -3.06635916e-01 -1.58320785e-01 -7.20138133e-01 -7.52703667e-01
    -6.78618193e-01 -8.30535889e-02 -6.01266086e-01 -7.06870139e-01
    -6.67457819e-01 -1.63890779e-01 -1.78273320e-01 -4.02280778e-01
    -4.27637875e-01 -5.19065619e-01 -2.99645185e-01 -2.73607969e-01
    -1.25482440e-01 -7.52805352e-01 -7.89383650e-02 -4.13435340e-01
    -4.01752651e-01 -6.85539663e-01 -3.29697311e-01 -3.50150853e-01
    -9.77849364e-02 -3.55371833e-02 -1.82523370e-01 -1.48260593e-02
    -2.48211086e-01 -2.28430986e-01 -7.10653901e-01 -3.61121804e-01
    -5.35941064e-01 -3.68126512e-01 1.01558149e-01 -5.35862565e-01
    1.56366706e-01 -1.93712354e-01 -1.14683867e-01 -2.52626240e-01
    -8.04124236e-01 -3.82395416e-01 5.80099821e-02 -3.32216084e-01
    -5.88804901e-01 -1.63782179e-01 -1.90675020e-01 -7.75915980e-01
    -3.92611623e-02 -5.33308327e-01 9.33721662e-02 1.90037549e-01
    -4.86942112e-01 -3.52448344e-01 -6.28310502e-01 -1.54517710e-01
    1.34088635e-01 -4.29532230e-01 3.40350866e-02 -8.62946510e-02
    -8.14607620e-01 -2.66210377e-01 -5.07462025e-03 -4.95345354e-01
    1.84698701e-01 -7.03154802e-02 -7.07198083e-01 -1.03957355e-01
    -3.88820469e-01 -4.72915113e-01 -5.48719406e-01 -6.29018545e-02
    1.40865207e-01 -5.31931579e-01 -7.40534663e-02 -5.57173371e-01
    -3.95205915e-01 2.57147014e-01 -1.98113143e-01 -4.72635359e-01
    -6.90956950e-01 -6.28456652e-01 1.34624422e-01 -9.27959085e-02
    -4.83541727e-01 -7.63016224e-01 -2.40368664e-01 -2.76989758e-01
    -6.23627603e-01 2.01688409e-02 -7.59522676e-01 -2.18978643e-01
    -4.16870117e-02 -6.04862571e-02 -6.75233185e-01 8.08521509e-02
    -1.82366312e-01 -1.69489682e-01 1.01900756e-01 -6.89254105e-01
    -5.90937853e-01 1.62632704e-01 -5.13007402e-01 -7.33178973e-01
    -4.31322634e-01 -1.89539552e-01 1.36075616e-02 -5.76079011e-01
    2.74888277e-02 1.14829719e-01 -2.80205965e-01 -4.17717338e-01
    -5.73585927e-01 -7.00150013e-01 -4.86528277e-01 -3.45585793e-01
    1.79407418e-01 -3.62866133e-01 -1.35305285e-01 -6.31322980e-01
    -6.87945485e-01 -7.80707598e-03 -6.95891976e-01 -4.03445661e-01
    2.45905757e-01 -5.88956833e-01 2.47558653e-01 -3.49790424e-01
    5.72043657e-02 -3.58037204e-01 -2.73110032e-01 -2.35486746e-01
    -6.26176000e-01 1.26287103e-01 -3.84455711e-01 -5.43518960e-01
    1.14645123e-01 1.56938314e-01 -1.82202578e-01 -4.97495711e-01
    2.04150975e-01 -4.83798385e-01 2.79009700e-01 -3.84830415e-01
    -7.46745348e-01 -6.02113605e-02 -1.05170012e-02 -3.03793192e-01
    -5.48066914e-01 -1.41485572e-01 -1.58670545e-02 1.96809769e-02
    -6.82583332e-01 -3.66658151e-01 -4.02367383e-01 -7.17616081e-02
    4.77262735e-02 2.01090038e-01 -6.63832426e-01 -4.85224873e-01
    -2.82086045e-01 -3.26482981e-01 -1.69610858e-01 6.95588589e-02
    -8.53252053e-01 -2.02447832e-01 -2.47292578e-01 -5.96508980e-02
    4.33682799e-02 -1.98148966e-01 8.35000873e-02 -4.15147364e-01
    3.96468043e-02 1.33457780e-02 -3.67733330e-01 -5.48738778e-01
    -2.79142439e-01 -3.33855152e-01 -4.22021568e-01 -5.97775221e-01
    -3.94242585e-01 -5.10327578e-01 -5.31056881e-01 1.03747249e-01
    -1.00613356e-01 -5.98519862e-01 -2.01520920e-02 -2.61899590e-01
    -2.62177050e-01 1.61913633e-02 -8.11945796e-01 -3.71868372e-01
    -3.73013616e-02 -8.04601610e-01 1.03091538e-01 -1.86467052e-01
    8.39808583e-02 -4.80743408e-01 -3.14536512e-01 -4.46893275e-01
    8.55369568e-02 -5.80687404e-01 -2.18645334e-01 -7.29818344e-02
    -4.99000251e-01 -8.02085400e-01 -3.48131925e-01 -5.76578975e-02
    -2.18135536e-01 -1.83572769e-01 -3.96585703e-01 -6.78879023e-03
    -5.12344182e-01 -3.95816624e-01 4.63348627e-02 -2.67140031e-01
    -3.76639664e-01 -8.06484103e-01 -1.92575157e-01 7.98819065e-02
    9.54236984e-02 -1.60565317e-01 -2.89174616e-01 -4.33806181e-02
    -1.28615320e-01 -3.46991837e-01 -2.62203634e-01 -6.77355647e-01
    -6.76071465e-01 1.73900664e-01 1.28318965e-01 1.13437772e-02
    -4.49147522e-01 8.02930593e-02 -3.70477498e-01 -1.60498708e-01
    -1.93591356e-01 2.79838145e-01 -5.98921418e-01 3.74509692e-02
    1.91012621e-01 -4.43797052e-01 -5.33257306e-01 -8.81969929e-02
    -1.15839243e-01 -6.04523420e-02 -6.36408925e-02 -5.77652633e-01
    -4.99849439e-01 -2.70514905e-01 -7.69691288e-01 -1.54157400e-01
    -3.35201502e-01 -6.34002209e-01 -4.01256680e-01 -4.15845424e-01
    -4.99457598e-01 -9.50870514e-02 5.51091433e-02 7.39293694e-02
    -5.42937160e-01 -5.52065730e-01 1.76528215e-01 -6.35180831e-01
    -4.24461275e-01 -3.46589774e-01 9.50800776e-02 -5.48662663e-01
    9.87501144e-02 -2.74081051e-01 -2.56966531e-01 -4.92955089e-01
    3.43048573e-03 -4.28044498e-01 1.99254155e-02 -1.94432735e-02
    -6.56658411e-02 -5.31247079e-01 -6.80449605e-01 -4.64818001e-01
    -3.25423479e-01 -5.75055599e-01 -1.81375027e-01 -2.81912923e-01
    -3.56391639e-01 -7.39930511e-01 -1.77876711e-01 -6.92933798e-01
    -1.84154212e-01 -7.95677781e-01 -1.80805922e-02 -2.72221923e-01
    -2.57547021e-01 -7.58062243e-01 -4.53325182e-01 -7.92514682e-01
    5.96276522e-02 -4.91998762e-01 -4.90492225e-01 -1.54186130e-01
    -7.80931234e-01 -6.52183294e-01 -1.16288841e-01 -6.95936263e-01
    -6.03246570e-01 1.34946644e-01 -6.86673760e-01 -4.88542318e-01
    -3.47993463e-01 -4.81484771e-01 2.18857467e-01 -6.37031913e-01
    -5.92344403e-01 -4.42519486e-01 -6.14987373e-01 -5.68673134e-01
    -1.00140810e-01 -5.50332665e-02 -3.26629281e-01 1.61704719e-01
    -3.94955993e-01 -5.85844159e-01 -3.17317218e-01 -6.03349209e-01
    -3.97987634e-01 -2.39213109e-01 -7.13150263e-01 -4.10120428e-01
    -7.19372630e-01 -3.78046364e-01 5.28654456e-02 7.18029141e-02
    -5.82414627e-01 -5.22383213e-01 -1.01786256e-01 -1.75502539e-01
    6.69832826e-02 -5.03458738e-01 1.85944140e-01 -3.59488070e-01
    -2.62241542e-01 -3.63180131e-01 -1.78497612e-01 -6.93753123e-01
    -2.07455516e-01 -5.75260162e-01 -2.45972693e-01 -5.94579220e-01
    -5.37553549e-01 3.82518768e-03 -1.59460545e-01 -2.32247829e-01
    -8.30929041e-01 -7.51803875e-01 -3.97678316e-01 -3.13938051e-01
    -4.64486122e-01 -3.62567663e-01 -4.07141477e-01 1.02531433e-01
    -6.73375130e-01 -5.33076644e-01 2.79754400e-02 -3.55544627e-01
    -4.95995939e-01 1.43201351e-02 2.09304094e-01 -5.51733136e-01
    -4.05540347e-01 -6.04936004e-01 -3.24349642e-01 -3.06290507e-01
    -3.33491445e-01 -6.23306274e-01 -6.39616489e-01 -4.45734829e-01
    8.61731172e-02 -3.87696922e-01 2.04288363e-01 -6.70546830e-01
    3.73256207e-03 -7.00382650e-01 -1.75499141e-01 2.43650436e-01
    -6.16680384e-01 -5.20771801e-01 4.11787629e-02 -3.48801553e-01
    -2.49609411e-01 7.66825676e-03 3.11715007e-02 -2.46311903e-01
    -6.18269861e-01 -2.30821908e-01 -4.51064318e-01 -3.16775382e-01
    -5.12671769e-01 -2.63255239e-01 -2.86976874e-01 -9.44478512e-02
    -4.63069409e-01 -1.83627307e-01 -5.29025376e-01 -1.86607242e-01
    -2.26514041e-01 -1.44600093e-01 -1.70452595e-02 -5.27232885e-03
    -1.78657174e-01 -4.89804149e-02 -2.84278333e-01 -3.48553687e-01
    8.92761946e-02 -6.94686532e-01 -2.94809401e-01 -3.81480187e-01
    5.91275096e-02 5.53565621e-02 -4.48172718e-01 -8.27755928e-01
    -7.83511162e-01 -2.63146996e-01 -3.99198294e-01 -3.01819444e-01
    -6.71389401e-01 -5.98880947e-01 -2.16674149e-01 -6.84850335e-01
    -4.50082749e-01 -4.19014096e-02 2.69125700e-02 -3.60831887e-01
    -6.70614064e-01 -2.44531035e-01 -2.93742895e-01 -1.99258447e-01
    6.33473992e-02 -5.96775651e-01 -4.70876515e-01 -5.82398057e-01
    -7.70778596e-01 -3.22026908e-01 -5.85308373e-01 -5.36204040e-01
    -8.28316569e-01 -1.03414059e-02 -5.27440310e-01 -1.14252865e-01
    -1.46341026e-01 -5.33228517e-01 -6.64687395e-01 -3.42293233e-01
    -1.92595303e-01 2.03700662e-02 -5.35892129e-01 -4.73625064e-02
    -1.03230596e-01 -3.69507968e-01 1.29647851e-01 -4.09166962e-01
    -5.88832259e-01 1.22203171e-01 -7.14158654e-01 -5.53925514e-01
    -1.40983939e-01 1.23808563e-01 -6.59938872e-01 -1.52091324e-01
    -3.80863786e-01 1.57186985e-02 -4.18651998e-01 -3.53211284e-01
    -1.22268200e-01 -3.24535668e-01 -1.95242941e-01 -6.49209321e-01
    -2.86196113e-01 5.71697354e-02 -4.42403883e-01 -4.21482325e-02
    -5.82599103e-01 3.03022861e-02 -2.26904452e-01 -5.56384921e-01
    -2.74348706e-01 -5.38638949e-01 -6.13365054e-01 -1.69276416e-01
    -4.34502602e-01 -6.96659088e-03 2.59125471e-01 3.49017084e-01
    1.38238907e-01 -3.82131934e-02 8.37723613e-02 3.61946821e-02
    5.15813828e-02 -4.93651628e-02 -3.82557184e-01 -8.07253778e-01
    -5.14991641e-01 -2.72240043e-02 -5.62411010e-01 -1.98665023e-01
    -8.42500329e-01 -3.81100237e-01 -9.09513235e-02 1.54586434e-01
    -3.54876518e-01 -2.89873481e-01 -5.20284355e-01 -1.13081336e-01
    -3.80019784e-01 -2.83875465e-02 -7.62543619e-01 -4.53907967e-01
    1.53245032e-01 -7.18232989e-02 -6.26128793e-01 -2.78017491e-01
    1.68238163e-01 -5.02723277e-01 -3.98175716e-01 1.19670391e-01
    -3.84388715e-01 -5.31521618e-01 3.88193727e-02 -1.87725186e-01
    -2.76756585e-01 -8.48782301e-01 3.54712605e-02 -7.59574175e-01
    -4.72787142e-01 -4.20959800e-01 -9.33700204e-02 -3.47750187e-01
    -6.62834644e-02 -1.52892411e-01 -4.93572354e-02 -8.13848972e-02
    -2.30305791e-02 -9.69617963e-02 -2.17701197e-02 -3.12264562e-02
    -5.93331695e-01 -5.48412919e-01 8.20782185e-02 -3.81154150e-01
    -9.07638669e-02 -3.18726033e-01 -2.53582716e-01 -1.45462155e-02
    -7.47277141e-01 -8.13551426e-01 -6.54557109e-01 -5.64113259e-01
    -2.67155290e-01 8.43109488e-02 -3.57963681e-01 -6.97419643e-02
    -1.97213888e-02 1.41983032e-02 -5.08420944e-01 -5.49851179e-01
    3.93803120e-02 -3.54799718e-01 -4.24551040e-01 -3.27317953e-01
    -9.43294764e-02 2.08057165e-02 -5.72377801e-01 3.63624096e-03
    -1.18009150e-01 -7.92542040e-01 -1.71090841e-01 -2.57852793e-01
    -5.56611180e-01 -5.90877056e-01 -4.83833879e-01 -4.03131664e-01
    1.38768435e-01 -2.52825618e-01 -3.54424030e-01 -6.53218627e-02
    6.55413270e-02 -1.71074808e-01 -2.54533529e-01 -5.26980639e-01
    -1.70371532e-02 -6.59586668e-01 -3.24555188e-01 -4.44399893e-01
    -2.05922663e-01 -5.48995614e-01 -4.74732399e-01 -5.84701896e-01
    2.75504589e-02 1.42246842e-01 -7.21950173e-01 -1.34066224e-01
    -5.14412045e-01 1.29136443e-01 -2.32508123e-01 -5.34437299e-01
    1.76176310e-01 -5.38743854e-01 -1.70672596e-01 -8.63494277e-02
    -2.75056124e-01 -4.97539818e-01 -6.17414892e-01 -6.60388231e-01
    -2.31570005e-02 -5.19767523e-01 -3.54784131e-02 4.72793579e-02
    -3.85229826e-01 -9.51540470e-03 -2.06757188e-01 -3.29843879e-01
    -6.68787718e-01 -6.19876981e-01 -1.31629705e-01 -6.42611086e-01
    -6.44896626e-02 -2.82180011e-01 -1.60731316e-01 -4.17455763e-01
    -3.51755530e-01 -2.73425847e-01 -1.57602072e-01 -9.82627869e-02
    -1.37111962e-01 -4.93909121e-01 1.04279697e-01 -3.83359939e-01
    -6.68981552e-01 -5.87176323e-01 -6.68250501e-01 1.58536434e-03
    -3.40895474e-01 -3.10732931e-01 1.38121843e-03 -6.62270665e-01
    -7.37826824e-02 -5.15910208e-01 -2.98860312e-01 -4.75941807e-01
    -3.45703304e-01 -3.55575234e-01 -1.99585319e-01 5.84530830e-03
    -5.47964752e-01 4.66336012e-02 -1.55742288e-01 -4.18611854e-01
    -7.26788998e-01 -2.11211562e-01 6.77080750e-02 -5.45798421e-01
    -3.97988558e-02 -4.78442430e-01 -4.95578408e-01 -2.85401940e-02
    -2.47502148e-01 8.38724375e-02 -1.95199311e-01 -2.77520329e-01
    -6.10254645e-01 6.41129017e-02 -3.13071191e-01 -2.55365908e-01
    -4.99829322e-01 -7.20911622e-01 -5.76553941e-01 1.34029508e-01
    -6.99880362e-01 -2.50565469e-01 1.78521872e-03 -1.68599904e-01
    -5.16950488e-02 -4.62378085e-01 -7.77326047e-01 -1.54696703e-01
    -6.83519602e-01 -2.21503079e-01 -7.47507691e-01 -4.57234055e-01
    1.15229785e-01 -4.48300242e-01 -1.57265663e-02 1.24679267e-01
    -5.50216675e-01 -6.90778613e-01 -2.30546057e-01 -5.91195822e-02
    1.50984526e-02 -5.56086659e-01 -5.11410654e-01 -3.49594414e-01
    7.25225806e-02 -1.57237053e-02 1.02820396e-02 -3.55064124e-01
    -3.79304528e-01 -4.85982716e-01 -4.83943969e-01 1.82457745e-01
    -4.95510131e-01 -7.61335075e-01 -7.93161869e-01 -2.27304578e-01
    -2.69026518e-01 -5.80821753e-01 7.15452433e-02 -5.71677983e-01
    -4.13261533e-01 -1.75064683e-01 -4.85059917e-01 -1.90721214e-01
    -3.45536381e-01 -6.42012835e-01 -6.27158761e-01 -7.29124546e-01
    -4.58938122e-01 -1.43283606e-03 2.96539664e-02 -4.38784122e-01
    -1.73837006e-01 -8.94806385e-01 -1.02006316e-01 -5.20787656e-01
    -2.97079146e-01 -5.43637872e-02 -1.86266720e-01 -4.71420288e-01
    -5.15090346e-01 -3.83548141e-01 -4.11975563e-01 -6.15269125e-01
    -5.92286110e-01 -1.48235559e-01 -1.00587547e-01 -2.55213082e-01
    -6.43073440e-01 6.81585073e-02 2.52171755e-01 -2.72596389e-01
    6.49142861e-02 -2.50732332e-01 -4.70820129e-01 -1.72053277e-01
    -2.37973928e-01 -6.18134499e-01 7.45217800e-02 -6.43446565e-01
    -6.98228002e-01 1.73534751e-02 -4.50432301e-03 -4.95991111e-01
    8.71125460e-02 9.82766747e-02 -7.68116355e-01 -3.93496960e-01
    -2.84570843e-01 1.00861847e-01 -1.20845973e-01 -2.79055953e-01
    2.02262402e-02 -2.83680409e-01 -2.33498216e-01 -4.19071853e-01
    -2.37833977e-01 -6.07867002e-01 -1.48385763e-02 -6.50821686e-01
    -4.86348450e-01 -4.87150848e-01 -1.18613541e-01 -6.98686838e-01
    -3.08700383e-01 -2.01505423e-02 -6.86341703e-01 -2.11139917e-01
    -1.18231833e-01 -7.32336998e-01 -1.47587895e-01 -3.31949234e-01
    1.14826500e-01 5.21414280e-02 -3.18117023e-01 1.92775726e-01
    -2.35920370e-01 -4.77395326e-01 -7.73222327e-01 -5.55438519e-01
    -2.21303403e-01 -5.73588252e-01 -5.58790684e-01 -1.53530717e-01
    -5.22102237e-01 1.43759310e-01 -7.77183294e-01 -3.53125095e-01
    7.22501874e-02 6.78927898e-02 -6.08402967e-01 -1.55268312e-02
    -1.98294461e-01 1.39075398e-01 1.07117712e-01 -5.88592649e-01
    -1.28295958e-01 -1.71595156e-01 -1.83710814e-01 -2.07737505e-01
    -3.94155204e-01 -5.33129692e-01 -3.30062509e-02 4.97083068e-02
    -1.38624191e-01 8.60560536e-02 -5.43609798e-01 -4.32437032e-01
    -1.50428295e-01 -1.71994984e-01 -3.98234844e-01 -4.54969943e-01
    -4.99454916e-01 -6.81951046e-02 -1.65407538e-01 -4.08803225e-01
    -6.38563991e-01 -4.39827532e-01 -8.98289084e-02 1.85063422e-01
    -5.46230316e-01 -2.91709065e-01 -3.20362210e-01 1.09754205e-01
    -4.08847123e-01 -5.73110700e-01 -4.00786251e-01 -2.70077288e-01
    1.13995433e-01 5.21413088e-02 -6.33961558e-02 -4.70464855e-01
    -6.56329751e-01 -7.28596687e-01 1.20521188e-02 -5.14262021e-01
    -3.91507775e-01 7.26938248e-03 -2.07236350e-01 1.71595931e-01
    -7.17740357e-01 -4.64932859e-01 -5.97145319e-01 -7.51836896e-02
    -5.86386561e-01 -5.03067076e-01 4.35460806e-02 -8.17174196e-01
    -6.72976375e-02 7.23671913e-03 1.85677707e-01 -4.75932956e-02
    -5.07215500e-01 -5.06879210e-01 2.18996108e-01 -2.68493146e-01
    -5.78626394e-02 -3.44503939e-01 -4.14294362e-01 -5.43292642e-01
    -2.67502666e-01 -8.93009305e-02 -6.75058126e-01 -9.29968953e-02
    -1.15873814e-01 9.81322527e-02 2.67262340e-01 -6.56960249e-01
    7.50525594e-02 2.01112032e-02 -4.48616385e-01 -1.53056800e-01
    -8.89410377e-02 -4.68857110e-01 -2.05096900e-01 1.94817960e-01
    -2.96039164e-01 -3.23122442e-01 2.87103117e-01 -2.45325565e-02
    -4.58400816e-01 -4.14630711e-01 -7.72130132e-01 -3.98309976e-01
    -7.69652367e-01 -1.59853101e-02 7.93011785e-02 -5.43316603e-01
    -3.47648442e-01 -5.97564936e-01 -6.11090541e-01 -3.66205096e-01
    -2.59640068e-01 -1.13024890e-01 -6.29516244e-01 -2.71849096e-01
    1.64669037e-01 -3.11984599e-01 4.48973775e-02 -1.56159401e-02
    -6.12366199e-01 -1.48733795e-01 -5.73046803e-01 -2.02625632e-01
    -3.29476774e-01 -4.94051635e-01 -6.12413287e-01 -2.85394043e-01
    4.09579873e-02 -5.49693704e-01 2.03970850e-01 -1.69935644e-01
    -1.79424405e-01 -6.05822206e-01 -2.33485520e-01 -1.43454075e-02
    1.66922808e-02 -3.08023751e-01 -7.16531277e-01 -5.59810996e-02
    -5.15610039e-01 -6.82804585e-01 -3.58813673e-01 2.48862505e-02
    -4.29635048e-02 -2.98074335e-01 -1.84603214e-01 -3.68764699e-01
    -5.06204605e-01 1.19845331e-01 -2.44659960e-01 -7.29229331e-01
    2.89635658e-02 -4.00687814e-01 2.19096720e-01 8.42851400e-03
    -2.23242521e-01 1.22357130e-01 -1.79789424e-01 -1.39147878e-01
    -3.27934742e-01 -2.85210013e-01 -4.78276938e-01 -5.36822021e-01
    -4.66094136e-01 -3.31138790e-01 -5.17672837e-01 -1.21923745e-01
    -2.26022422e-01 -6.80248141e-01 -5.03049672e-01 3.23386192e-02
    -2.29114592e-01 -3.00477803e-01 -5.48357725e-01 1.61694407e-01
    -1.74426556e-01 -4.43577588e-01 -1.33359075e-01 -7.05792308e-01
    -3.49763989e-01 -2.68665254e-01 1.24591410e-01 -5.05698323e-01
    -5.29161692e-02 -1.15449667e-01 -5.18177032e-01 -4.75851834e-01
    -4.40690964e-01 -2.76809931e-02 -4.51293766e-01 -5.81855059e-01
    -2.86941826e-01 -7.67129540e-01 -2.42842197e-01 1.97300851e-01
    -4.73667800e-01 -5.80748081e-01 -1.69253230e-01 -5.54953456e-01
    -3.69810015e-01 1.09115660e-01 8.40077400e-02 8.72051716e-02
    -7.64112294e-01 -3.13937873e-01 -5.57759166e-01 -1.53752267e-02
    -3.33826721e-01 -5.57784677e-01 -1.70931637e-01 -6.34033322e-01
    -2.76392460e-01 -5.92313111e-01 5.29948473e-02 -1.68908656e-01
    -1.35180056e-01 -8.38060498e-01 -5.97229660e-01 -2.51217961e-01
    -5.27491450e-01 -1.36841536e-01 -5.04169226e-01 -6.38146758e-01
    -3.85494411e-01 -6.39715731e-01 -8.81994367e-02 -5.20294547e-01
    -2.59568512e-01 -6.75327778e-01 -6.59510016e-01 -2.70955801e-01
    7.09359050e-02 -5.22472203e-01 1.72756553e-01 -1.84717417e-01
    -1.70104742e-01 1.85904086e-01 -2.34779477e-01 -6.67534232e-01
    -3.40204179e-01 8.18673372e-02 -6.65582657e-01 -5.09671032e-01
    -2.98975110e-02 -1.94622040e-01 -7.40572214e-01 -1.74617529e-01
    -1.46940053e-01 -5.06041765e-01 -5.39144397e-01 -6.69655561e-01
    -4.81019795e-01 -1.31660998e-01 -1.54132128e-01 -5.51248312e-01
    -2.68810332e-01 -6.30580127e-01 -1.10437989e-01 -7.65554667e-01
    1.59285367e-01 9.37974453e-02 -6.51441693e-01 -2.77686715e-02
    -7.39260554e-01 -4.21904266e-01 -6.42334342e-01 -1.06355250e-01
    1.27082169e-01 -6.12383962e-01 -3.50837946e-01 -1.61049306e-01
    1.02906823e-01 -4.50890601e-01 -6.26756787e-01 -1.72424138e-01
    -6.61460102e-01 1.93687677e-02 -7.22868443e-01 -7.49005079e-02
    -7.55957842e-01 1.02475286e-01 -5.06089747e-01 -3.52121502e-01
    -4.84500766e-01 -5.08669496e-01 -4.33760345e-01 1.58692896e-01
    4.63295579e-02 -4.06661630e-02 -3.03154975e-01 1.65007830e-01
    -3.54547709e-01 -3.58675301e-01 2.10412800e-01 -1.77242339e-01
    -1.81792378e-01 -1.07868195e-01 1.29979730e-01 -7.01097012e-01
    9.15052295e-02 2.28953362e-03 -6.44449890e-01 -3.11767548e-01
    -6.39060020e-01 -5.19376993e-01 -1.14797711e-01 -2.47023225e-01
    -3.88916463e-01 -5.93273640e-01 1.32466376e-01 9.08932090e-02
    -6.50588512e-01 -3.79354626e-01 -3.72250199e-01 -2.24039555e-02
    -3.72645885e-01 -3.16612661e-01 -1.85834587e-01 -6.97824955e-01
    1.45762086e-01 -6.76056385e-01 -1.46093667e-01 -3.04416656e-01
    -6.13860250e-01 -2.49774456e-02 -7.07683563e-01 -2.81607419e-01
    -4.60988015e-01 -5.92485547e-01 -6.74947798e-01 -1.10135496e-01
    1.66369677e-01 -3.63143474e-01 -1.80715084e-01 -2.53844261e-02
    5.80561161e-03 -3.93833637e-01 -4.95202661e-01 -3.01932961e-01
    -1.41569912e-01 -6.07265115e-01 -5.51563501e-01 -5.02000272e-01
    2.13688552e-01 -3.77920777e-01 -3.11786622e-01 -6.71427608e-01
    1.49529576e-01 -4.34994161e-01 1.17093325e-02 -1.54905915e-01
    -6.73913956e-01 -4.84362602e-01 -6.23041034e-01 -5.62772870e-01
    -4.63445842e-01 -5.46860218e-01 8.16334486e-02 -7.24868894e-01
    -2.45008767e-01 -3.38026285e-01 -3.01359653e-01 -3.42663437e-01
    -1.14816844e-01 -1.10027432e-01 -3.74009907e-01 -3.90870392e-01
    -5.43391943e-01 -4.31035995e-01 -4.83491987e-01 -4.99590576e-01
    1.01771951e-01 -5.57665408e-01 -7.30639696e-01 -2.01990545e-01
    -3.90297174e-03 -2.75613844e-01 -4.28377241e-01 -3.46147478e-01
    -5.59075475e-01 -6.97370648e-01 -4.87163663e-02 -2.89741457e-01
    -4.65127349e-01 -5.93579054e-01 1.66638374e-01 -5.66143453e-01
    -2.04098672e-01 -4.05467868e-01 6.09028935e-02 -5.27726233e-01
    -2.74315715e-01 -1.49586976e-01 -7.29081392e-01 -4.90242720e-01
    1.13268673e-01 8.33795667e-02 -1.06650114e-01 -3.33908886e-01
    -4.43364084e-01 -2.55979776e-01 1.64488494e-01 -6.82988405e-01
    -3.85857999e-01 1.36421919e-02 -6.36971593e-02 -6.61639214e-01
    -4.64788198e-01 -5.14244080e-01 -1.38723075e-01 -6.84572220e-01
    -7.17401862e-01 -3.18379641e-01 -6.36453032e-01 -1.49207652e-01
    -2.87810892e-01 1.61522508e-01 -1.82821393e-01 -8.70519876e-03
    -3.63981992e-01 -4.40970719e-01 -7.09494352e-01 1.09952509e-01
    -2.39611924e-01 -5.06579399e-01 -5.60668170e-01 -2.83796549e-01
    -1.05733514e-01 -2.39728689e-01 -5.38611889e-01 -4.84835118e-01
    -1.47735059e-01 -3.77700806e-01 -3.94294798e-01 -1.97014391e-01
    -6.65060759e-01 -1.88054204e-01 -7.59131372e-01 -3.50046217e-01
    -6.49760485e-01 -7.06948102e-01 -4.36960548e-01 1.40319467e-02
    -6.29332542e-01 -3.99724245e-02 -4.92355227e-02 -3.91954184e-02
    -4.70464766e-01 -1.80981100e-01 -7.51294255e-01 4.69711423e-02
    -3.50815326e-01 -9.85336900e-02 -3.30190450e-01 -1.20728910e-01
    -1.32946372e-01 -4.81397927e-01 -4.25250471e-01 -9.45239663e-02
    5.59091568e-05 -1.41915619e-01 -3.82398397e-01 -4.81976271e-02
    4.98010814e-02 2.43225932e-01 -6.85971975e-01 1.52090907e-01
    7.78401494e-02 3.05056572e-03 -8.53222013e-01 -1.65654540e-01
    -4.45247114e-01 -1.70330167e-01 2.14282870e-02 -1.81988657e-01
    8.32825899e-02 -9.93875861e-02 -4.46847975e-01 -2.31509387e-01
    1.49577856e-02 -2.07257092e-01 -6.75507009e-01 -5.30181766e-01
    -1.93057656e-01 -7.17162490e-02 -7.00580001e-01 -1.64107025e-01
    -4.73808110e-01 -3.19914550e-01 -3.75429392e-02 -2.56248593e-01
    -6.46668792e-01 -2.36352682e-02 2.04435706e-01 -3.74212861e-02
    -6.38631999e-01 -4.63163435e-01 1.10816121e-01 -2.45340645e-01
    -2.75464594e-01 -4.59062576e-01 -1.28079653e-02 -3.34179044e-01
    -1.76118255e-01 1.78117454e-01 -5.96495509e-01 -7.37069726e-01
    -6.95844889e-02 -4.30100441e-01 -7.35391915e-01 -3.48216712e-01
    -1.36693299e-01 6.90711141e-02 -1.04803383e-01 -6.68549299e-01
    -1.16070569e-01 -5.58753371e-01 -2.31868029e-02 2.35020995e-01
    -7.11973667e-01 -7.25982785e-01 -2.92219311e-01 -7.16376424e-01
    -5.64975262e-01 -5.36761761e-01 1.34872079e-01 -3.73868644e-01
    -2.36466527e-02 -4.33984578e-01 -7.19856322e-01 1.77948773e-01
    -8.95590186e-02 -5.64610660e-01 -3.82919103e-01 -2.48852074e-01
    3.54900956e-02 -2.41910338e-01 -1.70153797e-01 1.89388990e-02
    -7.69057274e-01 8.58522058e-02 -5.82048059e-01 -5.62833667e-01
    -2.38977790e-01 -2.01160014e-01 -7.36044049e-01 -3.95169854e-02
    -6.67712688e-01 -3.03137809e-01 -6.99802637e-01 -2.45526671e-01
    -1.40745759e-01 -1.35675550e-01 -6.35814130e-01 -6.80349350e-01
    -7.56718516e-02 -5.82851529e-01 -2.64214516e-01 -4.22398388e-01
    -6.50865853e-01 -8.05711150e-02 -8.53980184e-02 -3.03834200e-01
    -5.57264328e-01 -2.85761178e-01 -1.18074298e-01 -1.54956877e-01
    1.39722228e-01 -8.07016373e-01 -1.51612163e-01 -5.37842035e-01
    -6.07228279e-01 -4.56866741e-01 -4.11671638e-01 1.62563622e-01
    -6.61391139e-01 -7.52619207e-01 -3.01435769e-01 3.66098881e-02
    1.86012387e-02 1.41805291e-01 -3.24070305e-01 1.49417520e-02
    -6.62028193e-02 -4.63991761e-01 -3.60605478e-01 -3.84269238e-01
    1.78830564e-01 -7.69540668e-01 -9.70161557e-02 -3.88064772e-01
    9.47378278e-02 -5.24213791e-01 -4.49365139e-01 -2.78425246e-01
    -5.01647532e-01 -6.74036145e-01 -3.97216737e-01 -1.64476037e-01
    -2.70344079e-01 -4.12362546e-01 -4.06125635e-01 1.05824649e-01
    -3.11857462e-02 -5.59759855e-01 -4.88475561e-02 -8.84263515e-02
    -3.13689977e-01 -8.79466534e-02 -2.95136869e-01 -4.96064663e-01
    -6.24537706e-01 -1.06820583e-01 -2.48204589e-01 -1.86718524e-01
    4.19934392e-02 -5.91235876e-01 -4.16924357e-02 -3.39631021e-01
    1.35128081e-01 -3.90140206e-01 1.53551340e-01 1.00831985e-02
    -1.22186303e-01 -8.57082009e-02 -3.78313243e-01 -2.11216211e-01
    -4.11136866e-01 -4.48574394e-01 -1.12661004e-01 -6.65271759e-01
    -7.69395113e-01 -3.40154469e-01 -6.56293631e-01 1.49556160e-01
    -7.96068251e-01 -6.70804739e-01 -3.56561184e-01 -5.43863893e-01
    -3.41758609e-01 -5.71723104e-01 -3.05832505e-01 -2.50113845e-01
    2.80782640e-01 -5.01608312e-01 8.05020332e-03 -4.71380591e-01
    -1.55954361e-01 -2.29611754e-01 -3.33605826e-01 -9.90464687e-02
    -7.33791351e-01 -2.03545868e-01 -3.65211904e-01 -2.57840276e-01
    -3.25409353e-01 -4.29065585e-01 -5.80358028e-01 -1.76023483e-01
    -4.59961832e-01 -5.88349044e-01 -4.20214891e-01 -7.69620180e-01
    3.22949886e-02 1.11388564e-02 9.00896192e-02 -2.25171208e-01
    -2.63953596e-01 -3.65192831e-01 -4.90308642e-01 -3.80581349e-01
    1.64287567e-01 -4.25537020e-01 -5.12381196e-01 -3.95630002e-01
    -2.12792277e-01 1.11089051e-01 -2.10987508e-01 -7.85887837e-02
    -2.07280517e-01 -7.10988045e-01 6.82914257e-02 -2.00749040e-01
    -1.36520803e-01 1.93030357e-01 -1.55892670e-01 -7.01030135e-01
    -5.08029699e-01 -2.02038884e-02 2.21634209e-01 -4.57368493e-01
    1.33029521e-01 -2.94478416e-01 -4.95747507e-01 -2.32798994e-01
    9.94438529e-02 -7.14271545e-01 -6.28162026e-02 -5.29023647e-01
    -1.25340879e-01 -1.73994601e-01 8.05959105e-02 3.38851810e-02
    -6.93113446e-01 -3.16476822e-02 -7.19561756e-01 -8.01919460e-01
    7.90342689e-02 -4.89228010e-01 -7.60912955e-01 -5.27547717e-01
    -6.68166280e-01 -3.48410130e-01 -1.73813224e-01 -5.73515177e-01
    -5.46735764e-01 -2.54177898e-01 2.30118096e-01 -2.18153000e-01
    2.65365064e-01 -8.27106237e-02 8.70289207e-02 -4.35642093e-01
    1.02533638e-01 -2.45469391e-01 -8.39040637e-01 1.16252840e-01
    1.01408958e-02 -9.67884064e-02 -8.47719908e-02 -6.65681660e-01
    -4.14541900e-01 -2.20807552e-01 -5.95854521e-01 -6.60922050e-01
    -2.36243725e-01 -6.54281139e-01 -1.83143079e-01 -5.82823753e-01
    4.08774614e-03 1.46531820e-01 -4.59348321e-01 -3.03932667e-01
    -4.02527541e-01 -5.69360375e-01 1.81550205e-01 -7.23520517e-01
    -3.66413921e-01 -5.93445897e-01 -6.91401124e-01 -2.94426888e-01
    -5.60582876e-02 -6.37165368e-01 1.04227960e-01 -2.73158848e-01
    -7.94427752e-01 -5.50641418e-01 4.52349186e-02 -6.68572903e-01
    -4.07555670e-01 1.79361761e-01 -3.50179017e-01 -6.37631178e-01
    -1.36751950e-01 -3.51593733e-01 -2.20052600e-01 -1.28629029e-01
    5.56117892e-02 -6.59107685e-01 -1.81528509e-01 -6.02480590e-01
    1.25064254e-01 -7.79354572e-01 1.54137611e-03 1.89832389e-01
    -6.54799461e-01 -4.69469845e-01 -4.84171450e-01 1.77135289e-01
    7.47829080e-02 -2.11356044e-01 -2.17480063e-01 -3.54259193e-01
    -5.08039594e-01 -9.39190388e-02 -6.10435963e-01 -7.48537242e-01
    -7.23283052e-01 -1.05738044e-01 -1.59835815e-03 -8.00232708e-01
    -4.87822682e-01 -1.53622746e-01 2.65968442e-02 -5.18594027e-01
    -8.14552307e-02 -7.39599466e-01 1.37706518e-01 -5.10882914e-01
    -6.89482927e-01 -2.72496641e-01 -3.88421565e-01 -4.20572102e-01
    -3.17062169e-01 6.83933496e-03 -6.65902138e-01 -3.66244316e-02
    -7.83916712e-02 -3.68830025e-01 -6.94261789e-01 -6.64553046e-01
    -1.78453088e-01 -8.85084271e-02 1.28035069e-01 -6.32383823e-02
    -3.85465652e-01 -5.10265231e-02 -2.43874788e-01 8.89194012e-02
    -7.51318932e-02 -6.54906511e-01 1.11299157e-02 7.93608427e-02
    -3.64243269e-01 -4.36375022e-01 -4.77840483e-01 9.22620296e-02
    6.33292198e-02 -5.69472075e-01 5.23905754e-02 7.32612610e-02
    1.37889445e-01 -6.41147375e-01 -6.45620942e-01 3.66093516e-02
    -2.77476311e-01 -8.04914355e-01 -3.13162178e-01 9.35444832e-02
    4.46691513e-02 -3.78985614e-01 -6.22771859e-01 -5.97354174e-01
    -6.25166297e-01 -6.28338158e-01 -3.90948117e-01 -6.01175010e-01
    -2.91404426e-01 -3.40355515e-01 -7.27692246e-02 -4.84822452e-01
    -2.63502121e-01 -5.34155369e-01 8.99689198e-02 -3.19579273e-01
    -6.57134593e-01 -4.97710586e-01 -5.68601370e-01 -6.92270279e-01
    -6.05131090e-01 -4.92558599e-01 -1.44233823e-01 -4.57123488e-01
    -3.97409260e-01 -6.67859077e-01 -3.80751282e-01 -3.18960369e-01
    -1.29781961e-02 1.13177776e-01 -9.64151025e-02 6.47717118e-02
    -3.61904204e-01 -6.51738882e-01 -2.36234844e-01 -6.84673667e-01
    -6.86289072e-01 -3.27868998e-01 -5.11888146e-01 -2.33554363e-01
    -1.16302907e-01 -5.15252948e-02 -5.38895488e-01 -1.49192214e-01
    -5.26307583e-01 1.42440796e-02 -1.90564990e-01 -5.92631102e-02
    1.39720321e-01 -4.29095626e-01 1.20983601e-01 -4.39194560e-01
    -3.61801893e-01 -9.03016329e-03 6.83473349e-02 2.17020392e-01
    -1.89877987e-01 -5.94606876e-01 -2.11807013e-01 -3.77848029e-01
    -5.47487795e-01 -6.59249306e-01 4.47018743e-02 5.62788248e-02
    -3.62709463e-01 -2.09310651e-01 -6.77039504e-01 -3.43756318e-01
    -4.02067900e-02 -4.54226136e-01 -2.13894665e-01 -7.39220381e-01
    -1.04340136e-01 -4.51436102e-01 -5.02654850e-01 1.65412247e-01
    -1.16665721e-01 1.45360827e-02 -2.73148894e-01 -4.85241830e-01
    -6.04902506e-01 -2.56183267e-01 -1.93583846e-01 2.07316160e-01
    -5.05309045e-01 -4.71425325e-01 -7.39081502e-02 -8.58039260e-02
    -5.62514842e-01 -1.58666670e-01 -6.21910691e-01 -5.09860933e-01
    -2.99467027e-01 -1.01899087e-01 1.35654092e-01 -2.48659194e-01
    -2.38745987e-01 -5.00784397e-01 -1.76965117e-01 -5.22568107e-01
    -8.74965787e-02 -3.65963399e-01 -6.35517538e-01 -2.70839751e-01
    2.17625618e-01 -5.99747300e-01 1.64943993e-01 -7.28307188e-01
    -2.40257978e-02 -5.68859279e-01 -1.51326597e-01 -4.36106175e-01
    -2.94564009e-01 9.36067104e-02 -5.09216905e-01 -5.99908471e-01
    -4.66387331e-01 -1.18465841e-01 -6.95832551e-01 -7.66649485e-01
    -3.50748688e-01 -5.22487640e-01 9.07188654e-02 -4.90771174e-01
    6.43689036e-02 -9.07183886e-02 1.47743344e-01 -4.28423107e-01
    -1.95211947e-01 -5.07970810e-01 1.03449404e-01 -4.71799374e-02
    -6.56945586e-01 1.38066351e-01 -2.79026806e-01 -4.60458279e-01
    6.24611378e-02 -4.24423218e-02 -7.09263921e-01 -3.48423362e-01
    -1.83775842e-01 -9.27678943e-02 6.73367381e-02 -7.05247521e-01
    -2.88717389e-01 -7.55470753e-01 -1.10201836e-02 -5.05098939e-01
    -4.08874869e-01 -5.20027518e-01 -4.90736306e-01 -3.50475460e-01
    -1.42212212e-01 -9.23494697e-02 -1.99932039e-01 -3.86496961e-01
    -4.28102821e-01 -1.42214477e-01 -4.41858172e-02 -5.28264999e-01
    7.63190985e-02 -3.94264430e-01 -3.09210420e-01 -3.44457209e-01
    -1.88687801e-01 -4.56981957e-01 -4.66697216e-01 -6.49537683e-01
    -1.74788296e-01 -3.70180160e-01 -2.82545090e-02 -9.50680375e-02
    -4.37039793e-01 -2.87231088e-01 -6.52042031e-01 -6.96810603e-01
    1.78326607e-01 -5.23289204e-01 -6.57076240e-01 4.78469133e-02
    -4.37350750e-01 -3.52628022e-01 -2.35630095e-01 -4.12921131e-01
    -1.49027824e-01 -2.77272165e-01 2.88183689e-02 -6.50608182e-01
    -7.40771770e-01 -3.94929051e-02 -7.03061640e-01 -5.62098801e-01
    -3.47515821e-01 1.78807378e-02 -6.18006587e-02 -6.23658597e-01
    -9.75072980e-02 -6.34587586e-01 -4.64767992e-01 -4.74395990e-01
    7.62587786e-02 -6.98244691e-01 1.77679241e-01 -5.17371714e-01
    -9.34429169e-02 -3.08598191e-01 -7.01112628e-01 -6.70294583e-01
    -3.16529870e-01 -6.92030787e-01 -5.26043415e-01 1.50571764e-01
    -5.81741571e-01 8.67612362e-02 -3.90991867e-01 1.79690421e-01
    -3.56368423e-02 1.32968485e-01 1.16631329e-01 -7.78999329e-02
    -4.65859115e-01 5.66987395e-02 -6.90910578e-01 1.68776274e-01
    -1.02377534e-01 -1.07308805e-01 -3.69803250e-01 -5.05472064e-01
    -2.92510122e-01 -4.16306615e-01 -4.20610189e-01 -3.54552984e-01
    -6.44208610e-01 -2.17716455e-01 -5.10746300e-01 3.13788056e-02
    -1.83741033e-01 -6.29162550e-01 -4.69832689e-01 -3.73228639e-01
    5.00359535e-02 -6.22366071e-01 -5.69148302e-01 -3.20416480e-01
    -1.89285338e-01 -1.53202295e-01 2.18327045e-02 5.35212159e-02
    -6.59100056e-01 -7.50609279e-01 -4.55779761e-01 -4.15137351e-01
    -1.66698575e-01 -2.32015669e-01 -3.69358659e-01 -1.29194558e-01
    -7.37274051e-01 -2.89845556e-01 -4.05825615e-01 -2.48756468e-01
    -7.30862141e-01 -1.10133886e-02 4.66820598e-02 -7.75277078e-01
    7.96500444e-02 -7.51068413e-01 -1.20546222e-01 1.44363284e-01
    -6.08168840e-01 -7.05536008e-02 -4.16795045e-01 -3.87499332e-02
    -7.75384665e-01 -2.54743934e-01 -3.66853476e-02 1.34654939e-01
    -2.10203111e-01 -5.82721293e-01 -7.62680650e-01 -6.32613063e-01
    6.77820444e-02 -7.11227119e-01 1.23022437e-01 -3.65488350e-01
    -6.86709940e-01 -4.93464530e-01 -3.43433738e-01 -2.27486134e-01
    4.90397811e-02 -5.94061613e-03 -1.23696685e-01 -3.33616823e-01
    -5.90511203e-01 -6.23411298e-01 -4.52305198e-01 1.12635493e-02
    -2.69973099e-01 -2.88044244e-01 -5.70788622e-01 -6.78944588e-01
    -4.43366706e-01 -3.77094984e-01 -6.22074246e-01 -5.10732412e-01
    -6.55239880e-01 -2.39894748e-01 -5.55981994e-02 -2.10103512e-01
    -2.44770288e-01 -3.69146943e-01 -3.30754697e-01 4.55991030e-02
    -4.87230182e-01 -6.70522451e-01 -5.21680832e-01 -6.37375653e-01
    -3.21795464e-01 -4.03918624e-02 -5.91075063e-01 2.20426440e-01
    1.96898997e-01 -8.60617757e-02 -5.12113929e-01 -1.54820740e-01
    -6.15382314e-01 -3.17354769e-01 -2.08068490e-01 4.36488390e-02
    -6.20576799e-01 -4.24680173e-01 -1.86954737e-01 -4.04823601e-01
    -3.60558003e-01 -8.03495646e-02 -3.27950537e-01 -2.35188782e-01
    4.86212373e-02 -4.89585102e-01 -7.21791506e-01 -4.25765485e-01
    1.84935212e-01 -4.71446514e-01 -5.66460371e-01 -1.10082746e-01
    -1.20146155e-01 -1.44593000e-01 -3.17198038e-01 -2.26911515e-01
    -1.23390377e-01 -1.30271196e-01 -6.60935581e-01 -3.17709804e-01
    6.57173991e-02 -1.05369091e-03 -7.00063169e-01 1.10711515e-01
    -1.26213491e-01 -4.49590117e-01 -5.11273682e-01 -6.68454826e-01
    -3.22501779e-01 -2.00060010e-02 -6.31336808e-01 -1.76079810e-01
    -3.00730884e-01 7.83872604e-03 6.69053793e-02 -4.33828264e-01
    -7.58421302e-01 -5.35272896e-01 -6.52919531e-01 5.41266799e-02
    -3.70571315e-01 -8.21217775e-01 -7.69883454e-01 -3.33029538e-01
    6.38387203e-02 -3.00655723e-01 -2.09135056e-01 -2.52996087e-01
    -5.83436966e-01 -1.24002814e-01 -1.86698437e-01 -2.51560211e-01
    -1.15098894e-01 -6.46600604e-01 -3.42409074e-01 -3.75709414e-01
    -7.83368945e-02 -5.70749640e-02 1.78134978e-01 2.37044871e-01
    3.45093489e-01 2.36527324e-02 -6.46421909e-02 -5.27351737e-01
    -6.58042550e-01 1.78210497e-01 -7.23635197e-01 -4.90496576e-01
    -5.27502894e-01 -1.78981841e-01 8.47559571e-02 -1.49190485e-01
    -6.82348013e-01 -3.72442663e-01 -1.63987875e-01 -7.36096501e-02
    -2.81206071e-01 -3.12214702e-01 3.33895087e-02 -6.09023690e-01
    2.15165019e-02 -4.48170483e-01 -1.90425873e-01 -6.75398171e-01
    6.80010319e-02 -3.07742774e-01 -1.85120106e-03 4.82944846e-02
    -5.95082462e-01 1.95163488e-01 -3.67419571e-01 -2.38917887e-01
    -1.01143122e-02 -6.53482258e-01 -3.53696167e-01 -5.60676932e-01
    1.07213259e-01 -3.31602693e-02 -2.84993082e-01 2.05897748e-01
    -1.83090210e-01 -4.78019953e-01 -2.88654685e-01 -3.42936009e-01
    -1.52829528e-01 -8.43035042e-01 -2.89418101e-01 -8.49727750e-01
    -1.09732747e-02 -7.64366865e-01 -2.87393749e-01 2.93954015e-02
    -7.78551102e-02 -2.60507405e-01 -7.76956677e-02 -3.39743048e-01
    -5.37089050e-01 -5.12227952e-01 -1.76941574e-01 -1.08662426e-01
    -5.79919219e-02 -3.98259461e-01 -1.03468776e-01 -2.56939054e-01
    -4.21298087e-01 -6.90005779e-01 -4.82550859e-02 3.15154195e-02
    -2.56932497e-01 -2.34315872e-01 -2.06435800e-01 1.10182106e-01
    -6.66601658e-01 -5.63371778e-02 -3.46445203e-01 -5.66854417e-01
    -7.10373938e-01 6.21396899e-02 2.79070735e-02 -5.49596429e-01
    -6.06413245e-01 -5.24855018e-01 -3.11114401e-01 -7.36307383e-01
    -6.97565436e-01 -5.28719664e-01 -4.05893028e-01 -1.46871984e-01
    -2.78334320e-01 -4.98331636e-01 2.15675950e-01 -6.33236051e-01
    2.08350003e-01 3.22136283e-02 9.59457755e-02 -3.23548675e-01
    -7.50225604e-01 -7.58892298e-02 -2.32073724e-01 -5.71305752e-01
    -3.83205414e-02 -4.56867397e-01 -7.77459621e-01 -1.00383401e-01
    -3.92301083e-02 -3.39015305e-01 -1.34841442e-01 -2.06028223e-02
    -3.58692706e-01 -7.63165474e-01 -3.80113214e-01 -7.53922641e-01
    -1.86839223e-01 -8.62569213e-02 -6.49196267e-01 -1.14657044e-01
    -4.14473057e-01 -6.66240692e-01 -7.22944260e-01 -3.59233081e-01
    -7.27738023e-01 -5.12812316e-01 -2.31403172e-01 -1.58356428e-01
    1.91176176e-01 -4.26324785e-01 -5.48046827e-03 -1.14932477e-01
    -1.07694209e-01 -2.75123477e-01 4.19045091e-02 -2.10449100e-02
    -6.50150239e-01 -2.70452321e-01 1.38919532e-01 -4.97001141e-01
    -2.35777855e-01 1.65009618e-01 -7.09472239e-01 -2.49097347e-02
    -4.31527793e-01 -6.86973929e-02 -1.36730313e-01 1.61166787e-02
    -1.91695511e-01 -6.14870191e-01 -4.19555306e-02 -6.66656375e-01
    -4.24787372e-01 -9.78335142e-02 -4.51367438e-01 5.66321015e-02
    -8.47398221e-01 -3.66431415e-01 -2.30870962e-01 -1.81784034e-01
    2.20920444e-02 -1.91905499e-01 -4.55960631e-01 -6.20650172e-01
    6.82646632e-02 -2.65466511e-01 -1.66621387e-01 1.80086613e-01
    8.15435052e-02 1.42533481e-01 -3.19590807e-01 -2.00418949e-01
    -2.52577722e-01 -7.76909530e-01 1.32269442e-01 -2.00189650e-01
    -7.54995465e-01 -5.37422657e-01 -9.35056806e-02 -4.64260459e-01
    -1.78921223e-01 -3.81297946e-01 -3.43869179e-01 -1.58534944e-01
    -5.38654327e-02 -3.76733422e-01 -6.96642876e-01 6.84534907e-02
    -3.81223440e-01 6.03077412e-02 -5.55105090e-01 -2.31305778e-01
    6.79768920e-02 -4.77327675e-01 2.13069081e-01 -2.02073932e-01
    -3.27645540e-02 -5.17212749e-02 6.97898865e-03 -7.81099737e-01
    -5.74777961e-01 -1.83519244e-01 -2.00686276e-01 -2.61501551e-01
    -7.19245553e-01 1.61839664e-01 -1.73237741e-01 -5.96016765e-01
    -7.02870488e-01 -5.31653643e-01 -7.28518367e-02 -5.11358500e-01
    -3.09496641e-01 -5.63500285e-01 -2.73290455e-01 -3.10312837e-01
    -4.80332136e-01 -5.84694862e-01 -2.06205904e-01 1.91340804e-01
    -5.96192241e-01 -2.67204702e-01 -4.72501308e-01 -5.66849113e-02
    -3.22803020e-01 -3.96204233e-01 9.76555347e-02 -6.75730586e-01
    2.17279315e-01 -6.74553752e-01 -3.50287944e-01 -3.70317757e-01
    -5.05930305e-01 -1.47516727e-01 -1.57485306e-01 -3.63278925e-01
    -5.44031739e-01 -1.67593420e-01 7.63664246e-02 -7.23012209e-01
    4.17178273e-02 3.35405469e-02 -6.12989068e-02 -4.16884333e-01
    -2.08216667e-01 1.21389449e-01 -6.48863792e-01 -9.62100029e-02
    -7.58846104e-01 -3.37366998e-01 -2.51164854e-01 -7.39668846e-01
    -2.68674433e-01 -3.06544304e-01 2.62786746e-02 -2.92937398e-01
    -3.95977229e-01 -1.86707497e-01 4.34516072e-02 -9.39673781e-02
    2.21478343e-01 3.15082788e-01 -1.11733615e-01 -3.00894201e-01
    -6.80718780e-01 -5.14545441e-01 -1.93411767e-01 -4.75181639e-01
    -1.49739861e-01 -5.59449196e-01 -1.77730918e-01 -2.39349306e-01
    2.72054672e-02 -5.16301751e-01 -7.53010869e-01 -4.15040851e-02
    -1.66826785e-01 6.61689639e-02 -3.79436970e-01 -1.71444833e-01
    -7.33985186e-01 7.93946981e-02 -3.21147323e-01 -3.86553496e-01
    -8.12390924e-01 -8.85300040e-02 -2.28060484e-02 -6.40643001e-01
    -7.15093136e-01 1.12953246e-01 -5.49256444e-01 -6.58088803e-01
    -6.05056822e-01 1.07622802e-01 -3.02330196e-01 -4.24368232e-01
    -4.80092227e-01 -6.19706035e-01 -4.51420963e-01 -4.80984151e-01
    -5.13778985e-01 -4.04577255e-02 -6.49245977e-02 2.10914612e-02
    -3.23711634e-01 -2.51150131e-01 -4.07780409e-02 -3.65977883e-01
    -1.79068983e-01 -3.11745167e-01 -2.22845316e-01 -4.78769004e-01
    -7.58597732e-01 -7.25361705e-02 -2.64321685e-01 -6.25651121e-01
    -1.90302491e-01 -2.65081763e-01 1.52411520e-01 -4.94941890e-01
    -1.63199008e-01 -5.96784592e-01 -3.77877355e-02 1.96993351e-04
    -7.25323558e-02 -6.38258517e-01 -3.74225408e-01 -3.27870637e-01
    -3.06216836e-01 2.72184014e-02 -2.71994472e-02 -1.55640304e-01
    -6.37436509e-01 -3.03763270e-01 -1.70596659e-01 -3.58657837e-01
    -3.64315838e-01 -1.99400663e-01 -7.11989284e-01 -4.85268712e-01
    -3.17966014e-01 -3.89555991e-01 -4.68757987e-01 4.54728603e-02
    8.19439292e-02 4.12496328e-02 -2.58754104e-01 -6.99174762e-01
    -7.12128341e-01 -1.90961599e-01 -5.36780179e-01 1.09016538e-01
    -6.29864514e-01 -7.28259027e-01 -6.93185449e-01 -7.67095804e-01
    -2.15401769e-01 -1.34352505e-01 -1.72831893e-01 -2.61711478e-02
    1.64866686e-01 -7.47928917e-01 1.57139242e-01 -1.48073018e-01
    -3.84304434e-01 -3.48244488e-01 -3.58237684e-01 -2.51748800e-01
    -1.22927427e-01 -1.93754852e-01 -5.70102036e-01 -5.31010985e-01
    -2.83655524e-02 -1.40539408e-01 -3.54809105e-01 -5.09050250e-01
    -7.79912949e-01 3.63739133e-02 -9.09141898e-02 7.24421144e-02
    -2.11463571e-02 5.60086966e-02 1.19913399e-01 9.67451930e-02
    -3.26227874e-01 -5.19960999e-01 -1.63825989e-01 -2.62671828e-01
    -4.98915851e-01 1.44939899e-01 -6.90252304e-01 -2.30324626e-01
    -1.96998894e-01 -4.84310985e-02 -2.78530180e-01 5.65222502e-02
    -7.62554169e-01 -1.64723337e-01 -3.19156617e-01 -8.22808504e-01
    -2.06248760e-02 -2.58650899e-01 -8.04268420e-01 6.43390417e-02
    -3.14926505e-01 -3.68288755e-02 5.25833368e-02 9.62361097e-02
    -9.43929553e-02 -5.55641174e-01 -7.76767731e-03 -2.83540249e-01
    -2.27137089e-01 -7.20916033e-01 -2.62511015e-01 -3.47611904e-02
    -6.72509193e-01 -4.90750492e-01 -2.13507652e-01 7.34698772e-02
    1.21937275e-01 -3.44338298e-01 -5.23777485e-01 -6.46627784e-01
    -2.18444169e-01 -5.47975898e-01 2.94619501e-01 -4.49611276e-01
    2.04833984e-01 -3.68486345e-01 -6.82126164e-01 -3.65844190e-01
    -5.69905639e-02 -1.65579021e-01 -3.51279020e-01 1.07785404e-01
    -1.44614100e-01 -3.02494645e-01 2.13323236e-02 6.99779391e-02
    -5.85587561e-01 -6.08047128e-01 -6.19966388e-01 -6.65205121e-02
    -3.28744262e-01 -2.19489336e-01 -7.23728418e-01 -3.93639982e-01
    1.80462301e-01 -3.68084222e-01 -6.63844347e-01 -4.54814494e-01
    -4.24639404e-01 -4.85872626e-02 -7.13865995e-01 -1.09920621e-01
    -5.46428740e-01 -5.33902109e-01 -2.34960318e-01 -1.50347412e-01
    -6.44401133e-01 7.65989423e-02 -6.25511408e-02 -3.20993006e-01
    5.46251535e-02 8.55354071e-02 -2.28465378e-01 -5.07881880e-01
    -5.47369123e-01 -1.35685652e-01 -2.01190025e-01 -1.20755434e-02
    -4.94897366e-03 1.41184986e-01 -5.84274650e-01 -7.00304985e-01
    -6.33176565e-01 -4.82690454e-01 -4.98519093e-01 -2.34638959e-01
    -1.71776652e-01 2.44058967e-02 -4.72148329e-01 -4.70929444e-01
    -2.79974133e-01 -6.54576123e-01 -2.18501389e-01 1.00038111e-01
    -3.21216643e-01 5.52934408e-03 -1.08225942e-02 -3.64394307e-01
    -1.83019280e-01 1.09026432e-01 -3.09643209e-01 5.31947613e-03
    -1.79525197e-01 -4.44996774e-01 -6.34831309e-01 6.49333000e-04
    -1.06751144e-01 -5.01306653e-01 -2.89282024e-01 -6.12247586e-01
    4.60769534e-02 -1.68637097e-01 1.11383855e-01 -2.99588025e-01
    9.92805362e-02 -6.79979682e-01 -4.00715888e-01 -5.69851995e-02
    -3.36524129e-01 -2.61850178e-01 -2.78712630e-01 -1.75959736e-01
    4.60258961e-01 -1.13518476e-01 -2.64790267e-01 -5.12279272e-01
    -3.14861804e-01 -5.05902052e-01 -3.04977059e-01 -5.40030122e-01
    1.43136680e-01 -2.61038840e-01 -8.33376765e-01 -6.66755676e-01
    2.23056674e-02 -1.32354379e-01 -2.84213901e-01 -1.52381659e-02
    -4.78934675e-01 -2.89155304e-01 -4.82024312e-01 -6.38301373e-01
    -1.71962738e-01 -5.96264660e-01 2.94198990e-02 -1.77637160e-01
    -6.27900004e-01 1.18661404e-01 -5.22575140e-01 1.04653835e-01
    -6.44666076e-01 -6.00591183e-01 -6.35125518e-01 -1.14077151e-01
    -1.16258860e-02 -3.41602564e-01 -7.22814381e-01 1.43828154e-01
    -1.06601655e-01 -3.03834498e-01 -7.61141062e-01 -6.85428619e-01
    -3.74358028e-01 -2.63502061e-01 -8.08713257e-01 -3.45141590e-01
    -4.04006302e-01 -3.01528335e-01 -4.34007645e-02 -4.01917100e-02
    -3.26189935e-01 -4.42366689e-01 -4.73351210e-01 7.22558498e-02
    3.62350941e-02 -7.56972313e-01 -5.37419081e-01 -5.16483784e-02
    -1.49078786e-01 -2.98997581e-01 -2.76411116e-01 -1.51701868e-01
    3.47123146e-02 -1.10605538e-01 -3.70150119e-01 -3.51893306e-01
    -4.32844639e-01 -5.49814284e-01 -5.97852349e-01 -4.87564743e-01
    1.60865247e-01 -1.19873643e-01 -3.17385316e-01 -8.92931581e-01
    -8.55481625e-03 -4.68855530e-01 4.04945016e-02 -4.70795870e-01
    -6.17815375e-01 -6.50235772e-01 1.20616555e-01 1.66795433e-01
    -4.36616600e-01 -3.74343097e-01 1.17128611e-01 -1.15755320e-01
    2.26821780e-01 -4.75902200e-01 -6.88576341e-01 -3.55559260e-01
    -9.99842286e-02 -3.33700210e-01 -6.84179962e-01 -5.51895976e-01
    -2.01962769e-01 -4.09310460e-02 -4.44476634e-01 -3.76638502e-01
    4.06627655e-02 -7.35454321e-01 -1.53611302e-02 -6.57978415e-01
    2.27138758e-01 -5.85376918e-01 -2.58576989e-01 -2.16522396e-01
    -5.80455422e-01 -6.83412492e-01 -2.44656205e-01 -5.62681675e-01
    -6.61258936e-01 -4.36586142e-02 -5.64619899e-02 -3.78506243e-01
    9.52431560e-02 -1.02576554e-01 -1.44779682e-03 -1.62823498e-01
    -2.14347184e-01 -3.07280660e-01 -2.04031646e-01 -5.14065146e-01
    -6.69246674e-01 -5.61783314e-01 1.43283606e-01 -9.24582481e-02
    -6.18321061e-01 -5.86461663e-01 -4.96210515e-01 -6.41133785e-02
    -5.34412384e-01 -6.62387848e-01 -5.41141987e-01 -3.37182283e-02
    -7.09287405e-01 2.95886993e-02 -3.51225376e-01 -1.18627310e-01
    -4.40232962e-01 -4.19904232e-01 -1.54187083e-01 -3.04837227e-02
    -2.43058741e-01 -7.33370781e-02 -2.01212645e-01 -4.84355390e-01
    8.38800669e-02 -6.10290408e-01 -7.18584239e-01 -6.96590185e-01
    -3.18171620e-01 -4.83986735e-02 -2.04513490e-01 -7.73568749e-01
    -5.72609901e-01 -7.58784235e-01 -2.35506237e-01 -4.28436011e-01
    -2.63078272e-01 1.23026431e-01 -5.73170602e-01 -3.33537310e-01
    -5.99883974e-01 -3.67704064e-01 -6.33094788e-01 2.64930785e-01
    -6.41507745e-01 -6.15867555e-01 -3.04381251e-01 -4.81231958e-01
    -3.32565129e-01 2.08826363e-01 -4.93656427e-01 -3.90663743e-02
    5.60005903e-02 -6.01408124e-01 -4.19215560e-01 -3.99175048e-01
    5.61209321e-02 -6.14513874e-01 -2.47910619e-01 -5.78262210e-01
    -6.69399738e-01 -3.11482131e-01 1.42052889e-01 -5.16466975e-01
    -5.94210148e-01 -1.99433208e-01 -3.59669656e-01 2.17781246e-01
    -5.00416756e-03 -5.37482321e-01 8.51082802e-03 -6.74857855e-01
    -1.67218626e-01 -3.39555681e-01 -1.14314973e-01 -7.32594371e-01
    -9.19020772e-02 -5.77441454e-02 -1.75957084e-02 -3.79892170e-01
    -6.53312564e-01 -3.96250010e-01 -6.44148827e-01 -4.44956183e-01
    2.98013091e-02 1.39145255e-02 2.92232037e-02 -4.23575670e-01
    -4.71183330e-01 1.34428740e-01 -2.87436485e-01 -5.64749718e-01
    -4.36319649e-01 1.13352418e-01 -4.77694094e-01 -7.45116532e-01
    -1.99406564e-01 -3.34684014e-01 -1.77691638e-01 -7.16616631e-01
    -2.54886001e-01 -1.22639060e-01 -3.04534853e-01 -4.76305872e-01
    -3.29083711e-01 -1.06773973e-01 -4.60839391e-01 -2.04093635e-01
    -2.11526275e-01 -6.72414660e-01 -6.61070466e-01 -3.87995720e-01
    -7.93094277e-01 -2.94582844e-02 -5.10289371e-01 -7.67614007e-01
    -2.40444064e-01 -4.91859645e-01 1.02642775e-01 -5.39445341e-01
    -1.46988273e-01 -1.87057018e-01 -1.16124630e-01 -4.76401567e-01
    -3.36757123e-01 -2.51919508e-01 -3.21768463e-01 -3.55178982e-01
    -8.88160467e-02 2.74878144e-02 7.07316399e-02 -5.90614915e-01
    -5.11209428e-01 -1.50873423e-01 5.04119992e-02 2.71910131e-01
    -1.76308215e-01 -2.47696608e-01 -1.00233197e-01 -4.10072327e-01
    -2.23876745e-01 -3.05848718e-02 -2.25178242e-01 -4.61499751e-01
    3.29655409e-03 -7.14832783e-01 -4.81019795e-01 -1.09366000e-01
    -1.86027646e-01 -2.36591458e-01 -1.90473855e-01 -2.85630763e-01
    -5.93557358e-01 -5.63993573e-01 -5.69816172e-01 1.85862362e-01
    -7.06609964e-01 -1.12423003e-01 1.51025414e-01 -5.60294986e-02
    -5.30011535e-01 -1.66058958e-01 -4.77333605e-01 -5.65023184e-01
    -4.41666812e-01 -7.08055675e-01 1.59646213e-01 1.35789514e-01
    -2.10196376e-02 -6.41641617e-01 -3.66402030e-01 -1.45880103e-01
    -8.07165265e-01 -4.24327254e-01 -3.56555581e-02 -7.69865513e-03
    -7.50366926e-01 -2.94947565e-01 -7.23777413e-01 3.44333053e-02
    -1.99408710e-01 -2.11479604e-01 -2.19860077e-02 -8.06437731e-02
    1.70502663e-02 -3.75538558e-01 -7.99360991e-01 6.56765103e-02
    2.42301822e-02 -7.99680591e-01 3.05919647e-02 -6.47979915e-01
    1.63124561e-01 -1.82176828e-02 -7.88956881e-01 -7.00533032e-01
    -4.03002799e-01 -3.45621109e-02 -7.04209447e-01 -2.09952176e-01
    -4.46774483e-01 -6.82434082e-01 -5.40503383e-01 1.14914775e-01
    -6.68704867e-01 -6.32884145e-01 -6.13925695e-01 -1.26152217e-01
    -3.55835557e-02 -1.74244463e-01 -6.37044907e-02 -3.98829579e-02
    -8.42680454e-01 -4.29690361e-01 -5.55952072e-01 -1.33710444e-01
    -6.31185651e-01 1.62815571e-01 -3.89735460e-01 -3.66202652e-01
    -6.75845265e-01 -3.13804656e-01 2.76362896e-02 -2.87039787e-01
    -4.46497589e-01 -8.15104842e-02 5.62048554e-02 -4.84976232e-01
    5.53605556e-02 1.55934691e-02 -5.29215872e-01 -1.05633020e-01
    -1.64844394e-02 1.71096981e-01 8.95594358e-02 -4.82449293e-01
    -6.78115845e-01 -5.70916891e-01 -1.35227859e-01 -1.51061177e-01
    -6.26108408e-01 -2.51364887e-01 -2.25981653e-01 -6.57300234e-01
    1.51564181e-01 -3.90301138e-01 -6.92325354e-01 -5.29444158e-01
    -2.08373964e-01 -1.99274719e-01 -2.97584534e-01 9.57885981e-02
    -1.78436041e-01 -4.18274879e-01 1.36878729e-01 -4.56437707e-01
    -3.33330363e-01 -3.67277414e-01 -3.29118580e-01 -6.54798627e-01
    -1.70057058e-01 1.58929646e-01 -4.87968445e-01 -3.59307319e-01
    -7.06370115e-01 9.29936767e-02 -2.94981539e-01 4.10139561e-02
    -7.16684639e-01 -8.33423138e-01 8.50185156e-02 2.44035125e-02
    -4.44003433e-01 -6.20899796e-01 -3.82328004e-01 -5.58896661e-01
    -2.75073051e-02 -5.47657013e-02 -1.80021942e-01 -8.35127890e-01
    -3.08992386e-01 -6.81648612e-01 2.95355916e-02 -6.54734969e-02
    -5.04078150e-01 -8.18202376e-01 -8.78102779e-01 -2.50142992e-01
    1.26546204e-01 -4.07419860e-01 -6.22217655e-02 -4.58621293e-01
    -8.73966217e-02 -5.81200123e-02 6.78199530e-03 -7.01654375e-01
    -1.12540126e-02 9.72453952e-02 -6.11317158e-01 -1.49748206e-01
    -3.29363942e-02 -5.38281441e-01 -2.78891325e-01 -2.57367074e-01
    -5.46396971e-01 -1.77053630e-01 -2.24197686e-01 -5.75152636e-01
    -1.49661303e-01 -2.30624676e-02 -6.91765249e-01 2.18711495e-02
    -3.77738297e-01 5.90893030e-02 8.22701454e-02 -1.39507771e-01
    -2.77761221e-01 -6.99800253e-02 -5.16228616e-01 -4.74272817e-01
    -6.53719783e-01 -5.56316257e-01 8.38462114e-02 -5.84804296e-01
    -3.24904531e-01 -2.46692806e-01 -1.71195507e-01 -6.62570596e-01
    -6.53832674e-01 -5.16719997e-01 -1.09464407e-01 -2.42211878e-01
    -2.90972173e-01 -7.19154358e-01 -2.13314950e-01 -1.50120854e-02
    -1.42152667e-01 -7.04135060e-01 -6.01754427e-01 1.78443015e-01
    -1.65508270e-01 -1.21403933e-02 -5.55152178e-01 -3.47979486e-01
    -2.25572765e-01 -4.77067083e-01 -3.33762825e-01 -1.59202695e-01
    -6.57491446e-01 2.40408778e-02 7.47731328e-02 -1.96290374e-01
    1.69960797e-01 -1.84717298e-01 -6.22619987e-02 -4.03380156e-01
    -2.01993763e-01 -1.25343204e-02 -1.14529192e-01 1.64700031e-01
    2.58938670e-02 -4.70435470e-01 -4.99573082e-01 4.40379977e-02
    -1.08662844e-02 -6.45026922e-01 -3.90631706e-01 -7.81223178e-01
    4.49651480e-02 1.51270866e-01 5.34507632e-02 -5.06834507e-01
    3.71056199e-02 -6.44030452e-01 9.33331251e-02 -7.57411838e-01
    -5.60916662e-01 -4.47038293e-01 -4.10551429e-02 -5.95362902e-01
    -8.25184584e-02 -3.48316252e-01 6.07056022e-02 -5.94316781e-01
    -5.52830994e-01 -2.32249141e-01 -6.84821725e-01 -1.72724664e-01
    -2.57359982e-01 -4.77007687e-01 -2.60721445e-01 8.82717967e-02
    1.56141281e-01 1.34526074e-01 -2.13373035e-01 -5.09965420e-01
    -5.08841634e-01 -3.93176049e-01 -6.34363174e-01 -1.12976253e-01
    -2.71151870e-01 -6.79981232e-01 -2.83282936e-01 -8.23518038e-02
    -3.44571352e-01 4.23814058e-02 -2.49241829e-01 -4.07524705e-02
    -5.37963390e-01 -7.25199938e-01 -4.42530930e-01 -6.32771492e-01
    9.83073711e-02 -6.87054336e-01 -1.91035807e-01 -1.02749288e-01
    4.29415703e-03 -3.38980556e-01 -2.07586050e-01 -3.05076838e-01
    1.48340464e-01 -2.59153128e-01 -6.28485858e-01 1.53902769e-01
    -7.39843607e-01 5.18099070e-02 1.15161657e-01 1.13501966e-01
    -3.70386004e-01 -1.62412703e-01 -2.67525792e-01 -3.15602660e-01
    9.67823863e-02 -1.62446618e-01 -5.18875957e-01 -3.09608042e-01
    -6.06229961e-01 -6.71760261e-01 3.58212590e-02 -8.17672014e-01
    -2.90026665e-01 -6.53757334e-01 -6.60410762e-01 -2.53811240e-01
    -3.92966449e-01 4.60932255e-02 1.56237900e-01 -6.35911524e-01
    -2.23486364e-01 -6.90574646e-01 -2.98458934e-02 -2.33164847e-01
    -5.00689864e-01 -5.29469252e-02 -1.72707438e-02 -4.96434063e-01
    -3.09931040e-02 -1.15961075e-01 -1.28411949e-01 1.53498530e-01
    -4.45630550e-01 -1.35992050e-01 -3.35691571e-02 -6.68425441e-01
    -2.78487802e-02 -4.36806202e-01 -3.52392852e-01 -1.84628665e-01
    -3.32630277e-02 -3.68496865e-01 -8.14769864e-02 -2.76907384e-01
    -2.27690369e-01 -7.00058877e-01 -4.15222853e-01 -3.89947891e-02
    -4.53149229e-01 -7.43832588e-02 -4.96823967e-01 -1.70133412e-01
    1.69013321e-01 -5.55846810e-01 -6.96647286e-01 -3.38381976e-01
    1.11239195e-01 -2.34058976e-01 -2.32783556e-01 1.26841068e-01
    -4.45797205e-01 -6.47351265e-01 -4.08600271e-01 2.09021688e-01
    -4.33942944e-01 -5.02907157e-01 -5.01480222e-01 -5.59703112e-02
    -5.41195869e-01 -3.71049345e-01 -1.41415477e-01 -1.00431383e-01
    2.15865970e-02 -5.27321160e-01 1.66128814e-01 -3.54491055e-01
    -5.26073575e-01 -1.79234505e-01 -6.60269618e-01 -4.99798536e-01
    -4.27060068e-01 -7.54050732e-01 -9.45540667e-02 -1.89460754e-01
    7.35374689e-02 -4.08159435e-01 -4.33853507e-01 -7.93663263e-01
    1.77684128e-01 4.50791717e-02 -4.54995096e-01 -7.17534423e-02
    -4.36300904e-01 -6.22646332e-01 -7.33528137e-02 -1.38596296e-02
    -2.26171851e-01 -1.26948714e-01 -2.29812622e-01 -3.78116965e-01
    -6.57657623e-01 -3.97203594e-01 -5.30791044e-01 -4.22111511e-01
    6.22703433e-02 -6.09437704e-01 -7.21017122e-01 -1.70918703e-01
    -1.87133312e-01 -7.63777375e-01 -1.09295547e-01 -1.73452616e-01
    -1.93361580e-01 -6.12298667e-01 4.06301618e-02 -5.33282757e-03
    6.80280328e-02 -3.20384562e-01 -3.16482306e-01 -6.20776534e-01
    3.51119041e-03 -5.34219742e-01 1.97406650e-01 -6.06448829e-01
    -2.66171396e-01 -3.21161687e-01 6.15859032e-02 1.60461009e-01
    -3.23530048e-01 -4.74511296e-01 -6.55929446e-01 -6.31823063e-01
    -2.69391418e-01 -4.37785149e-01 -5.70326090e-01 -7.46324062e-01
    -6.06734037e-01 -2.26412237e-01 -5.61918855e-01 -2.33834743e-01
    -1.42174244e-01 -1.98193789e-01 -2.35566258e-01 -3.54347587e-01
    3.89714837e-02 -2.04178929e-01 -4.51552927e-01 2.10192502e-01
    -3.35984170e-01 -6.41477108e-03 -6.46450043e-01 2.12095976e-02
    -5.39422989e-01 -5.93802333e-01 -7.02677488e-01 2.28919208e-01
    -1.29289985e-01 -2.70145535e-02 -3.54055911e-01 -4.97224927e-02
    8.90325308e-02 6.20269179e-02 -1.31165564e-01 -1.57629371e-01
    -7.56605208e-01 -2.91203558e-01 5.99974394e-02 -4.21494186e-01
    8.03320408e-02 -1.87489092e-01 -4.33283091e-01 -4.10521686e-01
    -5.80087304e-01 -7.64398575e-02 -4.55907702e-01 -2.82750338e-01
    -1.32091641e-01 -4.69912261e-01 -1.13875031e-01 -2.18141675e-01
    -1.91784620e-01 -2.27168083e-01 -1.61100984e-01 -6.06015146e-01
    -1.20493174e-02 -6.26520753e-01 -3.81904840e-01 7.81125426e-02
    -7.19364405e-01 -5.87149918e-01 -6.85129881e-01 -4.81985629e-01
    -8.86918902e-02 2.58187652e-02 -6.24552965e-02 -3.17202687e-01
    -3.04553211e-01 -6.53924108e-01 -5.90682089e-01 -2.39749432e-01
    -4.86003637e-01 6.35581017e-02 -3.34268808e-01 -5.67300141e-01
    -1.54942393e-01 -4.71862882e-01 -6.33860469e-01 -6.52594924e-01
    -1.70619488e-02 -1.58867419e-01 -5.16113639e-01 -1.92746937e-01
    1.24525726e-01 -5.32226205e-01 -5.92793286e-01 -2.58777738e-01
    -3.96622717e-01 -1.82194769e-01 1.76988900e-01 -3.07696164e-02
    8.29546452e-02 -6.09284401e-01 -4.61961269e-01 7.57580996e-02
    -1.37538970e-01 1.17344916e-01 -4.61528003e-01 5.71281910e-02
    -2.44919121e-01 -7.51456738e-01 -2.29828000e-01 -6.90965056e-01
    3.80173326e-02 -1.02683902e-02 -4.74411249e-01 -1.09979510e-01
    -8.33558440e-02 -4.36760128e-01 7.94059038e-02 -4.30670202e-01
    -5.39989829e-01 -6.14924014e-01 -2.30936289e-01 -2.07517564e-01
    -2.26096749e-01 -2.24806845e-01 -4.89573061e-01 -3.84039044e-01
    -9.00109410e-02 -5.05577326e-01 3.71665955e-02 -4.74890113e-01
    -4.86537635e-01 -2.89654911e-01 -5.34175277e-01 -5.56407630e-01
    -5.29556632e-01 -3.41927111e-01 -1.48537636e-01 7.57017136e-02
    -3.12532783e-02 -3.76408398e-01 -4.07308996e-01 1.17631555e-02
    -2.63171911e-01 -8.75820518e-02 -5.59582055e-01 -3.00367475e-01
    -4.61318612e-01 1.29154027e-01 -6.80255890e-03 -1.49635732e-01
    -6.24945045e-01 -3.09511781e-01 -6.89149141e-01 -7.93393016e-01
    -6.25482082e-01 1.55975342e-01 -5.21393120e-01 -5.41810751e-01
    -6.76592767e-01 -3.74654949e-01 -7.06214964e-01 -3.33985507e-01
    -5.66937208e-01 -6.09534621e-01 -7.45248795e-02 -4.87755060e-01
    -8.02884221e-01 -8.22528005e-02 -6.25876427e-01 -8.72171521e-02
    -3.28158319e-01 -8.60315979e-01 -1.71983719e-01 3.54512930e-02
    8.37463140e-03 -6.22080266e-01 1.18892193e-01 -6.62280381e-01
    -2.05028117e-01 -3.38205874e-01 1.13108397e-01 -6.47791147e-01
    4.94831204e-02 -5.48690557e-01 -1.67427659e-02 -3.62596512e-02
    -7.60978460e-02 -7.17762768e-01 8.06109905e-02 1.37358904e-01
    7.78170824e-02 -6.92223907e-02 -1.41316473e-01 -4.83510762e-01
    -6.28939986e-01 -2.34372646e-01 -2.73321062e-01 -2.24053323e-01
    -1.22877955e-02 -4.98832256e-01 -2.38186538e-01 4.37229276e-02
    8.45041275e-02 2.03748882e-01 -6.97066665e-01 2.46436000e-02
    1.94187164e-02 -4.01661634e-01 -6.18476093e-01 -8.72454047e-02
    -3.41455698e-01 -2.93978453e-01 -1.11089349e-01 5.33306599e-03
    -2.45979428e-01 -2.00453937e-01 -5.86525202e-01 -2.81901926e-01
    -4.87232625e-01 -3.23981673e-01 -7.73801744e-01 9.91428494e-02
    -5.67835152e-01 -1.71629846e-01 6.46233559e-03 -6.29960060e-01
    -2.40961790e-01 -6.79375708e-01 -1.84266150e-01 -2.39459872e-01
    -5.65301180e-01 -1.79733574e-01 -4.22831774e-01 -1.19492531e-01
    -5.38091898e-01 -6.47105753e-01 -7.31695533e-01 -7.51251221e-01
    -4.12124693e-01 1.32079124e-02 -2.12057233e-02 -1.83595061e-01
    -7.04779506e-01 -5.64433277e-01 -3.87628645e-01 -3.23789477e-01
    -2.38196313e-01 -4.80593204e-01 4.78938222e-02 -1.21878207e-01
    -7.24813938e-02 -8.14859867e-01 -9.11743641e-02 -1.15239263e-01
    -6.93518519e-01 -2.70057917e-01 -4.92498875e-01 -6.10460997e-01
    -4.95643437e-01 -5.52604973e-01 -3.80090177e-01 -1.54820621e-01
    -9.95123386e-03 -4.75704372e-01 2.67933726e-01 -5.61077952e-01
    -1.51992917e-01 -3.14930260e-01 8.37057829e-03 -7.19829917e-01
    -3.28568459e-01 -6.86554432e-01 -3.48727465e-01 -9.81419683e-02
    -8.41098547e-01 -7.73202896e-01 -7.56263256e-01 -7.30358720e-01
    -3.50296497e-03 -3.75918746e-02 8.38863850e-03 -3.69091481e-01
    -4.48408335e-01 -8.98960829e-02 -4.59841251e-01 -1.39176667e-01
    6.92353845e-02 -9.10319686e-02 -1.15701377e-01 -7.28380680e-03
    -6.28238916e-03 -6.12031758e-01 -2.68866539e-01 -4.60387081e-01
    -8.52593362e-01 -2.36519217e-01 -7.31854558e-01 -6.02747202e-02
    -1.66955471e-01 -7.02608228e-02 -3.42625856e-01 -5.28441668e-01
    3.61155868e-02 -3.07935327e-01 -3.30288827e-01 -8.92589092e-02
    -4.00297314e-01 5.76342344e-02 2.25966036e-01 -4.82554555e-01
    -8.22948217e-02 -6.63105369e-01 -5.93930185e-01 1.10296011e-01
    -7.68739581e-01 1.71459496e-01 1.84620678e-01 -7.11075783e-01
    -5.50764263e-01 -8.02111626e-02 -6.57909214e-01 1.18692040e-01
    -4.48061943e-01 2.03113616e-01 8.86286497e-02 -5.53112447e-01
    -5.66752791e-01 -3.85831445e-01 -2.03038335e-01 -3.34777117e-01
    -7.79391527e-02 -5.82722545e-01 -6.99138165e-01 -7.29168773e-01
    -6.65286899e-01 4.48670387e-02 -6.29410148e-01 -2.28887260e-01
    -6.48350835e-01 -1.61628723e-02 -3.03170383e-01 -5.27109504e-01
    -1.44521296e-01 -4.32083130e-01 -7.08772063e-01 -3.90041828e-01
    -1.47183478e-01 -2.15851784e-01 -3.82389903e-01 -2.80626416e-01
    -4.69228566e-01 1.76605344e-01 2.12369978e-01 1.59667969e-01
    -4.56004471e-01 2.77544260e-01 3.01375389e-02 -4.33125317e-01
    1.43776774e-01 1.68009341e-01 9.00473595e-02 1.23292923e-01
    -8.22740793e-02 -3.54520500e-01 -6.21719241e-01 -7.02892959e-01
    1.33793533e-01 8.79705548e-02 -8.59523296e-01 -2.42491841e-01
    -3.13262880e-01 4.49806452e-02 -1.95725620e-01 -6.57752275e-01
    -3.05290282e-01 -1.98251843e-01 -5.87103307e-01 -2.93143272e-01
    -2.21499801e-02 -6.55413866e-01 1.44716918e-01 6.36107326e-02
    -3.74957711e-01 -2.64494061e-01 -2.22513258e-01 -8.11407268e-01
    -1.39939845e-01 -1.54643297e-01 -6.94631338e-01 1.08972847e-01
    7.78273344e-02 -2.89739430e-01 1.52102411e-01 -9.51907039e-02
    -7.68510759e-01 -7.28812814e-01 -8.45037699e-02 1.15172386e-01
    -1.72411203e-02 -8.24341655e-01 1.22128725e-02 -4.37972128e-01
    1.98721468e-01 -5.59350669e-01 -7.56245375e-01 5.73193431e-02
    -6.35322571e-01 8.51082802e-02 1.54071450e-02 -2.33520150e-01
    1.36829615e-01 -1.00821972e-01 -2.55398989e-01 1.37766838e-01
    -4.62584853e-01 -3.58017683e-01 -4.77547526e-01 1.52140260e-01
    7.89764524e-02 1.32979691e-01 -5.60886383e-01 -5.66167831e-01
    5.26911020e-02 -6.54618919e-01 -3.83530855e-01 -1.99235857e-01
    4.42262292e-02 -4.24094141e-01 -6.23309970e-01 -3.77765834e-01
    -2.08238959e-01 -7.88062572e-01 -2.75875866e-01 -1.71342671e-01
    -2.76783586e-01 -4.38487172e-01 -3.44564676e-01 -3.20691049e-01
    -6.36961818e-01 -7.15351105e-02 1.40229046e-01 -4.30664659e-01
    -5.57818413e-01 -7.08332539e-01 -4.13806617e-01 -2.43276656e-01
    -5.30483425e-01 -6.58383489e-01 -5.92805147e-01 -4.14979726e-01
    -6.23722672e-01 -4.41749871e-01 -1.75820172e-01 2.05047190e-01
    -2.76716053e-01 -5.25524855e-01 -3.26557517e-01 -6.05135798e-01
    -1.70459092e-01 -1.29325330e-01 -7.58920491e-01 -4.66839463e-01
    -4.41687584e-01 -4.85614419e-01 3.85990739e-02 -3.96921039e-01
    -5.15887380e-01 -6.36336684e-01 -6.98251247e-01 -3.28760356e-01
    -4.34911072e-01 -3.32763225e-01 -3.68518949e-01 3.81628275e-02
    -2.16992438e-01 -5.83263040e-01 -5.63453853e-01 -1.69712901e-01
    -3.26705843e-01 -2.39115059e-01 -6.22225881e-01 -7.23177910e-01
    -3.88899922e-01 -4.40027118e-02 1.04117393e-01 -6.24428034e-01
    -4.93856102e-01 2.43120193e-02 -5.02285779e-01 4.33291793e-02
    -7.11350441e-02 -3.74758065e-01 -1.51724696e-01 -3.49161625e-01
    -7.23654032e-02 5.81343174e-02 -1.97407722e-01 -8.18815827e-02
    -3.88471484e-01 -4.11403298e-01 -5.92793047e-01 3.08162570e-02
    -7.17225075e-02 -7.35582054e-01 -3.62174153e-01 -7.92229176e-01
    -7.41294861e-01 6.81287646e-02 -7.33929336e-01 1.97908044e-01
    -6.39923096e-01 5.00237942e-03 -5.74410319e-01 9.46562290e-02
    -4.59701210e-01 6.85848594e-02 -6.77501082e-01 -4.09704447e-02
    -3.53395551e-01 -7.15546489e-01 -7.27016509e-01 2.14738846e-02
    -1.43008828e-01 8.82550478e-02 4.62988019e-02 -5.53498864e-01
    5.99161983e-02 1.55854523e-01 -2.26942301e-02 -1.90030396e-01
    -1.08303547e-01 -8.31450224e-02 1.23070478e-02 -4.72319722e-01
    -1.70762777e-01 -1.77201271e-01 -7.95274854e-01 -7.16626167e-01
    -1.66380882e-01 3.33989859e-02 -5.38819432e-01 -5.97708166e-01
    -7.40194201e-01 -1.87772810e-01 -7.10651338e-01 -4.82678533e-01
    -6.56585813e-01 -8.25512409e-02 -4.24046695e-01 8.87607336e-02
    -4.40251946e-01 -7.27548003e-01 -4.25653309e-01 -3.10588360e-01
    -5.63481569e-01 -5.79144955e-02 -6.88876390e-01 -4.33167875e-01
    -4.81500179e-01 -5.68404794e-01 -5.86076498e-01 -3.53129268e-01
    3.45197678e-01 -2.43571371e-01 -5.08079410e-01 -4.57937419e-01
    -8.67863297e-02 -2.72574246e-01 3.86895537e-02 -5.62148511e-01
    -2.91610599e-01 -5.69262564e-01 -1.88582182e-01 -5.09781539e-01
    -7.06943631e-01 1.88916206e-01 -6.58123434e-01 8.25906992e-02
    -1.70208991e-01 -4.94369268e-01 1.73163414e-03 -1.13129795e-01
    1.40752852e-01 -6.75161719e-01 5.35804629e-02 -3.76982093e-02
    -4.88436818e-01 -5.29558420e-01 -2.00510025e-02 -3.38875353e-01
    -7.86938071e-02 -3.90447974e-02 4.34758663e-02 5.78662157e-02
    -5.36656260e-01 -2.44016647e-01 -4.51142013e-01 -4.50379103e-01
    -6.48896337e-01 2.26210713e-01 -3.94965559e-01 -6.03704333e-01
    -4.63622421e-01 -4.88015354e-01 -4.45285439e-01 7.96040893e-02
    -6.94903135e-01 1.60925746e-01 -8.10383558e-02 -4.00996029e-01
    3.51903379e-01 -5.32960474e-01 2.15136349e-01 -6.33750439e-01
    -7.21037865e-01 -1.37183785e-01 8.69048834e-02 -2.58654058e-01
    -7.55170107e-01 -2.04923868e-01 -2.79942840e-01 -1.08663499e-01
    -4.44588006e-01 -5.58820307e-01 -3.50008726e-01 -6.67456746e-01
    1.06619358e-01 -5.04938662e-01 -4.83471006e-01 -3.42951238e-01
    -4.29883003e-02 -5.46235561e-01 -2.04640687e-01 -4.15273011e-01
    -6.34465694e-01 -4.24836785e-01 -4.84422624e-01 -5.54592490e-01
    -1.45484209e-02 -1.10206187e-01 -7.65849173e-01 -5.10972142e-02
    -2.10247755e-01 -4.89140868e-01 -1.01888239e-01 -2.60828078e-01
    -7.10107327e-01 8.94439220e-03 -4.12887990e-01 -6.66212678e-01
    2.05801606e-01 -5.86624682e-01 1.34092152e-01 1.80370986e-01
    -3.05553913e-01 -4.07089353e-01 -7.69030571e-01 -4.20783728e-01
    -5.75804710e-03 -7.14690983e-01 -6.91432178e-01 -7.45863318e-02
    -7.43832588e-01 5.42988181e-02 -5.60901940e-01 1.35096312e-02
    -2.33591914e-01 -6.51614666e-01 -3.71259391e-01 -5.02182841e-02
    -5.80564559e-01 -5.67193985e-01 5.70924878e-02 -3.68692279e-02
    -1.63198173e-01 -2.66159594e-01 1.35470748e-01 -8.84413719e-03
    -7.75760531e-01 -5.23190022e-01 1.50880516e-01 -1.37123942e-01
    -4.75230575e-01 -4.06110287e-03 -8.42507482e-02 -1.08311832e-01
    -2.52758384e-01 -2.20125079e-01 -6.01254821e-01 5.13345003e-03
    1.48491859e-02 -3.40537071e-01 -6.21812046e-01 -4.93373483e-01
    -2.89434671e-01 -2.69704998e-01 -2.63121963e-01 -3.59615177e-01
    5.24751544e-02 -6.72618032e-01 1.33495331e-01 -3.20345223e-01
    1.17251813e-01 -6.63679957e-01 -5.77680707e-01 -3.22935075e-01
    -5.42338133e-01 -1.90790206e-01 2.68183291e-01 -5.29549837e-01
    -4.03181881e-01 -3.19493622e-01 -3.32125276e-01 -4.92407203e-01
    5.99431992e-03 -1.88414276e-01 -9.41847563e-02 -7.13091016e-01
    1.63058102e-01 -6.26164317e-01 -7.38366961e-01 1.98979020e-01
    -2.97042549e-01 -7.53030658e-01 4.09607291e-02 2.37224102e-02
    -5.74233532e-02 -7.07900047e-01 -4.94326055e-01 -6.95849776e-01
    1.01964355e-01 1.82009637e-01 -5.51769137e-01 1.16298199e-02
    1.45560443e-01 4.32499051e-02 1.11561775e-01 -1.06168032e-01
    -6.62310600e-01 1.63434744e-02 -4.28202927e-01 -5.32331109e-01
    -6.36123300e-01 -4.86600101e-01 -1.27644956e-01 -2.00212419e-01
    -1.77051246e-01 -1.70006514e-01 -1.46561563e-01 1.17997527e-01
    -1.85983062e-01 -2.08647370e-01 -7.49895573e-02 -1.82179511e-01
    -7.17426062e-01 -6.86733723e-01 -5.60617328e-01 -1.59915209e-01
    -1.57581925e-01 -1.88266635e-02 2.04036236e-02 5.40815592e-02
    -8.08610678e-01 -6.65162444e-01 -6.89654648e-01 -5.79573214e-01
    -6.11994267e-02 2.16318727e-01 -4.27259952e-01 1.72457457e-01
    -3.93889099e-01 -5.27204096e-01 1.03807449e-03 3.45187783e-02
    -4.62140441e-01 -1.08618438e-01 -1.13706768e-01 9.11661386e-02
    -6.14373922e-01 -8.46955180e-02 -4.36345905e-01 -1.82233572e-01
    1.45912170e-04 -6.87647343e-01 -7.69620240e-01 -3.13500941e-01
    5.99676371e-02 -5.77937722e-01 -7.01474071e-01 -3.12862217e-01
    -9.84470844e-02 -7.71854520e-02 -2.35882163e-01 -3.01806957e-01
    -2.77131170e-01 -3.91506016e-01 -3.00219715e-01 -7.71379471e-02
    -3.43697906e-01 -5.68178296e-01 1.43510699e-02 -5.54995418e-01
    -1.93689108e-01 -4.06070441e-01 -3.62998307e-01 -5.74609995e-01
    5.46395779e-04 -7.10230112e-01 -9.58858728e-02 -4.11600292e-01
    -3.60947549e-01 -2.99206197e-01 1.31826282e-01 1.60241604e-01
    -6.87178671e-01 -5.76403201e-01 -5.04049301e-01 -5.86677432e-01
    -4.75626022e-01 -4.84474987e-01 -2.75677919e-01 1.88510180e-01
    -2.10459352e-01 -7.93592095e-01 -4.10774231e-01 -3.89895022e-01
    -3.15401971e-01 1.02133930e-01 8.41177702e-02 -7.09990203e-01
    -6.33179247e-01 -3.10625553e-01 3.80200148e-02 -5.27372062e-01
    -4.07654315e-01 -5.97908378e-01 -3.36548090e-01 -3.99727643e-01
    -5.52704334e-01 -2.72590578e-01 -9.63606238e-02 -2.70193100e-01
    -3.74835730e-01 -4.89953876e-01 -7.55679011e-02 -8.33117902e-01
    -1.64327025e-02 -3.74028087e-01 -5.18606544e-01 1.11479878e-01
    -2.19685256e-01 -6.23853207e-02 -1.61647499e-01 -1.72307372e-01
    2.25837827e-02 -3.62666309e-01 -5.20478845e-01 2.63518810e-01
    -6.83267236e-01 -3.67884845e-01 -3.48189801e-01 -5.83398998e-01
    2.53467321e-01 3.53377461e-02 -5.54310679e-01 1.30885094e-01
    4.70684946e-01 -1.97021723e-01 -2.34958351e-01 1.10481262e-01
    -4.67472315e-01 -5.51049709e-01 -7.63142645e-01 -2.17181385e-01
    -6.43663526e-01 -9.82900262e-02 2.53235757e-01 -6.27483845e-01
    -6.78320885e-01 -7.23371208e-01 -3.31845522e-01 -7.17091978e-01
    -7.25604296e-02 -7.27674365e-02 -1.58434212e-01 2.55253911e-02
    -4.18953270e-01 -2.85423994e-01 3.42943668e-02 -4.68180448e-01
    -3.83237362e-01 1.40225410e-01 -1.82030261e-01 -5.43284774e-01
    -6.94962740e-01 -7.09036827e-01 -4.29295629e-01 -8.17142129e-02
    -7.53743052e-02 7.28223324e-02 -6.49413347e-01 -2.73941457e-01
    -6.20503306e-01 -5.00570059e-01 -2.36552149e-01 -6.86763287e-01
    -3.38008285e-01 -1.81313872e-01 -4.65304852e-01 -3.89645100e-01
    -2.19749808e-01 2.67409086e-02 -2.79987782e-01 -6.49240553e-01
    -5.77997327e-01 -4.20923650e-01 8.40651989e-03 -2.72312045e-01
    -1.53932929e-01 4.30333018e-02 -8.20105195e-01 -2.03291357e-01
    -2.78088808e-01 -4.37191814e-01 -1.81580007e-01 -7.10143209e-01
    1.30882442e-01 -5.08695543e-01 -2.55561590e-01 1.90581083e-02
    -6.16305828e-01 -1.98011100e-01 -6.01254165e-01 -1.90725446e-01
    1.12181067e-01 -2.75232434e-01 -6.16917133e-01 1.38668537e-01
    -5.42312682e-01 -1.58341110e-01 -8.41243386e-01 -4.69067693e-01
    -7.85896540e-01 1.45280361e-03 4.13865447e-02 -3.40906292e-01
    -2.49089330e-01 -6.67777658e-01 2.66820192e-03 -2.61882305e-01
    -5.22546887e-01 -2.49995530e-01 5.17227650e-02 -2.54824519e-01
    -3.93546402e-01 -4.47041988e-01 -6.80153787e-01 1.39926434e-01
    -2.61939436e-01 1.27281785e-01 -6.74548149e-01 5.54360747e-02
    -5.02722859e-02 -3.21977526e-01 -4.40275967e-01 -5.06731272e-01
    -2.77345717e-01 1.18128240e-01 -6.48517072e-01 -1.84011817e-01
    -2.05585837e-01 -2.64235616e-01 -3.98960829e-01 2.18487978e-02
    -7.39845634e-02 -3.65871191e-01 -3.12017679e-01 -1.36503756e-01
    1.62657797e-01 -2.92025805e-02 -4.37063217e-01 -3.69087189e-01
    -2.62488604e-01 7.92068839e-02 -7.62011349e-01 -2.28100061e-01
    -2.44746089e-01 -2.14009345e-01 7.54885077e-02 -6.87286556e-01
    -1.53480768e-01 -6.33141994e-01 -2.87990838e-01 -4.29608464e-01
    -8.37117434e-03 -4.18490291e-01 -2.49658763e-01 -1.04856968e-01
    1.89552128e-01 -5.37185550e-01 -1.75109982e-01 4.93920445e-02
    -4.88188922e-01 -7.07445264e-01 -3.97981882e-01 -1.11499727e-01
    -8.06648076e-01 -5.38408399e-01 -2.34564781e-01 8.61042738e-02
    -5.27037978e-01 -1.22447789e-01 -8.17040324e-01 -3.34996939e-01
    -6.11227691e-01 -3.37251663e-01 -4.57281411e-01 -8.25961232e-02
    -1.95136130e-01 1.19257689e-01 -5.89848161e-02 -6.34760022e-01
    2.16284692e-01 1.05322301e-01 -7.59601116e-01 -4.97654498e-01
    1.80816710e-01 -4.94945288e-01 -4.25057650e-01 -1.16282344e-01
    -2.84447730e-01 -8.22088718e-02 -5.97045362e-01 -4.10835564e-01
    8.36166143e-02 -3.26873183e-01 -4.48536545e-01 -1.55058563e-01
    -2.21677721e-01 -6.16516709e-01 -7.55696833e-01 -6.66699469e-01
    -5.06125212e-01 -3.79439056e-01 -2.99384356e-01 -2.32276261e-01
    -2.14946985e-01 -4.11851615e-01 -2.02176094e-01 -3.56588244e-01
    -4.13631052e-01 1.83061779e-01 -7.56954908e-01 2.02566981e-02
    -2.73750603e-01 -8.61053467e-02 4.85311151e-02 -1.48102224e-01
    -6.18157148e-01 -6.19962633e-01 6.55893683e-02 -6.46662951e-01
    -1.85808539e-01 -4.90737319e-01 -5.09106338e-01 -3.82233322e-01
    -8.45685005e-02 1.03776038e-01 -4.13207233e-01 -2.50941217e-01
    2.06570506e-01 -5.55477142e-01 -6.27872944e-02 -5.23490906e-01
    -2.67427236e-01 -2.36380696e-01 -1.52823806e-01 8.65334868e-02
    -4.58803535e-01 -5.76456904e-01 -4.35033262e-01 1.31713986e-01
    -7.54422903e-01 1.46750152e-01 -6.88606739e-01 -1.20393991e-01
    -2.54630029e-01 -1.03130341e-01 -7.06820607e-01 1.03251219e-01
    -4.32502449e-01 -2.55383134e-01 -6.20716512e-01 -4.73804414e-01
    1.01760507e-01 -5.00149786e-01 -2.55233705e-01 -6.03385687e-01
    -2.50374377e-01 -3.00447941e-02 -3.49325597e-01 -6.15866721e-01
    -3.35862100e-01 7.59444237e-02 -6.72986984e-01 -2.69261956e-01
    4.38556075e-02 -1.42762840e-01 -6.75308228e-01 -1.25370681e-01
    1.06288075e-01 -1.09624445e-01 -6.30199909e-01 -3.00347090e-01
    -6.59412742e-02 3.66029739e-02 -3.26295108e-01 -2.79141665e-02
    -5.87342978e-02 -6.70869768e-01 1.66144013e-01 5.71599305e-02
    2.20487595e-01 2.17690587e-01 3.25853705e-01 -6.81669414e-01
    -5.03180027e-01 -1.41702056e-01 -6.96722269e-01 -7.63217807e-01
    1.76941335e-01 -1.70822799e-01 -5.67252040e-01 -5.55019021e-01
    -1.74580812e-02 -3.27018619e-01 -2.74950385e-01 1.14051878e-01
    -4.91765022e-01 -2.61473835e-01 -4.69903946e-01 1.19984388e-01
    -4.54219133e-01 -5.72814703e-01 -3.95954698e-01 9.73041654e-02
    -4.62175250e-01 -4.56750631e-01 1.85355723e-01 -5.34107924e-01
    1.99915469e-01 -5.92893958e-01 1.31726444e-01 4.90698814e-02
    -6.11977577e-01 -2.98983812e-01 -1.64673924e-02 -7.50904441e-01
    -5.99675536e-01 2.82114804e-01 -5.82660615e-01 -2.55904704e-01
    -5.62897682e-01 -4.80154186e-01 -5.47688663e-01 -2.13782191e-02
    -3.24402928e-01 -5.12128949e-01 -1.29120529e-01 -2.80918211e-01
    -8.96595716e-02 -2.29177237e-01 -5.47330499e-01 -4.75952983e-01
    -9.86217260e-02 -3.87449831e-01 4.72311974e-02 -5.11339903e-01
    -3.95271808e-01 -4.10477728e-01 1.32680655e-01 -4.05849099e-01
    -2.57885098e-01 1.44124925e-01 3.75047922e-02 -7.28495002e-01
    -5.31412959e-01 -3.42112780e-02 -6.23301625e-01 -8.82782936e-02
    -6.93967223e-01 -5.45939267e-01 -7.45426476e-01 -1.93488300e-01
    -3.88594329e-01 8.47052336e-02 -7.27147341e-01 3.98712754e-02
    -4.10455227e-01 -9.97731686e-02 3.79985571e-02 -4.79525417e-01
    -6.00576639e-01 -6.99212432e-01 2.36380219e-01 -7.07933366e-01
    -2.33611465e-01 -5.64117432e-02 -3.27938795e-03 -4.83701497e-01
    -6.61900640e-02 -7.43290901e-01 8.26910138e-02 1.86172426e-01
    -6.68288648e-01 -3.41671109e-01 5.17300963e-02 -3.75719666e-01
    -6.21559620e-01 -2.24592596e-01 -2.55014896e-02 -2.26181775e-01
    -4.15478230e-01 1.84964478e-01 -5.66869378e-02 -6.10910654e-01
    -3.61490250e-02 -4.70445454e-01 -9.62336063e-02 -2.49849916e-01
    -4.20984447e-01 -6.07877493e-01 -6.75204933e-01 -1.45832777e-01
    -3.90442610e-01 -7.84363151e-02 -4.35824454e-01 -3.70921761e-01
    -4.04712200e-01 6.92610145e-02 -1.21649861e-01 -2.31389105e-01
    -8.54754448e-03 -3.52569580e-01 -6.42567754e-01 -2.02109993e-01
    -5.48721790e-01 -6.96619272e-01 -1.21388435e-02 -4.40782547e-01
    -7.33629942e-01 1.54534698e-01 -2.20522106e-01 6.21956587e-03
    -4.78259087e-01 -7.62108803e-01 -3.44728172e-01 -4.32642519e-01
    -2.50271380e-01 9.45187211e-02 -7.21695542e-01 -3.52693379e-01
    -6.36646092e-01 -1.27579629e-01 -1.63533688e-01 -5.22498131e-01
    1.89224482e-02 -2.79955506e-01 -2.39419162e-01 -3.87796223e-01
    4.62651849e-02 -2.09143996e-01 -4.91975039e-01 5.68180680e-02
    -2.02546537e-01 -6.90941453e-01 -6.17565036e-01 -6.33727551e-01
    -5.74460745e-01 -7.22077012e-01 1.44288599e-01 -2.44536579e-01
    1.58049762e-01 -5.61149240e-01 9.96005535e-03 -4.80406821e-01
    -6.15169764e-01 -4.68087733e-01 -3.46609890e-01 -3.59009892e-01
    -9.76048112e-02 7.45264292e-02 1.38208091e-01 -6.99777007e-01
    -2.08205462e-01 8.78424644e-02 -1.87421858e-01 -6.54131174e-02
    -8.19771290e-02 -3.34627718e-01 -5.65071762e-01 -6.45125508e-02
    7.11681843e-02 3.49875689e-02 -4.85254467e-01 -3.29278439e-01
    -4.06533927e-01 -7.02501416e-01 -5.17157614e-01 5.06977439e-02
    -1.98187172e-01 -4.76562828e-01 -3.62789035e-02 -1.40722990e-02
    1.12104595e-01 -5.31438649e-01 3.36300731e-02 -6.22710705e-01
    1.17223740e-01 -4.83786374e-01 -4.96830791e-01 -5.57266235e-01
    -7.53632784e-02 3.03536654e-03 -7.23833323e-01 -6.66650534e-01
    -2.95157433e-02 1.82192743e-01 -5.88472664e-01 -6.61714077e-02
    -5.79596162e-02 2.59077549e-03 -1.84244692e-01 -6.87760532e-01
    -5.43248057e-02 -6.21377230e-01 1.63248777e-02 3.44231725e-02
    4.85580564e-02 -7.04092920e-01 1.62725687e-01 -5.83426178e-01
    -1.99066103e-01 -7.20493376e-01 -3.37487161e-01 9.77743864e-02
    -3.36866081e-01 -6.19847238e-01 1.84684753e-01 -5.86532891e-01
    -6.18422508e-01 -5.04255354e-01 -4.75003660e-01 -2.03117013e-01
    -6.41476631e-01 -5.30796289e-01 1.15752816e-01 -4.03576702e-01
    -2.77910829e-02 -8.01125765e-02 -1.10077620e-01 -7.80748785e-01
    -2.17315018e-01 -4.96874988e-01 -3.23334932e-02 -6.76157832e-01
    -2.21890748e-01 -5.04215956e-01 -4.90733355e-01 -6.96098804e-02
    -3.23471814e-01 -2.65461743e-01 -5.13012886e-01 3.53088379e-02
    -3.07202339e-01 -3.68335396e-01 -3.28531682e-01 1.92798555e-01
    3.96435827e-01 -2.24833310e-01 -4.95034248e-01 -5.21078527e-01
    1.96087599e-01 -2.73500144e-01 -4.60561752e-01 2.01342106e-01
    -8.19370747e-02 -9.01370049e-02 -1.81383312e-01 -6.47604108e-01
    -5.52557349e-01 -2.04858780e-02 1.85502708e-01 -6.67249084e-01
    -3.23685288e-01 -7.46464431e-01 6.43374324e-02 -7.35410571e-01
    1.67790413e-01 -7.59788871e-01 -5.50960660e-01 -3.45029473e-01
    -5.96349776e-01 1.09906495e-01 -6.53255224e-01 -2.97783911e-01
    -5.66656947e-01 -2.13655710e-01 -4.60667372e-01 1.69989526e-01
    -5.16758502e-01 1.59122288e-01 -5.70508838e-01 -9.13289785e-02
    7.11498260e-02 -1.32996023e-01 -5.36626577e-02 -3.92332971e-01
    -4.20359612e-01 -6.10245585e-01 -4.77788746e-01 -6.84542775e-01
    -2.93620944e-01 -3.07377934e-01 -7.30266333e-01 6.03546500e-02
    -2.51298666e-01 1.93325937e-01 -5.67791820e-01 1.30962908e-01
    -6.19083881e-01 -1.99873209e-01 -4.56285477e-03 -4.93200600e-01
    -1.18708968e-01 -1.30077839e-01 -7.20876217e-01 -6.10726118e-01
    -6.50563717e-01 -8.34110081e-01 -4.49031204e-01 8.50452781e-02
    -7.36060262e-01 6.68952465e-02 4.98032570e-03 -6.25820756e-02
    -2.71357834e-01 -2.88008988e-01 -1.32573247e-01 -1.08923316e-02
    -7.16890693e-01 -1.27448082e-01 9.99767780e-02 -2.30050445e-01
    -4.17208612e-01 -3.60389948e-02 -7.67349601e-01 -3.16482872e-01
    1.08233631e-01 -2.88882256e-01 -6.02755785e-01 -5.21901548e-01
    -5.23813009e-01 -2.75892556e-01 -7.20988989e-01 6.51727915e-02
    -1.08732224e-01 -5.77338278e-01 -5.91555834e-01 -7.04800248e-01
    -2.44897902e-01 -3.13038230e-02 2.20993757e-02 -5.63504457e-01
    1.72013521e-01 -2.97046304e-02 -6.40159845e-01 -1.30524039e-01
    -4.30429816e-01 -3.21071208e-01 4.97441292e-02 -5.92200518e-01
    1.53285265e-02 -8.73827934e-02 1.09243751e-01 9.88873243e-02
    -6.28034949e-01 -7.49556780e-01 -2.04406798e-01 -1.37168705e-01
    -6.24325752e-01 -5.78223467e-01 3.95007730e-02 -5.40174246e-01
    1.90514088e-01 -6.82696283e-01 -4.87145364e-01 1.34489536e-01
    -6.01547360e-01 -7.80722082e-01 -1.19753897e-01 -3.14386994e-01
    -7.68190086e-01 -6.33396745e-01 -5.22353947e-01 1.02366447e-01
    -6.93512201e-01 -4.24751669e-01 -1.69200420e-01 -7.46787548e-01
    -2.44549394e-01 -6.84375167e-02 3.17067504e-02 -5.92859268e-01
    -3.83355469e-01 1.95825636e-01 -2.66288698e-01 -2.88671076e-01
    -1.57289505e-02 -2.19251037e-01 -7.05001593e-01 -7.76277304e-01
    -5.83648086e-01 -3.53909165e-01 -2.17244983e-01 -3.70958149e-01
    -1.73437595e-03 -1.33045316e-01 -2.30116367e-01 -4.03832257e-01
    -2.65569687e-01 -2.09351897e-01 -5.59979677e-01 -9.21720266e-03
    -2.15099752e-01 -2.19380260e-02 -1.70687735e-01 -6.72022939e-01
    1.10368133e-02 -6.32398963e-01 -2.55096465e-01 -4.37446654e-01
    -6.44352913e-01 7.92022943e-02 1.39866352e-01 -4.55376387e-01
    -2.07120419e-01 -7.81386137e-01 -4.60746348e-01 -7.49199510e-01
    1.46526933e-01 -6.98355913e-01 -1.37653708e-01 -1.07081175e-01
    -4.15859699e-01 -6.74109697e-01 -9.53274369e-02 -4.65539187e-01
    -2.64751315e-02 -3.77277881e-01 -5.31886935e-01 -1.33428991e-01
    -3.10219914e-01 -7.23110318e-01 1.67603016e-01 -8.25665832e-01
    7.41220117e-02 -2.00113118e-01 -5.46657205e-01 -5.43179095e-01
    -1.20489478e-01 -1.00007951e-01 -2.71360397e-01 -7.21524358e-01
    1.03744626e-01 1.96397305e-03 -1.95789099e-01 -1.15723073e-01
    -2.42154300e-01 -4.55664873e-01 -7.39191413e-01 -5.32515049e-01
    -4.85182047e-01 -1.51841640e-02 1.24667108e-01 -7.19356060e-01
    -8.83221030e-02 -4.51751411e-01 3.60775590e-02 -4.56356823e-01
    -1.20616019e-01 -3.78480613e-01 -6.63250685e-01 -2.51964033e-01
    -4.83483791e-01 -3.95686179e-01 -7.35301614e-01 1.55462265e-01
    -8.89618397e-02 1.43129706e-01 -3.50675672e-01 -3.57629001e-01
    -3.07527244e-01 -3.89273793e-01 -1.49063408e-01 -6.39712274e-01
    -2.18055844e-01 7.74793625e-02 -1.52860582e-01 -3.53536606e-02
    -2.86701977e-01 1.98580027e-02 -8.52453113e-02 -8.48056793e-01
    -4.24512863e-01 -8.33708763e-01 -5.92644513e-01 -7.32138276e-01
    -7.42629707e-01 -6.93404078e-01 -6.63639784e-01 7.80566335e-02
    -3.27944756e-04 -1.40028179e-01 3.49670649e-02 -5.12433350e-01
    1.70893490e-01 4.97071743e-02 -7.15242267e-01 1.60113513e-01
    -7.93607235e-02 -5.29536128e-01 -2.74915159e-01 1.29011691e-01
    1.73373520e-01 -2.19801456e-01 -5.24670780e-01 -6.06316268e-01
    -3.40328991e-01 2.56481230e-01 1.30548894e-01 -4.05641347e-01
    -1.70394182e-02 -2.91790754e-01 -3.03055316e-01 5.84782958e-02
    -3.19501162e-02 -1.85181022e-01 -8.41886997e-02 -1.12150133e-01
    -1.27221286e-01 1.20310843e-01 -1.61540508e-02 -1.80416644e-01
    -4.74650621e-01 1.45643711e-01 8.44196081e-02 6.54177666e-02
    -6.31870210e-01 -2.23676920e-01 -1.88309789e-01 -6.06754839e-01
    -3.94244760e-01 -2.77023613e-01 -6.03096724e-01 -5.21272063e-01
    -1.04385555e-01 -6.85638845e-01 -4.23684716e-01 -7.19631076e-01
    -4.94227320e-01 -3.06129396e-01 -2.50060111e-01 1.89603567e-02
    -6.44698024e-01 3.05809259e-01 -3.55610758e-01 -9.77236629e-02
    -3.15893948e-01 2.27221131e-01 -2.03939378e-01 -3.51811558e-01
    8.37644935e-02 -4.37702030e-01 -5.29134333e-01 -4.69304740e-01
    -1.72605515e-01 1.01383328e-01 -3.66593480e-01 -2.14012384e-01
    -1.37729287e-01 -6.70918643e-01 4.62059379e-02 7.55196810e-02
    7.78393149e-02 -4.82308865e-03 1.43665671e-01 -6.64604068e-01
    2.14747429e-01 -6.66528821e-01 -5.57678461e-01 -5.53877115e-01
    1.38177872e-01 -6.72941208e-01 -3.01675647e-01 -4.37202960e-01
    7.64530897e-03 -5.25160193e-01 -7.21061110e-01 -4.47429150e-01
    2.03790843e-01 -3.70742381e-01 -7.76857972e-01 -2.20300615e-01
    5.21259308e-02 -4.94316787e-01 -1.53151870e-01 -5.52779436e-03
    9.99018550e-02 -1.67110682e-01 -6.52335882e-02 -5.68647742e-01
    -2.61048198e-01 1.66868150e-01 -4.86469328e-01 -7.46588111e-01
    -2.79646933e-01 -2.67280936e-01 -6.92009687e-01 -5.29094577e-01
    -4.76674378e-01 -5.14130533e-01 -2.59101748e-01 -1.56642258e-01
    -2.63573915e-01 -7.28498518e-01 -1.94611728e-01 -1.28857911e-01
    -7.35600293e-01 -5.13502121e-01 -7.80393243e-01 -1.82264984e-01
    1.73580170e-01 -5.33330202e-01 -1.30722940e-01 -1.45570815e-01
    -1.72224998e-01 -1.25523806e-01 -7.38526762e-01 -2.25051880e-01
    -6.60620332e-01 -4.31852430e-01 -6.12093568e-01 -4.65273440e-01
    -2.03344941e-01 1.33733511e-01 -6.95915997e-01 -4.04030681e-02
    -1.00780129e-01 -2.08884537e-01 -6.31341934e-01 1.44145966e-01
    -1.80606246e-01 -6.96207762e-01 1.01951063e-01 -5.64113319e-01
    -2.85429597e-01 4.47694659e-02 -6.69502139e-01 -5.96126556e-01
    -6.38462186e-01 -3.60131532e-01 -7.14609385e-01 -4.15014774e-01
    -4.58388090e-01 -3.13534737e-02 -3.13685387e-01 -7.29973078e-01
    -2.01164424e-01 1.69107914e-01 4.08337116e-02 -5.76439857e-01
    -5.42147875e-01 -1.42265141e-01 -2.51645744e-01 -6.75894916e-01
    -1.56651080e-01 1.79509938e-01 -5.53218722e-01 9.57918167e-03
    -4.04751301e-03 -7.09143877e-01 -3.95229459e-01 -2.18573898e-01
    -3.51261735e-01 -6.08766556e-01 -3.15561175e-01 -2.98116177e-01
    -6.87851906e-01 -4.11324561e-01 -8.35471153e-02 -6.74495459e-01
    -4.37003672e-01 -5.55539608e-01 -7.54163027e-01 -1.32852793e-01
    1.78339124e-01 -1.33665562e-01 -6.23722851e-01 -3.11674118e-01
    -2.61389375e-01 -5.26126742e-01 -6.56341553e-01 7.97967911e-02
    -2.66442060e-01 8.73373747e-02 -7.37358570e-01 -6.38981223e-01
    -1.74981296e-01 -4.67036724e-01 -3.52644324e-01 -1.26128614e-01
    -1.19563937e-02 -3.87102574e-01 -1.89036667e-01 -7.66990066e-01
    -1.74240708e-01 -4.62845802e-01 -6.47702098e-01 -3.34491670e-01
    -4.12384272e-01 -1.65973306e-01 -1.48525834e-02 -3.75268042e-01
    -4.28273886e-01 1.27341330e-01 -5.86715400e-01 -1.61286592e-02
    7.27849603e-02 -1.14465952e-02 -5.04957795e-01 -7.17039526e-01
    -4.71654564e-01 -1.08590364e-01 1.87627077e-02 -1.69103205e-01
    -1.95747912e-01 -2.93600559e-02 -6.72152758e-01 1.74022913e-01
    -1.42701149e-01 -1.80319488e-01 -5.48759341e-01 -1.04804873e-01
    -4.70111966e-02 -7.43234932e-01 -2.67687321e-01 1.69255614e-01
    5.60613871e-02 -8.58205557e-03 -7.33355761e-01 -6.91529870e-01
    -1.57396019e-01 -2.05635905e-01 -7.60347068e-01 1.46513581e-02
    -7.46372104e-01 -2.30749369e-01 -2.27989435e-01 -3.85833025e-01
    -4.92482960e-01 -5.23933172e-02 -2.13483095e-01 -3.75128061e-01
    -2.47433782e-02 -1.22322798e-01 -6.35593414e-01 -1.52984262e-01
    -5.22908807e-01 -7.33314753e-01 -4.71838117e-01 -6.05761051e-01
    -3.50618035e-01 -2.71551490e-01 -7.11684704e-01 -1.22498214e-01
    -6.78078294e-01 2.13447571e-01 -4.98707652e-01 1.35505110e-01
    2.35829830e-01 -5.11755586e-01 -4.32506353e-01 -5.51334381e-01
    -2.18588442e-01 -4.01390016e-01 -7.12453365e-01 -1.33609414e-01
    -2.27644622e-01 -1.19793832e-01 -5.91664433e-01 -6.18802369e-01
    -2.79468387e-01 -6.09958291e-01 -6.67523026e-01 -6.31854594e-01
    -5.43969095e-01 -2.44699836e-01 -7.46789694e-01 -6.82981730e-01
    -9.04819369e-02 -1.15412176e-01 -5.93771756e-01 -6.14864111e-01
    1.56061053e-02 3.45620513e-02 8.52282047e-02 -4.23948973e-01
    -5.20993948e-01 -1.94264054e-02 -1.48252964e-01 -3.34271491e-01
    -6.43284559e-01 -7.59164095e-02 -4.98123229e-01 1.51917338e-02
    -7.69750714e-01 -6.01871490e-01 -7.01878667e-01 1.83713436e-01
    -2.44114131e-01 -2.42479712e-01 4.54328060e-02 -5.75649381e-01
    1.93074048e-01 -7.44326532e-01 -4.59895641e-01 7.27871060e-02
    -3.34145427e-01 -1.42117977e-01 -2.63663888e-01 -7.08518326e-01
    -4.39568639e-01 -4.84107852e-01 -2.31968701e-01 -3.53002399e-01
    -4.28116530e-01 -6.54745579e-01 -7.11834788e-01 -5.88602841e-01
    -7.10572004e-02 8.31784606e-02 -5.52287698e-01 -2.98790395e-01
    -6.01157308e-01 -6.00206852e-02 -3.45342994e-01 -7.63843656e-02
    3.75915170e-02 -4.73995119e-01 -4.34419930e-01 -5.49664378e-01
    -4.93718117e-01 -4.67860222e-01 7.74744749e-02 -4.70064133e-01
    1.96458519e-01 4.05687094e-03 -4.59674209e-01 -6.38566494e-01
    -3.99117559e-01 -2.92478740e-01 -1.55171752e-01 5.68807125e-04
    -7.35843539e-01 -3.98167312e-01 -3.97958159e-02 -4.35985059e-01
    -9.39396024e-02 -6.34404004e-01 -3.34076285e-02 -1.06434226e-02
    -1.17807925e-01 -3.37738395e-01 -3.57062191e-01 -4.43263501e-01
    -1.61962092e-01 -2.33652055e-01 -2.53396869e-01 -2.56285787e-01
    -4.03705359e-01 -6.60994530e-01 -5.82570314e-01 1.81560397e-01
    -4.82184052e-01 -2.80929506e-01 -4.25787449e-01 -4.40067559e-01
    -3.79512399e-01 -3.23772430e-04 -7.41204500e-01 3.57372165e-02
    -3.39099079e-01 -2.13156044e-01 -8.39217305e-02 -1.05152726e-01
    -1.32409930e-02 -4.01487917e-01 -4.76626873e-01 -2.77144313e-02
    -4.81801569e-01 9.42465067e-02 9.90189910e-02 -3.62094223e-01
    -5.41420281e-01 -8.93331170e-02 -1.63361251e-01 -1.05888724e-01
    -4.69451249e-01 2.71367431e-02 -1.76032186e-01 -1.18596435e-01
    7.73164630e-02 -7.31645226e-01 1.23347640e-01 -3.13377023e-01
    -4.32099432e-01 -1.27328455e-01 -6.80922866e-01 -2.50163257e-01
    8.50619674e-02 -5.85997581e-01 -6.54172301e-01 -7.37547874e-04
    4.48893309e-02 -7.39795089e-01 -9.79474187e-02 -2.72766590e-01
    -4.92468506e-01 -1.90701485e-01 -1.90989256e-01 -7.09705591e-01
    -3.22499156e-01 -1.43402517e-01 -6.55628681e-01 -4.07090783e-02
    -6.25947475e-01 -7.18305111e-01 2.09923506e-01 -3.48398685e-02
    -2.22840965e-01 -2.46689618e-01 -1.21906579e-01 -1.20747745e-01
    1.74618900e-01 6.88658953e-02 -5.52495837e-01 1.75580978e-01
    -3.61631364e-01 -7.05366254e-01 -5.11364222e-01 -2.50347257e-01
    4.55995798e-02 -1.87426329e-01 2.21079588e-03 2.05638289e-01
    -3.26211154e-01 2.37045765e-01 -6.04882181e-01 -6.65045500e-01
    -5.73698699e-01 -5.81818640e-01 -1.42090559e-01 -6.14604354e-02
    -8.32906365e-02 1.02792561e-01 -3.01521599e-01 1.83234811e-01
    -2.80609965e-01 -5.76299787e-01 -1.36517406e-01 -5.19312859e-01
    -4.17083442e-01 -4.68477070e-01 -6.74775839e-02 -7.55699873e-01
    -5.45644283e-01 -1.94041729e-02 -8.47379804e-01 -3.74832660e-01
    -4.07315105e-01 -4.39289212e-02 1.92684233e-01 -7.33346939e-01
    -1.81683660e-01 1.24215543e-01 6.38031363e-02 1.30949736e-01
    9.31304097e-02 -4.71626818e-01 -7.52431989e-01 -5.08220375e-01
    -6.65850639e-01 -6.65444136e-01 -7.46328115e-01 -1.75586104e-01
    -2.91860819e-01 -4.87161368e-01 -7.06119597e-01 -3.40583414e-01
    9.10098553e-02 -5.45128644e-01 -3.34184855e-01 -3.30962121e-01
    -6.76817417e-01 8.15682411e-02 1.70729280e-01 -6.50078535e-01
    -5.75556159e-02 -3.25953901e-01 7.86159039e-02 -5.09042740e-01
    -3.61583948e-01 -3.76266539e-01 -2.04059660e-01 -3.01595211e-01
    9.73216295e-02 -4.11244452e-01 -1.49381697e-01 1.09380007e-01
    -1.13603950e-01 -5.10365903e-01 1.18337810e-01 1.11138165e-01
    -4.21597600e-01 3.15415263e-02 -4.25063044e-01 -1.17642164e-01
    -4.56931233e-01 -5.47062635e-01 1.80492818e-01 -2.73703337e-01
    -5.20054281e-01 -1.20602489e-01 2.46434987e-01 -3.52055103e-01
    -3.49688411e-01 7.30885863e-02 1.68306172e-01 -1.92480296e-01
    1.69454217e-02 -5.81514597e-01 -5.50463080e-01 -1.04899883e-01
    -2.43027985e-01 -4.23545182e-01 -4.30520415e-01 -3.39153528e-01
    -3.09787899e-01 -4.21908587e-01 1.52639508e-01 -1.86347365e-01
    -2.82722831e-01 -2.78490663e-01 5.49309254e-02 -3.81095439e-01
    -4.62273985e-01 2.81354189e-02 -5.66626787e-02 -7.74863958e-02
    -1.75884306e-01 1.13031209e-01 -5.63806772e-01 -4.89104599e-01
    -9.61622596e-02 -6.39736176e-01 -2.16597319e-03 -7.58297205e-01
    -1.39659643e-03 5.73781133e-02 -2.45099068e-02 -9.68118906e-02
    -1.28276825e-01 1.30126834e-01 -5.36807835e-01 -2.50475705e-01
    7.76087642e-02 -4.08372253e-01 -6.87556505e-01 -3.39990735e-01
    2.09881067e-02 -4.43204343e-01 -7.56638646e-01 -1.38385177e-01
    -1.19333208e-01 -4.35825706e-01 -5.77414215e-01 -2.95227319e-01
    -4.74517792e-01 -8.49839449e-02 -2.04488456e-01 2.91994691e-01
    -3.40874314e-01 -9.18386579e-02 1.08583331e-01 -4.28679913e-01
    3.43780518e-02 -4.87476587e-01 -7.21611381e-01 -5.09960175e-01
    -4.71542776e-01 -6.38757765e-01 -1.01580620e-02 -6.59202695e-01
    -1.75868034e-01 -3.37717295e-01 1.92993879e-03 -2.11835086e-01
    -1.71865702e-01 -5.63854814e-01 -2.83939689e-01 -5.13912201e-01
    -6.98937356e-01 -4.18302923e-01 -3.10280234e-01 -6.90960288e-02
    -3.52722883e-01 3.62100601e-02 -2.17246413e-01 -7.81769574e-01
    -7.48264790e-01 -1.01399899e-01 -5.89755237e-01 -6.29493475e-01
    -3.16368937e-01 -4.65702593e-01 -6.87649131e-01 -9.37640667e-02
    -3.00368309e-01 -3.34629059e-01 -4.66252387e-01 -3.70208979e-01
    -6.51418388e-01 1.48312867e-01 1.86125636e-01 -8.87655616e-02
    -6.33097649e-01 -1.03450239e-01 -2.48781025e-01 -2.21059859e-01
    -1.52897179e-01 -3.18339884e-01 -3.78184736e-01 1.52322590e-01
    -3.07430744e-01 -2.78977513e-01 -5.21758795e-01 -4.20368165e-01
    -8.09898376e-02 -4.16180849e-01 3.85361910e-02 -6.13543570e-01
    -2.64721453e-01 -2.13890195e-01 -2.10821271e-01 -7.24213719e-01
    1.07630372e-01 -7.47355819e-01 -4.10928667e-01 8.89737606e-02
    -1.21672153e-01 -8.02429914e-02 -8.25901985e-01 -4.15488839e-01
    1.06744826e-01 -4.61497456e-01 -3.06320310e-01 6.39309883e-02
    7.89768100e-02 -7.63787448e-01 -6.69378400e-01 -1.15927815e-01
    1.12823188e-01 7.86834955e-02 -2.16961622e-01 -2.84646273e-01
    -4.79772508e-01 -8.18692088e-01 1.67966545e-01 -2.96804428e-01
    -4.85931039e-02 -7.44346976e-01 -6.77407980e-01 -3.87500525e-02
    -7.47128487e-01 -4.65566725e-01 -2.84138918e-01 -1.47941411e-01
    -7.54890919e-01 -3.25714171e-01 7.60140419e-02 -7.59603977e-01
    -4.81989026e-01 1.99273109e-01 -2.61469603e-01 -5.53306818e-01
    -6.62252247e-01 3.20333242e-03 -4.81668711e-01 2.45502710e-01
    -4.72108662e-01 -2.99559951e-01 -5.55545449e-01 1.71175599e-01
    1.82473660e-02 1.75666571e-01 -5.29497862e-02 -4.33199823e-01
    -5.35516679e-01 -3.97566766e-01 -6.75370216e-01 -1.23613656e-01
    -6.83240414e-01 -2.37444520e-01 -2.11175084e-01 -7.11989045e-01
    -5.73404074e-01 1.72182381e-01 3.06596756e-02 1.45806849e-01
    -5.35330892e-01 -5.31825304e-01 -3.10390890e-01 -7.65854955e-01
    -5.34742713e-01 -6.12682521e-01 -6.61479831e-01 -6.54926181e-01
    -5.50502956e-01 1.11649334e-01 -1.60163939e-01 8.77240300e-02
    -7.31139421e-01 -1.44672573e-01 -7.80040860e-01 -6.03503227e-01
    -2.39855349e-01 -5.07516861e-02 -4.84801948e-01 -2.88420022e-01
    -5.01963735e-01 -4.06647146e-01 -5.84173799e-01 -4.74202663e-01
    8.18790793e-02 -7.71952271e-02 -7.20042944e-01 1.54353380e-01
    -1.50173664e-01 -1.30395472e-01 -2.88088322e-02 -2.55172253e-02
    1.65453434e-01 -4.11612749e-01 -5.17734349e-01 2.32680857e-01
    -6.23236954e-01 -6.93856835e-01 -1.30826056e-01 8.34626555e-02
    -7.35189676e-01 8.24536085e-02 -7.87832737e-01 -1.95696354e-02
    -1.23091340e-01 -3.64394367e-01 -7.29001522e-01 5.82552552e-02
    -7.46236920e-01 -2.37658620e-02 -4.99228209e-01 3.97666693e-02
    -4.96388823e-01 -2.24123836e-01 -7.55983591e-03 -4.31696147e-01
    5.40114045e-02 -4.02727544e-01 5.14076948e-02 -7.17564166e-01
    -7.01113939e-01 -2.64867961e-01 -5.56738377e-01 -2.20233500e-01
    -4.33248430e-01 1.31133795e-02 -4.22882318e-01 -2.70417988e-01
    -2.94843405e-01 -1.44844830e-01 2.74348438e-01 -3.60618055e-01
    -1.05888516e-01 1.05250418e-01 -7.38972425e-02 -3.43889594e-02
    -2.42402554e-01 -6.65577650e-02 -3.19893956e-01 -6.33921504e-01
    -2.90314287e-01 -1.68707013e-01 -5.21500945e-01 -2.24004149e-01
    -1.50854111e-01 -3.95188272e-01 1.91112638e-01 -2.63087869e-01
    -4.82876390e-01 -9.62666273e-02 -2.33985484e-01 -6.88434005e-01
    -5.45735061e-01 -5.80042124e-01 -2.68829405e-01 -1.38824880e-01
    -5.18405557e-01 -5.91749668e-01 -7.33847618e-01 -2.19365835e-01
    -1.34748578e-01 -1.56498671e-01 5.33035994e-02 -3.57136726e-01
    -7.71690011e-02 -2.93329358e-02 -2.26432025e-01 -3.89716059e-01
    -4.11963582e-01 -6.66897297e-02 -1.95970476e-01 -7.04192340e-01
    -2.30448842e-01 -1.82427168e-01 -1.78723514e-01 -3.83749247e-01
    1.40200078e-01 -6.67783856e-01 -1.11002982e-01 -1.14198804e-01
    -3.79231155e-01 -2.43515432e-01 1.92989111e-02 2.23626494e-02
    -6.41780913e-01 -2.06331670e-01 -6.32358074e-01 -1.57860279e-01
    -4.87854213e-01 -4.93158191e-01 2.48320401e-01 2.13937402e-01
    -4.47750926e-01 -7.28332400e-02 -1.07469916e-01 9.16956067e-02
    -1.27108276e-01 2.97974944e-02 -6.07452631e-01 -3.48304093e-01
    1.01115048e-01 -5.66946566e-01 1.23535335e-01 -1.18936777e-01
    -5.39334238e-01 7.98521638e-02 -1.59643829e-01 -4.90458816e-01
    -7.34027863e-01 4.98919487e-02 -4.36665595e-01 -1.07669294e-01
    1.27843618e-02 -3.13187718e-01 -3.99867535e-01 -5.98937869e-02
    7.92825818e-02 -5.21227121e-02 -6.46616220e-02 -1.92753315e-01
    -6.07216179e-01 -7.44170070e-01 -4.82735485e-01 -5.79458475e-03
    2.86515951e-02 -1.11134052e-01 -2.07333565e-02 -4.08513546e-02
    3.91676426e-02 9.75483656e-03 -1.33746862e-01 -6.30391359e-01
    -6.84378982e-01 1.87016070e-01 -7.12957323e-01 -4.83119458e-01
    -4.82305318e-01 1.31700635e-01 -4.62858379e-01 -3.71117443e-01
    -4.89666045e-01 -9.29719210e-03 -2.84534931e-01 -5.41773200e-01
    -7.34752297e-01 1.09083891e-01 -6.69723034e-01 -6.99149370e-01
    -5.63081086e-01 -1.24072492e-01 -1.76462293e-01 -8.87560844e-03
    -4.33578134e-01 -2.71605670e-01 -3.69876623e-02 -2.59093940e-01
    -5.90050876e-01 5.76728582e-03 -2.40582108e-01 -4.73503858e-01
    -5.01388311e-01 -7.47614563e-01 1.28099918e-02 -3.60409886e-01
    -6.02127850e-01 -7.00490355e-01 -4.89525497e-01 -7.56870151e-01
    8.71241093e-04 -8.43868017e-01 -2.40538359e-01 5.12292385e-02
    8.47828388e-03 -7.67360449e-01 -1.95178449e-01 -5.07150292e-01
    -9.57067013e-02 -5.59455752e-01 -4.43630517e-01 5.92864156e-02
    -5.13954103e-01 1.37355626e-01 -4.86961603e-02 -2.15214849e-01
    7.53561854e-02 -7.29792118e-01 -4.45090473e-01 8.68570805e-03
    1.02461219e-01 -5.23068309e-01 -5.55405259e-01 -4.45589662e-01
    -1.38301432e-01 -4.91463214e-01 -5.40446520e-01 -6.41016722e-01
    6.81224465e-02 7.16589689e-02 1.64688468e-01 -2.55710185e-01
    -5.08401811e-01 -4.86589253e-01 -6.15647435e-01 -6.08206987e-02
    -4.29862529e-01 -3.78332406e-01 -4.11411196e-01 -6.05738878e-01
    -3.79703045e-02 -2.37429410e-01 1.02079928e-01 -1.24788702e-01
    -5.15237808e-01 -3.95272225e-01 -3.88306379e-01 -3.28472078e-01
    -3.76243860e-01 -3.05798054e-01 -5.29565215e-01 -5.55316746e-01
    -3.49254489e-01 9.04173851e-02 1.31797791e-01 -1.98571026e-01
    -6.66736364e-01 -7.22323060e-02 -7.78836548e-01 5.60840368e-02
    -1.75201535e-01 -3.73398662e-02 -1.40054941e-01 8.02788734e-02
    -3.95973444e-01 -3.48161072e-01 -5.78687072e-01 -2.82214284e-02
    -6.47859395e-01 -2.48245537e-01 -4.75254893e-01 -6.11329198e-01
    -6.58138990e-01 -5.31353116e-01 -3.78095388e-01 -4.36844349e-01
    -6.17216349e-01 -1.05219901e-01 -8.26017857e-01 -4.56981063e-01
    1.26050532e-01 -3.34308922e-01 -1.76525414e-01 -3.14685762e-01
    6.26556277e-02 -3.14250320e-01 -3.59803289e-01 -4.90659833e-01
    -4.44435239e-01 6.15875125e-02 8.03356767e-02 -4.42373455e-01
    6.24764562e-02 4.47452068e-04 -4.77957308e-01 -4.39498007e-01
    -1.97758138e-01 -3.54763865e-01 -7.13829041e-01 -5.86223006e-02
    -6.34385228e-01 -5.83689928e-01 -5.60132921e-01 -2.01697588e-01
    -4.97659713e-01 -5.99270701e-01 1.57618165e-01 -4.69989359e-01
    3.53052020e-02 -8.02306533e-02 -5.98142028e-01 -7.73602724e-03
    1.30689323e-01 -6.00741088e-01 -2.65178561e-01 1.00639105e-01
    1.06608868e-01 -1.03471339e-01 -5.25387287e-01 3.29178840e-01
    1.14379764e-01 2.10222900e-01 -2.74014264e-01 -4.81824458e-01
    -3.57369334e-01 -4.15062666e-01 1.34276032e-01 1.72778428e-01
    -3.06301892e-01 -3.91006470e-03 1.42473042e-01 -4.67131495e-01
    -1.00145578e-01 1.87367201e-01 -4.56449747e-01 -6.11190319e-01
    -4.48566198e-01 3.27841043e-02 -7.23111629e-01 -3.04841787e-01
    -6.65894628e-01 -6.44532084e-01 -7.76368380e-03 -6.91502094e-01
    -4.15731639e-01 1.50107086e-01 -5.98373711e-01 -6.15649343e-01
    -2.19019651e-02 6.67917728e-02 -1.95395648e-01 -4.10040110e-01
    1.74937844e-02 -8.38484108e-01 -5.41143060e-01 -7.68244863e-01
    -3.74621212e-01 -6.16441965e-02 4.75164056e-02 -7.48816729e-02
    -3.67987603e-01 -1.22084916e-01 -7.17060566e-02 -4.70953822e-01
    -3.62283707e-01 -2.66872078e-01 -6.13602281e-01 -5.47280192e-01
    1.37919009e-01 -1.45615220e-01 -1.73546433e-01 -4.97695744e-01
    2.32826889e-01 -4.82049853e-01 -3.99162352e-01 -4.28071499e-01
    -4.31510270e-01 -5.15057325e-01 -2.36162663e-01 -6.77428067e-01
    -4.23920274e-01 -5.90399742e-01 9.80488062e-02 5.60480356e-03
    -3.78638864e-01 -6.11720324e-01 -4.77906376e-01 -4.16403681e-01
    -3.04603040e-01 -2.45876253e-01 -2.55818427e-01 1.10141039e-02
    -3.94528687e-01 -6.40007496e-01 -9.79940891e-02 -5.04025221e-02
    1.70172989e-01 -7.09393919e-01 -3.67415488e-01 -5.43027759e-01
    -6.03354573e-02 -1.17000520e-01 -3.15058589e-01 -1.98512614e-01
    -1.23683214e-01 -7.65121639e-01 -3.46645325e-01 -2.04517126e-01
    -4.58267599e-01 -1.33390963e-01 1.54806793e-01 -5.52372336e-01
    -2.12676466e-01 -6.87921643e-02 -3.45711410e-01 -8.79234195e-01
    -3.80309105e-01 -1.59199655e-01 -7.83483505e-01 -7.81089783e-01
    -6.27071857e-01 2.68058181e-02 1.32940769e-01 -4.12828475e-01
    -2.46191859e-01 1.99310184e-02 -4.50777948e-01 1.76472843e-01
    1.99069977e-02 -5.87035596e-01 -4.51242924e-03 -4.46294725e-01
    -1.63204968e-01 -9.43394899e-02 -2.28665769e-01 -5.56270123e-01
    5.61508536e-02 4.07049656e-02 6.30087852e-02 -6.76868796e-01
    -6.68514848e-01 -1.20030642e-02 -6.06114328e-01 -6.94476485e-01
    -6.10267699e-01 -8.89463425e-02 -5.98704815e-01 -6.52139664e-01
    -4.83308673e-01 -3.34085226e-01 -4.90753502e-01 -2.67024577e-01
    -6.85880303e-01 -5.39451480e-01 3.07386518e-02 -2.27696419e-01
    2.31623650e-02 -5.70288897e-02 -3.04347277e-01 -4.62391078e-01
    -8.73690844e-02 6.64714575e-02 -1.70809269e-01 -7.50386715e-01
    -2.11469233e-01 8.45565796e-02 -4.97228086e-01 -3.34575325e-01
    -7.29828000e-01 -6.94450557e-01 -5.77758789e-01 -4.96931940e-01
    -3.82379293e-02 -2.44063556e-01 1.30569756e-01 1.69523954e-02
    -7.93205857e-01 1.71450377e-02 1.75275207e-02 -6.36482358e-01
    2.45073140e-01 -2.39297807e-01 -2.57316172e-01 -6.75073802e-01
    -3.22551191e-01 -4.18381274e-01 -3.42613697e-01 -1.80087566e-01
    -6.70536995e-01 -5.21663964e-01 -5.91870785e-01 -4.07511711e-01
    1.53115749e-01 2.62509108e-01 -5.13225615e-01 -7.09298015e-01
    2.11257100e-01 -1.52825773e-01 -4.05201256e-01 -4.88839269e-01
    2.23719597e-01 -2.08572984e-01 1.31546259e-01 -1.67395413e-01
    1.09255373e-01 -6.19461656e-01 2.55057812e-02 -5.16928852e-01
    -5.09100735e-01 2.18897462e-02 -4.44231033e-02 -9.36938524e-02
    -8.64382863e-01 -1.78241670e-01 5.73964119e-02 -5.56818724e-01
    -2.17210174e-01 -3.75021160e-01 -1.99302733e-01 8.87458920e-02
    -7.03557491e-01 -2.17029512e-01 -5.44544339e-01 -5.05178332e-01
    -3.88659477e-01 1.05408132e-01 -6.71665847e-01 -1.50375724e-01
    -4.23030019e-01 -3.44243169e-01 -1.37311041e-01 4.79823947e-02
    4.31630015e-02 -7.55449414e-01 -2.39876091e-01 -4.91135418e-01
    -7.74379849e-01 -5.58200955e-01 7.35682845e-02 -7.16141939e-01
    -6.40059114e-01 -7.04821944e-02 -3.06488901e-01 -6.68295622e-02
    4.90897894e-03 -6.21298671e-01 -3.34707141e-01 -4.16585922e-01
    -7.28496552e-01 1.18990183e-01 1.36912286e-01 -6.67259574e-01
    9.14347768e-02 -6.02862000e-01 -3.18387032e-01 -1.40652537e-01
    -5.17560720e-01 -3.27394247e-01 -1.13317847e-01 -7.93834925e-01
    -8.02932858e-01 -1.56127214e-02 -3.57501537e-01 -7.55941153e-01
    -2.80826807e-01 -7.90812731e-01 -3.21261287e-02 -2.82738268e-01
    -4.04244810e-01 -3.18408906e-01 -7.84298778e-01 -6.13025069e-01
    -6.39376104e-01 -2.32215583e-01 -2.03141451e-01 -2.72878855e-01
    1.93028390e-01 1.73834562e-01 -4.33757782e-01 -1.66973293e-01
    -2.09563017e-01 -4.18865025e-01 -6.51164055e-01 2.65958965e-01
    -4.07972842e-01 -3.12818736e-01 -5.72152972e-01 -2.68086076e-01
    -4.26948965e-01 -1.63339496e-01 -4.20563757e-01 -7.35720158e-01
    -9.36279297e-02 -1.73050284e-01 -1.07234299e-01 9.25893188e-02
    -2.56263614e-02 -6.70326114e-01 -1.39481246e-01 1.78526163e-01
    -6.59435987e-03 -1.35060251e-01 -7.00032413e-01 2.48742104e-03
    -3.16439122e-01 -5.15309513e-01 -4.21766341e-01 -1.05787218e-01
    1.36955202e-01 -6.41786873e-01 -2.36852825e-01 -4.31006312e-01
    -2.91274488e-01 6.89535737e-02 -7.46080399e-01 -7.58534312e-01
    1.25403821e-01 -3.55234057e-01 -8.29610229e-02 -6.18439317e-01
    -4.14416373e-01 -8.09034109e-02 7.38356113e-02 -5.45412302e-02
    8.11719298e-02 -5.05230725e-01 -9.01470184e-02 -2.16574848e-01
    -2.55302072e-01 -6.44786477e-01 -5.64180136e-01 -5.83598018e-01
    -5.91796577e-01 1.11328125e-01 2.57715464e-01 -6.55176640e-01
    -6.76648021e-01 1.89834774e-01 -3.60250860e-01 -3.93048823e-01
    -6.48520887e-01 2.02218473e-01 -5.67600250e-01 -4.49108243e-01
    -1.85038924e-01 -1.81522906e-01 -4.45263386e-01 1.04134917e-01
    7.26640224e-02 -7.21448421e-01 -5.95253706e-01 -6.10510886e-01
    1.11416578e-02 -6.47753000e-01 2.42853403e-01 -7.02991486e-01
    -1.83427334e-02 1.41684115e-01 -6.62731528e-01 5.27048707e-02
    -3.80706847e-01 4.78982329e-02 -3.40630889e-01 -3.59476894e-01
    1.65222943e-01 -7.21649885e-01 -7.77565718e-01 -3.38574052e-02
    -4.42833662e-01 -3.23685706e-01 -4.87289131e-01 -1.92754745e-01
    -5.63363075e-01 -6.77109241e-01 -7.88703918e-01 1.41712070e-01
    -4.17598575e-01 -4.73381102e-01 -1.09760582e-01 1.81199312e-02
    -6.39767766e-01 -8.03215504e-01 -5.92830420e-01 -7.87782192e-01
    1.50080323e-02 -4.07155275e-01 -3.63734215e-01 5.55227995e-02
    -3.58826637e-01 -2.02982605e-01 -2.67343104e-01 -1.43675089e-01
    -6.91074252e-01 -6.02227449e-03 -2.74983406e-01 -6.67173505e-01
    5.70650101e-02 -5.86405873e-01 -3.70715261e-02 -7.60661781e-01
    -1.39361620e-03 7.91107416e-02 -5.34268200e-01 -8.43058825e-02
    3.06586623e-02 -1.45029664e-01 -2.15776324e-01 -4.53609228e-02
    -7.57772028e-01 -9.97157693e-02 -2.98231423e-01 -3.38981748e-02
    -7.64899254e-01 -3.26700687e-01 -3.18524480e-01 -6.45590484e-01
    -4.56300884e-01 -5.66763997e-01 -2.28466272e-01 8.66897106e-02
    -4.92876351e-01 -3.41374576e-01 1.37172997e-01 1.47881389e-01
    -2.60919690e-01 1.59180522e-01 -3.70581686e-01 -7.79874325e-02
    -5.75652838e-01 -5.16662240e-01 -3.24856102e-01 -2.09539890e-01
    -7.70867825e-01 -6.08236670e-01 -2.13280320e-02 -4.38199639e-02
    -7.43555427e-02 -4.87098843e-01 1.63384080e-02 -6.47844017e-01
    -5.05244374e-01 -1.24650002e-02 2.45025396e-01 -6.82398677e-01
    -1.18925095e-01 2.28470445e-01 -3.90633911e-01 -1.83469534e-01
    -5.85377276e-01 2.07044482e-01 -2.85010338e-02 -6.12583995e-01
    -4.12703842e-01 -3.49008709e-01 -6.90895498e-01 1.00208223e-01
    -5.77789187e-01 -4.61410999e-01 -4.76039767e-01 -6.12807274e-01
    -6.22308195e-01 -6.64125323e-01 1.09276772e-01 -4.53860164e-02
    -2.78502345e-01 -5.26025951e-01 6.67355061e-02 -8.24780464e-02
    -7.14784265e-01 9.80805755e-02 2.63036489e-02 -8.20269823e-01
    -5.31845570e-01 -4.17947143e-01 -2.02927113e-01 1.52228773e-01
    -7.39087224e-01 -3.82407367e-01 -1.17449522e-01 -2.86539882e-01
    -1.24964297e-01 -6.38144970e-01 1.80486560e-01 1.56690478e-01
    -3.13651651e-01 -6.44632518e-01 -4.81552601e-01 1.50818825e-01
    1.27242804e-02 8.62616897e-02 -9.56667066e-02 -1.06811464e-01
    -3.92994940e-01 -9.70017910e-02 -5.27310014e-01 -5.20001769e-01
    -4.68916714e-01 -5.42136073e-01 -5.49230576e-02 2.40339637e-02
    -6.27156377e-01 -5.32831907e-01 -2.22369701e-01 -7.02873468e-01
    -5.28346121e-01 -4.15203452e-01 -5.77830076e-01 -7.22363532e-01
    5.04413843e-02 -7.55275309e-01 -4.43063259e-01 -1.29306316e-01
    -1.27009749e-01 -3.94987047e-01 -1.24390543e-01 -2.35380590e-01
    -8.52051973e-02 -3.88979226e-01 -1.38666272e-01 -7.61471629e-01
    -4.27372396e-01 -1.69189334e-01 -5.32966256e-01 5.84088564e-02
    -7.60994792e-01 -3.89699996e-01 1.23600721e-01 -1.75902843e-02
    -2.73870528e-01 1.47598922e-01 -1.06500953e-01 1.45689040e-01
    -3.19006830e-01 8.06930661e-02 -3.28193814e-01 6.01047277e-02
    -7.41953135e-01 -6.58779979e-01 -6.93229198e-01 -6.60067677e-01
    -2.81691462e-01 -5.06144226e-01 -4.74258721e-01 1.92803085e-01
    -4.32505906e-01 -3.09705734e-01 2.42231905e-01 -7.14469135e-01
    -3.09300780e-01 1.36125267e-01 -1.50565922e-01 -7.69823790e-02
    -7.47623444e-01 -1.95690393e-02 -6.21865273e-01 -3.26947093e-01
    2.25130379e-01 -2.29480863e-02 -4.38353181e-01 -6.75967872e-01
    2.91701376e-01 -2.41384059e-01 -5.46862006e-01 -1.88791037e-01
    -2.50425458e-01 -5.82675993e-01 -3.07337642e-02 -3.97757590e-01
    -2.80671239e-01 -8.47329140e-01 -1.97306395e-01 -4.73160744e-02
    -2.87935555e-01 -6.29133701e-01 -3.61873657e-01 -4.18568552e-01
    -5.75311661e-01 1.18210912e-02 -5.17969370e-01 -6.44698262e-01
    -2.26407409e-01 -1.86716080e-01 -7.06325293e-01 -6.11461401e-02
    1.52738690e-02 -5.06412745e-01 1.26533687e-01 -4.94318783e-01
    -3.04444909e-01 -5.81564963e-01 -2.97904491e-01 -5.27225196e-01
    -5.50955057e-01 -1.83768034e-01 1.63007379e-01 -4.78568316e-01
    -1.42419338e-02 1.40553117e-01 -5.28537750e-01 -3.60763192e-01
    -6.80480361e-01 -4.35331285e-01 1.18653774e-01 2.31809020e-02
    -5.64596057e-01 -4.86028284e-01 -6.21848643e-01 3.16975117e-02
    -8.50966573e-02 -2.94812292e-01 -2.03566194e-01 -2.75745571e-01
    3.08078527e-02 -5.83667874e-01 -1.49413526e-01 -2.37477005e-01
    -1.90100014e-01 -6.53204620e-01 -1.10778093e-01 -4.94848430e-01
    1.50749862e-01 1.55177236e-01 -5.37868977e-01 -3.59102547e-01
    -2.79582083e-01 -9.62234735e-02 -5.17889619e-01 -3.78045022e-01
    -1.96512580e-01 -2.74562478e-01 -1.62705481e-01 -7.44132042e-01
    5.08925915e-02 -3.35052609e-01 -1.01696730e-01 -4.01357353e-01
    -5.54692149e-01 -1.94495201e-01 -3.44879895e-01 -1.82372332e-01
    -4.73644018e-01 -3.30748975e-01 -7.83239722e-01 -7.79318094e-01
    4.47605252e-02 -2.05470145e-01 -4.74491358e-01 -2.40943193e-01
    -3.72701764e-01 -2.12883830e-01 -3.58432114e-01 -2.93692321e-01
    -2.58406341e-01 -5.88602424e-01 -6.17388904e-01 7.92318583e-02
    -1.22696698e-01 -2.59124994e-01 8.30850601e-02 -3.91788840e-01
    -3.34426701e-01 -5.38725257e-01 -4.66912985e-02 -2.38165617e-01
    -7.89379597e-01 -8.24128389e-01 1.13846481e-01 -2.96046793e-01
    1.59111619e-02 -2.16350675e-01 2.66152620e-03 -2.40061879e-01
    1.20945930e-01 -7.12898493e-01 -2.88604379e-01 3.27903032e-02
    -2.32175291e-01 -7.20158637e-01 -3.45125973e-01 -1.56945765e-01
    -4.56133485e-01 -6.30952239e-01 -4.13396001e-01 1.82393551e-01
    -7.22907066e-01 -1.28936768e-02 -6.49959981e-01 -1.94350660e-01
    -2.20914125e-01 -3.91727000e-01 -5.74715734e-02 -6.60505533e-01
    -6.27849519e-01 -4.58993018e-01 -4.59273428e-01 -6.37214243e-01
    -4.53031510e-01 -2.52921402e-01 -3.89435172e-01 -1.20391607e-01
    -1.06247663e-01 -1.70558333e-01 -7.10155249e-01 -6.70952260e-01
    -3.62871885e-01 -4.21015352e-01 -4.38999236e-01 2.22437978e-01
    -4.31168556e-01 -5.92557311e-01 -2.81205475e-01 -7.32601643e-01
    1.88572466e-01 -5.66719055e-01 -3.84437442e-01 -6.51137829e-02
    -5.89024186e-01 -7.58925021e-01 -4.58962440e-01 -3.10671866e-01
    1.21668637e-01 -1.14034951e-01 -4.57120001e-01 -6.02724433e-01
    -1.00751042e-01 -4.72477198e-01 -7.52404928e-02 -7.68437147e-01
    -5.04888415e-01 -1.99884653e-01 -2.69079208e-03 -5.64690292e-01
    -7.08673477e-01 -2.08351612e-02 -7.14772284e-01 -3.00667286e-01
    1.00353479e-01 -5.50082386e-01 -1.08416677e-01 -1.96495831e-01
    -1.40345454e-01 -2.62741268e-01 -1.44977987e-01 -4.96394038e-01
    -4.61886108e-01 2.58032084e-02 -5.97345829e-02 -2.69717157e-01
    -3.97045821e-01 -3.95917892e-02 -3.58002812e-01 -3.80160213e-02
    -3.95964444e-01 -3.68104249e-01 1.12568974e-01 -1.65956020e-01
    -2.64565945e-02 -5.98792970e-01 -6.66532278e-01 -6.58091664e-01
    -5.89123070e-01 -6.30308568e-01 5.11870384e-02 -3.88923287e-02
    -2.49803364e-01 6.84997439e-02 -1.94730937e-01 -4.80984092e-01
    -6.40829146e-01 -7.74354100e-01 1.23950362e-01 -5.61774969e-02
    -5.03704667e-01 -5.58120012e-03 -1.94420099e-01 -1.12605035e-01
    -5.42202473e-01 1.06673181e-01 -5.44178486e-02 -5.17077863e-01
    -3.29920232e-01 6.47007227e-02 -3.44929814e-01 -7.24330425e-01
    1.80019259e-01 -3.50538343e-01 2.89185345e-01 2.39916444e-02
    -7.43866861e-02 -3.24397504e-01 1.17245615e-01 1.21533871e-04
    -7.80191064e-01 1.38907373e-01 -1.49577320e-01 -5.26683569e-01
    -1.92781568e-01 -6.70066833e-01 -4.12929773e-01 -4.64580208e-01
    -4.18213308e-01 -6.58222198e-01 -1.52527630e-01 -5.63898385e-01
    -2.46456861e-01 -1.96816444e-01 -1.76407397e-01 -7.30643630e-01
    -2.56026030e-01 -1.71148181e-02 -3.01153421e-01 -6.54902935e-01
    -6.78998113e-01 2.63040364e-01 -5.00172973e-01 1.07408702e-01
    -3.29329908e-01 -4.39118415e-01 -6.40066743e-01 -4.00931358e-01
    -3.29012752e-01 -5.68417907e-02 -6.91459417e-01 1.55500412e-01
    -2.99275875e-01 -6.11311197e-03 -5.75986505e-01 1.62369013e-03
    3.61987352e-02 -7.24897146e-01 2.04978585e-02 -5.98089337e-01
    -5.98268569e-01 -5.31847835e-01 -6.34553790e-01 -6.95394635e-01
    -1.73540592e-01 -5.64260006e-01 2.17864513e-01 -5.08067071e-01
    -4.79692340e-01 3.64053845e-02 1.77648783e-01 4.14590240e-02
    2.61447430e-02 -2.83490151e-01 -6.85037374e-01 -3.02498817e-01
    4.79274392e-02 2.59816885e-01 -6.45902216e-01 -9.09392238e-02
    -2.97682226e-01 1.83161795e-01 -4.28339779e-01 1.05624080e-01
    -2.46407390e-01 -5.95677018e-01 -8.54988694e-01 -1.57383978e-01
    -1.08995497e-01 -1.06914639e-01 -5.08751273e-02 -2.12885797e-01
    1.74489141e-01 -6.65071011e-01 -6.20546877e-01 -2.02014208e-01
    -3.37484300e-01 -5.39675355e-01 -6.74211442e-01 -3.19250703e-01
    1.04335725e-01 -7.14503884e-01 -3.79261702e-01 -2.62256116e-01
    -1.88622475e-01 -6.47835135e-01 -7.90673018e-01 -1.73726082e-01
    -6.06386065e-02 2.42624283e-02 -6.68349802e-01 -2.87998736e-01
    5.44206500e-02 -7.19919860e-01 -2.94190288e-01 -2.20042348e-01
    -5.30573666e-01 -3.04343224e-01 -5.56456447e-01 -2.87852287e-01
    4.88781929e-03 6.31542802e-02 -7.19131947e-01 -5.58042467e-01
    -3.51447880e-01 1.15013003e-01 -5.24978042e-02 1.34454787e-01
    -1.09680533e-01 -3.94161612e-01 -7.06202030e-01 -2.27463245e-03
    -1.20498419e-01 -2.20732331e-01 1.55706882e-01 -4.99282658e-01
    -2.47789621e-01 1.18094563e-01 -7.22895026e-01 -2.27428675e-02
    2.97953486e-02 -5.53056479e-01 -3.92888069e-01 5.59148192e-02
    -2.91666269e-01 -5.69428682e-01 5.79084158e-02 7.00080395e-02
    -4.46756035e-01 -5.77241182e-02 -2.25533962e-01 -5.67367673e-01
    -2.87132859e-02 -5.30375361e-01 -9.01506066e-01 -4.65874374e-01
    6.60419464e-02 -7.79195905e-01 -2.89758056e-01 -1.51124477e-01
    -4.03105050e-01 -6.87009573e-01 -2.78302521e-01 -6.33532047e-01
    1.64712906e-01 -4.83446777e-01 -1.50690436e-01 -2.78606117e-01
    -5.50966620e-01 -7.21323013e-01 1.05306983e-01 -6.01085722e-01
    -1.32617354e-01 -5.59289455e-01 9.75224972e-02 4.23322916e-02
    -2.33040810e-01 -3.84535044e-01 2.15077221e-01 -9.88860726e-02
    -2.62172997e-01 8.64424706e-02 -6.77617431e-01 -5.82491040e-01
    -4.45376962e-01 -1.47541821e-01 -3.14247131e-01 -1.70360446e-01
    -1.97780490e-01 -2.19506145e-01 -4.64673221e-01 -7.44147539e-01
    -2.80978322e-01 -3.31097722e-01 1.87276602e-02 -1.83889747e-01
    2.08838880e-01 -5.00680208e-02 -5.31462073e-01 -4.16346669e-01
    -1.34128809e-01 -3.85971934e-01 -6.54383540e-01 1.32342994e-01
    -7.92017817e-01 -1.54772460e-01 -3.14579010e-02 -6.19358778e-01
    -4.57271159e-01 -7.78208613e-01 -1.88552082e-01 -2.82827377e-01
    -6.69790864e-01 -4.12497520e-02 6.29657507e-03 -1.66036010e-01
    -1.50566339e-01 -7.17032790e-01 -2.70415843e-01 1.51658297e-01
    1.87706947e-02 8.64225626e-03 -5.44367135e-01 -1.12553239e-02
    -7.81088591e-01 1.85256302e-01 -2.61561275e-01 -5.25142670e-01
    -7.70144463e-01 -1.14782751e-01 -5.67820549e-01 -5.71807027e-01
    -1.75932944e-01 -3.47578287e-01 1.23223484e-01 -7.31631756e-01
    4.14314866e-02 -1.12263441e-01 -7.26419747e-01 -3.15166116e-02
    -6.41516209e-01 1.55307233e-01 -1.27639771e-02 -1.77646041e-01
    2.09705830e-01 -1.53052211e-01 -5.84798038e-01 -6.71734631e-01
    -4.78957772e-01 -7.97660351e-02 -4.19187307e-01 -5.58650970e-01
    -5.29610693e-01 -3.69726121e-01 -3.26340199e-01 4.04619575e-02
    -2.53393650e-02 -7.74311900e-01 -7.77124524e-01 -1.37005329e-01
    7.61938095e-03 -4.46426868e-02 -8.30210567e-01 -1.38098419e-01
    2.99977064e-02 -5.27509511e-01 -7.40011930e-01 -5.96424937e-01
    1.38018727e-01 -5.35028100e-01 -2.49133885e-01 -3.70182067e-01
    4.72300500e-01 -2.04316914e-01 -3.15625787e-01 1.94816589e-01
    -4.82227147e-01 2.25895047e-02 -1.96165442e-01 5.58893681e-02
    -1.15934849e-01 2.22942531e-01 -2.44217992e-01 -3.49548697e-01
    -2.70009220e-01 -1.82815850e-01 4.48852777e-02 -3.18017960e-01
    -1.82595968e-01 -4.77230132e-01 -4.36493158e-01 8.62450600e-02
    -1.22530103e-01 8.66098404e-02 -6.94726825e-01 2.04001725e-01
    -4.01660562e-01 -8.53474140e-02 -5.82560360e-01 -2.04290271e-01
    -3.82151783e-01 -3.38760316e-01 -5.91048837e-01 -5.01005173e-01
    6.86309338e-02 1.78407013e-01 -6.89604044e-01 -3.02277148e-01
    -1.53982341e-01 6.56455159e-02 -2.22043753e-01 -4.86249924e-02
    -7.10525513e-01 2.08808839e-01 -8.16993117e-02 7.59218335e-02
    -2.29425371e-01 -6.91857934e-02 -1.08943701e-01 -1.22747779e-01
    -6.73661292e-01 -8.88768435e-02 -1.51747465e-01 -4.10713762e-01
    -7.22792745e-01 -4.46841002e-01 1.56021655e-01 -7.40788698e-01
    -2.51265645e-01 1.36043191e-01 -1.64301753e-01 -6.84348524e-01
    -5.72428703e-01 -2.63713866e-01 -3.43986809e-01 -6.82387412e-01
    -3.38629454e-01 -6.15605474e-01 -7.12110877e-01 5.32250404e-02
    -6.35394156e-01 -3.39665413e-01 -4.14697737e-01 -7.06290185e-01
    9.06803608e-02 7.88114071e-02 -3.29753041e-01 1.73585355e-01
    -6.46341085e-01 -1.57166243e-01 -5.84499002e-01 -4.04091775e-01
    -3.18161726e-01 -2.52154887e-01 -1.46525502e-01 -9.62991714e-02
    -3.36869180e-01 -1.68771446e-01 -6.01488113e-01 4.91548181e-02
    -4.48867083e-01 -1.41677260e-01 1.31725132e-01 -7.19122767e-01
    -7.39942312e-01 -4.10659134e-01 -2.61869013e-01 3.60807776e-02
    -3.31581175e-01 3.90388966e-02 -1.25380516e-01 -5.82870245e-02
    -4.79542851e-01 -3.32942009e-02 -7.84657657e-01 9.54765081e-03
    -3.25935662e-01 -3.55782270e-01 -1.82269692e-01 -6.14162803e-01
    -7.84859419e-01 -2.04344988e-01 -1.73860073e-01 1.29268229e-01
    -4.67960060e-01 -5.18621206e-01 -7.06570625e-01 1.11620903e-01
    -5.56023717e-01 -1.29481852e-01 -1.13451302e-01 -2.83486009e-01
    -1.98342681e-01 -7.22655594e-01 -5.84278464e-01 1.07047558e-02
    1.20352387e-01 -6.09649420e-01 -7.98037171e-01 -1.63569808e-01
    -5.03743410e-01 -2.30506361e-01 -4.47773337e-01 -8.34865451e-01
    -2.21062303e-02 -4.70552146e-01 -6.90693498e-01 -1.25807703e-01
    -7.70600915e-01 -5.47352970e-01 -1.31435394e-02 5.72331548e-02
    -7.52581596e-01 -5.18677354e-01 -5.03075600e-01 2.47762918e-01
    1.70879722e-01 -1.82082653e-02 1.46511793e-02 -5.31262100e-01
    -3.21091682e-01 -6.17116034e-01 1.15064383e-01 1.72468603e-01
    -2.72516251e-01 -3.59926671e-01 3.57190371e-02 -5.27803063e-01
    -2.89282858e-01 7.24773407e-02 -3.34272981e-02 -4.14432228e-01
    -5.46721816e-01 -5.83343148e-01 -9.11617279e-03 -4.03548419e-01
    -9.88811255e-02 -6.36197627e-01 -2.68945873e-01 -3.72835577e-01
    -2.43323684e-01 1.61379993e-01 -5.91468453e-01 -6.29189014e-02
    -2.14566588e-01 -3.51129889e-01 -2.27197230e-01 -7.04926252e-03
    -4.48312312e-01 -9.35312510e-02 -4.19990063e-01 -5.57434678e-01
    1.80580318e-01 -6.92699909e-01 -2.89236903e-02 1.72211349e-01
    -1.38090432e-01 -3.09644282e-01 -2.24586129e-02 -5.90009093e-02
    -6.38445497e-01 -2.67129540e-02 -4.75547314e-02 -5.04327774e-01
    -5.57157993e-02 -1.70240164e-01 -3.40099335e-01 -3.44374001e-01
    -4.14245844e-01 -6.28348768e-01 -2.96375573e-01 -8.10536742e-01
    1.14716172e-01 -3.60985041e-01 -5.19084632e-01 -6.82758093e-01
    -7.36297607e-01 -3.51938277e-01 -4.03613687e-01 1.33035660e-01
    -3.80031437e-01 -2.61789322e-01 1.86967611e-01 -7.02647030e-01
    1.17772460e-01 -3.04356217e-01 -7.45153189e-01 -2.69425273e-01
    -5.67128658e-01 -3.99194539e-01 -5.49012721e-01 -1.61276817e-01
    -6.08556807e-01 -5.62623501e-01 -5.33957601e-01 -2.31739640e-01
    -1.43289804e-01 -6.02574289e-01 -2.32302725e-01 -7.45936453e-01
    1.65411234e-01 3.52318287e-02 -8.24141502e-01 -3.84979844e-02
    -2.82943249e-01 -7.70965815e-02 -1.74558163e-02 1.05208933e-01
    -7.69160688e-01 -7.40551114e-01 -3.28069687e-01 -2.22391367e-01
    -4.41629916e-01 -1.94165349e-01 -7.95591414e-01 -1.78003073e-01
    2.46100426e-02 -7.73702860e-01 -1.23434663e-02 5.85052371e-02
    1.00265920e-01 -3.81586194e-01 -1.04293108e-01 -7.17270136e-01
    -1.79982483e-01 1.63212359e-01 -3.79927009e-01 -1.25357956e-01
    -3.10283840e-01 3.11269641e-01 1.10878170e-01 1.56824529e-01
    -1.26201689e-01 3.25677395e-02 -1.66323185e-01 3.35756540e-02
    1.82707369e-01 -6.61178350e-01 -2.04466164e-01 -4.08770561e-01
    -6.92010999e-01 -4.36798155e-01 1.42965436e-01 -5.49638808e-01
    -6.05264783e-01 -1.63901746e-01 -5.90841770e-02 -3.06681901e-01
    -5.38609326e-01 -3.81168574e-01 -6.05708957e-02 1.96492076e-02
    -4.24122274e-01 -6.46028817e-01 -4.61422175e-01 -1.81015730e-01
    -6.48230612e-01 3.93853188e-02 -6.95522904e-01 -6.37829423e-01
    -4.46163893e-01 -9.87654924e-02 -6.65171504e-01 7.85976648e-02
    -3.55792701e-01 -7.46248007e-01 -6.96952999e-01 -1.63670301e-01
    -3.65293652e-01 -1.65730357e-01 -3.18255991e-01 -6.07894182e-01
    -6.08117223e-01 -3.81162673e-01 1.99581742e-01 1.83005273e-01
    -3.92414689e-01 -1.83574140e-01 -7.23278403e-01 -6.10484004e-01
    -3.88628840e-02 -3.06488276e-02 -1.07859194e-01 -4.21654224e-01
    1.21394515e-01 -2.74371505e-01 -5.80980003e-01 -5.28221726e-02
    -6.18154407e-01 -5.24207354e-02 -3.35589588e-01 -2.51743793e-01
    -6.57097459e-01 -3.30446541e-01 -3.55324715e-01 1.40390992e-01
    -9.37936306e-02 -4.23342645e-01 8.07633400e-02 -6.08471274e-01
    -1.83235526e-01 -3.98486197e-01 -4.28530484e-01 -1.01976156e-01
    -4.16046768e-01 4.57966924e-02 -5.80618739e-01 -4.99489397e-01
    -5.50681174e-01 9.26436186e-02 1.52349472e-03 -5.02267301e-01
    -2.83793211e-02 -4.41356897e-02 -3.10633510e-01 -5.26382089e-01
    -7.20630646e-01 -7.56977856e-01 1.35869324e-01 -2.95998156e-01
    -1.63307488e-01 -2.19848812e-01 -8.62884283e-01 -1.33808255e-02
    -1.17551684e-01 -9.16608572e-01 -3.34270000e-01 -8.21716070e-01
    -8.60512257e-03 -4.14781570e-02 -3.81221890e-01 3.77113819e-02
    -6.48142695e-02 -6.73950255e-01 -1.78282797e-01 -5.55217266e-03
    -6.92877412e-01 -1.73609972e-01 -1.61014676e-01 -5.09998500e-01
    1.10293627e-02 -5.74965417e-01 -2.07657397e-01 -3.67106974e-01
    -6.75621152e-01 -5.32595158e-01 -5.96471190e-01 -1.82053328e-01
    -6.28755331e-01 -2.02701449e-01 7.97814131e-02 -5.38210630e-01
    -7.01464236e-01 -2.64868379e-01 -6.13001227e-01 -4.80700910e-01
    -1.48731291e-01 -3.42642546e-01 -6.66792750e-01 -1.83956206e-01
    -2.14919746e-01 -3.16222310e-02 -5.05110025e-01 1.16935194e-01
    -5.04901290e-01 -1.27705634e-01 -2.93573320e-01 -5.09542525e-01
    3.40021253e-02 -2.92794555e-01 -7.23696351e-01 -7.00550914e-01
    -7.18453884e-01 -3.86565268e-01 -6.82999492e-02 3.68164778e-02
    -3.11908454e-01 -5.69376707e-01 -6.59262300e-01 2.07518280e-01
    -7.43547976e-01 -2.42998719e-01 4.87965941e-02 -5.37080646e-01
    -1.15502775e-01 -3.94480467e-01 -1.55495048e-01 -5.25643170e-01
    -7.41015136e-01 1.22704685e-01 -6.14849627e-01 -7.60484338e-02
    -1.12319887e-01 -5.86198807e-01 -5.60154080e-01 6.38412833e-02
    2.03925669e-01 -7.90089250e-01 -3.81903529e-01 7.59647489e-02
    -3.75028729e-01 -2.59002328e-01 -6.28486633e-01 -2.33086765e-01
    -4.97753799e-01 -3.46228629e-01 -1.50176346e-01 -1.35594070e-01
    -1.01289928e-01 -4.53029662e-01 -3.96986127e-01 -6.67882025e-01
    1.51628077e-01 2.07073092e-02 1.98409617e-01 -2.60596812e-01
    9.45937634e-02 -7.32355237e-01 -3.29700768e-01 1.06706023e-01
    -7.33320475e-01 -5.82858205e-01 4.44163680e-02 -4.89250422e-02
    -6.09266281e-01 -5.98965645e-01 -5.03230095e-02 -3.62237334e-01
    -2.58599520e-01 1.26609504e-01 -5.20164967e-01 -1.94530785e-01
    -3.86480600e-01 -4.92257774e-01 -4.70499933e-01 -6.48808420e-01
    -4.52468783e-01 -4.30038095e-01 1.24175966e-01 -7.35017896e-01
    -4.54954326e-01 -4.92136121e-01 -1.59541965e-02 1.09945178e-01
    1.07951939e-01 3.40447426e-02 -5.48947632e-01 -3.34054232e-03
    1.27402425e-01 -7.46881366e-01 -2.36267030e-01 -6.73700869e-01
    -1.63061917e-01 -2.74192989e-01 -1.37810826e-01 -8.14553857e-01
    -4.79883045e-01 -6.66565299e-02 -6.81528032e-01 -2.80607939e-02
    -2.88281262e-01 -4.32643354e-01 -2.46929526e-01 7.40408897e-04
    -4.57492054e-01 -3.70000601e-02 -2.35293806e-01 -2.71258354e-01
    -2.79436529e-01 -2.68741965e-01 -5.20453453e-02 -7.08380103e-01
    -1.53380632e-02 -2.76137590e-02 -8.39763582e-01 -5.57072163e-01
    -2.74404228e-01 -1.99734688e-01 -5.44267893e-02 -7.74656534e-01
    -5.27276337e-01 3.02726448e-01 -2.27899790e-01 2.02416688e-01
    5.30793667e-01 -4.47768360e-01 -5.98211348e-01 -4.71003056e-01
    -6.61412299e-01 -1.05462849e-01 -7.54011810e-01 2.23951340e-02
    -2.23767042e-01 -7.62212038e-01 -1.64307654e-01 -1.18330538e-01
    -9.43601131e-02 -5.69318533e-02 -1.82745099e-01 -6.40134335e-01
    -1.96970880e-01 -2.37622261e-02 -3.76637518e-01 -1.22700095e-01
    -6.64979637e-01 -6.38882518e-01 -6.99514389e-01 3.06361914e-02
    -7.15043187e-01 -3.36313844e-02 -4.63836253e-01 -3.79543722e-01
    -2.26628006e-01 -6.88663721e-01 -7.71130323e-02 8.72218609e-03
    -1.06017590e-01 -7.30867863e-01 -1.34054482e-01 5.67669272e-02
    1.40515983e-01 -7.53929079e-01 1.64663732e-01 -4.49167371e-01
    -1.02943420e-01 -1.72747374e-02 -4.92880344e-02 -1.64678454e-01
    1.95656478e-01 -3.55342686e-01 2.00775862e-02 -8.30320716e-02
    2.76885629e-02 -6.09105706e-01 1.02232099e-02 -2.51110911e-01
    -6.16076708e-01 -7.18129039e-01 -5.18978119e-01 1.11296594e-01
    -2.33547509e-01 -1.51244044e-01 -4.16355133e-01 -3.78405273e-01
    -6.14357591e-02 2.69218087e-02 -3.85877907e-01 -4.95069683e-01
    -1.10180676e-01 3.93096805e-02 -6.92564964e-01 -4.38884258e-01
    1.06621683e-01 -1.38016403e-01 -5.79714298e-01 1.66822672e-02
    -1.17458344e-01 -4.86635625e-01 1.69206679e-01 -9.10072327e-02
    -6.12232447e-01 -3.98517340e-01 -5.86553574e-01 -2.41860807e-01
    5.06735444e-02 -3.80096048e-01 -4.57358032e-01 -5.88703990e-01
    1.42398477e-02 -4.64149237e-01 2.39224672e-01 2.39302516e-02
    1.25069439e-01 -3.49985123e-01 -1.81812584e-01 -3.42112839e-01
    -2.39986181e-02 -2.51676142e-01 -3.64210188e-01 -2.99962461e-01
    -4.67673630e-01 -1.41207397e-01 -5.67680418e-01 -3.41112912e-01
    -6.12884760e-01 -4.22968119e-01 -5.14001608e-01 -8.93396735e-02
    -6.02561593e-01 -7.51666188e-01 -3.89109850e-02 7.03052282e-02
    -6.34641528e-01 -7.32400894e-01 -1.19868279e-01 -6.15174532e-01
    -1.27815604e-01 -6.13859594e-01 -6.65952682e-01 -6.82395101e-01
    5.66987991e-02 -3.43099892e-01 -1.83914363e-01 -7.14776337e-01
    -2.71800011e-01 1.90846384e-01 -1.45742774e-01 -5.47755122e-01
    -6.70361519e-01 1.55368924e-01 -1.89474523e-01 -4.77398455e-01
    -2.73791254e-01 -3.43156159e-01 7.18481541e-02 -9.26831961e-02
    -6.60988629e-01 -1.77004874e-01 -6.85288787e-01 -6.29916966e-01
    -5.48385322e-01 -3.73258948e-01 9.61629748e-02 -5.32408893e-01
    1.07763767e-01 -1.00142956e-01 -5.29847026e-01 -5.21712959e-01
    -5.33029914e-01 3.45879197e-02 -3.57177943e-01 -7.14852273e-01
    -8.86610150e-02 -7.80799389e-02 -1.59390211e-01 -5.92580676e-01
    2.01243877e-01 -3.43317568e-01 -3.03257227e-01 -2.81691551e-03
    -3.74484986e-01 -5.06892681e-01 -2.34005451e-02 -3.77644509e-01
    -2.13472486e-01 -5.15265107e-01 -9.33936834e-02 6.37366176e-02
    -8.51950049e-02 -2.95829773e-01 -7.20152736e-01 -3.74711007e-01
    -9.71215367e-02 -7.17631817e-01 4.48690653e-02 -8.28220189e-01
    -5.28821945e-02 -3.90321553e-01 -3.02999735e-01 5.49614429e-03
    -3.95009875e-01 -3.90305758e-01 -1.86389446e-01 -5.49581409e-01
    -1.78411961e-01 -6.45955682e-01 -4.72316414e-01 -3.97384405e-01
    -4.29998547e-01 -6.19413495e-01 -6.66743219e-01 -1.50421321e-01
    -6.25092030e-01 -1.53809845e-01 -3.38179857e-01 -6.06690764e-01
    -2.97266692e-01 -4.13459033e-01 -2.49783933e-01 4.76116538e-02
    -1.43028498e-02 -1.52922094e-01 -1.16757274e-01 -2.66246259e-01
    -8.47183108e-01 -1.22066736e-02 -4.15810943e-02 8.02833438e-02
    -8.83946419e-02 1.93539858e-02 -2.06320941e-01 -4.86750454e-01
    1.29726648e-01 -2.96186805e-01 -6.19080305e-01 -5.83918691e-01
    -5.42497396e-01 -6.99027181e-02 1.18426144e-01 -6.38615251e-01
    -3.05233300e-01 -5.15908837e-01 1.14853144e-01 -4.01275247e-01
    -3.51160765e-03 -4.27724034e-01 -6.07335746e-01 -1.92315757e-01
    1.01090550e-01 -6.82812333e-02 -7.86414504e-01 -5.24874091e-01
    6.80374503e-02 -1.16755664e-01 -1.59689188e-01 -2.19970763e-01
    5.21041155e-02 -5.45500517e-01 -8.93331051e-01 -3.75737250e-01
    -3.23802829e-02 -6.53405428e-01 -3.71876240e-01 -1.83646619e-01
    -3.65572929e-01 -7.46431828e-01 -2.55851865e-01 -3.73249441e-01
    -6.63290858e-01 -8.06526303e-01 -7.33079076e-01 -4.81797636e-01
    -1.19988501e-01 -1.31613135e-01 -3.80487472e-01 7.75599480e-03
    1.67595685e-01 -6.21118188e-01 3.12724411e-01 1.79425478e-02
    -2.40113646e-01 1.51187718e-01 -2.14635491e-01 -4.77110863e-01
    -5.86491108e-01 -5.95059633e-01 -4.16427851e-01 -2.31660903e-01
    -7.90439129e-01 -4.70397919e-01 -5.14434874e-01 -5.03351748e-01
    -5.54739833e-02 -4.65188324e-01 -4.78908181e-01 -7.30334759e-01
    -2.12533176e-01 -5.70102692e-01 -2.82127559e-01 -2.72702396e-01
    -4.52255875e-01 -2.76562393e-01 -5.30431151e-01 -2.63732374e-01
    -5.31895995e-01 -6.83177114e-02 1.39496446e-01 -5.72826028e-01
    9.71269608e-02 1.73511207e-01 -5.25266886e-01 8.75993967e-02
    -5.55450499e-01 -7.07852960e-01 -1.85572922e-01 -4.84432995e-01
    -3.94485623e-01 -5.06816626e-01 -5.38305759e-01 -6.84000075e-01
    -6.12998128e-01 -1.02226555e-01 -4.08047795e-01 -5.67916453e-01
    -1.54870570e-01 -6.44861102e-01 -4.52411771e-02 2.25291550e-01
    -2.12105095e-01 -6.77685320e-01 -4.22990620e-01 -1.57804608e-01
    -7.27785349e-01 1.08203173e-01 -7.25574613e-01 -1.34636164e-02
    -4.56551611e-01 -1.42447472e-01 -6.25639617e-01 -5.77569842e-01
    -2.56272852e-01 5.33287525e-02 -2.46004939e-01 1.28492475e-01
    -3.61158639e-01 -3.61998081e-01 -4.46774960e-02 -1.97403610e-01
    -7.81862259e-01 8.66807699e-02 -6.16877317e-01 -7.63390064e-02
    -6.11040831e-01 -1.18569195e-01 -7.69153833e-02 -5.32913387e-01
    -5.36388040e-01 -4.49800611e-01 3.17531407e-01 -5.41706681e-01
    2.10006297e-01 3.26600134e-01 -2.73819208e-01 -2.27011234e-01
    -2.52027631e-01 -2.51194060e-01 -5.47048688e-01 -5.49479544e-01
    -3.56156796e-01 -4.04668838e-01 7.70556927e-02 -8.25111628e-01
    -6.16019011e-01 -8.02397549e-01 -8.16335917e-01 -5.15633583e-01
    -4.06720042e-02 -3.23805690e-01 -2.91363001e-02 -1.44923627e-01
    -7.48874426e-01 4.74914908e-02 -6.73522115e-01 -1.46090746e-01
    -7.10004807e-01 -4.40876782e-01 -7.70851374e-02 -3.44271481e-01
    1.71861053e-02 -4.85179812e-01 -1.72027230e-01 -6.97476387e-01
    -1.86456978e-01 2.14040339e-01 -4.01630461e-01 -2.27748275e-01
    1.52771115e-01 -3.19051951e-01 -3.93653154e-01 -3.29211652e-01
    -6.39140069e-01 -1.82963490e-01 -3.34575564e-01 -5.36456347e-01
    -5.11686563e-01 3.79473567e-02 1.42177820e-01 -5.90229869e-01
    -5.26470423e-01 9.74668860e-02 3.61088514e-02 -2.58398771e-01
    -9.11808014e-03 -8.28390300e-01 -2.78417349e-01 -2.38347650e-01
    -4.74151433e-01 -1.09269023e-01 2.23181248e-02 -5.62426805e-01
    -6.64956689e-01 -3.74804020e-01 -6.38499439e-01 -6.13277197e-01
    -3.85225415e-02 -4.70177650e-01 -5.38834453e-01 9.36011076e-02
    -6.34663284e-01 -4.15828228e-02 -7.36335278e-01 -7.37091362e-01
    -3.01364213e-01 -1.06358349e-01 -7.04752326e-01 -7.06404328e-01
    -1.84078813e-01 2.19767690e-02 -1.84543788e-01 -5.09309471e-01
    -3.27589631e-01 5.83654642e-02 3.37755680e-02 -4.54699337e-01
    -7.24943638e-01 -2.34783024e-01 -8.31907988e-03 5.86069226e-02
    -2.61782408e-01 -3.29914331e-01 1.04997277e-01 -2.83928871e-01
    -1.62351251e-01 5.36124706e-02 -3.61389160e-01 -3.88917506e-01
    -6.84657395e-01 1.67528510e-01 -2.63494670e-01 -7.53636241e-01
    -6.54733300e-01 -8.44213963e-02 -3.65054816e-01 -2.59672701e-01
    -1.15059793e-01 -5.32946587e-01 -5.55775225e-01 -3.09389234e-01
    -6.86645508e-01 -1.47577226e-01 1.63665354e-01 -6.98437214e-01
    -5.76189339e-01 -7.11814404e-01 -2.05021799e-01 -2.72089005e-01
    -4.24779236e-01 -4.83262181e-01 -4.76260513e-01 -2.40268409e-01
    9.37008858e-03 -2.30321467e-01 -4.59460586e-01 -3.63767296e-01
    -7.07409918e-01 -3.36574614e-01 -6.72366142e-01 3.83750796e-02
    9.83494520e-03 -3.07767272e-01 -7.30749846e-01 -4.53746527e-01
    1.23608828e-01 -7.11128712e-02 -3.26523781e-01 -6.59699798e-01
    -6.39882743e-01 -4.38928038e-01 -3.19206387e-01 -2.80748606e-01
    5.04648685e-03 -4.42220569e-02 -5.05990624e-01 -1.37927532e-01
    3.20845842e-03 3.96401882e-02 -7.10134864e-01 -9.10200477e-02
    -3.97952378e-01 -6.50412679e-01 7.59735107e-02 -6.08056784e-02
    -4.49635446e-01 -7.52390206e-01 -3.98774147e-02 -2.04622328e-01
    -1.76903427e-01 -8.56267095e-01 -1.89694166e-02 -3.74913216e-02
    -2.93606997e-01 -6.84175611e-01 -2.39535153e-01 9.42161083e-02
    -1.08555377e-01 5.49420118e-02 -4.63544518e-01 -3.38488877e-01
    -1.87536299e-01 -6.34243488e-01 -7.26371408e-02 -6.77873969e-01
    -5.95435739e-01 -1.42997265e-01 1.32579148e-01 2.27690071e-01
    -2.56599188e-02 -4.07443285e-01 -1.40756547e-01 -4.21704382e-01
    -2.73051143e-01 -5.34059525e-01 1.92667782e-01 -6.80001676e-01
    -4.07117158e-01 -2.87906826e-01 -1.17546320e-03 2.54292488e-02
    -6.48875296e-01 1.57982707e-02 -1.05881274e-01 6.23561740e-02
    1.01455450e-01 -7.77892709e-01 5.91015816e-03 -4.68895435e-02
    1.46890044e-01 -1.70554221e-01 -5.26535213e-01 -2.00047791e-01
    1.41081154e-01 -1.97780728e-02 -2.51601696e-01 -1.38662934e-01
    -5.66202521e-01 -1.80336118e-01 5.87089658e-02 1.17243707e-01
    -4.51755643e-01 -5.30291915e-01 -1.94833934e-01 -5.86571753e-01
    -2.05187619e-01 1.27315164e-01 7.20155835e-02 -7.38244414e-01
    -7.02226639e-01 -5.61018825e-01 -5.26717186e-01 -4.61226761e-01
    -1.39954448e-01 -5.57139754e-01 -6.20864391e-01 1.16139174e-01
    -6.90217316e-01 -1.27674222e-01 -1.81974888e-01 -3.26778769e-01
    8.54907632e-02 -5.33562899e-02 -1.91587150e-01 -6.68073177e-01
    -1.98069096e-01 -8.03848088e-01 2.18629837e-04 5.80804348e-02
    -5.94095945e-01 -5.39552927e-01 -3.59448552e-01 3.84081602e-02
    -6.41028047e-01 -3.74679595e-01 -6.93225980e-01 -7.36685634e-01
    3.28309536e-02 1.00154221e-01 7.50719905e-02 -3.95648509e-01
    -5.35463870e-01 -5.68570793e-01 -3.64200234e-01 -6.06149793e-01
    -3.44672859e-01 -2.34204799e-01 1.51447058e-01 -2.17668235e-01
    -3.07658464e-01 -3.49038929e-01 -5.14892220e-01 -3.89003098e-01
    -5.48359692e-01 -4.19611752e-01 -4.19697165e-02 9.21756029e-02
    -6.56588674e-01 -3.00723314e-02 -2.70956933e-01 -1.58040285e-01
    7.59130716e-02 -2.19029903e-01 -1.30812943e-01 -7.72224665e-02
    -2.63977587e-01 8.38238597e-02 7.23791718e-02 4.54783440e-05
    -6.57065153e-01 -3.31558585e-01 3.90813947e-02 3.15922499e-02
    -9.44207907e-02 -1.08281314e-01 -8.26924503e-01 1.03297591e-01
    5.25450110e-02 -3.68497342e-01 9.00660753e-02 -3.07489097e-01
    8.26435685e-02 2.65222788e-03 -6.49869442e-03 -4.83880043e-01
    -9.56685543e-02 -3.55259776e-02 -2.51656413e-01 -7.61785507e-02
    1.34930491e-01 -2.06337869e-01 1.28699541e-02 -2.44649649e-02
    -2.60906816e-02 -6.30851269e-01 -6.65392756e-01 -3.58970284e-01
    1.55787349e-01 -1.68935299e-01 -2.40058482e-01 -5.89904189e-01
    -1.91304624e-01 9.70743895e-02 5.28061390e-03 -7.89863944e-01
    -3.68800581e-01 -9.91487503e-02 -8.75703096e-02 -7.76941419e-01
    -6.30772710e-02 6.83366060e-02 1.73720241e-01 -9.21393037e-02
    -1.02090299e-01 5.54499030e-02 -3.46409798e-01 -1.87531531e-01
    -4.59983945e-02 -6.93912506e-01 8.98659229e-03 -3.54775250e-01
    -6.15044236e-01 -6.11904621e-01 -1.09405220e-01 -7.31036723e-01
    -5.13483703e-01 -6.01593733e-01 -1.21311486e-01 -3.58893484e-01
    -5.20692229e-01 -4.15013343e-01 -1.24215245e-01 -7.83262849e-01
    -4.01678383e-01 -6.22635067e-01 -5.59852779e-01 -7.37766027e-01
    -4.09892440e-01 -5.29592812e-01 -2.50758767e-01 -4.29326743e-01
    -4.80544746e-01 -1.55820847e-02 8.03797841e-02 -4.10766661e-01
    2.40127444e-02 -3.56131792e-02 -5.20863116e-01 -5.43416500e-01
    -2.75279880e-01 2.13058233e-01 -8.87069702e-02 -3.68022919e-03
    -5.29451966e-02 -1.89827263e-01 -5.75230122e-02 -5.23901165e-01
    -1.80213511e-01 -5.05764961e-01 -3.91680658e-01 -4.00800824e-01
    -5.84265351e-01 -3.81642163e-01 -7.27482438e-02 -2.07933068e-01
    -5.58019280e-02 2.11794972e-02 -6.19133115e-01 -1.09590709e-01
    -6.54649973e-01 -5.27367353e-01 -7.05428720e-02 -3.54906648e-01
    -6.01864040e-01 -2.28385448e-01 -1.40349865e-02 -4.28393692e-01
    -2.99445629e-01 -5.73573589e-01 7.56258965e-02 -3.55475336e-01
    -6.83747053e-01 -6.16872311e-02 -2.66663909e-01 -6.51289046e-01
    2.05155015e-02 -4.66719776e-01 -6.44952118e-01 -6.01506352e-01
    -4.57433403e-01 -8.21912169e-01 -6.02999330e-02 -1.87215388e-01
    -3.71578097e-01 -6.46952212e-01 -5.95034003e-01 -7.57199168e-01
    1.14487410e-01 -5.19842625e-01 -2.10839033e-01 -8.08752358e-01
    -2.31723845e-01 -7.95448899e-01 -2.98411250e-02 -8.01013947e-01
    -4.22336668e-01 -3.87215853e-01 -9.59946513e-02 -2.48263538e-01
    -2.03162432e-02 -1.96029127e-01 -5.08945465e-01 -3.51666510e-01
    4.53739166e-02 -8.55497122e-02 -4.52635765e-01 -1.25687182e-01
    -1.48745239e-01 -4.70658660e-01 -5.11382341e-01 -3.39256912e-01
    -5.04155755e-01 -5.35236716e-01 7.26486444e-02 -9.66010988e-02
    -8.01930428e-02 -3.84192973e-01 -5.04524350e-01 -4.40845460e-01
    1.29633486e-01 -6.60371661e-01 -1.28633082e-01 -1.84957325e-01
    -2.15896010e-01 1.28706396e-01 -5.77683389e-01 2.61706710e-02
    4.07215357e-02 -2.77642250e-01 -5.61198413e-01 -7.23689973e-01
    -8.00411701e-02 -3.91717255e-01 -5.49026132e-01 -3.87677819e-01
    -8.01400065e-01 -3.38411331e-03 -4.00943875e-01 -5.15334606e-01
    -5.28994918e-01 -5.21233797e-01 -3.03228796e-01 7.24955797e-02
    -7.23425388e-01 -6.33320212e-01 -5.03732324e-01 -4.89460588e-01
    9.42050219e-02 -2.70884633e-02 -7.24787712e-01 -7.86539316e-02
    -6.20591938e-01 -2.29200125e-01 1.59593105e-01 -5.88667750e-01
    2.26191342e-01 -2.08324254e-01 1.19342864e-01 -6.41739011e-01
    -3.86553407e-01 -9.07815695e-02 -6.25008464e-01 -5.99613786e-01
    -6.44915164e-01 -5.37364960e-01 1.96169496e-01 -6.19875193e-02
    -1.64008141e-02 7.91263580e-03 -7.31872320e-01 -4.64267284e-01
    7.18393922e-02 -1.51536763e-01 4.24240828e-02 -7.30329752e-02
    -7.45469332e-01 -2.86281705e-01 -4.31115717e-01 -2.12171555e-01
    9.67088342e-02 -3.52880269e-01 -5.70734978e-01 -1.25447631e-01
    -3.18881273e-02 -3.91870201e-01 -6.41892195e-01 -6.51334465e-01
    -3.52044135e-01 -2.78823107e-01 -3.90695155e-01 -4.12793756e-01
    7.66475797e-02 -7.17796087e-01 -1.63163185e-01 -1.46832168e-01
    -4.58504289e-01 -2.16393530e-01 -1.64277792e-01 -5.78302920e-01
    -4.19250697e-01 -4.61989045e-01 -2.54884362e-01 -9.46171284e-02
    -4.67126429e-01 -5.45401752e-01 1.16055071e-01 -4.32610869e-01
    -7.24122524e-01 -1.28409624e-01 -2.84828722e-01 -7.42800355e-01
    -3.45050335e-01 -5.66760182e-01 -4.43299204e-01 -1.76640034e-01
    -7.49238133e-02 -6.51606083e-01 -3.29099953e-01 -1.13792598e-01
    -3.51622641e-01 9.29858685e-02 -6.09412551e-01 9.51212049e-02
    -7.92158842e-01 -6.36940122e-01 -4.89728391e-01 -2.31705248e-01
    -3.27079028e-01 -6.24447823e-01 -2.45189667e-03 -3.95124137e-01
    -2.39757776e-01 -7.76449025e-01 7.02913404e-02 -1.98883891e-01
    -6.68848753e-02 -6.86054111e-01 -6.23534143e-01 -5.18209100e-01
    -3.12901050e-01 -5.27179837e-01 1.28398776e-01 -7.32926726e-01
    -7.47265220e-01 -4.43957388e-01 -7.20291495e-01 -1.49118185e-01
    -3.47495794e-01 -2.14371383e-01 -1.07617438e-01 1.08496428e-01
    -5.66534162e-01 1.97577477e-02 -4.16554987e-01 8.82991552e-02
    -4.45759684e-01 -6.48522377e-01 7.66742826e-02 -2.49390125e-01
    -1.94135427e-01 6.76966906e-02 -4.45863426e-01 -3.53759021e-01
    -2.37934470e-01 -1.15270793e-01 -8.71424079e-02 -4.05752361e-01
    -1.72970235e-01 -7.88092017e-02 -2.75052667e-01 -1.46477818e-01
    -2.91801393e-01 -4.53002453e-01 -5.77514768e-01 -4.60919201e-01
    3.53392959e-02 -5.99488199e-01 1.67330503e-01 -2.34853923e-01
    -1.70126259e-01 -3.82861167e-01 1.43760920e-01 1.45345747e-01
    1.50114298e-02 -4.01540875e-01 -6.98538899e-01 -5.71117401e-02
    -8.15426469e-01 -2.26062894e-01 -8.04011941e-01 -3.07953417e-01
    7.10457563e-02 -3.21108103e-03 -6.90632224e-01 -3.95277470e-01
    -5.06891549e-01 2.24605083e-01 -1.90984726e-01 -6.44262075e-01
    -6.83459520e-01 -5.84953427e-01 -3.62221301e-01 -3.45249176e-01
    -9.06349421e-02 -2.61731446e-01 -1.23008013e-01 -7.52996683e-01
    1.22689664e-01 -5.57427049e-01 -3.85625064e-01 -2.96535492e-02
    -4.57006961e-01 -2.65827358e-01 -7.46163905e-01 -5.50321102e-01
    -1.92974985e-01 1.14905834e-02 -4.95988131e-01 -4.95884657e-01
    -4.17211682e-01 -3.91279459e-02 -4.12183881e-01 -1.27405584e-01
    -3.86527568e-01 -2.66307116e-01 1.82266176e-01 -4.67749238e-01
    -1.60595179e-02 -1.30548894e-01 -1.03868604e-01 2.94876099e-02
    -7.15957880e-01 -1.48399949e-01 -1.28999949e-02 -8.02423239e-01
    1.24864221e-01 -2.42265344e-01 -2.03896761e-01 2.47104168e-02
    5.79490066e-02 -1.95722461e-01 -1.75897658e-01 -4.17245597e-01
    1.86799645e-01 -6.76986396e-01 -5.03191173e-01 -8.31559300e-02
    -4.20055807e-01 -2.70479679e-01 -6.85715675e-03 -1.17134213e-01
    -2.50894964e-01 -2.47529328e-01 -2.78061211e-01 -1.60087526e-01
    3.81250381e-02 -5.28942406e-01 -7.23347008e-01 -3.88459057e-01
    -4.41894591e-01 -3.03790390e-01 -3.12348366e-01 -2.78225780e-01
    -2.27118909e-01 -2.00870395e-01 -6.81828856e-02 -6.41217947e-01
    -4.00453210e-01 -6.59000635e-01 -2.74265647e-01 -4.43516552e-01
    -6.81217909e-02 -8.10112953e-02 -4.61183190e-02 5.02598882e-02
    -6.04693353e-01 -6.47213459e-02 -3.48010719e-01 -8.39787364e-01
    -1.73069715e-01 -2.49778032e-01 -4.29530501e-01 -3.91980112e-01
    -8.10739398e-01 -2.59883761e-01 -2.72519529e-01 2.16990113e-02
    -1.58133507e-01 1.01793587e-01 -7.29833126e-01 -3.30254912e-01
    -1.89292908e-01 -1.59638524e-02 -2.60251999e-01 1.36613250e-01
    -2.91027844e-01 -6.28437042e-01 -3.51381153e-01 -4.17813778e-01
    -3.96814942e-02 -3.52874756e-01 -4.44507807e-01 -3.69310021e-01
    6.65903091e-04 2.60468721e-02 -6.18065774e-01 -6.88315809e-01
    -5.68599820e-01 -8.98233652e-02 -8.80039930e-02 -3.00315291e-01
    -5.40199935e-01 -1.64147079e-01 -2.77186334e-01 5.14236689e-02
    -6.42131627e-01 -2.82476872e-01 2.38736093e-01 -6.38636947e-01
    -6.21178687e-01 -6.99170530e-01 -5.04842877e-01 -3.52782011e-02
    -2.57686079e-01 -6.00148916e-01 -7.05810905e-01 -4.34069842e-01
    -6.83419108e-02 -6.41579986e-01 1.50318682e-01 -4.53833282e-01
    -3.28305691e-01 5.97836375e-02 -2.62282372e-01 -3.74230295e-01
    -1.38215423e-02 -1.64538860e-01 -6.08317256e-02 -2.57003307e-01
    -2.32275546e-01 -5.99792004e-01 -3.98636460e-02 -7.70127535e-01
    -3.76912862e-01 -5.20588160e-01 -9.16388035e-02 -3.75097513e-01
    -6.90466404e-01 -7.84932852e-01 -1.49257123e-01 8.27420950e-02
    1.29758477e-01 -6.90121710e-01 -5.16244173e-01 -8.14933181e-02
    -1.40726209e-01 -4.95699197e-01 1.76355660e-01 -1.99508131e-01
    -7.16073155e-01 -7.94637978e-01 -3.06855083e-01 3.86800766e-02
    1.50045156e-02 -5.85399985e-01 -2.64702559e-01 1.19410157e-02
    -4.70589429e-01 -5.40331125e-01 -5.61441958e-01 -2.52792120e-01
    -4.10445035e-01 -4.58249062e-01 -4.03702497e-01 -2.06387341e-01
    -6.73527598e-01 -6.01014972e-01 -2.78983235e-01 -4.95664597e-01
    2.13432908e-02 -3.52114439e-03 1.49024844e-01 -1.27540112e-01
    -7.45428979e-01 -6.85503304e-01 1.49234772e-01 -4.68625188e-01
    -1.58506870e-01 -1.08309865e-01 -2.41074145e-01 -5.64814329e-01
    -3.86095017e-01 -6.37008071e-01 -2.68559277e-01 -1.07547581e-01
    1.50093496e-01 -6.92652822e-01 -5.95974922e-02 -3.13811988e-01
    -2.90753782e-01 -7.03404427e-01 -3.15120161e-01 -5.31163692e-01
    -6.49280429e-01 1.35131001e-01 -3.11470866e-01 -8.37849379e-01
    2.08491087e-02 -4.11841065e-01 1.88783407e-02 -4.41706151e-01
    -6.47099018e-01 -3.63136113e-01 -5.72225451e-01 -2.48937845e-01
    -3.74534845e-01 -5.15948236e-01 -4.78134394e-01 -7.55282044e-01
    -3.65681231e-01 -7.97843754e-01 -4.90899295e-01 -1.73647404e-01
    -1.60580575e-01 -5.95608234e-01 -6.37140870e-01 7.19777346e-02
    9.29146409e-02 -2.34924316e-01 -5.45712948e-01 -4.52891886e-01
    -2.92342126e-01 -2.84646928e-01 -1.13015532e-01 -2.33358145e-02
    -6.85908794e-01 -4.21856791e-01 -7.05831587e-01 -8.05201828e-01
    -2.12234855e-02 -5.88391423e-02 -7.62494743e-01 9.06113386e-02
    -2.28437006e-01 -5.22528648e-01 -3.68949562e-01 -6.94060206e-01
    -1.49957657e-01 5.67915440e-02 -7.74149299e-01 -5.38106740e-01
    -3.15829813e-01 -2.76533186e-01 2.04109192e-01 1.44752383e-01
    -4.58036363e-01 1.45949483e-01 -1.15533829e-01 -4.78368491e-01
    -7.41377592e-01 -4.41799343e-01 6.48759604e-02 -1.71946347e-01
    5.25523424e-02 1.43317580e-02 -7.01308608e-01 -3.84744465e-01
    -4.85986590e-01 -6.25689626e-02 -1.34219527e-02 -4.00099695e-01
    7.80680776e-02 -3.90280783e-01 -2.95684159e-01 -5.90365410e-01
    -3.98713410e-01 -1.35592341e-01 -5.71957529e-01 5.77208400e-02
    5.02086282e-02 -7.03533351e-01 -7.76264310e-01 -4.68221426e-01
    -7.97940493e-01 2.10688114e-02 -7.06566513e-01 -5.23947120e-01
    -4.79967594e-02 -9.70244408e-02 -5.22316873e-01 -7.70273924e-01
    -1.58323765e-01 -5.46709299e-01 -6.22630954e-01 -3.97239685e-01
    -4.72263336e-01 -1.76109672e-02 -1.66291058e-01 -6.68869019e-02
    -6.48314714e-01 -3.26044559e-02 -3.98955405e-01 -4.42782283e-01
    1.09773278e-01 1.12025678e-01 -2.15695620e-01 -5.85341215e-01
    -2.42374539e-01 -6.05700374e-01 -2.60991275e-01 -6.15309477e-01
    -4.18801308e-01 -1.53285384e-01 -2.69387245e-01 -2.75699615e-01
    -6.71114385e-01 -3.46615434e-01 9.41475630e-02 -1.94418609e-01
    -7.51305461e-01 -7.32110143e-02 8.70727897e-02 -2.81519234e-01
    2.49515176e-02 -5.81564903e-02 -2.56097138e-01 2.58632302e-01
    9.69739556e-02 1.05509758e-01 1.17736220e-01 -1.42293274e-01
    1.31331623e-01 -3.74112934e-01 -2.55356729e-01 -3.58026028e-02
    6.21048808e-02 -1.29640102e-02 -2.55731106e-01 -7.82218695e-01
    -7.16305494e-01 -1.88800693e-01 -1.58738017e-01 -7.72469223e-01
    -6.17938995e-01 8.24843645e-02 -6.55265212e-01 -1.62630558e-01
    -4.58998144e-01 -1.68523133e-01 -4.87654984e-01 -4.93541896e-01
    7.91501403e-02 -6.65045500e-01 -1.16492689e-01 -6.23466372e-01
    -2.77766943e-01 -3.52407753e-01 7.36352205e-02 -1.82010055e-01
    -3.38195443e-01 -6.75384939e-01 -6.34666085e-02 1.28552854e-01
    -4.10502762e-01 -2.20919609e-01 -2.05324888e-01 -5.03301203e-01
    -3.91280651e-02 -7.75563717e-03 -7.03208506e-01 -1.79677129e-01
    -2.11189449e-01 -1.59645736e-01 -2.12001860e-01 -2.10148633e-01
    2.27947831e-02 1.14632010e-01 -7.42688239e-01 -9.67084169e-02
    -7.33142257e-01 -3.58435005e-01 -1.87527537e-01 -3.52810442e-01
    1.26127481e-01 -7.62207866e-01 -7.39044905e-01 -7.28524268e-01
    4.00442481e-02 -5.00739098e-01 -4.85352695e-01 -3.81880581e-01
    -7.49023676e-01 -5.38203537e-01 8.32458735e-02 -7.49468446e-01
    2.42165923e-02 1.04578137e-01 -7.43349433e-01 6.87593222e-02
    2.03903139e-01 -3.80669236e-02 -5.58547258e-01 -1.50607705e-01
    1.15393579e-01 -6.26689792e-02 -3.35024297e-01 1.39661431e-02
    -6.51726067e-01 -6.09886527e-01 2.74852097e-01 -6.62066877e-01
    1.95988953e-01 -5.25540769e-01 -3.86469513e-01 -1.20803535e-01
    -7.33963966e-01 -6.08451366e-02 7.25520253e-02 -2.85077929e-01
    -2.42286921e-02 -4.90206659e-01 -4.55613434e-01 8.93018842e-02
    -5.35999894e-01 -7.00949907e-01 -3.63446385e-01 -9.91726518e-02
    -3.92096400e-01 -5.36090076e-01 -1.40333891e-01 -1.09914005e-01
    -4.33424681e-01 -8.84378552e-02 -5.76725721e-01 -4.34150100e-02
    -7.34933734e-01 -1.19411528e-01 -5.97187161e-01 -5.29441535e-01
    -1.40334904e-01 -7.47893691e-01 -5.89195371e-01 -7.19280720e-01
    -4.05592442e-01 -6.47357702e-01 -2.79045880e-01 -3.49121213e-01
    -3.30538750e-02 -3.32856715e-01 7.94623494e-02 3.00784111e-02
    -8.08380067e-01 1.21240556e-01 7.92888403e-02 -4.76689100e-01
    2.54656076e-02 1.70990288e-01 -6.54417276e-01 -3.27429175e-02
    -4.86061633e-01 -5.19570529e-01 -5.88718832e-01 -3.17812622e-01
    -2.33029068e-01 -6.94803178e-01 -4.82074916e-01 -2.14465737e-01
    -3.02215934e-01 -4.82048512e-01 -2.58976579e-01 -6.09468222e-01
    3.79651189e-02 -5.17526865e-01 -3.63904864e-01 -3.28896642e-01
    -1.53567851e-01 1.53573453e-01 -4.00860876e-01 -4.85547006e-01
    4.06368375e-02 -6.57177567e-02 6.53065443e-02 9.60850716e-02
    -6.66333616e-01 -9.12339091e-02 -4.88668233e-01 -1.02423072e-01
    -6.37459219e-01 1.41083717e-01 1.34467363e-01 -2.17998743e-01
    -7.46597588e-01 -3.14059436e-01 -8.48628283e-02 -6.54657900e-01
    -6.78441405e-01 1.30238950e-01 1.45352125e-01 -4.32108879e-01
    1.51370823e-01 -4.80947435e-01 2.45778561e-02 -3.01783144e-01
    -6.92548215e-01 -1.70297503e-01 1.52820230e-01 -1.52033806e-01
    -1.46612287e-01 -6.12530231e-01 -4.20299947e-01 -7.07000375e-01
    -5.33062816e-01 1.63769245e-01 1.60708070e-01 -4.22454894e-01
    -3.34125280e-01 -5.20509899e-01 1.10015273e-01 -3.56353283e-01
    -1.19851828e-01 -2.75230706e-01 -2.36428440e-01 -2.41473377e-01
    -6.95160389e-01 -6.35258555e-01 -1.45902216e-01 -4.35578465e-01
    -6.28007233e-01 -2.49080122e-01 -5.20278871e-01 -5.61711013e-01
    -5.36041200e-01 -8.22396874e-02 2.01778412e-02 -5.18970490e-02
    -2.48497486e-01 -2.19440460e-02 -6.18379116e-02 -6.97069764e-02
    1.69668734e-01 -6.22009635e-01 -2.94517756e-01 1.72663569e-01
    1.92273259e-02 -3.36535066e-01 -9.94111896e-02 -3.38198662e-01
    1.11082494e-01 -2.01244950e-02 -3.25124860e-01 -7.89542913e-01
    -5.61668634e-01 -6.46039248e-01 -4.32691336e-01 -1.80652618e-01
    -1.63306117e-01 -6.24025941e-01 -7.04994619e-01 -7.20421076e-01
    -3.23696107e-01 1.35628700e-01 -2.65314579e-01 -8.37902069e-01
    -7.73148417e-01 4.42615151e-02 -1.39050007e-01 -3.96336675e-01
    -4.40014124e-01 -7.39768267e-01 -2.08232701e-01 -2.59041727e-01
    -4.74312305e-02 -6.15908623e-01 -6.54796600e-01 -4.04951185e-01
    -2.03053176e-01 -6.97998524e-01 -1.60494626e-01 4.42116857e-02
    -1.02061689e-01 -2.50777006e-02 1.54239058e-01 1.06762767e-01
    -1.78682506e-02 -4.80859280e-02 -1.23395801e-01 -1.44871712e-01
    -7.88203478e-02 -5.82098722e-01 -7.13949203e-02 -3.61839652e-01
    -1.89153671e-01 -4.73869145e-01 6.82296157e-02 -6.07917070e-01
    -4.70404208e-01 6.28651381e-02 6.89817667e-02 -2.90812135e-01
    -4.00580645e-01 -3.63253891e-01 1.03768289e-01 -4.51520681e-02
    -3.88071984e-01 -4.59462613e-01 -2.95501292e-01 -8.87101293e-01
    3.45397592e-02 -4.55876648e-01 -3.65013540e-01 -1.35272205e-01
    -5.40072739e-01 -2.52764821e-01 -6.10255957e-01 1.20504975e-01
    -4.82244700e-01 -3.46921086e-01 -1.37100220e-01 -3.16360950e-01
    -1.60302222e-01 -3.58617783e-01 -7.57102489e-01 -1.78374171e-01
    -4.75127697e-02 -6.17337823e-02 -8.57173204e-02 1.82733536e-02
    -6.73262000e-01 -2.72750080e-01 -6.47360802e-01 -9.61656570e-02
    -4.05706763e-01 9.45335627e-02 8.43638182e-02 -5.91686487e-01
    -3.38196009e-01 -6.29715443e-01 -1.07256234e-01 6.89544678e-02
    -4.34188157e-01 1.77605391e-01 -7.25632906e-02 -7.50955343e-02
    -4.39416051e-01 -4.91474867e-02 -5.99128306e-01 8.94074440e-02
    -6.97708488e-01 -2.56785572e-01 -7.83398271e-01 -3.10796738e-01
    -3.76086950e-01 -1.97208405e-01 -5.17162263e-01 -2.02804327e-01
    -1.78913951e-01 -5.86223841e-01 -6.79287314e-01 6.94998503e-02
    3.62291932e-02 -3.56650651e-01 -1.93361521e-01 -3.99815887e-01
    -1.07048929e-01 4.45784926e-02 -1.27888858e-01 -3.53125453e-01
    -5.76575100e-01 -7.10271239e-01 -2.48721957e-01 -5.92359543e-01
    1.55507684e-01 -4.03693527e-01 -3.01899314e-01 -6.21676445e-04
    -3.57485831e-01 -6.54973924e-01 -3.24656963e-01 1.74215198e-01
    -4.85169530e-01 -6.68218017e-01 1.18075907e-01 -6.17017150e-02
    -6.55153155e-01 -4.05212641e-02 -3.69796991e-01 -5.86849451e-02
    1.15121007e-01 -2.10698426e-01 -3.18000495e-01 -6.51008487e-01
    -6.75167441e-01 -2.09179282e-01 -3.13511908e-01 -6.86852098e-01
    -1.67083323e-01 -3.93292904e-02 -4.93334353e-01 -2.57849336e-01
    -1.61786675e-01 -3.08093429e-02 -1.49003923e-01 -7.72106290e-01
    6.21551275e-02 -3.69733512e-01 -3.96064788e-01 -8.12214613e-01
    8.46596956e-02 -2.42519379e-01 -7.28539467e-01 2.63648033e-02
    -2.44276524e-01 -5.48381567e-01 3.40133309e-02 -4.61471587e-01
    -6.90141678e-01 -2.53435373e-01 -1.68834865e-01 -2.43642569e-01
    -5.36125839e-01 -4.71096635e-02 -2.89066672e-01 -2.67655373e-01
    -2.40476072e-01 -1.04891181e-01 -4.09448177e-01 -6.25395417e-01
    -2.53611088e-01 -3.14746082e-01 -3.46439362e-01 -3.67316961e-01
    -8.04056406e-01 -8.76075029e-02 5.41256666e-02 -4.89500910e-01
    -6.88803196e-02 -8.59294295e-01 -2.38220751e-01 1.20065510e-01
    -1.34595871e-01 -1.70307219e-01 -5.50697088e-01 -5.70712447e-01
    -6.68819964e-01 -2.59654284e-01 -5.42336106e-02 -9.24524069e-02
    -3.63329232e-01 -7.77981877e-02 -3.86231929e-01 -4.27933931e-01
    -2.17159390e-01 -1.88752890e-01 -7.92479753e-01 -6.35084629e-01
    -1.14348054e-01 -5.12685418e-01 -3.83979768e-01 7.40585923e-02
    -4.62104082e-01 -4.11795527e-01 1.67874575e-01 -6.18206501e-01
    -7.14132190e-01 -1.15179241e-01 -3.75094414e-01 -5.18143952e-01
    -9.49385166e-02 -6.45248413e-01 -1.36558890e-01 7.92723298e-02
    1.28632188e-02 9.13847089e-02 -7.28259563e-01 -5.94382882e-01
    -5.86384892e-01 -4.81462777e-01 -4.18010712e-01 -3.36608410e-01
    -4.46407169e-01 -1.06335819e-01 -5.33481181e-01 -3.12685192e-01
    1.10802829e-01 4.12875414e-02 -8.28495860e-01 -3.96261394e-01
    7.70712495e-02 -3.95288438e-01 -4.71108377e-01 -5.98428786e-01
    -4.11421120e-01 -4.96272862e-01 5.16599417e-03 -7.46237159e-01
    -6.18329406e-01 -5.36826968e-01 -1.33773565e-01 -7.48246014e-01
    -1.37410760e-01 1.42246783e-01 -5.62637210e-01 -3.28936577e-02
    -8.65036488e-01 -2.87935615e-01 -5.88775277e-01 -3.64009500e-01
    -1.90685093e-01 -3.20095360e-01 -2.27683783e-02 -2.77288616e-01
    -5.42691350e-01 -6.69111133e-01 1.28432512e-01 -5.49066663e-01
    -1.49258673e-01 -4.02534664e-01 -3.74532193e-01 -3.78510714e-01
    -1.65791333e-01 -5.85104227e-02 6.59976006e-02 -4.95162517e-01
    -5.27816594e-01 5.37928343e-02 -6.05408192e-01 -5.78670323e-01
    -1.03945136e-01 -4.14313734e-01 -8.83664489e-02 -6.56496406e-01
    -7.88998961e-01 -1.82291090e-01 -4.41247225e-03 -8.05463791e-01
    -5.45066595e-03 -1.58911824e-01 3.67026329e-02 -2.65231192e-01
    -1.32203460e-01 -7.61471391e-02 -5.17637253e-01 -5.65291882e-01
    -7.42548108e-01 -1.42318606e-02 -4.03869003e-01 -5.87098360e-01
    -1.22293949e-01 -2.29246557e-01 -4.14760888e-01 -2.01457024e-01
    1.06982648e-01 -2.80487418e-01 -2.32154906e-01 -2.93400973e-01
    -4.20805097e-01 -4.41413611e-01 8.19702744e-02 -8.11648369e-01
    -4.73078251e-01 1.73575282e-02 -4.13149863e-01 -3.87030244e-02
    -2.65274286e-01 1.04615629e-01 -5.58661580e-01 -4.79020268e-01
    -6.38729334e-02 -3.12250555e-01 -4.72968489e-01 -5.88524342e-03
    -6.04488909e-01 3.28472257e-02 -3.44014704e-01 -1.07957602e-01
    -5.04063368e-02 -2.59277344e-01 -4.10897553e-01 -7.70758092e-01
    -2.65154302e-01 -1.91973448e-01 -2.71585226e-01 -3.74129921e-01
    4.03112173e-03 -1.35625124e-01 -6.45336986e-01 -6.56753302e-01
    -3.36814344e-01 -1.25806391e-01 -2.45529652e-01 4.06490564e-02
    -3.53353053e-01 -1.47084177e-01 -2.14962661e-01 -3.12492937e-01
    -6.48540556e-01 -2.57919490e-01 -3.13447833e-01 -6.78124905e-01
    -5.38293242e-01 -1.56223774e-01 1.24338448e-01 -7.11939096e-01
    -4.61989582e-01 -2.38226593e-01 5.72223067e-02 -8.13236952e-01
    7.62659311e-03 -3.78170311e-01 -8.23690891e-01 9.99439955e-02
    -3.86276364e-01 -3.47169995e-01 -3.90789449e-01 -6.21387720e-01
    -2.40459740e-01 -9.46962833e-03 -3.19917381e-01 -4.96899873e-01
    -1.96939230e-01 -3.53002965e-01 -3.95552725e-01 1.19370937e-01
    1.88299358e-01 9.68934894e-02 -3.54448676e-01 -3.29970062e-01
    -7.51170695e-01 -2.09023356e-02 -1.81549668e-01 -3.54950428e-01
    -6.99073792e-01 -3.02635908e-01 7.18051195e-02 -2.10193872e-01
    -6.62429750e-01 -7.49624610e-01 -6.39235258e-01 -1.52204514e-01
    -8.60469341e-02 -4.89341468e-01 -3.48220408e-01 -5.48366725e-01
    -2.46821284e-01 -7.68701196e-01 1.52885735e-01 -5.29830217e-01
    -1.68665349e-01 9.18427706e-02 1.64833486e-01 -3.26679826e-01
    4.86956239e-02 1.87480450e-01 -3.66192937e-01 -3.65146637e-01
    -1.05648577e-01 -6.22795820e-01 -7.24003315e-01 1.99436605e-01
    -2.16858149e-01 -2.75895655e-01 -5.53276658e-01 -5.11381686e-01
    -3.20499599e-01 -2.54456878e-01 -3.62988651e-01 -6.65774226e-01
    -4.86539006e-01 -4.01543945e-01 -2.05113649e-01 7.39457011e-02
    -6.71680570e-02 1.54500067e-01 -4.82044756e-01 -3.02323222e-01
    1.90985203e-01 -4.43315387e-01 -6.52022839e-01 -4.02204871e-01
    -1.77341223e-01 -7.00303793e-01 1.94670975e-01 5.41313291e-02
    -1.90096796e-01 6.91843629e-02 -1.20890856e-01 3.79946828e-02
    -3.79341006e-01 -5.23112237e-01 4.50218916e-02 -6.39423490e-01
    -6.54731274e-01 -4.21940029e-01 1.41665399e-01 -1.17187321e-01
    -3.21085393e-01 -7.35411644e-01 -3.67990017e-01 -2.15856373e-01
    -2.12959200e-01 -7.23470211e-01 1.66640818e-01 -2.37023830e-02
    -3.43359888e-01 -5.51509857e-02 -2.60113597e-01 -6.42509580e-01
    7.41738081e-02 2.97509432e-02 -4.85830784e-01 -7.04992533e-01
    -7.26058125e-01 3.83059978e-02 -5.18540502e-01 9.56193805e-02
    -5.92473865e-01 -5.54788828e-01 -6.15953624e-01 -4.56662059e-01
    -8.21417570e-03 2.06037104e-01 -4.00685519e-01 -6.15443230e-01
    -2.74639517e-01 -5.71032643e-01 -5.98023653e-01 -4.12606686e-01
    -1.00850523e-01 -3.43053281e-01 -5.51000237e-01 -2.71070480e-01
    5.53906560e-02 -7.72421956e-02 -8.12110901e-01 5.26708961e-02
    -6.75119400e-01 -7.54652381e-01 -1.85609341e-01 -8.17686677e-01
    7.68042803e-02 4.61687446e-02 -2.25199163e-01 -4.50720787e-02
    -1.59981847e-02 -5.16192257e-01 -7.47062683e-01 -7.26643682e-01
    -7.00274706e-01 -3.39613408e-01 -1.33501172e-01 -6.31552100e-01
    8.69030952e-02 8.89206529e-02 2.13274777e-01 -4.78268772e-01
    -5.43347239e-01 -7.54254162e-01 -1.10051036e-01 1.08190835e-01
    -7.41079271e-01 -2.17097580e-01 7.92844296e-02 -1.34802461e-02
    1.37158632e-02 -1.47187471e-01 -6.50462210e-01 1.70268178e-01
    -3.77872646e-01 -3.98534834e-01 1.59287333e-01 -6.45020485e-01
    2.26322591e-01 5.44764996e-02 -5.62910080e-01 8.73872638e-02
    -3.25234532e-02 -5.63469768e-01 -5.98375797e-01 -5.10305822e-01
    1.18106902e-01 1.01155877e-01 -6.39893651e-01 -8.28853250e-01
    -1.58546567e-02 4.67172861e-02 3.88690233e-02 -4.08896565e-01
    6.86095953e-02 -7.34715581e-01 4.29898500e-03 -2.52425313e-01
    -4.76566762e-01 9.14471149e-02 -2.12627113e-01 1.48570597e-01
    -2.98167020e-01 -1.33217573e-02 1.98197603e-01 -1.07930899e-02
    -1.42666638e-01 -4.31733847e-01 -1.11947477e-01 -1.55562878e-01
    -5.06998241e-01 -4.21929598e-01 1.65793896e-01 -7.24750996e-01
    -6.28500462e-01 -4.48686659e-01 -1.65986180e-01 1.83590770e-01
    -3.17571789e-01 -5.34249783e-01 -4.47482795e-01 -6.06872678e-01
    1.40221477e-01 -4.53707993e-01 -7.11979985e-01 -2.86596656e-01
    -2.27068245e-01 -5.87513566e-01 -6.06253147e-01 -4.92325187e-01
    -7.67096877e-01 -2.71867812e-01 -1.21668875e-01 -6.32715225e-02
    -5.59059739e-01 1.52785361e-01 -4.59706247e-01 -7.89251924e-01
    -1.47307694e-01 -2.12718427e-01 -2.60739386e-01 -2.36156344e-01
    -3.09111297e-01 -4.92650688e-01 -3.94951582e-01 -3.72964740e-01
    6.45836592e-02 -3.41907054e-01 -2.77483344e-01 -4.98788714e-01
    1.39814734e-01 -3.49935114e-01 1.69060230e-01 -4.59944487e-01
    9.90452170e-02 7.43407011e-03 3.57039571e-02 -6.98763967e-01
    -1.18105888e-01 1.14721298e-01 -1.32710814e-01 -4.07049000e-01
    -1.44358099e-01 -1.46386862e-01 1.19742155e-01 -3.38821709e-01
    1.03154778e-02 -2.23517418e-02 -1.31613135e-01 -8.08453619e-01
    -3.03925633e-01 -1.21972144e-01 1.29682600e-01 -6.58971071e-02
    -1.40360415e-01 -4.15871799e-01 -3.82542104e-01 1.04091644e-01
    -6.03975773e-01 -2.06445634e-01 5.15613556e-02 -3.05913925e-01
    -6.98877215e-01 -4.60302293e-01 -4.67873216e-01 -4.91048157e-01
    -5.10666728e-01 -1.31635249e-01 -2.58411765e-02 1.25404477e-01
    7.67558813e-02 9.91668701e-02 -3.13856781e-01 -5.97383678e-01
    -7.74598718e-01 -1.56830430e-01 -2.06821561e-02 -2.99172640e-01
    -1.61941648e-01 -1.96357250e-01 -2.37364054e-01 -3.20242584e-01
    -5.22577226e-01 -1.20437920e-01 -2.57370263e-01 -5.75195909e-01
    -6.62274480e-01 -5.53956747e-01 -4.47210610e-01 2.51922011e-02
    -8.00486326e-01 -4.10941511e-01 -7.08518922e-01 6.84196353e-02
    -6.25106215e-01 -1.69520378e-02 5.52719831e-03 -2.19303489e-01
    -6.96060658e-02 -2.44238019e-01 -3.66487592e-01 -2.93969959e-01
    -1.24521434e-01 -6.74427450e-01 -2.83437788e-01 4.03684974e-02
    -3.76117229e-03 -7.12913632e-01 -2.62272000e-01 5.90467453e-03
    -2.05099940e-01 -4.75598633e-01 -6.66250587e-01 -4.85107392e-01
    -4.24998403e-02 1.15988672e-01 -2.72068620e-01 -6.95164263e-01
    1.29002154e-01 -3.34561557e-01 -1.12932265e-01 1.79279447e-02
    -4.86182988e-01 -4.89883512e-01 -3.36099744e-01 -7.58095026e-01
    -1.58531129e-01 -8.80207896e-01 -5.28784811e-01 -1.83248878e-01
    -1.23244822e-01 -6.33324623e-01 -2.04772413e-01 -6.22784495e-02
    -4.74582672e-01 -6.39851093e-01 -3.44757825e-01 -3.17409754e-01
    2.32336283e-01 -5.09906650e-01 2.35599041e-01 -4.14124906e-01
    -4.17529464e-01 -5.57943583e-01 1.16201162e-01 -6.53650939e-01
    5.15133739e-02 -1.38470292e-01 -3.21135223e-01 -1.78678155e-01
    -3.90911549e-01 -4.73301858e-01 1.35077775e-01 -6.92005098e-01
    -5.37785292e-02 -3.45060945e-01 -5.57143152e-01 -2.66994447e-01
    -3.22186798e-01 -3.99794579e-02 -6.35663986e-01 -2.10202694e-01
    -5.23825884e-01 -1.11840963e-02 4.97524142e-02 -4.96828407e-01
    -1.21806383e-01 -2.43690640e-01 -3.40515763e-01 -2.90819705e-01
    -4.51161891e-01 4.70431447e-02 -1.92301393e-01 -5.15403986e-01
    -4.82819468e-01 2.58212090e-02 -2.66227663e-01 5.18391728e-02
    -5.43782830e-01 -5.68180084e-02 -2.93549687e-01 -6.80236459e-01
    1.66218400e-01 1.43109441e-01 -6.77984476e-01 -2.16192603e-02
    -2.46032774e-01 -6.86098158e-01 -1.52630627e-01 -3.97468925e-01
    -1.73842609e-01 2.29932070e-02 -3.83622468e-01 -1.22542799e-01
    -1.35689497e-01 -7.37215281e-01 -4.89622563e-01 -6.47806048e-01
    -3.26645136e-01 -2.20139146e-01 -4.43297058e-01 6.75745010e-02
    -3.73268217e-01 -7.21522570e-02 -5.01840711e-01 5.88567853e-02
    -4.14580613e-01 -2.48634934e-01 -5.14395952e-01 -6.57580376e-01
    1.20190024e-01 2.06187487e-01 -5.60974061e-01 -5.13978899e-01
    -5.97482622e-01 2.36179888e-01 -4.38661695e-01 -5.23992360e-01
    -1.41071022e-01 4.68897223e-02 -3.02921593e-01 -6.44325614e-02
    -5.93547523e-01 -5.82965612e-01 -4.54215020e-01 -1.34714305e-01
    -1.98329508e-01 -6.49376631e-01 -7.13636875e-01 1.02492213e-01
    -7.06844330e-01 -4.05249029e-01 -1.95825636e-01 -3.78720552e-01
    -6.77928686e-01 2.40555882e-01 -2.66890466e-01 -1.72561258e-01
    -4.90633786e-01 3.21090817e-01 -2.45174468e-01 -1.70231044e-01
    -7.72221565e-01 -6.16242588e-01 -4.43747580e-01 -3.61467600e-02
    -5.19362628e-01 -3.72826606e-01 -6.26643538e-01 -1.25956059e-01
    -3.86432350e-01 -7.03685641e-01 -4.07509863e-01 -7.18720913e-01
    -7.46974409e-01 -4.74358797e-02 -2.30014920e-02 -5.16504645e-01
    -1.71580553e-01 -4.26591486e-01 -4.57246304e-02 3.42728496e-02
    -4.01188612e-01 -1.52053177e-01 -3.48881483e-02 1.01144612e-01
    1.20818019e-01 -5.74185550e-01 -5.49658775e-01 -5.91410995e-01
    -4.58048970e-01 -4.43346471e-01 -3.43781501e-01 1.58591211e-01
    -5.48352003e-01 -4.69964862e-01 -6.92246914e-01 -6.31526589e-01
    2.18117833e-02 -8.87620449e-02 -6.44188762e-01 4.41766977e-02
    -4.75570589e-01 -1.46031380e-04 -7.52232075e-01 -8.03697765e-01
    -3.08690369e-01 -6.44656658e-01 -7.38372564e-01 -2.29984462e-01
    -2.08641171e-01 -7.42323756e-01 -3.19362819e-01 -6.47279620e-01
    -2.57691681e-01 -1.76632345e-01 -2.66108692e-01 -1.51848257e-01
    -6.94978237e-01 -5.21091819e-01 -4.07309890e-01 -7.60617554e-01
    1.67201757e-01 -5.45754790e-01 8.80631208e-02 -2.64115691e-01
    -6.21879101e-01 -4.95040238e-01 -1.24978960e-01 -6.77995384e-01
    -6.29802227e-01 -2.49536216e-01 -7.57723212e-01 -6.29355907e-02
    -1.31910026e-01 -6.53174639e-01 -8.02254081e-02 -3.31018448e-01
    -2.19926059e-01 -5.72181046e-01 -7.79994130e-01 -7.34598398e-01
    7.82078505e-02 7.23508000e-02 -1.71133399e-01 -6.95459723e-01
    -5.96402884e-01 -2.34543085e-02 1.64185345e-01 -1.16920948e-01
    -3.42715621e-01 -5.74404478e-01 -4.98156220e-01 -2.65758514e-01
    2.46355534e-02 9.15179253e-02 4.76062894e-02 -1.81350410e-01
    -5.71206450e-01 -3.55408192e-01 1.91275954e-01 1.33864343e-01
    -3.15417886e-01 1.43990219e-01 -1.60554290e-01 -3.49415958e-01
    5.32337427e-02 3.69950533e-02 -8.00377846e-01 -7.54824638e-01
    -7.12609053e-01 -4.02059436e-01 1.11574531e-02 -6.67013526e-02
    -1.20150566e-01 -1.41714692e-01 -1.78006113e-01 -2.73392797e-02
    -6.56713188e-01 -1.83947563e-01 1.68583155e-01 -7.63650894e-01
    8.44888687e-02 -4.16567624e-01 8.80318880e-02 -5.86681128e-01
    -1.10178888e-01 -5.20152152e-01 1.34047627e-01 -4.47526932e-01
    -6.95766330e-01 -4.36034262e-01 -3.58789206e-01 -6.98754907e-01
    -5.77140450e-01 -5.54833412e-01 9.87114310e-02 -5.09093404e-02
    -6.37386799e-01 -5.79998255e-01 -6.90002322e-01 -1.91491961e-01
    -2.03024507e-01 -4.20700908e-02 -1.25847161e-01 -7.56449997e-01
    -3.32242846e-01 -4.00881082e-01 1.33836865e-02 1.48165822e-01
    -2.80162632e-01 -6.27293944e-01 -4.68950748e-01 -6.05207324e-01
    -6.04823411e-01 7.87299275e-02 1.75001621e-02 -5.18165708e-01
    -6.23223603e-01 -1.31184995e-01 -6.48462772e-01 -5.29060543e-01
    -3.45388651e-02 -6.92221463e-01 1.85499191e-02 7.66609311e-02
    -1.44755781e-01 1.01837754e-01 -1.04206979e-01 -4.52573538e-01
    -3.96675736e-01 -4.26187336e-01 2.22802043e-01 -4.85035896e-01
    2.29584098e-01 -3.73708218e-01 -8.76905918e-02 -1.70297027e-01
    -2.32716560e-01 -7.41087615e-01 -1.37382209e-01 -4.38721240e-01
    -6.14820838e-01 -2.26218104e-02 -4.01050329e-01 -5.23803830e-02
    -1.36275113e-01 -3.42352688e-01 -6.83733344e-01 -3.93294513e-01
    2.98597217e-02 -1.50856912e-01 -2.88108587e-02 -4.61079538e-01
    1.71441138e-01 -7.08253264e-01 -2.17261851e-01 -1.21579170e-01
    -1.19484723e-01 -5.26146173e-01 -6.90896749e-01 -6.42603040e-02
    -1.15983665e-01 -1.05521858e-01 -5.11504650e-01 -2.78614819e-01
    1.22506082e-01 -6.08548582e-01 -1.53839529e-01 -5.50899267e-01
    -2.29705811e-01 -2.20586181e-01 1.77563727e-01 -3.45362782e-01
    -6.05492055e-01 -5.20634353e-01 2.10209191e-01 1.89007342e-01
    -5.40847301e-01 -1.69087350e-01 2.94525027e-02 1.19027674e-01
    -7.11768210e-01 -7.59547830e-01 -3.68750364e-01 1.44085109e-01
    -6.64802194e-01 -4.82843518e-02 -2.82074213e-01 -6.03147745e-01
    -2.63492852e-01 -5.17675877e-01 -3.17915201e-01 -3.23887885e-01
    -3.29631239e-01 -6.87476039e-01 -2.29131401e-01 6.64737821e-02
    -4.05820012e-02 -5.83913326e-01 -5.31435013e-04 -5.73590457e-01
    4.43148613e-02 2.14931965e-02 -5.72846830e-01 -1.17084384e-02
    -1.82103634e-01 -5.37696183e-01 -3.98193002e-01 -1.47052050e-01
    -5.28428674e-01 -1.93010688e-01 1.49045587e-01 -2.61482477e-01
    6.16733432e-02 2.05780387e-01 -6.40244842e-01 -4.43879426e-01
    -8.00624609e-01 -6.47818387e-01 -2.69851685e-01 -4.25278306e-01
    -5.47545731e-01 7.33127594e-02 -3.57005775e-01 -4.22120869e-01
    -3.58830214e-01 -2.15180337e-01 -1.81059539e-01 -4.17102635e-01
    1.42139971e-01 -3.86291295e-01 -2.28892803e-01 2.58741379e-02
    -2.07230270e-01 -3.72504741e-01 -7.71836102e-01 -3.64618897e-02
    -1.34636998e-01 -7.99578488e-01 1.32937431e-02 5.56030869e-02
    -5.22635818e-01 -4.79326546e-01 -6.15513802e-01 5.14403582e-02
    -6.67635918e-01 -1.64170384e-01 7.36564994e-02 -4.83339608e-01
    -6.57412291e-01 -4.67549801e-01 -2.58510411e-01 -6.20737076e-02
    -2.96475589e-01 -6.53075099e-01 -4.52622652e-01 -9.76358652e-02
    -7.95211554e-01 -8.43107700e-04 -2.02937186e-01 -2.26332724e-01
    1.68784201e-01 8.51160288e-03 -4.29664046e-01 -6.61404729e-01
    -1.64436638e-01 -3.79270911e-01 -5.57749391e-01 -1.41490698e-01
    -7.91847110e-02 -4.76953149e-01 -7.38070607e-01 -2.32787848e-01
    -1.73947632e-01 -1.99673951e-01 -6.12616062e-01 -1.60153508e-02
    2.71555185e-02 -1.25477076e-01 -1.89941525e-02 2.00029016e-02
    4.08011675e-02 -3.07975054e-01 -4.07315433e-01 -7.37572908e-01
    3.95060182e-02 8.36062431e-03 -5.46207368e-01 -3.74324262e-01
    -5.90928435e-01 -6.80881381e-01 -1.84393287e-01 -4.20813590e-01
    -7.41419792e-02 -1.03653610e-01 -3.95189464e-01 -3.51002216e-02
    2.22808123e-01 -5.46403944e-01 -7.12760091e-01 -6.04849517e-01
    -6.89973354e-01 -6.45349443e-01 -3.66439193e-01 -6.58950210e-01
    -7.40002811e-01 -1.38902903e-01 -7.38747835e-01 -2.77518630e-02
    -2.33594596e-01 -2.32112229e-01 -2.19045281e-01 -2.43771791e-01
    -6.09642744e-01 -3.44808340e-01 -1.30394578e-01 -5.99904895e-01
    -2.27929771e-01 -4.20570135e-01 -1.56367004e-01 -6.77596509e-01
    -1.67631030e-01 -6.21199727e-01 1.18279636e-01 1.46581411e-01
    -3.90161455e-01 -7.06925690e-01 -6.80480719e-01 -3.44797254e-01
    -4.32087183e-01 -2.33524621e-01 -5.45446992e-01 -6.49841130e-01
    -5.17786205e-01 -1.08173847e-01 -6.84873700e-01 -6.57851696e-01
    -9.62331295e-02 6.72941804e-02 -7.65654385e-01 -1.34747505e-01
    5.60058355e-02 -1.86250865e-01 -4.24468577e-01 -1.68908358e-01
    -5.95920384e-01 -4.98297930e-01 -2.75934339e-02 -3.27163547e-01
    -1.68912113e-01 -1.74844265e-03 -2.68173695e-01 -2.62399435e-01
    -2.96770632e-01 -5.94241261e-01 -6.85872436e-02 -1.71248376e-01
    -5.90921342e-01 -4.37223315e-02 -8.30692649e-02 -5.01214266e-02
    -2.83423960e-01 1.12006962e-01 -4.63053495e-01 -1.79747880e-01
    -6.78728580e-01 -4.04576659e-02 -1.39639914e-01 -6.27660632e-01
    -7.08209157e-01 1.26866043e-01 -4.05924320e-01 2.12334394e-02
    1.11986339e-01 -6.33093834e-01 -5.37654698e-01 2.47144282e-01
    -2.88757712e-01 -7.25994825e-01 -4.32175338e-01 -3.52367043e-01
    -6.60373211e-01 -1.55421555e-01 -6.26177788e-01 -5.35516977e-01
    2.69266963e-01 2.78267860e-02 -4.29334283e-01 -5.29873848e-01
    -1.52676105e-02 -3.54528636e-01 -3.02172303e-02 -2.26848125e-02
    6.83987141e-03 1.02605641e-01 -2.44599640e-01 -4.20936823e-01
    -4.17177409e-01 -4.28968906e-01 -6.42425895e-01 -4.90571260e-02
    -4.74031150e-01 -7.65628934e-01 -6.78720057e-01 -9.18269157e-04
    -4.29155797e-01 -6.95429683e-01 -3.88097286e-01 3.87176871e-02
    -6.68649793e-01 2.11944044e-01 -4.97750968e-01 -7.14257777e-01
    -2.18294561e-01 1.70009255e-01 -4.40278471e-01 -1.84144258e-01
    -5.61697125e-01 -2.04724073e-02 -1.36596620e-01 7.70048499e-02
    -7.37324357e-02 -7.33041286e-01 -2.01886296e-01 5.40579557e-02
    -1.34532332e-01 -8.74531865e-02 -3.83036941e-01 -5.98909616e-01
    -5.59602261e-01 -3.12427491e-01 2.14070678e-02 -3.75748426e-01
    -6.65250778e-01 -4.82852072e-01 -4.53988910e-01 -6.14501774e-01
    6.85905814e-02 -6.74466968e-01 2.02523530e-01 1.53906107e-01
    1.13202929e-01 -6.96570337e-01 -5.84585190e-01 -5.92767537e-01
    8.45900178e-02 -3.50404739e-01 -1.21779621e-01 -2.96204865e-01
    -2.40243226e-01 -2.10588574e-01 -5.39360762e-01 -6.03402317e-01
    -7.46531427e-01 -1.89684689e-01 -1.83463931e-01 -1.63761497e-01
    -6.35573089e-01 -2.01421618e-01 -2.32150376e-01 -6.41479790e-01
    -1.71112776e-01 -5.78237176e-01 -2.32423425e-01 -6.68538332e-01
    -5.07127047e-01 1.56304777e-01 7.35703707e-02 -3.06945741e-01
    3.94681096e-01 -2.17964172e-01 3.41991782e-02 -1.56601191e-01
    -9.64864492e-02 9.93168950e-02 -3.22739244e-01 4.06576991e-02
    -7.54506588e-02 -7.86330104e-02 -4.58007872e-01 -2.87041068e-02
    -2.69426703e-01 -8.84116292e-02 -2.55824924e-01 9.86836553e-02
    -4.77198899e-01 -6.04520857e-01 1.78679168e-01 -7.59298801e-01
    -3.52554262e-01 -2.16707051e-01 -7.53179729e-01 -2.26559758e-01
    -6.49671197e-01 -1.55902088e-01 -2.55288601e-01 -1.56255782e-01
    -4.11625862e-01 -5.04356146e-01 -4.33839619e-01 -5.31312466e-01
    -1.22539878e-01 -6.89271688e-01 -4.46037829e-01 1.49536848e-01
    1.57192528e-01 -3.47480357e-01 -1.82595313e-01 -4.29864317e-01
    -2.45565712e-01 1.34607434e-01 -1.21194124e-01 -2.59114504e-01
    -2.88679123e-01 -6.86573982e-02 -3.92497063e-01 8.93989801e-02
    -7.20707059e-01 -6.78256691e-01 1.37029648e-01 -4.43019092e-01
    2.04911113e-01 -2.28406668e-01 -5.47520339e-01 -2.51051247e-01
    -2.67489493e-01 1.72163725e-01 -1.30167484e-01 -2.04533100e-01
    2.34047532e-01 -4.30499226e-01 -5.96851587e-01 -2.69773185e-01
    -5.13872623e-01 -4.31978703e-02 -5.21993697e-01 -4.45179880e-01
    -7.20551610e-02 -5.76097369e-01 -7.42847800e-01 -3.70241940e-01
    -2.44043350e-01 -2.26583600e-01 -3.76573801e-02 -1.99536681e-01
    -9.37873125e-02 -2.84360051e-02 -8.16940784e-01 2.51481533e-02
    7.19317198e-02 -4.47173059e-01 -3.74536932e-01 -2.68284559e-01
    -4.34565544e-01 1.45407319e-01 -3.01263988e-01 -5.06239712e-01
    -5.55840373e-01 -4.67899233e-01 1.02393210e-01 1.31535769e-01
    -2.04554141e-01 -9.17118788e-02 -8.52991939e-02 -5.56461811e-01
    -7.98889220e-01 4.23657298e-02 -6.53996646e-01 -2.17040181e-01
    -2.87453949e-01 -7.96831071e-01 -2.48027503e-01 -6.59106851e-01
    -3.10409963e-01 -1.32527351e-02 -4.91367221e-01 -2.61259556e-01
    -2.59043932e-01 -2.10225701e-01 -6.18299842e-02 -7.37732768e-01
    -4.20868397e-03 -3.54907513e-02 -5.95935225e-01 -6.78570390e-01
    -1.07670188e-01 8.67623687e-02 2.91387439e-02 -1.72990739e-01
    -6.75098836e-01 -1.81887090e-01 -3.37172151e-02 -5.16391158e-01
    -6.69563651e-01 1.88931823e-02 -5.42974532e-01 -8.35924804e-01
    7.45118260e-02 -5.48667252e-01 -4.09797519e-01 -3.68723273e-01
    -4.26758826e-01 -2.77034611e-01 -6.88364029e-01 -3.48807216e-01
    -4.60597903e-01 -1.93100214e-01 -4.84922051e-01 -6.70614839e-02
    -3.82354617e-01 -7.44562745e-02 -2.14090705e-01 8.38679671e-02
    -5.18207312e-01 -1.51206076e-01 9.08891559e-02 -2.69127667e-01
    -5.97199321e-01 -3.15872580e-01 -6.74051881e-01 -6.20919585e-01
    -2.34237313e-02 -9.59056020e-02 8.36679935e-02 1.77899718e-01
    -4.88111734e-01 -5.44819355e-01 -7.25256324e-01 -5.03868222e-01
    1.20617688e-01 -6.35722578e-01 -3.10432583e-01 -6.14255488e-01
    5.32832146e-02 -6.98004842e-01 -5.82524896e-01 -6.12437725e-02
    -3.04603815e-01 6.98846579e-03 -4.28543508e-01 -3.52518439e-01
    -7.89976716e-02 -4.03027654e-01 -6.52122617e-01 -2.60914415e-01
    -7.06386924e-01 -6.60865843e-01 -7.00559855e-01 1.33406818e-01
    -7.75119781e-01 -5.28439224e-01 -4.14882839e-01 -6.82955742e-01
    -4.71767426e-01 -2.34650075e-01 -2.67770290e-02 -7.73000717e-03
    1.04826391e-01 -5.91738224e-01 -2.74530053e-02 -3.88371587e-01
    -4.75705862e-02 8.19587111e-02 -2.74827600e-01 -5.80490112e-01
    -1.89544857e-01 -6.79664493e-01 -6.44382298e-01 -6.82174802e-01
    -1.79647088e-01 -4.77813244e-01 -5.51762462e-01 -3.58410478e-02
    -7.75280118e-01 -6.54849052e-01 -3.15435290e-01 -4.41053569e-01
    -1.18249357e-01 7.14170933e-03 -8.53530109e-01 -6.28769517e-01
    -5.13422489e-02 -6.04424000e-01 -1.56134367e-03 -6.47013426e-01
    -1.74723327e-01 -4.59169537e-01 -2.34075904e-01 -2.89135963e-01
    -6.06732130e-01 -5.20048738e-01 -3.02892864e-01 -4.02804911e-01
    -3.39659452e-02 -7.00634480e-01 -2.70501614e-01 -5.60069978e-01
    -2.69920558e-01 1.55669451e-03 2.20604300e-01 -3.52962613e-01
    -4.86036152e-01 -4.53268290e-01 9.70368981e-02 -1.05561674e-01
    -5.05335569e-01 -6.24150813e-01 -6.83425426e-01 -4.52545047e-01
    -2.49166489e-01 -2.27549314e-01 7.89912939e-02 -3.98163378e-01
    3.16222310e-02 -2.87991405e-01 1.32236958e-01 -4.77319539e-01
    -2.86750734e-01 -2.28999913e-01 2.89688110e-02 -6.46156609e-01
    3.08909297e-01 1.00548923e-01 5.81336021e-02 4.04622525e-01
    2.25226164e-01 -3.78652185e-01 -1.61784947e-01 -5.90975404e-01
    -6.18517399e-04 -3.90317619e-01 -6.14071250e-01 -6.23682678e-01
    -1.81068540e-01 1.16155386e-01 -2.38639414e-01 -1.26298308e-01
    -2.57600307e-01 -2.12382615e-01 -3.16820741e-01 1.65373027e-01
    -7.69842684e-01 -9.72290039e-02 -5.83613753e-01 -7.13901639e-01
    -4.53587085e-01 -5.72139025e-02 -4.82955575e-01 -9.56183076e-02
    -8.50836515e-01 -6.26646936e-01 5.33913970e-02 -2.58758008e-01
    -8.16044211e-01 7.20897317e-02 -4.22176063e-01 -6.19317770e-01
    -5.64984322e-01 -3.95869344e-01 -3.05850029e-01 5.01716733e-02
    -4.16059613e-01 -6.00604653e-01 -1.66249633e-01 -3.79633516e-01
    -4.16813999e-01 -4.19696629e-01 -6.64243340e-01 -7.14613557e-01
    -6.40353680e-01 2.04535127e-02 1.03430629e-01 -3.14367473e-01
    -7.23075330e-01 4.55394387e-02 -3.19501042e-01 -6.30012274e-01
    -3.76892745e-01 -6.09870315e-01 -5.32633722e-01 -5.30341625e-01
    -3.23330313e-01 -2.19265878e-01 -5.52037239e-01 -5.43895960e-01
    -2.45342195e-01 -3.38917315e-01 -6.49743319e-01 -3.22757572e-01
    -5.08221149e-01 -2.08263397e-01 -5.56292295e-01 -1.65518761e-01
    -4.01177347e-01 -3.51877481e-01 1.01330519e-01 -5.56586266e-01
    -1.31873727e-01 -3.80346566e-01 -1.91668868e-01 -5.76348186e-01
    -7.56537318e-01 -3.11135828e-01 -5.79966128e-01 -9.08014774e-02
    -7.29453564e-02 3.80467772e-02 -3.44570398e-01 -5.62770963e-01
    -2.27097631e-01 -2.68415958e-01 -6.07363582e-01 1.94216073e-01
    -4.38751996e-01 -5.92564225e-01 -1.53274536e-01 -2.87833333e-01
    -9.58801508e-02 -6.66954517e-02 -8.49476755e-01 -4.36235070e-02
    -1.73015356e-01 -7.82966375e-01 -2.52946019e-01 -2.25656867e-01
    1.81543589e-01 -7.68469334e-01 -1.61693871e-01 -7.46544003e-01
    1.14309788e-01 -3.66491318e-01 2.49407887e-02 -1.28330767e-01
    -5.10717750e-01 -7.04509497e-01 -3.20643187e-02 -1.83742344e-01
    1.20065749e-01 -3.40167344e-01 -6.67163730e-01 -3.62697333e-01
    -2.64048994e-01 -1.65819824e-01 -3.81512821e-01 -7.24040151e-01
    -4.13427174e-01 -6.28214836e-01 -3.86117041e-01 1.64884269e-01
    -4.96728927e-01 -5.52317977e-01 6.18493557e-02 1.07441068e-01
    -2.20179915e-01 -7.69393444e-02 -3.22546840e-01 -4.41648632e-01
    1.54136002e-01 -7.68573403e-01 9.39850807e-02 3.51530313e-02
    3.35675478e-02 -4.86246467e-01 -8.44834447e-02 -1.75284147e-02
    -6.61308289e-01 7.55096078e-02 -5.81682205e-01 -2.04502523e-01
    -3.31676781e-01 -6.79213285e-01 -4.91957068e-01 4.48701382e-02
    -6.36099041e-01 -2.71758139e-01 -3.28959495e-01 -3.64586055e-01
    -4.08219695e-01 -7.22137153e-01 -6.59594834e-01 2.50443399e-01
    -4.21786249e-01 -2.57964790e-01 -4.51052159e-01 -7.89603591e-02
    -3.05783510e-01 1.83758557e-01 -6.65012002e-01 1.34678364e-01
    -5.08190036e-01 -4.91471857e-01 -3.89583588e-01 -6.77896380e-01
    -1.40932202e-02 -5.65733790e-01 -6.15680993e-01 -7.55285978e-01
    -7.25347459e-01 2.75463164e-01 -7.05925405e-01 -1.25630319e-01
    -2.81230032e-01 -1.74634933e-01 -6.60495877e-01 -4.14412200e-01
    -1.30765200e-01 5.18080592e-02 -7.16242194e-02 -4.05996025e-01
    -3.77871752e-01 1.84710145e-01 -7.43624151e-01 1.22061431e-01
    -6.39503717e-01 -5.01297832e-01 -1.57892883e-01 -7.71092415e-01
    -5.41889668e-03 -1.72651291e-01 -1.09673679e-01 -5.90057373e-02
    -7.44797707e-01 -1.12121105e-02 -6.28302574e-01 4.60878611e-02
    -1.70670688e-01 -6.80544615e-01 -3.71074319e-01 -2.09532738e-01
    -1.84441984e-01 -6.27216220e-01 -1.35104716e-01 -6.44874275e-01
    -1.50921702e-01 -6.79697990e-02 -4.86703575e-01 -4.06971395e-01
    -3.14258456e-01 -5.70777655e-01 -7.48329759e-02 -3.94037366e-02
    -3.57774734e-01 -3.47181827e-01 -6.73114836e-01 -6.41708970e-02
    1.94556832e-01 -6.33612156e-01 -4.92599607e-01 1.81049883e-01
    -3.87549698e-01 -3.89635623e-01 -1.61446989e-01 -6.65796995e-02
    -1.56075299e-01 -6.73859119e-01 -4.67860311e-01 -3.56180727e-01
    -3.95804822e-01 -3.12074423e-02 -5.77445149e-01 -1.25770152e-01
    -3.33733976e-01 -2.15613246e-01 1.30561173e-01 -2.49834716e-01
    1.04397893e-01 -1.16816223e-01 -6.29231215e-01 -7.58894563e-01
    -2.08583832e-01 -7.81741142e-02 -7.73922801e-01 8.47736001e-02
    7.02401400e-02 -5.19564986e-01 -7.21010208e-01 -6.93708420e-01
    -4.46109712e-01 -2.19001442e-01 -3.03781569e-01 -3.40065658e-01
    2.15947747e-01 -3.80389541e-01 -5.64287841e-01 -1.06023550e-02
    -4.72082168e-01 -2.01576591e-01 -9.61031914e-02 -4.02974099e-01
    -3.29623669e-01 -5.75084150e-01 -7.01281309e-01 -1.89753234e-01
    -5.45296550e-01 9.76021886e-02 -3.14121068e-01 1.23196661e-01
    -7.53192365e-01 -5.18655181e-02 -5.50818443e-01 1.18830860e-01
    -1.66881800e-01 -1.62293315e-01 -3.80695075e-01 9.53935385e-02
    -2.76035249e-01 -2.74011016e-01 -4.15391713e-01 -3.94427538e-01
    -4.34130430e-03 -2.66921937e-01 -9.10528302e-02 -1.70925915e-01
    9.47048664e-02 -3.54005098e-02 1.47010088e-01 -6.77335501e-01
    -3.20435822e-01 -5.61906040e-01 -1.03545845e-01 -2.45083630e-01
    -6.88534141e-01 -2.23986924e-01 -1.60163462e-01 -8.53034854e-02
    -3.71612310e-01 -5.87446034e-01 -3.48724127e-01 -3.60880375e-01
    -3.66175950e-01 -5.39152384e-01 -2.53078640e-01 -5.25904596e-01
    -2.19370365e-01 -1.34419322e-01 -5.13757825e-01 -2.42129445e-01
    -2.32546628e-01 5.02099991e-02 -1.71359479e-01 -7.23274410e-01
    -4.68546093e-01 -1.50110662e-01 -5.73493242e-01 -6.77293420e-01
    -5.73001027e-01 -3.53602707e-01 -3.16179901e-01 -1.27976358e-01
    -6.89084530e-01 -1.73198819e-01 -1.16849244e-01 9.67315435e-02
    -6.23133540e-01 -5.41619062e-01 -2.42921233e-01 -3.35233152e-01
    1.63466334e-01 -1.53211594e-01 -7.59390473e-01 -2.07342744e-01
    -4.06033635e-01 -5.86586595e-01 1.06177747e-01 -5.90536475e-01
    1.55061483e-01 -4.46878433e-01 -3.08576822e-02 -2.70006925e-01
    -6.11877322e-01 -5.15381098e-02 1.07298851e-01 -8.19623232e-01
    -8.27686191e-01 -1.66952789e-01 3.28799486e-02 -2.96686292e-02
    -6.76515698e-01 -5.24375081e-01 -5.90168238e-02 -7.30943084e-02
    -2.77709246e-01 5.02002239e-03 9.00920033e-02 4.80407476e-02
    -6.19101703e-01 -5.86302757e-01 -5.50276339e-01 -5.60943544e-01
    -3.42731833e-01 5.00732064e-02 3.11370492e-02 -8.28643799e-01
    1.38721406e-01 -4.65231121e-01 -4.76100534e-01 1.84083104e-01
    -6.26783252e-01 -2.99979329e-01 -6.24101520e-01 3.59911323e-02
    -1.10892653e-02 -2.30173111e-01 -4.48509336e-01 -1.08853400e-01
    -2.43918836e-01 5.66611886e-02 3.75835299e-02 -4.52032864e-01
    -7.29469061e-02 -7.36483574e-01 -1.26608372e-01 -1.85532331e-01
    -2.93377399e-01 -3.02698791e-01 1.44875944e-01 -2.75123119e-03
    -6.67314053e-01 -6.90968156e-01 -1.83073401e-01 2.58827209e-03
    -1.56485856e-01 -1.55959487e-01 -3.67909640e-01 -8.89721513e-02
    -3.26098830e-01 -2.88381279e-01 -6.42121196e-01 -3.85544986e-01
    -2.98722625e-01 -4.28402424e-01 -6.63062990e-01 2.62827575e-01
    2.16063857e-01 -3.43033433e-01 -3.37228924e-01 -5.97464383e-01
    -1.11913383e-01 -1.71077013e-01 -1.64274454e-01 -7.84066916e-02
    -7.55974531e-01 1.50420785e-01 -6.98112369e-01 -4.83592421e-01
    -3.52796555e-01 6.13044500e-02 2.05447793e-01 -5.33627868e-01
    1.14577949e-01 8.74773860e-02 -5.27472079e-01 2.19709873e-02
    -5.99767983e-01 -5.00773191e-01 -6.35599792e-01 7.40160346e-02
    -2.46895254e-01 -1.34817243e-01 -4.77268100e-01 1.66017830e-01
    -4.22540665e-01 1.40468478e-02 1.22548759e-01 -3.73979211e-02
    -2.35595524e-01 -4.87711817e-01 1.60764396e-01 -7.08184719e-01
    -1.79766357e-01 -4.44530189e-01 2.02570379e-01 -6.47686243e-01
    -8.09097409e-01 -3.59714180e-01 -4.30548906e-01 -8.04473579e-01
    -9.89105701e-02 -3.06881279e-01 -4.05162722e-01 -5.76568246e-02
    -4.27079141e-01 -6.79266453e-01 2.33605504e-02 -4.87210214e-01
    1.51286244e-01 -1.29205942e-01 -3.85037392e-01 -7.84583688e-02
    -5.12446404e-01 -8.66153240e-02 -1.66802645e-01 -2.55796552e-01
    -4.69787836e-01 -4.19350952e-01 -7.81297088e-02 -2.26120412e-01
    1.83092117e-01 -4.11891222e-01 -4.12179679e-01 2.16310620e-02
    -2.13084400e-01 8.19007158e-02 -5.39407253e-01 -3.84072810e-01
    -4.28752154e-01 -5.75179815e-01 2.75020003e-02 -3.99765342e-01
    -3.76466572e-01 -3.49350572e-01 -6.62632287e-01 6.21076822e-02
    -7.07190633e-01 -4.67022121e-01 -6.87464952e-01 1.42175138e-01
    -1.45226240e-01 -5.70490956e-02 -1.26594961e-01 -5.94688833e-01
    -2.46320367e-02 -4.75828886e-01 -4.50646043e-01 -3.89919102e-01
    -7.08841085e-01 -2.48945177e-01 -5.66126704e-01 -5.04733562e-01
    -3.42122316e-02 -2.19239533e-01 3.85524035e-02 -1.21529996e-01
    2.34891534e-01 -2.42461562e-01 -4.52322572e-01 2.74699926e-03
    -4.58111465e-01 1.99695587e-01 8.74145031e-02 -7.33341336e-01
    -2.26608217e-01 -4.06294942e-01 -1.35005116e-01 -4.85591590e-01
    -5.00450611e-01 -5.26688814e-01 -5.19291997e-01 -6.50423586e-01
    -5.25717258e-01 -5.29829681e-01 -7.61519909e-01 -7.06048608e-01
    -1.87470257e-01 -9.17819738e-02 -6.15306973e-01 -5.64707577e-01
    1.96829438e-02 -2.77307689e-01 -1.10914171e-01 -3.22784364e-01
    -3.79920006e-04 -1.56369746e-01 -8.04881096e-01 -3.24100792e-01
    -2.51276553e-01 -6.40110493e-01 -1.02260709e-02 8.56018066e-03
    -8.56097579e-01 -1.32470667e-01 6.41595721e-02 -5.07257879e-01
    -1.53536737e-01 -3.30124348e-01 3.52894664e-02 -1.94363415e-01
    -1.59318924e-01 8.13584328e-02 -3.75278890e-01 -1.13836884e-01
    -5.03174901e-01 -5.59414923e-01 -4.90620136e-01 -1.39427781e-01
    9.40015912e-02 -1.23477399e-01 -1.68814778e-01 -6.48650885e-01
    -3.49830061e-01 -4.10664171e-01 -1.48386061e-01 -4.19454813e-01
    -5.95808029e-04 4.18191552e-02 -5.96320391e-01 1.98123455e-02
    8.07482600e-02 1.32042527e-01 -1.83531046e-02 -1.10794425e-01
    -1.50794983e-02 -4.14409876e-01 -3.92741442e-01 -1.94856167e-01
    -2.64744580e-01 -2.40747213e-01 -6.04709387e-02 -2.48552620e-01
    -2.47804224e-01 -4.74177241e-01 -3.49976003e-01 -7.24818587e-01
    -4.74062324e-01 -3.22034955e-02 5.43630123e-03 -3.08882833e-01
    -1.74216688e-01 -5.76312602e-01 -3.69980454e-01 -2.16067255e-01
    -4.97955978e-01 -5.62960744e-01 -1.68929100e-01 -7.20699668e-01
    -1.90138757e-01 -5.62889576e-02 -3.58283818e-01 3.80954742e-02
    -6.56565547e-01 -4.92327452e-01 5.60109615e-02 -5.53265810e-02
    -1.50692403e-01 -5.72053075e-01 -6.61176324e-01 -5.99145889e-04
    -3.40874434e-01 -3.71281981e-01 -8.14998150e-02 -2.10971713e-01
    -8.19497287e-01 -1.64098084e-01 -1.89520717e-02 -3.47935855e-01
    -6.78707242e-01 -6.35257900e-01 -7.95978308e-01 -7.25354075e-01
    -5.50935864e-01 -4.77898300e-01 -2.86936760e-04 -6.26579165e-01
    -6.24293149e-01 -3.27345788e-01 8.78567696e-02 -3.51468861e-01
    -3.00809383e-01 -1.11152411e-01 -3.18234473e-01 -4.95514333e-01
    -6.07335210e-01 -6.24158502e-01 -3.29118669e-01 -7.95208216e-01
    -3.48576427e-01 -2.22714245e-01 -6.31916046e-01 -2.68552959e-01
    -1.58179343e-01 -5.18699586e-01 1.34605229e-01 -6.17057323e-01
    -3.54255348e-01 -5.15217245e-01 -2.65315354e-01 -6.63737059e-01
    9.65462923e-02 -6.25491738e-01 -3.94607425e-01 -6.55138493e-01
    1.63703799e-01 -7.79212117e-02 -3.59430194e-01 -2.35086322e-01
    2.13101268e-01 -3.22519690e-01 -2.83745497e-01 -3.77905309e-01
    -3.66481513e-01 1.42510653e-01 -6.80119693e-01 -2.13692188e-02
    -6.06559753e-01 9.12925601e-02 -3.45045865e-01 -2.39789486e-02
    -2.94178843e-01 1.86164439e-01 1.35444582e-01 -6.69437647e-02
    -6.21390045e-01 -5.46431184e-01 -2.86931634e-01 6.30090237e-02
    -2.48160183e-01 -3.92389894e-01 -1.30668879e-02 1.27186954e-01
    -7.05355048e-01 -4.18197513e-01 1.47780001e-01 5.38082123e-02
    -2.57594109e-01 -5.66250801e-01 -2.29312897e-01 -3.40693235e-01
    -6.60652041e-01 -4.73699808e-01 -6.29067898e-01 -7.39387631e-01
    -6.04942918e-01 -1.80274665e-01 5.74976206e-03 -6.35170579e-01
    1.99932039e-01 -7.06215143e-01 -7.12433696e-01 5.79138398e-02
    -2.27640152e-01 -3.02025557e-01 -2.80045271e-02 -6.24551773e-02
    -1.01980448e-01 -2.14582086e-02 1.20706081e-01 -4.25207317e-01
    -3.49432230e-02 -2.67019212e-01 -3.37633699e-01 -3.39927673e-01
    -4.82037365e-01 -7.12778449e-01 -1.09652817e-01 -4.82842833e-01
    -5.96830249e-02 -8.08156431e-01 -4.72929835e-01 2.01432943e-01
    -2.07406759e-01 -6.04099512e-01 1.79778397e-01 2.25129724e-01
    -6.61274672e-01 -4.15873647e-01 -6.97379470e-01 1.83319330e-01
    -4.62761521e-01 -3.45161200e-01 -2.62788266e-01 -1.36426866e-01
    -5.20923972e-01 -4.30455476e-01 -5.40906906e-01 -4.03005779e-01
    -1.68655694e-01 1.63371682e-01 1.41000748e-02 -5.48793554e-01
    -2.56016374e-01 -3.01679313e-01 -9.86765623e-02 -1.28859878e-01
    -2.76160806e-01 -6.50706410e-01 -1.09225571e-01 6.99704885e-02
    -6.70634031e-01 -7.00136125e-01 -1.47944927e-01 4.54548597e-02
    -3.49639535e-01 -6.12814128e-01 1.07032478e-01 -1.54893339e-01
    -6.17959976e-01 2.58684158e-04 1.06945634e-01 -4.32432353e-01
    -5.77026367e-01 -3.01339298e-01 -4.12458926e-01 6.05679154e-02
    2.48892665e-01 2.42441595e-01 1.37349427e-01 -1.90572858e-01
    4.01381254e-02 -1.35106623e-01 -3.64830256e-01 -6.83053732e-02
    -1.30365610e-01 -1.30073309e-01 -5.85164785e-01 -4.80248988e-01
    1.30488396e-01 -6.55082583e-01 -5.74971437e-02 1.44584179e-01
    8.95000100e-02 -3.57036561e-01 1.79912150e-01 -7.80532837e-01
    -6.06256187e-01 -5.98374367e-01 -4.32605743e-02 -6.00000858e-01
    -2.79840231e-02 -6.39783502e-01 -2.97141016e-01 -5.07924914e-01
    -5.18130958e-01 -8.40974629e-01 -2.25491643e-01 -1.31497681e-01
    -5.88586926e-01 -3.31764340e-01 -7.32745826e-01 -3.93687516e-01
    -4.01413143e-01 -4.95337844e-01 1.60447121e-01 -6.42677903e-01
    -7.88923264e-01 -4.23971415e-02 -7.72574544e-02 -3.64382803e-01
    -7.93382049e-01 -5.08506179e-01 -2.85991430e-02 -3.41429114e-01
    -2.47681975e-01 -5.71948886e-02 -2.03513861e-01 -8.30739737e-03
    -3.45359445e-02 3.44492197e-02 -2.80339032e-01 1.94876254e-01
    -5.96211910e-01 -1.63355112e-01 -1.62587047e-01 -7.31532574e-02
    -5.68419158e-01 -3.61212105e-01 5.24516106e-02 -6.68888569e-01
    -1.16799295e-01 -4.83141541e-02 1.71444952e-01 -4.04387742e-01
    -6.62552834e-01 -6.03144884e-01 -3.23173523e-01 -6.55516386e-01
    -4.30613756e-03 1.30046606e-02 -3.82980525e-01 -4.72034216e-01
    -3.91932249e-01 -7.31552243e-01 -5.40975690e-01 -5.55299222e-01
    -1.56580865e-01 1.52884126e-01 -5.13744295e-01 4.26692367e-02
    -2.46352464e-01 -1.68470263e-01 -5.07009029e-03 2.29622424e-01
    -5.84841132e-01 -2.00412273e-02 -5.07872105e-02 -6.61667466e-01
    -2.28556693e-01 2.98374891e-02 -4.58701044e-01 1.70210063e-01
    -5.80854177e-01 -6.90459967e-01 5.45686483e-02 -7.24682629e-01
    -7.53642678e-01 -6.72256351e-02 -6.69086874e-01 5.08018732e-02
    -5.82411766e-01 -5.28331101e-01 -1.79199040e-01 5.43854237e-02
    -2.66718686e-01 -4.30888027e-01 -4.56781119e-01 -2.33510315e-01
    5.79583645e-03 -4.03221488e-01 6.56117797e-02 -1.62405431e-01
    -3.71793896e-01 -4.98786509e-01 -3.01988423e-01 -2.87623107e-01
    -3.84002417e-01 -3.63074869e-01 -5.32240391e-01 -4.41651642e-01
    1.03481710e-01 -2.99047977e-01 -9.67121124e-02 -3.10062706e-01
    8.41555595e-02 -7.99151182e-01 8.37929845e-02 -7.99075365e-01
    7.18829632e-02 -2.55073309e-01 -5.25824666e-01 -6.92246199e-01
    2.40081370e-01 3.00726175e-01 -5.75893641e-01 -3.54958713e-01
    -1.84452087e-01 -6.52335286e-01 -5.18699288e-01 5.14718890e-02
    -8.71015191e-02 -4.05625165e-01 -3.85898381e-01 -7.04817414e-01
    6.48683310e-03 -6.66515589e-01 1.33916974e-01 -7.04218745e-01
    1.95558786e-01 -4.73315060e-01 -6.33035421e-01 -4.80973840e-01
    -3.35440099e-01 -1.91788554e-01 1.55976713e-01 -6.53029501e-01
    2.05947757e-02 -4.06930804e-01 -6.50013149e-01 -2.17729926e-01
    -1.11759365e-01 -7.11184502e-01 -6.08181834e-01 -1.56257331e-01
    1.17082119e-01 -6.52571917e-01 7.64786005e-02 -1.65876746e-02
    -5.42745471e-01 6.80674911e-02 -6.02697134e-01 -2.87092328e-02
    -1.67504549e-02 -1.76104784e-01 -4.59613383e-01 -8.08491230e-01
    9.48742628e-02 2.01847553e-02 -1.10731125e-02 4.90387082e-02
    2.49966979e-02 -6.58289075e-01 -1.62059784e-01 3.41879725e-02
    -7.24336147e-01 -2.10615754e-01 -1.67787254e-01 -3.14700067e-01
    -3.82408470e-01 -2.35060334e-01 -1.49057150e-01 -5.99473596e-01
    -1.93857074e-01 -7.41209149e-01 1.07456267e-01 -1.15874767e-01
    -6.98257983e-01 -7.47384787e-01 -2.29675829e-01 -2.20627725e-01
    7.58923292e-02 -3.15160573e-01 -1.39630675e-01 -7.64609098e-01
    -2.01216578e-01 7.76013136e-02 6.90047741e-02 -4.94704485e-01
    -3.28117996e-01 -5.24416327e-01 -2.94250846e-01 -4.46639240e-01
    -2.18755841e-01 -2.82792509e-01 -4.47720766e-01 -1.40564978e-01
    -1.19010806e-02 1.52120233e-01 -7.48407900e-01 -4.75117981e-01
    1.72575831e-01 -4.82827485e-01 1.21881366e-01 -7.56020188e-01
    -1.42017007e-02 -2.20150411e-01 -5.36162853e-02 1.31531417e-01
    -9.08141136e-02 -5.76693773e-01 -1.04412198e-01 -4.38921064e-01
    -5.18399298e-01 -5.45651197e-01 -3.74467105e-01 -4.02480423e-01
    -1.45693004e-01 4.88064289e-02 1.42474115e-01 -2.58142769e-01
    -2.38310695e-02 -7.48334050e-01 -7.17293859e-01 -3.28900039e-01
    -6.81895614e-01 -3.50099593e-01 -2.03413188e-01 -5.84877968e-01
    1.68129146e-01 7.13753700e-02 -3.44545215e-01 2.89753884e-01
    -2.52480865e-01 -5.96203446e-01 1.98634744e-01 -4.34407562e-01
    -1.80804312e-01 4.44629192e-02 -6.16781712e-02 -8.15898776e-01
    -2.96175897e-01 -6.27110004e-02 -6.32451057e-01 1.90118909e-01
    -2.98386216e-02 -6.74226522e-01 -5.05890727e-01 -6.18004799e-03
    -3.77694607e-01 -1.27904475e-01 -1.24146938e-02 -7.06629157e-01
    -7.42185295e-01 -7.21150517e-01 1.38582468e-01 -6.26443923e-01
    -9.65642929e-02 -4.59955662e-01 -7.16943741e-02 -2.06703901e-01
    -3.33112478e-02 6.40606880e-02 -3.96878093e-01 6.18383288e-02
    -2.33483791e-01 -1.44636989e-01 -3.85774255e-01 -4.52841818e-01
    -2.81990170e-01 -5.56553006e-01 8.90717506e-02 -3.09585929e-01
    -1.24526858e-01 -1.34344757e-01 -6.52546465e-01 -1.50716543e-01
    6.08851314e-02 -7.20041394e-02 -2.28370965e-01 -1.38709545e-02
    9.61567760e-02 -4.66424048e-01 -7.30947614e-01 -1.03187263e-01
    4.73681688e-02 -5.72784305e-01 -1.92479253e-01 -5.37985802e-01
    -3.31650257e-01 -4.03787941e-01 -5.55063486e-02 -4.62266833e-01
    -2.76672840e-02 -5.17803431e-01 2.16620564e-02 -4.18268412e-01
    -6.67514265e-01 2.81053782e-02 -3.41367960e-01 -3.60086203e-01
    -2.09873974e-01 -3.31827074e-01 -5.25997937e-01 -3.61980796e-02
    1.31764591e-01 -2.76458025e-01 -3.86963367e-01 1.06081426e-01
    1.08495951e-01 -4.82300282e-01 -1.12611234e-01 1.20941699e-01
    -5.46269298e-01 1.54116452e-01 -6.71942890e-01 -6.63475454e-01
    -7.15502024e-01 -5.86151123e-01 -5.98301113e-01 -7.62057304e-02
    -5.56172132e-01 -8.26671243e-01 -6.84879661e-01 -9.03466344e-02
    -7.11109877e-01 -2.36619413e-01 -6.40628994e-01 -1.88580036e-01
    -3.87606800e-01 -5.52624106e-01 6.07798100e-02 -3.70107710e-01
    -6.98500156e-01 -5.19683957e-02 3.74718904e-02 -6.59990549e-01
    -9.55193043e-02 -3.67380917e-01 -3.81996155e-01 -1.93694830e-02
    -5.84667325e-02 -3.84579957e-01 9.09386873e-02 -3.77333820e-01
    -5.04727483e-01 -1.82818472e-01 -4.51207340e-01 -3.30973566e-01
    -1.96300745e-01 -1.20638371e-01 -6.67987466e-02 5.12189865e-02
    -1.06758296e-01 1.49647474e-01 -6.39351130e-01 -3.65403295e-02
    -3.15908015e-01 -6.06017351e-01 -4.84356672e-01 -6.95844889e-02
    -5.90888381e-01 -2.84499347e-01 -6.90276742e-01 7.03934431e-02
    -3.84292901e-01 -4.36063111e-01 -5.41633010e-01 -1.40328348e-01
    8.09227228e-02 -4.23355192e-01 -3.53139043e-01 -4.07132983e-01
    -5.29421926e-01 -4.33679253e-01 -3.14973593e-02 -7.08197832e-01
    -2.41888881e-01 -1.83757544e-02 -2.51961499e-01 -2.21386731e-01
    -3.95315737e-01 -3.54736447e-01 -2.05933809e-01 -4.38976347e-01
    -1.13099337e-01 -4.29114401e-01 2.22875416e-01 1.63328588e-01
    -3.32464725e-01 -5.08617163e-01 -9.61030722e-02 -3.52405310e-02
    -5.83927691e-01 -3.09403539e-02 -6.19140208e-01 -6.57833815e-01
    -6.41373992e-02 6.01935387e-02 -7.65467882e-01 1.43933594e-01
    -8.24466705e-01 -6.36568308e-01 8.22271109e-02 -3.19847226e-01
    -3.61687720e-01 -3.01158845e-01 -3.69380027e-01 -4.19497848e-01
    1.57909811e-01 -2.47070134e-01 -2.43306458e-01 2.91907191e-02
    -3.42520624e-01 -2.84440875e-01 -7.32434988e-01 -1.36143982e-01
    -8.34404230e-02 -3.07409853e-01 -5.81168532e-01 -4.43120837e-01
    -5.58719993e-01 -7.35435367e-01 -3.02524090e-01 -3.26484323e-01
    -5.48178911e-01 -3.85812104e-01 -4.86670017e-01 -4.69090164e-01
    -2.88614750e-01 -6.54338598e-01 -1.27532363e-01 -4.41350341e-01
    3.91759872e-02 -3.70453179e-01 -4.19245571e-01 1.48599505e-01
    6.60389662e-02 -7.26625800e-01 -4.76147175e-01 -1.97065234e-01
    -2.10878551e-01 -6.22975945e-01 1.47391677e-01 -6.62773609e-01
    1.24017835e-01 -3.15824926e-01 -7.36899972e-01 -1.06936216e-01
    -2.29834914e-01 -1.56548083e-01 -3.22890103e-01 -6.68572605e-01
    6.35336041e-02 -1.75383508e-01 -3.86485517e-01 -7.07648158e-01
    1.67539835e-01 -2.75214195e-01 1.76147103e-01 -6.74162149e-01
    -1.33015752e-01 -6.17244542e-01 1.60621107e-01 6.51171803e-02
    -4.90195453e-01 -7.68316388e-01 -2.21494734e-01 -4.99621093e-01
    -3.27725410e-01 -1.96220756e-01 -5.86750984e-01 -4.84665334e-01
    -7.82345772e-01 -2.09678888e-01 -6.29506588e-01 1.02434754e-01
    -2.63633370e-01 -2.68877745e-01 -4.01834249e-02 -6.11259699e-01
    -7.16054738e-01 -1.13296688e-01 9.50703025e-02 -4.12361145e-01
    1.22183204e-01 -5.41155398e-01 2.67359555e-01 -2.94018179e-01
    -1.99173033e-01 -2.13082641e-01 -4.15657520e-01 -4.94075537e-01
    -2.38956928e-01 -1.34327292e-01 -4.26700741e-01 1.06432259e-01
    -2.28665590e-01 -6.44035459e-01 1.19900525e-01 1.78239465e-01
    -3.97873998e-01 -5.91125727e-01 9.14547443e-02 -4.01796252e-01
    -5.47186434e-01 -2.77853072e-01 -2.90068686e-01 -5.48219681e-02
    -8.82958174e-02 -7.23345757e-01 -1.81946754e-01 -5.76145053e-01
    -2.41000056e-02 -9.50618982e-02 -8.03342700e-01 -3.39873970e-01
    -7.24696636e-01 -3.75561684e-01 -5.76267958e-01 6.10837340e-02
    -8.52078795e-02 -8.25742126e-01 -2.59625316e-02 -3.29050064e-01
    -4.20829713e-01 -4.94108140e-01 1.74199522e-01 -4.57030118e-01
    -3.99107605e-01 -4.20375764e-01 -1.36016846e-01 -2.97229528e-01
    -4.88746166e-02 -7.83955455e-02 -2.76431203e-01 -6.16615236e-01
    -7.53875017e-01 -1.27484024e-01 -6.28744006e-01 -2.16725945e-01
    5.48610091e-02 -6.85593426e-01 -7.36575365e-01 -5.52608490e-01
    -5.78936577e-01 -5.48571348e-01 -2.46507406e-01 -2.19073296e-02
    -6.80618644e-01 -6.01646066e-01 -6.48845494e-01 -6.14531994e-01
    2.17620134e-01 -3.78534287e-01 3.97425890e-03 -5.83653927e-01
    -7.83565640e-02 -6.49238288e-01 -7.37220049e-03 -1.85243666e-01
    -6.18778467e-01 -7.43339181e-01 -1.38324916e-01 -5.53006649e-01
    7.42542148e-02 -5.17230451e-01 -2.36124516e-01 -8.31421018e-02
    -6.36758685e-01 -6.73969388e-02 -5.01589298e-01 -4.71659839e-01
    9.96650457e-02 -3.89810354e-01 -1.40881419e-01 -3.99497837e-01
    -4.86794591e-01 -3.19652140e-01 -4.99416739e-01 -3.02962005e-01
    9.94678140e-02 -3.96646768e-01 -3.56141001e-01 -1.68435276e-01
    -6.36590183e-01 -3.57143909e-01 1.28480673e-01 -5.85860789e-01
    -6.06129408e-01 -2.18062103e-01 1.13184690e-01 -7.93423533e-01
    -6.42979503e-01 3.22780013e-02 -7.67032146e-01 -4.24461365e-02
    -3.93128276e-01 -7.07662106e-01 -2.64750659e-01 -1.51062071e-01
    -1.60402954e-01 -2.55317688e-02 -6.77881718e-01 -7.22593307e-01
    -2.66283870e-01 -3.35754991e-01 -1.66377425e-02 -6.21099472e-01
    8.97652507e-02 -2.61532426e-01 -4.73955274e-02 -3.65094453e-01
    -5.10181665e-01 -2.42096364e-01 -6.89190924e-01 -2.93814033e-01
    -7.48919845e-02 -2.50015736e-01 -5.49552202e-01 -2.05681682e-01
    8.92819166e-02 -2.26004362e-01 1.64897144e-01 -2.51084596e-01
    -2.99390554e-01 -4.98157144e-02 -5.18146753e-01 -2.80882388e-01
    3.40253830e-01 -5.37134171e-01 7.52450228e-02 -7.26734638e-01
    2.28790760e-01 -5.02019346e-01 -2.64487147e-01 -5.41840613e-01
    -6.11645937e-01 -1.79446220e-01 -4.48142350e-01 -3.14077735e-02
    -3.37334722e-01 -5.22676945e-01 -3.21678638e-01 -2.88181692e-01
    -2.68308878e-01 -7.53342509e-01 -1.44162834e-01 -6.25337481e-01
    -3.50214064e-01 -2.68599719e-01 2.03444362e-01 -3.86220276e-01
    -5.49341202e-01 1.19236767e-01 -7.29665995e-01 -1.93497837e-01
    -4.36376542e-01 -6.02304399e-01 -1.85613155e-01 -9.81137156e-02
    -3.25126976e-01 -6.15298808e-01 -5.75783610e-01 -2.42557526e-01
    -4.94792074e-01 -7.05710053e-01 -6.55431867e-01 1.20314956e-02
    -1.35737896e-01 -5.67527056e-01 1.61954522e-01 -2.58704931e-01
    -4.35322821e-01 -6.29072487e-01 1.29693627e-01 -5.54766357e-01
    1.21734440e-01 -4.43397939e-01 -1.41258240e-01 -2.24938989e-02
    -6.93746328e-01 5.36553264e-02 -4.81622219e-02 9.18149948e-03
    -4.56876695e-01 -2.43801057e-01 -4.28571522e-01 6.66519403e-02
    5.50211668e-02 -7.27385283e-02 -4.23088610e-01 -6.02200627e-01
    -7.52384067e-02 -3.79057020e-01 -2.74875641e-01 -6.33493304e-01
    -3.89314115e-01 -4.99425709e-01 -1.15498006e-01 -6.18989825e-01
    -4.55554128e-01 -6.06444240e-01 -3.79738450e-01 -7.63335228e-02
    -4.84198570e-01 9.08764005e-02 -6.33169770e-01 -2.57348895e-01
    -6.38401270e-01 -7.09306359e-01 -4.05486137e-01 -6.66460633e-01
    4.42428589e-02 -1.21737599e-01 -5.48392057e-01 -1.43738210e-01
    4.86344099e-03 -4.93854880e-01 -1.54549479e-02 -6.47718310e-01
    -7.77438283e-02 1.70112669e-01 1.32304847e-01 -3.91892493e-01
    -1.66675448e-02 -1.27453804e-02 -6.44509137e-01 1.00136518e-01
    -6.18897259e-01 -4.97572601e-01 1.27825499e-01 -7.84292102e-01
    -2.60696709e-01 -5.34784198e-02 -4.18694615e-02 1.46637917e-01
    -1.34875119e-01 -6.70745492e-01 -5.96152425e-01 -2.39718378e-01
    -5.74345648e-01 -7.55250454e-02 4.59825993e-02 2.40824044e-01
    -2.49467552e-01 -4.87673104e-01 -3.88172209e-01 -6.50159717e-02
    -6.52496159e-01 -3.78641427e-01 -7.69378006e-01 2.08292603e-02
    -4.97771919e-01 -3.73459041e-01 -4.55811918e-01 -5.98155677e-01
    6.34579062e-02 -5.16284704e-02 -1.05441570e-01 -5.90370178e-01
    -3.59163731e-01 -6.34130239e-01 1.43116534e-01 1.57381415e-01
    -3.18519622e-01 -5.06888032e-01 -3.20836246e-01 -4.92604911e-01
    -2.42908239e-01 -2.17194915e-01 3.14460397e-02 -8.24320912e-01
    -3.07494402e-02 -2.92378545e-01 -6.82591796e-02 -8.56413364e-01
    -7.30508327e-01 -2.32331395e-01 -2.27653325e-01 -3.16697955e-02
    -2.00150609e-01 -2.05408037e-01 -7.36603498e-01 -2.40412414e-01
    -5.61673045e-01 -1.09969378e-01 -6.09700620e-01 -7.15864539e-01
    -4.39430177e-01 -4.36987013e-01 -5.43159068e-01 -4.74255830e-01
    3.69485021e-02 -3.63716304e-01 -6.79568768e-01 -3.70991558e-01
    -6.05003417e-01 1.30311310e-01 1.63275242e-01 1.74930453e-01
    -7.50655532e-01 -1.87527537e-02 -2.20558405e-01 1.05691254e-01
    -1.09260440e-01 -2.83488780e-01 -3.44413280e-01 -6.77866459e-01
    -1.54940367e-01 -6.17290735e-02 -3.35323811e-01 -1.48323298e-01
    4.21273112e-02 -4.27442640e-01 -1.77485347e-01 -1.20313108e-01
    -3.91526639e-01 -2.87678540e-01 -1.37332499e-01 -3.52403998e-01
    -5.64066768e-01 -5.43589592e-01 -2.43922412e-01 -8.36247802e-02
    -3.25918198e-04 -5.89230537e-01 -3.58752549e-01 -5.02053857e-01
    1.13362968e-01 1.22827291e-01 -2.29085088e-01 -3.07242393e-01
    -7.79755712e-02 -9.74790454e-02 -4.54897285e-02 -3.21706355e-01
    -1.42570794e-01 -6.42026424e-01 1.18697822e-01 -4.91068363e-02
    -8.78164768e-02 -4.68330562e-01 -5.35434902e-01 3.93226743e-02
    1.78239822e-01 -4.75103259e-01 -6.61353588e-01 -3.11590433e-01
    -2.79660106e-01 -5.85958958e-02 -4.18007374e-02 -4.54455584e-01
    6.70128465e-02 -7.20196009e-01 6.91014528e-02 -3.12702596e-01
    9.76550579e-03 -3.28651965e-01 -8.73644829e-01 -3.76178145e-01
    -2.64385939e-02 -2.11047351e-01 -6.69307590e-01 -1.47080898e-01
    -5.74744105e-01 -2.67308712e-01 -4.89682257e-01 3.50955129e-02
    -6.65804982e-01 -6.88700318e-01 9.98858809e-02 4.67194319e-02
    -5.94294071e-01 5.19114733e-03 -1.27570510e-01 -4.06199038e-01
    -3.06511998e-01 -6.00552797e-01 -1.72463059e-01 -4.52097654e-01
    -5.42610288e-01 -4.61157948e-01 -2.72961318e-01 -5.92706203e-01
    -4.96701449e-01 2.28904068e-01 -1.32852376e-01 4.58421111e-02
    -5.50353229e-01 -5.35494685e-02 -3.26065421e-01 -2.70596683e-01
    1.74961627e-01 -5.97501040e-01 1.89809680e-01 -5.26391506e-01
    -3.46910894e-01 -3.19087446e-01 -5.03179431e-01 -3.34467292e-02
    7.97384381e-02 -3.42670292e-01 -2.71434456e-01 -1.53229237e-01
    -2.62881935e-01 -2.04162240e-01 -4.75852400e-01 2.37614274e-01
    -7.26728737e-01 -7.25157857e-02 3.52880359e-02 -4.79252934e-02
    -6.95009708e-01 -1.83879793e-01 -1.09232306e-01 1.66109502e-01
    -6.54965103e-01 -6.32419527e-01 -6.28035486e-01 -4.99446392e-02
    -4.46064353e-01 -3.48624557e-01 3.38805914e-02 -3.50759506e-01
    -1.53949916e-01 -5.84329963e-01 -4.71871197e-01 -1.52789414e-01
    -4.85431105e-01 -7.37436891e-01 3.23418379e-02 -2.49052048e-01
    -1.94611847e-01 -2.96774209e-01 1.15058422e-02 4.57084179e-03
    -7.76799202e-01 -4.47039723e-01 2.04179287e-02 -6.57381892e-01
    -2.18272507e-01 -7.17036366e-01 -4.83735859e-01 -6.81903541e-01
    -3.36953372e-01 -5.89904666e-01 -4.20473576e-01 -3.48230511e-01
    5.70468903e-02 -3.04765403e-01 -3.56367499e-01 -4.83042389e-01
    2.90786028e-02 -6.72261357e-01 -1.64357424e-02 -1.56742394e-01
    -3.50774974e-01 -6.96678996e-01 -7.43283629e-02 -2.87798166e-01
    -2.01625705e-01 -7.06806183e-02 -5.76602578e-01 -4.15067494e-01
    -1.01389110e-01 -1.45667791e-03 1.59806907e-01 -5.91131508e-01
    -4.15754944e-01 -2.50024498e-01 -4.34269667e-01 -7.24108100e-01
    -6.31109357e-01 -2.38684833e-01 -1.03102624e-01 -6.78993642e-01
    -3.13752085e-01 -4.22842205e-01 -7.04191625e-01 -1.79770350e-01
    1.98111594e-01 -2.17948139e-01 -2.92934775e-01 3.11686993e-02
    -8.45999122e-02 -6.58617020e-01 8.05442333e-02 -3.48086953e-02
    -6.58111334e-01 -7.31032610e-01 -1.58426464e-01 -3.61596406e-01
    -5.04832864e-01 3.01287174e-02 -5.81926465e-01 -2.10319817e-01
    1.51861191e-01 -4.97106224e-01 -9.47614312e-02 4.18888509e-01
    -3.06344807e-01 -3.96245539e-01 2.26359904e-01 -5.39516330e-01
    -3.40470821e-01 -5.38912773e-01 -1.73306704e-01 -3.19246203e-01
    -5.62348962e-01 -4.18334663e-01 -3.87702763e-01 -4.18991059e-01
    -1.54553950e-01 -4.67910588e-01 -4.76422369e-01 5.31256795e-02
    -4.92899150e-01 -3.24187279e-02 -1.42358780e-01 4.96016741e-02
    -3.47491026e-01 -9.73735452e-02 -8.16651464e-01 -3.11131597e-01
    -5.70040345e-02 -3.28655839e-02 -1.76148951e-01 -7.28149295e-01
    -4.26756203e-01 -3.98728788e-01 -1.56023800e-01 -3.42636108e-02
    -9.55973864e-02 7.15004206e-02 -2.39951134e-01 -6.66828871e-01
    -8.31363618e-01 -2.92155743e-02 1.61300540e-01 -5.02911687e-01
    -7.06554055e-01 -5.87370038e-01 -5.65825880e-01 1.22681201e-01
    -4.73636687e-01 1.23466671e-01 -7.18042910e-01 -4.74863946e-01
    -1.46826148e-01 -6.38098955e-01 -2.12076008e-01 -5.01565397e-01
    -4.82819527e-01 2.36113250e-01 -3.13087821e-01 -4.16941106e-01
    7.35398531e-02 -6.90526843e-01 -4.86323595e-01 -5.68914652e-01
    -4.84727025e-02 1.58015966e-01 -7.62650430e-01 -3.14011574e-01
    -6.22050285e-01 -3.29438388e-01 -4.96623456e-01 -5.92427850e-01
    -8.01212192e-02 -2.49005318e-01 -6.58963799e-01 -4.85641956e-02
    -3.89452547e-01 -1.58996522e-01 -7.94586658e-01 -3.68565917e-02
    -3.98628116e-01 9.28859711e-02 -4.21818674e-01 -5.16676009e-01
    5.28698564e-02 -4.11371171e-01 2.19523907e-03 -7.35624552e-01
    -4.96930063e-01 -3.21971178e-01 -3.97126436e-01 -6.66635096e-01
    -6.81277335e-01 -1.83909059e-01 -3.71735513e-01 -2.04263151e-01
    -4.41380948e-01 -1.35602415e-01 -2.41439879e-01 -3.24731231e-01
    -7.28726387e-02 -3.22613180e-01 -6.19869709e-01 -4.94019032e-01
    1.54339612e-01 -1.32690370e-01 -5.58274984e-02 -7.52736926e-02
    -7.68736482e-01 -1.12843156e-01 -8.33652616e-01 -7.66500831e-01
    -1.31392777e-01 -6.49277806e-01 -7.18557060e-01 -5.85823953e-01
    -4.41544652e-01 -3.05546165e-01 -2.42416263e-02 -2.00475991e-01
    -2.13241816e-01 -7.36564517e-01 -5.82809329e-01 -6.07736349e-01
    -4.78197008e-01 -7.58338392e-01 -4.89758611e-01 5.75402379e-02
    -2.25101948e-01 -1.29308701e-01 -4.61379379e-01 1.83025002e-02
    -6.49437308e-01 4.09958959e-02 -2.64659226e-01 -3.98420900e-01
    -5.79009652e-01 2.29042172e-01 -1.75642610e-01 -5.51613033e-01
    1.45786941e-01 -2.87954688e-01 -3.28370273e-01 7.62491822e-02
    -2.85843998e-01 -2.59481609e-01 -6.55929863e-01 2.38059759e-01
    1.64623141e-01 -7.40972400e-01 1.40345097e-01 -5.84061325e-01
    -4.59815502e-01 -1.37332737e-01 -1.89525545e-01 -3.69838476e-02
    -7.35195220e-01 -6.54917598e-01 -1.50842786e-01 -5.48431039e-01
    -3.08732301e-01 -2.65328884e-02 -3.29910576e-01 -7.15027392e-01
    -6.04874909e-01 -2.47729808e-01 -3.93150479e-01 -2.83189029e-01
    -2.02443182e-01 -4.02926356e-01 6.26325607e-02 -1.91696107e-01
    -3.77820224e-01 -3.16529691e-01 -2.15369761e-01 1.42224431e-01
    -1.67329013e-01 5.92914820e-02 -4.19487059e-01 -2.29455352e-01
    -5.96387446e-01 1.64625466e-01 2.11634517e-01 -2.99996972e-01
    -2.28339195e-01 -6.52538478e-01 -6.78156614e-02 -6.68916702e-01
    -6.81025565e-01 -1.03485644e-01 -8.08795691e-02 -3.19937944e-01
    -3.07727396e-01 -1.83491290e-01 2.70558000e-02 -5.81259847e-01
    -1.17982864e-01 -2.04262137e-01 -1.68976903e-01 -2.44911790e-01
    -1.81672215e-01 -7.06728101e-01 -5.58981657e-01 5.00960350e-02
    -4.31570768e-01 8.33624601e-03 7.91432858e-02 -7.82171786e-01
    -2.94350266e-01 -2.63364673e-01 -1.69544518e-01 1.51735425e-01
    -4.77777809e-01 -6.32170439e-02 -3.06413978e-01 -3.75928342e-01
    -6.27404451e-01 2.24331319e-01 -2.00388134e-01 2.06468701e-02
    -3.57225269e-01 5.20149469e-02 -2.56081522e-01 9.21253562e-02
    -3.58223706e-01 1.76038682e-01 4.62484360e-02 9.37119126e-02
    1.64752603e-01 -7.83302546e-01 1.42019510e-01 -6.19067907e-01
    -4.03547108e-01 -7.18227744e-01 -6.72407508e-01 -2.31559157e-01
    -3.28410298e-01 -3.95283669e-01 -7.18819201e-01 -2.59774327e-02
    -5.01147330e-01 -1.82345152e-01 -2.48702824e-01 -2.75522649e-01
    -6.11861944e-02 -4.46262479e-01 -6.36132598e-01 -5.53493857e-01
    -5.65063894e-01 -5.94158649e-01 -1.74197555e-02 -2.43500829e-01
    -1.86484337e-01 -1.38829112e-01 -6.91580653e-01 -1.87792599e-01
    -2.23204315e-01 2.42864013e-01 -5.40382922e-01 -4.26306337e-01
    5.37078559e-01 1.88509583e-01 -1.90104842e-02 -6.10423088e-02
    -2.84338295e-01 -1.95016325e-01 -5.63822985e-01 -4.54289258e-01
    -2.74887085e-02 9.65799689e-02 1.16230309e-01 -7.39400625e-01
    -4.95669127e-01 -5.89326799e-01 -4.59281385e-01 2.61389792e-01
    -4.71057773e-01 -4.29509044e-01 -6.70769334e-01 -6.78086281e-02
    -7.03869343e-01 9.04344320e-02 -3.81643146e-01 -4.46089655e-01
    -3.87597680e-01 -3.81392181e-01 -2.62705922e-01 -2.78413296e-03
    -5.35217047e-01 -3.47908795e-01 -2.25687623e-01 -5.87362051e-01
    -5.43908179e-01 -3.52044970e-01 -3.99095833e-01 4.33644652e-02
    -1.77125931e-02 -8.33739638e-02 -7.03148305e-01 -2.51153767e-01
    -6.75993025e-01 -3.38911206e-01 -9.05835629e-02 -5.84475756e-01
    9.43497419e-02 5.07107377e-02 4.65156436e-02 -7.84609020e-01
    -3.13926160e-01 9.19649601e-02 -7.23359585e-02 -5.53163588e-01
    3.16854715e-02 -4.20277297e-01 -2.37932742e-01 1.90335691e-01
    -2.24376857e-01 -3.55198920e-01 -3.20919126e-01 -1.99688733e-01
    1.10194385e-01 -3.52569401e-01 -1.82305574e-02 -6.54943109e-01
    -1.09346867e-01 1.79473460e-01 1.03553712e-01 -5.15732765e-02
    -6.90934658e-01 -2.09207118e-01 -4.10756469e-02 -6.62176609e-01
    -3.96896154e-01 -3.14624727e-01 -2.39646852e-01 3.06198001e-02
    -1.39478445e-02 -1.99970663e-01 -7.51516700e-01 -2.48995841e-01
    -5.65817416e-01 9.03298855e-02 -2.11494267e-01 -4.04169261e-01
    -7.31476545e-02 -5.77465296e-02 -2.10408032e-01 -4.70878094e-01
    -3.98517251e-01 -2.56103277e-03 -3.25490832e-02 -2.08402276e-01
    1.08445883e-02 -5.29514551e-01 -4.85818207e-01 -5.23187697e-01
    9.34559703e-02 -6.29643559e-01 -2.23358512e-01 3.54219675e-02
    -5.32885790e-01 -5.81181288e-01 -1.12955689e-01 1.02485418e-02
    -1.32257104e-01 6.80020452e-02 -5.00053167e-03 -4.23589349e-02
    -4.31801677e-02 -3.68512839e-01 9.67052579e-02 -4.54384506e-01
    -1.89823031e-01 4.88317609e-02 -4.71806943e-01 -3.84197533e-01
    -2.22423136e-01 1.57526016e-01 -8.63571763e-02 -2.89040864e-01
    -3.83550793e-01 -4.07792270e-01 -1.09800816e-01 -1.35890126e-01
    1.31501019e-01 -6.23097301e-01 1.30516469e-01 -4.55691993e-01
    -5.21977663e-01 1.33252144e-02 -5.96997380e-01 -3.46636772e-03
    -1.03564441e-01 -4.50552434e-01 3.78699899e-02 -1.81341410e-01
    -5.43169141e-01 -4.74830806e-01 -5.11074901e-01 -3.62436414e-01
    -4.81606066e-01 -2.54802167e-01 -2.15920210e-01 -3.08752596e-01
    -6.31524742e-01 -5.25709391e-02 -4.43616748e-01 -5.12387156e-01
    1.24973655e-02 -1.68630362e-01 -2.20435262e-02 5.08379340e-02
    -6.87005520e-02 -7.34969556e-01 -5.56252420e-01 -3.40668052e-01
    1.68347716e-01 -5.81965923e-01 -3.06898206e-01 -1.84123635e-01
    -6.50563836e-02 -5.35120130e-01 -4.49162900e-01 -3.38336945e-01
    -1.89535081e-01 -6.31132364e-01 -1.65323138e-01 -3.82726341e-01
    -6.31432474e-01 -3.75503182e-01 -3.61249655e-01 -4.44649607e-01
    1.73076868e-01 -5.89320421e-01 -6.80224001e-01 -3.86094451e-02
    -2.49946117e-02 -4.81305957e-01 -4.84826624e-01 -6.76521420e-01
    -5.16291738e-01 -4.27475989e-01 2.02086449e-01 -5.88445961e-01
    5.96632957e-02 -6.42471850e-01 -3.53365302e-01 -7.24114418e-01
    7.87949562e-02 -4.83307362e-01 -2.21239448e-01 3.11672688e-02
    -7.28352129e-01 -1.11562014e-01 -3.51764381e-01 -2.42991149e-01
    9.42878127e-02 -6.90451264e-01 -7.82378912e-02 -1.67031407e-01
    -6.48001432e-02 -7.83384025e-01 -4.94219363e-01 -5.14533103e-01
    -1.87594831e-01 1.38007164e-01 -3.55709791e-02 -4.78128195e-02
    -4.94337142e-01 2.36036003e-01 -3.60689074e-01 -3.83285791e-01
    -6.52169049e-01 2.42128789e-01 -6.17817283e-01 -7.90731907e-02
    -2.59911776e-01 -6.33498609e-01 -4.71852958e-01 -6.03022814e-01
    -5.83432078e-01 -5.95605552e-01 -4.06079590e-01 -4.11303788e-01
    -5.08892775e-01 -9.29636955e-02 -4.43315983e-01 -2.75663316e-01
    -1.02306783e-01 1.71097517e-01 -2.87787318e-02 -1.16985321e-01
    -5.82542479e-01 -2.08382964e-01 -6.99792624e-01 1.18762910e-01
    -5.53411365e-01 -5.47119498e-01 -6.99981809e-01 -4.70935106e-02
    -6.27779961e-02 1.36599302e-01 -6.89489663e-01 -6.81746840e-01
    -1.02048576e-01 1.22520447e-01 -1.79921389e-02 -3.75499427e-01
    -7.34420419e-01 -2.03546047e-01 -5.90401649e-01 -2.72676408e-01
    8.02636147e-02 -4.17233527e-01 -8.13249350e-02 4.12199199e-02
    1.47144973e-01 -5.66542268e-01 2.80174434e-01 -2.57762372e-01
    -4.81123984e-01 1.73955560e-01 2.58294344e-02 -6.96382105e-01
    -3.19298774e-01 -3.04736316e-01 -5.53465605e-01 -1.66608691e-02
    -2.29519784e-01 2.66526282e-01 -3.27534378e-01 7.15794563e-02
    -3.14579636e-01 2.35756040e-01 -2.76371777e-01 -5.15866041e-01
    -5.86317182e-01 -9.22072530e-02 1.03082597e-01 -7.97115564e-01
    -1.45863891e-01 -7.02900052e-01 2.52990127e-02 -2.87782907e-01
    -2.98829913e-01 -4.85906571e-01 -2.22782314e-01 -3.01961184e-01
    -3.18938136e-01 -5.64028978e-01 -6.07324004e-01 -2.65867710e-01
    -3.11365008e-01 1.90183520e-02 -2.41214633e-02 1.27537847e-02
    1.53317153e-01 -6.48939610e-03 -2.75340557e-01 -1.51562572e-01
    -1.93111241e-01 -6.65139914e-01 -2.54107714e-01 -4.62120712e-01
    1.22533619e-01 -5.94762564e-01 -4.55456972e-01 -6.74139500e-01
    -5.04057288e-01 -4.49687839e-02 -3.16500694e-01 -4.59138781e-01
    -6.31367385e-01 -7.01494217e-02 -3.38956892e-01 -4.24947590e-01
    -7.62666762e-01 -6.73086643e-01 1.44702017e-01 -4.13390547e-01
    1.47582889e-02 -6.82578444e-01 -3.37637007e-01 -5.59103370e-01
    -6.00851953e-01 -4.11681861e-01 2.01317668e-01 -5.51204979e-01
    -6.86138213e-01 -1.76966906e-01 -1.54896021e-01 -4.16575104e-01
    5.86699247e-02 -1.94741488e-01 -2.47338653e-01 -5.20202756e-01
    3.93278599e-02 -5.83114982e-01 -6.88199461e-01 -4.84109819e-01
    6.80088997e-04 -2.05211878e-01 -2.15035081e-01 3.16478610e-02
    -2.31024981e-01 4.60773706e-03 -2.83940852e-01 -4.35044259e-01
    -1.51397347e-01 -6.10974371e-01 8.43094587e-02 -5.43156326e-01
    -4.77153033e-01 -6.53434694e-01 -2.89668977e-01 -3.84150386e-01
    9.66126323e-02 -4.27078426e-01 -1.66137636e-01 -1.55651450e-01
    -6.75302029e-01 -2.21397996e-01 -7.59730816e-01 -5.36370635e-01
    -4.85054791e-01 -7.73880482e-02 -2.60715604e-01 -7.00865388e-01
    -1.63637578e-01 -5.94484091e-01 -1.72352493e-01 -1.27385139e-01
    -3.88645589e-01 -4.79769707e-02 -4.05299366e-01 -6.12806857e-01
    -6.25502229e-01 1.26708567e-01 -1.35790110e-02 -2.92357385e-01
    -7.58302569e-01 -7.58314967e-01 -7.80256569e-01 -6.45656824e-01
    -6.02704763e-01 -4.76470053e-01 -4.29859668e-01 1.55671477e-01
    3.67624164e-02 -7.12224722e-01 -6.51389956e-01 -5.41400433e-01
    -1.69907302e-01 -4.02664453e-01 -1.29956603e-02 -5.34546852e-01
    1.41718984e-02 -3.53043497e-01 -1.26849353e-01 -7.38985240e-01
    -7.26964772e-01 -1.09026372e-01 -5.84086537e-01 -3.16083193e-01
    -6.85721397e-01 -4.88932908e-01 -7.34684348e-01 -3.19368601e-01
    3.51681709e-02 8.78100395e-02 -5.11169016e-01 -5.45714021e-01
    1.60029471e-01 -6.48377061e-01 1.66726351e-01 -5.67133784e-01
    -5.49772739e-01 2.59664357e-01 -5.26494503e-01 -5.87035060e-01
    -3.00090879e-01 -2.32247710e-01 -4.26164985e-01 1.92575514e-01
    7.82722235e-02 -4.13470268e-01 -6.12544358e-01 -3.10347408e-01
    -4.75133836e-01 -6.76159382e-01 -4.21325028e-01 2.55826235e-01
    -1.07494473e-01 -1.62573695e-01 -2.71288782e-01 -7.11470604e-01
    7.16599822e-02 -9.51113701e-02 1.22831166e-01 -4.44483280e-01
    -5.16867638e-03 -4.15320367e-01 1.59088969e-02 -2.10052907e-01
    -7.24999070e-01 -4.86931801e-01 -5.38193464e-01 -6.41132474e-01
    -3.95753324e-01 -4.82017070e-01 -6.19238615e-03 -7.70315409e-01
    -1.10346258e-01 -4.43434715e-02 -6.56778693e-01 -6.28122330e-01
    -2.93069243e-01 -9.76641178e-02 -2.53359079e-01 1.37965739e-01
    -6.15629196e-01 -4.13184285e-01 -7.08585858e-01 -6.11862600e-01
    -2.51423001e-01 -3.12433213e-01 -5.78958988e-01 1.97620928e-01
    -5.43921769e-01 -6.52394056e-01 -2.07943618e-01 -4.69733238e-01
    -4.70480025e-01 -7.07053542e-02 -2.69411206e-01 -6.19835317e-01
    1.26379490e-01 -2.85358429e-01 -6.12495244e-01 -4.66768384e-01
    -1.61805451e-01 -5.06103039e-02 -1.86597943e-01 1.22602701e-01
    -6.34203792e-01 -4.38078016e-01 -3.77082378e-01 -6.06859386e-01
    4.09370661e-02 1.63687468e-01 -4.03480232e-01 -1.30537152e-01
    -6.44216478e-01 -4.10793185e-01 -5.42534471e-01 -4.99489784e-01
    -8.89364481e-02 -2.78010666e-01 1.77026629e-01 -3.27725410e-01
    -2.53799796e-01 -3.39441568e-01 2.16609240e-03 -3.89374733e-01
    -2.00027585e-01 -2.06375718e-02 -2.97369421e-01 1.67836249e-01
    -1.54718101e-01 -5.96691012e-01 -8.58652592e-03 2.20113486e-01
    -2.37704903e-01 -3.38130236e-01 -1.95605755e-02 1.65051937e-01
    -2.96830714e-01 -7.91313171e-01 -3.21569175e-01 -9.19114351e-02
    -5.18528938e-01 -5.82131803e-01 9.98020172e-03 -2.65084863e-01
    -1.18566811e-01 -4.90285158e-01 -5.98915100e-01 -5.88768065e-01
    -4.05801058e-01 -3.19015682e-01 -5.23321569e-01 -4.20306593e-01
    -7.49880910e-01 1.94067419e-01 -4.45816517e-01 -3.36451292e-01
    -5.53612471e-01 -1.41050279e-01 7.55780935e-03 -9.11621571e-01
    1.65968537e-02 -8.12514305e-01 -8.01835716e-01 9.07120109e-02
    -3.36268485e-01 -6.94166660e-01 1.37320697e-01 -5.13435364e-01
    -7.58455157e-01 -3.92700434e-02 -1.51191890e-01 -7.60701895e-01
    -6.56033576e-01 -5.75449705e-01 -4.42684352e-01 -2.90621400e-01
    -1.28035724e-01 -6.70520902e-01 -7.80884027e-02 -4.07276154e-02
    8.40269923e-02 -3.90068144e-01 -4.97594476e-02 -4.55778062e-01
    -3.11797887e-01 -5.87563932e-01 -5.78582108e-01 -7.18897104e-01
    -3.30469966e-01 -7.45159626e-01 -1.87064409e-01 -6.31590366e-01
    -1.00215375e-01 -3.84267747e-01 -1.91165805e-01 1.01162910e-01
    4.84239459e-02 -3.60824287e-01 -6.33900642e-01 -4.33904290e-01
    -3.12928140e-01 -1.68169320e-01 1.54274523e-01 -6.30389333e-01
    -1.23591959e-01 -2.26937532e-02 -7.98754692e-02 -5.15020549e-01
    -7.03251660e-01 -8.76386762e-02 -2.69531459e-01 -1.75694287e-01
    -3.78705442e-01 -2.23457813e-01 -4.95857060e-01 -5.75103045e-01
    -3.52427125e-01 -2.24400759e-02 -5.93656301e-01 -3.64110172e-01
    -3.48937511e-03 -3.28046203e-01 -8.01075816e-01 -2.79989839e-01
    -4.52192456e-01 1.23544931e-02 -5.07913351e-01 -2.65646011e-01
    -3.47213030e-01 -9.37800407e-02 8.79048705e-02 -6.66635990e-01
    -4.40472662e-01 -7.28953838e-01 -4.44604993e-01 -5.79677224e-02
    -7.02132761e-01 -9.11145806e-02 -4.90952432e-01 -5.19890785e-01
    -3.34936678e-01 -6.39848828e-01 -5.89800179e-01 -7.34215081e-01
    3.31547260e-02 -1.95042074e-01 -4.41652775e-01 -5.32241344e-01
    9.59621668e-02 -4.46079373e-01 -7.24818647e-01 -3.03577840e-01
    -1.04607821e-01 -7.68902779e-01 -6.49800777e-01 7.92846680e-02
    -9.80096459e-02 1.86346769e-02 -4.57262397e-01 1.09959424e-01
    -7.05024004e-02 -1.73062801e-01 -7.69674778e-02 -3.47170085e-01
    -6.39489651e-01 -6.75796270e-01 -2.77760774e-01 -2.74554491e-01
    -1.62550867e-01 -5.47740459e-02 -6.37887478e-01 7.70964026e-02
    -3.46428752e-02 -2.68773556e-01 4.75120544e-02 2.83568501e-02
    -1.92262173e-01 -4.69973952e-01 5.13755083e-02 -2.18151033e-01
    -3.11537981e-02 -5.34241915e-01 -7.79620409e-02 -1.33749247e-02
    -6.70706391e-01 -3.42260391e-01 -4.08176124e-01 -1.11234009e-01
    -3.41730177e-01 4.59939241e-03 1.56070113e-01 1.81939423e-01
    -7.37302184e-01 -5.21125615e-01 1.76748037e-02 -5.98957658e-01
    9.69242454e-02 -4.54100251e-01 1.71453357e-02 -4.84731972e-01
    -7.44956732e-03 -3.20087314e-01 -2.30544031e-01 -4.13092196e-01
    -7.83033967e-02 -1.86376095e-01 -3.82478476e-01 -6.46016598e-01
    6.09449744e-02 -7.43733644e-01 -1.24958336e-01 9.42534208e-03
    -5.49992383e-01 -4.36370552e-01 -3.10941190e-01 -5.56602240e-01
    -3.23208183e-01 -2.95267045e-01 -2.27398515e-01 8.25629234e-02
    2.09632516e-02 -3.05190921e-01 -3.38798761e-01 -5.94510198e-01
    9.56355929e-02 -5.29798865e-02 -6.42520666e-01 -8.00815940e-01
    -8.01307619e-01 -3.79974008e-01 -4.85127926e-01 -2.10766733e-01
    -4.08516526e-02 -4.93565649e-01 3.50947380e-02 -5.84058881e-01
    -6.42114460e-01 -1.61021948e-02 7.17570782e-02 7.07434416e-02
    -6.17895842e-01 -1.43479466e-01 -6.17221475e-01 -2.72709161e-01
    6.81698322e-02 -1.29272461e-01 -5.26443601e-01 -5.37746429e-01
    1.61786735e-01 -5.26665449e-01 -4.83507514e-01 4.65962887e-02
    -4.27574486e-01 -4.78864908e-01 -1.96719706e-01 -5.95404744e-01
    -4.79830205e-01 -5.77007890e-01 -1.04673684e-01 -7.44466662e-01
    1.33946240e-01 -5.85421562e-01 1.62892401e-01 -5.95467329e-01
    -6.28809094e-01 1.82386518e-01 -6.22487783e-01 -5.94891608e-01
    1.16608143e-01 -7.20425010e-01 1.38964653e-01 -5.01069605e-01
    -5.68238795e-01 -3.69890094e-01 -4.45157260e-01 -5.17194390e-01
    -2.40247250e-01 -3.53941858e-01 1.72708452e-01 -3.79532576e-03
    -4.96306419e-01 -6.71545029e-01 1.42681718e-01 -3.01639259e-01
    -1.67730033e-01 -3.20488214e-02 -5.07973075e-01 -2.54380971e-01
    5.03423274e-01 -4.27627444e-01 -6.44173563e-01 2.47720063e-01
    -1.34419620e-01 -4.33158666e-01 -7.39358246e-01 -2.43564487e-01
    -2.38458097e-01 4.21025753e-02 1.05512559e-01 -5.03422022e-01
    -3.09150457e-01 -6.24936342e-01 -5.09403110e-01 -6.33472562e-01
    -5.68702340e-01 -4.15751308e-01 3.30209136e-02 -7.10315406e-01
    -5.80990672e-01 1.47838116e-01 -3.30228209e-01 -3.89115751e-01
    8.04875493e-02 -6.45998836e-01 4.05771732e-02 -6.25588536e-01
    -3.04765224e-01 -1.36184692e-02 -3.40727150e-01 -3.73485416e-01
    -1.45392954e-01 -3.61723095e-01 1.71702206e-01 -7.10413933e-01
    7.76109695e-02 -5.54201007e-01 -7.60416329e-01 1.92549944e-01
    3.60559225e-02 -6.75119162e-01 -9.66295600e-02 -6.69853806e-01
    6.80458546e-02 2.16180086e-03 -2.98979759e-01 -1.43241882e-03
    -4.38986063e-01 -7.55756795e-01 -5.20056367e-01 -1.28135562e-01
    2.19799578e-01 -4.57231760e-01 -4.79170769e-01 8.77642632e-03
    7.26616979e-02 8.15330148e-02 3.00341845e-02 -6.99363351e-02
    -3.20090294e-01 -9.70027447e-02 -3.66100907e-01 -2.93483853e-01
    -7.59999216e-01 -6.96797669e-01 -1.46376371e-01 2.53272057e-03
    -4.32109237e-01 1.94612145e-01 -4.92892146e-01 3.93897295e-03
    -7.19224572e-01 1.49213076e-01 -4.45446163e-01 -4.38395679e-01
    -2.55098373e-01 -3.03398967e-01 -5.01006126e-01 -3.76496255e-01
    -4.43959296e-01 -6.94089651e-01 -2.51678228e-02 6.19597435e-02
    -3.43982339e-01 -1.04832053e-02 -8.16355348e-01 -7.77702928e-02
    -5.88124573e-01 -1.45615816e-01 -5.81536412e-01 -7.18635261e-01
    -2.74309725e-01 -2.64730453e-01 -5.89092731e-01 -2.13737726e-01
    1.10790193e-01 -5.04730463e-01 1.72091901e-01 1.39266729e-01
    -5.46555519e-01 1.95026934e-01 1.14734888e-01 -6.14364386e-01
    -2.12536246e-01 -5.42560816e-02 -6.51346922e-01 -3.99381757e-01
    1.38485312e-01 -1.94435000e-01 1.20698392e-01 -4.05892521e-01
    -7.06350446e-01 -4.43011224e-01 1.19095981e-01 -6.36207581e-01
    -5.21693468e-01 2.45035291e-01 2.76352763e-02 -4.85914320e-01
    -1.23304129e-01 8.54340196e-02 -2.90452421e-01 -8.27376246e-02
    -6.28743768e-02 -1.51956260e-01 -2.34970868e-01 -7.55476117e-01
    -1.93805993e-01 -6.66943252e-01 -6.96700573e-01 -2.19023585e-01
    -4.98190403e-01 -1.49123728e-01 -2.17551589e-02 -4.27114964e-01
    -6.51963592e-01 -4.28218067e-01 -7.24528491e-01 2.41781473e-02
    -2.34456778e-01 -6.52377129e-01 -1.78577721e-01 -5.34324229e-01
    -4.65443611e-01 -6.40399814e-01 1.26794815e-01 8.59129429e-02
    -5.95319748e-01 6.63113594e-02 -5.12539148e-02 -4.04831767e-02
    1.97008550e-01 2.17098475e-01 -7.38285661e-01 1.68667316e-01
    -5.92182517e-01 -5.76726258e-01 -5.20286083e-01 -4.19599652e-01
    -3.41971040e-01 1.42707527e-01 -6.92291737e-01 -7.45213389e-01
    -3.26971203e-01 -9.95618105e-02 -2.25851297e-01 -2.23885953e-01
    -3.81704688e-01 -3.48944962e-01 1.33089900e-01 -6.95967078e-01
    -5.84093332e-02 -7.11899757e-01 -3.06493729e-01 -7.63154984e-01
    5.01884818e-02 -3.66528332e-01 -1.96678162e-01 -3.58103067e-01
    -4.37590301e-01 -2.83743382e-01 -5.76484442e-01 -6.02070272e-01
    1.19984210e-01 -3.10163617e-01 -6.71367764e-01 -6.59818172e-01
    -7.21928358e-01 8.38307142e-02 -8.33714366e-01 -3.43242049e-01
    1.03066206e-01 -4.30738777e-01 7.15845823e-02 1.23732686e-01
    -1.88972414e-01 6.14860058e-02 -1.68374300e-01 5.55257797e-02
    -2.42763400e-01 -1.11906290e-01 8.14493299e-02 -1.75369084e-01
    -5.67072809e-01 -6.01999402e-01 8.43013525e-02 -7.10378289e-01
    -5.15975118e-01 -5.15089035e-01 1.30572677e-01 -2.53291309e-01
    -6.44891560e-01 2.02489972e-01 -6.15380526e-01 -6.12864971e-01
    -6.62640333e-02 -5.57422876e-01 -2.75566220e-01 4.70855832e-02
    -5.83675265e-01 8.88146758e-02 -3.60248238e-01 -1.87958837e-01
    -7.03515172e-01 -1.78033352e-01 -3.43944401e-01 -5.79494834e-02
    -2.99267828e-01 -1.38847828e-02 -5.12153506e-01 -3.74649376e-01
    -3.16682249e-01 -3.07216972e-01 -5.91190457e-02 -4.11995053e-02
    -2.23334074e-01 -1.16056144e-01 -3.96158189e-01 -2.54607558e-01
    -4.21849459e-01 -2.99028873e-01 -4.94506121e-01 1.68276846e-01
    -1.14940941e-01 -7.57154524e-01 -7.80839205e-01 -7.57659197e-01
    -8.01105917e-01 -4.46986437e-01 -4.20881748e-01 -2.33202398e-01
    2.08071291e-01 -1.39221370e-01 2.18571663e-01 -6.93358779e-02
    -2.15954036e-01 -2.27872699e-01 -3.75514120e-01 -5.64779997e-01
    -4.35511202e-01 -5.41188061e-01 1.68348908e-01 -5.81961751e-01
    7.82049894e-02 -4.91838574e-01 -5.39953113e-01 -2.01244950e-02
    -2.02689290e-01 -5.61438084e-01 2.63590157e-01 -5.83144486e-01
    -4.02426541e-01 -1.14631116e-01 -1.98909104e-01 2.41527319e-01
    -6.36657059e-01 8.74837637e-02 -2.69102812e-01 1.29530668e-01
    -7.45384097e-01 -5.70087790e-01 -3.41214895e-01 4.51058149e-03
    -1.07636094e-01 -8.85217309e-01 1.14333391e-01 -6.14320993e-01
    6.27703071e-02 -1.40389800e-01 -5.32399654e-01 -3.53853643e-01
    -2.85207272e-01 8.41022730e-02 -2.73166120e-01 -8.55158567e-02
    -7.28993058e-01 -4.56876159e-02 -2.93456018e-01 -6.51094913e-01
    -6.41445220e-01 1.03946686e-01 -1.98714077e-01 -5.05044341e-01
    -6.64746165e-01 -6.18050218e-01 4.50275540e-02 -1.59959495e-01
    -2.87221074e-02 -3.40038687e-01 7.57719278e-02 -6.41130328e-01
    -3.11138421e-01 3.67281437e-02 -4.59662497e-01 -6.21211410e-01
    -5.35577595e-01 -3.93574387e-01 4.05148864e-02 -1.96993113e-01
    -4.93487775e-01 -1.32594943e-01 7.90329576e-02 -3.99423927e-01
    -4.50924277e-01 -6.63497090e-01 -5.20931959e-01 6.69638515e-02
    -7.31690288e-01 1.65034533e-01 -4.99339998e-01 -7.09954500e-02
    2.38827407e-01 -2.04734266e-01 -2.07095325e-01 -5.89455009e-01
    1.28737628e-01 -5.15416861e-01 -9.07868147e-03 1.07688129e-01
    -1.20413840e-01 -1.00111306e-01 -3.28257024e-01 -2.64337480e-01
    -4.45704758e-01 -1.50001049e-02 -9.84672308e-02 -1.93578660e-01
    3.29103887e-01 2.76599467e-01 -3.48256350e-01 -2.06863523e-01
    -5.78643680e-01 -2.29046524e-01 1.26932859e-01 -3.08932036e-01
    -4.09328103e-01 -4.27229404e-02 -2.62493610e-01 -5.98402500e-01
    -6.62291169e-01 -3.64698529e-01 1.77657068e-01 -2.46012926e-01
    -2.43579149e-02 -5.21745682e-02 -8.13272059e-01 3.76652479e-02
    9.86933708e-02 -1.24095440e-01 1.04332149e-01 -6.19714499e-01
    -5.03351450e-01 -1.37841284e-01 -5.19943953e-01 7.57226348e-02
    -5.65165341e-01 -1.24605775e-01 -6.09882474e-01 -7.15163350e-02
    1.09086692e-01 -7.81850815e-01 -2.74419188e-02 -9.76164341e-02
    -3.04103851e-01 1.29337013e-01 -8.00471783e-01 -5.64721823e-02
    9.52702761e-03 -7.13918567e-01 -7.88880587e-02 -2.21104443e-01
    -3.37902188e-01 7.27152228e-02 3.06522250e-02 -2.94534087e-01
    1.14423156e-01 -4.66931939e-01 -8.06255341e-01 -3.03692222e-02
    -4.77458239e-01 -3.67087424e-01 1.30465925e-01 -3.48703772e-01
    -7.27931857e-02 -3.16427588e-01 -6.14689410e-01 -4.08487529e-01
    -4.31140393e-01 -3.00192356e-01 -3.46211195e-01 -4.36864763e-01
    -4.43193018e-01 -2.09937334e-01 -2.88931429e-01 -4.01548773e-01
    4.81174588e-02 -1.45534337e-01 -4.28637266e-02 -5.88779747e-01
    1.05596185e-02 -7.21321702e-01 -5.11068523e-01 -7.11877704e-01
    -5.71936071e-01 -6.08603954e-02 -4.04591084e-01 1.04868591e-01
    1.41540766e-02 -5.60736060e-01 -5.69799304e-01 -2.70324469e-01
    -4.80580688e-01 2.52559185e-02 -1.16821527e-01 -6.64634049e-01
    -4.07613367e-01 -1.96011662e-02 -9.36739445e-02 -3.84994447e-01
    7.46840835e-02 -6.60954714e-02 -6.72210932e-01 -2.85475552e-01
    1.04050100e-01 -7.95278192e-01 -2.52590299e-01 -4.91593808e-01
    -3.64743471e-02 -8.59565854e-01 -1.05569839e-01 -3.60920668e-01
    -6.01095676e-01 -6.86443567e-01 1.60495520e-01 -1.51419342e-01
    -6.63843155e-01 -4.28479910e-01 -1.09815717e-01 -6.12373114e-01
    -5.53590775e-01 -5.66605628e-01 -1.91641808e-01 -4.78486687e-01
    -8.44339132e-02 -8.09925795e-02 -1.45199656e-01 -2.97877640e-01
    -4.90574718e-01 -1.38649404e-01 -2.17095613e-01 1.07872486e-03
    4.08798456e-03 -6.25524402e-01 4.09523249e-02 -4.95524108e-01
    -6.52525783e-01 6.10685349e-03 -5.77260435e-01 2.32172132e-01
    -5.33172488e-02 -6.67257488e-01 -3.34250510e-01 -1.55267417e-01
    -4.96746957e-01 -4.98332739e-01 -6.13227189e-01 -9.27613378e-02
    -6.91053987e-01 -6.01151288e-01 -2.77520537e-01 -5.44091582e-01
    -5.24970293e-02 1.01800621e-01 -2.05505848e-01 -7.13419557e-01
    -6.76286817e-01 -2.11183429e-02 -8.02989006e-02 -2.64529467e-01
    -1.12002790e-01 -2.85548270e-01 7.47779012e-02 7.93196559e-02
    -6.01983547e-01 -1.12931788e-01 -7.29218721e-01 8.36145878e-03
    -6.55337036e-01 -2.84042418e-01 -4.75948066e-01 4.79244411e-01
    4.08463508e-01 -1.24470979e-01 -4.82070237e-01 -6.30117536e-01
    -9.18738842e-02 -2.79992819e-02 -4.13758397e-01 -2.55780220e-01
    -8.23393643e-01 -1.15964592e-01 -5.37517726e-01 -1.07070327e-01
    6.49666786e-03 -6.40919685e-01 -4.69981074e-01 -3.70169878e-02
    -4.46640819e-01 -2.86605954e-01 -2.17325568e-01 -2.04826772e-01
    -5.67377508e-01 -4.12888646e-01 -5.57514966e-01 -1.46839380e-01
    -2.91145563e-01 -5.63180864e-01 -2.70903766e-01 -9.45440531e-02
    5.52505851e-02 -1.74593568e-01 -1.08313382e-01 -3.56612056e-01
    -7.44216919e-01 -6.55520976e-01 1.83004439e-01 -5.42014360e-01
    -2.78733253e-01 5.12391925e-02 -4.35855508e-01 -5.68847179e-01
    -5.47242641e-01 8.87404680e-02 -7.19380975e-02 -5.06574869e-01
    -4.68260407e-01 -4.61535752e-01 -6.47414565e-01 5.68076968e-02
    -8.79263878e-02 -1.31837726e-01 1.24501824e-01 -6.67692780e-01
    -3.20246220e-02 -7.15466261e-01 -9.46536064e-02 -1.93052828e-01
    -3.51193547e-02 -7.83954740e-01 -7.47707605e-01 -5.69536090e-01
    2.20921040e-02 1.22035146e-01 8.69320631e-02 -7.32185245e-01
    1.93379283e-01 -5.08373916e-01 -3.62828553e-01 -4.21099544e-01
    1.39173746e-01 -2.50946343e-01 -1.27563119e-01 -3.79971862e-01
    -5.15610814e-01 -4.58317786e-01 -3.05461943e-01 -5.75051665e-01
    -5.78877687e-01 -1.07474923e-01 -6.90043867e-01 1.11806214e-01
    -2.57829100e-01 -6.16941690e-01 -3.63632441e-02 -7.00364709e-01
    -1.68420911e-01 -6.68712258e-01 -1.65743411e-01 8.89264941e-02
    -1.02161884e-01 -3.41724187e-01 -1.37561977e-01 -4.73956138e-01
    -3.75763476e-01 -4.29618329e-01 -3.52510750e-01 -5.51926970e-01
    -5.38535476e-01 -4.63854551e-01 -1.27170444e-01 -1.49447620e-01
    -6.03957415e-01 -4.18975234e-01 -2.92010128e-01 -5.40813684e-01
    -4.16548312e-01 -1.61767364e-01 -7.74865508e-01 -1.70227587e-01
    4.35715318e-02 -1.13597274e-01 -5.53269088e-01 -7.41202533e-01
    -4.57572997e-01 8.09164643e-02 1.04928613e-01 -4.65197504e-01
    -4.73284245e-01 -5.69701552e-01 -5.24845004e-01 -6.23274088e-01
    1.26150131e-01 -4.91246998e-01 -2.05720007e-01 1.21543169e-01
    -5.69238365e-01 -6.78425729e-01 -1.07384562e-01 -7.41021037e-01
    -8.05418491e-02 -3.72771382e-01 3.26561332e-02 -4.25049365e-01
    -8.30676556e-02 1.25512183e-01 -1.49025202e-01 -5.92448711e-01
    -1.10791683e-01 5.93787432e-03 -8.39309931e-01 -7.34497070e-01
    -1.70258284e-02 -4.89194989e-02 1.76266015e-01 -2.43592560e-01
    -2.44819462e-01 -4.40132082e-01 -4.79629725e-01 -5.52598000e-01
    -4.19033349e-01 -3.42542410e-01 -4.77732599e-01 1.52832270e-03
    -5.04531026e-01 -2.28188038e-02 -5.98783135e-01 -3.23025882e-01
    -1.38297975e-01 1.19952321e-01 2.87592411e-04 -8.04081678e-01
    -4.82723117e-02 5.28014302e-02 -4.14793730e-01 1.41902447e-01
    -1.16608083e-01 -6.48840010e-01 5.12285233e-02 -3.51796329e-01
    -5.52433372e-01 -7.12097824e-01 -1.80919766e-01 -1.47943735e-01
    3.48675251e-02 -5.04108071e-02 -6.56960011e-01 1.17430091e-02
    -5.57514429e-02 1.26342833e-01 -7.60069728e-01 5.45847416e-02
    -3.78805131e-01 -3.48058283e-01 -1.02634490e-01 -7.15929031e-01
    -3.91269863e-01 -4.20036256e-01 -4.05621529e-01 -2.87332535e-02
    -1.35630786e-01 -5.20286143e-01 -8.02113533e-01 -4.92391586e-02
    -2.37296760e-01 -3.47438931e-01 -6.41953945e-02 -4.03427482e-01
    -5.64523935e-01 7.04373121e-02 -4.86008853e-01 -6.82663321e-01
    -4.15565819e-01 -4.25774485e-01 -3.22617143e-01 -1.94063842e-01
    -4.75438297e-01 -9.90005732e-02 1.56848371e-01 -5.19811511e-01
    -6.09318852e-01 -3.46839428e-04 -6.71479344e-01 -6.42206907e-01
    -4.28358108e-01 -3.41104835e-01 -6.39289021e-02 9.43359137e-02
    -3.87371689e-01 -5.73773742e-01 1.66897714e-01 4.56869602e-04
    -4.34560239e-01 -2.18527377e-01 -4.47792530e-01 -5.99842787e-01
    -4.23105001e-01 -1.97186708e-01 2.45176554e-02 -6.22310042e-02
    -2.74210989e-01 -1.26138031e-01 -3.31451893e-02 -2.95131803e-02
    1.81285143e-01 -2.85626471e-01 -6.60065532e-01 -3.41032147e-02
    -3.47676277e-01 -2.26378441e-04 -5.26285291e-01 1.62730455e-01
    -6.18979633e-01 1.11950457e-01 -7.66521096e-01 -3.31240684e-01
    -2.30486095e-01 -7.59021044e-01 -5.12878299e-02 3.90399694e-02
    -3.23981345e-01 -8.66996050e-02 -2.67930627e-01 1.17429316e-01
    -6.80113375e-01 -3.08295548e-01 -4.99915183e-01 2.56669521e-03
    2.07930803e-04 -9.35270786e-02 -2.02418625e-01 -3.55931222e-01
    -7.53826499e-02 -8.66830349e-04 -5.51059723e-01 -5.52765548e-01
    -2.68485606e-01 -4.11584526e-01 -5.28455734e-01 -1.57844961e-01
    -8.65868330e-02 -9.51151252e-02 -7.50095129e-01 -2.50753582e-01
    -8.04880857e-02 1.05457604e-01 -7.39615917e-01 6.16621375e-02
    -4.90250230e-01 -3.83548290e-01 -2.59029180e-01 8.95872712e-02
    -5.18763185e-01 8.57201219e-02 -7.39015460e-01 -1.24052167e-01
    -1.15250349e-01 -5.91788948e-01 -4.15453196e-01 -2.08601296e-01
    -6.42831922e-01 -2.26740181e-01 -5.76042950e-01 -3.00956577e-01
    4.78905439e-02 -5.65115333e-01 -1.99396610e-01 -1.01762891e-01
    -4.26546514e-01 -4.41825449e-01 -4.80400562e-01 1.70757413e-01
    -3.70823056e-01 -7.75408506e-01 -9.40846801e-02 -3.90252799e-01
    7.98678994e-02 -1.73152208e-01 -7.30867028e-01 1.21016383e-01
    -7.13178873e-01 -5.79239845e-01 -1.60051942e-01 3.51403952e-02
    -3.42933178e-01 -6.56862259e-02 3.97503376e-04 -7.34755635e-01
    -3.97868067e-01 -3.58376980e-01 8.37158561e-02 -5.43831468e-01
    -3.99366587e-01 -5.57571948e-01 -6.24534607e-01 -7.34769642e-01
    1.34478390e-01 -7.06836522e-01 -4.97803211e-01 -3.07685733e-02
    1.44019186e-01 -3.39427054e-01 -3.30164135e-01 -2.10410178e-01
    3.98169756e-02 -1.02573693e-01 -1.98549032e-01 -4.20704484e-02
    -3.22751760e-01 -1.80982113e-01 -3.68354857e-01 -4.05524850e-01
    6.41244650e-02 -5.09278297e-01 -6.84666276e-01 -4.67211604e-01
    -3.73514026e-01 -6.45294368e-01 4.57025170e-02 -5.37810206e-01
    -3.99394900e-01 -4.51274842e-01 -5.75433016e-01 2.14983165e-01
    -6.31235838e-01 1.71403587e-01 -7.19089508e-01 -5.06415367e-02
    -4.57583308e-01 1.81407869e-01 -6.13540530e-01 5.71532845e-02
    -6.08598113e-01 -1.26712561e-01 1.63501143e-01 -7.77150452e-01
    -3.56466770e-02 -7.90834069e-01 -6.25982523e-01 -2.41848946e-01
    -7.14327216e-01 -2.51564145e-01 -5.64276218e-01 -2.89550364e-01
    -2.99699724e-01 -5.13503909e-01 -9.79950428e-02 -3.87240648e-01
    -2.09769487e-01 -4.18418407e-01 -2.17855692e-01 -5.72616160e-01
    1.15536630e-01 -4.17892575e-01 1.18620753e-01 -7.15970874e-01
    -5.91493249e-02 -1.20111108e-02 -2.82480061e-01 9.58113670e-02
    -2.26806939e-01 -2.97447443e-01 -8.50746989e-01 6.81080818e-02
    -2.44399965e-01 -4.01562929e-01 -5.54553032e-01 -5.41932702e-01
    -4.67887580e-01 8.02931190e-02 -2.40607500e-01 -5.45492887e-01
    -1.98676825e-01 -5.50793886e-01 -5.15845060e-01 -7.63570070e-02
    7.33126998e-02 -2.66175121e-01 -6.09517813e-01 -8.55743885e-04
    -6.70826435e-01 -2.80645818e-01 -6.95115328e-01 -5.24543524e-02
    -6.65587187e-01 -4.41870034e-01 -1.57494962e-01 -5.53147614e-01
    5.87250590e-02 -6.80202186e-01 -3.99508655e-01 -5.75309992e-03
    -8.09459686e-02 -6.96894526e-01 -4.74837065e-01 -5.40575147e-01
    -4.84724849e-01 6.11841679e-03 -7.75906444e-01 2.48451233e-02
    -1.37364864e-01 -6.72206163e-01 -2.94653833e-01 -2.24626660e-01
    -4.68831331e-01 -2.46527433e-01 7.22983479e-02 -6.92337513e-01
    5.92921972e-02 -7.49179006e-01 -7.57382989e-01 -1.71428502e-01
    -2.08577931e-01 5.32367229e-02 -3.68026078e-01 -2.39211023e-01
    1.38851047e-01 -3.20430368e-01 1.39782250e-01 9.52064395e-02
    -6.60256624e-01 -5.36409497e-01 -2.77622640e-01 -4.12299633e-02
    -1.02374911e-01 -6.68002069e-01 -1.42694056e-01 -4.90337253e-01
    -2.09167480e-01 -3.60755384e-01 -2.79158533e-01 1.27378702e-02
    1.49894595e-01 -7.35276401e-01 -1.70847535e-01 -1.43665254e-01
    1.15058422e-02 2.02050447e-01 1.55893981e-01 -4.46208596e-01
    -5.17645299e-01 -1.36773825e-01 -5.63616812e-01 -7.28720248e-01
    -7.58028686e-01 4.45511937e-02 -2.02364087e-01 -7.15466261e-01
    -4.39768076e-01 -9.03097391e-02 -4.75211978e-01 -1.80318356e-02
    -3.51715624e-01 1.44153237e-02 -7.84347117e-01 -7.81501532e-02
    -3.46160918e-01 -2.20265985e-01 -4.52387631e-01 -1.04219079e-01
    -6.77439928e-01 -6.89345717e-01 -3.66077244e-01 1.38772726e-02
    -9.83195305e-02 -4.42333430e-01 -2.92358696e-01 -4.70346093e-01
    -3.88882399e-01 4.99131083e-02 -5.24050176e-01 -6.31813645e-01
    -3.46261859e-01 -4.34048057e-01 -6.99654460e-01 -3.99070621e-01
    -1.18422389e-01 6.62496686e-02 -6.30545855e-01 1.12245321e-01
    -4.96398836e-01 -4.86459702e-01 -1.98336959e-01 -3.02454770e-01
    -1.29241139e-01 -3.08297634e-01 3.43699455e-02 9.83487368e-02
    -6.55623674e-01 -3.38653743e-01 4.28754091e-02 -1.92334056e-01
    -8.41975808e-02 -8.20772529e-01 -2.98759341e-01 -3.23460102e-02
    -1.24844909e-02 -1.63216293e-01 1.08734310e-01 -1.70204282e-01
    -3.78334373e-01 9.06077623e-02 -1.06689572e-01 -1.19521797e-01
    4.98320460e-02 -6.76879883e-01 -5.24820805e-01 -5.70028901e-01
    -3.57812494e-01 -7.88691044e-02 -1.68765426e-01 -7.05247760e-01
    -5.00929832e-01 1.32330894e-01 -7.48635352e-01 -1.56634450e-02
    -4.67395276e-01 -5.93658686e-02 -5.39855361e-01 1.43652201e-01
    1.99142098e-02 -5.73479593e-01 -4.13933724e-01 -5.76192141e-02
    -6.37596726e-01 -2.45245159e-01 -3.29813361e-01 4.54421639e-02
    -5.51578283e-01 1.90711617e-02 -7.74623156e-01 -8.40154290e-02
    -7.86248326e-01 -8.24863613e-01 -8.09557796e-01 -3.13252211e-01
    -4.20940995e-01 -1.14679515e-01 9.96696949e-03 -6.45243108e-01
    -4.82596576e-01 -6.01722002e-01 -7.09720254e-02 -4.47288275e-01
    -3.16326618e-02 -6.98180199e-01 6.15103245e-02 -2.51472652e-01
    -3.82213712e-01 1.65948510e-01 -5.17578602e-01 1.91394269e-01
    1.27844214e-01 1.10777318e-01 -5.92877984e-01 -6.70117140e-03
    -6.36192024e-01 -6.11841917e-01 -4.43663627e-01 -5.36040664e-01
    -3.42684060e-01 -3.33267450e-02 -4.29320872e-01 -2.68227786e-01
    -3.77481729e-01 1.21372700e-01 -9.52535868e-03 -3.60104918e-01
    -2.96464592e-01 -3.00216973e-01 -2.90063947e-01 -6.75003648e-01
    -1.11213446e-01 2.39911079e-02 2.68425941e-02 -1.52723461e-01
    -5.49459934e-01 -5.64222753e-01 -5.60452819e-01 1.18036866e-01
    -3.45474601e-01 -3.08605492e-01 -9.12166238e-02 -3.09325457e-02
    -5.12482047e-01 -9.94947553e-02 -5.07866561e-01 -5.35894215e-01
    -1.51100397e-01 -6.33517504e-02 -1.04844987e-01 -2.91201770e-01
    -2.94716358e-02 -2.75211155e-01 -1.69835508e-01 -1.11222148e-01
    -7.82136798e-01 -1.19870722e-01 1.81673229e-01 -5.58595300e-01
    -6.49790168e-01 -5.55852950e-01 -4.86013442e-01 -2.60639191e-02
    -7.73733258e-02 6.69959188e-02 -7.89119005e-02 -7.38561153e-01
    -6.50989652e-01 -6.75162196e-01 -7.00087190e-01 -2.36392021e-03
    -3.96296263e-01 -6.51908278e-01 -7.81183243e-01 -5.37609756e-01
    -2.09731877e-01 -4.69110608e-01 -4.91334945e-01 -2.75971770e-01
    -5.79066634e-01 -4.90705818e-01 -1.53812826e-01 -3.12736392e-01
    -2.86801755e-01 -2.60646522e-01 -7.64648318e-01 -6.40465379e-01
    -3.86136860e-01 -7.39834905e-02 -1.69051290e-01 8.69565010e-02
    -7.20092893e-01 -5.22956491e-01 -5.81149697e-01 8.53010416e-02
    -2.79520094e-01 2.15472877e-01 -6.82088614e-01 -2.25477189e-01
    -1.30251408e-01 -7.26930320e-01 -2.09117293e-01 3.01704407e-02
    -6.28955364e-01 8.13316703e-02 -2.85732388e-01 -3.91464055e-01
    -2.03548670e-01 3.62664461e-03 -4.45046484e-01 -2.73296624e-01
    -4.47573423e-01 1.62668824e-01 8.20708275e-03 -3.06739926e-01
    -5.55837095e-01 -5.75700700e-01 -8.20558429e-01 -3.16991806e-01
    -7.43542552e-01 -1.93148434e-01 -8.52621794e-01 -3.44848633e-03
    -2.67152786e-02 1.16664469e-01 -7.25227177e-01 -8.91280174e-02
    5.92752099e-02 -1.06506944e-01 -4.43880320e-01 -6.52004957e-01
    -4.77386415e-01 -6.93890810e-01 -7.50472784e-01 4.93298769e-02
    -7.02659488e-01 1.32234752e-01 -4.02772486e-01 -8.03237140e-01
    1.45154357e-01 -3.31847697e-01 -6.70384467e-01 -7.46930838e-02
    -7.37982988e-01 -2.41068602e-01 -9.46866870e-02 1.29454255e-01
    -1.06987953e-01 -2.81489700e-01 -4.81881857e-01 -3.37396562e-01
    -3.63196164e-01 2.64884830e-01 -4.67960805e-01 -7.34839678e-01
    -3.22010159e-01 -3.68129343e-01 4.49634194e-02 3.55136991e-02
    -2.64335513e-01 -1.48315787e-01 -5.90948939e-01 -2.52089500e-02
    -2.06193745e-01 -3.98206115e-01 -5.64480186e-01 -1.14254534e-01
    -4.08608764e-01 -2.37324119e-01 -2.76827335e-01 -3.39581102e-01
    -2.76818275e-02 -5.62465191e-01 -7.40964055e-01 5.27560711e-02
    -7.81372786e-01 -6.27989054e-01 -1.04022801e-01 -2.23295927e-01
    -6.53421879e-03 -6.99676752e-01 -5.79349160e-01 -7.56819069e-01
    -6.65485859e-02 -7.85338759e-01 -5.45891821e-01 1.27238154e-01
    -3.61846983e-01 -5.48818350e-01 -5.28006554e-01 -5.64653814e-01
    9.68903899e-02 -8.18697989e-01 -1.09515607e-01 -2.68247783e-01
    2.27156878e-01 2.34748244e-01 -5.46089888e-01 5.34416437e-01
    4.30330336e-02 -8.10935497e-02 3.66844535e-02 1.54250860e-02
    1.17452919e-01 7.65071511e-02 -1.03598356e-01 -4.89658594e-01
    -1.17828608e-01 -3.62413079e-01 -6.28243566e-01 -2.17278600e-02
    -7.40972221e-01 -5.21886706e-01 -6.89202547e-02 -5.15583932e-01
    -7.08578944e-01 -2.24470139e-01 -7.49119520e-01 -4.74830627e-01
    -4.78449762e-01 -3.15387338e-01 -6.31526113e-01 -5.21193862e-01
    -6.46177053e-01 1.43837929e-03 -9.03568268e-02 -6.13761783e-01
    8.18045735e-02 -3.10718238e-01 -5.92663050e-01 2.06646979e-01
    -6.20934725e-01 -5.20213723e-01 6.12151623e-03 -5.55413246e-01
    -4.91019130e-01 -6.16214037e-01 -2.64307022e-01 -2.17940807e-01
    5.44076562e-02 -1.20761752e-01 -3.26561183e-01 -4.00933623e-01
    -1.16357565e-01 1.02263987e-01 -2.46304035e-01 -1.33992434e-02
    5.73991537e-02 -4.74271476e-01 -4.21774209e-01 1.41763687e-03
    -1.86934054e-01 -3.07191968e-01 -2.35768437e-01 -5.30861199e-01
    -7.06722140e-01 -5.22156894e-01 -3.77149731e-01 -1.71183646e-01
    -5.20265102e-03 -1.27528310e-02 -7.55346298e-01 -7.18348742e-01
    -3.49200875e-01 -6.28573298e-01 -3.81886244e-01 -4.00021195e-01
    -4.70770389e-01 -2.22602129e-01 -2.04463363e-01 -1.48114324e-01
    -7.60799766e-01 -1.87241375e-01 -3.38741720e-01 -2.85002559e-01
    -4.33621764e-01 -6.97144032e-01 -6.15329504e-01 -2.64865339e-01
    -4.39382076e-01 -1.87369466e-01 -5.89926243e-01 -2.56896168e-01
    -6.81371987e-01 -3.70020002e-01 -7.17253327e-01 2.84692645e-02
    -5.33962965e-01 2.73611069e-01 -3.89000148e-01 -5.06340504e-01
    -4.64591742e-01 1.27442241e-01 2.26847768e-01 1.50024891e-01
    -2.84981996e-01 -4.42032844e-01 -3.75766575e-01 -7.42296576e-02
    1.93307936e-01 -2.67719328e-01 -5.78026175e-02 -6.14606738e-01
    -4.21517223e-01 -6.82845712e-02 -4.91434902e-01 9.71292853e-02
    -3.55764568e-01 -7.71528006e-01 -5.35203218e-02 2.85513401e-02
    -1.10297203e-01 4.96677160e-02 -7.07010269e-01 1.59198642e-02
    2.02894926e-01 -3.82742107e-01 -2.31249928e-02 -5.57942033e-01
    -1.48469865e-01 -3.77060115e-01 -5.39831638e-01 -4.75797236e-01
    -5.30952573e-01 1.63540840e-02 -7.27468729e-03 1.03349090e-01
    -6.64030075e-01 1.70914829e-01 7.13021755e-02 -4.31456566e-01
    -7.68366754e-01 -7.85803795e-01 -2.48800993e-01 2.84485221e-02
    -5.07785678e-02 -3.31283808e-02 3.93996239e-02 -3.18980575e-01
    -3.09153557e-01 -7.32711792e-01 -8.14875960e-02 -1.27886593e-01
    -3.56197655e-01 -4.41035569e-01 6.27903342e-02 -3.58030289e-01
    1.93157315e-01 -4.79597002e-01 -5.57551205e-01 -4.83859211e-01
    -4.78116214e-01 -2.99336582e-01 -1.37555659e-01 -5.44418693e-01
    -4.94188488e-01 -3.01357985e-01 -7.55814195e-01 -1.57433450e-01
    -4.31591123e-01 -2.66613126e-01 9.78956223e-02 -3.79190505e-01
    -4.46879864e-02 -2.19586611e-01 -2.05303669e-01 -4.27070081e-01
    2.00994551e-01 1.36821628e-01 -5.11267841e-01 -3.97571594e-01
    4.85920906e-02 -8.62887979e-01 2.71980762e-02 -4.80167270e-02
    -2.57875085e-01 -1.36891901e-01 -9.02588367e-02 -7.70139933e-01
    -2.83314586e-02 -5.12269080e-01 5.29742241e-03 -5.49557149e-01
    -9.63874459e-02 -3.46258819e-01 -2.79982448e-01 -3.83583248e-01
    -4.87829447e-02 -7.55177617e-01 -4.13150787e-01 -3.93646181e-01
    -1.02241874e-01 -6.70354247e-01 -3.79781067e-01 1.17670774e-01
    7.75555968e-02 -6.01389110e-01 -6.05476856e-01 1.44522548e-01
    -7.81505585e-01 -3.98955464e-01 -4.72731590e-02 -3.02700639e-01
    -5.00352323e-01 -2.33354568e-02 -5.84715068e-01 -6.34507895e-01
    -5.90985954e-01 -1.92415982e-01 -3.47928703e-01 1.28191292e-01
    4.00207043e-02 -1.57115936e-01 -4.11006808e-02 -5.84329367e-02
    -4.54369932e-01 -5.27739525e-01 -1.34648860e-01 -3.05635691e-01
    -5.27575850e-01 -1.66853011e-01 -1.60087109e-01 -6.45043910e-01
    -5.57881594e-02 -3.51928532e-01 1.80509686e-01 -3.41188520e-01
    -7.63225317e-01 1.35487616e-01 -4.78104830e-01 -1.11806095e-01
    -3.11772764e-01 -5.95570564e-01 -1.68183088e-01 6.24333620e-02
    -5.87358356e-01 4.35672402e-02 -8.17202926e-01 -5.09923697e-02
    1.33620560e-01 -2.42244005e-01 2.80094743e-02 -6.11359060e-01
    -1.70300603e-01 -5.08359134e-01 -2.10423231e-01 2.02423334e-03
    7.41559267e-03 -4.66638893e-01 -3.60440105e-01 -5.88766575e-01
    -4.50725257e-01 -6.45388961e-02 1.47545159e-01 1.22020066e-01
    -3.01566690e-01 7.45080709e-02 -6.47050440e-01 -4.11331415e-01
    -7.86691785e-01 -8.10082316e-01 -6.94269896e-01 -2.58186996e-01
    -4.89789605e-01 6.15455508e-02 -1.43080413e-01 -1.34705126e-01
    -1.45288646e-01 -3.61049294e-01 -9.26257968e-02 -3.27574968e-01
    8.37421417e-03 -6.25222087e-01 -1.26716495e-02 1.74716115e-02
    1.31544590e-01 -2.85632610e-02 -3.42986465e-01 -6.21476471e-01
    -6.45335197e-01 1.34613693e-01 -2.18656838e-01 -5.60158491e-03
    -1.80997431e-01 -7.23073244e-01 -2.30899692e-01 -2.21391201e-01
    1.90040827e-01 -6.95187092e-01 -2.57015586e-01 -6.63835406e-02
    2.52359629e-01 -2.76706666e-01 -6.43322587e-01 -2.94014961e-01
    -2.92394668e-01 -1.44006729e-01 -4.01133657e-01 -6.18634343e-01
    -4.54818249e-01 -7.73105800e-01 -6.72343135e-01 -3.37782115e-01
    -1.37532294e-01 -5.71095109e-01 8.47820044e-02 -8.32214355e-02
    -7.49735892e-01 -4.05066133e-01 -3.55904818e-01 -2.10465908e-01
    1.16277397e-01 8.86899233e-03 -1.04631543e-01 -6.38284981e-01
    1.44509077e-01 -3.29411745e-01 -1.08601213e-01 -3.75551105e-01
    -2.44219542e-01 -5.69505990e-01 1.01507008e-01 -7.24312782e-01
    -6.56403184e-01 -1.69871926e-01 1.31605625e-01 -2.33308911e-01
    -2.24649191e-01 1.05142593e-04 -1.62423968e-01 -1.05361402e-01
    -1.76618338e-01 2.06902206e-01 -7.05451250e-01 -8.69572163e-03
    -1.03769839e-01 -4.13196504e-01 -4.88178194e-01 -3.65850925e-02
    -3.96056771e-01 -2.97160655e-01 7.88070560e-02 -3.09118778e-01
    2.61726797e-01 -3.85898650e-01 -5.26180863e-01 -5.02866983e-01
    -2.12790400e-01 -2.38972962e-01 1.23772621e-02 -5.52267432e-01
    -3.23149830e-01 2.40529835e-01 1.91997647e-01 1.41360760e-02
    9.27734375e-03 -5.53743124e-01 -6.51407242e-01 -2.89462864e-01
    2.95391798e-01 -3.19529772e-02 -2.70528078e-01 -8.53173733e-02
    -2.02696264e-01 -7.79350400e-01 1.05553150e-01 -2.78504014e-01
    4.92388010e-02 -7.98513114e-01 -2.14463353e-01 -6.94186211e-01
    -2.22236514e-01 1.31676435e-01 7.01677799e-02 -4.69613194e-01
    -7.00200498e-01 -1.34150386e-01 1.57789171e-01 -4.02211189e-01
    -7.43736863e-01 -6.78932190e-01 -2.62233615e-01 -1.20687485e-01
    -4.40660715e-02 -8.08694661e-01 -7.60506511e-01 -1.10296965e-01
    -3.02910030e-01 -3.33836377e-01 -6.45998955e-01 -3.59027684e-01
    3.68475914e-04 -1.73257887e-01 -3.56170654e-01 -1.89921260e-01
    1.08485818e-02 -7.47088075e-01 -6.67134166e-01 -1.15658522e-01
    -7.87666440e-02 -3.09539497e-01 -4.66972083e-01 -4.27434355e-01
    -1.14456058e-01 9.60457325e-03 -5.02466559e-01 -4.47891772e-01
    1.78762436e-01 1.17229223e-01 1.62177384e-01 -1.90453112e-01
    -8.01131725e-02 -8.28872323e-02 1.36617422e-01 -6.32474065e-01
    -6.82814240e-01 -5.16058803e-01 -6.28619134e-01 -7.50981331e-01
    8.99851322e-04 -5.61883748e-01 -4.45383489e-01 -4.84038591e-02
    -7.30000377e-01 -6.07453406e-01 -4.51888740e-01 -6.64137006e-02
    9.30434465e-02 -2.20045745e-01 1.38332963e-01 1.22927487e-01
    -3.28234136e-01 -4.16096210e-01 -3.17189932e-01 -1.64907813e-01
    -4.74894464e-01 -4.14693087e-01 -2.70251811e-01 -1.99106932e-02
    -6.38463140e-01 -4.63586658e-01 2.45344639e-03 -8.14490318e-01
    4.24216390e-02 -4.76045012e-02 -5.64829826e-01 -1.03765368e-01
    -2.69423544e-01 -5.50005734e-01 9.46966410e-02 -4.82691646e-01
    -4.63884115e-01 -5.64624786e-01 3.38901281e-02 -2.10510910e-01
    -8.23702216e-01 1.32679343e-01 -4.96877611e-01 -6.65086329e-01
    1.07678950e-01 -6.47980034e-01 -1.35760307e-02 -2.21810192e-01
    -6.30465508e-01 2.89735198e-02 -6.48217320e-01 -7.23963201e-01
    -4.55072939e-01 7.71242976e-02 -6.56587362e-01 -8.22543979e-01
    9.79933739e-02 -8.42629075e-02 1.46899521e-01 -7.48305559e-01
    -6.98295295e-01 -7.18796611e-01 -4.18415815e-01 1.24572217e-01
    1.63208842e-01 -6.22101486e-01 -5.61267138e-01 -5.09816110e-01
    -6.31112456e-02 -4.65519845e-01 7.26282597e-02 -2.79774249e-01
    -1.46879733e-01 -3.21648061e-01 6.81074262e-02 -1.76034927e-01
    -7.69436479e-01 -4.77962017e-01 -4.83376384e-02 4.48706150e-02
    -2.32794881e-01 -1.70999050e-01 -4.52398837e-01 1.44028246e-01
    -1.52815521e-01 3.85617614e-02 -5.95992923e-01 -5.35318732e-01
    -1.69265687e-01 -9.13183689e-02 -8.75228643e-03 -5.68903446e-01
    1.28741562e-01 -4.30975199e-01 -2.28578329e-01 -3.39488089e-02
    1.29548192e-01 -4.31720614e-02 2.67780423e-02 -1.98436081e-01
    -5.42481840e-01 1.09313786e-01 -5.79655647e-01 -5.44878721e-01
    -4.40438807e-01 -5.80127954e-01 -6.28559113e-01 -6.97313666e-01
    -7.07622766e-01 7.35020638e-02 -3.09468746e-01 -5.13004661e-02
    7.12580085e-02 -3.89835954e-01 -7.58994937e-01 -3.11152518e-01
    -1.24624133e-01 1.79153860e-01 -4.76627558e-01 -4.44083363e-01
    -7.62781382e-01 -2.22142518e-01 3.48802209e-02 -3.51777077e-01
    -7.11826801e-01 1.29402876e-02 -7.68227696e-01 -5.91647267e-01
    -1.45628929e-01 2.30788589e-02 -5.73691726e-01 -3.71540874e-01
    -4.17231619e-01 -5.89228034e-01 -2.91106105e-02 2.07819879e-01
    -7.70985425e-01 -3.00582081e-01 -4.77002978e-01 -1.03785276e-01
    8.16863775e-02 4.67117429e-02 5.72240353e-03 -3.37630212e-01
    -2.25624800e-01 1.12041235e-02 -7.81581879e-01 -2.44412601e-01
    -4.01025414e-01 -3.39574814e-01 -2.32150376e-01 -1.29695415e-01
    -1.33770406e-01 -5.08459210e-02 -5.40080845e-01 -1.73946500e-01
    -7.41502881e-01 8.20102692e-02 -4.51052010e-01 -4.97527719e-02
    -5.51664829e-02 -2.53762066e-01 -5.40753245e-01 1.59387290e-01
    -9.16242599e-02 -5.09219766e-02 -3.72802079e-01 -3.40416431e-02
    -4.69861478e-01 -4.71749216e-01 -5.90082407e-01 -2.59060681e-01
    -3.70681286e-03 2.33181953e-01 -2.37582207e-01 -6.60074234e-01
    -6.00874424e-03 -3.72591138e-01 -3.38616639e-01 -5.46584129e-02
    2.45172977e-02 1.51310325e-01 -7.71949768e-01 -8.20792913e-02
    -1.80520654e-01 -5.85516334e-01 -3.79811347e-01 -2.05141008e-01
    -5.59420943e-01 -4.69265580e-02 -4.34086919e-02 -2.04402208e-02
    -4.50884104e-02 -6.97957814e-01 -4.92392838e-01 -7.31757760e-01
    1.44374192e-01 -4.47360039e-01 -3.95366371e-01 -5.43500781e-01
    -6.03685975e-01 -2.01554388e-01 -3.31479073e-01 4.42649126e-02
    2.34209299e-02 -4.54741418e-01 -7.74090290e-02 -6.06510758e-01
    -6.76518917e-01 1.11098289e-02 -6.65692449e-01 -1.22133493e-01
    1.38903439e-01 -5.24006665e-01 -1.70035243e-01 -4.55296516e-01
    -4.00343120e-01 -2.61111915e-01 -6.73602462e-01 1.01729691e-01
    -4.40296531e-02 -2.98217654e-01 1.04810953e-01 9.98860598e-02
    -3.58933866e-01 -4.77527976e-02 -6.14966750e-01 -7.53976941e-01
    -1.02239132e-01 1.00073993e-01 -5.66745996e-02 -4.37863469e-02
    -1.02261305e-01 -3.38726640e-01 -2.98339188e-01 -3.37383866e-01
    6.95756078e-02 -2.24542320e-01 -7.18646944e-01 -2.69724369e-01
    -1.53849483e-01 5.07646799e-03 -3.24822009e-01 -3.93527836e-01
    1.36021316e-01 -5.69792032e-01 -1.62036061e-01 -4.15479064e-01
    -1.35850668e-01 -5.52296996e-01 -2.59154201e-01 -2.42098749e-01
    -7.40495145e-01 -7.06776381e-02 -5.69611251e-01 -5.80192089e-01
    -3.41701001e-01 -1.00375891e-01 -6.70329630e-01 1.35912955e-01
    -1.87126160e-01 -5.39250553e-01 1.23802066e-01 -4.19707000e-01
    -6.80632949e-01 -5.80990851e-01 -4.43083018e-01 -5.24749756e-02
    1.36098623e-01 -7.95175314e-01 -6.50790334e-01 -8.00398946e-01
    7.17103481e-03 7.31652975e-03 -7.74282217e-01 1.39297247e-01
    -5.72742820e-01 -2.07375228e-01 -6.14746690e-01 -3.33939672e-01
    1.27441049e-01 -4.78917450e-01 -7.96275735e-02 -7.34945536e-01
    -4.75803018e-01 -7.18837380e-02 -3.01304460e-01 -6.32492125e-01
    -2.73523986e-01 -2.05570042e-01 -2.00697839e-01 -6.14040673e-01
    -6.43694639e-01 4.01177406e-02 -6.88935935e-01 -3.85976613e-01
    -1.95268571e-01 5.19483089e-02 -1.65953457e-01 -4.08898056e-01
    -1.21139646e-01 -5.61278224e-01 -3.36607426e-01 -1.48668289e-02
    -3.16909134e-01 -4.93049204e-01 -6.76377535e-01 -7.33180642e-01
    1.32551908e-01 -7.81043291e-01 -5.59524298e-02 -1.93513513e-01
    5.26331067e-02 -5.83479881e-01 -6.77184284e-01 -5.58234215e-01
    -4.24512208e-01 -4.42842126e-01 7.16467500e-02 -7.82497287e-01
    1.97279453e-02 -7.58967698e-01 -5.30393362e-01 -6.86636806e-01
    -7.89116025e-01 -8.95191431e-02 -5.67287862e-01 -2.39744782e-01
    -7.92782307e-01 -7.93979764e-02 -4.91865486e-01 -6.92986131e-01
    -1.66309476e-01 -4.37656641e-01 -7.36511350e-01 -4.05819714e-01
    -4.14324880e-01 1.21636808e-01 -1.67613983e-01 -5.14084697e-02
    -3.33730936e-01 -7.73210883e-01 -2.56800652e-03 -2.90399253e-01
    -4.45820987e-01 -1.78384364e-01 -3.03182602e-02 -6.85535550e-01
    1.74793065e-01 -6.76335335e-01 -4.46122885e-01 2.45157123e-01
    5.09477854e-02 2.56613731e-01 -4.47554410e-01 -3.92436892e-01
    -2.25170910e-01 -2.63028145e-02 -3.95002365e-02 -1.03102922e-01
    -9.53299999e-02 6.39184117e-02 -1.90675735e-01 -3.71635824e-01
    -1.54370368e-01 -2.08169520e-01 -4.01612520e-01 -5.41622281e-01
    -5.20501971e-01 -4.21692491e-01 -4.56190109e-02 -2.26466715e-01
    -4.64274287e-01 -4.24186677e-01 -4.62198138e-01 -5.39360046e-01
    -3.47400039e-01 -2.97969937e-01 3.58038545e-02 -2.92649925e-01
    -5.17805815e-01 -7.01264143e-01 -4.53025669e-01 -1.43734992e-01
    -5.90816259e-01 -2.96192855e-01 -7.10882306e-01 1.78575814e-01
    -4.44199920e-01 -4.50615257e-01 -1.34447813e-02 -7.17425048e-01
    -3.92339259e-01 8.64625573e-02 -1.74386084e-01 -3.67145836e-01
    -2.42249727e-01 -7.57780313e-01 -7.88266301e-01 1.50912881e-01
    -1.08598471e-02 -7.93340445e-01 -1.09740973e-01 -1.29728138e-01
    3.81477475e-02 -3.88624072e-01 -1.25197887e-01 -4.41383392e-01
    -5.02396107e-01 -7.25193501e-01 -4.39829856e-01 -5.13405204e-02
    1.10382080e-01 -1.52523160e-01 -7.21834183e-01 -3.38104844e-01
    -2.22224653e-01 -1.19868338e-01 -7.94185162e-01 -4.20831501e-01
    -6.42715275e-01 -6.52159572e-01 -1.91317737e-01 -1.88695848e-01
    -2.96524227e-01 -3.27091634e-01 -1.40864849e-01 -1.81312144e-01
    -2.08505690e-01 -5.37342608e-01 -6.67309880e-01 -2.22841263e-01
    -3.19166958e-01 -1.73741221e-01 -5.70263267e-01 -7.23885238e-01
    1.43666089e-01 -1.48682177e-01 1.43295288e-01 -4.37393665e-01
    -5.92433214e-02 -1.82886183e-01 -3.33507150e-01 8.59563947e-02
    -6.25757754e-01 2.65739441e-01 -4.36394602e-01 -4.82970357e-01
    -4.76129353e-01 -5.86562514e-01 -6.51223183e-01 -1.79585338e-01
    1.28255665e-01 -2.46319592e-01 3.67754698e-03 -6.31327391e-01
    -4.89615142e-01 -4.99760509e-01 -6.31909728e-01 -6.69697523e-01
    -9.94981527e-02 -5.91817558e-01 -4.81109619e-01 -2.65257537e-01
    -6.65165663e-01 -1.48087859e-01 -3.93734097e-01 -2.34984756e-01
    5.21995425e-02 -7.45664835e-01 -7.54719794e-01 2.49686241e-02
    -1.11453950e-01 -1.39247179e-01 -6.71903253e-01 -4.19453084e-01
    -5.00073314e-01 -7.33217597e-02 -7.61931539e-01 -7.40001678e-01
    -7.83399940e-02 1.33067131e-01 -1.03899240e-02 -4.12945449e-01
    7.45531917e-02 -4.55904722e-01 -7.71550536e-02 -7.61644840e-01
    -7.57261693e-01 -7.10059047e-01 -5.16503036e-01 -3.65799844e-01
    -4.38796937e-01 -3.12721729e-02 -1.21772826e-01 -1.83477223e-01
    -6.18648291e-01 -5.39329410e-01 1.07156396e-01 -2.45547980e-01
    -6.50451541e-01 -2.15495229e-01 -1.14619493e-01 -5.04984081e-01
    1.02051258e-01 -6.13415062e-01 -4.58678067e-01 -8.46017003e-02
    -3.46077085e-01 1.95483267e-01 -3.31368566e-01 7.12531805e-03
    -2.48585045e-01 -1.55342460e-01 -9.81346369e-02 -2.81286836e-01
    -7.00967371e-01 -4.46489662e-01 -5.83044410e-01 -4.30453122e-01
    -9.36259627e-02 -2.19080389e-01 -7.30139017e-01 -2.39694595e-01
    1.56224370e-02 -3.17919105e-01 -6.67595863e-02 -4.01967645e-01
    -7.47882605e-01 8.54601860e-02 -3.03389549e-01 -6.33707762e-01
    -1.52295709e-01 -6.98907614e-01 -3.84292841e-01 -7.23850906e-01
    -5.02079308e-01 1.86130404e-02 -5.09327412e-01 -2.68022954e-01
    -3.27665448e-01 4.79202867e-02 -3.36906135e-01 1.02163434e-01
    -6.10776186e-01 -3.83975506e-02 -7.78310180e-01 -7.46553600e-01
    -8.61874223e-02 -3.80745173e-01 4.80815768e-02 -2.54465640e-01
    -1.29249990e-01 -8.19523215e-01 -6.54429436e-01 -6.83521986e-01
    -5.25541246e-01 1.64667726e-01 2.21893072e-01 -5.20325184e-01
    -5.61168969e-01 2.71341383e-01 1.02911353e-01 1.70824289e-01
    -4.02515590e-01 -4.14378315e-01 -3.05131733e-01 -1.31760120e-01
    -3.43144953e-01 1.34884059e-01 1.14228725e-02 -8.88288617e-02
    1.48007929e-01 -2.63942301e-01 -4.70351577e-01 -4.25271928e-01
    -5.86121678e-02 -2.27909327e-01 -7.86682844e-01 5.01800776e-02
    6.58890009e-02 -7.12160826e-01 -5.97737968e-01 -3.88079882e-03
    -1.64554715e-02 -5.80660105e-01 1.54139817e-01 -3.51974458e-01
    3.74810696e-02 -4.16492105e-01 7.75207281e-02 -4.53455210e-01
    7.91919231e-02 -6.41265154e-01 -6.93531036e-01 1.00293159e-01
    -1.69894695e-02 8.98010731e-02 -7.56633639e-01 -2.15613604e-01
    2.59118080e-02 1.35962963e-02 -7.22242713e-01 -6.16461039e-03
    -5.40234327e-01 -1.68917418e-01 2.85455465e-01 -4.05212283e-01
    1.49320394e-01 -3.20482492e-01 2.99368322e-01 -3.08385789e-01
    -8.11577916e-01 1.18990421e-01 -5.28958023e-01 3.35474014e-02
    -1.83528185e-01 -2.16143489e-01 -5.73643446e-01 -6.97326005e-01
    -2.36163646e-01 -4.05518353e-01 -6.56388044e-01 -6.15606546e-01
    -1.23962760e-02 -3.15271944e-01 -4.96040583e-02 -3.22157085e-01
    -7.97950983e-01 1.87338769e-01 4.23630476e-02 1.59662962e-01
    -4.05624002e-01 -3.04538608e-02 -8.10303450e-01 -2.65589058e-01
    -6.34015083e-01 -4.20944095e-02 -4.68616694e-01 -9.20369029e-02
    1.19785249e-01 -2.95270681e-02 -5.50136626e-01 -7.26736188e-02
    -5.50536692e-01 -1.86995804e-01 -2.14022696e-01 -1.37104869e-01
    -7.55414963e-02 -5.70684075e-02 -5.93007922e-01 -6.89415216e-01
    -6.10369682e-01 -4.38740164e-01 1.33341730e-01 -4.74558920e-01
    -8.20299029e-01 -5.56856692e-01 -7.43788838e-01 5.75923920e-02
    -4.89706993e-02 -5.47226608e-01 -6.84996843e-02 -4.45262253e-01
    -5.66069961e-01 -5.79806089e-01 -4.71159995e-01 -5.33688545e-01
    -6.67271614e-02 -6.52005672e-01 -5.81291676e-01 -7.53764391e-01
    -3.46295834e-02 8.99034142e-02 -3.42905313e-01 -1.88276827e-01
    -3.33236098e-01 -4.13129479e-01 -6.50092840e-01 -5.54911017e-01
    1.51029110e-01 -3.45359027e-01 -7.24271178e-01 -5.23374736e-01
    -5.32126546e-01 -6.77970052e-01 -6.05797172e-02 -5.99580228e-01
    -5.19299209e-01 -2.39181936e-01 -1.83287859e-02 -5.31180918e-01
    -8.61034393e-02 -6.33000135e-01 -3.61358881e-01 -1.84294641e-01
    -7.62176514e-02 -2.17323810e-01 -3.45308363e-01 -1.84936285e-01
    1.86602056e-01 -6.03654265e-01 -4.67986047e-01 -5.84303319e-01
    -4.35481876e-01 -5.96900940e-01 -5.15329242e-01 -8.77972841e-02
    -6.74530566e-01 1.10097051e-01 -1.32548153e-01 1.53554380e-01
    -4.13346380e-01 1.39749467e-01 -3.05061698e-01 -5.46743989e-01
    -6.95772290e-01 -9.40244198e-02 1.07364714e-01 -9.08628702e-02
    -7.33471155e-01 -6.68381631e-01 3.16048861e-02 -1.84926927e-01
    -5.24227202e-01 -6.28479242e-01 1.75688863e-02 -3.45430702e-01
    1.74870849e-01 -5.97126365e-01 3.35565805e-02 -5.27431488e-01
    -1.22569203e-01 -1.01453066e-02 -3.03161860e-01 7.24395514e-02
    -5.63183367e-01 -7.30826855e-01 -7.12439418e-01 -8.56431127e-02
    -5.23458719e-01 -5.90892315e-01 1.83987737e-01 -7.81592011e-01
    -2.22934425e-01 -7.83916712e-02 -4.91951764e-01 -4.22889829e-01
    -4.45264995e-01 -6.22765303e-01 -7.75699615e-01 8.04432034e-02
    1.95454299e-01 -4.20722336e-01 -6.25754833e-01 -1.51557446e-01
    -6.02281451e-01 -6.89918399e-02 2.26007700e-02 -4.68247741e-01
    -3.12263548e-01 -3.43191624e-01 -3.23456138e-01 -6.43880963e-01
    -5.23197293e-01 -1.99885130e-01 -2.30138600e-01 -1.56933904e-01
    -4.76585656e-01 -1.93287432e-01 -6.10937178e-01 -3.24299216e-01
    -9.36932564e-02 -1.10936582e-01 -2.43595421e-01 7.56268501e-02
    -3.64513665e-01 -1.74811304e-01 8.24958682e-02 -5.74118495e-01
    -7.89692521e-01 -5.51114380e-01 -6.20187640e-01 -4.89816308e-01
    6.14772439e-02 -5.17520785e-01 -8.41403008e-03 -4.93992984e-01
    -6.53775752e-01 -4.63363528e-02 -5.79163313e-01 -5.86516142e-01
    -5.07548273e-01 -1.14158034e-01 -2.09783256e-01 7.27695823e-02
    -5.64173460e-02 -3.01209211e-01 -3.39520872e-01 -4.96760428e-01
    -3.41972530e-01 1.68314695e-01 -5.65473735e-01 4.96299863e-02
    -3.11094284e-01 -8.89258385e-02 -8.90177488e-02 2.29862928e-02
    -1.82848871e-01 3.51735950e-02 -1.26083732e-01 -5.77584207e-01
    -7.93020666e-01 -3.52299213e-02 1.86347365e-02 -4.16986167e-01
    -5.66810489e-01 -2.50088513e-01 -6.87508821e-01 -5.73876381e-01
    -1.03248417e-01 -2.52723694e-04 -6.42926335e-01 -4.25995886e-01
    -7.41039872e-01 -7.21568882e-01 -4.08330232e-01 -3.26665848e-01
    -1.67343616e-02 -4.33456898e-03 -4.86670256e-01 -4.01066542e-02
    -6.70400620e-01 1.37362480e-02 -3.77506018e-02 -1.28798723e-01
    -5.12956083e-01 -6.19386792e-01 -5.63436329e-01 -7.68376708e-01
    -3.59829247e-01 -7.24564791e-02 -8.24362636e-01 -2.53475904e-01
    -6.40809894e-01 -8.84261131e-02 -4.25855309e-01 -7.94905066e-01
    -4.08396721e-01 -7.73559809e-02 -7.23740280e-01 -5.02052188e-01
    -6.79098368e-01 -1.45818174e-01 -5.06181479e-01 -1.29778028e-01
    -6.21590376e-01 -7.46051550e-01 -1.24335289e-01 -4.66559619e-01
    -4.33240205e-01 8.36909413e-02 -4.75977153e-01 2.39131153e-02
    4.54496861e-01 -5.21362901e-01 -4.05476183e-01 -1.35377645e-02
    -7.25831628e-01 -4.37639385e-01 -5.18942058e-01 -6.19330108e-01
    2.39012837e-02 -6.18933558e-01 -7.94250369e-02 -1.00912869e-01
    -1.36494398e-01 -3.06880802e-01 -3.57234478e-03 -3.59062165e-01
    -3.52284193e-01 -4.06899124e-01 1.19486332e-01 7.24882483e-02
    -4.78762686e-01 -1.67956054e-01 4.64473963e-02 -2.26531208e-01
    -4.31286842e-01 -8.55856538e-02 -2.82286346e-01 -4.02354598e-01
    3.83293629e-02 -2.85416842e-02 -6.54917359e-02 -7.30577350e-01
    -4.15823042e-01 1.74691916e-01 -5.92318058e-01 -6.63254976e-01
    -1.98735178e-01 -6.34468853e-01 -4.36444581e-01 -1.85210764e-01
    -8.19285810e-01 9.96847153e-02 -8.38543177e-02 3.14143896e-02
    -5.98461509e-01 4.13232446e-02 -4.38882053e-01 -4.07415748e-01
    7.35013485e-02 -2.38685608e-01 -5.74790835e-02 -1.57322884e-01
    -2.29671419e-01 -2.42411256e-01 -5.67536354e-01 -1.65627420e-01
    -7.39557028e-01 -1.70834482e-01 -4.25523579e-01 -2.84485459e-01
    1.06371820e-01 -6.30477071e-01 6.10153675e-02 1.55987680e-01
    -8.00531745e-01 -3.63920033e-01 -1.98553026e-01 9.79776978e-02
    1.06017411e-01 -2.90122032e-02 -7.68670201e-01 -8.17845583e-01
    -4.53135550e-01 -2.17776656e-01 9.30026770e-02 -7.14013219e-01
    -2.68390477e-01 -2.47661710e-01 2.95321941e-02 1.29087150e-01
    -5.39315462e-01 -7.60434151e-01 -7.17837334e-01 9.32393074e-02
    4.74553108e-02 -6.07713938e-01 -1.62132084e-01 -5.38497388e-01
    -6.65524006e-01 -6.54293895e-01 -6.85772121e-01 1.41850770e-01
    -3.49002898e-01 -2.71355927e-01 -6.26379728e-01 2.86038995e-01
    -3.24535072e-01 2.19927907e-01 -2.66939461e-01 -2.68060803e-01
    2.17314720e-01 -4.04073954e-01 -4.93048847e-01 -5.09303391e-01
    -4.17197436e-01 -6.29964471e-01 -2.72349179e-01 -3.57676655e-01
    -6.01882339e-01 -7.05944598e-01 -6.85713291e-02 -1.46129310e-01
    -6.43730164e-05 1.65811777e-02 -6.59389853e-01 -4.08666700e-01
    -4.88140523e-01 -3.67124856e-01 -8.20338726e-02 1.32757425e-03
    6.40106201e-02 1.36179984e-01 -7.51140475e-01 -7.42073596e-01
    -2.54474998e-01 5.67443967e-02 -8.10333252e-01 -3.15442681e-02
    -5.12961149e-02 -7.74198174e-02 -7.02016711e-01 -6.68398619e-01
    -5.99463999e-01 1.02353096e-01 -7.55669057e-01 -5.79193950e-01
    2.23121643e-02 -8.11197042e-01 -1.33147717e-01 -4.40537632e-01
    -2.16439724e-01 -6.35790229e-02 -7.35345244e-01 -7.80765295e-01
    -7.36930132e-01 9.70503092e-02 -5.44305027e-01 -3.32321852e-01
    2.27428555e-01 1.28367364e-01 -5.60375690e-01 -5.72406650e-01
    1.39401138e-01 1.04562283e-01 -7.67179608e-01 -2.18509853e-01
    -6.53766036e-01 -7.84682453e-01 5.84638119e-02 -4.09375191e-01
    -3.47513556e-01 -4.59452271e-02 -5.75716853e-01 1.25886858e-01
    -1.44362032e-01 -7.91903198e-01 -5.34474134e-01 -5.42749763e-01
    -1.00528479e-01 -3.09835434e-01 8.86263847e-02 -2.70744801e-01
    8.55398178e-03 -7.45113790e-01 1.71704352e-01 7.72755742e-02
    -6.66860640e-01 -4.28689063e-01 -5.71379900e-01 -4.80539382e-01
    1.15930140e-01 1.30112112e-01 -4.34291363e-03 -7.15054274e-02
    -7.28529751e-01 -2.85998881e-01 -5.39809406e-01 -8.07812929e-01
    1.07047141e-01 -8.09178591e-01 -3.00949633e-01 -2.58144081e-01
    -7.45847225e-02 -7.73604870e-01 -4.06597823e-01 -3.87639880e-01
    -8.47906828e-01 6.92675114e-02 -2.26225793e-01 -5.37316918e-01
    -8.97631884e-01 -5.49066901e-01 9.80423689e-02 -1.89003587e-01
    2.52562761e-02 -5.82748592e-01 -5.56238234e-01 1.70994341e-01
    -5.97987592e-01 -6.25160754e-01 -8.81862640e-03 4.84604836e-02
    -6.55125976e-02 -2.72147179e-01 6.95220232e-02 -4.24054444e-01
    -3.96429896e-02 -2.52678871e-01 -3.10866177e-01 -6.84148192e-01
    -5.84140897e-01 -1.93953037e-01 -7.23996162e-02 -5.56415915e-01
    -3.77830863e-01 -4.13437605e-01 -9.14617658e-01 -4.47928905e-03
    -2.94998288e-01 -1.54656649e-01 5.52005768e-02 3.72715592e-02
    1.97874308e-02 -2.63226032e-03 -6.60676956e-01 -4.67962503e-01
    -6.60697222e-01 -6.23542070e-02 -1.50662482e-01 -4.05716300e-02
    1.91366076e-01 -6.49027944e-01 -5.67223132e-01 -4.72852558e-01
    -5.04297614e-01 1.52146459e-01 -1.04701877e-01 -4.44170713e-01
    -7.56186128e-01 9.33383107e-02 -5.51436305e-01 -1.17177546e-01
    -3.47433090e-02 9.87495184e-02 2.35603809e-01 2.41554439e-01
    -1.57107085e-01 -4.63486910e-02 -5.59561372e-01 -3.07148695e-02
    -6.74131632e-01 -3.16734910e-02 5.30605912e-02 -4.15620685e-01
    -4.40124929e-01 -4.23904479e-01 1.02148056e-01 -5.33921003e-01
    -5.25466561e-01 -6.22123957e-01 5.07554412e-02 -1.68731928e-01
    -2.63019204e-01 -4.30778772e-01 -4.23640013e-01 -1.65535986e-01
    -4.73843485e-01 -6.82036817e-01 -2.27040112e-01 5.70161939e-02
    -5.10382533e-01 -5.40254474e-01 -2.20329940e-01 -6.53936088e-01
    1.91539526e-02 -6.22048974e-02 -7.64230728e-01 8.31500888e-02
    -1.33960962e-01 -2.66047895e-01 -3.92465591e-02 -5.03720641e-02
    -1.71721756e-01 -4.24548775e-01 5.51308393e-02 -8.31020236e-01
    -4.76541370e-01 1.19122267e-01 -5.99829912e-01 -6.65808797e-01
    -1.86516821e-01 -5.38220406e-01 -2.47567654e-01 -2.30304003e-01
    -1.88685179e-01 3.70851755e-02 -6.40434682e-01 -2.43702054e-01
    -4.78494883e-01 -7.09597349e-01 -1.32497489e-01 1.30596519e-01
    -2.40681291e-01 -1.09663188e-01 -2.92568207e-02 -3.79190862e-01
    -5.40841937e-01 -2.54806578e-01 -1.84720337e-01 -7.28677511e-01
    -1.95365727e-01 -3.03300738e-01 -4.63343024e-01 -7.10837245e-02
    -2.46078491e-01 -7.78592110e-01 -6.25375986e-01 1.79382861e-01
    1.34303272e-01 -1.14741445e-01 -2.56766379e-01 1.50544167e-01
    -8.91898274e-02 6.05621338e-02 -3.28049004e-01 1.54512763e-01
    3.76158953e-02 -4.91616100e-01 -3.69515866e-01 -9.15017128e-02
    6.49517179e-02 -5.93236923e-01 -3.86375189e-03 -2.92997241e-01
    1.18139982e-01 -2.67979562e-01 -3.49617302e-01 -5.54547429e-01
    -2.33412564e-01 -3.45911026e-01 2.39615977e-01 -5.61168015e-01
    -3.42985809e-01 -1.34271204e-01 -6.21125519e-01 -6.70586824e-02
    -5.88468909e-01 -1.59710705e-01 -6.61021948e-01 -4.94051993e-01
    2.29835868e-01 -3.78948450e-03 -1.60167575e-01 -3.49627703e-01
    2.39849091e-03 5.40640354e-02 1.14080310e-01 1.02667272e-01
    -3.74587327e-01 -4.08194363e-01 -3.10001075e-01 2.14882910e-01
    -1.02721751e-01 -2.19054222e-01 -5.69832504e-01 -5.78828037e-01
    -4.48008746e-01 -1.20700479e-01 -7.15916574e-01 1.80732727e-01
    -1.20830834e-01 -2.24032164e-01 -7.88019300e-01 -1.55698299e-01
    1.07450664e-01 -6.41443431e-01 -1.54232621e-01 -1.96162581e-01
    8.53782892e-02 -4.51805621e-01 -2.37896502e-01 -1.07780576e-01
    1.71700537e-01 -5.14355659e-01 -3.04643929e-01 -3.64872098e-01
    -4.36033010e-02 -5.48678637e-02 8.97897482e-02 -2.98291922e-01
    -2.30959177e-01 -4.72012341e-01 -5.16880631e-01 -4.42428559e-01
    -2.77619421e-01 -2.24628597e-01 -6.92985177e-01 2.06305623e-01
    -6.90488696e-01 8.29965472e-02 1.29782438e-01 7.83854723e-03
    -4.72506762e-01 -5.21133006e-01 9.17266607e-02 -8.79861712e-02
    -3.91210437e-01 -3.86656821e-01 -8.45141590e-01 -3.37308943e-01
    8.68350863e-02 -9.81761813e-02 -5.94799995e-01 -5.03721774e-01
    -1.63365602e-02 -2.09994316e-02 -2.11764395e-01 -6.80716574e-01
    -6.10904098e-01 -4.95082557e-01 -4.80707288e-02 -3.10690314e-01
    -2.51895130e-01 -4.68167484e-01 -4.75524843e-01 -2.07460701e-01
    -1.19775891e-01 6.62297010e-03 1.15614235e-01 -2.61527061e-01
    -4.69289333e-01 1.24900758e-01 6.95165396e-02 -6.59594834e-01
    1.13508105e-01 -7.69776106e-03 -7.36458302e-02 -1.94646597e-01
    -7.01404691e-01 -5.23262382e-01 -1.46429658e-01 -4.82830733e-01
    -6.84137166e-01 -3.48116040e-01 -2.87053168e-01 -3.44868898e-02
    -4.74983454e-02 -7.32351065e-01 -1.85439587e-02 -4.50853646e-01
    -2.18766689e-01 -1.15623355e-01 -2.96233296e-01 -1.57114685e-01
    -4.89870965e-01 -3.51101160e-02 -4.01233077e-01 -2.96861768e-01
    -9.75289941e-02 -4.02612299e-01 -5.21116674e-01 -4.28298324e-01
    -4.16168392e-01 -6.17681384e-01 -7.54113674e-01 1.16441131e-01
    -2.66961813e-01 -4.45422739e-01 6.36577010e-02 -2.15484381e-01
    -1.56930685e-01 -1.73498392e-01 -3.37718546e-01 -4.02918220e-01
    -5.99228501e-01 -8.24161172e-02 -3.84146750e-01 -2.82829821e-01
    -5.62595725e-01 -7.66490757e-01 1.77505851e-01 9.31473374e-02
    6.58039451e-02 -8.33903074e-01 -2.27581143e-01 -3.09732437e-01
    -6.43787324e-01 -4.65172052e-01 -6.54398084e-01 -4.78524894e-01
    -6.34784520e-01 -2.22921371e-04 -5.30806303e-01 -6.62126958e-01
    1.34956121e-01 -4.40259784e-01 -4.19704020e-01 -6.53304040e-01
    -3.07072312e-01 -2.21812665e-01 3.38680744e-02 -2.53634691e-01
    5.68460524e-01 -3.56116354e-01 -5.41306496e-01 -4.90997076e-01
    -2.89472342e-01 -2.24815726e-01 -3.05358410e-01 -2.68720627e-01
    7.62972832e-02 -5.22151709e-01 -4.62811887e-01 1.15476191e-01
    -4.67742503e-01 -1.64049864e-03 -6.77484930e-01 9.16825533e-02
    -5.86275339e-01 -5.30624986e-01 -4.22106981e-01 -1.47491157e-01
    -4.34254408e-02 -5.44996023e-01 -4.83393967e-01 -6.45327270e-01
    -5.34476638e-01 -3.11911583e-01 -1.01412773e-01 -3.83750588e-01
    -1.94464624e-01 -1.39187992e-01 -7.84789920e-02 -7.86216915e-01
    -1.58469856e-01 -1.62298143e-01 -6.17793083e-01 -1.22893333e-01
    -4.62650180e-01 -7.33032048e-01 -1.58608854e-01 -4.77452278e-02
    1.12799048e-01 -8.16781521e-02 -2.51685321e-01 -6.22384787e-01
    -4.15666878e-01 -2.72482097e-01 -1.42691135e-01 -2.97104359e-01
    -7.54398823e-01 1.28471315e-01 -4.72853959e-01 -1.05634034e-01
    -4.00016606e-01 -4.06538844e-02 -6.32608294e-01 9.32298899e-02
    -8.39030385e-01 -2.84477472e-02 -6.88695669e-01 -5.00143528e-01
    -4.87676531e-01 -2.97356546e-01 -2.08599865e-01 -7.73820400e-01
    -1.12295568e-01 -5.48601747e-02 -2.23721743e-01 -5.87797403e-01
    -5.48105240e-02 -5.23521483e-01 -7.84446597e-02 -2.31063485e-01
    -6.21196687e-01 1.82116687e-01 -4.26913798e-01 -4.69486237e-01
    -4.72791255e-01 -3.39092433e-01 -4.39145237e-01 -3.79245728e-01
    -2.15396941e-01 -2.30740309e-02 -2.75420845e-01 -2.58835196e-01
    -4.19784129e-01 -7.05534220e-02 1.36145175e-01 -6.49273038e-01
    -2.34361112e-01 -3.22614968e-01 -2.39924192e-01 -2.83586502e-01
    1.83554649e-01 1.01035058e-01 -6.11816883e-01 -3.25430006e-01
    -1.86086893e-02 -5.02344608e-01 1.75655961e-01 -6.99039936e-01
    1.25343442e-01 -2.02631533e-01 -3.41899633e-01 -2.82741666e-01
    -6.39698327e-01 -2.57875919e-02 -3.93471718e-02 -4.15413439e-01
    -5.70319533e-01 -2.97748208e-01 -6.15987778e-01 -4.46439892e-01
    -8.50616097e-02 1.25884652e-01 -7.19694734e-01 -4.34492856e-01
    1.56409979e-01 -4.98320460e-02 -3.01601410e-01 -6.07736111e-01
    -1.08596385e-01 -4.48064715e-01 -3.36328655e-01 -7.32164741e-01
    -3.09424341e-01 -1.31185830e-01 -7.04181015e-01 -1.64874256e-01
    -2.75776982e-01 -8.60865712e-01 -4.28193063e-01 8.03331137e-02
    -6.70356095e-01 -2.34881043e-01 -5.17053604e-02 -4.33471918e-01
    -6.87007546e-01 -5.94806671e-02 -1.00199580e-01 -6.41685605e-01
    -1.64808393e-01 -4.99853551e-01 -8.11643600e-02 -7.84898996e-02
    -1.76581919e-01 -6.37501359e-01 -5.20417809e-01 1.02321208e-01
    -6.06003523e-01 -2.40693837e-01 -3.47523630e-01 -6.41254246e-01
    2.30947733e-02 -4.10422117e-01 -4.65648144e-01 -6.39847159e-01
    -6.91266894e-01 -8.50701332e-02 -6.65799379e-01 -1.27755105e-01
    -5.44370353e-01 -7.24825621e-01 1.09405160e-01 -2.62947261e-01
    -6.14904821e-01 -6.92098618e-01 -4.02151734e-01 1.35947108e-01
    -4.16159034e-02 -7.69206822e-01 -4.89574134e-01 2.29504108e-02
    -2.47280121e-01 -5.90176702e-01 1.36810362e-01 9.83003378e-02
    -4.77819264e-01 9.60948467e-02 1.04796112e-01 -1.31267786e-01
    6.41727448e-02 -8.69671106e-02 -7.82518268e-01 -4.74388957e-01
    -6.63968921e-01 -7.02268064e-01 -6.33100390e-01 -5.66981435e-02
    -4.10624921e-01 -1.90266073e-01 -6.24298215e-01 -3.66033196e-01
    -6.90368176e-01 -9.87933278e-02 -2.68581152e-01 -3.68027687e-02
    -9.68961716e-02 -2.35946417e-01 -6.07738972e-01 -3.11068952e-01
    -1.09085143e-01 -1.33332670e-01 -8.42600346e-01 -5.23101807e-01
    -5.17792702e-02 -8.93104076e-03 1.46546364e-02 -7.03407109e-01
    -2.22302020e-01 -5.00112772e-03 -5.37037134e-01 -4.02923256e-01
    -4.23976272e-01 1.88560486e-02 -5.50109804e-01 -1.71500683e-01
    -3.51544678e-01 -1.46174729e-01 -1.23476386e-01 -4.66940701e-01
    -5.84025860e-01 -3.07292342e-02 -1.25799477e-01 -4.40799266e-01
    -4.13918138e-01 -1.05983257e-01 -2.54720688e-01 -7.40327239e-02
    -2.28958726e-01 -3.67535651e-01 -1.51265085e-01 9.25090909e-02
    4.19470668e-02 -2.44566798e-01 -7.26717830e-01 -7.53420115e-01
    -8.47519040e-02 -1.13759100e-01 -2.74111032e-02 -5.26932478e-01
    1.46571517e-01 1.99585021e-01 -3.80675197e-01 1.37747884e-01
    6.28477335e-03 -1.53494477e-02 -3.71086895e-01 -3.01246375e-01
    -6.66703820e-01 -2.93389678e-01 -9.83774662e-02 -2.01807618e-02
    -2.06522226e-01 -5.66005111e-01 -3.25416386e-01 5.91483712e-03
    3.92149091e-01 -4.99677986e-01 -3.77617240e-01 1.45961761e-01
    -2.17872202e-01 9.33044553e-02 -6.51276052e-01 -1.74475968e-01
    -1.52725458e-01 -5.11655748e-01 -4.57496613e-01 -2.99100190e-01
    -6.73712134e-01 -6.22831583e-02 -6.33311272e-03 2.44809985e-02
    -4.31553304e-01 1.20530963e-01 -1.91850543e-01 -2.50208199e-01
    -4.37408090e-02 -3.78127605e-01 -5.96867800e-01 -3.78646284e-01
    6.07028008e-02 -3.94793838e-01 -1.58964396e-02 -2.93249369e-01
    4.69478965e-02 -5.40962875e-01 -4.01335150e-01 -4.81479526e-01
    -4.44231570e-01 -8.28599870e-01 -7.30299234e-01 -1.45416260e-01
    -5.33177257e-01 -1.89074695e-01 -2.02277720e-01 -1.17833197e-01
    -1.31322265e-01 8.18814039e-02 -4.65142071e-01 -2.72134662e-01
    -3.17679256e-01 -5.74188054e-01 -1.43344402e-02 -3.08968067e-01
    -3.88336092e-01 -1.24624193e-01 -7.13426948e-01 -5.00257552e-01
    -3.61192703e-01 -5.36286235e-02 9.49543118e-02 -3.45462203e-01
    -2.74671853e-01 -6.71598911e-02 -6.77349448e-01 6.73778057e-02
    1.20394111e-01 -2.14589596e-01 9.33696032e-02 8.10361505e-02
    -3.68954182e-01 -3.66621792e-01 -1.42679214e-02 -4.52882648e-02
    -9.17553902e-02 2.74721384e-02 -3.81605715e-01 2.09048569e-01
    -5.31665683e-01 -3.03874016e-02 -3.10678452e-01 -4.87808168e-01
    -6.20966494e-01 4.13349867e-02 -4.70954895e-01 -1.15168095e-03
    -4.31157470e-01 -4.37665522e-01 -2.43808627e-01 -9.91913080e-02
    1.06764793e-01 -6.20054305e-01 -4.04927611e-01 -4.02667195e-01
    -5.94987810e-01 -9.00019407e-02 7.25860000e-02 1.31918788e-02
    -7.38364458e-02 -5.02220392e-02 -6.72211766e-01 -7.21785963e-01
    -6.39537752e-01 -3.23727578e-01 6.08849525e-03 2.58992910e-02
    -3.14685166e-01 -5.87143302e-01 -8.67369771e-02 -3.05124223e-01
    -7.65735030e-01 7.73540139e-02 -5.66148162e-02 -6.29502714e-01
    -6.98217273e-01 1.16889417e-01 1.12357259e-01 -2.27114677e-01
    -1.12458289e-01 -7.44564056e-01 -5.34109175e-01 -5.47973394e-01
    -3.64430308e-01 -2.79027283e-01 -2.77791619e-02 -5.96103847e-01
    -3.59422147e-01 -3.37707281e-01 -6.33989453e-01 -7.47848749e-01
    -2.70003676e-01 -6.52988076e-01 -1.08517826e-01 -2.46743321e-01
    -6.29579067e-01 6.87948465e-02 -4.98851240e-01 -2.37392604e-01
    1.64164305e-02 -3.45305532e-01 -5.03010869e-01 -7.33739614e-01
    -2.98800945e-01 -1.51421428e-02 -4.70138311e-01 -6.88121319e-02
    -4.07067478e-01 -9.43654180e-02 -5.50899982e-01 4.72694635e-03
    -3.21996301e-01 4.50631380e-02 4.86123562e-03 -6.56923532e-01
    -4.28395212e-01 -2.38942146e-01 1.69340134e-01 -1.45461798e-01
    -7.38570571e-01 -5.49942613e-01 -2.66119242e-02 -8.15943480e-01
    -1.91327095e-01 -2.09106565e-01 -7.35687017e-02 -2.37636626e-01
    1.06443048e-01 -3.61839712e-01 -1.15456343e-01 9.64698792e-02
    -5.68096995e-01 4.22600508e-02 -4.47538853e-01 -7.73302436e-01
    -1.37899697e-01 -1.31158173e-01 -6.83866858e-01 -2.26059139e-01
    -4.54674959e-02 6.67638779e-02 -4.96869326e-01 -7.56951332e-01
    -6.53937221e-01 -5.81289172e-01 -7.18295574e-03 -6.42677784e-01
    -2.59860754e-01 -2.97070503e-01 -4.90023375e-01 -1.09089434e-01
    -4.96466339e-01 -9.86285210e-02 1.84460282e-01 -2.43944526e-01
    -7.74417818e-01 -2.02226341e-01 -4.63340938e-01 -1.00056291e-01
    -2.53810585e-01 -1.67818129e-01 4.77513671e-02 -2.88032293e-01
    -2.05436349e-02 3.39924693e-02 4.19279337e-02 -5.98842621e-01
    -4.92776692e-01 -5.15873551e-01 -1.19459927e-01 -5.75980544e-01
    1.10001028e-01 -5.14221907e-01 2.13240385e-02 -6.37455702e-01
    -2.40731716e-01 -4.87463474e-01 1.18713558e-01 -1.18906498e-01
    -1.40084267e-01 -4.38442379e-01 -7.81100154e-01 -7.08821177e-01
    5.21552563e-03 6.73006177e-02 -3.67204815e-01 -4.16995287e-01
    -4.41865742e-01 -7.93731570e-01 7.95301199e-02 -7.84881532e-01
    -7.30135739e-01 2.59168148e-02 -1.77902758e-01 -1.64900422e-01
    1.44017935e-02 -3.10654521e-01 9.51137543e-02 -4.07807052e-01
    -4.02460039e-01 -6.57590091e-01 -2.66996741e-01 -5.08708000e-01
    -5.23465037e-01 4.63321209e-02 -6.35242164e-01 2.58282423e-02
    -6.24035239e-01 -7.74768531e-01 -5.64058423e-01 -3.52400541e-02
    -7.02138186e-01 2.01764464e-01 -2.84815490e-01 4.64075804e-03
    -4.37456012e-01 -2.49139071e-01 -1.02238238e-01 -5.85480332e-01
    -6.91689253e-02 -6.28013611e-02 -5.40781796e-01 -1.17768109e-01
    -2.38134235e-01 -1.03307277e-01 -2.43473530e-01 -6.32695556e-02
    -3.06905687e-01 2.20039487e-02 -2.07100987e-01 -4.56365615e-01
    -4.86912757e-01 -5.61395109e-01 -1.15336299e-01 -3.53119999e-01
    -5.02231300e-01 -4.71783280e-01 -4.31139350e-01 -7.16435552e-01
    8.16729665e-02 -4.54153389e-01 -3.58852863e-01 9.06581879e-02
    -2.85684556e-01 -7.10015178e-01 -6.47474647e-01 -4.85017568e-01
    -3.81151617e-01 -2.24721849e-01 8.30516219e-02 -4.69985425e-01
    -5.68299353e-01 -8.28903913e-01 4.85666394e-02 -7.33432531e-01
    -5.49123168e-01 -2.02057898e-01 -3.18291962e-01 -1.40556455e-01
    -6.15325272e-01 -8.43897104e-01 -6.64274216e-01 -3.17286432e-01
    -1.27394080e-01 -6.00038826e-01 -6.30014896e-01 -3.65424007e-01
    -4.05297637e-01 -4.11900729e-01 -3.71055096e-01 1.68119490e-01
    -7.30609894e-02 -6.38684630e-01 -7.09655643e-01 -2.50532776e-01
    -7.47190595e-01 -3.34900767e-01 -6.33760810e-01 1.31427705e-01
    -7.49291420e-01 -4.81451392e-01 -1.68334901e-01 -1.95204139e-01
    -4.46502686e-01 -8.46905470e-01 -6.88817680e-01 -5.21006227e-01
    -3.65393162e-02 -5.49003065e-01 -1.62097931e-01 -6.52989864e-01
    -6.87304258e-01 -5.21861315e-01 -1.41264856e-01 -5.61249077e-01
    -4.27995443e-01 -6.18320704e-02 -6.99586451e-01 -1.66114211e-01
    -2.64634311e-01 -3.34507227e-01 -4.10133243e-01 -5.78124464e-01
    -6.65411472e-01 -2.25229919e-01 -2.43047476e-01 -4.26095486e-01
    -4.83027548e-01 -3.10913384e-01 -5.81704557e-01 -4.82500166e-01
    -1.72985792e-01 -2.89769351e-01 -6.79748297e-01 -1.29442275e-01
    -6.29668713e-01 -2.65616179e-02 -2.75170326e-01 -3.21952462e-01
    -6.32416248e-01 -1.95176601e-01 1.00348771e-01 -3.18277776e-01
    -5.49757481e-03 -3.06810737e-01 -7.65147090e-01 -2.05795765e-01
    4.86545563e-02 -6.26781464e-01 -4.51904207e-01 -7.75710881e-01
    -4.02645856e-01 -2.59242594e-01 -3.84605527e-02 -1.54113531e-01
    1.95493698e-01 -6.27649784e-01 -5.89695096e-01 -5.26200414e-01
    1.87942863e-01 -1.93383992e-01 -4.83577192e-01 -9.39821005e-02
    -1.38474584e-01 -3.37145627e-01 -1.39692783e-01 -2.87979841e-02
    -3.08045983e-01 -2.58748055e-01 -4.97178853e-01 -2.24932551e-01
    -1.13350391e-01 2.35998034e-02 -3.90485018e-01 -7.06670880e-02
    -3.71707588e-01 -9.31049585e-02 -2.58387327e-01 -4.86196429e-01
    -3.90408307e-01 -1.61032081e-01 -4.19736981e-01 -1.43338680e-01
    3.63256931e-02 -2.62544930e-01 -8.40002000e-01 -1.44596100e-01
    -3.12356472e-01 -4.23006535e-01 -4.74247843e-01 -4.15073872e-01
    -3.77095550e-01 -3.25475037e-01 -4.54256803e-01 -5.72036862e-01
    -1.93784833e-02 1.48127675e-02 -3.89955252e-01 9.70331430e-02
    1.87041163e-02 -2.52357244e-01 -1.01584315e-01 -3.03111553e-01
    -7.83390164e-01 -4.26930040e-01 -4.33849692e-01 -2.77072310e-01
    -8.24233294e-02 1.08290911e-02 1.47908926e-03 -5.50621033e-01
    -6.14709616e-01 -2.01310873e-01 -5.17718852e-01 9.99217033e-02
    -6.65523767e-01 -4.70950931e-01 -4.06464934e-02 2.12517262e-01
    -9.18660760e-02 -6.46958590e-01 -4.76086050e-01 -4.60197091e-01
    -7.56400526e-01 1.21033609e-01 -2.65484452e-01 -3.46035093e-01
    1.91050768e-03 5.97023964e-03 -3.08818817e-01 -8.45319033e-03
    -7.07030892e-01 -1.18947625e-02 -2.90117115e-01 1.92163885e-01
    -4.30707663e-01 -2.02027380e-01 -6.13218307e-01 -3.93637776e-01
    -5.91259480e-01 -5.55176318e-01 -3.69061738e-01 -5.49966216e-01
    -2.06649065e-01 -7.88523793e-01 -1.23981416e-01 -7.89248049e-01
    -6.54737949e-02 -4.76624668e-01 -4.74782705e-01 -4.82728541e-01
    -6.48666620e-01 -4.20446396e-02 -7.60346055e-01 -4.04679775e-03
    -3.92284691e-01 -5.36277711e-01 -1.10705793e-01 9.83611345e-02
    -4.00795937e-02 -4.14341539e-01 -3.63490969e-01 -2.50234962e-01
    -3.07704210e-02 -6.99464083e-01 -4.72527355e-01 -3.01442087e-01
    -6.14897132e-01 -6.24274135e-01 -5.05401850e-01 -8.89274597e-01
    -5.82799315e-01 -6.88812852e-01 -2.91251421e-01 -2.25977540e-01
    -7.37822473e-01 -3.25328469e-01 -7.13518023e-01 1.34010315e-02
    -3.85051370e-01 -1.35819316e-01 -4.59988028e-01 1.15737498e-01
    1.29255950e-01 -6.52826667e-01 3.26809883e-02 -2.64119804e-01
    -6.46168828e-01 -5.97441196e-02 -2.67089009e-02 -1.92967415e-01
    -7.29925632e-01 2.27782130e-02 -2.27229595e-02 -6.50197148e-01
    -6.27414465e-01 -4.66725230e-02 1.94552779e-01 6.35899305e-02
    2.25619435e-01 -2.70605505e-01 -1.41988873e-01 -7.21065998e-01
    -6.43023729e-01 -5.30026913e-01 8.81275535e-02 1.01653337e-02
    -1.86763048e-01 -2.05162287e-01 -7.41588831e-01 -9.33592319e-02
    -3.72163951e-01 -1.34158313e-01 9.33294296e-02 -7.28106022e-01
    -4.60627496e-01 -5.58212221e-01 -4.43926811e-01 -5.53466678e-01
    -3.03967714e-01 -8.36890936e-02 -2.72997171e-01 -6.85609579e-02
    -1.65281296e-02 -1.29135549e-01 -6.75917625e-01 -3.47480178e-02
    -2.21072376e-01 -8.00207973e-01 -8.71533036e-01 -2.19097137e-02
    7.40348101e-02 -2.31067419e-01 -2.20326662e-01 -3.24342787e-01
    -1.35588646e-03 -2.76642263e-01 -3.90928984e-02 -4.37220633e-01
    -5.27524471e-01 -2.84982741e-01 4.18851376e-02 -3.58551741e-03
    5.00378013e-02 -2.83794463e-01 -3.75620395e-01 1.76020861e-01
    -5.81918478e-01 2.04440951e-02 -4.94321764e-01 -5.01671255e-01
    1.29986286e-01 -4.03987795e-01 -3.31056118e-01 -3.24975967e-01
    -2.74761617e-01 -2.57663131e-01 6.53692484e-02 -5.05635142e-02
    -2.27726996e-01 -3.73182118e-01 -8.32374990e-01 -1.89015388e-01
    -8.00043404e-01 -6.57863021e-02 -6.30511284e-01 -4.86296564e-01
    3.91057730e-02 8.86549950e-02 -3.84120792e-01 -6.03133678e-01
    -6.71237826e-01 1.46741390e-01 -3.78937244e-01 -6.17805064e-01
    -8.20930004e-02 -3.16038847e-01 -4.11066920e-01 1.04529202e-01
    2.32332349e-02 -1.57017589e-01 -2.28600323e-01 -3.84744853e-01
    -4.50958133e-01 -2.61753261e-01 -4.58404541e-01 1.24279082e-01
    -5.95815301e-01 -2.19845653e-01 -2.50478804e-01 1.49018049e-01
    5.64531684e-02 -7.67352939e-01 -6.30075634e-01 -3.08085024e-01
    -4.88437444e-01 -4.96705592e-01 -8.33905220e-01 -3.92371267e-01
    -9.59521532e-03 -1.41110539e-01 5.83384633e-02 -2.98541725e-01
    1.40354633e-02 -1.08653903e-02 -3.49316865e-01 1.90710127e-01
    -5.53927779e-01 -4.51667428e-01 -2.99875766e-01 -4.46547836e-01
    1.51211977e-01 -9.34619904e-02 -5.68787098e-01 -6.51772618e-01
    -4.45945978e-01 -6.40977383e-01 -4.28132206e-01 -7.21883118e-01
    1.26702547e-01 -2.70736516e-01 9.49940085e-02 -2.08403230e-01
    -3.47754002e-01 -5.58793545e-03 -9.66724157e-02 -3.96525323e-01
    -2.77830362e-02 -6.11638665e-01 -6.09800339e-01 -4.04495925e-01
    1.68205917e-01 -3.33332360e-01 2.04367876e-01 2.81840563e-02
    -2.85956949e-01 -2.10976839e-01 -3.24106872e-01 -4.83031273e-01
    -1.35660529e-01 -8.94721746e-02 -4.47800756e-02 8.25961232e-02
    -8.15426767e-01 -5.65033197e-01 -7.61442780e-02 5.65048456e-02
    -2.07812011e-01 1.22368634e-01 -6.08376920e-01 -1.18748784e-01
    -4.49844837e-01 3.27062607e-02 -4.82564002e-01 -7.47439265e-02
    -4.63148713e-01 -3.82077873e-01 -7.62097538e-01 -4.26062793e-01
    -7.85594702e-01 -7.93194413e-01 -5.56658506e-02 -4.11769837e-01
    -4.92373854e-01 -1.26521468e-01 -4.78881538e-01 -1.83101237e-01
    -4.67623830e-01 8.00439715e-02 -6.96618259e-01 -7.59170651e-01
    3.54650021e-02 -3.84839594e-01 -2.04477489e-01 -6.77769184e-01
    -1.23711109e-01 -2.96558917e-01 -2.39937305e-01 -3.11331123e-01
    1.41208827e-01 5.79669476e-02 -6.48724079e-01 -1.94393814e-01
    -3.55379850e-01 -1.37134075e-01 -3.60275686e-01 -4.09280300e-01
    -2.10978448e-01 -2.17262924e-01 -4.82510358e-01 -6.49465919e-02
    -6.28306806e-01 -1.94780767e-01 -9.11014080e-02 -5.12660742e-01
    -6.96387649e-01 -6.71074450e-01 -1.65800333e-01 6.71674609e-02
    -5.76171875e-01 -1.44060850e-01 1.50739193e-01 7.24331141e-02
    -1.71527267e-01 -1.62804544e-01 -4.41093355e-01 -5.66805601e-01
    -7.52708316e-01 -1.09682202e-01 -6.67773902e-01 -6.98630750e-01
    -1.09066963e-02 2.46908069e-02 -7.99788356e-01 -4.63777781e-02
    5.95365763e-02 -8.28122973e-01 1.39265895e-01 -3.12294006e-01
    -1.17440104e-01 -3.47958207e-02 -4.95461047e-01 3.75505686e-02
    -9.30656791e-02 -2.62722313e-01 -1.98324084e-01 -5.27516842e-01
    -5.27501583e-01 -1.34955466e-01 -3.01539660e-01 -6.54667377e-01
    -3.18784505e-01 -6.05089188e-01 -2.58760542e-01 2.10332632e-01
    1.24392688e-01 -4.78185654e-01 7.43657351e-03 -1.00223422e-01
    -4.54233766e-01 -7.36007988e-01 -1.72504008e-01 -7.74250031e-02
    -3.37725550e-01 -5.07760882e-01 -3.63011390e-01 -2.98501968e-01
    -5.55743098e-01 -9.11259651e-02 -1.68928266e-01 -1.86492503e-01
    -2.30899394e-01 1.56102538e-01 -6.01464689e-01 2.22330213e-01
    3.92719209e-02 -2.24242210e-02 -4.31038529e-01 2.55016088e-02
    -5.22627592e-01 -2.94585824e-01 -3.11213493e-01 -7.39807129e-01
    6.35732412e-02 -3.87067735e-01 -2.52246857e-03 -5.50997257e-03
    7.37153292e-02 -7.65254915e-01 1.57789946e-01 -2.28930950e-01
    1.41828239e-01 -3.75707984e-01 -3.42508078e-01 -3.23978215e-01
    -1.23298287e-01 1.22896314e-01 -1.21574998e-02 -7.33982205e-01
    -3.49358827e-01 -3.46755713e-01 -4.19390440e-01 -6.94847226e-01
    8.94651413e-02 -7.73360729e-02 -1.06034517e-01 -8.84905457e-02
    2.43336558e-02 -1.50907278e-01 -2.37429857e-01 -8.09384286e-01
    -1.19394362e-01 -6.62025809e-02 -1.31381094e-01 -4.83300686e-01
    -4.09672767e-01 -7.81094909e-01 -6.31566882e-01 -2.59600222e-01
    -5.94120502e-01 5.02093434e-02 5.27459383e-03 -2.54397213e-01
    -6.81877494e-01 -6.95013285e-01 1.60591602e-02 -3.65249991e-01
    -1.56851232e-01 -1.37524545e-01 -7.55257785e-01 -2.12157369e-01
    -3.27492416e-01 -2.53073573e-01 -8.73329043e-02 -6.70012414e-01
    -1.16290390e-01 -5.51531613e-01 -1.85710788e-02 -5.37828803e-02
    -2.75789201e-01 -5.71691394e-01 -1.64542198e-01 -5.98763764e-01
    -5.71496665e-01 -6.15624666e-01 -7.97995925e-02 -1.98196888e-01
    -6.86429918e-01 -1.57966197e-01 -4.73319173e-01 -1.87037766e-01
    -5.66517234e-01 -1.74673617e-01 -6.06938362e-01 -4.96187568e-01
    -4.13005114e-01 -7.48067975e-01 -5.23830235e-01 -7.27390647e-02
    -6.34816289e-02 -7.21089244e-02 -6.21599913e-01 3.83669734e-02
    -6.66329265e-01 -6.60316586e-01 -4.68192816e-01 -2.14194715e-01
    2.41053104e-02 -7.00335503e-02 -4.21578526e-01 -4.46601868e-01
    1.86149478e-02 1.11598313e-01 -4.56714928e-01 -4.33724165e-01
    -5.05463958e-01 -1.89829767e-01 -6.56822085e-01 -3.29958618e-01
    -3.10398579e-01 -7.80545592e-01 1.43158972e-01 -4.19819862e-01
    1.26382709e-01 -7.07733154e-01 -6.94748878e-01 3.89623642e-02
    -4.32297409e-01 -3.71668130e-01 -5.43504119e-01 -5.30429006e-01
    2.59343982e-01 1.93250775e-02 -5.69893479e-01 1.75247133e-01
    -5.32491505e-01 8.16228986e-02 -4.44595695e-01 2.33041644e-02
    -6.89286113e-01 -3.43956232e-01 3.45702767e-02 -5.19261599e-01
    -3.47995102e-01 -6.19235039e-01 -6.34629726e-01 -6.53843641e-01
    -7.24044442e-02 -4.80338037e-01 -5.34851551e-01 -5.95632672e-01
    -6.86967373e-01 -6.69752955e-02 -6.34995818e-01 -5.02554774e-01
    -1.93307400e-01 -8.34291756e-01 -4.42806661e-01 -2.42824733e-01
    1.22902274e-01 -6.52525127e-01 -2.80658573e-01 -4.09478486e-01
    -7.38316238e-01 -2.90614426e-01 -5.08019924e-02 -6.98441446e-01
    -8.36437941e-01 -7.69977450e-01 -3.03944707e-01 -5.23325801e-02
    -1.86026096e-03 -7.30586052e-01 -1.56240225e-01 6.15423918e-02
    -1.06000543e-01 7.30436444e-02 -4.13497448e-01 -1.25575185e-01
    -3.48372519e-01 -1.84671700e-01 -2.63691187e-01 -6.59102559e-01
    9.70809460e-02 -5.17198443e-02 1.40852988e-01 -3.44342232e-01
    4.65938449e-02 -4.89745140e-01 -6.81294203e-01 2.35218704e-01
    -6.06129408e-01 -1.09319568e-01 1.81400597e-01 -6.80316567e-01
    -5.66696525e-01 -4.48026061e-02 -3.29683900e-01 -4.45772648e-01
    -2.28961945e-01 -5.22144198e-01 -5.59374928e-01 -6.85544610e-01
    -1.08911812e-01 -5.51319122e-01 -7.01554298e-01 1.90433860e-02
    -2.61176407e-01 -1.38656676e-01 2.20417202e-01 -5.85377216e-02
    -6.29734635e-01 -4.53114688e-01 7.01465607e-02 -1.24701321e-01
    -5.97683668e-01 -6.00867271e-02 -6.16883039e-01 -6.59836709e-01
    6.85707331e-02 2.62796879e-03 -6.10244691e-01 1.93052351e-01
    -7.39700198e-02 -2.41716146e-01 -3.84816408e-01 -6.47569358e-01
    -2.73334086e-01 -1.11249149e-01 -1.22612178e-01 -7.58425236e-01
    -6.68763399e-01 -3.00243199e-01 -8.07638526e-01 1.68239594e-01
    -7.67425120e-01 -3.85777891e-01 6.77313209e-02 -3.50291193e-01
    1.60093904e-02 -2.62956917e-01 -3.21798384e-01 -3.52543771e-01
    -8.15303862e-01 -5.84487557e-01 -3.57092142e-01 -1.29858851e-01
    -1.37181222e-01 -5.76337695e-01 -1.57220900e-01 -1.43783033e-01
    -7.72236228e-01 -4.23615217e-01 -1.88839495e-01 -5.69193423e-01
    -4.15726304e-02 1.45895422e-01 -5.67276239e-01 -3.84311616e-01
    -3.57239276e-01 2.48744607e-01 -7.32067227e-01 3.71139646e-02
    -6.16346240e-01 -1.37456536e-01 -3.54022563e-01 5.39332032e-02
    1.14107311e-01 -1.66911006e-01 1.45232797e-01 -4.89151359e-01
    -5.92860878e-02 3.69653106e-02 9.08108950e-02 -6.17396533e-01
    3.36205363e-02 -6.40896618e-01 -2.18105316e-01 4.58242893e-02
    -6.20667338e-01 2.12464333e-02 -4.27421480e-01 -7.70972431e-01
    -2.65476227e-01 -2.33776748e-01 -5.85094213e-01 -5.42693615e-01
    -5.95563769e-01 -5.58240652e-01 9.51969028e-02 1.43003583e-01
    -5.44717312e-01 -2.49908745e-01 6.05646372e-02 -7.24804342e-01
    -7.53340244e-01 -4.82202172e-02 -1.57803893e-01 -7.47611880e-01
    -1.54720783e-01 -8.94488990e-01 -2.59418190e-01 -1.22323453e-01
    -5.43977022e-02 -1.81528091e-01 -4.03395832e-01 -6.24083996e-01
    4.79638577e-04 -2.45867372e-02 -1.90651357e-01 -2.32814848e-01
    -3.35249245e-01 -4.52163637e-01 -3.05919796e-01 -2.75317669e-01
    -2.82438278e-01 -5.09859085e-01 -2.49385178e-01 -4.11508828e-01
    9.39124227e-02 -6.21298254e-01 -4.81639087e-01 -1.66219652e-01
    6.33889437e-03 -1.16093755e-01 -7.63493776e-03 -6.70482695e-01
    -4.14314270e-02 -7.00102448e-01 -2.36021757e-01 -3.97586524e-01
    -3.24874163e-01 4.61066961e-02 -3.51214111e-01 -2.69410610e-02
    -7.12320209e-02 -7.12274313e-01 -7.50146747e-01 -3.24425101e-02
    -6.83733463e-01 -1.62983239e-01 2.15095520e-01 -2.99126863e-01
    -3.63208473e-01 -4.75968003e-01 -4.82208073e-01 -1.61514521e-01
    8.44932795e-02 1.13440990e-01 -2.81525254e-02 1.64774418e-01
    -2.25888729e-01 -7.03440547e-01 8.40246677e-03 -4.36522841e-01
    -4.57382441e-01 -5.65728128e-01 -4.71210450e-01 8.49285722e-02
    -3.47129673e-01 -3.47681046e-02 -3.75310332e-01 -7.40907907e-01
    -1.48301780e-01 -7.72539496e-01 -7.25458264e-02 2.80724168e-02
    4.76276278e-02 -2.08758533e-01 1.27514362e-01 -3.60538751e-01
    -3.23591828e-01 -4.54186082e-01 -2.55078733e-01 -6.60171092e-01
    -2.51253843e-02 3.53294015e-02 3.36892605e-02 -7.89845228e-01
    -5.55679202e-01 -3.21984440e-01 9.04304385e-02 -5.94527960e-01
    -3.24468434e-01 -2.73436517e-01 -5.87369800e-01 -5.73681355e-01
    -2.17715740e-01 -1.49382353e-02 -4.11897808e-01 -7.08761811e-02
    -2.45235741e-01 -1.34947777e-01 -7.50753582e-01 -5.81026793e-01
    -9.35002565e-02 8.57721567e-02 1.30321264e-01 -8.75341892e-02
    -2.15741575e-01 1.25682592e-01 -1.41927719e-01 -2.08487034e-01
    -3.73372257e-01 -2.46457160e-01 -2.59581149e-01 -3.02757084e-01
    -1.25421941e-01 -2.44726717e-01 -3.55214864e-01 -3.72923434e-01
    -3.78254920e-01 -1.13834858e-01 -1.50406659e-01 -8.65761638e-02
    6.10587001e-02 -2.78158039e-01 -3.43367994e-01 -3.90667439e-01
    2.09267735e-02 1.70235455e-01 -9.59877372e-02 -4.64399129e-01
    -2.55073309e-02 -8.90624523e-03 -3.27468634e-01 -1.96132302e-01
    -7.93817759e-01 -7.78396130e-02 1.45456254e-01 -6.20687008e-01
    8.65218639e-02 -2.59920180e-01 -6.41544461e-02 -5.92248082e-01
    -2.37028062e-01 -6.24648273e-01 -3.99653852e-01 -4.12054062e-02
    -4.54365373e-01 -7.37240672e-01 -4.67475951e-01 1.34374201e-01
    -4.80601728e-01 -2.40279913e-01 -5.73945522e-01 -7.64942169e-03
    -2.99255311e-01 -1.24185443e-01 -5.86463928e-01 3.13176453e-01
    -6.30084038e-01 -6.47637486e-01 1.62663460e-02 -2.95866489e-01
    -4.24385786e-01 -7.60388076e-01 -3.09608340e-01 -2.58794010e-01
    3.74903083e-02 -2.58990645e-01 -6.01530552e-01 1.65586710e-01
    -7.10631847e-01 -5.93103409e-01 -9.69118476e-02 -4.79533494e-01
    1.43257797e-01 1.62024677e-01 -2.85970509e-01 -1.42765701e-01
    -2.50708342e-01 -2.21457243e-01 -5.89606404e-01 4.38255668e-02
    -8.05357456e-01 -2.30121851e-01 -6.43707991e-01 1.26322269e-01
    -6.45637155e-01 -2.84769356e-01 -4.93243337e-02 1.95599794e-02
    -3.24863851e-01 -4.54843044e-04 -5.84947526e-01 -2.62689829e-01
    -5.50153494e-01 -2.02170908e-01 -3.23518395e-01 -5.50064981e-01
    -5.49563766e-02 -8.02211463e-01 -4.82776135e-01 -6.87996089e-01
    -4.86407191e-01 -1.42819166e-01 7.00628161e-02 -4.20344651e-01
    3.28318477e-02 4.67850566e-02 1.02421880e-01 3.84724736e-02
    -2.45002270e-01 3.78071070e-02 -6.51686788e-01 -3.20615560e-01
    -6.31411076e-02 -1.90887392e-01 -3.12094182e-01 -5.17258644e-01
    -9.42692161e-02 -2.44566023e-01 -6.62932396e-01 -6.36435747e-02
    -6.34776890e-01 -6.75435662e-01 -5.73840141e-01 -5.22679090e-01
    -1.10704303e-02 -1.17943347e-01 -7.10799873e-01 -5.47696412e-01
    -3.43514502e-01 -1.94715798e-01 -7.86113739e-03 2.96310306e-01
    4.10511434e-01 -6.47641540e-01 -2.29728639e-01 -3.96025836e-01
    -2.29867697e-02 -4.75577056e-01 -4.13977563e-01 -5.98627090e-01
    -1.60361826e-01 -8.34841251e-01 4.55610156e-02 -3.95994395e-01
    -3.64452541e-01 -6.48411572e-01 -9.84935760e-02 -5.02810478e-01
    -4.68628764e-01 9.04482603e-03 -5.34065604e-01 -3.46515477e-01
    -4.06822562e-02 -7.52765059e-01 -4.18759674e-01 -2.73873031e-01
    1.69620752e-01 -3.38733703e-01 -7.91764617e-01 -5.95038593e-01
    6.71576858e-02 1.59776211e-03 -1.19054437e-01 -8.00050795e-01
    -2.12332070e-01 -8.39868605e-01 -1.32461190e-01 -7.29883552e-01
    -4.45965499e-01 -7.88798928e-01 -3.23048592e-01 -2.61212587e-02
    -1.48339570e-01 -1.38948739e-01 -5.60354710e-01 2.39937901e-02
    -2.13371456e-01 -6.98426008e-01 1.57585800e-01 2.03163028e-01
    -7.13521957e-01 -4.87223178e-01 1.97501957e-01 9.33549404e-02
    3.96001339e-02 -3.72098446e-01 -1.78408504e-01 -2.37424493e-01
    -5.10581791e-01 -5.01553059e-01 -7.14768946e-01 -2.71595061e-01
    -1.57480001e-01 -6.04749918e-01 -6.96122289e-01 -4.96813059e-02
    6.41291738e-02 -3.46289456e-01 -7.06016719e-01 -1.30326927e-01
    -2.59625316e-02 -5.61524570e-01 -2.77629077e-01 -5.90230703e-01
    -3.76299620e-02 -2.05286145e-02 -5.27655125e-01 -3.54482293e-01
    2.78109312e-03 -6.27259552e-01 -7.23439693e-01 -1.61759257e-02
    -3.36489797e-01 -6.90913320e-01 1.88486576e-02 -6.59385324e-02
    -3.17743450e-01 7.82616735e-02 -1.18236303e-01 1.70899630e-02
    -3.46353024e-01 1.58635080e-01 -1.25379443e-01 -3.73179674e-01
    -7.58639097e-01 -5.61558008e-02 -8.38663578e-02 -7.35492110e-02
    -1.97692215e-01 -5.76297641e-01 -7.94789851e-01 -4.63220477e-02
    -5.24890661e-01 -2.23933339e-01 -3.10584754e-01 -6.45633817e-01
    -2.79904902e-01 1.60084665e-01 -3.80208939e-01 1.57165766e-01
    -7.34177589e-01 4.00152206e-02 -2.94374287e-01 2.95957923e-02
    -6.63327813e-01 -4.15716290e-01 2.97899842e-02 -4.27657694e-01
    7.70756602e-02 -2.95105577e-02 -6.75266981e-01 -4.28180426e-01
    -7.73440242e-01 -3.88264656e-03 -8.02093387e-01 -6.06684566e-01
    -7.66792536e-01 -4.12097394e-01 -8.13608050e-01 -1.45917833e-01
    -7.12612092e-01 -4.23724055e-01 -1.57284737e-02 1.33715689e-01
    -5.11639118e-01 -5.19947052e-01 -2.58203745e-02 -5.01899838e-01
    -5.37672400e-01 -5.49389362e-01 -4.02208030e-01 -7.84207582e-02
    -8.99656415e-02 1.69892311e-02 -5.06977022e-01 8.98544788e-02
    -5.61095119e-01 -5.78598022e-01 -7.48504400e-02 -1.95577979e-01
    -5.13301611e-01 -2.69663334e-01 -4.83247340e-01 1.54606462e-01
    8.73048306e-02 -1.42848849e-01 -5.60013950e-01 -6.43074214e-01
    -8.36426020e-02 -1.06605887e-01 -3.72314095e-01 -7.07565725e-01
    9.69338417e-03 -6.70290411e-01 -7.13440120e-01 -7.18382895e-01
    -7.30199814e-02 1.54476941e-01 2.04514384e-01 2.11065888e-01
    -5.39871752e-01 -2.43058145e-01 -6.80480123e-01 2.04653263e-01
    -1.23736620e-01 -5.84310234e-01 -2.48779058e-02 1.74045861e-01
    -6.41470909e-01 -3.85226756e-01 -6.18000627e-01 -1.72733009e-01
    -2.80817389e-01 -2.61717856e-01 -2.70892978e-01 -2.61733174e-01
    1.66346431e-02 1.02601111e-01 1.54508650e-01 -2.62290716e-01
    -6.60847366e-01 2.89577603e-01 -1.64576828e-01 -4.12295341e-01
    1.30142212e-01 -6.63451076e-01 -6.33378863e-01 -7.05188215e-01
    -4.23286855e-01 -4.51607585e-01 -6.93284392e-01 -4.68005687e-01
    -5.62806606e-01 -2.25203454e-01 -3.51175070e-02 -2.04289556e-01
    9.39935446e-03 -5.88610411e-01 -2.37102628e-01 -6.13871932e-01
    5.22645712e-02 -5.15683413e-01 -5.50056159e-01 6.75406456e-02
    -7.08697796e-01 -3.67786288e-02 -6.69052720e-01 -1.74987316e-01
    -1.37086272e-01 -2.88695693e-02 -1.45858467e-01 -4.88213897e-01
    -3.41182113e-01 -5.97399592e-01 -3.69670391e-02 -3.30002367e-01
    6.20202422e-02 -7.05639482e-01 1.40487552e-01 -3.53788316e-01
    1.60352945e-01 -7.29220629e-01 -2.30441809e-01 -4.62752223e-01
    -4.68656480e-01 -6.16463542e-01 -5.78603745e-02 -1.71763480e-01
    -3.21112573e-01 -6.49667740e-01 -3.45816344e-01 -4.16881084e-01
    -1.80244505e-01 1.64574981e-01 -6.27168298e-01 -1.39477134e-01
    -2.59592444e-01 -2.10139692e-01 -2.29960829e-01 -5.74406147e-01
    -6.68924570e-01 8.16980004e-02 -4.00218457e-01 -4.78814244e-02
    -8.51989388e-02 -5.84368587e-01 -8.24342370e-02 -4.24094915e-01
    2.34406054e-01 -6.36640489e-01 -1.20359719e-01 -5.50165594e-01
    -1.48550749e-01 -7.50713706e-01 -6.65434718e-01 -6.65249527e-01
    -2.54204810e-01 -5.91751456e-01 4.44492698e-02 -1.17050767e-01
    -2.08849132e-01 -3.09005976e-02 -4.66596901e-01 1.72525704e-01
    -3.17222834e-01 -8.61484408e-02 -1.10885501e-02 -1.68833733e-02
    -4.11140919e-03 -3.56912613e-01 -6.49854660e-01 -3.49924326e-01
    -3.43485087e-01 -7.03216314e-01 1.39343202e-01 -4.27720219e-01
    -2.33085155e-02 -9.06548142e-01 -3.06695998e-01 -2.32817471e-01
    -1.29278600e-01 -4.12968129e-01 -3.93172204e-01 3.40127945e-02
    -5.56024790e-01 -1.15681648e-01 -2.33434796e-01 -3.64518106e-01
    -3.10857236e-01 -6.87432289e-02 -6.04699314e-01 -6.71169877e-01
    -6.97936535e-01 -5.31734169e-01 -2.02654600e-02 -3.18719327e-01
    -4.00528967e-01 -6.97295785e-01 -1.38195217e-01 -7.91726112e-01
    -7.08860517e-01 -3.17359328e-01 -7.88688660e-04 -6.45663977e-01
    -6.06540084e-01 6.93733096e-02 -1.69299245e-02 -6.46462440e-02
    -4.36456263e-01 -2.26980448e-03 -3.53581727e-01 -7.04606891e-01
    -1.61200643e-01 -6.24200821e-01 -6.79512620e-02 -4.81466949e-01
    7.07396269e-02 -1.91703618e-01 -1.26432180e-01 1.12845600e-01
    1.20353639e-01 -5.09993672e-01 -4.22215194e-01 1.36454940e-01
    -8.10384154e-01 -7.60978222e-01 1.38935924e-01 -3.06454182e-01
    -3.62960756e-01 -3.10302019e-01 -1.82571948e-01 4.22847271e-02
    1.81448460e-02 -7.34081745e-01 -6.05371356e-01 6.52542710e-02
    -4.47196484e-01 -5.24291933e-01 -1.60296798e-01 -7.77971685e-01
    -7.28780270e-01 -8.14563632e-02 -4.43385839e-01 -6.68666244e-01
    -2.85426021e-01 -7.59810090e-01 -6.89568162e-01 -4.86550331e-02
    -4.44804698e-01 -9.44815278e-02 -6.45062625e-01 1.49552584e-01
    -6.06384516e-01 -3.74728322e-01 -5.54272234e-01 -2.23325431e-01
    -1.09452248e-01 -7.40874469e-01 -6.36668086e-01 -9.90145206e-02
    -4.71748829e-01 -6.10743999e-01 -1.56301558e-01 7.98928738e-03
    -5.91348827e-01 1.44000649e-01 -2.18943715e-01 -6.74068928e-01
    -5.60155153e-01 -2.74177551e-01 3.77789140e-02 2.01483488e-01
    -2.09573269e-01 -7.07871020e-01 4.42215800e-02 -3.33704710e-01
    -5.29466629e-01 -6.22390628e-01 -4.97204036e-01 -6.68260336e-01
    -6.57710671e-01 -1.16183400e-01 -3.22654009e-01 -3.24210763e-01
    1.44519210e-02 -6.16178393e-01 1.58860981e-01 -2.85944700e-01
    -4.36588973e-01 -6.09611988e-01 -1.90380692e-01 -3.13982934e-01
    -9.36289430e-02 -5.85630059e-01 -1.62354290e-01 -3.61912251e-01
    -6.92882001e-01 3.79797220e-02 -3.46265137e-01 -1.87380075e-01
    -7.68851280e-01 -2.64244437e-01 -3.55183482e-02 -7.57377326e-01
    -2.09095061e-01 -6.26907468e-01 -3.90909463e-01 -4.79400069e-01
    -5.37761450e-01 -4.63152677e-01 -3.92453134e-01 -2.67490923e-01
    -5.27350783e-01 -2.23153412e-01 -7.47674346e-01 -5.70585012e-01
    -5.04109204e-01 -2.95048475e-01 6.87178969e-02 -6.83620155e-01
    1.53367221e-01 -4.39107358e-01 1.17109776e-01 -1.68998599e-01
    2.28424013e-01 -5.60629964e-01 -5.00376582e-01 -4.26982760e-01
    -3.77295017e-01 -1.55210495e-04 -6.20598197e-02 -4.34213221e-01
    -6.41081929e-02 -4.55215871e-01 -6.49811149e-01 -6.09012485e-01
    -6.94729447e-01 -1.53428674e-01 -2.08008915e-01 -3.80506843e-01
    -4.23387021e-01 -8.61691236e-02 1.99660957e-01 -4.11049068e-01
    -2.93983281e-01 1.54886544e-01 -4.47497845e-01 1.69478655e-01
    -3.22769910e-01 -3.03010046e-01 -5.50025463e-01 -6.75004244e-01
    -7.22986460e-03 -3.42660815e-01 6.89139366e-02 -7.20784545e-01
    -7.25715101e-01 -4.58510041e-01 -1.88398004e-01 -3.32472980e-01
    -1.83042467e-01 -7.30768919e-01 5.24095297e-02 -2.57202506e-01
    -2.62810707e-01 -5.75332582e-01 -2.03326166e-01 -1.42120481e-01
    -2.72276521e-01 -4.95682836e-01 -9.28670764e-02 -3.80704224e-01
    -4.87880290e-01 3.70998979e-02 -1.69922054e-01 -4.95833218e-01
    -3.39876860e-01 -3.21767449e-01 -6.53886497e-01 6.21929169e-02
    -8.17122459e-02 2.55081892e-01 -4.64717507e-01 -6.53333664e-01
    -5.46905398e-02 -4.32616681e-01 -4.96003866e-01 -6.55714512e-01
    -4.37373519e-02 4.94771600e-02 -2.51893461e-01 5.66928983e-02
    -6.23944998e-01 1.59650862e-01 -2.10536122e-02 -5.71227074e-01
    -5.17996550e-02 -7.34865606e-01 -6.14069641e-01 -5.68051934e-01
    7.44994283e-02 -1.10359907e-01 -5.28486371e-02 2.55547702e-01
    1.32391512e-01 1.68878317e-01 -1.60701394e-01 8.41532946e-02
    -1.25184059e-01 -5.24255037e-02 1.80318952e-02 -1.99273825e-01
    -7.84315526e-01 -6.79957628e-01 -1.41833782e-01 -2.02800095e-01
    -3.98516089e-01 -7.29107261e-01 9.97589231e-02 -2.93376863e-01
    -1.24469340e-01 -5.28645873e-01 -6.83919311e-01 -6.99223280e-01
    -3.00721884e-01 3.91100645e-02 6.39565587e-02 -1.07099473e-01
    -6.71035171e-01 6.68658018e-02 9.64384079e-02 -1.21109068e-01
    -3.06779027e-01 -7.39822388e-02 -2.74764240e-01 -6.93103433e-01
    -2.47686744e-01 -3.13367724e-01 -3.82912546e-01 -2.89559066e-01
    1.04985118e-01 -7.68988252e-01 -2.50140011e-01 7.20914602e-02
    -2.00513363e-01 -3.18923593e-01 -5.63126326e-01 -1.11561894e-01
    1.78129673e-01 -5.37494719e-01 -2.90311813e-01 -4.32327569e-01
    -5.53804398e-01 -5.38736701e-01 4.68282700e-02 -4.34573412e-01
    -5.31706274e-01 -4.85135406e-01 -7.57795572e-01 -4.26740825e-01
    -3.70511472e-01 -3.03807616e-01 -7.09791362e-01 -1.09744072e-01
    1.89304352e-02 -3.89231682e-01 -1.96985781e-01 -1.87780499e-01
    -1.26940072e-01 -3.86536717e-02 4.99316454e-02 -3.73359561e-01
    -3.45025718e-01 -7.25976825e-02 -6.52545869e-01 -5.77325225e-01
    -7.83214808e-01 -3.51753265e-01 -2.89331079e-01 -6.61114454e-01
    4.01529670e-02 -1.64790750e-02 -4.23965693e-01 -5.34368873e-01
    -7.12862611e-01 -4.27741110e-01 -3.31176728e-01 1.17794991e-01
    -6.60738468e-01 -5.11319757e-01 -3.93053561e-01 -3.05490494e-01
    -6.79836035e-01 1.60019994e-02 -4.33853567e-01 -4.26560342e-01
    -4.93664324e-01 1.10146880e-01 -3.00193131e-01 -5.88172197e-01
    -7.40111053e-01 -6.34475708e-01 8.31330419e-02 4.70706820e-02
    -2.69293785e-02 -3.17080617e-01 -2.47438729e-01 -5.69071352e-01
    -7.48954654e-01 -7.68629313e-01 -1.58853889e-01 -3.22719097e-01
    -8.32528472e-01 -1.48856401e-01 -4.42000419e-01 -6.23510420e-01
    -1.34018004e-01 -5.74495554e-01 -3.63654077e-01 -2.30900049e-02
    -8.68924260e-02 -6.65914893e-01 -5.20196795e-01 -6.27101064e-02
    9.05590653e-02 1.24517858e-01 -3.82496536e-01 -5.88864684e-01
    -6.62894845e-01 6.25067353e-02 -4.03866768e-01 -4.29746091e-01
    -1.57813430e-01 -1.21963978e-01 1.55131698e-01 -6.36994600e-01
    1.03541255e-01 -3.09586525e-04 1.30994141e-01 -1.70823991e-01
    -7.17349708e-01 1.01017356e-02 -6.68844879e-01 -2.08824307e-01
    -5.45996249e-01 -6.36048555e-01 -5.82392395e-01 -2.86005199e-01
    -1.82092726e-01 1.17791891e-01 -1.33022666e-01 -3.87956083e-01
    -5.16432464e-01 -5.60232460e-01 -3.33233595e-01 -1.41246974e-01
    -1.16505861e-01 -1.82378292e-03 -6.46124721e-01 -5.07182479e-02
    -8.92078280e-02 -3.52267206e-01 4.04731631e-02 -3.02600741e-01
    -4.89301622e-01 9.20201540e-02 -7.01206923e-02 -1.54777527e-01
    -4.26617503e-01 -5.13615966e-01 -7.59025216e-02 -2.59490997e-01
    -3.45902681e-01 -3.94292831e-01 -5.99980235e-01 -3.30792069e-01
    2.06743240e-01 -5.13492227e-01 -5.58376789e-01 -5.86114168e-01
    -6.74091935e-01 -4.30722743e-01 -3.12604964e-01 -4.61185604e-01
    -5.23272991e-01 -4.23299938e-01 -7.37727523e-01 -6.29123032e-01
    -1.82877958e-01 1.44844770e-01 1.52423561e-01 1.55973375e-01
    1.58048272e-01 -2.37385303e-01 -5.79432249e-01 -5.79823852e-01
    -2.92289257e-01 -6.53363466e-02 -1.14285648e-01 -1.61189437e-01
    1.86497569e-01 -5.60337961e-01 -3.68536741e-01 -3.77055019e-01
    1.23551846e-01 -1.95875108e-01 -2.40670025e-01 -3.35003048e-01
    -7.48523831e-01 -3.25802147e-01 -5.84849119e-02 3.73888016e-03
    -3.20378661e-01 -2.19470084e-01 5.17426133e-02 -9.19194818e-02
    -5.64162850e-01 -1.74873471e-02 -1.03556752e-01 -6.09066129e-01
    -5.15038729e-01 -2.85900414e-01 -3.72839272e-01 -1.51870191e-01
    -5.17870784e-01 1.00882709e-01 3.34377289e-02 -4.89821613e-01
    2.08324015e-01 -7.33162642e-01 -1.90461040e-01 -3.46721023e-01
    -6.98248148e-01 -2.79637516e-01 -4.51509953e-01 -2.42852688e-01
    2.20950246e-01 -7.00596571e-01 -1.52096033e-01 -3.80834222e-01
    5.36445379e-02 -4.22913730e-01 2.31120408e-01 -3.58958215e-01
    -6.28390908e-01 -3.83190751e-01 1.64751291e-01 -3.37046027e-01
    -2.28200555e-01 -4.50788498e-01 -1.42351985e-01 2.79868782e-01
    5.41216135e-03 -5.51276684e-01 -4.51207459e-01 -9.33607817e-02
    -4.43297625e-02 1.18437707e-01 -5.38172007e-01 4.95548248e-02
    3.83934319e-01 8.83401036e-02 -5.96848607e-01 -1.58666253e-01
    -3.99397075e-01 -4.68314379e-01 -5.03289223e-01 -2.56519198e-01
    -2.92602539e-01 -1.28795147e-01 -5.76725006e-02 -4.05341476e-01
    1.29181445e-01 -1.17907405e-01 -7.32114196e-01 -1.24952674e-01
    -2.72733718e-01 -5.21377206e-01 2.25071192e-01 -1.29466176e-01
    -5.28160155e-01 1.30135357e-01 -5.14374256e-01 5.20384312e-03
    -4.45495784e-01 -6.37360930e-01 6.52998686e-02 -8.73226166e-01
    -7.56212234e-01 -1.12991512e-01 -2.88363159e-01 -3.38007987e-01
    2.76386142e-02 -5.39405406e-01 -6.01336837e-01 8.67028236e-02
    -4.35985476e-01 4.76229191e-03 -5.49147129e-01 -1.15962386e-01
    -1.98030353e-01 -6.66822314e-01 7.36480951e-02 -2.84421802e-01
    -1.78604245e-01 -5.46261668e-01 -2.82454938e-01 -3.78301680e-01
    -4.19244528e-01 1.56799257e-01 -8.06742430e-01 -1.77985907e-01
    -3.12145710e-01 1.16550684e-01 -7.17814565e-01 -2.45648801e-01
    -5.23204207e-01 -3.67646545e-01 9.49864388e-02 -6.43369317e-01
    -1.66386902e-01 -4.46336478e-01 -6.33130848e-01 -5.45308471e-01
    -7.54635155e-01 -6.38362765e-02 -8.14664364e-02 -4.61417645e-01
    -2.42475390e-01 1.14313781e-01 -6.24253988e-01 -3.92313570e-01
    -4.49338973e-01 -4.18699592e-01 -2.65814066e-02 -4.66699272e-01
    2.48129368e-02 -7.39327073e-02 -1.57273054e-01 1.62218034e-01
    -5.66727102e-01 -4.27844167e-01 -3.24586928e-01 -1.25094056e-01
    -7.22116351e-01 -4.01328355e-01 -3.02064359e-01 6.67899847e-02
    7.28266835e-02 7.56807923e-02 -7.68535137e-02 -2.28084743e-01
    -6.43956423e-01 -1.22071385e-01 -7.26394355e-01 -2.98608541e-02
    -1.19063258e-01 -1.31373346e-01 -5.92465103e-01 -2.59550393e-01
    -4.68336076e-01 -3.72805417e-01 -4.14196610e-01 1.39270604e-01
    -4.19509679e-01 -5.36980212e-01 9.78622437e-02 -9.66989994e-02
    -2.83128381e-01 -2.11275578e-01 -3.21458578e-02 -7.63101578e-02
    -4.43767905e-02 -3.16677153e-01 3.38073969e-02 -3.04601789e-01
    -3.82529080e-01 -5.63147485e-01 -2.48221457e-01 7.41568804e-02
    -7.55119026e-01 -2.41736054e-01 -2.04985499e-01 -4.96093601e-01
    -5.18942952e-01 -2.97918975e-01 -1.23237193e-01 -5.24348259e-01
    3.80253792e-03 -3.76732618e-01 -3.69360983e-01 -6.94931448e-01
    1.30383730e-01 -6.12326682e-01 7.42447376e-03 1.75259113e-01
    -4.36930358e-01 2.99102068e-02 -5.15059233e-01 -1.26110852e-01
    1.02019310e-01 -4.89181072e-01 8.46316814e-02 -3.47078443e-01
    -1.14120960e-01 -6.29586220e-01 -6.88178182e-01 -1.84717774e-02
    -1.28232241e-02 -1.56732202e-01 -7.33997226e-01 -3.69604737e-01
    -5.89585841e-01 1.07451439e-01 -1.36405766e-01 -5.73028922e-01
    -7.82745957e-01 -6.28889918e-01 -1.67680502e-01 -7.38570392e-01
    -3.35150480e-01 7.95897841e-02 1.62253380e-02 -3.97022992e-01
    -8.86726379e-02 -3.24127674e-01 -1.20852530e-01 -6.61770344e-01
    -3.24475110e-01 -4.94167805e-01 -5.61642051e-01 -1.99827015e-01
    -3.60085547e-01 -4.76247460e-01 -3.52621078e-01 -1.53618157e-01
    -5.25309324e-01 7.42955208e-02 -6.06642008e-01 1.80227578e-01
    1.87874138e-01 -3.42816055e-01 -3.52882564e-01 2.01108456e-02
    -5.17171264e-01 5.13324738e-02 -1.92512333e-01 -2.09734678e-01
    -5.23178518e-01 -2.36885071e-01 -1.96109623e-01 2.46485054e-01
    -2.77273774e-01 -6.37247562e-02 -5.61811805e-01 -2.34158188e-01
    -4.22895342e-01 -3.03335309e-01 -1.34929299e-01 2.09234357e-02
    -6.66277647e-01 -5.70791364e-01 -7.39295959e-01 -4.77111131e-01
    -4.25908208e-01 -4.39448357e-02 -4.87308890e-01 -3.14434230e-01
    -2.42937624e-01 -8.58665705e-02 -7.07482338e-01 -1.71881914e-01
    -2.39978611e-01 -2.40426064e-01 -6.82425141e-01 -3.89450788e-02
    -1.48587227e-02 -1.12092674e-01 -6.53449357e-01 1.98452175e-01
    -6.55978918e-03 -7.64355421e-01 -4.39967513e-01 -6.10860944e-01
    -2.77925074e-01 -5.79654455e-01 -1.69945359e-01 -1.90297544e-01
    -1.15822315e-01 -5.82787752e-01 1.18049264e-01 -2.85794318e-01
    -5.36168218e-01 -1.70951903e-01 1.17643774e-01 -1.36741757e-01
    -6.21809721e-01 -8.09426308e-02 -5.55212617e-01 -4.89028454e-01
    1.15196705e-01 -4.76680875e-01 -1.72010243e-01 -7.70855129e-01
    6.64573908e-02 -3.03024173e-01 -6.76705241e-01 -3.72091770e-01
    -1.18129909e-01 1.07448697e-01 -4.62834358e-01 -1.68289125e-01
    -7.24885881e-01 -6.75221682e-02 -1.12452507e-02 4.64316308e-02
    -3.71970952e-01 -2.04010546e-01 -6.92692637e-01 1.22243762e-02
    -1.45069957e-02 -2.67207623e-04 -1.67904317e-01 -7.31325746e-02
    -3.71782064e-01 -3.30524206e-01 -5.65683484e-01 -4.21923816e-01
    -1.85070515e-01 -2.24179029e-02 -2.40265310e-01 -2.76742727e-01
    -2.29182243e-02 -6.70868218e-01 -6.74787462e-01 -2.08832383e-01
    -5.03806770e-01 -3.61017078e-01 -4.33930844e-01 1.22319043e-01
    -4.76219028e-01 -4.43020850e-01 -1.88135207e-01 -5.14063358e-01
    -3.32093835e-02 4.74438667e-02 -2.40552664e-01 -5.72944760e-01
    -9.55491662e-02 1.73794866e-01 -5.33226967e-01 -3.76322389e-01
    -4.84982848e-01 -2.21504450e-01 -5.04848778e-01 -3.04820716e-01
    -7.45136619e-01 -1.97509766e-01 -2.41889954e-02 -2.50117779e-02
    -5.19493580e-01 -4.44981337e-01 -6.18939519e-01 -1.21862113e-01
    -2.29285538e-01 3.56404781e-02 -3.07493865e-01 -1.96855128e-01
    7.34766126e-02 -4.15709585e-01 -3.02857041e-01 -1.95286036e-01
    -4.41627890e-01 -5.56452870e-01 -4.59758133e-01 -5.28802574e-01
    -7.85453916e-02 -5.17047167e-01 -4.91441250e-01 -6.31888270e-01
    -8.68749619e-03 5.96250296e-02 -7.75449336e-01 -1.23835683e-01
    -2.95481443e-01 -3.64826679e-01 -4.20477152e-01 -2.29198396e-01
    -1.02335453e-01 -2.14675009e-01 -3.81517500e-01 -2.54828453e-01
    -1.19417071e-01 -1.38316393e-01 -2.60605812e-01 -4.23290670e-01
    -1.83176994e-01 8.15658569e-02 1.59296870e-01 -4.77132738e-01
    -5.85346818e-01 -4.74619865e-02 -9.29343700e-03 -7.11459935e-01
    -5.87872028e-01 -7.54092336e-01 -5.09977698e-01 -2.94309735e-01
    -9.27013159e-03 -1.82814002e-01 -3.33392024e-01 -3.42431664e-02
    -4.49022770e-01 -2.41235673e-01 -2.30134130e-02 -8.42933118e-01
    -2.94610202e-01 -2.70151734e-01 -7.80583024e-01 -3.94381821e-01
    -5.00172853e-01 -8.52651000e-02 -1.22586429e-01 -1.73745394e-01
    -6.00588322e-03 -8.11206818e-01 -2.18350053e-01 2.57919431e-02
    -3.30848694e-01 -5.65540373e-01 -6.68745637e-02 -5.10883808e-01
    -1.97164714e-01 -3.43292177e-01 -4.60272014e-01 -2.64792532e-01
    -1.82076454e-01 6.84908628e-02 -3.42560977e-01 -6.45123720e-02
    -1.43614113e-01 -3.85905087e-01 1.00380182e-01 -4.01993930e-01
    -1.89736128e-01 -3.23280096e-02 -2.16763020e-01 -6.74853921e-01
    -6.85424805e-01 4.66064215e-02 -4.86948133e-01 -3.45163524e-01
    -4.82318997e-02 2.20912814e-01 -3.89509887e-01 -4.52699363e-01
    -2.43868381e-01 -5.90291560e-01 -6.43268704e-01 -4.01754975e-01
    1.14567876e-02 -1.26805961e-01 -5.10201097e-01 -3.21608782e-02
    -4.52290267e-01 -2.11416483e-01 -5.70786953e-01 -6.78288162e-01
    -2.40770280e-01 1.55394495e-01 -7.81062841e-02 -5.82966328e-01
    1.72404826e-01 4.00817394e-02 -6.58345938e-01 -8.36230516e-02
    -3.33669782e-01 -5.49810946e-01 -5.26887596e-01 -7.79395580e-01
    -2.66999304e-01 -3.15856636e-01 -5.59463978e-01 -4.49837893e-01
    1.37847781e-01 -3.13475132e-02 -7.64619708e-02 -1.31995857e-01
    2.74467468e-03 -5.37545085e-01 1.53820515e-02 3.76014709e-02
    -4.15365398e-01 -4.48605031e-01 -1.96485519e-02 -3.67656857e-01
    1.75514817e-01 -2.37947881e-01 1.24179125e-02 7.74000287e-02
    -7.71423399e-01 -7.82325745e-01 -7.13944256e-01 1.75642610e-01
    -2.98937082e-01 -1.60315365e-01 -3.93841892e-01 -3.93990278e-01
    1.19787216e-01 -4.14681554e-01 -4.43843663e-01 -1.11192107e-01
    -2.26716340e-01 -7.81550705e-01 -2.05656409e-01 -4.27977830e-01
    -6.13571882e-01 -4.08037573e-01 -6.15780592e-01 1.73172891e-01
    8.05909038e-02 -3.76612663e-01 1.20186448e-01 -3.60803545e-01
    -2.75803864e-01 -2.04713345e-01 2.75164843e-02 -6.65353417e-01
    -7.20493734e-01 -2.38229930e-01 1.04074776e-01 -3.25095117e-01
    -6.88194394e-01 -1.66422904e-01 -2.74225235e-01 -4.67234313e-01
    -5.25759101e-01 2.69542933e-02 -2.15933859e-01 5.03439307e-02
    2.61853933e-02 -6.63737774e-01 -4.32832390e-01 -5.55047512e-01
    2.62643576e-01 -6.75915360e-01 -1.83889091e-01 1.84137285e-01
    -3.14248800e-01 -1.76838875e-01 -2.85905361e-01 -3.59202564e-01
    2.13171244e-02 -6.27403021e-01 -4.88851577e-01 -4.15092617e-01
    -4.95970905e-01 -7.44004250e-02 -1.56399786e-01 -6.21262372e-01
    1.49354160e-01 -3.73218477e-01 -3.96058351e-01 -3.91115010e-01
    -2.73706585e-01 -4.35152262e-01 -3.25583816e-02 -4.22552586e-01
    -6.88182473e-01 4.36210632e-02 5.40238619e-03 -7.41214752e-02
    4.14505184e-01 1.93432271e-01 -4.22454000e-01 -4.56992716e-01
    -3.49788547e-01 -1.08570993e-01 -4.21252668e-01 9.12051797e-02
    -3.73385787e-01 -2.19935715e-01 1.93926454e-01 2.37166226e-01
    -6.34522080e-01 -4.73643780e-01 8.94069672e-04 -1.12376153e-01
    -4.48829353e-01 1.29265130e-01 -3.70813727e-01 -3.31607133e-01
    9.17660594e-02 -6.04367137e-01 -4.79290307e-01 -7.80812502e-01
    -4.76433814e-01 -3.00812364e-01 -5.76188445e-01 -3.79489779e-01
    5.82880974e-02 -5.28871179e-01 4.89293337e-02 -7.23294556e-01
    -4.46973860e-01 -6.51419163e-01 -5.62546134e-01 2.33126998e-01
    -6.66707158e-01 -2.41961241e-01 -7.37760067e-02 -2.00452864e-01
    8.51430893e-02 -1.22385383e-01 -6.59548879e-01 6.56385422e-02
    -7.43244171e-01 1.31661534e-01 -1.53684855e-01 -3.13855827e-01
    -3.95355105e-01 -1.15595520e-01 6.71970248e-02 -1.78432345e-01
    -2.28004813e-01 -5.20881295e-01 -8.23582172e-01 9.30638909e-02
    -2.29031205e-01 -2.40458548e-01 -6.83179021e-01 5.26133180e-02
    -3.68056089e-01 -9.75406170e-03 1.27356291e-01 -8.12638521e-01
    -5.80695271e-01 -8.44774365e-01 -5.48799634e-01 -3.95438552e-01
    -1.66440010e-01 -7.29819536e-01 -4.24692631e-02 -7.65652537e-01
    -1.64360523e-01 -3.63386840e-01 -5.00863612e-01 -8.13642442e-01
    -1.85754299e-02 -7.14658380e-01 -2.70901561e-01 -2.29021549e-01
    -7.00481474e-01 -7.32288361e-01 -6.10176444e-01 -2.80414820e-01
    1.07738972e-01 1.69825017e-01 -6.88569903e-01 -7.85198390e-01
    -1.84395075e-01 -6.86404645e-01 -5.12389243e-01 -1.95808887e-01
    -2.91014135e-01 -1.39345825e-01 -6.64993286e-01 -4.35239673e-01
    -2.99203992e-02 -2.83385634e-01 -4.36661065e-01 -4.32018310e-01
    -2.30656564e-01 -3.49781930e-01 9.39747095e-02 -3.50596607e-01
    -1.66636705e-03 -1.23240948e-01 -4.54676837e-01 -3.95497084e-02
    -1.99157596e-02 -4.72808868e-01 -6.00975752e-02 -3.76588464e-01
    -4.68044281e-02 -4.76881683e-01 -2.58909822e-01 6.49363399e-02
    -5.57427645e-01 -3.11431229e-01 -7.50295401e-01 -7.19101548e-01
    -2.35161781e-02 -6.91971779e-01 -8.84212852e-02 -7.09056616e-01
    -1.71362340e-01 -1.29697740e-01 -5.37488878e-01 1.52795911e-01
    -5.66687226e-01 -3.36516321e-01 -4.68127191e-01 2.04103947e-01
    2.09203303e-01 -3.74037147e-01 -3.66209984e-01 -6.50262713e-01
    -5.49356103e-01 -1.16903305e-01 1.75638080e-01 -5.46391845e-01
    1.50236487e-01 -4.63529021e-01 1.71263814e-01 -4.23201025e-01
    -4.30675864e-01 -1.45687521e-01 -1.58789456e-01 -5.57195544e-02
    -2.39078879e-01 -2.27229774e-01 -2.61428386e-01 -9.70022678e-02
    -6.41600847e-01 -5.19348860e-01 -3.86667162e-01 -3.26133966e-01
    1.04354978e-01 -7.50218034e-02 -2.97909856e-01 -6.01802170e-01
    -5.75149655e-02 -1.60257578e-01 -7.28755713e-01 -1.79895163e-02
    9.29279327e-02 -3.15173835e-01 -3.30807745e-01 -5.55996656e-01
    1.28508866e-01 1.18523479e-01 -6.43420100e-01 -2.02576518e-02
    -2.82462955e-01 1.18536830e-01 -6.21913910e-01 -6.28802299e-01
    -7.26109743e-03 6.29078150e-02 -1.14525795e-01 -4.70282137e-01
    1.92259550e-02 -7.66630173e-01 -4.32962686e-01 -1.39291167e-01
    1.10098302e-01 -2.25084424e-01 2.62585878e-02 -5.97931743e-01
    -5.60593843e-01 -5.73697209e-01 -3.57625306e-01 -4.93793488e-01
    -5.85906029e-01 -5.95118403e-01 -2.66783386e-01 -4.43641245e-01
    -6.47355676e-01 -1.15100384e-01 -3.86016697e-01 1.61463201e-01
    7.86558390e-02 -2.64296174e-01 1.57103181e-01 -2.67811537e-01
    -7.88540006e-01 -2.92696059e-01 -2.81481087e-01 -3.20821345e-01
    -5.27863562e-01 -6.92438364e-01 -2.19899416e-03 -5.14574468e-01
    -1.65392995e-01 -5.29969096e-01 -3.32561821e-01 -4.72424418e-01
    1.11811280e-01 1.30252182e-01 -4.24417287e-01 -5.18811166e-01
    -6.78707480e-01 -5.65088511e-01 -6.46608114e-01 1.11437321e-01
    -4.40262735e-01 -4.24233079e-01 -4.86911923e-01 -1.86476588e-01
    -1.06423557e-01 -4.70286369e-01 -4.67007041e-01 -6.37504637e-01
    -6.62423849e-01 -4.33953673e-01 -3.67454380e-01 -1.80783600e-01
    -5.64925909e-01 -4.81367111e-04 -2.51856893e-01 9.20382738e-02
    3.73625159e-02 -1.54692054e-01 -2.31199026e-01 -1.46809399e-01
    -4.28547144e-01 -4.41215247e-01 -6.15288973e-01 -1.51560009e-01
    -6.33039355e-01 -2.82548070e-01 -6.23738289e-01 -2.75071025e-01
    -2.59859115e-01 -3.47004414e-01 -1.74296498e-01 -4.26650435e-01
    7.66699910e-02 2.39622474e-01 1.68653190e-01 -5.09514570e-01
    -8.05727959e-01 -3.47604990e-01 1.37859344e-01 -3.29998434e-01
    -2.92937934e-01 -4.23817366e-01 -5.29445648e-01 2.76571751e-01
    -2.67881334e-01 -5.28736711e-01 -5.22150278e-01 -5.74327707e-01
    -5.43298602e-01 -5.28114438e-01 -5.00864983e-01 1.90778494e-01
    -3.26326668e-01 -3.19518864e-01 -2.40589857e-01 2.06054926e-01
    -3.71237278e-01 1.37593150e-01 -2.55893886e-01 1.28454924e-01
    -5.65666556e-01 -8.27135205e-01 -6.27850890e-02 -7.60035336e-01
    -7.18430638e-01 -2.57440925e-01 -2.33399987e-01 -3.96147639e-01
    -1.94329709e-01 -5.59740424e-01 -2.88051426e-01 -5.95474839e-01
    -3.72321784e-01 -4.56037283e-01 -9.00508165e-02 1.33554876e-01
    -4.25073326e-01 -3.80104125e-01 -4.67280924e-01 -2.46944308e-01
    -5.91622829e-01 -1.36854410e-01 -6.82184398e-01 -8.53240490e-04
    2.10353732e-02 -3.56457829e-02 -7.38911033e-02 -1.89440250e-02
    -1.19582236e-01 -5.06855905e-01 -4.94413614e-01 2.85900235e-02
    -5.86542964e-01 -2.24882305e-01 -5.23583293e-01 9.77847576e-02
    -6.36798620e-01 8.42213631e-05 -3.44756961e-01 -4.49913472e-01
    1.36612713e-01 -5.57362437e-02 -5.81443191e-01 -2.44662702e-01
    -2.07583904e-02 -7.95278311e-01 7.55373836e-02 -1.09150469e-01
    -2.10353792e-01 -1.97131813e-01 1.72149539e-02 -4.30010080e-01
    -3.56447518e-01 -1.45067096e-01 9.70548391e-03 -5.14276564e-01
    -7.22789168e-02 -4.33127135e-01 8.98231268e-02 -9.87969637e-02
    1.20818853e-01 -3.94563168e-01 -3.14154804e-01 9.92282033e-02
    -2.64359474e-01 -1.59993768e-01 -4.72000003e-01 -3.70744467e-02
    -8.43785405e-01 -4.35547948e-01 -5.47034562e-01 -6.95317030e-01
    7.96192288e-02 6.47469163e-02 -5.23141265e-01 -4.05576140e-01
    -4.96256292e-01 -7.47914672e-01 -3.40532809e-01 -1.13869071e-01
    -3.44046950e-02 -6.03666782e-01 -5.31064749e-01 -8.46821666e-01
    -3.49975348e-01 -8.02871585e-01 -6.21510983e-01 -3.26554894e-01
    7.44886398e-02 -9.11133289e-02 6.91550374e-02 -1.23916924e-01
    -6.89923763e-02 -3.82971644e-01 -6.72894120e-01 1.92697167e-01
    4.59421277e-02 -9.48371887e-02 -4.74587262e-01 7.63332844e-02
    -3.45906198e-01 -5.07315040e-01 -5.74930787e-01 -6.05888486e-01
    -3.28657568e-01 -6.50947452e-01 2.08812237e-01 -6.00878716e-01
    -6.26207590e-01 -6.94805861e-01 2.27928162e-01 -8.97935629e-02
    1.88451409e-02 -5.68848491e-01 1.29006028e-01 -6.53162837e-01
    -4.00185347e-01 -1.13129139e-01 -4.53768522e-01 1.80982172e-01
    -7.27457047e-01 8.89474154e-02 -9.10794139e-02 -4.57005531e-01
    -3.87227476e-01 -2.77372628e-01 -7.05627322e-01 -5.55569768e-01
    -4.54405248e-01 -4.19195890e-01 -5.56328773e-01 -4.54894036e-01
    9.84001160e-03 -3.41975093e-02 -5.35572767e-02 -5.46944737e-01
    -7.75613546e-01 -7.09116042e-01 -2.54732966e-01 -3.44104171e-02
    4.76284623e-02 -6.65277839e-01 -5.95572591e-01 -6.14878654e-01
    -7.25632012e-01 -6.08706832e-01 -4.54658270e-02 -7.70305693e-01
    -8.93157721e-02 6.11273050e-02 -7.20352650e-01 6.10375404e-02
    -5.15739799e-01 -7.34396040e-01 -9.10125971e-02 -3.04508626e-01
    -4.29742396e-01 5.96004725e-02 -4.12823856e-01 -4.60028142e-01
    3.26640010e-02 7.17641711e-02 -5.79100490e-01 -5.06208897e-01
    1.48661375e-01 -6.22996092e-02 2.79321015e-01 -4.57022190e-02
    2.09689319e-01 -8.92007351e-03 -1.24282420e-01 -8.61123204e-01
    4.22929525e-02 -7.58322060e-01 -5.01881599e-01 -1.38817012e-01
    -5.84206998e-01 -4.88358438e-01 1.59271240e-01 -9.60702896e-02
    -4.42837030e-01 -4.92462695e-01 2.47501075e-01 2.64145195e-01
    -6.95554793e-01 -5.45249224e-01 -7.16609955e-01 -7.32879639e-02
    -5.92854142e-01 -6.50854111e-01 -3.89184684e-01 -3.10649931e-01
    2.24539280e-01 -3.75350356e-01 -7.20173120e-03 -5.56397021e-01
    -1.80576265e-01 -4.47341323e-01 -1.89443529e-01 -7.08507895e-01
    -4.08739209e-01 -1.86260641e-01 2.83471704e-01 9.02224779e-02
    -3.48848045e-01 -3.52374911e-01 -4.95829731e-01 -6.73472166e-01
    -2.19397247e-01 -6.40448749e-01 -1.57952905e-02 -1.64783835e-01
    -4.78699923e-01 -2.53041208e-01 4.25533652e-02 -6.28389359e-01
    -3.01631600e-01 -3.48875105e-01 -4.25909460e-01 -4.16085660e-01
    -6.27466023e-01 -7.94907808e-02 -2.35834122e-02 1.09392107e-01
    1.36170387e-01 -1.52008235e-01 -1.36651099e-01 3.34465086e-01
    -2.81369567e-01 2.07754016e-01 2.04622388e-01 -6.86225891e-01
    -6.91410899e-01 -7.19223022e-01 -4.02537465e-01 -6.58599138e-01
    -5.44196248e-01 -6.66099250e-01 -3.05615127e-01 -6.26769245e-01
    -5.00929713e-01 -5.34627914e-01 -2.19239533e-01 -1.51023507e-01
    4.49168086e-02 -2.06605434e-01 -6.38489604e-01 -3.50447893e-02
    -4.83288914e-01 1.76182806e-01 -5.51046252e-01 -1.38297081e-02
    -2.76927948e-01 -4.71312106e-01 -1.97128952e-01 -6.83550298e-01
    3.52466702e-02 -7.30312228e-01 -3.00305068e-01 -1.45659447e-01
    -8.58833790e-02 -3.61682922e-01 1.87773883e-01 -3.60229611e-01
    -3.83686066e-01 -4.37997729e-01 -4.49885786e-01 -5.63176274e-01
    -5.58800101e-02 7.75814056e-02 -5.38126707e-01 -7.23196864e-01
    -2.10281253e-01 -3.14191163e-01 6.22897148e-02 -2.87104666e-01
    -3.27225029e-01 -4.94985759e-01 -2.99576163e-01 -5.48992157e-01
    -5.33654571e-01 2.26929784e-02 -5.31227589e-01 -1.74999237e-01
    -4.61925387e-01 -3.42616498e-01 -2.47233093e-01 1.02748811e-01
    -7.28163421e-01 -8.25679660e-01 -5.43730319e-01 -3.09234202e-01
    4.90802526e-02 1.31585658e-01 -5.72687566e-01 -2.88278759e-01
    -6.64147139e-01 -4.85756963e-01 -7.47322559e-01 7.19873905e-02
    -3.77300888e-01 8.50338936e-02 7.53229856e-02 -4.33714271e-01
    -4.11084294e-01 -2.33515680e-01 1.57028973e-01 -5.01776934e-01
    -7.51625240e-01 1.69044197e-01 2.04341710e-01 -4.12416101e-01
    -6.25122368e-01 -6.38572633e-01 -8.44100714e-02 -2.81358361e-02
    -9.54096913e-02 -7.79602051e-01 1.15876496e-01 -8.06083798e-01
    -3.45880747e-01 -5.58768153e-01 -1.68867946e-01 -1.69561267e-01
    -1.82652473e-01 -1.68642700e-01 -7.61546552e-01 5.96922636e-02
    -3.51343870e-01 -5.61638474e-02 7.32472539e-02 -4.53348011e-01
    -5.58813214e-01 -5.42628944e-01 -3.61889899e-01 -5.73709965e-01
    -6.40919566e-01 -9.24846530e-02 -4.59364802e-01 3.69397402e-02
    -2.08695590e-01 -3.32848132e-01 8.42894912e-02 4.41917181e-02
    -7.18028843e-01 -5.52252531e-01 1.90761089e-02 -3.99899602e-01
    -6.13988936e-01 -4.20951933e-01 -3.82672876e-01 -5.43651223e-01
    -4.96604294e-01 -2.24699497e-01 -2.02117145e-01 -2.70112634e-01
    -6.00384831e-01 -4.72639203e-02 1.03277087e-01 -4.19325471e-01
    -3.87454093e-01 -4.08099890e-01 -2.05088973e-01 4.16507125e-02
    -3.04829657e-01 1.03501320e-01 -6.25447094e-01 -4.77883816e-02
    -5.85288167e-01 -1.97016031e-01 -3.26127112e-01 1.28124475e-01
    -6.47959590e-01 9.91712213e-02 -6.30024076e-01 -2.68746257e-01
    -2.94429749e-01 2.61929631e-02 -6.26249671e-01 -2.34441400e-01
    1.16756141e-01 2.35305905e-01 -3.67710292e-01 -9.59990025e-02
    -5.30232787e-01 -2.30326653e-02 -6.52879119e-01 -7.31545687e-02
    -2.86089063e-01 -1.87112987e-01 -7.32323050e-01 -2.15233266e-01
    -3.48491967e-01 -5.02413452e-01 -1.63397670e-01 -4.42089260e-01
    -2.98838317e-01 -1.22962892e-01 -6.52476549e-02 -4.79963094e-01
    -6.63701534e-01 -2.52009690e-01 -2.83221662e-01 -6.63918853e-01
    -1.41561031e-04 -7.04818487e-01 -3.14497411e-01 5.94747663e-02
    -3.52293432e-01 -3.58052790e-01 -2.21631944e-01 -2.41714120e-02
    -5.26612997e-01 -5.83630085e-01 -3.51316035e-01 -3.77715886e-01
    -3.14637065e-01 -2.92469531e-01 1.68327987e-01 -5.44836521e-02
    -2.97714174e-01 -3.96802276e-01 -6.64497972e-01 -4.08248127e-01
    -2.52814531e-01 -7.09190071e-01 -5.27725816e-02 -2.52291262e-01
    -7.45880127e-01 2.40262747e-02 -3.60034406e-01 1.03955269e-02
    -6.67544425e-01 -3.27816278e-01 3.31413746e-03 3.34662199e-03
    -6.34400606e-01 -5.92225909e-01 -2.48074561e-01 -8.23366046e-02
    -5.95960975e-01 -7.31760859e-02 -3.68493855e-01 -1.08334661e-01
    -6.56498432e-01 1.70761108e-01 -5.27000189e-01 -4.36078310e-01
    -2.23833323e-03 5.60314059e-02 1.76413655e-02 -7.24270701e-01
    1.02804720e-01 -8.02660584e-02 -4.93910432e-01 -3.29357922e-01
    2.16583133e-01 1.29408419e-01 -5.64529419e-01 1.47453547e-02
    -4.33250546e-01 -2.09954530e-01 -6.20228052e-01 -3.23041111e-01
    2.23316014e-01 -1.71335936e-01 -2.40047097e-01 -5.74566960e-01
    9.35682654e-02 -4.81482863e-01 -6.91083312e-01 -3.46570313e-01
    -1.27421260e-01 -1.70896053e-01 -4.98867035e-02 1.76398754e-01
    -1.05683506e-01 1.19136274e-01 9.33766961e-02 -3.06676716e-01
    -4.54425961e-01 -4.89285439e-01 9.91014838e-02 5.04740179e-01
    -1.69161886e-01 1.81504786e-01 -4.86282259e-01 -6.99253082e-01
    1.02352381e-01 1.62454128e-01 3.68456841e-02 -5.47961593e-01
    -5.79764009e-01 1.95644498e-02 -2.51590937e-01 2.70862818e-01
    -5.59615970e-01 -1.38262510e-02 -4.89484340e-01 -2.91459024e-01
    -3.47626626e-01 -2.12630570e-01 1.17720604e-01 -1.59612775e-01
    -2.52340972e-01 -4.68305618e-01 -3.25609058e-01 -5.54969668e-01
    -5.57024956e-01 -3.99362743e-01 -6.17433906e-01 -2.49527037e-01
    -4.31315035e-01 3.15964222e-02 -1.65224969e-01 -9.90360379e-02
    -6.61265731e-01 -5.87342978e-01 -5.02434373e-02 -3.21250051e-01
    -4.35517102e-01 -3.90726328e-03 -4.72087383e-01 -5.50935864e-01
    -1.84347630e-02 -5.26222467e-01 -7.29972482e-01 1.40019000e-01
    -1.22880757e-01 -7.95780361e-01 -7.11910963e-01 3.24317813e-02
    -1.26466870e-01 5.97202778e-03 -4.88442421e-01 -7.47515440e-01
    -1.67080700e-01 -2.90413976e-01 -2.31457293e-01 -7.53927350e-01
    -2.57348418e-01 -5.94281912e-01 -3.03053141e-01 -7.48455703e-01
    2.66507864e-02 -1.22579634e-01 1.30720735e-02 -5.94074130e-01
    -7.53977180e-01 -2.06678271e-01 -7.30135679e-01 -6.94901586e-01
    -1.22844815e-01 -1.30527675e-01 -6.59257710e-01 1.40931606e-02
    -2.31831074e-01 -1.93776846e-01 -5.40517032e-01 -5.22961259e-01
    -7.15151787e-01 -5.74489474e-01 -6.51598394e-01 2.06972122e-01
    -5.70809245e-01 -5.72475076e-01 -6.93497419e-01 -3.92181277e-02
    -7.62553811e-01 7.56513476e-02 -7.75532901e-01 -1.67861462e-01
    -3.98789823e-01 -7.75452614e-01 -8.08407247e-01 -1.11511767e-01
    -5.32478571e-01 2.22767591e-02 -5.74207604e-01 -2.08888412e-01
    -4.09852743e-01 -2.87644267e-01 -5.46344697e-01 -8.43118489e-01
    -4.01797295e-02 -5.99830627e-01 -4.49334115e-01 -7.66293406e-01
    -4.28427100e-01 -4.41170752e-01 -3.26107711e-01 -3.39979470e-01
    -1.87480748e-01 -7.82234192e-01 -6.74228907e-01 -5.05398512e-02
    1.63933635e-02 -5.46460211e-01 -1.01052284e-01 -4.64104950e-01
    1.65645599e-01 -6.34967208e-01 -8.97569656e-02 -4.98002797e-01
    -2.18560517e-01 1.63938403e-01 -6.24232769e-01 -6.41863346e-02
    -3.30692887e-01 -2.55824864e-01 -5.41067719e-01 -5.39591253e-01
    9.44604874e-02 -5.15200734e-01 1.11358166e-02 -6.34897590e-01
    1.13904953e-01 -1.38628960e-01 -2.56981850e-02 -5.38301647e-01
    1.26616359e-02 -4.23702478e-01 -2.29551136e-01 -4.65038747e-01
    -6.22307301e-01 -2.43338019e-01 -5.18292725e-01 -7.50682950e-02
    -5.04492462e-01 -4.00507927e-01 -4.38320637e-03 1.91637516e-01
    -7.59466052e-01 -6.92161858e-01 -5.24864197e-01 4.75465059e-02
    -9.07062292e-02 -2.46121973e-01 -2.18661457e-01 -6.98635459e-01
    -5.53340793e-01 -2.48308241e-01 -3.29844594e-01 -2.60233760e-01
    -1.37665451e-01 -1.15457773e-01 -2.39145100e-01 -6.88145995e-01
    -1.53241038e-01 -5.70950925e-01 -1.63375139e-01 5.26282191e-02
    -5.73253632e-01 -5.08716762e-01 -1.03091538e-01 1.92262471e-01
    -2.81820655e-01 1.69616103e-01 -3.60779166e-02 -4.33342665e-01
    -3.93393636e-02 -6.01579547e-02 -6.43612742e-01 -6.82761431e-01
    -1.98599696e-01 -5.38814545e-01 -1.91898167e-01 -1.96820557e-01
    -1.96894944e-01 -4.16293710e-01 -6.81388736e-01 5.32728434e-02
    1.85101151e-01 -4.49641705e-01 -2.94290543e-01 -5.28632641e-01
    -5.59704304e-01 -4.23759133e-01 1.79923177e-02 -4.77188766e-01
    -6.02884054e-01 -3.21363926e-01 -1.30768776e-01 2.37178802e-03
    -3.06361914e-03 -1.91514254e-01 -4.97830093e-01 4.69757318e-02
    -1.14427269e-01 -7.13720500e-01 -4.14122671e-01 -2.15476096e-01
    -4.39477682e-01 7.76114464e-02 -6.02939367e-01 -1.66760564e-01
    1.25508428e-01 -3.68383855e-01 2.33313918e-01 9.38051939e-03
    -4.02761221e-01 1.85822368e-01 -4.64622498e-01 -6.26274705e-01
    -1.82022333e-01 -5.51824331e-01 -9.80678201e-02 -2.34258831e-01
    8.62517953e-02 -4.80955124e-01 -2.59804249e-01 8.64751339e-02
    -3.15241218e-02 -4.84389722e-01 -1.45266533e-01 -6.39287472e-01
    -1.09800100e-02 -2.26840943e-01 -7.36852884e-02 2.14739084e-01
    -2.29606450e-01 1.14417613e-01 -7.41659045e-01 -4.46068585e-01
    -5.84334314e-01 -5.16571045e-01 6.58336878e-02 4.78985906e-02
    -6.22212768e-01 -4.58370388e-01 -6.11133575e-01 1.12017393e-02
    -5.25210261e-01 -2.00644374e-01 -2.15685368e-01 -3.64979327e-01
    -5.10540843e-01 -2.81246305e-01 -2.61930346e-01 -3.60411346e-01
    -4.21001911e-02 -4.15853143e-01 -5.34434438e-01 2.94336677e-02
    -6.94042444e-03 -2.25307167e-01 1.10480428e-01 -5.10252953e-01
    -6.53711677e-01 -5.00706077e-01 -6.13147259e-01 -1.01639569e-01
    -3.18330944e-01 1.96285188e-01 -5.39840579e-01 -2.67669857e-01
    -5.73341012e-01 -1.16611540e-01 -3.63405228e-01 5.44453859e-02
    -5.30001163e-01 -7.30956197e-02 -1.93813503e-01 -5.76797128e-01
    -6.67053998e-01 -3.09327900e-01 -1.75573349e-01 -3.17615807e-01
    -3.79533648e-01 -5.86195469e-01 9.90383625e-02 6.60859346e-02
    -1.97413206e-01 -2.75077641e-01 -3.28254104e-01 -7.84103036e-01
    -3.23169291e-01 -5.45054436e-01 -2.72298574e-01 -1.10361159e-01
    -6.86536193e-01 1.45352662e-01 -2.76856899e-01 -7.14381099e-01
    1.37103915e-01 -4.56743836e-02 -6.64461255e-01 1.18919611e-02
    -4.70632911e-01 -5.66108882e-01 -6.48763657e-01 2.68412828e-02
    -4.04111922e-01 -4.41824615e-01 -6.50172174e-01 -3.15321207e-01
    7.25044608e-02 -7.76633859e-01 -7.01217175e-01 -2.80699492e-01
    -2.94288993e-01 -1.14526331e-01 -3.50094020e-01 -6.99356794e-01
    -3.45270634e-02 9.93080139e-02 -1.92558467e-01 -8.14099669e-01
    -2.53273308e-01 8.03470612e-03 -1.90317988e-01 -2.04849243e-02
    -5.62689543e-01 1.43446147e-01 -3.89666677e-01 -6.35370493e-01
    -2.46749520e-02 -1.85742915e-01 -5.32149792e-01 -6.62477732e-01
    -1.80016756e-01 -2.12724149e-01 1.29371285e-01 -6.26053214e-01
    -5.02234578e-01 -2.68044233e-01 -5.41982412e-01 -5.27857125e-01
    -5.07673383e-01 -3.79204750e-02 -6.31173134e-01 -1.27209187e-01
    -8.15946221e-01 -5.43570518e-03 -6.78869486e-02 -8.69225860e-02
    -4.08889830e-01 -2.25910962e-01 -2.69576311e-02 -2.30965018e-02
    7.17581511e-02 2.05690265e-02 6.97564483e-02 1.36055827e-01
    1.69581354e-01 -2.38687813e-01 1.68640614e-01 -4.65459466e-01
    -1.59344852e-01 -7.05357373e-01 -3.12401354e-01 -8.78124774e-01
    -6.46321774e-01 -8.60306621e-02 -6.27713263e-01 -6.13202274e-01
    -2.69511342e-02 -4.10906881e-01 -4.30040300e-01 -2.25531101e-01
    -4.50281799e-01 -6.01337075e-01 -6.09117627e-01 -1.12277865e-01
    1.38869286e-01 -1.10420525e-01 -7.83769131e-01 1.74716473e-01
    -3.46121192e-01 -1.29943252e-01 -3.83414060e-01 -3.22159588e-01
    -6.88799024e-02 -2.47737765e-01 -1.07503355e-01 -5.40376902e-02
    -1.76856756e-01 -4.37942743e-02 9.26522017e-02 -1.60948038e-02
    -6.47259891e-01 -5.94649315e-01 1.32164299e-01 -6.89371347e-01
    2.22820103e-01 1.30348146e-01 -1.70053840e-01 -3.56290728e-01
    -5.74722886e-01 1.09154642e-01 -3.41550052e-01 -5.25134563e-01
    -1.68036699e-01 -4.73085165e-01 -5.26599228e-01 -4.35312539e-01
    -3.57775062e-01 -5.31232178e-01 -2.99952507e-01 -1.85563207e-01
    -2.27692842e-01 -3.30383003e-01 -4.73899245e-02 -7.54010677e-03
    7.87746906e-03 -6.92555547e-01 -7.92174101e-01 1.10558510e-01
    -3.25145304e-01 -1.91963613e-01 1.36336565e-01 -6.14439905e-01
    -7.23027289e-01 -4.00326252e-01 -1.77898288e-01 6.10617399e-02
    6.50898218e-02 9.40299034e-03 -1.41599596e-01 4.15245891e-02
    -6.76764607e-01 -6.43552661e-01 -4.81478870e-01 -4.86774683e-01
    9.29574370e-02 -7.10603297e-01 9.14679170e-02 1.49344862e-01
    -6.90145612e-01 -1.15684807e-01 -1.53878570e-01 -4.62419748e-01
    -3.19782078e-01 1.01241827e-01 -5.62697530e-01 -1.68559074e-01
    -4.49394882e-01 -1.22249424e-01 -4.35018539e-03 1.24835491e-01
    -6.11373961e-01 -1.11034095e-01 -5.79269111e-01 -7.36269951e-02
    -2.00071335e-01 -3.53859067e-02 -6.49842858e-01 -4.89778668e-01
    -3.69314611e-01 -4.36602056e-01 -3.79551053e-01 -4.62908089e-01
    -5.71816266e-01 -5.97582221e-01 1.08346641e-01 -2.60794163e-01
    2.33222008e-01 3.89707088e-02 -5.81631601e-01 -6.04850411e-01
    -1.81722701e-01 4.39849496e-02 -2.99232721e-01 -7.52128124e-01
    -5.29271543e-01 2.41858959e-02 -1.21779680e-01 -7.55265951e-02
    -3.88926297e-01 -4.82056499e-01 -5.21882534e-01 -2.61107922e-01
    -1.14462316e-01 -5.21754444e-01 -7.22338557e-01 -1.20230734e-01
    7.30186105e-02 -6.90308809e-01 -7.52332091e-01 -2.08961844e-01
    -4.88267392e-01 1.28042817e-01 -1.26973033e-01 -7.32663751e-01
    -3.20551038e-01 8.21071267e-02 -5.49293339e-01 -3.46883684e-01
    -6.56782508e-01 6.69333339e-02 -4.93996024e-01 3.44170928e-02
    -6.33345366e-01 -5.17768800e-01 -7.57449865e-03 4.01287645e-01
    -2.71522284e-01 -2.57919431e-01 -3.92285705e-01 -7.40101695e-01
    -2.28653371e-01 7.47028589e-02 -2.48827100e-01 -3.92005056e-01
    5.90167642e-02 -1.06197417e-01 2.91191339e-02 -4.28943366e-01
    -2.18193740e-01 -5.89211822e-01 -5.20018399e-01 5.79013824e-02
    1.43424511e-01 1.22047544e-01 -4.97845948e-01 -6.25533402e-01
    -6.36932194e-01 -1.32588148e-02 -3.35317671e-01 1.22028947e-01
    -6.28593802e-01 -1.95556581e-01 -1.08222842e-01 -6.82722926e-02
    -1.98730588e-01 -1.65842116e-01 -5.58582544e-02 -4.51697111e-02
    -2.63121605e-01 -1.04441345e-01 8.52904916e-02 4.59892750e-02
    -3.73202890e-01 -6.56456709e-01 -2.00920045e-01 1.38971806e-01
    -1.19113326e-01 -2.42926776e-01 -5.77937603e-01 -1.76523983e-01
    5.12626767e-02 -3.69162768e-01 -2.91494668e-01 3.14629078e-03
    -6.33188725e-01 -4.80999231e-01 -1.47068739e-01 -6.03632450e-01
    -6.79039836e-01 1.41475499e-01 -2.96331167e-01 6.71728849e-02
    -3.18935394e-01 9.61894393e-02 -3.37483048e-01 4.68993187e-03
    -7.40412652e-01 -2.24653304e-01 -5.35295129e-01 -4.82571691e-01
    -4.49630558e-01 -7.28068352e-02 -5.92907071e-02 -7.06108272e-01
    -7.77089596e-02 9.12972093e-02 -1.94828749e-01 -6.06581092e-01
    -3.63700032e-01 -5.35737753e-01 -5.18445790e-01 6.80528283e-02
    -6.15134716e-01 -6.78128600e-01 3.41862440e-02 1.68317020e-01
    -6.07265890e-01 1.02230132e-01 -5.76149166e-01 -4.40547407e-01
    2.08883882e-02 -4.03476357e-02 -4.70555663e-01 -3.66345048e-02
    -3.15026581e-01 -4.82386351e-03 -5.24686754e-01 -4.00058627e-01
    -2.84201920e-01 -7.95336425e-01 -7.46832371e-01 -4.78062332e-01
    -1.94749236e-02 -6.48455977e-01 -6.54922068e-01 -7.60603607e-01
    -4.61352319e-01 -6.43104434e-01 -9.90678668e-02 -7.44249940e-01
    -7.70541072e-01 -2.59615242e-01 -1.64260924e-01 -3.75064284e-01
    -4.50890958e-01 -3.94226313e-02 -1.82276964e-02 -2.80318320e-01
    -3.81895721e-01 2.14086771e-02 -8.59658241e-01 -3.99457306e-01
    -3.15393448e-01 -4.33083475e-01 -7.05182135e-01 -2.76770353e-01
    -3.99504066e-01 -2.98346430e-01 -2.47736663e-01 -1.57749593e-01
    -6.39664650e-01 1.19630456e-01 -3.41664761e-01 -1.55343890e-01
    -7.32125163e-01 -7.21596479e-01 -4.84362841e-02 -2.61080354e-01
    -5.51538110e-01 -1.87889874e-01 -5.54802418e-01 -6.18236303e-01
    -3.16846013e-01 -5.39455652e-01 -5.81004262e-01 -4.44063872e-01
    -2.71733850e-01 3.21162343e-02 -1.68668032e-01 1.71997845e-01
    -4.11029041e-01 -4.17505622e-01 -6.35637641e-01 -3.49140108e-01
    -6.18252635e-01 -1.87427998e-02 2.17188537e-01 -2.10802019e-01
    6.51434064e-02 -2.81341553e-01 -1.31423891e-01 -2.45691240e-01
    -2.94890404e-01 -6.65758133e-01 6.69403672e-02 -6.13328040e-01
    -2.43813992e-02 -2.19828546e-01 -2.40001321e-01 -5.37012696e-01
    -1.64991260e-01 -1.33128166e-02 -5.18851638e-01 -5.82351327e-01
    -3.14352393e-01 -9.66414213e-02 -3.60704184e-01 -4.61888969e-01
    -6.93634510e-01 -2.40868986e-01 -3.10604513e-01 -7.60665178e-01
    -2.82986879e-01 -2.14325190e-02 1.16656482e-01 -1.22793257e-01
    -6.63207948e-01 -6.69182599e-01 -1.32156253e-01 -9.70258117e-02
    -1.73352003e-01 5.31374216e-02 6.45911694e-03 -7.79753208e-01
    -6.24680877e-01 1.77160740e-01 -5.35043478e-01 -6.52705133e-01
    8.07719231e-02 2.42022157e-01 -6.65596128e-01 1.21575654e-01
    -6.47364378e-01 -1.61298513e-02 -4.85496044e-01 -4.64287698e-01
    -5.00117540e-01 -7.93573260e-02 -5.66922963e-01 -5.03761172e-01
    -1.75356150e-01 5.38103580e-02 -4.48644966e-01 -1.09668136e-01
    -3.97854865e-01 1.76115751e-01 -4.08387661e-01 -2.06677318e-02
    -7.19220042e-02 -6.65015578e-02 -6.80443645e-01 -4.60242331e-01
    -5.97270906e-01 -5.02722621e-01 -1.11801386e-01 -3.97775888e-01
    5.47038317e-02 -4.98926818e-01 -3.67700428e-01 -2.62407839e-01
    -2.59070396e-02 -1.22465253e-01 -4.78526056e-01 -1.48076117e-01
    -4.17717725e-01 -6.77818954e-01 -5.67242384e-01 -3.84689391e-01
    -1.62126839e-01 -5.27983546e-01 -4.48173881e-02 -1.70071483e-01
    -4.27034676e-01 -7.82532871e-01 -3.44935298e-01 -1.54108405e-02
    7.01481104e-02 -2.88151443e-01 -5.79186440e-01 -6.20780826e-01
    9.19729471e-02 -7.26194978e-01 -9.63657498e-02 1.25638008e-01
    -6.47989631e-01 -8.36662054e-02 -4.93377119e-01 1.81144714e-01
    -1.66193604e-01 7.76365995e-02 -3.28574747e-01 -3.20995390e-01
    -1.84275717e-01 -2.50675619e-01 5.31244278e-03 -3.35130811e-01
    3.22999358e-02 1.10391915e-01 8.35925341e-03 -4.44290698e-01
    -5.66980839e-01 -3.92632842e-01 -4.49707597e-01 -2.33537793e-01
    -1.25598907e-03 1.05350316e-01 1.55851841e-02 -5.85258126e-01
    -5.52726507e-01 -6.71428800e-01 -2.67590404e-01 -2.29525089e-01
    -2.84569681e-01 -7.85414577e-01 1.75255597e-01 -8.08404386e-01
    -4.01349366e-01 4.70008850e-02 -5.34553528e-01 -2.17077732e-02
    -4.24720019e-01 -6.42352223e-01 -2.27113545e-01 -7.89620101e-01
    -6.85141504e-01 -5.43894529e-01 9.32759643e-02 -1.04803920e-01
    2.83445716e-02 -4.17164207e-01 -6.00720942e-01 -1.94251239e-01
    -6.91253901e-01 -6.32686138e-01 7.16646910e-02 -7.00496435e-01
    -1.51342154e-01 -2.27031767e-01 -7.14572668e-01 1.92014873e-01
    2.75932550e-01 -3.15677077e-01 -4.52313066e-01 -9.24333334e-02
    -5.28511465e-01 -2.91771889e-02 -1.07414007e-01 -7.02629685e-01
    -2.92725921e-01 -1.36119604e-01 -3.91672790e-01 -1.84685647e-01
    -4.24270034e-02 -5.05630970e-01 1.08481646e-02 -1.82139456e-01
    -2.34412551e-02 -6.80917501e-02 -3.28691065e-01 -8.31776977e-01
    -5.39506614e-01 -2.79751182e-01 -5.19408822e-01 -5.73331714e-01
    -4.64501798e-01 6.01237416e-02 -4.94404703e-01 -1.92101240e-01
    -3.46069098e-01 -3.15819383e-01 -6.90224767e-01 1.53818786e-01
    1.78075969e-01 -7.28359818e-02 -7.61273324e-01 -3.08214277e-01
    -4.38252360e-01 8.79496932e-02 -3.30798209e-01 -1.08408451e-01
    -1.60903931e-01 -5.43371439e-02 3.88873219e-02 1.27280593e-01
    -2.62239158e-01 -1.97927356e-02 -3.97224009e-01 -8.95810723e-02
    -2.39579082e-01 -2.80120015e-01 -5.01104593e-01 -4.39993769e-01
    -3.04253638e-01 -7.41638422e-01 -9.82467532e-02 -6.90822601e-02
    -6.13145232e-01 6.02558851e-02 -5.83068073e-01 -6.20118558e-01
    8.44381452e-02 -1.44348562e-01 -2.27712214e-01 -9.92312431e-02
    -1.48359895e-01 -3.51426601e-02 -3.06538701e-01 -7.36204922e-01
    -2.07078993e-01 -1.05975091e-01 -5.23912430e-01 -1.19183660e-02
    2.34630048e-01 -1.11322701e-01 -5.00556827e-02 -4.04381692e-01
    -3.45544726e-01 -4.14568543e-01 -3.09221387e-01 -1.87056363e-01
    1.72367930e-01 -7.23306537e-01 -8.96989703e-02 -5.95502377e-01
    2.56931126e-01 -4.67513353e-01 1.20900512e-01 -6.26424611e-01
    -3.98962140e-01 1.21058226e-01 -6.30251110e-01 2.15362430e-01
    -4.63549972e-01 -2.52417862e-01 4.16706800e-02 -5.14008522e-01
    -5.34148455e-01 -1.51583552e-01 -6.37195766e-01 1.44743681e-01
    3.72558832e-03 -7.07488656e-01 -1.77385092e-01 -4.81544107e-01
    -4.96558309e-01 -4.84111190e-01 1.39716029e-01 -3.31220329e-01
    2.21189320e-01 -4.45167899e-01 -5.40199518e-01 -3.65042686e-03
    -3.12268138e-02 -5.98237991e-01 -5.85215747e-01 -2.36071348e-01
    -4.15157914e-01 -5.87991118e-01 -4.67130870e-01 1.90178156e-02
    -1.53801978e-01 1.28875971e-02 -2.29703188e-02 -7.85495341e-01
    -5.06471872e-01 -1.64059043e-01 7.66217709e-02 -6.39576137e-01
    -2.67788172e-01 -7.01282620e-01 -6.66506350e-01 -5.68684399e-01
    -1.63138270e-01 -5.25110960e-01 8.77513885e-02 -6.11680031e-01
    -1.12904489e-01 -2.52935886e-02 -4.88501608e-01 -3.83361578e-02
    -1.43982172e-01 -1.85678720e-01 -5.19417346e-01 -5.35430670e-01
    -1.88057423e-02 -4.13824677e-01 -4.67621326e-01 -6.60640955e-01
    7.91853070e-02 -6.96882546e-01 -2.03674018e-01 -4.06255066e-01
    -1.88386679e-01 -1.82628751e-01 -7.42314816e-01 -4.82163221e-01
    1.58119738e-01 -7.27010071e-01 -2.73663551e-01 -3.26061666e-01
    -4.93010879e-02 -4.19893950e-01 -2.13196158e-01 -6.22394323e-01
    -4.72569048e-01 3.21363151e-01 -6.30095243e-01 -5.81157088e-01
    -1.52902603e-02 -1.58166051e-01 -4.37372148e-01 -1.92161262e-01
    -5.90864539e-01 -5.95709860e-01 2.57765830e-01 -2.72835493e-01
    -4.26883280e-01 -6.58664405e-01 4.28047776e-02 3.72338295e-02
    -1.95596933e-01 1.10513449e-01 -3.90080690e-01 -5.06018102e-01
    -6.59861445e-01 1.27394915e-01 4.10609245e-02 -3.41182232e-01
    -5.89233696e-01 5.31980395e-02 -6.17215335e-01 -1.63338363e-01
    -2.72687852e-01 -7.25952983e-02 -1.17780387e-01 -1.70085907e-01
    -1.57431781e-01 -2.39212036e-01 1.92988515e-02 -3.32354605e-01
    -5.62060714e-01 -7.05818117e-01 1.11358881e-01 -6.93862915e-01
    -2.38103807e-01 -2.53942490e-01 9.58179235e-02 -4.24843460e-01
    6.81791008e-02 -1.41845971e-01 -7.81714916e-03 -2.88716972e-01
    -6.30075812e-01 -8.44506860e-01 -4.25542295e-01 9.85196233e-02
    -6.40948534e-01 -2.15016603e-01 -1.55496657e-01 -2.71982133e-01
    -5.42640090e-01 -1.75639093e-01 1.62420690e-01 1.61614001e-01
    -3.65986109e-01 -3.01587552e-01 1.46756589e-01 -8.90807509e-02
    -1.50104761e-02 -3.22851419e-01 -7.94597387e-01 -5.20784020e-01
    -3.40122223e-01 -1.64056957e-01 -1.04682446e-01 -4.02432203e-01
    1.44026160e-01 -7.49372363e-01 -6.96724713e-01 1.26680732e-02
    -4.97619629e-01 -2.69264221e-01 3.12684178e-02 -1.97395384e-01
    7.60600567e-02 -5.77788949e-02 -3.26690137e-01 1.07463837e-01
    -2.48255372e-01 -1.73968017e-01 -1.41750872e-01 -7.59706020e-01
    1.32862329e-02 6.71011806e-02 -6.41604900e-01 -1.31404638e-01
    -5.99024296e-02 -5.20977378e-02 -6.33105040e-01 -4.96505857e-01
    1.74402416e-01 -2.96077371e-01 -6.14248872e-01 -3.57842088e-01
    2.08115578e-02 -3.04557562e-01 -1.82825446e-01 -7.69558728e-01
    -3.15429032e-01 1.17914081e-02 -6.03436708e-01 -7.47687519e-01
    -1.74217999e-01 -3.45877707e-01 -7.02862322e-01 -4.91346300e-01
    -1.88247740e-01 -4.08983231e-02 -2.66749382e-01 -6.52521849e-01
    -2.74744630e-01 1.04296207e-03 1.42612815e-01 -3.46437275e-01
    1.42252445e-01 -6.43768370e-01 -7.11626172e-01 1.39700830e-01
    -6.25588655e-01 -9.73197222e-02 -1.15822613e-01 -4.99104410e-01
    -2.59754419e-01 -7.25667477e-02 -8.90585184e-02 -4.60096598e-01
    1.17309093e-02 -7.50290751e-01 -6.60693884e-01 -2.75505066e-01
    -7.88799644e-01 -4.86879855e-01 -5.22717953e-01 6.48018122e-02
    -3.41664255e-01 -6.32852912e-01 1.14024520e-01 -5.17768860e-01
    1.82446778e-01 -5.56121230e-01 -7.64467359e-01 -3.31467390e-03
    -1.21832132e-01 -7.48106062e-01 -2.76907682e-01 2.28749514e-02
    -6.25526190e-01 -1.78394973e-01 -6.62303507e-01 -2.03831553e-01
    -2.54383445e-01 4.87260818e-02 -6.78942084e-01 -2.25158334e-01
    -3.51002902e-01 -1.16889477e-02 -3.65560859e-01 -4.49794471e-01
    -2.85326242e-01 -1.24457479e-01 -6.67052448e-01 -2.37224936e-01
    -5.14496505e-01 -7.32525826e-01 1.18577123e-01 -7.78535128e-01
    5.77587485e-02 -6.46925807e-01 -1.68753445e-01 -2.06037521e-01
    -4.14303482e-01 -5.60993552e-01 -6.13029897e-01 -6.70345128e-01
    5.02908826e-02 2.10660040e-01 -4.67712104e-01 -3.63374621e-01
    -2.86828876e-02 -6.48485303e-01 -6.79117084e-01 -6.68088555e-01
    -2.18845785e-01 -3.95130873e-01 -3.02845567e-01 -4.97829795e-01
    -2.06085086e-01 1.11923575e-01 -1.50104403e-01 -4.69036341e-01
    -5.26139438e-01 -1.95018232e-01 -4.77750123e-01 -3.47511053e-01
    -6.91561937e-01 -9.47678685e-02 -2.46954560e-01 2.32491493e-02
    -4.06563371e-01 -7.91544795e-01 -4.94898528e-01 1.02213025e-02
    1.13801062e-01 -1.97709978e-01 -5.09304643e-01 3.20053697e-02
    -3.45972270e-01 -1.65256679e-01 -7.76408195e-01 1.30826235e-03
    -7.77978897e-01 -1.24164402e-01 -1.21919513e-01 -8.04271340e-01
    -2.31133223e-01 -6.51177347e-01 -7.43936419e-01 2.43240595e-03
    3.56931686e-02 -2.42671698e-01 -3.55162024e-02 -7.83162117e-02
    8.46481919e-02 -8.74769688e-02 2.49953270e-02 -5.21662533e-01
    1.46586895e-02 -7.04702377e-01 -3.11263204e-02 -1.91512942e-01
    -5.89927793e-01 -5.73622584e-02 4.17432189e-02 9.54352617e-02
    -2.88878292e-01 -4.39368576e-01 -9.83377099e-02 1.96527004e-01
    -4.36535984e-01 -6.36484146e-01 1.31992698e-02 -3.42539489e-01
    -6.11947179e-02 -7.54031301e-01 7.40008950e-02 1.94465697e-01
    -2.43950278e-01 -2.15636611e-01 1.06637239e-01 -4.43642110e-01
    -5.92944503e-01 1.90705121e-01 -4.50736731e-01 -1.76435709e-02
    1.68193281e-01 -7.05729783e-01 1.00099802e-01 -4.28497642e-01
    -1.42816842e-01 -5.51370859e-01 7.09457994e-02 -4.60076213e-01
    -2.83584833e-01 -4.79025751e-01 -5.01945198e-01 -3.32790583e-01
    -7.00093687e-01 5.97525239e-02 -2.01896667e-01 -5.08902073e-02
    -4.51345384e-01 -2.39456892e-01 -5.89804053e-01 7.61240721e-02
    -6.40201569e-03 -8.36727619e-02 -5.72948277e-01 -2.19684124e-01
    -8.21619630e-01 7.71706104e-02 -6.57129526e-01 -2.70522833e-01
    -3.40680778e-01 -5.35016656e-01 -7.52051890e-01 1.09896481e-01
    -1.24650240e-01 -4.92640734e-01 -2.42326140e-01 -6.57151103e-01
    -6.18934512e-01 9.18560028e-02 -4.75930214e-01 4.08771932e-01
    3.04006040e-02 -4.17975187e-02 -7.24592209e-01 2.01449394e-02
    -2.94053257e-01 -1.60624444e-01 -4.32463288e-02 -7.14027286e-01
    -4.22043145e-01 -3.24947864e-01 -4.85161841e-01 -1.60698831e-01
    -5.16916990e-01 -5.98660350e-01 -4.40287709e-01 -6.69904828e-01
    -7.10668683e-01 2.40830541e-01 -5.44075370e-01 -1.83506608e-01
    -2.34728515e-01 -2.52610445e-02 -2.76043773e-01 7.56689906e-02
    -1.01982892e-01 -5.62401414e-02 -3.27399373e-01 -1.37316227e-01
    -5.44569850e-01 -4.91279006e-01 -5.53300500e-01 -5.69133580e-01
    -1.00556672e-01 -6.17468119e-01 -2.00447679e-01 -3.82275552e-01
    -4.36339527e-01 -8.06301475e-01 -1.59073830e-01 2.71247029e-02
    -4.82810587e-01 1.05476320e-01 -5.35615802e-01 -6.33217454e-01
    2.52065659e-01 -3.11969340e-01 -1.72711194e-01 -5.98456800e-01
    -5.98963857e-01 -2.13602751e-01 -4.98525172e-01 -6.11918211e-01
    -1.42555654e-01 -1.45341098e-01 8.10908079e-02 -7.70006120e-01
    -1.34902656e-01 -3.85200024e-01 -3.45497936e-01 -7.43626714e-01
    3.64962220e-02 -1.18660033e-01 -1.09274209e-01 -3.24518681e-01
    -8.07471693e-01 -3.51024091e-01 6.16388917e-02 -1.97581649e-02
    -1.56777620e-01 -1.12910926e-01 -1.48270130e-02 -5.10249376e-01
    -4.27547216e-01 -9.97078419e-03 -7.44145215e-01 -2.97087550e-01
    -7.72833586e-01 -4.35760558e-01 1.22781157e-01 -3.99770796e-01
    -2.99818635e-01 -4.80922699e-01 1.08402967e-01 -7.07960129e-01
    -6.23430848e-01 -1.37775660e-01 -2.29119122e-01 4.83044386e-02
    -1.25940263e-01 -2.69216061e-01 -7.15122521e-01 -4.54957396e-01
    -3.11017573e-01 -1.18694186e-01 -1.85216784e-01 -3.07071269e-01
    -7.37259567e-01 2.27442980e-02 -6.62106276e-01 -6.83904827e-01
    -6.75606489e-01 -6.33077621e-02 1.69512928e-01 -6.06949210e-01
    -5.67681432e-01 -4.00441587e-01 -3.45295966e-01 3.36356163e-02
    -6.10001326e-01 -1.95348859e-02 -4.04133826e-01 -1.29837096e-01
    -6.93367720e-01 -9.02679563e-02 -1.81347430e-01 1.21265650e-02
    -5.61581254e-02 -2.10387647e-01 1.54776335e-01 -6.89550042e-02
    -6.27489805e-01 -5.49775839e-01 2.42798924e-02 1.97574377e-01
    1.20342433e-01 -5.25704443e-01 1.22752368e-01 -2.13912666e-01
    -3.56840312e-01 1.89771116e-01 -2.19324529e-01 -4.59678531e-01
    -7.20664382e-01 1.06648207e-01 -3.20756853e-01 -4.11321372e-01
    -5.72411418e-01 -6.71291471e-01 -2.55892277e-02 -4.17091131e-01
    -4.25249100e-01 -2.20866084e-01 -3.56417894e-02 1.92291141e-02
    -1.03664339e-01 -7.20412672e-01 -3.65379721e-01 1.20552897e-01
    -7.44393766e-01 -5.01903176e-01 -2.67427325e-01 -5.09458244e-01
    -5.72871208e-01 -5.05360305e-01 -6.57198668e-01 1.80056036e-01
    -2.55559295e-01 -5.37778258e-01 -3.11915278e-02 -3.60504419e-01
    -3.08518469e-01 -2.65799403e-01 -7.79344916e-01 -6.66711986e-01
    -5.56589842e-01 -5.18666267e-01 -5.74036181e-01 -7.59000361e-01
    -5.92618227e-01 1.89048052e-01 -7.76540160e-01 -1.77731156e-01
    4.61242199e-02 -4.94982541e-01 2.64933109e-02 1.31953061e-01
    -5.39620697e-01 -3.93277407e-02 -1.33120596e-01 -9.01668668e-02
    -5.27267098e-01 -3.03332657e-01 -7.43362188e-01 -7.42837906e-01
    -1.34498119e-01 -1.84065104e-03 -6.82762206e-01 -2.31959522e-01
    -4.54732299e-01 -3.30250859e-01 -4.72124755e-01 2.26636410e-01
    -5.55493593e-01 -5.23332000e-01 1.09714150e-01 2.11662531e-01
    -5.53578138e-03 -3.26312423e-01 -2.09200978e-02 -5.15566409e-01
    -5.39383054e-01 -6.79288089e-01 2.36048281e-01 2.12562621e-01
    -5.85973382e-01 -2.74333835e-01 -2.41573095e-01 -3.62543464e-02
    -4.39035892e-01 -4.05256659e-01 -4.65584874e-01 -2.85403728e-01
    -3.35582942e-01 -4.31999713e-01 -6.66415334e-01 -6.36813045e-01
    2.09905207e-01 -3.67163181e-01 -1.30697191e-01 -6.66533113e-02
    -9.70870256e-02 -4.47575301e-01 -6.33636117e-01 1.06927216e-01
    -6.58122480e-01 -5.78426719e-01 -4.33882862e-01 2.18140602e-01
    -6.76664889e-01 -4.56565261e-01 1.55579388e-01 -7.38227487e-01
    6.70984983e-02 -2.89644718e-01 -5.26245296e-01 -6.18253410e-01
    -2.19764113e-02 -2.90886462e-01 -6.70256913e-01 -2.25724041e-01
    -3.81450355e-01 6.80212379e-02 2.93689370e-02 -8.75791907e-02
    -1.91924751e-01 -5.58266997e-01 -3.42554957e-01 -8.82508755e-02
    -7.70262599e-01 1.43762708e-01 -2.70203710e-01 -1.43508911e-01
    -5.59393167e-01 1.80474520e-01 -6.39398694e-02 1.25466466e-01
    -2.76729912e-01 -4.80418086e-01 1.44204319e-01 2.34617591e-02
    -3.70078683e-02 -3.53493810e-01 -3.35308760e-01 -8.91927481e-02
    -4.39507663e-01 -5.55626154e-02 1.33303642e-01 -2.43975759e-01
    -2.29713976e-01 7.16489553e-02 8.29149485e-02 -4.76659715e-01
    -6.10856175e-01 1.88648164e-01 -5.87252975e-01 8.03210139e-02
    -5.78900933e-01 -6.69422150e-02 -1.77857757e-01 -6.12721384e-01
    -4.39714611e-01 -1.23445749e-01 -6.64691448e-01 -5.81722260e-02
    2.78396428e-01 -2.51277506e-01 -2.97529817e-01 -4.30658191e-01
    -2.39624977e-02 -2.07868516e-01 -7.12450802e-01 -3.87282342e-01
    -5.28741002e-01 -5.68247020e-01 -6.50958657e-01 -7.22350597e-01
    -2.97737777e-01 -1.86714709e-01 -7.43947506e-01 -2.09867179e-01
    -2.33125836e-01 -6.08939648e-01 -4.43135858e-01 1.52520537e-01
    -4.80518997e-01 -3.28451931e-01 1.36365116e-01 -4.62989211e-02
    -5.31001449e-01 -5.22763729e-02 1.53819978e-01 -1.62335277e-01
    -3.18114489e-01 1.71174765e-01 -3.78223091e-01 -7.35856652e-01
    -1.41373754e-01 -5.02030849e-02 5.98418117e-02 3.65259051e-02
    1.31347358e-01 -3.57951105e-01 -2.34385192e-01 -7.95349598e-01
    -2.04639792e-01 -3.63386571e-01 -2.43137717e-01 -7.22986460e-01
    -3.48163873e-01 -3.88998181e-01 1.64210677e-01 -5.53674996e-01
    -3.80083144e-01 1.65405869e-01 -1.21861696e-03 -1.20312333e-01
    -4.98252034e-01 -5.08056521e-01 -9.91188288e-02 -2.83860475e-01
    -3.54825377e-01 -5.24716139e-01 1.86299086e-02 -5.10600805e-01
    -4.97743428e-01 -4.66818601e-01 -5.35207987e-03 -7.17460036e-01
    -4.12284136e-02 -4.91197705e-02 -6.25285268e-01 -4.82582361e-01
    -1.09359622e-01 -3.37885737e-01 1.07562721e-01 -2.17683196e-01
    -2.54289210e-01 -3.74657631e-01 -6.93548322e-02 -3.94858897e-01
    8.76784325e-02 -6.65035129e-01 5.73764443e-02 -5.90761900e-01
    -5.50415516e-01 -1.92560852e-01 -7.46080756e-01 -1.95640028e-01
    -6.11843884e-01 -2.00566053e-01 -1.57029092e-01 -5.57970643e-01
    -3.14427376e-01 -3.14630896e-01 -6.59259558e-02 -4.59768027e-01
    -3.96499008e-01 -7.05608845e-01 -6.53348804e-01 1.84662342e-02
    -1.84455037e-01 -1.70416951e-01 1.25358164e-01 -7.31964529e-01
    -3.41147751e-01 -5.86629808e-01 9.97066498e-04 -6.01759076e-01
    9.54669714e-02 -6.46953166e-01 2.13937581e-01 -2.60036469e-01
    -2.90309966e-01 1.23033881e-01 -4.43490982e-01 -7.41919279e-01
    -9.80670452e-02 1.80524766e-01 -4.59652185e-01 -7.54544735e-01
    6.16983175e-02 9.46809649e-02 -2.82490969e-01 -3.68205249e-01
    2.00662374e-01 -4.86491919e-02 -6.71395898e-01 -1.19121373e-01
    2.24355519e-01 -2.76421309e-02 6.07520342e-03 -5.00717640e-01
    -3.64301324e-01 -5.76220512e-01 -7.47593284e-01 5.60496449e-02
    -5.56574702e-01 -7.92153478e-02 -2.20801592e-01 -3.73860180e-01
    -1.71487689e-01 -7.76700974e-02 -5.85657835e-01 -1.35094285e-01
    -6.48471236e-01 -6.48005366e-01 9.03395414e-02 6.54470325e-02
    -4.84828770e-01 -3.01732421e-02 -8.34959090e-01 -4.38675284e-02
    8.60964060e-02 -7.54202425e-01 -2.72254586e-01 -1.25992298e-03
    -5.08881509e-01 -5.07200599e-01 -7.35608995e-01 -6.34258389e-02
    -6.71846986e-01 -7.04014659e-01 -1.10104561e-01 -6.45429373e-01
    -7.60690987e-01 1.02136612e-01 7.64435530e-03 -5.27678013e-01
    -3.65777880e-01 -7.28641987e-01 -2.24059641e-01 -7.35360324e-01
    -4.83887672e-01 -1.48250818e-01 -5.77721238e-01 -4.77481991e-01
    -1.30650401e-02 4.59951162e-02 -3.60297024e-01 -5.00734925e-01
    -1.63832188e-01 -2.03347206e-03 -1.63289011e-01 -4.07678992e-01
    -2.22230136e-01 -4.47764099e-01 -3.47193301e-01 1.84002876e-01
    4.76664305e-02 -5.42560577e-01 -1.20171070e-01 -2.43456334e-01
    -4.83246148e-01 3.14317346e-02 -2.73791671e-01 -3.65251303e-03
    -4.89054203e-01 -4.78853822e-01 -5.21952689e-01 -1.15866840e-01
    -2.83383429e-01 9.12414789e-02 -6.13194108e-01 -6.04280353e-01
    -5.91123104e-03 -4.91771042e-01 -5.04612327e-02 -5.20262241e-01
    -6.26350343e-01 -2.63866186e-01 -1.52197123e-01 -2.70202219e-01
    -6.25541210e-02 1.74514651e-02 -1.56214952e-01 -1.02398276e-01
    -7.55093813e-01 -4.61010784e-01 1.14276171e-01 -7.72366047e-01
    -3.45476240e-01 -1.08424008e-01 -6.79003835e-01 -2.17375815e-01
    1.47064090e-01 -3.21945071e-01 6.24185801e-03 -7.20876515e-01
    1.73879385e-01 1.69101715e-01 -7.48724937e-02 6.26038313e-02
    4.25192833e-01 2.76757121e-01 1.38437390e-01 -2.98119485e-01
    -5.02788186e-01 -4.98334765e-01 -7.97241271e-01 6.49163723e-02
    -1.72517955e-01 -8.23556185e-02 -5.86977541e-01 -1.56408548e-01
    -1.07128620e-01 4.73113060e-02 -3.96309495e-01 -5.09088099e-01
    -1.25392556e-01 -2.63054371e-01 4.77602482e-02 9.97738242e-02
    -3.22443038e-01 -5.50140381e-01 -2.17993259e-01 8.34215283e-02
    -5.15768528e-01 -4.77737784e-02 3.60218883e-02 -6.34776771e-01
    -1.98202670e-01 2.89206922e-01 -3.26992810e-01 -4.95106488e-01
    -3.70381474e-02 -5.04151225e-01 -4.10948873e-01 9.23004150e-02
    -9.02947187e-02 -3.82977724e-03 -9.19997096e-02 -2.01260626e-01
    2.32303143e-02 -1.24651253e-01 -5.89330912e-01 -1.88297212e-01
    -4.03336674e-01 -6.58404708e-01 -4.27329153e-01 7.09318519e-02
    -2.90157318e-01 -1.97906971e-01 -6.20122850e-01 -1.31727219e-01
    -1.99395955e-01 -3.19757819e-01 -6.42060637e-01 -6.73612475e-01
    -5.10771036e-01 -6.29628658e-01 1.20074928e-01 -6.22821689e-01
    -1.91256344e-01 -7.38159180e-01 -4.79462147e-01 -7.22671509e-01
    -1.90202177e-01 -7.55410790e-01 -8.22349787e-02 -2.64408708e-01
    -5.09331763e-01 -5.32419682e-01 -1.98353708e-01 -7.11881399e-01
    -7.16007113e-01 1.36425912e-01 -5.11107445e-01 -1.34249926e-02
    -6.61893845e-01 -2.88253725e-01 -5.58165848e-01 -3.59680086e-01
    -4.48162556e-02 1.18803680e-01 -7.50571609e-01 -5.31804562e-03
    -5.99216819e-01 -6.45687580e-01 -7.10797787e-01 -4.90236044e-01
    -6.98633254e-01 -2.77207434e-01 -4.21862721e-01 1.19763434e-01
    -1.22706592e-01 -4.78428602e-01 -7.94449091e-01 1.21007323e-01
    1.04884207e-01 9.28271413e-02 -3.26259464e-01 1.26474380e-01
    -4.19535220e-01 -5.49857855e-01 -3.64764541e-01 -2.10636139e-01
    1.00136340e-01 -3.65979493e-01 -3.81745636e-01 -3.05450439e-01
    -5.66344142e-01 -2.81988919e-01 -4.49522972e-01 -5.85601926e-02
    -1.45551562e-02 -4.62354481e-01 -7.20724821e-01 -1.12491846e-03
    -6.73645496e-01 -3.19356740e-01 -4.93281305e-01 -1.72375858e-01
    -5.14559388e-01 1.75510824e-01 -2.77953357e-01 -6.29613936e-01
    7.95277357e-02 -5.92723846e-01 -4.30308908e-01 -4.10156608e-01
    -6.85840547e-01 -7.23853707e-01 -5.95553517e-02 -4.22225267e-01
    -2.25976169e-01 -4.65047777e-01 6.17052317e-02 -5.93852341e-01
    -3.80493522e-01 -3.47925603e-01 -4.85869199e-01 1.15096509e-01
    1.11969471e-01 -3.71971458e-01 -5.40275395e-01 -2.45540500e-01
    -1.60678506e-01 -3.45146328e-01 -5.69328904e-01 -1.52383745e-01
    2.64748335e-02 -3.05810988e-01 -4.04049844e-01 -4.50422943e-01
    3.11161876e-02 -1.25662684e-01 -5.67118585e-01 9.15051103e-02
    -4.87597615e-01 -5.85589409e-01 -4.65828896e-01 -1.52636647e-01
    1.15711033e-01 -3.67238611e-01 2.75076032e-02 -1.23706162e-01
    -3.89425248e-01 -1.68046355e-02 -1.13206685e-01 -5.01631796e-01
    -4.54368174e-01 6.33355975e-02 -7.44455636e-01 -3.97789985e-01
    -6.23744130e-01 -4.10956532e-01 -1.01428986e-01 -2.96347082e-01
    -8.28135371e-01 3.95673513e-03 7.19214082e-02 -6.44891262e-02
    5.46944141e-03 -4.73282993e-01 1.43721581e-01 -7.47901618e-01
    -6.66650295e-01 -1.34466231e-01 -2.57648468e-01 -3.31247181e-01
    -3.64845008e-01 8.93507004e-02 1.58054590e-01 -3.07138979e-01
    3.21227312e-03 -2.75078356e-01 -4.05453742e-01 -4.18075860e-01
    -1.75074756e-01 1.42558575e-01 -4.08120155e-01 -2.13386118e-01
    -3.59044671e-01 -2.90118575e-01 -2.88889885e-01 -4.25020456e-01
    -6.17963552e-01 1.50210917e-01 5.07774949e-02 -7.08530843e-01
    -3.91415745e-01 -6.56730950e-01 4.53748107e-02 7.03455806e-02
    -3.42714518e-01 -1.17276907e-01 -6.91049099e-02 -5.96708298e-01
    -5.56327522e-01 -1.39675796e-01 -2.59409547e-02 -7.08069086e-01
    1.96677387e-01 7.43835568e-02 -4.79874641e-01 1.22400165e-01
    -4.67342138e-03 -4.66203332e-01 1.06432140e-01 2.35355496e-01
    -1.98965728e-01 1.71177924e-01 2.38558650e-02 -6.95698261e-01
    1.80721283e-04 -3.64749879e-01 -9.20519829e-02 -5.41667700e-01
    -5.75658560e-01 1.03685737e-01 5.05965948e-03 -5.42844415e-01
    -2.36704528e-01 -5.81071496e-01 -6.01057887e-01 -2.35708237e-01
    -4.78217334e-01 -7.24905550e-01 -1.89859748e-01 -6.58625364e-01
    -1.13119245e-01 -4.48835492e-02 -5.71024358e-01 -3.93663645e-02
    -6.43154860e-01 -2.77429730e-01 9.60383415e-02 2.44000733e-01
    2.69321263e-01 1.10813439e-01 -6.84990287e-01 -5.00149131e-01
    5.62269688e-02 -7.53630996e-01 -3.13001394e-01 -6.92626238e-01
    -5.35693944e-01 -2.15956628e-01 -5.86338341e-01 -1.95922136e-01
    -4.07098532e-02 -6.71500742e-01 -6.50537014e-01 -4.45173383e-01
    -1.22181177e-02 -6.31540895e-01 -7.02564120e-02 -6.63480103e-01
    -7.06539869e-01 -5.56046605e-01 -5.37572742e-01 -2.54352927e-01
    -3.70802462e-01 -6.58588290e-01 -3.75818074e-01 -6.81531906e-01
    -5.98741472e-01 -5.61708510e-01 -5.50092936e-01 -3.49204093e-01
    -1.26213312e-01 -7.06583858e-02 -2.86909878e-01 1.09613776e-01
    -7.26477921e-01 -3.47381651e-01 -2.11343586e-01 -6.38151050e-01
    -1.49895847e-01 -3.41223478e-02 -1.05431199e-01 -1.79366767e-01
    -4.01389927e-01 -4.58602250e-01 -6.45162165e-01 -6.48192883e-01
    -1.90320075e-01 -3.52932632e-01 3.97242904e-02 -4.31385756e-01
    -5.55281997e-01 1.69265330e-01 -1.68883502e-01 -1.57093346e-01
    -3.21178138e-01 -4.64980006e-01 -6.19872332e-01 2.09789455e-01
    -9.64553356e-02 -1.11499846e-01 -6.09819293e-01 -1.22135103e-01
    -5.34790754e-01 -3.76474410e-01 2.30835676e-02 -2.35403359e-01
    9.60192084e-02 1.24359965e-01 8.59448314e-02 -5.64447582e-01
    -3.19317222e-01 -3.80460054e-01 8.76551867e-02 -6.42007351e-01
    -3.17900300e-01 -5.44181168e-01 1.28983855e-01 -1.96510792e-01
    -5.44289351e-02 -4.95924115e-01 -5.27074039e-01 -2.13907361e-01
    -2.04562366e-01 -2.86751747e-01 -5.20037174e-01 -8.10850859e-02
    -5.39488792e-02 -8.14533234e-03 1.49660528e-01 -6.76454067e-01
    -7.24868298e-01 -7.11941838e-01 -1.77865565e-01 -1.30145133e-01
    -3.93761814e-01 -2.01553226e-01 -2.68058300e-01 -5.64052582e-01
    -4.63147074e-01 -5.13225973e-01 -4.39418316e-01 -3.92426372e-01
    -8.60654116e-02 -8.30709934e-04 -3.19649696e-01 -5.56698024e-01
    -3.01688462e-01 7.43390322e-02 -4.95161235e-01 -7.56569624e-01
    -5.03119469e-01 -7.17442632e-02 -5.32127798e-01 -4.33450341e-02
    -1.77516103e-01 -3.62425864e-01 -6.21628940e-01 -2.15061665e-01
    -6.60515428e-01 -3.58841002e-01 -2.07718968e-01 -5.26018202e-01
    7.62920380e-02 -7.15708911e-01 -4.99089062e-01 -1.45852566e-03
    1.57573223e-02 -4.24355179e-01 -6.16014004e-03 -5.77031970e-02
    -2.42795348e-01 -2.03369141e-01 -8.00270915e-01 -2.18973994e-01
    4.16206717e-02 1.11238718e-01 -3.26509595e-01 -4.25862312e-01
    -2.80234337e-01 -4.45148885e-01 -2.12486684e-01 -3.56183946e-01
    1.20165229e-01 -4.48903978e-01 -5.36408365e-01 -6.03960454e-01
    -6.93474770e-01 -2.63861895e-01 3.09808254e-02 -7.07866490e-01
    -4.70335543e-01 -7.23634601e-01 -4.09411550e-01 -5.57547808e-02
    2.46161938e-01 -7.19842672e-01 -7.44243860e-02 1.91612422e-01
    -5.33842742e-01 -4.04571116e-01 -6.27578497e-01 -1.47253811e-01
    -5.29805720e-01 -9.54315662e-02 1.06551588e-01 -5.78325033e-01
    -1.82444751e-01 -1.51743412e-01 -6.12628102e-01 -6.09144568e-02
    5.21031022e-02 -7.64751256e-01 -2.64321625e-01 -4.94101226e-01
    -3.64579618e-01 -4.33174461e-01 -5.64513803e-01 -4.27291393e-01
    5.10492325e-02 -7.41134167e-01 4.27729487e-02 -1.02377713e-01
    1.00434721e-01 8.47595930e-02 -1.94438994e-01 -6.86224163e-01
    -5.16072273e-01 -8.42908621e-02 1.17197394e-01 -7.04084158e-01
    -5.86446166e-01 -2.66175210e-01 -1.37106717e-01 -4.94082063e-01
    -6.65735722e-01 -3.43527794e-01 -2.45456427e-01 -4.58432436e-01
    -3.76769185e-01 -1.48307890e-01 -1.27769828e-01 -4.22886789e-01
    -2.94396877e-02 -4.64993626e-01 -7.89820552e-02 -6.73110247e-01
    -8.14098120e-03 -2.80614555e-01 1.77573919e-01 -5.58231354e-01
    -3.00400555e-01 -5.92824996e-01 -2.66778946e-01 8.78673792e-02
    4.94603515e-02 -7.03879833e-01 -2.78463781e-01 -4.13307577e-01
    2.23641336e-01 -3.64101648e-01 -6.59609675e-01 -5.39695621e-01
    -5.35995007e-01 -3.54113400e-01 -4.53631341e-01 -3.63551468e-01
    -1.11988723e-01 -2.74037361e-01 -1.58787489e-01 -7.94632554e-01
    -5.94861031e-01 -4.21748996e-01 -6.80879056e-01 6.63188100e-02
    -5.88889956e-01 -6.44429326e-01 -7.30289698e-01 -6.34141803e-01
    -5.07894933e-01 1.66357517e-01 -4.61308271e-01 -3.01950753e-01
    7.04927444e-02 9.08638239e-02 -2.06194103e-01 -5.23306787e-01
    -5.03742695e-01 -3.73976201e-01 -1.47372127e-01 -7.74267077e-01
    6.10035658e-02 6.82498217e-02 -6.41692519e-01 -1.10039711e-01
    -4.14795995e-01 2.65756845e-02 7.43943453e-02 -3.48301589e-01
    -7.76694298e-01 1.40261710e-01 -6.58822656e-02 4.62982655e-02
    -6.23929381e-01 1.29421234e-01 -3.60054463e-01 7.22172260e-02
    -1.72975063e-01 -7.03827918e-01 -1.93085194e-01 1.44708395e-01
    -6.67582154e-01 -5.86781740e-01 4.85619903e-02 -6.35061979e-01
    1.50369942e-01 -9.98633504e-02 -2.55513489e-01 -2.56422520e-01
    2.18195319e-02 -2.08323181e-01 -4.72693622e-01 -5.82129836e-01
    -5.53415179e-01 -4.99232382e-01 -4.38963920e-01 -5.85258782e-01
    -3.03043395e-01 -4.12157476e-01 1.90617323e-01 9.42882895e-02
    -5.87715924e-01 -5.11560798e-01 -5.81737518e-01 -3.71201068e-01
    -1.17873430e-01 6.62273169e-02 -2.49190152e-01 -2.37296522e-01
    -5.43399096e-01 -7.77167320e-01 1.97077513e-01 -4.04885232e-01
    -5.66828430e-01 -6.65352941e-01 -6.90035403e-01 -3.94460559e-02
    -5.91706753e-01 -3.60402733e-01 -4.89924639e-01 -3.60344708e-01
    -5.18063307e-01 2.42151022e-02 -4.99268115e-01 -4.56100613e-01
    -8.99618864e-02 -2.52217650e-01 -5.53736269e-01 -6.50912285e-01
    -5.18173695e-01 -4.89712536e-01 -2.59438515e-01 -7.09691167e-01
    -5.85918307e-01 -7.70316839e-01 -8.19395781e-01 -7.45651722e-02
    1.11599922e-01 -4.34130371e-01 -2.51510739e-02 -1.73010707e-01
    -4.67709571e-01 -2.41946042e-01 -2.38044679e-01 -7.27067590e-02
    -4.31722343e-01 -2.84161985e-01 -1.27084613e-01 -1.10591769e-01
    -6.31991208e-01 -1.43288195e-01 1.42044544e-01 -5.74334025e-01
    1.47101521e-01 1.43431127e-01 -6.09135747e-01 -3.92484039e-01
    -4.50742245e-03 1.00423694e-02 -1.70628607e-01 -8.00814271e-01
    -4.61912006e-01 -7.82383740e-01 -7.48057008e-01 -5.43998420e-01
    -5.23124456e-01 -3.63270521e-01 -4.76751089e-01 -1.40591919e-01
    -1.77041590e-01 -5.28752804e-02 -9.77134705e-03 -7.95357645e-01
    -2.06988871e-01 -6.87935114e-01 6.84455037e-02 1.97125793e-01
    1.15982294e-02 1.70249701e-01 -7.10431218e-01 -9.76327658e-02
    -1.48890376e-01 -5.15114605e-01 2.30833113e-01 1.88214302e-01
    -3.05981368e-01 -7.02269256e-01 -5.87716699e-01 -5.25694728e-01
    1.60079360e-01 -2.06153333e-01 -1.74117684e-02 -7.60847926e-01
    1.00651503e-01 -1.91970587e-01 -2.47936666e-01 9.93027687e-02
    -2.52608657e-01 3.29236984e-02 -7.03146398e-01 8.36267471e-02
    -5.31687737e-01 -7.38211393e-01 5.05010486e-02 -3.32181454e-01
    -5.21333575e-01 -3.13590348e-01 -1.65179670e-01 -2.18420148e-01
    -6.88517332e-01 -1.85679495e-01 -7.52709270e-01 2.83646584e-02
    -3.16174865e-01 -1.88315928e-01 -1.14800572e-01 -3.38269711e-01
    -4.37539637e-01 -2.68005133e-02 1.49201274e-01 -7.72199452e-01
    -6.14626765e-01 1.62907660e-01 -6.86352372e-01 -5.62027276e-01
    -2.78096199e-02 -4.71449673e-01 -3.70144635e-01 -5.90109229e-02
    -8.18615079e-01 -1.27192199e-01 -7.37495065e-01 -5.89702249e-01
    -7.93874264e-03 -2.16741800e-01 -6.09558105e-01 -7.71601796e-02
    -1.03321552e-01 -4.10316795e-01 -2.59565175e-01 -2.79766858e-01
    -2.08679736e-01 1.52588844e-01 9.61709619e-02 -4.09486294e-01
    -3.48455280e-01 -4.62900281e-01 -6.94959521e-01 -1.96626782e-02
    -4.79145050e-01 -7.87165761e-01 -4.47010666e-01 -1.76805675e-01
    -6.51062846e-01 -6.63099408e-01 -5.68102717e-01 -2.80901194e-02
    -2.40529418e-01 1.02549314e-01 -4.22695547e-01 2.54988015e-01
    2.69462824e-01 -6.38792694e-01 6.45584464e-02 -3.03630084e-01
    -4.21478957e-01 -5.29120564e-02 -3.69258672e-01 -1.68736070e-01
    -6.12149239e-01 -3.58364016e-01 2.25963354e-01 2.36579478e-01
    -5.19147933e-01 -3.77397776e-01 -2.71331072e-01 -4.21122730e-01
    -2.69791096e-01 2.21701801e-01 -6.43904448e-01 1.70805931e-01
    -5.67311645e-01 2.40269661e-01 -4.68705237e-01 -7.06132054e-02
    -6.92532420e-01 -3.51908803e-02 -3.39006603e-01 -2.27681041e-01
    1.34419084e-01 -6.99704647e-01 -6.68167472e-01 -6.80489957e-01
    -3.86380196e-01 -6.41090691e-01 -6.62344337e-01 -5.20558476e-01
    -1.23176157e-01 1.03405297e-01 -3.19315791e-01 -3.95744145e-01
    -7.88135409e-01 -7.04352498e-01 -1.67442918e-01 6.72519803e-02
    -4.86977875e-01 -7.93389440e-01 1.60404623e-01 -5.45672357e-01
    -3.57253760e-01 1.63978338e-02 -3.23838830e-01 -4.07301933e-01
    4.56644893e-02 -7.35771060e-01 -7.07725286e-02 -7.18618274e-01
    7.99838901e-02 -6.35415912e-01 -9.94569063e-03 -4.25747156e-01
    1.27023518e-01 5.45475483e-02 2.17470884e-01 -2.12337554e-01
    -4.26875234e-01 -2.85082102e-01 -4.83233392e-01 5.08655906e-02
    -2.11515188e-01 1.21659040e-02 -7.26053774e-01 -2.87141323e-01
    -6.91054463e-01 -5.48721552e-01 -1.42039537e-01 -8.01165104e-02
    -2.76225984e-01 -5.13233781e-01 -5.26962280e-01 -4.50548917e-01
    -6.89324379e-01 -4.35163617e-01 -2.83016622e-01 -1.59892440e-02
    -2.59874940e-01 1.18443251e-01 1.22608364e-01 -1.77605748e-02
    2.99200416e-01 -5.04712701e-01 -3.58258694e-01 -1.59759194e-01
    1.81904197e-01 -1.12035871e-01 -5.35394073e-01 -2.90847391e-01
    1.56519115e-01 -5.91375351e-01 -7.29809165e-01 -2.39107788e-01
    -6.64258599e-01 -3.64454567e-01 -6.77580833e-01 -1.30257130e-01
    -5.19021571e-01 -9.80533957e-02 -8.31827521e-02 1.15081012e-01
    -7.46086836e-02 -6.31160736e-02 -2.47350812e-01 2.25783467e-01
    -1.69123292e-01 -5.08005619e-01 -9.61058736e-02 -3.43423426e-01
    2.98472345e-01 -5.26038170e-01 -5.52969575e-02 -6.76089406e-01
    -3.05289805e-01 -3.98601800e-01 1.66548133e-01 -4.15949196e-01
    -5.63864291e-01 -5.50467670e-01 -1.20733440e-01 -8.14947724e-01
    1.02180958e-01 -3.02904904e-01 4.09256816e-02 1.34685874e-01
    9.06504989e-02 -7.21386373e-01 1.96330130e-01 -5.55340290e-01
    2.27209389e-01 2.21990287e-01 -5.79468608e-01 -2.87273347e-01
    -5.89200974e-01 -5.72386980e-02 -4.35942233e-01 1.69172823e-01
    -6.43970966e-02 -2.49877334e-01 -6.38591230e-01 -3.94000590e-01
    -6.38426185e-01 -3.33779693e-01 1.67287350e-01 -5.90573668e-01
    -6.53414130e-01 9.59618688e-02 1.71996355e-02 -7.47618675e-01
    -5.55256605e-01 1.28709197e-01 -7.21824408e-01 -3.21918547e-01
    -2.20615864e-02 -8.46553445e-02 -4.65506583e-01 1.65750384e-01
    1.72206759e-02 -4.96394396e-01 1.63542449e-01 -6.79337978e-01
    -5.54233909e-01 -4.47819918e-01 -5.12818217e-01 -3.24302912e-02
    -2.98867226e-01 -7.28621364e-01 -4.49770331e-01 -3.56756777e-01
    -4.12391335e-01 -1.72949851e-01 -3.09367687e-01 -2.62599826e-01
    -1.82595491e-01 -1.61324501e-01 -1.73245668e-02 -1.70392990e-01
    1.83277845e-01 -5.71593523e-01 -5.64908862e-01 -2.06464827e-01
    -7.68904150e-01 -7.80933380e-01 5.37468195e-02 -3.91556978e-01
    3.69814634e-02 -4.03889418e-01 -6.77250206e-01 2.06270814e-02
    -6.17853999e-01 -4.33721036e-01 -1.61365509e-01 -3.46197426e-01
    -6.10620499e-01 -4.72875088e-01 -3.12270284e-01 -3.16336155e-02
    -3.65346670e-02 -5.52572310e-01 -2.91487277e-01 -2.97178626e-01
    -1.03773952e-01 -6.02158546e-01 -6.57097220e-01 -1.72157466e-01
    1.02218390e-01 -3.41670871e-01 7.20754266e-02 -5.76882362e-01
    -5.46325564e-01 -2.04281926e-01 -5.37736475e-01 -1.73103631e-01
    1.65276170e-01 -7.02761889e-01 -6.65088177e-01 6.36925697e-02
    3.41511369e-02 -7.96614349e-01 -3.39593112e-01 1.32217407e-02
    -6.72699571e-01 -2.21496940e-01 -9.03239250e-02 -4.09547687e-02
    -7.52317369e-01 1.94625854e-02 1.10993385e-02 -5.86139917e-01
    -5.69016576e-01 -6.53998971e-01 -3.70277077e-01 -2.80432820e-01
    -5.08019984e-01 -3.91294122e-01 -1.57098472e-01 -8.85590911e-02
    1.64411068e-02 -5.45816064e-01 -6.63114786e-02 5.63298464e-02
    -3.45302463e-01 -2.78057575e-01 -3.13639820e-01 -5.76320291e-02
    -4.59751159e-01 -4.37682301e-01 -9.62752104e-02 -6.95244431e-01
    -6.29859328e-01 -5.59700668e-01 -2.40693897e-01 -2.54266262e-01
    5.18068671e-02 -3.52932990e-01 -3.80678922e-01 5.01028299e-02
    1.91674352e-01 -6.86937749e-01 -4.42068577e-02 -4.91418391e-01
    9.20706987e-03 -4.19869155e-01 -5.62371969e-01 -3.03185284e-01
    -3.72229904e-01 -6.27343237e-01 -3.23672950e-01 -6.98833704e-01
    -3.62804651e-01 -4.88290906e-01 -1.59626663e-01 -5.61020970e-01
    -7.15713859e-01 -6.71076059e-01 2.03406811e-03 -2.14483678e-01
    2.10675001e-01 -6.39970005e-01 2.24710107e-01 -2.48822570e-01
    6.32259846e-02 4.62570190e-02 -2.22935438e-01 -1.31786883e-01
    -2.51415372e-02 -1.05245411e-01 2.50854492e-02 -1.78715348e-01
    -2.97125578e-01 -4.10436749e-01 -3.39121461e-01 -1.62482560e-01
    1.00125849e-01 -7.08121657e-01 -3.34854662e-01 -1.01323664e-01
    -3.81825089e-01 -1.29221082e-02 -4.99162406e-01 -7.01253772e-01
    -2.00813293e-01 -5.20375669e-01 -2.89871395e-01 9.71536636e-02
    -4.17761207e-02 1.76064491e-01 -2.67462224e-01 3.94263595e-01
    -1.68030053e-01 -4.83620405e-01 2.39345551e-01 -6.60642147e-01
    -6.03074968e-01 -2.73945451e-01 -2.73177743e-01 -5.74185252e-01
    -7.83191204e-01 -5.43974757e-01 -6.69908404e-01 1.16439164e-01
    -7.61121333e-01 -1.82015598e-01 -4.98998851e-01 -4.75048125e-01
    2.31295228e-01 -3.94210279e-01 -6.93842649e-01 6.21104240e-02
    -2.15592504e-01 -5.75657964e-01 -2.30287313e-02 -4.71770763e-04
    -3.57655704e-01 -6.54621720e-01 -6.37376666e-01 2.13763952e-01
    -1.36447966e-01 -9.67975259e-02 -5.58941603e-01 -3.14116895e-01
    -4.62205708e-01 1.68821514e-01 -6.15997195e-01 -6.00903153e-01
    -5.61730623e-01 1.15768433e-01 -4.92058694e-01 -3.82896245e-01
    -1.09728992e-01 -3.90328765e-02 -3.41352642e-01 -1.12895668e-01
    -1.31290793e-01 -2.83710361e-01 -2.81894565e-01 -2.13361084e-01
    7.47312903e-02 -5.93389273e-01 1.16333604e-01 -6.03415966e-01
    -6.56176746e-01 1.93515241e-01 -9.34979916e-02 -4.46651399e-01
    -6.27588332e-01 -4.80682075e-01 -4.85119700e-01 -3.13726038e-01
    1.81528926e-02 -3.28664184e-01 -4.22823966e-01 -7.40572810e-02
    -3.00496280e-01 -1.62908494e-01 4.36670780e-02 -2.49676108e-01
    -8.28694999e-01 -3.84060740e-01 -1.74545705e-01 -2.85369635e-01
    -6.25484705e-01 -4.40452248e-01 -8.59789848e-02 -5.28655887e-01
    -6.00102365e-01 -2.39481181e-01 -4.82060164e-01 -5.58511317e-01
    -3.56781423e-01 4.60645556e-02 -1.09285712e-01 -1.69768870e-01
    -6.83254421e-01 -2.00185239e-01 -2.40246177e-01 -7.34353662e-01
    -5.89200914e-01 -9.67159271e-02 1.27837360e-01 1.14588499e-01
    -7.25059986e-01 -3.66669893e-03 -4.65997785e-01 -4.94834304e-01
    -7.46310949e-02 1.18427277e-01 -4.53700691e-01 1.41621828e-02
    6.37065172e-02 -7.52537429e-01 -4.75629002e-01 -5.74256897e-01
    -2.50321448e-01 -2.63147354e-01 -5.38531542e-02 -1.64526820e-01
    1.45981967e-01 -4.70503390e-01 -6.45992815e-01 -2.96991259e-01
    5.84394932e-02 -5.07611036e-01 -5.44469535e-01 2.50217915e-02
    -6.62083924e-01 -6.74238443e-01 -4.82356280e-01 -5.17258048e-02
    -1.53785586e-01 -6.29527867e-01 -6.40848219e-01 -3.88698518e-01
    -3.40234697e-01 -6.80361271e-01 -4.56080675e-01 1.16805017e-01
    -3.01195890e-01 -4.75685567e-01 -5.91587901e-01 -1.25456452e-01
    -2.61077583e-01 -2.89603472e-01 -4.88685369e-02 -8.06362629e-02
    1.21710300e-01 -3.21106374e-01 -5.13550043e-02 9.08076763e-03
    -2.74914205e-01 -5.10495305e-01 -4.68700588e-01 -2.05355883e-03
    5.96368313e-03 -1.92308009e-01 -4.64994431e-01 -1.56965673e-01
    2.89272070e-02 -8.37076306e-02 -4.66048121e-02 -2.89704204e-01
    -3.24731827e-01 7.45242834e-02 -6.09288573e-01 -6.68471217e-01
    -1.68300867e-02 -7.04477310e-01 -7.60667324e-01 1.29078031e-02
    -4.48900282e-01 -3.65791619e-01 -6.32824242e-01 5.63077331e-02
    -3.46714675e-01 8.29116702e-02 -1.02561831e-01 -2.50478327e-01
    -6.16705894e-01 -2.59044766e-01 -2.99346209e-01 -3.62040997e-02
    -6.75824940e-01 -6.30820811e-01 -4.67479229e-02 -4.98751819e-01
    -6.89764142e-01 1.18468940e-01 -6.60910606e-02 -3.98797542e-01
    -2.66188979e-01 -1.33893132e-01 -6.49876952e-01 -1.42756402e-01
    -3.23593616e-01 -3.03653538e-01 -1.46885097e-01 -3.93252999e-01
    -1.56755507e-01 -2.43498087e-01 -2.29494810e-01 -1.71675086e-01
    -7.67670512e-01 -1.17239237e-01 -2.14901388e-01 1.21818006e-01
    -5.26000857e-01 1.60822988e-01 1.85961306e-01 -2.94862002e-01
    -5.21411180e-01 -5.93388081e-01 -5.70267797e-01 -2.90618539e-02
    -5.29319346e-01 -4.26625788e-01 -2.68319219e-01 -4.70768869e-01
    -6.31500721e-01 -3.68867934e-01 -1.33454800e-02 3.26317549e-03
    -6.94631755e-01 2.36697078e-01 -1.35211051e-01 -4.56044912e-01
    2.54589319e-02 -4.59671378e-01 2.10981488e-01 -1.60019517e-01
    -7.44554877e-01 -1.78010821e-01 -1.62338018e-02 1.70702279e-01
    2.06048489e-02 -5.33960700e-01 -1.54173136e-01 -6.41734540e-01
    1.39348686e-01 -6.25727654e-01 1.63242042e-01 -6.47051573e-01
    6.05418086e-02 -6.61261499e-01 -1.31027997e-01 -3.41973245e-01
    -6.55288219e-01 -6.04714632e-01 -2.17368603e-02 4.89192009e-02
    -6.36695147e-01 9.47222114e-02 -5.44847012e-01 1.12918317e-01
    -4.41953659e-01 -5.98445237e-01 -2.94466734e-01 -2.18083322e-01
    -1.12097085e-01 -1.91979051e-01 6.73772097e-02 8.45138431e-02
    4.71746922e-03 -6.25166297e-01 -3.43303740e-01 4.33459491e-01
    -2.97894269e-01 -3.49218190e-01 1.35130644e-01 -5.07501125e-01
    -4.14620459e-01 1.05339646e-01 -5.25189877e-01 1.16592884e-01
    -4.91766930e-02 -1.38878822e-02 -3.24027300e-01 1.07742310e-01
    -1.62725091e-01 1.03915632e-01 8.73053074e-03 1.31372154e-01
    1.48662627e-01 -1.67402387e-01 -2.57873625e-01 5.17905354e-02
    -2.30386734e-01 -6.94641948e-01 1.94364548e-01 -7.21402347e-01
    -2.58632421e-01 1.29454374e-01 -3.63513768e-01 -2.07201242e-02
    -4.41305339e-01 -6.86582983e-01 2.99776196e-02 -5.51011324e-01
    1.64416254e-01 -6.11212313e-01 -2.71308601e-01 -6.84693694e-01
    -2.93613255e-01 -3.42498630e-01 -1.08601451e-01 -4.88337576e-01
    -7.77971864e-01 -1.00370228e-01 -2.55169690e-01 -6.81797028e-01
    -5.53735614e-01 -8.12834740e-01 -4.99457628e-01 -6.75146818e-01
    -4.92901295e-01 -5.50895333e-02 -6.40723705e-01 -4.67547119e-01
    -2.72320211e-01 -6.19334698e-01 -6.84143424e-01 -5.78841209e-01
    1.79836154e-02 -6.36591911e-02 -1.36130810e-01 -1.70807362e-01
    -7.81532526e-02 -1.37052238e-01 -1.43712163e-01 -7.66767979e-01
    -5.63971400e-01 -4.94156420e-01 -4.38233614e-02 -4.43369925e-01
    -5.35691440e-01 7.10556507e-02 -8.11308861e-01 -5.20429015e-02
    1.28246069e-01 -4.25285041e-01 -5.66835761e-01 -6.50692582e-01
    -3.05678666e-01 -6.99188709e-02 1.26450062e-02 -4.29704249e-01
    -5.67945242e-01 -6.39141440e-01 1.00829303e-01 -7.31909275e-02
    -3.04139853e-01 1.07388198e-01 -4.12547529e-01 1.00010216e-01
    -4.08484548e-01 -6.06938720e-01 -7.35770226e-01 -5.80370307e-01
    -6.75735235e-01 -2.44345248e-01 -2.40960658e-01 6.25202060e-02
    -2.30860472e-01 -5.80023646e-01 -7.16323256e-02 -4.20396626e-01
    1.19336247e-01 -1.39377952e-01 -1.75042570e-01 -3.18590730e-01
    -5.56029856e-01 -1.90160215e-01 -3.63203347e-01 -9.42509770e-02
    -3.91809791e-01 -6.47814274e-01 -1.66296959e-01 -6.74986839e-03
    -2.43788838e-01 -5.14216661e-01 1.34509146e-01 9.23488140e-02
    -1.35458171e-01 8.61722231e-03 -4.17696357e-01 -4.41917181e-02
    -6.39722943e-01 -4.87999320e-02 -2.63858438e-02 -1.95285320e-01
    -8.90191197e-02 -1.45917535e-01 -5.47060847e-01 7.34412074e-02
    -1.36836410e-01 2.74737477e-02 -6.96821749e-01 -5.49941719e-01
    -4.06080484e-03 -5.65973282e-01 -6.93205714e-01 -6.60525560e-01
    4.54345942e-02 -2.63263404e-01 -4.24741328e-01 -1.00117385e-01
    -2.86404490e-01 4.42706347e-02 -7.91684270e-01 1.46668553e-01
    -7.61652708e-01 -4.46117878e-01 -2.00187206e-01 -4.83659148e-01
    -4.97992635e-02 -2.34883010e-01 -5.72495699e-01 -7.21951604e-01
    -5.69320917e-01 -6.14121556e-02 -2.90081680e-01 -2.48718739e-01
    -7.58102536e-02 -8.17884922e-01 -7.86584020e-02 -8.14155936e-02
    -4.20865297e-01 -7.42540956e-01 5.45428395e-02 -7.98190594e-01
    -2.35105395e-01 -2.20054865e-01 -1.08306289e-01 -6.08195841e-01
    -5.98563194e-01 -8.85883570e-02 -8.38665962e-02 -7.38257527e-01
    -1.47647142e-01 9.90182161e-02 1.27499819e-01 -6.56638563e-01
    -3.82642627e-01 -6.45919323e-01 2.20097780e-01 -2.66090930e-01
    -5.68190396e-01 -9.08317566e-02 5.61760664e-02 -1.73822761e-01
    -3.62711221e-01 -3.15154195e-02 -5.01931071e-01 -8.70328963e-01
    -7.53143668e-01 -1.83554590e-01 -2.02900469e-01 3.74009609e-02
    -1.19748235e-01 -7.63787508e-01 -6.65538073e-01 -3.64954829e-01
    -1.58544064e-01 -4.47282016e-01 -1.15575194e-01 -6.41172349e-01
    1.68487072e-01 -2.88552433e-01 -3.15346599e-01 3.22558284e-02
    -6.13102317e-01 -5.46505034e-01 1.38279319e-01 -6.70809388e-01
    9.36859846e-02 2.83065438e-02 -2.29638994e-01 -7.21894383e-01
    -4.74924803e-01 1.04776204e-01 -2.39304781e-01 -3.70047867e-01
    -3.04983824e-01 -2.53231257e-01 -2.88416773e-01 2.18830049e-01
    -5.85185528e-01 -3.06174427e-01 -2.26680517e-01 -4.16358590e-01
    -5.59298396e-01 -3.83273959e-01 -5.84383249e-01 4.31526303e-02
    -1.79517269e-01 -2.92587638e-01 -2.23987103e-01 -5.98141551e-02
    1.40591919e-01 -7.33057976e-01 -7.14020133e-01 -1.22507036e-01
    -1.27344787e-01 8.88371468e-02 -4.65509534e-01 8.44733119e-02
    -8.59477758e-01 -1.38176024e-01 -4.32135224e-01 4.49291468e-02
    -4.71353114e-01 -6.99541390e-01 4.81709242e-02 -6.95336461e-02
    -7.26594388e-01 -3.96169633e-01 -5.12542307e-01 -2.43605435e-01
    -6.27353787e-01 -1.16383851e-01 -4.67173278e-01 4.34878886e-01
    1.56615198e-01 7.48301148e-02 -2.84101486e-01 2.37233937e-01
    -4.22076464e-01 -2.17855275e-01 -4.98734295e-01 -6.11310720e-01
    -1.90093994e-01 1.73430562e-01 1.79346204e-02 -3.74475121e-01
    -4.48328197e-01 -4.44458336e-01 -3.01588178e-02 -5.78604460e-01
    -4.66082513e-01 -5.97149253e-01 1.14228487e-01 -2.21481740e-01
    -2.59229541e-01 -3.79783809e-01 9.68160629e-02 -6.19983494e-01
    -3.30416560e-01 -6.97126150e-01 -5.07295549e-01 2.40900397e-01
    -3.77252519e-01 -5.59939504e-01 -3.34785998e-01 1.66295409e-01
    -4.74775821e-01 -6.57676458e-01 1.38058305e-01 -3.35757375e-01
    -6.53471351e-01 -1.50064230e-02 -6.97897673e-02 -8.66570234e-01
    -3.28493714e-02 -6.89756751e-01 -3.71547222e-01 -2.69758999e-01
    1.20579600e-02 3.45110893e-05 -4.38975096e-02 -1.71369672e-01
    4.95097041e-02 2.35570669e-02 -1.95003688e-01 -3.08856130e-01
    9.70950723e-02 -3.00211966e-01 -1.11142993e-01 -4.74570751e-01
    1.36770725e-01 -7.02612162e-01 -6.44971132e-02 -6.73661470e-01
    -3.29901755e-01 -7.83752620e-01 -3.65725577e-01 -2.71818578e-01
    -1.50490344e-01 -1.70585752e-01 -3.20006609e-02 -7.80431330e-01
    -5.51944971e-03 6.00636005e-04 -5.03999352e-01 -4.36568141e-01
    1.82256699e-02 -8.12996030e-02 -5.87537646e-01 -1.32746518e-01
    -4.66149539e-01 -4.34351325e-01 5.02655506e-02 -2.03728914e-01
    -6.00868344e-01 -4.16265577e-01 -4.61559147e-01 -4.37519789e-01
    1.31353199e-01 -4.93917108e-01 -1.39796734e-01 -1.78416908e-01
    -7.00546741e-01 -1.22248352e-01 -3.83542418e-01 -7.20112920e-01
    -4.55710292e-01 -5.52675128e-02 -9.92367268e-02 -5.15683889e-02
    -6.59641743e-01 -4.28193659e-01 -4.96547818e-01 -7.52850175e-02
    -7.47171164e-01 -4.96392101e-01 -6.63820624e-01 -4.24295068e-01
    -4.35186803e-01 -6.33543730e-03 -2.88802326e-01 -4.24441695e-01
    -1.20069385e-01 -3.63089174e-01 -2.74040282e-01 -6.18049860e-01
    1.89905286e-01 -6.76809549e-01 -1.18511856e-01 -6.94239497e-01
    -4.64795887e-01 -1.42459214e-01 -4.21190709e-01 -5.06419539e-02
    6.27760291e-02 -7.55877197e-01 1.20250404e-01 -4.35133338e-01
    8.91377330e-02 -1.85401618e-01 -5.70230722e-01 -5.39731264e-01
    -1.90465987e-01 2.12046325e-01 -6.11086428e-01 -3.55973214e-01
    -6.32035792e-01 -1.29583001e-01 -1.31599784e-01 -4.64503706e-01
    -1.70769453e-01 -6.48093820e-01 -1.82249069e-01 -2.12477624e-01
    -4.00528193e-01 -5.26220322e-01 -9.16104317e-02 -6.20403349e-01
    -7.85053134e-01 -2.29724586e-01 -3.39487582e-01 -3.25191021e-03
    -7.00717747e-01 -5.68564475e-01 -5.66441238e-01 -6.65544629e-01
    -6.14333987e-01 -4.12727535e-01 -3.57337415e-01 -1.85016215e-01
    -2.19831347e-01 8.61644745e-04 -3.11981022e-01 -3.56584132e-01
    1.33902669e-01 2.31735706e-02 -4.28071260e-01 -4.65331674e-02
    -7.95155525e-01 2.02050209e-02 -2.66829550e-01 -2.98573971e-01
    -7.85673618e-01 -1.91139281e-01 -5.96172333e-01 -3.73139262e-01
    -3.39599788e-01 -6.15759671e-01 -5.53999424e-01 -5.25800467e-01
    -3.90625477e-01 -6.86129868e-01 -6.79424822e-01 -1.93979740e-01
    -1.21058702e-01 -2.52386868e-01 -3.82295936e-01 -5.10489225e-01
    -6.55627251e-03 -6.58440590e-01 -3.54620159e-01 5.45039177e-02
    -4.34863567e-01 9.67661142e-02 -5.40948689e-01 -6.36217535e-01
    -2.27537036e-01 1.26689970e-01 1.61735058e-01 -6.95938587e-01
    -3.21730971e-01 -5.25860667e-01 -5.23365498e-01 1.84522927e-01
    7.81865120e-02 -6.63628340e-01 -6.55383825e-01 -4.91807789e-01
    2.86701918e-02 1.23660088e-01 1.72978640e-03 -1.81192994e-01
    -6.94859982e-01 -6.72347665e-01 1.69489384e-01 1.47881210e-01
    1.03215754e-01 -7.54371047e-01 -7.93983340e-02 -8.91144276e-02
    -7.06944942e-01 -5.36483765e-01 -2.07704306e-01 -5.46994209e-01
    2.03845859e-01 1.81493640e-01 -5.15259862e-01 -6.73475862e-01
    1.81142211e-01 -1.36441588e-01 -3.64848793e-01 -5.32880664e-01
    -2.90799141e-02 -5.30074894e-01 -6.26750708e-01 -3.23958874e-01
    -3.87043625e-01 -5.94150424e-01 8.34935904e-02 -2.95675457e-01
    2.38546729e-02 -2.74963975e-01 -9.40426588e-02 4.22707200e-02
    7.11961389e-02 -7.91969776e-01 -4.45067972e-01 -7.53381968e-01
    -7.20774770e-01 4.10218239e-02 -3.00295234e-01 1.45468473e-01
    -4.72765148e-01 -4.96895671e-01 -7.16968775e-01 -6.58544123e-01
    -2.40667760e-01 2.31042445e-01 2.73043752e-01 -1.96010649e-01
    2.42670804e-01 -4.50089246e-01 -3.39182019e-02 -4.09767121e-01
    -4.96099114e-01 -5.79513907e-02 -6.75900578e-01 -3.94520193e-01
    -6.50940299e-01 -7.09533989e-01 -5.12373149e-01 -3.35633755e-03
    7.97297359e-02 -5.86053133e-01 2.19426155e-02 -3.63581240e-01
    -6.90329313e-01 -5.44922471e-01 1.15423918e-01 -3.57135534e-02
    1.16675854e-01 -7.13538587e-01 5.35006523e-02 -1.33078277e-01
    -6.26423955e-01 -5.48220634e-01 -3.55159163e-01 -3.95427942e-02
    -1.33952200e-01 -3.91031116e-01 1.52231693e-01 -1.60737276e-01
    -5.46172023e-01 5.01472950e-02 -3.23137581e-01 5.77659011e-02
    6.75177574e-03 7.66362548e-02 -1.27399445e-01 -4.08462942e-01
    1.20570660e-01 -1.85855269e-01 -5.42967319e-02 -2.26849318e-02
    -5.30821085e-01 -2.11540699e-01 -1.48330569e-01 -3.88755441e-01
    -2.95013428e-01 -6.43575311e-01 -2.76206136e-01 3.52897644e-02
    -1.06589913e-01 -4.03258771e-01 -5.75375676e-01 1.27448857e-01
    -1.93983316e-03 -4.03409690e-01 -8.78715515e-02 -8.22459459e-02
    -5.85744858e-01 -2.19657898e-01 -6.19824886e-01 -1.19856358e-01
    -1.38123035e-02 -2.46375978e-01 -2.92942047e-01 -5.60588002e-01
    4.04331088e-02 -2.87892401e-01 -1.04075611e-01 -6.63628578e-01
    -3.47598910e-01 -6.39467716e-01 -5.97509384e-01 -2.61236429e-01
    2.91398227e-01 -5.03917575e-01 -4.01086837e-01 -1.12926841e-01
    -4.73243624e-01 -5.68679571e-01 -6.32433414e-01 -1.48044884e-01
    -4.81299162e-02 -4.57000494e-01 -3.34094703e-01 -7.38870561e-01
    1.46433055e-01 -6.79378510e-02 1.91281021e-01 -1.92072988e-01
    -1.08021975e-01 -7.57950544e-01 -3.76538634e-01 -3.78722489e-01
    -3.41898501e-01 -2.77303994e-01 -6.17969632e-02 -4.01988387e-01
    1.47186399e-01 -5.13946295e-01 -6.38385057e-01 -3.28854203e-01
    1.45917416e-01 -1.50107384e-01 -3.22128952e-01 -5.15568852e-01
    -1.31628335e-01 -6.68188334e-01 1.50802672e-01 -7.12918043e-02
    -6.83339238e-02 -7.00288296e-01 -6.27728343e-01 -1.51520371e-01
    -3.36522520e-01 -4.64318514e-01 -5.48371136e-01 -7.17341423e-01
    6.20830059e-03 -1.52361631e-01 -2.87990987e-01 1.27535939e-01
    -4.94197190e-01 -6.65426254e-01 -3.83575886e-01 -3.01654786e-01
    -2.60066748e-01 -7.46991634e-01 -2.06527889e-01 2.41245747e-01
    -5.80079436e-01 -4.35892761e-01 -6.14731848e-01 -5.18278956e-01
    -2.73925394e-01 -5.09460688e-01 -6.64585352e-01 -2.49210805e-01
    -1.51244342e-01 1.13650441e-01 8.00967216e-02 1.30133748e-01
    -3.71790111e-01 -5.56465149e-01 -6.40419424e-01 1.65578008e-01
    1.65487051e-01 -4.51392293e-01 7.47758150e-02 4.13905382e-02
    -6.49277329e-01 -7.97751606e-01 -2.41502464e-01 -4.65372801e-02
    -3.37410569e-02 -6.64342165e-01 -5.64121723e-01 -2.50751793e-01
    -3.92979473e-01 -2.27115333e-01 -2.98142791e-01 -1.01324439e-01
    -6.98639989e-01 -3.23747188e-01 -6.55079842e-01 -2.28006244e-01
    1.39250457e-01 -6.61590457e-01 -2.61683285e-01 -7.21930265e-02
    -8.15391541e-05 -1.93045139e-01 -5.95163107e-02 -6.09226346e-01
    -1.16348982e-01 3.88177633e-02 -5.39953470e-01 -5.12595952e-01
    -6.55673862e-01 -7.62337863e-01 -4.28180307e-01 -2.85475135e-01
    -7.76092827e-01 -1.64797723e-01 -4.74993706e-01 3.69349122e-02
    -2.60487199e-01 -3.69338632e-01 -4.32359189e-01 -4.49796319e-02
    -5.78274965e-01 -2.68258095e-01 -4.59457874e-01 8.70995522e-02
    1.91642463e-01 -3.06257933e-01 -5.07766247e-01 -5.84037304e-01
    -4.60165739e-02 -3.22368264e-01 -6.65885389e-01 -3.75613570e-02
    -3.65821242e-01 -3.04196090e-01 -8.06682706e-02 -3.97120476e-01
    -2.17454731e-01 -5.78319132e-01 -3.23176473e-01 -6.78209543e-01
    7.93956518e-02 -3.40982884e-01 -9.10980701e-02 -4.34990555e-01
    -2.77293891e-01 -6.71161771e-01 1.82233393e-01 -1.36423290e-01
    -2.34135270e-01 -3.26793581e-01 -5.84875703e-01 -5.23768544e-01
    -5.30541539e-01 -1.56776965e-01 -2.82476574e-01 -6.20816052e-01
    -3.36728513e-01 -1.37448907e-01 -2.42178679e-01 -4.85379934e-01
    -4.37981844e-01 -6.39409423e-01 -5.42008102e-01 -3.50251853e-01
    -3.34562063e-01 -4.91599292e-01 -5.13360441e-01 -8.69319439e-01
    -2.11023152e-01 -2.90048182e-01 -4.72760946e-01 -2.42930651e-03
    -2.93019116e-01 -8.43019009e-01 -8.06241155e-01 1.31149650e-01
    -1.48879051e-01 1.24935210e-01 3.85454893e-02 -4.29432213e-01
    -4.95606393e-01 -2.94309735e-01 -3.97049844e-01 3.82461548e-02
    -7.75196254e-02 -3.90043050e-01 -2.45912403e-01 4.11820412e-02
    -4.12095189e-01 1.53787732e-02 -1.91799283e-01 -2.23757088e-01
    -3.54650915e-01 -3.35933268e-01 9.69802141e-02 -4.51074362e-01
    -5.99459052e-01 -2.49622107e-01 -6.36470675e-01 -3.22480083e-01
    -3.72153521e-03 -6.13471031e-01 -3.98956835e-01 -2.78287560e-01
    -7.05857396e-01 -1.52754903e-01 -7.40173221e-01 2.07572460e-01
    -4.88222748e-01 -1.08404100e-01 -1.02091312e-01 -6.48818135e-01
    -2.06016004e-01 -1.40501142e-01 -2.58644938e-01 -1.49638057e-01
    -2.15795696e-01 -5.68544149e-01 -3.38120878e-01 -2.88053036e-01
    -5.78305721e-02 -8.39477539e-01 -4.16130066e-01 -1.89922273e-01
    -3.92948449e-01 -1.02302313e-01 -3.04517865e-01 -5.94781756e-01
    -6.77978992e-03 6.23934865e-02 -7.93259025e-01 -5.49294531e-01
    -8.28671455e-02 -7.77134717e-01 -3.02952468e-01 -5.88015079e-01
    6.45298958e-02 -7.25365996e-01 -6.09229684e-01 -5.33869028e-01
    -4.86280859e-01 -8.47213626e-01 -2.66463339e-01 -3.58952284e-02
    -7.27031946e-01 -2.89308012e-01 2.02775598e-02 -8.41021538e-02
    -5.94031811e-02 -6.50048256e-03 -7.46547401e-01 -2.94945180e-01
    3.52059603e-02 -3.80959749e-01 -7.43571997e-01 -5.89849412e-01
    -9.86923575e-02 -5.90566516e-01 -1.22546852e-01 7.36594200e-04
    -1.77533984e-01 -4.84538078e-03 -4.94859964e-01 -4.49834496e-01
    1.22368515e-01 1.70064270e-01 -9.29366350e-02 1.38124526e-01
    -6.45924151e-01 2.12161422e-01 -2.61324823e-01 -2.06441164e-01
    -4.58404422e-01 -2.14332998e-01 -3.48084271e-01 3.06323767e-02
    -1.69349432e-01 -4.82361108e-01 -3.24465632e-01 -7.35846758e-02
    -4.32377636e-01 -6.36984348e-01 5.83213568e-03 -6.04420304e-02
    -2.27246284e-02 -3.97631228e-01 9.87187028e-02 -3.75708520e-01
    -6.26450896e-01 -6.61708236e-01 -5.87083936e-01 -3.54843974e-01
    -2.37849295e-01 -3.67073834e-01 -2.88267732e-02 6.58531189e-02
    -3.71447086e-01 6.66335821e-02 -5.08824229e-01 2.17464089e-01
    -1.79026842e-01 -8.19592476e-02 -2.45623827e-01 -6.26506805e-01
    -5.55365205e-01 -3.19147974e-01 -5.14758468e-01 -7.43125439e-01
    -5.75459778e-01 2.28661656e-01 -5.82236648e-02 -1.21969461e-01
    1.25290871e-01 -4.38359499e-01 9.91044044e-02 -6.06891394e-01
    -8.72669816e-02 -4.48866099e-01 -3.10677290e-01 2.17761874e-01
    -3.25496197e-01 -1.34068966e-01 8.28371048e-02 -6.48681998e-01
    -6.60269856e-01 -7.02124476e-01 1.60263479e-01 -2.10352957e-01
    -2.22229362e-02 -7.99482346e-01 -1.21545911e-01 -4.87801701e-01
    -1.46364152e-01 -7.42011786e-01 -1.12049758e-01 -1.05961561e-01
    -5.92686653e-01 1.02095008e-02 -6.12053871e-02 -2.80757666e-01
    -5.92030287e-02 -1.39899909e-01 -4.59830463e-01 -7.47514486e-01
    -1.51925802e-01 -7.02934623e-01 1.36736870e-01 -3.75225961e-01
    5.62878847e-02 -6.75692081e-01 -7.60132670e-02 7.22061396e-02
    -2.49012709e-02 -3.45851243e-01 1.66106224e-02 -1.88187718e-01
    -3.95680279e-01 -3.13663602e-01 -2.32917607e-01 1.30595386e-01
    -3.97505760e-01 -5.64603209e-02 1.27905667e-01 -6.78670406e-03
    -2.72689641e-01 3.30426693e-02 -4.91972834e-01 -4.36485380e-01
    -5.48519135e-01 9.68441963e-02 -1.64065540e-01 7.28032589e-02
    -1.39546990e-02 -6.04374409e-02 -2.02957094e-01 -7.26448655e-01
    -1.41867876e-01 -3.36833894e-01 -2.04864085e-01 -5.27546287e-01
    -5.21187186e-01 -3.47352028e-02 -1.97174907e-01 1.52083755e-01
    -7.74310112e-01 -1.59434199e-01 2.44832456e-01 -6.61076307e-01
    9.69697237e-02 -2.21020818e-01 -2.95602024e-01 -1.30718946e-03
    -5.47430396e-01 -6.58054233e-01 -4.90799546e-02 -6.60031438e-01
    -4.36464369e-01 1.67341769e-01 -3.34016562e-01 1.03216708e-01
    -4.88711417e-01 -1.54243648e-01 1.15381479e-01 -1.94424629e-01
    -3.76393557e-01 -6.24734581e-01 2.17344224e-01 -6.18484139e-01
    -3.89898807e-01 -4.34842169e-01 -2.07853973e-01 1.84680164e-01
    -5.49311996e-01 -3.97008002e-01 2.49390364e-01 -2.15479732e-01
    -5.18669009e-01 -3.90824556e-01 -2.65178561e-01 -3.00136745e-01
    -3.94890010e-01 -5.52589417e-01 -8.74411225e-01 -3.82447541e-01
    -5.27064204e-01 -7.76247501e-01 6.67322874e-02 -1.00169957e-01
    -8.96751642e-01 -3.23255658e-02 -3.60911548e-01 -3.86266112e-02
    -8.10568452e-01 -4.50316072e-01 2.31855571e-01 -3.16701531e-02
    -4.93891567e-01 -5.32253265e-01 -3.82159680e-01 1.32370561e-01
    -5.58803380e-02 2.11314917e-01 -2.11724907e-01 -1.82253897e-01
    -3.46446037e-01 -3.39104295e-01 -6.19266033e-01 -5.78657448e-01
    2.42486000e-02 -4.95695055e-01 -5.97995639e-01 -3.91440004e-01
    7.86346197e-03 -6.90974176e-01 -9.25987959e-02 1.28841519e-01
    -5.71810365e-01 -3.03919613e-01 -6.60752058e-01 7.92886615e-02
    -3.85518074e-02 -3.20422649e-02 -1.06162190e-01 2.33848393e-01
    -5.76523960e-01 -4.95678425e-01 -5.69813550e-01 -3.55637074e-01
    2.10824370e-01 -2.87890375e-01 -5.40772617e-01 -7.35669196e-01
    1.47685587e-01 -7.09851921e-01 -7.03086972e-01 3.33977342e-02
    7.18023777e-02 3.74302268e-02 -5.10771036e-01 -1.93651438e-01
    -5.48708677e-01 -7.70874679e-01 -3.65677685e-01 -5.06860733e-01
    -8.46628308e-01 -1.35361195e-01 -2.36630380e-01 -5.59754014e-01
    -4.67072666e-01 -8.03288698e-01 1.31102979e-01 -6.46986902e-01
    -2.59040415e-01 -1.44655168e-01 -1.18244350e-01 -3.55878472e-02
    6.97152615e-02 2.24539638e-02 -1.47020817e-03 1.05940700e-02
    -1.62686408e-01 -4.21613485e-01 -5.98486841e-01 -4.00396526e-01
    -3.26295555e-01 -4.52082992e-01 -7.47629285e-01 -3.79897714e-01
    1.02930069e-02 -5.41541338e-01 -6.73726201e-02 -1.49006188e-01
    6.90512657e-02 -1.01920545e-01 -4.71317828e-01 -3.57212842e-01
    -1.69337749e-01 1.97954297e-01 -2.75525540e-01 -2.43800074e-01
    -2.51917183e-01 -5.34760475e-01 -4.40330923e-01 -1.08876944e-01
    2.34681129e-01 -6.05795622e-01 -7.12435842e-01 -3.48149210e-01
    5.30586243e-02 -7.03885376e-01 -2.86751628e-01 -7.82234669e-01
    -1.04924977e-01 -8.17662776e-01 -1.83980227e-01 -6.65817022e-01
    -1.82681382e-01 2.31609344e-02 -4.90285158e-02 -1.62581027e-01
    -5.25821328e-01 -5.01370072e-01 -1.33482158e-01 -5.89920521e-01
    -3.09969246e-01 1.15038753e-01 -4.70651716e-01 -1.17420256e-01
    -1.35422409e-01 6.86182380e-02 -2.92660564e-01 -6.24060392e-01
    -3.51644367e-01 -7.83030987e-02 -4.01960760e-01 -5.95222831e-01
    -4.70592499e-01 1.50698781e-01 1.10363781e-01 2.21478164e-01
    2.74477601e-02 -5.98557591e-02 -4.27853048e-01 -4.90089655e-01
    -1.14480376e-01 -6.59789562e-01 -3.81947100e-01 -5.14911354e-01
    -5.92198789e-01 -1.16279721e-02 -3.52532268e-02 -6.76632166e-01
    -7.56700218e-01 2.52845287e-02 -6.74307644e-01 -1.08158290e-01
    4.30875421e-02 -4.58972752e-01 -2.37241685e-01 -5.64968646e-01
    -5.57348013e-01 -6.89202845e-01 1.56668186e-01 -7.50882149e-01
    -6.12418413e-01 6.12090230e-02 -4.91188943e-01 -4.58688378e-01
    -3.88847619e-01 -4.68400121e-01 5.56868315e-02 -1.58866286e-01
    -2.69541204e-01 5.78998327e-02 -2.12862372e-01 -4.61163700e-01
    8.19760561e-03 -8.68069887e-01 -6.43042505e-01 -2.48603821e-02
    -7.41095126e-01 -2.89858818e-01 -6.82041049e-01 1.09170318e-01
    -1.32332206e-01 -4.34707493e-01 -5.79628170e-01 -5.21510005e-01
    1.28310204e-01 -2.35152721e-01 8.33970308e-03 -2.04702377e-01
    -2.11187124e-01 -4.11172777e-01 -2.04048812e-01 -6.57995105e-01
    -4.76342261e-01 5.18405437e-02 -1.80301726e-01 -3.91810685e-01
    -1.20735109e-01 -4.49540317e-01 1.51427686e-01 -3.57460767e-01
    5.94575405e-02 -7.87732780e-01 -4.98584151e-01 -8.62804413e-01
    -6.36217594e-02 -2.56389797e-01 -7.45967150e-01 -8.84105563e-02
    -5.38603842e-01 -5.49834490e-01 -3.43405336e-01 -3.38843048e-01
    7.76837468e-02 -8.23133469e-01 -1.24979019e-02 6.88772798e-02
    -5.08151531e-01 -3.83027524e-01 -5.07353067e-01 -2.94929743e-02
    -6.48103178e-01 -4.01170403e-01 -1.87207937e-01 3.70259881e-02
    -5.81479073e-02 1.18988514e-01 -7.63320804e-01 -1.79930627e-01
    -9.05860662e-02 -1.30219877e-01 -3.59818399e-01 -5.03307045e-01
    -3.48996192e-01 -6.71491861e-01 9.81777906e-03 -5.09898543e-01
    -6.80422783e-01 -4.53829765e-03 -4.80588645e-01 -5.89405775e-01
    8.64330530e-02 -1.41202807e-02 -4.44756627e-01 -2.82517254e-01
    -5.76632500e-01 -4.65086699e-01 -4.16094661e-02 -2.77635932e-01
    -7.39353657e-01 1.17990136e-01 -3.20368081e-01 -1.67818129e-01
    -1.92307055e-01 -1.18586898e-01 -6.20957494e-01 -2.79775858e-02
    -1.63282394e-01 2.88540125e-02 -2.05203712e-01 -4.09213662e-01
    -1.87368155e-01 -9.06974673e-02 -4.86708879e-02 -8.80064368e-02
    -8.32836211e-01 -2.31529713e-01 -1.63875520e-01 -1.26764297e-01
    -9.88286734e-03 -4.00449306e-01 -3.81004810e-03 1.18738115e-02
    -3.20136517e-01 -4.95805085e-01 -5.33801556e-01 -4.28198218e-01
    -2.69520283e-03 -9.34066772e-02 -4.10780311e-02 -5.70014536e-01
    -3.05048466e-01 5.96793294e-02 -4.49536473e-01 1.69038236e-01
    -3.86718631e-01 -2.69024551e-01 -5.26638567e-01 3.09094369e-01
    -3.80979598e-01 2.97110081e-01 -1.78349465e-01 -4.32276517e-01
    -4.33035851e-01 -5.24497271e-01 -2.35341936e-01 2.38114595e-02
    -5.34717202e-01 3.82806063e-02 -2.71296084e-01 -5.11409700e-01
    -6.15511656e-01 -5.47856688e-01 -2.38901973e-02 1.59835935e-01
    -5.54074764e-01 -4.10821795e-01 1.12454832e-01 -4.90785360e-01
    -7.80616641e-01 -1.49057209e-01 -1.24112248e-01 -1.48977160e-01
    -6.67701900e-01 -5.06968498e-01 -7.52447844e-02 -2.30977178e-01
    -3.92503023e-01 3.84571552e-02 -1.73247397e-01 -7.21336126e-01
    -4.04245853e-02 -9.71201658e-02 -1.58239126e-01 -5.10514498e-01
    -4.36085522e-01 -3.38202626e-01 9.03266668e-02 -5.17442107e-01
    -3.91892374e-01 -3.83465052e-01 1.16652846e-01 -7.99638331e-01
    -5.56839883e-01 -2.67858267e-01 -5.96505404e-03 -3.94061148e-01
    -5.86176693e-01 -8.47526789e-02 -6.88522577e-01 -8.49528313e-02
    -1.47023559e-01 1.03194892e-01 -5.84203660e-01 6.67120218e-02
    -4.95956451e-01 -4.09582436e-01 -3.29969525e-01 1.14332497e-01
    -3.61390531e-01 -4.70307797e-01 2.73252904e-01 -6.60478234e-01
    -2.59120017e-01 -4.88142610e-01 1.10904336e-01 -5.84076762e-01
    -1.91172719e-01 -5.03831685e-01 -3.58428299e-01 2.28961766e-01
    1.21322632e-01 -2.29256451e-01 -4.55600828e-01 -6.24096990e-01
    -4.46369052e-02 -2.84322202e-01 1.48290932e-01 2.60345936e-02
    -5.48512220e-01 -7.34507799e-01 -8.04254472e-01 8.96208882e-02
    -4.02703285e-02 -7.22745001e-01 -1.59008384e-01 -6.48080230e-01
    -1.15680099e-02 1.81637287e-01 -5.76200664e-01 -3.49338830e-01
    -1.04843318e-01 -6.56284690e-01 -9.84376073e-02 -6.38866901e-01
    -6.79734945e-01 -7.24835098e-01 -5.36231041e-01 2.20642626e-01
    -1.60494447e-01 -6.54626250e-01 -6.09352946e-01 2.18260407e-01
    -6.93163812e-01 -2.01260626e-01 5.72409630e-02 5.41721582e-02
    -1.92627490e-01 6.72698021e-04 -3.18751335e-01 -9.77398157e-02
    -4.01500255e-01 5.89948893e-03 -7.13755846e-01 -2.75181890e-01
    3.64866257e-02 -1.95595026e-01 -1.14255726e-01 -2.56237030e-01
    -6.48869157e-01 1.65302694e-01 8.51986408e-02 -6.91362381e-01
    1.86674297e-01 -4.65999544e-01 -4.88329887e-01 -4.23732519e-01
    1.94032967e-01 -1.15065157e-01 -2.71915257e-01 -6.53442740e-02
    -3.47880304e-01 -2.49106705e-01 -6.08631670e-01 2.14641094e-02
    -7.68338025e-01 -4.45206761e-02 -5.84615588e-01 -5.53823233e-01
    -3.02421451e-02 5.53702712e-02 -5.74612617e-02 -2.19189703e-01
    -1.67295992e-01 -5.34082770e-01 -2.34986663e-01 -3.72022659e-01
    -7.32517600e-01 -3.74848247e-02 -4.79327708e-01 -5.31929255e-01
    -6.16605282e-01 -6.19370341e-01 -5.26319504e-01 -5.30530155e-01
    -7.13244975e-01 -2.94381320e-01 -3.04429114e-01 -2.97305107e-01
    -8.15547705e-02 -6.35628343e-01 -2.64562249e-01 -6.90501273e-01
    -5.88469028e-01 6.57190084e-02 -3.88852775e-01 -2.64977217e-02
    -2.74777412e-04 -6.75105393e-01 -7.18943238e-01 5.62843084e-02
    -6.47115350e-01 -3.69410932e-01 -5.54789245e-01 -6.95095718e-01
    -2.63554156e-01 2.03471661e-01 -3.00953984e-01 -6.90194845e-01
    -2.00645149e-01 1.58709407e-01 -6.28483176e-01 -5.86373806e-02
    -4.15815234e-01 -5.80464363e-01 -3.58428687e-01 -1.57628298e-01
    -6.93612456e-01 -5.31987548e-01 1.84065998e-01 -3.50439042e-01
    -7.81856060e-01 1.34602547e-01 -6.27046824e-03 -1.54974937e-01
    -3.92486095e-01 -6.23395324e-01 -3.56571406e-01 -4.09340203e-01
    -4.23836023e-01 -6.89527035e-01 4.72752452e-02 3.50797772e-02
    -5.50132453e-01 -7.37476349e-02 -1.49065018e-01 -3.51876140e-01
    1.18553042e-01 9.19655561e-02 -2.21296310e-01 -2.91407168e-01
    -1.04255974e-01 -4.18249846e-01 -4.31260884e-01 -1.74980700e-01
    -2.42005408e-01 1.62536144e-01 -2.43445635e-01 -1.97488606e-01
    -8.63116622e-01 -3.11600387e-01 -1.76010132e-01 -8.43602419e-03
    -5.71861863e-02 -9.60822105e-02 -6.39376462e-01 -3.16233635e-02
    -4.10015821e-01 -2.53448009e-01 -6.03281736e-01 -8.20086062e-01
    -1.08896494e-02 -3.35123420e-01 -3.25067312e-01 -6.81615770e-01
    1.92577004e-01 -3.67589831e-01 -4.81397063e-01 -2.72603333e-02
    -2.74606645e-02 -1.94941938e-01 -5.88972211e-01 4.60000634e-02
    -7.22091794e-02 1.02377236e-01 -7.56203532e-01 -3.83597612e-01
    6.21325970e-02 -6.76899910e-01 -6.37850165e-02 -6.40253246e-01
    -2.72331238e-01 -1.96625531e-01 -2.94991493e-01 -2.67207146e-01
    -4.33517754e-01 -4.26149487e-01 -3.30604076e-01 -5.87876201e-01
    -3.27201068e-01 -3.39395046e-01 1.78329527e-01 9.44900513e-02
    1.61128700e-01 -6.64799690e-01 -3.55265081e-01 -2.32187420e-01
    -7.33715296e-03 1.42249882e-01 -7.62717724e-02 -5.89984894e-01
    2.41423130e-01 -3.32772732e-02 6.04342222e-02 -6.33540213e-01
    -2.83559501e-01 -3.18708450e-01 -6.90243721e-01 -4.71196771e-02
    -3.40918630e-01 -6.38926864e-01 -6.78174257e-01 -2.31003344e-01
    -4.01199847e-01 -7.72446334e-01 2.52178311e-02 5.94904423e-02
    -7.37048626e-01 -2.19510198e-02 -6.75963759e-02 -1.58540010e-01
    -6.59899831e-01 -6.46336079e-01 -1.90762103e-01 -2.10752547e-01
    -5.64018726e-01 -6.98303342e-01 -6.49760425e-01 -3.72492075e-01
    -1.70359015e-01 -8.21797013e-01 -2.76613116e-01 -8.64781141e-02
    -2.62767136e-01 -5.70960104e-01 -4.72416878e-02 -7.84301996e-01
    -1.40515089e-01 2.69985795e-02 -7.25966215e-01 -6.05822980e-01
    -1.03067398e-01 -2.35594779e-01 -4.77607518e-01 -1.92924201e-01
    -7.17386007e-02 -4.97414827e-01 -5.29173911e-01 -5.62418222e-01
    -1.85954511e-01 -1.17608309e-02 -7.26873577e-01 -6.69327140e-01
    -6.16898239e-01 -4.75891232e-01 -6.97027028e-01 1.47281468e-01
    -4.58031297e-01 2.50458717e-03 4.20321822e-02 -5.97872734e-02
    -6.94959164e-02 -3.47186476e-01 -9.86709595e-02 -6.75706863e-01
    -1.51056409e-01 -5.54655671e-01 -2.31309652e-01 -7.62501836e-01
    -1.80619001e-01 -2.33484805e-01 -4.25676823e-01 -1.49035275e-01
    7.33456016e-02 2.62326598e-02 -7.04158306e-01 -5.22843301e-01
    -2.61934727e-01 -3.20717901e-01 1.34077430e-01 -2.86866248e-01
    4.81463075e-02 1.86822534e-01 -3.56578112e-01 1.50484502e-01
    -7.38250971e-01 1.00062788e-01 -3.85906398e-01 1.80269718e-01
    -6.16948545e-01 -6.83394313e-01 -1.11215830e-01 -7.58060217e-02
    -6.75708175e-01 -1.68839157e-01 -4.23713952e-01 -7.05475211e-01
    7.34091997e-02 -1.39896631e-01 7.34434128e-02 -2.87900805e-01
    -7.27861166e-01 -1.34046674e-02 -2.83574998e-01 2.06661880e-01
    1.36882782e-01 -3.45218211e-01 -4.27396119e-01 -6.83587849e-01
    -9.10472870e-02 -6.23462796e-02 1.00691676e-01 -2.65670955e-01
    -2.34550059e-01 1.88629866e-01 1.59024239e-01 -6.33703649e-01
    9.93345976e-02 -6.42254829e-01 9.98229980e-02 -7.71924913e-01
    -4.57276493e-01 -1.44072950e-01 -4.70420599e-01 -4.81895059e-01
    -7.19257116e-01 9.23199058e-02 -7.61173189e-01 -8.02370787e-01
    -4.80136871e-02 -8.07158053e-01 -5.78687906e-01 -1.36092305e-01
    2.04303920e-01 -6.52757883e-02 -6.56007946e-01 -1.99681938e-01
    -6.66019440e-01 1.16571784e-01 -4.46223676e-01 7.58023858e-02
    -3.95859122e-01 -4.46808338e-01 2.14275181e-01 -2.15999246e-01
    -6.41364098e-01 6.61548376e-02 -6.48736238e-01 -1.45178020e-01
    1.62602544e-01 -5.53548157e-01 -6.55400813e-01 -4.30935472e-01
    -7.21002460e-01 -2.61012733e-01 -2.29550779e-01 -3.15782309e-01
    5.47820330e-02 1.47342384e-01 -2.06364393e-01 -3.33030820e-02
    -4.33631003e-01 2.11535096e-01 -4.86888289e-02 -5.12814283e-01
    -4.12791371e-01 -2.73645520e-02 -4.34952468e-01 1.11961246e-01
    8.59830379e-02 -4.13820118e-01 -9.53675508e-02 -1.15418732e-01
    9.13614035e-03 -5.90619326e-01 -1.95569158e-01 -6.98241889e-01
    -5.03826499e-01 -4.90688115e-01 1.25613451e-01 1.44684017e-01
    -2.90973842e-01 -6.27487779e-01 -3.65941107e-01 -2.99828649e-02
    -2.79401958e-01 -4.78874981e-01 -4.60572243e-01 -6.23139620e-01
    -6.46155000e-01 4.65270281e-02 -5.56534231e-01 -6.11680269e-01
    -6.67932630e-02 -4.62597728e-01 -2.50343084e-01 -6.38100266e-01
    2.64570475e-01 -2.48250663e-01 -4.18899596e-01 -7.35282898e-02
    -4.95992571e-01 -4.62434292e-01 -7.78198004e-01 -2.78576612e-01
    8.63909721e-02 -2.81894863e-01 -1.38485134e-01 -7.87785053e-02
    -2.89721012e-01 -3.34223270e-01 -3.70777786e-01 -4.69920725e-01
    4.22859192e-03 -1.76814198e-02 -5.92165411e-01 -3.64656419e-01
    2.36099362e-02 -1.60559595e-01 -2.99866021e-01 -3.38667333e-01
    -2.07523704e-02 -2.68785775e-01 -4.49823260e-01 5.43994963e-01
    4.22827542e-01 2.40917683e-01 -4.37726796e-01 3.85357738e-02
    -2.62374043e-01 -5.24688363e-02 -7.53071547e-01 1.24615192e-01
    1.70591950e-01 1.58778667e-01 -3.49284261e-01 -3.93277347e-01
    -8.65710974e-02 -1.69582605e-01 -1.59265697e-01 -6.29182935e-01
    -6.07476354e-01 -2.13539809e-01 -8.05409551e-02 -6.17011011e-01
    3.11250687e-02 -5.32408357e-01 -6.26230478e-01 -6.87189698e-01
    -4.63312238e-01 1.74639404e-01 5.21852374e-02 -1.37803435e-01
    -1.15955472e-01 -3.73686641e-01 -5.11068642e-01 -4.81653005e-01
    -5.83082080e-01 -6.23086274e-01 -2.70816207e-01 -3.28903049e-01
    -3.18881482e-01 -6.53412461e-01 -4.03549850e-01 1.51539803e-01
    -5.38129866e-01 1.04423761e-01 -5.01192808e-02 -6.16195083e-01
    -6.97970390e-03 -5.72291493e-01 -1.56875074e-01 -4.05622065e-01
    -7.61838615e-01 -1.78211093e-01 -5.58170021e-01 -2.44799852e-02
    -2.14763045e-01 1.45905197e-01 1.46726966e-01 -5.64686656e-02
    -4.41876531e-01 1.45171523e-01 -7.74171352e-02 -2.36272037e-01
    -5.96591115e-01 1.66261137e-01 -4.83856142e-01 -1.48966193e-01
    -3.25701773e-01 -1.46937549e-01 -6.58869863e-01 -7.10372567e-01
    -5.83763719e-02 -7.20450997e-01 -3.98982316e-01 -1.55997396e-01
    -3.64063263e-01 -1.31566465e-01 -6.23725295e-01 -2.95977414e-01
    -5.82291484e-01 -2.04405963e-01 -2.58408576e-01 9.09666419e-02
    -2.46539176e-01 1.12232208e-01 -7.20417619e-01 -9.85747576e-03
    1.03659630e-02 -5.71200967e-01 -6.45195246e-01 -6.83198214e-01
    -5.46405077e-01 -7.48919845e-01 -6.37565255e-01 -2.67104447e-01
    -5.71288109e-01 -3.66565585e-01 -5.84886551e-01 -5.05607426e-01
    -1.77023590e-01 1.17737055e-01 -1.54618323e-01 1.01782620e-01
    -6.77828074e-01 -3.58609140e-01 -6.91219211e-01 2.66319513e-03
    -6.68558776e-01 -7.89365590e-01 -6.00908399e-02 -5.93802929e-02
    -3.50419462e-01 -4.89471287e-01 3.34767699e-02 -6.68420315e-01
    -3.27192545e-02 7.31467605e-02 -3.47092479e-01 -7.17457294e-01
    -3.55783820e-01 -6.42069340e-01 -5.60802162e-01 -5.98567486e-01
    -1.97817683e-01 -7.56043196e-03 -5.02527595e-01 -4.59590346e-01
    -1.37701869e-01 -4.65963602e-01 -7.19349742e-01 -2.72236705e-01
    -1.96208358e-01 -5.33717573e-01 1.61881089e-01 -5.41083217e-01
    -1.06957018e-01 -1.00947261e-01 -5.73153853e-01 -4.58864450e-01
    -4.60808277e-02 -6.03634894e-01 -5.24993896e-01 -3.31342489e-01
    -1.20242178e-01 1.56312048e-01 -4.89851952e-01 -7.57098913e-01
    -1.24933481e-01 -5.65930247e-01 -7.14938819e-01 -5.71191251e-01
    -3.64741623e-01 -6.25291705e-01 -1.37512863e-01 6.56608343e-02
    -7.74092019e-01 -7.96796918e-01 5.71429729e-03 -6.17615402e-01
    -5.64969778e-02 -1.15816653e-01 -4.43018854e-01 8.11520815e-02
    -1.53960288e-01 5.85432649e-02 -1.45990491e-01 -7.94529736e-01
    -5.91338038e-01 1.15524292e-01 -3.70000124e-01 -5.34351826e-01
    2.47098982e-01 -2.29500532e-01 -6.39383316e-01 -3.21075052e-01
    -6.45179749e-01 -5.28151751e-01 -4.54758614e-01 -5.64597845e-01
    -8.02294016e-01 -1.98296905e-02 -1.63718164e-01 -7.67481446e-01
    -5.98452568e-01 1.49793148e-01 -2.25511670e-01 1.47763610e-01
    -4.27864194e-01 -3.44112664e-01 -3.85183930e-01 3.14520001e-02
    -3.10222507e-01 -7.67586112e-01 -1.97491586e-01 -6.16032422e-01
    -1.86686516e-01 -4.85229641e-01 -2.84468412e-01 -7.10012913e-01
    -6.35846853e-01 -1.36824906e-01 -1.19332671e-01 -4.27147746e-02
    -3.19042325e-01 -7.15052843e-01 -2.87863314e-01 -5.47354937e-01
    6.81865811e-02 -2.29814231e-01 -2.76636124e-01 2.08701789e-01
    -3.53579044e-01 -4.56563294e-01 -2.13328600e-01 -6.29097342e-01
    -6.35585785e-02 -7.20071316e-01 -3.40331763e-01 -2.05085874e-01
    1.92673802e-01 -5.42045712e-01 -2.93681920e-01 -1.62646532e-01
    -1.46850944e-02 6.72962666e-02 -2.54974782e-01 -6.49941146e-01
    1.63550735e-01 -7.33855188e-01 -2.35470891e-01 -2.50042021e-01
    -3.02031875e-01 -5.56138158e-02 -1.52888417e-01 -5.21377206e-01
    1.44712329e-01 1.15285516e-01 -2.76941061e-03 9.19522047e-02
    -1.54370070e-02 -2.27291048e-01 -7.60948837e-01 -7.44749904e-02
    -7.35736251e-01 -7.97450304e-01 -7.51604676e-01 -8.26304555e-02
    -1.68950558e-01 -1.05928242e-01 -4.80976820e-01 -1.57014549e-01
    -7.71284759e-01 -2.50267982e-03 -9.15234685e-02 -6.70976520e-01
    -1.52302802e-01 3.32075953e-02 -7.86240399e-02 7.90418684e-02
    4.00840372e-01 -5.77528119e-01 2.35808253e-01 -4.24777478e-01
    -2.36863494e-02 -9.55533981e-02 -4.74364042e-01 -1.62223220e-01
    1.89118981e-01 -5.68788648e-01 -7.02045977e-01 -3.13795954e-01
    -4.71752167e-01 -6.09264195e-01 2.47807264e-01 -2.75039583e-01
    1.44905090e-01 -3.19846272e-01 -3.40938389e-01 -2.80658245e-01
    5.07329106e-02 1.68814719e-01 -8.34361315e-02 -6.73587322e-01
    -1.89765275e-01 -4.68231767e-01 -5.85601807e-01 -8.87006521e-02
    -2.90283203e-01 -5.57742476e-01 -6.62571907e-01 -4.57296371e-02
    -4.10199761e-01 -4.63908434e-01 -5.80216706e-01 -2.49723136e-01
    -7.45199919e-01 -4.37445104e-01 -2.52867818e-01 -2.83757329e-01
    -1.94079995e-01 -6.08186424e-01 -3.40403616e-01 -6.02082610e-02
    -6.17340147e-01 -3.17660749e-01 1.72170222e-01 -1.84721231e-01
    -2.20654726e-01 -5.14689803e-01 -6.68308616e-01 -5.93624592e-01
    -1.47437811e-01 -6.51496410e-01 -9.97452140e-02 -5.48832297e-01
    -6.14975452e-01 2.65181065e-04 -2.48090297e-01 -5.11667848e-01
    -3.97111475e-01 1.83734119e-01 -3.12707573e-01 -1.66023850e-01
    -4.91394788e-01 -1.30652905e-01 1.01542294e-01 -1.95293784e-01
    1.71622992e-01 -2.36652851e-01 -4.01145846e-01 -5.09413183e-01
    -7.07798839e-01 2.18400776e-01 -3.54232997e-01 -5.84582567e-01
    -4.02745545e-01 -4.53637838e-02 -5.98219633e-02 -6.59365475e-01
    -3.75360996e-01 7.06694722e-02 -7.09950328e-02 -7.83249736e-02
    -2.60502934e-01 -3.87789607e-01 -3.20948839e-01 -2.42313385e-01
    -2.17016995e-01 -2.45364308e-01 2.35003829e-02 -1.05797768e-01
    -8.52336287e-02 -6.14536107e-01 -1.96542799e-01 -3.67272913e-01
    -3.81234944e-01 1.15097404e-01 -7.58725941e-01 -4.14305180e-01
    -3.76690626e-02 -3.93289328e-03 -3.05089235e-01 -2.95554638e-01
    -9.48340297e-02 1.11697555e-01 -1.63931131e-01 8.59477520e-02
    -4.32226896e-01 -6.34083986e-01 -7.12810636e-01 -7.51532495e-01
    -3.35004181e-01 -2.98708767e-01 -2.47293651e-01 -6.41857147e-01
    -1.35367036e-01 -4.03513908e-02 -6.06581926e-01 -4.62104559e-01
    -3.24867725e-01 -4.92112935e-01 -6.98576272e-01 -9.02236104e-02
    -2.74146289e-01 -6.36672974e-01 -2.79213369e-01 -7.57873058e-02
    2.44222283e-02 -5.27470410e-01 -6.11094773e-01 6.99271560e-02
    -3.45598131e-01 -9.61995721e-02 -7.43541062e-01 1.60757005e-01
    -1.46573484e-01 -3.81953657e-01 -6.79601490e-01 -8.71980786e-02
    -5.03912091e-01 7.61079788e-03 -3.70942950e-01 -2.75102913e-01
    -2.57859766e-01 -6.89873934e-01 1.63823426e-01 -3.89118791e-02
    -6.31395280e-01 -6.35120273e-01 -6.90602422e-01 -1.35105789e-01
    -8.14706087e-03 -4.18851495e-01 -2.74491191e-01 1.33425653e-01
    -4.74461049e-01 -2.54656911e-01 -6.22850180e-01 -6.78029835e-01
    1.31486714e-01 7.64659643e-02 -3.19243670e-01 7.62564540e-02
    9.38445330e-03 -4.99962807e-01 -4.46053505e-01 -1.28189623e-01
    -1.71477675e-01 -5.38681805e-01 -1.49770796e-01 -3.31814587e-01
    -1.89069569e-01 2.25239933e-01 -1.99969530e-01 1.71075642e-01
    -3.41692507e-01 8.49174857e-02 -8.08449030e-01 1.30822062e-01
    -3.43066841e-01 -3.03764075e-01 -6.87254071e-01 1.64308965e-01
    -5.37975609e-01 -1.31319582e-01 -5.16914010e-01 1.19604945e-01
    -5.14894366e-01 1.29138649e-01 -6.55456424e-01 1.86267674e-01
    -7.24961340e-01 -5.18287301e-01 -7.14845657e-02 -6.11003518e-01
    -6.50106132e-01 2.11194575e-01 -7.08621383e-01 -3.85160983e-01
    -3.54208708e-01 -1.94552898e-01 2.11730599e-01 -2.05908477e-01
    -4.67341363e-01 -6.66348100e-01 -1.79030716e-01 -5.78344822e-01
    -3.73969674e-02 -5.65741956e-01 -1.78602874e-01 -2.94767469e-01
    -1.26153290e-01 -9.30589437e-03 1.70563817e-01 -4.07452583e-01
    -7.27018118e-02 -6.95579827e-01 -3.94228101e-02 6.00649714e-02
    -1.09241128e-01 -3.56631100e-01 -3.21372807e-01 -5.26102901e-01
    -8.47433209e-02 -5.96457601e-01 -5.58405519e-01 -6.80838704e-01
    -1.64168835e-01 -4.51987326e-01 1.31589055e-01 -6.43087804e-01
    -6.87265992e-01 -5.61117172e-01 -6.72717988e-01 -6.14032745e-02
    -3.33100587e-01 -4.36843604e-01 -3.96047354e-01 -4.18456554e-01
    -4.78682816e-01 -6.41063571e-01 -6.63622081e-01 -1.69999599e-01
    -1.70569777e-01 -6.55874133e-01 -3.71969938e-02 -7.42895842e-01
    -3.70581150e-02 -5.95635772e-01 -7.73475170e-02 -2.90425241e-01
    -1.63691282e-01 -6.07183754e-01 -2.12090731e-01 -2.88531482e-02
    -4.18633461e-01 -3.64870667e-01 -4.01764780e-01 3.99755836e-02
    -3.40157092e-01 -5.91874301e-01 -5.85951567e-01 -2.66906917e-01
    -1.13894105e-01 -6.35256290e-01 -1.69738054e-01 -6.19654655e-01
    -1.36033297e-02 -5.53780556e-01 -3.62948149e-01 1.82920277e-01
    -1.57434344e-01 1.18839502e-01 -6.85285330e-01 -4.20328915e-01
    -3.22932988e-01 -5.03058434e-01 -5.95440388e-01 -8.32118392e-02
    -1.33787870e-01 -3.75280023e-01 -5.70981860e-01 -5.63933849e-02
    -2.96326786e-01 2.11487353e-01 -2.98860461e-01 6.21886253e-02
    2.11566210e-01 -1.40301228e-01 -5.79920948e-01 -1.67644382e-01
    7.22243786e-02 9.13151503e-02 -1.58371329e-01 -6.72972381e-01
    -4.05885309e-01 5.68465590e-02 9.35774446e-02 2.48246193e-02
    -3.75450253e-01 -7.99128056e-01 -2.92068481e-01 -7.20748007e-01
    -2.93380678e-01 1.43529594e-01 -2.28182077e-01 -1.29067898e-02
    -4.88271534e-01 -2.47899741e-01 -5.03273308e-01 -2.43263543e-01
    -1.95606649e-01 -3.73992473e-01 -3.02917957e-01 -3.82272243e-01
    -6.33492589e-01 -1.47993803e-01 -7.05523014e-01 -2.12709129e-01
    -7.34114051e-01 1.62176549e-01 -6.14696681e-01 2.10614204e-02
    -1.32807493e-01 -3.92093688e-01 -5.65876365e-01 -7.28785992e-03
    1.63806796e-01 -2.09869921e-01 -2.22308874e-01 2.25125551e-02
    -6.40333891e-02 -3.88607264e-01 -5.16158938e-01 -4.25653636e-01
    -6.98860466e-01 -4.51382756e-01 -8.64645839e-02 -1.14961743e-01
    1.20240211e-01 -5.06135821e-02 1.05688930e-01 -2.57349968e-01
    1.04717433e-01 -1.25550210e-01 -8.16972256e-02 -2.87954003e-01
    -6.51968837e-01 1.37390196e-01 1.10495508e-01 1.31876528e-01
    -5.96868813e-01 -6.40561581e-02 1.25202000e-01 -5.24301529e-01
    -6.35617971e-03 -3.26820970e-01 -6.04296625e-01 -1.07112646e-01
    -6.06685877e-01 -2.02385902e-01 -4.72064793e-01 -2.71291733e-02
    -4.31625545e-01 -2.55431116e-01 7.17619061e-02 2.01453388e-01
    -5.01507044e-01 1.63642883e-01 -4.08275068e-01 -8.53751898e-02
    1.87402606e-01 1.21889532e-01 1.42795146e-01 -5.21595001e-01
    -3.36970091e-02 -1.40286207e-01 -6.27131641e-01 -1.87896907e-01
    -1.06124163e-01 -4.98032212e-01 -2.23126471e-01 4.00092006e-02
    -5.79444170e-01 -3.14666212e-01 -6.87907100e-01 -6.72316432e-01
    -7.17749298e-01 -1.42437458e-01 -3.12415600e-01 -7.21420884e-01
    1.46181703e-01 -3.87671828e-01 -1.55546963e-01 -2.78182864e-01
    -7.51463771e-02 -9.45319533e-02 -3.33923817e-01 1.38839781e-01
    -4.19176817e-01 -6.42311573e-01 -1.25665665e-02 -4.74877954e-02
    -2.56026268e-01 -1.80133224e-01 -1.79924548e-01 -2.99584448e-01
    -6.18007183e-02 -4.17993665e-01 -1.07744575e-01 -3.22843969e-01
    -1.02502704e-01 -3.40064377e-01 -3.29122126e-01 7.86727071e-02
    -7.46566892e-01 -8.29640627e-01 -1.98682368e-01 -4.32240278e-01
    -3.68510902e-01 -4.44844365e-02 -6.29025102e-01 -1.92294896e-01
    -4.69757378e-01 -4.80062544e-01 2.17516720e-01 2.33330011e-01
    -5.89178741e-01 1.37581110e-01 -5.95098734e-01 -5.85619807e-01
    1.41372681e-01 1.28405273e-01 3.61348391e-02 7.99247622e-02
    -6.81851506e-01 6.78703189e-02 -4.00961161e-01 -4.82481301e-01
    2.04604506e-01 -7.18428314e-01 -5.83464503e-02 -4.09380764e-01
    -3.66756052e-01 -6.51126504e-01 6.36557937e-02 -4.05334711e-01
    -2.10131228e-01 -4.37979221e-01 -2.53038943e-01 2.03459620e-01
    -6.65685296e-01 -5.85579693e-01 1.95550084e-01 -7.84994423e-01
    -5.11572361e-02 -5.00628352e-02 -1.05376661e-01 1.79715633e-01
    -6.95313931e-01 -3.18737805e-01 -6.49470687e-01 -1.45928144e-01
    -2.75899768e-02 -5.97715020e-01 -4.10918355e-01 -5.26475430e-01
    -4.48099852e-01 -6.47073150e-01 -5.46640038e-01 -4.77962554e-01
    4.57199216e-02 -1.23064339e-01 -5.20460069e-01 -1.01061523e-01
    -5.60661554e-01 -3.29438508e-01 -1.81777418e-01 -1.44123077e-01
    -6.99958563e-01 2.26561725e-01 -4.02150571e-01 -6.89014196e-01
    5.83171844e-02 1.32348061e-01 -5.64379811e-01 -6.43525004e-01
    -5.55270612e-01 2.28657603e-01 -5.12465954e-01 -3.57513070e-01
    -2.14782178e-01 1.50761008e-02 -6.40769362e-01 -3.63018364e-01
    -1.72828555e-01 1.27001703e-01 -6.26849532e-01 -7.86042333e-01
    8.07996988e-02 -3.87424409e-01 -5.79551101e-01 -2.71594703e-01
    -2.30334163e-01 -5.24107516e-01 -1.16035879e-01 -5.00771403e-01
    1.88579440e-01 6.05173111e-02 -4.40894961e-02 3.86436373e-01
    4.06747133e-01 -2.77124047e-01 2.93313563e-01 -3.81468296e-01
    -6.19558811e-01 -7.37455904e-01 -5.33061504e-01 -6.66491568e-01
    -5.92420876e-01 1.67742133e-01 8.12618732e-02 -5.09060621e-02
    -4.55208719e-01 -1.03384018e-01 -6.51936173e-01 -4.74834025e-01
    -6.24939799e-01 8.74095559e-02 -2.23499000e-01 -1.25630498e-02
    -3.01845282e-01 2.21456289e-01 -5.01381159e-01 -7.36966670e-01
    -2.37054884e-01 -5.60750961e-01 -3.45117241e-01 -6.75998688e-01
    -3.38353872e-01 -3.23322237e-01 -3.90053988e-01 -6.42397881e-01
    -2.88776398e-01 -8.19023907e-01 -2.11794317e-01 -1.13308251e-01
    -1.19450986e-01 -3.13265324e-01 -2.81458497e-01 -2.16878295e-01
    6.32424951e-02 -2.56351471e-01 -8.28110218e-01 -2.35515594e-01
    -8.52173567e-02 -2.58922577e-02 -5.12655616e-01 -3.90577406e-01
    -2.39028633e-01 3.34262848e-02 5.91516495e-04 -7.95544863e-01
    -5.80801010e-01 -5.19553006e-01 -4.24029827e-01 9.68365073e-02
    -1.75026864e-01 -4.79113370e-01 -6.14139080e-01 1.87791467e-01
    -4.59951490e-01 -4.19817865e-01 -2.30547428e-01 -9.50933695e-02
    1.11180365e-01 -1.87895477e-01 -5.45832276e-01 -6.80274367e-01
    -5.66175163e-01 -3.86806458e-01 -3.53467226e-01 1.92012548e-01
    -2.00610638e-01 -5.28346300e-01 -1.49828255e-01 -1.23499155e-01
    -6.29316926e-01 -8.88463855e-02 -5.63009381e-01 -1.40691757e-01
    -1.84959650e-01 -2.64680028e-01 -1.83850288e-01 4.19705510e-02
    -3.96530300e-01 -6.84495270e-01 -7.05841899e-01 1.18122935e-01
    -6.66709006e-01 -1.04388595e-01 -1.84300840e-01 -4.95948792e-02
    -4.32607770e-01 -6.33330643e-01 -5.15531421e-01 -6.17660522e-01
    -4.37067926e-01 -5.34159601e-01 -4.63046670e-01 -9.52787995e-02
    2.11221337e-01 -2.17153549e-01 -5.72557092e-01 -1.35177076e-01
    -2.13650525e-01 -2.71995127e-01 -3.60525906e-01 -7.16643810e-01
    -2.04532921e-01 -4.80844140e-01 -3.42652857e-01 -9.35021639e-02
    -9.31984782e-02 -3.85231972e-02 -6.38288260e-01 -4.97954160e-01
    -3.99789989e-01 -5.89210510e-01 -2.05333233e-01 -5.89692295e-01
    1.04203105e-01 1.10794663e-01 -6.21278167e-01 1.33953691e-02
    -3.98736537e-01 -7.62261629e-01 -4.04698849e-02 6.48995638e-02
    -1.29005790e-01 -7.76067615e-01 1.49361074e-01 -9.72296000e-02
    -6.31448627e-02 -5.68305969e-01 -8.67432356e-02 -2.65004486e-01
    -4.80854511e-03 -6.90629482e-02 -5.44060946e-01 -6.46445513e-01
    -7.12005317e-01 -4.87679243e-02 -4.72270399e-01 -1.88167274e-01
    -6.42173886e-01 -7.23444223e-01 -5.01422048e-01 -6.17269278e-02
    -3.47417593e-02 -4.22835231e-01 -5.85475206e-01 -2.96425343e-01
    -2.13929594e-01 -4.47829247e-01 -6.15791917e-01 -7.25619435e-01
    -4.09605742e-01 -4.15798098e-01 -4.86405492e-01 -7.51499295e-01
    -6.97728992e-02 -4.26550537e-01 -3.32536459e-01 -7.68913627e-01
    8.23751092e-02 8.69249105e-02 -3.84888530e-01 -2.17077732e-02
    -4.20046389e-01 -7.24105835e-02 -4.90020156e-01 -3.88524711e-01
    -6.62430406e-01 -2.85476327e-01 -8.91280174e-03 -1.48949921e-01
    -2.22608030e-01 -1.05141819e-01 -4.48940754e-01 -5.66257000e-01
    -4.42425251e-01 -5.56588531e-01 -4.99792933e-01 -3.01350057e-01
    1.44497097e-01 -4.70998496e-01 -5.31256139e-01 -2.29416132e-01
    -5.88913023e-01 -2.94818580e-01 -6.94789946e-01 -4.10836786e-01
    -1.54152274e-01 7.52142668e-02 -6.64470077e-01 -6.52922630e-01
    -3.85197878e-01 -1.87916160e-02 -5.84386706e-01 1.83036864e-01
    -2.34986484e-01 -6.84095621e-01 -6.75049901e-01 -3.00586998e-01
    -3.93572330e-01 -2.84847498e-01 -4.00667191e-01 -4.02181000e-01
    -2.93260694e-01 -5.47835231e-02 -6.35251880e-01 -3.58042717e-02
    -1.55372441e-01 -2.40069985e-01 6.88351989e-02 -4.86613452e-01
    -3.93956900e-03 -4.61973965e-01 5.52179813e-02 -7.12486506e-01
    -7.20764995e-01 -1.01506531e-01 -4.20732737e-01 3.93800139e-02
    -1.26471996e-01 -1.81584895e-01 -5.13987780e-01 -4.77120191e-01
    6.99137449e-02 -6.00554645e-01 1.56760871e-01 -2.38529801e-01
    -4.94543165e-01 -1.29847109e-01 -5.21857977e-01 -5.40138960e-01
    -7.00536847e-01 -4.16841269e-01 2.56525874e-02 -2.18068540e-01
    -1.39898539e-01 7.31541514e-02 -1.74629688e-01 7.70840645e-02
    -5.34282625e-01 -1.44116342e-01 1.08469844e-01 -6.92328453e-01
    -2.67792404e-01 -7.69742072e-01 -4.42159772e-02 -4.13232893e-01
    -2.17456877e-01 -5.75141788e-01 8.05338025e-02 -3.58669639e-01
    -3.38513434e-01 4.01107609e-01 2.28230476e-01 -3.88194799e-01
    -6.49262249e-01 2.42744446e-01 -1.60906911e-01 -2.58110762e-02
    -4.86027002e-01 -6.75286770e-01 -6.55003905e-01 -2.29224324e-01
    -6.96758151e-01 -1.72178149e-02 -1.88204050e-01 -4.19705927e-01
    1.00047588e-02 -4.70493466e-01 -4.24216807e-01 -4.87491131e-01
    -6.87945962e-01 -4.17013139e-01 2.31227398e-01 1.94706202e-01
    -8.26638937e-02 -1.21076763e-01 -4.76015449e-01 -1.82490945e-02
    -6.23557270e-01 2.36182272e-01 -3.09466869e-01 -2.87587047e-01
    2.86545157e-02 -3.43386531e-02 5.84401488e-02 -6.43402219e-01
    -6.23376846e-01 -2.30453789e-01 -7.48168588e-01 -2.61168540e-01
    -5.07188082e-01 -2.64149845e-01 -1.85855627e-02 -5.68857312e-01
    -5.07571280e-01 -1.20380461e-01 -4.48942095e-01 -4.64956075e-01
    4.73473072e-02 -8.42754841e-02 -7.34010339e-02 1.24512911e-02
    5.88011742e-03 1.99463606e-01 -5.81110299e-01 -2.06816316e-01
    -6.21987462e-01 -4.44869965e-01 1.37938380e-01 -5.61700344e-01
    2.23852396e-02 -1.18719041e-01 -1.12533092e-01 -5.22522509e-01
    -2.61041731e-01 -5.59806943e-01 2.62698054e-01 -3.59083176e-01
    -2.73452550e-01 -6.05450332e-01 7.75525570e-02 -5.86713552e-01
    1.40224218e-01 -6.09376252e-01 -4.36221600e-01 -5.46643078e-01
    -1.09668732e-01 -3.68225873e-01 -8.01920891e-02 -6.17790401e-01
    -6.10799551e-01 -1.63080096e-02 1.27298832e-01 -1.36159897e-01
    -4.22677666e-01 -1.15709782e-01 -4.95678186e-01 -4.34915185e-01
    -1.31927550e-01 -5.60201883e-01 -2.80618787e-01 -3.32333744e-01
    -3.85248423e-01 -4.83618379e-01 -8.66979957e-02 -5.78698277e-01
    6.71343803e-02 -3.93434703e-01 -5.51715791e-01 -3.73090982e-01
    5.32316566e-02 -2.07008719e-02 -3.45855743e-01 -3.73897582e-01
    -6.52605176e-01 -1.84077621e-01 -4.99414980e-01 -3.14935267e-01
    -2.28190303e-01 -2.54700422e-01 -4.91287708e-02 -5.92144132e-01
    -2.42883265e-01 -2.66300112e-01 -6.37304902e-01 -1.25368297e-01
    -4.00058627e-02 -4.11574870e-01 -1.72501802e-01 -7.23188400e-01
    -6.98919654e-01 -3.80004615e-01 -4.54840869e-01 1.23960912e-01
    -3.37066114e-01 -7.05804169e-01 -8.88234377e-02 -5.92764616e-02
    -7.64969587e-01 -2.36491561e-01 7.34746456e-04 -9.30191278e-02
    -3.85963738e-01 -3.24957728e-01 -5.28024435e-01 -2.62937635e-01
    -3.82619679e-01 -6.03422463e-01 1.03208542e-01 -7.53877580e-01
    1.98021233e-01 -6.37186527e-01 -5.11524439e-01 -6.16762638e-01
    1.89336240e-01 9.68252420e-02 -7.11018562e-01 8.82911682e-02
    -2.02761829e-01 -1.95036232e-01 -3.71622354e-01 4.09883261e-02
    -7.70984232e-01 -3.89830351e-01 7.98290968e-02 -4.73746657e-02
    -1.67964995e-01 -5.16273141e-01 -4.61745769e-01 -1.55724049e-01
    -2.52709866e-01 1.12469137e-01 -4.71497059e-01 -5.48718631e-01
    -6.97849691e-01 -7.05516756e-01 -4.29785848e-02 -3.94347310e-01
    -3.61150086e-01 -6.80099726e-01 9.00198817e-02 -3.35713506e-01
    -4.73848969e-01 -6.55220568e-01 -2.41669595e-01 -7.27842271e-01
    -6.23993397e-01 -3.93144786e-01 -6.77899301e-01 -4.58307564e-01
    1.50811434e-01 -3.88378203e-01 -7.22631991e-01 -4.61425781e-01
    -4.52186584e-01 -7.12477803e-01 -4.67815876e-01 1.12687588e-01
    -1.93586528e-01 -1.74123764e-01 -8.29055786e-01 -6.45464659e-03
    -2.78544545e-01 -4.39836979e-02 -3.25212717e-01 -2.11865664e-01
    -2.61076868e-01 -3.06508541e-01 -4.57671046e-01 -4.13888872e-01
    -3.93157780e-01 -2.37507671e-01 -2.33930796e-01 -6.38742089e-01
    2.37860024e-01 -8.24288726e-02 2.73174047e-02 -2.81142324e-01
    9.12142992e-02 1.63280666e-01 -3.26265305e-01 1.15178108e-01
    -1.28263772e-01 -2.88121939e-01 -4.74511713e-01 -4.09575403e-01
    -4.43358123e-01 -6.69194341e-01 -9.42769647e-02 -2.38083005e-02
    -4.11540270e-02 -2.87646353e-01 -5.99511921e-01 -1.50281310e-01
    8.36386085e-02 -5.93815207e-01 -2.13228285e-01 -6.71746135e-01
    -4.51437771e-01 -1.18171215e-01 6.56121969e-02 1.31326318e-01
    -4.46330041e-01 -5.95716238e-01 2.36611485e-01 -4.86844778e-02
    -7.93281198e-02 -6.26832128e-01 -6.13984227e-01 -5.63841462e-02
    -7.12448955e-01 -8.36000085e-01 -3.39321375e-01 -1.72160864e-01
    -2.27650046e-01 -8.39966893e-01 6.01701736e-02 -6.75549507e-01
    -6.13741636e-01 -4.02950943e-01 -2.68197417e-01 1.42714977e-02
    -5.50335407e-01 -3.94595146e-01 1.57032013e-02 -1.68593615e-01
    -3.35826576e-02 -6.77971542e-02 -1.26433730e-01 -2.43942171e-01
    -2.27956057e-01 -3.44093740e-01 -2.03731060e-01 -5.36427140e-01
    -7.31363297e-02 7.25448728e-02 -5.73793948e-01 -1.36332035e-01
    -1.05893850e-01 -4.75495934e-01 -1.42689526e-01 -4.86956954e-01
    -6.46540284e-01 1.53230786e-01 1.26471937e-01 -5.86146772e-01
    -5.31887174e-01 -1.73511744e-01 -5.53358734e-01 -1.71025157e-01
    -2.49035716e-01 -2.43438482e-02 2.00998604e-01 2.75507569e-02
    -5.18805861e-01 -3.14265817e-01 -2.70718157e-01 -6.79172575e-01
    -4.46964800e-01 -2.48250842e-01 -1.31057918e-01 1.66043639e-02
    -7.74138927e-01 -1.39163911e-01 -7.45709062e-01 -4.48298246e-01
    -7.63195097e-01 -2.82996535e-01 -1.29257381e-01 -5.63273430e-02
    -7.22332835e-01 1.98817849e-01 -4.87661600e-01 -5.64098120e-01
    -6.63788319e-02 -5.84250927e-01 -1.77907526e-01 3.07464004e-02
    -6.28788650e-01 -2.52967000e-01 -1.39401495e-01 2.91838169e-01
    -4.38440800e-01 -3.66697371e-01 1.18098259e-01 -1.65642500e-02
    -5.47850132e-01 -4.27085161e-01 -3.74904871e-02 -3.83038878e-01
    -2.00985968e-01 -3.51765484e-01 -6.21516943e-01 -2.65841573e-01
    -3.86665463e-02 -6.72626674e-01 -1.03227139e-01 -6.22068524e-01
    4.40633297e-02 -3.80268961e-01 -9.71943140e-03 -7.78121471e-01
    7.47213960e-02 2.06785798e-02 8.15994143e-02 -3.26889753e-01
    -7.39090860e-01 1.54946804e-01 -7.43989229e-01 -4.22298223e-01
    -6.64323211e-01 6.49572015e-02 -3.48998487e-01 -1.98311031e-01
    -6.36124015e-01 -7.10405588e-01 -6.77457452e-01 -6.32086635e-01
    -1.62642539e-01 -6.62982464e-01 2.32972920e-01 1.17397428e-01
    -6.06883168e-01 -6.01143777e-01 -4.67295349e-01 -1.40474856e-01
    -1.52439535e-01 -5.77010870e-01 -4.88267809e-01 -4.99651909e-01
    -2.66577154e-01 -5.74754477e-02 9.60825086e-02 -1.04506850e-01
    -1.61845267e-01 -6.82291389e-02 -3.69908035e-01 -6.33070350e-01
    -5.21690369e-01 -2.97431439e-01 -3.42437893e-01 -6.28636003e-01
    -5.91077209e-01 1.34125412e-01 -5.74702024e-02 4.06517386e-02
    -3.32957864e-01 5.88992238e-02 -2.11161971e-01 -6.27114296e-01
    -6.09724164e-01 -1.70401990e-01 -1.07826948e-01 -3.10645461e-01
    6.02449179e-02 -2.56555438e-01 -5.67459702e-01 -4.79760826e-01
    -2.34970212e-01 -6.17721081e-01 -2.93008059e-01 -5.75063467e-01
    -4.83208567e-01 1.57659531e-01 -1.66855574e-01 5.74361086e-02
    1.58110619e-01 -6.19089782e-01 -1.38586462e-01 1.01547360e-01
    -5.28740466e-01 -8.95218253e-02 -3.11338365e-01 -2.03292787e-01
    -4.98286843e-01 1.16239130e-01 -6.77160978e-01 -4.02583510e-01
    1.62800908e-01 -4.01955247e-02 -5.77759027e-01 -1.02186263e-01
    -9.36377645e-02 -3.48649174e-01 -1.35803998e-01 1.21007621e-01
    -4.38219309e-01 -9.14313793e-02 -8.78093839e-02 -1.61210775e-01
    -4.23335761e-01 -1.21984243e-01 7.92201161e-02 1.58344328e-01
    -4.49315429e-01 -7.34017134e-01 1.65684819e-01 -7.12579489e-02
    -3.54984701e-01 -5.83015800e-01 2.33349741e-01 -4.71757412e-01
    -2.24493146e-01 3.24640274e-02 -4.86506701e-01 -2.41832018e-01
    -4.12916422e-01 1.46334887e-01 2.54818797e-02 8.07213783e-03
    -7.27368534e-01 -6.10621333e-01 -4.14462388e-01 -1.12904310e-01
    -6.88959360e-02 -7.17770338e-01 -2.10011542e-01 -1.20491683e-01
    -1.02111578e-01 -4.22782123e-01 -2.36531079e-01 -2.52767980e-01
    -2.78437972e-01 1.41330898e-01 -2.76718199e-01 -1.72100961e-01
    -3.44445348e-01 -2.17965096e-01 -2.43201256e-01 -6.76026702e-01
    -3.67808163e-01 -4.27520990e-01 -3.41615081e-02 -5.65804005e-01
    -3.58317494e-02 -7.27553010e-01 -6.25937939e-01 -1.80565238e-01
    -1.81620240e-01 -2.08235919e-01 3.92587185e-02 -8.04359913e-02
    -6.30616903e-01 -1.10127568e-01 -3.78301799e-01 -6.76199734e-01
    -5.63825250e-01 -1.41472399e-01 -4.37117398e-01 7.25746155e-02
    -3.62751365e-01 -2.98089981e-01 -3.80406916e-01 -7.33766556e-01
    -4.72552419e-01 -1.51205122e-01 -1.12749040e-01 -5.05290508e-01
    -5.91409326e-01 -7.24670768e-01 -6.52776361e-02 -1.09110832e-01
    -3.64293933e-01 -3.67735267e-01 2.58045137e-01 -6.85317874e-01
    -4.94719744e-02 -7.51327038e-01 -1.04457259e-01 -2.71392286e-01
    -1.33575141e-01 -1.35068715e-01 3.70066166e-02 -8.21017385e-01
    -7.04904437e-01 -3.97469670e-01 1.75167978e-01 -6.87911391e-01
    9.10539627e-02 1.91734493e-01 2.63305187e-01 -3.52867007e-01
    -3.48374516e-01 -3.82184029e-01 -6.30078554e-01 -3.61522913e-01
    3.09622884e-02 -4.75973725e-01 -1.76380157e-01 -3.00979942e-01
    -2.84030676e-01 -1.17419481e-01 -5.24825037e-01 -1.03139222e-01
    -1.11288965e-01 1.01672411e-02 -7.56834030e-01 6.54214621e-02
    3.28598022e-02 -3.39914799e-01 -3.62374783e-01 1.75282478e-01
    -1.53321683e-01 -7.12780356e-01 -4.96553183e-02 -4.18031901e-01
    -5.04561663e-01 -1.39295101e-01 -6.39302790e-01 3.96789908e-02
    -4.46949929e-01 -2.10135341e-01 -7.26440907e-01 -7.51345515e-01
    -6.03927732e-01 6.37740493e-02 -2.80510187e-02 -5.02446175e-01
    -1.09450758e-01 2.21865773e-02 -2.55629003e-01 -1.07942045e-01
    9.68006849e-02 -5.27417779e-01 1.38244987e-01 1.14650309e-01
    -6.77003384e-01 -4.02901471e-01 1.90017402e-01 -3.10965419e-01
    -5.82489789e-01 -4.19652015e-01 7.68479705e-02 -8.07284117e-02
    -1.52851343e-01 -6.16682172e-01 -5.29448628e-01 -3.91779721e-01
    -5.67870557e-01 -1.80920303e-01 -1.32065713e-01 -7.12800622e-01
    -6.64346099e-01 -3.74832004e-01 -4.74331558e-01 -4.01161432e-01
    2.31220722e-01 3.99068594e-02 -7.17394412e-01 9.90986824e-04
    -5.89134157e-01 -5.58128953e-01 -6.14858270e-01 -5.71325421e-01
    7.48302341e-02 1.13212347e-01 -7.29936957e-01 -2.08868563e-01
    -5.48896372e-01 -4.10500467e-01 -6.14952803e-01 8.42109323e-02
    -6.28971457e-01 -3.94107968e-01 -6.58383846e-01 -4.69180465e-01
    -5.93661427e-01 -2.71734118e-01 1.95471704e-01 -5.85319042e-01
    1.85342371e-01 -5.58235765e-01 -4.17539269e-01 -5.74899912e-02
    1.84926867e-01 -2.83157289e-01 -1.63269341e-01 -1.05623662e-01
    -5.77549934e-02 -6.07460082e-01 -8.81645679e-02 -4.11270171e-01
    -5.21713257e-01 1.93829358e-01 -6.65946543e-01 -4.28926885e-01
    -2.26663947e-01 2.19728112e-01 -4.89521801e-01 -4.85022843e-01
    1.05810285e-01 -1.70620561e-01 -2.37842023e-01 -5.52584529e-01
    -2.03574300e-02 -6.88345611e-01 2.21307874e-02 -4.46470320e-01
    -4.56293732e-01 -2.92536616e-01 -6.64400160e-01 -1.78385377e-01
    4.76927161e-02 -1.47923470e-01 -4.96023893e-03 1.30364239e-01
    -3.18648338e-01 -1.42919004e-01 -1.31634474e-01 -4.14167643e-02
    -5.12165189e-01 -6.61837816e-01 2.72948742e-02 -5.13263941e-02
    -5.53682327e-01 1.88218117e-01 -4.49086607e-01 -4.81575191e-01
    -4.95447904e-01 -5.91913104e-01 -1.04522586e-01 -7.88154960e-01
    1.60197318e-01 -7.34346032e-01 -3.84002209e-01 -5.14221847e-01
    -6.75366640e-01 1.68660522e-01 -7.25632191e-01 8.78524780e-03
    -5.17494738e-01 -3.17494661e-01 -6.06085062e-01 -7.03233480e-03
    1.14709973e-01 -6.63213193e-01 -3.51287782e-01 -3.19221795e-01
    -5.92273355e-01 -4.15923029e-01 -3.66500020e-01 -3.82307321e-01
    -1.50662720e-01 -1.76148891e-01 1.39398098e-01 -3.87223512e-01
    -4.17616308e-01 -1.13057911e-01 9.59028602e-02 -3.19619209e-01
    -2.06721902e-01 -5.94803572e-01 8.70683789e-02 -1.24053836e-01
    1.36980712e-01 -7.45403767e-01 2.26869106e-01 -5.24977207e-01
    -4.11322951e-01 -4.32521045e-01 -2.28237689e-01 2.00679660e-01
    -6.07322812e-01 -7.26696908e-01 1.13057971e-01 -2.19951808e-01
    -7.12281466e-03 4.31524515e-02 -6.38127327e-02 3.47695351e-02
    5.95664978e-02 -3.14293563e-01 -7.62502789e-01 -2.66014338e-01
    6.74545765e-04 -6.45385683e-01 -2.18147576e-01 1.44613385e-02
    -7.50287771e-02 -5.91860771e-01 -4.69166964e-01 -1.43443882e-01
    -5.48654318e-01 -5.70735574e-01 -1.32223308e-01 -3.47302675e-01
    9.57522988e-02 -4.08980012e-01 -2.65586376e-01 -6.94320917e-01
    -2.71153271e-01 -1.34546399e-01 -1.28592789e-01 -5.16545773e-01
    -4.69767630e-01 2.42957830e-01 -5.92294455e-01 -3.29488873e-01
    -2.65988797e-01 -2.75906593e-01 -4.60439026e-01 -7.13487148e-01
    -7.75209486e-01 2.00746059e-02 8.37274790e-02 -7.31543183e-01
    -1.31684363e-01 7.07076788e-02 -5.95826030e-01 -8.06339979e-02
    1.53645277e-01 -3.18299323e-01 -2.90767491e-01 -2.51471698e-01
    -3.70790780e-01 -1.67424142e-01 -4.00163114e-01 -3.04585695e-02
    1.35107875e-01 -6.87266052e-01 -5.99165201e-01 -5.45977950e-02
    -1.17562056e-01 -3.29410136e-01 6.23358488e-02 -1.44682109e-01
    -6.01243377e-01 -2.34884202e-01 -9.22815204e-02 -1.48923993e-02
    -2.76612759e-01 -7.68242598e-01 -4.06871140e-01 -8.67733359e-02
    -8.23394060e-02 -1.23524606e-01 -6.56805694e-01 3.93190861e-01
    2.03698277e-01 -2.41914332e-01 -5.83379865e-02 -3.58678848e-01
    -7.45951533e-02 -5.47613502e-02 -5.77834249e-01 -6.89681292e-01
    1.77322149e-01 -5.25261641e-01 -5.30952215e-03 -2.57306337e-01
    -6.26339912e-02 -3.53438407e-01 -5.99447489e-02 -6.77067399e-01
    -3.43853176e-01 -1.92895949e-01 -5.04003286e-01 -5.25592625e-01
    -4.45349038e-01 -2.58408368e-01 -2.64118850e-01 -4.02336895e-01
    -2.76085913e-01 -1.34910047e-01 -3.88236403e-01 -4.22056496e-01
    -5.67385674e-01 -1.53761089e-01 -3.43542486e-01 8.89767408e-02
    -7.16769695e-03 -5.80844283e-02 7.33273029e-02 -5.71209610e-01
    -5.50788581e-01 -1.37250125e-01 -5.35111368e-01 -5.59603035e-01
    1.82239234e-01 -5.69079638e-01 -4.67874289e-01 -3.38038713e-01
    -2.79370129e-01 -6.70102060e-01 -4.79847193e-02 -6.24669790e-01
    -6.43089116e-01 -2.50238955e-01 1.28536284e-01 -2.68551648e-01
    -4.08727646e-01 -6.23464048e-01 -5.19552112e-01 -4.83927578e-01
    2.02120900e-01 2.10576952e-01 -3.77611518e-02 -7.57960141e-01
    -2.26551771e-01 7.38018751e-02 -1.49532616e-01 -4.00172472e-01
    -5.65790892e-01 -4.11569178e-01 -1.02340579e-02 1.11494184e-01
    1.95907652e-01 -4.03814137e-01 -1.34151101e-01 -5.31863689e-01
    -4.06859219e-01 1.17099285e-01 3.93233895e-02 -1.88779593e-01
    -3.20845962e-01 -4.94308889e-01 7.98053741e-02 -4.76627290e-01
    -6.55791402e-01 1.38747811e-01 -4.93871272e-01 1.16935015e-01
    -2.10660696e-02 -4.33614492e-01 -6.22712255e-01 -6.77453876e-02
    1.13416255e-01 7.29846954e-03 6.75119758e-02 -4.34508830e-01
    -4.70069319e-01 -3.19309294e-01 1.28373146e-01 -2.42575049e-01
    -7.20775723e-01 -1.96462095e-01 -2.70328075e-01 -5.40126204e-01
    -6.39460921e-01 -1.05135322e-01 -5.09105325e-02 1.30075216e-02
    -3.81094784e-01 -5.26851773e-01 -4.20758665e-01 -5.07932663e-01
    1.10122919e-01 -2.97979385e-01 -9.31606889e-02 -2.45824397e-01
    -4.58211303e-02 -5.50867438e-01 -6.03991449e-01 1.50134206e-01
    -7.62513280e-01 -7.49628544e-02 -1.19690120e-01 2.31474638e-03
    -8.76150608e-01 3.72819901e-02 -5.92218757e-01 -1.28611624e-01
    -7.81940579e-01 -7.80091703e-01 1.88065171e-01 5.30946851e-02
    -1.16422117e-01 -6.09295785e-01 8.98585916e-02 -7.12884665e-02
    -3.22371304e-01 -3.13564867e-01 1.67814791e-01 -1.31013155e-01
    -2.20393598e-01 -2.59835780e-01 -4.36405063e-01 -2.36908793e-01
    -1.38222933e-01 -5.87255359e-02 -6.27035499e-02 -5.48487067e-01
    -1.71053410e-02 -1.42823815e-01 -7.45202422e-01 5.53950667e-02
    1.43142104e-01 -3.96344066e-02 -4.67939407e-01 -6.53785825e-01
    -4.13852930e-01 -1.44290447e-01 1.78740740e-01 -1.64009273e-01
    -9.98949409e-02 -1.25212252e-01 -3.55194211e-01 -1.39996231e-01
    -4.72563624e-01 -3.27082425e-01 -1.40161216e-01 -3.01359236e-01
    -6.52118862e-01 -7.78306842e-01 -4.03316677e-01 -7.50911355e-01
    -4.42782044e-01 9.46153402e-02 -7.76411951e-01 -5.01714051e-01
    -7.37927556e-01 -3.45455796e-01 1.54630780e-01 -3.56617510e-01
    -3.14436316e-01 -1.88290298e-01 -2.36302823e-01 -1.59310997e-01
    -9.45556164e-02 7.14502335e-02 -5.88740945e-01 -5.12564480e-01
    -2.73216128e-01 -7.07797050e-01 -6.21646166e-01 -5.19867122e-01
    -1.18369937e-01 -4.72552180e-01 -4.04757261e-02 -4.00578976e-03
    7.36023188e-02 -6.73422337e-01 -2.22304761e-01 -6.83429360e-01
    -4.97252762e-01 -4.72719252e-01 1.23465657e-01 1.22483313e-01
    -4.94788826e-01 -5.69405556e-02 -4.46878850e-01 -3.21639925e-01
    -6.50592089e-01 1.80759966e-01 2.44841874e-01 -4.61578310e-01
    -5.09656906e-01 -3.95126581e-01 -8.70696306e-02 -1.93304241e-01
    2.47516513e-01 -6.71091437e-01 -6.59175277e-01 2.81889856e-01
    -3.96348894e-01 -1.95647478e-02 -9.15277600e-02 -5.58818579e-02
    2.21825838e-02 -4.56261039e-01 -5.76612949e-02 6.21371865e-02
    1.25887692e-01 -6.71945810e-01 -4.96677041e-01 3.28640342e-02
    -3.92046273e-01 -6.90049827e-01 -5.95979273e-01 -2.52279222e-01
    1.64716780e-01 -2.63752460e-01 -6.23236179e-01 -6.83779240e-01
    1.32551789e-02 -6.76520824e-01 -2.07189560e-01 -6.53620183e-01
    -6.10663593e-01 -1.88353360e-01 -1.41210556e-02 -3.50767553e-01
    -7.28823364e-01 -5.85844100e-01 3.01160216e-02 -6.02823853e-01
    -4.73105460e-01 -1.25675619e-01 2.56335139e-02 -5.27848542e-01
    -6.39683604e-02 2.20043659e-02 -4.96263772e-01 2.67892540e-01
    9.16282535e-02 -2.22679704e-01 -7.44603872e-02 -7.31249213e-01
    -2.85813212e-02 1.69940352e-01 -2.97408760e-01 -2.91773081e-02
    -7.56878078e-01 -1.33763433e-01 -7.89712489e-01 -8.05376947e-01
    -2.39571154e-01 -4.00390983e-01 -5.14543056e-01 -7.13933825e-01
    -1.67146385e-01 -4.71357852e-01 -3.31738740e-01 -3.77764225e-01
    -3.44051898e-01 5.98931313e-03 -3.73953462e-01 -2.04128325e-01
    -6.88731670e-01 9.61837769e-02 -2.10634530e-01 -5.00720441e-01
    -4.37776357e-01 -4.74275976e-01 -4.03306901e-01 1.05619431e-01
    -7.95309544e-02 -3.20851922e-01 -3.01355720e-01 -3.01755071e-01
    -4.36243474e-01 4.69114780e-02 -6.29058659e-01 -1.35958016e-01
    2.25318015e-01 -7.40158558e-02 -5.27828336e-01 -3.03379208e-01
    -6.23409271e-01 4.95837927e-02 -3.35883796e-01 -3.46947551e-01
    1.84139013e-01 1.15773380e-01 -6.27589941e-01 -3.25891346e-01
    -4.40199107e-01 -4.91525859e-01 -2.47086644e-01 -6.04006946e-01
    1.35407329e-01 -2.88807392e-01 -6.07817113e-01 8.91020298e-02
    -3.61075401e-02 -6.82337880e-01 -1.36440098e-01 -3.62834662e-01
    -5.56098223e-01 -2.76644200e-01 -9.62544680e-02 -4.85952258e-01
    -2.69276381e-01 8.21086168e-02 -5.62068343e-01 -6.35299444e-01
    2.02977657e-01 -4.79123831e-01 1.44095540e-01 -7.69324422e-01
    -5.18617272e-01 -7.95621276e-02 -2.74285197e-01 -3.79641116e-01
    -1.86852276e-01 -4.18987960e-01 -6.69686317e-01 1.65475845e-01
    -5.38988113e-01 -2.25280762e-01 -3.99181277e-01 -4.54975069e-01
    -4.23470438e-01 -7.74979591e-03 -1.83614552e-01 1.18656158e-01
    -6.24532223e-01 -7.61844158e-01 -5.26883602e-02 -9.14927721e-02
    -4.90882576e-01 2.78814435e-02 -2.79177368e-01 2.69873738e-02
    -3.74004662e-01 9.60478187e-02 -6.12622619e-01 2.05634296e-01
    -5.85531950e-01 -4.20217931e-01 -3.94110739e-01 -6.21964872e-01
    -6.02981687e-01 -2.98357695e-01 -5.01199961e-01 -1.24949992e-01
    -4.23950791e-01 7.30580091e-02 -3.92877132e-01 1.43329203e-01
    -6.72218323e-01 -1.79439187e-01 -4.16642904e-01 -1.99833691e-01
    -1.17911756e-01 -3.33998084e-01 -5.74898839e-01 -4.20135200e-01
    -7.14902818e-01 -4.36985672e-01 -6.89087272e-01 -6.76450908e-01
    -7.16369271e-01 8.15343857e-03 -4.41363811e-01 -1.27734542e-01
    -5.90122461e-01 -3.53505850e-01 -4.44991171e-01 2.66357660e-02
    -3.40057433e-01 -1.34783208e-01 -1.01316512e-01 -5.89673638e-01
    3.16004753e-02 -3.03761005e-01 -6.92531466e-01 -8.14452529e-01
    -1.67160034e-02 -5.66683173e-01 -6.21053457e-01 1.43956900e-01
    -6.15818977e-01 -6.85627401e-01 -7.04209447e-01 -2.47397661e-01
    -1.83989823e-01 -3.02008510e-01 -4.02732491e-01 -1.76799476e-01
    -5.64425111e-01 -6.57470226e-01 -1.44016802e-01 -2.56793678e-01
    -6.04897559e-01 -2.65996188e-01 -3.80180836e-01 -5.16010642e-01
    -5.52288294e-01 1.61687672e-01 -2.90595531e-01 -4.90531623e-01
    -3.26189727e-01 -2.60267377e-01 5.78951836e-02 -6.68785691e-01
    -4.62364137e-01 5.62327504e-02 -2.52329230e-01 -4.32202637e-01
    -2.06582487e-01 -1.32225692e-01 -2.65393913e-01 -3.47992927e-01
    -5.24111032e-01 2.34764874e-01 -3.25541854e-01 1.38307154e-01
    -2.39217699e-01 -5.92142582e-01 -3.32033932e-01 -9.52970386e-02
    1.28522575e-01 -5.35352707e-01 -1.15429580e-01 -1.27489924e-01
    -6.92703187e-01 -4.22439069e-01 5.86196780e-02 -5.86644053e-01
    -5.47273278e-01 -4.00112808e-01 1.82885110e-01 -4.07509804e-02
    -4.48391318e-01 1.17209613e-01 -3.64312828e-01 -5.78579485e-01
    5.80205917e-02 -1.51216984e-04 -2.41037220e-01 1.81935370e-01
    -4.05808389e-01 -3.83231699e-01 -3.56266618e-01 3.24468315e-01
    -4.28156286e-01 -5.09873986e-01 -2.57099330e-01 -5.60691595e-01
    -5.65900803e-02 -1.01132393e-02 -6.52531981e-02 -2.43901163e-01
    -6.50166392e-01 -9.47382450e-02 -2.96090186e-01 -7.42050409e-02
    2.32370496e-02 -5.90862989e-01 -6.55469000e-01 -1.21011615e-01
    -5.17004430e-01 4.83938456e-02 -4.77710634e-01 -3.31934988e-01
    -8.26483965e-03 9.52003002e-02 1.44594550e-01 -4.65312868e-01
    1.05469823e-01 -7.51087666e-02 -5.18610835e-01 -6.61695540e-01
    8.18842053e-02 -5.18173337e-01 1.14953697e-01 -8.46331239e-01
    3.45672369e-02 -7.19188809e-01 -2.63400733e-01 -5.32138348e-02
    -3.75219047e-01 -1.73894763e-01 -2.15764225e-01 -5.29682398e-01
    -5.53568006e-01 1.78978086e-01 -4.95755732e-01 1.31410509e-01
    4.68149781e-02 -3.98897678e-01 1.19670272e-01 -1.80051267e-01
    -5.97862899e-01 -2.67098188e-01 1.89767182e-01 -5.36008596e-01
    -6.63025975e-02 4.06301618e-02 -3.34806323e-01 2.37366557e-01
    -3.50481570e-01 1.56012237e-01 2.37209678e-01 1.97067261e-02
    -2.12557435e-01 -1.92635834e-01 -9.95541811e-02 -2.58260190e-01
    1.10873640e-01 9.21128988e-02 -2.40749866e-01 3.56866121e-02
    -2.78905362e-01 -2.32843816e-01 1.91989064e-01 2.04772651e-01
    -3.85762960e-01 -4.20976579e-01 -5.30786037e-01 -2.57954359e-01
    -2.13398397e-01 -7.27311015e-01 1.63184583e-01 -4.81528580e-01
    6.30679131e-02 2.35353708e-01 -2.92476594e-01 2.69354343e-01
    -4.59609836e-01 -4.00801867e-01 -1.32662296e-01 -3.99755567e-01
    1.35978222e-01 -5.81045151e-02 -1.25055373e-01 -1.17546260e-01
    -1.94775462e-01 2.67016888e-03 6.72370195e-02 -5.63990116e-01
    2.69369721e-01 -4.26994741e-01 -1.55716389e-01 2.02866793e-02
    -2.01761961e-01 8.84419680e-03 -1.10945106e-02 -3.10266346e-01
    -1.34426653e-01 -1.32656932e-01 -5.88953733e-01 -1.53540373e-02
    -2.31848180e-01 -5.09346962e-01 -8.60638022e-02 -5.50554872e-01
    3.78341675e-02 -3.74629915e-01 -3.98065805e-01 8.20749998e-03
    -3.18193436e-01 -4.38052446e-01 -8.89743567e-02 -5.29189110e-02
    -6.87198043e-01 2.46091545e-01 -4.95882630e-02 1.25196934e-01
    1.55046523e-01 -4.39466476e-01 -2.18111515e-01 -2.61028945e-01
    2.22980976e-03 -7.25901127e-02 -6.95228219e-01 -2.79381424e-01
    1.55502915e-01 -6.94706559e-01 -5.42998791e-01 -2.03225255e-01
    2.14717507e-01 1.09744430e-01 -5.80748916e-01 -5.96306920e-01
    -4.02265370e-01 1.32211506e-01 -4.77549613e-01 -3.79819512e-01
    -6.16466463e-01 1.15913987e-01 -3.25578988e-01 -2.23912686e-01
    -2.96563864e-01 -1.43817663e-01 -3.50001037e-01 -1.02528930e-02
    2.49394774e-01 -8.06360245e-02 -5.38141608e-01 -4.18153405e-01
    -6.38111830e-01 8.80919099e-02 -1.73603296e-02 8.80376101e-02
    -3.33507508e-01 -1.13744617e-01 -4.73665655e-01 -5.90664744e-02
    -2.84123778e-01 1.74431562e-01 -4.18982476e-01 -5.64749777e-01
    1.01247847e-01 2.50216067e-01 -2.75300443e-01 -1.53666496e-01
    -6.72603130e-01 -3.07317376e-02 -2.21982807e-01 6.94475174e-02
    -5.06144524e-01 2.98802257e-01 -5.92093468e-02 -4.83740985e-01
    2.08966136e-01 -4.61275488e-01 1.45871818e-01 -4.44881976e-01
    -6.55241668e-01 1.66112602e-01 6.89541101e-02 2.00151682e-01
    1.63186967e-01 -7.50392199e-01 -2.43378878e-02 7.32721090e-02
    -4.51123118e-02 -3.02158594e-02 -1.00421667e-01 -3.97663713e-02
    -5.29353321e-01 -6.50378227e-01 2.97257066e-01 -6.37708127e-01
    2.46412277e-01 -4.58973199e-01 -4.38594043e-01 2.17034519e-01
    -2.50367522e-02 -3.08462620e-01 2.54194200e-01 -5.67263484e-01
    7.84349442e-02 -4.36648786e-01 2.24390328e-01 -4.40668255e-01
    -1.48308277e-02 -3.12165499e-01 1.77922070e-01 -1.88425004e-01
    -1.13700688e-01 -1.55394673e-01 -4.08316016e-01 1.42674863e-01
    7.10921288e-02 -4.51618493e-01 -5.41960239e-01 -8.58517587e-02
    -2.24335194e-02 -1.41789496e-01 -5.13476431e-01 9.34941769e-02
    -4.17599797e-01 -2.99765766e-01 -5.69593906e-01 -3.34216267e-01
    -4.36791122e-01 -4.26258743e-01 1.06184483e-01 -6.93426430e-01
    -6.73779666e-01 -2.74010986e-01 7.07606077e-02 -1.31516218e-01
    2.68276751e-01 1.52387261e-01 -1.86371803e-03 -5.08881629e-01
    -2.06896007e-01 -1.35672033e-01 2.62194276e-02 5.63963652e-02
    -4.92208093e-01 -2.87908852e-01 -4.85785484e-01 -2.75564730e-01
    -3.35822076e-01 2.02194273e-01 -2.11504906e-01 -4.07804370e-01
    -5.92530370e-01 -4.58937973e-01 1.71380281e-01 2.53708243e-01
    -4.06535029e-01 -2.79850543e-01 -5.01804352e-01 -3.66287708e-01
    -2.27436393e-01 -3.16189885e-01 2.89119482e-01 -6.71831429e-01
    -2.65475154e-01 -6.27259254e-01 -2.55981565e-01 9.57146883e-02
    5.13253212e-02 2.14333534e-02 -1.15247309e-01 -1.18196249e-01
    -6.58156276e-02 -5.97680390e-01 2.58080602e-01 -1.91013634e-01
    2.47749925e-01 -3.10156792e-01 -6.12378478e-01 -1.44073904e-01
    4.82384562e-02 -7.27600455e-02 -3.78792495e-01 -3.75859529e-01
    2.70342827e-03 -5.21427393e-03 -5.02734125e-01 8.37720037e-02
    -1.61422610e-01 -2.14520395e-01 1.85051680e-01 -1.05677664e-01
    -4.38719541e-01 -8.44755769e-02 2.92604804e-01 5.31132877e-01
    4.38697278e-01 2.55602956e-01 8.72551203e-02 -1.10964596e-01
    1.96489096e-02 -1.38611019e-01 3.01224470e-01 -5.26193023e-01
    -1.61514044e-01 1.70215607e-01 8.04408193e-02 2.41551220e-01
    -3.41815561e-01 1.73775792e-01 1.59313798e-01 -4.94095176e-01
    -1.25746191e-01 -7.48993754e-02 5.91038465e-02 -3.05286497e-01
    2.60422528e-01 -4.72485662e-01 -2.44705796e-01 -2.18393803e-01
    -1.91932946e-01 -4.12021279e-01 -5.42620540e-01 6.91905618e-02
    2.99418807e-01 -2.99018800e-01 1.78333819e-01 -2.68094093e-01
    -2.31444120e-01 7.51415491e-02 -4.94900942e-02 -5.66021442e-01
    -6.03717208e-01 -5.14748454e-01 2.06172287e-01 -3.20900023e-01
    -3.88389826e-01 -4.24863368e-01 -4.70803559e-01 3.27594757e-01
    -1.28493428e-01 -4.25936729e-01 -1.89671308e-01 2.47606158e-01
    -4.59139585e-01 -4.67294037e-01 -1.45162404e-01 2.79431343e-01
    -2.67191708e-01 -4.72910315e-01 3.21706116e-01 1.15811586e-01
    3.03821802e-01 2.70212114e-01 1.89106286e-01 -1.81594461e-01
    2.24733591e-01 -1.31500125e-01 -1.39123470e-01 -5.74545503e-01
    2.83867300e-01 -6.33715391e-02 -9.35792923e-05 3.23076606e-01
    3.57004166e-01 -1.52078480e-01 -6.62000179e-02 -2.19763637e-01
    3.69159818e-01 -5.02075434e-01 -5.35358787e-01 -2.58101106e-01
    -7.57083297e-02 1.91009164e-01 -3.40793312e-01 9.50000882e-02
    -2.87706643e-01 -3.75507116e-01 1.14259362e-01 2.96478927e-01
    2.73508608e-01 8.74773860e-02 4.66496348e-02 -3.14869881e-01
    -4.28820044e-01 -3.44055712e-01 -1.15387619e-01 2.98027575e-01
    -2.20800161e-01 3.01029205e-01 2.08106399e-01 3.36014032e-01
    3.42090786e-01 2.96608031e-01 -4.71697986e-01 1.62047386e-01
    1.93391979e-01 -1.71420544e-01 4.28423107e-01 -5.39183617e-02
    1.86306894e-01 -6.02493286e-02 2.53485858e-01 8.22485685e-02
    -4.92860824e-01 6.34428263e-02 1.79178059e-01 1.83265924e-01
    -2.59583175e-01 -1.08916044e-01 2.99696863e-01 -2.33835787e-01
    3.02953124e-02 -6.99859262e-02 -3.31565678e-01 -1.56965196e-01
    -4.93253350e-01 -3.58310044e-01 -1.18124902e-01 1.59767210e-01
    -4.15127575e-01 2.17363536e-01 1.28338635e-01 -3.69946390e-01
    3.08400631e-01 -7.63982534e-03 -4.10614312e-01 -2.62696803e-01
    1.12428427e-01 -5.15793562e-01 -4.80731606e-01 -1.42373204e-01
    2.82593668e-01 9.69053507e-02 2.80797541e-01 -3.09551954e-02
    -4.40698981e-01 -4.66601431e-01 1.00433111e-01 -2.14150429e-01
    1.02581501e-01 1.08005941e-01 1.49147570e-01 -5.36432981e-01
    -2.46187449e-01 2.69701004e-01 -2.43653595e-01 1.46100342e-01
    -5.47896087e-01 3.17119122e-01 1.84392333e-02 -2.03785837e-01
    -3.37517023e-01 -4.64596093e-01 2.14990139e-01 -3.03732872e-01
    -4.50729132e-02 -7.65938759e-02 -2.39591539e-01 -5.38405180e-01
    1.55074954e-01 -1.21320486e-01 1.78763509e-01 2.74723530e-01
    -5.57229877e-01 -2.93940961e-01 -8.56447220e-03 -4.87339944e-01
    6.92557693e-02 1.81427062e-01 -3.51748645e-01 1.99067473e-01
    -8.26189518e-02 -3.84027451e-01 -3.90759468e-01 -4.43681359e-01
    -2.92610705e-01 1.71726346e-01 3.44376445e-01 3.80662680e-02
    2.30867565e-01 -1.40220165e-01 2.96103418e-01 5.62208295e-02
    -3.37041587e-01 6.35214448e-02 1.51427031e-01 -6.11442029e-01
    1.83996081e-01 1.15448415e-01 -5.26266754e-01 3.59331369e-02
    -3.09614241e-01 -1.30367756e-01 -4.11933631e-01 -3.72298062e-01
    -3.12201172e-01 -5.48744202e-01 3.40052128e-01 -1.98190212e-01
    3.48788202e-01 -3.38883877e-01 -7.20438063e-02 -8.40002894e-02
    -4.67676431e-01 4.03823555e-01 -2.50284255e-01 -2.55206585e-01
    -3.87893051e-01 -1.01764202e-02 -3.11735272e-02 -1.67239100e-01
    6.60826564e-02 -3.22740465e-01 -5.16768396e-02 -2.98054844e-01
    -3.67220342e-01 1.36824310e-01 -4.94646430e-02 1.68978572e-01
    -5.05054176e-01 -3.71606350e-02 -4.72071767e-02 1.44875228e-01
    2.14625716e-01 -5.30897021e-01 -1.67465180e-01 -4.88652378e-01
    -4.77313280e-01 -3.08506668e-01 3.35581779e-01 -6.06193662e-01
    6.28745556e-02 -5.72119355e-01 3.19980383e-02 1.39821827e-01
    3.45176578e-01 2.91414142e-01 3.09723377e-01 -6.70497894e-01
    2.27265716e-01 1.45590484e-01 2.41427720e-01 -6.35839105e-02
    -3.33197296e-01 -6.77932501e-02 -3.12849641e-01 -2.42740482e-01
    -2.40072101e-01 1.93916708e-01 -1.50260121e-01 4.86135483e-03
    1.40795618e-01 2.34680980e-01 1.82163179e-01 7.83439875e-02
    3.48847866e-01 1.51947916e-01 -2.43637830e-01 2.06132948e-01
    -2.83341825e-01 -3.54656249e-01 4.93102193e-01 -4.69553381e-01
    -4.26796138e-01 2.32464492e-01 -2.28418469e-01 -3.12660843e-01
    3.09178472e-01 3.83955657e-01 -6.60961866e-02 -3.15021962e-01
    2.86271811e-01 -2.94232279e-01 3.11856270e-02 -1.93966597e-01
    4.04046476e-01 4.04285550e-01 4.32826102e-01 1.04879260e-01
    -1.66157782e-02 2.84016371e-01 -4.09617305e-01 -4.12431657e-02
    -1.54817402e-01 4.65056241e-01 4.69418108e-01 -2.76114315e-01
    1.08502805e-01 1.62420422e-01 -2.39422083e-01 2.85260499e-01
    5.30090630e-02 6.22497499e-02 -2.57077485e-01 4.71435487e-01
    4.88982201e-01 -1.40480340e-01 -1.56252474e-01 3.37736905e-01
    -2.57637650e-01 8.85213017e-02 3.56162906e-01 2.52046883e-02
    -2.48470694e-01 -1.08445913e-01 4.55470026e-01 -2.45148748e-01
    -2.64267564e-01 -2.55566567e-01 -4.57013875e-01 -1.23069257e-01
    2.84898937e-01 8.28231573e-02 2.07256377e-01 3.83545756e-01
    2.20923960e-01 -8.25040638e-02 1.04353666e-01 -4.90135431e-01
    4.20410514e-01 -7.17459321e-02 9.43680108e-02 -4.76967126e-01
    3.92278016e-01 2.11698174e-01 3.34951222e-01 3.53097856e-01
    1.74381375e-01 -4.49299723e-01 -2.95891941e-01 3.87056142e-01
    -6.47765398e-02 -3.30325544e-01 2.61686802e-01 -5.06025791e-01
    3.25508595e-01 -2.03841746e-01 9.40239429e-03 2.67046362e-01
    2.77187288e-01 2.07799673e-01 -7.98545480e-02 -1.36542052e-01
    4.06629086e-01 -4.41769153e-01 -5.09715796e-01 -1.55804753e-01
    -9.40169692e-02 2.25963414e-01 3.92694563e-01 -9.00886655e-02
    -1.11068219e-01 -2.62077361e-01 -1.46652222e-01 4.93811369e-02
    -2.91682154e-01 2.84296900e-01 -3.68514031e-01 1.57231152e-01
    -4.63026583e-01 3.33687007e-01 3.28282624e-01 -2.28258580e-01
    -4.90299791e-01 2.83807218e-01 2.50028491e-01 6.65318966e-03
    7.43724704e-02 -1.84989572e-01 -4.74312305e-02 8.63992870e-02
    2.31612206e-01 4.19783086e-01 -2.92467117e-01 3.74226093e-01
    2.90008366e-01 3.31895351e-02 2.38461912e-01 -2.89956629e-02
    -1.11514032e-02 -2.64575571e-01 2.47661084e-01 8.26477408e-02
    5.02153695e-01 -2.03089327e-01 -4.16347563e-01 -2.19631910e-01
    -2.36392170e-01 -6.14264905e-02 3.77538383e-01 -1.47678554e-01
    1.85905635e-01 -3.35852772e-01 2.88632452e-01 3.49919200e-02
    2.53903449e-01 -1.09792054e-01 -3.92464876e-01 1.28859341e-01
    -4.59308177e-01 -1.14842087e-01 2.81321168e-01 3.46687019e-01
    3.46272469e-01 7.98850656e-02 -2.96036929e-01 3.76339585e-01
    3.64722341e-01 -1.83613181e-01 1.36116058e-01 -2.38735735e-01
    -2.09765732e-02 2.47892171e-01 -5.61291575e-02 7.40051270e-04
    3.49078178e-01 3.58133972e-01 -2.37100124e-02 3.58276665e-01
    -3.83769929e-01 1.66695058e-01 9.57744122e-02 4.60954905e-01
    -1.03431284e-01 -2.50037044e-01 4.12378371e-01 3.70139837e-01
    2.16076583e-01 -1.37715876e-01 -2.33352631e-01 -2.53207803e-01
    -2.47828394e-01 -1.94107533e-01 2.85489112e-01 -4.02893186e-01
    -5.23791909e-02 1.53733790e-02 1.06427431e-01 -4.22089100e-02
    -3.85039598e-01 3.84548962e-01 1.35208011e-01 2.39520133e-01
    -5.59969544e-02 -1.10875517e-01 4.37819093e-01 -1.94013655e-01
    2.47277707e-01 -3.31468165e-01 -3.81699383e-01 4.38057035e-01
    5.27685881e-02 3.44497353e-01 1.06566429e-01 3.38490605e-02
    -8.29786062e-02 2.20326096e-01 -3.99163604e-01 3.64874452e-01
    -1.14954114e-01 2.28892267e-02 -8.86037350e-02 2.41027713e-01
    5.24450958e-01 3.11079800e-01 3.84080380e-01 -3.24293822e-01
    -2.69565970e-01 2.45154470e-01 -9.80016887e-02 4.69080597e-01
    -3.55447203e-01 2.64060497e-01 -1.80217624e-02 -3.51918668e-01
    -1.84368819e-01 -2.58242577e-01 3.22792888e-01 3.29177737e-01
    2.64447749e-01 1.39110625e-01 -4.64348376e-01 2.43572295e-01
    3.80920619e-01 -3.67819130e-01 -2.88900435e-02 3.22107434e-01
    1.13723010e-01 -2.44324684e-01 6.81965351e-02 -9.90911126e-02
    -3.35188866e-01 -4.46851462e-01 2.70347357e-01 -5.07643044e-01
    -4.68131244e-01 2.34773934e-01 -4.73462641e-01 4.16022539e-01
    3.77419591e-01 8.92258286e-02 -2.79505610e-01 -4.03026789e-01
    -1.32366747e-01 -2.73755193e-02 2.45592356e-01 -1.97450534e-01</data></your_img>
</opencv_storage>
