<?xml version="1.0"?>
<opencv_storage>
<g>1.9700000000000000e+00</g>
<r>7</r>
<filter-type>1</filter-type>
<circular>0</circular>
<L2_diff>2.0545468002248913e+02</L2_diff>
<test_img type_id="opencv-matrix">
  <rows>128</rows>
  <cols>256</cols>
  <dt>f</dt>
  <data>
    8.43438506e-01 6.96272135e-01 5.02002776e-01 8.57805014e-01
    6.38464391e-01 6.39772296e-01 2.29837954e-01 6.28386438e-01
    8.89623165e-01 7.88480759e-01 8.98378074e-01 5.07624328e-01
    7.29134977e-01 4.57245350e-01 9.33145046e-01 4.02336687e-01
    8.14924598e-01 8.49373639e-01 9.78750110e-01 2.08578408e-02
    1.00625336e-01 8.65925550e-01 9.79446888e-01 9.92537022e-01
    2.09057122e-01 2.55186975e-01 3.46330434e-01 5.92340112e-01
    9.25806880e-01 3.15488279e-01 3.48161697e-01 9.20715630e-02
    7.68034518e-01 6.77292287e-01 7.63874769e-01 1.12192333e-01
    6.97065353e-01 5.82004905e-01 1.21208429e-02 7.65930057e-01
    5.30350029e-01 9.68185365e-01 3.50922883e-01 7.85469651e-01
    6.30055070e-01 4.36291456e-01 3.50843191e-01 8.55778456e-01
    9.80512500e-02 8.82710099e-01 7.07101822e-01 7.70598829e-01
    4.00105596e-01 2.80595809e-01 6.87890172e-01 9.51394379e-01
    3.97601873e-01 6.85510159e-01 9.30687904e-01 9.31936979e-01
    8.23940039e-01 8.63416195e-02 7.99237132e-01 1.69238389e-01
    3.63578796e-02 8.84209454e-01 6.91951632e-01 9.50121760e-01
    4.86415565e-01 1.72863930e-01 4.05451059e-02 2.57729352e-01
    6.18667841e-01 4.70691592e-01 6.68950081e-01 2.61848509e-01
    3.48651052e-01 3.02458405e-02 9.92324233e-01 9.41188097e-01
    7.91236758e-01 3.48756015e-01 7.86592066e-01 6.39129519e-01
    4.41115826e-01 5.93781114e-01 6.32862687e-01 5.43224812e-03
    5.47417521e-01 2.77738214e-01 3.95047724e-01 1.50104523e-01
    7.16597855e-01 4.40416247e-01 5.89313447e-01 4.93001938e-03
    3.05537701e-01 6.30821466e-01 2.52256811e-01 7.38981962e-02
    3.52155864e-01 9.03541207e-01 3.10266674e-01 1.70729458e-01
    6.79646790e-01 8.32433224e-01 2.14363337e-02 2.40152359e-01
    8.99392486e-01 7.54843950e-01 9.27381277e-01 6.49413824e-01
    1.39212579e-01 5.88542283e-01 5.01955509e-01 5.54681122e-01
    1.62031412e-01 1.71552420e-01 3.07181060e-01 7.22903252e-01
    6.75128043e-01 3.34534943e-01 8.02218914e-04 4.30826187e-01
    8.30613017e-01 5.46835661e-01 5.04008651e-01 3.95774275e-01
    1.57249421e-01 5.57237327e-01 2.79896528e-01 5.99316061e-02
    9.67589319e-02 3.58390689e-01 1.17034644e-01 1.57941967e-01
    3.29503894e-01 2.41345406e-01 1.38002485e-01 7.73053586e-01
    3.63916337e-01 9.90569592e-01 9.99218464e-01 7.45462298e-01
    5.28670609e-01 4.61761415e-01 1.13067567e-01 5.38251877e-01
    5.69195151e-02 6.62611723e-01 3.10249388e-01 3.46306682e-01
    6.11762583e-01 5.13910413e-01 3.70147496e-01 9.17544425e-01
    3.50421071e-02 9.41538334e-01 9.43810284e-01 8.55141282e-02
    3.24883789e-01 9.92663383e-01 7.06820369e-01 6.88575625e-01
    4.03206080e-01 4.76240814e-01 3.02001774e-01 2.37423033e-01
    4.30241555e-01 8.21769714e-01 2.30434477e-01 8.64320874e-01
    4.47819501e-01 6.04912043e-01 8.36792886e-02 5.74891627e-01
    1.70064837e-01 4.71324831e-01 9.19204354e-02 9.02711630e-01
    8.94664168e-01 9.61281538e-01 2.39866972e-03 7.68875718e-01
    3.09764057e-01 5.68178058e-01 9.49697375e-01 4.50649530e-01
    2.72988796e-01 3.69751155e-01 1.43847734e-01 7.12554216e-01
    8.17921221e-01 3.96351129e-01 1.14961237e-01 5.54825842e-01
    9.99225736e-01 3.18740368e-01 2.36178458e-01 8.14834118e-01
    7.02109516e-01 9.35163975e-01 4.84248936e-01 9.60101366e-01
    7.55540311e-01 4.83861923e-01 9.65072930e-01 2.94346362e-01
    9.84235764e-01 8.32918286e-03 4.10678089e-01 7.23227203e-01
    1.43752784e-01 8.62877250e-01 8.25724244e-01 2.48386025e-01
    2.13676870e-01 9.50504303e-01 5.84452450e-02 7.05874443e-01
    8.07978392e-01 8.73296857e-01 5.45582175e-01 8.39591861e-01
    8.39268804e-01 4.62841511e-01 2.33568996e-01 4.78045613e-01
    4.61791933e-01 2.63013065e-01 3.97349775e-01 2.58630931e-01
    5.99443555e-01 6.82087958e-01 1.88777268e-01 9.92533445e-01
    9.43416297e-01 6.45831883e-01 3.01366329e-01 4.41736132e-01
    3.64342213e-01 7.99815655e-02 9.43530500e-01 8.69869709e-01
    1.89512879e-01 1.12449676e-01 9.92841363e-01 6.95830882e-01
    6.54260397e-01 4.10609573e-01 6.38844311e-01 1.66292697e-01
    9.08948004e-01 2.29105651e-01 2.39423364e-01 4.14473414e-02
    9.53248978e-01 4.85785514e-01 8.37318838e-01 7.56235421e-01
    2.69027144e-01 1.43090308e-01 9.93743956e-01 9.37004566e-01
    4.15398538e-01 8.88117909e-01 5.95074356e-01 5.30972421e-01
    7.76081562e-01 2.91917980e-01 6.24684989e-02 8.52682948e-01
    6.81614578e-02 9.45490360e-01 1.43984795e-01 6.11015856e-02
    2.00840294e-01 3.92212868e-02 3.77899706e-02 5.64968348e-01
    6.76010370e-01 9.29267466e-01 3.47931087e-02 9.16270971e-01
    5.07942080e-01 9.46254432e-02 9.61445332e-01 8.28066826e-01
    5.66274524e-01 6.99846268e-01 9.16244030e-01 9.66872692e-01
    9.04661417e-01 7.24541664e-01 1.45276278e-01 4.00955379e-02
    2.15610117e-01 3.29070807e-01 1.45471394e-02 2.90820539e-01
    1.20534062e-01 9.51034427e-01 7.38726020e-01 4.05359030e-01
    4.73163545e-01 9.54896450e-01 2.47444063e-01 7.68096566e-01
    6.70903027e-01 7.84544587e-01 3.52197170e-01 8.18847418e-01
    9.17593598e-01 1.36591911e-01 1.56787634e-01 4.69617397e-01
    3.08983564e-01 7.46504366e-02 7.30934978e-01 8.25153351e-01
    2.28298336e-01 4.67394292e-02 3.76366705e-01 7.23446786e-01
    8.65220189e-01 6.05931282e-01 8.99426103e-01 7.29131997e-01
    6.71584845e-01 7.69528568e-01 1.57576591e-01 2.95209855e-01
    9.81792331e-01 5.65806031e-02 9.68620539e-01 2.66356975e-01
    1.72052443e-01 2.94531196e-01 8.86148393e-01 1.40183240e-01
    3.98092538e-01 6.68138742e-01 7.05139279e-01 7.14104593e-01
    7.84039617e-01 6.51195168e-01 1.36213481e-01 6.42546833e-01
    7.15674818e-01 6.86465442e-01 6.62483513e-01 7.15457201e-01
    1.84591621e-01 3.60584259e-02 3.86657476e-01 3.47771704e-01
    1.45696670e-01 7.61352181e-01 6.96236670e-01 7.30714679e-01
    4.74479795e-03 6.17216051e-01 4.90900546e-01 2.81398296e-01
    5.86426437e-01 3.10828358e-01 7.45993018e-01 9.89987493e-01
    4.38650727e-01 2.16614068e-01 3.11037600e-01 1.49035752e-01
    4.67757821e-01 7.61323094e-01 1.52381241e-01 6.27362251e-01
    2.80947566e-01 3.30669403e-01 9.04999733e-01 9.40690517e-01
    1.28933102e-01 1.86404049e-01 9.39931512e-01 8.21464360e-01
    9.14676309e-01 3.65672648e-01 3.89615119e-01 9.85253215e-01
    3.87713760e-01 5.34744322e-01 9.37096119e-01 1.49745941e-02
    8.81608129e-01 9.01919484e-01 6.87609613e-01 4.43391770e-01
    7.04964280e-01 9.78217840e-01 8.61993432e-01 5.56292236e-02
    6.91756308e-02 4.13335264e-01 1.04474485e-01 9.60894942e-01
    5.09918690e-01 1.51216924e-01 2.73150027e-01 9.30820405e-02
    2.19819009e-01 6.63345873e-01 5.49691319e-01 7.03395009e-01
    1.11473382e-01 2.08344162e-01 5.20584106e-01 7.75503874e-01
    6.47929668e-01 2.94498444e-01 5.92181563e-01 5.21550953e-01
    2.97271609e-02 2.90260941e-01 8.28472435e-01 3.22787762e-01
    1.95956051e-01 1.87574208e-01 1.52355134e-02 5.29380083e-01
    2.06204087e-01 7.93327808e-01 2.64198482e-01 6.00552559e-01
    2.93712258e-01 6.98636770e-01 3.11192274e-01 5.18081307e-01
    1.50680870e-01 3.85236681e-01 2.81351507e-02 9.02641416e-01
    3.00231636e-01 3.38523656e-01 9.04013395e-01 9.70996261e-01
    5.13198674e-01 7.04208076e-01 2.88028777e-01 6.78548813e-01
    7.56536543e-01 7.45841265e-02 8.55823874e-01 9.36447501e-01
    2.27542579e-01 6.77777648e-01 6.09456718e-01 8.24743509e-02
    3.95653844e-01 8.85937512e-01 2.70435393e-01 4.30064559e-01
    2.24770486e-01 6.36864245e-01 1.87047541e-01 3.61712754e-01
    1.38041377e-02 4.67654109e-01 9.78574514e-01 3.53874505e-01
    4.36398774e-01 5.92271924e-01 6.63553655e-01 6.69436693e-01
    1.74369544e-01 8.99830282e-01 4.68657374e-01 9.47183192e-01
    9.74311709e-01 9.47368860e-01 6.02709174e-01 8.26691568e-01
    6.24029517e-01 6.85206175e-01 6.37476444e-01 8.11091065e-01
    2.36852258e-01 5.84209621e-01 9.80336189e-01 8.66987526e-01
    9.84905064e-01 3.16809654e-01 2.29525685e-01 5.36745369e-01
    3.17724705e-01 4.17383075e-01 4.14067656e-01 3.10782403e-01
    5.84576428e-01 5.59194982e-02 9.70123410e-01 6.71586990e-02
    2.34295934e-01 9.15463150e-01 9.12632704e-01 7.04678893e-03
    8.77466202e-01 7.02666223e-01 2.35278338e-01 9.80069339e-01
    3.61243725e-01 5.61696887e-01 6.97894692e-01 7.08203912e-01
    5.33991516e-01 5.42916358e-01 8.92589629e-01 2.77015865e-02
    1.32784545e-02 4.54327703e-01 3.39266539e-01 9.85754728e-01
    8.68771911e-01 5.08413076e-01 3.48458827e-01 4.38496441e-01
    7.30291188e-01 2.20700622e-01 1.51403338e-01 5.29303789e-01
    2.82092690e-01 3.98257673e-02 7.77719259e-01 4.01367754e-01
    7.49289513e-01 2.78631747e-02 8.91122282e-01 4.97542322e-02
    3.02933991e-01 3.34571838e-01 7.86889911e-01 2.45176345e-01
    1.39877200e-02 6.87909126e-02 5.37807941e-01 1.53687954e-01
    4.71924335e-01 6.98768735e-01 8.33484471e-01 7.49278665e-01
    9.87110615e-01 2.30612159e-02 5.90722799e-01 5.50745845e-01
    2.59364724e-01 1.29327774e-02 4.49040532e-01 8.47242594e-01
    7.34384775e-01 3.32781881e-01 3.52257013e-01 2.21085072e-01
    7.17053354e-01 7.66296506e-01 5.79447746e-01 3.90227050e-01
    2.57219076e-01 5.12469590e-01 9.44038630e-01 6.66019738e-01
    8.73998523e-01 4.86129284e-01 2.15786934e-01 4.63426262e-01
    2.73631632e-01 9.50443745e-01 1.83873951e-01 1.58030599e-01
    6.86293840e-03 9.23672736e-01 4.06012744e-01 4.43008363e-01
    2.25754112e-01 4.45538789e-01 3.25761765e-01 3.20006907e-01
    6.09927595e-01 5.40221989e-01 4.13700283e-01 7.41987228e-01
    9.15785193e-01 9.69648182e-01 2.33786017e-01 4.99186546e-01
    2.05821604e-01 9.75832641e-01 6.94150984e-01 9.86650825e-01
    1.56873524e-01 6.69399083e-01 8.66255045e-01 6.23024583e-01
    6.81218624e-01 4.06684548e-01 1.45166785e-01 5.49766123e-01
    1.29508495e-01 4.25252318e-01 5.16132116e-01 2.67383605e-01
    5.71384370e-01 1.10565633e-01 4.83994693e-01 2.43085533e-01
    5.97991049e-01 2.96400368e-01 4.91751730e-01 5.90189159e-01
    9.90008473e-01 6.24874234e-01 2.35604227e-01 2.00260907e-01
    7.88325012e-01 7.86544442e-01 9.26191211e-01 9.13894176e-01
    5.17934561e-04 5.56897819e-01 8.01642537e-01 1.47913486e-01
    9.71962571e-01 8.31911504e-01 9.61404681e-01 7.34333158e-01
    7.75991559e-01 3.95645440e-01 9.79263544e-01 4.80998933e-01
    3.63209844e-03 8.55540633e-02 6.11999869e-01 8.27681780e-01
    7.26273477e-01 8.41770172e-02 8.02372575e-01 2.35338002e-01
    5.67269504e-01 8.79959583e-01 4.55887377e-01 7.11090147e-01
    4.41322029e-01 3.45127106e-01 9.09130752e-01 2.85469919e-01
    5.26507854e-01 8.52534056e-01 8.20581853e-01 6.68997526e-01
    8.97081494e-02 2.91969895e-01 9.09391999e-01 2.13943988e-01
    4.16849256e-01 5.83659470e-01 6.41917050e-01 8.35035086e-01
    9.22024608e-01 1.41767144e-01 1.40402317e-02 6.84529305e-01
    6.08024895e-01 6.35328412e-01 7.30173171e-01 3.36771369e-01
    2.56415635e-01 9.30724680e-01 3.15712184e-01 1.79493695e-01
    4.53911722e-01 3.44258249e-01 9.92227197e-02 6.31652772e-01
    3.06468695e-01 3.81129086e-02 2.27366090e-01 1.95436060e-01
    5.95641077e-01 3.28879684e-01 7.63556659e-02 7.52582908e-01
    4.82481807e-01 3.69724751e-01 6.27046049e-01 4.64174747e-01
    6.69639170e-01 3.95922899e-01 7.80077219e-01 4.29112256e-01
    4.32942271e-01 9.60391581e-01 8.36118698e-01 6.64867401e-01
    3.05057108e-01 3.19127977e-01 7.38126159e-01 9.83718276e-01
    1.28701448e-01 9.37923789e-02 6.69666648e-01 7.86298513e-01
    3.43114078e-01 4.27564025e-01 7.12477803e-01 7.54995346e-01
    6.66080058e-01 8.71893823e-01 3.97408128e-01 6.75622761e-01
    2.90194184e-01 1.97144151e-01 2.10848480e-01 4.57107931e-01
    8.47845912e-01 6.32942677e-01 1.50001973e-01 9.72559452e-01
    4.71199095e-01 7.89031625e-01 4.34260368e-02 2.59225965e-01
    9.66148078e-02 9.04075027e-01 5.53978920e-01 2.76940614e-01
    6.19310379e-01 8.20266843e-01 7.26119995e-01 3.11834157e-01
    4.55519140e-01 6.69335544e-01 9.66700554e-01 7.94067264e-01
    9.96847808e-01 6.81051195e-01 2.16554582e-01 4.35673416e-01
    5.65588892e-01 4.84806836e-01 4.58082169e-01 7.03208208e-01
    4.47958767e-01 6.74853742e-01 4.70066756e-01 8.67926836e-01
    7.35005140e-01 4.85893101e-01 5.82262874e-01 1.97371215e-01
    5.01593113e-01 1.32841349e-01 2.14895964e-01 2.23962754e-01
    1.60258740e-01 2.58180857e-01 5.22736013e-01 9.22892332e-01
    7.83465207e-02 9.44807768e-01 1.55158460e-01 8.01932216e-01
    1.55436516e-01 5.28571010e-01 6.28232956e-01 2.07520396e-01
    1.20394617e-01 7.80803084e-01 4.89863068e-01 4.77244228e-01
    5.41091323e-01 8.74675930e-01 6.16458952e-02 7.06847847e-01
    1.43620938e-01 7.50464678e-01 8.28644037e-01 6.52032077e-01
    4.65682894e-01 1.10865563e-01 2.69118309e-01 1.64124370e-02
    3.28252822e-01 5.74369729e-01 7.72492409e-01 3.14435363e-01
    4.11180198e-01 6.34322524e-01 8.09137881e-01 9.20231700e-01
    2.48116910e-01 3.64573002e-02 4.49639738e-01 7.30624199e-02
    3.84463578e-01 8.76510441e-01 2.78527737e-02 3.22231472e-01
    2.82841146e-01 1.37051135e-01 4.26366478e-01 8.47657919e-01
    4.14138734e-01 1.50366932e-01 3.01166832e-01 1.06322348e-01
    4.94292736e-01 5.38372278e-01 8.01946998e-01 6.86140060e-01
    6.43334627e-01 1.45945907e-01 4.08130556e-01 3.10603231e-01
    2.78290868e-01 8.34180832e-01 1.98530763e-01 7.76028693e-01
    9.19979513e-01 9.00890827e-01 2.48138934e-01 7.79614389e-01
    2.36225903e-01 7.79931605e-01 9.25418735e-03 4.91202801e-01
    9.04289961e-01 4.03778106e-01 4.34807658e-01 7.06964850e-01
    8.89145076e-01 8.84475946e-01 4.39586610e-01 6.80857897e-03
    3.52694005e-01 6.80429637e-02 8.88191223e-01 5.97695231e-01
    4.50864017e-01 8.48604202e-01 6.28988147e-01 3.34330052e-01
    6.61906600e-01 8.93694997e-01 5.22944033e-01 5.90312719e-01
    6.30886853e-02 8.95673513e-01 3.95748794e-01 9.88090634e-01
    5.92450500e-01 6.85899675e-01 6.71663880e-01 4.15184081e-01
    1.41152710e-01 3.28349024e-01 5.65349460e-02 3.04832131e-01
    2.11380720e-02 4.70563769e-02 6.33858502e-01 1.45748258e-03
    4.31834519e-01 7.15875030e-01 2.78731644e-01 5.40453255e-01
    6.16770148e-01 7.41539121e-01 3.98577154e-02 6.13131523e-02
    9.45414543e-01 7.33591974e-01 3.37153912e-01 1.46141380e-01
    9.78958786e-01 6.56814218e-01 8.98651063e-01 7.44468570e-01
    6.37704849e-01 6.34898424e-01 2.93798327e-01 2.70174474e-01
    4.18691665e-01 6.54785037e-01 9.23500776e-01 2.08794057e-01
    9.28145587e-01 8.26605916e-01 4.34770226e-01 6.50684536e-01
    1.36474133e-01 9.02425528e-01 8.51311862e-01 7.42315948e-02
    5.46718895e-01 1.68649197e-01 3.38862896e-01 4.73654598e-01
    8.76111746e-01 3.10686767e-01 8.73594999e-01 7.03854084e-01
    3.84162396e-01 9.93792415e-02 9.23013985e-02 3.21818233e-01
    4.25559044e-01 8.17876339e-01 3.96290988e-01 1.91326290e-01
    3.02845955e-01 9.16212797e-04 9.46729183e-02 2.01268822e-01
    9.24184442e-01 2.23268241e-01 1.80297047e-01 8.26263547e-01
    8.89934242e-01 1.37832135e-01 7.45672405e-01 8.97222757e-01
    8.39564443e-01 5.80797255e-01 3.31897676e-01 8.65187645e-01
    8.84517372e-01 9.86998677e-01 6.72401488e-02 4.80379671e-01
    7.18279719e-01 4.28684324e-01 7.22776532e-01 5.98108947e-01
    8.59970093e-01 3.99336964e-01 1.33821517e-01 8.56270313e-01
    1.56068683e-01 3.14805537e-01 9.87357140e-01 9.71101642e-01
    2.74760783e-01 5.26801825e-01 3.32670271e-01 2.38116026e-01
    8.44108462e-01 2.34110951e-02 6.22660875e-01 9.88581479e-02
    1.23021156e-01 3.33710253e-01 9.05262947e-01 3.96117032e-01
    8.22001815e-01 7.66761303e-01 3.28390062e-01 6.25745773e-01
    1.92296624e-01 1.67468667e-01 6.28385723e-01 4.67545867e-01
    3.16934764e-01 2.67625153e-01 4.02332664e-01 2.44243711e-01
    1.25243634e-01 2.54845023e-01 9.69347239e-01 8.27059627e-01
    1.23263240e-01 9.58639324e-01 8.09751511e-01 6.62968159e-01
    9.29292917e-01 2.35994607e-01 3.67219239e-01 2.80984223e-01
    5.07540226e-01 8.21731508e-01 9.27058876e-01 8.14693689e-01
    9.23251629e-01 6.18031859e-01 4.79363799e-02 1.84839994e-01
    3.70625585e-01 1.53348118e-01 8.91582489e-01 6.23883605e-01
    5.81559896e-01 4.98832017e-01 6.36643350e-01 7.38624573e-01
    9.15759444e-01 3.71325016e-03 7.13494301e-01 9.65451002e-01
    3.49206001e-01 5.83669007e-01 4.10349965e-02 6.60077631e-01
    9.12128448e-01 8.71302962e-01 8.56098533e-01 3.07326585e-01
    7.00929105e-01 2.68619418e-01 2.57507205e-01 3.80187899e-01
    2.40263611e-01 9.91214812e-02 3.07550907e-01 2.52792507e-01
    9.86915886e-01 2.56131232e-01 2.95781732e-01 9.33854222e-01
    9.71762300e-01 5.42679429e-03 2.49147028e-01 9.26605344e-01
    8.73874545e-01 6.01366341e-01 1.01082355e-01 6.06822014e-01
    2.74190992e-01 8.00203204e-01 8.05903673e-01 3.96347255e-01
    7.97673106e-01 6.19707644e-01 6.11661732e-01 8.33432734e-01
    6.21232033e-01 8.73474240e-01 3.27718735e-01 2.56653309e-01
    5.80527306e-01 2.45287120e-01 9.59424615e-01 3.66439581e-01
    6.70939386e-01 9.78502750e-01 7.10508764e-01 1.10763490e-01
    4.83025610e-01 9.21996355e-01 6.15356863e-01 8.43340397e-01
    4.19858992e-01 6.53245747e-02 4.92860317e-01 5.74048460e-02
    4.38536018e-01 2.81707793e-01 8.61040950e-01 9.24061596e-01
    9.71848786e-01 6.98034883e-01 7.76979327e-01 1.80746138e-01
    8.52643669e-01 6.19511783e-01 2.18749046e-01 4.78987485e-01
    6.47522032e-01 9.99991298e-01 1.92572981e-01 7.63454080e-01
    8.28978300e-01 6.90859437e-01 6.57357275e-01 7.92388678e-01
    3.77277017e-01 1.14492625e-01 1.68314874e-02 5.43068647e-01
    8.71033072e-01 5.25292754e-01 1.95759445e-01 3.87088567e-01
    4.58971769e-01 3.24548632e-01 9.50955749e-01 8.92705917e-01
    2.55739748e-01 1.19374961e-01 1.41590059e-01 7.21805930e-01
    7.10109055e-01 9.70030785e-01 7.76680946e-01 6.38562799e-01
    7.51916051e-01 3.38109791e-01 2.49686539e-01 3.56052339e-01
    7.79067218e-01 9.04658556e-01 5.08642435e-01 9.53185439e-01
    8.41227174e-02 5.47140718e-01 2.04705566e-01 9.87411499e-01
    1.38435364e-02 6.50439203e-01 4.96740818e-01 4.85870302e-01
    4.31002617e-01 9.07528162e-01 9.56125379e-01 6.95663214e-01
    6.54315829e-01 4.84625697e-02 5.90806127e-01 8.83877277e-01
    3.55412543e-01 2.70570993e-01 9.11404133e-01 6.02717638e-01
    3.79687250e-01 9.99471426e-01 1.35294735e-01 5.77688873e-01
    3.85751843e-01 4.00418520e-01 6.50443017e-01 4.45114106e-01
    5.21923184e-01 8.78634691e-01 9.81837094e-01 8.78498733e-01
    6.28513098e-02 6.64395571e-01 4.55064327e-01 6.31911159e-01
    8.64977479e-01 3.59258115e-01 5.89504838e-01 5.34205317e-01
    1.27880871e-02 6.85453415e-01 7.77701855e-01 9.69724059e-01
    3.65578711e-01 1.86618596e-01 5.14334917e-01 9.15254593e-01
    9.94775772e-01 6.99470520e-01 6.93401694e-02 3.68155956e-01
    5.17265201e-02 4.35807735e-01 7.44933605e-01 4.24111545e-01
    6.84662044e-01 7.54380584e-01 9.35005307e-01 1.06353641e-01
    1.00876242e-01 4.24301982e-01 8.85430336e-01 6.98768377e-01
    4.79632527e-01 6.33383274e-01 8.14300358e-01 2.70762146e-02
    4.61067021e-01 4.22483355e-01 4.97021824e-01 3.54164749e-01
    1.34717852e-01 2.04430997e-01 8.72734487e-01 1.10284060e-01
    6.67067647e-01 8.14726233e-01 6.48794353e-01 5.19473910e-01
    1.89381599e-01 7.57841110e-01 8.66887808e-01 4.62802410e-01
    4.07534719e-01 4.96053576e-01 5.15807927e-01 7.64179230e-03
    3.61982763e-01 1.86832249e-01 6.57172740e-01 5.37638664e-02
    7.97257185e-01 2.81386912e-01 3.48694801e-01 1.86249673e-01
    9.46356416e-01 3.83282244e-01 6.80125237e-01 2.18615234e-02
    5.64179599e-01 9.23685908e-01 2.92077363e-02 1.97282135e-01
    2.55446136e-01 9.21972752e-01 3.69354486e-02 2.60665417e-02
    9.47340965e-01 4.76532876e-02 1.10045791e-01 8.52804780e-01
    7.04709172e-01 7.78059304e-01 1.52598709e-01 6.35298729e-01
    5.28359175e-01 8.01350296e-01 6.00953817e-01 5.66759527e-01
    6.96798086e-01 7.00904906e-01 9.35647964e-01 1.22915298e-01
    4.88252521e-01 7.93352246e-01 8.44430089e-01 3.05119932e-01
    7.11149693e-01 4.09551322e-01 6.50869012e-01 6.94322884e-01
    4.60754633e-01 2.20482260e-01 7.91239023e-01 6.03286386e-01
    3.59315306e-01 2.78100520e-01 6.61134124e-02 1.62188232e-01
    5.09839356e-01 2.91382074e-02 9.05545115e-01 9.58514512e-01
    8.09663773e-01 4.60214227e-01 9.08432841e-01 4.61064726e-01
    4.42866534e-01 4.97466087e-01 4.75590348e-01 5.22673965e-01
    1.62297457e-01 3.85178745e-01 9.71693039e-01 1.83026463e-01
    4.56678897e-01 8.34200799e-01 3.20516050e-01 3.25619578e-01
    9.30799723e-01 3.01840901e-01 7.86757112e-01 9.70859766e-01
    2.95943677e-01 6.74717128e-02 9.97807622e-01 1.58561289e-01
    3.78583074e-01 9.90262866e-01 3.25481236e-01 6.77158773e-01
    7.60164618e-01 2.97659248e-01 1.59419298e-01 9.35884416e-02
    6.71144307e-01 8.60660315e-01 1.55620903e-01 3.38836074e-01
    9.78888273e-01 8.40157151e-01 3.01354289e-01 6.13305748e-01
    4.46750104e-01 4.10571933e-01 1.65262431e-01 6.21765196e-01
    5.03530920e-01 7.61881351e-01 9.78632033e-01 2.16594040e-01
    4.85980660e-01 8.12581658e-01 1.94270194e-01 5.86037397e-01
    3.22707653e-01 3.31202090e-01 7.89742172e-01 3.92487109e-01
    5.08310020e-01 1.71287060e-01 9.36844647e-02 3.01708043e-01
    6.98793292e-01 7.43570089e-01 7.42475808e-01 8.54241073e-01
    1.88635647e-01 3.95831734e-01 7.55261540e-01 6.15708053e-01
    2.05386251e-01 6.60095215e-02 9.10564065e-01 2.03712404e-01
    9.85474229e-01 8.70409846e-01 9.04590786e-01 3.41581881e-01
    4.86547053e-01 5.57045341e-01 7.59462476e-01 8.21312189e-01
    5.41624725e-01 7.56628573e-01 6.36882722e-01 7.94117510e-01
    4.10675585e-01 3.89306843e-01 8.38631749e-01 4.19680536e-01
    8.23673844e-01 5.76510608e-01 6.52031004e-02 5.40654600e-01
    1.52394295e-01 6.98093712e-01 4.58622307e-01 3.11227500e-01
    1.04394853e-01 3.32853973e-01 1.57650292e-01 3.38795424e-01
    1.14269316e-01 6.90903008e-01 5.11951327e-01 7.14625061e-01
    6.52315795e-01 1.94346726e-01 5.35094678e-01 8.07514548e-01
    4.81112897e-01 9.54283595e-01 2.03868628e-01 9.06666815e-02
    3.05845618e-01 5.45322299e-02 3.63806427e-01 9.55850959e-01
    4.40744191e-01 2.35361338e-01 8.49105120e-01 5.91635883e-01
    8.38881850e-01 6.26886129e-01 5.60042739e-01 2.87953615e-02
    9.42442298e-01 2.67419159e-01 7.74946213e-02 1.13045096e-01
    7.27033317e-01 3.12196434e-01 1.88077390e-01 4.40030783e-01
    4.22473371e-01 9.56426561e-02 7.77462602e-01 8.74811411e-02
    9.80049968e-01 9.56284285e-01 4.92494941e-01 7.13227987e-02
    5.55601239e-01 2.94179469e-01 9.59480166e-01 4.54224944e-01
    1.11304313e-01 8.78163218e-01 7.87443876e-01 6.80847764e-02
    9.11807537e-01 2.52665102e-01 3.46205890e-01 5.20810068e-01
    5.48666835e-01 7.34356344e-01 6.34854496e-01 3.91862333e-01
    9.32574689e-01 8.82542133e-01 7.00986326e-01 7.22736120e-02
    3.09268981e-01 9.52043533e-01 5.41379809e-01 4.12025928e-01
    6.06937706e-02 1.36274219e-01 8.32962036e-01 1.85212821e-01
    5.16879261e-02 3.58815968e-01 8.25610518e-01 4.22165513e-01
    7.09691226e-01 9.67315912e-01 7.72425115e-01 9.65775013e-01
    9.93271947e-01 4.45687473e-02 4.15890157e-01 8.43173683e-01
    8.53699923e-01 7.67992258e-01 6.83574319e-01 5.89598417e-02
    1.75453871e-01 4.64839667e-01 2.05222249e-01 3.00199091e-01
    6.81892335e-01 6.81719244e-01 7.96388149e-01 5.38042068e-01
    7.26775050e-01 3.36529613e-01 1.82696313e-01 2.35043436e-01
    2.10431993e-01 9.90764916e-01 4.01934534e-01 4.91404593e-01
    2.17245430e-01 9.04482841e-01 4.75296646e-01 2.38906235e-01
    5.15741944e-01 1.10486805e-01 5.49178243e-01 4.49950814e-01
    6.40214026e-01 6.22142553e-01 7.36844182e-01 4.87784415e-01
    9.42974091e-02 2.77581781e-01 7.20735908e-01 1.99945867e-02
    3.03174853e-01 7.54914880e-01 9.07612205e-01 9.40324664e-01
    9.97737765e-01 4.51239288e-01 2.78530538e-01 6.53363824e-01
    5.05101562e-01 3.86458337e-02 3.76449645e-01 6.51585042e-01
    5.32354951e-01 7.27246642e-01 2.29425222e-01 8.17751884e-02
    5.88591337e-01 3.80565554e-01 3.87055039e-01 9.95658755e-01
    5.15405655e-01 6.47795439e-01 7.99286485e-01 5.13279617e-01
    4.24519986e-01 2.34955102e-01 9.49282408e-01 3.61640811e-01
    3.50007653e-01 6.76611662e-01 8.63210797e-01 9.07550931e-01
    1.74325168e-01 7.90839911e-01 9.29452181e-01 7.73424268e-01
    3.19793940e-01 1.39509976e-01 8.16349685e-01 3.68326843e-01
    2.97494650e-01 6.84554875e-01 1.63320273e-01 8.37053120e-01
    5.00800669e-01 4.19164181e-01 7.35845864e-01 9.11776483e-01
    9.59918380e-01 8.36503446e-01 5.86396813e-01 2.12078631e-01
    4.24011201e-01 8.72076631e-01 4.78923917e-01 3.62450421e-01
    6.57238603e-01 7.34699607e-01 2.98787415e-01 2.23480582e-01
    3.32084358e-01 5.30917406e-01 7.10462332e-01 3.09942424e-01
    4.99677628e-01 5.69533169e-01 9.79859352e-01 2.53952920e-01
    7.42472410e-01 7.80107439e-01 9.05873179e-01 6.86840653e-01
    1.86405599e-01 4.02530044e-01 2.59407490e-01 1.93325698e-01
    5.29600382e-01 7.39503503e-01 5.11600018e-01 8.94226372e-01
    3.81118417e-01 1.01035863e-01 1.40906841e-01 1.08138382e-01
    3.37379992e-01 6.99941218e-02 9.77642477e-01 8.12238157e-02
    5.71865857e-01 5.09590387e-01 8.73631120e-01 9.12389696e-01
    4.23140168e-01 8.58267546e-02 9.91885424e-01 3.38636637e-01
    1.84483916e-01 6.41483724e-01 9.66167331e-01 1.45269960e-01
    3.00822854e-01 3.23866129e-01 5.05050421e-02 4.96832669e-01
    2.19090879e-01 9.18259025e-01 3.61930162e-01 9.83117700e-01
    4.14405286e-01 9.03576255e-01 5.03434420e-01 4.94493186e-01
    8.91505003e-01 6.48957551e-01 7.48304546e-01 9.61954236e-01
    9.66725886e-01 6.43947721e-03 4.48318064e-01 2.57757604e-01
    5.59875190e-01 4.74259794e-01 3.27148408e-01 5.50857484e-02
    7.66646743e-01 5.02917528e-01 6.46919072e-01 5.22568464e-01
    2.80962944e-01 9.92002606e-01 2.92951256e-01 2.65016139e-01
    7.01692522e-01 5.83615363e-01 4.13907409e-01 2.09988266e-01
    3.54234278e-01 4.76925611e-01 2.91465014e-01 6.88165426e-02
    4.88997430e-01 9.10743475e-01 3.25459182e-01 7.74230361e-01
    2.81084895e-01 7.44288087e-01 8.92651677e-01 9.82416272e-01
    5.67387342e-01 3.92645329e-01 7.55467415e-02 6.54263139e-01
    5.01765728e-01 9.12424445e-01 7.21062660e-01 2.79917777e-01
    9.42872524e-01 5.40550232e-01 2.37881452e-01 3.54086578e-01
    1.48844033e-01 1.46691620e-01 3.79231989e-01 3.20908546e-01
    6.16384149e-02 3.97586942e-01 8.28605115e-01 7.45596647e-01
    8.88108909e-01 1.01122558e-02 2.38996089e-01 4.49594438e-01
    4.84037638e-01 9.23568904e-02 3.96080524e-01 5.88986278e-01
    4.01364416e-01 4.27848637e-01 2.95992821e-01 7.51764655e-01
    9.42560554e-01 3.37154269e-02 3.19550335e-01 7.91812122e-01
    8.53219628e-02 4.75118518e-01 8.70118976e-01 9.77659702e-01
    1.10790312e-01 1.33370608e-01 6.27257228e-01 9.49608147e-01
    5.05519748e-01 2.46477336e-01 5.18230379e-01 2.59101123e-01
    3.73733878e-01 8.76229644e-01 9.46800053e-01 7.02917874e-01
    7.80860305e-01 6.04099452e-01 2.34496295e-02 1.00465834e-01
    6.62376881e-02 4.89217430e-01 3.94881546e-01 6.68472528e-01
    9.57393169e-01 6.59419298e-01 2.19871938e-01 5.54600358e-02
    4.07155544e-01 7.18456388e-01 6.86095595e-01 6.98321462e-01
    1.98539823e-01 7.93710232e-01 4.33983833e-01 7.52483368e-01
    9.96543586e-01 7.75466561e-01 5.01775444e-01 2.35481709e-01
    7.35205591e-01 2.96224117e-01 6.12463057e-02 2.91732728e-01
    7.52480030e-01 3.59454811e-01 6.99269354e-01 2.09121168e-01
    3.84394228e-01 9.51021433e-01 9.89101708e-01 9.80068147e-01
    6.26000226e-01 9.41064358e-02 7.82472551e-01 2.70478219e-01
    2.31897503e-01 3.71662945e-01 1.51082516e-01 1.19408965e-03
    5.86688936e-01 1.30658299e-01 6.43730104e-01 3.47108543e-01
    7.52774835e-01 5.47834039e-01 8.46668422e-01 9.49700654e-01
    3.21446657e-02 2.84317076e-01 1.71720117e-01 2.73647606e-01
    6.63644314e-01 8.75430703e-01 2.88046002e-02 3.24889153e-01
    4.04213965e-02 5.60273468e-01 8.83023679e-01 6.20017767e-01
    4.97206241e-01 7.87564337e-01 9.29275393e-01 8.58442903e-01
    4.97186750e-01 3.25826228e-01 4.88640308e-01 3.00369024e-01
    6.05941057e-01 3.24959517e-01 7.87720382e-02 4.12515163e-01
    2.86768049e-01 9.07370090e-01 1.96835488e-01 4.05988365e-01
    4.37467813e-01 5.01112700e-01 9.39513683e-01 9.63591516e-01
    7.93321371e-01 7.02743828e-02 5.67479134e-01 8.50724101e-01
    6.37007117e-01 3.63047212e-01 3.77881765e-01 6.53873682e-01
    8.52580070e-01 3.39390367e-01 6.20517969e-01 2.67927170e-01
    9.17409778e-01 9.60360050e-01 3.84789348e-01 5.68306684e-01
    4.19208080e-01 4.66528803e-01 1.06751472e-01 2.55650342e-01
    6.15993619e-01 5.46062648e-01 4.43532228e-01 1.68602020e-01
    4.41167057e-01 8.92069697e-01 5.58777511e-01 2.56204069e-01
    2.85824537e-02 1.12685055e-01 5.36611736e-01 3.15682709e-01
    7.18049824e-01 2.88238764e-01 5.20410359e-01 4.76843357e-01
    1.81714594e-01 7.08988190e-01 7.77993083e-01 5.50151944e-01
    3.05748940e-01 8.22278798e-01 3.61976683e-01 5.69679260e-01
    9.14974511e-02 4.74433333e-01 8.05096269e-01 2.90105581e-01
    9.87372994e-01 9.89763975e-01 9.75072443e-01 5.31565547e-01
    7.00200498e-01 4.90416288e-01 2.91006863e-02 9.28535581e-01
    8.56785893e-01 3.20672423e-01 7.87067711e-01 6.50940299e-01
    7.73323059e-01 9.81212854e-01 3.99589539e-01 8.30926895e-02
    7.24261999e-01 2.52307177e-01 6.61914945e-01 7.52064228e-01
    5.15695632e-01 4.63312060e-01 4.87121612e-01 1.90615386e-01
    4.48756874e-01 1.53370917e-01 5.85398912e-01 5.41633904e-01
    5.34553885e-01 1.09619379e-01 8.68184328e-01 7.39438176e-01
    6.43245459e-01 6.88416600e-01 9.22288299e-02 8.27647924e-01
    4.63494062e-01 8.82341921e-01 5.72647870e-01 5.61444342e-01
    4.62567806e-02 3.23198676e-01 6.68327093e-01 8.54898214e-01
    3.59167635e-01 8.97089005e-01 8.66831481e-01 1.87849224e-01
    8.41582119e-02 7.97492921e-01 1.98832661e-01 7.02493191e-02
    8.74440670e-01 4.26720738e-01 5.38615644e-01 3.92731726e-02
    7.55381227e-01 4.93673235e-01 3.20830882e-01 4.50491250e-01
    8.96163583e-02 3.74756426e-01 3.77743214e-01 9.27791178e-01
    7.62260675e-01 2.09282577e-01 9.89341319e-01 8.15119743e-01
    4.11707729e-01 1.21635258e-01 1.77002132e-01 5.53812683e-01
    1.49041861e-01 6.87678099e-01 8.75637412e-01 7.15850413e-01
    2.62883306e-02 2.47939199e-01 2.07923532e-01 3.34616899e-02
    9.47163343e-01 7.97013402e-01 8.37764263e-01 9.88662779e-01
    5.08605599e-01 2.87989676e-01 3.94458294e-01 1.12013936e-01
    9.83959138e-01 6.69258833e-01 8.34237635e-02 2.47651726e-01
    6.10335052e-01 6.44032538e-01 8.87312531e-01 9.94781613e-01
    2.44496226e-01 9.50735927e-01 1.87042296e-01 9.99977112e-01
    6.31020010e-01 2.40895748e-01 5.91374993e-01 3.29404294e-01
    6.39873624e-01 9.61670876e-02 8.74352634e-01 9.23018873e-01
    8.69339645e-01 5.82719624e-01 2.39942431e-01 6.22585773e-01
    3.84469211e-01 8.08729768e-01 7.84322381e-01 5.65282464e-01
    3.05718809e-01 6.43693566e-01 4.03248399e-01 8.08298886e-02
    9.59041715e-01 7.09116340e-01 2.76801884e-01 2.27596492e-01
    8.89838636e-02 6.36611819e-01 8.13070357e-01 5.97811043e-02
    8.35206270e-01 5.14605641e-01 8.66468787e-01 6.22582793e-01
    8.25089455e-01 4.50444758e-01 2.94649184e-01 4.72505331e-01
    8.49393606e-01 1.70404792e-01 2.25651652e-01 9.72880542e-01
    5.46595871e-01 2.27700233e-01 9.12707210e-01 9.19204354e-02
    1.78645939e-01 2.50638843e-01 2.43856162e-01 1.72452509e-01
    6.51486576e-01 2.91799128e-01 1.89732611e-01 1.96178496e-01
    4.23777819e-01 2.98847437e-01 2.89122462e-01 4.07958865e-01
    1.00204319e-01 9.80797648e-01 6.56779587e-01 5.28477073e-01
    1.91127419e-01 9.92895901e-01 9.36993718e-01 1.73615813e-02
    3.23912501e-01 9.58717406e-01 4.87293601e-01 4.07693475e-01
    9.83344197e-01 5.69633722e-01 4.31670040e-01 2.44539171e-01
    1.37833565e-01 3.35553885e-01 8.60712528e-01 7.33479083e-01
    4.74243343e-01 6.12101972e-01 5.63219190e-01 8.33893299e-01
    6.06518269e-01 6.77098811e-01 8.51914525e-01 1.21670961e-01
    1.02285445e-01 1.56088769e-02 6.87780142e-01 1.33143246e-01
    6.68015778e-01 2.74439037e-01 1.78097844e-01 5.14930487e-01
    1.31234705e-01 2.78228819e-01 7.85682201e-01 8.84936571e-01
    4.69045401e-01 9.33254242e-01 2.69675404e-01 6.60036862e-01
    4.09322411e-01 9.17361617e-01 2.16361046e-01 7.83018827e-01
    3.55434775e-01 2.86489040e-01 2.44833827e-02 2.20720410e-01
    6.54944479e-02 2.76733726e-01 3.44719648e-01 6.36785388e-01
    2.36801535e-01 4.61761683e-01 5.50583124e-01 8.39064121e-02
    2.09315121e-02 9.09214020e-02 6.91562533e-01 1.77695453e-01
    5.19992530e-01 2.01921582e-01 6.79583192e-01 2.45558381e-01
    3.59255910e-01 4.64066267e-01 6.45785332e-01 7.33605862e-01
    7.36696124e-02 4.35579836e-01 7.46463954e-01 4.54581380e-02
    1.47837311e-01 7.70583630e-01 3.58456463e-01 4.57443982e-01
    5.65159678e-01 2.59626627e-01 5.78504562e-01 6.72777832e-01
    5.25705159e-01 9.42009926e-01 1.85363889e-02 5.02196550e-01
    9.22743499e-01 3.29911828e-01 7.41453350e-01 8.53151917e-01
    6.99426115e-01 5.84097326e-01 6.98215604e-01 7.46886730e-01
    5.03603458e-01 4.91670638e-01 6.53351665e-01 4.67576623e-01
    3.79187971e-01 6.82956934e-01 2.60231733e-01 5.00817835e-01
    7.16466725e-01 3.22128534e-01 1.24845833e-01 5.64216375e-02
    3.50553155e-01 4.60617840e-01 5.12594342e-01 8.96618724e-01
    8.34384620e-01 3.60848904e-01 8.59833241e-01 6.07693911e-01
    1.57106608e-01 9.85765219e-01 6.61607385e-01 6.09038293e-01
    3.06774080e-02 2.79158950e-02 3.81893277e-01 8.81253958e-01
    5.08500218e-01 3.58355582e-01 1.27642155e-02 3.20192873e-01
    4.38790023e-02 1.44746751e-01 8.39222610e-01 7.78733015e-01
    2.97085464e-01 4.87755299e-01 8.35964501e-01 5.28026104e-01
    7.40778446e-01 6.59836292e-01 4.05574203e-01 6.73881948e-01
    7.78421819e-01 5.68913221e-01 7.89778113e-01 9.92699027e-01
    5.57849109e-01 5.65981209e-01 8.49970460e-01 3.81578505e-02
    1.15442902e-01 7.99047649e-01 8.88824463e-02 5.27514398e-01
    5.10718048e-01 6.93604469e-01 9.46197629e-01 8.89578223e-01
    8.17906857e-03 6.04648650e-01 7.33937085e-01 7.90207505e-01
    4.13041383e-01 1.76686347e-02 2.61293888e-01 2.04452693e-01
    6.09545469e-01 9.72831249e-01 7.53877521e-01 2.43497610e-01
    3.42188269e-01 9.46113110e-01 3.25834155e-01 4.02526140e-01
    6.32733881e-01 4.45480496e-01 3.80395561e-01 9.26832676e-01
    9.68138397e-01 2.89574862e-01 7.51792192e-02 2.18440175e-01
    8.31253529e-01 3.15827221e-01 5.35324752e-01 5.33078611e-01
    9.39818740e-01 1.71565890e-01 9.60239410e-01 2.32528090e-01
    3.05398434e-01 5.04220605e-01 5.51388443e-01 3.94646227e-01
    2.65765190e-03 7.60817528e-01 6.06890976e-01 1.84253007e-01
    3.77815545e-01 2.11683184e-01 9.09889698e-01 6.04601979e-01
    3.39976549e-01 5.60770929e-02 6.11772895e-01 2.51161337e-01
    4.42213178e-01 9.00873065e-01 6.38506413e-01 3.62832785e-01
    1.65560126e-01 9.36315060e-01 6.82775021e-01 9.60052490e-01
    6.03811622e-01 7.87382364e-01 1.86874807e-01 8.57632458e-01
    5.89213073e-02 9.94417429e-01 5.73512077e-01 7.25480914e-01
    6.16833866e-01 7.87694454e-01 8.65742385e-01 3.90919417e-01
    4.11970735e-01 6.33258879e-01 7.24578023e-01 8.95513952e-01
    9.57117438e-01 9.77826238e-01 9.16588306e-01 9.12184119e-01
    7.49148965e-01 7.65555739e-01 9.83711362e-01 2.79039025e-01
    4.27779734e-01 3.55436504e-02 7.85843253e-01 4.62900460e-01
    8.81376147e-01 8.23795497e-02 3.58447552e-01 6.82957649e-01
    4.53641355e-01 5.42931914e-01 5.02805769e-01 8.37556660e-01
    1.12902880e-01 9.51174438e-01 8.12972546e-01 8.90315294e-01
    4.86783534e-01 7.35077739e-01 5.20783067e-01 5.18450618e-01
    7.89511442e-01 6.13387883e-01 8.16272140e-01 9.36055779e-01
    7.11360931e-01 3.79963249e-01 1.55095756e-01 5.30838251e-01
    3.27765584e-01 3.28581512e-01 9.29150939e-01 5.61391413e-02
    1.20904177e-01 9.55955505e-01 5.34591138e-01 5.99612236e-01
    5.20999432e-01 8.58668149e-01 4.34376895e-01 6.76706314e-01
    5.40062487e-01 3.10190797e-01 8.29115510e-01 5.67725897e-01
    7.01428175e-01 4.42966223e-01 4.85795200e-01 2.45185107e-01
    7.56547451e-01 4.21630234e-01 7.83390760e-01 3.40938509e-01
    3.59622538e-01 9.21836793e-02 7.36737072e-01 7.54536986e-01
    1.51837319e-01 5.54569125e-01 1.49493098e-01 1.50857359e-01
    3.98762554e-01 9.44680870e-01 7.59752393e-02 4.96899694e-01
    9.48787212e-01 2.96271950e-01 4.57205743e-01 9.47604060e-01
    3.93389195e-01 4.93661553e-01 7.65019059e-02 1.68150365e-02
    4.08184409e-01 5.92973948e-01 4.79485393e-02 7.31851816e-01
    5.46358764e-01 3.25578690e-01 5.05341887e-02 1.83645517e-01
    7.61963487e-01 5.96867502e-01 7.20501661e-01 9.73556280e-01
    5.16302526e-01 6.72066689e-01 3.17479163e-01 3.59587252e-01
    3.03594530e-01 1.09400421e-01 7.32929528e-01 9.77973342e-01
    8.97381306e-02 1.50880516e-02 3.46348643e-01 2.16141343e-03
    1.57037765e-01 4.13498342e-01 6.14902377e-02 8.20963621e-01
    6.61638677e-01 2.32526392e-01 2.02696651e-01 9.20020342e-01
    5.59310734e-01 7.20061183e-01 2.58903682e-01 3.16101044e-01
    8.11968207e-01 4.63904560e-01 7.39991665e-04 8.43378246e-01
    7.77791500e-01 3.82143855e-02 1.98912621e-02 3.27264786e-01
    2.44202137e-01 7.54399896e-02 8.68791878e-01 7.55693436e-01
    3.12782288e-01 4.40557361e-01 3.43254000e-01 9.50606823e-01
    2.47672647e-01 9.05022979e-01 6.00791276e-02 1.00619107e-01
    5.15100539e-01 7.73227334e-01 2.51801819e-01 2.69560635e-01
    6.01255298e-01 8.05061162e-01 9.19086337e-02 5.63951731e-01
    8.81015182e-01 5.33949494e-01 1.50996774e-01 5.24580419e-01
    5.56948781e-01 5.56503415e-01 3.03223282e-01 4.86497998e-01
    4.67080384e-01 8.73757482e-01 5.87726176e-01 1.31529987e-01
    1.66187048e-01 3.53493810e-01 3.75387073e-01 5.40441036e-01
    9.22533393e-01 3.19901407e-01 7.79155493e-02 4.46045458e-01
    2.21628010e-01 2.83232033e-02 6.65110350e-01 2.15143532e-01
    2.27905720e-01 2.69978583e-01 4.18708622e-01 1.27155066e-01
    2.88974345e-01 9.71404195e-01 6.51646972e-01 3.39234024e-01
    5.64834893e-01 8.24404597e-01 2.90917575e-01 6.79850578e-02
    1.28646970e-01 4.49293852e-02 5.59214354e-01 7.99071550e-01
    4.19137359e-01 6.02849543e-01 9.08676386e-01 4.08795536e-01
    9.69848633e-01 4.65262145e-01 6.36167109e-01 8.26916337e-01
    2.19380766e-01 1.93890244e-01 3.48779917e-01 1.24015808e-02
    3.96432668e-01 7.24317968e-01 9.09814596e-01 4.83516753e-01
    2.94214010e-01 4.99123305e-01 9.18944120e-01 6.68200433e-01
    8.63460600e-02 6.38331473e-02 8.09963346e-01 1.12412691e-01
    7.74203241e-02 1.71728343e-01 6.38849199e-01 4.52235729e-01
    9.03138459e-01 8.23748469e-01 8.65716815e-01 5.33790588e-01
    4.76899415e-01 9.76979792e-01 1.18600577e-01 6.22154295e-01
    2.80414462e-01 4.82940674e-02 9.47495937e-01 3.53588104e-01
    8.73039365e-01 6.91757143e-01 6.07269883e-01 3.84984016e-01
    9.64294195e-01 5.74026227e-01 1.85614228e-02 7.13479578e-01
    5.19930601e-01 9.16166186e-01 7.52762437e-01 1.49594665e-01
    3.23144615e-01 2.52064764e-01 7.18456864e-01 9.97058868e-01
    7.07485974e-02 2.87534267e-01 9.91367280e-01 8.32387745e-01
    7.05959320e-01 3.25645328e-01 4.82563436e-01 9.59868789e-01
    8.42258096e-01 4.63739157e-01 3.50290596e-01 4.59220439e-01
    8.48042965e-02 5.80332875e-01 4.18854028e-01 3.78024876e-02
    4.44287300e-01 3.39524746e-02 7.43013382e-01 9.50573325e-01
    2.35733718e-01 4.68836486e-01 9.33497190e-01 7.77856588e-01
    2.96244323e-01 3.13902169e-01 3.92137885e-01 8.13239932e-01
    4.28527296e-02 9.35928583e-01 4.24290180e-01 6.30879700e-02
    6.55790865e-02 1.77168697e-01 6.11893058e-01 6.31046057e-01
    3.73433441e-01 8.20685625e-01 3.75499845e-01 7.65576720e-01
    2.33235151e-01 9.05247092e-01 4.02809471e-01 3.96118909e-01
    9.23008740e-01 8.87449145e-01 8.71415257e-01 4.41721916e-01
    1.47580206e-02 9.13163722e-02 8.65179062e-01 2.17143893e-02
    6.22954488e-01 3.73981386e-01 9.24161851e-01 8.19010079e-01
    6.37092948e-01 4.61489171e-01 3.45092714e-01 5.45814216e-01
    1.61332488e-01 7.45117307e-01 6.08228922e-01 8.54875743e-01
    1.03757381e-02 8.66321266e-01 6.16830349e-01 6.82977200e-01
    1.01447105e-02 3.15890133e-01 5.71760535e-02 5.01483798e-01
    6.15502954e-01 8.00526738e-01 5.88874519e-01 1.73529118e-01
    9.55746174e-01 2.98473537e-01 4.88848031e-01 8.74323785e-01
    9.19250131e-01 2.62878716e-01 1.34373069e-01 9.67449427e-01
    6.09651506e-02 3.22448969e-01 2.77042866e-01 2.84245849e-01
    1.57874048e-01 6.17669880e-01 1.45867318e-01 4.90800381e-01
    5.86240590e-02 4.68666464e-01 2.25654751e-01 2.90985703e-01
    7.25451410e-02 5.78044355e-02 2.17572480e-01 4.25573349e-01
    3.52623165e-01 9.83644485e-01 7.69689560e-01 4.53179359e-01
    5.62743604e-01 8.61400664e-01 6.74922287e-01 9.16856170e-01
    5.09256124e-01 6.71142340e-01 9.99256790e-01 4.92951781e-01
    6.07376337e-01 6.24644637e-01 3.33159804e-01 2.14075267e-01
    9.64406967e-01 5.85857928e-02 8.80094767e-02 7.80149877e-01
    3.82932693e-01 4.10012901e-01 5.74137568e-01 4.94338095e-01
    4.80633438e-01 4.92284149e-01 9.55780983e-01 4.20187771e-01
    4.17595327e-01 5.40211618e-01 8.99662495e-01 7.81818986e-01
    1.88323915e-01 1.99548006e-01 2.31660217e-01 4.37432081e-01
    3.78078967e-01 3.83949727e-01 2.36766219e-01 1.16295993e-01
    8.66666913e-01 1.58786207e-01 5.57135105e-01 7.27714658e-01
    9.97414351e-01 2.82272458e-01 1.50543034e-01 6.92551374e-01
    3.05396020e-01 6.19484067e-01 7.91355371e-01 2.81477273e-01
    2.56522894e-01 1.70364320e-01 7.69225001e-01 3.80518526e-01
    2.61798054e-01 1.06621027e-01 6.58175707e-01 8.45367193e-01
    5.06510913e-01 9.02154028e-01 1.60213768e-01 7.02875674e-01
    7.51680136e-02 6.74479485e-01 1.21766150e-01 9.30059791e-01
    7.27115750e-01 7.27841556e-01 1.60470903e-01 3.06653947e-01
    4.40262496e-01 1.60995007e-01 8.24574709e-01 8.38429093e-01
    4.69407022e-01 1.66365504e-02 3.26243341e-02 2.52351284e-01
    3.70310903e-01 2.62276888e-01 2.31218189e-01 4.85205650e-02
    1.93005025e-01 9.69455063e-01 4.75167900e-01 4.43565607e-01
    2.29716301e-04 4.12654072e-01 9.20199275e-01 4.40418959e-01
    5.07017136e-01 7.81172037e-01 2.07743049e-01 5.59778988e-01
    6.71548903e-01 2.05321908e-01 1.34761989e-01 4.72806394e-01
    6.19577467e-01 3.16742897e-01 5.24077177e-01 7.24956393e-03
    4.29480880e-01 9.35197830e-01 1.28035218e-01 7.81705976e-02
    9.15057182e-01 5.36458075e-01 9.22239304e-01 9.30621326e-01
    2.51635790e-01 1.74800485e-01 7.09537506e-01 1.86520308e-01
    9.71247554e-01 6.66083336e-01 2.14677960e-01 7.01266050e-01
    8.57363880e-01 9.11659002e-01 2.20923722e-02 5.81039071e-01
    4.99159098e-01 8.83865476e-01 9.12989438e-01 8.96135449e-01
    7.95006394e-01 5.90617597e-01 4.59581524e-01 1.55988902e-01
    3.28517795e-01 3.47415924e-01 8.62729490e-01 9.05677319e-01
    3.21409941e-01 6.03474498e-01 7.72953212e-01 2.10587382e-01
    8.96733046e-01 1.18744612e-01 2.86960602e-03 4.29436922e-01
    2.92672962e-01 9.55395222e-01 9.42599058e-01 2.72164702e-01
    5.48050106e-01 7.35967457e-01 4.26106811e-01 1.63364887e-01
    3.72990668e-01 5.18868506e-01 2.99113154e-01 1.43707097e-01
    9.94842887e-01 3.16995084e-02 6.65107787e-01 7.82047927e-01
    7.36998618e-01 6.40888810e-01 3.05525690e-01 3.55788827e-01
    7.15414643e-01 3.60052288e-02 4.89346415e-01 1.20810151e-01
    9.28620458e-01 4.08048362e-01 9.54770684e-01 4.09386218e-01
    6.27012134e-01 5.20554066e-01 6.28849328e-01 8.30108285e-01
    7.76410580e-01 8.49272251e-01 3.41395855e-01 5.28163016e-02
    7.06299245e-02 3.89730573e-01 1.88165694e-01 4.00536448e-01
    6.18478835e-01 5.42671263e-01 3.40376377e-01 2.04015672e-01
    6.35887980e-02 1.11776590e-01 9.43064213e-01 6.42785788e-01
    6.00643039e-01 5.25841355e-01 3.77529979e-01 9.35091496e-01
    5.34765959e-01 1.93966627e-02 6.16390109e-02 9.14366066e-01
    3.88762653e-01 7.24010825e-01 1.15117341e-01 1.67604893e-01
    3.32227021e-01 1.80453718e-01 6.71395779e-01 2.23514616e-01
    8.63865197e-01 8.92147899e-01 6.10404253e-01 4.65832114e-01
    7.26657808e-02 2.58676380e-01 9.02349651e-01 1.42930448e-02
    8.20240021e-01 5.36828399e-01 1.08431965e-01 4.81937349e-01
    6.94689155e-01 9.54593897e-01 5.60223103e-01 4.49796379e-01
    3.17768812e-01 5.63413382e-01 3.40308487e-01 4.74618345e-01
    5.22006989e-01 8.27180505e-01 8.31673265e-01 8.72079968e-01
    4.29469049e-02 5.72894752e-01 3.85132670e-01 9.12655354e-01
    6.76183045e-01 6.39913738e-01 3.16188097e-01 3.23300749e-01
    1.67571783e-01 7.97278881e-02 3.10044169e-01 3.68691891e-01
    4.44165677e-01 6.61978483e-01 6.13784790e-03 7.52188206e-01
    9.85616148e-01 9.22089219e-01 2.91216969e-01 5.17727375e-01
    9.72872078e-02 4.17322248e-01 1.26429170e-01 4.05922592e-01
    7.12486506e-01 9.11278009e-01 7.63360262e-01 4.69269753e-01
    5.59525609e-01 9.61432695e-01 8.17586303e-01 2.86825895e-01
    9.64187741e-01 1.94469780e-01 4.44605321e-01 1.59037769e-01
    7.41323113e-01 6.09367907e-01 6.04368687e-01 3.18397641e-01
    3.68321300e-01 9.38774109e-01 3.97648185e-01 9.09581184e-01
    6.67490900e-01 6.49650693e-01 4.40694064e-01 2.79365808e-01
    8.77954721e-01 7.05066919e-02 9.92733240e-01 8.00573826e-01
    6.56124115e-01 6.88167393e-01 7.89979398e-02 3.97521913e-01
    6.77470207e-01 5.96922517e-01 3.91266108e-01 1.04629993e-02
    5.15409470e-01 2.68610299e-01 7.29146898e-02 3.97540748e-01
    4.60498601e-01 1.31125152e-02 1.76395625e-01 7.92829156e-01
    4.34360266e-01 5.92308939e-01 5.74339151e-01 3.14707279e-01
    9.42961574e-01 6.75131142e-01 6.04416430e-01 1.65752172e-02
    4.38600689e-01 8.63220096e-01 1.80655539e-01 5.78059971e-01
    8.02271843e-01 2.02642053e-01 9.98806179e-01 6.27615988e-01
    6.11658871e-01 3.79354507e-01 9.35114980e-01 5.18854499e-01
    5.99153459e-01 4.77667421e-01 3.53403091e-02 4.03653979e-02
    2.00242996e-02 6.49188757e-01 8.47403169e-01 5.44945598e-01
    7.87119985e-01 2.90522337e-01 7.68286943e-01 1.12035960e-01
    4.11875248e-01 5.16632617e-01 2.09612250e-01 4.98485237e-01
    5.57516634e-01 9.77182925e-01 1.26017332e-01 3.95528376e-01
    2.06236273e-01 1.89182341e-01 5.88220417e-01 4.86266077e-01
    9.18847382e-01 8.23155284e-01 7.70881891e-01 1.16083801e-01
    8.20747972e-01 5.47368526e-01 4.16618407e-01 2.96346545e-01
    1.20927781e-01 2.69402504e-01 1.82021648e-01 4.99722123e-01
    6.44651294e-01 7.73526669e-01 4.59232330e-01 7.41000414e-01
    3.12358141e-03 2.29023844e-01 4.61980343e-01 4.32616472e-03
    4.55889523e-01 7.17857838e-01 3.13230693e-01 2.24872887e-01
    3.32191586e-01 3.69949281e-01 5.43660998e-01 1.53205723e-01
    2.60572016e-01 5.04630923e-01 1.10687137e-01 7.38694966e-01
    1.02280974e-02 2.84075797e-01 9.03458476e-01 2.94674397e-01
    2.24074274e-01 8.40291500e-01 8.23073626e-01 5.66169620e-02
    4.90344197e-01 1.69730276e-01 4.29913074e-01 9.91843104e-01
    8.13547134e-01 4.84243155e-01 9.63630676e-02 2.42908001e-01
    9.72300768e-01 2.33626276e-01 5.87338805e-01 9.00813818e-01
    6.30953729e-01 4.43283886e-01 4.53416884e-01 4.21931446e-02
    4.41035986e-01 1.36231482e-02 9.94923353e-01 2.01773942e-02
    9.72154737e-01 1.70822591e-01 9.61988330e-01 5.81194758e-01
    6.10341549e-01 2.60579884e-01 4.78361487e-01 9.72663164e-01
    8.05288494e-01 2.72987694e-01 4.01069522e-02 9.96731758e-01
    7.75544524e-01 9.93798375e-02 6.45720959e-01 6.92051113e-01
    6.04811311e-01 1.88681781e-02 9.21827435e-01 8.47129822e-02
    8.81822884e-01 4.84583288e-01 7.86532044e-01 3.12847108e-01
    8.00092697e-01 5.11236787e-01 1.99063122e-01 6.11505389e-01
    9.56364632e-01 6.88615322e-01 9.12826538e-01 8.52347136e-01
    4.36821818e-01 5.44748664e-01 9.69053268e-01 4.76326942e-02
    2.81424701e-01 5.72369039e-01 2.85677403e-01 2.34630466e-01
    8.70802641e-01 7.75797665e-02 6.13830149e-01 2.43092477e-02
    9.18645561e-01 7.72124946e-01 1.09195709e-02 1.44431561e-01
    5.94667077e-01 5.58340490e-01 2.26035535e-01 6.86127365e-01
    6.18886352e-01 7.87619233e-01 1.48670942e-01 3.72863442e-01
    5.07294536e-01 5.27423680e-01 5.15275002e-01 3.54809076e-01
    5.79737961e-01 2.13048220e-01 1.75920129e-01 9.91305590e-01
    2.43037552e-01 3.43982309e-01 1.22351021e-01 5.06514430e-01
    9.32192564e-01 5.65330088e-02 6.93149924e-01 8.43664169e-01
    6.66501403e-01 8.51420760e-01 5.21885216e-01 9.40614462e-01
    2.27917433e-02 2.16434509e-01 3.61204952e-01 5.10558546e-01
    1.55424923e-01 5.41096926e-01 2.64099449e-01 2.22098827e-02
    8.34402919e-01 4.05177414e-01 5.68520844e-01 2.33032644e-01
    1.44510984e-01 8.03569078e-01 3.56549144e-01 1.92414522e-01
    2.46423692e-01 1.27875000e-01 3.92527878e-01 4.11315292e-01
    6.33493066e-01 3.78150791e-01 4.81812239e-01 4.15780753e-01
    7.27695227e-01 3.52433354e-01 2.08649337e-02 6.85053170e-01
    6.32325947e-01 6.86436474e-01 3.29977572e-02 8.70830417e-02
    8.39674830e-01 2.51417458e-02 8.61508131e-01 3.45763445e-01
    4.44383264e-01 6.67636096e-02 1.09561503e-01 8.03184807e-02
    2.21635252e-01 4.56182539e-01 5.17325580e-01 8.17733884e-01
    4.45236266e-02 5.96728861e-01 4.59697962e-01 5.25105774e-01
    5.19018531e-01 2.47033834e-01 7.21049547e-01 8.62763524e-01
    1.34288847e-01 4.10137862e-01 3.15035939e-01 6.23274207e-01
    3.87499720e-01 1.55424714e-01 1.91753775e-01 4.37181383e-01
    7.61479378e-01 7.93854773e-01 8.47213686e-01 3.40402901e-01
    8.63906741e-01 9.18600798e-01 4.50599402e-01 5.84433854e-01
    1.33738607e-01 6.78487420e-01 1.49176627e-01 6.74356461e-01
    1.67834044e-01 8.82671595e-01 6.07312381e-01 5.62692881e-01
    9.61922169e-01 9.00707245e-02 9.97959852e-01 6.24792933e-01
    5.08805335e-01 3.57888192e-01 5.98411202e-01 7.99643695e-02
    8.88560295e-01 6.91029012e-01 4.87045705e-01 8.65120292e-02
    7.37201095e-01 5.93957543e-01 9.78839695e-02 7.23476887e-01
    2.73514092e-02 5.65790534e-01 7.31775701e-01 5.57488501e-01
    8.78954947e-01 6.08452439e-01 1.99787796e-01 8.76235366e-02
    5.85407257e-01 9.60876048e-01 1.84020877e-01 4.54490840e-01
    6.83487654e-01 4.93065476e-01 4.87179160e-01 2.81394780e-01
    3.38186085e-01 7.56717801e-01 7.72954524e-02 7.00724483e-01
    9.88758326e-01 8.60513926e-01 1.65458649e-01 3.26379895e-01
    1.08255118e-01 8.15623999e-01 5.01286149e-01 2.31013894e-01
    6.43885374e-01 3.27385068e-02 9.95836139e-01 3.17411065e-01
    1.79890245e-01 1.05177611e-01 6.07444942e-02 9.75839078e-01
    9.61025000e-01 3.87337565e-01 6.00424051e-01 4.23397899e-01
    2.42813915e-01 5.37177026e-01 6.37857258e-01 2.54951239e-01
    4.26609844e-01 4.49207664e-01 8.97446752e-01 7.58126378e-02
    7.72100806e-01 7.11837411e-03 1.47040695e-01 8.25475097e-01
    2.02742726e-01 9.52881634e-01 6.19835854e-01 5.89600205e-02
    9.17693853e-01 3.61136407e-01 5.96952558e-01 6.00194752e-01
    4.25474495e-01 1.62338406e-01 8.80727053e-01 7.44086504e-03
    6.91250861e-02 4.27877665e-01 6.17330909e-01 9.45809007e-01
    7.68352747e-01 8.60431194e-01 3.06985170e-01 3.93601537e-01
    5.71458042e-01 1.21953398e-01 4.98794734e-01 4.95077670e-01
    2.64697582e-01 4.20206696e-01 2.12606162e-01 7.81455219e-01
    8.11588526e-01 5.24792910e-01 1.17212951e-01 4.23905462e-01
    8.62652361e-01 1.84680194e-01 6.04300559e-01 9.23041463e-01
    5.67392111e-02 6.35714233e-01 5.20572305e-01 3.76128256e-01
    7.90009737e-01 1.15774840e-01 4.65115607e-02 1.59325451e-01
    2.38289326e-01 4.37373817e-01 5.93583107e-01 8.08984280e-01
    5.59130192e-01 1.62703216e-01 7.49743581e-01 8.46802592e-02
    4.15094674e-01 8.90614510e-01 7.46777415e-01 9.81433690e-02
    3.88583958e-01 6.90624714e-02 2.93449789e-01 6.40790105e-01
    7.23792791e-01 9.20035243e-01 4.55067605e-01 4.38184738e-01
    7.56850541e-02 6.00861669e-01 3.81803215e-02 1.28766000e-01
    4.85148102e-01 1.50295317e-01 2.97285914e-01 2.08452642e-01
    6.15688920e-01 3.50030899e-01 8.20678353e-01 9.00734305e-01
    8.22743893e-01 4.81680751e-01 1.14879638e-01 7.56553292e-01
    4.10479158e-01 5.53746641e-01 5.43953538e-01 3.08530033e-02
    1.05536640e-01 4.84529734e-01 9.85318780e-01 5.40385425e-01
    7.73109853e-01 5.22149205e-01 4.75451738e-01 1.04654253e-01
    3.42798531e-01 1.58518374e-01 1.04440361e-01 2.02213824e-01
    2.22530842e-01 3.54478478e-01 4.40774381e-01 2.14861572e-01
    5.01850247e-02 2.12045312e-01 4.00677323e-01 3.40497524e-01
    2.02952057e-01 1.02182359e-01 4.06729847e-01 4.28993285e-01
    4.86659229e-01 6.95589423e-01 4.77079004e-01 9.24043894e-01
    7.88962007e-01 4.34042215e-01 9.76118863e-01 5.35631180e-03
    2.50523120e-01 2.92210340e-01 4.79143590e-01 9.84185517e-01
    7.33763695e-01 9.97203410e-01 5.30973971e-01 3.95789534e-01
    4.18855548e-01 2.32672036e-01 2.30259359e-01 2.84581900e-01
    6.53061092e-01 8.00876260e-01 9.29530561e-02 1.87630355e-01
    6.73369527e-01 2.09343910e-01 8.11119080e-01 8.27950597e-01
    9.52206492e-01 2.74887353e-01 8.12432051e-01 1.05424523e-01
    1.03822708e-01 4.95012045e-01 2.08720893e-01 6.08487308e-01
    3.38857740e-01 7.25941658e-01 5.84314346e-01 9.80396986e-01
    6.14288747e-02 9.73210335e-02 5.20274997e-01 4.05455887e-01
    5.00270128e-01 4.33562279e-01 8.88129950e-01 5.06424367e-01
    3.92263740e-01 3.11332643e-02 1.52945817e-02 8.16099286e-01
    1.20643616e-01 4.37870681e-01 5.75063527e-01 3.66661727e-01
    9.39562082e-01 7.98931956e-01 4.35548365e-01 1.37632430e-01
    7.04607487e-01 7.00087070e-01 2.24372894e-01 8.24488163e-01
    4.70996588e-01 4.37854677e-01 6.13902330e-01 1.03492528e-01
    4.71897900e-01 1.70401573e-01 8.81927848e-01 7.84390450e-01
    8.27097774e-01 8.65995526e-01 8.87625337e-01 4.60524321e-01
    9.35554743e-01 7.26495385e-01 5.36907613e-02 9.65677798e-01
    2.69570708e-01 8.33253145e-01 2.59076566e-01 9.68130946e-01
    3.89259398e-01 8.01795959e-01 8.36677670e-01 2.72559404e-01
    3.27684641e-01 4.05285209e-01 7.19982624e-01 3.11681628e-03
    4.49132919e-02 1.00287884e-01 1.06022894e-01 7.27158904e-01
    3.46168309e-01 4.13097531e-01 4.29338515e-02 3.87516499e-01
    2.30887592e-01 7.36170888e-01 9.79647517e-01 2.73409367e-01
    6.15970373e-01 7.52413392e-01 6.37538433e-01 7.20542073e-01
    3.85730863e-02 3.53889823e-01 9.15073752e-01 3.32509100e-01
    2.71830380e-01 9.89434063e-01 6.65911794e-01 5.63319862e-01
    4.23304319e-01 9.54232454e-01 2.14885861e-01 5.07015646e-01
    7.06790924e-01 3.85973901e-01 3.12358797e-01 3.32606226e-01
    1.90610319e-01 8.89105022e-01 2.94713050e-01 4.18582499e-01
    7.06895947e-01 3.06288362e-01 2.56133139e-01 4.09713954e-01
    9.20912981e-01 6.82723999e-01 1.14393443e-01 3.27979922e-01
    7.12794065e-02 7.76259303e-01 1.77211225e-01 9.07297492e-01
    5.41369498e-01 1.08348936e-01 5.40336788e-01 5.72881162e-01
    4.87987697e-02 2.18497545e-01 9.12804484e-01 3.59337091e-01
    3.20790917e-01 4.83457983e-01 4.04169917e-01 3.26189637e-01
    3.49414736e-01 1.57921910e-02 8.60458195e-01 8.04832995e-01
    5.43070078e-01 8.22624564e-01 6.69796765e-02 1.97768360e-01
    1.88815653e-01 5.27572334e-01 7.32558370e-01 8.79132628e-01
    2.50682712e-01 3.44085485e-01 6.12829924e-01 2.83704996e-01
    9.87239003e-01 3.11702490e-01 8.39541078e-01 7.09890723e-02
    6.73063397e-01 2.20106691e-01 9.58022237e-01 8.14844608e-01
    4.03859198e-01 5.47738135e-01 7.96420872e-02 3.93697023e-02
    3.36164385e-01 7.69583583e-01 5.27118266e-01 7.27252364e-02
    4.54806507e-01 6.78147912e-01 4.35745150e-01 4.58019108e-01
    6.28344595e-01 1.11179203e-01 6.26346231e-01 8.67564440e-01
    7.24241972e-01 9.44228053e-01 4.91423428e-01 7.78023303e-02
    7.60962069e-02 7.75539517e-01 3.45237434e-01 9.45031524e-01
    1.98226631e-01 2.96150267e-01 3.05206180e-02 8.84832025e-01
    3.99582386e-02 7.57095098e-01 5.15868306e-01 2.04404444e-01
    4.20858383e-01 1.92290306e-01 6.31811082e-01 7.30676651e-01
    3.05415988e-01 2.40724921e-01 5.77229023e-01 3.07191551e-01
    5.72969913e-01 7.20491469e-01 2.74818927e-01 3.67515594e-01
    1.07028842e-01 9.95669246e-01 5.80071151e-01 4.01171982e-01
    9.33718383e-01 4.22188759e-01 2.88278073e-01 8.00861239e-01
    5.60755193e-01 7.32821226e-01 8.51214886e-01 7.86609650e-01
    7.44542837e-01 9.19038236e-01 2.69441485e-01 6.76963627e-01
    3.17704320e-01 2.08238721e-01 7.14460313e-02 4.45482969e-01
    8.39833856e-01 4.41654742e-01 1.45315677e-01 9.48133230e-01
    8.39302003e-01 3.95884961e-01 7.69335985e-01 6.07370496e-01
    5.95086217e-01 7.46098042e-01 5.80545187e-01 1.52813971e-01
    3.64937603e-01 9.75737453e-01 5.99240065e-02 1.39993429e-01
    7.04529643e-01 3.61909211e-01 5.30067682e-01 6.73544705e-02
    5.19651830e-01 8.46168876e-01 2.29007274e-01 9.60790575e-01
    9.85539615e-01 8.35536599e-01 8.20748806e-01 4.59502041e-02
    5.64933181e-01 4.43575978e-01 3.83188158e-01 1.66434586e-01
    3.55865240e-01 1.34413242e-02 4.13021475e-01 1.70690089e-01
    2.65156895e-01 7.56503224e-01 1.14459962e-01 9.68929529e-01
    2.70915031e-02 6.17896616e-02 1.06773376e-01 4.65652257e-01
    3.75067443e-01 7.76055753e-01 4.45262700e-01 4.07437384e-01
    6.53607130e-01 2.87668407e-01 5.81575453e-01 4.46316600e-02
    9.10128713e-01 7.63150454e-01 6.55744195e-01 4.73045945e-01
    9.75261092e-01 7.89057970e-01 4.56807703e-01 9.80068684e-01
    4.60069299e-01 5.65956771e-01 8.44774961e-01 9.06638145e-01
    8.12510014e-01 9.52072501e-01 8.52590919e-01 3.83824348e-01
    2.54874200e-01 3.01597118e-01 3.02979350e-03 6.81037366e-01
    6.59737349e-01 5.63657284e-01 8.97718608e-01 9.69960272e-01
    6.76537216e-01 2.69023657e-01 9.15361404e-01 8.33728731e-01
    8.57111037e-01 9.42106307e-01 2.58887827e-01 3.05107474e-01
    2.40483880e-01 1.43319011e-01 5.66030443e-02 4.39373970e-01
    8.71285737e-01 3.84915471e-01 5.34501553e-01 8.35703015e-01
    3.57313842e-01 9.03107166e-01 1.02487385e-01 9.92117047e-01
    3.09435904e-01 4.11817580e-01 4.22795087e-01 5.14085233e-01
    8.97460699e-01 5.46830893e-02 2.90560961e-01 3.23015928e-01
    9.32774901e-01 3.10885847e-01 7.98753500e-02 5.69462717e-01
    4.18507338e-01 5.00532925e-01 7.09883869e-01 5.46826601e-01
    3.88254970e-01 7.56363511e-01 5.84334731e-02 7.98664451e-01
    3.30014616e-01 1.01088375e-01 5.64436555e-01 2.39151120e-01
    2.49243736e-01 3.16268593e-01 4.56099302e-01 6.46393299e-01
    8.09339046e-01 3.26152623e-01 3.72638702e-01 3.56753975e-01
    2.16093898e-01 8.35987449e-01 5.60884893e-01 5.21000266e-01
    9.55140233e-01 2.68685430e-01 8.16700697e-01 1.81655228e-01
    2.10024327e-01 2.01897204e-01 2.59316683e-01 5.61290920e-01
    9.80600834e-01 2.05470026e-01 2.45599836e-01 7.98070133e-02
    7.76470542e-01 2.08949000e-01 7.06160069e-02 4.52162564e-01
    5.07865310e-01 1.84952706e-01 4.29958284e-01 8.45921993e-01
    2.92386234e-01 3.47094476e-01 1.57659709e-01 7.98451900e-02
    8.89165759e-01 7.68105984e-02 2.60601729e-01 2.53297687e-01
    4.86328542e-01 6.60780311e-01 4.18781102e-01 5.95096707e-01
    8.36862326e-01 4.28189039e-01 5.17719269e-01 1.01594090e-01
    7.33156919e-01 6.47921920e-01 3.34662139e-01 6.65577888e-01
    5.40524364e-01 6.88789845e-01 3.11216325e-01 5.17393947e-02
    6.51285529e-01 7.61596203e-01 5.50139129e-01 4.47789341e-01
    1.93160594e-01 5.13410509e-01 9.39312875e-01 9.13513601e-01
    1.75996602e-01 9.83001351e-01 2.12036312e-01 5.83116949e-01
    3.15606117e-01 1.38526797e-01 7.50736356e-01 8.68060112e-01
    4.42571402e-01 6.05604887e-01 9.39895868e-01 6.78342581e-03
    1.96474940e-01 1.94860607e-01 7.89658785e-01 2.85553694e-01
    1.79174930e-01 9.62765813e-01 1.73656046e-02 3.38107347e-04
    2.38708794e-01 2.85671651e-01 9.56629574e-01 2.82222599e-01
    5.95095038e-01 2.54689217e-01 8.20191622e-01 6.85765028e-01
    6.73353195e-01 7.90070891e-01 1.42530680e-01 8.56445074e-01
    7.48598576e-01 7.80821085e-01 1.54966474e-01 5.91840267e-01
    6.90388680e-01 6.04454458e-01 3.68068308e-01 5.59049547e-01
    1.50247157e-01 9.39407587e-01 4.59213167e-01 2.34960079e-01
    6.87554657e-01 6.85879827e-01 7.66344070e-01 8.04870546e-01
    4.42266852e-01 2.83619642e-01 4.32558447e-01 5.79104841e-01
    7.73582816e-01 1.22737944e-01 8.86681914e-01 4.08111334e-01
    9.62323070e-01 9.36828613e-01 3.91832173e-01 9.65570569e-01
    7.03899682e-01 4.98143345e-01 2.30327278e-01 2.09836662e-02
    3.12548399e-01 6.98911190e-01 6.68787003e-01 4.05373514e-01
    6.66201115e-01 7.81939268e-01 2.96311259e-01 3.47955495e-01
    6.14714026e-02 9.67142522e-01 6.80627525e-01 8.79206479e-01
    8.63082051e-01 4.30033386e-01 6.18139803e-02 5.21007061e-01
    1.53058439e-01 4.65962708e-01 4.93040562e-01 3.23791564e-01
    2.40826875e-01 4.57789153e-01 3.92016917e-01 7.11035907e-01
    8.14600706e-01 3.90793294e-01 9.76027489e-01 5.97651362e-01
    4.50867087e-01 3.57287288e-01 7.37388074e-01 1.70020521e-01
    7.46587634e-01 5.47736585e-02 6.24268651e-01 5.25719225e-02
    2.85038590e-01 4.18693542e-01 4.39140499e-01 4.74889845e-01
    8.21860492e-01 9.53470707e-01 2.98749924e-01 7.84286976e-01
    3.91079575e-01 6.46858335e-01 1.94169492e-01 9.13042068e-01
    1.33052140e-01 6.01958632e-01 2.25583494e-01 3.76885891e-01
    6.59264922e-01 8.10984433e-01 5.95524371e-01 8.13103676e-01
    5.22630155e-01 7.93198645e-02 5.22472739e-01 4.43041444e-01
    5.47464013e-01 6.57614827e-01 1.63389534e-01 3.46202850e-01
    2.02064574e-01 3.33005607e-01 6.45924389e-01 2.53021717e-02
    9.20026898e-01 2.61776656e-01 7.69891500e-01 8.23165059e-01
    6.64956450e-01 7.63412476e-01 2.78429270e-01 5.75402677e-01
    4.14745510e-01 2.91596651e-01 7.84189463e-01 8.44282508e-02
    3.02779675e-02 8.31786036e-01 5.51018715e-02 2.02195317e-01
    9.28615272e-01 8.56491983e-01 1.96961254e-01 2.87654310e-01
    6.27048612e-02 7.84603834e-01 3.95225108e-01 3.08110714e-02
    4.38107729e-01 8.47504795e-01 2.98083574e-01 1.55180424e-01
    3.25038701e-01 7.67223835e-01 1.94437802e-01 8.97398531e-01
    3.97212625e-01 1.03079677e-02 6.22457922e-01 2.03221589e-01
    6.50249243e-01 7.76004195e-01 4.79551554e-02 5.14621735e-01
    7.76037514e-01 7.52237856e-01 9.29911494e-01 4.80371654e-01
    7.36483693e-01 3.21999490e-01 7.15443552e-01 3.97147000e-01
    5.55909574e-01 9.84766424e-01 7.52222180e-01 5.25017381e-01
    9.36962366e-01 4.82231081e-02 6.88650489e-01 9.37419415e-01
    9.92527604e-01 3.49545658e-01 7.06822276e-02 4.66975063e-01
    1.34255379e-01 6.63035750e-01 5.44812500e-01 7.67011881e-01
    7.47942448e-01 4.48298097e-01 6.94695711e-01 6.63355589e-02
    3.29311073e-01 2.09677458e-01 4.69882280e-01 6.85122967e-01
    3.11982155e-01 2.16891080e-01 6.58404350e-01 9.78263438e-01
    1.79882348e-02 1.03834450e-01 6.73594415e-01 4.21341360e-02
    3.72879803e-01 9.78538692e-01 2.73695827e-01 5.13514161e-01
    9.35556173e-01 2.04256624e-01 6.14771187e-01 5.47670960e-01
    2.64320850e-01 8.50083530e-01 2.07319826e-01 4.16025221e-01
    7.42074430e-01 3.47805440e-01 8.15790415e-01 2.02736497e-01
    6.14529431e-01 4.07861114e-01 8.90706301e-01 7.13625312e-01
    7.60474563e-01 6.36583209e-01 8.52765918e-01 1.39589310e-01
    4.39146340e-01 4.71527815e-01 3.58250469e-01 2.62984574e-01
    8.49586010e-01 1.42539978e-01 8.74311209e-01 7.29118526e-01
    7.80024290e-01 7.28929579e-01 9.28924799e-01 4.87367272e-01
    8.43168199e-01 2.96773106e-01 6.72918260e-01 2.45076478e-01
    1.92760557e-01 6.37904942e-01 8.21237326e-01 6.18282318e-01
    4.77263242e-01 8.02352011e-01 8.01134348e-01 6.42442942e-01
    9.11710262e-02 5.68682611e-01 6.23582006e-01 6.28904045e-01
    7.77801156e-01 7.00645089e-01 6.73867702e-01 1.63522303e-01
    3.87218177e-01 6.63680851e-01 1.03365183e-02 4.52017128e-01
    3.83474380e-01 9.02458191e-01 5.66374183e-01 4.61988986e-01
    5.06725788e-01 5.72918952e-01 6.68650389e-01 5.88914037e-01
    3.57817233e-01 1.75594747e-01 8.17570329e-01 2.59506226e-01
    8.72551560e-01 8.30213726e-02 5.89780807e-01 1.92802459e-01
    1.91211522e-01 1.30845547e-01 6.86603129e-01 1.21398479e-01
    2.26521164e-01 2.59149790e-01 5.63141227e-01 5.03870428e-01
    5.14490485e-01 9.31445301e-01 5.95873117e-01 6.65238023e-01
    8.62798810e-01 9.07241046e-01 6.90670729e-01 7.25078702e-01
    9.23083544e-01 8.86775017e-01 7.56805778e-01 1.92661494e-01
    7.04864442e-01 3.00257832e-01 8.78270149e-01 3.24730754e-01
    3.39825541e-01 5.99966228e-01 1.60853863e-01 6.21267319e-01
    6.22373998e-01 1.64547890e-01 3.58457804e-01 1.07761681e-01
    3.21563214e-01 4.26764786e-01 9.19314027e-01 8.06487083e-01
    8.51269841e-01 6.60623968e-01 7.61757851e-01 6.13628030e-01
    8.78967166e-01 8.87992978e-02 1.36856019e-01 6.73061252e-01
    9.10615683e-01 2.49232203e-01 2.08588034e-01 7.90455878e-01
    4.60848004e-01 3.09350431e-01 2.57745743e-01 6.37587965e-01
    6.31503165e-02 6.29937947e-01 6.73940778e-01 3.25534165e-01
    5.18174350e-01 7.36238956e-02 1.08352304e-02 4.54903543e-02
    2.05071926e-01 3.44311476e-01 6.05091929e-01 2.86712080e-01
    8.35314155e-01 9.60886717e-01 4.73100305e-01 2.38306135e-01
    3.23316962e-01 4.10316288e-01 2.20616937e-01 1.74130738e-01
    1.02862179e-01 8.92132640e-01 6.35653496e-01 1.74624622e-01
    9.17817593e-01 5.57766736e-01 8.80012870e-01 5.27624309e-01
    6.20521724e-01 2.28599191e-01 6.35039151e-01 1.32352203e-01
    2.24735558e-01 2.81940103e-01 1.80598766e-01 9.56669450e-01
    4.96278912e-01 6.02744758e-01 5.15593767e-01 9.54544544e-03
    6.72680140e-01 9.67739463e-01 4.28736120e-01 3.46712738e-01
    8.99554491e-01 6.24584556e-02 5.36781549e-01 4.80878294e-01
    7.56544471e-01 8.48649859e-01 6.81664228e-01 8.41335475e-01
    7.02391863e-01 9.85383034e-01 5.20393133e-01 7.82299638e-02
    9.04408097e-02 1.87152475e-01 6.50866747e-01 7.95121551e-01
    8.14415812e-01 7.02552021e-01 5.48371255e-01 3.68995965e-02
    7.00444460e-01 3.69679630e-01 5.85149050e-01 9.77745593e-01
    5.14078617e-01 4.56420779e-02 1.13207102e-03 9.24009681e-02
    5.46478629e-01 3.65866214e-01 6.45838261e-01 6.91282868e-01
    7.07037330e-01 7.40299821e-01 5.94495416e-01 8.92147422e-03
    8.17067504e-01 9.38992202e-01 2.45338887e-01 2.61098921e-01
    9.04396117e-01 8.00357938e-01 3.80545527e-01 2.15443343e-01
    8.60515714e-01 2.66334265e-01 7.90294766e-01 5.71061373e-01
    2.44681031e-01 5.41872621e-01 3.47235918e-01 6.92962646e-01
    4.56259340e-01 9.21194732e-01 9.12269056e-01 3.48430395e-01
    9.36536670e-01 6.37068391e-01 4.67354059e-02 7.57262766e-01
    1.00450426e-01 9.24694777e-01 7.57165313e-01 6.35181904e-01
    8.98396909e-01 1.48563027e-01 3.11958611e-01 4.08761203e-01
    1.30029023e-02 1.15138590e-01 9.30995464e-01 4.42418844e-01
    4.04912531e-01 4.38929051e-01 2.36787498e-02 7.96356201e-01
    7.35435605e-01 1.62642330e-01 5.95889449e-01 2.16383517e-01
    6.65604293e-01 3.91379654e-01 2.20770806e-01 7.71946788e-01
    3.64065707e-01 7.62758017e-01 3.73634547e-01 7.30958283e-01
    4.77527976e-02 1.26628458e-01 4.26185131e-03 9.93881702e-01
    8.31753314e-01 6.86998010e-01 2.79504776e-01 7.43560612e-01
    5.55398166e-02 9.33059752e-02 1.09910369e-01 6.72370434e-01
    2.94342160e-01 6.07640445e-01 6.61838651e-01 4.34825480e-01
    2.34693497e-01 3.87147665e-02 7.73537219e-01 4.23843473e-01
    8.99088085e-01 4.96810079e-02 2.49088824e-01 7.58643091e-01
    3.00196141e-01 3.87402982e-01 4.63127136e-01 2.88769841e-01
    1.91193610e-01 1.51057333e-01 8.20751011e-01 5.40911317e-01
    1.98520213e-01 5.74044943e-01 7.84345508e-01 1.40561044e-01
    8.04684043e-01 2.58520603e-01 6.78985834e-01 4.08460557e-01
    9.95892167e-01 5.14593542e-01 6.05730832e-01 1.64740682e-01
    6.73487902e-01 9.04334366e-01 9.85677302e-01 9.91192102e-01
    7.37160087e-01 7.58970261e-01 9.37044263e-01 3.65854859e-01
    3.75272036e-02 4.36348379e-01 6.03730559e-01 1.98998034e-01
    4.53656316e-02 6.67821288e-01 2.22696543e-01 1.80078238e-01
    5.96668899e-01 7.41478324e-01 9.51831341e-01 9.42398667e-01
    3.98856819e-01 8.76214802e-01 9.21845794e-01 2.15387404e-01
    6.87287450e-02 1.78301036e-01 5.50857604e-01 1.22082949e-01
    3.46052021e-01 9.00469899e-01 8.03803504e-02 5.78588545e-01
    7.71372437e-01 2.11549401e-01 3.01255286e-01 4.29725081e-01
    5.97280979e-01 1.55105829e-01 7.38228261e-01 3.66982192e-01
    3.75501305e-01 1.17385745e-01 9.63464916e-01 1.45042807e-01
    1.01226270e-02 7.22159564e-01 8.18037689e-02 5.50723255e-01
    1.77625418e-02 3.75299394e-01 4.40209836e-01 5.91040850e-01
    6.65228784e-01 7.52556145e-01 4.56268966e-01 4.82660890e-01
    8.89705896e-01 9.55460727e-01 9.23161805e-02 1.62326992e-01
    4.74417359e-01 6.07833982e-01 8.37397218e-01 5.70641577e-01
    3.16396415e-01 3.93888593e-01 8.32786083e-01 5.69343567e-02
    8.13174963e-01 1.95787460e-01 5.84341645e-01 7.50244200e-01
    5.20001769e-01 8.02790999e-01 1.49658650e-01 3.57286036e-01
    9.74387288e-01 8.18282485e-01 4.11566526e-01 8.82315874e-01
    8.63345087e-01 5.96953332e-01 4.56744432e-03 1.14737153e-02
    1.40558094e-01 3.13578546e-01 9.29900229e-01 8.04083467e-01
    7.36365199e-01 7.90912032e-01 8.61162424e-01 2.79029071e-01
    2.61072695e-01 6.57770216e-01 6.32744372e-01 4.55169350e-01
    4.57209736e-01 9.03201938e-01 2.22361594e-01 7.17674911e-01
    3.07596803e-01 1.43709183e-01 8.51608038e-01 9.02886868e-01
    2.23881990e-01 8.37493718e-01 9.46286678e-01 8.91699612e-01
    9.13214087e-02 1.52323693e-01 3.55185866e-02 7.34619081e-01
    6.08215928e-01 8.66812825e-01 2.56623507e-01 5.12124777e-01
    1.57726824e-01 1.64868832e-01 7.55883455e-02 5.16746640e-02
    3.09816748e-01 3.90756756e-01 9.15997267e-01 7.29322553e-01
    6.12506092e-01 1.13995582e-01 4.37509358e-01 4.95127916e-01
    8.46073985e-01 8.26924443e-02 8.84222031e-01 6.47084594e-01
    9.13940430e-01 5.50173819e-02 2.42592365e-01 4.97846514e-01
    2.84963369e-01 1.60369307e-01 6.23210788e-01 9.65526104e-01
    6.37590170e-01 1.54478818e-01 6.43301189e-01 2.74946392e-02
    4.52493638e-01 8.78682733e-01 6.35526776e-01 7.50084877e-01
    7.49841571e-01 1.40129983e-01 3.94937575e-01 1.99755788e-01
    1.59637809e-01 8.39586914e-01 3.94985229e-01 5.66992164e-01
    6.85934544e-01 5.24161041e-01 3.81387115e-01 8.22897792e-01
    4.79787201e-01 7.13267803e-01 2.89981306e-01 9.73746002e-01
    1.54507458e-02 4.24895674e-01 8.29594851e-01 1.94647223e-01
    2.20089525e-01 3.50245833e-03 3.83928359e-01 3.81701171e-01
    6.51924849e-01 1.04412407e-01 2.20838696e-01 6.07242405e-01
    9.30511713e-01 9.96324897e-01 6.39568150e-01 6.80598497e-01
    1.60965860e-01 9.50524926e-01 4.67337072e-01 9.65626478e-01
    1.48368388e-01 6.70385599e-01 1.20552063e-01 7.33079255e-01
    2.75958061e-01 8.15811574e-01 5.76582432e-01 6.03259861e-01
    8.19542170e-01 4.24232274e-01 3.43439341e-01 8.90697718e-01
    4.83903110e-01 6.45410895e-01 8.42199206e-01 5.87666392e-01
    1.15204126e-01 4.56036031e-01 8.61676216e-01 4.01286453e-01
    5.81387043e-01 2.62863576e-01 7.94616699e-01 6.81012273e-01
    6.39903963e-01 6.53091073e-01 5.54653108e-02 8.00192833e-01
    3.90742004e-01 4.42405015e-01 7.40163088e-01 4.21597272e-01
    8.72239113e-01 6.54357791e-01 5.31583905e-01 7.09421813e-01
    2.07727253e-02 3.49741906e-01 1.56394154e-01 4.75522012e-01
    8.28312159e-01 6.04507506e-01 3.84374648e-01 1.48284763e-01
    9.61234033e-01 4.82554018e-01 9.68765140e-01 8.50932002e-01
    6.08358324e-01 2.31983364e-01 4.05883282e-01 6.41167998e-01
    7.71441579e-01 2.55739182e-01 1.09257698e-02 3.64984930e-01
    4.95051265e-01 9.62750852e-01 2.92621851e-01 3.92227113e-01
    3.07160020e-01 1.37998104e-01 4.86496210e-01 1.21639907e-01
    1.67701215e-01 1.39354765e-02 1.49605870e-01 7.31798053e-01
    4.29060668e-01 1.74207449e-01 8.81736755e-01 7.79520154e-01
    6.01835966e-01 7.57351518e-03 4.80806112e-01 1.50818199e-01
    3.47075492e-01 9.17270303e-01 8.87092233e-01 8.70195568e-01
    4.87637967e-01 2.82835603e-01 9.06125426e-01 5.25757611e-01
    8.47346187e-01 8.37371469e-01 8.62495482e-01 2.23132879e-01
    3.84303272e-01 6.33570075e-01 5.09361029e-02 4.44654793e-01
    1.38964117e-01 7.94440508e-01 7.02486098e-01 2.23666459e-01
    1.08212233e-04 4.56690550e-01 1.55776739e-01 8.24423373e-01
    7.39732862e-01 8.24334919e-01 8.00337672e-01 6.28688693e-01
    7.45469868e-01 3.13032091e-01 6.26245618e-01 1.67355210e-01
    3.36792827e-01 6.98350847e-01 3.82637322e-01 3.54563951e-01
    9.34099019e-01 2.16909081e-01 5.53189039e-01 4.07466590e-01
    2.07833201e-01 9.42459106e-02 8.93720746e-01 9.08872008e-01
    3.57300997e-01 4.94059026e-01 1.64272785e-01 7.45750129e-01
    1.63132131e-01 8.77745450e-01 3.71823043e-01 9.05544937e-01
    2.14896262e-01 7.88000226e-01 5.14434576e-01 9.48837876e-01
    2.04127461e-01 7.04295516e-01 2.88707197e-01 4.34501678e-01
    2.42739707e-01 6.12872422e-01 9.68695819e-01 4.36019629e-01
    3.54981720e-01 2.97658622e-01 4.99765068e-01 8.52668822e-01
    9.61920261e-01 5.08472025e-01 1.41072452e-01 9.89110112e-01
    3.47205818e-01 7.53037930e-01 1.12187684e-01 9.94884670e-02
    8.37876320e-01 7.81354308e-02 5.46755075e-01 5.58162034e-01
    7.89072335e-01 5.75058103e-01 7.50549197e-01 9.56513941e-01
    5.32805443e-01 4.79169995e-01 5.72408736e-02 1.42867178e-01
    2.40570366e-01 2.30514914e-01 6.26656175e-01 1.68388188e-01
    9.29992199e-02 1.92260325e-01 5.56602836e-01 8.63813758e-01
    9.29746747e-01 4.52040285e-01 8.02014589e-01 7.81466007e-01
    6.20934725e-01 5.53523481e-01 2.30517864e-01 3.51640284e-02
    2.36467689e-01 7.25585818e-02 2.02183723e-02 4.27267134e-01
    1.08638793e-01 5.93873620e-01 8.03337514e-01 2.60357261e-02
    1.02725834e-01 5.04911840e-01 7.32439458e-02 3.37957412e-01
    7.26596117e-02 9.00568545e-01 1.45240635e-01 5.38034081e-01
    7.93146014e-01 5.50508797e-02 8.54819953e-01 9.57295656e-01
    1.52743101e-01 3.28642040e-01 5.97283721e-01 2.05985636e-01
    1.75662458e-01 7.09319353e-01 2.24389523e-01 5.22217989e-01
    7.11097598e-01 4.54929113e-01 4.99472797e-01 9.06511426e-01
    7.96961427e-01 2.51542062e-01 8.36457133e-01 2.92278528e-02
    8.00502181e-01 1.90807641e-01 7.66527116e-01 7.52595663e-01
    7.81164825e-01 8.50413084e-01 8.69119823e-01 1.62832767e-01
    4.31051582e-01 2.75633633e-01 9.28894818e-01 1.06152803e-01
    8.21635723e-01 2.75255919e-01 5.99709630e-01 6.11063838e-03
    6.00240171e-01 1.95066273e-01 9.66091752e-01 4.45778400e-01
    1.73381537e-01 3.53410840e-01 8.23156238e-02 2.90144324e-01
    8.64979029e-01 5.56418419e-01 3.20512354e-02 1.75836414e-01
    8.10348928e-01 1.00684971e-01 6.64440870e-01 8.55226755e-01
    1.53304726e-01 2.58510649e-01 3.94474864e-01 2.19100475e-01
    1.85146332e-02 6.06395066e-01 1.17229849e-01 3.33647430e-01
    5.29668510e-01 1.92215830e-01 6.88031614e-01 9.51757789e-01
    8.31234753e-01 6.94923699e-01 6.77417517e-01 8.82732570e-01
    3.66154611e-02 7.21421659e-01 4.21563357e-01 8.86384547e-02
    2.25803226e-01 3.43043178e-01 6.60094976e-01 3.21272999e-01
    7.97750711e-01 1.99782252e-01 2.14980334e-01 2.59566486e-01
    2.23154128e-01 5.56663394e-01 8.23143363e-01 7.81548381e-01
    4.12202567e-01 3.13168973e-01 2.00420499e-01 6.44808888e-01
    7.22853243e-01 8.36670160e-01 8.79621208e-02 6.91394866e-01
    1.14294380e-01 7.87319541e-01 6.69971108e-01 8.62932980e-01
    1.78425580e-01 6.33025825e-01 9.69011307e-01 4.81554896e-01
    4.08548832e-01 7.79272199e-01 7.38249958e-01 4.94130999e-01
    6.39816880e-01 1.42301321e-01 7.14183986e-01 1.07290745e-01
    3.39011550e-01 9.09989238e-01 8.38698626e-01 7.01741815e-01
    1.53497934e-01 5.69089711e-01 6.73858583e-01 6.95477784e-01
    3.19802552e-01 5.39345741e-01 5.48666716e-01 8.58101845e-01
    5.73414266e-01 7.58068562e-01 8.02356482e-01 9.75583673e-01
    6.91563189e-01 3.35263193e-01 8.90822768e-01 1.31554693e-01
    4.56424803e-01 5.47144890e-01 9.30367231e-01 1.02995932e-01
    1.29881024e-01 2.51172781e-01 8.48846436e-01 9.98744011e-01
    1.58360511e-01 9.58769083e-01 1.25398815e-01 7.97905922e-01
    2.26077825e-01 2.30100214e-01 9.90563154e-01 4.31588292e-03
    9.51777279e-01 5.91960967e-01 1.93565726e-01 3.23346764e-01
    8.05352509e-01 5.09834647e-01 2.73730099e-01 4.63477790e-01
    9.59018588e-01 5.58546901e-01 1.28203183e-01 4.33437645e-01
    4.81850207e-01 9.19875979e-01 6.80547714e-01 5.95820904e-01
    6.39783502e-01 1.60842896e-01 1.91413462e-01 7.71496117e-01
    7.09923506e-01 9.83029962e-01 5.74835539e-01 4.74541366e-01
    5.14044046e-01 7.96049774e-01 6.03591800e-01 4.27609026e-01
    3.60391080e-01 6.41245842e-01 7.01061726e-01 2.10648447e-01
    4.37073082e-01 3.29922736e-02 3.59992385e-02 7.29975462e-01
    2.33932287e-01 9.19641495e-01 5.74847937e-01 3.07914019e-01
    7.58837342e-01 7.56734371e-01 1.08077079e-01 3.05885375e-02
    4.53301191e-01 2.54071236e-01 6.38204992e-01 9.01467621e-01
    1.42342418e-01 7.21818209e-01 8.71546984e-01 6.95386708e-01
    7.76771903e-01 4.57672924e-01 8.69400620e-01 6.74944043e-01
    6.05925798e-01 6.91657186e-01 4.80114043e-01 4.17346239e-01
    8.86784494e-01 5.17781258e-01 9.62614954e-01 9.26754594e-01
    8.37110162e-01 6.21024311e-01 1.52090847e-01 1.27630651e-01
    6.34639859e-02 6.43086135e-01 7.64218330e-01 9.37597156e-01
    8.47775221e-01 5.30907750e-01 9.65286791e-02 5.60718000e-01
    2.71773756e-01 7.75370479e-01 8.69056463e-01 2.16423005e-01
    3.62465441e-01 9.19601738e-01 9.07030702e-01 9.19548571e-01
    8.43352556e-01 6.46204114e-01 7.74566412e-01 1.64956957e-01
    9.99953151e-01 4.33797121e-01 6.93317652e-01 7.57231116e-01
    2.14257717e-01 4.16236609e-01 6.08436763e-02 4.98796999e-02
    6.14068270e-01 9.37693357e-01 6.36744201e-01 3.50721866e-01
    7.78374910e-01 7.26880848e-01 3.70559573e-01 5.78273416e-01
    1.45001382e-01 5.21529317e-01 1.89818740e-02 2.38388777e-01
    9.63877439e-02 7.84164250e-01 7.68560767e-01 6.34369493e-01
    1.16995335e-01 7.66694665e-01 7.59144127e-01 5.93432128e-01
    5.15007734e-01 9.11881030e-01 9.23747301e-01 9.80026126e-02
    3.87493044e-01 5.79857230e-01 5.21918595e-01 7.92301059e-01
    5.99750280e-01 6.78248763e-01 6.56535029e-02 2.13332325e-01
    3.12437415e-01 1.81437850e-01 3.13379347e-01 1.70249373e-01
    1.05535060e-01 2.41205603e-01 7.10461676e-01 5.17874956e-04
    3.23332578e-01 9.60713863e-01 9.54507351e-01 5.04421353e-01
    1.76267773e-01 2.17172921e-01 3.88783544e-01 1.36299253e-01
    8.41706336e-01 4.68145728e-01 2.10198820e-01 1.61553681e-01
    7.03829825e-02 3.11937928e-02 8.73459280e-01 6.96214676e-01
    4.14632261e-01 4.94950116e-02 7.94896007e-01 5.97559094e-01
    6.22010946e-01 7.38114178e-01 3.29137623e-01 4.82075214e-01
    1.02187008e-01 2.94751287e-01 4.34850454e-01 1.88797414e-02
    5.48778892e-01 9.55606103e-01 1.29142582e-01 2.87390411e-01
    6.33768201e-01 2.14735568e-02 7.36702561e-01 7.50658810e-01
    9.76274967e-01 1.22901976e-01 9.75959778e-01 3.29172611e-01
    8.43518078e-01 7.04315901e-01 6.48195803e-01 8.42873573e-01
    6.61846876e-01 8.07480216e-01 4.43818569e-01 6.74766064e-01
    8.77088845e-01 8.86926889e-01 2.15313613e-01 6.80948019e-01
    9.16392207e-01 6.15623832e-01 7.08467662e-01 3.50453138e-01
    2.78674126e-01 5.50132930e-01 4.42558050e-01 7.73227453e-01
    4.36407208e-01 3.63640487e-02 9.82381225e-01 9.00376737e-01
    6.88206315e-01 9.14094746e-02 4.89837945e-01 6.54545903e-01
    6.34322405e-01 3.37807238e-02 9.39444005e-01 8.77841651e-01
    6.06291771e-01 2.76422441e-01 5.99454761e-01 6.71029925e-01
    1.97945267e-01 7.88580000e-01 9.46828008e-01 7.72930920e-01
    3.65248382e-01 2.85873383e-01 5.82869887e-01 8.21692288e-01
    9.24625635e-01 7.80486465e-02 1.18046612e-01 9.96417999e-01
    9.08149242e-01 5.96341193e-02 4.55358326e-01 9.94901299e-01
    4.39686179e-01 9.47962046e-01 1.86327726e-01 5.83146930e-01
    5.02195477e-01 4.39329207e-01 1.41410917e-01 7.03263402e-01
    6.70013011e-01 3.00781727e-02 4.87021029e-01 8.77222896e-01
    1.70752883e-01 7.48829544e-01 3.93793881e-02 2.82127380e-01
    6.71755970e-02 5.49159288e-01 4.57592398e-01 8.30207884e-01
    1.42919570e-01 6.96796298e-01 9.22316551e-01 1.08613968e-01
    1.28827780e-01 7.35294223e-02 7.56116509e-01 6.74251974e-01
    4.02060449e-01 7.64775038e-01 6.08802974e-01 1.61019713e-01
    3.48392487e-01 1.86188549e-01 1.77248746e-01 7.48180032e-01
    6.81047082e-01 9.20289457e-01 4.16510761e-01 6.35487318e-01
    1.76109403e-01 2.15612411e-01 7.80441761e-01 5.74616671e-01
    4.05095309e-01 1.49244606e-01 8.92220020e-01 4.91154134e-01
    9.53120112e-01 8.42199445e-01 4.22903121e-01 8.01642537e-02
    7.56789684e-01 4.38676447e-01 8.32021117e-01 3.01936924e-01
    8.53111863e-01 4.34450746e-01 4.24924284e-01 4.80634272e-01
    4.07585025e-01 1.89108968e-01 1.33840233e-01 1.59441292e-01
    3.90475571e-01 9.66960669e-01 1.91519767e-01 9.15732861e-01
    1.10786259e-02 7.94440806e-02 1.55625254e-01 1.71247274e-01
    4.76700723e-01 9.31432605e-01 6.71295106e-01 2.32156485e-01
    2.70809233e-01 9.53455091e-01 3.45458984e-01 1.92005545e-01
    3.83038938e-01 4.09514427e-01 7.94010878e-01 9.79974508e-01
    6.91009998e-01 6.17318928e-01 8.24047565e-01 2.49298334e-01
    1.13560855e-01 2.98275352e-01 1.43391609e-01 8.75186443e-01
    8.10208142e-01 4.20451403e-01 4.93761808e-01 8.46174955e-01
    3.71430755e-01 5.66341400e-01 7.68318176e-01 2.14685291e-01
    4.38361764e-02 5.63560784e-01 6.12396479e-01 9.62524414e-02
    2.06707448e-01 5.18386960e-01 4.08395529e-02 7.00088382e-01
    3.02563608e-01 4.38132882e-01 8.45257282e-01 4.33021933e-01
    9.53525424e-01 8.34711790e-01 8.81081700e-01 2.42780089e-01
    7.97625482e-01 6.00133181e-01 3.27997327e-01 2.95198143e-01
    6.81602955e-03 8.58467340e-01 8.47485244e-01 9.44858730e-01
    4.55176771e-01 1.31780922e-01 2.74198025e-01 5.56265891e-01
    3.84478271e-01 4.40270931e-01 6.05857372e-02 1.97965920e-01
    2.93902636e-01 1.24881536e-01 2.23294020e-01 8.57072830e-01
    8.43346477e-01 8.19781065e-01 6.95027113e-01 8.07352960e-01
    1.69830650e-01 3.78634930e-02 8.08852553e-01 7.19744384e-01
    3.58026654e-01 2.02494860e-02 1.36247367e-01 8.54028940e-01
    8.87494922e-01 8.68947387e-01 2.39014566e-01 6.75231934e-01
    4.90829647e-02 4.96415198e-02 1.44271761e-01 8.64535570e-01
    3.83425534e-01 1.16333783e-01 9.00920808e-01 2.30114341e-01
    3.58297586e-01 4.29500282e-01 5.37253082e-01 3.67815077e-01
    2.42024332e-01 1.26512110e-01 5.66264033e-01 9.57873464e-01
    3.83432806e-02 8.20620298e-01 7.68366098e-01 3.25012803e-01
    4.44371998e-01 9.45806980e-01 8.18001270e-01 7.96623349e-01
    3.26385140e-01 7.82088518e-01 8.15535843e-01 1.01054311e-01
    7.41069019e-02 4.98484790e-01 3.26147318e-01 9.15228248e-01
    2.84718394e-01 5.16359985e-01 9.38874125e-01 2.66602874e-01
    6.34572804e-02 4.40902412e-02 1.34572953e-01 2.80905068e-01
    4.30925608e-01 9.56570983e-01 7.88472891e-01 3.46019030e-01
    8.61392319e-01 5.58470905e-01 6.08410954e-01 2.18834758e-01
    3.89716327e-02 6.58342957e-01 1.68964326e-01 4.73997205e-01
    9.73650873e-01 8.32667887e-01 5.84869981e-01 2.57385910e-01
    6.25719428e-01 8.96030664e-01 9.20070350e-01 3.34486067e-02
    8.04597437e-01 8.10598612e-01 2.60719329e-01 7.92958498e-01
    8.86150837e-01 1.68328911e-01 3.95955443e-02 6.88898504e-01
    2.41596639e-01 6.57589138e-01 7.82979369e-01 7.21406639e-01
    1.15606487e-01 5.59861302e-01 4.63427365e-01 2.78158903e-01
    5.43387413e-01 6.17298067e-01 8.40131760e-01 7.76497662e-01
    7.59258270e-01 2.81923771e-01 3.38362932e-01 9.45587873e-01
    4.56777811e-01 6.54472113e-01 6.74971938e-03 3.82943153e-01
    1.46991313e-01 7.45708585e-01 7.48744965e-01 4.58124250e-01
    3.43632698e-01 9.45433140e-01 6.53120041e-01 5.03387690e-01
    9.50302601e-01 5.63972831e-01 5.18990040e-01 2.91607916e-01
    9.86779332e-01 8.78711939e-01 9.02689636e-01 3.79573941e-01
    6.53884292e-01 5.10396659e-02 7.70834386e-01 1.17040396e-01
    9.06016827e-01 3.20918798e-01 5.23918450e-01 8.49250197e-01
    3.92531872e-01 4.24493730e-01 9.26077306e-01 8.42178166e-02
    7.54270196e-01 2.72203714e-01 6.05907202e-01 9.89801407e-01
    8.27196479e-01 9.96778905e-02 9.05007660e-01 7.07780421e-02
    7.27103472e-01 9.47188199e-01 3.87142092e-01 4.75671351e-01
    9.32044685e-02 3.90484214e-01 7.13933587e-01 8.84946465e-01
    1.39168173e-01 6.23787701e-01 4.51533258e-01 3.75475109e-01
    9.24087524e-01 6.00820422e-01 6.05763435e-01 1.42514706e-01
    2.29407459e-01 2.13663191e-01 1.37711376e-01 8.35227787e-01
    8.50430608e-01 6.85787201e-01 1.45502418e-01 3.86809200e-01
    8.54141831e-01 7.61164188e-01 2.60810673e-01 6.55209363e-01
    9.85630274e-01 9.06103969e-01 9.50898826e-02 4.74134356e-01
    9.75487053e-01 8.86502743e-01 4.17029738e-01 7.69705772e-01
    9.81732368e-01 1.56237692e-01 1.55620664e-01 1.49850190e-01
    6.49867117e-01 3.30146611e-01 4.78169322e-03 6.48334146e-01
    9.16883111e-01 3.39684486e-01 1.25517905e-01 3.67201000e-01
    2.84934402e-01 2.13809699e-01 6.21531188e-01 9.11091924e-01
    5.91221631e-01 9.83243346e-01 7.34761000e-01 1.47676170e-02
    2.79014111e-02 7.44216561e-01 4.35002327e-01 2.31724381e-01
    2.43452907e-01 8.60245466e-01 9.58078265e-01 1.82262897e-01
    7.71934688e-01 8.50268424e-01 3.46875429e-01 5.40420949e-01
    5.12577176e-01 8.14521074e-01 9.08242345e-01 5.54693460e-01
    5.65976977e-01 1.14876032e-01 6.44881129e-01 3.45445424e-01
    2.59818345e-01 9.08616483e-01 7.17685997e-01 5.72086573e-02
    5.74626625e-01 2.05874860e-01 3.73538196e-01 7.55146742e-01
    9.48519230e-01 7.75690854e-01 5.25803804e-01 1.31521225e-01
    8.60959411e-01 2.78857350e-02 5.03331125e-02 8.72159362e-01
    1.49637967e-01 4.14782077e-01 2.08331168e-01 6.55128419e-01
    9.29458261e-01 3.59117031e-01 8.78891051e-02 9.45844054e-02
    2.91408747e-01 2.61793554e-01 9.33026314e-01 6.16310656e-01
    4.52663988e-01 7.70882487e-01 6.88439250e-01 3.67789090e-01
    3.70965719e-01 4.98472482e-01 5.74439287e-01 8.62937927e-01
    3.00549060e-01 7.69523621e-01 8.56895208e-01 7.58508444e-01
    6.09207869e-01 9.84064043e-01 6.03693902e-01 5.74872136e-01
    1.64421231e-01 1.20890737e-01 3.14883530e-01 8.55497777e-01
    1.56635314e-01 1.40384465e-01 3.33159626e-01 3.12798917e-02
    3.59142423e-02 2.51292467e-01 7.68803954e-01 9.53555822e-01
    1.65645182e-01 1.73879057e-01 8.70696187e-01 4.01854366e-01
    6.49788141e-01 4.43651676e-02 1.16168737e-01 8.93411279e-01
    6.65303230e-01 5.45967162e-01 9.22170281e-03 4.84074354e-02
    2.34149337e-01 4.57955718e-01 5.28263450e-01 9.71795082e-01
    9.18652296e-01 1.87090427e-01 3.93064320e-01 5.48035979e-01
    8.67333174e-01 8.20571184e-01 5.43756306e-01 1.46461099e-01
    2.88474262e-02 5.80725074e-01 9.06093478e-01 2.49778211e-01
    7.22606063e-01 1.79562062e-01 8.52715552e-01 4.09646034e-01
    3.25290948e-01 6.35937989e-01 8.94354761e-01 1.46283925e-01
    2.74221957e-01 7.59076774e-02 5.79523504e-01 6.05922937e-02
    8.13145816e-01 9.98707175e-01 5.25159776e-01 5.50162017e-01
    5.74036360e-01 6.16962731e-01 9.93055582e-01 3.24251354e-01
    2.98170656e-01 2.16931373e-01 3.59746784e-01 5.27775049e-01
    9.14626002e-01 8.31743956e-01 4.03263867e-02 3.70798916e-01
    2.90714741e-01 6.91966116e-01 8.75049412e-01 6.40772045e-01
    5.14956415e-02 5.41098416e-01 1.69741333e-01 5.02035558e-01
    5.60233235e-01 8.30574036e-01 9.78934884e-01 2.95932293e-02
    3.04869443e-01 1.47135019e-01 5.87010503e-01 8.84985685e-01
    7.86071122e-01 6.27692342e-02 2.89617807e-01 2.33211815e-01
    3.24660480e-01 6.97865665e-01 1.08710170e-01 4.54073042e-01
    8.72701049e-01 9.93074059e-01 1.96107328e-02 4.46193457e-01
    4.51408863e-01 7.84805298e-01 4.35349196e-01 1.77233905e-01
    5.79089046e-01 3.64916086e-01 3.26580703e-02 7.04879820e-01
    6.03889763e-01 4.80487138e-01 4.28169727e-01 7.35479712e-01
    3.66553664e-03 6.62005723e-01 1.61745012e-01 3.82350564e-01
    4.23683435e-01 3.65299284e-01 3.72228205e-01 5.32989502e-01
    7.32700109e-01 6.88327491e-01 9.77931678e-01 8.49484205e-01
    5.30281067e-02 2.45882481e-01 7.09334016e-01 1.42739177e-01
    3.53231043e-01 8.46721530e-01 1.05138272e-01 5.31034768e-01
    3.59681427e-01 6.06734097e-01 6.74366534e-01 7.61606097e-01
    1.00908130e-01 2.26876169e-01 4.91937220e-01 5.85568190e-01
    8.90361607e-01 2.60980248e-01 2.46237993e-01 3.86748135e-01
    8.55912030e-01 5.35748184e-01 9.79918718e-01 8.97638559e-01
    4.48473811e-01 8.27946663e-02 1.40511394e-01 5.35662711e-01
    8.84878874e-01 3.64628792e-01 5.40140152e-01 1.24030709e-01
    3.89046639e-01 3.98925215e-01 5.85446179e-01 9.50797021e-01
    2.24580586e-01 2.11839706e-01 9.42989111e-01 9.06720459e-02
    6.54358864e-02 9.27273929e-02 7.08280742e-01 1.44241512e-01
    2.36717492e-01 2.85090208e-01 5.68253636e-01 6.79559588e-01
    7.61877656e-01 8.30776274e-01 2.65836835e-01 1.03001326e-01
    5.29662609e-01 6.96589351e-01 7.07092941e-01 5.47563910e-01
    8.94250810e-01 8.67789388e-02 3.32408100e-01 5.99175572e-01
    8.24531019e-01 4.95687217e-01 2.88129210e-01 5.68911552e-01
    5.02525091e-01 2.24074632e-01 7.38121629e-01 1.02513105e-01
    1.89813793e-01 7.35781014e-01 1.74704909e-01 3.28158438e-01
    6.46072567e-01 2.07895637e-02 2.08434701e-01 9.68549192e-01
    1.17977232e-01 7.37951636e-01 6.48568392e-01 7.67576396e-02
    3.95007014e-01 4.78292614e-01 6.32087529e-01 6.42781258e-01
    6.62802935e-01 7.59733617e-02 4.82563496e-01 9.66030419e-01
    7.29083180e-01 5.52692950e-01 8.45734954e-01 3.63115609e-01
    9.19634700e-01 6.85132682e-01 2.59806097e-01 5.08613944e-01
    6.62068129e-02 2.32624739e-01 3.24236453e-01 3.54694784e-01
    4.30932999e-01 3.33020985e-02 2.00454712e-01 9.83192384e-01
    8.99850845e-01 4.20971215e-02 7.40087867e-01 1.93218827e-01
    7.69478440e-01 5.17818034e-01 1.06985688e-01 8.14191222e-01
    5.14652014e-01 2.10876435e-01 6.48799717e-01 7.34500468e-01
    2.88681477e-01 7.58230984e-02 8.16803336e-01 2.55264282e-01
    9.91136432e-01 3.45875502e-01 6.72410488e-01 1.89583123e-01
    6.04295015e-01 5.32837212e-02 8.30397248e-01 6.92656457e-01
    6.71910882e-01 1.21913254e-02 1.61461204e-01 6.29753947e-01
    8.70325089e-01 2.83684105e-01 1.47900105e-01 5.80882192e-01
    1.35529995e-01 9.24154758e-01 3.12724710e-02 3.89185637e-01
    8.44888210e-01 4.88151580e-01 6.88591301e-01 5.80471277e-01
    5.19796848e-01 3.98426950e-02 4.80785042e-01 4.67631221e-02
    8.93435359e-01 2.95959353e-01 9.62419689e-01 5.90067208e-01
    6.95248544e-01 4.65991914e-01 8.00154805e-01 7.20677316e-01
    1.92962140e-01 7.10410535e-01 1.75563663e-01 3.34963202e-02
    8.94064307e-01 7.06533670e-01 6.73640728e-01 6.50243640e-01
    2.60806680e-01 7.44799852e-01 6.88763678e-01 4.80286211e-01
    6.22152925e-01 8.46720338e-01 9.25285518e-01 9.66402888e-02
    1.27874553e-01 8.14870000e-01 2.32651532e-01 1.65627927e-01
    3.99491698e-01 9.70452964e-01 4.42474246e-01 7.74355769e-01
    3.59412193e-01 4.12390172e-01 4.22811806e-01 4.53693837e-01
    7.31463671e-01 4.50771570e-01 3.97261202e-01 5.60289443e-01
    6.76701069e-01 6.27323508e-01 9.09398377e-01 2.46856630e-01
    9.38424766e-01 7.36715674e-01 8.07435513e-01 5.36811233e-01
    2.68306196e-01 3.87168348e-01 8.55716944e-01 4.25925851e-01
    3.60032320e-02 7.62443900e-01 2.98466206e-01 5.43160677e-01
    8.41218829e-01 1.26294971e-01 7.88643003e-01 4.73997653e-01
    2.20957249e-01 2.79541612e-02 9.22475457e-01 3.11114490e-02
    2.71635950e-02 7.21426249e-01 7.51860917e-01 6.89369440e-01
    8.03552747e-01 7.64594913e-01 6.74027920e-01 2.12311536e-01
    7.52848804e-01 8.79250169e-01 8.21232796e-01 7.57789433e-01
    6.87639236e-01 6.66122437e-01 3.09953749e-01 8.94632578e-01
    4.42796946e-03 7.52435744e-01 8.96377563e-01 5.29814959e-01
    1.94822967e-01 1.75662965e-01 9.22932446e-01 6.19517028e-01
    8.65502417e-01 7.63249636e-01 1.09654218e-01 6.34028375e-01
    7.35645413e-01 3.65402818e-01 1.28630668e-01 4.03406173e-01
    5.38135886e-01 1.37811691e-01 8.99315357e-01 8.92718315e-01
    4.09343004e-01 3.89020413e-01 6.99129581e-01 6.31757259e-01
    1.51026070e-01 6.82664156e-01 7.77777433e-01 9.64406133e-01
    3.22448194e-01 2.70710498e-01 4.90377575e-01 9.66870785e-02
    1.07653707e-01 9.86233175e-01 1.68568552e-01 4.82335269e-01
    1.25816613e-01 5.91135025e-01 5.76202810e-01 3.28124285e-01
    5.50107062e-01 3.31447691e-01 8.13612103e-01 2.45395631e-01
    9.50291872e-01 2.29424298e-01 7.31398463e-01 2.61944354e-01
    1.62314177e-01 4.94021565e-01 7.79428601e-01 5.07618368e-01
    9.47478533e-01 7.70229936e-01 5.12234509e-01 3.43772948e-01
    6.71620131e-01 9.43689466e-01 1.38479441e-01 4.55289423e-01
    5.64801633e-01 7.48666525e-02 9.52037930e-01 9.77975607e-01
    2.54954636e-01 1.40453160e-01 7.63610065e-01 2.49832779e-01
    7.21025825e-01 3.46312642e-01 6.18514359e-01 7.91439891e-01
    7.47772455e-01 1.55883610e-01 9.11648750e-01 8.38638663e-01
    7.31882811e-01 9.47891474e-01 8.82104635e-01 2.63101339e-01
    8.72618318e-01 7.32505679e-01 9.39266682e-01 5.37624419e-01
    4.43754882e-01 2.10569441e-01 1.70207977e-01 7.10411012e-01
    5.56961715e-01 2.87290901e-01 9.46021557e-01 8.32243562e-01
    8.24701309e-01 9.17106032e-01 6.72411859e-01 1.35601491e-01
    4.08078045e-01 8.56433272e-01 5.57697713e-01 6.08076274e-01
    3.41494679e-01 4.40142334e-01 5.99877596e-01 7.07490206e-01
    5.91469824e-01 8.44504833e-01 4.81508315e-01 2.39441425e-01
    4.63260919e-01 7.56644905e-02 9.27584350e-01 1.88580900e-01
    4.67755139e-01 3.22333038e-01 1.11473411e-01 5.68280101e-01
    9.93563473e-01 4.19116318e-01 3.57951462e-01 4.05343235e-01
    3.07574928e-01 3.93104464e-01 4.88050014e-01 2.81307399e-02
    4.07028615e-01 6.58773780e-01 9.72308636e-01 7.70988941e-01
    1.73222661e-01 8.59432578e-01 9.03367937e-01 1.04725540e-01
    4.40419316e-02 2.79454708e-01 4.61674988e-01 5.43373227e-01
    5.92729688e-01 9.19854641e-01 6.91249728e-01 5.49996078e-01
    5.83899736e-01 4.12408501e-01 6.87512159e-01 7.08622277e-01
    3.12434733e-01 6.39968872e-01 1.20515674e-01 2.97153771e-01
    2.87209153e-02 3.67678225e-01 2.47889638e-01 3.82232875e-01
    2.18872994e-01 9.30105984e-01 2.30606049e-01 8.82636189e-01
    3.75514865e-01 6.86852336e-02 6.13572538e-01 2.58693159e-01
    9.43973958e-01 1.02318645e-01 5.78898072e-01 5.44002235e-01
    1.80607438e-02 6.80850029e-01 8.85109305e-02 1.22760534e-01
    8.51322949e-01 6.98728263e-02 3.88603926e-01 6.54197514e-01
    9.78959739e-01 8.15494359e-02 2.84295082e-02 7.21653402e-02
    9.41887975e-01 5.80619156e-01 3.14938545e-01 8.38684678e-01
    1.44863129e-03 4.36493546e-01 1.24779254e-01 1.99567646e-01
    6.66363537e-01 5.46825290e-01 9.31029558e-01 1.57294959e-01
    2.75424868e-01 5.79116106e-01 1.49340272e-01 7.70437479e-01
    7.43337393e-01 7.05249310e-01 3.16696316e-01 7.41147876e-01
    7.18145847e-01 1.23723447e-02 9.10700917e-01 3.49206060e-01
    8.09132516e-01 5.51388264e-02 9.09865499e-02 5.70277214e-01
    7.37829447e-01 3.50919485e-01 3.55086863e-01 9.88960207e-01
    3.15445334e-01 7.68429875e-01 3.51161927e-01 5.19296169e-01
    2.06971169e-01 9.13037896e-01 8.72348428e-01 6.37443066e-01
    8.50596070e-01 4.50366080e-01 1.46381646e-01 9.73717272e-01
    2.27778077e-01 6.38414383e-01 7.73450255e-01 8.38581800e-01
    6.27665281e-01 7.69348145e-01 2.55367875e-01 1.59414887e-01
    1.53101534e-01 7.70985365e-01 6.71935976e-01 8.71590137e-01
    4.89719242e-01 4.31811810e-03 2.66094059e-01 2.94376165e-01
    2.90603757e-01 9.71086979e-01 8.98929238e-01 3.50391924e-01
    7.50444293e-01 2.31798619e-01 6.06881380e-01 3.21662188e-01
    6.64471924e-01 5.23270130e-01 8.03489327e-01 7.29885936e-01
    4.74540383e-01 9.72593486e-01 3.82328302e-01 3.36858332e-02
    6.90339446e-01 6.92246556e-01 9.72728729e-01 1.35229170e-01
    6.71655834e-02 8.09743047e-01 1.52725190e-01 5.98568678e-01
    4.15392756e-01 9.95823145e-01 4.93272692e-01 2.26663262e-01
    1.53599977e-01 5.82805157e-01 2.18390346e-01 7.49046683e-01
    7.95153677e-02 3.71514291e-01 1.13135815e-01 2.61251867e-01
    1.01592541e-01 4.10788327e-01 9.41654146e-02 3.97195101e-01
    1.95280075e-01 9.60495353e-01 3.80400479e-01 2.47337431e-01
    3.36561829e-01 8.79368901e-01 5.82740009e-01 1.71493053e-01
    2.82299876e-01 8.85191679e-01 8.53296697e-01 5.17543793e-01
    1.41516626e-01 9.07852650e-01 4.20187294e-01 4.20561463e-01
    8.65215659e-01 3.40823293e-01 1.79959953e-01 9.55650806e-02
    4.14994657e-02 4.27977741e-02 9.88631725e-01 2.17378885e-01
    3.81163239e-01 5.21820784e-01 3.38436723e-01 2.60261983e-01
    2.19259501e-01 7.31210709e-02 5.91031373e-01 9.99964595e-01
    8.96370113e-02 8.53457093e-01 3.84823203e-01 4.50319350e-02
    9.04161215e-01 4.46551710e-01 5.40157437e-01 5.25056124e-01
    3.99998963e-01 4.70212847e-01 5.40397406e-01 1.29042387e-01
    7.51655579e-01 7.50419140e-01 4.96344298e-01 5.72481990e-01
    3.41438174e-01 3.95115316e-02 6.44250512e-01 4.03848588e-01
    4.90990758e-01 6.68708086e-02 2.32030362e-01 5.40600657e-01
    8.99900079e-01 7.53804147e-02 7.21977532e-01 1.87486410e-02
    7.00095892e-02 3.77058625e-01 5.52118838e-01 3.31074238e-01
    8.69270921e-01 3.99043560e-01 5.23462892e-03 4.47647184e-01
    5.52207828e-01 7.07674861e-01 1.65844262e-01 9.05080318e-01
    8.77885222e-01 2.08137691e-01 1.05274349e-01 9.51664448e-01
    2.75153458e-01 4.27310228e-01 6.46789432e-01 9.99965549e-01
    1.94230884e-01 2.90574849e-01 7.57286489e-01 3.44284177e-02
    2.92652249e-01 6.48750603e-01 5.75328231e-01 6.37048781e-01
    1.10628963e-01 7.49746144e-01 1.34770572e-01 2.31232136e-01
    1.06032103e-01 4.40880179e-01 2.91057050e-01 6.63729608e-01
    4.87564653e-01 1.05222344e-01 9.51125920e-02 2.71153450e-03
    6.37686968e-01 7.19619751e-01 1.42557472e-01 1.77408040e-01
    9.75900412e-01 7.39870310e-01 8.55424941e-01 9.34250236e-01
    7.23652124e-01 4.04650033e-01 9.55211282e-01 5.74191213e-01
    4.42201108e-01 7.69951463e-01 9.98541236e-01 2.37889081e-01
    2.50049412e-01 8.29982400e-01 2.21791804e-01 5.47203124e-01
    3.81862521e-02 8.04942727e-01 2.53998637e-01 2.44935095e-01
    7.58744478e-02 5.10019243e-01 4.86432105e-01 4.26184237e-01
    4.34262455e-02 1.66992456e-01 7.87901044e-01 7.50802994e-01
    6.81511641e-01 6.27741814e-02 8.60568047e-01 7.32102990e-01
    1.82494521e-02 5.69265723e-01 1.46801293e-01 4.11678374e-01
    2.54896522e-01 9.35536265e-01 4.10168529e-01 8.19888711e-01
    3.23062092e-01 4.57046092e-01 5.82652152e-01 1.53629303e-01
    3.86263490e-01 7.64676571e-01 6.38925195e-01 9.03920770e-01
    3.05157900e-01 6.00627065e-03 5.45665205e-01 3.95472169e-01
    4.54135805e-01 9.99939680e-01 3.01922381e-01 8.81975293e-02
    9.06957865e-01 8.11262429e-01 8.14689159e-01 1.45734012e-01
    7.62600422e-01 4.08210427e-01 9.70447898e-01 9.46925759e-01
    7.84516096e-01 8.74350190e-01 2.26739615e-01 7.05766857e-01
    4.04934585e-01 3.62623036e-02 8.04991901e-01 5.25562227e-01
    3.74076962e-01 2.26339996e-01 9.69447374e-01 5.37505627e-01
    6.59206390e-01 6.35630965e-01 7.75362611e-01 1.77317262e-01
    1.54068261e-01 2.37714261e-01 2.67017126e-01 4.50024903e-01
    6.24095201e-01 2.40516514e-01 9.85415280e-01 1.77537501e-01
    1.58475637e-02 6.28618956e-01 3.15205216e-01 7.02135742e-01
    6.37396574e-02 4.92957622e-01 9.67479408e-01 2.29205191e-01
    2.79664814e-01 8.13465893e-01 1.23026818e-01 9.12542939e-01
    4.13440287e-01 1.70634240e-01 2.30094761e-01 2.50661373e-01
    4.34182286e-01 6.56229317e-01 4.13530707e-01 7.21180737e-01
    2.72622734e-01 4.49379265e-01 3.30275238e-01 7.15919554e-01
    1.43161058e-01 5.75124741e-01 3.42229843e-01 4.56686258e-01
    9.61472631e-01 5.82905769e-01 3.53993237e-01 8.56509805e-01
    4.93932009e-01 6.69738412e-01 1.70904517e-01 8.79957020e-01
    9.05697405e-01 5.98624766e-01 2.62299389e-01 8.32644403e-01
    4.89449680e-01 9.90059853e-01 9.38393950e-01 4.12023246e-01
    9.38064694e-01 1.15280002e-01 5.11752725e-01 7.71957040e-01
    4.79891539e-01 6.41453266e-01 4.25667018e-01 8.45257044e-01
    9.16374028e-01 9.80225980e-01 9.22942162e-02 8.53063881e-01
    9.96668100e-01 3.90985012e-01 6.35188460e-01 2.34093726e-01
    5.87574840e-01 6.25573575e-01 1.11549616e-01 5.46418071e-01
    7.86170900e-01 9.52622652e-01 7.65309513e-01 1.43211216e-01
    3.77610028e-01 8.54587853e-01 6.16800785e-03 9.86818790e-01
    5.80976129e-01 5.04909992e-01 5.88712394e-01 6.11332595e-01
    5.25413811e-01 4.97166783e-01 4.79177564e-01 2.26917654e-01
    3.12939227e-01 6.58355117e-01 9.42709386e-01 5.16898632e-01
    5.14793575e-01 7.72401810e-01 4.38539982e-02 9.86191154e-01
    2.14092493e-01 2.74834037e-03 3.75249594e-01 2.81159401e-01
    1.05859607e-01 4.37334388e-01 6.44195795e-01 1.06933713e-03
    2.20015883e-01 2.02011079e-01 1.66211754e-01 5.99857092e-01
    7.50271380e-01 3.50060046e-01 6.08725905e-01 3.31093609e-01
    4.56343353e-01 5.39201081e-01 9.53127980e-01 5.41696310e-01
    4.96940196e-01 5.57798862e-01 2.03502715e-01 3.86088312e-01
    9.50630128e-01 5.86608469e-01 7.20065892e-01 6.31516218e-01
    4.92116064e-01 1.89868569e-01 4.80185032e-01 4.02474105e-02
    1.35002762e-01 6.03839993e-01 6.93863928e-01 8.89864445e-01
    4.25416589e-01 5.32285750e-01 7.35065758e-01 9.12765503e-01
    7.75200367e-01 6.44366980e-01 9.65641856e-01 5.33759594e-02
    1.77115500e-02 6.71952605e-01 2.55199373e-01 7.51283050e-01
    3.39713752e-01 8.73417377e-01 8.11308563e-01 9.45887029e-01
    1.60869658e-01 5.65534234e-02 2.02791929e-01 8.49410474e-01
    1.00860029e-01 4.33580488e-01 2.34980643e-01 9.34997559e-01
    5.64783037e-01 4.63717580e-02 1.69063359e-01 1.24795496e-01
    1.75773203e-02 7.55956173e-02 4.80710745e-01 4.73461479e-01
    4.40462977e-01 3.86320651e-01 7.08634019e-01 7.50946403e-02
    8.46731663e-01 7.47907758e-01 8.77094448e-01 1.94052160e-02
    4.69335884e-01 2.21363157e-01 9.08421755e-01 9.93226290e-01
    4.36569452e-02 6.47925258e-01 2.64049858e-01 6.33946657e-01
    6.01989329e-01 8.65141392e-01 2.77521253e-01 4.20405418e-01
    8.59794259e-01 3.37153673e-04 1.54512435e-01 9.85059440e-02
    4.50841129e-01 1.63761467e-01 9.28802371e-01 5.25465012e-02
    4.92307454e-01 7.16257334e-01 2.33363926e-01 4.44557071e-01
    8.21767390e-01 6.80574656e-01 8.99313509e-01 5.27304471e-01
    7.75670767e-01 6.14573181e-01 2.24304944e-01 3.52106988e-01
    2.85866141e-01 4.54504579e-01 5.83316088e-01 3.77635956e-01
    2.31119931e-01 7.99899280e-01 7.39886284e-01 8.63191247e-01
    5.93120158e-02 2.32057869e-01 9.85327244e-01 3.08374166e-02
    1.78521961e-01 5.95699370e-01 9.86945629e-01 5.53549826e-02
    9.89509583e-01 2.20735073e-02 3.20510983e-01 6.11459136e-01
    2.98745751e-01 9.06969666e-01 2.26253867e-01 5.76563239e-01
    9.65638816e-01 6.02034569e-01 2.99987257e-01 8.98945034e-01
    7.98120081e-01 8.92719626e-01 1.81812704e-01 1.84184521e-01
    9.52028394e-01 8.33253264e-01 2.92274952e-01 3.59833300e-01
    6.96617484e-01 9.57708716e-01 5.35682142e-01 4.60452884e-01
    3.84807676e-01 7.13190734e-02 4.59721535e-01 5.79977453e-01
    8.01200509e-01 6.32376313e-01 9.37085867e-01 6.43394887e-01
    7.49531627e-01 6.73211396e-01 1.23393238e-02 8.14439356e-01
    2.31293112e-01 3.76558304e-03 6.27276897e-01 5.05955279e-01
    6.97534561e-01 6.29619539e-01 4.31970954e-01 3.35521996e-02
    8.18120718e-01 5.04019201e-01 3.29502165e-01 4.56963986e-01
    6.03904665e-01 8.70778799e-01 2.07313329e-01 1.13373905e-01
    7.36101627e-01 6.93812072e-01 5.47064543e-02 4.88004625e-01
    1.79081410e-01 9.38103557e-01 4.16007280e-01 6.49088025e-01
    2.25998461e-02 4.05486435e-01 5.19531369e-01 9.14502919e-01
    7.89368570e-01 4.57392097e-01 4.40896064e-01 2.86725283e-01
    4.58021581e-01 2.45303899e-01 2.36595273e-01 5.17695069e-01
    4.77030933e-01 2.85165012e-02 8.37122142e-01 6.41052425e-01
    4.42978501e-01 4.34538662e-01 4.86798286e-01 8.47209811e-01
    2.78761506e-01 9.61496830e-01 9.37985301e-01 9.31818783e-01
    9.23220396e-01 5.63316524e-01 7.48380721e-01 8.02578092e-01
    3.83095741e-01 5.74117959e-01 8.23169827e-01 4.58527267e-01
    5.67167461e-01 1.36790246e-01 9.04862881e-01 5.86126685e-01
    2.84743130e-01 3.15343320e-01 7.03983068e-01 7.81761885e-01
    4.90852535e-01 4.50738579e-01 1.73817605e-01 4.42476958e-01
    3.28436315e-01 8.76026630e-01 8.01954031e-01 3.80365759e-01
    2.57380664e-01 3.99247974e-01 2.99224794e-01 5.81166744e-01
    1.66016042e-01 7.70878196e-02 5.36113381e-01 4.23441857e-01
    8.80629539e-01 8.18190455e-01 5.62091768e-02 8.28675866e-01
    4.09160793e-01 3.05683851e-01 7.26896822e-01 9.06920314e-01
    7.67657161e-02 5.30454636e-01 2.76353955e-02 1.83323175e-01
    1.78629279e-01 5.56976855e-01 6.32323802e-01 6.18844926e-01
    7.07887769e-01 2.54782557e-01 4.69637454e-01 8.64755809e-02
    2.50653267e-01 1.65727168e-01 9.52429891e-01 4.11865294e-01
    7.67564654e-01 9.37092423e-01 4.32323396e-01 6.32526219e-01
    6.66591525e-01 7.82455266e-01 8.39825511e-01 7.11386681e-01
    8.57648373e-01 3.78586650e-01 8.57588410e-01 7.79565096e-01
    4.52256680e-01 6.16493285e-01 4.06475216e-01 9.94162261e-02
    1.16881371e-01 3.92255187e-02 8.70772541e-01 1.16790324e-01
    5.69969356e-01 2.18983650e-01 8.80957484e-01 2.78229713e-01
    7.40915537e-01 4.50777799e-01 2.49527335e-01 2.01288700e-01
    6.80220604e-01 6.18313134e-01 5.34648955e-01 8.69539380e-02
    8.62363935e-01 8.19300234e-01 6.46932304e-01 2.21631825e-01
    3.12774599e-01 6.47849441e-01 2.04100460e-01 2.17089415e-01
    3.37515533e-01 7.13863552e-01 2.92090744e-01 4.73817319e-01
    6.10616863e-01 1.45952910e-01 9.24896836e-01 7.87781060e-01
    8.16032410e-01 9.93060231e-01 4.36803699e-01 7.12118804e-01
    4.05622125e-01 9.81338501e-01 5.71000993e-01 9.95110273e-01
    2.30211258e-01 5.46419024e-02 8.52649570e-01 6.18445158e-01
    1.77139163e-01 6.42788529e-01 7.93498933e-01 3.17153931e-01
    9.36319649e-01 4.36443865e-01 2.87203491e-01 4.13642466e-01
    3.51432085e-01 2.95351326e-01 7.37697721e-01 9.02951896e-01
    4.30800319e-01 5.49719214e-01 4.78814811e-01 7.47063041e-01
    7.37287283e-01 3.63470346e-01 5.55890620e-01 3.38200629e-01
    9.25041080e-01 4.81720865e-01 2.74844706e-01 4.39106524e-01
    5.04730046e-01 7.17763126e-01 5.14581800e-03 7.33131409e-01
    6.67645872e-01 2.83074796e-01 5.66661835e-01 5.62002301e-01
    5.66376686e-01 4.39735472e-01 3.32004100e-01 5.53851724e-01
    2.11396784e-01 3.98630321e-01 8.73466253e-01 1.17828459e-01
    4.70438302e-02 5.74489176e-01 8.21282566e-01 6.68649554e-01
    2.71770746e-01 9.21072960e-01 5.76264799e-01 8.84690464e-01
    5.99565208e-01 5.28457761e-01 3.95493448e-01 2.57049322e-01
    5.83566487e-01 5.87270439e-01 9.63379920e-01 6.66762471e-01
    2.43566930e-02 7.60700107e-01 3.86565059e-01 9.28325236e-01
    8.88020873e-01 7.80939400e-01 4.48906839e-01 1.40538812e-03
    3.92837048e-01 4.00984198e-01 8.24790120e-01 9.98665690e-02
    8.77891302e-01 6.54735267e-01 8.00344586e-01 4.01719719e-01
    4.23645198e-01 8.48991871e-01 4.16966319e-01 7.97122121e-01
    7.80062914e-01 4.19913888e-01 1.38985485e-01 4.75595802e-01
    3.47046673e-01 8.46986651e-01 2.37390280e-01 6.55528069e-01
    6.96029305e-01 3.92114699e-01 8.06901217e-01 7.63245225e-01
    7.91293502e-01 7.46051252e-01 5.19372225e-01 5.66793084e-01
    4.11623627e-01 5.41171968e-01 8.51512313e-01 4.53040957e-01
    6.67506754e-02 7.22793579e-01 8.15886736e-01 4.80007708e-01
    6.28857374e-01 5.79518080e-01 6.85089827e-03 1.66782767e-01
    4.67518449e-01 8.80845428e-01 3.84627521e-01 3.33229601e-01
    7.16765821e-01 1.54139578e-01 2.02533394e-01 5.32873809e-01
    4.17807549e-01 6.39307857e-01 7.66811728e-01 9.27190065e-01
    9.85569119e-01 6.05667293e-01 1.30805194e-01 8.54290009e-01
    5.78340888e-01 3.29535246e-01 5.23828685e-01 4.17432904e-01
    9.46796179e-01 1.91971302e-01 3.23436558e-01 8.51638496e-01
    6.91486418e-01 3.88052106e-01 7.77460515e-01 7.37815857e-01
    7.33167231e-01 6.75821602e-02 6.28137231e-01 1.66813642e-01
    8.71006250e-02 3.15731317e-01 6.00348711e-01 9.29712296e-01
    2.58573025e-01 7.49824524e-01 1.23178959e-03 3.52813601e-01
    5.47553301e-01 9.62876439e-01 8.02931786e-01 7.58501768e-01
    2.51084983e-01 3.98113430e-02 7.97633767e-01 2.43024647e-01
    4.88466769e-01 6.82945073e-01 9.44070339e-01 8.32391262e-01
    2.38504857e-01 3.38098764e-01 5.18273771e-01 3.30482572e-01
    2.60302782e-01 9.69690681e-01 5.97407520e-01 2.53882408e-01
    1.75833702e-05 9.42074895e-01 8.16129923e-01 4.36385810e-01
    9.45522070e-01 8.97796512e-01 1.42316520e-01 2.26084501e-01
    6.59898639e-01 8.70978415e-01 9.16605890e-01 7.34912753e-01
    1.68023944e-01 6.60070121e-01 3.53857040e-01 3.08551192e-02
    9.23820496e-01 2.99215972e-01 9.87405539e-01 7.07720935e-01
    4.14467871e-01 8.04098248e-01 9.77687359e-01 1.22512579e-01
    1.06919706e-02 7.01149404e-01 8.27430367e-01 7.83712149e-01
    8.49374652e-01 2.75559336e-01 7.86475778e-01 8.23303342e-01
    6.66978955e-01 7.97418475e-01 5.05401254e-01 4.25882638e-02
    3.78238648e-01 2.42583185e-01 3.77954841e-01 3.43676329e-01
    3.85068387e-01 1.62561953e-01 3.31220508e-01 9.32401121e-01
    6.77611828e-01 9.11531925e-01 2.50145525e-01 1.68856770e-01
    6.08110368e-01 5.97808778e-01 8.68061066e-01 2.84233630e-01
    4.55165476e-01 3.88991386e-01 3.41642618e-01 5.08669376e-01
    9.61270452e-01 8.43697190e-02 5.67391515e-01 1.85916811e-01
    3.78881842e-01 6.81773186e-01 4.94867474e-01 9.90676641e-01
    7.61486411e-01 6.71109319e-01 1.07998550e-02 1.86142325e-01
    4.38551784e-01 7.16363549e-01 1.08454406e-01 1.51182711e-01
    5.77563703e-01 6.72992110e-01 7.84441710e-01 4.73911732e-01
    2.62038231e-01 9.79959249e-01 6.08582318e-01 2.83196568e-01
    8.83143723e-01 1.79147303e-01 5.03476560e-01 9.69176412e-01
    7.70114422e-01 8.82155657e-01 5.92327476e-01 4.96907622e-01
    9.87954855e-01 2.49417573e-01 6.68140590e-01 6.00114107e-01
    4.53369111e-01 3.46553087e-01 6.22023463e-01 4.01816368e-02
    5.24990499e-01 4.52842206e-01 4.45135713e-01 4.49832231e-01
    9.27238584e-01 8.28944266e-01 1.92031920e-01 9.34559226e-01
    2.76159406e-01 2.09454179e-01 9.19751883e-01 2.39922404e-02
    4.19806808e-01 1.91148400e-01 6.50788248e-01 1.27215117e-01
    8.84513140e-01 9.94917154e-01 5.38404822e-01 8.45119655e-01
    1.12550586e-01 8.84367824e-01 5.32436609e-01 9.59804177e-01
    5.46067536e-01 2.61567414e-01 7.64060378e-01 7.79200673e-01
    4.77186322e-01 3.03057313e-01 7.10624337e-01 8.98251653e-01
    6.59007907e-01 2.19320804e-01 8.18003774e-01 5.48104346e-01
    6.47029638e-01 9.65783238e-01 3.39980125e-01 1.44158870e-01
    5.43666005e-01 6.73172235e-01 2.89662540e-01 4.56657112e-02
    5.03303468e-01 8.85095835e-01 9.71796811e-02 1.85055166e-01
    3.03256154e-01 7.27777183e-02 6.48240387e-01 7.09516466e-01
    7.86160350e-01 1.93186760e-01 5.49223125e-02 6.14411891e-01
    9.26964283e-01 1.22819841e-01 6.98216200e-01 4.72131938e-01
    7.56035447e-01 7.77708292e-02 5.34035981e-01 3.14439893e-01
    6.04913831e-01 8.10453832e-01 1.69277191e-05 2.11043388e-01
    2.66632497e-01 3.25151443e-01 2.80659914e-01 1.24990821e-01
    2.23104924e-01 1.48726851e-01 6.83222711e-01 9.26264822e-01
    4.51081425e-01 1.54923946e-01 6.67176127e-01 9.49287653e-01
    8.98445964e-01 2.58319736e-01 7.66467154e-01 1.81709290e-01
    1.95261717e-01 9.42779541e-01 1.03425384e-02 7.62383938e-01
    3.49117815e-02 7.97829986e-01 4.78960216e-01 6.86864614e-01
    6.72342837e-01 1.25216037e-01 2.39524692e-01 5.66318333e-01
    2.37904638e-01 6.67123377e-01 8.39462638e-01 3.86482418e-01
    1.24376148e-01 1.73390061e-01 9.35779929e-01 4.13758218e-01
    7.01387823e-02 2.33226448e-01 7.79719412e-01 2.91739345e-01
    7.21367478e-01 2.33453810e-02 3.19656730e-02 8.66213441e-03
    7.62003839e-01 8.14818561e-01 3.11898828e-01 8.88756335e-01
    1.54605806e-02 7.72004366e-01 9.87976670e-01 5.04998267e-01
    2.29429483e-01 2.67184258e-01 9.96857762e-01 1.29148036e-01
    4.38156962e-01 4.04000312e-01 9.94874358e-01 8.05549383e-01
    6.48023188e-02 2.62644738e-01 6.05050862e-01 5.45795500e-01
    3.35687399e-01 3.15403551e-01 4.12444770e-01 5.79961181e-01
    2.47376740e-01 6.74140453e-01 3.09395641e-01 2.41995364e-01
    7.63463140e-01 8.83598566e-01 7.52302051e-01 7.96280026e-01
    2.72053361e-01 2.46150106e-01 1.22934371e-01 7.51731515e-01
    9.51628506e-01 5.97575128e-01 1.07187897e-01 9.23667073e-01
    7.06279218e-01 3.88043821e-02 8.66966486e-01 6.35713935e-01
    4.91530120e-01 8.69053483e-01 4.08848047e-01 7.07339406e-01
    4.15227890e-01 5.28123617e-01 3.87563914e-01 6.41520083e-01
    2.17657387e-02 1.40370369e-01 2.81074047e-01 4.29580629e-01
    2.36533761e-01 4.41947103e-01 1.23209804e-01 4.86873567e-01
    6.93672359e-01 5.49451888e-01 2.84015179e-01 9.11790133e-03
    1.29629672e-02 6.50573492e-01 8.06788921e-01 4.04321939e-01
    5.48536062e-01 3.12863141e-01 8.41261268e-01 1.97039545e-01
    4.77659702e-02 7.21248627e-01 7.89244652e-01 7.13248432e-01
    9.34753299e-01 6.46911979e-01 9.64199901e-01 3.59228164e-01
    1.45099372e-01 8.28823447e-03 6.14808202e-01 1.48600370e-01
    7.96739876e-01 7.46967852e-01 3.74852240e-01 4.63462651e-01
    9.53437507e-01 6.12615824e-01 6.56591117e-01 5.18422604e-01
    6.05434835e-01 5.66198766e-01 8.07659149e-01 4.79478598e-01
    4.18279111e-01 3.10303867e-02 7.34916151e-01 3.02285850e-01
    8.15796018e-01 1.00351453e-01 3.47548842e-01 8.30162168e-01
    7.29523122e-01 4.16485697e-01 5.42585671e-01 6.74617112e-01
    1.44817680e-01 1.91618353e-01 5.34633875e-01 6.02493823e-01
    1.93106115e-01 8.12815130e-02 1.91202432e-01 2.93227226e-01
    7.78328538e-01 3.09012234e-01 7.83253908e-02 6.05175555e-01
    7.50991225e-01 1.97872579e-01 6.99216247e-01 7.66846657e-01
    1.70639336e-01 7.54665136e-02 2.84494638e-01 1.30416512e-01
    5.15847087e-01 7.50827789e-01 8.75836313e-02 8.32760096e-01
    7.67178833e-01 8.99787605e-01 7.87973940e-01 4.05415356e-01
    1.73834532e-01 4.16844368e-01 8.76428246e-01 4.02028590e-01
    6.16642296e-01 1.57536209e-01 3.04408312e-01 2.49420226e-01
    5.99087834e-01 4.81525600e-01 6.85097575e-01 5.09778738e-01
    2.65048563e-01 8.20367217e-01 1.97935283e-01 7.61055350e-01
    4.63517964e-01 1.04686052e-01 3.98860633e-01 7.27555871e-01
    7.39110470e-01 8.47003579e-01 6.57500505e-01 6.93604350e-01
    2.29931593e-01 7.58838534e-01 5.41028798e-01 2.00825006e-01
    4.17232424e-01 6.02290690e-01 3.03436488e-01 6.17808402e-02
    4.27054763e-01 3.27460170e-01 1.07085735e-01 8.12578022e-01
    7.22946346e-01 6.37852609e-01 4.22732055e-01 4.96679395e-01
    3.49735647e-01 1.37117207e-02 7.88137674e-01 8.98043275e-01
    2.59293973e-01 4.71565425e-01 3.91627520e-01 8.49941492e-01
    5.04123449e-01 1.48900032e-01 7.37357378e-01 1.18943363e-01
    8.21526289e-01 5.91421604e-01 3.36502850e-01 6.92443848e-01
    1.09193385e-01 4.50501055e-01 2.50007808e-01 9.02390242e-01
    9.57979679e-01 1.65702939e-01 5.92573583e-01 1.35444880e-01
    5.97194910e-01 9.35157657e-01 1.12469196e-02 1.19386375e-01
    1.37151927e-01 8.76548588e-02 7.91156173e-01 1.81779355e-01
    9.51405764e-02 7.21825957e-01 8.61002684e-01 4.17410582e-01
    4.85134125e-01 5.18916190e-01 2.19288379e-01 3.80064785e-01
    5.03267229e-01 5.45753419e-01 9.72970247e-01 7.72351980e-01
    3.44332695e-01 6.96237445e-01 2.71975309e-01 9.40048873e-01
    4.99188244e-01 5.22143602e-01 7.88219213e-01 1.48294121e-01
    3.17009330e-01 4.38640952e-01 1.68780684e-01 2.98531413e-01
    5.73427498e-01 8.17013323e-01 2.88350999e-01 1.90306783e-01
    3.12911749e-01 8.69971991e-01 4.66777295e-01 9.30100083e-01
    4.43303972e-01 4.89873588e-01 1.86020643e-01 8.64721835e-02
    4.97412890e-01 3.24253082e-01 3.28520805e-01 2.86512703e-01
    2.37658232e-01 5.24315774e-01 6.16209209e-02 4.39080298e-02
    6.00758255e-01 4.93557751e-02 3.27922285e-01 7.26290822e-01
    8.92187834e-01 4.06613111e-01 8.36122036e-01 9.31167901e-01
    5.54920077e-01 2.23216295e-01 7.30323374e-01 9.31936681e-01
    4.24572349e-01 1.32281870e-01 2.08840072e-01 1.90789670e-01
    8.44048500e-01 4.89238709e-01 3.00512969e-01 5.71179032e-01
    8.70370328e-01 9.17457759e-01 5.93344390e-01 4.34943676e-01
    7.73909390e-01 3.07056248e-01 4.27208036e-01 1.61015093e-01
    8.32165718e-01 6.14530146e-02 3.85003865e-01 7.66996562e-01
    3.18551332e-01 7.02216625e-01 5.54119468e-01 8.72471809e-01
    8.61956477e-01 2.57645339e-01 7.78730512e-01 8.74126911e-01
    2.66963363e-01 8.15662742e-01 9.96767342e-01 2.23308861e-01
    5.68171620e-01 7.59794831e-01 8.05160940e-01 2.21552968e-01
    7.32759595e-01 7.13400483e-01 4.77212667e-03 9.15991426e-01
    4.59143907e-01 5.55848002e-01 8.73943865e-01 6.57982707e-01
    8.49915624e-01 6.58572555e-01 7.00733185e-01 3.38028610e-01
    7.80393004e-01 5.14521360e-01 1.82414383e-01 1.75589502e-01
    5.57417750e-01 6.45832002e-01 7.57381022e-01 2.01534897e-01
    6.62077665e-01 6.07347190e-02 8.96891057e-02 7.44422078e-01
    2.36174434e-01 8.48068357e-01 1.78941160e-01 2.48819083e-01
    7.58371949e-02 9.44602787e-02 5.10543585e-03 8.93150330e-01
    8.46557140e-01 2.49685943e-01 9.47090268e-01 3.48145872e-01
    6.94218874e-01 9.72006321e-02 1.85853720e-01 7.71839619e-01
    3.44449461e-01 5.10939062e-01 7.58432448e-01 7.00531006e-01
    7.41183817e-01 6.35074735e-01 8.41919780e-01 9.60314989e-01
    9.06244516e-01 6.20223463e-01 1.26261085e-01 5.38371563e-01
    1.82231963e-02 2.21900702e-01 5.88541389e-01 9.89196301e-01
    3.95949543e-01 6.50249481e-01 3.75271320e-01 6.74534380e-01
    1.86413676e-01 3.34077835e-01 4.62705225e-01 5.64638734e-01
    3.77685368e-01 9.00148511e-01 4.81323570e-01 4.75742668e-01
    7.77654409e-01 2.82473713e-01 6.10877156e-01 8.86561751e-01
    8.31655502e-01 6.58858418e-01 9.21227336e-01 9.74611998e-01
    8.33864987e-01 1.19881034e-01 5.37931323e-01 1.43862009e-01
    9.34768498e-01 9.62157249e-01 8.52115810e-01 4.05854881e-02
    6.37825549e-01 7.73675084e-01 4.44556594e-01 2.12794930e-01
    1.80639476e-01 5.49568176e-01 9.25708592e-01 3.09204400e-01
    5.90501606e-01 5.15959442e-01 6.31517053e-01 6.14845157e-02
    1.39836520e-01 5.53526580e-01 9.13327694e-01 2.50794053e-01
    3.27280939e-01 5.55865467e-02 2.65499979e-01 9.80201781e-01
    6.61636889e-01 4.76382971e-02 8.93455327e-01 3.51634622e-02
    8.28574657e-01 9.27240491e-01 8.53709340e-01 5.76086044e-01
    6.45081758e-01 5.62779903e-01 7.15781450e-01 4.82882351e-01
    3.90824318e-01 5.93304932e-01 4.37068820e-01 5.17941236e-01
    7.05238581e-01 5.91800928e-01 1.97727859e-01 7.22046673e-01
    4.19049561e-01 5.94062448e-01 4.52976257e-01 7.98976123e-01
    8.06378067e-01 4.75423664e-01 3.34377736e-01 6.58198833e-01
    4.10166681e-01 8.13962340e-01 3.42031658e-01 4.94630575e-01
    9.48961735e-01 7.07685649e-02 2.49122918e-01 5.92165112e-01
    5.29583871e-01 8.10898781e-01 8.80644619e-02 2.30093449e-01
    4.51405466e-01 4.92049128e-01 8.31700385e-01 5.40467620e-01
    6.16482079e-01 8.23153615e-01 8.78512561e-01 4.75792170e-01
    6.76272988e-01 2.49857217e-01 5.48045993e-01 2.04965949e-01
    9.82359171e-01 6.91629887e-01 1.09630555e-01 1.42271250e-01
    8.58720839e-01 4.64047372e-01 7.01919913e-01 8.54016840e-02
    1.31648183e-02 1.16298288e-01 7.00106800e-01 7.61869311e-01
    1.84670299e-01 6.47075295e-01 8.82411361e-01 9.19954479e-02
    6.69936955e-01 8.56109977e-01 2.24245936e-01 1.22298628e-01
    9.25999880e-01 9.07389283e-01 5.77794969e-01 1.93798542e-02
    4.59125578e-01 2.75983870e-01 6.09686852e-01 6.06109619e-01
    8.49083364e-01 4.85163689e-01 1.41920567e-01 7.11608529e-01
    8.56742561e-01 9.74971056e-02 1.40533507e-01 1.39485002e-01
    1.38967097e-01 2.13206857e-01 4.16003793e-01 7.63412833e-01
    2.52103686e-01 5.58890283e-01 8.32336664e-01 5.72979748e-01
    3.29486758e-01 2.74354517e-01 4.40479189e-01 8.62164497e-02
    6.19476736e-02 1.70529008e-01 2.57486045e-01 9.28391695e-01
    3.30251843e-01 2.77632475e-02 2.82864451e-01 1.18616045e-01
    9.92571354e-01 8.42005551e-01 8.52126420e-01 6.03253841e-02
    8.76492500e-01 1.25873476e-01 8.24432492e-01 2.91467071e-01
    7.96757340e-01 4.00141299e-01 8.93882036e-01 8.86756897e-01
    1.89376354e-01 5.95974207e-01 1.56876564e-01 3.12750697e-01
    2.34230310e-01 9.03275847e-01 8.90221298e-01 1.32271230e-01
    8.28298390e-01 3.75060767e-01 3.35398167e-01 8.29773188e-01
    5.18627405e-01 5.78326046e-01 8.01971436e-01 3.06824684e-01
    3.28765690e-01 5.83562732e-01 1.47882700e-01 7.51390696e-01
    7.44662225e-01 3.23493361e-01 1.43813401e-01 5.92994869e-01
    7.29873657e-01 3.54645610e-01 3.69828224e-01 4.35482919e-01
    6.11011505e-01 5.88769615e-01 9.62082267e-01 9.14485157e-02
    2.69783765e-01 8.38137865e-01 2.79623359e-01 9.52442050e-01
    3.44267488e-03 5.33006966e-01 4.05190885e-01 9.91376400e-01
    1.91431224e-01 3.34211528e-01 5.54859936e-02 3.51331025e-01
    9.19169784e-01 5.21409214e-02 3.52814227e-01 6.82633221e-01
    5.86272955e-01 3.00157338e-01 9.98469114e-01 5.77328026e-01
    9.76720214e-01 2.21662223e-02 3.35834771e-01 4.67155427e-01
    7.33518720e-01 6.86002016e-01 2.19400048e-01 6.41974509e-01
    6.56850696e-01 3.77988219e-01 1.31634533e-01 2.62578964e-01
    8.63073766e-01 2.06446648e-02 9.55119431e-02 2.99263179e-01
    6.80989981e-01 2.22850859e-01 2.09819317e-01 6.65797591e-01
    3.48087847e-02 6.60422444e-01 4.54905301e-01 5.32816112e-01
    4.06224430e-01 7.73051381e-03 9.36173201e-01 3.79315913e-01
    2.90315717e-01 7.77004182e-01 8.87902081e-01 3.68147075e-01
    2.86138713e-01 1.04993880e-02 5.76297522e-01 7.21499324e-01
    6.03120387e-01 8.34323525e-01 7.36725748e-01 5.20775378e-01
    1.54381126e-01 5.52734673e-01 6.73146188e-01 4.55808580e-01
    1.17544413e-01 3.79075408e-01 7.73164511e-01 3.89195263e-01
    9.69381630e-02 2.57434994e-01 7.53760934e-01 2.24721730e-02
    1.98385447e-01 9.02030766e-01 9.96713758e-01 7.10196853e-01
    1.06803685e-01 1.50959641e-01 7.60959625e-01 1.02842540e-01
    7.23940372e-01 1.69453502e-01 3.28737527e-01 6.09754682e-01
    6.98919773e-01 6.43058836e-01 6.62011206e-02 1.09732449e-01
    8.48758101e-01 1.28349274e-01 6.84813023e-01 8.02368164e-01
    7.66894937e-01 9.49817777e-01 2.28003800e-01 4.46659476e-01
    6.14820361e-01 8.71130824e-02 9.82798100e-01 4.90081847e-01
    9.62728202e-01 5.31026483e-01 6.52411819e-01 3.03588301e-01
    8.20798576e-01 6.40979707e-01 8.65901470e-01 5.02649963e-01
    9.40979242e-01 3.78150374e-01 4.67521548e-02 2.94492722e-01
    1.76563591e-01 4.51753825e-01 9.61041331e-01 7.24887252e-01
    2.72459388e-01 6.48633599e-01 2.65603781e-01 9.69982207e-01
    8.20134282e-01 6.67276382e-01 4.63589877e-01 1.74433470e-01
    5.29756188e-01 1.14650220e-01 2.25900054e-01 1.16006613e-01
    3.41010630e-01 5.84331512e-01 2.81414390e-01 6.22552931e-01
    2.07664132e-01 2.13594645e-01 7.64591694e-01 7.62885690e-01
    8.96284938e-01 2.78642058e-01 1.70791566e-01 8.93613458e-01
    6.57554030e-01 5.16028523e-01 6.70026839e-01 1.42787099e-01
    8.66790712e-02 3.47903669e-01 8.38882327e-01 3.09473276e-01
    4.81922060e-01 1.65653348e-01 5.17944634e-01 8.30741882e-01
    3.12639296e-01 5.41095436e-02 5.58177531e-02 2.46949524e-01
    3.03271413e-03 6.39556825e-01 6.11208975e-01 9.20887589e-01
    5.44472933e-01 1.37014359e-01 3.31770271e-01 2.68741310e-01
    9.42102075e-03 9.50276852e-01 9.40114558e-02 8.12296391e-01
    4.93479967e-02 3.82418036e-02 8.77345145e-01 6.12133443e-02
    6.27549410e-01 6.44748807e-02 7.81305075e-01 7.05431819e-01
    1.59866214e-01 6.38040364e-01 5.61137497e-01 6.20999932e-01
    7.06228316e-01 9.56883192e-01 6.81457222e-02 1.91628069e-01
    9.41692233e-01 8.05353343e-01 4.24510479e-01 5.99897146e-01
    9.95605588e-01 3.05736125e-01 5.95216036e-01 6.71973944e-01
    1.25350356e-01 6.31433725e-03 6.33045673e-01 7.06136346e-01
    6.73842490e-01 8.84185016e-01 7.94098794e-01 6.91217780e-01
    6.49217486e-01 5.72655201e-01 9.40200925e-01 2.49334633e-01
    4.85717654e-02 4.48329061e-01 1.93041980e-01 7.21489072e-01
    3.76214206e-01 6.21539950e-02 5.18105328e-02 1.36268675e-01
    9.19552743e-01 8.83188665e-01 7.95208693e-01 1.32350445e-01
    5.89847922e-01 7.66609669e-01 2.54794627e-01 9.38464046e-01
    6.44208670e-01 1.31452084e-03 9.57039714e-01 7.78920054e-01
    6.26078546e-02 1.03549153e-01 7.68339694e-01 9.99886513e-01
    4.38817888e-01 3.00207138e-02 5.11741996e-01 6.08249605e-01
    7.58134902e-01 8.33465159e-02 3.16001236e-01 8.44179153e-01
    3.61412168e-01 7.65876412e-01 5.68348885e-01 4.56464291e-01
    1.91366434e-01 7.59748220e-01 7.56124377e-01 1.43341184e-01
    3.31897318e-01 7.72984624e-01 7.68830061e-01 9.05082226e-01
    6.28899992e-01 1.22790724e-01 1.80939168e-01 5.41858435e-01
    8.68914187e-01 8.39136124e-01 5.05653560e-01 8.03191483e-01
    4.61069733e-01 2.60760546e-01 4.60201114e-01 8.10875297e-01
    3.99853587e-01 9.92281556e-01 2.89663732e-01 8.54972363e-01
    6.48487806e-01 3.05185795e-01 3.05657595e-01 4.06075716e-02
    6.02625430e-01 1.84649229e-03 5.18493593e-01 9.29265857e-01
    9.23499346e-01 4.79189456e-02 1.48788512e-01 5.56913316e-02
    3.20042074e-01 7.06175148e-01 9.85777438e-01 5.31111002e-01
    4.75777149e-01 4.84150648e-03 8.06228399e-01 2.14201272e-01
    6.17785871e-01 7.69879103e-01 2.74219751e-01 1.55841410e-01
    2.63214409e-02 3.81357968e-02 3.99403036e-01 5.94332278e-01
    9.18315172e-01 6.42586052e-01 9.53321159e-02 2.40913182e-01
    5.26644588e-01 8.56606662e-02 5.96594751e-01 9.01887178e-01
    6.03011906e-01 1.87181473e-01 4.85264957e-01 3.93547773e-01
    9.20134842e-01 7.87866473e-01 9.33494687e-01 7.14760542e-01
    7.72994161e-01 7.58229256e-01 5.43566048e-02 2.33122200e-01
    5.51915407e-01 2.03924149e-01 8.61320198e-01 6.98874474e-01
    1.63477361e-01 1.71565086e-01 4.40781683e-01 8.54288220e-01
    2.64409870e-01 7.92682886e-01 6.86478317e-01 3.88033390e-02
    7.56940663e-01 4.59480524e-01 9.61971819e-01 7.28777587e-01
    8.36501241e-01 1.78394318e-02 4.88124281e-01 4.22947794e-01
    9.21721637e-01 6.47969425e-01 4.95948911e-01 3.17366689e-01
    2.61059582e-01 6.47816896e-01 7.20045447e-01 3.10129285e-01
    6.89973891e-01 7.32839644e-01 3.63988221e-01 7.86379278e-02
    5.50499797e-01 4.41514313e-01 6.90475583e-01 6.79368854e-01
    6.63634360e-01 9.19504046e-01 6.79371238e-01 4.29871470e-01
    2.18457282e-02 8.34828615e-03 1.67934299e-01 9.51315284e-01
    2.89315403e-01 1.41595989e-01 2.19798416e-01 3.74854416e-01
    5.67215204e-01 8.08516920e-01 6.71348274e-01 2.49137938e-01
    5.71676850e-01 1.23395592e-01 3.01012397e-03 9.81625855e-01
    7.60320604e-01 2.40656286e-01 7.20878243e-01 7.21091866e-01
    8.78186584e-01 9.78324056e-01 4.43716526e-01 6.66853428e-01
    9.12702262e-01 6.34787619e-01 4.76151109e-01 5.49321234e-01
    4.45462108e-01 4.22519445e-03 8.14026415e-01 2.95343399e-02
    5.09244859e-01 6.78238273e-01 2.19053686e-01 8.61217380e-01
    7.14774728e-01 3.03116024e-01 6.18594408e-01 4.93664801e-01
    5.47763407e-01 4.83676702e-01 3.62106353e-01 9.96783257e-01
    1.97509140e-01 1.64948136e-01 4.30774420e-01 5.44065237e-03
    3.22979212e-01 9.16284323e-03 6.85661614e-01 6.24711275e-01
    8.92973185e-01 8.70271564e-01 3.37747514e-01 3.90522957e-01
    9.85147595e-01 2.35990584e-02 5.49403429e-01 2.44554669e-01
    4.16645497e-01 8.11037183e-01 7.61856675e-01 1.66721225e-01
    7.29229748e-01 7.59332061e-01 3.76691222e-01 7.12345779e-01
    5.00921965e-01 6.88479125e-01 3.27095628e-01 1.91652805e-01
    8.57345223e-01 7.61703014e-01 3.05308461e-01 9.54846263e-01
    2.06946433e-01 2.15943813e-01 1.91128910e-01 5.47508240e-01
    7.09585428e-01 4.38634008e-01 7.04157770e-01 9.33634937e-01
    4.93673563e-01 2.82144278e-01 4.29839581e-01 3.19404930e-01
    4.78739768e-01 2.43980676e-01 5.48904061e-01 7.77586699e-01
    6.19268239e-01 3.41892719e-01 3.18349481e-01 5.03223062e-01
    8.61884475e-01 6.38026237e-01 4.47121859e-02 8.42572749e-01
    5.05890429e-01 9.01518762e-02 5.20488977e-01 6.31439626e-01
    3.66886556e-02 9.59928274e-01 4.87355560e-01 1.56287879e-01
    6.15173995e-01 7.83897758e-01 5.00374675e-01 6.75695419e-01
    5.21988690e-01 2.77985454e-01 6.14146233e-01 1.13696367e-01
    7.03096390e-01 9.71814573e-01 3.57842684e-01 9.38594341e-02
    8.72750521e-01 9.42575395e-01 2.58915961e-01 2.05389172e-01
    5.50505340e-01 8.62230718e-01 4.46419865e-01 5.55049241e-01
    1.62363321e-01 2.01090127e-01 7.60984838e-01 6.67132437e-02
    2.52948135e-01 1.59757555e-01 8.79509449e-02 5.79434991e-01
    5.28974414e-01 7.00614154e-02 7.72010744e-01 6.25503778e-01
    2.27192909e-01 4.68605459e-01 5.40141225e-01 7.74278641e-02
    3.31823587e-01 6.02753103e-01 8.08166504e-01 6.69481277e-01
    9.73352671e-01 7.12167442e-01 5.20004690e-01 3.54756057e-01
    6.41867042e-01 5.42725265e-01 8.11615586e-01 4.59677637e-01
    7.86051989e-01 5.33207953e-01 3.90874445e-01 7.55416274e-01
    9.37147617e-01 7.67981887e-01 3.78402948e-01 4.38043773e-02
    5.94120562e-01 8.39050770e-01 9.41646695e-02 8.38557601e-01
    7.48836875e-01 2.58828402e-01 1.33072644e-01 6.00577950e-01
    5.83036005e-01 3.25709879e-01 4.30028260e-01 2.15737224e-01
    7.55736232e-01 7.29743481e-01 9.55192208e-01 8.67830336e-01
    7.90580392e-01 1.35589212e-01 6.68794692e-01 6.76348686e-01
    9.52548563e-01 4.32933807e-01 3.38354349e-01 9.55056429e-01
    7.77291358e-01 4.94575173e-01 2.53842920e-01 1.35890007e-01
    1.70629740e-01 4.16852832e-01 9.72660065e-01 1.17121398e-01
    9.00375485e-01 3.78903031e-01 8.81350577e-01 3.55771869e-01
    3.16717207e-01 6.79987669e-02 1.61369622e-01 4.48816955e-01
    6.80533886e-01 4.18790400e-01 4.81553525e-01 1.49125308e-01
    4.46924359e-01 8.03283989e-01 9.28620994e-01 9.07962501e-01
    6.74829483e-01 7.96856582e-02 4.63334918e-01 5.04347384e-02
    7.63049304e-01 8.14146399e-01 9.80192959e-01 9.41810012e-01
    3.85213017e-01 4.35569555e-01 7.60675430e-01 3.07819873e-01
    3.01903069e-01 4.34622526e-01 8.51313591e-01 6.81343496e-01
    6.95578635e-01 7.59856105e-01 4.33236659e-02 9.12035406e-02
    2.97142029e-01 8.28441799e-01 3.92282933e-01 8.58883023e-01
    5.87675750e-01 8.85566831e-01 1.80070013e-01 4.34041649e-01
    9.10951793e-01 4.78719771e-02 2.95117080e-01 3.55813205e-01
    9.76420164e-01 2.71107972e-01 7.32504189e-01 6.22093022e-01
    3.97719920e-01 7.95915425e-02 7.12235749e-01 7.10760474e-01
    4.57381308e-01 3.97423416e-01 8.45570087e-01 9.73150313e-01
    8.07818294e-01 7.94998050e-01 2.66242236e-01 3.33845079e-01
    6.60147667e-02 2.18046129e-01 3.00279438e-01 2.24895567e-01
    2.62112707e-01 3.20443511e-02 4.13200676e-01 6.71622634e-01
    3.50525528e-01 2.31721401e-01 8.41851592e-01 6.07915998e-01
    2.61531472e-01 8.54023337e-01 3.70724738e-01 4.49529886e-01
    3.04852664e-01 7.62708485e-01 7.10573018e-01 4.26649123e-01
    4.55713123e-01 2.48310268e-01 2.10859984e-01 4.77515489e-01
    1.79968148e-01 3.36369753e-01 1.20351493e-01 8.23455215e-01
    8.88197780e-01 9.63793159e-01 9.99487162e-01 2.49784470e-01
    2.04701364e-01 7.27434635e-01 7.35958219e-01 2.47565120e-01
    3.80909026e-01 9.19530690e-02 6.51965857e-01 9.32725251e-01
    9.48974848e-01 1.20770872e-01 5.06153047e-01 9.46016252e-01
    8.56222034e-01 6.24571979e-01 7.73630917e-01 7.62199759e-02
    8.78690481e-02 4.72236037e-01 6.97093129e-01 4.04572457e-01
    8.54625463e-01 2.09146351e-01 4.52307492e-01 1.47249907e-01
    9.56937551e-01 5.82082748e-01 6.03255093e-01 9.52573895e-01
    1.69537365e-01 1.42614305e-01 3.10692042e-01 8.31083536e-01
    3.57720941e-01 1.01112127e-01 8.07640910e-01 8.67012262e-01
    9.07279015e-01 1.43235743e-01 9.04405117e-03 4.28340018e-01
    6.54083133e-01 8.92509580e-01 8.44294667e-01 6.30144000e-01
    2.80666828e-01 2.94337362e-01 6.89943075e-01 1.92286581e-01
    1.15944475e-01 9.09028351e-01 4.98202443e-01 4.74658310e-01
    8.76613855e-01 6.22423232e-01 2.60479152e-02 7.15255380e-01
    6.31923378e-01 5.73479295e-01 9.79253292e-01 8.79021764e-01
    9.48009133e-01 2.48561621e-01 5.03275990e-01 5.42949617e-01
    4.50334460e-01 1.61841989e-01 7.86103368e-01 9.54421043e-01
    4.71332520e-01 2.77421594e-01 2.85948873e-01 6.97051764e-01
    1.12867117e-01 3.13845903e-01 6.57590389e-01 4.77371991e-01
    8.37992787e-01 7.55214632e-01 3.60399783e-01 7.78816223e-01
    4.59012717e-01 5.12878001e-02 2.39539206e-01 9.37852085e-01
    7.22121894e-02 3.51093531e-01 5.66049218e-01 8.94197345e-01
    2.12358057e-01 1.91076308e-01 8.20001066e-01 9.70436096e-01
    6.56244993e-01 5.07893264e-01 6.89277351e-01 6.53239012e-01
    8.41234088e-01 5.00783503e-01 3.84197772e-01 2.49681920e-01
    9.67761755e-01 6.55091047e-01 6.03281140e-01 8.67354989e-01
    7.69438267e-01 3.21417689e-01 2.96613276e-01 6.36206627e-01
    4.60737973e-01 2.04391778e-02 8.74591768e-01 7.87134409e-01
    1.05292976e-01 7.96827555e-01 8.52946043e-02 2.51926064e-01
    9.18044865e-01 4.17352527e-01 4.64060277e-01 6.06511831e-01
    1.53837740e-01 7.09929943e-01 4.25568938e-01 9.61545110e-01
    3.31531227e-01 3.82364690e-01 3.63556862e-01 3.38447213e-01
    2.59302199e-01 6.46162331e-01 1.80876076e-01 9.29909229e-01
    6.37495220e-02 3.29729736e-01 1.11239105e-01 6.05727851e-01
    5.75049400e-01 1.18936002e-01 4.79932100e-01 1.81944668e-02
    6.37940526e-01 1.72127187e-02 6.39844596e-01 1.83535188e-01
    4.72880930e-01 5.46215475e-02 7.41518497e-01 6.47060037e-01
    2.21896917e-01 1.98423862e-02 4.08747017e-01 7.10238099e-01
    2.47347116e-01 2.26664454e-01 3.51077884e-01 9.01217341e-01
    6.25567138e-01 9.16620135e-01 1.30765468e-01 5.20124912e-01
    6.35472059e-01 4.94034708e-01 9.57619786e-01 6.11132324e-01
    8.52164328e-02 2.18145579e-01 5.07015646e-01 3.44554931e-01
    6.94618106e-01 9.77076530e-01 1.66310370e-01 9.23687458e-01
    2.00243890e-01 2.17259526e-01 2.99676061e-02 2.57576942e-01
    1.77680790e-01 2.17274666e-01 3.23040485e-01 4.48323578e-01
    7.45540857e-02 1.88000649e-01 8.42150092e-01 5.72525382e-01
    5.89933395e-02 1.90140367e-01 9.87410188e-01 4.01663989e-01
    3.37332726e-01 4.89085287e-01 7.47171998e-01 3.09227109e-01
    9.67511177e-01 9.59245086e-01 7.07264960e-01 2.08501279e-01
    2.10319042e-01 9.05697465e-01 5.88543117e-01 3.47637266e-01
    4.12222087e-01 3.46417785e-01 1.86406434e-01 2.95955479e-01
    4.54356104e-01 3.54887307e-01 4.73902613e-01 7.19669759e-01
    7.87536502e-01 4.51581627e-01 5.86158574e-01 1.02533638e-01
    2.50847250e-01 4.37623918e-01 1.30236149e-01 7.86008239e-02
    2.49632746e-01 3.68374914e-01 9.54816520e-01 2.30703741e-01
    6.10674620e-01 2.60701507e-01 8.07466269e-01 8.08423996e-01
    4.31936204e-01 6.52262270e-02 7.14783132e-01 2.01935410e-01
    1.60745382e-01 6.25870049e-01 3.16365927e-01 7.96168685e-01
    5.08277714e-01 3.29901785e-01 7.38565266e-01 1.00619376e-01
    3.78110915e-01 1.36992007e-01 4.67065573e-02 3.09727490e-01
    4.44752663e-01 8.05191219e-01 1.83898687e-01 1.05680585e-01
    9.03765440e-01 1.68129563e-01 5.49526751e-01 2.85039246e-01
    7.76335597e-01 8.05382669e-01 3.89968276e-01 1.35957927e-01
    6.61139131e-01 4.21993792e-01 4.71502483e-01 8.06678772e-01
    9.60191965e-01 7.56858349e-01 9.58270192e-01 5.24083018e-01
    7.99780965e-01 6.82872891e-01 1.54080749e-01 4.51122373e-01
    2.07239777e-01 3.75880659e-01 1.48451507e-01 2.03931004e-01
    7.02383161e-01 2.47238696e-01 3.75934243e-02 7.44220257e-01
    1.84242427e-01 5.91387391e-01 1.99590832e-01 3.15374255e-01
    5.53013802e-01 6.03579402e-01 8.11898828e-01 8.09720039e-01
    2.71109641e-01 6.24254644e-01 8.63877833e-01 3.80664557e-01
    1.06882781e-01 8.60109806e-01 1.57613218e-01 6.87045932e-01
    2.99439132e-02 6.23273551e-01 5.29400706e-02 5.26634455e-01
    6.57118201e-01 6.43035054e-01 8.10663939e-01 5.72612166e-01
    2.03505933e-01 6.49990022e-01 5.18990815e-01 9.57278371e-01
    5.05500495e-01 6.48638308e-02 5.58569312e-01 5.99516392e-01
    1.78956985e-03 2.94330537e-01 3.11672598e-01 5.39483309e-01
    7.71450281e-01 5.19438386e-01 4.63886052e-01 6.52694404e-01
    1.04010671e-01 9.08535480e-01 7.66616225e-01 2.49944836e-01
    8.26933146e-01 3.39683235e-01 7.79357672e-01 2.85420716e-01
    9.40863907e-01 4.13947761e-01 4.27910626e-01 2.09032744e-01
    6.77486658e-01 8.14345419e-01 5.60022891e-01 1.55139595e-01
    1.82291329e-01 9.49466109e-01 7.31905520e-01 9.09665883e-01
    3.26146752e-01 8.68858635e-01 5.28349757e-01 5.11908591e-01
    4.76472050e-01 2.34476686e-01 3.25855196e-01 8.60425234e-02
    8.93745422e-01 6.22688234e-01 8.01488400e-01 8.78325343e-01
    3.05628717e-01 6.01502001e-01 9.75812912e-01 8.83189440e-02
    1.45072371e-01 6.99660897e-01 3.57323289e-02 8.14732194e-01
    7.09565043e-01 4.07872260e-01 6.78001046e-01 7.17558146e-01
    8.43391299e-01 8.22192490e-01 4.71142292e-01 3.11624110e-01
    9.22242880e-01 2.71427929e-02 3.22852492e-01 7.82951415e-02
    5.93679368e-01 6.16012812e-01 7.20446348e-01 3.63455832e-01
    7.93508530e-01 6.40972257e-02 3.58767390e-01 6.47923768e-01
    7.19910264e-02 8.94557536e-02 2.29145378e-01 1.85478330e-02
    5.63052535e-01 9.58167374e-01 7.90949106e-01 6.33630514e-01
    8.14856410e-01 7.50344992e-01 9.61680293e-01 5.48981845e-01
    3.87389302e-01 3.93846631e-01 7.42611289e-02 3.37125838e-01
    5.23447812e-01 4.72657859e-01 1.47281706e-01 9.53457713e-01
    1.55916154e-01 6.18222654e-02 4.28683192e-01 7.76048243e-01
    8.73066485e-01 6.72170877e-01 9.95734572e-01 5.63707590e-01
    3.26602697e-01 5.86897790e-01 5.36535263e-01 7.66588330e-01
    4.94610339e-01 7.55020976e-01 5.87160170e-01 7.56291270e-01
    8.95237327e-02 7.39761055e-01 1.07040077e-01 1.82927877e-01
    7.13531196e-01 2.85581350e-01 7.21511841e-01 5.66523612e-01
    6.10884666e-01 6.92010701e-01 2.99850881e-01 9.18272257e-01
    5.02734542e-01 8.28403592e-01 8.75100791e-02 1.52146637e-01
    6.73352480e-01 5.44282496e-01 7.71497011e-01 6.56700134e-02
    2.53058076e-01 8.06208253e-01 6.39284492e-01 3.52845520e-01
    6.68562770e-01 3.94869089e-01 6.70325398e-01 2.17338800e-01
    7.39853144e-01 9.65025365e-01 8.03076386e-01 5.06124377e-01
    6.86692894e-01 9.55100536e-01 1.96016997e-01 9.76816714e-01
    8.84896994e-01 2.93755531e-02 5.11912405e-02 7.31814623e-01
    1.06573462e-01 7.29573965e-02 8.33069324e-01 1.51205868e-01
    2.61449456e-01 1.29333675e-01 4.07642424e-02 7.77437747e-01
    2.10959792e-01 1.17939323e-01 7.09578037e-01 1.08413935e-01
    5.66588819e-01 1.59815252e-02 6.49464071e-01 7.43468881e-01
    7.45932579e-01 5.52073777e-01 3.19062114e-01 2.24764377e-01
    7.54034519e-01 7.96406567e-01 2.42572248e-01 2.57099807e-01
    9.42031682e-01 3.72133195e-01 7.43051469e-01 3.78958642e-01
    9.58207250e-01 9.25706029e-01 6.11265004e-02 2.47788668e-01
    9.70614254e-02 2.89179623e-01 3.61950278e-01 2.43928313e-01
    9.50495899e-02 9.35578823e-01 8.30457211e-01 1.87258571e-01
    8.92665744e-01 8.76359344e-01 9.98164773e-01 4.37825590e-01
    2.62932271e-01 1.39921725e-01 3.26159596e-02 9.77749467e-01
    1.29159182e-01 3.27411771e-01 6.71462536e-01 9.89083707e-01
    9.03995991e-01 5.17191887e-01 4.52091545e-01 7.37903714e-01
    6.28965974e-01 3.34588796e-01 9.10841227e-02 5.64938366e-01
    2.73908824e-01 5.67395329e-01 4.00802076e-01 7.40584016e-01
    6.04799509e-01 2.57470250e-01 7.34863162e-01 3.69435132e-01
    4.25475419e-01 8.08062255e-01 9.82912183e-01 2.82793701e-01
    8.35585475e-01 2.91812658e-01 2.10522443e-01 5.73035955e-01
    7.32793391e-01 7.17464924e-01 2.16394722e-01 5.45879185e-01
    5.62551439e-01 9.42088366e-01 4.91414964e-02 3.58727574e-03
    1.05782062e-01 9.46725309e-02 4.22317296e-01 5.57885051e-01
    1.85101926e-02 6.39096439e-01 7.93684006e-01 9.16349769e-01
    6.36179030e-01 2.09296048e-01 9.17316377e-01 2.69248188e-01
    6.92388594e-01 4.83221143e-01 2.99190015e-01 5.48492730e-01
    7.78145432e-01 5.44687569e-01 5.65515876e-01 1.23690039e-01
    3.48601013e-01 8.49537492e-01 7.99591601e-01 1.40839905e-01
    6.02028251e-01 7.09616661e-01 6.03237927e-01 7.96966076e-01
    4.28064317e-01 9.24265385e-02 8.20954800e-01 1.71560049e-02
    7.07051754e-01 9.47759330e-01 1.60745740e-01 2.57361591e-01
    7.67653584e-01 2.11205691e-01 4.21710432e-01 4.98561680e-01
    8.62319112e-01 9.25321221e-01 4.61431175e-01 4.00796980e-01
    1.64776176e-01 8.94570291e-01 1.79026216e-01 1.92079544e-02
    7.69734144e-01 5.49441338e-01 3.84287655e-01 2.59192705e-01
    8.05506408e-02 4.85250473e-01 6.98848009e-01 6.15253985e-01
    8.35483253e-01 6.99810803e-01 6.12754464e-01 3.43803227e-01
    8.55246782e-01 7.94715285e-01 5.53143859e-01 7.36117184e-01
    8.36009085e-01 6.73217952e-01 9.69350696e-01 7.81558335e-01
    8.70389819e-01 8.11738014e-01 1.79662466e-01 9.98763263e-01
    5.42404056e-01 3.60299379e-01 2.98184454e-01 2.68273830e-01
    9.79484200e-01 2.60943055e-01 4.94719923e-01 7.56960034e-01
    2.19119400e-01 8.91747594e-01 6.19327664e-01 8.88117373e-01
    6.85514390e-01 7.42703855e-01 5.57167470e-01 7.13831306e-01
    3.42831731e-01 7.23108292e-01 1.39007598e-01 5.42206228e-01
    5.94753921e-02 9.39116120e-01 5.54626346e-01 3.71436059e-01
    3.81697118e-01 5.00513017e-01 7.66157091e-01 9.51575220e-01
    4.33085263e-01 1.05949730e-01 7.19102502e-01 8.22849274e-01
    7.44029164e-01 3.71134192e-01 7.51042128e-01 8.46179724e-01
    1.27157092e-01 3.93946588e-01 1.76568896e-01 4.06155288e-02
    8.04586172e-01 4.76455241e-01 5.64164221e-02 9.05616999e-01
    9.27663088e-01 6.57604814e-01 7.48069227e-01 1.22437447e-01
    8.03766429e-01 5.46859860e-01 1.26722455e-01 4.18199360e-01
    1.80196762e-01 8.76181424e-01 8.08096170e-01 6.69363737e-02
    2.07823664e-01 1.16282672e-01 2.88914829e-01 9.11002636e-01
    6.56595111e-01 7.29749024e-01 1.57524675e-01 9.25152302e-01
    2.77485371e-01 7.20566034e-01 4.68882173e-01 1.92186177e-01
    6.88545585e-01 2.27709860e-01 6.75834596e-01 5.39647222e-01
    9.13103282e-01 5.17441392e-01 6.60762787e-01 7.15660751e-01
    2.12131321e-01 4.61097956e-01 3.20891440e-01 3.50277245e-01
    3.72661471e-01 9.03343916e-01 4.50210541e-01 9.82860208e-01
    5.71342051e-01 7.61919498e-01 3.58818352e-01 5.44715226e-02
    1.07717961e-01 3.46638560e-01 9.29737628e-01 9.15552795e-01
    8.32133949e-01 8.45970035e-01 7.09567070e-02 3.18646014e-01
    1.98333085e-01 8.50637436e-01 8.04505825e-01 8.22228134e-01
    1.07527792e-01 5.92025518e-01 4.09929633e-01 5.57931662e-02
    6.08363271e-01 5.60565174e-01 6.33758903e-01 1.76812083e-01
    9.84616637e-01 3.03403139e-01 6.55287981e-01 6.17215514e-01
    1.33557618e-01 3.88255119e-02 8.75490010e-02 1.63370490e-01
    5.01916766e-01 8.03476930e-01 2.38964677e-01 7.30448842e-01
    9.11396146e-01 9.55109417e-01 4.57801700e-01 2.18141079e-02
    4.10456479e-01 1.72658026e-01 1.60620958e-01 9.92654085e-01
    1.29129738e-01 8.42647195e-01 7.21884012e-01 9.66424942e-01
    7.34624922e-01 5.64906776e-01 1.53189689e-01 9.47315872e-01
    6.25740290e-01 1.03671104e-01 5.50118327e-01 2.14625955e-01
    5.23864806e-01 2.34149545e-01 7.55349517e-01 7.70434618e-01
    6.90222383e-01 2.93563426e-01 3.93523782e-01 2.23318011e-01
    3.53283942e-01 9.75589454e-02 7.56456435e-01 6.45601153e-02
    2.23004580e-01 6.70456886e-01 8.73557866e-01 2.80027926e-01
    5.15984595e-01 5.76143086e-01 5.46078503e-01 1.13724142e-01
    6.28663540e-01 9.51743245e-01 2.69875646e-01 7.79394865e-01
    6.95614457e-01 3.94981205e-01 3.80933702e-01 8.62488687e-01
    2.50055432e-01 4.74213064e-02 3.32724214e-01 1.28959835e-01
    1.31532848e-01 6.19293153e-02 8.61962974e-01 4.90204602e-01
    7.55693793e-01 9.81787741e-02 3.52781236e-01 3.74432385e-01
    4.38359618e-01 3.48663419e-01 3.37179840e-01 5.41595399e-01
    2.21915722e-01 7.36113906e-01 1.38132870e-01 2.20477670e-01
    4.41084087e-01 3.98728341e-01 3.74081105e-01 1.92096621e-01
    2.50633955e-02 5.13882279e-01 7.19691634e-01 2.43086129e-01
    3.34218532e-01 8.98335755e-01 1.45793498e-01 4.97224808e-01
    7.59475827e-01 6.17820621e-01 3.45501602e-01 5.68354428e-02
    1.99278772e-01 5.21107495e-01 4.37491477e-01 4.88625944e-01
    2.53334701e-01 2.58152008e-01 1.36251092e-01 7.11451411e-01
    1.09330982e-01 5.79804897e-01 7.10159540e-03 5.91545105e-01
    7.07365751e-01 6.71729565e-01 2.61047363e-01 5.65541327e-01
    2.55269110e-02 6.49250329e-01 3.55456233e-01 7.76412606e-01
    8.07757676e-02 7.67473459e-01 1.74107283e-01 4.11915928e-01
    5.65877974e-01 4.03748930e-01 4.51774359e-01 2.69946039e-01
    4.78065610e-02 1.39051944e-01 1.25974417e-02 9.15158689e-01
    2.04025805e-01 1.99669719e-01 4.31600600e-01 5.46456456e-01
    1.90734565e-01 8.34687114e-01 4.21622485e-01 3.68358433e-01
    9.01754975e-01 2.49095231e-01 7.79156446e-01 3.96121740e-02
    2.10932225e-01 3.42073530e-01 6.99600995e-01 6.52314961e-01
    6.83025241e-01 4.36467648e-01 5.95702231e-01 8.77184749e-01
    2.07983464e-01 7.61859417e-01 8.15001547e-01 9.74480152e-01
    3.65788519e-01 3.07805300e-01 1.67580694e-01 5.67504466e-01
    9.63879168e-01 3.74812126e-01 5.51138401e-01 1.69308066e-01
    1.86747760e-01 3.36875796e-01 5.97252071e-01 2.18922079e-01
    2.52615154e-01 3.19308043e-02 8.37661386e-01 7.24488735e-01
    1.14911199e-01 9.15805519e-01 3.13001812e-01 1.91800445e-01
    5.56859136e-01 2.92177200e-01 4.99474704e-02 5.77222466e-01
    5.50530910e-01 5.95412612e-01 3.06842029e-02 3.93082976e-01
    9.57286179e-01 3.97700429e-01 4.99711424e-01 4.69940692e-01
    4.45354581e-02 4.39336449e-01 5.98581076e-01 2.26108193e-01
    4.35139745e-01 1.26309872e-01 4.79135066e-01 9.59553480e-01
    6.10311389e-01 3.06413829e-01 7.63267875e-01 3.33948195e-01
    5.79979718e-02 1.11941755e-01 6.57327592e-01 9.25064802e-01
    1.22641593e-01 3.25906932e-01 8.67754102e-01 7.03086853e-02
    1.65204108e-02 6.75397217e-02 6.30835295e-02 9.09668565e-01
    2.91102827e-02 8.34762096e-01 4.22168493e-01 2.19277352e-01
    5.08943141e-01 2.03976035e-03 7.08706677e-01 5.59848189e-01
    9.60486174e-01 3.96126747e-01 2.66112864e-01 1.25461638e-01
    8.29982221e-01 5.72812855e-01 3.06270719e-02 4.37487304e-01
    4.66668010e-01 4.97391820e-01 6.16818368e-01 1.31994814e-01
    2.64193684e-01 2.71312624e-01 6.79357588e-01 6.11908019e-01
    1.12788528e-01 4.00739163e-01 4.98460263e-01 4.22337413e-01
    4.56223309e-01 1.93542272e-01 2.13407338e-01 9.55119252e-01
    5.75203776e-01 3.31317991e-01 8.36895108e-01 5.95388532e-01
    4.54995602e-01 7.71356821e-02 1.55933708e-01 3.12061310e-01
    6.75871849e-01 6.47761047e-01 2.99475193e-01 8.26916814e-01
    1.46269679e-01 5.13760507e-01 3.44342887e-01 3.94253194e-01
    3.06714714e-01 3.72773349e-01 2.82511294e-01 3.64138782e-01
    3.35292220e-02 1.20267153e-01 5.02536952e-01 1.86207175e-01
    9.15924609e-01 6.72234237e-01 9.97108102e-01 5.79246223e-01
    6.43355191e-01 6.78649902e-01 6.71724796e-01 5.48606277e-01
    2.83104718e-01 7.49587893e-01 6.69911385e-01 7.88736999e-01
    5.66367567e-01 7.16814280e-01 8.63416076e-01 8.90446007e-02
    4.42174166e-01 7.46780932e-01 6.93931699e-01 9.45660353e-01
    6.22015238e-01 3.30529809e-01 1.63211465e-01 3.07850778e-01
    6.21182263e-01 5.52428246e-01 3.07807922e-01 7.89612889e-01
    1.63215846e-01 8.01250398e-01 7.17190087e-01 3.04402381e-01
    2.47616112e-01 6.23512864e-02 7.41807103e-01 7.65774488e-01
    8.38231564e-01 9.63982463e-01 7.95665383e-03 5.56503832e-01
    8.06918859e-01 5.46836913e-01 4.41145241e-01 3.17806005e-02
    2.38999903e-01 2.27143884e-01 7.73835540e-01 7.46287465e-01
    3.94858956e-01 1.07094020e-01 7.47932315e-01 3.24515104e-01
    1.64016217e-01 2.81906754e-01 4.34657812e-01 3.52829397e-01
    6.12117112e-01 5.78737855e-01 4.18319285e-01 8.58945727e-01
    3.81250978e-02 7.31438875e-01 8.93375397e-01 4.44678366e-01
    7.31574297e-01 9.63892221e-01 6.97499812e-01 9.57581162e-01
    7.55429864e-01 9.07034874e-02 1.60061896e-01 5.34019649e-01
    9.28972065e-02 6.20173693e-01 3.76753598e-01 4.22117829e-01
    9.77806687e-01 9.95653808e-01 5.63999116e-01 5.82502484e-02
    2.61144131e-01 8.35503459e-01 7.19134927e-01 2.55023181e-01
    4.55468714e-01 1.86446011e-02 6.77668512e-01 5.56999207e-01
    3.92072171e-01 4.88459200e-01 5.63345075e-01 2.94293284e-01
    2.51861453e-01 9.87472773e-01 8.46726000e-02 4.95943695e-01
    1.06361359e-01 7.72240043e-01 5.27448714e-01 4.95073497e-01
    3.85430962e-01 4.00870860e-01 4.81289893e-01 4.60175604e-01
    5.05378425e-01 3.39101374e-01 5.29557586e-01 3.13814223e-01
    3.36602032e-02 5.47441006e-01 8.95757794e-01 6.46412849e-01
    2.36129344e-01 2.56837785e-01 1.02294743e-01 1.59873664e-02
    1.60353243e-01 6.32173896e-01 8.44509602e-02 6.14034355e-01
    9.58853781e-01 1.07763380e-01 4.45043772e-01 1.54260248e-01
    6.38799071e-02 2.43048012e-01 7.77514219e-01 7.48507380e-01
    7.14596987e-01 5.94215572e-01 9.90149200e-01 2.58393586e-01
    1.21135533e-01 7.80116916e-02 8.21805954e-01 9.51504946e-01
    1.08555377e-01 2.16360241e-01 5.94805002e-01 2.26596117e-01
    6.28558993e-01 6.69179261e-02 7.61376381e-01 5.42471766e-01
    1.70021057e-02 3.01309526e-02 2.60732293e-01 1.02853149e-01
    2.52647519e-01 8.55401576e-01 6.75244629e-02 5.19304633e-01
    3.52696180e-02 7.54362583e-01 3.45546097e-01 8.49119425e-02
    7.66468763e-01 3.66443932e-01 5.28706491e-01 6.07320130e-01
    5.63513339e-01 3.08193684e-01 9.67260420e-01 4.40239131e-01
    6.19318545e-01 4.48262125e-01 7.17746437e-01 9.54108119e-01
    6.32390678e-01 9.67468083e-01 6.51915133e-01 8.27638626e-01
    5.35945535e-01 1.06323093e-01 5.86182773e-02 6.55527055e-01
    8.26190591e-01 4.65994596e-01 3.74186456e-01 5.66660643e-01
    2.76967764e-01 1.10838741e-01 2.08305657e-01 2.34717667e-01
    1.62970632e-01 2.82549620e-01 7.28923082e-03 2.17966914e-01
    2.97463417e-01 2.18372911e-01 7.15450406e-01 6.82384729e-01
    9.13082480e-01 3.90465856e-01 4.90919590e-01 8.39526355e-01
    3.33289504e-01 5.14351845e-01 7.76313186e-01 8.64379048e-01
    4.57249880e-01 8.21037650e-01 2.94229478e-01 5.63768685e-01
    7.80378878e-02 1.35318846e-01 5.38207650e-01 2.51726508e-02
    5.27050495e-01 4.29666460e-01 6.29864991e-01 7.19952583e-01
    2.76578784e-01 6.93642914e-01 9.06873107e-01 8.49201620e-01
    8.73658121e-01 4.53762114e-02 7.85404086e-01 5.41667998e-01
    1.48566902e-01 8.48375678e-01 2.59331822e-01 3.51730943e-01
    8.46322179e-01 4.25626755e-01 6.65636182e-01 3.62432122e-01
    7.01105237e-01 9.92727757e-01 3.31594765e-01 4.80628163e-01
    7.55208194e-01 5.45733750e-01 4.46409464e-01 1.91816241e-01
    6.63600743e-01 6.44765377e-01 3.62487495e-01 9.46806669e-01
    6.32993698e-01 4.17317152e-02 5.97628951e-01 5.35577655e-01
    3.61931741e-01 2.35457897e-01 2.56785870e-01 3.46201897e-01
    9.37276840e-01 6.01349831e-01 5.91780245e-02 8.83009732e-02
    9.06126380e-01 9.93962049e-01 5.42373776e-01 6.97458923e-01
    1.16447657e-01 8.59720290e-01 8.84066463e-01 8.50795686e-01
    4.03517187e-02 4.98917490e-01 1.45727545e-01 4.08887774e-01
    3.46277654e-02 6.96133375e-02 4.66055781e-01 1.38125449e-01
    6.17639720e-01 1.12484694e-01 1.47798270e-01 6.23377025e-01
    1.89807832e-01 1.47932172e-01 4.81632352e-03 8.14647734e-01
    8.82578135e-01 8.04248095e-01 4.49586689e-01 9.34374928e-01
    4.15884018e-01 4.74599868e-01 8.08139443e-01 6.15743279e-01
    1.96853697e-01 2.80649632e-01 8.65430355e-01 1.99367672e-01
    6.38305664e-01 5.69351614e-01 2.72288114e-01 3.08433473e-01
    8.60198736e-01 6.59874380e-01 2.85373926e-01 1.85226649e-01
    2.67194629e-01 6.97484612e-03 5.74744225e-01 4.98060256e-01
    3.36768657e-01 6.15227461e-01 1.80363238e-01 8.08196962e-02
    7.63846874e-01 7.16559649e-01 2.90506691e-01 6.41658545e-01
    6.57070875e-01 2.14794904e-01 6.95109963e-02 1.38978690e-01
    2.43952155e-01 5.58758795e-01 3.35999310e-01 8.32782626e-01
    5.47526002e-01 8.17263603e-01 2.27028519e-01 8.80524874e-01
    5.89806497e-01 3.49449366e-01 6.44718826e-01 5.88858187e-01
    3.00477773e-01 1.56224757e-01 1.61066324e-01 8.39431107e-01
    5.81615865e-01 2.92220712e-02 5.18396199e-02 1.18589938e-01
    1.03584409e-01 3.80337834e-02 7.88607240e-01 1.26921833e-01
    6.48975432e-01 4.99008834e-01 5.24977446e-01 7.65139103e-01
    1.89979404e-01 5.62722385e-01 8.78755331e-01 1.10615373e-01
    4.07734036e-01 2.66001940e-01 5.57190597e-01 6.58742011e-01
    6.59951627e-01 8.95873427e-01 6.57580078e-01 2.50860453e-02
    5.09398639e-01 4.11633253e-02 7.45569766e-02 5.88028193e-01
    2.74536312e-02 9.84108686e-01 3.12644035e-01 7.22232461e-03
    1.59161508e-01 5.25456131e-01 8.28599691e-01 3.40880752e-01
    7.46795356e-01 5.76005280e-01 9.14877236e-01 7.71033525e-01
    8.42856109e-01 1.70808464e-01 4.86003309e-01 6.14471734e-01
    6.71171010e-01 4.41537291e-01 5.60031414e-01 8.36402118e-01
    1.51049346e-01 7.52547860e-01 9.67200398e-01 1.40595436e-01
    5.16288459e-01 5.80304325e-01 9.02049959e-01 7.02857733e-01
    9.00047541e-01 3.49161297e-01 6.05209827e-01 9.61186290e-01
    4.39311057e-01 3.73154551e-01 2.42534161e-01 8.99636745e-01
    1.96815133e-02 6.87975347e-01 5.28549254e-01 2.50685781e-01
    3.00864786e-01 5.57621241e-01 3.95499498e-01 1.13737971e-01
    1.38308346e-01 3.53989869e-01 3.44847113e-01 1.85307205e-01
    2.05908716e-01 5.76399267e-01 2.71176040e-01 9.29775119e-01
    9.19046998e-03 4.62275147e-01 6.55956507e-01 8.49346995e-01
    9.29189622e-01 2.54086077e-01 3.58306795e-01 4.33164716e-01
    5.60455561e-01 5.11341572e-01 4.35906589e-01 7.84904480e-01
    2.84233958e-01 6.15223289e-01 5.53473771e-01 6.34928346e-01
    5.45436382e-01 5.44071198e-01 6.97720051e-03 9.56743062e-01
    7.56654739e-01 1.96926951e-01 2.70223320e-01 9.92757797e-01
    7.07331955e-01 2.13866860e-01 7.57512867e-01 9.09462929e-01
    9.22290325e-01 2.43517220e-01 5.15296519e-01 4.90500897e-01
    8.09570253e-01 7.55775988e-01 7.62269616e-01 3.38109136e-02
    8.99391115e-01 8.57952237e-03 9.06534970e-01 7.77116418e-03
    4.63253856e-02 6.28862143e-01 6.28893673e-02 5.46368897e-01
    4.65554953e-01 5.26345789e-01 6.03558898e-01 2.47204393e-01
    2.02173680e-01 7.20157981e-01 6.59653306e-01 6.87899172e-01
    5.88195145e-01 3.15814137e-01 8.28537762e-01 9.93819475e-01
    4.09370929e-01 4.58368152e-01 9.10561681e-01 3.42205167e-01
    5.15103698e-01 9.49531734e-01 9.07298207e-01 5.27428448e-01
    1.37228072e-02 4.45880890e-02 8.70289505e-02 3.89666200e-01
    6.69573426e-01 8.84285748e-01 3.62147391e-01 6.18349791e-01
    6.81619704e-01 3.83886814e-01 7.58778334e-01 4.88174826e-01
    3.52054775e-01 4.59433794e-01 3.27925861e-01 4.31819081e-01
    5.07758796e-01 1.48724765e-01 4.76782888e-01 6.87947750e-01
    5.74307024e-01 2.16911286e-01 6.39557064e-01 3.86407107e-01
    4.76661533e-01 9.76418078e-01 6.58885956e-01 2.74739355e-01
    1.48822159e-01 5.64121664e-01 3.72771233e-01 5.91400802e-01
    9.75735784e-01 9.23298955e-01 1.88840061e-01 4.11382437e-01
    1.18701994e-01 5.85514307e-01 5.99352002e-01 1.34757578e-01
    7.13833451e-01 6.60620809e-01 2.94108510e-01 3.19225699e-01
    9.19449091e-01 9.93715703e-01 8.39238763e-01 4.60676342e-01
    8.30394387e-01 6.31307602e-01 7.40795255e-01 6.44488394e-01
    6.66320443e-01 5.67541420e-01 7.18328893e-01 4.23242301e-01
    1.66748703e-01 3.63058686e-01 1.31578147e-01 4.68045473e-01
    1.09252125e-01 2.17309445e-01 5.21534443e-01 9.87447500e-01
    7.56017625e-01 4.52080131e-01 6.13043904e-01 4.39000458e-01
    5.21810353e-01 7.94447422e-01 1.82912827e-01 4.66191590e-01
    3.57347220e-01 7.19041944e-01 1.39265954e-01 2.36230761e-01
    8.23304176e-01 6.28145754e-01 1.24128044e-01 4.17617142e-01
    8.75867128e-01 8.76256943e-01 8.63745451e-01 3.33683431e-01
    2.03324795e-01 6.13693893e-01 5.42581499e-01 1.68776482e-01
    2.15051562e-01 2.67512500e-01 6.34980142e-01 8.56802583e-01
    1.17124349e-01 9.52288270e-01 4.75286812e-01 6.72039092e-01
    9.35193896e-02 9.84108686e-01 4.39278215e-01 6.91165686e-01
    9.60302711e-01 3.60424101e-01 7.56921887e-01 8.95592928e-01
    3.33600163e-01 9.04775262e-01 2.19632000e-01 7.40623534e-01
    7.44625807e-01 9.66520250e-01 2.54395485e-01 5.61140180e-01
    1.16647750e-01 3.02130222e-01 5.34624457e-02 1.18244886e-02
    1.00935936e-01 2.19496310e-01 5.62302053e-01 5.87180912e-01
    2.21796989e-01 6.41406894e-01 6.86131597e-01 3.02142918e-01
    9.19595957e-01 4.66791868e-01 2.16022134e-03 4.78534997e-02
    7.78105736e-01 4.89115715e-03 6.26215816e-01 3.07657063e-01
    1.71660930e-01 7.28712976e-01 5.13590217e-01 4.72144902e-01
    6.12777352e-01 5.03495276e-01 5.65600395e-01 3.94891977e-01
    1.35137141e-02 1.35479301e-01 9.08410847e-01 8.74339044e-02
    5.16703546e-01 2.73696154e-01 6.40807152e-01 7.93538451e-01
    2.94960558e-01 9.30826724e-01 9.80914652e-01 8.12289298e-01
    4.12783861e-01 2.90772527e-01 5.75050473e-01 9.64908600e-01
    4.02770996e-01 5.96020937e-01 3.03737938e-01 2.26968944e-01
    2.45212018e-02 6.92312896e-01 2.40504384e-01 2.39329576e-01
    9.01664138e-01 1.71688586e-01 8.58989835e-01 5.06487906e-01
    4.93932396e-01 4.54555899e-01 5.47662675e-01 8.10326874e-01
    4.55073148e-01 8.73200178e-01 5.23536265e-01 8.90506506e-01
    7.12730587e-02 1.03236109e-01 1.12530023e-01 6.80671692e-01
    9.79995847e-01 4.67946738e-01 7.14453220e-01 6.09773219e-01
    2.63135254e-01 2.53497243e-01 4.72883403e-01 9.72776294e-01
    2.40062416e-01 6.42942488e-01 2.38451034e-01 3.53787363e-01
    2.65985906e-01 3.22432995e-01 8.76129627e-01 4.72478092e-01
    2.57127821e-01 5.99874973e-01 9.08612370e-01 1.72678202e-01
    6.08718455e-01 1.49900466e-01 8.84135067e-01 7.91058064e-01
    3.35799992e-01 1.61227912e-01 9.67803597e-01 5.75625300e-02
    3.02187204e-02 4.74418014e-01 2.33663738e-01 7.84152269e-01
    6.80843055e-01 1.10325813e-02 2.11434036e-01 2.92242348e-01
    7.09936500e-01 6.42911077e-01 7.51369119e-01 9.84710455e-01
    8.99616063e-01 2.12132245e-01 6.59056306e-01 3.38001996e-01
    2.44258583e-01 7.78398871e-01 7.37546682e-01 9.40387189e-01
    6.90895140e-01 8.39172602e-01 9.28498149e-01 1.72015816e-01
    8.44602585e-01 3.59548450e-01 1.71015948e-01 3.55513543e-01
    8.41080904e-01 4.99242604e-01 7.56709337e-01 3.40772063e-01
    1.97705477e-01 3.82491499e-01 1.26814246e-02 2.37267435e-01
    3.82574320e-01 6.74854517e-01 7.17710912e-01 4.21585560e-01
    9.85447109e-01 2.84171104e-02 2.96779156e-01 3.48522723e-01
    8.79110336e-01 6.68363571e-01 2.56650597e-01 1.29355192e-01
    6.65101528e-01 3.92364562e-01 4.61711705e-01 5.69863677e-01
    6.07749104e-01 6.14362121e-01 1.41537100e-01 2.35073835e-01
    4.80002552e-01 1.25327110e-02 3.15172672e-01 3.65301043e-01
    9.95309055e-01 4.90474731e-01 5.75798750e-01 9.25754845e-01
    9.90234017e-01 9.21759784e-01 5.82634807e-02 6.96836650e-01
    5.60302377e-01 6.67867184e-01 1.67219639e-01 9.88346696e-01
    5.99255264e-01 9.33072686e-01 1.56925440e-01 7.97512174e-01
    3.64260256e-01 7.55507827e-01 9.92976367e-01 7.22040355e-01
    7.32109785e-01 1.80310309e-02 9.90747809e-02 2.15356171e-01
    2.82941043e-01 4.74245310e-01 1.65142447e-01 2.56049126e-01
    6.05417609e-01 5.06998360e-01 8.85044098e-01 2.89059281e-02
    4.93386686e-02 6.50196373e-01 6.68065608e-01 2.57442951e-01
    4.83319372e-01 3.84641856e-01 2.86760032e-01 4.24723297e-01
    5.95834732e-01 2.92303681e-01 5.63375235e-01 2.07822680e-01
    3.30509245e-01 3.08901310e-01 6.32048249e-02 1.10007703e-01
    7.36067593e-02 4.57548350e-01 8.45231771e-01 8.41653109e-01
    7.09260821e-01 4.81208622e-01 9.97773528e-01 8.40215743e-01
    7.74072111e-02 6.15042806e-01 5.17563522e-01 2.92348474e-01
    3.51962477e-01 6.70215130e-01 3.77085775e-01 1.61140740e-01
    4.30666417e-01 6.14094973e-01 6.57932699e-01 6.11767590e-01
    3.10753047e-01 8.93412709e-01 2.80371070e-01 6.30963504e-01
    2.68483192e-01 1.96326196e-01 9.42782938e-01 1.88762575e-01
    9.08549547e-01 5.27839422e-01 9.78632867e-01 9.11018848e-01
    8.85956883e-01 9.40315425e-01 6.87481165e-01 1.67139292e-01
    1.76642448e-01 3.03971410e-01 1.43184781e-01 9.95641053e-01
    6.15107417e-01 6.56353116e-01 7.70971954e-01 6.90424800e-01
    4.30423379e-01 3.68022978e-01 9.97199118e-01 5.30448139e-01
    3.26933980e-01 2.28907794e-01 2.28942931e-02 8.03169727e-01
    4.67706621e-01 6.11465931e-01 6.21263683e-02 6.06552601e-01
    5.76775134e-01 3.60767484e-01 9.29402709e-01 1.01032853e-03
    3.97952259e-01 5.80241680e-01 1.27179623e-01 6.45176172e-02
    6.46484017e-01 9.51931119e-01 9.52660680e-01 9.63926673e-01
    3.94294202e-01 7.15997875e-01 9.20892596e-01 5.39761007e-01
    4.39393222e-02 9.96460557e-01 5.62014878e-02 9.70994055e-01
    8.35844219e-01 7.24153399e-01 8.51357579e-01 6.01719797e-01
    5.56389809e-01 7.75634289e-01 6.56967878e-01 3.35257173e-01
    8.17555070e-01 6.91012383e-01 8.84166718e-01 9.18491006e-01
    4.74082261e-01 1.84848249e-01 2.89133966e-01 5.38076580e-01
    5.99493027e-01 5.25090933e-01 4.21563596e-01 1.01320416e-01
    9.42739964e-01 8.73609841e-01 3.16368639e-02 5.89275181e-01
    5.84240079e-01 6.38916254e-01 8.30465853e-01 2.57877409e-01
    9.19928253e-01 3.65975678e-01 7.33163476e-01 7.72775233e-01
    6.54141486e-01 9.66890395e-01 4.62383926e-01 9.48910356e-01
    1.83397651e-01 9.98833179e-01 6.51537180e-01 4.34909075e-01
    7.03316450e-01 8.66797745e-01 3.40726316e-01 4.49345350e-01
    1.45697147e-01 6.28710032e-01 5.41252077e-01 5.44109941e-02
    7.81218350e-01 3.10651422e-01 4.36354995e-01 4.40912127e-01
    1.16326958e-01 7.56644070e-01 5.72808206e-01 1.01900011e-01
    4.96599644e-01 9.56489801e-01 8.51113975e-01 4.73850787e-01
    1.80896342e-01 6.75291300e-01 9.06091988e-01 9.07090724e-01
    3.13336253e-02 7.49780059e-01 5.48086822e-01 1.76016867e-01
    1.17157161e-01 7.80349255e-01 7.72944212e-01 2.63629824e-01
    8.82315218e-01 5.74278057e-01 8.89685929e-01 8.46272707e-03
    2.91901231e-01 1.67730272e-01 7.94945598e-01 2.37024516e-01
    1.46905303e-01 1.90447062e-01 2.47148007e-01 6.57454610e-01
    7.59585977e-01 7.39516318e-01 6.34574533e-01 3.32435220e-01
    6.69510782e-01 5.63682139e-01 8.88593137e-01 9.53828335e-01
    9.04413819e-01 1.34558678e-02 8.43759298e-01 5.13352275e-01
    4.79796559e-01 7.37606883e-02 5.00897706e-01 4.79714662e-01
    3.98885727e-01 6.66696906e-01 6.86199427e-01 6.14590406e-01
    8.44788790e-01 8.51057410e-01 5.06211519e-01 6.44172192e-01
    6.81847692e-01 2.87278920e-01 3.29478025e-01 8.15361977e-01
    4.89312202e-01 1.75942123e-01 2.60706902e-01 9.75844860e-01
    7.81608701e-01 2.83244789e-01 7.27409303e-01 8.25613976e-01
    5.35696864e-01 2.75466323e-01 2.15878487e-01 6.71886981e-01
    1.67408228e-01 4.15693402e-01 2.54906416e-01 8.60157371e-01
    4.04056907e-01 5.35961449e-01 6.52677059e-01 9.10882235e-01
    2.10703492e-01 3.35344315e-01 8.37507248e-01 5.00291944e-01
    2.03699172e-02 9.86001134e-01 3.44166219e-01 5.87679863e-01
    8.03622723e-01 7.51230478e-01 1.57516748e-01 2.27170199e-01
    4.94933635e-01 2.71557182e-01 2.50913203e-01 9.12314951e-02
    8.98387313e-01 7.22395658e-01 7.97288656e-01 3.07023525e-04
    1.09950393e-01 7.89024711e-01 8.20862591e-01 5.83204031e-01
    7.81321287e-01 4.68705595e-02 5.52051961e-01 5.32559514e-01
    6.53233945e-01 8.82431030e-01 6.25241876e-01 3.54708910e-01
    4.11387682e-02 6.98658228e-01 4.80607331e-01 6.63400829e-01
    3.38626862e-01 6.20790184e-01 5.93206882e-01 9.25274372e-01
    3.08416426e-01 2.23480761e-01 9.62437630e-01 9.30418372e-01
    7.14521527e-01 6.37177050e-01 3.94322276e-01 6.56352997e-01
    9.43202972e-01 3.58312368e-01 4.05895054e-01 4.23389912e-01
    7.26367712e-01 6.38768792e-01 9.27787125e-02 3.90893996e-01
    6.05322421e-01 2.44915068e-01 6.74196720e-01 4.39772904e-01
    9.02195096e-01 9.65192318e-01 8.92349482e-01 8.96678925e-01
    9.80159760e-01 6.80582345e-01 9.93949950e-01 2.82332897e-02
    1.44882947e-01 5.11217833e-01 3.71073782e-01 7.88959444e-01
    2.17849940e-01 8.27220678e-01 9.62889671e-01 1.14819407e-02
    7.24537492e-01 7.63764739e-01 8.34305584e-01 9.69734192e-01
    8.46423328e-01 1.46638036e-01 5.51006079e-01 5.42238832e-01
    8.66627634e-01 8.22781026e-01 6.79557204e-01 5.27122021e-01
    4.04844671e-01 2.58084059e-01 6.80400789e-01 9.06649232e-01
    7.68870711e-01 9.31568861e-01 6.37400746e-02 4.18394804e-01
    1.07989728e-01 3.52224380e-01 8.61336946e-01 6.26984000e-01
    3.65826488e-01 7.27482021e-01 4.38663304e-01 6.93901896e-01
    7.56213307e-01 6.90466464e-01 8.86327147e-01 8.49159658e-01
    4.47654128e-01 8.83444190e-01 7.01630592e-01 3.47718418e-01
    8.19746673e-01 6.48502707e-01 4.44145679e-01 4.22107279e-02
    6.26924515e-01 6.60697520e-02 1.60093933e-01 5.68186224e-01
    8.19291949e-01 5.19278049e-01 5.12149870e-01 3.79569590e-01
    4.12656009e-01 2.43029088e-01 4.39918220e-01 9.94245708e-01
    1.76907778e-02 3.85515690e-01 3.02748144e-01 9.30708945e-01
    2.97761977e-01 9.19208646e-01 5.25473475e-01 9.50450778e-01
    7.96221495e-01 1.31088883e-01 6.95939064e-01 4.04650211e-01
    3.67656559e-01 7.58107841e-01 7.11933255e-01 7.74861753e-01
    1.73872024e-01 5.18626630e-01 8.42550516e-01 4.53380108e-01
    5.97874820e-01 6.39024198e-01 9.21167135e-01 5.73949516e-02
    7.50780344e-01 9.39131021e-01 6.69324994e-01 7.89281607e-01
    8.38855028e-01 6.35234952e-01 1.67007238e-01 1.07499063e-02
    6.30306840e-01 3.20804477e-01 7.76874423e-02 1.04978055e-01
    4.03501242e-01 8.38129044e-01 3.96407843e-02 6.02359653e-01
    6.57151937e-01 7.04789162e-01 9.98666286e-01 7.11820364e-01
    7.06053078e-02 4.95381981e-01 1.17760837e-01 4.40799773e-01
    4.04462397e-01 1.61928862e-01 2.61797309e-01 8.91104937e-01
    8.63504648e-01 5.66437542e-01 6.28961980e-01 3.93746436e-01
    6.89558208e-01 8.95759404e-01 9.24470127e-01 6.36379957e-01
    7.07807779e-01 4.06541944e-01 3.52110088e-01 5.50690114e-01
    6.38465703e-01 5.16053975e-01 7.40894973e-01 6.85652792e-01
    1.42323583e-01 1.16619915e-01 6.87768638e-01 6.86934948e-01
    5.62159896e-01 8.34394932e-01 3.88320714e-01 5.97075284e-01
    2.93767214e-01 8.63908887e-01 1.82168096e-01 1.67746246e-01
    8.96588087e-01 3.87783468e-01 2.64366686e-01 7.98425436e-01
    9.13783014e-02 5.53563952e-01 1.13315076e-01 5.95584631e-01
    6.15928650e-01 4.07577455e-01 8.11238647e-01 1.12090796e-01
    4.00841266e-01 7.65554070e-01 3.76562387e-01 8.23072910e-01
    2.70942092e-01 5.60413301e-01 4.70335394e-01 1.46945417e-02
    1.76844209e-01 2.98953533e-01 8.49075556e-01 3.55378807e-01
    9.07376409e-01 8.13658476e-01 6.24247551e-01 1.98886663e-01
    9.28853869e-01 2.00998992e-01 5.82492113e-01 9.36591387e-01
    9.19131756e-01 5.50182939e-01 7.40950525e-01 5.46474457e-01
    8.71068656e-01 1.97346210e-01 8.22524905e-01 8.86300206e-01
    2.98029631e-01 1.10974401e-01 8.24641287e-02 2.05085069e-01
    3.41121972e-01 1.96789205e-01 1.62585080e-02 4.87181723e-01
    1.01311237e-01 9.97672975e-01 9.44609404e-01 6.24977112e-01
    7.38112688e-01 1.80873573e-02 4.54982460e-01 8.28237712e-01
    4.12160784e-01 9.69059825e-01 2.15503991e-01 9.67160761e-02
    9.96756554e-01 4.35086370e-01 7.21418023e-01 8.86429131e-01
    9.53226626e-01 6.93575442e-01 1.53745115e-01 7.43694425e-01
    1.43187404e-01 1.05354846e-01 3.37749958e-01 1.03401631e-01
    6.05199099e-01 3.70629311e-01 8.53255510e-01 8.95252824e-01
    4.77958918e-01 9.33067739e-01 5.49323559e-01 2.89925635e-02
    7.38066316e-01 5.63896120e-01 9.98313427e-02 7.13654160e-01
    9.25201535e-01 8.80226851e-01 1.55832529e-01 1.13845527e-01
    8.59138906e-01 6.82805419e-01 7.39119172e-01 4.37790155e-01
    3.25386465e-01 2.97438443e-01 2.96327174e-02 4.56942320e-02
    4.27964270e-01 3.03392023e-01 3.61125529e-01 6.00699723e-01
    2.39840895e-01 8.43625844e-01 3.79652262e-01 1.30563587e-01
    9.68389034e-01 5.44887781e-01 6.38779998e-01 1.01131141e-01
    9.76660252e-01 8.27844858e-01 9.25429404e-01 8.88908803e-01
    1.05046362e-01 9.46783423e-01 9.06924546e-01 8.12579095e-02
    9.22018409e-01 2.62216747e-01 8.28858912e-02 9.79861021e-01
    8.63724351e-01 1.75668389e-01 7.71186709e-01 4.96403605e-01
    9.90512550e-01 4.40282732e-01 7.97185540e-01 6.46697879e-01
    5.23940206e-01 1.15013868e-01 6.75126314e-01 3.51194918e-01
    5.08449554e-01 9.89789784e-01 2.06791610e-01 6.69966936e-01
    5.91546297e-04 1.12490624e-01 9.73482788e-01 1.77542061e-01
    9.13770080e-01 5.77968001e-01 6.40419602e-01 5.20492613e-01
    6.95577025e-01 7.68463850e-01 4.23975497e-01 3.99733961e-01
    8.24677229e-01 5.27188957e-01 9.06103730e-01 4.78414804e-01
    9.30534780e-01 6.03004336e-01 7.97410131e-01 3.22423279e-01
    6.36839390e-01 8.70308280e-02 8.86005759e-01 8.09284031e-01
    7.47247815e-01 9.64251280e-01 3.79870176e-01 6.74992740e-01
    2.09826171e-01 8.82314205e-01 1.92355990e-01 1.51944995e-01
    3.99967968e-01 8.38342845e-01 4.36822653e-01 9.94966626e-01
    4.03078377e-01 3.40946823e-01 1.49088800e-02 4.99397814e-01
    7.18220115e-01 3.90589774e-01 7.98802137e-01 8.05287838e-01
    5.33486664e-01 5.15848815e-01 8.37711215e-01 8.90011728e-01
    3.39552701e-01 7.07449198e-01 9.20903325e-01 4.06532168e-01
    1.21037066e-02 4.40961778e-01 5.04282475e-01 5.75002432e-01
    9.07849371e-01 4.05973017e-01 3.67335737e-01 5.66108525e-02
    7.88693786e-01 8.84001553e-01 7.47103453e-01 9.73416805e-01
    2.67609060e-01 2.49498427e-01 6.64716601e-01 9.63194013e-01
    5.85108519e-01 4.54454869e-01 5.51315963e-01 3.48261416e-01
    8.06128502e-01 9.79914665e-01 9.54625010e-01 5.39509714e-01
    5.36170721e-01 7.93956995e-01 2.49756873e-02 8.05874169e-02
    7.59180903e-01 3.28091383e-02 8.24356556e-01 7.78769910e-01
    3.35492730e-01 6.85145736e-01 3.12517464e-01 7.47806013e-01
    8.19847345e-01 4.49902773e-01 7.55707264e-01 5.58235228e-01
    2.92857647e-01 7.23012686e-02 1.95880204e-01 8.67353678e-01
    7.48707712e-01 1.54089004e-01 5.64653337e-01 6.50115371e-01
    1.29539251e-01 6.52122259e-01 5.95091701e-01 2.03754544e-01
    9.17963028e-01 7.77089536e-01 7.34411180e-01 4.39337790e-02
    9.74921942e-01 3.18318456e-01 6.94275022e-01 5.89374542e-01
    8.05264890e-01 9.10972953e-01 5.81497312e-01 5.53757668e-01
    1.23620033e-03 8.49512935e-01 8.15564752e-01 4.05591667e-01
    1.32890701e-01 9.87299681e-01 5.01191616e-01 3.02338183e-01
    2.89137542e-01 4.50412303e-01 3.77314627e-01 4.13946539e-01
    9.57607150e-01 7.41060019e-01 3.34781110e-02 6.48372531e-01
    2.17272818e-01 9.52310443e-01 1.68645918e-01 2.34362185e-01
    3.48595917e-01 5.76657534e-01 2.80525029e-01 6.16218686e-01
    1.61807120e-01 8.25513840e-01 2.84760296e-01 4.63367313e-01
    9.51433778e-02 9.06868696e-01 3.66678804e-01 7.90108740e-02
    9.69464064e-01 7.50304401e-01 7.30211556e-01 2.97536612e-01
    1.36061639e-01 6.17462873e-01 6.18630588e-01 2.75067955e-01
    3.37661028e-01 7.19566822e-01 5.27504504e-01 7.77734220e-02
    3.55786741e-01 9.82470751e-01 7.83681870e-01 6.65964246e-01
    4.99766558e-01 3.85552347e-02 8.90596449e-01 1.44020736e-01
    4.11194861e-02 7.27922320e-01 6.31909311e-01 2.98594832e-02
    1.38864338e-01 3.55734944e-01 2.17387378e-02 1.53767467e-01
    8.51213276e-01 7.20786095e-01 4.84931201e-01 3.25854152e-01
    5.40915906e-01 6.36785626e-01 4.45087790e-01 6.15713716e-01
    3.71186435e-01 4.09435093e-01 2.78869390e-01 6.46936595e-02
    7.90684223e-01 7.42941499e-02 7.14068353e-01 5.98195910e-01
    4.71900433e-01 6.88810349e-01 6.95995331e-01 7.14853168e-01
    9.59414363e-01 5.37227452e-01 6.53141022e-01 8.08914125e-01
    4.89335090e-01 9.79147553e-02 3.88856560e-01 8.52211356e-01
    5.50159812e-01 7.89697886e-01 6.99564695e-01 1.47552639e-01
    1.45055950e-01 2.40440398e-01 5.54600954e-02 3.40927541e-01
    2.74782956e-01 2.65685260e-01 4.48170692e-01 9.72763121e-01
    6.78433001e-01 7.76324391e-01 3.90860409e-01 6.49918139e-01
    1.18029624e-01 5.87874532e-01 7.43339181e-01 8.01663101e-02
    2.78118342e-01 3.13827395e-01 5.12536228e-01 9.16140199e-01
    4.25765455e-01 3.64338040e-01 6.72249138e-01 6.36679590e-01
    2.46469676e-02 5.05812168e-01 6.44580841e-01 9.27329898e-01
    7.13332653e-01 4.80899990e-01 5.70764363e-01 8.84843409e-01
    5.25283217e-01 9.27471161e-01 7.59203076e-01 6.29315734e-01
    6.04012489e-01 4.99049664e-01 3.33040297e-01 6.14711523e-01
    7.86361694e-01 7.49751627e-01 6.90828204e-01 8.31324756e-02
    4.04795080e-01 9.71621871e-01 1.52932703e-02 9.75966632e-01
    2.14868993e-01 1.83341056e-01 5.21219432e-01 2.42466122e-01
    8.87341499e-01 9.28032994e-02 9.51352358e-01 2.56363451e-01
    9.32246804e-01 4.03014690e-01 8.36018920e-01 2.73323953e-02
    8.09403658e-01 3.67700756e-02 6.63714767e-01 2.54230917e-01
    2.95746505e-01 2.05803603e-01 6.36456549e-01 3.98604661e-01
    4.17835355e-01 8.35792542e-01 6.65654242e-01 2.71677673e-01
    9.81521428e-01 5.20447195e-01 3.19746733e-01 9.70085979e-01
    4.07793432e-01 9.58257556e-01 7.78841615e-01 8.81206930e-01
    1.05143517e-01 7.75668502e-01 4.93379802e-01 1.10713691e-01
    7.92866826e-01 3.76488268e-01 1.93042040e-01 7.78297663e-01
    3.70437145e-01 6.20902240e-01 3.34037632e-01 6.31556392e-01
    9.70447063e-02 5.71526289e-01 7.09463835e-01 8.96223187e-01
    3.14416707e-01 9.68908429e-01 9.26885843e-01 7.70527542e-01
    4.77694482e-01 6.44462109e-01 3.41199487e-01 1.80212975e-01
    3.00810248e-01 9.91304100e-01 4.76181597e-01 1.49301827e-01
    3.88708174e-01 1.57036155e-01 1.21569335e-02 2.49690384e-01
    9.93354619e-02 5.20013034e-01 9.08366561e-01 5.21451414e-01
    5.05604267e-01 9.68750358e-01 8.30646157e-01 8.55958819e-01
    2.45921642e-01 7.10838437e-01 6.63843811e-01 6.41545951e-02
    5.82424164e-01 8.37725341e-01 3.65738511e-01 4.22845483e-02
    9.95659351e-01 9.53942895e-01 1.49248540e-01 5.25448084e-01
    9.69025254e-01 4.62553203e-02 8.05532694e-01 3.84882212e-01
    1.87373042e-01 8.33839774e-01 1.64003670e-01 4.12032098e-01
    4.12708014e-01 1.59095377e-01 2.91801006e-01 3.58391374e-01
    5.78254342e-01 5.99455893e-01 6.08318150e-01 6.19854212e-01
    6.24434829e-01 3.46477211e-01 8.88947010e-01 9.54913974e-01
    1.16724908e-01 5.65263927e-02 2.35861033e-01 9.10698473e-01
    5.04971683e-01 4.50131476e-01 6.92318797e-01 7.44829834e-01
    5.64329326e-01 7.59849668e-01 2.39953011e-01 2.30093658e-01
    4.13526893e-02 4.74970430e-01 3.80397648e-01 6.51218355e-01
    3.61947775e-01 7.68964469e-01 9.50546801e-01 5.62549353e-01
    4.27401006e-01 2.09542394e-01 7.93640733e-01 7.35259175e-01
    3.43496680e-01 3.30389023e-01 2.93127298e-01 7.72623777e-01
    8.55239213e-01 8.53564262e-01 1.94496214e-01 7.25507379e-01
    5.45955002e-01 6.14751697e-01 3.64436209e-01 7.23460674e-01
    6.04155958e-02 2.60244906e-01 8.58753026e-01 9.82302248e-01
    1.08477294e-01 4.89375085e-01 3.20694715e-01 2.77970612e-01
    8.58163297e-01 8.62177432e-01 6.58466458e-01 4.06321883e-03
    3.37117255e-01 7.10080028e-01 1.03553653e-01 6.96035385e-01
    1.44180626e-01 3.86550546e-01 9.71934199e-03 5.39353728e-01
    8.20047617e-01 1.87525451e-02 1.85059309e-02 8.35826576e-01
    7.51033843e-01 7.90864706e-01 3.42284083e-01 9.54793811e-01
    4.10997689e-01 3.00194442e-01 7.80228496e-01 3.63342702e-01
    8.07741880e-01 1.65763378e-01 2.45775968e-01 7.13977814e-01
    9.23750699e-01 8.01411271e-02 3.85058552e-01 4.47199881e-01
    7.38110423e-01 8.29713464e-01 2.60538906e-01 3.71827543e-01
    7.60277390e-01 1.34388268e-01 5.88383973e-01 8.59822810e-01
    7.08781242e-01 4.77242947e-01 8.24217319e-01 1.44333065e-01
    1.25280946e-01 4.00263309e-01 9.97253656e-01 3.13195586e-03
    8.42055738e-01 3.45748723e-01 7.81900764e-01 9.08952415e-01
    6.03748620e-01 8.34344625e-01 8.93363655e-02 1.98030174e-01
    2.40603954e-01 2.32697159e-01 6.01732731e-02 5.40029407e-01
    3.86427164e-01 9.42149162e-01 7.08629251e-01 8.33305240e-01
    6.36002064e-01 7.46023834e-01 5.62682986e-01 5.12823164e-01
    3.68693590e-01 9.68755007e-01 5.52819967e-01 1.20679289e-01
    4.36037719e-01 4.34784293e-02 1.38395667e-01 2.99010754e-01
    2.46950090e-02 8.69102716e-01 6.04993701e-01 8.01856875e-01
    4.06992674e-01 7.10934162e-01 1.66110098e-01 1.36877328e-01
    2.04905003e-01 2.56149918e-01 3.44641626e-01 2.28043437e-01
    9.41071332e-01 1.44721448e-01 2.08596677e-01 8.03809643e-01
    5.69972992e-01 1.06893092e-01 9.98472273e-01 3.92516196e-01
    7.23639429e-01 6.25323772e-01 8.67530465e-01 4.53330576e-02
    7.55728841e-01 4.58518863e-02 1.75927281e-02 3.06418687e-01
    8.54163468e-01 9.60158467e-01 5.00839293e-01 2.61108279e-01
    9.34622765e-01 6.48088753e-01 2.28986144e-03 6.72945440e-01
    8.05474281e-01 1.92988366e-01 1.33733749e-02 7.62639046e-02
    8.05211544e-01 8.02949071e-01 1.40361488e-02 3.64080787e-01
    1.26097292e-01 1.75702184e-01 7.81023562e-01 7.70715475e-01
    1.56506598e-01 9.60233212e-01 5.30245245e-01 1.71522796e-02
    7.05569506e-01 3.50032717e-01 7.94902682e-01 7.63294399e-02
    3.19541693e-01 5.39410591e-01 4.54085261e-01 9.88811135e-01
    6.07670784e-01 9.42245841e-01 7.19457030e-01 5.40908396e-01
    6.96440876e-01 9.32691813e-01 7.52606273e-01 8.63231897e-01
    1.20598316e-01 3.35420161e-01 8.59068573e-01 2.70236015e-01
    4.97840375e-01 4.44397032e-01 4.82566953e-02 4.03289139e-01
    3.79361033e-01 6.92381620e-01 5.60988486e-01 7.21177936e-01
    2.94324815e-01 8.73802125e-01 5.39871931e-01 3.64486516e-01
    2.94325709e-01 3.13428938e-02 1.42668188e-01 1.62985861e-01
    5.17589927e-01 3.90231460e-01 9.74243879e-01 8.38800788e-01
    4.93409038e-01 5.59601009e-01 9.90472317e-01 9.63368416e-02
    9.04499590e-02 5.45184076e-01 5.38862288e-01 3.22211295e-01
    9.62091327e-01 6.21666789e-01 5.14052451e-01 6.03283048e-02
    4.70655799e-01 3.18269551e-01 2.89002776e-01 5.08565903e-01
    1.07769370e-02 4.93304461e-01 3.15787792e-02 7.47750163e-01
    6.94312572e-01 6.59812927e-01 8.09501350e-01 6.59004927e-01
    8.73473108e-01 5.41974902e-02 6.67582512e-01 6.03654265e-01
    5.68404794e-03 1.14656985e-02 8.09157968e-01 9.28888619e-02
    1.09730959e-02 5.62479138e-01 3.21486950e-01 2.97416747e-01
    9.59544837e-01 8.66490126e-01 5.78833818e-01 2.48419076e-01
    7.30156898e-06 8.89806151e-01 3.21702003e-01 6.41774237e-01
    1.06196225e-01 8.93812835e-01 8.93424392e-01 4.11972940e-01
    3.69967520e-02 1.08540654e-02 7.68617034e-01 6.19558394e-01
    5.27715683e-03 1.76213592e-01 1.45422488e-01 7.93841720e-01
    9.90035415e-01 8.32656145e-01 7.33735085e-01 4.27177250e-01
    9.29738045e-01 9.40870345e-01 6.28675818e-01 7.30849206e-01
    7.25076377e-01 9.09103990e-01 3.58820111e-01 8.35991740e-01
    4.40005094e-01 6.35186791e-01 5.63341141e-01 6.98969960e-01
    6.88423872e-01 5.34432888e-01 1.89923704e-01 9.82444465e-01
    6.29867017e-02 1.67587906e-01 1.08603805e-01 2.40205437e-01
    5.97941637e-01 6.08470559e-01 7.74567127e-01 3.75509918e-01
    4.44295138e-01 9.19482768e-01 3.94150615e-02 4.55484748e-01
    8.41943324e-02 5.61210752e-01 8.15056205e-01 7.17205346e-01
    3.64365280e-02 6.76093340e-01 8.16319287e-01 7.91157186e-01
    2.79358983e-01 7.75520086e-01 4.55725372e-01 4.40489829e-01
    2.17986852e-01 8.58291388e-02 7.28093982e-01 7.17669845e-01
    1.73547685e-01 9.06760216e-01 1.68403029e-01 5.33064961e-01
    4.56508517e-01 5.17310202e-01 5.70998788e-02 4.10407156e-01
    4.34229076e-01 9.40777183e-01 8.05828035e-01 2.29110271e-01
    5.70405543e-01 5.73589742e-01 9.36585367e-02 3.16110492e-01
    8.36548686e-01 9.84435081e-01 2.26297975e-01 6.03866279e-02
    5.02021849e-01 9.90908206e-01 8.35516691e-01 7.28212893e-01
    3.86947274e-01 1.77807033e-01 4.67885524e-01 2.82195270e-01
    4.98520732e-02 9.74970043e-01 1.72215879e-01 6.39954090e-01
    6.35737836e-01 4.41188186e-01 4.24515635e-01 9.98368025e-01
    8.52749646e-01 3.79455030e-01 6.94782495e-01 8.17907214e-01
    3.17088664e-01 3.78976792e-01 3.64147246e-01 3.77827048e-01
    6.58412874e-01 1.19212508e-01 3.21340322e-01 6.08610570e-01
    5.25419533e-01 3.27173054e-01 7.31612086e-01 5.60284376e-01
    8.91935647e-01 5.66452920e-01 6.28793836e-01 8.18485618e-02
    2.93054640e-01 7.30771065e-01 4.86012369e-01 3.50264907e-02
    8.62552702e-01 8.41689110e-01 8.86448264e-01 3.12794328e-01
    5.82220078e-01 1.59635931e-01 4.09577042e-01 7.45619953e-01
    7.83843577e-01 8.59455347e-01 8.70618582e-01 5.61201096e-01
    6.47357583e-01 9.69232082e-01 4.14271265e-01 8.16566110e-01
    1.11691028e-01 6.89216554e-01 4.57479656e-02 7.01358318e-02
    6.19246900e-01 7.71025181e-01 9.20430183e-01 4.30864304e-01
    3.61530185e-02 2.99337178e-01 9.65764165e-01 8.35135818e-01
    9.92621183e-01 7.76173353e-01 4.92311716e-02 5.75012088e-01
    6.11536920e-01 2.72337466e-01 3.96536082e-01 9.05444980e-01
    8.53918672e-01 8.72382164e-01 6.35012329e-01 1.21089697e-01
    5.20198882e-01 2.66577959e-01 1.88199818e-01 3.99685532e-01
    2.35309750e-01 2.04363674e-01 9.69363689e-01 5.72655261e-01
    9.82113957e-01 9.51118827e-01 1.86853975e-01 2.37548143e-01
    2.21765846e-01 4.73857403e-01 8.74396801e-01 4.59720194e-01
    8.17906797e-01 1.09640598e-01 3.21942925e-01 9.79056120e-01
    7.93603361e-02 6.63554132e-01 6.33845031e-02 7.09012866e-01
    5.67382097e-01 3.69902790e-01 5.16053200e-01 3.84067148e-01
    3.95943522e-01 8.12413573e-01 1.02549583e-01 9.46173549e-01
    5.32956421e-01 2.59513557e-01 6.00396752e-01 2.92717874e-01
    2.06327438e-01 7.31582642e-02 4.79669631e-01 8.55978370e-01
    7.27661908e-01 2.13371426e-01 9.27010775e-01 2.26519823e-01
    4.09356415e-01 1.78897172e-01 8.19050193e-01 1.89145714e-01
    4.24904704e-01 2.69923389e-01 2.67645478e-01 7.63094723e-01
    8.84131670e-01 7.28445411e-01 5.85996747e-01 8.19366515e-01
    3.81210238e-01 9.48418021e-01 7.45713711e-03 6.40741467e-01
    5.80501676e-01 8.71724248e-01 9.11914468e-01 4.49260473e-01
    4.12944257e-01 7.28893697e-01 3.35857868e-02 5.41937530e-01
    2.86071897e-02 9.63462114e-01 6.61778212e-01 6.47202730e-01
    4.24999952e-01 1.14299953e-01 2.56097019e-01 9.32667613e-01
    8.91500711e-01 3.06203067e-01 4.74498868e-01 1.96398139e-01
    3.67151082e-01 1.95820779e-01 3.51021141e-01 5.75339019e-01
    2.27403313e-01 4.35875386e-01 1.90524995e-01 4.51889455e-01
    1.87700927e-01 4.88544166e-01 9.32365716e-01 7.84439921e-01
    6.27053380e-01 7.45033264e-01 7.58486629e-01 3.02610546e-01
    8.47734809e-01 5.55794179e-01 4.84457284e-01 3.38309377e-01
    3.97048682e-01 9.78451729e-01 6.79429293e-01 8.31960917e-01
    8.18444610e-01 3.37673366e-01 1.08375877e-01 5.93364596e-01
    2.25720882e-01 7.64888406e-01 3.51498485e-01 1.02495849e-01
    1.01642549e-01 1.17869824e-01 1.98340803e-01 9.03149009e-01
    2.23260134e-01 6.04750872e-01 6.49594426e-01 1.25958472e-01
    2.03226894e-01 3.58376771e-01 5.86883485e-01 7.76758254e-01
    8.91844928e-01 5.56215882e-01 5.41007638e-01 7.68125474e-01
    1.68455571e-01 4.18808132e-01 8.62110674e-01 3.39481056e-01
    1.17785782e-01 1.84843421e-01 6.45362496e-01 9.53208685e-01
    2.98114687e-01 1.75032794e-01 7.94296682e-01 2.94290632e-01
    1.86188698e-01 1.40145272e-01 9.66019034e-01 9.20117736e-01
    3.74462008e-02 6.61710024e-01 5.83335400e-01 7.64564574e-02
    6.09150231e-01 4.33754534e-01 8.85793567e-01 2.49204993e-01
    6.97272956e-01 6.68723702e-01 5.36155701e-01 6.45273328e-01
    2.75990665e-02 5.30184150e-01 5.89547873e-01 5.90536356e-01
    7.43157506e-01 2.61011660e-01 9.25087333e-01 2.46163011e-01
    4.23901260e-01 5.62497973e-01 4.18653876e-01 9.56707597e-01
    7.07107425e-01 9.34189796e-01 1.20056659e-01 7.78623939e-01
    2.38343954e-01 6.95324600e-01 2.49885559e-01 5.46280086e-01
    6.81866884e-01 5.89375257e-01 1.28553420e-01 3.30883652e-01
    5.01394093e-01 5.08660793e-01 6.46772742e-01 3.58457088e-01
    4.84996170e-01 3.78718138e-01 5.29076219e-01 9.36119020e-01
    9.92988527e-01 8.93119931e-01 1.05163157e-02 5.75556397e-01
    6.39354885e-02 9.38229084e-01 9.10485387e-01 2.72631049e-02
    4.95751560e-01 1.39012128e-01 1.69994682e-01 5.57034254e-01
    2.18279243e-01 8.86239171e-01 1.91933811e-02 7.33752012e-01
    6.80938840e-01 2.29403973e-01 9.46060419e-01 9.70949531e-01
    7.02888966e-02 1.23721570e-01 3.95152569e-01 9.03284371e-01
    2.10182548e-01 4.12654102e-01 7.01838553e-01 5.10363460e-01
    4.38750297e-01 4.67794448e-01 2.84360886e-01 1.88815355e-01
    8.86989594e-01 7.57097840e-01 4.90825713e-01 5.18726289e-01
    6.60216808e-01 5.65903962e-01 9.36077893e-01 3.61635506e-01
    5.39952040e-01 7.38416970e-01 6.26546383e-01 6.34463131e-01
    4.18921828e-01 2.24799365e-01 2.27271557e-01 7.95456171e-01
    1.53096914e-01 7.42803097e-01 9.40415978e-01 9.29136634e-01
    3.75667691e-01 4.56767678e-01 9.80019331e-01 7.16331482e-01
    4.23388690e-01 5.86104393e-01 6.41558051e-01 4.19175059e-01
    8.78550231e-01 5.49105406e-02 3.75704169e-01 9.32610989e-01
    9.60457802e-01 1.33889198e-01 8.29050839e-01 9.58690166e-01
    7.00534225e-01 8.82086277e-01 8.51753592e-01 4.79539424e-01
    3.86172026e-01 9.99460220e-02 9.03651953e-01 7.83278704e-01
    3.64914238e-01 7.03856349e-02 5.20697773e-01 7.94110835e-01
    4.13503200e-01 6.16145551e-01 2.34531194e-01 6.84728801e-01
    8.87435555e-01 8.53308082e-01 9.05120134e-01 9.72259641e-01
    1.16535187e-01 4.93833214e-01 6.30839765e-02 8.77929807e-01
    4.81026322e-01 4.25746739e-02 6.58407211e-01 9.38529968e-01
    6.76047444e-01 4.26275909e-01 8.00807238e-01 7.58818865e-01
    4.77829814e-01 3.14954519e-02 2.95707583e-03 8.26916754e-01
    8.87010276e-01 4.16598052e-01 1.28504813e-01 5.12698174e-01
    2.36192614e-01 2.04095542e-02 2.35788047e-01 5.60927451e-01
    6.42081022e-01 9.74921167e-01 3.48380327e-01 6.76677048e-01
    7.31217802e-01 3.83358240e-01 1.38886362e-01 9.46969271e-01
    9.98300076e-01 7.26994753e-01 8.52438331e-01 9.36127067e-01
    4.87627268e-01 9.32629704e-01 8.94960165e-02 6.25039697e-01
    3.20071578e-01 4.00784731e-01 5.08938193e-01 1.71260834e-01
    5.12169838e-01 6.87594891e-01 1.79563284e-01 4.40424532e-01
    5.47533333e-01 4.33281302e-01 4.52274054e-01 3.97645831e-01
    6.26466930e-01 6.06645942e-01 7.24660218e-01 1.94488436e-01
    1.48458779e-02 9.58385468e-02 1.97801709e-01 8.12344790e-01
    1.72273606e-01 6.22109652e-01 2.39068151e-01 7.60188639e-01
    4.44321394e-01 6.35045052e-01 5.17952442e-03 9.77022409e-01
    8.50798249e-01 6.28095746e-01 2.58141130e-01 7.96949506e-01
    5.30446947e-01 9.65998292e-01 8.95151973e-01 3.67139637e-01
    5.47911763e-01 4.08149362e-01 4.24083471e-01 2.21330047e-01
    9.86870229e-01 4.54099774e-02 1.63401127e-01 4.27846283e-01
    8.29929829e-01 1.30426824e-01 5.76260567e-01 1.09400749e-01
    8.75308871e-01 9.00266051e-01 4.82465446e-01 1.51028335e-01
    3.70626152e-02 7.55643368e-01 9.07703042e-02 5.85467517e-02
    4.52584594e-01 9.95567441e-01 7.25989044e-01 4.93715495e-01
    9.36433792e-01 9.84484076e-01 7.59585142e-01 6.52074099e-01
    3.53892744e-01 9.75492895e-02 6.74657285e-01 9.61731076e-01
    9.24216747e-01 8.30150366e-01 7.19190001e-01 3.88244390e-02
    6.84417725e-01 1.76795334e-01 6.38442636e-01 2.75319219e-02
    9.59959388e-01 9.09965217e-01 8.66684973e-01 1.64037377e-01
    3.73642683e-01 2.80889392e-01 1.48305386e-01 3.18885684e-01
    4.96560752e-01 6.64561868e-01 6.61209166e-01 3.22663754e-01
    9.23244298e-01 1.39733016e-01 2.94898152e-02 2.89473176e-01
    6.88982010e-01 8.96611452e-01 4.67853338e-01 5.14812946e-01
    7.99440265e-01 9.05648112e-01 1.13297135e-01 1.93928868e-01
    7.84775257e-01 3.30194414e-01 1.69473588e-02 2.76653707e-01
    4.62680876e-01 5.74304402e-01 3.49449098e-01 5.44411004e-01
    3.81886393e-01 7.54119635e-01 1.04703069e-01 4.32445467e-01
    4.04839367e-01 4.33596164e-01 7.11094141e-01 3.12066555e-01
    9.12609100e-01 4.67882752e-01 1.78954482e-01 3.72606099e-01
    4.11371231e-01 2.94931054e-01 9.62820292e-01 5.26061118e-01
    7.97660172e-01 3.46990794e-01 6.97867215e-01 2.64597595e-01
    9.27081585e-01 7.94288039e-01 6.02796078e-02 9.03389633e-01
    9.32516456e-02 9.37998176e-01 1.11618996e-01 2.73541749e-01
    9.18173254e-01 8.39976311e-01 3.11170578e-01 4.34748977e-01
    7.90842652e-01 5.50070703e-02 5.59440434e-01 2.78644323e-01
    6.79098964e-01 8.67393196e-01 2.54247665e-01 3.14518332e-01
    9.06517327e-01 7.39494503e-01 9.12712097e-01 8.91823411e-01
    8.75361562e-01 8.17001343e-01 7.18356013e-01 7.49366522e-01
    1.23076379e-01 2.80340016e-01 3.09066027e-01 7.86354184e-01
    6.80431008e-01 3.48315954e-01 4.01700497e-01 2.24887699e-01
    5.23857296e-01 1.38058841e-01 8.82957160e-01 5.79950929e-01
    6.61344588e-01 1.03929609e-01 4.78333294e-01 4.92963791e-01
    5.72672904e-01 2.37841249e-01 7.98978090e-01 5.85689425e-01
    1.47712797e-01 5.63156247e-01 1.85935825e-01 7.53099680e-01
    5.08836091e-01 2.47807652e-01 8.92312527e-02 3.41958642e-01
    5.11358678e-02 6.76139712e-01 2.20299989e-01 4.60053772e-01
    9.35761690e-01 8.93670678e-01 9.77659404e-01 8.35706234e-01
    7.33092844e-01 6.06619418e-02 6.80140436e-01 6.65244997e-01
    9.15631056e-01 2.85291672e-01 4.94786948e-01 2.72921324e-01
    6.05583668e-01 7.76090086e-01 8.94246817e-01 6.23328805e-01
    5.73622704e-01 2.50218689e-01 7.77612031e-01 9.26467776e-01
    7.25699246e-01 6.62879109e-01 1.35942608e-01 3.53210390e-01
    7.42849946e-01 5.98555446e-01 4.76257592e-01 4.04212952e-01
    1.20943487e-01 8.90456200e-01 9.06141996e-02 6.51972890e-01
    2.42332608e-01 8.93818676e-01 5.01368761e-01 7.63208032e-01
    1.69875711e-01 4.26672161e-01 5.53359985e-02 8.86848927e-01
    4.36029255e-01 8.70806992e-01 7.98944950e-01 9.24802303e-01
    2.33661950e-01 3.70793104e-01 1.85297400e-01 4.51423526e-02
    5.19340754e-01 6.65159345e-01 9.19745922e-01 6.73782349e-01
    9.22133029e-01 4.66340303e-01 4.53560382e-01 1.75510883e-01
    6.82976365e-01 6.33866727e-01 1.20716095e-01 3.18512678e-01
    1.40293270e-01 2.61528164e-01 8.38847041e-01 2.45222360e-01
    7.02601254e-01 3.96985471e-01 9.59292650e-01 3.42424840e-01
    1.41412377e-01 7.36180842e-01 7.59722173e-01 7.97343850e-02
    5.98655283e-01 8.74369264e-01 5.85595608e-01 4.28702980e-01
    3.61651182e-03 7.39717185e-01 9.38561082e-01 6.06336355e-01
    8.82402360e-02 3.99132043e-01 2.71002054e-01 6.34918451e-01
    3.79738212e-01 2.78701246e-01 6.32467091e-01 8.03982258e-01
    6.51980937e-01 4.19998288e-01 1.77584291e-02 7.99729109e-01
    6.79369688e-01 5.09261847e-01 6.95449054e-01 8.75162125e-01
    7.91235268e-02 4.35935140e-01 2.69378483e-01 6.71737731e-01
    5.17945111e-01 3.89181733e-01 1.59931153e-01 2.76671112e-01
    4.78025734e-01 2.90058255e-01 5.86003602e-01 2.02604592e-01
    2.31267124e-01 1.82816356e-01 5.02971113e-02 2.56351233e-01
    9.66349244e-01 1.31049842e-01 1.35239631e-01 8.47461820e-03
    5.00579238e-01 2.47752726e-01 7.31551349e-01 3.24554712e-01
    8.34380984e-01 2.45960295e-01 1.39267743e-01 1.74673676e-01
    3.29863131e-02 8.38684797e-01 1.52720511e-02 5.48273325e-01
    7.06886947e-01 2.56349295e-01 6.14456415e-01 5.69729388e-01
    5.11542320e-01 3.21199238e-01 6.95457280e-01 2.57959723e-01
    3.36264670e-02 8.63674641e-01 3.84807080e-01 1.65632367e-02
    3.98481429e-01 3.48356336e-01 3.94793391e-01 9.93024945e-01
    3.47986579e-01 8.62408638e-01 2.61345208e-01 9.16919708e-02
    2.95476973e-01 3.44907880e-01 4.38694566e-01 7.04521894e-01
    5.83382607e-01 3.67844224e-01 8.80392849e-01 1.00996792e-01
    9.57280874e-01 6.20036423e-01 2.83552140e-01 3.14119488e-01
    2.08102286e-01 9.05858040e-01 7.58642614e-01 7.44257331e-01
    2.28191555e-01 5.22212088e-02 3.58064115e-01 8.40580225e-01
    3.47455025e-01 3.00947011e-01 6.15519345e-01 3.95936191e-01
    9.73786592e-01 6.76183701e-02 7.06781685e-01 9.72785890e-01
    2.10813820e-01 6.50932312e-01 5.83934784e-03 7.36473858e-01
    7.92367101e-01 7.26812482e-01 7.14342535e-01 8.20122242e-01
    1.89859837e-01 8.88859868e-01 5.60980916e-01 2.53895998e-01
    8.73536110e-01 8.30708385e-01 9.32105303e-01 4.53947753e-01
    6.90715194e-01 5.15628159e-01 6.30474448e-01 6.24655724e-01
    8.90599847e-01 7.36342788e-01 7.43722737e-01 5.28473914e-01
    3.01117122e-01 6.06376052e-01 4.65187877e-01 1.91872805e-01
    1.45451546e-01 4.84161407e-01 9.51140046e-01 9.68472958e-01
    9.22096968e-02 6.78594828e-01 5.05701721e-01 3.79213810e-01
    8.15085769e-01 6.55610919e-01 1.52584970e-01 5.33794224e-01
    2.52659678e-01 6.60235345e-01 7.07767308e-02 7.20492899e-02
    3.51661235e-01 4.54764515e-01 2.10113853e-01 9.44768250e-01
    6.38989568e-01 5.83438456e-01 3.82724106e-02 6.31928146e-01
    9.69660401e-01 5.39185405e-01 5.46113014e-01 7.77675807e-02
    1.39495701e-01 7.33169436e-01 7.36941576e-01 2.74147779e-01
    4.72679734e-01 3.51258993e-01 1.85312182e-01 3.73001456e-01
    7.20711350e-01 5.89145958e-01 2.15895772e-02 8.40198517e-01
    6.65133655e-01 7.54073501e-01 5.57442725e-01 3.75902176e-01
    8.43159318e-01 2.62589425e-01 8.85256290e-01 3.58429790e-01
    6.15343332e-01 9.12155271e-01 7.99255371e-01 6.78601623e-01
    5.70384085e-01 4.15436089e-01 8.24552774e-01 5.75532496e-01
    5.92008591e-01 8.90417397e-02 8.69320393e-01 7.04741716e-01
    1.09520972e-01 2.36751467e-01 9.02394950e-01 5.96765459e-01
    8.95745039e-01 2.78814763e-01 4.84526277e-01 4.58482951e-01
    6.89576983e-01 4.16091084e-02 3.90984505e-01 1.49499357e-01
    4.46993351e-01 1.04234934e-01 5.08714914e-02 4.37091887e-02
    3.97134811e-01 1.18555486e-01 5.95297813e-01 9.63548541e-01
    8.78454387e-01 1.89747483e-01 4.52994496e-01 1.15462512e-01
    3.91478419e-01 8.17971647e-01 4.08053637e-01 3.04934651e-01
    6.97463334e-01 3.60380292e-01 6.01236820e-01 7.06289291e-01
    7.52406418e-01 5.11743188e-01 1.52572989e-02 5.55326998e-01
    7.96047211e-01 7.26737142e-01 3.86515319e-01 8.43751788e-01
    2.88555026e-01 9.49063659e-01 7.03391790e-01 7.00785220e-01
    6.32810056e-01 7.51230776e-01 6.80136561e-01 6.90145791e-01
    1.23798847e-01 6.22400820e-01 5.28338015e-01 9.16691422e-01
    5.34745932e-01 1.07777476e-01 5.60735166e-01 8.61450315e-01
    5.97472012e-01 7.51994014e-01 2.58410931e-01 4.88995582e-01
    8.13186586e-01 3.82257760e-01 5.12761772e-02 2.13915259e-01
    8.74396682e-01 9.61380482e-01 2.50586867e-01 9.70893502e-01
    7.09109247e-01 4.32298839e-01 6.99693263e-01 5.20159423e-01
    1.85717344e-01 6.01929665e-01 1.82902664e-01 2.75504470e-01
    2.21818566e-01 9.41215992e-01 7.15215802e-01 1.99192822e-01
    5.37148118e-01 4.14964497e-01 8.64965677e-01 4.58879948e-01
    8.35692942e-01 4.90736067e-02 3.02984327e-01 7.39133716e-01
    2.39481360e-01 3.04248393e-01 7.04603016e-01 7.75809646e-01
    8.60826910e-01 7.40295410e-01 2.45127082e-02 4.83763218e-01
    3.14542949e-01 1.49006844e-01 9.87068653e-01 7.38069654e-01
    9.90768790e-01 6.78145051e-01 4.00878072e-01 8.48475337e-01
    7.22075105e-02 3.71855974e-01 2.27636993e-01 8.21074605e-01
    4.15586531e-02 1.31540060e-01 6.04265094e-01 9.69846964e-01
    5.46186924e-01 4.68319118e-01 9.31926489e-01 1.05937362e-01
    7.83941150e-03 6.26244426e-01 4.63059902e-01 4.04341221e-01
    2.87143379e-01 8.84883165e-01 9.51860726e-01 9.40065265e-01
    6.44194663e-01 3.58787000e-01 4.57169384e-01 7.88835526e-01
    7.40589738e-01 9.34859216e-01 4.25855696e-01 5.59236884e-01
    3.08229864e-01 8.34701002e-01 8.04893374e-01 8.27783942e-01
    7.37539351e-01 1.41193062e-01 6.32898092e-01 5.56390464e-01
    8.00064802e-01 4.98876840e-01 8.34818482e-01 8.23922455e-02
    5.06063879e-01 2.44833320e-01 2.31330931e-01 9.19485569e-01
    8.92289042e-01 3.25343043e-01 6.62787378e-01 4.43408519e-01
    5.00151575e-01 1.23671889e-02 4.03277576e-01 8.52949500e-01
    2.98389226e-01 2.73070902e-01 5.07918715e-01 8.90942097e-01
    5.81500530e-01 8.10146213e-01 2.48453319e-02 1.27980024e-01
    4.89228368e-01 1.02244973e-01 7.64406741e-01 9.71968889e-01
    1.00488991e-01 3.31308603e-01 3.20211709e-01 9.00109887e-01
    9.11664128e-01 2.90994942e-01 6.92590833e-01 7.80709147e-01
    5.20483971e-01 9.27562475e-01 4.79701430e-01 8.74610186e-01
    2.28951633e-01 7.87901282e-01 3.21455866e-01 5.73722899e-01
    6.39016449e-01 4.99792844e-01 2.04210103e-01 9.97093558e-01
    9.52045798e-01 3.76437128e-01 4.80384022e-01 2.74972647e-01
    4.16655540e-02 5.01121342e-01 4.84347343e-03 3.95445317e-01
    8.68846953e-01 3.40257883e-02 8.01008582e-01 9.36097741e-01
    4.96316105e-01 5.80120981e-02 5.57425559e-01 9.36447263e-01
    6.75561726e-02 3.25073719e-01 6.66313827e-01 4.68612313e-02
    4.17804897e-01 8.46764207e-01 5.12142360e-01 4.70633507e-01
    1.21861309e-01 6.68986142e-01 3.07533741e-02 7.80376732e-01
    5.60497701e-01 1.81302190e-01 7.91709483e-01 9.09839571e-02
    2.70128369e-01 7.31196225e-01 3.26508284e-01 7.85978138e-01
    7.71596551e-01 5.59413254e-01 8.19399595e-01 3.83179516e-01
    9.01370108e-01 9.64061320e-01 5.89987874e-01 5.85533261e-01
    1.87085927e-01 2.56062567e-01 9.15190458e-01 9.61994469e-01
    7.46434927e-01 3.02072465e-02 2.34207571e-01 5.93288779e-01
    4.24507886e-01 1.84504092e-02 7.99919367e-01 5.24292231e-01
    5.27009368e-01 4.27634656e-01 4.84385878e-01 7.95260966e-01
    1.23040378e-02 2.30857402e-01 2.34286338e-01 7.86513805e-01
    6.92679584e-01 9.72628355e-01 2.04511434e-01 9.51307297e-01
    4.47879493e-01 7.52248645e-01 3.65170836e-02 8.30708504e-01
    6.52106404e-02 1.10518485e-01 6.52428567e-01 4.73477781e-01
    9.30591345e-01 6.94457352e-01 9.06854212e-01 2.37418115e-01
    1.39946043e-02 4.47661668e-01 6.18199706e-02 3.01937282e-01
    6.84716284e-01 9.86708164e-01 8.62516463e-01 3.12915802e-01
    8.74438286e-01 2.44368136e-01 6.70399010e-01 3.45382035e-01
    1.65796876e-02 4.56958592e-01 1.33803457e-01 5.54731488e-01
    7.58679330e-01 6.85492814e-01 2.56732911e-01 9.98243451e-01
    4.35867906e-02 7.36552894e-01 3.03902686e-01 1.07433021e-01
    4.89016414e-01 5.07544279e-01 4.38645989e-01 3.45708728e-02
    6.68681800e-01 3.11087757e-01 8.27197075e-01 2.21063018e-01
    2.58942038e-01 3.48374218e-01 1.16342574e-01 5.40077448e-01
    7.33946145e-01 3.64882231e-01 3.00942570e-01 8.52738142e-01
    6.40842438e-01 3.92762929e-01 1.24281883e-01 8.35824370e-01
    5.82877100e-02 8.10680449e-01 6.52045965e-01 7.63157010e-02
    1.07398540e-01 6.04221523e-01 2.84323961e-01 6.56621575e-01
    2.39014059e-01 2.73845375e-01 5.54055452e-01 2.84405529e-01
    2.73674071e-01 1.92711294e-01 6.27791286e-01 3.81838083e-02
    6.69385672e-01 6.69858456e-02 7.36181736e-01 8.53862405e-01
    5.10239959e-01 2.14901984e-01 2.34640747e-01 9.39321935e-01
    2.19910711e-01 2.12887973e-01 9.60676849e-01 9.03694391e-01
    5.44611752e-01 5.53384840e-01 7.12547421e-01 3.50815922e-01
    3.30256909e-01 8.94732177e-02 1.80594951e-01 3.79558563e-01
    6.76563442e-01 7.01915979e-01 7.40913987e-01 9.99945462e-01
    7.19496846e-01 6.60528243e-01 3.14846069e-01 4.23958123e-01
    7.23107636e-01 3.10990274e-01 8.90434146e-01 2.13504732e-01
    6.60080612e-02 3.98540974e-01 7.52997160e-01 4.42788333e-01
    5.60784578e-01 8.87752175e-02 8.86750937e-01 7.65278041e-01
    6.77690744e-01 5.73102355e-01 5.60165763e-01 6.74571753e-01
    8.36694241e-03 4.84280825e-01 4.07560438e-01 3.56420994e-01
    2.45741308e-01 6.12410367e-01 7.49888361e-01 8.30765009e-01
    8.48544836e-01 9.57543552e-01 6.03269398e-01 5.63498974e-01
    9.00674820e-01 7.03855217e-01 8.43707025e-01 5.20485103e-01
    3.60036254e-01 9.51593161e-01 2.06299812e-01 7.36535251e-01
    5.28263152e-02 7.47274160e-01 9.40518975e-02 8.57005179e-01
    6.29822969e-01 4.53053623e-01 8.92456949e-01 1.48356259e-02
    2.14899242e-01 4.86877054e-01 5.54961562e-02 5.04040599e-01
    8.45551848e-01 5.26741385e-01 8.32787156e-02 8.93872142e-01
    1.19014531e-01 4.02319252e-01 9.34774160e-01 2.81685412e-01
    5.78566372e-01 7.01813698e-02 3.29113007e-02 1.87072486e-01
    2.48649210e-01 1.37023568e-01 9.66761470e-01 5.12515187e-01
    5.04135132e-01 4.74732071e-01 7.78705060e-01 6.91765428e-01
    3.90463650e-01 3.25564861e-01 3.64159465e-01 4.78726953e-01
    6.88250840e-01 1.62252605e-01 8.29328179e-01 4.23209459e-01
    8.14435244e-01 8.51145387e-01 2.14920253e-01 5.16710281e-01
    7.58585930e-02 9.23400819e-02 8.41215432e-01 3.03766072e-01
    5.16646922e-01 6.21484995e-01 3.71475190e-01 8.76724601e-01
    8.40262294e-01 5.48810780e-01 1.87149882e-01 8.09064627e-01
    6.94904804e-01 8.29362512e-01 4.69343543e-01 5.21870673e-01
    7.33208120e-01 1.67421609e-01 8.78772199e-01 3.45248938e-01
    1.96289986e-01 8.37352574e-02 2.25465119e-01 9.50531840e-01
    1.02648705e-01 7.56319642e-01 1.47873431e-01 2.06367671e-01
    9.46924567e-01 1.23093545e-01 5.39215565e-01 1.92988694e-01
    5.39628446e-01 3.61137867e-01 9.64214802e-01 4.64535177e-01
    4.13906157e-01 5.63034832e-01 1.64268225e-01 6.28594935e-01
    9.17927980e-01 2.26604819e-01 9.40807939e-01 4.00940061e-01
    2.16001242e-01 9.16349947e-01 4.27800000e-01 3.85669410e-01
    7.87117720e-01 2.70167559e-01 1.14330292e-01 6.51020825e-01
    2.99485266e-01 1.93463743e-01 2.15661526e-02 9.33763921e-01
    6.48899555e-01 6.84615791e-01 2.82478273e-01 9.46292758e-01
    8.23181152e-01 2.62058437e-01 6.51747346e-01 9.84197021e-01
    3.88742357e-01 7.24498510e-01 6.85820103e-01 3.05645466e-01
    2.33416289e-01 1.14436209e-01 9.12903130e-01 7.68093944e-01
    4.24262941e-01 3.51189971e-01 6.82352424e-01 2.06547171e-01
    1.26238018e-01 2.52867222e-01 7.31012464e-01 7.65301526e-01
    2.35106945e-01 1.43576026e-01 9.34646904e-01 9.00112987e-02
    5.63601196e-01 6.52468026e-01 7.66761899e-01 4.82615530e-01
    3.52942646e-02 2.54184186e-01 8.66222978e-01 3.85267437e-02
    4.35871989e-01 1.96045160e-01 8.60334635e-01 6.35302603e-01
    4.62403178e-01 2.40374565e-01 5.80016255e-01 1.71669602e-01
    7.15183377e-01 3.03974450e-02 2.20501065e-01 1.89785331e-01
    4.68078494e-01 3.07897270e-01 1.71157509e-01 3.41104269e-02
    7.53114045e-01 8.52040648e-01 4.89550501e-01 9.55135882e-01
    9.24770117e-01 4.25026417e-02 9.48960006e-01 8.77750874e-01
    3.34130704e-01 8.18609595e-01 8.30453277e-01 8.51699233e-01
    5.53843141e-01 8.85182619e-02 4.23392117e-01 8.51863027e-01
    2.43109584e-01 5.91445804e-01 6.10721231e-01 4.19299603e-01
    3.71305823e-01 2.34285206e-01 2.77444601e-01 1.45736635e-01
    6.19432688e-01 8.08041573e-01 8.89346838e-01 6.43448830e-01
    8.98962915e-02 3.47745895e-01 2.80910581e-01 7.54417658e-01
    3.08168024e-01 6.78241193e-01 9.47401166e-01 3.02845240e-01
    3.71162564e-01 1.52899563e-01 5.10647535e-01 8.37618113e-01
    7.06726491e-01 1.68063253e-01 8.97929847e-01 9.17317092e-01
    1.22938693e-01 4.13163662e-01 9.08235550e-01 4.82278794e-01
    2.37378985e-01 2.91210711e-01 2.19959825e-01 5.81280529e-01
    9.80347037e-01 9.86813068e-01 1.49921656e-01 8.80001307e-01
    7.94606447e-01 1.40306413e-01 4.10947859e-01 3.61206353e-01
    6.99594975e-01 1.17008686e-01 6.55515194e-01 5.77214360e-03
    4.14236784e-01 7.63940692e-01 8.85217428e-01 8.27448606e-01
    5.72569132e-01 3.30536813e-01 2.39129007e-01 6.16562247e-01
    3.16021830e-01 6.05935454e-01 1.25169247e-01 7.14381516e-01
    5.00785708e-01 1.82979316e-01 3.86766076e-01 5.17865419e-02
    8.82235765e-01 2.79143810e-01 6.78805411e-01 6.55013680e-01
    6.88898981e-01 8.17214489e-01 1.55931383e-01 2.22388625e-01
    8.58594716e-01 3.98318470e-01 9.09415483e-01 2.68461704e-02
    5.26922882e-01 6.87978566e-02 6.70544624e-01 5.94210982e-01
    1.64401531e-03 2.44182080e-01 8.65235746e-01 9.91869569e-02
    4.51407105e-01 8.72083306e-01 6.57866359e-01 5.83115160e-01
    9.88678992e-01 6.57962859e-02 1.61197186e-02 2.33947545e-01
    5.53041279e-01 5.62211871e-03 5.78358769e-01 1.48111582e-01
    1.56405836e-01 5.68976462e-01 6.84155941e-01 4.17186230e-01
    9.34206009e-01 9.44535732e-01 4.67135340e-01 6.99216127e-01
    4.76854652e-01 8.22672665e-01 3.98021519e-01 2.76357055e-01
    2.60036081e-01 1.31249964e-01 7.52371073e-01 3.96917880e-01
    1.00388974e-01 5.36136568e-01 7.30747283e-01 5.33007443e-01
    1.23596668e-01 6.24258578e-01 3.07693422e-01 1.16608322e-01
    5.39554238e-01 6.21872187e-01 2.60843754e-01 9.23056901e-02
    7.60860443e-01 7.56752491e-01 8.64469886e-01 6.93394661e-01
    9.27728534e-01 6.22218609e-01 2.61081040e-01 6.23643875e-01
    1.58868641e-01 5.48495710e-01 2.29895115e-02 9.33222592e-01
    3.54883313e-01 8.93825173e-01 4.51377630e-01 6.26628876e-01
    6.73321009e-01 4.79617834e-01 3.60099316e-01 8.18119884e-01
    3.24593067e-01 8.26828957e-01 8.69131684e-01 9.60444808e-01
    3.42722446e-01 7.36953676e-01 3.71312320e-01 6.19438231e-01
    6.29421115e-01 8.98946106e-01 4.52668130e-01 8.59159946e-01
    8.12936068e-01 8.42221022e-01 4.69727010e-01 5.91070235e-01
    6.70916378e-01 1.98858410e-01 5.49457729e-01 4.67155546e-01
    6.78812683e-01 2.56449521e-01 9.04032290e-01 5.66549838e-01
    8.55194092e-01 2.18107015e-01 5.08840680e-01 4.89099205e-01
    7.88475752e-01 4.72910523e-01 8.49653661e-01 6.81908965e-01
    2.71143615e-02 5.87215781e-01 5.21438718e-01 2.07383901e-01
    3.63519669e-01 7.55450487e-01 6.54867887e-02 2.22298324e-01
    1.65508449e-01 1.56813562e-01 7.82527268e-01 1.80406928e-01
    2.22685933e-01 4.80322748e-01 5.57021618e-01 9.95338440e-01
    6.82400882e-01 9.51661944e-01 2.22079188e-01 7.04521775e-01
    1.25166774e-03 3.68995786e-01 4.38180894e-01 3.54810148e-01
    6.29424930e-01 7.31311917e-01 6.99454904e-01 7.58988976e-01
    9.25660253e-01 1.88512713e-01 5.23905754e-02 4.02570009e-01
    1.49916291e-01 5.43811202e-01 7.56275833e-01 3.75382304e-01
    5.16972542e-01 2.68017769e-01 2.69400418e-01 2.35192269e-01
    4.73930418e-01 7.17639804e-01 4.53330874e-02 5.52483022e-01
    6.01188898e-01 6.38488531e-01 2.04575062e-03 2.04488516e-01
    7.65487254e-02 1.10304356e-01 8.09471667e-01 4.83749658e-01
    1.68892622e-01 9.50056434e-01 4.49400187e-01 2.60598779e-01
    9.95432734e-01 7.63960481e-02 9.14176404e-02 7.87484765e-01
    4.37109172e-02 9.59542513e-01 7.51226187e-01 4.15249079e-01
    4.12550122e-01 7.12237120e-01 6.34362817e-01 4.82702881e-01
    6.51519179e-01 7.01463521e-01 1.13708049e-01 1.37981743e-01
    2.99053013e-01 4.87369716e-01 2.93325901e-01 3.61141562e-02
    7.29529381e-01 4.31689918e-01 2.48394072e-01 4.70892847e-01
    5.60037017e-01 3.79994422e-01 4.13567603e-01 1.15797013e-01
    8.81364942e-01 1.40162945e-01 5.70491195e-01 5.96496820e-01
    6.18977547e-01 2.00519145e-01 3.33231539e-01 7.05857515e-01
    2.58424580e-02 8.17319989e-01 4.10350680e-01 8.39602947e-01
    2.12891102e-01 2.26417392e-01 5.72457075e-01 4.32066917e-01
    2.57387131e-01 5.55449009e-01 5.74714720e-01 4.63463336e-01
    3.89716655e-01 5.40696025e-01 7.05949605e-01 2.32274622e-01
    8.77400339e-02 7.12230563e-01 2.09316403e-01 8.52324367e-01
    1.98466003e-01 8.91290426e-01 6.48902535e-01 4.18020934e-01
    4.50814724e-01 2.68629789e-02 3.93338501e-01 5.26251197e-01
    3.42853546e-01 7.37778544e-02 4.03898358e-02 6.65514529e-01
    8.40440512e-01 6.86852515e-01 6.39272869e-01 6.23696387e-01
    3.66762042e-01 9.46807027e-01 6.30897820e-01 7.49233484e-01
    2.57508397e-01 6.46265149e-01 7.78220952e-01 6.91441119e-01
    8.96824718e-01 2.77004421e-01 8.29189837e-01 2.70658016e-01
    4.20510679e-01 6.29434586e-02 3.51332903e-01 2.42768854e-01
    7.63132453e-01 8.98115516e-01 6.34425104e-01 4.98319119e-01
    1.67637199e-01 6.02220297e-01 3.35103214e-01 4.15488601e-01
    3.44031483e-01 9.27070379e-01 7.46209741e-01 2.44621933e-01
    6.97253346e-01 8.71138334e-01 1.87440902e-01 4.76169795e-01
    2.24202991e-01 3.56489480e-01 5.68046093e-01 6.94900751e-02
    2.70697057e-01 4.08824205e-01 1.45014167e-01 4.97423887e-01
    6.38843775e-01 1.93620324e-02 1.51997864e-01 8.57149899e-01
    1.73699975e-01 6.72704995e-01 6.19788289e-01 5.63901961e-01
    4.58394378e-01 5.21405578e-01 1.15949243e-01 6.10615432e-01
    2.50079215e-01 2.63778448e-01 8.69783401e-01 2.70899743e-01
    8.64077568e-01 3.84634733e-03 2.92721808e-01 7.86069751e-01
    2.78051227e-01 6.49404109e-01 5.77525496e-02 6.61466420e-01
    7.62661338e-01 1.71590447e-02 7.92516470e-01 8.63107741e-01
    7.30598330e-01 9.62131977e-01 8.19033265e-01 5.68286002e-01
    6.44158721e-01 9.32062626e-01 6.23162329e-01 7.85700381e-02
    6.28355026e-01 7.10028648e-01 3.13216746e-01 8.85378003e-01
    1.67611033e-01 2.49362826e-01 4.48145509e-01 4.65635806e-01
    9.41168666e-01 8.63439083e-01 8.85460973e-01 9.42657053e-01
    9.15339947e-01 6.92835748e-02 1.13179296e-01 9.29774880e-01
    9.29463148e-01 9.86948013e-01 6.71543777e-01 5.99408746e-01
    2.67881215e-01 5.41272461e-01 7.49468863e-01 6.33504748e-01
    2.70927250e-01 9.96162176e-01 4.91306365e-01 7.39826143e-01
    8.51663709e-01 1.65945798e-01 5.97506344e-01 9.42277610e-01
    9.27981019e-01 7.50487685e-01 7.42145002e-01 2.87989974e-01
    8.56279016e-01 2.98729539e-03 1.01208001e-01 1.91815227e-01
    1.51854783e-01 4.07064974e-01 3.93153578e-01 4.89220321e-01
    3.27062041e-01 9.86501515e-01 9.18529153e-01 8.60135317e-01
    7.65520871e-01 6.20703399e-02 5.22081554e-01 6.18106127e-02
    6.80484951e-01 7.92112708e-01 7.88915455e-02 3.43761623e-01
    9.64194059e-01 8.02642703e-01 3.23925078e-01 3.60545635e-01
    9.14157569e-01 9.19171572e-01 6.29724860e-01 8.33764136e-01
    8.38503182e-01 9.75406826e-01 5.38926065e-01 7.66232252e-01
    1.54114753e-01 9.72287297e-01 1.24894887e-01 2.82746494e-01
    1.72295451e-01 4.00191635e-01 9.36482608e-01 5.61128438e-01
    3.06735933e-01 1.97438449e-01 3.81397784e-01 9.78104353e-01
    1.33310020e-01 2.07886100e-02 8.06277990e-02 4.15968955e-01
    1.20389819e-01 7.78862119e-01 8.16186666e-01 4.83903736e-01
    8.39897633e-01 4.47844267e-01 2.47108787e-01 4.99800295e-01
    6.53660059e-01 3.45967472e-01 9.14424121e-01 8.31717849e-01
    5.60208261e-01 4.35410291e-01 6.64348125e-01 2.64539242e-01
    6.71680212e-01 3.33533376e-01 6.39141202e-02 6.64609671e-01
    6.38482571e-01 6.35492206e-01 7.27920592e-01 1.81824058e-01
    5.86130559e-01 1.05888784e-01 5.09738564e-01 1.48739904e-01
    7.02139139e-01 9.56568480e-01 2.85999954e-01 8.84195387e-01
    9.54171538e-01 5.20699501e-01 5.28849304e-01 5.94444275e-01
    4.46990371e-01 1.25842392e-01 9.79119122e-01 8.15620065e-01
    5.53615212e-01 1.49717927e-03 1.99030936e-01 1.39978737e-01
    3.51225793e-01 3.72014910e-01 5.26204228e-01 8.46068859e-01
    8.73387754e-02 4.59752351e-01 8.18591237e-01 7.55181551e-01
    1.01190656e-01 9.59034145e-01 6.81380928e-01 4.75649118e-01
    5.07740855e-01 6.92415535e-01 4.48903918e-01 3.88574809e-01
    7.32945919e-01 4.32911128e-01 3.35003555e-01 2.24852562e-01
    3.14355820e-01 7.83739924e-01 5.85005462e-01 2.91244149e-01
    8.87404323e-01 3.00774455e-01 5.03101587e-01 2.52864242e-01
    4.86581624e-02 3.53814572e-01 2.33403057e-01 4.34438646e-01
    9.85468566e-01 7.25094736e-01 5.09190738e-01 3.76679718e-01
    1.97496265e-01 8.22860301e-02 7.78458655e-01 1.05949968e-01
    3.78215432e-01 7.52070248e-02 2.34068811e-01 9.99917269e-01
    5.93372583e-01 3.89124870e-01 1.38400108e-01 2.01944113e-02
    4.70729351e-01 6.68094456e-02 2.42504269e-01 3.68780375e-01
    8.58062804e-01 3.96748066e-01 1.10110015e-01 2.28609204e-01
    5.56021750e-01 7.21694708e-01 8.10582042e-01 8.93908143e-01
    7.01899529e-02 6.61375880e-01 8.41136098e-01 2.00508028e-01
    8.85143816e-01 7.91772962e-01 4.14238155e-01 6.89716339e-02
    6.34580076e-01 2.27604985e-01 9.92180347e-01 2.93718964e-01
    1.44607514e-01 9.20561612e-01 5.19821584e-01 3.36338997e-01
    8.66779566e-01 3.43548268e-01 9.71336544e-01 6.70928121e-01
    3.47123146e-01 1.90746486e-02 1.93848819e-01 1.30989373e-01
    3.40972841e-01 7.38443136e-01 2.56643325e-01 3.52900267e-01
    8.41798186e-01 4.48752046e-01 1.83073699e-01 1.14608467e-01
    5.02335012e-01 9.59312439e-01 4.40792441e-01 3.76637876e-02
    8.04948211e-01 3.66927445e-01 2.88252354e-01 5.41669190e-01
    4.18609381e-02 4.07485008e-01 8.55191469e-01 1.63897961e-01
    4.86358643e-01 9.76653576e-01 8.38386536e-01 3.06116760e-01
    7.40345120e-02 4.34680045e-01 2.33797729e-02 1.07885718e-01
    8.68890524e-01 1.52087867e-01 3.82086664e-01 5.69293618e-01
    6.49286330e-01 5.57286859e-01 1.52698696e-01 8.10161054e-01
    5.06263435e-01 2.05870777e-01 8.61780286e-01 8.66306424e-02
    3.50613475e-01 6.41510844e-01 6.05828822e-01 6.57213807e-01
    3.09466124e-02 4.43027794e-01 4.02239531e-01 3.78825456e-01
    3.53751302e-01 8.71646523e-01 8.50286782e-02 9.69369173e-01
    1.45074725e-01 5.46406150e-01 8.44781280e-01 4.62967455e-02
    1.14293396e-02 9.31310415e-01 7.18777657e-01 9.65506315e-01
    2.82484114e-01 1.52856588e-01 2.96485841e-01 6.12146854e-01
    9.25561309e-01 8.04356039e-02 6.17248416e-01 1.63874149e-01
    2.46588826e-01 1.49655402e-01 7.47415662e-01 5.50567806e-01
    2.99294591e-02 6.88318610e-01 4.95487005e-01 4.21345353e-01
    4.37380970e-02 7.53949881e-01 8.97220373e-02 6.70626998e-01
    8.95413101e-01 6.22751117e-01 9.05881524e-01 9.24396157e-01
    1.53781623e-01 2.59502172e-01 5.16196787e-01 9.31553245e-02
    4.93470877e-01 7.87921548e-01 7.62985408e-01 1.87624723e-01
    3.18118393e-01 9.65881646e-01 8.81400943e-01 2.87047327e-02
    4.32629883e-02 4.42136943e-01 4.66092825e-01 9.02665436e-01
    4.82116640e-01 1.37474597e-01 8.19937825e-01 6.63162589e-01
    2.61841208e-01 9.48861420e-01 8.54661167e-01 9.33867574e-01
    8.60773325e-01 5.40968120e-01 2.05531120e-01 3.13546330e-01
    8.60261440e-01 8.06135654e-01 4.61550951e-01 1.79843009e-01
    3.22180420e-01 9.91178155e-01 6.11774683e-01 4.34679955e-01
    5.36821723e-01 7.92147636e-01 8.24777305e-01 2.87981033e-02
    3.46058279e-01 5.66269100e-01 8.20845723e-01 3.54218602e-01
    7.64142573e-01 3.16294491e-01 5.99661112e-01 1.94639534e-01
    1.77877188e-01 7.42729366e-01 9.81266320e-01 1.53315663e-02
    5.56702316e-01 9.41592336e-01 9.59465742e-01 9.21371639e-01
    6.55170083e-01 8.50862503e-01 8.72753501e-01 9.06824350e-01
    2.51127481e-02 6.46501422e-01 3.66451502e-01 4.31572407e-01
    8.02350342e-01 3.09748441e-01 7.57752776e-01 4.02453691e-01
    2.08199799e-01 4.97201025e-01 6.31266654e-01 6.88143075e-02
    8.10842812e-02 3.81112337e-01 8.13213468e-01 6.71597004e-01
    4.17699814e-01 7.43996918e-01 6.28287256e-01 2.25473464e-01
    5.65244198e-01 4.11735773e-01 3.48516077e-01 1.92385018e-02
    7.99350321e-01 5.45589089e-01 7.94224262e-01 7.85980105e-01
    6.08092248e-01 7.70916700e-01 7.82046676e-01 7.03135967e-01
    7.57077813e-01 5.38558841e-01 4.23711807e-01 1.95044309e-01
    2.79933929e-01 9.30076957e-01 7.05531538e-01 6.96651757e-01
    4.52478558e-01 3.37093532e-01 5.07291198e-01 7.70938098e-02
    8.11250627e-01 2.89671659e-01 9.47409570e-02 6.68106914e-01
    8.59482706e-01 8.60636830e-01 6.93054318e-01 2.53072202e-01
    9.63027477e-02 6.84774160e-01 3.29514980e-01 8.06747317e-01
    5.08317590e-01 2.30812579e-01 2.98164785e-02 1.04266495e-01
    3.27862740e-01 9.34313655e-01 3.60922039e-01 5.25767267e-01
    7.96722412e-01 2.58958757e-01 4.21695262e-01 1.96294039e-01
    4.79528964e-01 9.61443663e-01 1.17629200e-01 8.43864858e-01
    8.83175015e-01 8.66858184e-01 3.44311595e-01 7.11096764e-01
    6.94141686e-01 6.80265844e-01 2.98284322e-01 7.75117993e-01
    1.64597809e-01 4.81391311e-01 4.09776330e-01 3.19848061e-01
    8.22159648e-01 7.77382851e-01 1.94392353e-01 1.69470012e-02
    5.98100901e-01 5.64476550e-01 2.29442000e-01 1.69822484e-01
    1.61228776e-01 3.68177235e-01 7.48452783e-01 4.23329830e-01
    7.74906039e-01 3.49022865e-01 1.77726030e-01 6.33132637e-01
    6.81051016e-02 4.99626309e-01 2.46766508e-02 9.23780382e-01
    7.78217018e-01 8.29936385e-01 9.56153870e-03 6.49147749e-01
    4.83037025e-01 2.54772007e-01 8.77087355e-01 5.06039858e-02
    7.54048944e-01 5.79540491e-01 7.69724846e-02 7.89219379e-01
    1.34259909e-01 9.44913030e-01 5.45657098e-01 2.70280808e-01
    4.80363667e-01 4.02287722e-01 8.75026882e-02 4.88825202e-01
    3.82797778e-01 8.11582804e-03 5.55759788e-01 3.75568390e-01
    1.01188123e-02 1.91170394e-01 9.54185605e-01 4.95412856e-01
    8.39612246e-01 7.69670248e-01 9.40757036e-01 1.12864465e-01
    5.60697317e-01 5.77999830e-01 6.28677011e-03 7.06104755e-01
    8.34763706e-01 9.64386761e-02 5.16295969e-01 7.03424215e-01
    6.45113766e-01 1.98558152e-01 6.69996977e-01 9.97489929e-01
    1.62456065e-01 2.07623452e-01 3.82697254e-01 6.33511066e-01
    3.12135041e-01 7.30493546e-01 8.41496229e-01 6.31852448e-01
    1.99404985e-01 9.58935976e-01 8.46771479e-01 1.09434128e-03
    6.50801659e-01 8.94960523e-01 9.62309241e-01 7.22988009e-01
    3.41442108e-01 1.61322743e-01 7.90977001e-01 1.66671097e-01
    5.21691680e-01 8.20086777e-01 7.11710036e-01 7.65009403e-01
    5.53703725e-01 7.64921606e-01 2.82019496e-01 3.29873323e-01
    4.08250779e-01 5.13165593e-01 6.77182317e-01 2.91217268e-01
    3.24014425e-02 1.77222520e-01 2.58520812e-01 4.20999885e-01
    7.53458261e-01 7.23937988e-01 3.79357219e-01 3.08016479e-01
    4.74748552e-01 2.16836035e-02 6.88157380e-01 9.90606010e-01
    2.03927338e-01 1.39915437e-01 5.82355261e-03 3.54406446e-01
    3.93036485e-01 4.84832227e-02 7.33298957e-02 9.31259096e-02
    5.06576896e-02 9.04205680e-01 4.11581159e-01 2.99750090e-01
    5.23045897e-01 4.74388301e-02 7.25750744e-01 1.63116008e-01
    9.31878984e-02 4.65860724e-01 1.15996689e-01 3.17862749e-01
    2.83452034e-01 7.13646114e-01 9.85468626e-02 3.97811055e-01
    1.90175891e-01 5.86367309e-01 5.96906304e-01 9.55039024e-01
    4.59493190e-01 8.32027793e-01 2.96141833e-01 7.92058229e-01
    2.69442379e-01 1.46772176e-01 4.08170849e-01 8.43775570e-01
    7.03143477e-02 3.03760231e-01 3.52390230e-01 1.31792784e-01
    8.72539282e-01 2.27768898e-01 1.54592991e-02 2.31485814e-01
    9.18201089e-01 5.81459284e-01 7.09929585e-01 3.88233036e-01
    9.77596521e-01 4.29838032e-01 6.17301285e-01 2.19816893e-01
    4.13332433e-01 7.30244696e-01 7.32649982e-01 8.26865077e-01
    5.59710324e-01 5.74087977e-01 6.91400349e-01 8.51216197e-01
    1.65473044e-01 2.17790604e-02 5.35260260e-01 6.41452670e-02
    3.73778731e-01 2.83127606e-01 8.42058420e-01 3.01907778e-01
    3.59389871e-01 2.54468679e-01 5.75048447e-01 3.03162694e-01
    2.06373990e-01 8.56441677e-01 1.21652395e-01 7.64413238e-01
    9.53454018e-01 1.91539645e-01 9.93031144e-01 4.20618832e-01
    4.67279166e-01 4.19685900e-01 8.11245143e-02 3.08952600e-01
    1.88273460e-01 8.10286701e-01 7.96193123e-01 5.62503755e-01
    3.75397772e-01 8.54434490e-01 7.01793969e-01 9.09944057e-01
    9.60840344e-01 2.12970078e-01 2.69149601e-01 2.60113955e-01
    8.92026424e-01 1.92032218e-01 5.05633235e-01 6.79821193e-01
    2.26034850e-01 8.95906568e-01 7.50411630e-01 2.19343424e-01
    1.46604955e-01 3.10847998e-01 8.76914859e-02 9.63433504e-01
    4.74345356e-01 3.07496548e-01 5.88944852e-01 9.89752650e-01
    3.62737358e-01 4.54680204e-01 1.25770569e-02 2.36166835e-01
    2.65256703e-01 6.16209805e-01 2.20907092e-01 1.99956983e-01
    1.45502120e-01 4.63683397e-01 1.31036907e-01 7.94383645e-01
    3.51183951e-01 9.42982674e-01 9.40705597e-01 2.00827241e-01
    9.07627523e-01 1.55952543e-01 6.03503048e-01 3.09170783e-02
    5.80883801e-01 7.65985727e-01 8.29452336e-01 3.18233758e-01
    9.48816121e-01 9.36330855e-02 9.22370672e-01 1.61318302e-01
    6.36533976e-01 8.71182919e-01 5.76665998e-01 3.09917480e-01
    3.83193314e-01 3.94087642e-01 6.52545691e-01 4.14017171e-01
    4.23741013e-01 6.74588323e-01 7.09762871e-02 8.56082559e-01
    1.13207340e-01 7.36642122e-01 7.66843319e-01 2.78484702e-01
    7.33556092e-01 7.55365551e-01 8.33510041e-01 9.32504535e-01
    9.30854976e-02 2.51245052e-01 8.53825510e-01 6.52718961e-01
    4.65104938e-01 5.74706435e-01 2.61592805e-01 1.81367010e-01
    7.13027000e-01 5.51396668e-01 1.60291016e-01 8.64432216e-01
    7.23512411e-01 4.64377463e-01 7.76825786e-01 4.90504354e-01
    4.24267739e-01 8.94410849e-01 2.37453461e-01 7.09206104e-01
    9.88958836e-01 9.08035874e-01 2.61840552e-01 8.87291551e-01
    4.65954244e-02 3.47563654e-01 7.91724980e-01 5.99218965e-01
    1.22142136e-02 8.98732424e-01 7.25562274e-02 7.92519033e-01
    4.10423458e-01 6.86306953e-01 7.75562763e-01 1.39512628e-01
    3.31395566e-02 5.77985466e-01 3.67666185e-01 4.90436971e-01
    7.47358680e-01 7.48058498e-01 4.86494184e-01 9.91829157e-01
    5.64123631e-01 2.07128197e-01 3.92922342e-01 1.06216133e-01
    6.54047847e-01 4.87867832e-01 2.06051290e-01 1.40876591e-01
    8.53281260e-01 8.17496359e-01 4.53871608e-01 3.53077501e-01
    1.37010247e-01 3.62920463e-01 7.85024703e-01 9.67788994e-01
    5.71286261e-01 9.00211453e-01 7.39551365e-01 6.97775781e-01
    7.57351041e-01 7.03268528e-01 8.31201673e-01 6.66470528e-01
    6.10913754e-01 1.34961873e-01 1.49472028e-01 3.06449831e-01
    1.11378103e-01 3.29709053e-01 5.72280645e-01 1.58748925e-02
    2.35457212e-01 5.58276176e-01 3.46548080e-01 3.18612814e-01
    2.14498430e-01 2.78672576e-03 5.90979099e-01 7.82204866e-01
    9.12486434e-01 8.35284829e-01 7.43396163e-01 6.07140779e-01
    4.51806337e-01 7.93103218e-01 3.15539002e-01 4.15827602e-01
    5.17071307e-01 7.11134017e-01 9.79502797e-01 9.75427926e-01
    4.79895651e-01 1.34149045e-01 3.84859741e-02 7.59850264e-01
    1.69790089e-01 5.57185352e-01 4.74046618e-01 4.63218451e-01
    4.02105570e-01 3.30870152e-01 4.81988192e-02 9.29343581e-01
    4.39177662e-01 8.97530496e-01 5.00161052e-01 1.57708734e-01
    4.29787099e-01 6.98708057e-01 4.01663959e-01 2.97632188e-01
    4.29403216e-01 4.36101973e-01 4.12420809e-01 3.40837032e-01
    7.53256083e-01 6.79976940e-01 6.68579519e-01 5.61634660e-01
    7.42608070e-01 8.42693448e-01 7.61066198e-01 4.89304721e-01
    9.87633944e-01 9.56545949e-01 1.21589392e-01 5.05762577e-01
    7.80782104e-03 4.19936210e-01 1.50462538e-01 8.59498620e-01
    3.46059442e-01 5.64171851e-01 4.41093445e-01 6.04658544e-01
    1.67321056e-01 2.58520603e-01 3.32801342e-01 5.03429770e-03
    4.85279799e-01 5.67057371e-01 9.55487847e-01 4.97592241e-01
    6.32919133e-01 7.59456158e-01 1.08197331e-02 5.77528358e-01
    2.19270945e-01 1.24494135e-02 2.17428952e-01 3.91095638e-01
    4.32360530e-01 7.53966153e-01 2.97775567e-02 7.62807727e-02
    6.80009127e-01 3.56728733e-01 5.32321930e-01 8.14594090e-01
    1.54627860e-01 4.64634597e-01 2.82635093e-02 9.85617816e-01
    2.43874401e-01 3.49466026e-01 2.96580493e-02 6.30416989e-01
    1.89669609e-01 7.16580093e-01 4.19290304e-01 7.56735921e-01
    7.30013430e-01 8.45047534e-02 4.13987488e-01 3.83932024e-01
    9.75174665e-01 2.85772383e-01 7.28841901e-01 8.62680614e-01
    2.69763231e-01 9.50989842e-01 4.03184295e-02 1.88908339e-01
    2.79481649e-01 5.50549805e-01 3.12269986e-01 8.63626659e-01
    6.68796778e-01 6.84451580e-01 2.71222353e-01 3.91995549e-01
    7.34791338e-01 2.60372698e-01 8.04384649e-01 4.16703641e-01
    6.79911077e-01 3.45054865e-01 7.69394875e-01 6.42688990e-01
    4.73181814e-01 1.53959095e-02 8.99990916e-01 6.09213889e-01
    9.17384088e-01 8.45448613e-01 8.88059020e-01 4.40295935e-01
    8.75445366e-01 8.72452021e-01 1.48396224e-01 1.52989864e-01
    6.59081101e-01 1.01284146e-01 2.02502906e-02 3.22130799e-01
    6.44718468e-01 3.77561569e-01 6.43058598e-01 3.70478362e-01
    4.97280985e-01 9.21745896e-01 5.89460373e-01 3.61012101e-01
    8.36600661e-01 2.12052554e-01 5.82395673e-01 4.85941768e-02
    3.25013220e-01 9.96442497e-01 5.88574708e-02 8.83539557e-01
    5.20832956e-01 4.83146340e-01 5.70961654e-01 1.83575451e-01
    4.49923366e-01 7.46784806e-01 4.65329587e-01 5.84209740e-01
    1.93595886e-03 6.69829488e-01 5.48335433e-01 5.87591827e-01
    5.59615731e-01 4.86498952e-01 1.01347148e-01 1.17769599e-01
    2.43312240e-01 1.59091204e-01 6.90681636e-02 1.10857278e-01
    4.37141091e-01 6.35186255e-01 3.90681267e-01 5.79926252e-01
    1.59377068e-01 4.24381584e-01 9.83321071e-01 8.15914035e-01
    5.34071326e-01 8.28356624e-01 2.76394069e-01 9.25883770e-01
    4.19516295e-01 6.02516532e-01 5.69088757e-02 4.97161031e-01
    9.48616505e-01 2.46750653e-01 5.23513675e-01 7.15294123e-01
    1.51072174e-01 7.21296072e-02 8.35622489e-01 4.57871407e-01
    3.60825837e-01 1.55456901e-01 1.12828225e-01 5.58186710e-01
    6.65430307e-01 5.67588270e-01 6.07514203e-01 5.00159562e-01
    3.20953816e-01 8.39195967e-01 4.19594705e-01 5.74561954e-01
    5.08883059e-01 6.73250198e-01 6.05082035e-01 8.09432268e-01
    4.83033031e-01 2.44629085e-01 7.58962512e-01 9.09392834e-01
    4.09148604e-01 6.57892585e-01 1.39614463e-01 6.20342374e-01
    2.65909374e-01 3.53979290e-01 2.76440203e-01 5.08823395e-02
    2.12902188e-01 3.34408402e-01 9.98780727e-02 4.32380497e-01
    1.47353828e-01 2.74814636e-01 7.72864878e-01 9.72938836e-01
    9.63017583e-01 4.55818325e-01 2.15160400e-01 6.42915130e-01
    2.62799174e-01 7.35176504e-02 4.37624097e-01 5.21398187e-01
    8.47034037e-01 7.47641921e-03 3.69421244e-01 1.80240691e-01
    2.53174901e-01 4.65305448e-01 2.19880551e-01 4.65113133e-01
    1.70375615e-01 1.17673576e-02 1.88444346e-01 9.81579959e-01
    3.43545318e-01 7.91138411e-03 2.13503242e-02 6.60772860e-01
    1.70012563e-01 8.88239026e-01 4.32516307e-01 9.57289636e-01
    7.36462057e-01 6.00376606e-01 6.39449716e-01 4.56318974e-01
    2.35345244e-01 8.00891280e-01 7.57238030e-01 2.25117922e-01
    4.84404474e-01 2.44634897e-01 8.43214512e-01 1.17339343e-01
    5.08924723e-02 5.46475589e-01 6.93754494e-01 8.35171640e-01
    2.52937078e-02 9.12687421e-01 5.97274899e-01 8.19974542e-01
    4.54672515e-01 7.28910208e-01 1.76769197e-01 8.64547729e-01
    2.95755893e-01 1.27195567e-01 5.69401264e-01 1.23776704e-01
    5.92815876e-03 7.63673067e-01 1.08372450e-01 2.25423634e-01
    9.42858815e-01 1.44887835e-01 3.67306799e-01 5.00372589e-01
    4.53464389e-01 8.62670183e-01 7.03474224e-01 2.07425803e-01
    9.70395207e-01 3.90249342e-01 6.34261250e-01 9.44768548e-01
    2.29755312e-01 8.61455441e-01 8.12804580e-01 4.50869709e-01
    6.11957550e-01 7.76752770e-01 6.50642514e-01 2.69992858e-01
    6.15225613e-01 2.60830194e-01 7.84677744e-01 6.18844390e-01
    8.99060607e-01 8.51292849e-01 8.40050757e-01 6.85947180e-01
    3.39765608e-01 8.32036495e-01 5.77969968e-01 1.87702566e-01
    9.06471372e-01 7.11086690e-01 6.22633398e-02 7.28315890e-01
    3.49749058e-01 7.98037052e-01 1.14661932e-01 8.05986047e-01
    4.20926213e-02 9.54890609e-01 3.83779407e-01 2.33968943e-01
    1.94762021e-01 8.94394815e-01 1.09673113e-01 7.67451644e-01
    6.45722747e-02 6.83178663e-01 5.65099895e-01 1.58355862e-01
    7.99774766e-01 9.14441943e-02 7.95634389e-01 2.98998177e-01
    3.28537941e-01 3.85881305e-01 2.60962605e-01 6.79279983e-01
    3.12389493e-01 6.80013716e-01 3.46438408e-01 2.65584588e-02
    1.57219678e-01 3.40160698e-01 5.69506407e-01 1.98972642e-01
    9.87372041e-01 4.61197108e-01 6.91639662e-01 8.76350999e-01
    1.33856207e-01 1.22101367e-01 1.49453014e-01 1.26297802e-01
    3.11434567e-02 6.13307357e-01 8.72059584e-01 8.45463872e-01
    6.58276677e-01 9.47422087e-01 3.77864331e-01 7.06480742e-02
    3.73192579e-01 6.96510971e-02 8.95712018e-01 6.24126613e-01
    7.04946518e-01 2.80358225e-01 6.35760367e-01 7.79343128e-01
    3.09669673e-01 9.80389237e-01 7.86816716e-01 7.80251861e-01
    2.58433342e-01 1.90570235e-01 6.66232049e-01 5.34860194e-01
    3.40590417e-01 7.38883078e-01 9.97371972e-02 5.51039100e-01
    2.44614750e-01 5.49795628e-01 3.03207159e-01 9.55088377e-01
    2.81112731e-01 7.61832297e-01 5.31823695e-01 2.95153230e-01
    1.49603277e-01 5.68130076e-01 5.06678760e-01 6.76249743e-01
    8.02716553e-01 4.07301456e-01 1.54746354e-01 2.16832459e-01
    1.67474777e-01 9.40839171e-01 5.78470230e-01 4.71306384e-01
    9.64834690e-02 2.69927800e-01 8.18363190e-01 7.45973229e-01
    3.38537395e-01 3.47300112e-01 5.31062722e-01 7.81136811e-01
    7.95578957e-02 8.56796384e-01 4.39939499e-01 7.72512555e-02
    8.85305047e-01 9.01931107e-01 9.39205408e-01 6.49874330e-01
    1.43308133e-01 6.28415346e-01 4.71498877e-01 3.90142381e-01
    7.93746114e-01 6.74634635e-01 1.52613819e-01 1.21836007e-01
    8.89563203e-01 1.40765905e-01 7.73570061e-01 9.85426843e-01
    1.55106932e-01 9.36238527e-01 8.36706698e-01 1.70249462e-01
    9.54139233e-01 5.06686747e-01 2.28299290e-01 9.12243724e-01
    9.58546758e-01 6.83604836e-01 7.43605733e-01 1.87189907e-01
    1.73179239e-01 3.97619426e-01 3.65331590e-01 5.16558886e-01
    8.48187804e-01 7.66975522e-01 7.87782550e-01 6.90040290e-02
    7.81423390e-01 3.90717566e-01 7.54086018e-01 7.70232975e-01
    5.24585664e-01 9.16387022e-01 4.64115649e-01 3.88660699e-01
    1.83727592e-01 6.17929876e-01 1.63234770e-01 8.85281861e-01
    9.66467738e-01 4.33181494e-01 9.09559727e-01 8.11097503e-01
    1.78795576e-01 9.83596027e-01 5.97109437e-01 5.14894724e-02
    2.34369665e-01 2.48844981e-01 8.64691138e-01 8.85875463e-01
    5.80118597e-02 7.02505708e-01 4.27818120e-01 2.99464583e-01
    4.18151379e-01 2.06071079e-01 9.75292146e-01 1.10399604e-01
    9.30443287e-01 3.81818831e-01 4.98515397e-01 8.92157793e-01
    7.86508739e-01 1.66414708e-01 5.64392269e-01 9.10721540e-01
    1.30532831e-01 3.53816509e-01 7.22017586e-01 7.70806372e-01
    5.44111252e-01 9.21558857e-01 5.52962005e-01 9.31843042e-01
    7.48369157e-01 9.22949016e-02 6.27767205e-01 7.55652308e-01
    8.07002962e-01 3.53492051e-01 2.98774481e-01 7.30530918e-01
    1.36083990e-01 2.22317994e-01 2.14816093e-01 6.10923529e-01
    5.17514467e-01 1.43401921e-01 8.34600687e-01 6.52018070e-01
    9.92561877e-02 3.25010419e-01 4.68702525e-01 2.54028141e-01
    7.53877044e-01 2.34514892e-01 2.79360145e-01 8.52719545e-01
    4.00118291e-01 4.62145329e-01 5.40785730e-01 1.18831098e-01
    1.14871830e-01 7.55793810e-01 4.85886991e-01 8.60855103e-01
    3.35374683e-01 8.65630865e-01 2.88393527e-01 2.33909488e-02
    8.15919399e-01 1.31255537e-01 5.32665610e-01 3.74360800e-01
    6.02625728e-01 7.16935039e-01 1.85515463e-01 8.20279598e-01
    8.38682473e-01 3.33441913e-01 9.40924287e-01 7.10308075e-01
    2.65267283e-01 4.50501114e-01 9.51788187e-01 9.75621045e-01
    2.69151628e-01 7.80296445e-01 1.16373211e-01 2.27872461e-01
    1.31091535e-01 3.44919026e-01 5.52468717e-01 9.83989477e-01
    3.37947071e-01 6.95539117e-01 1.73917711e-01 6.54871762e-01
    4.66840357e-01 8.09366882e-01 4.80728298e-01 4.06834751e-01
    7.01947451e-01 2.39047885e-01 1.08165562e-01 4.00311381e-01
    2.81721175e-01 9.26764071e-01 3.12178731e-02 7.00916350e-02
    3.68800133e-01 4.67086136e-01 6.53503120e-01 9.12787080e-01
    7.17439055e-01 8.42873096e-01 9.91083741e-01 1.81642443e-01
    5.10123670e-01 8.20863962e-01 3.70388806e-01 4.63546962e-01
    2.78517962e-01 7.20807552e-01 7.68545508e-01 6.71252608e-01
    5.34532487e-01 7.99371958e-01 3.49172533e-01 7.25541472e-01
    6.64441228e-01 7.03192711e-01 9.24198925e-02 2.36199856e-01
    7.88378060e-01 4.93978530e-01 6.76313519e-01 8.50181580e-01
    5.50940692e-01 3.58231187e-01 3.59581590e-01 9.71386790e-01
    8.73707771e-01 7.52576649e-01 3.79633248e-01 7.53459454e-01
    7.86001682e-01 1.42997533e-01 1.27548218e-01 1.02838218e-01
    2.18248159e-01 1.97340786e-01 9.29966807e-01 1.12027675e-01
    9.69871938e-01 9.33128715e-01 2.05757082e-01 9.68578160e-01
    7.23939419e-01 4.06679332e-01 9.15503502e-01 2.51444697e-01
    4.17253375e-03 2.00675339e-01 2.52747655e-01 3.80178690e-01
    1.61042005e-01 1.25293076e-01 7.72458434e-01 9.51432109e-01
    6.03222132e-01 5.14134467e-02 3.89880121e-01 4.40006196e-01
    1.47337854e-01 2.57189184e-01 1.04380876e-01 4.60017681e-01
    8.97210240e-01 8.93285275e-01 1.41882867e-01 3.77434433e-01
    4.70302820e-01 3.70396644e-01 5.90803027e-01 8.31404567e-01
    3.75100642e-01 7.56453276e-02 5.40592909e-01 1.08034670e-01
    6.49391174e-01 8.28828335e-01 9.20161605e-02 1.45227015e-01
    5.98855555e-01 7.29295015e-02 8.24995935e-01 4.23908949e-01
    9.41708148e-01 1.42461717e-01 7.03026056e-02 7.84940243e-01
    3.39931548e-01 3.21491033e-01 1.95298344e-01 6.85821891e-01
    4.61546600e-01 2.92173743e-01 2.92269617e-01 6.42208457e-01
    8.48883033e-01 1.67796254e-01 4.94323581e-01 8.54017913e-01
    1.27652198e-01 1.63149476e-01 4.51873749e-01 9.42987204e-03
    1.69746161e-01 3.15682650e-01 6.91397786e-01 4.98045027e-01
    2.18439192e-01 8.22721124e-01 4.81887519e-01 7.22706676e-01
    3.20537686e-02 4.65288073e-01 1.94004923e-01 2.83358932e-01
    8.96483123e-01 9.48735237e-01 9.23638344e-01 9.96387303e-01
    1.74791276e-01 2.68952608e-01 7.99165428e-01 2.12997496e-02
    5.47899067e-01 2.74362534e-01 3.50157291e-01 6.89436436e-01
    9.05028224e-01 3.67214829e-01 2.43596584e-01 8.13788831e-01
    8.24404895e-01 7.11127400e-01 9.15177226e-01 5.21817625e-01
    1.28228009e-01 6.17473006e-01 5.53800106e-01 3.63144636e-01
    1.91211909e-01 7.22429156e-01 4.77499038e-01 1.26431018e-01
    6.56174183e-01 4.11612570e-01 7.88641334e-01 1.50178909e-01
    2.60016263e-01 9.82401729e-01 8.68737578e-01 9.72878158e-01
    7.49865532e-01 2.28487074e-01 8.63443017e-01 1.39273733e-01
    9.90867078e-01 4.86248612e-01 3.08139443e-01 3.27550471e-01
    7.78181076e-01 5.18669128e-01 4.57428366e-01 9.08585191e-01
    5.79586923e-01 2.59840220e-01 3.70751441e-01 7.71418035e-01
    8.22817266e-01 1.92283660e-01 2.92512625e-01 4.25134480e-01
    1.28231317e-01 5.66617787e-01 4.93679166e-01 4.41367120e-01
    8.39797497e-01 3.12336683e-02 6.02410316e-01 5.39183199e-01
    4.22276795e-01 2.86450505e-01 4.05031264e-01 1.21096671e-01
    9.93082523e-01 2.12416828e-01 6.67725980e-01 1.31905168e-01
    6.42477572e-01 3.89538229e-01 2.05995053e-01 5.81653059e-01
    3.76712501e-01 8.74454737e-01 9.80985641e-01 5.91902196e-01
    5.57814240e-02 9.75696266e-01 1.79905802e-01 3.53135467e-02
    6.96786523e-01 7.00622022e-01 1.66528732e-01 2.76077092e-02
    9.67989445e-01 5.66596925e-01 9.78044033e-01 5.26031196e-01
    7.86607265e-01 3.11692715e-01 5.51910162e-01 1.28152609e-01
    1.51823461e-01 7.72675097e-01 6.91439450e-01 5.95114231e-01
    9.56353784e-01 2.21618682e-01 2.87808269e-01 9.84021723e-01
    3.40419412e-01 9.47876632e-01 6.08387887e-02 5.03407419e-01
    7.27545202e-01 7.60796905e-01 7.28689194e-01 7.85244703e-02
    8.59313011e-01 8.75048637e-01 4.63723332e-01 6.41634047e-01
    2.10814893e-01 6.95849717e-01 4.69011664e-02 5.83368182e-01
    4.17395622e-01 8.55081141e-01 6.18460715e-01 4.40331906e-01
    6.18313551e-01 4.89501417e-01 1.27289325e-01 3.60354751e-01
    9.50936913e-01 4.49805856e-02 8.38625133e-01 6.87803805e-01
    5.62850714e-01 2.46355921e-01 8.70066285e-01 1.11957788e-01
    3.52032363e-01 8.72007728e-01 3.27862203e-01 6.65679514e-01
    8.55818629e-01 4.42518145e-01 8.71500850e-01 6.90791547e-01
    6.79206967e-01 5.91476083e-01 9.06447887e-01 3.92858684e-01
    4.64721382e-01 7.72110820e-01 6.12480223e-01 9.12804008e-02
    7.11707711e-01 8.55253696e-01 3.27228785e-01 4.59581912e-02
    3.56939912e-01 1.23304844e-01 8.48501325e-01 9.42505479e-01
    6.11075521e-01 6.48117363e-01 3.26276928e-01 9.30902600e-01
    3.90762210e-01 1.43846452e-01 9.85463142e-01 3.34541827e-01
    6.57182932e-01 6.56577289e-01 9.63870525e-01 8.28341246e-01
    6.05127335e-01 4.71376151e-01 9.53601897e-02 3.96002650e-01
    5.18633783e-01 4.35436070e-01 1.97705150e-01 4.44904417e-01
    7.04460919e-01 2.61912525e-01 4.60230708e-01 1.13255084e-01
    2.59060919e-01 6.16532266e-02 5.34335613e-01 8.54222178e-01
    2.55097508e-01 2.28726804e-01 1.61319077e-01 5.46153665e-01
    9.74133015e-02 4.34222579e-01 5.57471931e-01 7.27284849e-01
    9.69900548e-01 1.69494063e-01 3.01425159e-02 5.02934754e-02
    5.80438793e-01 5.90724885e-01 9.13506985e-01 6.90263510e-01
    5.78550816e-01 7.19023585e-01 4.50160027e-01 4.44105327e-01
    9.48099375e-01 6.17232084e-01 3.47873509e-01 7.61760116e-01
    8.08849990e-01 5.97016096e-01 1.05046749e-01 8.17584753e-01
    5.96688926e-01 4.08083797e-02 5.20884216e-01 6.67439699e-01
    1.25816733e-01 6.89803064e-01 8.26091528e-01 5.51812828e-01
    8.35157990e-01 8.23387504e-01 4.23247576e-01 9.10455883e-01
    1.45115227e-01 7.07904339e-01 2.64182329e-01 6.01138175e-01
    5.26628852e-01 7.34155238e-01 4.15784121e-02 4.63413388e-01
    9.84751582e-01 7.41308331e-02 9.07406211e-03 6.65699065e-01
    1.55457288e-01 9.27052975e-01 8.97966802e-01 9.25471306e-01
    5.99907160e-01 1.42267138e-01 4.00153995e-01 9.39171672e-01
    1.35337949e-01 4.53636050e-03 4.37179655e-01 4.29670155e-01
    4.11702394e-01 2.54770756e-01 6.72113419e-01 4.30426627e-01
    2.06794649e-01 2.99447775e-02 5.95755875e-01 6.60552800e-01
    9.34885383e-01 4.43170249e-01 4.17399377e-01 3.47188830e-01
    5.10761499e-01 3.86821359e-01 8.10601294e-01 6.33756816e-01
    1.77061677e-01 6.80332065e-01 9.78285074e-03 6.17047369e-01
    4.72907335e-01 6.78145409e-01 7.82679796e-01 7.88245380e-01
    3.38443846e-01 3.79957080e-01 9.54378128e-01 7.57906139e-02
    5.78199863e-01 9.85526800e-01 6.25811756e-01 3.22575122e-01
    8.81363094e-01 1.45443022e-01 8.05827439e-01 5.55848837e-01
    7.38499641e-01 7.34267831e-01 1.25563830e-01 2.27301627e-01
    7.05443859e-01 4.26863164e-01 9.95852590e-01 9.76002157e-01
    1.21749043e-02 1.50994986e-01 1.07268631e-01 5.06140292e-01
    5.47776878e-01 6.96759105e-01 3.24222267e-01 8.74124050e-01
    4.90277767e-01 9.75795567e-01 7.76671648e-01 1.93464577e-01
    5.89381456e-01 6.44780993e-01 4.25535440e-02 3.75021011e-01
    3.89316976e-01 6.54638827e-01 3.70623171e-01 4.88067120e-01
    1.31524563e-01 4.78264093e-01 5.63829184e-01 7.88187444e-01
    7.57689357e-01 8.65622997e-01 8.91596973e-01 2.72619545e-01
    9.43142176e-01 1.24970376e-01 9.08074856e-01 9.05425489e-01
    4.14761186e-01 3.99288684e-01 8.70194852e-01 1.65813714e-01
    1.35518700e-01 5.54243326e-02 9.18465853e-01 8.17079425e-01
    6.47663176e-02 7.79655933e-01 3.47475410e-02 7.18787968e-01
    8.39568973e-01 8.31399202e-01 3.35893273e-01 6.68497562e-01
    1.93097949e-01 2.24073946e-01 9.84951854e-01 9.09846306e-01
    9.17677402e-01 1.78392023e-01 5.25443196e-01 4.20466006e-01
    2.14615583e-01 1.33823156e-02 8.74587655e-01 9.34471786e-01
    4.86241341e-01 9.85080481e-01 6.20061815e-01 7.00712800e-01
    8.31765175e-01 7.09049523e-01 1.93868518e-01 7.82921672e-01
    1.91770434e-01 5.54091930e-01 4.97460812e-01 3.05678844e-01
    1.43735409e-02 5.40628672e-01 2.44865388e-01 1.12927288e-01
    9.22746897e-01 2.21334726e-01 5.75647593e-01 7.67518103e-01
    5.02453268e-01 5.08260131e-01 8.82488132e-01 2.64921099e-01
    8.91217113e-01 1.01342499e-01 8.04035962e-01 7.41818786e-01
    4.73153293e-01 5.41031301e-01 3.21864039e-01 6.60591960e-01
    1.93668783e-01 4.67935294e-01 1.69522464e-01 2.53931582e-01
    4.97129291e-01 8.65401387e-01 9.52814817e-01 3.94432366e-01
    6.83149040e-01 4.87517208e-01 9.98882174e-01 6.31814659e-01
    4.88936156e-01 3.12463492e-01 8.35098267e-01 4.58823979e-01
    8.81707668e-01 5.90359032e-01 9.21177804e-01 9.35144842e-01
    9.42276120e-01 5.20848274e-01 9.92215872e-01 4.26526129e-01
    6.46568894e-01 3.78309220e-01 5.38311660e-01 5.72397232e-01
    5.33474267e-01 9.08641160e-01 4.98268008e-03 2.53719509e-01
    2.68922091e-01 9.77490544e-01 8.24237466e-01 2.60012537e-01
    9.19143021e-01 8.46852303e-01 7.17511892e-01 7.63194263e-02
    9.79303122e-01 9.41094935e-01 8.34616899e-01 5.35850108e-01
    7.25818515e-01 1.03685588e-01 1.78566188e-01 5.61156869e-02
    6.28719985e-01 9.55158830e-01 1.16427630e-01 7.04371631e-01
    7.57930636e-01 9.10890818e-01 6.04491293e-01 6.92610443e-01
    3.93996239e-01 8.86983693e-01 2.12180316e-02 9.25722718e-01
    8.09670568e-01 4.74352658e-01 6.11797392e-01 8.75317693e-01
    6.05952144e-02 9.59412932e-01 9.55588222e-01 5.78962326e-01
    8.03057790e-01 1.56890661e-01 9.81957197e-01 2.23749101e-01
    2.43626684e-01 1.99032426e-01 3.82535458e-01 1.67053193e-01
    4.86767173e-01 4.25362587e-03 3.55325818e-01 8.77810419e-01
    3.56761277e-01 2.21276194e-01 5.23775816e-04 3.00619245e-01
    3.97225112e-01 6.40623271e-01 6.27379060e-01 7.00803757e-01
    1.05994850e-01 8.70582819e-01 5.11175752e-01 1.44560158e-01
    6.19931459e-01 6.47465587e-01 9.23970222e-01 1.23091042e-01
    4.51326251e-01 4.12135392e-01 6.99887633e-01 1.51045144e-01
    8.60521555e-01 4.71844226e-01 9.35565770e-01 3.35083008e-01
    1.63381636e-01 8.32103848e-01 7.13343143e-01 6.32585347e-01
    2.31452554e-01 5.03813863e-01 2.47351855e-01 3.77975345e-01
    7.99625397e-01 4.70585734e-01 7.95179844e-01 9.89851356e-03
    3.59271526e-01 1.40330255e-01 2.41426498e-01 5.80187321e-01
    5.86295187e-01 2.24355429e-01 9.22957003e-01 4.66665804e-01
    7.17263699e-01 6.47612810e-01 2.14287609e-01 9.38070357e-01
    2.93254524e-01 6.62723601e-01 7.15236783e-01 9.08392191e-01
    9.97866333e-01 5.32465160e-01 9.59357321e-02 2.39635408e-02
    5.20278037e-01 5.23537099e-02 5.22054911e-01 7.02739954e-01
    5.39363086e-01 8.18967581e-01 1.12611115e-01 9.99022901e-01
    6.50271654e-01 1.25707090e-02 3.88349235e-01 8.57281685e-03
    1.30115449e-01 7.17395842e-01 5.96578360e-01 6.04822755e-01
    6.19189739e-01 4.10395145e-01 4.22010809e-01 6.18077278e-01
    4.80456740e-01 1.93677664e-01 4.69827652e-03 2.05495119e-01
    8.45772564e-01 6.30562544e-01 5.42216718e-01 4.18114483e-01
    9.93636847e-01 6.82870805e-01 5.85043907e-01 8.16652179e-02
    2.85310805e-01 4.99045163e-01 5.41126549e-01 9.28859353e-01
    1.01220071e-01 9.55774188e-01 8.98843110e-02 1.84175104e-01
    3.16004425e-01 8.56377125e-01 5.27362108e-01 1.92942321e-02
    3.94578874e-01 5.42318881e-01 1.88509256e-01 7.74479508e-01
    2.59507596e-01 3.76269370e-01 1.66235089e-01 4.63252455e-01
    6.34125948e-01 1.41890049e-02 4.26903814e-01 2.22400576e-01
    8.86620402e-01 4.90570456e-01 3.37965786e-02 2.70276070e-02
    1.77361131e-01 5.79907000e-02 1.14348561e-01 4.57322568e-01
    2.89570868e-01 6.28241777e-01 4.33585644e-01 8.91008377e-01
    7.23673999e-01 6.87982142e-01 1.95926696e-01 1.70968890e-01
    9.55656052e-01 6.48743868e-01 2.96119750e-01 6.93652272e-01
    7.67515719e-01 4.09190059e-01 5.16250670e-01 7.97315359e-01
    9.28264856e-02 2.43617713e-01 7.16010928e-01 7.25050151e-01
    1.59841627e-01 6.51062727e-02 7.22642660e-01 3.39387059e-02
    4.83749270e-01 2.93273032e-01 5.29465199e-01 5.10623276e-01
    6.40874326e-01 2.53780901e-01 5.82890272e-01 6.23551846e-01
    2.27935016e-02 9.40106988e-01 3.42622787e-01 8.13244581e-01
    3.07356596e-01 3.29808950e-01 9.59559441e-01 8.00041318e-01
    6.99544907e-01 3.41067702e-01 4.14986104e-01 4.92188990e-01
    1.64830536e-01 8.90439987e-01 3.96955580e-01 3.90843868e-01
    7.82971263e-01 9.08927083e-01 8.89487028e-01 5.61733782e-01
    7.20545530e-01 7.21831799e-01 1.92339808e-01 5.00364661e-01
    9.57991242e-01 7.23038197e-01 3.67730111e-01 8.83927584e-01
    1.17015481e-01 6.69559002e-01 1.20777637e-01 2.17231214e-01
    9.76187289e-02 2.13899374e-01 6.89682245e-01 5.92949033e-01
    3.60290110e-02 7.69958973e-01 3.78935754e-01 2.37103641e-01
    5.00319362e-01 8.22960854e-01 3.78139675e-01 3.29743624e-02
    4.82041955e-01 8.03503036e-01 7.93801546e-01 8.39299083e-01
    5.56893051e-02 4.51945513e-01 3.85664493e-01 5.95769644e-01
    7.82295346e-01 2.67998755e-01 5.68983614e-01 4.76018280e-01
    1.51416957e-01 5.36321223e-01 4.99692947e-01 7.86926389e-01
    5.93319237e-02 7.66645014e-01 8.11683595e-01 2.57319808e-01
    6.46101177e-01 7.12299347e-01 7.23819494e-01 1.62005305e-01
    3.99401128e-01 9.39196646e-02 4.50979471e-01 6.97690904e-01
    8.91385198e-01 2.48196989e-01 1.79896027e-01 7.83196092e-01
    7.89427400e-01 1.41457945e-01 1.91098452e-01 5.54796159e-01
    8.29688907e-01 2.49223173e-01 7.38422871e-01 8.88463914e-01
    7.08719254e-01 9.07674849e-01 8.21512580e-01 8.29081416e-01
    4.38865423e-01 6.31508768e-01 6.32203877e-01 7.52858043e-01
    8.14607263e-01 9.66716170e-01 9.28571999e-01 8.07040632e-01
    5.53939760e-01 7.47976422e-01 4.08795357e-01 2.21946299e-01
    2.33003229e-01 8.38935375e-03 2.76014805e-01 6.51966155e-01
    5.32270312e-01 7.35555768e-01 5.18896282e-02 7.25129426e-01
    6.80358469e-01 9.57708478e-01 2.86565483e-01 1.91502571e-01
    6.38876796e-01 4.99413908e-02 7.49232650e-01 7.17542768e-01
    8.76299262e-01 7.56678700e-01 7.67356157e-02 4.63382512e-01
    9.32502151e-02 3.26534152e-01 2.63844907e-01 8.72046351e-01
    9.34629202e-01 8.66741538e-01 6.83214068e-01 6.26964092e-01
    3.10674429e-01 4.13143635e-02 5.57100773e-01 8.73544216e-01
    8.01010191e-01 8.59486341e-01 5.80614328e-01 2.98825562e-01
    6.91985905e-01 6.94087088e-01 7.65404165e-01 1.51092380e-01
    3.61633658e-01 2.85348713e-01 4.59273398e-01 6.23829484e-01
    6.67472482e-01 1.93725020e-01 2.41974831e-01 9.57040429e-01
    6.47102237e-01 7.93770313e-01 2.44792342e-01 3.43144000e-01
    5.64878404e-01 8.79978061e-01 7.26583481e-01 5.93204498e-01
    6.04284108e-02 6.27526641e-03 9.91821408e-01 9.14476275e-01
    3.81565005e-01 9.36152339e-01 7.60845542e-02 1.09609157e-01
    2.93793440e-01 8.52197230e-01 8.32824945e-01 2.68237978e-01
    3.52235377e-01 1.56761855e-01 1.96574271e-01 9.71969843e-01
    8.80935490e-01 4.87427831e-01 1.49962515e-01 9.78864789e-01
    7.62861013e-01 7.77310014e-01 5.63620806e-01 6.30908966e-01
    2.26873666e-01 8.46738458e-01 4.82778847e-01 4.91226256e-01
    9.77725923e-01 1.07705355e-01 2.69163728e-01 5.96148133e-01
    5.31556010e-01 1.37244254e-01 5.11960089e-01 4.24248695e-01
    5.92114925e-01 1.25176430e-01 3.86631757e-01 8.96811664e-01
    8.97164643e-02 8.40607584e-02 8.39265108e-01 9.87677097e-01
    8.64064217e-01 1.41885549e-01 4.61038917e-01 3.94398093e-01
    9.24258292e-01 4.95262206e-01 2.92534947e-01 1.74452662e-01
    1.55249476e-01 7.23729908e-01 8.35621715e-01 7.80026495e-01
    2.33850121e-01 7.96812892e-01 4.46543992e-01 6.74712539e-01
    5.59419274e-01 3.40542644e-01 2.17137516e-01 7.11660504e-01
    7.51031637e-01 5.75044155e-02 4.64399129e-01 7.71330237e-01
    1.61231101e-01 3.34182560e-01 4.78207320e-01 2.51066238e-01
    2.91255116e-01 7.56158829e-01 2.20279694e-02 4.38280702e-02
    5.95805049e-03 2.52376676e-01 9.76249576e-01 6.41847014e-01
    1.58769965e-01 6.25175536e-01 1.00728571e-02 1.65728480e-01
    7.73435712e-01 1.50969952e-01 9.09952641e-01 2.34561563e-01
    3.35680604e-01 6.99119210e-01 6.22574627e-01 5.87509930e-01
    9.70144868e-01 3.26762617e-01 6.69212520e-01 8.73530805e-02
    8.97143841e-01 3.64236236e-02 9.38608408e-01 5.86588323e-01
    7.47388005e-01 2.68597305e-01 5.31965196e-01 5.68475366e-01
    3.43211174e-01 5.06874323e-02 3.07251692e-01 1.69665098e-01
    5.87182999e-01 8.42338204e-01 6.74773455e-01 4.15455252e-01
    4.82563674e-02 4.99256849e-01 2.25378424e-01 1.79760754e-01
    5.78667641e-01 2.28221685e-01 5.46208322e-02 3.21029097e-01
    5.25897980e-01 2.97479451e-01 3.11986208e-02 7.56672382e-01
    4.06780332e-01 5.76150119e-02 1.07345492e-01 4.31650311e-01
    5.03182709e-02 6.29664361e-02 1.09619051e-01 2.90645093e-01
    9.92497027e-01 6.68055713e-01 4.58674073e-01 8.12872648e-01
    6.40802383e-02 6.28432989e-01 6.54121757e-01 8.09777677e-01
    7.92371571e-01 3.71616781e-02 6.54756308e-01 9.69675541e-01
    9.63116407e-01 8.60556543e-01 5.12590468e-01 9.72715020e-02
    1.36813849e-01 2.27550328e-01 6.96660578e-01 1.49314404e-01
    9.07563269e-02 8.91739249e-01 1.05175972e-02 5.35666466e-01
    6.93716586e-01 1.39290988e-01 2.20578611e-02 3.77936721e-01
    3.12161297e-01 7.04060256e-01 8.23455095e-01 8.35217834e-01
    4.70210135e-01 3.15248668e-02 2.80135155e-01 9.90038693e-01
    4.97869551e-01 7.09094346e-01 9.49890971e-01 5.04732847e-01
    3.28776240e-02 3.77212286e-01 1.74156994e-01 2.95087993e-01
    8.29415083e-01 4.99497294e-01 6.42451048e-02 4.11195636e-01
    6.12243354e-01 9.69135284e-01 9.98545825e-01 7.41557121e-01
    6.83120191e-02 6.51267767e-01 2.04702228e-01 7.98548102e-01
    7.57290661e-01 3.12272668e-01 7.83038974e-01 5.37271619e-01
    6.86177194e-01 5.27444065e-01 3.09073448e-01 3.44902277e-02
    5.04566729e-01 4.64501172e-01 7.70777762e-01 6.27041817e-01
    9.68298793e-01 9.98995066e-01 6.05070591e-02 2.34325707e-01
    3.15816224e-01 4.55054075e-01 4.93854016e-01 9.85845864e-01
    5.15155137e-01 2.25148529e-01 2.15109348e-01 4.37761217e-01
    4.55623537e-01 2.91186333e-01 5.83119810e-01 5.20327806e-01
    1.93977773e-01 4.30203021e-01 4.27812994e-01 4.35881615e-01
    7.58844316e-02 1.38732374e-01 7.17778504e-01 3.21001112e-01
    4.09085751e-02 3.26747000e-01 2.30061382e-01 2.29125887e-01
    1.26170367e-01 3.04359019e-01 8.15094233e-01 9.79179978e-01
    9.59566116e-01 1.32556677e-01 7.65906751e-01 4.11641359e-01
    7.91077495e-01 6.56063676e-01 6.62745833e-01 9.12910938e-01
    1.29058272e-01 9.79816318e-01 2.96957970e-01 3.26936066e-01
    2.74985850e-01 5.55667698e-01 4.48745459e-01 3.33947539e-01
    2.11042345e-01 6.20757401e-01 8.01562071e-01 3.41485977e-01
    4.14874732e-01 1.75158203e-01 8.09139788e-01 9.73704159e-01
    9.32098925e-02 8.91347468e-01 8.66844296e-01 1.48143262e-01
    2.19891548e-01 7.80106187e-01 1.07897043e-01 9.98831689e-02
    8.38530660e-01 1.99663162e-01 2.36598253e-02 7.98345268e-01
    8.29949081e-01 6.97624981e-02 5.05326867e-01 7.48593390e-01
    6.55105710e-01 3.57462287e-01 8.74675274e-01 9.80218351e-02
    4.04268205e-02 2.44100690e-02 3.37820709e-01 6.27839327e-01
    8.97912085e-01 8.18484485e-01 8.07087421e-01 2.68655062e-01
    7.89610565e-01 2.86958158e-01 8.58339429e-01 2.74246931e-02
    2.16387659e-01 7.16575742e-01 2.16619253e-01 6.67936444e-01
    8.82022142e-01 8.52776885e-01 5.87084293e-02 6.67236567e-01
    5.68034887e-01 7.33584046e-01 5.52545846e-01 3.04797590e-01
    8.93919289e-01 4.90845740e-01 5.43177247e-01 8.31670403e-01
    3.73185396e-01 6.39454007e-01 7.91688025e-01 6.43631220e-02
    7.41059303e-01 8.62913668e-01 6.90241277e-01 7.81832218e-01
    7.96790481e-01 5.78307748e-01 5.89898229e-02 1.33480519e-01
    8.26136589e-01 9.62100625e-01 4.64829266e-01 5.20053864e-01
    9.67049420e-01 6.67190194e-01 6.56116366e-01 2.74654150e-01
    6.79361939e-01 2.08457470e-01 2.54176497e-01 4.57830876e-01
    9.39082503e-01 1.67915136e-01 6.72158897e-01 1.77942008e-01
    1.12795293e-01 5.37320435e-01 7.04234302e-01 2.57605195e-01
    1.36384994e-01 7.42830276e-01 3.79168510e-01 4.70915020e-01
    1.59292132e-01 9.35836673e-01 5.75592518e-01 9.81564760e-01
    7.90347099e-01 3.32689226e-01 9.28563893e-01 3.05958867e-01
    7.22254515e-02 1.34604365e-01 2.79862314e-01 9.18522894e-01
    5.70717812e-01 1.69326305e-01 3.96813005e-01 8.43779683e-01
    3.58026147e-01 4.59845543e-01 7.26253569e-01 8.66511464e-02
    8.79156053e-01 9.64705527e-01 1.68781161e-01 3.94493043e-01
    5.31139553e-01 9.30472076e-01 8.08310986e-01 7.01864064e-01
    8.07063103e-01 6.16596878e-01 2.09767282e-01 5.24423122e-01
    3.92406434e-01 7.24027514e-01 8.73336077e-01 8.12200427e-01
    2.84879446e-01 4.13452268e-01 2.71346390e-01 7.93337822e-04
    4.45460558e-01 9.75349188e-01 3.31442952e-01 8.13927054e-01
    7.65604377e-02 9.29032862e-01 8.81017208e-01 8.53637576e-01
    2.91748583e-01 9.61840868e-01 4.27268267e-01 9.09940958e-01
    5.44621229e-01 1.06989473e-01 8.05768669e-02 4.36591148e-01
    3.21532667e-01 5.14312625e-01 2.34520972e-01 1.19724542e-01
    9.28460598e-01 9.98033464e-01 9.28434968e-01 4.71664369e-02
    1.38873369e-01 7.32588351e-01 3.23386788e-01 4.74323452e-01
    3.89179289e-01 9.33540583e-01 3.21088314e-01 4.32965398e-01
    8.65800142e-01 4.62005138e-01 7.46616244e-01 7.00436115e-01
    7.53931046e-01 7.49230921e-01 9.78705883e-02 4.69097883e-01
    3.36941689e-01 2.02975571e-02 9.01390135e-01 8.39723349e-01
    6.50751889e-02 1.30156279e-02 6.76471233e-01 8.20404828e-01
    1.42467499e-01 9.69018757e-01 5.94414949e-01 5.96609354e-01
    6.04209781e-01 3.13652515e-01 8.38303208e-01 1.21113300e-01
    4.21131253e-02 9.51390743e-01 9.71641421e-01 5.51124990e-01
    9.17818666e-01 9.88749981e-01 9.85050797e-01 5.28870463e-01
    2.46656805e-01 4.74439085e-01 2.13497519e-01 9.44671869e-01
    1.16297841e-01 1.99274242e-01 3.97398233e-01 8.92000437e-01
    3.89544964e-02 9.43666577e-01 6.29701614e-01 5.00888824e-01
    8.49795878e-01 8.29603493e-01 8.71458232e-01 9.98321295e-01
    3.13942403e-01 8.12629819e-01 4.58987057e-01 6.10602856e-01
    9.12786245e-01 2.12707579e-01 3.46320629e-01 3.97506744e-01
    2.54344493e-01 3.34055573e-01 4.41800356e-01 6.44634485e-01
    3.75947535e-01 4.14319843e-01 3.99631262e-02 8.74980211e-01
    2.65934825e-01 6.91620052e-01 7.40443230e-01 7.54991174e-02
    4.28373754e-01 1.65764481e-01 6.71235442e-01 8.21471810e-01
    9.38516498e-01 7.48310030e-01 7.47852802e-01 9.28590000e-02
    9.92284715e-01 2.21771598e-02 2.10398287e-01 7.63736486e-01
    8.18232417e-01 5.85855901e-01 2.85468400e-02 9.72243667e-01
    9.09711719e-01 1.78737491e-01 7.58569479e-01 8.30847025e-01
    3.55427384e-01 8.20915103e-02 8.12234521e-01 9.59929407e-01
    3.06635737e-01 1.17952108e-01 8.82671297e-01 5.32895684e-01
    4.38238859e-01 6.42019212e-01 9.07233417e-01 3.88797104e-01
    8.63047421e-01 9.53218043e-02 8.92920017e-01 3.12254727e-01
    5.65827429e-01 3.71048570e-01 4.99358773e-01 3.99133086e-01
    5.78130782e-01 6.25078440e-01 2.18322694e-01 6.36604249e-01
    9.13949549e-01 4.69497561e-01 5.10674417e-02 2.77437925e-01
    5.37135422e-01 6.33190274e-01 8.22353601e-01 2.53836513e-02
    1.71422243e-01 6.48355424e-01 8.96741509e-01 9.73034859e-01
    5.17830133e-01 1.46230340e-01 3.42517793e-01 7.35179007e-01
    3.29593956e-01 4.45677757e-01 2.02628195e-01 2.05319464e-01
    9.82479811e-01 8.14141452e-01 4.02175248e-01 4.86768663e-01
    6.03218377e-02 7.60088325e-01 4.64988530e-01 6.83034182e-01
    5.71056008e-02 2.19390273e-01 5.76990128e-01 7.33049035e-01
    9.68205214e-01 9.40707386e-01 6.23152137e-01 6.87941670e-01
    9.12775636e-01 4.28003401e-01 3.64433199e-01 1.87727362e-01
    6.10215127e-01 8.89923453e-01 3.21803451e-01 5.51400721e-01
    8.60982656e-01 1.23453736e-01 4.29858804e-01 7.45576441e-01
    8.38570654e-01 3.30793202e-01 9.32562947e-01 8.91058683e-01
    7.10684061e-03 9.86773849e-01 9.16689157e-01 2.03577727e-01
    7.70255089e-01 9.74657595e-01 7.89878666e-02 7.43629634e-02
    6.62222207e-02 7.56174445e-01 2.79963225e-01 6.25629425e-01
    4.26765978e-01 2.29508430e-01 8.40602994e-01 3.57654512e-01
    3.06690276e-01 6.69836402e-01 8.67529273e-01 4.10279125e-01
    6.24890327e-02 5.08297324e-01 2.05760598e-02 8.19396496e-01
    5.88186145e-01 5.41507602e-01 1.05931431e-01 5.36303937e-01
    8.31173599e-01 9.45192099e-01 1.73471481e-01 8.68606806e-01
    9.47823644e-01 2.39568919e-01 5.12194693e-01 8.55026960e-01
    2.15519160e-01 7.88952947e-01 7.75236726e-01 1.95785463e-02
    6.48734450e-01 9.37032998e-01 6.39976382e-01 2.23246038e-01
    4.28247631e-01 1.06387168e-01 1.90753818e-01 1.43421710e-01
    8.41711760e-01 4.88957822e-01 1.26065373e-01 3.99506807e-01
    1.23238683e-01 5.01172960e-01 2.35966235e-01 4.85108495e-01
    8.12265396e-01 1.60547286e-01 5.44874847e-01 6.39263988e-01
    8.64087760e-01 5.18472314e-01 2.18341291e-01 9.40061152e-01
    5.76936126e-01 5.84317803e-01 4.11642700e-01 5.80443442e-01
    1.27243102e-02 2.78837889e-01 1.84165299e-01 1.11491978e-02
    4.73744780e-01 1.82632476e-01 1.22618973e-01 1.53344721e-01
    8.71381640e-01 9.88463223e-01 5.60446024e-01 8.58324230e-01
    2.76498854e-01 8.49462450e-01 4.17643934e-01 2.77470350e-02
    4.93420362e-02 6.38753176e-01 5.30800045e-01 5.03280997e-01
    3.42245251e-01 6.35164201e-01 8.67854059e-01 3.91749471e-01
    8.03707480e-01 7.12053955e-01 9.73535478e-01 7.62202382e-01
    4.89661008e-01 7.14310169e-01 4.13868725e-01 4.49579954e-03
    7.58522153e-01 7.66053438e-01 6.45682096e-01 8.98094535e-01
    3.01014245e-01 6.00635409e-01 6.82680726e-01 6.21321559e-01
    8.38587046e-01 9.05986965e-01 2.10785836e-01 8.80047083e-01
    9.88633454e-01 2.43439913e-01 4.05706674e-01 1.50176883e-01
    8.94068241e-01 7.99550772e-01 6.93080127e-01 1.34241194e-01
    1.03057921e-01 6.25434220e-01 9.24994588e-01 6.56661868e-01
    4.27612066e-01 7.19936192e-02 7.67095089e-01 5.20011961e-01
    2.24153370e-01 6.90493107e-01 8.20856392e-02 8.38912725e-01
    7.51525521e-01 7.69744515e-01 6.12720191e-01 3.80957723e-02
    7.00641394e-01 6.95903182e-01 9.87610340e-01 9.83522415e-01
    5.02456367e-01 4.39764053e-01 3.61997753e-01 6.97488725e-01
    7.14402020e-01 1.99025571e-02 5.11108160e-01 1.09646648e-01
    7.92277753e-01 8.08376908e-01 3.26763183e-01 7.72379637e-02
    1.64636612e-01 2.98973769e-01 4.43546087e-01 6.49232149e-01
    7.83720851e-01 7.05766559e-01 6.18847013e-01 6.57927692e-01
    6.05578959e-01 7.12447524e-01 1.44296706e-01 4.01825577e-01
    2.31724083e-01 1.53532624e-03 3.23115289e-01 4.98825282e-01
    8.59570265e-01 7.32340336e-01 1.92236692e-01 1.88168883e-03
    5.72859645e-01 1.10974014e-01 4.34707820e-01 8.96688938e-01
    5.90256453e-01 8.06222975e-01 3.99246782e-01 6.23797178e-02
    1.48496598e-01 9.12816525e-02 8.25540423e-01 9.22066212e-01
    2.93269336e-01 9.36111510e-01 3.54117274e-01 3.41819465e-01
    9.38424826e-01 5.29313982e-01 8.73593986e-01 8.28375220e-01
    8.01158071e-01 6.66025221e-01 6.96798444e-01 1.30044699e-01
    3.87504637e-01 2.26340294e-01 9.48615968e-01 3.22385430e-02
    4.42115903e-01 7.48689055e-01 9.39214110e-01 4.93505687e-01
    5.73720872e-01 2.03587055e-01 9.13969278e-01 2.19484508e-01
    5.30538559e-02 4.17273879e-01 8.78892303e-01 7.24857032e-01
    3.50245297e-01 4.94675934e-02 1.65390372e-02 6.05578423e-01
    4.50696647e-02 2.14900613e-01 5.44888258e-01 1.60826385e-01
    5.79065681e-02 7.24368155e-01 3.34127486e-01 9.04859364e-01
    4.38668787e-01 8.29032063e-03 5.94608486e-01 4.55267161e-01
    6.19514763e-01 3.05838555e-01 3.77590835e-01 4.93467331e-01
    6.35411680e-01 4.93607521e-01 7.06547260e-01 4.37750936e-01
    3.86259258e-02 4.90616530e-01 1.25595897e-01 7.47590780e-01
    3.25073898e-01 8.23636353e-01 1.03303075e-01 6.01662219e-01
    3.42431128e-01 9.45883036e-01 3.63595486e-01 9.19920504e-02
    8.11086833e-01 6.42741561e-01 5.39410412e-02 8.80541086e-01
    4.99301940e-01 6.19496942e-01 7.95172691e-01 5.61499834e-01
    8.37586522e-02 9.17314231e-01 6.28077745e-01 9.11339998e-01
    2.53241599e-01 2.12603718e-01 9.21984553e-01 6.91402137e-01
    6.17394388e-01 1.40901059e-01 6.50408328e-01 3.30963254e-01
    2.59251148e-01 4.44120347e-01 3.42455685e-01 2.30985016e-01
    6.76672637e-01 7.45512784e-01 9.00482833e-02 6.87968850e-01
    9.99516666e-01 1.86048865e-01 9.42764461e-01 6.63519323e-01
    3.27621430e-01 5.34453392e-01 1.68235898e-02 9.29338574e-01
    9.41042662e-01 7.25455046e-01 2.69749045e-01 6.76626146e-01
    3.51740509e-01 3.86588752e-01 6.50560617e-01 2.88076460e-01
    6.49265468e-01 5.62281966e-01 4.12319213e-01 2.98064351e-01
    8.48953426e-01 7.71014154e-01 2.11791486e-01 3.10535789e-01
    1.37266219e-02 8.02780390e-01 7.08913207e-02 6.85066998e-01
    7.61128187e-01 9.97030497e-01 6.15557373e-01 8.59876275e-01
    1.08663678e-01 6.31385684e-01 5.25225222e-01 8.54908705e-01
    2.16821939e-01 3.58140767e-01 2.08203286e-01 8.50275636e-01
    2.73888141e-01 8.33652318e-01 5.92849374e-01 1.44510418e-01
    2.86102712e-01 2.89237797e-02 1.12082601e-01 5.34474552e-02
    3.11952889e-01 7.57761002e-01 4.76550043e-01 8.26707900e-01
    4.95529920e-01 1.33279592e-01 1.79439783e-01 1.98516279e-01
    2.75936186e-01 2.75667965e-01 3.07421088e-01 3.20737422e-01
    3.90689403e-01 7.70249784e-01 7.84814656e-01 4.68436092e-01
    9.98561263e-01 4.81229901e-01 4.30355906e-01 7.85493016e-01
    3.44938129e-01 6.35293126e-01 6.85608685e-01 1.48026735e-01
    6.42656803e-01 4.10885870e-01 9.75785851e-01 3.85821760e-02
    3.30878675e-01 7.09078312e-02 1.77424937e-01 9.19396043e-01
    9.37356293e-01 2.13938087e-01 9.89637136e-01 8.08219552e-01
    8.06077719e-01 8.96482348e-01 5.37276566e-02 4.31478024e-03
    4.33004975e-01 3.91608238e-01 7.12342262e-01 9.06026363e-01
    5.76221287e-01 2.97499657e-01 8.06769848e-01 3.41822803e-01
    4.22941178e-01 8.41457427e-01 5.06841958e-01 3.77826095e-02
    9.23071742e-01 5.90856433e-01 2.53011227e-01 3.92487913e-01
    1.17184609e-01 2.25667089e-01 9.30494905e-01 6.47619069e-01
    9.31719184e-01 3.51997644e-01 1.04608834e-01 3.65734190e-01
    3.78673136e-01 5.33577621e-01 5.22704601e-01 3.67685825e-01
    2.64261037e-01 6.56203687e-01 2.94095039e-01 9.59204555e-01
    9.81017947e-01 5.12583673e-01 5.03557026e-02 1.84461445e-01
    5.59950769e-01 6.21167421e-02 5.67059696e-01 8.40342999e-01
    4.14131403e-01 9.58404303e-01 3.91085684e-01 7.34128952e-02
    1.28573179e-03 5.19250631e-02 3.07099372e-01 8.12600255e-02
    3.88177037e-02 9.64645922e-01 1.11650109e-01 3.08248192e-01
    1.13232911e-01 5.18108726e-01 3.14581722e-01 9.75461960e-01
    6.11222208e-01 7.32401848e-01 9.61587787e-01 4.90936846e-01
    4.68667090e-01 8.52387428e-01 9.57768202e-01 4.33765471e-01
    5.67849457e-01 1.76514864e-01 7.54014611e-01 3.56394410e-01
    7.86495447e-01 7.35799670e-01 7.97426462e-01 3.55523497e-01
    8.29501867e-01 6.80596232e-01 7.20840454e-01 7.43537188e-01
    6.61287069e-01 3.55388165e-01 7.80951142e-01 6.54023409e-01
    1.96835667e-01 8.41895223e-01 3.68015647e-01 4.25324261e-01
    1.52368903e-01 4.53069210e-02 4.57831711e-01 5.67736745e-01
    7.67549574e-01 3.51335347e-01 2.26583809e-01 8.05791318e-01
    8.30856621e-01 3.82743001e-01 9.73190248e-01 5.57162225e-01
    7.24141836e-01 8.76190782e-01 2.91876495e-02 2.56113321e-01
    5.07521927e-01 6.94044232e-01 2.26780564e-01 1.79287463e-01
    9.27035451e-01 1.83109552e-01 2.82705128e-02 2.31496423e-01
    2.47238487e-01 7.77426362e-02 9.52444971e-01 9.10649300e-02
    1.06581151e-02 7.89438844e-01 7.14478076e-01 3.26885760e-01
    8.23069811e-01 3.19700092e-01 4.53428447e-01 8.97149682e-01
    6.55364215e-01 7.28319466e-01 5.68539739e-01 8.57470036e-01
    1.01843238e-01 4.74668980e-01 2.98738986e-01 9.43703413e-01
    5.64370513e-01 3.77503991e-01 7.65863657e-02 5.48432589e-01
    8.17049026e-01 1.25245839e-01 3.34413648e-01 5.59179544e-01
    9.04451787e-01 3.84068727e-01 5.46759307e-01 8.62081647e-01
    6.08729482e-01 5.66115677e-01 5.58682859e-01 7.71713853e-01
    3.22078705e-01 6.94807827e-01 2.95203507e-01 2.23006338e-01
    9.58203435e-01 1.66034997e-02 8.92015100e-02 8.95320773e-01
    3.69867980e-02 4.00227308e-02 6.91416562e-01 1.76568031e-02
    8.97796392e-01 9.93608952e-01 8.13992739e-01 3.68035197e-01
    4.90228862e-01 3.87058973e-01 6.57244146e-01 6.10412061e-02
    2.74756551e-02 9.94733810e-01 5.85913301e-01 5.82720101e-01
    8.22136283e-01 4.21382576e-01 7.14580417e-01 1.37984991e-01
    9.53576446e-01 3.16095829e-01 3.14815342e-02 3.04242074e-01
    2.84387052e-01 4.26635832e-01 6.94559813e-02 5.03528476e-01
    7.99277544e-01 4.17004585e-01 4.99989867e-01 4.77419823e-01
    4.48047996e-01 5.42492867e-01 7.87943661e-01 8.82609189e-01
    4.51436281e-01 4.63918149e-02 2.88039625e-01 5.28716028e-01
    4.20629859e-01 5.51398396e-01 7.25517392e-01 7.67571211e-01
    7.21390545e-01 9.73443270e-01 9.17705595e-02 9.99584556e-01
    8.71556163e-01 5.22536695e-01 5.54965436e-01 5.27551770e-01
    3.01848888e-01 9.05893326e-01 3.39506209e-01 6.52209640e-01
    4.52466488e-01 5.77282906e-01 8.57543111e-01 8.52367699e-01
    7.43021131e-01 5.33135831e-02 9.55112576e-01 3.55091184e-01
    6.48683548e-01 4.10061002e-01 8.60360146e-01 5.44550002e-01
    1.73646897e-01 9.99148130e-01 1.09857619e-01 9.95091319e-01
    8.91903758e-01 6.98461235e-01 4.53716815e-01 7.23025262e-01
    8.77239347e-01 1.99501067e-01 3.05814505e-01 4.86987203e-01
    3.85192841e-01 6.65431499e-01 4.13833678e-01 1.85683906e-01
    7.73466647e-01 5.24548888e-01 3.24948430e-01 9.77607191e-01
    6.55469060e-01 6.48307383e-01 2.21154243e-01 9.54689741e-01
    3.42665553e-01 7.58497477e-01 7.20546544e-02 8.42750072e-04
    2.45511413e-01 4.38277960e-01 1.56256855e-01 6.90533400e-01
    1.52257085e-03 8.42469096e-01 6.32035434e-01 6.78701699e-01
    9.23650980e-01 2.84678280e-01 4.60422784e-01 1.93748862e-01
    9.90997612e-01 8.54515553e-01 3.49676251e-01 1.37170345e-01
    2.44864553e-01 7.70024776e-01 6.60777748e-01 8.35560918e-01
    4.35795993e-01 8.78266931e-01 1.73673332e-01 5.60856402e-01
    5.88141620e-01 4.82636780e-01 3.14950347e-01 1.92744017e-01
    4.49526608e-01 8.93616378e-02 3.53125751e-01 7.97135293e-01
    4.05899048e-01 1.34293199e-01 1.64070040e-01 2.30487883e-01
    1.71436310e-01 3.97582054e-02 5.57278454e-01 1.33853257e-01
    5.87863863e-01 5.31582236e-01 9.87886786e-01 4.26654577e-01
    1.69839531e-01 1.54077411e-02 3.01846385e-01 3.74579072e-01
    1.97695196e-01 8.23881388e-01 3.09760243e-01 1.98759288e-01
    1.59634560e-01 2.82248676e-01 8.15629363e-01 9.59800243e-01
    6.58449948e-01 1.48092806e-01 9.64626551e-01 8.65797579e-01
    3.27213407e-01 5.29703200e-02 9.27339435e-01 7.29488730e-01
    4.89905089e-01 5.93973041e-01 4.17732596e-01 3.11482847e-02
    3.77213687e-01 7.20655084e-01 3.97897184e-01 1.59329772e-01
    4.38877851e-01 1.53432578e-01 2.68914640e-01 1.42267138e-01
    5.95327973e-01 1.23241097e-01 2.64155507e-01 2.16933429e-01
    1.41678184e-01 8.99684668e-01 5.07073045e-01 8.69796574e-02
    8.87809873e-01 6.23185158e-01 2.31752902e-01 8.44347715e-01
    9.35193300e-01 9.29015636e-01 9.79188085e-02 6.84646368e-01
    5.89169323e-01 3.51927042e-01 3.94169331e-01 9.35217440e-01
    9.22559500e-01 9.72001314e-01 2.24834859e-01 6.95548654e-01
    3.47246885e-01 7.04794526e-01 4.61775035e-01 6.20666027e-01
    8.57961595e-01 2.09108979e-01 2.48642564e-02 9.47073281e-01
    1.71712041e-01 1.55884713e-01 3.57016146e-01 8.24470162e-01
    7.59686351e-01 7.80727983e-01 9.07805562e-03 2.74209797e-01
    8.53399277e-01 3.86989415e-01 6.91695571e-01 9.06434834e-01
    2.07329214e-01 3.78939509e-01 1.08260155e-01 4.23814565e-01
    4.98659611e-01 1.24296248e-02 4.03971493e-01 8.65705967e-01
    5.16863704e-01 9.16546583e-03 4.34514701e-01 9.81832147e-01
    9.90135431e-01 9.78608251e-01 5.80985367e-01 9.68569636e-01
    2.86618233e-01 5.77363551e-01 1.65153146e-01 3.44890714e-01
    7.31545389e-01 8.28814209e-02 9.85067964e-01 4.12902772e-01
    6.88364506e-02 3.38434875e-01 9.02979016e-01 5.20187676e-01
    3.83539617e-01 7.29937434e-01 6.00983262e-01 4.51636851e-01
    1.46370023e-01 9.02625084e-01 6.93592131e-01 4.93964225e-01
    6.75349236e-01 1.25972241e-01 3.22043896e-04 4.32791352e-01
    5.48914254e-01 8.79173279e-01 8.47670555e-01 1.36845708e-01
    8.14219356e-01 4.57513630e-02 9.11827803e-01 6.27340376e-01
    9.04778838e-01 8.73578906e-01 3.22703123e-02 4.13058400e-02
    3.33859265e-01 4.44761306e-01 8.82726312e-01 8.71713161e-01
    1.18844718e-01 8.02200913e-01 2.60173023e-01 3.92448395e-01
    3.27434003e-01 4.33509320e-01 4.51638013e-01 6.89797699e-01
    9.17496800e-01 6.91676855e-01 4.29319590e-01 8.82688165e-01
    4.25853968e-01 8.44244838e-01 5.45265317e-01 8.46247435e-01
    5.11684775e-01 6.96987748e-01 7.10200489e-01 3.78973842e-01
    8.21351647e-01 6.92801833e-01 5.99931061e-01 5.66289306e-01
    7.61515975e-01 3.78471732e-01 5.61685681e-01 4.70366538e-01
    9.97182548e-01 4.01167721e-01 2.72385538e-01 7.96429992e-01
    1.41487151e-01 7.06019104e-01 4.90644217e-01 2.99424976e-01
    5.22951424e-01 4.81619239e-02 9.38314617e-01 3.32786202e-01
    8.66100550e-01 6.23660743e-01 6.06460214e-01 6.66717827e-01
    7.07318366e-01 6.86030388e-01 7.95650184e-02 6.25908673e-01
    9.27256525e-01 7.13151515e-01 4.29956675e-01 2.46828794e-01
    4.48974192e-01 3.09367210e-01 7.94279873e-01 7.51370549e-01
    3.49898875e-01 8.43033075e-01 1.76787913e-01 6.62608445e-01
    8.97727430e-01 6.50216520e-01 8.15844297e-01 9.06252146e-01
    9.66926515e-01 9.96396184e-01 3.83121490e-01 7.87309825e-01
    8.17317188e-01 6.96361184e-01 3.64869982e-01 9.87998962e-01
    3.49053353e-01 8.53277087e-01 7.19307601e-01 1.30939364e-01
    5.64862370e-01 4.91087139e-01 6.00906730e-01 4.49328363e-01
    6.15932405e-01 4.69851106e-01 8.85173798e-01 2.03245610e-01
    3.27084959e-01 1.27279431e-01 4.33543086e-01 1.61696672e-01
    3.82793784e-01 3.13340485e-01 8.37557018e-01 6.87350035e-01
    2.46386617e-01 1.73574448e-01 4.11731184e-01 5.70681870e-01
    3.89763713e-02 4.12252635e-01 4.29841697e-01 5.37709653e-01
    6.29846334e-01 6.26529574e-01 9.89239812e-02 9.39568520e-01
    9.17912662e-01 3.82884502e-01 7.49332845e-01 6.56692207e-01
    5.27120829e-01 2.47540355e-01 2.07016230e-01 5.64317346e-01
    4.64330912e-02 9.23839211e-01 9.32321846e-02 7.19127178e-01
    3.80874127e-01 3.33597064e-01 6.21701598e-01 7.75764823e-01
    7.57855535e-01 3.92208725e-01 6.77612424e-03 2.11965978e-01
    2.51282722e-01 6.04326129e-02 4.31682408e-01 6.41592562e-01
    2.11416960e-01 7.24625587e-01 3.12797129e-01 1.54247433e-01
    5.78771353e-01 3.97512138e-01 7.35923588e-01 8.59172225e-01
    7.26168454e-01 1.96153492e-01 7.70857692e-01 4.91921514e-01
    4.43205237e-01 7.55256057e-01 5.48211455e-01 5.92871904e-01
    7.65886486e-01 9.14590776e-01 9.06467319e-01 2.79336214e-01
    8.47999334e-01 6.10701442e-01 5.85702002e-01 7.84490824e-01
    7.46864378e-01 3.37720394e-01 6.42211735e-01 2.41356760e-01
    4.90191191e-01 2.01837212e-01 1.04621351e-01 3.67910087e-01
    7.75117278e-02 7.57642806e-01 7.07477212e-01 6.43440187e-01
    8.88347268e-01 1.42539024e-01 2.51711428e-01 5.30437171e-01
    2.86970317e-01 3.60689998e-01 9.09992814e-01 5.65272391e-01
    7.06814647e-01 4.43484932e-01 2.73904443e-01 9.99087095e-02
    7.02559173e-01 1.12519830e-01 7.38363922e-01 3.90064090e-01
    5.21246552e-01 2.24987596e-01 9.29870009e-01 5.77469468e-01
    2.64803708e-01 5.43110251e-01 6.69888556e-01 2.69281864e-01
    9.86533761e-01 1.21616811e-01 9.19654906e-01 9.92015243e-01
    7.32322752e-01 7.01164901e-01 2.37610102e-01 1.07867807e-01
    5.19259274e-01 2.82950670e-01 8.95903409e-02 4.05376554e-02
    7.41164207e-01 7.48352647e-01 4.72896546e-01 4.75503683e-01
    1.49452567e-01 9.15456653e-01 5.35918057e-01 7.32037425e-02
    8.73282433e-01 8.83041799e-01 8.93965364e-01 1.44718707e-01
    9.23167050e-01 2.53505051e-01 3.37198615e-01 5.66014230e-01
    2.05500782e-01 7.00582504e-01 1.58917308e-02 5.18252730e-01
    7.05663860e-01 7.05775023e-01 4.88408089e-01 3.04695129e-01
    3.19918185e-01 2.81711221e-02 8.85368884e-02 1.83135569e-02
    6.67621017e-01 3.17977965e-02 2.25760788e-01 2.96015859e-01
    1.94550455e-01 8.07522416e-01 6.87329888e-01 2.78510183e-01
    9.60479856e-01 9.32404995e-01 1.06921822e-01 9.38452721e-01
    3.90629947e-01 7.44695187e-01 2.32314497e-01 1.37763798e-01
    8.96430612e-01 5.48446238e-01 7.38898158e-01 5.77954531e-01
    3.92993182e-01 1.08376414e-01 3.02084267e-01 5.11642992e-02
    8.98459136e-01 9.89631772e-01 6.70085609e-01 9.51188862e-01
    1.22270048e-01 1.78228438e-01 5.66354692e-01 8.18571448e-03
    1.13149971e-01 2.60195673e-01 2.97340035e-01 8.36838365e-01
    4.52842385e-01 3.38940918e-01 3.21055532e-01 4.03098822e-01
    1.91987932e-01 8.47706676e-01 6.38207436e-01 3.55716765e-01
    2.01096535e-01 1.10439330e-01 3.88095677e-01 4.25886810e-01
    9.45044637e-01 5.36898375e-02 7.93973684e-01 3.85780036e-02
    3.66647065e-01 2.65570998e-01 4.85524297e-01 1.31881982e-01
    5.10855138e-01 1.60259604e-02 8.51141930e-01 5.65461338e-01
    3.93420160e-02 3.70805740e-01 4.89782661e-01 7.56399870e-01
    4.96740431e-01 1.90501630e-01 2.37785041e-01 2.84131169e-02
    4.27912474e-02 5.89984894e-01 3.93683612e-02 1.38141811e-01
    2.01719612e-01 8.14007819e-01 2.11228788e-01 6.86798275e-01
    4.37386751e-01 3.63107800e-01 3.90897661e-01 6.42200112e-02
    2.45890737e-01 4.07151103e-01 8.20611715e-01 6.80198550e-01
    7.52450824e-01 5.92087924e-01 9.86967683e-02 4.90948617e-01
    2.89621830e-01 2.41964400e-01 9.01528716e-01 3.71494651e-01
    8.69510233e-01 3.58196080e-01 8.29178810e-01 5.99510074e-02
    3.76237869e-01 2.96529412e-01 3.72416258e-01 2.95241266e-01
    5.56144178e-01 3.39297950e-01 8.17906559e-01 5.18588364e-01
    2.33484089e-01 7.27981627e-01 4.92892623e-01 9.01218653e-01
    6.03405058e-01 4.19840574e-01 8.38863730e-01 2.73221433e-01
    2.08289832e-01 2.28437543e-01 3.27826738e-02 7.02526569e-02
    8.81457329e-01 4.26114321e-01 1.68142915e-02 5.92917562e-01
    7.98193574e-01 3.16841930e-01 1.55504644e-01 6.99791014e-02
    2.25130081e-01 2.65428424e-02 7.12174058e-01 5.10605574e-02
    1.56654209e-01 5.16635716e-01 9.62048531e-01 9.99555051e-01
    2.72820443e-01 9.63762999e-01 2.31756449e-01 2.07931846e-01
    8.91772509e-01 7.39286423e-01 1.17804050e-01 7.06393898e-01
    8.63950908e-01 5.69763064e-01 2.52604067e-01 2.26107419e-01
    9.10390258e-01 7.68175483e-01 5.85784912e-02 8.67604375e-01
    2.50024140e-01 6.04426861e-02 1.24955058e-01 2.06317931e-01
    6.31466746e-01 9.95275736e-01 7.32416034e-01 2.96947151e-01
    2.98140377e-01 6.79676294e-01 7.96328247e-01 6.06228590e-01
    5.84031582e-01 8.92571211e-01 7.09051132e-01 3.33179176e-01
    5.87178588e-01 6.84702992e-02 7.73621678e-01 4.63688076e-01
    7.84116626e-01 4.41119909e-01 9.98145819e-01 3.08337748e-01
    5.14819980e-01 3.18386644e-01 1.73741221e-01 3.10528994e-01
    2.17397809e-02 6.55664802e-01 3.37280780e-01 7.65301585e-01
    2.53653109e-01 5.96239746e-01 7.23290205e-01 7.70934880e-01
    4.12603021e-01 2.89748251e-01 4.24969435e-01 9.03079152e-01
    6.41010463e-01 9.83733714e-01 7.09971070e-01 5.61616838e-01
    6.56009436e-01 6.24882579e-02 6.49520695e-01 4.65523541e-01
    7.42209017e-01 1.53372020e-01 6.02738142e-01 5.46837986e-01
    6.40807152e-01 7.55580902e-01 8.21498036e-01 6.65668368e-01
    5.43845475e-01 2.01298952e-01 7.06429780e-01 3.96783292e-01
    5.41201890e-01 1.50189102e-02 9.25773561e-01 5.90075374e-01
    1.85244918e-01 3.62742603e-01 8.19462538e-03 9.62929010e-01
    9.61205065e-02 5.93495607e-01 1.46724343e-01 2.92638481e-01
    1.68558091e-01 1.43093437e-01 8.94910336e-01 7.61071146e-02
    3.64136696e-01 1.64530426e-01 6.48630440e-01 3.58764827e-02
    2.95029819e-01 4.87116992e-01 6.85962498e-01 9.69781518e-01
    4.46986973e-01 7.68003106e-01 6.54106021e-01 5.48463047e-01
    2.99565107e-01 6.68679833e-01 5.18224537e-01 8.27190578e-01
    5.01972437e-03 3.09391916e-02 1.40484571e-02 8.98624659e-01
    8.87077332e-01 8.59356761e-01 8.86353970e-01 5.24015188e-01
    4.71072793e-02 8.78308296e-01 5.72251976e-02 8.63386393e-01
    2.43645608e-02 3.31729442e-01 9.14162397e-01 2.81008840e-01
    8.67918730e-02 7.11612463e-01 8.14771652e-01 9.16739464e-01
    5.03332615e-02 3.22825730e-01 3.48776966e-01 4.87978220e-01
    5.95553339e-01 9.88642216e-01 5.44516921e-01 1.78780228e-01
    6.03415966e-01 1.19833320e-01 1.96198255e-01 6.78636074e-01
    4.94268090e-01 1.33328199e-01 4.33176816e-01 4.53348428e-01
    1.13666058e-01 1.56853676e-01 3.39446425e-01 9.41465437e-01
    9.32262421e-01 2.47373730e-01 1.17378175e-01 1.81407154e-01
    6.07001603e-01 2.06153125e-01 9.85323787e-01 8.86891425e-01
    9.68372345e-01 5.86195707e-01 1.04498595e-01 8.29151928e-01
    8.06978822e-01 5.96325159e-01 4.81612086e-02 8.25559437e-01
    3.17806363e-01 6.76663637e-01 3.52510154e-01 7.37832427e-01
    7.62257695e-01 7.96909809e-01 3.85599434e-01 3.24547291e-03
    7.21733749e-01 3.38426232e-02 7.98572183e-01 8.64270329e-01
    2.71335602e-01 9.56574678e-01 7.54041970e-02 3.29055011e-01
    7.19516397e-01 7.12914824e-01 4.97524738e-02 1.87834501e-01
    1.93961561e-01 4.87350404e-01 9.05506611e-01 2.41402209e-01
    8.15508962e-01 9.38520193e-01 6.09510958e-01 3.81291449e-01
    4.47826385e-02 2.62682617e-01 5.73864222e-01 3.18951428e-01
    2.90055305e-01 9.92936075e-01 1.01705462e-01 6.30546927e-01
    9.78463709e-01 6.47919178e-02 6.77497983e-01 5.96949339e-01
    6.00880384e-01 4.45036113e-01 9.05386686e-01 4.43804294e-01
    3.16904306e-01 2.95173556e-01 9.80141580e-01 7.30527163e-01
    4.62905467e-02 9.39074755e-01 6.87234700e-02 1.79681003e-01
    6.15836620e-01 8.54282558e-01 9.14363205e-01 9.68200803e-01
    2.46001780e-01 2.09083110e-01 8.48414123e-01 2.95763731e-01
    7.01886356e-01 6.43752813e-01 1.18734807e-01 2.10233629e-01
    9.98729348e-01 6.87494993e-01 2.81908512e-02 4.31841195e-01
    4.44607913e-01 3.72016490e-01 8.45847130e-01 2.75312215e-01
    6.21192455e-02 2.68493772e-01 9.29036021e-01 6.72722697e-01
    9.22544062e-01 1.30856216e-01 4.12246376e-01 6.40881062e-01
    3.78670990e-01 7.65482306e-01 6.96265280e-01 4.33689535e-01
    4.42915261e-01 9.77873802e-03 6.06908977e-01 8.04691434e-01
    3.59874725e-01 1.86116219e-01 5.09780765e-01 2.28025943e-01
    6.12184405e-01 3.46712768e-02 9.59148943e-01 2.92061210e-01
    2.65008628e-01 8.33710909e-01 3.14366817e-01 8.88950825e-02
    4.29968387e-01 9.34462428e-01 2.12725222e-01 2.93681234e-01
    9.87923622e-01 4.60760623e-01 5.42240679e-01 9.48145986e-02
    3.15491349e-01 1.73526615e-01 6.25011742e-01 6.07271254e-01
    1.95535213e-01 3.69042516e-01 7.77821600e-01 8.63016605e-01
    1.88252926e-01 8.66632342e-01 4.04368520e-01 4.12676245e-01
    6.64077222e-01 1.23523921e-01 6.41682029e-01 7.21062064e-01
    2.09549457e-01 5.71679175e-01 5.59902847e-01 6.23911917e-02
    5.44952273e-01 5.76607704e-01 4.42232817e-01 4.07956213e-01
    4.98959422e-02 2.12378651e-01 1.93739325e-01 1.04055405e-01
    5.64218879e-01 5.99022508e-01 2.63005733e-01 7.50138164e-02
    6.64267600e-01 1.30873471e-01 8.44764590e-01 5.24600923e-01
    1.28595829e-01 4.67283577e-01 4.58605826e-01 2.92190909e-01
    5.39750397e-01 8.73396516e-01 9.92835462e-02 9.17819262e-01
    1.18157446e-01 5.96253932e-01 6.43678665e-01 6.94231033e-01
    4.42290783e-01 8.31986845e-01 5.11966288e-01 6.66504443e-01
    3.41321081e-01 6.48829460e-01 8.20944607e-02 5.35561979e-01
    7.10284591e-01 6.50938034e-01 7.69726336e-01 8.71803164e-02
    6.80214167e-02 6.05379581e-01 3.56035352e-01 4.96675760e-01
    3.94470990e-01 2.32875943e-02 6.63289428e-01 4.26973522e-01
    1.83590025e-01 6.39065981e-01 4.53902900e-01 2.04276145e-01
    2.76862979e-02 9.27319288e-01 3.44931215e-01 8.99902284e-01
    2.85943359e-01 9.11362231e-01 1.84600651e-01 7.07900524e-01
    5.76885402e-01 1.61501080e-01 3.70160162e-01 1.30628943e-01
    8.81988883e-01 6.54697657e-01 8.38129520e-01 2.35790670e-01
    3.40019345e-01 7.21730292e-01 6.96502090e-01 4.87850904e-01
    4.71831918e-01 2.63394028e-01 9.14329231e-01 1.87807679e-02
    9.27592635e-01 7.34210372e-01 8.85613561e-01 8.67751837e-01
    7.80785859e-01 6.29809380e-01 1.04903400e-01 3.60777020e-01
    4.21058059e-01 9.11412477e-01 1.96665525e-02 4.78985906e-03
    6.62812948e-01 1.14834219e-01 6.79839611e-01 3.23382914e-01
    4.49980408e-01 8.41646791e-01 4.79539126e-01 9.56649780e-01
    6.18278861e-01 5.16692936e-01 4.40900832e-01 1.82910383e-01
    9.12985682e-01 9.84027028e-01 9.21605468e-01 5.19797981e-01
    1.06091380e-01 9.64514136e-01 5.40814400e-02 6.07764006e-01
    1.74442828e-02 8.59371245e-01 3.00575346e-01 5.04945397e-01
    3.01300973e-01 2.61848241e-01 5.82741797e-02 5.02668321e-01
    7.53917217e-01 6.64868474e-01 2.31331557e-01 6.25828564e-01
    1.74892753e-01 9.11312222e-01 1.87603712e-01 1.51587963e-01
    2.89649069e-02 9.18580770e-01 2.63308764e-01 3.58621180e-01
    6.17534518e-01 8.81582260e-01 3.64130318e-01 1.50389910e-01
    5.82588255e-01 5.15251994e-01 7.09651470e-01 7.56996214e-01
    4.82830018e-01 4.27974850e-01 7.99638450e-01 7.70016015e-02
    1.10427737e-01 6.86637163e-01 5.75550854e-01 5.41573524e-01
    8.22304487e-01 8.55494022e-01 4.72200722e-01 6.45349205e-01
    4.99813467e-01 5.48558652e-01 9.44917202e-01 9.27179754e-02
    4.09929246e-01 8.10091972e-01 9.35633779e-01 2.42255330e-01
    5.13780057e-01 4.10924077e-01 8.68423104e-01 7.21126437e-01
    2.38165259e-02 3.76600921e-01 4.50949550e-01 7.89731741e-03
    6.60447240e-01 4.62089658e-01 3.18213254e-01 1.43256903e-01
    6.71358407e-01 1.55116946e-01 7.99048245e-02 5.24620295e-01
    3.16761017e-01 3.70160639e-02 8.09423685e-01 7.61579216e-01
    6.21933460e-01 5.84080875e-01 1.94586247e-01 4.71486121e-01
    4.96795565e-01 1.00429654e-02 6.25751197e-01 2.62892246e-01
    2.07503408e-01 3.19165409e-01 4.12658334e-01 8.53135884e-02
    2.27432638e-01 5.42099476e-02 5.78564346e-01 9.14882541e-01
    3.25164616e-01 4.17329252e-01 5.61452687e-01 6.49849594e-01
    5.37744761e-01 7.88644552e-02 1.66963249e-01 9.50074553e-01
    5.40413499e-01 8.75679493e-01 7.73201585e-02 3.25875312e-01
    9.24280286e-01 5.23169696e-01 6.86976731e-01 9.74292159e-02
    8.32720995e-01 3.54546726e-01 2.38012463e-01 2.28402466e-01
    2.86852717e-01 5.12252867e-01 2.88777262e-01 3.37527275e-01
    8.94669533e-01 9.43928778e-01 7.92209208e-01 6.00474060e-01
    4.07832861e-01 9.95511651e-01 9.27683353e-01 2.89852262e-01
    5.10592937e-01 2.88744867e-01 5.49971163e-01 5.71573377e-01
    3.57578754e-01 2.49047220e-01 3.51417273e-01 3.30689907e-01
    3.63426805e-01 7.62023628e-02 6.00862503e-03 4.98383373e-01
    5.06019413e-01 7.86179662e-01 9.17033255e-01 1.00084841e-01
    5.75595975e-01 4.30103838e-02 9.54395235e-01 5.39795578e-01
    3.80472898e-01 8.91391039e-01 2.99391568e-01 9.78232861e-01
    5.29372036e-01 8.66786242e-01 4.72468019e-01 6.46426082e-01
    2.80488610e-01 1.54977798e-01 9.39623237e-01 4.84939694e-01
    3.06296706e-01 9.17573214e-01 5.03086686e-01 1.03086531e-02
    3.59267741e-01 4.78378177e-01 7.63149977e-01 1.94327325e-01
    9.26692665e-01 8.62146974e-01 2.33740449e-01 9.81148720e-01
    6.00142539e-01 4.72126663e-01 5.35244823e-01 4.07294035e-02
    3.85388494e-01 4.21283841e-01 7.39088058e-01 1.42368406e-01
    2.47576028e-01 2.08519816e-01 9.21777010e-01 1.95174664e-01
    1.54514045e-01 3.95400763e-01 5.35596550e-01 8.69249284e-01
    5.04122317e-01 9.48321223e-01 9.28004980e-01 2.00025022e-01
    3.80071908e-01 1.63561195e-01 8.15973699e-01 6.51604950e-01
    5.10552883e-01 5.49829900e-01 2.65722513e-01 7.49838054e-02
    9.36568260e-01 4.45778042e-01 2.33827531e-01 1.46547318e-01
    8.00042868e-01 1.95464730e-01 2.18681484e-01 3.16036403e-01
    5.79156756e-01 4.49653059e-01 2.11582512e-01 1.83618665e-02
    7.74929106e-01 2.17027068e-02 3.66922081e-01 4.57593918e-01
    6.36308730e-01 8.54999125e-01 4.28471208e-01 1.79737836e-01
    2.39725649e-01 3.29819739e-01 1.53068006e-02 1.37303948e-01
    7.75738478e-01 6.03801608e-01 2.51274467e-01 2.68245727e-01
    6.71220422e-02 9.13225412e-01 9.76376832e-02 2.94753253e-01
    9.02227223e-01 5.91143727e-01 8.09866071e-01 6.21962786e-01
    9.41080451e-01 1.38394356e-01 3.59395921e-01 1.96192533e-01
    9.88785505e-01 1.89612418e-01 9.34548676e-02 8.17026138e-01
    9.04563546e-01 8.65139246e-01 7.64382482e-02 4.20799792e-01
    1.26091599e-01 8.38842988e-03 3.03513169e-01 1.37326121e-03
    4.08127904e-03 1.17903739e-01 6.88131809e-01 2.21436232e-01
    2.91271895e-01 2.78813601e-01 7.97516346e-01 4.20460761e-01
    1.45457953e-01 2.32512563e-01 3.48643541e-01 9.24703717e-01
    3.46560001e-01 8.30875754e-01 8.95088613e-02 3.99377108e-01
    6.02210760e-01 4.91460234e-01 6.55001402e-02 7.31307149e-01
    4.47212458e-02 4.17569757e-01 2.86695510e-01 4.84843761e-01
    9.41636682e-01 5.32505095e-01 8.75502765e-01 8.29410315e-01
    9.24166560e-01 7.65548885e-01 2.24615902e-01 1.00869566e-01
    6.86095536e-01 8.84786010e-01 8.30145895e-01 7.16236711e-01
    5.86825430e-01 9.30268288e-01 9.22908485e-02 1.19102091e-01
    8.70179176e-01 4.09944475e-01 4.03119266e-01 7.81393707e-01
    5.87802827e-01 6.40307307e-01 7.11166143e-01 9.51759934e-01
    3.73771131e-01 9.39626634e-01 8.07251334e-01 5.40712297e-01
    1.11594796e-02 8.64461899e-01 8.63698125e-03 6.53363705e-01
    9.23857510e-01 2.44269401e-01 9.24756527e-01 2.04062313e-01
    3.21260601e-01 3.60596180e-02 5.60799778e-01 5.91367424e-01
    9.21912670e-01 9.63917613e-01 8.75261664e-01 3.20273340e-01
    5.40638208e-01 6.44156635e-01 2.71364599e-01 3.53020996e-01
    5.02399445e-01 9.12706971e-01 6.90601468e-02 5.09168565e-01
    4.52438861e-01 9.77167487e-01 6.49501741e-01 7.35923409e-01
    4.85854089e-01 7.98915982e-01 6.67506754e-02 8.75162125e-01
    2.84428000e-01 6.30636692e-01 8.05133939e-01 2.05805063e-01
    2.59309053e-01 3.85784417e-01 4.08461928e-01 4.06483889e-01
    7.12895513e-01 2.20030308e-01 5.42774796e-02 8.65550518e-01
    7.88069010e-01 6.62858248e-01 8.51183534e-02 8.63948226e-01
    8.11037421e-03 8.82628381e-01 5.85317612e-05 8.66368473e-01
    8.02810669e-01 1.62888974e-01 8.28618526e-01 8.98016095e-01
    9.03488398e-01 3.68744850e-01 1.36446685e-01 5.17424107e-01
    5.26144445e-01 3.36465627e-01 6.37116432e-01 5.78193486e-01
    5.50930262e-01 3.08033049e-01 7.18904495e-01 7.79278994e-01
    8.71478915e-02 5.92162728e-01 4.68983054e-01 2.00309932e-01
    6.39438391e-01 4.44711655e-01 6.21954679e-01 8.20524573e-01
    1.90861166e-01 7.09908009e-01 9.17548895e-01 5.33460379e-02
    2.77702093e-01 8.06095243e-01 1.10646665e-01 7.84123421e-01
    4.13244933e-01 6.72529042e-02 3.36090446e-01 9.16542709e-01
    5.57830036e-02 3.66176963e-01 6.04968369e-02 3.37448388e-01
    7.56149769e-01 7.65313864e-01 3.11897993e-02 3.22542191e-01
    7.75549293e-01 2.50664711e-01 6.19688749e-01 2.90955216e-01
    4.11698043e-01 4.07819659e-01 8.77771735e-01 9.20682847e-01
    2.22678185e-01 4.34162378e-01 5.96591949e-01 3.30524594e-01
    1.88815892e-02 9.44191217e-02 9.79313314e-01 2.92219222e-02
    3.63571554e-01 6.36278570e-01 5.07329583e-01 3.71910661e-01
    4.95363742e-01 7.03387737e-01 6.69288397e-01 7.41871953e-01
    3.58865678e-01 1.48181766e-01 1.32147670e-02 6.38151765e-02
    5.72009683e-01 6.59996510e-01 9.23860788e-01 1.69798970e-01
    6.40319824e-01 4.22659039e-01 4.87151921e-01 9.97753143e-01
    3.77728015e-01 8.91596973e-02 1.86564356e-01 6.51886642e-01
    6.53975606e-01 1.32442296e-01 4.37439352e-01 3.99490982e-01
    8.10768604e-02 1.16551399e-01 4.92996216e-01 4.02805239e-01
    6.29046917e-01 2.57849932e-01 3.64068598e-01 9.38623905e-01
    2.15026468e-01 7.71874189e-02 6.33030415e-01 8.73852193e-01
    4.33200896e-01 1.41952395e-01 5.19545496e-01 3.76284003e-01
    1.45519763e-01 8.65842938e-01 8.73449326e-01 7.00649321e-01
    6.50067747e-01 3.62479866e-01 1.75861716e-02 6.80407763e-01
    2.81825244e-01 9.40258205e-02 6.24236822e-01 2.63927609e-01
    5.00644803e-01 8.29982042e-01 5.87495804e-01 6.40308380e-01
    4.10688013e-01 7.74942517e-01 2.96965718e-01 2.28067160e-01
    3.20484579e-01 6.98255658e-01 6.36192679e-01 2.46437460e-01
    7.54961491e-01 2.11138397e-01 9.23961520e-01 9.74946797e-01
    6.36950374e-01 7.66251564e-01 2.95489907e-01 4.27157462e-01
    8.75288486e-01 3.72748733e-01 3.61036479e-01 5.63772082e-01
    5.27514338e-01 7.82851696e-01 2.49037862e-01 8.29266429e-01
    4.77153331e-01 3.01590323e-01 9.00095344e-01 4.47044253e-01
    7.71266580e-01 6.39061034e-01 4.73238558e-01 5.81059456e-01
    6.47156715e-01 7.71064878e-01 3.92149925e-01 7.27671266e-01
    1.86665893e-01 2.77433902e-01 2.59455949e-01 1.32592946e-01
    7.54619837e-01 6.44039512e-01 2.66214967e-01 6.35640740e-01
    4.27449137e-01 1.01188123e-02 6.66106999e-01 1.55863822e-01
    1.12800032e-01 4.11149561e-01 2.28402764e-01 1.76628411e-01
    8.41098368e-01 5.73873103e-01 7.10422039e-01 2.40514010e-01
    5.77535272e-01 5.58529615e-01 2.85274923e-01 6.64355934e-01
    2.56380022e-01 4.86118555e-01 8.06383252e-01 4.36452419e-01
    4.21972871e-01 7.70907164e-01 6.23378932e-01 7.49692500e-01
    3.90508056e-01 2.70060927e-01 1.88405722e-01 9.06500459e-01
    3.00061882e-01 8.90109241e-01 1.09885633e-01 1.41889513e-01
    1.03913009e-01 6.22281551e-01 8.41541052e-01 3.28168690e-01
    2.42159218e-01 8.56618285e-02 1.49021238e-01 5.01820266e-01
    6.16965413e-01 2.77229488e-01 9.11173105e-01 5.28264344e-01
    7.04074502e-01 5.13428748e-01 5.17962277e-02 8.78144026e-01
    9.39037502e-01 4.85007942e-01 8.45033407e-01 2.91859984e-01
    1.79417431e-01 2.58169770e-01 1.59829855e-03 2.48238295e-01
    3.00972223e-01 7.58467615e-02 1.89794749e-01 7.21934497e-01
    7.23641753e-01 6.63261294e-01 5.98632872e-01 3.09139669e-01
    1.32075071e-01 2.74403095e-01 1.67556435e-01 3.96499038e-01
    9.15347040e-01 5.54420769e-01 8.41379702e-01 6.65280104e-01
    3.01649749e-01 6.70127749e-01 4.89494562e-01 5.21266520e-01
    6.95033312e-01 1.44324422e-01 6.12764120e-01 3.72720599e-01
    9.34090137e-01 8.90473127e-01 9.92977858e-01 4.02429253e-01
    7.66183615e-01 2.80930459e-01 8.58239114e-01 5.15736699e-01
    6.49282396e-01 1.20100379e-02 2.62328565e-01 9.51617479e-01
    9.21061993e-01 9.15801167e-01 7.74643958e-01 6.21016383e-01
    8.26945066e-01 6.44470036e-01 9.10823107e-01 1.27047956e-01
    3.63816649e-01 6.09550059e-01 9.81639862e-01 5.04673421e-02
    5.23878276e-01 8.19701433e-01 3.10449839e-01 7.16736317e-02
    7.51617014e-01 4.14683819e-02 4.91091549e-01 2.94331104e-01
    3.49716038e-01 4.46305633e-01 8.24629545e-01 6.38455629e-01
    2.41957724e-01 9.32001770e-01 6.67393863e-01 3.28912854e-01
    2.42262870e-01 6.99698985e-01 1.17675066e-02 8.35558176e-01
    9.33422089e-01 5.76510310e-01 5.37255406e-01 1.68886185e-02
    9.78893280e-01 5.67035198e-01 9.63048041e-01 5.27778685e-01
    4.82429415e-01 2.34417886e-01 8.25735033e-01 3.55048776e-02
    8.62454534e-01 1.59240544e-01 7.40208089e-01 5.84744513e-02
    9.20564055e-01 6.47330403e-01 8.61418486e-01 2.19466299e-01
    5.39458990e-02 8.62535894e-01 5.52246094e-01 1.34956896e-01
    3.56332898e-01 8.11944723e-01 8.59719992e-01 8.08340967e-01
    2.35111177e-01 4.01871175e-01 7.96817422e-01 9.48272228e-01
    6.79886460e-01 2.63054967e-02 3.70544970e-01 1.44180506e-01
    4.25628662e-01 1.79993510e-01 6.39963865e-01 7.95584679e-01
    7.24712968e-01 7.49027312e-01 8.86243761e-01 5.35546601e-01
    4.87537354e-01 5.17948806e-01 2.92861402e-01 6.90909803e-01
    4.58527207e-01 2.20254868e-01 1.45850360e-01 6.62475169e-01
    5.27853847e-01 5.08330345e-01 3.10553193e-01 4.80804384e-01
    7.79554129e-01 6.77647233e-01 6.89249456e-01 4.83818501e-01
    6.76654279e-02 1.85999274e-02 8.73100877e-01 1.07217997e-01
    1.99738562e-01 4.89151776e-02 1.57944202e-01 2.74752736e-01
    9.77820039e-01 6.55384898e-01 9.72407341e-01 9.84559119e-01
    4.66004908e-02 8.81316245e-01 3.83456916e-01 3.45207065e-01
    8.33383262e-01 7.30928898e-01 9.13530231e-01 1.15606427e-01
    8.00722003e-01 7.11559474e-01 9.62975800e-01 7.21453547e-01
    6.17407858e-02 1.67327195e-01 4.47334945e-01 1.76534593e-01
    2.03560293e-02 9.03815031e-03 7.94954181e-01 6.53534234e-02
    3.03723872e-01 5.20529687e-01 9.85022247e-01 7.10973620e-01
    1.57266051e-01 5.18714488e-01 2.22130060e-01 3.43646526e-01
    5.54614007e-01 6.58898652e-01 6.05566502e-01 6.88734770e-01
    7.38714039e-01 2.27651238e-01 2.65565187e-01 6.62827551e-01
    5.11446953e-01 6.97106242e-01 4.28301394e-02 3.46426666e-01
    6.89722180e-01 6.18793845e-01 6.29996717e-01 7.16651559e-01
    8.93666744e-02 5.06501794e-01 1.93971246e-01 4.25850868e-01
    8.14397812e-01 5.94707727e-01 9.57480967e-01 9.47945595e-01
    7.47822702e-01 3.07842433e-01 6.71492219e-02 8.89804959e-03
    7.23726153e-01 6.68626726e-01 7.25892484e-02 5.30553222e-01
    1.10628843e-01 7.57589340e-01 8.82202625e-01 3.58448684e-01
    2.22951949e-01 2.30747849e-01 6.43455386e-01 1.10411227e-01
    4.65661228e-01 6.43810332e-01 6.16476059e-01 8.51360440e-01
    5.45734167e-02 7.14620233e-01 3.95716459e-01 1.24768168e-01
    9.21801448e-01 4.18012321e-01 6.03421211e-01 1.74011916e-01
    9.95373011e-01 3.79451185e-01 8.31615925e-01 3.94013494e-01
    1.89277768e-01 4.30127889e-01 6.52977526e-01 9.49930429e-01
    7.86758602e-01 7.87443995e-01 9.90801156e-01 2.01796651e-01
    9.13863063e-01 4.67552036e-01 6.94670379e-02 9.27500904e-01
    8.99012029e-01 2.29420274e-01 6.35225594e-01 7.32998788e-01
    1.45615846e-01 3.21345925e-01 9.21135843e-02 4.85228747e-01
    5.77846110e-01 5.43596089e-01 7.75567770e-01 4.42064106e-02
    5.59279621e-01 9.85706210e-01 5.32347739e-01 9.41638291e-01
    2.43135691e-02 9.46292281e-01 5.31429112e-01 2.07352251e-01
    5.31576991e-01 8.31664562e-01 8.86005878e-01 6.98142171e-01
    5.64371824e-01 1.61393553e-01 2.52703965e-01 2.93429792e-02
    2.43159980e-01 5.36173582e-01 7.21391439e-01 1.62970841e-01
    8.93648148e-01 4.78840530e-01 7.09472358e-01 9.08355117e-01
    8.87799978e-01 1.51025653e-02 8.95909071e-01 7.62910903e-01
    9.40219641e-01 7.55825639e-01 4.79681402e-01 3.29773009e-01
    8.20203304e-01 6.52541995e-01 7.74541914e-01 7.09625363e-01
    3.40136766e-01 4.17909026e-01 5.44284761e-01 6.31285489e-01
    9.63965297e-01 7.07023323e-01 6.33857369e-01 5.94112277e-02
    4.21347976e-01 9.69728351e-01 2.36575335e-01 9.11796033e-01
    7.50761628e-01 1.45505011e-01 6.14308357e-01 1.99526310e-01
    8.80598307e-01 7.98159242e-01 1.55043691e-01 4.64406013e-02
    8.47652018e-01 2.58945644e-01 3.31768602e-01 3.93475562e-01
    9.93625522e-02 7.71942019e-01 8.90842974e-01 4.65481699e-01
    5.82164109e-01 6.22268200e-01 6.27813876e-01 4.14806694e-01
    6.30717516e-01 8.32641184e-01 2.33780533e-01 9.19782400e-01
    7.23797917e-01 7.91440845e-01 5.41673422e-01 7.74649858e-01
    2.57638097e-01 9.72122192e-01 1.20603740e-01 6.25776052e-02
    3.51406246e-01 3.42948377e-01 8.46400142e-01 6.18184447e-01
    1.47624820e-01 9.76987600e-01 3.54675591e-01 3.93679976e-01
    2.22909540e-01 1.22925967e-01 9.07075047e-01 2.41290689e-01
    5.50141692e-01 6.50819302e-01 9.62716937e-01 2.56958216e-01
    3.34975749e-01 6.36691809e-01 3.68428171e-01 7.15269923e-01
    7.17332602e-01 3.07736635e-01 1.77377492e-01 2.99765766e-01
    4.45655644e-01 3.70822906e-01 4.36952382e-01 1.50985450e-01
    2.34830946e-01 7.11575031e-01 5.24310231e-01 2.47655064e-01
    7.20048070e-01 3.59790772e-01 5.09489477e-02 6.90118253e-01
    2.40633786e-01 3.05131376e-02 7.55905628e-01 2.77064264e-01
    5.63140690e-01 2.02525556e-02 8.43875527e-01 6.88080549e-01
    9.23251450e-01 2.96192586e-01 7.17483699e-01 1.22358322e-01
    9.86330509e-01 4.90119159e-01 5.09949207e-01 2.55792856e-01
    3.31279963e-01 8.89634788e-01 1.14447117e-01 4.07384217e-01
    8.63523841e-01 2.22511917e-01 5.93832850e-01 1.56953394e-01
    8.07254136e-01 8.15521657e-01 4.98303801e-01 5.26408732e-01
    5.03843546e-01 9.94066596e-01 9.32569444e-01 4.04727757e-01
    7.32517719e-01 8.65809739e-01 1.29021913e-01 7.54732192e-02
    1.01031840e-01 9.81103897e-01 9.48283970e-02 5.96107543e-02
    5.84266484e-02 7.37349093e-02 6.97640955e-01 6.68541670e-01
    6.20819747e-01 6.66632056e-01 6.89574063e-01 8.11990559e-01
    4.99572486e-01 3.76195610e-02 4.12944168e-01 2.61138916e-01
    2.41476566e-01 5.33427358e-01 8.60268176e-02 5.79245865e-01
    1.49763882e-01 8.63786936e-01 5.96850097e-01 7.91136682e-01
    3.44001651e-01 9.18442607e-02 7.93671489e-01 5.68988085e-01
    6.12035453e-01 2.35100657e-01 2.47091353e-02 6.40918970e-01
    5.90079725e-02 1.34330362e-01 7.84085453e-01 5.61101854e-01
    6.93516970e-01 2.02794760e-01 8.33308876e-01 5.20598054e-01
    3.21105003e-01 9.39962864e-01 1.30397171e-01 1.96662813e-01
    1.59260631e-01 1.42440021e-01 9.10129130e-01 4.11538422e-01
    8.62246096e-01 7.32791722e-02 5.33813059e-01 9.63347197e-01
    8.04267824e-01 8.52554202e-01 6.28995061e-01 6.67995811e-01
    9.00463283e-01 6.63489878e-01 8.19669604e-01 8.04161787e-01
    8.26309502e-01 2.65571475e-03 4.64022517e-01 8.31819654e-01
    1.21573180e-01 4.62225139e-01 7.82774806e-01 5.99633157e-01
    3.37231994e-01 1.39153838e-01 6.66799784e-01 5.61581373e-01
    8.63228083e-01 6.64013386e-01 3.44562411e-01 4.68378544e-01
    9.02054787e-01 8.31352532e-01 8.53573442e-01 6.36944056e-01
    7.63149500e-01 2.45452642e-01 4.01728988e-01 9.02936637e-01
    5.67388237e-01 7.53762782e-01 3.31236005e-01 2.78669715e-01
    8.16389561e-01 9.11403775e-01 8.87972116e-01 8.85882497e-01
    1.21619701e-01 6.18912935e-01 2.48730063e-01 8.57218027e-01
    7.07277417e-01 2.23063171e-01 3.25999141e-01 1.13529563e-02
    5.01766562e-01 3.92059386e-01 5.67231894e-01 3.09344530e-01
    1.18558079e-01 4.92961615e-01 6.39785469e-01 5.17012775e-02
    3.82930845e-01 8.75788033e-01 4.17570084e-01 6.65066481e-01
    6.56172276e-01 1.25811696e-02 6.08483851e-01 5.94469607e-02
    4.72317934e-02 2.21008718e-01 5.76067269e-02 1.46715790e-01
    8.15702558e-01 7.35856175e-01 4.94691432e-01 7.72137046e-01
    7.70092368e-01 1.41818255e-01 8.54188800e-01 7.93062210e-01
    5.02929986e-01 1.18476778e-01 4.01752830e-01 6.99325562e-01
    4.09846306e-01 2.77975023e-01 1.46919250e-01 5.64063728e-01
    9.71444011e-01 5.86393595e-01 5.50976813e-01 3.33405554e-01
    3.80639493e-01 2.61271179e-01 1.30762577e-01 1.79944485e-01
    3.20532024e-02 2.53604323e-01 6.97851777e-02 7.98067212e-01
    5.22961855e-01 3.47097635e-01 2.92336494e-01 2.35695958e-01
    4.87594336e-01 6.64313197e-01 7.05161035e-01 1.42098337e-01
    5.58169246e-01 9.32911515e-01 3.54999751e-01 8.01136732e-01
    2.13202238e-02 4.81653214e-01 4.89321262e-01 7.00273395e-01
    6.66672528e-01 7.37644076e-01 8.12235236e-01 8.40102553e-01
    9.00008976e-02 4.16267276e-01 8.76859426e-01 7.23869026e-01
    9.58174288e-01 1.22645736e-01 3.84862155e-01 3.87791485e-01
    5.86480498e-01 2.06511319e-02 6.61482871e-01 7.01592684e-01
    8.38084817e-01 8.14460754e-01 1.94092870e-01 6.28638864e-01
    3.42196763e-01 4.80164230e-01 2.59021997e-01 1.86985999e-01
    6.46680832e-01 2.96224296e-01 6.28704488e-01 1.14200860e-01
    3.54131162e-01 3.90840948e-01 4.89672691e-01 8.85435820e-01
    2.73278236e-01 9.76718545e-01 8.21996331e-01 2.19016522e-01
    9.22421455e-01 4.85933959e-01 9.82400537e-01 1.04763895e-01
    4.23526287e-01 8.91281307e-01 5.28009951e-01 5.42728126e-01
    3.76936495e-01 6.16227984e-02 7.00548232e-01 9.86704230e-01
    4.16145682e-01 8.75207305e-01 5.48733413e-01 6.19146705e-01
    6.45116568e-01 9.34627295e-01 3.57260078e-01 2.05114394e-01
    2.47542918e-01 5.41774571e-01 7.68632293e-01 9.93168652e-02
    4.43712771e-02 7.18278289e-01 2.44389206e-01 8.35343957e-01
    1.71895653e-01 7.93969274e-01 4.40099537e-01 4.69725728e-02
    4.22357678e-01 3.85793149e-01 4.47692066e-01 1.85416877e-01
    8.09264302e-01 7.63412118e-02 8.33674073e-02 2.57362396e-01
    6.42944872e-01 9.46110547e-01 9.71137285e-01 9.08188879e-01
    1.80285364e-01 9.90820169e-01 5.66054583e-01 8.62235069e-01
    9.31672752e-01 6.48473501e-02 4.19550002e-01 3.64203990e-01
    4.49153483e-02 2.30944753e-02 9.92044926e-01 7.49565840e-01
    3.16915035e-01 8.56406093e-01 1.68422312e-01 5.23208857e-01
    9.94532347e-01 3.44213247e-01 9.24652576e-01 5.01523077e-01
    7.21234381e-01 4.46018040e-01 9.65914130e-02 6.58666790e-01
    2.50640869e-01 5.83487034e-01 8.16082954e-03 1.16080165e-01
    6.13827825e-01 2.50296950e-01 3.45879316e-01 5.88743985e-01
    2.94073522e-01 6.32197380e-01 9.50839639e-01 7.60373116e-01
    4.69905227e-01 7.88648427e-01 8.26450348e-01 2.61847466e-01
    4.70455021e-01 2.13427484e-01 8.83174241e-01 4.91557360e-01
    8.11583281e-01 6.63077354e-01 4.50515360e-01 9.99663115e-01
    4.10032928e-01 2.44993448e-01 1.47920728e-01 3.96378279e-01
    6.73939288e-01 2.60474086e-02 9.33114290e-01 8.53301406e-01
    3.06504250e-01 6.14297509e-01 6.85890317e-01 8.77431750e-01
    2.19674051e-01 8.85939896e-01 2.17298657e-01 4.27920222e-01
    3.09368670e-01 1.13398135e-01 5.45715094e-01 2.15206742e-02
    3.24479669e-01 6.23847008e-01 1.19305521e-01 6.74035192e-01
    2.16992646e-01 8.67790222e-01 9.18446779e-01 9.49299812e-01
    3.50024760e-01 8.54858041e-01 3.76155078e-02 1.11813247e-02
    9.42054391e-02 6.71436071e-01 6.13687158e-01 4.14839178e-01
    5.30106723e-01 8.41017723e-01 2.69185692e-01 5.21404445e-01
    4.05665755e-01 4.69197363e-01 7.66973317e-01 8.65208983e-01
    4.33520257e-01 4.39589620e-01 7.08162904e-01 8.60450268e-02
    3.30773652e-01 6.27674699e-01 3.71558905e-01 9.47397590e-01
    3.32852423e-01 6.89477205e-01 5.24592817e-01 7.92267203e-01
    5.09816527e-01 6.82296455e-01 4.97916818e-01 7.00176179e-01
    5.58094978e-01 2.61129379e-01 5.50786376e-01 6.88669682e-02
    9.42389846e-01 4.14574921e-01 8.19024920e-01 3.71279597e-01
    3.08320105e-01 5.25018692e-01 3.14534366e-01 6.85311794e-01
    5.75874865e-01 1.58158660e-01 3.06365013e-01 7.49655545e-01
    3.25752825e-01 6.25583172e-01 9.07091737e-01 7.57959962e-01
    8.96161199e-01 9.44463432e-01 9.91898954e-01 9.25360322e-01
    4.66847599e-01 8.21221352e-01 5.42505622e-01 4.50949967e-02
    4.47749645e-01 4.96343046e-01 5.64466357e-01 4.57205743e-01
    6.63254380e-01 6.83241189e-02 5.65263569e-01 2.14148402e-01
    8.49361539e-01 7.36011326e-01 6.82335794e-01 2.85949975e-01
    2.44433254e-01 8.81370246e-01 6.01902366e-01 6.05828702e-01
    1.52541995e-01 3.27068150e-01 4.03589129e-01 8.43520522e-01
    9.87512469e-01 1.94585919e-01 4.38304245e-01 7.54905462e-01
    4.67497796e-01 5.65189004e-01 6.65056705e-01 7.41871476e-01
    1.92225695e-01 9.32996035e-01 4.61363077e-01 6.46557510e-02
    8.24003696e-01 5.66964626e-01 4.35253799e-01 6.12340510e-01
    1.31866634e-02 8.91310990e-01 8.32381725e-01 3.57233405e-01
    3.63976121e-01 2.86423564e-02 6.36225402e-01 7.09250331e-01
    2.78233051e-01 1.05172008e-01 3.04533660e-01 3.08233202e-01
    6.95183516e-01 4.80969280e-01 6.01594448e-02 9.72369671e-01
    9.83589172e-01 5.58302224e-01 3.97193730e-01 1.91374004e-01
    5.72062314e-01 7.23709047e-01 6.66251183e-01 5.05436718e-01
    2.41015792e-01 2.96742678e-01 6.26099885e-01 8.79883647e-01
    6.36911035e-01 1.01372093e-01 3.39879215e-01 2.91077912e-01
    6.23205185e-01 3.93450558e-01 6.64439917e-01 3.57808292e-01
    8.03925037e-01 4.36599255e-01 3.62804800e-01 1.44530416e-01
    6.49966002e-01 8.89647245e-01 4.48136866e-01 6.97282374e-01
    4.37816083e-02 2.87963569e-01 7.93559790e-01 8.06691647e-01
    9.07918751e-01 2.39174277e-01 2.92329013e-01 4.22014564e-01
    8.30822110e-01 3.74099731e-01 6.53210878e-01 7.87855923e-01
    3.32431793e-01 6.47217333e-02 1.00502282e-01 3.65282804e-01
    6.86241269e-01 9.00063515e-01 2.38272786e-01 7.46126592e-01
    2.30324328e-01 6.71900749e-01 5.30245602e-01 9.49968159e-01
    6.74899876e-01 2.98954129e-01 5.34217536e-01 8.85066032e-01
    2.66780257e-01 6.40727818e-01 7.12045729e-02 2.41784096e-01
    1.09997839e-01 8.74479949e-01 7.60072947e-01 6.42284214e-01
    4.96295780e-01 4.02371705e-01 8.28271389e-01 3.16511214e-01
    8.34377170e-01 1.77320838e-03 1.60171747e-01 2.08361983e-01
    6.93876684e-01 2.21948028e-01 5.08966625e-01 8.32863569e-01
    5.32829881e-01 2.75651276e-01 9.26320314e-01 2.16021538e-01
    3.41634929e-01 6.73109829e-01 8.80297065e-01 8.61902356e-01
    7.68360257e-01 7.14786649e-02 3.39714110e-01 4.86514032e-01
    7.15193570e-01 5.87311804e-01 5.20021319e-02 9.06133413e-01
    1.12911552e-01 9.84967113e-01 7.22479820e-03 5.11357784e-01
    4.90242362e-01 5.77615559e-01 8.23225975e-02 6.59037292e-01
    2.86036909e-01 6.28232062e-01 8.00675392e-01 9.75254178e-01
    6.26184344e-01 4.51979220e-01 8.67307663e-01 5.97744644e-01
    6.98468924e-01 9.01533723e-01 6.74225569e-01 5.19627631e-01
    5.16708732e-01 2.97003001e-01 6.70859516e-01 2.71260381e-01
    8.04357588e-01 5.57693720e-01 4.86859262e-01 5.40396571e-01
    5.88534653e-01 1.67939872e-01 5.74147940e-01 9.79261696e-02
    5.85959792e-01 4.20984805e-01 5.81010342e-01 4.77141380e-01
    1.15231931e-01 4.64234114e-01 2.81293690e-02 8.41769338e-01
    5.34607053e-01 5.07225871e-01 9.85099316e-01 7.63116837e-01
    4.99195725e-01 1.03372335e-03 8.04332256e-01 1.28780067e-01
    2.69322097e-02 8.00269842e-03 7.11354733e-01 4.29608971e-01
    9.63315368e-01 9.01451707e-01 6.79524422e-01 9.69108343e-01
    8.73799622e-01 8.86328816e-01 3.19266587e-01 5.02156079e-01
    7.54812658e-01 3.09975952e-01 9.10658956e-01 9.26885784e-01
    7.65258014e-01 4.00210381e-01 8.05206120e-01 8.29967260e-01
    5.95262408e-01 3.05525243e-01 6.36203647e-01 6.96123302e-01
    8.76022100e-01 8.25053632e-01 5.51846027e-01 5.96700251e-01
    4.63331312e-01 7.52721190e-01 3.31543028e-01 2.46189237e-02
    3.49053711e-01 5.25831938e-01 6.16295040e-01 5.49360812e-01
    1.13526434e-01 7.17846513e-01 7.51923680e-01 5.92285097e-01
    8.08680952e-01 3.75067502e-01 1.13371372e-01 7.98855901e-01
    6.11797571e-02 6.92927897e-01 2.18178988e-01 6.97878480e-01
    5.74967325e-01 2.85872668e-01 3.29785824e-01 1.70827121e-01
    6.70521379e-01 3.06906939e-01 8.04633379e-01 3.23008358e-01
    2.86273539e-01 2.02139020e-02 4.90781665e-03 4.91875052e-01
    7.83895612e-01 2.23432779e-01 3.14835429e-01 9.23076034e-01
    5.66613555e-01 6.21932089e-01 8.54858160e-01 7.10992932e-01
    5.57212889e-01 9.64388609e-01 9.45970237e-01 8.16436291e-01
    3.41668904e-01 2.97321200e-01 1.88150406e-01 8.31202269e-01
    7.67471552e-01 7.67138124e-01 2.37766206e-02 4.39050496e-01
    6.93625689e-01 6.29724145e-01 2.49444693e-01 9.19784307e-01
    6.99307740e-01 8.46019208e-01 9.43036973e-01 4.11971331e-01
    1.27227634e-01 4.38659430e-01 2.90047228e-01 3.14948082e-01
    9.32779908e-01 9.20850515e-01 8.23080182e-01 4.90410417e-01
    3.23830247e-02 4.14779484e-02 2.00456500e-01 3.26417774e-01
    5.56382537e-01 8.74900818e-01 3.47237885e-01 2.78385907e-01
    5.56029081e-01 9.24550414e-01 1.93552703e-01 2.99245715e-01
    8.36133897e-01 1.28719479e-01 6.70150638e-01 9.47198391e-01
    9.83256996e-02 2.48789489e-01 7.87916481e-01 2.30461359e-02
    2.99262524e-01 4.93387729e-01 3.31013501e-02 3.27492118e-01
    7.42816448e-01 8.78541708e-01 3.23966742e-01 5.97526848e-01
    2.99233079e-01 9.17318463e-01 4.20986593e-01 5.59349358e-02
    9.32555199e-02 9.36648786e-01 1.29887521e-01 1.38034314e-01
    4.00162548e-01 9.50904369e-01 1.01915270e-01 1.30989641e-01
    1.23783290e-01 8.49625409e-01 2.22866178e-01 1.29623294e-01
    1.46830589e-01 9.86018300e-01 4.71528322e-01 5.40297568e-01
    4.26957309e-01 3.20759952e-01 5.52853525e-01 4.99559164e-01
    4.47955668e-01 9.03405845e-01 3.33881736e-01 5.06027758e-01
    7.73718357e-02 5.19792140e-01 5.07329285e-01 7.51053095e-01
    8.12780738e-01 5.09796739e-01 3.79547954e-01 4.06636775e-01
    3.57487798e-03 4.93705243e-01 4.95092541e-01 2.79463589e-01
    9.77057517e-02 6.85313761e-01 6.87322438e-01 3.34519684e-01
    8.68686199e-01 4.86511528e-01 5.25910378e-01 7.52478838e-01
    8.43082070e-01 1.53681755e-01 2.27681309e-01 4.62872952e-01
    7.37314284e-01 4.97201800e-01 3.02657068e-01 2.43714839e-01
    9.69823956e-01 1.03559464e-01 3.30992281e-01 4.02761459e-01
    6.36384070e-01 4.83851731e-02 7.25258112e-01 9.54589844e-01
    8.73191953e-01 3.59926581e-01 9.14464355e-01 2.55158544e-01
    3.19822580e-01 1.85830295e-01 6.47349715e-01 5.88930130e-01
    5.23613214e-01 2.31465697e-03 7.20484257e-02 6.33099139e-01
    5.08140981e-01 9.82945561e-01 4.97548580e-02 5.96816838e-01
    1.72100663e-02 2.78717339e-01 3.45569909e-01 3.29207122e-01
    5.10711372e-02 9.17530656e-01 4.70986813e-01 9.20865119e-01
    2.76743531e-01 6.93224669e-01 1.00927442e-01 8.68431449e-01
    3.61096889e-01 8.11716259e-01 9.75533366e-01 9.95261073e-01
    3.36270630e-01 3.24257433e-01 7.93846846e-01 3.07403505e-01
    5.07214248e-01 3.93630683e-01 9.03681993e-01 4.66628551e-01
    3.43134105e-02 4.10431445e-01 8.27299476e-01 6.10546112e-01
    3.69656265e-01 5.27674735e-01 6.57983661e-01 6.83784485e-01
    7.05233157e-01 8.26225996e-01 1.01010263e-01 6.81112051e-01
    3.13847959e-02 6.65619969e-03 7.11159706e-01 3.81310344e-01
    6.94693029e-01 5.84604263e-01 4.25120443e-01 9.48426247e-01
    4.03890997e-01 2.91334987e-01 5.76550424e-01 4.94192600e-01
    8.06705713e-01 4.12443668e-01 8.38419080e-01 4.72122133e-01
    3.72955233e-01 7.20330477e-02 8.08194578e-02 6.38094604e-01
    3.50761771e-01 4.92647201e-01 1.43105060e-01 9.45727587e-01
    5.92240155e-01 1.22110337e-01 9.48683739e-01 4.90297765e-01
    1.20231360e-01 5.32571912e-01 4.01876628e-01 7.12177515e-01
    3.54828417e-01 2.71906644e-01 9.73713517e-01 4.15942550e-01
    8.14909220e-01 6.42700672e-01 5.37090719e-01 4.93643373e-01
    1.19628340e-01 8.48148584e-01 9.74808335e-01 6.22030556e-01
    6.88439965e-01 7.10179687e-01 5.02309859e-01 9.84983325e-01
    6.76823139e-01 1.07851386e-01 7.90569186e-01 3.29408646e-01
    5.43468952e-01 9.08736169e-01 9.09638166e-01 7.23371029e-01
    8.29848170e-01 1.33626074e-01 4.39496338e-02 1.02501661e-01
    6.66903257e-02 8.02636862e-01 6.14276171e-01 8.55527997e-01
    1.63040400e-01 6.77893639e-01 8.10799003e-01 3.79871726e-02
    7.26190627e-01 5.09551466e-01 1.89164728e-01 2.60841012e-01
    9.79377627e-01 2.92457849e-01 1.84519380e-01 2.56104589e-01
    1.99609101e-02 7.43828416e-01 3.86488318e-01 6.66328669e-01
    8.83187234e-01 5.16285479e-01 1.90701753e-01 5.58793604e-01
    1.58874661e-01 6.43121421e-01 7.41504729e-02 2.94576347e-01
    4.78094518e-02 3.54141831e-01 8.57725084e-01 5.44998527e-01
    3.08281422e-01 3.32968116e-01 1.25196546e-01 9.12652612e-01
    6.52406514e-02 9.18979287e-01 4.89807904e-01 6.34536743e-01
    3.51670325e-01 6.28035367e-02 9.68545675e-04 1.81332529e-02
    9.43746686e-01 2.63443798e-01 6.67190075e-01 1.47500724e-01
    2.68039405e-01 3.39822769e-02 1.32991314e-01 8.27724576e-01
    2.87737817e-01 9.93551373e-01 7.34518826e-01 5.82494736e-01
    5.01322925e-01 7.15307355e-01 5.83716214e-01 3.78051817e-01
    6.81844115e-01 4.46800262e-01 4.85933721e-02 7.90291429e-01
    1.91876113e-01 2.92298377e-01 8.93880904e-01 2.63389170e-01
    4.45952743e-01 5.54788053e-01 1.87231392e-01 5.19264340e-02
    8.47881913e-01 4.00422335e-01 9.45964217e-01 9.22993541e-01
    7.97520399e-01 2.75947154e-01 7.48289168e-01 2.63248652e-01
    9.09840763e-01 1.01722658e-01 6.22610688e-01 3.25351894e-01
    7.44650543e-01 8.36028218e-01 4.99804765e-01 2.80310392e-01
    1.89423084e-01 7.05559134e-01 9.49297905e-01 2.51175642e-01
    1.94708854e-01 1.97528929e-01 5.02498806e-01 6.51603937e-02
    8.18331242e-01 8.03533375e-01 4.80606467e-01 8.53153169e-02
    8.37928474e-01 7.20740378e-01 9.54719424e-01 9.21080828e-01
    3.41003925e-01 6.00983322e-01 5.34065843e-01 7.20482111e-01
    5.77096343e-01 7.53176212e-01 7.19408035e-01 6.15638256e-01
    9.53325868e-01 5.69451034e-01 4.34109479e-01 1.84791774e-01
    7.04563975e-01 7.84216940e-01 6.94016099e-01 7.73627222e-01
    3.07528496e-01 4.14396584e-01 3.08764577e-01 7.44415283e-01
    4.00007159e-01 3.34267884e-01 6.18332624e-03 2.66142398e-01
    7.39083290e-01 7.30621576e-01 6.51398063e-01 6.88119948e-01
    5.56902826e-01 9.01174307e-01 4.47382003e-01 1.58964336e-01
    5.80908954e-02 8.96497905e-01 4.39148456e-01 2.66700864e-01
    5.80863476e-01 7.94824958e-02 3.20506752e-01 3.91340643e-01
    1.61116302e-01 2.00334251e-01 5.76368272e-01 2.46598125e-02
    5.04632294e-02 7.24450767e-01 4.19215620e-01 4.83727217e-01
    1.73508555e-01 7.02614784e-01 8.40605557e-01 5.22677422e-01
    4.21769500e-01 6.91262245e-01 6.42081559e-01 2.39573210e-01
    3.15814078e-01 7.28728473e-01 9.39820826e-01 4.84377921e-01
    2.46941447e-02 6.72567546e-01 5.27189970e-01 1.20634317e-01
    4.72105682e-01 2.47755766e-01 9.69067693e-01 6.83690906e-02
    1.22058690e-02 6.29082382e-01 6.54268742e-01 7.70986676e-01
    5.61384559e-02 9.40379143e-01 6.63349211e-01 2.05157340e-01
    6.71195745e-01 3.50444078e-01 2.14235425e-01 9.02035594e-01
    4.94716436e-01 7.13386893e-01 4.38465148e-01 2.42974937e-01
    5.77735245e-01 1.26834869e-01 4.60720956e-01 7.43758559e-01
    1.64635181e-01 8.51377130e-01 5.16504407e-01 7.34026790e-01
    1.70513332e-01 2.12397903e-01 2.56157517e-01 1.03237569e-01
    5.99731863e-01 9.83974338e-01 7.03429282e-01 6.29576325e-01
    2.59200871e-01 6.66922092e-01 6.98811054e-01 3.36910605e-01
    9.95933294e-01 9.35921729e-01 6.89569652e-01 5.98276079e-01
    2.93790698e-01 9.37573195e-01 3.36918294e-01 9.26911235e-01
    8.43360543e-01 7.73429573e-02 8.21737885e-01 1.24083877e-01
    2.22918689e-01 9.60372508e-01 2.17169315e-01 1.69611275e-02
    8.49658847e-01 9.34148669e-01 7.74258137e-01 6.80550575e-01
    3.40318918e-01 9.19745207e-01 5.36929846e-01 2.65850604e-01
    1.95161700e-01 2.70964205e-02 3.44519198e-01 3.97714317e-01
    5.30354083e-02 1.99967355e-01 6.59781694e-02 5.73580861e-01
    5.29669881e-01 8.77535284e-01 6.72150314e-01 8.48232090e-01
    8.60065758e-01 9.26057339e-01 3.46288443e-01 7.16351092e-01
    1.82705760e-01 6.65049732e-01 3.09005857e-01 4.42459315e-01
    6.82600379e-01 3.59991193e-01 7.67362893e-01 2.57450521e-01
    2.09808439e-01 1.48049682e-01 8.42955709e-01 7.36544371e-01
    1.25796199e-01 6.68215871e-01 1.46746486e-01 4.70804304e-01
    7.64753699e-01 9.40035343e-01 4.97503638e-01 2.79939413e-01
    3.65759522e-01 1.44866168e-01 5.63019633e-01 8.54957521e-01
    5.30470788e-01 7.29789793e-01 1.21800125e-01 3.91070962e-01
    1.66953653e-01 3.29864919e-01 5.08839548e-01 5.01305580e-01
    9.87852931e-01 1.27745807e-01 1.55863166e-01 2.59427965e-01
    6.56643808e-02 9.93765295e-01 8.05993497e-01 5.45033216e-02
    7.58396387e-01 2.11979210e-01 5.85718572e-01 7.79785156e-01
    7.13555396e-01 2.70849288e-01 2.05825090e-01 7.23157406e-01
    7.61432528e-01 2.47030348e-01 4.70564276e-01 8.78600955e-01
    2.68140346e-01 1.22518539e-01 6.58501625e-01 8.60929310e-01
    7.39326477e-01 7.81260133e-01 3.00973415e-01 2.40662932e-01
    3.36969167e-01 9.67514515e-02 3.72922242e-01 1.11587107e-01
    4.09670621e-01 4.58146036e-02 5.92460394e-01 4.81574297e-01
    2.87878513e-03 7.60362148e-01 5.39065599e-02 3.31835568e-01
    1.68849051e-01 6.51430666e-01 8.84768248e-01 8.27218413e-01
    5.70694864e-01 5.70384264e-02 7.57495999e-01 8.62868071e-01
    3.49614501e-01 5.65291524e-01 2.20641166e-01 7.33569264e-01
    4.81204599e-01 6.64161146e-02 4.58236754e-01 5.49812138e-01
    6.72976553e-01 5.59264779e-01 2.74241805e-01 1.08529299e-01
    5.65544546e-01 3.99709672e-01 2.13013768e-01 1.58218324e-01
    7.76112854e-01 6.20899081e-01 1.47451937e-01 6.20386660e-01
    2.43331522e-01 8.18083882e-02 5.18710554e-01 1.66416258e-01
    1.07829869e-01 4.84931260e-01 9.18499351e-01 9.35332239e-01
    6.21671975e-01 2.63966024e-02 6.88103557e-01 1.36014521e-01
    2.33526051e-01 6.40606582e-01 3.49222779e-01 9.71463203e-01
    2.95232803e-01 4.31387067e-01 5.33768773e-01 8.54928255e-01
    1.98608965e-01 7.14429021e-01 9.61919427e-02 5.30364096e-01
    7.52833009e-01 4.17602062e-01 4.16849792e-01 2.21574455e-01
    8.61395955e-01 8.73472869e-01 1.38908535e-01 8.03834438e-01
    9.55628216e-01 6.57868862e-01 1.82666391e-01 2.17340142e-01
    6.86659575e-01 5.09486914e-01 4.19279397e-01 8.80144000e-01
    5.19268334e-01 7.55304217e-01 3.87962848e-01 9.92346883e-01
    3.15390468e-01 4.59002018e-01 7.92075276e-01 7.90152609e-01
    9.98614788e-01 1.39862597e-02 6.72525823e-01 5.59394836e-01
    8.83622885e-01 7.33996272e-01 4.79558825e-01 3.52589726e-01
    9.78863001e-01 5.04259527e-01 2.23612279e-01 9.51886177e-03
    4.92419899e-02 1.06989682e-01 1.32370144e-01 2.77886689e-02
    1.80353552e-01 5.80194592e-01 1.91122979e-01 6.57042861e-01
    9.19711828e-01 9.14071977e-01 3.87201458e-01 2.71536708e-02
    8.21005106e-02 5.78088164e-01 9.74596441e-01 2.73236275e-01
    1.12008631e-01 4.35889721e-01 3.84688973e-01 7.59845018e-01
    9.65880513e-01 3.92609149e-01 3.46119046e-01 1.09395742e-01
    9.45503592e-01 9.10678387e-01 3.52567375e-01 9.07790422e-01
    9.45568860e-01 2.49807239e-02 6.32748961e-01 9.94634092e-01
    3.26096416e-01 2.74822444e-01 1.69797838e-01 9.72663283e-01
    3.15617621e-02 1.86260641e-01 8.94645035e-01 5.46409309e-01
    6.92712307e-01 2.18676031e-01 2.31884241e-01 5.01869619e-01
    7.74796605e-01 6.11154675e-01 7.55785048e-01 8.40184391e-02
    5.34223318e-01 2.97973335e-01 1.48263395e-01 7.76622415e-01
    1.46510303e-01 8.03975224e-01 6.61194146e-01 7.00013816e-01
    6.03893518e-01 3.78377140e-01 3.39291811e-01 8.05093586e-01
    2.08400190e-02 8.07073116e-02 6.28859639e-01 4.52555686e-01
    6.41897798e-01 3.06870461e-01 7.85056233e-01 8.06950688e-01
    6.27462208e-01 8.75342250e-01 4.27485049e-01 6.38536692e-01
    5.04738510e-01 7.09001303e-01 5.08556366e-02 8.27806115e-01
    4.78109092e-01 9.48634624e-01 9.55095053e-01 3.64343226e-02
    6.53879225e-01 6.39582872e-01 7.19597042e-01 3.83612633e-01
    4.20420587e-01 4.02763665e-01 9.64675546e-02 9.72471476e-01
    1.67003185e-01 4.69685614e-01 3.38712186e-01 4.85773951e-01
    5.09524226e-01 9.80920076e-01 5.46127558e-01 2.58854747e-01
    7.43961871e-01 4.33138013e-03 3.32865179e-01 2.46957153e-01
    8.43994856e-01 8.84271622e-01 8.48909855e-01 2.48055130e-01
    6.57858551e-01 2.65849471e-01 3.05773854e-01 3.19342494e-01
    5.07911444e-02 5.71656644e-01 6.59861028e-01 4.80156034e-01
    2.78453529e-01 2.57642031e-01 3.17404538e-01 2.28172213e-01
    2.27914155e-01 6.81441128e-01 5.75140178e-01 8.99708033e-01
    4.71076518e-01 5.80006838e-01 4.56165195e-01 4.78020966e-01
    7.46567845e-01 8.45770240e-01 8.06159139e-01 9.76911664e-01
    9.29701626e-02 7.85021544e-01 1.90609694e-01 2.12492496e-01
    6.48685694e-01 1.29000753e-01 3.29222679e-01 7.36158192e-02
    2.77800441e-01 5.85257053e-01 7.90441990e-01 3.12510967e-01
    1.02566808e-01 8.09268594e-01 3.71319234e-01 4.72972691e-01
    6.98445141e-01 7.10942268e-01 3.08047861e-01 4.34187800e-01
    4.65259075e-01 2.13657916e-01 1.50553286e-01 9.09237444e-01
    1.89882249e-01 5.28985620e-01 4.82297957e-01 5.05561054e-01
    2.61761159e-01 5.96341491e-01 9.99153674e-01 6.37194216e-01
    2.55113780e-01 6.86687231e-02 6.97594523e-01 3.54065478e-01
    4.59288657e-01 7.73840904e-01 9.55692530e-01 6.77551329e-02
    3.32302272e-01 2.29319900e-01 8.47037077e-01 7.44436979e-01
    5.06432295e-01 7.00525880e-01 5.02944469e-01 3.80449682e-01
    5.64935565e-01 3.41705084e-01 3.52322429e-01 4.28426862e-01
    6.86168313e-01 8.01300585e-01 2.53445745e-01 8.18459332e-01
    4.80862021e-01 1.58987939e-01 8.99861336e-01 4.52589810e-01
    8.40232611e-01 2.29933590e-01 2.55022764e-01 9.73966241e-01
    9.69410062e-01 2.61114955e-01 7.29087234e-01 1.01273984e-01
    9.01772499e-01 5.18756390e-01 3.39485824e-01 9.86902833e-01
    2.64789939e-01 9.25094426e-01 6.20630324e-01 2.48297453e-02
    7.57090449e-02 4.06781197e-01 5.01142144e-02 2.73736060e-01
    4.14782047e-01 3.26667726e-01 5.20270288e-01 9.72877502e-01
    9.92459774e-01 6.37203753e-02 6.14385545e-01 8.31218600e-01
    8.10576856e-01 2.23788619e-03 1.92195415e-01 6.74700081e-01
    5.92282236e-01 3.36621374e-01 2.08503306e-01 9.97591138e-01
    7.82105446e-01 2.37796813e-01 1.71639413e-01 3.06526124e-01
    5.84041834e-01 5.88349819e-01 1.77955180e-01 9.63533461e-01
    9.49489117e-01 8.20740581e-01 8.92111182e-01 5.63408732e-01
    3.36379111e-02 2.76068151e-01 1.59092367e-01 2.01674104e-01
    2.12559193e-01 1.84281945e-01 3.87997389e-01 5.62301040e-01
    3.60933781e-01 4.43202257e-03 9.22626078e-01 3.39986295e-01
    6.06955826e-01 4.85698879e-02 2.07543612e-01 7.56821632e-01
    9.60956812e-02 8.10583770e-01 9.21372056e-01 6.09428406e-01
    9.49263334e-01 5.45740008e-01 1.48584783e-01 7.39164948e-02
    1.44548923e-01 6.81356192e-02 8.00248742e-01 1.10728800e-01
    9.17531848e-01 8.39655876e-01 4.31184143e-01 3.02577496e-01
    2.63005227e-01 4.71592009e-01 1.62823379e-01 5.61251700e-01
    5.44780195e-02 6.87306523e-01 2.76479423e-01 4.52268481e-01
    1.84708565e-01 2.48004884e-01 7.67309308e-01 9.49006379e-01
    3.06784868e-01 3.70719373e-01 4.21768993e-01 9.56074715e-01
    3.68720144e-01 8.89628470e-01 2.06787199e-01 1.60558581e-01
    9.08488274e-01 9.61248636e-01 2.16063857e-01 6.90506816e-01
    5.04568875e-01 9.54532743e-01 2.42316514e-01 8.48682761e-01
    5.85065544e-01 8.15555930e-01 7.83226788e-02 7.38169670e-01
    7.13142276e-01 7.76309907e-01 4.99441952e-01 9.91741538e-01
    4.76247847e-01 7.87940621e-01 3.11648190e-01 2.59182721e-01
    7.79877067e-01 4.12406176e-01 1.59059763e-01 1.37564957e-01
    5.41346371e-01 4.10994649e-01 1.19332284e-01 3.38762701e-01
    8.00839961e-02 2.77113795e-01 9.11109686e-01 1.05415314e-01
    3.53932381e-02 1.58251941e-01 5.87518454e-01 5.63999772e-01
    4.78980869e-01 3.77035201e-01 1.87047392e-01 3.10378551e-01
    2.61405200e-01 1.03888035e-01 7.19151974e-01 7.90553033e-01
    9.58001614e-02 3.39002609e-01 4.25658792e-01 2.00783312e-01
    8.95038426e-01 6.92035496e-01 1.24823719e-01 4.61500257e-01
    5.38798749e-01 6.25274956e-01 7.48406053e-01 9.40685630e-01
    3.38360071e-01 6.68411553e-01 7.24501908e-01 7.96622396e-01
    2.18146920e-01 2.22231895e-01 1.43827766e-01 4.51298654e-02
    9.10790265e-02 2.35151649e-01 1.02647096e-01 4.39838082e-01
    6.51745617e-01 3.10495436e-01 9.62541819e-01 9.11781192e-01
    8.61004949e-01 5.01137316e-01 3.08915913e-01 3.75739336e-01
    2.05956608e-01 9.84200060e-01 6.41545951e-02 7.71947980e-01
    1.01054698e-01 1.58082247e-01 3.24840903e-01 2.43703693e-01
    6.87203884e-01 5.37129343e-01 2.86309183e-01 9.30891275e-01
    3.72301579e-01 5.21109283e-01 1.56558335e-01 5.80066502e-01
    6.29725456e-02 5.49259961e-01 5.53199351e-02 9.43743229e-01
    3.65046740e-01 1.52241886e-02 5.35403490e-01 5.67997873e-01
    9.32571888e-01 9.95958209e-01 1.00597680e-01 3.48087668e-01
    4.19553906e-01 1.59820199e-01 7.53540337e-01 7.23530412e-01
    8.32719028e-01 2.12011784e-01 2.85172462e-03 8.63080621e-02
    2.53768265e-02 8.06073189e-01 5.88574886e-01 8.01853418e-01
    6.63250387e-01 1.20504886e-01 5.04567027e-01 1.21717930e-01
    3.31743985e-01 6.05876148e-01 5.88438034e-01 8.36174965e-01
    8.54222894e-01 2.11553186e-01 1.03176475e-01 3.46009135e-02
    1.51430070e-02 9.94673967e-02 6.09759033e-01 6.78982437e-02
    5.58937430e-01 1.42505050e-01 3.97087038e-02 7.09598660e-01
    8.22998285e-01 6.55712366e-01 7.33988583e-01 7.10517883e-01
    1.21275067e-01 1.28719538e-01 9.21716690e-01 6.62696362e-01
    6.27446771e-01 1.49524778e-01 1.87628895e-01 3.58410656e-01
    2.73947656e-01 1.42002106e-02 8.99911523e-01 1.62968636e-01
    2.09541917e-01 3.74679625e-01 2.42390811e-01 4.40787017e-01
    2.35027552e-01 8.97942603e-01 6.05654955e-01 9.71965432e-01
    4.94608223e-01 5.86157978e-01 7.00493872e-01 5.89445353e-01
    7.82962799e-01 2.71380782e-01 8.94736648e-01 1.27488673e-02
    4.15830523e-01 7.80720830e-01 2.36252159e-01 7.89758682e-01
    4.37421083e-01 8.34108293e-02 1.69422358e-01 7.26350784e-01
    4.69697148e-01 7.92014360e-01 2.93338716e-01 8.14085007e-02
    4.46050942e-01 4.89196777e-01 2.38613874e-01 1.76272541e-01
    9.48841095e-01 1.52686596e-01 1.66976452e-01 1.40041947e-01
    9.96724844e-01 7.53261685e-01 5.30303836e-01 9.43381786e-02
    4.37680304e-01 1.54202491e-01 7.63465881e-01 3.35699737e-01
    8.10993016e-01 5.72811425e-01 1.92160547e-01 6.83921278e-01
    8.09073925e-01 2.29637682e-01 2.94116706e-01 1.58288509e-01
    5.01123667e-01 1.06303513e-01 3.83791566e-01 9.55446601e-01
    6.49471581e-01 2.44382918e-01 6.16014183e-01 7.42863238e-01
    1.62160128e-01 6.30997658e-01 8.81419301e-01 3.61971378e-01
    6.49416804e-01 3.31895411e-01 5.20069182e-01 6.83261335e-01
    9.47027326e-01 2.41856337e-01 2.67828941e-01 2.27357000e-01
    9.29647803e-01 8.09945464e-01 7.67377079e-01 2.28081137e-01
    4.47006613e-01 3.02156985e-01 9.71738219e-01 5.76248765e-02
    9.35976863e-01 5.44395685e-01 4.42988873e-02 4.33647454e-01
    5.46008527e-01 8.67361307e-01 9.27740216e-01 1.70744300e-01
    9.31390285e-01 4.78219062e-01 2.15358704e-01 8.22986364e-02
    5.27624011e-01 9.69661891e-01 8.04024637e-02 9.31754589e-01
    4.19723332e-01 6.93674505e-01 3.76978517e-03 7.12835133e-01
    2.18995959e-01 5.75884998e-01 7.67857790e-01 4.53307390e-01
    5.30411601e-02 5.11817455e-01 4.92804259e-01 9.49013233e-01
    2.76908249e-01 7.95815468e-01 6.17227316e-01 5.11599422e-01
    9.93436337e-01 9.48210597e-01 7.23881483e-01 5.06261051e-01
    5.82734525e-01 8.48998189e-01 8.75258684e-01 1.02466464e-01
    5.41629136e-01 5.63347936e-01 6.54182732e-01 1.38060212e-01
    4.00754422e-01 8.49272370e-01 8.67337465e-01 6.09135628e-01
    9.31812882e-01 5.47682941e-01 3.41927707e-02 9.12620664e-01
    3.81194234e-01 4.07716334e-02 1.77593321e-01 5.87517023e-01
    9.43732023e-01 6.67175829e-01 5.38084805e-01 8.00457835e-01
    1.31045967e-01 9.06929672e-02 8.23362470e-01 4.33360457e-01
    8.72256100e-01 1.46338701e-01 9.82117534e-01 1.19461685e-01
    7.77418256e-01 2.02934742e-02 8.52780223e-01 5.45198798e-01
    2.56840467e-01 5.13945401e-01 4.35328960e-01 3.30515504e-02
    4.57807869e-01 7.86411166e-01 5.31627834e-02 3.13694119e-01
    7.08250701e-01 3.23351443e-01 7.52197802e-02 7.88162947e-02
    6.21345878e-01 7.89975166e-01 2.87776470e-01 9.22442019e-01
    7.95963883e-01 4.13513422e-01 3.25124353e-01 4.32393849e-01
    6.15308404e-01 5.83873570e-01 5.01946449e-01 5.79084754e-01
    2.47917622e-01 7.46252775e-01 5.66647649e-02 4.49274480e-01
    5.87728560e-01 5.90478182e-01 8.99920821e-01 2.89607942e-01
    9.46695209e-02 7.32464254e-01 4.02920693e-01 4.40464258e-01
    4.57722545e-01 5.84898889e-01 1.97522223e-01 8.13334584e-01
    9.93590355e-01 2.64329910e-02 8.97921324e-02 9.07654881e-01
    7.87136436e-01 1.64250821e-01 3.03665459e-01 8.42434168e-01
    7.44348288e-01 1.88246012e-01 1.20897770e-01 3.44728947e-01
    8.41501653e-01 9.72186387e-01 3.23712945e-01 9.01865065e-01
    5.94743311e-01 8.89407992e-01 2.91597903e-01 8.67473364e-01
    2.69218564e-01 4.05361325e-01 6.42849326e-01 6.92338705e-01
    8.43749881e-01 6.91373289e-01 6.41495287e-01 1.61295056e-01
    3.11699331e-01 6.75286889e-01 4.08674121e-01 6.15808666e-01
    3.75574619e-01 8.82502675e-01 6.40710294e-01 2.51707435e-02
    6.73475146e-01 2.97003567e-01 9.63814020e-01 5.73126554e-01
    7.02358484e-01 9.46051836e-01 8.98268998e-01 4.51819479e-01
    3.98429543e-01 1.40128195e-01 6.26018286e-01 5.43497980e-01
    9.00445461e-01 2.69954085e-01 3.67809981e-01 7.19743490e-01
    3.63672614e-01 8.17949235e-01 3.12573195e-01 7.19674170e-01
    5.59515953e-01 7.28188336e-01 2.57472515e-01 2.64171898e-01
    5.59596837e-01 7.31038153e-02 4.21789229e-01 9.27513242e-02
    7.39781797e-01 5.47239840e-01 3.65305811e-01 8.16766322e-01
    1.08842254e-02 2.69131243e-01 4.66704071e-01 8.61257792e-01
    5.26261210e-01 3.95572871e-01 9.76557136e-01 3.06543678e-01
    6.47640467e-01 4.32164550e-01 5.42499185e-01 5.96044183e-01
    5.52265286e-01 6.29154444e-02 7.99932122e-01 9.48549747e-01
    5.30293643e-01 9.41259623e-01 2.00619012e-01 2.33994067e-01
    4.43207085e-01 2.88115442e-02 8.70860696e-01 7.21743107e-02
    8.11375856e-01 4.08747524e-01 9.44501758e-01 9.66392457e-02
    6.63343668e-01 7.56054044e-01 6.66687727e-01 5.08378386e-01
    2.90669829e-01 4.07119095e-01 3.86028290e-01 2.93068588e-01
    5.41342378e-01 4.25830513e-01 4.74358052e-01 4.08389866e-02
    3.19326818e-02 6.74117148e-01 7.37836838e-01 1.50623679e-01
    5.36847711e-01 6.50816262e-01 5.05672514e-01 5.40650487e-01
    3.47375423e-01 4.25183922e-01 3.88055384e-01 6.53638721e-01
    8.32616150e-01 6.87216580e-01 8.81687641e-01 9.97557044e-02
    5.69525421e-01 8.30033004e-01 5.05947113e-01 3.61750424e-02
    8.92464042e-01 8.34645569e-01 3.42414796e-01 2.99771011e-01
    7.30046391e-01 1.39626056e-01 6.07887805e-02 4.62923229e-01
    2.17617303e-01 2.29338109e-01 8.62999082e-01 6.50542915e-01
    8.19044173e-01 9.39846635e-02 7.49998987e-01 1.56068832e-01
    4.37088549e-01 5.11896312e-02 6.55162036e-01 1.22780621e-01
    2.99265385e-01 9.61668491e-01 1.81302011e-01 1.96322292e-01
    6.40756786e-02 4.83117729e-01 4.58681405e-01 4.21388805e-01
    9.64973688e-01 1.80804700e-01 4.88521069e-01 2.50631273e-01
    4.02680278e-01 8.65583003e-01 6.17053628e-01 2.40747333e-01
    3.12675297e-01 2.45357335e-01 4.07281160e-01 7.61019945e-01
    1.94162399e-01 8.31968546e-01 4.33649272e-01 7.50920177e-02
    8.07922542e-01 7.54018724e-02 3.15663397e-01 9.26334381e-01
    5.01218915e-01 4.06702489e-01 9.83569682e-01 6.20985448e-01
    5.83799958e-01 9.86527801e-01 7.23340273e-01 4.33879793e-02
    9.18056250e-01 2.34465122e-01 8.70117545e-01 9.07951593e-03
    2.75800049e-01 6.22122884e-01 7.02106118e-01 1.53619975e-01
    1.75882012e-01 4.37551528e-01 9.53459740e-03 4.41381216e-01
    5.06876707e-02 6.34463251e-01 8.12624812e-01 9.68313158e-01
    9.76893067e-01 6.34070754e-01 3.52543294e-01 4.55738962e-01
    5.96273541e-02 8.52251291e-01 4.55331683e-01 3.55305374e-01
    5.70425451e-01 9.11906064e-02 9.88491297e-01 4.87053841e-01
    5.66052675e-01 5.41881502e-01 7.35715747e-01 3.87337446e-01
    6.14850521e-01 5.58627069e-01 4.86019284e-01 9.85951364e-01
    5.86651027e-01 1.49919212e-01 8.54961038e-01 2.55384147e-01
    2.32267261e-01 4.65281934e-01 6.71528697e-01 8.34189057e-02
    8.81469250e-03 1.30847275e-01 2.94593990e-01 3.63576502e-01
    5.35674989e-01 3.24466348e-01 7.83389211e-01 8.32592487e-01
    6.00707710e-01 2.07203180e-01 1.26757741e-01 3.05571437e-01
    2.87047088e-01 9.66981828e-01 8.25026035e-02 4.99446690e-01
    6.07859671e-01 9.12519753e-01 6.53436244e-01 5.63578129e-01
    4.65221733e-01 1.85671479e-01 9.85683560e-01 1.38728499e-01
    6.87400341e-01 5.73587835e-01 4.33161944e-01 7.69725978e-01
    8.68735611e-02 3.45771432e-01 5.99059284e-01 7.00302958e-01
    6.50004745e-02 7.16303885e-01 5.33589780e-01 5.12270212e-01
    4.28337961e-01 9.63760138e-01 8.64258766e-01 8.76675546e-01
    8.13784420e-01 5.37500560e-01 3.74993742e-01 7.65317976e-02
    4.68639851e-01 7.17017770e-01 7.61562824e-01 3.54118675e-01
    9.32043433e-01 6.40091896e-02 3.26330125e-01 1.09652787e-01
    9.33374405e-01 7.87946582e-01 6.04273200e-01 7.96794176e-01
    4.26526397e-01 6.90415144e-01 6.54632509e-01 3.84858400e-01
    9.39826131e-01 8.57991576e-01 3.56227458e-02 2.00779796e-01
    5.13108790e-01 5.55551350e-02 6.86005950e-01 4.47649539e-01
    8.09059381e-01 4.30823863e-01 5.35176814e-01 6.00535214e-01
    1.69112980e-02 1.10162497e-02 8.92442465e-02 1.19835556e-01
    3.77795309e-01 5.70476651e-02 3.42216194e-01 5.56256473e-01
    9.03557241e-01 4.16082561e-01 3.44930887e-02 2.51779139e-01
    1.27528220e-01 3.47503364e-01 5.23866117e-02 3.03663105e-01
    4.38086063e-01 5.63934326e-01 3.45191360e-02 3.24642956e-01
    9.79871571e-01 1.98787987e-01 6.69186354e-01 9.03283715e-01
    5.40283680e-01 6.05251431e-01 9.45840120e-01 7.66172528e-01
    1.47705793e-01 2.20631182e-01 2.78088659e-01 6.57572925e-01
    7.72643447e-01 6.75357103e-01 5.32974064e-01 4.42053407e-01
    4.38089311e-01 3.44686210e-01 9.47434306e-01 7.98498511e-01
    3.51738989e-01 7.04315662e-01 4.24487293e-01 3.35090458e-02
    5.44868171e-01 8.15267205e-01 9.71319079e-02 2.38001674e-01
    1.00382775e-01 2.41247714e-02 7.19982982e-01 8.18972111e-01
    5.67326784e-01 5.14755487e-01 5.59713244e-02 3.16733897e-01
    5.30626655e-01 2.99657881e-02 1.89864039e-01 5.49834549e-01
    4.20682043e-01 7.68122971e-02 7.43250966e-01 7.43159652e-03
    7.96633482e-01 4.54180509e-01 3.65890294e-01 7.32662082e-02
    8.63961816e-01 6.57186389e-01 4.45247889e-02 8.74328077e-01
    1.63190126e-01 2.85455287e-01 6.23128772e-01 7.76734829e-01
    5.58343172e-01 8.45637739e-01 8.60009074e-01 1.20111495e-01
    2.59660482e-01 8.49123478e-01 6.66217089e-01 9.31104422e-01
    5.07171035e-01 9.69368398e-01 7.93817759e-01 4.94763702e-01
    8.07770312e-01 5.25243759e-01 3.91818553e-01 8.69587183e-01
    9.91527140e-02 2.38860011e-01 4.65112478e-01 7.67953634e-01
    2.17455029e-01 9.05135632e-01 6.41436934e-01 2.32199430e-02
    5.66976428e-01 7.13450432e-01 4.87717092e-01 9.89748836e-02
    8.64588797e-01 7.27955043e-01 1.57595515e-01 5.97594798e-01
    8.92086148e-01 7.46610880e-01 6.84971333e-01 2.19054818e-01
    8.90518427e-02 5.68886518e-01 4.05571103e-01 3.19223106e-01
    2.87003100e-01 5.17628908e-01 2.90723503e-01 8.39939058e-01
    4.94040370e-01 5.88186204e-01 1.68777764e-01 9.15892720e-01
    6.99479699e-01 5.79588234e-01 5.97228229e-01 8.03970814e-01
    4.12102073e-01 4.16694045e-01 7.09656954e-01 6.80002987e-01
    5.87408543e-01 7.24648535e-01 7.63720036e-01 3.75622332e-01
    4.45689827e-01 7.80944645e-01 6.58461690e-01 8.39390159e-02
    6.87258661e-01 4.20366168e-01 7.55011559e-01 4.54813033e-01
    9.39712465e-01 1.05215222e-01 3.56230140e-02 3.12476814e-01
    2.48694479e-01 4.95631009e-01 6.94492877e-01 6.02715790e-01
    4.63307917e-01 5.43322563e-01 2.82173723e-01 6.81787729e-03
    9.77168918e-01 6.74702048e-01 5.27119756e-01 4.72333401e-01
    3.13209116e-01 2.34658152e-01 7.28978515e-01 3.51976037e-01
    6.35732114e-01 2.71390826e-01 1.09339952e-01 2.35921204e-01
    3.12134504e-01 1.48117602e-01 5.71898818e-01 9.85865057e-01
    7.73732960e-02 4.14813817e-01 3.82911295e-01 5.90852141e-01
    2.97330558e-01 1.24741942e-01 3.05504620e-01 7.81826496e-01
    6.58970594e-01 8.05555880e-01 6.03541672e-01 6.55960441e-01
    1.76181525e-01 1.99532449e-01 8.39255214e-01 1.78924322e-01
    8.98861408e-01 6.51010096e-01 6.13163650e-01 5.58814943e-01
    5.72511196e-01 6.67217016e-01 4.58840877e-01 3.73851061e-02
    9.63066220e-01 8.38513970e-01 2.20120102e-01 1.63358450e-01
    5.22086024e-01 3.93954039e-01 7.19467282e-01 1.12082064e-01
    9.78491545e-01 1.02698445e-01 6.21756434e-01 2.56243229e-01
    3.75111967e-01 3.20582747e-01 1.32087111e-01 7.26997554e-01
    1.01460695e-01 1.89191908e-01 6.52509570e-01 3.16795051e-01
    1.53130978e-01 3.60916257e-01 1.46239102e-01 3.13737094e-01
    8.14301670e-02 4.40621853e-01 9.96530652e-01 2.85190403e-01
    2.55792677e-01 5.83827794e-01 5.70080340e-01 3.49599242e-01
    9.55064535e-01 2.50491560e-01 5.28952539e-01 7.28642821e-01
    2.74931580e-01 5.91736317e-01 8.27571154e-01 3.53499353e-02
    6.50472045e-02 7.09256291e-01 4.57236886e-01 4.48463976e-01
    4.08569485e-01 1.47959977e-01 6.92383707e-01 8.18400621e-01
    1.09135747e-01 2.88051724e-01 4.78199124e-03 6.63842082e-01
    5.64332485e-01 1.64432079e-01 5.23072481e-02 1.66910321e-01
    2.34144032e-01 7.78290391e-01 2.93336928e-01 9.73729730e-01
    2.41978765e-02 3.76172513e-01 2.47538298e-01 7.91480660e-01
    4.79953617e-01 2.54825950e-02 2.88929701e-01 4.20030147e-01
    2.23203212e-01 9.77015257e-01 7.97498226e-02 2.99027860e-02
    9.60930288e-02 6.63965762e-01 1.90920800e-01 6.81203067e-01
    4.23335463e-01 1.98542655e-01 8.35381210e-01 6.39614642e-01
    7.90256560e-02 9.73276973e-01 9.99019742e-02 6.82807863e-02
    4.94017541e-01 9.75575387e-01 7.34544635e-01 8.38579059e-01
    5.01601696e-01 9.84452009e-01 5.50408244e-01 3.62063289e-01
    9.23975825e-01 9.99399364e-01 1.00056171e-01 8.90589833e-01
    3.83058131e-01 6.32710338e-01 5.60071349e-01 3.99634451e-01
    4.57693875e-01 4.14362729e-01 6.03450000e-01 8.22901428e-01
    9.67225432e-03 2.33436227e-01 4.69590306e-01 7.25054920e-01
    9.40098166e-02 5.41828036e-01 4.47522461e-01 8.67643714e-01
    5.94896913e-01 1.15917534e-01 7.73674607e-01 6.53450072e-01
    8.52692723e-02 2.15226203e-01 8.83068025e-01 6.25313282e-01
    7.75432169e-01 2.73053706e-01 4.14683700e-01 2.01103151e-01
    1.51652992e-02 1.98963374e-01 5.52901566e-01 3.43394339e-01
    9.24310565e-01 4.46615666e-01 4.20854270e-01 4.33272392e-01
    7.36447871e-01 3.13660085e-01 7.17198849e-01 2.01896191e-01
    7.54495561e-01 4.25274611e-01 2.70872593e-01 3.78425986e-01
    1.11657858e-01 3.53053182e-01 7.51382887e-01 8.12200427e-01
    5.86571455e-01 6.74401581e-01 3.31770658e-01 9.75328088e-01
    2.46154070e-02 6.98428750e-01 3.03924501e-01 5.41131377e-01
    7.05469251e-01 9.63299930e-01 5.85030019e-01 3.25195163e-01
    7.23133445e-01 6.27714396e-02 1.47707433e-01 6.80778384e-01
    3.15174520e-01 5.65929651e-01 9.22209382e-01 8.76826048e-01
    7.72363067e-01 2.12800503e-03 3.32658052e-01 7.87280321e-01
    2.61817962e-01 2.00455785e-01 6.29391313e-01 2.92485237e-01
    2.58223534e-01 4.83207881e-01 4.22674209e-01 2.59413302e-01
    5.35372972e-01 9.70484018e-01 9.97715831e-01 9.35227334e-01
    6.10253334e-01 8.43710005e-01 4.46572542e-01 6.85026169e-01
    9.68937159e-01 1.19061947e-01 4.74476606e-01 1.96618438e-02
    8.28623474e-02 7.58992970e-01 9.13933396e-01 6.41987324e-01
    3.21821332e-01 7.43876576e-01 9.87618208e-01 8.19669664e-02
    9.02622223e-01 5.97358346e-01 4.26059961e-03 9.72557068e-03
    8.33383501e-01 3.46839428e-04 6.66200757e-01 3.29510748e-01
    3.88477087e-01 6.70161963e-01 2.76987493e-01 5.95079899e-01
    5.84624410e-02 7.34012663e-01 1.32810086e-01 7.53836989e-01
    9.96972084e-01 1.38652533e-01 3.70083451e-01 6.83143198e-01
    6.25917196e-01 5.87623954e-01 7.90429115e-01 5.31976819e-01
    2.39681035e-01 7.91981041e-01 6.30164862e-01 7.44268537e-01
    7.15239406e-01 3.04709703e-01 6.85618281e-01 2.69680321e-02
    7.81186461e-01 9.33842480e-01 2.43001431e-01 2.70600438e-01
    1.22755766e-04 1.29126757e-01 1.35862857e-01 7.19870090e-01
    9.95139003e-01 2.96206802e-01 3.24835598e-01 7.36483216e-01
    6.45911336e-01 1.00225419e-01 6.51722789e-01 5.49454391e-02
    8.24957609e-01 4.99304175e-01 9.40295577e-01 4.07845259e-01
    1.29703313e-01 2.21067578e-01 5.85583627e-01 9.05455709e-01
    4.23770666e-01 7.88857222e-01 2.65711844e-01 1.66512758e-01
    6.13133907e-01 8.35603714e-01 8.03895831e-01 1.52204484e-01
    3.33549500e-01 2.96386212e-01 2.46774167e-01 5.41578948e-01
    8.24224293e-01 4.47043478e-01 5.99959731e-01 8.81539464e-01
    2.02960670e-02 9.66158867e-01 8.41905117e-01 1.84847564e-01
    1.10083520e-02 1.09990537e-01 8.64174604e-01 2.24579126e-01
    2.74166226e-01 5.18053889e-01 5.49602330e-01 5.25562704e-01
    9.87465501e-01 3.81870598e-01 7.21190751e-01 5.98628998e-01
    6.96954668e-01 1.59772575e-01 3.08639467e-01 9.87993240e-01
    2.24292308e-01 5.53741038e-01 1.22827858e-01 5.79265356e-01
    3.08363199e-01 4.10650253e-01 1.41061604e-01 5.87884426e-01
    2.92725027e-01 7.56711602e-01 5.21885633e-01 9.48740780e-01
    5.60702920e-01 4.84404862e-01 1.80157602e-01 7.78058887e-01
    8.81750107e-01 8.33940387e-01 7.03687608e-01 9.06169295e-01
    5.64796448e-01 8.16375315e-01 2.19251424e-01 2.75236011e-01
    2.85893500e-01 6.09353185e-01 1.24767512e-01 4.19205129e-02
    6.04128242e-02 7.52601981e-01 5.53203940e-01 5.85916460e-01
    5.51504970e-01 1.79519087e-01 2.84078658e-01 1.96927071e-01
    6.29022121e-02 1.54609144e-01 5.03221989e-01 5.18090546e-01
    9.90881562e-01 2.94813573e-01 5.55958688e-01 3.66933763e-01
    2.01413095e-01 8.49799633e-01 2.58772969e-01 2.92805851e-01
    5.53294182e-01 5.92007399e-01 9.93578553e-01 1.79033369e-01
    2.22158104e-01 1.77942097e-01 4.71120536e-01 4.01251316e-01
    9.01204348e-02 8.07398975e-01 4.62398797e-01 5.42740703e-01
    3.76263320e-01 9.15978551e-01 8.79131556e-01 3.08108926e-01
    1.16489887e-01 6.39737785e-01 7.51399875e-01 2.36330956e-01
    2.16889977e-01 6.71909332e-01 4.42207038e-01 8.04232478e-01
    3.64701033e-01 9.52831209e-01 1.59597397e-03 3.54114652e-01
    9.07717824e-01 8.18462372e-01 2.00755209e-01 7.11902022e-01
    4.89385068e-01 5.90321779e-01 1.52361155e-01 2.30645299e-01
    4.19244021e-01 3.53371084e-01 8.95007312e-01 7.12676942e-01
    8.79766405e-01 5.00201106e-01 6.52818859e-01 1.36391908e-01
    9.69383001e-01 7.95323372e-01 6.69122875e-01 9.64162171e-01
    8.89753044e-01 6.73588872e-01 7.72316277e-01 7.84868002e-03
    9.56712484e-01 9.15845513e-01 3.92706662e-01 7.73668051e-01
    1.36213750e-01 3.90340626e-01 4.28694367e-01 7.02913880e-01
    2.33579278e-02 8.33423972e-01 9.28697944e-01 1.72577679e-01
    1.94502175e-01 8.55254531e-01 5.96318781e-01 5.40678084e-01
    8.92007947e-01 4.03732657e-01 2.60049492e-01 3.89176935e-01
    8.56514394e-01 4.08596754e-01 9.13106084e-01 8.42756987e-01
    5.74473977e-01 2.11370647e-01 5.41022420e-01 2.61262953e-02
    2.42027342e-02 8.49049509e-01 6.13700688e-01 7.00549424e-01
    5.95294178e-01 8.47974300e-01 7.11693764e-01 1.97232306e-01
    7.35812664e-01 5.38121164e-02 4.01919752e-01 9.95096982e-01
    5.77129841e-01 2.05084383e-01 3.35408568e-01 5.69850683e-01
    8.47647190e-02 9.45472479e-01 9.10213828e-01 7.65700221e-01
    6.70118690e-01 3.95721495e-01 3.45166624e-02 6.42987847e-01
    7.07435727e-01 5.28972387e-01 8.98751736e-01 9.47085083e-01
    4.39263225e-01 5.35363853e-01 9.59835470e-01 7.51489460e-01
    1.48569942e-01 1.21393204e-02 7.41102338e-01 3.38791102e-01
    6.98409915e-01 7.93382823e-01 9.76051331e-01 6.64638758e-01
    9.65219617e-01 9.19658065e-01 3.86708677e-01 4.86933887e-02
    1.51251525e-01 6.22476041e-01 3.30944955e-02 5.53473234e-01
    2.02705592e-01 7.34718561e-01 3.89761269e-01 4.98111933e-01
    2.26572931e-01 3.98826778e-01 9.34253573e-01 8.49273801e-01
    5.59905469e-02 8.56449366e-01 7.66117454e-01 5.20970404e-01
    3.16049308e-01 5.34719825e-02 8.53428364e-01 7.59226024e-01
    9.77611184e-01 7.55640984e-01 9.45888162e-01 9.62128282e-01
    7.09917545e-01 1.33511811e-01 5.40808022e-01 4.06410336e-01
    9.31308568e-01 3.62806678e-01 3.32966626e-01 7.81269968e-02
    8.38000298e-01 6.55798316e-01 9.50986266e-01 8.00627708e-01
    2.37215608e-01 3.08383226e-01 9.12169456e-01 4.91470605e-01
    2.37356991e-01 9.93121624e-01 9.94940937e-01 4.67052996e-01
    3.18440676e-01 7.92634249e-01 3.10060382e-02 8.00559998e-01
    9.70330238e-01 8.30407143e-01 3.83532166e-01 6.56182706e-01
    7.05712438e-01 6.42059147e-02 6.58818960e-01 1.74353570e-01
    1.85991526e-02 9.08439755e-01 3.22189927e-02 3.73134613e-02
    8.69632244e-01 6.68185353e-01 6.07786238e-01 2.09194839e-01
    9.31572914e-02 4.26627427e-01 4.25958872e-01 4.57276970e-01
    5.08392036e-01 7.86466599e-01 4.91290003e-01 2.37142414e-01
    8.27047825e-01 8.42358053e-01 4.21061635e-01 8.08745265e-01
    5.60491383e-01 9.60681796e-01 4.56201524e-01 7.32112050e-01
    2.93033719e-01 2.42691398e-01 8.83379638e-01 6.16570175e-01
    2.98185825e-01 3.05217981e-01 1.24883920e-01 4.69491482e-02
    7.76985347e-01 5.61485648e-01 8.33980083e-01 4.17156756e-01
    7.91586936e-01 3.04451346e-01 6.07444167e-01 7.94348478e-01
    5.45873165e-01 9.02921975e-01 1.28120691e-01 1.12393647e-01
    5.17750859e-01 9.62756991e-01 6.42148256e-02 9.55304742e-01
    7.06642270e-01 1.12205207e-01 9.73492503e-01 7.51525640e-01
    6.10777497e-01 8.92999887e-01 6.88929200e-01 1.64427251e-01
    2.39595443e-01 4.50871348e-01 1.99689746e-01 5.94362319e-01
    2.45675445e-01 6.03052080e-01 5.26769340e-01 3.72534871e-01
    4.17476594e-02 7.62418389e-01 7.24790931e-01 7.97476292e-01
    9.83213305e-01 1.47877246e-01 1.50641412e-01 4.76485014e-01
    2.23422378e-01 3.85040581e-01 5.69851339e-01 7.07137883e-01
    7.54747033e-01 6.19130492e-01 7.43850768e-02 6.62094176e-01
    2.50798017e-01 8.21930885e-01 5.19687891e-01 1.07021779e-01
    3.17520201e-01 1.35590911e-01 3.56982172e-01 7.89087892e-01
    5.50624788e-01 1.13130271e-01 3.47778797e-01 4.04673576e-01
    5.15813231e-01 7.71502972e-01 1.12068355e-02 5.99097490e-01
    7.25924015e-01 9.43286538e-01 8.39816451e-01 1.40544295e-01
    7.01679289e-02 8.33131671e-01 2.90034622e-01 6.33187830e-01
    8.83170485e-01 5.69367170e-01 4.98695195e-01 7.02529788e-01
    9.77743268e-01 4.52496588e-01 8.75572085e-01 2.58819342e-01
    7.12866962e-01 5.06344914e-01 6.50080860e-01 1.91574574e-01
    8.00248981e-03 9.74111080e-01 8.99137497e-01 8.48469734e-01
    7.69710898e-01 9.96962190e-01 8.79146159e-02 7.17654347e-01
    8.45691919e-01 3.63962293e-01 9.65105057e-01 1.79573357e-01
    7.96364665e-01 8.62814188e-01 5.52416742e-01 7.86650419e-01
    8.71316195e-02 7.60224938e-01 6.97405338e-01 3.65440071e-01
    9.34832990e-01 9.02566314e-01 2.86727488e-01 8.57118845e-01
    6.92499399e-01 2.00175375e-01 3.87210250e-02 2.84343958e-01
    9.98015404e-01 9.38155055e-02 9.95253026e-02 2.03990936e-01
    8.92273664e-01 2.06347555e-01 2.51516700e-01 1.51413649e-01
    8.18137109e-01 1.92866176e-01 2.23492533e-01 9.65014815e-01
    8.68614197e-01 2.27327943e-02 2.65303075e-01 6.53562188e-01
    7.84158707e-04 4.72957432e-01 6.48763835e-01 3.81358087e-01
    9.65764582e-01 2.51560032e-01 7.12943554e-01 3.68191183e-01
    1.23783052e-02 6.64951265e-01 6.74469709e-01 9.95626271e-01
    4.53062415e-01 9.20997024e-01 7.52906680e-01 3.24007511e-01
    2.33840853e-01 2.46375293e-01 4.47928488e-01 9.92954731e-01
    6.30014062e-01 8.88928890e-01 9.00060534e-01 4.51589584e-01
    3.28582466e-01 4.11874950e-02 5.45960367e-01 9.34777498e-01
    7.66036868e-01 8.88231754e-01 3.74719381e-01 3.85483354e-01
    5.63529611e-01 5.67431509e-01 7.92830944e-01 2.41035640e-01
    9.96269047e-01 5.37819803e-01 2.05336571e-01 7.94105232e-01
    1.06705993e-01 4.07787502e-01 8.49058151e-01 1.88546151e-01
    8.24596405e-01 2.96181560e-01 1.48676038e-01 1.86328053e-01
    1.84788704e-02 6.48241878e-01 7.85084844e-01 2.60913312e-01
    6.30866110e-01 5.09014726e-01 3.81052494e-01 4.80717123e-01
    3.52912366e-01 2.93947399e-01 1.66567594e-01 3.15284252e-01
    7.29007900e-01 4.98073220e-01 6.78957701e-02 4.47572798e-01
    8.64982903e-02 9.61760879e-01 2.41189897e-01 5.39780140e-01
    1.05605125e-01 3.55020076e-01 8.25853229e-01 4.22308803e-01
    2.55093157e-01 5.21415234e-01 9.36621547e-01 5.78367412e-02
    3.77837241e-01 2.46917784e-01 3.14909935e-01 8.16118896e-01
    3.56408656e-01 8.45280528e-01 7.04554915e-02 3.59230876e-01
    4.22646999e-01 6.82896674e-01 8.84909034e-01 9.73874629e-01
    1.33920908e-02 1.87785804e-01 1.81945562e-02 7.25380838e-01
    5.91189206e-01 9.24357772e-01 6.93180978e-01 5.65597117e-01
    6.90686464e-01 7.02929735e-01 8.01883817e-01 7.80797660e-01
    6.83903337e-01 5.78245521e-01 7.24485159e-01 4.04736519e-01
    7.76583076e-01 3.05710614e-01 1.36023313e-01 1.71798140e-01
    2.44745284e-01 8.31259131e-01 8.57129216e-01 3.99996221e-01
    7.07232833e-01 2.67009020e-01 3.79792392e-01 7.51249313e-01
    1.41772270e-01 4.96117175e-02 7.64114022e-01 6.59727693e-01
    7.44193137e-01 5.23624778e-01 8.52457285e-01 1.44184142e-01
    7.82867193e-01 7.75852203e-02 7.90067911e-01 4.59104538e-01
    2.85001695e-01 1.82715476e-01 2.44314432e-01 7.25852251e-01
    8.45169723e-02 8.97760868e-01 8.75335038e-02 8.59930396e-01
    3.29755068e-01 1.47706300e-01 7.78937221e-01 5.25444448e-01
    9.01704907e-01 4.41531986e-01 1.72704667e-01 9.37232375e-02
    6.41322672e-01 8.51540029e-01 8.95776391e-01 7.66086221e-01
    3.57191026e-01 3.71685028e-01 2.53151923e-01 8.95074248e-01
    8.57566476e-01 5.23842335e-01 8.12040031e-01 2.75608361e-01
    9.53118026e-01 2.69167304e-01 8.49633813e-01 9.14089918e-01
    3.32865119e-01 3.29746604e-02 3.73335332e-01 1.98426485e-01
    9.61218178e-01 2.42961526e-01 4.03823286e-01 7.51283407e-01
    3.36199403e-01 5.93409836e-01 4.37003970e-02 7.03671157e-01
    6.20528221e-01 8.80995095e-02 4.85793948e-01 5.49946487e-01
    5.91316938e-01 2.82165825e-01 9.71152246e-01 6.22505009e-01
    1.95130467e-01 3.56738567e-01 7.36585081e-01 5.28236151e-01
    5.68370640e-01 8.71039152e-01 3.17003399e-01 3.20440471e-01
    9.52503443e-01 9.55675542e-01 4.01046783e-01 5.68446219e-01
    2.85503745e-01 4.69696164e-01 5.52248359e-01 3.46702397e-01
    6.66188538e-01 7.83892810e-01 2.42230177e-01 9.06285644e-01
    6.81130409e-01 8.00055146e-01 7.20482111e-01 9.27214742e-01
    7.18972266e-01 5.72778106e-01 9.62959886e-01 4.97184396e-02
    1.10440880e-01 8.30444813e-01 4.32368875e-01 4.81980205e-01
    4.91696775e-01 9.63562846e-01 3.53260875e-01 2.95760989e-01
    5.59354126e-01 5.25206864e-01 6.09570265e-01 6.50931478e-01
    8.02248359e-01 9.87491846e-01 2.11367965e-01 1.63370848e-01
    7.59974420e-02 6.29481673e-02 7.59741604e-01 9.65079069e-01
    2.81837523e-01 7.12003112e-02 7.34429359e-01 7.59140015e-01
    5.99868059e-01 9.14172888e-01 4.80223745e-01 8.95153999e-01
    1.90842032e-01 4.54500765e-01 5.83886206e-01 8.68544102e-01
    4.69037801e-01 9.84999299e-01 9.73074675e-01 5.81577063e-01
    5.13743699e-01 3.96777242e-01 7.66869247e-01 5.66891611e-01
    3.34831774e-02 7.23264813e-02 3.16531837e-01 1.64983392e-01
    9.47108269e-02 4.73732561e-01 6.87010169e-01 4.47200835e-02
    6.35830045e-01 8.79915059e-01 3.15860510e-01 9.30451870e-01
    5.38083315e-02 4.81104851e-02 1.33403420e-01 1.14603877e-01
    5.10385454e-01 1.15735710e-01 2.83928275e-01 5.78491747e-01
    4.02713746e-01 9.40490484e-01 5.86071610e-01 3.49938482e-01
    4.57166553e-01 9.27502871e-01 4.16319847e-01 3.19509804e-01
    1.87132984e-01 9.37125564e-01 1.79111272e-01 3.03916395e-01
    5.39213419e-04 6.32909894e-01 8.11844110e-01 8.99529099e-01
    6.69727445e-01 6.40843928e-01 6.44341707e-01 4.83447999e-01
    2.44758666e-01 6.28602266e-01 1.20284498e-01 4.17863131e-02
    9.68496203e-01 2.00289696e-01 1.82402194e-01 8.42441320e-02
    8.66851389e-01 8.26465249e-01 6.04988575e-01 7.11417198e-01
    9.81042206e-01 5.94615042e-01 8.47755075e-01 8.69223535e-01
    6.58450007e-01 3.96041036e-01 9.83107090e-02 2.60644734e-01
    4.99174178e-01 5.50340772e-01 1.45078331e-01 6.36310756e-01
    9.68512774e-01 6.97164416e-01 7.83104658e-01 4.65681225e-01
    9.42971945e-01 1.65611506e-03 7.25058615e-01 6.28360391e-01
    4.08739328e-01 8.71424019e-01 7.06073344e-02 6.74377084e-01
    6.14219666e-01 7.62053370e-01 8.87884200e-01 3.43368649e-01
    9.25752759e-01 4.91009414e-01 1.47625506e-02 3.83051336e-01
    1.06813312e-02 7.26696908e-01 3.67777824e-01 9.43836927e-01
    4.18524623e-01 6.38727427e-01 1.65051877e-01 5.12247026e-01
    4.23524827e-01 8.79135728e-03 4.31793362e-01 4.48261917e-01
    7.89078116e-01 5.78351796e-01 4.57543612e-01 2.24802196e-01
    7.21796095e-01 6.95055187e-01 2.12475270e-01 1.85675859e-01
    3.01613808e-01 2.23872960e-02 6.84598446e-01 5.60660005e-01
    1.62661910e-01 4.92092788e-01 5.29330015e-01 7.73301065e-01
    1.62606388e-01 1.16169751e-01 6.11700356e-01 3.98817331e-01
    3.63823444e-01 8.27510536e-01 9.06568646e-01 8.79737496e-01
    8.09120893e-01 1.96455300e-01 8.70921552e-01 8.58382881e-01
    9.46978211e-01 3.23949158e-01 3.80834818e-01 2.02004731e-01
    2.86010325e-01 3.25926602e-01 6.42962515e-01 6.99348211e-01
    2.75389791e-01 8.74424398e-01 1.84246331e-01 8.71878564e-02
    4.58238244e-01 3.67738336e-01 6.45217836e-01 4.03956085e-01
    6.23526096e-01 7.93084204e-01 7.65948236e-01 6.56432211e-01
    6.10834002e-01 7.71220684e-01 2.38257796e-01 5.32236755e-01
    4.78537828e-01 3.82377416e-01 9.72268283e-02 6.74887717e-01
    2.33836055e-01 6.23479486e-01 9.37127590e-01 1.72894627e-01
    2.35760421e-01 3.69855613e-01 7.02339172e-01 1.96491539e-01
    3.86478007e-02 1.88251317e-01 8.35467696e-01 2.69076526e-02
    1.24866962e-02 6.63531423e-01 1.77187026e-01 2.74369419e-02
    4.69633609e-01 6.22949183e-01 6.16741300e-01 5.67334890e-03
    1.54438019e-01 2.71708220e-01 8.66520464e-01 4.58897740e-01
    6.58438146e-01 9.10456538e-01 6.58876002e-02 6.32464170e-01
    5.28206766e-01 7.93166518e-01 7.64048517e-01 7.79050827e-01
    2.92405188e-02 2.70041227e-01 7.93993175e-01 1.56639516e-01
    1.42548352e-01 6.26785457e-01 5.00982821e-01 6.52442575e-01
    1.00518197e-01 1.37248009e-01 8.76788437e-01 5.89406490e-01
    6.36611879e-01 4.84710336e-01 5.03100216e-01 2.51791179e-01
    5.96144259e-01 1.80127859e-01 1.80122435e-01 9.12877202e-01
    4.57409263e-01 9.03848886e-01 8.18374038e-01 4.55751806e-01
    8.09656024e-01 2.71227002e-01 5.23767948e-01 7.79552579e-01
    2.83584118e-01 4.00385618e-01 1.15022421e-01 2.98605502e-01
    2.33036667e-01 2.03096151e-01 2.78817832e-01 5.34225702e-01
    1.49477780e-01 5.26936471e-01 5.17845631e-01 3.33194613e-01
    7.13814139e-01 2.07083970e-01 9.67276692e-01 8.19887161e-01
    2.49216229e-01 9.55868065e-02 5.13418257e-01 3.53429914e-02
    9.74326968e-01 9.58810091e-01 1.44401878e-01 6.00923777e-01
    8.98547053e-01 8.01301539e-01 9.64159250e-01 6.14743948e-01
    7.01793909e-01 6.10935986e-01 1.05915785e-01 9.42440450e-01
    6.65782392e-01 1.51735842e-01 3.46342146e-01 8.75855982e-01
    1.71478391e-02 1.71520740e-01 8.07575643e-01 1.68572992e-01
    1.78949237e-01 1.85746253e-02 8.40182602e-02 6.81510806e-01
    9.18093562e-01 7.65127778e-01 1.89129621e-01 9.41897750e-01
    6.23326898e-02 2.52495050e-01 8.35613251e-01 4.93596166e-01
    2.46747613e-01 8.90223682e-02 1.54417068e-01 7.64574409e-02
    4.88678724e-01 6.10337555e-01 3.35063398e-01 2.25748122e-02
    9.86422181e-01 2.44752944e-01 8.61075759e-01 4.59243298e-01
    5.64905286e-01 2.06823736e-01 2.32501209e-01 1.47220910e-01
    8.30397487e-01 9.89487529e-01 1.86751753e-01 8.51441920e-02
    9.50991929e-01 5.29467523e-01 9.84711528e-01 1.99885786e-01
    4.85437870e-01 7.98054814e-01 4.53809381e-01 5.64098358e-01
    7.02231169e-01 7.23985553e-01 7.34744191e-01 7.23441720e-01
    4.69818592e-01 4.06778753e-01 4.60846514e-01 4.45007861e-01
    6.79388106e-01 5.54085910e-01 9.64213967e-01 9.76530313e-01
    9.15579855e-01 6.24610603e-01 4.87849742e-01 4.22406703e-01
    7.40598738e-02 6.60431325e-01 2.27141678e-02 1.72065169e-01
    8.92311931e-01 2.85851717e-01 8.88994038e-02 1.69976592e-01
    2.08250046e-01 8.22389364e-01 7.23385215e-01 2.18978047e-01
    6.33729517e-01 7.76988626e-01 2.66916454e-01 4.01448071e-01
    2.93987811e-01 6.97459936e-01 7.80036449e-01 1.79359943e-01
    6.11741662e-01 3.51159930e-01 1.32484227e-01 2.97238529e-02
    6.85708106e-01 8.98990035e-01 3.27224851e-01 8.15564990e-02
    3.43943179e-01 8.05440426e-01 9.01217699e-01 4.61619556e-01
    9.33586717e-01 6.78614974e-02 1.62595838e-01 4.84214842e-01
    6.60806298e-02 3.62361848e-01 7.10261762e-01 5.30485332e-01
    4.92283553e-01 9.20414209e-01 5.89117587e-01 7.79907882e-01
    2.59592503e-01 4.58201170e-01 6.45764351e-01 7.77607203e-01
    6.20097697e-01 3.44396830e-01 8.82024646e-01 9.74068999e-01
    9.03963804e-01 6.76154613e-01 6.76666200e-01 8.91442597e-01
    3.68563414e-01 2.34887570e-01 3.89544368e-01 3.12056065e-01
    6.58929229e-01 4.17977333e-01 1.56476110e-01 1.20986402e-01
    3.80039006e-01 4.08306956e-01 1.40804440e-01 2.01801509e-01
    5.11005819e-01 6.66456938e-01 4.19851661e-01 8.93964291e-01
    9.66788530e-01 1.43712908e-01 9.66815829e-01 4.26247269e-01
    5.04263937e-01 7.09674358e-01 7.00174093e-01 9.16904986e-01
    7.15886891e-01 8.40804338e-01 5.08753598e-01 6.75862491e-01
    4.77989078e-01 7.05606103e-01 1.29191279e-01 6.71329081e-01
    9.24821973e-01 5.14050305e-01 2.56824046e-01 9.96026874e-01
    4.99862820e-01 9.65426505e-01 2.85554409e-01 8.63966346e-01
    3.49248230e-01 5.50650418e-01 6.10987544e-01 4.41254079e-02
    3.90394628e-01 5.77977896e-01 3.55781138e-01 7.96980977e-01
    2.10473955e-01 9.05083418e-02 7.91252851e-01 6.75331235e-01
    3.03779781e-01 4.24723864e-01 1.76565796e-01 3.45748663e-01
    6.99876845e-02 5.78867733e-01 8.15501094e-01 1.59955144e-01
    5.95345020e-01 6.25642180e-01 7.82629013e-01 8.71420622e-01
    4.58107591e-02 9.86540914e-02 5.54927230e-01 2.24032432e-01
    4.25390899e-01 8.66048694e-01 2.32597291e-02 6.07527137e-01
    8.19048882e-01 1.25200003e-01 1.71064079e-01 5.24181724e-01
    1.01856083e-01 4.20831025e-01 7.74610817e-01 6.85321510e-01
    2.92115688e-01 7.35707283e-01 8.34483862e-01 1.07692420e-01
    7.62707472e-01 8.57192636e-01 9.98519719e-01 5.15807807e-01
    7.25133300e-01 7.24689364e-02 9.75523591e-02 1.99756026e-03
    3.70763540e-02 9.28336143e-01 3.47352684e-01 3.63390148e-02
    9.62503314e-01 3.90958756e-01 6.51198328e-01 6.01547360e-01
    6.17833614e-01 4.11832809e-01 3.47648174e-01 5.53239703e-01
    3.00862491e-02 6.83330178e-01 1.54126108e-01 5.86383343e-02
    2.32265264e-01 4.06358182e-01 2.82595336e-01 8.23204637e-01
    1.76151961e-01 9.73607957e-01 7.23176301e-01 8.55839849e-02
    6.10213876e-02 5.38151979e-01 9.32349086e-01 1.73383355e-01
    7.70874619e-01 4.27593410e-01 1.36635125e-01 5.27669430e-01
    2.72042364e-01 8.99101198e-02 6.74201131e-01 8.55159640e-01
    2.93001473e-01 9.83766913e-01 1.39056414e-01 6.44004226e-01
    1.82675749e-01 7.98785686e-02 8.63450170e-02 5.83531678e-01
    1.50874674e-01 7.18617082e-01 1.92543924e-01 2.08474368e-01
    6.14715040e-01 3.46699059e-02 4.48385507e-01 6.31181300e-01
    1.77284747e-01 9.43740606e-01 2.87875116e-01 4.04863805e-01
    2.34063387e-01 8.17821980e-01 4.56766427e-01 8.86163116e-02
    7.61891365e-01 9.61936951e-01 4.46338356e-01 5.04851103e-01
    3.57569754e-02 1.30938619e-01 6.25252724e-01 5.39331496e-01
    9.35818195e-01 9.77943301e-01 6.44325972e-01 2.64270395e-01
    3.13921422e-01 6.49911463e-02 6.82962120e-01 6.79546356e-01
    9.91651356e-01 9.94969368e-01 2.40085393e-01 1.14842325e-01
    5.20897508e-01 7.08869815e-01 7.00559437e-01 2.85215646e-01
    7.69589722e-01 1.91667825e-01 8.64587545e-01 4.20958102e-02
    8.03005576e-01 7.65282273e-01 5.99057496e-01 7.26371109e-02
    5.32808781e-01 7.00584888e-01 3.28334928e-01 6.93986118e-02
    2.65232027e-02 4.58511233e-01 6.57750070e-02 7.12022007e-01
    6.02253437e-01 4.10900384e-01 3.49546403e-01 1.48156285e-01
    2.45238721e-01 8.46972346e-01 3.75687957e-01 6.85246825e-01
    3.84373426e-01 2.09907234e-01 8.26438665e-01 2.33295679e-01
    4.09112602e-01 2.05939800e-01 3.42708349e-01 8.10116172e-01
    9.45690274e-02 9.26651120e-01 9.39814627e-01 3.79632324e-01
    2.48564333e-01 4.01837438e-01 4.54140663e-01 7.91572809e-01
    8.68582189e-01 1.32938623e-01 2.68400013e-01 2.12938875e-01
    9.46195722e-01 4.14603829e-01 3.37754548e-01 3.76016229e-01
    8.46185803e-01 8.62438023e-01 2.36997128e-01 7.72318244e-01
    4.25002664e-01 4.08800721e-01 1.64252907e-01 2.07280844e-01
    5.75053275e-01 8.55825067e-01 8.54378104e-01 9.97279286e-01
    3.03299695e-01 2.22361356e-01 5.10916591e-01 9.87470031e-01
    7.03124225e-01 5.40827692e-01 5.45945287e-01 4.41452175e-01
    9.50222373e-01 8.08892846e-02 2.86362678e-01 1.99117124e-01
    3.60146910e-01 5.92457592e-01 4.82065082e-01 3.86487663e-01
    6.57219172e-01 5.86551487e-01 9.09560680e-01 3.73740911e-01
    2.68799931e-01 1.14027321e-01 4.98278528e-01 2.25713342e-01
    9.55641627e-01 2.03518569e-02 6.88104630e-02 9.35224593e-02
    4.52963382e-01 8.92822444e-01 8.13593149e-01 7.49231100e-01
    9.84714508e-01 3.96227151e-01 7.75184870e-01 1.05968654e-01
    1.49943888e-01 1.39553457e-01 6.61507547e-02 9.71319139e-01
    5.25240004e-01 4.06211495e-01 1.50310665e-01 9.46732283e-01
    1.66635960e-01 5.87803662e-01 9.95160341e-01 4.47991878e-01
    6.22319043e-01 6.13892496e-01 3.35367322e-01 7.92199373e-02
    8.66425812e-01 6.50925338e-01 2.25594640e-03 1.53867364e-01
    8.49194407e-01 6.14555776e-02 5.33055067e-01 1.90477610e-01
    8.81874919e-01 7.17333376e-01 3.81326020e-01 7.90503025e-01
    6.37968540e-01 1.09517097e-01 1.09963804e-01 1.20852500e-01
    3.95210147e-01 8.13686609e-01 5.97448349e-01 8.04188371e-01
    6.52295470e-01 3.01478386e-01 6.14233136e-01 2.96600342e-01
    5.56609809e-01 9.03156757e-01 5.72953820e-01 7.15609908e-01
    5.86166739e-01 4.32528585e-01 4.09865379e-03 4.59608436e-02
    9.40217078e-01 6.29559815e-01 2.64968157e-01 3.42048526e-01
    4.88040924e-01 2.49814183e-01 9.59457755e-01 9.43667531e-01
    6.97324097e-01 5.90943098e-02 9.96902585e-01 7.02335119e-01
    5.37442565e-01 8.29808593e-01 7.85892844e-01 9.34277594e-01
    9.75797892e-01 4.97754753e-01 4.44726437e-01 4.04732913e-01
    6.45659089e-01 7.91837752e-01 2.06804901e-01 2.90311575e-02
    6.32464588e-02 4.26620305e-01 1.12991750e-01 3.07727814e-01
    1.57782316e-01 6.06680572e-01 3.91413271e-02 7.54470706e-01
    1.07025892e-01 7.82017589e-01 3.75533134e-01 3.16277683e-01
    6.12870276e-01 8.23400140e-01 9.74492788e-01 4.71841514e-01
    9.30805802e-01 3.97181273e-01 7.13646531e-01 1.54046386e-01
    7.36701071e-01 2.02000737e-02 4.81199861e-01 4.77407515e-01
    8.46495271e-01 4.05947685e-01 5.92539966e-01 7.16542125e-01
    6.60302401e-01 8.62883270e-01 8.16586196e-01 5.97250700e-01
    5.66567838e-01 9.38054919e-01 8.99524570e-01 9.43188190e-01
    5.96111715e-02 2.82555401e-01 1.36053234e-01 9.92795229e-01
    9.22397494e-01 1.89619243e-01 2.27096319e-01 5.89425623e-01
    5.49689651e-01 4.24893498e-01 2.48840839e-01 9.62031364e-01
    3.95349681e-01 4.85933155e-01 8.56077790e-01 3.42471689e-01
    5.68646073e-01 7.81264782e-01 2.40220726e-02 8.47069800e-01
    5.12100995e-01 5.12619972e-01 6.00378513e-01 7.70372033e-01
    2.83520430e-01 7.04445601e-01 9.21842158e-01 9.10627127e-01
    8.48936081e-01 5.86530328e-01 5.87381721e-01 6.67349219e-01
    8.73055577e-01 7.41582990e-01 3.45943928e-01 5.59116364e-01
    4.50361818e-01 9.17043507e-01 3.00477743e-02 2.40789354e-02
    3.02788883e-01 6.06232285e-01 6.70261025e-01 9.48372304e-01
    4.65593994e-01 3.39022756e-01 8.07843566e-01 3.13989818e-01
    6.57568634e-01 7.20839202e-02 5.36238611e-01 9.07832861e-01
    6.91626906e-01 1.99531764e-01 4.91634339e-01 8.69223833e-01
    4.87901509e-01 9.47455645e-01 2.18564749e-01 5.05272806e-01
    6.22687936e-01 6.39387965e-03 8.99079144e-02 1.62361622e-01
    1.49538428e-01 5.29681325e-01 6.70705497e-01 9.91827011e-01
    6.20337307e-01 5.90314865e-01 8.59331846e-01 9.74564314e-01
    1.48787588e-01 5.70640206e-01 3.15115601e-01 3.60641181e-02
    8.23721051e-01 2.74022460e-01 2.08984405e-01 9.03663516e-01
    5.60317159e-01 1.51327729e-01 4.42813337e-02 2.55286992e-01
    8.51377964e-01 4.26011980e-02 8.19580257e-02 1.78588778e-01
    5.13934731e-01 3.40985924e-01 2.17487454e-01 8.25473607e-01
    7.81443238e-01 9.36787248e-01 1.67271584e-01 1.29035205e-01
    3.10500473e-01 9.24706042e-01 7.56189585e-01 1.58864260e-01
    9.62587297e-01 6.92005813e-01 2.47783035e-01 3.82893384e-02
    2.00952977e-01 9.31923807e-01 3.06093246e-01 7.56457388e-01
    7.63770640e-02 6.33436084e-01 4.36527461e-01 5.93903542e-01
    5.67732453e-01 4.35336709e-01 1.83674783e-01 7.52162933e-02
    7.92257428e-01 5.27399480e-01 2.04094440e-01 1.22468233e-01
    7.09320009e-01 1.38055295e-01 4.52774853e-01 7.61498749e-01
    8.28351617e-01 6.72509193e-01 5.39982021e-02 1.50590271e-01
    3.64347041e-01 8.24707508e-01 4.59228873e-01 8.21883976e-01
    6.76337361e-01 6.07330799e-02 5.67593396e-01 2.27646798e-01
    8.33417714e-01 7.31263518e-01 6.30058169e-01 2.85460889e-01
    1.36742502e-01 3.59339178e-01 2.05456913e-01 6.85534537e-01
    2.24768877e-01 5.31038880e-01 9.54108238e-01 3.10608447e-01
    3.81653130e-01 1.05547011e-02 5.66791415e-01 5.92934787e-01
    4.33773518e-01 5.20271301e-01 1.69567883e-01 7.97970176e-01
    7.36957788e-03 3.50316167e-02 6.31198227e-01 5.82119107e-01
    3.55356574e-01 7.46093690e-01 4.51270282e-01 8.50322723e-01
    6.02912009e-02 4.20389116e-01 7.17872500e-01 7.67003536e-01
    3.64156067e-02 3.88410032e-01 4.04393017e-01 5.65166473e-01
    3.10010195e-01 8.84960413e-01 1.08326584e-01 8.41967225e-01
    4.19936657e-01 7.23546624e-01 2.22497761e-01 3.49087119e-01
    1.97474033e-01 6.38311028e-01 3.97052556e-01 8.77830982e-01
    2.14614064e-01 5.66261649e-01 3.51088405e-01 2.34299421e-01
    4.33422804e-01 6.30272508e-01 6.61317885e-01 4.46735919e-02
    3.88193876e-01 7.15921342e-01 2.00844347e-01 7.52275646e-01
    4.44533706e-01 6.87777400e-01 4.91693497e-01 7.86449313e-01
    3.08266938e-01 8.81621480e-01 2.27886945e-01 9.21377182e-01
    5.82670212e-01 4.47842836e-01 8.73454928e-01 9.67857480e-01
    8.50981116e-01 5.12839079e-01 3.32824588e-01 7.89308786e-01
    7.55523562e-01 6.24121666e-01 9.88176346e-01 6.24915302e-01
    2.83884197e-01 8.47248256e-01 1.24313086e-01 8.06898057e-01
    5.02957046e-01 4.83314842e-01 5.94767570e-01 4.75408196e-01
    2.77684927e-02 5.76923430e-01 7.78765202e-01 8.36920381e-01
    2.58725107e-01 1.20418102e-01 1.44551456e-01 3.01993728e-01
    7.91267812e-01 6.99487150e-01 7.41133213e-01 6.60376430e-01
    7.72819877e-01 9.82403457e-02 3.29018950e-01 5.44976711e-01
    5.94123960e-01 9.27060902e-01 9.53317642e-01 4.17466462e-02
    2.06509590e-01 6.02079928e-01 5.70605874e-01 1.95453912e-01
    2.96817839e-01 3.87820959e-01 6.38930202e-01 2.78732479e-01
    5.67578912e-01 7.52891183e-01 2.52884924e-02 1.68131858e-01
    1.09312564e-01 5.72618961e-01 6.32567525e-01 6.65425181e-01
    2.29233116e-01 1.42433912e-01 1.74514532e-01 8.70231390e-01
    5.14371872e-01 5.22546351e-01 1.42244607e-01 5.79712570e-01
    7.70135403e-01 4.79069382e-01 9.96422410e-01 6.55313730e-02
    5.81639707e-02 5.50611794e-01 8.20802271e-01 4.96659577e-02
    6.83202565e-01 4.41885322e-01 3.98531556e-03 2.34191060e-01
    4.66477841e-01 6.49050295e-01 6.40426338e-01 9.65798974e-01
    2.84007043e-01 3.71181011e-01 5.55721462e-01 5.49932003e-01
    3.28712165e-02 5.92197061e-01 7.64265418e-01 5.87688625e-01
    1.82967573e-01 1.15482420e-01 1.31847471e-01 8.18358779e-01
    5.89463472e-01 7.42537677e-01 9.89965558e-01 8.02532792e-01
    6.80520594e-01 3.95141125e-01 8.73453498e-01 5.19322813e-01
    6.38467669e-01 1.12177998e-01 9.05330420e-01 6.48472726e-01
    9.52892542e-01 6.36321843e-01 8.99239659e-01 8.21634173e-01
    7.58010745e-01 9.51080322e-01 7.75134563e-01 6.58749580e-01
    1.34761721e-01 3.74321580e-01 4.42114234e-01 2.38990009e-01
    9.45918381e-01 4.22135592e-01 7.37530887e-02 4.50722784e-01
    5.18762231e-01 4.42598224e-01 6.88451707e-01 2.81405330e-01
    5.59467673e-02 5.61728835e-01 4.54554677e-01 3.87425929e-01
    2.43551165e-01 4.61899430e-01 8.93336356e-01 2.77264893e-01
    1.03775084e-01 3.40755969e-01 7.41485834e-01 2.97573686e-01
    6.42476022e-01 2.33591884e-01 6.42366767e-01 4.01157379e-01
    8.18106771e-01 4.98974562e-01 8.30939054e-01 4.59648818e-01
    4.20899868e-01 4.37747389e-01 9.08002019e-01 5.75564325e-01
    9.88170147e-01 1.96983725e-01 2.46274024e-01 9.34078395e-02
    3.29956770e-01 5.40528357e-01 3.49212646e-01 4.76072192e-01
    9.58226562e-01 6.15231991e-02 1.21992618e-01 1.40349448e-01
    2.85222411e-01 1.18864208e-01 8.37568998e-01 9.32247043e-01
    6.58886433e-01 7.55832493e-01 2.56144106e-01 3.74007761e-01
    6.20185196e-01 8.92019510e-01 5.52488744e-01 4.06295121e-01
    3.22903752e-01 5.67265511e-01 6.14931941e-01 3.84113580e-01
    9.52137470e-01 8.42723727e-01 5.30725121e-02 2.79063880e-01
    9.27340269e-01 4.75770652e-01 9.14937973e-01 1.82524323e-02
    5.81722021e-01 5.82084894e-01 8.50353003e-01 5.79764247e-02
    7.39451766e-01 8.58598948e-01 7.79832721e-01 4.39793527e-01
    6.76618159e-01 5.18599033e-01 3.86144787e-01 4.37262982e-01
    1.93727493e-01 6.26117885e-01 1.02445930e-01 3.01614463e-01
    2.71656126e-01 5.71548939e-01 6.34228349e-01 5.94050586e-01
    5.11385202e-01 7.15319514e-01 6.48641527e-01 2.59112895e-01
    8.84697795e-01 5.99353492e-01 8.01363587e-03 4.11289930e-03
    6.30859375e-01 6.44691110e-01 9.65695918e-01 1.75149173e-01
    1.65574580e-01 5.85204184e-01 8.42889249e-02 8.77677739e-01
    6.21113896e-01 2.51513541e-01 4.58167970e-01 2.54595876e-02
    4.20409560e-01 8.54861498e-01 4.65621233e-01 6.77026153e-01
    7.63031542e-01 4.24171209e-01 1.16962790e-02 8.02906513e-01
    5.12499213e-01 4.73639339e-01 5.05536735e-01 8.69816363e-01
    1.87285215e-01 9.73646402e-01 5.60974598e-01 3.63201499e-01
    8.01961422e-02 8.04159403e-01 8.15361321e-01 4.98509407e-01
    7.61383057e-01 7.25703776e-01 6.23598993e-01 4.68381047e-01
    4.52254415e-01 9.97260273e-01 5.63975692e-01 8.72855365e-01
    7.52558291e-01 6.02337420e-01 2.36093730e-01 3.62313867e-01
    6.71588480e-01 3.94586951e-01 8.78082335e-01 8.47557962e-01
    4.06667590e-01 4.08614159e-01 3.84523511e-01 3.50390971e-01
    5.30195594e-01 6.27754152e-01 3.76092374e-01 5.94161630e-01
    3.36470902e-01 3.73851031e-01 8.91362607e-01 7.58103132e-01
    6.88602686e-01 2.25644857e-01 2.80706048e-01 4.96383756e-01
    2.13177443e-01 3.27951550e-01 2.76825279e-01 7.99993515e-01
    1.25860065e-01 3.72911274e-01 8.53713393e-01 5.74188828e-01
    3.19782764e-01 8.82434666e-01 3.73505175e-01 7.23927498e-01
    1.59890950e-01 2.58619428e-01 6.42650545e-01 1.84493870e-01
    7.43410289e-02 5.04147530e-01 3.88560593e-02 5.56441188e-01
    5.09207785e-01 8.80515277e-02 5.10756552e-01 8.26581597e-01
    6.44469023e-01 4.26637620e-01 3.61590087e-01 3.42675507e-01
    9.84958529e-01 4.53784525e-01 7.05382943e-01 7.71901965e-01
    3.28233004e-01 3.68917286e-02 4.53794003e-02 4.95391637e-01
    8.41242015e-01 8.84164691e-01 3.69050264e-01 3.92648518e-01
    3.99009883e-02 5.44759035e-01 4.23150599e-01 2.71509767e-01
    5.43996274e-01 5.32186151e-01 7.68377423e-01 5.47169983e-01
    5.12725413e-02 8.76922071e-01 9.38528836e-01 7.85767436e-01
    9.90011811e-01 4.09866303e-01 2.38983959e-01 9.34156895e-01
    2.57373989e-01 5.67238212e-01 3.34683657e-01 6.68566704e-01
    6.60622835e-01 7.01067746e-01 2.07925320e-01 4.44771856e-01
    2.52906412e-01 5.36669731e-01 8.26867402e-01 3.56698006e-01
    3.67483616e-01 6.47856295e-01 7.94960737e-01 2.25536257e-01
    4.89189446e-01 4.79853421e-01 1.13385499e-01 9.78525400e-01
    1.87996328e-02 7.50492930e-01 7.99143672e-01 2.02609301e-02
    5.60405016e-01 8.99000168e-01 3.27507675e-01 2.37004608e-01
    9.32998419e-01 8.32275867e-01 4.72213030e-01 7.51924038e-01
    9.95808601e-01 7.11503863e-01 4.39549178e-01 7.05213726e-01
    9.59680498e-01 9.62254822e-01 6.29562140e-01 6.97998524e-01
    8.93224597e-01 8.86848330e-01 8.30388904e-01 9.91704106e-01
    4.21049565e-01 9.35362101e-01 4.26961958e-01 6.22036159e-01
    9.44854736e-01 7.35199213e-01 2.19174445e-01 6.55631065e-01
    6.60877824e-01 9.08279300e-01 4.96822894e-01 3.52826506e-01
    7.86693454e-01 5.47246873e-01 1.15378886e-01 4.55834746e-01
    2.03505158e-03 9.76618707e-01 4.25636888e-01 3.38405222e-01
    4.89462942e-01 6.64126039e-01 9.26554799e-01 3.97456110e-01
    6.28670573e-01 5.71410656e-01 1.71512902e-01 6.63869619e-01
    7.82390952e-01 1.57955736e-01 8.69298458e-01 2.00702876e-01
    3.01469296e-01 1.72960699e-01 2.88910270e-02 2.46265888e-01
    7.10941851e-02 1.96537971e-02 6.87648475e-01 8.43916893e-01
    2.89568722e-01 7.23953128e-01 6.06526017e-01 4.57641244e-01
    2.54352570e-01 2.73969769e-03 4.83291090e-01 4.08168614e-01
    7.64454126e-01 3.91796321e-01 9.56880808e-01 6.49728715e-01
    3.25420678e-01 5.37361145e-01 5.35597801e-02 9.43570852e-01
    3.51011157e-01 6.14633739e-01 3.78482997e-01 7.95302272e-01
    4.06330079e-01 8.15047622e-02 8.92550707e-01 3.78076792e-01
    1.19479865e-01 1.96376771e-01 4.07916635e-01 6.73664927e-01
    2.49675870e-01 5.09567440e-01 7.79711843e-01 6.28688693e-01
    3.09679210e-02 2.49902904e-02 1.23716056e-01 8.43728483e-02
    4.82584029e-01 5.76914310e-01 7.92493224e-01 7.47123420e-01
    6.50646448e-01 6.17478311e-01 6.09376431e-01 8.91784430e-01
    6.52238727e-01 3.03100526e-01 6.65185630e-01 4.48266596e-01
    8.17121625e-01 6.43916070e-01 5.40278316e-01 9.16541576e-01
    3.36645722e-01 6.68236136e-01 3.24919820e-01 5.69387376e-01
    1.10084385e-01 1.97094560e-01 4.84438598e-01 3.96598101e-01
    6.51238501e-01 1.31373078e-01 6.19682133e-01 1.75649494e-01
    1.02990389e-01 2.20678121e-01 7.38445699e-01 9.05464888e-01
    2.78541505e-01 4.41168427e-01 6.95597649e-01 8.17101955e-01
    4.76278514e-01 1.13447607e-02 7.53226161e-01 3.04833055e-02
    2.97074795e-01 4.45280969e-02 2.56027877e-02 1.31153733e-01
    3.13245118e-01 1.21427894e-01 1.18753701e-01 7.13657439e-02
    2.89728105e-01 6.16234660e-01 8.88916850e-01 1.06747150e-01
    8.67304683e-01 2.79066503e-01 9.74259436e-01 5.57417572e-02
    2.93492347e-01 1.45941317e-01 7.91320562e-01 6.47604942e-01
    2.08628178e-02 8.78481865e-01 3.64271820e-01 6.60748601e-01
    3.35655391e-01 1.02286488e-01 6.78667009e-01 4.84215111e-01
    8.30824375e-01 6.64379895e-01 1.40240520e-01 3.73674631e-01
    7.33816147e-01 9.64439988e-01 9.48386073e-01 3.13008577e-01
    5.26772738e-02 5.03850877e-01 8.08395088e-01 8.06176424e-01
    8.65236163e-01 9.52770352e-01 1.64824247e-01 3.95778686e-01
    7.27144837e-01 4.63586956e-01 6.88949823e-02 9.28669453e-01
    8.29757571e-01 6.73670053e-01 7.79075027e-02 9.18889344e-02
    3.59823406e-01 5.51289320e-01 6.98206961e-01 2.63922751e-01
    1.50307804e-01 4.61808443e-02 2.03908265e-01 9.90500927e-01
    3.90487552e-01 1.76722527e-01 9.66516376e-01 2.14355171e-01
    6.63947701e-01 4.02428031e-01 5.54248095e-01 5.14927566e-01
    3.90294343e-01 4.37831581e-01 1.93707645e-01 5.68559647e-01
    9.76537406e-01 4.53811228e-01 4.73495543e-01 1.07967854e-02
    5.94735146e-04 9.92692769e-01 9.15174127e-01 9.78628099e-01
    6.90206170e-01 9.03303385e-01 3.62489820e-01 6.11178994e-01
    1.09584212e-01 6.75385594e-02 6.58810794e-01 5.56529403e-01
    9.62753892e-01 8.92582297e-01 8.86562586e-01 5.99578679e-01
    1.86167657e-01 2.11328566e-01 4.15934622e-01 3.23176324e-01
    3.88262987e-01 3.26878667e-01 5.55882156e-01 1.69755518e-01
    4.46353555e-01 3.30835223e-01 1.15727842e-01 1.52746797e-01
    8.04837227e-01 1.64865464e-01 6.22573495e-01 1.53628796e-01
    2.29485333e-01 1.73903048e-01 4.73806471e-01 6.73498929e-01
    7.95640826e-01 7.30569005e-01 4.09511149e-01 9.06419873e-01
    6.03146851e-01 3.78215253e-01 7.22348452e-01 4.93899256e-01
    7.53256083e-01 9.13241923e-01 7.76199698e-01 3.24805856e-01
    8.59709859e-01 1.81208521e-01 5.47365010e-01 5.55153489e-01
    5.93214691e-01 8.52285326e-02 4.93525803e-01 9.48211133e-01
    5.57067096e-01 1.89282447e-01 1.14078492e-01 4.75892842e-01
    4.95954454e-02 6.73337877e-02 5.29150486e-01 8.45120668e-01
    8.32343161e-01 5.99224806e-01 5.26865125e-01 4.19414610e-01
    1.33951932e-01 6.95303679e-01 7.23168552e-01 5.34210086e-01
    1.60109580e-01 4.11462039e-01 2.84084827e-01 1.09525710e-01
    2.11935759e-01 4.53145057e-01 7.07586765e-01 2.02493280e-01
    9.69724357e-02 5.99988580e-01 8.96345019e-01 9.19131160e-01
    6.72379971e-01 6.07007146e-01 4.97540206e-01 5.00585139e-01
    1.14436358e-01 2.14952856e-01 9.40067291e-01 9.55162764e-01
    5.48962533e-01 4.01325971e-01 6.22600377e-01 4.18165356e-01
    4.62322682e-01 7.61105001e-01 5.22597373e-01 8.13210368e-01
    5.58060408e-02 7.53313661e-01 9.53368306e-01 6.96868777e-01
    3.42955261e-01 2.93914378e-01 6.82268500e-01 3.11234146e-01
    3.82796198e-01 5.77199042e-01 5.34933388e-01 3.13152015e-01
    6.04612350e-01 6.62877142e-01 5.46066403e-01 9.34691370e-01
    8.59839320e-01 6.61459863e-01 7.59489894e-01 9.72263157e-01
    4.33261931e-01 7.86872029e-01 2.98311174e-01 9.69623387e-01
    6.32680595e-01 3.92966688e-01 4.34148490e-01 3.94837558e-02
    1.68542325e-01 6.77968740e-01 1.87393159e-01 1.08685941e-01
    1.87844813e-01 8.74122143e-01 7.37499237e-01 8.48142385e-01
    9.16571617e-01 8.82999539e-01 7.71876872e-02 8.49239588e-01
    6.12432361e-01 4.32805389e-01 8.76748979e-01 2.34071106e-01
    2.79026866e-01 3.07887465e-01 8.31519246e-01 7.64584780e-01
    8.81516218e-01 3.86259258e-02 1.03307962e-01 2.35679746e-02
    1.44987285e-01 9.39854920e-01 7.90617049e-01 7.54364192e-01
    4.26235884e-01 3.39475930e-01 5.83447993e-01 4.58810985e-01
    7.20361054e-01 2.22754329e-01 3.97758484e-02 9.88292933e-01
    8.00209284e-01 1.78714126e-01 9.22343612e-01 1.35331810e-01
    9.68095422e-01 5.13001919e-01 9.94676113e-01 6.47674322e-01
    6.15944505e-01 8.37153852e-01 4.53344405e-01 4.05389071e-03
    3.27464104e-01 5.82576931e-01 3.99757981e-01 3.36646736e-01
    3.45436037e-01 6.58304572e-01 1.57292575e-01 5.63005447e-01
    2.62588263e-04 6.87603831e-01 8.26574266e-01 7.51555085e-01
    7.50871897e-01 7.81416237e-01 5.49316645e-01 1.93379313e-01
    1.09441727e-01 9.45083976e-01 1.66947842e-02 8.90476584e-01
    3.84891927e-02 2.86565691e-01 4.62738872e-02 7.86158681e-01
    6.45369232e-01 2.10844219e-01 9.76024866e-01 1.34188980e-01
    2.63504386e-01 6.95062995e-01 5.07140458e-01 1.41082972e-01
    1.43001556e-01 2.75392413e-01 8.95765424e-01 6.54082656e-01
    9.50665176e-02 4.10192788e-01 4.74592656e-01 2.05813140e-01
    5.17529726e-01 7.41750956e-01 1.17375970e-01 7.61382580e-02
    3.16853821e-01 9.41350818e-01 3.14433455e-01 4.69869435e-01
    7.31332183e-01 6.11292005e-01 8.05141687e-01 9.50397015e-01
    9.16116118e-01 3.61714900e-01 9.68351841e-01 2.62204647e-01
    3.81486863e-01 5.42108715e-01 3.66972327e-01 2.50021517e-02
    8.75683188e-01 8.37508559e-01 3.55788559e-01 8.76138568e-01
    5.85670710e-01 9.60437596e-01 5.91501415e-01 9.85310078e-01
    5.57697356e-01 5.54923236e-01 2.61338651e-01 8.28181267e-01
    3.22525948e-01 2.59084791e-01 7.02920914e-01 1.92727000e-01
    8.91600311e-01 7.59859622e-01 4.49761629e-01 4.90775257e-01
    5.31576991e-01 3.75710696e-01 2.23939121e-02 2.39267021e-01
    2.83656418e-01 4.31929260e-01 7.70269275e-01 2.16256529e-01
    1.90524042e-01 3.67422342e-01 6.17034256e-01 7.10017443e-01
    6.03762567e-01 1.85984135e-01 4.76969242e-01 3.13911736e-01
    8.55080783e-01 2.12841928e-01 8.17251146e-01 5.79672098e-01
    5.41855514e-01 6.99637711e-01 2.22631276e-01 5.07452369e-01
    7.04577148e-01 5.74873805e-01 4.38786507e-01 7.39056468e-01
    9.60327446e-01 5.59273183e-01 2.85497844e-01 5.83847940e-01
    2.29466766e-01 9.80856717e-02 3.58081281e-01 1.95953846e-01
    4.84374315e-01 4.43716437e-01 3.33265364e-01 2.14578241e-01
    1.05803341e-01 8.79233181e-02 9.59913731e-02 1.56078696e-01
    4.48397249e-01 9.22771573e-01 2.05847859e-01 5.77041268e-01
    3.47342253e-01 5.76124966e-01 8.30219090e-02 8.63218427e-01
    8.92771780e-02 9.00056303e-01 1.53427392e-01 3.88478279e-01
    8.81167352e-02 4.83492136e-01 2.38551944e-01 1.83729440e-01
    4.22669411e-01 1.26984686e-01 7.56281734e-01 5.75586319e-01
    6.29232526e-01 3.43460828e-01 2.01669812e-01 1.69442773e-01
    4.33749944e-01 6.06466651e-01 8.61836553e-01 5.76241255e-01
    9.31770027e-01 5.77326775e-01 1.34960175e-01 1.80623949e-01
    6.45129979e-02 7.20236778e-01 2.79210925e-01 4.74314570e-01
    9.38393712e-01 1.05844319e-01 7.15405941e-01 5.25512695e-01
    2.83879012e-01 5.84776700e-02 8.96487534e-02 7.19327152e-01
    7.58949995e-01 1.88972622e-01 1.09155387e-01 6.89483464e-01
    2.14007407e-01 3.49784970e-01 9.03918803e-01 8.84760380e-01
    8.12164068e-01 5.90706944e-01 1.54210538e-01 6.40689015e-01
    4.35428768e-01 1.04251355e-01 7.68297076e-01 6.02962196e-01
    9.81725454e-01 9.06707346e-02 8.06436121e-01 7.72772372e-01
    8.40824723e-01 9.99213338e-01 7.30851889e-01 1.05485350e-01
    1.60490721e-01 3.97192657e-01 5.61367333e-01 3.64842653e-01
    2.70986140e-01 9.81330276e-02 8.15657556e-01 3.51315379e-01
    5.07935882e-01 4.89026904e-01 1.41282111e-01 3.44681382e-01
    6.63510740e-01 7.27137804e-01 3.85361940e-01 1.71901941e-01
    4.48987305e-01 5.88670731e-01 4.82567698e-01 8.87733579e-01
    2.21179664e-01 7.89715648e-01 4.66983527e-01 7.79440105e-01
    5.73321223e-01 9.26170945e-01 6.67510808e-01 6.08726919e-01
    1.82661861e-01 7.91637897e-02 4.74466562e-01 7.12441325e-01
    9.93693113e-01 6.75754249e-01 1.17931485e-01 5.37675142e-01
    9.93721187e-01 4.00096834e-01 3.71301472e-02 3.20948631e-01
    7.27425098e-01 5.48686087e-02 4.63688791e-01 9.04971540e-01
    7.29960799e-02 1.50163114e-01 7.99980581e-01 6.98050678e-01
    2.88200825e-01 5.96960127e-01 8.56838703e-01 9.81458187e-01
    6.81846738e-01 4.10409153e-01 1.24179333e-01 3.92346591e-01
    6.79952621e-01 1.48366153e-01 4.11004514e-01 7.47825146e-01
    2.71407902e-01 5.19586980e-01 9.52667713e-01 2.12963849e-01
    6.30103528e-01 6.34862959e-01 4.80954528e-01 8.34977925e-02
    2.25020796e-01 9.96048927e-01 2.06662595e-01 6.45574570e-01
    7.07903147e-01 9.77080345e-01 9.90953326e-01 1.27492577e-01
    8.16162407e-01 1.38271689e-01 6.98190987e-01 7.18596756e-01
    1.34404004e-02 4.71981734e-01 1.88715249e-01 8.83945227e-01
    4.16856289e-01 5.39602041e-01 2.53955305e-01 7.09858537e-03
    7.12950230e-01 7.71372795e-01 5.83206236e-01 1.03354335e-01
    3.40402305e-01 9.11457539e-01 4.89526391e-01 9.17110205e-01
    8.02869320e-01 5.20934403e-01 7.37722993e-01 7.72622228e-02
    4.29888844e-01 2.52092153e-01 5.66167712e-01 2.83803880e-01
    1.71535015e-01 2.45079130e-01 2.10841924e-01 3.88176203e-01
    7.64345288e-01 6.03124142e-01 4.17758435e-01 1.40494704e-02
    1.48567975e-01 2.48534024e-01 2.39026636e-01 3.25831771e-02
    4.97445464e-01 6.78958356e-01 6.16727531e-01 9.58094597e-01
    9.41961884e-01 5.34450591e-01 6.86464012e-02 6.34756565e-01
    5.04802167e-02 6.09606624e-01 5.95007300e-01 3.38575631e-01
    4.95737016e-01 2.05646604e-01 4.28265989e-01 5.02396405e-01
    4.80286956e-01 5.04873037e-01 2.78153449e-01 7.98053741e-02
    6.96073771e-01 9.55606699e-02 6.43843412e-01 8.77878070e-03
    9.86320972e-02 8.49956274e-01 1.98066264e-01 7.50247538e-01
    7.25353658e-02 7.83087015e-02 4.09862846e-01 2.36064076e-01
    5.07672608e-01 6.16617501e-01 2.86597908e-01 8.90953124e-01
    6.58325315e-01 1.90603644e-01 1.89623237e-02 5.82592249e-01
    4.00628418e-01 6.92698121e-01 7.57658482e-01 5.45939147e-01
    9.68711972e-01 4.47609127e-02 6.34932518e-02 2.86842614e-01
    4.95172143e-02 6.00998163e-01 1.49308592e-01 5.24063706e-01
    8.24929893e-01 8.49525452e-01 9.08842921e-01 6.33298874e-01
    1.02398664e-01 2.31720597e-01 3.78367156e-01 4.13709074e-01
    4.40544873e-01 8.39761376e-01 9.80491161e-01 4.93368328e-01
    3.83862853e-02 3.50275457e-01 5.20484030e-01 8.48616898e-01
    4.00100052e-02 4.93676811e-01 9.04125571e-02 2.87165701e-01
    3.79793346e-02 9.92807746e-01 6.14360392e-01 9.14609432e-02
    5.87174475e-01 9.02746737e-01 8.47512901e-01 4.53210235e-01
    3.51156831e-01 8.91315818e-01 8.79001737e-01 5.43663502e-01
    7.43423283e-01 7.71294951e-01 6.04732037e-01 3.26865375e-01
    9.56465304e-02 8.19005668e-02 3.87426376e-01 7.10940003e-01
    4.44041461e-01 1.35858983e-01 1.13290101e-01 3.83482546e-01
    3.73402297e-01 7.20495999e-01 5.06861508e-02 7.70593584e-02
    7.98560560e-01 5.33697248e-01 6.28777921e-01 2.73337424e-01
    5.98896503e-01 6.34882867e-01 3.90342325e-01 7.85303712e-01
    6.34875953e-01 8.80546927e-01 5.68857908e-01 8.07238460e-01
    7.90014982e-01 5.39053321e-01 5.57503700e-01 8.04391503e-01
    2.66917050e-01 4.18878198e-01 3.18052620e-01 3.51728261e-01
    1.26438290e-01 6.80784523e-01 3.77908826e-01 4.97110486e-01
    4.42966133e-01 5.83814502e-01 7.17374980e-01 6.48012936e-01
    2.33115971e-01 4.62851256e-01 1.60134763e-01 7.78292120e-02
    1.21183872e-01 9.53473032e-01 8.53262007e-01 6.59363806e-01
    4.76871669e-01 8.69589150e-01 7.15319753e-01 5.94077289e-01
    8.50824356e-01 7.06386805e-01 7.75335968e-01 7.78490126e-01
    3.31737757e-01 6.72160089e-02 5.01430929e-02 1.51322275e-01
    6.21825039e-01 1.49303675e-01 5.41477144e-01 4.57697600e-01
    8.84538293e-02 6.35338426e-02 6.76984906e-01 3.00357699e-01
    5.63277423e-01 7.74084330e-01 4.58246440e-01 6.54889584e-01
    1.43176347e-01 5.11141479e-01 2.17072159e-01 2.57784367e-01
    3.58847916e-01 1.05788976e-01 3.82162929e-02 2.30364352e-01
    8.89437079e-01 8.58989596e-01 4.57014740e-01 9.24039245e-01
    4.89939988e-01 3.00430030e-01 7.28056312e-01 7.77886748e-01
    5.98452866e-01 7.73759484e-01 5.24473190e-01 6.54277921e-01
    4.07033771e-01 1.99264407e-01 6.44149363e-01 5.06782532e-03
    5.79800248e-01 7.93366134e-02 3.66218805e-01 3.23979020e-01
    1.91644430e-02 6.12914026e-01 9.75837231e-01 9.41182673e-01
    3.06434035e-01 1.43334150e-01 8.91086221e-01 2.43599683e-01
    1.37356460e-01 1.68711632e-01 3.97611886e-01 2.80565560e-01
    4.80861336e-01 5.17380834e-01 5.56504846e-01 9.93389726e-01
    5.79323530e-01 6.89870834e-01 2.50292420e-01 8.10950398e-01
    5.11669636e-01 3.44467729e-01 5.75532496e-01 6.72887743e-01
    1.48645043e-02 2.69413233e-01 2.26108581e-01 1.48663580e-01
    9.70618129e-02 5.89841247e-01 3.03461432e-01 6.71051085e-01
    1.41785711e-01 2.61003852e-01 6.91025376e-01 5.59939623e-01
    7.95634270e-01 4.67846096e-02 6.70316398e-01 3.38695765e-01
    6.16574883e-01 6.90175414e-01 2.69905001e-01 3.20447743e-01
    7.48572409e-01 7.10549951e-01 9.54548359e-01 5.89109659e-01
    7.92035162e-01 9.78169143e-02 8.14211130e-01 5.40265977e-01
    1.04003727e-01 4.38725650e-01 2.65127778e-01 8.80367041e-01
    3.96099895e-01 5.81817091e-01 1.81906879e-01 2.49289662e-01
    4.34728444e-01 8.53548288e-01 9.61458385e-02 2.35013127e-01
    7.39768147e-03 8.10237050e-01 9.41898823e-01 3.03217411e-01
    8.94424677e-01 4.14342701e-01 8.32354546e-01 5.07492125e-02
    4.84027624e-01 9.88827825e-01 3.57101977e-01 3.32751185e-01
    9.83981490e-01 6.14042699e-01 5.86687684e-01 5.09372354e-03
    1.39387101e-01 1.32771641e-01 1.70522898e-01 2.81102628e-01
    6.07356966e-01 2.81375468e-01 4.83509600e-02 8.62073302e-01
    3.96146506e-01 7.67869592e-01 5.71902096e-02 4.94512320e-02
    7.64127433e-01 7.29593635e-03 3.90441597e-01 1.07215434e-01
    4.79693949e-01 2.77895272e-01 4.01728213e-01 8.99232507e-01
    2.75225103e-01 8.78159106e-02 5.92276692e-01 8.57372046e-01
    9.19118822e-02 1.40767634e-01 3.32031906e-01 2.86461711e-01
    8.98203492e-01 1.79538250e-01 9.22446847e-01 5.96259534e-01
    9.34907496e-02 2.66182721e-02 6.86343431e-01 9.95513856e-01
    4.49991941e-01 4.96500909e-01 8.63201141e-01 4.97755349e-01
    8.10921311e-01 7.36047149e-01 9.37497675e-01 3.86071861e-01
    4.43890363e-01 2.11083591e-02 5.99413931e-01 6.09828234e-02
    4.12049562e-01 4.95665014e-01 2.61612594e-01 4.03087676e-01
    8.91446352e-01 7.33333111e-01 4.51927245e-01 6.96287632e-01
    8.62364411e-01 9.67730045e-01 4.64815736e-01 4.10701722e-01
    7.05988348e-01 1.08007014e-01 7.38709033e-01 1.70523822e-01
    1.90424383e-01 6.60681844e-01 1.22723401e-01 4.20818150e-01
    7.65079737e-01 2.01882899e-01 8.87846947e-01 5.30246913e-01
    9.10179853e-01 9.27393675e-01 5.79098701e-01 9.62768912e-01
    3.70149493e-01 3.74363661e-01 3.30069453e-01 8.48931193e-01
    5.67196667e-01 8.10854435e-01 7.22743213e-01 5.25243580e-01
    2.93338418e-01 9.50088441e-01 3.23968202e-01 6.74666524e-01
    7.71374941e-01 3.59015167e-02 4.06139523e-01 1.16753161e-01
    1.32054478e-01 2.07883865e-01 1.09030694e-01 9.28876698e-01
    2.48058438e-01 5.97942770e-01 3.46855938e-01 1.77498490e-01
    3.68790209e-01 5.28046012e-01 8.34392786e-01 4.39457595e-01
    5.63050926e-01 7.09276080e-01 5.02391458e-01 1.41677260e-01
    1.88542962e-01 6.48841202e-01 9.51712251e-01 3.52495313e-01
    6.51739717e-01 9.24217701e-01 6.69583440e-01 8.17919254e-01
    5.16160607e-01 9.68529880e-02 2.79178083e-01 4.69755024e-01
    4.79977459e-01 9.66797888e-01 9.91874933e-03 1.63619399e-01
    1.22815937e-01 8.32714081e-01 6.24702334e-01 2.31945276e-01
    8.09150517e-01 5.99001110e-01 1.25812590e-01 6.88104808e-01
    7.63231456e-01 2.36417264e-01 3.37062985e-01 7.32002735e-01
    8.57347727e-01 1.42011404e-01 4.54108655e-01 4.23666388e-01
    2.87421137e-01 3.19474161e-01 2.59864032e-02 2.25598276e-01
    3.15235704e-01 8.98690820e-01 5.63742995e-01 3.39462489e-01
    2.46600330e-01 7.15344250e-01 9.05673742e-01 8.92888188e-01
    2.12129176e-01 1.44474447e-01 4.85311240e-01 7.29678273e-02
    1.05912209e-01 5.94080448e-01 9.28692698e-01 8.53368938e-02
    4.79480505e-01 6.78201020e-02 9.37029421e-02 3.22307378e-01
    8.21032047e-01 7.72050202e-01 9.64724779e-01 3.15871477e-01
    9.65015590e-01 3.89707565e-01 2.67970353e-01 6.29812837e-01
    2.44589716e-01 8.42741966e-01 1.06459409e-01 7.81431317e-01
    2.37368017e-01 5.07182837e-01 8.98464501e-01 3.83177042e-01
    3.99606645e-01 4.16381866e-01 4.70849872e-01 2.28704154e-01
    9.17257190e-01 5.07853389e-01 9.59548771e-01 7.75207579e-01
    9.27154303e-01 5.83480597e-01 1.10283196e-02 2.61850923e-01
    5.24671137e-01 8.48308206e-01 6.98618352e-01 4.33914334e-01
    1.04294568e-01 6.84494376e-02 5.53442061e-01 1.48090422e-02
    6.66315317e-01 9.06501412e-01 9.10214424e-01 3.82984459e-01
    2.47273266e-01 9.64850485e-02 6.45829082e-01 5.42492509e-01
    4.94773448e-01 1.38984114e-01 2.77233303e-01 9.91556346e-01
    6.50646150e-01 3.97755802e-02 5.91164768e-01 3.48469913e-01
    8.87411833e-02 2.37864465e-01 1.67515278e-01 2.37755984e-01
    8.43792140e-01 1.63199812e-01 1.87487483e-01 7.47860432e-01
    9.39627469e-01 9.20591652e-02 7.47572064e-01 8.48089099e-01
    2.94286728e-01 2.08946764e-02 6.37499988e-02 3.38901848e-01
    7.59153962e-01 2.18449384e-01 7.19200134e-01 7.20856309e-01
    3.70012283e-01 8.20701838e-01 2.95438349e-01 3.02998722e-01
    3.82964313e-01 4.84778196e-01 9.12457585e-01 4.02565688e-01
    6.38233900e-01 8.89608026e-01 5.98865867e-01 8.08785319e-01
    5.15789092e-01 5.53594172e-01 9.43467200e-01 7.95957208e-01
    3.40755671e-01 1.75349802e-01 7.84560204e-01 6.50632143e-01
    3.45713675e-01 3.69950891e-01 9.68226910e-01 1.69691741e-02
    1.56724513e-01 4.74404395e-01 1.43332958e-01 7.07526565e-01
    4.07975912e-03 8.81086767e-01 3.96214813e-01 2.68385530e-01
    8.15043032e-01 8.30342174e-01 4.33777571e-02 9.52578127e-01
    9.95255589e-01 8.37181568e-01 7.99449980e-02 3.13371837e-01
    4.81263608e-01 1.80868417e-01 8.60581875e-01 8.03292394e-02
    4.31965172e-01 4.52263623e-01 2.46529400e-01 2.04434663e-01
    5.87871969e-02 2.79441416e-01 3.81197453e-01 4.64992076e-01
    5.31969488e-01 6.77996516e-01 8.67838144e-01 8.98131847e-01
    4.25635427e-01 8.33247781e-01 1.25300437e-01 2.47119248e-01
    1.56503052e-01 3.26321125e-01 2.35622704e-01 4.56308782e-01
    7.80032873e-02 2.95094579e-01 2.17653066e-01 4.18259740e-01
    1.54105693e-01 1.50311500e-01 6.25643611e-01 8.09066832e-01
    6.95239007e-02 5.35712600e-01 5.20982325e-01 9.45390046e-01
    2.89229661e-01 7.75745273e-01 9.50481296e-01 5.40111899e-01
    5.98597467e-01 6.27177119e-01 4.76381779e-02 7.67856836e-04
    7.45759010e-02 3.76080126e-01 1.74914598e-01 3.86064172e-01
    5.21765292e-01 1.27129346e-01 8.49527359e-01 6.13113642e-01
    2.51012802e-01 2.01293737e-01 3.31735611e-01 2.90224195e-01
    6.24955416e-01 9.12099540e-01 2.95261681e-01 3.69348824e-02
    3.64719033e-02 6.96757853e-01 2.38359571e-01 1.54660225e-01
    4.76477891e-01 9.70301092e-01 4.06360090e-01 1.18208230e-02
    9.75182593e-01 5.79838157e-01 8.58889937e-01 4.03550327e-01
    5.62080562e-01 3.02213460e-01 6.29135072e-01 1.83013380e-01
    4.11143124e-01 2.52993405e-01 3.38417232e-01 3.94141555e-01
    1.75476789e-01 8.14287305e-01 2.99654543e-01 4.57705975e-01
    8.23480964e-01 6.05308533e-01 9.55796242e-02 3.54771614e-01
    3.68877053e-02 4.78910327e-01 9.14252996e-01 8.13564062e-01
    1.46761715e-01 9.66335952e-01 3.53961825e-01 4.97581363e-01
    9.22936082e-01 6.64266944e-03 8.53909731e-01 6.12455606e-03
    7.84968853e-01 2.78159082e-01 9.00166690e-01 1.41913444e-01
    8.58361304e-01 4.56970453e-01 4.96026963e-01 7.36251891e-01
    4.30414468e-01 8.49093974e-01 5.40266633e-02 7.65178442e-01
    1.84186459e-01 5.64221740e-01 4.11019206e-01 6.41289175e-01
    6.41175091e-01 8.24764132e-01 1.29413605e-01 2.31603473e-01
    3.77616435e-01 6.18402779e-01 7.60208786e-01 9.57557023e-01
    2.63015538e-01 6.35272563e-02 6.37325585e-01 6.71627223e-02
    8.65838051e-01 3.12828988e-01 4.83288437e-01 8.11577678e-01
    2.93350577e-01 3.44152749e-01 8.63094807e-01 1.09289229e-01
    5.02866507e-03 8.38916302e-01 6.26619697e-01 9.47574139e-01
    1.05226696e-01 4.03706819e-01 6.15251064e-01 7.23471284e-01
    9.25080657e-01 3.21580589e-01 1.24971181e-01 8.90265286e-01
    8.08508515e-01 4.33681309e-02 1.85465991e-01 9.87431169e-01
    9.64982212e-02 3.87098372e-01 3.05045128e-01 4.29247200e-01
    9.42947328e-01 7.01467395e-01 2.79989839e-01 1.88762069e-01
    4.63345557e-01 7.48038590e-01 4.83411551e-01 4.80636656e-01
    2.45365173e-01 9.17561889e-01 7.94068694e-01 8.02203655e-01
    3.92954826e-01 1.13170087e-01 5.02816916e-01 8.73016238e-01
    9.45433259e-01 9.03944612e-01 7.92445362e-01 9.34634507e-01
    8.83619547e-01 2.58270353e-01 6.69937372e-01 2.37112522e-01
    4.93951857e-01 2.79289544e-01 4.23209131e-01 4.34701383e-01
    9.12374258e-01 3.53676587e-01 4.71122622e-01 9.65960622e-01
    6.50106549e-01 5.66991806e-01 9.59836423e-01 2.59982169e-01
    4.71278459e-01 7.84045696e-01 2.47469962e-01 8.23383868e-01
    3.85392100e-01 9.46354747e-01 7.04020619e-01 1.41195238e-01
    6.19347394e-02 8.28011632e-01 7.73862839e-01 6.44766092e-02
    5.56637943e-01 9.71565485e-01 2.58679330e-01 7.56593108e-01
    1.93639576e-01 4.76858228e-01 6.73229039e-01 7.37476349e-03
    6.13558590e-02 8.68631661e-01 5.74199855e-02 1.17880613e-01
    3.04399192e-01 2.07610160e-01 6.67827964e-01 1.77024454e-01
    3.24996829e-01 7.23450780e-01 7.06430912e-01 7.59699047e-01
    5.87150037e-01 7.27881193e-01 7.11661100e-01 3.63639534e-01
    6.02002859e-01 5.34798682e-01 6.57797098e-01 7.49717712e-01
    6.86005652e-02 2.84539640e-01 2.45869070e-01 8.28373194e-01
    1.54680312e-02 3.00677061e-01 4.65399355e-01 2.46437222e-01
    1.44010663e-01 7.83207417e-01 2.26202756e-01 8.01511765e-01
    1.33037716e-01 9.38800991e-01 2.65291959e-01 4.52407956e-01
    3.27218354e-01 2.94159830e-01 2.45028853e-01 1.12906516e-01
    9.97303963e-01 7.56288052e-01 2.42384970e-01 8.20101261e-01
    6.97045386e-01 9.87702012e-01 2.25694954e-01 1.96861535e-01
    1.89920992e-01 7.82078266e-01 1.83994919e-01 4.79427576e-01
    4.66825664e-02 2.82286525e-01 3.28259885e-01 8.25324953e-02
    8.42645824e-01 6.82294846e-01 4.97390896e-01 2.32972115e-01
    2.08732814e-01 1.47253245e-01 1.93608582e-01 3.13753039e-01
    1.48378432e-01 3.96963835e-01 1.77856982e-01 9.40277636e-01
    1.71357781e-01 3.25478226e-01 5.61366141e-01 1.32556736e-01
    4.14055198e-01 5.28073668e-01 1.01437658e-01 1.17279291e-01
    1.42120421e-01 7.56680846e-01 9.35325921e-02 1.54285222e-01
    9.24404025e-01 6.25612259e-01 1.37140870e-01 8.30194175e-01
    2.49094844e-01 5.53904533e-01 6.26790285e-01 6.52388453e-01
    6.37465477e-01 4.02317941e-01 9.59932923e-01 6.36953294e-01
    8.52717280e-01 8.19747210e-01 9.21047926e-02 6.87731206e-01
    1.06010020e-01 5.50668240e-02 7.26316571e-01 8.35870743e-01
    6.73098922e-01 5.88940620e-01 9.14409280e-01 9.27168369e-01
    7.25272775e-01 7.16247082e-01 8.11963081e-02 1.69825524e-01
    4.32678282e-01 5.20135701e-01 8.63868654e-01 5.56819737e-02
    2.61286885e-01 2.39915401e-01 5.36174357e-01 7.90370524e-01
    4.51132774e-01 2.11688638e-01 6.67123795e-01 6.41462803e-01
    2.79914737e-01 5.88044524e-02 8.51908803e-01 4.49195594e-01
    8.95980000e-01 9.27955627e-01 6.51171267e-01 1.05975449e-01
    7.69585967e-02 9.42201734e-01 4.91280973e-01 8.76009107e-01
    1.60668075e-01 1.27550960e-02 8.51255715e-01 1.21042222e-01
    2.70275950e-01 3.72659445e-01 3.46630812e-01 8.12974453e-01
    9.87178981e-01 2.11526811e-01 8.48605514e-01 7.52023935e-01
    1.93308771e-01 6.57873631e-01 1.62984490e-01 4.13795531e-01
    1.39090031e-01 1.17035508e-02 5.83518088e-01 8.35873008e-01
    3.06339145e-01 6.11845136e-01 7.70089149e-01 6.15712285e-01
    1.94061607e-01 5.67104280e-01 2.53928900e-02 3.14629078e-02
    6.16175532e-01 7.13521719e-01 9.44178820e-01 3.79945695e-01
    9.78072286e-02 9.98432815e-01 2.86185503e-01 2.93756843e-01
    6.00300789e-01 9.82085228e-01 6.63284123e-01 3.15219343e-01
    4.46407437e-01 6.72180414e-01 7.72827983e-01 6.37223125e-01
    6.34849072e-02 1.67721033e-01 8.32618773e-01 9.57214952e-01
    6.01544917e-01 8.53627920e-01 8.19890022e-01 4.50010002e-01
    7.73123741e-01 4.26624298e-01 7.22679734e-01 9.09605384e-01
    9.36926246e-01 7.39287853e-01 8.89458776e-01 6.68416381e-01
    1.28542572e-01 9.91614759e-02 7.35821724e-01 2.00321883e-01
    1.48647964e-01 1.38989300e-01 7.26151705e-01 9.82685447e-01
    2.89800018e-01 5.29841483e-02 9.72685516e-01 1.23523921e-01
    1.83207154e-01 3.53344381e-02 3.94680202e-01 3.20738852e-02
    1.99063748e-01 4.14929926e-01 3.51533890e-01 8.99047136e-01
    1.13872588e-01 7.20624208e-01 6.09277487e-01 1.82881653e-01
    7.29334116e-01 9.69240963e-01 9.02380586e-01 9.37104225e-01
    9.25289869e-01 6.23511016e-01 4.42434549e-02 1.77182823e-01
    1.53117180e-01 9.04982209e-01 6.21677637e-02 7.92263746e-01
    4.63545322e-04 6.49497390e-01 9.56564486e-01 3.73542279e-01
    9.60186720e-01 1.23642355e-01 3.43851388e-01 6.57738566e-01
    6.59406185e-01 3.35735857e-01 9.40390825e-01 5.57236969e-01
    9.26998258e-03 1.32830381e-01 9.97806847e-01 7.61481643e-01
    2.04740524e-01 8.99431109e-01 9.56542969e-01 6.24858677e-01
    8.79748285e-01 3.87398362e-01 1.99137479e-01 1.36350065e-01
    3.78979057e-01 2.04862148e-01 2.21354961e-01 4.25913036e-01
    9.29319263e-02 2.91659594e-01 6.68416917e-01 7.79962420e-01
    1.94523275e-01 2.77432919e-01 9.09048319e-01 9.04624343e-01
    5.18557131e-02 4.25811470e-01 9.48469818e-01 7.44375587e-03
    7.79595971e-01 3.73757422e-01 7.29346573e-01 8.70820284e-01
    1.80827349e-01 8.21552455e-01 1.99265540e-01 4.47781682e-01
    3.63421440e-02 4.81775194e-01 1.05652511e-01 8.73510301e-01
    5.07625759e-01 6.48207307e-01 3.75325680e-01 3.40413153e-02
    3.21945548e-03 6.35700464e-01 9.96709704e-01 5.83175540e-01
    1.73378199e-01 6.20101333e-01 5.89155495e-01 4.20357525e-01
    2.73302227e-01 8.23997319e-01 9.41782773e-01 8.34679842e-01
    7.03865647e-01 4.41686928e-01 4.16650891e-01 7.74510503e-01
    9.62109923e-01 4.01195645e-01 1.80736095e-01 5.24540663e-01
    6.85459077e-02 7.99780250e-01 9.03138518e-01 3.16857159e-01
    4.28824216e-01 4.02468026e-01 7.39718676e-01 9.71703768e-01
    4.29502457e-01 6.85808003e-01 5.73409975e-01 3.06521475e-01
    1.45650834e-01 5.85009396e-01 8.32041383e-01 4.77445215e-01
    6.44103765e-01 4.92964059e-01 6.64613307e-01 4.93556798e-01
    9.61137176e-01 4.27681744e-01 7.57556200e-01 4.89006847e-01
    3.96715045e-01 3.46564054e-02 4.88240868e-01 7.84184277e-01
    3.96525264e-02 8.73000920e-02 5.89125037e-01 8.03515911e-01
    6.46849275e-01 3.55844498e-01 5.52370548e-01 8.25143456e-01
    4.08294499e-01 3.69417906e-01 2.77080178e-01 8.75591516e-01
    4.79498088e-01 3.90412658e-01 8.99332821e-01 1.38163358e-01
    9.07562912e-01 9.63948131e-01 4.85010773e-01 5.30489981e-02
    5.55520058e-01 8.28519046e-01 6.00106120e-01 5.81907213e-01
    7.25489974e-01 7.42782950e-01 8.64894629e-01 8.40291858e-01
    2.92175800e-01 8.01177323e-02 1.93983972e-01 9.06322002e-01
    2.50083297e-01 1.48744673e-01 9.25633550e-01 7.92190254e-01
    1.46513760e-01 9.08282399e-01 7.77970314e-01 7.32351303e-01
    6.09184623e-01 6.23227954e-02 9.80182648e-01 8.01721573e-01
    1.57781631e-01 1.79027796e-01 1.69090867e-01 7.04822958e-01
    6.73802912e-01 2.59898663e-01 7.85877407e-01 4.96205777e-01
    8.07410181e-02 3.23085725e-01 1.28298342e-01 1.43709660e-01
    2.93849826e-01 7.26554513e-01 8.44233215e-01 2.77339339e-01
    1.62012041e-01 8.53618741e-01 1.82368755e-02 5.93199909e-01
    2.48720199e-01 9.74125147e-01 3.21736157e-01 2.68074691e-01
    1.49142712e-01 2.36396790e-01 2.64637738e-01 2.11247683e-01
    9.79285359e-01 4.36403424e-01 8.45041633e-01 7.79609680e-01
    2.52924740e-01 9.70279813e-01 9.18406367e-01 9.88150597e-01
    2.53113359e-01 1.41044468e-01 5.81801116e-01 6.03011847e-02
    2.61715651e-02 6.13343000e-01 5.43335199e-01 3.14262331e-01
    2.76843607e-02 1.77639723e-02 8.38316977e-02 6.78516269e-01
    4.57059979e-01 6.19967103e-01 7.14776039e-01 1.51083738e-01
    2.90023029e-01 3.29439282e-01 2.48733163e-02 8.81411254e-01
    8.61671329e-01 3.29811782e-01 5.01921833e-01 6.49910033e-01
    1.87391043e-01 5.66049278e-01 8.34314525e-01 7.36386478e-01
    9.72938180e-01 7.76690960e-01 3.89094770e-01 5.47536492e-01
    1.77465379e-01 8.97703767e-01 9.40491080e-01 3.13210487e-02
    8.19435716e-02 4.55888808e-01 4.57803816e-01 9.66297567e-01
    3.50068271e-01 8.36281538e-01 6.81207895e-01 8.05666387e-01
    6.53762221e-01 7.02368855e-01 8.37635934e-01 2.24680036e-01
    2.59938657e-01 6.71645164e-01 8.54476213e-01 9.79435682e-01
    5.23884773e-01 4.69888300e-01 8.47170591e-01 8.58446002e-01
    4.10150826e-01 3.26921284e-01 5.23141742e-01 5.89305460e-01
    4.50507343e-01 2.63867229e-01 7.49940157e-01 5.67972600e-01
    8.54613900e-01 9.07607913e-01 6.31402612e-01 5.86163700e-01
    9.94227529e-01 7.88067698e-01 9.73991454e-02 2.88593829e-01
    8.11157584e-01 8.62951398e-01 6.41943216e-02 4.11203653e-01
    5.81283510e-01 8.91345739e-02 4.12138671e-01 9.96552229e-01
    7.49355853e-02 8.18041265e-01 3.95881116e-01 6.86014771e-01
    3.00737619e-01 1.73998773e-02 7.31881320e-01 6.30958557e-01
    2.35867500e-03 5.76833010e-01 3.48702908e-01 5.08414268e-01
    3.41996372e-01 4.01544482e-01 6.86797976e-01 2.58776158e-01
    5.34355640e-01 6.02832139e-02 9.95490491e-01 2.97219157e-01
    6.82211518e-01 4.83627856e-01 4.59749877e-01 6.56731904e-01
    4.23092037e-01 5.01888812e-01 3.57238173e-01 5.47725201e-01
    6.39269471e-01 9.48000968e-01 3.09507966e-01 1.48068458e-01
    1.76794857e-01 7.82658160e-02 9.65515614e-01 8.62448692e-01
    7.07624197e-01 3.54230702e-02 7.60026038e-01 6.91650629e-01
    2.73873746e-01 8.52948844e-01 8.31846595e-02 6.56054914e-02
    3.70707512e-02 5.33454299e-01 5.01092136e-01 9.41990852e-01
    3.92343402e-01 4.37444568e-01 4.38087255e-01 6.14813209e-01
    4.23430949e-01 7.97319055e-01 6.28206313e-01 1.79715127e-01
    5.48826396e-01 6.62037253e-01 3.68174911e-02 4.01716739e-01
    1.81192517e-01 1.67065889e-01 6.29977286e-02 7.29578137e-01
    2.42219687e-01 9.41127539e-02 4.14845824e-01 4.23576266e-01
    7.80457914e-01 3.31470549e-01 4.79352176e-01 6.67249918e-01
    4.67064291e-01 5.28805614e-01 1.70424581e-02 6.74387872e-01
    3.47825140e-01 9.77271199e-01 6.59252763e-01 3.95915002e-01
    8.72834563e-01 6.62649751e-01 6.17179334e-01 5.71293831e-02
    2.52071321e-01 6.35142326e-01 9.71289515e-01 9.57435012e-01
    8.60597253e-01 8.97825062e-01 8.44439030e-01 2.73293138e-01
    3.54347944e-01 2.93685675e-01 6.62008107e-01 4.38697398e-01
    5.92894256e-01 2.41009474e-01 2.55888700e-01 7.65028179e-01
    3.17894161e-01 6.70520008e-01 1.79233104e-01 3.90194118e-01
    4.30105895e-01 6.32323146e-01 2.86968797e-01 9.32248712e-01
    3.56719971e-01 5.60021877e-01 4.73140776e-01 5.79676390e-01
    5.51866472e-01 8.32347393e-01 5.89304447e-01 9.05126274e-01
    4.61156756e-01 4.45558131e-02 5.63287497e-01 3.44324470e-01
    4.45817649e-01 1.95022076e-01 3.98959905e-01 7.15367079e-01
    3.09412718e-01 1.58895046e-01 5.08153439e-01 7.31456399e-01
    3.20716321e-01 6.01964116e-01 9.46294904e-01 3.17312539e-01
    4.74775285e-01 1.11140430e-01 1.08236820e-01 7.67026246e-02
    6.96383595e-01 5.95404446e-01 5.18777907e-01 8.82030070e-01
    1.86689526e-01 2.91177630e-02 8.44038844e-01 5.87190807e-01
    7.47504711e-01 7.13640451e-01 6.02783680e-01 6.23059809e-01
    9.97848451e-01 6.44640923e-02 5.66153884e-01 9.27379370e-01
    8.19631040e-01 3.80044281e-02 1.14900649e-01 7.89427876e-01
    6.87555313e-01 1.28908247e-01 6.59380794e-01 3.39197397e-01
    6.01447403e-01 8.73112261e-01 1.48664027e-01 5.80174029e-01
    1.57967538e-01 2.13128150e-01 3.82558286e-01 9.85812604e-01
    9.35803056e-02 6.94462061e-02 6.95143342e-01 8.78473759e-01
    4.73669171e-03 1.17843598e-01 8.55356455e-01 4.42616940e-01
    3.67132545e-01 6.53775334e-02 7.42238760e-01 8.66647601e-01
    5.10146201e-01 4.73478764e-01 3.03394377e-01 4.29255873e-01
    1.50901586e-01 1.79623038e-01 9.60929990e-01 5.68187952e-01
    1.37810469e-01 5.20780504e-01 3.79765928e-01 7.59238660e-01
    9.21700478e-01 1.05931938e-01 2.52555907e-01 6.22664869e-01
    1.19236976e-01 4.72268075e-01 5.41299641e-01 9.16096449e-01
    1.51083767e-02 2.78148055e-01 7.73331463e-01 2.56125748e-01
    5.53274155e-01 9.65489626e-01 9.74966586e-01 7.90553510e-01
    4.77457285e-01 9.88143742e-01 5.61590254e-01 4.17049825e-02
    4.17662710e-01 1.18883878e-01 9.17899787e-01 2.24175274e-01
    3.45037609e-01 1.92916065e-01 2.20720381e-01 8.33814502e-01
    8.83399606e-01 3.17149401e-01 8.12511921e-01 4.25593078e-01
    4.63498741e-01 6.85854316e-01 2.66644955e-01 7.15382814e-01
    5.46144366e-01 1.28119200e-01 1.81284159e-01 4.92988527e-02
    9.72548008e-01 4.43722695e-01 4.71398711e-01 8.99585366e-01
    6.52717113e-01 4.50368524e-02 1.06159717e-01 6.86719537e-01
    4.90265846e-01 3.03355724e-01 8.50257576e-02 8.91968131e-01
    1.80067420e-02 9.00826573e-01 9.52725112e-02 2.80711472e-01
    8.07823837e-01 5.45134187e-01 9.91158962e-01 1.84683472e-01
    8.92279029e-01 4.07499194e-01 6.40121222e-01 2.08786815e-01
    8.54872763e-02 8.83049250e-01 6.21730864e-01 8.24722052e-01
    3.96680832e-03 9.65687037e-01 3.85471404e-01 4.62858260e-01
    4.01459992e-01 9.16144311e-01 6.76813722e-02 9.74322259e-01
    4.60995317e-01 4.11704242e-01 1.42598003e-01 8.25567126e-01
    9.61422503e-01 7.01500237e-01 6.97291255e-01 8.51505160e-01
    9.80681539e-01 1.97594017e-01 8.61940444e-01 6.32739663e-01
    9.68561888e-01 2.10728735e-01 1.61799937e-01 8.17651749e-02
    1.09079897e-01 2.04476833e-01 2.86374688e-01 6.37325346e-01
    4.45591480e-01 3.03496003e-01 3.54697347e-01 2.71149367e-01
    7.58814991e-01 8.39605808e-01 4.48363125e-02 7.83288479e-03
    6.04995966e-01 7.12775111e-01 5.83609939e-01 6.54347062e-01
    8.03932548e-01 2.26547331e-01 5.89980006e-01 4.59042847e-01
    1.21993154e-01 7.23325133e-01 4.68793392e-01 6.28859162e-01
    1.80492610e-01 6.11465991e-01 3.03760111e-01 7.73617148e-01
    2.67551541e-01 5.68527579e-01 8.34002018e-01 8.75723720e-01
    5.37809074e-01 5.82116842e-01 6.91219866e-02 1.75085962e-02
    7.13443160e-01 3.85692775e-01 9.49747264e-02 1.72061145e-01
    8.84319782e-01 2.95090914e-01 4.08453137e-01 1.29915059e-01
    8.12295377e-02 6.71968579e-01 6.71585679e-01 2.95686424e-01
    8.10730696e-01 1.90618604e-01 6.47374034e-01 3.40515316e-01
    2.93030560e-01 5.27242720e-01 2.47047216e-01 6.48114681e-01
    5.59839427e-01 5.03131270e-01 3.88733745e-01 6.61447763e-01
    6.10208690e-01 6.28716052e-02 9.25700665e-01 1.16429776e-01
    3.76269102e-01 2.16095626e-01 9.45942879e-01 3.78890812e-01
    7.74179339e-01 7.47776628e-01 8.63166213e-01 6.19303524e-01
    1.59102440e-01 3.79086852e-01 2.00867921e-01 3.83688360e-01
    3.79046202e-01 8.25946629e-01 6.26957417e-01 2.90698051e-01
    3.68714541e-01 4.85009730e-01 8.41917396e-02 7.58460045e-01
    9.57421064e-01 1.43952519e-01 3.59978855e-01 5.35889149e-01
    3.54622602e-01 3.00034046e-01 2.38232076e-01 2.04608440e-02
    9.97007728e-01 1.93762541e-01 8.83098960e-01 3.20117474e-01
    7.88038671e-01 1.05686009e-01 8.99195492e-01 1.67569607e-01
    1.46359771e-01 8.58077049e-01 4.81784523e-01 8.96278262e-01
    2.86957026e-02 7.87799716e-01 3.27529609e-01 5.20344317e-01
    3.79285723e-01 8.06939006e-01 9.37433243e-02 9.42822218e-01
    4.11037207e-01 4.81628567e-01 6.64947629e-01 3.88332516e-01
    3.38079214e-01 9.96896863e-01 8.16636384e-02 6.25945032e-02
    4.48419869e-01 7.65916765e-01 4.03571725e-02 1.64647371e-01
    1.05984539e-01 2.13511348e-01 3.05608153e-01 7.74701595e-01
    8.55644643e-01 9.73710537e-01 3.88439834e-01 2.08638996e-01
    5.37513435e-01 6.03289425e-01 1.67756915e-01 1.92541480e-02
    7.72450447e-01 5.51746786e-01 1.65629357e-01 4.38795686e-01
    8.36095512e-01 6.56366944e-01 7.09013641e-02 5.98302722e-01
    4.04895723e-01 6.44360721e-01 3.65767330e-01 8.73936772e-01
    6.47277236e-01 8.65064263e-01 4.90641981e-01 7.76794672e-01
    2.39905328e-01 4.14214432e-02 5.51055372e-01 1.14660114e-01
    4.09544170e-01 7.52855361e-01 4.27519649e-01 4.34802949e-01
    5.03641486e-01 7.68665373e-01 5.44996023e-01 5.49965024e-01
    1.34388417e-01 1.25919700e-01 4.85178351e-01 7.15539336e-01
    2.43917584e-01 1.42250031e-01 8.71856093e-01 6.13078594e-01
    8.31023574e-01 4.97117490e-01 9.70740020e-02 1.99565023e-01
    6.24415398e-01 6.46327019e-01 4.50799793e-01 4.34522986e-01
    2.53145456e-01 2.13337302e-01 5.02377033e-01 3.11721236e-01
    8.17832589e-01 1.52182519e-01 3.77179325e-01 2.91267037e-03
    6.97100401e-01 8.27495813e-01 2.24076033e-01 6.01426363e-01
    9.90859210e-01 4.92144972e-01 1.40210062e-01 6.20620012e-01
    9.11243796e-01 9.70312953e-01 4.68748808e-01 7.50701189e-01
    4.93024826e-01 2.93429732e-01 1.87752336e-01 9.24449205e-01
    9.15332019e-01 4.25665796e-01 5.32519817e-03 4.64943498e-01
    6.41977370e-01 6.61536872e-01 5.74305058e-01 4.77917343e-01
    9.47658062e-01 9.23934102e-01 3.35300595e-01 6.36461079e-02
    3.80478501e-02 6.48548603e-02 2.95634776e-01 5.51539063e-01
    7.70330906e-01 9.64106441e-01 7.16176033e-01 2.94151485e-01
    2.90623307e-01 9.75321949e-01 5.54400384e-02 6.75944686e-02
    9.79560018e-01 6.89418375e-01 5.21348894e-01 2.29712218e-01
    2.52106488e-01 2.23875314e-01 1.72504455e-01 8.74748528e-01
    4.41395342e-02 1.45512760e-01 5.12074471e-01 5.24963498e-01
    1.38403594e-01 2.14854360e-01 5.52504182e-01 2.41380483e-01
    8.57792735e-01 4.35002238e-01 6.66957915e-01 1.36518478e-02
    5.88544607e-01 1.57921970e-01 4.83798087e-02 6.73342466e-01
    5.72810709e-01 9.66287673e-01 4.50016439e-01 8.39456737e-01
    2.73389101e-01 3.27958405e-01 9.31583643e-01 6.55213475e-01
    2.94202685e-01 2.24997193e-01 5.12867808e-01 8.62082660e-01
    2.39390641e-01 6.30616903e-01 4.93374795e-01 1.08668417e-01
    2.02172220e-01 3.08851719e-01 2.29385495e-02 2.72470415e-01
    6.53061628e-01 4.65233326e-02 9.14765358e-01 8.40182006e-01
    3.38362277e-01 6.21601939e-03 2.34854192e-01 8.62577796e-01
    3.89008224e-02 1.28559738e-01 5.25726736e-01 5.31126916e-01
    1.38180554e-01 3.78884166e-01 4.42822337e-01 1.83420956e-01
    7.15956807e-01 3.56174529e-01 5.17902374e-01 7.33446360e-01
    4.47614700e-01 6.77054167e-01 6.96613073e-01 6.10780656e-01
    1.43842369e-01 5.99936485e-01 5.32017946e-02 2.81832963e-01
    9.44111347e-02 1.15134090e-01 7.68669724e-01 9.69535470e-01
    7.16049314e-01 1.03237599e-01 2.31400579e-01 1.09916359e-01
    7.20197201e-01 1.26189172e-01 6.58331633e-01 6.60835564e-01
    9.35017943e-01 7.82442808e-01 7.74644494e-01 7.50423968e-01
    6.33201420e-01 5.74310124e-02 7.57732034e-01 3.80918264e-01
    7.82408059e-01 7.91445136e-01 6.99279189e-01 8.73854041e-01
    2.11156011e-02 4.32135582e-01 6.00937128e-01 5.48227906e-01
    5.70217252e-01 8.82655740e-01 2.88674593e-01 4.69036430e-01
    6.08863831e-02 4.18522626e-01 2.55620480e-03 2.37851679e-01
    3.36068481e-01 6.26230001e-01 1.69785857e-01 7.86425591e-01
    5.40179431e-01 5.50641775e-01 5.87917447e-01 2.58732975e-01
    1.70470506e-01 7.58484244e-01 1.75027043e-01 5.00263155e-01
    6.95907950e-01 2.76600122e-02 3.61019135e-01 2.99223125e-01
    1.56246811e-01 4.39908594e-01 2.25385189e-01 1.96426243e-01
    7.19241023e-01 4.63655025e-01 4.02142704e-01 1.51500106e-02
    3.26515734e-02 4.68280524e-01 1.41345322e-01 3.01970541e-01
    3.47360134e-01 3.48611623e-01 2.01351613e-01 6.09206498e-01
    4.47373003e-01 7.00135648e-01 2.26549685e-01 1.19644225e-01
    9.13420320e-02 9.24888253e-01 7.14979649e-01 2.35720485e-01
    9.37628388e-01 9.90771294e-01 6.64745510e-01 6.17678106e-01
    7.87519217e-02 3.41672897e-01 2.93307722e-01 8.91457915e-01
    2.65893430e-01 1.70576662e-01 8.10438156e-01 6.40423357e-01
    7.38263428e-02 5.14661670e-01 9.38714981e-01 3.38721812e-01
    3.82375866e-01 7.66178071e-01 8.28085542e-02 7.75822639e-01
    7.89881647e-02 8.16078305e-01 4.81037825e-01 1.96317255e-01
    6.15815282e-01 4.99714464e-01 3.40254307e-01 1.28622413e-01
    5.47807813e-02 5.53245008e-01 2.34500289e-01 6.94132209e-01
    2.86056995e-02 5.87145150e-01 9.60253835e-01 2.55099803e-01
    6.81974113e-01 8.07898045e-02 8.04499745e-01 4.00034934e-01
    7.99428523e-02 2.50233054e-01 6.05614245e-01 4.42993611e-01
    8.66540313e-01 3.49327207e-01 8.09419870e-01 5.50157726e-01
    5.08658886e-01 9.80676889e-01 4.94048446e-01 7.90610313e-01
    4.92775142e-01 5.06599844e-01 5.62889814e-01 4.25839424e-02
    1.48847699e-01 4.35721070e-01 7.92545676e-01 9.61492777e-01
    8.41335356e-01 3.27122539e-01 7.98408151e-01 4.67924714e-01
    1.80466771e-02 4.75132287e-01 4.25587237e-01 7.80868649e-01
    7.89886355e-01 1.81297302e-01 3.76765817e-01 2.70357370e-01
    5.47530472e-01 3.86665016e-01 7.72774696e-01 4.85371053e-01
    1.84107751e-01 7.85439610e-01 3.72560680e-01 2.23459899e-02
    8.89942288e-01 7.87601173e-01 7.83561468e-01 4.97996598e-01
    1.28109068e-01 2.55065382e-01 4.59869802e-01 7.35410571e-01
    9.33108211e-01 3.46709907e-01 6.58367515e-01 8.82888734e-02
    4.04391587e-01 9.35934782e-01 7.70062923e-01 3.15577596e-01
    5.36671638e-01 5.66011071e-02 3.49026442e-01 2.78241396e-01
    1.80293113e-01 8.34023058e-02 5.89967072e-02 1.30804598e-01
    6.96710527e-01 9.13189232e-01 3.23768973e-01 3.50392550e-01
    6.09521210e-01 3.38462561e-01 9.54604566e-01 9.30417061e-01
    2.59616405e-01 1.36006325e-01 3.18089902e-01 8.02914977e-01
    6.03679419e-02 9.22880709e-01 4.03570443e-01 8.59034538e-01
    1.37846172e-02 5.55793405e-01 3.06150675e-01 1.12519652e-01
    9.56696272e-02 1.53413087e-01 9.71279263e-01 7.79105008e-01
    7.55348325e-01 1.70433879e-01 7.81309724e-01 3.38691622e-01
    5.15661895e-01 9.48329449e-01 5.62254488e-01 3.41786444e-01
    1.18521780e-01 6.13201201e-01 8.21600974e-01 4.72484142e-01
    8.21347058e-01 2.34708935e-01 4.52369243e-01 6.01270556e-01
    4.60721344e-01 2.37886250e-01 3.30006063e-01 7.83049345e-01
    9.35217381e-01 6.59049690e-01 6.47222936e-01 8.42290998e-01
    9.05078411e-01 8.18460941e-01 8.90947342e-01 9.91739631e-02
    4.07609105e-01 5.17828107e-01 8.43576431e-01 1.09487861e-01
    6.44458532e-01 3.39824766e-01 4.79835480e-01 1.07674122e-01
    9.19549525e-01 8.47517550e-01 3.29117447e-01 1.97843581e-01
    1.03514880e-01 3.12641531e-01 6.93321168e-01 1.89875335e-01
    2.33370453e-01 4.88626659e-02 7.47086704e-01 6.15519881e-01
    4.19068068e-01 8.86911035e-01 5.46851933e-01 9.68632698e-02
    6.58738732e-01 4.13594395e-01 8.35946441e-01 4.62756872e-01
    3.89032990e-01 6.32180214e-01 5.21381438e-01 1.85490012e-01
    5.99163771e-01 5.64762473e-01 2.06814051e-01 1.19022608e-01
    4.35950577e-01 5.60890138e-01 4.72079754e-01 6.93306208e-01
    2.82480240e-01 5.20027995e-01 2.55034864e-02 5.99191546e-01
    6.72403932e-01 7.40432918e-01 1.59972310e-01 1.95506066e-01
    3.41653109e-01 6.55251503e-01 8.50861788e-01 4.46663171e-01
    4.78808224e-01 1.95930719e-01 6.81464553e-01 6.73851550e-01
    4.03363377e-01 8.61185491e-01 9.39653635e-01 4.12668765e-01
    6.52483761e-01 8.05078745e-01 9.55380201e-02 9.63155985e-01
    1.19759977e-01 6.55153990e-01 4.88055408e-01 6.60879076e-01
    2.51649678e-01 4.81381416e-01 9.67808545e-01 3.56894732e-02
    4.71415818e-01 2.07757354e-02 6.54612660e-01 3.81101370e-02
    7.16889977e-01 1.74191922e-01 2.97030360e-01 5.04869819e-01
    9.72708344e-01 6.11081600e-01 8.73214483e-01 2.81708986e-01
    9.62110281e-01 8.32906425e-01 3.07724535e-01 6.89861238e-01
    4.53625858e-01 9.61691380e-01 8.02967846e-01 4.05607522e-01
    9.53981280e-01 5.71626425e-03 5.92012405e-02 4.39367354e-01
    7.55051017e-01 2.08033174e-01 8.41134548e-01 8.69590640e-01
    4.60285246e-02 1.76533163e-01 2.04581320e-02 3.99941772e-01
    5.86295068e-01 4.30555791e-01 8.66569221e-01 3.63773346e-01
    8.68299067e-01 9.88181233e-01 4.37182844e-01 6.60008192e-01
    7.80887306e-02 2.23700494e-01 9.58751798e-01 2.58181751e-01
    2.24438161e-01 4.33890224e-01 9.45178270e-01 3.72146159e-01
    4.48768973e-01 7.64015913e-02 4.04870003e-01 9.01709318e-01
    2.27424204e-01 3.87156785e-01 2.67237723e-01 1.00049347e-01
    3.75589520e-01 4.13411558e-02 4.93187577e-01 9.02890742e-01
    8.79122078e-01 3.78466249e-01 6.24196112e-01 3.95279706e-01
    5.58943152e-01 5.63827753e-01 5.28224349e-01 2.51926929e-01
    6.03387058e-01 2.86724389e-01 3.28815639e-01 2.40733027e-01
    4.87510711e-01 9.75934446e-01 5.69530427e-02 8.19075406e-01
    4.45069402e-01 3.14167202e-01 2.80812979e-02 2.15489030e-01
    5.50861776e-01 7.92652547e-01 3.88905466e-01 7.75297999e-01
    2.96024621e-01 4.57151264e-01 9.40588713e-01 6.63565516e-01
    1.58794761e-01 1.04811996e-01 4.90608215e-02 5.43536842e-01
    1.10505134e-01 1.66896939e-01 7.63162374e-01 5.43522060e-01
    5.48364043e-01 9.79711056e-01 2.20548332e-01 7.02683747e-01
    3.00525129e-02 8.33916128e-01 4.66621876e-01 8.10944915e-01
    8.21995616e-01 8.73688161e-01 8.57778192e-02 8.71899366e-01
    6.79576278e-01 5.26079237e-02 5.29345274e-01 7.61607885e-01
    1.13878876e-01 7.69568682e-01 4.55934703e-02 8.41174960e-01
    4.33484018e-01 1.14726275e-01 2.26558387e-01 7.31234848e-01
    9.77209449e-01 3.25267404e-01 1.89587772e-02 3.13793242e-01
    1.99878901e-01 6.00524545e-01 3.13251793e-01 6.41451836e-01
    4.07727957e-01 7.67986774e-01 4.70782906e-01 4.46715444e-01
    8.36503208e-01 9.89830494e-02 8.23200822e-01 2.08608568e-01
    4.35642242e-01 2.69794464e-01 7.68413782e-01 8.14274848e-01
    4.83916551e-01 8.30849111e-01 5.71565330e-01 2.03948349e-01
    4.45978343e-02 6.64057493e-01 8.12019467e-01 5.01335979e-01
    6.20950043e-01 6.77429676e-01 9.56347346e-01 1.29467666e-01
    2.70684838e-01 8.31769943e-01 7.91602910e-01 5.81450760e-01
    2.37549335e-01 8.60008240e-01 6.33330822e-01 1.96599454e-01
    4.42217171e-01 4.36160564e-01 4.28187817e-01 2.02660531e-01
    9.70298648e-01 2.95865983e-01 4.04702604e-01 1.41275018e-01
    3.95141840e-02 3.48106503e-01 9.13533270e-02 4.00683910e-01
    4.33063060e-01 7.35238671e-01 5.99923432e-02 8.86992514e-02
    4.63197708e-01 7.25432634e-02 9.70335245e-01 1.34565681e-01
    5.17053008e-01 8.16005588e-01 8.83001089e-01 7.54513860e-01
    4.95490342e-01 9.26119387e-01 9.31887746e-01 7.24438190e-01
    1.80714220e-01 4.21881676e-01 8.69011998e-01 7.67993450e-01
    4.66821760e-01 4.23383325e-01 2.42736012e-01 4.92845207e-01
    2.48269647e-01 3.81616354e-01 4.50384706e-01 6.81558847e-02
    6.76855624e-01 9.79794383e-01 5.56121469e-01 9.69124556e-01
    2.50091434e-01 4.63300824e-01 9.48365211e-01 4.08368111e-02
    4.25057173e-01 5.29224098e-01 1.38229728e-01 4.68771487e-01
    4.62336779e-01 2.77904749e-01 3.02515686e-01 4.72487986e-01
    5.30763805e-01 5.86251795e-01 8.27161312e-01 1.05943531e-01
    7.77832568e-02 2.56053150e-01 3.55838060e-01 4.95309353e-01
    5.37626386e-01 7.58910894e-01 3.46328914e-01 7.96498299e-01
    8.89458656e-02 9.71895754e-02 4.84488606e-01 3.73395801e-01
    9.84255075e-01 1.28441751e-02 9.36450839e-01 1.54169708e-01
    9.43937540e-01 1.99518681e-01 5.98325968e-01 4.56277162e-01
    5.92099309e-01 7.06357300e-01 7.49343634e-01 5.76892138e-01
    3.66754115e-01 2.75458843e-01 5.84620118e-01 2.42225051e-01
    9.95061278e-01 1.95741326e-01 1.75709516e-01 8.79342437e-01
    3.44750285e-01 3.07733476e-01 3.90854657e-01 3.04287672e-02
    4.17415649e-01 6.03667617e-01 8.04649711e-01 2.85804272e-02
    7.11145878e-01 2.34588683e-02 5.85043848e-01 9.58123803e-03
    5.78891039e-01 3.90772462e-01 9.06024337e-01 5.40321410e-01
    5.55835664e-01 7.30053544e-01 1.64436996e-01 4.29775655e-01
    9.50428247e-01 3.22059631e-01 2.09894150e-01 8.11733842e-01
    1.15304649e-01 6.83720469e-01 3.40767086e-01 1.17465883e-01
    2.60622144e-01 9.46008801e-01 7.85297692e-01 1.98567808e-01
    2.19432563e-01 5.09019673e-01 2.29126900e-01 2.12956935e-01
    8.11953306e-01 2.84952611e-01 2.87743002e-01 7.96868622e-01
    4.95308578e-01 8.35281610e-01 2.71011382e-01 4.96319532e-02
    1.92919940e-01 2.71513402e-01 8.18316877e-01 9.33825135e-01
    8.62568796e-01 5.07380545e-01 5.97090006e-01 8.11914086e-01
    7.59661138e-01 8.49286795e-01 4.69555885e-01 3.60670656e-01
    6.50392771e-01 1.31161004e-01 7.93142021e-01 4.36363339e-01
    4.54359144e-01 3.59155357e-01 9.60305154e-01 5.56336462e-01
    5.13576865e-01 6.01884961e-01 9.81477141e-01 2.01940089e-01
    2.19078660e-01 7.84433603e-01 1.48824751e-01 1.62975550e-01
    9.61113930e-01 9.32179689e-01 7.65752614e-01 3.03898275e-01
    9.34780002e-01 6.02277696e-01 2.53391266e-01 3.44807148e-01
    7.94076562e-01 8.13951790e-02 5.01066744e-01 9.32389557e-01
    1.09111339e-01 8.53608966e-01 6.59880280e-01 2.18505710e-01
    4.58879620e-01 5.46157837e-01 5.33942461e-01 5.15374124e-01
    7.33844995e-01 6.64545596e-02 3.16245615e-01 8.28466654e-01
    2.71741748e-01 6.84728026e-02 3.50334793e-01 6.93503916e-02
    6.98856115e-02 7.41576910e-01 9.50667381e-01 8.97750974e-01
    2.76600659e-01 4.05753851e-02 4.45143223e-01 6.72902703e-01
    3.67709726e-01 6.38936520e-01 9.58930731e-01 4.25861448e-01
    8.10237229e-01 9.37755644e-01 6.09119773e-01 5.94758630e-01
    2.72290409e-01 5.34087241e-01 7.46167779e-01 3.34324598e-01
    6.02872312e-01 9.27004337e-01 2.60572433e-01 1.39645487e-01
    7.79660523e-01 2.03892171e-01 2.94568837e-02 3.98531616e-01
    6.03982151e-01 3.05559963e-01 7.23138154e-01 5.16346097e-01
    4.29797828e-01 9.49157357e-01 1.41307712e-02 1.55454010e-01
    4.66966748e-01 4.62919891e-01 7.87276924e-02 8.12059760e-01
    6.78082228e-01 1.10197961e-02 9.15794790e-01 4.31383073e-01
    4.55825150e-01 5.34250736e-01 1.43861473e-02 1.91962540e-01
    5.16153276e-02 3.25599283e-01 5.77231646e-02 9.13489819e-01
    7.98599720e-01 2.32572705e-01 3.00609708e-01 8.85656834e-01
    7.25966096e-01 7.57729113e-01 8.98568392e-01 7.48018026e-01
    3.28991711e-01 8.01733434e-02 8.19155812e-01 7.29616046e-01
    2.70540953e-01 5.11655569e-01 2.29257047e-02 3.81472051e-01
    9.30987835e-01 5.84627867e-01 3.38425696e-01 5.15583992e-01
    1.77634716e-01 6.14587784e-01 3.07595789e-01 2.91372597e-01
    3.88794243e-01 6.55346870e-01 6.11821711e-02 7.61459112e-01
    9.71008241e-01 2.50996649e-02 4.81250614e-01 1.95320606e-01
    3.51481140e-01 9.50705051e-01 2.47401446e-01 8.48948121e-01
    4.10494864e-01 8.87251973e-01 7.51435578e-01 2.44630754e-01
    8.00762177e-01 8.78207684e-02 2.51420975e-01 8.65421772e-01
    6.97605729e-01 3.45317006e-01 4.21419799e-01 3.37079525e-01
    6.50728106e-01 9.53462839e-01 8.71567845e-01 7.99744606e-01
    8.24716806e-01 2.35270947e-01 2.14379162e-01 9.49623942e-01
    2.63547599e-01 6.06381595e-02 4.62051332e-01 7.06268072e-01
    3.53611529e-01 5.85810423e-01 2.33451158e-01 2.65305012e-01
    5.38995981e-01 1.81809723e-01 9.75063920e-01 4.00465965e-01
    8.92838717e-01 5.07583916e-01 6.08673096e-01 8.93199801e-01
    7.03042269e-01 5.51528335e-02 2.95071602e-01 3.79718781e-01
    7.15119421e-01 8.87799680e-01 8.29952657e-01 8.92342567e-01
    1.36878312e-01 5.11438012e-01 8.35695505e-01 7.54895806e-02
    8.14434171e-01 9.62878525e-01 6.08109117e-01 1.02840632e-01
    2.58683324e-01 3.85248601e-01 7.15761483e-01 2.73550808e-01
    3.84241283e-01 5.99259019e-01 6.95087612e-02 1.07486278e-01
    7.69302964e-01 8.85348082e-01 1.87054574e-01 3.05250287e-01
    5.23841083e-01 8.97051990e-01 6.57510519e-01 5.22803962e-01
    8.51000071e-01 9.13829803e-01 3.28536630e-01 1.73394799e-01
    6.05037451e-01 2.20117271e-02 3.04466426e-01 7.16542065e-01
    2.22860307e-01 2.48087376e-01 2.76263714e-01 9.11691308e-01
    1.70613885e-01 4.87936437e-01 4.27077323e-01 8.83817196e-01
    1.61268920e-01 2.44450539e-01 6.87704086e-01 7.66717494e-02
    2.41192818e-01 8.14137340e-01 2.66151011e-01 1.79021001e-01
    7.76002884e-01 1.43687755e-01 6.25622749e-01 6.20755434e-01
    6.96841896e-01 2.90009499e-01 1.03913605e-01 2.72916317e-01
    8.23409677e-01 5.65123975e-01 9.31734681e-01 4.91867512e-01
    2.99393892e-01 7.00307906e-01 1.47932172e-01 5.29471993e-01
    1.43075794e-01 9.23541963e-01 9.87973571e-01 6.54021740e-01
    4.07423317e-01 5.42403519e-01 1.05515927e-01 3.01924676e-01
    4.49487031e-01 1.19317025e-01 7.16672957e-01 6.02794528e-01
    3.84605050e-01 8.69276166e-01 2.42861658e-01 8.46888900e-01
    1.22110069e-01 6.25153303e-01 1.94579452e-01 1.62549615e-01
    6.80960357e-01 6.66547835e-01 3.67936611e-01 7.79019952e-01
    7.19530046e-01 7.90225267e-01 8.49568546e-01 1.08230591e-01
    9.77947891e-01 5.43321073e-01 4.66823578e-02 3.28217268e-01
    9.67926264e-01 8.47741842e-01 6.24985218e-01 5.31101286e-01
    1.00079834e-01 7.95542419e-01 8.01338911e-01 3.88471991e-01
    8.35010409e-01 2.33706832e-01 2.13448942e-01 7.61768341e-01
    9.94720697e-01 2.79118836e-01 7.37239540e-01 5.51175237e-01
    9.65256214e-01 7.16612875e-01 7.47129858e-01 5.61330497e-01
    5.33567548e-01 3.10836703e-01 2.68581748e-01 1.18340671e-01
    1.33958071e-01 5.73547900e-01 7.58221984e-01 9.50629532e-01
    7.74251103e-01 2.49044597e-02 3.53237033e-01 1.92795187e-01
    8.42869937e-01 8.67191553e-02 2.38965720e-01 8.53008091e-01
    7.12424755e-01 8.84641647e-01 3.38814288e-01 9.60365832e-02
    6.93599164e-01 2.33351082e-01 1.85513854e-01 3.07349563e-02
    9.83975410e-01 3.66958082e-01 9.73073006e-01 6.54968619e-01
    5.11020124e-01 6.18601978e-01 5.96681237e-01 1.79355830e-01
    6.23077035e-01 1.47749692e-01 7.15471745e-01 2.24191785e-01
    1.28991604e-01 2.43332058e-01 9.83149290e-01 1.58910751e-02
    8.26345682e-01 4.79423404e-02 5.72636843e-01 3.68017435e-01
    5.30467570e-01 6.86241686e-02 9.40463185e-01 1.01287007e-01
    5.43546736e-01 9.62081850e-01 9.80581820e-01 3.06647420e-01
    8.80532026e-01 6.82438254e-01 1.16925269e-01 4.19891477e-01
    6.33515120e-02 3.00913364e-01 3.25421393e-01 1.82866752e-02
    8.95049334e-01 7.13524222e-03 5.49783111e-01 1.33072138e-02
    5.49122989e-01 1.61024660e-01 1.74842715e-01 7.77243733e-01
    4.15092409e-01 1.85502797e-01 9.32190418e-02 8.30213785e-01
    7.85661161e-01 9.50412393e-01 8.68819475e-01 8.82542908e-01
    3.14939559e-01 3.73036027e-01 5.15855789e-01 3.79355341e-01
    2.77731985e-01 7.79979467e-01 1.16550028e-01 2.09101439e-02
    3.25245500e-01 3.68671179e-01 1.40964478e-01 7.39102125e-01
    8.55742812e-01 9.25597370e-01 7.25318670e-01 9.15637851e-01
    2.38737196e-01 5.82982481e-01 9.60013509e-01 2.69229680e-01
    4.59442258e-01 4.21171188e-02 7.45872259e-01 2.93063819e-01
    9.62764263e-01 1.69926375e-01 5.09701252e-01 8.78354371e-01
    8.76837850e-01 4.52123702e-01 6.06968760e-01 6.46662414e-01
    1.04709387e-01 4.53237653e-01 9.84709501e-01 8.85085344e-01
    4.09492433e-01 6.13754988e-03 4.53023553e-01 5.83600402e-01
    1.78007573e-01 4.53614801e-01 2.62071729e-01 9.33906913e-01
    7.91580439e-01 6.02628469e-01 5.42299151e-01 7.36510515e-01
    4.67836559e-01 2.65085995e-01 1.83429867e-01 9.23270941e-01
    7.70976782e-01 3.75481248e-02 8.89291406e-01 4.09503579e-02
    9.33433771e-01 5.79468966e-01 5.45585632e-01 8.60181451e-03
    5.90992391e-01 7.58149862e-01 8.51397038e-01 7.94107914e-01
    6.95064306e-01 7.71813035e-01 3.76809835e-01 4.57663625e-01
    3.39032650e-01 9.65814590e-01 1.03164762e-01 8.98997903e-01
    6.90443873e-01 7.92168498e-01 8.82506371e-04 9.63306725e-02
    5.33328652e-01 3.36747140e-01 4.45731819e-01 6.95085049e-01
    7.19642580e-01 3.08139384e-01 8.80309045e-01 1.83730483e-01
    8.02706122e-01 9.03659403e-01 7.95959830e-02 2.86030471e-01
    3.82227987e-01 1.21493340e-02 1.09741300e-01 2.92467684e-01
    4.08017069e-01 6.19156003e-01 2.88453698e-01 7.40362704e-02
    9.95111346e-01 8.38452756e-01 1.43926919e-01 2.92624384e-01
    9.24634039e-02 7.11488962e-01 2.37691283e-01 5.67154884e-01
    7.35888243e-01 3.73626024e-01 9.94564056e-01 9.59291935e-01
    5.31363189e-01 3.38582873e-01 1.25015140e-01 3.64669114e-01
    6.41825378e-01 4.71650362e-02 2.56209433e-01 3.02252173e-02
    1.70798123e-01 7.68134475e-01 7.45568514e-01 4.16838676e-01
    9.36656058e-01 8.94407749e-01 6.76502407e-01 4.71991986e-01
    5.09932578e-01 9.16838050e-01 7.66852498e-02 9.69871879e-01
    5.04512429e-01 1.67479217e-02 6.57315969e-01 6.42637134e-01
    4.36708122e-01 4.58207577e-01 8.58341515e-01 6.19403124e-01
    9.60884392e-01 7.29600787e-01 5.64860821e-01 2.75171548e-01
    1.08143300e-01 3.19615424e-01 7.33801663e-01 7.46014535e-01
    6.05851531e-01 2.42784142e-01 7.93162465e-01 7.46990442e-01
    1.51096284e-01 8.35115790e-01 6.11675262e-01 6.12706363e-01
    4.69408303e-01 8.48043084e-01 4.79168504e-01 1.72140300e-01
    1.43729448e-02 4.50559676e-01 2.83198833e-01 5.02956450e-01
    6.54845953e-01 5.75635850e-01 5.94758987e-01 2.70540535e-01
    4.97569263e-01 7.91548133e-01 6.46505475e-01 4.62290078e-01
    1.48269743e-01 6.36297762e-02 5.87625325e-01 3.36032510e-02
    9.82149363e-01 5.05740702e-01 1.52981848e-01 9.70803797e-02
    9.04004574e-01 1.57905549e-01 2.60917604e-01 5.46741307e-01
    6.63132191e-01 4.15557176e-01 4.41459805e-01 2.75623977e-01
    2.22663134e-01 4.72083986e-01 3.68565500e-01 4.62783694e-01
    2.96806991e-01 5.82283556e-01 6.61057115e-01 5.75181246e-02
    2.06495941e-01 5.53778708e-01 6.52474642e-01 6.33728743e-01
    7.37566531e-01 7.68694937e-01 8.26162696e-01 7.86123991e-01
    2.10044801e-01 6.27719522e-01 5.57373166e-02 8.55818689e-02
    8.67416024e-01 8.43848884e-01 1.31661892e-01 4.57195610e-01
    5.91959655e-02 5.56513667e-02 6.26188517e-02 9.04270351e-01
    6.76885128e-01 5.22192419e-02 1.06730789e-01 8.77136290e-02
    9.61386323e-01 2.07255304e-01 9.76106286e-01 4.82227176e-01
    5.89905083e-02 2.80775130e-01 8.80965829e-01 8.52099061e-01
    1.46601945e-01 7.21883535e-01 8.88662517e-01 8.04612041e-01
    3.07805747e-01 9.05062437e-01 4.57505763e-01 7.15388954e-02
    1.51575238e-01 2.33783513e-01 4.27609742e-01 8.83528471e-01
    8.52841854e-01 6.14468098e-01 7.97859550e-01 7.29894459e-01
    6.63276017e-01 8.53971243e-01 4.15464163e-01 2.36966550e-01
    3.77430141e-01 6.60567582e-02 3.24563682e-02 8.52308214e-01
    1.05041385e-01 1.44760340e-01 9.89071608e-01 2.50566840e-01
    1.67874426e-01 9.19916511e-01 2.89875984e-01 4.42178547e-01
    1.39159918e-01 5.32219410e-02 7.08520949e-01 4.37802911e-01
    4.06312227e-01 4.56680834e-01 3.08530122e-01 5.29124498e-01
    7.32910514e-01 5.52420318e-01 6.96003973e-01 5.93508780e-02
    2.31788754e-02 4.34982121e-01 8.05749893e-01 4.93918508e-01
    5.21304607e-02 7.56978631e-01 9.52501655e-01 7.13084638e-02
    6.32376611e-01 9.99213159e-02 1.47416621e-01 8.02251577e-01
    4.51944292e-01 3.37170064e-02 8.28614175e-01 8.47671568e-01
    3.85279179e-01 3.37208271e-01 7.77523041e-01 3.44484448e-02
    2.35667288e-01 2.31711179e-01 2.64884233e-01 3.56734812e-01
    9.31232810e-01 8.52989316e-01 2.68368185e-01 8.40210795e-01
    9.71627712e-01 3.65886092e-02 2.62255371e-01 1.88430607e-01
    2.73336768e-01 6.02982640e-01 3.37405443e-01 5.21439493e-01
    4.87498850e-01 8.83903623e-01 9.63155031e-02 1.00932598e-01
    1.31387025e-01 1.77017093e-01 5.88980973e-01 4.56924260e-01
    4.93037224e-01 9.03390646e-01 8.41316283e-01 2.18219608e-01
    1.28980130e-01 7.86232114e-01 1.08667791e-01 7.65177727e-01
    8.67562175e-01 2.08286047e-01 1.13483071e-01 6.19216740e-01
    5.22275567e-01 3.12651932e-01 3.95979971e-01 3.35294545e-01
    6.01472616e-01 3.33015323e-01 1.18298143e-01 6.20477617e-01
    6.04661405e-01 8.62250030e-01 9.34924483e-01 7.05173612e-03
    2.38983452e-01 9.83320892e-01 5.61540306e-01 1.19439602e-01
    9.95330930e-01 5.73316157e-01 9.67970610e-01 6.68910265e-01
    7.27416873e-02 7.79193521e-01 9.37450171e-01 8.43823433e-01
    4.40636218e-01 6.21280730e-01 9.94470477e-01 3.30196917e-02
    2.91101277e-01 4.78301167e-01 2.74620533e-01 9.51250315e-01
    8.66751313e-01 8.14675450e-01 4.26754445e-01 4.99265134e-01
    4.65750158e-01 7.20043361e-01 1.60567343e-01 4.63939607e-02
    5.55028617e-01 2.55882621e-01 5.11671305e-01 1.34827822e-01
    7.34756291e-01 1.77010298e-01 4.32304919e-01 1.05635732e-01
    4.57850873e-01 4.95385230e-02 3.74448121e-01 2.38798022e-01
    2.54524797e-01 4.58388627e-01 2.66284645e-01 3.28440785e-01
    5.79705954e-01 6.19291425e-01 8.90291810e-01 5.01016438e-01
    4.57018018e-02 3.01288903e-01 1.02468789e-01 5.80401063e-01
    7.27683306e-01 1.74107701e-01 4.71294671e-01 3.21867645e-01
    7.23813772e-01 1.60727233e-01 8.27080607e-01 7.37673163e-01
    1.63070560e-01 5.46221435e-01 4.72460389e-02 6.57314003e-01
    6.51326120e-01 9.38199282e-01 8.03411067e-01 9.05130327e-01
    8.12903941e-02 4.11410987e-01 7.40322709e-01 3.26227248e-01
    6.55354559e-02 7.33265758e-01 3.40604514e-01 1.58079803e-01
    9.19472516e-01 2.94276297e-01 3.93182486e-01 7.11185932e-01
    7.99175501e-01 2.92708993e-01 4.45381016e-01 3.43069315e-01
    3.28005463e-01 1.79110974e-01 4.14651722e-01 3.62124979e-01
    5.78277767e-01 9.12495971e-01 1.29189670e-01 5.59073687e-03
    8.64561260e-01 6.67863607e-01 2.92580128e-02 8.95511985e-01
    1.14561081e-01 1.95836633e-01 3.03447664e-01 3.65443826e-01
    1.82868958e-01 2.99452543e-01 7.43129015e-01 4.37865168e-01
    4.87886310e-01 9.04700875e-01 3.27965349e-01 5.70117235e-01
    5.17701745e-01 4.10410106e-01 1.82007551e-02 4.78196919e-01
    8.58717799e-01 9.22356009e-01 3.87424439e-01 1.75286919e-01
    9.69302058e-01 8.57373834e-01 7.63202071e-01 3.00361425e-01
    9.69444454e-01 5.36539853e-01 6.29763186e-01 1.55901879e-01
    7.47365117e-01 9.51007366e-01 1.16952688e-01 8.82775545e-01
    7.78048277e-01 3.66272241e-01 1.92031324e-01 1.28976285e-01
    8.79829288e-01 6.11657739e-01 9.78665650e-01 6.29272163e-01
    6.63513601e-01 9.81000662e-01 6.04774952e-01 2.65380800e-01
    9.28508639e-02 7.55960405e-01 8.85810316e-01 6.26512885e-01
    7.76439011e-02 4.66771036e-01 1.64580107e-01 9.77485538e-01
    2.93642133e-01 6.64060593e-01 8.06513429e-01 3.80255461e-01
    7.37037063e-01 4.99865711e-02 4.08521414e-01 2.49173284e-01
    3.27583015e-01 7.32283115e-01 3.10706198e-01 7.52829671e-01
    6.45552814e-01 7.23619759e-02 7.22884953e-01 4.64313745e-01
    1.16123497e-01 2.15723693e-01 9.70461428e-01 2.84966528e-02
    1.64648712e-01 7.26160526e-01 3.48939270e-01 8.34876657e-01
    3.22890073e-01 5.19586504e-01 2.03447878e-01 8.88246298e-01
    9.72901583e-01 5.19272387e-02 9.22811985e-01 8.42954636e-01
    7.62417078e-01 8.14167023e-01 3.19790959e-01 9.18566108e-01
    2.16557443e-01 9.14427638e-01 9.83812511e-01 2.20028788e-01
    8.20699155e-01 4.64018673e-01 6.22951686e-01 3.17539811e-01
    4.32377279e-01 1.67031586e-02 5.93269765e-02 4.39586937e-01
    2.04413414e-01 3.60613763e-02 6.62324846e-01 7.76628971e-01
    5.18825114e-01 5.86194634e-01 4.82884973e-01 4.63276029e-01
    1.11213267e-01 5.47887623e-01 6.16585910e-02 5.82051814e-01
    6.82352126e-01 7.68433928e-01 2.08981246e-01 1.08625710e-01
    7.59695053e-01 7.47686863e-01 7.12443471e-01 6.57610834e-01
    9.74766910e-01 9.55463767e-01 1.35097504e-01 1.79898083e-01
    5.50339282e-01 5.24883330e-01 5.10891497e-01 9.81913567e-01
    6.84923768e-01 7.68288374e-01 9.04691219e-03 7.36470222e-01
    9.96405959e-01 7.99144804e-01 4.18131173e-01 4.81994420e-01
    3.49310070e-01 8.57082844e-01 5.38908422e-01 9.65409517e-01
    8.14564347e-01 5.96430898e-01 9.14386392e-01 9.57193673e-02
    4.37545806e-01 9.49075341e-01 1.36181712e-01 4.74102527e-01
    2.77471602e-01 9.38353240e-01 5.48260152e-01 4.54018891e-01
    5.62475860e-01 4.97572124e-01 1.99940085e-01 7.61535645e-01
    5.78102291e-01 9.56446826e-01 4.55778539e-02 3.94158542e-01
    2.76556224e-01 2.35276073e-01 6.12116277e-01 7.86295295e-01
    1.64243311e-01 8.01796198e-01 9.34202373e-02 6.43702090e-01
    5.11369288e-01 7.76076138e-01 3.77463043e-01 1.17371440e-01
    1.47166908e-01 9.94978547e-01 3.35246325e-02 4.85391945e-01
    5.86563468e-01 5.08195937e-01 7.14790463e-01 3.57443213e-01
    9.10942972e-01 2.68828243e-01 6.40996695e-01 3.20017338e-01
    2.76768178e-01 3.13529015e-01 5.15573859e-01 5.12886107e-01
    4.00846779e-01 9.68158841e-01 7.00785518e-02 2.93474793e-01
    1.80283666e-01 6.61024749e-02 8.13519001e-01 7.14989007e-01
    8.81240129e-01 3.54870439e-01 6.64240003e-01 3.37010622e-02
    2.56397903e-01 8.22940826e-01 9.74615455e-01 5.60563028e-01
    2.88456380e-01 4.33989763e-01 8.99224162e-01 8.54461789e-01
    8.51169229e-03 2.39260882e-01 2.21124977e-01 7.41061747e-01
    6.22309506e-01 9.48182106e-01 3.41262519e-01 7.08660007e-01
    8.32413077e-01 3.93382132e-01 1.92184359e-01 3.96491140e-01
    2.54705787e-01 8.88413012e-01 6.65213883e-01 8.34182262e-01
    8.19751620e-01 6.40496552e-01 2.95841515e-01 3.50865185e-01
    5.41391730e-01 6.83824778e-01 8.79609466e-01 1.91896886e-01
    8.51606846e-01 6.35458112e-01 3.96066487e-01 6.22974575e-01
    3.61567408e-01 4.54964042e-02 3.74259114e-01 1.69043362e-01
    8.24861407e-01 8.26121032e-01 7.32432008e-01 7.33308196e-01
    5.84201574e-01 1.87169433e-01 8.74275863e-02 8.74004841e-01
    7.90008605e-02 2.88419425e-01 4.20313179e-01 6.10828817e-01
    3.96299779e-01 8.75007033e-01 9.34600830e-05 2.58983821e-01
    3.72066796e-01 9.45927978e-01 8.11929584e-01 7.22163677e-01
    4.59547758e-01 1.66737437e-02 5.29898167e-01 7.25078881e-01
    2.94675827e-01 7.51353383e-01 6.13088250e-01 7.38665223e-01
    2.17085600e-01 8.59096050e-01 3.61939967e-01 6.55427694e-01
    6.66344047e-01 2.02417791e-01 6.46317899e-01 5.26089907e-01
    3.90108138e-01 5.68015933e-01 2.71558821e-01 9.49222147e-01
    6.61405921e-03 7.57138669e-01 3.04406524e-01 4.34334517e-01
    4.25209045e-01 2.63836920e-01 1.82343990e-01 1.47637963e-01
    9.08978224e-01 7.19122171e-01 6.76595747e-01 7.18280911e-01
    8.42267215e-01 6.31841421e-01 5.76266289e-01 9.44420099e-01
    5.83368242e-01 5.34672320e-01 5.69123745e-01 2.73843855e-01
    2.57413924e-01 9.70991313e-01 3.54790390e-02 6.22389913e-02
    3.52501452e-01 2.63566554e-01 3.10158044e-01 5.33682227e-01
    1.82673216e-01 7.51846433e-01 4.82781440e-01 6.54548526e-01
    3.41737002e-01 9.39496994e-01 5.10602295e-01 5.16144156e-01
    9.24712718e-02 1.88136339e-01 8.35725904e-01 5.59993386e-01
    8.54344547e-01 1.58064157e-01 7.85412788e-01 7.72989213e-01
    6.67202652e-01 2.51660526e-01 3.68098617e-02 3.64508927e-02
    8.08226705e-01 3.55429351e-01 7.16312587e-01 4.48737741e-01
    9.39024210e-01 7.00616002e-01 6.68545604e-01 7.55656421e-01
    8.99670660e-01 8.87011945e-01 4.20087814e-01 8.97690952e-02
    4.38655347e-01 1.70316011e-01 2.31066287e-01 2.40916193e-01
    9.79954600e-01 5.44118583e-01 9.12894964e-01 5.55792153e-02
    9.22391653e-01 4.94012296e-01 8.32219720e-01 8.05313826e-01
    4.61091965e-01 1.38151348e-02 3.39324147e-01 5.36338985e-01
    9.83664989e-01 2.74028599e-01 5.36956906e-01 1.44526809e-01
    3.21265101e-01 2.16256559e-01 7.59791732e-01 1.68492496e-01
    2.28633732e-01 6.23878837e-01 8.22787046e-01 7.26141870e-01
    3.32188904e-02 4.66797560e-01 5.78255475e-01 6.82286561e-01
    1.85974598e-01 3.61615479e-01 1.63721263e-01 1.65171921e-01
    3.65301579e-01 8.66315901e-01 4.12902832e-02 2.13587850e-01
    2.55826622e-01 5.55036783e-01 7.75197625e-01 5.74532092e-01
    1.08460695e-01 5.00031650e-01 5.66268384e-01 2.70106196e-01
    3.23299140e-01 4.25392985e-02 9.83349681e-02 8.74766052e-01
    3.43449235e-01 3.69446844e-01 6.10777736e-01 1.79800600e-01
    5.99450588e-01 3.97068262e-01 8.73412013e-01 6.39705718e-01
    2.16034204e-01 7.11373568e-01 6.60526991e-01 9.53847051e-01
    8.26893330e-01 8.63746464e-01 5.22710621e-01 3.33232105e-01
    4.62723345e-01 6.84982181e-01 4.36501920e-01 6.36009037e-01
    3.62636328e-01 8.43854725e-01 1.79332346e-01 3.96589309e-01
    7.13175893e-01 2.15405643e-01 2.70771831e-01 2.63602972e-01
    2.12038517e-01 7.74342537e-01 6.17887139e-01 5.31251729e-02
    8.82592678e-01 2.98276842e-02 7.71234989e-01 2.83070266e-01
    1.54635817e-01 6.40408456e-01 2.04866916e-01 1.92416459e-01
    3.57807964e-01 5.91359913e-01 4.97895181e-01 3.69332880e-01
    8.53991032e-01 1.49261951e-03 5.18915653e-01 3.79913449e-02
    4.41715419e-01 1.26114964e-01 5.73674262e-01 2.19570577e-01
    5.06520271e-02 8.67075205e-01 4.59690005e-01 3.68608773e-01
    7.28113592e-01 1.23480558e-01 7.83145905e-01 1.59154832e-01
    8.80572736e-01 2.00697780e-01 8.09066832e-01 2.01869041e-01
    3.01781714e-01 5.67551255e-02 7.19166994e-01 9.86545801e-01
    5.99689364e-01 4.48270917e-01 4.62038636e-01 3.75258565e-01
    8.68621707e-01 1.65204912e-01 6.12344086e-01 5.29688597e-03
    2.46257126e-01 5.59436083e-01 4.80456471e-01 7.80995488e-01
    3.19831610e-01 9.03064311e-01 5.54980516e-01 7.22309172e-01
    3.69836390e-01 8.64639103e-01 4.52394605e-01 2.62538582e-01
    5.71166217e-01 3.58887196e-01 5.49735010e-01 5.08252263e-01
    9.30685401e-02 7.30005980e-01 2.50723243e-01 9.05298233e-01
    1.09094799e-01 8.74697566e-01 4.31150138e-01 3.82088363e-01
    5.01634657e-01 2.26404697e-01 1.42881691e-01 3.35030675e-01
    2.70087093e-01 7.61187077e-02 3.71642679e-01 1.17828399e-01
    3.13479662e-01 2.85305262e-01 2.74485350e-03 9.89698172e-01
    3.88494700e-01 2.35362202e-01 7.84389734e-01 2.85411000e-01
    4.95953500e-01 1.53168947e-01 5.31557858e-01 5.68469584e-01
    3.52745980e-01 8.86951447e-01 5.73356211e-01 7.36599565e-01
    8.43731642e-01 7.56530285e-01 4.75166559e-01 6.35694206e-01
    9.44534242e-02 8.90404940e-01 9.73909259e-01 5.16484678e-01
    1.41206026e-01 5.15547872e-01 6.06002808e-01 6.87637925e-01
    3.15221131e-01 8.06656539e-01 2.11064160e-01 3.10228407e-01
    9.93079662e-01 6.91811681e-01 1.01857990e-01 4.77128655e-01
    8.77538621e-02 4.23636883e-01 6.09964669e-01 6.83288991e-01
    9.51851964e-01 5.30346096e-01 5.62283456e-01 1.51343137e-01
    3.25284839e-01 6.10268354e-01 2.26066262e-01 6.50055707e-01
    9.47298765e-01 6.20975435e-01 4.25092876e-02 1.42523259e-01
    8.20178747e-01 3.99822354e-01 2.24014789e-01 3.16355944e-01
    9.92548704e-01 5.46186924e-01 6.37740314e-01 2.21150160e-01
    3.77178818e-01 7.82784998e-01 1.88050896e-01 1.08506292e-01
    4.50201422e-01 7.51156092e-01 5.00972331e-01 5.57298601e-01
    3.04533184e-01 6.13078833e-01 3.33201885e-01 5.26105404e-01
    9.48957801e-01 6.12623334e-01 1.27024949e-01 4.70850974e-01
    6.19650066e-01 8.66077006e-01 9.92115438e-02 7.11070418e-01
    1.69154167e-01 2.37793535e-01 8.37845743e-01 1.32342517e-01
    8.20196629e-01 7.87228286e-01 2.75300384e-01 1.89468324e-01
    7.24386334e-01 9.83223319e-01 8.25381041e-01 5.10956824e-01
    9.49846625e-01 6.15465343e-02 5.96968830e-01 6.33955777e-01
    1.10546470e-01 4.25534964e-01 5.22306561e-03 3.75403881e-01
    5.10506392e-01 1.19836509e-01 9.90242243e-01 9.76621509e-01
    9.92404699e-01 6.43757582e-02 7.91344047e-01 1.55148834e-01
    8.82051289e-02 9.10303116e-01 8.75593424e-02 2.39796251e-01
    3.15867722e-01 5.42463660e-01 8.51479411e-01 8.94144297e-01
    2.11573124e-01 9.05852377e-01 3.88947040e-01 1.07012570e-01
    6.92841113e-01 5.97043514e-01 3.12123179e-01 1.77476227e-01
    1.88432932e-01 7.26587534e-01 1.33347511e-03 9.85279202e-01
    8.76107216e-01 5.63545763e-01 4.16688859e-01 1.20545328e-02
    3.88693362e-01 3.11078608e-01 1.23143196e-03 9.57867384e-01
    2.35382706e-01 4.81677949e-01 4.52962279e-01 5.98351121e-01
    4.32268202e-01 7.78246284e-01 9.58297610e-01 8.94010425e-01
    1.04889840e-01 1.95999146e-01 3.88341725e-01 8.65086138e-01
    7.50515938e-01 7.44416416e-01 4.44030523e-01 3.68749022e-01
    2.95795262e-01 6.83599710e-02 3.86917323e-01 2.62602866e-02
    5.21011055e-01 8.60195935e-01 9.82311845e-01 6.17852807e-02
    1.07982725e-01 3.67882848e-03 6.34815574e-01 4.21227962e-01
    9.13207233e-01 3.15849751e-01 1.18625492e-01 8.13031673e-01
    2.58873224e-01 3.96261573e-01 1.83655441e-01 3.55734408e-01
    8.68347228e-01 5.29055178e-01 5.83076477e-01 9.22544062e-01
    3.76367569e-01 1.32718831e-01 9.90708470e-01 5.86548150e-02
    5.35901725e-01 9.77299809e-01 4.12794173e-01 3.18063617e-01
    6.66219056e-01 8.64310384e-01 4.99238044e-01 1.41618997e-01
    2.10860521e-01 3.29286814e-01 9.70284402e-01 6.91305697e-01
    9.48547900e-01 9.28896070e-01 4.38911378e-01 9.04274702e-01
    5.73190391e-01 4.91755396e-01 4.80646759e-01 9.80903566e-01
    6.54996872e-01 3.34458053e-02 8.78499269e-01 9.46329892e-01
    3.56886804e-01 8.62239361e-01 2.49561787e-01 3.84185404e-01
    1.42177105e-01 5.17442048e-01 6.06554210e-01 7.10371435e-02
    4.73648041e-01 2.58719087e-01 5.17782748e-01 1.49349123e-01
    8.43024611e-01 1.21227115e-01 6.94956958e-01 1.82764828e-01
    5.97533643e-01 4.53178048e-01 8.26692820e-01 7.44107068e-02
    6.68620586e-01 9.40293193e-01 4.55856115e-01 1.44389927e-01
    4.07839358e-01 9.37860131e-01 6.61418378e-01 4.07904059e-01
    1.82803780e-01 9.17707205e-01 6.11986220e-02 4.47029114e-01
    4.89403844e-01 6.33197904e-01 9.51356471e-01 2.91098654e-01
    7.98654854e-02 2.52268910e-02 8.76325369e-03 3.01151097e-01
    5.72348595e-01 4.70490575e-01 9.39010739e-01 3.12085003e-01
    5.25098503e-01 3.16812515e-01 3.32231879e-01 6.55693769e-01
    2.20653147e-01 2.56721377e-01 4.83169854e-01 2.07654595e-01
    4.30687249e-01 5.32250166e-01 4.04536664e-01 1.29791230e-01
    1.12251937e-02 3.28660905e-01 1.88413233e-01 5.54560065e-01
    1.50655419e-01 7.24240839e-01 9.64486837e-01 8.60767722e-01
    9.62682605e-01 7.75515795e-01 9.90641832e-01 1.03899747e-01
    8.06800425e-01 7.23194838e-01 6.26144409e-01 6.17724895e-01
    6.23865604e-01 1.73898697e-01 9.60774541e-01 8.42507124e-01
    8.39038372e-01 1.09748513e-01 1.46033347e-01 8.84258151e-01
    6.68271899e-01 1.15432978e-01 6.98660731e-01 9.48053360e-01
    6.15518332e-01 6.60744429e-01 8.82884502e-01 5.57178855e-01
    5.14670610e-02 3.99008960e-01 3.26099336e-01 9.78620529e-01
    9.73963976e-01 3.85909021e-01 3.84542674e-01 9.64320660e-01
    8.39974761e-01 6.48317575e-01 4.94252533e-01 9.02322888e-01
    8.56125951e-01 8.37340474e-01 1.17762625e-01 4.71343398e-02
    5.63234270e-01 2.33586639e-01 1.70631766e-01 5.06868541e-01
    1.79808497e-01 9.43664610e-02 2.53912508e-01 9.71403718e-02
    2.46560037e-01 3.75019312e-02 9.43819821e-01 9.46780264e-01
    5.63612461e-01 4.03713882e-02 2.63848364e-01 9.26022530e-01
    2.56338686e-01 2.68747270e-01 8.47516418e-01 5.67658544e-02
    9.09453273e-01 2.24279046e-01 2.93958366e-01 5.70860624e-01
    9.97228920e-02 5.97515941e-01 5.30480146e-01 8.70267034e-01
    6.89740062e-01 4.99109149e-01 1.01968944e-01 2.97086746e-01
    3.96586806e-01 1.86361253e-01 1.14950627e-01 7.60032296e-01
    2.48476893e-01 1.74214840e-02 2.26023883e-01 1.48494303e-01
    6.55277789e-01 7.63154984e-01 7.69007266e-01 3.30613941e-01
    7.39596248e-01 1.99626148e-01 7.41890669e-02 1.28161341e-01
    8.51634741e-02 2.46651769e-02 6.85565472e-02 4.80910391e-01
    9.38597441e-01 9.38818753e-01 3.17261666e-01 4.70465481e-01
    5.71756840e-01 3.78283799e-01 6.81885898e-01 6.84995770e-01
    3.97230089e-02 7.83987761e-01 7.37671793e-01 2.76957959e-01
    2.56744027e-03 6.22696161e-01 9.90557253e-01 8.11565638e-01
    6.48591340e-01 2.95693338e-01 2.68346488e-01 3.84898841e-01
    1.39912754e-01 1.30607456e-01 9.10595536e-01 1.10843778e-03
    5.43812573e-01 1.53471082e-01 2.13196874e-02 4.72406387e-01
    9.84724402e-01 7.45017409e-01 9.96136010e-01 8.86157155e-03
    2.41755337e-01 6.33355975e-02 5.64739466e-01 8.00769031e-02
    3.32748711e-01 5.60870588e-01 9.73873973e-01 6.12786114e-01
    3.91299784e-01 9.23319936e-01 9.59411561e-01 5.25239110e-01
    8.30668330e-01 3.54564637e-01 3.97048473e-01 1.25593901e-01
    6.33967161e-01 6.45838022e-01 4.76320386e-01 9.09554899e-01
    3.69629532e-01 2.19707578e-01 7.93107808e-01 5.46388388e-01
    8.97554159e-01 2.92966068e-01 2.19405025e-01 7.83773661e-01
    7.24182308e-01 4.62641984e-01 6.60023212e-01 3.53157043e-01
    7.35463619e-01 3.79743665e-01 1.22236520e-01 1.38518512e-02
    4.12922502e-01 5.39924800e-02 5.82361937e-01 1.75536662e-01
    1.88243091e-02 2.38682359e-01 4.92799044e-01 2.60977268e-01
    5.39696336e-01 8.50626826e-02 4.20912027e-01 8.88745785e-01
    4.78125960e-01 8.68622541e-01 3.97184491e-03 7.80799389e-01
    5.41601181e-01 3.03050280e-01 2.23927468e-01 7.54451931e-01
    1.41241372e-01 6.66234314e-01 3.81206393e-01 4.03440207e-01
    5.28224289e-01 3.34651738e-01 3.12155604e-01 5.01672149e-01
    6.29568338e-01 6.08603776e-01 8.09326947e-01 3.28527272e-01
    2.29027539e-01 9.87550318e-02 2.13231444e-02 3.57144058e-01
    2.66220450e-01 8.94160032e-01 3.48198384e-01 2.37776458e-01
    4.36706543e-01 6.53486073e-01 7.95761943e-01 5.39622009e-01
    8.18543136e-02 3.98968458e-02 3.67274255e-01 4.78126824e-01
    5.27919888e-01 8.57563794e-01 3.61364961e-01 5.84206343e-01
    3.89953315e-01 6.21886730e-01 8.33545029e-01 4.23735082e-01
    2.62353003e-01 6.54927433e-01 1.18463874e-01 5.24124503e-03
    3.25936943e-01 9.68099713e-01 4.66830462e-01 7.37472057e-01
    6.48023486e-02 3.78993571e-01 9.40762162e-01 2.07738906e-01
    2.02495426e-01 5.85937917e-01 8.02778780e-01 2.43936121e-01
    1.93447173e-02 6.59445345e-01 1.49539113e-01 2.21894741e-01
    1.38416469e-01 8.86157274e-01 5.49493134e-01 1.49757594e-01
    5.30246735e-01 3.31831545e-01 3.10437560e-01 1.98946327e-01
    4.46835279e-01 3.82015228e-01 2.51977265e-01 6.24565125e-01
    5.26741743e-01 2.66436756e-01 8.29023600e-01 4.16946799e-01
    9.29394484e-01 7.34589040e-01 5.00423133e-01 1.70308411e-01
    5.69248557e-01 3.19139421e-01 1.13182873e-01 5.72117031e-01
    4.02818739e-01 9.39710617e-01 4.96165693e-01 8.38710606e-01
    9.49920535e-01 7.74262249e-01 5.24648130e-02 7.57578731e-01
    8.71911526e-01 8.72729123e-01 1.38658106e-01 2.16967016e-01
    7.58026958e-01 5.30639589e-02 2.12713122e-01 9.03956354e-01
    4.51282263e-02 4.74629790e-01 3.21677238e-01 8.44499648e-01
    1.47036314e-02 2.99435079e-01 3.11332345e-02 4.69031662e-01
    3.35189700e-01 7.72450924e-01 3.55097830e-01 4.85565066e-02
    9.80985701e-01 7.68077791e-01 9.35096025e-01 2.78558075e-01
    8.79455924e-01 4.90663558e-01 3.62514973e-01 7.01666415e-01
    7.41993904e-01 2.61901319e-01 6.42729878e-01 8.69681835e-01
    5.97714126e-01 6.52479947e-01 1.08855456e-01 2.80277491e-01
    2.23219842e-01 2.58394510e-01 2.66054273e-03 8.97711813e-02
    9.73255694e-01 1.73598021e-01 8.04093897e-01 8.78925323e-01
    3.91574174e-01 8.20217490e-01 3.54620814e-02 7.67383575e-02
    6.69310093e-01 2.04512656e-01 6.61868155e-02 8.95881295e-01
    1.57324493e-01 3.53560865e-01 3.45671117e-01 1.08897507e-01
    5.47599971e-01 6.62936509e-01 8.65067959e-01 3.75481576e-01
    8.25508833e-01 8.76847148e-01 7.55375862e-01 2.14361846e-02
    3.95002186e-01 1.85611755e-01 6.03444874e-02 6.49454653e-01
    2.40944654e-01 3.44499171e-01 6.52080357e-01 4.64037865e-01
    6.43147945e-01 3.75924796e-01 7.40506053e-02 9.31088030e-01
    2.97148883e-01 3.30110729e-01 7.25686312e-01 4.43148673e-01
    5.80869794e-01 5.26328325e-01 9.87433314e-01 5.26520848e-01
    2.03619957e-01 9.10869062e-01 9.67706084e-01 7.33060598e-01
    3.26561868e-01 1.43056154e-01 7.76211023e-01 1.65973842e-01
    2.34454691e-01 9.30404544e-01 8.61717105e-01 7.47243643e-01
    1.68609262e-01 6.96550012e-01 1.75951004e-01 6.27354026e-01
    7.40641952e-01 1.00170344e-01 8.37468207e-01 6.27075732e-02
    3.93713117e-02 6.71966076e-01 1.89390481e-02 8.43495190e-01
    5.36485314e-01 2.47904956e-01 1.19170874e-01 5.14949441e-01
    3.27946723e-01 9.97981191e-01 8.35160971e-01 1.82718933e-01
    4.71344292e-01 4.91635203e-01 2.99785793e-01 6.73788071e-01
    7.58580863e-01 9.40572321e-01 1.66661382e-01 4.28278506e-01
    8.55310977e-01 6.66308701e-01 5.39559484e-01 4.72873449e-03
    5.80695271e-03 4.15408790e-01 8.76669466e-01 4.26983953e-01
    5.31524420e-02 4.91550058e-01 9.76580739e-01 4.21566039e-01
    5.38191855e-01 5.36021471e-01 8.50409389e-01 3.96348596e-01
    6.84487939e-01 1.96132332e-01 1.93402022e-01 8.91129732e-01
    1.59565210e-01 6.84245110e-01 9.25734162e-01 5.97760916e-01
    1.07016057e-01 5.93537211e-01 8.05195212e-01 9.20381665e-01
    9.72573459e-02 2.13272572e-01 7.53708661e-01 7.97805548e-01
    5.32815635e-01 9.40265536e-01 7.35616028e-01 3.18569362e-01
    4.49821830e-01 2.64327645e-01 4.07257676e-02 8.36407900e-01
    9.67979431e-01 6.85358405e-01 3.20472181e-01 3.25936079e-03
    4.42052037e-01 4.42816854e-01 5.54531753e-01 3.19331884e-02
    5.01877069e-03 9.35359240e-01 6.29694343e-01 1.02662593e-01
    6.23015404e-01 8.06245923e-01 8.49774063e-01 6.81989193e-01
    4.54261690e-01 5.22964478e-01 9.08322036e-01 1.36773378e-01
    8.59317303e-01 3.29719782e-02 1.66248560e-01 1.81925297e-01
    9.02666211e-01 7.85473406e-01 6.46525621e-03 3.61702293e-01
    2.62219846e-01 9.00188446e-01 8.99284959e-01 3.22524875e-01
    3.24719936e-01 1.31817877e-01 5.51114678e-02 9.63864565e-01
    3.32511127e-01 8.88458610e-01 8.87252688e-01 2.87604630e-02
    4.07499075e-01 8.85586858e-01 4.11262125e-01 2.46655345e-01
    6.86411202e-01 8.57533097e-01 3.00659239e-01 1.59902364e-01
    5.99634171e-01 7.58806050e-01 1.08246624e-01 3.13305259e-01
    9.62240279e-01 5.27919233e-01 4.51948375e-01 7.27964520e-01
    7.59907961e-01 6.90937638e-02 1.90558732e-01 5.73736548e-01
    6.08708858e-02 8.99830759e-01 8.85861397e-01 2.60515213e-02
    2.54312128e-01 8.87745976e-01 1.38275743e-01 1.80117548e-01
    9.30743098e-01 1.48006797e-01 4.19900239e-01 6.81305230e-02
    7.94016719e-02 8.28036487e-01 9.83509541e-01 1.67202294e-01
    4.82979953e-01 4.92350876e-01 9.09553647e-01 1.59194440e-01
    3.25340837e-01 7.89841413e-01 4.20805216e-02 6.74091041e-01
    2.98705667e-01 4.52697337e-01 5.97752929e-02 1.92848235e-01
    2.60493517e-01 2.01730996e-01 1.34354502e-01 4.46763545e-01
    2.96519876e-01 5.81081450e-01 1.72461510e-01 8.51374269e-01
    2.47382492e-01 2.25557804e-01 2.56076992e-01 9.02514100e-01
    3.06623608e-01 4.62685347e-01 5.07517755e-01 4.10599113e-01
    7.06759691e-01 9.11536217e-01 5.93832076e-01 3.64653051e-01
    5.78886390e-01 3.57331783e-01 8.50051761e-01 8.39542449e-01
    3.21571797e-01 6.39418483e-01 1.76635981e-02 9.82822895e-01
    3.36888731e-01 3.98986340e-01 3.02346587e-01 3.74204874e-01
    3.72812629e-01 1.26621902e-01 8.42673182e-02 7.07132995e-01
    4.65453088e-01 3.72604668e-01 4.13563937e-01 2.74601936e-01
    4.83642280e-01 4.37791944e-01 5.96643448e-01 8.09825301e-01
    5.70330501e-01 9.19545472e-01 6.73008800e-01 5.65253377e-01
    4.27118212e-01 5.72201550e-01 9.90782559e-01 4.97392744e-01
    3.57282400e-01 9.02188838e-01 6.76702321e-01 3.70553076e-01
    4.18874115e-01 7.00540304e-01 7.02500939e-01 2.70770997e-01
    4.82125491e-01 8.70094061e-01 2.41980612e-01 3.27780902e-01
    9.85107660e-01 9.48969841e-01 9.75734353e-01 8.44331503e-01
    1.85627341e-01 1.52581513e-01 8.69036853e-01 7.88402140e-01
    4.10599411e-01 5.21994352e-01 9.06782627e-01 9.99441326e-01
    6.08591557e-01 4.07645464e-01 3.22057962e-01 8.71740460e-01
    2.51442492e-01 7.07499206e-01 7.30113268e-01 9.84385610e-01
    1.85669035e-01 6.08531535e-01 9.86187756e-02 6.96157098e-01
    6.58555508e-01 6.74709380e-01 9.13824558e-01 9.62874293e-03
    4.79800135e-01 1.76301897e-02 9.22987938e-01 2.85314411e-01
    1.75195158e-01 5.02745509e-01 7.90277362e-01 6.83363557e-01
    2.78868049e-01 7.89497852e-01 5.34787595e-01 6.33676648e-01
    8.48634601e-01 2.05260724e-01 4.12532449e-01 5.76256514e-01
    7.92762876e-01 6.27664328e-02 8.39702427e-01 4.93250370e-01
    4.67006028e-01 2.63651788e-01 8.88637364e-01 8.99240434e-01
    2.87844777e-01 6.00657284e-01 2.64380515e-01 2.59136856e-02
    1.85630500e-01 8.75687182e-01 9.69450474e-02 1.44535750e-01
    5.21851063e-01 5.00624955e-01 5.42715490e-02 3.48872066e-01
    4.91924047e-01 9.81836557e-01 4.54079479e-01 5.81854224e-01
    1.63581699e-01 4.60299015e-01 4.99312431e-01 3.35545242e-01
    6.14691734e-01 9.50674653e-01 6.48067713e-01 7.92995930e-01
    6.89776301e-01 2.04917103e-01 5.13026893e-01 6.67979062e-01
    3.63093257e-01 6.21518731e-01 3.05081189e-01 3.36441994e-01
    2.78996944e-01 9.59386945e-01 7.33096719e-01 8.77904654e-01
    8.83715749e-01 1.45844400e-01 1.19385451e-01 7.32624352e-01
    8.57220769e-01 8.95450234e-01 3.04518342e-01 5.61234474e-01
    4.53685760e-01 6.79950774e-01 3.79344225e-01 4.58841920e-02
    2.16555566e-01 2.70220041e-02 9.87534761e-01 1.37488842e-02
    7.27085471e-01 8.28999877e-02 9.87891078e-01 3.31002772e-02
    9.55786943e-01 2.54888117e-01 8.54363322e-01 3.67881060e-02
    2.14806706e-01 8.88139546e-01 2.50876904e-01 8.69438291e-01
    8.25480223e-02 8.05090964e-02 7.95862794e-01 6.56382680e-01
    3.98262382e-01 4.14893746e-01 4.89412427e-01 7.41675496e-01
    2.57493854e-01 7.36796141e-01 1.38612926e-01 7.05417514e-01
    7.75662720e-01 7.53630519e-01 5.25081694e-01 3.75296086e-01
    1.91425979e-01 6.86820149e-02 1.84853554e-01 5.26478589e-02
    8.23132396e-01 4.62272614e-01 4.68464881e-01 5.51530540e-01
    7.09442556e-01 4.48905885e-01 6.09004200e-01 1.32475257e-01
    3.48323226e-01 1.36038572e-01 7.50737786e-01 1.05651706e-01
    5.48730731e-01 9.43319321e-01 3.93139452e-01 1.74776644e-01
    4.11093265e-01 6.38259411e-01 2.35489905e-02 4.31516767e-02
    8.22215617e-01 2.22108364e-01 4.49183524e-01 4.49409634e-01
    4.11953688e-01 8.56014192e-02 2.75192261e-01 8.68487537e-01
    9.50316787e-01 8.76945496e-01 9.99971509e-01 3.56939286e-01
    5.07137895e-01 8.96979034e-01 2.77442932e-02 3.66595447e-01
    9.81914282e-01 8.19752693e-01 1.72108412e-03 3.11283678e-01
    2.38986522e-01 6.68605566e-01 3.08421791e-01 8.62683892e-01
    7.54896283e-01 6.58348560e-01 2.26920545e-01 4.95525271e-01
    2.08853155e-01 7.40909159e-01 8.62827063e-01 4.07943696e-01
    8.84001851e-01 7.05421090e-01 2.91540235e-01 4.65031862e-01
    6.60776675e-01 7.19521165e-01 1.44480556e-01 5.70830047e-01
    3.89001608e-01 6.15228295e-01 3.66376698e-01 4.47037697e-01
    2.29811519e-01 4.76604074e-01 1.31373763e-01 9.64682519e-01
    6.85094416e-01 7.18954206e-02 6.34692192e-01 7.61398554e-01
    5.46926558e-02 1.73764825e-01 5.00731111e-01 5.20809948e-01
    8.38573575e-01 7.59616256e-01 6.09628439e-01 9.02747154e-01
    8.45451832e-01 3.38053226e-01 9.09035027e-01 4.45341349e-01
    7.65282154e-01 7.60353506e-01 8.90502214e-01 7.43423402e-02
    8.17781985e-01 8.87072563e-01 2.18166441e-01 6.74586594e-02
    3.03221762e-01 3.96176100e-01 4.65303123e-01 1.86482280e-01
    6.59366250e-02 8.28428745e-01 6.13487720e-01 1.69562101e-02
    1.68623745e-01 8.55560005e-01 1.79275155e-01 2.54934192e-01
    4.06485587e-01 9.22250807e-01 9.58408058e-01 8.45656395e-01
    7.46309876e-01 7.75951743e-01 6.99639320e-01 2.83047318e-01
    9.67272282e-01 5.68111300e-01 9.39960778e-01 4.32540119e-01
    8.35448503e-01 7.87542462e-02 7.84815311e-01 6.15723133e-01
    9.71621215e-01 5.88363230e-01 8.08669567e-01 9.87867475e-01
    4.47069526e-01 7.20423043e-01 8.45946074e-02 1.83981478e-01
    6.95600629e-01 5.56946695e-01 2.97097564e-01 4.43641514e-01
    5.78438878e-01 7.18002439e-01 2.99406588e-01 8.40481520e-01
    6.25485957e-01 7.66729116e-02 2.81700850e-01 1.18399411e-01
    8.87493253e-01 7.69081652e-01 3.71336281e-01 9.46195126e-01
    6.05626702e-01 2.01096505e-01 5.33810198e-01 8.11243653e-02
    5.28063357e-01 9.73880410e-01 2.29456872e-01 7.68226624e-01
    6.86570048e-01 5.30701160e-01 5.02469301e-01 9.73195434e-01
    6.73143744e-01 7.12400854e-01 3.94356847e-01 5.84445059e-01
    4.43896979e-01 5.46211541e-01 1.24959856e-01 4.56158668e-01
    1.36657625e-01 4.81821895e-01 4.45019186e-01 5.00406027e-01
    7.99270749e-01 1.58063442e-01 9.74062383e-01 3.26102078e-01
    8.37911069e-01 4.79294658e-02 8.58249187e-01 6.48502707e-01
    6.96133018e-01 4.63544697e-01 7.00216472e-01 5.72610140e-01
    5.60042202e-01 2.06635058e-01 3.12466025e-01 6.92216396e-01
    1.35153085e-01 7.55687952e-01 3.50184441e-02 6.36825800e-01
    4.45245534e-01 7.49546051e-01 9.42547679e-01 5.79841852e-01
    9.68775153e-01 3.28925014e-01 2.86189407e-01 6.52672827e-01
    2.67078996e-01 8.03135335e-01 3.79518032e-01 2.42653102e-01
    2.43779898e-01 2.00736970e-01 6.88995123e-01 1.31573230e-01
    5.68013668e-01 6.43482804e-01 6.08961105e-01 5.15416682e-01
    9.26309347e-01 9.76053774e-01 5.83953500e-01 1.32957220e-01
    8.81078780e-01 4.02689636e-01 3.19300056e-01 5.47876000e-01
    7.70499468e-01 2.74907827e-01 5.37119448e-01 3.03435624e-02
    4.86153007e-01 7.62759924e-01 8.46688807e-01 3.55827391e-01
    9.56746042e-01 5.05622029e-02 1.37747169e-01 9.33064520e-02
    1.40185177e-01 7.38990545e-01 1.83737367e-01 4.75352466e-01
    4.21369970e-01 4.35810447e-01 2.79896438e-01 9.65786397e-01
    5.96227467e-01 4.06567276e-01 2.62704164e-01 9.80314195e-01
    5.81326306e-01 8.48006964e-01 8.55137706e-02 3.21057111e-01
    3.54148567e-01 1.03394866e-01 3.79782915e-03 2.75173903e-01
    5.85393667e-01 8.74518275e-01 7.35229313e-01 7.94460475e-01
    7.22696185e-02 4.45650578e-01 2.25592881e-01 8.59032154e-01
    8.50728750e-02 1.91489965e-01 8.33441079e-01 7.88298965e-01
    2.57077694e-01 7.61871576e-01 8.02656054e-01 1.78723335e-02
    4.03934717e-02 7.46155500e-01 5.04696369e-03 7.44434118e-01
    2.28192925e-01 6.85405612e-01 6.19380295e-01 3.23209137e-01
    2.25192368e-01 2.91839123e-01 1.00308985e-01 2.70842135e-01
    1.40815914e-01 6.11992121e-01 7.84140706e-01 9.79397058e-01
    1.03324950e-02 9.25041914e-01 6.24240518e-01 9.15144980e-02
    1.00768119e-01 7.41424859e-02 5.59298754e-01 5.26880503e-01
    9.30335999e-01 7.97259629e-01 1.40116215e-02 6.21869683e-01
    4.40652370e-01 8.71055543e-01 1.04157388e-01 4.49829906e-01
    6.17913306e-02 4.20034170e-01 3.21934283e-01 1.33064210e-01
    5.63101053e-01 1.30458832e-01 1.01693869e-02 2.87891746e-01
    3.08136284e-01 9.83190060e-01 2.23875374e-01 1.89619303e-01
    4.35274452e-01 2.25243270e-01 5.52991807e-01 2.73079991e-01
    7.55495191e-01 6.57238126e-01 4.69448537e-01 7.81648278e-01
    5.38998723e-01 5.01646876e-01 7.36767650e-02 6.50028169e-01
    3.43460619e-01 9.60206330e-01 5.27558386e-01 4.80461478e-01
    9.42576528e-01 5.22435308e-01 1.74574673e-01 1.95270747e-01
    2.05751002e-01 8.45276237e-01 4.62199569e-01 6.25425160e-01
    6.68924034e-01 7.85902679e-01 9.38583732e-01 8.03579450e-01
    5.44183254e-02 5.81193089e-01 4.62202042e-01 9.18826103e-01
    1.31634057e-01 8.97715271e-01 6.54859066e-01 2.45161265e-01
    3.02464187e-01 1.76266700e-01 8.67937982e-01 5.72537541e-01
    5.34847796e-01 6.58387542e-01 9.50522780e-01 8.49545121e-01
    2.25463778e-01 5.74945390e-01 6.47235155e-01 2.81496286e-01
    1.35037571e-01 8.64378214e-01 4.86048579e-01 7.36686349e-01
    1.83721632e-01 1.36357605e-01 6.56443357e-01 4.22901154e-01
    9.41716850e-01 1.99625492e-01 5.16251445e-01 8.44580054e-01
    9.45264995e-01 9.15829360e-01 7.03951299e-01 8.75141263e-01
    9.09487009e-01 4.63774890e-01 6.72296286e-01 9.84981060e-01
    2.50308692e-01 9.67160404e-01 2.21014917e-02 1.24075383e-01
    5.88416755e-01 6.09262347e-01 4.65176523e-01 8.14613938e-01
    2.70760030e-01 5.46337128e-01 1.75537169e-01 8.74549627e-01
    6.05177879e-02 6.81874871e-01 9.35330868e-01 6.93291962e-01
    2.85577685e-01 7.14439034e-01 8.36723447e-01 9.52782094e-01
    6.13861024e-01 9.17729616e-01 6.58655167e-02 9.32159901e-01
    3.92609477e-01 9.78074789e-01 8.51601243e-01 8.78695726e-01
    5.46856821e-01 3.93839657e-01 1.37319505e-01 5.26109934e-01
    7.25727439e-01 5.66800237e-02 1.78967685e-01 7.87405133e-01
    1.43339038e-01 4.46448565e-01 2.91030526e-01 8.79931390e-01
    3.71021271e-01 3.10695708e-01 2.80947000e-01 7.62193620e-01
    2.71075368e-02 8.59390795e-01 7.05403805e-01 1.29791409e-01
    6.81066930e-01 1.68760896e-01 4.49230641e-01 6.43543065e-01
    9.13244307e-01 9.97299016e-01 7.42921829e-01 6.84650183e-01
    1.24245882e-04 4.79167521e-01 8.71408343e-01 2.28036344e-02
    3.04252625e-01 1.92899346e-01 5.47616363e-01 9.86506402e-01
    4.09997106e-02 1.65748060e-01 2.30502307e-01 9.13771987e-01
    4.12150323e-02 3.25894207e-01 1.97010398e-01 6.51541770e-01
    5.69532752e-01 7.85562694e-01 8.01840127e-02 7.97172546e-01
    5.92166483e-01 6.04537249e-01 8.64343464e-01 9.55035686e-01
    8.54956985e-01 1.03458613e-01 9.69173074e-01 5.77565432e-01
    9.79198337e-01 6.87396348e-01 4.08068180e-01 8.38191152e-01
    1.66904032e-01 2.36630917e-01 2.98127413e-01 9.95494127e-02
    4.96423244e-01 8.32866609e-01 3.34223390e-01 4.37370539e-02
    7.01108515e-01 3.03960294e-01 6.85421944e-01 3.18623930e-01
    5.52149415e-02 6.85742557e-01 4.33723778e-01 1.66288942e-01
    5.04602551e-01 4.62791085e-01 9.81661916e-01 1.61267906e-01
    7.01501071e-02 9.18879211e-02 5.97258389e-01 8.91697466e-01
    6.27104342e-01 2.76740253e-01 9.11885619e-01 3.54975760e-02
    8.88268709e-01 4.84877676e-01 6.22862220e-01 1.03332907e-01
    9.69860077e-01 6.53980315e-01 2.85226405e-02 5.57791293e-02
    5.01574218e-01 4.13246572e-01 2.39003152e-01 2.42274791e-01
    7.72115171e-01 2.91571379e-01 8.49978626e-02 4.54990536e-01
    8.38606834e-01 5.58536708e-01 6.68317318e-01 7.76719570e-01
    6.11639559e-01 7.23892927e-01 3.83585960e-01 9.24191952e-01
    2.33560860e-01 3.71613026e-01 7.23638594e-01 1.67531222e-01
    9.58975554e-02 3.53648663e-01 3.71613055e-01 5.39933145e-01
    8.05079699e-01 3.71366501e-01 2.13325143e-01 1.35219842e-01
    2.46135294e-01 9.44935143e-01 7.86796510e-01 1.84317529e-02
    4.07952338e-01 4.83372569e-01 5.18025696e-01 9.11876440e-01
    1.25054717e-02 5.49551547e-01 7.40110517e-01 5.05987227e-01
    1.04092062e-02 3.13920736e-01 1.53057218e-01 5.84257662e-01
    7.41894424e-01 5.31298161e-01 5.94403088e-01 2.31198758e-01
    3.78157109e-01 5.38408756e-03 1.44764096e-01 7.65425920e-01
    9.59259510e-01 8.79932642e-01 3.73471797e-01 4.86679345e-01
    2.97270238e-01 1.42666578e-01 7.67144561e-01 6.42417848e-01
    6.93385124e-01 3.70822728e-01 5.34927249e-02 7.70911217e-01
    2.50602096e-01 2.01342791e-01 8.06728721e-01 4.96674329e-01
    6.46066785e-01 1.63849294e-01 5.69689512e-01 3.95907879e-01
    1.67575181e-01 1.73438787e-01 2.43316621e-01 7.76100993e-01
    3.36512387e-01 8.22103739e-01 2.99157560e-01 9.35077786e-01
    9.35587287e-01 5.00120819e-01 8.45942199e-01 8.11979413e-01
    8.92163455e-01 5.79330027e-01 1.57360017e-01 6.50773883e-01
    3.33476037e-01 1.81441993e-01 9.66952920e-01 4.06494409e-01
    1.37779266e-01 6.51935339e-01 9.61158633e-01 7.53341734e-01
    8.44248414e-01 1.08803153e-01 4.65425968e-01 2.23650515e-01
    4.47053611e-01 6.24556899e-01 2.76551485e-01 8.94565821e-01
    3.87272596e-01 7.36077070e-01 9.48173761e-01 1.48279637e-01
    9.71670270e-01 5.20286083e-01 7.61425197e-01 5.91552496e-01
    6.60676599e-01 4.16300178e-01 1.99710965e-01 2.84914702e-01
    8.23606253e-01 8.43491018e-01 3.16880226e-01 2.83617646e-01
    6.23861849e-01 4.62775826e-01 8.62520218e-01 2.51880676e-01
    6.64974630e-01 9.98148799e-01 6.66070819e-01 9.38222408e-01
    9.14711952e-01 4.51141477e-01 3.93076956e-01 6.28786564e-01
    3.43859196e-01 8.85328472e-01 8.59554291e-01 5.93587279e-01
    3.69698584e-01 6.13583326e-01 7.34490335e-01 6.95032477e-02
    1.53466254e-01 7.78584480e-01 9.90857244e-01 9.76163387e-01
    9.60461020e-01 6.71929061e-01 9.38139915e-01 5.67562461e-01
    5.66983223e-02 1.13699138e-02 7.75082171e-01 9.55991745e-01
    7.16117382e-01 3.66443813e-01 7.41071939e-01 9.81210053e-01
    3.23739052e-02 4.21207607e-01 2.24819452e-01 3.07632536e-01
    6.80996895e-01 6.14689469e-01 5.44233382e-01 2.35212117e-01
    6.77419126e-01 7.85158753e-01 7.17600882e-02 5.14367759e-01
    2.68500417e-01 6.11481547e-01 5.27470767e-01 8.32557380e-01
    3.65807176e-01 9.44938660e-02 2.34984040e-01 4.47785199e-01
    3.44557762e-01 4.29367840e-01 1.04767799e-01 1.51857138e-02
    4.26799059e-04 5.81268370e-01 1.93479925e-01 2.16736406e-01
    1.61353111e-01 4.93002981e-01 9.73372996e-01 1.54688001e-01
    4.82966721e-01 9.37875688e-01 3.90117437e-01 3.21161240e-01
    9.73809361e-01 8.25806379e-01 8.03207159e-01 2.82638550e-01
    7.80198455e-01 9.16809022e-01 3.62807542e-01 2.72571683e-01
    2.71803111e-01 1.67515039e-01 7.04206109e-01 6.60050511e-01
    3.53873909e-01 6.21188164e-01 4.43060040e-01 2.00103104e-01
    8.79309654e-01 3.96317661e-01 5.99879742e-01 2.14042306e-01
    2.36938030e-01 6.42566025e-01 7.84410596e-01 9.57879424e-03
    8.30392838e-01 9.70124483e-01 3.67252290e-01 4.62383032e-02
    3.18117827e-01 9.00488734e-01 6.28904283e-01 6.43065929e-01
    9.80107844e-01 9.51752901e-01 3.85564089e-01 1.10339314e-01
    5.40753543e-01 9.78812933e-01 3.35827887e-01 1.61855638e-01
    7.44415522e-02 7.05244601e-01 2.00116068e-01 8.05270135e-01
    3.20735842e-01 4.31726098e-01 8.15083742e-01 6.93063140e-02
    5.37151515e-01 9.77867484e-01 5.75424552e-01 3.27418864e-01
    1.46581262e-01 3.84349406e-01 7.82289207e-01 8.60493779e-01
    1.26020819e-01 9.17341769e-01 9.41423297e-01 7.70392776e-01
    5.06884873e-01 8.47430170e-01 5.45057058e-01 5.36555588e-01
    9.49331999e-01 9.32649374e-01 3.62139940e-02 5.72335362e-01
    5.13812184e-01 4.33015257e-01 9.31979656e-01 4.80422705e-01
    9.03658986e-01 4.60467845e-01 4.67196405e-01 2.95439124e-01
    3.92378211e-01 3.21591973e-01 5.65166950e-01 5.78624606e-01
    3.45978647e-01 4.50624496e-01 5.73671043e-01 1.21709108e-02
    9.29052472e-01 6.46676302e-01 3.20308357e-01 3.11585367e-02
    5.35679698e-01 9.57251430e-01 7.84600377e-01 4.52027142e-01
    4.29765642e-01 2.60191560e-02 5.97036183e-02 5.79209507e-01
    6.63252831e-01 3.29619825e-01 8.00830722e-02 9.44510520e-01
    8.39407802e-01 2.28972435e-01 8.65738034e-01 1.09068781e-01
    4.23656940e-01 2.22250402e-01 7.30423927e-02 3.93318504e-01
    9.55811381e-01 5.44857562e-01 1.47424012e-01 5.98643720e-02
    7.29793966e-01 2.73676932e-01 5.70216119e-01 6.97273731e-01
    7.13017941e-01 8.10737371e-01 2.63831466e-01 2.33453751e-01
    9.05589223e-01 1.75677359e-01 5.90470850e-01 5.88691473e-01
    3.34724337e-01 8.02226543e-01 2.43146420e-01 6.22411489e-01
    3.32760811e-01 5.94855785e-01 5.97723901e-01 7.21981347e-01
    1.00114644e-01 5.81942320e-01 5.98111272e-01 5.01793444e-01
    6.28217459e-01 4.40201163e-01 6.26744926e-01 7.82306194e-01
    3.89083475e-01 6.93073988e-01 9.91965771e-01 7.95180202e-01
    8.75981390e-01 5.04758775e-01 4.48068976e-03 3.52013886e-01
    2.23561049e-01 2.57394791e-01 5.04941821e-01 8.57371986e-01
    8.79412293e-01 8.95294666e-01 5.03038764e-01 8.57085586e-01
    1.63983822e-01 8.30706239e-01 4.50724870e-01 4.65392500e-01
    3.11714232e-01 2.61754125e-01 1.30413294e-01 1.53409809e-01
    6.28960013e-01 9.72340822e-01 5.99505901e-01 9.42348897e-01
    6.10549808e-01 2.84967959e-01 3.37497294e-02 9.67217803e-01
    9.52187181e-01 6.69785023e-01 7.55169988e-01 7.44505286e-01
    8.36188614e-01 7.10440278e-01 2.04111248e-01 8.52021337e-01
    8.85913610e-01 4.56345528e-01 5.40763438e-01 6.01801455e-01
    2.63361156e-01 1.81392640e-01 9.40288603e-02 3.05445015e-01
    6.59881353e-01 8.37664008e-01 4.15748864e-01 3.01953852e-01
    4.07198101e-01 5.96017599e-01 8.06214213e-01 2.16879517e-01
    3.43900740e-01 4.93854761e-01 6.99907660e-01 2.15582371e-01
    4.65860039e-01 9.65271950e-01 9.12747502e-01 5.79118609e-01
    3.74744117e-01 1.77573979e-01 8.65724504e-01 5.47400236e-01
    4.31008577e-01 4.85429078e-01 7.74994612e-01 5.32585859e-01
    9.32803750e-03 7.00121939e-01 4.28668618e-01 3.40796709e-01
    2.03686714e-01 1.73806846e-02 9.99150872e-01 4.36329067e-01
    6.45335197e-01 3.98992240e-01 2.65090227e-01 6.33555651e-02
    7.76625931e-01 9.54901576e-02 6.54535055e-01 4.61025715e-01
    3.19568276e-01 3.73219192e-01 2.90609807e-01 8.17388654e-01
    6.96041584e-01 6.78831339e-01 7.39835441e-01 7.51400828e-01
    3.26027483e-01 8.04274917e-01 5.69233298e-03 1.06290370e-01
    5.18447816e-01 5.67772746e-01 8.33303690e-01 6.05436563e-01
    2.64067948e-01 7.11236894e-01 7.05988526e-01 2.05492914e-01
    4.55958247e-01 8.54364932e-01 4.09058332e-02 6.95057333e-01
    9.19557095e-01 9.88081992e-01 2.58909762e-01 1.65490508e-01
    1.78696781e-01 8.00894439e-01 6.10717356e-01 5.61704636e-01
    4.06346917e-01 8.33666921e-01 6.86673701e-01 8.79039288e-01
    3.99584144e-01 3.63784254e-01 8.15341473e-01 3.47806811e-01
    7.62781858e-01 2.23500341e-01 8.32123399e-01 4.12032783e-01
    8.45483303e-01 8.37880015e-01 4.91500676e-01 1.13641143e-01
    2.98627079e-01 4.73689973e-01 7.90641844e-01 3.95494670e-01
    5.27297795e-01 1.01110876e-01 1.97005153e-01 9.77439225e-01
    5.69293916e-01 4.94249761e-01 2.50827968e-01 1.70177460e-01
    3.49376202e-02 3.76609772e-01 8.03252161e-02 1.27514839e-01
    3.52999926e-01 2.29562283e-01 9.65350270e-01 6.97409809e-01
    3.81663203e-01 6.54173195e-01 4.06316221e-01 9.20917332e-01
    5.60839176e-02 8.30053449e-01 5.70492625e-01 5.42461038e-01
    1.41873807e-01 9.45033908e-01 2.37662941e-01 9.05384183e-01
    6.59602165e-01 4.25126523e-01 3.45972180e-02 8.86322856e-01
    7.80606389e-01 9.25564647e-01 9.31314170e-01 2.94523835e-01
    4.07265604e-01 3.94445240e-01 5.16329885e-01 4.59012091e-01
    8.03889632e-01 4.62063223e-01 4.93095368e-01 3.85785043e-01
    2.30411291e-02 6.57585323e-01 4.21496630e-01 3.46447468e-01
    2.90693700e-01 4.75778610e-01 8.02887082e-02 4.43839818e-01
    7.24623263e-01 3.66780400e-01 3.99191082e-01 4.01485592e-01
    5.63463807e-01 1.36218131e-01 5.36880970e-01 9.86121774e-01
    9.96151805e-01 8.84256542e-01 1.39755189e-01 2.21861273e-01
    6.84575140e-02 3.99618238e-01 1.47224188e-01 7.31858015e-01
    1.27009898e-01 9.44421947e-01 6.10823154e-01 4.40627396e-01
    8.09031248e-01 7.99404025e-01 1.30994141e-01 2.50727057e-01
    1.09242678e-01 5.78152478e-01 4.72174406e-01 6.33519053e-01
    7.57661343e-01 4.61767614e-01 6.93699598e-01 9.24841583e-01
    2.09756792e-01 6.68818355e-01 1.58233643e-02 4.54939306e-01
    5.30431807e-01 7.74302125e-01 4.49490488e-01 1.80072159e-01
    1.05310768e-01 4.83628273e-01 8.45533609e-01 7.69442499e-01
    4.83862102e-01 5.09389460e-01 4.78684038e-01 3.41527700e-01
    9.40058112e-01 4.93833572e-01 4.96708632e-01 7.47120917e-01
    5.09500742e-01 2.85655439e-01 7.18588591e-01 9.07503724e-01
    9.28945899e-01 7.01693296e-01 1.10521942e-01 8.63023400e-02
    2.37242937e-01 3.85496765e-01 2.08704174e-02 8.60833585e-01
    1.02699697e-01 5.55951774e-01 5.51313400e-01 9.22805786e-01
    6.43545389e-01 1.50870979e-01 2.13993818e-01 8.60079050e-01
    5.26265204e-01 4.38872308e-01 3.91145945e-01 2.63631552e-01
    1.78483278e-01 7.63762951e-01 5.46866894e-01 5.20635128e-01
    9.61442232e-01 9.68034267e-01 9.67904329e-01 9.87497926e-01
    7.21233726e-01 5.53675950e-01 3.97787213e-01 7.60640800e-02
    5.00488877e-02 7.28737175e-01 7.42248237e-01 5.14379323e-01
    4.66851741e-01 7.84648538e-01 7.06844449e-01 4.59368676e-01
    7.67866135e-01 4.60592300e-01 8.79775405e-01 3.64408493e-02
    8.59248340e-02 2.94466227e-01 3.97740543e-01 5.56339145e-01
    9.60193515e-01 3.73784482e-01 6.52243912e-01 2.52906382e-01
    7.64134765e-01 8.13418150e-01 9.59755540e-01 7.10409284e-02
    6.60199940e-01 5.43427229e-01 5.71587503e-01 8.22298288e-01
    4.93069142e-01 7.59978890e-01 8.56618404e-01 9.01404858e-01
    6.53055966e-01 1.35275722e-01 6.21176660e-01 9.59466279e-01
    2.90006518e-01 9.20442402e-01 4.82503593e-01 2.75046349e-01
    9.32713032e-01 8.52062941e-01 2.63961077e-01 3.27133238e-01
    8.06076646e-01 5.43105781e-01 6.50005758e-01 7.90055096e-01
    5.98093927e-01 6.78170264e-01 5.48354745e-01 2.12029725e-01
    3.18094820e-01 2.42812425e-01 2.67633796e-03 2.05452323e-01
    1.24011725e-01 8.36915374e-01 8.22978735e-01 2.59245396e-01
    8.46328020e-01 4.20867532e-01 9.40142870e-02 8.97698998e-02
    8.58131766e-01 5.43899238e-01 7.27613509e-01 9.59560275e-03
    2.98423976e-01 6.27922416e-01 9.90748405e-01 4.05242443e-01
    7.97919989e-01 3.85793090e-01 3.82579565e-01 3.33570838e-01
    9.18764770e-01 7.67813921e-01 5.76160192e-01 1.86685562e-01
    9.92231607e-01 5.56367457e-01 2.08938360e-01 1.74499303e-01
    4.89288419e-01 6.29329979e-02 5.22012115e-02 7.92565346e-01
    8.69924068e-01 4.38843668e-02 6.00219667e-01 8.58705342e-02
    8.49089026e-01 5.91327727e-01 1.17538810e-01 9.02513146e-01
    1.78982884e-01 9.87817109e-01 9.27763283e-02 6.44144535e-01
    9.70940351e-01 7.39870787e-01 8.94691706e-01 3.82570058e-01
    9.24719572e-02 2.08224475e-01 2.21205533e-01 7.42753267e-01
    3.74775231e-01 2.81882107e-01 5.58544517e-01 6.85833514e-01
    1.29715174e-01 8.24591398e-01 7.95927942e-02 3.86450291e-01
    9.60059047e-01 6.72802269e-01 8.37700367e-01 8.24690938e-01
    2.93375343e-01 2.66347259e-01 3.40010613e-01 9.63762164e-01
    3.80875289e-01 3.98452878e-01 8.55926991e-01 3.02936494e-01
    1.83297157e-01 2.13276148e-01 1.48350596e-01 5.17264366e-01
    4.09952611e-01 4.94908214e-01 5.52624464e-02 7.43604600e-01
    8.13483357e-01 2.43639141e-01 3.51532996e-02 6.50682688e-01
    8.65232229e-01 7.91832685e-01 1.03432804e-01 2.74529755e-02
    2.77061760e-01 8.18729043e-01 2.50681162e-01 5.12667775e-01
    2.26882488e-01 9.54321623e-01 2.90695488e-01 1.59615070e-01
    8.60822201e-01 3.71324658e-01 3.57177168e-01 3.31878394e-01
    9.71424162e-01 3.96649599e-01 7.51339614e-01 4.58668172e-01
    7.12517858e-01 7.82018542e-01 7.42004037e-01 9.12514269e-01
    8.20829034e-01 1.20329082e-01 1.40831470e-02 8.80086184e-01
    4.17093933e-02 9.90051270e-01 4.48074937e-01 7.46401191e-01
    8.52796435e-02 1.16749287e-01 3.01961422e-01 5.92698693e-01
    8.10039937e-01 7.08799362e-01 5.23855388e-01 7.43855178e-01
    1.98495924e-01 4.47860301e-01 5.36365628e-01 9.18412566e-01
    2.01836646e-01 7.81150758e-02 9.79204178e-01 2.57713556e-01
    4.27725375e-01 7.13942289e-01 3.45933557e-01 2.99638093e-01
    6.33613944e-01 1.12570226e-01 2.65103459e-01 2.37766594e-01
    9.81826246e-01 3.45683634e-01 2.01708347e-01 9.76999402e-01
    2.55882651e-01 1.37155056e-02 8.44669104e-01 3.20536792e-01
    8.34074140e-01 4.53238368e-01 5.62551022e-02 7.07975924e-01
    6.75379992e-01 1.27280593e-01 5.38354158e-01 1.74139261e-01
    1.83216780e-01 9.19869423e-01 2.71535695e-01 7.93731093e-01
    6.79979146e-01 1.74711764e-01 6.55765653e-01 2.27253973e-01
    7.83903599e-02 6.88519239e-01 5.54833889e-01 8.34010363e-01
    2.61273146e-01 9.82294738e-01 9.67471480e-01 6.53135598e-01
    2.43842363e-01 2.71825880e-01 5.85313439e-02 7.58476257e-02
    3.92885864e-01 6.85598493e-01 5.40892541e-01 7.09170461e-01
    9.38887119e-01 3.38605255e-01 9.79719758e-01 9.85769987e-01
    9.64210987e-01 1.67643011e-01 4.38418031e-01 7.39101768e-01
    8.10640633e-01 3.95982563e-01 9.21461701e-01 1.49674058e-01
    8.71255279e-01 5.50907135e-01 3.98358613e-01 8.58182788e-01
    3.67031455e-01 4.10540730e-01 4.06192511e-01 2.36133009e-01
    3.43781471e-01 5.07226348e-01 1.14002943e-01 6.40750289e-01
    8.97649229e-02 1.07640535e-01 2.27204651e-01 7.76221275e-01
    5.42860925e-02 4.55693424e-01 2.34143227e-01 5.35300136e-01
    8.88185859e-01 4.63527620e-01 7.06036091e-01 5.50041020e-01
    8.08525920e-01 7.71166801e-01 4.37649250e-01 3.23154926e-01
    7.92350173e-01 3.40645969e-01 1.33767724e-03 9.81257856e-02
    3.80658686e-01 9.50261950e-02 3.07846308e-01 4.65906560e-02
    5.21690786e-01 3.81908864e-01 6.55200601e-01 8.24258924e-01
    5.08561552e-01 5.42170763e-01 1.56120211e-01 8.83014321e-01
    4.76590484e-01 3.12199116e-01 9.05745387e-01 5.22139728e-01
    6.60843670e-01 8.42622757e-01 2.35603184e-01 4.41721976e-01
    8.26833963e-01 5.41939735e-01 7.47905612e-01 9.71917272e-01
    2.05680639e-01 6.35187566e-01 4.93743837e-01 6.84002936e-02
    9.92782712e-01 4.62734967e-01 1.84236854e-01 5.61038256e-01
    1.29981905e-01 5.55437803e-01 8.42204094e-01 5.63766301e-01
    7.63113976e-01 4.15559530e-01 6.80867851e-01 8.25624764e-02
    3.08680534e-03 6.06281638e-01 4.83388186e-01 6.13132954e-01
    2.43105024e-01 7.49940336e-01 5.96153259e-01 5.07786989e-01
    8.45851421e-01 2.66147196e-01 2.42593527e-01 2.89285034e-01
    2.40376145e-01 4.28581953e-01 6.33754492e-01 4.22562420e-01
    6.57557726e-01 6.22061849e-01 3.40449691e-01 5.64568758e-01
    7.53266394e-01 9.41233039e-01 7.11981952e-02 8.86708140e-01
    3.02981794e-01 2.71121442e-01 3.41009676e-01 4.42630142e-01
    1.68439150e-01 5.24608016e-01 4.86171782e-01 2.96851009e-01
    7.33108222e-01 2.68792093e-01 5.68012595e-01 8.01510274e-01
    7.27278709e-01 3.37840229e-01 3.09868991e-01 1.49586827e-01
    7.88519859e-01 1.87654257e-01 7.59930849e-01 2.31776327e-01
    3.44266206e-01 3.63036275e-01 5.21708727e-02 2.02731162e-01
    6.23877168e-01 1.10331327e-01 5.03271639e-01 8.20938826e-01
    7.18307495e-01 2.61972278e-01 5.46890378e-01 5.29163301e-01
    8.50721955e-01 1.51765645e-02 6.25580668e-01 9.95200336e-01
    1.70644015e-01 4.01451945e-01 5.06933153e-01 8.69323373e-01
    5.50792098e-01 3.77148986e-02 1.72977537e-01 4.50317323e-01
    9.98349786e-02 4.05257672e-01 8.92223299e-01 2.95786321e-01
    9.18426156e-01 2.04485029e-01 5.69967628e-02 2.94218361e-01
    7.05104530e-01 4.48715061e-01 9.26445484e-01 4.87741530e-02
    8.47597718e-01 5.71457148e-02 2.29092181e-01 4.83640790e-01
    8.44084620e-02 1.91745460e-02 1.07377768e-01 7.43004799e-01
    1.22394115e-01 2.74569631e-01 9.36161280e-01 8.15588892e-01
    1.38931870e-02 4.35928762e-01 2.88432986e-01 3.66643071e-02
    4.22118068e-01 8.50415647e-01 4.08886254e-01 4.63947058e-01
    5.74828804e-01 3.54542285e-01 6.92106128e-01 1.03428602e-01
    1.11202747e-01 6.48074806e-01 8.70566905e-01 2.89707571e-01
    6.67363763e-01 9.09159243e-01 2.87568569e-01 1.50968224e-01
    3.79386067e-01 7.77569532e-01 8.99719834e-01 1.99741125e-03
    7.41697669e-01 7.13525414e-01 6.90620661e-01 3.70700151e-01
    3.67342204e-01 2.20655710e-01 4.72033650e-01 8.39598000e-01
    6.91878974e-01 3.15330744e-01 3.99232090e-01 1.27769798e-01
    8.22107136e-01 5.41994452e-01 8.28694344e-01 9.16330218e-01
    9.12613511e-01 7.87898898e-03 2.42148727e-01 8.02921057e-01
    2.76054978e-01 9.42787409e-01 4.12490308e-01 8.41729283e-01
    5.19462466e-01 5.65778792e-01 5.52604973e-01 1.59876704e-01
    6.69798851e-02 9.95745182e-01 7.12741911e-01 4.12624836e-01
    5.24960101e-01 8.69252563e-01 3.57014716e-01 7.86363482e-01
    2.03891903e-01 9.21066642e-01 5.06577432e-01 7.60284305e-01
    5.08051574e-01 1.55075431e-01 4.92963731e-01 1.31394744e-01
    3.19191605e-01 2.83036083e-01 4.66085076e-02 5.63803017e-01
    7.59200513e-01 7.23166645e-01 8.53841960e-01 4.79602903e-01
    4.19261187e-01 5.72576940e-01 4.22841311e-03 1.25595421e-01
    4.16223317e-01 1.21684551e-01 4.66831148e-01 2.19055593e-01
    7.91550756e-01 8.75364661e-01 5.33990026e-01 6.07074916e-01
    3.76047969e-01 8.35863709e-01 5.21466732e-02 8.63082170e-01
    8.17729950e-01 8.28573704e-01 6.98153496e-01 2.48123169e-01
    8.18957806e-01 1.66417688e-01 6.74614727e-01 7.84994066e-01
    3.03919613e-01 7.77045608e-01 3.81557465e-01 6.93502665e-01
    7.54909575e-01 3.99695933e-02 9.49931383e-01 3.08079004e-01
    8.86784911e-01 5.02023101e-02 6.69728875e-01 3.38468492e-01
    3.46187383e-01 5.12029231e-01 3.33817720e-01 6.83294177e-01
    1.94081098e-01 3.58536839e-01 6.82450235e-02 3.65540802e-01
    1.73771381e-02 5.14456391e-01 1.92369461e-01 8.70600343e-02
    5.98396599e-01 7.90059566e-01 4.24587190e-01 4.64637548e-01
    4.85260129e-01 7.57345557e-01 8.75623822e-01 8.25388134e-02
    4.28517163e-02 9.89791453e-01 4.15019453e-01 8.05656612e-01
    1.82096541e-01 3.75635803e-01 3.25594366e-01 5.81128180e-01
    1.12305105e-01 1.87315643e-02 4.19513583e-01 1.84932202e-01
    7.74497390e-01 1.14905268e-01 3.88839126e-01 1.89400315e-02
    6.84039056e-01 6.64914131e-01 6.76891744e-01 7.28889585e-01
    2.95645952e-01 3.48183215e-01 1.86345607e-01 2.23123163e-01
    8.83827090e-01 5.78719437e-01 4.40404713e-01 8.18598032e-01
    8.36912155e-01 9.55800414e-02 7.16696680e-02 3.49401146e-01
    1.03735775e-01 8.13072443e-01 5.42326570e-01 6.88787758e-01
    8.91055942e-01 5.63917875e-01 5.29813170e-01 5.01508534e-01
    3.77649814e-01 5.38915455e-01 4.44668055e-01 3.40877533e-01
    6.08810067e-01 8.81839275e-01 9.62375879e-01 2.92357385e-01
    4.25094664e-02 9.61015701e-01 5.56408286e-01 4.24676090e-01
    5.12589574e-01 5.97122729e-01 6.30292773e-01 3.04569960e-01
    2.15199918e-01 8.40704203e-01 9.25086677e-01 5.04598320e-01
    7.12177396e-01 4.87422347e-02 5.91113448e-01 2.32526034e-01
    7.69808531e-01 3.39999080e-01 8.44579875e-01 6.72148585e-01
    2.13775009e-01 6.19719684e-01 6.36523366e-02 9.75925565e-01
    4.78909522e-01 2.41928220e-01 5.47275245e-01 3.26611221e-01
    2.81968981e-01 5.15204906e-01 2.34839499e-01 4.13045168e-01
    2.91546762e-01 2.95589387e-01 7.94889688e-01 2.23341972e-01
    4.01490718e-01 7.77815342e-01 2.30407119e-01 5.05464554e-01
    5.55453300e-02 1.89838618e-01 4.54310447e-01 5.24678648e-01
    1.73935354e-01 8.10798407e-02 8.25836122e-01 5.20669401e-01
    6.02147698e-01 4.30377871e-01 9.31863904e-01 4.46656317e-01
    9.00421679e-01 9.83980298e-01 9.12920237e-02 5.06340086e-01
    9.59708214e-01 5.64590394e-02 5.61864793e-01 9.69434142e-01
    9.21510935e-01 4.10494357e-01 8.22024584e-01 4.00757968e-01
    1.42195821e-03 3.90970737e-01 1.25093728e-01 3.66475254e-01
    6.89385235e-01 4.71116245e-01 8.58337283e-01 3.53460550e-01
    5.51230907e-01 3.41330051e-01 1.03754222e-01 7.49214292e-02
    7.22141147e-01 4.79952633e-01 4.18519020e-01 1.84565693e-01
    2.80878782e-01 1.66486651e-01 6.00157678e-01 7.21871078e-01
    1.24803483e-01 9.74972248e-01 9.86996949e-01 4.87883657e-01
    7.51225352e-01 5.80916524e-01 7.67007947e-01 8.59641850e-01
    1.53318644e-01 9.57420468e-01 8.35485339e-01 8.83493066e-01
    8.70191455e-01 7.96420574e-01 2.41554290e-01 2.03255892e-01
    6.26124501e-01 2.91673422e-01 5.51098287e-02 8.85115743e-01
    2.08532035e-01 4.19491649e-01 6.13750935e-01 4.69228178e-01
    4.95332062e-01 8.33660841e-01 4.57359850e-01 1.36551857e-01
    2.60056019e-01 8.51158142e-01 9.97902632e-01 8.86953771e-02
    1.28304362e-01 4.56500649e-02 5.32224774e-01 4.02033389e-01
    3.37528884e-01 3.85666460e-01 9.28994715e-01 7.69778490e-02
    8.97730649e-01 9.68463898e-01 2.53048897e-01 4.89264816e-01
    2.70569712e-01 8.24254155e-02 7.20782995e-01 3.78105760e-01
    7.76123285e-01 1.67668104e-01 2.24503934e-01 7.59226680e-01
    6.98378444e-01 8.29725623e-01 7.97188282e-03 1.16011977e-01
    1.42251581e-01 3.07352006e-01 9.43992555e-01 4.93101805e-01
    3.52194190e-01 1.27034932e-01 3.57693791e-01 9.37817693e-01
    5.63656926e-01 1.35990024e-01 9.52194929e-01 7.79827237e-02
    4.13483977e-01 2.19848335e-01 4.32962805e-01 3.29252899e-01
    5.40029526e-01 3.55215669e-01 3.36855948e-01 5.47087789e-01
    7.58939922e-01 7.54754186e-01 8.73162746e-01 6.86291695e-01
    8.34746361e-01 5.57988882e-02 7.29826570e-01 8.88676524e-01
    6.93314552e-01 2.60975957e-01 4.09965068e-01 1.47232860e-01
    4.63582724e-01 8.97644579e-01 9.84822631e-01 1.79411799e-01
    9.84384477e-01 5.84424317e-01 9.24588740e-02 7.51180172e-01
    4.86626148e-01 7.98575044e-01 4.05702859e-01 7.19984174e-01
    2.60222018e-01 2.65959203e-01 2.14495629e-01 8.60720158e-01
    3.08854669e-01 8.83799791e-03 1.32047355e-01 6.34238720e-01
    7.20969737e-02 1.02496296e-01 4.76427615e-01 5.79735339e-01
    8.63663554e-01 6.18927896e-01 8.70212078e-01 4.22497153e-01
    2.76895583e-01 8.20602417e-01 6.56971097e-01 7.49531686e-01
    3.26322138e-01 6.25633061e-01 2.43181080e-01 1.01623237e-02
    6.62335634e-01 5.65447807e-02 2.70876765e-01 8.35063338e-01
    5.35301626e-01 9.94143248e-01 1.45473808e-01 4.10148859e-01
    9.48432863e-01 3.84324580e-01 5.22570670e-01 3.56225371e-02
    6.43501937e-01 3.33627522e-01 8.54752421e-01 2.69053906e-01
    8.37880731e-01 1.89075470e-02 9.93079066e-01 8.60127807e-02
    2.30151623e-01 5.67440450e-01 7.31424630e-01 7.41210818e-01
    7.08951294e-01 9.64227200e-01 7.32950509e-01 1.77844733e-01
    2.62805820e-01 1.98198318e-01 4.76467192e-01 3.56785417e-01
    4.81933355e-02 9.02939916e-01 9.59955931e-01 3.57174575e-02
    7.13664830e-01 7.59691238e-01 2.17144221e-01 6.51909709e-02
    9.57977653e-01 2.38783330e-01 5.69687188e-02 5.58131933e-01
    1.53814673e-01 3.84983480e-01 7.51035929e-01 1.98873699e-01
    3.51140022e-01 7.91133702e-01 6.94533408e-01 5.95093191e-01
    7.69451916e-01 4.21152472e-01 4.82359529e-01 8.54072273e-02
    4.64789480e-01 2.42180318e-01 8.08402181e-01 5.01945615e-01
    2.71782368e-01 1.14350915e-02 1.64978147e-01 1.91312999e-01
    4.98569101e-01 7.67877102e-01 4.48924392e-01 1.21716410e-01
    8.12445760e-01 6.32821262e-01 9.54333782e-01 4.43404317e-02
    3.51267338e-01 6.45283341e-01 7.48104036e-01 4.37240750e-01
    2.79589415e-01 6.81323409e-02 1.91127717e-01 3.92843664e-01
    8.58468533e-01 5.96545637e-01 1.11996204e-01 6.98478222e-01
    7.49367118e-01 9.38568950e-01 1.78418398e-01 7.16555476e-01
    9.03262973e-01 7.79744446e-01 2.97628880e-01 1.46142751e-01
    9.11224782e-02 1.69568807e-01 4.02726561e-01 7.18452990e-01
    9.61326122e-01 2.20399499e-01 4.16590720e-01 7.85075545e-01
    6.48825765e-01 8.23785186e-01 3.85359049e-01 4.99044031e-01
    2.68764913e-01 5.26023805e-01 3.97794753e-01 7.34671056e-01
    6.60408020e-01 4.22480226e-01 8.42479467e-01 5.48804164e-01
    4.04324234e-01 1.95216358e-01 6.70040369e-01 3.40177417e-01
    1.26982033e-01 9.29744184e-01 4.22283351e-01 6.29185319e-01
    6.65704548e-01 4.42927033e-01 4.52322960e-02 8.89587283e-01
    1.30506754e-01 6.72370970e-01 6.67229831e-01 1.81081563e-01
    1.12882018e-01 5.02762735e-01 3.17969263e-01 9.73827124e-01
    6.52363598e-02 8.17633033e-01 7.22426891e-01 8.28711331e-01
    1.70850217e-01 7.38536716e-01 1.24983191e-02 5.15447676e-01
    1.09753013e-02 5.27969539e-01 2.42249370e-02 8.09472084e-01
    5.91092765e-01 8.35309148e-01 1.18779361e-01 7.82861352e-01
    6.02082312e-02 6.26956522e-01 4.60534096e-02 8.91693115e-01
    7.42880225e-01 9.67291117e-01 3.17086279e-01 2.54909098e-01
    8.74473572e-01 9.82237577e-01 3.47863168e-01 8.23139787e-01
    1.80354297e-01 7.49350309e-01 7.65620112e-01 8.50176215e-01
    2.35971659e-01 1.73230350e-01 9.78161931e-01 4.56297159e-01
    7.57350326e-01 4.70231473e-01 4.76794273e-01 7.76123762e-01
    3.61331969e-01 6.35430515e-02 8.93738866e-01 2.65383124e-02
    8.14435363e-01 8.66841078e-01 4.90244716e-01 5.19697607e-01
    3.58304709e-01 6.60497665e-01 3.34917039e-01 3.79381657e-01
    5.40328503e-01 2.96149105e-01 1.71907991e-01 3.72581154e-01
    8.41757536e-01 1.77958757e-01 1.57749265e-01 5.79567373e-01
    5.29292405e-01 7.08237946e-01 5.64264059e-02 2.40151107e-01
    7.34286547e-01 8.71451616e-01 3.63845259e-01 8.79634798e-01
    5.42351782e-01 2.17022151e-01 9.40491438e-01 7.89638281e-01
    1.09716296e-01 6.31038547e-01 2.61607826e-01 1.80206329e-01
    4.94543970e-01 3.55131805e-01 1.54822707e-01 1.07945412e-01
    2.45271802e-01 8.35726857e-01 5.49466610e-01 4.00501281e-01
    9.12859142e-01 8.59457016e-01 4.44809377e-01 9.64013696e-01
    4.05072600e-01 4.93521094e-01 9.08888817e-01 7.03730285e-02
    1.28597021e-02 3.70976269e-01 8.61910462e-01 4.39941496e-01
    4.96772349e-01 8.39479446e-01 9.84657168e-01 7.42674828e-01
    8.98903608e-01 9.62257028e-01 6.41161084e-01 1.14141703e-02
    6.73725665e-01 2.65662968e-02 7.90382981e-01 9.17706668e-01
    6.06302023e-01 4.44885552e-01 6.25768304e-03 8.38649869e-01
    1.37776315e-01 5.68204820e-02 7.25862801e-01 6.40602827e-01
    9.83939350e-01 9.17761862e-01 6.81183636e-01 5.92647016e-01
    7.74146438e-01 6.08893454e-01 5.78868389e-01 4.54750419e-01
    2.04308927e-01 2.71137297e-01 1.09581590e-01 8.47702920e-02
    6.79820895e-01 4.90379244e-01 6.29540384e-02 6.41357601e-02
    9.99491870e-01 7.30858743e-01 9.58018303e-02 5.18886507e-01
    6.56939864e-01 7.67841101e-01 8.65399480e-01 5.31560838e-01
    1.82466835e-01 9.02118623e-01 1.32694095e-01 8.66276383e-01
    1.98056668e-01 7.81878352e-01 5.75417280e-01 1.41538560e-01
    4.74941701e-01 9.49591339e-01 6.85298085e-01 4.56541359e-01
    5.48843682e-01 4.27555144e-02 2.01236248e-01 4.97159690e-01
    6.07642055e-01 9.03234899e-01 6.90800071e-01 5.95958829e-02
    1.62407368e-01 9.57224667e-02 4.31715280e-01 6.86865807e-01
    9.41032767e-02 8.08612227e-01 1.31088495e-02 3.78446043e-01
    5.75115204e-01 3.72879475e-01 4.35044557e-01 9.04071093e-01
    5.10617375e-01 3.08879912e-01 7.11069405e-01 8.59025240e-01
    9.85085726e-01 6.77274048e-01 6.32528186e-01 9.52621460e-01
    2.98823178e-01 6.93619251e-01 9.93333697e-01 8.68094325e-01
    2.90268719e-01 8.33436251e-01 1.32247746e-01 2.76774049e-01
    4.61972684e-01 4.13753331e-01 1.56326413e-01 5.29562950e-01
    7.50792742e-01 8.18657875e-02 9.69862103e-01 9.89163041e-01
    4.22458410e-01 6.60995901e-01 1.90277070e-01 8.17901492e-01
    9.05702472e-01 4.96025711e-01 7.28092790e-01 9.85655367e-01
    7.31942892e-01 5.84078014e-01 5.05738616e-01 1.61356956e-01
    7.55487978e-02 5.18776059e-01 1.29461408e-01 3.92933309e-01
    4.68416065e-01 8.88321996e-02 6.58273399e-01 5.02578378e-01
    7.59082794e-01 8.86918008e-01 5.13908207e-01 2.97896922e-01
    6.69381917e-01 2.38535702e-01 1.64849669e-01 6.38466239e-01
    5.50703645e-01 9.11165774e-01 2.75477022e-01 9.03937459e-01
    5.83598733e-01 2.88651168e-01 7.19537854e-01 5.17811775e-02
    8.30302775e-01 1.79433763e-01 7.76149511e-01 2.23357648e-01
    5.95608234e-01 7.73537576e-01 6.93100452e-01 2.68428445e-01
    1.96817011e-01 6.04229212e-01 7.97267735e-01 2.82542944e-01
    5.86458266e-01 4.11859095e-01 6.33479893e-01 5.99418521e-01
    4.94961739e-02 3.48141372e-01 4.31123793e-01 7.63193429e-01
    4.68824029e-01 4.22333062e-01 1.08723998e-01 8.42548251e-01
    6.46901727e-01 1.64933860e-01 1.41877502e-01 4.15639699e-01
    2.29590505e-01 5.50650358e-02 2.36615837e-02 7.78772235e-01
    7.00163484e-01 9.95732188e-01 9.25577044e-01 1.55898005e-01
    6.23649359e-02 7.19132900e-01 9.35982466e-01 4.31123227e-01
    9.49367464e-01 6.38484359e-02 2.78655022e-01 7.93684602e-01
    8.58505070e-01 6.79166913e-02 7.97281265e-01 5.13221204e-01
    5.57061315e-01 5.08188963e-01 7.51358271e-01 6.71842396e-02
    4.54662204e-01 8.59761596e-01 6.54205680e-01 9.64721322e-01
    4.16548431e-01 9.52932715e-01 3.90019953e-01 1.04627192e-01
    9.02294219e-02 5.66930354e-01 1.84018016e-02 1.97207958e-01
    3.71128708e-01 1.67910278e-01 3.97177160e-01 9.79291439e-01
    6.34821415e-01 1.46054834e-01 4.11422670e-01 8.17556083e-01
    7.62844086e-01 4.81436908e-01 6.78914666e-01 7.41366565e-01
    9.82918799e-01 5.52190661e-01 5.26837289e-01 6.53440714e-01
    6.34434223e-02 1.82166129e-01 1.60659462e-01 4.11595583e-01
    8.91462982e-01 8.22033286e-01 9.22631204e-01 3.35339189e-01
    6.27524972e-01 7.24754035e-01 3.38628262e-01 2.86354780e-01
    7.32241392e-01 6.12803757e-01 5.06616592e-01 4.99877125e-01
    9.16696668e-01 9.63273227e-01 5.00778198e-01 5.29603958e-01
    1.35538012e-01 9.34367120e-01 2.47796774e-01 6.49083912e-01
    4.08007920e-01 7.12676942e-01 1.63248867e-01 2.01955646e-01
    6.58851981e-01 9.31985915e-01 8.15066099e-01 1.15272045e-01
    8.52023363e-01 2.14326590e-01 7.97393441e-01 9.84193563e-01
    8.03492904e-01 3.64256561e-01 9.86508250e-01 4.20486659e-01
    4.27224159e-01 8.22191238e-01 4.16970760e-01 9.72397923e-02
    7.13259757e-01 1.25615388e-01 5.37307203e-01 7.80649960e-01
    9.51077580e-01 6.50857747e-01 6.63706124e-01 2.51833618e-01
    3.82404536e-01 5.37647486e-01 8.82680118e-02 4.74175125e-01
    3.60283583e-01 4.06647623e-02 1.99148059e-02 7.10311294e-01
    2.91246146e-01 1.80547267e-01 5.20863235e-01 1.00240707e-01
    9.22007561e-01 2.20527828e-01 2.27021396e-01 2.58824587e-01
    6.90160871e-01 8.41155171e-01 2.84320712e-01 9.69286084e-01
    9.38753426e-01 2.92870402e-03 4.83343035e-01 1.30474865e-02
    5.17775536e-01 1.67570591e-01 6.80275500e-01 3.84188473e-01
    1.60757184e-01 6.16407752e-01 4.14996922e-01 9.41754639e-01
    9.00964022e-01 5.89470863e-02 5.12132049e-03 5.10989666e-01
    4.64299649e-01 4.11300421e-01 5.60255289e-01 3.55756283e-01
    1.30489171e-02 1.53539270e-01 4.93497342e-01 9.04880881e-01
    9.79940891e-01 4.56824362e-01 1.29164726e-01 1.52351558e-01
    1.30365521e-01 9.54665542e-01 2.74103671e-01 2.44823754e-01
    3.55310798e-01 7.44926751e-01 4.77137029e-01 4.09665883e-01
    2.59454459e-01 6.76352262e-01 7.78634906e-01 7.92016864e-01
    4.51246262e-01 4.11546201e-01 7.29039729e-01 9.67225075e-01
    5.65021753e-01 8.55976224e-01 1.32234633e-01 9.45334375e-01
    8.01297724e-01 4.23485935e-02 6.51261449e-01 9.63681400e-01
    3.57664704e-01 9.96014774e-02 3.82853627e-01 8.49179506e-01
    2.95424581e-01 2.83277392e-01 3.29799891e-01 8.69393051e-02
    6.62716031e-01 5.53863347e-01 5.11566460e-01 2.18424469e-01
    9.18149948e-03 7.81131744e-01 4.64489520e-01 6.00578249e-01
    7.51436472e-01 1.94852442e-01 9.81307209e-01 7.27409124e-03
    7.32025445e-01 3.60230386e-01 3.94122720e-01 3.78087044e-01
    7.99572945e-01 7.30405569e-01 2.73202211e-01 3.70310068e-01
    1.47801936e-01 7.07423806e-01 1.99352950e-01 1.46296293e-01
    3.88628244e-02 4.07130122e-02 3.26144457e-01 4.93428886e-01
    1.81812346e-01 9.16343629e-01 4.22400832e-01 9.84851122e-02
    7.48054504e-01 7.54265726e-01 1.61864877e-01 9.80108857e-01
    2.10551500e-01 1.30274206e-01 6.52015567e-01 4.75098997e-01
    7.54319906e-01 5.73074043e-01 8.26810598e-02 2.05809504e-01
    6.58696294e-02 6.60987735e-01 1.05638832e-01 8.57226908e-01
    5.49168587e-01 1.23306453e-01 2.02764034e-01 3.37845802e-01
    4.05876517e-01 3.37833047e-01 6.46993876e-01 8.96739721e-01
    6.31074786e-01 8.27570260e-02 5.61370254e-01 2.52470136e-01
    7.58761406e-01 8.33622694e-01 6.05975986e-02 9.43642497e-01
    6.18282974e-01 1.65530980e-01 5.29160202e-01 4.51367676e-01
    7.99842894e-01 3.55772793e-01 9.25476491e-01 9.46203828e-01
    5.94803333e-01 7.56465316e-01 6.78809702e-01 2.48933882e-01
    2.04135150e-01 2.99737930e-01 3.56894732e-01 8.34913373e-01
    4.95877236e-01 9.95940030e-01 1.56276971e-01 1.30426884e-01
    1.91987455e-02 8.00750017e-01 4.78933573e-01 8.28579545e-01
    3.31407696e-01 6.37891471e-01 3.32077742e-01 2.37315804e-01
    9.27224278e-01 5.30782282e-01 3.01567823e-01 4.20659930e-01
    6.73129082e-01 5.07370472e-01 3.57503861e-01 7.68320680e-01
    2.00936586e-01 3.66785318e-01 2.58207262e-01 6.84553504e-01
    5.85061491e-01 8.21930587e-01 6.38758183e-01 3.24411094e-01
    5.32572508e-01 8.06716919e-01 4.22686279e-01 5.89996517e-01
    5.42652667e-01 9.97438073e-01 1.63238347e-02 9.08660293e-02
    2.07838923e-01 6.47490144e-01 1.49269313e-01 2.75008321e-01
    1.22126251e-01 8.33596289e-02 7.94934034e-02 9.66745079e-01
    5.45722544e-01 4.34917510e-01 9.03829336e-02 9.28255320e-01
    1.56843543e-01 8.56162310e-01 2.43646234e-01 2.09755659e-01
    1.83961630e-01 5.45546710e-01 5.81563413e-02 1.11343533e-01
    2.96357453e-01 3.51257145e-01 6.46947026e-02 1.65019602e-01
    7.86660075e-01 8.90714288e-01 7.19603181e-01 8.61912429e-01
    3.40647727e-01 2.81623691e-01 2.44763583e-01 1.34180248e-01
    6.45657182e-01 9.41901326e-01 7.53006101e-01 1.71004742e-01
    6.71847284e-01 3.69064242e-01 9.76244450e-01 1.93771333e-01
    9.60070014e-01 3.83057475e-01 5.20186484e-01 1.69525802e-01
    8.37367833e-01 7.09625661e-01 2.15125859e-01 6.44888759e-01
    3.19795310e-01 5.89317799e-01 5.66776752e-01 2.41346151e-01
    2.82123208e-01 3.21683586e-01 1.79165572e-01 5.76728165e-01
    7.10474968e-01 3.91041189e-01 4.81076837e-01 2.33274609e-01
    2.12075144e-01 5.65741420e-01 6.74437284e-01 5.67716181e-01
    9.79177177e-01 1.08521819e-01 6.88848853e-01 9.95604515e-01
    5.76386034e-01 6.44696057e-01 9.20997620e-01 2.04426646e-02
    1.08631879e-01 5.39015830e-02 9.02360082e-01 1.43917173e-01
    2.93140024e-01 9.27334130e-02 8.77961040e-01 2.52108842e-01
    7.84303427e-01 6.84821546e-01 3.90390813e-01 2.29419440e-01
    3.12811643e-01 8.74330580e-01 5.20601034e-01 9.18154716e-01
    3.50293756e-01 6.27258480e-01 4.82133329e-01 2.32084513e-01
    3.47977161e-01 6.10586345e-01 3.10078621e-01 7.56882548e-01
    3.58215272e-02 2.28020459e-01 1.30658776e-01 7.31004715e-01
    4.26529855e-01 5.94029725e-01 7.15295076e-02 7.55387545e-02
    9.23547268e-01 2.03589529e-01 4.39295322e-01 1.48989886e-01
    3.32655251e-01 6.55654907e-01 5.39027750e-01 5.98358214e-01
    2.87553251e-01 8.50373626e-01 3.56173098e-01 6.13545477e-01
    2.19007939e-01 8.52520585e-01 8.02594721e-01 1.69519842e-01
    2.92165250e-01 1.18387043e-01 1.57552421e-01 7.76083767e-02
    3.18320990e-01 9.51665938e-01 5.82359850e-01 5.63552499e-01
    8.38653088e-01 7.70307302e-01 9.44022059e-01 8.98168564e-01
    8.14195335e-01 1.53971016e-01 7.66004562e-01 5.11229992e-01
    6.34877563e-01 2.48905718e-02 2.24634677e-01 7.12651193e-01
    6.55354142e-01 6.13988280e-01 1.75730824e-01 1.36142015e-01
    8.49552333e-01 9.11421001e-01 5.37195683e-01 8.49140525e-01
    8.72834861e-01 7.02900887e-01 3.20745051e-01 8.91587734e-01
    7.60484219e-01 7.42803335e-01 7.60088682e-01 8.84977520e-01
    8.49663138e-01 2.53922939e-02 5.26587486e-01 6.39490306e-01
    1.56495959e-01 5.15032113e-01 8.20508897e-01 5.45114756e-01
    4.06039864e-01 9.17202711e-01 6.42760575e-01 6.57635093e-01
    1.08377993e-01 9.06260669e-01 2.32149035e-01 1.84645116e-01
    8.21790457e-01 8.30367684e-01 7.47626483e-01 6.23366714e-01
    2.08357543e-01 8.48556638e-01 8.31338286e-01 5.30588746e-01
    6.56548202e-01 8.90090942e-01 2.57819533e-01 3.39342505e-01
    6.71890318e-01 3.03089827e-01 8.77092838e-01 6.01231217e-01
    1.49141848e-01 6.67700171e-01 4.01350617e-01 1.52678579e-01
    3.03696692e-02 2.32554168e-01 1.55487418e-01 1.56527817e-01
    6.92700684e-01 7.11050272e-01 2.12381482e-02 6.23285353e-01
    3.42826366e-01 6.86639428e-01 5.71958423e-01 8.96390736e-01
    7.74008274e-01 2.86234617e-01 1.04624063e-01 4.14285362e-01
    8.10596108e-01 1.81993991e-01 3.46466482e-01 7.47108757e-02
    3.21907550e-01 1.10764444e-01 9.77691233e-01 9.34834838e-01
    8.65863681e-01 3.74752522e-01 8.83411169e-01 3.29975963e-01
    9.45226729e-01 8.78379762e-01 8.09172809e-01 6.47084713e-01
    8.84135485e-01 9.86049771e-02 9.97785330e-02 7.04760075e-01
    7.12453961e-01 7.70498931e-01 8.12380910e-01 2.11710930e-02
    6.82103634e-01 5.65757990e-01 2.83173323e-02 4.07412648e-03
    7.33596027e-01 6.26186728e-01 3.67439300e-01 3.62653434e-01
    1.91801399e-01 3.54707062e-01 7.02807784e-01 7.89476633e-01
    6.43768191e-01 1.44315988e-01 5.24945319e-01 9.60107088e-01
    5.61741889e-01 7.68133819e-01 7.92691588e-01 6.32108033e-01
    8.82841051e-01 9.37212229e-01 6.29109800e-01 9.36075985e-01
    2.27023214e-01 2.02495307e-01 2.31895119e-01 9.19944048e-03
    5.07441163e-02 3.96447659e-01 3.54840755e-02 6.68640494e-01
    2.04920799e-01 1.15248531e-01 5.20298064e-01 6.09265268e-02
    1.68614089e-02 2.90765464e-02 6.12601280e-01 1.33966744e-01
    2.01830298e-01 6.72279119e-01 4.48350102e-01 3.25549424e-01
    6.26388788e-01 5.62560856e-01 8.11305165e-01 3.74872267e-01
    9.33767617e-01 4.93760586e-01 5.11642754e-01 2.77530849e-01
    4.87769306e-01 7.92189598e-01 9.04067159e-01 1.75230265e-01
    4.85840380e-01 6.38502836e-01 1.05406106e-01 2.14582145e-01
    6.78342700e-01 8.42440128e-03 3.59485984e-01 3.86298180e-01
    4.33783174e-01 6.43876314e-01 5.32179058e-01 7.95921683e-01
    9.74350691e-01 2.47139871e-01 3.16713631e-01 7.70576417e-01
    3.76981914e-01 8.06141436e-01 6.20251060e-01 9.42478776e-02
    4.35666174e-01 1.49667412e-01 1.87229276e-01 5.95216930e-01
    2.71130323e-01 9.13882732e-01 9.71879780e-01 1.81196928e-02
    6.92658424e-02 9.47916508e-02 6.79005861e-01 7.82257617e-02
    5.45170009e-01 2.41646767e-01 2.99079955e-01 4.12488341e-01
    4.70510274e-01 1.63858771e-01 2.21545249e-01 8.64337981e-01
    4.09640729e-01 4.19514954e-01 7.74393082e-01 4.83928382e-01
    2.74203748e-01 6.68493927e-01 9.26105380e-02 4.71199691e-01
    8.66021633e-01 6.57030106e-01 3.15500438e-01 6.61506414e-01
    4.28749144e-01 5.43779075e-01 5.04351199e-01 4.34366167e-02
    3.87289822e-01 8.04339647e-01 4.16331142e-01 9.69803452e-01
    4.89184231e-01 5.34811914e-01 6.10217154e-01 2.48718560e-01
    3.92134368e-01 5.94911277e-01 7.23952353e-01 5.94244719e-01
    9.55582857e-01 4.53877300e-01 2.54387826e-01 3.66578817e-01
    6.96617603e-01 2.14526206e-01 8.83728862e-02 3.08305025e-01
    2.12278634e-01 9.91469145e-01 3.10642362e-01 7.60018110e-01
    1.77821189e-01 3.92240226e-01 3.56435776e-05 6.45637810e-01
    6.72647893e-01 6.58561766e-01 7.72232533e-01 5.32258332e-01
    1.73762500e-01 6.49787486e-02 1.97296411e-01 1.66228563e-01
    9.34693158e-01 6.47107899e-01 4.74932700e-01 5.07746100e-01
    7.21884489e-01 5.95561683e-01 9.36719000e-01 6.61697388e-01
    2.04717427e-01 1.59907788e-01 4.62608725e-01 7.37285852e-01
    4.50610131e-01 9.46552992e-01 5.43643475e-01 7.34123588e-01
    8.54389369e-01 7.05549061e-01 9.01637435e-01 7.88948774e-01
    5.94757974e-01 8.44818115e-01 3.49305302e-01 2.49775797e-01
    2.74473310e-01 2.05944479e-01 8.30165148e-01 1.51480645e-01
    1.13206953e-01 4.96011078e-02 5.11983633e-01 4.45381373e-01
    4.20013368e-02 6.37539625e-02 4.31423277e-01 9.41296279e-01
    3.48842800e-01 9.30798411e-01 7.83531904e-01 1.31629080e-01
    2.13302493e-01 2.61704326e-02 9.36085522e-01 2.59804934e-01
    9.21666920e-01 4.01055425e-01 2.55822957e-01 7.22437084e-01
    2.28683829e-01 7.87829936e-01 2.07925498e-01 8.18815291e-01
    6.18770719e-01 6.21884584e-01 1.08032495e-01 9.33569968e-01
    3.58630449e-01 4.65239227e-01 7.18217731e-01 2.97178209e-01
    7.91912615e-01 5.87501526e-01 2.82620162e-01 5.20007193e-01
    7.61584282e-01 8.76235008e-01 9.39795136e-01 2.74406314e-01
    3.84053737e-01 2.37181813e-01 9.65982556e-01 5.70156991e-01
    6.21353269e-01 7.90426970e-01 4.11982775e-01 9.13736820e-01
    4.57369983e-01 5.20362318e-01 8.90888989e-01 5.52247703e-01
    8.49121094e-01 1.06978685e-01 1.94627613e-01 7.24879384e-01
    7.85501480e-01 6.09418869e-01 7.16188014e-01 7.88575113e-02
    1.88524902e-01 1.99557662e-01 5.88125467e-01 8.18018079e-01
    5.46918988e-01 7.08110392e-01 3.82591903e-01 1.72900587e-01
    4.90132660e-01 6.83881521e-01 5.84120154e-01 9.41806436e-01
    8.39337230e-01 6.31432891e-01 4.29089159e-01 6.44702852e-01
    6.11451089e-01 3.06245327e-01 6.92949712e-01 9.25823450e-01
    3.07797313e-01 7.11951852e-01 7.07872212e-02 4.88026291e-01
    1.10235512e-01 3.75498742e-01 5.86129665e-01 2.16230452e-01
    2.92447358e-01 8.96959066e-01 3.85363340e-01 1.83576524e-01
    8.78248811e-01 2.05611497e-01 5.33906639e-01 2.26480991e-01
    4.41643804e-01 5.09369671e-01 8.38551342e-01 9.97525930e-01
    8.79460871e-02 8.18352282e-01 8.04219484e-01 5.13317525e-01
    8.15881610e-01 5.60892522e-01 1.65991843e-01 5.31146944e-01
    6.53500855e-01 5.04685760e-01 1.40878856e-01 4.76723909e-03
    2.07278460e-01 1.52805090e-01 3.84383082e-01 9.57675576e-01
    3.88855577e-01 3.26573551e-01 7.03241467e-01 2.74027646e-01
    2.11161911e-01 3.19447577e-01 9.72460032e-01 2.97319114e-01
    4.48206961e-02 8.21446538e-01 5.59213042e-01 9.50679123e-01
    8.31530750e-01 5.72017014e-01 1.91649407e-01 3.76378536e-01
    5.28361738e-01 8.95124376e-01 2.37751901e-01 3.46164644e-01
    4.09313411e-01 4.36624020e-01 4.97948736e-01 9.04324472e-01
    9.84906912e-01 6.62037253e-01 2.45041400e-01 4.37739313e-01
    9.73680973e-01 9.28864241e-01 9.46081758e-01 7.46047974e-01
    5.08113086e-01 6.39980316e-01 5.75873196e-01 6.64449930e-01
    6.76763415e-01 9.05488968e-01 9.47637677e-01 2.37039208e-01
    1.17618054e-01 9.91350472e-01 3.88774693e-01 5.43657601e-01
    9.09903169e-01 5.25191247e-01 2.11117566e-02 9.43149865e-01
    7.29935527e-01 8.29282999e-01 4.75508571e-01 2.82510757e-01
    6.88224435e-01 6.48375392e-01 4.63349223e-01 8.44062448e-01
    5.40356815e-01 1.49140894e-01 5.24522901e-01 4.91886437e-01
    3.39397103e-01 7.35968649e-01 5.39933085e-01 9.69358742e-01
    3.48186105e-01 1.52660936e-01 8.99724722e-01 3.32219571e-01
    2.42610067e-01 7.29288280e-01 2.23929673e-01 2.76737213e-02
    7.62295365e-01 6.25545919e-01 5.14073849e-01 4.68412459e-01
    8.61474633e-01 5.89333415e-01 4.20131177e-01 8.10583353e-01
    5.89869320e-01 8.03018272e-01 5.79412282e-01 2.79907405e-01
    6.61682010e-01 8.07265937e-02 3.81452322e-01 3.64240944e-01
    5.54668844e-01 7.47983456e-01 2.61491358e-01 6.82814121e-01
    4.03414816e-01 3.11367959e-01 1.36949986e-01 4.81049210e-01
    4.35291409e-01 8.90227318e-01 4.99537587e-02 9.16760206e-01
    8.63538086e-01 6.48447990e-01 5.50648987e-01 9.30328190e-01
    1.99021876e-01 5.86424053e-01 3.56362879e-01 5.80387294e-01
    5.35547078e-01 5.26551604e-02 1.60367966e-01 5.85231245e-01
    2.79915094e-01 4.26668644e-01 1.00443810e-01 8.46747756e-01
    1.72923923e-01 6.95880115e-01 1.69562697e-01 5.18145204e-01
    2.06272900e-01 5.82468867e-01 3.44818175e-01 4.35582817e-01
    1.77670121e-01 8.27006578e-01 4.99276638e-01 3.06525826e-01
    1.16638720e-01 5.72136045e-02 2.61819661e-02 8.19419026e-01
    6.45212710e-01 2.74718583e-01 5.65439761e-02 9.24396515e-03
    8.70559990e-01 7.95296609e-01 4.86171931e-01 8.76194715e-01
    9.86266613e-01 7.92610526e-01 2.47620404e-01 4.83128190e-01
    7.27945924e-01 7.80324280e-01 6.47702873e-01 5.53949475e-01
    4.34258878e-01 2.43845701e-01 3.49414527e-01 4.33385819e-01
    9.80553269e-01 9.22644854e-01 4.22447920e-03 6.68224812e-01
    9.83897448e-01 6.68947935e-01 6.35090411e-01 1.51121616e-02
    3.07271183e-02 7.63162971e-02 6.16215467e-01 3.79799008e-01
    8.16294432e-01 6.79194987e-01 2.17793167e-01 1.50930643e-01
    2.59361565e-01 5.33780336e-01 8.82047713e-02 4.48617339e-03
    1.22075319e-01 9.70708728e-01 7.09605515e-01 2.31994659e-01
    5.47004521e-01 1.19849086e-01 4.21696961e-01 7.25130081e-01
    6.38819218e-01 8.33918095e-01 4.08946216e-01 9.03274179e-01
    8.54162097e-01 1.19909614e-01 2.52576679e-01 7.59604573e-02
    9.93092299e-01 1.10308290e-01 7.04703033e-02 3.58714342e-01
    3.13963234e-01 9.50568318e-02 2.07959652e-01 5.42818606e-02
    2.64122128e-01 9.75138307e-01 4.59665060e-01 8.81003857e-01
    4.20163631e-01 8.84042501e-01 3.40927720e-01 8.49367738e-01
    3.71612489e-01 2.17187405e-03 3.33380193e-01 9.48786139e-01
    5.93973458e-01 1.45049453e-01 7.44966626e-01 4.08161342e-01
    8.29447210e-02 5.37102580e-01 5.27722359e-01 5.17391264e-02
    4.98407483e-02 6.74930692e-01 2.88442105e-01 5.75947583e-01
    3.62834364e-01 7.88226366e-01 3.38336825e-01 7.73603439e-01
    3.80218267e-01 7.43379474e-01 4.99346644e-01 7.35971630e-01
    4.08397913e-01 1.51443541e-01 3.56805414e-01 5.03654003e-01
    5.14627695e-02 5.80113053e-01 5.51849842e-01 2.09901929e-01
    1.35701746e-01 6.90694153e-02 4.70912814e-01 8.79564524e-01
    1.46552354e-01 7.36283362e-02 9.14004505e-01 7.32159913e-01
    8.34302664e-01 1.38218194e-01 6.12123787e-01 3.41973007e-01
    1.56718493e-02 3.03544283e-01 3.79359663e-01 7.80279756e-01
    1.68401927e-01 4.30380404e-02 1.76359177e-01 6.23391151e-01
    6.30007029e-01 1.59753352e-01 8.75642300e-01 6.56262636e-01
    5.54958284e-01 6.73422694e-01 6.84557259e-02 4.09356117e-01
    7.28364944e-01 9.80693340e-01 6.86685324e-01 1.83450639e-01
    9.56212282e-01 2.49158412e-01 8.19170773e-02 1.22865140e-01
    4.53545600e-01 9.81495738e-01 8.90890121e-01 3.13573927e-01
    8.32854450e-01 4.02567983e-01 4.58561718e-01 2.74305284e-01
    3.18491966e-01 7.92263746e-01 7.02599585e-01 6.62746787e-01
    6.14217818e-01 5.60881615e-01 2.07155615e-01 8.03538322e-01
    8.61774564e-01 7.13089943e-01 3.20653826e-01 1.53379291e-01
    8.07839632e-03 8.37369919e-01 3.73326421e-01 8.13155174e-02
    4.71180886e-01 1.91947192e-01 6.45449877e-01 6.13863528e-01
    4.47078943e-01 3.56194973e-01 7.01813459e-01 6.64826095e-01
    7.06376433e-01 4.48469222e-01 8.64028335e-01 4.11406338e-01
    7.91157782e-01 3.93708199e-01 3.10416609e-01 6.80045426e-01
    1.03989184e-01 2.50176668e-01 8.19261312e-01 8.82048368e-01
    2.17581660e-01 8.41881990e-01 2.36798525e-01 3.37625504e-01
    2.90257573e-01 1.55671537e-02 6.36764169e-01 9.22330499e-01
    1.72994316e-01 2.50536799e-01 3.11062127e-01 1.02993250e-01
    5.38520753e-01 2.64362097e-01 1.23281389e-01 4.75583315e-01
    2.16315359e-01 4.13998246e-01 1.45217508e-01 2.50865817e-02
    2.09378064e-01 5.94457090e-02 8.54851842e-01 8.58848214e-01
    2.23624885e-01 2.96525180e-01 3.71927053e-01 8.97116303e-01
    7.94415236e-01 5.67626536e-01 1.50558949e-01 7.44675875e-01
    5.13887703e-02 8.07282567e-01 3.68484259e-01 6.00003004e-02
    3.95305663e-01 9.96545136e-01 9.57014918e-01 4.01893079e-01
    3.09320390e-01 5.58419347e-01 4.37848359e-01 5.42731822e-01
    7.62144327e-01 4.80039328e-01 8.25909376e-02 1.28556162e-01
    2.57553905e-01 4.83783811e-01 5.11334121e-01 3.49702537e-01
    7.84856200e-01 1.87711537e-01 2.49840915e-01 2.33857960e-01
    6.90654039e-01 9.26397264e-01 4.85776395e-01 2.31216162e-01
    3.91773343e-01 8.34658861e-01 4.06572372e-01 7.26041079e-01
    9.28942740e-01 8.27957392e-01 8.37850809e-01 9.30749893e-01
    7.09960222e-01 3.27673852e-01 3.76334995e-01 4.81343448e-01
    6.66514695e-01 3.53253841e-01 9.44858491e-02 2.84004271e-01
    2.23266602e-01 7.50366688e-01 2.96849906e-02 4.51429486e-01
    1.13461554e-01 7.73767889e-01 2.73971736e-01 2.05787599e-01
    2.86825180e-01 9.15131688e-01 3.68136376e-01 6.55472755e-01
    3.48235399e-01 7.68333435e-01 6.96222544e-01 5.37628770e-01
    7.38143027e-01 8.43180776e-01 6.00902259e-01 6.44346237e-01
    2.65364647e-01 6.05607629e-02 4.63572234e-01 5.37951052e-01
    2.50688851e-01 8.78605247e-01 6.48455024e-02 1.45909637e-01
    2.09820598e-01 1.26672715e-01 8.88981462e-01 7.66587853e-01
    9.52402592e-01 8.93615842e-01 4.70440507e-01 2.61709750e-01
    2.44595706e-01 4.91884142e-01 2.32327759e-01 4.69906092e-01
    8.99152100e-01 3.24242473e-01 3.13970834e-01 2.05299497e-01
    2.62582511e-01 6.05102181e-01 7.67233014e-01 7.17648327e-01
    4.03485239e-01 8.28513563e-01 1.56875283e-01 7.90114403e-01
    5.17788768e-01 4.33162838e-01 3.60148847e-02 9.62249517e-01
    8.50443125e-01 3.50427747e-01 5.12007654e-01 1.88788772e-01
    4.94898736e-01 4.71606433e-01 3.38379085e-01 2.31140077e-01
    8.89162719e-02 6.43369079e-01 7.16767967e-01 5.51030517e-01
    4.01160181e-01 8.19208384e-01 3.93505067e-01 4.99893010e-01
    5.22524476e-01 5.58673859e-01 6.17644906e-01 5.78072906e-01
    5.35685658e-01 7.58900821e-01 9.50778246e-01 8.50792289e-01
    3.24670911e-01 1.99538171e-02 1.93245620e-01 3.99199307e-01
    9.46445882e-01 7.30697691e-01 8.64997506e-01 7.12890804e-01
    5.90394676e-01 9.77881253e-02 9.05014873e-01 6.69092059e-01
    3.27302575e-01 8.25009048e-01 9.93593097e-01 7.29742467e-01
    3.37283909e-01 7.44212747e-01 2.16066122e-01 3.72888893e-01
    7.53543437e-01 4.70490843e-01 9.55727875e-01 3.61741751e-01
    1.28174365e-01 4.34074938e-01 7.22038686e-01 6.81821287e-01
    9.77283120e-01 4.42894369e-01 4.47874427e-01 6.00601733e-02
    1.31582439e-01 8.50366235e-01 3.15538138e-01 3.07047069e-01
    9.10782695e-01 9.56630111e-01 2.09700108e-01 8.64595771e-01
    5.89121759e-01 1.18692994e-01 6.66933656e-02 8.10252428e-01
    4.59524542e-01 5.08546650e-01 1.73662007e-02 3.38751554e-01
    4.07867581e-01 3.67287397e-01 9.46656942e-01 9.50122952e-01
    7.10447133e-01 5.74515522e-01 9.40280974e-01 4.52833116e-01
    7.86600471e-01 1.30773187e-02 2.83225328e-01 7.74400592e-01
    2.51170725e-01 2.65923172e-01 3.77102435e-01 9.71467495e-02
    7.69570231e-01 9.54293132e-01 1.60283059e-01 2.90713280e-01
    7.56617785e-01 8.52954984e-01 4.17347074e-01 5.93673110e-01
    4.64422494e-01 5.93335688e-01 4.83244658e-01 3.68488371e-01
    4.38177168e-01 8.77672076e-01 4.10195172e-01 1.68647975e-01
    6.15096390e-01 4.72111881e-01 5.28658330e-02 2.59942293e-01
    8.54538381e-01 4.39839453e-01 7.37782717e-02 1.84196532e-02
    8.79889727e-02 8.67919624e-01 9.53394055e-01 3.79673183e-01
    4.80797201e-01 3.13010454e-01 6.41734898e-01 4.66510683e-01
    3.54793400e-01 4.43294853e-01 7.74548173e-01 2.34026760e-01
    5.99768281e-01 7.02936411e-01 1.75601304e-01 4.19735253e-01
    2.10871249e-01 2.57387608e-01 9.27447319e-01 1.83552802e-01
    4.34517056e-01 5.08043468e-01 7.11323798e-01 4.06194001e-01
    8.10115695e-01 2.36525863e-01 2.44895011e-01 3.92509222e-01
    9.93486643e-01 2.63556689e-01 3.45451117e-01 4.15184557e-01
    8.06993961e-01 6.94214642e-01 6.91659272e-01 7.91534781e-02
    4.95784491e-01 9.89739299e-01 1.06371045e-01 6.96865141e-01
    8.12716484e-01 8.73542666e-01 4.26787943e-01 8.01856875e-01
    6.56806946e-01 6.88715279e-02 8.34897995e-01 1.80409610e-01
    1.12866253e-01 9.18413520e-01 2.38701820e-01 1.77217036e-01
    1.02208227e-01 2.96571344e-01 1.44696862e-01 2.93815792e-01
    9.50732052e-01 1.12934053e-01 8.31532836e-01 2.11831957e-01
    6.76026225e-01 2.70052761e-01 2.39901483e-01 9.43121910e-02
    8.69199634e-01 2.46559203e-01 5.94260216e-01 7.50810027e-01
    4.99809116e-01 8.19261312e-01 6.38260901e-01 7.61562467e-01
    3.37875068e-01 3.11147511e-01 5.78304946e-01 3.73911321e-01
    9.13410664e-01 4.10288066e-01 4.29422677e-01 2.67236590e-01
    4.35873121e-01 9.40626621e-01 4.21850324e-01 4.24262017e-01
    7.85213947e-01 8.06307912e-01 5.42501390e-01 8.77310991e-01
    7.95691609e-01 4.60341990e-01 1.21321231e-01 8.01250935e-02
    2.73738116e-01 4.74888682e-02 1.95612162e-01 7.27821231e-01
    1.47196680e-01 6.88246191e-01 4.97291833e-01 4.76359308e-01
    3.60033780e-01 8.46512735e-01 3.88812870e-01 2.04830706e-01
    5.90324163e-01 4.76458967e-01 7.49248028e-01 7.08394051e-01
    3.25171947e-01 1.57029361e-01 3.29234481e-01 6.99280679e-01
    6.50054336e-01 5.86130619e-01 5.60607553e-01 9.62158322e-01
    8.57329965e-01 6.70433521e-01 3.45188975e-02 4.68447864e-01
    7.17389882e-01 3.15582454e-01 7.27299690e-01 8.42546821e-01
    5.49827516e-01 4.74823713e-01 2.97888815e-02 3.06780457e-01
    9.47930455e-01 6.76736414e-01 8.03355694e-01 3.20404619e-01
    3.67273629e-01 6.06533289e-01 5.27541518e-01 1.55473739e-01
    7.10094213e-01 5.54564834e-01 9.51463938e-01 6.45932972e-01
    4.92126524e-01 9.29729819e-01 2.83266664e-01 4.39907372e-01
    3.10622156e-02 6.91253841e-02 2.03616023e-01 8.52851927e-01
    2.28350610e-01 1.33641839e-01 8.62667918e-01 4.62493598e-02
    2.44059622e-01 2.23905742e-02 9.49784815e-02 1.46328479e-01
    2.49318868e-01 9.09025431e-01 6.78594768e-01 2.91771591e-01
    2.45148987e-01 3.52652371e-02 1.69989765e-02 5.99588931e-01
    3.55617940e-01 1.50756717e-01 4.87377226e-01 8.92836452e-01
    8.20816696e-01 9.39203203e-01 3.77546251e-01 4.77181613e-01
    8.15642774e-02 7.43520260e-02 4.51512575e-01 5.29410541e-01
    9.73042607e-01 6.21478081e-01 3.31464887e-01 9.83075976e-01
    8.80357325e-01 3.98250759e-01 7.72401094e-02 9.04807985e-01
    3.90018493e-01 5.67679048e-01 4.42138314e-01 9.41692293e-02
    9.10920024e-01 9.89110708e-01 3.30198884e-01 7.84799635e-01
    4.01661694e-01 1.22206241e-01 1.28648669e-01 4.27463055e-01
    5.17939687e-01 5.64361691e-01 7.75344014e-01 7.04710662e-01
    7.54330158e-02 7.43643939e-02 7.92646825e-01 2.48944998e-01
    1.03299618e-02 9.35093403e-01 1.29656196e-01 6.11889958e-02
    4.81993079e-01 9.17257845e-01 9.03089225e-01 3.28359485e-01
    5.51561713e-01 4.95604157e-01 5.01381099e-01 7.52411723e-01
    6.54713631e-01 7.98730016e-01 6.99663103e-01 2.52266943e-01
    8.37151706e-01 6.70758069e-01 1.92374021e-01 5.13519049e-01
    1.63643360e-01 2.98440546e-01 9.44596529e-01 4.03013289e-01
    7.56065011e-01 9.60214734e-02 5.72617769e-01 8.50612044e-01
    7.67420828e-02 2.08298355e-01 5.67217290e-01 6.16006374e-01
    8.35657239e-01 3.67252678e-01 8.59053969e-01 8.16245437e-01
    7.64068484e-01 3.56753945e-01 5.03486097e-01 6.66683018e-01
    1.58244133e-01 9.13518786e-01 2.32758015e-01 9.70954895e-01
    2.70025730e-01 6.63009346e-01 3.78476351e-01 2.32255667e-01
    1.52935505e-01 6.22511744e-01 4.92777526e-02 5.96174181e-01
    2.22210199e-01 1.40605122e-01 5.45808733e-01 4.35501337e-03
    4.06930149e-01 5.31748354e-01 3.43718290e-01 7.55916774e-01
    2.70888209e-03 4.41088080e-01 2.91894436e-01 4.79416043e-01
    5.43249369e-01 2.69160569e-02 8.23782325e-01 8.36010754e-01
    2.56138146e-02 8.88619244e-01 1.86525166e-01 8.98748398e-01
    9.59106028e-01 9.45244372e-01 2.64720529e-01 4.57866043e-01
    3.70683610e-01 9.46733236e-01 4.97435808e-01 1.80207938e-01
    5.89593410e-01 9.96725559e-01 8.91253114e-01 9.67370033e-01
    8.04748714e-01 3.50289762e-01 7.18445718e-01 6.09151721e-01
    5.48586786e-01 5.57762682e-01 5.34079552e-01 9.29872632e-01
    6.81639194e-01 5.63954949e-01 6.41190648e-01 3.75335753e-01
    1.46357238e-01 1.10377818e-01 5.05864501e-01 9.43846941e-01
    5.41068971e-01 3.86441350e-01 5.68975568e-01 5.86827159e-01
    3.88630658e-01 1.76041514e-01 8.63326430e-01 5.32175899e-01
    6.10446572e-01 9.73159969e-02 9.97644663e-02 6.62414372e-01
    5.00135481e-01 6.44613028e-01 3.56629521e-01 8.74339044e-01
    1.46288425e-01 4.62459147e-01 6.01010859e-01 3.18550408e-01
    8.21188092e-03 2.36983657e-01 4.58037257e-02 4.78691041e-01
    3.79908264e-01 7.25870073e-01 8.56881022e-01 9.68559384e-01
    3.92067462e-01 4.49230701e-01 1.07692242e-01 7.09328353e-02
    9.54415202e-01 3.01220924e-01 3.14983428e-01 2.86832035e-01
    3.72457206e-01 3.02940041e-01 9.92053926e-01 8.03630948e-01
    8.68076086e-03 5.81353664e-01 2.80592501e-01 9.68824267e-01
    2.45590955e-01 2.88294792e-01 2.05271184e-01 4.73911136e-01
    4.67954904e-01 9.03312147e-01 2.99965292e-01 7.95919418e-01
    7.04909444e-01 6.78922057e-01 1.18668586e-01 9.73523676e-01
    7.97609568e-01 3.80586445e-01 1.05550289e-02 8.69022250e-01
    8.67664397e-01 8.88933778e-01 3.13658059e-01 8.41510236e-01
    7.47249842e-01 9.28877950e-01 3.68147075e-01 3.27209353e-01
    3.60803008e-02 5.47392845e-01 2.88201690e-01 8.27821434e-01
    2.21612751e-01 4.66576308e-01 5.30178666e-01 8.76188278e-01
    9.52490211e-01 6.75033867e-01 1.90576673e-01 5.10060847e-01
    6.07623994e-01 5.00435591e-01 6.49219155e-01 6.21413946e-01
    7.18974471e-01 4.35618103e-01 8.49422932e-01 1.36639088e-01
    7.05282927e-01 5.28985381e-01 2.59607434e-02 7.15031445e-01
    8.07279229e-01 8.39984775e-01 9.11969304e-01 3.09906393e-01
    2.89757699e-01 4.20023769e-01 6.40532970e-02 4.19548690e-01
    3.40083808e-01 9.58575368e-01 7.29546845e-01 3.30049038e-01
    3.87989700e-01 4.27499056e-01 7.16503024e-01 8.61425519e-01
    1.69483840e-01 2.48053372e-01 4.81345743e-01 8.92544389e-01
    3.70272577e-01 6.09185219e-01 9.10706401e-01 5.54853022e-01
    8.93388987e-01 9.39351797e-01 1.53731883e-01 7.08894134e-01
    2.74486959e-01 4.78652716e-02 8.23035300e-01 6.23284638e-01
    2.70214468e-01 3.35374415e-01 8.76494050e-01 2.19991744e-01
    2.24488229e-01 2.32278675e-01 1.86119020e-01 7.20654130e-01
    5.55073500e-01 8.13844919e-01 1.20051295e-01 8.01435590e-01
    9.49005008e-01 4.91545945e-01 9.36724544e-02 4.45987105e-01
    7.40129650e-01 3.68314981e-02 8.44304621e-01 3.60383630e-01
    3.61398458e-02 3.89162153e-01 2.33353734e-01 6.14666641e-02
    8.38973522e-01 4.42013860e-01 9.02501285e-01 8.56850147e-01
    8.57705474e-02 8.31465602e-01 9.17371988e-01 3.15976173e-01
    8.08272719e-01 7.74852395e-01 5.43392658e-01 5.25461614e-01
    8.92675102e-01 1.57313347e-02 9.80719924e-02 4.75556940e-01
    3.23176086e-01 2.75367498e-03 2.49333680e-01 3.91148806e-01
    5.09961367e-01 4.88868117e-01 7.65878797e-01 8.98971736e-01
    2.55139470e-02 4.49610651e-01 8.68501306e-01 6.17024899e-01
    1.08627439e-01 3.66876602e-01 3.46084177e-01 8.13581645e-01
    1.27127498e-01 3.41293216e-02 8.97695899e-01 8.17483544e-01
    3.20435613e-01 5.90465784e-01 8.98630500e-01 7.07986712e-01
    3.21926475e-02 6.74748600e-01 2.29829639e-01 4.53853637e-01
    7.07018375e-01 3.78005087e-01 2.53824115e-01 5.71040273e-01
    4.31684792e-01 6.16977155e-01 3.81740391e-01 7.09132135e-01
    4.83045071e-01 8.60073686e-01 3.78919393e-01 1.44278765e-01
    3.51631343e-02 3.16298842e-01 9.36969161e-01 5.53976834e-01
    9.11202908e-01 5.97110569e-01 9.01101708e-01 1.43114418e-01
    3.81302834e-03 6.95219338e-01 3.28127503e-01 4.31867361e-01
    8.74704123e-03 8.01168442e-01 2.02754587e-01 8.70924294e-01
    6.48663998e-01 2.42270261e-01 1.08462721e-01 7.77429402e-01
    9.51019228e-02 8.49416494e-01 4.88389611e-01 8.97758961e-01
    6.76280141e-01 9.16731894e-01 5.86661339e-01 3.74700427e-01
    4.15231675e-01 2.62251824e-01 1.86505318e-01 3.24755728e-01
    3.82535964e-01 7.58340597e-01 5.92804313e-01 8.59871507e-03
    6.41527414e-01 9.24651623e-01 1.63936317e-01 6.45248771e-01
    1.64873779e-01 7.05882609e-01 9.54863310e-01 4.73647326e-01
    2.27219164e-02 3.61279875e-01 7.82977343e-02 4.93275285e-01
    1.48872733e-02 6.17767930e-01 4.10899609e-01 9.63361979e-01
    3.89261276e-01 5.09696901e-02 6.75891340e-02 5.75107634e-02
    5.17865419e-02 3.49636018e-01 1.35217458e-01 4.73451823e-01
    5.26576042e-02 4.94219065e-01 5.98676264e-01 1.58701688e-01
    8.91257763e-01 5.91713667e-01 1.56988531e-01 1.31720215e-01
    5.24833083e-01 6.50515020e-01 6.42945230e-01 9.96019602e-01
    1.85967565e-01 1.44966066e-01 9.49300766e-01 5.28496206e-02
    7.19697177e-02 3.27405274e-01 2.34722972e-01 9.21629310e-01
    4.05869722e-01 2.20058590e-01 6.38782024e-01 6.91235662e-01
    6.93920434e-01 2.49211729e-01 4.30005878e-01 2.27124274e-01
    9.18979049e-01 7.63215125e-02 8.24376047e-02 2.88763881e-01
    5.46060503e-01 6.04105949e-01 1.77042186e-01 6.24189615e-01
    6.65255904e-01 1.72415495e-01 6.30551875e-01 2.64466077e-01
    3.69222164e-02 1.48291230e-01 8.81782889e-01 5.28442025e-01
    8.45876217e-01 5.30101538e-01 5.67959249e-01 8.71753097e-01
    3.14592898e-01 6.21861339e-01 6.71756148e-01 4.90819484e-01
    1.99192107e-01 1.68594301e-01 4.78669107e-02 8.62596631e-01
    9.19716418e-01 7.54356503e-01 2.48995095e-01 1.45738810e-01
    7.82843411e-01 1.32629544e-01 5.93099117e-01 4.79957700e-01
    4.28651810e-01 4.53445315e-01 8.64363551e-01 8.26098084e-01
    6.25858366e-01 9.75418925e-01 3.56937826e-01 8.70581269e-01
    7.71993101e-02 9.39804792e-01 4.87101853e-01 8.44845235e-01
    8.77557397e-01 2.35917866e-02 7.21790254e-01 4.49970007e-01
    9.58353639e-01 7.48302519e-01 6.91998124e-01 6.75655484e-01
    2.11500823e-01 4.39336658e-01 6.58058286e-01 6.89719737e-01
    9.17927444e-01 5.15682757e-01 4.77929652e-01 5.04425526e-01
    9.87907767e-01 2.56443918e-01 5.05609035e-01 4.24642146e-01
    7.83407629e-01 3.83778363e-01 1.90837443e-01 7.69894004e-01
    6.04685426e-01 9.15077686e-01 8.26789320e-01 5.89809120e-02
    1.45515382e-01 3.59183669e-01 3.33738565e-01 5.05038202e-01
    9.48579788e-01 6.08598948e-01 2.77781487e-03 5.32911479e-01
    5.32082140e-01 2.00434238e-01 9.29369569e-01 7.20925808e-01
    9.19817686e-01 6.03312612e-01 8.89760256e-03 1.43685609e-01
    5.88171184e-02 4.57659423e-01 6.05470181e-01 4.84427601e-01
    9.58076715e-01 9.23183560e-01 8.68398964e-01 2.43449211e-03
    3.37976575e-01 6.08991086e-01 8.54640543e-01 9.92868900e-01
    5.40502310e-01 3.09421122e-02 9.08220887e-01 8.03794861e-01
    3.53179455e-01 4.91159618e-01 9.06564355e-01 5.44317842e-01</data></test_img>
<my_img type_id="opencv-matrix">
  <rows>128</rows>
  <cols>256</cols>
  <dt>f</dt>
  <data>
    2.11109400e+00 1.58826172e+00 9.50635135e-01 1.97045314e+00
    1.29474986e+00 1.27502155e+00 3.05121541e-02 1.18745995e+00
    1.94567358e+00 1.64202166e+00 1.98035455e+00 8.41491878e-01
    1.52461660e+00 7.39997923e-01 2.17223740e+00 6.12650394e-01
    1.85673189e+00 1.98145890e+00 2.38741732e+00 -4.43019599e-01
    -2.05091149e-01 2.05514669e+00 2.37328100e+00 2.39399385e+00
    5.60741425e-02 1.91130102e-01 4.67313290e-01 1.20701122e+00
    2.20599914e+00 3.93718779e-01 4.79421496e-01 -3.04182082e-01
    1.67485952e+00 1.38200057e+00 1.62906742e+00 -2.98757166e-01
    1.46033120e+00 1.14791775e+00 -5.15676379e-01 1.74436069e+00
    1.05538285e+00 2.35489154e+00 5.09421766e-01 1.78032041e+00
    1.29596198e+00 6.98781312e-01 4.27029192e-01 1.91341567e+00
    -3.47453117e-01 1.97541404e+00 1.44789267e+00 1.63037372e+00
    5.20968556e-01 1.55390203e-01 1.35706758e+00 2.14009523e+00
    5.07460177e-01 1.38594222e+00 2.14252496e+00 2.17636180e+00
    1.88323665e+00 -2.84081042e-01 1.84827554e+00 -1.96006298e-02
    -4.24381763e-01 2.07434511e+00 1.48402786e+00 2.24033380e+00
    8.63890946e-01 -5.99434972e-02 -4.45683658e-01 1.99141860e-01
    1.26319206e+00 8.11880708e-01 1.38784456e+00 1.67220414e-01
    4.14811730e-01 -5.39231896e-01 2.31046462e+00 2.15245342e+00
    1.70368242e+00 3.89172614e-01 1.69260538e+00 1.25977886e+00
    6.76741779e-01 1.13405538e+00 1.25641561e+00 -5.96000612e-01
    1.03124893e+00 2.51281381e-01 6.19424343e-01 -9.28456187e-02
    1.60299110e+00 7.99552798e-01 1.26385212e+00 -4.45718527e-01
    4.70288932e-01 1.44824815e+00 3.18597227e-01 -2.31974348e-01
    5.63250780e-01 2.16714621e+00 3.78260136e-01 -5.23222685e-02
    1.45286274e+00 1.90372300e+00 -5.13400793e-01 1.16614103e-01
    2.04832363e+00 1.59585142e+00 2.09738469e+00 1.27758002e+00
    -2.20466882e-01 1.13463414e+00 8.93835306e-01 1.05955756e+00
    -1.03993535e-01 -7.83792138e-02 3.20123911e-01 1.55074120e+00
    1.40660214e+00 3.95674407e-01 -5.93773603e-01 6.83300972e-01
    1.86797214e+00 1.02040601e+00 8.89156938e-01 5.69686890e-01
    -1.28403693e-01 1.07622027e+00 2.72478223e-01 -3.62994194e-01
    -2.40489185e-01 5.43602943e-01 -1.74161851e-01 -6.32874668e-02
    4.26268160e-01 1.37280762e-01 -1.99960142e-01 1.65930116e+00
    4.28108752e-01 2.29083586e+00 2.33627939e+00 1.61530304e+00
    1.00782871e+00 8.39251339e-01 -1.75020397e-01 1.10108113e+00
    -3.22054207e-01 1.47853386e+00 4.27318722e-01 5.23386478e-01
    1.29802442e+00 9.93254244e-01 5.51921189e-01 2.16373277e+00
    -4.72410262e-01 2.20464325e+00 2.19681334e+00 -3.63344103e-01
    3.43493164e-01 2.33161688e+00 1.49748707e+00 1.46735573e+00
    6.47245169e-01 8.91931117e-01 3.98142427e-01 2.23894358e-01
    8.06181371e-01 1.97157431e+00 2.11389750e-01 2.08759928e+00
    8.44216347e-01 1.30655575e+00 -2.45831951e-01 1.20616531e+00
    -9.20021534e-03 8.67541611e-01 -2.79219270e-01 2.11214614e+00
    2.07828426e+00 2.27278852e+00 -5.77247202e-01 1.69562840e+00
    3.24736476e-01 1.08558702e+00 2.21758628e+00 7.40375221e-01
    2.19260454e-01 5.11004269e-01 -1.60083622e-01 1.52660418e+00
    1.83650208e+00 5.82502902e-01 -2.55181104e-01 1.04911184e+00
    2.36575294e+00 3.40520442e-01 8.86687636e-02 1.79957974e+00
    1.45968390e+00 2.15269113e+00 8.22678506e-01 2.25020814e+00
    1.65617299e+00 8.58481228e-01 2.28978348e+00 2.93039083e-01
    2.33250117e+00 -5.76367676e-01 6.08722687e-01 1.53348279e+00
    -1.85078651e-01 1.95731425e+00 1.85176301e+00 1.33212924e-01
    1.31127834e-02 2.17231584e+00 -5.10545194e-01 1.38397932e+00
    1.67199659e+00 1.86705422e+00 9.06615555e-01 1.79673576e+00
    1.81007075e+00 7.01253355e-01 2.48501897e-02 7.55169511e-01
    7.11462259e-01 1.27079904e-01 5.32164335e-01 1.27016604e-01
    1.14582968e+00 1.39680171e+00 -6.28135204e-02 2.32931280e+00
    2.19057393e+00 1.31584978e+00 3.02180350e-01 7.25605309e-01
    5.00453711e-01 -3.40206921e-01 2.23096895e+00 2.02135563e+00
    9.23705101e-03 -2.13489920e-01 2.40370035e+00 1.52140808e+00
    1.39486480e+00 6.67094111e-01 1.34301114e+00 -5.56389391e-02
    2.17063212e+00 1.94384933e-01 2.92351365e-01 -2.10275382e-01
    2.35549116e+00 8.62599432e-01 1.83152640e+00 1.54363775e+00
    6.45786524e-02 -3.40202242e-01 2.15211964e+00 1.95054960e+00
    3.79527152e-01 1.77904272e+00 9.22604442e-01 7.57803917e-01
    1.51585960e+00 1.05389476e-01 -5.53213000e-01 1.81420279e+00
    -4.93762791e-01 2.13714433e+00 -2.20153332e-01 -4.52119470e-01
    -3.82933617e-02 -5.34692347e-01 -5.62502146e-01 9.80582654e-01
    1.29610515e+00 2.04565716e+00 -6.02789164e-01 2.02948475e+00
    8.31245005e-01 -3.91894639e-01 2.17255545e+00 1.75186586e+00
    9.42960382e-01 1.31357789e+00 1.94420433e+00 2.10052037e+00
    1.93620062e+00 1.42893386e+00 -2.63528854e-01 -5.54681480e-01
    -2.18204260e-02 3.14465642e-01 -6.33915722e-01 1.62429810e-01
    -3.71929049e-01 2.06780863e+00 1.41634893e+00 4.12501752e-01
    6.04459763e-01 2.02878833e+00 -7.80761242e-02 1.46074629e+00
    1.16052270e+00 1.48516846e+00 1.92826331e-01 1.58235335e+00
    1.89388657e+00 -3.94889832e-01 -2.99697101e-01 6.64677024e-01
    2.18588829e-01 -4.51791704e-01 1.51338649e+00 1.79606497e+00
    1.15459561e-02 -5.49433589e-01 4.08604026e-01 1.42904758e+00
    1.85212696e+00 1.09051728e+00 1.96818876e+00 1.45789587e+00
    1.27166557e+00 1.54203629e+00 -2.96107918e-01 9.66073275e-02
    2.12462044e+00 -6.29569530e-01 2.07418633e+00 -1.55971050e-02
    -2.98014879e-01 6.66598082e-02 1.82878315e+00 -3.79434824e-01
    3.92454624e-01 1.19717956e+00 1.31070924e+00 1.34643602e+00
    1.57227135e+00 1.20228148e+00 -3.01787704e-01 1.22369075e+00
    1.46049237e+00 1.39667034e+00 1.35337210e+00 1.54220760e+00
    -7.41124153e-03 -4.35285032e-01 5.98879993e-01 4.58115220e-01
    -1.79293036e-01 1.60921848e+00 1.38384759e+00 1.46701944e+00
    -6.96275055e-01 1.11991370e+00 7.36068726e-01 9.20986533e-02
    9.68018532e-01 1.21706903e-01 1.39851284e+00 2.12443256e+00
    4.99865115e-01 -1.42945826e-01 1.50967479e-01 -3.22445750e-01
    6.27246261e-01 1.49826145e+00 -3.12140226e-01 1.09712601e+00
    6.86208010e-02 2.19391048e-01 1.92923474e+00 2.03649354e+00
    -3.77142578e-01 -2.13038683e-01 2.01761150e+00 1.66453290e+00
    1.94974053e+00 3.35667908e-01 4.28645015e-01 2.21876788e+00
    4.61883307e-01 9.10887420e-01 2.10943651e+00 -6.37536943e-01
    1.91620851e+00 1.94758344e+00 1.27912498e+00 5.26987672e-01
    1.29041767e+00 2.10768676e+00 1.78613710e+00 -5.74288368e-01
    -4.98526573e-01 5.51038027e-01 -3.47101539e-01 2.20931840e+00
    8.77809286e-01 -1.83768332e-01 1.75447762e-01 -3.69317830e-01
    -5.36578894e-03 1.29965806e+00 9.49667573e-01 1.39302301e+00
    -3.81375283e-01 -1.12647712e-01 7.94627845e-01 1.53491223e+00
    1.14736152e+00 9.99525189e-02 9.98630345e-01 8.14301491e-01
    -6.16344154e-01 1.88726127e-01 1.81560123e+00 3.36768329e-01
    -2.45716572e-02 -4.18376923e-02 -5.53694189e-01 9.69154656e-01
    3.75312567e-03 1.74269462e+00 1.64916992e-01 1.15379167e+00
    2.25335121e-01 1.40538526e+00 2.30576396e-01 8.25246453e-01
    -2.77158350e-01 4.16592181e-01 -6.44437194e-01 1.95189786e+00
    1.58336878e-01 2.67773211e-01 1.94748950e+00 2.15056992e+00
    7.94410586e-01 1.36190081e+00 1.21945858e-01 1.27708745e+00
    1.50517011e+00 -5.21458268e-01 1.79783583e+00 2.03596449e+00
    -7.22270012e-02 1.26108396e+00 1.05185151e+00 -5.19999981e-01
    4.07334149e-01 1.86783981e+00 5.26500940e-02 5.43297946e-01
    -5.36370873e-02 1.17529440e+00 -1.65540576e-01 3.40022743e-01
    -7.10872233e-01 6.21127009e-01 2.12695456e+00 2.70417452e-01
    5.23173332e-01 9.98320460e-01 1.21817791e+00 1.23135042e+00
    -2.60095894e-01 1.85993719e+00 5.42181909e-01 1.93527293e+00
    2.00555515e+00 1.93414640e+00 9.30169582e-01 1.61480117e+00
    1.02359891e+00 1.20587921e+00 1.05840635e+00 1.56977642e+00
    -1.35431647e-01 9.02776957e-01 2.08930993e+00 1.76513493e+00
    2.12769413e+00 1.53555632e-01 -9.69302654e-02 8.22149038e-01
    1.79391623e-01 4.83690083e-01 4.81510699e-01 1.79363847e-01
    9.96508121e-01 -5.67910075e-01 2.15872884e+00 -5.06745577e-01
    6.04921579e-03 2.04265451e+00 2.04220605e+00 -6.44572556e-01
    1.93704438e+00 1.41025114e+00 1.43836141e-02 2.22556496e+00
    4.06130016e-01 1.04868960e+00 1.53334892e+00 1.67000282e+00
    1.05444813e+00 9.62972641e-01 1.91525626e+00 -7.08892822e-01
    -7.90242434e-01 4.83634114e-01 1.02864504e-01 1.98530591e+00
    1.61219001e+00 5.35115302e-01 7.38972425e-02 3.68721545e-01
    1.26851225e+00 -2.14446485e-01 -3.95230621e-01 7.48605072e-01
    3.63607407e-02 -6.59288287e-01 1.55286109e+00 4.46039200e-01
    1.47502422e+00 -6.86430335e-01 1.85195613e+00 -6.70932174e-01
    6.60144091e-02 1.58254743e-01 1.51321578e+00 -7.57266283e-02
    -7.41257966e-01 -5.68124413e-01 8.19610298e-01 -3.42481345e-01
    5.73774517e-01 1.22278631e+00 1.61024809e+00 1.36191201e+00
    2.08119702e+00 -7.64166415e-01 9.40358102e-01 8.36398244e-01
    -2.01264620e-02 -7.53331304e-01 5.27032733e-01 1.68357694e+00
    1.31696320e+00 9.54864621e-02 1.32861555e-01 -2.67728090e-01
    1.19968247e+00 1.34264302e+00 7.83300281e-01 2.13092625e-01
    -1.94705009e-01 5.50298572e-01 1.82574022e+00 1.00812960e+00
    1.64972353e+00 5.33355892e-01 -2.31270313e-01 5.40587544e-01
    7.84415007e-03 2.04336071e+00 -2.17660964e-01 -2.91821241e-01
    -7.52633989e-01 1.94952476e+00 3.93539906e-01 4.96685386e-01
    -1.43219233e-01 5.19228101e-01 1.66558981e-01 1.38174057e-01
    9.74037945e-01 7.35894322e-01 3.30905676e-01 1.28564036e+00
    1.79063749e+00 1.94723415e+00 -2.39968002e-01 5.46921015e-01
    -3.24677229e-01 1.96603727e+00 1.13846076e+00 2.01858830e+00
    -4.37767327e-01 1.08623481e+00 1.67057920e+00 9.52373743e-01
    1.13971114e+00 3.48021507e-01 -4.01193231e-01 8.26508939e-01
    -3.96851659e-01 5.09542167e-01 8.11706781e-01 1.07624352e-01
    1.03909636e+00 -3.16097677e-01 7.84823775e-01 4.22927141e-02
    1.05713058e+00 1.19556129e-01 6.66123152e-01 9.38073933e-01
    2.11796045e+00 1.03041649e+00 -1.34282112e-01 -2.61331081e-01
    1.45434332e+00 1.41933250e+00 1.81459808e+00 1.77301848e+00
    -9.34898138e-01 7.26100743e-01 1.46062899e+00 -4.75779295e-01
    1.97547245e+00 1.56158686e+00 1.94806409e+00 1.27599478e+00
    1.40344405e+00 2.79463291e-01 2.01881003e+00 5.41011214e-01
    -8.79921496e-01 -6.45106912e-01 9.07700717e-01 1.54303479e+00
    1.24663973e+00 -6.45988822e-01 1.50942588e+00 -1.50499284e-01
    8.59075487e-01 1.80774879e+00 5.59294045e-01 1.31429386e+00
    4.95285928e-01 1.80764318e-01 1.82379842e+00 -5.40055633e-02
    6.51600242e-01 1.62861300e+00 1.55776346e+00 1.13825774e+00
    -5.54092050e-01 6.55529499e-02 1.91235089e+00 -1.42639935e-01
    4.69327927e-01 9.71680462e-01 1.14553595e+00 1.71294630e+00
    1.96354842e+00 -3.60314459e-01 -7.45932937e-01 1.23716187e+00
    9.95715857e-01 1.05627322e+00 1.31302214e+00 1.20971322e-01
    -1.33392632e-01 1.86544204e+00 4.86906171e-02 -3.34095240e-01
    5.08930385e-01 2.14058697e-01 -4.83335465e-01 1.12534499e+00
    1.81186140e-01 -6.01286173e-01 -3.23206782e-02 -1.25807106e-01
    1.06095195e+00 2.65321255e-01 -4.91479009e-01 1.50464880e+00
    6.82303965e-01 3.21317613e-01 1.05790925e+00 5.51172137e-01
    1.14839649e+00 3.32828760e-01 1.47615790e+00 4.38123047e-01
    4.51890171e-01 2.01977539e+00 1.65369046e+00 1.14763951e+00
    7.74620175e-02 1.13135517e-01 1.34864235e+00 2.07051206e+00
    -4.73002702e-01 -5.77225566e-01 1.13301623e+00 1.47868299e+00
    1.60101533e-01 4.07439530e-01 1.24817860e+00 1.36968088e+00
    1.10598159e+00 1.72531581e+00 3.31421912e-01 1.17436361e+00
    3.91867161e-02 -2.38582909e-01 -2.11038232e-01 4.98447657e-01
    1.63407350e+00 9.75953996e-01 -4.69539762e-01 1.97625446e+00
    5.00858903e-01 1.46260488e+00 -7.40547657e-01 -1.03765726e-01
    -6.09812975e-01 1.75198460e+00 6.75717831e-01 -1.70824230e-01
    8.43751371e-01 1.45802116e+00 1.20446670e+00 -5.67048788e-03
    4.25941408e-01 1.05044150e+00 1.91519463e+00 1.38733649e+00
    1.98371196e+00 1.05176473e+00 -3.14289510e-01 3.54226351e-01
    7.57645667e-01 5.31562209e-01 4.63053942e-01 1.19851732e+00
    4.48173285e-01 1.12921667e+00 5.26663125e-01 1.71070242e+00
    1.31851745e+00 5.85319459e-01 8.86955261e-01 -2.33819306e-01
    6.93150878e-01 -3.81646872e-01 -1.24581456e-01 -9.17517543e-02
    -2.84406751e-01 -3.98951769e-03 7.68557608e-01 1.95009589e+00
    -5.43608665e-01 2.07806873e+00 -1.78575635e-01 1.86426973e+00
    -1.02183819e-01 8.79773378e-01 1.08223641e+00 -2.28319585e-01
    -5.29534936e-01 1.39339876e+00 4.88181293e-01 4.10491943e-01
    5.71117759e-01 1.55183458e+00 -8.50497127e-01 1.09392381e+00
    -5.43205023e-01 1.29209185e+00 1.54995155e+00 1.04479468e+00
    5.08568645e-01 -5.28181851e-01 -4.49994802e-02 -7.90975571e-01
    1.27112508e-01 8.38720500e-01 1.40321612e+00 2.15134621e-02
    2.96743274e-01 9.60842073e-01 1.49570727e+00 1.85079551e+00
    -1.18276179e-01 -7.29896784e-01 4.99184728e-01 -6.33000970e-01
    2.70278156e-01 1.71225834e+00 -8.19907367e-01 5.02508879e-02
    -6.60668612e-02 -4.97653753e-01 3.63837659e-01 1.61775374e+00
    3.32882404e-01 -4.53490347e-01 -1.99371576e-02 -6.24009252e-01
    4.97456312e-01 6.01506889e-01 1.36774194e+00 1.01828706e+00
    8.91323209e-01 -5.84909856e-01 1.91398740e-01 -1.06095493e-01
    -2.13762283e-01 1.42702937e+00 -4.62288797e-01 1.26669443e+00
    1.72230363e+00 1.70214224e+00 -2.00093210e-01 1.41104937e+00
    -1.75627112e-01 1.46201539e+00 -8.12331438e-01 6.22203350e-01
    1.83980000e+00 3.37527931e-01 4.17992711e-01 1.22673392e+00
    1.77818310e+00 1.77479494e+00 4.51663494e-01 -8.54116976e-01
    1.36455834e-01 -7.50931621e-01 1.64822447e+00 7.62611985e-01
    3.16580653e-01 1.49770498e+00 8.46753120e-01 -2.72423625e-02
    9.47833180e-01 1.64396584e+00 5.57250321e-01 7.74255335e-01
    -7.79978752e-01 1.69467258e+00 2.05367148e-01 1.96160340e+00
    7.93087304e-01 1.08801460e+00 1.07032883e+00 3.35693181e-01
    -4.49970722e-01 1.37888253e-01 -6.34354770e-01 1.38698101e-01
    -6.76071405e-01 -5.86812019e-01 1.14756703e+00 -7.56581426e-01
    4.84858215e-01 1.28968382e+00 -3.97236347e-02 7.18486011e-01
    9.37873304e-01 1.30468130e+00 -7.87887216e-01 -7.45169401e-01
    1.85161531e+00 1.19393039e+00 -4.77516651e-03 -5.83223045e-01
    1.88580143e+00 9.27880764e-01 1.64668930e+00 1.19071710e+00
    8.77730727e-01 8.74076128e-01 -1.33765101e-01 -1.98175490e-01
    2.49722183e-01 9.58425939e-01 1.76342082e+00 -3.57268929e-01
    1.77526736e+00 1.46373308e+00 2.86532640e-01 9.18689609e-01
    -6.08035803e-01 1.67800415e+00 1.54798436e+00 -7.33056307e-01
    7.00061917e-01 -3.94590437e-01 1.30257130e-01 5.33844411e-01
    1.71451664e+00 6.93142414e-03 1.64672422e+00 1.11823869e+00
    1.61123335e-01 -6.74184918e-01 -6.72981024e-01 3.24795842e-02
    3.57861638e-01 1.53044879e+00 2.82883763e-01 -3.19227815e-01
    2.23335028e-02 -8.63832772e-01 -5.79438210e-01 -2.63077199e-01
    1.88339829e+00 -1.96413100e-01 -3.21078181e-01 1.59742117e+00
    1.77787519e+00 -4.74950820e-01 1.30260527e+00 1.72288728e+00
    1.52785349e+00 7.46735334e-01 8.61799717e-03 1.60558534e+00
    1.68380690e+00 2.01387072e+00 -6.89083815e-01 5.67491651e-01
    1.30159223e+00 4.63920593e-01 1.35325396e+00 9.92368042e-01
    1.77443624e+00 4.06556785e-01 -3.87504280e-01 1.74554348e+00
    -3.55361760e-01 8.80909562e-02 2.05514336e+00 1.98026538e+00
    -1.03906214e-01 6.40986204e-01 6.93590045e-02 -2.00799167e-01
    1.61030626e+00 -8.18291068e-01 9.68021750e-01 -5.86925149e-01
    -5.21961927e-01 9.16859508e-02 1.77627063e+00 2.54741430e-01
    1.51525521e+00 1.35098410e+00 4.90875840e-02 9.31353450e-01
    -3.58347416e-01 -4.35312778e-01 9.29250777e-01 4.49241221e-01
    5.71864843e-03 -1.29526615e-01 2.86814451e-01 -1.67911172e-01
    -5.16390562e-01 -1.39517426e-01 1.96229315e+00 1.51133668e+00
    -6.08297825e-01 1.85158634e+00 1.40069366e+00 9.72185433e-01
    1.78218603e+00 -2.54691660e-01 1.48933649e-01 -1.10083461e-01
    5.40570438e-01 1.43940330e+00 1.71979463e+00 1.36850452e+00
    1.69636524e+00 8.14069152e-01 -8.49249005e-01 -4.23339009e-01
    1.27125978e-01 -5.38837969e-01 1.62417364e+00 8.04298878e-01
    6.66911483e-01 4.26137209e-01 8.51421237e-01 1.17571414e+00
    1.72262549e+00 -9.70678031e-01 1.14845479e+00 1.90402424e+00
    8.15340281e-02 7.84853518e-01 -8.21746290e-01 1.01805091e+00
    1.76775026e+00 1.65260839e+00 1.62382936e+00 1.84885859e-02
    1.21394372e+00 -4.65978980e-02 -6.38381243e-02 3.07661593e-01
    -1.11270666e-01 -5.41899204e-01 6.11025691e-02 -1.12116337e-01
    2.07977486e+00 -4.26610708e-02 1.68561280e-01 2.19614959e+00
    2.30607605e+00 -6.94311261e-01 -6.76212907e-02 1.88083518e+00
    1.68050361e+00 8.32575858e-01 -6.94616258e-01 7.65770316e-01
    -2.54166961e-01 1.29452205e+00 1.32198334e+00 1.34839892e-01
    1.36582518e+00 8.73581827e-01 8.75772893e-01 1.54950321e+00
    9.27509189e-01 1.68164206e+00 6.18432164e-02 -1.53863490e-01
    7.95813382e-01 -2.17957139e-01 1.88392854e+00 1.08070850e-01
    1.00661850e+00 1.92654335e+00 1.15066803e+00 -6.01253450e-01
    5.36097646e-01 1.86294341e+00 9.61969793e-01 1.63475072e+00
    3.65108907e-01 -6.99957848e-01 5.60102344e-01 -7.43438900e-01
    3.75567198e-01 -1.07308269e-01 1.59677434e+00 1.77225375e+00
    1.90885222e+00 1.09024835e+00 1.31165624e+00 -4.81818795e-01
    1.48635483e+00 7.71932960e-01 -4.28615928e-01 3.45637321e-01
    8.52498174e-01 1.90427017e+00 -4.94685292e-01 1.19370067e+00
    1.37930489e+00 9.64333057e-01 8.70686531e-01 1.29206979e+00
    9.01684761e-02 -6.55748367e-01 -9.14790869e-01 6.73568070e-01
    1.66799474e+00 6.58951938e-01 -3.07798624e-01 2.63974965e-01
    4.72208500e-01 6.48788810e-02 1.92324722e+00 1.75976610e+00
    -1.15985274e-01 -5.10289311e-01 -4.51811343e-01 1.24167037e+00
    1.16001439e+00 1.88189864e+00 1.26684606e+00 8.33782911e-01
    1.16274619e+00 -6.38393164e-02 -3.23311687e-01 -4.74822521e-03
    1.25594282e+00 1.64041090e+00 4.83890176e-01 1.82671130e+00
    -7.38365352e-01 6.40220225e-01 -3.84400487e-01 1.92937100e+00
    -9.66494441e-01 9.30647492e-01 4.90901530e-01 4.82831538e-01
    3.48840714e-01 1.79797733e+00 1.97848415e+00 1.23953199e+00
    1.14230275e+00 -6.46438897e-01 9.56760049e-01 1.80477595e+00
    2.04051197e-01 -8.04662704e-02 1.79688716e+00 8.63813043e-01
    1.94854140e-01 2.03105998e+00 -5.43971658e-01 7.51489043e-01
    1.56909704e-01 1.76065207e-01 8.98206830e-01 2.73049355e-01
    4.88767743e-01 1.53830492e+00 1.83874559e+00 1.53028536e+00
    -8.89167666e-01 9.02732968e-01 2.87494063e-01 8.20116401e-01
    1.52089262e+00 2.71422863e-02 7.17814684e-01 5.55041432e-01
    -9.98056471e-01 9.89373922e-01 1.24857903e+00 1.80699480e+00
    9.42540169e-03 -5.13898432e-01 4.80523586e-01 1.70048511e+00
    1.97127497e+00 1.12851834e+00 -7.17907906e-01 1.76747799e-01
    -7.76201904e-01 3.35449815e-01 1.22036183e+00 2.43257761e-01
    1.01106226e+00 1.22988844e+00 1.78698826e+00 -6.56151295e-01
    -6.64365947e-01 2.93728769e-01 1.66009760e+00 1.10844684e+00
    4.68543291e-01 9.39287424e-01 1.48809505e+00 -8.43394578e-01
    4.52695489e-01 3.48378718e-01 5.81751287e-01 1.65957868e-01
    -4.87640560e-01 -2.95917928e-01 1.66129112e+00 -6.36638165e-01
    9.86484408e-01 1.40345037e+00 9.00896192e-01 5.17651439e-01
    -4.53272521e-01 1.25177979e+00 1.59965837e+00 4.29464638e-01
    2.98176944e-01 5.91615260e-01 6.75700665e-01 -8.15602541e-01
    2.47691214e-01 -2.68362463e-01 1.12516201e+00 -6.78506196e-01
    1.50917268e+00 -5.06274104e-02 1.17651880e-01 -3.94709349e-01
    1.84250593e+00 1.63298905e-01 1.05015612e+00 -8.89679849e-01
    7.40132093e-01 1.82377720e+00 -8.22665632e-01 -3.23319972e-01
    -1.59792125e-01 1.80555618e+00 -8.36163163e-01 -8.77070963e-01
    1.85515499e+00 -8.17494750e-01 -6.33249044e-01 1.57048500e+00
    1.12737322e+00 1.34181035e+00 -5.19157290e-01 9.14747536e-01
    6.04151964e-01 1.42854691e+00 8.49546254e-01 7.60284543e-01
    1.14745641e+00 1.14709020e+00 1.82020640e+00 -6.24566436e-01
    4.30237055e-01 1.31652141e+00 1.46331561e+00 -1.26466572e-01
    1.10263228e+00 2.32319295e-01 9.65243697e-01 1.09394836e+00
    3.81362140e-01 -3.62269461e-01 1.30503845e+00 7.33504772e-01
    1.76839828e-02 -1.97907865e-01 -7.98417509e-01 -4.96832967e-01
    5.29314041e-01 -9.25438046e-01 1.64143860e+00 1.76827955e+00
    1.31095839e+00 2.77319789e-01 1.62604058e+00 3.20638537e-01
    2.88609624e-01 4.66130495e-01 4.11320090e-01 5.58219016e-01
    -5.03332973e-01 1.67370141e-01 1.91596818e+00 -4.24636066e-01
    3.87848973e-01 1.51269388e+00 3.07679176e-04 3.67798805e-02
    1.85772252e+00 1.01756454e-02 1.46337819e+00 2.01486158e+00
    5.91385365e-03 -6.83590412e-01 2.06424761e+00 -4.38142985e-01
    2.27214396e-01 2.09285021e+00 2.15170443e-01 1.39855623e+00
    1.67165685e+00 1.66252911e-01 -3.42607528e-01 -6.02419734e-01
    1.06902266e+00 1.59360838e+00 -5.41762233e-01 -4.03038263e-02
    1.82647419e+00 1.39842916e+00 -1.92098916e-01 7.65833974e-01
    3.14836144e-01 2.48347223e-01 -4.52847719e-01 9.13361669e-01
    5.59621036e-01 1.31710625e+00 1.94735217e+00 -3.31204474e-01
    4.52277482e-01 1.40628660e+00 -4.42876339e-01 7.14229465e-01
    -6.59461021e-02 -2.84329653e-02 1.35757232e+00 2.09981799e-01
    5.88529408e-01 -3.85026872e-01 -5.99460959e-01 2.25206017e-02
    1.19923592e+00 1.32768655e+00 1.31762409e+00 1.63530219e+00
    -3.65533769e-01 2.17200756e-01 1.25202417e+00 8.13307762e-01
    -4.17778373e-01 -8.38877797e-01 1.65856326e+00 -4.59236681e-01
    1.84053147e+00 1.48308980e+00 1.58100498e+00 -8.39781761e-02
    3.57034206e-01 5.73004723e-01 1.17284846e+00 1.34945083e+00
    5.12671709e-01 1.15259659e+00 8.10622931e-01 1.30417192e+00
    1.98259592e-01 1.66201830e-01 1.52504706e+00 2.97596872e-01
    1.50925779e+00 7.85770059e-01 -7.25435913e-01 6.89225435e-01
    -4.65479046e-01 1.15496600e+00 4.51168954e-01 3.12054157e-02
    -5.62519670e-01 1.26183510e-01 -4.06613588e-01 9.47847366e-02
    -6.24917507e-01 1.03458643e+00 4.62718964e-01 1.04438984e+00
    8.54393244e-01 -5.01893461e-01 5.13605952e-01 1.32533932e+00
    3.61003876e-01 1.77952361e+00 -4.26472902e-01 -7.35947847e-01
    -7.60648251e-02 -8.15481067e-01 9.50448513e-02 1.83608341e+00
    2.90084243e-01 -3.27394187e-01 1.50023544e+00 7.53065705e-01
    1.51443589e+00 9.19158757e-01 7.57271469e-01 -7.87299275e-01
    1.94968987e+00 -4.56669331e-02 -6.15469277e-01 -5.27642965e-01
    1.27124000e+00 1.33918524e-02 -3.75638127e-01 3.59433472e-01
    3.01647842e-01 -6.73871279e-01 1.34355903e+00 -7.20309854e-01
    1.91216421e+00 1.82313299e+00 4.28186655e-01 -8.39636445e-01
    5.81381679e-01 -2.10526466e-01 1.75500524e+00 2.50110626e-01
    -7.67502308e-01 1.51367903e+00 1.24914670e+00 -8.81127894e-01
    1.63258910e+00 -3.18027258e-01 -3.46878767e-02 4.84611511e-01
    5.63165545e-01 1.10553682e+00 7.96094656e-01 6.19410276e-02
    1.66292274e+00 1.52121520e+00 1.00308549e+00 -8.33523750e-01
    -9.35407281e-02 1.85063589e+00 6.55697167e-01 2.77189732e-01
    -7.81711280e-01 -5.89139223e-01 1.44497526e+00 -5.02927184e-01
    -9.03216302e-01 2.40043402e-02 1.43327534e+00 2.52648711e-01
    1.11167192e+00 1.86979485e+00 1.28304553e+00 1.85670424e+00
    1.94881201e+00 -8.52383852e-01 2.66595721e-01 1.54819882e+00
    1.59242153e+00 1.35307074e+00 1.11890137e+00 -7.23288417e-01
    -3.74663055e-01 4.73603964e-01 -3.22220087e-01 -7.30406642e-02
    1.02735949e+00 9.99001741e-01 1.31984234e+00 5.40454865e-01
    1.09759295e+00 -5.49501777e-02 -4.93356347e-01 -3.07845235e-01
    -3.43164921e-01 2.01216722e+00 2.96313405e-01 5.85928559e-01
    -2.13644981e-01 1.83349955e+00 5.56768000e-01 -1.54970586e-01
    6.49483800e-01 -5.78773141e-01 6.93885148e-01 3.67614806e-01
    9.08040464e-01 8.42308164e-01 1.18489861e+00 4.60328758e-01
    -6.86020732e-01 -1.21889770e-01 1.20724368e+00 -8.72050226e-01
    -3.76406908e-02 1.29363811e+00 1.73868847e+00 1.83068538e+00
    1.99789774e+00 3.72670412e-01 -1.43941641e-01 9.64632630e-01
    5.19524455e-01 -8.69569659e-01 1.31478250e-01 9.51773167e-01
    6.08045042e-01 1.20299697e+00 -2.58950055e-01 -6.86456203e-01
    8.18108857e-01 1.86593413e-01 1.81726694e-01 1.95917749e+00
    5.04088163e-01 8.79692793e-01 1.32800937e+00 4.93959785e-01
    2.56691217e-01 -2.77602315e-01 1.86382008e+00 1.22919798e-01
    7.47568011e-02 1.01922941e+00 1.54758692e+00 1.66489720e+00
    -5.08074641e-01 1.34257948e+00 1.77690840e+00 1.32423198e+00
    -3.33012342e-02 -5.98139882e-01 1.37488651e+00 1.33578777e-02
    -2.12051749e-01 9.42791462e-01 -5.86050630e-01 1.43939173e+00
    4.63042140e-01 2.35418439e-01 1.18541241e+00 1.71567726e+00
    1.86961508e+00 1.51498818e+00 7.81705141e-01 -3.27128470e-01
    3.00381184e-01 1.63042736e+00 4.69341576e-01 1.36797786e-01
    1.02746820e+00 1.26937342e+00 -1.99530125e-02 -2.44696081e-01
    7.13155270e-02 6.53041303e-01 1.17581618e+00 -1.76292658e-02
    5.62819123e-01 8.23055744e-01 2.14172268e+00 1.28144443e-01
    1.62149942e+00 1.60208917e+00 1.87761056e+00 1.16248405e+00
    -3.68589222e-01 2.33950317e-01 -2.33660579e-01 -4.73571002e-01
    4.90187764e-01 1.09686911e+00 4.29859042e-01 1.59988987e+00
    1.23767495e-01 -6.62436008e-01 -5.14145732e-01 -6.03782833e-01
    6.56613708e-02 -7.51401246e-01 1.91735864e+00 -7.70242393e-01
    6.66000843e-01 4.66440916e-01 1.53990126e+00 1.65532374e+00
    2.10706115e-01 -7.73740768e-01 1.94477546e+00 3.89372706e-02
    -3.82994235e-01 1.00371027e+00 1.98743939e+00 -4.41206008e-01
    2.46932507e-02 9.48419571e-02 -7.20119715e-01 5.90773642e-01
    -2.63663828e-01 1.77128792e+00 7.64751434e-02 1.88964105e+00
    1.84371114e-01 1.63044858e+00 4.34799790e-01 3.95341039e-01
    1.55879557e+00 8.29164505e-01 1.12592888e+00 1.77045441e+00
    1.79544795e+00 -1.05213833e+00 2.55396605e-01 -3.19772184e-01
    5.72279692e-01 3.23433995e-01 -9.39992070e-02 -8.70774448e-01
    1.27708697e+00 5.23316860e-01 9.70715880e-01 6.11435115e-01
    -1.02357447e-01 2.01167107e+00 -6.39943480e-02 -1.48153782e-01
    1.14813447e+00 8.02101791e-01 3.11957955e-01 -2.70459712e-01
    1.81242049e-01 5.55429339e-01 -1.00438595e-02 -7.09956765e-01
    4.85214949e-01 1.68749094e+00 -8.64918232e-02 1.23058832e+00
    -2.36208737e-01 1.14376271e+00 1.58690119e+00 1.85446346e+00
    6.25366211e-01 1.17982268e-01 -8.01626444e-01 9.45398271e-01
    5.17504871e-01 1.74939644e+00 1.17566526e+00 -1.55573189e-01
    1.78678572e+00 5.69763899e-01 -3.38485122e-01 1.45914555e-02
    -5.72348833e-01 -5.45413256e-01 1.81872785e-01 4.08858061e-02
    -7.06644595e-01 3.00696194e-01 1.57785916e+00 1.31830072e+00
    1.72248125e+00 -9.05875444e-01 -2.42446482e-01 3.72296810e-01
    4.70560491e-01 -6.95995927e-01 2.01205015e-01 7.64625549e-01
    1.95371866e-01 2.61323333e-01 -1.44614816e-01 1.19193685e+00
    1.73926139e+00 -9.77573395e-01 -1.40374303e-01 1.25685966e+00
    -8.42836082e-01 3.15085769e-01 1.48903275e+00 1.81062114e+00
    -7.59509802e-01 -6.88460171e-01 7.81694531e-01 1.73918343e+00
    4.17467713e-01 -3.58020306e-01 4.38508987e-01 -3.41101706e-01
    -3.98921967e-03 1.49656963e+00 1.72801256e+00 1.03398263e+00
    1.29839909e+00 8.02766204e-01 -9.04380500e-01 -6.77212775e-01
    -8.00163865e-01 4.20033216e-01 1.03143573e-01 8.92648101e-01
    1.75073099e+00 8.86793613e-01 -3.88693094e-01 -8.52770746e-01
    2.01944470e-01 1.12213123e+00 1.01800716e+00 1.05211532e+00
    -4.22911406e-01 1.36218071e+00 3.13021958e-01 1.27542055e+00
    2.01518250e+00 1.37266898e+00 5.73190212e-01 -2.07936347e-01
    1.27784598e+00 -3.50129008e-02 -7.53116071e-01 -9.65348482e-02
    1.24142361e+00 4.50574160e-02 1.02848697e+00 -4.49405968e-01
    5.71378469e-02 1.73840392e+00 1.86625087e+00 1.87044597e+00
    8.60609174e-01 -6.76903367e-01 1.40341067e+00 -9.27651525e-02
    -1.93981946e-01 2.25457549e-01 -4.32052642e-01 -8.84616196e-01
    8.41123998e-01 -5.32189608e-01 9.65817392e-01 5.43212295e-02
    1.23146188e+00 6.04712486e-01 1.48756123e+00 1.80333471e+00
    -9.02194679e-01 -1.33481205e-01 -4.52649415e-01 -1.43077552e-01
    1.01656330e+00 1.64429891e+00 -8.70795190e-01 7.64000416e-03
    -8.40767801e-01 6.98326051e-01 1.65007198e+00 8.62150908e-01
    4.91700470e-01 1.35066354e+00 1.77086222e+00 1.56680071e+00
    5.08077621e-01 1.87394023e-02 5.21132886e-01 -2.57127285e-02
    8.82553041e-01 3.63079906e-02 -7.16609299e-01 2.47018754e-01
    -1.53239429e-01 1.67370462e+00 -4.36999083e-01 2.00978160e-01
    3.22918355e-01 5.44507265e-01 1.87197137e+00 1.95474422e+00
    1.44182634e+00 -7.27757514e-01 7.21348107e-01 1.54118240e+00
    8.99728119e-01 9.27797556e-02 1.47993445e-01 9.70656872e-01
    1.54738665e+00 -5.41830063e-03 7.95500398e-01 -2.78530240e-01
    1.63908768e+00 1.77474082e+00 8.65755081e-02 6.57010078e-01
    2.36714244e-01 3.92335236e-01 -6.65989995e-01 -2.13703454e-01
    8.70645225e-01 6.78201020e-01 3.85664880e-01 -4.27598953e-01
    3.77596676e-01 1.71070933e+00 7.18948364e-01 -1.76713943e-01
    -8.49101484e-01 -5.99333763e-01 6.54573143e-01 -1.01563931e-02
    1.17590511e+00 -1.05883300e-01 5.81353724e-01 4.58594918e-01
    -3.91193211e-01 1.23498952e+00 1.54442096e+00 1.01194096e+00
    3.36572289e-01 1.74163043e+00 2.77126312e-01 8.27874720e-01
    -6.40355110e-01 4.53949153e-01 1.39074445e+00 -1.83280170e-01
    1.85344791e+00 1.84482491e+00 1.81144536e+00 5.28444290e-01
    1.07858920e+00 5.03926754e-01 -8.33388686e-01 1.84594893e+00
    1.61747122e+00 -5.33950329e-03 1.34415209e+00 9.07687902e-01
    1.24636173e+00 1.84873784e+00 1.15148664e-01 -8.21793675e-01
    1.09411848e+00 -2.87204027e-01 9.59110737e-01 1.26275563e+00
    5.97405791e-01 4.71714020e-01 5.62556863e-01 -3.07143390e-01
    4.66089189e-01 -4.05878544e-01 8.77809942e-01 7.36078203e-01
    6.86173081e-01 -6.18436813e-01 1.59013426e+00 1.17507529e+00
    8.73910666e-01 1.00434756e+00 -7.68635511e-01 1.40891242e+00
    3.18483949e-01 1.55912697e+00 6.44645572e-01 6.21135712e-01
    -9.01588321e-01 -8.05513263e-02 9.32868361e-01 1.47281241e+00
    -7.20822811e-03 1.59613097e+00 1.52794111e+00 -4.55056846e-01
    -7.27007568e-01 1.42148948e+00 -3.37890863e-01 -7.12950170e-01
    1.67364073e+00 3.38275075e-01 6.62948608e-01 -8.27775657e-01
    1.29578090e+00 5.23860872e-01 2.65790820e-02 4.36809778e-01
    -6.10715628e-01 2.46415436e-01 2.42018700e-01 1.84027195e+00
    1.30160642e+00 -3.83883119e-01 1.90422630e+00 1.37578273e+00
    1.77399516e-01 -6.80609226e-01 -5.15626729e-01 6.01513743e-01
    -6.00612879e-01 1.00627041e+00 1.58286166e+00 1.13534379e+00
    -8.84614408e-01 -2.08228767e-01 -3.27640653e-01 -8.67619216e-01
    1.81154704e+00 1.33008981e+00 1.42727232e+00 1.87205207e+00
    4.62295175e-01 -1.62195623e-01 1.90296054e-01 -6.16345525e-01
    1.99679244e+00 1.07378459e+00 -6.65294468e-01 -1.86157465e-01
    8.75821888e-01 9.57731366e-01 1.66567230e+00 1.97572732e+00
    -2.54118204e-01 1.84416676e+00 -4.23836470e-01 1.98705363e+00
    8.84708405e-01 -2.83002198e-01 7.45235324e-01 -4.98592854e-02
    8.53022933e-01 -7.78074503e-01 1.52364314e+00 1.66454530e+00
    1.50310564e+00 6.48857355e-01 -3.73579443e-01 7.58913755e-01
    5.01341820e-02 1.30885625e+00 1.23588479e+00 5.84088326e-01
    -1.87897921e-01 8.13784361e-01 9.45829153e-02 -8.67508173e-01
    1.74232543e+00 1.01178515e+00 -2.49184132e-01 -3.67415607e-01
    -7.53447056e-01 8.91405344e-01 1.42065859e+00 -8.28787148e-01
    1.44569004e+00 4.53800797e-01 1.46187329e+00 7.16791391e-01
    1.32301688e+00 2.38819361e-01 -1.83901250e-01 3.80015492e-01
    1.52076483e+00 -4.91778791e-01 -3.31724942e-01 1.88536799e+00
    6.26818240e-01 -3.03770781e-01 1.75046802e+00 -6.70073271e-01
    -4.00014520e-01 -1.78955317e-01 -1.95728421e-01 -4.07752633e-01
    1.01074409e+00 -6.64453506e-02 -3.84306967e-01 -3.85003626e-01
    2.67496169e-01 -1.29614890e-01 -1.86125994e-01 1.39310360e-01
    -7.94210315e-01 1.81670153e+00 8.69678140e-01 5.22575021e-01
    -4.34980989e-01 1.98897433e+00 1.85579872e+00 -8.56565416e-01
    6.09729290e-02 1.94596529e+00 5.42138577e-01 3.01269114e-01
    2.00389528e+00 7.63868272e-01 3.34822357e-01 -2.48290956e-01
    -5.94417691e-01 -3.14079523e-02 1.51449287e+00 1.13630021e+00
    3.77775431e-01 8.03360939e-01 6.75366938e-01 1.49388134e+00
    8.31893027e-01 1.05236053e+00 1.57950103e+00 -5.87098479e-01
    -6.50016963e-01 -9.16148782e-01 1.07006216e+00 -5.85479200e-01
    9.97206330e-01 -1.74118459e-01 -4.58907902e-01 5.51291406e-01
    -5.69534421e-01 -1.08334243e-01 1.42246509e+00 1.73396373e+00
    5.03681600e-01 1.87452102e+00 -1.14966750e-01 1.01889253e+00
    2.47840405e-01 1.73912168e+00 -3.45618904e-01 1.35245705e+00
    1.11390352e-01 -5.68482876e-02 -8.02498877e-01 -1.99786425e-01
    -6.60663247e-01 -5.26304245e-02 1.17571175e-01 9.52834845e-01
    -2.57642984e-01 4.00501311e-01 6.61653638e-01 -7.29583621e-01
    -9.31969047e-01 -7.49590039e-01 1.00608647e+00 -5.40528536e-01
    4.69899178e-01 -4.63665605e-01 9.77732062e-01 -2.85444736e-01
    7.51770139e-02 4.02925909e-01 9.55062389e-01 1.22899151e+00
    -7.14361250e-01 3.77139747e-01 1.31257534e+00 -7.67443120e-01
    -4.70424801e-01 1.36841643e+00 1.35087848e-01 4.22434211e-01
    7.34858215e-01 -1.84223413e-01 7.47522175e-01 1.01213765e+00
    5.64650774e-01 1.80027294e+00 -9.35051501e-01 5.20768404e-01
    1.80899131e+00 1.18184149e-01 1.45049512e+00 1.92756021e+00
    1.52582836e+00 1.05722034e+00 1.29895186e+00 1.37435400e+00
    5.98541260e-01 5.14747500e-01 9.46275175e-01 3.49626660e-01
    5.49521446e-02 9.43106651e-01 -3.02813828e-01 4.43447590e-01
    1.13058448e+00 7.21764565e-03 -5.43544412e-01 -7.35238254e-01
    1.25221848e-01 4.21781361e-01 5.39032280e-01 1.64553893e+00
    1.43373430e+00 1.01287365e-02 1.48355126e+00 7.35612869e-01
    -5.92180371e-01 1.88916099e+00 9.56353188e-01 8.36587787e-01
    -8.44356060e-01 -8.23156357e-01 2.47233570e-01 1.73968410e+00
    6.37923539e-01 1.97498083e-01 -8.26118469e-01 8.00056458e-02
    -7.63669491e-01 -5.00236154e-01 1.52389717e+00 1.31703711e+00
    -1.24206960e-01 4.43052769e-01 1.47974992e+00 5.64090252e-01
    1.19322503e+00 9.54700232e-01 2.07559288e-01 1.01268435e+00
    1.32555234e+00 6.94275081e-01 1.33037233e+00 1.91191709e+00
    6.07119441e-01 6.33186221e-01 1.49632478e+00 -8.81695688e-01
    -6.15359247e-01 1.44677043e+00 -6.41927361e-01 6.68000996e-01
    6.14054441e-01 1.14621902e+00 1.88164067e+00 1.69857132e+00
    -9.27554667e-01 8.46245527e-01 1.24451065e+00 1.43554592e+00
    3.39151025e-01 -8.23543847e-01 -1.08942449e-01 -3.05920780e-01
    8.59546721e-01 1.90460825e+00 1.23298228e+00 -2.89989114e-01
    3.64744663e-03 1.79940295e+00 -4.45041656e-02 1.77908301e-01
    8.57136130e-01 3.01951647e-01 1.20801806e-01 1.76698303e+00
    1.91847110e+00 -7.40820765e-02 -7.06032991e-01 -3.00794065e-01
    1.48023176e+00 -9.63403583e-02 5.19124508e-01 4.97891665e-01
    1.71421921e+00 -5.40731430e-01 1.83674216e+00 -2.92010009e-01
    -5.00271320e-02 5.55566549e-01 7.00902045e-01 2.30661511e-01
    -9.46309507e-01 1.28783870e+00 8.16199422e-01 -4.46782172e-01
    1.30626142e-01 -3.55331004e-01 1.72579575e+00 8.21820855e-01
    3.28940749e-02 -8.18824649e-01 8.17989409e-01 -2.70855784e-01
    2.78487563e-01 1.62778807e+00 8.43947530e-01 2.59996653e-02
    -5.59956372e-01 1.72471464e+00 9.62841749e-01 1.77576077e+00
    7.08788872e-01 1.24601686e+00 -5.42822599e-01 1.44602144e+00
    -9.25685167e-01 1.85499287e+00 6.06599450e-01 1.06088614e+00
    7.46612191e-01 1.27027035e+00 1.52556324e+00 1.38834953e-01
    2.17288494e-01 8.79873872e-01 1.14299858e+00 1.62813532e+00
    1.77667499e+00 1.79700351e+00 1.57993543e+00 1.54937863e+00
    1.07447541e+00 1.15795064e+00 1.85483980e+00 -1.90904319e-01
    2.84725308e-01 -8.65679443e-01 1.36467946e+00 4.04336691e-01
    1.65212297e+00 -7.07533360e-01 1.29631937e-01 1.10817528e+00
    4.34272826e-01 6.97321355e-01 5.69056451e-01 1.55141079e+00
    -6.12418532e-01 1.86783922e+00 1.44834435e+00 1.66720915e+00
    4.53625202e-01 1.16992188e+00 5.07314444e-01 4.72679973e-01
    1.25921023e+00 7.35250354e-01 1.35840499e+00 1.75258195e+00
    1.13025713e+00 1.84904397e-01 -4.58354443e-01 6.66467905e-01
    6.11622930e-02 5.73408604e-02 1.83629966e+00 -7.57079244e-01
    -5.64578891e-01 1.91251206e+00 6.49030447e-01 8.19196522e-01
    5.56377828e-01 1.52973604e+00 2.46105790e-01 9.53346848e-01
    5.47729373e-01 -1.24655604e-01 1.43498957e+00 6.81415796e-01
    1.10372710e+00 3.57666790e-01 4.98686552e-01 -2.13325381e-01
    1.29662895e+00 2.89042115e-01 1.35075188e+00 2.82880068e-02
    7.92544484e-02 -7.14904189e-01 1.20419312e+00 1.27131760e+00
    -4.94591147e-01 7.32158422e-01 -4.41075712e-01 -4.14538592e-01
    3.31698120e-01 1.94906569e+00 -6.47388339e-01 5.77917755e-01
    1.89201462e+00 -6.75972104e-02 4.01742697e-01 1.86800885e+00
    2.48361647e-01 5.84755063e-01 -6.15330875e-01 -7.64143527e-01
    4.06033158e-01 9.38662767e-01 -7.15650320e-01 1.27248049e+00
    6.82994545e-01 6.42299652e-04 -8.31739485e-01 -4.47844863e-01
    1.25499165e+00 7.44686007e-01 1.09087420e+00 1.82844710e+00
    4.68072057e-01 9.42503452e-01 -8.88068080e-02 6.12889528e-02
    -8.15663338e-02 -6.39195442e-01 1.22875285e+00 1.97279096e+00
    -6.47891879e-01 -8.55086148e-01 1.37223363e-01 -8.86888802e-01
    -4.36957717e-01 3.11293423e-01 -7.47577071e-01 1.49544454e+00
    1.00712657e+00 -2.87338555e-01 -3.98462772e-01 1.71246219e+00
    6.30610108e-01 1.11255503e+00 -2.39732921e-01 -3.79498005e-02
    1.48630214e+00 5.32004178e-01 -7.28420556e-01 1.91984415e+00
    1.77647734e+00 -5.44447303e-01 -6.97142720e-01 1.42687023e-01
    -1.62567854e-01 -7.16704369e-01 1.58886135e+00 1.20891666e+00
    -1.35952473e-01 2.31002927e-01 -5.05099297e-02 1.77987552e+00
    -2.67180145e-01 1.72944021e+00 -7.43625879e-01 -6.06129885e-01
    6.19196594e-01 1.36293983e+00 -2.16934860e-01 -1.94740295e-01
    7.63682604e-01 1.34903955e+00 -7.82432199e-01 6.15022063e-01
    1.56283510e+00 5.49341083e-01 -5.60361624e-01 5.84068000e-01
    7.15895951e-01 7.42785931e-01 7.86674023e-03 5.58401644e-01
    5.02096713e-01 1.71235299e+00 8.65386784e-01 -4.91920769e-01
    -4.03549224e-01 1.27639294e-01 1.65119588e-01 6.37158394e-01
    1.76708221e+00 -1.82701945e-02 -7.32125282e-01 3.63357663e-01
    -3.01014543e-01 -8.68092179e-01 1.03496218e+00 -2.92976797e-01
    -2.55872488e-01 -1.45893216e-01 2.68914282e-01 -6.24898493e-01
    -1.64203584e-01 1.85863984e+00 9.24050927e-01 2.64880061e-02
    7.32561707e-01 1.53647935e+00 -2.56250501e-02 -6.78944588e-01
    -5.02335429e-01 -7.63536870e-01 7.45882034e-01 1.43883073e+00
    2.97678411e-01 8.41310382e-01 1.76012444e+00 2.96356082e-01
    1.98505616e+00 4.99594688e-01 1.00370526e+00 1.55058026e+00
    -2.81689942e-01 -3.83092225e-01 6.08236194e-02 -9.43651855e-01
    1.96835816e-01 1.17109859e+00 1.71857357e+00 4.44342434e-01
    -1.26517355e-01 4.76937890e-01 1.72909105e+00 1.00229955e+00
    -6.98541701e-01 -7.40057766e-01 1.48532391e+00 -6.03636563e-01
    -7.47731447e-01 -5.19479930e-01 8.22541714e-01 2.44625092e-01
    1.58468962e+00 1.37061870e+00 1.52776706e+00 5.73949814e-01
    4.32319224e-01 1.93624043e+00 -6.03728950e-01 8.90193462e-01
    -1.36441350e-01 -8.44277143e-01 1.81092429e+00 4.07398939e-02
    1.59150839e+00 1.06953692e+00 8.35295200e-01 1.84370458e-01
    1.90403676e+00 7.34558344e-01 -9.31454897e-01 1.11336982e+00
    5.22167563e-01 1.69035900e+00 1.20625591e+00 -5.78935981e-01
    -6.02658391e-02 -2.76021898e-01 1.09690118e+00 1.90766633e+00
    -8.59558940e-01 -2.29999244e-01 1.85055971e+00 1.37328172e+00
    9.99804974e-01 -1.23361051e-01 3.51079464e-01 1.77908719e+00
    1.44483232e+00 3.40445757e-01 2.62111425e-02 3.67867529e-01
    -7.37576127e-01 7.28246272e-01 2.30246544e-01 -9.30924237e-01
    2.39380836e-01 -1.01904595e+00 1.05514479e+00 1.65737057e+00
    -4.53844666e-01 2.75613785e-01 1.70881152e+00 1.30066168e+00
    -8.66273046e-02 -1.07625127e-02 2.29180932e-01 1.47925448e+00
    -8.08158755e-01 1.85107768e+00 3.42001498e-01 -7.22039700e-01
    -7.14127421e-01 -3.93011034e-01 8.79572868e-01 9.16295528e-01
    1.35381877e-01 1.45580566e+00 1.30759001e-01 1.28664255e+00
    -3.02396774e-01 1.67667651e+00 1.61312461e-01 1.17816925e-01
    1.67084861e+00 1.57310271e+00 1.55412161e+00 3.20265710e-01
    -9.05352712e-01 -6.47031069e-01 1.66438568e+00 -8.43284011e-01
    9.31653559e-01 1.82034254e-01 1.81236434e+00 1.50462234e+00
    9.71728861e-01 4.54488873e-01 1.03018343e-01 6.80501580e-01
    -4.89876539e-01 1.21079576e+00 7.72486806e-01 1.48089373e+00
    -1.03891468e+00 1.50626123e+00 7.82879829e-01 1.00743401e+00
    -9.57482219e-01 -2.11406946e-02 -7.73166835e-01 5.47731698e-01
    8.74442220e-01 1.40821314e+00 7.65809715e-01 -4.75038350e-01
    1.84612405e+00 -1.02156162e-01 4.72567618e-01 1.63659263e+00
    1.79912615e+00 -1.14691734e-01 -4.61660028e-01 2.03942728e+00
    -6.39177859e-01 1.36128664e-01 -1.35287046e-02 -1.65311694e-02
    -4.21566099e-01 9.17504668e-01 -5.00350654e-01 5.25180161e-01
    -7.38383710e-01 5.16225219e-01 -1.63134634e-01 6.64424300e-02
    -5.66749215e-01 -6.21895075e-01 -1.83921993e-01 3.83238375e-01
    1.15543842e-01 1.94992018e+00 1.28989601e+00 3.36075187e-01
    6.50859475e-01 1.52585399e+00 9.58707809e-01 1.66783643e+00
    4.55163836e-01 9.44023013e-01 1.93540692e+00 4.53504324e-01
    8.16804171e-01 8.90682876e-01 4.56442833e-02 -2.88845122e-01
    1.95600009e+00 -7.24846303e-01 -6.35693908e-01 1.41235888e+00
    2.19553113e-01 2.85827339e-01 7.59362519e-01 5.08092642e-01
    4.49236810e-01 4.60093856e-01 1.81120527e+00 2.00443745e-01
    1.84821963e-01 5.59721112e-01 1.65397143e+00 1.34652984e+00
    -3.54745090e-01 -2.34795034e-01 -2.09034681e-02 7.35260367e-01
    5.95135272e-01 4.86937284e-01 -5.10843396e-02 -4.85328466e-01
    1.68201303e+00 -4.74127769e-01 6.59962416e-01 1.12583256e+00
    1.90100658e+00 -2.34306216e-01 -6.21022820e-01 1.00887179e+00
    -1.07892156e-01 8.64003718e-01 1.41076875e+00 -8.05702806e-02
    -1.50436401e-01 -4.17463303e-01 1.34060431e+00 1.62923217e-01
    -2.13897765e-01 -6.96893096e-01 9.22649264e-01 1.46768439e+00
    4.61670876e-01 1.64902389e+00 -5.31582892e-01 1.11116803e+00
    -7.20069826e-01 1.08648992e+00 -5.39293766e-01 1.86430287e+00
    1.25763440e+00 1.25649548e+00 -4.29343969e-01 4.90486622e-03
    3.95786166e-01 -4.45782930e-01 1.51081085e+00 1.54377699e+00
    4.47444737e-01 -8.92718256e-01 -8.42236817e-01 -1.87880218e-01
    1.67405605e-01 -1.41412556e-01 -2.16234863e-01 -7.46561944e-01
    -3.17017555e-01 1.97253990e+00 4.74291086e-01 3.48248899e-01
    -9.93526995e-01 2.22065926e-01 1.73969889e+00 3.41380239e-01
    5.72718799e-01 1.41862583e+00 -2.62887836e-01 7.91482449e-01
    1.12097406e+00 -2.74759948e-01 -5.00803232e-01 4.84142780e-01
    9.06359494e-01 2.01034546e-03 6.24256968e-01 -8.94186437e-01
    3.79123390e-01 1.89427280e+00 -5.02468586e-01 -6.63216352e-01
    1.80227065e+00 6.57989323e-01 1.79063511e+00 1.81048679e+00
    -2.06800938e-01 -4.35047150e-01 1.14958668e+00 -4.13001716e-01
    1.90611768e+00 9.89329457e-01 -3.53103220e-01 1.10327649e+00
    1.59014344e+00 1.77675152e+00 -8.52667749e-01 7.94268966e-01
    5.13355792e-01 1.60318029e+00 1.64078486e+00 1.56163967e+00
    1.25609744e+00 6.64757133e-01 3.03145051e-01 -5.69424868e-01
    -2.97778845e-02 4.76017594e-02 1.59099174e+00 1.71947002e+00
    -2.69296765e-02 7.91006088e-01 1.27744937e+00 -3.97813320e-01
    1.65372932e+00 -6.30815148e-01 -9.48120892e-01 3.35172415e-01
    -6.96696639e-02 1.88617349e+00 1.82904339e+00 -1.82462990e-01
    6.22126102e-01 1.17535460e+00 2.61071682e-01 -5.08677065e-01
    1.20110333e-01 5.49029529e-01 -1.18195951e-01 -6.01082027e-01
    1.90517330e+00 -9.74142671e-01 8.94456863e-01 1.23611820e+00
    1.10608923e+00 8.30242038e-01 -1.52454555e-01 1.24189854e-02
    1.09965634e+00 -8.97024393e-01 4.69946682e-01 -6.11532927e-01
    1.78739309e+00 2.28203118e-01 1.82787430e+00 1.75890088e-01
    7.85912991e-01 4.33604956e-01 7.27929592e-01 1.31432629e+00
    1.16705632e+00 1.41875100e+00 -3.82016897e-02 -8.40726078e-01
    -7.41352260e-01 2.34622180e-01 -3.53024721e-01 2.76611626e-01
    9.18805659e-01 6.91181898e-01 9.07845497e-02 -3.13883901e-01
    -7.36527324e-01 -6.07852757e-01 1.83968449e+00 9.26663041e-01
    7.87544608e-01 5.62345624e-01 1.25601113e-01 1.78499269e+00
    5.92047453e-01 -9.53456938e-01 -8.48477900e-01 1.66651940e+00
    1.02958202e-01 1.11686099e+00 -6.55274451e-01 -4.55488801e-01
    7.03688860e-02 -3.59646380e-01 1.09971797e+00 -2.42599964e-01
    1.64343214e+00 1.71712947e+00 8.80441666e-01 4.61674571e-01
    -6.91879272e-01 -1.29138470e-01 1.78199100e+00 -8.69986951e-01
    1.49712503e+00 6.20567203e-01 -6.89321995e-01 3.86552334e-01
    9.96279716e-01 1.76328051e+00 6.05862856e-01 3.06275010e-01
    -5.03932238e-02 7.08865941e-01 6.21806383e-02 4.61016357e-01
    5.88998497e-01 1.47975755e+00 1.48088503e+00 1.59644651e+00
    -8.64393592e-01 7.17756093e-01 1.74077153e-01 1.76383948e+00
    1.09306002e+00 1.02206385e+00 9.57295299e-02 1.43902600e-01
    -3.04266840e-01 -5.65044105e-01 1.06404722e-01 2.58642554e-01
    4.54043627e-01 1.07161927e+00 -9.00220752e-01 1.30626202e+00
    2.00963259e+00 1.85104430e+00 1.83450580e-02 7.30198383e-01
    -4.96474206e-01 4.48894560e-01 -4.48622316e-01 3.28723788e-01
    1.18191922e+00 1.72540975e+00 1.25769937e+00 3.72210741e-01
    6.36351943e-01 1.82659864e+00 1.39227498e+00 -1.92520738e-01
    1.81248450e+00 -4.74262774e-01 2.76620865e-01 -5.54920912e-01
    1.19806302e+00 8.33731830e-01 8.46151233e-01 2.01825500e-02
    1.83936775e-01 1.88156796e+00 2.67901182e-01 1.77369058e+00
    1.03802991e+00 9.70852971e-01 3.37842584e-01 -1.54199004e-01
    1.60615134e+00 -8.15288484e-01 1.89951849e+00 1.31197155e+00
    8.80477309e-01 9.93748188e-01 -7.80335188e-01 2.16006279e-01
    1.11460447e+00 9.64807510e-01 4.72433031e-01 -5.15822768e-01
    9.91381705e-01 1.28226817e-01 -5.57465076e-01 3.28728557e-01
    4.55982387e-01 -9.22137439e-01 -4.79834437e-01 1.31647229e+00
    2.30627179e-01 6.89575434e-01 6.37708068e-01 -1.19648635e-01
    1.77164602e+00 1.00929642e+00 8.33905399e-01 -8.84585559e-01
    3.82289708e-01 1.64420128e+00 -3.92170608e-01 7.73067117e-01
    1.41835523e+00 -3.85312736e-01 1.95777678e+00 8.40304255e-01
    7.89179206e-01 1.06760144e-01 1.77463615e+00 5.63666821e-01
    8.30682874e-01 4.93870199e-01 -8.05651546e-01 -7.90391326e-01
    -8.59584510e-01 9.99526143e-01 1.58270144e+00 6.85063362e-01
    1.40556705e+00 -6.94477558e-02 1.34769678e+00 -6.01539969e-01
    2.89927483e-01 6.01461351e-01 -3.13290119e-01 5.42970300e-01
    7.24313557e-01 1.98770881e+00 -5.15602708e-01 3.04317534e-01
    -2.51853049e-01 -3.15772116e-01 8.40262592e-01 5.04542828e-01
    1.76205373e+00 1.46553671e+00 1.31704092e+00 -6.04677081e-01
    1.51761436e+00 7.32794046e-01 3.61291647e-01 9.58412886e-03
    -5.14146924e-01 -8.11844468e-02 -3.51617515e-01 5.78576744e-01
    9.98984933e-01 1.37677836e+00 4.46720660e-01 1.29504061e+00
    -8.82097661e-01 -2.00535655e-01 4.92913067e-01 -8.74995470e-01
    4.50866699e-01 1.21234989e+00 -1.28370523e-03 -2.68865824e-01
    4.93029952e-02 1.62460268e-01 6.76504314e-01 -4.91911501e-01
    -1.86322331e-01 5.23505151e-01 -6.55082583e-01 1.21401680e+00
    -9.31730151e-01 -9.47743058e-02 1.75962734e+00 -5.65363169e-02
    -2.98242688e-01 1.48335671e+00 1.38523793e+00 -9.21617925e-01
    3.56879592e-01 -5.86686611e-01 2.05948234e-01 1.89798224e+00
    1.39295530e+00 4.37146664e-01 -6.99245632e-01 -2.60834157e-01
    1.89459252e+00 -3.20876360e-01 7.10362554e-01 1.63635993e+00
    8.53037000e-01 3.30720365e-01 3.98267269e-01 -7.97882199e-01
    3.92803907e-01 -8.88387322e-01 2.00620222e+00 -9.09382820e-01
    1.90422702e+00 -4.78778362e-01 1.87860930e+00 7.58880496e-01
    8.51412654e-01 -1.93255603e-01 4.36560452e-01 1.88033354e+00
    1.35917234e+00 -2.41053522e-01 -9.44255114e-01 1.89382505e+00
    1.24368834e+00 -7.52235770e-01 8.86446118e-01 1.04170418e+00
    8.02538276e-01 -9.17686343e-01 1.78141475e+00 -6.95968866e-01
    1.66727018e+00 4.71289992e-01 1.34240699e+00 -9.62688327e-02
    1.31690037e+00 4.27050352e-01 -5.23419440e-01 6.92011118e-01
    1.72655380e+00 9.61173415e-01 1.67185152e+00 1.54165649e+00
    3.52167666e-01 7.02012062e-01 1.97442269e+00 -7.64792144e-01
    -8.20923448e-02 7.68740594e-01 -9.41681266e-02 -2.54771650e-01
    1.62469113e+00 -7.45032012e-01 8.30389380e-01 -9.35350001e-01
    1.71458983e+00 1.28424764e+00 -9.66285288e-01 -5.62892675e-01
    7.70661056e-01 6.46735668e-01 -3.59884501e-01 9.94470596e-01
    8.00840735e-01 1.32869625e+00 -5.28047621e-01 1.80076063e-01
    6.08785093e-01 6.79098248e-01 6.34755313e-01 1.40369892e-01
    7.91976631e-01 -3.03780675e-01 -4.08188462e-01 2.03008842e+00
    -1.72661364e-01 1.41941011e-01 -5.12394965e-01 6.18761480e-01
    1.86004353e+00 -7.74267912e-01 1.07707179e+00 1.48572803e+00
    9.30393100e-01 1.46749699e+00 4.96240139e-01 1.76290917e+00
    -9.32244658e-01 -3.31381440e-01 1.11661196e-01 5.54515064e-01
    -5.10876179e-01 6.22645319e-01 -2.07583845e-01 -9.25703347e-01
    1.49286509e+00 2.30478525e-01 7.32804298e-01 -2.39723027e-01
    -4.73294497e-01 1.51609862e+00 2.17907131e-01 -2.47590125e-01
    -7.54138827e-02 -4.26582456e-01 3.51094484e-01 3.91457677e-01
    1.02867746e+00 2.43155897e-01 5.23350418e-01 3.08826506e-01
    1.23405933e+00 1.39461458e-01 -8.10057163e-01 1.20171893e+00
    1.07189894e+00 1.23453450e+00 -7.33421922e-01 -6.22703314e-01
    1.55465841e+00 -9.13385749e-01 1.54213786e+00 1.78682804e-03
    2.97071815e-01 -8.21527302e-01 -6.98792994e-01 -7.97257066e-01
    -3.92933071e-01 2.91250587e-01 4.70151901e-01 1.37333035e+00
    -8.98416281e-01 7.75994837e-01 4.05258477e-01 6.29431963e-01
    6.28098547e-01 -1.80784047e-01 1.21304178e+00 1.61244583e+00
    -5.71628869e-01 2.33150005e-01 -5.99874854e-02 8.44880939e-01
    1.29582286e-01 -5.80008864e-01 -4.91891086e-01 2.26599693e-01
    1.19539213e+00 1.31823647e+00 1.51948571e+00 6.93976879e-02
    1.69270325e+00 1.94263113e+00 6.67027593e-01 1.20268607e+00
    -1.68038815e-01 1.31322956e+00 -3.66843373e-01 1.11577868e+00
    -4.42938775e-01 1.63937521e+00 7.88960338e-01 6.30619287e-01
    1.80087864e+00 -7.96942592e-01 1.89877975e+00 7.98833966e-01
    4.72709775e-01 5.14733791e-02 7.97231913e-01 -7.13268995e-01
    1.70806265e+00 1.13093913e+00 5.24021566e-01 -6.75376952e-01
    1.23849046e+00 7.89972723e-01 -7.05427647e-01 1.13693070e+00
    -9.35170710e-01 6.68867230e-01 1.17437851e+00 6.76175833e-01
    1.65415859e+00 8.71669590e-01 -3.29268336e-01 -6.63385630e-01
    8.03449214e-01 1.90468156e+00 -4.12152767e-01 3.91514719e-01
    1.07787311e+00 5.21219075e-01 5.11171937e-01 -9.54496861e-02
    7.25724697e-02 1.30952954e+00 -7.18663216e-01 1.12659883e+00
    1.98791504e+00 1.62789202e+00 -4.05069500e-01 1.00449026e-01
    -5.33571124e-01 1.56040359e+00 6.02158070e-01 -2.31173754e-01
    9.68422651e-01 -8.59578073e-01 2.00579119e+00 1.06667876e-02
    -3.73559415e-01 -5.75361013e-01 -6.98315680e-01 2.01875234e+00
    1.96984887e+00 2.61086822e-01 8.90784442e-01 3.61156881e-01
    -1.77647889e-01 6.94434166e-01 9.94706392e-01 -1.37178063e-01
    3.79740179e-01 4.51918304e-01 1.78260350e+00 -6.65219069e-01
    1.38983893e+00 -8.96878839e-01 -4.92227525e-01 1.51832247e+00
    -3.29960942e-01 1.90181422e+00 9.13925648e-01 -7.58898497e-01
    1.77756143e+00 1.06019914e-01 7.91876853e-01 7.98264623e-01
    2.90998578e-01 -4.69864726e-01 1.68006599e+00 -9.15754378e-01
    -7.55894184e-01 2.70061255e-01 7.92881012e-01 1.74050069e+00
    1.20091152e+00 1.47520065e+00 -1.58887446e-01 1.12302899e-01
    6.59390211e-01 -6.54597640e-01 4.81742740e-01 4.75686848e-01
    -2.19236076e-01 2.19013333e-01 -4.20153141e-01 1.26232409e+00
    1.37165451e+00 5.61397731e-01 -6.01971805e-01 3.44435513e-01
    1.66196465e+00 -3.58490050e-01 8.70259643e-01 1.79724765e+00
    -7.89166331e-01 9.27129269e-01 5.91317415e-01 1.70538306e-01
    1.40212226e+00 -6.10025644e-01 -8.35827947e-01 -5.26685596e-01
    -3.15691710e-01 2.59719491e-01 7.17136145e-01 1.35960150e+00
    6.28864050e-01 -5.33907294e-01 1.22606719e+00 -7.32805610e-01
    2.65788555e-01 1.69466472e+00 1.28097880e+00 -6.39546752e-01
    2.17965782e-01 -7.46695101e-01 -1.04481399e-01 8.97241354e-01
    1.11220682e+00 1.66614950e+00 2.64245987e-01 2.05020666e-01
    -8.64574909e-01 7.18042135e-01 -9.17133808e-01 -6.06474161e-01
    4.91908371e-01 -4.74406719e-01 -2.54438519e-02 -2.93008208e-01
    8.99603844e-01 8.79818797e-02 1.46363306e+00 1.68383765e+00
    1.43902993e+00 4.14992809e-01 -6.84337735e-01 1.21629143e+00
    1.92432046e-01 6.31424427e-01 6.18161261e-01 -8.97742033e-01
    -6.81907773e-01 4.24227476e-01 1.89056599e+00 5.59995294e-01
    1.26223278e+00 5.47545552e-01 4.49990809e-01 -6.13531351e-01
    1.15288198e-01 -4.29887533e-01 -6.04753971e-01 -3.33686471e-01
    -2.86611319e-01 1.04736328e-01 3.73326004e-01 -2.76183784e-01
    -7.42032111e-01 -2.43408382e-01 3.25024605e-01 1.42208874e-01
    -2.83228815e-01 -6.11003876e-01 2.57331669e-01 2.85766304e-01
    4.25572515e-01 1.02876461e+00 3.79531264e-01 1.72077835e+00
    1.34086561e+00 3.04842472e-01 1.92343736e+00 -9.60602880e-01
    -2.39044905e-01 -1.20985627e-01 4.33743358e-01 1.94022942e+00
    1.20771837e+00 2.00524497e+00 6.37654483e-01 2.56115258e-01
    3.46086740e-01 -1.85529768e-01 -1.74326837e-01 -2.04443932e-04
    1.10129845e+00 1.54255319e+00 -5.61018825e-01 -2.83617914e-01
    1.14885759e+00 -2.47710466e-01 1.51390457e+00 1.53998089e+00
    1.89765310e+00 -1.05494797e-01 1.51763511e+00 -5.46097100e-01
    -5.21673918e-01 6.48304045e-01 -2.21916854e-01 9.20824468e-01
    6.50145411e-02 1.16690743e+00 7.19264269e-01 1.88990295e+00
    -8.33359122e-01 -7.21316934e-01 5.29444218e-01 1.70852542e-01
    4.27070975e-01 2.04821706e-01 1.54222870e+00 4.14799333e-01
    1.02534652e-01 -9.27755058e-01 -9.27909136e-01 1.48908257e+00
    -5.55830300e-01 3.83339345e-01 7.71322608e-01 1.25205517e-01
    1.80257750e+00 1.36959636e+00 2.80607820e-01 -6.13189101e-01
    1.05780864e+00 1.02756703e+00 -3.99211824e-01 1.38109636e+00
    3.46874595e-01 2.84568667e-01 8.56970608e-01 -6.01587415e-01
    5.58791697e-01 -2.54833937e-01 1.96572828e+00 1.80799341e+00
    1.85984075e+00 1.83242369e+00 1.78615773e+00 4.43126798e-01
    1.80719578e+00 1.15626395e+00 -8.62727344e-01 1.83016050e+00
    -2.45976031e-01 1.42245269e+00 -2.84503281e-01 1.82567751e+00
    1.18676424e-01 1.36478257e+00 1.49516475e+00 -1.52098179e-01
    3.35009694e-02 2.76744127e-01 1.21221232e+00 -9.27001119e-01
    -8.23187828e-01 -6.82862163e-01 -6.86506510e-01 1.14567161e+00
    1.25684738e-02 2.17028618e-01 -8.71915281e-01 1.66372716e-01
    -2.80965507e-01 1.23665416e+00 1.97038662e+00 -1.28916442e-01
    8.76439691e-01 1.26660872e+00 9.14552093e-01 1.16191018e+00
    -8.53990436e-01 9.70212221e-02 1.77674913e+00 5.30637503e-02
    -1.30328596e-01 1.98919439e+00 1.01251018e+00 6.98391676e-01
    2.88307071e-01 1.88838506e+00 -2.72211254e-01 6.28328741e-01
    1.24115944e+00 2.86964595e-01 4.85294461e-02 8.16861391e-02
    -3.64048064e-01 1.69908404e+00 -6.14470243e-02 3.23641777e-01
    1.19866860e+00 2.10942626e-02 -1.27689779e-01 3.20200980e-01
    1.83012486e+00 1.12018192e+00 -5.62979102e-01 7.85672069e-02
    -6.76702440e-01 1.41952562e+00 -3.59933794e-01 1.80672932e+00
    7.17727780e-01 -5.71586013e-01 7.05829859e-01 7.93577313e-01
    -7.75215983e-01 -2.84458995e-01 1.76860988e+00 1.22925341e-01
    1.33897066e-02 5.04668057e-01 2.74434209e-01 3.84109020e-02
    9.39123034e-02 -9.17333722e-01 1.57279348e+00 1.39840543e+00
    6.26604080e-01 1.47351265e+00 -7.54095078e-01 -3.62040937e-01
    -4.01750445e-01 5.77015877e-01 1.15666270e+00 1.56935084e+00
    -3.11222374e-01 -4.09554243e-02 7.55307794e-01 -2.19455540e-01
    1.88088453e+00 -1.07879102e-01 1.47683012e+00 -7.99634278e-01
    9.78174925e-01 -3.92312825e-01 1.77311778e+00 1.33705151e+00
    1.34596109e-01 6.06229901e-01 -7.29482651e-01 -8.02905202e-01
    1.03986561e-01 1.39288831e+00 6.60276353e-01 -7.07000077e-01
    4.14088964e-01 1.07268691e+00 3.55623901e-01 4.24854398e-01
    9.27386522e-01 -6.23276234e-01 8.83666694e-01 1.57426345e+00
    1.12849033e+00 1.77270210e+00 4.29379225e-01 -7.88373470e-01
    -7.76873648e-01 1.31662869e+00 5.31689525e-02 1.84651959e+00
    -3.60033453e-01 -5.83112240e-02 -8.38443041e-01 1.70232677e+00
    -8.11154127e-01 1.30605650e+00 5.69170952e-01 -3.82582426e-01
    2.30942607e-01 -4.75184739e-01 8.09771180e-01 1.09356606e+00
    -1.65886581e-01 -3.41194808e-01 6.86837316e-01 -8.03185701e-02
    7.44348466e-01 1.20895290e+00 -1.02724195e-01 1.68298662e-01
    -6.25020504e-01 1.98595691e+00 7.22507119e-01 1.67673945e-01
    1.73401499e+00 2.06365824e-01 -1.94649398e-01 1.33138502e+00
    6.31178737e-01 1.16271269e+00 1.53392839e+00 1.34955740e+00
    1.21512079e+00 1.70953166e+00 -2.43894815e-01 9.56822515e-01
    -9.92836952e-02 -3.95363688e-01 -7.64594674e-01 3.77999127e-01
    1.56422734e+00 3.78577590e-01 -5.18207431e-01 1.84806478e+00
    1.51598001e+00 2.04429567e-01 1.33103287e+00 8.74612212e-01
    8.63743246e-01 1.33293605e+00 8.54301810e-01 -4.13315415e-01
    2.07563996e-01 2.00094700e+00 -7.48221815e-01 -5.42991698e-01
    1.10404539e+00 6.64017200e-02 5.58409333e-01 -8.12115014e-01
    5.42034388e-01 1.52199507e+00 -3.06234956e-01 1.86690533e+00
    1.93825901e+00 1.49311233e+00 1.45541811e+00 -8.33935440e-01
    7.21748471e-01 3.76072407e-01 2.09436357e-01 -4.23176676e-01
    1.48563445e-01 -8.61081600e-01 3.31068754e-01 -3.85320425e-01
    -1.01117015e-01 1.36415219e+00 -5.33273458e-01 2.01612091e+00
    -7.74677813e-01 -6.76745474e-01 -5.62129200e-01 4.78389502e-01
    1.90482855e-01 1.37976122e+00 4.15179610e-01 3.34852159e-01
    1.09628820e+00 2.27267742e-02 8.82453918e-01 -7.51392245e-01
    1.76728487e+00 1.28413415e+00 9.38295364e-01 3.89949083e-01
    1.88727546e+00 1.33813167e+00 3.42248440e-01 1.87260640e+00
    2.95163274e-01 5.77853441e-01 1.38735092e+00 1.57517231e+00
    1.32508576e+00 1.78863907e+00 1.54911292e+00 2.03119755e-01
    -1.55124724e-01 -1.94922090e-02 -9.28480446e-01 1.05523455e+00
    9.66597855e-01 6.66404963e-01 1.64985430e+00 1.85599470e+00
    9.71981764e-01 -2.53483891e-01 1.65661156e+00 1.41938925e+00
    1.51345742e+00 1.81006265e+00 -1.64568663e-01 3.03684473e-02
    -9.91628766e-02 -3.12452197e-01 -4.69889104e-01 7.92904019e-01
    1.96589565e+00 3.75172436e-01 7.08942115e-01 1.53270411e+00
    7.21936822e-02 1.67226362e+00 -7.16350436e-01 1.91917908e+00
    -1.10385835e-01 1.91622972e-01 2.23240256e-01 4.96348381e-01
    1.64259863e+00 -8.44995439e-01 -1.22801542e-01 -1.79195404e-03
    1.82889748e+00 -8.06993246e-03 -6.98067069e-01 7.39771962e-01
    2.65893459e-01 4.83543992e-01 1.08742416e+00 5.96275687e-01
    1.29501581e-01 1.23178172e+00 -8.30518603e-01 1.37975907e+00
    5.19037247e-04 -6.67605221e-01 7.15077341e-01 -2.54678071e-01
    -2.36431420e-01 -5.10348082e-02 3.55251074e-01 9.23660815e-01
    1.42023396e+00 3.34638357e-03 1.57805145e-01 1.18322492e-01
    -3.03750694e-01 1.52303314e+00 6.88227654e-01 5.59657097e-01
    1.85492575e+00 -1.60241663e-01 1.50269151e+00 -3.49819362e-01
    -2.45010436e-01 -2.68523872e-01 -1.14868224e-01 7.58367538e-01
    1.98318255e+00 -3.27712774e-01 -2.03016937e-01 -6.80526078e-01
    1.40209329e+00 -2.78426766e-01 -6.96828783e-01 4.21532333e-01
    5.75245976e-01 -3.84676993e-01 3.54517221e-01 1.60748029e+00
    -1.98346376e-02 1.50284231e-01 -4.13691193e-01 -6.53565645e-01
    1.73809242e+00 -6.87055469e-01 -1.52721941e-01 -1.85358465e-01
    4.94847953e-01 1.00170493e+00 2.76891589e-01 8.02330077e-01
    1.52977204e+00 3.28677535e-01 6.03776276e-01 -6.33308947e-01
    1.23113739e+00 9.58427191e-01 8.33445787e-03 9.77847219e-01
    6.06258631e-01 1.05777848e+00 -4.85734940e-02 -8.11236739e-01
    9.66312885e-01 1.27994001e+00 6.35249317e-01 3.16053629e-01
    -4.53699708e-01 4.84355688e-01 1.73728001e+00 1.65266311e+00
    -5.35656512e-01 1.87363696e+00 -4.00853157e-01 7.07566261e-01
    -9.69864130e-02 -6.49262130e-01 1.13928366e+00 1.47154760e+00
    2.20931411e-01 7.47591376e-01 1.79808736e+00 -9.19019103e-01
    -3.19841087e-01 -3.13618600e-01 1.44649029e+00 -6.57320619e-02
    -3.95074546e-01 1.92650700e+00 -8.81167054e-01 -9.33112264e-01
    -2.33538032e-01 -1.12832010e-01 1.85502195e+00 -1.72232807e-01
    7.41866708e-01 -2.70392835e-01 1.41951728e+00 1.03911078e+00
    1.02354038e+00 1.38666391e+00 -5.25885820e-01 1.59975863e+00
    1.28295135e+00 1.38208771e+00 -4.73735631e-01 8.24407578e-01
    1.11415982e+00 8.50350857e-01 1.33141935e-01 6.78134203e-01
    -5.62368691e-01 1.75578928e+00 3.09560061e-01 -3.66746843e-01
    9.78989720e-01 9.87525821e-01 1.25106621e+00 1.39653015e+00
    3.51809919e-01 -9.46282148e-02 3.58596623e-01 7.89077163e-01
    1.34640503e+00 -6.16428554e-01 1.62120974e+00 1.74178004e-01
    1.80419922e+00 1.72187698e+00 1.03833914e-01 1.81643033e+00
    1.05661142e+00 4.68825936e-01 -3.06359053e-01 -9.22449887e-01
    -6.93394542e-02 1.05072010e+00 9.33642507e-01 1.38457537e-01
    9.19428229e-01 1.28586197e+00 -1.26733780e-01 5.18462062e-02
    -7.88542151e-01 1.89625812e+00 1.02905393e+00 1.60312808e+00
    1.54981470e+00 2.72392750e-01 -8.01628351e-01 5.87521195e-01
    -4.78439242e-01 4.74520922e-01 5.73572993e-01 8.11214447e-02
    -1.65912271e-01 4.66757715e-01 2.51106977e-01 1.17381990e+00
    1.45654881e+00 1.77731514e-01 1.90355110e+00 7.75614977e-01
    3.42229307e-01 6.86846972e-02 1.19986629e+00 -4.84849811e-01
    1.22810984e+00 -8.22979450e-01 8.77975643e-01 -8.06178987e-01
    -1.01609528e-01 3.06671917e-01 3.72841060e-01 4.79261756e-01
    1.50606441e+00 1.89163172e+00 -5.76350093e-02 1.38196588e+00
    2.17719972e-01 9.89518523e-01 -3.33999932e-01 1.82804298e+00
    -4.65698838e-01 9.35765326e-01 -1.92209125e-01 2.34029472e-01
    1.05047822e+00 1.49327540e+00 8.65331173e-01 1.54059100e+00
    7.08802283e-01 -5.91299534e-01 7.15814412e-01 4.43558276e-01
    7.02501297e-01 9.81867731e-01 -5.15139103e-01 1.93390846e-02
    -4.05968368e-01 -1.64996386e-02 9.00261045e-01 -9.69999254e-01
    1.65171564e+00 -3.36643696e-01 1.15303731e+00 1.31555486e+00
    8.76649976e-01 1.22083032e+00 -1.59854114e-01 7.71442354e-01
    3.20796251e-01 -4.77448106e-02 1.39302802e+00 -7.14135468e-01
    -8.97556365e-01 1.47160935e+00 -8.41094375e-01 -4.11835253e-01
    1.73229039e+00 1.50223184e+00 -4.65144575e-01 -1.87583208e-01
    -8.26883674e-01 1.36467791e+00 2.64164150e-01 -7.61934757e-01
    5.06645977e-01 1.79328299e+00 2.57100463e-01 -4.48866189e-02
    3.29067409e-01 1.49672782e+00 -3.12101364e-01 1.70943546e+00
    1.89881027e-01 -9.73907292e-01 8.40240598e-01 -4.04766977e-01
    9.26543236e-01 1.30162442e+00 -8.60201359e-01 5.26851773e-01
    1.30818510e+00 1.24947476e+00 1.79502785e+00 4.80633736e-01
    1.25655770e+00 2.88857818e-02 1.18420398e+00 2.12442696e-01
    6.50691628e-01 1.89574945e+00 1.19003606e+00 5.14527440e-01
    1.74825704e+00 -8.78485501e-01 1.03498662e+00 1.78316009e+00
    1.95404685e+00 4.94307876e-02 -7.78885722e-01 3.90378356e-01
    -6.09849095e-01 9.49566245e-01 5.93549252e-01 1.26075423e+00
    1.21996105e+00 3.50650489e-01 1.10092950e+00 -7.56275475e-01
    2.15599537e-02 -3.46771836e-01 4.10363317e-01 1.04164374e+00
    -5.98074198e-02 -3.19570780e-01 1.02379680e+00 2.00332236e+00
    -8.32116783e-01 -5.78666210e-01 1.09713829e+00 -7.99177229e-01
    1.66479826e-01 1.95957327e+00 -1.27700746e-01 5.96772194e-01
    1.85874653e+00 -3.14080238e-01 8.92156661e-01 6.73720598e-01
    -1.81886792e-01 1.55797303e+00 -3.34903419e-01 3.10358524e-01
    1.30315733e+00 1.44519448e-01 1.53255033e+00 -3.02855551e-01
    8.99654686e-01 2.65445471e-01 1.68315017e+00 1.14517820e+00
    1.27360654e+00 8.97088647e-01 1.53628874e+00 -5.76853991e-01
    3.25339317e-01 4.37047184e-01 1.12429202e-01 -1.68447554e-01
    1.56630969e+00 -5.49388766e-01 1.60639060e+00 1.16035891e+00
    1.30670023e+00 1.16023469e+00 1.76626945e+00 4.65546846e-01
    1.52776301e+00 -9.64686871e-02 1.01647973e+00 -2.60820329e-01
    -4.26572561e-01 8.80204201e-01 1.40648353e+00 7.87751436e-01
    3.63144517e-01 1.33509815e+00 1.34325635e+00 8.77157927e-01
    -7.70046830e-01 6.21454477e-01 7.52217174e-01 7.46285319e-01
    1.19446659e+00 1.00199473e+00 9.78484988e-01 -4.79684323e-01
    2.26918757e-01 1.06549585e+00 -8.77229035e-01 4.21519876e-01
    2.05360353e-01 1.74175692e+00 7.43648112e-01 4.31204259e-01
    5.54092467e-01 7.31102824e-01 9.91308868e-01 7.33056784e-01
    3.65202427e-02 -4.99428570e-01 1.42447579e+00 -2.08438218e-01
    1.63608599e+00 -6.93952322e-01 8.16231668e-01 -3.65500152e-01
    -3.76051545e-01 -5.60944557e-01 1.08521736e+00 -5.96836329e-01
    -2.86849439e-01 -1.93963826e-01 7.00420439e-01 5.08388281e-01
    5.18266559e-01 1.73397815e+00 7.19244480e-01 9.16788101e-01
    1.50658798e+00 1.65361738e+00 1.03615260e+00 1.17005110e+00
    1.78962970e+00 1.70472527e+00 1.32680750e+00 -3.55754673e-01
    1.14452600e+00 -8.63907933e-02 1.60047352e+00 -6.78454638e-02
    -3.78491879e-02 7.29304194e-01 -5.73540330e-01 8.02382827e-01
    8.21500778e-01 -5.17390668e-01 7.60403275e-02 -6.65162563e-01
    -4.45374846e-02 2.39441156e-01 1.67255330e+00 1.32004976e+00
    1.45160651e+00 8.98151994e-01 1.21861696e+00 7.97503471e-01
    1.59386182e+00 -7.56472766e-01 -6.26661122e-01 9.53504562e-01
    1.65544295e+00 -3.00290406e-01 -4.02999997e-01 1.34860659e+00
    3.96794319e-01 -2.62881517e-02 -1.55051053e-01 9.90332901e-01
    -7.08980560e-01 9.70457375e-01 1.08894324e+00 3.72670293e-02
    5.90297639e-01 -7.48226106e-01 -9.49044704e-01 -8.54377627e-01
    -3.81798029e-01 3.43320370e-02 8.11418295e-01 -1.32914782e-01
    1.49702263e+00 1.87176776e+00 4.29620445e-01 -2.57970035e-01
    3.74168158e-03 2.67404318e-01 -2.98127532e-01 -4.44599032e-01
    -6.68085635e-01 1.66455603e+00 8.95025373e-01 -4.76050675e-01
    1.73896992e+00 6.89103723e-01 1.67671573e+00 6.68155313e-01
    9.78234410e-01 -1.66859984e-01 1.03772128e+00 -4.74395186e-01
    -2.21821129e-01 -6.12758398e-02 -3.52314770e-01 1.98052871e+00
    6.44259691e-01 9.77868497e-01 7.10606098e-01 -8.29318166e-01
    1.08695889e+00 1.91265953e+00 2.79344797e-01 2.39866972e-02
    1.66575742e+00 -8.22180212e-01 5.72988391e-01 3.81308556e-01
    1.16799259e+00 1.41306448e+00 9.01735663e-01 1.38207078e+00
    9.99397159e-01 1.88861704e+00 5.63910425e-01 -7.03281641e-01
    -6.42366767e-01 -3.57692719e-01 9.99945343e-01 1.40447974e+00
    1.44594216e+00 1.10897827e+00 6.49903297e-01 -8.74965191e-01
    1.08145499e+00 8.08434486e-02 7.09406972e-01 1.88065779e+00
    5.29069424e-01 -8.18767548e-01 -8.99029136e-01 -5.75270355e-01
    8.30145895e-01 3.63725305e-01 1.29096735e+00 1.54876256e+00
    1.45953012e+00 1.41655850e+00 8.81051898e-01 -9.19437349e-01
    1.45064306e+00 1.80106878e+00 -2.59972572e-01 -2.09395587e-01
    1.70829594e+00 1.40327263e+00 1.57900870e-01 -3.31821620e-01
    1.58806229e+00 -1.65488005e-01 1.40772867e+00 7.75528789e-01
    -1.82292461e-01 6.96563959e-01 9.52199697e-02 1.08486676e+00
    3.40812922e-01 1.69038212e+00 1.65096474e+00 -1.97281837e-02
    1.74124193e+00 8.66735578e-01 -8.75226796e-01 1.24167585e+00
    -7.07513869e-01 1.73755872e+00 1.23088777e+00 8.53993297e-01
    1.62109733e+00 -6.15319967e-01 -1.30524814e-01 1.68857336e-01
    -9.87256229e-01 -6.61229610e-01 1.78197563e+00 3.41762185e-01
    2.30040669e-01 3.21971357e-01 -9.22329366e-01 1.36863685e+00
    1.19645500e+00 -4.82890725e-01 8.31694067e-01 -2.72292376e-01
    1.07130921e+00 2.50075340e-01 -2.74671912e-01 1.34350801e+00
    1.19561017e-01 1.30124795e+00 1.52052522e-01 1.22248697e+00
    -8.02857459e-01 -5.73868871e-01 -9.53254402e-01 1.96508193e+00
    1.46859789e+00 1.03923690e+00 -1.52933359e-01 1.25491190e+00
    -7.59276271e-01 -6.31012201e-01 -5.82940221e-01 1.06984341e+00
    -7.87340403e-02 8.26193929e-01 9.68059897e-01 2.82081008e-01
    -3.20857942e-01 -9.08232212e-01 1.27427745e+00 2.42720008e-01
    1.66773915e+00 -8.38910699e-01 -2.34333277e-01 1.28314734e+00
    -8.21170807e-02 1.66044414e-01 3.77498448e-01 -1.54120028e-01
    -4.51301038e-01 -5.69862187e-01 1.42799401e+00 6.08613491e-01
    -3.97104859e-01 7.25984871e-01 1.35617161e+00 -5.54485917e-01
    1.41275573e+00 -2.22399831e-01 1.00755703e+00 1.85202718e-01
    1.91948009e+00 4.91658330e-01 7.70426750e-01 -5.35665631e-01
    9.65348363e-01 1.62443054e+00 1.83219349e+00 1.82199502e+00
    1.06594074e+00 1.15938139e+00 1.73856521e+00 9.74010229e-02
    -8.35165560e-01 3.67905080e-01 8.63340557e-01 -3.51052701e-01
    -8.18367064e-01 1.02815390e+00 -2.90782869e-01 -4.16683972e-01
    8.13479483e-01 1.22742987e+00 1.83192861e+00 1.78619492e+00
    1.65161014e-01 1.59106493e+00 1.74620354e+00 -3.26361001e-01
    -7.39103019e-01 -4.02194798e-01 7.03766584e-01 -5.79384923e-01
    7.19167590e-02 1.70435500e+00 -7.43674874e-01 7.27344930e-01
    1.29670775e+00 -3.66716027e-01 -1.02527976e-01 2.69851446e-01
    7.52099633e-01 -5.78575850e-01 1.14022446e+00 3.44940424e-02
    6.84739351e-02 -6.77161217e-01 1.86673713e+00 -5.28342664e-01
    -8.96643162e-01 1.23879290e+00 -6.59661531e-01 7.21200466e-01
    -8.84728611e-01 1.49219334e-01 3.16246033e-01 7.44776845e-01
    9.54066396e-01 1.20951104e+00 3.29323769e-01 4.11661386e-01
    1.62938786e+00 1.83826745e+00 -7.13161647e-01 -5.03751040e-01
    4.09999609e-01 7.80260205e-01 1.43269396e+00 6.18764877e-01
    -1.46880209e-01 8.41304064e-02 1.39660978e+00 -8.95495176e-01
    1.35781837e+00 -4.75728154e-01 6.70708537e-01 1.15498722e+00
    4.67837334e-01 1.31290615e+00 -6.13894403e-01 2.21537352e-02
    1.88173544e+00 1.44856060e+00 2.70929992e-01 1.69221878e+00
    1.64790130e+00 8.58015478e-01 -9.07818317e-01 -8.97896409e-01
    -5.28256774e-01 -2.96262503e-02 1.78697038e+00 1.40428448e+00
    1.20146108e+00 1.36728597e+00 1.58061218e+00 -1.46220624e-01
    -2.01071084e-01 9.73145545e-01 8.97332072e-01 3.70911658e-01
    3.78123045e-01 1.70145011e+00 -3.27864587e-01 1.13144052e+00
    -9.90636945e-02 -5.95247328e-01 1.50399339e+00 1.66050684e+00
    -3.42342257e-01 1.50475955e+00 1.86233497e+00 1.74137676e+00
    -5.98235011e-01 -3.94088179e-01 -7.38592446e-01 1.32369637e+00
    9.30476069e-01 1.69207335e+00 -1.08765721e-01 6.77999198e-01
    -3.44652504e-01 -3.08302045e-01 -5.85046291e-01 -6.96476579e-01
    1.38725638e-02 2.01658130e-01 1.72805715e+00 1.16141951e+00
    8.14278722e-01 -6.67347312e-01 2.82420754e-01 4.33452725e-01
    1.45179021e+00 -8.34999681e-01 1.53667700e+00 8.40116382e-01
    1.65830290e+00 -8.52733612e-01 -2.49396682e-01 5.46027124e-01
    -6.63805008e-02 -4.38635528e-01 9.21112716e-01 1.92134619e+00
    9.40169513e-01 -4.91847456e-01 9.64264035e-01 -8.67658734e-01
    3.80495310e-01 1.62609243e+00 8.87961268e-01 1.22568381e+00
    1.23991489e+00 -5.39380908e-01 2.59515584e-01 -2.73115337e-01
    -3.35970432e-01 1.75690186e+00 5.37159801e-01 1.17531240e+00
    1.39663708e+00 7.79465497e-01 2.59243488e-01 1.51461649e+00
    4.68897343e-01 1.15237987e+00 -1.04602456e-01 1.93133831e+00
    -9.06533241e-01 3.13702345e-01 1.51638508e+00 -3.69853020e-01
    -2.90114760e-01 -9.20375764e-01 2.29411900e-01 2.43575811e-01
    1.05699086e+00 -5.77651560e-01 -2.63129890e-01 8.38125527e-01
    1.75015318e+00 1.91111112e+00 8.38650465e-01 9.65867281e-01
    -5.62107086e-01 1.79804587e+00 3.73902559e-01 1.85875762e+00
    -5.71168125e-01 9.68991756e-01 -6.82752132e-01 1.11318326e+00
    -2.64051080e-01 1.32944381e+00 6.21296167e-01 7.15786457e-01
    1.37995613e+00 2.29809642e-01 1.11581087e-02 1.64949989e+00
    4.44688857e-01 9.20064688e-01 1.49849284e+00 7.42604136e-01
    -6.50147438e-01 3.83053124e-01 1.61152411e+00 2.60687113e-01
    7.97412395e-01 -1.61220372e-01 1.39802527e+00 1.04396868e+00
    9.13767397e-01 9.53880250e-01 -8.14450681e-01 1.40328074e+00
    1.86486244e-01 3.31383407e-01 1.19872487e+00 2.32288718e-01
    1.55625343e+00 9.09765482e-01 5.62869310e-01 1.12124908e+00
    -8.93115878e-01 1.02634132e-01 -4.70893711e-01 4.59576130e-01
    1.48035073e+00 7.88551211e-01 1.15287662e-01 -5.96155763e-01
    1.81247020e+00 3.88718247e-01 1.83512354e+00 1.49277902e+00
    7.84662485e-01 -3.19157839e-01 2.07497418e-01 9.10025954e-01
    1.29508388e+00 -2.43533909e-01 -9.79884446e-01 6.04894161e-02
    4.39253330e-01 1.82690179e+00 -1.56181395e-01 1.52301908e-01
    -8.53404999e-02 -5.73840976e-01 4.73460197e-01 -6.02464676e-01
    -4.65048045e-01 -9.29431975e-01 -5.41230798e-01 1.17083538e+00
    2.60363221e-01 -4.97767150e-01 1.60864341e+00 1.30734098e+00
    7.70043731e-01 -1.02006924e+00 3.52069020e-01 -6.57021821e-01
    -8.13859701e-02 1.63296509e+00 1.58564544e+00 1.58357596e+00
    4.83908176e-01 -1.10765278e-01 1.73529243e+00 5.92478752e-01
    1.53873396e+00 1.51125717e+00 1.59403014e+00 -2.98514187e-01
    1.78868055e-01 9.09526825e-01 -8.35026562e-01 3.20669949e-01
    -5.92576504e-01 1.36087251e+00 1.10436511e+00 -2.96157360e-01
    -9.41447616e-01 4.22029257e-01 -4.76172924e-01 1.49599910e+00
    1.22554684e+00 1.45597875e+00 1.36492431e+00 8.40382934e-01
    1.18089676e+00 -1.03618443e-01 8.28063726e-01 -5.38796961e-01
    -4.49012518e-02 1.01784074e+00 7.44035244e-02 -4.06837463e-03
    1.73425055e+00 -3.66429567e-01 6.70757174e-01 2.79294372e-01
    -2.79017806e-01 -5.97490907e-01 1.77527082e+00 1.80240107e+00
    1.37792051e-01 5.16823530e-01 -4.83709693e-01 1.23028183e+00
    -5.05699456e-01 1.61503828e+00 1.10120595e-01 1.69295716e+00
    -3.58710766e-01 1.34798193e+00 5.41741431e-01 1.83289456e+00
    -3.88252079e-01 1.07657623e+00 -1.84395432e-01 2.23950386e-01
    -3.64509404e-01 7.24267364e-01 1.77936113e+00 2.03212619e-01
    -3.06258202e-02 -1.96304142e-01 4.02695775e-01 1.44664443e+00
    1.76731479e+00 4.20515537e-01 -6.65003836e-01 1.86703038e+00
    -1.44853592e-02 1.22359264e+00 -6.45231903e-01 -6.55822515e-01
    1.55243564e+00 -6.99337959e-01 6.90353751e-01 7.19060123e-01
    1.39625740e+00 7.48866022e-01 1.25789833e+00 1.86121440e+00
    6.01910830e-01 4.48232114e-01 -7.98030972e-01 -5.41059434e-01
    -2.55128741e-01 -2.95864165e-01 8.69282722e-01 -5.01469731e-01
    -7.33335495e-01 -4.45458710e-01 6.27713084e-01 1.53072357e+00
    1.72032237e+00 3.01166892e-01 1.34740531e+00 1.29908085e+00
    8.40868235e-01 6.65556490e-01 -2.62858152e-01 -8.07267308e-01
    -1.76202893e-01 -6.41343892e-01 -7.91760027e-01 4.08677399e-01
    -5.49514711e-01 8.89964342e-01 1.52563524e+00 -7.56215513e-01
    -5.02410829e-01 7.01842308e-01 -5.97299814e-01 1.44852817e-01
    -7.00105190e-01 1.70863271e+00 -5.63961625e-01 5.95050573e-01
    1.35662353e+00 -8.32701683e-01 1.53659666e+00 1.82849467e+00
    -5.75333476e-01 -6.26967549e-02 7.32741714e-01 -4.21366155e-01
    -4.92803633e-01 1.11987770e+00 -2.88033664e-01 6.22244477e-01
    1.19683051e+00 4.34303164e-01 5.57262123e-01 1.75770235e+00
    1.43321931e+00 -1.77646160e-01 1.56829202e+00 -8.28914821e-01
    1.44989896e+00 -3.80429387e-01 1.31028247e+00 1.25730181e+00
    1.34238768e+00 1.56218457e+00 1.64512491e+00 -4.13583338e-01
    4.39045012e-01 5.66421747e-02 2.10565805e+00 -2.03310072e-01
    1.79791129e+00 4.28603888e-02 9.16532934e-01 -8.96354854e-01
    8.45716834e-01 -3.65439594e-01 1.92505741e+00 3.84295762e-01
    -4.18169081e-01 1.17810071e-01 -6.89997792e-01 -7.57046342e-02
    1.63603926e+00 7.36005068e-01 -7.96029329e-01 -3.43271852e-01
    1.55468595e+00 -5.62869489e-01 1.07567143e+00 1.58953428e+00
    -5.48968077e-01 -2.74836779e-01 1.13682389e-01 -4.03629720e-01
    -9.85556662e-01 7.74944186e-01 -6.66414976e-01 -1.77729726e-02
    5.61260462e-01 -4.54838753e-01 9.92186427e-01 1.74466681e+00
    1.36148572e+00 9.44186091e-01 8.94667387e-01 1.52045965e+00
    -9.70010579e-01 1.08804333e+00 2.19658732e-01 -7.53887534e-01
    -3.39372396e-01 8.88514519e-03 9.48164821e-01 -5.59139252e-02
    1.36968255e+00 -3.87400985e-01 -3.22651625e-01 -1.79489255e-01
    -2.91885436e-01 6.81532085e-01 1.45153618e+00 1.31333184e+00
    2.11984992e-01 -7.85860419e-02 -4.07142460e-01 9.15570617e-01
    1.14312971e+00 1.47098863e+00 -7.68581867e-01 1.00618708e+00
    -7.19925642e-01 1.27989721e+00 9.47238445e-01 1.54813623e+00
    -4.55203295e-01 9.14851129e-01 1.91625023e+00 4.54596817e-01
    2.13455200e-01 1.28936291e+00 1.14993882e+00 4.17306662e-01
    8.47627878e-01 -6.28404737e-01 1.07462025e+00 -7.20532596e-01
    -2.29440928e-02 1.68237031e+00 1.47585189e+00 1.06937563e+00
    -5.62117338e-01 6.66394234e-01 9.70869780e-01 1.02663350e+00
    -9.53102112e-02 5.55555820e-01 5.90503335e-01 1.52365160e+00
    6.96057200e-01 1.26232672e+00 1.40997183e+00 1.93604350e+00
    1.09765410e+00 3.74895930e-02 1.67896175e+00 -5.88145375e-01
    3.67794156e-01 6.35837376e-01 1.77778745e+00 -6.77687645e-01
    -6.06515050e-01 -2.69290984e-01 1.47435796e+00 1.89062798e+00
    -6.15283132e-01 1.77722633e+00 -6.63561106e-01 1.37209892e+00
    -3.00332010e-01 -2.84562588e-01 1.96220911e+00 -9.82277572e-01
    1.82496929e+00 7.62928426e-01 -4.06947076e-01 -9.32556391e-03
    1.42734563e+00 5.47586143e-01 -1.60409927e-01 3.93947303e-01
    1.86028337e+00 6.72760904e-01 -5.96047759e-01 3.24428201e-01
    4.81464922e-01 1.78738701e+00 1.07212102e+00 8.07673931e-01
    9.18956757e-01 -5.27487576e-01 -4.61856067e-01 1.24039280e+00
    1.04621542e+00 1.85418820e+00 6.42628312e-01 3.42269897e-01
    4.54117179e-01 1.28635001e+00 7.16773510e-01 2.07399726e-01
    3.28645706e-02 9.03373837e-01 1.12517214e+00 -2.85489082e-01
    4.23816204e-01 -7.58141458e-01 -7.54329562e-01 1.28401375e+00
    -2.18840301e-01 1.79101992e+00 7.50062764e-01 -4.94692326e-02
    1.28992248e+00 1.28477454e+00 -6.45413995e-01 -8.83168459e-01
    3.63879323e-01 -2.30805993e-01 9.12067592e-01 1.69611621e+00
    -5.62559366e-01 1.14422691e+00 1.56597519e+00 1.01641345e+00
    1.23287344e+00 2.66038418e-01 1.47931182e+00 9.03272271e-01
    7.05520272e-01 9.69133496e-01 3.45699310e-01 1.59140825e-01
    1.54881728e+00 4.47063088e-01 1.76552415e+00 1.66506529e+00
    1.42012811e+00 8.11238050e-01 -5.45189440e-01 -5.88859558e-01
    -7.62490511e-01 9.65979457e-01 1.32720149e+00 1.84142160e+00
    1.57008541e+00 6.19606912e-01 -6.81685209e-01 6.88464403e-01
    -1.70607567e-01 1.33144379e+00 1.61789036e+00 -3.17064762e-01
    1.11097753e-01 1.75033879e+00 1.69395375e+00 1.71256626e+00
    1.47073567e+00 8.74489665e-01 1.24792325e+00 -5.65979719e-01
    1.91788816e+00 2.48102903e-01 1.03716087e+00 1.24738872e+00
    -3.44873309e-01 2.75353074e-01 -7.58434355e-01 -7.66144156e-01
    9.33680773e-01 1.91201782e+00 1.02415323e+00 1.70959949e-01
    1.43455076e+00 1.28328347e+00 2.38441229e-01 8.78037512e-01
    -3.89344931e-01 7.31659710e-01 -7.83518910e-01 -1.77321076e-01
    -6.52334213e-01 1.34834814e+00 1.28293276e+00 8.86466146e-01
    -6.38596416e-01 1.29978228e+00 1.27711558e+00 7.79235184e-01
    5.39537489e-01 1.71531224e+00 1.75207341e+00 -6.93444371e-01
    1.77834451e-01 7.65302300e-01 6.12023473e-01 1.42916775e+00
    8.63967597e-01 1.09472871e+00 -7.30107546e-01 -2.94128537e-01
    6.34366274e-03 -3.70486140e-01 3.23866010e-02 -3.89567137e-01
    -5.89698493e-01 -2.02486277e-01 1.17224574e+00 -9.54517543e-01
    -9.42617655e-03 1.87970471e+00 1.87234592e+00 5.64942598e-01
    -3.54996204e-01 -1.48843050e-01 4.78103101e-01 -1.29117399e-01
    1.85179830e+00 6.11807525e-01 -2.40015864e-01 -4.28890258e-01
    -7.17101812e-01 -8.37606251e-01 1.66566014e+00 1.14254737e+00
    3.09249640e-01 -7.78946161e-01 1.42709494e+00 8.34447205e-01
    9.11288440e-01 1.27553940e+00 9.14710760e-02 5.76765180e-01
    -5.34138858e-01 2.89596915e-02 4.07821536e-01 -8.83721769e-01
    6.32335305e-01 1.79842341e+00 -6.75481200e-01 -2.05892026e-01
    8.33836675e-01 -9.70511794e-01 1.16772211e+00 1.21969223e+00
    1.89118707e+00 -6.55156016e-01 1.85163832e+00 -1.03590965e-01
    1.39482856e+00 9.65724587e-01 7.99456477e-01 1.39185035e+00
    8.75400066e-01 1.33125162e+00 2.73652434e-01 9.76539731e-01
    1.58737743e+00 1.61929762e+00 -3.76734138e-01 1.00733078e+00
    1.71378458e+00 8.34612370e-01 1.12465549e+00 6.68507814e-02
    -1.54616237e-01 6.32410049e-01 2.91595101e-01 1.26104009e+00
    2.59103060e-01 -9.23701167e-01 1.89186752e+00 1.64909041e+00
    1.01268733e+00 -7.70012498e-01 4.00163293e-01 8.76535535e-01
    8.08398962e-01 -9.72909391e-01 1.73089373e+00 1.57213032e+00
    7.92177558e-01 -1.67909086e-01 7.97607958e-01 1.00109434e+00
    -4.23245549e-01 1.31015992e+00 1.76601493e+00 1.24541306e+00
    3.63770723e-02 -1.93353295e-01 6.96235061e-01 1.41301715e+00
    1.72497404e+00 -7.85547018e-01 -6.68597102e-01 1.93406653e+00
    1.66379154e+00 -8.64395082e-01 3.04013610e-01 1.89936209e+00
    2.45459437e-01 1.75499296e+00 -4.98942852e-01 6.95550323e-01
    4.75648999e-01 3.09751272e-01 -5.56481659e-01 1.12623692e+00
    1.03591681e+00 -8.61677110e-01 4.93073165e-01 1.64554906e+00
    -4.57959414e-01 1.25849628e+00 -8.45115900e-01 -1.22287333e-01
    -7.67922282e-01 6.43802106e-01 3.44277978e-01 1.42535794e+00
    -6.24818087e-01 1.03311765e+00 1.73057747e+00 -6.58403695e-01
    -5.85353374e-01 -7.57858634e-01 1.24955392e+00 9.88337874e-01
    1.75144911e-01 1.26254046e+00 8.16313028e-01 -4.97737080e-01
    6.85636401e-02 -4.08615053e-01 -4.34718788e-01 1.25630498e+00
    1.05080760e+00 1.75684571e+00 2.60610521e-01 9.16070342e-01
    -4.39700842e-01 -3.16951275e-01 1.36050582e+00 7.41830289e-01
    2.22879410e-01 -5.60510635e-01 1.61863768e+00 4.02739286e-01
    1.75814879e+00 1.41988337e+00 1.70274496e-01 -8.53290856e-01
    1.15108216e+00 2.04453349e-01 1.38082170e+00 -1.74062788e-01
    1.49267137e+00 2.88137794e-01 3.05338204e-01 5.18082440e-01
    3.39514375e-01 -2.90053606e-01 -4.59198862e-01 -4.07342523e-01
    2.47885227e-01 1.93345571e+00 -3.84577751e-01 1.76301527e+00
    -9.20046806e-01 -7.13654876e-01 -4.90679175e-01 -4.53554511e-01
    4.42013025e-01 1.78656197e+00 1.01504040e+00 -2.84150481e-01
    -1.67845845e-01 1.85130727e+00 2.63485312e-02 -4.55952764e-01
    8.33427906e-02 1.39320612e-01 1.26897550e+00 1.82183170e+00
    9.72286820e-01 7.65690684e-01 1.38874149e+00 -3.15858841e-01
    -7.24663734e-01 -1.87121212e-01 -6.57770872e-01 1.51396048e+00
    1.33673751e+00 2.09183455e-01 4.61943626e-01 1.53716493e+00
    1.44662142e-01 7.32321262e-01 1.33648801e+00 -3.05733263e-01
    -8.16099644e-01 7.17738211e-01 8.50218654e-01 -6.93252444e-01
    -3.67611408e-01 5.64067483e-01 -8.45114529e-01 1.11819673e+00
    -6.61601424e-02 3.21363926e-01 1.50913405e+00 2.61954069e-01
    1.78804374e+00 1.42259657e+00 1.55471909e+00 -3.38089287e-01
    1.32316208e+00 7.58505344e-01 -2.28192210e-02 -9.55306292e-02
    -9.33103085e-01 1.60949063e+00 1.58766150e+00 1.88976812e+00
    4.49799061e-01 -4.98837978e-01 -7.03154206e-02 7.66472995e-01
    2.52478182e-01 4.20058250e-01 -6.97248101e-01 -2.72696018e-01
    2.44073868e-02 -4.80785578e-01 -2.13817716e-01 1.62583184e+00
    1.54039907e+00 1.44091451e+00 1.06489956e+00 1.41227221e+00
    -4.61304545e-01 -8.38897169e-01 1.45506513e+00 1.18851376e+00
    1.11006737e-01 -8.92599404e-01 -5.45617044e-01 1.59137368e+00
    1.69698274e+00 1.64961696e+00 -2.13516355e-01 1.08542466e+00
    -7.75604486e-01 -7.79778898e-01 -5.03703952e-01 1.63532615e+00
    2.14707077e-01 -5.65609813e-01 1.77621508e+00 -2.10731864e-01
    1.66481316e-01 3.67684543e-01 6.72022462e-01 1.48254752e-01
    -2.47965276e-01 -6.08281732e-01 6.95519149e-01 1.87918901e+00
    -7.99631536e-01 1.61161184e+00 1.57985139e+00 4.12445307e-01
    6.63354099e-01 2.02080107e+00 1.55679131e+00 1.45295429e+00
    4.44642305e-02 1.39926100e+00 1.50328839e+00 -6.16061330e-01
    -6.97087884e-01 5.53746045e-01 2.83378959e-02 1.76726341e+00
    -1.02376223e-01 6.06126189e-01 1.89401484e+00 -6.90663457e-02
    -6.53092384e-01 -7.18479514e-01 -4.86533910e-01 -1.08116627e-01
    2.78897405e-01 1.79610741e+00 1.27432454e+00 -4.40979004e-02
    1.49477327e+00 6.09631419e-01 7.75989175e-01 -3.63052428e-01
    -8.86809051e-01 9.48897123e-01 -5.25914669e-01 3.47671270e-01
    1.80120993e+00 1.36349535e+00 6.23917103e-01 -3.38442326e-01
    7.74144292e-01 1.59915769e+00 1.69318771e+00 -9.22043324e-01
    1.37938142e+00 1.40009499e+00 -2.36471474e-01 1.34080052e+00
    1.61785495e+00 -5.08084476e-01 -8.83535385e-01 1.04493380e+00
    -2.94480622e-01 9.21535969e-01 1.27357495e+00 1.07916510e+00
    -7.20691800e-01 6.04420424e-01 3.23432922e-01 -2.26733923e-01
    5.54923534e-01 7.66435981e-01 1.41991210e+00 1.22456968e+00
    1.17108858e+00 -2.41586149e-01 -6.11790419e-02 1.76263583e+00
    3.33066702e-01 9.37798619e-01 -9.78629768e-01 1.34114742e-01
    -5.79877257e-01 1.18371761e+00 1.18377423e+00 3.21410537e-01
    -1.13270283e-02 1.78788912e+00 9.31566954e-01 4.95487332e-01
    1.82633471e+00 6.76696002e-01 5.33364654e-01 -1.55593157e-01
    1.89461267e+00 1.56174743e+00 1.62445617e+00 6.38939142e-02
    8.74010086e-01 -9.16285992e-01 1.22919905e+00 -6.96214795e-01
    1.66888380e+00 -4.59949374e-02 5.77284336e-01 1.55919552e+00
    2.13317931e-01 3.14665258e-01 1.80663204e+00 -6.95355296e-01
    1.29302752e+00 -1.37591541e-01 8.57367575e-01 1.99969673e+00
    1.51101470e+00 -6.65965021e-01 1.70316327e+00 -7.94513464e-01
    1.14987457e+00 1.81700337e+00 1.76745534e-01 4.57925498e-01
    -6.77271485e-01 1.85799301e-01 1.11888039e+00 1.60570145e+00
    -6.13456726e-01 8.36867332e-01 3.42488050e-01 1.32063508e-01
    1.77216065e+00 8.20167720e-01 8.40586007e-01 -5.35914838e-01
    -2.84205794e-01 -3.40751946e-01 -5.74105799e-01 1.49597120e+00
    1.54787183e+00 1.06801391e+00 -5.29018521e-01 1.88590705e-01
    1.56762433e+00 1.27148175e+00 -2.40877450e-01 9.04675603e-01
    1.86584246e+00 1.61487329e+00 -8.05372357e-01 3.08565140e-01
    1.78957021e+00 1.52407181e+00 1.40679240e-01 1.20935273e+00
    1.86778808e+00 -5.49105287e-01 -5.10246992e-01 -4.83193696e-01
    1.04035711e+00 1.13176167e-01 -8.53519678e-01 1.03732252e+00
    1.80586743e+00 6.52655363e-02 -5.86645365e-01 1.26969099e-01
    -1.13633871e-01 -3.20450485e-01 8.89685333e-01 1.74339533e+00
    7.84231007e-01 1.94419646e+00 1.20877469e+00 -9.21824992e-01
    -8.77504945e-01 1.24564767e+00 3.11215580e-01 -3.17367494e-01
    -3.08988452e-01 1.50293708e+00 1.78487015e+00 -5.15054584e-01
    1.24816108e+00 1.49525225e+00 1.09555721e-02 5.88535309e-01
    4.98359203e-01 1.37954044e+00 1.64039266e+00 5.81261277e-01
    6.23801351e-01 -6.91065848e-01 9.14432526e-01 5.13375998e-02
    -1.86469018e-01 1.74927795e+00 1.18681335e+00 -7.73485899e-01
    7.58104622e-01 -3.50605071e-01 1.30994797e-01 1.25056112e+00
    1.82073498e+00 1.31350040e+00 5.82669854e-01 -5.78365803e-01
    1.59048522e+00 -8.92701268e-01 -8.43488038e-01 1.57572520e+00
    -5.90512633e-01 1.84028864e-01 -4.33071017e-01 9.00642395e-01
    1.73385847e+00 6.64803982e-02 -7.09244728e-01 -6.64857805e-01
    -6.48292303e-02 -1.45974278e-01 1.85024667e+00 9.14103746e-01
    4.35342133e-01 1.38801789e+00 1.14722133e+00 1.93935215e-01
    1.98834896e-01 5.76032996e-01 8.06273401e-01 1.67248297e+00
    8.15188885e-03 1.39488697e+00 1.63071072e+00 1.30308962e+00
    8.27092528e-01 1.92486274e+00 8.02623391e-01 7.40388691e-01
    -4.53206509e-01 -5.65340757e-01 1.63496733e-02 1.62019801e+00
    -4.59286600e-01 -5.09600401e-01 6.38359189e-02 -8.29099298e-01
    -8.11178744e-01 -1.67466044e-01 1.37045288e+00 1.91388702e+00
    -4.36093271e-01 -4.23729062e-01 1.63751709e+00 2.43795156e-01
    9.87699389e-01 -7.98636019e-01 -5.74459791e-01 1.74029899e+00
    1.06250405e+00 7.02306867e-01 -9.03506696e-01 -8.06345761e-01
    -2.79780984e-01 3.62339258e-01 5.62490344e-01 1.89559913e+00
    1.78792071e+00 -2.96020985e-01 4.42008197e-01 1.05556059e+00
    1.91160131e+00 1.63646936e+00 7.27375507e-01 -4.91837204e-01
    -8.48414838e-01 7.98520923e-01 1.77469516e+00 -1.70297503e-01
    1.23089099e+00 -3.95825565e-01 1.58526766e+00 2.54991710e-01
    5.02616167e-03 9.46330845e-01 1.74494720e+00 -4.45205927e-01
    -4.72491980e-02 -6.43952370e-01 8.17310095e-01 -7.76103020e-01
    1.40436411e+00 1.91396415e+00 4.84838963e-01 5.52720189e-01
    6.29777789e-01 7.71894455e-01 1.90987146e+00 -5.19866943e-02
    -1.09933078e-01 -3.45085442e-01 6.67883158e-02 5.39205790e-01
    1.65896857e+00 1.39126182e+00 -9.67323005e-01 2.02767849e-02
    -2.01043010e-01 1.01271355e+00 1.57982385e+00 9.02633667e-01
    -8.36886764e-01 6.18016005e-01 -4.92893159e-01 4.83453274e-01
    6.47153974e-01 1.44554782e+00 1.88393056e+00 -9.41404045e-01
    -1.36580586e-01 -6.23473883e-01 6.64199471e-01 1.53790617e+00
    1.24253035e+00 -9.01513815e-01 -2.23567009e-01 -3.91029835e-01
    -1.23676658e-01 9.80713367e-01 -7.71192908e-01 2.55480170e-01
    1.50292087e+00 1.86880434e+00 -1.01002538e+00 2.74035096e-01
    3.07120085e-01 1.31147563e+00 2.80110359e-01 -4.88388896e-01
    6.97084069e-01 5.29086590e-02 -9.36477482e-01 1.06741607e+00
    7.82187581e-01 4.35143471e-01 2.97266662e-01 1.22050703e+00
    -9.51828122e-01 9.95379150e-01 -5.07580698e-01 1.27124071e-01
    2.29795456e-01 4.11372185e-02 5.17882109e-02 5.22362351e-01
    1.11069548e+00 9.78031754e-01 1.84329259e+00 1.47573912e+00
    -8.69459748e-01 -2.73916125e-01 1.12360513e+00 -5.42149723e-01
    9.56802368e-02 1.57083654e+00 -6.25479102e-01 6.42035544e-01
    1.34997785e-01 8.71776819e-01 1.07722402e+00 1.33865857e+00
    -6.28241122e-01 -2.67006934e-01 5.02918541e-01 7.67835498e-01
    1.67384028e+00 -1.79945171e-01 -2.03990757e-01 2.23543406e-01
    1.60739183e+00 6.27367020e-01 1.91291320e+00 1.64469123e+00
    3.05681825e-01 -7.70926356e-01 -5.84933996e-01 6.00468993e-01
    1.64584756e+00 1.08701229e-01 6.37721717e-01 -5.96750736e-01
    1.83584630e-01 1.99547708e-01 7.40903556e-01 1.82135272e+00
    -3.27218831e-01 -3.49537313e-01 1.83904552e+00 -6.82211816e-01
    -7.58757651e-01 -6.92514420e-01 1.11348629e+00 -5.85007429e-01
    -3.30499887e-01 -2.04863727e-01 6.18618846e-01 9.31183815e-01
    1.16364348e+00 1.36536932e+00 -3.02402377e-01 -7.67925501e-01
    5.21195173e-01 1.04156661e+00 1.10288763e+00 6.65672779e-01
    1.73188043e+00 -6.39919043e-01 9.73065495e-02 8.77190411e-01
    1.52241933e+00 5.20097733e-01 -1.15422487e-01 7.09484696e-01
    5.12351751e-01 -3.10719013e-01 1.21881163e+00 -6.69095159e-01
    -4.12721634e-01 1.20869446e+00 -4.53322172e-01 1.10989809e-02
    9.61610019e-01 -8.98003936e-01 -3.54048669e-01 1.88242173e+00
    -6.64373994e-01 1.16529834e+00 9.00571227e-01 -7.85360873e-01
    1.77099645e-01 4.40796971e-01 9.08214271e-01 9.41195607e-01
    9.90740240e-01 -7.71346033e-01 4.13745999e-01 1.83474410e+00
    1.13358390e+00 6.28587127e-01 1.52513516e+00 1.13750041e-01
    1.77964091e+00 1.08865190e+00 -1.73912346e-01 5.61023295e-01
    -7.64020324e-01 -2.89363444e-01 -3.82836461e-02 3.56017351e-02
    2.57477045e-01 -9.15767550e-01 -4.04116511e-01 1.93719602e+00
    1.70071483e+00 -8.46118152e-01 1.21756434e+00 -4.22941029e-01
    1.27062035e+00 5.10911345e-01 -7.12666035e-01 1.39496088e+00
    5.23766398e-01 -3.53356123e-01 9.74210083e-01 1.24930000e+00
    -6.32691383e-02 -6.92101598e-01 1.50820363e+00 -1.58071041e-01
    2.03158760e+00 1.20137990e-01 1.09180737e+00 -3.45245063e-01
    8.78957748e-01 -7.63854146e-01 1.54279113e+00 1.13704121e+00
    1.07759070e+00 -8.87531877e-01 -4.62567061e-01 9.02802110e-01
    1.59750557e+00 -1.48390293e-01 -5.35479784e-01 7.78069496e-01
    -5.18874407e-01 1.83899069e+00 -8.09276164e-01 2.49458909e-01
    1.59615791e+00 5.31140268e-01 1.12485290e+00 8.06588829e-01
    6.31315529e-01 -7.89665282e-01 5.18280327e-01 -7.81654298e-01
    1.71578908e+00 -7.79200196e-02 1.88774610e+00 7.77160764e-01
    1.09454632e+00 4.23390985e-01 1.42555225e+00 1.19571507e+00
    -3.70895982e-01 1.16199255e+00 -4.35433209e-01 -8.73223424e-01
    1.66101789e+00 1.08455694e+00 9.79952097e-01 9.26894426e-01
    -1.80019498e-01 1.34533238e+00 1.30454087e+00 8.39114428e-01
    1.17690349e+00 1.70078802e+00 1.84113550e+00 -6.61442399e-01
    -5.73119164e-01 1.48186016e+00 -2.30189860e-01 -4.20104206e-01
    2.72824466e-01 1.95359874e+00 3.65048885e-01 1.33359170e+00
    9.84500051e-02 2.70016968e-01 3.26482058e-01 4.44299400e-01
    1.28351378e+00 4.42258835e-01 2.53559828e-01 6.93986177e-01
    9.94228721e-01 8.13383460e-01 1.63229513e+00 -3.41112614e-01
    1.71790409e+00 1.13235819e+00 1.36301386e+00 5.85602164e-01
    -1.87961340e-01 1.77913725e-01 1.56494069e+00 2.67627180e-01
    -9.17839944e-01 1.21612489e+00 -1.73874676e-01 5.55862427e-01
    1.45691645e+00 -6.43139362e-01 1.34883904e+00 4.33316648e-01
    -3.09057832e-01 -8.84716988e-01 1.75881243e+00 -9.06371653e-01
    -9.36561406e-01 1.11066413e+00 1.19009125e+00 9.93799567e-01
    1.31964409e+00 1.18792117e+00 9.02495623e-01 -4.80462074e-01
    1.12041199e+00 1.49592137e+00 1.32459712e+00 1.13536847e+00
    9.24870610e-01 8.61642361e-01 -1.91617012e-01 1.55280173e+00
    -1.08132923e+00 1.15166497e+00 1.59164310e+00 5.18022656e-01
    -4.62975204e-01 -5.09399772e-01 1.71406734e+00 8.11004996e-01
    1.53630090e+00 1.22957766e+00 -7.08052874e-01 8.63962531e-01
    1.18873012e+00 1.16751730e-01 -5.63075662e-01 2.65539527e-01
    6.64934754e-01 -5.36620855e-01 1.70269370e+00 1.65863204e+00
    2.00202823e-01 1.23583317e-01 1.03509855e+00 8.29460502e-01
    -6.02536738e-01 9.74263787e-01 1.25755095e+00 1.81988883e+00
    -7.22259283e-02 -2.06862807e-01 4.65232909e-01 -6.86116934e-01
    -6.38258576e-01 1.98425961e+00 -4.34088826e-01 5.04369557e-01
    -5.49536049e-01 8.37021351e-01 7.97369897e-01 6.23334050e-02
    7.17376590e-01 5.80291152e-02 1.47844768e+00 -2.14989007e-01
    1.88536465e+00 -2.38141060e-01 1.26946592e+00 -1.21153295e-01
    -4.33950394e-01 5.16539037e-01 1.32744706e+00 4.94849086e-01
    1.79485059e+00 1.27489972e+00 5.18849134e-01 2.46338844e-02
    1.00134110e+00 1.81352592e+00 -5.72295189e-01 3.69053602e-01
    6.86520696e-01 -7.83647418e-01 1.80757380e+00 1.88050056e+00
    -2.54444718e-01 -5.71378827e-01 1.30600226e+00 -2.01058686e-01
    1.20382833e+00 8.17167163e-02 8.73491049e-01 1.36862397e+00
    1.22207677e+00 -5.53236604e-01 1.67166376e+00 1.43361080e+00
    1.10175169e+00 1.73797107e+00 1.54922068e+00 -2.77907550e-01
    1.54366529e+00 1.13826382e+00 1.76849663e+00 6.01735651e-01
    3.55882347e-01 -3.06180120e-01 -4.08377945e-01 1.19471943e+00
    7.22457111e-01 -1.02310300e-01 1.83117080e+00 1.47726464e+00
    1.44849157e+00 1.72421527e+00 1.00279093e+00 -5.85655630e-01
    2.27104604e-01 1.56225491e+00 6.79193318e-01 8.35198343e-01
    4.74866629e-02 3.37576151e-01 8.00883532e-01 1.10442543e+00
    7.47285724e-01 1.49791062e+00 4.32287276e-01 -2.64381468e-01
    4.24108326e-01 -7.08600879e-01 1.83154702e+00 -3.64045501e-01
    4.53147233e-01 -1.03116035e-05 -6.51279211e-01 6.87062025e-01
    1.94755459e+00 2.54466593e-01 9.31182504e-02 2.50094593e-01
    -3.30994129e-02 2.20061302e-01 4.95795131e-01 -8.81532967e-01
    2.26561010e-01 9.49996591e-01 1.85754788e+00 1.24219596e+00
    -5.37078142e-01 1.51039720e+00 1.65925109e+00 -6.90584719e-01
    -8.51863742e-01 -1.41906500e-01 3.99947822e-01 6.34451509e-01
    7.68319070e-01 1.72987068e+00 1.04787791e+00 6.34052634e-01
    7.49483585e-01 2.59275496e-01 1.09595120e+00 1.17237878e+00
    2.83688307e-03 9.77763116e-01 -5.64489484e-01 -3.69817615e-02
    -8.29741895e-01 1.81172609e-01 -1.74769044e-01 2.18503654e-01
    -2.77404308e-01 1.82442403e+00 -2.59201586e-01 1.67644143e+00
    1.70672059e-01 -7.44034052e-01 8.63044679e-01 -2.05819249e-01
    1.82115936e+00 -6.73527479e-01 7.61713803e-01 6.84101462e-01
    -8.57267678e-01 1.12119150e+00 -6.39067829e-01 -5.44981241e-01
    1.60954595e+00 -7.19578385e-01 2.23372877e-01 1.01442409e+00
    1.98555446e+00 -6.72655821e-01 -8.30723703e-01 -7.12659836e-01
    1.85015702e+00 7.53337801e-01 -5.44686317e-02 1.49185789e+00
    -9.93705571e-01 3.05286705e-01 -6.12313569e-01 -3.84596288e-01
    1.00216484e+00 6.42869234e-01 1.77590883e+00 -5.34578204e-01
    -1.99270129e-01 6.91122413e-01 -5.85101247e-01 1.28067040e+00
    1.25118399e+00 1.22428012e+00 1.92901075e-01 1.60490799e+00
    1.45760524e+00 -7.89047658e-01 1.77819037e+00 6.42138720e-02
    1.42620492e+00 -7.93174982e-01 -6.61878586e-01 7.77764022e-01
    1.27846718e+00 1.16754293e-01 1.09295368e-01 1.97363424e+00
    -3.27672958e-02 1.32106662e+00 9.97406840e-02 6.18152261e-01
    -2.99346507e-01 1.79148149e+00 1.64820576e+00 9.18591022e-01
    1.51888347e+00 3.06748867e-01 -6.07802927e-01 1.84730911e+00
    -3.62590790e-01 8.68761063e-01 1.28684473e+00 1.50288773e+00
    8.97780895e-01 1.33130312e+00 -1.97858691e-01 -5.01878500e-01
    -5.48303008e-01 1.26076257e+00 9.51325774e-01 1.54538584e+00
    4.27430153e-01 -9.88911808e-01 -1.84492826e-01 -8.04719329e-02
    -8.31545591e-02 1.93331802e+00 1.70212305e+00 4.96929884e-02
    1.21213257e+00 -3.50857139e-01 7.45816469e-01 -1.14551187e-01
    8.91896129e-01 4.60726738e-01 1.28023863e+00 1.05021489e+00
    2.83890486e-01 1.75765574e+00 6.28471375e-04 -1.03794968e+00
    9.11206603e-01 9.21113014e-01 1.76346803e+00 -7.12007165e-01
    -9.02085483e-01 1.31544995e+00 -6.23701453e-01 7.14861274e-01
    1.83232546e-01 1.91526687e+00 4.24000859e-01 -3.71941566e-01
    -5.94459176e-01 6.79386258e-01 -3.95395219e-01 1.20094359e+00
    -7.57886052e-01 1.43381238e-01 -5.96398115e-01 -1.42822683e-01
    -6.19138420e-01 2.84293115e-01 -6.79934382e-01 1.95696831e-01
    -4.25670505e-01 1.83272398e+00 1.03221774e-01 -2.93870747e-01
    -3.02202702e-02 1.58012438e+00 6.95933938e-01 -5.25031745e-01
    -1.90374494e-01 1.61205506e+00 1.53316128e+00 5.53789079e-01
    -5.44851542e-01 1.74868226e+00 3.14764380e-01 3.26188028e-01
    1.65389442e+00 1.01197302e-01 -3.73370111e-01 -6.24060512e-01
    -7.89133310e-01 -7.92335033e-01 2.01118994e+00 -2.78364241e-01
    2.19527483e-01 6.54592395e-01 1.22182131e-01 -1.12566590e-01
    -2.55955935e-01 -7.26084650e-01 7.76304007e-01 1.96706104e+00
    -7.42714286e-01 1.53044701e+00 1.45076334e-01 -8.63598824e-01
    1.68452096e+00 3.22654605e-01 6.00119948e-01 5.51125765e-01
    1.69129610e-01 3.61291409e-01 5.56076407e-01 -6.67464077e-01
    1.19917822e+00 1.22628319e+00 5.07258594e-01 7.60360003e-01
    8.61439109e-02 -8.14483225e-01 9.70410109e-01 2.43397772e-01
    4.90357995e-01 -7.82861650e-01 -3.10095131e-01 5.86149096e-01
    1.63849699e+00 -8.17169428e-01 1.10560632e+00 -9.79819417e-01
    -8.27830255e-01 8.07288885e-02 6.02709413e-01 -3.86309028e-02
    1.58810329e+00 2.24849284e-01 -9.18015897e-01 4.05830443e-01
    7.08374262e-01 1.14951730e+00 -4.85230982e-01 1.68782485e+00
    1.59363639e+00 -3.98531199e-01 -6.98527277e-01 1.82482111e+00
    -1.76567078e-01 2.80587792e-01 9.34335172e-01 1.98488963e+00
    -4.08895969e-01 -1.28122330e-01 1.24766123e+00 -9.11397398e-01
    -1.50237501e-01 9.15615320e-01 7.20158994e-01 9.34566975e-01
    -5.98683119e-01 1.32102036e+00 -4.94693846e-01 -2.08776653e-01
    -5.91925979e-01 3.82472992e-01 -8.66177678e-02 1.00119925e+00
    4.71718431e-01 -6.56706095e-01 -6.73537612e-01 -9.39433932e-01
    9.45715785e-01 1.18020868e+00 -5.47347069e-01 -4.61432159e-01
    1.88953936e+00 1.16340780e+00 1.48361075e+00 1.70156455e+00
    1.07318461e+00 1.35747194e-01 1.79012096e+00 6.83087707e-01
    3.14764023e-01 1.30662024e+00 1.99534035e+00 -2.63160110e-01
    -2.33093023e-01 1.48287630e+00 -3.25672328e-01 6.44341588e-01
    -8.58045042e-01 1.43023860e+00 -1.95958614e-01 -2.17454970e-01
    -7.17238724e-01 5.73872030e-01 5.06830394e-01 3.34072948e-01
    -7.96081185e-01 -4.24342185e-01 1.41861343e+00 1.30132866e+00
    1.08353043e+00 -7.66216934e-01 1.59515738e+00 1.21096301e+00
    -9.08868730e-01 7.27403283e-01 -5.31304955e-01 2.49978125e-01
    -2.15044975e-01 1.81645942e+00 2.75228679e-01 1.51227546e+00
    4.86155152e-02 4.48110640e-01 8.14210057e-01 -4.70306396e-01
    2.10925460e-01 1.32649946e+00 9.48764741e-01 1.73737323e+00
    -3.33086848e-02 -9.11736250e-01 6.94856524e-01 2.40807176e-01
    3.97138238e-01 1.99421692e+00 -1.00071549e-01 -7.47887015e-01
    1.68047380e+00 1.39978170e+00 1.41633904e+00 -5.65532804e-01
    1.26652372e+00 2.08958149e-01 1.87079775e+00 1.79074061e+00
    1.29804420e+00 1.56055176e+00 -3.55934322e-01 1.09215081e+00
    2.50417233e-01 -7.60725379e-01 1.64113736e+00 9.59340394e-01
    4.34920967e-01 -1.60222471e-01 1.93886316e+00 6.03988886e-01
    9.59729373e-01 9.12259638e-01 1.35760522e+00 -3.95990491e-01
    -4.56077546e-01 -2.15469956e-01 -1.45080805e-01 3.80953312e-01
    8.89262021e-01 -2.47442305e-01 1.97497630e+00 -4.12014484e-01
    -8.84756505e-01 9.32772040e-01 -1.06211305e-02 1.12041616e+00
    -7.94152915e-01 4.69153941e-01 1.87546158e+00 -3.13895464e-01
    -1.56723261e-01 1.43842149e+00 -6.00875139e-01 1.75844955e+00
    2.88604319e-01 -4.27290738e-01 -2.58928657e-01 -2.21309066e-01
    2.92039692e-01 9.21723843e-01 1.82932854e-01 1.09676731e+00
    -2.18475342e-01 3.33711386e-01 9.30833817e-03 1.17696142e+00
    -5.13908148e-01 7.65365005e-01 5.65196276e-02 3.71208131e-01
    1.84103477e+00 6.89813375e-01 -1.03971958e-02 1.46894205e+00
    3.84051681e-01 9.00267720e-01 -5.88614047e-01 1.50781691e+00
    1.57406425e+00 6.51331067e-01 -3.56985629e-01 1.33037651e+00
    3.09366465e-01 1.80151093e+00 1.65844226e+00 1.06080174e-01
    1.67767274e+00 -7.57109165e-01 4.30866003e-01 1.21819150e+00
    3.63918662e-01 8.51776838e-01 2.10300684e-01 1.44909894e+00
    1.65201461e+00 1.83960974e+00 -7.89359987e-01 1.49279785e+00
    1.95220816e+00 1.90236270e-01 9.44693863e-01 -2.32706904e-01
    8.14714968e-01 9.13387418e-01 -6.34495020e-01 6.36699736e-01
    1.33132839e+00 1.81522560e+00 1.25650132e+00 -5.87835908e-01
    1.12293601e-01 1.53048134e+00 -9.93665457e-01 1.91328287e+00
    7.04616785e-01 4.82053876e-01 7.41056085e-01 8.24077368e-01
    5.88397384e-01 5.25336564e-01 4.89919484e-01 -2.46152222e-01
    1.72320604e-02 1.04633009e+00 1.89071846e+00 6.23116434e-01
    6.11948073e-01 1.37329435e+00 -7.89597034e-01 2.01631784e+00
    -2.62976527e-01 -8.76753688e-01 2.34726608e-01 -5.42379618e-02
    -5.99513054e-01 3.51110697e-01 9.34988916e-01 -9.93217945e-01
    -3.45435798e-01 -3.93309653e-01 -4.94635135e-01 7.89883375e-01
    1.22704375e+00 2.75478363e-02 7.86654472e-01 -4.92347479e-02
    3.07585001e-01 5.35259843e-01 1.75116372e+00 5.29410958e-01
    4.18187976e-01 6.36360049e-01 -3.72149944e-01 2.05002189e-01
    1.90003324e+00 8.19514751e-01 1.20837212e+00 9.35607493e-01
    5.13171077e-01 -3.94065320e-01 4.54540074e-01 -8.67950201e-01
    -5.98128319e-01 7.88295984e-01 1.05533087e+00 1.63405895e+00
    2.45160580e-01 5.48217416e-01 1.14148104e+00 1.67541313e+00
    1.29038298e+00 9.35697973e-01 1.92210603e+00 -7.69697785e-01
    -8.76938641e-01 1.04921281e+00 -2.14230001e-01 1.23333716e+00
    -6.98482990e-03 1.57138276e+00 1.39105773e+00 1.80117023e+00
    -5.21097422e-01 -8.26206326e-01 -3.93630028e-01 1.52259350e+00
    -7.07319796e-01 2.71426558e-01 -3.30106437e-01 1.73767591e+00
    6.35071278e-01 -8.92346323e-01 -5.00237763e-01 -5.95533013e-01
    -8.78629327e-01 -6.80663586e-01 5.36789060e-01 5.18472433e-01
    4.13609028e-01 2.37609923e-01 1.17514777e+00 -7.23468244e-01
    1.55983305e+00 1.26752591e+00 1.65620816e+00 -8.91557455e-01
    4.35621202e-01 -3.16784441e-01 1.70532393e+00 1.93759549e+00
    -9.01465237e-01 8.72089863e-01 -2.87038326e-01 7.97885537e-01
    6.99851155e-01 1.48899138e+00 -2.40331352e-01 2.06313968e-01
    1.53494132e+00 -9.95750844e-01 -5.21487951e-01 -6.79101169e-01
    3.69044542e-01 -4.84375209e-01 1.78849411e+00 -8.11033964e-01
    4.99797165e-01 1.16783857e+00 -2.66391218e-01 3.57083499e-01
    1.47391045e+00 1.05488873e+00 1.70933414e+00 6.13566041e-01
    1.36003244e+00 8.87243807e-01 -2.72803962e-01 1.00285709e-01
    -1.06957495e-01 3.83274138e-01 7.58449733e-01 1.45049572e-01
    -2.88939953e-01 1.40318727e+00 1.22720504e+00 1.59537625e+00
    -7.85676718e-01 -2.60795295e-01 1.99223065e+00 -8.29989791e-01
    -3.89072597e-01 8.42714131e-01 1.99223590e+00 -7.85808563e-01
    1.98158455e+00 -8.96700382e-01 -1.29594207e-02 8.52158904e-01
    -6.92192316e-02 1.74924028e+00 -2.63312697e-01 7.76757538e-01
    1.92181599e+00 8.22777867e-01 -9.44942832e-02 1.66892087e+00
    1.36167896e+00 1.64194036e+00 -4.65585589e-01 -4.54197347e-01
    1.82681870e+00 1.46945441e+00 -1.44978225e-01 4.61151600e-02
    1.03761542e+00 1.81113553e+00 5.66409230e-01 3.68696690e-01
    1.94202721e-01 -6.55999541e-01 6.13015711e-01 1.11598635e+00
    1.70717382e+00 1.04663587e+00 1.83903873e+00 9.09692526e-01
    1.21554554e+00 1.01000309e+00 -9.21428442e-01 1.48656750e+00
    -2.31695056e-01 -9.09384429e-01 9.31443274e-01 5.56981325e-01
    1.11648679e+00 9.12156940e-01 3.27575684e-01 -8.49593878e-01
    1.48634768e+00 5.56044340e-01 3.60426903e-02 4.10648823e-01
    8.42940867e-01 1.63631201e+00 -3.27668071e-01 -5.96649408e-01
    1.26318884e+00 1.14589810e+00 -7.46945024e-01 5.44503570e-01
    -3.72675717e-01 1.87429476e+00 3.03673208e-01 9.62288916e-01
    -9.37791765e-01 1.64738894e-01 4.83503580e-01 1.65641570e+00
    1.30211651e+00 3.43891740e-01 3.25461924e-01 -1.07732534e-01
    4.14791882e-01 -2.16748595e-01 -2.56346166e-01 5.55151880e-01
    4.05338049e-01 -9.54168558e-01 1.42706728e+00 8.33521008e-01
    2.41640687e-01 2.16923952e-01 3.71295929e-01 1.43648839e+00
    -2.61373937e-01 1.75315297e+00 1.67026579e+00 1.64250994e+00
    1.61370218e+00 5.48735499e-01 1.10588014e+00 1.27203512e+00
    2.78462172e-02 5.97150683e-01 1.34366643e+00 2.75106668e-01
    6.12914801e-01 -6.55726433e-01 1.62431538e+00 6.67435527e-01
    -2.39466369e-01 -1.53583765e-01 1.00671387e+00 1.25891149e+00
    4.26267505e-01 3.42201352e-01 -4.52775180e-01 3.58328223e-01
    1.83066726e-02 1.63399363e+00 1.39857519e+00 1.32429242e-01
    -2.44629800e-01 1.70511842e-01 -1.24520540e-01 7.22073913e-01
    -4.99558121e-01 -7.55378008e-01 6.06788039e-01 2.64621973e-01
    1.61307454e+00 1.42323816e+00 -8.36598754e-01 1.46904600e+00
    2.40993857e-01 -4.47391272e-02 1.22604132e+00 1.77520585e+00
    -6.83030963e-01 6.64570332e-01 -8.33618581e-01 -3.77670527e-01
    -3.96756828e-01 7.26885557e-01 9.58083808e-01 9.30191457e-01
    1.20873666e+00 -1.28983617e-01 5.05519986e-01 -6.49183393e-01
    -1.87894762e-01 -4.69073445e-01 1.84561408e+00 2.31186390e-01
    1.29202509e+00 1.80507183e+00 3.11785400e-01 9.00853395e-01
    9.87102687e-01 1.31182861e+00 1.46323872e+00 1.06169248e+00
    1.47499299e+00 3.07735205e-02 1.43926787e+00 1.20850480e+00
    2.60475516e-01 7.90512919e-01 2.17407286e-01 -6.52056098e-01
    -5.75487375e-01 -8.01618099e-01 1.66202903e+00 -5.87126613e-01
    7.50515223e-01 -2.99306214e-01 1.65755177e+00 -1.42123044e-01
    1.22629452e+00 3.62126172e-01 -2.35945523e-01 -3.85899127e-01
    1.02193999e+00 8.17735791e-01 5.54019570e-01 -7.75299311e-01
    1.54652393e+00 1.44967771e+00 9.69481647e-01 -2.74778485e-01
    -3.30275297e-03 9.77209151e-01 -3.64537776e-01 -3.50753665e-01
    -1.07966661e-02 1.09967673e+00 -1.49621010e-01 3.99857640e-01
    8.14607382e-01 -5.62668860e-01 1.74555612e+00 1.32927108e+00
    1.40176165e+00 1.91459918e+00 2.48868108e-01 1.05373585e+00
    1.38575912e-01 1.85832429e+00 6.65418029e-01 1.96037674e+00
    -2.74149477e-01 -7.65864611e-01 1.62443304e+00 9.39543486e-01
    -3.69896770e-01 1.00572515e+00 1.44009948e+00 1.16370320e-02
    1.84062219e+00 3.51087511e-01 -9.59610939e-02 2.69973457e-01
    6.88578486e-02 -1.17878675e-01 1.17690718e+00 1.65092409e+00
    2.35706806e-01 5.74865222e-01 3.50604773e-01 1.13576877e+00
    1.10140729e+00 -6.67273998e-03 5.73866487e-01 -5.66773415e-02
    1.70568919e+00 4.10058379e-01 -1.84997618e-01 3.17651510e-01
    5.22113264e-01 1.16169047e+00 -9.48037624e-01 1.21986806e+00
    1.02846074e+00 -1.16511703e-01 7.17041075e-01 6.90729737e-01
    6.93746865e-01 3.14794481e-01 -9.28401947e-04 6.67623401e-01
    -3.40447783e-01 2.20942259e-01 1.63043070e+00 -6.18460298e-01
    -8.35292459e-01 7.25158036e-01 1.45467091e+00 1.00190914e+00
    -1.72587097e-01 1.76287067e+00 7.46697187e-01 1.66965401e+00
    8.31295550e-01 6.29722536e-01 2.44483173e-01 -1.62639558e-01
    8.00590754e-01 7.97294736e-01 1.89858961e+00 1.00811148e+00
    -9.01278973e-01 1.28692675e+00 1.76858664e-01 1.78667569e+00
    1.67267179e+00 1.36671472e+00 3.94134462e-01 -9.26684082e-01
    2.35415876e-01 2.49057651e-01 1.49228859e+00 -6.76097870e-01
    1.62348509e+00 9.55230176e-01 1.38766909e+00 2.06428349e-01
    2.72613943e-01 1.53259659e+00 2.42575228e-01 1.36155975e+00
    1.30020237e+00 2.25563169e-01 -6.04337037e-01 4.16435480e-01
    8.02842379e-02 1.64257252e+00 -5.43158054e-02 1.33315825e+00
    1.40577316e+00 3.44777584e-01 1.46233535e+00 1.27135754e+00
    1.33963382e+00 1.22056699e+00 5.74366868e-01 7.39710391e-01
    2.94961393e-01 6.83961153e-01 1.60230565e+00 4.10565555e-01
    -7.45090902e-01 1.19637525e+00 1.46754622e+00 4.69141901e-01
    9.14436221e-01 7.74349093e-01 -9.18646276e-01 -4.34882283e-01
    4.67513740e-01 1.70759881e+00 2.50043929e-01 1.14550173e-01
    1.26749396e+00 -3.96080315e-01 -2.51911283e-01 7.25300193e-01
    3.73090446e-01 1.01110506e+00 1.35641396e+00 1.78624654e+00
    1.91009021e+00 7.41087437e-01 -6.91330194e-01 1.45670366e+00
    6.53684258e-01 -5.89944720e-02 5.47839642e-01 2.57900655e-01
    1.84799862e+00 -3.87649119e-01 -4.13966179e-03 1.54727578e+00
    1.04744458e+00 1.21958256e-01 1.26040435e+00 1.13356149e+00
    1.11921692e+00 -8.52834940e-01 8.16754699e-01 -5.53453326e-01
    -7.96395004e-01 -1.29232824e-01 7.02726722e-01 1.67061913e+00
    -3.27182293e-01 1.13325012e+00 -1.08751285e+00 -4.62223291e-02
    5.23956060e-01 1.75013292e+00 1.27607036e+00 1.15648437e+00
    -3.34405065e-01 -9.50526655e-01 1.30000842e+00 -3.58122170e-01
    3.57310534e-01 9.27303314e-01 1.70499110e+00 1.38907707e+00
    -3.50291312e-01 -2.62740850e-02 5.31613111e-01 -1.38085485e-02
    -2.20665634e-01 1.88156080e+00 7.68212676e-01 -2.59007871e-01
    -1.01924455e+00 1.77603412e+00 1.40772605e+00 2.94728160e-01
    1.82656050e+00 1.70238197e+00 -5.34985542e-01 -2.90508986e-01
    9.86890018e-01 1.60386527e+00 1.73519051e+00 1.19961190e+00
    -4.71982718e-01 1.00762260e+00 1.16757989e-01 -8.28509271e-01
    1.82953465e+00 -2.87009478e-02 2.00612092e+00 1.16637969e+00
    2.91108966e-01 1.45256019e+00 1.98189712e+00 -5.41588545e-01
    -8.59911740e-01 1.19310760e+00 1.55708086e+00 1.40494752e+00
    1.57308769e+00 -1.54847741e-01 1.34926832e+00 1.45870948e+00
    1.00608730e+00 1.40808201e+00 5.49264729e-01 -8.30735385e-01
    1.48040533e-01 -2.81026185e-01 9.32774544e-02 -3.70285511e-02
    5.86290359e-02 -6.27466857e-01 -1.43005908e-01 1.64158678e+00
    9.07518983e-01 1.64530301e+00 -2.64750481e-01 -4.57596064e-01
    8.77822816e-01 8.55676174e-01 1.65254056e+00 -9.40102339e-02
    4.02046859e-01 1.97524607e-01 5.11158109e-02 5.44512391e-01
    1.89050531e+00 -7.10569382e-01 7.26275384e-01 -4.13220227e-01
    1.44545436e-01 1.02291524e+00 4.51273084e-01 1.92159903e+00
    1.25525522e+00 1.01184702e+00 -9.23883975e-01 -3.89617503e-01
    3.57772648e-01 1.16818666e+00 -6.58142269e-01 -5.51098943e-01
    7.03104854e-01 9.83371139e-01 1.31965268e+00 4.06897187e-01
    -2.15388060e-01 1.91723812e+00 8.06525707e-01 -1.71549201e-01
    1.59707367e+00 -5.07603943e-01 4.41540599e-01 1.80976975e+00
    1.20882010e+00 1.54338932e+00 6.99399352e-01 4.43887949e-01
    1.93671727e+00 -2.24639952e-01 1.04604411e+00 8.64499629e-01
    4.40596402e-01 1.25965238e-01 9.39068317e-01 -7.98026204e-01
    6.32021010e-01 4.07935083e-01 3.73195887e-01 3.69075596e-01
    1.76446760e+00 1.44986200e+00 -4.59097624e-01 1.73433506e+00
    -2.26958036e-01 -4.31514144e-01 1.66961455e+00 -1.00077343e+00
    1.66287065e-01 -5.17385721e-01 8.48418951e-01 -6.98926747e-01
    1.56294823e+00 1.90763640e+00 5.70726037e-01 1.50004148e+00
    -6.58901751e-01 1.64943016e+00 6.19976759e-01 1.90165114e+00
    6.78021848e-01 -1.72083735e-01 1.30543578e+00 1.33048677e+00
    4.16878104e-01 -1.07795596e-01 1.10419655e+00 1.66935205e+00
    9.65912461e-01 -3.36613178e-01 1.44015861e+00 6.35709643e-01
    9.27437484e-01 1.87371099e+00 1.70618296e-02 -5.59008360e-01
    6.36748075e-01 1.03388619e+00 -9.18600559e-02 -8.06617737e-01
    5.59630513e-01 1.69736123e+00 -6.41478539e-01 -3.85072231e-01
    -4.72025871e-02 -7.49609113e-01 9.44336593e-01 1.12177742e+00
    1.35608768e+00 -3.95683706e-01 -8.00488174e-01 8.61385107e-01
    1.79139400e+00 -5.88328958e-01 1.13485432e+00 4.77908373e-01
    1.33033085e+00 -6.84405506e-01 6.62944078e-01 -1.65468454e-03
    8.48321021e-01 1.44855237e+00 -9.63675022e-01 -3.37524116e-01
    -1.71669185e-01 2.94744968e-04 -1.37511790e-01 -6.10794365e-01
    -3.33813310e-01 -5.65854967e-01 1.01832497e+00 1.75361228e+00
    3.81873786e-01 -4.23441857e-01 1.21131480e+00 2.19661474e+00
    2.02539682e+00 -3.09677720e-02 1.36384034e+00 -4.38264728e-01
    -4.20575261e-01 1.80546033e+00 -9.45384920e-01 1.30775547e+00
    -8.36659968e-01 1.43892860e+00 4.96635199e-01 1.11281598e+00
    1.06374264e+00 -5.71524084e-01 -2.44592786e-01 7.17587769e-01
    -2.58844912e-01 1.02347374e+00 1.54949617e+00 2.22968698e-01
    -5.34515858e-01 -3.65210831e-01 1.92494416e+00 3.98567677e-01
    -6.05176091e-01 -1.14515066e-01 1.50511324e+00 4.59183455e-02
    1.30438936e+00 -7.97391653e-01 -8.15735281e-01 -9.42665815e-01
    1.23581481e+00 1.34639883e+00 -1.71235800e-01 1.54049647e+00
    -1.03847528e+00 1.23153281e+00 1.89974594e+00 4.90529299e-01
    -3.07388127e-01 -1.83390319e-01 1.98498511e+00 -6.00468814e-01
    3.01941097e-01 1.82782650e-01 1.92366350e+00 1.35399914e+00
    -8.45928192e-01 -2.52680242e-01 7.71456122e-01 5.98903298e-01
    -2.75993943e-02 -9.63559747e-02 1.80695653e-01 6.69108033e-01
    -3.23027730e-01 9.44420815e-01 -1.40020549e-01 -3.49451959e-01
    1.18278623e+00 1.52311063e+00 1.12657440e+00 1.26437163e+00
    -2.78514922e-01 -3.43832314e-01 -7.08218336e-01 1.15042579e+00
    1.73199713e+00 6.72246933e-01 -7.86037564e-01 1.64693952e+00
    1.01537824e+00 -9.48804021e-01 1.52723670e+00 8.52214694e-01
    4.29914474e-01 1.55386364e+00 1.87574983e-01 1.07363558e+00
    2.04254389e-01 5.39360285e-01 1.30298257e-01 9.03988600e-01
    -9.09261107e-01 -5.29973865e-01 -9.64540243e-02 3.46339047e-01
    -2.36685157e-01 3.59789729e-01 -5.98547876e-01 4.76272225e-01
    1.09351349e+00 6.76710367e-01 -9.66579318e-02 -9.00639653e-01
    -8.84447575e-01 1.00413203e+00 1.45690012e+00 2.51944602e-01
    6.77955627e-01 -1.37664676e-02 1.57428622e+00 -3.19344342e-01
    -7.48113513e-01 1.25250447e+00 1.44104111e+00 1.19187713e+00
    1.82414067e+00 9.49473262e-01 1.88355041e+00 9.16875601e-02
    -5.28819203e-01 -9.17368293e-01 8.95101428e-01 -4.93157595e-01
    1.41327858e+00 1.23560691e+00 9.66593027e-02 3.25006127e-01
    1.74807310e+00 7.07092643e-01 8.18039417e-01 4.02456045e-01
    6.77945256e-01 6.00231528e-01 1.37085176e+00 4.48420227e-01
    3.03468108e-01 -8.33112597e-01 1.25246191e+00 -4.88871336e-02
    1.45867682e+00 -6.77908540e-01 5.15704155e-02 1.48802662e+00
    1.19853497e+00 2.78809786e-01 6.59684360e-01 1.04757190e+00
    -5.39453745e-01 -4.19593871e-01 5.84175944e-01 7.82841206e-01
    -4.22852218e-01 -7.37315893e-01 -3.94612670e-01 -8.69203806e-02
    1.34546137e+00 -6.50097728e-02 -7.67950296e-01 7.84082770e-01
    1.21448731e+00 -4.22868013e-01 1.07695913e+00 1.28909540e+00
    -4.75505888e-01 -7.60106087e-01 -1.48974240e-01 -6.19521558e-01
    5.12547255e-01 1.19875944e+00 -7.82751322e-01 1.41549659e+00
    1.20638549e+00 1.59187555e+00 1.26343179e+00 1.42572880e-01
    -5.18622220e-01 2.33936906e-01 1.63075876e+00 2.50998914e-01
    9.10554171e-01 -4.40603465e-01 -8.12590122e-04 -1.66997731e-01
    8.64649415e-01 5.04311919e-01 1.09231782e+00 5.47581255e-01
    -2.06511915e-01 1.41816628e+00 -4.46347177e-01 1.21843457e+00
    3.34537029e-01 -7.31537938e-01 1.37812734e-01 1.10503674e+00
    1.12769234e+00 1.43710709e+00 8.66803527e-01 9.72983956e-01
    -3.99238944e-01 1.18209851e+00 5.51093221e-01 -4.39630806e-01
    2.25984454e-01 8.01252365e-01 -5.98101616e-02 -7.55878925e-01
    3.39320302e-01 3.91408801e-02 -6.33915901e-01 1.43534756e+00
    1.14563811e+00 8.78942251e-01 2.36422420e-01 4.59747195e-01
    2.66703367e-02 -9.70909595e-01 1.32717681e+00 1.65283203e+00
    -2.41409183e-01 3.94705057e-01 1.65449560e-01 1.53817761e+00
    5.26531518e-01 -5.09720027e-01 1.25618839e+00 -5.69155216e-01
    1.52097297e+00 8.33407640e-01 6.81568384e-02 1.11274874e+00
    -6.36949241e-01 3.58681560e-01 -2.48145998e-01 1.69169712e+00
    1.87187445e+00 -4.64319885e-01 8.13259840e-01 -5.45797944e-01
    8.21319640e-01 1.82694602e+00 -9.06200171e-01 -5.67860425e-01
    -4.98226553e-01 -6.35289550e-01 1.45582235e+00 -3.61037314e-01
    -6.30622864e-01 1.21646976e+00 1.61867309e+00 2.95705855e-01
    4.95687008e-01 5.94920993e-01 -2.99241483e-01 1.67197585e-01
    5.15741050e-01 6.25272989e-01 1.88369548e+00 1.29442787e+00
    5.75542450e-02 1.17473912e+00 2.87241936e-02 2.16269875e+00
    8.64472032e-01 7.81203747e-01 1.45683432e+00 -5.14242291e-01
    -4.50821519e-02 3.10411274e-01 -4.83467579e-01 -8.57337117e-02
    7.44808912e-01 1.48155224e+00 -7.71348476e-02 -3.63007367e-01
    -1.35064125e-03 1.64165449e+00 4.26762819e-01 1.78816819e+00
    3.36391568e-01 4.80542302e-01 -4.05352354e-01 -6.76057220e-01
    5.74125469e-01 9.28125381e-02 1.39374018e-01 4.36519980e-02
    -8.36806893e-02 7.71372318e-01 -6.10134363e-01 -6.76382959e-01
    9.57474351e-01 -7.11380482e-01 6.84673786e-02 1.18941188e+00
    1.61900842e+00 1.28231287e-01 1.37902105e+00 1.65828788e+00
    5.51926613e-01 -4.15634155e-01 1.11144900e+00 1.73152030e+00
    2.44819164e-01 -6.07840359e-01 -3.71589482e-01 -4.23413634e-01
    1.51257861e+00 4.50019956e-01 -1.18932605e-01 6.79415822e-01
    1.56717229e+00 1.71062601e+00 7.53813982e-01 2.86660671e-01
    1.29223716e+00 -9.99574065e-02 2.49090910e-01 -5.47272801e-01
    1.44459414e+00 -8.42682779e-01 1.17144346e-01 1.24027002e+00
    -1.12836421e-01 1.00278223e+00 5.48123598e-01 1.49313354e+00
    1.47113442e+00 -3.13160002e-01 1.23868918e+00 1.51799583e+00
    -2.92850792e-01 1.33005190e+00 1.86251509e+00 -4.35776830e-01
    5.89977264e-01 1.16534340e+00 1.30897450e+00 -4.13024724e-01
    1.11627352e+00 1.06957936e+00 -1.02607667e+00 1.68616259e+00
    3.31613898e-01 6.20755792e-01 1.57585168e+00 9.57062423e-01
    1.56011128e+00 1.02605247e+00 1.17482698e+00 1.05357468e-01
    1.41184759e+00 6.06085896e-01 -3.99067640e-01 -4.34602201e-01
    6.91740811e-01 9.56922054e-01 1.29768395e+00 -3.43114614e-01
    1.02889216e+00 -7.62106836e-01 -6.86397552e-01 1.25047302e+00
    -2.58372843e-01 1.57012963e+00 -3.95748138e-01 -1.66298568e-01
    -6.62986279e-01 -6.04243875e-01 -8.78817916e-01 1.73928666e+00
    1.57814598e+00 -2.13233829e-01 1.84893942e+00 7.29520321e-02
    1.11424458e+00 -6.41181350e-01 -3.64327371e-01 1.37678492e+00
    9.27187800e-02 5.58483124e-01 1.25794137e+00 1.04795122e+00
    1.13378704e+00 7.87792802e-01 1.37975645e+00 1.72104251e+00
    1.56923449e+00 7.49958158e-01 -6.69232309e-01 6.06985629e-01
    -8.96520138e-01 -2.72324443e-01 8.13691616e-01 1.98377371e+00
    1.97250962e-01 9.34679270e-01 1.11637950e-01 1.00686038e+00
    -4.27410424e-01 2.70614624e-02 4.19580996e-01 7.21129298e-01
    1.55333400e-01 1.69116473e+00 4.34692383e-01 4.15130198e-01
    1.31842673e+00 -1.40826464e-01 8.43167007e-01 1.65949535e+00
    1.48315549e+00 9.51792955e-01 1.71619999e+00 1.86928153e+00
    1.45882654e+00 -6.46232247e-01 6.13468647e-01 -5.42862594e-01
    1.81146908e+00 1.88771558e+00 1.54818392e+00 -8.76675487e-01
    8.85815501e-01 1.28203261e+00 2.98650026e-01 -4.00783420e-01
    -5.11941791e-01 5.66991568e-01 1.67416418e+00 -1.56551301e-01
    6.93329692e-01 4.96543288e-01 8.71808648e-01 -7.86971331e-01
    -5.24137139e-01 7.25901425e-01 1.80739188e+00 -1.54891670e-01
    7.18947053e-02 -7.43270695e-01 -1.37045801e-01 1.95864916e+00
    9.81778085e-01 -8.68870199e-01 1.62671876e+00 -9.28619206e-01
    1.43023515e+00 1.72678268e+00 1.50743330e+00 6.75716519e-01
    8.67979407e-01 6.08444214e-01 1.04905450e+00 3.48150373e-01
    7.11584091e-02 6.74980760e-01 2.21341729e-01 4.79896069e-01
    1.06285381e+00 7.59633958e-01 -3.74207199e-01 1.21429563e+00
    3.31398785e-01 8.49817216e-01 4.10915017e-01 1.40765607e+00
    1.39906001e+00 3.94058704e-01 -3.55867743e-02 9.24212694e-01
    1.86965942e-01 1.38473630e+00 -1.80125237e-02 4.37571406e-01
    1.79480433e+00 -8.02222252e-01 -2.58848488e-01 7.76985109e-01
    6.12203240e-01 1.47170830e+00 -6.53681457e-01 -2.20692277e-01
    4.35677111e-01 5.44590831e-01 1.53724051e+00 6.54086828e-01
    8.61082196e-01 1.45976329e+00 1.61886132e+00 4.32166398e-01
    1.04921389e+00 -1.95877075e-01 7.00439334e-01 -3.23686898e-01
    1.97282887e+00 1.10210013e+00 -6.22125387e-01 -5.08747816e-01
    1.64094090e+00 4.87336040e-01 1.20480323e+00 -6.26889348e-01
    -8.51702690e-01 -5.61991096e-01 1.15549731e+00 1.32814825e+00
    -3.90211880e-01 9.82118726e-01 1.67842889e+00 -6.78821087e-01
    1.01982689e+00 1.55376351e+00 -3.36945236e-01 -6.36840224e-01
    1.78171289e+00 1.79738939e+00 9.33267355e-01 -5.73806465e-01
    7.73285568e-01 8.01721215e-02 9.54488158e-01 8.66533518e-01
    1.54602933e+00 4.47838843e-01 -5.74432850e-01 1.12245870e+00
    1.56387258e+00 -6.77397490e-01 -5.35069227e-01 -5.28584838e-01
    -5.28849483e-01 -3.17881584e-01 2.66908288e-01 1.28214252e+00
    -2.45173037e-01 6.69458687e-01 1.49739695e+00 7.53713429e-01
    6.42454624e-02 -6.15222454e-02 4.69910383e-01 -5.51789522e-01
    -6.08207226e-01 -2.86770105e-01 -4.04075980e-02 1.93591809e+00
    1.40267611e-01 -7.86116660e-01 -7.16573596e-02 -6.17208838e-01
    1.91913056e+00 1.42632794e+00 1.43252897e+00 -9.24318969e-01
    1.50511801e+00 -7.14316607e-01 1.37329316e+00 -1.94657445e-01
    1.32337177e+00 1.62255526e-01 1.64376044e+00 1.63419366e+00
    -4.29612756e-01 7.79083192e-01 -5.27069688e-01 -6.73249364e-02
    -3.02719593e-01 1.68419445e+00 1.64655697e+00 -6.05604649e-01
    1.45778251e+00 1.06262445e-01 -1.65427327e-02 1.45057940e+00
    5.30646205e-01 7.15114117e-01 1.38246298e+00 -9.71059799e-02
    -5.37511110e-02 6.74693704e-01 -6.41097307e-01 1.14298749e+00
    1.12667811e+00 -1.15022182e-01 -6.41109824e-01 6.95215464e-01
    1.09994483e+00 -1.92642212e-02 1.66971684e-02 2.00702667e-01
    7.10276127e-01 6.37797713e-01 1.74712992e+00 -8.28531563e-01
    -2.83104241e-01 1.42392707e+00 -2.16811359e-01 1.79500937e+00
    -1.01566255e+00 5.62705755e-01 1.95904851e-01 1.96153307e+00
    -3.78780425e-01 8.23804140e-02 -7.18167782e-01 1.71177685e-01
    1.85129380e+00 -7.42253482e-01 1.25789106e-01 1.08109903e+00
    7.77004957e-01 -7.93985128e-02 1.99775457e+00 7.54069149e-01
    1.94400597e+00 -8.94571781e-01 2.97560096e-02 4.15729225e-01
    1.21070635e+00 1.08224726e+00 -2.81980038e-01 9.95559752e-01
    1.06005681e+00 2.41914570e-01 -4.89932775e-01 -1.12534225e-01
    1.65209365e+00 -8.69832516e-01 -6.62274480e-01 -6.21395707e-02
    1.07770884e+00 -2.68803239e-01 -2.92410374e-01 1.06879067e+00
    -8.12084317e-01 1.02379739e+00 3.81260574e-01 5.75936794e-01
    1.65764570e-01 -1.04809570e+00 1.68615377e+00 1.76177025e-02
    -2.46951580e-01 1.21737599e+00 1.58494246e+00 8.93435478e-02
    -1.10984504e-01 -9.05094683e-01 7.75597215e-01 1.18491697e+00
    8.01889122e-01 1.46284056e+00 1.16182327e+00 5.26685834e-01
    -5.42761803e-01 6.60698712e-01 1.03272033e+00 3.89613032e-01
    -6.21969163e-01 1.42366111e-01 1.30251122e+00 1.59176469e-01
    -7.04281092e-01 -2.18974948e-01 1.26110899e+00 -9.14905250e-01
    -4.06234801e-01 1.66596293e+00 1.93493974e+00 1.08353448e+00
    -6.93735242e-01 -5.39422154e-01 1.29637504e+00 -6.41834378e-01
    1.20703387e+00 -4.48899150e-01 6.78151846e-03 8.23359251e-01
    1.07691240e+00 9.08025742e-01 -8.03969622e-01 -6.78632200e-01
    1.50414169e+00 -6.55187011e-01 9.78426218e-01 1.31490266e+00
    1.21022642e+00 1.76720083e+00 -3.50784361e-01 3.31426382e-01
    8.64367366e-01 -6.74461007e-01 2.00846100e+00 5.61464429e-01
    1.97514606e+00 6.92090929e-01 1.03883731e+00 -2.43201256e-02
    1.47833741e+00 9.13452923e-01 1.56133687e+00 4.74016428e-01
    1.77730930e+00 1.10699892e-01 -8.71238708e-01 -1.38544858e-01
    -4.98244464e-01 3.04608822e-01 1.80089068e+00 1.08432114e+00
    -2.70991147e-01 8.39895368e-01 -2.94603169e-01 1.81180537e+00
    1.39382184e+00 9.77672338e-01 4.15517151e-01 -4.05115962e-01
    6.72891855e-01 -5.57706296e-01 -2.46822894e-01 -6.07484400e-01
    2.35630870e-02 7.15365887e-01 -2.03329027e-01 8.01536679e-01
    -4.34576809e-01 -4.18489754e-01 1.22000802e+00 1.22223234e+00
    1.63192987e+00 -1.86044872e-01 -4.88091350e-01 1.67975664e+00
    1.00322509e+00 6.09127164e-01 1.08803749e+00 -4.68664348e-01
    -6.39906645e-01 1.19610012e-01 1.55806160e+00 -3.37808728e-02
    4.61802006e-01 -4.87418771e-01 5.60185730e-01 1.50405931e+00
    -1.02403164e-02 -7.56660998e-01 -7.43745565e-01 -1.86968744e-01
    -9.32321131e-01 9.41551566e-01 8.54150176e-01 1.78748083e+00
    6.93464875e-01 -4.92570758e-01 1.03645563e-01 -7.88175464e-02
    -8.56874585e-01 1.91996181e+00 -6.43274546e-01 1.47484052e+00
    -7.97991931e-01 -8.31794441e-01 1.65996802e+00 -7.70793200e-01
    8.95301163e-01 -7.95254350e-01 1.31969917e+00 1.09729815e+00
    -4.91224736e-01 1.00026011e+00 8.87110651e-01 1.21652198e+00
    1.53684485e+00 2.13279319e+00 -6.27578497e-01 -3.46220553e-01
    1.82931399e+00 1.39694333e+00 2.54371405e-01 7.73277640e-01
    1.95337832e+00 -8.57476592e-02 7.86352456e-01 1.02430201e+00
    -5.94841778e-01 -9.52924669e-01 8.96501064e-01 1.10142064e+00
    9.98837471e-01 1.62681615e+00 1.37349737e+00 1.09290433e+00
    1.00116229e+00 8.11500072e-01 1.94001770e+00 -8.47776532e-02
    -6.71355128e-01 5.07324636e-01 -2.69254804e-01 1.28059733e+00
    2.37501442e-01 -7.16790974e-01 -7.80234098e-01 -5.74244738e-01
    1.70496929e+00 1.56042099e+00 1.27877462e+00 -6.97653770e-01
    6.59065485e-01 1.18440986e+00 -3.32359374e-01 1.70568013e+00
    8.45075727e-01 -1.04745805e+00 1.81068051e+00 1.30125892e+00
    -8.08997333e-01 -6.77409530e-01 1.30131102e+00 1.98897004e+00
    3.20047081e-01 -8.97764564e-01 5.28009892e-01 8.06507647e-01
    1.24203527e+00 -7.69689083e-01 -8.16031694e-02 1.49149144e+00
    6.95911646e-02 1.28599906e+00 7.09288120e-01 3.73059928e-01
    -4.33957577e-01 1.22430325e+00 1.18731070e+00 -6.46621823e-01
    -8.69140625e-02 1.23202753e+00 1.23110771e+00 1.64432681e+00
    8.27437878e-01 -6.79389775e-01 -5.19881904e-01 5.31474471e-01
    1.47864199e+00 1.37157011e+00 3.72792244e-01 1.26369679e+00
    2.66416669e-01 -3.02097499e-01 3.18002582e-01 1.38283837e+00
    1.78164124e-01 1.94917524e+00 -1.21857226e-01 1.58174813e+00
    1.00186682e+00 1.60279870e-02 4.22695875e-02 -7.35865116e-01
    9.26006973e-01 -8.78262103e-01 6.27887487e-01 1.81826925e+00
    1.77639604e+00 -8.37731123e-01 -5.40356874e-01 -8.12443554e-01
    -2.38605738e-02 1.12180519e+00 1.94932926e+00 5.99509716e-01
    4.41992044e-01 -9.44334626e-01 1.45449615e+00 -2.83719063e-01
    9.36329424e-01 1.40394926e+00 -5.95599413e-02 -4.14981812e-01
    -8.15176606e-01 -8.02446723e-01 2.48432159e-01 8.12696159e-01
    1.77186275e+00 9.61987495e-01 -6.47593260e-01 -2.01524973e-01
    6.50483549e-01 -6.70772612e-01 8.22914004e-01 1.69900358e+00
    7.81842589e-01 -4.79679227e-01 3.84407282e-01 9.54210758e-02
    1.65177369e+00 1.26637340e+00 1.72539973e+00 1.11631191e+00
    1.33126223e+00 1.31553388e+00 -7.71209359e-01 -2.62685120e-01
    6.46947265e-01 -4.21021581e-01 1.51253128e+00 1.03211761e+00
    -5.39503813e-01 -4.92543936e-01 3.25211227e-01 1.56010330e+00
    -1.94369197e-01 1.36580741e+00 1.04199386e+00 -8.84354353e-01
    1.25275218e+00 3.78916800e-01 1.88013792e+00 1.18786740e+00
    1.49842167e+00 -9.47521031e-01 4.39311266e-01 2.47568369e-01
    1.74681330e+00 9.60841060e-01 5.37058711e-01 2.45512128e-02
    -1.39895022e-01 9.94926155e-01 1.18520260e+00 -5.69341779e-02
    1.05609846e+00 1.18103170e+00 9.17122960e-02 -7.52195776e-01
    6.44270897e-01 3.04556608e-01 1.02329659e+00 9.70611691e-01
    9.12800789e-01 1.67302859e+00 9.73589778e-01 2.57227182e-01
    -9.23194170e-01 -9.30549502e-01 -4.24497187e-01 1.93067157e+00
    -1.32647753e-02 -4.43043411e-01 -2.18278944e-01 2.17445552e-01
    7.54234612e-01 1.43649626e+00 1.00374389e+00 -2.63618469e-01
    6.91972375e-01 -6.34759903e-01 -9.86270905e-01 1.92411399e+00
    1.26551449e+00 -2.86180437e-01 1.12587798e+00 1.10825598e+00
    1.55621529e+00 1.83803380e+00 2.44286060e-01 9.14288998e-01
    1.66739321e+00 8.78461838e-01 4.50669110e-01 7.08403111e-01
    4.25864339e-01 -8.78864765e-01 1.50898290e+00 -8.56038988e-01
    5.27080774e-01 9.90675211e-01 -3.99947882e-01 1.49300730e+00
    1.05211806e+00 -1.70058727e-01 7.74208069e-01 4.17020202e-01
    5.97457767e-01 4.28626895e-01 8.95978808e-02 1.99795294e+00
    -3.50987911e-01 -4.23501104e-01 3.83495808e-01 -8.74765456e-01
    6.08282685e-02 -8.88395548e-01 1.10216403e+00 9.04596210e-01
    1.68964660e+00 1.61851931e+00 4.40111160e-02 2.18683004e-01
    2.00849009e+00 -8.29295278e-01 7.35243201e-01 -1.86462641e-01
    2.97357559e-01 1.44533777e+00 1.28983879e+00 -4.67967898e-01
    1.22564042e+00 1.34043002e+00 2.24402070e-01 1.22877717e+00
    5.94684780e-01 1.13453293e+00 3.95929217e-02 -3.80087197e-01
    1.58894932e+00 1.30535030e+00 -4.74452376e-02 1.87856960e+00
    -3.55430603e-01 -3.44320774e-01 -4.29513812e-01 6.34657860e-01
    1.15034926e+00 4.18210447e-01 1.32193279e+00 2.15366745e+00
    9.34977353e-01 1.57932758e-01 4.71030951e-01 5.00332713e-02
    4.63045657e-01 -2.68589616e-01 6.20009422e-01 1.29182279e+00
    8.19969773e-01 -1.58452988e-03 -6.62620664e-02 4.88852024e-01
    1.55946565e+00 8.96236598e-01 -8.68301630e-01 1.49933457e+00
    5.00490785e-01 -7.26834297e-01 5.65833092e-01 9.17688310e-01
    -8.19827437e-01 1.95480990e+00 5.81721663e-01 -3.82460654e-01
    9.80943024e-01 1.46394086e+00 5.95467627e-01 1.09150219e+00
    6.17185831e-01 -1.23154402e-01 8.54591131e-01 -6.59849584e-01
    1.06050062e+00 1.83511436e+00 -3.13055515e-03 -7.97089994e-01
    1.50624883e+00 1.70404124e+00 -3.32533360e-01 -4.90605593e-01
    5.44548512e-01 1.48739481e+00 2.75367498e-01 6.22929096e-01
    -5.19926786e-01 -3.88858557e-01 1.28322506e+00 -7.75340080e-01
    -2.23694623e-01 -5.06076217e-01 -7.29555666e-01 7.14766979e-01
    5.48630595e-01 -8.25027347e-01 1.25875711e+00 8.34040642e-01
    -3.28689337e-01 4.11834836e-01 6.41239583e-01 -7.31564343e-01
    7.54672289e-03 7.83227921e-01 1.36574745e+00 9.37489390e-01
    1.83812046e+00 1.07211804e+00 5.16166449e-01 3.85562181e-02
    8.97724152e-01 5.99111319e-01 1.38039768e+00 3.06524038e-01
    1.24165761e+00 4.61851478e-01 2.23236084e-02 1.10783982e+00
    1.66721749e+00 1.19672835e+00 7.66146183e-02 -8.82928669e-01
    7.77724504e-01 1.52457714e+00 -6.68518424e-01 1.56532860e+00
    1.32617235e+00 -1.04067385e-01 -4.60588217e-01 9.31388617e-01
    8.69593263e-01 8.53782892e-02 3.67281616e-01 -2.99534500e-01
    1.27702713e+00 1.18222737e+00 1.84574986e+00 1.58857477e+00
    1.36255002e+00 -5.80881894e-01 1.00485563e+00 1.03261566e+00
    1.86192656e+00 3.28979671e-01 6.13076687e-02 1.90754437e+00
    1.39860868e+00 5.77215075e-01 -1.23693347e-01 -4.72595543e-01
    -3.82564902e-01 3.24439883e-01 1.94732499e+00 -6.16277754e-01
    1.69857645e+00 1.53118908e-01 1.65982330e+00 1.16980195e-01
    1.33942962e-02 -7.25195646e-01 -4.60353255e-01 3.72783661e-01
    1.04001391e+00 2.43362427e-01 4.13752794e-01 -5.88758111e-01
    2.84075022e-01 1.34071231e+00 1.72789001e+00 1.69735336e+00
    1.04216313e+00 -6.96972728e-01 4.48334277e-01 -8.00103009e-01
    1.27497363e+00 1.38404858e+00 1.84894586e+00 1.72981393e+00
    9.19723511e-02 2.65596986e-01 1.25350726e+00 -7.88292289e-02
    -9.29511786e-02 2.97169864e-01 1.52900684e+00 1.02264845e+00
    1.07067466e+00 1.27474546e+00 -8.38545263e-01 -6.88332796e-01
    -7.89835453e-02 1.48902929e+00 1.85688794e-01 1.57353377e+00
    7.85639167e-01 1.69803810e+00 -3.68295789e-01 4.04439867e-01
    1.82205343e+00 -7.60067642e-01 -5.82368374e-02 8.78264308e-02
    1.90763140e+00 -1.94299936e-01 1.18246138e+00 8.63561392e-01
    2.01228917e-01 -7.49860704e-01 1.11536884e+00 1.09258211e+00
    3.22681665e-01 1.32670522e-01 1.46257317e+00 1.85308290e+00
    1.38617539e+00 1.38115335e+00 -1.50575936e-01 8.90926719e-02
    -6.73263669e-01 -2.03701377e-01 3.95169854e-02 -2.05630183e-01
    -1.28938377e-01 -8.48783612e-01 2.52935171e-01 1.00104952e+00
    3.95532846e-02 -3.10392797e-01 1.51152873e+00 8.29760790e-01
    -1.88133419e-01 1.57470584e+00 1.32423282e-01 3.49527001e-01
    -1.03113294e-01 1.23264682e+00 1.06142473e+00 2.15012193e-01
    3.15287232e-01 -2.71138668e-01 -3.43746364e-01 4.86790001e-01
    -3.69787395e-01 1.04169667e-01 -5.49966753e-01 1.50596857e+00
    1.65591443e+00 1.83773160e+00 1.91091084e+00 -3.34937155e-01
    -4.76042330e-01 1.07964396e+00 1.11810136e+00 -3.11474860e-01
    1.10929847e-01 -7.20449746e-01 9.68155861e-01 1.82590699e+00
    1.89577985e+00 -5.46790838e-01 6.06498957e-01 1.91073966e+00
    1.63339686e+00 9.29608881e-01 1.35800564e+00 -7.23989189e-01
    -6.94422066e-01 4.50209737e-01 1.13057852e+00 2.82107890e-01
    1.64113796e+00 -2.61536479e-01 4.59461629e-01 -4.65854049e-01
    1.90907788e+00 7.69376874e-01 8.18669379e-01 1.86135030e+00
    -4.45532978e-01 -5.03331900e-01 1.45153999e-02 1.56742787e+00
    1.56060398e-01 -6.22262239e-01 1.45475185e+00 1.61338270e+00
    1.72517943e+00 -5.41522205e-01 -9.33991194e-01 3.12105477e-01
    9.73309636e-01 1.66883731e+00 1.51722050e+00 8.90284240e-01
    -1.10319853e-01 4.27311659e-03 1.29376483e+00 -3.64234447e-02
    -1.60078734e-01 2.04635382e+00 6.96785808e-01 5.28237760e-01
    1.65684628e+00 8.64299297e-01 -9.26063895e-01 1.11041963e+00
    8.55337024e-01 6.75079107e-01 1.87561154e+00 1.57674921e+00
    1.78527904e+00 -2.85689771e-01 4.78525043e-01 6.07129693e-01
    3.44939828e-01 -4.95999247e-01 1.37613511e+00 1.89668918e+00
    4.85222280e-01 -6.64239526e-02 -2.09194422e-02 1.20820189e+00
    -5.36759853e-01 3.26360464e-02 1.01926422e+00 4.53250587e-01
    1.50350070e+00 1.24404693e+00 5.92774153e-02 1.28829157e+00
    3.24563384e-01 -8.96151662e-01 -3.44555199e-01 1.71951520e+00
    -8.66866052e-01 -5.59058189e-02 5.68975329e-01 1.53968656e+00
    -4.76851702e-01 -5.22105336e-01 1.37138700e+00 1.84627736e+00
    9.39699650e-01 5.18730640e-01 1.07040834e+00 9.70690072e-01
    1.53027201e+00 5.13815641e-01 1.54199362e-01 -2.66117752e-01
    1.84500444e+00 9.03126121e-01 7.49824405e-01 1.54924154e+00
    1.28459537e+00 -1.71371698e-02 -6.96923137e-02 9.43937957e-01
    4.09517109e-01 -9.24421906e-01 1.58631289e+00 1.31065369e+00
    -7.16039181e-01 1.34863937e+00 -7.47778416e-01 -2.37427533e-01
    1.74802685e+00 2.54758060e-01 3.72269869e-01 7.61088252e-01
    -6.23808980e-01 9.92587924e-01 1.25501156e-01 1.71625209e+00
    -1.35729074e-01 5.04207611e-02 3.83331776e-02 7.17526674e-03
    -1.92445219e-01 9.83366847e-01 -3.76614869e-01 1.86786842e+00
    -6.85772479e-01 1.17644548e-01 -5.25142193e-01 9.39366579e-01
    8.35780978e-01 -5.37060976e-01 5.11316717e-01 -8.86449277e-01
    9.29099858e-01 -9.32537436e-01 9.08748507e-01 -4.45386291e-01
    4.17944789e-01 -8.18664193e-01 1.22882676e+00 9.58004355e-01
    -2.94861853e-01 -8.88626337e-01 2.71764934e-01 1.17333210e+00
    -1.88620865e-01 -2.33647645e-01 1.51417077e-01 1.78960013e+00
    9.60052192e-01 1.80043006e+00 -5.63681602e-01 5.65756261e-01
    8.90963793e-01 4.68414545e-01 1.85543787e+00 8.44088078e-01
    -7.01136947e-01 -2.97104657e-01 5.60273826e-01 7.01774955e-02
    1.10112762e+00 1.93129420e+00 -4.84913588e-01 1.75297666e+00
    -4.08764541e-01 -3.66862416e-01 -9.18711066e-01 -2.22468317e-01
    -4.29911435e-01 -2.86542654e-01 3.41773629e-02 3.85550559e-01
    -7.67225444e-01 -4.78346407e-01 1.42807150e+00 6.14354372e-01
    -9.00444388e-01 -4.86858785e-01 1.90753293e+00 1.87167764e-01
    6.52772188e-03 4.58826602e-01 1.22303414e+00 -7.72253871e-02
    1.88576651e+00 1.87800217e+00 1.15013278e+00 -3.15877497e-01
    -3.05890858e-01 1.75397015e+00 8.05607975e-01 9.12995338e-02
    2.98534513e-01 1.29283667e-01 -3.17378759e-01 2.62857676e-02
    4.96427298e-01 1.77916467e-01 4.90811408e-01 1.17592430e+00
    1.34287286e+00 3.28536391e-01 7.29857564e-01 -6.95762992e-01
    -2.43087709e-01 3.18014026e-01 -5.95833540e-01 -7.59032547e-01
    -2.67885745e-01 6.52291775e-02 1.79260910e+00 -3.60438287e-01
    7.81922221e-01 -2.28045642e-01 1.43672204e+00 1.48436856e+00
    4.05915678e-01 -6.59613490e-01 1.27290130e+00 -2.68240869e-01
    -4.22304571e-01 9.22831774e-01 -2.93971300e-02 1.37141168e+00
    5.03325462e-01 -2.58556008e-02 1.20084596e+00 -6.71880245e-01
    1.76038086e-01 -5.23574173e-01 -7.88327396e-01 -1.91311240e-02
    3.57904613e-01 1.39797866e+00 -4.73660052e-01 -7.20800936e-01
    1.65215766e+00 -5.12642503e-01 6.51695013e-01 -9.88168120e-02
    1.38807881e+00 1.48815632e+00 2.48838246e-01 -5.31375289e-01
    9.89585638e-01 2.36260414e-01 3.47189784e-01 1.31969666e+00
    1.76705861e+00 1.16793931e+00 1.78350902e+00 5.20708323e-01
    1.37175214e+00 1.05635285e+00 -4.86298770e-01 4.18215871e-01
    -2.91382909e-01 2.15385795e-01 -4.63916123e-01 -3.10900509e-01
    1.15445352e+00 -2.11867690e-01 -8.44333887e-01 1.24970222e+00
    -4.11813140e-01 8.07299256e-01 -3.37882400e-01 3.01637053e-02
    7.59502053e-01 9.24046695e-01 1.54190946e+00 1.51820540e+00
    -1.08455300e-01 9.15390253e-01 1.61146212e+00 1.76002145e-01
    -6.26274824e-01 1.62493360e+00 -4.49302167e-01 1.12685347e+00
    -8.31356823e-01 9.15496230e-01 -7.98102736e-01 5.93013763e-01
    9.75212514e-01 9.39331651e-01 1.44727302e+00 7.45089233e-01
    -3.56917024e-01 9.59175289e-01 5.63830137e-01 1.87657678e+00
    5.73716521e-01 -6.60569072e-01 9.19235826e-01 1.18618500e+00
    -4.77316499e-01 2.43539214e-01 1.64298356e-01 7.40058482e-01
    1.36240792e+00 5.76555073e-01 3.93162310e-01 9.42617834e-01
    -6.98855281e-01 1.67573726e+00 1.23932171e+00 -3.05507421e-01
    1.40669692e+00 -3.30499411e-02 1.28762412e+00 -1.56918168e-01
    1.81550574e+00 2.77521789e-01 3.43433499e-01 -2.85818696e-01
    1.12344670e+00 1.54485631e+00 7.98269093e-01 -4.07137990e-01
    -3.45201492e-01 1.89941323e+00 1.21382868e+00 1.70563054e+00
    -5.36282063e-02 1.54128456e+00 5.19183278e-01 4.64035630e-01
    3.55952382e-01 -3.60993147e-01 -8.86459947e-02 -8.06978226e-01
    1.57613134e+00 7.50890970e-01 1.26496458e+00 1.48731196e+00
    -2.05068052e-01 6.92834496e-01 1.83133852e+00 -7.76119947e-01
    -5.81132531e-01 1.08697355e+00 -8.68639410e-01 1.45745802e+00
    1.15143645e+00 2.53365457e-01 1.04221463e+00 1.13637471e+00
    1.48544073e+00 1.40735352e+00 3.65521431e-01 -9.19749141e-02
    1.74827111e+00 -8.81848752e-01 1.65902972e-02 -7.04411983e-01
    8.15212965e-01 8.59133720e-01 1.14657772e+00 7.24962950e-02
    1.34868371e+00 -8.06925714e-01 8.47535133e-02 9.58535790e-01
    -7.46219814e-01 -7.03000247e-01 -3.11576724e-01 -9.73133326e-01
    6.02445364e-01 1.73977745e+00 1.21940041e+00 7.49449372e-01
    1.30616653e+00 1.15033925e+00 1.82413661e+00 6.45680606e-01
    2.05419242e-01 2.55046964e-01 -6.71631873e-01 1.25401020e-01
    6.90065265e-01 5.42593956e-01 -4.27061290e-01 1.95673716e+00
    -4.26157594e-01 -7.20583558e-01 3.51731718e-01 1.36402404e+00
    1.63241374e+00 1.01982236e+00 1.97266316e+00 6.90159082e-01
    -9.25016403e-03 7.72946596e-01 6.35176063e-01 1.33125544e+00
    5.32924891e-01 1.30798650e+00 8.06763113e-01 1.30630529e+00
    -6.68729424e-01 1.27456403e+00 -5.90265870e-01 -3.59389782e-01
    1.20808196e+00 -8.47188234e-02 1.18088436e+00 6.92843139e-01
    8.03878427e-01 1.03685081e+00 -1.24641001e-01 1.72404301e+00
    5.04931509e-01 1.48593187e+00 -7.04800606e-01 -5.06417453e-01
    1.04720140e+00 6.67445540e-01 1.34280145e+00 -7.60555208e-01
    -2.17104018e-01 1.41250575e+00 9.12691474e-01 7.23404288e-02
    1.03126812e+00 2.39113033e-01 1.06293654e+00 -3.01235855e-01
    1.20950067e+00 1.82882714e+00 1.30666769e+00 4.05758381e-01
    9.47605252e-01 1.76787913e+00 -4.57167625e-01 1.88665450e+00
    1.63010967e+00 -9.04112041e-01 -8.38477671e-01 1.18516803e+00
    -6.62489057e-01 -7.43631661e-01 1.53773439e+00 -4.67220128e-01
    -1.30151093e-01 -5.24195194e-01 -7.92253792e-01 1.39630091e+00
    -2.72559881e-01 -5.23932338e-01 1.26136446e+00 -5.05758286e-01
    8.53744090e-01 -8.07704628e-01 1.02671838e+00 1.25163531e+00
    1.21290934e+00 6.09266758e-01 -8.91020894e-02 -3.60015154e-01
    1.22978282e+00 1.37403870e+00 -2.57272065e-01 -2.11594939e-01
    1.81192565e+00 9.81147289e-02 1.17703187e+00 8.21557045e-02
    1.80633938e+00 1.73347712e+00 -7.95170307e-01 -1.94923580e-01
    -6.01243556e-01 -5.80102205e-03 2.14757502e-01 -1.52147233e-01
    -6.24082804e-01 1.83740711e+00 1.49146247e+00 -4.45965052e-01
    1.63238096e+00 1.58255529e+00 1.95921338e+00 3.23552608e-01
    -1.61942780e-01 -4.99115705e-01 -8.03910017e-01 1.99852431e+00
    -5.43238521e-01 1.23879910e-02 1.00041521e+00 1.91861820e+00
    1.65761447e+00 5.19337416e-01 3.50511074e-01 1.23058927e+00
    9.35208142e-01 7.91099072e-02 -6.41652644e-01 7.48783171e-01
    -1.47371233e-01 6.84807777e-01 1.53659344e-01 1.13747263e+00
    7.23586440e-01 -3.03857267e-01 1.13254690e+00 7.70819187e-02
    2.79856622e-01 1.45208061e+00 2.00081539e+00 -5.95414639e-02
    1.58778334e+00 -3.49661112e-02 -2.94524550e-01 7.59504437e-01
    1.21312404e+00 1.15251219e+00 -3.43136787e-01 6.34785473e-01
    6.90850139e-01 1.83389044e+00 -7.93444276e-01 -8.98331940e-01
    -5.65710187e-01 -5.78649879e-01 4.00210321e-01 7.93543518e-01
    -8.27256620e-01 9.96176898e-01 1.43956423e+00 1.79738522e+00
    9.65531528e-01 -2.99805641e-01 1.80521142e+00 -1.22121871e-01
    1.12520242e+00 4.88865733e-01 -7.52419233e-02 6.52546644e-01
    1.33291149e+00 6.49485469e-01 7.25516260e-01 -5.77851176e-01
    8.79426003e-02 1.56807482e+00 1.41441822e+00 -5.31185985e-01
    8.76777411e-01 1.26964486e+00 1.06577873e+00 1.78445089e+00
    8.00986052e-01 -3.41168284e-01 1.69391441e+00 -7.92326212e-01
    1.19214082e+00 1.87218094e+00 -4.81735706e-01 -2.06064820e-01
    1.29455554e+00 -3.79523933e-01 2.21779943e-01 4.30611014e-01
    1.50245368e+00 1.69436669e+00 3.34390640e-01 1.84857965e-01
    -4.79469538e-01 1.72555351e+00 -3.68182600e-01 -8.20721030e-01
    1.42217040e+00 7.74810851e-01 2.83419311e-01 -9.94480252e-02
    -6.53736591e-01 5.12555838e-01 1.10665679e+00 8.19286108e-01
    1.44101894e+00 1.01359463e+00 7.38644481e-01 -6.71440363e-02
    1.45317996e+00 1.28276992e+00 5.74658513e-01 1.11930454e+00
    1.40564549e+00 9.05256510e-01 1.76996636e+00 1.20834696e+00
    1.48287559e+00 1.32944024e+00 -5.21164238e-01 1.93779719e+00
    6.06085777e-01 8.58761668e-02 -7.93703198e-02 -1.49639964e-01
    1.97573447e+00 -1.54956460e-01 5.28223634e-01 1.28363776e+00
    -3.39665711e-01 1.64124477e+00 8.31091523e-01 1.64234722e+00
    1.06169391e+00 1.25281429e+00 7.15585351e-01 1.18294930e+00
    7.08372593e-02 1.18200898e+00 -5.71156383e-01 6.15254879e-01
    -8.19359779e-01 1.80235505e+00 6.74420297e-01 1.42806888e-01
    1.76777601e-01 5.19307911e-01 1.28506684e+00 1.80207837e+00
    2.24685431e-01 -7.78456926e-01 1.02279735e+00 1.32999384e+00
    1.11447299e+00 4.10999060e-02 1.21274757e+00 1.53906298e+00
    -5.60179234e-01 2.59775698e-01 -3.66508245e-01 -7.57710576e-01
    1.51789320e+00 5.41401982e-01 -7.14057624e-01 1.79450893e+00
    1.84554338e+00 1.03167248e+00 1.28931189e+00 -5.80823898e-01
    1.42953444e+00 6.54671013e-01 -5.99303126e-01 2.68254817e-01
    -4.31760967e-01 1.64784420e+00 1.46029043e+00 -7.27415025e-01
    -3.02064061e-01 -5.77705264e-01 -7.47191906e-02 1.76278186e+00
    1.00612140e+00 1.23135924e+00 -4.55481201e-01 1.83068824e+00
    -9.87773538e-02 1.19839239e+00 4.24200535e-01 -4.24292207e-01
    1.02769470e+00 -3.53627682e-01 9.72604871e-01 5.71141720e-01
    1.68910086e+00 5.27894616e-01 9.70865846e-01 1.15351820e+00
    -3.21702421e-01 4.33699191e-01 2.60609388e-02 1.10186756e-01
    1.64014339e-01 1.72418261e+00 3.68584394e-01 1.95322013e+00
    7.44146466e-01 1.32463753e+00 1.30804837e-01 -7.90242672e-01
    -6.69689655e-01 -6.96206093e-03 1.68339849e+00 1.61978376e+00
    1.37427390e+00 1.43676341e+00 -8.34933281e-01 -7.18469024e-02
    -4.09547150e-01 1.53743863e+00 1.40307140e+00 1.45855880e+00
    -6.54907107e-01 8.02184224e-01 2.85292685e-01 -7.44771957e-01
    9.08460915e-01 7.67320156e-01 9.81103539e-01 -3.74889314e-01
    2.03755808e+00 3.91444564e-02 1.11233151e+00 1.01750541e+00
    -4.21220243e-01 -7.30773449e-01 -6.37138724e-01 -4.72535014e-01
    4.78559971e-01 1.33718038e+00 -3.53072226e-01 1.11306262e+00
    1.67119634e+00 1.82772124e+00 3.75624061e-01 -9.05338526e-01
    2.46699214e-01 -4.77066815e-01 -5.37119031e-01 1.91556728e+00
    -6.51565194e-01 1.48610938e+00 1.16300654e+00 1.93285966e+00
    1.28363204e+00 8.02315950e-01 -4.17985231e-01 1.92321467e+00
    9.38240528e-01 -6.46993041e-01 6.44637167e-01 -3.80613029e-01
    5.19321799e-01 -3.43447506e-01 1.22039545e+00 1.29714894e+00
    1.09826839e+00 -4.47180867e-02 2.73477018e-01 -2.29806721e-01
    1.39150918e-01 -6.52703285e-01 1.26726496e+00 -8.18955600e-01
    -3.64129543e-01 9.68609571e-01 1.59118998e+00 -1.43533885e-01
    5.85428834e-01 7.85537064e-01 7.05693483e-01 -5.85987449e-01
    9.20659006e-01 1.84741819e+00 -2.11611927e-01 1.27503562e+00
    1.01212204e+00 1.19203448e-01 9.26518440e-02 1.55176878e+00
    -2.29534626e-01 -7.92694330e-01 8.51457715e-02 -5.04541636e-01
    -5.00225902e-01 -7.27437496e-01 1.61750245e+00 4.80618060e-01
    1.24192095e+00 -7.28471041e-01 1.98786259e-02 8.49394798e-02
    2.84196973e-01 3.83147597e-02 3.50173712e-02 6.80196404e-01
    -2.31629133e-01 1.32531571e+00 -4.33785468e-01 -1.86263323e-01
    4.62279975e-01 3.25534105e-01 2.38955796e-01 -3.13338578e-01
    -8.20391655e-01 6.20671391e-01 1.22210729e+00 -2.04233408e-01
    5.26857972e-02 1.71208632e+00 -5.38839221e-01 4.95209694e-01
    1.27578020e+00 8.68431330e-01 7.73156881e-02 -7.67301559e-01
    -3.42511535e-01 6.08276665e-01 3.55150521e-01 5.16384959e-01
    -1.46507978e-01 -6.08382225e-02 -3.11965197e-01 1.53886628e+00
    -1.45719677e-01 1.10997391e+00 -7.14613259e-01 9.27547336e-01
    1.21154594e+00 1.07410061e+00 -1.60910130e-01 7.31084824e-01
    -8.91050696e-01 9.34383035e-01 3.08530331e-02 1.25427866e+00
    -8.27073336e-01 1.21310341e+00 -5.31617105e-01 2.09288120e-01
    7.10321784e-01 2.73867667e-01 4.53184664e-01 -6.35488033e-02
    -7.12139010e-01 -4.39447433e-01 -8.21550250e-01 1.84377801e+00
    -2.92401731e-01 -3.38270724e-01 3.13260674e-01 6.14881516e-01
    -4.79700267e-01 1.39883649e+00 1.45779133e-01 -2.55510807e-02
    1.55913699e+00 -3.65476847e-01 1.22620559e+00 -9.59127784e-01
    -4.50340569e-01 -6.88031912e-02 9.85676050e-01 8.46813560e-01
    9.52164054e-01 2.41535068e-01 7.38759995e-01 1.59612930e+00
    -3.72834444e-01 1.29111946e+00 1.47089136e+00 1.96983349e+00
    1.83033824e-01 2.12851167e-02 -4.01938170e-01 7.64487207e-01
    1.91608536e+00 1.47933662e-01 6.66298628e-01 -4.62532282e-01
    -4.00705695e-01 5.40277362e-02 8.30388963e-01 -2.97640443e-01
    -2.08913088e-01 -8.79203737e-01 1.49987459e+00 1.15586841e+00
    -6.54942751e-01 1.73119521e+00 -4.82448936e-02 -3.98877501e-01
    6.86790645e-01 -1.09789371e-01 -8.49411726e-01 6.89018011e-01
    5.80515742e-01 6.90907359e-01 -9.98501122e-01 8.14473629e-02
    1.77677035e+00 1.45894051e-01 4.85241055e-01 4.30392683e-01
    -8.07925344e-01 3.82097602e-01 8.66375983e-01 -2.32148647e-01
    3.93307209e-01 -5.25733411e-01 5.15489697e-01 1.93004060e+00
    8.79565477e-01 -3.30060124e-02 1.31648540e+00 3.48858833e-02
    -7.91581213e-01 -6.37565017e-01 9.80674505e-01 1.78128171e+00
    -5.91722667e-01 2.71455646e-02 1.65150785e+00 -7.05566406e-01
    -8.62615943e-01 -7.19523013e-01 -7.46448278e-01 1.75438249e+00
    -8.65148127e-01 1.53270507e+00 3.17906439e-01 -2.78627992e-01
    5.77223301e-01 -9.44537044e-01 1.13039708e+00 6.63760781e-01
    1.83192801e+00 1.40423298e-01 -2.56882787e-01 -6.80406332e-01
    1.41332555e+00 6.61292672e-01 -9.26622272e-01 3.12290251e-01
    4.31853533e-01 5.49486279e-01 9.19436038e-01 -5.20709395e-01
    -1.39818609e-01 -1.35173321e-01 1.06427169e+00 8.61440241e-01
    -6.14987731e-01 2.47527182e-01 5.36884606e-01 2.93833196e-01
    3.60653639e-01 -4.61390018e-01 -4.40264821e-01 1.74233282e+00
    6.15005016e-01 -9.02072787e-02 1.43936706e+00 7.48371243e-01
    3.50539327e-01 -7.61815310e-01 -5.25039196e-01 -5.91464043e-02
    1.02888131e+00 9.60763693e-01 -5.24721146e-02 1.53423190e+00
    -4.75202203e-01 6.18428409e-01 1.13540590e-01 2.65201390e-01
    2.05087662e-02 2.43078291e-01 3.58569622e-03 2.63805747e-01
    -7.21713424e-01 -4.93623286e-01 5.89238644e-01 -4.12767053e-01
    1.69719088e+00 9.32690024e-01 1.88044047e+00 6.44204140e-01
    8.55920196e-01 9.90518093e-01 9.99999464e-01 6.54858768e-01
    -1.28685236e-01 1.24562001e+00 9.88501072e-01 1.32397449e+00
    6.59385085e-01 1.12177122e+00 1.58940434e+00 -6.69871986e-01
    4.15350258e-01 1.34028029e+00 1.18306518e+00 1.91062212e+00
    9.16698933e-01 1.36670470e-02 -5.19780219e-01 -1.20629489e-01
    7.91235805e-01 5.85281014e-01 -1.24701917e-01 1.33870566e+00
    -4.82216746e-01 1.44834733e+00 1.22155631e+00 7.63058662e-04
    -1.81524217e-01 -7.61191607e-01 1.22112179e+00 1.26046944e+00
    1.45779836e+00 1.83259785e+00 -9.89874184e-01 6.65033042e-01
    1.43612003e+00 6.86135828e-01 3.85848463e-01 -8.30257177e-01
    -2.29022443e-01 -2.89606154e-01 1.30373812e+00 1.19410539e+00
    1.31069183e-01 -7.30994701e-01 1.18023527e+00 -5.26205301e-02
    -4.92460102e-01 -1.01613998e-01 3.84322047e-01 1.55116022e-01
    9.16291595e-01 7.88225710e-01 2.72034287e-01 1.54104972e+00
    -9.29037690e-01 1.10927355e+00 1.58026195e+00 2.47912645e-01
    1.11067939e+00 1.82460380e+00 1.06913936e+00 1.88635886e+00
    1.33152843e+00 -6.03461623e-01 -3.69329512e-01 7.56676257e-01
    -5.47642767e-01 1.01683545e+00 2.84113467e-01 4.03311312e-01
    2.03332949e+00 2.06401420e+00 7.61485457e-01 -7.58762002e-01
    -1.73829436e-01 1.51486659e+00 1.15427732e+00 -2.32208014e-01
    3.66457224e-01 -9.15913939e-01 1.06126070e+00 7.18989909e-01
    2.35089004e-01 5.19496500e-01 7.37938404e-01 -5.36963940e-02
    -1.46837175e-01 2.10690451e+00 -4.64308351e-01 9.00143206e-01
    -1.65848225e-01 1.67384040e+00 8.29425752e-01 6.46577120e-01
    2.66159952e-01 2.82651186e-01 5.05044460e-01 4.26173568e-01
    5.37061572e-01 1.07262135e-02 5.40513277e-01 -1.31038964e-01
    -9.81769204e-01 5.42905450e-01 1.59469593e+00 8.90082240e-01
    -2.82123983e-01 -1.73232436e-01 -5.94576836e-01 -8.28446388e-01
    -3.90481144e-01 1.01015615e+00 -6.24601483e-01 9.33064103e-01
    1.93578780e+00 -6.19776607e-01 3.49729359e-01 -5.51357806e-01
    -8.61083806e-01 -3.70389521e-01 1.18171287e+00 1.07567954e+00
    9.73061681e-01 6.31798148e-01 1.83167744e+00 -3.20861280e-01
    -7.16860056e-01 -8.41312885e-01 1.37096286e+00 1.76554441e+00
    -7.19650984e-01 -3.77699614e-01 7.66311407e-01 -3.12946558e-01
    8.92231822e-01 -7.60445118e-01 1.32518184e+00 7.05828726e-01
    -8.26490223e-01 -7.69800544e-01 -8.61920714e-02 -5.72662175e-01
    -1.51696801e-01 1.61833978e+00 -7.32438207e-01 6.04508817e-01
    -8.36600184e-01 1.29327822e+00 6.94506168e-02 -7.17212558e-01
    1.29304492e+00 9.25618410e-02 5.65176845e-01 7.95162082e-01
    6.67036891e-01 -8.39917660e-02 1.88209808e+00 3.23417604e-01
    8.55313957e-01 3.38238120e-01 1.12359095e+00 1.80647027e+00
    8.31968784e-01 1.81411409e+00 8.73012066e-01 1.40341246e+00
    5.57576537e-01 -6.91174746e-01 -8.05305719e-01 9.87775505e-01
    1.50477469e+00 4.38172877e-01 1.65644586e-01 7.38939703e-01
    -1.17564440e-01 -6.09255791e-01 -3.21084082e-01 -2.50650585e-01
    -4.75125879e-01 -1.30365074e-01 -9.55403447e-01 -3.34034860e-01
    -9.98783112e-02 -3.34051192e-01 1.14827967e+00 1.06202352e+00
    1.76247978e+00 2.27737010e-01 5.39756477e-01 1.58230066e+00
    7.67129660e-02 6.02966547e-01 1.36667645e+00 1.61499643e+00
    4.00965452e-01 1.48412204e+00 -7.31743574e-02 7.31114745e-01
    -7.16417611e-01 -5.60963988e-01 6.14818096e-01 -9.30193484e-01
    5.40891886e-01 2.35579133e-01 8.14765453e-01 1.06967759e+00
    -2.52315223e-01 9.95432377e-01 1.65397441e+00 1.52085495e+00
    1.63550615e+00 -7.90557086e-01 1.42754912e+00 7.06510127e-01
    -4.70206141e-01 1.59404385e+00 -1.67129636e-01 1.02500260e-01
    1.57195616e+00 3.22715700e-01 1.02896047e+00 1.09556437e-01
    1.08381820e+00 1.91308427e+00 -8.30764771e-02 3.42807174e-01
    1.15968835e+00 5.53948045e-01 2.82551765e-01 -4.51620638e-01
    9.65447068e-01 9.17921543e-01 8.16733241e-02 1.81806493e+00
    8.90814245e-01 -8.54364872e-01 8.12608778e-01 6.44366384e-01
    1.38824284e-01 -2.33618557e-01 -1.68736875e-01 1.04931593e-01
    1.88008368e+00 9.11390960e-01 -6.70181394e-01 -5.67681253e-01
    1.85514545e+00 2.08498716e+00 6.91526413e-01 1.09138215e+00
    -6.89047694e-01 1.48023713e+00 1.53724372e+00 1.44419920e+00
    -9.42076862e-01 4.47872639e-01 -5.72612405e-01 2.29905367e-01
    -8.72872293e-01 -7.73516536e-01 3.90626609e-01 -5.95195651e-01
    8.27220201e-01 -6.58089638e-01 -5.23297608e-01 9.27315414e-01
    -3.25960159e-01 -4.31341499e-01 -8.58480632e-01 1.52378809e+00
    1.68872571e+00 1.41413760e+00 3.20742726e-01 1.72850966e+00
    1.70644760e-01 3.44813108e-01 1.35223222e+00 8.11164975e-01
    -3.98093164e-01 -1.19291663e-01 1.63552737e+00 -3.39894652e-01
    9.50621188e-01 7.19576299e-01 -1.93992972e-01 -1.14174187e-01
    1.50952697e+00 9.17248607e-01 -1.78164065e-01 -4.51458275e-01
    -1.82268798e-01 -9.33968365e-01 7.66569495e-01 5.42248547e-01
    5.49197197e-02 8.62750828e-01 -4.55682695e-01 -7.80415654e-01
    1.22295117e+00 1.06631017e+00 -2.00220108e-01 8.61483932e-01
    9.41960931e-01 -3.29473197e-01 -7.26116061e-01 -5.04967630e-01
    -2.02646792e-01 7.01690376e-01 -1.18762255e-03 1.43338740e+00
    5.52269816e-01 1.33012867e+00 -4.35693026e-01 1.50357461e+00
    6.50703073e-01 -3.73753309e-02 8.78122687e-01 7.60779858e-01
    -4.59052920e-02 -4.29822922e-01 -3.80311489e-01 1.65808642e+00
    9.07062411e-01 -7.28034139e-01 -6.67386949e-01 -4.86647159e-01
    -5.57374954e-01 -7.81660616e-01 1.42041647e+00 -5.67231476e-01
    9.63415146e-01 4.99972165e-01 5.61867535e-01 1.26664424e+00
    -4.38961685e-01 6.82671785e-01 1.64212656e+00 -6.20071411e-01
    2.72923827e-01 -1.45608604e-01 7.17503965e-01 1.02592826e+00
    1.06029177e+00 1.82814550e+00 1.23019207e+00 -5.03944039e-01
    1.01236296e+00 -5.13925314e-01 -5.26726544e-01 9.17811751e-01
    -7.97776878e-01 2.01445961e+00 1.24633312e-04 -9.29451048e-01
    -5.08221149e-01 5.41761518e-01 1.40336013e+00 -7.61606693e-02
    1.11207819e+00 6.05809927e-01 1.63150179e+00 1.24088550e+00
    1.49986553e+00 -4.51025963e-01 5.19490719e-01 9.20401871e-01
    1.09615648e+00 4.13140893e-01 7.58445442e-01 1.56650019e+00
    -4.86693203e-01 1.27698874e+00 1.88724542e+00 -6.02115512e-01
    4.71813798e-01 6.16700530e-01 1.53153896e+00 9.15665746e-01
    1.49790430e+00 -1.20271921e-01 6.68726444e-01 1.75428581e+00
    2.26174951e-01 4.45110798e-02 -3.29199851e-01 1.64010882e+00
    -9.50810492e-01 1.05531836e+00 5.96661389e-01 -2.22298205e-01
    -7.04998374e-02 7.01712310e-01 2.41488993e-01 -5.62284589e-01
    -4.56084132e-01 2.08319783e-01 1.85929537e-01 -2.99980879e-01
    -2.59092271e-01 8.21119487e-01 -1.00658238e-01 1.84150207e+00
    -9.08227623e-01 4.18583155e-01 9.72556651e-01 1.52597022e+00
    1.74507189e+00 -2.71830142e-01 3.20677757e-02 2.55706429e-01
    6.39929056e-01 5.03327966e-01 2.87790895e-01 1.32959270e+00
    -1.57607913e-01 8.19029450e-01 6.26623273e-01 8.57988834e-01
    5.82491875e-01 5.73394895e-01 -1.01983738e+00 1.81249547e+00
    1.23880780e+00 -3.99523139e-01 -1.61282122e-01 1.99385858e+00
    1.14303160e+00 -3.33169818e-01 1.26975465e+00 1.71516848e+00
    1.75509191e+00 -2.55962372e-01 5.55853426e-01 4.79451478e-01
    1.41780412e+00 1.24603593e+00 1.25497282e+00 -9.13532555e-01
    1.65845835e+00 -9.79646146e-01 1.70190752e+00 -9.47719038e-01
    -8.12254310e-01 9.37326074e-01 -7.31647611e-01 7.07670212e-01
    4.62407887e-01 6.31145120e-01 8.48647237e-01 -2.19991505e-01
    -3.57939124e-01 1.18017805e+00 1.00244892e+00 1.08528805e+00
    7.81748116e-01 -4.12413478e-02 1.46383524e+00 1.93716121e+00
    1.85019612e-01 3.15271616e-01 1.64126635e+00 -6.28663301e-02
    4.41961646e-01 1.73967779e+00 1.64071012e+00 5.54373503e-01
    -9.24843252e-01 -7.95327663e-01 -6.45655036e-01 2.59766459e-01
    1.08645630e+00 1.71503806e+00 1.56106770e-01 9.12273943e-01
    1.09706426e+00 2.06824124e-01 1.30752158e+00 4.81556356e-01
    4.61114049e-02 3.32115650e-01 -8.55261683e-02 2.11013317e-01
    4.39337611e-01 -6.13613784e-01 3.78113389e-01 1.02048731e+00
    6.93562031e-01 -3.61910403e-01 8.94880772e-01 1.42902017e-01
    4.12614584e-01 1.90223050e+00 9.68353510e-01 -1.62190259e-01
    -5.28479517e-01 7.09909260e-01 1.48357928e-01 8.12546372e-01
    1.97921407e+00 1.85457814e+00 -2.99873352e-01 3.72862816e-01
    -5.07088900e-01 8.45532000e-01 8.34835172e-01 -6.01865888e-01
    1.06966484e+00 8.81230593e-01 -2.15555549e-01 -1.30793452e-01
    1.67280686e+00 1.91749918e+00 1.48160386e+00 3.74208808e-01
    1.48155928e+00 8.91078472e-01 1.21085382e+00 9.19944465e-01
    9.86636281e-01 7.07932711e-01 1.18298697e+00 3.41982186e-01
    -3.86894852e-01 2.15229332e-01 -4.74347383e-01 5.01065433e-01
    -6.03723168e-01 -3.27823639e-01 5.33758044e-01 1.88556552e+00
    1.18238056e+00 2.81511307e-01 7.75923371e-01 2.84927964e-01
    5.57202160e-01 1.38610482e+00 -4.22662437e-01 4.13670957e-01
    7.41316080e-02 1.12420809e+00 -6.23193383e-01 -3.55351150e-01
    1.37928021e+00 8.05933475e-01 -6.73106074e-01 2.21322656e-01
    1.60572171e+00 1.62488747e+00 1.59947622e+00 2.83696055e-02
    -3.64946008e-01 8.38144481e-01 6.02487206e-01 -5.37810504e-01
    -4.30220425e-01 -2.97592998e-01 7.85351515e-01 1.45833218e+00
    -7.05620706e-01 1.81792402e+00 4.38653052e-01 1.04041576e+00
    -6.83709145e-01 1.93526626e+00 2.81589866e-01 9.94109750e-01
    1.76256561e+00 -4.27023172e-02 1.11930466e+00 1.52633619e+00
    -1.34109139e-01 1.58758903e+00 -4.08914328e-01 1.18657136e+00
    1.24727321e+00 1.95014083e+00 -1.28907025e-01 8.07929099e-01
    -4.94524837e-01 6.41931295e-02 -6.79860115e-01 -8.22018027e-01
    -5.85206985e-01 -2.64246225e-01 7.26008475e-01 7.77845979e-01
    -3.26525867e-01 9.01692510e-01 1.01811981e+00 -1.33304179e-01
    1.69998014e+00 3.67184758e-01 -9.92409647e-01 -8.35133910e-01
    1.34898496e+00 -9.39751923e-01 9.07939970e-01 -2.99028158e-02
    -4.03366685e-01 1.31754041e+00 7.88635492e-01 8.11912060e-01
    1.29974413e+00 8.39945853e-01 9.15289700e-01 3.31461191e-01
    -8.50080371e-01 -5.18356204e-01 1.75221789e+00 -7.15631843e-01
    5.22639036e-01 -2.41284907e-01 8.09766769e-01 1.23569894e+00
    -2.56702185e-01 1.63911223e+00 1.81182384e+00 1.34881365e+00
    2.05580831e-01 -1.17021084e-01 7.55355239e-01 1.92745125e+00
    2.62523830e-01 8.35224986e-01 -3.77565026e-02 -2.76093304e-01
    -8.92149031e-01 1.07228065e+00 -2.92697191e-01 -3.26654136e-01
    1.60080683e+00 -6.12187386e-01 1.38716984e+00 3.14791918e-01
    2.74304986e-01 1.76789761e-01 4.84627604e-01 1.29784358e+00
    2.71631598e-01 1.53668129e+00 5.21019816e-01 1.63505566e+00
    -7.72961617e-01 -6.58363223e-01 -6.21632576e-01 1.06386232e+00
    1.94661808e+00 4.28121626e-01 1.17704558e+00 8.98191810e-01
    -9.57385898e-02 -9.57459211e-02 5.66851258e-01 2.04632425e+00
    -1.44624949e-01 1.03399336e+00 -1.84426725e-01 1.38808846e-01
    -1.45265698e-01 -5.25254011e-03 1.60922313e+00 3.81839514e-01
    -2.80964255e-01 7.23620892e-01 1.63702512e+00 -5.43006003e-01
    7.63276577e-01 -5.86618900e-01 1.60421395e+00 1.33324623e+00
    -1.82557702e-02 -5.39952397e-01 1.85217476e+00 -8.54685247e-01
    -9.38915968e-01 3.79912615e-01 -3.31191421e-01 1.31525087e+00
    1.02769685e+00 -9.39719915e-01 -3.27579081e-01 -8.41320157e-02
    1.14566946e+00 9.26686525e-01 1.22773421e+00 1.90724325e+00
    1.65218890e+00 -3.84328008e-01 9.51223969e-01 -8.55803490e-04
    -2.86606908e-01 1.28621256e+00 1.15084589e+00 1.74599600e+00
    1.00733173e+00 1.46031976e+00 1.74704170e+00 -4.73719239e-01
    1.54936087e+00 1.30024910e-01 -4.18281138e-01 1.32073998e-01
    1.56936717e+00 5.45333922e-01 1.30269563e+00 6.07616901e-02
    -3.68369222e-01 1.75646603e-01 -9.27807510e-01 -2.67924488e-01
    1.53255522e-01 1.00833273e+00 1.12148595e+00 2.28384733e-01
    1.88985479e+00 -9.66374815e-01 -1.85944438e-01 -4.85613346e-02
    1.51828861e+00 8.99623632e-01 -2.96893895e-01 -6.33059025e-01
    1.00481498e+00 2.33447611e-01 4.65140045e-01 7.96924174e-01
    9.10036862e-01 9.26136553e-01 -4.82469589e-01 -2.08696783e-01
    5.13521671e-01 -8.84876788e-01 -3.04389000e-03 1.21133387e-01
    1.96147799e+00 4.32576895e-01 6.64111376e-01 1.69618130e+00
    1.89201319e+00 1.69880438e+00 -8.55328441e-01 1.04879606e+00
    6.48043036e-01 9.71026301e-01 -5.14567971e-01 1.92331350e+00
    7.66304255e-01 1.75737023e+00 -5.45615613e-01 1.36143041e+00
    8.02371502e-02 1.24987853e+00 1.96827626e+00 1.18567502e+00
    1.24561441e+00 -8.43984187e-01 -5.80705643e-01 -2.30191946e-01
    -4.66266870e-02 4.83454823e-01 -4.86814409e-01 -2.69775808e-01
    7.27003932e-01 4.14016962e-01 1.53796327e+00 -9.88068819e-01
    -9.04490352e-01 9.01347518e-01 9.71879601e-01 -2.35409796e-01
    4.44050610e-01 1.55927122e-01 -1.33196175e-01 2.77773142e-01
    7.90201426e-01 -9.88114476e-02 7.28443325e-01 -2.97288537e-01
    9.66154337e-02 5.07701039e-02 -6.80386364e-01 -5.63835263e-01
    -7.09306121e-01 3.88225079e-01 1.50137079e+00 1.46376789e+00
    1.05988860e+00 3.87447119e-01 1.93677247e+00 1.48799646e+00
    -7.62988567e-01 8.38569522e-01 5.42467356e-01 -1.42203629e-01
    1.36533976e-02 9.36235785e-01 4.64360714e-02 -6.06832623e-01
    1.91319346e-01 7.45787859e-01 8.94365191e-01 7.78263569e-01
    -9.50585604e-02 1.64969194e+00 -1.63379967e-01 8.78066421e-01
    -2.05687344e-01 -4.34768617e-01 1.75938487e+00 -5.09942532e-01
    1.59664190e+00 4.40240383e-01 1.76795769e+00 1.57992017e+00
    1.53751814e+00 1.74171793e+00 1.02854407e+00 -4.98206258e-01
    -4.71500993e-01 -1.11492038e-01 -6.13734484e-01 1.89301264e+00
    7.39367843e-01 8.40426445e-01 1.16337776e+00 9.15507674e-01
    1.48692727e-01 -1.39652491e-02 1.89018822e+00 5.48120975e-01
    -1.25082731e-02 -2.64890313e-01 -8.44891131e-01 1.49487042e+00
    5.12948275e-01 9.44070220e-01 -6.95782304e-01 9.01345193e-01
    7.86625564e-01 1.17691338e-01 1.78356040e+00 -9.91059422e-01
    1.71954870e-01 6.96451902e-01 -6.66741252e-01 -8.66866648e-01
    8.56948137e-01 1.77240503e+00 1.79287434e+00 1.84846973e+00
    1.75079465e-01 1.14293456e+00 1.75857711e+00 6.38009429e-01
    -8.02586854e-01 2.09356761e+00 -5.87985039e-01 2.27778912e+00
    1.94814467e+00 1.48000693e+00 1.74869645e+00 9.30957198e-01
    7.47008204e-01 1.36537004e+00 9.83652174e-01 -6.74211979e-03
    1.38442528e+00 9.64012027e-01 1.49926150e+00 1.57791960e+00
    2.53319383e-01 -5.90782046e-01 -2.50936806e-01 5.28750539e-01
    7.52848625e-01 5.66587746e-01 2.80651510e-01 -6.62113667e-01
    1.83735037e+00 1.62878680e+00 -8.77027571e-01 7.69648254e-01
    7.41649330e-01 8.88311982e-01 1.43827426e+00 -2.87893355e-01
    1.64319074e+00 -4.40119505e-02 1.00593746e+00 1.09834301e+00
    7.43222356e-01 1.69206417e+00 2.26134300e-01 1.70686412e+00
    -5.33562243e-01 1.91688561e+00 9.13567066e-01 2.97719777e-01
    1.12007260e+00 1.62212574e+00 6.28383756e-02 3.75760078e-01
    -5.40969610e-01 8.87624204e-01 6.38138950e-01 -7.79465675e-01
    1.41502118e+00 4.99956012e-02 4.41189766e-01 4.57992375e-01
    -5.13073087e-01 1.37585735e+00 8.14779162e-01 -6.03640437e-01
    5.42982996e-01 1.87722945e+00 1.52857912e+00 3.72792125e-01
    -5.26824296e-01 9.24235582e-01 1.60576010e+00 1.61676419e+00
    -9.69194293e-01 1.18052053e+00 5.93807697e-01 -5.04523695e-01
    -6.76892996e-01 1.29306901e+00 1.27233350e+00 -2.38868356e-01
    1.59902155e+00 6.84711933e-01 1.62391400e+00 -9.84293461e-01
    -1.25214398e-01 -4.72855359e-01 1.40669584e+00 -2.47427940e-01
    -5.27560711e-01 -4.21833396e-01 -2.79635370e-01 9.19539571e-01
    1.21541417e+00 1.15874791e+00 8.55715036e-01 -3.75411510e-02
    9.58461285e-01 6.30757928e-01 1.57962954e+00 1.76400661e+00
    1.61891866e+00 -1.01319683e+00 1.47615516e+00 5.22420287e-01
    4.49382484e-01 -7.34176576e-01 5.48073530e-01 4.91065919e-01
    2.51436830e-01 1.04465675e+00 1.10080123e+00 8.84313524e-01
    1.56179512e+00 1.56936097e+00 5.32092512e-01 9.28910673e-01
    1.02864766e+00 -1.53793633e-01 -3.84474993e-02 1.39447868e+00
    4.14842725e-01 -5.28848290e-01 -2.92346358e-01 1.81743026e+00
    1.23355460e+00 -2.38745749e-01 1.10501647e+00 1.43537259e+00
    6.17710054e-01 -1.18238151e-01 -2.68880010e-01 1.09907222e+00
    -3.94711822e-01 3.42935205e-01 -1.36739790e-01 1.65705752e+00
    2.96522379e-01 6.77362502e-01 1.00659359e+00 1.74977660e+00
    -3.57767701e-01 -1.28053427e-02 1.46183801e+00 4.56918955e-01
    -9.63597119e-01 1.91048717e+00 7.25054741e-03 7.30296969e-01
    1.37073910e+00 1.21627235e+00 -5.45959830e-01 -3.40779424e-01
    4.50153708e-01 -2.18689740e-01 -2.83501267e-01 -7.57565320e-01
    1.64453530e+00 1.13276339e+00 1.37406659e+00 -9.65516150e-01
    -6.07534409e-01 1.43813801e+00 1.54916835e+00 8.40838432e-01
    1.40492785e+00 -8.19598436e-01 6.27012134e-01 5.18814325e-01
    8.42567801e-01 1.51116407e+00 7.57299662e-01 -2.24862099e-02
    -9.26816583e-01 1.04819632e+00 4.16787386e-01 9.70754981e-01
    1.58205032e-02 8.62712622e-01 7.87793696e-01 1.77904284e+00
    -4.91107106e-02 -2.94049442e-01 1.91437745e+00 1.84052920e+00
    1.22158074e+00 1.00638628e+00 2.83327401e-01 1.04252291e+00
    1.86398959e+00 9.35890079e-02 2.07830846e-01 2.43849754e-01
    1.14132488e+00 8.89316201e-01 -7.20041752e-01 1.75230920e-01
    8.12555015e-01 -2.68795311e-01 9.85303164e-01 2.63268828e-01
    1.61182964e+00 1.77882516e+00 1.54972517e+00 1.55792832e+00
    1.80821431e+00 9.28950429e-01 1.87600756e+00 -9.74427223e-01
    -6.10544562e-01 4.88361478e-01 7.62642622e-02 1.31454909e+00
    -3.90507281e-01 1.40468180e+00 1.78638947e+00 -1.06750739e+00
    1.02109921e+00 1.11405659e+00 1.31456757e+00 1.73135734e+00
    1.39679730e+00 -6.41553402e-01 5.93528867e-01 5.83959460e-01
    1.54838371e+00 1.40814757e+00 9.70792890e-01 5.06137013e-01
    1.29531860e-01 -3.23783040e-01 9.11999226e-01 1.57114959e+00
    1.16288090e+00 1.66430128e+00 -8.82436037e-01 2.09138155e-01
    -6.75464153e-01 8.24171305e-02 1.62083888e+00 9.41597402e-01
    1.73838496e-01 1.24464965e+00 3.72989655e-01 1.10943866e+00
    1.27186441e+00 1.05653501e+00 1.62386060e+00 1.50350666e+00
    2.99636722e-01 1.57854307e+00 1.01976252e+00 -4.85819578e-02
    1.34411013e+00 8.38827133e-01 2.46094227e-01 -9.27451491e-01
    8.28457475e-01 -8.21559668e-01 -5.30601859e-01 6.96824193e-01
    1.47744870e+00 6.55403793e-01 7.46973157e-01 5.04832268e-01
    6.84863746e-01 4.28167582e-02 5.16906083e-01 2.08601379e+00
    -8.64371717e-01 1.94489598e-01 -8.19475651e-02 1.74638546e+00
    -1.76180840e-01 1.62445235e+00 4.17582035e-01 1.65930080e+00
    1.20109153e+00 -7.54032612e-01 9.58799601e-01 1.37126923e-01
    6.91603422e-02 1.26085329e+00 1.14067852e+00 1.33054268e+00
    -4.59754229e-01 5.55811644e-01 1.50859737e+00 3.41022849e-01
    7.57293463e-01 8.66817951e-01 1.69104946e+00 -8.93270671e-01
    1.13773167e+00 1.66039693e+00 8.21341038e-01 1.15286434e+00
    1.29682970e+00 7.11101651e-01 -6.47389174e-01 -1.07449484e+00
    8.01181197e-01 -8.62894058e-02 -7.77899504e-01 -6.69021130e-01
    2.40165353e-01 1.54272389e+00 -8.31642866e-01 8.23330522e-01
    9.64335144e-01 1.09280694e+00 1.96948421e+00 1.14126778e+00
    -7.28116632e-01 5.69253802e-01 -5.27612746e-01 4.44163918e-01
    3.38158071e-01 -3.87754440e-01 -1.01053298e-01 1.75189161e+00
    1.64637983e+00 7.32102215e-01 8.78494143e-01 1.38002157e-01
    9.79300141e-01 1.56786227e+00 1.64546072e+00 7.96758056e-01
    1.02471507e+00 1.47278428e-01 -1.46389008e-04 5.98610997e-01
    8.64746690e-01 5.05296230e-01 1.17802954e+00 1.01833093e+00
    -5.94043374e-01 -6.70986414e-01 1.02480018e+00 1.02835417e+00
    6.73399210e-01 1.50334859e+00 1.96600735e-01 8.21461976e-01
    -9.02161598e-02 1.58010447e+00 -4.71613765e-01 -5.36567807e-01
    1.61650336e+00 1.04574561e-01 -2.55545437e-01 1.33531404e+00
    -7.67871261e-01 5.93137622e-01 -7.30561912e-01 6.90898299e-01
    7.50260353e-01 1.42261624e-01 1.36036801e+00 -6.92375660e-01
    1.89499497e-01 1.29561734e+00 1.58177137e-01 1.49751043e+00
    -1.32749557e-01 7.34075427e-01 4.71067548e-01 -8.83738041e-01
    -4.11288261e-01 -6.61729574e-02 1.54744434e+00 6.40947819e-02
    1.69162321e+00 1.40689635e+00 8.39268565e-01 -4.30929363e-01
    1.72690237e+00 -4.47430491e-01 6.72071576e-01 1.71273446e+00
    1.65681934e+00 5.69352031e-01 1.15747046e+00 6.13080502e-01
    1.61489797e+00 -3.52662981e-01 1.52921677e+00 1.73289132e+00
    -9.05728340e-03 -5.64295292e-01 -6.52088702e-01 -2.92892039e-01
    1.05289757e-01 -3.32395554e-01 -8.82287920e-01 4.98018980e-01
    -6.69454217e-01 1.97418714e+00 1.80549991e+00 8.55693340e-01
    1.19537449e+00 -9.42008734e-01 3.51135015e-01 1.45269394e+00
    2.11507797e-01 1.86470926e+00 -3.72706652e-01 -7.28173971e-01
    1.93831050e+00 2.61366129e-01 1.10506117e+00 1.59316683e+00
    1.79655790e+00 1.03857136e+00 -5.42894959e-01 1.23848534e+00
    -5.13561368e-01 -6.01222932e-01 9.93562937e-02 -6.05574191e-01
    8.54673624e-01 1.10584795e-01 1.48856390e+00 1.56444728e+00
    2.94430137e-01 1.63963270e+00 5.16046166e-01 -1.00000882e+00
    1.13804567e+00 6.47577047e-01 -7.10580647e-01 1.12725604e+00
    1.76901436e+00 1.64819646e+00 -4.92968082e-01 -6.11777544e-01
    1.60258281e+00 1.07881021e+00 1.24902666e+00 3.63270164e-01
    4.07683253e-02 -3.50682139e-02 -8.34517479e-01 -8.01903248e-01
    3.12920034e-01 -7.59853125e-02 8.45031142e-02 7.94879615e-01
    -2.69236088e-01 1.53542280e+00 1.66065156e-01 -5.73477149e-01
    1.90220225e+00 6.20255411e-01 8.67802024e-01 -7.60451317e-01
    1.81511784e+00 1.35743880e+00 1.64050937e+00 1.53196692e+00
    -7.93004692e-01 1.71400917e+00 1.60626698e+00 -8.33769083e-01
    1.67668533e+00 -2.74312675e-01 -8.04000616e-01 1.85681152e+00
    1.50360417e+00 -5.52924097e-01 1.19726861e+00 3.56116533e-01
    1.79870355e+00 1.45974159e-01 1.20190120e+00 7.72592545e-01
    4.38542843e-01 -7.41731942e-01 9.47917581e-01 -4.05633450e-03
    4.62810278e-01 1.88776088e+00 -4.39105213e-01 9.36272621e-01
    -1.05574679e+00 -7.36396909e-01 1.80228460e+00 -5.77624977e-01
    1.60580266e+00 6.21913552e-01 8.33008170e-01 5.09281635e-01
    1.06134379e+00 1.30617583e+00 3.05959940e-01 2.46512949e-01
    1.50983953e+00 6.14401937e-01 1.71919632e+00 4.25331116e-01
    1.74995959e+00 7.65882373e-01 1.33877420e+00 -7.40151405e-02
    8.52837324e-01 -7.94146001e-01 1.55885053e+00 1.31070805e+00
    1.11247790e+00 1.75450706e+00 2.73586512e-02 9.19939995e-01
    -4.43574190e-01 1.57114363e+00 -4.62501884e-01 -5.62999845e-01
    2.11911798e-01 1.58529866e+00 5.07504940e-01 2.31928444e+00
    6.54586196e-01 3.29689801e-01 -7.51196921e-01 6.09948754e-01
    1.21096230e+00 2.06921756e-01 1.39189136e+00 1.37754345e+00
    5.30286074e-01 4.34827924e-01 1.35423672e+00 1.48932803e+00
    -1.45577550e-01 9.67778087e-01 1.63812053e+00 1.55313492e-01
    -9.73475695e-01 3.31834018e-01 5.34886003e-01 7.44046569e-01
    1.72109413e+00 2.14993834e-01 8.37761164e-02 -8.55714321e-01
    1.30437112e+00 1.57745934e+00 1.16306543e+00 1.82429373e+00
    -2.91507900e-01 -3.74698043e-01 8.25358748e-01 1.68828773e+00
    5.60866833e-01 1.89491034e-01 5.07715225e-01 -5.81883192e-02
    1.33867395e+00 1.88838089e+00 1.84385741e+00 6.36490047e-01
    6.44013941e-01 1.41478407e+00 -8.78127337e-01 -7.34480023e-01
    1.25507593e+00 -9.19500053e-01 1.43083668e+00 1.31531930e+00
    3.25188637e-02 1.10906172e+00 3.27975750e-02 1.34607697e+00
    1.57029796e+00 4.73259449e-01 1.37758934e+00 7.80274630e-01
    -2.74575949e-02 -7.12927580e-01 -3.87007296e-01 1.56021559e+00
    1.16355371e+00 -6.33469701e-01 5.72382927e-01 8.28740835e-01
    -7.04363048e-01 8.63943577e-01 7.09856629e-01 -4.40359771e-01
    1.69066465e+00 1.28117013e+00 1.16322041e+00 -8.80734742e-01
    1.88592947e+00 -6.60381317e-02 1.04778445e+00 7.40384102e-01
    1.39642084e+00 1.73193693e+00 7.71738350e-01 6.94840372e-01
    -9.55849826e-01 1.54257834e+00 1.41725826e+00 1.78803325e-01
    -6.43761158e-01 1.89024186e+00 4.49509978e-01 -1.37944758e-01
    -1.80171192e-01 2.88628578e-01 5.62382936e-02 1.52940631e-01
    1.76228130e+00 1.12314463e+00 -9.67761993e-01 8.74390483e-01
    -3.86477709e-01 1.81937170e+00 -4.85344887e-01 -2.68284857e-01
    9.11507607e-02 7.85947800e-01 -8.21497440e-02 9.15896773e-01
    -4.45251405e-01 1.50299168e+00 -1.28881276e-01 3.82050157e-01
    -7.21546173e-01 1.68862426e+00 8.53613615e-02 -7.71670699e-01
    1.86440790e+00 1.20126629e+00 1.12929511e+00 -1.64447367e-01
    -6.46342397e-01 7.90756941e-01 8.11291099e-01 -1.82607591e-01
    3.44766378e-02 1.19769859e+00 6.49585247e-01 -6.73740685e-01
    1.54615879e-01 2.01300073e+00 1.41631103e+00 1.05999756e+00
    5.61690152e-01 -8.12937498e-01 1.71070826e+00 -5.16324878e-01
    -8.33914578e-01 1.19559395e+00 9.04675603e-01 -8.83141041e-01
    -5.59628725e-01 7.89501667e-02 -9.24637377e-01 -5.44591188e-01
    1.51893699e+00 1.12996197e+00 4.29669976e-01 -4.66536880e-02
    5.83536029e-01 8.57531667e-01 2.80378699e-01 7.84766674e-01
    6.40666485e-02 1.91654921e-01 -1.74342632e-01 -7.82804251e-01
    1.40137780e+00 -7.06462979e-01 1.19908845e+00 8.42073202e-01
    4.33837056e-01 1.02876246e+00 9.94171739e-01 1.00253582e+00
    1.70074141e+00 4.43509579e-01 8.07305574e-01 1.30288422e+00
    3.90668035e-01 -7.38439262e-01 1.53166413e-01 1.55141664e+00
    6.73554838e-01 1.40118957e+00 1.14489126e+00 -4.90217865e-01
    -5.01617730e-01 -2.26584375e-01 -7.84472167e-01 5.91682196e-02
    -1.38731301e-01 -1.67874038e-01 3.66676211e-01 1.91348910e+00
    1.02932239e+00 1.31619310e+00 1.76543653e-01 9.58902538e-01
    -6.04334176e-01 8.04895401e-01 1.27207255e+00 -7.04581738e-01
    -1.38059616e-01 -6.36216402e-02 4.90985751e-01 1.65815151e+00
    1.80879951e-01 -1.14529133e-02 9.01176691e-01 7.96866775e-01
    -1.02103662e+00 4.07915473e-01 8.22183847e-01 1.66735220e+00
    1.04143572e+00 3.59653354e-01 6.31931782e-01 1.56537092e+00
    4.93325472e-01 1.67841816e+00 1.16317928e+00 7.54825473e-01
    6.57840133e-01 3.31529617e-01 -1.61514997e-01 6.94610715e-01
    1.23254538e+00 1.15065014e+00 9.91976738e-01 -8.10857058e-01
    1.40639305e-01 1.82150590e+00 -1.01393938e+00 1.84611893e+00
    -4.12452757e-01 -5.16160190e-01 4.69341636e-01 -3.75999570e-01
    1.53374159e+00 -8.15873384e-01 1.75590944e+00 -2.79901683e-01
    1.75665855e+00 2.11853266e-01 1.52015412e+00 -8.70714068e-01
    1.44873250e+00 -8.64682674e-01 9.71456826e-01 -2.69230485e-01
    -1.59119070e-01 -4.28779244e-01 8.55384827e-01 1.54432535e-01
    2.08964109e-01 1.43792856e+00 9.11962390e-01 -2.81385958e-01
    1.80759108e+00 4.28963304e-01 -1.65411472e-01 1.77727151e+00
    1.23506546e-01 1.77708364e+00 1.26295769e+00 1.59000051e+00
    -6.73918188e-01 1.39050150e+00 6.67719781e-01 -3.13780099e-01
    1.81129146e+00 4.31941271e-01 -2.27217138e-01 1.43344963e+00
    1.76149666e-01 8.94455910e-01 2.19727159e-02 8.79414618e-01
    -7.41161942e-01 6.30157351e-01 1.00543833e+00 1.53846896e+00
    -1.93754673e-01 1.76519370e+00 1.67192638e+00 1.24953258e+00
    4.21434462e-01 9.48614538e-01 6.33208156e-02 -4.16889489e-01
    -7.45050311e-02 1.95403862e+00 3.99696112e-01 -5.94035566e-01
    1.00024223e-01 -5.96680045e-01 -1.02973163e+00 -3.27295601e-01
    -7.83459187e-01 4.46310759e-01 1.57421780e+00 4.05439734e-01
    3.53721857e-01 1.74324203e+00 1.36069071e+00 1.47122860e+00
    -3.04335892e-01 1.10977852e+00 9.98894036e-01 -7.60691762e-01
    7.89725006e-01 1.54641724e+00 1.30813777e-01 -8.53509307e-01
    1.95232964e+00 1.81135583e+00 -5.80363750e-01 5.54307222e-01
    1.90323710e+00 -7.99445391e-01 1.48874223e+00 2.64820814e-01
    -3.06001067e-01 1.62082672e+00 -3.68221879e-01 3.61619711e-01
    3.47474515e-01 -4.34017897e-01 -8.08169246e-02 6.76721334e-02
    6.72178864e-01 6.98523164e-01 7.05153465e-01 7.35928416e-01
    7.57838845e-01 -5.35217524e-02 1.57409012e+00 1.78616571e+00
    -6.88206434e-01 -8.53165030e-01 -3.08219075e-01 1.70485413e+00
    5.02173841e-01 3.37496877e-01 1.05398130e+00 1.21430731e+00
    6.93332613e-01 1.29507399e+00 -2.32531965e-01 -2.58456647e-01
    -8.29644442e-01 4.39005971e-01 1.37731612e-01 9.25815225e-01
    5.65800667e-02 1.26127958e+00 1.80038846e+00 6.47680163e-01
    2.40664721e-01 -4.17825103e-01 1.30065930e+00 1.11225057e+00
    -6.27392530e-02 -1.06468081e-01 -2.16524601e-01 1.21518099e+00
    1.47536445e+00 1.49284959e+00 -4.38018799e-01 1.16784716e+00
    6.63518786e-01 8.94499958e-01 1.69541657e-01 1.24068010e+00
    -7.40427017e-01 -1.72900975e-01 1.57549596e+00 1.92194867e+00
    -6.80331111e-01 4.56993461e-01 -3.51833701e-02 -1.58523321e-01
    1.55964255e+00 1.56045187e+00 9.43477869e-01 -1.00881219e+00
    -2.30894089e-02 1.08839273e+00 -7.02005863e-01 1.07674706e+00
    -5.37786245e-01 2.06449747e-01 -8.93968761e-01 6.87941790e-01
    1.51981258e+00 -8.67590129e-01 -8.78067374e-01 1.54182589e+00
    1.28776443e+00 1.40650690e+00 7.49159455e-02 1.89355755e+00
    2.76358604e-01 -5.47792912e-02 1.36944699e+00 1.30420148e-01
    1.44414353e+00 -4.75411981e-01 -2.55450368e-01 1.12041724e+00
    1.73580384e+00 -7.70458162e-01 1.35274768e-01 3.14550996e-01
    1.16790843e+00 1.42752934e+00 -2.71248758e-01 5.70918322e-02
    1.21676731e+00 -6.28314078e-01 7.39947200e-01 1.57014692e+00
    1.14441657e+00 4.71299469e-01 1.50332677e+00 -5.30481994e-01
    -6.20319605e-01 1.48259759e-01 1.86712766e+00 -1.13063192e+00
    1.33571219e+00 -1.38903856e-01 1.17847133e+00 1.59104466e+00
    7.24877000e-01 1.44853628e+00 -7.30052531e-01 -3.78621459e-01
    -2.28591144e-01 -2.34605491e-01 -7.36791372e-01 6.90084636e-01
    2.25664914e-01 1.86187041e+00 1.15105522e+00 1.50610590e+00
    9.07701850e-01 1.22421920e+00 6.69545889e-01 5.13653636e-01
    8.39126110e-02 1.87340927e+00 6.54258072e-01 -6.07497454e-01
    3.50170553e-01 -8.01542521e-01 -5.16310394e-01 -4.93026376e-02
    -8.87426138e-01 1.58876669e+00 7.71022439e-01 1.32831728e+00
    1.40187502e-01 1.03808558e+00 -5.79252303e-01 -6.66075766e-01
    -4.69679117e-01 -3.25746834e-01 -6.90531731e-02 -4.15395737e-01
    1.71024430e+00 -6.43638968e-01 -4.42778945e-01 1.33273304e+00
    6.40591025e-01 -7.39708424e-01 1.89513600e+00 7.35927820e-02
    1.03573036e+00 7.30235338e-01 1.45061791e+00 -9.72715020e-01
    1.16114473e+00 -9.28113163e-01 -1.00476801e+00 -1.52083874e-01
    1.46664488e+00 1.77809417e+00 4.19892430e-01 -2.84084797e-01
    1.71874213e+00 8.57785940e-01 -1.07796025e+00 8.96798253e-01
    1.28506148e+00 -5.24368405e-01 -1.03699493e+00 -8.23461592e-01
    1.37027013e+00 1.39123535e+00 -9.28494990e-01 1.22238457e-01
    -5.90167284e-01 -4.65402782e-01 1.30388761e+00 1.24968576e+00
    -5.82506299e-01 1.81009710e+00 5.46967268e-01 -9.63998437e-01
    1.08340430e+00 1.83302164e-02 1.31948447e+00 -8.40652168e-01
    -1.43502533e-01 4.92651820e-01 2.34062552e-01 1.82927418e+00
    7.12938547e-01 1.72753692e+00 1.08786094e+00 5.83359838e-01
    1.08750629e+00 1.86168885e+00 1.44101334e+00 1.92282474e+00
    -1.89893007e-01 3.02577436e-01 1.74176741e+00 -8.38416815e-02
    5.50096452e-01 3.72521400e-01 -8.15595746e-01 2.22940147e-01
    1.29312873e-01 1.02989626e+00 6.09999776e-01 1.06314695e+00
    -2.15403795e-01 1.51057422e+00 5.39738536e-01 5.26384115e-02
    -1.18791163e-01 -8.68932068e-01 -5.21370173e-01 -4.61522549e-01
    5.75208545e-01 1.71268284e-01 1.87563264e+00 1.44493556e+00
    3.98488402e-01 5.85520506e-01 1.86470258e+00 -7.88183928e-01
    -8.05817842e-01 5.36656618e-01 5.03510833e-01 -1.51694953e-01
    1.74658906e+00 7.47470379e-01 4.51219797e-01 -8.65668118e-01
    3.85183692e-01 -3.72734666e-02 -9.93881822e-02 5.69358587e-01
    -9.03716624e-01 5.22973657e-01 -8.63880694e-01 1.24162006e+00
    1.06229258e+00 9.47566390e-01 1.39234686e+00 9.61252153e-01
    1.62582278e+00 -7.73476124e-01 1.07904625e+00 9.14009035e-01
    -8.45935762e-01 -8.21364641e-01 1.54853535e+00 -5.84505975e-01
    -8.41838062e-01 7.71202266e-01 1.84657574e-02 -9.89704132e-02
    1.82040024e+00 1.50557399e+00 6.26670599e-01 -3.64717603e-01
    -1.10001159e+00 1.55410218e+00 -1.15692616e-01 8.55121255e-01
    -7.15843916e-01 1.64112556e+00 1.65503287e+00 2.36022353e-01
    -8.73180389e-01 -9.50050533e-01 1.30075741e+00 8.65115821e-01
    -9.42804396e-01 -4.15074229e-01 -4.93357122e-01 1.43165064e+00
    2.00091124e+00 1.51474333e+00 1.20423174e+00 2.83184767e-01
    1.77070451e+00 1.80185401e+00 8.73241603e-01 1.17276216e+00
    1.14551854e+00 1.67622054e+00 2.13915110e-02 1.41769361e+00
    2.21956134e-01 7.87072420e-01 5.64890742e-01 9.68474984e-01
    9.48621631e-01 5.13208866e-01 -4.81947124e-01 1.90375173e+00
    -7.93197811e-01 -4.49492365e-01 -5.99788308e-01 -1.99139059e-01
    8.53687882e-01 8.58839631e-01 1.32201743e+00 1.16510153e-01
    3.16991091e-01 1.74101186e+00 -8.55566025e-01 3.91562223e-01
    -7.10451007e-01 6.97594166e-01 1.43958843e+00 1.13839030e+00
    -8.90614688e-01 1.00717199e+00 1.42730212e+00 1.36397672e+00
    -1.37980461e-01 1.35585189e+00 4.21577573e-01 3.81764293e-01
    -2.85063803e-01 -6.89010561e-01 1.20713794e+00 1.17009854e+00
    -4.43784654e-01 1.74015534e+00 -4.45284843e-01 6.44406199e-01
    4.22002494e-01 6.06023014e-01 -7.60674119e-01 2.84536183e-01
    3.42187345e-01 1.82677746e+00 1.40406036e+00 -3.23774278e-01
    6.84483409e-01 6.95104480e-01 -7.30234623e-01 -7.67627954e-02
    1.45549095e+00 1.87988925e+00 -3.81240368e-01 -8.76277864e-01
    4.41678762e-01 1.90735912e+00 1.46376884e+00 1.16511369e+00
    1.68552220e-01 -4.43823874e-01 4.15633798e-01 -1.50675833e-01
    -8.71616483e-01 1.83210099e+00 -6.01890206e-01 7.46494293e-01
    7.13188767e-01 1.38951421e-01 1.14982009e-01 1.85706580e+00
    1.46693969e+00 1.02552295e-01 1.07585156e+00 1.47225690e+00
    8.39877129e-03 2.07378864e-01 1.70285821e-01 2.10097015e-01
    1.03328991e+00 -5.84639192e-01 -5.84179163e-03 8.25755894e-01
    5.59945703e-01 -4.31662202e-02 1.14792728e+00 6.35107279e-01
    1.62407625e+00 6.70494080e-01 8.75826120e-01 -7.25343704e-01
    -7.81526566e-02 1.23340666e+00 5.07908821e-01 -8.41041744e-01
    1.59702826e+00 1.50924087e+00 1.61551762e+00 -1.09539092e-01
    6.80272698e-01 -5.76365948e-01 1.67411089e-01 1.16298127e+00
    1.26554775e+00 1.47518694e+00 1.49636734e+00 5.74547052e-01
    8.38971853e-01 1.81065571e+00 1.80369854e-01 1.39023244e+00
    -6.95180416e-01 1.01797152e+00 -9.05926168e-01 -8.56499076e-01
    7.51744151e-01 1.18820536e+00 1.63195717e+00 1.93874359e-01
    -9.58741844e-01 -1.63946152e-01 1.81670654e+00 1.41938007e+00
    1.87580276e+00 1.22727239e+00 -9.28502619e-01 6.37717485e-01
    7.45241523e-01 -2.74160147e-01 7.70435333e-02 1.57309985e+00
    1.41683030e+00 1.48287594e+00 7.99393892e-01 -7.00527310e-01
    5.13559222e-01 -2.11768925e-01 -4.20661867e-01 2.19059885e-01
    -2.74914384e-01 -3.89501154e-01 1.85506582e+00 6.56399369e-01
    1.86953485e+00 1.78965318e+00 -4.58730698e-01 -2.87684560e-01
    -3.24612916e-01 4.20479417e-01 1.59219301e+00 3.32224607e-01
    1.36438835e+00 -7.64201403e-01 -1.45273030e-01 1.81086779e+00
    -8.44098032e-01 9.16027069e-01 -8.40007186e-01 1.10644460e+00
    7.28660643e-01 2.12729394e-01 7.57159173e-01 5.13454735e-01
    6.19499266e-01 1.70764327e+00 -5.18861055e-01 1.90980256e+00
    6.43080354e-01 -1.82651579e-01 8.26194286e-01 -9.30141807e-02
    -3.60094488e-01 -7.73397863e-01 4.11746740e-01 1.50781655e+00
    1.10978675e+00 -4.24181342e-01 1.70286560e+00 -3.55386555e-01
    2.16939926e-01 -4.39259291e-01 1.48063517e+00 -3.86885524e-01
    3.00241649e-01 -1.84420586e-01 -2.22437859e-01 1.21823204e+00
    1.55430710e+00 1.07985628e+00 6.55123353e-01 1.35287488e+00
    5.80576658e-02 1.74575686e+00 -1.04999721e+00 8.30737948e-01
    6.55685067e-01 1.53223753e+00 1.66985202e+00 3.18478346e-01
    2.34446526e-01 1.19590867e+00 -8.50335717e-01 6.71253085e-01
    -8.51780057e-01 1.91687095e+00 1.00740278e+00 9.48541224e-01
    2.76218414e-01 -6.51695848e-01 -2.27251053e-01 1.79615998e+00
    1.69543004e+00 -1.67585015e-02 5.06836176e-01 -2.99923003e-01
    2.18644023e-01 -2.86492527e-01 1.71998024e-01 8.30959499e-01
    -2.15146244e-01 3.84287834e-01 -3.72849524e-01 3.67306054e-01
    -4.56533313e-01 4.01722789e-01 1.69321609e+00 1.23820102e+00
    7.67500162e-01 1.12614703e+00 1.18371999e+00 -1.47654355e-01
    1.49321330e+00 6.45074010e-01 4.48934972e-01 2.71281600e-02
    2.09218860e-01 1.94153035e+00 1.05940294e+00 1.52409744e+00
    1.50258708e+00 9.36221480e-02 -5.77703476e-01 8.57529998e-01
    -2.51163065e-01 1.33043039e+00 8.75225663e-02 -6.58440948e-01
    -6.60906792e-01 -6.10446811e-01 -3.71055305e-01 1.71700025e+00
    -3.16028118e-01 7.95646548e-01 9.01909113e-01 -6.82673693e-01
    -4.82732236e-01 -4.64837551e-02 6.15611434e-01 1.17594063e+00
    1.52788031e+00 5.52683115e-01 5.34759760e-01 1.24035168e+00
    -5.06571174e-01 2.72354007e-01 1.61810577e+00 8.04078579e-02
    -5.83946466e-01 -4.08696175e-01 9.30325270e-01 1.82581997e+00
    -1.20260656e-01 -4.67350721e-01 1.39671707e+00 -6.89469576e-02
    -3.82265210e-01 -5.23499608e-01 1.91874051e+00 1.77023411e+00
    -8.62898886e-01 9.82010007e-01 7.44110465e-01 -7.58739531e-01
    8.34498167e-01 3.29772592e-01 1.68587828e+00 -2.00630367e-01
    1.12300968e+00 1.02640259e+00 6.23266757e-01 9.45724547e-01
    -8.80660415e-01 6.23691022e-01 8.11810434e-01 8.24508965e-01
    1.28505850e+00 -1.42203510e-01 1.82891357e+00 -1.95906520e-01
    3.12708795e-01 6.99379504e-01 2.48462558e-01 1.83309245e+00
    1.08952725e+00 1.76693046e+00 -6.52098954e-01 1.29314160e+00
    -3.29686761e-01 1.00833273e+00 -3.26927423e-01 5.50266862e-01
    9.60049987e-01 7.00560927e-01 -6.49914145e-01 -3.10254097e-02
    4.87533092e-01 5.12183964e-01 9.16357517e-01 4.46466208e-02
    3.92256141e-01 3.79581451e-02 4.40454960e-01 1.61459064e+00
    1.76895082e+00 1.48205864e+00 -1.10849023e+00 6.10576510e-01
    -8.65791023e-01 1.77110732e+00 1.72297502e+00 -8.73237729e-01
    5.36465704e-01 -5.13573766e-01 -4.18904901e-01 7.28680551e-01
    -2.86036193e-01 1.68369937e+00 -9.11875188e-01 1.18815994e+00
    1.01195776e+00 -3.42636645e-01 1.77885592e+00 1.85296500e+00
    -8.14980626e-01 -6.42225862e-01 1.82281017e-01 1.71046138e+00
    -3.33862662e-01 2.73773253e-01 1.13170695e+00 5.55535376e-01
    3.29692364e-01 3.98664534e-01 -1.64856672e-01 -4.64501143e-01
    1.60153306e+00 1.21504080e+00 4.25059915e-01 5.03670335e-01
    9.10167575e-01 6.12131476e-01 1.69762480e+00 -1.09440088e-02
    5.29812932e-01 1.13996243e+00 8.31583142e-01 8.75199795e-01
    2.45486557e-01 -3.33810627e-01 -3.41719031e-01 1.32019639e+00
    -6.11997008e-01 1.12405443e+00 1.70932555e+00 1.68836975e+00
    6.02859259e-02 3.10629129e-01 1.86380243e+00 1.07061994e+00
    1.88289285e-01 6.63882017e-01 8.27877522e-01 1.67018771e-01
    1.52533317e+00 -9.35829759e-01 -9.06944275e-04 1.63990188e+00
    1.72243941e+00 -7.18448997e-01 1.36942327e+00 1.78104198e+00
    1.04233646e+00 1.60799420e+00 1.54049706e+00 4.46268857e-01
    1.64138317e-01 -7.06049085e-01 1.65689421e+00 1.28282452e+00
    4.09713984e-02 -8.17121923e-01 5.47923684e-01 1.38835573e+00
    2.77135849e-01 8.83499622e-01 -2.63358355e-01 1.04399204e+00
    1.60814238e+00 1.47320902e+00 1.60879922e+00 1.81033850e+00
    -7.11866140e-01 4.39115286e-01 -8.07780981e-01 1.64597058e+00
    5.11862874e-01 -7.21325517e-01 1.21338320e+00 2.18650222e+00
    1.44162035e+00 5.47829926e-01 1.53924596e+00 1.33580184e+00
    4.61577892e-01 -8.75765264e-01 -9.59160268e-01 1.49105895e+00
    1.67037225e+00 2.67315567e-01 -6.01488709e-01 5.21161795e-01
    -3.21067095e-01 -9.78160977e-01 -3.43312323e-01 6.33253574e-01
    8.95679712e-01 1.90919685e+00 6.83615804e-02 1.05120349e+00
    1.20599556e+00 1.53981328e-01 -5.99224806e-01 1.77229500e+00
    1.90150619e+00 1.08152592e+00 1.44905055e+00 1.70037091e+00
    3.77115250e-01 1.70987523e+00 -7.83201039e-01 8.19595575e-01
    -7.45813251e-02 1.77447796e-01 5.11128187e-01 -4.79470730e-01
    5.45343399e-01 1.07977247e+00 -4.16954577e-01 3.66069496e-01
    6.85018003e-01 3.40124726e-01 3.88098180e-01 2.18047738e-01
    8.93857181e-01 8.36493969e-01 1.19253361e+00 -3.71270359e-01
    -8.91080797e-01 -6.34697437e-01 -3.18034053e-01 1.51753378e+00
    -3.79696250e-01 9.53616023e-01 -1.91743672e-01 1.34597147e+00
    3.96645963e-01 9.50717568e-01 -9.35879171e-01 1.92954826e+00
    1.52880883e+00 8.39739084e-01 -2.85004854e-01 1.29511011e+00
    4.94467258e-01 1.79182470e+00 1.59676957e+00 5.00084162e-02
    6.06817961e-01 2.07953572e-01 2.68811643e-01 -3.21075141e-01
    1.96380806e+00 -8.20386529e-01 -4.56115395e-01 3.47323179e-01
    1.56342435e+00 -4.95241880e-01 8.36735845e-01 -5.57560444e-01
    1.69804561e+00 1.75038922e+00 4.92764890e-01 -4.97804463e-01
    -8.33634973e-01 1.30723262e+00 -6.62254453e-01 -7.60147214e-01
    3.96762609e-01 1.98489940e+00 1.15126920e+00 4.22705054e-01
    1.69738185e+00 1.80561376e+00 1.11451197e+00 7.88817286e-01
    -8.67967606e-02 -8.26616645e-01 9.12630796e-01 1.79303551e+00
    1.71257746e+00 1.46714163e+00 1.16790342e+00 -8.35252762e-01
    1.08015704e+00 -4.47333634e-01 8.99246335e-01 -9.29994702e-01
    1.84339499e+00 1.71824026e+00 1.61995363e+00 -4.41927850e-01
    1.94142222e-01 -8.10855627e-02 -4.82565582e-01 1.20228529e-02
    5.24528086e-01 1.00690055e+00 9.81742442e-01 -3.16545963e-02
    1.75491953e+00 -5.60299218e-01 -8.74562263e-01 -9.62333083e-02
    1.08665609e+00 1.69588768e+00 4.18918848e-01 5.63554525e-01
    1.42335021e+00 1.75437498e+00 -5.85995257e-01 -3.38303566e-01
    1.42067480e+00 7.17954636e-02 -8.63853037e-01 -1.05415285e-01
    4.23934519e-01 7.28523195e-01 3.80756855e-02 6.06599212e-01
    1.24480128e-01 1.23363185e+00 -6.98761046e-01 2.59013176e-01
    1.52646661e-01 2.13097692e-01 1.02096081e+00 -1.68476462e-01
    1.62363172e+00 3.21189404e-01 -5.16120732e-01 7.73097277e-02
    2.01534986e-01 -1.46180034e-01 1.82719874e+00 5.12910604e-01
    1.29297876e+00 -7.94963837e-02 9.24442768e-01 -3.90461385e-01
    1.56962705e+00 1.19202554e+00 -9.51290131e-01 1.59688246e+00
    -7.66338706e-01 1.77927327e+00 -6.46813512e-01 -1.46413684e-01
    1.77821517e+00 1.54843974e+00 -2.35395432e-02 3.41804028e-01
    1.39449191e+00 -8.00053477e-01 6.82095766e-01 -1.70510590e-01
    1.00336850e+00 1.55391312e+00 -2.68231452e-01 -8.39166641e-02
    1.68383503e+00 1.20119095e+00 1.73020172e+00 1.68079698e+00
    1.63825822e+00 1.46409893e+00 1.16602755e+00 1.25102925e+00
    -6.17174268e-01 -1.60370350e-01 -8.75450373e-02 1.31780684e+00
    9.96885419e-01 9.73117352e-03 1.69069648e-01 -3.59758556e-01
    5.15414715e-01 -6.47169590e-01 1.55287206e+00 6.52917743e-01
    9.08886790e-01 -7.22236693e-01 4.16819930e-01 4.81497824e-01
    7.26482213e-01 -2.75507271e-01 1.37043858e+00 7.07732081e-01
    -6.18885756e-01 5.99460006e-01 -5.23344636e-01 1.17124784e+00
    4.59256053e-01 -3.07066441e-01 -7.77175307e-01 -3.35073471e-02
    -9.07578051e-01 9.40807939e-01 -4.16577280e-01 2.91137934e-01
    1.69381380e+00 1.55158997e+00 1.78337991e+00 1.35107636e+00
    1.04965019e+00 -9.30035293e-01 9.35067058e-01 9.16931748e-01
    1.68578279e+00 -1.64396048e-01 4.76191819e-01 -1.73435211e-01
    8.11125159e-01 1.30164182e+00 1.63297522e+00 8.14933062e-01
    6.69120431e-01 -2.73285389e-01 1.32460380e+00 1.80241621e+00
    1.23554540e+00 1.06339097e+00 -5.08579373e-01 1.07411265e-01
    1.22190762e+00 7.51630783e-01 3.62741232e-01 1.47020698e-01
    -6.74418807e-01 1.64590788e+00 -6.90725446e-01 1.01671791e+00
    -1.50800347e-01 1.85395789e+00 7.90655434e-01 1.70200586e+00
    -7.10175037e-02 5.37112057e-01 -6.89472198e-01 1.69826603e+00
    3.16951394e-01 1.59515417e+00 1.38455153e+00 1.76652646e+00
    -2.76964426e-01 1.34087801e-01 -4.21608806e-01 -8.51688564e-01
    5.35043597e-01 9.47095156e-01 1.69108272e+00 9.64168787e-01
    1.71757603e+00 3.85800719e-01 3.67895305e-01 -4.47191000e-01
    1.05819881e+00 9.00351882e-01 -6.43492818e-01 -7.82420039e-02
    -6.27103806e-01 -2.81325102e-01 1.42483711e+00 -3.39482248e-01
    1.02595282e+00 1.32802606e-01 1.82210553e+00 1.20221376e-02
    -5.66447616e-01 1.21316481e+00 1.29002213e+00 -7.27616489e-01
    8.14306855e-01 1.63706005e+00 7.85944164e-01 3.26735854e-01
    -9.32977855e-01 1.25238812e+00 1.84046078e+00 8.52773190e-01
    -6.83933496e-01 2.44154274e-01 -1.31558001e-01 9.54841495e-01
    2.02145636e-01 -9.23503041e-02 9.62810218e-01 1.47440243e+00
    1.01967740e+00 3.21888328e-01 -8.85383189e-01 1.42467189e+00
    1.05809307e+00 5.48660934e-01 1.09959984e+00 1.62953925e+00
    -7.44572639e-01 2.98076332e-01 -2.19351053e-01 9.52438712e-01
    4.80428576e-01 9.52131748e-02 -5.76122761e-01 -2.13573933e-01
    3.98111105e-01 -1.50160611e-01 7.37608790e-01 -3.90299022e-01
    -2.91085303e-01 -4.16954279e-01 -7.88907886e-01 -1.52573466e-01
    1.98147845e+00 -4.79621232e-01 -4.59044695e-01 -8.42926502e-01
    5.99471033e-01 -1.74910426e-01 1.24132073e+00 2.23058462e-02
    1.53736222e+00 -2.01488018e-01 -5.07707953e-01 -3.98203552e-01
    -8.26895297e-01 1.54347157e+00 -9.37097311e-01 6.00806117e-01
    1.02334774e+00 -3.57142448e-01 6.78606391e-01 5.38090944e-01
    3.76176238e-01 -1.66877151e-01 9.68370080e-01 -3.06698382e-01
    -9.46767151e-01 1.54783821e+00 1.53205633e-01 -9.23306406e-01
    2.11217105e-01 4.70393300e-02 1.66710019e-01 1.93494856e+00
    2.89002657e-02 1.58368754e+00 -1.69092298e-01 -6.46252990e-01
    -2.46396661e-02 1.26547575e-01 4.01633382e-01 1.18173552e+00
    8.05512965e-01 1.42769456e-01 1.64004171e+00 -6.93809032e-01
    1.84280753e+00 8.47816169e-01 -1.38073564e-01 -3.66026759e-02
    -3.47759545e-01 1.72554493e+00 1.29328799e+00 1.26331377e+00
    -2.49602616e-01 -7.54702747e-01 1.64823055e-01 1.60099149e+00
    1.33421659e-01 -1.08051300e-02 9.11803365e-01 2.42312253e-01
    1.93386292e+00 -7.83214092e-01 1.09613132e+00 1.87946808e+00
    -3.80756319e-01 9.29558158e-01 -9.93389428e-01 1.15574455e+00
    1.29114234e+00 1.06581140e+00 1.00840819e+00 1.31698561e+00
    -5.44792116e-01 1.55337822e+00 6.04217768e-01 -2.87497282e-01
    1.56106877e+00 1.42901158e+00 1.71678066e+00 2.77741790e-01
    9.55125809e-01 4.04569864e-01 7.12500215e-01 6.72995090e-01
    1.46119058e+00 1.02519870e+00 1.08736241e+00 4.92897868e-01
    -1.42229915e-01 7.95344830e-01 3.96580756e-01 -4.03888822e-01
    -5.39537191e-01 4.63288963e-01 1.84632492e+00 1.89741278e+00
    -7.05822706e-01 1.03172183e+00 5.07378578e-01 1.18178248e-01
    1.40312004e+00 9.27726030e-01 -5.59716821e-01 5.84406853e-01
    -2.36817539e-01 9.88327563e-01 -7.49710798e-01 -7.38201559e-01
    9.14145112e-02 3.89186680e-01 -3.48752737e-01 1.82281971e+00
    9.07015204e-01 7.34369099e-01 -8.94357681e-01 8.58629227e-01
    1.85632360e+00 5.77885628e-01 6.01187587e-01 -7.90019095e-01
    -6.15054607e-01 1.13559413e+00 1.13785028e+00 -2.34277010e-01
    3.71144533e-01 3.58636379e-02 -4.30165231e-01 1.45753264e-01
    1.18075967e+00 7.74810791e-01 -9.38603342e-01 1.45955944e+00
    9.13065553e-01 1.16267073e+00 5.76584458e-01 4.65863943e-02
    1.44763815e+00 -2.65239894e-01 1.59021866e+00 2.50326395e-02
    7.82645345e-01 1.65847611e+00 1.31897318e+00 9.54630017e-01
    6.21201873e-01 1.43432498e-01 1.34223962e+00 5.95303893e-01
    6.51725650e-01 -8.20872903e-01 1.52341104e+00 1.05868852e+00
    -6.89477444e-01 -2.97295034e-01 1.69131207e+00 7.89812028e-01
    1.67588997e+00 -1.67517543e-01 4.27937031e-01 3.38204741e-01
    1.02394617e+00 -8.85151148e-01 1.84049785e-01 -4.92969781e-01
    4.28799152e-01 -5.64655185e-01 -7.21586943e-01 -7.68186986e-01
    2.37984896e-01 -6.36315405e-01 7.47199059e-01 1.83350146e+00
    1.59814048e+00 -4.10781682e-01 4.15339291e-01 -5.39401531e-01
    3.36519718e-01 1.67703772e+00 5.60921550e-01 3.82053614e-01
    1.48795152e+00 3.30095410e-01 9.19158876e-01 1.14583802e+00
    1.23672962e+00 5.05919337e-01 -9.66572404e-01 6.47895098e-01
    1.37705588e+00 1.18162036e+00 1.73157454e-01 1.52283645e+00
    -1.44513547e-01 1.79728889e+00 1.05456567e+00 1.04799831e+00
    8.58812690e-01 1.22908342e+00 1.03564477e+00 1.07590771e+00
    -6.04902685e-01 8.69987845e-01 5.78964889e-01 1.71828163e+00
    5.70286274e-01 -7.10089684e-01 6.24700546e-01 1.51261914e+00
    7.31871963e-01 1.20503032e+00 -2.38071918e-01 4.74064410e-01
    1.45954275e+00 1.92602932e-01 -7.88548708e-01 -3.12303364e-01
    1.64073515e+00 1.89579654e+00 -2.11792409e-01 1.93513632e+00
    1.16436195e+00 3.46992552e-01 1.14383984e+00 6.13944352e-01
    -3.75350535e-01 8.64805043e-01 -3.78551304e-01 -1.04710042e-01
    -2.67042816e-01 1.86687279e+00 1.19368649e+00 -3.41478884e-01
    6.55407369e-01 2.80743122e-01 1.60245275e+00 3.83345485e-01
    1.49579561e+00 -8.37909341e-01 -7.45571256e-02 1.23139822e+00
    -2.48088241e-01 -6.20500445e-02 1.10898471e+00 1.29580069e+00
    1.52737021e+00 1.15872240e+00 -9.66220558e-01 4.04740572e-01
    -9.29726362e-02 -5.82441330e-01 1.90961766e+00 1.17814577e+00
    1.94377279e+00 1.03699303e+00 2.40534067e-01 1.59891629e+00
    -6.78195059e-01 2.33480990e-01 -1.84062064e-01 1.57459641e+00
    -7.56729722e-01 -5.12852907e-01 8.66402805e-01 1.93541551e+00
    6.72294736e-01 4.48136151e-01 1.83909249e+00 -6.02761149e-01
    -8.93801272e-01 9.26230431e-01 4.08659339e-01 1.87009811e-01
    -2.13755250e-01 1.51512361e+00 1.68484521e+00 1.64330173e+00
    7.78185368e-01 -4.46794033e-02 2.71599770e-01 1.27892160e+00
    1.15719807e+00 1.75725317e+00 2.67354608e-01 6.77265704e-01
    -6.75926208e-02 1.48522854e+00 1.38588965e+00 1.45304549e+00
    1.20053065e+00 -5.41751981e-01 9.49682415e-01 7.46793747e-01
    1.48606086e+00 5.98114073e-01 1.59636092e+00 -6.44144058e-01
    5.98046005e-01 -2.04981327e-01 -2.79036760e-01 1.73466456e+00
    1.63720453e+00 -4.60564494e-02 9.70067680e-01 3.35504591e-01
    5.18120944e-01 -9.18325484e-01 2.57430375e-01 1.61242223e+00
    -1.19363070e-02 -7.03008175e-02 6.34091496e-01 1.76732492e+00
    8.35959911e-01 1.49952602e+00 -8.51876259e-01 -5.66724718e-01
    4.82317507e-01 -6.88808441e-01 1.26436234e+00 1.87822318e+00
    -7.05952406e-01 -1.86753869e-02 -6.18073344e-02 1.63601828e+00
    1.63591135e+00 -2.41273046e-01 9.28787947e-01 1.18420124e+00
    4.22530293e-01 1.65626502e+00 3.53749752e-01 1.54926574e+00
    -3.59176159e-01 1.29570723e+00 -1.04019940e-01 6.25352979e-01
    7.93749928e-01 3.51753473e-01 -5.55669248e-01 1.78126335e+00
    1.64945853e+00 -3.55490446e-02 3.13385367e-01 -2.54457474e-01
    -9.12220776e-01 4.76959825e-01 -9.83141482e-01 1.82343483e-01
    1.58570898e+00 -8.99799347e-01 1.37304485e+00 1.77447450e+00
    4.69726443e-01 -8.33380222e-01 6.42598510e-01 1.75901759e+00
    -8.25883329e-01 -5.62296510e-02 9.71363783e-01 -8.49042058e-01
    2.72975564e-01 1.56632674e+00 5.87189138e-01 4.70477343e-01
    -5.70545316e-01 1.03954899e+00 -8.74748111e-01 1.33427894e+00
    6.68642759e-01 -4.67931867e-01 1.33486140e+00 -7.55155027e-01
    -2.26064444e-01 1.14692914e+00 -4.72021699e-02 1.32361567e+00
    1.27942133e+00 6.42372012e-01 1.40886688e+00 1.16296887e-01
    1.66971898e+00 1.87847185e+00 7.90141344e-01 7.88967073e-01
    -4.00936484e-01 -2.20686972e-01 1.70114028e+00 1.80323553e+00
    1.13620555e+00 -1.00369990e+00 -3.98170352e-01 6.78675890e-01
    1.93274379e-01 -9.95652258e-01 1.33982015e+00 5.29716611e-01
    5.39372206e-01 2.42202520e-01 4.07193780e-01 1.32423592e+00
    -1.01320553e+00 -3.80150735e-01 -3.83340895e-01 1.25375235e+00
    9.86932158e-01 1.84273851e+00 -4.11620021e-01 1.82631207e+00
    3.42896998e-01 1.25166035e+00 -8.70486021e-01 1.49068952e+00
    -7.83728838e-01 -6.56438351e-01 9.40049648e-01 3.94758224e-01
    1.74625552e+00 1.05382824e+00 1.71214414e+00 -2.35231757e-01
    -8.54615152e-01 4.67228413e-01 -6.66873932e-01 2.92297006e-02
    1.12733400e+00 1.97692370e+00 1.57115388e+00 -7.50204325e-02
    1.60454333e+00 -2.32224703e-01 1.08012021e+00 1.69249296e-01
    -7.43067980e-01 6.44941151e-01 -2.11849570e-01 1.16173971e+00
    1.66154408e+00 1.28520226e+00 -1.16702318e-01 1.99763072e+00
    -8.86355817e-01 1.15367651e+00 -1.29884601e-01 -7.01819777e-01
    4.48337436e-01 5.17673373e-01 3.20056319e-01 -8.82535160e-01
    9.88386095e-01 -8.82287025e-02 1.43483794e+00 -3.63914311e-01
    -2.40999460e-01 3.88715863e-02 -6.37006998e-01 6.29362345e-01
    1.20717931e+00 1.09268904e-01 -8.57322216e-02 1.54579568e+00
    9.08004463e-01 1.61268950e-01 -6.46920264e-01 1.45940018e+00
    -8.49140823e-01 1.39840865e+00 9.50398624e-01 -7.31548607e-01
    -6.16410017e-01 8.69991422e-01 -8.27651024e-02 1.01025867e+00
    -2.44004309e-01 -1.47142172e-01 6.88465893e-01 -1.02081418e-01
    -1.22509181e-01 -3.52807224e-01 9.46351647e-01 -7.98773885e-01
    1.07969022e+00 -7.08469987e-01 1.27458465e+00 1.61506641e+00
    5.83976388e-01 -3.02091062e-01 -2.48619795e-01 1.84120488e+00
    -3.01177204e-01 -3.32392573e-01 1.87508559e+00 1.69386578e+00
    6.22171283e-01 6.53593004e-01 1.14074564e+00 8.49151611e-02
    3.78675461e-02 -6.74710631e-01 -4.16469991e-01 1.50778651e-01
    1.00860381e+00 1.06665063e+00 1.17491436e+00 1.94214213e+00
    1.10545611e+00 9.25130486e-01 -1.04291439e-01 2.23904848e-01
    1.12576926e+00 -7.66859055e-02 1.67262769e+00 -3.07160914e-01
    -7.15123177e-01 2.96465039e-01 1.36394346e+00 4.44400012e-01
    7.84149885e-01 -6.38347387e-01 1.70486927e+00 1.32128096e+00
    1.04900777e+00 7.40692735e-01 7.16179490e-01 1.07184398e+00
    -8.98926198e-01 5.05144894e-01 2.49334335e-01 5.23551702e-02
    -3.27980220e-01 7.15908408e-01 1.09802866e+00 1.33591616e+00
    1.40683115e+00 1.75915015e+00 7.32767820e-01 6.35976195e-01
    1.65454674e+00 1.08562899e+00 1.51475918e+00 5.62729657e-01
    8.55871439e-02 1.83575344e+00 -3.80954444e-01 1.20092630e+00
    -8.08910787e-01 1.28319359e+00 -6.28890574e-01 1.65694451e+00
    9.94565845e-01 4.75970566e-01 1.78326714e+00 -8.27002883e-01
    -2.48824358e-01 5.28297544e-01 -7.93778419e-01 4.99338090e-01
    1.48804069e+00 5.35871267e-01 -7.67280340e-01 1.66334081e+00
    -6.13448143e-01 2.51327038e-01 1.85592103e+00 -6.01947308e-02
    8.43942940e-01 -6.52169704e-01 -7.61419892e-01 -3.15334976e-01
    -1.53256536e-01 -5.08756340e-01 1.93028891e+00 5.57736874e-01
    5.11671066e-01 4.08269405e-01 1.30371308e+00 1.04637742e+00
    1.55618548e-01 -3.76120806e-02 6.46779537e-02 3.79738808e-01
    9.67863560e-01 -6.27222180e-01 1.33180869e+00 1.19289517e-01
    1.29212499e+00 1.42559469e+00 -4.36193824e-01 4.83550787e-01
    -8.15098584e-01 -7.69349098e-01 1.44198573e+00 -1.73168123e-01
    4.34559822e-01 7.19097853e-01 -5.00396490e-02 1.43570685e+00
    1.33118451e+00 4.89808917e-01 -5.47376513e-01 1.33653581e+00
    1.02614343e+00 1.44391704e+00 3.83550763e-01 5.41901112e-01
    1.16512644e+00 -5.22189498e-01 1.58455813e+00 -8.01444054e-04
    -4.42434013e-01 -7.78184175e-01 -3.63059819e-01 1.78345191e+00
    -7.36075282e-01 1.21423221e+00 -5.73245287e-01 -3.73156428e-01
    1.85502219e+00 -5.64078867e-01 6.93089008e-01 -3.24919343e-01
    6.99622869e-01 1.51440442e-01 1.91734517e+00 4.07020211e-01
    2.34880030e-01 6.59994841e-01 -5.38262963e-01 8.32468271e-01
    1.69256556e+00 -3.50883126e-01 1.78587782e+00 1.97102308e-01
    -3.45619202e-01 1.73329878e+00 2.78662324e-01 1.54734790e-01
    1.35673654e+00 -1.62713110e-01 -6.11068845e-01 9.85095382e-01
    -7.63984919e-02 -4.25936460e-01 -9.79890049e-01 1.68955827e+00
    8.17373753e-01 9.13757682e-01 -2.77455151e-01 1.70813072e+00
    1.36376619e+00 -2.77509272e-01 9.04561043e-01 1.91041756e+00
    1.50779605e-01 1.14935899e+00 1.03123057e+00 -1.04295254e-01
    -3.29743505e-01 -6.95775747e-01 1.66702759e+00 1.23918450e+00
    2.33768344e-01 4.22801971e-02 1.05002093e+00 -3.49957883e-01
    -5.86358011e-01 -2.15624928e-01 1.19993091e+00 1.30031705e+00
    -2.74973214e-01 -5.51443994e-01 1.78648305e+00 -7.38222182e-01
    6.55709743e-01 9.20029163e-01 1.27953410e+00 4.72928762e-01
    -8.09261143e-01 -1.17806375e-01 1.72302866e+00 -7.40026712e-01
    4.11708951e-01 -3.42611134e-01 1.59272504e+00 9.05138552e-01
    3.96357536e-01 -2.33807862e-01 8.21040511e-01 -3.33627462e-01
    1.35127068e+00 -5.96200228e-01 7.44820833e-02 1.05313987e-01
    7.89792776e-01 1.52401030e-01 -3.83974016e-01 -8.79846811e-01
    1.20707035e+00 1.48353350e+00 4.09378648e-01 1.80477750e+00
    1.73221362e+00 -8.72686923e-01 1.82904625e+00 1.61956739e+00
    -1.16127729e-03 1.42944098e+00 1.45903397e+00 1.52394235e+00
    6.46690428e-01 -7.26420403e-01 2.75883496e-01 1.55280924e+00
    -2.53163338e-01 7.82546222e-01 8.39299798e-01 2.67832279e-01
    1.19893253e-01 -2.95216024e-01 -1.76374435e-01 -5.73048234e-01
    8.35106134e-01 1.40778756e+00 1.67075753e+00 9.65242505e-01
    -6.59634113e-01 1.12881899e-01 -9.24911499e-02 1.29791117e+00
    -4.27736640e-02 1.05054259e+00 1.85633802e+00 -4.31891680e-02
    1.76515639e-01 -4.56269622e-01 6.17452383e-01 1.59721160e+00
    1.21202135e+00 -3.90288323e-01 1.76658154e+00 1.80652285e+00
    -5.71168303e-01 2.76551723e-01 1.74044073e+00 4.74805415e-01
    -2.53423750e-01 -9.86930728e-02 -3.19571316e-01 7.43580341e-01
    1.92320681e+00 1.94566989e+00 -5.27464151e-01 1.65944028e+00
    1.42297173e+00 -5.12246490e-01 2.84984231e-01 1.17560327e-01
    1.09918797e+00 -6.50666714e-01 9.36262608e-01 -1.00136626e+00
    2.02580690e-01 1.23135650e+00 1.58450902e+00 1.41266537e+00
    6.64670348e-01 -3.70290279e-02 -2.83543766e-01 8.66074502e-01
    3.20082903e-03 8.89871716e-01 -5.19229293e-01 1.23857951e+00
    5.99909246e-01 -3.59813273e-01 2.19725549e-01 -8.00932050e-01
    1.64768517e+00 -1.46801353e-01 1.05094123e+00 9.96710300e-01
    1.10901427e+00 1.48575497e+00 -5.01385689e-01 -3.44644070e-01
    1.49847460e+00 9.24469233e-02 1.59123862e+00 -1.02557814e+00
    4.83101249e-01 -8.45251083e-01 9.69308496e-01 7.62912393e-01
    -9.84132469e-01 -2.55509794e-01 1.59454107e+00 -6.78745866e-01
    3.65175605e-01 1.61133277e+00 9.78381515e-01 7.69614220e-01
    1.99802697e+00 -7.14229465e-01 -8.37657690e-01 -1.75550282e-01
    7.80722916e-01 -8.40540349e-01 8.61924589e-01 -4.20275033e-01
    -4.12801862e-01 7.79265881e-01 1.07632303e+00 2.38944530e-01
    1.74276471e+00 1.76336741e+00 3.58622432e-01 1.07536912e+00
    4.47434425e-01 1.50624824e+00 2.73896456e-01 -6.24836683e-02
    -9.08216238e-02 -4.63174433e-01 1.37848449e+00 3.05927515e-01
    -6.00712776e-01 6.64520860e-01 1.21412325e+00 6.03521049e-01
    -6.29547179e-01 8.47416520e-01 -9.51946974e-02 -6.60665393e-01
    5.96696973e-01 8.36021304e-01 -2.51431286e-01 -7.76353598e-01
    1.17891228e+00 1.13899195e+00 1.44070613e+00 9.27637458e-01
    1.63336289e+00 7.47747302e-01 -2.99313605e-01 8.00676107e-01
    -5.66337347e-01 5.92715144e-01 -9.75906789e-01 1.71216583e+00
    -2.76676416e-02 1.54801846e+00 2.10076571e-01 7.18308687e-01
    8.61817718e-01 3.09222698e-01 -1.34396553e-02 1.37726045e+00
    -6.66157603e-02 1.43778574e+00 1.56825387e+00 1.83955252e+00
    -8.53657722e-04 1.16184092e+00 6.77214861e-02 8.00821185e-01
    8.28652740e-01 1.62641656e+00 2.96155334e-01 1.49809730e+00
    1.36058056e+00 1.45765400e+00 3.73355865e-01 7.65149951e-01
    1.03919554e+00 -3.25503170e-01 7.45879710e-01 5.18427968e-01
    1.14578438e+00 -1.26560211e-01 1.76735461e+00 7.30444074e-01
    1.55556345e+00 -3.63828361e-01 4.80322242e-01 4.13475871e-01
    1.30782413e+00 3.87945294e-01 1.53146386e+00 1.05679214e+00
    -8.73767734e-01 7.93291032e-01 5.94671726e-01 -3.40657115e-01
    1.25658989e-01 1.29608214e+00 -7.49921441e-01 -2.94431388e-01
    -4.92688000e-01 -5.63138604e-01 1.24521434e+00 -5.84438205e-01
    -4.83101726e-01 2.76814818e-01 5.13098836e-01 1.83487546e+00
    9.34100747e-01 1.76823044e+00 -3.63951981e-01 1.09627032e+00
    -9.77826536e-01 1.17496371e-01 3.18623066e-01 6.36508465e-02
    8.69939864e-01 1.16456962e+00 1.06737101e+00 1.25172412e+00
    1.76447880e+00 -4.01767015e-01 -7.88744032e-01 2.54824400e-01
    -5.03847599e-01 6.51609659e-01 1.27168512e+00 1.36166692e-01
    5.56284726e-01 -1.85644388e-01 -1.91445768e-01 -3.10118556e-01
    3.81848335e-01 1.09868681e+00 -8.86165857e-01 6.51372790e-01
    8.41225147e-01 9.98109281e-01 -8.59161139e-01 -2.49615431e-01
    -6.45098627e-01 -5.77765882e-01 1.46423614e+00 4.74896133e-01
    -4.61880267e-01 1.88074756e+00 4.35833752e-01 -6.71039224e-02
    2.18870068e+00 -4.50552016e-01 -2.96986550e-01 1.89305329e+00
    -4.78911996e-01 2.07703137e+00 1.32741427e+00 2.42226064e-01
    1.89088583e-01 1.06568646e+00 8.39693069e-01 4.02773738e-01
    9.20567155e-01 1.08238709e+00 -6.54367208e-01 -5.78656852e-01
    -1.02520168e-01 4.52719808e-01 -1.26711190e-01 -8.89974952e-01
    1.17278779e+00 2.91656017e-01 -2.49838769e-01 4.13042307e-01
    6.80868328e-01 1.50345743e-01 2.52813995e-01 -6.32699490e-01
    1.63586187e+00 -5.73588610e-01 6.97238505e-01 7.72976756e-01
    8.44959199e-01 -3.83655012e-01 3.02789807e-02 1.15667272e+00
    -8.50225985e-01 1.50094223e+00 2.80363619e-01 1.53691339e+00
    -3.39230895e-01 -3.01856935e-01 7.37059414e-01 3.40669572e-01
    -1.55016959e-01 7.52046764e-01 8.26619446e-01 5.09784877e-01
    2.96390474e-01 7.40239739e-01 1.21404278e+00 -2.19608009e-01
    -6.76120639e-01 1.15835130e+00 -3.43445301e-01 1.56864476e+00
    -3.68292868e-01 1.69094300e+00 9.67218220e-01 2.73939073e-01
    3.64115477e-01 -8.97061467e-01 1.96801126e-01 6.04211748e-01
    7.42711425e-02 -7.15090036e-01 -8.15802932e-01 1.02744031e+00
    1.52912509e+00 1.05686331e+00 9.04055297e-01 8.49435449e-01
    7.62625933e-02 1.78789330e+00 8.40179205e-01 1.18708217e+00
    -2.70451427e-01 8.93977761e-01 1.30389416e+00 1.06977201e+00
    1.70714664e+00 -1.07554317e-01 1.55416322e+00 -9.20563936e-02
    3.54039431e-01 -7.18823314e-01 1.15078568e-01 -2.32721686e-01
    1.29244709e+00 1.68583012e+00 9.09161448e-01 5.18835425e-01
    -4.52033341e-01 8.35657597e-01 2.18266249e-02 2.24412680e-01
    -2.72256136e-02 1.67412758e+00 1.12678969e+00 -3.51068676e-01
    1.02122688e+00 1.57186675e+00 -4.31526363e-01 4.44043159e-01
    -2.95975685e-01 9.86176133e-02 7.25479305e-01 -7.58026123e-01
    -1.63315237e-01 2.47138679e-01 -5.27780890e-01 5.36457777e-01
    9.81544912e-01 -8.31503928e-01 -4.17129755e-01 1.68859506e+00
    -3.35883558e-01 1.14806843e+00 9.89404619e-01 8.15933108e-01
    4.82993841e-01 6.35318160e-01 -6.14757895e-01 8.08868766e-01
    -2.96086073e-01 -2.68661022e-01 1.54205251e+00 -2.08713412e-01
    1.58821571e+00 -9.31650579e-01 -4.29041982e-02 1.44687653e+00
    -4.38687801e-02 1.06734920e+00 -6.94299877e-01 1.08105230e+00
    1.35559404e+00 -8.87087047e-01 1.38892376e+00 1.57865930e+00
    1.17323565e+00 1.85646629e+00 1.43190837e+00 6.87329412e-01
    9.07335758e-01 1.74895179e+00 8.10886502e-01 -8.30749393e-01
    7.77274847e-01 1.00033998e+00 -1.89126015e-01 1.50867260e+00
    -6.14200354e-01 -3.53456855e-01 2.58825898e-01 3.33255053e-01
    1.76268959e+00 1.54110742e+00 1.60626340e+00 1.76667821e+00
    1.66722703e+00 -8.67786705e-01 -7.57858157e-01 1.65823591e+00
    1.66355038e+00 1.85534680e+00 9.46152925e-01 7.55886436e-01
    -2.13377476e-01 6.05700850e-01 1.22416055e+00 8.75977635e-01
    -2.10085928e-01 1.93211865e+00 4.20473218e-01 1.15073335e+00
    1.47872281e+00 -5.60335279e-01 7.19324231e-01 1.74039054e+00
    1.69776881e+00 1.17913496e+00 1.17508686e+00 -1.40597105e-01
    1.58998513e+00 -8.98417294e-01 -5.67836285e-01 -2.74028420e-01
    -3.88229519e-01 3.54718089e-01 2.82865405e-01 5.28094232e-01
    5.77604771e-03 1.92841601e+00 1.70165384e+00 1.51933634e+00
    1.24702096e+00 -8.18066597e-01 5.80820501e-01 -7.55091608e-01
    1.10246277e+00 1.44052064e+00 -6.81913555e-01 9.77419019e-02
    1.93553996e+00 1.45230508e+00 2.19488740e-02 1.07998013e-01
    1.71123660e+00 1.67276406e+00 7.57940769e-01 1.32179368e+00
    1.31370068e+00 1.71938634e+00 4.36871409e-01 1.13789487e+00
    -6.44513667e-01 1.82767653e+00 -6.46531940e-01 -1.43730164e-01
    -4.53290522e-01 2.27159262e-01 1.81396270e+00 6.90957844e-01
    -7.12919831e-02 -3.98009658e-01 1.52475476e-01 1.93636179e+00
    -5.56241572e-01 -8.74449790e-01 -6.90667629e-01 2.96971500e-01
    -5.99191725e-01 1.33541918e+00 1.43182743e+00 4.39941704e-01
    1.49801850e+00 3.33914697e-01 -2.68620193e-01 4.67594028e-01
    9.07938838e-01 -1.58528090e-02 1.67863739e+00 1.45819139e+00
    6.93475544e-01 3.70024204e-01 1.08864856e+00 -8.09724331e-02
    1.12313247e+00 9.46002007e-02 -7.36310363e-01 1.02545071e+00
    9.41823304e-01 9.49369729e-01 1.26036000e+00 -3.07051837e-01
    9.66313064e-01 -3.68341357e-01 9.42230403e-01 -5.04896045e-03
    1.46872711e+00 2.05881000e+00 -6.27925992e-02 1.63040102e+00
    1.79920268e+00 5.04415870e-01 5.37657142e-01 7.46243954e-01
    3.21628451e-01 -6.23270988e-01 1.91621375e+00 1.43254626e+00
    6.52552962e-01 -9.90603805e-01 -4.07519221e-01 -5.85139453e-01
    4.10885811e-02 1.01804137e-01 5.59709787e-01 1.51176500e+00
    -7.35510111e-01 3.79125953e-01 1.45108676e+00 1.26273227e+00
    -6.85718894e-01 1.85314918e+00 1.02329004e+00 4.15424526e-01
    5.21097422e-01 1.08617878e+00 3.80713105e-01 2.14877903e-01
    1.24192667e+00 3.43084693e-01 3.40008736e-02 -3.14300120e-01
    -6.22750521e-02 1.33301914e+00 7.59732544e-01 -8.55882764e-02
    1.71518350e+00 2.08336115e-03 6.28237903e-01 -9.44024920e-02
    -6.90959096e-01 2.10436344e-01 -1.69188321e-01 3.92727673e-01
    1.99355483e+00 1.19400644e+00 5.42328656e-01 1.52866125e-01
    -3.69743705e-01 -7.04946995e-01 1.36319828e+00 -6.39919877e-01
    1.59591317e-01 -7.47826695e-01 -2.78292716e-01 2.00105357e+00
    8.02755773e-01 2.04127133e-01 -5.39247394e-01 -8.96885574e-01
    4.32195246e-01 -7.74843395e-01 -2.57803559e-01 1.13534808e-01
    1.55971766e+00 1.79958344e-01 -6.81608677e-01 -3.37706268e-01
    6.31327510e-01 1.12508762e+00 1.39872539e+00 1.66344476e+00
    -7.59005725e-01 1.02272570e+00 1.58012784e+00 -3.06960523e-01
    1.73061204e+00 1.44574046e+00 3.04755151e-01 -7.44411469e-01
    9.14578378e-01 -3.04455459e-01 1.96852922e+00 -9.60322618e-02
    -5.30742884e-01 1.76961207e+00 5.60058534e-01 -1.65815949e-02
    1.52724612e+00 -4.75419760e-02 1.81520593e+00 9.40109968e-01
    7.34984875e-03 -9.34937596e-01 -3.92316639e-01 -5.65417528e-01
    6.16728663e-02 1.23888826e+00 -1.97867095e-01 8.31707120e-02
    1.53306890e+00 3.69121075e-01 -4.07864571e-01 -5.91744542e-01
    5.84074318e-01 1.96561265e+00 4.43333268e-01 -7.44395256e-01
    1.53824914e+00 2.37001657e-01 -1.68508291e-03 7.39475071e-01
    -7.66966224e-01 2.84484386e-01 1.57114840e+00 -5.24243355e-01
    4.00321484e-01 1.84118032e+00 1.43692195e+00 -1.20495737e-01
    -7.77960479e-01 3.26265693e-01 -8.65361750e-01 -5.90151310e-01
    1.68851876e+00 -4.30396944e-01 2.50913322e-01 7.92776167e-01
    1.00877559e+00 7.12013364e-01 -5.10774016e-01 1.42803550e+00
    5.19518316e-01 -3.72287869e-01 1.57724333e+00 -7.29096770e-01
    4.01726961e-02 8.78967881e-01 7.43444443e-01 8.69366527e-01
    -1.01067543e+00 2.02862501e-01 8.01302195e-02 1.46650076e-02
    -5.03365993e-02 1.50269282e+00 -8.14805448e-01 1.83401644e+00
    -5.92492342e-01 6.17231846e-01 1.51211226e+00 -8.61546040e-01
    -9.78070676e-01 1.73598719e+00 1.08900905e+00 1.81647754e+00
    -2.04100728e-01 -5.69868743e-01 -1.20623529e-01 8.34447503e-01
    1.77405429e+00 -7.35160410e-01 8.53079081e-01 -5.03534675e-01
    -2.73166060e-01 -5.78626573e-01 1.17935598e+00 5.83153725e-01
    -9.68064249e-01 9.87714410e-01 4.18181419e-01 1.99432373e-01
    -9.21357512e-01 1.19438457e+00 -7.60589004e-01 9.97112989e-01
    1.71009350e+00 9.51210082e-01 1.83641613e+00 1.92124045e+00
    -3.58669907e-01 -5.66326380e-02 6.76096976e-01 -6.22206807e-01
    5.21744132e-01 1.35532498e+00 1.25262558e+00 -4.66177642e-01
    -6.83611035e-02 1.88382006e+00 1.67062497e+00 -8.26157808e-01
    -7.59452820e-01 4.33181465e-01 4.99347866e-01 1.78619409e+00
    5.27398646e-01 -5.06410003e-01 1.50321364e+00 1.00560629e+00
    -2.35502541e-01 1.74538779e+00 1.40687585e+00 1.59893382e+00
    1.36008513e+00 4.11232114e-01 -5.68525612e-01 -2.18598127e-01
    1.44454622e+00 1.33004034e+00 3.52994204e-01 -4.46670175e-01
    -3.96525860e-03 1.98615384e+00 8.52162421e-01 3.18288684e-01
    6.18978620e-01 1.38211644e+00 1.49023318e+00 -8.58921885e-01
    9.62972641e-02 7.56457388e-01 1.50513613e+00 9.84407663e-02
    1.28874421e+00 -6.67153001e-02 7.59505510e-01 -4.47168887e-01
    -4.93632495e-01 1.18850768e+00 1.89666820e+00 -9.79318619e-01
    6.18106127e-01 1.75416076e+00 1.81203151e+00 1.71980762e+00
    9.66186762e-01 1.59202337e+00 1.69589877e+00 1.81815910e+00
    -8.01109910e-01 1.02491593e+00 1.65956259e-01 3.37503314e-01
    1.43006611e+00 -2.14147568e-02 1.33980179e+00 3.34042549e-01
    -1.73478544e-01 7.76013136e-01 1.28706169e+00 -2.55058736e-01
    -3.80996436e-01 3.44697475e-01 1.50055933e+00 1.00175762e+00
    2.15416312e-01 1.18310726e+00 8.51301074e-01 -3.32364559e-01
    6.85615242e-01 2.32677400e-01 4.50131893e-02 -9.34789896e-01
    1.37812936e+00 6.19229555e-01 1.35178697e+00 1.32168210e+00
    7.88226724e-01 1.26749742e+00 1.29889071e+00 1.06761396e+00
    1.23766196e+00 6.02040887e-01 2.71118820e-01 -4.06092525e-01
    -1.59871757e-01 1.76219416e+00 1.09233391e+00 1.07314324e+00
    3.62448514e-01 3.76739502e-02 5.58170080e-01 -7.12875545e-01
    1.46300375e+00 -1.02368832e-01 -7.06241012e-01 9.72534776e-01
    1.52795100e+00 1.53631878e+00 1.06085157e+00 -2.12760508e-01
    -6.41666949e-01 1.14216936e+00 1.19797349e-01 1.56417871e+00
    6.91770971e-01 -1.37398660e-01 -7.59828389e-01 -5.79189301e-01
    4.40999866e-02 1.81582069e+00 1.00846767e-01 5.94517171e-01
    1.40974832e+00 -1.79330230e-01 3.05220187e-01 -3.69902492e-01
    4.61051047e-01 1.88235795e+00 -6.30103409e-01 1.52617502e+00
    1.64652205e+00 1.60220933e+00 5.17726541e-02 1.14009953e+00
    1.09033120e+00 1.05288565e+00 -7.66116381e-02 1.34297478e+00
    -4.72433686e-01 4.61564362e-01 2.39305377e-01 -3.75403762e-02
    1.44606447e+00 1.30752921e+00 -4.22700346e-01 -9.39305425e-01
    8.06740224e-01 7.31970251e-01 -2.38663018e-01 -3.98597836e-01
    -4.18657124e-01 1.89604938e-01 1.30057526e+00 3.11910748e-01
    1.33462667e+00 5.72177172e-02 -4.52978611e-01 9.05821025e-01
    -7.67370820e-01 5.08691609e-01 -9.20005441e-01 1.72345972e+00
    1.26734161e+00 1.40883243e+00 -1.02318013e+00 8.95492673e-01
    4.28133726e-01 -2.23881841e-01 1.64143062e+00 -8.05399358e-01
    1.28293717e+00 7.58699238e-01 -7.41051793e-01 1.36992788e+00
    -5.75800061e-01 1.83718812e+00 6.64084077e-01 -1.35764122e-01
    5.09181082e-01 2.98222363e-01 -6.20903552e-01 5.80514967e-01
    2.69801021e-01 -8.44159305e-01 7.74759650e-01 2.24904418e-01
    -8.83944690e-01 -3.78455818e-01 1.85023856e+00 4.51730490e-01
    1.44440937e+00 1.22022223e+00 1.72847295e+00 -7.15656519e-01
    6.37841940e-01 7.16620445e-01 -9.53416884e-01 1.15073371e+00
    1.55532241e+00 -6.22203588e-01 6.28669024e-01 1.17632318e+00
    9.88048375e-01 -3.54642510e-01 1.03182936e+00 1.99765778e+00
    -4.82639045e-01 -3.44282448e-01 1.77273512e-01 9.13193166e-01
    -6.58781528e-02 1.13893580e+00 1.42848921e+00 7.74509668e-01
    -5.26573300e-01 1.72758162e+00 1.40311444e+00 -1.09683657e+00
    8.45223069e-01 1.58433080e+00 1.80117404e+00 1.11239481e+00
    3.86846066e-03 -5.07190466e-01 1.37859750e+00 -4.71360177e-01
    5.75808465e-01 1.44958508e+00 1.11797452e+00 1.27577019e+00
    6.58304691e-01 1.30281186e+00 -1.13893032e-01 3.90915871e-02
    2.73507118e-01 5.78671455e-01 1.05218923e+00 -1.12161875e-01
    -9.03570652e-01 -4.97471571e-01 -2.77885377e-01 1.91150784e-01
    1.17533827e+00 1.09350538e+00 8.06781054e-02 -1.23535216e-01
    3.74836087e-01 -9.65486765e-01 1.02867508e+00 1.95687866e+00
    -3.35130990e-01 -4.73973572e-01 -8.27440500e-01 2.38215744e-01
    3.62449229e-01 -6.71656966e-01 -6.25889003e-01 -6.07065916e-01
    -7.76942909e-01 1.71757281e+00 2.25554705e-01 -1.17295206e-01
    5.55527151e-01 -8.28425765e-01 1.22426414e+00 -4.10963327e-01
    -5.95491886e-01 5.18811285e-01 -5.25606513e-01 6.42910600e-02
    -4.77483273e-02 1.21890604e+00 -6.27447486e-01 2.26577878e-01
    -4.41961586e-01 6.72668099e-01 6.43204212e-01 1.66148925e+00
    1.65296316e-01 1.27027071e+00 -3.06891382e-01 1.19348693e+00
    -3.20340037e-01 -6.39312506e-01 1.82743549e-01 1.51321137e+00
    -7.63903677e-01 -6.70857430e-02 7.11870790e-02 -5.89059591e-01
    1.61407828e+00 -2.88570523e-01 -9.01287258e-01 -2.42578864e-01
    1.80541301e+00 8.01149666e-01 1.16243315e+00 1.75277174e-01
    1.89180231e+00 2.37540722e-01 7.79943228e-01 -4.01571214e-01
    1.80314302e-01 1.13163209e+00 1.14635384e+00 1.42907190e+00
    6.35366678e-01 6.78588271e-01 1.03453040e+00 1.52825403e+00
    -4.76291806e-01 -8.63978803e-01 6.94839180e-01 -6.86773539e-01
    2.29791582e-01 -6.01028800e-02 1.57183886e+00 -5.53744435e-02
    1.04212821e-01 -1.99922323e-01 7.77624190e-01 1.47591233e-02
    -2.06559360e-01 1.81486607e+00 -2.52139866e-01 1.79019737e+00
    2.20561576e+00 -2.21715450e-01 2.03400016e+00 2.60400116e-01
    3.72164130e-01 2.33988762e-01 -7.57622838e-01 -6.90904856e-02
    -4.22003269e-01 1.42368889e+00 1.37742949e+00 6.77491486e-01
    1.14683509e-01 1.52945411e+00 1.06755567e+00 1.67718494e+00
    1.81997466e+00 -4.08436775e-01 -2.45109081e-01 -2.68785596e-01
    1.62010205e+00 -4.41686809e-01 5.04052699e-01 1.02706361e+00
    -3.23532522e-01 1.65975130e+00 1.22777438e+00 -3.39449823e-01
    -5.39077640e-01 -3.40321064e-02 -6.85410500e-01 1.91584480e+00
    4.50864613e-01 -6.83305264e-02 7.37121940e-01 1.90098822e+00
    2.62645483e-02 3.06760311e-01 -9.80529785e-01 -2.79434323e-01
    -1.51919663e-01 9.31143045e-01 -2.05259085e-01 -2.36942172e-01
    -3.83209765e-01 5.55848658e-01 -4.59425360e-01 1.46925950e+00
    1.12727702e-01 1.84282541e+00 1.82515693e+00 -3.68910730e-01
    1.73828411e+00 -4.89598274e-01 8.37730289e-01 -8.69977593e-01
    7.53522635e-01 1.29497075e+00 1.47841573e+00 -4.16028500e-02
    1.83114767e+00 -7.09151268e-01 1.75168347e+00 -5.06426275e-01
    9.13625479e-01 1.62483037e+00 7.64592588e-01 -1.77769661e-02
    2.01816440e-01 2.29694307e-01 9.88904297e-01 2.70201802e-01
    2.87115872e-01 1.02021790e+00 -7.79278398e-01 1.55616653e+00
    -6.33936226e-01 1.24241531e+00 1.35813057e+00 -7.28846192e-02
    1.28572822e+00 1.34482944e+00 1.55863202e+00 1.82868814e+00
    -6.87682331e-01 -2.33136117e-01 1.55183768e+00 9.58090782e-01
    4.03779745e-01 7.23760486e-01 -2.21729100e-01 -4.81291950e-01
    1.08124101e+00 5.95997691e-01 -5.57695270e-01 1.55126548e+00
    1.15271139e+00 4.00677919e-01 1.33834147e+00 4.90640104e-01
    2.90585458e-01 1.68106210e+00 -2.75713086e-01 1.12314987e+00
    1.95502806e+00 1.71966434e+00 -1.90107286e-01 1.67981052e+00
    -8.02673995e-01 1.06891453e-01 1.43961596e+00 8.78039300e-01
    -8.59456539e-01 1.77315283e+00 -6.88702345e-01 1.43409777e+00
    2.76845396e-01 1.06880045e+00 1.30448925e+00 -6.12156630e-01
    -9.52673852e-01 6.48216844e-01 1.60450935e-02 3.83733392e-01
    1.15873301e+00 1.18056965e+00 4.29804444e-01 1.95977867e+00
    7.18594015e-01 -3.19243133e-01 2.42768824e-01 -6.11220598e-01
    1.00619268e+00 5.02317190e-01 -3.41664493e-01 -5.35699010e-01
    1.58476543e+00 1.48567176e+00 4.07273769e-01 9.51674581e-02
    -5.78513563e-01 4.51799631e-02 1.25026083e+00 1.75748575e+00
    5.65493107e-01 1.54791403e+00 1.08893597e+00 9.85163212e-01
    1.17968273e+00 1.03436613e+00 1.42983294e+00 9.60153580e-01
    8.18068087e-01 -5.71723044e-01 -5.11193216e-01 -3.74062657e-02
    -6.18842483e-01 2.37896442e-02 7.41840780e-01 -9.05365884e-01
    -2.40384161e-01 7.33978570e-01 1.18011534e-01 3.97461057e-02
    -2.74653673e-01 -9.16827381e-01 8.09577942e-01 1.35252249e+00
    1.71067524e+00 1.45246959e+00 1.15497565e+00 7.36518025e-01
    2.74939895e-01 1.30050707e+00 -9.98871326e-02 2.12244153e-01
    5.20038247e-01 1.10260522e+00 1.91298461e+00 1.92814541e+00
    4.97348368e-01 -4.82283652e-01 -7.26258099e-01 1.44191813e+00
    -3.04912627e-01 8.32842708e-01 5.58858812e-01 4.91060972e-01
    2.71889746e-01 2.56012082e-02 -8.39232922e-01 1.76734483e+00
    3.18932235e-01 1.70544910e+00 5.59185863e-01 -4.26652014e-01
    4.00403738e-01 1.20376265e+00 3.15920293e-01 -1.05082989e-04
    3.86130452e-01 4.00641978e-01 3.16031396e-01 7.33394623e-02
    1.25002885e+00 9.72194672e-01 8.77556682e-01 5.11790991e-01
    1.01965296e+00 1.30901289e+00 1.07427776e+00 2.88226604e-01
    1.80093944e+00 1.74886298e+00 -6.89479351e-01 4.85427737e-01
    -9.74239290e-01 2.54415393e-01 -5.48959315e-01 1.55682385e+00
    4.17073369e-02 7.08869755e-01 3.66522968e-01 8.70731890e-01
    -4.23860371e-01 -1.65604532e-01 2.48231292e-02 -9.88230646e-01
    3.99995685e-01 6.14995718e-01 1.75616193e+00 3.98447633e-01
    8.11627150e-01 1.20324600e+00 -1.00462723e+00 6.91995502e-01
    -3.60977948e-01 -9.65144992e-01 -3.43998492e-01 1.90490127e-01
    3.40268552e-01 1.32712364e+00 -7.98372030e-01 -6.50746167e-01
    1.13183236e+00 1.45127475e-01 6.34092391e-01 1.44611847e+00
    -5.28394639e-01 3.96059334e-01 -8.78666520e-01 2.00601983e+00
    -1.32334352e-01 2.73327649e-01 -5.57051361e-01 1.36709487e+00
    -6.85952306e-02 1.33239567e+00 3.26251030e-01 1.25732481e+00
    1.15378964e+00 -7.57715166e-01 2.36577332e-01 1.60254300e-01
    1.92163289e+00 -1.28840387e-01 1.18064356e+00 1.56967354e+00
    -2.00636148e-01 1.81270576e+00 -9.02425766e-01 -4.72016871e-01
    -2.14616537e-01 5.79231262e-01 -1.35905385e-01 1.50197542e+00
    9.34475422e-01 9.99471784e-01 -2.09949791e-01 1.59882903e-01
    1.18174982e+00 -2.26969182e-01 1.39442825e+00 2.56384075e-01
    1.05536115e+00 7.60993958e-02 1.34359241e+00 9.61812377e-01
    4.39865887e-01 -9.48415995e-01 1.64541280e+00 7.54537940e-01
    1.65785277e+00 1.45252836e+00 1.60563910e+00 3.13321888e-01
    1.64740372e+00 1.67938972e+00 -4.33989942e-01 -3.91962618e-01
    1.12349224e+00 -5.41881919e-01 -8.09790373e-01 4.96311784e-02
    9.74773109e-01 1.61604226e-01 9.43710566e-01 1.37008309e-01
    5.16835988e-01 1.77547336e+00 7.81341791e-01 9.39937830e-02
    1.49897385e+00 -3.58676553e-01 7.42117167e-01 -8.41909349e-01
    -2.22007036e-02 1.96761465e+00 -8.20661306e-01 1.63185072e+00
    5.68438768e-01 4.78258491e-01 7.60088623e-01 -3.76786828e-01
    4.18388844e-01 1.29696047e+00 4.53872323e-01 7.96970367e-01
    -9.47192669e-01 1.01882529e+00 6.43487930e-01 7.57038951e-01
    6.86405241e-01 4.93906736e-01 -6.21588469e-01 -5.49894333e-01
    -1.67186856e-01 -4.21875805e-01 -7.07832098e-01 -6.09835386e-01
    3.32984805e-01 9.02999759e-01 1.69559658e-01 7.33762085e-01
    -5.12682080e-01 2.70558178e-01 1.91890037e+00 1.40631413e+00
    5.59081912e-01 1.43294394e+00 -1.97143376e-01 1.74656200e+00
    2.56385446e-01 8.10099185e-01 -8.05962563e-01 5.01807928e-01
    1.83969426e+00 -2.48205543e-01 5.71203113e-01 1.14073455e+00
    -5.33967257e-01 -7.66869903e-01 1.50289893e+00 3.83492768e-01
    9.96570587e-02 -5.02183497e-01 -6.18641317e-01 7.14564979e-01
    1.04128182e+00 7.52773643e-01 8.65461707e-01 5.33743560e-01
    -1.66257620e-02 1.50244594e+00 2.36460924e-01 6.78510189e-01
    4.64781404e-01 9.35597539e-01 7.18337655e-01 1.31613195e+00
    3.46293211e-01 -3.50351274e-01 1.20135450e+00 1.68120539e+00
    2.31605351e-01 9.99505997e-01 -5.24760842e-01 9.03654397e-01
    -1.56514227e-01 9.73001122e-02 -1.36530519e-01 -8.03181291e-01
    -3.14350545e-01 5.56389689e-02 -6.38661623e-01 3.35381329e-01
    -5.44961691e-01 -2.16322482e-01 1.21183133e+00 1.76933885e+00
    1.72750533e+00 2.31186628e-01 -4.58750844e-01 8.39282155e-01
    -2.66343355e-01 -8.10417056e-01 2.85307407e-01 5.48639655e-01
    1.53140020e+00 -9.45757627e-01 1.41805649e-01 -4.13475037e-01
    -1.95552468e-01 4.35090244e-01 -2.88819432e-01 4.50804591e-01
    -4.08617795e-01 -8.64502668e-01 -3.29738677e-01 2.02666068e+00
    1.22004867e-01 -8.92571270e-01 -8.76971841e-01 9.93601024e-01
    -4.95480180e-01 1.60643291e+00 2.27388740e-01 1.77262175e+00
    1.11894584e+00 7.30975866e-01 8.70086312e-01 3.45667481e-01
    -2.99136817e-01 1.38950467e+00 1.27368498e+00 -2.81755090e-01
    5.24026871e-01 -1.48219943e-01 1.66130733e+00 -4.77020711e-01
    -6.75411165e-01 7.79699266e-01 1.19074202e+00 1.58112884e+00
    -8.52380991e-01 1.75824761e+00 8.02968800e-01 1.45542562e+00
    3.74581277e-01 1.20791364e+00 -4.05986607e-01 1.65953839e+00
    -1.81849599e-02 -5.18925965e-01 7.88081527e-01 -5.38650751e-01
    -8.85999322e-01 1.36918950e+00 -5.80643296e-01 -2.52853453e-01
    1.83805776e+00 -5.86921990e-01 1.47136450e-02 3.59579802e-01
    1.85108066e-01 1.38491201e+00 9.11408782e-01 -5.49246669e-01
    1.74157548e+00 5.15881777e-02 8.11661243e-01 1.76347482e+00
    -3.42236996e-01 1.54017854e+00 1.39690685e+00 3.27677488e-01
    8.21732581e-01 1.33542514e+00 9.86866653e-01 -1.25137091e-01
    9.01668310e-01 -1.68246150e-01 1.35271358e+00 8.17680478e-01
    1.61117780e+00 1.44262671e+00 1.39863884e+00 9.45167422e-01
    -6.95919991e-02 1.41136968e+00 6.77345991e-01 -4.60744023e-01
    1.69365692e+00 1.13149631e+00 -7.78694272e-01 1.21834600e+00
    1.17201924e-01 1.47345734e+00 -5.38908422e-01 1.51557767e+00
    -7.71509886e-01 1.90616035e+00 1.71770811e-01 -3.04369271e-01
    -4.39786971e-01 1.63742995e+00 -6.75722361e-01 1.31703067e+00
    -7.05920219e-01 1.22615743e+00 1.00012398e+00 -6.07967079e-02
    1.73379266e+00 -5.35089731e-01 1.43213534e+00 -1.14859223e-01
    -5.15890718e-02 1.25643373e-01 -2.26291716e-01 1.03399515e+00
    -4.56457138e-02 1.04603064e+00 4.92089391e-02 -9.10715342e-01
    -5.33361673e-01 -6.38127327e-04 6.69615030e-01 -4.42946613e-01
    1.88422322e+00 3.05499911e-01 9.76491570e-01 1.51934230e+00
    -6.79724455e-01 -6.98530197e-01 -5.97931743e-01 -6.49798751e-01
    -9.19685721e-01 8.19482803e-01 1.60184920e+00 1.54104376e+00
    1.00350380e+00 1.87542319e+00 1.86993897e-01 -7.35634387e-01
    1.40555859e-01 -7.91501939e-01 1.62883711e+00 7.96534657e-01
    1.02560437e+00 -2.27704108e-01 8.52122068e-01 1.31239402e+00
    -4.53425646e-02 1.98201990e+00 1.43735075e+00 1.43836462e+00
    -1.06342018e-01 -3.20878327e-01 1.06608307e+00 6.46567047e-01
    4.81591821e-02 1.22271919e+00 -6.75245762e-01 6.68460071e-01
    -2.42830575e-01 6.55459225e-01 -8.82777572e-02 1.83903444e+00
    -1.65677190e-01 1.26705980e+00 5.92916787e-01 -1.03215814e-01
    -5.35624504e-01 7.01035202e-01 5.12459934e-01 1.01908422e+00
    1.41061699e+00 2.61175096e-01 -4.65667874e-01 -2.67245948e-01
    -4.09590989e-01 1.88475299e+00 8.02663445e-01 4.75143075e-01
    -6.55108571e-01 -1.62590623e-01 1.44476676e+00 1.22046065e+00
    1.91379189e-02 6.96343184e-02 6.46437764e-01 1.41616762e+00
    -6.54180825e-01 1.65109646e+00 3.94099236e-01 -7.11400390e-01
    1.65991235e+00 1.68952203e+00 1.79238725e+00 9.35585380e-01
    -5.65388441e-01 8.73520017e-01 3.98862004e-01 1.45972848e-01
    1.33843827e+00 9.87119436e-01 -5.54174662e-01 -6.33736670e-01
    1.65594685e+00 -5.61520159e-01 1.32159376e+00 1.95321178e+00
    -5.11665583e-01 1.80949783e+00 1.51462507e+00 -4.64064062e-01
    1.86265206e+00 5.28819740e-01 -3.05880606e-01 1.71575785e+00
    1.84587884e+00 1.02825367e+00 1.21154308e+00 -4.32046652e-01
    -4.64592576e-01 2.06313074e-01 1.08214378e-01 5.49923897e-01
    1.52425265e+00 1.27277756e+00 1.32585835e+00 -8.16825747e-01
    1.28753448e+00 1.11515403e-01 1.17099142e+00 1.19954002e+00
    4.58165526e-01 1.62480330e+00 3.02787781e-01 1.14139438e-01
    -4.53408718e-01 8.69555771e-01 -4.63928401e-01 1.68084049e+00
    1.91260934e+00 3.19360197e-01 1.73020363e+00 1.44173980e+00
    -4.27460372e-01 1.97280872e+00 8.28585744e-01 -8.03102255e-01
    -2.89771914e-01 -2.91637778e-01 1.49102545e+00 1.52033663e+00
    -9.48735595e-01 9.76955771e-01 1.88460112e-01 -1.60907567e-01
    2.19417572e-01 -3.89492273e-01 1.90799356e+00 -6.53019130e-01
    1.78723609e+00 1.61704481e-01 5.11221051e-01 1.68222809e+00
    1.37063837e+00 -4.65810716e-01 7.26951182e-01 1.77177835e+00
    -5.26250124e-01 1.53336942e-01 1.25686979e+00 1.40217185e+00
    7.18547046e-01 1.82174170e+00 7.03398108e-01 1.80095744e+00
    1.22523665e+00 -7.54765451e-01 8.09748650e-01 1.17605996e+00
    1.33127570e+00 1.75189972e-03 -1.36112690e-01 1.16821373e+00
    -5.82283080e-01 -3.13621104e-01 -3.20015132e-01 8.80191624e-01
    6.33455873e-01 -4.45655018e-01 1.62994635e+00 1.09649503e+00
    -5.53211868e-01 9.61347818e-02 4.96908665e-01 -1.64213777e-01
    1.30255270e+00 -2.53454626e-01 -1.30256116e-01 1.56607711e+00
    2.22187042e-01 4.16921437e-01 6.66127861e-01 -5.74729562e-01
    -5.83613873e-01 1.31439090e+00 5.05233407e-01 1.61889112e+00
    6.82553053e-02 1.65783739e+00 -4.85704541e-02 -8.43637109e-01
    1.48069882e+00 -6.00253940e-01 5.37095547e-01 1.66940689e-02
    6.56268120e-01 9.74484682e-01 -6.11413598e-01 1.27881336e+00
    1.35054779e+00 -1.24452710e-01 1.70845520e+00 1.04822743e+00
    -2.57254004e-01 3.01052094e-01 1.79574060e+00 1.87765574e+00
    -2.01062143e-01 1.34285951e+00 -6.03898644e-01 -2.56488442e-01
    -5.44927120e-01 7.12354779e-02 6.53348863e-01 1.89491045e+00
    -5.91242313e-02 9.79405522e-01 -5.78702033e-01 8.54028225e-01
    3.08113813e-01 1.34368432e+00 3.89091492e-01 1.94030285e-01
    1.09508967e+00 -2.56205440e-01 -6.25003457e-01 2.61626422e-01
    -7.03697801e-02 1.86511314e+00 -7.82943249e-01 -6.71567261e-01
    1.92504942e-01 4.46684480e-01 9.57715750e-01 1.69151664e+00
    1.08690631e+00 1.45345342e+00 1.90718126e+00 -4.59299684e-01
    5.81739545e-01 1.60275471e+00 3.94525111e-01 8.24564099e-01
    1.74040318e-01 1.31963801e+00 1.33357394e+00 9.68585372e-01
    5.35109520e-01 1.32904530e+00 1.59901381e-02 1.16004705e+00
    9.96986449e-01 1.11750007e+00 -7.00854957e-01 -2.84364223e-01
    1.34441411e+00 4.60128784e-01 9.91957784e-01 1.49652922e+00
    5.91636062e-01 -1.21080875e-03 -1.73206329e-02 1.78595400e+00
    1.49386466e+00 1.14418113e+00 5.42063713e-02 1.18513799e+00
    1.30280244e+00 -5.86400270e-01 -6.09147012e-01 -6.58060968e-01
    -2.94191837e-01 -3.43628168e-01 1.83305430e+00 -6.09098375e-01
    1.91512632e+00 1.77649760e+00 -4.13808584e-01 1.82928681e+00
    1.09286618e+00 1.56247973e-01 1.68638515e+00 -2.60166526e-01
    -9.67397690e-01 -3.59830558e-01 -1.87196851e-01 2.00114191e-01
    -4.54467028e-01 -5.77179670e-01 1.32270718e+00 1.83478308e+00
    7.91763127e-01 -8.44237208e-01 1.67821705e-01 3.21299851e-01
    -5.51151872e-01 -2.35194385e-01 -7.00251997e-01 3.50682855e-01
    1.65222633e+00 1.65302527e+00 -5.62803030e-01 1.48286581e-01
    4.25720274e-01 1.22228026e-01 7.69782126e-01 1.48681021e+00
    1.47229671e-01 -7.17719793e-01 6.85121834e-01 -5.87369084e-01
    1.02405465e+00 1.55509639e+00 -6.37436330e-01 -4.87475753e-01
    8.41624677e-01 -7.46120691e-01 1.46139860e+00 2.56638408e-01
    1.80062222e+00 -5.48887372e-01 -7.30102062e-01 1.42265642e+00
    1.17096245e-01 6.01229072e-02 -3.34059000e-01 1.09292650e+00
    3.97170722e-01 -1.25688791e-01 -1.32601440e-01 9.09787893e-01
    1.52725530e+00 -4.97435421e-01 4.64110851e-01 1.52211666e+00
    -6.40450358e-01 -5.32221794e-01 3.33497405e-01 -9.70548570e-01
    -4.86169457e-01 -4.57143784e-02 1.07784557e+00 5.12351215e-01
    -3.09902430e-01 1.49169421e+00 4.82999623e-01 1.19807863e+00
    -8.58839691e-01 4.15384173e-01 -4.08214211e-01 -1.63588226e-01
    1.63957918e+00 1.78514922e+00 1.70973337e+00 1.93093157e+00
    -5.01914978e-01 -2.17307568e-01 1.35903287e+00 -9.51551497e-01
    6.11633778e-01 -1.99579060e-01 2.85165310e-02 1.03894985e+00
    1.67599261e+00 6.71404600e-02 -3.20997655e-01 1.34649158e+00
    1.35722756e+00 1.01558149e+00 1.63802230e+00 5.04204631e-01
    -6.22465491e-01 8.64959836e-01 6.92135990e-01 1.23545825e-01
    -4.00405169e-01 1.16413879e+00 4.30112720e-01 -6.09762073e-01
    9.71822202e-01 2.54879177e-01 1.37917066e+00 -5.24654746e-01
    -2.20529675e-01 1.89076173e+00 1.51703000e+00 1.79946244e+00
    1.12902403e+00 -4.09121394e-01 1.50219595e+00 -6.16806269e-01
    1.94160593e+00 4.65247393e-01 -5.24896979e-02 6.56646490e-03
    1.33935833e+00 5.60102642e-01 3.70871305e-01 1.70657706e+00
    7.30099499e-01 -2.13150322e-01 1.28878355e-01 1.33681965e+00
    1.51023674e+00 -3.43976080e-01 -3.38023305e-02 3.63951206e-01
    -5.24403811e-01 7.64216661e-01 5.28594494e-01 3.49211037e-01
    1.50405931e+00 -9.28620577e-01 7.41296172e-01 5.38998485e-01
    1.93473339e-01 -1.93801105e-01 1.81586266e-01 -6.40060782e-01
    1.96628046e+00 -3.37001026e-01 1.03332567e+00 -5.34716845e-01
    1.00858736e+00 2.83140182e-01 -2.45960712e-01 8.72687280e-01
    2.52118468e-01 1.70736289e+00 1.99929452e+00 8.25863183e-01
    -7.74953961e-01 1.95424223e+00 -4.11005557e-01 -8.44367981e-01
    1.11657739e+00 1.12922311e+00 -4.52606022e-01 -8.63464713e-01
    1.92443299e+00 7.22433746e-01 1.93583059e+00 5.94836175e-01
    1.38269639e+00 -7.40408897e-03 7.21825421e-01 -5.35242915e-01
    -4.84292597e-01 1.32139897e+00 1.03256750e+00 7.00418353e-01
    1.73604512e+00 -4.69222248e-01 -2.83880115e-01 1.78355086e+00
    -1.17247224e-01 1.70565939e+00 -9.06592548e-01 4.27641749e-01
    1.10800135e+00 1.21666121e+00 1.13123703e+00 -7.84675658e-01
    1.55502594e+00 1.62551165e+00 4.24256206e-01 9.63794351e-01
    -3.19883764e-01 1.10207653e+00 -8.55128944e-01 7.05234408e-01
    1.84570670e-01 1.46672356e+00 7.57413626e-01 2.31451631e-01
    7.68945217e-01 4.00175095e-01 -6.57395720e-01 5.84199429e-02
    1.83816218e+00 -8.26663613e-01 1.55155385e+00 1.12185276e+00
    7.68325031e-01 -1.55678570e-01 1.70561028e+00 -5.51454425e-01
    1.38528109e-01 1.64569950e+00 -1.33575201e-02 9.51393247e-01
    1.48776150e+00 2.49730349e-01 1.53396571e+00 1.03358364e+00
    1.06530118e+00 9.05037880e-01 1.97296810e+00 6.04022503e-01
    7.15791106e-01 1.45730829e+00 8.50552142e-01 -7.78925061e-01
    1.03248680e+00 1.46695864e+00 -7.06607103e-02 -8.69211555e-01
    8.31469893e-02 -5.98716617e-01 1.55263340e+00 1.82045388e+00
    8.24207127e-01 9.24995065e-01 -3.91210914e-02 1.74559593e+00
    1.24454737e-01 -6.32508755e-01 1.84165406e+00 -1.12570703e-01
    8.35491657e-01 8.36687446e-01 1.76323354e+00 1.38219392e+00
    7.45055437e-01 3.75392199e-01 -7.11558700e-01 2.10904300e-01
    5.98985970e-01 3.65144670e-01 -3.40774059e-01 3.80142987e-01
    1.12885737e+00 -2.11537898e-01 3.52458358e-01 -6.96081281e-01
    -2.71157324e-01 -8.54144096e-01 5.61575055e-01 1.52586007e+00
    -2.41133571e-01 -3.11556220e-01 -5.09395957e-01 6.29790425e-01
    -7.14146972e-01 2.68897057e-01 6.18900657e-01 1.11457694e+00
    1.83785295e+00 -5.27548909e-01 -9.29775655e-01 -8.63679051e-01
    7.08551049e-01 7.31102586e-01 1.68292415e+00 1.02040040e+00
    6.97478890e-01 1.13200927e+00 3.52680981e-01 3.48376453e-01
    1.84796703e+00 8.59134078e-01 5.24207354e-02 1.28349698e+00
    1.43693399e+00 8.29017580e-01 -6.13411069e-01 1.51323736e+00
    8.61792386e-01 -7.87994504e-01 6.37335479e-01 1.06732750e+00
    -5.58514893e-01 1.09053874e+00 1.46797276e+00 6.38271332e-01
    1.48418903e+00 1.47206974e+00 3.16160858e-01 1.79338932e+00
    -4.63650495e-01 1.20497513e+00 -1.32737637e-01 8.38178933e-01
    5.88471830e-01 1.18686843e+00 -8.75791371e-01 3.80012274e-01
    1.93021274e+00 -7.79164791e-01 -9.83568013e-01 9.54170108e-01
    -5.67831159e-01 1.72565651e+00 1.64646173e+00 1.73722649e+00
    7.78896570e-01 -5.70572555e-01 2.08979666e-01 1.82645488e+00
    -5.44764459e-01 -9.20218468e-01 3.71309459e-01 3.48058522e-01
    2.85094917e-01 -1.99931085e-01 1.01399696e+00 2.67639518e-01
    -4.21511054e-01 -9.62919593e-01 7.10579276e-01 9.02138114e-01
    1.71920860e+00 2.61521459e-01 1.88723087e-01 -1.33273602e-02
    4.81987715e-01 1.27012730e-01 1.40041614e+00 8.88847530e-01
    -4.61455047e-01 1.02819681e+00 -9.81670201e-01 7.93681383e-01
    3.38792205e-01 9.35579538e-01 1.25584257e+00 1.30242443e+00
    6.50840998e-03 1.62844896e-01 1.88343811e+00 -7.31143951e-01
    7.43893087e-01 1.93670487e+00 8.58880639e-01 -4.07560468e-02
    1.62566519e+00 -5.52587628e-01 1.41283226e+00 6.65875137e-01
    1.19467902e+00 1.16053808e+00 -6.70604706e-01 -3.86344135e-01
    1.02850735e+00 2.09180832e-01 1.91985047e+00 1.88863516e+00
    -9.47367370e-01 -5.14045954e-01 -6.34831727e-01 5.46742082e-01
    6.58034503e-01 1.08349729e+00 -3.79089713e-02 1.58545423e+00
    4.42511320e-01 1.88800931e+00 1.30621874e+00 -4.10612762e-01
    7.84665823e-01 9.68684137e-01 -8.04247737e-01 1.92633688e-01
    2.35453188e-01 1.01779294e+00 1.62401438e-01 4.92244065e-01
    -5.92687607e-01 4.05940413e-01 6.32847905e-01 1.28389645e+00
    1.19394839e+00 1.52844381e+00 1.62538719e+00 -1.94564283e-01
    1.81186581e+00 -6.02703810e-01 1.74171758e+00 1.75665188e+00
    3.23945761e-01 3.00239205e-01 1.71192133e+00 -3.78431886e-01
    -4.79320556e-01 -7.37791598e-01 1.80502248e+00 1.49174047e+00
    -7.43793726e-01 1.38472533e+00 -8.22786152e-01 1.20729995e+00
    1.55905175e+00 1.52769315e+00 5.04499674e-02 1.03128362e+00
    -3.91190350e-01 -3.11297596e-01 1.93936515e+00 1.71713924e+00
    1.75330663e+00 -4.22973394e-01 6.24737620e-01 3.18949699e-01
    -3.03871751e-01 -9.29891646e-01 1.59012330e+00 1.72961843e+00
    3.65981698e-01 1.82612991e+00 7.30166197e-01 9.66558576e-01
    1.36182284e+00 1.01031041e+00 -5.03463447e-01 1.26117396e+00
    -4.81595814e-01 6.05561137e-01 4.50099826e-01 -1.02336347e-01
    -9.47475433e-01 6.35226190e-01 -2.28914917e-01 -6.15526795e-01
    1.78233504e+00 -3.18217039e-01 7.10389137e-01 1.25650430e+00
    4.51263070e-01 4.58263516e-01 1.56655324e+00 -2.65734553e-01
    1.59864950e+00 -7.39645481e-01 1.36019778e+00 1.19588435e+00
    4.22389567e-01 6.49626553e-01 1.86639428e-02 1.04038596e+00
    -3.32400143e-01 4.94857311e-01 -3.83417368e-01 -1.35820210e-01
    5.68490386e-01 1.63115466e+00 1.85248017e+00 1.57225490e-01
    9.85363007e-01 3.91326904e-01 1.91823494e+00 8.63803387e-01
    5.05908012e-01 8.25719833e-02 1.76693666e+00 8.04554880e-01
    1.94910669e+00 9.09879744e-01 1.75504780e+00 1.70893776e+00
    1.69410288e+00 4.50441599e-01 1.88661957e+00 2.52877474e-01
    9.44534957e-01 1.65646076e-01 6.39763594e-01 7.28455067e-01
    5.99528730e-01 1.70416403e+00 -9.87528741e-01 -2.59262085e-01
    -2.30666339e-01 1.84985673e+00 1.36797547e+00 -3.31553638e-01
    1.61147928e+00 1.39496279e+00 1.02065086e+00 -8.64517808e-01
    1.84249103e+00 1.75717211e+00 1.47148752e+00 6.14657223e-01
    1.20363832e+00 -6.30017221e-01 -4.06516671e-01 -7.81615078e-01
    9.00282383e-01 1.84848452e+00 -6.62007093e-01 1.07097447e+00
    1.22442830e+00 1.68067861e+00 7.75720358e-01 1.03928065e+00
    1.48133159e-01 1.60259068e+00 -9.81930673e-01 1.69022655e+00
    1.33066332e+00 3.20681572e-01 7.21470237e-01 1.50632727e+00
    -9.01295066e-01 1.78587234e+00 1.78899145e+00 6.78604484e-01
    1.34544218e+00 -5.75977564e-01 1.87402105e+00 -3.72160316e-01
    -3.01839769e-01 -4.17289138e-01 1.44787014e-01 -4.83632445e-01
    4.67531860e-01 -9.71326470e-01 6.59232736e-02 1.62006986e+00
    8.49806070e-02 -2.98473835e-01 -9.37059760e-01 -3.46243978e-02
    2.60697365e-01 9.90224779e-01 9.55618143e-01 1.17251039e+00
    -6.08001113e-01 1.64032936e+00 5.48886240e-01 -5.52910328e-01
    8.62989902e-01 9.64568615e-01 1.81369650e+00 -5.39782166e-01
    4.46831644e-01 3.24946523e-01 1.15948892e+00 -4.98554021e-01
    1.58324873e+00 4.13241565e-01 1.78506470e+00 1.91658735e-03
    -5.11088729e-01 1.46427560e+00 1.09518528e+00 8.39464545e-01
    -3.59972656e-01 4.50577497e-01 -3.03642631e-01 9.36760902e-02
    1.35538960e+00 3.89954805e-01 1.37169337e+00 -9.38633978e-01
    1.21220052e-01 -5.10691643e-01 -2.00385749e-01 8.05335224e-01
    8.11761200e-01 -2.86290169e-01 1.75844467e+00 3.71064782e-01
    1.08765841e+00 8.61792088e-01 -4.36271548e-01 1.70637703e+00
    -2.13019371e-01 8.82404804e-01 1.04181814e+00 1.62665641e+00
    1.91051793e+00 5.51764369e-01 -7.19633579e-01 -9.10065830e-01
    5.79038680e-01 -8.08413267e-01 5.73335767e-01 1.08294010e+00
    5.67853451e-01 1.37927902e+00 -7.16110945e-01 1.93996119e+00
    9.39632714e-01 -9.23637331e-01 2.05809712e-01 -9.28315222e-01
    -5.85711241e-01 1.14037454e+00 7.71500111e-01 7.96793580e-01
    8.45868826e-01 2.31424093e-01 2.68752098e-01 8.48114133e-01
    4.32062149e-01 -4.30719078e-01 -1.00388610e+00 -4.17165697e-01
    1.48165584e+00 8.47561479e-01 5.99344492e-01 2.51252651e-01
    1.98063803e+00 1.07407463e+00 7.89411783e-01 -7.11339116e-01
    -1.21280968e-01 4.93729949e-01 6.00996375e-01 1.73980808e+00
    -7.24929333e-01 1.81124580e+00 -7.57448137e-01 -4.68507767e-01
    -6.21262193e-02 1.56090760e+00 6.01158679e-01 -8.93200636e-01
    2.29221940e-01 6.70841217e-01 -3.84327710e-01 1.34192371e+00
    -2.11617529e-01 1.04050756e-01 -5.47115743e-01 3.20096970e-01
    8.28141093e-01 -1.00110137e+00 2.40188003e-01 -3.54169846e-01
    1.62881160e+00 4.64613795e-01 -8.75659347e-01 -8.74743938e-01
    -4.05349076e-01 -7.38877118e-01 -5.57551980e-01 4.66350794e-01
    -3.64977121e-02 9.56183791e-01 3.64631534e-01 1.71675754e+00
    1.22370946e+00 1.12828827e+00 -3.23635519e-01 -3.96618843e-01
    1.92566967e+00 1.00159740e+00 -5.85921407e-02 1.10870433e+00
    1.31395793e+00 2.36478031e-01 5.44734597e-01 1.37793279e+00
    -7.06354439e-01 -2.45234728e-01 1.17060137e+00 1.20372391e+00
    -4.80577677e-01 -7.80267715e-01 1.14617717e+00 -9.27838385e-01
    3.82574916e-01 -2.01079965e-01 4.89342690e-01 4.28640962e-01
    8.17879319e-01 -3.23923290e-01 6.64414883e-01 7.95985341e-01
    -9.77455139e-01 1.75790012e+00 -3.18622589e-03 1.41178739e+00
    -7.22591877e-02 1.06425285e-02 1.89097548e+00 1.41850245e+00
    1.11058939e+00 2.95953155e-02 2.30207920e-01 4.43348646e-01
    -5.38200498e-01 1.61417961e+00 1.49799943e-01 1.33951783e-01
    1.29981565e+00 1.67651725e+00 1.62672246e+00 6.70339227e-01
    1.16425836e+00 1.19175100e+00 -3.64042342e-01 5.61875284e-01
    1.92966795e+00 1.24067163e+00 1.93166792e-01 1.72771811e+00
    -5.59752822e-01 1.06003010e+00 -5.99659562e-01 -3.44651043e-01
    -7.26989746e-01 -3.94341886e-01 1.02687109e+00 7.75768280e-01
    -8.11685324e-01 1.46781051e+00 4.35486138e-01 1.64297700e-01
    8.18921208e-01 1.60287428e+00 1.41538560e-01 -9.75910544e-01
    3.17425847e-01 1.27887189e+00 1.28914106e+00 1.47644579e+00
    -8.06663454e-01 3.91829848e-01 1.94679141e-01 8.04869831e-01
    1.34317970e+00 -1.96285069e-01 6.87792778e-01 4.00156736e-01
    -5.79833269e-01 5.41844606e-01 4.10028338e-01 1.24290991e+00
    -9.30592239e-01 1.16844273e+00 1.30972731e+00 -3.21967065e-01
    8.51884484e-01 1.07013655e+00 1.12875831e+00 -5.13653636e-01
    2.14129806e-01 -6.79034829e-01 3.84117424e-01 1.10829425e+00
    1.66876805e+00 -2.58415699e-01 -4.75769818e-01 1.30764353e+00
    1.32443917e+00 -5.96854568e-01 -4.48345840e-01 6.23784184e-01
    1.42130578e+00 -3.27814758e-01 1.09941423e+00 1.52417660e+00
    9.75636721e-01 1.55864859e+00 1.30518317e+00 1.34006619e+00
    2.00590968e-01 7.94011950e-01 8.11966896e-01 1.18031931e+00
    1.36941886e+00 1.82506633e+00 1.71658325e+00 1.36344683e+00
    6.21021390e-01 1.20901453e+00 2.11918116e-01 -3.37634504e-01
    -3.07416618e-01 -9.82016683e-01 -1.92218721e-01 9.27695274e-01
    5.85181117e-01 1.20846534e+00 -8.02964807e-01 1.21231294e+00
    1.09445357e+00 1.93185830e+00 -5.11522889e-02 -3.30404222e-01
    9.89074230e-01 -7.75995314e-01 1.28442287e+00 1.18303096e+00
    1.65954113e+00 1.31918871e+00 -6.81328475e-01 4.81756032e-01
    -6.14202380e-01 6.89067841e-02 -1.36965096e-01 1.64510417e+00
    1.81006610e+00 1.59491944e+00 1.04309464e+00 8.71620893e-01
    -7.71213770e-02 -8.94099474e-01 6.16885543e-01 1.53864515e+00
    1.31506586e+00 1.49162805e+00 6.72438741e-01 -1.54178679e-01
    1.02288830e+00 1.04023659e+00 1.26908886e+00 -5.33441603e-01
    1.15926147e-01 -8.89860988e-02 4.41417396e-01 9.32130754e-01
    1.05028057e+00 -3.81498516e-01 -2.70116568e-01 1.82098377e+00
    8.73420238e-01 1.29020345e+00 -3.53248477e-01 -7.28963614e-02
    5.75270057e-01 1.50426507e+00 1.05062461e+00 6.68256044e-01
    -8.90022695e-01 -1.02003610e+00 1.93947387e+00 1.73990107e+00
    1.78958774e-01 1.83455920e+00 -7.27778792e-01 -6.52296901e-01
    -1.35939062e-01 1.49910998e+00 1.43756044e+00 -2.22500384e-01
    5.79975247e-02 -4.93134052e-01 -3.60306561e-01 1.93872941e+00
    1.65230632e+00 4.67415810e-01 -5.42877614e-01 1.92145300e+00
    1.28742814e+00 1.33557057e+00 7.02687919e-01 8.99976194e-01
    -3.03932250e-01 1.53253591e+00 4.47405815e-01 4.68682647e-01
    1.91216779e+00 -6.70050323e-01 -1.83768630e-01 7.98674822e-01
    6.17621243e-01 -5.44700563e-01 5.69231570e-01 3.00773561e-01
    7.84689844e-01 -6.20422602e-01 1.39794469e-01 1.64249182e+00
    -7.63540864e-01 -7.87513554e-01 1.45108783e+00 1.89314497e+00
    1.53478360e+00 -5.95070004e-01 3.70230496e-01 1.90384269e-01
    1.77803016e+00 5.13829052e-01 -8.65529776e-02 -4.47626114e-01
    -5.27524114e-01 1.13025713e+00 1.43607187e+00 1.25760031e+00
    -3.63184035e-01 1.31925213e+00 2.90059686e-01 9.74440336e-01
    6.35772824e-01 -7.78222084e-03 -3.62166524e-01 1.12487268e+00
    1.26358259e+00 -7.74774492e-01 4.51023757e-01 1.37443841e+00
    -4.33060318e-01 7.73597956e-02 4.99723971e-01 -1.76644802e-01
    -5.11173606e-02 1.34212804e+00 -8.26261520e-01 -7.57000327e-01
    -8.75533342e-01 -1.56868637e-01 1.97696447e+00 9.66410697e-01
    -4.85565275e-01 8.84218335e-01 -9.54437375e-01 -4.97650236e-01
    1.30865836e+00 -5.34750879e-01 1.72610712e+00 -2.75082111e-01
    2.40378380e-02 1.09435356e+00 8.51314723e-01 7.27956414e-01
    1.84542513e+00 -7.98144341e-02 9.27419066e-01 -8.06257606e-01
    1.59854841e+00 -9.54233646e-01 1.73119819e+00 6.92327023e-01
    1.17785192e+00 -2.34774709e-01 5.59797287e-01 6.84573054e-01
    3.31295133e-02 -8.20301473e-01 -4.87100482e-02 -4.56316590e-01
    7.73858368e-01 1.51545978e+00 1.00012672e+00 2.16728926e-01
    -8.78471613e-01 4.63782430e-01 -3.43624532e-01 -4.74151850e-01
    7.11937308e-01 -3.28206539e-01 -8.38683546e-01 -3.31181884e-02
    5.94954610e-01 -6.32840395e-02 -8.42307448e-01 1.31712031e+00
    2.79781759e-01 -7.53057480e-01 -5.98080754e-01 3.71665716e-01
    -7.61158705e-01 -7.33331084e-01 -6.13973856e-01 -9.99000072e-02
    1.96241033e+00 9.88999546e-01 3.77231479e-01 1.46684694e+00
    -6.90241396e-01 1.08368421e+00 1.28442764e+00 1.88983798e+00
    1.69417751e+00 -7.21401155e-01 9.72196460e-01 1.81269348e+00
    1.74925637e+00 1.44837296e+00 4.52431679e-01 -7.29113817e-01
    -5.66835761e-01 -2.75214076e-01 1.11777890e+00 -5.22367239e-01
    -7.14012146e-01 1.64979684e+00 -9.80637908e-01 5.65613389e-01
    1.02021682e+00 -6.42937779e-01 -1.00585663e+00 4.06050682e-02
    -1.58808649e-01 1.00876737e+00 1.37105393e+00 1.41557229e+00
    3.41327190e-01 -9.51256633e-01 -1.99320972e-01 1.92711067e+00
    4.83597279e-01 1.12392664e+00 1.84295154e+00 5.14773548e-01
    -8.98402333e-01 1.10374928e-01 -5.03568411e-01 -1.48403645e-01
    1.44189274e+00 4.69266415e-01 -8.22094083e-01 1.95658207e-01
    7.65007138e-01 1.79005110e+00 1.84440410e+00 1.05761898e+00
    -9.54090834e-01 7.76057005e-01 -5.39241791e-01 1.24479508e+00
    1.14679980e+00 -1.51408553e-01 1.26383185e+00 5.46140075e-01
    9.98638034e-01 5.36128283e-01 -1.05081916e-01 -9.14403439e-01
    4.85296845e-01 3.69533896e-01 1.28017855e+00 8.50071430e-01
    1.85421753e+00 1.93365490e+00 -8.60087872e-01 -3.39580595e-01
    -8.20023417e-02 3.55405092e-01 4.95924532e-01 1.98085451e+00
    6.05891109e-01 -2.35770345e-01 -2.52140701e-01 4.14220452e-01
    4.62130189e-01 -3.43425870e-02 8.26317310e-01 6.40356839e-01
    -3.22685778e-01 3.86622488e-01 3.85252178e-01 4.09194827e-01
    -6.67899609e-01 -4.95568007e-01 1.20631123e+00 9.17351246e-03
    -8.38205099e-01 -1.19155645e-03 -2.97806621e-01 -3.10640752e-01
    -6.31513059e-01 -1.23191237e-01 1.37156010e+00 1.84176481e+00
    1.77763081e+00 -6.72764540e-01 1.22033203e+00 1.80439591e-01
    1.31667650e+00 9.24150825e-01 9.56266284e-01 1.71606493e+00
    -5.90752959e-01 1.95782840e+00 -5.39872050e-02 3.92918587e-02
    -1.25801265e-01 6.82134330e-01 3.31893802e-01 -4.06883359e-02
    -4.30356383e-01 7.69790769e-01 1.29403973e+00 -8.64223242e-02
    1.17646098e-01 -6.04072392e-01 1.28009009e+00 1.78427517e+00
    -8.03344727e-01 1.60150611e+00 1.56414127e+00 -5.38113952e-01
    -3.00736964e-01 1.37459397e+00 -6.26127005e-01 -6.70774221e-01
    1.49325275e+00 -4.29668188e-01 -9.60687041e-01 1.35219181e+00
    1.47458065e+00 -7.52808809e-01 5.59406459e-01 1.28336775e+00
    9.94660914e-01 9.82820988e-02 1.62964225e+00 -6.71800375e-01
    -8.32501471e-01 -8.72519612e-01 6.13687038e-02 9.21330273e-01
    1.72107077e+00 1.48317432e+00 1.44830227e+00 -1.52572453e-01
    1.39241934e+00 -1.03043973e-01 1.59277248e+00 -8.73711765e-01
    -3.12120676e-01 1.17301965e+00 -3.16940904e-01 1.01273966e+00
    1.63438058e+00 1.53218317e+00 -8.39294732e-01 9.57742929e-01
    6.53952241e-01 1.13561893e+00 5.89109302e-01 -1.50369942e-01
    1.60374415e+00 4.18719411e-01 5.90302110e-01 1.46613503e+00
    1.21603310e-01 9.26570654e-01 1.38453746e+00 -7.82821178e-01
    1.20601368e+00 1.53951395e+00 1.00239587e+00 1.26314116e+00
    1.30939960e+00 6.68794990e-01 -8.67300034e-01 -6.45909309e-01
    1.40785229e+00 1.81146085e+00 3.41224313e-01 5.19896626e-01
    1.86792970e+00 9.99370396e-01 9.87339258e-01 -1.27504647e-01
    1.08724737e+00 -3.05642128e-01 -1.68606162e-01 4.37176347e-01
    1.87233329e+00 -4.06347573e-01 1.10426807e+00 -3.54563296e-01
    -5.48091888e-01 7.04312205e-01 1.18545747e+00 -1.60339475e-01
    -5.41445971e-01 1.23954272e+00 1.43367887e-01 4.06070709e-01
    -5.22953928e-01 1.78384709e+00 7.17350304e-01 1.92792451e+00
    1.36302543e+00 2.03597546e-03 1.76379347e+00 -9.83834267e-02
    -8.07602406e-01 -6.34884775e-01 -2.12933660e-01 1.67734039e+00
    6.41799569e-01 -5.50398409e-01 1.27032161e-01 1.45752633e+00
    1.95577145e-02 3.28653455e-01 1.12978983e+00 -7.54847527e-01
    1.61680508e+00 1.88840091e+00 -4.62267637e-01 2.12541997e-01
    6.09890103e-01 1.77880406e+00 1.39575493e+00 1.06393898e+00
    1.37129629e+00 8.10480237e-01 -3.87788653e-01 5.56023240e-01
    1.68573260e-01 1.15582192e+00 1.60424185e+00 1.43543839e+00
    -1.13856077e-01 2.83593953e-01 -1.32619083e-01 -9.38347280e-01
    3.76974940e-01 1.95009625e+00 4.41693068e-02 1.48836875e+00
    -6.92776322e-01 1.84061909e+00 1.68963528e+00 1.59340405e+00
    -9.14058089e-02 1.89333582e+00 3.18731666e-01 1.79140806e+00
    7.72759676e-01 -4.32209790e-01 -3.91453147e-01 8.02147150e-01
    3.06489408e-01 7.09542453e-01 -2.60489047e-01 -6.96797609e-01
    1.65807617e+00 1.86306429e+00 1.68719256e+00 -8.84846985e-01
    -5.72296083e-01 1.21126199e+00 -3.94803286e-03 4.30946350e-01
    1.60077453e-01 1.75949752e+00 -7.59280324e-02 2.40963221e-01
    1.51314557e+00 3.03557873e-01 1.14474499e+00 1.01011539e+00
    1.17714596e+00 1.17522550e+00 -7.49645114e-01 3.57766271e-01
    -3.46139669e-02 -9.76707518e-01 1.64259028e+00 1.46920705e+00
    -8.17705035e-01 -9.60572004e-01 1.01431322e+00 1.43685102e+00
    -5.87536454e-01 1.85400760e+00 7.32073784e-01 7.37866998e-01
    7.69277215e-01 -8.00521374e-02 1.48424554e+00 -6.56794190e-01
    -9.20833886e-01 1.74131107e+00 1.76554430e+00 4.92105961e-01
    1.57073605e+00 1.78402889e+00 1.78872001e+00 4.58251595e-01
    -3.53053629e-01 3.48123908e-01 -4.08420861e-01 1.77816951e+00
    -6.67580128e-01 -4.08526242e-01 1.87918961e-01 1.65999281e+00
    -8.75950933e-01 1.80666709e+00 8.67297053e-01 4.73525643e-01
    1.49298000e+00 1.41506422e+00 1.52920067e+00 1.90984273e+00
    -1.04134679e-01 1.40736616e+00 3.90887797e-01 8.73807728e-01
    1.80056047e+00 -2.56845295e-01 1.52008116e-01 3.07164431e-01
    -1.21435344e-01 1.14085972e-01 4.37725902e-01 1.04827034e+00
    2.56920993e-01 3.70077729e-01 -7.50604749e-01 1.71385407e+00
    -1.13981247e-01 1.13232446e+00 1.26206529e+00 -7.25645661e-01
    3.11963022e-01 -4.78835732e-01 1.01022553e+00 1.44209063e+00
    1.77192903e+00 1.18650150e+00 1.16619074e+00 -7.92149842e-01
    1.87704265e+00 -9.95080292e-01 -4.20778751e-01 1.23764992e+00
    1.40977490e+00 7.25969195e-01 -9.22456563e-01 1.89018023e+00
    1.72033095e+00 -4.31572974e-01 1.30616879e+00 1.52454329e+00
    1.00145459e-01 -7.39510238e-01 1.39546978e+00 1.80416739e+00
    -1.57232702e-01 -7.30975807e-01 1.52936900e+00 4.76585627e-01
    1.80944324e-01 7.76289821e-01 1.56617248e+00 4.32404280e-02
    1.48030126e+00 -7.65856624e-01 1.63658249e+00 -5.86386323e-02
    7.16599524e-01 1.49159729e-01 5.27609527e-01 2.12094843e-01
    7.16285229e-01 8.30682516e-01 -3.86963964e-01 8.65765095e-01
    1.71814239e+00 4.31501567e-01 -7.86850929e-01 -1.06327593e-01
    6.59632504e-01 9.36106682e-01 1.49570131e+00 -8.63771617e-01
    -4.15824115e-01 1.01343417e+00 1.75884891e+00 1.98747933e+00
    6.34509087e-01 -4.71166074e-01 1.10075533e-01 1.27284658e+00
    6.24344349e-02 3.98755014e-01 -3.32580984e-01 -3.32916975e-01
    1.96590996e+00 1.45664680e+00 2.21727371e-01 4.58772361e-01
    -8.22665334e-01 1.24231136e+00 3.55411410e-01 9.95465279e-01
    -8.70961964e-01 -3.98290575e-01 6.55137658e-01 1.11479211e+00
    1.81712544e+00 1.74683058e+00 8.18956852e-01 1.02970302e+00
    1.71513867e+00 2.90945947e-01 1.10507846e-01 -4.17975962e-01
    8.19696128e-01 1.62661779e+00 -8.15126300e-02 5.90758085e-01
    1.51107216e+00 -6.74606800e-01 2.36575842e-01 1.16864872e+00
    1.43521297e+00 -7.91603923e-02 1.70951223e+00 1.59715319e+00
    -1.00915289e+00 1.92269552e+00 1.73762393e+00 -3.58681262e-01
    1.34141064e+00 1.95872366e+00 -6.97647095e-01 -7.11119652e-01
    -7.32432127e-01 1.32550871e+00 -7.56996870e-02 9.65340555e-01
    3.83641839e-01 -2.01682091e-01 1.60380709e+00 1.49674416e-01
    -2.74846554e-02 1.02403092e+00 1.58926332e+00 2.17912436e-01
    -8.20164919e-01 5.04462242e-01 -9.39173162e-01 1.44120431e+00
    7.61819601e-01 6.26228631e-01 -6.71898365e-01 5.95172524e-01
    1.45644152e+00 1.78228438e+00 -5.19746661e-01 1.53710461e+00
    1.76797414e+00 -3.38316321e-01 4.70302820e-01 1.48907745e+00
    -4.08178210e-01 1.29891860e+00 1.26530182e+00 -9.65497017e-01
    9.21646953e-01 1.79849482e+00 9.34238374e-01 -2.94390976e-01
    3.08143556e-01 -6.65915489e-01 -4.39580202e-01 -6.00888610e-01
    1.46432972e+00 4.20763850e-01 -6.44578516e-01 1.81075096e-01
    -6.30243778e-01 4.98102486e-01 -2.83078909e-01 4.68936324e-01
    1.45507789e+00 -4.69139844e-01 6.73191965e-01 9.46056426e-01
    1.60297823e+00 5.71911037e-01 -3.14167202e-01 1.84337950e+00
    7.80235708e-01 8.12197387e-01 2.99569011e-01 7.93303490e-01
    -9.03070569e-01 -1.13797367e-01 -3.79413247e-01 -8.54240894e-01
    5.83303809e-01 -1.91491485e-01 -2.56249309e-01 -3.39395404e-02
    1.94960356e+00 2.13156891e+00 7.24380314e-01 1.51472867e+00
    -2.63116658e-01 1.42950916e+00 1.66796207e-01 -9.57841039e-01
    -8.62477362e-01 9.04772520e-01 5.85742772e-01 4.94683623e-01
    1.65057182e-03 8.55136752e-01 1.52886450e+00 9.90378857e-02
    1.31149304e+00 1.03536820e+00 1.81821156e+00 1.20542622e+00
    4.15546298e-01 1.10233438e+00 2.21461296e-01 -9.93279457e-01
    1.23897624e+00 1.25131083e+00 8.89404058e-01 1.64428926e+00
    -1.17277265e-01 7.83822656e-01 1.03161597e+00 8.43619347e-01
    1.47638810e+00 1.66161823e+00 -4.12765443e-01 1.57626915e+00
    1.91269112e+00 -2.79573023e-01 2.16220558e-01 -5.46876431e-01
    1.63752794e+00 1.31993163e+00 9.67435956e-01 -7.18423843e-01
    -8.23111296e-01 7.29594707e-01 1.63371944e+00 8.60002637e-01
    2.05527067e-01 -8.25986981e-01 1.25872850e+00 5.43487549e-01
    -3.16327333e-01 1.08458114e+00 -7.13667274e-01 1.53542340e+00
    1.27031815e+00 1.31626773e+00 8.39196503e-01 -8.83257747e-01
    1.06251287e+00 1.02497256e+00 1.87682474e+00 1.86696792e+00
    4.58835840e-01 3.08650553e-01 1.18469715e-01 1.15337241e+00
    1.23443484e+00 -8.09845686e-01 6.54492080e-01 -5.40789604e-01
    1.48172188e+00 1.53202736e+00 1.12098098e-01 -6.16247296e-01
    -3.51364344e-01 3.85060310e-02 4.46722984e-01 1.03015018e+00
    1.40321183e+00 1.15252626e+00 8.82239521e-01 9.90376830e-01
    8.28210533e-01 1.13554490e+00 -5.65353751e-01 1.84225559e-01
    -3.36752892e-01 -1.03546643e+00 -9.18693542e-02 4.23405766e-01
    1.49670005e+00 1.12984657e+00 -4.57354546e-01 -1.00573587e+00
    7.01957703e-01 -6.63681746e-01 3.01441669e-01 1.67836392e+00
    7.79049695e-01 1.43485141e+00 2.37228572e-01 -7.64564514e-01
    -5.26462317e-01 -7.28140712e-01 1.41822124e+00 1.67749524e+00
    -2.06537724e-01 1.69366038e+00 -4.27602530e-02 -9.14223194e-02
    1.66744006e+00 4.44323301e-01 1.47093284e+00 1.35433972e+00
    1.30117345e+00 9.30432320e-01 1.05020189e+00 -6.09933257e-01
    1.71775818e-01 -2.98262477e-01 1.84486115e+00 -8.91412079e-01
    3.02276850e-01 1.19059658e+00 1.74825871e+00 4.35788393e-01
    7.04173446e-01 -3.58658731e-01 1.78058052e+00 -2.68222749e-01
    -7.63414085e-01 3.11517477e-01 1.68094206e+00 1.23156929e+00
    1.36307657e-01 -7.38043010e-01 -8.21326375e-01 9.35686350e-01
    -7.27840185e-01 -2.26285338e-01 7.49238133e-01 -3.98955911e-01
    -7.15848565e-01 1.24840617e+00 7.20317960e-02 1.75039005e+00
    3.48660350e-01 -9.46008146e-01 7.78688848e-01 3.47228169e-01
    8.18457842e-01 -1.25996888e-01 7.81594515e-02 4.17605639e-01
    8.35266590e-01 4.08723354e-01 1.03649783e+00 2.37662196e-01
    -9.41694319e-01 4.12940025e-01 -6.56177998e-01 1.20821333e+00
    -2.97353864e-02 1.46679425e+00 -6.61868393e-01 8.19492340e-01
    3.88523340e-02 1.81433046e+00 6.86576366e-02 -7.46668339e-01
    1.38726425e+00 8.87005091e-01 -8.66150856e-01 1.57824576e+00
    4.31312084e-01 7.76937962e-01 1.29544187e+00 6.08739734e-01
    -7.92669058e-01 1.70487750e+00 8.69361758e-01 1.73235023e+00
    -2.05622196e-01 -3.16498280e-01 1.79271746e+00 1.10539865e+00
    8.84836733e-01 -5.24599552e-01 1.00199819e+00 7.32154846e-02
    -1.21387661e-01 4.38136756e-01 1.32911980e-01 -2.17823684e-01
    1.07538152e+00 1.24584913e+00 -7.28155851e-01 1.03252459e+00
    1.95412517e+00 -4.57343757e-01 1.79975593e+00 9.82978165e-01
    -3.70597839e-03 6.15764797e-01 -9.26066041e-01 1.77174044e+00
    1.79033732e+00 1.13573837e+00 -2.28871286e-01 9.70536709e-01
    -3.73363495e-04 9.85387564e-02 8.80125403e-01 -1.96654141e-01
    8.77061009e-01 6.21155858e-01 1.80759192e-01 -1.46527827e-01
    1.50813782e+00 1.29925215e+00 -3.40175748e-01 -3.39335203e-02
    -9.19142783e-01 1.40644789e+00 -7.94116259e-01 1.00480199e+00
    1.21772444e+00 1.91990137e+00 7.99677849e-01 1.54119229e+00
    -6.77233160e-01 8.84294808e-01 5.76994658e-01 1.56765270e+00
    -3.14647615e-01 1.14012301e-01 -3.32336724e-01 1.56573737e+00
    -1.58751726e-01 1.49717355e+00 7.85869002e-01 -5.31649768e-01
    -9.36280489e-02 -8.43844593e-01 -5.92352629e-01 -7.69883275e-01
    -8.24815035e-03 1.31828666e+00 5.00275731e-01 1.57744622e+00
    6.52455389e-01 -3.40556294e-01 -9.61065888e-02 8.83359313e-02
    1.89921260e-01 2.66311765e-02 -1.18277073e-02 -6.51387572e-02
    9.02962685e-02 1.20031929e+00 1.25049365e+00 3.29947472e-01
    1.92495430e+00 4.01485801e-01 2.55036116e-01 1.30762529e+00
    -8.30900669e-03 8.42608571e-01 9.77371573e-01 -6.33191407e-01
    8.27434897e-01 1.39763236e-01 1.83038676e+00 -9.30945873e-01
    -3.69604826e-02 -7.86038876e-01 -4.58063066e-01 1.74437475e+00
    1.78742957e+00 -3.73542190e-01 1.92531562e+00 1.39222991e+00
    1.39855647e+00 1.67853022e+00 -8.21457148e-01 -9.76204336e-01
    2.81536818e-01 1.41111374e-01 1.08306170e+00 1.66070914e+00
    6.99030757e-01 -1.01133347e-01 1.43397844e+00 5.84045649e-02
    2.82426536e-01 1.49275911e+00 4.62774277e-01 -9.60250378e-01
    1.65102816e+00 6.58580303e-01 -3.37549627e-01 9.37970877e-02
    -7.02220440e-01 -3.56450021e-01 1.75928378e+00 9.41992283e-01
    1.80918217e+00 1.06710136e-01 -6.17417455e-01 1.60354197e-01
    1.94034338e-01 6.46794140e-01 6.04634821e-01 1.28156185e-01
    -2.02154219e-01 9.36177135e-01 -1.56338155e-01 1.81974566e+00
    1.90535355e+00 5.52170873e-01 -7.77984619e-01 -3.41399968e-01
    7.99988806e-01 -6.68969631e-01 8.25878799e-01 1.62589872e+00
    3.50840807e-01 1.96943688e+00 2.96854913e-01 -6.33487582e-01
    -8.45017552e-01 -7.09207773e-01 2.13961005e-02 -6.81169033e-01
    -8.34649026e-01 1.89794612e+00 -6.44582748e-01 -6.58289194e-02
    -6.49915338e-01 5.43410778e-01 -7.33010769e-02 1.87755835e+00
    7.86466360e-01 1.14020169e+00 1.81850064e+00 4.20083642e-01
    3.57754588e-01 1.50717950e+00 1.83539593e+00 2.95753002e-01
    7.07313955e-01 -4.46617007e-01 1.27328491e+00 9.68299508e-02
    1.38286924e+00 1.24208188e+00 1.42923284e+00 1.07234955e-01
    1.48961163e+00 1.01116490e+00 1.09630466e+00 1.13988364e+00
    8.84236336e-01 -2.91812420e-02 1.22928476e+00 8.41698289e-01
    -5.27789652e-01 1.38196659e+00 -1.96002722e-02 1.68556452e-01
    -6.16477609e-01 -9.08644199e-01 3.38501453e-01 6.81097269e-01
    1.28629017e+00 5.67342639e-02 -3.14358354e-01 1.39568806e+00
    1.45189869e+00 1.03521705e-01 1.85197449e+00 6.29410982e-01
    1.15630019e+00 1.64520025e+00 -8.39139819e-01 -1.48793817e-01
    5.99314570e-01 1.14714432e+00 -2.42918789e-01 -3.76999855e-01
    1.86201167e+00 -3.24400365e-01 -7.64084816e-01 -1.47556543e-01
    -9.67862606e-02 -6.02905393e-01 1.98836303e+00 -5.80892086e-01
    -8.35502982e-01 1.45671058e+00 1.21021295e+00 3.54992747e-02
    1.48603928e+00 -3.06103230e-02 3.46256852e-01 1.64417231e+00
    9.08015132e-01 1.11159241e+00 6.28808141e-01 1.48459148e+00
    -7.59816170e-01 3.46612215e-01 -1.76265299e-01 1.74199784e+00
    6.23250604e-01 8.13379288e-02 -7.97093570e-01 6.21061563e-01
    1.43616986e+00 -6.01153612e-01 3.47969532e-02 7.10466385e-01
    1.73396873e+00 1.80636525e-01 6.53306663e-01 1.58235741e+00
    8.25132310e-01 6.92784965e-01 6.60575151e-01 1.27794743e+00
    -7.68446922e-02 1.01363897e+00 -1.81669831e-01 -3.93182158e-01
    1.80540609e+00 -9.70339596e-01 -7.32046604e-01 1.68167806e+00
    -8.54466558e-01 -8.39101255e-01 1.09450388e+00 -9.11918700e-01
    1.69897294e+00 1.98783565e+00 1.46887922e+00 1.69271350e-01
    5.58203459e-01 2.70031929e-01 1.07401705e+00 -7.16083407e-01
    -8.49404633e-01 1.98482609e+00 7.40070581e-01 7.14845061e-01
    1.42404103e+00 2.42039204e-01 1.12651134e+00 -5.69815159e-01
    1.86558425e+00 -2.19655633e-02 -8.72899652e-01 -7.69417882e-02
    -1.53913856e-01 2.52684474e-01 -8.20491314e-01 4.58410025e-01
    1.32938600e+00 1.88217878e-01 4.31911945e-01 3.64945650e-01
    2.78851509e-01 5.61462760e-01 1.29422665e+00 1.58585918e+00
    3.22334170e-01 -8.58633041e-01 -1.19092047e-01 6.10427856e-01
    2.88345993e-01 6.61246240e-01 1.15272009e+00 1.25194418e+00
    1.10029662e+00 1.84854054e+00 -7.58217692e-01 1.95361841e+00
    1.58656347e+00 5.59484899e-01 6.63325012e-01 5.91758311e-01
    -6.72359467e-02 1.73520184e+00 5.34656644e-02 9.76176023e-01
    3.72618318e-01 7.37182498e-01 1.57219434e+00 1.56848371e+00
    1.25933254e+00 -7.76548386e-01 1.90663242e+00 1.22710705e-01
    9.91399944e-01 2.88124144e-01 1.64351273e+00 7.39377081e-01
    -3.10654640e-01 2.21549225e+00 -3.24743211e-01 2.43045664e+00
    2.02740693e+00 1.29276991e+00 4.35781360e-01 1.14433861e+00
    1.54846704e+00 -4.88380849e-01 -1.76880658e-01 3.67560148e-01
    7.62056112e-02 9.18735027e-01 1.80307031e-01 -4.90638673e-01
    1.25720263e+00 5.14267683e-01 -8.81509781e-02 1.83933294e+00
    8.76034379e-01 8.56969118e-01 -3.97430122e-01 1.80394232e+00
    1.18637085e-02 1.26848316e+00 -7.60303438e-01 -9.74012315e-01
    -2.56941915e-01 3.05686951e-01 -5.32730460e-01 1.06390929e+00
    -9.66773987e-01 1.54327297e+00 9.20105159e-01 1.04845357e+00
    1.75790477e+00 -1.58976078e-01 3.52122784e-01 -4.36516225e-01
    1.95188737e+00 1.57907653e+00 1.09692872e-01 -5.07129431e-01
    -1.95934176e-01 1.33532882e+00 9.73666310e-01 1.45661700e+00
    2.41883039e-01 1.53928709e+00 -5.57110071e-01 6.00778937e-01
    6.97581172e-01 4.06217694e-01 -6.70391321e-02 -4.02619660e-01
    3.87893856e-01 -6.58942819e-01 1.38110340e-01 1.46226466e+00
    2.99405932e-01 -5.10358512e-01 -4.27564353e-01 -2.42822945e-01
    -4.38085556e-01 -8.52656424e-01 6.68094933e-01 -5.89469671e-01
    7.77919888e-01 6.46124005e-01 2.03952980e+00 4.04156864e-01
    -3.42382252e-01 -8.03406358e-01 3.10184956e-02 2.26273775e-01
    -3.14206243e-01 1.54360795e+00 2.60233283e-02 -2.93823957e-01
    -4.09933746e-01 -6.11481667e-02 1.49769902e+00 1.89849997e+00
    9.81826603e-01 -5.45892239e-01 1.87284899e+00 1.57505488e+00
    -2.90460587e-02 -8.51007998e-01 1.73782945e+00 1.14540422e+00
    4.33824658e-01 7.46465802e-01 2.28710175e-01 -9.16309655e-01
    1.14538670e-01 1.14000857e+00 1.91472650e-01 -5.04192948e-01
    3.38644147e-01 -4.98567075e-01 -1.47325158e-01 -5.15704393e-01
    8.39270711e-01 -5.56468487e-01 -1.41053557e-01 -2.99368382e-01
    -5.55115581e-01 1.65752017e+00 4.59341049e-01 -8.07219207e-01
    1.56520295e+00 7.77853489e-01 -3.88757586e-01 1.42053473e+00
    1.67902648e+00 1.65535235e+00 -8.06872427e-01 9.52473760e-01
    6.91488385e-01 7.65943527e-03 1.49369121e-01 1.76714802e+00
    1.73799300e+00 1.89145374e+00 -3.24923694e-01 1.06884551e+00
    2.30276585e-02 1.07349682e+00 3.50229025e-01 8.36347461e-01
    1.57052493e+00 -3.22198868e-01 -8.40617061e-01 1.91378403e+00
    -3.86836886e-01 -4.39090550e-01 1.55750811e-01 1.54929590e+00
    1.37297380e+00 1.45770645e+00 -8.13192010e-01 -1.09755397e-02
    1.71502399e+00 3.28496158e-01 1.22755229e+00 1.85442138e+00
    -2.38691509e-01 2.47827470e-01 -5.83980560e-01 3.24478805e-01
    5.18991947e-01 -9.50353563e-01 1.90316558e-01 1.54103708e+00
    4.86494303e-01 -1.03485835e+00 2.20378518e-01 1.84499860e+00
    1.87205350e+00 1.83982718e+00 6.60249949e-01 1.81429386e+00
    -2.04165459e-01 6.71684742e-01 -5.37081957e-01 1.45270824e-02
    1.18254828e+00 -7.23170042e-01 1.97658753e+00 2.93287218e-01
    -7.20593810e-01 8.25109482e-02 1.75623226e+00 6.15075171e-01
    2.03399122e-01 1.22257638e+00 8.24832499e-01 3.61723602e-01
    -5.69020391e-01 1.65468037e+00 1.01889169e+00 4.23059106e-01
    9.72776413e-01 -6.40380502e-01 -9.92838860e-01 3.08044016e-01
    6.61819458e-01 1.64528608e+00 1.54817247e+00 -5.68816662e-01
    1.44075632e+00 -8.35610747e-01 1.75385642e+00 9.37523663e-01
    1.79171944e+00 1.72071981e+00 -7.74737895e-01 -7.67298102e-01
    6.69113398e-02 3.56546342e-01 1.62559199e+00 1.57625949e+00
    -6.62475348e-01 1.37492466e+00 -2.21445203e-01 1.87881351e-01
    8.32647085e-03 3.29623580e-01 3.77858639e-01 1.07085824e+00
    1.72850204e+00 1.04096305e+00 2.48628855e-01 1.58437228e+00
    2.19997883e-01 1.45710993e+00 5.67366123e-01 1.46253288e+00
    4.71059442e-01 1.02406168e+00 1.06640160e+00 9.10886526e-02
    1.41879570e+00 1.05570328e+00 7.99190223e-01 7.13862419e-01
    1.29545879e+00 1.47027254e-01 6.70664489e-01 3.77662063e-01
    1.92978609e+00 1.58908367e-01 -2.13407338e-01 1.35587490e+00
    -5.78913212e-01 1.10452151e+00 4.69506145e-01 -9.14604664e-02
    5.82266986e-01 -8.18465948e-01 1.82973206e+00 3.13785076e-02
    1.61069047e+00 8.87437046e-01 8.38865578e-01 1.02639806e+00
    1.15851605e+00 1.10377908e+00 -6.95145905e-01 9.24982071e-01
    1.81826591e+00 1.18993819e+00 3.66982520e-01 -1.47100925e-01
    4.97309804e-01 1.48721814e-01 1.68401766e+00 1.68176460e+00
    4.24519181e-01 1.73012543e+00 -3.76929760e-01 9.76504207e-01
    1.62149096e+00 8.59742403e-01 1.34134853e+00 1.60831821e+00
    1.79315913e+00 1.88900840e+00 7.97263384e-02 1.29409909e+00
    1.39384866e+00 1.03873980e+00 5.03370762e-02 1.89363825e+00
    -9.44817066e-03 1.48917150e+00 1.10235250e+00 -6.27514720e-01
    6.80905402e-01 4.77583289e-01 8.09963524e-01 3.56703460e-01
    8.44272494e-01 4.05131400e-01 1.64351487e+00 -3.67055833e-01
    1.95732713e-02 -5.60416222e-01 3.50211680e-01 -4.68629271e-01
    1.69077814e-01 -5.59835434e-02 1.49157059e+00 1.05055165e+00
    -2.36461103e-01 -4.17087913e-01 3.25543165e-01 8.19082022e-01
    -7.61640549e-01 3.22201014e-01 3.35633397e-01 6.12674654e-01
    8.48136663e-01 8.09117079e-01 -7.73904622e-01 1.72097409e+00
    1.66658592e+00 9.82645750e-02 1.21406841e+00 9.70695555e-01
    6.17619753e-01 -1.87033117e-01 -2.90933609e-01 7.79125988e-01
    -7.55376935e-01 1.85267186e+00 -6.14246190e-01 1.23796499e+00
    2.20009744e-01 6.21780157e-02 9.05377269e-01 1.36317754e+00
    1.32537293e+00 2.67829239e-01 -8.48320603e-01 -2.18752265e-01
    -9.82782245e-02 -6.79604590e-01 3.96545470e-01 9.91404831e-01
    -3.07519853e-01 1.20868993e+00 -1.07823610e-02 -4.76319313e-01
    7.84245789e-01 2.35431314e-01 1.22472644e+00 1.57479441e+00
    1.16842663e+00 -4.11106586e-01 1.29152775e+00 4.58374858e-01
    3.08915854e-01 1.23070621e+00 6.13659143e-01 7.50128150e-01
    1.27323556e+00 1.72644663e+00 1.71327806e+00 -1.45070732e-01
    1.54428267e+00 8.39097798e-01 7.67450631e-01 1.36375546e+00
    1.26046073e+00 5.58066964e-02 9.71597493e-01 -2.06736743e-01
    5.44123352e-01 -3.07373464e-01 -6.03871107e-01 1.55174255e-01
    -7.41854370e-01 1.24147928e+00 1.06547189e+00 8.61843467e-01
    1.58709443e+00 -6.28067732e-01 -3.08589339e-01 5.07967234e-01
    -2.27388859e-01 -1.41034126e-02 1.62275863e+00 6.13823771e-01
    1.05352676e+00 2.87877917e-01 -2.03621209e-01 -7.12484837e-01
    1.08484471e+00 -6.59281969e-01 1.20621300e+00 1.73389912e-01
    5.58363259e-01 -3.26992333e-01 1.76836979e+00 7.35892177e-01
    -1.67334139e-01 6.87341392e-01 1.08688879e+00 -9.05667543e-02
    2.04255223e+00 -5.28875291e-01 1.84042096e+00 2.05912018e+00
    1.29899359e+00 1.22217727e+00 -1.39445424e-01 -5.13299882e-01
    7.14192450e-01 1.37948990e-02 -5.62057674e-01 -7.13641405e-01
    1.35468173e+00 1.35490155e+00 5.07887185e-01 4.83235359e-01
    -5.16969085e-01 1.73001766e+00 5.79872608e-01 -8.14208984e-01
    1.54440308e+00 1.55965173e+00 1.58354044e+00 -6.43005371e-01
    1.67150450e+00 -3.15536618e-01 -6.72580004e-02 6.12308383e-01
    -4.54868853e-01 1.02577507e+00 -9.92248893e-01 5.19481421e-01
    1.09923458e+00 1.12452698e+00 5.04356086e-01 -1.87447071e-02
    4.31722403e-02 -8.11187506e-01 -6.25844836e-01 -8.32603812e-01
    1.09230161e+00 -8.06643307e-01 -2.48348475e-01 -6.31458163e-02
    -3.93533170e-01 1.39842093e+00 1.01989198e+00 -2.02860713e-01
    1.82960188e+00 1.76248598e+00 -6.70546234e-01 1.81251383e+00
    1.90601408e-01 1.24194622e+00 -2.83999443e-01 -5.68231881e-01
    1.68702435e+00 6.64194882e-01 1.25102401e+00 8.03690970e-01
    2.84826934e-01 -5.40250063e-01 3.64874005e-02 -7.28661716e-01
    1.75401413e+00 1.98685455e+00 1.00647843e+00 1.82261789e+00
    -6.46714449e-01 -4.78532672e-01 6.82106733e-01 -9.62731600e-01
    -6.38542175e-01 -1.94378316e-01 -8.74608159e-02 1.50261164e+00
    3.44455838e-01 -1.08877420e-02 -7.71813989e-02 1.56793952e-01
    -4.75856304e-01 1.46847963e+00 8.46527457e-01 9.91678238e-03
    -4.46516454e-01 -7.12870359e-01 1.14042401e-01 2.32125759e-01
    1.78341496e+00 -8.50303948e-01 1.36339509e+00 -8.66566300e-01
    1.12882793e-01 -1.91695035e-01 4.48977947e-01 -6.16178453e-01
    5.01251340e-01 -9.68357146e-01 1.51987445e+00 6.79764807e-01
    -8.77467692e-01 1.09018624e-01 4.62701261e-01 1.25770926e+00
    4.94202435e-01 -4.05209303e-01 -2.56167412e-01 -8.71053040e-01
    -8.25544357e-01 8.01566005e-01 -8.29229474e-01 -5.28930426e-01
    -3.32260132e-01 1.49012661e+00 -3.01437497e-01 1.10680747e+00
    3.65046322e-01 1.53517663e-01 2.54244924e-01 -6.89347029e-01
    -1.11483157e-01 4.27467585e-01 1.74660850e+00 1.45451570e+00
    1.62377453e+00 9.88519907e-01 -6.03869081e-01 4.74307537e-01
    -1.73557103e-01 -3.39464068e-01 1.60927701e+00 3.14573050e-02
    1.51248813e+00 5.24759293e-04 1.41210020e+00 -8.55675399e-01
    9.85904932e-02 -1.28968239e-01 9.72026587e-02 -1.35975242e-01
    6.34420991e-01 -1.07765198e-02 1.41640198e+00 5.37048340e-01
    -2.98785746e-01 1.17764413e+00 4.80328143e-01 1.68777347e+00
    7.96856463e-01 2.48989642e-01 1.50160348e+00 -1.60774529e-01
    -3.32614124e-01 -2.57667303e-01 -8.36284041e-01 -7.34496593e-01
    1.65831327e+00 2.90509164e-01 -9.30823743e-01 7.88007379e-01
    1.42178285e+00 2.86997557e-02 -4.12903249e-01 -6.41466737e-01
    -1.77309275e-01 -7.88831949e-01 1.20769548e+00 -8.04864168e-01
    -5.38445115e-01 4.90930319e-01 1.78724098e+00 1.88850665e+00
    -2.64852941e-01 1.80673003e+00 -3.38032186e-01 -3.74177694e-01
    1.69070077e+00 1.26470864e+00 -5.63084245e-01 1.19651151e+00
    1.67221570e+00 8.05954933e-01 -1.30082726e-01 -2.08925784e-01
    1.81753683e+00 1.38476849e+00 -7.30890632e-01 1.67190778e+00
    -1.51892602e-01 -6.95468009e-01 -4.86279249e-01 -2.35988498e-01
    1.01946759e+00 2.07618403e+00 1.26176310e+00 -6.59362078e-02
    -8.92228484e-02 1.02974153e+00 1.37413824e+00 8.11875105e-01
    7.48647153e-01 1.66395903e+00 1.11703825e+00 -9.14335251e-04
    7.53465295e-01 -7.86502302e-01 1.30482125e+00 3.78677070e-01
    1.32539761e+00 3.04560542e-01 1.96270978e+00 -7.46436119e-02
    5.54652512e-01 -1.25025511e-02 -4.29067850e-01 -1.93509459e-02
    -8.79609287e-01 9.97199297e-01 4.63129878e-02 1.31463468e+00
    -2.03601420e-01 8.21119010e-01 1.21077561e+00 1.36763120e+00
    3.17562163e-01 -4.22223210e-02 3.50659251e-01 1.74844551e+00
    9.39581811e-01 1.92802906e+00 1.09571815e+00 6.47073984e-01
    9.27392602e-01 -8.36408257e-01 8.99828434e-01 3.39671493e-01
    1.14740491e+00 -6.08028650e-01 7.31101632e-01 5.78302622e-01
    8.74099612e-01 1.22832751e+00 1.43384326e+00 9.77851629e-01
    6.23802662e-01 -3.83690357e-01 1.12559783e+00 2.10544705e-01
    6.38589501e-01 -9.26071465e-01 1.78240347e+00 7.98051059e-01
    -3.84184837e-01 1.63753808e-01 -8.72636795e-01 1.97231781e+00
    -5.97335935e-01 8.82116258e-01 -4.41705048e-01 -4.70322371e-03
    -3.68173480e-01 -4.38329577e-01 1.79898572e+00 -6.29015923e-01
    2.30028868e-01 -3.57787102e-01 1.08595729e+00 -7.30146706e-01
    3.63998413e-02 5.92497587e-01 1.15668559e+00 1.96566212e+00
    3.77778292e-01 1.30050063e+00 9.38477755e-01 6.05532527e-01
    -1.50807798e-01 9.30360079e-01 4.72540021e-01 1.38567889e+00
    -1.05661941e+00 -9.80570793e-01 -1.03418028e+00 1.58991957e+00
    1.55654407e+00 1.48335147e+00 1.57961893e+00 5.25133252e-01
    -8.65690291e-01 1.62989318e+00 -7.81756699e-01 1.63698864e+00
    -8.33805621e-01 9.78976488e-02 1.84248376e+00 -2.79632211e-02
    -6.02379262e-01 1.24579334e+00 1.53431058e+00 1.81132221e+00
    -7.94962406e-01 -1.94350481e-02 3.11324596e-02 4.32598710e-01
    7.57004619e-01 1.93974602e+00 6.37566686e-01 -4.38368678e-01
    8.24200869e-01 -6.14834905e-01 -3.91953409e-01 1.04119432e+00
    5.01372099e-01 -5.53823113e-01 3.62379789e-01 4.53982353e-01
    -5.26356161e-01 -3.81953418e-01 1.58036411e-01 1.92515588e+00
    1.86543119e+00 -2.04063535e-01 -6.21174335e-01 -4.53293622e-01
    7.96090484e-01 -4.01404619e-01 1.91212928e+00 1.62683439e+00
    1.87905312e+00 7.52634287e-01 -6.78406358e-01 1.46434140e+00
    1.38202763e+00 7.39423513e-01 -9.00878251e-01 1.40149760e+00
    -1.07591212e-01 9.59553838e-01 -2.88128853e-04 1.14697850e+00
    1.22191238e+00 1.32740593e+00 1.07430100e-01 -1.02449596e+00
    1.11463141e+00 -9.19862986e-01 1.36218870e+00 1.56991053e+00
    -1.82532370e-01 1.85493445e+00 -7.66259670e-01 -2.00126171e-02
    1.13661420e+00 1.11816311e+00 -8.46097410e-01 -4.32680726e-01
    -4.14647996e-01 4.54043925e-01 1.69230485e+00 -2.80508757e-01
    1.42947173e+00 1.80424643e+00 8.38045597e-01 1.72471523e-01
    -8.17065358e-01 -1.61767125e-01 7.71004856e-01 2.16823220e-02
    -5.79013824e-02 2.03055453e+00 -6.20239377e-01 9.45280313e-01
    1.97855699e+00 -7.24459589e-01 1.11375070e+00 8.99136364e-01
    9.45495367e-01 5.39057374e-01 1.99528277e+00 7.49016404e-01
    3.25865686e-01 1.00939333e-01 2.00893903e+00 1.18407631e+00
    -8.92322123e-01 1.74126422e+00 -8.48342299e-01 -5.19068897e-01
    7.79278040e-01 1.49292779e+00 1.68185639e+00 1.85618746e+00
    -2.75254846e-01 -3.74852896e-01 1.52763474e+00 -1.14112794e-01
    1.08967745e+00 9.14883733e-01 -6.43109083e-01 -3.68840396e-01
    1.97577119e+00 1.05129623e+00 -9.12085891e-01 2.77091742e-01
    3.05916905e-01 8.57933760e-02 1.49974215e+00 -1.77933395e-01
    -7.89399624e-01 -1.58620715e-01 1.81024456e+00 1.04534745e+00
    1.77689040e+00 -5.84020078e-01 2.50850379e-01 9.40573096e-01
    1.86249971e-01 1.37001777e+00 1.20076632e+00 4.46599960e-01
    4.79553640e-01 -8.26037109e-01 9.08331633e-01 1.44445348e+00
    7.14473128e-02 -4.90578473e-01 4.37541366e-01 -4.14720178e-01
    7.28042841e-01 -9.68709469e-01 1.80708742e+00 -1.38479054e-01
    -1.84736609e-01 1.53055108e+00 5.96404076e-03 -6.51053905e-01
    3.72942686e-01 1.88381994e+00 -2.47908771e-01 -1.20520592e-03
    2.06150317e+00 4.90995407e-01 7.27528512e-01 -6.02848411e-01
    5.76297045e-02 -3.52749109e-01 9.96966183e-01 9.44748759e-01
    -2.92165995e-01 1.94081426e-01 1.37008166e+00 1.58461261e+00
    -4.50858653e-01 1.54479420e+00 1.66013241e-01 1.92741632e-01
    9.47699428e-01 -6.47850096e-01 9.03029561e-01 1.14991117e+00
    -3.60265613e-01 7.19855845e-01 6.82443202e-01 -8.01527441e-01
    6.26778841e-01 7.20722914e-01 3.28909814e-01 2.42197573e-01
    -8.02739739e-01 -3.02871704e-01 -3.45183492e-01 -6.08518541e-01
    7.54930139e-01 8.49977434e-01 -1.58619583e-01 -7.27685452e-01
    1.01570749e+00 -5.66922188e-01 1.56357241e+00 6.28320336e-01
    -5.33068776e-01 4.78264153e-01 4.45375502e-01 -6.59366846e-02
    6.47731185e-01 1.62003338e+00 -6.89254403e-01 1.73852098e+00
    -6.35859132e-01 7.81067967e-01 9.12105322e-01 1.04658711e+00
    2.83155441e-01 1.43337250e+00 4.86727953e-01 9.57525373e-01
    6.22630119e-03 9.30454135e-01 -7.44758785e-01 6.08020365e-01
    1.13408732e+00 9.66583490e-01 1.32641351e+00 -6.98169708e-01
    -7.56480336e-01 8.38316739e-01 1.01911247e-01 5.31019986e-01
    2.43527114e-01 -8.43683600e-01 1.06927896e+00 3.75610948e-01
    -3.39298129e-01 1.02163959e+00 4.79702532e-01 -2.57436931e-01
    -7.82780051e-01 1.88384533e+00 1.46799684e-01 1.79025912e+00
    -3.19001079e-02 1.83484674e+00 -3.08513165e-01 1.26156640e+00
    8.81705344e-01 -3.56453806e-01 2.42405951e-01 -5.02332211e-01
    1.69151402e+00 9.82724726e-01 1.50148952e+00 -3.08005333e-01
    -1.72148943e-02 1.09779763e+00 1.00716209e+00 3.77445817e-01
    3.24788809e-01 -2.98161924e-01 1.63040340e+00 -1.03204107e+00
    1.66930628e+00 1.10576046e+00 1.57285619e+00 1.54198778e+00
    1.30833364e+00 8.84175837e-01 -6.51745915e-01 1.28917336e-01
    3.28249753e-01 1.80608940e+00 -8.20864916e-01 -8.46478701e-01
    1.11839843e+00 -5.10499001e-01 1.15261817e+00 6.79282546e-02
    4.08694685e-01 1.53517127e+00 4.31282818e-01 1.83644152e+00
    8.37295234e-01 5.51653028e-01 3.42055142e-01 -4.17383015e-01
    1.74803257e+00 1.95289969e+00 1.76306224e+00 5.72530210e-01
    -6.44106030e-01 1.92701483e+00 -7.47922838e-01 9.28504944e-01
    -7.98553109e-01 1.71400309e+00 4.85132337e-02 6.33857667e-01
    -1.88982487e-03 -1.51877284e-01 -7.86895037e-01 5.07747173e-01
    1.23309326e+00 9.53298807e-01 -3.43291521e-01 8.28817725e-01
    -5.03608584e-01 1.69209969e+00 -4.55915213e-01 -5.70801258e-01
    -9.51183736e-01 1.67390156e+00 -2.82922864e-01 -1.58655643e-03
    7.72698522e-01 1.56377709e+00 3.21289301e-02 -6.00651383e-01
    6.83394313e-01 4.84467268e-01 1.06248355e+00 1.20486271e+00
    3.92340183e-01 2.33860016e-01 1.34549797e+00 -7.88000762e-01
    -6.75968647e-01 1.04460883e+00 7.18918145e-01 6.18514359e-01
    1.45416832e+00 1.55507505e+00 4.19392407e-01 9.32376444e-01
    4.95374799e-01 6.34224534e-01 1.80537522e+00 -7.28584886e-01
    2.15243697e-01 1.41052544e+00 1.79375267e+00 -2.51268804e-01
    5.69913864e-01 2.78066456e-01 1.65007949e+00 1.22293878e+00
    -8.41389239e-01 2.06504405e-01 4.22907472e-01 -8.97345483e-01
    1.04268098e+00 4.66173470e-01 5.80874681e-02 -4.37800914e-01
    1.16364527e+00 -3.14650267e-01 -4.49642360e-01 9.95547831e-01
    3.12910497e-01 -6.80132270e-01 1.48848212e+00 1.26694322e+00
    8.14716220e-01 6.92076445e-01 -4.62050557e-01 3.65540385e-01
    4.46265340e-01 -9.95235801e-01 8.39184403e-01 -2.30848789e-01
    -3.88038099e-01 -4.90493178e-02 2.34066844e-01 -7.33837426e-01
    -3.09426665e-01 -8.23695958e-01 7.33929038e-01 1.73164940e+00
    -2.22254992e-02 2.45397806e-01 6.62217975e-01 9.09042358e-01
    5.61167359e-01 -8.11861634e-01 -5.48714161e-01 1.79040241e+00
    5.94820499e-01 1.61142850e+00 -7.46534586e-01 -4.23157215e-03
    1.77028966e+00 5.76209724e-01 1.06694984e+00 -6.70667648e-01
    1.53693795e+00 1.48054481e-01 -1.66125000e-01 -1.72351420e-01
    6.20180368e-03 6.58361435e-01 -4.18438315e-02 5.36906123e-02
    1.65710294e+00 1.75656796e+00 1.27073431e+00 6.83638573e-01
    1.11538410e-01 1.87408972e+00 1.70161116e+00 -1.58898890e-01
    5.27884126e-01 -1.08212411e-01 6.83024108e-01 7.59304643e-01
    1.37332499e-01 -1.67208970e-01 1.55105352e-01 1.06312037e-01
    2.09721029e-01 -6.45051956e-01 -8.58674645e-01 5.99584579e-01
    6.23026788e-01 1.46120334e+00 1.85445631e+00 -5.74500799e-01
    8.21750462e-01 -7.90533543e-01 1.87627864e+00 6.03589833e-01
    9.55129862e-02 1.59055209e+00 -1.75270557e-01 1.84451842e+00
    5.25520802e-01 1.54652107e+00 3.97333145e-01 9.33184683e-01
    -1.39797032e-01 -5.06541073e-01 1.82138753e+00 4.64422166e-01
    -7.07077384e-02 1.74544024e+00 5.21871507e-01 -9.27456021e-01
    1.25657141e-01 4.95110631e-01 1.35349488e+00 -3.31295013e-01
    1.84353209e+00 1.64553308e+00 -2.32636750e-01 1.97168398e+00
    8.26597691e-01 4.41625476e-01 6.35227263e-01 -8.20271492e-01
    2.16405571e-01 3.27714682e-01 1.26661503e+00 -5.15924871e-01
    -2.14205086e-01 -3.36907148e-01 1.78034234e+00 -3.76675367e-01
    -4.96371925e-01 2.14838326e-01 6.20558918e-01 1.59576392e+00
    4.96489167e-01 1.80855405e+00 1.75115514e+00 -4.01179373e-01
    1.45006001e-01 -4.90266830e-01 1.45298302e+00 9.69144642e-01
    5.55330038e-01 6.77092373e-01 -1.65380299e-01 -7.35425532e-01
    1.81790054e+00 3.57440531e-01 -2.67938077e-01 -5.16099572e-01
    1.43899202e+00 -3.44282389e-01 -2.65343606e-01 3.19433808e-02
    8.24087918e-01 4.52122808e-01 -2.43283033e-01 -8.12385201e-01
    1.42932796e+00 -8.20958674e-01 1.88348770e-01 4.46823895e-01
    9.78240848e-01 1.64182532e+00 3.99301410e-01 -3.11419427e-01
    -1.10975921e-01 1.63707614e-01 -7.83157110e-01 -4.50822264e-01
    1.40678930e+00 8.59252632e-01 -2.18048155e-01 -1.92774653e-01
    -8.14059436e-01 1.67376578e+00 -7.71150053e-01 -2.02484071e-01
    1.59195006e+00 6.62789941e-01 1.30991912e+00 7.54289985e-01
    1.71013403e+00 -6.58325195e-01 1.75417662e-02 -4.46225822e-01
    1.92789197e+00 -4.28247213e-01 -6.98920548e-01 1.46315718e+00
    1.73864996e+00 1.64175010e+00 -6.75923884e-01 3.71573687e-01
    -4.85728920e-01 -8.29682887e-01 3.67888212e-02 -8.84470403e-01
    -9.11434531e-01 -6.10514641e-01 1.05564213e+00 -3.39418411e-01
    -1.23026609e-01 -1.41905308e-01 1.41320634e+00 2.96620905e-01
    -5.27462125e-01 -2.78810441e-01 6.01026416e-02 1.77418518e+00
    7.06194043e-02 1.53254366e+00 -6.39076769e-01 3.12632501e-01
    9.39037621e-01 6.18855119e-01 -6.54994905e-01 1.30012393e+00
    -7.68575132e-01 3.08791101e-01 -1.07908428e-01 4.55765963e-01
    1.78965282e+00 5.54755926e-01 1.55856967e+00 1.41558826e+00
    1.69844759e+00 1.23238623e+00 -3.74477506e-01 -7.51040339e-01
    9.70027089e-01 1.54351115e+00 1.37357807e+00 1.03978336e+00
    6.68115854e-01 1.70050669e+00 -7.81666458e-01 -7.01923013e-01
    1.52621782e+00 1.58162475e-01 1.37537360e-01 1.26137829e+00
    6.85764670e-01 8.43445778e-01 1.06027126e+00 1.78870535e+00
    8.92543793e-02 1.78569949e+00 1.40458274e+00 6.20819271e-01
    -9.45005536e-01 1.59357023e+00 -9.47127342e-01 9.63465929e-01
    1.75933397e+00 -2.66176820e-01 1.74840105e+00 -3.96124542e-01
    -4.93837595e-02 -8.93615305e-01 6.72288477e-01 7.76437640e-01
    1.77495050e+00 1.91663349e+00 1.66958427e+00 3.31805944e-02
    6.94364130e-01 1.00164914e+00 -1.09398425e-01 1.31002784e-01
    5.79680800e-01 1.81337535e+00 -6.72284007e-01 6.57910347e-01
    5.21495104e-01 2.13456154e+00 1.25044703e+00 1.63191199e+00
    7.96954095e-01 1.56252313e+00 -7.36550570e-01 1.58895373e+00
    -1.96813643e-01 8.28087807e-01 1.35544395e+00 -4.14364874e-01
    -2.47432292e-01 1.30874395e-01 1.98414803e-01 1.91752076e-01
    1.10108495e+00 -3.59431684e-01 -8.44357252e-01 1.57563019e+00
    1.35510302e+00 9.88827050e-01 -7.24817634e-01 1.58644021e+00
    -9.60323632e-01 1.62715697e+00 -1.00979805e+00 1.54202747e+00
    1.33225060e+00 -5.85008979e-01 1.38703489e+00 1.60127151e+00
    1.63664186e+00 7.16325045e-02 -5.98853111e-01 5.45153141e-01
    5.76717734e-01 1.76234245e-02 9.19262826e-01 7.59058893e-01
    6.99429035e-01 3.34310532e-03 1.24820185e+00 1.44335485e+00
    -6.10245347e-01 8.73810351e-01 4.76143301e-01 -3.64729166e-01
    8.93895507e-01 2.72664666e-01 7.65520930e-01 1.33766270e+00
    -5.33374965e-01 1.02340078e+00 1.66597402e+00 -8.71333838e-01
    -1.79398775e-01 1.40704203e+00 -6.47498965e-01 1.36252272e+00
    2.75659442e-01 -7.30034590e-01 9.24164057e-02 1.83503342e+00
    -7.10931897e-01 2.11165011e-01 -7.01877356e-01 1.15341187e-01
    1.35842514e+00 1.39086080e+00 -7.84589231e-01 7.89293647e-02
    1.40950489e+00 -1.79168880e-01 8.76403451e-01 -1.42816722e-01
    1.79044127e-01 1.43788099e-01 1.53165114e+00 1.66417718e+00
    -3.91768336e-01 2.59096861e-01 7.67258763e-01 -1.19531155e-03
    -9.11790431e-01 -6.81319594e-01 1.94485521e+00 -8.82439911e-01
    1.07015789e-01 9.17300999e-01 5.39088368e-01 1.46326542e-01
    5.24375141e-01 1.15426040e+00 1.06503034e+00 1.28873324e+00
    1.57125175e-01 -4.68615115e-01 -8.77748191e-01 -7.43309915e-01
    7.48738945e-01 1.00008464e+00 1.78492427e+00 -4.46068525e-01
    9.60076690e-01 3.15124273e-01 5.01754105e-01 2.01287270e+00
    1.69831097e-01 -6.83372319e-01 -3.86828959e-01 1.00101519e+00
    1.01045144e+00 -5.41279674e-01 3.55906010e-01 2.29633451e-01
    -7.29488373e-01 -6.31772935e-01 4.86724436e-01 2.24394202e-01
    9.02697206e-01 -1.96587443e-01 1.21278107e-01 1.82987380e+00
    -3.16803873e-01 -7.25900829e-01 9.19026077e-01 1.62304080e+00
    3.03341985e-01 -5.66586196e-01 5.59592366e-01 1.46623850e-01
    -5.23537159e-01 1.62834811e+00 1.66107917e+00 1.15667582e+00
    1.01841903e+00 1.78466737e-01 -8.33302617e-01 1.13948178e+00
    -5.24124503e-02 -6.27333641e-01 9.27579463e-01 -1.55249894e-01
    5.49953938e-01 1.54697764e+00 8.58351350e-01 1.05256033e+00
    4.03183579e-01 1.50234938e+00 7.86892772e-02 -1.50530934e-01
    8.66785645e-02 1.16924095e+00 9.48852777e-01 -2.41572618e-01
    1.23610795e+00 -4.12869930e-01 1.67389548e+00 1.80273175e+00
    7.86547780e-01 1.16701376e+00 -2.27871478e-01 1.74054623e-01
    1.52153015e+00 5.05360365e-02 3.73523235e-02 6.58043504e-01
    5.64174533e-01 1.33143377e+00 -2.48414636e-01 1.47944844e+00
    4.42959070e-01 -6.19812608e-02 1.74002576e+00 4.21669424e-01
    1.40735269e+00 1.02638602e+00 5.29541135e-01 8.29850316e-01
    9.93551731e-01 1.32615256e+00 1.75910652e-01 1.16692924e+00
    -4.27677393e-01 -1.38356149e-01 -1.78277969e-01 -5.55035353e-01
    1.28122139e+00 9.39438641e-01 -1.90756679e-01 9.08176899e-01
    3.02325130e-01 -9.14294660e-01 1.06354284e+00 -4.21612859e-01
    -5.27502894e-01 3.64730060e-01 -1.89348757e-01 -3.66578341e-01
    1.57839632e+00 7.57857025e-01 1.13993788e+00 -2.76236534e-01
    7.04934835e-01 6.29022360e-01 -1.99806154e-01 9.14663434e-01
    -3.02072704e-01 3.79082084e-01 1.32529092e+00 2.14319825e-01
    1.52758002e-01 1.17349994e+00 7.31370330e-01 1.11724603e+00
    6.98276758e-02 -2.71027386e-01 -5.06230891e-01 1.62444520e+00
    -1.82475865e-01 1.56607831e+00 -7.52960443e-01 -6.58893704e-01
    -7.73835778e-01 7.66218185e-01 1.42391717e+00 -8.51638317e-02
    -3.19464207e-01 -7.62922525e-01 -5.56266308e-01 5.05820036e-01
    8.59583020e-01 -1.42438054e-01 1.74145377e+00 5.99317312e-01
    1.11381066e+00 5.41809320e-01 -8.33732128e-01 1.61736345e+00
    1.79512930e+00 4.45609808e-01 1.51832449e+00 -1.14456713e-01
    -4.32628155e-01 -1.81898654e-01 -9.28042829e-01 -1.84905827e-01
    -2.35527158e-02 -6.93193316e-01 -3.57535183e-01 1.22415018e+00
    1.23796606e+00 1.07605898e+00 9.04126704e-01 6.61495924e-02
    -4.28570360e-01 4.91009355e-02 -1.77365154e-01 6.28995836e-01
    2.05500364e+00 8.17450821e-01 1.54626763e+00 9.51167583e-01
    -1.55514717e-01 9.40073848e-01 4.16516185e-01 5.23951173e-01
    1.04927158e+00 -5.85234582e-01 8.01329017e-01 8.03236961e-02
    1.74013340e+00 1.61071384e+00 1.92505562e+00 1.88121080e-01
    1.28558254e+00 -1.44187212e-01 1.57535076e+00 5.56925356e-01
    9.48305607e-01 -9.54907000e-01 -2.28194177e-01 1.79610908e+00
    1.68139946e+00 1.64492023e+00 1.21495962e+00 7.61418343e-01
    1.38848090e+00 8.69452477e-01 1.68345189e+00 -6.25953674e-01
    8.93436670e-02 8.28709006e-01 1.94518065e+00 -8.05976272e-01
    6.17232800e-01 1.51375771e+00 1.71549320e-02 -6.83824182e-01
    1.33391976e+00 -7.89485991e-01 5.20312488e-01 -9.76172686e-02
    3.05399895e-02 2.81880856e-01 1.37643492e+00 8.07736039e-01
    -3.70894670e-01 1.69155586e+00 9.26961184e-01 -5.56316972e-02
    -2.95368373e-01 1.07256484e+00 -9.66072142e-01 1.48596478e+00
    1.79006886e+00 7.53862262e-01 6.65439188e-01 -8.56288373e-01
    2.01534367e+00 7.94642985e-01 1.96693921e+00 6.70170844e-01
    5.37124813e-01 -1.91696882e-01 1.57228339e+00 -7.74043381e-01
    1.66932893e+00 -4.47273165e-01 1.23892355e+00 -8.27975392e-01
    1.69640803e+00 8.61723423e-01 1.48952985e+00 -4.12776053e-01
    -8.89013290e-01 1.53307867e+00 6.35161042e-01 -5.84181666e-01
    8.69924426e-02 1.44578910e+00 1.58659673e+00 1.43010211e+00
    -2.74767101e-01 2.19798326e-01 1.39323092e+00 1.84560120e+00
    1.05278444e+00 -8.80929649e-01 1.52997255e-01 -5.06339192e-01
    3.43967021e-01 -3.75941575e-01 9.89625692e-01 1.44009256e+00
    1.21220422e+00 1.27135253e+00 1.67530394e+00 6.36542201e-01
    4.96378899e-01 5.82528591e-01 -9.39407945e-02 1.08398151e+00
    3.97363901e-01 -2.99291730e-01 -5.06424308e-01 1.03902197e+00
    6.46557748e-01 5.90092480e-01 -1.20615959e-03 4.95153427e-01
    1.37148488e+00 1.06057000e+00 1.09183598e+00 4.81323361e-01
    -7.54975200e-01 -9.03219044e-01 1.63340783e+00 -6.41227126e-01
    -3.66222084e-01 -8.17714691e-01 -5.05447805e-01 -1.75384700e-01
    1.89837039e+00 9.35424209e-01 1.88368237e+00 1.93498802e+00
    -8.33268940e-01 1.65957963e+00 1.91468835e-01 8.63330960e-02
    1.54686010e+00 1.25454450e+00 1.80697155e+00 -5.60779810e-01
    1.46439016e+00 1.18232965e+00 1.91034555e+00 1.18270350e+00
    -7.70948827e-01 -4.34235990e-01 4.33271825e-01 -3.28809559e-01
    -7.54616678e-01 -7.64314950e-01 1.57301307e+00 -6.12228632e-01
    6.18958473e-02 6.65750563e-01 2.00398564e+00 1.14844155e+00
    -5.39166152e-01 4.90849733e-01 -4.27628279e-01 -9.30759907e-02
    5.21365643e-01 8.31714153e-01 6.83699012e-01 9.49890494e-01
    1.12218916e+00 -3.69467556e-01 -2.34020591e-01 9.62002993e-01
    5.20813763e-01 1.07443964e+00 -8.70042801e-01 3.02070975e-02
    1.05415332e+00 8.55809808e-01 9.10554051e-01 1.19370961e+00
    -6.45440221e-01 6.09048486e-01 -3.17877829e-01 3.56605947e-01
    1.48274851e+00 7.98438847e-01 1.85370636e+00 1.82147563e+00
    1.23957920e+00 -4.86165881e-02 -7.52334654e-01 -9.28051949e-01
    1.18154621e+00 1.00276160e+00 -7.76716948e-01 5.83497822e-01
    -6.53141499e-01 1.28941143e+00 1.68742013e+00 1.60586476e-01
    -2.22158551e-01 -1.95745766e-01 1.01572657e+00 -5.92551947e-01
    4.35110092e-01 9.41188812e-01 8.43006372e-01 1.52737784e+00
    -8.52266431e-01 1.09265029e+00 1.28936172e-01 -6.90885067e-01
    1.66461515e+00 1.59451723e-01 6.98679447e-01 -5.93112886e-01
    1.82653570e+00 -1.65078640e-02 1.32635248e+00 4.27011251e-02
    -5.40749490e-01 1.95005655e-01 8.64926577e-01 1.74330580e+00
    1.24980760e+00 1.24439609e+00 1.84372616e+00 -5.03044486e-01
    1.60815299e+00 2.82755494e-01 -8.91793847e-01 1.67444456e+00
    1.61454844e+00 -3.48373830e-01 8.80329013e-01 1.18993783e+00
    -5.39089799e-01 -7.59500265e-03 -6.86267614e-01 4.77972507e-01
    7.48025894e-01 6.44608200e-01 1.33341432e+00 -8.39157403e-01
    6.87043428e-01 1.94905162e+00 6.01521611e-01 1.82258201e+00
    -8.89400065e-01 1.86277854e+00 6.43178999e-01 -3.12509477e-01
    6.51624382e-01 1.54070568e+00 1.70093048e+00 1.14813614e+00
    7.63112247e-01 -4.15070385e-01 -1.25375569e-01 -7.69513309e-01
    -1.04824305e-01 8.20909560e-01 1.46443057e+00 -6.49939775e-02
    1.98036098e+00 5.82660556e-01 1.14560413e+00 1.66696107e+00
    1.58231127e+00 -1.00580251e+00 1.62467086e+00 1.24340451e+00
    1.77872717e+00 1.23027182e+00 4.01830554e-01 -5.60000539e-02
    1.38939309e+00 8.90197277e-01 1.26478755e+00 1.09354889e+00
    1.81763172e-02 2.64155388e-01 6.45780146e-01 9.03479218e-01
    1.88715005e+00 1.11558008e+00 8.84501934e-01 -8.41382623e-01
    2.11399555e-01 1.81897402e+00 -3.72504950e-01 1.63051319e+00
    1.16223669e+00 -6.15855575e-01 7.99379706e-01 -4.11279857e-01
    1.62782311e+00 1.39603090e+00 -5.01718044e-01 -8.11972499e-01
    1.57921910e+00 -1.59253895e-01 6.44330978e-02 2.49127269e-01
    -6.28736198e-01 1.35713053e+00 1.69190133e+00 4.05243337e-01
    7.25388885e-01 8.17004800e-01 8.09734941e-01 1.64023399e-01
    8.04889441e-01 1.41561687e+00 -3.46847892e-01 1.70564914e+00
    1.13221395e+00 1.33393586e+00 5.89398623e-01 1.28096628e+00
    -2.44476199e-01 1.90055013e+00 -5.98477364e-01 -7.43242860e-01
    1.33148968e-01 1.14258707e-01 1.60910892e+00 9.30914044e-01
    -4.61180836e-01 2.01314783e+00 1.75199091e-01 2.93334365e-01
    -2.24807441e-01 -5.47375798e-01 1.74587429e+00 -2.69168198e-01
    6.16597891e-01 8.95215511e-01 1.81296837e+00 -2.82949269e-01
    -4.31653857e-02 8.65356445e-01 8.50471258e-02 1.13031256e+00
    1.14743364e+00 -6.41508698e-02 -4.51474249e-01 -9.01036859e-02
    3.42343032e-01 1.18991196e-01 3.12433064e-01 -5.40425897e-01
    -2.93971777e-01 1.12417912e+00 5.77991545e-01 -2.26746023e-01
    1.19897270e+00 1.49441004e-01 -7.58218467e-01 1.13568997e+00
    -2.13768959e-01 -8.51884484e-01 1.29506445e+00 -1.29995465e-01
    7.15267360e-01 -9.08001363e-01 1.52514970e+00 1.05605292e+00
    1.75923586e+00 -8.86662602e-02 1.18056345e+00 -5.71349621e-01
    2.00656986e+00 5.39562285e-01 5.99938154e-01 -1.59592450e-01
    5.61472774e-02 1.70540142e+00 -6.03965759e-01 2.59669423e-01
    1.60763335e+00 -3.03756237e-01 7.95131683e-01 -5.03215492e-01
    1.42806816e+00 1.44793367e+00 4.92344081e-01 5.57438850e-01
    4.76292610e-01 1.92911303e+00 1.75641048e+00 2.06985772e-01
    1.20015407e+00 1.61062646e+00 -5.67415476e-01 -7.19623566e-01
    -6.36566818e-01 1.98412931e+00 -6.43161595e-01 -7.49199152e-01
    -7.63097525e-01 -7.32454181e-01 1.10608315e+00 1.01400208e+00
    8.81775558e-01 1.04333949e+00 1.14795482e+00 1.55335486e+00
    6.63148522e-01 -6.83334172e-01 4.38799918e-01 -2.43111849e-02
    -1.11068010e-01 7.18213081e-01 -6.54692233e-01 7.61157751e-01
    -5.67337394e-01 1.50095832e+00 6.64526343e-01 1.21345353e+00
    -1.24508739e-01 -8.67557406e-01 1.23378229e+00 5.91716170e-01
    7.47682333e-01 -3.43628228e-01 -9.45587456e-01 8.99130344e-01
    -8.23510170e-01 -6.00531876e-01 1.32521689e+00 6.59121156e-01
    1.05397010e+00 -3.95003021e-01 1.49434865e+00 5.86926699e-01
    1.63932443e-02 1.87197304e+00 -5.25600910e-01 -3.35496604e-01
    -4.67118949e-01 -5.43346882e-01 1.71704304e+00 2.31111288e-01
    1.57825804e+00 -7.51757145e-01 6.22510314e-01 1.89250112e+00
    1.40518069e+00 1.53283203e+00 8.59194756e-01 9.74116683e-01
    1.67418444e+00 9.91067410e-01 1.48261476e+00 1.46485972e+00
    1.54830563e+00 -8.97933722e-01 4.54302669e-01 1.51876915e+00
    -6.17853880e-01 3.74077320e-01 1.31518948e+00 7.65398145e-01
    -1.99611187e-02 -6.18054867e-01 9.35344458e-01 6.06322527e-01
    1.48555458e+00 8.78072381e-01 -8.80464315e-02 2.60001659e-01
    1.52842283e+00 1.30771804e+00 1.37783611e+00 7.54963160e-01
    1.15854967e+00 -3.55202317e-01 1.18830442e-01 1.60395110e+00
    5.96159458e-01 1.13796294e+00 -1.26365840e-01 -2.90264666e-01
    1.30058646e+00 1.58216679e+00 1.52111495e+00 1.53386855e+00
    -7.09604323e-01 7.95266867e-01 -2.78135657e-01 1.55090940e+00
    1.12274957e+00 -3.04382205e-01 4.82690334e-03 -9.29722846e-01
    5.27111709e-01 2.06649482e-01 7.33891487e-01 -2.74056792e-02
    -5.96158981e-01 5.09116411e-01 9.39810276e-01 -8.06621432e-01
    1.84967935e-01 1.65819645e+00 3.05321574e-01 1.04290283e+00
    1.01429570e+00 -8.99983108e-01 8.70426118e-01 -7.52036214e-01
    -7.74672627e-01 -2.41392791e-01 -7.12025940e-01 -4.31956887e-01
    1.58303452e+00 1.40264225e+00 7.83185065e-01 1.73975754e+00
    1.61452174e+00 -4.15764391e-01 1.57968354e+00 1.33089817e+00
    4.47562456e-01 -6.88970566e-01 1.67297840e-01 1.06426096e+00
    2.11457133e-01 -1.83206439e-01 -5.83086073e-01 6.41533732e-01
    1.83951616e+00 6.94671154e-01 6.02561831e-01 -2.13037729e-02
    1.41213357e-01 -1.98752165e-01 -5.81099153e-01 -4.36017156e-01
    -8.78009796e-01 -2.24111497e-01 -7.77458549e-01 1.37307000e+00
    5.39628983e-01 -7.98583031e-04 -1.78699017e-01 -3.53789330e-01
    3.98215890e-01 9.37543035e-01 1.07951248e+00 -5.71092546e-01
    6.82849169e-01 1.80999708e+00 1.04572535e-01 1.43794155e+00
    -8.72864068e-01 4.97091115e-01 5.20790219e-01 1.14478230e+00
    1.04049015e+00 1.24366498e+00 1.45418727e+00 1.52247715e+00
    -7.23806500e-01 2.23892093e-01 1.57244110e+00 1.10749578e+00
    1.80404687e+00 -6.67914152e-01 1.22479916e-01 1.39397740e-01
    7.30228662e-01 -9.56803620e-01 9.37415481e-01 1.05048966e+00
    1.46121049e+00 1.41057837e+00 -4.03099358e-01 9.16651726e-01
    8.79700780e-02 5.08622229e-01 -1.43600881e-01 -3.53245080e-01
    1.02118063e+00 -6.62887096e-03 9.91511881e-01 -5.34643412e-01
    1.67832375e-01 2.54781067e-01 5.19435227e-01 1.66611123e+00
    -1.74942791e-01 1.89886653e+00 1.42989028e+00 -3.67458344e-01
    1.71869695e+00 4.23084617e-01 1.90428936e+00 -6.93011880e-01
    2.61981308e-01 1.65565634e+00 5.77270985e-01 6.19858623e-01
    1.27158403e-01 -8.11282516e-01 1.08029962e+00 1.92141950e+00
    2.18086243e-01 1.57826400e+00 6.15931392e-01 8.44232082e-01
    9.50748324e-01 1.84099543e+00 1.46120310e-01 -3.01750660e-01
    -1.85672045e-01 6.74714506e-01 1.33840597e+00 -6.56819820e-01
    -8.29882979e-01 1.15531182e+00 -2.69657552e-01 1.47606397e+00
    -4.90962386e-01 1.37119150e+00 3.39052856e-01 -8.11053395e-01
    3.18219006e-01 2.20022738e-01 4.09662306e-01 -3.69510531e-01
    1.47827983e+00 -7.06507385e-01 -6.94006741e-01 -1.86859131e-01
    9.47677910e-01 1.83744180e+00 1.90650582e+00 1.71896815e+00
    -4.41946089e-01 1.96179175e+00 6.88171804e-01 1.55157709e+00
    1.74690521e+00 -8.26814830e-01 2.40034461e-01 9.60561633e-02
    -8.31799626e-01 -8.82302582e-01 2.00476766e+00 1.28962195e+00
    8.26776028e-03 1.61212182e+00 -4.31851804e-01 6.16481960e-01
    2.00522947e+00 6.15923405e-02 1.77520680e+00 5.16756833e-01
    1.18086267e+00 3.88797343e-01 -6.15058541e-01 1.09186959e+00
    -8.70661139e-02 9.24309194e-01 -7.75975049e-01 -4.62887466e-01
    9.93368804e-01 -1.19573653e-01 1.20384455e-01 7.88483560e-01
    -1.46354854e-01 7.99509287e-01 1.69853389e+00 1.10451245e+00
    2.34360814e-01 1.19106019e+00 1.32426536e+00 -3.24801922e-01
    3.23557973e-01 -4.12289441e-01 1.59888446e+00 4.49927330e-01
    1.40617132e+00 9.65274572e-01 3.31005812e-01 1.95868671e+00
    2.07704306e-01 -2.77884185e-01 -5.55579782e-01 1.97227478e-01
    1.03968918e+00 -8.66325498e-01 1.83981562e+00 1.60467839e+00
    -3.05966735e-02 8.64681959e-01 1.06057215e+00 1.62162781e+00
    -3.30010533e-01 1.65402317e+00 -3.31386745e-01 2.85566866e-01
    -8.20007920e-02 -6.79564595e-01 5.94820738e-01 -9.63150084e-01
    -5.31796813e-02 8.58208239e-01 -6.10679567e-01 1.06637084e+00
    -2.74550736e-01 1.65521979e+00 1.78356504e+00 1.84382796e+00
    3.58440876e-02 1.51681972e+00 -9.17621374e-01 -9.96897876e-01
    -7.50713706e-01 9.59627867e-01 7.78782368e-01 1.72825098e-01
    4.96293426e-01 1.39932263e+00 -3.20245862e-01 4.07871366e-01
    4.64918613e-02 2.28481293e-01 1.12109339e+00 1.43676913e+00
    1.86254501e-01 2.31161356e-01 1.04153728e+00 -8.07975769e-01
    -9.37334895e-02 7.71832228e-01 -4.44138050e-03 1.69200981e+00
    -1.43184960e-01 9.13545132e-01 4.31855083e-01 1.24538779e+00
    4.32879090e-01 9.73585844e-01 4.52990770e-01 1.07624197e+00
    6.70783639e-01 -2.01174438e-01 6.62271321e-01 -7.66654909e-01
    1.83345461e+00 2.79017329e-01 1.49545336e+00 1.76740944e-01
    -9.10413265e-03 6.27398610e-01 -6.20269775e-03 1.09055567e+00
    7.68689036e-01 -4.67037261e-01 -2.27944255e-02 1.29341519e+00
    3.07877660e-02 9.19360399e-01 1.75798011e+00 1.32469583e+00
    1.74730682e+00 1.90350223e+00 2.05335069e+00 1.86687398e+00
    5.32263994e-01 1.64368117e+00 9.16459560e-01 -4.24855083e-01
    6.67663574e-01 6.50208652e-01 7.34301567e-01 3.50402355e-01
    9.42562461e-01 -8.17385256e-01 6.74280286e-01 -3.55844021e-01
    1.53574586e+00 1.19413209e+00 1.02279747e+00 -1.68649554e-01
    -3.03455651e-01 1.58635736e+00 7.67034411e-01 7.97200799e-01
    -5.31037092e-01 -1.65653229e-03 2.28516400e-01 1.53358316e+00
    1.96058559e+00 -3.93134177e-01 3.31294537e-01 1.26857364e+00
    4.06512976e-01 6.83385909e-01 9.64889169e-01 1.18244994e+00
    -4.52024221e-01 1.75708044e+00 3.73795271e-01 -7.83583879e-01
    1.49047554e+00 7.41194189e-01 3.59026194e-01 8.89453828e-01
    -8.90007496e-01 1.71574223e+00 1.53803444e+00 1.23374820e-01
    1.40820026e-01 -8.58252645e-01 9.40887451e-01 1.14831114e+00
    -1.46943033e-01 -6.80178642e-01 -1.05710626e-01 -1.03597164e-01
    1.04791009e+00 4.21357632e-01 -8.18995237e-01 1.89451420e+00
    1.92377090e+00 6.49635911e-01 1.58037901e-01 -4.63657558e-01
    6.67431712e-01 1.13220227e+00 9.86494899e-01 5.36765158e-01
    -2.25003779e-01 -4.49258089e-02 9.41970944e-01 1.70313859e+00
    9.91563022e-01 -5.87485433e-01 1.28853440e-01 -1.62664056e-02
    9.61005211e-01 2.62185931e-01 1.04838228e+00 1.21597707e-01
    1.43510914e+00 3.35176528e-01 1.05749071e-01 -5.56578636e-01
    9.29551840e-01 1.62988722e+00 3.15596581e-01 1.05979228e+00
    -8.74300599e-01 -1.44098580e-01 1.35892773e+00 1.39697003e+00
    1.69642770e+00 -2.93500960e-01 -1.44437492e-01 2.28175282e-01
    1.42907727e+00 6.48349524e-02 8.98055434e-01 1.31757843e+00
    -1.63912773e-03 -7.59237111e-01 -6.25185251e-01 1.72096074e-01
    1.11953139e+00 1.74208403e+00 -2.34925926e-01 1.26362371e+00
    -2.80874908e-01 1.01205361e+00 5.71935534e-01 1.80712473e+00
    9.91246104e-01 -1.13406718e-01 6.01141095e-01 1.65819097e+00
    -1.65447831e-01 9.55824077e-01 -7.27597356e-01 -2.16973782e-01
    -6.08482242e-01 1.65798151e+00 1.31223202e+00 9.53408360e-01
    5.08699656e-01 2.18402207e-01 1.47784305e+00 -4.20741439e-02
    1.49824321e+00 -9.76185441e-01 -5.14866710e-01 -3.84030342e-01
    1.05145514e+00 -3.45464587e-01 5.22725582e-01 1.50554347e+00
    6.34160757e-01 -1.16235673e-01 1.82519090e+00 -2.79587150e-01
    9.59989429e-02 1.07932973e+00 1.69038475e+00 1.62721848e+00
    1.33701253e+00 -7.44484901e-01 4.27907109e-02 4.77303505e-01
    1.16685104e+00 8.09769213e-01 -7.50190616e-01 1.81856585e+00
    -5.10741591e-01 2.09731102e+00 -7.99259782e-01 6.94052994e-01
    6.15700781e-01 8.48244250e-01 -6.63184285e-01 9.96769607e-01
    -1.72576070e-01 7.83411384e-01 1.24684703e+00 1.73695016e+00
    6.93534255e-01 1.87372088e-01 1.44236934e+00 6.68851733e-01
    9.94933724e-01 1.62335861e+00 9.68915462e-01 5.24136782e-01
    5.22971153e-01 -1.26470327e-01 9.83696699e-01 -2.04858184e-01
    1.37717211e+00 6.44342899e-01 4.37145472e-01 6.03397608e-01
    7.59552717e-01 -4.71759588e-01 7.51281202e-01 -6.52900934e-01
    7.94992089e-01 2.94733644e-01 7.57456303e-01 4.39492404e-01
    -6.39519811e-01 3.94691288e-01 -9.05621767e-01 1.50011826e+00
    5.72267890e-01 4.75988150e-01 1.88597059e+00 1.22605753e+00
    4.54219818e-01 -9.99936163e-01 1.41909289e+00 -5.55145860e-01
    -8.40853691e-01 -9.01921093e-01 1.16188252e+00 2.90570378e-01
    1.84561872e+00 1.64269805e+00 9.76900458e-01 1.83826387e+00
    1.55826426e+00 1.59654796e+00 -9.19619203e-02 4.38788056e-01
    1.17051280e+00 -1.73175216e-01 1.58789623e+00 1.61557567e+00
    1.12105989e+00 3.46244574e-02 1.24949551e+00 1.34948313e+00
    6.85806632e-01 -1.45233691e-01 8.52870703e-01 1.03166318e+00
    1.55300486e+00 1.38142335e+00 5.47841430e-01 6.60333037e-01
    2.49200821e-01 1.10296476e+00 -1.42059922e-01 -1.03681552e+00
    -4.78773117e-02 5.05615473e-01 8.01957250e-01 6.25847459e-01
    -6.53792500e-01 1.14819074e+00 1.24978423e+00 7.77325928e-01
    1.42791200e+00 1.58101559e-01 -5.97637773e-01 1.45550323e+00
    -7.29440093e-01 1.14207864e+00 -2.76819289e-01 1.14089274e+00
    7.75456965e-01 -8.17701817e-02 5.05264401e-02 -4.22087014e-01
    1.05998695e+00 -1.89817548e-02 1.46386766e+00 4.25252914e-02
    -5.89827299e-02 -8.43504488e-01 -8.86869371e-01 5.66723347e-01
    1.46153450e+00 -1.40811443e-01 2.35126615e-01 2.18039179e+00
    1.03806090e+00 1.04374266e+00 1.61936927e+00 1.12828970e+00
    6.53191209e-01 1.87082613e+00 1.83233774e+00 1.45929718e+00
    5.19129038e-02 -8.65614414e-02 -4.23241019e-01 1.47344983e+00
    1.27315211e+00 1.26837397e+00 -9.33638871e-01 3.11852753e-01
    1.08017778e+00 8.97640646e-01 -2.30571091e-01 1.75880325e+00
    1.10522604e+00 1.54664719e+00 1.84224665e+00 2.70569444e-01
    -5.75907946e-01 3.40993524e-01 -1.14200950e-01 -5.30701280e-02
    1.77561808e+00 1.74487627e+00 1.46907067e+00 5.00569105e-01
    -8.41053903e-01 -8.00172150e-01 -3.20187032e-01 5.62519431e-02
    7.36513495e-01 1.67787993e+00 1.06874526e-01 -1.00219965e-01
    7.24166572e-01 1.81873965e+00 -3.55235219e-01 -5.05546331e-02
    1.52719748e+00 -5.95281482e-01 9.94112313e-01 1.80849588e+00
    -7.08840847e-01 -2.50929356e-01 1.36030471e+00 -9.07189131e-01
    -9.09961462e-02 4.74583209e-01 -9.05673444e-01 -4.32043076e-02
    1.18712807e+00 1.59896278e+00 -2.91986465e-02 8.06793034e-01
    -5.72583675e-02 1.79388976e+00 3.29870164e-01 -7.46981144e-01
    -6.28961027e-01 1.88193500e+00 -5.11889100e-01 -4.91498202e-01
    2.78905869e-01 1.90503609e+00 -6.23275757e-01 -5.39077044e-01
    -5.59622467e-01 1.59436440e+00 -2.76871264e-01 -5.73289633e-01
    -5.46464622e-01 1.92509735e+00 3.87194395e-01 5.93232751e-01
    2.64510989e-01 -4.33068275e-02 6.49462223e-01 4.90104198e-01
    3.33181083e-01 1.67843950e+00 -2.56612301e-02 4.69530344e-01
    -8.20147991e-01 4.82641697e-01 4.47065711e-01 1.18952286e+00
    1.40724111e+00 5.47942698e-01 1.92834198e-01 2.88047612e-01
    -9.12092865e-01 5.32214224e-01 5.24945676e-01 -1.24954581e-01
    -6.76246643e-01 1.05239582e+00 1.04083228e+00 -1.83058977e-02
    1.56656170e+00 4.38146591e-01 5.64000249e-01 1.24499631e+00
    1.52105296e+00 -5.18411040e-01 -2.89375484e-01 4.17938888e-01
    1.23964429e+00 5.28879106e-01 -4.98741269e-02 -2.30758488e-01
    1.91650665e+00 -6.66741252e-01 3.57449055e-03 2.16917753e-01
    9.13283825e-01 -8.33726525e-01 1.16968870e+00 1.84198880e+00
    1.59732556e+00 8.01991820e-02 1.74357116e+00 -1.94846153e-01
    1.53633952e-02 -3.69839907e-01 1.01065433e+00 8.43676865e-01
    6.54039204e-01 -8.94441605e-01 -6.91712022e-01 9.65295613e-01
    5.80766499e-01 1.97739315e+00 -8.06453943e-01 8.13015878e-01
    -9.02332544e-01 -1.07160687e-01 1.17122769e-01 9.54840779e-02
    -7.09626436e-01 1.87714815e+00 5.56666136e-01 1.89150238e+00
    -3.11674476e-02 1.18571138e+00 -6.08100474e-01 1.62272549e+00
    5.73261976e-02 1.33753085e+00 1.77634132e+00 1.80630863e+00
    -1.59057856e-01 -1.85649455e-01 1.22780991e+00 -1.92871451e-01
    4.24403906e-01 1.09617591e-01 1.64340007e+00 3.59713912e-01
    -9.15083647e-01 2.08016872e-01 1.44851506e+00 8.04059744e-01
    8.48430395e-02 5.47885656e-01 9.29525256e-01 1.00490201e+00
    1.07580721e+00 1.45086825e+00 -6.84428573e-01 1.05440235e+00
    -8.68741751e-01 -9.43824232e-01 1.14210618e+00 1.54889047e-01
    1.07961440e+00 7.46763289e-01 2.65459418e-01 1.80865920e+00
    1.76656246e-01 -1.71513677e-01 6.67000055e-01 4.22914267e-01
    1.36562419e+00 2.23472953e-01 1.52555346e+00 4.72224295e-01
    1.95010483e-01 -7.04614401e-01 -7.05875635e-01 9.12113428e-01
    2.64022350e-02 4.26704049e-01 -6.19095087e-01 1.76666749e+00
    7.22369552e-01 -6.68262362e-01 1.78730500e+00 4.17173862e-01
    -6.98826909e-01 5.03075719e-01 9.19705629e-02 9.94702935e-01
    -7.75084496e-02 -3.21794271e-01 1.77775908e+00 1.49057269e-01
    1.36774480e+00 8.86908770e-01 5.91681838e-01 4.66054797e-01
    -6.57083750e-01 1.48412871e+00 1.83336186e+00 7.59405494e-01
    9.37415957e-01 9.93156672e-01 3.79209757e-01 1.82748270e+00
    9.36200738e-01 -7.25471258e-01 1.33028531e+00 -1.68133974e-02
    6.31481826e-01 1.71910262e+00 1.71662617e+00 1.15988398e+00
    1.48055077e+00 -5.70054054e-01 -8.13033819e-01 -6.17558122e-01
    -7.12109804e-01 1.47433901e+00 9.09227192e-01 1.61912990e+00
    -4.39879537e-01 1.08834672e+00 1.48440099e+00 -8.09123397e-01
    1.23687291e+00 5.98452985e-01 -3.47073436e-01 -1.27886117e-01
    2.00674057e+00 -3.62628102e-02 -3.61503720e-01 -1.44017100e-01
    -8.15830827e-01 1.40066886e+00 4.47683632e-01 1.41948080e+00
    1.99882841e+00 7.53502846e-01 -3.28247070e-01 7.01623261e-01
    -5.04526973e-01 9.41601217e-01 -7.33209074e-01 -6.90026879e-02
    -8.01511705e-01 1.00850999e-01 1.58511651e+00 6.45184696e-01
    -6.84446692e-02 -1.60264969e-03 -6.18585706e-01 1.72618771e+00
    -7.82720804e-01 1.75824976e+00 4.84439969e-01 9.12482381e-01
    7.33444691e-02 -7.77959585e-01 -9.50898468e-01 -8.88640285e-01
    1.86579287e+00 -1.57822728e-01 1.02979934e+00 -5.27096748e-01
    -1.77627802e-01 -8.70835185e-01 -5.64256072e-01 1.51755953e+00
    -6.73850179e-02 2.04334021e+00 1.28253806e+00 8.33966732e-01
    5.90631843e-01 1.22220397e+00 8.28664482e-01 2.17206359e-01
    1.12113690e+00 4.24101532e-01 -7.62591124e-01 1.42704988e+00
    -3.72504652e-01 -1.00811660e-01 1.66430807e+00 -2.17394173e-01
    3.29660952e-01 6.65830612e-01 -4.13145781e-01 -8.07419300e-01
    1.55693150e+00 2.21917629e-01 1.83331728e+00 1.75534177e+00
    1.37801290e+00 -1.67446852e-01 1.24699736e+00 -1.77319944e-01
    1.75939035e+00 -6.28502607e-01 9.26092088e-01 4.67860103e-02
    1.29292512e+00 1.56177366e+00 5.57592332e-01 -1.02837443e-01
    -3.80270839e-01 1.14943337e+00 1.87700355e+00 -1.86794996e-01
    -3.43385816e-01 -3.30016911e-01 5.68488419e-01 -7.50924110e-01
    1.45815039e+00 1.38966918e+00 4.18641567e-01 -7.52331853e-01
    1.49511933e+00 1.15985668e+00 1.86216450e+00 1.76172829e+00
    3.22396755e-02 7.92237103e-01 5.76474547e-01 1.11083353e+00
    6.66180611e-01 1.17577541e+00 1.07461345e+00 7.82902002e-01
    1.81850791e+00 7.18062699e-01 3.47857416e-01 -3.77114832e-01
    1.16480303e+00 1.39094114e+00 1.11272740e+00 1.34175909e+00
    -5.04022241e-02 2.55152047e-01 -7.19985962e-02 1.21158743e+00
    1.83724284e-01 -1.21871829e-02 -9.87228453e-01 -2.16352820e-01
    1.18807220e+00 1.16792440e+00 9.43708122e-01 1.06733000e+00
    6.91709042e-01 1.72314548e+00 3.78789008e-01 -4.81333822e-01
    -7.88881302e-01 1.69137549e+00 3.27803731e-01 -1.84828579e-01
    7.49602973e-01 -7.40856886e-01 -3.12688947e-02 1.72335863e-01
    -5.12319922e-01 -3.87621880e-01 7.45030463e-01 -8.75354767e-01
    -7.81525373e-01 1.23369312e+00 3.39340448e-01 5.40612161e-01
    -3.72586489e-01 1.20226240e+00 1.61079741e+00 6.59229159e-01
    3.46411049e-01 1.13075399e+00 9.67514813e-01 -2.39370763e-01
    -1.28278136e-02 1.22695374e+00 1.87555265e+00 5.45601904e-01
    -8.03007662e-01 1.13099313e+00 7.04002142e-01 -5.02349555e-01
    5.37458658e-01 -1.41958773e-01 1.97289455e+00 -7.43423343e-01
    -9.61787224e-01 8.18111062e-01 8.48378062e-01 1.16614354e+00
    -9.68506336e-01 1.66178310e+00 8.52457881e-01 -4.88979340e-01
    9.15270925e-01 -1.78153515e-02 -4.05749917e-01 1.65013015e+00
    4.49471474e-01 1.10587847e+00 2.92364240e-01 -2.89536715e-01
    6.97233081e-01 -6.54855371e-01 3.22646499e-01 1.15338922e+00
    -5.66232085e-01 1.48482668e+00 5.07550001e-01 1.17150056e+00
    -4.90266085e-01 -3.59633386e-01 -2.27940738e-01 -6.82941854e-01
    7.90053666e-01 1.92823017e+00 1.08993173e+00 8.62766147e-01
    -2.49021709e-01 9.50559378e-01 1.03858829e+00 -3.38206291e-02
    1.94048679e+00 1.79307365e+00 1.09964716e+00 8.62597883e-01
    -2.60794163e-02 1.87782693e+00 6.41138554e-02 1.77720857e+00
    1.49521506e+00 -8.01881909e-01 1.40135503e+00 -6.67327881e-01
    -3.65783572e-01 1.83353305e+00 -3.69684994e-01 -9.70247686e-01
    1.48807788e+00 1.71755254e+00 1.22141826e+00 9.26908612e-01
    -9.10037756e-02 1.63501561e+00 5.14826298e-01 -2.62847185e-01
    -4.40702081e-01 -9.10312891e-01 5.15307784e-02 2.14554787e-01
    -8.20031285e-01 -4.05996501e-01 -8.32170606e-01 6.47461057e-01
    4.96706247e-01 1.52017820e+00 9.12606359e-01 1.44900644e+00
    1.50656307e+00 1.72948766e+00 3.46717834e-02 1.15490460e+00
    -4.20429468e-01 1.00978482e+00 -5.98613024e-02 3.24633598e-01
    1.03414202e+00 8.68772864e-02 1.31720185e+00 -1.74044847e-01
    -2.97950208e-01 -4.73125130e-01 1.59125042e+00 1.27143598e+00
    -5.45397162e-01 1.06328440e+00 -4.83787745e-01 4.83886838e-01
    1.36412883e+00 1.89387894e+00 5.86117566e-01 -5.79326749e-02
    1.89694822e-01 -4.77448374e-01 7.54401207e-01 1.62572539e+00
    6.94945931e-01 1.35846353e+00 -3.35408449e-01 6.06083751e-01
    -1.06810868e-01 2.23528683e-01 6.40110433e-01 5.52399695e-01
    1.97582066e+00 -5.74812174e-01 -4.80640620e-01 -1.67520046e-01
    -7.44831085e-01 2.00494981e+00 1.43888485e+00 -8.00830722e-01
    1.28032291e+00 -3.50901186e-01 7.55243778e-01 1.33442426e+00
    1.14479017e+00 -1.63602591e-01 -3.54958892e-01 1.17868316e+00
    1.29022205e+00 -2.34090149e-01 4.39589620e-01 1.66505265e+00
    -1.38277113e-01 -5.69376588e-01 1.01429248e+00 1.60308933e+00
    1.23295212e+00 1.35810280e+00 -5.71192503e-02 -2.18493462e-01
    8.66926312e-02 -6.11094952e-01 2.19418943e-01 -5.51832914e-01
    3.33402872e-01 -7.48653293e-01 8.75199914e-01 5.48635960e-01
    -8.69093418e-01 1.38175583e+00 -7.23220766e-01 8.35847855e-02
    -4.28842604e-01 9.72830594e-01 1.64131379e+00 1.45999420e+00
    7.02936649e-01 -8.08402658e-01 1.28798378e+00 1.61411023e+00
    9.79987383e-02 7.41092026e-01 -2.83753753e-01 1.23451090e+00
    4.80120003e-01 -7.53139913e-01 4.13641214e-01 6.92199945e-01
    1.06537700e+00 7.32900798e-01 -1.12162352e-01 -6.07653141e-01
    7.41806030e-01 2.36692131e-01 -3.31836164e-01 -5.07835984e-01
    1.32008636e+00 8.60448241e-01 -5.35172462e-01 8.86178076e-01
    -2.16290891e-01 -6.85514212e-01 6.09501660e-01 -4.53318387e-01
    -6.52495503e-01 4.44891095e-01 1.72280085e+00 1.77971053e+00
    8.66690457e-01 -8.81263435e-01 1.09760022e+00 -5.39919853e-01
    -2.58202434e-01 9.35149491e-01 4.91629839e-02 1.87526810e+00
    -1.53841376e-01 2.35102057e-01 5.35463810e-01 1.50222719e+00
    -4.18280542e-01 1.14985025e+00 -6.56592369e-01 6.47870362e-01
    1.30795026e+00 3.03423107e-01 2.92810917e-01 -2.91694224e-01
    1.60523534e+00 1.63468540e+00 -5.55886984e-01 1.40946114e+00
    1.85112476e+00 9.57603514e-01 -4.64648187e-01 -3.72288406e-01
    1.01502001e+00 4.91928577e-01 2.37970233e-01 1.62694025e+00
    5.75160205e-01 1.28890967e+00 2.02012897e-01 1.99253297e+00
    -2.66959071e-02 3.89875770e-01 1.37354541e+00 1.36624074e+00
    1.98433816e+00 -9.43980873e-01 1.00429702e+00 6.61872447e-01
    1.62466502e+00 1.18871951e+00 4.48476136e-01 8.91407132e-02
    1.96710110e+00 5.73303223e-01 -2.45041907e-01 -8.68629456e-01
    -7.39516556e-01 -5.61150670e-01 -4.83033806e-01 -7.97008395e-01
    -3.54500234e-01 8.16344023e-01 -3.59772503e-01 1.00750184e+00
    1.78229892e+00 1.77384686e+00 2.26347089e-01 -8.24422657e-01
    -6.47926211e-01 8.32743049e-01 2.01530695e+00 -6.40065074e-02
    -5.41751385e-01 4.13815677e-01 2.42329240e-01 1.32455671e+00
    1.89432979e+00 1.47340655e-01 -3.11112404e-02 -7.63565660e-01
    1.70357513e+00 1.59767985e+00 -5.29861450e-02 1.61014378e+00
    1.73856020e+00 -9.79407787e-01 8.38984013e-01 1.92407310e+00
    -5.43591976e-02 -2.00517774e-01 -5.10107100e-01 1.87174475e+00
    -9.34560418e-01 -4.94250357e-01 1.58721805e+00 5.34566998e-01
    9.61833239e-01 -4.40903425e-01 -3.88519108e-01 4.29975629e-01
    1.25528884e+00 7.82443523e-01 1.22338450e+00 -7.61927545e-01
    5.83360076e-01 -1.12993896e-01 -5.55817246e-01 1.30867600e+00
    -5.69461226e-01 1.37625062e+00 9.49177027e-01 1.06993198e+00
    8.03570032e-01 1.64268136e-01 8.38328600e-02 1.49636924e+00
    -8.22688043e-01 -6.57818556e-01 9.36893940e-01 3.72199833e-01
    9.00435925e-01 -1.15243733e-01 1.30023479e+00 1.37239015e+00
    8.50931764e-01 1.59901023e+00 2.75013745e-01 8.97734344e-01
    4.88005877e-01 1.07607746e+00 -8.96636963e-01 1.39798820e+00
    3.54576826e-01 1.75835443e+00 1.79362869e+00 -9.10151124e-01
    9.51805532e-01 9.35203791e-01 1.19014621e+00 1.97110176e-01
    2.97021985e-01 2.24462330e-01 -7.10908651e-01 1.86578691e+00
    -5.43472648e-01 3.48819494e-01 -3.58021259e-02 4.14653778e-01
    5.05623341e-01 1.92894065e+00 6.60068572e-01 -1.76992357e-01
    1.26809919e+00 -9.36936557e-01 1.98176503e-02 -2.55055070e-01
    1.50620854e+00 1.62913418e+00 1.53936756e+00 -2.22951889e-01
    1.01552117e+00 -1.33805752e-01 -8.22955370e-03 3.18302512e-02
    -7.68724561e-01 7.74879694e-01 1.03893352e+00 5.13757408e-01
    -7.33383298e-02 -1.22519255e-01 6.16617799e-02 -2.04869151e-01
    -2.18482375e-01 1.11255407e+00 7.85025775e-01 1.75531507e+00
    5.19533277e-01 9.18720961e-01 6.64679527e-01 8.70733440e-01
    1.63720727e+00 1.77947140e+00 1.54451466e+00 1.98084211e+00
    -6.73958361e-01 1.37649059e+00 -3.86270523e-01 -3.21202934e-01
    9.71091330e-01 -5.76218486e-01 1.52865648e-02 -7.46689320e-01
    -1.46860301e-01 7.58368969e-01 1.36335659e+00 -5.26826978e-02
    -6.66675270e-01 1.44161260e+00 1.43576562e-01 4.39953923e-01
    1.10137224e+00 1.13512397e+00 -5.62418699e-02 3.31313789e-01
    4.35918689e-01 -3.06184173e-01 -4.98070896e-01 1.74498487e+00
    -3.99308205e-01 6.08749211e-01 4.81255710e-01 5.68230689e-01
    -1.36073112e-01 8.74524534e-01 2.08275247e+00 1.01443791e+00
    -1.17989540e-01 -6.69687092e-01 1.20310307e+00 1.90637827e-01
    5.10651171e-01 1.44643068e+00 1.97710586e+00 -6.83099687e-01
    7.02659488e-02 -2.69626796e-01 1.53930855e+00 1.22342181e+00
    5.20587921e-01 1.11148298e+00 5.43354392e-01 1.98196769e-01
    7.62586653e-01 1.11192882e-01 1.49543166e-01 3.75494719e-01
    1.13620937e+00 1.47205687e+00 -1.60803080e-01 1.51319540e+00
    5.07173419e-01 -4.52732056e-01 1.74091423e+00 4.00890350e-01
    1.53519619e+00 -2.99345136e-01 -2.46103108e-01 1.87232506e+00
    1.85164785e+00 -2.48599589e-01 1.15381265e+00 -6.92805886e-01
    1.70334768e+00 5.79618633e-01 5.03431559e-02 1.96428275e+00
    -1.98286653e-01 1.74616849e+00 8.36770892e-01 -9.21183228e-01
    -7.45230556e-01 2.65389860e-01 -7.73106158e-01 -1.01715267e-01
    3.11375558e-01 3.38412523e-02 5.87334156e-01 1.90820682e+00
    1.94356322e+00 -8.33318710e-01 7.94105649e-01 1.44590712e+00
    1.40829194e+00 -9.60361660e-01 -3.68108869e-01 1.08030224e+00
    8.37214231e-01 7.13865757e-02 -3.15384567e-01 2.02606940e+00
    1.38660586e+00 -2.31642187e-01 -4.33122456e-01 -4.17062640e-02
    7.68707037e-01 7.63645530e-01 -4.75750685e-01 1.83887863e+00
    1.78643250e+00 1.40710771e+00 1.63639295e+00 6.84288681e-01
    -8.66677701e-01 -1.34536207e-01 -4.81472135e-01 -3.63608003e-01
    -3.42094839e-01 -4.36102331e-01 1.63695157e-01 6.78934753e-01
    7.67734051e-02 -9.90256786e-01 1.72585142e+00 -1.25977993e-02
    7.79533267e-01 -8.70550990e-01 -3.82479787e-01 1.26807439e+00
    -6.73526049e-01 1.46792340e+00 1.81477928e+00 9.01213825e-01
    1.92171621e+00 7.31015027e-01 -4.42827702e-01 -6.62807345e-01
    -4.57744986e-01 -6.97186589e-01 1.45831656e+00 -6.07163429e-01
    1.77996755e+00 1.55120933e+00 3.49068046e-01 -2.01579332e-02
    -1.28113985e-01 4.97587264e-01 -4.13127750e-01 7.77286589e-01
    -7.21397638e-01 1.15863109e+00 -7.23269582e-02 4.27931368e-01
    -3.98554623e-01 -2.46689379e-01 1.25910091e+00 1.76787996e+00
    -1.61608100e-01 1.77743435e-02 1.68995023e-01 1.76468337e+00
    3.30970287e-02 1.59352267e+00 -4.24437106e-01 -5.54846287e-01
    1.67074656e+00 1.83182073e+00 -3.80206347e-01 1.02474403e+00
    4.58223581e-01 1.77058089e+00 -3.73786211e-01 1.40172756e+00
    6.04802966e-01 1.28821254e+00 -8.92964602e-01 1.08092523e+00
    1.02290082e+00 1.22948444e+00 4.27906990e-01 1.91125441e+00
    3.99794102e-01 1.34132624e+00 -6.24095798e-02 -2.12123156e-01
    1.33442903e+00 2.41949618e-01 -5.08911133e-01 -5.64570546e-01
    6.53845847e-01 2.93153584e-01 -5.44628382e-01 1.26823127e-01
    -6.40003145e-01 -7.45046139e-02 1.77100706e+00 -6.64467514e-01
    -9.05506134e-01 -5.57698011e-01 7.17873335e-01 6.60665870e-01
    4.23709869e-01 1.34131432e-01 -4.23956215e-01 -6.11031055e-02
    -2.16185868e-01 -6.97968006e-01 1.11647511e+00 1.32000840e+00
    -7.45753169e-01 -1.70086622e-02 2.54527211e-01 -3.92734826e-01
    1.69217753e+00 1.10962582e+00 -5.61685443e-01 4.40829635e-01
    6.61765099e-01 9.01701689e-01 1.24688363e+00 1.79921222e+00
    -1.71542168e-04 9.79212046e-01 1.15409696e+00 1.38296795e+00
    -3.17521632e-01 -2.88237810e-01 -5.06639242e-01 -7.91821361e-01
    -6.58178210e-01 -2.44660854e-01 -6.62099004e-01 3.15177739e-01
    9.28377390e-01 -8.62922668e-02 1.86169124e+00 1.73118401e+00
    1.60301542e+00 5.53099394e-01 -6.06715679e-03 1.94996953e-01
    -3.12351704e-01 1.99434686e+00 -7.36969590e-01 1.37482476e+00
    -6.03483438e-01 -4.19659883e-01 8.26826096e-02 -1.60833061e-01
    1.14269352e+00 6.81522131e-01 -7.26222396e-02 1.85211277e+00
    2.34008849e-01 7.53260612e-01 -2.16472656e-01 1.17999578e+00
    -3.72404575e-01 9.19595063e-01 -6.68948114e-01 1.89039636e+00
    1.30659640e-01 -9.25221026e-01 6.12811089e-01 7.04792500e-01
    1.78487146e+00 1.97399318e+00 -6.81774020e-01 5.65040708e-02
    2.66830921e-01 -5.09188473e-01 1.25248992e+00 1.16983247e+00
    1.50700450e+00 -3.24761569e-01 -9.43813741e-01 -7.05760479e-01
    -9.02660131e-01 1.40404201e+00 7.56686687e-01 1.40030432e+00
    1.00192773e+00 -6.01987600e-01 5.38097203e-01 -6.05982900e-01
    1.26861334e-02 8.29745591e-01 7.90293455e-01 1.54483891e+00
    1.61875844e+00 -2.72558451e-01 -5.82290888e-01 -7.78884053e-01
    -8.32744658e-01 -5.76586604e-01 9.49770927e-01 -6.44708931e-01
    8.26727271e-01 -4.06151772e-01 -7.21215129e-01 1.24435103e+00
    1.54905772e+00 1.01985002e+00 1.22809100e+00 1.14713192e+00
    -6.00782990e-01 -5.66108286e-01 1.80782866e+00 1.05987871e+00
    9.76836920e-01 -4.24887598e-01 -2.99517632e-01 2.10761786e-01
    -4.58124280e-02 -8.28284025e-01 1.78804517e+00 -4.14958537e-01
    -2.90172219e-01 1.87819541e-01 -2.18987167e-01 3.52168381e-01
    -2.82335281e-01 1.65870261e+00 7.65367031e-01 1.83516371e+00
    4.10438418e-01 6.85289145e-01 1.03485584e+00 7.19014764e-01
    1.30921042e+00 -1.95665002e-01 1.66404939e+00 -9.55725312e-01
    2.32552886e-01 1.30697095e+00 -3.10583293e-01 1.34798157e+00
    3.29966724e-01 -6.89210892e-01 -4.06800270e-01 1.26079845e+00
    4.97882605e-01 1.44288921e+00 -5.76850772e-02 -7.10625887e-01
    3.47202420e-01 4.52738404e-01 -3.04835021e-01 -4.87575114e-01
    1.82636356e+00 -5.08308768e-01 -4.37161207e-01 -4.99398440e-01
    2.04996443e+00 1.32242644e+00 6.54558361e-01 -6.42285109e-01
    3.79375041e-01 -4.61555600e-01 1.34546781e+00 6.56126738e-02
    1.45937204e+00 7.26938844e-01 -4.31420147e-01 1.00536442e+00
    1.36470318e+00 -3.51911962e-01 -1.40535414e-01 -5.18763065e-01
    5.20365655e-01 -6.44377947e-01 1.74242258e-01 1.85862064e+00
    9.37378049e-01 -2.74614513e-01 8.25416446e-01 1.19952726e+00
    -5.32355666e-01 8.46905708e-01 1.57538748e+00 2.21493244e-02
    8.74237299e-01 -5.99907041e-02 5.16687393e-01 1.02380705e+00
    1.83221042e+00 -2.38652647e-01 -1.42099857e-01 -2.50934780e-01
    1.84281528e+00 1.49265862e+00 1.37249422e+00 -2.22669065e-01
    4.30905461e-01 -3.14927101e-03 1.97356248e+00 -7.55968451e-01
    1.84140515e+00 6.74098134e-01 -8.08797598e-01 3.52566004e-01
    6.91601753e-01 1.65158546e+00 1.83963346e+00 -3.97673309e-01
    1.87301743e+00 5.34178138e-01 -2.48973310e-01 -6.56278908e-01
    6.44176126e-01 1.92810237e+00 -7.46972084e-01 1.74803245e+00
    1.98231697e-01 9.92681384e-01 -1.06394351e+00 1.04604268e+00
    -4.10268605e-01 6.60929680e-01 1.23834944e+00 3.07637572e-01
    -8.79742265e-01 4.85923648e-01 4.30595160e-01 1.78132439e+00
    -2.30212212e-01 1.28413260e+00 7.20204234e-01 3.76260519e-01
    1.78854787e+00 1.64831591e+00 9.86973405e-01 3.52858663e-01
    5.97589254e-01 1.41174579e+00 1.51756704e+00 -7.47592390e-01
    5.85422397e-01 6.74903929e-01 9.64251637e-01 -5.54291368e-01
    2.33945131e-01 1.57195425e+00 1.63230395e+00 8.75645518e-01
    1.85111547e+00 7.29583204e-01 -7.77553439e-01 1.83915889e+00
    2.52003312e-01 -7.86017299e-01 -4.21020687e-01 7.53066361e-01
    1.77989662e+00 9.46188807e-01 5.69899440e-01 1.36771238e+00
    -6.01502955e-01 -7.08453238e-01 1.47183871e+00 3.09479892e-01
    1.60583663e+00 -5.58456659e-01 1.91752756e+00 -6.47335529e-01
    1.30790746e+00 -9.33512092e-01 1.55193329e+00 6.55596614e-01
    -1.82853580e-01 5.94791412e-01 3.68738413e-01 -8.28016341e-01
    4.23817992e-01 1.38540053e+00 -8.07191074e-01 -4.46366072e-02
    1.12441921e+00 -1.30152702e-02 -7.37622738e-01 -7.11912155e-01
    9.12795842e-01 1.42277026e+00 -6.44523501e-02 1.81836033e+00
    1.43171740e+00 2.75945783e-01 -1.26772523e-02 2.82067060e-01
    8.10926080e-01 7.17292428e-01 4.84586716e-01 7.31738508e-01
    -2.30642557e-01 1.26875329e+00 -7.65188813e-01 4.05813336e-01
    8.14468443e-01 8.16988230e-01 1.73503709e+00 -6.98561072e-02
    -6.35585070e-01 1.27311087e+00 3.02747369e-01 4.14445400e-01
    4.57040668e-01 8.25684667e-01 -3.27199996e-01 1.51742458e+00
    2.09597206e+00 -7.00579464e-01 -4.03094053e-01 2.16028810e+00
    1.79286981e+00 -2.10143358e-01 7.74353743e-02 1.58896136e+00
    1.24440801e+00 -4.35996950e-01 -6.51162982e-01 6.10947609e-03
    1.48131275e+00 1.87585402e+00 -4.01105881e-02 1.68639708e+00
    7.78395474e-01 1.65474975e+00 -1.17288589e-01 1.60335565e+00
    -1.58522367e-01 2.57567942e-01 9.62557554e-01 1.09463930e+00
    1.52090263e+00 1.04800761e+00 8.91293049e-01 -5.28898120e-01
    -6.97545409e-02 1.01972806e+00 2.30685592e-01 8.42495561e-01
    1.27450585e-01 1.63884985e+00 9.34797525e-01 -8.73622656e-01
    1.07205868e+00 -2.91248560e-02 1.96258044e+00 8.08875918e-01
    1.19791579e+00 1.93130469e+00 1.80660439e+00 5.03111064e-01
    3.63920093e-01 -3.95486593e-01 1.04002190e+00 7.73704231e-01
    1.80627322e+00 -9.31559205e-02 1.77149475e-01 1.21189821e+00
    1.53786719e-01 1.51157033e+00 2.60478258e-02 1.25510025e+00
    8.01597536e-01 1.32178164e+00 -6.26919270e-02 -3.95369530e-02
    8.29802632e-01 -6.30976856e-01 3.83181095e-01 -6.16372347e-01
    1.28453374e+00 6.95015430e-01 1.37312829e-01 1.45782673e+00
    -9.60877001e-01 -2.22763598e-01 3.38736057e-01 1.49348843e+00
    4.91820216e-01 1.04099393e-01 1.83361733e+00 -1.50049567e-01
    8.72088671e-01 2.44924188e-01 5.84519863e-01 7.50816107e-01
    6.20466828e-01 -8.35264683e-01 1.35650361e+00 1.81285954e+00
    5.98305404e-01 1.85146666e+00 -3.18607748e-01 -2.00836957e-01
    4.25880909e-01 -8.11747491e-01 1.67314315e+00 -7.21897840e-01
    1.44620955e+00 2.23945558e-01 1.79719901e+00 -7.22598553e-01
    9.77680445e-01 1.28333974e+00 1.04958153e+00 6.01149738e-01
    -3.70322466e-02 3.05104733e-01 2.34893084e-01 -4.60329056e-02
    6.91711485e-01 3.49969506e-01 4.92850244e-01 -8.04169714e-01
    -8.50948215e-01 1.02671313e+00 1.18381548e+00 -5.86392522e-01
    5.48637629e-01 8.93264294e-01 4.83296275e-01 6.10929072e-01
    5.38621545e-02 2.87672222e-01 1.67098582e-01 9.40341711e-01
    1.46047950e+00 1.02292430e+00 1.59929442e+00 -7.25568056e-01
    6.59644842e-01 1.41560781e+00 4.33887601e-01 -9.73953009e-01
    1.56709528e+00 1.40508485e+00 -3.68546247e-02 -1.37770474e-01
    1.16893268e+00 -5.58119297e-01 -7.72730112e-01 4.30032015e-01
    -2.95642495e-01 -2.59589076e-01 1.62777090e+00 1.00757766e+00
    1.52040458e+00 -6.25781715e-01 1.32053471e+00 -4.52837020e-01
    3.68894160e-01 -7.89064169e-01 9.97335672e-01 -5.87352633e-01
    -6.22971058e-02 1.91021430e+00 -3.96375537e-01 -3.37196589e-01
    -7.13928699e-01 5.43681324e-01 4.76345599e-01 3.62091839e-01
    1.96242583e+00 -3.90492380e-01 4.89642262e-01 -2.55121827e-01
    1.59057379e-01 1.50557852e+00 7.53343940e-01 -3.63600254e-01
    -1.40409112e-01 -3.29654992e-01 1.56957030e-01 1.20860791e+00
    -4.75357652e-01 1.42216647e+00 2.42132902e-01 -8.25110555e-01
    1.33709443e+00 -8.65800500e-01 -1.87483788e-01 1.59430778e+00
    3.11604381e-01 2.35098600e-02 1.74093831e+00 6.75779343e-01
    5.83738804e-01 1.80499363e+00 1.05403662e+00 -9.31500793e-01
    1.69968975e+00 -2.99526334e-01 1.61489391e+00 -9.20839489e-01
    -1.13379061e-01 9.27038789e-01 1.17475605e+00 -4.44184780e-01
    -3.65318298e-01 4.22444582e-01 -8.41931283e-01 4.37367678e-01
    -7.40202367e-01 9.61743772e-01 1.44793415e+00 1.86778545e+00
    1.86463547e+00 8.38246465e-01 1.40513182e-02 3.42818499e-01
    -8.13601732e-01 1.55100155e+00 3.72759044e-01 6.99366331e-02
    7.03639269e-01 -7.22087681e-01 1.94407511e+00 4.58969772e-01
    6.99707031e-01 6.37681365e-01 1.22688842e+00 2.07423508e-01
    8.96923244e-01 7.37546921e-01 5.22378504e-01 1.99913025e+00
    8.00908148e-01 -5.09145498e-01 1.57485271e+00 -2.10399151e-01
    -2.75558591e-01 4.26600456e-01 1.05284238e+00 -6.80861235e-01
    -8.94416928e-01 -5.30461907e-01 -4.83365059e-02 1.46523893e-01
    6.40701294e-01 -9.78630781e-03 1.32758379e+00 1.45369244e+00
    7.56519079e-01 -4.07614291e-01 -6.34161234e-01 -8.69941115e-02
    -1.24082625e-01 1.91254115e+00 -6.99638069e-01 5.45796752e-01
    8.66588473e-01 1.76520252e+00 9.91254270e-01 7.27320969e-01
    4.44501400e-01 -3.72610986e-01 2.01455402e+00 -4.94127303e-01
    1.13682997e+00 8.00373018e-01 3.89662087e-01 1.40920591e+00
    -5.76514244e-01 2.63366401e-01 1.11891854e+00 1.54909348e+00
    -3.48568559e-01 1.43146062e+00 7.58411884e-01 5.99417150e-01
    2.88019061e-01 1.84156537e+00 1.52664351e+00 1.55640852e+00
    1.37327993e+00 5.64226508e-01 9.69351530e-02 -7.74498224e-01
    4.01047289e-01 1.14721966e+00 1.28891230e+00 9.18568969e-02
    1.82230043e+00 -7.47535825e-01 2.63311863e-02 -6.37600183e-01
    1.77927399e+00 1.32048535e+00 7.60378003e-01 1.33402419e+00
    2.45115399e-01 1.03922498e+00 9.38386083e-01 1.37075663e-01
    1.78694904e+00 1.55206132e+00 -8.75592351e-01 -3.65673542e-01
    5.80752611e-01 -7.62513876e-01 1.12032712e+00 4.19371307e-01
    1.50018215e+00 3.90596569e-01 7.23225772e-01 9.45565462e-01
    -7.63894737e-01 -7.70367503e-01 -5.42322457e-01 -4.67461228e-01
    2.78590381e-01 -6.92763686e-01 1.39810741e-01 7.66943157e-01
    1.79514050e+00 3.50516677e-01 -7.73744583e-01 -1.13949895e-01
    -4.64952081e-01 2.04883695e-01 -6.60075784e-01 8.75412226e-02
    4.75840569e-01 8.29783082e-01 -7.68919826e-01 6.56639934e-02
    1.98778737e+00 -3.50558400e-01 1.03029394e+00 1.70778096e+00
    6.07483089e-01 7.75336623e-01 1.76529741e+00 1.21783078e+00
    -6.25223815e-01 -4.11707640e-01 -2.44422793e-01 8.80049109e-01
    1.22342086e+00 9.43858385e-01 5.34142971e-01 2.76303172e-01
    2.70750761e-01 -3.31604481e-03 1.79176664e+00 1.36270142e+00
    5.90438247e-02 1.13440835e+00 3.30688000e-01 -8.10700119e-01
    7.16653049e-01 1.51651204e+00 -6.30154967e-01 -2.34903097e-01
    -6.72897875e-01 -9.28356230e-01 1.11828971e+00 1.40980327e+00
    6.80842400e-01 5.58792353e-01 -7.66870558e-01 3.45097184e-02
    6.81100607e-01 -8.10555637e-01 -3.47774267e-01 7.10532188e-01
    3.22143793e-01 -7.00831294e-01 1.27608991e+00 -9.19624448e-01
    1.40277374e+00 3.54251802e-01 5.89262247e-02 -8.35607588e-01
    1.50327766e+00 8.98305058e-01 -8.99081111e-01 1.58726978e+00
    -5.11804700e-01 -1.49732709e-01 8.41042399e-01 1.28309846e+00
    6.26417756e-01 1.47772408e+00 1.52104855e+00 -6.79639220e-01
    -2.77491152e-01 1.45291638e+00 8.89366031e-01 1.66403961e+00
    4.04312730e-01 1.78843486e+00 1.28860140e+00 4.27727699e-01
    1.38760149e+00 5.75955391e-01 1.98424876e-01 1.62349820e+00
    -6.65760279e-01 -2.52621889e-01 4.24127877e-01 1.33786917e+00
    -2.77201951e-01 1.78200388e+00 1.00523901e+00 -8.36271763e-01
    7.63538122e-01 1.17923021e+00 4.92413998e-01 -6.72839880e-01
    1.59872842e+00 1.19851780e+00 -4.81817991e-01 8.43046248e-01
    1.73770595e+00 1.32389021e+00 1.15218115e+00 -2.29178488e-01
    -6.24934316e-01 7.77420998e-01 2.55787611e-01 -4.50906754e-02
    -1.86221600e-01 4.62961674e-01 -2.29253352e-01 1.40141320e+00
    3.84585977e-01 6.75701261e-01 -5.64761281e-01 1.65347540e+00
    1.00907350e+00 6.56979442e-01 7.15041876e-01 1.32974803e+00
    1.54157877e-01 1.41801119e-01 9.77390766e-01 8.58964562e-01
    5.66359997e-01 9.69162345e-01 1.09193444e+00 -4.76514101e-02
    1.78951859e-01 1.19840014e+00 8.62956405e-01 -8.11705530e-01
    1.01261306e+00 2.52477348e-01 1.27645755e+00 4.10902917e-01
    1.87117720e+00 -5.91936707e-01 -7.87125230e-01 4.36577797e-02
    -1.37569606e-01 5.99404991e-01 1.18907094e+00 9.06848013e-01
    4.72346246e-01 6.78142607e-01 -1.37994945e-01 -9.95152295e-01
    1.86069441e+00 9.55898762e-01 5.30237913e-01 3.89047623e-01
    -6.60671592e-02 -2.93455064e-01 1.17031574e+00 4.22936678e-02
    8.80851269e-01 -1.98579788e-01 -6.71597123e-01 -2.84258246e-01
    -4.56663370e-02 -5.19014060e-01 7.55130887e-01 1.99908555e+00
    -6.88655674e-01 3.15485775e-01 2.14740932e-01 8.18616569e-01
    -6.82646632e-02 -5.92908859e-01 -6.21769428e-02 1.35321951e+00
    9.95769680e-01 1.44236851e+00 8.53886425e-01 1.01792407e+00
    -4.04730022e-01 -3.39337528e-01 1.55182743e+00 -4.22843516e-01
    1.69622946e+00 9.36346829e-01 8.00588727e-01 6.24063134e-01
    6.62797213e-01 9.53915238e-01 3.49228024e-01 -8.88695478e-01
    1.87435865e+00 1.51848066e+00 -3.03664565e-01 -4.62990701e-01
    6.03207469e-01 2.16391563e-01 1.17524600e+00 -6.31108165e-01
    1.94711113e+00 -6.41648531e-01 9.15486872e-01 -1.54370189e-01
    2.12238193e-01 6.33015633e-02 -4.82656151e-01 1.30543256e+00
    -5.14658809e-01 -1.91022575e-01 1.28115630e+00 4.09428954e-01
    -9.71069336e-02 3.63943398e-01 -4.05808419e-01 -6.49589300e-03
    -7.61126816e-01 2.67758489e-01 1.90041375e+00 -2.16290712e-01
    -2.96129704e-01 6.92680001e-01 6.70072556e-01 3.43120098e-02
    1.85000813e+00 -2.26538241e-01 6.15634799e-01 1.22316301e+00
    -1.13811851e-01 8.29180419e-01 1.51802099e+00 -8.60576510e-01
    -8.06434929e-01 1.07560611e+00 3.08141470e-01 2.80498147e-01
    1.71171904e-01 -5.91793478e-01 1.03296411e+00 1.41011906e+00
    -6.92526579e-01 -1.52175605e-01 -9.80101943e-01 9.93939579e-01
    7.13677943e-01 -4.60715771e-01 -7.83761144e-01 -4.34477150e-01
    -2.23568261e-01 1.41063881e+00 -3.43376398e-03 2.04795551e+00
    -7.46912599e-01 3.11131954e-01 -7.19405413e-02 1.53347588e+00
    5.96159160e-01 -7.64041185e-01 1.03725791e-02 3.93762767e-01
    -1.96057379e-01 2.04062033e+00 -6.22624516e-01 -7.63601422e-01
    -5.55567503e-01 1.14245558e+00 -2.54936516e-01 1.19935369e+00
    4.19761419e-01 -2.70224631e-01 1.59273684e+00 9.83060896e-01
    -7.04755306e-01 1.93584633e+00 -6.69178963e-01 -7.74531126e-01
    4.74382758e-01 1.88651597e+00 1.15487647e+00 1.45399320e+00
    4.47243571e-01 1.87436306e+00 5.74771643e-01 4.70519066e-03
    1.66820312e+00 1.89727199e+00 -7.61498690e-01 1.60088503e+00
    1.04576111e-01 8.54698181e-01 6.46347284e-01 1.81293488e-01
    3.70524049e-01 2.61747479e-01 8.43140006e-01 1.51011467e+00
    -8.98732066e-01 -2.38253832e-01 4.48258638e-01 1.18235588e+00
    -7.22086787e-01 5.79339266e-01 2.81225324e-01 1.53011787e+00
    7.43616700e-01 -6.38280630e-01 1.35867858e+00 1.03382838e+00
    -6.40271664e-01 -2.61128604e-01 1.70435786e+00 9.20362771e-01
    1.35377359e+00 -1.45744979e-01 2.68976331e-01 -3.77609253e-01
    -9.51734841e-01 -4.36670363e-01 5.83607197e-01 -6.00821972e-02
    1.66092670e+00 2.56268859e-01 2.04138756e-01 2.61810660e-01
    1.17217147e+00 -8.70998502e-02 1.09905076e+00 -4.43057179e-01
    1.19312632e+00 2.15525985e-01 -2.42363274e-01 7.25363493e-02
    -7.32741058e-01 -3.48520279e-02 1.13140678e+00 1.30481851e+00
    6.38510823e-01 9.13563728e-01 -8.18821192e-02 1.85577357e+00
    -9.39614475e-01 1.08703446e+00 -6.78468347e-02 6.41667485e-01
    1.12726879e+00 1.89066017e+00 7.72301912e-01 1.69111490e-02
    1.22260606e+00 -7.16706038e-01 -4.53358829e-01 1.12636852e+00
    2.36113667e-02 7.44202137e-01 1.78066802e+00 1.63139129e+00
    1.31744719e+00 -9.64064717e-01 3.26475501e-02 1.40302038e+00
    -1.35098577e-01 -2.95646429e-01 9.93201554e-01 -2.82496214e-03
    -1.14280701e-01 5.28138459e-01 3.06468487e-01 -2.28938103e-01
    5.40031314e-01 1.79339969e+00 1.85583687e+00 1.67120886e+00
    7.18434930e-01 1.42405879e+00 2.48869181e-01 9.54281926e-01
    1.79416227e+00 -7.25790620e-01 3.37766886e-01 -1.00920379e+00
    -8.29920888e-01 1.15490711e+00 1.58336711e+00 7.49355912e-01
    -2.13759184e-01 1.04065537e+00 1.77654254e+00 -8.97185147e-01
    1.55844367e+00 6.71833634e-01 -1.06773901e+00 -1.02687538e+00
    1.44631457e+00 -9.97907579e-01 1.00964999e+00 3.67265940e-02
    2.33326614e-01 1.08571470e+00 -7.11531043e-02 8.80407751e-01
    -7.07768261e-01 1.29932976e+00 -4.89438474e-01 1.34522498e+00
    2.04945326e+00 -5.26695251e-01 1.26068711e-01 1.02136195e+00
    8.27185631e-01 7.05615878e-01 1.31664658e+00 5.65135717e-01
    -2.91326761e-01 1.34910846e+00 8.59216094e-01 1.18735945e+00
    1.09738958e+00 -1.15501642e-01 1.02974796e+00 -9.08747554e-01
    1.34951115e+00 1.82077897e+00 -2.13821292e-01 -1.18645489e-01
    -9.15092826e-01 -5.34911335e-01 -5.25536418e-01 1.19222426e+00
    1.99393821e+00 -9.18170214e-02 -9.23591852e-03 1.21794486e+00
    9.57745731e-01 -6.53987527e-01 9.89944935e-01 -7.80737281e-01
    1.50315809e+00 5.29164493e-01 1.82943201e+00 2.35177398e-01
    -6.08850479e-01 -3.59490216e-01 7.03057528e-01 1.64252758e+00
    2.14821577e-01 1.31213057e+00 -2.27474093e-01 -5.11639774e-01
    8.23755562e-01 1.49471819e+00 1.41376948e+00 -5.11222839e-01
    3.00059319e-02 -8.58729482e-02 -2.42681682e-01 6.27438128e-01
    1.46976709e+00 3.62563670e-01 8.37156951e-01 1.69769800e+00
    -8.35886240e-01 1.99555421e+00 1.64493561e+00 -2.87313282e-01
    -7.73181260e-01 -4.25133228e-01 1.90432096e+00 1.27810538e-01
    2.41410673e-01 8.08281958e-01 7.70907640e-01 6.04145646e-01
    1.91531014e+00 8.34497213e-02 1.07729506e+00 7.12521911e-01
    1.01341677e+00 -5.68074644e-01 -1.08209610e-01 1.93030310e+00
    -3.15418184e-01 6.85640574e-01 -5.74033737e-01 7.96719849e-01
    -1.53446198e-03 2.97600627e-01 -5.21031260e-01 7.75966585e-01
    -1.37262344e-01 1.20759141e+00 4.89071012e-01 1.75324130e+00
    6.09087944e-01 3.94668221e-01 -4.98602450e-01 1.28299975e+00
    1.59656870e+00 1.46326578e+00 1.08687150e+00 1.70019984e+00
    6.96407795e-01 1.45352316e+00 -3.10352683e-01 -1.32564902e-01
    -8.55861902e-02 8.96433830e-01 -5.15653312e-01 -7.31996298e-01
    -6.53044820e-01 1.41585124e+00 8.25411499e-01 9.17418838e-01
    8.09132457e-01 -3.00321519e-01 6.78503513e-03 -2.55864859e-01
    -6.60060227e-01 -3.93565267e-01 6.37454271e-01 6.82149112e-01
    2.09142709e+00 3.02836895e-02 8.09130073e-01 2.42590487e-01
    -2.64840782e-01 1.63755834e+00 -1.45889640e-01 -7.15032816e-02
    6.82852387e-01 7.87612438e-01 1.97581100e+00 -4.47304368e-01
    -3.26934695e-01 -4.68488932e-01 3.92580152e-01 1.78973079e-01
    -7.50713289e-01 1.36973369e+00 3.29750061e-01 5.52427173e-01
    4.77707386e-02 1.65206361e+00 1.55329621e+00 -1.26945853e-01
    -6.80462837e-01 8.88391256e-01 1.23161840e+00 -2.87206590e-01
    -3.34790051e-01 1.02576292e+00 3.51233780e-01 1.43098116e+00
    1.23636603e-01 1.86019135e+00 -9.84185934e-01 3.59475613e-02
    1.65070426e+00 1.36093187e+00 -4.85278308e-01 1.04186904e+00
    4.12870765e-01 7.61554360e-01 -4.89146829e-01 -2.19821095e-01
    3.54906499e-01 1.49829626e-01 1.73442852e+00 1.16622925e+00
    1.64094937e+00 4.98288751e-01 9.39947009e-01 -6.09308064e-01
    1.84252870e+00 1.29686940e+00 8.95522356e-01 1.75686026e+00
    1.53894496e+00 9.17962909e-01 1.23942864e+00 -1.00967526e+00
    1.81634438e+00 1.68891001e+00 1.21608734e-01 1.24187982e+00
    -6.56013489e-01 9.88116264e-02 2.12652326e-01 1.02247226e+00
    -1.00612295e+00 1.38652313e+00 1.66051626e+00 -5.84636092e-01
    -5.10035336e-01 1.46897995e+00 7.20877528e-01 5.78086615e-01
    1.64461160e+00 2.15388715e-01 -1.97170138e-01 1.91654563e-01
    1.57832527e+00 2.47204483e-01 1.75134933e+00 1.55833697e+00
    7.84479678e-01 -2.72382557e-01 7.17912197e-01 -8.14783096e-01
    -8.37516785e-01 1.58785045e+00 8.67340863e-01 1.11159682e+00
    7.96204031e-01 1.55310345e+00 1.16308284e+00 -3.44808340e-01
    1.27777100e+00 -7.24548280e-01 3.25524569e-01 2.09102559e+00
    8.36404979e-01 -3.00342619e-01 3.85738015e-02 6.80161595e-01
    -8.11682940e-01 1.70828748e+00 1.58934224e+00 1.16445684e+00
    8.94505024e-01 9.11051035e-02 -9.79490757e-01 8.22073579e-01
    1.00772882e+00 4.80647683e-01 1.58733439e+00 1.73638964e+00
    2.22440243e-01 4.87861276e-01 1.72108376e+00 1.08176553e+00
    -7.13848948e-01 -1.11032891e+00 1.07369649e+00 -1.00921631e-01
    9.85108733e-01 1.28197658e+00 1.83723450e+00 9.26451445e-01
    1.83685744e+00 1.72473025e+00 1.67549849e-01 -8.12293828e-01
    -4.88368392e-01 9.25190985e-01 -8.15416574e-01 7.37066686e-01
    -2.97994792e-01 1.28542352e+00 2.61725545e-01 5.79885483e-01
    -2.36446142e-01 2.57153690e-01 1.82096100e+00 1.53917086e+00
    -8.40975046e-01 1.52366757e+00 1.25588620e+00 5.34771562e-01
    -7.00070858e-02 -8.55463505e-01 1.50754988e+00 1.21592748e+00
    1.86153579e+00 1.21127141e+00 1.79398572e+00 1.86409330e+00
    1.13730741e+00 -5.54541767e-01 6.71884954e-01 2.82959938e-01
    1.84457541e+00 1.49620473e-01 4.88605499e-02 -7.23663688e-01
    1.52004850e+00 9.73008871e-01 1.85100508e+00 1.41154480e+00
    -2.53605783e-01 -3.73995304e-02 1.75547159e+00 5.01685023e-01
    -2.59594381e-01 1.97760391e+00 1.97476196e+00 3.95973086e-01
    -6.11811876e-02 1.32790923e+00 -9.50442374e-01 1.32868183e+00
    1.83871341e+00 1.43665624e+00 1.21118069e-01 9.36607242e-01
    1.08696258e+00 -8.12806606e-01 9.63426113e-01 -4.65732932e-01
    -9.24982131e-01 1.71381533e+00 -8.96221340e-01 -8.84681344e-01
    1.59274256e+00 1.01093781e+00 8.56961071e-01 -2.96158731e-01
    -6.09292865e-01 4.08834636e-01 4.26617861e-01 5.34595251e-01
    7.08330870e-01 1.57932830e+00 7.86326826e-01 1.53359413e-01
    1.85765004e+00 1.74481511e+00 3.65832031e-01 1.42861605e+00
    6.39085770e-01 1.80254352e+00 2.95870304e-01 1.11636090e+00
    -1.80520117e-01 -3.20260227e-01 1.59647715e+00 8.23573947e-01
    -9.75694656e-02 -5.01881242e-02 -5.62201738e-01 -7.77846396e-01
    1.39386654e+00 7.44590521e-01 1.53190100e+00 2.61888623e-01
    1.33732522e+00 -1.41817153e-01 7.37497807e-01 1.28894520e+00
    5.59576273e-01 1.63370645e+00 -6.54801011e-01 -6.93107724e-01
    5.17705321e-01 1.84745300e+00 -8.13635707e-01 1.84039211e+00
    1.10715032e+00 -6.51622653e-01 1.91541314e+00 1.26928520e+00
    8.68703246e-01 1.72860813e+00 1.14739156e+00 -3.84001464e-01
    -1.38852060e-01 5.02244771e-01 -2.39298403e-01 9.31010664e-01
    -1.08149886e-01 9.50125992e-01 7.21374750e-01 2.60298550e-01
    -7.28059232e-01 1.40549898e+00 1.28690982e+00 1.49986577e+00
    2.05226016e+00 -4.26947623e-01 -4.19803679e-01 5.39227009e-01
    -2.30263948e-01 2.26070166e-01 7.48308718e-01 1.13201630e+00
    1.25819755e+00 8.50006580e-01 -7.66671002e-01 9.81010020e-01
    -2.41913378e-01 1.45024538e+00 5.47307670e-01 -6.81855321e-01
    -6.17702007e-02 -6.12777889e-01 2.83675194e-02 1.29473913e+00
    5.74901462e-01 -7.24610090e-01 -1.73742771e-02 1.69514537e-01
    5.20879388e-01 1.30259824e+00 -9.37947989e-01 8.19975257e-01
    1.20106983e+00 1.84458172e+00 1.53088129e+00 -5.55523157e-01
    -7.78619945e-01 1.46796632e+00 -1.70211136e-01 8.20039868e-01
    1.53537762e+00 5.84955335e-01 3.72344255e-01 9.96851444e-01
    1.85560453e+00 3.52696717e-01 1.66506600e+00 -1.26312077e-01
    1.23753285e+00 6.12581372e-01 1.01047516e+00 -3.85269105e-01
    -9.60725725e-01 1.88507116e+00 1.64434731e+00 1.47461379e+00
    1.21804321e+00 1.86676240e+00 -8.54529738e-01 1.00833201e+00
    1.39987588e+00 -2.17640400e-03 1.81628287e+00 -4.93659675e-01
    1.34467804e+00 1.53273690e+00 5.93645692e-01 1.27492583e+00
    -8.10494006e-01 1.18640506e+00 9.99093890e-01 1.05774403e-02
    1.69711220e+00 1.59674311e+00 -2.31873393e-01 1.47045827e+00
    9.95682597e-01 -4.48836863e-01 -9.09839630e-01 -1.62709653e-01
    1.97381926e+00 -6.95842087e-01 -6.67147160e-01 -3.50037217e-01
    1.69580841e+00 -3.39697421e-01 -2.00148582e-01 -4.85566467e-01
    1.51109362e+00 -3.30629349e-01 -2.32351899e-01 1.96573186e+00
    1.66502833e+00 -8.66601467e-01 -1.61827683e-01 9.82929766e-01
    -9.55576777e-01 4.53375220e-01 9.88193989e-01 2.11567819e-01
    1.96839714e+00 -1.30379975e-01 1.25506818e+00 2.31610715e-01
    -8.44301999e-01 1.05481386e+00 1.02960932e+00 1.92806101e+00
    2.70534873e-01 1.63224947e+00 1.12660885e+00 -1.38760448e-01
    -3.92573476e-01 -3.46755981e-01 2.50245571e-01 1.85986006e+00
    7.73145080e-01 1.54232967e+00 1.58201659e+00 2.55186319e-01
    -1.14043713e-01 -9.83450890e-01 4.94689822e-01 1.63713622e+00
    1.14028752e+00 1.52127349e+00 2.31074095e-02 7.98542500e-02
    6.25860333e-01 6.45741105e-01 1.31662703e+00 -3.21187973e-01
    1.92744529e+00 5.79196215e-01 -3.89831305e-01 1.37769866e+00
    -6.47861600e-01 2.58808911e-01 1.57969975e+00 -3.72389138e-01
    1.52763700e+00 -3.22484374e-02 -4.61818874e-01 -3.44042361e-01
    -8.41515183e-01 1.02172518e+00 1.41049170e+00 -1.71329379e-01
    9.01723325e-01 5.19884229e-01 1.29806995e-01 4.21912670e-01
    3.78139019e-02 -1.47784829e-01 -5.40672183e-01 -1.10158324e-01
    1.11727977e+00 4.42376256e-01 -8.15712273e-01 3.35405350e-01
    -7.13587284e-01 1.90529811e+00 -2.21260786e-01 6.70960546e-01
    -6.20423198e-01 1.12025321e-01 1.50018370e+00 2.91184068e-01
    -2.12581336e-01 5.77837765e-01 1.81538630e+00 -7.87040591e-01
    1.68842137e-01 -2.20303893e-01 -2.44191885e-02 1.45595431e+00
    8.30494761e-02 1.52853060e+00 -7.79622316e-01 6.80285692e-02
    2.41855979e-01 9.98169541e-01 1.58590198e+00 1.84789002e+00
    -9.96975780e-01 -4.66713369e-01 -9.62737918e-01 1.13773322e+00
    7.36343026e-01 1.72585666e+00 1.04471850e+00 6.72235012e-01
    1.04629147e+00 1.08064330e+00 1.37216127e+00 1.31303549e+00
    1.03801942e+00 7.46378243e-01 1.20970643e+00 2.93128967e-01
    1.43085909e+00 6.11420274e-02 -4.23952729e-01 -3.06844234e-01
    -7.49571919e-02 1.70554817e+00 1.86194897e+00 6.25490725e-01
    1.48079634e+00 1.60177946e-02 2.28685558e-01 1.25216055e+00
    -6.00438118e-01 -8.91365230e-01 1.22595966e+00 9.15780783e-01
    1.16912150e+00 5.17234564e-01 1.50167346e+00 -5.86527526e-01
    1.33310747e+00 -7.35083938e-01 1.40534282e+00 4.38538253e-01
    -7.57392645e-02 -3.89620066e-01 -2.28435993e-01 1.17183220e+00
    -7.65953064e-01 1.62093353e+00 -8.03237796e-01 1.48824310e+00
    -7.73482919e-02 -6.03534579e-01 1.28495789e+00 5.41768670e-01
    1.66642165e+00 3.06703925e-01 -4.86369669e-01 -7.16240764e-01
    9.12961423e-01 1.54264522e+00 1.68287778e+00 1.31067872e+00
    1.12317502e-01 1.73369944e-01 -1.59298122e-01 1.76880550e+00
    1.67763400e+00 7.01725006e-01 1.56515288e+00 -2.81581879e-02
    1.97949612e+00 -5.78385592e-02 1.66134620e+00 1.84867024e+00
    1.17352724e-01 -7.78433740e-01 2.26853728e-01 -2.95741916e-01
    1.96818542e+00 -1.67023599e-01 3.05405021e-01 1.32499278e+00
    7.25229979e-02 8.12878668e-01 -8.44623506e-01 1.09396064e+00
    8.34614277e-01 -7.49528527e-01 4.35573339e-01 6.31235838e-01
    7.56192088e-01 -1.62693024e-01 1.88052392e+00 8.42801809e-01
    -4.30554271e-01 4.04472351e-02 1.15530109e+00 5.22995472e-01
    6.33279085e-01 1.53396165e+00 -9.87254381e-02 -6.58332109e-02
    1.84036541e+00 1.88095951e+00 2.58240283e-01 7.68972456e-01
    -7.18610883e-02 4.62567151e-01 6.87554598e-01 5.32078743e-02
    9.75585699e-01 1.29637146e+00 -3.43291998e-01 1.59842288e+00
    9.05359864e-01 1.24677753e+00 1.01689637e+00 1.66016567e+00
    1.09193206e+00 7.21372604e-01 1.93978727e+00 -7.30729580e-01
    -5.35491407e-01 1.58948278e+00 3.74880254e-01 4.83178496e-01
    4.75593984e-01 1.84743869e+00 1.18725300e-02 -1.80892885e-01
    5.79154015e-01 4.53932047e-01 6.87519908e-01 8.09084535e-01
    1.27625346e+00 1.86111116e+00 -4.06693995e-01 -5.23859084e-01
    -7.77350783e-01 -8.28404069e-01 1.21909559e+00 1.80915415e+00
    -2.32743859e-01 -8.62787902e-01 1.10741639e+00 1.18298221e+00
    7.13131189e-01 1.65101469e+00 3.69991302e-01 1.61477220e+00
    -4.62043047e-01 3.37029815e-01 7.36122549e-01 1.59430623e+00
    4.18745816e-01 1.96173334e+00 1.93516684e+00 7.80204952e-01
    5.82996070e-01 2.39039958e-01 1.34162104e+00 7.52547741e-01
    -8.25622261e-01 -7.05137610e-01 2.08801031e-02 -4.34544086e-01
    -6.52866483e-01 4.62501526e-01 1.09033132e+00 -8.16825807e-01
    9.44176137e-01 1.67670202e+00 1.18337870e-02 1.85125732e+00
    -7.34386563e-01 -7.31243372e-01 -4.65221524e-01 -5.24890065e-01
    6.25255525e-01 -5.92298388e-01 -1.49235308e-01 6.73089504e-01
    1.13919258e-01 1.69453490e+00 6.44552112e-01 -4.48931456e-02
    2.85549164e-01 1.68576586e+00 1.60468817e-01 -1.40489697e-01
    -5.46100020e-01 1.67749619e+00 -5.70954442e-01 -1.97180569e-01
    -1.10047436e+00 7.67835855e-01 1.28796399e+00 1.54745102e+00
    8.80407572e-01 8.22384477e-01 8.66688132e-01 4.16450143e-01
    -2.77720690e-01 8.62683535e-01 -6.57862544e-01 -9.03759837e-01
    1.84145510e+00 -4.37271416e-01 -4.79509771e-01 -7.56889462e-01
    1.58140588e+00 1.47418094e+00 8.29032063e-01 1.15893650e+00
    1.97573650e+00 8.44107151e-01 1.61237001e+00 1.69163728e+00
    1.07733107e+00 3.01038623e-01 -5.93140483e-01 -1.32677913e-01
    5.47930419e-01 6.72969639e-01 -5.50456464e-01 8.94653320e-01
    1.86928070e+00 1.04877472e+00 1.28857529e+00 3.35913897e-01
    1.75407779e+00 -1.02927482e+00 1.13924932e+00 8.75222862e-01
    2.45306909e-01 1.63647723e+00 -7.32301652e-01 1.06222987e+00
    8.79176497e-01 1.31114817e+00 1.67975283e+00 5.96894026e-02
    1.78922248e+00 5.01675308e-01 -9.08080816e-01 1.89949274e-01
    -9.16345596e-01 1.20340383e+00 1.26551390e-01 1.82777071e+00
    2.61575580e-01 9.11446393e-01 -5.01064897e-01 5.20018220e-01
    2.42340446e-01 -1.00352335e+00 2.44988322e-01 2.96176791e-01
    1.31777740e+00 7.02167511e-01 3.46438885e-01 -3.50155115e-01
    1.11768425e+00 1.03319740e+00 -3.99784446e-01 -4.77476358e-01
    -1.32443130e-01 -9.61716771e-01 1.00964439e+00 6.54708982e-01
    -5.05389690e-01 5.00623047e-01 6.40780747e-01 1.39584839e+00
    -3.88230622e-01 -5.00142217e-01 9.89009500e-01 3.66399109e-01
    2.76119232e-01 1.69036150e+00 2.00379324e+00 2.04525089e+00
    1.77481627e+00 -1.99472547e-01 1.68720126e+00 1.57815087e+00
    1.80618143e+00 -5.69924116e-02 1.07226014e-01 -4.27930892e-01
    -1.81883514e-01 -6.65562749e-02 8.76898646e-01 1.05443680e+00
    -1.86444879e-01 1.61553144e+00 -4.12205219e-01 -6.85002804e-01
    4.20685947e-01 1.44553781e-01 9.51686859e-01 2.11827338e-01
    8.38144898e-01 1.31974316e+00 1.22568178e+00 8.99658799e-01
    7.73445487e-01 1.26395893e+00 -3.06066871e-01 5.75551033e-01
    4.21090484e-01 1.39928460e-01 -7.03436613e-01 1.01665330e+00
    -2.89021015e-01 8.75670254e-01 1.81734467e+00 -4.40831065e-01
    -2.42643833e-01 1.66541815e-01 1.16577458e+00 -3.20142210e-01
    -7.69502461e-01 -3.07410955e-01 1.62519455e+00 -7.76000917e-01
    -8.27002227e-01 1.09463739e+00 -3.60153735e-01 -8.11978340e-01
    4.96651292e-01 9.49522138e-01 9.28493261e-01 -8.87975812e-01
    -4.48666394e-01 -1.05037451e-01 1.65302527e+00 4.27554190e-01
    9.99885678e-01 1.72555375e+00 -8.06152880e-01 8.56441975e-01
    5.34928918e-01 1.31868923e+00 1.23561084e+00 1.28518283e+00
    -9.38897252e-01 -2.23537445e-01 1.32970667e+00 -5.65386295e-01
    -6.09966397e-01 8.22996974e-01 4.42479014e-01 8.85894775e-01
    -7.56035209e-01 -6.39952540e-01 1.57468200e+00 7.50895679e-01
    9.28558588e-01 5.16706705e-01 6.01522923e-01 -1.30443752e-01
    8.87758493e-01 -3.68338823e-01 -3.98471415e-01 1.74391913e+00
    3.56197596e-01 1.64682996e+00 1.35782063e+00 2.48641372e-01
    1.27673352e+00 -3.29640925e-01 4.33733702e-01 1.23056269e+00
    -1.85813606e-01 2.28396177e-01 -5.58543324e-01 2.75953412e-02
    -1.53837323e-01 -2.57646322e-01 -6.65839911e-02 6.50571287e-01
    -5.31549215e-01 5.56757092e-01 5.04138350e-01 -6.73706532e-02
    1.04084277e+00 -4.85466063e-01 1.75885653e+00 1.32384610e+00
    -3.49817693e-01 -7.68593490e-01 5.12018800e-01 -8.80238593e-01
    1.91545033e+00 1.85585499e+00 -5.88462710e-01 7.42579699e-01
    1.60940278e+00 1.31457424e+00 1.80087709e+00 7.70726085e-01
    1.03946567e+00 7.80382276e-01 -7.08564341e-01 1.78759634e+00
    9.77315426e-01 -5.38074672e-01 4.98410463e-02 1.63064957e+00
    -9.13889647e-01 -4.49399173e-01 1.44586658e+00 -4.43389654e-01
    -4.05552983e-01 -8.76503527e-01 -6.80732846e-01 1.09095991e+00
    1.78776836e+00 1.32643151e+00 -3.91840339e-01 1.83679020e+00
    -7.79841602e-01 -2.14950740e-01 1.52286243e+00 5.17546773e-01
    -2.04217196e-01 -6.63344026e-01 -4.60505366e-01 -6.81317687e-01
    5.57253182e-01 9.35002208e-01 1.26307666e-01 -8.10490012e-01
    2.02145934e+00 -2.30878353e-01 1.54329121e+00 3.03008199e-01
    5.90344667e-01 -4.78162885e-01 -3.91345203e-01 -6.30969405e-01
    1.40640855e+00 1.87580645e+00 -5.21557927e-01 -8.41331184e-01
    1.71382797e+00 4.53198671e-01 1.80324471e+00 -5.27471483e-01
    3.20314527e-01 1.24690127e+00 2.26061702e-01 5.67077637e-01
    1.00555277e+00 1.10730779e+00 1.17805159e+00 1.17199969e+00
    4.28349078e-01 2.32198298e-01 3.69873166e-01 2.97950745e-01
    9.76669312e-01 5.99627018e-01 1.82390606e+00 1.87281621e+00
    1.70640147e+00 8.57271671e-01 4.67024744e-01 2.90346980e-01
    -7.24620104e-01 1.03738379e+00 -8.34672391e-01 -3.68702888e-01
    1.78993940e+00 -7.95423985e-04 -5.90435266e-01 -3.69526029e-01
    -2.85993278e-01 1.50530076e+00 1.18364394e+00 -3.36235881e-01
    8.77603769e-01 1.28533971e+00 -2.45126486e-01 1.46171570e-01
    -1.70284629e-01 1.04134238e+00 1.30615783e+00 -4.56160486e-01
    8.48367810e-01 8.92608166e-02 -5.52683830e-01 -8.57501030e-01
    1.08748102e+00 1.71819043e+00 2.18049884e-02 -7.02983499e-01
    8.18619132e-02 1.45769382e+00 1.74394524e+00 4.35804665e-01
    1.82898331e+00 -7.56402791e-01 -4.90077108e-01 4.55443561e-01
    -7.89675713e-01 8.88824463e-02 1.11725569e+00 5.72287440e-01
    4.44098711e-01 1.70350277e+00 7.15881109e-01 1.28915453e+00
    -2.45191395e-01 3.53102207e-01 9.09575224e-01 1.29196799e+00
    8.12957525e-01 -1.36030912e-02 1.58024895e+00 1.85216463e+00
    1.64336586e+00 9.69002604e-01 9.81847286e-01 1.64182734e+00
    1.18346214e-01 -2.48506188e-01 2.36713588e-01 2.92880535e-02
    1.08038652e+00 3.84674072e-01 -3.75837713e-01 -4.68691319e-01
    3.19564342e-01 4.45888758e-01 -2.66551584e-01 3.66728902e-02
    8.92274082e-01 1.20279312e+00 3.58847678e-01 1.70043802e+00
    1.88490462e+00 -5.72417736e-01 1.86428118e+00 2.50103116e-01
    4.74131942e-01 1.07789731e+00 1.04860055e+00 1.69823647e+00
    1.11398494e+00 1.50166845e+00 5.32511294e-01 1.04188800e+00
    4.58931684e-01 1.13239193e+00 -5.88458180e-01 1.00837100e+00
    1.74534976e+00 5.11280179e-01 -2.61402607e-01 1.93488574e+00
    4.70093369e-01 1.86558092e+00 -1.43462539e-01 1.57892752e+00
    4.96880412e-02 6.46604061e-01 8.25856149e-01 -8.53112340e-01
    1.83163524e-01 7.52479076e-01 1.05719507e-01 1.42663431e+00
    -3.08917403e-01 -6.61628246e-01 1.42431426e+00 1.09247541e+00
    8.61835480e-03 3.88514102e-01 -3.35470676e-01 1.67128921e-01
    -6.64274693e-01 8.28323901e-01 1.51379991e+00 -4.44870710e-01
    8.42176199e-01 9.30979431e-01 1.39682269e+00 1.66012549e+00
    -7.95131326e-01 -6.44449115e-01 7.00877964e-01 -2.96728134e-01
    2.82656431e-01 1.57065666e+00 -9.54292893e-01 7.60977864e-01
    1.37557209e+00 -6.91314220e-01 -5.54740548e-01 4.97134447e-01
    -7.54718661e-01 1.92899942e-01 1.24041831e+00 9.72840190e-01
    -1.96322262e-01 1.12037194e+00 1.41426098e+00 -7.42556214e-01
    1.20753670e+00 1.50160372e+00 1.94576514e+00 5.48869669e-01
    1.21499324e+00 -6.78760231e-01 -5.71226478e-01 -8.41181099e-01
    -7.44524717e-01 1.87776232e+00 1.17698312e-01 -8.43797445e-01
    1.86874235e+00 1.32973194e-01 8.67920995e-01 6.86114073e-01
    7.11094379e-01 9.43449736e-02 -7.85152912e-02 5.74440241e-01
    -9.19322968e-01 1.08839428e+00 -4.24797714e-01 -6.70788348e-01
    -1.44481361e-01 3.56720805e-01 -4.43141460e-02 1.52049685e+00
    -4.40225601e-01 1.89537883e+00 1.12574244e+00 -7.90357530e-01
    -8.83878708e-01 5.14631629e-01 1.67454171e+00 -5.75303018e-01
    1.22050202e+00 2.37670422e-01 -5.86640596e-01 6.04546309e-01
    -1.44667029e-01 -6.96584225e-01 1.01367640e+00 1.52443123e+00
    -1.64751351e-01 1.87973273e+00 -6.25086248e-01 8.85572553e-01
    -4.70499158e-01 -7.62478471e-01 -7.33030200e-01 7.51041353e-01
    -5.29060245e-01 1.16138482e+00 -3.97765160e-01 -3.48084390e-01
    8.58439147e-01 -8.63202095e-01 3.68977308e-01 9.21299875e-01
    -4.16188359e-01 1.86897671e+00 -7.73566961e-02 2.61998892e-01
    -2.60793507e-01 1.45519805e+00 3.67453039e-01 -7.35185206e-01
    1.26443946e+00 1.86769867e+00 3.52339208e-01 5.45259535e-01
    -8.31145525e-01 -5.36601722e-01 9.40162778e-01 6.94179654e-01
    1.88304949e+00 2.02019835e+00 1.03284407e+00 -1.10385537e-01
    1.86938047e-03 -7.88659215e-01 9.93556857e-01 9.44037795e-01
    1.85468602e+00 1.86876297e+00 -3.57708275e-01 -7.16380954e-01
    4.93308783e-01 1.04218173e+00 9.98565555e-01 -2.57100224e-01
    1.16131604e+00 -5.68542242e-01 1.42311370e+00 -1.02230000e+00
    1.23960531e+00 1.13430667e+00 6.55899286e-01 -8.79330873e-01
    5.27749300e-01 1.07074642e+00 5.89454174e-03 -7.38866091e-01
    -8.64081144e-01 4.00070786e-01 -7.99743176e-01 1.08608317e+00
    7.37009645e-01 1.61142230e-01 -1.48226023e-02 -5.98612547e-01
    -2.92566776e-01 1.51281393e+00 1.31780982e-01 1.07119644e+00
    1.98910892e-01 -2.96424150e-01 1.55982077e+00 -1.75574899e-01
    3.70133102e-01 -2.19388127e-01 1.84207797e-01 1.55278111e+00
    -6.04407430e-01 1.83042908e+00 1.83679152e+00 1.45992160e-01
    -2.65177131e-01 1.70527220e-01 3.10926676e-01 1.30641747e+00
    1.53927958e+00 -6.32431507e-01 -2.12264717e-01 -3.57748032e-01
    1.83809638e+00 2.73049831e-01 5.30031919e-02 1.69816613e-01
    1.56765056e+00 1.61981630e+00 -2.28973210e-01 1.37155747e+00
    3.48254800e-01 3.03422272e-01 -4.26884979e-01 -3.10402751e-01
    7.64428556e-01 1.57720459e+00 1.55470228e+00 1.97039282e+00
    -9.06290412e-02 -3.29171956e-01 5.24332225e-01 1.92812657e+00
    1.06805706e+00 5.74747086e-01 5.88698149e-01 2.87554741e-01
    1.81017184e+00 -7.65158415e-01 -1.58022642e-01 -4.28009152e-01
    3.92425060e-02 7.22478271e-01 3.92370105e-01 1.07193708e-01
    9.11856413e-01 7.07385302e-01 1.68350613e+00 1.19910777e-01
    -1.59390271e-01 -5.91260493e-01 5.67448735e-01 -2.31608808e-01
    1.94419885e+00 -8.22758913e-01 -6.64363742e-01 -5.72448194e-01
    5.25140524e-01 1.88577092e+00 1.74089289e+00 1.67490089e+00
    2.31181788e+00 4.15827274e-01 1.43224835e+00 -6.20841622e-01
    -5.23704350e-01 -5.71629405e-01 -8.02757204e-01 1.87319505e+00
    5.39892673e-01 1.81931019e-01 -5.77534199e-01 1.79254520e+00
    -5.16274095e-01 7.44362712e-01 1.96462607e+00 3.48830044e-01
    8.71894717e-01 8.49561036e-01 2.26880908e-02 -7.40505636e-01
    1.59171462e+00 9.44595456e-01 -9.87281621e-01 -5.35562456e-01
    1.53751993e+00 -7.90821493e-01 6.16825581e-01 -4.01775479e-01
    1.64274240e+00 1.14371979e+00 1.39437199e-01 1.35797000e+00
    9.16576445e-01 -6.34607434e-01 -6.15073144e-01 -5.70801377e-01
    2.48220801e-01 1.49075651e+00 8.49677205e-01 1.47447348e+00
    1.04367423e+00 2.41858363e-02 9.66932595e-01 2.21473575e-02
    7.77316093e-01 1.78116727e+00 7.76192605e-01 1.18298590e+00
    7.89707422e-01 3.31745625e-01 -9.40531135e-01 -8.16282034e-01
    1.83614779e+00 9.07328606e-01 -1.83789015e-01 3.37051749e-02
    4.53539610e-01 -2.70454526e-01 1.81755126e+00 1.75021279e+00
    1.00178826e+00 -9.04426157e-01 1.87698364e+00 1.00277722e+00
    5.14847875e-01 1.38349426e+00 1.24966764e+00 1.68760037e+00
    1.81049037e+00 3.93649936e-01 2.43006945e-01 1.33131146e-01
    8.60040188e-01 1.31321597e+00 -3.95320117e-01 -8.82526457e-01
    -7.34018803e-01 3.89938712e-01 -5.10274649e-01 7.91105628e-02
    -3.75816256e-01 9.32517588e-01 -7.85997391e-01 1.30326283e+00
    -6.55793905e-01 1.31089973e+00 6.41062260e-02 -1.48614705e-01
    7.07391262e-01 1.32846189e+00 1.79736459e+00 3.49422693e-01
    1.77292180e+00 2.52926528e-01 1.24694729e+00 -3.82242709e-01
    1.35573161e+00 -7.88546741e-01 5.48931539e-01 4.99610245e-01
    1.55952883e+00 2.20166087e-01 7.50041127e-01 1.09824347e+00
    9.14181948e-01 1.50164747e+00 1.35658181e+00 7.10136056e-01
    6.38026476e-01 1.77406240e+00 1.69664228e+00 1.85646474e+00
    -7.54427135e-01 -9.82492566e-02 -5.54121017e-01 1.96574426e+00
    1.73714101e+00 -4.47252095e-01 -3.32681596e-01 7.54166126e-01
    6.50183558e-01 2.92215824e-01 -2.22845733e-01 1.89813924e+00
    2.13592708e-01 4.79245663e-01 1.57383633e+00 4.30778265e-02
    7.07462609e-01 1.33445513e+00 -9.13652182e-01 1.54168832e+00
    5.62365294e-01 5.78363836e-01 8.44209611e-01 1.34033883e+00
    -1.25806928e-01 1.10002065e+00 1.72484374e+00 1.68026185e+00
    1.49934733e+00 7.34544992e-01 7.59173632e-01 1.02105403e+00
    1.65238869e+00 1.27650225e+00 1.11851811e-01 7.54721463e-01
    4.41075325e-01 1.83434474e+00 -8.03121686e-01 -8.41422975e-01
    -5.19153476e-02 7.99563408e-01 9.42762733e-01 1.73810184e+00
    2.96636939e-01 -6.93730116e-02 1.33964992e+00 -1.16760433e-01
    9.01917338e-01 -8.51773381e-01 5.03737569e-01 1.58279204e+00
    9.17947769e-01 -5.60591638e-01 2.96015143e-01 1.41235816e+00
    2.83462882e-01 1.66180015e+00 -4.76981819e-01 4.14108157e-01
    8.12070131e-01 -9.68842506e-01 -6.80332899e-01 -4.45235223e-01
    -4.88521188e-01 6.13546431e-01 9.92138267e-01 1.90854573e+00
    7.81752467e-01 6.87206149e-01 1.49582970e+00 1.85566735e+00
    -5.76972485e-01 6.94889426e-01 -4.55991030e-02 -8.54697347e-01
    1.50602674e+00 -1.02269232e-01 -2.68024623e-01 1.82341504e+00
    8.28140676e-01 -3.72852713e-01 -6.94376528e-01 -8.86996388e-02
    1.64794266e+00 -7.92731285e-01 -7.11223960e-01 -4.53619480e-01
    5.19385934e-01 -1.29487514e-02 -3.92189443e-01 1.40929008e+00
    1.28399789e+00 1.75760663e+00 -5.12785554e-01 -6.10565126e-01
    -5.64487576e-02 1.78076410e+00 1.29057407e+00 -4.75492716e-01
    1.91961122e+00 1.12723982e+00 -1.77169740e-01 -7.85132825e-01
    -2.93672562e-01 1.87663603e+00 7.11268187e-03 1.32472587e+00
    -7.20499754e-01 9.07028675e-01 3.01232576e-01 7.60168076e-01
    6.84570312e-01 2.95717120e-01 -4.53386784e-01 -7.86448836e-01
    1.32755280e+00 5.30125260e-01 -4.30212677e-01 -6.62297726e-01
    1.09238565e+00 -5.98605931e-01 3.32379222e-01 1.23920178e+00
    1.42980647e+00 9.64341760e-01 -8.70818615e-01 -5.81589818e-01
    5.76027632e-02 1.43439460e+00 3.69271815e-01 1.47564220e+00
    1.07336235e+00 -7.34134376e-01 7.77255416e-01 -2.36134112e-01
    1.55625939e+00 1.25285482e+00 9.63836312e-01 -3.47006917e-02
    -4.32622284e-01 2.98434973e-01 -5.61337471e-02 1.50041866e+00
    6.92940354e-02 8.31538022e-01 1.97792935e+00 -1.95240974e-03
    1.70441926e-01 -9.54912841e-01 6.79354310e-01 7.43732810e-01
    2.66038299e-01 5.25057077e-01 -5.10121763e-01 1.36280203e+00
    -9.80035186e-01 -8.93923759e-01 8.80972683e-01 7.40767062e-01
    7.27552772e-02 1.24002957e+00 3.72129679e-01 1.56307030e+00
    -7.82001019e-01 2.84294486e-01 1.16353703e+00 1.31036782e+00
    -8.52145374e-01 2.04199910e-01 2.57033825e-01 7.28675961e-01
    -4.65016961e-02 1.64046454e+00 -6.81172192e-01 1.49667215e+00
    2.55622387e-01 1.17949140e+00 -2.85988271e-01 1.05055809e-01
    -3.39166284e-01 9.71290171e-01 2.57624388e-01 1.69798684e+00
    -2.50085473e-01 8.17261696e-01 1.91268444e-01 -1.59314692e-01
    4.11104381e-01 9.65316474e-01 1.02763486e+00 -8.25585604e-01
    1.82204664e-01 1.15193415e+00 -3.78417075e-01 1.25916719e+00
    3.42115462e-01 1.06023812e+00 4.73506927e-01 1.34367394e+00
    -8.27943683e-02 1.60984313e+00 -3.48186970e-01 1.69065034e+00
    6.64540529e-01 2.48979688e-01 1.50540102e+00 1.78455567e+00
    1.43878686e+00 4.34846282e-01 -1.03384614e-01 1.24902916e+00
    1.14860880e+00 7.63857484e-01 1.85641873e+00 7.91632771e-01
    -2.05080748e-01 1.49043250e+00 -6.26298547e-01 1.44125819e+00
    5.82525134e-01 5.63580871e-01 9.19827819e-01 5.71625710e-01
    -7.68662274e-01 8.40564370e-01 1.41321659e+00 1.55723429e+00
    -1.91608012e-01 -6.39240444e-01 -6.08771086e-01 -1.80514932e-01
    1.24620414e+00 9.69876647e-01 1.11517775e+00 9.21031475e-01
    1.31357670e+00 -6.29586220e-01 1.04575396e-01 7.74098754e-01
    9.25220430e-01 1.89853120e+00 1.94798565e+00 -7.93049157e-01
    -3.35734427e-01 8.11491370e-01 6.96561635e-01 -4.34064031e-01
    -1.44949079e-01 1.16923809e-01 8.59406948e-01 -2.04613924e-01
    6.69102311e-01 1.24622834e+00 -8.83244395e-01 -4.31196451e-01
    -5.90586066e-01 7.85142422e-01 9.49147701e-01 1.02703965e+00
    -2.86218584e-01 -5.53565919e-01 -4.58358407e-01 1.61474252e+00
    5.68654358e-01 6.03445768e-01 -5.19746423e-01 7.80421495e-01
    1.34109879e+00 4.67239916e-01 1.99079299e+00 -7.88676918e-01
    -8.26756001e-01 6.25158191e-01 1.42642057e+00 -8.50700796e-01
    1.05242443e+00 3.57317626e-01 -9.31831360e-01 -2.53318846e-01
    4.16915596e-01 9.33071315e-01 8.84050965e-01 1.83698475e+00
    -1.86175764e-01 8.81559849e-02 6.60234809e-01 6.69689119e-01
    -8.42877924e-01 8.36538613e-01 1.36147308e+00 8.48772883e-01
    -3.45531046e-01 -5.44263244e-01 -5.06191850e-01 1.50636411e+00
    7.87153959e-01 1.19648767e+00 1.89297819e+00 1.31494355e+00
    9.51826930e-01 1.16484642e-01 1.55134308e+00 5.04743814e-01
    8.50948811e-01 -7.31094480e-01 1.59957683e+00 8.11909437e-01
    1.69283938e+00 7.33992219e-01 1.50138462e+00 1.26375771e+00
    1.07839561e+00 1.66794181e+00 1.17608607e+00 8.74707580e-01
    -6.28980398e-01 1.33247674e-01 3.73556793e-01 -2.13159740e-01
    1.87658238e+00 2.89656639e-01 -7.87680805e-01 2.95361757e-01
    4.77726340e-01 2.51428723e-01 9.95870829e-01 -1.93238854e-01
    -8.43711257e-01 6.74399793e-01 3.71058762e-01 1.89259112e-01
    -2.16640651e-01 4.58369195e-01 1.76965451e+00 -3.10426354e-02
    -5.23836613e-01 1.89711928e-01 1.37191582e+00 2.90799737e-02
    1.01764417e+00 -2.36401677e-01 9.41800237e-01 1.96639180e-01
    1.41422105e+00 4.51992273e-01 1.43075097e+00 3.28069568e-01
    2.20501900e-01 2.81804681e-01 1.69008756e+00 7.13917077e-01
    1.94997144e+00 -3.89473915e-01 -2.32511044e-01 -6.75512671e-01
    4.00716066e-02 6.82335198e-01 1.33507729e-01 5.26778996e-01
    1.96673322e+00 -7.00370669e-01 -5.36587477e-01 -5.07983625e-01
    -1.08071089e-01 -6.32419050e-01 1.47945964e+00 1.75171924e+00
    9.42146897e-01 1.23549926e+00 -2.48525441e-01 9.21841860e-02
    8.08732748e-01 1.60594714e+00 5.98009944e-01 1.74839258e-01
    -6.02670312e-02 6.72146082e-01 8.11677694e-01 1.18800759e-01
    1.80224705e+00 1.47986758e+00 -8.58130276e-01 -1.78897023e-01
    1.75618887e+00 4.29033041e-01 1.75515389e+00 -8.81361604e-01
    8.15084636e-01 8.26837599e-01 1.61740589e+00 -7.52879977e-01
    1.25105810e+00 1.59438801e+00 1.36800385e+00 3.87722671e-01
    1.14736533e+00 7.63565123e-01 4.85488534e-01 7.75021911e-01
    -1.33461356e-02 1.12135243e+00 -5.48335195e-01 -3.14345956e-02
    -1.65436864e-01 6.96399927e-01 8.62216830e-01 7.31626034e-01
    4.87616420e-01 1.10488307e+00 9.21952367e-01 -2.23688245e-01
    1.63948321e+00 7.92877972e-01 -9.62822974e-01 -9.70982969e-01
    8.96283150e-01 9.46334779e-01 1.91079926e+00 -4.28756535e-01
    -4.54546869e-01 7.87572563e-01 -7.06227660e-01 1.64982235e+00
    8.95680726e-01 -1.89089537e-01 4.31457520e-01 -8.61177504e-01
    2.88730264e-01 1.54965913e+00 3.69587064e-01 9.89618897e-01
    1.25432014e+00 2.69918025e-01 -9.30466533e-01 1.43794632e+00
    5.86403549e-01 4.78239655e-01 5.82229435e-01 1.68132448e+00
    -3.21894169e-01 2.03627849e+00 8.21766436e-01 2.27820396e-01
    -6.36699796e-01 1.47999811e+00 1.48012233e+00 5.14256120e-01
    1.27997279e+00 1.16886735e+00 8.64757657e-01 4.04352248e-01
    3.55065346e-01 1.97231495e+00 6.85539842e-01 1.60406017e+00
    1.24825644e+00 7.98643947e-01 -3.01485002e-01 5.31163216e-02
    9.49252367e-01 1.08044147e-01 1.53324068e+00 1.43906856e+00
    1.29070640e-01 1.33531213e-01 5.72909117e-02 -4.80104685e-02
    4.86800909e-01 7.84922957e-01 5.29397726e-02 7.19247699e-01
    -2.61133909e-02 1.08708620e-01 1.67441487e+00 1.31401277e+00
    1.14379907e+00 -2.01568842e-01 -2.19707489e-02 6.18855059e-01
    -2.33798087e-01 9.00838375e-02 -8.05605054e-02 1.45213962e+00
    -5.77231288e-01 1.20076597e-01 1.50455880e+00 6.32503033e-01
    -1.50677800e-01 1.51696551e+00 2.74257660e-02 1.11284721e+00
    -5.07071972e-01 -1.58578038e-01 1.02592421e+00 -3.09921563e-01
    -6.32461786e-01 6.30946815e-01 -7.74838269e-01 7.34598517e-01
    5.67871690e-01 -7.05873013e-01 5.32140076e-01 1.45828533e+00
    9.11313653e-01 2.62179255e-01 7.02887774e-02 2.09931731e-02
    1.94127822e+00 3.83763433e-01 1.15501106e+00 1.37489033e+00
    7.13023543e-02 -7.90673316e-01 -7.73067415e-01 5.49928129e-01
    1.56243825e+00 1.67939115e+00 1.45360470e-01 2.16818750e-01
    -8.24602604e-01 6.82960272e-01 3.28363597e-01 -1.19575739e-01
    6.85461342e-01 6.38095796e-01 1.31987882e+00 6.38781905e-01
    -8.59444916e-01 1.57567024e+00 1.75525713e+00 1.31650472e+00
    1.94963217e+00 2.54390001e-01 -2.35502779e-01 1.82937026e+00
    -1.96369588e-01 6.99734330e-01 -1.45283937e-02 9.61437106e-01
    9.36576247e-01 1.06940639e+00 -3.72111201e-01 3.59113038e-01
    -1.84265792e-01 6.81746185e-01 1.56205177e+00 1.79456949e-01
    2.17035770e-01 1.04549229e+00 1.46484756e+00 -2.56895602e-01
    4.87904191e-01 4.21376228e-01 -6.96060419e-01 1.86062908e+00
    -9.85533118e-01 1.19999290e+00 1.35485101e+00 -9.58704472e-01
    6.33175969e-01 1.61811924e+00 -1.03147566e-01 -3.94204021e-01
    1.65146136e+00 1.33371413e+00 2.49046445e-01 1.07002807e+00
    1.79508770e+00 9.64330912e-01 1.85010433e-01 1.01588404e+00
    1.82192671e+00 1.87865996e+00 9.28117335e-01 1.14736855e+00
    1.71719337e+00 1.66760325e+00 1.45950329e+00 1.90629494e+00
    1.97559357e-01 1.73059642e+00 2.38003612e-01 8.36277962e-01
    1.80936813e+00 1.19579077e+00 -3.28015685e-01 9.82453227e-01
    1.01959801e+00 1.78381419e+00 5.94689906e-01 1.96530223e-01
    1.50428462e+00 7.96986759e-01 -4.99701053e-01 4.82719839e-01
    -9.02683794e-01 1.95233989e+00 2.81638503e-01 -3.08525562e-03
    4.29553747e-01 9.40586329e-01 1.72002113e+00 1.54667020e-01
    8.52451682e-01 6.94168568e-01 -4.84532535e-01 9.83688951e-01
    1.33910549e+00 -5.12250960e-01 1.60572362e+00 -3.71486187e-01
    -5.86727262e-02 -4.20973659e-01 -8.26397181e-01 -1.61545515e-01
    -6.72183514e-01 -8.28735530e-01 1.13808107e+00 1.57398546e+00
    -1.04811072e-01 1.15367281e+00 7.80870080e-01 3.27859640e-01
    -2.76001334e-01 -1.01912260e+00 4.08998251e-01 1.78889036e-01
    1.22532105e+00 1.10888720e-01 1.79182518e+00 8.92820001e-01
    -5.49038053e-02 5.84773064e-01 -8.50238085e-01 1.78982043e+00
    3.08462381e-02 8.21232200e-01 1.32293105e-01 1.38409567e+00
    2.43612885e-01 -7.04012454e-01 1.72510338e+00 2.17360318e-01
    -5.37834644e-01 -3.09772611e-01 3.02227914e-01 1.06542385e+00
    -2.22805798e-01 5.30685008e-01 1.33632326e+00 9.19339061e-01
    -7.91255176e-01 -7.11652160e-01 -2.92507023e-01 -2.65059143e-01
    8.47118795e-01 9.73619103e-01 1.49388003e+00 1.27845192e+00
    9.41894174e-01 8.11246037e-01 7.66465664e-01 1.59695137e+00
    8.93152595e-01 -1.23637319e-01 9.75419521e-01 3.48601401e-01
    1.45216060e+00 9.39226210e-01 6.31801248e-01 1.75280690e+00
    3.69133353e-02 1.03052020e+00 2.04383135e-02 7.51289368e-01
    -6.14798009e-01 -3.65692198e-01 4.78192270e-01 2.16058135e-01
    9.82111573e-01 -5.45076609e-01 9.15796697e-01 -4.08997476e-01
    -6.49823844e-01 -3.34860861e-01 1.17201662e+00 1.65321827e+00
    -2.05079913e-01 2.96036363e-01 1.07474780e+00 1.45520020e+00
    4.58096325e-01 -9.08858180e-01 1.31145513e+00 -8.12037647e-01
    6.39700890e-03 -7.21244752e-01 -7.68161178e-01 -4.63292867e-01
    5.25493026e-02 -5.50411344e-01 -5.90857327e-01 -7.55804062e-01
    -1.22003019e-01 8.42881262e-01 1.65285158e+00 -6.67965412e-01
    1.59166479e+00 -1.54350460e-01 1.91335464e+00 -8.09231758e-01
    -9.57755446e-02 -5.31438351e-01 1.37777781e+00 9.33244586e-01
    -9.50217426e-01 1.57729113e+00 3.71377468e-02 9.10700321e-01
    -6.02043867e-02 -7.59700596e-01 9.43956614e-01 3.61144066e-01
    1.39285672e+00 9.11009431e-01 -6.24710739e-01 9.32084322e-02
    1.18775463e+00 1.89812040e+00 1.87623429e+00 1.72468424e-02
    -7.30039656e-01 6.27925694e-01 1.53847957e+00 1.52605295e+00
    1.68945014e+00 1.93707299e+00 -4.14704978e-01 2.55968690e-01
    1.21511078e+00 3.94412994e-01 -8.24710727e-01 1.68416023e+00
    1.36127853e+00 8.93335938e-01 -8.55863512e-01 -7.73132801e-01
    7.30869770e-02 6.92001462e-01 1.16889477e+00 -9.68005061e-02
    -4.27106977e-01 -7.44033575e-01 -2.91908860e-01 2.02499652e+00
    2.24357367e-01 -4.26754296e-01 1.90675640e+00 -3.34225118e-01
    9.99940574e-01 2.25584567e-01 6.80717885e-01 5.70957303e-01
    2.10255444e-01 3.65119338e-01 -3.43776464e-01 7.84774363e-01
    2.00672841e+00 4.58201826e-01 5.13408065e-01 -8.68792653e-01
    -9.10025418e-01 2.02639031e+00 1.78914952e+00 1.97429419e+00
    1.11971951e+00 1.75884128e+00 1.60816669e-01 9.05974329e-01
    -5.83761811e-01 -7.19740152e-01 1.01370311e+00 6.79297507e-01
    1.85293269e+00 1.62128532e+00 1.59633005e+00 7.57382393e-01
    -4.43511486e-01 -3.39234233e-01 2.89362907e-01 1.90523267e-02
    2.02350378e-01 3.84926796e-04 6.58826292e-01 -5.05590677e-01
    3.10065150e-01 -2.52255797e-02 -6.43165588e-01 -5.03964782e-01
    1.46418619e+00 -4.06673670e-01 9.76256669e-01 -4.01149482e-01
    -1.73103094e-01 -3.48179400e-01 5.19322634e-01 1.07959354e+00
    1.40640819e+00 1.18047726e+00 2.05131650e-01 1.67377245e+00
    7.79578209e-01 1.22950077e-01 1.15224898e+00 4.70497072e-01
    1.22735631e+00 1.68399954e+00 1.25765848e+00 -1.00098014e-01
    1.47065592e+00 -5.62232494e-01 5.07944465e-01 5.17297745e-01
    6.25172734e-01 -8.76814961e-01 3.56601477e-01 1.74135184e+00
    6.23715520e-01 -4.23216820e-01 -6.10211253e-01 4.82195437e-01
    -7.89989591e-01 -7.62675464e-01 5.74810386e-01 1.48764873e+00
    1.44219911e+00 7.59610057e-01 5.62469840e-01 2.58034647e-01
    -5.83326340e-01 1.08407521e+00 1.16845918e+00 6.17818832e-01
    -4.71589386e-01 3.06936264e-01 -3.61619592e-02 -5.25382280e-01
    -2.05937624e-01 5.08222044e-01 1.24396861e+00 -2.88471460e-01
    -6.39982224e-01 8.16210806e-01 1.66514063e+00 1.71118546e+00
    9.67265129e-01 7.71759748e-01 4.53477502e-01 4.74992990e-01
    -6.55857563e-01 -3.42675865e-01 1.81962872e+00 1.86618114e+00
    6.54764712e-01 2.08665550e-01 8.60424578e-01 2.53313184e-01
    3.93128991e-01 1.29835534e+00 6.13578558e-01 1.49929535e+00
    -7.35967994e-01 1.33665514e+00 1.91742992e+00 1.12969792e+00
    4.74551320e-02 -1.29264534e-01 9.99082088e-01 -1.16791129e-01
    9.08890963e-02 6.68530107e-01 5.42948484e-01 -1.20531917e-01
    7.37788439e-01 9.08086896e-01 5.68609595e-01 1.74077547e+00
    1.53917420e+00 9.65659380e-01 1.26350403e+00 1.89599907e+00
    2.99155772e-01 1.35988081e+00 -7.52660036e-02 1.93655372e+00
    9.53461528e-01 2.58583128e-01 3.96100998e-01 -7.65356243e-01
    -3.80737841e-01 1.12198305e+00 -3.57651055e-01 -6.21184647e-01
    -4.17861998e-01 1.59914875e+00 1.19457054e+00 1.55534840e+00
    1.82732558e+00 1.83145380e+00 -4.29795086e-01 2.01153803e+00
    1.22902036e+00 5.36859930e-01 1.73004317e+00 -2.63764501e-01
    -1.82755411e-01 -1.30181134e-01 1.40466774e+00 1.19907248e+00
    1.55695486e+00 -9.20999944e-01 -6.98133349e-01 -9.09852982e-01
    -5.34334302e-01 1.83349085e+00 1.39477742e+00 1.29301929e+00
    3.25269580e-01 7.34511614e-02 8.01261485e-01 4.26963568e-01
    1.19287205e+00 -3.01397562e-01 -8.57362449e-01 1.95918310e+00
    1.41374040e+00 -4.10768747e-01 1.81259215e+00 -5.28238058e-01
    1.92051959e+00 5.32424331e-01 1.92823601e+00 8.77290487e-01
    7.80526876e-01 1.44921720e+00 3.26898575e-01 -9.91196930e-01
    -1.54268146e-02 7.59641051e-01 2.39501059e-01 8.08284283e-02
    1.37496352e-01 1.09081876e+00 -3.87354344e-01 8.09582174e-01
    -8.84691179e-01 1.12714028e+00 1.51177692e+00 1.26866102e+00
    1.25441217e+00 1.34139943e+00 6.53005123e-01 -4.00940001e-01
    -6.48151040e-01 1.83585572e+00 -9.17795479e-01 1.68417072e+00
    -8.35732877e-01 -9.17347670e-02 -8.07542801e-01 1.37710786e+00
    9.40269887e-01 -3.68706167e-01 1.88949192e+00 -6.22511923e-01
    -2.51322150e-01 1.01604712e+00 4.44266915e-01 -6.49998009e-01
    -6.39602721e-01 -2.28076577e-01 1.64302599e+00 9.57997739e-01
    -6.70534134e-01 2.93602705e-01 5.08049726e-01 -2.69881606e-01
    6.71152174e-01 1.34383380e+00 -5.13394356e-01 -6.46592200e-01
    5.63622117e-02 1.90251231e+00 3.40408683e-02 4.83416080e-01
    1.23448586e+00 8.36816967e-01 1.36151266e+00 1.74507689e+00
    1.61162078e+00 -4.22551632e-02 1.77535057e+00 -2.86471605e-01
    1.12437248e-01 6.35419071e-01 1.54350281e-01 -8.35247397e-01
    1.70395541e+00 1.59126282e+00 1.54428363e-01 1.69156003e+00
    8.20378959e-01 1.92591298e+00 8.24165165e-01 1.99080420e+00
    7.21949697e-01 7.16648996e-01 -1.51965797e-01 1.53628325e+00
    4.01781201e-02 -1.39979124e-01 1.18776667e+00 -3.19128215e-01
    1.76135182e+00 1.37152743e+00 4.48084772e-01 5.65092266e-01
    6.78759813e-01 2.08001614e-01 -8.48355472e-01 -2.09153831e-01
    -7.70049691e-02 3.69360447e-01 1.38517547e+00 -2.48298347e-01
    -3.18366885e-01 2.00618207e-01 9.20994043e-01 1.16471505e+00
    8.12219024e-01 -4.57275212e-01 3.93820286e-01 -8.36162567e-02
    1.54468298e+00 -3.37256491e-01 1.47804284e+00 7.81084895e-01
    6.65090978e-01 1.12050700e+00 -3.13977599e-01 5.13730705e-01
    1.08906925e+00 7.06387281e-01 3.20548058e-01 1.24316239e+00
    1.93714011e+00 7.82603562e-01 -2.27314234e-03 9.00065720e-01
    -1.52462244e-01 -5.57290912e-01 1.87851191e-01 -3.27350140e-01
    4.95195866e-01 3.45291793e-01 -1.62035227e-03 -3.60256672e-01
    -6.77643657e-01 -7.20801532e-01 -6.90411329e-01 -5.13769388e-01
    3.45164359e-01 1.74228263e+00 -3.98602307e-01 6.93125963e-01
    -3.50260735e-03 6.58106685e-01 -8.27224314e-01 1.47056317e+00
    -8.40625584e-01 1.56594241e+00 -6.39481246e-01 8.43179226e-02
    -7.71461487e-01 4.42550778e-01 -2.51541257e-01 -3.95686686e-01
    3.12458456e-01 -5.83695233e-01 1.26030231e+00 7.07016587e-01
    8.66225243e-01 3.10769677e-02 -3.72949183e-01 -4.59196925e-01
    3.24075937e-01 8.28674734e-01 1.58202493e+00 7.40429580e-01
    1.81659913e+00 7.96032429e-01 -4.82644826e-01 -3.19257140e-01
    -6.52057350e-01 1.28931284e+00 -4.33570147e-02 5.03474653e-01
    1.84619701e+00 -6.60386384e-01 1.12252474e+00 5.39980531e-01
    -1.86104894e-01 -8.53456438e-01 -7.49701500e-01 1.13819575e+00
    1.27739501e+00 -3.95746350e-01 -6.21487319e-01 1.10197520e+00
    -3.22707534e-01 6.09073043e-02 1.68758428e+00 1.61836374e+00
    1.40250695e+00 7.57636786e-01 -5.16244292e-01 9.54321146e-01
    3.65447998e-01 -6.08602285e-01 1.35852134e+00 8.48204792e-01
    1.94653034e+00 -7.28392720e-01 1.37193096e+00 1.25427556e+00
    1.44487464e+00 1.90880144e+00 1.10784161e+00 -7.54019201e-01
    -5.93822539e-01 1.12498760e-01 6.14374876e-01 5.55255413e-02
    -1.95374906e-01 -6.86344087e-01 1.45658064e+00 8.14372301e-02
    5.52323520e-01 5.08192122e-01 -5.07016361e-01 1.17042720e-01
    1.08144200e+00 1.28360057e+00 2.75119245e-01 -3.59788775e-01
    4.53179359e-01 8.50360572e-01 5.10768235e-01 1.68613207e+00
    -3.22219253e-01 1.34726334e+00 3.90426874e-01 1.35063040e+00
    8.07577968e-01 1.96046638e+00 1.32530081e+00 1.29974890e+00
    -5.55862188e-02 -5.26409268e-01 5.18388331e-01 1.13814616e+00
    1.92102659e+00 9.44327235e-01 -7.32561886e-01 5.06199956e-01
    1.87008417e+00 1.33690476e-01 -9.08550322e-01 -3.17685604e-02
    1.20075560e+00 -7.79919624e-01 4.45876420e-01 1.76533425e+00
    -7.00151086e-01 -4.71057564e-01 1.45241714e+00 1.13454485e+00
    -1.02753937e-01 7.92859018e-01 1.55225921e+00 1.92504597e+00
    1.05242479e+00 2.70841062e-01 -5.62357366e-01 2.32030571e-01
    1.06246245e+00 -5.52811325e-01 1.91363692e-01 1.16839969e+00
    -2.53971756e-01 4.87733364e-01 1.78304482e+00 -4.06052291e-01
    8.41833353e-01 8.70779872e-01 4.38113213e-01 -7.09079504e-01
    -2.52517045e-01 2.06716681e+00 -2.62136161e-01 1.03860688e+00
    1.20655215e+00 1.98282361e+00 2.00217772e+00 -5.77856779e-01
    1.45767188e+00 -5.59349060e-01 1.10391581e+00 1.16717434e+00
    -9.24926221e-01 4.39036727e-01 -3.99567246e-01 1.67122507e+00
    2.95105577e-01 6.70094490e-01 -1.74566686e-01 -9.13399935e-01
    1.17055988e+00 1.32901073e+00 7.55196631e-01 -6.86876535e-01
    -4.09185886e-03 1.66886556e+00 3.96365047e-01 1.65778661e+00
    1.32631671e+00 5.13994813e-01 1.19503522e+00 -7.24693298e-01
    3.61927330e-01 -1.34355903e-01 8.19722295e-01 -5.65439463e-03
    -3.33614051e-01 -1.18180692e-01 -2.29863107e-01 2.82523453e-01
    1.38788104e+00 9.02579784e-01 3.47872436e-01 -8.62987757e-01
    -4.90771741e-01 -2.38064229e-01 -3.20325136e-01 -9.83564556e-01
    3.62598538e-01 8.89874220e-01 7.14510798e-01 1.75629234e+00
    1.74665809e+00 5.78931093e-01 -7.64810205e-01 9.47227776e-01
    -7.66948521e-01 9.05190110e-01 8.67544472e-01 1.09370530e-01
    5.77942431e-01 -2.82547176e-01 3.78038943e-01 5.97496212e-01
    5.31907737e-01 6.04212701e-01 -7.07994699e-02 -6.60252988e-01
    1.17113030e+00 -6.08571887e-01 1.02473235e+00 -8.58217835e-01
    -5.91865182e-01 1.63655925e+00 -3.04498136e-01 1.33070302e+00
    -6.87757492e-01 -6.75395191e-01 3.04786026e-01 -2.14437604e-01
    5.94141126e-01 9.25926149e-01 -3.94315720e-02 1.77312315e+00
    1.09552336e+00 -2.93025970e-01 -8.17936838e-01 8.26979816e-01
    2.49652088e-01 1.08413720e+00 1.25568604e+00 6.22415841e-01
    1.88751066e+00 -8.39920998e-01 -7.67871320e-01 -9.37002301e-02
    -7.95868695e-01 8.36328745e-01 -5.17479718e-01 5.78537762e-01
    1.45907164e+00 1.52988768e+00 1.72106266e+00 9.33512449e-01
    -6.03056431e-01 -1.77454174e-01 2.89962530e-01 4.12162900e-01
    4.90693390e-01 1.65978217e+00 2.04957366e+00 5.69594085e-01
    -8.15051913e-01 8.19785595e-02 5.66400111e-01 1.53074884e+00
    -8.69350612e-01 4.86063898e-01 -7.03460097e-01 -1.15073025e-01
    -8.55538309e-01 1.97853327e+00 8.51834774e-01 -7.06120670e-01
    7.53713012e-01 1.67126787e+00 1.48168540e+00 2.85200238e-01
    -3.71197462e-02 1.55940604e+00 1.52868080e+00 5.51837802e-01
    1.17401516e+00 1.28918099e+00 8.21738482e-01 1.25917792e-02
    -6.73093855e-01 -7.24491954e-01 1.68655396e-01 1.12387586e+00
    3.39797735e-01 -5.57694435e-01 -6.08219028e-01 1.99099481e-01
    1.60885632e-01 1.17709029e+00 -8.22090805e-01 -7.40570605e-01
    1.41963696e+00 6.62227631e-01 9.76553202e-01 -5.44784665e-02
    9.22035575e-01 1.02198303e+00 2.74452031e-01 1.41909218e+00
    9.42856193e-01 1.64419389e+00 6.94147646e-01 1.38391960e+00
    1.32300055e+00 5.79006076e-01 6.46165013e-01 1.40068269e+00
    -1.68889463e-01 3.08226109e-01 2.48613358e-02 1.25825107e-01
    -5.60084164e-01 1.05747867e+00 1.27012432e-01 4.56862688e-01
    2.85927176e-01 7.09858894e-01 1.12498331e+00 9.45231140e-01
    -2.60981917e-01 4.40119267e-01 -4.53083456e-01 -7.06440806e-01
    -5.96215665e-01 1.85253167e+00 1.53054535e+00 9.33612823e-01
    3.72651100e-01 1.52361536e+00 1.05438566e+00 6.86730742e-01
    1.44782615e+00 1.02725136e+00 1.25330210e+00 1.29512465e+00
    3.84885073e-03 -7.52772212e-01 -7.87335277e-01 -4.81000394e-01
    9.21847045e-01 -4.69853997e-01 7.12490261e-01 4.83553529e-01
    -5.98079562e-01 -6.65319026e-01 1.15305328e+00 2.20487118e-02
    7.83648372e-01 1.38790476e+00 4.27283227e-01 9.88862395e-01
    -5.52702188e-01 5.26707351e-01 -3.42449844e-01 -1.89551473e-01
    1.77184761e-01 -4.72944200e-01 -5.43910444e-01 1.73612237e-01
    2.03554940e+00 1.77758026e+00 4.51380074e-01 1.75017142e+00
    4.08726931e-01 -1.86334789e-01 1.06233907e+00 1.19922388e+00
    6.72132134e-01 1.21874666e+00 5.18427610e-01 9.47469294e-01
    2.50815749e-01 -3.37968946e-01 1.00245857e+00 -8.85003328e-01
    8.23987901e-01 -6.70356214e-01 1.64712191e-01 1.43998861e-02
    -9.16795433e-01 8.24955404e-01 1.89477742e+00 1.80003762e+00
    -6.44817352e-02 -5.24018407e-01 1.71199656e+00 -2.14693069e-01
    -5.54334700e-01 -4.96854663e-01 1.48297429e-01 -2.22857237e-01
    3.62002492e-01 4.68899250e-01 5.84470510e-01 1.87806642e+00
    6.45958781e-01 9.80811596e-01 -3.03726792e-01 1.39653420e+00
    5.49906850e-01 9.17107463e-02 8.02981973e-01 1.09912550e+00
    -8.63128781e-01 -1.22200489e-01 -2.66196549e-01 -5.08102596e-01
    -6.70613587e-01 7.87116706e-01 -6.59371018e-02 1.02612495e+00
    -5.44633985e-01 -1.89098418e-01 1.08927107e+00 7.04003453e-01
    1.41407299e+00 -7.97711909e-01 1.06347680e+00 8.11856389e-02
    9.02240217e-01 1.11074460e+00 -1.51902437e-01 -2.28160024e-02
    1.22060406e+00 1.07776928e+00 1.77906716e+00 6.84915304e-01
    1.29871345e+00 -7.32244730e-01 1.43951964e+00 6.74398899e-01
    -5.77036977e-01 4.50639546e-01 -4.60424423e-02 1.78819132e+00
    3.47485721e-01 8.89004588e-01 -3.13132286e-01 -1.28603220e-01
    4.11323488e-01 1.65019774e+00 -6.02680922e-01 -2.02747047e-01
    -9.07406211e-01 1.43196309e+00 1.76901722e+00 -1.77790165e-01
    1.54186130e+00 9.95532274e-02 1.34342110e+00 -9.57960010e-01
    3.60960603e-01 1.90028739e+00 6.54326677e-02 2.92850733e-02
    1.99317050e+00 9.16080534e-01 8.50611210e-01 -8.63977075e-01
    -4.55332130e-01 -4.67053682e-01 -3.51464987e-01 -2.30595469e-02
    9.42493796e-01 -3.29068899e-02 -7.34382153e-01 1.67516398e+00
    2.87480652e-01 1.39202535e+00 -7.16299534e-01 -7.38976479e-01
    1.37914991e+00 -8.76202941e-01 2.52871573e-01 -5.94904661e-01
    5.06522298e-01 -9.41560864e-02 2.73263514e-01 1.75229430e+00
    -9.49173570e-02 -6.39323711e-01 8.77528369e-01 1.68649673e+00
    -5.68791509e-01 -4.16910440e-01 1.43164396e-01 -1.47404671e-02
    1.76845026e+00 -4.01634932e-01 1.77463913e+00 7.88127899e-01
    -7.09324419e-01 -9.01228905e-01 1.07069755e+00 2.00252175e+00
    3.92196417e-01 5.33160448e-01 1.61666107e+00 5.16879022e-01
    1.43183374e+00 1.20181155e+00 1.80902934e+00 1.97905838e-01
    4.08878028e-01 -8.03373575e-01 9.49175298e-01 -6.29777431e-01
    4.14284229e-01 6.48218274e-01 -7.30249286e-02 3.15671921e-01
    1.73259020e+00 1.23104823e+00 3.68671417e-01 1.07703018e+00
    1.56531906e+00 1.88347340e+00 4.00155246e-01 2.50320971e-01
    1.13659644e+00 -6.31408691e-01 1.24672985e+00 -4.41624045e-01
    -3.94368052e-01 9.80080187e-01 -6.47626996e-01 2.07650661e-01
    1.20706713e+00 -4.75562334e-01 1.56623673e+00 5.20964026e-01
    1.67306566e+00 1.74860704e+00 7.32325077e-01 1.88108242e+00
    1.20707870e-01 1.27796531e-01 -7.65907764e-03 1.53949571e+00
    7.20977366e-01 1.46735501e+00 1.22214413e+00 6.36743128e-01
    -6.52333498e-02 1.86628103e+00 -6.24936819e-03 1.03555048e+00
    1.33611274e+00 -8.24367225e-01 3.01294208e-01 -5.38205922e-01
    -4.84854668e-01 -2.64341474e-01 -5.73063135e-01 1.84221005e+00
    -2.00039983e-01 8.17363799e-01 4.90018725e-02 -4.74932075e-01
    7.86157846e-02 5.49270630e-01 1.47094786e+00 3.21892202e-01
    7.20438480e-01 1.18637753e+00 5.93271732e-01 -4.74218577e-01
    -3.52524400e-01 9.81211901e-01 1.84265375e+00 3.05068493e-02
    9.00933862e-01 1.70820689e+00 9.64190125e-01 1.42835879e+00
    5.60384333e-01 -6.58735752e-01 -1.00061834e-01 4.69439089e-01
    4.91907239e-01 1.92222762e+00 -9.41317379e-01 -5.08253813e-01
    -6.55255020e-01 1.42851472e+00 7.90922284e-01 -3.88791800e-01
    1.32265532e+00 7.09113002e-01 -6.70536041e-01 1.03741491e+00
    1.30193377e+00 -2.28776157e-01 8.93926024e-02 1.26941955e+00
    1.64645255e+00 -4.67018336e-01 4.77123678e-01 4.05668616e-01
    1.26440525e-02 1.07498765e-01 -7.77478993e-01 -2.06764936e-01
    3.36059332e-02 1.74333262e+00 7.30077446e-01 4.86230850e-02
    -2.40861237e-01 1.14433813e+00 1.71643686e+00 1.70883083e+00
    -2.51904309e-01 -3.58533889e-01 7.77045786e-01 -3.04560363e-01
    -2.97125608e-01 9.81501698e-01 1.83950305e+00 -7.56017983e-01
    3.61095905e-01 -8.94554019e-01 -8.40152264e-01 -1.74261272e-01
    1.31098342e+00 1.19216597e+00 1.80932105e+00 -6.49868846e-02
    1.91163445e+00 2.40307689e-01 -9.78482366e-02 9.85696316e-01
    -1.62788272e-01 1.59650540e+00 -6.16961479e-01 1.35618365e+00
    -2.86904454e-01 4.97292280e-01 1.65898144e+00 1.43136442e-01
    2.14588046e-01 2.86832750e-01 4.59488332e-01 -2.66273320e-01
    1.75439715e+00 5.04885197e-01 1.81490207e+00 1.24589705e+00
    1.68678546e+00 6.60315275e-01 -1.04885674e+00 -3.19309890e-01
    4.46322441e-01 1.40290403e+00 9.72006679e-01 2.19473600e-01
    -7.12907910e-01 -7.71637082e-01 7.06002116e-01 -8.74048948e-01
    1.06409788e+00 1.77015877e+00 1.76996088e+00 1.92230344e-01
    -2.23111689e-01 -6.81495905e-01 9.43370163e-01 6.34303570e-01
    4.93246496e-01 -5.61594009e-01 -1.50443673e-01 1.97323585e+00
    9.68405843e-01 -8.33522320e-01 8.17385316e-01 1.06812119e-01
    -6.60333872e-01 -2.21561432e-01 -4.42737460e-01 -2.56391644e-01
    1.51253855e+00 -5.41344404e-01 -4.93399978e-01 1.16322637e+00
    1.74637353e+00 -7.37110138e-01 1.25612199e+00 1.60407019e+00
    2.74753571e-03 -7.77899086e-01 -6.35497749e-01 1.83477879e-01
    1.42384505e+00 -1.95984721e-01 1.27525139e+00 1.26538134e+00
    2.14616239e-01 1.54971862e+00 -1.29437447e-02 -2.69418955e-03
    2.07520247e-01 4.68219519e-01 1.68936598e+00 1.29368544e-01
    7.94077873e-01 1.52096593e+00 6.53387785e-01 1.28947461e+00
    4.45808291e-01 5.96267343e-01 1.79733062e+00 1.39991140e+00
    8.37352872e-02 -3.79809916e-01 1.45018148e+00 1.06865394e+00
    1.75339162e-01 2.57621586e-01 2.03910136e+00 -7.87063301e-01
    -3.79524112e-01 5.50482631e-01 -4.49198484e-01 1.21348763e+00
    -8.83373260e-01 1.71978104e+00 2.80877471e-01 -9.98510122e-02
    1.51689219e+00 1.55164647e+00 -7.97423720e-01 1.89496994e+00
    2.01792312e+00 1.55063248e+00 -6.94267154e-01 5.41216135e-03
    5.14750659e-01 -3.61280203e-01 1.67859840e+00 -6.15582347e-01
    4.48779404e-01 5.19959390e-01 -9.23616886e-02 -2.32248366e-01
    -6.93261325e-01 -7.43293166e-02 1.90540195e-01 4.09989238e-01
    5.92832506e-01 1.02516663e+00 1.59907198e+00 1.70556402e+00
    3.18286121e-01 1.53876972e+00 -5.63931704e-01 -2.14399040e-01
    -5.01098096e-01 -1.10053420e-02 -2.80446768e-01 3.93232226e-01
    -6.96098208e-01 -8.60309601e-03 -2.00464666e-01 4.20812726e-01
    -3.56180757e-01 -3.76147568e-01 1.01412570e+00 1.53050435e+00
    -6.98982656e-01 6.51452124e-01 5.76439559e-01 1.81357861e+00
    -1.45463407e-01 1.30230165e+00 1.83306062e+00 6.29846871e-01
    8.19119096e-01 9.17658567e-01 -7.94911444e-01 -9.33772981e-01
    -7.27265596e-01 1.43590152e-01 -4.86731470e-01 1.08347058e-01
    4.88463044e-01 -6.90889180e-01 1.46304882e+00 7.80148029e-01
    -2.73504555e-01 -4.03624594e-01 -8.08095932e-03 -1.31681979e-01
    8.57321441e-01 1.70652175e+00 -1.21532202e-01 -8.72456610e-01
    -8.46976817e-01 1.14130163e+00 -2.03653097e-01 -4.53929365e-01
    4.85320508e-01 1.93061912e+00 2.41845965e-01 -9.30925548e-01
    1.94045174e+00 7.84443080e-01 1.63215733e+00 2.93598950e-01
    7.69802153e-01 -4.14478779e-03 9.59216356e-01 -3.75115514e-01
    2.92353570e-01 -1.92578554e-01 3.92004848e-02 1.79747581e-01
    -4.90160823e-01 1.40035534e+00 -1.17187977e-01 3.78192604e-01
    1.49957311e+00 8.87532711e-01 -6.00672722e-01 1.76673234e-01
    -7.82420456e-01 4.97539639e-01 1.75061059e+00 1.41541719e+00
    -5.88390589e-01 1.83752322e+00 2.42482424e-02 4.69156742e-01
    1.75888681e+00 -9.33011055e-01 1.60911918e+00 -8.93695772e-01
    1.42278051e+00 -8.93535614e-02 1.74029255e+00 -5.36244333e-01
    1.56070817e+00 3.36573243e-01 4.24953938e-01 1.11904621e+00
    2.04310775e-01 1.45739377e+00 -8.77610922e-01 1.27406001e+00
    -4.07864511e-01 7.56936014e-01 3.22904766e-01 1.01490331e+00
    1.01910186e+00 1.57522810e+00 -4.73094702e-01 -1.51889265e-01
    2.90140748e-01 9.98950362e-01 1.39944506e+00 1.95686388e+00
    -1.35401011e-01 -7.50264406e-01 9.40313876e-01 -7.61371136e-01
    1.60460174e+00 -3.90050411e-02 4.75608766e-01 1.47750545e+00
    -8.45694542e-03 2.27074444e-01 1.88354933e+00 -2.16290057e-01
    -5.96939683e-01 1.70575249e+00 9.35319602e-01 1.79293537e+00
    -7.66670942e-01 8.41017962e-02 6.89318657e-01 9.98743176e-01
    1.60406387e+00 -1.57495022e-01 -6.90427661e-01 1.64295816e+00
    1.45594275e+00 -7.75314689e-01 -3.30780506e-01 2.05412459e+00
    -6.05081558e-01 2.31407046e-01 -4.67854142e-02 2.87270606e-01
    1.78794014e+00 1.06056213e+00 -1.83661342e-01 -4.35239136e-01
    4.02502537e-01 1.26603746e+00 4.86091673e-01 4.69379544e-01
    -2.51699507e-01 1.71580815e+00 1.32306707e+00 1.32962298e+00
    1.05074763e-01 -7.33718991e-01 4.09051299e-01 1.48523641e+00
    1.67564464e+00 1.53774309e+00 1.21153665e+00 1.66273952e+00
    1.55841553e+00 -2.44575918e-01 1.02627325e+00 -2.26885259e-01
    5.50113857e-01 -8.83175731e-02 3.29232156e-01 3.48080993e-01
    1.74871874e+00 7.30378032e-02 4.11348224e-01 1.87784052e+00
    9.41562116e-01 6.98496222e-01 1.86622715e+00 -2.11960912e-01
    4.19708729e-01 1.35903370e+00 -2.19571292e-01 1.50717211e+00
    2.18639314e-01 1.88735390e+00 1.15944719e+00 -5.32548606e-01
    -7.97847271e-01 1.44616818e+00 1.26305068e+00 -8.49637985e-01
    6.26524448e-01 1.89137506e+00 -1.83593214e-01 1.33782184e+00
    -2.99058259e-01 5.65825880e-01 1.15839791e+00 -8.21152568e-01
    -6.70564592e-01 1.71307409e+00 -7.10804522e-01 -5.43273091e-01
    5.16241789e-03 -2.83089042e-01 1.08357453e+00 -3.83312583e-01
    3.40573788e-02 1.18361521e+00 1.09348166e+00 1.21430743e+00
    6.70763850e-01 1.06803405e+00 1.01081073e+00 -1.65027380e-02
    7.12893963e-01 5.49113393e-01 9.57572460e-01 1.27243280e+00
    -7.13765740e-01 -4.48163152e-02 -1.40826702e-01 1.60228884e+00
    -8.03126156e-01 5.20321727e-02 5.44634581e-01 -1.07588172e-01
    -4.21328008e-01 1.46092379e+00 -2.12722123e-01 1.48084068e+00
    -5.13318658e-01 1.87752676e+00 -1.22287214e-01 4.31554556e-01
    5.18074036e-02 -5.80021739e-02 -2.15902627e-01 -6.15171790e-01
    2.01024485e+00 1.30029321e+00 -2.18141019e-01 1.50762963e+00
    1.15557361e+00 2.03659129e+00 -2.05770314e-01 -2.69909978e-01
    -2.71813810e-01 1.49927473e+00 -2.73512900e-01 5.95695198e-01
    -7.12737322e-01 -4.89150286e-02 4.58813906e-02 -7.20807433e-01
    1.51366735e+00 1.03214550e+00 4.92846429e-01 -2.73442626e-01
    -3.25891018e-01 -4.95366663e-01 -3.55917156e-01 -1.18066072e-02
    -5.24462819e-01 1.91893816e-01 -4.69251990e-01 1.80299091e+00
    -4.53661263e-01 4.43149209e-02 7.85607398e-01 -4.56594229e-01
    3.94591033e-01 7.31951535e-01 -5.50295353e-01 -5.26844621e-01
    -4.83349532e-01 1.30878949e+00 -6.92393363e-01 -5.36484659e-01
    1.73930228e+00 8.54295015e-01 -5.83983183e-01 1.49119520e+00
    -2.18089521e-01 7.00820863e-01 9.24961090e-01 9.99733388e-01
    9.41155136e-01 2.16851771e-01 1.83944225e+00 8.48907351e-01
    1.46993506e+00 1.37034142e+00 -7.75365353e-01 1.01849222e+00
    -6.85894966e-01 -8.23087692e-01 1.17168462e+00 1.48895431e+00
    9.95347381e-01 7.41515636e-01 1.71651793e+00 1.77697277e+00
    1.20910454e+00 1.21125460e+00 -6.60254121e-01 -4.02385473e-01
    3.58543992e-01 5.95388234e-01 1.60287881e+00 -7.97722816e-01
    -1.77901387e-01 -2.27313638e-01 6.64994061e-01 1.42680776e+00
    4.20307100e-01 -2.92640746e-01 1.05790830e+00 9.81036603e-01
    -9.38870311e-02 -7.59632707e-01 1.57520723e+00 3.51500034e-01
    1.65362048e+00 1.73843503e+00 9.26443219e-01 -6.65609956e-01
    -7.14919925e-01 1.89298511e+00 5.82262874e-01 1.73591995e+00
    -3.99671078e-01 -8.68587136e-01 1.58303380e+00 -6.22702062e-01
    -2.05404162e-01 8.66056681e-02 1.00086927e-02 1.40881503e+00
    1.94956243e+00 -3.24276149e-01 1.59847903e+00 1.33491230e+00
    -3.12838376e-01 1.06646967e+00 -4.18004096e-01 3.02092433e-01
    -5.46937823e-01 -9.60442841e-01 7.06599712e-01 1.43349719e+00
    -1.48392797e-01 7.66207814e-01 1.25996327e+00 8.38232398e-01
    -3.72983992e-01 7.69219041e-01 -8.19217563e-01 -7.92548895e-01
    9.49094594e-01 1.24960160e+00 1.95151305e+00 2.92322695e-01
    -5.39591134e-01 2.12526369e+00 -1.46335959e-02 -2.37351656e-02
    8.56233716e-01 1.96943378e+00 1.01308846e+00 -2.34923363e-02
    3.65779638e-01 1.03915524e+00 1.34632933e+00 9.65304255e-01
    -6.94803536e-01 -3.10952723e-01 1.77104759e+00 2.27684689e+00
    1.18025374e+00 1.75465965e+00 1.51141024e+00 3.11458468e-01
    1.20695305e+00 1.38190031e-01 9.94763136e-01 1.54248655e+00
    1.63735342e+00 1.08868861e+00 1.59205055e+00 1.00025618e+00
    -5.46317935e-01 -5.95435441e-01 1.31123781e+00 -2.85174549e-01
    -4.61048841e-01 -5.23787916e-01 1.18099499e+00 1.90765417e+00
    -1.71928942e-01 -8.79871726e-01 1.86379516e+00 -6.37948811e-01
    -4.41468298e-01 -8.67438018e-01 2.02886403e-01 -8.80948305e-01
    -4.01384890e-01 2.18844295e-01 1.23745203e-02 1.62601018e+00
    -7.12878168e-01 1.08092821e+00 7.33569980e-01 -5.58954000e-01
    1.03510094e+00 1.72694623e+00 1.52575362e+00 1.65089619e+00
    1.65926456e+00 8.18990350e-01 -8.46161127e-01 -4.08872247e-01
    -4.56827432e-01 1.78000844e+00 -7.33767688e-01 1.41415739e+00
    -9.61947918e-01 9.44247901e-01 1.84334612e+00 1.09053254e-01
    1.85520208e+00 -6.23308778e-01 3.21145058e-02 9.62436497e-01
    9.66549754e-01 1.14492178e-02 1.82138467e+00 7.03582704e-01
    -9.04451728e-01 -5.27296424e-01 2.03953838e+00 1.32195115e+00
    -3.57204854e-01 1.67872512e+00 1.82950068e+00 8.40530634e-01
    1.61123753e+00 1.76715612e-01 -3.49267542e-01 -5.06036758e-01
    2.35302329e-01 -2.70079374e-01 -2.19242513e-01 3.83770168e-01
    -6.14110470e-01 -3.49776149e-02 1.07279015e+00 1.39566457e+00
    -3.44831705e-01 -9.54863429e-02 1.78503036e+00 1.76900959e+00
    -7.76980698e-01 3.11041594e-01 1.83620644e+00 -9.85148311e-01
    1.28381324e+00 5.90527058e-02 1.10290480e+00 1.52410269e+00
    -5.08869946e-01 1.42584360e+00 -3.82509291e-01 3.93699050e-01
    -7.96765625e-01 5.47212839e-01 -5.58864474e-01 1.72620237e+00
    6.40616179e-01 1.06066728e+00 2.51092732e-01 -7.64261484e-01
    -8.63599122e-01 1.00139809e+00 2.05704379e+00 8.16318393e-01
    -4.07746732e-01 9.17204499e-01 8.25258851e-01 3.21388185e-01
    -1.22995555e-01 1.50287724e+00 1.84429550e+00 1.52370334e+00
    1.13831890e+00 3.68878365e-01 3.04290473e-01 1.37743235e+00
    1.94676757e+00 2.96026170e-01 -3.41992855e-01 6.96179807e-01
    -6.42504454e-01 1.54174519e+00 1.85554922e+00 1.10935152e-01
    4.24550414e-01 3.11717749e-01 1.27065420e+00 1.92084575e+00
    2.86425710e-01 1.04280305e+00 7.20048785e-01 -5.29137850e-02
    -5.11721730e-01 8.04619849e-01 1.53764319e+00 4.68574286e-01
    9.37232733e-01 4.59359288e-01 9.49816346e-01 4.40362692e-01
    1.84915960e+00 3.01571548e-01 1.32293630e+00 5.60752690e-01
    3.07890713e-01 -7.62134194e-01 5.76104283e-01 1.43698359e+00
    -7.99729288e-01 -6.86721444e-01 7.76723325e-01 1.39357853e+00
    9.20775890e-01 6.14715815e-02 6.58259809e-01 1.48362899e+00
    2.58683741e-01 1.52277887e-01 -1.18533969e-01 1.65484023e+00
    4.63090599e-01 1.73072219e-01 1.65269852e+00 -6.36389017e-01
    1.63356853e+00 1.80560052e+00 4.05821562e-01 -8.45840633e-01
    6.73871994e-01 1.49957323e+00 8.20625901e-01 7.55363762e-01
    1.16894412e+00 1.21533680e+00 1.58701611e+00 1.53733730e+00
    -5.96062541e-02 -6.63424730e-01 -3.15764546e-01 1.78925586e+00
    -1.83108091e-01 -5.08240640e-01 1.78697574e+00 1.39250171e+00
    -5.14876544e-01 1.75980926e+00 1.38054895e+00 1.24560237e+00
    8.75645995e-01 -7.52160013e-01 1.97441506e+00 1.44974494e+00
    -4.56605524e-01 -3.96281183e-01 -4.43439603e-01 1.11989427e+00
    1.00051701e+00 -2.41993606e-01 1.32793546e+00 4.93813515e-01
    -7.03698099e-01 5.44521809e-02 -4.94073421e-01 -4.34615582e-01
    3.87245417e-03 1.26263726e+00 1.57475674e+00 -1.46056294e-01
    -5.15179396e-01 1.52619195e+00 -9.54923332e-01 7.65025020e-01
    -2.37114429e-01 1.94511831e+00 3.80336642e-02 -9.56630111e-02
    -4.34014887e-01 -1.72338009e-01 -1.00983381e-01 -2.83033609e-01
    1.96667743e+00 3.21677387e-01 1.50652707e+00 1.29148901e+00
    -2.81577468e-01 1.85457420e+00 1.71992660e+00 1.95704019e+00
    -1.92848921e-01 -4.98554379e-01 8.26554239e-01 -7.14860916e-01
    -8.10427904e-01 9.46242988e-01 7.56110549e-01 9.21975374e-02
    -7.53578663e-01 -7.93941140e-01 -6.22605920e-01 1.11234856e+00
    4.24962580e-01 8.89610827e-01 1.16392577e+00 -5.10151505e-01
    -9.45400596e-02 2.77501345e-02 -8.68944526e-01 1.69242430e+00
    1.67035186e+00 1.56944931e-01 7.69449174e-01 1.34270835e+00
    -3.97435427e-02 9.13726211e-01 1.56735528e+00 1.17110205e+00
    1.80366457e+00 1.17730975e+00 4.58514690e-03 4.74193573e-01
    -6.01635814e-01 1.58428848e+00 1.77357888e+00 -8.61947000e-01
    -6.59516096e-01 4.80503201e-01 4.91222203e-01 1.98496652e+00
    1.24077082e-01 1.52945256e+00 1.02854228e+00 1.36448956e+00
    8.93994808e-01 1.03520942e+00 1.44781733e+00 -3.56830060e-01
    -2.38613963e-01 9.92957830e-01 1.53886235e+00 1.90849054e+00
    5.48772931e-01 3.78547907e-01 1.49057913e+00 1.51783037e+00
    1.82394028e-01 -7.19506741e-02 4.95110154e-01 6.67674541e-01
    2.28361368e-01 -3.47146511e-01 1.08974147e+00 5.64605594e-01
    1.45301807e+00 1.66372478e+00 9.00929093e-01 8.14969420e-01
    2.05649948e+00 1.45045590e+00 -6.13472462e-01 -7.12777972e-02
    1.45099568e+00 1.57991409e+00 -8.06435943e-01 2.22121358e-01
    7.32232213e-01 -7.22618401e-01 2.37364471e-01 1.96805739e+00
    -7.75608957e-01 1.43231201e+00 1.90116167e-01 1.07429218e+00
    -4.42916751e-02 -8.67598534e-01 1.25963783e+00 9.50395346e-01
    -9.36871052e-01 7.46066153e-01 5.23649454e-02 5.23343265e-01
    4.01448607e-02 2.37803578e-01 1.10657728e+00 -1.50308132e-01
    6.72298491e-01 -7.37566590e-01 2.03388500e+00 -4.59602475e-02
    1.09139884e+00 4.95434105e-01 4.18032587e-01 9.98641074e-01
    3.06851685e-01 5.48566520e-01 1.29846573e-01 7.01040208e-01
    9.70233798e-01 1.87682056e+00 -3.35566401e-02 -5.27815163e-01
    -4.58403826e-01 -7.66942143e-01 1.85487866e+00 1.54562271e+00
    1.09654939e+00 -8.74580383e-01 1.31004500e+00 1.13635325e+00
    -8.33938718e-02 1.64622915e+00 -6.40449643e-01 -6.99339986e-01
    -7.92657733e-01 6.77345932e-01 5.79757094e-01 1.88951921e+00
    2.54873276e-01 3.83054137e-01 3.76531482e-01 8.95729363e-01
    3.24886143e-01 1.43497634e+00 9.32056963e-01 -4.03303146e-01
    6.86607122e-01 1.01727223e+00 -8.41711164e-01 2.45852590e-01
    -4.01391208e-01 -4.32596356e-01 -7.33106792e-01 1.25328267e+00
    -1.87459290e-01 -6.18569136e-01 3.44311297e-01 3.82323325e-01
    1.45568180e+00 1.35851860e-01 5.85467339e-01 1.14418578e+00
    5.34239292e-01 6.85262859e-01 -8.75238061e-01 1.04104781e+00
    5.05744219e-02 1.91818058e+00 9.85711098e-01 2.21168518e-01
    1.65201283e+00 1.03357935e+00 8.92672598e-01 -7.90632129e-01
    -2.41542697e-01 8.63165498e-01 1.83704031e+00 1.78832352e+00
    1.51499391e+00 1.65747046e+00 1.53813791e+00 -1.22924745e-01
    1.41295314e-01 -2.99578905e-02 1.05947900e+00 3.82893860e-01
    8.20769966e-01 -2.46231437e-01 -2.21013010e-01 1.27999365e+00
    -4.78370190e-02 1.00914836e+00 -4.36165988e-01 2.02651083e-01
    3.28780293e-01 9.32291031e-01 -9.46971774e-02 1.81519973e+00
    9.08567309e-02 6.71538651e-01 3.84979129e-01 6.76717401e-01
    5.83184481e-01 1.42516565e+00 7.30757594e-01 1.70462978e+00
    4.18116987e-01 -8.00039232e-01 7.43956149e-01 8.55582356e-02
    3.76113296e-01 -3.73179436e-01 2.40434229e-01 1.20019960e+00
    1.94461346e-02 -4.09401178e-01 6.28641963e-01 1.27378345e+00
    2.58731246e-02 8.35309744e-01 1.84693503e+00 -1.66741014e-02
    4.63863373e-01 -6.03428483e-01 -6.06261373e-01 -7.03557909e-01
    1.12829268e+00 8.21871221e-01 5.94952881e-01 1.68238664e+00
    -3.71218741e-01 -8.35676551e-01 1.57202435e+00 7.84005821e-01
    1.23244190e+00 1.11569881e+00 7.90087700e-01 8.72866154e-01
    2.01939678e+00 -7.16216505e-01 8.03578436e-01 1.89127195e+00
    1.56592393e+00 -7.80023873e-01 -5.88722110e-01 1.37697971e+00
    1.04806638e+00 -6.21923149e-01 9.56681490e-01 2.03504562e-02
    8.19812059e-01 1.65128064e+00 -4.74379331e-01 8.29133749e-01
    -4.12615538e-01 -2.47448802e-01 2.44047225e-01 2.01507807e+00
    -6.60596013e-01 -7.57168412e-01 1.08055806e+00 1.61150074e+00
    -9.87839162e-01 -6.45619631e-01 1.56007695e+00 3.55217755e-01
    1.52145684e-01 -7.29072332e-01 1.28822446e+00 1.66073179e+00
    6.07106686e-01 5.12055457e-01 2.61507034e-02 4.17495608e-01
    -4.02342498e-01 -3.25737715e-01 1.97279322e+00 7.78064013e-01
    -5.27772546e-01 5.91429472e-01 1.65658414e-01 1.29313731e+00
    1.77958298e+00 -6.36958838e-01 -1.93409145e-01 9.21668887e-01
    -5.39940119e-01 5.71426153e-01 8.75561953e-01 2.12207532e+00
    -5.41203856e-01 7.52394795e-02 1.40690315e+00 -2.34520614e-01
    5.75227499e-01 1.75398672e+00 1.76251447e+00 1.22054422e+00
    3.23074222e-01 1.89346862e+00 6.90458536e-01 -7.93309450e-01
    3.66065204e-01 -5.03945947e-01 1.86207175e+00 -2.24359930e-01
    9.82923508e-02 -3.93153131e-01 -3.48653674e-01 1.44178605e+00
    1.57072353e+00 -1.17194235e-01 1.35772192e+00 2.14980245e-01
    3.32951784e-01 9.98051405e-01 -2.42412627e-01 1.09625316e+00
    5.98010659e-01 -6.41387463e-01 -4.81793463e-01 -8.73274446e-01
    1.86814547e+00 2.92266965e-01 3.61406565e-01 1.61428964e+00
    8.60132337e-01 -9.61533725e-01 -7.86458492e-01 9.48863506e-01
    3.96139622e-01 -1.10799909e-01 -7.03605890e-01 1.74265194e+00
    -8.21535766e-01 1.80670691e+00 -6.00827456e-01 -7.91517496e-02
    1.45429659e+00 6.48360193e-01 1.95918798e+00 -4.38098907e-01
    1.66756570e+00 2.32699573e-01 9.21373069e-01 -3.69011223e-01
    -7.47621536e-01 1.61646330e+00 8.48906279e-01 1.47586775e+00
    -9.29990113e-01 1.95353210e+00 2.44547784e-01 4.72285926e-01
    2.74863362e-01 1.78272438e+00 -7.53123522e-01 1.93418908e+00
    4.16280150e-01 2.83211708e-01 -5.05336761e-01 1.52368689e+00
    1.91664052e+00 1.13068819e+00 1.10514832e+00 1.55664825e+00
    1.93799615e+00 -3.88523877e-01 1.58280444e+00 9.00745809e-01
    1.90269136e+00 -3.37164164e-01 -4.66560364e-01 -6.91433489e-01
    -6.03520274e-01 -3.19460869e-01 -7.82417655e-02 9.60926831e-01
    3.85350883e-01 -4.65235114e-02 9.39727426e-02 -1.59870386e-01
    1.29338431e+00 1.54969406e+00 -7.89293766e-01 -8.82510126e-01
    8.98525119e-01 1.21530080e+00 8.19169343e-01 1.01176775e+00
    1.43862367e+00 -2.86549807e-01 7.89816737e-01 4.04399812e-01
    -5.91434717e-01 1.19857574e+00 4.44707274e-01 9.23159599e-01
    -4.05204952e-01 8.76425028e-01 -3.85107994e-02 1.35328388e+00
    -1.53571606e-01 7.40393579e-01 1.53406692e+00 1.66759706e+00
    6.74181581e-01 8.14940751e-01 -7.04334974e-01 -8.57219875e-01
    1.20906103e+00 2.36809790e-01 -6.22695744e-01 -3.85309279e-01
    1.74336207e+00 9.77838039e-03 3.60923886e-01 -4.62160200e-01
    -6.18958950e-01 1.10637581e+00 1.06921864e+00 -7.75310993e-02
    1.43703318e+00 -4.03432369e-01 9.64447916e-01 6.59312606e-02
    -6.74619079e-02 6.27414942e-01 -2.15144813e-01 9.54404831e-01
    6.62434578e-01 4.61399317e-01 9.60901976e-02 8.94879460e-01
    7.51194715e-01 -8.49827349e-01 1.74554479e+00 -6.27139330e-01
    1.66989744e-01 -2.98373282e-01 1.86795068e+00 1.74291730e-01
    1.33310246e+00 1.23937678e+00 1.57155490e+00 8.45679224e-01
    -5.12651026e-01 1.55316174e-01 -3.59689951e-01 1.92461193e-01
    1.81116462e-01 1.50617909e+00 9.10583198e-01 -9.55544710e-02
    1.22919500e-01 4.48725700e-01 -7.66021252e-01 1.21564984e+00
    1.79858601e+00 -6.06778502e-01 6.34446144e-02 6.23325884e-01
    1.20720029e-01 -1.64933801e-02 -1.89152300e-01 -8.36351275e-01
    2.05884051e+00 -3.28991771e-01 1.72448397e+00 6.67419434e-02
    1.47239482e+00 -5.46415091e-01 1.80075884e+00 -3.98398817e-01
    -4.94479418e-01 1.59115458e+00 4.62445259e-01 1.69929171e+00
    -8.62501502e-01 1.40597177e+00 4.50311899e-02 6.13168478e-01
    1.84448123e-01 1.44734406e+00 -6.69490337e-01 1.86338830e+00
    2.99961448e-01 5.19045591e-01 1.05657005e+00 2.13473141e-01
    3.65504026e-02 1.97330022e+00 -7.47658610e-01 -7.88199246e-01
    3.85490239e-01 1.36093974e+00 -7.66348779e-01 -3.82929444e-01
    -5.61975598e-01 -2.66350865e-01 -2.97018290e-02 1.32599735e+00
    1.54162538e+00 1.88521469e+00 1.55364096e-01 -3.59964669e-01
    6.37550950e-01 8.52795422e-01 -4.23262835e-01 -8.51052523e-01
    1.39135981e+00 7.33912587e-01 -4.23480660e-01 3.72092664e-01
    1.53476882e+00 9.86717224e-01 -7.61538446e-01 8.01355958e-01
    2.29987562e-01 9.50627804e-01 1.35880828e-01 1.65700233e+00
    9.91056025e-01 1.63755500e+00 5.19643068e-01 1.36466396e+00
    -2.27481782e-01 -8.02827179e-01 7.32277036e-01 -5.43143988e-01
    3.43785763e-01 1.35964763e+00 3.76245618e-01 3.73273969e-01
    5.51848054e-01 1.32054639e+00 6.48063064e-01 6.62049770e-01
    -5.68382144e-01 -5.86063981e-01 4.91378248e-01 1.19422054e+00
    -1.70048475e-01 -4.06938583e-01 1.86054921e+00 1.22582340e+00
    1.88671470e+00 7.37752020e-01 -5.82309127e-01 -3.78862858e-01
    8.11669707e-01 8.32439184e-01 2.35481024e-01 1.99289799e-01
    -2.99533129e-01 -3.59921873e-01 5.60722351e-01 4.70296144e-02
    1.58113313e+00 -3.91477525e-01 2.58417964e-01 -8.86441708e-01
    1.13675416e+00 1.48711753e+00 -3.37510288e-01 7.57862687e-01
    1.89670408e+00 4.03687477e-01 -6.48792267e-01 7.71889567e-01
    1.63080621e+00 1.80689311e+00 3.24098706e-01 1.17490065e+00
    4.24482584e-01 -1.55137897e-01 -4.58102822e-01 1.73656535e+00
    1.71183705e+00 2.53933311e-01 -1.00461400e+00 3.47505808e-01
    8.60369086e-01 9.08958435e-01 6.47660255e-01 3.71873379e-01
    1.79372442e+00 1.76616955e+00 6.88174963e-02 -6.91690326e-01
    -7.38881826e-01 -6.55459046e-01 1.28499866e-02 7.43132889e-01
    1.36215913e+00 1.91377401e+00 1.16465998e+00 -9.19888020e-02
    -1.01600647e-01 1.93210125e+00 -8.07210922e-01 -7.85779715e-01
    1.90462184e+00 1.03318751e+00 5.39743304e-01 -3.01085711e-01
    -1.97026670e-01 -2.44468749e-01 -3.73034716e-01 1.71812391e+00
    -7.59711146e-01 -4.79389548e-01 5.90397716e-01 6.18419230e-01
    -5.28526127e-01 -2.94236183e-01 7.12205410e-01 -2.19418764e-01
    1.59207892e+00 3.15049410e-01 9.86744881e-01 -9.60004985e-01
    7.48034358e-01 -5.28204799e-01 -8.52930665e-01 1.00238991e+00
    7.08039701e-01 1.88808203e+00 3.72991025e-01 1.54762197e+00
    -1.19198442e-01 5.32656908e-02 1.85499167e+00 1.04228783e+00
    -2.56237388e-02 -2.33310580e-01 6.13805592e-01 1.64372563e+00
    -2.07205117e-01 9.60117638e-01 5.60292006e-01 -5.80264151e-01
    -3.09165001e-01 -7.73894787e-03 -8.79278660e-01 -1.63602531e-01
    9.43400025e-01 -8.72327447e-01 1.70285010e+00 1.48806083e+00
    9.67478752e-03 -9.63874161e-01 -2.72967577e-01 1.60241675e+00
    -8.35544527e-01 -5.65978765e-01 6.12049401e-01 6.24364495e-01
    -5.43294907e-01 1.77785635e-01 3.79715383e-01 -3.77257645e-01
    1.21376300e+00 1.49162352e-01 6.26840055e-01 1.26013732e+00
    4.04002249e-01 1.08117270e+00 1.13992023e+00 8.93008649e-01
    -4.78271335e-01 8.96495104e-01 -7.09173858e-01 -2.32606530e-02
    -5.89042664e-01 -5.52205086e-01 1.35940444e+00 1.93308330e+00
    1.17088497e+00 -6.45937085e-01 -2.56566286e-01 -6.10679150e-01
    1.20258462e+00 -5.67547798e-01 1.00063443e+00 9.88492846e-01
    1.77726424e+00 1.29588830e+00 1.24883771e+00 1.16288996e+00
    8.15878272e-01 -8.80015969e-01 1.22278929e+00 1.27567291e-01
    1.33994889e+00 1.37791669e+00 1.10543728e+00 1.61720717e+00
    -9.27091420e-01 2.83393383e-01 7.81009912e-01 6.30739033e-01
    7.11131871e-01 1.65719700e+00 -9.28934216e-02 4.49042916e-01
    -7.64629006e-01 2.91973889e-01 -9.49532688e-01 -2.57484555e-01
    2.38955617e-02 8.70289743e-01 -5.05152106e-01 1.30873632e+00
    5.70959568e-01 6.12009168e-01 7.49623895e-01 -1.91601217e-01
    -4.15686488e-01 1.36137891e+00 -3.51969361e-01 6.22888505e-01
    1.20608294e+00 -7.77728200e-01 2.16677785e-01 4.12266254e-02
    -3.76859903e-01 4.63135004e-01 -1.92810953e-01 -3.11902404e-01
    1.20361924e+00 4.14139390e-01 2.19060719e-01 -9.25061703e-01
    -8.57650101e-01 4.51045930e-01 -5.12082815e-01 -3.71271372e-02
    9.07850862e-02 9.01089907e-02 -3.43071580e-01 8.82308781e-01
    4.21183646e-01 1.18581152e+00 -2.22972274e-01 -5.58915198e-01
    -6.70747995e-01 1.78083324e+00 1.14726782e+00 -2.68500447e-01
    1.83579254e+00 2.01915407e+00 1.07347679e+00 9.45158958e-01
    -6.60817564e-01 9.75685120e-02 -8.06841254e-02 1.66100502e+00
    -2.18188286e-01 -5.03948212e-01 1.40969634e+00 9.26342309e-01
    -7.36779690e-01 5.86135328e-01 1.85256934e+00 7.31167197e-02
    2.00093389e-01 1.33467209e+00 -7.03483820e-01 1.34529519e+00
    -7.32407093e-01 1.45293736e+00 4.58903193e-01 -3.80856156e-01
    8.75416219e-01 5.43785870e-01 8.15517902e-02 -5.42755663e-01
    -7.67457068e-01 6.97853804e-01 -2.68128812e-01 1.08310652e+00
    -8.94921422e-01 7.78136373e-01 1.91106749e+00 -1.57326818e-01
    1.12814617e+00 -6.54665589e-01 1.48254418e+00 2.59418666e-01
    -7.16525435e-01 -2.30185628e-01 8.15643787e-01 3.30694616e-01
    1.59244466e+00 6.54171109e-02 1.44623804e+00 7.00895965e-01
    6.21282160e-01 2.09457636e+00 7.53977120e-01 1.76951098e+00
    8.78712058e-01 7.69355297e-01 8.12933981e-01 -8.25801015e-01
    -5.75909853e-01 2.36493468e-01 1.28492081e+00 1.80453300e+00
    1.49249935e+00 2.43039131e-02 1.48184729e+00 5.43321669e-01
    -7.74175167e-01 5.75791359e-01 4.01424646e-01 1.41935611e+00
    1.40875125e+00 -4.30159330e-01 1.25506341e-01 -2.09868371e-01
    5.96067071e-01 1.00010514e-01 1.22746158e+00 3.54348421e-01
    -5.54699302e-01 1.22771358e+00 1.01981163e-02 -1.01017869e+00
    1.59015548e+00 1.30828321e+00 1.31416833e+00 4.77119803e-01
    -6.17298424e-01 -2.42745876e-01 3.58393550e-01 1.16987419e+00
    1.75269365e+00 1.00311041e-02 9.39588666e-01 -7.41320133e-01
    2.22054183e-01 1.83834243e+00 1.38933623e+00 7.81359673e-02
    7.56657422e-01 -6.69954658e-01 1.80109382e-01 -5.75478077e-02
    -3.74358237e-01 -6.81398332e-01 -7.64143109e-01 -5.55340767e-01
    1.12214851e+00 1.75899673e+00 -5.06466627e-03 5.36397696e-02
    8.00337911e-01 -1.79926157e-02 1.81603444e+00 1.77093005e+00
    -1.78800583e-01 -5.01574755e-01 7.18866587e-02 1.52374661e+00
    -6.89965904e-01 1.84911227e+00 2.82961369e-01 1.61931860e+00
    -8.95182133e-01 7.18422413e-01 -2.12358236e-02 -6.04958534e-01
    -6.75370991e-01 -5.26546180e-01 1.88432980e+00 1.30721343e+00
    1.23794627e+00 -4.96574998e-01 1.31720579e+00 -1.01292133e-03
    5.25124669e-01 1.81855488e+00 6.88791037e-01 5.39852977e-02
    -5.89631438e-01 8.97798657e-01 1.53518057e+00 5.16530871e-01
    1.56676340e+00 -1.69692636e-01 4.73493516e-01 9.07589853e-01
    4.82065558e-01 -1.86037779e-01 8.10619593e-02 1.41454482e+00
    1.84812510e+00 1.00428855e+00 9.41841066e-01 1.49315715e+00
    1.65518475e+00 1.38300788e+00 1.59556115e+00 -7.47034609e-01
    1.84943080e-01 5.30020595e-01 1.51483250e+00 -6.50159955e-01
    9.49422419e-01 4.83988523e-02 4.62103128e-01 -6.46338582e-01
    1.76810074e+00 1.56622779e+00 4.41129208e-02 -3.30686033e-01
    -6.04843378e-01 1.27997398e-02 1.13273430e+00 -3.76005948e-01
    -2.58330047e-01 -8.12563002e-01 1.26227856e+00 8.82061064e-01
    3.17753732e-01 1.73087358e+00 7.41348505e-01 -5.86723387e-01
    1.07551289e+00 3.27594280e-01 1.55962229e+00 4.35317755e-01
    2.11191297e-01 9.36505079e-01 6.12198949e-01 -3.84767830e-01
    8.39209080e-01 7.28395462e-01 -3.46156061e-01 -6.21654332e-01
    3.00836086e-01 6.50144935e-01 3.65250230e-01 1.00544333e+00
    -2.22029746e-01 4.85934377e-01 -9.70433593e-01 7.50921488e-01
    9.87221479e-01 1.20268202e+00 -5.16475439e-01 -4.14745331e-01
    1.04298592e-02 9.35086727e-01 1.51687384e+00 3.27888668e-01
    4.42382276e-01 -3.78200591e-01 1.07656646e+00 1.05729663e+00
    2.49521971e-01 1.60154891e+00 1.82781887e+00 2.56771326e-01
    9.61158395e-01 1.40227771e+00 -7.21359134e-01 1.84029949e+00
    -6.70607328e-01 9.27660346e-01 4.55222070e-01 1.00271177e+00
    -1.73800826e-01 5.43325603e-01 2.01447272e+00 -7.37240732e-01
    5.65249920e-01 -7.69506752e-01 1.11582351e+00 -7.12314129e-01
    1.30250216e+00 -3.19905341e-01 1.95320845e-02 5.99505484e-01
    1.94963884e+00 8.44116569e-01 1.60879183e+00 -1.44413531e-01
    1.89104962e+00 1.52270460e+00 -2.63648033e-02 1.11162567e+00
    4.09706175e-01 1.92077756e+00 1.45894074e+00 2.96560824e-01
    1.94736862e+00 -8.52593124e-01 -6.93162620e-01 4.19498801e-01
    1.32922316e+00 -3.23048949e-01 1.53979301e+00 1.62224829e+00
    -8.14639449e-01 -4.11541104e-01 -8.60365570e-01 2.73471236e-01
    8.20859432e-01 3.38878155e-01 1.60516071e+00 8.37593079e-02
    1.56696963e+00 1.92458200e+00 3.03619385e-01 9.86176312e-01
    -7.26549089e-01 -2.88120508e-01 1.89155054e+00 -1.96424961e-01
    -3.05950582e-01 3.09119701e-01 1.82241559e+00 1.17498457e-01
    3.44698429e-01 -7.57686436e-01 2.25357711e-01 1.71226299e+00
    -2.75500774e-01 2.14713871e-01 -1.30380929e-01 -6.27199531e-01
    1.77580774e-01 -8.40457976e-01 4.72321630e-01 1.66829205e+00
    1.59324396e+00 1.20987058e-01 8.79625678e-01 2.31813729e-01
    7.42451668e-01 7.65405118e-01 6.50355339e-01 -1.92006290e-01
    8.25269699e-01 -1.36061251e-01 -2.11377740e-02 -2.84010708e-01
    4.54654515e-01 1.91756558e+00 -7.92220175e-01 1.50347114e+00
    4.45082486e-01 1.35295868e-01 -6.05103076e-01 8.65324140e-02
    1.04181409e+00 1.61429024e+00 2.98796117e-01 1.36104751e+00
    -1.20507777e-01 3.25435162e-01 1.75584292e+00 9.55597281e-01
    -4.96589482e-01 -5.99879205e-01 -7.14277744e-01 7.87129402e-01
    -4.91518229e-01 -3.40915382e-01 1.39760566e+00 7.07967520e-01
    6.89361334e-01 1.94630551e+00 -3.25369418e-01 1.09268606e+00
    -9.22182262e-01 1.44100440e+00 3.19947600e-01 1.31128764e+00
    1.32109988e+00 1.46764493e+00 -8.61743093e-01 1.49846661e+00
    9.58152056e-01 -8.75096142e-01 5.62951803e-01 1.26544380e+00
    -6.54620171e-01 1.28992677e+00 -8.65065932e-01 1.49628603e+00
    2.88698375e-01 -6.51658595e-01 -3.10095191e-01 1.20268345e+00
    1.95569921e+00 5.09493351e-02 -8.24440479e-01 7.93733597e-02
    -2.46070266e-01 9.38562989e-01 6.79413080e-02 1.02111816e+00
    3.09116662e-01 1.36670423e+00 4.77537096e-01 4.01077449e-01
    1.55172348e+00 -6.51209593e-01 1.47972631e+00 -3.71477485e-01
    2.76536942e-01 -2.30798006e-01 1.25441158e+00 1.41909242e+00
    4.83943045e-01 1.56364250e+00 8.31710219e-01 -2.44418085e-01
    -7.25361168e-01 1.08915758e+00 1.49967897e+00 5.54977536e-01
    9.02428091e-01 1.07378983e+00 1.90728772e+00 -5.51325142e-01
    -1.45829439e-01 1.50291419e+00 1.36797762e+00 7.37387121e-01
    -2.85073221e-01 1.56166387e+00 8.82225752e-01 -4.25081313e-01
    2.98208952e-01 2.82913804e-01 2.72189379e-01 -3.77915025e-01
    1.92459428e+00 -5.41308522e-02 2.95142114e-01 -4.61057693e-01
    -7.41502941e-01 1.87301517e-01 -5.74785709e-01 3.34719419e-01
    4.16508198e-01 1.29706025e+00 -7.27230132e-01 -6.64908767e-01
    4.21722710e-01 -7.64843106e-01 1.87563121e+00 -6.30619287e-01
    4.85816836e-01 1.36245239e+00 1.56115234e+00 1.18958998e+00
    4.36552763e-01 1.73299885e+00 1.76723421e+00 1.16528225e+00
    -4.40528035e-01 2.77866185e-01 1.60265279e+00 1.30036962e+00
    4.12636518e-01 3.00370753e-01 -2.14955926e-01 5.42947114e-01
    -1.81744874e-01 2.03395069e-01 3.89727414e-01 -7.63968110e-01
    1.03038883e+00 1.92459488e+00 6.70150578e-01 1.91106641e+00
    -2.01773405e-01 4.57535267e-01 1.91945803e+00 -7.67255783e-01
    3.68734956e-01 6.61936641e-01 -5.16204834e-01 4.54714537e-01
    4.33036089e-01 -1.12306178e-01 -3.77241969e-02 4.63587821e-01
    6.28912687e-01 7.84009635e-01 1.48944116e+00 -6.62900567e-01
    -7.59231508e-01 -2.45475471e-01 3.25016975e-02 4.27517533e-01
    5.38059354e-01 1.18707597e+00 -3.51815224e-02 1.31450868e+00
    -7.67771602e-01 -7.26449966e-01 4.32935119e-01 1.02628827e-01
    1.91095006e+00 -9.77837801e-01 1.76934731e+00 -5.39299846e-01
    1.82725549e+00 -3.64086688e-01 8.31373274e-01 4.10311043e-01
    8.07410181e-01 1.13816750e+00 1.25906086e+00 7.41829753e-01
    1.11355364e-01 -1.70200706e-01 7.33392000e-01 -2.97858596e-01
    1.93125248e+00 -4.37037587e-01 -4.76257145e-01 1.64492393e+00
    9.54822898e-02 2.21531391e-02 2.99354374e-01 -7.49753416e-01
    4.12017047e-01 9.70768392e-01 1.56949306e+00 -7.36256480e-01
    1.28434587e+00 -7.74067342e-01 8.65184665e-01 -8.81857097e-01
    7.71098793e-01 1.82938397e-01 1.69988441e+00 6.16326809e-01
    6.75852716e-01 1.20834947e+00 -4.58515704e-01 3.37999940e-01
    1.89169645e+00 3.54912877e-02 -2.81635880e-01 1.52724600e+00
    -5.17924070e-01 1.18648148e+00 1.68772221e-01 -5.10278761e-01
    -1.12659276e-01 1.89341021e+00 1.39298785e+00 -3.61011922e-01
    -3.01682889e-01 5.61679959e-01 -2.64781535e-01 -3.11637342e-01
    1.46148098e+00 -1.17417574e-01 -1.27819479e-01 1.36702383e+00
    4.64506626e-01 1.47931147e+00 -1.82340682e-01 -8.24516892e-01
    -3.90911162e-01 -1.59980476e-01 1.45195961e+00 1.78103423e+00
    1.55669677e+00 4.95510578e-01 7.60921240e-01 1.40134752e+00
    1.25028896e+00 1.52237177e+00 4.02433872e-01 8.98462534e-02
    9.65029061e-01 -5.61078429e-01 1.41631508e+00 3.55794549e-01
    3.93859327e-01 8.31038952e-02 1.83635759e+00 6.13854766e-01
    4.82257843e-01 7.60994315e-01 1.92138028e+00 -3.56237352e-01
    -2.75418937e-01 1.41560733e+00 -4.81207848e-01 -4.63123649e-01
    1.87848687e+00 1.77101445e+00 1.26821673e+00 -1.01401806e-01
    1.78223228e+00 8.11292470e-01 -2.00351179e-01 1.09514415e-01
    1.50307894e+00 -5.28923869e-01 8.29737663e-01 2.24481320e+00
    -2.81509817e-01 1.78731036e+00 1.10132015e+00 -2.87752688e-01
    3.75399232e-01 6.08775973e-01 5.71805596e-01 5.41119754e-01
    1.23523116e+00 -6.95503891e-01 8.87648463e-02 1.63275027e+00
    -2.22434998e-02 -6.48318052e-01 1.55956984e-01 -7.11371243e-01
    -7.35004663e-01 1.24432182e+00 1.85571265e+00 1.68872535e+00
    -1.73703730e-01 -9.03670192e-01 2.59675026e-01 8.96579742e-01
    -3.86424065e-02 7.58180380e-01 1.72184229e+00 1.69437408e-01
    1.34811521e+00 1.76031637e+00 8.07766080e-01 7.76336432e-01
    -1.80494130e-01 5.92416525e-01 1.21887231e+00 -2.00265646e-03
    8.03799450e-01 1.77690816e+00 -1.90937519e-01 -5.37237525e-01
    1.38223970e+00 -3.03473711e-01 -7.96970665e-01 3.17174673e-01
    9.32778358e-01 3.94358039e-02 1.26643860e+00 6.39249146e-01
    3.73987436e-01 1.91200471e+00 -8.66721749e-01 -4.50864792e-01
    4.65401232e-01 4.36065435e-01 -7.30512500e-01 1.41685653e+00
    9.90394473e-01 -1.00570226e+00 1.68702018e+00 2.78076410e-01
    3.97674382e-01 6.80724680e-01 -8.24225545e-01 -2.80845523e-01
    -7.06310928e-01 8.00294280e-02 -7.47671664e-01 1.76901126e+00
    1.41907334e+00 -2.55683303e-01 -4.15711999e-02 1.70356274e+00
    1.22672272e+00 1.31240463e+00 1.71953154e+00 1.26496446e+00
    1.38937831e-02 -7.35641718e-01 1.44374204e+00 1.15853059e+00
    -2.19588876e-01 4.91994023e-01 -9.51946378e-01 1.30774379e-01
    1.78692365e+00 7.86765814e-01 8.70066881e-02 6.44882500e-01
    -3.31690907e-01 9.82758522e-01 7.36618042e-02 1.44978762e-02
    2.83409595e-01 1.04922366e+00 -7.43341923e-01 1.30722225e+00
    1.90225041e+00 -9.29970741e-01 4.06858563e-01 -4.55566406e-01
    -3.97801399e-04 1.77612674e+00 -3.08650911e-01 1.48810172e+00
    1.99283838e-01 1.62780952e+00 1.23582458e+00 -2.61307061e-01
    1.39414036e+00 -7.24413276e-01 -2.42783844e-01 1.57986736e+00
    1.09128129e+00 6.47523999e-02 3.13677967e-01 7.73374438e-02
    1.00689530e+00 1.88949060e+00 1.62317264e+00 1.38827062e+00
    1.44839740e+00 -3.05962026e-01 -3.60937774e-01 1.84048498e+00
    -1.71886683e-01 -7.47170627e-01 4.65769589e-01 1.19845784e+00
    1.44970953e-01 8.19022536e-01 -2.42390037e-01 -1.56356275e-01
    6.55110836e-01 -4.03555095e-01 1.95282793e+00 2.41761267e-01
    1.69574893e+00 5.41527689e-01 8.31713915e-01 1.66785061e+00
    1.09339333e+00 -8.42302084e-01 -1.45088911e-01 8.72579813e-02
    1.06421733e+00 1.56227815e+00 1.38725758e+00 1.58182597e+00
    -6.42756224e-01 4.88958001e-01 1.46449196e+00 -7.90379763e-01
    1.40152013e+00 1.84170210e+00 7.94674873e-01 -6.89367652e-01
    -2.04953432e-01 1.89837396e-01 1.18091965e+00 -1.33219779e-01
    1.88744485e-01 8.19448650e-01 -7.59544015e-01 -6.50589406e-01
    1.30948997e+00 1.64398170e+00 -4.44619358e-01 -1.08431101e-01
    5.32284021e-01 1.64360476e+00 9.48398948e-01 5.75954020e-01
    1.58624601e+00 1.80818295e+00 1.00568414e-01 -3.37295294e-01
    9.59143877e-01 -7.65489519e-01 7.47354031e-02 1.29516983e+00
    -1.81748509e-01 -1.26591206e-01 -7.26286769e-02 1.77911115e+00
    -4.54473257e-01 4.64971721e-01 2.75410116e-01 1.63651836e+00
    -4.95895267e-01 -2.34186351e-01 1.09631991e+00 -7.06500351e-01
    -2.04894602e-01 1.51283562e+00 -9.38753486e-02 -3.29191983e-01
    1.46642423e+00 -3.97352040e-01 1.03382897e+00 1.00404716e+00
    1.20434284e+00 -3.25377584e-02 -6.10986829e-01 -1.27959669e-01
    1.49302804e+00 7.16266811e-01 1.79906154e+00 4.87669885e-01
    -8.92844200e-02 1.09486079e+00 -5.52142382e-01 5.77089548e-01
    -5.67574203e-01 1.75844669e+00 1.95997810e+00 9.74373937e-01
    2.39808619e-01 6.29596412e-01 -6.86195970e-01 -1.19808018e-01
    3.06043625e-01 -6.77681684e-01 1.10028708e+00 7.68626571e-01
    1.26201987e-01 1.56959808e+00 -2.87749827e-01 1.51152170e+00
    -6.30607426e-01 8.77451301e-01 -3.89416754e-01 -4.82538760e-01
    1.04580903e+00 9.79416132e-01 6.41847849e-02 1.26556385e+00
    1.08689094e+00 1.31580842e+00 1.52827072e+00 -6.32236719e-01
    1.98383439e+00 7.06474543e-01 -7.78393865e-01 3.16007137e-02
    1.90119553e+00 1.52352357e+00 8.56574535e-01 5.84618866e-01
    -6.80659950e-01 1.40528679e+00 1.44994974e+00 2.64676273e-01
    1.65253949e+00 -4.70153093e-02 5.19138575e-03 1.76544237e+00
    2.34149957e+00 7.59803653e-02 1.32957578e+00 7.03313589e-01
    1.88719487e+00 1.12704337e+00 1.21871006e+00 6.89697921e-01
    6.46874189e-01 2.80166864e-02 -6.53492808e-02 -4.98280942e-01
    -4.59833324e-01 8.21731687e-01 1.34112906e+00 1.88801706e+00
    1.34912455e+00 -8.82984519e-01 8.87497663e-02 -3.95107746e-01
    1.51721990e+00 -7.60178387e-01 -3.50261033e-01 1.43039238e+00
    9.82164621e-01 1.48536026e+00 -1.19537950e-01 -8.05489421e-01
    1.01025414e+00 -3.21685851e-01 -4.41928148e-01 -8.94030213e-01
    1.93438637e+00 9.54954624e-02 1.89324450e+00 9.52873647e-01
    5.34967363e-01 8.64468575e-01 8.08234096e-01 -4.22868013e-01
    9.07897592e-01 -4.86758500e-01 1.21599650e+00 -2.31902182e-01
    -5.12324095e-01 -1.77186191e-01 2.01433372e+00 -8.61182272e-01
    1.54755521e+00 -7.60833025e-01 8.01047623e-01 1.92027271e-01
    6.65515006e-01 -7.26470351e-01 1.83307576e+00 -6.93800807e-01
    5.89581966e-01 1.81802058e+00 1.87964213e+00 -9.23054814e-02
    1.65699244e+00 1.11516118e+00 -5.29137909e-01 3.83734941e-01
    -6.85681164e-01 -8.02481174e-03 3.24660540e-02 -9.04446363e-01
    1.69229579e+00 -9.34414506e-01 6.97217524e-01 -8.76886785e-01
    7.25258410e-01 -4.25193906e-01 -3.90042305e-01 1.38977599e+00
    2.99960136e-01 -4.03289437e-01 -7.03502059e-01 1.45649707e+00
    1.30102909e+00 1.77843380e+00 1.53777671e+00 1.59318066e+00
    -6.87826276e-02 1.34472430e-01 5.93701959e-01 2.23937571e-01
    -4.66739535e-02 1.46490204e+00 -5.01747847e-01 -7.99195707e-01
    7.84024000e-02 1.74125373e-01 -5.36164284e-01 1.20874047e+00
    1.53070641e+00 1.72340071e+00 1.12333369e+00 1.69065547e+00
    -3.13550234e-01 7.16812015e-01 1.84638691e+00 -1.95343256e-01
    3.78360212e-01 -8.56056392e-01 1.23666286e+00 -1.08896315e-01
    1.87668991e+00 -4.83143568e-01 5.20802557e-01 1.61621976e+00
    1.62372756e+00 3.83416831e-01 8.66474569e-01 9.97742116e-01
    -6.15369022e-01 4.00992155e-01 1.95424616e+00 1.63553739e+00
    2.08854079e-01 -9.91714835e-01 3.44149590e-01 7.51029968e-01
    -4.27622497e-01 4.18500185e-01 -1.30507886e-01 1.87070155e+00
    1.43961883e+00 8.60632241e-01 6.64605498e-01 1.23141742e+00
    4.31198657e-01 -1.68855488e-01 -4.09947217e-01 1.78493142e+00
    1.32608557e+00 -8.61879110e-01 1.65633965e+00 -8.73894513e-01
    1.76690948e+00 7.06698656e-01 5.94638944e-01 -1.01553130e+00
    6.96065426e-01 1.17607141e+00 1.44620681e+00 1.28172040e+00
    1.00393748e+00 1.25012648e+00 9.02448893e-02 3.35834265e-01
    -1.57785416e-02 1.84846687e+00 -7.04673529e-01 1.67635512e+00
    1.07802975e+00 1.39784932e+00 -9.43838954e-01 -6.61248088e-01
    6.31386817e-01 4.27545905e-02 3.64143193e-01 1.10351384e+00
    1.17225957e+00 -6.01326227e-02 1.62377226e+00 -4.61012304e-01
    1.36675739e+00 1.66640127e+00 -7.69588649e-01 -1.33983195e-01
    1.82126820e-01 -8.85942757e-01 -5.68039715e-01 -3.29786539e-03
    3.55090380e-01 9.90463376e-01 1.00341439e-02 -6.31865978e-01
    2.08966947e+00 1.60106266e+00 -4.92259622e-01 -8.27447772e-02
    -7.02436030e-01 1.12275898e+00 -2.85004258e-01 7.03235209e-01
    1.21958721e+00 1.57691717e-01 2.01485181e+00 1.92198360e+00
    6.65513992e-01 1.11171663e-01 -5.00424266e-01 2.35140920e-01
    1.07956481e+00 -6.74474537e-01 -5.45036793e-02 -7.39486873e-01
    -3.43891442e-01 1.40551233e+00 1.31376600e+00 3.14426482e-01
    1.83569789e+00 1.68949962e+00 1.02658319e+00 4.08629060e-01
    5.16661048e-01 1.72521377e+00 -7.65290380e-01 1.89569819e+00
    5.25231719e-01 -9.13547933e-01 9.93643939e-01 9.45960283e-01
    3.21475089e-01 3.66629541e-01 1.53328681e+00 8.06937337e-01
    1.81172204e+00 1.12596011e+00 6.44778609e-01 -2.06672490e-01
    -6.97977185e-01 -7.01556802e-02 1.15638518e+00 1.19096899e+00
    7.79860735e-01 -2.86510646e-01 1.36182737e+00 1.23242819e+00
    -5.40660262e-01 1.47618568e+00 7.91990995e-01 7.81162500e-01
    3.56747627e-01 1.50143540e+00 4.42424953e-01 -4.27969635e-01
    -8.63271177e-01 4.46111798e-01 -6.04246855e-02 5.66804290e-01
    9.89372492e-01 7.36769438e-01 7.92397380e-01 -1.59057081e-01
    5.33859432e-01 1.42920339e+00 1.02557015e+00 5.17367363e-01
    -3.56625080e-01 -5.24909735e-01 1.14056778e+00 -3.76611382e-01
    2.30235434e+00 7.47855544e-01 -4.06123221e-01 -6.44870162e-01
    1.70673501e+00 -5.30537069e-01 -2.25441277e-01 6.41313434e-01
    1.01827252e+00 3.15273166e-01 4.13996696e-01 -7.30461478e-02
    -2.41912544e-01 4.76615012e-01 1.47035003e-01 4.12918866e-01
    -8.36634040e-02 7.66799629e-01 1.00283790e+00 -7.95026362e-01
    -3.71008277e-01 6.28805518e-01 8.79942298e-01 7.82505870e-01
    1.06225240e+00 1.14909494e+00 1.33910251e+00 1.25796556e+00
    -4.11176562e-01 8.62102389e-01 -8.19701433e-01 -7.28990436e-01
    1.58620405e+00 1.50795841e+00 -6.09994650e-01 3.60336840e-01
    -8.15262675e-01 -8.21057796e-01 -7.98052132e-01 1.70350242e+00
    1.03550255e+00 -8.07313383e-01 -6.31889701e-01 -6.77739799e-01
    1.92251706e+00 -3.14528465e-01 1.97294164e+00 5.13815939e-01
    -7.32400298e-01 -6.27455115e-02 1.72891331e+00 1.64570761e+00
    -4.57210988e-01 1.22965515e+00 1.69198847e+00 1.40448380e+00
    -1.03129685e-01 1.65494955e+00 3.31076145e-01 -7.88904071e-01
    -5.12080193e-01 -2.28428066e-01 3.76051128e-01 1.73930955e+00
    1.63679886e+00 9.02999759e-01 1.41834390e+00 1.19450533e+00
    9.91708934e-01 1.57138848e+00 2.94511676e-01 -2.07365692e-01
    2.31919706e-01 -6.80993080e-01 -7.81817973e-01 1.64204025e+00
    -5.98507702e-01 -5.10888934e-01 1.96256387e+00 -2.66017914e-01
    -5.40401220e-01 1.67546630e+00 -1.99901283e-01 2.62291670e-01
    -6.16514921e-01 -8.41336846e-01 1.14190257e+00 3.76793504e-01
    3.18663299e-01 4.91551816e-01 5.64273596e-02 6.95890844e-01
    1.26938021e+00 6.93393290e-01 1.08084977e+00 -8.42517078e-01
    -9.70057070e-01 2.47729301e-01 1.35759056e+00 4.49697137e-01
    -8.40952635e-01 1.27177036e+00 1.86778569e+00 -7.40331292e-01
    9.29569840e-01 -6.54702663e-01 -5.20061731e-01 1.41559291e+00
    3.65182698e-01 -8.85326087e-01 1.47031689e+00 1.52958465e+00
    1.70531809e-01 4.99042273e-02 1.38100863e+00 -8.12299132e-01
    -2.17342257e-01 -2.46801436e-01 -1.72737956e-01 7.76885748e-02
    1.76983738e+00 1.53468692e+00 -1.93948925e-01 1.52176642e+00
    1.93602884e+00 -8.14870536e-01 -1.25915110e-01 -3.40451360e-01
    -9.89818573e-02 8.58822346e-01 4.87425327e-02 5.81006587e-01
    4.74775910e-01 1.65312982e+00 -6.83219254e-01 -6.68531120e-01
    -5.81331491e-01 -4.54349220e-01 7.56233931e-01 3.50569129e-01
    4.46848392e-01 1.65920079e+00 1.46905255e+00 -3.89829218e-01
    -6.67658925e-01 1.26995051e+00 -7.51353860e-01 1.19915807e+00
    1.51318228e+00 -4.31868553e-01 -7.02514052e-01 8.06192040e-01
    5.22420287e-01 -9.38446522e-02 1.64624572e-01 1.71494484e-03
    8.11971843e-01 3.07853222e-02 -5.99002540e-01 8.92728031e-01
    8.43562603e-01 1.60851288e+00 1.82677007e+00 -9.26728189e-01
    -2.40097821e-01 1.96094251e+00 6.92933023e-01 -6.36064887e-01
    1.95355809e+00 6.97162628e-01 1.87520671e+00 1.00253046e+00
    -7.45375216e-01 1.37699771e+00 1.87030876e+00 1.61199331e+00
    4.29771304e-01 9.75927711e-01 2.08716345e+00 -7.74166346e-01
    -2.40124464e-02 5.05962312e-01 -1.29870713e-01 1.85138822e+00
    1.58315277e+00 1.42590165e+00 2.82938361e-01 5.14593303e-01
    4.32363570e-01 1.19999969e+00 -4.52627301e-01 -7.84445822e-01
    7.36835122e-01 -1.36282027e-01 6.44534528e-01 -4.51858491e-01
    1.35066700e+00 -2.93789804e-01 4.65161085e-01 -5.14981389e-01
    5.15222073e-01 -7.15630829e-01 2.28968143e-01 -1.97322488e-01
    -1.77998722e-01 3.99195254e-01 -1.94062531e-01 -2.39458680e-02
    7.18400121e-01 8.40889037e-01 1.65820193e+00 5.18216610e-01
    -8.17332983e-01 -4.85752821e-02 -6.40406072e-01 7.65456557e-01
    1.18088758e+00 -4.87304688e-01 3.72917533e-01 -8.47074986e-02
    1.10445774e+00 -5.62262654e-01 1.42804980e+00 1.17219782e+00
    -5.31382561e-01 6.02469325e-01 -8.88255060e-01 9.17042613e-01
    9.01019812e-01 1.76439202e+00 1.38055062e+00 1.69694483e+00
    -7.44389951e-01 2.30808377e-01 1.19496310e+00 -4.38308120e-02
    -8.15276146e-01 1.18676162e+00 5.41414618e-02 -4.49595273e-01
    1.84306908e+00 3.96966934e-04 2.87354708e-01 1.21101975e+00
    1.44931197e+00 -6.67518973e-02 3.89676154e-01 1.00221872e-01
    7.55412579e-02 -3.45054567e-01 3.78623009e-01 2.55970418e-01
    9.49346244e-01 2.01776600e+00 -2.05531389e-01 -4.48772609e-01
    1.95486069e+00 1.22971416e+00 -7.75412023e-01 1.72235322e+00
    -6.44221187e-01 -4.26794112e-01 -1.12281740e-01 8.30447674e-02
    -4.37053204e-01 -6.84298277e-02 1.26241994e+00 3.56122315e-01
    4.92377102e-01 1.71233726e+00 -1.43766403e-02 7.01619983e-01
    5.53031445e-01 2.45384932e-01 -9.12205637e-01 4.51312125e-01
    1.56473434e+00 1.72497606e+00 9.82154608e-02 -5.68441451e-01
    1.76633418e+00 1.43274319e+00 1.17522705e+00 -1.61232769e-01
    1.86475551e+00 6.05359495e-01 8.90972614e-01 -5.21782756e-01
    1.22303438e+00 1.81704235e+00 -6.64956093e-01 1.60933483e+00
    1.29822576e+00 7.20818043e-02 -4.50677514e-01 -6.41284287e-01
    1.59384906e+00 8.10549140e-01 1.91753006e+00 8.96265209e-01
    1.01127076e+00 1.96595716e+00 8.61429036e-01 -1.30748153e-01
    -6.25429034e-01 1.36138535e+00 1.76173139e+00 9.98651326e-01
    -6.37088597e-01 4.96164560e-01 -4.37187374e-01 1.93576729e+00
    -1.30511522e-01 9.50368404e-01 1.37448478e+00 1.28570080e-01
    1.21926022e+00 -7.90045500e-01 2.96927214e-01 -1.70074999e-01
    5.25234342e-02 1.23307443e+00 -4.32204008e-02 1.25173068e+00
    9.29672241e-01 -7.59392262e-01 1.19900584e+00 4.62834358e-01
    -5.42944133e-01 -2.29332387e-01 2.01449060e+00 -7.95227587e-01
    -4.15853769e-01 1.21773803e+00 6.14782572e-02 1.46954823e+00
    -8.01846981e-02 4.83738065e-01 -4.64310884e-01 1.57318377e+00
    1.84049523e+00 -8.67364287e-01 1.75638843e+00 1.56104577e+00
    1.36203301e+00 1.54343343e+00 8.23110342e-02 1.84375310e+00
    -2.77615905e-01 1.74867725e+00 1.91021216e+00 -3.92897069e-01
    1.37361968e+00 3.16330791e-01 8.08055162e-01 -6.81914687e-02
    3.05934429e-01 -9.00617957e-01 -7.54493654e-01 3.83423626e-01
    -3.15053582e-01 -8.23247373e-01 1.02424133e+00 1.34878731e+00
    5.68483651e-01 7.57799625e-01 4.45984602e-01 3.92468333e-01
    -6.36752963e-01 6.83693945e-01 -7.36057222e-01 8.24862003e-01
    1.12328184e+00 1.36538339e+00 -3.16895306e-01 -6.34647608e-01
    1.28600633e+00 1.24692559e+00 1.14703429e+00 9.96761382e-01
    1.95739579e+00 1.92210424e+00 -4.98056531e-01 -3.61232877e-01
    7.27241337e-01 6.28433585e-01 5.61828911e-01 1.94178462e+00
    1.04972136e+00 1.29527092e+00 -9.57429707e-01 1.20606136e+00
    1.97757339e+00 1.38468575e+00 2.39841819e-01 4.14905190e-01
    1.08299255e-02 1.51735330e+00 5.74765205e-01 1.84259534e+00
    1.38924205e+00 7.30170965e-01 1.66303444e+00 -7.75011301e-01
    2.40083098e-01 1.76316273e+00 -6.45571351e-01 3.64279866e-01
    -2.12825835e-01 1.75959074e+00 6.13617897e-01 3.50345790e-01
    6.90366387e-01 5.12288094e-01 -3.63487720e-01 1.30691183e+00
    7.63845801e-01 1.89263451e+00 -8.05113912e-01 2.36366928e-01
    -1.12195909e-01 -2.42374241e-01 8.63504946e-01 1.36656737e+00
    -4.92689967e-01 1.39522672e+00 -7.08952785e-01 9.32578087e-01
    5.53095877e-01 1.35560167e+00 1.89873457e-01 -5.65150321e-01
    -4.61392075e-01 2.06753969e+00 -7.83815503e-01 5.52330613e-01
    8.35569263e-01 5.75847149e-01 1.15939546e+00 7.36687779e-02
    1.70712638e+00 -1.93839312e-01 9.28361833e-01 -3.94546986e-03
    -1.14712775e-01 3.38751078e-03 6.06055498e-01 5.97449601e-01
    2.67658114e-01 1.96155715e+00 -6.88382745e-01 -3.01611423e-03
    -3.16800296e-01 -6.40359461e-01 1.58533931e+00 1.28935575e+00
    1.77475476e+00 2.00640142e-01 1.10476589e+00 -7.89269209e-01
    -1.56196415e-01 1.49530315e+00 1.92038441e+00 6.75069153e-01
    -1.36050344e-01 3.03295791e-01 1.69980884e+00 1.58449149e+00
    -9.11648810e-01 -2.19679832e-01 -2.80705988e-01 1.24314404e+00
    8.63229513e-01 1.80553412e+00 -1.66693926e-02 1.06589413e+00
    1.43446767e+00 1.39708757e-01 -4.45722938e-01 1.69374108e-01
    -2.51080155e-01 1.62473869e+00 9.51545954e-01 1.44610620e+00
    1.40504420e+00 8.85350943e-01 -1.18906677e-01 6.40650392e-02
    6.42153144e-01 1.06716096e+00 1.64168715e+00 -4.06751215e-01
    1.55504811e+00 9.28280830e-01 2.44707406e-01 9.50456858e-01
    2.01003134e-01 -7.23996758e-01 2.50022233e-01 -3.72276187e-01
    1.56126237e+00 1.56037593e+00 1.28903294e+00 1.30713201e+00
    8.83292854e-01 -2.77013361e-01 -5.54072440e-01 1.80769849e+00
    -5.11797190e-01 1.76290154e-01 6.63496375e-01 1.34877253e+00
    5.65748453e-01 1.84320426e+00 -8.67936730e-01 -1.77752376e-01
    1.07974410e-01 1.78542662e+00 1.37823772e+00 1.11669731e+00
    3.50900769e-01 -9.50031340e-01 5.81460059e-01 1.15929639e+00
    -1.29575193e-01 1.21423376e+00 7.97457457e-01 1.17587376e+00
    -3.58032882e-01 1.56646323e+00 1.02079511e-01 9.74843502e-01
    9.94018793e-01 -4.08099473e-01 8.77730370e-01 4.90315676e-01
    6.87936544e-02 6.00334764e-01 -2.56326497e-01 1.79268873e+00
    -9.73802090e-01 1.27266240e+00 -7.31504560e-02 2.98912466e-01
    2.54113555e-01 -2.39728332e-01 -4.90518510e-01 -5.99285483e-01
    1.65427029e+00 1.07972836e+00 9.42747355e-01 1.06191468e+00
    1.43791604e+00 8.32434893e-01 6.93223238e-01 1.81299496e+00
    7.63677597e-01 6.38918877e-01 7.60135651e-01 -9.63258147e-02
    -1.22976840e-01 2.01881194e+00 -7.39912808e-01 -6.49394512e-01
    2.08348036e-01 -7.95156360e-02 1.98507905e-02 6.38613105e-01
    -4.43099439e-01 1.22298336e+00 4.18388367e-01 9.40400124e-01
    3.33407521e-02 1.83198917e+00 5.75061798e-01 5.97055674e-01
    -6.67936981e-01 -3.98844004e-01 1.50655818e+00 6.73175395e-01
    1.54355383e+00 -5.14823258e-01 1.37014222e+00 1.36197591e+00
    1.07581878e+00 -1.39780402e-01 -7.74928927e-01 -7.88394928e-01
    1.47883344e+00 1.02787793e-01 1.14494562e+00 3.23476553e-01
    1.75747764e+00 1.03169322e+00 9.24588323e-01 1.18003893e+00
    1.61555624e+00 1.59881091e+00 2.46323705e-01 -6.91864014e-01
    3.88699710e-01 -3.75381827e-01 -1.83565617e-01 -1.69786334e-01
    1.98665583e+00 6.40836060e-01 1.68557155e+00 -8.99684787e-01
    1.65638685e+00 3.88978362e-01 1.41861880e+00 1.37584925e+00
    3.92145514e-01 -9.03953671e-01 8.47428441e-02 6.79019570e-01
    2.00701189e+00 -1.10092223e-01 6.56090677e-01 -5.27044117e-01
    -1.98676586e-02 -3.44923615e-01 1.26390028e+00 -4.86106694e-01
    -2.88687110e-01 9.11423624e-01 1.52940941e+00 1.26158154e+00
    -7.90346622e-01 4.90635753e-01 8.07459295e-01 1.10165298e+00
    -3.83050621e-01 1.34414613e-01 -4.52992171e-01 -4.43476379e-01
    1.61209762e-01 1.66405940e+00 -7.74158359e-01 -2.59677052e-01
    -1.44927800e-01 7.21888781e-01 1.35017157e+00 7.32297540e-01
    -6.66911244e-01 4.88595128e-01 6.83772147e-01 -1.93841815e-01
    -3.54080796e-02 -8.74547482e-01 -7.20218182e-01 1.57326972e+00
    -1.03698969e-02 7.27034807e-02 8.01470518e-01 -4.67967272e-01
    7.79719353e-01 1.69276834e-01 1.56851971e+00 8.58962417e-01
    -4.10905957e-01 1.05372488e+00 9.02004838e-01 1.77827728e+00
    1.41050851e+00 1.53273058e+00 5.34149766e-01 -1.24914646e-02
    3.88450742e-01 1.06206715e+00 3.32561374e-01 9.29083228e-01
    1.21231556e-01 1.55836082e+00 -4.04846251e-01 2.49128163e-01
    1.19295251e+00 -2.89792359e-01 -1.34888649e-01 -1.66955113e-01
    -3.30307186e-01 1.33256030e+00 8.62333059e-01 -8.15258265e-01
    1.65389431e+00 -8.68740559e-01 1.34794486e+00 -8.57211947e-02
    -4.51933771e-01 1.00204289e+00 -2.87092865e-01 -3.29963326e-01
    1.44912243e-01 8.13668847e-01 5.09558380e-01 1.08121395e-01
    1.54234672e+00 -9.78474319e-01 5.78583419e-01 -8.27979565e-01
    3.86104763e-01 -5.47991395e-01 7.75593698e-01 -2.86445677e-01
    -7.94870257e-01 1.63071394e+00 4.33197021e-01 1.83968782e-01
    1.27772427e+00 -4.95792508e-01 1.47755432e+00 -3.70328456e-01
    1.77181602e+00 -2.51894534e-01 1.54461694e+00 -2.78219759e-01
    -8.93980265e-03 -7.66667426e-01 1.17751265e+00 1.95931423e+00
    8.10402989e-01 3.69120955e-01 4.23176885e-01 1.78869069e-01
    1.65466762e+00 -4.34185505e-01 8.80522132e-01 -9.46962357e-01
    -2.59517789e-01 6.48088217e-01 4.00426388e-01 1.29207015e+00
    -7.02276826e-02 1.67362571e+00 6.50686681e-01 1.15272474e+00
    1.03918433e-01 1.56695390e+00 3.34820032e-01 -2.32356668e-01
    6.89778805e-01 7.47648478e-02 6.62510753e-01 5.60332954e-01
    -6.58718765e-01 1.23738670e+00 -1.90990925e-01 1.74792194e+00
    -6.15768194e-01 1.66869462e+00 3.70922565e-01 2.48005509e-01
    6.22932255e-01 -1.83206916e-01 -4.29734677e-01 1.37124062e-01
    -5.97103834e-02 -6.32368386e-01 2.55960822e-01 -4.82433766e-01
    1.15326107e-01 4.73212004e-02 -7.77325571e-01 2.17249346e+00
    4.19347227e-01 2.11964846e-02 1.73985457e+00 3.73757154e-01
    8.62418890e-01 -3.03351104e-01 7.04052627e-01 7.32198954e-01
    3.96032333e-02 1.59750295e+00 6.54070854e-01 1.13934886e+00
    1.46573687e+00 1.21569324e+00 3.84225607e-01 8.59511137e-01
    -7.55159140e-01 1.60182655e+00 1.84958625e+00 5.01984835e-01
    -5.92818856e-01 5.40950894e-01 8.25643182e-01 1.07304716e+00
    -4.24773693e-02 1.39703274e+00 -3.99616778e-01 -1.29876137e-01
    1.88577974e+00 9.97938037e-01 -7.29661703e-01 4.18097079e-01
    -7.12468505e-01 2.92540669e-01 8.33925366e-01 1.02829731e+00
    1.80053079e+00 5.28353572e-01 6.09288335e-01 -6.21993184e-01
    -1.18032873e-01 7.14370489e-01 -4.37712014e-01 8.20731163e-01
    1.71837461e+00 7.78324723e-01 -9.03103173e-01 -5.69774747e-01
    1.47356772e+00 2.49480546e-01 -2.52040565e-01 4.33422327e-02
    2.07508016e+00 7.74565220e-01 1.06931567e+00 -1.54762268e-01
    3.04203749e-01 1.48342347e+00 -3.24639022e-01 -6.08794808e-01
    3.63546431e-01 1.22807014e+00 4.72761989e-01 6.43459439e-01
    -9.40813422e-02 8.38540375e-01 2.03619599e-02 5.99543333e-01
    1.85362244e+00 8.46576571e-01 -6.07471466e-01 4.02109504e-01
    8.38197470e-01 1.57350707e+00 -6.90532088e-01 1.14755630e+00
    -4.39663291e-01 -2.21191764e-01 1.56194377e+00 -5.45835853e-01
    1.47549367e+00 1.35491681e+00 -1.81943297e-01 -4.47816133e-01
    1.13276517e+00 1.89211202e+00 1.41238570e+00 4.69500422e-01
    1.77119553e+00 -8.56214464e-01 7.60787487e-01 9.10134614e-01
    -5.99286437e-01 3.72878611e-01 -8.58962178e-01 2.29494512e-01
    5.94208777e-01 -6.18751526e-01 1.91170490e+00 1.82726371e+00
    1.85179222e+00 -9.01947141e-01 1.28100884e+00 -5.72282195e-01
    -7.33137131e-01 1.74134088e+00 -6.78452790e-01 -2.14064658e-01
    1.47572160e-02 6.81397140e-01 1.58586848e+00 1.69454491e+00
    -3.53047073e-01 1.69225073e+00 1.49088740e-01 -6.82758212e-01
    1.07717621e+00 8.21662903e-01 6.56974316e-03 -3.68615448e-01
    -3.22351873e-01 1.27852488e+00 -8.80631089e-01 2.03367114e+00
    1.70184112e+00 7.68125772e-01 3.26672375e-01 -8.78801286e-01
    2.39909589e-01 1.48045421e-02 -8.99385691e-01 1.94291806e+00
    -2.11049676e-01 5.03400505e-01 3.96436572e-01 8.07489276e-01
    2.96838582e-01 1.31212962e+00 1.84056747e+00 1.64862001e+00
    -6.95338011e-01 -4.28607106e-01 1.34297490e-01 1.54195786e+00
    1.20233738e+00 1.19810092e+00 3.26644003e-01 1.20697856e-01
    -9.08748507e-02 -7.76554346e-01 1.48459077e-01 -9.47216511e-01
    5.00125647e-01 1.49181890e+00 1.84817111e+00 -8.82075071e-01
    -7.33846009e-01 -1.02800131e+00 8.62960696e-01 2.45364070e-01
    1.72250664e+00 -3.88728380e-02 -6.16758227e-01 1.44870377e+00
    -1.94438815e-01 2.20022202e-01 -4.01593506e-01 1.19044423e-01
    1.64807963e+00 6.40772462e-01 7.97446728e-01 1.80000269e+00
    1.70799255e-01 -5.59915900e-01 1.97983479e+00 -7.93403506e-01
    6.24726474e-01 1.94235015e+00 2.79145360e-01 1.34592652e-02
    1.06188345e+00 1.65976429e+00 5.78237355e-01 -4.89979416e-01
    -2.97647119e-01 3.52598429e-02 1.91990757e+00 1.07836008e+00
    1.84103918e+00 1.79442358e+00 3.57422709e-01 1.75684237e+00
    7.82115877e-01 5.35753429e-01 4.88306582e-01 1.95443010e+00
    9.70733643e-01 -8.81997108e-01 1.63559484e+00 1.85830331e+00
    1.38381958e-01 1.67003155e+00 -1.25272930e-01 2.90015042e-01
    -4.21426237e-01 6.93221450e-01 9.49306428e-01 -6.60656333e-01
    5.08434117e-01 -1.56525075e-01 5.95494628e-01 -5.04289865e-01
    1.56076765e+00 -5.73645949e-01 1.13933420e+00 -3.76384318e-01
    8.56567204e-01 4.19575870e-01 1.50957704e+00 -7.51015604e-01
    9.88501132e-01 1.77993584e+00 3.37907553e-01 -5.78517139e-01
    2.17966616e-01 1.80538070e+00 9.92317736e-01 2.39939272e-01
    -4.33419585e-01 1.74363124e+00 -8.03025782e-01 3.46067369e-01
    4.82676208e-01 9.27464485e-01 1.89206266e+00 -5.12543917e-02
    -6.68213189e-01 -8.28325868e-01 -8.82771730e-01 -1.93576813e-02
    7.86596596e-01 4.91202652e-01 1.89442873e+00 4.49028611e-02
    6.87850714e-01 7.49263763e-02 1.23282313e-01 1.08707607e+00
    -1.99587047e-01 -8.10774565e-02 6.06290340e-01 -1.95963621e-01
    4.81582999e-01 7.96952248e-01 4.29346740e-01 -3.73014957e-01
    -6.99724674e-01 2.92311788e-01 -4.18635011e-02 1.15953362e+00
    -1.61161005e-01 1.39349461e+00 1.98954177e+00 1.59997022e+00
    1.85145986e+00 1.26716101e+00 1.89306414e+00 -7.42887437e-01
    1.34881186e+00 1.10561621e+00 8.19887161e-01 7.94642568e-01
    8.09420705e-01 -5.28961778e-01 1.81197274e+00 1.47440934e+00
    1.48505723e+00 -6.57910585e-01 -5.32745481e-01 1.66648316e+00
    1.01734805e+00 -6.42948747e-01 1.06371784e+00 1.78292263e+00
    7.86440134e-01 9.30261970e-01 1.61447549e+00 6.76772654e-01
    -8.06119561e-01 2.24886119e-01 -1.30360126e-02 1.89261305e+00
    1.84506905e+00 7.13820457e-02 4.80015278e-02 1.75555706e+00
    1.37213063e+00 7.90108323e-01 3.25663090e-01 1.54410803e+00
    1.43086147e+00 1.41437733e+00 -6.76395118e-01 -8.42457414e-01
    7.24995792e-01 -2.29565620e-01 -3.98630679e-01 6.17518961e-01
    -3.32876205e-01 -5.62205434e-01 -6.54004216e-02 -5.17756224e-01
    -7.89331794e-02 -7.25646675e-01 1.92443180e+00 1.88573146e+00
    7.04923213e-01 -8.80913198e-01 -2.34522700e-01 1.72809529e+00
    -2.55989015e-01 -2.09927082e-01 1.51794720e+00 -8.24427247e-01
    1.70997214e+00 -3.27901900e-01 -1.28463089e-01 6.83667064e-01
    -7.24528193e-01 7.50597835e-01 5.56239128e-01 1.57722461e+00
    1.05567431e+00 4.98351216e-01 -6.83207035e-01 -1.15822077e-01
    1.63239121e-01 -4.72555280e-01 -6.84865117e-01 1.23906469e+00
    -2.70860255e-01 -9.54463363e-01 -3.41520131e-01 -5.84270358e-01
    9.09716487e-01 1.22891641e+00 1.26133144e+00 -1.00396872e-02
    1.24505949e+00 -3.21758986e-01 -6.73446655e-01 -5.17091095e-01
    -6.74507022e-01 -9.02228475e-01 -8.25518012e-01 3.53258133e-01
    1.68650854e+00 1.68480146e+00 -1.43239200e-01 3.41708541e-01
    6.75143719e-01 1.31030858e-01 1.05789781e+00 1.08436108e+00
    -8.22835684e-01 1.38757968e+00 1.24058020e+00 -1.44663811e-01
    -9.82113600e-01 8.38885069e-01 1.91955566e+00 1.39060652e+00
    9.25529599e-01 -9.26618576e-02 -1.39948249e-01 2.36329019e-01
    -4.69156027e-01 -4.83866841e-01 1.83763528e+00 -8.64430785e-01
    7.42513716e-01 -4.23962891e-01 -8.27335954e-01 5.00479817e-01
    2.01268983e+00 1.29663157e+00 2.04142523e+00 -8.92614126e-01
    -2.06961691e-01 -7.47914553e-01 7.26493299e-01 -7.28503585e-01
    6.39653206e-03 6.70325935e-01 1.88780558e+00 8.11582446e-01
    1.51985288e-01 1.72887194e+00 1.83042121e+00 5.36823750e-01
    1.45003831e+00 5.56107759e-02 2.07589269e-01 -5.77962041e-01
    9.37225461e-01 9.59238052e-01 4.28928733e-01 1.68399549e+00
    5.12771606e-02 -4.15233731e-01 1.27807391e+00 5.48074603e-01
    1.60309231e+00 -1.74754977e-01 -3.74433875e-01 1.32002544e+00
    1.15937686e+00 3.94399822e-01 9.86002684e-01 7.35360980e-02
    1.20626283e+00 1.50619984e-01 -6.07933342e-01 -9.20607150e-01
    2.74341404e-01 -7.85750687e-01 7.86090493e-01 -4.22490895e-01
    -8.91016960e-01 -2.43020177e-01 5.03953338e-01 -1.89828217e-01
    6.38517499e-01 -7.04415083e-01 3.07708025e-01 1.71309400e+00
    5.06217659e-01 1.67176247e+00 -8.97321641e-01 1.40297759e+00
    6.83559120e-01 -3.48493457e-02 -2.78682888e-01 1.29199481e+00
    -5.27632654e-01 1.04087162e+00 2.06474125e-01 2.81487584e-01
    6.51772976e-01 6.36805892e-02 -2.57518888e-02 5.09916425e-01
    8.67028952e-01 7.92079687e-01 1.39181662e+00 -1.54324770e-02
    -2.76525736e-01 -6.24897599e-01 -8.20648611e-01 2.02009499e-01
    -5.38353920e-02 1.81388664e+00 1.82702005e-01 -1.67421520e-01
    3.95763516e-01 1.01612771e+00 1.42806745e+00 6.70200586e-01
    -6.78283989e-01 -7.91592777e-01 1.86201274e-01 5.13245940e-01
    6.52844131e-01 1.61529613e+00 1.17262423e-01 7.53105521e-01
    1.56502843e-01 8.39500308e-01 1.47621298e+00 2.77624607e-01
    -1.81701005e-01 9.97958660e-01 -5.91448963e-01 -9.32367682e-01
    1.22467279e-02 1.91516602e+00 4.29410636e-01 1.24375629e+00
    -7.37706244e-01 2.14560390e-01 1.89900184e+00 -2.67795563e-01
    -2.81218588e-01 8.53431523e-01 1.48890507e+00 -1.76003695e-01
    -8.41755688e-01 1.06521368e+00 -4.43074971e-01 -2.24569380e-01
    -4.71875459e-01 1.74690855e+00 7.46828973e-01 -4.34722066e-01
    7.06478357e-01 1.34590209e-01 8.99289846e-02 -2.23545432e-01
    5.27725279e-01 3.48457158e-01 -2.71941423e-02 1.09044528e+00
    8.21515024e-01 9.39181447e-02 1.84496725e+00 7.35824764e-01
    2.15894198e+00 1.43338776e+00 6.22331798e-01 -4.37473178e-01
    6.98376596e-01 -7.15170503e-02 -6.96171403e-01 6.62935853e-01
    1.61232591e-01 1.75776279e+00 4.41313863e-01 1.45910847e+00
    1.78880250e+00 1.26918781e+00 -8.67595196e-01 1.24162638e+00
    1.60133195e+00 1.62505913e+00 -5.39721906e-01 -3.02676678e-01
    1.29426599e+00 -8.20182323e-01 -3.72568727e-01 1.66003549e+00
    -8.97103667e-01 3.90146017e-01 -3.97770405e-02 1.53955412e+00
    -9.11354542e-01 -7.31368661e-02 -8.98128808e-01 3.63168120e-01
    -7.52488971e-02 1.19010770e+00 -7.26506710e-02 -9.98297095e-01
    1.75944495e+00 1.11951399e+00 1.61574388e+00 -3.19353104e-01
    1.49755466e+00 3.89710426e-01 6.12925291e-02 1.11507010e+00
    1.26882315e+00 -1.36224806e-01 1.00706553e+00 1.69235814e+00
    9.00071084e-01 1.08278346e+00 -5.12397528e-01 7.42942095e-03
    -1.67798340e-01 -8.74564648e-02 -8.84766340e-01 -6.68547392e-01
    1.91665697e+00 -4.88816738e-01 1.36425817e+00 1.57690966e+00
    1.27048254e-01 1.40230250e+00 -9.24344182e-01 -7.97262549e-01
    9.66079116e-01 -4.14739013e-01 -8.31468582e-01 1.62171006e+00
    -5.84554017e-01 -1.10626221e-02 -3.68213654e-02 -7.35288799e-01
    5.76058149e-01 9.22703505e-01 1.51856709e+00 5.31765223e-02
    1.37865579e+00 1.53021967e+00 1.18369627e+00 -9.71276343e-01
    1.63673639e-01 -4.43238676e-01 -8.15333784e-01 9.21586037e-01
    -3.09719324e-01 -1.48758888e-02 8.99628639e-01 3.58442426e-01
    9.20764685e-01 1.59986317e-01 -7.13185549e-01 1.83662081e+00
    -6.51273727e-02 -5.06347418e-03 1.12281036e+00 2.40269065e-01
    6.21849895e-01 4.52831388e-01 1.83323884e+00 4.86434340e-01
    -4.46485579e-01 1.68165314e+00 1.87711334e+00 1.20290458e+00
    1.18169785e-02 -5.26160002e-01 1.34974194e+00 -4.77182001e-01
    -2.97092319e-01 1.74596119e+00 1.52577209e+00 1.18354225e+00
    -5.20445824e-01 1.07477593e+00 -4.37350273e-01 9.37647462e-01
    1.30474353e+00 -5.73731661e-01 1.63118219e+00 -6.64214849e-01
    -7.36760676e-01 1.13249099e+00 -8.22835386e-01 1.60785007e+00
    6.79222643e-01 -1.90449297e-01 -5.81571043e-01 5.87130964e-01
    2.54381895e-02 2.00880408e+00 1.51774168e+00 -4.27865744e-01
    4.20036077e-01 4.70571399e-01 -1.06723666e-01 1.00025105e+00
    1.24967217e+00 1.78720391e+00 -5.15444994e-01 2.59829760e-01
    1.53671145e+00 9.96518612e-01 6.46208882e-01 -9.22667384e-01
    -9.16490078e-01 2.83237398e-01 1.62226009e+00 2.51352072e-01
    -8.90791774e-01 3.88542295e-01 1.81845069e+00 1.72186852e-01
    5.30654073e-01 5.43023705e-01 1.49752057e+00 1.69035077e-01
    1.04145074e+00 -3.99296522e-01 -4.06934917e-01 1.65723181e+00
    -5.26327968e-01 1.02530289e+00 1.74417269e+00 7.79036224e-01
    -6.65196180e-01 7.91610420e-01 1.42910075e+00 1.77591503e+00
    -6.67433262e-01 -3.23905349e-01 1.27755523e+00 1.40715694e+00
    6.24438703e-01 1.84539533e+00 1.25477123e+00 3.21521163e-02
    4.31754470e-01 -1.18818223e-01 -7.89340615e-01 1.56548262e+00
    1.95156801e+00 1.11156797e+00 2.95609832e-02 -9.10045266e-01
    3.96302819e-01 4.03299034e-01 7.38963187e-01 -8.13907266e-01
    -9.03219879e-01 1.83906198e+00 9.02471423e-01 -6.94992900e-01
    8.23322892e-01 1.35084617e+00 1.48024905e+00 1.00137126e+00
    3.61125767e-01 6.09052181e-01 1.79554486e+00 -4.62357402e-01
    1.70384383e+00 -7.45449722e-01 -3.60840231e-01 -3.39689016e-01
    1.77119601e+00 1.40109527e+00 -9.18504477e-01 1.45881593e-01
    -1.33328438e-01 1.77498507e+00 1.77598214e+00 5.57451248e-02
    4.73897457e-02 -5.47821164e-01 -8.02373767e-01 1.87324500e+00
    -1.43013597e-02 1.64099622e+00 1.65578234e+00 -8.67466092e-01
    2.81226277e-01 1.71420646e+00 3.05281103e-01 -1.92701757e-01
    1.10313845e+00 1.60844839e+00 -3.72449756e-02 -4.38462377e-01
    8.88257146e-01 1.38008475e+00 -5.41380882e-01 6.85642362e-02
    1.98763549e+00 6.85075641e-01 4.46485817e-01 1.26036644e+00
    1.35782206e+00 -6.87304378e-01 -3.22577238e-01 8.14281702e-01
    -7.14993834e-01 1.76755476e+00 1.72055531e+00 -8.29468787e-01
    -1.39302015e-01 1.76250315e+00 -4.41154152e-01 -2.96765566e-01
    1.94870639e+00 -3.62546891e-01 4.55082595e-01 -5.79655707e-01
    -5.25550187e-01 1.74349678e+00 2.28706765e+00 -1.91414654e-02
    8.46052706e-01 7.30600536e-01 1.85712337e+00 -4.48470026e-01
    -1.98066235e-03 1.35205245e+00 -8.80861759e-01 9.92010951e-01
    -1.23489916e-01 3.33114624e-01 -8.35211098e-01 -4.40161347e-01
    -2.38368452e-01 -4.07595456e-01 -5.98099947e-01 3.45810533e-01
    -8.20794106e-02 7.80181110e-01 -4.23702896e-01 1.59028268e+00
    -2.20477462e-01 -3.12042415e-01 -2.51234710e-01 1.64851391e+00
    -1.24998868e-01 3.53187442e-01 5.11817217e-01 2.48935580e-01
    1.13861108e+00 1.73582125e+00 7.60261059e-01 3.61082554e-02
    6.26664042e-01 -6.88425303e-02 1.36946225e+00 1.32428563e+00
    -2.21095204e-01 7.21912980e-01 -1.11701024e+00 1.77203429e+00
    -1.07523561e-01 1.28519773e-01 -1.04495406e-01 1.53505862e-01
    1.77959502e-01 -5.39977074e-01 -6.62121713e-01 1.19032824e+00
    4.79816437e-01 2.16651917e-01 3.51247668e-01 -5.47525287e-02
    5.60570419e-01 4.05432403e-01 8.48520279e-01 1.44980526e+00
    7.08914459e-01 1.72106934e+00 9.70188260e-01 6.36967659e-01
    2.18342066e-01 6.45070076e-01 1.88753545e+00 4.24046755e-01
    1.06745958e-02 1.62822270e+00 9.50861335e-01 2.69403458e-02
    1.52346492e-01 9.73842025e-01 9.72249508e-01 -3.09147656e-01
    3.24304938e-01 1.47949779e+00 -3.89823198e-01 -1.43531740e-01
    1.80319488e+00 1.70287752e+00 1.80585420e+00 1.45052636e+00
    -4.70357716e-01 -5.44555008e-01 1.59001279e+00 1.34058118e+00
    1.97796345e-01 5.07848740e-01 1.63880467e+00 1.91664934e+00
    7.73178816e-01 2.01984763e-01 -2.85139084e-02 1.61640334e+00
    -2.32294559e-01 1.09820604e+00 1.12981880e+00 1.84901786e+00
    -5.47987938e-01 6.98829293e-01 -8.10197294e-01 9.79627013e-01
    8.87909174e-01 9.60128903e-01 1.69706857e+00 -9.62274730e-01
    4.55326378e-01 -9.04446065e-01 1.78482437e+00 -1.19964600e-01
    -4.68982339e-01 4.78951216e-01 1.31322730e+00 9.87427711e-01
    -2.06774950e-01 1.33049846e+00 6.04844689e-01 9.35005963e-01
    1.61145401e+00 -2.65951812e-01 3.73312473e-01 8.69767189e-01
    1.50967598e+00 -6.70457125e-01 1.61825812e+00 5.68370402e-01
    4.70175624e-01 -1.51651442e-01 1.68916845e+00 1.70794153e+00
    -1.17364764e-01 8.05734873e-01 -1.96169615e-01 -9.05625224e-01
    -4.32846248e-01 1.61430120e+00 -7.00510740e-01 -5.60006142e-01
    5.58856964e-01 4.92669165e-01 -8.37175190e-01 3.61611843e-02
    4.68931556e-01 1.94276845e+00 3.97941411e-01 7.93289423e-01
    -4.48893130e-01 4.13761973e-01 4.98266995e-01 -2.25273371e-02
    7.76583552e-01 1.75392807e+00 8.45355749e-01 1.27710283e+00
    9.81291175e-01 -4.40533102e-01 4.96096015e-01 9.77316976e-01
    8.76728296e-02 8.61286938e-01 -8.44631195e-02 -7.08359480e-03
    -1.96076155e-01 1.81201327e+00 1.13873136e+00 1.57885599e+00
    1.61344469e+00 -5.60745358e-01 -6.25235558e-01 1.20479226e+00
    1.58045483e+00 1.69797873e+00 -5.46203256e-02 7.12528229e-01
    4.02380168e-01 1.08858275e+00 2.14029074e-01 -7.62143314e-01
    -2.49838531e-01 -8.18504632e-01 2.02229214e+00 -8.79847050e-01
    1.23736477e+00 -6.69281542e-01 2.02824068e+00 -7.99847305e-01
    1.94371390e+00 -1.38002992e-01 1.63882971e+00 -7.98018217e-01
    -2.85269320e-01 1.68864584e+00 -2.36578286e-01 1.56544197e+00
    -8.01286340e-01 -8.26410532e-01 1.29580772e+00 8.99403930e-01
    1.68705940e-01 2.64193237e-01 5.31742096e-01 1.31979728e+00
    -9.36082602e-02 1.33718443e+00 -4.50742960e-01 1.20575440e+00
    1.38298559e+00 1.29510474e+00 6.11377180e-01 1.78234100e-01
    -3.49103570e-01 -6.98265076e-01 -3.49305987e-01 -7.50614583e-01
    1.52054214e+00 4.25007641e-01 4.17868912e-01 6.45923734e-01
    1.10956693e+00 3.47073138e-01 8.46449733e-01 -5.39444208e-01
    1.25918150e-01 -4.92596626e-01 1.33098590e+00 -5.95343947e-01
    7.10307360e-01 1.88112831e+00 2.58925140e-01 -3.69086742e-01
    3.55219781e-01 1.04714155e+00 -7.73677826e-01 -7.23257601e-01
    1.57323921e+00 -2.28926420e-01 4.28851962e-01 4.22938883e-01
    3.15415740e-01 -6.45494759e-01 -7.73351789e-02 1.68361306e+00
    1.91864252e+00 1.68719232e+00 2.04118204e+00 1.29604578e-01
    5.84652662e-01 1.76254869e+00 -7.95288086e-01 2.33037412e-01
    2.07746696e+00 1.60889459e+00 -8.11556518e-01 1.17320299e-01
    -7.58576989e-02 1.24876750e+00 2.65579283e-01 2.03545213e+00
    1.66954672e+00 1.24272823e+00 -1.49296403e-01 5.72312832e-01
    -3.25035691e-01 1.23116314e+00 1.58281553e+00 2.28156686e-01
    1.64002085e+00 1.10555267e+00 -1.28592968e-01 3.84477437e-01
    9.67436135e-01 1.15068543e+00 -5.43689728e-01 7.41108239e-01
    2.18415558e-01 9.02354658e-01 1.64846003e-01 3.91679227e-01
    -2.80789137e-01 4.16822314e-01 -6.42964721e-01 1.81162357e+00
    9.80532289e-01 -8.22265923e-01 8.76828790e-01 1.27785897e+00
    -8.12577665e-01 -4.70873535e-01 4.67488885e-01 4.82736230e-01
    1.37938237e+00 1.10598671e+00 6.35469913e-01 1.49406374e+00
    1.32121813e+00 -1.80968881e-01 1.52910268e+00 1.81271672e-01
    1.17599344e+00 1.21609318e+00 1.65580273e+00 -7.28998482e-01
    1.49856400e+00 1.70703387e+00 -2.86438525e-01 -7.41256356e-01
    -4.28383350e-02 2.37233579e-01 4.47974622e-01 -3.77750099e-01
    -7.40073204e-01 1.51309717e+00 8.58487010e-01 -9.30706441e-01
    -4.97259021e-01 1.52628255e+00 -4.97833610e-01 -2.87838161e-01
    1.50183678e-01 1.67367899e+00 1.77740288e+00 1.44272912e+00
    1.14935732e+00 1.23477793e+00 9.96919394e-01 -2.60320306e-01
    1.74737406e+00 5.40935040e-01 1.63359654e+00 1.25144482e-01
    1.32720494e+00 -9.15406168e-01 1.18157971e+00 6.76032901e-01
    1.73345292e+00 6.07010245e-01 1.28747320e+00 1.85599279e+00
    2.86689639e-01 1.12541187e+00 -7.51729608e-01 -4.62251544e-01
    1.03782880e+00 6.01829171e-01 -1.90790892e-01 2.34553933e-01
    6.39627337e-01 1.07158756e+00 -1.48921072e-01 1.47735524e+00
    8.45046401e-01 -7.93634593e-01 -2.06004322e-01 -7.15867221e-01
    1.54998708e+00 1.19043434e+00 1.16440058e-02 1.72881246e+00
    7.31742620e-01 -4.49781239e-01 5.62864065e-01 -7.55304039e-01
    5.95425665e-01 1.93635583e+00 -2.69496262e-01 1.32435322e+00
    1.06314182e+00 5.76361477e-01 4.70258713e-01 1.85351372e+00
    9.60013628e-01 1.08775985e+00 1.67882681e-01 7.68676043e-01
    3.94691169e-01 7.39610016e-01 -4.81673717e-01 5.14731467e-01
    -4.38121289e-01 5.73068857e-01 4.44342315e-01 5.88824689e-01
    1.45682776e+00 -4.66798872e-01 1.93742466e+00 -4.90438938e-03
    1.50098276e+00 -8.54062498e-01 1.54951918e+00 9.28514838e-01
    1.07454515e+00 3.89281213e-01 1.09722757e+00 7.21771657e-01
    6.83811665e-01 -3.69942069e-01 -6.16106391e-02 1.06248522e+00
    -5.87353945e-01 1.26951635e+00 -8.53720248e-01 9.45254147e-01
    3.74998510e-01 1.26195490e+00 1.80826330e+00 7.02613354e-01
    1.83389366e+00 -8.21005702e-02 -2.16919720e-01 8.71959686e-01
    -2.64613330e-01 1.34382510e+00 1.06544256e-01 -2.79758990e-01
    -2.63329268e-01 -3.90378892e-01 1.04679644e+00 -6.31108046e-01
    6.41904235e-01 8.50954294e-01 7.47372627e-01 4.82180953e-01
    1.72382581e+00 1.89317358e+00 7.46577740e-01 -5.81144810e-01
    1.65016103e+00 2.38211930e-01 -1.06930733e-03 6.88073754e-01
    1.36200035e+00 -9.47756171e-02 7.00303257e-01 -7.94763267e-01
    5.59019983e-01 1.36929488e+00 1.60231280e+00 1.33112133e-01
    1.91801274e+00 -7.63365149e-01 -4.91287023e-01 -6.14218533e-01
    -4.73260611e-01 1.30165005e+00 -3.55248988e-01 4.98964489e-01
    3.20845902e-01 3.36872816e-01 -1.59702241e-01 1.84107363e+00
    7.12332964e-01 1.28443837e-01 -3.03049803e-01 1.84421110e+00
    6.93047166e-01 1.52970290e+00 -6.89017177e-01 5.03753424e-02
    1.75344765e-01 -5.59401155e-01 -8.64023864e-01 -8.32429528e-02
    8.06781232e-01 1.64164472e+00 1.22076082e+00 1.40683651e+00
    -7.19421864e-01 4.06267047e-01 -2.41387784e-01 1.63302946e+00
    -6.81417584e-01 -3.86890948e-01 1.49849677e+00 1.35189795e+00
    -2.25368559e-01 1.28809333e+00 1.43232977e+00 -8.72390270e-01
    -7.84699500e-01 1.32217276e+00 -8.79769087e-01 1.30859828e+00
    -2.32034326e-01 1.12693167e+00 9.43903804e-01 8.49487185e-02
    -1.85310781e-01 2.61589885e-02 -5.43204904e-01 -5.05325198e-02
    -4.58926857e-01 9.17455971e-01 1.41107571e+00 1.98428011e+00
    -8.90152514e-01 1.83565712e+00 9.49344933e-01 -6.31030798e-01
    -6.09287202e-01 -7.02278137e-01 7.23495603e-01 6.19913042e-01
    1.82206535e+00 1.44396937e+00 -8.59209001e-01 9.68048573e-01
    4.46106613e-01 1.73550963e+00 -5.35222352e-01 5.00149906e-01
    -6.29127383e-01 4.88009930e-01 2.89520741e-01 -1.41340405e-01
    1.11175179e+00 -3.12609553e-01 -7.81112075e-01 -3.32825780e-02
    -1.86526179e-02 1.96441388e+00 -2.98350751e-01 -4.02079225e-01
    3.24650645e-01 -3.06688964e-01 6.57536864e-01 -1.78839624e-01
    1.25575101e+00 9.76240516e-01 4.36811507e-01 1.38642573e+00
    6.83572114e-01 5.80532134e-01 -6.96887255e-01 9.91545856e-01
    4.29943204e-02 1.83080685e+00 5.07139921e-01 3.47002149e-01
    1.72178733e+00 4.95903730e-01 -5.07528961e-01 -4.21018124e-01
    -3.81584525e-01 1.50691760e+00 3.38284850e-01 7.80533671e-01
    8.63800168e-01 1.17244852e+00 1.60080814e+00 1.18821919e+00
    -1.03772485e+00 5.35005569e-01 2.01112509e-01 1.59327209e+00
    -6.94094658e-01 1.63934112e+00 9.69982147e-01 -2.14116275e-01
    -3.48054767e-02 -4.18687522e-01 1.61789680e+00 7.23983884e-01
    6.01948023e-01 9.64901447e-01 1.83098590e+00 1.52952433e+00
    -3.26641619e-01 7.07938731e-01 9.19341445e-01 -1.69730067e-01
    -6.09092653e-01 1.54877067e+00 4.13231134e-01 1.14314318e+00
    -5.11718750e-01 -6.60582900e-01 8.81925702e-01 1.90451741e-01
    1.73417675e+00 -4.73083556e-01 4.53139544e-01 1.40333152e+00
    1.67175186e+00 1.55733478e+00 9.11463976e-01 1.41555583e+00
    1.52223837e+00 2.05417395e-01 8.29631567e-01 1.76135325e+00
    -4.14320290e-01 1.72869420e+00 -1.05488110e+00 -7.21942782e-01
    6.87614083e-01 7.73145914e-01 3.57853532e-01 1.39426446e+00
    -2.36147583e-01 5.59417367e-01 -5.66544890e-01 1.49152398e+00
    -9.31148171e-01 9.24545169e-01 1.69843209e+00 1.00398028e+00
    -1.89765096e-01 1.08960485e+00 1.44626808e+00 1.77908063e+00
    7.63176084e-01 1.66146052e+00 -8.67080271e-01 1.71102023e+00
    1.16786838e-01 1.86928523e+00 1.51310039e+00 1.61734402e+00
    6.55509412e-01 2.20992386e-01 -5.31099975e-01 6.21923447e-01
    1.19953716e+00 -8.10222566e-01 -4.71859872e-01 1.31378722e+00
    -6.11238897e-01 2.89838076e-01 -1.54201746e-01 1.62929571e+00
    1.64584994e-01 3.15864682e-02 -2.34748125e-02 1.41903281e+00
    -7.69887090e-01 1.68629825e+00 1.21010280e+00 -5.16487122e-01
    1.10466683e+00 -4.33912456e-01 3.79565775e-01 9.36388850e-01
    1.71942842e+00 1.95613217e+00 1.19463384e+00 1.02296400e+00
    -1.00260365e+00 4.31332946e-01 1.60714197e+00 -9.05665934e-01
    -6.93321824e-02 -4.05616283e-01 6.39113188e-01 1.93530154e+00
    -8.73190165e-01 -4.95206803e-01 -2.91840911e-01 1.74545145e+00
    -8.46327007e-01 -1.19676590e-02 -4.12522554e-01 9.19396162e-01
    6.61353469e-01 1.29403567e+00 -8.06026578e-01 1.32336783e+00
    7.21055269e-01 7.71626592e-01 1.56201863e+00 1.84876037e+00
    1.55997753e+00 -6.77340925e-01 1.87472034e+00 6.85058475e-01
    1.85324669e+00 9.72601175e-01 1.44527197e-01 1.43787503e+00
    -5.31462550e-01 -3.00121427e-01 -9.73484516e-02 -6.73422873e-01
    5.17535388e-01 1.52948916e+00 6.13238215e-02 -7.87477970e-01
    1.17846370e+00 1.17111802e-02 1.15554535e+00 6.94894791e-02
    -7.19296217e-01 1.13733566e+00 3.69738162e-01 -4.36715394e-01
    5.68364143e-01 4.54073846e-01 2.00744557e+00 -4.21847850e-01
    -6.92901373e-01 -6.32985055e-01 8.60585988e-01 1.72570801e+00
    9.25631762e-01 -1.38528287e-01 1.71619511e+00 -9.22587693e-01
    1.57843018e+00 3.59041214e-01 7.63612509e-01 -7.65285492e-01
    1.83866906e+00 9.40331459e-01 -8.76405537e-01 -7.59371877e-01
    5.90160966e-01 3.39805007e-01 -1.82420969e-01 -1.93524420e-01
    1.35095024e+00 -1.01208508e-01 -7.25598454e-01 3.79702449e-01
    1.53606498e+00 7.22050130e-01 1.05696225e+00 1.37551785e+00
    8.72781277e-01 1.18862629e+00 1.61837995e-01 1.76005769e+00
    -2.88092375e-01 1.33684039e-01 1.19518983e+00 -4.39060301e-01
    -6.37144864e-01 1.39022410e-01 1.96826637e-01 6.96702063e-01
    1.48306322e+00 1.98739290e-01 -2.58534193e-01 -4.73146737e-01
    -1.27679527e-01 1.95585227e+00 1.48101103e+00 -8.17486167e-01
    3.17552090e-01 5.20906448e-01 6.09172344e-01 1.77352595e+00
    -8.95172000e-01 7.07487345e-01 1.28106284e+00 5.90709984e-01
    -8.82335067e-01 8.58658552e-03 -4.84220684e-01 7.86149979e-01
    1.25374103e+00 6.40958130e-01 8.48043263e-01 -2.11589336e-01
    2.38587379e-01 -8.60169470e-01 -4.41119403e-01 1.41110754e+00
    2.01232171e+00 1.83446741e+00 4.28924382e-01 9.00574803e-01
    3.24919462e-01 -2.75946766e-01 1.46490479e+00 1.01591587e+00
    1.12279856e+00 1.46606565e-01 -7.98904121e-01 1.33297777e+00
    -2.15009391e-01 -3.71688485e-01 1.41304219e+00 4.84156430e-01
    9.29496408e-01 -4.87586617e-01 7.40402520e-01 2.50446737e-01
    -4.08462256e-01 -3.85233998e-01 -1.88981771e-01 1.36311007e+00
    1.23957396e-02 1.40520298e+00 -1.89174533e-01 1.67916572e+00
    1.68409264e+00 4.13237572e-01 1.46922827e+00 1.39183259e+00
    1.63784063e+00 6.99862361e-01 -5.80217421e-01 8.47365856e-01
    -1.37063444e-01 -6.25797391e-01 1.68160772e+00 3.64756584e-03
    -7.96584785e-01 7.39543080e-01 1.68117893e+00 1.10589910e+00
    1.43224370e+00 -6.90693498e-01 4.19040024e-01 -2.72355437e-01
    3.91122580e-01 8.99384797e-01 -1.60186470e-01 1.65232515e+00
    1.30299926e-01 1.15707505e+00 1.78079057e+00 -5.98995388e-01
    1.84550381e+00 5.08143067e-01 1.23133099e+00 7.35499501e-01
    9.46154714e-01 2.18596816e-01 -4.33223248e-01 -1.92864537e-01
    1.39697218e+00 1.45162153e+00 -1.09571040e-01 -2.01441407e-01
    8.15293789e-01 3.35155368e-01 1.50785625e+00 -3.32940459e-01
    8.59510660e-01 1.81709850e+00 8.08966994e-01 1.60829985e+00
    1.54006851e+00 1.70277596e-01 6.17957115e-03 7.14642048e-01
    -1.20785952e-01 1.50109565e+00 1.44155157e+00 6.71529174e-01
    2.68290043e-02 7.68346667e-01 1.13940275e+00 -8.33152354e-01
    -5.92942715e-01 1.24560714e+00 1.85232437e+00 1.78724349e+00
    1.72913682e+00 8.76142502e-01 1.68487656e+00 6.10685229e-01
    -8.81610334e-01 -9.98395920e-01 1.27762353e+00 1.81682897e+00
    1.10551131e+00 6.73681498e-02 1.18048692e+00 1.89291394e+00
    -9.25496936e-01 2.33951569e-01 -3.37218881e-01 -7.11085200e-02
    1.06238675e+00 8.89450908e-01 6.95286155e-01 -2.20249414e-01
    1.07967722e+00 1.37608707e+00 -7.71425962e-01 5.15208244e-01
    -2.35538006e-01 7.75380731e-01 5.37369013e-01 1.47570515e+00
    1.37404084e-01 -6.20027900e-01 -1.69066072e-01 4.74259615e-01
    1.58787668e-01 3.92431498e-01 -5.90318203e-01 -8.70240629e-01
    -9.25425291e-01 7.87600577e-01 -3.79769564e-01 -3.28889906e-01
    -5.11297703e-01 4.58864808e-01 1.87685835e+00 -5.55357754e-01
    4.27297115e-01 1.79222107e+00 1.79788291e-01 -1.44773722e-02
    1.92548656e+00 1.47917962e+00 1.40009522e+00 -1.58119619e-01
    1.31250823e+00 1.71775055e+00 7.66893625e-02 -1.86494648e-01
    -1.86422884e-01 -4.98945117e-01 1.08944929e+00 9.53350544e-01
    4.08674479e-02 8.33780766e-01 3.03730011e-01 -4.16774154e-01
    1.60642123e+00 1.83760643e-01 8.04039657e-01 -3.29300642e-01
    -2.59391069e-01 9.32917416e-01 1.32960021e+00 -1.00088525e+00
    1.41276252e+00 1.81668711e+00 3.13833952e-02 -9.02833223e-01
    -6.85890317e-02 1.68687630e+00 9.01450276e-01 9.58100975e-01
    1.97230554e+00 1.90178919e+00 2.33824551e-01 -5.69600344e-01
    7.19926298e-01 2.02870321e+00 1.22520626e-01 -3.98456722e-01
    -6.70718133e-01 1.18366861e+00 -3.36132467e-01 1.44962311e+00
    1.06967688e-02 3.48008573e-01 1.49504781e+00 -7.16702640e-01
    6.70067370e-01 1.97591496e+00 7.78627694e-01 4.11932468e-02
    -5.00906110e-01 1.89554393e-01 1.34481955e+00 1.54337490e+00
    -6.69725478e-01 1.65830231e+00 1.72315466e+00 1.22656071e+00
    4.69414473e-01 1.51344526e+00 6.48001015e-01 6.51763082e-01
    1.89952421e+00 1.86286080e+00 -7.99800277e-01 7.77255952e-01
    5.77707291e-01 3.12140405e-01 1.77899671e+00 4.39209938e-01
    1.71007633e+00 4.11413372e-01 4.42623675e-01 -6.72658086e-02
    2.12083757e-01 -1.11827850e-02 7.01017976e-01 7.37150490e-01
    4.87642288e-02 3.64958704e-01 7.35343158e-01 -9.26549792e-01
    1.80401838e+00 9.76979911e-01 2.01516747e-02 -8.28010559e-01
    6.77709520e-01 1.93662930e+00 1.43332362e+00 4.57030475e-01
    3.99833500e-01 -7.97759056e-01 -7.06765115e-01 8.19868505e-01
    1.05228949e+00 4.77722287e-02 -7.01415956e-01 1.86339641e+00
    1.55152845e+00 -2.57780731e-01 1.63886607e+00 -6.02109432e-01
    3.35705638e-01 -2.67356098e-01 -7.21984625e-01 2.19064772e-01
    1.88619947e+00 6.73254788e-01 -4.92938489e-01 -7.38796353e-01
    1.26135039e+00 -8.66565704e-02 7.99418211e-01 1.18779707e+00
    1.26324201e+00 1.61514974e+00 9.35711265e-02 1.42141640e-01
    2.12589812e+00 -1.87364995e-01 9.27863657e-01 8.43427598e-01
    4.71918583e-02 1.42274392e+00 -2.34907269e-01 8.96929979e-01
    3.53320837e-02 8.01822364e-01 7.93985605e-01 1.15230954e+00
    -6.93962574e-01 7.52825022e-01 8.25229585e-01 5.66913605e-01
    9.62572277e-01 4.09983158e-01 9.52336669e-01 1.38348806e+00
    1.70145571e-01 1.02373755e+00 1.87073898e+00 1.26568174e+00
    1.50707269e+00 4.22644973e-01 -1.04017377e+00 1.00235939e-02
    -3.65995765e-01 -2.72765696e-01 4.40762401e-01 1.45602262e+00
    1.48485470e+00 1.49701381e+00 3.05273294e-01 1.33999610e+00
    -7.23639846e-01 1.26507437e+00 1.62245035e-01 2.51957774e-01
    -1.44577265e-01 -2.30450571e-01 -5.71840703e-01 -4.81058002e-01
    9.26143706e-01 1.92214799e+00 7.85363913e-01 1.77836525e+00
    7.75808334e-01 -2.02385783e-01 -9.56266105e-01 1.81184697e+00
    1.76866221e+00 9.38412547e-01 1.20579982e+00 1.18966568e+00
    1.47255850e+00 1.10073650e+00 -4.09334242e-01 1.50492740e+00
    1.59981549e+00 3.25250506e-01 5.84932089e-01 7.78330922e-01
    -2.16973066e-01 -4.59719837e-01 -7.32145965e-01 -1.30912721e-01
    8.86473894e-01 1.37985420e+00 1.00607157e-01 -2.51282752e-01
    5.84262609e-02 6.24502301e-01 1.25875974e+00 -4.79485273e-01
    -8.86862278e-02 3.68529797e-01 9.90150809e-01 -4.39199448e-01
    3.13879490e-01 1.80731034e+00 1.66152644e+00 6.75914049e-01
    6.57315254e-02 -5.31648219e-01 1.49231064e+00 5.25452375e-01
    1.64395094e-01 3.24217319e-01 1.19751704e+00 5.02485275e-01
    -1.02284384e+00 1.05530238e+00 2.68972278e-01 2.25604177e-02
    -3.73610079e-01 -9.22461748e-01 1.99188542e+00 3.11955094e-01
    9.21964765e-01 1.84729695e-01 -2.08134711e-01 -7.89379478e-01
    1.35667849e+00 -6.36677802e-01 1.04408669e+00 4.73708928e-01
    3.90745997e-02 1.71159446e-01 -1.07814610e-01 1.42374766e+00
    1.03787780e+00 9.74223495e-01 1.16328692e+00 1.22757256e+00
    1.10527277e-02 1.47899246e+00 -8.61302793e-01 -5.54792762e-01
    6.56302273e-01 7.80881763e-01 1.54918718e+00 8.59468043e-01
    -1.62749887e-01 1.15766001e+00 1.13157272e+00 -3.68121505e-01
    3.61888587e-01 1.53262043e+00 -8.91482174e-01 1.04997694e+00
    1.72398829e+00 1.94201136e+00 -2.07401812e-01 -4.71552134e-01
    -4.27904427e-01 1.41451156e+00 8.36300075e-01 6.74099028e-01
    1.97790980e-01 1.45697987e+00 1.01662612e+00 1.58842957e+00
    1.68494225e-01 6.71576262e-02 1.41459584e+00 3.40397954e-02
    1.27484655e+00 -3.19421649e-01 1.49269891e+00 2.49373615e-01
    1.54395747e+00 1.53201807e+00 5.15277565e-01 -6.00286365e-01
    -5.59521317e-02 4.45365667e-01 1.35852265e+00 1.54879689e-01
    5.23707032e-01 -7.50055075e-01 -4.56893086e-01 1.88246930e+00
    6.98273778e-01 5.01760244e-01 -1.99895799e-01 -4.25050974e-01
    -8.14825952e-01 2.11209357e-01 -6.58397436e-01 -5.07822275e-01
    1.68473780e-01 -1.96446121e-01 1.98497105e+00 1.17798686e+00
    2.22535253e-01 1.01144743e+00 2.57486582e-01 1.77665854e+00
    -7.90972292e-01 1.51309466e+00 7.46093154e-01 6.61527157e-01
    -5.32627702e-01 1.85323036e+00 -2.41121948e-01 1.75342107e+00
    1.03141689e+00 3.30590487e-01 -8.47871661e-01 1.65247989e+00
    1.30788779e+00 1.71528864e+00 1.72347903e+00 -1.60471499e-01
    1.93727612e-01 1.79898918e-01 5.65028965e-01 4.15443957e-01
    1.45636106e+00 4.53469455e-01 5.48631012e-01 2.19539881e-01
    -8.80218506e-01 9.78426635e-01 2.58203149e-01 3.11771035e-02
    -1.24883473e-01 4.40831661e-01 -7.21471369e-01 3.61338079e-01
    1.18999028e+00 1.17617786e-01 2.05365419e-01 2.08897889e-01
    6.89112246e-01 -5.82589209e-01 6.01013303e-01 1.93031335e+00
    1.96159172e+00 1.64288104e+00 -5.47088027e-01 -2.81524301e-01
    -7.21184671e-01 2.72098780e-01 -4.71478432e-01 1.26935637e+00
    -5.25914669e-01 1.89692903e+00 8.94227087e-01 3.74253809e-01
    1.45769382e+00 1.42421532e+00 -5.61294675e-01 -2.05064058e-01
    -6.27691388e-01 7.63351977e-01 4.50270355e-01 9.35916007e-01
    1.31265318e+00 4.35854018e-01 1.11904263e+00 1.79759812e+00
    -3.31470430e-01 1.03394675e+00 -8.98154795e-01 4.14292872e-01
    6.45990074e-01 1.37710989e+00 4.20675635e-01 -3.64241958e-01
    -5.53742826e-01 6.34560347e-01 1.81428933e+00 1.72844863e+00
    8.64083767e-01 7.91144609e-01 5.81506312e-01 9.58853364e-02
    1.83540154e+00 5.03345430e-01 5.21394074e-01 1.27608645e+00
    5.72244048e-01 -1.03795171e-01 1.16424608e+00 1.71208274e+00
    1.77357531e+00 1.11100960e+00 -6.23717189e-01 -6.71042204e-01
    -2.04208434e-01 2.42665350e-01 -8.48306000e-01 1.62150121e+00
    -6.68547869e-01 6.34812832e-01 5.84503651e-01 1.66745508e+00
    8.35156798e-01 -6.18309796e-01 -4.17928636e-01 1.51006901e+00
    5.19591451e-01 2.53251553e-01 9.50981379e-02 -3.07794809e-01
    -5.90833783e-01 1.11529684e+00 4.43169832e-01 3.44553113e-01
    1.64496100e+00 1.67149568e+00 1.69721127e+00 1.80204082e+00
    1.06990707e+00 6.31667137e-01 2.13676929e-01 -7.21771955e-01
    -8.04455280e-01 1.18863559e+00 1.20140815e+00 5.01302361e-01
    3.44340086e-01 1.27778578e+00 1.04055452e+00 3.03891778e-01
    1.22539604e+00 3.25638890e-01 1.58808124e+00 -8.98532808e-01
    -7.39651024e-01 -1.17446840e-01 1.85094237e-01 6.49927378e-01
    1.84898520e+00 1.14301741e-01 9.54974651e-01 -2.16086924e-01
    1.31340384e+00 1.46117973e+00 1.88391328e+00 -7.81037867e-01
    9.34281945e-01 5.52328587e-01 6.07730389e-01 1.33551443e+00
    3.51945519e-01 1.14902675e+00 1.44749260e+00 1.59518921e+00
    8.72175813e-01 -6.56863689e-01 7.88694263e-01 1.79322696e+00
    -1.93521082e-01 1.68385863e+00 3.92130375e-01 -2.16565073e-01
    1.73869634e+00 1.49346316e+00 -2.68197060e-01 -1.00445688e-01
    1.30380130e+00 5.14819741e-01 8.38587523e-01 1.27442718e+00
    7.32651830e-01 1.00138330e+00 6.43992960e-01 -3.31112325e-01
    1.87635422e-03 -2.15466797e-01 -9.33755875e-01 -3.48101676e-01
    -6.10770106e-01 1.49224234e+00 1.45100594e+00 -2.04374075e-01
    1.57297873e+00 3.46383929e-01 -5.98810613e-01 -6.06746316e-01
    1.65723658e+00 6.91181421e-01 1.19851899e+00 -9.69310045e-01
    -1.37495577e-01 8.28226089e-01 1.91266906e+00 2.01112151e-01
    1.41044343e+00 2.29967773e-01 2.47491062e-01 1.05328679e-01
    1.82629228e+00 1.35197556e+00 7.58980215e-01 -4.13141251e-01
    1.97002673e+00 6.68690383e-01 -3.70614946e-01 -4.81164157e-01
    4.46192026e-01 -8.26149702e-01 -8.60802591e-01 1.33985960e+00
    1.57816041e+00 -8.60176206e-01 8.09787512e-01 -7.00942874e-01
    1.57569432e+00 8.09363902e-01 -6.09587073e-01 1.70220280e+00
    -4.69076037e-01 1.91334295e+00 -7.57787466e-01 8.74119282e-01
    1.84746480e+00 1.17011976e+00 1.64406073e+00 1.40507519e-01
    -7.03610778e-01 -3.44860792e-01 -2.95453012e-01 1.26285315e+00
    1.80004179e-01 -8.56803060e-02 7.44090974e-01 1.12285447e+00
    -5.39748907e-01 1.50170028e+00 -7.39564776e-01 1.43535256e-01
    1.82744741e+00 9.69506383e-01 1.47006118e+00 1.45416999e+00
    -9.57267284e-02 -1.50370896e-01 8.83103013e-02 1.95298052e+00
    2.29368269e-01 2.86729336e-01 1.64871383e+00 1.02050900e-02
    -3.44346046e-01 -2.59375513e-01 -4.61894006e-01 6.17644787e-01
    2.78365195e-01 5.11010528e-01 -8.08584452e-01 1.23095775e+00
    1.44203544e+00 -2.45711088e-01 -8.64211738e-01 9.59225357e-01
    1.59121346e+00 1.37755954e+00 -6.51841104e-01 -8.53930295e-01
    -9.13028717e-02 1.52533472e+00 -1.70600414e-01 5.84358275e-01
    -2.93133259e-01 1.84283376e+00 -1.40479624e-01 -5.27696013e-01
    1.56802225e+00 1.31224990e-01 1.04650199e-01 4.31933403e-02
    1.95429075e+00 2.57920504e-01 1.31583953e+00 4.39526498e-01
    1.17373919e+00 1.35394192e+00 1.21215081e+00 1.70818830e+00
    1.43920088e+00 -6.28982544e-01 -9.32769895e-01 1.64459372e+00
    -8.47327113e-01 1.96278739e+00 3.45845461e-01 1.22701097e+00
    -7.42439985e-01 -6.59619212e-01 -1.24848723e-01 7.26137757e-01
    1.36938536e+00 1.08430541e+00 5.63125372e-01 1.24701333e+00
    -3.49833250e-01 4.02678668e-01 6.68095052e-01 1.80057383e+00
    -3.33612204e-01 -7.11145997e-01 1.95140648e+00 -2.03583777e-01
    2.96592712e-01 1.14942718e+00 6.25854135e-02 -7.18875527e-02
    9.15002048e-01 -6.38995528e-01 -1.87620699e-01 -2.61837363e-01
    1.96097302e+00 8.10946822e-02 -3.45407307e-01 1.95249319e+00
    -1.95504427e-01 -9.17879522e-01 1.55051255e+00 -3.73071432e-03
    1.52605283e+00 4.02261674e-01 -7.65383363e-01 1.18966937e+00
    1.12908363e+00 -4.31507260e-01 8.95747244e-01 -4.50465083e-02
    -3.59507203e-02 2.00192738e+00 -4.15542126e-02 1.43379402e+00
    1.06255054e+00 -4.38736200e-01 1.00587940e+00 -2.50154018e-01
    -6.86241746e-01 1.11674428e+00 7.01504648e-01 1.51453376e+00
    -1.93698585e-01 1.95291114e+00 1.92199731e+00 1.00561273e+00
    -1.95840895e-01 -1.05831385e-01 -7.41709948e-01 -7.05244780e-01
    2.09705412e-01 1.04667735e+00 5.86705327e-01 1.06669939e+00
    1.74095249e+00 -4.14602757e-02 1.86485052e+00 1.88286412e+00
    1.81509793e+00 -5.57595968e-01 2.34713554e-01 1.11009061e+00
    1.29842699e+00 3.76293659e-02 1.56959832e+00 -7.46483326e-01
    1.38471687e+00 4.38103199e-01 9.04309750e-03 1.41718900e+00
    1.02061033e-02 1.90648675e-01 2.16413617e-01 -2.70289600e-01
    4.72655296e-02 5.15781045e-01 -6.73623919e-01 8.71701479e-01
    -7.77769089e-01 -7.32639790e-01 -3.79681051e-01 1.25444782e+00
    -8.78909111e-01 3.30440998e-01 -3.08123946e-01 6.04483724e-01
    1.66391695e+00 4.06332910e-01 1.12553310e+00 6.61206722e-01
    1.43416190e+00 1.33437300e+00 3.58903170e-01 3.25052142e-02
    1.43420458e+00 9.09686685e-02 -9.30361986e-01 -6.68466330e-01
    1.37543738e-01 -7.43930638e-01 -1.38230681e-01 -9.29182708e-01
    4.77745533e-01 6.92418814e-02 8.95242214e-01 1.41431701e+00
    4.91022229e-01 5.95791578e-01 -5.54704070e-01 1.59711206e+00
    3.86587381e-01 -9.91050601e-02 1.67252529e+00 5.42121768e-01
    9.59175110e-01 1.49701512e+00 -3.17637205e-01 2.75637031e-01
    1.39846230e+00 5.38270950e-01 1.14859259e+00 1.82725394e+00
    -4.23070014e-01 8.84372354e-01 4.96551454e-01 -7.38076091e-01
    2.02837729e+00 4.59801793e-01 -3.76579165e-01 7.19100356e-01
    -5.89086294e-01 6.55199945e-01 1.50604367e+00 7.01775193e-01
    1.33475256e+00 3.46458912e-01 1.16336274e+00 -6.10573292e-01
    -8.69528949e-01 8.83903503e-01 4.78080451e-01 8.29533696e-01
    -2.91614532e-01 1.20423722e+00 7.55084872e-01 5.16796470e-01
    1.55750179e+00 -1.27526343e-01 -1.76321805e-01 -3.82007957e-02
    -2.03099370e-01 3.26917589e-01 9.08468485e-01 2.60667980e-01
    9.43917751e-01 8.27433348e-01 -1.80721283e-02 6.41033411e-01
    1.19921005e+00 1.75941074e+00 -8.18810880e-01 1.61171854e+00
    -1.09575093e-01 -1.87405348e-01 4.02278304e-02 3.64249289e-01
    -4.31798756e-01 6.33750319e-01 5.13138652e-01 -6.86681867e-02
    1.19945669e+00 -2.07530618e-01 6.59736872e-01 1.34008336e+00
    1.11718452e+00 -3.26265097e-02 -1.00806534e-01 -5.56537271e-01
    1.36284029e+00 -4.01963651e-01 1.31401849e+00 -2.40309060e-01
    1.06695235e-01 1.72193527e-01 -7.46782422e-01 -3.03432405e-01
    9.33930576e-01 -6.12390816e-01 5.30903459e-01 1.45229697e+00
    1.13330948e+00 -2.23064303e-01 6.35393560e-01 6.04888380e-01
    1.58587635e+00 -8.73272955e-01 9.55716491e-01 2.06111979e+00
    -3.86717260e-01 2.95999229e-01 6.03897095e-01 1.67632699e+00
    7.24958718e-01 -8.07962894e-01 -4.19994593e-01 3.84865820e-01
    -6.77051663e-01 2.13248193e-01 1.65147042e+00 -1.18694961e-01
    1.73870134e+00 -3.75236571e-01 -8.13185811e-01 -1.14760578e-01
    1.09997833e+00 3.45033109e-01 1.78444695e+00 -7.90253937e-01
    1.61398315e+00 -7.14761734e-01 -2.02973485e-01 5.36874115e-01
    -6.75079048e-01 -8.95020247e-01 -6.49636507e-01 1.23481965e+00
    -6.00329876e-01 -1.35814011e-01 1.84045887e+00 1.49196148e+00
    -8.81191850e-01 3.80750835e-01 -5.27305007e-02 -8.05272579e-01
    3.22691202e-01 1.56935573e+00 2.32091904e-01 3.78750741e-01
    7.03465819e-01 5.55947423e-02 1.06762791e+00 -6.73813581e-01
    -6.49325252e-01 9.41586792e-01 1.59530163e+00 -1.37644410e-01
    9.72567081e-01 1.67378438e+00 -1.93101764e-01 -6.14991665e-01
    5.97685575e-02 1.25950801e+00 1.65463555e+00 -9.75577354e-01
    1.24867511e+00 1.17798615e+00 1.10911965e+00 1.50756359e-01
    1.28930748e-01 -3.20302367e-01 4.12309945e-01 1.49459386e+00
    1.05580997e+00 -5.45110106e-02 2.04609990e-01 -5.97846508e-01
    1.45694625e+00 6.15041494e-01 1.46330976e+00 1.73242223e+00
    1.73964500e+00 -9.30896640e-01 -2.27797508e-01 1.43608737e+00
    -1.35405123e-01 1.83786964e+00 2.57940352e-01 1.53028679e+00
    5.74317455e-01 7.17956185e-01 6.90882981e-01 -4.54220325e-01
    -6.91377580e-01 2.13683319e+00 1.40482855e+00 6.56065762e-01
    9.79310930e-01 1.85367441e+00 2.17482030e-01 1.42124176e+00
    -3.37409616e-01 1.79674459e+00 5.86202443e-01 1.36070609e+00
    6.21420085e-01 -4.33564723e-01 5.51601231e-01 -5.41851163e-01
    2.09146738e-03 -1.09588504e-01 -8.09032500e-01 7.34693050e-01
    1.32309341e+00 1.22208381e+00 1.61252832e+00 4.95448112e-01
    3.00884724e-01 7.33764827e-01 -9.78694975e-01 -6.37620568e-01
    2.13402629e-01 -6.67754650e-01 3.52575421e-01 -3.88418138e-01
    1.30623448e+00 1.54907513e+00 5.27094960e-01 7.31507659e-01
    2.60100365e-02 1.36506546e+00 -9.91267562e-01 1.39141560e+00
    1.24234915e+00 1.27634335e+00 9.08149719e-01 -3.94396544e-01
    1.34120774e+00 -5.57620406e-01 9.81844068e-01 1.32610691e+00
    -1.00136936e-01 1.29603553e+00 1.07693315e-01 1.02058756e+00
    1.19363356e+00 -9.34108377e-01 1.77175534e+00 -1.24590814e-01
    1.61073172e+00 -8.53584111e-01 1.00581026e+00 3.82499695e-02
    7.11852312e-02 5.68939447e-01 4.34591770e-02 1.08700633e+00
    -3.55011582e-01 1.47220552e-01 -7.01277375e-01 1.90684378e-01
    -8.41505229e-01 6.26722813e-01 -3.48147810e-01 -6.88634574e-01
    7.97922730e-01 1.33775413e+00 2.31441498e-01 3.42031956e-01
    4.05942798e-01 1.22692180e+00 1.59755254e+00 -7.38381147e-01
    -8.43030453e-01 1.96999919e+00 2.53373086e-01 1.40165210e+00
    -4.56066489e-01 1.21295750e-01 -1.77094340e-02 7.50643194e-01
    -6.36315525e-01 -9.16126192e-01 2.62727261e-01 -4.53237712e-01
    1.27441943e+00 -7.03278303e-01 1.02925062e-01 -9.87700462e-01
    1.00991774e+00 9.83919024e-01 1.05227470e+00 1.23572457e+00
    -3.11672091e-02 1.27597511e-01 -3.66346419e-01 -2.84491539e-01
    1.64727736e+00 7.21549928e-01 3.12292814e-01 1.46315742e+00
    1.56435287e+00 -5.89077175e-01 -6.30414009e-01 1.94384098e-01
    -5.62950134e-01 1.50228119e+00 6.57766342e-01 1.06369376e+00
    1.64902031e+00 6.73216820e-01 5.80362141e-01 5.15837133e-01
    1.76049352e-01 6.83319390e-01 4.18989956e-01 1.08574986e-01
    8.85299027e-01 1.66673970e+00 1.87444210e+00 -1.43405020e-01
    -9.09577847e-01 1.79822683e+00 5.80810785e-01 1.80502653e-01
    4.41582322e-01 7.01285601e-01 8.14594030e-01 -1.35890186e-01
    -3.83117855e-01 1.49467909e+00 1.76847816e+00 5.47392905e-01
    1.19097686e+00 -7.62094140e-01 8.49827170e-01 -2.31477082e-01
    1.33545327e+00 2.67320275e-02 1.49798465e+00 9.65585470e-01
    -4.06039119e-01 7.99227357e-01 -8.42899323e-01 1.88372779e+00
    4.28893209e-01 -2.53602862e-01 6.72838986e-01 3.49351764e-02
    -8.33523273e-02 6.18060827e-01 -2.13361979e-01 3.10214877e-01
    -6.21818304e-02 -6.46398067e-02 1.40455341e+00 -3.04694533e-01
    2.18437374e-01 1.33972406e+00 -2.72828937e-01 5.64263105e-01
    -7.50217855e-01 -3.34597886e-01 4.60772395e-01 6.71166241e-01
    -3.76600146e-01 -6.62630260e-01 1.53618956e+00 6.18955612e-01
    8.50029230e-01 3.26554477e-01 1.79942596e+00 3.38448644e-01
    1.66634750e+00 1.90135002e+00 -7.52303898e-01 4.87817407e-01
    1.84820127e+00 -8.23521733e-01 6.80619180e-01 1.88661277e+00
    1.73914909e+00 2.27706730e-01 1.47080505e+00 2.53789067e-01
    -8.95448804e-01 2.88138926e-01 -4.91669476e-01 2.16189504e-01
    1.15198302e+00 4.76018727e-01 1.60501289e+00 9.69833732e-02
    6.88446701e-01 7.52986073e-02 -6.20440602e-01 -6.98701918e-01
    1.22816682e+00 5.14293253e-01 3.35460842e-01 -3.61974418e-01
    -8.82704854e-02 -4.49635863e-01 8.12623560e-01 1.15303910e+00
    -6.31814122e-01 1.89363730e+00 1.93610644e+00 4.61749494e-01
    1.24789310e+00 7.40141153e-01 1.28449655e+00 1.54785705e+00
    -5.66602826e-01 1.80030656e+00 1.41506076e+00 1.54067004e+00
    1.49736631e+00 1.29556549e+00 -3.19091022e-01 -3.95015061e-01
    8.89938176e-01 -9.04617310e-02 -7.96719134e-01 1.65577579e+00
    -3.69280100e-01 2.42582560e-01 8.07105660e-01 3.71945739e-01
    4.53150272e-01 1.46932983e+00 3.63453686e-01 -5.85502505e-01
    -2.27313817e-01 1.51678264e+00 1.94933808e+00 -7.40155458e-01
    -6.00456476e-01 -8.24802876e-01 6.31790280e-01 2.45976090e-01
    4.82648015e-02 1.82822704e-01 1.78834891e+00 -7.48719811e-01
    1.68500113e+00 1.89627242e+00 -2.20453143e-01 5.00408828e-01
    -1.09532893e-01 -5.95576465e-01 1.41287470e+00 5.41672885e-01
    1.73492479e+00 -2.14876294e-01 -1.54815316e-01 1.36755610e+00
    1.16215599e+00 1.55858970e+00 -8.60554636e-01 -5.17926455e-01
    -4.28966880e-01 5.56139350e-02 1.92715383e+00 5.64703345e-01
    1.26059175e-01 -5.55435300e-01 1.23539031e-01 1.84622908e+00
    7.37635255e-01 -5.28369308e-01 1.89994681e+00 -6.97033525e-01
    2.90128112e-01 -3.02556932e-01 3.07816267e-01 -2.07560658e-02
    5.90473890e-01 3.29735279e-02 -2.67367363e-02 5.94299078e-01
    1.22128141e+00 1.20641863e+00 1.55405498e+00 9.90076542e-01
    1.41491270e+00 -9.23171401e-01 1.05033588e+00 1.49515033e+00
    8.97999406e-01 -3.88772130e-01 6.53212070e-02 -6.92530394e-01
    2.73023844e-01 1.58742774e+00 1.86645472e+00 -5.12138546e-01
    1.88529646e+00 6.96147799e-01 -7.70738244e-01 1.17824781e+00
    3.88058424e-01 1.31535268e+00 1.58725739e-01 1.10936821e+00
    -2.34157979e-01 -1.95416451e-01 -3.31373513e-01 1.59998167e+00
    -3.16265821e-02 -9.15940881e-01 -5.40710568e-01 9.63369548e-01
    -6.90080464e-01 -5.84549069e-01 5.37005842e-01 8.47221196e-01
    1.68536699e+00 9.43307161e-01 1.66594493e+00 3.06012392e-01
    -1.56975091e-01 1.43379557e+00 9.34820652e-01 1.21032798e+00
    -3.52768898e-02 8.73415530e-01 -2.38586962e-01 -9.09690797e-01
    1.03841114e+00 -7.64477015e-01 -1.41930938e-01 1.51881516e+00
    6.22436821e-01 1.98933649e+00 -5.20221174e-01 2.75049984e-01
    1.87726629e+00 1.97144747e-01 5.94000518e-01 -8.73171151e-01
    9.06969070e-01 -3.48728299e-02 1.50203824e+00 -2.32518137e-01
    1.47747159e+00 -9.24924374e-01 2.00041866e+00 -6.66223526e-01
    -2.21529305e-01 7.79295146e-01 1.25010633e+00 1.25104213e+00
    1.12633121e+00 1.86834097e+00 1.18697000e+00 -4.30086732e-01
    -1.28229201e-01 -2.70960391e-01 5.83414197e-01 2.24328160e-01
    -7.23435402e-01 1.77268744e+00 1.90447021e+00 -8.63227665e-01
    1.14186764e+00 1.27869952e+00 -3.25095713e-01 -7.63235509e-01
    1.90672255e+00 -2.09092677e-01 -7.36719310e-01 7.52257109e-01
    -4.62118834e-01 1.98649764e-01 1.25275695e+00 -4.22575772e-01
    -5.94472885e-03 1.26854622e+00 9.55541372e-01 6.44318938e-01
    1.15989721e+00 1.36953115e-01 3.40247273e-01 -8.13506484e-01
    3.38560462e-01 -2.97839820e-01 1.41036153e+00 5.31999290e-01
    -1.18433774e-01 -8.66992235e-01 -4.02824521e-01 -3.35811675e-01
    5.50501227e-01 1.31841707e+00 3.41557026e-01 -6.55566454e-01
    1.37777817e+00 8.34751606e-01 1.79039049e+00 -9.01767850e-01
    2.72669792e-02 9.20388639e-01 1.24566579e+00 3.40360522e-01
    -1.14163756e-01 -7.34986424e-01 -3.70035291e-01 2.24476755e-01
    1.60151231e+00 8.19304645e-01 -6.20984793e-01 1.12103701e+00
    1.27516246e+00 1.84523225e+00 -3.99001539e-01 1.21605921e+00
    1.78629541e+00 1.42852616e+00 -1.32340193e-03 -4.56433505e-01
    -6.31538033e-01 -4.13039088e-01 2.62395442e-01 1.18508208e+00
    1.89148855e+00 -3.25710595e-01 2.38484800e-01 1.31301486e+00
    8.90834570e-01 1.40105367e+00 1.01177692e-01 4.51372027e-01
    -2.13036358e-01 5.68096101e-01 1.96165025e-01 1.19639409e+00
    9.71703470e-01 2.68568993e-01 1.53192830e+00 6.89468145e-01
    2.96068192e-01 -2.94981658e-01 1.13151646e+00 1.49322689e-01
    -5.03654420e-01 1.85197175e+00 3.19561958e-01 9.20623302e-01
    1.02953768e+00 3.76615047e-01 -7.95013130e-01 1.71888709e+00
    -5.33513904e-01 1.07836485e+00 1.06618905e+00 -3.76770139e-01
    -5.84549427e-01 5.59198439e-01 -1.12816691e-02 1.91464388e+00
    -8.00041437e-01 1.43034637e+00 1.15205622e+00 1.47632456e+00
    -4.72182989e-01 1.21169198e+00 -9.55795825e-01 5.21627069e-01
    -9.97735202e-01 5.13987064e-01 -1.00541735e+00 1.31033552e+00
    6.57646060e-01 1.39848793e+00 -6.98385715e-01 1.31052935e+00
    -8.06974947e-01 8.88767838e-01 -8.41691017e-01 1.65497446e+00
    1.19601965e+00 1.84889054e+00 -9.13403034e-02 -2.77470052e-01
    1.57002914e+00 1.90397167e+00 3.24945450e-02 1.44785929e+00
    -4.69964504e-01 1.20843768e+00 1.25402081e+00 1.51689589e+00
    -2.84238994e-01 -4.48267281e-01 1.95530629e+00 4.07790840e-01
    1.29718459e+00 4.36568499e-01 4.46518958e-01 1.32527649e+00
    8.25995207e-02 -8.08947146e-01 1.65676260e+00 -9.04648244e-01
    1.47447646e+00 1.70622075e+00 7.05823898e-01 9.45772648e-01
    5.11808574e-01 1.27518058e+00 2.08036661e-01 2.81142712e-01
    7.37744212e-01 1.85236335e-02 -3.31600487e-01 2.83195376e-01
    1.68594527e+00 -2.92285442e-01 -3.73287946e-01 8.52715671e-01
    6.78213775e-01 1.19100666e+00 -7.56422281e-01 -2.15617716e-01
    1.25109005e+00 1.65999508e+00 1.54562414e-01 1.68458104e+00
    6.72116101e-01 -3.13716173e-01 1.80957448e+00 1.33818829e+00
    -6.96761966e-01 8.45340371e-01 -2.51580179e-01 -4.89287913e-01
    4.49561357e-01 3.88745070e-02 -5.55711329e-01 -7.00775385e-01
    -3.06134641e-01 1.42522740e+00 5.48108101e-01 7.87720680e-02
    1.58122301e+00 1.41435063e+00 1.85089350e-01 1.73643124e+00
    8.74470472e-02 3.61433506e-01 1.60515523e+00 -8.75254750e-01
    -1.03619814e+00 3.32109928e-02 1.49348736e+00 2.39772201e-01
    4.10298109e-01 1.43552363e+00 1.88446248e+00 1.18985271e+00
    1.67943609e+00 1.88775265e+00 9.45266783e-01 -9.20101941e-01
    1.04988003e+00 -8.65147054e-01 1.41718984e+00 1.81373358e+00
    9.08816695e-01 4.45184290e-01 -8.49146545e-01 1.62215996e+00
    -4.69305396e-01 -7.29293346e-01 1.23139024e+00 9.47932601e-01
    1.94061995e+00 1.72653830e+00 1.01883090e+00 7.64062881e-01
    1.32085824e+00 8.53671193e-01 7.89904296e-01 4.41383839e-01
    -2.94371009e-01 -1.03491902e-01 -6.00498438e-01 -6.90519452e-01
    1.07149148e+00 5.15293717e-01 -7.41617382e-01 -7.29419529e-01
    2.04913568e+00 1.24247384e+00 -6.60697222e-01 5.73020101e-01
    9.56946254e-01 1.26405942e+00 1.54198945e+00 5.54534078e-01
    -4.62172747e-01 1.70482635e+00 -5.49049377e-01 1.65532804e+00
    -3.15707207e-01 1.41456938e+00 7.83833563e-01 -5.31147838e-01
    4.34592426e-01 1.83369148e+00 1.05865932e+00 4.13090765e-01
    7.36025393e-01 -7.20558584e-01 -2.25846171e-01 6.45644665e-01
    9.40023482e-01 1.77576327e+00 1.11049318e+00 -7.81559587e-01
    -4.79685605e-01 -6.75611436e-01 3.27251196e-01 1.09144139e+00
    -6.59122586e-01 1.47764575e+00 -8.71964872e-01 2.21029937e-01
    8.01758707e-01 1.83116794e-01 3.36001992e-01 1.68781757e+00
    4.72977877e-01 -1.70410931e-01 9.87018824e-01 1.40194988e+00
    1.76872039e+00 8.64925027e-01 7.56552458e-01 1.73834467e+00
    -1.72097921e-01 1.02912319e+00 1.94713688e+00 1.60699296e+00
    -7.55234361e-02 1.56458306e+00 -5.05582929e-01 -8.20593238e-02
    4.47342336e-01 2.76744008e-01 -5.15281796e-01 5.66847920e-01
    1.20126426e+00 -8.01632524e-01 1.82907808e+00 1.89010656e+00
    2.19004035e-01 9.43437338e-01 -4.37269986e-01 1.44274068e+00
    1.71523857e+00 5.04441977e-01 1.19330001e+00 1.95653415e+00
    1.20365012e+00 7.69574404e-01 5.46073556e-01 -4.67234790e-01
    -7.12453723e-01 6.14861846e-01 -5.29036343e-01 2.66078413e-01
    4.99348462e-01 -6.26729250e-01 1.05915904e+00 5.86699247e-01
    1.33474827e+00 1.70077443e+00 5.77595830e-01 -7.84526467e-02
    1.00899768e+00 -2.88758636e-01 -5.27013898e-01 8.60459208e-01
    5.84540606e-01 1.64823771e+00 -2.35384345e-01 1.64620209e+00
    7.18033195e-01 -1.35207474e-01 1.15988743e+00 -8.18547070e-01
    1.49060297e+00 -4.43234682e-01 1.33697748e+00 -2.83699691e-01
    8.52011919e-01 1.41008544e+00 1.19134688e+00 -6.69025183e-02
    -2.95589626e-01 8.85955334e-01 1.43070984e+00 -1.15785420e-01
    7.83647776e-01 2.71907926e-01 9.38971460e-01 8.42688382e-01
    -7.90685475e-01 9.65927839e-02 3.46729040e-01 1.33908093e+00
    4.69214678e-01 3.27682257e-01 -6.17490292e-01 1.54276395e+00
    9.43978369e-01 -4.94681597e-01 -5.60782135e-01 2.59925961e-01
    -2.88725197e-01 -8.12365651e-01 -9.21179891e-01 1.30086756e+00
    1.04395485e+00 1.89804327e+00 1.66794121e+00 -6.33669853e-01
    -9.17081177e-01 1.04487205e+00 1.71519434e+00 2.48640299e-01
    1.81523287e+00 -8.01816583e-01 -1.67698503e-01 1.34848261e+00
    1.52590144e+00 -8.32743883e-01 1.32852149e+00 4.87879992e-01
    6.28862143e-01 4.99760032e-01 1.23543167e+00 -7.92226434e-01
    3.50739002e-01 1.54297626e+00 9.29446816e-01 1.86162126e+00
    2.53596544e-01 1.86616802e+00 2.05983758e-01 -6.38413548e-01
    -6.83711290e-01 7.26466596e-01 -9.12021518e-01 -3.94302011e-01
    1.04215801e-01 -5.15912354e-01 1.55753255e-01 1.89281893e+00
    9.07749772e-01 -4.64766115e-01 4.46904361e-01 1.81164622e+00
    1.73325658e+00 7.73555160e-01 1.26990986e+00 1.40379763e+00
    2.10218143e+00 8.26278329e-01 7.64099896e-01 1.15258503e+00
    -5.94893754e-01 -2.51582503e-01 -3.38108599e-01 3.78507733e-01
    1.77645350e+00 1.54968822e+00 1.83569682e+00 8.57872367e-02
    9.51425731e-01 1.23884320e+00 8.90752673e-02 -7.49475360e-02
    1.23038769e+00 8.47973228e-01 5.00666976e-01 4.53767061e-01
    1.67724729e+00 1.81513882e+00 4.50784326e-01 5.50425291e-01
    -6.05935752e-01 1.77620435e+00 -2.58300602e-01 9.30857778e-01
    2.04889059e-01 1.09055138e+00 -5.65790892e-01 -4.76881325e-01
    8.58622551e-01 1.65555274e+00 1.30066717e+00 -7.81417131e-01
    1.40392661e+00 -4.91123080e-01 1.24194503e+00 1.80372000e+00
    1.27993989e+00 -1.17719173e-02 1.84695625e+00 1.73514843e-01
    2.02795863e-01 1.39075243e+00 2.12381363e-01 -7.07390189e-01
    1.14945507e+00 -5.79494298e-01 6.46550417e-01 1.36522186e+00
    1.86788177e+00 9.81059551e-01 1.03419352e+00 -1.68577075e-01
    2.39758790e-01 7.15415001e-01 -6.12966001e-01 5.30598998e-01
    1.81909204e-01 -7.86059439e-01 -8.71616960e-01 1.15290225e+00
    -1.12821698e-01 -4.52638030e-01 5.58646560e-01 -6.79052532e-01
    1.78093588e+00 -2.79480517e-01 -2.36801982e-01 -1.25044763e-01
    1.16073072e+00 1.59870553e+00 -7.38927722e-02 1.94406581e+00
    1.84959030e+00 -9.20817077e-01 5.20332575e-01 -8.67584109e-01
    6.29883051e-01 -4.22172070e-01 1.08105206e+00 1.77700698e-01
    -5.11689186e-01 8.19926977e-01 2.10090041e-01 1.77811503e+00
    1.67615628e+00 -7.96062648e-01 -9.25845742e-01 6.00696683e-01
    4.73329246e-01 3.10548007e-01 7.35146224e-01 1.04424417e-01
    -9.32159007e-01 -5.18964529e-01 5.05136549e-01 1.76175988e+00
    2.03046942e+00 5.18361926e-01 -4.35842633e-01 -3.77910972e-01
    -4.78517383e-01 1.92835617e+00 -1.24616563e-01 -2.25498438e-01
    1.01665854e-01 1.26099253e+00 4.67406869e-01 2.67904937e-01
    -1.73726559e-01 1.07733417e+00 1.39861584e+00 1.45704865e+00
    4.54474807e-01 3.28939557e-01 1.24399614e+00 1.90715718e+00
    6.58453941e-01 1.46894991e+00 -7.26834595e-01 1.65534902e+00
    1.21326435e+00 -1.03439856e+00 7.97990441e-01 1.75947905e+00
    -5.94341755e-03 -7.42763758e-01 1.23722792e-01 1.53497076e+00
    -8.21945071e-02 -9.49471593e-02 5.63591123e-02 -6.65462255e-01
    1.03173304e+00 6.88948214e-01 5.41763842e-01 -3.51850808e-01
    -9.95216668e-01 1.28018248e+00 3.30425382e-01 7.34456778e-01
    1.18991899e+00 -4.51630116e-01 1.89766359e+00 -9.82120037e-01
    1.18014050e+00 8.13794136e-02 1.82516575e-01 1.35498106e-01
    1.39153910e+00 1.19512153e+00 -1.50098383e-01 1.50714159e-01
    -4.98899996e-01 1.17364335e+00 -3.25712323e-01 -4.75382447e-01
    -7.91397333e-01 -7.90365458e-01 4.78921533e-02 5.34228563e-01
    -4.01776969e-01 1.77240741e+00 2.96786785e-01 -6.75357342e-01
    1.23963499e+00 1.23992527e+00 -5.39192915e-01 1.87257230e+00
    -4.26737785e-01 -6.71093225e-01 8.82536173e-01 3.71931076e-01
    1.22546673e+00 7.13483810e-01 -7.22541511e-01 -3.47580314e-01
    -7.65258908e-01 9.97224033e-01 -6.52632952e-01 1.59063923e+00
    6.97731912e-01 -5.40996194e-01 -2.84007311e-01 1.23746872e-01
    3.13112140e-01 8.34792256e-02 9.71098483e-01 1.69184065e+00
    8.96442592e-01 -7.27193117e-01 7.02591002e-01 -2.10315943e-01
    1.29298973e+00 1.51570094e+00 -7.73907363e-01 1.86132264e+00
    9.09707725e-01 -4.27007586e-01 6.48299932e-01 4.02625740e-01
    1.42038107e+00 9.26180482e-02 1.78508854e+00 1.85203910e+00
    8.08719575e-01 1.27829814e+00 1.02687573e+00 -2.74110913e-01
    -4.31019783e-01 -1.68565571e-01 -1.73642635e-02 1.38806236e+00
    3.73624325e-01 1.86466444e+00 -6.09909296e-01 -6.59791470e-01
    -9.65541542e-01 1.36945879e+00 4.13508177e-01 1.44332898e+00
    -4.36133742e-02 8.60275269e-01 -4.91064787e-02 -3.24469388e-01
    1.73715210e+00 5.76654851e-01 -9.03569460e-02 2.68374920e-01
    1.01177454e+00 5.09437799e-01 6.02407455e-02 1.28658295e+00
    -3.84093046e-01 1.22853220e-01 -1.90657914e-01 1.07925916e+00
    7.83795774e-01 1.48471308e+00 9.32448089e-01 -1.67170763e-02
    5.77576637e-01 1.36761975e+00 2.10766792e-01 7.11827517e-01
    6.08797073e-01 2.04074979e+00 -7.46194363e-01 -3.62428218e-01
    1.02183282e-01 1.29451704e+00 -2.64926314e-01 6.45177960e-02
    -4.06402260e-01 -5.21590292e-01 -5.26899695e-01 2.11286545e+00
    8.61256242e-01 5.19403815e-01 -5.27901471e-01 1.93156052e+00
    -3.86560798e-01 1.67065668e+00 -1.60104811e-01 -2.65265465e-01
    -3.44038725e-01 7.25726366e-01 -7.31330395e-01 -5.91844797e-01
    -7.27329850e-02 5.21999598e-02 -8.37565243e-01 -5.68186045e-01
    1.26757884e+00 1.58435857e+00 1.09521163e+00 1.54073513e+00
    1.29354596e-02 -1.48726285e-01 -2.50665903e-01 -5.78535557e-01
    9.34791207e-01 1.79985571e+00 1.21788251e+00 -5.34966767e-01
    9.29364324e-01 1.02534294e-02 1.79676306e+00 -5.42555928e-01
    1.71860969e+00 -6.32119179e-03 3.95711541e-01 -6.40429258e-01
    1.35939407e+00 9.99924541e-01 -4.49676335e-01 8.42551351e-01
    -1.06415093e-01 7.15688348e-01 6.79626346e-01 -2.53003836e-01
    -1.04221821e-01 2.56069303e-02 -4.01531041e-01 7.66916037e-01
    1.15410769e+00 2.06117988e-01 4.85979736e-01 -2.31795132e-01
    -2.77393341e-01 7.84435034e-01 1.11163902e+00 7.92587221e-01
    2.00719881e+00 -5.91947854e-01 1.11460924e+00 2.00752735e+00
    7.48512924e-01 9.45431948e-01 1.76855850e+00 -8.96130860e-01
    -6.18048072e-01 -7.61725485e-01 1.77764559e+00 -4.60669369e-01
    -1.50200129e-02 -6.21841550e-01 1.69143414e+00 -1.82924271e-01
    1.39524674e+00 1.11061728e+00 2.51900315e-01 -2.16351032e-01
    2.94984579e-02 1.68456209e+00 6.14088714e-01 1.77093506e+00
    5.94642162e-02 8.61058950e-01 4.17956710e-01 -3.23108196e-01
    3.70754600e-02 8.42229307e-01 -2.29308605e-02 1.32639885e+00
    -8.05483818e-01 -2.40981519e-01 -5.47946513e-01 1.21441579e+00
    2.96783328e-01 7.96878934e-01 -7.35301137e-01 -6.86936617e-01
    1.87481368e+00 -2.26821065e-01 4.87320662e-01 -3.88632983e-01
    1.20979428e-01 1.04032755e+00 6.64496005e-01 8.28948200e-01
    -9.41900015e-02 1.57878506e+00 1.10186279e-01 8.72312844e-01
    -2.96876550e-01 1.59890556e+00 1.47433007e+00 -3.76663446e-01
    8.89372826e-03 -5.04847229e-01 -4.11135882e-01 -6.92353010e-01
    -3.46269608e-02 1.78821933e+00 6.39959455e-01 5.45800447e-01
    1.34283531e+00 1.14129543e+00 1.67787337e+00 1.57384109e+00
    1.35747123e+00 -5.77548802e-01 1.25808895e+00 5.17350078e-01
    9.01361048e-01 -8.94088149e-01 -2.88922608e-01 1.16501355e+00
    9.90905643e-01 8.58248234e-01 -4.56772208e-01 -5.90587854e-01
    1.51169550e+00 1.68246126e+00 5.63992858e-01 1.49012601e+00
    1.56531107e+00 1.06854677e+00 -5.63361049e-02 1.64986408e+00
    1.26902342e+00 1.22187042e+00 1.27376533e+00 1.64459848e+00
    1.54187322e+00 -9.00879383e-01 5.95773578e-01 9.39550936e-01
    -4.87043172e-01 5.85025668e-01 1.49818802e+00 6.83990180e-01
    2.69918740e-01 1.78142357e+00 9.57275927e-01 9.95253921e-01
    -6.38890624e-01 1.73297298e+00 -2.68599510e-01 -4.13483918e-01
    1.46798277e+00 1.47682548e+00 1.21227193e+00 8.26092601e-01
    -4.19014275e-01 1.47623527e+00 1.42690384e+00 5.45518756e-01
    9.41286922e-01 1.66090202e+00 -1.94684446e-01 5.93575835e-02
    1.04615211e+00 -5.67703247e-02 1.64119077e+00 8.24033082e-01
    -5.05346417e-01 1.05499911e+00 2.82697201e-01 -4.48332548e-01
    -8.21998358e-01 -2.47340441e-01 -5.06852627e-01 -5.25923312e-01
    1.05845916e+00 1.11654520e+00 -9.23902273e-01 8.69698286e-01
    3.85943651e-02 1.06339490e+00 7.34353065e-01 1.71818018e+00
    1.37917817e+00 -5.16504645e-02 -5.88136435e-01 3.20676267e-01
    1.48080015e+00 -3.96849513e-01 8.97122622e-02 -7.14949608e-01
    1.55105591e-02 -6.27217650e-01 1.92258263e+00 1.76896286e+00
    1.54145789e+00 6.50235415e-02 1.56133068e+00 -9.45901871e-02
    1.72375631e+00 1.52538180e+00 1.33074927e+00 8.68239164e-01
    1.59211957e+00 -7.26908803e-01 -7.18911290e-01 1.07610440e+00
    1.09513748e+00 1.26580942e+00 1.39185607e+00 -9.51154590e-01
    1.02364647e+00 6.93588257e-01 -8.90061259e-01 -9.57063258e-01
    1.20427406e+00 8.75803113e-01 1.01401210e-01 8.86994600e-02
    -4.10611451e-01 8.23517442e-02 1.12305152e+00 1.38547015e+00
    9.56240296e-01 -5.25706351e-01 5.98965406e-01 1.87551415e+00
    6.65663362e-01 1.25102651e+00 1.30519044e+00 8.31939220e-01
    1.61496687e+00 1.85832334e+00 1.07005048e+00 2.14349699e+00
    1.67555988e-01 -1.02972388e-02 6.23476505e-03 -6.92251027e-01
    -5.83409309e-01 4.40467954e-01 -6.31632090e-01 1.24612761e+00
    -1.38082922e-01 -4.20266330e-01 7.58529365e-01 -6.33146703e-01
    -7.88519979e-01 -7.69123018e-01 9.54927862e-01 -4.69196290e-01
    -2.69245982e-01 1.12146115e+00 4.40468252e-01 4.73805070e-02
    8.99227262e-01 6.62082791e-01 1.35776758e+00 3.43834162e-02
    1.69033515e+00 4.00359511e-01 4.81277227e-01 -1.85110748e-01
    4.62593138e-01 1.38173985e+00 1.72306752e+00 -4.37830329e-01
    4.83671188e-01 9.27281320e-01 -6.73267603e-01 -3.71797919e-01
    9.80673075e-01 -1.03375626e+00 -1.54635906e-02 3.97901535e-02
    1.57434821e-01 7.63482571e-01 4.22893882e-01 1.21177745e+00
    1.76197267e+00 -3.71155918e-01 -1.38044953e-01 1.23249745e+00
    8.52153301e-02 1.38527548e+00 8.66490483e-01 -6.60327315e-01
    3.81045640e-01 -4.58180457e-01 -3.53887260e-01 8.41303527e-01
    -1.35424137e-01 1.76967299e+00 1.94859242e+00 -8.72566879e-01
    -7.10229218e-01 -6.28003001e-01 1.10965586e+00 -6.74732327e-01
    7.09976196e-01 -1.96751714e-01 -3.40269208e-02 2.93724597e-01
    4.58603978e-01 -4.55555618e-01 -2.83376455e-01 1.63053429e+00
    2.90498614e-01 3.33625257e-01 1.40314746e+00 5.52260935e-01
    -6.96824789e-02 1.08919644e+00 -6.39841199e-01 4.69749570e-01
    1.64088643e+00 1.03240144e+00 3.54409814e-02 1.07524943e+00
    3.84285390e-01 7.15223610e-01 5.79766452e-01 -8.12206030e-01
    1.84783280e-01 1.40244365e+00 2.36454964e-01 1.87827337e+00
    4.61396813e-01 6.16320670e-01 8.62848043e-01 -1.91498518e-01
    2.42160797e-01 8.37235093e-01 1.20281172e+00 7.99388945e-01
    1.86442268e+00 3.83833468e-01 -1.82927191e-01 1.89371347e-01
    1.21103883e+00 -1.88570142e-01 -5.53425193e-01 8.44161510e-02
    -2.35174239e-01 2.04255533e+00 -4.95421886e-03 1.32089210e+00
    -4.07248914e-01 2.30435848e-01 -9.36800182e-01 9.77179408e-01
    1.06029248e+00 1.03497171e+00 1.40093863e+00 7.23882198e-01
    -3.12517822e-01 -6.26296878e-01 -2.50467300e-01 -3.82675529e-01
    1.84491551e+00 9.33864176e-01 3.71251464e-01 4.29195762e-01
    1.04243696e+00 6.64625168e-01 1.69362247e+00 9.03463721e-01
    -4.27567363e-01 -5.44023275e-01 3.61415505e-01 1.18031967e+00
    3.33933949e-01 1.81593025e+00 6.30342007e-01 1.20597374e+00
    1.56837547e+00 1.12647772e+00 1.70413709e+00 1.36122763e+00
    7.75378048e-01 1.51198399e+00 3.83648276e-02 -2.55127966e-01
    -1.77076519e-01 -3.73837829e-01 1.48902130e+00 -5.16159058e-01
    -6.21011496e-01 -8.04513931e-01 5.67812622e-01 3.65400851e-01
    -8.38454008e-01 -7.79076695e-01 3.09819460e-01 1.82346010e+00
    6.48912787e-02 1.79542899e+00 1.35981309e+00 -5.76015592e-01
    -3.36542547e-01 -8.97873402e-01 1.79976416e+00 -2.07403302e-01
    1.76511455e+00 2.30662942e-01 -1.91903234e-01 1.19592118e+00
    -2.77369916e-01 1.36999011e+00 -3.67955685e-01 1.43237329e+00
    8.27586770e-01 8.30089092e-01 -6.97866142e-01 1.76024270e+00
    6.78660870e-02 4.05422211e-01 1.17656326e+00 -6.17691875e-02
    1.40837097e+00 7.94076622e-01 -1.20654702e-01 5.80724776e-01
    1.30377996e+00 1.65722764e+00 1.85976970e+00 -1.10590279e-01
    2.05658078e-01 -2.54024684e-01 1.88184428e+00 6.85092092e-01
    8.28989863e-01 1.33417618e+00 2.18944788e-01 1.71686554e+00
    3.67791295e-01 5.64776421e-01 1.68429542e+00 7.06866384e-01
    1.62114632e+00 -5.58172703e-01 -2.90188074e-01 1.27585506e+00
    1.43876100e+00 9.03455198e-01 1.21669888e+00 -6.75805092e-01
    -3.56316864e-01 -3.42063308e-01 7.84953356e-01 1.44069302e+00
    6.14427805e-01 1.07894707e+00 1.02104664e-01 -5.29827714e-01
    4.03410077e-01 9.74341989e-01 6.80323124e-01 1.75178218e+00
    1.45997584e+00 8.54639769e-01 2.61934996e-01 9.07578349e-01
    8.12124133e-01 -9.13419724e-02 1.06067014e+00 1.75805497e+00
    -6.87826276e-02 1.14325261e+00 -7.51485109e-01 4.91344631e-01
    -6.36157751e-01 1.41570151e-01 7.58224964e-01 -3.44119668e-01
    -1.15498245e-01 1.68522906e+00 1.72496974e-01 -4.18769836e-01
    1.65259552e+00 -3.38886738e-01 6.34029746e-01 -2.93014646e-01
    3.20418596e-01 4.95577335e-01 1.45752203e+00 1.93741739e+00
    -7.22754478e-01 1.52838254e+00 1.60972023e+00 9.01966155e-01
    1.91679144e+00 1.05993938e+00 -1.77280158e-01 8.75647187e-01
    1.22682190e+00 7.80279815e-01 -3.04754704e-01 -7.17213571e-01
    -1.26899898e-01 -3.06034833e-01 3.59369755e-01 2.03856587e+00
    3.29085648e-01 1.31397545e-01 1.24427438e+00 -3.10179591e-02
    -2.18444347e-01 9.51752067e-02 2.01380467e+00 -2.74640918e-02
    -8.27316403e-01 1.42576528e+00 6.03222966e-01 1.74337351e+00
    1.39377046e+00 6.48772836e-01 -4.45997119e-01 1.35091305e-01
    6.09975457e-01 1.71330976e+00 -2.30412543e-01 9.71261263e-02
    2.87287116e-01 3.62794697e-01 5.30738831e-01 1.71608043e+00
    1.92926407e+00 9.42259789e-01 -3.25212240e-01 2.17640877e-01
    1.78157187e+00 1.62756538e+00 1.66897225e+00 1.08180380e+00
    3.98609281e-01 8.21924210e-01 6.62976146e-01 9.52573895e-01
    1.01265955e+00 1.71733475e+00 1.87411213e+00 -2.02513933e-01
    -5.30685425e-01 2.07511735e+00 2.79974937e-01 7.24808455e-01
    1.79798532e+00 6.47832036e-01 -8.50028157e-01 1.89074326e+00
    1.25910378e+00 1.55507827e+00 5.05690396e-01 -6.44877553e-02
    1.14453852e+00 1.02916551e+00 4.80342209e-01 1.60959244e+00
    7.04273760e-01 -4.61145937e-01 6.50658131e-01 5.52304804e-01
    1.04016662e-01 1.29142833e+00 7.21660733e-01 2.00663757e+00
    1.60733223e-01 -4.33665544e-01 1.76530361e+00 6.44682050e-02
    -2.03186989e-01 1.25537431e+00 -2.25897014e-01 -7.92463183e-01
    1.39460111e+00 9.82427418e-01 6.36231244e-01 4.78755474e-01
    1.62174082e+00 7.91277945e-01 2.72400022e-01 1.42547369e+00
    7.74148345e-01 1.41975880e+00 7.72271395e-01 -1.02131128e-01
    1.03680849e+00 -6.96773052e-01 1.79232776e-01 1.12724304e-01
    6.75498962e-01 1.26590014e+00 -1.47120774e-01 1.14599860e+00
    3.56115162e-01 1.10723257e-01 -4.00953621e-01 6.05945885e-01
    4.40369487e-01 1.76227641e+00 -7.51518846e-01 1.81906295e+00
    1.66380966e+00 1.02558446e+00 7.31513381e-01 1.85500205e+00
    -3.13906729e-01 8.53518128e-01 1.98765814e-01 8.99389565e-01
    7.94650853e-01 -6.28104866e-01 -3.21012080e-01 9.07031655e-01
    -4.74944711e-02 3.37976277e-01 -6.76686764e-01 1.50414646e+00
    -5.18381536e-01 1.03053105e+00 -5.21829128e-01 5.32022119e-01
    -3.78704488e-01 7.42750049e-01 3.07263136e-02 2.91805744e-01
    -4.78094220e-01 1.45505476e+00 4.93339479e-01 -6.42144084e-02
    -6.15400314e-01 -7.83614755e-01 -8.73412013e-01 1.48106980e+00
    9.60925043e-01 -1.39583051e-01 -7.84799159e-01 -9.20060098e-01
    1.64452446e+00 1.42923212e+00 5.21557987e-01 1.69233179e+00
    2.02969742e+00 1.45997536e+00 -1.62366211e-01 5.25542319e-01
    1.23557830e+00 1.37212706e+00 9.61333394e-01 6.71300292e-01
    3.08993399e-01 -2.59620667e-01 5.22029996e-02 2.99955845e-01
    1.92206550e+00 1.74828506e+00 -9.77627099e-01 1.00430369e+00
    1.95705211e+00 1.03956711e+00 9.51620817e-01 -8.85359943e-01
    -8.43111992e-01 -7.16694593e-01 8.76823664e-01 1.66299045e-01
    1.45554948e+00 1.04164791e+00 -3.34545493e-01 -5.34118295e-01
    -2.06467628e-01 6.20247126e-01 -6.89747572e-01 -9.28271472e-01
    -5.76165795e-01 1.94039595e+00 1.15738332e+00 -2.67001569e-01
    6.68324471e-01 -5.94761014e-01 3.09282005e-01 1.21333838e+00
    9.48281050e-01 1.50775242e+00 2.20913291e-01 1.67080677e+00
    1.51770902e+00 -6.60422683e-01 -2.57620811e-01 -7.72334516e-01
    1.96284139e+00 -6.42021537e-01 -7.33374059e-01 1.58262134e-01
    6.37664199e-02 -5.57555199e-01 -2.12343276e-01 -6.76812291e-01
    -7.10963607e-02 2.02728176e+00 4.91487801e-01 1.74269557e+00
    3.67680788e-01 1.72703624e+00 8.73008370e-02 1.57063532e+00
    1.31612062e-01 -9.77333844e-01 1.96456909e-04 1.82280660e+00
    7.62014747e-01 -5.78441143e-01 1.19805110e+00 1.96813941e-01
    -7.65427887e-01 5.91455340e-01 5.73211730e-01 -8.30262542e-01
    -8.27052236e-01 1.03614688e+00 -1.07065499e-01 7.51083970e-01
    1.23615324e-01 1.39490390e+00 6.50876760e-02 1.35949636e+00
    1.84123158e-01 1.24988389e+00 5.11078358e-01 1.20360875e+00
    2.27242529e-01 -5.33112526e-01 8.51942897e-02 5.33727407e-01
    -7.95743465e-01 7.85655022e-01 7.03956842e-01 -3.21794212e-01
    -5.63118219e-01 -7.80793071e-01 4.04739797e-01 1.63394856e+00
    -4.97048229e-01 -6.32210791e-01 1.98092747e+00 1.58718622e+00
    1.97322917e+00 -1.90349936e-01 1.15668273e+00 3.26320946e-01
    -6.53185010e-01 1.96422577e-01 4.14437056e-01 1.59387207e+00
    -2.36345410e-01 -6.25144660e-01 -2.47344315e-01 1.06303048e+00
    1.06899452e+00 -3.34669828e-01 1.78999591e+00 1.14057744e+00
    8.40439081e-01 1.18393850e+00 -6.36502624e-01 3.35325956e-01
    1.22878242e+00 1.92313170e+00 1.00892663e+00 -5.02035201e-01
    1.80473864e+00 -2.62943149e-01 -7.20269382e-01 -5.64619601e-01
    4.40206826e-01 2.02075338e+00 1.75911522e+00 5.02846241e-02
    1.59659243e+00 3.15151870e-01 4.68709648e-01 -9.97559428e-02
    4.49460745e-03 1.38203478e+00 1.08540106e+00 9.36893106e-01
    7.65177846e-01 5.86896062e-01 -4.71732557e-01 1.30829895e+00
    1.50623345e+00 1.09818041e+00 -3.46542001e-02 -5.04806459e-01
    -9.14799631e-01 1.56964159e+00 2.17771590e-01 -6.19658113e-01
    5.63867569e-01 -2.51176834e-01 1.09687948e+00 9.94419396e-01
    4.87746537e-01 2.08142400e-01 1.22647262e+00 1.10943747e+00
    1.22584975e+00 4.56091642e-01 1.69114351e+00 3.53020251e-01
    1.49007368e+00 3.18674564e-01 7.76969790e-02 1.17846704e+00
    -5.34361959e-01 -1.05544090e-01 1.57721162e+00 1.75707769e+00
    -2.16087759e-01 1.64484608e+00 -1.42396510e-01 1.63758039e-01
    1.86340809e-02 -8.14160526e-01 1.00807381e+00 1.83895326e+00
    -3.88904452e-01 -1.44706130e-01 5.77499270e-02 -5.38309276e-01
    7.67273128e-01 -4.66740131e-02 -4.76782143e-01 5.48860013e-01
    -2.46588171e-01 3.16133499e-01 -5.01706779e-01 -8.69265437e-01
    -3.23072970e-01 -7.61565089e-01 1.61205864e+00 1.63486671e+00
    -2.49252260e-01 -4.12119031e-02 1.67461574e-01 1.71591449e+00
    1.41380298e+00 7.62353659e-01 -4.40085709e-01 1.36695552e+00
    -6.55178428e-01 1.61297488e+00 3.13261330e-01 -6.15627587e-01
    3.58781636e-01 2.12645435e+00 2.00155425e+00 3.55936944e-01
    8.62388611e-02 8.26091170e-01 4.62465465e-01 7.67969787e-01
    1.42065382e+00 5.96103132e-01 -5.61208129e-01 -3.96493852e-01
    9.17071104e-03 6.90660775e-01 7.62942493e-01 2.56482601e-01
    1.51098037e+00 -3.02850068e-01 -1.54585004e-01 -2.29590178e-01
    1.11136317e+00 1.80849695e+00 5.06729603e-01 -2.39524424e-01
    2.40975618e-01 1.54780269e+00 2.59338558e-01 1.19173872e+00
    1.78599036e+00 1.48961091e+00 1.53232980e+00 1.82667327e+00
    1.18831253e+00 6.61888719e-02 2.17470646e-01 5.32073915e-01
    1.08267951e+00 1.54949069e-01 -6.08448684e-01 -3.81083488e-02
    -2.09446490e-01 1.36741340e+00 -7.59409785e-01 5.08496583e-01
    -4.82752025e-01 1.48367333e+00 -7.38853216e-03 -2.28252947e-01
    -1.53675675e-02 1.81897926e+00 1.64924324e-01 9.96869445e-01
    7.06154704e-02 1.31110609e+00 1.09329653e+00 6.20629549e-01
    1.21526384e+00 1.53034949e+00 8.19035351e-01 9.64273572e-01
    -1.41652107e-01 -7.31152594e-01 4.76878345e-01 7.00654089e-01
    -1.55519605e-01 1.70548093e+00 -7.13428855e-01 -4.72863674e-01
    -2.84734070e-01 -5.37143171e-01 1.71755719e+00 1.34536099e+00
    1.89169502e+00 1.71694112e+00 4.64123130e-01 -1.49728179e-01
    -1.95767879e-01 5.40015697e-01 -2.33458817e-01 4.67416584e-01
    1.73874295e+00 3.07177305e-02 2.02327967e-03 -3.20567012e-01
    -1.57733440e-01 8.44369531e-01 1.30661440e+00 1.14476037e+00
    2.05266237e-01 1.46895587e+00 -5.18409729e-01 1.37267792e+00
    5.78283370e-01 3.48971486e-01 -7.98076332e-01 1.99277484e+00
    1.70195508e+00 2.47036695e-01 7.37516701e-01 -2.29782999e-01
    6.62595153e-01 5.80766737e-01 1.80943668e-01 -1.36508942e-01
    -5.63102126e-01 1.06801820e+00 1.26173592e+00 7.44091034e-01
    2.79667318e-01 1.51120579e+00 2.44061530e-01 5.59283972e-01
    6.22622669e-01 7.21822917e-01 8.85857105e-01 7.58511364e-01
    6.27705753e-01 1.29369640e+00 1.87254417e+00 1.58797503e+00
    3.72275114e-02 -8.59036148e-01 -3.38913918e-01 2.76612043e-01
    1.90633619e+00 1.27203488e+00 1.67602265e+00 1.22480416e+00
    8.51861298e-01 -6.28336251e-01 1.74824357e+00 1.02955341e+00
    4.85175848e-03 1.48347938e+00 1.99441171e+00 1.22705448e+00
    7.92680979e-02 1.30285454e+00 -2.59864032e-01 2.00209618e-01
    1.31643248e+00 4.64651346e-01 1.90774560e+00 1.68070972e-01
    -4.74523336e-01 5.14410555e-01 1.47911370e+00 1.49309039e+00
    2.41530442e+00 7.35758364e-01 6.93034589e-01 -4.84568298e-01
    -2.81226486e-01 1.84814811e+00 2.51707613e-01 2.14490712e-01
    1.99517322e+00 2.11785889e+00 -1.12780333e-01 1.82245862e+00
    9.98086572e-01 -3.99560988e-01 -5.50424933e-01 1.66337132e+00
    6.24488592e-01 7.62559175e-01 -7.20560551e-01 1.92290545e-01
    3.43844175e-01 1.70620501e-01 1.85498929e+00 1.85435915e+00
    1.15843630e+00 7.89301813e-01 1.91595078e+00 5.02148628e-01
    1.51535964e+00 -7.70439446e-01 3.80988121e-02 1.50161660e+00
    -4.90894914e-02 -8.60899687e-03 3.09296966e-01 -5.42766690e-01
    1.42809606e+00 1.94836259e+00 -4.37979728e-01 -7.74360299e-02
    1.28271532e+00 1.55280566e+00 2.53916204e-01 7.87531972e-01
    4.27617371e-01 8.42257559e-01 5.45451462e-01 2.28024960e-01
    4.51839566e-01 1.77233732e+00 4.02976215e-01 -2.90289819e-01
    1.05979538e+00 6.53513968e-01 -5.82247972e-01 3.25434804e-02
    1.79191864e+00 5.49701691e-01 -5.51548123e-01 -7.30493665e-01
    -5.36789060e-01 1.77359092e+00 2.02923870e+00 3.34564507e-01
    6.47727311e-01 1.61736906e-01 1.14695394e+00 6.30850136e-01
    2.96536982e-01 5.51809430e-01 1.52495527e+00 -9.01197195e-02
    9.93784726e-01 1.30473280e+00 -2.54734159e-01 4.72793698e-01
    -1.56867862e-01 -4.00866270e-02 1.92353272e+00 -3.05601478e-01
    4.36150312e-01 6.68811917e-01 1.29818881e+00 4.19408977e-01
    1.63809752e+00 -5.86884022e-02 -4.09072638e-02 3.78098607e-01
    2.13660312e+00 -5.76370955e-02 1.63723469e-01 3.57627332e-01
    1.51723838e+00 1.18577981e+00 1.18578863e+00 -6.25850558e-01
    6.12050414e-01 2.07136202e+00 -5.63879251e-01 1.18414044e+00
    1.53711534e+00 1.74411321e+00 4.54776287e-01 1.60849428e+00
    1.20893240e+00 -5.20128250e-01 1.75605941e+00 -1.96524143e-01
    -4.08197105e-01 1.97951937e+00 -3.49182487e-02 -2.07431376e-01
    -4.23005253e-01 1.53064191e-01 -3.06162536e-01 1.27755761e-01
    2.07570410e+00 -4.05860335e-01 1.74236679e+00 -8.07053447e-02
    1.31164014e+00 1.11611009e-01 1.48239732e-02 -4.36944962e-01
    1.83652616e+00 -4.22948599e-02 9.64953005e-01 1.41252017e+00
    6.59226775e-01 1.60855460e+00 1.07591963e+00 1.44496977e+00
    1.80621386e-01 8.32856894e-02 8.53061438e-01 2.26203918e-01
    1.81952167e+00 3.29552829e-01 4.00846720e-01 -6.16220832e-02
    4.57598805e-01 1.97157907e+00 4.39392149e-01 4.51105297e-01
    1.52465391e+00 1.58990085e+00 8.11326444e-01 1.81347394e+00
    1.58156109e+00 5.99300265e-01 -3.91438872e-01 -4.96290624e-01
    9.28943753e-02 -5.73588371e-01 -1.41747236e-01 1.41667628e+00
    -3.42250824e-01 1.22475433e+00 6.19723141e-01 5.29269636e-01
    1.65273249e-01 1.60053718e+00 2.37283885e-01 -3.09201062e-01
    8.37964296e-01 5.07452428e-01 1.33048272e+00 1.22821867e+00
    1.09650970e-01 -3.74757171e-01 1.42307818e-01 1.24007225e+00
    1.09071589e+00 9.01928186e-01 8.32633018e-01 2.03397465e+00
    1.72722340e+00 1.16894484e+00 -7.31328726e-01 5.42375028e-01
    1.26607013e+00 6.09137416e-02 1.27762139e+00 1.62062025e+00
    7.56707549e-01 5.40169716e-01 -7.78249800e-01 4.29138541e-02
    1.94292498e+00 1.13330567e+00 1.50748396e+00 7.21319914e-02
    2.06666410e-01 9.07728374e-01 6.59622133e-01 -4.56606209e-01
    1.18423641e+00 7.21498430e-01 1.90501165e+00 1.00669169e+00
    5.64726472e-01 1.88777351e+00 1.52927637e-03 5.06793916e-01
    -6.67076588e-01 -5.25068402e-01 -1.15154028e-01 1.80709696e+00
    -6.21339083e-02 -3.53667438e-01 1.80941689e+00 -6.12240791e-01
    -2.59298086e-02 -6.96022809e-01 -5.01244307e-01 -3.71918261e-01
    -8.40757489e-02 1.86680102e+00 1.18273592e+00 3.73821855e-02
    -1.01583183e-01 -7.33042777e-01 -8.02131116e-01 9.12100852e-01
    1.76421046e-01 -4.32968706e-01 5.74319482e-01 1.79073477e+00
    1.58873963e+00 1.94891775e+00 2.86246359e-01 5.86779118e-01
    -5.82044244e-01 -5.94940901e-01 5.32100141e-01 7.64622092e-01
    2.07143903e+00 1.00543487e+00 1.16029680e-01 2.02548766e+00
    1.70475745e+00 2.70669401e-01 -6.71784818e-01 1.80422986e+00
    2.94849515e-01 8.38681459e-01 4.73567247e-01 -5.61639905e-01
    1.85665452e+00 2.08634806e+00 1.40032828e-01 1.52125812e+00
    4.36755598e-01 -3.16379309e-01 -1.97807640e-01 8.07746530e-01
    1.09547305e+00 1.14821100e+00 1.72152829e+00 1.48788118e+00
    -3.89253318e-01 -3.97438467e-01 1.72841740e+00 1.03003025e-01
    -6.15529895e-01 2.12215829e+00 -2.75517821e-01 -4.80958015e-01
    7.69958913e-01 2.06833649e+00 2.03437257e+00 3.35469186e-01
    1.00255203e+00 8.29829872e-01 8.23895812e-01 1.53034759e+00
    1.19123578e+00 1.57255101e+00 1.24820209e+00 -8.72924328e-02
    1.66640413e+00 1.20458174e+00 -1.78982139e-01 8.06224465e-01
    -2.12447494e-01 1.98638558e-01 2.12270737e+00 5.17066658e-01
    1.56670690e+00 -3.98121595e-01 1.00508833e+00 1.81149089e+00
    -5.10553539e-01 -1.44414008e-01 8.98517787e-01 1.02272618e+00
    1.65782166e+00 2.55831897e-01 1.71434975e+00 1.59691000e+00
    1.46235013e+00 2.79310107e-01 7.39666283e-01 1.24221253e+00
    -2.56913185e-01 1.99481463e+00 -1.53743029e-02 2.19500685e+00
    1.34998381e-01 1.32328892e+00 4.94346678e-01 6.71192408e-02
    -1.70675635e-01 1.21345556e+00 -5.06396651e-01 1.09964848e+00
    -2.59711742e-02 -2.73749918e-01 9.33651865e-01 -6.62670434e-01
    5.47440886e-01 9.30961072e-01 3.81018817e-01 1.60846281e+00
    -6.32628083e-01 6.60144627e-01 2.04897165e-01 7.51202285e-01
    9.37226653e-01 -5.93640089e-01 1.77633369e+00 1.81053042e+00
    -6.10236466e-01 1.92820597e+00 -1.85717225e-01 1.90853381e+00
    2.08339262e+00 2.05645323e+00 6.25711679e-02 6.67239904e-01
    4.32317734e-01 2.15487480e+00 8.16751182e-01 -1.43001676e-01
    1.04680395e+00 2.22934985e+00 1.89384687e+00 2.10631132e+00
    1.61851048e+00 2.70971775e-01 1.36994219e+00 1.05056667e+00
    8.70335460e-01 8.91838789e-01 8.14724147e-01 1.99060440e+00
    1.26719093e+00 9.45488989e-01 1.20983624e+00 4.53683138e-01
    -2.03155458e-01 -2.99668640e-01 8.73882353e-01 2.17006183e+00
    9.72435832e-01 5.20028234e-01 1.07590449e+00 1.14379716e+00
    5.63018799e-01 -7.10753798e-02 1.95966744e+00 9.64362383e-01
    1.18915033e+00 -3.35582137e-01 -3.24126363e-01 1.35357642e+00
    8.76809120e-01 1.30790210e+00 4.47333455e-01 1.97168779e+00
    -2.09875643e-01 7.09146261e-01 1.10515809e+00 2.58493602e-01
    -6.63171589e-01 2.10858583e-02 -5.42095363e-01 7.42302179e-01
    4.37296510e-01 1.44234645e+00 1.80589497e+00 2.11812496e+00
    3.98351133e-01 5.73179841e-01 -4.27287668e-01 -5.19177496e-01
    2.12121463e+00 1.95164442e-01 2.44759977e-01 1.66238964e-01
    4.21889603e-01 2.16746628e-01 2.26666069e+00 1.71326375e+00
    -6.37996852e-01 1.07632279e+00 1.99153364e-01 2.26048779e+00
    1.26811385e-01 2.59461522e-01 5.63162565e-03 7.81749070e-01
    7.28926957e-01 1.98033142e+00 1.47937894e-01 1.59002769e+00
    1.29935265e+00 1.21206570e+00 -4.54744428e-01 2.08642483e+00
    1.56929469e+00 3.41418982e-01 -7.42824197e-01 1.82524097e+00
    1.83740270e+00 1.90943384e+00 1.99892461e-01 1.76169753e+00
    1.47776055e+00 2.02181864e+00 3.69446933e-01 2.63455749e-01
    -5.91453731e-01 9.26523983e-01 1.44722342e-01 1.72886086e+00
    -9.38722491e-02 6.13359749e-01 7.87875175e-01 1.81092417e+00
    2.04221344e+00 1.22743797e+00 -2.03149915e-01 7.48010397e-01
    1.03479373e+00 7.11077750e-01 1.14942765e+00 1.06583285e+00
    1.35382605e+00 5.07971466e-01 1.72877002e+00 -3.96346748e-01
    1.28622723e+00 7.59974837e-01 -7.31956959e-01 1.32144606e+00
    1.60823154e+00 1.72611189e+00 1.97010648e+00 2.17418075e-01
    1.93270802e-01 6.05638683e-01 -4.41893876e-01 6.09820843e-01
    3.62708449e-01 2.19255495e+00 1.51240230e+00 3.30576003e-01
    5.03914595e-01 6.13217354e-01 1.45469427e+00 1.86520207e+00
    -2.05496192e-01 2.15278864e-02 7.17510104e-01 1.94571924e+00
    3.97033513e-01 1.09955239e+00 1.97931671e+00 9.04078245e-01
    1.89611959e+00 2.02994919e+00 -2.97078609e-01 1.36219287e+00
    8.15676451e-02 -5.85260510e-01 1.72122741e+00 1.13349628e+00
    9.41759944e-02 3.00306678e-01 1.91813564e+00 -2.81836390e-02
    -2.55922675e-02 -2.71030664e-02 -1.97000146e-01 1.35929799e+00
    8.47316384e-01 1.61097169e+00 -4.39670891e-01 1.60129833e+00
    2.05773807e+00 7.13575840e-01 -4.60724890e-01 5.86312950e-01
    1.45784783e+00 -6.27210736e-01 1.78670764e+00 3.82338226e-01
    -5.29822052e-01 5.87696671e-01 2.11124957e-01 -1.99292973e-01
    2.12216496e+00 8.70442271e-01 2.19184923e+00 2.03516316e+00
    -2.62148350e-01 1.94840896e+00 2.19770193e+00 4.03576553e-01
    1.85918665e+00 1.75558197e+00 1.06812620e+00 1.01862884e+00
    2.11579680e+00 -4.78866279e-01 -2.23331451e-01 9.07203317e-01
    4.59395528e-01 -4.97589946e-01 2.14676857e-01 6.02390409e-01
    9.14501190e-01 8.14285398e-01 1.61365950e+00 2.00482869e+00
    -5.75142026e-01 7.10913956e-01 1.98566699e+00 1.26509333e+00
    -2.27220893e-01 5.49222231e-01 4.91317928e-01 1.88087106e+00
    -1.59003854e-01 -4.40720081e-01 2.11253357e+00 1.85779357e+00
    3.62351418e-01 1.14543033e+00 2.04415655e+00 1.46423268e+00
    -5.53622186e-01 1.34874582e+00 2.73135900e-02 7.00826585e-01
    1.46810627e+00 5.10846615e-01 1.59744561e-01 1.11372209e+00
    7.05473721e-01 1.25909650e+00 5.66259265e-01 1.55088460e+00
    8.97642434e-01 2.03833246e+00 6.28160954e-01 -5.78613877e-02
    -3.81485522e-01 4.43710804e-01 2.26933861e+00 1.11353254e+00
    2.16067505e+00 1.22444987e+00 2.13314581e+00 -1.05364710e-01
    -5.05076945e-01 1.55977440e+00 4.76292431e-01 7.85957098e-01
    -4.75709945e-01 1.86844659e+00 7.96081424e-02 2.05440664e+00
    1.39063621e+00 1.84780598e-01 -2.12315887e-01 1.76894808e+00
    -2.73818910e-01 1.94139504e+00 8.41253340e-01 2.03695536e+00
    1.37467241e+00 2.10193825e+00 1.14785373e+00 5.49204111e-01
    6.94901228e-01 2.54506886e-01 2.83818245e-02 4.24260795e-01
    5.72455585e-01 1.66432929e+00 1.15251732e+00 -5.94669342e-01
    1.28103185e+00 2.12393069e+00 -1.30968451e-01 1.30227947e+00
    -1.24925166e-01 1.47845650e+00 2.21568561e+00 7.91653812e-01
    -5.31259060e-01 5.00401020e-01 -3.10784429e-01 9.46738601e-01
    -4.59411502e-01 1.33530807e+00 7.18262494e-01 2.35762787e+00
    6.57807231e-01 -3.33053350e-01 -2.65282333e-01 -2.79066473e-01
    -2.88972557e-01 5.91824651e-01 -5.63539267e-02 9.35265660e-01
    -3.25071514e-01 9.80153143e-01 1.28727496e+00 -2.05671489e-02
    2.15453506e+00 1.26450539e+00 -3.01883519e-02 -1.13831013e-01
    1.04100347e+00 1.40152407e+00 1.37099719e+00 2.41894507e+00
    1.88356042e-02 -9.48166847e-02 2.29929996e+00 -3.65588516e-01
    -3.21530581e-01 4.15226638e-01 1.16663754e-01 2.13999724e+00
    6.02280259e-01 5.49488068e-02 1.30987132e+00 1.47898531e+00
    1.49973536e+00 1.90426946e-01 7.35236526e-01 1.37708843e-01
    2.19374037e+00 -3.08607012e-01 -2.88919389e-01 3.27706754e-01
    1.09899211e+00 1.28195822e+00 2.67834067e-02 1.36938798e+00
    1.50419128e+00 4.64519858e-02 1.40228152e+00 2.97227532e-01
    -4.09182340e-01 -1.15891844e-01 2.02506113e+00 9.46226776e-01
    1.86943984e+00 9.22262669e-01 1.03317380e+00 1.93953109e+00
    2.92147517e-01 1.21661687e+00 1.37934780e+00 8.57803285e-01
    3.47518921e-03 -8.40879679e-02 -4.48494077e-01 1.96227252e+00
    2.12727690e+00 1.64229274e+00 1.57078087e-01 -1.31217778e-01
    1.77312994e+00 -1.56694591e-01 1.20018888e+00 8.45669985e-01
    6.69281840e-01 7.19206691e-01 1.92095447e+00 1.79899406e+00
    1.20710111e+00 2.25496721e+00 4.28607762e-01 1.95912671e+00
    -3.98287714e-01 2.15890503e+00 8.10795665e-01 1.87278891e+00
    1.97040439e+00 -5.66422462e-01 1.50299287e+00 6.89993322e-01
    2.19412756e+00 1.56685996e+00 1.39998651e+00 1.35615158e+00
    -1.27759576e-02 6.79594874e-01 1.35248876e+00 1.47394681e+00
    2.17975521e+00 1.00529242e+00 9.01417255e-01 9.77937400e-01
    2.40643215e+00 2.29965746e-01 9.71605182e-01 7.36312807e-01
    1.80443311e+00 6.12587988e-01 2.69821286e-02 1.73129630e+00
    1.22867203e+00 2.14678240e+00 1.88957667e+00 -3.82172436e-01
    -1.21075660e-01 5.07883668e-01 4.17950153e-01 9.09564018e-01
    2.21444607e+00 1.20214105e+00 -5.91925204e-01 9.90463853e-01
    9.94067430e-01 1.19558573e-02 2.17903948e+00 1.56554461e+00
    2.16774774e+00 1.24355531e+00 -5.07792771e-01 -1.01386368e-01
    -3.62472951e-01 7.98002064e-01 1.20395303e+00 8.12184572e-01
    2.19720006e+00 2.08688235e+00 1.93180442e+00 -6.25911176e-01
    3.85171890e-01 1.20111239e+00 1.93636250e+00 2.34860229e+00
    1.00636446e+00 -5.00209033e-01 2.12165451e+00 1.84084749e+00
    5.45442104e-01 1.01188135e+00 2.31515026e+00 1.31902385e+00</data></my_img>
<your_img type_id="opencv-matrix">
  <rows>128</rows>
  <cols>256</cols>
  <dt>f</dt>
  <data>
    4.49520260e-01 2.16605514e-01 -3.83103490e-02 2.80577302e-01
    3.69749665e-02 1.46701336e-02 -4.22268629e-01 -5.04613519e-02
    1.93115771e-01 8.87145996e-02 2.10549831e-01 -1.58528090e-01
    8.82206559e-02 -1.60775363e-01 3.33941579e-01 -1.79952890e-01
    2.51330495e-01 3.08192790e-01 4.59279537e-01 -4.84109551e-01
    -4.03323054e-01 3.49273503e-01 4.43770528e-01 4.38695908e-01
    -3.55768412e-01 -3.11588228e-01 -2.14957684e-01 4.01011109e-02
    3.82159650e-01 -2.27793157e-01 -2.06457078e-01 -4.85563070e-01
    1.61831498e-01 4.77347970e-02 1.24234259e-01 -5.19776106e-01
    8.71123075e-02 1.36810541e-03 -5.39554477e-01 2.35478461e-01
    1.05932355e-02 4.47566450e-01 -1.81896329e-01 2.32945025e-01
    5.47535419e-02 -1.60712898e-01 -2.64131904e-01 2.27532208e-01
    -5.40614069e-01 2.36475050e-01 5.49019575e-02 1.12294197e-01
    -2.67239451e-01 -3.97383541e-01 1.92385912e-03 2.65848279e-01
    -2.75815517e-01 3.54871750e-02 3.09069812e-01 3.40445936e-01
    2.60074794e-01 -4.54174042e-01 2.73778379e-01 -3.53000343e-01
    -4.96006787e-01 3.32452476e-01 1.20883107e-01 3.68593752e-01
    -9.43477154e-02 -4.00485426e-01 -5.25557518e-01 -3.08584988e-01
    4.44164276e-02 -1.15381688e-01 7.00128675e-02 -3.48621130e-01
    -2.72030890e-01 -5.98816216e-01 3.55585873e-01 2.98313022e-01
    1.44945920e-01 -2.97876716e-01 1.43018842e-01 6.93678856e-04
    -1.92256480e-01 -3.56934667e-02 9.67603922e-03 -6.06702209e-01
    -4.71636057e-02 -2.95862913e-01 -1.58819616e-01 -3.88551533e-01
    1.91293359e-01 -6.80671632e-02 1.02904558e-01 -4.55430657e-01
    -1.31620347e-01 2.05529779e-01 -1.78348690e-01 -3.77553791e-01
    -1.30496293e-01 3.87169957e-01 -2.32965231e-01 -3.88659298e-01
    1.13958597e-01 2.63829410e-01 -5.55630386e-01 -3.56486022e-01
    2.76520491e-01 1.08808815e-01 2.70443678e-01 -1.76525116e-03
    -4.94715661e-01 -2.47941613e-02 -9.50170755e-02 -3.31642628e-02
    -4.23195422e-01 -4.16337550e-01 -2.85022855e-01 1.26621664e-01
    7.65998363e-02 -2.63359427e-01 -5.95353961e-01 -1.65426612e-01
    2.31664538e-01 -5.68602085e-02 -1.03740096e-01 -2.09988445e-01
    -4.38185066e-01 -2.15371847e-02 -2.78917938e-01 -4.81059462e-01
    -4.31104273e-01 -1.62426710e-01 -4.04720098e-01 -3.74433130e-01
    -2.22854495e-01 -3.38169754e-01 -4.71825033e-01 1.36385500e-01
    -2.88806438e-01 3.39413941e-01 3.67818952e-01 1.46742284e-01
    -3.36523652e-02 -7.04185963e-02 -3.97763550e-01 4.07249629e-02
    -4.34185654e-01 1.73188776e-01 -1.83872551e-01 -1.58837676e-01
    9.28521156e-02 -1.91492438e-02 -1.77269429e-01 3.56170297e-01
    -5.41443229e-01 3.49812806e-01 3.37507129e-01 -5.31806946e-01
    -2.96527892e-01 3.76070142e-01 1.05050862e-01 1.10861659e-01
    -1.47070795e-01 -4.62633371e-02 -1.96801096e-01 -2.43829042e-01
    -4.13944423e-02 3.52688134e-01 -2.42566228e-01 3.84887099e-01
    -3.79880965e-02 1.14879042e-01 -4.10680145e-01 7.36289024e-02
    -3.44227940e-01 -6.09683096e-02 -4.60302532e-01 3.33804071e-01
    3.15795660e-01 3.79063964e-01 -5.81972599e-01 1.80943072e-01
    -2.85498708e-01 -3.37237716e-02 3.46682489e-01 -1.47404343e-01
    -3.18527460e-01 -2.17405558e-01 -4.43463653e-01 1.22872353e-01
    2.25197375e-01 -1.98308855e-01 -4.81654733e-01 -4.38951254e-02
    3.97278190e-01 -2.87398100e-01 -3.76602769e-01 1.94356561e-01
    7.65282512e-02 3.10418189e-01 -1.31291866e-01 3.58808577e-01
    1.67758584e-01 -9.47267413e-02 3.88589859e-01 -2.86823243e-01
    3.93556833e-01 -5.92776179e-01 -2.00313151e-01 1.08725250e-01
    -4.68271643e-01 2.57446170e-01 2.25086272e-01 -3.56107533e-01
    -4.07830656e-01 2.99822271e-01 -6.25682354e-01 -6.59328699e-03
    8.02791715e-02 1.46659553e-01 -1.68181360e-01 1.42739892e-01
    1.56711161e-01 -2.10544407e-01 -4.35280710e-01 -1.86580390e-01
    -1.98267877e-01 -3.91055822e-01 -2.50614703e-01 -3.82486343e-01
    -3.50740552e-02 5.30884266e-02 -4.34704721e-01 3.74021947e-01
    3.32043886e-01 4.35609221e-02 -2.91511297e-01 -1.44614846e-01
    -2.17300415e-01 -4.97770667e-01 3.72213781e-01 3.07712257e-01
    -3.64103407e-01 -4.35015827e-01 4.47802901e-01 1.50621295e-01
    1.05971754e-01 -1.41806751e-01 8.44878554e-02 -3.83235544e-01
    3.80004406e-01 -2.56953180e-01 -1.79312676e-01 -2.91926682e-01
    4.77590531e-01 -9.43980515e-02 1.82008326e-01 5.38541079e-02
    -4.65404838e-01 -6.22090161e-01 1.94444120e-01 1.04650497e-01
    -4.38807964e-01 2.94505954e-02 -2.49692023e-01 -2.88211763e-01
    -1.30210519e-02 -4.69688952e-01 -6.76275969e-01 1.34417355e-01
    -6.28040910e-01 2.74528265e-01 -5.03803372e-01 -5.72489619e-01
    -4.33948755e-01 -6.11958265e-01 -6.36948347e-01 -1.32404983e-01
    -3.56351733e-02 2.15000331e-01 -6.71331644e-01 2.24431098e-01
    -1.69400871e-01 -5.78306794e-01 2.78508186e-01 1.20574296e-01
    -1.72600389e-01 -6.51192069e-02 1.39203548e-01 1.95781171e-01
    1.54017627e-01 1.58673525e-03 -5.49723148e-01 -6.33669734e-01
    -4.46572334e-01 -3.33803833e-01 -6.62573576e-01 -4.10486639e-01
    -6.09381139e-01 1.94270611e-01 -3.89412642e-02 -3.86055529e-01
    -3.27672422e-01 1.47642314e-01 -5.65540910e-01 -5.24041057e-02
    -1.61156237e-01 -6.03843927e-02 -5.01002133e-01 -3.07760239e-02
    8.62269998e-02 -6.63975894e-01 -6.08568728e-01 -2.60469288e-01
    -3.90108764e-01 -5.98853111e-01 7.34445453e-02 1.70512795e-01
    -4.38201755e-01 -6.41510248e-01 -3.32838327e-01 3.85725498e-03
    1.47643030e-01 -1.03167355e-01 1.96319282e-01 2.15057731e-02
    -5.13566136e-02 2.60649920e-02 -6.06533766e-01 -4.84956115e-01
    1.90489531e-01 -7.41033316e-01 1.66004062e-01 -5.40320396e-01
    -6.36958241e-01 -5.13566613e-01 8.30708146e-02 -6.55595779e-01
    -3.91787618e-01 -1.19053721e-01 -7.84150958e-02 -6.03500605e-02
    2.77134180e-02 -8.05730224e-02 -5.70128262e-01 -4.21264768e-02
    5.06129265e-02 4.43333387e-02 4.82795238e-02 1.32756829e-01
    -3.71056706e-01 -5.06320119e-01 -1.62835181e-01 -2.26995051e-01
    -4.66315478e-01 1.09354734e-01 1.22613311e-02 2.75115967e-02
    -7.05622315e-01 -9.60019231e-02 -2.31005460e-01 -4.62256014e-01
    -1.87241495e-01 -4.90624994e-01 -7.10933805e-02 1.74157262e-01
    -3.64276826e-01 -5.69675565e-01 -4.61776614e-01 -6.16046190e-01
    -2.94236720e-01 -1.54507160e-03 -6.12331271e-01 -1.38777614e-01
    -4.84845877e-01 -4.32027757e-01 1.46385193e-01 1.83333218e-01
    -6.31140828e-01 -5.80254674e-01 1.65946364e-01 4.62479591e-02
    1.47828102e-01 -3.84707212e-01 -3.38896811e-01 2.77819037e-01
    -3.01912814e-01 -1.42558932e-01 2.63357222e-01 -6.67036891e-01
    1.79440379e-01 1.70801938e-01 -7.54659772e-02 -3.46494108e-01
    -9.83619094e-02 1.80597603e-01 8.80098939e-02 -6.83877945e-01
    -6.34802580e-01 -2.63232410e-01 -5.52916288e-01 3.16355407e-01
    -1.26730561e-01 -4.81665671e-01 -3.62657785e-01 -5.52689433e-01
    -4.38409209e-01 -7.13330507e-03 -1.33224368e-01 7.33482838e-03
    -6.00977838e-01 -5.23085713e-01 -2.30922878e-01 7.16954470e-03
    -1.29059851e-01 -4.80209410e-01 -1.67967439e-01 -2.13153899e-01
    -6.74906671e-01 -3.83087963e-01 1.83510482e-01 -2.99123585e-01
    -4.10605073e-01 -4.11358953e-01 -5.83708167e-01 -7.37240911e-02
    -4.02469009e-01 1.79838896e-01 -3.55554044e-01 -2.92968750e-02
    -3.53278041e-01 2.90708542e-02 -3.82472396e-01 -1.95373774e-01
    -5.73999643e-01 -3.42324197e-01 -6.99863553e-01 1.73694253e-01
    -4.33119416e-01 -3.99118334e-01 1.66583061e-01 2.37707138e-01
    -2.16590822e-01 -2.53890753e-02 -4.45470870e-01 -5.96536994e-02
    1.47932172e-02 -6.68388963e-01 1.11862719e-01 1.91162944e-01
    -5.20485878e-01 -7.41379261e-02 -1.48778200e-01 -6.82474434e-01
    -3.72103870e-01 1.22542858e-01 -4.80107665e-01 -3.03929329e-01
    -4.96434927e-01 -7.93281198e-02 -5.34024239e-01 -3.72551501e-01
    -7.38066375e-01 -3.00151587e-01 1.99162722e-01 -4.26715314e-01
    -3.36532205e-01 -1.68455243e-01 -8.90228748e-02 -8.74398947e-02
    -6.03603840e-01 8.72716904e-02 -3.81073177e-01 6.93218708e-02
    8.61610770e-02 6.78298473e-02 -2.57167459e-01 -1.37811899e-02
    -2.05739319e-01 -1.43976986e-01 -1.97422385e-01 -2.80730724e-02
    -6.02030635e-01 -2.48115957e-01 1.58047616e-01 5.71696162e-02
    1.87431216e-01 -4.70559359e-01 -5.49095869e-01 -2.35239327e-01
    -4.46526051e-01 -3.38554561e-01 -3.34202558e-01 -4.32877511e-01
    -1.55107439e-01 -6.78071499e-01 2.47585654e-01 -6.39048219e-01
    -4.55513746e-01 2.39192247e-01 2.44319558e-01 -6.58454776e-01
    2.08436012e-01 2.59988308e-02 -4.49114710e-01 2.94828296e-01
    -3.05520117e-01 -5.78532219e-02 1.58496320e-01 2.74841100e-01
    2.48479843e-03 -1.06572628e-01 1.56854689e-01 -7.63464928e-01
    -8.16401005e-01 -4.11391497e-01 -5.65490603e-01 4.33691740e-02
    -9.92906690e-02 -4.66458499e-01 -6.12566650e-01 -4.95116442e-01
    -1.70161366e-01 -6.49226725e-01 -6.93495274e-01 -2.94123352e-01
    -5.19361913e-01 -7.37745047e-01 2.07542181e-02 -3.44655305e-01
    -1.07622147e-03 -7.41320848e-01 9.64453220e-02 -7.68947959e-01
    -5.30765533e-01 -5.00851750e-01 -3.69574428e-02 -5.58724046e-01
    -7.68813789e-01 -7.03642547e-01 -2.39871323e-01 -6.45246625e-01
    -3.55916470e-01 -1.53788090e-01 -3.17162871e-02 -1.14166856e-01
    1.36589110e-01 -8.09597075e-01 -2.23365843e-01 -2.48571038e-01
    -5.31074941e-01 -7.78808892e-01 -3.57577085e-01 1.45090818e-02
    -1.29774809e-01 -5.60093880e-01 -5.61084807e-01 -7.03265667e-01
    -2.12912679e-01 -1.66961133e-01 -3.58211756e-01 -5.55654645e-01
    -7.01426625e-01 -4.59266543e-01 -3.40157747e-02 -3.03929329e-01
    -7.20535517e-02 -4.24318850e-01 -6.56370580e-01 -3.72362226e-01
    -5.31210184e-01 1.70986533e-01 -5.79892635e-01 -6.03141546e-01
    -7.66153991e-01 1.29889429e-01 -4.06305224e-01 -3.76041114e-01
    -5.87954879e-01 -3.58483285e-01 -4.75191683e-01 -4.92239535e-01
    -2.27519393e-01 -3.28342974e-01 -4.84083831e-01 -1.76074386e-01
    -1.34593248e-02 3.70271206e-02 -7.00526476e-01 -4.36476439e-01
    -7.30145812e-01 4.36469913e-02 -2.29016602e-01 7.48861432e-02
    -7.46808171e-01 -2.32481360e-01 -3.59432697e-02 -2.74984717e-01
    -2.02289581e-01 -4.53147024e-01 -6.87171817e-01 -2.56530285e-01
    -6.51983380e-01 -3.28204930e-01 -2.05073476e-01 -4.19121414e-01
    -8.65308642e-02 -5.33911943e-01 -1.68645829e-01 -4.36585814e-01
    -1.20911777e-01 -4.64352608e-01 -3.02627802e-01 -2.24598765e-01
    1.67643726e-01 -2.00585783e-01 -5.98422468e-01 -6.55845046e-01
    -9.86568928e-02 -1.30160034e-01 -9.99861956e-03 -2.73529291e-02
    -9.35918570e-01 -3.70988071e-01 -1.18606985e-01 -7.67168880e-01
    6.07063174e-02 -7.72789717e-02 5.40968776e-02 -1.70641541e-01
    -1.25259221e-01 -4.99958217e-01 8.96609426e-02 -4.06556666e-01
    -8.87076735e-01 -8.13648403e-01 -2.97939003e-01 -8.74983668e-02
    -1.84119105e-01 -8.11817586e-01 -7.12481141e-02 -6.14115238e-01
    -2.58445382e-01 7.42285252e-02 -3.38804126e-01 -8.65536928e-02
    -3.74118447e-01 -4.99136090e-01 3.28108668e-02 -6.16381288e-01
    -3.85620236e-01 -5.08790612e-02 -5.87827563e-02 -1.79667294e-01
    -7.30817080e-01 -5.09627759e-01 1.20848596e-01 -5.64109564e-01
    -3.51865053e-01 -1.78128719e-01 -1.19040608e-01 6.79272413e-02
    1.47159874e-01 -6.39595807e-01 -7.73592234e-01 -1.11360788e-01
    -2.02093184e-01 -1.95323706e-01 -1.25419080e-01 -5.42468369e-01
    -6.38531446e-01 3.19145322e-02 -5.73262453e-01 -6.87697768e-01
    -3.85275722e-01 -4.64130044e-01 -6.78804219e-01 -1.19010925e-01
    -4.22557205e-01 -6.76368594e-01 -4.80231881e-01 -5.10816157e-01
    -1.12461090e-01 -3.82571727e-01 -6.41899705e-01 2.20603943e-02
    -2.68185228e-01 -4.07040179e-01 -1.77371442e-01 -3.63252163e-01
    -1.70792639e-01 -4.47139382e-01 -6.05943799e-02 -4.07228112e-01
    -4.01006162e-01 1.27803802e-01 6.53660297e-03 -1.62149310e-01
    -5.23500502e-01 -5.15546679e-01 -1.05466306e-01 1.32587135e-01
    -7.26544559e-01 -7.61996627e-01 -1.86227083e-01 -7.03251958e-02
    -5.15833199e-01 -4.34861600e-01 -1.55402660e-01 -1.17659986e-01
    -2.06196129e-01 7.68494606e-03 -4.51472104e-01 -1.56613350e-01
    -5.32495856e-01 -6.26956880e-01 -6.26409769e-01 -4.02054995e-01
    -3.61829996e-02 -2.70943105e-01 -7.65043616e-01 6.03122711e-02
    -4.27403271e-01 -9.17873383e-02 -8.26096952e-01 -6.14440858e-01
    -8.00144196e-01 -2.90433168e-02 -4.15620744e-01 -7.16397285e-01
    -3.76290023e-01 -1.57904446e-01 -2.25989699e-01 -6.19983792e-01
    -4.71431315e-01 -2.68149555e-01 1.07945204e-02 -1.76976025e-01
    1.99217200e-02 -2.89906085e-01 -7.40902126e-01 -5.04050314e-01
    -3.56564403e-01 -4.23507333e-01 -4.39367920e-01 -1.86802924e-01
    -4.34305489e-01 -2.00245142e-01 -3.99368376e-01 8.86380672e-04
    -1.29442692e-01 -3.71889919e-01 -2.60102689e-01 -6.22640610e-01
    -2.94987619e-01 -6.43344402e-01 -5.47926486e-01 -5.32958388e-01
    -6.00116491e-01 -5.12605786e-01 -2.61232436e-01 1.31998062e-01
    -6.97951317e-01 2.16797292e-01 -4.84237790e-01 2.84463286e-01
    -4.08393741e-01 -1.61511540e-01 -1.55382514e-01 -6.37134790e-01
    -7.66712308e-01 -1.44783437e-01 -4.76849049e-01 -5.29679179e-01
    -4.94832158e-01 -1.71277106e-01 -9.71939564e-01 -2.98566520e-01
    -8.26138258e-01 -1.86323702e-01 -8.24771523e-02 -2.39708483e-01
    -4.08826679e-01 -7.46587038e-01 -5.75162530e-01 -8.23308110e-01
    -5.19545555e-01 -2.92787910e-01 -1.18593872e-01 -5.97924173e-01
    -5.13281763e-01 -2.88773358e-01 -9.82944369e-02 3.79389524e-02
    -6.07066512e-01 -8.01717639e-01 -3.86605561e-01 -7.76933968e-01
    -4.87115055e-01 -1.44671798e-02 -8.74777317e-01 -5.84545195e-01
    -6.23263896e-01 -7.67644525e-01 -4.76104289e-01 -5.21324277e-02
    -4.82970893e-01 -7.49713182e-01 -6.13235831e-01 -8.33464265e-01
    -4.76300359e-01 -4.59086478e-01 -2.12093592e-01 -3.33408952e-01
    -3.76046062e-01 -8.72423291e-01 -6.12618446e-01 -7.17983842e-01
    -7.61995316e-01 -2.16306925e-01 -8.53394389e-01 -2.62082160e-01
    -9.00560021e-02 -7.26127625e-02 -6.88926935e-01 -1.24791026e-01
    -6.40992224e-01 -7.44499564e-02 -8.30562234e-01 -3.45466167e-01
    5.83487749e-02 -4.57914978e-01 -4.38578427e-01 -1.65986896e-01
    2.65672803e-02 3.23773623e-02 -4.14322227e-01 -8.67529869e-01
    -5.58351398e-01 -8.84976268e-01 -1.01512313e-01 -4.14847612e-01
    -5.71621597e-01 -1.74045324e-01 -3.92353654e-01 -6.85872555e-01
    -3.56122851e-01 -1.16613507e-01 -4.72949386e-01 -3.88660729e-01
    -9.04263496e-01 -6.98041320e-02 -5.74257970e-01 1.50647163e-02
    -3.74040186e-01 -2.63207734e-01 -2.52848983e-01 -4.82219458e-01
    -7.28041530e-01 -5.08959293e-01 -7.45728612e-01 -4.61821169e-01
    -7.17713475e-01 -6.79513097e-01 -1.01134300e-01 -7.59452701e-01
    -3.65855813e-01 -1.20590091e-01 -5.88824987e-01 -3.46206903e-01
    -2.77163923e-01 -1.56150699e-01 -8.66406918e-01 -8.65956306e-01
    -1.08512640e-02 -2.51245797e-01 -6.68968320e-01 -8.71121526e-01
    -4.27474380e-02 -3.66043210e-01 -1.23653352e-01 -2.75886059e-01
    -3.78547788e-01 -3.76673818e-01 -7.12547779e-01 -7.30419159e-01
    -5.75100422e-01 -3.31500590e-01 -5.58757782e-02 -7.68593252e-01
    -5.31795025e-02 -1.64680481e-01 -5.69964647e-01 -3.63158882e-01
    -8.76889825e-01 -9.97742414e-02 -1.29099846e-01 -8.79292607e-01
    -3.76974285e-01 -7.26829410e-01 -5.37302792e-01 -3.99255127e-01
    -1.14235282e-02 -6.05121493e-01 -7.42579103e-02 -2.68353939e-01
    -5.95676661e-01 -8.69962037e-01 -8.54814768e-01 -6.01502359e-01
    -4.80489731e-01 -8.07675719e-02 -4.97809440e-01 -6.96140647e-01
    -5.74273050e-01 -8.65637779e-01 -7.65943825e-01 -6.59576893e-01
    6.27548695e-02 -6.36251569e-01 -6.76263332e-01 -3.03178430e-02
    2.47046947e-02 -7.46480107e-01 -1.66369379e-01 -4.46414351e-02
    -1.26088500e-01 -3.97435248e-01 -6.45220399e-01 -9.88343358e-02
    -5.86923361e-02 6.94833994e-02 -8.21546912e-01 -3.78856331e-01
    -1.13418877e-01 -3.80587488e-01 -7.06157684e-02 -1.85906589e-01
    8.02950263e-02 -3.80136997e-01 -6.51132703e-01 5.86910844e-02
    -6.62817121e-01 -5.32076001e-01 1.10049605e-01 6.71951175e-02
    -6.45184934e-01 -3.96813393e-01 -5.86001456e-01 -6.69887722e-01
    -5.25874496e-02 -8.64410996e-01 -2.58620143e-01 -7.81675696e-01
    -7.64313579e-01 -5.65723240e-01 -7.09754229e-03 -5.25609076e-01
    -1.04088485e-01 -1.59535587e-01 -5.97840846e-01 -3.01365733e-01
    -7.37171769e-01 -7.65226126e-01 -3.08669090e-01 -4.71824110e-01
    -6.18642926e-01 -6.56748176e-01 -5.05780935e-01 -6.49071336e-01
    -7.63120532e-01 -6.41562164e-01 5.26789427e-02 -1.17970705e-01
    -8.51126373e-01 -3.69333029e-02 -1.94516897e-01 -3.33861887e-01
    -4.85211015e-02 -7.19601154e-01 -5.74488282e-01 -6.63622379e-01
    -4.59283829e-01 -1.79407656e-01 -1.06511295e-01 -2.36442208e-01
    -1.22440457e-01 -4.03453588e-01 -9.43683684e-01 -7.87473798e-01
    -6.03006363e-01 -8.40933800e-01 -1.32243872e-01 -4.24751878e-01
    -4.78761554e-01 -5.56562066e-01 -4.02766168e-01 -2.79376388e-01
    -8.14205408e-02 -9.77993131e-01 -2.57129073e-01 2.08580494e-03
    -6.06401801e-01 -3.64974380e-01 -9.02585208e-01 -2.82302022e-01
    -2.91427970e-02 -6.38583302e-02 -6.26847148e-02 -5.86944818e-01
    -1.66886747e-01 -5.75778186e-01 -5.71127295e-01 -4.41308528e-01
    -5.84590077e-01 -7.37168550e-01 -5.44772744e-01 -6.10117555e-01
    1.35550439e-01 -5.47239602e-01 -4.14128780e-01 3.56456876e-01
    3.91704321e-01 -7.05002069e-01 -5.58441043e-01 5.54225445e-02
    -4.10292745e-02 -3.52115870e-01 -8.93748522e-01 -4.29669023e-01
    -7.94323325e-01 -2.81878352e-01 -2.65646935e-01 -6.45964146e-01
    -2.05590844e-01 -3.47242236e-01 -3.29200804e-01 -9.23593640e-02
    -2.96317935e-01 -3.91021967e-02 -5.83762705e-01 -6.59470558e-01
    -3.47825468e-01 -7.01172769e-01 -6.13802671e-03 -6.13815069e-01
    -3.15132082e-01 -1.10709667e-03 -2.49034345e-01 -8.19457531e-01
    -4.15462792e-01 4.66106534e-02 -2.50283241e-01 -2.66298056e-02
    -4.62013364e-01 -8.28647256e-01 -4.10832584e-01 -8.56526494e-01
    -4.88348812e-01 -6.62272573e-01 -9.94762182e-02 -4.81476784e-02
    -5.68991899e-03 -2.84880280e-01 -2.18993068e-01 -8.37888658e-01
    -1.93353236e-01 -4.48505223e-01 -8.59551668e-01 -5.97968102e-01
    -4.23120201e-01 -6.57125711e-02 -8.74054074e-01 -3.10303926e-01
    -2.53782272e-01 -3.96659970e-01 -4.24307406e-01 -2.68935800e-01
    -6.53067231e-01 -8.81298900e-01 -9.47948933e-01 -3.96277130e-01
    -4.79404330e-02 -3.75874817e-01 -6.93444848e-01 -4.98589545e-01
    -4.31965917e-01 -5.74481964e-01 4.98642921e-02 1.13534927e-03
    -6.19792581e-01 -7.45458007e-01 -7.30743825e-01 -1.80287182e-01
    -2.38900423e-01 -2.90620923e-02 -2.63215423e-01 -4.24185753e-01
    -3.18528533e-01 -7.29915559e-01 -8.15194309e-01 -7.06171334e-01
    -2.78819621e-01 -1.41766548e-01 -5.18135428e-01 -5.10640144e-02
    -9.04087126e-01 -4.37647045e-01 -7.87670493e-01 -1.58296824e-02
    -9.93766189e-01 -3.50717723e-01 -4.87677872e-01 -4.74332929e-01
    -5.00234485e-01 1.01467371e-02 9.49172378e-02 -1.30924463e-01
    -1.46699369e-01 -7.41910160e-01 -2.07128048e-01 6.35378361e-02
    -4.96111512e-01 -6.13491178e-01 1.42103434e-03 -3.23540688e-01
    -5.53129792e-01 6.21013045e-02 -8.10502291e-01 -3.86558056e-01
    -6.03021383e-01 -6.12759352e-01 -3.83165896e-01 -6.03825450e-01
    -5.39420962e-01 -1.92605376e-01 -9.54734683e-02 -2.00357258e-01
    -1.01298475e+00 -4.06126261e-01 -6.08982801e-01 -4.24748540e-01
    -1.83112979e-01 -6.80596173e-01 -4.43509817e-01 -4.97343063e-01
    -1.02324903e+00 -3.60969305e-01 -2.83493519e-01 -1.03361607e-01
    -7.10764706e-01 -8.81537199e-01 -5.32716155e-01 -1.02566481e-01
    1.15667582e-02 -2.49438465e-01 -8.54508102e-01 -5.48519492e-01
    -8.78103137e-01 -5.23091435e-01 -2.47157454e-01 -5.92241943e-01
    -3.37722003e-01 -2.56241202e-01 -5.49722910e-02 -8.65667999e-01
    -8.63092184e-01 -5.42146206e-01 -8.42000842e-02 -2.68126905e-01
    -4.76332754e-01 -3.08477640e-01 -1.16076708e-01 -8.96734715e-01
    -4.55606580e-01 -4.83913511e-01 -3.97381693e-01 -5.31746745e-01
    -7.53034711e-01 -6.98647082e-01 -5.79958558e-02 -8.53897691e-01
    -3.27638984e-01 -2.01560259e-01 -3.77228677e-01 -5.05712152e-01
    -8.26354265e-01 -2.41167367e-01 -1.08110547e-01 -4.82256114e-01
    -5.04666507e-01 -3.85610282e-01 -3.40440929e-01 -8.30656886e-01
    -4.65414941e-01 -6.36421978e-01 -1.69468343e-01 -7.84421027e-01
    -6.14240170e-02 -6.04959667e-01 -5.69276869e-01 -7.61621177e-01
    -2.18161345e-02 -5.91767132e-01 -2.89690554e-01 -9.32747006e-01
    -3.71301711e-01 4.11593914e-03 -8.80204916e-01 -7.11965799e-01
    -6.63021028e-01 -1.07302070e-02 -9.08926070e-01 -9.28422093e-01
    -1.11067295e-02 -9.11371708e-01 -8.50039244e-01 -1.09540462e-01
    -2.60903895e-01 -1.90966427e-01 -8.19776773e-01 -3.36791039e-01
    -4.36715603e-01 -1.50113225e-01 -3.34332764e-01 -3.56231749e-01
    -2.25235939e-01 -2.33692646e-01 -2.30199695e-02 -8.66709590e-01
    -5.31620383e-01 -2.46382594e-01 -2.00211763e-01 -7.27552831e-01
    -2.98332691e-01 -5.74496925e-01 -3.16968203e-01 -2.73867786e-01
    -5.26324451e-01 -7.96619534e-01 -2.53702521e-01 -4.54969406e-01
    -6.90167189e-01 -7.45765924e-01 -9.28660929e-01 -8.16343784e-01
    -4.75069523e-01 -9.82840300e-01 -1.42485380e-01 -1.19994104e-01
    -2.84079313e-01 -6.29302382e-01 -1.63572073e-01 -5.87659001e-01
    -5.83837390e-01 -5.13877749e-01 -5.25592923e-01 -4.71448720e-01
    -8.23058963e-01 -5.91431975e-01 1.73288584e-03 -7.85198212e-01
    -5.11808515e-01 -1.30681574e-01 -6.31108999e-01 -6.04690731e-01
    2.40471959e-02 -5.84450901e-01 -8.65333676e-02 1.02267683e-01
    -5.77095211e-01 -8.16509724e-01 9.85666513e-02 -7.50508726e-01
    -5.18594265e-01 1.42032087e-01 -4.26027596e-01 6.45533800e-02
    1.74132526e-01 -4.20135826e-01 -6.56663537e-01 -7.86789060e-01
    -2.53131747e-01 -1.01892412e-01 -8.48335385e-01 -7.07810879e-01
    -1.01935625e-01 -2.56680369e-01 -7.85766840e-01 -4.42378342e-01
    -5.65261543e-01 -5.60479462e-01 -7.78414726e-01 -3.11515749e-01
    -4.32334900e-01 -1.83799982e-01 1.94472075e-02 -7.57894754e-01
    -5.05104423e-01 -1.94499254e-01 -8.25588644e-01 -4.40264225e-01
    -7.01680183e-01 -6.80901110e-01 -1.98219895e-01 -5.63217878e-01
    -4.12841320e-01 -7.22462356e-01 -7.84019351e-01 -5.71844220e-01
    -1.77386940e-01 -1.37146473e-01 -1.45053327e-01 -4.75528240e-02
    -7.37146020e-01 -5.62587738e-01 -2.35841215e-01 -3.99637043e-01
    -8.22389245e-01 -9.68916535e-01 -1.35247946e-01 -8.60550106e-01
    -1.00852728e-01 -2.31617808e-01 -2.01038778e-01 -7.56894529e-01
    -6.01463497e-01 -5.24374604e-01 -3.23292613e-01 -2.68534184e-01
    -5.54328978e-01 -3.37961733e-01 -4.44036186e-01 -2.60239661e-01
    -6.10771358e-01 -6.00732625e-01 -1.27057374e-01 -5.29173732e-01
    -1.13379538e-01 -3.49955857e-01 -8.53886127e-01 -3.75864148e-01
    -7.65695810e-01 -2.20278621e-01 -4.52316970e-01 -5.81912756e-01
    -7.68177569e-01 -5.29538810e-01 -7.17184663e-01 -5.72642267e-01
    -8.50028098e-01 -3.26492488e-01 -5.45825124e-01 -3.63421619e-01
    -4.30668890e-01 -8.84756505e-01 -5.40530622e-01 -2.65464425e-01
    -5.86788476e-01 -1.00415111e-01 -8.28094125e-01 -9.14561272e-01
    -6.78580761e-01 -9.22909558e-01 -6.21653855e-01 -4.69431877e-02
    -5.78181982e-01 -7.91056037e-01 -1.72501683e-01 -4.12456930e-01
    -1.38161421e-01 -3.15806925e-01 -3.46012771e-01 -8.44026148e-01
    9.30784345e-02 -5.72482705e-01 -7.68133700e-01 -7.50341833e-01
    -1.61015570e-01 -6.01635158e-01 -7.46150613e-01 -5.07427216e-01
    -5.30624807e-01 -8.62287283e-01 -1.88042283e-01 -8.92647743e-01
    -1.85343623e-02 -6.07472658e-02 -5.42028427e-01 -9.80142355e-01
    -5.13152719e-01 -7.90060043e-01 -1.35170698e-01 -6.44712567e-01
    -9.86771822e-01 -2.16302514e-01 -3.02117825e-01 -1.01525497e+00
    -1.63671732e-01 -8.15777600e-01 -7.16713488e-01 -5.41384280e-01
    -5.17708063e-01 -3.41145217e-01 -4.54568684e-01 -7.10027754e-01
    -1.74249351e-01 -2.17392683e-01 -3.77857745e-01 -9.75902796e-01
    -7.02800632e-01 -2.48898268e-02 -4.10821021e-01 -5.34501314e-01
    -9.01278019e-01 -8.57599437e-01 -1.95959926e-01 -8.67796421e-01
    -1.00504148e+00 -6.82863176e-01 -1.93177462e-01 -5.79017401e-01
    -2.86419749e-01 -3.58173847e-02 -2.38632023e-01 -4.58725691e-02
    -7.93373585e-03 -9.40184355e-01 -5.52707851e-01 -1.12853289e-01
    -8.93674493e-02 -1.59874022e-01 -2.27740109e-01 -8.39439392e-01
    -7.20307231e-01 -4.42130297e-01 -7.26507962e-01 -6.64432883e-01
    -3.15968335e-01 -3.43985140e-01 -2.49042392e-01 -5.19487977e-01
    -3.34153891e-01 -7.17913508e-01 -8.53268027e-01 -7.70880818e-01
    -7.57716000e-01 6.03601933e-02 -4.95497674e-01 -3.82138431e-01
    -6.41618490e-01 5.16682863e-02 -3.79566342e-01 -6.25615835e-01
    -3.66527796e-01 -7.96432137e-01 -3.87996018e-01 -5.18788278e-01
    -3.53181124e-01 -3.83312702e-01 -2.66684413e-01 -5.00606537e-01
    -8.71786654e-01 -6.68725848e-01 -2.12606013e-01 -9.11439538e-01
    -6.34895146e-01 -1.93544209e-01 -4.93074059e-02 -2.17541456e-02
    3.23543549e-02 -5.16270936e-01 -6.92646801e-01 -3.22494149e-01
    -4.75525677e-01 -9.45701957e-01 -6.10127568e-01 -3.31849396e-01
    -4.40694153e-01 -2.29678988e-01 -7.10917711e-01 -8.47553313e-01
    -3.41416061e-01 -5.63120723e-01 -5.80771685e-01 -2.27028131e-03
    -5.11260986e-01 -3.96464229e-01 -2.46585011e-01 -5.17201006e-01
    -5.79613090e-01 -7.40463853e-01 -6.26629591e-03 -5.89512587e-01
    -6.14758313e-01 -3.13695669e-01 -1.52938247e-01 -1.22978091e-01
    -8.51495206e-01 -2.15375066e-01 -5.41123748e-02 -1.99413776e-01
    -6.63295269e-01 -8.72974575e-01 -2.33322442e-01 -7.12246001e-01
    -7.98116207e-01 -4.05781806e-01 -9.07791495e-01 -2.09603012e-01
    -5.23535192e-01 -5.90335011e-01 -2.64203966e-01 -8.05222988e-02
    -2.14241147e-02 -1.32923603e-01 -3.73496532e-01 -7.44923353e-01
    -5.34920812e-01 -8.75636339e-02 -4.74138558e-01 -5.77229619e-01
    -2.67291725e-01 -1.77984774e-01 -6.08564198e-01 -6.84952855e-01
    -5.82890630e-01 -3.92865956e-01 -2.23794580e-01 -6.28215849e-01
    -4.21545774e-01 -2.98924625e-01 2.11399794e-01 -3.72142851e-01
    1.58828855e-01 6.52775168e-02 9.30404663e-02 -1.90592051e-01
    -7.35808253e-01 -5.59033871e-01 -7.44693398e-01 -8.54422748e-01
    -5.53125024e-01 -3.59952688e-01 -5.77993035e-01 -1.61736071e-01
    -6.27035737e-01 -8.61476660e-01 -7.91732192e-01 -8.16815436e-01
    -5.98977208e-01 -8.89289618e-01 -8.59701633e-03 -9.30253267e-01
    -4.60574925e-01 -5.37452102e-01 -1.81152105e-01 -1.42083943e-01
    -6.22879982e-01 -9.42819476e-01 -9.23883915e-03 -6.28176868e-01
    -7.46427536e-01 -2.60012686e-01 8.40896964e-02 -7.27387786e-01
    -5.67927778e-01 -5.43174386e-01 -8.19614649e-01 -3.87986660e-01
    -6.95272863e-01 -3.76824737e-02 -6.36527300e-01 -4.71009016e-02
    -6.32007301e-01 -1.49596572e-01 -5.56966186e-01 -5.78810513e-01
    -1.97469473e-01 -4.49281871e-01 -3.48231256e-01 -1.24595523e-01
    -1.09001935e-01 -1.06482410e+00 -6.27790034e-01 -8.27554643e-01
    -5.30674398e-01 -6.10857785e-01 -7.38481522e-01 -9.79293346e-01
    -2.33207047e-01 -4.67430711e-01 -3.03714693e-01 -4.18024719e-01
    -6.55854464e-01 5.74257374e-02 -6.41108274e-01 -6.70235574e-01
    -2.34199762e-01 -3.47620487e-01 -5.03439724e-01 -6.84136629e-01
    -5.16599536e-01 -3.84114146e-01 -5.84229946e-01 -8.45525384e-01
    -4.78109986e-01 -1.06673717e-01 -7.27646530e-01 -2.94645548e-01
    -7.89945960e-01 -3.22484732e-01 -1.71622634e-01 -8.08966160e-02
    -4.92386818e-01 -6.55529022e-01 -9.50453520e-01 -3.43500078e-01
    -4.70973670e-01 -4.80797291e-02 -2.44828105e-01 -7.07011223e-01
    -7.06731081e-02 -4.95120049e-01 -8.07111621e-01 -6.82959139e-01
    -8.65571618e-01 -8.34395707e-01 -5.65214276e-01 -5.91304004e-01
    -8.28072250e-01 -4.82550085e-01 -5.44930696e-02 -1.50524676e-01
    -2.70931721e-02 -9.25796628e-01 -7.13268816e-01 -5.13404191e-01
    -4.82993662e-01 -8.77938986e-01 -5.79073668e-01 -3.95677447e-01
    -5.95316172e-01 -5.81538498e-01 -7.27720737e-01 -2.89039612e-01
    -1.17582917e-01 -1.04399276e+00 -7.69888461e-01 -3.03010166e-01
    -1.01092029e+00 -6.20897770e-01 -2.25101709e-01 -1.15368485e-01
    -9.77766693e-01 -9.51200247e-01 -4.54002261e-01 -1.31544530e-01
    -5.78406215e-01 -8.43580604e-01 -5.82405031e-01 -8.51530910e-01
    -7.40244985e-01 -2.29602695e-01 -1.37183726e-01 -3.50765526e-01
    -2.39895821e-01 -3.87309730e-01 -9.50576305e-01 -8.75130475e-01
    -9.30652142e-01 -5.43725133e-01 -6.74773157e-01 -4.24242735e-01
    -1.35333538e-01 -4.12262559e-01 -8.21840823e-01 -9.62027013e-01
    -6.00152016e-01 -2.93227911e-01 -3.33601236e-01 -3.23577881e-01
    -8.14034820e-01 -2.01428354e-01 -5.41926146e-01 -2.06971765e-01
    5.19916415e-02 -1.55000150e-01 -4.15307462e-01 -6.71835423e-01
    -1.70509040e-01 -6.18574500e-01 -8.73771310e-01 -6.71248317e-01
    -2.40962088e-01 -6.63068593e-01 -3.49073589e-01 -8.61374676e-01
    -7.00118840e-01 -1.35108352e-01 -8.22795033e-02 -6.02882504e-02
    -3.72611225e-01 -8.62293065e-01 -1.38060093e-01 -6.25607252e-01
    -6.50820136e-01 -5.06718397e-01 -7.29685187e-01 -8.86968493e-01
    -3.14653218e-01 -7.89586425e-01 -3.02330971e-01 -6.29482627e-01
    -2.51504660e-01 -4.74520564e-01 -1.80375636e-01 -6.75756335e-02
    -9.65519667e-01 -6.93585873e-01 -7.90938020e-01 -6.82163417e-01
    -2.90815949e-01 -8.02996159e-02 -9.27540243e-01 -6.32391572e-01
    -9.20397997e-01 -4.05412674e-01 -8.94846320e-02 -3.59284043e-01
    -4.87795860e-01 -2.00838268e-01 -5.98104000e-02 -1.24331713e-01
    -4.71380264e-01 -6.23138249e-01 -4.41488624e-01 -6.17439687e-01
    -3.11150849e-01 -6.03862345e-01 -8.71790290e-01 -5.65636098e-01
    -7.18172431e-01 -1.13814354e-01 -8.24764967e-01 -5.98818898e-01
    -5.38893342e-01 -4.42684770e-01 2.11293101e-02 5.64690232e-02
    -1.21016800e-01 -8.66198063e-01 -3.96585763e-01 -1.34744167e-01
    -3.55175912e-01 -6.22423172e-01 -5.96433640e-01 -3.17474246e-01
    -1.32196128e-01 -6.74017310e-01 -4.26920056e-01 -8.06346893e-01
    -1.68209672e-01 -1.17168546e-01 -6.71459675e-01 -4.62554097e-01
    -5.89125752e-01 -5.26726484e-01 -8.76290441e-01 -7.17334628e-01
    -3.42862248e-01 -3.97542417e-01 -4.88093555e-01 -7.59744883e-01
    -4.91502404e-01 -4.66679335e-02 -3.81843388e-01 -6.81435943e-01
    -9.05408978e-01 -8.21323276e-01 -4.02552009e-01 -6.32051349e-01
    -2.38653004e-01 -6.73713684e-01 -4.43854690e-01 -4.80786443e-01
    -7.49170959e-01 -1.61717355e-01 1.17747188e-02 -7.18584657e-02
    -2.65753150e-01 1.21741235e-01 -4.35967803e-01 -2.94393480e-01
    -8.20605159e-01 -4.80684549e-01 -1.95295215e-01 -7.54788160e-01
    -9.16768312e-02 -1.05010152e-01 -1.09447300e-01 -5.18739820e-01
    -3.00805867e-01 -4.62193370e-01 -8.90717149e-01 1.67338252e-02
    -7.03969598e-02 -6.37064219e-01 -2.06371486e-01 -3.74664545e-01
    -2.77084589e-01 -8.42515230e-02 -6.72042727e-01 -9.85486269e-01
    -3.32677722e-01 -7.84249187e-01 -3.44861746e-01 -2.18810797e-01
    -4.18514550e-01 -4.41010684e-01 -3.97072762e-01 -6.82655811e-01
    -4.17961836e-01 -7.08019257e-01 -2.75425971e-01 -3.30940604e-01
    -3.66898060e-01 -8.34387004e-01 -1.20188832e-01 -2.81617999e-01
    -3.93282890e-01 -3.51833224e-01 -9.50326264e-01 -2.21554160e-01
    -5.94599366e-01 -1.79086506e-01 -4.83470738e-01 -4.84909594e-01
    -9.92714167e-01 -7.17252851e-01 -3.83736014e-01 -2.11337090e-01
    -7.14768469e-01 -1.71134353e-01 -1.79717004e-01 -8.25119793e-01
    -8.92799258e-01 -1.49571538e-01 -7.29591250e-01 -8.51341367e-01
    -4.90073562e-02 -5.02364755e-01 -3.98124158e-01 -9.05143857e-01
    -1.92320347e-01 -4.48675424e-01 -6.05457783e-01 -4.50658023e-01
    -7.87259877e-01 -4.91854757e-01 -5.02135515e-01 1.25232339e-02
    -2.00046957e-01 -7.96169937e-01 -4.47761416e-02 -2.30003119e-01
    -6.33664727e-01 -9.20230687e-01 -8.64321053e-01 -4.89497244e-01
    -8.94225478e-01 -3.48455429e-01 -1.42144084e-01 -2.74881601e-01
    -9.36402440e-01 -6.96669102e-01 -7.37250030e-01 -9.33538735e-01
    -5.43646812e-02 -2.40026593e-01 -2.23123312e-01 -7.56135583e-02
    -5.39657831e-01 -7.29535282e-01 -5.86786747e-01 -8.37012947e-01
    5.83928227e-02 -2.44655311e-01 -8.29639316e-01 -6.74031377e-01
    -3.26538205e-01 -3.11012685e-01 -8.23334455e-02 1.60074830e-02
    -7.35775769e-01 -2.87829638e-02 -7.92309821e-01 1.70986056e-02
    -3.58401000e-01 -7.57566810e-01 -4.19773459e-01 -6.98785841e-01
    -4.07528281e-01 -9.67523694e-01 -1.98831499e-01 -1.53801978e-01
    -2.09493458e-01 -4.99100268e-01 -8.46266031e-01 -4.67580318e-01
    -7.07270205e-01 -2.84341455e-01 -3.09230328e-01 -5.29518127e-01
    -7.90163994e-01 -4.54291940e-01 -6.99816465e-01 -1.02674305e+00
    -1.46986723e-01 -3.85174036e-01 -7.94483840e-01 -8.15780640e-01
    -9.28745270e-01 -3.62719893e-01 -1.81090117e-01 -9.46555972e-01
    -1.99666500e-01 -5.59972286e-01 -2.45070100e-01 -5.09696722e-01
    -3.02409410e-01 -6.48556769e-01 -7.64360130e-01 -5.50819993e-01
    -1.52540684e-01 -8.27476203e-01 -7.76258707e-01 -3.12067866e-02
    -4.49975610e-01 -7.52340257e-01 -4.75651026e-02 -8.51156533e-01
    -7.51947045e-01 -6.72713816e-01 -6.76125050e-01 -7.47484088e-01
    -2.72684515e-01 -6.41289651e-01 -7.58080184e-01 -7.71475315e-01
    -5.67346156e-01 -7.18344331e-01 -7.55697250e-01 -6.64368749e-01
    -9.91612792e-01 -1.15469933e-01 -4.24177706e-01 -5.18524766e-01
    -8.11501980e-01 3.29692364e-02 9.92119312e-03 -8.90767753e-01
    -5.77134669e-01 5.72919846e-02 -4.17829871e-01 -5.01887083e-01
    6.67071939e-02 -3.58310163e-01 -5.15567660e-01 -7.30033159e-01
    -8.65949750e-01 -6.92449093e-01 -1.81110740e-01 -3.08653772e-01
    -5.56483924e-01 -4.02479947e-01 -4.34174955e-01 -1.48888469e-01
    -3.62948000e-01 -2.81524122e-01 -9.87706184e-02 -8.26790273e-01
    -8.51519287e-01 -9.46898222e-01 -2.84864604e-01 -8.47771406e-01
    -3.18784773e-01 -7.14763343e-01 -8.09760630e-01 -4.63121593e-01
    -8.28066885e-01 -6.56445026e-01 -1.25328720e-01 -9.36126709e-03
    -4.20337915e-01 3.60102654e-02 -6.46227241e-01 -2.81380117e-01
    -5.58524728e-01 -6.80807233e-02 -7.71850169e-01 -1.90089881e-01
    -5.88816166e-01 -6.21231794e-01 -8.50731134e-01 -6.34605646e-01
    -7.89687276e-01 -5.97795844e-01 -5.61526477e-01 -3.01632404e-01
    -7.24141955e-01 -5.09169221e-01 -4.22995090e-01 -8.94879282e-01
    -9.73204136e-01 -9.28705215e-01 -3.56291771e-01 -8.90588582e-01
    -5.54486096e-01 -8.61451149e-01 -3.61046791e-01 -7.69194722e-01
    -6.32557094e-01 -5.11284649e-01 -3.17134738e-01 -2.16211975e-01
    -8.59490395e-01 -4.80952501e-01 -1.57958567e-01 -8.56995642e-01
    -7.61664391e-01 -1.49633288e-01 -5.71071386e-01 -4.78730410e-01
    -3.78506362e-01 -6.95687890e-01 -3.92131865e-01 -3.13234687e-01
    -4.70988333e-01 -5.54867387e-02 -9.71568167e-01 -4.68558788e-01
    -8.81338120e-03 -5.31742156e-01 -1.01680160e-02 2.46850967e-01
    1.47958994e-01 -9.34514403e-02 -7.65329003e-02 -9.70128775e-02
    -3.93557549e-01 -4.53843683e-01 -3.40827644e-01 -5.71499228e-01
    -6.92048311e-01 -4.02318597e-01 -8.15470338e-01 -5.43163598e-01
    -2.80855000e-01 -6.27375543e-01 -7.89490700e-01 -8.46388876e-01
    -5.65367818e-01 -4.85635817e-01 -4.70778525e-01 -1.20800018e-01
    -2.10003316e-01 -7.00743556e-01 -2.10320234e-01 -4.61544156e-01
    -9.01680350e-01 -5.27966022e-02 -3.47013474e-01 -3.63217652e-01
    -9.04790640e-01 -8.78150642e-01 -5.05096197e-01 3.61371040e-03
    -3.63821924e-01 -5.08462429e-01 -8.51264000e-01 -5.50774336e-01
    -8.50111127e-01 -7.85387278e-01 -1.29371464e-01 -2.17067003e-01
    -7.09465325e-01 -5.17825127e-01 -1.67100132e-01 -4.76121187e-01
    -2.66108394e-01 -3.45177293e-01 -5.91421902e-01 -3.14862967e-01
    -2.07938612e-01 -4.26483929e-01 -2.25490451e-01 -4.36999798e-02
    -4.91843283e-01 -4.81796801e-01 -1.78116918e-01 -9.56866622e-01
    -8.42781782e-01 -1.27353489e-01 -8.17025781e-01 -3.71202350e-01
    -3.92060101e-01 -2.20181763e-01 1.76313519e-02 -5.38978577e-02
    -9.43667471e-01 -3.44912350e-01 -2.01345444e-01 -1.21162772e-01
    -4.74540502e-01 -8.58351111e-01 -6.23691380e-01 -7.08692610e-01
    -3.41257870e-01 -1.18692517e-02 -2.52156496e-01 -7.69679546e-01
    -6.70463443e-01 -6.44397736e-02 -6.86397433e-01 -6.15068316e-01
    -3.89349639e-01 -5.75645089e-01 -6.28577471e-01 -5.88772297e-02
    1.12384558e-02 -6.44544542e-01 -8.54136050e-01 -7.31121182e-01
    -1.57337666e-01 -7.18519926e-01 -5.35465300e-01 -5.52273214e-01
    -1.37223721e-01 -8.78716230e-01 -5.49294949e-02 -7.50090361e-01
    -6.51661992e-01 -4.37748134e-01 -3.85333180e-01 -5.46791613e-01
    -9.51545060e-01 -2.10971773e-01 -3.79375756e-01 -8.09760571e-01
    -6.13670468e-01 -7.72346854e-01 -6.66869283e-02 -3.69245052e-01
    -6.36859715e-01 -9.29296494e-01 -3.87203157e-01 -7.65643597e-01
    -5.92672348e-01 -1.46931767e-01 -4.13910270e-01 -6.88780904e-01
    -8.86109829e-01 -1.19825959e-01 -3.82225037e-01 -1.15542531e-01
    -4.80720043e-01 -3.05126309e-01 -9.10965979e-01 -2.43514597e-01
    -1.04176009e+00 -1.04009509e-01 -5.23219347e-01 -3.68311405e-01
    -4.68550503e-01 -2.81487703e-01 -1.79949343e-01 -6.31276250e-01
    -5.94293833e-01 -3.67646158e-01 -2.84420013e-01 -1.36027277e-01
    -1.08846307e-01 -1.29314065e-01 -2.25743413e-01 -2.47624040e-01
    -4.01348114e-01 -3.50194097e-01 -8.30715895e-02 -7.40611196e-01
    -5.58000743e-01 -9.35700417e-01 -1.83431864e-01 -5.07577240e-01
    -8.41881037e-02 -8.69821072e-01 -5.76509774e-01 -2.37251282e-01
    -4.59400654e-01 -3.72254550e-01 -4.21470881e-01 -9.85758901e-02
    -8.34837198e-01 -5.97447157e-03 -1.53211474e-01 -8.67120028e-02
    -5.05338430e-01 -2.78181195e-01 -5.18628240e-01 -5.48667789e-01
    -2.96127200e-01 -4.73123729e-01 -2.49651194e-01 -9.14478302e-02
    -2.71124005e-01 -5.63623190e-01 -7.63893127e-01 -3.79283488e-01
    -5.84535897e-01 -5.89964807e-01 5.87230921e-03 -8.67673397e-01
    -8.02760124e-01 2.92797089e-02 -4.04114068e-01 -3.62039626e-01
    -4.69991028e-01 -1.61840141e-01 -6.09616697e-01 -3.79764676e-01
    -5.16193688e-01 -7.35731483e-01 -1.98368073e-01 -4.37004209e-01
    -2.78086424e-01 -5.14976680e-01 -4.58329976e-01 -6.96340084e-01
    -1.93769574e-01 -5.41569471e-01 -1.92528069e-01 -6.43360913e-01
    -6.29202008e-01 -8.96506071e-01 -2.47178972e-01 -2.15120316e-01
    -7.93710709e-01 -3.60342741e-01 -7.35577106e-01 -7.11727619e-01
    -4.53864127e-01 8.80444050e-02 -7.97059655e-01 -4.00974602e-01
    2.29038000e-02 -6.51252985e-01 -4.98952717e-01 1.22886896e-03
    -5.26615143e-01 -3.87758225e-01 -7.66039670e-01 -7.97269106e-01
    -3.98090124e-01 -2.29495883e-01 -8.10108960e-01 -1.69267654e-01
    -3.93332303e-01 -6.40747726e-01 -9.31291819e-01 -8.09626579e-01
    -2.46076345e-01 -4.31142986e-01 -3.28514218e-01 -8.94587040e-02
    -5.49043953e-01 -3.81467938e-01 -7.14240789e-01 -6.47097886e-01
    -6.79647565e-01 -8.54714274e-01 -2.15118349e-01 4.61834073e-02
    -8.24676037e-01 -8.84809613e-01 -5.45083523e-01 -8.91146779e-01
    -7.46322155e-01 -5.03298342e-01 -8.68712902e-01 -1.21853769e-01
    -2.96301723e-01 -7.45415568e-01 -7.97775149e-01 -9.99779701e-02
    -4.71231997e-01 -3.05965543e-01 -7.49773204e-01 -6.60668850e-01
    -1.13275230e-01 -3.81887853e-01 -7.29878366e-01 2.58388996e-01
    2.44228065e-01 -6.19729638e-01 -7.36328483e-01 -5.02024591e-01
    -6.43646061e-01 -8.65321159e-01 -1.22658551e-01 -2.79799461e-01
    -7.52133608e-01 -6.36895061e-01 -7.26720333e-01 -9.28199291e-02
    -7.55095243e-01 -5.34550548e-02 -8.61981869e-01 -8.04349542e-01
    -3.95551443e-01 -1.60318136e-01 -7.12984443e-01 -7.25774884e-01
    -4.20790315e-01 -2.36931026e-01 -9.63492215e-01 -4.95962858e-01
    -1.72764778e-01 -5.02539396e-01 -8.57825279e-01 -4.49355483e-01
    -3.81293178e-01 -3.53525758e-01 -5.89483142e-01 -3.99999440e-01
    -4.18051630e-01 -8.94910097e-03 -2.92433739e-01 -7.51034915e-01
    -7.30937719e-01 -5.68743467e-01 -5.74392974e-01 -4.27510500e-01
    -5.03086448e-02 -6.48476005e-01 -8.85618925e-01 -5.15351832e-01
    -7.37621725e-01 -9.23888922e-01 -2.75305152e-01 -7.16809630e-01
    -7.04846740e-01 -6.77751005e-01 -5.55941761e-01 -8.75394106e-01
    -7.33483016e-01 -5.50266504e-02 -3.59693646e-01 -6.41803026e-01
    -3.80163014e-01 -8.75976682e-02 -5.98732650e-01 -8.12875152e-01
    -7.55769968e-01 -8.52047801e-01 -3.55770290e-01 -1.35340333e-01
    -5.28022230e-01 -3.46303225e-01 -2.99680233e-02 -5.08971155e-01
    7.44542480e-02 -4.16971713e-01 -2.49544024e-01 -7.84448981e-02
    -7.13870049e-01 -7.65056014e-01 -6.26272857e-01 -9.68082964e-01
    -5.84136486e-01 -2.55807817e-01 -7.37612247e-02 -5.08185744e-01
    -7.06118941e-01 -5.06335020e-01 -8.12288523e-02 -3.14055324e-01
    -8.68643403e-01 -8.65809083e-01 -1.10303998e-01 -8.25089574e-01
    -9.00249600e-01 -8.57784748e-01 -4.35991228e-01 -6.46279454e-01
    -1.94493234e-01 -2.52165794e-01 -1.77695036e-01 -4.77617621e-01
    -5.07172585e-01 1.15903616e-02 -8.37372184e-01 -3.35450530e-01
    -6.88857853e-01 -9.39416468e-01 -5.56426048e-02 -6.55828714e-01
    -1.28379345e-01 -2.93224752e-01 -3.61026525e-01 -5.74048162e-01
    4.37706709e-03 -3.96273375e-01 -9.68020916e-01 -2.92184889e-01
    -5.02095699e-01 -1.14488363e-01 -2.76686072e-01 -8.73637438e-01
    -6.96860731e-01 -7.72589505e-01 -3.18459034e-01 -5.65396547e-02
    -9.98933673e-01 -7.96441793e-01 -1.02433741e-01 -2.66522110e-01
    -3.90934944e-01 -7.64882326e-01 -5.99570453e-01 -1.11854315e-01
    -2.14416146e-01 -5.73120356e-01 -6.63861334e-01 -5.36796689e-01
    -9.04640555e-01 -4.15009439e-01 -5.94895959e-01 -1.00539517e+00
    -6.35865092e-01 -1.08593237e+00 -4.08591628e-01 -2.15258956e-01
    -9.18240070e-01 -6.47994101e-01 -1.30177975e-01 -2.31715798e-01
    -6.70228601e-01 -6.29149795e-01 -5.43330669e-01 -1.22828245e-01
    -8.92578602e-01 7.29835033e-03 -4.93850172e-01 -8.46323013e-01
    -8.43318343e-01 -7.42033362e-01 -3.25856447e-01 -3.26865196e-01
    -6.00282073e-01 -1.60945058e-01 -6.08975649e-01 -2.21543670e-01
    -7.61870027e-01 -1.06660247e-01 -6.32222176e-01 -6.62537456e-01
    -1.47478521e-01 -1.75172210e-01 -1.62566543e-01 -5.49926460e-01
    -9.34426069e-01 -8.26924324e-01 -4.00170088e-02 -8.86061370e-01
    -2.95566738e-01 -5.54709077e-01 -8.23456049e-03 -1.08827412e-01
    -2.83344269e-01 -4.54644829e-01 -5.76814294e-01 -3.94752443e-01
    -8.07701528e-01 -2.57085323e-01 -4.25724149e-01 -2.03211486e-01
    -1.05935490e+00 -2.00391710e-01 -4.32276011e-01 -3.38031173e-01
    -9.77467299e-01 -6.43444240e-01 -8.85803640e-01 -4.40191329e-01
    -3.38098645e-01 -1.68824553e-01 -3.94273102e-01 -8.16890717e-01
    -3.66959572e-02 -6.90149009e-01 -4.90463018e-01 -8.58252048e-02
    -1.17965937e-02 -6.32562876e-01 -7.26374984e-01 1.33551717e-01
    -7.59279251e-01 -4.99095798e-01 -5.59303164e-01 -5.76495469e-01
    -7.32577980e-01 -2.99305022e-01 -7.87709355e-01 -4.41696644e-01
    -8.53873134e-01 -4.07047719e-01 -6.07674479e-01 -5.06799400e-01
    -7.09663153e-01 -7.35769868e-01 -6.12539768e-01 -4.55141127e-01
    -5.79123795e-01 1.21405125e-02 -2.26392508e-01 -5.56688190e-01
    -4.57745373e-01 -1.71105206e-01 -3.70889127e-01 -1.38370275e-01
    -5.48070669e-01 -3.78127337e-01 -3.31290364e-02 -5.17610669e-01
    -3.79727244e-01 -3.39867055e-01 -6.10680580e-01 -7.10573375e-01
    5.61181903e-02 -8.40260267e-01 -8.09072554e-01 -1.24536455e-01
    -5.34824371e-01 -5.21898031e-01 -3.71688545e-01 -4.65753376e-01
    -4.97611046e-01 -5.09705901e-01 -7.16832876e-02 -6.27326190e-01
    -6.37840807e-01 -5.04495800e-01 -1.18363619e-01 -1.93653584e-01
    -7.25743234e-01 -6.27904594e-01 -4.77274090e-01 -1.26480848e-01
    -1.49680287e-01 -2.69443661e-01 -5.17513812e-01 -7.14431584e-01
    -2.53208280e-02 -7.86936641e-01 -4.37593699e-01 -3.07765365e-01
    -6.38996363e-02 -7.90382981e-01 -9.17592585e-01 -3.55454564e-01
    -7.09522307e-01 -3.56379926e-01 -1.48201168e-01 -6.35080576e-01
    -6.55786514e-01 -7.53081024e-01 -1.74769163e-01 -5.86698294e-01
    -7.29639888e-01 -9.06936526e-01 -3.73956919e-01 -1.97688937e-01
    -5.36155641e-01 -1.28219664e-01 -8.47204030e-01 -2.73497164e-01
    -8.68150830e-01 -2.42234707e-01 -7.79173076e-01 3.20850611e-02
    -1.74783647e-01 -1.77352548e-01 -7.45471716e-01 -5.99203467e-01
    -4.71530974e-01 -7.62943089e-01 -1.13601267e-01 -1.07928336e-01
    -4.77287114e-01 -9.25492287e-01 -9.06506777e-01 -6.85012221e-01
    -5.62106907e-01 -6.58098042e-01 -6.71734691e-01 -8.42147470e-01
    -6.97237492e-01 6.27133846e-02 -4.61789697e-01 -5.25575340e-01
    -9.93979514e-01 -5.90862751e-01 -7.30937123e-02 -5.26245117e-01
    -4.26105022e-01 -1.20283186e-01 -6.72141671e-01 -3.11282218e-01
    -2.01977253e-01 -6.79244101e-01 -7.66284347e-01 -4.47285831e-01
    -3.14208150e-01 -6.21973157e-01 -4.08175170e-01 -9.08468127e-01
    -4.66953963e-01 5.19330502e-02 -7.54697919e-01 -8.17212403e-01
    -3.91900539e-04 -3.98833036e-01 -2.61763334e-02 -2.28372216e-02
    -7.02523530e-01 -7.79404163e-01 -2.48202384e-01 -7.80446768e-01
    -7.23999739e-03 -3.22854757e-01 -7.76018977e-01 -2.78217494e-01
    -9.88633633e-02 -1.92167759e-02 -8.96189809e-01 -3.50378036e-01
    -4.69987571e-01 -1.38034582e-01 -1.57804310e-01 -2.03747272e-01
    -3.10065269e-01 -4.98759568e-01 -6.02230549e-01 -8.76722932e-01
    -6.76957965e-01 -6.36807621e-01 -1.08585477e-01 -6.47141933e-02
    -6.60107315e-01 -3.97838712e-01 -2.45268404e-01 -8.12670469e-01
    -1.12834811e-01 -8.64742041e-01 -9.53774035e-01 -5.10818362e-01
    -6.46235347e-01 4.04500961e-03 -2.78768539e-02 -7.18627572e-01
    -4.57532704e-01 -2.74501383e-01 -5.78358769e-01 -8.30505908e-01
    -6.14681244e-01 -4.73141432e-01 -7.07448840e-01 -8.84185016e-01
    -5.46671152e-02 -1.03659070e+00 -4.15805519e-01 -3.04516256e-01
    -3.45798075e-01 -4.32309031e-01 -7.54340172e-01 -6.88485026e-01
    -3.09710622e-01 -9.67954636e-01 -4.94065791e-01 -8.49528909e-01
    -4.19891477e-02 -5.75652242e-01 -5.30240536e-02 -6.30600750e-01
    -4.49300885e-01 -5.91886520e-01 -5.10903537e-01 -3.20987105e-01
    -3.62472534e-01 -2.54315376e-01 -7.10751534e-01 -9.44774151e-01
    -8.80493164e-01 -5.33147037e-01 -7.23711133e-01 -5.12445092e-01
    -2.99597621e-01 -3.77880514e-01 -5.79756856e-01 -7.15794802e-01
    -8.61797333e-01 -8.28052640e-01 -1.81519389e-02 -3.39625061e-01
    -3.95722151e-01 -4.73561883e-01 -6.18132889e-01 -5.71374297e-02
    -4.61441517e-01 -9.91668344e-01 -9.69906747e-01 -1.34781778e-01
    -6.62904203e-01 -3.09440374e-01 -8.82055640e-01 -7.85670400e-01
    -5.84118366e-01 -7.15140224e-01 -2.22931743e-01 -6.82923794e-01
    -5.83821535e-02 -4.04019356e-02 -3.22054744e-01 -4.56014752e-01
    -8.35030794e-01 -6.38730884e-01 4.36222553e-03 -8.98144364e-01
    -1.18747890e-01 -4.36984777e-01 -9.02933002e-01 -5.62864244e-01
    -3.72257829e-01 -1.17269397e-01 -4.97776628e-01 -5.79823911e-01
    -6.76397920e-01 -4.01058376e-01 -6.08227074e-01 -4.73981827e-01
    -4.39355314e-01 -1.49788082e-01 -1.57511413e-01 -1.21550858e-01
    -9.48999047e-01 -4.10846591e-01 -5.84634185e-01 -3.40915918e-02
    -2.39020646e-01 -2.38566220e-01 -5.27161002e-01 -4.92999882e-01
    -6.34383261e-01 -7.22108066e-01 -5.04382372e-01 -4.67680484e-01
    -4.20962721e-01 -2.32478321e-01 -9.12312329e-01 -1.75548792e-01
    6.79686069e-02 3.45284939e-02 -5.55352390e-01 -2.89724588e-01
    -6.88130021e-01 -3.73230308e-01 -6.97687745e-01 -4.70943749e-01
    -2.21679151e-01 -6.98080063e-02 -2.46120334e-01 -5.52250743e-01
    -4.65913534e-01 -6.74238205e-02 -2.18369961e-01 -7.57567763e-01
    -8.69654417e-02 -8.57368231e-01 -5.99251628e-01 -8.68225276e-01
    -2.62343407e-01 -3.66722941e-01 -3.44455123e-01 -6.07060790e-01
    -5.41656196e-01 3.21828723e-02 -5.15465736e-01 -1.81843042e-02
    -2.76927173e-01 -3.08958888e-01 -5.30324697e-01 -7.04549670e-01
    -1.23419523e-01 -9.54186678e-01 -5.61659336e-02 -2.65158892e-01
    -4.12087202e-01 -3.61941516e-01 -9.35961127e-01 -5.67111909e-01
    -2.20011950e-01 -2.11129904e-01 -2.98361242e-01 -5.36434889e-01
    -2.39749551e-02 -4.00935471e-01 -7.01107025e-01 -4.54426765e-01
    -4.51199859e-01 -9.47969079e-01 -8.27333808e-01 -2.45401382e-01
    -6.25062585e-01 -4.77273166e-01 -4.93740082e-01 -7.39621997e-01
    -8.59881639e-02 -3.20712090e-01 -3.56794953e-01 -9.17238712e-01
    -4.81753618e-01 -5.63422441e-02 -7.48062015e-01 -3.65711033e-01
    -1.62120283e-01 -7.84517527e-01 -9.87130404e-03 -3.96099269e-01
    -4.15788829e-01 -6.40568256e-01 -6.75404072e-02 -4.58476543e-01
    -3.49649489e-01 -4.47134644e-01 -8.75271976e-01 -8.69911134e-01
    -8.99032354e-01 -2.79375732e-01 -8.66828561e-02 -3.88479471e-01
    -1.45059407e-01 -6.41776741e-01 -1.65828526e-01 -8.22250843e-01
    -5.21466732e-01 -4.16304946e-01 -7.26226330e-01 -4.39045638e-01
    -3.73994231e-01 6.26583099e-02 -7.63856888e-01 -4.74873424e-01
    -6.58138514e-01 -6.88461304e-01 -3.18531692e-01 -4.53401387e-01
    -4.80755568e-02 -1.56079292e-01 -2.01596558e-01 -8.33362162e-01
    -9.92592573e-02 -3.45521927e-01 -4.59446609e-01 -5.74218571e-01
    -7.52374649e-01 -6.11907363e-01 -7.10200191e-01 -4.05875862e-01
    -2.70978093e-01 -1.47069156e-01 -4.57966983e-01 -1.64730310e-01
    -8.88251185e-01 -6.51712656e-01 -4.17188287e-01 -8.83518040e-01
    -4.47235644e-01 -2.01830089e-01 -6.18348181e-01 -7.11865425e-01
    -6.05114400e-01 -5.66339850e-01 -3.94507885e-01 -7.93726802e-01
    -6.99649215e-01 -4.70617712e-01 -8.73136282e-01 -2.41212189e-01
    -9.51879501e-01 -6.54403627e-01 -2.01858282e-02 -6.37044907e-01
    -7.39668965e-01 -1.72017574e-01 -2.36217141e-01 -1.03315330e+00
    -6.09098554e-01 -9.21055198e-01 -6.40980601e-01 -5.59487343e-02
    -2.09732533e-01 -5.16812325e-01 -8.89080882e-01 -7.39362895e-01
    -2.08399296e-02 -7.81120181e-01 -4.46694851e-01 -1.38243198e-01
    -3.89941871e-01 -5.42549014e-01 -4.94964004e-01 -8.81002665e-01
    -4.76037025e-01 -9.15225029e-01 4.62030172e-02 -9.49132323e-01
    -1.09177828e-02 -8.15298915e-01 -1.65076852e-02 -3.86073232e-01
    -3.50960314e-01 -7.06597984e-01 -5.05811691e-01 -3.58129740e-02
    -2.27246106e-01 -7.78839231e-01 -1.02326584e+00 -6.97364807e-02
    -2.84134269e-01 -9.48014081e-01 -3.85624170e-01 -3.21636617e-01
    -3.88939977e-01 -9.54856634e-01 -3.45853567e-02 -8.62853467e-01
    -6.99209571e-02 -4.83339041e-01 -2.07061172e-01 -7.12577581e-01
    -2.59282231e-01 -5.80086231e-01 -9.15573776e-01 -5.12654543e-01
    -1.57484412e-01 -3.95398736e-01 -1.26416802e-01 -1.37467384e-01
    -5.08371294e-01 -3.71142864e-01 6.53876662e-02 -8.58628571e-01
    -6.36498988e-01 -3.58826399e-01 -6.56952620e-01 -7.16993690e-01
    -9.07901525e-02 -8.97864103e-01 -3.78856122e-01 -9.83239174e-01
    -9.51419473e-02 -2.36838400e-01 -9.87796843e-01 -8.47422838e-01
    -4.00833070e-01 -4.53195155e-01 -8.05174649e-01 -3.57200205e-01
    -4.18365479e-01 -2.22913623e-01 -8.20929408e-01 -5.54465055e-01
    -3.90585124e-01 -3.59926403e-01 -3.80336463e-01 -5.58604002e-01
    -3.50107193e-01 -7.23485649e-01 -7.54751086e-01 7.72163272e-02
    -6.51445389e-01 -5.35704136e-01 -7.53426552e-01 -3.79071951e-01
    2.36241817e-02 -8.85637999e-01 -2.88433611e-01 -1.76290274e-01
    -3.82614732e-01 -2.09801912e-01 -5.31873763e-01 -9.01012421e-02
    -9.77144361e-01 -7.57757425e-01 -5.99912524e-01 -4.51285243e-01
    -8.17063212e-01 -4.43315625e-01 -7.27859735e-01 -9.69456792e-01
    -1.50908709e-01 -5.67721009e-01 -3.87181818e-01 -6.98797345e-01
    -7.57981181e-01 -6.69325590e-02 -4.84494627e-01 -6.26646817e-01
    -5.60868502e-01 -6.78496242e-01 -4.22185481e-01 -4.18833405e-01
    -2.19303846e-01 -5.01801133e-01 -4.25819695e-01 -5.10261655e-01
    -1.99500382e-01 -5.54832339e-01 -8.51161122e-01 -1.47835791e-01
    -1.73783064e-01 -1.17745280e-01 -7.98427582e-01 -7.94256866e-01
    -9.95010734e-02 -9.62914944e-01 -1.55033112e-01 -6.79367185e-01
    -5.78363180e-01 -9.53051567e-01 -9.14629161e-01 -9.55484629e-01
    -8.29554558e-01 -6.07428968e-01 -5.48979461e-01 -2.37605453e-01
    -9.86127853e-01 -3.99561048e-01 -5.00346482e-01 -4.05026376e-01
    -3.94368052e-01 -6.67440712e-01 -2.07425892e-01 -8.71983767e-02
    -8.36177886e-01 -5.74821591e-01 -6.80608273e-01 -3.82969260e-01
    -6.33792162e-01 -8.86195540e-01 -8.69646072e-01 -6.34647608e-01
    -3.04722309e-01 -2.45657504e-01 -1.49525285e-01 -6.01195991e-01
    -9.19300318e-03 1.32987618e-01 -2.20653206e-01 5.13513684e-02
    -4.31503862e-01 -2.33906507e-02 -6.60721302e-01 -2.12703466e-01
    -7.73571849e-01 -9.94877219e-02 -4.07445014e-01 -4.77885723e-01
    -9.41079855e-02 -9.74381924e-01 -6.72012568e-02 -4.32008147e-01
    -5.29636681e-01 -6.53566360e-01 -3.81638229e-01 -8.70798826e-01
    -4.24011350e-02 -2.30388105e-01 -4.35458422e-01 -8.45805645e-01
    -2.13795662e-01 -3.80123734e-01 -8.98259044e-01 -2.88318872e-01
    -9.89053011e-01 -4.45740223e-01 -2.67219841e-01 -4.22076583e-01
    -7.73827434e-02 -3.26981723e-01 -7.22850382e-01 -8.36004019e-01
    -3.49803030e-01 1.17556453e-02 -7.74673879e-01 -5.03832221e-01
    -2.68597484e-01 -4.50119913e-01 -4.48571026e-01 -6.49797440e-01
    -5.93654096e-01 -1.81204498e-01 -8.70935321e-01 -2.53828466e-01
    4.00611758e-02 -6.73204660e-02 -7.31023073e-01 -5.42519450e-01
    -7.46833682e-01 -4.63757515e-02 -3.85375619e-01 -6.86271131e-01
    -3.00031543e-01 -9.24072921e-01 4.39938903e-02 -6.14633024e-01
    -7.27943182e-01 -7.82560945e-01 -8.17982316e-01 9.63494778e-02
    7.66296983e-02 -5.01968145e-01 -2.92050898e-01 -4.72936988e-01
    -6.55991316e-01 -3.63804519e-01 -2.61872411e-01 -6.39432073e-01
    -4.60681230e-01 -4.33020771e-01 1.46333575e-02 -8.14570010e-01
    -1.31199658e-01 -9.10902023e-01 -7.81897664e-01 -1.07863486e-01
    -7.29364157e-01 2.46375203e-02 -3.07151020e-01 -8.75049770e-01
    -3.02954912e-02 -6.05418801e-01 -3.84119689e-01 -3.84119093e-01
    -5.47186136e-01 -7.89671421e-01 -5.49663305e-02 -9.30412889e-01
    -8.92070651e-01 -5.72857738e-01 -4.23260927e-01 -1.22743011e-01
    -3.12743425e-01 -2.19848871e-01 -7.63648272e-01 -6.63092256e-01
    -4.66382086e-01 -8.94845843e-01 -5.00882924e-01 -4.99616146e-01
    -7.40690351e-01 -6.08793855e-01 -8.38987231e-01 -2.77142584e-01
    -2.27174997e-01 -4.72444355e-01 -8.32881331e-01 -4.90658253e-01
    -3.74604464e-02 -7.22310066e-01 -3.20212483e-01 -2.11439729e-02
    -9.00942564e-01 -3.25227857e-01 -4.34210062e-01 -5.70434391e-01
    -1.54196918e-01 -8.38102102e-01 -9.27455783e-01 -8.40556741e-01
    -7.85121679e-01 -6.01906955e-01 -4.52222586e-01 -2.34097481e-01
    -4.72622395e-01 -8.54432762e-01 -2.50927806e-01 -8.99625719e-01
    -5.51948011e-01 -5.98458648e-02 -1.90172672e-01 -8.32889199e-01
    -5.47544599e-01 -8.82748187e-01 -6.82577491e-01 -3.65115166e-01
    -3.13665032e-01 -1.46319866e-01 -6.32237196e-01 -6.58203244e-01
    -1.01367450e+00 -4.65655327e-01 -9.92349029e-01 -8.60143304e-01
    -4.63833362e-01 -7.70488560e-01 -6.11097097e-01 -7.03659892e-01
    -3.13303351e-01 -6.01579010e-01 -1.53103232e-01 -9.06088948e-02
    -1.81775570e-01 -5.33918381e-01 -9.10650611e-01 -2.74118543e-01
    -6.16211891e-01 -4.59456503e-01 -4.53427255e-01 -9.58522439e-01
    -8.89814973e-01 -5.30296087e-01 -5.05120754e-02 -5.04563987e-01
    -2.60793865e-01 -4.81088400e-01 -4.86649126e-01 -8.19700241e-01
    -5.60024858e-01 -7.42168725e-01 -8.10501456e-01 -7.32047677e-01
    -7.24997103e-01 -5.93586326e-01 -4.94999528e-01 -6.99461102e-01
    -8.40896606e-01 -6.61137640e-01 -4.64309692e-01 -5.28571248e-01
    -6.83044314e-01 -8.12303185e-01 -5.43926120e-01 -5.59350491e-01
    -5.33146203e-01 -3.41546535e-01 -5.60314298e-01 -9.95880365e-02
    -2.13389516e-01 -5.50220728e-01 4.83095646e-04 -9.71154809e-01
    -7.32575417e-01 -6.96640015e-01 -5.10169506e-01 1.38384104e-03
    -2.37796128e-01 4.07541394e-02 -4.08364296e-01 -5.23590088e-01
    -4.79058743e-01 -6.43893719e-01 -6.27937794e-01 -5.60830772e-01
    -1.85231864e-01 -3.51730585e-02 -7.44136333e-01 -6.53249800e-01
    -1.77680433e-01 -6.60117984e-01 -8.40001106e-02 -9.10817385e-02
    2.18062997e-02 -6.47022843e-01 -8.28559399e-02 -7.53783405e-01
    -7.26204753e-01 -3.26869667e-01 -6.33097053e-01 -2.77895570e-01
    -6.02535248e-01 -2.63197541e-01 -4.31834936e-01 -4.14792299e-02
    -9.54373956e-01 -9.13039327e-01 -4.95497584e-01 -6.27895534e-01
    -5.58461189e-01 -6.49295926e-01 -2.07387209e-01 -5.82856715e-01
    -6.70224905e-01 -9.89087582e-01 -9.58039522e-01 -1.18632972e-01
    -7.93498218e-01 -4.79265928e-01 -3.61552536e-01 -5.97118080e-01
    -4.83598113e-02 -2.04299688e-01 -5.77422440e-01 -8.84325087e-01
    -3.30268145e-01 -3.51604700e-01 -8.41226459e-01 -2.43145227e-01
    -5.80988646e-01 -5.78005075e-01 -3.52416933e-01 -8.05467725e-01
    -3.70847285e-01 -5.90525031e-01 2.28330433e-01 2.62744129e-01
    2.30458021e-01 1.26412392e-01 3.75359058e-02 -4.64106143e-01
    -3.58470678e-02 -2.74931908e-01 -9.68498230e-01 -7.22246766e-02
    -7.77030349e-01 -2.19056010e-01 -7.94884086e-01 -8.15403461e-02
    -6.48164570e-01 -2.14755654e-01 -1.53090239e-01 -6.89040184e-01
    -6.12037778e-01 -5.21667838e-01 -2.06153333e-01 -9.33141232e-01
    -9.11666989e-01 -8.80429268e-01 -8.95371616e-01 -2.86831498e-01
    -6.69383168e-01 -5.96773505e-01 -9.56494927e-01 -5.97034812e-01
    -7.35814035e-01 -2.13602602e-01 4.04810309e-02 -6.67532980e-01
    -3.37021947e-01 -2.15645611e-01 -3.41398597e-01 -2.57557631e-01
    -9.29979384e-01 -6.00141823e-01 -2.59463191e-02 -6.01979196e-01
    -6.65834486e-01 4.00093198e-02 -2.99336076e-01 -4.11348403e-01
    -5.45602441e-01 8.54700804e-03 -6.95536494e-01 -3.70492101e-01
    -1.51218593e-01 -4.73404080e-01 -5.66817403e-01 -5.73548079e-01
    -7.39550352e-01 -5.24528623e-02 -6.42031789e-01 -5.00965774e-01
    -1.93916321e-01 -5.82293808e-01 -6.32272065e-01 -4.86935467e-01
    1.59263015e-02 -2.24784315e-01 -7.88334250e-01 -5.67553222e-01
    -8.17122877e-01 -1.09705091e-01 -7.09039927e-01 1.93533301e-02
    -3.48770082e-01 -7.85033345e-01 -3.58633578e-01 -3.34998548e-01
    -8.71349573e-01 -7.14899182e-01 -2.96149850e-02 -5.84968805e-01
    -6.18568420e-01 -4.47744191e-01 -5.21780491e-01 -6.04182661e-01
    -5.94434738e-01 -9.48444366e-01 -1.22309089e-01 -1.87115490e-01
    -4.43243980e-01 -1.47057593e-01 -8.86045098e-01 -7.51644611e-01
    -7.73717284e-01 -4.62301791e-01 -2.86477208e-01 -1.62540436e-01
    -8.05067301e-01 -7.18803883e-01 -4.51967120e-01 -7.78354406e-01
    -6.39762878e-02 -7.21933007e-01 -1.77065969e-01 -9.39482749e-01
    -3.47759962e-01 -8.25923085e-01 -1.14185929e-01 -2.68192410e-01
    -6.61006629e-01 -4.72814262e-01 -8.86377573e-01 -8.80463541e-01
    -5.58257222e-01 -1.23191237e-01 -3.78146648e-01 -8.50268781e-01
    -4.81879890e-01 -2.63264537e-01 -5.02794027e-01 -4.77443248e-01
    -3.10452282e-01 -8.42299223e-01 -3.50235403e-01 -1.34838462e-01
    -2.98266292e-01 -8.74271393e-02 -5.38724959e-01 -9.41644073e-01
    -9.26783204e-01 -2.11184204e-01 -6.26948833e-01 -1.51925087e-02
    -7.50539899e-01 -6.41727328e-01 -8.98568690e-01 -4.07923460e-02
    -8.89871836e-01 -1.85420811e-01 -4.47089553e-01 -7.85259128e-01
    -5.98148465e-01 -8.53996634e-01 -4.34896648e-01 -3.45867038e-01
    -7.67556071e-01 -8.15422893e-01 -4.50303912e-01 -6.85485899e-01
    -3.84402215e-01 -2.10415363e-01 -6.44117475e-01 -5.55706978e-01
    -8.35867286e-01 2.44884491e-02 -4.20233071e-01 -6.22634828e-01
    -1.05410159e-01 -6.25346184e-01 -7.62557268e-01 -2.46311665e-01
    -4.73509014e-01 -2.80945182e-01 -1.42964840e-01 -2.00063705e-01
    -2.51628637e-01 -1.00973547e-01 -7.74694562e-01 -3.76795828e-01
    -7.25161195e-01 -8.05593967e-01 -9.05343294e-01 -4.99602377e-01
    -9.02453661e-02 -4.91482198e-01 -8.04479361e-01 -1.97576880e-02
    -1.37445092e-01 -5.75463891e-01 -1.84558988e-01 -3.21907640e-01
    -3.08576643e-01 -1.36877120e-01 -2.89372265e-01 -7.14358985e-01
    -5.11363089e-01 7.87443519e-02 -8.66272092e-01 -8.18778753e-01
    -2.83877909e-01 -6.46559417e-01 -4.85823989e-01 -9.44803476e-01
    -4.81679857e-01 -1.44957662e-01 -7.57379293e-01 -2.58521438e-02
    -3.25423479e-03 -1.52895033e-01 -1.61457062e-01 -9.24457312e-01
    -3.91169906e-01 -4.97772217e-01 -5.45444369e-01 -7.51052797e-01
    -5.52491128e-01 -8.87561083e-01 -4.82583493e-01 -7.21579909e-01
    -6.23476148e-01 -1.26159072e-01 -7.58759618e-01 1.07329726e-01
    -8.28048050e-01 -7.98471093e-01 -7.72472739e-01 -4.38945562e-01
    -5.48399925e-01 -1.49068654e-01 -4.61987942e-01 -4.67799604e-01
    -1.91317737e-01 -5.43980002e-01 -2.63249695e-01 -8.39316666e-01
    -2.56686807e-02 -2.19272196e-01 -3.53520751e-01 -5.41951418e-01
    -3.39888334e-02 -2.16312647e-01 -5.57662725e-01 -5.81289530e-02
    -6.11173391e-01 -5.37081420e-01 -2.76855826e-01 -2.10904956e-01
    -2.75559068e-01 -8.69438648e-02 -1.30491257e-01 -5.53014159e-01
    -6.57226920e-01 -6.13638520e-01 -9.34449196e-01 -2.86409080e-01
    -3.33084762e-01 -4.43999887e-01 -1.18651330e-01 -5.48272729e-02
    -3.60796511e-01 -7.83460617e-01 -1.46650434e-01 -2.23056495e-01
    -1.75051272e-01 -4.58867550e-02 -6.74577653e-01 -5.70693254e-01
    -5.72916090e-01 -5.94790637e-01 -5.81397057e-01 -7.26627111e-02
    2.49462605e-01 -3.83111119e-01 -3.44025910e-01 -1.13630891e-01
    -6.31714582e-01 -1.06857538e-01 -9.18250620e-01 -3.52914333e-02
    -7.19974577e-01 -6.19657636e-01 -6.09666109e-01 -5.16399562e-01
    -1.25398874e-01 -9.52721119e-01 -6.95206642e-01 -6.38133347e-01
    -8.66913795e-03 -6.20515049e-01 -8.55421543e-01 -3.82069647e-01
    -5.58566034e-01 -5.02505839e-01 -3.11047018e-01 -4.80972767e-01
    -6.35360837e-01 -2.58254409e-01 -9.45632517e-01 -1.93609774e-01
    -6.49609804e-01 -8.66749287e-01 -3.96862686e-01 -7.25805759e-01
    -7.27441669e-01 -6.74083948e-01 -5.43264627e-01 -3.49734008e-01
    -1.74164176e-01 -6.39174283e-01 -5.76293051e-01 -5.84482908e-01
    -7.29455650e-01 -1.23862147e-01 -4.16715562e-01 -4.66713548e-01
    -2.67004967e-02 -6.89551950e-01 -1.06208861e-01 -7.07680166e-01
    -6.58758402e-01 -6.66261375e-01 -6.25722170e-01 -3.47375572e-01
    5.13988733e-02 -7.32488751e-01 -6.86848640e-01 -8.37745905e-01
    -1.27553701e-01 -6.90056324e-01 -8.35942388e-01 -4.69227910e-01
    -4.25248742e-01 -7.49033928e-01 -4.92500603e-01 -5.89860082e-02
    -5.95835507e-01 -5.33491850e-01 -7.24280834e-01 -8.10860753e-01
    -1.35642886e-02 -8.38372350e-01 -6.66107297e-01 -6.84354901e-01
    -4.63219285e-01 -3.00032198e-01 -5.48107207e-01 -3.70010436e-01
    -1.18846655e-01 -5.14854968e-01 -4.16130781e-01 -8.33449304e-01
    -2.13181853e-01 -3.17978978e-01 -6.50949955e-01 -3.33341241e-01
    -4.58574414e-01 -2.99137473e-01 -6.61669612e-01 -9.13163364e-01
    -3.16719651e-01 -2.20404506e-01 -4.48524714e-01 -5.66091418e-01
    -8.34226072e-01 -5.27063072e-01 -1.13166273e-01 -1.46958768e-01
    -8.82369816e-01 -6.28756285e-02 -8.18564713e-01 -4.41174209e-01
    -7.18730450e-01 -9.22160029e-01 -3.39667082e-01 -2.38530874e-01
    -6.50934219e-01 -4.45450306e-01 -5.35075068e-02 -9.32382464e-01
    -7.06896663e-01 -6.97494030e-01 -1.09137535e-01 -6.28272831e-01
    -7.48049140e-01 2.98582911e-02 -9.15377259e-01 -9.33778286e-01
    -7.03794360e-01 -6.75605178e-01 -2.95382738e-02 -7.28211403e-01
    -4.30470586e-01 -7.72130609e-01 -1.96260214e-01 -3.11846375e-01
    -3.02965403e-01 -1.69775784e-01 -8.06671262e-01 -8.74381065e-02
    -1.91787839e-01 -1.56129956e-01 -7.79019594e-01 -3.41517866e-01
    -2.45905876e-01 -3.40424478e-01 -5.91952682e-01 -4.23193455e-01
    -8.58355582e-01 -9.48436260e-02 -5.95089912e-01 -8.29618216e-01
    -3.75492871e-01 -3.63657475e-01 -2.58631706e-01 -1.89064860e-01
    -5.19455791e-01 -6.53358936e-01 -4.93543535e-01 -3.51759434e-01
    -1.77552998e-01 -8.58222306e-01 -1.25553608e-01 -6.29801273e-01
    -9.15771723e-02 -1.23675466e-01 -6.68075502e-01 -8.57437849e-02
    -3.30071032e-01 -5.12516499e-01 -7.60103822e-01 -9.63787675e-01
    -6.85059786e-01 -3.26135039e-01 -3.83867860e-01 -6.60128295e-01
    -3.92987967e-01 -2.54558444e-01 -7.10466981e-01 -6.33626103e-01
    -9.09640789e-01 -9.01269913e-03 -3.11782122e-01 -1.28908694e-01
    -1.50457025e-01 -5.74773014e-01 -9.23401833e-01 -4.38862741e-01
    -7.79964328e-01 -4.43425655e-01 -3.97716880e-01 -5.56747913e-01
    -6.40341282e-01 -4.35086936e-01 -5.21166325e-01 -2.26920784e-01
    -1.48214757e-01 -5.92131257e-01 -1.92230344e-02 -4.01758194e-01
    -5.45978785e-01 -6.35171294e-01 -2.52788067e-01 -8.19790244e-01
    -2.42667854e-01 -9.30883527e-01 -3.51833642e-01 -9.09745693e-01
    -6.63135529e-01 -5.18154323e-01 -4.92265701e-01 -4.56271201e-01
    -1.13000691e-01 1.32943392e-02 -6.46172404e-01 -1.63079619e-01
    -5.52706718e-01 -2.84792483e-01 -7.16513872e-01 2.93501019e-02
    -7.27811575e-01 -2.50093162e-01 -6.36608601e-01 -5.08435845e-01
    -2.48273730e-01 -1.04363918e-01 -3.07851851e-01 -6.12233281e-02
    -3.20779085e-01 -7.47559667e-01 -3.13456833e-01 -4.29233372e-01
    -3.76002848e-01 -3.13633502e-01 -8.37016463e-01 -6.62680507e-01
    -8.04035604e-01 -6.72520697e-01 -3.72209966e-01 -1.01984453e+00
    -1.60737276e-01 -8.52343678e-01 -3.63648891e-01 -3.06080222e-01
    -4.33314204e-01 -2.83092141e-01 -7.08359778e-01 -3.62101018e-01
    -4.96252358e-01 -6.22190237e-01 -1.51825190e-01 -8.80459189e-01
    -9.57203984e-01 -1.67009294e-01 -9.49645042e-01 -8.10160041e-01
    -9.70816016e-02 -1.85057461e-01 -8.53158236e-01 -7.54262209e-01
    -9.50412333e-01 -1.80991650e-01 -5.14429331e-01 -8.22632551e-01
    -3.56426299e-01 1.23698592e-01 -3.30124170e-01 -3.50592107e-01
    -3.11258823e-01 -1.47032142e-02 -6.95143819e-01 -5.84397316e-02
    -5.92627823e-01 -9.94213998e-01 -3.86001527e-01 -8.05113554e-01
    -3.54447722e-01 -2.27103949e-01 -9.54673052e-01 -4.86953139e-01
    -2.20608890e-01 -2.32433736e-01 -3.68978977e-02 -4.65698421e-01
    -1.94315016e-01 -6.05453193e-01 -2.25219965e-01 -5.69936872e-01
    -4.44450200e-01 -4.42404151e-02 -2.91841626e-01 -5.19756794e-01
    -9.75588560e-02 -9.73484993e-01 -3.21654916e-01 -6.35560751e-02
    -1.23262405e-03 -6.39174104e-01 -9.18129742e-01 -5.29562473e-01
    -8.74332190e-01 -3.56614232e-01 -4.79731381e-01 -2.50259280e-01
    -2.53485680e-01 -5.32496750e-01 -2.67621040e-01 -8.86956513e-01
    -6.27182841e-01 -7.59836435e-01 -5.15304804e-01 -3.08048606e-01
    -6.74412251e-01 -7.46846318e-01 -2.73259819e-01 7.61432648e-02
    -8.67553592e-01 -7.83220112e-01 -2.29842603e-01 -8.82181525e-01
    -5.68093419e-01 3.18519473e-02 -6.66881561e-01 -4.14850712e-01
    1.57007575e-02 -7.16465831e-01 -3.18942606e-01 -4.05191183e-01
    -7.02598870e-01 -1.16691530e-01 -7.43323565e-01 -5.09211123e-01
    -1.58729434e-01 -5.40657282e-01 -7.45568871e-02 -7.02246428e-01
    -3.10968339e-01 -5.38040876e-01 -7.15411901e-02 -2.60663748e-01
    -2.24528372e-01 -3.56980324e-01 -1.43660188e-01 -8.51845026e-01
    -5.39779067e-01 -4.91862595e-01 -5.93324304e-01 -6.86527193e-01
    -1.07374787e-01 -8.30192626e-01 -1.16002440e-01 -2.76004612e-01
    -2.29947567e-01 -2.75756657e-01 -6.37124181e-02 -4.94566679e-01
    -1.33278370e-01 -6.81111693e-01 -3.09169233e-01 -7.43620992e-01
    -8.06311011e-01 -3.76468480e-01 -2.11353898e-01 -4.30264831e-01
    -5.77064157e-01 -2.45535433e-01 -2.34978318e-01 -3.88454676e-01
    -9.49653745e-01 -4.98850286e-01 -4.76239324e-01 -4.92655814e-01
    -3.37801576e-01 -3.78276110e-01 -3.49034429e-01 -8.01823258e-01
    -5.35901070e-01 -2.41955459e-01 -8.97591949e-01 -4.68953907e-01
    -5.50084233e-01 -3.60856652e-02 -3.72108996e-01 -4.78914022e-01
    -4.44157302e-01 -3.97547543e-01 -3.25932443e-01 -4.27103877e-01
    -6.68379724e-01 -8.45350206e-01 -1.86137676e-01 -7.19665468e-01
    -8.28405619e-02 -8.57504368e-01 -3.45636547e-01 -7.45321035e-01
    -7.52738237e-01 -8.18710327e-01 -2.67390788e-01 -8.35991383e-01
    -7.33096123e-01 -7.04488933e-01 -4.08967793e-01 -4.84236419e-01
    -4.95279670e-01 -1.00969017e-01 -4.54625607e-01 -3.93730760e-01
    -1.93125606e-01 -1.33647501e-01 -3.24468851e-01 -2.58353829e-01
    -2.88447738e-02 -4.22216058e-02 -1.64099872e-01 -7.35297918e-01
    -2.44057000e-01 -6.77898765e-01 -1.29718661e-01 -7.07565069e-01
    -7.07305551e-01 -4.52629268e-01 -8.90422583e-01 -4.21513796e-01
    -4.04576004e-01 -8.41549993e-01 -6.30121529e-01 -8.77453089e-01
    -6.78017020e-01 -6.01285517e-01 -1.38495326e-01 -2.68729687e-01
    -2.25395083e-01 -4.03277218e-01 -2.82046080e-01 -4.11343694e-01
    -1.37703538e-01 -9.31407392e-01 -8.96267474e-01 -3.72426271e-01
    -1.38469934e-01 -7.91277885e-01 -8.13918471e-01 -2.08591461e-01
    -5.11076331e-01 -6.35708511e-01 -6.62810206e-01 -2.65715361e-01
    -8.33386660e-01 -2.70520329e-01 -2.38720059e-01 -6.04035318e-01
    -4.30505872e-01 -8.93265188e-01 -9.70390081e-01 -9.43993568e-01
    -7.85789728e-01 -6.43961668e-01 -3.80612850e-01 -6.97737694e-01
    -1.48546398e-01 -2.11790204e-02 -5.02387106e-01 -7.27433205e-01
    -6.33192778e-01 -5.40918767e-01 -7.32742906e-01 -7.87636578e-01
    -8.70724142e-01 -9.29452181e-02 -3.57212067e-01 -8.20061207e-01
    -6.91307783e-02 -4.09696758e-01 -5.69096208e-02 -3.71264517e-01
    -2.44193375e-01 -6.17200375e-01 -2.13305950e-01 -7.35128999e-01
    -6.64550245e-01 -6.16697848e-01 -7.08094358e-01 9.58898067e-02
    -3.33409756e-01 -2.09538698e-01 -3.05113673e-01 -8.48122716e-01
    -2.38220990e-01 6.21271133e-03 -5.65265536e-01 -6.59037590e-01
    -1.06364965e-01 -9.45223391e-01 -4.84471202e-01 -5.66021740e-01
    -3.22399974e-01 -2.58775830e-01 -4.41142917e-01 -2.75360167e-01
    -3.84314895e-01 -5.25876284e-02 -4.61264074e-01 -8.57394636e-01
    -8.20535123e-01 -7.26383090e-01 -2.82262146e-01 -1.61909640e-01
    -1.58456981e-01 -2.75049269e-01 -4.30388033e-01 -9.47657347e-01
    -2.98420727e-01 -6.47425473e-01 -4.43336606e-01 -4.55010533e-02
    -4.83665466e-01 -9.08682406e-01 -9.01259303e-01 -7.57300258e-01
    -2.46416986e-01 -3.57031256e-01 1.86660290e-02 1.86935246e-01
    6.66664839e-02 -4.18321490e-02 -2.90104032e-01 -9.37012672e-01
    -1.58979952e-01 -4.87459302e-02 -7.43290186e-01 -7.23760486e-01
    -7.33643174e-02 -1.73432589e-01 -5.91773748e-01 -7.56245017e-01
    -1.07153773e-01 -6.90166473e-01 -1.49151921e-01 -3.49462152e-01
    -6.64314151e-01 -3.70925069e-01 -5.88834763e-01 -2.80269563e-01
    -5.58017969e-01 -1.24371469e-01 -1.46205246e-01 -7.06136107e-01
    -1.03735447e-01 -3.88289094e-01 -9.67295527e-01 -2.50131786e-01
    -9.05401230e-01 -8.40898752e-02 -2.60727882e-01 -3.97315025e-01
    -1.48744643e-01 -9.07989144e-01 -7.45083392e-01 -6.36402190e-01
    -1.01287198e+00 -8.88052642e-01 -5.20855188e-02 -5.29802918e-01
    -5.67637026e-01 -5.42718887e-01 -9.68976498e-01 -2.00184882e-01
    -2.52353013e-01 -8.03296208e-01 -3.42208207e-01 -6.98567927e-01
    -2.39931285e-01 -5.20942628e-01 -7.09590435e-01 -1.77227199e-01
    -5.97648382e-01 -2.01385379e-01 -5.84007502e-01 -2.17500925e-01
    -8.96930456e-01 -8.23326945e-01 -9.61650252e-01 7.13497400e-03
    -1.69956148e-01 -3.14149141e-01 -7.03557789e-01 -2.09902465e-01
    -8.68689656e-01 -8.14825058e-01 -7.99463630e-01 -2.54726291e-01
    -6.58588111e-01 -3.70857775e-01 -3.35762262e-01 -5.74525177e-01
    -7.83204198e-01 -9.84500408e-01 -2.49590814e-01 -5.92251658e-01
    -1.03464425e-01 -9.36782300e-01 -7.25038230e-01 -2.11379528e-01
    -6.73503518e-01 -5.97139478e-01 -5.34861982e-01 -7.22996593e-01
    -8.27952504e-01 -8.67445111e-01 -1.88885391e-01 -4.56981778e-01
    -7.88189769e-01 -4.04883742e-01 -1.88989103e-01 -8.31391156e-01
    -1.72471881e-01 -7.31685400e-01 -3.30045104e-01 -6.19464576e-01
    -4.24274206e-02 -5.22090971e-01 -4.22862947e-01 -8.60204816e-01
    -3.61422896e-01 -1.57108128e-01 -1.09590948e-01 -1.30653381e-01
    -3.86264563e-01 -3.35789919e-01 -1.07411981e-01 -6.23333097e-01
    -9.09094155e-01 -4.91701245e-01 -3.26008618e-01 -7.43078828e-01
    -9.07737434e-01 -2.87454009e-01 -7.29495049e-01 -7.71438122e-01
    -3.61958325e-01 -2.33282506e-01 -4.31792736e-02 -7.03303814e-02
    -6.20586932e-01 -1.35078132e-01 -6.98325634e-02 -7.50674248e-01
    -8.74498665e-01 -7.53447890e-01 -3.81422937e-01 -8.19888294e-01
    -6.09805703e-01 -6.95706010e-02 -9.02024150e-01 -4.12474513e-01
    -2.22895861e-01 -7.83468366e-01 -6.96000874e-01 -5.76707006e-01
    -4.24543858e-01 -8.84134293e-01 -3.14085305e-01 -6.88460827e-01
    -6.71263695e-01 -9.08411145e-01 -3.12886834e-02 -8.14077020e-01
    -9.16584730e-01 -1.83861554e-01 -8.20814967e-01 -3.63724291e-01
    -9.19720829e-01 -5.90120435e-01 -5.50967336e-01 -4.19573665e-01
    -3.56434286e-01 -2.73024499e-01 -5.69526136e-01 -5.39180517e-01
    -1.23332739e-01 -4.39900756e-02 -8.95024538e-01 -8.23535204e-01
    -5.24602652e-01 -4.17172790e-01 -2.16978669e-01 -5.05399048e-01
    -7.70181119e-01 -6.91830158e-01 -2.43978739e-01 -1.00765586e+00
    -2.44136333e-01 -8.61429453e-01 -4.80444551e-01 -3.22993815e-01
    -5.56566119e-01 -2.68592119e-01 -9.08721924e-01 -6.81699812e-01
    -3.78074646e-02 -1.63455963e-01 -5.39856076e-01 -4.59434390e-02
    -5.28883934e-02 -3.17982554e-01 -9.16816175e-01 -9.20499682e-01
    -8.05156231e-01 -6.47376001e-01 -4.49330211e-02 -1.79759800e-01
    -2.49178469e-01 -1.90810800e-01 -1.15877926e-01 -6.95907950e-01
    -7.15384305e-01 -3.22661757e-01 -3.49174321e-01 -5.25771976e-01
    -5.22580147e-01 -7.78576136e-02 -7.65916944e-01 -2.82379091e-01
    -7.05029368e-01 -8.78354430e-01 -1.73674464e-01 -1.18180394e-01
    -7.83389807e-01 -1.45103157e-01 -1.84994936e-03 -1.52714849e-02
    -7.78138220e-01 -6.94165826e-01 -8.08564067e-01 -1.23503327e-01
    -2.67709255e-01 -1.55478120e-02 -6.14314020e-01 -3.30886662e-01
    -6.55374408e-01 -6.33093655e-01 -7.33955383e-01 -7.98275650e-01
    -5.96466541e-01 -5.68132758e-01 -7.64575601e-02 -2.75345802e-01
    -3.92358243e-01 -8.91918659e-01 -5.79472721e-01 -5.41949272e-01
    -2.14975595e-01 -9.97903764e-01 -2.05240488e-01 -4.34640288e-01
    -1.42159820e-01 -9.61117864e-01 -7.27303624e-01 -4.34730619e-01
    -6.27758324e-01 -7.54563093e-01 -3.06612611e-01 1.92596912e-02
    -3.15883100e-01 -7.96170712e-01 -3.03039253e-01 -9.21823144e-01
    -5.10917187e-01 -1.04912639e-01 -3.64026427e-01 -2.51983285e-01
    -2.37273037e-01 -8.15437078e-01 -5.18511415e-01 -6.66634262e-01
    -6.50456905e-01 1.02915525e-01 -2.40961045e-01 5.83378077e-02
    4.53461409e-02 -2.53131747e-01 -4.92089152e-01 -1.06492221e-01
    -4.76283461e-01 -2.52757728e-01 -6.75865650e-01 1.30585432e-02
    -9.36971188e-01 -5.23342133e-01 -1.17916882e-01 -7.53308058e-01
    -7.23691106e-01 -9.27275658e-01 -5.26926994e-01 -5.08375466e-01
    -2.27301180e-01 -7.83344030e-01 -6.98182106e-01 -3.58142018e-01
    -8.29550028e-02 -5.16489744e-02 -4.21298802e-01 -3.74911785e-01
    -8.79209936e-01 -7.44882822e-02 -5.46751440e-01 -4.35266495e-02
    -8.63453865e-01 -3.51668000e-01 -9.20239687e-01 -3.30982864e-01
    -8.07688475e-01 -2.77704895e-01 -5.14571190e-01 -4.72635448e-01
    -2.34542012e-01 -6.05927944e-01 -6.65417433e-01 -1.05174541e-01
    -5.08600235e-01 -3.51394892e-01 -1.60639524e-01 -4.15098667e-01
    -8.77099633e-01 -5.15337825e-01 -8.59781504e-02 -5.29847145e-01
    -3.47920060e-01 -6.79061651e-01 -1.67369664e-01 -2.97625422e-01
    -3.46843481e-01 -3.32709134e-01 -9.23717380e-01 -1.73099041e-01
    -5.83275497e-01 -5.40154457e-01 -2.59396434e-01 -5.98257899e-01
    -1.62057638e-01 -3.79319310e-01 -4.84351039e-01 -2.76311815e-01
    -9.34038162e-01 -5.86357474e-01 -7.78990149e-01 -4.77202207e-01
    -1.51424170e-01 -4.02328551e-01 -6.41930461e-01 -8.88276815e-01
    -8.11609626e-02 -5.61913192e-01 -7.33438730e-02 -1.83557034e-01
    -4.13803399e-01 -7.76165187e-01 -5.92092633e-01 -3.53075027e-01
    -2.24656105e-01 -7.47340083e-01 -1.00140822e+00 -6.58530891e-01
    -5.35997629e-01 -6.97174668e-02 -7.32646465e-01 -6.20385468e-01
    -6.90445721e-01 -8.45697284e-01 -4.84937370e-01 -8.42095256e-01
    -7.95419455e-01 -9.56884980e-01 -8.35954368e-01 -2.70806789e-01
    -5.84886432e-01 -8.40955853e-01 -1.28378034e-01 -2.28313684e-01
    -4.15573120e-01 -1.03498912e+00 -5.95118999e-01 -9.54133630e-01
    -7.65124679e-01 -1.74057364e-01 -1.61926150e-01 -1.30709231e-01
    -4.76738662e-01 -6.67951465e-01 -4.97748256e-02 -4.43263710e-01
    -1.30538046e-01 -1.38364613e-01 -1.05086148e-01 -7.38085985e-01
    -5.78209341e-01 -3.38606238e-01 -9.35370684e-01 -5.55299997e-01
    -8.66335809e-01 -2.04175174e-01 -2.79532552e-01 -7.36780286e-01
    -9.41660762e-01 -4.77651119e-01 -7.83053100e-01 -1.28114820e-01
    -2.31726944e-01 -1.67960942e-01 -2.11740971e-01 -3.98133755e-01
    -2.87678897e-01 -7.20291793e-01 -4.05640125e-01 -8.68486762e-01
    -7.08383083e-01 -3.57910335e-01 -6.79392040e-01 -7.02559352e-01
    -1.05924547e-01 -7.93740511e-01 -4.19025242e-01 -5.23414791e-01
    -6.88449264e-01 -7.83155322e-01 1.46410465e-02 1.19232535e-02
    -5.66090882e-01 -4.56472695e-01 -8.07327092e-01 -2.38845944e-01
    -8.27069759e-01 -1.14120424e-01 -6.22370958e-01 -9.09662247e-02
    -7.82056391e-01 -2.04378426e-01 -4.71694648e-01 -3.63161564e-02
    -7.90383220e-01 -3.10886025e-01 -7.53148615e-01 -6.32017970e-01
    -8.42706680e-01 -4.83091295e-01 -1.28969610e-01 -6.55745983e-01
    -7.29939759e-01 -7.82691777e-01 -5.81841469e-01 -2.33113110e-01
    -1.27668023e-01 -5.81174314e-01 -9.42916572e-01 -8.15166235e-02
    -6.98480785e-01 -2.59892106e-01 -8.66241634e-01 -8.51814866e-01
    -9.81807113e-02 -8.53264749e-01 -3.86753798e-01 -3.80519032e-01
    -1.58215046e-01 -3.83998513e-01 -2.20683634e-01 -2.31179595e-02
    -4.47715878e-01 -4.95732814e-01 -9.10795450e-01 -8.22507858e-01
    -7.29052365e-01 -7.49978542e-01 -3.65229964e-01 -8.33194435e-01
    -9.16543961e-01 -8.24211538e-01 -4.68794465e-01 -1.70989633e-01
    -1.11278653e-01 -5.89352489e-01 -2.32563376e-01 -2.40407228e-01
    -3.82373214e-01 -4.24884796e-01 -7.16978371e-01 -8.76540422e-01
    -6.42044187e-01 -7.84284294e-01 -8.31590235e-01 -4.33038831e-01
    -7.63533235e-01 -2.79966712e-01 -5.69397211e-02 -8.07505906e-01
    -7.04780698e-01 -2.92833984e-01 -7.41590381e-01 -5.20923257e-01
    -8.43244612e-01 -6.54872656e-02 -8.50085735e-01 -4.64876533e-01
    -2.05874324e-01 -9.41151977e-01 -1.47398651e-01 -5.73776960e-02
    -8.76237392e-01 -7.10121632e-01 -4.43907380e-01 -8.27157855e-01
    -8.38858664e-01 -2.77481437e-01 -7.30081081e-01 -4.06525016e-01
    -2.04031885e-01 -4.61907148e-01 -4.26699281e-01 -2.81251669e-02
    -1.36794806e-01 -6.73184037e-01 -7.95285702e-02 -8.86493683e-01
    -1.27090394e-01 -7.56320417e-01 -1.99776113e-01 -2.25311697e-01
    -1.96506977e-01 -1.13129139e-01 -6.70412779e-02 -7.34363914e-01
    -4.10126716e-01 -4.86356080e-01 2.75735199e-01 -4.12431091e-01
    1.79288983e-01 -4.99393761e-01 -2.64895022e-01 -9.08392906e-01
    -3.36756349e-01 -7.49720156e-01 2.18567252e-02 -4.93887693e-01
    -7.59730697e-01 -5.78409255e-01 -8.52159560e-01 -6.47289038e-01
    -6.79693222e-02 -3.60139251e-01 -8.59170318e-01 -6.89669609e-01
    -4.17014956e-02 -7.61218905e-01 -2.33277023e-01 -9.52625871e-02
    -8.50978374e-01 -7.84102738e-01 -6.63433075e-01 -8.35257649e-01
    -1.02203059e+00 -4.19654071e-01 -8.97357821e-01 -6.75058424e-01
    -4.82186496e-01 -8.33503962e-01 -3.63235891e-01 -1.30296111e-01
    -2.76046693e-01 -4.24813569e-01 -4.39845204e-01 -2.18523562e-01
    -1.04214299e+00 -3.33157241e-01 -6.10821009e-01 -9.28505301e-01
    -7.84204721e-01 -6.66909933e-01 -3.52222323e-01 -6.88821793e-01
    -2.01886415e-01 -7.80972004e-01 -7.46162891e-01 -6.90835238e-01
    -7.31499076e-01 -4.15094793e-01 -1.70056164e-01 -2.26318479e-01
    -6.00054026e-01 -6.95528865e-01 -8.01970840e-01 -3.54702950e-01
    -2.80891240e-01 -1.77251697e-01 -9.41867352e-01 -3.55860770e-01
    -9.45085526e-01 -2.71122336e-01 -3.72604609e-01 -1.51841819e-01
    -8.06701660e-01 -3.32209706e-01 7.29799271e-03 -4.94066268e-01
    -5.91385961e-01 -2.45803237e-01 -3.04413736e-01 -5.56131482e-01
    -4.12811399e-01 -9.08738375e-01 -3.32322180e-01 -9.31895375e-01
    -6.90796852e-01 -1.10308409e-01 -1.76384330e-01 -3.13055754e-01
    -8.64508271e-01 -4.54712451e-01 -3.56631577e-01 -3.43457639e-01
    -7.25321293e-01 -5.06955385e-01 -4.90370035e-01 -1.66809082e-01
    -4.33568895e-01 -2.31068432e-01 -1.70670390e-01 1.41434669e-02
    -2.64725506e-01 -6.22978926e-01 -7.59590864e-02 -8.47308159e-01
    -5.31362772e-01 -4.42038000e-01 -5.50361276e-02 -8.80589664e-01
    -8.62380624e-01 -7.64101386e-01 -1.97869420e-01 -7.68977404e-02
    -9.27253366e-01 -1.11548781e-01 -9.10596788e-01 -1.99775815e-01
    -7.45705366e-01 -7.37860024e-01 1.07997656e-02 -9.90779877e-01
    -5.00319600e-02 -4.03234720e-01 -7.88271546e-01 -6.46318674e-01
    -1.59198821e-01 -4.56788182e-01 -6.99658215e-01 -5.19103944e-01
    -2.89832950e-02 -4.27576482e-01 -8.48608017e-01 -5.29443920e-01
    -4.67780054e-01 -2.47685909e-02 -2.68557966e-01 -3.66093278e-01
    -3.41416717e-01 -8.44348073e-01 -8.38940561e-01 -2.79454529e-01
    -3.52334023e-01 -8.23808908e-02 -4.89797711e-01 -5.92576563e-01
    -5.58549643e-01 -2.81868041e-01 -4.72302318e-01 -6.34990036e-01
    -6.77105844e-01 -3.59880447e-01 -2.55919456e-01 -7.00466514e-01
    -4.37217742e-01 -8.23136210e-01 -8.25248063e-01 -1.54037952e-01
    -6.79686904e-01 -2.06737518e-02 -3.82387757e-01 -6.56059861e-01
    -2.04987109e-01 -2.05992222e-01 -8.58325839e-01 -9.43427920e-01
    -5.29124022e-01 -7.31326342e-01 -3.45196247e-01 -7.97750950e-02
    -8.42973948e-01 -2.77754903e-01 -1.50972366e-01 -3.53498399e-01
    -2.97367215e-01 -6.35577202e-01 -2.33407497e-01 -4.26367521e-01
    -4.88153577e-01 -3.93431187e-01 -6.00125372e-01 -6.63031340e-01
    -1.98148191e-01 -5.72965980e-01 -1.30827248e-01 -1.60641313e-01
    -2.28978992e-01 -4.12179887e-01 -8.44808400e-01 -8.40291917e-01
    -8.87514651e-01 -3.00900280e-01 -1.78308606e-01 -5.64479828e-03
    -1.00031734e-01 -4.26281452e-01 -8.71846676e-01 -4.16150033e-01
    -7.06001878e-01 -1.96036041e-01 -9.41507220e-02 -7.43418097e-01
    -6.02959156e-01 -6.12765551e-02 -9.28968191e-02 -9.89446044e-02
    -1.90668941e-01 -3.98532391e-01 -2.77972579e-01 -8.90944958e-01
    -5.20194769e-02 -6.06477380e-01 -3.28674793e-01 -2.44356632e-01
    -7.66961038e-01 -5.44633031e-01 -8.78296494e-01 -8.64407182e-01
    -2.76033759e-01 6.47618771e-02 -2.30232835e-01 -5.19962192e-01
    -9.88479853e-02 -1.48671865e-01 -4.91561174e-01 -2.61161208e-01
    -6.74997687e-01 -2.95753121e-01 -8.20913196e-01 -6.46946967e-01
    -8.42218101e-01 -1.96455538e-01 -2.31131911e-01 -3.63241792e-01
    -8.69077206e-01 -2.10606277e-01 -2.18398213e-01 -3.89826059e-01
    -4.75027740e-01 -8.10934901e-02 -6.77088499e-02 -8.86509478e-01
    -5.85526824e-01 -3.77016425e-01 -4.16156173e-01 -1.31665409e-01
    -3.17540467e-01 -2.41421402e-01 -8.59444916e-01 -7.14393258e-01
    -6.09158099e-01 -7.27918744e-01 -5.84970713e-01 -7.24958420e-01
    -7.97602654e-01 -6.77661300e-01 -2.27363765e-01 -9.55537796e-01
    -6.46391392e-01 -1.29016042e-02 -8.03363323e-03 -4.28767443e-01
    -7.02243686e-01 -5.76673687e-01 -2.87800521e-01 -3.97626936e-01
    1.93636715e-01 -3.10439527e-01 -6.54107571e-01 -7.47151077e-01
    -8.55756283e-01 -8.99058104e-01 -5.50546646e-02 -2.28995621e-01
    -5.07575989e-01 -8.76451373e-01 -1.38850152e-01 -3.42744172e-01
    -3.14073145e-01 -1.78545415e-01 -5.56930065e-01 -3.72923017e-01
    -7.35447288e-01 -5.51700354e-01 -4.48833823e-01 -9.20914888e-01
    -4.48759079e-01 -8.41205120e-02 -9.29892123e-01 -7.72051156e-01
    -4.14686680e-01 -1.01281476e+00 -2.83581972e-01 -2.59105623e-01
    -3.20745707e-02 -8.97272885e-01 -7.10024834e-02 -7.52061009e-01
    -2.66902149e-01 -4.21777844e-01 -4.77489293e-01 -2.68610716e-01
    -4.28438306e-01 -2.59484529e-01 -6.00670099e-01 -3.52749467e-01
    -1.40487611e-01 -1.27948403e-01 -8.00901949e-01 -3.34136844e-01
    -9.15081501e-02 -3.78166556e-01 -2.71025777e-01 -6.23542011e-01
    -7.03604281e-01 -4.51351821e-01 -5.80244303e-01 -2.62217879e-01
    -6.00619197e-01 -9.95338321e-01 -4.34234142e-02 -1.24651849e-01
    -3.43079090e-01 -9.50089216e-01 -5.64817488e-01 -4.12919998e-01
    -4.41216350e-01 -1.03945744e+00 -1.19810998e-01 -1.57217681e-01
    -4.02217269e-01 -7.12461293e-01 -3.83317947e-01 -3.20834637e-01
    -8.13197732e-01 -2.43342578e-01 -9.92362499e-02 -2.77260959e-01
    -6.83162272e-01 -7.56523967e-01 -4.52018738e-01 -2.05716670e-01
    -9.65384245e-02 -9.39302862e-01 -9.01148915e-01 -2.88770199e-02
    -1.25262380e-01 -9.81874347e-01 -5.93042314e-01 -6.05934858e-02
    -6.20722294e-01 -1.12492323e-01 -8.66008520e-01 -4.53249097e-01
    -5.13676047e-01 -5.55727303e-01 -8.35061193e-01 -2.59191930e-01
    -2.84008741e-01 -9.20931101e-01 -4.66358304e-01 -8.25799704e-02
    -7.94342577e-01 -2.16697991e-01 -9.22693253e-01 -6.78078353e-01
    -9.00258303e-01 -4.38041747e-01 -5.57179093e-01 -2.10151494e-01
    -9.06369686e-01 -3.39571118e-01 -8.63862038e-02 -8.72373223e-01
    -8.39144111e-01 -9.02711570e-01 -2.39995658e-01 -3.39938581e-01
    -6.16914213e-01 -2.44066358e-01 -3.83028805e-01 -8.14945936e-01
    -6.17769539e-01 -7.75406480e-01 -7.83898830e-01 -2.17609823e-01
    -2.90855169e-01 -5.61245084e-02 -5.59915662e-01 -3.35839629e-01
    -7.86636472e-01 -7.41707742e-01 -1.76964581e-01 -3.90164554e-01
    -5.75158477e-01 -8.54522526e-01 -1.39035821e-01 -5.64834416e-01
    -1.19497776e-01 -2.39249468e-01 -6.62844718e-01 -1.01121449e+00
    -3.39793563e-01 -6.59739375e-01 -2.58259892e-01 -7.68878520e-01
    -1.87958956e-01 -5.67730188e-01 -5.31762600e-01 -4.28767085e-01
    -4.63428140e-01 -6.62598252e-01 -7.22864151e-01 -7.21441865e-01
    -5.21351635e-01 2.85432339e-02 -7.61871696e-01 -4.09784317e-02
    -9.41871643e-01 -8.70159745e-01 -7.97260880e-01 -7.90911674e-01
    -4.97087419e-01 -4.83602881e-02 -3.07410955e-01 -7.41498709e-01
    -7.01340079e-01 -2.69992352e-02 -6.54205620e-01 -8.34203839e-01
    -6.71243966e-01 -6.67422771e-01 -2.95225859e-01 -1.08718157e-01
    -3.89002919e-01 -4.50427592e-01 -2.34632254e-01 -8.06976557e-01
    -9.48378623e-01 -7.74723649e-01 -9.40252423e-01 -2.10156798e-01
    -2.59372532e-01 -6.19105816e-01 -5.10767341e-01 -1.29799843e-01
    -5.87056398e-01 -3.83371353e-01 -1.77098811e-01 -7.28663325e-01
    -9.02456880e-01 -3.92476618e-01 -3.56202364e-01 -8.82869780e-01
    -7.74825096e-01 -4.57154870e-01 -9.25568461e-01 -2.60977447e-01
    -6.62210464e-01 -5.41757822e-01 -1.56022906e-01 -5.91099143e-01
    -9.04012918e-02 -2.21785665e-01 -1.81011915e-01 -8.16366076e-01
    -2.48160183e-01 -4.23757076e-01 -6.68973982e-01 -6.77070975e-01
    -9.46530640e-01 -8.16900730e-02 -8.18845630e-02 2.83963084e-02
    -4.46899235e-01 -7.58446395e-01 -6.10485554e-01 -3.29370856e-01
    -5.04943967e-01 -4.47275490e-01 -8.16601992e-01 -6.62688851e-01
    -5.54580808e-01 -7.26802230e-01 -6.53706908e-01 -6.26016259e-02
    -1.20993495e-01 -1.74054265e-01 -3.04303765e-01 -1.78213239e-01
    -7.95870900e-01 -9.13488269e-01 -1.38374329e-01 -2.29382634e-01
    -5.94305754e-01 -9.32490945e-01 -8.14024329e-01 -9.10633206e-02
    -5.13823032e-02 -6.22096062e-02 -6.84375107e-01 -2.44782329e-01
    -8.72297883e-01 -8.77572775e-01 -7.87919283e-01 -6.78089261e-02
    -5.40641189e-01 -7.94787407e-01 1.40106678e-03 -6.64057136e-01
    -5.39364874e-01 -4.78430986e-01 -3.86366069e-01 -5.76340973e-01
    -7.24753261e-01 -8.57510626e-01 -4.20020998e-01 -7.82167912e-03
    -8.75167847e-01 -5.01012802e-03 6.61702752e-02 -2.27829933e-01
    -2.12058783e-01 1.57561243e-01 -5.46712279e-02 -1.16393685e-01
    -5.98514557e-01 -1.41453326e-01 -1.03317320e-01 -8.15138280e-01
    -8.43078494e-01 -4.28269029e-01 -6.14172339e-01 -3.57361436e-02
    -6.63271487e-01 -4.11103010e-01 4.44328189e-02 -5.94274044e-01
    -7.78103232e-01 -8.05337310e-01 -7.51642585e-01 -6.61499619e-01
    -5.70026040e-01 -8.83374214e-02 -2.78967023e-01 -7.25755334e-01
    -2.02169716e-01 -4.90556300e-01 -4.22580361e-01 -7.94156909e-01
    -9.63583112e-01 -3.48038554e-01 -8.58774364e-01 -5.86103201e-01
    -1.16882384e-01 -2.76860535e-01 -5.28276801e-01 -8.45492542e-01
    -4.58523035e-01 -1.66022778e-01 -1.19350970e-01 -9.87937093e-01
    -2.05675542e-01 -1.96784258e-01 -7.50088573e-01 -2.21327782e-01
    -1.27862096e-01 -8.39692473e-01 -9.61538613e-01 -3.12196314e-01
    -7.70425975e-01 -3.73914659e-01 -2.68894553e-01 -3.42005908e-01
    -9.48436558e-01 -4.98506308e-01 -5.89518964e-01 -7.74706960e-01
    -5.15549660e-01 -4.49641168e-01 -2.35147476e-01 -3.05130780e-01
    -3.24650168e-01 -7.96976089e-01 -7.27753997e-01 -1.00172520e-01
    -5.66785574e-01 -3.51511478e-01 -9.91926789e-01 -6.20283246e-01
    -8.69450152e-01 -2.85328388e-01 -2.91253328e-01 -5.81094265e-01
    -6.88283443e-01 -7.46141672e-02 -3.55079532e-01 -4.96186376e-01
    -4.57612872e-02 -4.34330523e-01 -4.89045739e-01 -7.30060756e-01
    -4.93426323e-02 -1.69314981e-01 -1.53842509e-01 -6.83866858e-01
    -4.14142013e-01 -1.01683414e+00 -2.89344847e-01 -9.26784396e-01
    -1.15969419e-01 -6.78204954e-01 -4.54834998e-01 -1.13827288e-01
    -5.59969842e-01 -5.21587372e-01 -1.77403688e-02 -8.61264467e-01
    -1.92884684e-01 -6.73832893e-01 -3.36269557e-01 4.97879386e-02
    -1.18562281e-01 -8.62330556e-01 -7.97017813e-02 -9.33946252e-01
    -2.82519341e-01 -4.89574075e-02 -5.85924387e-01 -4.79147077e-01
    -8.60884309e-01 -5.83454549e-01 -2.87568927e-01 -1.37642980e-01
    -8.87618065e-01 -3.91994417e-01 -5.47032416e-01 -6.07622445e-01
    -4.82918024e-02 -3.63448560e-01 -3.52768004e-01 -8.16668868e-01
    -7.36138463e-01 -7.61668444e-01 -8.45397234e-01 -1.49427533e-01
    -1.27476633e-01 -2.82986999e-01 -8.15658331e-01 -5.73423505e-01
    -1.15035236e-01 -2.28011549e-01 -7.54674494e-01 -3.86086881e-01
    -7.58491755e-02 -1.70151472e-01 -9.92699385e-01 -6.25479579e-01
    -1.32139266e-01 -2.22338557e-01 -6.80869341e-01 -3.06967735e-01
    -6.62245750e-02 -8.56893539e-01 -8.16819668e-01 -7.78398573e-01
    -2.39881158e-01 -5.37212670e-01 -8.62939596e-01 -2.39895701e-01
    -3.92258167e-04 -6.03913009e-01 -8.33915651e-01 -5.96416950e-01
    -6.74954653e-01 -7.41655588e-01 -3.34731102e-01 -5.14559150e-02
    -3.80475640e-01 7.20703602e-03 -2.38704562e-01 -9.50917244e-01
    -9.32470739e-01 -2.20458865e-01 -5.45738995e-01 -7.73864508e-01
    -7.88590670e-01 -1.91746473e-01 -1.02543950e-01 -8.74112487e-01
    -2.72550166e-01 -1.79776490e-01 -6.72389030e-01 -4.76094067e-01
    -5.11417866e-01 -2.25066304e-01 -1.48844719e-01 -5.11484861e-01
    -4.91173267e-01 -9.17371631e-01 -3.55983257e-01 -6.29189968e-01
    -6.98311210e-01 -4.06965613e-02 -2.27028072e-01 -8.86186957e-01
    -3.73909891e-01 -7.56178558e-01 -6.04875505e-01 -2.37078071e-01
    -4.78479862e-02 -2.14610577e-01 -4.53163624e-01 -8.37462604e-01
    -1.05604887e-01 -9.47636187e-01 -9.42644238e-01 -1.42428637e-01
    -8.85299444e-01 -6.33091807e-01 -8.43483388e-01 -3.89960587e-01
    -9.71744061e-02 -6.40980124e-01 -8.82386327e-01 -8.51189077e-01
    -6.38904452e-01 -6.61707580e-01 1.21849179e-02 -3.00028265e-01
    -4.56406027e-01 -1.30620658e-01 -2.09004104e-01 -5.30609250e-01
    -5.31967521e-01 -4.05957788e-01 -3.25372040e-01 -2.75046229e-02
    -5.83929777e-01 -1.21074736e-01 -5.73729277e-02 -1.91172123e-01
    -3.73046994e-01 -1.37433410e-02 -3.86653602e-01 -3.92109454e-01
    -7.77116299e-01 -8.03495467e-01 -6.03970945e-01 -6.51327372e-02
    -7.67858267e-01 -7.86157727e-01 -5.92488587e-01 -8.90720725e-01
    -8.81929874e-01 -6.62512183e-01 -1.44091070e-01 3.53820324e-02
    -7.62414277e-01 -7.66270876e-01 -7.77544975e-02 -5.47857881e-01
    -2.92383194e-01 -8.86035383e-01 -8.03312182e-01 -1.97212100e-02
    -2.48143315e-01 -3.73248398e-01 -9.21673417e-01 -9.01708424e-01
    -7.41055250e-01 -5.39833546e-01 -4.78188634e-01 -1.88371539e-02
    -2.18244195e-02 -6.64589167e-01 -3.32328558e-01 -2.40702629e-02
    2.02955008e-01 1.99441314e-02 -3.43824446e-01 -7.80365586e-01
    -9.05244231e-01 -3.45507562e-01 -1.03091598e-02 -6.62360609e-01
    -1.92642987e-01 -7.49562860e-01 -9.45819616e-02 -5.52010953e-01
    -6.35797024e-01 -3.06466937e-01 -1.69317126e-02 -7.33385324e-01
    -5.87466478e-01 -7.93490529e-01 -3.24351251e-01 -8.95469844e-01
    -1.97533190e-01 -5.34889698e-02 -5.49725831e-01 -5.31099141e-01
    -5.01073837e-01 -4.43522155e-01 -4.64481115e-02 -6.90761864e-01
    -6.97329283e-01 -7.72440195e-01 -6.41912818e-01 -5.00511050e-01
    -1.42844677e-01 -2.47273684e-01 -1.04676604e+00 -7.10197091e-01
    -7.73751020e-01 -3.50459635e-01 -1.44023478e-01 -3.59687269e-01
    -9.38333154e-01 -4.47947919e-01 -8.27283561e-01 -5.05556762e-01
    -4.56505656e-01 -1.90683126e-01 -4.45711613e-02 -9.99702692e-01
    -7.37173438e-01 -9.13329959e-01 -4.92211223e-01 -2.05515623e-01
    -3.06029737e-01 -1.02516937e+00 -7.94114232e-01 -8.50457132e-01
    -7.63257802e-01 -3.94081891e-01 -9.85351920e-01 -6.39043689e-01
    -2.16300130e-01 -8.75515938e-02 -1.04865849e+00 -6.04966044e-01
    -5.82155347e-01 -2.34590888e-01 -5.77527523e-01 -8.37539673e-01
    -4.43721294e-01 -6.65976048e-01 -1.00081384e+00 -3.21197093e-01
    -4.07475293e-01 -5.11416197e-01 -5.46227753e-01 -2.28388071e-01
    -9.59049225e-01 -3.08772087e-01 -8.26218367e-01 -6.26106501e-01
    -6.04860902e-01 -6.78502381e-01 -6.81501329e-01 -5.27626991e-01
    -3.32723737e-01 -3.77973616e-01 -8.32328200e-02 -1.97744727e-01
    -9.73925114e-01 -7.58304596e-01 -2.73782969e-01 -8.23345900e-01
    -6.00185037e-01 -9.72048640e-02 -8.32601547e-01 -4.04102981e-01
    -5.73574722e-01 -3.23489428e-01 -2.51278162e-01 -1.61705434e-01
    -8.27030182e-01 -7.13953018e-01 -4.66197729e-01 -3.85733843e-01
    -8.01719427e-02 -6.94076240e-01 -6.89079583e-01 -5.38350403e-01
    -7.87547827e-02 -4.28056896e-01 -1.75268650e-02 -1.23656869e-01
    -5.77811599e-01 -9.34031844e-01 -8.61741424e-01 -4.54786599e-01
    -9.73637700e-02 -6.09617472e-01 -4.26354349e-01 -8.41091275e-01
    -5.82837224e-01 -5.86334944e-01 -4.12425399e-01 -5.17173409e-02
    -7.69642591e-01 -7.66861558e-01 -1.86430812e-02 -8.60835791e-01
    -8.87666345e-01 -8.75187397e-01 -2.81826735e-01 -8.69163215e-01
    -7.96833396e-01 -7.66491413e-01 -5.00840783e-01 -4.07548547e-01
    -3.37255478e-01 -2.71259964e-01 -8.26100945e-01 -9.70838070e-01
    -5.22240162e-01 -3.30714345e-01 -2.90085375e-01 -4.13028121e-01
    -2.97935605e-02 -8.10873508e-01 -5.57537436e-01 -3.03185523e-01
    -1.01906717e-01 -4.56406027e-01 -6.83037043e-01 -4.11271095e-01
    -4.77622628e-01 -7.52146006e-01 -2.35287905e-01 -8.71046066e-01
    -7.86654830e-01 -2.40794122e-01 -7.97490835e-01 -6.35373175e-01
    -3.11152935e-01 -9.38959420e-01 -7.64665008e-01 -2.56203413e-02
    -8.96789074e-01 -2.88466454e-01 -3.77108455e-01 -9.36573386e-01
    -6.01064146e-01 -5.01439452e-01 -3.36998105e-01 -3.25083494e-01
    -3.14981520e-01 -9.21013594e-01 -5.36904097e-01 -6.83358312e-02
    -3.02710056e-01 -4.60218012e-01 -1.40962601e-01 -6.01587713e-01
    -3.20395827e-02 -2.61059582e-01 -6.85730338e-01 -4.40946162e-01
    -8.94447744e-01 -7.47634172e-01 -6.77029431e-01 -6.63147032e-01
    -5.91460943e-01 -9.81372714e-01 -7.99012303e-01 3.07023525e-04
    -7.19913840e-02 -9.29049492e-01 -2.40408838e-01 -8.03582132e-01
    -2.45252371e-01 -5.09190142e-01 -9.23427820e-01 -2.08995938e-01
    -4.90098119e-01 -7.68782735e-01 -3.03925395e-01 -1.97665930e-01
    -6.31971598e-01 -8.41473103e-01 -1.00898981e-01 -6.60941660e-01
    7.90488124e-02 -5.61236799e-01 -2.32841253e-01 -7.18723893e-01
    -3.11503410e-01 -8.68823051e-01 -9.30914283e-02 -2.27492034e-01
    -2.46073723e-01 -9.11548734e-01 -7.80645609e-01 -3.37813139e-01
    -1.17034853e-01 -7.07247972e-01 -8.26842964e-01 -3.66268396e-01
    -7.85868526e-01 1.84058547e-02 -8.70882988e-01 -5.17236710e-01
    -6.82717562e-02 -4.30518299e-01 -2.31671929e-01 -3.36939633e-01
    -3.92684281e-01 -8.68155360e-01 -4.28866178e-01 -8.73777628e-01
    -4.42785025e-02 -6.60959959e-01 -8.22079182e-03 -3.85271609e-01
    -2.75093377e-01 -4.94613111e-01 -1.50752783e-01 -2.24019289e-01
    -7.51031399e-01 -2.37516224e-01 -7.81293631e-01 -9.39211190e-01
    -1.00288749e-01 -3.07314277e-01 -3.47120047e-01 -3.54085565e-01
    -6.93808675e-01 -1.21923327e-01 -5.23235202e-02 -1.07049376e-01
    -4.87377644e-02 3.27490568e-02 1.83230639e-02 -8.51823807e-01
    -8.25032055e-01 -1.23433650e-01 -6.88513398e-01 -7.46391177e-01
    -5.14174104e-01 4.18063402e-02 -5.06625414e-01 -1.91889286e-01
    -6.09592080e-01 -5.42391658e-01 -5.06457150e-01 -4.49477464e-01
    -1.57469690e-01 -4.45761204e-01 -5.29044688e-01 -4.09784079e-01
    -3.38872313e-01 -4.22443867e-01 -1.59219801e-01 -8.27420175e-01
    -1.30792677e-01 -3.18971634e-01 -2.27634072e-01 -4.71915960e-01
    -7.16524601e-01 -5.84807873e-01 -1.20821774e-01 -5.71446717e-01
    -9.88766313e-01 -2.85889626e-01 -7.61853099e-01 -5.14164090e-01
    -2.00284839e-01 -8.91940475e-01 -2.04787612e-01 -5.00458777e-01
    -7.44343638e-01 -9.39786673e-01 -5.84641695e-02 -9.67661262e-01
    -9.90073681e-01 -3.10545683e-01 -2.91074812e-01 -3.64258170e-01
    -2.63354778e-01 -3.18330765e-01 -4.25339460e-01 -8.98715854e-01
    -3.62700164e-01 -2.36201406e-01 -2.93231487e-01 -3.57476771e-01
    -4.29778695e-01 -4.50618863e-01 -8.02225888e-01 -2.09624410e-01
    -1.09005237e+00 -3.30633342e-01 -1.74220800e-01 -5.25712848e-01
    -8.46776426e-01 -8.55455756e-01 -1.04109585e-01 -4.09443557e-01
    -1.68738782e-01 -2.74024129e-01 -9.24071670e-01 -3.85073364e-01
    -2.60491371e-01 -6.03091776e-01 -8.16478133e-01 -5.29170632e-01
    -3.95192981e-01 -8.08109879e-01 -6.89575076e-02 -1.00023031e-01
    -6.06202841e-01 -6.42786860e-01 -3.42186689e-01 -4.15101290e-01
    -9.00058091e-01 -3.70584607e-01 -2.74670601e-01 -7.99912214e-02
    -7.07448900e-01 -7.40162492e-01 -5.00810862e-01 -8.76590490e-01
    -8.50336313e-01 4.13803458e-02 -7.66168892e-01 -4.45830941e-01
    -7.97394753e-01 -3.27514648e-01 -3.37749660e-01 -5.84071457e-01
    -3.66334379e-01 -5.94922781e-01 -1.24368072e-01 -6.98418379e-01
    1.32895112e-02 -6.90106928e-01 -1.71388984e-01 -6.37183666e-01
    -7.53709316e-01 -4.56683427e-01 -2.08027482e-01 -5.05159080e-01
    -7.16823339e-02 -2.42453218e-01 -4.90252793e-01 -6.52598798e-01
    -3.21750581e-01 -4.55424190e-02 -8.45099807e-01 -5.27866602e-01
    -4.26138580e-01 -9.31134701e-01 -6.79408312e-02 -4.61113453e-02
    -7.56705344e-01 -8.48071575e-01 -1.98309600e-01 -6.93229318e-01
    -2.16592491e-01 -6.00519300e-01 -3.44982207e-01 -1.90512538e-01
    -2.51034856e-01 -8.60327303e-01 -1.24284267e-01 -2.18507290e-01
    -3.40057492e-01 -1.29375219e-01 -1.88525558e-01 -7.96217203e-01
    -1.75392866e-01 -3.04772377e-01 -8.18587542e-02 -4.57384467e-01
    -5.18314838e-01 -7.21001923e-01 -7.43687689e-01 -2.04790294e-01
    -3.74757409e-01 -6.68273330e-01 -3.24916244e-02 -1.62255228e-01
    -1.76170111e-01 -8.24836493e-02 -3.21860552e-01 -8.52790594e-01
    -5.76809168e-01 -1.24918640e-01 -4.19471145e-01 -3.62711906e-01
    -6.25257850e-01 -5.29504240e-01 -3.80875349e-01 -2.89330244e-01
    -4.17909920e-01 -1.65763974e-01 -5.16284227e-01 -7.36081123e-01
    -4.88515645e-01 -8.57659936e-01 4.20594215e-03 -7.35549927e-01
    -4.68330383e-01 -6.35006368e-01 -8.70881796e-01 -4.32449818e-01
    -9.76556540e-03 -5.71192503e-01 -6.12046123e-01 -5.48431695e-01
    -6.39021993e-01 -5.54354548e-01 -4.65663463e-01 -9.36950564e-01
    -5.75285316e-01 -3.47787857e-01 -5.79000711e-02 -2.76652217e-01
    -8.78326893e-01 -1.82685018e-01 -1.20383680e-01 -8.96894157e-01
    -9.38626349e-01 -6.92432344e-01 -5.09551883e-01 -4.35993850e-01
    -3.99358451e-01 -8.22428465e-02 -3.13884020e-01 -4.49439585e-01
    -4.00798976e-01 -5.53169250e-01 -2.58447766e-01 -2.23607004e-01
    -6.12659514e-01 -2.82975614e-01 -8.01905394e-01 -6.22374713e-01
    -8.86322081e-01 -5.43153465e-01 -6.63111627e-01 -5.34495115e-01
    -7.08584070e-01 -7.88474083e-03 -7.13495493e-01 -6.23518825e-02
    -5.69092274e-01 -8.79343987e-01 -3.45693231e-01 -7.15444744e-01
    -3.84693742e-02 -8.75095248e-01 -3.78715456e-01 -3.87582958e-01
    -8.92847359e-01 -2.20082939e-01 -8.13434362e-01 -7.86819518e-01
    -6.75603151e-02 -8.57227802e-01 -5.42176902e-01 -2.74344921e-01
    5.70036173e-02 -8.33308220e-01 -8.86729836e-01 -8.54825497e-01
    -5.36251068e-03 -3.90482008e-01 -6.74897552e-01 -1.60351038e-01
    -9.96559381e-01 -5.54605603e-01 -8.58128667e-01 -7.77744532e-01
    -3.10571373e-01 -4.34376657e-01 -5.82193136e-02 -8.44449282e-01
    -7.41857171e-01 -4.49736357e-01 -8.79301548e-01 -2.37091541e-01
    -2.13190854e-01 -1.65061116e-01 -4.30990666e-01 1.44846499e-01
    4.28580046e-02 -8.13421249e-01 -1.58905387e-02 -6.23722196e-01
    -1.67786241e-01 -9.01798487e-01 -8.41122091e-01 -3.45682085e-01
    -1.75056875e-01 -5.74557066e-01 -5.90225756e-01 2.53827572e-02
    -6.54194593e-01 -1.92740381e-01 -5.92048287e-01 -4.04861212e-01
    -7.07079709e-01 -7.20322132e-03 -7.03206658e-02 -3.37171793e-01
    -1.56790853e-01 -5.80472291e-01 -8.96174788e-01 -7.09139705e-02
    -8.11313629e-01 -3.88915300e-01 -2.36852288e-01 -1.49118423e-01
    -3.38719726e-01 -1.84312820e-01 -7.00933397e-01 -8.15925837e-01
    -8.49913001e-01 -2.58078694e-01 -3.72388065e-01 -1.71646953e-01
    -5.37316680e-01 -9.97418523e-01 -7.08698153e-01 -6.60393000e-01
    -6.55644000e-01 2.02766657e-02 -6.87675476e-02 -6.40579045e-01
    -2.66242743e-01 -8.07500362e-01 -4.49739814e-01 -7.48225689e-01
    -4.17113721e-01 -5.70115447e-01 -3.02635312e-01 -3.87660503e-01
    -6.50954127e-01 -1.58353508e-01 -7.52558351e-01 -1.10431075e+00
    -4.48762178e-01 -4.42612886e-01 -1.52807474e-01 -9.78408754e-01
    -1.03440177e+00 -2.79743791e-01 -9.24570084e-01 -4.64318991e-01
    -6.35091186e-01 -4.65046167e-02 -5.47746420e-01 -8.18468213e-01
    -8.97051096e-01 -4.68739986e-01 -8.25624228e-01 -2.74678469e-01
    -9.14531350e-01 -5.88501930e-01 -8.19275677e-01 -6.57488883e-01
    -8.19275737e-01 -5.24959803e-01 -8.65440249e-01 -5.86777568e-01
    -8.10372233e-01 -5.94518185e-02 -6.46167219e-01 -7.81125426e-01
    -6.93247080e-01 -1.52232289e-01 -4.52063978e-01 -8.62873077e-01
    -7.46505260e-01 -1.31772518e-01 -1.47833407e-01 -4.65772212e-01
    -8.23639333e-01 -3.97875905e-02 -5.13004601e-01 -5.02318025e-01
    -5.05804420e-02 -5.70224583e-01 -7.27891207e-01 -8.12323749e-01
    -8.70887280e-01 -8.76646638e-01 6.35854006e-02 -7.06600666e-01
    -5.31364143e-01 -3.73394549e-01 -5.44538260e-01 -6.25282645e-01
    -6.87897146e-01 -8.70133162e-01 -3.88027847e-01 -2.86924839e-03
    -9.19299126e-01 -1.50863528e-01 -6.13025367e-01 -9.52311754e-01
    -9.66765881e-02 -5.57052255e-01 -4.63990211e-01 -4.83234763e-01
    -6.18868291e-01 -5.65027952e-01 -5.08506536e-01 -9.21677709e-01
    -2.81583309e-01 -2.52042413e-01 -4.70539659e-01 -3.67429495e-01
    -5.86489260e-01 -8.92320991e-01 -2.98763394e-01 -5.52183986e-01
    -4.76893783e-01 -9.14597154e-01 -7.67194986e-01 -4.78834152e-01
    -1.34306192e-01 -9.65668797e-01 -3.16689432e-01 -1.01675427e+00
    -9.65749145e-01 -6.62076592e-01 -4.84964669e-01 -6.90847158e-01
    -1.24360502e-01 -5.61266482e-01 -9.28328156e-01 -4.76034552e-01
    -3.79475117e-01 -2.44602084e-01 -8.11944187e-01 -9.51834917e-02
    -1.35797501e-01 -8.08562458e-01 -9.05917764e-01 -4.99578714e-02
    -7.18619406e-01 -5.61213374e-01 -3.39840114e-01 1.49574280e-02
    -7.91530848e-01 -7.00554788e-01 -2.44193256e-01 -9.79221404e-01
    -7.26762414e-01 -3.62423360e-01 -4.13237631e-01 -3.20419133e-01
    -8.16622198e-01 -1.55979574e-01 -7.60191917e-01 -6.64304018e-01
    -8.00809264e-01 -4.86060977e-01 -6.60000145e-01 -3.06347966e-01
    -4.88783985e-01 -8.63994181e-01 -8.60909462e-01 -9.44775641e-01
    -3.10527563e-01 -2.37442255e-01 -8.28185320e-01 -8.10926020e-01
    -3.29843760e-02 -2.94136882e-01 -2.01576293e-01 -1.38908505e-01
    -3.52410078e-01 -6.61413372e-01 -9.16452408e-02 -4.48068976e-01
    -5.56372166e-01 -2.10184097e-01 2.82141566e-02 -7.31801629e-01
    -7.25690365e-01 -1.52189076e-01 -7.62602210e-01 -4.33648527e-01
    -9.33272004e-01 -1.55498505e-01 -6.96335912e-01 -6.99977100e-01
    -8.66711378e-01 -4.30865884e-01 -4.51440841e-01 -5.05510032e-01
    -8.81630898e-01 -7.53317356e-01 -1.33551657e-01 -1.77753210e-01
    -2.59047568e-01 -8.89882088e-01 -1.00161552e-01 -2.31280029e-01
    -9.44820225e-01 -3.94050241e-01 -8.20503473e-01 -5.61028302e-01
    -7.17191100e-01 -2.65470743e-02 -5.32803416e-01 -1.02905512e-01
    -5.87816834e-01 -4.52270150e-01 -3.33614647e-01 -7.72956133e-01
    -5.50013661e-01 -1.79913342e-01 -3.09917867e-01 -4.33506966e-02
    -6.34469807e-01 -9.23568606e-01 -3.80103886e-01 -5.38272977e-01
    -4.97509331e-01 2.43358612e-02 -6.94858611e-01 -9.21636164e-01
    -1.06233120e-01 -1.98405206e-01 -1.88598514e-01 -8.52628887e-01
    -2.35799193e-01 -5.95216393e-01 -4.09846306e-02 -7.47032166e-02
    -2.47452497e-01 -1.61918283e-01 -8.02611470e-01 -2.98209846e-01
    -5.47303855e-01 -8.32162142e-01 5.53032756e-02 -7.60171413e-02
    -3.02010596e-01 -6.06112301e-01 2.90518999e-02 -4.54897165e-01
    -3.38907301e-01 -3.39933395e-01 -1.69859052e-01 -7.45305479e-01
    -7.59592056e-01 -6.83767080e-01 -6.71104550e-01 -5.05595744e-01
    -3.40205550e-01 -7.21259832e-01 3.37080359e-02 -7.61763334e-01
    -9.15976226e-01 -3.05607319e-01 -6.31575406e-01 -2.62791157e-01
    -9.19720054e-01 -5.01972556e-01 -3.04727554e-02 -7.65429676e-01
    -7.07662940e-01 -1.64106309e-01 -8.43237996e-01 -3.92600298e-02
    -5.25873065e-01 -7.63440132e-01 -7.12215304e-01 -7.15111971e-01
    -5.63299358e-01 -3.71047914e-01 -6.31722689e-01 -3.23958695e-01
    -7.55542159e-01 -5.51565826e-01 -6.41333878e-01 -2.33400047e-01
    -7.95935392e-01 -3.67630720e-01 -6.17673159e-01 -5.28463781e-01
    -5.30662537e-02 -4.58510995e-01 -7.07763851e-01 -2.18382478e-01
    -5.88994384e-01 -4.19117093e-01 -9.25295949e-01 -2.25698531e-01
    -2.10159719e-01 -5.27959883e-01 -8.73715401e-01 -3.09932888e-01
    -6.54849350e-01 -1.48907065e-01 -1.90193772e-01 -7.05605567e-01
    -1.70314789e-01 -9.84210730e-01 -5.77286839e-01 -3.02563906e-01
    -5.81467628e-01 -4.11886096e-01 -6.28263354e-01 -2.16057420e-01
    -1.53242171e-01 -9.14353728e-02 -9.71179605e-01 -1.87737882e-01
    -1.12279654e-02 -5.80004156e-01 -3.06627452e-01 -6.93871558e-01
    -3.42807472e-01 -3.18992555e-01 -8.54247808e-01 -4.39743817e-01
    -2.17428267e-01 -6.14409447e-02 -2.51158416e-01 -8.69961977e-01
    -6.31598175e-01 -1.53056800e-01 -1.00581646e+00 -3.07500362e-02
    -4.39906240e-01 -5.12618780e-01 -4.18707311e-01 -3.80247891e-01
    -4.46667850e-01 -4.54082042e-01 -4.54060286e-01 -6.93179965e-01
    -5.99258304e-01 -2.50629544e-01 3.35808992e-02 -3.95173848e-01
    -4.02195215e-01 -1.48337185e-01 -8.75989377e-01 7.35213757e-02
    -6.84738755e-01 -8.82167935e-01 -5.04515171e-01 -6.08121991e-01
    -8.08056474e-01 -5.10437965e-01 -3.34076822e-01 -9.95324492e-01
    -7.78867066e-01 -7.91271567e-01 -8.22072268e-01 -3.91835093e-01
    -2.50990927e-01 -6.62070453e-01 -4.12535667e-01 -7.01489151e-01
    -5.91411412e-01 -5.26966274e-01 -1.26498342e-01 -5.37730813e-01
    -5.60784161e-01 -4.62503791e-01 -7.73050368e-01 -5.55591762e-01
    2.72919536e-02 -3.36103976e-01 -2.10157573e-01 -3.08479488e-01
    -4.56297547e-01 -7.68106401e-01 -4.91424382e-01 -9.47237611e-01
    -8.64083767e-01 -4.01268840e-01 -3.11580956e-01 -1.18973970e-01
    -5.92910051e-01 -5.00385463e-01 -3.06598485e-01 -1.22735143e-01
    -2.36761689e-01 -3.33705008e-01 1.97914839e-02 -8.74848425e-01
    -9.11830425e-01 -2.74533868e-01 -7.16972828e-01 -2.46690333e-01
    -6.76220953e-01 -1.49249554e-01 -2.07220137e-01 -6.22271895e-02
    -8.38010669e-01 -9.37616587e-01 -7.93130100e-01 -1.50745213e-01
    -9.06014085e-01 -5.82726955e-01 -7.93018281e-01 -1.04269266e-01
    -4.77551281e-01 -9.83698666e-01 -8.33292723e-01 -8.41380119e-01
    -9.13256645e-01 -8.29586923e-01 -4.10211086e-01 -4.14246708e-01
    -4.54103082e-01 -5.23441792e-01 -2.20861375e-01 -8.71404767e-01
    -1.08228207e-01 -2.05852449e-01 -7.16678500e-02 -9.29785848e-01
    -4.88970488e-01 -7.52869844e-01 -8.42668414e-02 -1.90602541e-02
    -9.87469435e-01 -4.04322863e-01 -8.07216525e-01 -4.50989366e-01
    -4.86067832e-01 -2.15337157e-01 -7.87048221e-01 -6.21884704e-01
    -1.58853412e-01 -9.96415019e-01 -8.25877428e-01 -8.73157859e-01
    -5.19112527e-01 -8.06985259e-01 -4.12465930e-02 -9.14550543e-01
    -4.70048577e-01 -2.43188441e-01 -7.26118147e-01 -5.18693984e-01
    -1.44971192e-01 -2.85843372e-01 -6.23134971e-02 -4.25223768e-01
    -1.68038964e-01 -3.23465347e-01 -7.14684725e-01 -5.93365133e-01
    -6.70113802e-01 -5.12099862e-01 -3.90682995e-01 -5.98893285e-01
    -7.44246304e-01 -1.72614455e-01 -2.30370939e-01 -1.05110526e-01
    -9.02521372e-01 -7.17949271e-01 5.11359572e-02 -8.90739560e-01
    -7.40760803e-01 -3.30813646e-01 4.79531288e-02 -8.94857883e-01
    3.22505832e-02 -9.40185189e-01 -6.44366145e-01 -3.52415562e-01
    -6.57748342e-01 -3.74898911e-02 -7.09032834e-01 -3.59072030e-01
    1.95074677e-02 -3.63230228e-01 -6.85469151e-01 -1.02000892e-01
    -2.10617602e-01 -1.16717219e-01 -8.23756635e-01 -8.17040801e-01
    -4.86774445e-02 -1.72054648e-01 -7.20759869e-01 -6.62756383e-01
    -3.34721088e-01 -7.55506754e-02 -4.88884628e-01 -5.38395405e-01
    -5.63868403e-01 -7.96498060e-01 -2.92635828e-01 -2.65691876e-02
    1.28808916e-01 -1.99145496e-01 -7.02035427e-03 -3.57795537e-01
    -2.61031866e-01 -3.16223264e-01 -9.45736885e-01 -1.17878139e-01
    -6.87342525e-01 -9.16802704e-01 -3.04292262e-01 -4.39750612e-01
    -2.57656395e-01 -3.28193605e-01 -5.23407102e-01 -9.15691733e-01
    -1.25350296e-01 -4.36873496e-01 -6.13076627e-01 -4.89570171e-01
    -3.46751332e-01 -7.91223049e-02 -7.36075282e-01 -8.19995999e-01
    -1.86931312e-01 -2.20911622e-01 -8.54716718e-01 -4.16865528e-01
    -7.25466132e-01 2.62306929e-02 -5.15861094e-01 -3.16414535e-01
    -9.82313514e-01 -6.34069324e-01 -5.39973259e-01 -1.45155132e-01
    -2.52939641e-01 -5.57170749e-01 -5.43103337e-01 -6.72581315e-01
    -4.87510681e-01 -6.99997306e-01 -7.22438872e-01 -4.64707434e-01
    -5.34412920e-01 -1.01034606e+00 -2.22063363e-01 -4.29352224e-01
    -6.31026983e-01 -6.39117181e-01 -5.87696671e-01 -2.32514977e-01
    -8.10534239e-01 -1.40995860e-01 -1.77565455e-01 -1.93173110e-01
    -2.05042005e-01 -5.60998023e-01 -3.68429959e-01 -3.09043765e-01
    -7.26852417e-01 -5.33861697e-01 -2.77978182e-01 -6.28192008e-01
    -5.04405081e-01 -9.25203204e-01 -1.58264518e-01 -4.87233996e-01
    -8.00410330e-01 -7.74810135e-01 -3.80132675e-01 -2.81159520e-01
    -5.40711939e-01 -5.45753717e-01 -7.95195818e-01 -5.13351321e-01
    -6.28712893e-01 -9.17788744e-02 -1.81274295e-01 -6.16891384e-01
    -7.51669824e-01 -6.16006613e-01 -7.13993371e-01 -4.22824621e-01
    -8.26609731e-01 -9.07240987e-01 -4.49355483e-01 -5.69558501e-01
    -1.21765614e-01 -1.88597083e-01 -9.47330832e-01 -1.63445473e-01
    -5.65052927e-01 -6.46936357e-01 -2.05945492e-01 -1.14273429e-02
    -8.34259450e-01 -3.80425334e-01 -8.88060331e-01 -7.38817215e-01
    -7.48656511e-01 -3.70358884e-01 -2.87594080e-01 -2.88933039e-01
    -1.85802400e-01 -6.30905271e-01 -4.19665754e-01 -8.19540381e-01
    -6.81681693e-01 -7.95555949e-01 -3.06727886e-02 -5.80188215e-01
    -2.20077336e-01 -4.10003066e-02 -5.39891720e-01 -3.45223248e-01
    -3.26082647e-01 -2.29608238e-01 -1.91217542e-01 -3.39739323e-01
    -2.14574456e-01 -7.15042233e-01 -2.50181317e-01 -3.27238441e-01
    -6.30470157e-01 -4.23978865e-01 -5.83348870e-01 -8.47905993e-01
    -8.05743694e-01 -8.78892422e-01 -5.33930063e-02 -8.17203641e-01
    -3.72324467e-01 -7.30704069e-01 -7.79344440e-02 -6.90235555e-01
    -2.33309031e-01 -5.25906086e-01 -7.27514386e-01 -7.82437861e-01
    -3.18094492e-01 -4.00341094e-01 -4.99238908e-01 -9.46598589e-01
    -1.52333021e-01 -1.64343834e-01 -3.04975033e-01 -7.11393178e-01
    -6.19468749e-01 -2.99054205e-01 -7.66615629e-01 -7.78419793e-01
    -6.75702274e-01 -3.06634367e-01 -7.25039721e-01 -5.33562541e-01
    -3.88307869e-01 -8.50196123e-01 -7.64907598e-02 -2.22657621e-01
    -2.05822110e-01 -4.17295694e-02 -6.11635208e-01 -3.49138319e-01
    -6.60499692e-01 -7.49126673e-02 -4.59453881e-01 9.59634781e-06
    -7.27665663e-01 -8.73509169e-01 -5.52865863e-02 -2.78793514e-01
    -7.18860924e-01 -2.60568261e-01 -1.23093426e-01 -6.13156199e-01
    -3.92746925e-03 -5.08706927e-01 -6.61751986e-01 -5.44902205e-01
    -6.23463333e-01 -6.99720800e-01 -2.76357412e-01 -1.27891243e-01
    -6.12969875e-01 -5.08081675e-01 -5.92660427e-01 -3.35945368e-01
    -3.51048708e-01 -7.22709298e-01 -5.21238029e-01 -7.22932756e-01
    -1.16641641e-01 -5.38931668e-01 -7.26441681e-01 -5.47388375e-01
    -4.72204924e-01 -2.52302945e-01 -9.58174944e-01 -2.24400938e-01
    -2.86801696e-01 -6.74169123e-01 -3.99282753e-01 -4.16414738e-01
    -4.22015369e-01 -5.51484346e-01 -6.54976606e-01 -4.23464596e-01
    -7.56899476e-01 -5.64359486e-01 -9.02979374e-02 -8.50582361e-01
    -9.27968860e-01 -4.06585753e-01 -1.63255751e-01 -3.15330505e-01
    -7.07975507e-01 -5.16430140e-02 -3.88544500e-01 -7.31860995e-02
    -3.49847913e-01 -4.11339223e-01 -5.34638882e-01 -6.69026792e-01
    -3.49035203e-01 -3.59628022e-01 7.31050968e-04 -3.05410683e-01
    -9.49261665e-01 -2.11652398e-01 -5.84674597e-01 -4.21249866e-02
    -7.67294168e-02 -1.71735942e-01 -4.90212023e-01 -9.29452658e-01
    -5.38473070e-01 -5.40881276e-01 -1.32548034e-01 -8.72835040e-01
    -1.05960846e-01 -3.34598303e-01 -1.89009964e-01 -5.84959507e-01
    -5.61967134e-01 -1.39917314e-01 -5.78848422e-01 -2.08770752e-01
    -2.36521482e-01 -6.01667166e-01 -8.78138423e-01 -5.20488262e-01
    -6.03397667e-01 -2.59912014e-02 -5.21974683e-01 4.17680144e-02
    3.45953703e-02 -4.27688420e-01 -1.27260029e-01 -2.32235551e-01
    -2.19214559e-01 -2.49153912e-01 -4.48796511e-01 -3.76872003e-01
    -5.15937090e-01 -3.82147610e-01 -7.51736164e-02 -4.81925189e-01
    -8.76589775e-01 -2.27528214e-01 -1.39750659e-01 -4.76473331e-01
    -3.24412823e-01 -3.67301464e-01 -9.32142556e-01 -7.63444304e-01
    -4.53497589e-01 -2.76665688e-02 -5.07672310e-01 -5.41912138e-01
    -1.44534707e-01 -6.99735284e-01 -6.50902033e-01 -3.24461162e-01
    -4.49990481e-01 -2.48331368e-01 -1.54205084e-01 -4.03177142e-02
    -3.14809084e-02 -4.52077091e-01 -9.49016392e-01 -2.26247549e-01
    -4.85647321e-01 -7.08178878e-01 -4.84102905e-01 -5.64442217e-01
    -1.71898603e-02 -7.65832603e-01 -6.41309679e-01 -1.30452037e-01
    -3.14783752e-01 -6.42504334e-01 -2.71192849e-01 -3.19935799e-01
    -3.25122535e-01 -9.85971808e-01 -4.20675635e-01 -8.82076263e-01
    -9.67983365e-01 -7.51223564e-01 -4.79960203e-01 -1.60914063e-01
    -8.36571097e-01 -3.43904257e-01 -1.08993948e+00 -7.41265178e-01
    -5.54724097e-01 -1.46733761e-01 -3.05705309e-01 -3.37764025e-01
    -8.29042494e-01 -1.02895498e+00 -2.71330118e-01 -8.36880744e-01
    -6.04969025e-01 -4.18098509e-01 -1.54827356e-01 -2.50733733e-01
    -8.20145845e-01 -6.92328691e-01 -4.89386261e-01 -6.64859176e-01
    -7.33462095e-01 -2.87297368e-02 -4.08680141e-01 -7.59156227e-01
    -1.01927924e+00 -7.98534155e-02 -2.00049877e-01 -5.64951837e-01
    -3.61180305e-02 -6.62772655e-02 -8.15349102e-01 -7.35895514e-01
    -3.13110292e-01 -1.11962140e-01 -7.05232024e-02 -2.48166144e-01
    -8.02989900e-01 -2.92715490e-01 -5.80340385e-01 -8.89293849e-01
    9.60838795e-03 -6.18156433e-01 6.09319806e-02 -2.27830589e-01
    -5.25392771e-01 -1.31513596e-01 5.58531284e-02 -7.82938361e-01
    -8.80974889e-01 -1.88156724e-01 -7.29570389e-02 -1.38965428e-01
    -1.00180328e-01 -6.97699666e-01 -2.00088978e-01 -1.63198113e-01
    -3.07861209e-01 -1.62832379e-01 -4.46375787e-01 -9.14634347e-01
    -5.97089529e-01 -7.58915067e-01 -6.51293635e-01 -7.14071035e-01
    -6.99955821e-01 -9.47713912e-01 -7.95510292e-01 -1.95243418e-01
    -4.27376390e-01 -1.50414944e-01 -7.57537246e-01 -7.90243864e-01
    -3.20154727e-01 -3.22007120e-01 -5.75398803e-02 -6.53950572e-01
    -4.94629115e-01 -5.68788409e-01 -6.21920168e-01 -4.57566261e-01
    -3.19755077e-03 -8.76777768e-01 -3.91485870e-01 -7.79476404e-01
    -6.01851821e-01 -3.20177913e-01 -5.23615837e-01 -3.00339460e-02
    -2.44873047e-01 -3.10238361e-01 -9.45159793e-01 -7.56317914e-01
    -5.06174386e-01 -2.43049562e-01 -8.71797442e-01 -8.48928869e-01
    -4.34695661e-01 -3.42423320e-01 -2.25697398e-01 -5.26708961e-01
    -7.31603384e-01 -1.32817030e-02 -3.92381489e-01 -7.29446411e-01
    -1.42719686e-01 -8.60524118e-01 -5.50308168e-01 -9.95079279e-02
    -3.08305264e-01 -1.94457293e-01 -4.67485905e-01 -5.35020113e-01
    -9.55390930e-03 -7.15992689e-01 -2.70192862e-01 -3.17725122e-01
    -4.52540785e-01 -5.56744397e-01 -2.86317945e-01 -8.77184033e-01
    -4.02210236e-01 -4.84164089e-01 -5.03721476e-01 -5.17093897e-01
    -6.21924400e-02 -1.83158100e-01 -8.37400615e-01 -1.06746674e-01
    -7.70992041e-01 -8.44138861e-01 -1.42296672e-01 -1.04803824e+00
    -6.60732269e-01 -8.93948078e-01 -4.33633864e-01 -9.49540496e-01
    -1.79542542e-01 -5.23502827e-02 -4.89931583e-01 -1.64844334e-01
    -8.80626440e-01 -9.27743912e-02 -4.28923368e-01 1.08369589e-02
    -3.97731185e-01 -6.87371552e-01 -1.99763119e-01 -2.04538524e-01
    -5.23178935e-01 -7.04818487e-01 -2.95733333e-01 -1.00203753e-01
    -3.32333088e-01 -7.68675208e-01 -1.71308875e-01 -4.44055974e-01
    -3.47210944e-01 -2.88820267e-02 -6.52698994e-01 -8.43001485e-01
    -4.34274018e-01 -2.92263091e-01 -6.62495255e-01 -8.96579146e-01
    -4.31877315e-01 -4.62774634e-02 -8.32922578e-01 -7.49630928e-01
    -6.44617200e-01 -8.92981172e-01 -3.32696915e-01 -2.75969923e-01
    -1.92648411e-01 -7.76261628e-01 -9.08685207e-01 -3.49006355e-01
    -3.47256064e-02 -8.30284119e-01 -2.40631521e-01 -4.52191502e-01
    -1.59058928e-01 -8.37614059e-01 -3.89106810e-01 -6.21101320e-01
    -3.43359172e-01 -1.48041785e-01 -9.63708401e-01 -7.53279567e-01
    -6.96935177e-01 -6.40253603e-01 -6.90411806e-01 -8.57026279e-01
    -7.73329973e-01 -8.58846903e-01 -3.27623785e-01 -7.11295605e-02
    -5.06756544e-01 -7.28641987e-01 -1.03022218e-01 3.26517999e-01
    2.55458057e-01 -5.39857626e-01 -1.46099985e-01 -7.96232104e-01
    -8.05240870e-01 -5.18153906e-02 -9.65759695e-01 -1.94140911e-01
    -9.05436158e-01 -1.32796347e-01 -4.46916401e-01 -2.40307271e-01
    -2.60772705e-01 -8.18199635e-01 -7.16456413e-01 -3.98059428e-01
    -7.27517128e-01 -2.90759206e-01 -1.04245245e-01 -5.38401663e-01
    -7.79536843e-01 -7.06789255e-01 8.14577341e-02 -4.16536033e-01
    -7.43349552e-01 -5.73971152e-01 -3.09339166e-02 -5.28808177e-01
    -1.16704464e-01 -8.43382001e-01 -8.78707707e-01 -9.59730268e-01
    -2.65332758e-01 -2.58793771e-01 -7.85676479e-01 -2.10353434e-01
    -1.06893253e+00 -2.89315701e-01 -4.65680361e-02 -5.04317343e-01
    -7.59364188e-01 -7.09743321e-01 2.11753249e-02 -8.54890466e-01
    -5.61228096e-01 -6.13098145e-01 -3.62389088e-02 -2.32933044e-01
    -9.73588824e-01 -7.70090342e-01 -4.20494139e-01 -4.76313889e-01
    -6.88903570e-01 -7.17700958e-01 -6.31820500e-01 -4.73415613e-01
    -8.10359895e-01 -3.83635998e-01 -7.49529958e-01 -8.26182961e-01
    -3.21236253e-01 -2.17578650e-01 -3.55460644e-01 -3.04299951e-01
    -8.14460158e-01 -8.28747988e-01 -9.50399041e-01 -3.30485344e-01
    -1.42710984e-01 -5.04976094e-01 -9.97197747e-01 -1.72684550e-01
    -3.75991881e-01 -1.02524865e+00 -1.80687308e-01 -4.00141716e-01
    -5.38399875e-01 -1.58171654e-01 -6.17855668e-01 -3.19823146e-01
    -6.13744497e-01 -5.01043200e-01 -6.33202672e-01 -3.59806001e-01
    -9.52139616e-01 -8.06503534e-01 -6.50169909e-01 -4.99934852e-01
    -7.02656746e-01 -5.10846078e-01 -8.41271162e-01 -4.82868731e-01
    -2.73021162e-01 -4.05709863e-01 -6.56167805e-01 -9.18601930e-01
    -9.09984589e-01 -2.77497828e-01 -1.32474005e-01 -5.44569612e-01
    -4.02660429e-01 -6.30106807e-01 -8.29983354e-02 -7.07512259e-01
    -8.42212439e-01 -1.68355405e-01 -1.13770902e-01 -2.13222265e-01
    -1.73232555e-02 -3.24943304e-01 -1.59233212e-02 -6.15991950e-01
    -8.14664960e-01 -9.33696151e-01 -3.16070676e-01 -7.85900354e-01
    -1.56299114e-01 -2.35919774e-01 -6.41799629e-01 -5.88015258e-01
    -1.30198777e-01 -4.99760509e-01 -4.75445092e-01 -6.18836522e-01
    -5.14761508e-01 -5.15180051e-01 -2.20236778e-01 -4.96152580e-01
    -5.20541728e-01 -8.94242406e-01 -1.95322812e-01 -6.44390345e-01
    -1.48441374e-01 -8.75600874e-01 -6.33100748e-01 -1.47392988e-01
    -2.38625526e-01 -5.41667104e-01 -4.09209371e-01 -2.81423807e-01
    -8.24744582e-01 -7.97082067e-01 -4.69052792e-01 -4.04071629e-01
    -8.03271294e-01 -8.97440434e-01 -7.71281481e-01 -6.64578080e-01
    -1.87845767e-01 -6.73763871e-01 -9.22251344e-01 -4.08113062e-01
    -2.64965415e-01 -8.12676966e-01 -3.00496876e-01 -2.21592367e-01
    -8.11665356e-01 -9.08775091e-01 -7.09428668e-01 -8.76442075e-01
    -5.03671527e-01 -2.80371428e-01 -9.55291033e-01 -2.25040913e-01
    -3.04956734e-01 -1.80706084e-01 -2.88876951e-01 -6.56095326e-01
    -8.61076236e-01 -5.87246537e-01 -9.58049297e-02 -5.40997386e-01
    -3.04231107e-01 -7.50949860e-01 -6.00497007e-01 -6.58355594e-01
    -3.15553665e-01 -4.44293618e-01 -2.57324398e-01 -4.56682861e-01
    -7.28657722e-01 -1.97957039e-01 -8.36279690e-01 -2.80844569e-01
    -5.78593314e-01 -9.37769651e-01 -6.47942722e-01 -3.28248382e-01
    -3.28355312e-01 -2.31490016e-01 -4.28472519e-01 -3.93416643e-01
    -8.52204204e-01 -3.12813520e-01 -5.14733493e-01 -8.35256100e-01
    -5.95963478e-01 -3.85260284e-01 -6.57580018e-01 -8.77587199e-01
    -5.01977563e-01 -6.05955660e-01 -8.44874859e-01 -1.65431201e-01
    -2.78566301e-01 -3.77627432e-01 -5.96359670e-01 -5.18711209e-01
    -6.62308931e-01 -9.97921705e-01 -2.25454330e-01 -1.16313338e-01
    -7.52218306e-01 -5.34278810e-01 -6.06056809e-01 -1.36207223e-01
    -4.66591656e-01 -8.03053081e-01 -1.96405649e-01 -8.03473711e-01
    -9.74338651e-02 -3.31692994e-01 -5.94753802e-01 -2.51365542e-01
    -8.52060199e-01 -5.28805494e-01 -7.40661383e-01 -8.60115886e-02
    -1.53455138e-02 -7.90754676e-01 -3.54110122e-01 -8.12624335e-01
    -3.55154335e-01 -1.53145194e-02 -9.28356588e-01 -8.03051591e-01
    -7.68415809e-01 -8.07969689e-01 -1.02755308e-01 -7.19142675e-01
    -8.18049788e-01 -2.05527484e-01 -7.75022507e-02 -5.26592970e-01
    -4.60027218e-01 -4.27343905e-01 -7.31239557e-01 -5.81530035e-01
    -4.75695372e-01 -4.49861228e-01 -3.30559015e-02 -2.27105618e-01
    -6.20781183e-01 -1.96848810e-01 -5.07067204e-01 3.10802341e-01
    -1.18928850e-01 -2.47419119e-01 -9.59575176e-02 -8.06381702e-01
    -6.69590533e-01 -5.53711355e-01 -8.15965593e-01 -6.73840642e-01
    -3.84843290e-01 -1.27964079e-01 -6.45186305e-01 -7.37911761e-01
    -6.17786765e-01 -7.21902847e-02 -4.92788464e-01 -4.41290736e-02
    -5.36917329e-01 -4.84508753e-01 -7.71813035e-01 -8.46407413e-01
    -4.05777901e-01 -5.45966029e-01 -5.07812023e-01 -5.20778060e-01
    -5.51867366e-01 -2.61529744e-01 -7.31527567e-01 -7.62881756e-01
    -2.26019442e-01 -8.08611393e-01 -5.77539504e-01 -2.41381049e-01
    -1.38601661e-01 -6.72796488e-01 -2.68139482e-01 -1.76113069e-01
    -5.41265965e-01 -8.55370283e-01 -3.27288210e-01 -1.04394853e-01
    -5.91588497e-01 -8.68435621e-01 -7.83004403e-01 -7.99269319e-01
    -1.50196910e-01 -5.13780236e-01 -7.10943162e-01 -4.45806861e-01
    -1.47457182e-01 -9.67656970e-02 -4.15074408e-01 -5.70178390e-01
    -2.32364237e-01 -7.04858243e-01 -5.92509031e-01 -8.64472568e-01
    -1.94772243e-01 -9.63745236e-01 -6.41313255e-01 -2.70713270e-01
    -7.40382552e-01 -3.80584598e-01 -5.43491721e-01 -2.25636005e-01
    -2.26919770e-01 -8.20721269e-01 -2.95410037e-01 -2.04034090e-01
    -8.18768620e-01 -2.76803613e-01 -1.01116478e-01 -8.75695288e-01
    -5.29320836e-01 -3.31452370e-01 -2.77192652e-01 -8.49484086e-01
    -3.27262998e-01 -3.35819602e-01 -1.03547788e+00 -1.18340492e-01
    -5.72899580e-01 -4.74264741e-01 -1.45817697e-01 -3.39163482e-01
    -1.14222407e-01 -2.71335542e-01 -2.05617368e-01 -5.60558915e-01
    -1.25526607e-01 -4.07521129e-01 -7.58424044e-01 -7.80513585e-01
    -4.06372130e-01 -3.15367103e-01 -1.94356561e-01 -7.40138412e-01
    -2.75400877e-01 -8.81754279e-01 -8.63085151e-01 -2.16038525e-01
    -7.23636508e-01 -1.00565195e-01 -7.48262167e-01 -6.56472206e-01
    -8.12385559e-01 -7.90330648e-01 -8.88875604e-01 -2.02196240e-02
    -8.95714164e-02 -7.05115139e-01 -1.68283582e-02 -6.12895370e-01
    -2.53366649e-01 -8.32666576e-01 -7.30459213e-01 -1.43739104e-01
    -5.85846722e-01 -4.48066771e-01 -2.36170590e-01 -3.32094908e-01
    -3.26345026e-01 -4.63304400e-01 -2.78825521e-01 -1.70777917e-01
    -2.16067195e-01 -4.71882045e-01 -9.17966604e-01 -4.53606427e-01
    -9.32419896e-01 -7.09468842e-01 -3.45734954e-01 3.50570679e-02
    -5.82769752e-01 -3.46312165e-01 -6.27646565e-01 -3.21972430e-01
    -7.94645429e-01 -6.31071866e-01 -4.91948336e-01 -3.91209006e-01
    -5.88706791e-01 -8.21279883e-02 -5.13514996e-01 -5.22082925e-01
    -2.13552356e-01 -6.97299719e-01 -3.60261023e-01 -8.70312452e-02
    -1.55205965e-01 -3.46158147e-01 -9.86177921e-02 -5.07040024e-02
    -1.83887422e-01 -8.82397890e-01 -4.46256042e-01 -8.26270819e-01
    -3.00249457e-02 -7.73435831e-03 -1.30484223e-01 -9.56628919e-01
    -3.70700777e-01 -2.42107391e-01 -5.77126503e-01 -8.19989562e-01
    -8.67801547e-01 -5.15657783e-01 -1.49481833e-01 -7.65683949e-01
    -4.69958484e-01 -5.19896805e-01 -3.72280002e-01 -9.08095896e-01
    -7.99615145e-01 -3.64546001e-01 8.13627243e-03 -6.48955941e-01
    -5.72848737e-01 -8.52776289e-01 -6.60080791e-01 2.76516080e-02
    -3.21646571e-01 -9.62717652e-01 -1.33388221e-01 -9.97891247e-01
    -2.02056885e-01 -9.98812914e-02 -1.74374104e-01 -4.59172964e-01
    -4.02831674e-01 -5.00232339e-01 -3.61034989e-01 -6.03127837e-01
    -6.98765516e-01 -4.93829906e-01 -6.39683843e-01 -5.40448189e-01
    -3.26466084e-01 -4.06213820e-01 -7.63731062e-01 -2.08136261e-01
    -4.94128823e-01 -3.20485771e-01 -4.81448263e-01 -1.66326940e-01
    -1.89504743e-01 -5.42525887e-01 -6.94310904e-01 -3.72439027e-01
    -6.21062458e-01 -2.18769431e-01 -6.91814959e-01 -5.36850810e-01
    -7.46504068e-02 -9.41636324e-01 -7.49620616e-01 -3.89580190e-01
    -4.31076944e-01 -1.25762284e-01 -8.27168465e-01 -6.73976421e-01
    -4.53591704e-01 -4.24746066e-01 -1.01209342e-01 -4.10634398e-01
    -3.53387535e-01 -1.61849439e-01 -1.11808479e-01 -5.05144179e-01
    -2.83044040e-01 -6.88095808e-01 -3.79211366e-01 -7.27469862e-01
    3.75812054e-02 -2.60410786e-01 -8.38097572e-01 -7.89022207e-01
    -5.07392287e-02 -4.26837325e-01 -1.77979052e-01 -7.95130610e-01
    -8.77637386e-01 -7.91098714e-01 -2.23713040e-01 -1.72734261e-01
    -7.54012346e-01 -2.92619586e-01 -5.99214435e-02 -8.60052109e-01
    -2.99948931e-01 -1.32773161e-01 -7.78709888e-01 -8.77768517e-01
    -4.25068140e-02 9.83238220e-03 -2.04988778e-01 -6.11984849e-01
    -1.31191850e-01 -4.63516116e-01 -2.46594906e-01 -3.27502489e-01
    -1.26664877e-01 -5.07933676e-01 -8.54016364e-01 -2.79410005e-01
    -1.23910248e-01 -8.69466782e-01 -8.11920285e-01 -8.03370297e-01
    -8.02614629e-01 -7.37899065e-01 -5.52619100e-01 -2.21780896e-01
    -7.41817296e-01 -4.31555152e-01 -1.42306328e-01 -3.75056624e-01
    -5.84843397e-01 -6.02000654e-01 -3.97833675e-01 -7.21635938e-01
    -7.30244160e-01 -6.22712255e-01 -5.47655106e-01 1.06986523e-01
    -5.10328531e-01 -8.40810239e-01 -6.28900349e-01 -8.50882471e-01
    -3.62350941e-02 -2.32423127e-01 -2.46159971e-01 -1.04315996e+00
    -2.21572399e-01 -9.62287426e-01 -2.50838995e-01 -7.68847585e-01
    -2.46240139e-01 -6.26022875e-01 -1.17187262e-01 -1.12717390e-01
    -8.02684188e-01 -3.94985974e-01 -8.36116552e-01 -6.83443785e-01
    -7.64153361e-01 -9.52589512e-02 -1.07178867e-01 -8.66178989e-01
    -1.73965394e-01 -6.32607222e-01 -6.77277088e-01 -1.84073687e-01
    -4.91049767e-01 -4.24188197e-01 -1.97420895e-01 -7.01550603e-01
    -7.01419652e-01 -4.74924922e-01 -9.32426214e-01 -3.37252140e-01
    -3.40306461e-01 -7.52304077e-01 -9.24422264e-01 -4.72984374e-01
    -3.37906361e-01 -7.17916131e-01 -7.11864471e-01 -6.57198727e-01
    -4.93416667e-01 -5.22078454e-01 -1.48172259e-01 -1.00868511e+00
    -8.14578295e-01 -2.27204561e-01 -7.67669320e-01 -8.13015699e-02
    -1.02244461e+00 -4.87317979e-01 -6.02321208e-01 8.52143764e-03
    -7.55899966e-01 -5.76016366e-01 -8.27475190e-01 -5.20944357e-01
    4.05294299e-02 -8.44971180e-01 -5.69254875e-01 -2.63688445e-01
    -3.77952814e-01 -6.70708418e-01 3.07703018e-02 -3.83267045e-01
    1.98670030e-02 -9.38239217e-01 -6.31838441e-01 -5.04567027e-01
    -2.34325409e-01 -2.69176781e-01 -7.14198112e-01 -2.69130051e-01
    -2.33939052e-01 -5.02722204e-01 -7.49252796e-01 -6.29814804e-01
    -4.81615067e-02 -9.10502493e-01 -8.50432992e-01 -6.51688039e-01
    -2.63841510e-01 -7.07819402e-01 -7.05754399e-01 -2.42830694e-01
    -8.80657673e-01 -2.77234793e-01 -5.14902949e-01 -4.73710954e-01
    -6.34497583e-01 -1.06332481e+00 -1.58107400e-01 -7.29634702e-01
    -8.18873525e-01 -3.13322127e-01 -1.64224803e-01 -6.35906279e-01
    -6.74677789e-01 -9.25778508e-01 -3.59708965e-01 -2.36436844e-01
    -3.86258006e-01 -1.80776715e-01 -2.89526522e-01 -4.99241650e-01
    -8.46892595e-01 -4.28188562e-01 -2.93377697e-01 -5.08329988e-01
    -8.53531659e-01 -6.04412496e-01 -2.20622838e-01 -6.07538164e-01
    -8.95249248e-01 -7.26121902e-01 -2.23799944e-01 -9.59175467e-01
    -7.97054172e-01 -1.11037672e-01 -2.85863876e-02 -3.15553308e-01
    -9.04138565e-01 -8.36812615e-01 -2.02715456e-01 -8.44434261e-01
    -2.19128549e-01 -7.82722533e-01 -6.40831351e-01 -3.77857447e-01
    -2.99959660e-01 -3.58800113e-01 -9.34385896e-01 -8.94805133e-01
    -1.67911768e-01 -9.08035040e-01 -3.70655537e-01 -2.65762687e-01
    -3.00556660e-01 -1.03940248e-01 -7.99951851e-01 -5.48492789e-01
    -3.46828699e-01 -8.46073747e-01 7.23488331e-02 -4.03996766e-01
    7.85714388e-02 -3.54031265e-01 -2.46413946e-01 -6.22389078e-01
    -1.38635814e-01 -3.49277258e-01 -1.44488931e-01 -5.16203940e-01
    -7.64197111e-02 -6.34256363e-01 -9.63340461e-01 -7.18695521e-01
    -8.46074700e-01 -5.85346222e-01 -9.23608541e-02 -3.43706846e-01
    -8.07736158e-01 -4.37912822e-01 -8.17842603e-01 -9.90596414e-02
    -2.21842766e-01 -3.36862087e-01 -4.97754902e-01 -7.48749912e-01
    -3.70727777e-01 -7.83567190e-01 -6.91846013e-01 -8.36017430e-01
    -6.48227811e-01 -4.35767174e-01 -7.57715344e-01 -4.24892604e-01
    -8.43675137e-01 -8.39271188e-01 -2.86237597e-01 -2.80652404e-01
    -1.33751512e-01 -7.34969854e-01 -8.24550748e-01 -8.06618929e-02
    -2.92156398e-01 -4.07449007e-01 -2.31915355e-01 -7.49954939e-01
    -8.10664415e-01 -5.65760255e-01 -9.45367217e-02 -6.43443227e-01
    -4.87584442e-01 -8.13755870e-01 -4.60165143e-01 -1.32502139e-01
    -6.26139700e-01 -8.63256812e-01 -8.53706479e-01 -6.73459291e-01
    -9.38295603e-01 -3.18375409e-01 -3.49931538e-01 -2.66677141e-02
    -3.79146874e-01 -7.62489080e-01 -5.49941897e-01 -6.08237922e-01
    -8.75434041e-01 4.79165316e-02 -8.28477144e-01 -1.25383258e-01
    -8.95207465e-01 -9.07130778e-01 -6.84018731e-02 -8.91383529e-01
    -3.40971231e-01 -9.22270000e-01 -2.19471931e-01 -2.92402565e-01
    -8.06161165e-01 -2.56679416e-01 -2.18330324e-01 -6.84785843e-03
    1.45574987e-01 2.47733295e-01 -7.61825562e-01 -7.23727822e-01
    -2.58196592e-02 -1.89602673e-01 -5.81914186e-01 -4.08519745e-01
    -7.96461105e-03 -6.88047826e-01 -3.86223137e-01 -2.99486697e-01
    -8.41781974e-01 -9.65363920e-01 -3.50598931e-01 -2.89668024e-01
    -3.28632414e-01 -1.15028441e-01 -1.90877199e-01 -2.68794596e-01
    -2.77796268e-01 -3.16630721e-01 8.78218412e-02 -5.75966954e-01
    -7.67041504e-01 -3.75883728e-01 -6.49547517e-01 -1.40736103e-01
    -5.03640532e-01 -8.39234352e-01 -8.82300854e-01 -8.42694044e-01
    -1.06549680e-01 -1.79460585e-01 -2.87786603e-01 -9.58384156e-01
    -5.02934933e-01 -3.25811148e-01 -8.34304810e-01 -1.43093944e-01
    -4.24015403e-01 -1.05004764e+00 -7.46877193e-02 -2.33213663e-01
    -9.32334781e-01 -8.81401300e-01 -2.12318063e-01 1.91935897e-02
    -5.44424176e-01 -9.56905365e-01 -4.80121851e-01 -3.91744137e-01
    -2.51490414e-01 -9.33881760e-01 -7.04125583e-01 -1.71541572e-01
    -6.42390966e-01 -2.22777486e-01 -4.10359144e-01 -5.26174784e-01
    -8.10949445e-01 -2.72400856e-01 -3.02254319e-01 -9.29003954e-01
    -7.40751803e-01 -2.90752411e-01 -2.83487558e-01 -1.38685107e-01
    -4.11495149e-01 -9.21287537e-01 -8.76332045e-01 -5.35986781e-01
    -2.33118951e-01 -2.81527996e-01 -6.23345315e-01 -3.18590462e-01
    -6.41890764e-01 -8.15795779e-01 -5.88593721e-01 -2.14586020e-01
    -6.09547496e-01 -5.61952591e-03 -6.92494750e-01 -1.02547526e-01
    -2.75654256e-01 -5.85188031e-01 -5.59875965e-01 -8.15862000e-01
    -2.61165142e-01 -8.81899774e-01 -3.93544853e-01 -1.23845935e-02
    -4.28977013e-02 -9.32131529e-01 -8.33470225e-01 -9.22155499e-01
    -6.54343486e-01 -2.69359827e-01 7.34776258e-03 -4.46779013e-01
    -4.95288968e-01 -9.53872442e-01 -1.33773863e-01 -7.05695570e-01
    -2.80708790e-01 -1.12712562e-01 -5.99772871e-01 -7.21989393e-01
    -8.67029905e-01 -8.77574205e-01 -5.38391829e-01 -3.58138442e-01
    -3.72181535e-02 -3.03906977e-01 -8.35397482e-01 -6.76123977e-01
    -3.87006342e-01 -8.39524150e-01 -3.52377772e-01 -7.77140856e-02
    -4.06090915e-01 -8.48426700e-01 -5.71564734e-01 -6.79868102e-01
    -1.60891950e-01 -2.85723567e-01 -1.13584876e-01 -2.91766286e-01
    -1.91536188e-01 -1.78177893e-01 -8.78291845e-01 -7.21935868e-01
    -4.40326095e-01 -8.22752237e-01 -1.84269488e-01 -3.44665051e-01
    -8.61554205e-01 -8.30527186e-01 -5.43128729e-01 -1.22844458e-01
    -7.15256691e-01 -1.95777774e-01 -3.10368419e-01 -9.60796952e-01
    -2.38421023e-01 -5.26259840e-01 -1.49465799e-02 -2.47824490e-01
    -1.49485707e-01 -9.82664704e-01 -5.22293568e-01 -5.85638762e-01
    -6.89784288e-02 -3.15658748e-01 -4.39960599e-01 -6.00661159e-01
    -6.54182374e-01 -2.81273186e-01 -2.33286917e-01 -6.67888880e-01
    -3.03150117e-01 -2.62662292e-01 -6.25344515e-01 -9.07112598e-01
    -4.40213680e-01 -5.65226614e-01 -3.36940408e-01 -3.67745042e-01
    -3.94558847e-01 -1.38394356e-01 -3.64771605e-01 -5.89619637e-01
    -9.66230273e-01 -9.46995616e-01 -7.55327761e-01 5.65805435e-02
    -5.83216131e-01 -7.21987486e-01 -6.51281834e-01 -5.21017671e-01
    -3.63179386e-01 -1.56282067e-01 -3.18812251e-01 -7.54420221e-01
    -4.34231043e-01 -8.77849221e-01 -9.92200851e-01 -9.68903303e-03
    -2.32317269e-01 -7.60273337e-01 -2.94252276e-01 -3.12294960e-01
    -1.73812270e-01 -8.92646313e-02 -6.29835486e-01 -3.99412274e-01
    -1.30630314e-01 -3.72069776e-01 -4.87348616e-01 -3.73759687e-01
    -4.51696038e-01 -8.87188375e-01 -9.46491957e-02 -9.14221644e-01
    -4.76131618e-01 -3.45454097e-01 -8.31483662e-01 -2.03590870e-01
    -3.55988145e-01 -7.67197311e-01 -4.44422960e-01 -5.55499494e-01
    -4.81636226e-01 -5.24216294e-01 -6.23751640e-01 3.42897177e-02
    -7.40080953e-01 -7.48448968e-01 -4.65129763e-01 -8.85483563e-01
    -5.75440764e-01 -9.06446338e-01 -2.48589456e-01 -3.26084971e-01
    -6.95105791e-02 -9.59156752e-02 -6.21351540e-01 -5.50647318e-01
    6.77492619e-02 -8.75785470e-01 -3.47081542e-01 -6.68235302e-01
    -5.23434162e-01 -1.52405441e-01 -2.11018860e-01 -7.96408713e-01
    -2.10942090e-01 -1.55453980e-01 -5.17679691e-01 -1.74543977e-01
    -3.92131567e-01 -2.21771061e-01 -6.04785442e-01 -7.57643223e-01
    -1.00020885e-01 -1.95204794e-01 -6.48902893e-01 -2.47746706e-03
    -7.63115048e-01 -7.69730210e-01 -8.06037784e-01 -4.43933368e-01
    -2.47533977e-01 -4.45898503e-01 -6.52580857e-02 3.14406574e-01
    -3.75595689e-02 -3.97891492e-01 -3.75753075e-01 -5.79194427e-01
    -4.80071753e-01 -7.49231577e-01 -4.61331606e-01 -2.40023017e-01
    -3.99988711e-01 -6.75113201e-01 -6.93410516e-01 -5.02497435e-01
    -1.38446689e-01 -3.60675037e-01 -9.56384659e-01 -1.60533845e-01
    -4.96113360e-01 -9.04433489e-01 -4.59530234e-01 -3.26247811e-01
    -8.92104149e-01 6.37511015e-02 -3.78368765e-01 -6.90347791e-01
    -2.30949819e-01 -8.03377032e-02 -3.90270531e-01 -2.39617765e-01
    -4.11131918e-01 -6.70785725e-01 -3.55276942e-01 -8.83831382e-01
    -3.24599266e-01 -7.93605447e-02 -7.08080769e-01 -9.81993079e-01
    -2.13069797e-01 -1.52832329e-01 -8.42597783e-01 -8.95222306e-01
    -5.39946973e-01 -2.11199820e-01 -6.04079723e-01 -4.70517933e-01
    -8.39782596e-01 -7.85006166e-01 -2.15915084e-01 -9.06765103e-01
    -7.22002506e-01 -8.20798635e-01 -9.02819037e-01 -4.26719904e-01
    -4.93448973e-01 -9.63048339e-01 -2.62104094e-01 -3.98201823e-01
    -7.76259422e-01 -5.11317909e-01 -4.22838688e-01 -8.84097219e-01
    -6.46145761e-01 -4.04195726e-01 -2.26340532e-01 -3.81388783e-01
    -7.93843269e-02 -3.30851853e-01 -5.08242786e-01 -6.60313189e-01
    -3.66753936e-01 -4.70057428e-01 -2.18485117e-01 -5.99040926e-01
    -3.06864858e-01 -5.88568151e-01 -7.47699082e-01 -3.80330205e-01
    -1.78963542e-01 -3.16195965e-01 -6.68839216e-01 -9.69223261e-01
    -3.92692983e-01 -1.28352821e-01 -8.54022920e-01 -8.66301060e-02
    -1.49036229e-01 -6.13959312e-01 -7.22741365e-01 -2.51749992e-01
    -2.78987706e-01 -5.56270182e-01 -4.79874074e-01 -7.24536836e-01
    -2.11773336e-01 -2.55367219e-01 -3.59789729e-02 -1.21050894e-01
    -1.94893181e-01 -8.47992659e-01 -3.12669992e-01 -2.99791455e-01
    -1.45941377e-02 -5.23900032e-01 -6.05250359e-01 2.60832906e-02
    -1.32655323e-01 -3.97098094e-01 -6.23763919e-01 -7.40298867e-01
    -7.18705535e-01 -4.96760249e-01 3.11846733e-02 -8.47006917e-01
    -7.51631856e-02 -5.93320072e-01 -7.64372945e-02 -5.83890319e-01
    -6.10538602e-01 -8.59153211e-01 -7.78251410e-01 -5.11385739e-01
    -3.00637901e-01 -5.81654608e-01 -5.34907579e-01 -8.82534981e-01
    -5.96366048e-01 -2.41757095e-01 -1.01493418e-01 -9.13326740e-02
    -2.87251055e-01 -8.53953481e-01 -4.64435518e-01 -8.99459481e-01
    -2.28233337e-01 -2.19819784e-01 -8.20342898e-02 -1.25551701e-01
    -6.66897297e-01 -5.92475057e-01 -2.45023370e-01 -6.85234427e-01
    -6.87700212e-01 -5.59036553e-01 -1.48080945e-01 -3.19598138e-01
    -2.99615264e-01 -2.22170949e-01 -9.23892975e-01 -8.68003726e-01
    -6.64353371e-01 -1.43001020e-01 -5.87108612e-01 -1.18465781e-01
    -3.72082055e-01 -4.65285182e-02 -7.23033786e-01 -4.50622231e-01
    2.74783373e-02 -8.54375482e-01 -6.39617503e-01 -6.13125622e-01
    -1.59164071e-02 -7.28382647e-01 -2.60571778e-01 -3.61961901e-01
    -5.82279325e-01 -9.06656027e-01 -2.87735581e-01 -3.07615995e-01
    -5.78359544e-01 -6.50253654e-01 -2.03199983e-01 -6.40231967e-02
    -2.05226541e-01 -1.84992909e-01 -6.75073147e-01 -5.68582177e-01
    -8.03312778e-01 -6.33252263e-01 -5.52033484e-01 -6.48674488e-01
    -6.45300388e-01 -9.11910951e-01 -5.61070204e-01 -3.22047055e-01
    -6.50982022e-01 -7.66883969e-01 -1.46918893e-01 -3.67833734e-01
    -7.03350484e-01 -1.07720017e-01 -5.97904503e-01 -5.36046863e-01
    -7.03673065e-01 -2.69888937e-01 -3.38404119e-01 -6.25486612e-01
    -5.82467675e-01 -7.60309875e-01 -7.59140491e-01 -4.53915507e-01
    -7.24324703e-01 -5.58478773e-01 -7.87059188e-01 -1.16238177e-01
    -9.38351154e-02 -6.09408617e-02 -5.80787659e-02 -8.27012539e-01
    -8.79304111e-01 -3.53402376e-01 -3.31736445e-01 -7.99178243e-01
    -6.39460981e-01 -9.01597261e-01 -3.16216826e-01 -1.15618706e-02
    2.62995362e-02 -7.84709454e-01 -3.90622556e-01 4.70876694e-02
    -5.33605814e-02 -3.00797939e-01 -1.66047156e-01 -8.74142528e-01
    -8.67524087e-01 -4.80095267e-01 -2.42694914e-01 -5.14899850e-01
    -4.24742103e-02 -6.73554897e-01 -4.31584150e-01 -7.55936384e-01
    2.39110589e-02 -3.77326131e-01 -3.69743109e-01 -1.52202249e-02
    -7.79521585e-01 -7.84282088e-01 -5.97547889e-01 -6.98065162e-02
    -5.48649907e-01 -8.21453214e-01 -1.36300802e-01 -9.46315527e-02
    -6.21602535e-02 -8.23696613e-01 -9.51807976e-01 -5.31724334e-01
    -3.15234184e-01 -8.94065499e-02 -1.46040142e-01 -3.51099491e-01
    -6.63233578e-01 -5.75571537e-01 -6.54230118e-02 -4.15228039e-01
    -3.88489336e-01 2.55567670e-01 -2.84672976e-01 -4.06839132e-01
    -7.00828433e-02 -3.61874521e-01 -9.77378249e-01 -2.98633695e-01
    -3.89552057e-01 -4.54675078e-01 -5.35173416e-02 -1.54923677e-01
    -8.22988749e-02 -7.75356174e-01 -5.12928605e-01 -4.62481081e-01
    -5.42219162e-01 -8.14828038e-01 -1.72488630e-01 1.64796114e-02
    -4.43302840e-01 -6.12944484e-01 -5.84238708e-01 -1.64990306e-01
    -7.59108126e-01 -5.85640430e-01 -2.76188910e-01 -4.87172246e-01
    -1.47345245e-01 -2.43725836e-01 -6.50710285e-01 -2.45976329e-01
    -5.79691648e-01 -9.97188687e-01 -8.16447437e-01 -1.28053367e-01
    -1.00912416e+00 -7.47560024e-01 -5.46141624e-01 -2.21882105e-01
    -8.95197093e-01 -8.98525715e-01 -2.44015038e-01 -6.54817820e-02
    -3.53103161e-01 -4.81819093e-01 -2.87467957e-01 -3.16190839e-01
    -1.26959205e-01 -4.72727895e-01 -6.02670252e-01 -7.57991076e-01
    -6.14861250e-02 -3.87403369e-01 -4.38639402e-01 -1.59447789e-01
    -2.31197953e-01 -6.50330007e-01 -6.54020548e-01 -3.09389055e-01
    -4.98136669e-01 -9.64687109e-01 -1.36632860e-01 -2.40001202e-01
    -9.23466384e-01 -2.21110940e-01 -9.15808797e-01 -7.33721852e-01
    -6.05216622e-02 -5.67426443e-01 -5.41928887e-01 -4.33740139e-01
    -9.26869333e-01 -4.05974030e-01 -7.12869644e-01 -1.77991867e-01
    -7.88845599e-01 -7.02837646e-01 -6.77873850e-01 -6.59565866e-01
    -7.03270555e-01 -2.89572895e-01 -7.32940733e-01 3.59473228e-02
    -8.11359048e-01 -5.31923056e-01 -7.44283199e-01 -2.53917277e-01
    -2.97066331e-01 -7.71364868e-01 -4.34149534e-01 -9.22292352e-01
    -3.27642977e-01 -9.66446519e-01 -3.51745307e-01 -8.06950569e-01
    -5.13630629e-01 -9.26268697e-01 -2.31964648e-01 -3.16703916e-01
    -7.31998801e-01 -9.27715898e-01 -5.33466697e-01 -2.25836992e-01
    -6.75894678e-01 -6.80176616e-01 -5.40206432e-01 1.42019987e-02
    -2.72315025e-01 -5.31154871e-03 -8.21289539e-01 -4.58889782e-01
    -3.60916138e-01 -5.04833877e-01 -3.10730934e-02 -3.59842598e-01
    -8.69013309e-01 -7.26851463e-01 -4.38547015e-01 -6.08595729e-01
    -2.67269909e-01 6.45357370e-03 -8.12545002e-01 -6.66875839e-02
    -8.03245008e-01 -7.94863701e-01 -9.77747262e-01 -7.29894876e-01
    -7.79942572e-01 -7.14573741e-01 -6.02212369e-01 -4.97646898e-01
    -9.14097011e-01 -8.48707676e-01 -2.30964065e-01 -5.13520598e-01
    -1.01666129e+00 -8.61435294e-01 -3.76652479e-02 -6.04110241e-01
    -6.58017695e-01 -5.04671454e-01 -2.48894811e-01 -6.86402798e-01
    -2.02305913e-02 -1.17108226e-02 -2.43179142e-01 -7.26625025e-01
    -7.20219374e-01 -3.02537680e-02 -3.53822052e-01 -5.93545794e-01
    -5.13542950e-01 -5.53159356e-01 -6.84599459e-01 -5.56746542e-01
    -3.98654193e-01 -5.21211565e-01 -4.42776710e-01 -2.41825163e-01
    -2.08573878e-01 -5.61079502e-01 -4.24874842e-01 -8.97754252e-01
    -7.37256765e-01 -5.44105113e-01 -8.52398753e-01 -9.13876176e-01
    -7.59662271e-01 -6.60469413e-01 -8.83795619e-02 -8.14924717e-01
    -4.21106815e-01 -7.41627574e-01 -1.53986514e-01 -1.08226717e-01
    -4.44998622e-01 -7.88109183e-01 -1.35221660e-01 -6.66053653e-01
    -7.38972962e-01 -3.10132205e-01 -6.52637959e-01 -1.97040558e-01
    -4.97981608e-01 -6.75762057e-01 -2.54127681e-01 -8.70100379e-01
    -5.68840504e-01 -7.93448448e-01 -8.80339324e-01 -6.29294276e-01
    -5.18258214e-01 -1.88248098e-01 -8.35940480e-01 -9.28991675e-01
    -1.28260255e-01 -8.43857765e-01 -4.30872738e-01 -6.60344124e-01
    -1.41302407e-01 -9.84476805e-02 -5.19399226e-01 -7.99212337e-01
    -3.12858522e-01 -5.95067441e-01 -5.81670105e-01 -2.69460440e-01
    -1.24519706e-01 -3.23071599e-01 -1.04283214e-01 -5.11735320e-01
    -2.03816414e-01 -2.88906753e-01 -7.89837837e-01 -4.70495254e-01
    -6.99645281e-01 -5.25099158e-01 -7.56365657e-01 -7.12644696e-01
    -2.29241252e-01 -6.98927939e-01 -9.18392956e-01 -2.16411531e-01
    -7.74770796e-01 -3.57733905e-01 -7.31076360e-01 -5.91123581e-01
    -3.29935193e-01 -2.65004694e-01 -5.75312376e-02 -7.69431591e-02
    -6.42541289e-01 -3.14391434e-01 -9.03772712e-02 -5.73907018e-01
    -8.36833954e-01 -6.94826841e-02 -7.59800196e-01 -2.26627052e-01
    -8.90346289e-01 -3.12352777e-01 -9.02394712e-01 -4.44456100e-01
    -3.19310367e-01 -3.27447414e-01 -1.49734974e-01 -3.82956684e-01
    -7.57823706e-01 -3.21305096e-01 -4.58581805e-01 -9.26160812e-03
    -4.22119439e-01 -7.88350821e-01 -1.81145668e-01 5.13762236e-03
    -4.80841964e-01 -3.36291969e-01 -4.49696690e-01 -3.22723687e-01
    -1.57349050e-01 -4.46738541e-01 -5.20693183e-01 -3.43190193e-01
    -9.03756261e-01 -1.14077687e-01 -2.70912409e-01 -7.97898769e-01
    -2.22361445e-01 -7.02225864e-01 -2.47710466e-01 -7.19196975e-01
    -3.79962325e-02 -5.37955284e-01 -4.99550402e-01 -6.97613239e-01
    -2.11201966e-01 -5.94041348e-02 -3.04976046e-01 -7.12763071e-01
    -7.04315484e-01 2.89649963e-02 -2.28025317e-01 -8.64111781e-02
    -6.96137309e-01 -1.70366943e-01 -5.21665692e-01 -5.44424236e-01
    -5.82697630e-01 -8.22912335e-01 -7.30580747e-01 -9.76482153e-01
    -1.84547186e-01 -4.75804865e-01 -3.13967466e-01 -2.42989182e-01
    -8.07156622e-01 -4.92124498e-01 -9.10128355e-02 -9.50108290e-01
    -8.66925240e-01 -2.91358471e-01 -9.39032078e-01 -1.47564292e-01
    -2.46406794e-01 -5.50142884e-01 -2.93447435e-01 -2.77214706e-01
    -1.76040053e-01 -2.12365687e-01 -5.62628865e-01 -7.05874383e-01
    -6.85473680e-02 -9.35320020e-01 -6.19429111e-01 -8.58653426e-01
    -3.54335368e-01 -3.54411542e-01 -2.72701621e-01 -6.43511713e-01
    -2.14528203e-01 -9.33197260e-01 -6.22018218e-01 -3.17874014e-01
    -8.88042212e-01 -8.79228115e-01 -7.62993097e-01 -1.00967264e+00
    -5.06768107e-01 -1.47812188e-01 -3.38769555e-01 -4.98802781e-01
    -2.99100757e-01 -3.27840447e-01 -7.03735352e-02 -4.35813665e-01
    -5.57737648e-01 -5.20830870e-01 -8.17926288e-01 -5.38736880e-01
    -3.41127038e-01 -3.88542056e-01 -7.17206240e-01 7.84254074e-02
    -7.33312428e-01 -8.42373371e-01 -4.92774159e-01 -1.64790928e-01
    -8.75273347e-02 -3.04354310e-01 1.10660791e-02 -4.20344889e-01
    -6.52657449e-01 -3.83242071e-01 -4.21798348e-01 -1.78923547e-01
    -4.41457480e-01 -1.79404974e-01 -3.49942446e-01 -1.83588564e-01
    -8.45091164e-01 -1.82765365e-01 -8.01134825e-01 -7.19757676e-01
    -1.97574437e-01 -6.47314072e-01 -2.40494013e-01 -4.23208356e-01
    -3.99564385e-01 -3.26410353e-01 -7.15347350e-01 -8.49534273e-02
    -4.85455573e-01 -1.46023154e-01 -8.77195477e-01 -8.06146324e-01
    -2.79302955e-01 -4.04790938e-01 -1.77047670e-01 -8.89925122e-01
    -7.15628445e-01 -1.75724506e-01 -3.46698999e-01 -6.22765303e-01
    -2.85800636e-01 -5.38779080e-01 -2.57604599e-01 -7.29393303e-01
    -2.48010039e-01 -7.22728372e-02 -2.75392771e-01 -5.91306806e-01
    -4.05179679e-01 -1.13669038e-01 -8.43321204e-01 -3.76744866e-02
    -1.13137364e-01 -9.61981893e-01 -9.39324379e-01 -2.56506622e-01
    -8.72438788e-01 -8.87357712e-01 -1.03412330e-01 -7.65095711e-01
    -6.45206511e-01 -7.78982520e-01 -8.72559309e-01 -1.35251343e-01
    -6.88150644e-01 -7.56272793e-01 -1.36504292e-01 -7.19333708e-01
    -2.62435913e-01 -8.39188218e-01 -2.52725899e-01 -2.12998331e-01
    -2.56577849e-01 -4.78318632e-01 -7.17654467e-01 -8.02801132e-01
    -2.55665183e-01 -1.94882393e-01 -7.35139370e-01 -7.18081594e-01
    -4.38768268e-02 -6.34987652e-01 -2.86779583e-01 -6.64392769e-01
    -8.13288689e-02 -9.01638269e-02 -9.15589571e-01 -6.83067262e-01
    -7.92454600e-01 -5.75484872e-01 -4.98284519e-01 -6.32686019e-01
    -8.11330438e-01 -5.68312407e-03 -1.44538105e-01 -8.14864397e-01
    -1.26170516e-01 -1.43872619e-01 -7.17127323e-03 -5.38963795e-01
    -6.79919362e-01 -7.74761498e-01 -8.68163466e-01 7.23578334e-02
    -7.97682166e-01 -6.32613182e-01 -3.22366118e-01 -2.98767686e-02
    -1.23257756e-01 -4.99530554e-01 -5.40109277e-01 -2.23081112e-01
    -3.03854883e-01 -5.80030084e-01 -8.21088374e-01 -3.64145458e-01
    -6.86971664e-01 -4.32960987e-01 -6.35920703e-01 -3.21477890e-01
    -4.67868567e-01 -8.11073780e-01 -3.15133452e-01 -6.50705278e-01
    -5.58329940e-01 -1.39801919e-01 6.44783378e-02 -6.16645038e-01
    -5.83201647e-02 -6.09837055e-01 -7.09253788e-01 -3.69376421e-01
    -2.30479002e-01 -2.60893703e-01 -7.69434512e-01 -4.40596581e-01
    -4.17376220e-01 -2.20236182e-02 -8.90253067e-01 -9.05398846e-01
    -7.74100900e-01 -7.65154839e-01 -4.31754738e-01 -3.05490136e-01
    -8.63721728e-01 -2.62843132e-01 -1.23993158e-01 -7.82376528e-03
    -2.87741184e-01 -7.12118864e-01 -1.90180540e-03 -6.52540803e-01
    -2.38803089e-01 -4.63079959e-01 -6.64646268e-01 -4.27984059e-01
    -2.00034976e-01 -4.23548996e-01 -3.88549984e-01 -8.21520567e-01
    -5.98801374e-01 -1.05514050e-01 -1.60777390e-01 -8.08640599e-01
    -3.09218287e-01 -1.28300071e-01 -1.22599959e-01 2.14427829e-01
    -4.23005819e-02 -5.23248553e-01 7.66333938e-02 -8.26123536e-01
    -2.00751185e-01 5.09488583e-03 -7.98404813e-01 -7.13067174e-01
    -2.17721939e-01 -7.95599103e-01 -6.08989656e-01 -5.51555455e-01
    -1.96315050e-01 -1.28516078e-01 -5.74628830e-01 -6.04712009e-01
    -8.04078579e-01 -3.67499590e-02 -7.20864296e-01 -8.58560681e-01
    -9.42057967e-02 -3.07588637e-01 -4.73627329e-01 -6.10057652e-01
    -8.12421441e-01 -4.43387687e-01 -2.70073950e-01 -3.92764270e-01
    -2.04883039e-01 -3.65032613e-01 -4.68481779e-01 -7.44436443e-01
    -2.31656194e-01 -2.82819152e-01 -5.15034914e-01 -3.30846369e-01
    -2.41292298e-01 -4.20982897e-01 -1.39654517e-01 -3.31322968e-01
    -2.31792331e-01 -2.69683838e-01 -8.75099301e-01 -2.97665000e-02
    -4.62450266e-01 -6.23913527e-01 -6.66793764e-01 -6.78139389e-01
    4.61505055e-02 -6.69014275e-01 -4.46374595e-01 -2.07573473e-01
    -7.71330953e-01 -1.15498066e-01 -3.88983965e-01 -1.07244074e-01
    -2.88769484e-01 -2.10312247e-01 -3.82034600e-01 -2.23298430e-01
    -6.04541302e-01 -2.42514312e-01 -8.45001340e-01 -4.52891409e-01
    -9.36526299e-01 -4.77036834e-02 -4.18193638e-01 -5.88922203e-01
    -5.75165689e-01 -4.66702700e-01 -2.24262595e-01 -7.25247264e-02
    -6.28492534e-01 -9.87177849e-01 -3.93834472e-01 -2.91019320e-01
    -3.51264477e-01 -6.90034509e-01 -2.66805410e-01 -1.27911150e-01
    -8.10678661e-01 -5.16299129e-01 -7.14348912e-01 -8.37723136e-01
    -6.71416521e-02 -3.97214860e-01 -8.25198054e-01 1.04434490e-02
    1.80470943e-02 -2.63809025e-01 -1.84384465e-01 -8.22025657e-01
    -1.53885484e-01 -4.22642887e-01 -8.48946393e-01 -5.55597901e-01
    -7.86748648e-01 -7.82333612e-02 -1.31659031e-01 -8.59279692e-01
    -7.11476684e-01 -8.06782126e-01 -6.43881440e-01 -3.18933129e-02
    -2.87370920e-01 -2.06246376e-01 -7.65804887e-01 8.13823938e-03
    -6.45423532e-01 -2.21122801e-01 -4.99497384e-01 -8.02899003e-01
    -3.28740001e-01 -8.02216053e-01 -3.58789384e-01 -4.91963267e-01
    -1.09712541e-01 -4.91465092e-01 -3.30836892e-01 -2.56333411e-01
    -7.39601135e-01 -4.74663794e-01 -6.06095195e-01 -5.79859376e-01
    -5.70128798e-01 -5.54048419e-02 -5.18330336e-01 1.69855356e-02
    -3.81397426e-01 -1.76343858e-01 -5.76067328e-01 -8.97551537e-01
    -8.81894112e-01 -6.89840078e-01 -1.48184717e-01 -1.83855236e-01
    -2.65030086e-01 -2.29797602e-01 -9.74717975e-01 -6.99579537e-01
    -8.00263345e-01 -1.38317049e-01 -1.81805313e-01 -1.61230564e-01
    -8.66736889e-01 -3.64106059e-01 -5.22268713e-01 -8.54684532e-01
    -2.90014684e-01 -3.36993277e-01 -2.67401457e-01 -7.23209143e-01
    9.78631973e-02 -5.58559775e-01 -1.78585768e-01 -1.98409140e-01
    -6.84328735e-01 -8.07259738e-01 -8.09610248e-01 -7.94374883e-01
    -5.10216117e-01 -2.45669246e-01 -8.23832631e-01 -3.25921655e-01
    -1.24253988e-01 -5.38442731e-02 -5.26245236e-01 -9.48312342e-01
    -5.61900079e-01 -8.17203104e-01 -8.53542447e-01 -3.99612188e-02
    -9.05950785e-01 -1.73905611e-01 -2.59104908e-01 2.90023685e-02
    -1.63579106e-01 -3.10550392e-01 -7.19769001e-01 5.70024252e-02
    -2.94467807e-01 -8.51225138e-01 -4.39095914e-01 -8.03426147e-01
    -5.12691915e-01 -8.04722071e-01 -2.67643213e-01 -2.20607281e-01
    -2.61469603e-01 -6.23038054e-01 -5.01764894e-01 -6.69743180e-01
    -5.56818485e-01 -8.44894409e-01 -2.22954333e-01 -9.46139038e-01
    -8.03448558e-01 -3.52190495e-01 -1.29719079e-01 -6.95188880e-01
    -4.31060851e-01 -3.49464774e-01 -3.70081186e-01 -8.10024142e-01
    -3.17808211e-01 -2.75158882e-02 -7.43266940e-01 -2.60372162e-01
    -3.58238459e-01 -6.58909500e-01 -6.57787502e-01 -1.47333920e-01
    -7.22143829e-01 -8.86114359e-01 -5.70320904e-01 -7.58592546e-01
    -7.59345651e-01 -8.49438190e-01 -8.05645585e-02 -4.85085040e-01
    -2.46795774e-01 -9.21883225e-01 -6.75100386e-01 -6.52692497e-01
    -5.79371452e-01 -6.48552179e-01 -6.29226863e-01 -3.86746585e-01
    -6.68803096e-01 -1.24828756e-01 -7.05907226e-01 -6.20604277e-01
    -4.06655669e-01 -4.59960729e-01 -4.97984022e-01 -6.91769004e-01
    -8.69766533e-01 -3.91676664e-01 -1.95685148e-01 -6.83113098e-01
    -6.05724692e-01 -5.76351285e-02 -8.26052427e-01 -4.84323204e-01
    -2.20387042e-01 -3.48675251e-01 -6.03322446e-01 -8.79267335e-01
    -7.35090733e-01 -4.18305159e-01 -5.06707668e-01 -4.46208179e-01
    -6.45577312e-01 -5.69397688e-01 -5.80379903e-01 1.37306988e-01
    -3.61101717e-01 -3.22417617e-02 -7.28603423e-01 -2.37796605e-01
    -1.81964636e-01 -2.49206662e-01 -6.75173461e-01 -3.83031607e-01
    -9.41338658e-01 -3.44640076e-01 -6.69395804e-01 -2.75254250e-01
    -9.86201644e-01 -2.98819184e-01 -8.74608397e-01 -6.02186322e-01
    -4.04457867e-01 -5.21517754e-01 -4.36810791e-01 -5.95342577e-01
    -8.06317925e-01 -7.13379741e-01 -8.46367180e-01 4.09153104e-02
    -6.94332540e-01 -7.31620073e-01 -5.36992550e-01 -4.61637735e-01
    -8.55447352e-01 -2.45497227e-01 -6.84817076e-01 -7.51217186e-01
    -2.17320204e-01 -8.56194496e-01 -3.08732510e-01 -1.03716373e+00
    -8.65877032e-01 -7.42688060e-01 -3.92538011e-01 -4.38246906e-01
    -3.93395662e-01 -6.18306160e-01 -4.34773386e-01 -1.31924629e-01
    -7.82561898e-01 -2.09743619e-01 -1.34661734e-01 5.01075983e-02
    -5.37569582e-01 -5.85091412e-01 -7.32072115e-01 -3.53496552e-01
    1.72433257e-02 -5.90446174e-01 -4.19443965e-01 -7.96069145e-01
    -7.68598795e-01 -6.09617531e-01 -3.46197605e-01 -7.28916943e-01
    -7.06564963e-01 -9.42107439e-01 -1.50318265e-01 -2.71374345e-01
    -8.81317794e-01 -7.29416013e-02 -6.64858460e-01 -7.76724339e-01
    -4.10221875e-01 -6.85378432e-01 -9.47808266e-01 -4.48110223e-01
    -5.04030108e-01 -4.82055664e-01 -1.05894911e+00 -6.92926049e-01
    -1.09083354e-01 -6.37575746e-01 -4.99190420e-01 -4.95390445e-01
    -8.95660162e-01 -4.83395189e-01 -3.12828720e-01 -6.77581787e-01
    -4.63918120e-01 -7.74563909e-01 -4.28406328e-01 3.97202969e-02
    -3.22747946e-01 -6.36641264e-01 -1.87152207e-01 -6.22992039e-01
    -9.05837178e-01 -8.58090281e-01 -3.14260900e-01 -4.10960317e-02
    -8.33326578e-01 -6.14891112e-01 -5.79677224e-02 -8.44074547e-01
    -8.95161152e-01 -8.52576256e-01 -8.70722830e-01 -3.76646519e-02
    -9.22495365e-01 -1.11776292e-01 -5.13765514e-01 -7.10604429e-01
    -4.25394773e-01 -9.48555350e-01 -2.65755117e-01 -4.39140201e-01
    -6.02297783e-02 -6.39946342e-01 -7.81125128e-01 -9.27565753e-01
    -2.21739352e-01 -4.67148602e-01 -9.86957610e-01 -5.49559712e-01
    -4.87482488e-01 -4.30375576e-01 -2.95696139e-01 -7.80739188e-01
    -6.60280108e-01 -6.69659257e-01 -2.74062872e-01 -3.44018579e-01
    -8.37181211e-01 -5.41929007e-01 -4.45082158e-01 -5.38171470e-01
    -5.38106263e-01 -8.42668295e-01 -8.60677302e-01 -1.39252186e-01
    -5.18146396e-01 -7.42903829e-01 -2.09316373e-01 -4.24544215e-01
    -5.45801997e-01 -9.13772583e-01 -8.32228541e-01 -6.73907161e-01
    -3.02586377e-01 -3.15325618e-01 -6.42438233e-01 -9.47942138e-02
    -7.63353467e-01 -3.93679738e-01 -5.64814925e-01 -5.11477411e-01
    -5.83719194e-01 -4.91285205e-01 -5.52961528e-01 -4.53547657e-01
    -7.87765980e-01 -7.30549574e-01 -4.00759161e-01 -7.79595196e-01
    -1.07180655e-01 -3.91611397e-01 -8.38624239e-02 -4.96910870e-01
    -4.11489666e-01 -3.46422315e-01 -3.23298395e-01 -4.25895631e-01
    -6.86401546e-01 -2.31068194e-01 -3.31224322e-01 -2.29837358e-01
    -4.56358969e-01 -2.90353060e-01 -1.11525536e-01 -8.45289826e-01
    -4.55732793e-01 -1.30878150e-01 -1.83980405e-01 4.76713181e-02
    -3.08671117e-01 -6.37476683e-01 -8.41306806e-01 -7.27095544e-01
    -4.32493269e-01 -5.03002644e-01 -7.31083512e-01 -2.16831684e-01
    -8.03752065e-01 -1.30116045e-01 -1.91308081e-01 -5.98909616e-01
    -6.69327974e-01 -8.84023607e-01 -2.40238309e-01 -2.48106241e-01
    -1.93517804e-01 -6.64474964e-02 -1.00554883e+00 -4.31279659e-01
    -1.53510034e-01 -3.91132832e-01 -4.83207703e-01 -8.92864943e-01
    -6.99852228e-01 -7.37079620e-01 -2.20717728e-01 -2.76080966e-01
    -6.46802902e-01 -9.41969991e-01 -2.93191433e-01 -6.91915274e-01
    -8.15572023e-01 -6.56970382e-01 -4.71953869e-01 -5.39957881e-01
    -2.89579093e-01 -3.51887882e-01 -5.52054703e-01 -1.51073337e-01
    -1.00414419e+00 -3.31661105e-01 -1.79687500e-01 -6.28103912e-01
    -3.30522060e-01 -7.42638111e-02 -3.04935277e-01 -7.60555267e-05
    -1.56668305e-01 -7.82147527e-01 -6.84651434e-01 -2.95342445e-01
    -7.30650306e-01 -2.04906702e-01 -4.58091170e-01 -4.28260863e-01
    1.07050300e-01 1.02576196e-01 -3.49592805e-01 -8.73515010e-01
    -6.88283324e-01 -1.31075203e-01 -2.62418449e-01 -7.34603703e-01
    -5.30816138e-01 -9.52643752e-01 -2.73746371e-01 -3.78298581e-01
    -5.37293196e-01 -4.42768067e-01 -3.71851444e-01 -6.33454144e-01
    -6.43004239e-01 1.61583126e-01 -6.31113410e-01 -7.68658221e-02
    -3.75380129e-01 1.52527571e-01 -2.09648252e-01 -3.28717649e-01
    -4.93139058e-01 -5.07064462e-01 -4.43096608e-01 -4.80372339e-01
    -4.58533943e-01 -6.57303512e-01 -5.02715111e-01 -7.49252975e-01
    -1.04807985e+00 -5.35553336e-01 -1.69946909e-01 -3.83351088e-01
    -7.47298837e-01 -6.79202855e-01 -7.96097457e-01 -8.59941483e-01
    -7.06377089e-01 -2.35226393e-01 -7.90969849e-01 -2.76583612e-01
    4.68458533e-02 -8.32070470e-01 -5.27006865e-01 -8.55250478e-01
    -9.86927211e-01 -8.49194229e-01 -3.49990249e-01 -3.98879886e-01
    -4.34694409e-01 -5.38806498e-01 -1.18916690e-01 -8.29896629e-01
    -9.55497086e-01 -9.94995892e-01 -2.47994900e-01 -1.08920336e-01
    -9.33505118e-01 -8.03929329e-01 -4.05454397e-01 -7.59340882e-01
    -3.46029401e-01 -8.92273426e-01 -1.74729705e-01 -3.62840772e-01
    -8.59984457e-01 -8.29158545e-01 -5.99834681e-01 -7.75282979e-01
    -6.49412394e-01 -6.68012500e-02 -8.65461349e-01 -4.18521345e-01
    -9.06081319e-01 -1.92816079e-01 -6.11275196e-01 -8.84489059e-01
    -2.16898561e-01 -6.29332721e-01 -4.76374924e-01 -4.01258528e-01
    -4.43084419e-01 -6.91133320e-01 -2.34048963e-02 -5.43853521e-01
    -3.64743650e-01 -5.44838309e-01 -2.90369570e-01 -7.31227398e-02
    -4.13840830e-01 -9.17980075e-02 -4.11260784e-01 -2.27035761e-01
    -4.98236179e-01 -9.00631189e-01 -9.20783758e-01 -3.03612828e-01
    -1.22820914e-01 -4.79836524e-01 -5.71502745e-01 -3.77381742e-01
    -6.63191020e-01 -8.27608109e-01 -7.31446207e-01 -7.13044405e-01
    -7.96177983e-01 -6.86987817e-01 -9.69763219e-01 -7.63429701e-01
    -6.85881257e-01 -7.64245868e-01 -2.61157572e-01 -2.82274425e-01
    -3.62926722e-02 -5.41480780e-01 -4.27355111e-01 -7.15661645e-02
    -5.79867363e-01 -4.10306633e-01 -1.62660599e-01 -8.78301263e-02
    -4.99816835e-01 -1.33322179e-01 -6.52806401e-01 -3.79509509e-01
    -8.70152235e-01 -8.27542067e-01 -4.45451021e-01 -9.79783595e-01
    -4.97397661e-01 -6.10863864e-01 -4.26068604e-01 -3.48629117e-01
    -7.97175407e-01 -3.71044219e-01 -1.32565618e-01 -1.52072251e-01
    -8.56003761e-02 -8.79948258e-01 -1.19696915e-01 -3.60575855e-01
    -7.62883008e-01 -7.72562027e-02 -6.78013384e-01 -5.90409696e-01
    -9.52987671e-02 -5.15769064e-01 -2.82342732e-01 -6.04434848e-01
    -2.97359109e-01 -4.25894260e-02 -7.36318171e-01 -6.04030371e-01
    -3.28071773e-01 -5.21147430e-01 -5.96874833e-01 -8.29498649e-01
    -3.41846406e-01 -3.52266192e-01 -6.32427096e-01 -4.71441150e-02
    -3.56183350e-01 -9.36576366e-01 -3.64720285e-01 -4.10721540e-01
    -5.74181199e-01 -6.97470605e-01 -6.74605012e-01 -5.77086091e-01
    3.36483717e-02 -2.73268163e-01 -7.86762118e-01 -7.41634130e-01
    7.00765848e-02 1.26881897e-01 -3.76949966e-01 -2.82612085e-01
    -9.18449521e-01 -2.13411868e-01 -2.04367161e-01 -2.31868207e-01
    -1.02156973e+00 -5.34994960e-01 -8.59695673e-01 -5.75603604e-01
    -9.41089034e-01 -9.10654843e-01 -5.27503371e-01 -8.67302775e-01
    -3.89530003e-01 -8.79684448e-01 -8.14460158e-01 -3.00737381e-01
    -6.99881613e-01 -7.22767889e-01 -8.67968798e-01 -8.10679197e-02
    -4.99532819e-02 -1.70231223e-01 -5.64943016e-01 -1.12208962e-01
    -6.48646712e-01 -5.90148687e-01 -2.39802599e-01 -4.01849270e-01
    -7.85894930e-01 -6.72171474e-01 -6.93705678e-02 -7.32648969e-01
    -3.06840956e-01 -4.02046323e-01 -7.30400562e-01 -7.21788108e-01
    -1.85064554e-01 -3.82703960e-01 -7.40350723e-01 -8.16354752e-01
    -7.08642244e-01 -9.47708845e-01 -3.65676641e-01 -4.38930184e-01
    -6.08514547e-01 -3.49247277e-01 -8.10998261e-01 -9.39630389e-01
    -2.81827211e-01 -3.45312357e-01 -7.72518277e-01 -4.02583480e-01
    -3.52468729e-01 -7.52619147e-01 -8.63052785e-01 -7.78755665e-01
    -6.83232546e-01 -3.99064422e-01 -6.63106263e-01 -2.07194328e-01
    -5.26356459e-01 -2.79880524e-01 -8.82939219e-01 -2.31059313e-01
    -5.11215746e-01 -7.25790501e-01 -3.91973436e-01 -3.99270713e-01
    -6.37846470e-01 -7.37585664e-01 -6.97612166e-01 4.40710783e-03
    -2.38720834e-01 -7.85601616e-01 -7.69510984e-01 -7.20269322e-01
    -7.61436224e-01 -8.56587231e-01 -1.33139849e-01 -8.17267478e-01
    -3.15066397e-01 -4.83075261e-01 -4.72338140e-01 -2.40679860e-01
    -8.13221097e-01 -4.25891340e-01 -8.90214443e-02 -8.37983787e-01
    -5.30312181e-01 -6.69632435e-01 -3.80161524e-01 -2.71793544e-01
    -2.39812970e-01 6.32746816e-02 -6.52406812e-02 -5.53363562e-01
    8.84771347e-03 -5.95017076e-01 -6.73603773e-01 -2.40603805e-01
    -8.51860523e-01 7.57657290e-02 -6.15784168e-01 -9.43678975e-01
    -8.21769357e-01 -4.93387043e-01 -2.28981256e-01 -7.47695923e-01
    -3.59108746e-01 -5.28920472e-01 -1.70806587e-01 -2.78050661e-01
    -1.60560906e-01 -7.87518620e-01 -4.37935799e-01 -2.90107489e-01
    -2.26050436e-01 -4.56687540e-01 -3.44816446e-01 -8.12121630e-02
    -7.84260392e-01 -2.05530524e-01 -1.81394219e-02 -8.79088521e-01
    -5.45274436e-01 -5.26498973e-01 -2.45499432e-01 -4.68963981e-01
    -2.75189519e-01 -8.08119655e-01 -5.23536921e-01 -1.39251113e-01
    -6.39267921e-01 -6.90603375e-01 -8.06992173e-01 -1.32175446e-01
    -9.89583075e-01 -2.99993157e-01 -4.44580674e-01 -7.16149211e-01
    -6.63203478e-01 -3.96801531e-01 -5.37644982e-01 -7.86348462e-01
    -7.28551567e-01 -4.89040226e-01 -4.93419260e-01 -6.65036082e-01
    -6.64732516e-01 -3.14387083e-01 -6.34875059e-01 9.84501839e-03
    -9.26332831e-01 -4.92098987e-01 -3.19677711e-01 -1.47243440e-01
    -8.54316354e-02 -7.72379696e-01 -6.73796654e-01 -5.97628117e-01
    -4.64168429e-01 -5.04014969e-01 -5.70945203e-01 -2.16669083e-01
    -7.17548966e-01 -3.92960429e-01 -4.63720024e-01 -3.92820001e-01
    -4.92017746e-01 -4.98425364e-01 -1.03358245e+00 -7.22884536e-02
    -2.51802087e-01 -7.87469208e-01 -6.93622112e-01 3.81258130e-02
    -2.50412524e-01 -7.54487514e-01 -2.22545743e-01 -7.64734149e-02
    -6.18200302e-02 -7.35691309e-01 -4.59280789e-01 -4.86835331e-01
    -1.77049339e-01 -2.42842853e-01 -2.46698380e-01 -9.80140150e-01
    -1.13342226e-01 -9.96547818e-01 -8.39664340e-02 -9.63028193e-01
    -9.03515339e-01 -3.01532388e-01 -8.55539680e-01 -3.68676484e-01
    -4.54735339e-01 -4.05756056e-01 -3.40363741e-01 -7.06984162e-01
    -7.56221294e-01 -2.38533258e-01 -2.97068119e-01 -2.69873321e-01
    -3.76996279e-01 -6.63395226e-01 -1.68384254e-01 -2.06632614e-02
    -6.21441126e-01 -5.87713599e-01 -1.52540088e-01 -7.37010479e-01
    -5.72792649e-01 -1.30899847e-01 -1.46667480e-01 -4.84660566e-01
    -9.51877236e-01 -8.83166194e-01 -8.17102075e-01 -5.07875919e-01
    -2.32603371e-01 -2.70049572e-02 -5.57323635e-01 -3.05875182e-01
    -2.45726466e-01 -5.49432933e-01 -1.87271893e-01 -4.80148107e-01
    -6.47436500e-01 -5.72968960e-01 -7.31540143e-01 -6.39670253e-01
    -5.60947359e-01 -9.06601548e-01 -5.61148882e-01 -3.34769726e-01
    -4.37822759e-01 -7.89225578e-01 -3.65046680e-01 -6.18319988e-01
    -5.26408672e-01 -2.13131905e-02 -3.29651833e-01 -7.03426838e-01
    -8.21659207e-01 -4.01410460e-01 -5.86001396e-01 -3.52513254e-01
    5.70144653e-02 3.56791019e-02 -6.71888232e-01 -4.37560558e-01
    -7.40931869e-01 -3.07931125e-01 -3.45888257e-01 -8.67338359e-01
    -3.36586952e-01 -4.20192480e-01 -7.94949293e-01 -7.59668112e-01
    -1.38507962e-01 -4.01207805e-02 -1.71696663e-01 -5.33323646e-01
    -1.54317737e-01 -3.52597475e-01 -2.48512924e-01 -3.49697709e-01
    -3.26014996e-01 -4.10123885e-01 -2.32121110e-01 -4.91805226e-01
    -7.15389788e-01 -4.99996245e-01 -7.33556330e-01 -4.20984089e-01
    -8.18949819e-01 -7.55923271e-01 -4.93664861e-01 -5.97059727e-02
    -3.06974113e-01 -6.09086514e-01 -4.31773067e-01 -5.79902887e-01
    -4.70764279e-01 -1.78956449e-01 -7.83000767e-01 -5.04726529e-01
    -6.29842401e-01 -2.92304516e-01 -8.97547305e-01 -8.20725799e-01
    -2.42628932e-01 -4.31513608e-01 -9.17638361e-01 -6.01383150e-01
    -1.19736373e-01 -1.01338565e-01 -1.02102399e-01 -6.28986776e-01
    -7.65495896e-01 -3.70832503e-01 -4.66398299e-01 -8.70300174e-01
    -8.53872061e-01 -8.24592650e-01 -4.65559423e-01 -2.29569077e-01
    -9.36355710e-01 -5.80838919e-02 -4.97661918e-01 -2.83501267e-01
    -8.67942333e-01 -3.42774391e-03 -5.83788157e-01 -3.67486596e-01
    -1.29230618e-01 -7.52737820e-01 -3.71831536e-01 -2.37981796e-01
    -7.91301489e-01 -1.94818139e-01 -8.41589332e-01 -2.72457063e-01
    -2.19639540e-01 4.60959077e-02 -6.30066216e-01 -2.97517061e-01
    -7.24320889e-01 -5.31003416e-01 -7.85181165e-01 -8.45312297e-01
    -7.84050763e-01 -6.96653962e-01 -3.81726623e-01 -3.78900468e-01
    -7.63466060e-01 -3.61879230e-01 -3.33559394e-01 -7.28525698e-01
    -1.11623883e-01 -5.52395225e-01 -9.96665239e-01 -9.29405332e-01
    -1.83883429e-01 -9.49387491e-01 -3.25705230e-01 -6.35987222e-01
    -7.41538763e-01 -1.18024111e-01 -2.23137319e-01 -1.18213356e-01
    9.25726295e-02 -1.51939869e-01 -1.98943138e-01 -4.46475983e-01
    -8.76702428e-01 -7.85250425e-01 -3.73514295e-02 -8.87876630e-01
    -4.95266974e-01 -7.80466318e-01 -4.52623367e-01 -3.27571750e-01
    -8.37774456e-01 -1.94616497e-01 -1.20577991e-01 -2.51396239e-01
    -6.07603431e-01 -6.89842939e-01 -3.77494276e-01 2.65814066e-02
    -5.30934989e-01 -3.38936210e-01 -6.36120260e-01 -7.23222136e-01
    -9.40455794e-01 -2.91575730e-01 -7.66490817e-01 -7.98133373e-01
    -1.75471544e-01 -9.50414062e-01 -3.05040240e-01 -6.82989419e-01
    -6.98741913e-01 -7.18685389e-01 -5.94267905e-01 -2.98500359e-01
    -6.24862552e-01 -1.83523059e-01 -5.10346711e-01 -1.19242072e-01
    -9.13369536e-01 -8.61738324e-01 -8.43316793e-01 -2.77060986e-01
    1.60264373e-02 -4.93733495e-01 -2.30427384e-01 -3.03061426e-01
    -6.14115059e-01 -5.95135510e-01 -3.64729047e-01 1.29954815e-01
    -6.17547929e-01 -2.32603371e-01 -6.54175282e-01 -5.58152258e-01
    -6.69257998e-01 -6.40445530e-01 -1.16752148e-01 -5.48942268e-01
    -7.87506044e-01 -4.58132863e-01 -1.52941346e-01 -8.83182049e-01
    -4.35898840e-01 -8.81922960e-01 -1.37532175e-01 -2.25138187e-01
    -6.79781735e-01 -8.57571483e-01 -5.43984175e-02 -9.68083441e-01
    -9.98446822e-01 -5.54690838e-01 -7.91508973e-01 -2.29529142e-01
    -3.13563883e-01 -9.61454093e-01 -7.44104147e-01 -6.59849465e-01
    -2.52905488e-01 -3.39848340e-01 -2.52462864e-01 -3.26364040e-02
    -1.20054781e-01 -8.02228570e-01 -3.47116947e-01 -6.66719794e-01
    -7.67796338e-01 -2.47233152e-01 -3.02121043e-01 -1.06566727e-01
    -3.53731692e-01 -1.92850351e-01 -8.20995569e-02 -8.12590480e-01
    -1.14506125e-01 -5.78285575e-01 -7.55182505e-01 -5.68287611e-01
    -8.75623226e-02 -4.38174009e-01 -1.88021779e-01 -6.10559344e-01
    -7.57848978e-01 -5.77861667e-01 -9.52789903e-01 -7.35341311e-01
    -6.00415885e-01 -3.21130693e-01 -2.92404473e-01 -6.02138877e-01
    -5.14759421e-02 -1.02235651e+00 -7.70599484e-01 -7.35151112e-01
    -2.13558674e-01 -4.17052627e-01 -8.02495599e-01 -8.87888789e-01
    -3.05435061e-01 -5.39510608e-01 -4.44432020e-01 -3.25707257e-01
    -2.87228882e-01 -2.84156859e-01 -7.61297703e-01 -6.71792269e-01
    -4.32083398e-01 -9.09566283e-01 -6.23934031e-01 -5.98509789e-01
    7.19249249e-04 -5.33658504e-01 -4.70212221e-01 -1.27555788e-01
    -5.87477684e-02 -1.17062390e-01 -9.70107496e-01 -3.23972285e-01
    -4.55752611e-01 -3.44672084e-01 -8.43990684e-01 -2.37296820e-02
    -4.14228618e-01 -8.07830095e-02 -8.54758859e-01 -2.09668517e-01
    -6.37355506e-01 -2.38471985e-01 1.21127963e-02 -2.36744583e-01
    -1.96641803e-01 -8.79505277e-01 -7.75882959e-01 -6.54443622e-01
    -6.04020536e-01 -4.50808406e-01 -8.12145114e-01 -7.74192572e-01
    -4.65668797e-01 -5.84769785e-01 -2.05573678e-01 -1.04501343e+00
    -1.00168753e+00 -3.79539311e-01 -3.44209731e-01 -7.42572427e-01
    -5.08088708e-01 -6.01817369e-01 -6.98113501e-01 -5.58931828e-01
    -3.83592963e-01 -6.74649715e-01 -3.81405890e-01 -7.06699193e-01
    -5.54487765e-01 -5.57765484e-01 -8.04899871e-01 -7.80550480e-01
    -8.54311466e-01 -5.13145089e-01 -1.63735747e-01 -1.94288850e-01
    -3.37355256e-01 -5.60533822e-01 -2.88414955e-02 -1.67228520e-01
    -9.15480733e-01 -3.73064876e-01 -4.77132738e-01 -7.18130112e-01
    -6.79712653e-01 -3.84088039e-01 -6.96422935e-01 -9.24279869e-01
    -6.57093406e-01 -4.63979244e-01 -4.01762307e-01 -4.26918566e-01
    -7.07242072e-01 -1.10331059e-01 -7.15711117e-01 -3.64931762e-01
    -7.34599233e-01 -8.21531236e-01 -9.78974700e-02 -8.81804943e-01
    -1.93200707e-01 -5.99603295e-01 -1.59949124e-01 -2.14787006e-01
    -2.07816839e-01 -1.10703409e-01 -3.25793862e-01 -8.27470660e-01
    -8.19486618e-01 -7.10315704e-01 -8.95808458e-01 -6.84002042e-02
    -4.72393751e-01 -4.52589154e-01 -3.55437100e-01 -4.44629192e-01
    -6.99241281e-01 -7.38970459e-01 -7.42940307e-02 -4.96861875e-01
    -6.56568229e-01 -7.15838671e-01 -8.89992952e-01 -8.73739123e-02
    -4.08433735e-01 -2.60517716e-01 -8.18171263e-01 -2.93563426e-01
    -3.49621415e-01 -5.93020618e-01 -4.73630428e-02 -9.93049741e-01
    -6.12011135e-01 -4.46624160e-01 -9.17285085e-01 -9.93966341e-01
    -4.16625381e-01 -1.02899313e-01 -8.38671923e-02 -5.04657030e-02
    -6.01680100e-01 -2.67581344e-01 -5.55811524e-02 -4.25319731e-01
    -8.89147282e-01 1.30540252e-01 -6.98701978e-01 3.64930987e-01
    3.01531553e-01 5.34246564e-02 7.15219378e-02 -2.54430830e-01
    -3.49079788e-01 -1.62629664e-01 -3.10574651e-01 -6.67198777e-01
    -2.26158142e-01 -3.97282481e-01 -2.42547035e-01 -2.31507897e-01
    -6.80622697e-01 -9.54933226e-01 -8.20530713e-01 -5.31260431e-01
    -4.28152680e-01 -4.67841446e-01 -5.49828768e-01 -8.61714959e-01
    -1.98475122e-02 -9.22244787e-02 -9.39352155e-01 -3.91223967e-01
    -4.09303606e-01 -3.70352983e-01 -1.97743475e-01 -7.95911849e-01
    -1.69067800e-01 -7.64984071e-01 -4.38394547e-01 -4.24024165e-01
    -5.45436323e-01 -2.12709963e-01 -6.84762061e-01 -1.62489295e-01
    -8.94855738e-01 -5.08158207e-02 -3.69961143e-01 -5.59051156e-01
    -2.65460849e-01 -8.54657292e-02 -6.08392477e-01 -5.09450316e-01
    -8.27992916e-01 -3.50934565e-01 -4.28127646e-01 -8.86655331e-01
    -1.23979092e-01 -5.61987698e-01 -4.18429613e-01 -4.10604537e-01
    -7.42237210e-01 -1.14731491e-01 -3.13653052e-01 -8.04383516e-01
    -4.35318321e-01 -7.05558062e-03 -1.48115337e-01 -5.60693920e-01
    -8.83190095e-01 -4.06088352e-01 -1.79241121e-01 -1.70204461e-01
    -1.03092146e+00 -2.96546102e-01 -4.85923350e-01 -8.51276934e-01
    -9.07692611e-01 -2.44218946e-01 -2.50366569e-01 -7.58219242e-01
    -1.39139473e-01 -4.46615875e-01 -1.28767192e-01 -1.00096512e+00
    -7.00259805e-01 -8.03284049e-01 -1.59346879e-01 -7.14366198e-01
    -8.16964149e-01 -7.97014117e-01 -7.66516924e-01 -3.75645995e-01
    -2.80970097e-01 -2.98099220e-01 -3.94396782e-01 -6.92438483e-01
    -3.60475004e-01 -4.79695857e-01 -1.70898974e-01 -1.15035295e-01
    -1.62776589e-01 -1.03970492e+00 -1.86050773e-01 -4.88883734e-01
    -4.95816737e-01 -8.79485130e-01 -4.38694894e-01 -4.53972012e-01
    -5.34368038e-01 -2.68736184e-01 -2.51011670e-01 -3.26429546e-01
    -1.02438807e-01 -1.07222199e-01 -4.65144217e-01 -3.40108573e-01
    -3.14592302e-01 -7.19733119e-01 -6.87519193e-01 -2.11784482e-01
    -5.49102306e-01 -8.75454247e-01 -8.05939078e-01 -1.04984045e-01
    -3.06214452e-01 -7.96737969e-01 -3.27979863e-01 -1.91087127e-01
    -4.37612712e-01 -6.60906792e-01 -6.94160640e-01 -2.24545181e-01
    -7.24506021e-01 -4.75980759e-01 -6.38905406e-01 -3.74525189e-02
    -4.99469757e-01 -3.78481507e-01 -2.79180169e-01 -4.46612835e-02
    -7.72853553e-01 -6.73433661e-01 -1.88051224e-01 -5.28656244e-01
    -1.00372589e+00 -3.19352150e-02 -6.70756876e-01 -4.27432418e-01
    -2.12397695e-01 -2.63651609e-01 -8.56267810e-01 -7.88304687e-01
    -5.24865627e-01 -7.53657341e-01 -7.77800262e-01 -9.37291384e-01
    -1.25287652e-01 -2.90356159e-01 -1.96592033e-01 -9.66120958e-01
    -8.24136615e-01 -1.16240561e-01 -6.79308176e-02 -3.08073521e-01
    -1.34275079e-01 -9.11933541e-01 -4.60530221e-01 -5.30327916e-01
    -4.44303095e-01 -2.27225065e-01 -4.74426866e-01 -7.21262813e-01
    -1.00785995e+00 -3.28160286e-01 -5.30009091e-01 -3.36144626e-01
    -6.51274443e-01 -3.60244095e-01 -3.80823910e-01 -4.37477827e-02
    -6.56691074e-01 -7.34306514e-01 1.83753967e-02 7.60489702e-03
    -1.86026633e-01 -2.48852551e-01 -4.93487597e-01 -2.50492394e-01
    5.87964058e-03 -6.12286389e-01 -5.91782451e-01 -5.90228319e-01
    -2.89619565e-01 -3.69058371e-01 -9.02815938e-01 -5.94830275e-01
    -3.79930139e-01 -7.51277983e-01 -3.42864275e-01 -6.03083789e-01
    -1.65494680e-01 -1.22603774e-01 -2.08203197e-01 -2.08529234e-01
    -1.22700334e-01 -4.11796868e-01 -8.20738673e-02 -1.03004682e+00
    -8.95964026e-01 -5.18737674e-01 -6.54751122e-01 -2.39700973e-01
    -8.19671631e-01 -2.24943042e-01 -1.10503197e-01 -1.09012675e+00
    -4.06239748e-01 -3.90560031e-01 -3.29014480e-01 -1.79018974e-01
    -2.70656765e-01 -9.30430293e-01 -4.91953135e-01 -4.84251022e-01
    -1.58872664e-01 -2.12730944e-01 -3.67934704e-01 -5.32293439e-01
    -6.68012142e-01 -8.32208633e-01 -4.28390324e-01 -2.14949489e-01
    -3.51794362e-01 -1.70889497e-01 -1.00800395e+00 -6.15099669e-01
    -8.88203919e-01 -6.11464977e-01 -7.59949684e-02 -2.93561041e-01
    -5.46839714e-01 -1.88489914e-01 -4.91177022e-01 -2.57548034e-01
    -2.17875957e-01 -3.03683937e-01 -1.22203946e-01 -1.69337809e-01
    -5.82241893e-01 -1.61841989e-01 -3.62449646e-01 -7.33587205e-01
    -2.70790756e-01 -4.38723207e-01 -6.28872752e-01 -1.01060665e+00
    -4.06583786e-01 -9.51717257e-01 -8.45986962e-01 -4.22502697e-01
    -1.36556447e-01 -3.67573917e-01 -2.61962116e-01 -2.42919862e-01
    -1.28068566e-01 -4.35950547e-01 -3.49732757e-01 1.27349734e-01
    -8.99222553e-01 -5.64976394e-01 -6.78361475e-01 -8.71110559e-02
    -7.62772024e-01 -1.86388731e-01 -6.17600679e-01 -2.13087201e-01
    -3.67464781e-01 -1.01227772e+00 -4.12200451e-01 -6.60033941e-01
    -6.55122995e-01 -2.32619166e-01 -2.61830091e-01 -1.95934951e-01
    -8.02282095e-01 -4.65882838e-01 -1.51227176e-01 -5.52135944e-01
    -4.20519888e-01 -3.92059743e-01 -1.23649836e-01 -1.00633872e+00
    -3.41305614e-01 -1.89691186e-01 -4.97229218e-01 -4.02020335e-01
    -3.55714798e-01 -5.40311217e-01 -9.76393461e-01 -1.09567213e+00
    -4.40523267e-01 -7.18274236e-01 -9.30943787e-01 -8.75827909e-01
    -5.54732084e-01 -1.08390391e-01 -9.09735203e-01 -3.63317966e-01
    -3.30254138e-01 -2.95627713e-01 2.11155415e-03 -2.61018276e-01
    -8.67209196e-01 -4.06648725e-01 -7.59601593e-01 -4.24211681e-01
    -4.58632827e-01 -7.06754327e-01 -6.16794050e-01 -3.58504057e-03
    -5.47243357e-02 -3.83779764e-01 -3.60560954e-01 -6.37678325e-01
    -3.79129589e-01 -1.96783721e-01 -1.75745428e-01 -4.56910491e-01
    -3.69666219e-01 -6.53609157e-01 -6.93803251e-01 -4.86248672e-01
    -3.93030703e-01 -5.11330068e-01 -2.81533539e-01 -3.32405150e-01
    -8.74420762e-01 -9.00727749e-01 -3.30104053e-01 -3.24907780e-01
    -4.34055805e-01 -1.40409470e-01 -5.68391204e-01 -3.54776442e-01
    -6.68937624e-01 -1.21796131e-01 -8.30484867e-01 -8.67027938e-01
    -1.49775147e-01 -6.59358919e-01 -7.76347816e-01 -2.37584114e-01
    -9.47886467e-01 -4.97383356e-01 -9.53792572e-01 -4.82403398e-01
    -4.63119030e-01 -6.60665929e-01 -2.37772107e-01 -9.13194656e-01
    -6.00157976e-01 -2.12524354e-01 -5.83650827e-01 -1.23943031e-01
    -6.66505456e-01 -3.69938791e-01 -4.55493182e-01 -9.12686348e-01
    -7.59671330e-01 -6.55111432e-01 -1.25234544e-01 -6.36001408e-01
    -9.59082842e-02 -1.96010828e-01 -3.90499115e-01 -8.22736144e-01
    -1.02939844e-01 -8.43398452e-01 -4.75437880e-01 -1.32350683e-01
    -1.53870106e-01 -5.14508367e-01 -3.02202046e-01 -4.63474154e-01
    -1.01107180e-01 -7.41434991e-01 -9.11573172e-02 -1.31201148e-02
    -5.96175671e-01 -7.82914877e-01 -8.14543128e-01 -6.96909666e-01
    -5.66720545e-01 -7.20070302e-01 -9.14317131e-01 -4.61728990e-01
    -8.69037390e-01 8.77130032e-03 -5.53807020e-02 -3.75511527e-01
    -2.58707523e-01 -9.77640867e-01 -5.45180500e-01 -1.78934395e-01
    -6.00449085e-01 -4.43387032e-02 -7.97249496e-01 -9.18704629e-01
    -2.52999067e-02 -5.95754147e-01 -3.16132307e-01 -1.53098524e-01
    -8.12985301e-02 -3.27772319e-01 -8.45772862e-01 -2.26592720e-01
    -7.95640528e-01 -8.08771968e-01 -5.66011071e-01 -8.09275389e-01
    -3.37568641e-01 -6.19555056e-01 -1.92349553e-01 -1.99200869e-01
    -6.47148967e-01 -1.98510706e-01 -5.66121221e-01 -1.05712426e+00
    -3.15944910e-01 -4.63298261e-01 -9.07248378e-01 -2.78642654e-01
    -5.36326170e-02 -8.58504176e-02 -7.99958169e-01 -8.36053312e-01
    -8.99209380e-02 -2.66316533e-01 -2.07038164e-01 -4.99176383e-01
    -6.00243092e-01 -6.21021926e-01 -8.92894030e-01 -8.91920865e-01
    -5.30169666e-01 -6.73667550e-01 -6.26914144e-01 -3.88498783e-01
    -7.41722703e-01 -1.26520157e-01 -5.81849813e-01 -8.30687404e-01
    -5.52403927e-03 -4.53173578e-01 -3.90594602e-01 -9.59679663e-01
    -1.08902931e-01 -2.73415565e-01 -1.82586610e-01 -2.19183505e-01
    -9.99945998e-01 -1.51154280e-01 -1.80374324e-01 -9.93847132e-01
    -1.39690995e-01 -7.90879786e-01 -9.67285872e-01 -7.35146999e-02
    -1.97932839e-01 -8.98990870e-01 -3.21969271e-01 -6.21798635e-01
    -1.52606189e-01 -7.21382856e-01 -3.68554235e-01 -5.01402378e-01
    -5.93619347e-01 -9.68309402e-01 -3.82081151e-01 -6.95910275e-01
    -5.38835287e-01 -6.21249080e-02 -8.46484661e-01 -3.83562207e-01
    -1.05691230e+00 -9.58003402e-01 -1.15476549e-01 -9.27382827e-01
    -1.94324493e-01 -5.16683578e-01 -4.28618431e-01 -5.16088784e-01
    -3.08943033e-01 -2.07697988e-01 -5.29271841e-01 -5.40962934e-01
    -1.14774644e-01 -4.24160302e-01 -6.58279657e-02 -5.17146111e-01
    -8.31939578e-02 -4.22036290e-01 -2.32123733e-01 -7.09188998e-01
    -4.01736259e-01 -9.65596855e-01 -1.86580777e-01 -2.83581436e-01
    -3.59600306e-01 -1.45067930e-01 -7.20985651e-01 -4.09795821e-01
    -8.56931865e-01 -1.67015314e-01 -8.41443181e-01 -8.62331510e-01
    -5.76025069e-01 -6.62367344e-02 -3.53035688e-01 3.59200239e-01
    -1.39478266e-01 -3.41975540e-01 -7.80567527e-01 -3.73864949e-01
    -2.03931272e-01 -5.62540114e-01 -1.81748748e-01 -2.08873510e-01
    -5.20682633e-01 -5.81394255e-01 -2.96054363e-01 -2.63995111e-01
    -8.14496338e-01 -4.25896764e-01 -1.76059008e-01 -6.45555019e-01
    -9.97320056e-01 -5.36860764e-01 -4.58550453e-01 -3.88708234e-01
    -6.73692822e-02 -5.84773004e-01 -6.39875233e-01 -9.67237711e-01
    -2.49355674e-01 -1.64023817e-01 -3.08728576e-01 -9.33374166e-02
    -8.18697751e-01 -8.66209924e-01 -4.84133005e-01 -2.09204674e-01
    -5.91796994e-01 -7.05785036e-01 -5.78377187e-01 -7.44263351e-01
    -2.49399304e-01 -4.20509577e-02 -3.67538929e-02 -4.26344037e-01
    -4.12242353e-01 -1.49311185e-01 -9.27329421e-01 -8.93237233e-01
    -2.40510345e-01 -9.84134078e-01 -1.93145752e-01 -2.18857348e-01
    -6.28401816e-01 -2.40675330e-01 -5.82861900e-01 -1.27100825e-01
    -4.48011756e-02 -4.13048983e-01 -1.11153960e-01 -3.19448769e-01
    -6.04387224e-01 -8.55361044e-01 -7.72891283e-01 -1.48471236e-01
    -3.11400473e-01 -9.37025070e-01 -5.39984167e-01 -4.51986432e-01
    -9.59555387e-01 -4.20737267e-01 -4.62473989e-01 -8.41756225e-01
    -1.17722631e-01 -2.49696314e-01 -2.83569634e-01 -9.67284322e-01
    -3.46666574e-02 -6.93125486e-01 -3.19937229e-01 -4.20683742e-01
    -1.89950883e-01 -6.26799464e-02 -3.73811305e-01 -3.96062255e-01
    -9.58285153e-01 -1.30962133e-01 -1.89404368e-01 -6.20212257e-01
    -9.05555844e-01 -5.47385216e-02 -5.37837505e-01 -7.33550966e-01
    -7.49772131e-01 -5.98683715e-01 -6.87071502e-01 -6.62534118e-01
    -1.24204874e-01 -3.36743712e-01 -1.03371382e+00 -4.02903438e-01
    -8.14505160e-01 -5.66798449e-02 -8.17577481e-01 -7.29978383e-01
    -5.95583141e-01 -3.50067496e-01 -6.34784043e-01 -2.98054039e-01
    -7.64011443e-01 -1.23270512e-01 -6.89859033e-01 -5.30783534e-01
    -9.08978641e-01 -9.79071856e-02 -6.36995912e-01 -9.27322149e-01
    -4.54362631e-02 -2.76833355e-01 -3.09221685e-01 -7.50594497e-01
    -9.14383888e-01 -4.25644875e-01 -4.07411158e-01 -7.24491477e-01
    -6.30715609e-01 -2.19848216e-01 -3.89598668e-01 -8.26954365e-01
    -5.46284020e-01 7.75331259e-02 -1.27542198e-01 -2.51952112e-01
    -4.22849983e-01 -8.88891339e-01 -4.37667966e-02 -8.00045788e-01
    -9.14919972e-01 -2.38413095e-01 -3.40185702e-01 -9.41964209e-01
    -8.33191454e-01 -6.21847630e-01 -9.67462659e-01 -8.47513080e-01
    -1.57953084e-01 -2.89986730e-01 -5.25644541e-01 -6.88586354e-01
    -4.82068360e-01 -3.96936059e-01 -5.96444249e-01 -4.28189397e-01
    -6.67170584e-01 -6.14932239e-01 -7.23715305e-01 -9.10250783e-01
    -1.56270146e-01 -8.52822483e-01 -2.07626283e-01 -3.36372733e-01
    -4.95806903e-01 -3.28194022e-01 -3.76939178e-01 -4.05725002e-01
    -1.89304829e-01 -6.14828527e-01 -4.79382277e-01 -2.90676534e-01
    -5.73322177e-01 -9.31331336e-01 -6.12881064e-01 -1.27439559e-01
    -4.10260022e-01 -1.54515266e-01 -2.33251154e-01 -7.80896664e-01
    -7.87377954e-01 -7.00251937e-01 -8.93728554e-01 -6.12459004e-01
    -6.80053711e-01 -6.91273987e-01 -5.16220093e-01 -2.85440683e-03
    -3.07190597e-01 -2.13165939e-01 -5.93451381e-01 -3.21436167e-01
    -8.36852551e-01 -3.53217483e-01 -1.92305744e-01 -8.62509370e-01
    -6.85952783e-01 -6.81861579e-01 -5.18710673e-01 -1.46644592e-01
    -6.57877982e-01 -7.29198813e-01 -4.23154056e-01 -4.57392037e-01
    -1.06959116e+00 -5.88534474e-01 -4.47640419e-01 -1.59487605e-01
    -3.63829613e-01 -5.87719619e-01 -4.92474020e-01 -1.77770674e-01
    -5.41482449e-01 -1.48699999e-01 -3.32450867e-01 -4.84926581e-01
    -5.32064438e-01 -6.51598215e-01 -8.17604363e-01 -5.16371012e-01
    -3.16587210e-01 -3.26360524e-01 -3.68954778e-01 -9.74627972e-01
    -6.56807065e-01 -9.25891399e-02 -1.04406714e+00 -7.65354037e-02
    -8.35744739e-01 -8.77342105e-01 -5.57460606e-01 -8.53657842e-01
    -2.14321256e-01 -9.98695910e-01 -1.18254781e-01 -7.84937680e-01
    -7.98678398e-02 -5.82085729e-01 -1.26803160e-01 -9.24558878e-01
    -1.45792603e-01 -9.37119722e-01 -3.36061299e-01 -7.70065367e-01
    -7.41739690e-01 -8.34212303e-01 -3.98434579e-01 -6.30818844e-01
    -6.14171505e-01 -2.08582759e-01 -3.99376452e-01 -8.16591084e-01
    -1.26006186e-01 -5.96317708e-01 -7.95312643e-01 -1.33797765e-01
    -6.79846525e-01 -1.10683799e-01 -2.71360397e-01 -1.45977199e-01
    -8.81050944e-01 -1.37565494e-01 -3.04238468e-01 -5.31886101e-01
    2.49343693e-01 -3.09740603e-01 -6.07509971e-01 -9.97966528e-02
    -5.53611457e-01 -3.28721523e-01 -6.36081457e-01 -3.64751518e-01
    -9.32340026e-01 -4.95749593e-01 -3.92205477e-01 -2.27090836e-01
    -8.13155591e-01 -1.43555999e-01 -1.54038787e-01 -2.68406570e-01
    -5.19623637e-01 -3.20975840e-01 -6.08842254e-01 -7.71909118e-01
    -6.67101264e-01 1.16962194e-03 -5.38381696e-01 -8.88160169e-01
    -6.65730894e-01 -9.06041265e-01 -1.05368078e+00 -8.19185615e-01
    -9.79150057e-01 -5.78114927e-01 -2.15264440e-01 -6.21819556e-01
    -6.42318606e-01 -1.65196061e-01 -2.75682211e-01 -2.15010285e-01
    -7.88801551e-01 -2.90573120e-01 -3.08878362e-01 -8.87076378e-01
    -3.57650578e-01 -1.03901684e-01 -5.89691103e-01 -9.36809897e-01
    -9.11927223e-03 -6.79117441e-02 -8.74383390e-01 -4.80825543e-01
    -5.74266911e-03 -8.90568495e-01 -9.81572866e-02 -4.93397117e-01
    -6.75126016e-01 -2.18375921e-02 -6.91309094e-01 -4.50083524e-01
    -4.65560287e-01 -7.47435808e-01 -6.55664921e-01 -6.38358831e-01
    -4.66982245e-01 -4.82404888e-01 -4.93233263e-01 -4.85184431e-01
    -4.72297907e-01 -7.36081898e-01 -1.77135587e-01 -9.50149298e-02
    -9.18154538e-01 -9.64522004e-01 -7.72865415e-01 -8.92217755e-02
    -4.92620349e-01 -5.49262106e-01 -3.09886932e-01 -2.53007472e-01
    -4.18396115e-01 -2.01829851e-01 -7.05239415e-01 -7.11741149e-01
    -9.11109328e-01 -4.96685773e-01 -6.11651778e-01 -3.57084930e-01
    -6.56457067e-01 -2.53580391e-01 -7.21886754e-02 -4.60542083e-01
    -6.01315320e-01 -8.30623627e-01 -2.62812853e-01 -3.36209893e-01
    -7.39427686e-01 -7.57334590e-01 -7.93985367e-01 -3.06887746e-01
    -2.09456980e-01 -1.88672066e-01 -8.21176350e-01 -2.61402488e-01
    -4.12012577e-01 -3.16560924e-01 -5.48397720e-01 -1.84537530e-01
    -8.59445810e-01 -6.85583413e-01 -1.16247594e-01 -1.31869912e-02
    -8.94031346e-01 -5.07075429e-01 -6.66952014e-01 -7.06125438e-01
    -1.30939066e-01 -1.38037741e-01 -3.53700995e-01 -1.01681674e+00
    -6.87210381e-01 -3.10464978e-01 -9.06006575e-01 -2.94442534e-01
    -8.21822047e-01 -5.55054784e-01 -9.13115859e-01 -3.74585092e-01
    -9.56811309e-02 -9.04532671e-01 -9.14524078e-01 -1.04752541e-01
    -1.91772282e-01 -1.51496530e-01 -5.99383652e-01 1.26136541e-02
    -5.33306897e-01 -6.46162331e-01 -1.67603195e-01 -5.85364938e-01
    -1.47108078e-01 -8.01965833e-01 -7.39629030e-01 -2.86119103e-01
    -8.39850307e-02 -9.28336203e-01 -6.23290658e-01 -5.66432774e-01
    -2.86169291e-01 -2.07006097e-01 -7.84510374e-01 -6.75408542e-01
    -2.80979156e-01 -8.93058956e-01 -4.19169247e-01 -1.23704076e-01
    -2.51882613e-01 -4.68869150e-01 -1.20381236e-01 -8.14818144e-01
    -8.67123008e-01 -6.40258908e-01 -9.74619389e-02 -1.13680184e+00
    -3.23137581e-01 -8.20028841e-01 -3.61873269e-01 -1.99591696e-01
    -4.64507759e-01 -1.95122600e-01 -9.06045198e-01 -7.68740892e-01
    -7.02580929e-01 -6.93018913e-01 -8.55332732e-01 -3.73773277e-01
    -5.35596550e-01 5.83660603e-03 -2.44944334e-01 -1.35505319e-01
    -3.45222235e-01 -2.45447814e-01 -4.38939691e-01 -4.96607959e-01
    -6.42413855e-01 -3.50379944e-02 -4.34797227e-01 -8.45235705e-01
    -5.08823812e-01 -8.87194991e-01 -7.88949907e-01 -6.38353825e-01
    -9.36075330e-01 -1.23365879e-01 -4.20815110e-01 -2.51340866e-01
    -6.61588192e-01 -3.62454772e-01 -9.06489193e-01 -9.35724139e-01
    -8.73342037e-01 -8.30362201e-01 -7.47997344e-01 -8.64641309e-01
    -1.43666446e-01 -9.28740203e-01 -8.53714347e-01 -2.50771880e-01
    -4.82255816e-01 -9.50287819e-01 -7.18544126e-02 -6.99664176e-01
    -3.89839232e-01 -5.01652479e-01 -2.58417249e-01 -1.06202114e+00
    -3.27641129e-01 -1.01844144e+00 -1.03942561e+00 -7.55728722e-01
    -2.16057122e-01 -1.13418102e-01 -5.66760957e-01 -7.98468232e-01
    -1.22464657e-01 -4.18948948e-01 -1.08247125e+00 -4.28904235e-01
    -3.01723003e-01 -9.04555440e-01 -1.06334043e+00 -9.73701477e-01
    -2.15996623e-01 -1.90574288e-01 -9.56146240e-01 -5.95000744e-01
    -8.38578939e-01 -8.11536074e-01 -2.34728754e-01 -2.68623829e-01
    -8.90824378e-01 -8.15623999e-02 -4.97615874e-01 -9.97788429e-01
    -3.06567669e-01 -6.71234250e-01 -2.46473908e-01 -9.91021156e-01
    -7.72999644e-01 -5.69987059e-01 -6.60485387e-01 -1.18683696e-01
    -4.84172940e-01 -1.28687501e-01 -3.29469442e-01 -4.82229650e-01
    -2.84482241e-01 2.42859125e-02 -4.16210294e-02 2.22257912e-01
    -4.27471697e-01 -3.58200282e-01 4.94023561e-02 -6.16206646e-01
    -4.30649132e-01 -5.02940774e-01 -9.10661459e-01 -5.71539402e-01
    -6.18028402e-01 -3.34095478e-01 -4.95147526e-01 -3.57573509e-01
    -7.95223653e-01 -2.10815847e-01 -5.23809195e-01 -6.65399969e-01
    -6.98612809e-01 -9.30677533e-01 -8.02426517e-01 -7.82604754e-01
    -4.44443583e-01 -5.97487688e-01 -4.36278582e-02 -2.07502127e-01
    -5.73527575e-01 -5.16893446e-01 -8.65279436e-02 -9.77967501e-01
    -9.84004378e-01 -5.37355959e-01 -5.58047831e-01 -7.86451221e-01
    -1.48730755e-01 -4.77213144e-01 -5.61463654e-01 -9.84514892e-01
    -5.42008281e-01 -6.64264500e-01 -6.68723643e-01 -4.32516217e-01
    -9.24947202e-01 -4.48836118e-01 -9.26090956e-01 -2.31447816e-01
    -3.05503070e-01 -3.52265120e-01 -2.02370703e-01 -3.36987555e-01
    -9.49193239e-02 -8.80245149e-01 -2.36091197e-01 -2.75189817e-01
    -8.57133389e-01 -8.43952179e-01 -4.55058813e-02 -7.67497063e-01
    -8.63455057e-01 -3.36881578e-01 -6.14863515e-01 -6.84881389e-01
    -6.99031949e-02 -2.01411486e-01 -5.13632178e-01 -8.54103208e-01
    -1.10002601e+00 -1.98816061e-01 -7.49445558e-01 -4.09174025e-01
    -9.25050437e-01 -1.19685829e-01 -1.05013311e-01 -5.75564325e-01
    -9.46063995e-01 -9.71433043e-01 -2.13418126e-01 -3.55414271e-01
    -9.53200459e-01 -7.62215018e-01 -7.79839396e-01 -1.32217467e-01
    5.05414605e-02 -1.25589311e-01 -2.41226435e-01 -5.58354437e-01
    -6.08795285e-02 -5.16605973e-02 -3.65249813e-01 -2.67010748e-01
    -2.82882035e-01 -1.14714384e-01 -6.85484171e-01 -2.29210019e-01
    -6.44853950e-01 -4.64245558e-01 -5.44891357e-01 -4.08495903e-01
    -4.07573342e-01 -5.39623976e-01 -8.56096804e-01 -3.16638350e-02
    -9.17281628e-01 -7.79640555e-01 -8.13737869e-01 -6.72343731e-01
    -3.24257135e-01 -3.39847386e-01 -2.03879833e-01 -6.23244345e-01
    -5.58270454e-01 -7.03693032e-02 -9.33213711e-01 -5.05742788e-01
    -8.76313806e-01 -4.07991052e-01 -1.66072369e-01 -2.74504125e-01
    -9.62394595e-01 -3.24731946e-01 -1.80846810e-01 -1.94603026e-01
    -6.88317657e-01 -1.71922624e-01 -4.76201355e-01 -4.86000717e-01
    -7.14497924e-01 -8.58093977e-01 -2.27207184e-01 -2.43711054e-01
    -7.85673618e-01 -4.61622477e-02 -7.77038813e-01 -4.05731797e-01
    -4.77319300e-01 -4.13078070e-01 -8.73160899e-01 -5.23965955e-01
    -5.13243973e-01 -2.65536308e-02 -1.83420956e-01 -7.75121570e-01
    -4.39215481e-01 -4.34867322e-01 -9.14741874e-01 -6.99500442e-01
    -1.92509890e-01 -5.94478846e-02 -8.27047348e-01 -9.95239496e-01
    -5.47304332e-01 -4.47301269e-02 -1.82199121e-01 -2.69465685e-01
    -5.93733966e-01 -7.94103742e-01 -5.06100774e-01 -7.06600606e-01
    -9.69825089e-01 -8.85900855e-02 -9.41155493e-01 -5.14215350e-01
    -5.39214790e-01 -7.30189323e-01 -7.21313834e-01 -1.09719157e-01
    -2.12977111e-01 -6.44974172e-01 -2.92869925e-01 -1.39020324e-01
    -6.16265893e-01 -5.39205432e-01 -5.47084272e-01 -5.34222305e-01
    -2.63783395e-01 -8.19487870e-01 -6.38882279e-01 -3.73206973e-01
    -4.75130856e-01 -6.87697113e-01 -2.93348432e-01 -4.68652964e-01
    -1.33036911e-01 -4.45418179e-01 -3.62897754e-01 -8.86585414e-01
    -6.55470312e-01 -2.06212401e-01 -4.49535638e-01 -9.10043955e-01
    -1.02200687e-01 -1.48886740e-01 -1.30785346e-01 -7.25743890e-01
    -4.66700912e-01 -8.90848756e-01 -6.39455676e-01 -3.05890143e-01
    -2.78623998e-01 -2.17939973e-01 -2.18751311e-01 -5.31019211e-01
    -4.36322570e-01 -9.87313986e-02 -6.35744572e-01 -2.18402863e-01
    -9.15211797e-01 -3.39785159e-01 -9.96049643e-01 -9.94666696e-01
    -4.68172252e-01 -3.30714345e-01 -1.81290269e-01 -6.54928327e-01
    -1.02996325e+00 -7.53640532e-01 -8.58488083e-02 -2.25837469e-01
    -7.96608925e-02 -3.01789284e-01 -1.02548802e+00 -4.95056272e-01
    -4.59486187e-01 -8.10665131e-01 -7.04132557e-01 -2.10626841e-01
    -2.65389681e-01 -2.35716939e-01 -4.51580346e-01 -9.39074039e-01
    -5.11232555e-01 -7.36927629e-01 -7.91415513e-01 -5.68320632e-01
    -7.38474607e-01 -7.92097569e-01 -5.45806885e-02 -4.71731484e-01
    -6.52297735e-02 -8.40510130e-02 -8.26833010e-01 -7.55654454e-01
    -7.61491656e-01 -5.13019681e-01 -1.30368590e-01 -5.73424160e-01
    -2.46888101e-01 -9.80193377e-01 -7.79500723e-01 -1.17872715e-01
    -1.00043786e+00 -3.91174614e-01 -9.64874625e-01 -2.90310860e-01
    -3.89082134e-01 -5.15979052e-01 -2.59465635e-01 -2.43157655e-01
    -1.60509527e-01 1.07188582e-01 -7.20883727e-01 4.58407402e-02
    -4.06843841e-01 -6.93893313e-01 -3.56587291e-01 -6.69668376e-01
    -7.66559601e-01 -9.17519629e-01 -5.33202469e-01 -1.78460717e-01
    -3.23707283e-01 -8.44523072e-01 -1.23345613e-01 -8.01630616e-01
    -5.89492261e-01 -7.91686773e-01 -1.32893741e-01 -7.59502530e-01
    -5.36820590e-01 -7.16169775e-01 -7.49699473e-01 -2.85064638e-01
    -1.87432170e-01 -3.55181336e-01 -4.99290228e-01 -2.61277258e-01
    -6.92926526e-01 -1.22626662e-01 -1.06468773e+00 -4.31522727e-01
    -4.87903237e-01 -1.85059309e-01 -1.26619458e-01 -5.66564798e-01
    -5.79053700e-01 -2.40011871e-01 -9.16499734e-01 -3.96363795e-01
    -9.08136249e-01 1.88506842e-02 -2.96300292e-01 -3.26448143e-01
    -5.61031461e-01 -8.76866758e-01 -7.31762171e-01 -4.11952734e-02
    -6.08263016e-02 -6.19978547e-01 -4.27926540e-01 -6.86827362e-01
    -5.04643619e-01 -6.72259450e-01 -5.19513607e-01 -3.02458405e-01
    -6.63130879e-01 -4.74386722e-01 -7.48183787e-01 -5.22916198e-01
    -8.26304138e-01 -5.60709178e-01 -1.43544376e-01 -3.07145596e-01
    -4.67795134e-01 -3.41568470e-01 -3.10498714e-01 -7.43797302e-01
    -1.76824331e-01 -4.49840486e-01 -5.05445838e-01 -6.39341354e-01
    -5.72967052e-01 1.39805079e-02 -2.79072762e-01 -1.14865541e-01
    -1.09748721e-01 -5.71594357e-01 -7.91203976e-01 -3.11398268e-01
    -6.95833206e-01 -1.76399708e-01 -6.04929507e-01 -8.60357821e-01
    -8.61142635e-01 -8.42650294e-01 -7.61786699e-01 -6.22032881e-02
    -7.55850554e-01 -3.95712733e-01 -3.77792001e-01 -9.30811882e-01
    -8.83089185e-01 -7.52485991e-01 -5.40548980e-01 -3.54273140e-01
    -2.29054153e-01 -5.43062210e-01 -5.31025290e-01 -2.72855580e-01
    -8.38428617e-01 -5.52698016e-01 -8.02522302e-02 -5.88369787e-01
    -8.15984488e-01 -7.72837758e-01 -3.41038823e-01 -5.20012379e-02
    -7.07546592e-01 -8.12165320e-01 -1.68047488e-01 -6.48699522e-01
    -7.49056935e-01 -7.99585819e-01 1.56829953e-02 -4.23977971e-02
    -9.36667919e-01 -3.21558714e-01 -4.05060291e-01 -9.09358740e-01
    -3.65527809e-01 -5.24723768e-01 -5.91350794e-02 -6.91564202e-01
    -2.50618100e-01 -2.90983081e-01 -4.32959974e-01 -3.25464010e-01
    -9.35030580e-01 -4.20771837e-01 -3.49598885e-01 -3.38847697e-01
    -1.78961933e-01 -6.56396508e-01 6.49142265e-03 -6.80847645e-01
    -5.22376716e-01 -4.08741534e-01 -5.76285601e-01 -5.16215563e-02
    -3.03474426e-01 -7.34235048e-02 -8.88610601e-01 -2.40747571e-01
    -7.99224377e-01 -3.61456811e-01 -8.19201946e-01 -5.25904953e-01
    -3.83227706e-01 -4.60508466e-01 -9.03164387e-01 -6.82866216e-01
    -5.00213325e-01 -4.89877760e-01 -3.57784748e-01 -6.61513805e-01
    -5.63186288e-01 -7.08116531e-01 -6.01825237e-01 -2.29563773e-01
    -1.87236488e-01 -2.77387619e-01 -1.12920737e+00 -5.23269534e-01
    -9.91744041e-01 -7.72038698e-02 -7.06811547e-02 -9.26946044e-01
    -4.40164983e-01 -7.87427664e-01 -7.53794432e-01 -3.68676960e-01
    -7.16046274e-01 -6.21919036e-02 -9.49686170e-01 -2.57331669e-01
    -3.29491854e-01 -7.94562459e-01 -8.48830938e-02 -5.98057508e-02
    -9.53449726e-01 -8.85957360e-01 -5.96169710e-01 -6.90087676e-02
    -7.47922361e-01 -5.39155364e-01 -2.50915051e-01 -4.49880719e-01
    -5.34645796e-01 -5.22890449e-01 -7.25047588e-01 -8.36467385e-01
    -1.45836473e-01 -2.76442051e-01 -5.41866720e-01 -5.18220603e-01
    -3.90459538e-01 -5.02699316e-01 -1.46448672e-01 -7.23365963e-01
    -5.33892751e-01 -3.14718902e-01 -4.02713180e-01 -3.74692619e-01
    -5.79789579e-01 -7.76665330e-01 -7.89443970e-01 -2.46852160e-01
    -9.13597941e-01 -3.39267731e-01 -1.43293977e-01 -1.42029405e-01
    -6.79779410e-01 -5.89203358e-01 -6.68356419e-02 -3.40553164e-01
    -6.45786405e-01 -4.90743637e-01 -4.35991883e-01 -6.58756137e-01
    -2.05410779e-01 -1.04400349e+00 -7.41044164e-01 -1.97341681e-01
    -1.69662356e-01 -9.82210755e-01 -2.63806880e-01 -1.07577682e-01
    -3.37715983e-01 -1.29715800e-01 -1.37457490e-01 -4.98423845e-01
    -5.96620560e-01 -9.02942777e-01 -1.23300076e-01 -2.60234714e-01
    -6.77909672e-01 -9.55781639e-01 -4.77850974e-01 -1.76042497e-01
    -5.37465453e-01 -3.30307066e-01 -7.25384831e-01 -3.04923534e-01
    -1.40105605e-01 -2.07807779e-01 -1.74287558e-01 -1.05013013e-01
    -9.41440582e-01 -5.33736229e-01 -9.32056427e-01 -8.35511088e-02
    -4.35759038e-01 -8.05197597e-01 -8.36789608e-02 3.37598026e-01
    1.09806895e-01 -2.91933656e-01 -3.83443236e-02 -1.59071207e-01
    -4.79746819e-01 -9.37811315e-01 -9.64985728e-01 -1.37967169e-01
    -7.70381689e-02 -5.53382635e-01 -8.54643226e-01 -4.88853693e-01
    -7.86366582e-01 -1.01836777e+00 -8.07814777e-01 -4.71773446e-01
    -3.69219899e-01 -1.13978386e-02 -6.17947638e-01 -2.81850278e-01
    -2.34503567e-01 -6.01234436e-01 -8.72830987e-01 -9.32345390e-02
    -6.51450157e-02 -3.50653768e-01 -2.30252981e-01 -1.43799305e-01
    -5.83510518e-01 -1.27405405e-01 -9.59508181e-01 -4.11732674e-01
    -7.05122352e-01 -6.12098098e-01 -4.91480112e-01 -8.16854596e-01
    -4.63631213e-01 -2.74789631e-01 -7.70694256e-01 -5.01566887e-01
    -3.93622637e-01 -5.13439476e-01 -5.02881765e-01 -5.65314591e-01
    -3.40282679e-01 -3.58598590e-01 -2.35046923e-01 -7.54412651e-01
    -9.20327187e-01 -8.23499382e-01 -7.07703412e-01 -8.27853680e-02
    -7.19075203e-01 -2.71939993e-01 -6.62707984e-01 -1.51600182e-01
    -4.78667200e-01 -3.00321221e-01 -9.46082830e-01 4.81414795e-03
    -1.47263706e-01 -3.97609591e-01 -7.93542862e-01 -2.74880409e-01
    -5.50513208e-01 -1.11192107e-01 -1.66679740e-01 -6.73256695e-01
    -4.72568274e-01 -5.96100688e-01 -5.66632807e-01 -7.57095337e-01
    1.96737647e-02 -9.09844160e-01 -7.78015614e-01 -4.95533973e-01
    -7.15374947e-02 -7.52182722e-01 -2.98497498e-01 -7.73079932e-01
    -2.63128281e-02 -2.31349468e-02 -4.57692027e-01 -7.95330286e-01
    -9.06648278e-01 -1.81384742e-01 -8.41071963e-01 -8.75484347e-01
    -4.94829088e-01 2.36315131e-02 -2.78929293e-01 -5.49914479e-01
    -1.47392631e-01 -1.33819938e-01 -3.81870747e-01 -4.95768666e-01
    -7.83965409e-01 -1.01878870e+00 -4.16444123e-01 -1.01574898e-01
    -1.08129621e-01 -1.68254554e-01 -2.48900771e-01 -9.11736965e-01
    -2.68145859e-01 -7.95620441e-01 -3.58485699e-01 -9.84232605e-01
    -4.77250814e-02 -7.43912458e-02 -8.74159336e-02 -7.65081525e-01
    -5.41933894e-01 -6.34437680e-01 -7.74727225e-01 -6.16181970e-01
    -4.53696609e-01 -3.02286386e-01 -3.20839703e-01 -6.67302251e-01
    -6.38717413e-02 -8.35573316e-01 -9.32657182e-01 -6.66495442e-01
    -2.70638585e-01 -7.04368353e-02 -5.02752304e-01 -4.50626969e-01
    -1.51547194e-01 -2.97519565e-02 -8.09190631e-01 -7.20343471e-01
    -1.25332415e-01 -5.78687549e-01 -8.97239327e-01 -6.50423110e-01
    -4.87546802e-01 -4.02856529e-01 -6.50339067e-01 -4.65890586e-01
    -6.27836108e-01 -2.51983881e-01 -9.05026078e-01 -5.92904389e-01
    -6.44886851e-01 -6.41086817e-01 -3.79894853e-01 -7.83247590e-01
    -1.74208164e-01 -6.00539565e-01 -8.68661046e-01 -6.56724274e-01
    -6.08866334e-01 -7.27194190e-01 -6.95571899e-02 -5.23429811e-01
    -2.78411806e-01 -7.63068199e-01 -4.50355709e-01 -9.11718667e-01
    -2.56723642e-01 -3.72721910e-01 -1.07004094e+00 -1.82795227e-01
    -9.50044453e-01 -6.85831308e-02 -8.66702914e-01 -6.85290933e-01
    -3.05861235e-02 -1.06313705e-01 -6.36545599e-01 -5.14651418e-01
    -1.63468003e-01 -9.08417463e-01 -4.20001924e-01 -7.19439924e-01
    -3.34456444e-01 -1.54851496e-01 -7.69099355e-01 -7.03517795e-01
    -1.02003992e-01 -2.55613208e-01 -6.78409934e-02 -7.60951042e-02
    -8.62041712e-02 -1.45393610e-01 -2.49133766e-01 -2.25222886e-01
    -8.59634697e-01 -7.12640166e-01 -6.96405053e-01 -2.31310844e-01
    -3.43563557e-01 -6.76451206e-01 -6.22280359e-01 -8.02787304e-01
    -5.16584098e-01 -9.19145525e-01 -1.86553657e-01 -4.89585638e-01
    -3.93962085e-01 -9.26977992e-01 -5.25496662e-01 -4.89640892e-01
    -4.01683450e-01 -7.44054556e-01 -2.03548193e-01 -4.46076035e-01
    -9.09879923e-01 -5.09957790e-01 -8.89638186e-01 -3.12358499e-01
    -5.43151081e-01 -7.95247674e-01 -9.52960849e-01 -7.07165837e-01
    -1.00831580e+00 -3.91187310e-01 -8.50568295e-01 -6.15167975e-01
    -1.49636745e-01 -2.08941340e-01 -1.42609060e-01 -2.95264959e-01
    -3.94542634e-01 -1.04953933e+00 -4.04809654e-01 -3.93600881e-01
    -1.18010521e-01 -7.26420641e-01 -4.98538464e-01 -7.11090267e-01
    -3.81874681e-01 -2.27255762e-01 -1.28691077e-01 -4.13024664e-01
    -4.60916281e-01 -7.66216218e-01 -2.07291961e-01 -2.27253437e-02
    -1.94082141e-01 -2.42480934e-01 -7.76386380e-01 -5.88413179e-01
    -2.41506696e-01 -4.27523494e-01 -5.75486422e-01 -6.49278760e-01
    -9.12677467e-01 -1.08290911e-01 -8.69235516e-01 -2.67668724e-01
    -6.28195643e-01 9.31352377e-02 -1.97041035e-01 1.98485970e-01
    -4.05672640e-01 -3.03432107e-01 -7.98484087e-01 -4.88264561e-02
    -5.42026281e-01 -1.20335639e-01 -1.89370096e-01 -5.53340316e-02
    -7.37278461e-01 -5.96374691e-01 -7.86644697e-01 -9.40618992e-01
    -4.88057733e-01 -3.63268733e-01 -1.20816708e-01 -3.63182545e-01
    -9.90261436e-02 -5.32889843e-01 -5.25618792e-01 -7.92947412e-01
    -2.87264645e-01 -3.48365605e-01 -8.81303549e-01 -7.05711961e-01
    -9.03481603e-01 -7.96535611e-01 -2.27691531e-01 -8.22570324e-01
    -3.58171642e-01 -6.49258792e-01 -6.77011013e-02 -6.62554741e-01
    -8.45030010e-01 -2.37111509e-01 -2.06630588e-01 -8.84693205e-01
    -3.65044057e-01 -8.54473114e-02 -3.67679238e-01 -5.17809033e-01
    -9.40102398e-01 -2.04854727e-01 -8.50445032e-03 -3.41709375e-01
    -8.57766867e-01 -5.42135835e-01 -6.65432036e-01 -2.95947969e-01
    -5.45938730e-01 -6.41391754e-01 -2.83149958e-01 -1.09442711e-01
    -2.64725089e-01 -5.05508304e-01 -9.20367360e-01 -1.50794446e-01
    -2.80265272e-01 -4.54584897e-01 -2.70434916e-01 -9.45301056e-02
    -9.00445938e-01 -5.60715854e-01 -7.50026643e-01 -3.70884597e-01
    -5.39923251e-01 -6.71474814e-01 -8.91187072e-01 -7.58616030e-01
    -5.43599546e-01 -7.21575379e-01 -4.16818321e-01 -7.89430201e-01
    -7.46681571e-01 -7.77102590e-01 -8.87993217e-01 -6.57585382e-01
    7.77703524e-02 -7.37789392e-01 -7.25466728e-01 -8.59621525e-01
    -3.86670053e-01 -6.62983358e-01 -1.99835479e-01 -6.17066979e-01
    -1.06368303e-01 -6.86029792e-01 -7.82065451e-01 -7.42310762e-01
    -8.91878366e-01 -1.08737409e-01 -9.67183232e-01 -4.79292274e-01
    -3.69219482e-01 -8.62150550e-01 -5.31872749e-01 -5.84275901e-01
    -6.31562114e-01 -7.99639642e-01 -4.01680768e-01 -8.14879060e-01
    -1.01301146e+00 -1.53600931e-01 -6.04864240e-01 -9.55936015e-01
    -5.73791265e-01 -6.39222741e-01 -6.11032963e-01 -2.13105679e-02
    -6.56633258e-01 -1.15257621e-01 -6.83942378e-01 -8.26886177e-01
    -6.06729329e-01 -5.52920997e-01 -4.62594897e-01 -2.06172705e-01
    -3.43750775e-01 -5.81883729e-01 -9.43323374e-02 -8.92772675e-01
    -4.30357456e-02 -3.73655558e-01 -6.96671247e-01 -6.55418038e-01
    -7.57721066e-01 -5.89955449e-02 -2.01237977e-01 -2.02873051e-01
    -6.99139953e-01 -8.57578635e-01 -5.40563285e-01 -5.49517870e-02
    -5.51064789e-01 -6.03670716e-01 -3.00769746e-01 -5.37682056e-01
    1.55034661e-02 -9.16422307e-01 -2.96228588e-01 -3.69200110e-02
    -7.96059549e-01 -3.52778554e-01 -1.00489295e+00 -2.95108974e-01
    -2.69820929e-01 -3.66009116e-01 -3.98846567e-01 -2.98655391e-01
    -9.18815970e-01 -1.97675705e-01 -5.00914693e-01 -7.87672520e-01
    -1.59797430e-01 -2.07483888e-01 -1.19466901e-01 -6.16535306e-01
    -4.05583024e-01 -6.11217558e-01 -5.29534459e-01 -5.57576656e-01
    -2.93291211e-01 -4.25396562e-01 -3.77771437e-01 -5.48195779e-01
    -7.35430658e-01 -3.99215937e-01 -5.19839406e-01 -7.81878233e-01
    -8.26076806e-01 -4.90509063e-01 -2.74208784e-02 -1.04789138e-02
    -8.87475848e-01 -3.05110037e-01 -4.88853753e-01 -6.28873110e-01
    -2.02599049e-01 -3.63827467e-01 -8.60309184e-01 -4.67167795e-01
    -7.34557092e-01 -3.12336087e-01 -8.89140964e-01 -8.80138636e-01
    -6.01358056e-01 -5.06699443e-01 -7.62677073e-01 -3.83735895e-02
    -3.51794243e-01 -4.15004730e-01 -9.69754338e-01 -3.86269271e-01
    -5.39073944e-02 -4.84309673e-01 -4.74655032e-01 -9.43221211e-01
    -8.89861107e-01 -3.08749676e-01 -3.13924551e-01 -7.74348140e-01
    -5.60034513e-01 -6.56116605e-01 -7.95230269e-01 -5.89059591e-01
    -2.39041686e-01 -3.85806739e-01 -9.81134832e-01 -1.95631742e-01
    -3.97247732e-01 -3.22854042e-01 -5.21577656e-01 -6.93940878e-01
    -2.13385820e-01 -7.82541037e-01 -1.53736353e-01 -6.81074023e-01
    -4.29581046e-01 -1.38469815e-01 -2.55559921e-01 -3.82215261e-01
    -5.02454817e-01 -6.74976647e-01 -2.82129288e-01 -5.38495123e-01
    -5.14531255e-01 -9.96285200e-01 -1.89150095e-01 -3.29652667e-01
    -9.05233800e-01 -7.63695478e-01 -8.64061117e-02 -3.85815978e-01
    -8.87277722e-02 -7.16782570e-01 -5.26579857e-01 -5.65006614e-01
    -3.34520698e-01 -9.67121065e-01 -5.86189747e-01 -7.87483573e-01
    -4.51777697e-01 -7.69998074e-01 -8.21803808e-01 -8.54294062e-01
    -5.44370770e-01 -8.69869709e-01 -4.25537586e-01 -6.46891594e-02
    -1.32414639e-01 -7.84584165e-01 -4.77059871e-01 -7.66862750e-01
    -4.34692740e-01 6.56334758e-02 -2.42944121e-01 -2.18667656e-01
    1.13948643e-01 -3.79853725e-01 -2.65277684e-01 -2.45551765e-01
    -2.45511055e-01 -5.02214789e-01 -9.96629298e-01 -4.46099102e-01
    -1.91157281e-01 -2.50051916e-01 -5.88277757e-01 -1.39354527e-01
    -7.12966919e-01 -7.23665953e-02 -3.31116199e-01 -3.32548678e-01
    -3.87823164e-01 -2.50841200e-01 -3.04224432e-01 -2.83679426e-01
    -8.48786473e-01 -3.56141746e-01 -4.61861014e-01 -8.76004696e-02
    -4.83163238e-01 -9.22411323e-01 -4.79947746e-01 -1.84437990e-01
    -4.45147932e-01 -2.76397943e-01 -7.47141480e-01 -4.89256889e-01
    -1.42434895e-01 -5.60444832e-01 -8.89562726e-01 -7.33716369e-01
    -8.18263888e-02 1.87700987e-03 -7.05448508e-01 2.24760175e-02
    -2.32583344e-01 -5.04636168e-01 -2.34555900e-01 -4.10769701e-01
    -7.41213739e-01 -3.20996344e-01 -7.38869548e-01 -6.47453845e-01
    -7.04025388e-01 1.26771927e-02 -2.15288877e-01 -7.33888745e-01
    -4.02774453e-01 -5.36736965e-01 -1.01529658e-01 -5.20648003e-01
    -1.50519431e-01 -9.34584379e-01 -6.71436191e-01 -2.24695265e-01
    -7.19866514e-01 -6.61419392e-01 -2.79083252e-01 -2.32544422e-01
    -1.68458760e-01 -2.99659610e-01 -1.01451063e+00 -5.48273087e-01
    -7.12622225e-01 -8.75984788e-01 -3.49075794e-02 -2.75851488e-01
    -8.04167986e-03 -2.98952699e-01 -5.49195766e-01 -7.25803375e-02
    -8.20443928e-01 -4.99075294e-01 -6.32506967e-01 -4.29205298e-02
    -8.38600278e-01 -7.71986902e-01 -3.23999465e-01 2.48169899e-02
    -4.03693557e-01 -4.74452496e-01 3.19713354e-03 -8.11457753e-01
    -9.09244895e-01 -3.07471097e-01 -5.03568649e-01 -6.09542370e-01
    -7.79427767e-01 -2.28096247e-01 -1.90320551e-01 -2.08626866e-01
    -4.90878165e-01 -7.51489818e-01 -6.29023910e-01 -2.75084496e-01
    -3.01763773e-01 -8.44195485e-02 -5.71581066e-01 -4.24430907e-01
    -6.74805462e-01 -1.59132481e-01 -1.99750185e-01 -1.77688837e-01
    -2.52422035e-01 -8.19902301e-01 -2.97126830e-01 -3.49295437e-01
    -9.00668502e-02 -3.84673268e-01 -4.82315421e-02 -8.06456804e-01
    -3.98899794e-01 -6.87302947e-01 -7.34758675e-01 -7.67220259e-02
    -1.20604992e-01 -6.86982274e-01 -3.35623503e-01 -5.38010240e-01
    -4.67177689e-01 -9.42688823e-01 -5.37026405e-01 -6.78884387e-02
    -5.99763155e-01 -6.08250499e-01 -3.66508365e-01 1.21688247e-02
    -3.09596241e-01 -9.64620709e-02 -9.00821567e-01 -8.18845391e-01
    -4.81462419e-01 -8.90231013e-01 -2.41518915e-01 -3.65555286e-02
    -9.03915644e-01 -6.71353340e-01 -6.92624390e-01 -1.37198091e-01
    -1.60067081e-01 -8.14533055e-01 -4.35616016e-01 -3.53795886e-01
    -6.02823257e-01 -1.71033144e-01 -5.91262102e-01 -1.73716426e-01
    -8.10210884e-01 -2.56458402e-01 -7.37287998e-01 -5.04881203e-01
    -4.65112507e-01 -6.32838488e-01 -9.57963169e-01 -1.83011055e-01
    -2.26071596e-01 -7.77130187e-01 -6.32971287e-01 -7.96153545e-01
    -9.94301915e-01 -5.10249197e-01 -9.92683113e-01 -5.96683741e-01
    -1.25919640e-01 -9.66830254e-01 -2.04941988e-01 -6.96380138e-02
    -5.08016348e-01 -9.47664022e-01 -4.55529869e-01 -8.57834816e-02
    -9.58968997e-01 -6.96624875e-01 -3.41274559e-01 -9.41358805e-01
    -5.50100029e-01 -1.01798773e-01 -4.21731353e-01 -4.56670642e-01
    -8.10612082e-01 -2.78353751e-01 -9.35332239e-01 -2.03063309e-01
    -4.35537755e-01 -8.25097322e-01 -2.24806368e-01 -9.34393406e-01
    -7.58217335e-01 -2.93527424e-01 -6.90423489e-01 -2.24761307e-01
    -2.40623832e-01 -4.59672153e-01 -2.05350399e-01 -6.38566732e-01
    -1.05980098e-01 -2.07289457e-02 -3.72134805e-01 -3.64533484e-01
    -7.69495785e-01 -7.25130200e-01 -1.01784825e-01 -9.18937325e-02
    -3.34271312e-01 -1.06320810e+00 -8.59559238e-01 -4.90103006e-01
    -6.43006206e-01 -1.03199959e+00 -2.36021042e-01 -5.03139138e-01
    -4.98836279e-01 -6.00237787e-01 -5.47046423e-01 -2.42428243e-01
    -1.03744447e+00 -8.34939837e-01 -8.44884992e-01 -2.95679927e-01
    -3.77646625e-01 -7.33393431e-02 -8.14507604e-01 -4.77632880e-02
    -5.39425611e-01 -2.30269551e-01 -9.42424715e-01 -1.45806253e-01
    -9.12193775e-01 -8.74159813e-01 -3.45234573e-01 -5.37993014e-01
    -8.70095491e-02 -3.14252913e-01 -7.43585825e-02 -7.02945471e-01
    -8.82184505e-01 -4.14665073e-01 -7.88659275e-01 -5.65586746e-01
    -2.21557200e-01 3.31086516e-02 -1.28003478e-01 -6.91464543e-01
    -1.18100047e-01 -7.13629901e-01 -2.40565836e-01 -5.11153281e-01
    -7.75730014e-01 -2.55267262e-01 -4.75442439e-01 6.89187348e-02
    1.66945934e-01 -6.52186275e-02 -6.22466207e-01 3.10912132e-02
    -9.72221792e-01 -2.97332585e-01 -7.28572905e-01 -9.13462818e-01
    -5.15024900e-01 -4.82188940e-01 -5.44076324e-01 -9.50639784e-01
    -3.28917027e-01 -7.01071620e-01 -1.94740415e-01 -7.99408436e-01
    -7.51115322e-01 -6.47425652e-01 -8.66201878e-01 -4.34590280e-01
    -2.38694549e-01 -6.09549046e-01 -6.78589106e-01 -1.34098530e-01
    -3.54455173e-01 -6.12474084e-01 -8.91755581e-01 -1.87173843e-01
    -9.63967562e-01 -1.98631942e-01 -3.34131896e-01 -8.81890595e-01
    -8.27985168e-01 -3.20324957e-01 -6.42883301e-01 -2.83285797e-01
    -7.14861989e-01 -6.86617553e-01 -4.03023362e-01 -6.62360311e-01
    -6.61647141e-01 -7.32448459e-01 -2.90397167e-01 -8.73996019e-01
    -2.38999665e-01 -8.40432107e-01 -1.75693393e-01 -6.70425892e-02
    -4.21196342e-01 -7.25447953e-01 -7.10862041e-01 -9.25940275e-03
    -7.34401345e-01 -7.51781821e-01 -1.74478292e-02 -8.64122510e-02
    -4.50713813e-01 -4.36575174e-01 -2.62972713e-01 -6.06192231e-01
    -6.12738609e-01 -8.50972891e-01 -7.72242069e-01 -5.96951723e-01
    -3.24226201e-01 -3.16123962e-01 -2.84686208e-01 -2.77503133e-02
    -3.11952829e-01 -3.76110137e-01 -7.24538207e-01 -6.11292660e-01
    -2.98752844e-01 -6.89336717e-01 -8.15275311e-02 -7.27765262e-01
    -8.45159054e-01 -4.88660753e-01 -1.19460940e-01 -4.27893013e-01
    -3.20595741e-01 -8.13234568e-01 -4.20300961e-02 -1.86316907e-01
    -2.86043048e-01 -3.88318896e-01 -3.87347102e-01 -2.57062316e-01
    -9.15409088e-01 -4.48888361e-01 -5.53559661e-01 -6.49794221e-01
    -8.12090576e-01 -4.90540087e-01 -3.79251301e-01 -3.00691009e-01
    -2.64802098e-01 -1.27210557e-01 -4.55673039e-01 -4.74116802e-01
    -1.19782686e-01 -3.00965846e-01 -1.47343576e-01 -4.62626040e-01
    -6.23684287e-01 -3.88851166e-02 -7.87365198e-01 -2.50048280e-01
    -9.12978649e-01 -1.88936472e-01 -8.14172804e-01 -3.13558578e-02
    -2.46185422e-01 -4.16545063e-01 2.51269937e-02 -8.56229067e-01
    -6.72175884e-01 -4.30850297e-01 -9.03105855e-01 -4.93621886e-01
    -1.77696347e-01 -5.01809239e-01 -9.31339443e-01 -9.75871682e-02
    -8.47906709e-01 -5.41242003e-01 1.44158602e-02 -6.15115047e-01
    -2.95832872e-01 -7.90427029e-01 -8.26255143e-01 -6.83867812e-01
    -6.43095493e-01 -7.78692782e-01 2.57687569e-02 -4.51918006e-01
    -4.81475115e-01 -5.26952863e-01 -2.30335772e-01 -3.16400409e-01
    -6.13594830e-01 -6.78974867e-01 -6.52716160e-01 -5.63353300e-01
    -3.87990654e-01 -9.46859777e-01 -3.01967859e-01 -7.14433193e-01
    -3.12312365e-01 -2.51161814e-01 -8.59586716e-01 -5.34368515e-01
    -9.64540005e-01 -9.51259017e-01 -2.15208590e-01 -7.71587312e-01
    -5.83234608e-01 -5.05227566e-01 -7.81845689e-01 -2.91440606e-01
    -3.24132204e-01 -5.91348350e-01 -9.16061878e-01 -2.57321596e-01
    -3.42819095e-01 -1.89927220e-01 -5.41056037e-01 -4.86184061e-01
    -2.79293597e-01 -8.52010131e-01 -1.46623075e-01 -6.80941820e-01
    -8.29125285e-01 -9.43142653e-01 -8.07226241e-01 -8.90958309e-02
    -9.38293219e-01 -2.75717378e-01 -8.64555955e-01 -7.79700756e-01
    -1.04191899e-02 -8.06573153e-01 -3.69165719e-01 -7.05107093e-01
    -3.63445282e-01 -5.60001254e-01 1.78419352e-02 -5.08114040e-01
    -5.80515146e-01 -4.49183762e-01 -8.61871362e-01 -4.05863702e-01
    -1.15752578e-01 -7.97294617e-01 -6.75137043e-02 -5.92749596e-01
    -7.71141648e-01 -7.19106197e-02 -5.64103663e-01 -6.05033994e-01
    -1.93885505e-01 -6.94943309e-01 -8.36299479e-01 -2.97415674e-01
    -6.66384459e-01 -8.07060182e-01 -1.02237535e+00 -1.49956763e-01
    -4.60958362e-01 -4.34935510e-01 -8.33937347e-01 -1.56066060e-01
    -2.57900715e-01 -7.93764412e-01 -3.79381180e-01 -2.84506083e-02
    -6.15042925e-01 -2.77903080e-01 -3.19835067e-01 -7.06416845e-01
    -7.89573669e-01 -9.21215117e-01 -1.31391585e-01 -2.73960590e-01
    -6.02029622e-01 -6.49564028e-01 -2.94213414e-01 -7.56855845e-01
    -8.35046887e-01 -7.13773370e-01 -2.40163624e-01 -2.07327127e-01
    -7.38133967e-01 -8.34288776e-01 -5.47713041e-02 -9.15544450e-01
    -4.54584658e-01 -3.65332901e-01 -2.30986893e-01 -4.77823794e-01
    -8.78790855e-01 -6.18549228e-01 1.65694952e-02 -8.15924406e-01
    -4.46958870e-01 -7.28820086e-01 -1.02134168e-01 -3.46407533e-01
    -5.14576674e-01 -7.07345784e-01 -3.21591496e-01 -6.71816587e-01
    -5.76406121e-02 -6.56083226e-01 -3.59905005e-01 -2.68563122e-01
    -1.32321835e-01 -4.54156578e-01 -7.21154332e-01 -9.47044373e-01
    -2.76564300e-01 -1.94986582e-01 -5.55035830e-01 -7.68402219e-02
    -8.95836353e-02 -9.56417143e-01 -4.04049158e-02 -1.09601796e-01
    -6.59398794e-01 -1.83220029e-01 -1.76958919e-01 -1.53905153e-01
    -4.44380701e-01 -9.00801420e-01 -5.58198929e-01 -1.25360906e-01
    -7.32089221e-01 -3.82602036e-01 -3.63821030e-01 -5.58187962e-01
    -6.11579239e-01 -7.56757855e-01 -7.22940326e-01 -8.60149562e-01
    -3.85176301e-01 -1.84054434e-01 -8.12556148e-02 -3.02351713e-01
    -8.36729765e-01 -5.72177589e-01 -6.45884991e-01 -1.88291490e-01
    -6.49864674e-01 -2.85592556e-01 -1.00422502e-02 -6.39794350e-01
    -5.54674625e-01 -7.57481754e-01 -3.88523221e-01 -5.28959632e-02
    -1.80229723e-01 -7.21372962e-01 -2.34031677e-03 -5.91874123e-04
    -8.13357592e-01 -5.37380695e-01 -4.87834215e-02 -4.75283831e-01
    -7.21060395e-01 -6.72378182e-01 -7.52892256e-01 -4.01542246e-01
    -8.07672739e-03 1.64818764e-03 -8.22809815e-01 -7.41622448e-02
    -1.42402947e-01 -7.88650155e-01 -5.24583042e-01 -5.94016194e-01
    -2.79014289e-01 -8.81173849e-01 -3.55102301e-01 -1.01273739e+00
    -6.13465905e-01 -2.73606777e-01 -1.59369349e-01 -2.17408419e-01
    -4.63290811e-01 -6.88186526e-01 -7.54627883e-01 -3.48553121e-01
    -6.19362235e-01 -3.03821087e-01 -7.65812755e-01 -1.68752134e-01
    -3.86638582e-01 -7.20282555e-01 -5.42203605e-01 -9.02951539e-01
    -9.03192759e-02 -6.96714640e-01 -2.86305308e-01 -2.93666601e-01
    -2.48116851e-01 -1.24157727e-01 -8.08570504e-01 -7.82749653e-01
    -1.92957103e-01 -6.92240536e-01 -2.00309873e-01 -1.07846510e+00
    -5.54936826e-01 -9.80782866e-01 -3.51664424e-01 -4.07683253e-01
    -9.87371206e-01 -7.36548543e-01 -1.09973311e-01 -8.74144137e-01
    -5.24096370e-01 -1.06671333e-01 -3.17615271e-01 -3.79122674e-01
    5.03293872e-02 -8.43848109e-01 -8.69413555e-01 -6.36426926e-01
    -3.08768451e-01 -8.51615906e-01 -2.77442157e-01 -7.12054908e-01
    -7.20921397e-01 -3.41617763e-01 -2.71464169e-01 -5.82912326e-01
    -9.76212025e-02 -9.73680019e-02 -5.61634183e-01 -3.02086592e-01
    -4.91969258e-01 -1.14416957e-01 -5.10205925e-01 -6.06907070e-01
    -6.03092670e-01 -7.21736908e-01 -1.03686631e-01 -4.76000726e-01
    -7.98479080e-01 -3.91668200e-01 -2.25448847e-01 -4.46503639e-01
    -8.73032629e-01 -3.82372916e-01 -7.01350749e-01 -8.90383780e-01
    -4.66224909e-01 -3.89066935e-01 -7.65293598e-01 -9.58195806e-01
    -3.19982886e-01 -3.51810336e-01 -2.62299538e-01 -4.38350201e-01
    -1.94262266e-01 -4.78023410e-01 -8.13643277e-01 -4.27902341e-01
    -8.79308581e-01 -4.87821400e-01 -1.02119625e+00 -1.26282632e-01
    -7.26787806e-01 -2.12817073e-01 -6.79137349e-01 -5.16150236e-01
    -4.64624643e-01 -6.35624528e-01 -7.22835302e-01 -2.34435678e-01
    -7.06064105e-01 -1.91067338e-01 -1.43935442e-01 -5.25238514e-02
    -6.76016927e-01 -2.89957821e-01 -6.63763940e-01 -4.19472158e-01
    -4.11306858e-01 -1.44507229e-01 -5.95601022e-01 -1.94447875e-01
    -2.40903497e-01 -2.01521397e-01 -5.52006364e-01 -3.99258435e-01
    -2.82509744e-01 -7.17254281e-01 -3.36552083e-01 -4.01868552e-01
    -1.91476643e-01 -6.31765842e-01 -1.35890245e-02 -3.85659158e-01
    -1.29168987e-01 -7.93499231e-01 -5.22093892e-01 -5.50049603e-01
    -2.45473146e-01 -5.43688536e-01 -1.42353773e-01 -2.86568403e-01
    -9.27183032e-01 -3.63524020e-01 -4.32562590e-01 -7.49203444e-01
    -5.90474725e-01 -1.92155242e-01 -8.78930449e-01 -7.32359111e-01
    -8.18739653e-01 -8.72061312e-01 -2.96364367e-01 -9.39839840e-01
    -9.21792984e-01 -6.69421077e-01 -5.84233761e-01 -1.25941157e-01
    -4.10228908e-01 -1.06543779e-01 -8.01447988e-01 -2.91637599e-01
    -9.80292320e-01 -6.09425306e-01 -5.44593215e-01 -6.35325193e-01
    -3.70027244e-01 -2.76114821e-01 -3.10555220e-01 -2.43484259e-01
    -5.90717793e-02 -7.73137093e-01 -8.91953468e-01 -5.38238525e-01
    -7.99182653e-01 -4.19698358e-01 -2.18178272e-01 -6.03336513e-01
    -4.62151229e-01 -7.13639379e-01 -7.22164571e-01 -7.73447275e-01
    -5.51794589e-01 -3.15063715e-01 -9.75472033e-01 -4.37018812e-01
    -3.43116999e-01 -2.59713113e-01 -8.63191247e-01 -6.52457893e-01
    -7.95899630e-01 -7.95065522e-01 -1.30423129e-01 -4.78090733e-01
    -7.94598758e-01 9.13631916e-03 -4.49484646e-01 -5.80483496e-01
    2.27698267e-01 -6.01052225e-01 -4.77079302e-01 3.41708243e-01
    -5.65022588e-01 1.86732590e-01 -1.52501404e-01 -5.75814605e-01
    -6.23635173e-01 -3.37420702e-01 -4.10001755e-01 -5.48151016e-01
    -3.62925649e-01 -2.99495995e-01 -8.78372073e-01 -8.50480914e-01
    -6.91654623e-01 -5.07398546e-01 -7.04563200e-01 -9.61119831e-01
    -2.64385104e-01 -5.58773100e-01 -7.39175081e-01 -5.14616549e-01
    -4.22404587e-01 -5.98243237e-01 -5.61914206e-01 -8.60819578e-01
    -1.00426972e-01 -8.49709570e-01 -4.26629126e-01 -4.02122021e-01
    -3.74426544e-01 -7.78677702e-01 -6.26187205e-01 -2.33866692e-01
    -9.01135683e-01 -1.09178245e-01 -5.28027236e-01 -1.17104530e-01
    -7.58626401e-01 -7.47899175e-01 -3.90680969e-01 -5.10502338e-01
    -6.62069559e-01 -3.42187822e-01 -3.05568576e-01 -4.03237909e-01
    -4.71351355e-01 -3.24931383e-01 -1.76678002e-01 -6.77188993e-01
    -8.48968506e-01 -2.44742870e-01 -7.55798578e-01 -1.10434234e-01
    -7.59270906e-01 -6.48991466e-02 -3.11119735e-01 -5.49562216e-01
    -5.23989558e-01 -9.49981511e-01 -5.78075767e-01 -4.32503164e-01
    -6.01150334e-01 -8.60432446e-01 -8.95370901e-01 -2.83623338e-01
    -1.26542687e-01 -2.96236217e-01 -3.55312228e-01 -3.79246414e-01
    -6.46258593e-01 -7.73166418e-02 -4.02689517e-01 -2.88907886e-01
    -7.77742982e-01 -3.79164696e-01 -2.29201138e-01 -2.92366862e-01
    -5.95980883e-02 -6.53253019e-01 -7.93408751e-02 -6.25252724e-01
    -4.74366695e-01 -8.42821896e-01 -5.77047229e-01 -7.10976362e-01
    -2.10923851e-01 -8.34573507e-02 -3.40655982e-01 -4.62853223e-01
    -7.82278657e-01 -3.50716352e-01 -6.38326764e-01 -5.94099879e-01
    -7.04967618e-01 -1.52201295e-01 -3.43243599e-01 -8.32973897e-01
    -3.52362275e-01 -1.44275665e-01 -8.00784945e-01 -4.94011313e-01
    -7.37655640e-01 -6.03666663e-01 -3.93571556e-01 -8.94921601e-01
    -6.96588457e-01 -5.58245003e-01 -8.13458800e-01 -4.43467259e-01
    -2.76977360e-01 -8.69647145e-01 -7.16565609e-01 9.83476639e-06
    -6.78072512e-01 -1.77160442e-01 -2.31578350e-01 -2.94953823e-01
    -4.20043141e-01 -3.91850829e-01 -8.43177915e-01 -3.94043744e-01
    -7.88742125e-01 -7.88304567e-01 -1.71420813e-01 -7.42385864e-01
    -1.14017129e-01 -9.39227879e-01 -6.19566143e-01 -1.01680934e-01
    -5.91629744e-01 -2.11976945e-01 -8.08072448e-01 -2.22036600e-01
    -1.46848738e-01 -9.20890391e-01 -1.72333658e-01 -1.21663034e-01
    -2.66043127e-01 -3.89337540e-02 -1.81587100e-01 -4.32194054e-01
    -3.61656904e-01 -8.72114897e-02 -4.16743338e-01 -9.85532403e-01
    -4.60584521e-01 -3.98416519e-01 -8.06163013e-01 -2.35522032e-01
    -9.44394112e-01 -8.44701648e-01 -6.24020696e-01 -5.84047556e-01
    -9.14126635e-02 -1.59867525e-01 -1.38094783e-01 -9.03561711e-02
    -1.35992765e-01 -1.00427532e+00 -9.80821371e-01 -1.73420668e-01
    -1.67491913e-01 -8.89407396e-02 -3.76788318e-01 -4.24948812e-01
    -7.41103470e-01 -4.60605919e-01 -2.52293169e-01 -3.72026682e-01
    -7.43812621e-01 -3.03208828e-02 -5.47400296e-01 -3.06724250e-01
    -1.99054599e-01 -8.87248516e-01 -4.57763255e-01 -1.15896285e-01
    -1.30353689e-01 -2.99325705e-01 -2.86938846e-01 -7.07937360e-01
    -9.68846083e-02 -9.04302239e-01 -7.67216086e-01 -6.51904464e-01
    -6.87383413e-01 -4.47199941e-01 -4.91647094e-01 -4.35669780e-01
    -6.38536215e-01 -1.49919391e-02 -1.07848644e-01 -1.75130248e-01
    -2.61055171e-01 -9.40345168e-01 -4.47680116e-01 -8.76858532e-01
    -2.38092422e-01 -1.19941473e-01 -8.37329984e-01 -5.79468489e-01
    3.60777378e-02 -1.28901184e-01 -6.16183519e-01 -6.02276921e-01
    -8.96539092e-02 -1.38003826e-01 -4.82617259e-01 -3.20721805e-01
    -3.38150680e-01 -2.02165186e-01 -6.24812901e-01 -3.71582747e-01
    -9.48119760e-01 -8.77293348e-02 -8.92575026e-01 -7.00740814e-01
    -7.92712569e-01 -5.61218262e-01 -3.09079289e-02 -4.14465249e-01
    -6.75561786e-01 -7.86963344e-01 -5.98878205e-01 9.49627161e-03
    -8.18862319e-01 -9.15403426e-01 -8.49504411e-01 -5.22487283e-01
    -8.36359680e-01 -1.98939264e-01 -1.76060319e-01 -5.13348699e-01
    -1.56579792e-01 -5.48338473e-01 -7.55424619e-01 -5.17012477e-01
    -3.79771471e-01 -6.97408736e-01 -1.22778237e-01 -1.80292726e-01
    -4.10134673e-01 -4.87734050e-01 -2.20117211e-01 -6.02114737e-01
    -2.00077534e-01 -5.62460542e-01 -8.62221241e-01 -2.83830285e-01
    -3.15987408e-01 -3.02549899e-01 -1.73643529e-01 -6.65245175e-01
    -1.88364148e-01 -5.76942325e-01 -6.19545579e-02 -2.98066586e-01
    8.55131745e-02 1.74369991e-01 -6.26212537e-01 -1.11463845e-01
    -8.05152655e-02 -5.21362185e-01 -5.04175961e-01 -4.24811244e-01
    -5.58942556e-01 -8.71180475e-01 -1.26509070e-02 -1.74225330e-01
    -4.38068986e-01 -9.93553281e-01 -7.99610138e-01 -8.60897541e-01
    -6.50826275e-01 -6.31065249e-01 -4.76912498e-01 -1.54990673e-01
    -9.07567501e-01 -5.26586175e-01 -1.61537945e-01 -2.24975407e-01
    -8.85064483e-01 -3.61481309e-02 -3.19030464e-01 -5.21604240e-01
    -4.79152083e-01 -2.77879894e-01 -5.03627658e-01 -5.50614476e-01
    -2.01976717e-01 -5.09750366e-01 -6.25956118e-01 -7.57259667e-01
    -6.81555986e-01 -2.10948467e-01 -3.92728269e-01 -6.59339249e-01
    -3.30029726e-02 -5.90442300e-01 -3.62872183e-01 -5.92545033e-01
    -7.86815763e-01 -4.86578375e-01 -6.28992319e-01 -4.63116407e-01
    5.21816611e-02 -2.34430075e-01 -4.60777104e-01 -5.89192927e-01
    -7.58811355e-01 -8.67050529e-01 -1.70365334e-01 -8.48641396e-01
    -5.85493088e-01 -8.95984530e-01 -7.39408255e-01 3.12166810e-02
    -3.66188288e-01 -5.62448919e-01 -8.11895609e-01 -9.36668575e-01
    -4.95141566e-01 -9.06458020e-01 -7.35537052e-01 -6.12962484e-01
    -1.30666018e-01 -6.01635337e-01 -8.98525357e-01 -7.88066387e-01
    -4.64035332e-01 -2.96651006e-01 -1.98121309e-01 -9.75542665e-02
    -8.97279918e-01 -2.80184805e-01 -7.69102573e-02 -7.01961398e-01
    -1.31213069e-02 -1.14052176e-01 -5.11294007e-01 -8.80285621e-01
    -3.35544348e-01 -7.52837300e-01 1.39338374e-02 -6.74658656e-01
    -8.15619707e-01 -4.38941717e-02 -4.63990033e-01 -6.79169416e-01
    -1.80309772e-01 -7.24331975e-01 -9.83271003e-02 -3.81618381e-01
    -6.76482797e-01 -9.72514629e-01 -7.74198890e-01 -8.23466599e-01
    -6.10043645e-01 -2.15844691e-01 -7.03454494e-01 -6.12042844e-01
    -1.25273645e-01 -5.14920473e-01 -7.68519759e-01 -8.17523241e-01
    -4.05525684e-01 7.57669806e-02 -4.25027847e-01 -8.18592906e-01
    -4.74989414e-02 -4.85845387e-01 -5.69542229e-01 -3.27613235e-01
    -8.49432290e-01 -5.18261075e-01 -1.13578856e-01 -8.47122312e-01
    -5.57805061e-01 -8.28273296e-02 -2.14699745e-01 -7.23545730e-01
    -9.23808515e-01 -5.30054092e-01 -9.11419868e-01 -8.02686155e-01
    -2.31954455e-02 -7.30010033e-01 -5.01797318e-01 -3.28732312e-01
    -2.70318449e-01 -3.85841727e-01 -8.11590493e-01 -1.67981625e-01
    -4.77820635e-01 -7.77853251e-01 -1.20463729e-01 -8.99759173e-01
    -6.50535822e-01 -3.84808540e-01 -4.50038373e-01 -4.25344706e-01
    -1.07164025e+00 -6.69902265e-01 -7.12281585e-01 -7.31621265e-01
    -7.47226715e-01 -2.14450836e-01 -9.82311964e-01 -7.56407976e-02
    -8.78289580e-01 -4.59188223e-01 -1.52106881e-01 -9.52750564e-01
    -1.00058651e+00 -9.86943245e-02 -3.26983094e-01 -8.55698586e-02
    -7.60594428e-01 -8.70996237e-01 -7.04700649e-01 -3.71481776e-01
    -4.93015051e-02 -8.93618584e-01 -3.62900317e-01 -8.26366723e-01
    -7.58946061e-01 -8.73447835e-01 -2.93052912e-01 -5.01464903e-01
    -1.02702522e+00 -3.68273258e-01 -5.57927966e-01 -6.30617976e-01
    -1.00752151e+00 -2.90896654e-01 -9.37341452e-01 -3.24022174e-01
    -5.38703203e-02 -2.75609672e-01 5.18295765e-02 1.00179911e-01
    -6.61619663e-01 -5.67851901e-01 -3.40810657e-01 -8.05722833e-01
    -4.50393468e-01 -1.96880400e-01 -2.50455558e-01 -8.35798383e-01
    -6.95054352e-01 -1.89669728e-02 -6.57349229e-02 -8.82706165e-01
    -8.44680905e-01 -4.37828302e-01 -4.18855011e-01 7.94315338e-03
    -4.22371209e-01 -7.77235031e-01 -1.12063825e-01 -3.00824046e-01
    -7.51329780e-01 -1.23869121e-01 -2.76806653e-01 -2.40785360e-01
    -3.35638404e-01 -6.54475033e-01 -9.73422050e-01 -8.36284399e-01
    -2.50168800e-01 -2.58046985e-01 -5.56261182e-01 -8.00960898e-01
    -6.38660789e-01 3.35330367e-02 -3.53033721e-01 -5.38030863e-01
    -4.38560128e-01 -1.78414464e-01 -1.34578109e-01 -9.15654182e-01
    -5.85437536e-01 -3.59092712e-01 -1.11929953e-01 -5.99369943e-01
    -2.16616690e-01 -6.89815462e-01 -4.21826839e-01 -8.30608726e-01
    -8.44050527e-01 -2.74669111e-01 -3.64264846e-02 -1.00952172e+00
    -4.78597462e-01 -1.00776196e-01 -7.81159401e-02 -9.52945352e-02
    -3.24498296e-01 -8.41757655e-02 -2.34257579e-02 3.17150950e-02
    -8.50582063e-01 -2.48691976e-01 -5.55953145e-01 -5.12694240e-01
    -1.50564194e-01 -6.31619215e-01 -1.52971148e-01 -4.58791226e-01
    -5.83632171e-01 -2.03472912e-01 4.34664488e-02 -3.90622914e-01
    -5.40732503e-01 -4.06093836e-01 -1.01471305e-01 -3.21288407e-01
    -6.07452273e-01 -2.82566607e-01 -3.86424839e-01 -7.76547253e-01
    -4.27915871e-01 -5.78442037e-01 -6.41563416e-01 -9.72689748e-01
    -1.96590722e-01 -4.55580950e-01 -2.12834716e-01 -2.26698637e-01
    -4.09714997e-01 -2.51208425e-01 -2.41741180e-01 -3.17563891e-01
    -2.53781319e-01 -4.58920121e-01 -5.63593388e-01 -7.90329814e-01
    -7.11341619e-01 -7.00575113e-02 -2.97563255e-01 -2.99260795e-01
    -5.28934240e-01 -6.26400292e-01 -4.41193581e-01 -8.64750385e-01
    -1.35159969e-01 -6.73021972e-01 -8.92880678e-01 -3.43635798e-01
    -1.65229976e-01 -1.59135699e-01 -3.04465473e-01 -7.11312771e-01
    -8.31383348e-01 -2.06835687e-01 -5.29347181e-01 -2.51134038e-02
    -3.09614718e-01 -5.92099428e-01 -8.18566918e-01 -7.84594297e-01
    -6.01789653e-01 -2.47772336e-02 -6.10169590e-01 -4.41244364e-01
    -1.59794867e-01 -6.89478993e-01 -5.25519490e-01 -7.56601691e-01
    -4.83621001e-01 -1.16859674e-02 -8.61832976e-01 -1.36238754e-01
    -9.33327079e-02 -1.05501294e-01 -6.26521170e-01 -2.60761082e-01
    -2.77128041e-01 -2.87238061e-01 -6.64231777e-01 -1.84007645e-01
    -7.96691358e-01 -4.86776590e-01 -5.67954004e-01 -6.67641163e-01
    -1.73590004e-01 -2.23915100e-01 -8.05653334e-01 -9.72691178e-01
    -3.71518552e-01 -3.80048513e-01 -6.90663755e-01 -7.33148098e-01
    -7.36277819e-01 -5.35704315e-01 -1.73876584e-01 -5.22049069e-01
    -1.91938400e-01 -6.30357385e-01 -8.03098917e-01 -3.41450214e-01
    -9.01537895e-01 -4.75572258e-01 -9.68618393e-01 -9.63878036e-02
    -2.65745938e-01 -2.26142168e-01 -1.04201639e+00 -3.83328557e-01
    -5.23449302e-01 -7.25782692e-01 -8.64315629e-02 -9.05089200e-01
    -2.02539206e-01 -3.82995546e-01 -8.92687619e-01 -1.84834301e-01
    -8.40292096e-01 -2.42905617e-02 -4.10860419e-01 -6.68217421e-01
    -4.37135339e-01 -4.94284451e-01 -7.93283939e-01 -3.82470727e-01
    -4.84310567e-01 -8.60147476e-01 -3.20087075e-01 -5.14965296e-01
    -9.03878808e-01 -7.55061507e-01 -2.95071006e-02 -5.24232864e-01
    -2.09626675e-01 -2.96028137e-01 -1.24818325e-01 -9.37999487e-01
    -4.66731787e-01 -4.22039270e-01 -9.65801835e-01 -2.40292490e-01
    -8.91622305e-02 -8.12187791e-01 -3.88433993e-01 -2.09422588e-01
    -2.82825768e-01 -7.45802045e-01 -2.88064778e-01 3.26025486e-02
    -8.02677512e-01 -7.53300667e-01 -5.76640129e-01 -3.34823668e-01
    -6.80784166e-01 -3.00136685e-01 -2.29258299e-01 -4.70239699e-01
    -9.19401288e-01 -1.61522269e-01 -2.65025258e-01 -1.09899247e+00
    -4.36856151e-01 -1.78741336e-01 -9.45751667e-02 -3.11891675e-01
    -6.68772578e-01 -8.24996233e-01 -1.79627240e-01 -7.99702287e-01
    -4.51924145e-01 -1.65985882e-01 -2.84094334e-01 -2.31298506e-01
    -4.32491601e-01 -2.04083741e-01 -6.69471443e-01 -6.10758841e-01
    -5.30746937e-01 -4.32264805e-01 -2.81859875e-01 -6.85859919e-01
    -9.67401505e-01 -8.46599936e-01 -7.87171364e-01 -6.38218999e-01
    -3.08974504e-01 -3.32652688e-01 -6.66655660e-01 -7.30327666e-01
    -5.60418546e-01 -1.00820351e+00 -3.26995075e-01 5.38480282e-03
    -7.36867905e-01 -7.49606967e-01 -8.38912964e-01 -4.59964961e-01
    -4.11832631e-01 -7.67168880e-01 -7.70348907e-01 -7.90524006e-01
    -8.76738548e-01 -6.37123585e-02 -5.85260153e-01 -7.07802892e-01
    -4.74873245e-01 -9.21880245e-01 -2.05464721e-01 -7.32301831e-01
    -7.79072046e-01 -3.98934364e-01 -7.54119992e-01 -5.61898530e-01
    -6.06148839e-01 -1.86976850e-01 -8.21584821e-01 -5.57109952e-01
    -8.16608191e-01 -4.82475460e-01 -5.32701254e-01 -2.19937563e-01
    -7.39905357e-01 -3.68824005e-01 -8.90290737e-01 -3.66867781e-01
    -8.51141512e-01 -9.28453684e-01 -6.21353030e-01 -1.49026453e-01
    -9.02422965e-01 -6.65493429e-01 -6.23021722e-01 -8.48691404e-01
    -1.04824126e-01 -7.37275243e-01 -9.31742072e-01 -6.98605895e-01
    -3.44312191e-03 -3.44325125e-01 -2.36128211e-01 -5.89541912e-01
    -3.40629816e-02 -6.09240294e-01 -4.36140358e-01 -8.34610462e-01
    -6.33950710e-01 -3.06950033e-01 -2.96966732e-01 -1.99852347e-01
    -4.67262685e-01 -4.52365160e-01 -3.27528298e-01 -1.48641944e-01
    -8.02273691e-01 -9.06883538e-01 -3.59623611e-01 -8.13139737e-01
    -5.06552458e-01 -6.17864251e-01 -8.70164037e-02 -6.50132775e-01
    -6.03785276e-01 -7.01225638e-01 -3.55221272e-01 -5.82471371e-01
    -6.13116145e-01 1.27675891e-01 -4.91795093e-01 2.84303337e-01
    3.27311218e-01 -5.99048555e-01 7.77288079e-02 -5.68219066e-01
    -5.48375964e-01 -5.92792451e-01 -9.17438149e-01 -6.77727103e-01
    -7.92901993e-01 -1.72576010e-01 -1.91071093e-01 -4.30641055e-01
    -6.24850035e-01 -1.53781772e-01 -3.14978540e-01 -1.15404963e-01
    -7.28808641e-02 -8.27987850e-01 -7.75333822e-01 -7.81210065e-01
    -1.37189984e-01 -8.19990396e-01 -4.92044747e-01 -3.12184155e-01
    -7.68821120e-01 -1.05184555e-01 -2.50536561e-01 -7.71556377e-01
    -8.27889383e-01 -6.46402717e-01 -8.58162761e-01 1.78807974e-02
    -4.83595759e-01 -6.74098730e-01 -4.23099458e-01 -4.88245487e-02
    -6.88328087e-01 -5.88959694e-01 -1.00530672e+00 -7.44683027e-01
    -6.74475372e-01 -2.82790244e-01 -6.40446067e-01 -6.30857468e-01
    -6.69848919e-01 -3.57607633e-01 -7.17568040e-01 -9.56763625e-02
    -5.79104662e-01 -1.48503780e-02 -2.80332565e-02 -7.64540374e-01
    -4.97419834e-02 -7.96824813e-01 -3.51170778e-01 -9.30884242e-01
    -3.90818417e-01 -2.14021146e-01 -1.55605197e-01 -6.68523312e-01
    -3.80201340e-02 -8.93608451e-01 -6.53867126e-02 -8.24223340e-01
    -3.40346456e-01 -9.14000869e-02 -3.71439397e-01 -6.28314495e-01
    -5.53074419e-01 -5.46658397e-01 -2.96610653e-01 -5.45411944e-01
    -5.47653913e-01 -3.08721125e-01 -9.19101715e-01 -1.30316019e-01
    -8.56954694e-01 -2.08769679e-01 -1.52550876e-01 -6.21499538e-01
    -1.59377277e-01 -1.43240631e-01 -8.33828449e-02 -8.34578276e-03
    -8.71060729e-01 -7.28088856e-01 -1.30198538e-01 -3.27765584e-01
    -5.12477100e-01 -4.08411205e-01 -7.37066925e-01 -8.38584900e-01
    -3.23422074e-01 -4.90253747e-01 -8.73468578e-01 -1.51666045e-01
    -2.72607982e-01 -5.14145672e-01 -1.92005217e-01 -4.75653499e-01
    -5.45222044e-01 -8.09272528e-02 -7.43496478e-01 -2.73986161e-01
    6.77919388e-03 -6.91662431e-02 -7.05933213e-01 -6.81536794e-02
    -8.94466996e-01 -5.77808857e-01 -1.20082378e-01 -3.02422106e-01
    -8.83518577e-01 2.64996290e-03 -8.31638217e-01 -1.27164781e-01
    -5.31688809e-01 -2.83224404e-01 -2.23369479e-01 -8.86996508e-01
    -1.01795876e+00 -4.90414679e-01 -7.08257258e-01 -5.82427561e-01
    -3.13563585e-01 -2.93105662e-01 -5.28589129e-01 5.87522984e-03
    -3.92729580e-01 -7.27285624e-01 -5.31288147e-01 -8.20466340e-01
    -2.82281578e-01 -4.58782434e-01 -7.47585535e-01 -8.13225925e-01
    -9.61986184e-02 -1.24796093e-01 -4.86853242e-01 -6.00395203e-01
    -8.48423719e-01 -6.69773519e-01 -2.96237886e-01 -1.49058640e-01
    -5.59940875e-01 -2.25502610e-01 -3.67980421e-01 -3.89455140e-01
    -3.12298894e-01 -3.51072788e-01 -2.07634330e-01 -3.52793336e-01
    -3.85432065e-01 -8.37597966e-01 -8.05653095e-01 -6.41112447e-01
    -8.38257432e-01 -6.25737190e-01 -3.85552168e-01 -9.36639428e-01
    -7.04234838e-01 -3.65825474e-01 -5.64688206e-01 -5.87921143e-01
    -6.97215557e-01 -9.22317266e-01 -3.54650855e-01 -1.88421130e-01
    -8.69230032e-02 -1.93041444e-01 -3.09514880e-01 -4.59549308e-01
    -6.15118623e-01 -2.61906385e-01 -7.21498966e-01 -6.06936336e-01
    -4.98592198e-01 -2.98328698e-01 -1.66360140e-02 6.55221939e-03
    -4.48046088e-01 -7.46557236e-01 -8.02075505e-01 -5.49868941e-02
    -6.39399111e-01 -2.64812410e-01 -3.75013024e-01 -4.21479344e-01
    -5.20258248e-01 -6.26213014e-01 -9.34184611e-01 -6.34620190e-02
    -5.46247721e-01 -6.26860857e-02 -4.26131427e-01 -7.37338185e-01
    -4.46276844e-01 -1.72692180e-01 -4.75357652e-01 -5.86440444e-01
    -4.59793895e-01 -4.58478928e-01 -4.96437550e-01 -5.98109484e-01
    -2.33885586e-01 -3.67359877e-01 -4.39544976e-01 -5.94629288e-01
    -4.43284869e-01 -3.51093173e-01 -4.25022721e-01 -6.75703824e-01
    -1.44699454e-01 -1.35532498e-01 -9.29010391e-01 -5.10924578e-01
    -9.89620686e-01 -5.72858930e-01 -8.45370650e-01 -1.36388540e-01
    -6.40029728e-01 -4.02548850e-01 -5.02431095e-01 -3.20445418e-01
    -7.53482819e-01 -6.74890101e-01 -6.30795538e-01 -9.98148203e-01
    -5.56005478e-01 -5.02107263e-01 -1.26149058e-01 -5.81809163e-01
    -4.35223520e-01 -2.92882562e-01 -1.02594209e+00 -4.45735335e-01
    -7.92941809e-01 -9.89670396e-01 -7.72333503e-01 -5.79968333e-01
    -5.11481702e-01 -1.58189714e-01 -8.57033849e-01 -8.01019311e-01
    -2.07785666e-01 -5.57628155e-01 -4.14581835e-01 -1.58631861e-01
    -8.33011508e-01 -5.19270778e-01 -9.34345663e-01 6.43527508e-02
    -6.12766862e-01 -4.15120363e-01 -6.15477681e-01 1.25173450e-01
    -4.42244351e-01 -7.92672038e-02 -4.99750853e-01 -2.33444929e-01
    -2.84336865e-01 -9.24189568e-01 -5.78978062e-01 -5.96091747e-01
    5.38706779e-04 -6.91812038e-01 -2.55175054e-01 -1.29807353e-01
    -7.32069731e-01 -6.07441664e-02 -9.81853068e-01 -8.44166279e-01
    -7.65195370e-01 -5.05351961e-01 -7.51077235e-01 -1.99369133e-01
    -3.83054256e-01 -3.48897815e-01 -7.44257808e-01 -6.12348318e-01
    -2.65789211e-01 -7.39903390e-01 -1.90209508e-01 -5.64522147e-01
    -2.84063756e-01 -6.03658676e-01 -1.72115624e-01 -3.04284930e-01
    -4.92302269e-01 -9.78745937e-01 -1.27569199e-01 -4.45613444e-01
    -1.49393976e-01 -2.13005304e-01 -1.43837214e-01 -5.54061115e-01
    -7.72234797e-02 -3.93406749e-02 -7.26330519e-01 -6.93352640e-01
    -1.74897552e-01 -7.41411686e-01 -8.49683404e-01 -5.84966481e-01
    -2.95322359e-01 -5.82192123e-01 -3.23114932e-01 -5.92833996e-01
    -4.62807566e-01 -4.03659940e-02 -3.79895091e-01 -6.17200077e-01
    -1.49129450e-01 -7.76420116e-01 -4.05202270e-01 -9.37639892e-01
    -6.62476718e-01 4.62269783e-03 -9.36610460e-01 -1.08722091e-01
    -4.57602203e-01 -4.73539799e-01 -3.64705861e-01 -7.38430440e-01
    -4.67960149e-01 -1.74205542e-01 -4.62826908e-01 -3.53922784e-01
    -9.51006532e-01 -3.00738752e-01 -4.36732888e-01 -4.00516927e-01
    -4.16037798e-01 -4.64496315e-01 -8.21242332e-01 -7.81900406e-01
    -6.46511972e-01 -7.35285521e-01 -8.43896389e-01 -8.28224182e-01
    -5.28183222e-01 -3.48317206e-01 -6.00082457e-01 -4.08692658e-01
    -8.26654911e-01 -5.65473557e-01 -1.82421207e-02 -2.01036572e-01
    -4.93038654e-01 -1.98918581e-01 -7.41639674e-01 -7.74290562e-02
    -5.70061684e-01 -3.76858413e-01 -9.18073058e-01 -4.77599263e-01
    -2.90802717e-02 -7.34304309e-01 -4.60118771e-01 -2.68394828e-01
    -8.31579447e-01 -9.08965230e-01 -1.43277526e-01 -5.18513918e-01
    -6.11169875e-01 -8.08433652e-01 -8.40912938e-01 -3.85062814e-01
    -2.69615889e-01 -3.65375221e-01 -3.31341386e-01 -4.51570749e-01
    -6.48904800e-01 -1.50770128e-01 -5.90140641e-01 -4.53376889e-01
    -5.37718236e-01 -3.90705347e-01 -4.73673940e-01 -2.78449655e-01
    -6.05281949e-01 -8.32270563e-01 -2.93801665e-01 -1.10298514e-01
    -5.74417353e-01 -2.96542406e-01 -7.99801350e-01 -3.18420112e-01
    -6.80355668e-01 -6.00039124e-01 -6.81117713e-01 -9.03419495e-01
    -7.33767927e-01 -6.03145599e-01 -8.35421383e-01 -5.16408265e-01
    -8.35248768e-01 -7.57707357e-01 -3.10712516e-01 -1.47350729e-01
    -1.69639349e-01 -6.66775465e-01 -8.82616878e-01 -4.27260637e-01
    -7.84057736e-01 -9.55246806e-01 -5.76812029e-01 -4.78514791e-01
    -1.37256742e-01 -9.60486174e-01 -5.85954189e-01 -7.68549204e-01
    -6.94307089e-01 -4.81561542e-01 -7.21984148e-01 -4.65468317e-01
    -7.44257808e-01 -8.87684345e-01 -7.00973988e-01 9.29481387e-02
    -5.54779410e-01 -9.08156753e-01 -9.19032037e-01 -3.08121562e-01
    -8.30404878e-01 -1.43397927e-01 -6.24668360e-01 -1.13238752e-01
    -3.31884444e-01 -4.51766014e-01 -3.89629722e-01 -5.53281069e-01
    -7.62766957e-01 -1.88251078e-01 -2.18073964e-01 -7.25237370e-01
    -4.30249900e-01 -6.30150676e-01 1.74820423e-04 -7.08179235e-01
    -7.75669336e-01 -2.96857595e-01 -1.75954223e-01 -6.41592741e-02
    -9.02209580e-01 -3.97466421e-02 -3.73662770e-01 -1.59924328e-01
    -5.21123528e-01 -2.28039563e-01 -7.54221916e-01 -4.36207056e-02
    -6.00824118e-01 -7.69501209e-01 -3.33638906e-01 -7.82490849e-01
    -8.97677839e-01 -1.35246515e-01 -7.94137061e-01 -6.96938038e-01
    -1.93740129e-02 -8.72351050e-01 -7.08880663e-01 -6.26154244e-01
    -7.08216906e-01 -3.14548254e-01 -4.74435508e-01 -9.57875490e-01
    -1.70103192e-01 -7.17203021e-01 -4.37833548e-01 -9.77191925e-02
    -7.94854999e-01 -1.56888843e-01 -2.04318166e-01 -5.60535908e-01
    -3.83823812e-01 -1.94777966e-01 -2.94899046e-01 -6.57023072e-01
    -3.10326159e-01 -6.82081580e-01 -1.93101704e-01 -4.01443005e-01
    -1.59971476e-01 -2.34420300e-01 -2.56261170e-01 -4.06148553e-01
    -7.38930285e-01 -2.27742314e-01 -4.61254895e-01 -8.30518126e-01
    -9.20917392e-02 -2.69344509e-01 -9.01353002e-01 -2.16436207e-01
    -5.71803808e-01 -9.86757874e-02 -7.64792442e-01 -7.22148418e-02
    -8.54432344e-01 2.50260234e-02 -5.84274650e-01 -7.65288115e-01
    -8.23468208e-01 -1.24527752e-01 -8.91778350e-01 -1.94849133e-01
    -8.33127618e-01 -1.19704545e-01 -1.13122821e-01 -3.72757822e-01
    1.58236265e-01 -7.15234756e-01 -1.35264575e-01 -7.03885734e-01
    -6.98808789e-01 -6.34542823e-01 -7.40388036e-01 -3.04186463e-01
    -6.61053002e-01 -2.93596327e-01 -6.33274734e-01 -9.63035524e-01
    -8.43084455e-01 -6.70754671e-01 -4.52312708e-01 -8.34922731e-01
    -6.08996153e-02 -6.03058338e-01 -3.86038661e-01 -2.07069278e-01
    -9.43421245e-01 -9.39069927e-01 -8.92354131e-01 -8.98605347e-01
    -9.81038332e-01 -3.88732672e-01 -1.16108298e-01 -1.24520183e-01
    -2.93301225e-01 9.00167227e-03 -5.57398915e-01 -8.74811172e-01
    -5.94633579e-01 -9.28714633e-01 -1.35715723e-01 -4.32994783e-01
    -3.63140225e-01 -7.80009985e-01 -4.00325835e-01 -2.22911954e-01
    -6.55391812e-01 5.06530404e-02 -1.12678230e-01 -9.87315178e-02
    -6.15455687e-01 -6.96301758e-01 -2.46394098e-01 -4.07107592e-01
    -6.22803926e-01 -2.32880592e-01 -8.71728063e-01 -4.17086959e-01
    -7.24721670e-01 -4.27638113e-01 -6.85595870e-01 -4.24896479e-02
    -7.19469249e-01 -2.33749807e-01 -4.54775929e-01 -6.84667706e-01
    -8.30342889e-01 -4.18181062e-01 -4.85697389e-01 -3.13127697e-01
    -1.70734704e-01 -5.41208744e-01 -7.70518184e-01 -6.94405973e-01
    -7.39516258e-01 3.12996507e-02 -3.36922884e-01 -4.53330457e-01
    -8.45181048e-01 -6.94348454e-01 -1.67408645e-01 -2.49106526e-01
    -6.47780776e-01 -6.14546955e-01 -3.99755836e-01 -1.22671962e-01
    -8.10909867e-01 -3.67925167e-02 -4.72581625e-01 -8.63585353e-01
    -8.41386318e-02 -8.72823000e-02 -5.78474998e-02 -3.44667077e-01
    -8.47705483e-01 -3.64458203e-01 -5.29990792e-01 -6.22607768e-01
    -2.25241542e-01 -3.41910899e-01 -8.54824007e-01 -8.73753607e-01
    -9.64927673e-02 -8.38828981e-01 -2.02339172e-01 1.19208694e-02
    -8.17226291e-01 -3.48921418e-02 -1.33687258e-01 -7.99455523e-01
    -1.70021653e-02 -4.69353199e-01 -7.55630255e-01 -8.13624263e-02
    -4.24581766e-02 -3.18447828e-01 -2.53360093e-01 -8.00810814e-01
    -8.05755734e-01 -5.76997161e-01 -6.11488879e-01 -4.67697144e-01
    -1.46677434e-01 -2.38164306e-01 -2.26073384e-01 -9.52763677e-01
    -2.51869619e-01 -6.58198297e-01 -3.14558029e-01 -3.17818940e-01
    -5.75268328e-01 -1.80479109e-01 -6.11520052e-01 -6.51522160e-01
    -8.15352201e-01 -3.47766042e-01 -7.85500884e-01 -6.31648898e-02
    8.66782665e-03 -5.34007430e-01 -6.16291761e-02 -1.56122267e-01
    -7.79687643e-01 3.51245403e-02 -3.47719848e-01 -9.04536545e-01
    -7.51480103e-01 -7.81862378e-01 -2.12416053e-01 -2.24838138e-01
    -1.06301904e+00 -4.06980515e-01 -6.54341638e-01 -7.50852942e-01
    -6.04340672e-01 -7.95452297e-01 -1.33320689e-02 -8.70506406e-01
    -4.57371473e-02 -5.90478659e-01 -4.70854312e-01 -7.53228664e-02
    -1.78783894e-01 -7.93647766e-01 -3.84901643e-01 -2.23430991e-02
    -7.83399820e-01 -5.43681562e-01 -1.65504932e-01 -1.16316676e-01
    -3.53352189e-01 6.27076626e-03 -3.85937035e-01 -3.47734690e-02
    -2.49050736e-01 -9.36586380e-01 -4.26952720e-01 -3.12574983e-01
    -2.58520186e-01 -6.94627523e-01 -7.24698424e-01 -2.70932138e-01
    -8.50368500e-01 -7.51587629e-01 -7.43202865e-01 -3.23327720e-01
    -3.86047602e-01 -7.28156805e-01 -1.42170191e-02 -1.87980533e-01
    -7.48746514e-01 -5.44135749e-01 -4.26435262e-01 -6.64649189e-01
    -1.82585180e-01 -7.15448976e-01 -6.80595636e-01 -1.13780439e-01
    -5.66045940e-01 -4.93504822e-01 -3.99219990e-01 -8.08826864e-01
    -8.09911370e-01 -1.74522817e-01 -4.51963961e-01 -7.69933462e-02
    -5.92432857e-01 -4.74553108e-02 -6.16705656e-01 -8.89717281e-01
    -1.26662493e-01 -8.58827353e-01 -5.12255669e-01 -7.20796704e-01
    -5.30904531e-01 -4.37877297e-01 -9.76879060e-01 -3.37137461e-01
    -3.01656663e-01 -7.81333268e-01 -1.45165682e-01 -3.51079583e-01
    -7.79830575e-01 -5.86435080e-01 -7.92820454e-02 -4.43176627e-02
    -7.31290877e-01 -1.94324434e-01 -8.33153844e-01 -7.05397248e-01
    -8.03177476e-01 -6.08255088e-01 -4.35014486e-01 -4.35487032e-02
    -7.24879920e-01 -3.90806556e-01 -9.21319902e-01 -4.36069191e-01
    -6.11561775e-01 -2.50768363e-01 -5.57943344e-01 -6.07434154e-01
    -2.87747025e-01 -7.27129757e-01 -8.38089585e-01 -5.26987076e-01
    -6.25360489e-01 3.93878222e-02 -8.44442427e-01 -8.09647799e-01
    -5.34031391e-01 -4.73475158e-01 -3.29685390e-01 -1.06673837e-01
    -3.26448679e-01 -2.07006574e-01 -4.52536345e-02 -8.17135334e-01
    -4.23204184e-01 -1.43471956e-02 -3.35140824e-01 -8.86234343e-02
    -3.74640107e-01 -1.00352824e-01 -1.80460691e-01 -3.53782296e-01
    -5.17919481e-01 -2.45717645e-01 -6.71879709e-01 -2.69269645e-01
    -3.11962783e-01 -2.67789602e-01 -8.82922173e-01 -7.49677956e-01
    -2.08690703e-01 -5.13008952e-01 -3.40379953e-01 -1.78328395e-01
    -4.93717134e-01 -7.06926227e-01 -7.25696325e-01 -1.27678037e-01
    -2.27339625e-01 -3.38395059e-01 -6.93671167e-01 -2.99177289e-01
    -2.45620847e-01 -8.68105412e-01 -8.60417008e-01 -8.60652268e-01
    -7.24140763e-01 -7.32389510e-01 1.01947784e-03 -8.29792857e-01
    4.47863340e-03 -6.17660284e-02 -8.19150031e-01 -7.88121819e-02
    -3.33294392e-01 -6.44910276e-01 -1.17156744e-01 -7.55512595e-01
    -9.75617528e-01 -7.55160928e-01 -6.85109735e-01 -5.48837841e-01
    -7.71719813e-01 -8.24007034e-01 -1.99035943e-01 -3.95382643e-02
    -3.96584451e-01 -9.45521712e-01 -6.00242138e-01 -5.45512319e-01
    -8.41407418e-01 -7.41857052e-01 -9.05882359e-01 -5.55552006e-01
    -1.15277767e-01 -1.06746793e-01 -8.42312217e-01 -5.95259249e-01
    -5.00776231e-01 -6.07453346e-01 -3.94099891e-01 -1.51056826e-01
    -5.91718674e-01 -8.66741121e-01 -3.79846156e-01 -8.00197482e-01
    -2.55245924e-01 -7.76954293e-02 -8.18708181e-01 -7.73572981e-01
    -3.38120818e-01 -8.89791846e-01 -1.63843393e-01 -5.78462243e-01
    -5.45427799e-02 -8.29536915e-01 -8.68598223e-01 -1.23675942e-01
    -5.52568913e-01 -5.73214412e-01 -7.18796849e-01 -2.58142531e-01
    -5.12076020e-01 -7.01271057e-01 -7.08372593e-01 -3.55362773e-01
    -1.45044267e-01 -8.27994049e-01 -5.09706616e-01 -1.60298645e-01
    -8.91925216e-01 -8.53626251e-01 -5.56693792e-01 -9.89125550e-01
    -8.20569396e-01 -6.67609215e-01 -2.84208119e-01 -4.68797445e-01
    -7.40227580e-01 -1.29066288e-01 -4.66318846e-01 -2.25653529e-01
    -9.21985626e-01 -5.01233339e-01 -7.90403962e-01 -7.21805453e-01
    -1.26492679e-01 -8.38592052e-02 -1.09834075e-01 -3.19513679e-02
    -8.46253932e-01 -7.47144222e-01 -2.15323031e-01 -9.93512034e-01
    -4.67727363e-01 -7.40073204e-01 -6.61293387e-01 -3.19239974e-01
    -1.06913090e-01 -6.56272769e-01 -8.00882936e-01 -2.56672442e-01
    -2.66850054e-01 -3.85339499e-01 -1.64876938e-01 -5.23776233e-01
    -8.75074685e-01 -3.51462007e-01 -3.98850262e-01 -5.91849148e-01
    -7.77092576e-01 -2.59046733e-01 -5.10560513e-01 -8.58831167e-01
    -3.20840895e-01 -5.55997610e-01 -1.74452603e-01 -8.20507169e-01
    -7.32761741e-01 -4.45697308e-02 -1.94383025e-01 -1.17107689e-01
    -3.48211050e-01 -8.59240949e-01 -1.98786855e-01 -8.91175508e-01
    -1.04021430e-02 -4.92662430e-01 -6.59524441e-01 -6.38707936e-01
    -1.93658292e-01 -4.61675584e-01 -5.30262589e-01 -8.33357573e-02
    -4.11686778e-01 -7.25035548e-01 -6.01502061e-01 -1.82873785e-01
    -1.10713243e-01 -7.22774863e-01 -6.10052228e-01 -4.73563731e-01
    -7.77019501e-01 -3.52020323e-01 -4.43953574e-01 -5.20282269e-01
    -1.50341809e-01 -9.90150928e-01 -4.45452094e-01 -5.23192465e-01
    -6.38411939e-01 -7.58108616e-01 -6.16325319e-01 -8.78621221e-01
    9.90790129e-03 -7.55462170e-01 -2.82094598e-01 -7.94569969e-01
    -2.57093430e-01 -4.84250128e-01 -6.51770949e-01 -2.73169279e-01
    -4.90005195e-01 -1.53129697e-02 6.67528510e-02 -3.40184093e-01
    -8.84843349e-01 3.21206450e-02 -7.65419960e-01 -9.13935661e-01
    -2.56092012e-01 -2.51002431e-01 -7.80667663e-01 -9.17851925e-01
    1.74937248e-02 -3.93762231e-01 9.08380747e-03 -4.41445231e-01
    -1.66919947e-01 -6.21438801e-01 -3.65437567e-01 -7.87703574e-01
    -7.83384800e-01 -2.00771034e-01 -3.29568326e-01 -4.71956730e-01
    -1.47971749e-01 -9.05811071e-01 -8.50862384e-01 -1.54971898e-01
    -7.87873507e-01 -1.61657631e-01 -1.02644491e+00 -5.64070880e-01
    -3.25262725e-01 -2.82108665e-01 -3.04280758e-01 -9.39368844e-01
    -1.37820601e-01 -9.83340740e-02 -4.89278764e-01 -3.00224721e-01
    -7.35189140e-01 -2.68747509e-01 -9.47524250e-01 -4.44000959e-01
    -6.37698770e-01 -2.17786372e-01 -4.60954130e-01 -6.36002183e-01
    -4.49132442e-01 -5.64142764e-01 -9.08155680e-01 -6.51478887e-01
    -3.51835489e-02 -9.15275335e-01 -1.00537717e-01 -2.33120739e-01
    -3.40490878e-01 -6.40999794e-01 -8.42034817e-03 -7.72011280e-01
    -5.54975688e-01 -7.21558928e-02 -6.59246087e-01 -3.59995425e-01
    -1.98201418e-01 -6.22030377e-01 -1.82890892e-01 -3.27275813e-01
    -2.72736430e-01 -2.60169983e-01 1.87265813e-01 -1.69909120e-01
    -1.99710071e-01 -6.37499690e-02 -3.56033981e-01 -9.58747447e-01
    -3.69577408e-01 -2.17891097e-01 -7.15301394e-01 -9.59749222e-01
    -6.20024621e-01 -8.41627181e-01 -1.18914127e-01 -3.62819433e-02
    -3.79611671e-01 -3.51796091e-01 -6.81886673e-01 -8.82822275e-02
    -6.45346761e-01 -9.15886223e-01 -9.97083187e-02 -7.71618128e-01
    -4.59158659e-01 -4.56769884e-01 -1.35591507e-01 -2.49638438e-01
    -4.47045445e-01 -5.53218842e-01 -8.99418235e-01 -5.69220960e-01
    -4.22722578e-01 -4.92664337e-01 -7.30253220e-01 -4.96318728e-01
    -2.58930683e-01 -7.27505565e-01 -5.54196119e-01 -9.19193804e-01
    -7.81507313e-01 -9.75600958e-01 -4.91066098e-01 -1.56957507e-01
    -7.43675649e-01 -7.62148023e-01 -8.27194512e-01 -4.46132302e-01
    -9.06051159e-01 -5.86521387e-01 -4.79319036e-01 -3.18174303e-01
    -7.28512406e-02 -8.61452222e-01 -9.89156365e-01 -9.62757230e-01
    -4.34913337e-01 -4.32625592e-01 -1.16684556e-01 -3.39418769e-01
    -4.42266226e-01 -2.84467101e-01 -5.34134328e-01 -5.26511073e-01
    -1.97886229e-02 -3.56813073e-01 -6.32890046e-01 -2.17170537e-01
    -1.56500340e-01 -3.47104132e-01 -8.20353150e-01 -9.74045992e-02
    -3.13684821e-01 -8.68386984e-01 -3.88806462e-01 -2.47528732e-01
    -8.06373835e-01 -2.68373311e-01 -1.59427702e-01 -4.48799908e-01
    -1.61072195e-01 -1.50003612e-01 -5.17636836e-01 -2.08675861e-04
    -7.49527454e-01 -1.89596415e-01 -6.53176844e-01 -3.46063256e-01
    -4.48987067e-01 -2.59417534e-01 -9.57700849e-01 -5.32912135e-01
    -9.74792242e-03 -9.25202549e-01 -1.00144386e+00 -3.57257068e-01
    -8.74082088e-01 -1.00637913e-01 -1.22532904e-01 -8.59520435e-02
    -4.02920485e-01 -8.50838780e-01 -5.79323709e-01 -2.37131715e-02
    -8.11380208e-01 -9.29155111e-01 -4.89934415e-01 -4.98391628e-01
    -5.25958836e-01 -7.01829493e-01 -3.10066462e-01 -5.80300927e-01
    -8.28896523e-01 -1.02191091e+00 -4.63059843e-01 -3.99150908e-01
    -1.22515678e-01 -6.11524045e-01 -6.33553624e-01 -6.97289348e-01
    -5.24212480e-01 -6.35025263e-01 -1.96468532e-01 -3.59653354e-01
    -8.10266554e-01 -3.12057376e-01 -1.00094247e+00 -4.21901882e-01
    -5.92835307e-01 -4.00367022e-01 -2.86036611e-01 -2.50418961e-01
    -6.60226107e-01 -5.85670590e-01 3.31330299e-03 -8.80451560e-01
    -3.95160615e-01 -4.78297472e-03 -3.73968661e-01 -6.76229000e-01
    -1.10620081e-01 -8.39110374e-01 -1.74647868e-01 -4.29147065e-01
    -2.60165274e-01 -2.85969496e-01 -9.17965412e-01 -8.34128380e-01
    -3.61217141e-01 -6.31739616e-01 -4.19790745e-02 -3.40891480e-02
    -9.71351922e-01 -8.11506152e-01 -8.46150935e-01 -4.50354278e-01
    -4.21086013e-01 -2.89118171e-01 -6.76626980e-01 -1.36570215e-01
    -5.23335934e-01 -3.43078971e-02 -2.23824382e-01 -7.91737974e-01
    -3.76415670e-01 -3.01534474e-01 -8.88078213e-01 -5.46157718e-01
    -5.31501293e-01 -2.71845460e-01 -5.67726195e-01 -4.69248146e-01
    -8.51790965e-01 -5.36239862e-01 -4.77895617e-01 -2.68832743e-01
    -2.98699617e-01 -1.76833391e-01 -1.31058753e-01 -7.31624901e-01
    -4.61242199e-02 -8.48895431e-01 -4.71900105e-02 -2.70361900e-02
    -4.93133783e-01 -4.86359447e-01 -2.36243010e-03 -7.05084920e-01
    -7.46292353e-01 -8.46977532e-01 -4.35519218e-03 -1.17905974e-01
    -8.71383429e-01 -1.51196957e-01 -8.91238809e-01 -2.08712280e-01
    -9.48990583e-02 -1.10163331e-01 -6.11259758e-01 -2.85656571e-01
    -7.71593332e-01 -7.52723277e-01 -9.89973545e-04 -7.52579570e-02
    -5.45178056e-02 -7.74405718e-01 -4.10385489e-01 -5.09368360e-01
    -7.26664424e-01 -9.56254780e-01 -1.32814407e-01 -1.11290872e-01
    -5.91913700e-01 -1.14478588e-01 -4.91355598e-01 -4.13845539e-01
    -2.76754618e-01 -3.86517227e-01 -8.85384440e-01 -2.81181693e-01
    -8.59383583e-01 -4.85999942e-01 -5.29897928e-01 -7.04523683e-01
    -9.75791335e-01 -4.29812253e-01 -7.11299777e-01 -8.37993622e-01
    -3.54764462e-02 -7.54246473e-01 -4.23636794e-01 -2.55506456e-01
    -5.38569987e-01 -5.43008924e-01 -1.71948433e-01 -7.87629128e-01
    -1.57048106e-01 -9.39290226e-01 -2.23753273e-01 -2.65498757e-01
    -5.09722471e-01 -4.16205227e-01 -6.15408182e-01 -2.60980248e-01
    -7.13927627e-01 -4.26975161e-01 -7.17376649e-01 -6.36065483e-01
    -4.10854429e-01 -7.36861229e-02 -2.45649815e-02 -6.19806230e-01
    -3.60440552e-01 -5.69082022e-01 -4.95629311e-02 -3.80871475e-01
    -4.57296222e-01 -5.32981157e-01 1.21793091e-01 -9.93283987e-02
    2.12142527e-01 -2.53127575e-01 -5.96723557e-02 -1.33297622e-01
    -1.62181139e-01 -5.75629473e-01 -6.80456161e-02 -5.87379038e-01
    -3.29205871e-01 -5.79623103e-01 -4.20710385e-01 -3.99167538e-01
    -4.51415539e-01 -8.58589411e-02 -9.97344613e-01 -7.59089530e-01
    -7.60442853e-01 -7.57997036e-02 -2.55772233e-01 -8.43778491e-01
    -1.99232519e-01 -2.73336172e-01 -3.92847538e-01 -1.01486707e+00
    -8.67360830e-02 -9.67850089e-02 -1.72707796e-01 -4.40967500e-01
    -2.26224065e-01 -8.34277868e-01 -7.58292079e-01 -8.92162979e-01
    -3.38295996e-01 -3.31783891e-02 -8.91369462e-01 -3.16637695e-01
    -2.68695116e-01 -1.13776207e-01 -4.15127456e-01 -3.25161994e-01
    -6.28039479e-01 -1.44767106e-01 -1.02373016e+00 -1.33447289e-01
    -2.64387727e-01 -6.13793194e-01 -4.83770788e-01 -2.18048573e-01
    -1.02066755e+00 -1.04171038e-01 -9.35174227e-02 -4.61951256e-01
    -2.36581564e-01 -8.85052204e-01 -6.04345798e-02 -8.12946022e-01
    -7.81784296e-01 -8.09383035e-01 -6.08807862e-01 -8.12727213e-01
    -4.91399467e-01 -9.79706168e-01 -6.34068549e-01 -1.09216630e-01
    -6.17839158e-01 -7.34387994e-01 -9.38091636e-01 -6.26844287e-01
    -5.21836042e-01 -2.71803021e-01 -2.80318618e-01 -2.08072901e-01
    -8.16810966e-01 -7.47187138e-02 -4.58129942e-01 -8.37693870e-01
    -3.58275056e-01 -3.10938597e-01 -6.52492046e-03 -7.82271564e-01
    -4.42281067e-01 -4.86960202e-01 -2.19289720e-01 -7.96112955e-01
    -1.11978650e-01 -5.16291499e-01 -5.79998493e-02 -6.58196926e-01
    -8.32950532e-01 -1.74969077e-01 -3.10100794e-01 -4.06728566e-01
    -8.15934181e-01 -5.41935802e-01 -7.90925741e-01 -6.50935292e-01
    -2.19872475e-01 -5.37099242e-01 -1.94810808e-01 -9.58134055e-01
    -5.86544812e-01 -7.87142217e-01 -6.75995946e-01 -3.37633848e-01
    -3.43240321e-01 -7.28270411e-01 -5.97807169e-02 -5.48266828e-01
    -3.25351000e-01 -4.14005160e-01 -8.58418107e-01 -1.41621530e-01
    -7.90730834e-01 -4.23160732e-01 -3.67198348e-01 -1.62876248e-01
    -5.52788377e-02 -4.97191966e-01 -9.08627152e-01 -9.57273960e-01
    -4.45909023e-01 -9.11550045e-01 -4.55112457e-01 -3.01457763e-01
    -4.94691789e-01 -2.34087110e-01 -9.37954843e-01 -2.81140208e-02
    -3.41402471e-01 -9.48401570e-01 -5.59238315e-01 -9.45203662e-01
    -8.42038691e-01 -2.72895277e-01 -4.03759241e-01 -3.94707203e-01
    -3.73935103e-01 -5.77054381e-01 -5.62609196e-01 -3.69498134e-01
    -5.14437675e-01 -8.12264085e-01 -1.01314175e+00 -8.21991086e-01
    -1.84516251e-01 -3.94646764e-01 -4.68822420e-01 -5.72432935e-01
    2.31733322e-02 -2.71180809e-01 -3.63124728e-01 -8.72219622e-01
    -6.83343232e-01 -4.89389151e-01 -4.65022981e-01 -9.00448561e-02
    -9.24332917e-01 -7.16292858e-02 -9.34520245e-01 -8.31332684e-01
    -6.84654951e-01 -1.26155496e-01 -4.37744677e-01 -9.31210279e-01
    -5.48098385e-01 -3.97526920e-01 -7.55690932e-01 -1.83800876e-01
    -7.22847521e-01 -6.37199879e-01 -8.74598980e-01 -5.92510343e-01
    -4.21087027e-01 -1.02905381e+00 -6.00812435e-01 -7.92299032e-01
    -1.17830634e-01 -5.01810074e-01 -9.42238688e-01 -9.27988350e-01
    -7.54750490e-01 -8.53118777e-01 -7.82818675e-01 -4.34574634e-01
    -6.06952310e-01 -2.81452537e-01 -4.89532232e-01 -3.85289788e-02
    -2.01928318e-01 -2.27036655e-01 -7.09611058e-01 -7.33427584e-01
    4.30271029e-02 -2.76428044e-01 -6.41948044e-01 -2.57790685e-01
    -1.98048115e-01 -5.69626451e-01 -4.72279251e-01 -1.92778587e-01
    -8.89222682e-01 -7.25161612e-01 -2.39940047e-01 -2.24625051e-01
    -7.95465708e-01 -9.08527076e-01 -2.77428985e-01 -9.94697750e-01
    -5.70411205e-01 -7.78827846e-01 -5.53703785e-01 -5.77287018e-01
    -4.44643080e-01 -8.23871672e-01 -4.83878970e-01 -4.32411790e-01
    -1.02235830e+00 -9.41107273e-02 -6.78153157e-01 -1.90304399e-01
    -6.77751660e-01 -6.39081180e-01 6.43432140e-04 -1.57578945e-01
    -2.67514110e-01 -6.42308116e-01 -5.87314725e-01 -5.26263654e-01
    -8.62916589e-01 -1.39987230e-01 -6.32202506e-01 -6.36010647e-01
    -2.42637753e-01 -1.14069104e-01 -1.25567079e-01 -4.36276376e-01
    -2.55216300e-01 -2.30257809e-01 -7.42951751e-01 -4.23843086e-01
    4.24252152e-02 -1.83713794e-01 -5.31261563e-01 -1.36191249e-02
    -7.90273309e-01 -2.59001136e-01 -8.37591529e-01 -7.72596538e-01
    -9.19298649e-01 -8.15723658e-01 -3.31802964e-01 -3.92341256e-01
    -8.82662416e-01 -4.90087271e-02 -3.11017334e-01 -3.02796483e-01
    -1.66707993e-01 -1.83587670e-02 -6.03396714e-01 -1.04087007e+00
    -6.32196784e-01 -3.04029226e-01 -2.74648070e-01 -1.76973343e-01
    -9.16371346e-01 -4.98502761e-01 -5.65079927e-01 -3.68796408e-01
    -1.97942197e-01 -7.24242628e-01 -4.33104932e-01 -5.37599206e-01
    -8.78124654e-01 -5.14708221e-01 -5.74366808e-01 -3.07335019e-01
    -1.04747617e+00 -3.41847956e-01 -2.89289415e-01 -8.28887105e-01
    -4.20934975e-01 -3.33093166e-01 -2.97166109e-01 -8.32804084e-01
    -5.72690427e-01 -8.64056587e-01 -5.04312098e-01 -2.66156793e-01
    -8.72607231e-02 -7.47363806e-01 -8.30165148e-01 -2.35252857e-01
    -2.30732918e-01 -8.75526786e-01 -8.24809790e-01 -4.69164193e-01
    -2.13181257e-01 -8.18784416e-01 -3.55278850e-01 -2.26097405e-01
    -4.20540094e-01 -2.29470909e-01 -3.13196540e-01 -2.93224216e-01
    -6.63973927e-01 -4.50060308e-01 -4.33474720e-01 -3.02811027e-01
    -2.35357404e-01 -7.93644190e-02 -1.12703502e-01 -2.26423204e-01
    -4.70239937e-01 -2.64498949e-01 -5.93408704e-01 -7.74868727e-01
    -7.66433001e-01 -9.98543739e-01 -7.35967875e-01 -3.56678069e-01
    -4.63391423e-01 -2.40579426e-01 -9.05187368e-01 -2.16191888e-01
    -2.45852709e-01 4.51724529e-02 -6.15686357e-01 -7.07664371e-01
    -2.69513011e-01 -8.74379873e-01 -1.91565335e-01 -2.30528414e-01
    -6.67684674e-02 -1.71468258e-01 -8.32497716e-01 -4.31107610e-01
    -7.97905266e-01 -5.74365556e-01 -6.56739593e-01 -7.28272200e-02
    -3.11533213e-02 -1.12561285e-01 -3.02836955e-01 -3.63498330e-01
    -6.89149976e-01 -9.75488782e-01 -4.80603099e-01 -1.82237029e-01
    -2.62924135e-01 -2.01560259e-01 -4.71371531e-01 -7.42865026e-01
    -3.40323985e-01 -3.27114880e-01 -2.38757432e-01 -8.31093550e-01
    -5.96492171e-01 -6.51123047e-01 -4.63351250e-01 -2.96813369e-01
    -2.64640212e-01 -7.63136864e-01 -7.46807098e-01 -6.43858910e-02
    -4.01371121e-01 -2.73524284e-01 -8.35489392e-01 -7.48890102e-01
    -5.37540376e-01 -2.29291797e-01 -3.80744934e-01 -5.00356793e-01
    -1.00906670e+00 -1.03239834e+00 -1.44141912e-02 -6.16173148e-02
    -5.72724342e-01 -9.66084003e-03 -8.77665341e-01 -8.68227005e-01
    -7.14712143e-01 -1.79718673e-01 -2.03104615e-01 -7.50929236e-01
    -6.35906219e-01 -8.01954865e-01 -7.47557878e-01 2.39487886e-02
    -8.31365585e-02 -4.92817044e-01 -8.38303924e-01 -6.91068172e-03
    -2.15408087e-01 -1.95730090e-01 -4.07645047e-01 -3.42914522e-01
    -7.50873327e-01 -1.35538876e-01 -5.03668487e-01 -4.99033034e-01
    -1.39523149e-02 -8.82229865e-01 -7.14021146e-01 -3.75736952e-01
    -4.29544210e-01 -8.15071821e-01 -4.39329922e-01 -5.34996331e-01
    -3.81776512e-01 -8.67020190e-01 -6.21870160e-01 -1.24227107e-01
    -9.40282345e-01 -9.53113198e-01 -2.02264428e-01 -5.25788069e-02
    -1.67423010e-01 -8.74584675e-01 -5.38016200e-01 -5.86579919e-01
    -4.27585840e-02 -4.61837530e-01 -6.62846804e-01 -7.91297853e-01
    -8.33365560e-01 -2.95490682e-01 -2.10102916e-01 -2.79052079e-01
    -8.23868752e-01 -2.50469208e-01 -5.89631975e-01 -3.54743361e-01
    -4.66283202e-01 -6.78651214e-01 -7.89927423e-01 -2.77098477e-01
    -2.15949655e-01 -8.88058186e-01 -4.63842601e-01 -1.45082235e-01
    -7.50685573e-01 -5.80979824e-01 -4.42344397e-01 -6.71245337e-01
    -6.24889910e-01 -1.47504807e-01 -8.69656622e-01 -8.43341589e-01
    -8.87270689e-01 -6.54050708e-01 5.37527204e-02 -2.98027933e-01
    -7.98342109e-01 -3.47377539e-01 -9.74280953e-01 -8.24135423e-01
    -2.15009987e-01 -8.32161665e-01 -6.64995313e-02 -7.37168372e-01
    -6.37252927e-01 -2.82911301e-01 -3.75157237e-01 -4.29438174e-01
    -6.57602549e-02 -7.23536789e-01 -3.90929639e-01 -9.78343129e-01
    -1.68824911e-01 -1.02598810e+00 -1.17860436e-01 -4.63252008e-01
    -2.94502378e-01 -7.63911426e-01 -4.88174140e-01 -4.35323358e-01
    -6.42996490e-01 -9.20155704e-01 -6.53995872e-01 -7.90556848e-01
    -3.82892191e-01 -1.43946528e-01 -3.29177022e-01 -6.01717949e-01
    -9.73536611e-01 -5.19753695e-01 -7.87620068e-01 -8.28280509e-01
    -4.28038001e-01 -7.77803302e-01 -9.46286559e-01 -6.65545464e-01
    -4.41064417e-01 -6.49318576e-01 -9.03768718e-01 -1.73524439e-01
    -5.21575570e-01 -8.66559029e-01 -8.09551358e-01 -4.78685349e-01
    -8.60285759e-01 -8.57374907e-01 -8.29923391e-01 -6.72470808e-01
    7.19112158e-03 -3.27070236e-01 -5.26356459e-01 -1.34512246e-01
    -8.16479445e-01 -1.54328883e-01 -4.19229269e-03 2.94575870e-01
    1.33205593e-01 -7.94609666e-01 -3.17673445e-01 -9.75674391e-02
    -1.48082972e-01 -2.46923387e-01 -5.57371676e-01 -9.20738757e-01
    -8.36359024e-01 -7.23488212e-01 -2.54642546e-01 -8.16516697e-01
    -8.92802119e-01 -1.06929541e-01 -1.00135756e+00 -4.89649534e-01
    -3.46404850e-01 -9.17341053e-01 -1.04931056e+00 -7.03930378e-01
    -7.73766398e-01 -3.78231347e-01 -2.51152635e-01 -2.29806900e-01
    -5.84986746e-01 -1.01336074e+00 -7.51187205e-01 -2.32655406e-02
    -4.97205794e-01 -2.72989213e-01 -2.83337831e-02 -4.79550183e-01
    -9.63171244e-01 -6.32733226e-01 -8.46657634e-01 -7.29726970e-01
    -1.92054868e-01 -5.14743209e-01 -9.48656917e-01 -6.14397168e-01
    -4.41112220e-01 -1.19145513e-01 -1.22731149e-01 -4.03248668e-01
    -1.08866549e+00 -5.06940484e-01 -9.42505121e-01 -3.28344703e-01
    -3.45062912e-01 -7.66585708e-01 -2.78754830e-01 -5.12284994e-01
    -3.53130996e-01 -5.02936542e-01 -7.13956594e-01 -9.82349157e-01
    -5.08699596e-01 -5.45533419e-01 -2.38253534e-01 -3.85200977e-01
    -5.33310175e-02 -3.43652964e-02 -9.79286790e-01 -8.01202238e-01
    -7.04160273e-01 -5.41051507e-01 -4.76967901e-01 3.87380123e-02
    -4.08964515e-01 -6.79313064e-01 -6.75906122e-01 -4.48169202e-01
    -4.35448140e-01 -6.07979655e-01 -3.22428763e-01 -3.84688914e-01
    -7.04822004e-01 -4.60877419e-01 -4.57539499e-01 -4.49492037e-01
    -8.17391992e-01 -7.68870771e-01 -2.07712352e-01 -6.23198688e-01
    -9.18794990e-01 -6.44883156e-01 -7.51027584e-01 -7.62018800e-01
    -8.80068660e-01 -7.22778499e-01 -2.34175444e-01 -8.72197151e-02
    -1.12714529e-01 -9.33901191e-01 -2.88504303e-01 -6.30493879e-01
    -2.41746187e-01 -3.68294597e-01 -3.49343061e-01 -8.23696256e-02
    -8.44997764e-01 2.75902748e-02 -6.38994396e-01 -6.04772210e-01
    -6.67523384e-01 -4.12531018e-01 -5.52134752e-01 -6.98565006e-01
    -8.46109807e-01 -4.53101337e-01 -2.85037518e-01 -7.59149671e-01
    -6.99657142e-01 -9.49134052e-01 -3.13915193e-01 -1.33921921e-01
    -9.86968279e-01 -1.54448330e-01 -1.43541932e-01 -8.29956174e-01
    -7.33923316e-01 -1.62215054e-01 -8.38684201e-01 -8.67544055e-01
    -1.58652604e-01 -8.23004603e-01 -1.00729692e+00 -2.20548332e-01
    -1.60418928e-01 -8.90240908e-01 -4.36087430e-01 -1.91361248e-01
    -2.95897305e-01 -6.05918646e-01 -9.34679508e-02 -8.64903331e-01
    -9.12142277e-01 -9.20607448e-01 -6.04138076e-01 -3.15513194e-01
    -4.78159785e-02 -1.29240096e-01 -1.41659975e-01 -6.81822896e-01
    -1.63113415e-01 -6.68351591e-01 -9.81561542e-02 -9.27738428e-01
    -7.38404393e-01 -2.38634527e-01 -7.43680835e-01 -3.03095043e-01
    -1.03203058e-01 -1.47787213e-01 -9.54950333e-01 -3.56713057e-01
    -4.65076566e-01 -3.09541583e-01 -4.99406040e-01 -7.50821173e-01
    -1.57276928e-01 -5.48246682e-01 -4.79757071e-01 -1.72255635e-01
    -6.13572061e-01 -3.33153725e-01 -1.75087869e-01 -9.09616530e-01
    -2.53873110e-01 -1.60426080e-01 -3.57379496e-01 -2.77068377e-01
    -2.60277629e-01 -4.70471263e-01 -9.83509958e-01 -9.08865929e-01
    -2.19636798e-01 -8.38774443e-02 -5.74489295e-01 -5.04609466e-01
    -3.71577144e-02 -3.14994276e-01 -3.05209994e-01 -6.68573320e-01
    -2.51095772e-01 -7.16303349e-01 -6.69333875e-01 -4.64750439e-01
    2.23406553e-02 -7.37140417e-01 -2.19884872e-01 -7.05109000e-01
    -7.70298660e-01 -3.54209006e-01 -2.01884091e-01 -6.67821705e-01
    -8.10124516e-01 -2.23832905e-01 -6.03594065e-01 -5.21631896e-01
    -8.36759448e-01 -5.97510934e-02 -4.16566908e-01 -5.75816631e-03
    -1.93958342e-01 -6.53361797e-01 -6.54773116e-02 -7.01122403e-01
    -9.49886560e-01 -9.00055528e-01 -7.64262438e-01 -1.32149756e-01
    -4.82514501e-01 -8.83971214e-01 -6.54689431e-01 -2.04719543e-01
    -6.85753942e-01 -5.77242255e-01 -3.00929725e-01 -9.25550282e-01
    -1.15132451e-01 -1.20690465e-02 -7.94766545e-01 -5.64609289e-01
    -4.36454833e-01 -5.42260408e-02 -1.96617723e-01 -3.18733275e-01
    -2.18618035e-01 -4.04215634e-01 -8.01030219e-01 -4.77090359e-01
    -6.04467392e-01 -2.70512342e-01 -1.16230190e-01 -1.64596498e-01
    -6.75068557e-01 -5.30906975e-01 -6.67171478e-01 -9.39910233e-01
    -5.00582397e-01 2.86582112e-02 -6.08773291e-01 -1.15067661e-01
    -8.43600392e-01 1.04243755e-02 -4.59684730e-02 -8.82620215e-02
    -6.66150570e-01 -1.49053335e-03 -5.22986829e-01 -1.17564201e-03
    -3.00144196e-01 -6.42979145e-01 -5.50189614e-01 -5.79373538e-02
    -3.26929927e-01 -3.03653419e-01 -7.22495377e-01 -9.32654977e-01
    -1.70991302e-01 -1.03061736e-01 -1.41824245e-01 -9.77764845e-01
    -8.45876575e-01 -2.31937170e-01 -6.41020000e-01 -5.03470838e-01
    -6.06605709e-01 -7.95773268e-02 -7.08472013e-01 -6.11978650e-01
    -1.92480683e-01 -6.06592298e-01 -3.26089025e-01 -3.69743824e-01
    -3.08098316e-01 -3.00759494e-01 -9.42450285e-01 -5.66356540e-01
    -6.98389053e-01 -1.01669371e+00 -1.33148372e-01 -1.85047865e-01
    -9.45903182e-01 -9.86212790e-01 -3.18335056e-01 -1.79346561e-01
    -8.68197441e-01 -5.49593568e-02 -4.38923717e-01 -4.37453389e-01
    -4.21016097e-01 -6.97947621e-01 -1.67211890e-01 -8.95387411e-01
    -1.00379682e+00 -1.32928610e-01 -1.48589373e-01 -5.93610227e-01
    -2.37366676e-01 -1.63808465e-01 -1.51829958e-01 -5.83623171e-01
    -8.38967562e-01 -5.86521089e-01 -8.29010963e-01 -8.28341246e-02
    -8.96686912e-01 -8.01096499e-01 -5.94955504e-01 -9.72479582e-02
    -9.52691317e-01 -5.23561239e-02 -3.73215079e-01 -5.13225317e-01
    -1.81117952e-01 -2.19254553e-01 -1.87571943e-01 -5.68501949e-02
    -7.22601175e-01 -1.93514585e-01 -5.13316751e-01 -3.29079926e-01
    2.37149000e-03 -6.75879240e-01 -5.30243576e-01 -4.75923926e-01
    -6.22493982e-01 -5.44003487e-01 -4.32620764e-01 -2.21659541e-01
    -4.83695626e-01 -4.46132332e-01 -8.29332113e-01 -9.85699892e-03
    -6.37872934e-01 -2.30166972e-01 -1.96608007e-01 -8.74378920e-01
    -5.31933308e-01 -8.05391788e-01 -3.12108397e-01 -1.76208735e-01
    -7.69485235e-02 -2.87669241e-01 -3.07079196e-01 -9.75082159e-01
    -7.77582526e-02 -1.03876925e+00 -8.35263371e-01 -2.66911030e-01
    -2.02142954e-01 -4.28166926e-01 -9.78693843e-01 -2.51399279e-02
    -7.18011260e-02 -7.83685923e-01 -1.88213110e-01 -1.12225294e-01
    -6.00046515e-01 -9.01230514e-01 -2.04632282e-01 -8.68934989e-02
    -7.61305094e-01 -9.63341475e-01 -2.09493339e-01 -5.73218822e-01
    -6.82386279e-01 -4.88488019e-01 -2.21077383e-01 -7.22689927e-01
    -2.19902098e-01 -9.53640580e-01 -1.22470021e-01 -6.73780441e-01
    -3.98080468e-01 -5.81806064e-01 -4.56127226e-01 -5.74197412e-01
    -4.22632396e-01 -4.00722027e-01 -8.17059696e-01 -3.88345301e-01
    -8.23381543e-02 -4.93408620e-01 -8.87453914e-01 -6.52880311e-01
    -3.98524284e-01 -3.11278105e-01 -1.24335289e-01 -9.13777411e-01
    -7.53525913e-01 -2.63826072e-01 -7.73173571e-03 7.06006289e-02
    -3.85616302e-01 -7.59239912e-01 -5.64684510e-01 -1.75456107e-01
    -5.86865664e-01 -4.79230225e-01 -7.31758535e-01 -7.37396359e-01
    3.04248929e-02 -1.47211969e-01 -5.70557892e-01 -5.00161886e-01
    -9.41499352e-01 -2.55062580e-01 -5.60615957e-01 -3.50112081e-01
    -9.83460009e-01 -8.30489516e-01 -4.81532931e-01 -3.29314709e-01
    -9.02389288e-02 -1.06362998e-01 -4.08652902e-01 -3.25541973e-01
    -8.30293298e-02 -5.52220821e-01 -6.07425570e-01 -7.87798882e-01
    -3.82427692e-01 -1.26531363e-01 -7.15465426e-01 -4.95501459e-01
    -1.85063601e-01 -9.17810678e-01 -6.10245943e-01 -3.00136983e-01
    -2.16771185e-01 -7.30823100e-01 -1.27636790e-01 -1.58232450e-01
    -1.02315331e+00 -2.12490559e-02 -6.82538152e-02 -7.59729385e-01
    -1.75991893e-01 3.86483073e-02 -8.53253245e-01 -8.57614636e-01
    -8.62889886e-01 -1.64155006e-01 -6.27227187e-01 -2.67149389e-01
    -4.57087159e-01 -6.53813720e-01 -5.21808267e-02 -5.54904997e-01
    -6.31664515e-01 -2.95546770e-01 -1.19769335e-01 -5.90337396e-01
    -9.43268299e-01 -4.96883512e-01 -9.79708016e-01 -1.73006773e-01
    -3.96907091e-01 -4.40541387e-01 -8.80583286e-01 -4.61346209e-01
    -1.80970371e-01 -7.97439814e-02 -8.61485481e-01 -1.74050927e-01
    -9.92385149e-02 -8.10267091e-01 -5.38720667e-01 -1.95325851e-01
    -8.32750916e-01 -2.55318642e-01 -2.61914492e-01 -1.00406682e+00
    -3.56359959e-01 -4.74601984e-02 -3.26515138e-01 -7.34185696e-01
    -5.35504222e-01 -8.75498176e-01 -8.15365314e-01 -8.83429348e-01
    -1.93842530e-01 -5.42483032e-01 -8.92927289e-01 -6.05953336e-01
    -8.73023987e-01 -4.89208221e-01 -7.47932434e-01 -4.86727417e-01
    -1.45084798e-01 -7.85418034e-01 -4.00211453e-01 -3.13293636e-01
    -9.92747545e-02 -4.49479401e-01 -7.44299591e-01 -8.54098797e-03
    -3.56328487e-01 -3.38908732e-01 -5.11367083e-01 -3.50170076e-01
    -9.28137422e-01 -6.63107991e-01 -7.42218912e-01 -8.76204848e-01
    -3.49973410e-01 -5.51277518e-01 -4.97808695e-01 -3.36028636e-01
    2.32981801e-01 1.84296429e-01 -3.79698336e-01 -1.76170051e-01
    -8.07819426e-01 -2.43931830e-01 -6.55962348e-01 -1.01250267e+00
    -9.59681153e-01 -3.53571177e-01 -4.59933281e-01 -4.96779919e-01
    -6.72572732e-01 -3.96136701e-01 -1.80808008e-01 -6.72708511e-01
    -2.71810770e-01 -3.67378175e-01 -9.96533036e-02 -2.96112418e-01
    -5.49085975e-01 -3.04856658e-01 -5.93860090e-01 -1.00213623e+00
    -2.55312324e-01 -2.57814407e-01 -3.82589698e-01 -1.24957085e-01
    -7.10275352e-01 -3.99429083e-01 -3.13265026e-01 -3.80384088e-01
    -1.75628304e-01 -1.23176157e-01 -8.28013539e-01 -1.57423496e-01
    -3.49168181e-02 -7.59149671e-01 -5.83021522e-01 -8.42724860e-01
    -1.23786449e-01 -2.55183339e-01 -3.97931993e-01 -9.82878923e-01
    -1.02613544e+00 -5.02510846e-01 -1.88519835e-01 -4.33621287e-01
    -6.36868715e-01 -9.67814445e-01 -2.52448797e-01 -4.80935991e-01
    -7.57909536e-01 -2.75690317e-01 -8.75375986e-01 -1.17234588e-01
    -2.10187197e-01 -2.00128853e-01 -3.67862225e-01 -9.58306432e-01
    -3.17750692e-01 -3.45956922e-01 -6.87676668e-02 -7.05711842e-02
    -5.31003177e-01 -5.57684660e-01 -5.94665885e-01 -2.20680416e-01
    -1.72937095e-01 -8.49053741e-01 -3.52391005e-01 -7.56793499e-01
    -7.90653229e-02 -6.04751110e-02 -5.31625390e-01 -7.68406093e-01
    -6.75698459e-01 -5.50472260e-01 -4.27062839e-01 -2.48837113e-01
    -1.40718281e-01 -2.37833977e-01 -3.36889148e-01 -3.05740774e-01
    -3.64780068e-01 -2.67976761e-01 -8.49618256e-01 -6.07370853e-01
    -7.93249309e-01 -1.03849101e+00 -7.28406489e-01 -5.59280038e-01
    -1.96653366e-01 -3.12863827e-01 -8.36060882e-01 -1.00944281e+00
    -4.26575780e-01 -8.82300556e-01 -5.54932892e-01 -8.81131887e-02
    -3.83755565e-01 -1.53407753e-01 -5.49287677e-01 -8.87452543e-01
    -8.19000602e-01 -9.07965541e-01 -2.08093286e-01 -1.38975143e-01
    -7.84278333e-01 -1.50479376e-01 -7.40371227e-01 -7.64806688e-01
    -1.81256890e-01 -5.98425210e-01 -2.50047386e-01 -2.77559519e-01
    -2.77107835e-01 -3.81637394e-01 -3.22491050e-01 -8.66121352e-01
    -5.91608405e-01 -7.44152844e-01 -2.39123702e-02 -9.54922020e-01
    -5.68691492e-01 -2.84320951e-01 -1.01993084e-01 -5.36417842e-01
    -4.26056683e-01 -7.59725213e-01 -1.99389458e-02 -7.00607240e-01
    -8.67930174e-01 -5.10512173e-01 -5.04756570e-02 -1.96398973e-01
    -5.53675532e-01 -8.35494161e-01 -8.53908360e-01 -2.57303119e-01
    -8.16627383e-01 -6.49639547e-01 -3.24191689e-01 -7.15783894e-01
    -8.29924524e-01 -1.78599000e-01 -5.86199343e-01 -3.21829319e-02
    -5.15517175e-01 -9.62340117e-01 -3.92689824e-01 -5.49648166e-01
    -4.01986301e-01 -7.28498936e-01 -6.65694535e-01 -5.54525137e-01
    -4.16494548e-01 -5.63683510e-01 -3.55400324e-01 -6.24707103e-01
    -1.01778734e+00 -5.53574562e-01 -9.03601885e-01 -2.64540434e-01
    -6.70130968e-01 -1.55769289e-01 -8.65375459e-01 -3.65782261e-01
    -6.35737002e-01 -4.90590334e-02 -6.47625446e-01 -9.27892685e-01
    -2.10576832e-01 -3.79195809e-01 -9.72414732e-01 -1.56420112e-01
    -5.52312732e-01 -4.43470955e-01 -2.71048307e-01 -4.97414947e-01
    -9.57673609e-01 -1.02231443e-01 -3.67951393e-01 -6.29896522e-02
    -7.04508126e-01 -7.35327601e-01 -2.35921741e-02 -2.56663680e-01
    -3.31430197e-01 -8.02174568e-01 -2.79306233e-01 -5.78782141e-01
    -6.32112503e-01 -4.36780393e-01 -5.41725755e-01 -6.72864199e-01
    -2.57663608e-01 -2.22811222e-01 -9.05550957e-01 -3.22774053e-01
    -1.49226785e-02 -8.23860049e-01 -5.74900508e-02 -3.24154854e-01
    -6.49120212e-01 -4.37108338e-01 -9.59208488e-01 -5.90566397e-02
    -6.35166168e-02 -2.93408155e-01 -7.60276914e-01 -3.62416804e-01
    -6.93302155e-01 -6.63041055e-01 -4.01479006e-01 -7.64164746e-01
    -4.01991904e-01 -4.86539721e-01 -6.31509662e-01 -7.33714581e-01
    -1.64300382e-01 -2.19645679e-01 -7.57404923e-01 -6.45689011e-01
    -9.46184278e-01 -1.75029576e-01 -9.33772147e-01 -3.44779909e-01
    -2.81698108e-01 -4.42488194e-02 -4.12970126e-01 -1.52763963e-01
    -8.91300619e-01 -3.59535038e-01 -4.57699060e-01 -1.16517663e-01
    -7.41786838e-01 -5.91524959e-01 -7.42497206e-01 -1.09305620e-01
    -6.98311329e-01 -1.45121515e-01 -3.82044375e-01 -8.16335320e-01
    -6.57250404e-01 -9.00824428e-01 -8.13155413e-01 -8.75174761e-01
    -6.22795343e-01 -1.74502552e-01 -4.38527882e-01 -5.11683822e-02
    -3.23738605e-01 -6.03117108e-01 -4.49602962e-01 -3.02741140e-01
    -3.53673041e-01 -5.16434729e-01 -6.17447317e-01 -6.96991503e-01
    -6.79361939e-01 -3.17072690e-01 -2.95591176e-01 -5.92871666e-01
    -4.22112942e-02 -5.46537161e-01 -5.92765093e-01 -2.39796042e-01
    -6.87837243e-01 -4.08918858e-01 -3.73277605e-01 -9.24804091e-01
    -4.38598990e-01 -6.69682086e-01 -9.19113159e-02 -1.00695288e+00
    -6.88791454e-01 -9.25727308e-01 -8.07590246e-01 -6.68355823e-02
    -5.91623783e-02 -7.95000196e-01 -2.42695808e-02 -1.99962616e-01
    -1.89416587e-01 -8.75400305e-02 -9.27300572e-01 -9.84704435e-01
    -5.71483016e-01 -6.30356908e-01 -3.20252657e-01 -1.24162793e-01
    -4.36125219e-01 -6.87207699e-01 -1.55358195e-01 -6.14986360e-01
    -5.50767660e-01 -1.64912045e-01 -5.35704434e-01 -1.03468227e+00
    -1.67423129e-01 -5.05406857e-01 -8.35981727e-01 -6.79404140e-01
    -9.33074236e-01 -8.01014185e-01 -7.37911463e-02 -3.33817363e-01
    -2.63046622e-02 -5.86725235e-01 -8.23496878e-01 -5.60142159e-01
    -5.51951766e-01 -4.04353738e-01 -4.25093234e-01 -5.96184969e-01
    -7.22748518e-01 -3.56544077e-01 -7.35705376e-01 -6.98873997e-02
    -2.72518396e-02 -4.57619071e-01 -8.77185464e-01 -7.04789042e-01
    -3.03114176e-01 -7.91339576e-01 -2.91228771e-01 -2.95768976e-02
    -4.64998066e-01 8.13803077e-02 -4.73583937e-01 -7.78110981e-01
    -8.47550452e-01 -8.11500132e-01 -5.83589673e-01 -8.41251314e-01
    -9.11119878e-01 -2.40629911e-03 -8.64533484e-01 -6.73077822e-01
    -8.72984171e-01 -4.77263451e-01 -6.93027020e-01 -4.41015959e-02
    -4.17641342e-01 -3.02630067e-01 -7.58273602e-02 -5.47061920e-01
    -5.65519631e-01 -1.72023892e-01 -5.14074564e-02 -5.58765113e-01
    -4.11349535e-01 -7.94351280e-01 -2.12123930e-01 -6.05267048e-01
    -1.66526794e-01 -2.07443416e-01 -1.41697466e-01 -5.93146324e-01
    -1.44507170e-01 -3.29609752e-01 -3.23750973e-01 -3.24884534e-01
    -4.18499231e-01 -7.29295969e-01 -3.09188962e-01 -4.46727872e-01
    -9.15555954e-01 -2.76567101e-01 -7.44591117e-01 -6.69332325e-01
    -9.16644335e-01 -9.97898817e-01 -5.63426971e-01 -4.37344074e-01
    -2.25782633e-01 -6.35396361e-01 -7.60728598e-01 -1.91720843e-01
    -1.84889019e-01 -6.50482059e-01 -6.52104020e-02 -4.68198597e-01
    -2.70259261e-01 -8.08954835e-02 -8.96639466e-01 -6.53337002e-01
    -4.00503576e-01 -2.20122993e-01 -6.89676523e-01 -7.30196118e-01
    3.57518792e-02 -6.85126185e-01 -8.19777727e-01 -6.03604555e-01
    -5.83846092e-01 -7.56058395e-01 1.12046361e-01 -7.60290086e-01
    -8.56499434e-01 -9.84838605e-02 -1.97308898e-01 -6.08465672e-01
    -1.35408282e-01 -6.60419464e-01 -5.46997130e-01 -1.23212576e-01
    -3.83052409e-01 -3.23196948e-01 -4.91215229e-01 -2.04624414e-01
    -9.60447311e-01 -5.88485837e-01 -7.64781117e-01 -1.17098093e-01
    -4.88559365e-01 -6.62344933e-01 -9.47968721e-01 -4.59350586e-01
    -1.73416674e-01 -8.47887874e-01 -6.23997927e-01 -3.91117394e-01
    -4.78013158e-02 -5.75978875e-01 -4.23809171e-01 -1.15943491e-01
    -3.74064744e-01 -4.22462940e-01 -4.40030038e-01 -2.42328763e-01
    -7.11339712e-01 -3.55132520e-01 -7.63220727e-01 -8.32504630e-01
    -8.22547674e-02 -1.00304854e+00 -9.07773554e-01 -8.21038485e-02
    -9.27330494e-01 -9.17946041e-01 -2.67586648e-01 -9.46702600e-01
    -6.96858764e-02 3.04259658e-02 -1.34686470e-01 -5.55758059e-01
    -4.07547385e-01 -4.92474198e-01 -2.20754027e-01 -8.36334586e-01
    -9.03531671e-01 2.52003670e-02 -4.14178610e-01 -4.33113515e-01
    -1.95567489e-01 -5.88084459e-01 -2.81211972e-01 -8.41645598e-01
    -1.29613876e-02 -6.44674361e-01 -9.34918284e-01 -6.76298738e-01
    -7.14156330e-01 -5.87788105e-01 -9.57319617e-01 -5.33541083e-01
    -2.45190859e-01 -6.33281112e-01 -5.53068161e-01 -5.75571418e-01
    -6.03803039e-01 -5.07248163e-01 -2.58022249e-01 -1.52880967e-01
    -5.66995263e-01 -9.50025082e-01 -6.86530113e-01 -4.31142807e-01
    -5.40294826e-01 -4.25008595e-01 -2.76549101e-01 -2.60171056e-01
    -3.20842803e-01 -6.91425800e-02 -9.39005852e-01 -1.55633688e-02
    -1.30402207e-01 -4.69912410e-01 -4.29956913e-01 -4.47518647e-01
    -6.61878228e-01 -4.94079590e-02 -6.15361571e-01 -3.08676958e-01
    -5.18740714e-01 -4.00064826e-01 -1.17165744e-01 -1.10680640e-01
    -2.04419136e-01 -8.81576180e-01 2.50605941e-02 -5.76818943e-01
    -2.86506593e-01 -5.19696116e-01 -5.13968468e-02 -3.33386421e-01
    -6.52739048e-01 2.47170389e-01 -5.41162729e-01 4.70126688e-01
    2.70356536e-01 -8.31986666e-02 -4.58040774e-01 -2.80021250e-01
    -1.79694414e-01 -8.81397963e-01 -7.79335260e-01 -5.91804743e-01
    -6.82624221e-01 -3.92165065e-01 -6.34945333e-01 -8.56436074e-01
    -2.66526639e-01 -5.19093633e-01 -7.28299379e-01 -8.65532756e-02
    -4.15239811e-01 -4.20196474e-01 -8.33104134e-01 -7.67964125e-02
    -6.63187385e-01 -2.25756943e-01 -9.02251124e-01 -9.75672603e-01
    -7.40599513e-01 -5.57720661e-01 -8.40556443e-01 -2.96441495e-01
    -9.69773412e-01 -1.16391122e-01 -3.25004697e-01 -2.88588643e-01
    -6.16876483e-02 -7.19792306e-01 -5.54910183e-01 -8.18201542e-01
    -3.77893448e-04 -1.04319155e-01 -5.79169333e-01 -7.77355075e-01
    -6.78317308e-01 -1.81619942e-01 -3.28065813e-01 -1.89438105e-01
    -6.16635084e-01 -1.90898776e-01 -8.99246514e-01 -5.04108131e-01
    -4.61057842e-01 -5.44576764e-01 -6.87491298e-01 -7.82325387e-01
    -4.97673512e-01 -8.34985256e-01 -5.57547331e-01 -1.08091772e-01
    -5.00215173e-01 -7.74916112e-01 -7.50782371e-01 -6.96884096e-01
    -7.75815129e-01 -9.30980086e-01 -4.29743767e-01 -8.53160739e-01
    -3.80172014e-01 -4.01093006e-01 9.33926105e-02 -4.36352670e-01
    -6.76966071e-01 -8.33759665e-01 -5.63618898e-01 -5.11646986e-01
    -7.03665793e-01 -7.94385076e-02 -5.84204435e-01 -6.85379863e-01
    -7.24413872e-01 -6.17178142e-01 -1.09090865e-01 7.69352913e-03
    -3.15319836e-01 -8.37635100e-01 -2.74653435e-02 -1.30566299e-01
    -6.73656464e-01 -9.55359578e-01 -8.90293121e-02 -2.91688800e-01
    -5.31288385e-01 -4.23661232e-01 -5.94223022e-01 -9.77671742e-01
    -6.28572226e-01 -2.79681921e-01 -5.92384756e-01 -8.18072617e-01
    -5.25945306e-01 -8.00829291e-01 -6.77087009e-01 -7.95970678e-01
    -3.33525419e-01 -7.99253464e-01 -6.61439955e-01 -7.26727247e-01
    -8.34221721e-01 -1.14858508e-01 -5.39592862e-01 -9.78569150e-01
    -1.83782458e-01 -4.49821234e-01 -8.45310807e-01 -2.42830157e-01
    -1.63304210e-01 -1.74808502e-01 -9.99772489e-01 -3.96279812e-01
    -4.69175160e-01 -6.85636878e-01 -6.27144456e-01 -7.52303004e-02
    -7.94491768e-02 -2.33890414e-02 -7.67848372e-01 -3.01385224e-01
    -6.61048770e-01 -3.14948440e-01 -5.59467793e-01 -3.86364698e-01
    -1.19659543e-01 -7.34143615e-01 -8.89599621e-01 4.80496883e-02
    -7.25109577e-01 -7.46183395e-01 -5.47570944e-01 -7.49102831e-02
    -1.23608351e-01 -8.03277493e-02 -8.31075788e-01 -5.51168859e-01
    3.38273048e-02 -4.33872938e-01 -1.35087967e-01 6.87447786e-02
    -6.47130072e-01 -4.98683393e-01 -7.97253072e-01 -5.10435939e-01
    -4.63367462e-01 -9.74840045e-01 -6.05507433e-01 -1.64403677e-01
    -5.31727195e-01 -1.05291438e+00 -6.35615408e-01 -8.92106295e-02
    -7.85132647e-02 -8.80310535e-02 -4.84291255e-01 -9.37882662e-02
    -7.68803358e-01 -4.65721428e-01 -8.62433672e-01 -6.64907575e-01
    -2.58596361e-01 -8.86446476e-01 3.60036492e-02 -5.20131230e-01
    -8.56201649e-01 -5.84205806e-01 -2.26363540e-02 -4.09694552e-01
    -5.52173972e-01 -2.15400338e-01 -3.59104574e-01 -5.28000951e-01
    -8.57369304e-01 -1.23490930e-01 -3.47484887e-01 -5.50050497e-01
    -3.57661486e-01 -8.88545752e-01 -9.93473291e-01 -5.44554889e-01
    -4.19541657e-01 -8.66851211e-02 -1.21738553e-01 -8.38402808e-01
    -1.63255751e-01 -9.25740957e-01 -4.24445271e-02 -2.98336864e-01
    9.30505991e-03 -2.30729580e-04 -8.38310421e-01 -8.48670602e-01
    -5.90791404e-01 -5.19633412e-01 -1.13378823e-01 -1.41015410e-01
    -8.96599412e-01 -2.05411077e-01 -7.33986080e-01 -5.85241914e-01
    -6.36718512e-01 -5.24389744e-01 -5.11868238e-01 -2.88043201e-01
    -7.89667964e-02 -3.21640372e-01 -5.97130656e-01 -1.54523492e-01
    -6.18934393e-01 -2.06052423e-01 -5.06806493e-01 -2.04574466e-01
    -5.36959529e-01 -3.49004149e-01 -3.32693279e-01 -6.55489802e-01
    -1.99267149e-01 -3.09116364e-01 -3.82673979e-01 -4.01727617e-01
    -2.04727829e-01 -5.98562002e-01 -4.35856283e-01 -5.48960030e-01
    -3.46636176e-02 -6.31392002e-01 -7.50006855e-01 -2.13092089e-01
    -8.57642889e-01 -2.86336064e-01 -4.97062922e-01 -6.81327701e-01
    -4.47947264e-01 -9.13344920e-01 -1.87478065e-02 -6.24210298e-01
    -9.55275297e-02 -3.41174603e-01 -3.55861068e-01 -2.87036002e-01
    -2.34901249e-01 -2.47700751e-01 -8.51889014e-01 -3.08057964e-01
    -8.42940807e-03 -2.14970410e-01 -4.80032146e-01 -6.33353710e-01
    -3.87169302e-01 -4.60731596e-01 1.19286299e-01 2.01564729e-01
    -2.64781654e-01 6.93503022e-02 -7.25201964e-01 -3.28834474e-01
    -1.47032082e-01 -4.21184123e-01 -2.65864730e-01 -1.76998496e-01
    -1.11686170e-01 -7.38921165e-02 -6.75022960e-01 -2.56901324e-01
    -2.16266215e-01 -3.33091736e-01 -6.68456793e-01 -5.27197123e-02
    -6.97083235e-01 -1.91784263e-01 -3.14683378e-01 -8.85465264e-01
    -4.31873500e-01 -4.89858329e-01 -3.73822749e-01 -5.28473377e-01
    -3.69114339e-01 -5.20475268e-01 -1.00277424e-01 -7.67449737e-01
    -6.24784112e-01 -8.11156750e-01 -5.03868222e-01 -7.87171721e-01
    -5.85025966e-01 -6.73264325e-01 -1.58416688e-01 -3.03527832e-01
    -7.21842766e-01 -7.59029567e-01 -4.85567272e-01 -3.05161297e-01
    -8.38424027e-01 -4.89936680e-01 -5.11154771e-01 -4.46613312e-01
    -3.92660618e-01 -4.25146222e-01 -9.68784869e-01 -1.29975915e-01
    -1.41701996e-01 -6.56017900e-01 -2.62117207e-01 -3.22988093e-01
    -4.20808315e-01 -6.74687624e-01 -6.98755562e-01 -3.32579195e-01
    -8.46850097e-01 3.27085257e-02 -7.97913551e-01 -1.78715587e-01
    -5.30312300e-01 -5.95008194e-01 -3.19374919e-01 -1.65079236e-01
    -1.67602360e-01 -5.04821897e-01 -8.61669540e-01 -6.36325240e-01
    -5.93305230e-01 -7.98656821e-01 -4.53868866e-01 -2.72532463e-01
    -7.24011242e-01 -2.18822479e-01 -6.26992702e-01 -7.80186772e-01
    -3.55933726e-01 -5.47667563e-01 -2.25043058e-01 -1.17775023e-01
    -2.62125313e-01 -7.97528982e-01 -2.27061927e-01 -5.10710478e-01
    -5.64198494e-01 -2.57148266e-01 -4.66317415e-01 -4.17829514e-01
    -2.35560715e-01 -7.52972364e-02 -7.24626184e-02 -6.95363045e-01
    -1.26276076e-01 -3.63984048e-01 -3.86382401e-01 -1.81691468e-01
    -2.10861981e-01 -6.09502494e-01 -2.93559670e-01 -6.82209611e-01
    -4.21553344e-01 -7.04992771e-01 -8.09975207e-01 -5.69608629e-01
    -8.94552469e-01 -2.51076996e-01 -3.28258157e-01 -4.05733645e-01
    -1.62949800e-01 -9.08869624e-01 -8.04460943e-01 -5.36994040e-01
    -7.92720377e-01 -7.24662781e-01 -1.69927239e-01 -4.99762833e-01
    -3.38898182e-01 -5.85787416e-01 -7.43212938e-01 -9.09304976e-01
    -2.99196899e-01 -8.80946040e-01 -2.48364031e-01 -5.95036268e-01
    -4.68492448e-01 -7.70217896e-01 -6.34741783e-02 -4.01722670e-01
    -6.88997447e-01 -3.82585824e-01 -2.32791722e-01 -6.21052027e-01
    9.90806818e-02 -7.68460393e-01 2.87009478e-02 1.04850292e-01
    -1.43682241e-01 -1.59117579e-01 -6.07537329e-01 -7.25799441e-01
    -3.08748364e-01 -5.43617964e-01 -7.38550663e-01 -7.93500602e-01
    -1.05411768e-01 -1.19353235e-01 -4.23719078e-01 -4.53507006e-01
    -8.11390638e-01 -7.34318495e-02 -4.75885928e-01 -9.58420455e-01
    -1.75963402e-01 -1.79940641e-01 -1.77571416e-01 -9.28101242e-01
    -1.47134483e-01 -8.14941585e-01 -7.31539369e-01 -5.02739608e-01
    -8.59705389e-01 -3.54372382e-01 -1.02355552e+00 -5.01476407e-01
    -2.90923238e-01 -2.65849888e-01 -4.57807839e-01 -6.18994117e-01
    -5.87066531e-01 -8.66684616e-01 -8.00262451e-01 -8.68681550e-01
    -2.22911954e-01 -8.69284987e-01 -6.93097234e-01 -6.46297038e-01
    -7.76797593e-01 -1.92398310e-01 -3.34147811e-01 -7.51525760e-01
    -6.25433922e-02 -7.43517876e-02 -8.81182194e-01 -3.62379551e-02
    -5.78939557e-01 -2.25103319e-01 -7.41659045e-01 -8.39626551e-01
    -7.89438486e-02 -4.16244149e-01 -2.04605460e-01 -3.34879518e-01
    -4.89369661e-01 -7.53751636e-01 -5.58618605e-01 -8.29455376e-01
    -1.59503818e-02 3.72799039e-02 -3.13590229e-01 -5.12240529e-02
    -8.87586415e-01 -8.29642713e-01 -4.33612049e-01 -9.78857398e-01
    -8.61447692e-01 -7.06963837e-01 -6.73220694e-01 -1.45960033e-01
    -5.47643661e-01 -6.78601325e-01 -7.09660769e-01 -6.37310743e-01
    -8.54072511e-01 -2.01502442e-01 -4.10741210e-01 -6.90845191e-01
    -8.42676640e-01 -9.30436015e-01 -6.50506079e-01 -6.06871307e-01
    -7.83228874e-02 -9.56072927e-01 -2.00733066e-01 -9.42564964e-01
    -6.09411955e-01 -7.14869916e-01 -5.07504940e-01 -8.75985980e-01
    -5.05133331e-01 -9.99928296e-01 -1.56875253e-01 -4.34193969e-01
    -9.54971433e-01 -6.21468723e-01 -5.02170563e-01 -2.32398570e-01
    -4.84376222e-01 -7.80497551e-01 -7.24604011e-01 -9.27026868e-01
    -9.09843087e-01 -3.60704184e-01 -9.06785131e-01 -8.01069796e-01
    -7.29647756e-01 -1.13468826e-01 -7.17558205e-01 -2.46185064e-01
    -4.96605575e-01 -5.61804712e-01 -5.15823483e-01 -8.15860450e-01
    -5.95887899e-01 -3.74620080e-01 1.30003452e-01 1.14524424e-01
    1.41446471e-01 -1.77893341e-01 -7.98301697e-01 -4.92861211e-01
    -7.44112134e-01 -8.16133916e-01 -1.66734576e-01 -7.00387120e-01
    -2.00447023e-01 -7.05121696e-01 -2.21382022e-01 -9.73778903e-01
    -6.42598152e-01 -7.13131189e-01 -6.36457443e-01 -7.17600584e-01
    -4.61183012e-01 -6.79193437e-01 -1.94873989e-01 -4.84570682e-01
    -7.58749425e-01 -2.56479561e-01 -4.90670443e-01 -8.76271129e-02
    -3.91851544e-01 -5.78096330e-01 -1.50958061e-01 -6.99020743e-01
    -7.42945075e-01 -7.07689285e-01 -9.00865912e-01 -8.72894347e-01
    -7.81576633e-02 -5.48936069e-01 -9.63947892e-01 -3.80040169e-01
    -1.50658667e-01 -5.95478892e-01 -7.19247401e-01 -7.79325604e-01
    -6.20815516e-01 -8.41121376e-01 -1.95287347e-01 -9.05453444e-01
    -8.47053885e-01 -5.26842058e-01 -1.07994556e-01 -8.06167722e-02
    -8.02309155e-01 -9.18831825e-02 -7.94592381e-01 -7.83803463e-01
    -6.60910606e-02 -1.91685557e-01 -7.95158207e-01 -1.95084453e-01
    -2.97676325e-02 -3.16478252e-01 -6.27712727e-01 -6.54357374e-01
    2.40679979e-02 -1.28537357e-01 -8.46290231e-01 -3.72729301e-02
    -6.44440174e-01 -8.14540148e-01 -7.32440710e-01 -6.42434835e-01
    -2.24521875e-01 1.15490854e-01 -1.81096494e-01 -6.50922179e-01
    -6.76559448e-01 -3.09220791e-01 -1.94628417e-01 -3.82395267e-01
    -4.01895106e-01 -9.44063663e-02 -2.79792547e-01 -6.57277286e-01
    -4.03276563e-01 -9.21388805e-01 -2.19213367e-01 -5.34788489e-01
    -2.19312191e-01 -5.64445734e-01 -3.63743305e-03 -6.82069004e-01
    -4.59542811e-01 -6.39724255e-01 -7.71338046e-01 -6.31093085e-01
    -9.22436655e-01 -2.94460475e-01 -6.18130088e-01 -1.93009377e-01
    -7.03298032e-01 -3.53473306e-01 -2.14106143e-01 -1.51110590e-01
    -4.95265782e-01 -6.13026440e-01 -4.86530602e-01 -3.06203961e-02
    -3.23208809e-01 -9.92619991e-03 -3.02924752e-01 -4.59311187e-01
    -3.64946008e-01 -9.59510148e-01 -3.79727304e-01 -5.77409923e-01
    -3.14746797e-01 -9.10171509e-01 -4.56292510e-01 -4.98968184e-01
    -3.88290524e-01 -2.60167003e-01 -1.84507847e-01 -3.33515048e-01
    -4.47572887e-01 -7.80249357e-01 -2.66068816e-01 -5.71118414e-01
    -4.27578330e-01 -9.55658674e-01 -4.13704515e-02 -3.64397466e-01
    -7.49117315e-01 -5.50849140e-01 -8.88780177e-01 7.53477812e-02
    -7.86693335e-01 -2.87070096e-01 -7.30751991e-01 -5.81201017e-01
    -7.00232983e-01 -7.20223665e-01 3.60123515e-02 -7.78946996e-01
    -4.87320483e-01 -6.81912065e-01 -1.91844642e-01 -8.00823331e-01
    -5.44808984e-01 -3.67122829e-01 -1.94660544e-01 5.51924706e-02
    -5.02786160e-01 -2.12465465e-01 -3.50111246e-01 -4.74939644e-01
    -7.40951061e-01 -3.86939168e-01 -5.48362315e-01 -2.43886650e-01
    -1.06650829e+00 -1.04152095e+00 -1.06185579e+00 -1.80371046e-01
    -1.90998435e-01 -2.09581256e-01 -1.66498423e-01 -5.07176638e-01
    -9.58491623e-01 -1.00374103e-01 -8.94490361e-01 -6.38827085e-02
    -8.81803751e-01 -5.55609345e-01 4.15837169e-02 -5.81550717e-01
    -7.73359239e-01 -1.56083167e-01 -7.07895756e-02 5.34558296e-03
    -8.94118965e-01 -6.55401766e-01 -6.55958176e-01 -5.28718352e-01
    -4.16235507e-01 -7.87913799e-03 -4.35131729e-01 -7.90565729e-01
    -3.64528537e-01 -8.50906610e-01 -7.78463960e-01 -2.95718789e-01
    -4.72336084e-01 -8.16479683e-01 -4.90978539e-01 -4.39114124e-01
    -7.50278294e-01 -6.90955162e-01 -5.10673106e-01 7.04689622e-02
    2.88742781e-02 -6.91389799e-01 -8.52409303e-01 -8.10665846e-01
    -3.99702728e-01 -8.07526231e-01 -2.89585590e-02 -1.20341718e-01
    -2.86404490e-02 -4.02171254e-01 -8.84268641e-01 -1.69087887e-01
    -2.07720637e-01 -4.35337067e-01 -9.95755851e-01 -2.24854410e-01
    -7.33669877e-01 -3.73473525e-01 -6.94733202e-01 -3.06551576e-01
    -2.79735208e-01 -2.42506504e-01 -6.52200758e-01 -1.03088951e+00
    -3.07184041e-01 -9.86532986e-01 -2.10998535e-01 -1.32701933e-01
    -7.17063487e-01 -2.95175910e-02 -9.14805889e-01 -6.68250978e-01
    -2.80833006e-01 -2.86279142e-01 -9.44109797e-01 -8.02714705e-01
    -7.96752274e-01 -5.06036401e-01 -9.15432572e-02 -7.56071091e-01
    -1.77081048e-01 -4.46383953e-02 -3.62690985e-01 -5.78672588e-01
    -9.05287206e-01 -6.79251909e-01 -3.59507620e-01 -6.06651962e-01
    -6.29310369e-01 7.44705200e-02 -8.20599198e-01 -2.96897173e-01
    5.09833694e-02 -8.52099657e-01 -2.20920444e-01 -2.76853859e-01
    -2.38238931e-01 -3.37663710e-01 2.11670995e-01 -1.25278085e-01
    -2.98435807e-01 -4.80552584e-01 7.80600309e-02 -2.55062163e-01
    -9.83514547e-01 -1.08713031e-01 -9.83727574e-01 -8.73040497e-01
    -4.33920145e-01 -1.90008938e-01 -1.19439185e-01 -5.11683226e-02
    -7.59878337e-01 -7.86746740e-01 -1.43741071e-01 -6.96767449e-01
    -2.93038785e-01 -3.53309274e-01 -8.77016664e-01 -7.83000648e-01
    8.27443600e-03 -3.03068876e-01 -9.67621863e-01 -5.73635399e-01
    -5.69960654e-01 -6.47079051e-01 -1.66576743e-01 -7.20298409e-01
    -9.11774516e-01 -6.87553465e-01 -1.99565291e-02 -2.79916346e-01
    -4.05214429e-02 -8.41806889e-01 -5.61275125e-01 -3.21962595e-01
    -5.59731901e-01 -1.37982547e-01 -1.70876265e-01 -4.07768428e-01
    -3.92989397e-01 -8.45301211e-01 -2.87279069e-01 -1.40788734e-01
    -6.37505949e-01 -8.57227445e-01 -5.66726685e-01 -8.63931298e-01
    -4.77960467e-01 -1.03701186e+00 -8.24360251e-02 -7.13839650e-01
    -7.06803620e-01 -1.11859441e-01 -6.13338590e-01 -8.26177180e-01
    -4.74095076e-01 4.29289341e-02 -6.66977465e-01 -5.79757214e-01
    1.15293741e-01 -4.16703075e-01 -3.40685606e-01 -7.89633155e-01
    -5.63888311e-01 -6.94596529e-01 -2.34306931e-01 -2.51575649e-01
    -6.77370429e-01 -5.32932341e-01 -1.62226915e-01 -1.15530074e-01
    -8.21716905e-01 -1.62471533e-01 -6.30592823e-01 -6.20230556e-01
    -3.60532701e-01 -8.91192198e-01 -3.61083984e-01 -2.70581067e-01
    -7.73078084e-01 -4.06352162e-01 -4.20565367e-01 -9.24438119e-01
    -4.46777105e-01 -4.15194273e-01 -5.42288899e-01 -5.61476231e-01
    -9.01034713e-01 -7.21257687e-01 -7.26849914e-01 -8.13507676e-01
    -3.56581092e-01 -3.30096900e-01 -6.76740885e-01 -8.75462651e-01
    -2.92899787e-01 -8.24742913e-01 -1.00613892e-01 -4.05143440e-01
    -7.86402583e-01 -4.42284435e-01 -4.58078027e-01 -6.41552746e-01
    -4.15577114e-01 -1.00557804e-01 -8.84843111e-01 -6.95830584e-02
    -8.68629336e-01 -3.93552244e-01 -3.55941653e-01 -3.21048141e-01
    -5.88157415e-01 -2.05641568e-01 -5.21845639e-01 -3.55488360e-01
    -6.66176200e-01 -3.47739935e-01 -9.06484842e-01 -4.47036743e-01
    -2.65173376e-01 -3.15764427e-01 -1.89947426e-01 -8.69915009e-01
    -8.90482545e-01 -3.54281008e-01 -5.99478424e-01 -4.47431237e-01
    -5.33580780e-01 -8.89560163e-01 -2.37401247e-01 -4.65526879e-01
    -7.00970531e-01 -2.37320483e-01 -4.14486170e-01 -6.59860909e-01
    -8.37322056e-01 5.70263863e-02 -5.32714725e-01 1.74517035e-02
    -5.95208526e-01 3.94630432e-02 -6.72176421e-01 -1.32997692e-01
    -2.54758954e-01 -6.74610972e-01 -4.86809671e-01 -7.59671271e-01
    -4.60041761e-02 -3.07029665e-01 -1.49625659e-01 -7.72512972e-01
    -6.87052965e-01 -3.24011028e-01 -3.64946961e-01 -5.83620429e-01
    -6.04720235e-01 -8.17048192e-01 -1.70825303e-01 -1.06903911e+00
    -1.58051133e-01 -3.40633869e-01 -1.71802640e-01 -1.67483449e-01
    -2.29814470e-01 -3.56548607e-01 -8.58405650e-01 -5.81813335e-01
    -5.01234591e-01 1.06067061e-02 -8.59608054e-01 -8.55914712e-01
    -1.87343061e-01 -7.36722469e-01 -1.86665893e-01 -5.69136083e-01
    -4.77766663e-01 -1.22872949e-01 -5.13409257e-01 -4.81586456e-02
    -3.80714118e-01 -4.66232002e-01 -5.26519418e-01 -7.77716458e-01
    -5.05491495e-02 1.43664479e-02 -5.25006056e-02 -4.51471806e-01
    -8.53106081e-01 2.69219279e-02 -8.54463279e-01 -2.68790126e-01
    -8.32918286e-01 2.10417509e-02 -5.43620229e-01 -3.60884726e-01
    -5.95452785e-01 -6.67718291e-01 -9.01695132e-01 -4.82509434e-01
    -2.52123713e-01 -3.56492043e-01 -7.99014688e-01 -4.04064596e-01
    -8.48147273e-01 -1.03185415e-01 -8.25494528e-01 -8.69429588e-01
    -1.00824463e+00 -1.35702610e-01 -8.01641107e-01 -7.08070338e-01
    -4.43844438e-01 -1.72939897e-01 -6.85207784e-01 -8.96919489e-01
    -4.64304507e-01 -5.30579209e-01 -3.35529804e-01 -2.86419928e-01
    -5.58834910e-01 -6.09250426e-01 -2.29789674e-01 -9.39693928e-01
    -8.93511295e-01 -3.08066428e-01 -4.14916992e-01 -4.48385656e-01
    -1.65771484e-01 -1.30248189e-01 -5.10843039e-01 -3.38961482e-01
    -4.89257783e-01 -4.46436107e-01 -5.61116934e-02 -9.11239266e-01
    -5.92316985e-01 -1.85355783e-01 -4.94460464e-02 -7.28511810e-01
    -4.42232907e-01 -5.31454027e-01 -6.07140660e-02 -1.97680473e-01
    -8.88307869e-01 -5.35399437e-01 -4.65463161e-01 -9.12903190e-01
    -2.58400023e-01 -4.44143116e-01 -5.68792701e-01 -7.20017016e-01
    -1.58930779e-01 -6.20230675e-01 -6.07054830e-01 -3.79542112e-02
    -3.11108708e-01 -7.53053904e-01 -1.06082559e-01 -2.33367860e-01
    -4.10492778e-01 -4.58562911e-01 -8.45385432e-01 -5.63287258e-01
    -5.32421947e-01 -1.01502037e+00 -3.93545449e-01 -7.48746514e-01
    -7.96819806e-01 -6.77805185e-01 -5.78870058e-01 -9.01905179e-01
    -7.57468939e-01 -9.30489600e-01 -4.05842721e-01 -7.06692338e-02
    -6.62799776e-01 -5.76740801e-01 -4.43843782e-01 -3.71161282e-01
    -4.98189807e-01 -9.67224598e-01 -8.77631783e-01 -8.12443495e-02
    -4.69794154e-01 -1.13660157e-01 -8.98855329e-01 -6.46205902e-01
    -5.05425334e-02 -4.54434633e-01 -2.86394358e-01 -8.62603307e-01
    -1.03522360e-01 -5.50402582e-01 -6.35009527e-01 -6.22304320e-01
    -5.58898032e-01 -3.50776732e-01 -6.10735059e-01 -6.11238122e-01
    -1.05396152e-01 -1.02971733e-01 -2.89917886e-01 -4.99295294e-01
    -6.91892385e-01 -8.70682001e-02 -1.25924945e-01 -7.29907870e-01
    -4.77983952e-01 -6.77039802e-01 -4.00419116e-01 -3.66694927e-01
    -5.67097664e-01 -6.57831967e-01 -5.37186742e-01 -5.45147061e-01
    -5.06229818e-01 -7.95170546e-01 -8.70511711e-01 -3.82230729e-01
    -3.73831570e-01 -8.75704885e-02 4.79007959e-02 -7.71667898e-01
    -3.12173665e-01 -8.75264049e-01 -3.88014317e-03 -4.59807396e-01
    -6.54018641e-01 -1.65488362e-01 -7.65071929e-01 -8.26003551e-02
    -5.17342150e-01 -1.61047816e-01 -5.33428907e-01 -3.40274751e-01
    -6.92359567e-01 -8.11847329e-01 -2.96703577e-02 -4.90909040e-01
    -6.74112260e-01 -6.21791482e-02 -4.69209254e-01 -9.47764039e-01
    -5.82100391e-01 -4.47294354e-01 -1.49910688e-01 -7.14119792e-01
    1.79476142e-02 -5.28963208e-02 -6.93105519e-01 3.88210416e-02
    -3.55683208e-01 -4.88464057e-01 -4.19205070e-01 -9.00508404e-01
    -5.42809784e-01 -5.02214432e-01 -1.89388394e-01 -7.96390653e-01
    -7.01929927e-01 -7.47691214e-01 -3.55585217e-02 -7.61169434e-01
    -8.00764561e-01 -5.64101160e-01 -4.34566259e-01 -1.16657078e-01
    -4.96631920e-01 -5.96387386e-02 -7.70146847e-02 -7.95228660e-01
    -6.03735685e-01 -8.12482357e-01 -1.54485166e-01 -3.14517140e-01
    -4.50459123e-01 -4.06072497e-01 -6.88853621e-01 -8.83143663e-01
    -2.71388888e-02 -5.20742178e-01 -7.28578329e-01 -8.04797888e-01
    -1.37092412e-01 -7.29347885e-01 -6.96146131e-01 -5.90648353e-01
    -3.16850901e-01 -4.33693737e-01 -6.60100579e-01 -8.48558068e-01
    -9.72822905e-02 -8.63713026e-01 -5.34487784e-01 -4.54636157e-01
    -2.75287330e-01 -4.25229669e-02 -4.44786906e-01 -6.65502906e-01
    -5.83235443e-01 -4.86037314e-01 -8.13311458e-01 -7.21311033e-01
    -1.21415615e-01 -3.30236495e-01 -7.13058829e-01 -7.21218705e-01
    -9.46289837e-01 -1.25288367e-01 -9.63496327e-01 -7.83147991e-01
    -1.85437500e-01 -5.01763225e-01 -2.85517216e-01 -4.70976710e-01
    -1.43794417e-01 -9.30962086e-01 -6.90468252e-01 -8.32725167e-01
    -2.00155973e-02 -8.01783681e-01 -8.83026600e-01 -1.46384299e-01
    -4.33402658e-02 -6.25741482e-02 -8.26507211e-01 -4.57401991e-01
    -7.34129369e-01 -8.46208096e-01 -5.61132133e-01 -8.87175679e-01
    -9.19474602e-01 -8.42785001e-01 -2.99977601e-01 -7.75647759e-01
    -6.96832418e-01 -6.91168129e-01 -1.57900870e-01 -5.31686783e-01
    -8.14014316e-01 -7.36860275e-01 -6.26725197e-01 -4.74811792e-02
    -6.12103820e-01 -1.04281604e-01 -8.15409184e-01 -4.74140346e-01
    -2.47317612e-01 -3.49321574e-01 -7.84030199e-01 -1.40551150e-01
    -8.56675982e-01 -5.13821304e-01 -6.72698617e-01 -4.99376267e-01
    -6.53713942e-02 -4.94279087e-01 -1.66170895e-01 -2.18350053e-01
    -1.22160435e-01 -2.75745094e-01 -8.16970825e-01 -9.49753404e-01
    -3.81581128e-01 -1.99517369e-01 -2.61809289e-01 -3.71202946e-01
    -4.87930357e-01 -1.32121801e-01 -9.63479400e-01 -9.36554074e-01
    -1.88035131e-01 -6.49428189e-01 -6.56607568e-01 -2.77967274e-01
    -4.72206891e-01 -4.17959690e-01 -3.40726137e-01 -8.62617493e-02
    -6.47074759e-01 -6.53650165e-02 -1.85702443e-01 -4.44383979e-01
    -9.66989696e-01 -1.09419882e-01 -9.64142203e-01 -3.23660672e-01
    -6.06654286e-02 -7.47387528e-01 -7.33695030e-02 -7.98127294e-01
    -6.82267189e-01 -9.64652777e-01 -4.32487130e-01 -3.88556242e-01
    -4.12175059e-02 1.77156925e-02 -5.46811223e-02 -5.97757876e-01
    -3.70693147e-01 -2.67339408e-01 -6.43986702e-01 -5.64448595e-01
    -4.10046101e-01 1.53427124e-02 -8.08332503e-01 -3.45151722e-01
    -3.69809538e-01 2.09541678e-01 -2.90713310e-02 1.82142913e-01
    -1.60178423e-01 -1.13413930e-02 -8.68049383e-01 -1.35115743e-01
    -7.57136822e-01 -4.14266467e-01 -2.30669856e-01 -8.19800854e-01
    -7.58271098e-01 -6.29120946e-01 -6.06255174e-01 -6.09021187e-01
    -3.03319097e-01 -7.92891383e-01 -9.51283872e-01 -1.29504383e-01
    -1.97392941e-01 -3.17003667e-01 -8.92500758e-01 -1.15537882e-01
    -9.76301074e-01 -1.11621022e-01 -1.00991333e+00 -1.64718449e-01
    -2.49286413e-01 -9.05900240e-01 -2.45343685e-01 -1.67820334e-01
    -1.43230319e-01 -6.54794812e-01 -8.67653012e-01 -4.74172354e-01
    -4.59786952e-01 -6.45213842e-01 -3.35856497e-01 -3.79982293e-01
    -3.85903597e-01 -6.03482068e-01 -1.68040097e-01 -9.18248296e-02
    -7.81926692e-01 -2.92750239e-01 -4.47753370e-01 -7.59339809e-01
    -3.65798116e-01 -6.03417277e-01 -4.59729791e-01 -2.78770804e-01
    -9.09371436e-01 -3.75118017e-01 -1.41597390e-01 -9.76425648e-01
    -7.26471901e-01 -1.80965602e-01 -8.65472972e-01 -1.82200313e-01
    -5.38433075e-01 -8.62522840e-01 -5.69681764e-01 2.94444561e-02
    -8.20824385e-01 -5.10203719e-01 -8.21056247e-01 -5.49432158e-01
    -1.31189823e-01 -1.16807401e-01 -8.46033156e-01 -5.56478739e-01
    -1.18327200e-01 -6.72978401e-01 -3.44383419e-01 -7.15998530e-01
    -6.32000983e-01 -6.59616709e-01 -1.97559118e-01 -1.49568141e-01
    -8.30444455e-01 -5.96202970e-01 -4.08027411e-01 -6.52328849e-01
    -9.48987246e-01 -8.67325306e-01 1.56080127e-02 -9.40007091e-01
    -6.09220147e-01 -3.36167812e-01 -4.60350931e-01 -5.86337447e-01
    -4.51491386e-01 -2.31413484e-01 -2.53467858e-01 -1.72754407e-01
    -5.49840212e-01 -7.60533214e-01 -9.03781295e-01 -8.69025886e-01
    -3.78120124e-01 -3.00108492e-01 -3.50814462e-02 -7.80572474e-01
    -3.01353335e-01 -5.17513990e-01 -4.57935214e-01 4.72989678e-02
    -5.74293017e-01 -8.59016895e-01 -7.54360795e-01 -2.83201575e-01
    -2.77880549e-01 -8.02191019e-01 -5.05849600e-01 -5.57363868e-01
    -8.89209807e-01 -8.61379206e-01 -4.84478056e-01 -5.69132090e-01
    -3.36525202e-01 -7.04551876e-01 -5.95937014e-01 -1.92152858e-02
    -7.40406036e-01 -8.77960086e-01 -3.28043878e-01 -9.84479785e-02
    -5.50063789e-01 -8.46232414e-01 -4.63912308e-01 -5.94655633e-01
    -8.10211062e-01 -7.73624182e-02 -5.96160889e-02 -2.23603368e-01
    -2.62214541e-01 -5.35618544e-01 -8.67947400e-01 -2.00921535e-01
    -6.07608199e-01 -8.12564492e-01 -3.02167177e-01 -6.75187230e-01
    -4.36316371e-01 -8.80869627e-02 -2.99015403e-01 -2.08847106e-01
    -4.05871779e-01 -2.42874622e-02 -5.06333172e-01 -5.99823236e-01
    -5.44676065e-01 -2.06322789e-01 -3.04446816e-01 -7.27054358e-01
    -2.51166344e-01 -8.28812599e-01 -1.46308661e-01 -1.17913425e-01
    -4.68244433e-01 -3.42501879e-01 -8.09986591e-01 -6.67445600e-01
    -2.02788234e-01 -6.83779001e-01 -6.73889577e-01 -4.52587485e-01
    -4.75028753e-01 -2.10784018e-01 -7.39019215e-01 -1.54206514e-01
    -4.97032970e-01 -6.56114221e-01 -3.31621170e-02 -4.59007800e-01
    -1.12042606e-01 -2.32564330e-01 -4.02738839e-01 -3.14836860e-01
    -2.81347036e-01 -1.92845285e-01 -5.96624672e-01 -2.66583145e-01
    -7.95409203e-01 -6.84900880e-01 -6.89406157e-01 -8.16243410e-01
    -2.05379725e-01 -3.29319179e-01 -7.15200186e-01 -3.44035387e-01
    -5.39749742e-01 -9.34228778e-01 -2.48687863e-01 -7.28664577e-01
    -7.49719024e-01 -4.45234537e-01 -6.39302254e-01 -7.14536309e-01
    -7.85674453e-02 -3.72673035e-01 -2.59593487e-01 -7.50049114e-01
    -4.32809591e-01 -4.71280932e-01 -7.61797845e-01 -3.94117773e-01
    -8.07141364e-01 -5.78571439e-01 -2.63284087e-01 -6.45491481e-01
    -6.78528547e-01 -3.45187068e-01 -4.96686161e-01 -3.59648287e-01
    -6.99473143e-01 -8.03047538e-01 -8.77390146e-01 -1.61360621e-01
    -7.73597896e-01 -1.87436998e-01 -9.69435155e-01 -9.38416064e-01
    -9.78544533e-01 -4.59676504e-01 -2.33918786e-01 -7.31656134e-01
    -7.96517849e-01 -9.31676328e-01 -8.49838138e-01 -4.82765853e-01
    -3.55838895e-01 -6.88580155e-01 -5.35572767e-02 -4.41363394e-01
    -2.73216009e-01 -4.69645321e-01 -9.35770750e-01 -1.12580359e-01
    -5.47745824e-02 -5.09855807e-01 -1.46391273e-01 -6.89420879e-01
    -7.86080480e-01 -6.90493107e-01 -9.31191504e-01 -6.73935294e-01
    -6.16468012e-01 -8.42611432e-01 -7.31430888e-01 -1.98060811e-01
    -1.87608063e-01 -2.30565846e-01 -2.75180101e-01 -5.42855561e-01
    -6.88758254e-01 -4.91473138e-01 -5.07451296e-01 -1.52107358e-01
    2.51769960e-01 -2.74758101e-01 -1.11250520e-01 -3.59434366e-01
    -7.49764740e-01 -3.80077839e-01 -5.47788262e-01 -5.02943814e-01
    -3.19944143e-01 -8.69553685e-01 -4.05816317e-01 -6.53935909e-01
    -1.00024104e-01 -1.43518448e-01 -3.11106443e-02 -6.04664564e-01
    -2.23799169e-01 -6.97620213e-01 -1.15380347e-01 -4.59075987e-01
    -3.30780685e-01 -9.78566766e-01 -7.44981468e-01 -7.85773993e-02
    -1.33092880e-01 -1.59208059e-01 -3.11088979e-01 -4.61983919e-01
    -2.40600824e-01 -4.00153458e-01 -1.10869646e-01 -8.76238167e-01
    -6.27375126e-01 -3.72104585e-01 1.13501549e-02 -9.05396938e-01
    -4.14807379e-01 -1.01054251e-01 -5.94431221e-01 -8.25021267e-01
    -1.46765649e-01 -8.71178687e-01 -4.47137833e-01 -6.77449584e-01
    -6.58400536e-01 -5.97341299e-01 -2.48085380e-01 -4.50021625e-01
    -8.47551405e-01 -1.44487560e-01 -3.87804687e-01 -7.03590035e-01
    -7.72626281e-01 -3.05842102e-01 -9.89254117e-01 -1.60084665e-01
    -4.87725735e-02 -3.81862998e-01 -3.92953932e-01 -8.89558971e-01
    8.69238377e-02 -3.22416365e-01 6.97345734e-02 -3.69553208e-01
    -4.13261086e-01 -6.53500080e-01 -5.44146895e-02 -8.43988001e-01
    -2.97066569e-02 -7.60977030e-01 -2.19286501e-01 -9.43170071e-01
    -1.17103219e-01 -4.13517475e-01 -2.07464576e-01 -8.45124722e-01
    -9.95286703e-01 -1.66117013e-01 -4.52763915e-01 -8.50046754e-01
    -6.14983380e-01 -1.53742015e-01 -1.07051551e-01 -1.62329614e-01
    -7.37936199e-01 -5.71887851e-01 -1.76499546e-01 -2.24951506e-02
    -2.86591887e-01 -9.32751536e-01 -5.76976418e-01 -7.90374875e-01
    -4.94521439e-01 -7.30528772e-01 -2.71103144e-01 -1.27209127e-01
    -2.15480506e-01 -2.04231143e-01 -7.05963969e-02 -4.18484628e-01
    -4.64069635e-01 -4.37830508e-01 -6.70877755e-01 -2.77110815e-01
    -5.05934715e-01 -7.33193874e-01 -7.93749511e-01 -2.66054094e-01
    -3.93314302e-01 -4.11318243e-01 -6.12995923e-01 -4.52031255e-01
    -1.64236665e-01 -2.74395168e-01 -2.65985608e-01 -4.71799046e-01
    -8.88276100e-01 -9.39860880e-01 -8.66008401e-02 -8.52446556e-01
    -7.59707034e-01 -9.14077640e-01 -8.16597879e-01 -7.16647565e-01
    -2.79351473e-02 -3.55684042e-01 -3.19601297e-02 -4.59349155e-03
    -9.25071955e-01 -7.66134858e-02 -5.63941240e-01 -5.93724847e-01
    -9.49048400e-02 -1.85385406e-01 7.31688738e-03 -7.88524568e-01
    -1.13032162e-01 -2.19442368e-01 1.32833123e-02 -2.38560081e-01
    -8.92578125e-01 -7.63870597e-01 -4.47978020e-01 -6.76582694e-01
    -7.94718027e-01 -7.82120109e-01 6.95341825e-03 -7.40974903e-01
    -5.36440194e-01 -3.59692931e-01 6.34917021e-02 -2.52176404e-01
    -8.48980308e-01 -5.31017959e-01 -8.65224481e-01 -7.70059705e-01
    -5.71223915e-01 -4.66316164e-01 -5.09266973e-01 -4.06916976e-01
    -3.33077490e-01 -8.17940474e-01 -7.57184029e-01 -3.43767226e-01
    -4.86736715e-01 -2.98859596e-01 -9.54418182e-01 -6.52253389e-01
    -3.04599285e-01 -3.63214016e-01 -3.30539525e-01 -2.18093991e-01
    -8.21492612e-01 -3.88760149e-01 -7.00001240e-01 -4.82320249e-01
    -1.21615171e-01 -3.73135388e-01 -3.25311422e-02 -4.59772348e-02
    -2.33631492e-01 -6.55066192e-01 -8.84618640e-01 -9.45581079e-01
    -2.44194508e-01 -3.14433038e-01 -9.19717789e-01 -4.61692035e-01
    -8.71080339e-01 -2.03039527e-01 -5.05190492e-02 -5.45557439e-01
    -6.61373913e-01 -6.50318980e-01 -2.51880646e-01 -8.10062051e-01
    -4.82242525e-01 -3.27117503e-01 -3.71451497e-01 -1.49802446e-01
    -9.59776044e-01 -3.15151572e-01 -6.50625229e-01 -9.36678410e-01
    -1.51333690e-01 -6.64032519e-01 -4.90060329e-01 -9.35916305e-01
    -1.34349108e-01 -7.64026761e-01 -3.11930776e-01 -7.33505487e-01
    -9.13626671e-01 -6.52346373e-01 -4.21439111e-01 -1.28057122e-01
    -3.00106823e-01 -3.06868553e-01 -1.08152092e-01 -9.00583863e-01
    -1.92157269e-01 -6.38321996e-01 -1.02864385e+00 -1.52732313e-01
    -1.56505287e-01 -8.00331712e-01 -3.71065438e-01 -2.54069924e-01
    -8.25953007e-01 -6.40646517e-01 -8.67731333e-01 -4.77928072e-01
    -3.90330970e-01 -4.26276088e-01 -1.94454134e-01 -9.26244020e-01
    -4.14737463e-01 7.21037388e-03 -4.47203457e-01 -3.24453712e-02
    -9.37297821e-01 -1.41716003e-03 -4.03736353e-01 -7.20993400e-01
    -3.95582259e-01 -9.76734161e-02 -4.45011854e-02 -2.27204025e-01
    -3.48700225e-01 -7.33015656e-01 -6.23202443e-01 -8.27319026e-01
    -5.83849549e-01 -2.35352337e-01 4.32893634e-02 -3.86046529e-01
    2.19874084e-01 -3.60655248e-01 -2.52056360e-01 -1.22498512e-01
    -1.66654706e-01 -1.03555465e+00 -1.40270114e-01 -2.59529889e-01
    -7.35056400e-02 -2.58704782e-01 -5.43141842e-01 -7.05652893e-01
    -2.26407528e-01 -3.95310402e-01 -2.61060059e-01 -3.04413080e-01
    -6.51893139e-01 -5.59125423e-01 -4.26460862e-01 -3.40153158e-01
    -1.18616819e-02 -2.77255774e-01 -3.64197135e-01 -9.58422720e-01
    -6.18655920e-01 -9.13907290e-02 -8.38558316e-01 -1.65725052e-01
    -3.16763759e-01 -9.02500451e-01 -4.10807848e-01 -8.04346681e-01
    -1.06955707e-01 -1.76342845e-01 -8.07154059e-01 -9.03460503e-01
    -9.06552672e-02 -6.69376791e-01 -5.89151144e-01 -5.26019573e-01
    -8.24480414e-01 -1.63595319e-01 -6.30594492e-02 -5.11755586e-01
    -4.21474516e-01 -4.08863544e-01 -4.27058399e-01 -6.53145909e-01
    -4.37624097e-01 -2.24686205e-01 -8.07395697e-01 -1.06322289e-01
    -2.93668032e-01 -2.25202680e-01 -4.77697968e-01 -2.45093822e-01
    -7.52023220e-01 -1.45307183e-02 -8.36066723e-01 -8.66520762e-01
    -5.59121251e-01 -5.61349690e-01 -5.82994819e-02 -2.86909401e-01
    -7.52001762e-01 8.84822607e-02 -5.23511767e-01 -4.82215226e-01
    -6.63939238e-01 -7.89540052e-01 -4.10635471e-02 -7.44510829e-01
    -4.67181206e-01 -3.86898637e-01 -8.35840702e-02 -7.89156914e-01
    -7.03067660e-01 -3.88926387e-01 -6.40756428e-01 -2.78769255e-01
    -2.65711665e-01 -6.70392096e-01 -8.00907969e-01 -6.80642247e-01
    -5.35598695e-01 -6.11529887e-01 -5.48363090e-01 -8.37867260e-01
    -7.56588697e-01 -2.77623713e-01 -4.54899669e-01 -7.14626551e-01
    -2.19521821e-01 -5.59346795e-01 -8.58587861e-01 -2.23842919e-01
    -6.87817514e-01 -9.11995411e-01 -1.94069743e-01 -6.75812125e-01
    -3.94119918e-01 -9.47898865e-01 -1.37285054e-01 -2.99465597e-01
    -5.95695376e-02 -6.72165632e-01 -2.32879400e-01 -8.12395573e-01
    6.34987354e-02 -4.25972462e-01 -4.04661775e-01 -6.63504362e-01
    -5.96474290e-01 -4.71789837e-02 -8.29426587e-01 -5.42877555e-01
    -9.35086012e-02 -7.42104769e-01 -3.74719024e-01 -8.12413692e-01
    -1.62222683e-01 -1.58644080e-01 -4.89314348e-01 -4.79586422e-01
    -5.16279221e-01 -2.91981697e-02 -8.07513595e-02 -5.90327859e-01
    -2.42905915e-01 -9.50187445e-02 -8.21588635e-01 -8.68305802e-01
    -8.35599542e-01 5.13545275e-02 -8.29973578e-01 -8.66632342e-01
    -8.78198028e-01 -8.77712011e-01 -2.68269539e-01 -3.03024948e-01
    -3.41239333e-01 -2.69925714e-01 -2.10506022e-01 -4.62666154e-02
    -3.21009368e-01 -7.57444739e-01 -3.74700040e-01 -5.38754821e-01
    -5.86776853e-01 -3.32638860e-01 -8.24165106e-01 -3.79956663e-01
    -8.62372220e-01 -2.00701833e-01 -5.11268318e-01 -3.45085680e-01
    -8.02191973e-01 -1.04849076e+00 -3.29750657e-01 -5.29190302e-01
    -4.58027661e-01 -8.06776524e-01 -9.94264483e-01 -3.63479972e-01
    -9.39755917e-01 -8.65162730e-01 -2.19431341e-01 -4.46249545e-01
    -3.12258244e-01 -7.94508696e-01 -1.47269905e-01 -4.38651502e-01
    -6.16183639e-01 2.02461481e-02 -7.82483339e-01 -7.22922325e-01
    -7.80862391e-01 -8.23953748e-01 -7.59114623e-02 -5.79619467e-01
    -1.20366752e-01 -8.96117091e-01 -4.29101408e-01 -5.29283285e-03
    -1.79226995e-01 -1.46699667e-01 -3.79925489e-01 -3.41835022e-01
    -9.97282863e-02 -3.16007674e-01 -1.32134378e-01 -1.19339049e-01
    -7.95240998e-02 -9.03165579e-01 -4.59821701e-01 -1.19915545e-01
    -8.57353091e-01 -5.36506236e-01 -2.26876974e-01 -4.15879190e-01
    -6.84308171e-01 -8.92187953e-01 -3.78251076e-01 -4.99992728e-01
    -2.15004802e-01 -4.30034041e-01 -7.66834378e-01 -6.62704110e-01
    -2.48625040e-01 -3.30046356e-01 -3.03703547e-01 -4.99816656e-01
    -3.44854951e-01 -8.38744044e-01 -6.72575712e-01 -1.74834192e-01
    -5.21595418e-01 -3.46949756e-01 -7.78900862e-01 -8.39244008e-01
    -3.07700872e-01 -2.13298559e-01 -2.28190064e-01 -2.11320043e-01
    -9.49195147e-01 -4.23991680e-01 -7.68133879e-01 -1.37810111e-01
    -2.70586789e-01 -7.43816674e-01 -6.37391448e-01 -9.52088177e-01
    -4.61368442e-01 -5.65707564e-01 -3.83555293e-01 -6.36814415e-01
    -8.29718351e-01 -4.62017924e-01 -3.20567131e-01 -9.08473015e-01
    -5.69405913e-01 -6.71060681e-02 -5.17291427e-01 -2.67278194e-01
    -2.78363764e-01 -9.24768031e-01 -3.28287125e-01 -8.69146705e-01
    -8.67719293e-01 -6.76779985e-01 -8.25511217e-01 -7.20987082e-01
    -2.38994360e-02 -4.69943881e-02 -1.91357076e-01 2.18647659e-01
    9.74398851e-02 -6.95146322e-01 -1.03068471e-01 -2.31434464e-01
    -5.43209612e-01 -9.22369838e-01 -6.24155402e-01 -3.13410401e-01
    -5.95940113e-01 -7.30817258e-01 -8.72517109e-01 -4.69671786e-01
    -7.42286444e-02 -4.60524201e-01 -4.82862532e-01 -6.78112686e-01
    -6.08646393e-01 -7.13456452e-01 -8.38701427e-01 -7.90507793e-01
    -9.41154718e-01 -7.23711967e-01 -9.14935350e-01 -1.99122250e-01
    -4.90605831e-01 -6.84580922e-01 -7.54602075e-01 -8.18110347e-01
    -5.62344909e-01 -3.71153951e-01 -3.09654653e-01 -8.51026297e-01
    -4.16744232e-01 -2.78386474e-02 -5.94777107e-01 -1.40297949e-01
    -9.14864898e-01 -4.51765716e-01 -4.43172723e-01 -2.34756351e-01
    -2.72854686e-01 -2.09493876e-01 -1.45916224e-01 -1.32524848e-01
    -9.01108265e-01 -5.96154451e-01 -1.54972076e-01 -3.18526089e-01
    -8.35565925e-02 -9.09526229e-01 -6.35698557e-01 -6.24551415e-01
    -4.25137877e-01 -9.97486353e-01 -3.65705788e-01 -3.31647873e-01
    -1.89816594e-01 -1.93909287e-01 -7.85462320e-01 -3.21766853e-01
    -5.86157560e-01 -4.37301278e-01 -6.53874218e-01 -7.21607447e-01
    -2.52780616e-01 -5.90190768e-01 -2.47035980e-01 -7.59619117e-01
    -5.29805958e-01 -5.15175581e-01 -4.45220023e-01 -7.81972408e-02
    -7.13300943e-01 -2.52690315e-02 -1.89442396e-01 -7.98920870e-01
    -9.84734297e-02 -5.34205258e-01 -3.10397148e-02 -8.99396777e-01
    -5.72365463e-01 -1.00167811e-01 -4.62908566e-01 -4.49315846e-01
    -6.15406454e-01 -9.32679534e-01 -2.99780428e-01 -2.23877430e-02
    -6.01720810e-01 -1.45894408e-01 -4.65073407e-01 -3.75486970e-01
    -3.20131302e-01 -2.20417976e-04 -5.57682037e-01 -7.05826044e-01
    -6.73331618e-01 -3.92581344e-01 -1.75799668e-01 -8.52474093e-01
    -9.17294383e-01 -2.59696305e-01 -7.51104236e-01 -1.69563651e-01
    -8.29596877e-01 -1.92927897e-01 -5.27943254e-01 -9.03589368e-01
    -5.13825595e-01 -5.39989710e-01 -4.72291023e-01 -7.34781802e-01
    -1.15970731e-01 -8.56899559e-01 -8.58240545e-01 -6.93863153e-01
    -3.18923473e-01 -2.63958573e-02 -6.63477182e-03 -7.01639056e-02
    -7.97108293e-01 9.87589359e-03 -4.26955760e-01 -1.47026062e-01
    -8.84901881e-02 -9.54564095e-01 -5.86479127e-01 -6.21425748e-01
    -9.20282841e-01 -9.27798688e-01 5.04390597e-02 -1.87022805e-01
    -6.16054833e-01 -7.49982595e-02 -7.63643742e-01 -4.14239466e-01
    4.60008383e-02 -6.16507828e-01 -4.63588834e-02 -4.71243620e-01
    -2.39968956e-01 -4.89858150e-01 -8.05343628e-01 -2.05704093e-01
    -5.80828607e-01 -2.25160301e-01 -7.92051911e-01 -6.91565394e-01
    -2.15871990e-01 -6.12658620e-01 -5.60997844e-01 -3.71342063e-01
    -7.25679696e-01 -4.45919514e-01 -1.74620152e-01 -3.93422723e-01
    -6.91352606e-01 -3.62577260e-01 -3.03841710e-01 -8.40641379e-01
    -6.03238344e-01 -8.32741559e-01 -1.40968859e-01 -5.18440723e-01
    -1.92647696e-01 -3.40987921e-01 -5.56509376e-01 -1.06495619e-02
    -6.00060523e-01 -7.60521293e-01 -8.46983612e-01 -5.83637774e-01
    -2.87971318e-01 -9.17638958e-01 1.58047676e-03 -7.63252974e-02
    -6.34410083e-01 -3.45484138e-01 -2.90631831e-01 -1.06912732e-01
    -7.62768388e-01 -9.12785530e-02 -7.59465098e-01 -5.57435930e-01
    -6.91457093e-01 -9.02958930e-01 -4.80237961e-01 -1.00554585e+00
    -6.92404628e-01 -3.70770395e-01 -8.45711470e-01 -2.61478424e-01
    -7.02026248e-01 -5.43270111e-02 -2.57751942e-02 -2.62926221e-02
    -6.53704703e-01 -1.67250514e-01 -9.91723895e-01 -1.01892507e+00
    -9.36298430e-01 -3.63101244e-01 -4.30181384e-01 -6.44408107e-01
    -5.48016846e-01 -2.57482290e-01 -8.50541711e-01 -6.19295537e-01
    -7.52669692e-01 -6.95837498e-01 -3.89844000e-01 -2.67692566e-01
    -6.67780459e-01 -6.34830236e-01 -3.53543639e-01 -9.77484465e-01
    -7.45357573e-01 -4.64686871e-01 -7.36412406e-01 -1.74363375e-01
    -7.98904359e-01 -4.44725156e-01 -6.01592839e-01 -3.15378547e-01
    -5.71459413e-01 -3.70538056e-01 -5.27905345e-01 -3.03105295e-01
    -4.28663492e-01 -7.15599298e-01 -4.22777832e-01 -9.02322829e-01
    -2.30534077e-02 -5.37695229e-01 -1.18025720e-01 -5.54679811e-01
    -6.16494715e-01 -4.06888247e-01 -6.25835419e-01 -2.59508669e-01
    -3.65784466e-01 -7.78609872e-01 -6.26333475e-01 -1.83406174e-01
    -6.10945344e-01 -3.13038468e-01 -2.89906859e-02 -1.68485343e-01
    -1.81307197e-02 4.29093838e-02 9.93098617e-02 4.39142585e-02
    -3.87425780e-01 2.58751512e-02 -1.52276516e-01 -5.13692260e-01
    -2.14403301e-01 -3.27587157e-01 -3.77697110e-01 -5.50292969e-01
    -3.64048719e-01 -9.51983809e-01 -4.39288914e-01 -7.77716398e-01
    -1.37496412e-01 -2.55810261e-01 -3.21404159e-01 -7.31971025e-01
    -7.84989119e-01 -1.49941981e-01 -4.18713212e-01 -3.96281779e-01
    -8.31544816e-01 -6.45980835e-01 -5.66554129e-01 -1.28152251e-01
    1.51858926e-02 -7.76468456e-01 -5.32164872e-01 -2.18590140e-01
    -5.14457703e-01 -4.30036485e-01 -3.45272541e-01 -2.79036760e-01
    -8.30708861e-01 -8.09217691e-02 -5.35089970e-01 -9.10955667e-01
    -1.32811666e-01 -3.75726163e-01 -4.98423755e-01 -3.16856980e-01
    -9.15985227e-01 -4.01404500e-02 -1.01757646e-01 -5.80374956e-01
    -5.76212883e-01 -9.14678156e-01 -3.12476575e-01 -2.48912036e-01
    -6.95062160e-01 -8.87367487e-01 -7.05641925e-01 -7.10816562e-01
    -3.21601510e-01 -5.26151776e-01 -9.37509358e-01 -2.10542679e-02
    -1.38998628e-02 -4.50219452e-01 -6.24433696e-01 -8.40664446e-01
    -4.59531128e-01 -2.93504655e-01 -3.26019883e-01 -4.58945155e-01
    -6.99804962e-01 -6.29508913e-01 -2.91445792e-01 -3.02322507e-02
    -2.63151705e-01 -7.87188411e-01 -5.40708601e-01 -5.89689910e-01
    -2.66708970e-01 -5.12911618e-01 -2.60564327e-01 -5.83284616e-01
    -1.48623228e-01 -5.24924040e-01 -6.08976364e-01 -8.41303527e-01
    -3.50881219e-01 -1.22717738e-01 -5.67233026e-01 -3.13853920e-01
    -9.60550308e-01 -7.11386800e-01 -2.04385161e-01 -1.92212522e-01
    -9.21722054e-02 -7.64674425e-01 -7.20325649e-01 -6.03193402e-01
    -2.07642317e-01 -6.72141552e-01 -3.88769984e-01 -2.34497845e-01
    -6.56529784e-01 -8.86739016e-01 -8.23174715e-01 -5.47510982e-01
    -2.32363760e-01 -3.10411453e-02 -7.04323351e-01 -2.06245780e-01
    -7.34613836e-01 -3.11590910e-01 -4.72648323e-01 -6.43125176e-02
    -3.38306725e-01 -7.02346325e-01 -4.51267421e-01 -8.53891373e-02
    -6.91004932e-01 -3.06409776e-01 -8.67870331e-01 -6.93288445e-01
    -8.25178027e-01 -6.47439361e-02 -1.85111701e-01 -3.11891496e-01
    -4.69002992e-01 -5.74270070e-01 -1.53851509e-01 -6.65601254e-01
    -1.45479918e-01 -9.79678631e-01 -8.30405056e-01 -7.94503450e-01
    -3.15481842e-01 -7.82702208e-01 -4.79938686e-01 -1.35197878e-01
    -4.15514112e-01 -6.59268677e-01 3.39865685e-04 -7.05149591e-01
    -5.77021837e-01 -2.46696711e-01 -4.38003540e-02 -7.07290769e-02
    -1.76657021e-01 -8.85297954e-01 -6.26446187e-01 -4.81129110e-01
    -2.42080390e-01 -3.47235084e-01 -8.52634847e-01 3.34829688e-02
    -7.33177423e-01 1.56925678e-01 -8.13492656e-01 -3.13321948e-01
    -3.50076616e-01 -2.89658487e-01 -8.25359821e-01 -3.01533818e-01
    -7.36068785e-01 -4.54205811e-01 -3.30483556e-01 -1.84300542e-01
    -5.40048957e-01 -7.03026950e-01 -2.66226649e-01 -5.08705199e-01
    -3.81049991e-01 -1.52662754e-01 -3.59308958e-01 -4.99529660e-01
    -4.94945049e-01 -7.11566210e-01 -3.37896526e-01 -7.39241242e-01
    -2.07412302e-01 -4.54313755e-01 -5.21967232e-01 -4.61183667e-01
    -3.99860561e-01 -8.02601099e-01 -3.79790246e-01 -8.45815539e-01
    -3.59348655e-01 -5.34606397e-01 -3.87134135e-01 -5.00476062e-01
    -8.66526723e-01 -5.19849956e-01 -9.61036563e-01 -1.58167243e-01
    -4.80908036e-01 -5.23246765e-01 -5.46751022e-02 -2.77282715e-01
    -5.29195786e-01 -1.00197268e+00 -1.65441692e-01 -8.08842599e-01
    -8.93910170e-01 -9.17686403e-01 -2.39486337e-01 -5.55759311e-01
    -5.21124601e-02 -1.33161902e-01 -3.61762643e-01 -7.08795786e-02
    -1.63121045e-01 -1.49519920e-01 -7.20917106e-01 -5.50459445e-01
    -3.16468179e-01 -7.83827782e-01 -2.06102014e-01 -2.10389316e-01
    -3.86498511e-01 -7.53790021e-01 -3.36760461e-01 -2.85552382e-01
    -4.86860275e-01 -7.47118413e-01 -4.00450587e-01 -3.39699805e-01
    -1.72758698e-01 -2.43932307e-01 -5.39295197e-01 -5.15166461e-01
    -6.63561940e-01 -3.79895926e-01 -7.95199692e-01 -1.08531475e+00
    -7.35513091e-01 -5.30273438e-01 -4.12144005e-01 -4.56393301e-01
    -8.77439618e-01 -2.65967071e-01 -2.31505454e-01 -3.89475703e-01
    -1.65189564e-01 -5.80781460e-01 -8.20979357e-01 -1.18242800e-01
    -8.49964201e-01 -2.22989261e-01 -7.06631899e-01 -2.33927906e-01
    -3.57228637e-01 -6.44939303e-01 -5.99151611e-01 -7.58616447e-01
    -2.60940194e-01 -6.23588443e-01 -1.21260166e-01 -5.93801200e-01
    -6.22941613e-01 -8.83325875e-01 -8.96537781e-01 -4.02270555e-01
    -8.27399492e-02 -5.80974042e-01 -3.85099173e-01 3.61931920e-01
    -7.81677961e-02 -1.81463599e-01 -6.47013187e-02 -2.72366345e-01
    -4.44518149e-01 -2.90194750e-02 -3.12237144e-02 -1.49082482e-01
    -6.21174872e-01 -6.72284186e-01 -7.93897331e-01 -1.64018750e-01
    -2.38766909e-01 -2.42888093e-01 -9.80478764e-01 -5.53076744e-01
    -2.86264896e-01 -3.42915952e-01 -7.21977234e-01 -5.31717539e-02
    -2.72410095e-01 -1.20010555e-01 -1.55362487e-02 -5.41014075e-01
    -8.26546431e-01 -5.23165584e-01 -6.85593963e-01 -6.73517823e-01
    -6.19584322e-02 -6.91992044e-02 -1.52397335e-01 -4.65539366e-01
    -9.04848516e-01 -8.81883740e-01 -7.15086341e-01 -5.86791158e-01
    -3.59560132e-01 -4.56746817e-02 -5.77184141e-01 -6.48640275e-01
    -3.71210754e-01 -2.62457132e-03 -7.36533999e-01 -6.40068710e-01
    -1.19986236e-01 -8.48858833e-01 -3.26084435e-01 -5.74849844e-02
    -9.02542472e-01 -7.41044641e-01 -1.91890776e-01 -9.52590048e-01
    -6.80543363e-01 -4.97390658e-01 -9.70883131e-01 -6.88363791e-01
    -2.76220322e-01 -1.31764412e-01 -6.67413116e-01 -3.70334864e-01
    -6.46747589e-01 -1.32275820e-02 -4.99473453e-01 -8.57172966e-01
    -8.12674463e-01 3.67367864e-02 -7.67767549e-01 -7.63425827e-01
    -5.09414315e-01 3.17543745e-02 -8.24048877e-01 -7.97126651e-01
    -8.03475559e-01 -7.93976784e-02 -7.15917706e-01 -8.28647554e-01
    -8.35720897e-01 -1.73587799e-02 -5.41716456e-01 -4.71153438e-01
    -5.76594889e-01 -6.75203919e-01 -4.39659178e-01 -4.94027376e-01
    -5.49291611e-01 -1.01269901e-01 -6.83408260e-01 -5.27344406e-01
    -9.72570539e-01 -5.41348875e-01 -5.52372992e-01 -2.90051818e-01
    -1.93937063e-01 -4.56356823e-01 -5.54875314e-01 -5.13026834e-01
    -9.19135332e-01 -4.40385073e-01 -4.50386673e-01 -6.75497830e-01
    -8.68726969e-01 -2.97672212e-01 -3.13193023e-01 -6.77309692e-01
    -1.44750118e-01 -5.20281136e-01 -4.72043157e-01 -2.37386882e-01
    -1.39818728e-01 -8.21164191e-01 -7.37907767e-01 -4.93920773e-01
    -2.12864816e-01 -4.50608432e-01 -6.46108568e-01 -7.10876703e-01
    5.95349073e-03 -8.70753407e-01 -6.48480356e-01 -5.76522350e-01
    -3.40392828e-01 -9.29045320e-01 -2.59069681e-01 -3.85531783e-02
    -1.22862756e-01 -6.28856242e-01 -5.79235554e-02 -6.97508514e-01
    -6.14687085e-01 -7.35925615e-01 -2.64624596e-01 -3.16515505e-01
    -3.77478778e-01 -8.99001479e-01 -8.33647430e-01 -2.81909704e-01
    -4.20271277e-01 4.09903526e-02 -9.04470980e-01 -3.62713337e-01
    -9.36236441e-01 -6.56233907e-01 -5.63649952e-01 -5.53053975e-01
    -8.10236573e-01 6.96129203e-02 -3.71178001e-01 7.73980618e-02
    -5.76352239e-01 -1.79941177e-01 -8.06927562e-01 -8.80846381e-02
    -6.54034734e-01 -2.61550367e-01 -1.45459414e-01 -1.54355764e-01
    -8.21510971e-01 -8.24436605e-01 -3.36068392e-01 -7.98456371e-01
    -5.74808180e-01 -6.65834844e-01 -1.36853337e-01 -5.59544325e-01
    -9.82681155e-01 -6.00533068e-01 -1.81264877e-01 -3.98716092e-01
    -6.43379867e-01 -4.91633594e-01 -3.66702557e-01 -3.42153430e-01
    -3.13502133e-01 -1.76797032e-01 -8.83418858e-01 -2.87388265e-01
    -9.30569768e-01 -9.56936955e-01 -2.58878350e-01 -5.96292317e-01
    -2.88930953e-01 -4.04907167e-01 -5.72027802e-01 -5.97404242e-02
    -6.19009018e-01 -7.45443583e-01 -4.68804300e-01 -5.50645232e-01
    -2.23586082e-01 -5.89041114e-01 -1.26132190e-01 -4.57856297e-01
    -5.39711356e-01 -8.46519530e-01 -8.65090013e-01 -3.44932973e-01
    -6.64598465e-01 -5.43810964e-01 -9.01012182e-01 -9.64158773e-02
    -4.44343507e-01 -9.08819675e-01 -8.16019773e-02 -5.48712730e-01
    -9.35682654e-01 -5.46090961e-01 -6.99726403e-01 -4.08286691e-01
    -7.76520431e-01 -8.57450366e-01 -1.40456557e-01 -6.70349598e-01
    -2.37626433e-01 -3.79211545e-01 -4.66386855e-01 -5.06422639e-01
    -8.92751575e-01 -1.86723948e-01 -8.70105028e-02 -4.65994656e-01
    -4.18810964e-01 -4.05897260e-01 -6.10340655e-01 -1.12934470e-01
    -3.97140861e-01 -9.37938452e-01 -2.27136016e-01 -6.65748417e-01
    -4.39152062e-01 -7.11076856e-02 -7.53609538e-02 -2.65156984e-01
    -1.54250085e-01 -8.33297491e-01 -8.99614692e-01 -8.19486499e-01
    -8.43489826e-01 -1.06855571e-01 -3.00896823e-01 -6.62602782e-02
    -7.61069179e-01 -2.47103631e-01 -1.12872958e-01 -8.83958101e-01
    -1.93722725e-01 -4.05363500e-01 -7.19727993e-01 -6.41742885e-01
    7.73665309e-02 -6.12404823e-01 -7.25006938e-01 -6.48543179e-01
    -8.55153799e-01 -6.46731257e-02 -3.13698351e-01 1.06813312e-01
    2.58949518e-01 -2.63579607e-01 -7.03929543e-01 -3.99200082e-01
    -8.17510009e-01 -3.25348020e-01 -8.79285455e-01 -6.49318099e-01
    -8.95696282e-01 -5.96808374e-01 -1.04601860e-01 -4.28462446e-01
    -6.75759077e-01 -6.57549858e-01 -8.65222931e-01 -7.17378259e-02
    -9.11244869e-01 -5.21393418e-02 -4.80481565e-01 -3.37555051e-01
    -6.19446158e-01 -9.01682496e-01 -9.52806473e-01 -9.24362779e-01
    6.61176443e-03 -6.76807046e-01 -2.84565091e-01 -8.17673206e-01
    -7.05665410e-01 -9.37780261e-01 -8.26249063e-01 -1.13058031e-01
    -6.34228468e-01 8.60439539e-02 -1.64464056e-01 -3.13547850e-01
    -3.96974266e-01 -1.86951458e-01 -3.21256518e-01 -5.27555764e-01
    -2.22096026e-01 -4.56095010e-01 -8.58320117e-01 -1.29824221e-01
    -7.50500619e-01 -6.76639438e-01 -9.66375470e-02 -7.36270845e-01
    -5.48866034e-01 -4.27101910e-01 -7.81991601e-01 -9.09714401e-01
    -1.13395810e-01 -5.66914320e-01 -3.02322507e-02 -6.29554391e-02
    -1.93102419e-01 -7.11062729e-01 -2.27132320e-01 -6.95919752e-01
    -3.29960585e-02 -8.28896284e-01 -3.00450981e-01 -5.94157219e-01
    -1.74036562e-01 -8.52019787e-02 -4.27023083e-01 -6.55048907e-01
    -7.53434300e-01 -2.40518153e-01 6.88660145e-03 -6.81611001e-01
    -7.26962209e-01 -7.19148874e-01 -4.21434283e-01 -8.79290104e-01
    -1.53962195e-01 -1.93291545e-01 -5.28153181e-01 -9.20403004e-01
    -1.55599594e-01 -2.60001957e-01 -1.86328292e-02 -5.28008938e-02
    -6.39538050e-01 -3.91700149e-01 -4.75635171e-01 -3.08516145e-01
    -4.70699191e-01 -3.07981610e-01 -3.42620492e-01 -4.29905415e-01
    -5.95439672e-02 -4.03755784e-01 -5.07338285e-01 -7.41154671e-01
    -2.23187983e-01 -1.53966129e-01 -2.54484236e-01 -1.82286501e-01
    -6.56233430e-01 -5.61209202e-01 -6.80264831e-01 -2.54910707e-01
    -6.04289889e-01 -6.70694947e-01 -9.99409616e-01 -7.40653396e-01
    -2.67921925e-01 -2.71400213e-01 -3.39546025e-01 -2.88266301e-01
    -4.05389488e-01 -5.21678329e-02 -5.02553463e-01 -7.94493556e-01
    -9.03320432e-01 -7.47253895e-02 -5.37318707e-01 -7.10229278e-01
    -3.94698083e-01 -8.97437394e-01 -6.62667215e-01 -5.98605275e-01
    -8.29719067e-01 -7.82280326e-01 -3.90415072e-01 -9.23934579e-01
    -8.80937934e-01 -1.93474829e-01 -4.86514270e-01 -4.12330508e-01
    -7.14398384e-01 -1.81888938e-01 -4.51955795e-02 -3.70445430e-01
    -4.84474838e-01 -2.31032610e-01 -2.97385812e-01 -7.11329937e-01
    -6.34981573e-01 -2.08641410e-01 2.41056085e-02 -4.08622622e-01
    -8.51655185e-01 -1.93964839e-01 -3.34562063e-01 -7.39999235e-01
    -3.92589509e-01 -6.30037606e-01 6.38310909e-02 -8.78110468e-01
    -9.85832810e-01 -4.21181262e-01 -4.40531492e-01 -3.52700233e-01
    -1.07909918e+00 -1.90763831e-01 -4.54340041e-01 -8.93139303e-01
    -4.06984687e-01 -7.08190203e-01 -8.27793717e-01 -1.26879930e-01
    -5.25119901e-01 -2.99493790e-01 -5.71412086e-01 -7.68197358e-01
    -4.40905511e-01 -9.04720068e-01 -5.84973752e-01 -3.11815143e-01
    -8.90563369e-01 -1.92386150e-01 -5.09963632e-01 -2.74532318e-01
    -8.26177359e-01 -7.78057218e-01 -7.32571185e-01 -8.86319876e-01
    -3.91418099e-01 -1.01994276e-02 -2.95823991e-01 -3.77499342e-01
    -7.59647429e-01 -3.63277197e-01 -3.38069439e-01 -6.97534561e-01
    -2.15018988e-02 -5.06923199e-02 -2.58805037e-01 -3.16006005e-01
    -6.04847074e-01 3.08077335e-02 -5.99615157e-01 -4.88064885e-02
    -1.66205168e-01 -9.54247475e-01 -2.17468619e-01 -9.11773086e-01
    -8.04933369e-01 -5.84008098e-02 -7.97508717e-01 -1.00366116e+00
    -1.85750127e-01 -1.22720242e-01 -3.03870440e-01 -4.13776040e-01
    -7.61432052e-01 -1.76882386e-01 -5.42925477e-01 -7.86572874e-01
    -8.25170636e-01 -9.63692784e-01 -6.27172053e-01 -5.68942368e-01
    -9.24511075e-01 -7.99932241e-01 -9.62147593e-01 -4.82493401e-01
    -5.46743512e-01 -2.08566368e-01 -4.11529720e-01 -2.22010791e-01
    -1.87766373e-01 -9.48452950e-02 -6.47516489e-01 -2.56307125e-01
    -7.80359805e-01 -3.00363123e-01 -6.68602884e-01 -5.47011256e-01
    -3.10580611e-01 -6.22305334e-01 -1.94503009e-01 -6.81222379e-01
    -7.11272836e-01 -7.64783025e-01 -6.93723559e-02 -1.79556370e-01
    -7.93215752e-01 -2.53100812e-01 -7.72878289e-01 -4.43597585e-01
    -1.42435908e-01 4.20094132e-02 -3.93964648e-01 -6.09413385e-01
    -5.30851483e-01 -7.62834787e-01 -3.54747415e-01 -5.85409999e-02
    -3.50081503e-01 -7.92224407e-02 -5.75354695e-01 -1.64326072e-01
    -4.35709566e-01 -4.26305234e-01 -3.62303495e-01 -4.35172260e-01
    2.97503471e-02 -8.26471448e-01 -7.87691057e-01 -6.78593218e-01
    -8.74189854e-01 4.72320914e-02 -1.48922384e-01 -9.08202231e-01
    -2.13718116e-01 -7.68500209e-01 -3.98621917e-01 -2.01752424e-01
    -2.60914147e-01 -6.97175682e-01 -7.60434389e-01 -2.45936990e-01
    -2.09800005e-01 -7.20739961e-01 -4.87421960e-01 -6.57912493e-02
    -6.66513562e-01 -8.10738146e-01 -2.82955706e-01 -9.29414034e-02
    -2.23521054e-01 -1.80979609e-01 -6.50036871e-01 -6.92599475e-01
    -5.77136636e-01 -8.01695287e-01 -5.15237927e-01 -7.71659553e-01
    -4.73648280e-01 -8.38908076e-01 -2.91947007e-01 -4.00065422e-01
    -8.74764621e-01 -1.16157472e-01 -8.29416692e-01 -5.70131361e-01
    -7.61475265e-01 -3.10487926e-01 -1.01679564e-01 -1.69625998e-01
    -4.21332181e-01 -9.20768380e-01 -2.04283237e-01 -8.57397914e-02
    -5.90741873e-01 -3.72532368e-01 -7.18416810e-01 -2.10620522e-01
    -4.67853099e-01 -8.83979678e-01 -4.89085197e-01 -3.90929997e-01
    -2.60386705e-01 -3.68850827e-01 -6.52418733e-01 -8.21455836e-01
    -3.72316778e-01 -5.50735950e-01 -7.51473308e-01 -8.19526076e-01
    -2.08855927e-01 -3.62723053e-01 -8.25652778e-01 -3.35983634e-01
    -6.95654035e-01 -8.46676767e-01 -4.12358165e-01 -7.81158447e-01
    -8.64920318e-01 -5.10423660e-01 -8.66429806e-02 -6.28939867e-02
    -3.58003378e-01 -9.33264852e-01 -2.57963836e-01 -8.07868421e-01
    -7.18248785e-01 -3.26845586e-01 -6.38805866e-01 -3.85144949e-02
    -7.35450029e-01 -6.14730477e-01 -5.16060710e-01 -1.81981444e-01
    -8.09540153e-01 -2.57575035e-01 -8.46090496e-01 -3.96946907e-01
    -1.75130844e-01 -5.19252956e-01 -5.28383255e-01 -7.28195906e-01
    -9.17147994e-02 -8.60562325e-02 -8.29536796e-01 -1.74092650e-01
    -3.14629078e-02 -3.38398159e-01 -8.24500918e-01 -8.00448537e-01
    -3.37699294e-01 -5.11760592e-01 -5.88010132e-01 -1.06943488e-01
    -4.47798371e-01 -1.99039638e-01 -5.62273979e-01 3.76096964e-02
    -6.48015141e-01 -5.14358222e-01 -1.86842799e-01 -1.90360069e-01
    1.70670748e-02 -9.71533775e-01 -3.20578933e-01 -4.40135419e-01
    -1.16072237e-01 -2.57253110e-01 -4.96254742e-01 -6.05461061e-01
    3.87408733e-02 -4.20087993e-01 -6.85558200e-01 -8.87381613e-01
    -8.36523294e-01 -7.71920323e-01 -7.43803024e-01 -8.51752043e-01
    -7.09796786e-01 -3.26639295e-01 -7.36284733e-01 -2.86872685e-01
    -2.95332670e-02 -2.68748403e-02 -5.36439776e-01 -8.77915382e-01
    -8.09664190e-01 -3.06090593e-01 9.53519344e-02 -6.02281988e-01
    -7.62408376e-01 -4.44887102e-01 -5.15508056e-01 -1.72337890e-01
    -8.45491886e-03 -6.26099348e-01 -7.12965727e-01 -9.79075313e-01
    -1.59067154e-01 -1.96356535e-01 -7.47543871e-01 -1.78203464e-01
    -1.24210536e-01 -1.02861977e+00 -4.07531619e-01 -3.53561044e-02
    -6.96769118e-01 -7.41917968e-01 -8.44608843e-01 -4.44018841e-02
    -9.96737123e-01 -8.61183822e-01 -1.75232589e-01 -5.41859448e-01
    -4.02810097e-01 -8.71695220e-01 -8.45331073e-01 -5.58707535e-01
    -2.71060586e-01 -4.21531200e-01 -2.65512049e-01 -9.27443862e-01
    -4.69059825e-01 -7.00001359e-01 -8.47896099e-01 -2.21270204e-01
    -8.58086526e-01 -2.07580566e-01 -3.53375494e-01 -3.09095204e-01
    -3.86100173e-01 -5.81134856e-01 -5.84571958e-01 -8.96652937e-02
    -8.63742828e-01 -8.16811979e-01 -3.01959515e-01 -5.19334793e-01
    -3.64102721e-01 -7.19778538e-01 -2.46326089e-01 -2.17302799e-01
    -3.85168731e-01 -1.25414014e-01 -5.67131758e-01 -3.60182941e-01
    -5.06329000e-01 -3.20655107e-01 -9.96822596e-01 -2.32789755e-01
    -5.87298036e-01 -1.10455751e-01 -8.79085064e-02 -9.81926799e-01
    -3.36336493e-01 -3.24774504e-01 -2.27460027e-01 -5.58606744e-01
    -5.31206548e-01 -5.68982124e-01 -9.00949836e-01 -4.99819517e-02
    -8.72468948e-01 -5.76461136e-01 -7.03065276e-01 -5.42320967e-01
    -4.98139381e-01 -3.47197056e-03 -4.15802717e-01 -6.86936200e-01
    -1.97505772e-01 -9.45469379e-01 -6.35926783e-01 -7.41560698e-01
    -1.56461358e-01 -1.12880886e-01 -1.32984817e-01 -7.11620450e-01
    -2.80460179e-01 -6.57529235e-01 -6.10604048e-01 -5.97274542e-01
    -8.68783176e-01 -3.51283848e-01 -2.60992765e-01 -4.32149976e-01
    -6.21891797e-01 -6.30074084e-01 -5.63625216e-01 -6.54368401e-01
    -6.67473257e-01 -2.29885101e-01 -3.48000407e-01 -1.71099305e-02
    -4.08487409e-01 -2.23892450e-01 -2.33965874e-01 -7.09679127e-02
    1.66468441e-01 1.13304019e-01 -4.36187387e-02 5.63259721e-02
    -8.57109547e-01 -1.70001864e-01 -7.61771619e-01 -7.39813209e-01
    -3.06819558e-01 -8.30350041e-01 -6.33282185e-01 -8.91712546e-01
    -6.94127202e-01 -3.94587398e-01 -1.93814099e-01 -6.68329358e-01
    -8.68731856e-01 -1.52646601e-01 -5.87922335e-01 -4.91802275e-01
    -2.74564743e-01 -2.65432298e-01 -6.63096189e-01 -5.24036169e-01
    -4.80641723e-01 -7.27090299e-01 -7.94660866e-01 -4.62127924e-02
    -7.73376226e-01 -4.33352411e-01 -4.68871295e-01 -4.27724600e-01
    -6.51742578e-01 -3.00268292e-01 1.14419758e-01 -2.40834713e-01
    -6.20563686e-01 -8.04964483e-01 -1.71158195e-01 -5.06871164e-01
    -3.94147515e-01 -7.80358315e-02 9.43915844e-02 -8.16577315e-01
    -5.84369540e-01 -7.21387029e-01 -1.29354537e-01 -2.43118942e-01
    -4.77083683e-01 -2.68553078e-01 -4.47446227e-01 -5.51289082e-01
    -3.50336373e-01 -5.61966121e-01 -5.44531941e-01 -4.68506217e-01
    -2.15542316e-01 -1.06505334e-01 -6.60091221e-01 -9.91695523e-02
    -4.40124750e-01 -7.65938282e-01 -3.18125486e-02 -4.90711629e-01
    -1.20061994e-01 -7.52314329e-01 -7.48497963e-01 -4.63885069e-02
    -5.80898523e-02 -7.62996078e-01 -2.82489181e-01 -8.92315626e-01
    -7.31441379e-02 -4.42331493e-01 -6.18443906e-01 2.00843215e-02
    -7.19922841e-01 -7.62675405e-02 -3.85870874e-01 -9.70097840e-01
    -8.94377410e-01 -5.35969079e-01 -8.71831179e-01 -6.40975296e-01
    -5.05745113e-01 -6.09694183e-01 -4.37598348e-01 -8.36193562e-03
    -1.15827322e-02 -9.58847880e-01 -4.16233838e-01 -1.91593528e-01
    -1.88544452e-01 -9.64770317e-01 -7.46733844e-01 -2.48856962e-01
    -3.29581797e-01 -5.91757536e-01 -7.26136148e-01 6.08149171e-02
    -1.54141843e-01 -7.00101852e-01 -7.71252155e-01 -6.45562708e-01
    -3.81855369e-01 -3.95403624e-01 -8.26322436e-01 -5.92822433e-02
    -8.40611458e-02 -2.09751248e-01 -1.21066213e-01 -4.25626576e-01
    -9.32944417e-01 -6.78390503e-01 -7.94884086e-01 -7.60905981e-01
    -7.60836482e-01 -7.99137771e-01 -6.00659668e-01 -4.28798258e-01
    -6.34266138e-01 -9.98987854e-01 -9.17220712e-02 -6.82370782e-01
    -4.16169703e-01 -9.66233611e-01 -7.91340709e-01 -2.22864270e-01
    -8.62834513e-01 -1.28926575e-01 -3.23712826e-04 -2.99360096e-01
    5.16674519e-02 -3.44092786e-01 -7.35539734e-01 -8.08422804e-01
    -7.42506385e-01 -8.31413746e-01 -1.18173480e-01 -8.25299203e-01
    -2.75701284e-02 -1.02912843e-01 -5.00364780e-01 -6.16235673e-01
    -6.46234274e-01 -4.31448996e-01 -7.33889818e-01 -3.28379333e-01
    -8.28719378e-01 -1.95362687e-01 -6.16991460e-01 -4.63037610e-01
    -7.62430549e-01 -7.35259056e-01 -2.52498507e-01 -1.01662576e-01
    -7.65974402e-01 -7.12542832e-01 -6.61889911e-01 -1.18783832e-01
    -6.93281651e-01 -1.59045637e-01 -8.31807852e-01 -8.71146679e-01
    -1.18975401e-01 -6.18391037e-02 -8.05852294e-01 -3.35554481e-01
    -5.35777152e-01 -1.09848499e-01 -8.51149917e-01 -2.70177484e-01
    -5.47776163e-01 -3.18432689e-01 -1.04726040e+00 -3.73269081e-01
    -3.81989479e-01 -2.99846232e-01 -5.55993676e-01 -4.24765348e-02
    -5.38414180e-01 -2.10916817e-01 -6.76356494e-01 -7.22713113e-01
    -2.01928735e-01 -5.70490599e-01 -8.22258890e-01 -8.35573614e-01
    -4.12606478e-01 -5.16505897e-01 -7.79713035e-01 -5.40539384e-01
    -7.97768712e-01 -6.20418787e-01 -2.38791108e-02 -8.72135639e-01
    -9.75230813e-01 -8.69454324e-01 -4.39538002e-01 -4.50413704e-01
    -5.19882441e-01 -6.08627856e-01 -7.92439580e-01 -6.72548831e-01
    -7.31154084e-01 -9.02627468e-01 -3.00254345e-01 -2.37381160e-01
    -9.34479475e-01 -6.84843779e-01 -5.84020615e-01 -7.88277924e-01
    -7.10481405e-02 -2.53684163e-01 -8.07588100e-01 -4.68325943e-01
    -3.99668396e-01 -3.30090046e-01 -2.27476180e-01 -5.39384484e-02
    -6.66740894e-01 -3.37558687e-01 -2.73171723e-01 -1.86378121e-01
    -7.47271121e-01 -7.26034641e-01 -7.89979935e-01 -8.80727172e-01
    -8.37603927e-01 -7.07909584e-01 -8.64313841e-01 -5.51303267e-01
    -3.55561435e-01 -6.97968304e-01 -3.45160365e-02 -6.50250316e-02
    -9.31643844e-02 -4.34141159e-01 -6.14631534e-01 -5.45209527e-01
    -7.18086243e-01 5.54726124e-02 -8.63354206e-01 -1.45912766e-01
    -8.02561164e-01 -7.31081903e-01 -5.57253957e-01 -6.40929341e-01
    -2.11098254e-01 -3.76622617e-01 -6.36651337e-01 1.82568431e-02
    -4.99425292e-01 -2.73324728e-01 -5.24892569e-01 3.72647047e-02
    -4.96460497e-01 -1.62447155e-01 -7.77928352e-01 3.12220454e-02
    -5.88482440e-01 -9.55212712e-01 -4.41933751e-01 -4.14163291e-01
    -5.22950888e-02 1.19554996e-02 -8.79951477e-01 -6.29228652e-01
    -5.59690356e-01 -8.24034274e-01 -2.31984437e-01 -2.55522430e-01
    -1.33451998e-01 -7.42424846e-01 -9.49431658e-01 -8.75787377e-01
    -9.52652574e-01 -1.83922350e-01 -4.02805805e-01 -1.79346800e-01
    -3.04675519e-01 -8.39382172e-01 -4.55899894e-01 -8.45767260e-01
    -6.40849471e-01 -3.63830507e-01 -3.68929505e-01 -1.02425814e-01
    -6.40606284e-02 -6.89318180e-01 -7.85548568e-01 -8.47047865e-01
    -8.62576365e-01 -7.72537351e-01 -2.51454413e-01 -7.78468490e-01
    -2.74379492e-01 -6.86886787e-01 -7.99441338e-01 -1.53558254e-01
    -7.22489357e-02 -2.71903455e-01 -2.17866600e-01 -2.52588332e-01
    -8.39694977e-01 -8.19685817e-01 -7.95316696e-03 -2.45633125e-01
    -2.59233236e-01 -7.19451427e-01 -6.69146538e-01 -4.95307267e-01
    -5.85489333e-01 -8.56258452e-01 1.52195692e-02 -7.36006796e-01
    -7.02969790e-01 -5.50299287e-01 -6.96497142e-01 -5.16182125e-01
    -7.45339572e-01 -1.10244215e-01 -4.27773237e-01 -7.96082020e-02
    -5.63939750e-01 -4.69442070e-01 -3.45117033e-01 -4.42192554e-01
    -2.33226180e-01 -7.30285287e-01 -9.85819101e-02 -9.80840564e-01
    -5.86633444e-01 -2.31049061e-01 -7.76000023e-01 -2.07842946e-01
    -5.31752765e-01 -8.53530288e-01 -7.40562320e-01 -1.70112669e-01
    -4.27420825e-01 -1.17379189e-01 -6.35562360e-01 -8.71000707e-01
    -5.31517923e-01 -5.10979295e-01 -7.74904370e-01 -8.34832072e-01
    -4.28534150e-02 -8.09101343e-01 -7.66104877e-01 -7.75281131e-01
    8.64163637e-02 -1.61499023e-01 -3.90140295e-01 -8.28131318e-01
    -4.82855260e-01 -7.65334487e-01 -1.58560038e-01 -5.95715821e-01
    -1.38284266e-01 -4.01499689e-01 -8.09976399e-01 -3.41960490e-01
    -2.29172468e-01 -8.04298222e-01 -7.19945312e-01 -8.30591440e-01
    -4.66847956e-01 -8.53795826e-01 -5.81827164e-01 -2.36089826e-02
    -3.42081010e-01 -7.56048858e-01 -3.88131440e-01 -2.63913333e-01
    -8.51811171e-01 -3.96159649e-01 -1.61008477e-01 -6.90934300e-01
    -4.05113816e-01 -7.13824689e-01 -5.07848918e-01 -3.22217762e-01
    -3.34334373e-02 -7.15109646e-01 -6.69722855e-01 -6.98828101e-01
    1.14089847e-02 -1.02934003e-01 -1.39238715e-01 -6.71988964e-01
    -4.49697584e-01 -5.98398507e-01 5.92379570e-02 -8.69489431e-01
    -2.46912241e-03 -3.98361385e-01 -8.96066427e-01 -5.01719534e-01
    -3.84035051e-01 -5.71164489e-02 1.19852424e-02 -7.34039605e-01
    3.81785631e-02 -4.07913417e-01 -6.73229933e-01 -8.18407238e-01
    -3.95243168e-01 1.78683400e-02 -9.05364871e-01 -8.75240564e-02
    -6.28623307e-01 -3.73857439e-01 -1.07137001e+00 -3.58242452e-01
    -8.41690660e-01 -4.73563731e-01 -2.74330378e-01 -5.85377932e-01
    -9.84233320e-01 -5.22356749e-01 -5.40229201e-01 -8.82315636e-02
    -7.75721431e-01 -2.83623815e-01 -4.95733619e-01 -6.31590366e-01
    -1.68521881e-01 -2.19658971e-01 -4.39073205e-01 -6.44475639e-01
    -5.50397813e-01 -2.60780692e-01 -2.06692576e-01 -9.49451327e-01
    -4.81586993e-01 -4.34891522e-01 -3.24488342e-01 -8.26270044e-01
    -5.55541039e-01 -1.01112306e-01 -7.63509870e-02 -3.24351728e-01
    1.54442191e-02 -3.49352241e-01 -8.44913244e-01 4.12962437e-02
    -4.98949289e-01 -8.66337419e-01 -7.70879507e-01 -4.04342115e-01
    -7.92555809e-02 -3.68147552e-01 -4.90127623e-01 -2.09189653e-01
    -8.59663486e-01 -8.87118340e-01 -1.50185466e-01 -5.44240177e-01
    -1.12507999e-01 -8.46743882e-01 -1.72441006e-02 -8.82675052e-01
    -2.23606586e-01 -9.73490238e-01 -1.28043830e-01 -4.18445051e-01
    -6.88829362e-01 -4.17681038e-01 -4.88859653e-01 -8.93127918e-01
    -4.78063554e-01 -1.63829505e-01 -9.11921740e-01 -6.62614048e-01
    -2.70834804e-01 -6.50017679e-01 -8.85805726e-01 -8.67180347e-01
    -3.11255515e-01 -1.33480847e-01 -6.31371975e-01 1.14953518e-03
    -1.36331499e-01 -5.38675666e-01 -6.53172255e-01 -5.69748819e-01
    -4.01231527e-01 -4.32938516e-01 -5.04247785e-01 -4.09058511e-01
    -7.19040275e-01 -2.01364756e-01 -8.76818419e-01 -4.79257405e-01
    -3.43356848e-01 -3.46253753e-01 -3.78068089e-02 -6.40383780e-01
    -8.22084010e-01 -1.69843793e-01 -4.91006464e-01 -4.53269243e-01
    -4.44672704e-01 -3.26566219e-01 -7.16318786e-01 -8.48445296e-02
    1.38599098e-01 -7.52652526e-01 -5.79984546e-01 3.72207999e-01
    2.42211044e-01 -5.33717513e-01 -5.20785570e-01 -7.06338882e-02
    -2.21958041e-01 -8.06841731e-01 -8.89331579e-01 -6.73006535e-01
    -1.76445544e-01 -3.93530726e-02 -6.77825093e-01 -9.02771950e-02
    -3.93248796e-01 -9.73839760e-02 -6.91736460e-01 -1.05567038e-01
    -6.88882947e-01 -5.40993810e-01 -3.03855658e-01 -2.69268036e-01
    -1.41284645e-01 -3.13997805e-01 -3.72452676e-01 -8.46649408e-01
    -6.83802247e-01 -3.10587168e-01 -5.74402452e-01 -3.70647490e-01
    -6.12431407e-01 -9.96804237e-02 -3.27401698e-01 -9.23209012e-01
    -2.54687428e-01 -6.14221871e-01 6.38668537e-02 -3.20183396e-01
    -1.85730517e-01 6.75825477e-02 3.70144844e-02 -3.86973262e-01
    -4.20986205e-01 -6.71539128e-01 -1.93234146e-01 -2.96986818e-01
    3.23955417e-02 -6.24965489e-01 -5.47436237e-01 -2.05996394e-01
    -5.62648416e-01 -9.97896194e-02 -5.89721382e-01 -1.62657976e-01
    -3.00648868e-01 -1.12749279e-01 -5.69912791e-01 -5.59955597e-01
    -2.72603095e-01 -7.74991393e-01 -4.47743714e-01 -7.99092472e-01
    -1.72836423e-01 -3.83047044e-01 -5.82339644e-01 -1.51202977e-01
    -9.82318938e-01 -7.52952158e-01 -5.80671012e-01 -2.03189492e-01
    -5.44914365e-01 -6.75179124e-01 -9.02001858e-02 -7.53940582e-01
    -4.03763056e-01 -6.06439948e-01 -4.84203577e-01 -4.23391104e-01
    -4.67495799e-01 -9.59208131e-01 -2.19362736e-01 -5.57835102e-02
    -4.46373165e-01 -2.81488895e-03 -7.13827252e-01 -6.61805272e-01
    -4.47237074e-01 -8.68506312e-01 -4.24524546e-02 -8.64081264e-01
    -1.52200818e-01 -5.81287146e-01 -6.34695292e-02 -9.12977934e-01
    -3.29106569e-01 -2.06086814e-01 -2.63793290e-01 -4.00355697e-01
    -6.09651804e-01 -4.96919990e-01 -5.25582671e-01 -6.23378038e-01
    -3.74733031e-01 -4.88916606e-01 -4.41635102e-01 -8.84622574e-01
    -9.13855553e-01 -3.01297605e-01 -2.69723177e-01 -8.83121133e-01
    -5.08952498e-01 -3.88843834e-01 -5.12878716e-01 -4.54152405e-01
    -6.30467415e-01 -5.49940109e-01 -5.97370505e-01 -3.47326636e-01
    -1.79774225e-01 -3.30892384e-01 -1.37630224e-01 -9.22086775e-01
    -4.62320268e-01 -2.19557226e-01 -5.62828183e-01 -1.04521787e+00
    -1.91058993e-01 -2.39166915e-01 -7.11411774e-01 -7.28319347e-01
    -2.69258559e-01 -8.33182573e-01 -8.92484069e-01 -4.81926739e-01
    -7.24348664e-01 -7.11385190e-01 -7.23372698e-02 -2.73991883e-01
    -9.31124687e-02 -8.10931504e-01 -1.56963468e-01 -7.60292649e-01
    -4.92170334e-01 -8.89907837e-01 -2.93333650e-01 -8.29230487e-01
    -6.51849985e-01 1.57274008e-02 -7.53540576e-01 -7.23951459e-01
    -8.40157747e-01 -4.08060580e-01 -4.27256823e-01 -4.68044162e-01
    6.14277124e-02 -7.46677756e-01 -4.72744256e-01 -7.48865426e-01
    -6.34222746e-01 -1.99619949e-01 -4.62251782e-01 -8.37872505e-01
    -7.56379426e-01 -8.13008964e-01 -6.45386815e-01 -2.90601492e-01
    -8.57857585e-01 -2.16811538e-01 -6.12156153e-01 -9.73041832e-01
    -2.54512966e-01 -1.01434219e+00 -8.09340656e-01 -2.30570912e-01
    -6.75796866e-01 -7.77693987e-01 -1.96693957e-01 -5.47561944e-01
    -5.66347122e-01 -1.38466239e-01 -3.70943785e-01 -1.01697505e+00
    -1.08881116e-01 -7.61422753e-01 -9.92376208e-02 -9.38726127e-01
    -6.56705141e-01 -2.98543334e-01 -2.08392918e-01 -7.46816158e-01
    -7.11805820e-01 -4.39531893e-01 -8.60714436e-01 -4.32153344e-01
    -8.40057135e-01 -2.88148880e-01 -1.52936757e-01 -3.97914052e-02
    -5.98438978e-02 -4.10872936e-01 -6.80458963e-01 -5.54987252e-01
    -9.31067586e-01 -1.27933502e-01 -5.24244368e-01 -6.30015075e-01
    -4.20098841e-01 -9.01733160e-01 -3.25280428e-03 -5.00526309e-01
    -4.15416718e-01 -4.29825246e-01 -2.22471595e-01 -5.55631220e-01
    -3.14332306e-01 -3.62948358e-01 -4.35079485e-01 5.68059683e-02
    -3.54794383e-01 -8.04486334e-01 -1.09420717e-01 -7.13505924e-01
    -7.33125091e-01 -4.90004927e-01 -2.70069063e-01 -8.45196545e-01
    -9.11781847e-01 -7.88231015e-01 -6.28686666e-01 -5.69721818e-01
    -4.14578378e-01 -6.48985028e-01 -2.15692878e-01 -1.86514854e-01
    -4.26875055e-01 -8.15804720e-01 -8.83873940e-01 -6.88969851e-01
    -6.89565361e-01 7.58695602e-03 -8.62168193e-01 -4.38113272e-01
    -3.30895126e-01 -3.24613452e-02 -2.96015143e-01 -3.82927954e-01
    -4.71985370e-01 -7.38383770e-01 7.27572441e-02 -7.67422497e-01
    -2.17348695e-01 -3.29594970e-01 -4.63666886e-01 -1.07154250e-01
    -7.47655153e-01 -4.17803347e-01 -6.12282157e-02 1.69496655e-01
    -4.76619542e-01 2.03418732e-02 -2.92759955e-01 -4.09755170e-01
    -5.55806756e-01 -5.70421219e-02 -1.75946236e-01 -1.70642316e-01
    -2.29875386e-01 -4.94649589e-01 -6.41802490e-01 -9.25265908e-01
    -5.22173226e-01 -2.65305340e-01 -2.11366415e-01 -6.05756879e-01
    -1.38251781e-02 -8.73633921e-01 -6.16539180e-01 -8.53616238e-01
    -5.94734550e-02 -2.31769443e-01 -4.30040240e-01 -2.35660315e-01
    -5.95141530e-01 -3.20892930e-01 -3.51239979e-01 -6.21095419e-01
    -6.45084381e-02 -1.38181984e-01 -9.45769191e-01 -7.61209726e-01
    -4.30071652e-01 -8.71957541e-01 -2.31104612e-01 -4.62498307e-01
    -9.36648250e-02 -4.58126485e-01 -3.31072569e-01 -2.37488925e-01
    -7.97209978e-01 -7.92069495e-01 -7.18133628e-01 -7.03537285e-01
    -4.65666384e-01 -8.05147588e-01 -5.34355164e-01 -3.28882098e-01
    1.51327848e-02 -4.69165981e-01 -8.41695964e-01 -6.09954834e-01
    -7.16182709e-01 -4.79697943e-01 -7.63277411e-01 -5.10675192e-01
    -3.87189001e-01 -2.81167507e-01 -8.36922526e-01 -5.73882639e-01
    5.74404597e-02 -7.42170811e-01 -2.88003206e-01 -7.16879368e-02
    -4.56875741e-01 -4.17008638e-01 -9.80076790e-02 -2.91529179e-01
    -9.16204214e-01 -8.46351087e-01 -7.92257428e-01 -4.15369570e-01
    -2.98686743e-01 -3.86595011e-01 -5.15815914e-01 -5.94542027e-01
    -5.92285216e-01 -6.82347834e-01 -7.46790171e-02 -2.10340619e-01
    -6.33881927e-01 -2.53093600e-01 -5.05551994e-01 -8.76712918e-01
    -3.56737256e-01 -8.95643234e-02 -8.21504831e-01 -7.03766346e-01
    -8.70651960e-01 -9.75882053e-01 -3.00076842e-01 -2.03571677e-01
    -4.36791420e-01 -4.55276012e-01 -8.77134085e-01 -5.89456081e-01
    -3.64233851e-01 -8.69588256e-01 -7.21806407e-01 -3.72641861e-01
    -5.06599784e-01 -8.52151513e-01 -1.88114524e-01 -9.34264779e-01
    -1.66594148e-01 -5.40483713e-01 -6.61877632e-01 -9.79942024e-01
    -1.98727131e-01 -3.96352172e-01 -9.86794949e-01 -1.35156453e-01
    -8.33289206e-01 -7.12079644e-01 -3.86521339e-01 -2.47069120e-01
    -4.73518252e-01 -1.88182294e-01 -1.73169374e-01 -9.16258931e-01
    -7.89022326e-01 -2.19856977e-01 -4.23081756e-01 -1.70236111e-01
    -5.94814181e-01 -1.21220767e-01 -2.75219679e-01 -5.46956778e-01
    -2.03706086e-01 -4.58774805e-01 -5.73457599e-01 -8.95887017e-02
    -8.61091137e-01 -7.23176122e-01 -4.92143661e-01 -1.74999416e-01
    -7.05588341e-01 -1.11341476e-03 -2.58391798e-01 -8.82015049e-01
    -3.53405476e-01 -2.26267099e-01 -4.68388617e-01 -8.67820442e-01
    -1.04511499e-01 -2.35553563e-01 -7.92281151e-01 -3.34215522e-01
    -1.97036862e-02 -1.46933258e-01 -1.97212517e-01 -6.60716474e-01
    -8.00366521e-01 -3.43285501e-01 -5.43187499e-01 -6.73960209e-01
    -7.51617730e-01 -5.56767225e-01 -8.01978767e-01 -2.53266633e-01
    -5.88673592e-01 -4.83025610e-01 -8.97253454e-01 -1.50833368e-01
    -3.68901610e-01 -4.84809339e-01 -4.61497724e-01 -2.54074454e-01
    -6.57683134e-01 -6.79086208e-01 -4.20633316e-01 -4.80641425e-01
    -5.90834856e-01 -4.58395302e-01 -4.12594080e-01 -7.87627399e-01
    -6.99057102e-01 -3.40060771e-01 -4.34213161e-01 -9.77065384e-01
    -3.41286480e-01 -5.75643957e-01 -2.10915327e-01 -4.85078722e-01
    1.99437141e-02 -7.99210668e-01 -8.57302547e-01 -5.71921527e-01
    -6.27497733e-01 -3.76988083e-01 -1.79080069e-01 -2.80502141e-01
    -4.40370321e-01 -3.92202795e-01 -6.93877220e-01 -1.00858355e+00
    -6.43283129e-02 -3.73264194e-01 -5.08188128e-01 -5.41449189e-01
    -6.83089137e-01 -7.55731583e-01 -2.65772045e-01 -6.51099086e-01
    -3.71540964e-01 -7.33219743e-01 -8.86996806e-01 -7.49023080e-01
    -6.60571337e-01 -8.10805738e-01 -3.71509790e-01 5.69312572e-02
    -8.41081023e-01 -5.01697421e-01 -5.39594293e-01 -3.45362127e-01
    -6.54005945e-01 -8.38650465e-01 -6.64021015e-01 -1.86978638e-01
    -3.02402437e-01 -1.44576550e-01 -3.35090637e-01 -2.74317980e-01
    -7.51807570e-01 -7.32416451e-01 -1.01505399e-01 -7.75324404e-01
    -7.45276213e-02 -3.46143007e-01 -4.07343686e-01 -4.76802289e-01
    -4.65049863e-01 -3.60502243e-01 -5.54688573e-01 -9.62344110e-01
    -2.28818655e-02 -1.33391857e-01 -7.37301111e-01 -7.84806907e-01
    -4.25302029e-01 -5.59697926e-01 -2.42104709e-01 -8.51909816e-01
    1.94827914e-02 -8.43964458e-01 -3.09373379e-01 -6.59169376e-01
    -5.26732445e-01 -5.68246424e-01 -7.42867768e-01 -1.26752615e-01
    -7.14536428e-01 -5.63730597e-01 -4.28754091e-03 -2.14657366e-01
    -3.98774952e-01 -3.47061574e-01 -6.93899453e-01 -6.24557972e-01
    -9.21544194e-01 -6.00266576e-01 -6.27516508e-02 -7.78115809e-01
    -8.00041258e-01 -4.57460701e-01 -4.52985823e-01 -6.54398441e-01
    -3.14689875e-02 -7.20006585e-01 -4.26401675e-01 -2.12263346e-01
    -6.55427098e-01 -3.36540163e-01 -1.12294078e-01 -9.30215836e-01
    -9.34577942e-01 -3.21628690e-01 -5.92615247e-01 -6.02975905e-01
    -6.33710027e-01 -8.83274674e-01 -3.31031740e-01 -2.02130079e-01
    -9.07523990e-01 -7.19637632e-01 -9.89522457e-01 -3.13829362e-01
    -3.98057044e-01 -7.84646988e-01 -8.86806428e-01 -7.63290524e-01
    -6.84831977e-01 -1.22593343e-01 -5.81307530e-01 1.29707932e-01
    -7.94582427e-01 -4.29927915e-01 -5.59590936e-01 -2.57409811e-02
    -3.49349469e-01 -8.14241886e-01 -5.58818936e-01 -4.33696657e-01
    -6.35767698e-01 1.15900159e-01 -7.79731691e-01 -8.22509885e-01
    -7.44870782e-01 -1.65557027e-01 -6.31050467e-01 -1.42616391e-01
    -4.14209455e-01 -6.61353648e-01 -5.29641509e-02 -2.76979923e-01
    -8.60435843e-01 1.84907317e-02 -8.65985870e-01 -9.09044266e-01
    -4.98831809e-01 -3.53674293e-02 -2.92176366e-01 -1.98007703e-01
    -5.40911794e-01 -6.50073290e-02 -5.09532571e-01 -7.08559513e-01
    -1.52029157e-01 -7.15448260e-02 -9.58609343e-01 -1.53576851e-01
    -6.50048435e-01 -3.91741157e-01 -4.56993222e-01 -6.05986476e-01
    -5.31132877e-01 -5.54547131e-01 -3.45656455e-01 -1.11001074e-01
    -9.17786360e-01 -6.98123276e-01 -4.76834297e-01 -2.46002197e-01
    -9.07286108e-01 -4.88062024e-01 -6.00393951e-01 -1.79140449e-01
    -4.28330183e-01 -8.66638184e-01 -1.65460408e-01 -2.53468215e-01
    -8.08252156e-01 -6.85124278e-01 -3.52863669e-02 -3.11504424e-01
    -1.73827946e-01 -6.83660805e-01 -5.47950506e-01 -7.73782492e-01
    -9.81610537e-01 -8.28628182e-01 -5.05608857e-01 -7.36568987e-01
    -1.59965038e-01 -6.23564005e-01 -6.24944150e-01 -5.91736078e-01
    -2.78630912e-01 -7.05010235e-01 -3.13831091e-01 -8.40792656e-01
    -2.93229997e-01 -6.22264981e-01 -7.75982261e-01 -6.72962904e-01
    -9.52707171e-01 -7.30366826e-01 -3.48817527e-01 -2.95216322e-01
    -5.17034888e-01 -4.15007293e-01 -7.35470295e-01 -6.56228065e-02
    -9.88106847e-01 -2.88870215e-01 -6.66578114e-01 -4.24361348e-01
    -2.62505591e-01 -7.04067945e-03 -3.80207241e-01 -6.23723269e-01
    -2.01966763e-01 -8.40365767e-01 -7.44342446e-01 -2.14765012e-01
    -5.97282410e-01 -3.70679259e-01 -3.60845327e-02 -9.59560871e-02
    -2.04108059e-01 -9.68256891e-01 -6.22688830e-01 -1.47921741e-01
    -6.50879979e-01 -6.90544307e-01 -2.46699333e-01 -5.79020858e-01
    -6.22981071e-01 -4.23781037e-01 -5.26199698e-01 -7.39982307e-01
    -5.14653444e-01 -1.18453860e-01 -1.09663486e-01 -1.71188891e-01
    -4.83764172e-01 -2.38049805e-01 -6.30878687e-01 -3.95219684e-01
    -1.14643812e-01 -9.60342646e-01 -5.96952081e-01 -1.04793763e+00
    -9.93159771e-01 -3.40308964e-01 -2.17081666e-01 -5.15359163e-01
    -8.47747207e-01 -4.24781442e-01 -1.69065356e-01 -1.05866003e+00
    -2.19722271e-01 -5.04962325e-01 -1.07613230e+00 -1.04603469e+00
    -1.95450842e-01 -9.98590827e-01 -3.02765489e-01 -6.12409592e-01
    -5.31973302e-01 -2.34504342e-01 -6.16818547e-01 -2.91899621e-01
    -8.22939277e-01 -1.46675229e-01 -7.51074314e-01 -1.39833927e-01
    8.54182839e-02 -7.99840689e-01 -6.02995694e-01 -3.24430048e-01
    -4.05871272e-01 -4.52003360e-01 -2.40498781e-01 -4.82858658e-01
    -7.63498425e-01 -2.11094201e-01 -3.82208705e-01 -2.78849721e-01
    -3.11632156e-01 -7.15779781e-01 -3.20920110e-01 -9.61874604e-01
    -1.89426005e-01 -1.88907385e-02 -6.92534089e-01 -6.51728332e-01
    -9.15334702e-01 -7.89291024e-01 -7.93186307e-01 -2.25919783e-01
    3.35143805e-02 -6.75344467e-01 -6.49162054e-01 -2.32927024e-01
    -3.14699590e-01 -8.51431608e-01 -2.93949008e-01 -8.88979793e-01
    -1.22008324e-01 -4.54464734e-01 -2.29503512e-02 -5.68277776e-01
    -8.64365935e-01 -7.94993401e-01 -4.50542271e-01 -1.41220212e-01
    -6.20006680e-01 -2.41918206e-01 -7.50926554e-01 -8.39669943e-01
    -3.84118259e-01 -1.51421189e-01 -1.69905305e-01 -8.11065674e-01
    -6.27086580e-01 -6.69753790e-01 -7.28826880e-01 -4.39472437e-01
    -1.53954804e-01 -5.18111944e-01 -3.44763696e-01 -3.89347076e-02
    -8.75869513e-01 9.22213197e-02 -1.36175752e-02 -6.51463032e-01
    -7.94867754e-01 -6.41814590e-01 2.01896906e-01 -3.14610332e-01
    -2.98696816e-01 -2.12284148e-01 -3.11809063e-01 -4.31212842e-01
    -2.99971104e-02 -6.68835282e-01 -3.43450844e-01 -4.66777205e-01
    -3.59583914e-01 -8.82826626e-01 -7.16229379e-01 -1.60437822e-02
    -7.57274032e-01 -4.05229330e-01 -8.16004634e-01 -3.44432890e-01
    -6.09009981e-01 -5.11380315e-01 -7.98922598e-01 -3.82165730e-01
    -7.13930666e-01 -2.83130407e-01 -5.39043665e-01 -1.15778148e-01
    -4.95496750e-01 -5.59609354e-01 -8.53512943e-01 -2.49776244e-01
    -1.40478969e-01 -1.79596901e-01 -2.99393117e-01 -8.49537253e-02
    -4.16241169e-01 -1.54736280e-01 -7.42277980e-01 -6.74779892e-01
    -6.48796380e-01 -3.03991973e-01 -7.61445284e-01 -8.14579725e-01
    -7.72058070e-01 -6.67746067e-02 -2.64400303e-01 -2.36836612e-01
    -2.77332306e-01 -6.53974175e-01 -5.52849948e-01 -6.43811166e-01
    -7.83977568e-01 -6.98145270e-01 -3.53893042e-01 -3.38489354e-01
    1.39390349e-01 -5.50499022e-01 -2.86108613e-01 -4.80269074e-01
    -6.61624551e-01 -3.65468264e-02 -6.55672371e-01 -6.48330808e-01
    -4.07137156e-01 -3.78642082e-01 1.84613466e-02 -8.00000191e-01
    -7.64586210e-01 -8.19034874e-01 -5.35527289e-01 -6.11492038e-01
    -9.28250670e-01 -2.20842421e-01 -5.81175566e-01 -5.16772032e-01
    -6.93468034e-01 -1.52414203e-01 -1.78593040e-01 -7.33920574e-01
    -9.09947991e-01 -3.71892154e-01 -2.48639464e-01 -7.52778530e-01
    -7.62063384e-01 -2.97898412e-01 -5.19914091e-01 -1.53356969e-01
    -5.94824433e-01 -1.68860555e-02 -9.87330019e-01 -6.61658287e-01
    -1.37499809e-01 -2.51439095e-01 -8.80766034e-01 -3.60577822e-01
    -5.51217973e-01 -4.01379585e-01 -7.89298296e-01 -6.74192309e-01
    -4.71004218e-01 -5.46311498e-01 -2.87358165e-02 -2.37744451e-01
    -9.21904445e-02 -4.87107515e-01 -3.46106112e-01 -8.78000140e-01
    -6.71558380e-02 -2.69917607e-01 -4.22649682e-01 -1.42539203e-01
    -2.13868439e-01 -4.09007192e-01 -2.82034457e-01 -1.02513719e+00
    -6.83792830e-02 -1.15305543e-01 -6.52023435e-01 -2.82246232e-01
    -9.24354553e-01 -6.70159519e-01 -6.31875634e-01 -3.62267971e-01
    -1.05213809e+00 -2.55321980e-01 -1.69018626e-01 -9.24614131e-01
    -8.93204629e-01 -2.15871572e-01 -4.53870475e-01 -4.87049162e-01
    -1.12644076e-01 -5.79964578e-01 -7.09467649e-01 -5.75024009e-01
    -1.09008193e-01 -5.57731092e-01 -4.74696159e-02 -1.01894438e-01
    -3.47234070e-01 -6.88782811e-01 -3.47902000e-01 -8.66251945e-01
    -8.85196209e-01 -8.47771168e-02 -3.41649532e-01 -2.68485546e-01
    -3.76525521e-01 -1.17405891e-01 -2.38953829e-01 -7.33355999e-01
    -1.71779811e-01 -8.30558181e-01 -4.66257304e-01 1.30684376e-01
    -3.00540864e-01 -7.04358876e-01 -6.22181058e-01 -4.42444205e-01
    -9.78669405e-01 -1.54293299e-01 -2.03778982e-01 -3.43972683e-01
    -4.25628781e-01 -6.88466251e-01 -1.04748869e+00 -4.44612503e-01
    -3.85919571e-01 -5.61427951e-01 -1.83206558e-01 -1.29367888e-01
    -6.42908454e-01 -5.66805542e-01 -1.69792116e-01 -3.98668706e-01
    -1.00653183e+00 -1.13424337e+00 -3.86275053e-01 -7.68340111e-01
    -3.90758753e-01 -2.80987680e-01 -8.55865479e-02 -3.82887006e-01
    -6.46252632e-02 -8.69961977e-02 -5.94266236e-01 -9.08219814e-01
    -7.86333919e-01 -3.01086783e-01 -8.80612731e-01 -3.53275597e-01
    -6.97324753e-01 -1.61972046e-01 -5.06104171e-01 -4.01394993e-01
    -6.82794869e-01 -5.28535008e-01 -1.95184946e-02 -1.33898497e-01
    -9.51276541e-01 -1.63537741e-01 -2.53365278e-01 -4.91540134e-01
    -6.92624211e-01 -9.60803330e-01 -1.73704028e-01 -2.79747903e-01
    -6.43584728e-02 -2.77341366e-01 -6.94139004e-02 -3.12995315e-02
    -2.61230230e-01 -8.17560077e-01 -3.93506885e-01 -5.17668426e-01
    9.89758968e-03 -5.65108716e-01 -6.07083678e-01 -8.77573848e-01
    -1.30812049e-01 -3.18913817e-01 -2.24378705e-02 -1.65691912e-01
    -7.20920563e-01 -6.44914508e-01 -4.15023565e-02 -4.66512054e-01
    -7.27187634e-01 2.11544633e-02 1.47282481e-02 -5.24121344e-01
    -6.88509345e-01 -2.33580351e-01 -1.01152420e+00 -2.48421311e-01
    -7.28371143e-02 -1.99245930e-01 -6.34440303e-01 -3.56072724e-01
    -3.03290844e-01 -9.39292312e-01 -3.34447265e-01 -8.09209466e-01
    -9.61622477e-01 -7.58109093e-02 -9.59692776e-01 -9.58188832e-01
    -1.20432973e-01 -3.05387378e-01 -3.40377867e-01 -7.08272576e-01
    -7.92812705e-01 -4.31621343e-01 -4.12521124e-01 -3.66240352e-01
    -2.93201387e-01 2.99889445e-02 -1.81514591e-01 -3.13811153e-01
    2.28365839e-01 8.53697658e-02 -4.63659346e-01 -1.64612114e-01
    -4.65082228e-01 -8.99997950e-02 -6.02846622e-01 -3.25899720e-01
    -7.57796645e-01 -7.98362374e-01 -1.43780649e-01 -3.91069353e-01
    -6.84995532e-01 -6.51467562e-01 -8.08223128e-01 -8.70336235e-01
    -1.36794627e-01 -3.61536324e-01 -1.11039758e-01 -5.59910238e-01
    -2.22101033e-01 -7.41586328e-01 -4.59167242e-01 -2.75921345e-01
    -5.15793920e-01 -1.45049870e-01 -9.07198787e-01 -9.14523244e-01
    -5.02263904e-01 -4.91783619e-02 -9.40139055e-01 -4.15580869e-02
    -2.84934819e-01 -8.72666955e-01 -2.36707926e-03 -2.11220324e-01
    -3.34528446e-01 -3.06017995e-02 -2.09798872e-01 -7.07923174e-01
    -6.10855103e-01 -3.85971844e-01 -6.32687211e-01 -2.39883065e-01
    -5.92130482e-01 -2.37886548e-01 -3.16360891e-01 -4.73595202e-01
    -8.10302138e-01 -9.64652300e-02 -1.40928388e-01 -7.11624622e-02
    1.15329862e-01 -7.18265891e-01 -7.16567278e-01 -3.99448514e-01
    -6.70406103e-01 -5.32459795e-01 -3.74298453e-01 -2.61045277e-01
    -2.28654027e-01 -3.69680643e-01 -9.13209558e-01 -3.23315501e-01
    -7.35985518e-01 -1.68958366e-01 -4.76477563e-01 -8.92688155e-01
    -6.87285006e-01 -8.79892111e-01 -6.74887359e-01 -2.59763956e-01
    -5.09829342e-01 -9.47476685e-01 -7.02498555e-01 -6.27692461e-01
    -4.95272756e-01 -2.17262626e-01 -9.60025430e-01 -3.60246837e-01
    -2.29000568e-01 -1.36928558e-02 -1.23557091e-01 -8.32395494e-01
    -9.16850805e-01 -1.73303008e-01 -7.41579294e-01 -4.27340209e-01
    -2.04468250e-01 -5.36697984e-01 -6.10085309e-01 -3.87132287e-01
    -7.05497265e-02 -5.38721561e-01 -5.98109365e-02 -6.36186182e-01
    -1.66815102e-01 -3.84918094e-01 -2.70184040e-01 -7.62670994e-01
    -9.76490617e-01 -3.39275599e-02 -1.26953483e-01 -1.96871758e-01
    -2.98287272e-01 -9.72532034e-02 -1.02772152e+00 -4.05447125e-01
    -2.66137123e-01 -7.19182134e-01 -8.49741697e-02 -8.47419202e-01
    -2.24160433e-01 -1.67007208e-01 -4.94615257e-01 -2.74775386e-01
    -9.82143283e-01 -3.11238050e-01 -3.74794602e-01 -7.09339440e-01
    -1.44508898e-01 -1.81312442e-01 -7.96726525e-01 -2.18065739e-01
    -3.68541121e-01 -8.43182325e-01 -9.86120045e-01 -7.22867250e-01
    7.72875547e-03 -8.80658627e-01 -8.63211989e-01 -7.51899362e-01
    -6.19707108e-02 -7.46202111e-01 -6.95636451e-01 -7.83851385e-01
    -1.00636601e-01 -7.10575700e-01 -6.72632217e-01 6.46526217e-02
    -4.61415648e-02 -9.11385059e-01 -6.84474826e-01 -3.04587781e-01
    -9.57121551e-01 -4.78350937e-01 -2.89870799e-01 -5.39707661e-01
    6.58410192e-02 -6.25953257e-01 -1.49430633e-01 -4.93725896e-01
    -8.68687272e-01 -2.55140185e-01 -2.99095988e-01 -3.33227515e-02
    -6.21998072e-01 -1.82114601e-01 -3.56617332e-01 -7.77055264e-01
    -8.53240013e-01 -8.32115293e-01 -6.32173598e-01 -9.62606668e-02
    -4.67982650e-01 -2.08860278e-01 -1.91102743e-01 -6.34445190e-01
    -7.61351287e-01 -1.06459022e+00 -5.80852091e-01 -2.04375505e-01
    -3.68805170e-01 -2.28543162e-01 -7.15089798e-01 -6.79547906e-01
    -4.84292984e-01 -4.72099006e-01 -2.45249987e-01 -7.96028197e-01
    -3.52047086e-02 -4.80308831e-01 -7.94344366e-01 -1.86688721e-01
    -8.58072400e-01 -5.44532418e-01 -9.29448605e-02 -7.43825078e-01
    -9.68179107e-02 -6.15726173e-01 -7.54710674e-01 -7.11108625e-01
    -8.77918541e-01 -2.55311370e-01 -1.36125445e-01 -6.85328603e-01
    -3.41082990e-01 -4.82874870e-01 -6.20866418e-01 -5.25100052e-01
    -6.57423437e-01 -7.26861179e-01 -8.68810415e-01 -7.31268287e-01
    -3.18865836e-01 -5.38828015e-01 -9.49467063e-01 -5.46313047e-01
    -8.83988976e-01 1.06291175e-02 -6.96404874e-01 -3.92406344e-01
    -8.28465283e-01 -5.87364197e-01 -1.26747131e-01 -5.40764332e-01
    -7.15114832e-01 -4.49350297e-01 -2.97580361e-02 -9.00978923e-01
    -5.75497270e-01 -7.06731915e-01 -6.44791842e-01 -1.51800036e-01
    -6.19075537e-01 -1.36672199e-01 -9.18419659e-01 -6.39656305e-01
    -5.90758562e-01 -3.47136796e-01 -1.57368779e-01 -7.06430078e-02
    -1.02335835e+00 -8.36651385e-01 -9.98581171e-01 -2.91266978e-01
    -4.28299725e-01 -9.51280594e-02 -3.20848048e-01 -4.41991270e-01
    -3.14360976e-01 -3.04128289e-01 -2.07549810e-01 -2.25135863e-01
    -3.09270322e-01 -3.92765462e-01 -2.17529416e-01 -5.04202008e-01
    -9.90095735e-02 -5.41107893e-01 -6.91918731e-01 -6.45286560e-01
    -5.57105422e-01 6.79675937e-02 1.73404276e-01 -1.62501812e-01
    8.75476599e-02 -5.09989977e-01 -5.19505501e-01 -2.27800727e-01
    -8.79729509e-01 -9.89100337e-01 -2.79345036e-01 -3.83882761e-01
    -2.96939075e-01 -5.14306307e-01 -1.77667379e-01 -8.70570302e-01
    -2.09141076e-01 -8.87926817e-01 -1.51090920e-01 -4.65897739e-01
    -6.37192607e-01 -7.49569595e-01 -7.09735513e-01 -2.58096814e-01
    -9.32451606e-01 -1.47655487e-01 -9.75678802e-01 -2.05819845e-01
    -7.26965785e-01 -8.94515991e-01 -2.49548554e-01 -4.93357003e-01
    -1.09937072e-01 -5.63114047e-01 -8.26597810e-01 -9.00875688e-01
    -3.50444198e-01 -1.34888649e-01 -8.18017125e-02 -1.98511302e-01
    -5.91348767e-01 -5.58849514e-01 -6.58007383e-01 5.50925732e-03
    -1.17720366e-02 -3.30244422e-01 -3.45659256e-02 -5.71106672e-01
    1.01853669e-01 -5.88098168e-01 -1.24324560e-02 4.79130745e-02
    -5.38391531e-01 -8.43393803e-01 -5.08616805e-01 -6.86642110e-01
    7.45854974e-02 -6.45657778e-01 -4.90126818e-01 -1.55035615e-01
    -5.89789808e-01 -3.56138706e-01 -9.30713296e-01 -2.92271554e-01
    -3.87826324e-01 -9.23084617e-01 -5.21440744e-01 -4.52158749e-01
    -4.08702254e-01 -7.18559682e-01 -3.26460004e-02 -3.83533061e-01
    -8.14961314e-01 -6.62327766e-01 -2.95771420e-01 -5.17629743e-01
    -4.86411035e-01 -1.81985497e-01 -7.23222136e-01 -6.97100937e-01
    -3.60662937e-02 -1.72120333e-03 -5.31821847e-01 -3.50866556e-01
    -6.34303451e-01 -4.62734282e-01 -4.00374651e-01 -6.29795849e-01
    -3.36805761e-01 -2.47897446e-01 -8.20485473e-01 -1.86959863e-01
    -4.36467052e-01 -3.29331040e-01 -4.02453303e-01 -1.66447401e-01
    -3.24443281e-01 -4.07000303e-01 4.27563190e-02 -8.28674912e-01
    -7.53059983e-01 -4.64935303e-02 -4.76886511e-01 -4.66322601e-01
    -4.93048668e-01 -5.07801771e-02 -6.84051394e-01 -7.63542056e-01
    -5.22773564e-01 -5.80725491e-01 -5.13333559e-01 -4.73250508e-01
    -3.04175735e-01 -8.42478275e-02 -8.23088884e-01 -8.45699668e-01
    -9.27065730e-01 -9.52411950e-01 -2.77595341e-01 -9.20516253e-02
    -7.87963808e-01 -1.00305247e+00 -3.39409351e-01 -3.12523603e-01
    -4.68608856e-01 -1.49905801e-01 -5.76049566e-01 -1.48681283e-01
    -8.38001847e-01 -5.58336735e-01 -4.14133310e-01 -1.16725624e-01
    -5.05258679e-01 2.12847590e-02 1.82096958e-02 -3.65501881e-01
    -4.29079115e-01 -5.42611241e-01 -1.69111431e-01 -3.64228785e-01
    -8.91584158e-01 -8.47620785e-01 -6.02687657e-01 -7.59561360e-01
    -8.39446783e-01 -4.70751673e-01 -2.63078749e-01 -9.04924393e-01
    -3.08409035e-01 -5.67308068e-02 -6.10411406e-01 1.82672143e-02
    -8.40388954e-01 -8.26021016e-01 -7.28026271e-01 -7.50659704e-01
    -3.80203843e-01 -8.20297718e-01 -7.08573997e-01 -4.66539204e-01
    -6.79426789e-01 -1.58231497e-01 -5.10008931e-01 -7.34271884e-01
    -6.15068913e-01 -1.41414881e-01 -6.59681320e-01 -7.69923985e-01
    -9.14752007e-01 -1.68641210e-01 -9.23803687e-01 -7.95895875e-01
    -1.10153663e+00 -4.78996754e-01 -3.11368823e-01 -2.24621415e-01
    -4.38955545e-01 -4.40078080e-01 -4.02665019e-01 -5.35942435e-01
    -7.59895265e-01 -3.75662923e-01 -8.94823015e-01 -9.86078858e-01
    -6.64823055e-02 -8.31842065e-01 -8.38842094e-01 -9.22850370e-01
    -1.26291394e-01 -1.53955579e-01 -3.62795472e-01 -2.42555499e-01
    4.30833101e-02 -3.27284515e-01 -5.77074885e-02 -2.07332373e-02
    -2.19815612e-01 -4.79162216e-01 -7.86812603e-01 -6.46148026e-01
    -4.35442686e-01 -4.11201715e-01 -8.36260796e-01 -3.58878911e-01
    -3.86894941e-02 -3.24639201e-01 -2.54140973e-01 -5.81478238e-01
    -1.03577018e-01 -1.03253746e+00 -2.89116204e-01 -3.62647116e-01
    -5.59909523e-01 -8.02280307e-02 -8.71398091e-01 -2.66292870e-01
    -3.30836356e-01 -1.90096915e-01 -6.93790913e-02 -6.16746783e-01
    -3.45104933e-02 -4.65613246e-01 -9.37162995e-01 -5.64661801e-01
    -9.37387884e-01 -2.28189170e-01 -5.97971022e-01 -3.15880775e-02
    -5.62917948e-01 -3.46846759e-01 -8.26217115e-01 -4.89108384e-01
    -5.92003465e-01 -1.02084231e+00 -6.05644703e-01 -5.86899340e-01
    -2.36706376e-01 -4.37185585e-01 -5.54921985e-01 -7.93015420e-01
    -3.04254115e-01 -3.36061299e-01 -8.18360686e-01 -8.43257785e-01
    -7.26622343e-01 -1.00581980e+00 -3.39014649e-01 -4.49791193e-01
    -8.25833619e-01 -4.68799710e-01 -4.01999474e-01 -1.27554595e-01
    -7.08565235e-01 -7.28996634e-01 -2.16040194e-01 -4.19271082e-01
    -4.40613002e-01 6.01658225e-02 2.17853069e-01 3.12168062e-01
    1.80848062e-01 -5.86489499e-01 -2.85142660e-02 -1.12863541e-01
    -5.93656301e-02 -6.95172250e-01 -6.43018603e-01 -8.25880229e-01
    -7.45323837e-01 -7.08631694e-01 -3.89737546e-01 -3.23279381e-01
    -7.28962779e-01 -1.07084572e-01 -7.75170445e-01 -8.56762886e-01
    -4.82043445e-01 -5.79890847e-01 -3.19392323e-01 -5.83966136e-01
    -3.90201569e-01 -2.42632806e-01 -2.83236325e-01 -3.93512666e-01
    -4.29897547e-01 -2.55345821e-01 -7.75434732e-01 -4.72955406e-01
    -5.21629095e-01 -6.13355041e-01 -8.94973397e-01 -3.12875450e-01
    -7.49678016e-01 -3.52584302e-01 -2.87967920e-02 -7.81433463e-01
    -7.07091928e-01 -5.62073708e-01 -2.17833519e-01 -7.07230628e-01
    -8.45638633e-01 -6.78266048e-01 -2.06766725e-02 -8.29008937e-01
    -8.51601005e-01 -2.12519586e-01 -7.09212184e-01 -8.66029143e-01
    -4.28526968e-01 -2.77687728e-01 -2.86487103e-01 -8.99152339e-01
    -7.52909362e-01 -6.40302658e-01 -5.40199876e-02 -4.76474315e-01
    -2.97237456e-01 -6.80456758e-02 -9.35951591e-01 -3.89512420e-01
    -5.05638421e-01 -2.43848801e-01 -2.69564807e-01 -2.49547362e-01
    -9.96501088e-01 -7.55518675e-01 -2.34459937e-01 -8.73966157e-01
    -8.90786767e-01 -4.11770403e-01 -5.44457138e-01 -3.99417043e-01
    -9.54056025e-01 -9.10331130e-01 -1.52591288e-01 -4.10235107e-01
    -3.25566828e-01 -4.38172698e-01 -3.89584482e-01 -6.26472354e-01
    -2.86645710e-01 -7.23190725e-01 -7.53312588e-01 -5.44489622e-02
    -5.44898629e-01 -1.33752227e-01 -2.54376173e-01 -6.49189711e-01
    -3.18288803e-01 -8.63958240e-01 -5.98089099e-01 -3.05155873e-01
    -7.44474292e-01 -5.60363531e-01 -7.85137475e-01 -5.60657501e-01
    -6.12919569e-01 -6.57745719e-01 -6.15855098e-01 -4.01853383e-01
    -8.26020479e-01 -4.81307805e-01 -5.16017556e-01 -7.23764062e-01
    -3.65371108e-01 -8.93421531e-01 -1.46678567e-01 -2.91331530e-01
    -8.40773702e-01 -9.56899524e-01 -4.99415219e-01 -9.49864268e-01
    -3.97378206e-03 -3.30009460e-02 -8.72934341e-01 -4.41240191e-01
    -1.60734892e-01 -2.63989866e-01 -9.85167027e-02 -4.40319538e-01
    -3.43068361e-01 -4.23161566e-01 -9.17218447e-01 -6.90113902e-02
    -3.34275901e-01 -8.36994290e-01 -6.32453084e-01 -9.47867632e-02
    -9.47670877e-01 -7.87294984e-01 -1.45057440e-01 -7.75478482e-01
    -7.58082986e-01 -9.13095593e-01 -8.46248865e-01 -2.51616478e-01
    -2.08760500e-02 -1.80870235e-01 -7.64425635e-01 -1.87482834e-02
    -9.02637005e-01 -7.12365985e-01 -1.23295784e-01 -4.54837710e-01
    -6.90310001e-01 -8.38718057e-01 -7.64706969e-01 -8.31938863e-01
    -4.05443937e-01 -2.67362773e-01 -5.33767223e-01 -8.54962468e-01
    7.82075524e-02 -7.13041663e-01 -1.53028011e-01 -6.01701140e-01
    -5.22518754e-01 -8.85605812e-01 -8.49372685e-01 -9.20994580e-01
    -2.29474425e-01 -7.34839439e-02 -8.89459014e-01 -1.00906527e+00
    -1.59626067e-01 -5.89852393e-01 -1.36637092e-01 -9.21246469e-01
    -6.35998130e-01 -3.25266719e-01 -6.67942762e-01 -5.44196129e-01
    -3.77842784e-01 -3.18943739e-01 -2.69394398e-01 -2.53180325e-01
    -4.97193515e-01 -5.69155812e-01 -5.37994385e-01 -5.78714788e-01
    -3.61725271e-01 -4.91922200e-01 -7.55953789e-02 -5.09485006e-02
    -9.72909331e-02 -3.73211205e-01 -4.94039208e-01 -5.41794300e-01
    -8.70518088e-01 -2.63666034e-01 -8.79419327e-01 -7.07671285e-01
    3.20848823e-02 -5.63923299e-01 -7.65567064e-01 -7.04379916e-01
    -6.96245849e-01 -1.14806235e-01 -2.41425037e-01 -7.67622650e-01
    -3.70843351e-01 -2.45328069e-01 -7.70951927e-01 -6.44681156e-01
    -7.49440610e-01 -3.32653761e-01 -2.30514050e-01 -8.09499621e-01
    -3.56763244e-01 -6.02524281e-01 -8.13677788e-01 -9.16056991e-01
    -2.63364017e-01 -5.28197885e-02 -6.22827947e-01 -8.63649786e-01
    -5.95706105e-01 -1.29023790e-01 -3.14537883e-02 -4.73585844e-01
    -1.01824403e-02 -8.90089929e-01 -8.10390949e-01 -4.98459697e-01
    -9.19854641e-01 -6.24970376e-01 -2.81960130e-01 -4.72768605e-01
    -5.25699854e-01 -1.09713197e-01 -4.44680512e-01 -2.47263968e-01
    -7.56588578e-01 -5.49554110e-01 -3.62580538e-01 -2.39918113e-01
    -4.08634961e-01 -6.92064881e-01 -1.57339692e-01 -6.67512417e-02
    -1.37442827e-01 -3.63021970e-01 -3.51185143e-01 -1.14314616e-01
    -6.07723713e-01 -7.11234689e-01 -5.30688822e-01 -5.85462451e-01
    -2.17704058e-01 -4.38741326e-01 -6.84095621e-01 -7.07034588e-01
    -4.29112524e-01 -3.58475924e-01 -5.43936372e-01 -3.60876054e-01
    -1.14407480e-01 -1.10127091e-01 -4.68260109e-01 -6.06716275e-02
    -1.96688771e-02 -8.55532169e-01 -4.03460264e-02 -5.89604020e-01
    -5.19267976e-01 -3.20161104e-01 -3.30742478e-01 -1.08066261e-01
    -2.96312273e-01 -1.54716015e-01 -4.69733238e-01 -2.89561033e-01
    -4.82706785e-01 -2.57652223e-01 -8.42965066e-01 -3.14147294e-01
    -7.65495300e-02 -5.01398981e-01 -7.67346025e-01 -2.72871256e-02
    -5.14636397e-01 -3.63093019e-02 -7.06004739e-01 -1.23086274e-01
    -6.38330936e-01 -4.38177288e-01 -3.77789319e-01 -9.40039396e-01
    -5.85913837e-01 -3.86137366e-01 -5.95169306e-01 -1.43418133e-01
    -7.23551095e-01 -8.39929700e-01 -1.34453714e-01 -2.37927079e-01
    -5.89827836e-01 -4.48192000e-01 -6.83305264e-01 -5.13996065e-01
    -8.02150488e-01 -3.12045574e-01 -9.27373171e-02 -7.59982407e-01
    -3.30653548e-01 -3.01535726e-01 -1.44956291e-01 -5.65731525e-02
    -8.85378540e-01 -8.38797748e-01 -3.92328739e-01 -7.38072038e-01
    -5.55363655e-01 -1.35459185e-01 -1.00011456e+00 -4.35850620e-01
    -2.37954259e-01 -9.37958241e-01 -8.91736805e-01 -5.35503507e-01
    -9.55375075e-01 -6.36137187e-01 -2.85564959e-01 -3.77243221e-01
    -7.71790147e-01 -3.28971505e-01 -2.29672313e-01 -9.54710424e-01
    -2.94996977e-01 -1.87065840e-01 -2.13187337e-02 -4.67271745e-01
    -2.13519454e-01 -8.21524024e-01 -7.63404667e-01 -8.45116258e-01
    -8.17565143e-01 4.89401817e-02 -5.66586435e-01 -9.15385365e-01
    -2.73892879e-02 -6.37215495e-01 -4.14939702e-01 -4.98934388e-01
    -5.06037951e-01 -7.16965675e-01 -7.63382196e-01 -5.15442014e-01
    -9.78592873e-01 -2.57766306e-01 -7.28426218e-01 -7.86305845e-01
    -6.02043986e-01 -4.43804801e-01 -6.01026952e-01 -1.01216197e-01
    -7.87244916e-01 -2.26287842e-02 -2.98914850e-01 -9.58957970e-01
    -1.00409079e+00 -5.45527816e-01 -1.62186027e-01 -9.16868210e-01
    -2.98120975e-01 -6.04688585e-01 -8.55811834e-01 -4.34962511e-01
    -6.80590510e-01 -8.73707175e-01 -3.14499736e-01 -1.60233378e-01
    -7.41964400e-01 -5.82882166e-02 -8.99027348e-01 -3.83115768e-01
    -8.30370426e-01 -9.19839263e-01 -9.03129876e-01 -3.98516059e-01
    -8.26283336e-01 -2.54290938e-01 -7.77076662e-01 -7.58778930e-01
    -3.52549434e-01 -9.31501865e-01 -5.14342189e-01 -3.22127342e-01
    -7.65439272e-01 9.80770588e-03 -6.44470692e-01 -5.35582781e-01
    -7.21898437e-01 -1.55911207e-01 -5.32376766e-01 -9.09759343e-01
    -2.36486554e-01 -2.73169875e-02 -5.26947379e-01 -4.49297190e-01
    -9.01586771e-01 -7.94550776e-01 -2.91585088e-01 -3.68303418e-01
    3.94876003e-02 9.36499238e-02 -2.36478150e-01 -6.30998254e-01
    -6.16555929e-01 -9.16691899e-01 -3.51878703e-01 -3.94668460e-01
    -9.88671184e-02 -9.13268328e-02 -8.30676556e-01 -9.42620397e-01
    -5.32859325e-01 -3.54291797e-01 -3.81536543e-01 -8.18975091e-01
    -3.54775727e-01 -9.46127892e-01 -2.80123949e-01 -1.10522878e+00
    -3.42315793e-01 -3.73299599e-01 -5.24244010e-01 -1.02242601e+00
    -5.21884084e-01 -3.09405804e-01 -6.40925288e-01 -8.75581384e-01
    -9.16331887e-01 -5.03196359e-01 -9.29319978e-01 -3.16600263e-01
    -4.49429631e-01 -6.48331523e-01 -7.03429103e-01 -8.90480399e-01
    -7.75687039e-01 -1.55721664e-01 -6.08324289e-01 -2.78739691e-01
    -5.58304787e-01 -7.09941387e-01 -6.82634115e-02 -6.35167360e-01
    -4.35818702e-01 -6.25089526e-01 -4.90927696e-01 -4.31478024e-02
    -7.90708482e-01 4.92626429e-03 -1.46433115e-02 -6.01883531e-01
    -7.54848838e-01 -6.21092558e-01 -5.83730459e-01 -2.52981067e-01
    -1.71827257e-01 -8.94320607e-01 -7.41012752e-01 -7.77237654e-01
    -2.59092450e-02 -5.43719769e-01 -6.12373292e-01 -5.70935369e-01
    -9.93355513e-02 -7.91866779e-02 -6.95857525e-01 -1.49909317e-01
    -4.89000469e-01 -5.01915157e-01 -7.50463247e-01 -7.18746066e-01
    -3.68426442e-01 -1.08770847e-01 -1.28422678e-01 5.75256348e-03
    -6.88129425e-01 -7.67223835e-01 -4.82173502e-01 -1.71893835e-02
    -3.17097723e-01 -4.90683615e-01 -4.86814022e-01 -5.82106113e-01
    -6.17662668e-02 -9.24510300e-01 -7.22157240e-01 -8.20269883e-01
    -6.70247078e-01 -4.44663346e-01 -5.57298064e-01 -6.54187024e-01
    -3.82865310e-01 -4.48121130e-01 -1.08328462e-01 -6.16358817e-01
    -6.88926220e-01 -8.15894306e-01 -4.14159983e-01 -6.76264167e-01
    6.15848303e-02 -8.62852097e-01 -7.99920380e-01 -7.56687522e-01
    -3.67197365e-01 1.26910746e-01 1.38114512e-01 1.98915541e-01
    3.71930420e-01 -3.64740282e-01 -9.48657393e-02 -8.29599917e-01
    -8.19093823e-01 -8.46549749e-01 -9.33074236e-01 -4.03036475e-02
    -4.94830191e-01 -6.18305683e-01 -8.73646259e-01 -7.25175142e-02
    -8.44546914e-01 -4.13610518e-01 4.16022539e-03 -5.33713937e-01
    -3.54073822e-01 -3.59807134e-01 -6.37985587e-01 -8.96568894e-01
    -1.15144134e-01 -3.37727487e-01 -9.91725802e-01 -8.38681161e-01
    -1.35393083e-01 -9.11888957e-01 -4.33292866e-01 -7.77016342e-01
    -9.45512056e-02 -2.69426882e-01 -6.11775100e-01 -1.99321091e-01
    -3.40221584e-01 -8.50356102e-01 -8.31701875e-01 -8.08880806e-01
    -5.30343235e-01 -1.12206340e-01 -3.27296019e-01 -1.09777629e-01
    -2.41347909e-01 -5.69726586e-01 -2.43106663e-01 -5.62155306e-01
    -3.19205225e-01 1.94841623e-03 -3.52526367e-01 -2.26765633e-01
    -3.65041018e-01 -5.20335674e-01 -9.48605537e-01 -9.06824887e-01
    -1.60799026e-02 -3.32904279e-01 -7.05776274e-01 -6.40130520e-01
    -5.07900953e-01 -7.62588501e-01 -7.25805759e-02 -1.08812332e-01
    -3.71940196e-01 -1.02084196e+00 -8.69144201e-02 -3.80823016e-01
    -5.43913960e-01 -2.51228571e-01 -2.98541188e-01 -1.52926385e-01
    -1.11831427e-01 -5.86926997e-01 -6.33104086e-01 -6.64192796e-01
    -4.11908269e-01 -2.46704519e-01 -8.02725792e-01 -9.39717829e-01
    -8.58614326e-01 -4.50503290e-01 -7.32868433e-01 -5.27113259e-01
    -6.86647415e-01 -2.62643099e-01 -8.63105774e-01 -1.83044493e-01
    -8.66634965e-01 -2.29674935e-01 -6.75694108e-01 -7.71681726e-01
    -4.99963343e-01 -2.93636441e-01 -1.22386098e-01 -5.80105126e-01
    -6.07656837e-02 -5.29520571e-01 -1.58936381e-01 -6.85714126e-01
    -9.55694318e-02 -8.28340888e-01 -3.99032176e-01 -4.40882564e-01
    -1.08066916e-01 -5.79550982e-01 -4.17262614e-01 -3.13344598e-01
    -3.86613727e-01 -1.98232472e-01 -2.52093017e-01 -4.66447830e-01
    -4.78112161e-01 -7.39058256e-02 -7.54210949e-02 -1.61588192e-03
    -8.71861100e-01 -6.54883385e-01 -8.22145939e-01 9.93770361e-03
    -7.99820423e-02 -8.20802033e-01 -7.80061364e-01 -4.07002389e-01
    -4.32705045e-01 -5.44824421e-01 -7.13062286e-01 2.93755531e-03
    -5.65246105e-01 -4.78042632e-01 -1.12636924e-01 -6.31591320e-01
    -4.12770212e-01 -2.04636514e-01 -9.60975647e-01 -1.27039254e-01
    -4.46473718e-01 -4.31497514e-01 -3.38536143e-01 -1.77294016e-01
    -6.84342146e-01 -2.87737191e-01 -9.11852717e-02 -1.13673687e-01
    -1.73056841e-01 -4.20919776e-01 -3.97968411e-01 -2.93623865e-01
    -6.75308704e-02 -1.84416294e-01 -5.69657683e-01 -3.46737802e-01
    -4.46137458e-01 2.77690291e-02 -8.62315774e-01 -8.88858438e-01
    -6.48409486e-01 -3.94714236e-01 -3.77651453e-01 -1.30191505e-01
    -6.20583236e-01 -7.37247944e-01 -2.51801848e-01 -7.35320389e-01
    -3.93492877e-01 -9.93778706e-01 -5.52652657e-01 -2.05638647e-01
    -4.44557309e-01 -9.53669190e-01 -6.72504425e-01 -3.00012827e-01
    -6.77703202e-01 -2.04687476e-01 -9.07554388e-01 -5.81279218e-01
    -4.14625049e-01 -9.81438398e-01 -8.57451558e-01 -7.65087605e-01
    -7.83111930e-01 -4.29925799e-01 -3.29151571e-01 -4.53534126e-02
    -4.40312088e-01 -4.75714087e-01 -1.97054029e-01 -6.42242432e-02
    -8.70084047e-01 -4.29271817e-01 -6.66376948e-01 -9.25743699e-01
    -1.16703629e-01 -6.42093480e-01 -6.79723978e-01 4.31980491e-02
    -2.75684178e-01 -6.70968354e-01 -7.81610847e-01 -5.91615021e-01
    -2.92719603e-02 -8.76655698e-01 -8.72681260e-01 -8.05439353e-01
    -4.93065476e-01 -6.84691072e-01 -8.20639729e-01 -2.16892898e-01
    -2.55445242e-01 -8.78641605e-02 -8.42310548e-01 -8.64764452e-01
    -6.68134689e-01 -4.09069061e-02 -1.99119329e-01 -7.88455307e-01
    2.33141780e-02 -2.36011684e-01 -6.65302277e-01 -8.60562801e-01
    -6.89549923e-01 4.07462120e-02 -5.95890999e-01 -1.65495038e-01
    -8.70962620e-01 -3.40840459e-01 -5.58726549e-01 -4.09821868e-01
    -4.33862567e-01 -5.61896205e-01 -8.15226078e-01 -9.34624910e-01
    -2.33194232e-01 -5.08851707e-01 -8.32278848e-01 -9.03560162e-01
    -3.04974735e-01 -8.70574832e-01 -5.59587240e-01 -2.60950863e-01
    -2.02046394e-01 -3.60501409e-01 -9.77195024e-01 -8.78252745e-01
    -6.60160959e-01 -1.90279245e-01 -5.35409033e-01 -1.43469214e-01
    -2.59022415e-01 -8.53778601e-01 -3.40903580e-01 -6.84598327e-01
    -8.55736732e-02 -1.87734246e-01 -2.77378380e-01 -5.97058654e-01
    -7.02005029e-01 -4.09463286e-01 -4.60883856e-01 1.49915576e-01
    -3.73500645e-01 -2.14608610e-01 9.83362794e-02 -6.13851070e-01
    -5.81414759e-01 -9.75705624e-01 -4.37224746e-01 -4.24348772e-01
    -5.88495493e-01 -4.99877453e-01 -8.44170511e-01 -2.09199309e-01
    -9.94553268e-01 -9.62936044e-01 -3.62487793e-01 -4.06007707e-01
    -6.27297223e-01 -2.29774952e-01 -5.16872823e-01 -1.12065494e-01
    -9.00774717e-01 -5.43872058e-01 -2.50671685e-01 -2.00629294e-01
    -9.23884153e-01 -5.60967863e-01 -5.39620459e-01 -3.84701967e-01
    -6.57221794e-01 -1.02907360e-01 -8.94575596e-01 -1.62003398e-01
    -5.71652770e-01 -2.45895386e-01 -7.24308908e-01 -5.82645774e-01
    -7.28190184e-01 -2.86182582e-01 -5.24569154e-01 -3.13401222e-02
    -6.72875166e-01 -2.98273861e-01 -5.00375748e-01 -6.20884538e-01
    -4.42738652e-01 -2.76320398e-01 -2.75161326e-01 -9.13592577e-01
    -5.82537293e-01 -2.58430719e-01 -7.74080455e-01 -2.22815931e-01
    -5.33615887e-01 -2.94683278e-01 -4.95129228e-01 -2.05631196e-01
    -6.90080225e-01 -1.26951218e-01 -7.97124267e-01 -1.24462724e-01
    -4.83319759e-01 -6.33270741e-01 -2.15305090e-01 -1.22123599e-01
    -2.37645864e-01 -5.75446725e-01 -7.59049058e-01 -3.05909157e-01
    -3.39772701e-01 -4.65662241e-01 -9.02887583e-02 -4.39450324e-01
    -7.64332652e-01 -1.78646624e-01 -8.71195316e-01 -1.48331106e-01
    -4.08300221e-01 -3.88549358e-01 -2.51864314e-01 -3.64928484e-01
    -8.23366225e-01 -2.95974791e-01 -1.20950997e-01 -9.14989710e-02
    -7.01296508e-01 -8.76464128e-01 -8.93537462e-01 -7.75442600e-01
    -3.12593520e-01 -4.08112943e-01 -3.44854712e-01 -3.79910111e-01
    -2.08878458e-01 -8.23119640e-01 -5.43591976e-01 -2.99505353e-01
    -2.45203793e-01 7.22213387e-02 6.99498653e-02 -8.75290036e-01
    -7.42558300e-01 -3.74606073e-01 -4.27531898e-01 -8.19108248e-01
    -7.29680240e-01 -6.47083521e-01 -3.99285555e-01 -7.53716886e-01
    -4.49028134e-01 -2.36967325e-01 -9.33062673e-01 -7.62416244e-01
    -8.05931807e-01 -3.42916965e-01 -2.97010362e-01 -2.83847928e-01
    -7.37807870e-01 -8.34160686e-01 -8.02152097e-01 -9.96133685e-02
    -4.44658220e-01 -4.25970495e-01 -7.99968362e-01 -3.61612260e-01
    -1.76068187e-01 -4.76526827e-01 2.78406739e-02 -9.17773724e-01
    -9.41339016e-01 -4.59547102e-01 -1.90559924e-01 -9.48542714e-01
    -2.93484569e-01 -5.13196468e-01 -9.39682484e-01 -7.14675248e-01
    -5.02045751e-01 -3.45557809e-01 -3.77588928e-01 -6.56392574e-02
    -7.45669603e-01 -6.43070579e-01 -4.34536517e-01 -4.13676977e-01
    -9.07634258e-01 -3.30089629e-01 -1.44129872e-01 -3.08973730e-01
    -7.05977201e-01 -7.71763682e-01 -7.65931368e-01 -1.05802596e-01
    -3.74089122e-01 -2.66311467e-01 -5.72540760e-02 -2.66046166e-01
    -3.88798535e-01 -6.61943316e-01 -1.69360399e-01 -5.18322170e-01
    -4.06832457e-01 -9.52085257e-01 -1.83924079e-01 -4.65581834e-01
    -1.84358954e-01 -5.19561946e-01 -2.70117640e-01 -3.54861617e-01
    -4.14885640e-01 -2.05686331e-01 -3.50929141e-01 -4.23029065e-01
    -8.94461036e-01 -6.04165852e-01 -4.97408211e-01 -6.83970034e-01
    1.31230354e-02 -5.41950464e-01 -9.32974458e-01 -5.92562079e-01
    -5.44235229e-01 -6.20489836e-01 -3.60379040e-01 -7.47607350e-01
    -9.53926384e-01 -4.32205975e-01 -5.24414003e-01 -5.73970079e-01
    -6.96436524e-01 -4.51572686e-01 9.78183746e-03 -5.77254474e-01
    -7.28273571e-01 -4.81577367e-01 -8.88112783e-02 -5.57140172e-01
    -2.48033583e-01 -6.96577668e-01 -3.23662281e-01 -5.93640804e-01
    -1.97449327e-01 -5.30987620e-01 -2.06199169e-01 -5.77438712e-01
    -6.08670831e-01 -5.80557704e-01 -9.86764431e-02 -4.19944644e-01
    3.27628851e-03 -7.77531862e-01 -7.17670918e-01 -8.59526157e-01
    -6.09943271e-01 -3.82505655e-01 -5.54441214e-01 -4.11083281e-01
    7.90267587e-02 -8.21571350e-01 -7.76912928e-01 -7.84472048e-01
    -6.69959307e-01 -8.66581559e-01 -1.70551181e-01 -8.48075151e-02
    -3.55859399e-01 -2.53490746e-01 -7.53129303e-01 -6.44611061e-01
    -4.13032115e-01 -1.51331306e-01 -4.90392864e-01 -6.25562131e-01
    -6.96387410e-01 -4.45366979e-01 -3.99738193e-01 -6.37902975e-01
    -7.34636784e-02 -1.80298090e-01 -9.62683260e-01 -7.28652894e-01
    -7.06714988e-02 -5.08235157e-01 -4.72738743e-02 -9.17318881e-01
    -3.30907762e-01 -3.19869697e-01 -5.77896237e-02 -8.67093623e-01
    -2.05661833e-01 -9.70519185e-02 -1.68266714e-01 -4.78670657e-01
    -1.85572326e-01 -2.58074939e-01 -2.75216669e-01 -8.63861144e-02
    -3.94989312e-01 -1.12099767e-01 -7.50153661e-01 -6.25615060e-01
    -7.00599432e-01 -4.29551482e-01 -3.87213111e-01 -4.38653767e-01
    -5.19812465e-01 -3.04296255e-01 -3.55871499e-01 -7.34140635e-01
    -1.03371501e-01 -3.87848377e-01 -9.78609800e-01 -9.79085386e-01
    -3.46509814e-01 -3.23706686e-01 8.37832689e-03 -7.73800492e-01
    -7.80728817e-01 -3.65279675e-01 -8.72276902e-01 -7.92027712e-02
    -3.27913702e-01 -6.84571266e-01 -4.71133411e-01 -9.11332905e-01
    -5.39476514e-01 -1.34418130e-01 -5.47686815e-01 -3.44122767e-01
    -2.48851955e-01 -5.65699279e-01 -9.53508198e-01 -1.43779457e-01
    -4.23219860e-01 -4.54829842e-01 -4.13677931e-01 -3.22138667e-02
    -6.90846086e-01 1.18194997e-01 -2.83353508e-01 -4.87686515e-01
    -7.94686198e-01 -1.04195952e-01 -1.26139641e-01 -4.67807412e-01
    -2.19951987e-01 -2.60769129e-01 -3.63732398e-01 -5.18358409e-01
    -5.35875797e-01 7.71218538e-03 -4.25492287e-01 -1.15464926e-01
    -2.34283328e-01 -3.87960732e-01 -7.66589642e-01 -6.60642028e-01
    -3.73776972e-01 -6.69292212e-01 -1.96581423e-01 -2.30620682e-01
    -6.72064543e-01 -6.71438694e-01 -7.00220346e-01 -7.38280833e-01
    -5.57684422e-01 -4.51752722e-01 -6.87962234e-01 -4.51250672e-01
    -6.88961089e-01 -6.27777934e-01 -8.15695524e-02 -1.79450452e-01
    -2.12748230e-01 -6.46089196e-01 -5.74961662e-01 -3.59020919e-01
    -6.53757632e-01 -5.55980742e-01 -6.25906348e-01 -1.23847723e-01
    -8.25175643e-01 -6.14558578e-01 -1.77256584e-01 -4.98649001e-01
    -7.80649900e-01 -2.21430838e-01 -7.08379447e-01 -3.13290000e-01
    -8.22057128e-01 -6.68058395e-01 -2.40097344e-01 -6.73374534e-01
    -7.78913617e-01 -3.62223804e-01 -8.51384759e-01 -3.61590624e-01
    -4.35267627e-01 -8.79334569e-01 -4.74050283e-01 -1.70080304e-01
    -3.58290315e-01 -5.78296900e-01 -6.42043650e-01 -6.54077530e-01
    9.09924507e-04 -5.10192096e-01 -2.34593391e-01 -1.45756662e-01
    -5.75316668e-01 -8.63350034e-01 -8.62464845e-01 -4.25993353e-01
    -9.48086977e-02 -6.24133945e-02 -5.81668496e-01 -5.56698859e-01
    -9.03207541e-01 -3.90215099e-01 -5.05243123e-01 -6.54449999e-01
    -3.86211276e-01 -4.10310924e-01 -1.93824649e-01 -4.39143002e-01
    -9.60451841e-01 -1.51866257e-01 -9.36445594e-02 -2.31457114e-01
    -6.90996647e-04 -5.53046584e-01 -7.06301212e-01 -1.09189153e-02
    -7.03396320e-01 -4.17724967e-01 -6.73855305e-01 -3.55639338e-01
    -3.64850760e-01 -3.11697066e-01 -7.81724095e-01 -5.17087579e-01
    -6.82491422e-01 -3.75493228e-01 -6.68770671e-02 -5.23238182e-01
    -5.06906986e-01 -2.30784595e-01 -1.01225078e-01 -7.01202035e-01
    -4.75799024e-01 -5.23935080e-01 -9.19429839e-01 -6.70659542e-02
    -1.02256835e+00 -2.78478265e-01 -2.19462037e-01 -9.98618484e-01
    -4.70821857e-01 -1.52911186e-01 -7.48337686e-01 -8.61103058e-01
    -1.86545610e-01 -3.05869222e-01 -6.81213260e-01 -4.11262274e-01
    -1.66655183e-01 -4.37331796e-01 -6.80901408e-01 -3.73387039e-01
    -6.86437488e-02 -1.69820189e-02 -3.12120020e-01 -2.27688432e-01
    -4.24591303e-02 -7.94879794e-02 -1.76362753e-01 -4.73620892e-02
    -6.31908298e-01 -1.12066865e-01 -6.03111565e-01 -3.89133275e-01
    -5.19958735e-02 -2.52551854e-01 -7.59789407e-01 -3.09139967e-01
    -2.82331288e-01 -5.49608469e-03 -3.84051204e-01 -4.98538047e-01
    -4.55015302e-02 -2.81089544e-01 -7.26997495e-01 -4.15274620e-01
    -9.06692863e-01 2.84011364e-02 -5.56866169e-01 -6.69743538e-01
    -5.34688234e-01 -3.67741942e-01 -1.05291843e-01 -6.28321469e-01
    -3.86029363e-01 -4.31510448e-01 -8.22412968e-01 -3.24134231e-01
    -2.02204704e-01 -8.23423743e-01 -1.06794417e-01 -7.66870856e-01
    -6.52567267e-01 -7.61706233e-01 -8.83312523e-01 -6.46689296e-01
    -8.12239051e-01 -8.67453516e-01 -2.16586530e-01 -8.85308981e-02
    -6.75261497e-01 -2.72514820e-01 -4.13986325e-01 -5.73693752e-01
    -7.77075887e-01 -1.02451980e+00 -5.43085158e-01 -6.25203192e-01
    -2.80653477e-01 -6.60949945e-01 -9.32301283e-02 -3.87145698e-01
    -6.95982516e-01 -4.73828435e-01 -9.55750823e-01 -6.90140724e-02
    -6.60645723e-01 -3.89596283e-01 -6.13318384e-01 -1.82649732e-01
    -5.56857347e-01 -8.64576876e-01 -3.32214832e-02 -5.27450979e-01
    -7.73210049e-01 -6.96634889e-01 -5.01367927e-01 -2.61696100e-01
    -7.14667261e-01 -4.73162889e-01 -1.99708998e-01 -3.19177628e-01
    -8.52262020e-01 -7.60882974e-01 -5.36227643e-01 -4.31273669e-01
    -1.03571802e-01 -1.62902117e-01 -6.73317313e-02 -1.93381131e-01
    -3.39879274e-01 -4.05186236e-01 -4.34005857e-01 -1.59864068e-01
    -3.91757727e-01 -7.20745385e-01 -3.34996164e-01 -5.34483790e-01
    -1.57569170e-01 -3.29288483e-01 -4.32547092e-01 -5.27800322e-02
    -6.26278758e-01 -2.85905063e-01 -6.19653761e-01 -3.70403767e-01
    -8.31664205e-01 -7.53968477e-01 -4.76151884e-01 -5.65240145e-01
    -3.00828278e-01 -8.03881645e-01 -3.04977059e-01 -7.55026937e-01
    -8.52714896e-01 -7.69596815e-01 -2.82721341e-01 -1.30547523e-01
    -7.53806651e-01 -5.73065400e-01 -2.95579672e-01 -1.54490650e-01
    -4.80172366e-01 -9.31207299e-01 -1.72400534e-01 -8.72089803e-01
    -5.78840315e-01 -8.08965206e-01 -8.18598628e-01 -7.21665740e-01
    -5.64543605e-01 -7.89624274e-01 -8.24802160e-01 -8.96394610e-01
    -6.92767441e-01 -3.71100962e-01 -9.83146429e-02 -8.78257334e-01
    -1.16925359e-01 -7.04111457e-01 -5.93656301e-03 -9.19043064e-01
    -6.73955441e-01 -8.18942845e-01 -1.81123793e-01 -3.42537165e-01
    -9.91317153e-01 -1.53318048e-01 -6.80477679e-01 -3.90974402e-01
    -7.21445501e-01 -9.61205125e-01 -3.93017352e-01 -5.92759848e-01
    -2.43867278e-01 -3.97818983e-01 -9.00984526e-01 -6.42930627e-01
    -2.57863224e-01 -1.82646513e-03 7.91370869e-03 -5.99380016e-01
    -8.33813906e-01 -3.64660501e-01 -5.40588498e-02 -6.21147156e-02
    -1.50651932e-02 6.01153374e-02 -7.39408731e-01 -5.23715377e-01
    -2.17364669e-01 -5.18853307e-01 -9.60433841e-01 -1.45318508e-01
    -2.73343921e-01 -4.33794260e-01 -1.00934124e+00 -9.54154015e-01
    -6.35765254e-01 -3.94038439e-01 -2.06573009e-01 -6.16728306e-01
    -7.23213315e-01 -8.35009873e-01 -6.93608165e-01 7.37097859e-02
    -5.44903219e-01 -7.74897695e-01 2.71910429e-03 -7.56504834e-01
    -3.08036387e-01 -5.67198694e-01 -4.11150873e-01 -4.43450034e-01
    -5.58624387e-01 -4.97408986e-01 -7.25380540e-01 -3.35288107e-01
    8.29498172e-02 -4.35806274e-01 -4.19378102e-01 -8.90062332e-01
    -9.11197126e-01 7.07855821e-02 -1.37434602e-02 4.63969707e-02
    -2.39986479e-01 -2.06663013e-02 -5.53288221e-01 -2.98048377e-01
    -7.99642742e-01 -8.52791131e-01 -2.84154177e-01 -4.17065442e-01
    -4.36924696e-02 -1.37101889e-01 -1.50198340e-01 -4.23787773e-01
    -8.10261786e-01 -7.55551517e-01 -5.30028284e-01 -6.17605031e-01
    -5.62527657e-01 -6.43566072e-01 -4.36261535e-01 -8.40009034e-01
    -5.69251299e-01 -6.76970959e-01 -8.71149480e-01 -8.04876029e-01
    -1.21343195e-01 -7.31458664e-01 -2.50213087e-01 -7.03798175e-01
    -6.25189185e-01 -6.90768421e-01 -4.14076120e-01 -2.47199357e-01
    -1.61004305e-01 -2.58743763e-01 -6.01605356e-01 -1.11874580e-01
    -4.08621132e-01 -6.22134030e-01 -2.70777583e-01 -5.02484441e-01
    -2.56558180e-01 -1.15086973e-01 -2.71454930e-01 -7.39965558e-01
    -2.22972512e-01 -9.19213295e-01 -5.70364654e-01 -5.76354623e-01
    -5.43460190e-01 -1.04471517e+00 -6.15644395e-01 -1.26624167e-01
    -4.73706663e-01 -7.96103239e-01 -8.34945917e-01 -4.55313444e-01
    -8.87692690e-01 -8.95323038e-01 -4.67616081e-01 -1.77238941e-01
    -1.97517097e-01 -4.20862794e-01 -4.75454450e-01 -5.68212152e-01
    -8.47211719e-01 -2.85673082e-01 -2.56183028e-01 -4.34575081e-01
    -7.87005305e-01 -5.03643990e-01 -5.95809102e-01 -7.41147876e-01
    -6.23451054e-01 -3.84473771e-01 -1.49977326e-01 -6.87383175e-01
    -8.31017852e-01 -3.65766764e-01 -1.00659072e-01 -9.95029211e-02
    -3.57323408e-01 -4.24044490e-01 -5.26676655e-01 -5.11159718e-01
    -8.81297231e-01 -7.66132951e-01 -3.23038697e-02 -1.54896379e-02
    -4.26691532e-01 -5.81946611e-01 -3.66098166e-01 -5.70472598e-01
    -5.17646670e-01 -2.01021552e-01 -4.15938318e-01 -1.02729082e-01
    -8.45905900e-01 -1.47372842e-01 3.92943621e-02 -2.43133545e-01
    -6.28166676e-01 -7.08275855e-01 -3.44986916e-01 -7.29922414e-01
    -6.63219452e-01 -4.68552053e-01 -5.10870278e-01 -7.37441361e-01
    -4.53297853e-01 -3.97781074e-01 -5.07141352e-01 -1.00566566e-01
    -1.54709339e-01 -3.37416589e-01 -2.32691228e-01 -1.93594098e-02
    -5.54370403e-01 -1.90257132e-01 -6.62939012e-01 2.63955593e-02
    -2.92919219e-01 -5.15561223e-01 -4.59171474e-01 -8.43139291e-01
    -7.12766230e-01 -2.13615477e-01 -7.26815581e-01 -8.35295916e-01
    -7.87916362e-01 -1.22871935e-01 -2.58302927e-01 -1.15492165e-01
    2.16794014e-02 9.19448137e-02 -5.81854820e-01 3.38536084e-01
    2.25285888e-02 -3.15766662e-01 2.84755230e-03 -7.24884629e-01
    -7.32438326e-01 -7.36719489e-01 -2.33425140e-01 -3.07159543e-01
    -1.79632187e-01 -9.97093081e-01 -9.01650071e-01 -9.56281900e-01
    -8.19959283e-01 -1.80233717e-02 -1.62738144e-01 -1.93078160e-01
    -5.14415026e-01 -5.95316470e-01 -3.48131120e-01 -4.76894081e-01
    -2.26239204e-01 -7.40223646e-01 -9.35720861e-01 1.22459531e-02
    -1.62671745e-01 -7.62835622e-01 -4.42481041e-03 -7.94841707e-01
    1.33716464e-02 -4.78189588e-01 -3.12759876e-02 -3.98627877e-01
    -4.32883739e-01 -1.99975908e-01 -5.66189945e-01 -9.99183238e-01
    -6.60531163e-01 -3.88035476e-01 -5.48022211e-01 -5.82365632e-01
    -5.43012738e-01 -2.06041217e-01 -6.97220683e-01 -2.99538553e-01
    -8.85208488e-01 -2.27439284e-01 -1.16574347e-01 -2.11902559e-01
    -2.24805355e-01 -1.97990656e-01 -4.29148674e-01 -7.81897306e-01
    -8.63751173e-01 -2.59596705e-02 -9.50684190e-01 -7.00682998e-02
    -9.11556602e-01 -6.56269193e-01 -8.98702383e-01 -1.71624780e-01
    -3.31107497e-01 -7.84069300e-01 -3.32771540e-02 -8.86864185e-01
    -7.70425797e-01 -3.53226900e-01 -5.54799736e-01 -9.27931428e-01
    -9.21315908e-01 -7.70599604e-01 -1.21631861e-01 -3.30545127e-01
    -8.57815146e-01 -5.14477074e-01 -4.26897794e-01 -6.75333500e-01
    -3.48381341e-01 -1.17415547e-01 -7.44624972e-01 -7.96584606e-01
    -5.67839861e-01 4.80512381e-02 -5.85393012e-01 -4.42226708e-01
    -2.06238687e-01 -3.67428303e-01 -2.24616528e-01 -1.27205133e-01
    -1.93127871e-01 -7.54833519e-01 -1.32302642e-01 -8.03014874e-01
    -6.39091849e-01 -4.32535112e-01 -5.68585157e-01 -8.84501696e-01
    -2.11405754e-02 -5.86292744e-02 -5.46475053e-01 -3.44329476e-02
    -3.33392322e-01 3.38508487e-02 -3.41092587e-01 4.97433543e-02
    -3.76714051e-01 -3.76549721e-01 -6.66802943e-01 -9.52338576e-02
    -5.95198035e-01 -6.50376201e-01 -1.96987510e-01 -6.98800445e-01
    4.89926338e-03 -1.25395954e-01 -4.37945664e-01 -4.01734978e-01
    -3.68446827e-01 -5.32148480e-01 -8.92471433e-01 -6.80509806e-01
    -6.35808110e-01 -4.81540173e-01 -1.32254958e-01 -6.74323678e-01
    -6.93699241e-01 -5.23203790e-01 -2.94563472e-01 -2.34019279e-01
    -3.77193332e-01 -8.23663950e-01 -5.45809269e-01 -7.02022374e-01
    -1.39826179e-01 -7.56555080e-01 -1.31941855e-01 -3.60869169e-01
    -4.02364373e-01 -2.57779300e-01 -7.52561212e-01 -4.85950410e-01
    -2.98947752e-01 -4.26114082e-01 -5.43861389e-01 -2.12778926e-01
    4.52949405e-02 -3.19164693e-01 -5.64703882e-01 -2.50114679e-01
    -6.04511738e-01 -7.50519753e-01 -5.17568886e-01 -7.13379264e-01
    -4.59021598e-01 -5.28829575e-01 -6.58153117e-01 -7.82975793e-01
    -8.86076331e-01 -8.94010425e-01 -8.79514396e-01 -8.21244419e-01
    -5.38178205e-01 -7.55774379e-02 -8.04122567e-01 -4.43645358e-01
    -6.87766790e-01 -4.76859629e-01 -9.90777493e-01 -2.29977012e-01
    -1.01650167e+00 -2.07168519e-01 -9.41733241e-01 -6.80984259e-01
    -9.45051432e-01 -5.09928703e-01 -7.21488595e-01 -7.57633686e-01
    -5.20200312e-01 -8.33855033e-01 -2.29572594e-01 -4.26888466e-01
    -3.73362899e-01 -6.45540833e-01 -7.70238698e-01 -7.92999208e-01
    -5.30411482e-01 -3.66064668e-01 -1.15792990e-01 -3.94765675e-01
    -1.89877748e-02 -3.41301322e-01 -7.48516381e-01 -6.75086319e-01
    -7.79147983e-01 -1.29553616e-01 -5.93402565e-01 -4.30925071e-01
    -2.43854523e-03 -8.68899703e-01 -2.86824942e-01 -4.95279431e-01
    -7.45346546e-01 -9.68657494e-01 -9.26309586e-01 -2.78878748e-01
    -2.17736542e-01 -7.68022418e-01 -8.36523414e-01 -2.56307304e-01
    -7.44302154e-01 -6.28169119e-01 -9.31356549e-02 -1.24614120e-01
    -1.97456241e-01 -4.06055927e-01 -8.20039034e-01 -3.07836235e-01
    -4.92346734e-01 -8.13977480e-01 -1.55023873e-01 -3.39630723e-01
    1.25312805e-02 -9.07014012e-01 -2.16748297e-01 -2.68085897e-01
    -2.11549997e-01 -5.96488714e-02 -3.31936717e-01 -9.61825371e-01
    -9.09989238e-01 -6.69970810e-01 -4.91518795e-01 -6.63214564e-01
    -7.29217589e-01 -8.79666150e-01 -1.50264740e-01 -6.10654175e-01
    -4.48310196e-01 -4.55190837e-01 -7.85342097e-01 -5.61979592e-01
    -2.25674212e-01 -1.48861051e-01 -4.84043747e-01 -6.98435605e-01
    -4.31325674e-01 -3.09320748e-01 -4.39890176e-01 -6.27031922e-02
    -7.57943213e-01 -2.08476484e-01 -5.29530644e-01 -1.84866607e-01
    -3.21864843e-01 1.35909677e-01 1.03045106e-02 1.00556910e-01
    -4.15430099e-01 -6.82361960e-01 -4.16310847e-01 -2.65363395e-01
    -3.65487337e-02 -3.86908710e-01 -9.64886904e-01 -5.53020120e-01
    -8.75465274e-02 -6.54500306e-01 -9.81696725e-01 -6.64037347e-01
    -2.32271969e-01 -8.88010740e-01 -4.67590451e-01 -1.74595714e-02
    -8.43953371e-01 -7.66878903e-01 -1.23544574e-01 -2.40614891e-01
    -6.70509577e-01 -3.83152485e-01 -1.35713100e-01 -8.42666626e-03
    -2.90813208e-01 -5.37665009e-01 -8.06990623e-01 -5.40892243e-01
    -2.77044177e-01 -8.45092654e-01 -6.18315220e-01 -3.04815888e-01
    -7.88645327e-01 -5.35852969e-01 -9.37106609e-02 -8.25591087e-01
    -3.99470627e-01 -3.79900277e-01 -5.09367228e-01 -8.73570204e-01
    -6.95808053e-01 1.04950368e-01 -6.69261456e-01 -2.33175099e-01
    -1.88017011e-01 5.79752326e-02 4.99994159e-02 -8.29017162e-01
    -1.50168121e-01 -8.31744313e-01 -2.71520436e-01 -2.48461127e-01
    -9.51403856e-01 -4.90767270e-01 -7.71336317e-01 -7.01470375e-02
    -5.26101351e-01 -3.92921567e-01 -6.74858689e-01 -9.27384138e-01
    -2.33952045e-01 -1.90593660e-01 -3.93719673e-01 -8.90484571e-01
    -6.74684346e-01 -1.26705766e-01 -5.68002105e-01 -1.48920536e-01
    -2.55335927e-01 -5.12246072e-01 -2.58278906e-01 -8.76899958e-01
    -4.84953761e-01 -6.30977392e-01 -2.95628071e-01 -5.64748049e-01
    -6.71538055e-01 -6.00986600e-01 -6.45221710e-01 -4.82183695e-01
    -1.17879212e-01 -2.85574853e-01 -4.75111753e-01 -8.90665233e-01
    -7.83450723e-01 -7.27676272e-01 -7.91207552e-01 -1.04775333e+00
    -6.17369056e-01 -4.47673976e-01 -5.00442445e-01 -1.31154060e-01
    -1.09006763e-01 -4.73936617e-01 -9.00043726e-01 -3.03242624e-01
    -8.66394520e-01 -2.95734882e-01 -3.04619968e-01 -5.57623386e-01
    -3.98659468e-01 -6.87670946e-01 -4.65645075e-01 -3.92224669e-01
    -4.14257586e-01 -3.90387237e-01 -6.18761778e-01 -8.17469656e-01
    -2.00135112e-01 -7.96826422e-01 -2.43639231e-01 -8.75512004e-01
    -7.86170423e-01 -3.78546715e-02 -6.94688678e-01 -1.47284746e-01
    -8.30652118e-01 -8.29663396e-01 -5.02643824e-01 -6.79483831e-01
    -4.05974030e-01 -2.88810432e-01 -6.04029477e-01 1.79454088e-02
    -2.01377451e-01 -6.68515205e-01 -8.55292618e-01 -3.20726931e-01
    -5.39585948e-01 -2.80478179e-01 -2.36901104e-01 -4.53084230e-01
    -2.08518505e-02 -9.28099990e-01 -8.92953038e-01 -6.58780217e-01
    -8.93417597e-01 -3.47637653e-01 -8.11617732e-01 -4.53867793e-01
    -1.66040242e-01 -1.43677473e-01 -6.93579316e-02 -3.14086318e-01
    -8.04781914e-01 -6.33943796e-01 -4.55420762e-01 -4.02843922e-01
    -3.77180010e-01 5.45215607e-03 1.18005931e-01 -4.02341545e-01
    -8.90672982e-01 -6.08064115e-01 -4.58953381e-01 -1.41026378e-01
    -9.48170304e-01 -4.86479431e-01 -8.81572843e-01 -6.80789471e-01
    -9.30357575e-01 2.27020979e-02 -3.58455241e-01 -8.86298716e-01
    -4.03020680e-01 -1.07143223e-01 -1.87914908e-01 -6.07624054e-01
    -7.28898644e-01 -1.96486115e-01 -2.02952504e-01 -5.19179344e-01
    -2.90528595e-01 -2.30270147e-01 -3.69583666e-01 -6.31333053e-01
    -8.61517549e-01 -8.85836124e-01 -5.94574571e-01 -2.76676118e-01
    -5.34963965e-01 -8.25336576e-01 -8.31400514e-01 -5.56361198e-01
    -5.74716926e-01 -2.42286742e-01 -9.21942472e-01 -8.92377496e-01
    -1.53527319e-01 -3.89155984e-01 -2.62139261e-01 -5.92953205e-01
    -2.57790565e-01 -2.28736222e-01 -4.94522303e-01 -1.27955973e-01
    -3.07849467e-01 -9.04835463e-02 -4.26502407e-01 -2.06340075e-01
    -2.33328938e-01 -4.82928991e-01 -4.52117324e-01 -1.83968723e-01
    -6.94716036e-01 -5.16963959e-01 -6.01702332e-01 -5.67079544e-01
    -8.09167624e-01 -2.83666790e-01 -6.17467940e-01 -5.22444963e-01
    -5.86716294e-01 -4.40255642e-01 -2.88245499e-01 -3.31354380e-01
    -7.20220387e-01 -4.71697718e-01 -7.68548965e-01 -8.59764338e-01
    -8.34947884e-01 -2.58104205e-02 -1.50380909e-01 -3.65333855e-01
    -5.66786110e-01 -1.89475238e-01 -3.54794145e-01 -4.83601511e-01
    -2.28297949e-01 -3.64330649e-01 -2.74109662e-01 -2.38500893e-01
    -6.49674535e-01 -8.85187745e-01 -8.86117220e-01 -7.79105306e-01
    -3.03148329e-01 -7.63982236e-01 -3.54219735e-01 -4.18110758e-01
    -7.72333682e-01 -7.90480673e-01 -1.80606902e-01 -5.69655955e-01
    -3.26008201e-01 -1.37041450e-01 -4.75462347e-01 -3.01270127e-01
    -8.34759593e-01 -4.80241418e-01 -7.70081997e-01 -6.97386682e-01
    -5.29745579e-01 -6.81348443e-01 -6.19196534e-01 -2.80205518e-01
    2.83358514e-01 8.53706002e-02 -4.48938966e-01 -7.01858401e-02
    -5.56454837e-01 -7.78181911e-01 -3.71931911e-01 -3.33213091e-01
    -5.06820023e-01 -3.05559516e-01 -5.14784575e-01 -3.41458380e-01
    -5.51040769e-01 -7.30519831e-01 -2.66515613e-01 -8.94986928e-01
    -3.18218529e-01 -8.26649308e-01 -5.56738853e-01 -6.23838782e-01
    -9.54549372e-01 -3.82485271e-01 -2.76218653e-02 -5.40924072e-02
    -6.68156803e-01 -8.06386709e-01 -4.34433818e-02 -6.94584489e-01
    -8.24926913e-01 -8.29216599e-01 -6.34997964e-01 -7.75571406e-01
    -5.85294366e-01 -5.50341010e-01 -5.11844039e-01 -7.89114237e-02
    -4.95308518e-01 -3.78233910e-01 -7.96802878e-01 -2.01038003e-01
    -4.58082318e-01 -5.86890697e-01 -3.30817044e-01 -2.26463377e-01
    -8.92411828e-01 -6.52944565e-01 -7.11630464e-01 -8.00969899e-01
    -8.61825347e-01 -3.74870598e-01 -6.63756132e-01 -2.95845747e-01
    -8.23951840e-01 -7.03275979e-01 -2.72048950e-01 -3.99077654e-01
    -1.53326571e-01 -8.89877558e-01 -2.57046521e-01 -5.86044967e-01
    -3.12412322e-01 -2.48900890e-01 -6.83615327e-01 -6.54098034e-01
    -2.54083693e-01 -3.22014213e-01 -1.01393104e-01 -4.75630760e-01
    -2.61595905e-01 -9.24944043e-01 -1.64476454e-01 -3.89925063e-01
    -7.81924307e-01 -4.13650036e-01 -5.68344235e-01 5.38683534e-02
    -4.32831019e-01 -2.57175028e-01 -6.71488822e-01 -6.19703889e-01
    -4.45091665e-01 -3.12924981e-02 -7.92088270e-01 -6.65722966e-01
    -9.21979666e-01 -1.64203882e-01 -8.65235329e-02 -7.75128484e-01
    -2.20155239e-01 -7.16702044e-01 -2.96317458e-01 -1.05793595e+00
    -5.92573762e-01 -4.77033854e-02 -6.38058245e-01 -6.26234770e-01
    5.47268987e-02 -2.93583632e-01 -3.05163503e-01 -8.74011755e-01
    -7.29924798e-01 -7.28613853e-01 -6.87395215e-01 -5.76831698e-01
    -2.53999412e-01 -5.87216556e-01 -8.29633594e-01 -2.31205821e-02
    -4.92927998e-01 -1.20677710e-01 -8.28964353e-01 -8.36395442e-01
    -1.26181185e-01 -8.90575886e-01 -5.16298413e-01 -8.06119084e-01
    -4.38474894e-01 -6.41609788e-01 -5.18141031e-01 -1.91938281e-02
    -6.37110829e-01 -8.12321067e-01 -2.89256752e-01 -2.52634287e-03
    -7.49857903e-01 -6.94222689e-01 -5.10938466e-01 -5.79070032e-01
    -1.01059675e-03 -7.55325258e-01 -4.25812602e-02 -3.86503398e-01
    -8.93501163e-01 -9.53666925e-01 -2.81398952e-01 4.13593650e-02
    -4.94287729e-01 -4.44946349e-01 -8.38451982e-02 -4.63699043e-01
    -1.65681243e-01 -2.48201191e-01 -3.78411412e-02 -5.62655687e-01
    -4.65585977e-01 -8.44956994e-01 -2.31670141e-01 -7.49913573e-01
    -3.97453398e-01 -3.28241825e-01 -5.88401735e-01 -4.78410780e-01
    -2.35591531e-02 -2.13617921e-01 -5.21625221e-01 -2.94656456e-01
    -1.33538842e-01 -2.29546428e-02 -5.15531719e-01 -5.58761477e-01
    -2.54200578e-01 -8.44182551e-01 -2.08527088e-01 -7.77556002e-01
    -7.69504070e-01 -3.21463048e-01 -8.89392078e-01 -6.21361077e-01
    -3.00140023e-01 -8.73271644e-01 -1.82821751e-01 -5.23622334e-01
    -1.19988680e-01 -7.83585310e-02 -4.08499360e-01 -1.55723095e-02
    -6.08486712e-01 -6.09699845e-01 -6.57895923e-01 -1.32898688e-01
    -3.96400094e-01 -1.30028188e-01 -2.01660037e-01 -3.97986770e-01
    -6.43110037e-01 -5.39320707e-03 -6.44466758e-01 -2.93542624e-01
    -1.83495939e-01 -8.95093203e-01 -4.98800606e-01 -7.68209636e-01
    -7.45002031e-01 -6.73872709e-01 -7.87853599e-01 1.23229027e-02
    -6.88715160e-01 -3.60583425e-01 -6.34304285e-01 -8.24604154e-01
    -6.47900879e-01 -4.90980029e-01 -1.72806025e-01 -5.43839216e-01
    -3.88771892e-01 -2.10896373e-01 -3.96439433e-01 -7.53322780e-01
    -7.23954022e-01 -2.97005236e-01 -3.22192907e-02 -6.63908958e-01
    -3.82993460e-01 -1.12501860e-01 -3.54889274e-01 -1.82942152e-01
    -4.56452131e-01 -8.49536180e-01 -6.50042653e-01 -4.55978364e-01
    -4.53648359e-01 1.76358223e-02 -9.60857391e-01 -8.30584049e-01
    -8.97202373e-01 -2.11931944e-01 -4.39741373e-01 -8.45723987e-01
    -2.71371305e-01 -4.70919192e-01 -9.18386877e-01 -3.18151653e-01
    -2.01632321e-01 -6.94518209e-01 -5.74621439e-01 -1.72625899e-01
    -4.25225496e-02 -7.46780813e-01 -4.17470336e-01 -4.28954214e-01
    -5.53575635e-01 -5.21865308e-01 -8.28672171e-01 -6.51193619e-01
    -5.87408423e-01 -2.70882249e-02 -3.80496204e-01 -6.20118022e-01
    -7.26663947e-01 -2.64890134e-01 -6.77404404e-02 -5.01588583e-02
    -6.69798791e-01 -6.43148541e-01 -1.79017395e-01 -4.48306978e-01
    -5.05772650e-01 -1.88836813e-01 9.97841358e-03 -9.24131632e-01
    -5.83480835e-01 -1.02815962e+00 -1.02474713e+00 -8.09206843e-01
    -3.06449652e-01 -3.28772843e-01 -9.11868811e-02 -6.87253714e-01
    1.05537772e-02 -5.27416229e-01 -6.25749946e-01 -2.55034924e-01
    -6.44629955e-01 -6.36963844e-02 -8.26686502e-01 -1.83236122e-01
    -7.54519463e-01 -5.01857877e-01 -1.10993683e-01 -6.11722410e-01
    -5.72637022e-01 -5.33439517e-01 -4.68085945e-01 -7.16820478e-01
    -5.25995493e-02 -4.95586038e-01 -7.54091144e-02 -2.81261981e-01
    -1.39708519e-01 -4.89141464e-01 -1.07058263e+00 -8.35156202e-01
    -5.87279737e-01 -2.68263221e-01 -4.04271662e-01 -6.35337710e-01
    -9.18368220e-01 -9.06482518e-01 -3.84278774e-01 -9.03222799e-01
    -2.48543382e-01 -1.56489611e-02 -2.31615901e-02 -5.62249005e-01
    -7.10240006e-01 -8.71571422e-01 -3.28913152e-01 -4.34406638e-01
    -4.81457233e-01 -8.35392833e-01 -6.96593285e-01 1.98696852e-02
    -3.13367069e-01 -9.11880255e-01 -3.47209334e-01 -5.79673588e-01
    -8.35153997e-01 -6.90154433e-01 -7.72742569e-01 -7.24771023e-01
    -1.49732053e-01 -8.62848163e-01 -8.62750292e-01 -3.10058713e-01
    -1.04692519e-01 -9.18466687e-01 -2.16594934e-01 -6.66653514e-02
    -5.76997340e-01 -8.19061637e-01 -7.61085272e-01 -4.84158784e-01
    -7.16883540e-02 -6.26330018e-01 -1.41572893e-01 -1.54705703e-01
    -5.14307916e-01 -6.70641065e-02 -5.94957292e-01 -5.99601686e-01
    -5.46919405e-01 -4.86793488e-01 -1.08175635e-01 -6.63685799e-01
    -4.63242888e-01 -2.31561899e-01 -5.26377916e-01 -3.03832531e-01
    -5.70296347e-01 -4.94313180e-01 -6.12997413e-02 -1.68124259e-01
    -5.87553382e-01 -7.25249052e-01 -9.54020619e-02 -2.13091433e-01
    -5.05716860e-01 -4.71181691e-01 1.31694317e-01 -8.20492625e-01
    -6.88271403e-01 -3.84094059e-01 -7.31564403e-01 -1.80339694e-01
    -8.91410410e-01 -1.59599185e-02 -4.99665767e-01 -6.28570497e-01
    -8.87426138e-02 -8.41275454e-02 -8.82877886e-01 1.83910131e-02
    5.72696328e-02 -9.86152291e-02 -8.51758838e-01 -6.11930370e-01
    -4.33338672e-01 -7.17590928e-01 -1.67479515e-02 -7.73830950e-01
    -4.02191997e-01 -3.70999962e-01 -5.78024685e-01 -6.34984612e-01
    -8.09072137e-01 -6.24828935e-01 -5.60418844e-01 -5.06045222e-01
    -4.55147386e-01 -3.10486555e-01 -1.10569179e-01 -6.37556911e-02
    -5.20215750e-01 -1.02728426e-01 -8.10773492e-01 -7.01223969e-01
    -8.09409142e-01 -6.53858006e-01 -7.44623482e-01 -5.05696177e-01
    -8.49764705e-01 -5.89939475e-01 -6.29241228e-01 -4.03158903e-01
    -6.59768939e-01 -6.72261238e-01 -2.18392253e-01 -6.33574128e-02
    -8.35944772e-01 -4.03901756e-01 -4.49895680e-01 -4.88397479e-02
    -7.15245843e-01 -2.25916505e-01 -3.93874645e-02 -4.34173524e-01
    -3.60118032e-01 -3.17880392e-01 -8.88758659e-01 -9.35285687e-01
    -8.74180138e-01 -5.97287774e-01 -8.31313252e-01 -6.52199507e-01
    -5.39414585e-01 -9.41334009e-01 -2.10520148e-01 -4.27685857e-01
    -7.67999768e-01 -8.00173283e-01 -6.61600232e-01 -7.03423738e-01
    -3.73840868e-01 -9.03144479e-02 -7.03197718e-01 -9.45218325e-01
    -9.18826461e-01 -2.31311262e-01 -6.73221469e-01 -7.58610010e-01
    -4.53340918e-01 1.91259384e-02 -5.58683515e-01 -9.54212546e-01
    1.93420649e-02 -3.57838094e-01 -5.98559380e-02 -5.01395226e-01
    -3.37496579e-01 -5.99505305e-01 -2.80179679e-01 -7.35651851e-01
    -5.17598391e-01 -6.90975547e-01 -6.27481461e-01 -5.96711278e-01
    -8.35850120e-01 -2.03790545e-01 -7.07507432e-01 -5.23488283e-01
    -1.22684479e-01 -3.04925084e-01 -7.88964570e-01 -5.22226930e-01
    -8.55089247e-01 -4.45913672e-01 -5.04677892e-02 -1.87304020e-01
    -8.77511203e-01 -6.61585927e-02 -6.73056602e-01 -5.11078596e-01
    -5.92971444e-02 -9.46097136e-01 -7.30829835e-02 -9.05761123e-01
    -1.23608112e-01 -6.37326956e-01 -3.30358148e-02 -8.15813780e-01
    -1.30263627e-01 -5.63658595e-01 -5.52219152e-01 -3.31370056e-01
    -6.43605709e-01 -2.15321362e-01 -9.84043419e-01 -2.33341455e-01
    -7.70711839e-01 -3.54580820e-01 -4.86803114e-01 -2.48436332e-01
    -2.44013190e-01 -4.95572090e-02 -7.28039503e-01 -6.08148217e-01
    -4.53763574e-01 -2.19303071e-01 -9.81662869e-02 7.04766512e-02
    -6.53541565e-01 -8.75413060e-01 -3.15217555e-01 -8.93681765e-01
    -1.01099133e-01 -6.55278206e-01 -4.76469487e-01 -1.21302485e-01
    -5.86357594e-01 -4.50906515e-01 1.83252454e-01 -4.31589842e-01
    -6.06846154e-01 5.30873537e-02 -2.99121201e-01 -7.37859011e-02
    -9.73967493e-01 -7.11200714e-01 -5.22726059e-01 -4.26495314e-01
    -2.18344927e-01 -7.91008770e-01 -9.36620951e-01 -1.10864341e-01
    -1.36819124e-01 -8.60749960e-01 -6.96148515e-01 1.08885169e-01
    -7.95183063e-01 -5.31176746e-01 -6.47724390e-01 -5.58346391e-01
    -6.96660876e-02 -3.21328521e-01 -7.35241294e-01 -8.07100415e-01
    -5.10288239e-01 -2.07598567e-01 -4.66229022e-01 -4.77474630e-01
    -7.35068917e-01 -9.17886496e-02 -2.41248369e-01 -2.50718236e-01
    -6.69046283e-01 -9.56664026e-01 -5.81498027e-01 -2.34605670e-01
    -1.86858773e-01 -2.43027806e-01 -3.49580824e-01 -1.78490579e-01
    -1.82314992e-01 -7.53368497e-01 -2.93503463e-01 -6.93996966e-01
    -4.22971249e-01 -6.38518035e-01 -5.04489779e-01 -5.08280694e-01
    -4.86586690e-02 -6.23705029e-01 -5.16763330e-01 -2.51019597e-02
    -3.39147866e-01 -4.18477654e-01 -2.46506929e-02 -7.24125862e-01
    -5.08709908e-01 -1.85536325e-01 -7.07087100e-01 -1.14894092e-01
    -5.40583134e-01 2.30349302e-02 -2.27473378e-01 -8.10703278e-01
    -9.19858694e-01 -1.85014844e-01 -2.61459231e-01 -9.76656914e-01
    -4.70052302e-01 -2.26089954e-02 -6.93191469e-01 -1.52666569e-01
    -6.80528224e-01 -3.73584896e-01 -1.67863309e-01 -8.35680902e-01
    -7.91435599e-01 1.86961889e-03 -8.23921919e-01 -7.75497913e-01
    -5.94503999e-01 -6.92081094e-01 -2.32046664e-01 -7.32050776e-01
    -6.06186390e-01 -2.41582692e-01 -2.98187137e-01 -2.82299697e-01
    -4.85921681e-01 -3.65891814e-01 -3.91161561e-01 -7.32872665e-01
    -4.73051667e-01 -5.04440010e-01 -3.38287830e-01 -2.04511225e-01
    -8.48908901e-01 -6.05359495e-01 -6.25188828e-01 -2.96064615e-02
    -8.33598137e-01 -5.40301621e-01 -3.72202188e-01 -5.93069553e-01
    -7.05029011e-01 -8.19948912e-02 -6.58341527e-01 -9.81373787e-02
    -7.75403023e-01 2.80887485e-02 -6.44912362e-01 -4.59689140e-01
    -5.92812777e-01 -6.37497067e-01 -6.98609471e-01 -8.37597668e-01
    4.55559492e-02 -1.89594209e-01 -6.95639431e-01 -1.07969820e-01
    -2.17605829e-01 9.08182859e-02 -6.50389373e-01 -6.57727242e-01
    -6.45958185e-01 -4.14194465e-02 -6.35982990e-01 -3.48777115e-01
    -8.04702044e-01 -6.05019510e-01 -6.00790620e-01 -8.83396387e-01
    -1.46344960e-01 -3.11975300e-01 -4.87013668e-01 -7.32397676e-01
    -7.37094641e-01 -7.85455585e-01 -7.37326145e-01 -6.29900098e-01
    -8.16768289e-01 -5.90125084e-01 -8.19630265e-01 -4.93559241e-02
    -7.91236043e-01 -5.96877217e-01 -3.20283890e-01 -7.17730999e-01
    -4.21097726e-01 -3.08353603e-01 -7.50127554e-01 -7.57884860e-01
    -7.63326764e-01 -1.81871772e-01 -8.76652598e-01 -8.40426564e-01
    -8.17737579e-02 -3.78161192e-01 -8.54150653e-01 -1.44287348e-01
    -7.08806396e-01 -3.90371084e-01 -3.09815764e-01 -2.85471857e-01
    -3.14651906e-01 -5.75714588e-01 -5.16256094e-02 -4.05890644e-01
    -2.09918022e-01 -2.44560599e-01 -9.56811786e-01 -3.36338341e-01
    -8.94734681e-01 -9.31569338e-01 -2.59159088e-01 -1.57711089e-01
    -3.30657482e-01 -4.18697357e-01 -8.48683119e-02 -4.95489240e-02
    -2.19682932e-01 -1.99752152e-01 -8.20210814e-01 -7.36941814e-01
    -4.93832171e-01 -4.29279089e-01 -9.89423394e-02 -9.07416344e-01
    -6.92636609e-01 -6.99947000e-01 -3.91269505e-01 -1.30222142e-01
    -4.68424559e-01 -7.09667444e-01 -2.56325662e-01 -2.82645226e-01
    -6.45319045e-01 -8.75477493e-01 -1.03053212e-01 -5.33415198e-01
    -1.11460090e-01 -8.96375179e-02 -3.56364191e-01 -8.74381661e-01
    -8.66528392e-01 3.68477106e-02 -3.85560691e-01 1.01819634e-02
    -7.16187179e-01 -8.93714666e-01 -9.39400196e-02 -8.61155272e-01
    -7.37847805e-01 -6.47533417e-01 -6.72854066e-01 -1.92744613e-01
    4.81992960e-03 -7.40983963e-01 -7.32738376e-02 -1.46574676e-01
    -6.93656743e-01 -2.29541361e-01 -7.39083529e-01 -5.13084710e-01
    -8.20945144e-01 -9.83498812e-01 -4.42930877e-01 -2.13172674e-01
    -7.51880884e-01 -4.39127207e-01 -2.57112265e-01 -3.74720812e-01
    -7.55285382e-01 -3.47976387e-01 -8.69241536e-01 -8.54530811e-01
    -2.64771163e-01 -1.56036198e-01 9.14807320e-02 -4.56170321e-01
    -7.32271373e-01 1.58351123e-01 -5.78419030e-01 -6.02436125e-01
    -3.26358795e-01 3.47258449e-02 -2.93581367e-01 -6.44474447e-01
    -5.13643086e-01 -2.85040140e-01 -1.76141739e-01 -2.90025353e-01
    -8.19868803e-01 -6.41363204e-01 1.30788505e-01 3.91133428e-01
    -4.78971004e-03 7.30126500e-02 -1.03773177e-01 -5.75061262e-01
    -3.16100836e-01 -7.02259779e-01 -4.28915858e-01 -2.49436259e-01
    -2.08391309e-01 -3.67708445e-01 -1.60183311e-01 -3.16524148e-01
    -7.99546838e-01 -7.90783525e-01 -1.38330877e-01 -6.79808617e-01
    -7.53885329e-01 -7.97596812e-01 -2.49523818e-01 -2.82361507e-02
    -7.42834926e-01 -9.84250546e-01 -5.23952842e-02 -8.81290913e-01
    -8.02386522e-01 -9.37046885e-01 -5.74633658e-01 -9.44133878e-01
    -7.93540478e-01 -5.98567784e-01 -6.80147290e-01 -1.45112753e-01
    -9.37207162e-01 -3.38701367e-01 -4.66706634e-01 -9.19230878e-01
    -4.01687384e-01 -1.82458460e-01 -2.51936197e-01 -1.95199132e-01
    -1.63556576e-01 -4.09326375e-01 -9.33320701e-01 -7.57922411e-01
    -7.58468270e-01 -2.80642509e-03 -8.56238186e-01 -1.46602213e-01
    -9.62861121e-01 -3.35262001e-01 -4.10858989e-02 -6.26824975e-01
    -3.63658667e-02 -8.66884232e-01 -6.45272672e-01 -3.33308518e-01
    -3.32480431e-01 -6.49950445e-01 -3.11851501e-02 -3.94174099e-01
    -9.22713637e-01 -7.88972318e-01 7.38588572e-02 -1.78167760e-01
    -7.60543704e-01 -9.31541920e-02 -5.48889637e-02 -3.90441000e-01
    -1.21866524e-01 -5.86459160e-01 -7.41568327e-01 -7.74646401e-01
    -5.11286378e-01 -6.73657775e-01 -6.55311763e-01 -4.55278516e-01
    -7.97186434e-01 -6.09547079e-01 -2.43991256e-01 -1.40861511e-01
    -7.28042543e-01 -6.42029166e-01 -5.79476357e-03 -1.31002069e-02
    -8.79136443e-01 -5.27807057e-01 -3.22790146e-02 -9.99812484e-01
    -2.51990914e-01 -6.77249372e-01 -3.33908021e-01 -1.91413164e-01
    -8.65099788e-01 -1.92614734e-01 -7.75062382e-01 -4.88430917e-01
    -8.68359625e-01 -4.01884288e-01 -7.67000020e-01 5.38712740e-03
    -3.59406531e-01 -2.16301024e-01 -4.88298893e-01 -8.31322908e-01
    -8.69941473e-01 -2.50931859e-01 9.35257077e-02 -3.32537413e-01
    -7.49301791e-01 -3.04395080e-01 -3.35377514e-01 -5.06716132e-01
    -6.61400914e-01 -1.20397568e-01 -1.10166073e-02 -1.20615959e-01
    -2.48296499e-01 -5.01244903e-01 -5.16511798e-01 -1.48353517e-01
    5.14110327e-02 -4.94329274e-01 -6.98042989e-01 -3.37165296e-01
    -7.77539849e-01 -3.38220000e-02 7.63664246e-02 -5.13273478e-01
    -4.20233339e-01 -4.81144249e-01 -1.86591566e-01 6.58941269e-03
    -5.59694052e-01 -3.08238685e-01 -4.09568906e-01 -6.56761110e-01
    -7.98653841e-01 -3.47848654e-01 -1.01478159e-01 -4.71992761e-01
    -3.31651688e-01 -5.11779904e-01 -3.59471858e-01 -5.31944215e-01
    -4.42806482e-02 -5.40961504e-01 -1.69449389e-01 -4.02590841e-01
    -4.73637879e-01 -8.30407321e-01 -3.85730296e-01 -1.07859552e-01
    -8.77844751e-01 -8.58702660e-01 -3.83853018e-01 -1.89347684e-01
    -3.53517175e-01 -6.39542222e-01 -4.29910183e-01 -1.41903579e-01
    -5.45656443e-01 -5.75475395e-01 -6.64381981e-01 -7.00749755e-02
    -4.81520653e-01 -5.96040726e-01 -1.18987024e-01 -9.08570886e-01
    -1.54330313e-01 -9.33773518e-02 -5.49649835e-01 -9.50347185e-01
    -4.20502543e-01 -1.32609129e-01 -3.61583114e-01 -3.90993476e-01
    -2.60271251e-01 -2.47945666e-01 -1.16826296e-01 -1.18037641e-01
    -6.35192633e-01 -8.21256757e-01 -6.97912991e-01 3.80158424e-03
    -6.75772190e-01 -8.01267743e-01 -3.65223885e-02 -1.68113172e-01
    -8.03508639e-01 -2.95070410e-02 -1.52052641e-01 -1.97129667e-01
    -3.24447751e-01 -8.74935925e-01 4.34553027e-02 -1.29646540e-01
    -7.67435312e-01 -7.48965979e-01 -7.76548624e-01 -2.68607020e-01
    -3.26874793e-01 -7.53993988e-01 -2.20243037e-01 -4.83711928e-01
    -8.62757921e-01 -5.82026720e-01 -7.46821225e-01 -7.17723608e-01
    -5.75011730e-01 -1.68675184e-01 -8.83826613e-02 -6.92414880e-01
    -8.34343076e-01 -1.55436873e-01 -9.90849972e-01 -4.03578818e-01
    -7.27093220e-01 2.60916948e-02 -5.95786572e-01 -6.23770177e-01
    -7.27825999e-01 -6.38039708e-01 -6.22319698e-01 -6.99191570e-01
    3.74852419e-02 -5.38037300e-01 -1.58205032e-01 -2.44342089e-01
    -7.79839218e-01 -5.68771362e-02 -8.93338919e-02 1.03834867e-02
    -6.91482186e-01 -7.76412010e-01 -3.19593906e-01 -8.33654284e-01
    -8.61985922e-01 -2.62042701e-01 -3.14259768e-01 -5.26899338e-01
    -8.08116913e-01 -8.28936219e-01 -7.87754297e-01 -2.24328339e-01
    -4.75445569e-01 -3.31724346e-01 -2.44182944e-01 -8.07786465e-01
    -6.65885508e-01 -6.21245265e-01 -9.17944968e-01 -4.39558625e-02
    -2.71406174e-02 -4.92784351e-01 -2.19336927e-01 6.23855591e-02
    -4.08903897e-01 -2.01390922e-01 -7.62442946e-02 -2.79579222e-01
    -1.13023877e-01 -3.52771521e-01 -7.61931598e-01 -6.04453325e-01
    -9.51242626e-01 -1.84187889e-01 -7.91884661e-02 -9.23649490e-01
    -8.20944905e-01 -4.17597771e-01 -4.10651296e-01 8.13602805e-02
    -5.65557420e-01 -1.18021905e-01 -3.13437223e-01 -2.22673237e-01
    -3.93916726e-01 -3.48457217e-01 -2.02325404e-01 -7.99449682e-01
    -7.50693142e-01 -3.30183148e-01 -1.44455791e-01 -2.09976435e-02
    -4.83280063e-01 -5.47132015e-01 -1.78346872e-01 -1.73308253e-01
    -6.25603139e-01 -7.15985596e-01 -5.35479069e-01 -4.93257225e-01
    -6.59138143e-01 -8.66964936e-01 -3.87640715e-01 -5.54300487e-01
    -2.30571270e-01 -1.24262810e-01 -3.42934072e-01 -3.39773118e-01
    9.78713036e-02 -1.02037549e-01 -8.05348754e-01 -6.39807701e-01
    -1.46984756e-01 -1.20100141e-01 -9.32898760e-01 -5.87949872e-01
    -4.12896335e-01 -8.98213506e-01 -5.74548721e-01 4.84949350e-03
    -9.23232198e-01 -1.79229259e-01 -5.89769661e-01 -2.77156889e-01
    -6.36744797e-01 -9.01876330e-01 -1.82168305e-01 -2.92593002e-01
    -9.41517651e-01 -3.90294850e-01 -6.34579778e-01 -4.78232801e-01
    -6.33587956e-01 -5.53239107e-01 -2.46414661e-01 -6.60097122e-01
    -3.80382180e-01 -8.56324553e-01 7.27686286e-02 -6.31482005e-01
    -2.52557755e-01 -4.57312822e-01 -4.87674713e-01 -2.95120835e-01
    -5.26639581e-01 -4.40154433e-01 -5.73912621e-01 -3.77978384e-01
    -2.89127111e-01 9.25850868e-03 -6.43287361e-01 -8.19509983e-01
    -8.06689739e-01 -9.21125770e-01 -4.71872091e-02 -1.53401256e-01
    -2.97470212e-01 -9.44363832e-01 -1.87206209e-01 -2.26198435e-01
    -6.22925222e-01 -3.40799689e-02 -8.04323435e-01 -8.28582764e-01
    -8.65687132e-01 -3.73559058e-01 -4.07394469e-01 3.37972045e-02
    -5.18043339e-01 -4.78711665e-01 -4.86500353e-01 -3.15452695e-01
    -5.09272814e-01 -1.35742247e-01 -3.05509448e-01 -7.57341981e-01
    -3.94580901e-01 -2.86941230e-01 -9.14241612e-01 -5.45529366e-01
    -7.58340538e-01 -7.61716127e-01 -8.57212305e-01 -1.83986187e-01
    -6.64632082e-01 -8.03971231e-01 -4.72935021e-01 -4.52121884e-01
    -8.18203092e-02 -5.17145097e-01 -3.58856499e-01 -1.70296490e-01
    -3.85877341e-01 -3.56484234e-01 -9.08811748e-01 -2.87496448e-01
    -6.34641051e-01 -7.04360008e-03 -3.13016891e-01 -5.58784008e-01
    -6.74711466e-02 -2.71840632e-01 -3.23170722e-01 -9.03177023e-01
    -7.38123178e-01 -3.88064861e-01 -7.64001608e-02 -9.78233814e-02
    -1.80382609e-01 -1.11244977e-01 -1.25406981e-01 -6.61312222e-01
    -5.56770086e-01 -6.08518660e-01 -2.44677067e-01 -4.81340051e-01
    -3.47231805e-01 -7.21020103e-01 -7.25113750e-01 -2.27111757e-01
    -6.74088538e-01 -3.11776102e-01 -7.89255261e-01 -5.66031337e-01
    -5.18528342e-01 -3.13385606e-01 -6.60025716e-01 -2.13301182e-02
    -6.11881554e-01 -4.31704462e-01 -5.47108233e-01 -4.65245247e-01
    -5.03992498e-01 -2.14558601e-01 -4.30172205e-01 -7.84689784e-02
    -4.90361840e-01 -8.87814164e-01 -3.65720212e-01 -5.92761040e-01
    -5.02147496e-01 -7.57372975e-01 -5.45516729e-01 -2.09073484e-01
    -5.90096951e-01 -7.22424507e-01 -3.72420371e-01 -1.67185605e-01
    -6.05938017e-01 -3.50559592e-01 -1.72659755e-02 -6.41779780e-01
    -4.71443921e-01 -8.22375119e-01 -8.19487929e-01 -8.54662061e-01
    -2.43583024e-01 -3.51075530e-01 -4.27039623e-01 -5.52127361e-02
    -7.38997221e-01 -8.93038511e-01 -9.07322764e-02 -3.72760057e-01
    -2.40142524e-01 -2.90172815e-01 -3.97396207e-01 -3.54561627e-01
    5.36353588e-02 -8.43210757e-01 -3.11744750e-01 6.43345118e-02
    -4.87492085e-02 -8.54892612e-01 -8.15076351e-01 -1.78193092e-01
    -3.06417644e-01 -8.75872374e-01 -3.42298627e-01 -6.47868395e-01
    -3.65039349e-01 -6.87505603e-02 -7.67247438e-01 -3.13809097e-01
    -7.23811626e-01 -6.67311311e-01 -5.09592652e-01 7.30271935e-02
    -8.44949245e-01 -8.93977463e-01 -2.88874269e-01 -1.19092524e-01
    -9.97170568e-01 -8.77771497e-01 -1.24975264e-01 -5.16737640e-01
    -5.71105421e-01 -8.57866108e-01 -1.73986018e-01 -4.65640426e-02
    -3.97881329e-01 -4.20697659e-01 -5.71536303e-01 -4.28138465e-01
    -6.99618578e-01 -6.79595113e-01 7.97610283e-02 -3.41266274e-01
    -7.99259186e-01 -4.34508204e-01 -5.82480431e-01 -2.02562928e-01
    -3.61669660e-02 -8.45644712e-01 -6.90944254e-01 -3.04980934e-01
    -7.74836898e-01 -3.58941942e-01 -1.90798342e-01 3.17365468e-01
    -5.70967317e-01 -4.72712159e-01 -1.16559803e-01 -7.39088476e-01
    -5.14722586e-01 -1.48027778e-01 -1.58169806e-01 -3.36846292e-01
    -6.17516637e-01 -5.31744361e-02 -4.15874302e-01 -8.75468254e-01
    -4.56730336e-01 -7.38147259e-01 5.38091063e-02 -6.65985286e-01
    -5.81431746e-01 -7.73197889e-01 -7.83472776e-01 -2.00828552e-01
    -1.69573665e-01 -7.41978526e-01 -2.42926478e-01 -6.23438060e-01
    -5.80140710e-01 -3.53081703e-01 -7.67703176e-01 -3.13050985e-01
    -4.77893710e-01 -8.93782258e-01 -8.38923335e-01 -9.70393181e-01
    -4.77740765e-02 -5.81866860e-01 -5.67248940e-01 -1.57893419e-01
    -4.25720334e-01 -1.05025625e+00 -9.95593309e-01 -4.03973937e-01
    -5.69684148e-01 -7.08410859e-01 -8.71106625e-01 -1.45253539e-02
    -8.57009053e-01 3.20786238e-02 -7.88514376e-01 -6.32153332e-01
    -1.37116194e-01 -4.25554097e-01 6.60485029e-03 -8.01925302e-01
    -9.02240872e-02 -5.70073783e-01 -3.39665711e-01 -7.80321240e-01
    -9.16031480e-01 -1.23143792e-01 -3.75903547e-01 -1.48834705e-01
    -9.37804699e-01 5.11286855e-02 -5.14830887e-01 -4.39544797e-01
    -5.16012847e-01 -2.20800042e-02 -8.86455834e-01 1.47742033e-02
    -4.91880715e-01 -5.27845681e-01 -7.86254883e-01 -1.02680326e-01
    2.26380229e-02 -2.51267433e-01 -2.68515408e-01 -1.20816767e-01
    6.05362654e-03 -7.77784109e-01 -1.15218401e-01 -3.45751405e-01
    -5.37568331e-03 -7.52299786e-01 -7.85306215e-01 -8.52510929e-01
    -8.18407655e-01 -7.22280204e-01 -6.42399907e-01 -2.94604063e-01
    -4.92464393e-01 -6.44410610e-01 -6.04780972e-01 -6.94034696e-01
    -2.01481164e-01 -1.04329407e-01 -8.77621293e-01 -8.97940934e-01
    -2.93317020e-01 -1.88866258e-01 -3.30542266e-01 -2.77295947e-01
    -1.45123363e-01 -7.32848048e-01 -3.72443974e-01 -4.99914646e-01
    -8.31761241e-01 -2.26374745e-01 -4.78815675e-01 -3.15692902e-01
    -7.60775447e-01 -3.28162968e-01 -6.36918247e-01 -1.70741916e-01
    -6.80648148e-01 -3.79605711e-01 -1.08916998e-01 -5.75787425e-02
    -3.85302246e-01 -3.31829369e-01 -8.40505242e-01 -8.91711831e-01
    -1.96422160e-01 -5.23005009e-01 -8.09795976e-01 -7.24269748e-01
    1.25205517e-03 -5.71550727e-01 -4.43728775e-01 -7.18092859e-01
    -7.78981090e-01 -2.17402339e-01 -2.53805220e-01 -6.60033405e-01
    -1.60106182e-01 -7.78951049e-01 -3.10878932e-01 -6.04883909e-01
    -6.44732118e-01 -4.11253273e-01 -7.01827884e-01 -3.22381139e-01
    -4.40449059e-01 -5.29769301e-01 -6.69715285e-01 -4.08172607e-01
    -4.50916350e-01 -9.73684430e-01 -7.80855417e-02 -8.56505990e-01
    -5.74260414e-01 -7.24081755e-01 4.44316864e-03 -5.72123230e-01
    -1.92030787e-01 -2.33743072e-01 -1.28882587e-01 -3.74348760e-01
    -8.26082826e-01 -5.91484964e-01 -7.55399823e-01 -5.63404918e-01
    -5.65604568e-01 -1.20935798e-01 -3.24522913e-01 -6.68229640e-01
    -6.03448153e-01 -5.06743491e-01 -9.31878984e-01 -2.78516531e-01
    -8.75335932e-02 -8.90365005e-01 -6.45713866e-01 -4.32375729e-01
    -5.77886462e-01 -6.07560456e-01 -6.58469498e-01 -8.76659155e-01
    9.47352052e-02 -7.10703969e-01 -1.52210593e-02 -5.63889563e-01
    -8.00413489e-02 -7.54616499e-01 2.93437243e-02 -7.28510976e-01
    -7.82808185e-01 -9.92571712e-02 -4.86670256e-01 -6.63766861e-02
    -9.19032037e-01 -1.45993590e-01 -6.00202143e-01 -4.11909878e-01
    -5.62744737e-01 -1.42325759e-01 -8.54164660e-01 6.02829456e-03
    -5.09781897e-01 -4.29762691e-01 -2.53376782e-01 -5.51541924e-01
    -6.29465699e-01 9.41342115e-03 -9.08535957e-01 -9.11510468e-01
    -4.97896910e-01 -1.47916377e-01 -8.45852435e-01 -7.07284808e-01
    -7.70765185e-01 -6.86968207e-01 -6.31749928e-01 -2.00164795e-01
    -1.43994510e-01 -3.29951048e-02 -6.09862328e-01 -7.70983458e-01
    -4.21350539e-01 -3.35684776e-01 -7.53744006e-01 -8.88983190e-01
    -1.30367517e-01 -3.53028595e-01 -7.49770522e-01 -4.92334783e-01
    -1.12339437e-01 -3.06325674e-01 -9.01214242e-01 -3.77300382e-01
    -5.67656994e-01 -3.18762898e-01 -5.84680796e-01 -6.46531582e-02
    -2.84080088e-01 -6.66215420e-02 -4.46921676e-01 -1.65621638e-01
    -7.00095296e-01 -8.84427428e-01 -3.53302121e-01 -7.69024372e-01
    -4.63016272e-01 -1.23477519e-01 -4.65968043e-01 -4.83287930e-01
    -4.40325618e-01 -1.93724334e-01 -4.25579071e-01 -4.21381354e-01
    -8.33127379e-01 -8.34125757e-01 -4.64423120e-01 -2.15392053e-01
    -6.50566101e-01 -6.87171102e-01 1.42992556e-01 1.80585384e-02
    2.49598145e-01 -2.41569489e-01 -7.73544908e-01 -7.72005916e-01
    -4.18428659e-01 -4.40824986e-01 -6.52594566e-01 -6.56720519e-01
    -7.98229694e-01 -7.80196488e-01 -4.28960443e-01 -5.67061186e-01
    -2.99970508e-02 -6.91277087e-01 -4.84625280e-01 -8.92179728e-01
    -2.36533582e-01 -1.43049240e-01 -7.78940082e-01 -4.26947236e-01
    -5.52884936e-02 -5.65838099e-01 -9.25006270e-01 -4.50731874e-01
    -1.64343953e-01 -1.04623437e-01 -5.99336386e-01 -3.03980708e-01
    -5.46776295e-01 -7.33194470e-01 -8.27974916e-01 -8.45996141e-02
    -9.13670659e-02 -5.84628284e-01 -1.01510465e+00 -5.68432927e-01
    -4.04326379e-01 -3.94269288e-01 -4.83720660e-01 -5.69623828e-01
    -7.31619596e-02 -5.39806485e-02 -5.91724634e-01 -8.17073107e-01
    -8.13836157e-01 -7.83223152e-01 -5.69550514e-01 -3.43399107e-01
    -1.55392766e-01 1.44842863e-02 -2.46206820e-01 -6.71467245e-01
    -6.74128532e-01 1.07170939e-02 -9.16427851e-01 -9.18940842e-01
    -2.51113176e-02 -3.24966848e-01 -4.87314165e-01 -7.53618836e-01
    -6.93676472e-01 -6.85503125e-01 -7.12868571e-01 -5.13076782e-03
    -8.46666098e-01 -7.66049683e-01 -4.18389022e-01 -4.15758908e-01
    -8.01181197e-01 -7.17499256e-01 -3.76227856e-01 -6.94938302e-01
    -9.77726579e-02 -5.41905046e-01 -3.27162206e-01 -9.86899137e-01
    -4.11398530e-01 -8.39311063e-01 -9.48238850e-01 -3.24094772e-01
    -4.20397401e-01 -1.55048370e-02 -5.13541341e-01 -1.06107831e-01
    -6.57775044e-01 -5.92812359e-01 1.97716951e-02 -2.48482704e-01
    -6.05203032e-01 -6.76555157e-01 -3.96544099e-01 -5.45771718e-02
    -6.78804636e-01 -2.82197714e-01 -4.11656290e-01 -7.94340968e-01
    -7.07444251e-01 -6.16176844e-01 -9.24467623e-01 -7.00369239e-01
    -3.43131542e-01 -9.63978410e-01 -9.92376804e-02 -1.67097747e-01
    -6.56898916e-01 -9.76119757e-01 -7.35630393e-01 -9.68614817e-02
    -9.12179112e-01 -8.19241524e-01 -4.23632264e-01 -4.21955526e-01
    -8.15510690e-01 -5.68616152e-01 -4.92644608e-01 -7.38596976e-01
    -1.96671784e-01 -5.52501440e-01 -3.93427670e-01 -1.84751928e-01
    -4.77798730e-01 -2.52624035e-01 -2.32407570e-01 -3.10229301e-01
    -7.61640787e-01 -2.85379827e-01 -8.13981414e-01 -5.78471541e-01
    -7.75032580e-01 -7.79019237e-01 -1.54874802e-01 2.30984092e-02
    -2.39732325e-01 -8.49315166e-01 -7.12425470e-01 -8.27214360e-01
    -2.16203809e-01 -8.16140473e-01 -2.96278775e-01 -3.13353240e-01
    -6.47211075e-02 -2.45524049e-01 -2.77212024e-01 -3.15445364e-01
    -4.31528509e-01 -9.93155122e-01 -2.69942999e-01 -6.22841716e-01
    -2.01395035e-01 -1.81230307e-01 -2.72142768e-01 -1.04285300e-01
    -9.68689144e-01 -5.67913771e-01 -4.02836204e-01 -4.49269950e-01
    -4.12196100e-01 -8.16348791e-02 -6.61582351e-01 -4.74958807e-01
    -8.84575188e-01 -5.32515645e-01 -9.54568386e-01 -7.26052344e-01
    -6.38159394e-01 -3.63383353e-01 -8.39630365e-01 -2.40522146e-01
    -4.93193924e-01 -4.72755075e-01 -4.08573508e-01 -7.01305151e-01
    -7.51513481e-01 -1.32835031e-01 -6.96772695e-01 -3.62629950e-01
    -1.64855719e-01 -8.32218468e-01 -4.94529963e-01 -5.48242927e-01
    -6.84666157e-01 -4.03485030e-01 -6.36819780e-01 -6.98862076e-01
    -2.13285565e-01 -4.99261051e-01 -5.73160410e-01 -9.54907238e-01
    -9.21973705e-01 -4.71466810e-01 -7.90533125e-01 -6.32009149e-01
    -5.93514383e-01 -5.96655965e-01 -7.39734292e-01 -3.17828119e-01
    -4.60141152e-01 -1.93455756e-01 -6.69275224e-01 -7.94614315e-01
    -8.50691795e-01 -4.11967635e-02 -2.61242270e-01 -7.32869744e-01
    -1.13356113e-02 6.73346519e-02 -2.36071885e-01 -2.71667004e-01
    -8.15958858e-01 -5.75527072e-01 -6.58500314e-01 -9.51669812e-02
    -7.41998434e-01 -8.39984298e-01 -1.86866760e-01 -3.35291743e-01
    -8.82217646e-01 -4.27748144e-01 3.30096483e-03 -5.94165266e-01
    -5.53187132e-01 -1.74698770e-01 -8.66616666e-01 -1.83075547e-01
    -8.88013721e-01 -1.54736876e-01 -4.88741308e-01 -7.67601192e-01
    -3.37739885e-01 -4.40651625e-01 -5.88749230e-01 -7.96141803e-01
    -8.75375271e-01 -3.92038882e-01 -7.30094373e-01 -2.84333885e-01
    -9.51274633e-01 -3.78539622e-01 1.93672776e-02 -6.59873486e-01
    -2.15342760e-01 -8.13821495e-01 -1.02320373e-01 -5.28650165e-01
    -8.74012828e-01 -7.23144770e-01 -3.77416313e-01 -5.42002797e-01
    -1.14639699e-01 -6.22757494e-01 -1.48319006e-01 -3.82914841e-01
    -3.80775869e-01 1.62642956e-01 -2.19298333e-01 2.12008715e-01
    -9.20550227e-02 -2.28646338e-01 -2.95958996e-01 -9.09691393e-01
    -8.69139791e-01 -6.21877074e-01 -2.76394129e-01 -8.96077156e-02
    -1.64931357e-01 -6.20127439e-01 -9.10168290e-02 -3.78490031e-01
    -8.09727132e-01 -3.60219300e-01 -4.36982274e-01 -1.18955076e-01
    -1.47324920e-01 -7.87315011e-01 -6.16722465e-01 -7.42472410e-01
    -4.82567966e-01 -6.61719561e-01 -2.94904470e-01 -6.01832569e-01
    -9.17391539e-01 -3.19602370e-01 -7.23746479e-01 -1.05420041e+00
    -1.63030863e-01 -2.43291080e-01 -2.29447722e-01 -5.03933549e-01
    -8.69673252e-01 -7.45224655e-01 -5.47549903e-01 -2.78884530e-01
    -8.55294466e-02 -6.72987401e-01 -3.57395291e-01 -9.15249228e-01
    -5.74597299e-01 -5.44899702e-03 -1.27687812e-01 -5.43551922e-01
    -3.00585687e-01 -7.81458855e-01 -5.07472754e-01 -6.05683386e-01
    -7.29535699e-01 -8.45700860e-01 -8.80366564e-01 -8.13025832e-01
    -2.50371218e-01 -3.99861932e-02 -6.42889559e-01 -6.36633515e-01
    -4.00418818e-01 -6.84763789e-01 -6.45366311e-02 -6.19913936e-02
    -6.90244913e-01 -7.69507170e-01 -5.54750443e-01 -5.79957962e-02
    -8.08890820e-01 3.10373306e-02 -5.12072444e-01 -7.29793310e-02
    -9.22337890e-01 -3.76490593e-01 -6.24352634e-01 -8.26622248e-01
    -8.63840222e-01 -8.28769922e-01 -2.90902853e-02 -2.27623641e-01
    -2.50090003e-01 -8.32329750e-01 -2.21974373e-01 -6.68235421e-01
    -4.90729272e-01 -4.96543050e-02 -4.18850362e-01 -6.19333982e-01
    -8.23119402e-01 -3.10207665e-01 -8.33732486e-02 -4.14262861e-01
    -5.12902141e-02 -6.32069349e-01 -4.17673856e-01 -2.76913106e-01
    -4.25555497e-01 -6.54673696e-01 -5.69050014e-01 -1.28062546e-01
    5.74696064e-03 -2.94039309e-01 -3.33188176e-01 -1.66156173e-01
    -1.27819777e-01 -2.29360223e-01 -1.59605145e-01 -9.42407429e-01
    -6.18046880e-01 -4.90100741e-01 -1.47013187e-01 -8.65851045e-01
    -3.20160925e-01 -6.21055961e-01 -4.83172804e-01 -8.58456612e-01
    -4.34119701e-02 -1.03381693e-01 -6.04248405e-01 -7.20438004e-01
    -8.08767676e-01 -6.03104115e-01 -2.33108461e-01 -7.50060320e-01
    -7.18069792e-01 -9.08822417e-01 -2.09482193e-01 -3.30513060e-01
    -5.07810354e-01 -1.63411498e-02 -3.35949838e-01 -7.77544081e-01
    -2.22202420e-01 -4.87186700e-01 -8.71921778e-02 -4.76313233e-01
    -5.55203676e-01 -3.08889985e-01 -4.14922535e-01 -7.50183165e-01
    -3.41143489e-01 -3.84186625e-01 -7.53579736e-01 -8.56128931e-01
    -5.57986557e-01 -4.54808652e-01 -5.64746857e-01 -3.60369921e-01
    -7.78515816e-01 -5.38520932e-01 -1.02067542e+00 -4.29485917e-01
    -3.37414265e-01 -2.55970776e-01 -8.31620872e-01 -7.99892426e-01
    -6.62626743e-01 -3.55758786e-01 -1.59324050e-01 -5.52037716e-01
    -5.00869870e-01 -7.64184177e-01 -2.65918612e-01 -2.70191014e-01
    -5.45103908e-01 -9.49865580e-02 -2.32987404e-02 -5.56186140e-01
    -3.24234664e-01 -1.83727562e-01 -9.09569025e-01 -5.71178198e-02
    -9.06534612e-01 -3.62993002e-01 -5.06247044e-01 -2.99220026e-01
    -6.69550717e-01 -4.04995739e-01 1.07890010e-01 -8.07549000e-01
    -3.63439262e-01 -8.10434937e-01 -1.73763394e-01 -7.87391126e-01
    -1.09771192e-01 -6.63063526e-01 -5.65617681e-01 -3.95088017e-01
    3.34035158e-02 -3.59714150e-01 -1.11440599e-01 -6.99380279e-01
    -4.30774689e-03 -1.18120968e-01 -6.32582128e-01 -2.47401059e-01
    -4.83936787e-01 2.62455940e-02 -1.22905970e-01 -5.02485991e-01
    6.80254102e-02 -8.63854170e-01 -8.09789062e-01 -4.46054876e-01
    -1.58227384e-01 -7.32874274e-01 -1.17242157e-01 -9.08453465e-02
    -9.05315638e-01 -7.59311438e-01 -9.00668144e-01 -5.14414072e-01
    -3.34141910e-01 -5.09316683e-01 -1.01980686e-01 -6.32874131e-01
    -1.43579423e-01 -2.21351385e-02 -5.57630837e-01 -3.14039767e-01
    -8.80383849e-01 -7.28810430e-01 2.80946493e-03 -7.05043018e-01
    -7.48093724e-01 -5.45644045e-01 -3.95855904e-02 -6.15629435e-01
    -5.39376616e-01 -9.08197582e-01 -5.72236180e-01 -6.41044974e-02
    -7.23526478e-01 -5.47984958e-01 -6.56839252e-01 -8.24296713e-01
    -5.62330723e-01 -9.21900034e-01 -4.99257892e-01 -1.10402882e-01
    -1.38626635e-01 -6.24591470e-01 -3.50040674e-01 -5.46887279e-01
    -3.58666301e-01 -3.45335543e-01 -3.90246630e-01 -6.88302398e-01
    -3.63402784e-01 -7.00908303e-01 -6.68904603e-01 -7.58254766e-01
    -5.05741596e-01 -5.02526760e-03 -9.04417753e-01 -1.10107422e-01
    -4.31704253e-01 -4.83613491e-01 -6.60423219e-01 -3.37980986e-01
    -4.33837771e-02 5.27647734e-02 -4.67347622e-01 -1.66289568e-01
    -7.03676283e-01 -5.75152755e-01 -9.71169472e-02 -3.51626754e-01
    -8.09415221e-01 -8.06358814e-01 -8.10927570e-01 -2.83638179e-01
    -7.09213376e-01 -6.69702351e-01 -1.05824172e-01 -3.62770975e-01
    -3.90915871e-01 1.62747502e-02 -7.59849608e-01 -2.91601002e-01
    -9.81385708e-01 -2.01810300e-01 -5.99297523e-01 -2.86273837e-01
    -2.98231602e-01 -2.53520787e-01 -1.03072548e+00 -2.19175220e-01
    -3.80613208e-01 -9.78733778e-01 -4.79858398e-01 -2.34923840e-01
    -8.78961682e-01 -2.26123571e-01 -9.54885006e-01 -1.60828590e-01
    -5.65265179e-01 -8.77669454e-01 -7.56415188e-01 -2.37849176e-01
    3.05965543e-02 -5.89827418e-01 -8.61789227e-01 -5.38799345e-01
    -6.39831662e-01 -2.44470358e-01 -5.49164712e-01 -2.42541969e-01
    -4.94107425e-01 -1.46229744e-01 -4.49905187e-01 -4.78952080e-01
    -9.61879492e-02 -8.46206188e-01 -1.41979337e-01 -7.82436371e-01
    -5.81678271e-01 -7.62293100e-01 -2.59363532e-01 -1.85029030e-01
    -4.69372600e-01 -7.31302500e-02 -2.94273436e-01 -6.46196365e-01
    -8.13218951e-01 -2.19035566e-01 -9.99994278e-02 -4.32654381e-01
    -3.20843458e-01 -2.60746658e-01 2.32834220e-02 -8.06376457e-01
    -6.79078579e-01 -1.35672510e-01 -1.91480219e-01 -4.08070922e-01
    -7.53045440e-01 -1.32552385e-01 -3.65435958e-01 -8.12382221e-01
    -5.72958887e-01 -5.76322556e-01 -5.71340561e-01 -7.77156234e-01
    1.31058693e-02 -6.36986852e-01 -5.02122104e-01 -7.39369512e-01
    -8.19345891e-01 -4.98468280e-01 -7.54751801e-01 -4.54627842e-01
    -4.36626047e-01 -1.51359856e-01 -8.45414996e-01 -8.39646339e-01
    -4.90776777e-01 -9.07753348e-01 -3.59293222e-02 -8.95713687e-01
    -5.32777548e-01 -2.45078564e-01 -1.78359866e-01 -2.96802521e-01
    -5.39563298e-01 -9.14564729e-02 -6.85846806e-02 -2.61861086e-01
    -7.96535015e-01 -5.53240776e-01 -1.09300733e-01 -2.12577462e-01
    -5.07002354e-01 -5.33694386e-01 -6.93145871e-01 -4.27957922e-01
    -6.70836091e-01 -5.48389137e-01 -4.97530431e-01 -8.98235202e-01
    -3.03016901e-01 -5.60027361e-03 -4.25408661e-01 1.89095736e-03
    -6.94453537e-01 -4.55167413e-01 5.11785746e-02 -8.47704291e-01
    -4.68627691e-01 -3.80634844e-01 -7.88517356e-01 -4.68765348e-01
    -4.77767408e-01 -6.59778535e-01 -6.33680105e-01 -4.67213511e-01
    -4.16691959e-01 -3.70906353e-01 -1.40066624e-01 -8.71609330e-01
    -9.12464499e-01 -7.49900162e-01 -6.68499231e-01 -5.48241854e-01
    -5.21064639e-01 -3.07978630e-01 -7.17449486e-01 -2.54593015e-01
    -9.42994952e-01 -9.17913437e-01 -5.21507382e-01 -6.32960916e-01
    -2.80324221e-02 -1.00314093e+00 -7.54609108e-02 -8.43014121e-01
    -3.23013663e-02 -7.57138491e-01 -3.47328842e-01 -4.88554984e-01
    -3.59025478e-01 -2.53356278e-01 -2.17146099e-01 -3.94647777e-01
    -6.11150265e-01 -7.12854624e-01 -4.18309689e-01 -7.75041938e-01
    -2.90182829e-02 -8.22648048e-01 -8.22404861e-01 -8.73808265e-02
    -5.83675802e-01 -5.84081888e-01 -4.70629334e-01 -8.09698105e-01
    -4.10291880e-01 -2.18456805e-01 -1.56668425e-02 -7.92559981e-01
    -1.16611540e-01 -8.20281267e-01 -2.87351727e-01 -9.00732160e-01
    -3.69316518e-01 -5.86883366e-01 -8.49834085e-02 -4.48106349e-01
    -4.19143558e-01 -2.29856074e-01 -7.82456636e-01 -5.08658111e-01
    1.93529725e-02 -5.98966181e-01 -6.95127368e-01 -7.18696713e-02
    -7.45074213e-01 -1.60447896e-01 -5.02538979e-01 -7.41686583e-01
    -6.26084924e-01 2.97727585e-02 -1.54048502e-01 -7.52190530e-01
    -7.33965039e-01 -4.41088855e-01 -7.16161489e-01 -7.31162548e-01
    -1.38067126e-01 -6.78774238e-01 -6.94673181e-01 -2.02807248e-01
    -5.11251271e-01 -1.66193247e-01 -7.16233134e-01 -9.22291934e-01
    -7.70963430e-01 -6.94861889e-01 -1.60124600e-01 -5.86012602e-02
    -1.42563760e-01 -5.04029095e-01 -4.15346026e-01 -1.98123336e-01
    -2.46243536e-01 -1.50723219e-01 -5.22591352e-01 -6.20674968e-01
    -3.16244662e-01 -8.19465637e-01 -1.46174729e-01 -5.03841281e-01
    -5.01228213e-01 -6.24432147e-01 -5.54435849e-02 -4.82128084e-01
    -5.29488564e-01 -4.24719095e-01 -1.21296048e-02 -7.54059315e-01
    -7.07003891e-01 -1.29726768e-01 -7.74392605e-01 -7.84185469e-01
    -1.49076581e-02 -6.53796792e-02 -2.40316093e-01 -7.00081408e-01
    -5.92843294e-02 -3.75194550e-01 -6.99531972e-01 -5.69755614e-01
    -6.12519383e-02 -6.89272404e-01 -1.57363892e-01 4.08005714e-01
    -4.96459216e-01 1.05700552e-01 -1.98644042e-01 -7.18208909e-01
    -5.28593659e-01 -4.67154980e-01 -4.80061054e-01 -4.74167228e-01
    -2.10443497e-01 -8.26419353e-01 -5.34238994e-01 6.70850277e-04
    -5.57574749e-01 -7.83209503e-01 -5.34202576e-01 -8.47991467e-01
    -8.72679353e-01 -2.16584742e-01 -1.71020031e-02 -7.98439980e-02
    -7.18607008e-01 -9.83603716e-01 -6.17257118e-01 -4.29038525e-01
    -7.63030529e-01 -5.00524521e-01 -1.67251468e-01 -6.69509649e-01
    -2.48052061e-01 -8.70622993e-02 -3.92199993e-01 -3.95338058e-01
    -7.16906250e-01 -4.59735453e-01 -2.51078308e-01 -6.60622120e-01
    -3.83859038e-01 -4.92904186e-02 -7.04265237e-01 -8.12339067e-01
    -1.53691590e-01 -7.05141306e-01 -8.55000734e-01 -4.67932642e-01
    -2.57066429e-01 -5.62517285e-01 -1.58143640e-01 -3.77952695e-01
    -4.72714245e-01 4.21647429e-02 -8.94559383e-01 -7.57109165e-01
    -4.54523265e-01 -4.75886822e-01 -8.85606050e-01 -1.82901323e-01
    -3.45427632e-01 -1.02741134e+00 -1.17095649e-01 -5.71748197e-01
    -5.00301182e-01 -3.71749222e-01 -8.52566242e-01 -6.59011722e-01
    -8.07993174e-01 -5.61401129e-01 -8.61386299e-01 -3.05635929e-02
    -1.54168069e-01 -7.13851571e-01 -6.33772314e-01 -4.11812663e-02
    -2.03430593e-01 -1.80321574e-01 -5.06481528e-02 -2.08631158e-01
    -6.34219885e-01 -8.93583179e-01 -1.69994891e-01 -2.78813124e-01
    -7.52554536e-01 -5.15967488e-01 -9.97110009e-01 -6.20725572e-01
    -4.71224785e-02 -3.64951134e-01 -5.79691947e-01 -3.70817959e-01
    -6.81631386e-01 -2.27979422e-01 -5.32301903e-01 -5.59506118e-01
    -4.82515037e-01 -2.41809785e-01 -8.63870740e-01 -1.92852139e-01
    -1.06357932e-02 -9.79417086e-01 -5.41205168e-01 -8.40348005e-01
    -6.92815602e-01 -9.67622995e-02 -7.96031713e-01 -1.84326053e-01
    -6.09391034e-01 -1.20076776e-01 -2.44503498e-01 -7.43229628e-01
    -1.83361173e-01 -8.97420168e-01 -7.38083184e-01 -1.25013649e-01
    -2.83001900e-01 -6.15522087e-01 -5.16519070e-01 -5.86709201e-01
    -2.75039077e-01 1.11687183e-02 -9.38160419e-02 -1.87226295e-01
    -1.76294804e-01 -7.69445777e-01 -7.83264875e-01 -3.02741528e-02
    -6.91075444e-01 -8.66627812e-01 -4.44471478e-01 -1.92890286e-01
    -5.51643729e-01 -3.35023999e-01 -7.02288866e-01 -6.79007173e-01
    -4.06711280e-01 -7.61720240e-01 3.19519639e-02 -5.47156692e-01
    -6.31433725e-02 -4.58412647e-01 -3.67372036e-01 -9.17530060e-02
    -2.91599989e-01 -9.50953186e-01 -7.26379991e-01 -6.60788178e-01
    -3.44567955e-01 -1.86687171e-01 -2.47749150e-01 -1.76088810e-01
    -9.12406504e-01 -5.18574834e-01 -1.81828141e-01 -9.39094365e-01
    -2.02915311e-01 -5.51686883e-02 -4.03300047e-01 -8.91963840e-01
    -7.14559555e-01 -5.69102407e-01 -2.29130447e-01 -6.72114849e-01
    -5.68210840e-01 -3.61091733e-01 -8.96476269e-01 -8.62337351e-01
    -2.06036985e-01 -1.00153923e-01 -8.13116848e-01 -7.09774137e-01
    -4.99682963e-01 -1.23587787e-01 -3.46896768e-01 -4.53969896e-01
    -9.02239680e-02 7.93808699e-03 -5.46648741e-01 -6.78883076e-01
    -2.32779860e-01 -8.08852673e-01 -5.25063515e-01 -1.16418123e-01
    -6.20783329e-01 -6.15323305e-01 -6.16868198e-01 -1.69207454e-02
    -7.90582597e-01 -4.96263027e-01 -5.65932155e-01 -1.04601502e-01
    -8.13595057e-01 -7.15753913e-01 -2.58457243e-01 -8.57543707e-01
    -6.80044472e-01 -9.10148621e-02 -6.18192852e-01 -6.81863368e-01
    -6.23014569e-02 -6.80416942e-01 -1.98647916e-01 -2.18841076e-01
    -1.68435693e-01 -6.03856444e-01 -8.15696597e-01 -6.65604830e-01
    -1.29089117e-01 -3.97027373e-01 -3.64558101e-02 -4.81309205e-01
    -6.79090381e-01 -2.84745872e-01 -8.43568742e-01 -4.65970278e-01
    -8.49433541e-01 -6.09310865e-02 1.36700869e-02 -3.14048886e-01
    -5.62815309e-01 -4.38938558e-01 -8.94062400e-01 -7.14599729e-01
    -5.79445779e-01 -9.12736177e-01 -3.11558545e-01 -4.18878675e-01
    -6.31469965e-01 -1.42875910e-01 -7.66187310e-01 -1.56849384e-01
    -8.71164262e-01 -3.54100704e-01 -7.72738218e-01 -8.02761495e-01
    -2.95682967e-01 -3.33683074e-01 -6.60650373e-01 -2.69105434e-01
    -3.30583155e-01 -2.40935445e-01 -1.45379364e-01 -8.45450997e-01
    5.72770238e-02 -3.63867939e-01 -8.70358109e-01 -6.14987314e-01
    -5.61934710e-03 -1.46527827e-01 -3.74646425e-01 -4.61650729e-01
    -8.77817214e-01 -1.61931932e-01 -1.28687859e-01 -5.00613570e-01
    7.56889582e-03 -5.07417738e-01 -4.15303051e-01 2.64758855e-01
    3.81899893e-01 -4.73883748e-01 -1.22786105e-01 -3.82501602e-01
    -1.43599510e-02 -2.84684002e-01 -2.53135860e-01 -4.16123152e-01
    -4.04253840e-01 -5.84331632e-01 -5.94455302e-01 -7.31412053e-01
    -7.23730683e-01 -3.08157623e-01 -1.52568281e-01 1.52768493e-02
    -1.76150084e-01 -9.32046413e-01 -6.07127190e-01 -7.74914265e-01
    -1.43233955e-01 -9.31015134e-01 -8.21023464e-01 -2.50033438e-01
    -4.21312094e-01 -2.57383823e-01 -7.87002087e-01 -9.94681478e-01
    -3.56136143e-01 -7.81387448e-01 -8.07390451e-01 -9.54578102e-01
    -4.04512882e-03 -6.27411902e-01 -2.37093568e-02 -3.37414563e-01
    -4.71742332e-01 -3.54177296e-01 -3.67227912e-01 -7.76198983e-01
    -3.19564223e-01 -7.77825356e-01 -1.93482876e-01 -6.73560023e-01
    -7.66437531e-01 -6.56550407e-01 7.75295496e-02 -8.92487705e-01
    -8.03458691e-02 -8.55279446e-01 -3.27046931e-01 -5.32967031e-01
    -3.79506171e-01 -8.61660004e-01 -1.96368098e-02 -8.93336236e-01
    -4.81205046e-01 -7.72805810e-02 -5.21040559e-02 -6.96400881e-01
    -7.76554942e-02 -2.29242265e-01 -7.59480715e-01 -4.43451285e-01
    -8.10483694e-01 -6.00824118e-01 -6.08614087e-01 -9.40471172e-01
    -7.09514022e-02 -9.48470950e-01 -3.85855258e-01 -9.03101981e-01
    -3.56513917e-01 -7.42412448e-01 -7.34482467e-01 -1.41394198e-01
    -5.17771959e-01 -7.68729925e-01 -8.87143672e-01 -1.79024100e-01
    -2.46723354e-01 -9.38786268e-02 -1.73797607e-01 -1.45428836e-01
    -6.89213574e-01 -6.00408494e-01 -4.22533989e-01 -5.23392439e-01
    -5.93805909e-01 -7.16575384e-02 -7.31351435e-01 -8.40388775e-01
    -5.62331259e-01 -5.52156866e-01 -8.13864350e-01 -2.47290611e-01
    -1.55106902e-01 -1.00026071e-01 -3.05544138e-01 -1.13151312e-01
    -7.83862472e-01 -4.31663454e-01 -4.48397398e-02 -7.25725770e-01
    -5.26741087e-01 -9.39027131e-01 -2.32705593e-01 -6.86232030e-01
    -1.99556351e-02 -8.17898512e-01 -4.83308852e-01 -1.14138365e-01
    -1.03643060e-01 -5.07266879e-01 -3.29253852e-01 -2.76182890e-01
    -8.21646512e-01 -4.91886020e-01 1.43684149e-02 -1.08080685e-01
    -5.97845972e-01 -1.00380588e+00 -5.48306823e-01 -3.98662806e-01
    -7.78297424e-01 -4.75120932e-01 -6.46789193e-01 3.09049487e-02
    -1.19794607e-01 -3.26545954e-01 -4.03723836e-01 -2.19508469e-01
    -4.90439415e-01 -6.91074908e-01 -7.71304011e-01 -3.39124203e-02
    -1.92738831e-01 -9.35848951e-01 -9.55644250e-02 -9.54566717e-01
    -7.19550848e-02 -4.34855223e-01 -4.80164766e-01 -1.03247690e+00
    -4.68189538e-01 -3.17483902e-01 -2.31045246e-01 -2.82672167e-01
    -3.65339279e-01 -2.70345211e-01 -6.52070522e-01 -5.65763116e-01
    -6.83672905e-01 -5.41877747e-02 -9.07908082e-01 -9.46705937e-02
    -2.82144785e-01 -1.62722707e-01 -9.45577562e-01 -8.51019502e-01
    -4.19270575e-01 -6.20637298e-01 -5.13948500e-01 -2.65803695e-01
    -2.45436311e-01 -6.67167187e-01 -1.10436618e-01 -8.22961330e-01
    -2.14573741e-01 -1.13807738e-01 -9.26392734e-01 -6.97463274e-01
    -5.70862293e-01 -9.09876943e-01 -7.84230113e-01 -5.79459190e-01
    -4.48703259e-01 -2.29273915e-01 -5.58219612e-01 -7.77717471e-01
    1.29300058e-01 -5.06891608e-02 -7.75795639e-01 -6.59214854e-01
    -8.84588957e-01 -2.78874278e-01 -7.53256083e-01 -4.14059937e-01
    -2.30112672e-01 -5.78351617e-01 5.55606484e-02 3.21785212e-02
    -3.81271541e-01 -5.55836618e-01 -7.46704102e-01 -4.83257324e-01
    -1.84831262e-01 -7.67389715e-01 -5.59236288e-01 -7.99030602e-01
    -6.80363715e-01 -1.07712686e-01 -1.55003965e-01 -5.06745696e-01
    -9.51457024e-03 -7.24835396e-02 -3.06126714e-01 -5.21195173e-01
    -4.87906158e-01 -8.09572339e-02 -9.16360319e-01 -1.49493217e-02
    -4.68657732e-01 -9.46541429e-01 -3.01268518e-01 -3.20034862e-01
    -5.38840055e-01 -5.36039591e-01 -1.57645881e-01 -4.13286924e-01
    -8.12203288e-02 -3.11353326e-01 -4.67997193e-01 -7.48760462e-01
    -9.11019444e-01 -6.99798048e-01 -2.89204061e-01 -2.78679669e-01
    -4.13666725e-01 -7.64795423e-01 -2.00702727e-01 -2.39143014e-01
    -8.38319898e-01 -1.68992639e-01 -4.13009286e-01 -4.25869048e-01
    -5.67986846e-01 -1.69209599e-01 -5.01537085e-01 -7.67086029e-01
    -8.91585886e-01 -4.41490710e-01 -6.18326366e-01 -4.24019873e-01
    -3.00674081e-01 -3.97233248e-01 -3.79277825e-01 -6.92021906e-01
    -4.46352005e-01 -1.30146503e-01 -2.48045683e-01 -3.93344134e-01
    -6.48716569e-01 -6.50260448e-01 -1.70541406e-02 -4.42809790e-01
    3.67520034e-01 -2.48453677e-01 -7.07497478e-01 -8.36118579e-01
    -7.41540194e-02 -8.41611028e-01 -7.39448965e-01 -4.35767055e-01
    -2.88097858e-01 -5.03374457e-01 -4.55679148e-01 -6.16025388e-01
    -6.80558920e-01 -4.53390479e-01 -5.79039037e-01 -4.98765111e-01
    -6.68373168e-01 -3.80298972e-01 -2.99444735e-01 -9.08337057e-01
    -7.77805328e-01 -4.62138593e-01 -4.05432701e-01 -4.65939760e-01
    -3.90753567e-01 -3.65234196e-01 -2.88437963e-01 -2.90698767e-01
    -8.24964821e-01 -3.74505043e-01 -9.29503977e-01 -8.97586703e-01
    -1.22605503e-01 -1.54423833e-01 -8.69368672e-01 -5.40338516e-01
    -9.31878686e-01 -9.30691004e-01 -9.21411276e-01 -7.79102445e-02
    -2.97961116e-01 -9.10185337e-01 -8.42149377e-01 -8.50535631e-01
    2.85860300e-02 -7.22821414e-01 5.00121713e-02 -4.36171621e-01
    -8.48611712e-01 -6.15872502e-01 -6.58923388e-03 -3.29276919e-02
    -7.46016860e-01 -1.92455411e-01 -5.86768389e-02 -1.80601895e-01
    -7.09506989e-01 -1.28023505e-01 -5.70210159e-01 -9.29835677e-01
    -8.10683489e-01 -6.88981533e-01 -4.66340065e-01 -1.24144554e-03
    -4.32996750e-02 -3.07502449e-01 -1.53439522e-01 -2.43386805e-01
    -3.14944863e-01 -1.10935092e-01 -5.23952723e-01 -6.74189806e-01
    -5.11617661e-01 -8.11124921e-01 -8.45757008e-01 -3.70069146e-02
    -8.05439234e-01 -7.96066761e-01 1.40928030e-02 -7.59634614e-01
    -8.71113777e-01 -1.36769295e-01 -7.70956993e-01 -6.08800113e-01
    -8.90659928e-01 -9.46184099e-01 -2.53883660e-01 -4.85678196e-01
    -4.81771827e-01 -4.08109426e-01 -5.51376939e-01 -3.46484363e-01
    -1.74453497e-01 -3.94874692e-01 -2.90278018e-01 -9.59438324e-01
    -1.01571965e+00 -6.09185517e-01 -2.29736686e-01 -5.23322344e-01
    -9.43649650e-01 -2.19477654e-01 -8.64267349e-03 -8.80808949e-01
    -3.16212118e-01 -8.51547718e-01 -8.10472488e-01 -1.64842665e-01
    -5.25147557e-01 -9.51748610e-01 -1.62052929e-01 -1.40328407e-01
    -5.88468134e-01 -6.14396095e-01 -1.50711715e-01 -8.80162597e-01
    -6.81606829e-01 -7.03272462e-01 -6.94559872e-01 -6.25079036e-01
    -6.46911263e-02 -1.45702124e-01 -7.22634256e-01 -1.33448899e-01
    2.19221711e-02 -8.86950076e-01 -6.42558217e-01 -7.11659729e-01
    -6.37455285e-01 -3.29053402e-01 -6.15946174e-01 -4.46229279e-01
    -4.85596806e-01 -8.81603956e-02 -8.72960806e-01 -8.67368340e-01
    -8.40163946e-01 -8.03072870e-01 -4.04058635e-01 -5.49571693e-01
    -5.24434924e-01 -1.20478868e-01 -1.88340604e-01 -8.19721937e-01
    -9.21749711e-01 -2.78926969e-01 -9.65429366e-01 -3.08241963e-01
    -1.95915222e-01 -8.42192054e-01 -9.26075697e-01 -4.13664997e-01
    -5.06462574e-01 -7.09768951e-01 -6.15455985e-01 -6.58815324e-01
    -3.72929156e-01 -6.25254869e-01 -8.32049847e-01 -3.29612851e-01
    -3.47620308e-01 -9.01196003e-02 -1.50311589e-02 -9.40620065e-01
    -7.10895240e-01 2.38002539e-02 -4.13301349e-01 -8.71360898e-01
    -7.24387169e-03 -4.32270229e-01 -3.16953063e-02 -3.15222740e-01
    -8.88676345e-01 -1.58013463e-01 2.35320330e-02 -5.03388047e-02
    -4.38282073e-01 -2.47995317e-01 1.28056526e-01 -8.39215159e-01
    -5.97481966e-01 -4.36291039e-01 -6.70873165e-01 -2.25749612e-02
    -1.24347329e-01 -1.79009020e-01 -5.57767868e-01 -4.68958974e-01
    -4.85164285e-01 -2.18485773e-01 -7.68944979e-01 -8.75841975e-01
    -3.56571257e-01 -6.40370786e-01 -3.63458037e-01 -7.17469335e-01
    -9.68029499e-02 -6.42500103e-01 -3.86479616e-01 -7.23083854e-01
    -3.86744201e-01 -8.13221693e-01 -5.08694708e-01 -6.67754650e-01
    -6.79412603e-01 -5.03830373e-01 -7.18643308e-01 -6.70974195e-01
    -4.23620582e-01 -3.79115045e-01 -9.56729054e-02 -4.68785822e-01
    -9.07365620e-01 -6.42114401e-01 -8.42269599e-01 -3.77933502e-01
    -2.52648473e-01 -8.30296874e-01 -5.55533051e-01 -7.18786776e-01
    -3.21455479e-01 -8.78895283e-01 -2.01299071e-01 -2.81018376e-01
    -8.52631569e-01 -4.73586857e-01 -9.81329739e-01 -3.77865970e-01
    -3.82092655e-01 -8.38605165e-02 -2.02169240e-01 -8.61619115e-02
    -9.04532075e-01 -5.79671323e-01 -2.63472557e-01 -6.86498463e-01
    -9.44380999e-01 -2.57771909e-01 -6.16849422e-01 -7.61012495e-01
    3.17082405e-02 -5.79327404e-01 -4.87214833e-01 -1.90016568e-01
    -1.25063658e-01 -6.43388629e-01 -4.87724453e-01 -5.75624704e-01
    -5.70629478e-01 -6.97903156e-01 -4.38240916e-01 -4.57415819e-01
    -1.89860940e-01 2.20148802e-01 -4.60035026e-01 -4.59786355e-01
    2.51675010e-01 -8.59771371e-02 -8.33050370e-01 -4.18053269e-02
    -8.69906485e-01 -8.12592268e-01 -7.10073650e-01 -6.36879563e-01
    -7.97305048e-01 -6.58351421e-01 -2.01544225e-01 -5.06471992e-01
    -4.68758881e-01 -6.99235797e-02 -6.60468340e-01 -4.21510935e-01
    -4.66840982e-01 -5.63122928e-01 -9.48061109e-01 -4.90735769e-01
    -1.26939774e-01 -9.20652151e-02 -6.65010691e-01 -9.13756847e-01
    -1.43190980e-01 -2.56283283e-01 -3.28281045e-01 -7.52944827e-01
    -4.50500846e-02 -4.51624036e-01 -3.49660814e-01 -8.28909516e-01
    -2.49274850e-01 -5.64422607e-02 -8.95353079e-01 -1.29732966e-01
    -2.34529376e-01 -6.49474621e-01 -8.28979194e-01 -8.95367563e-01
    -1.39414549e-01 -3.94416571e-01 -1.04411840e-02 -3.43400955e-01
    -2.95851111e-01 3.33857536e-02 -3.29977572e-01 -6.53548300e-01
    -8.08345318e-01 -1.27856672e-01 1.66848898e-02 -2.35579073e-01
    -7.90047050e-01 -4.23374444e-01 -7.61410177e-01 1.01208091e-02
    -7.08986640e-01 -3.57831001e-01 -2.14346766e-01 -6.20533228e-01
    -2.32702851e-01 -8.88519049e-01 -5.07859945e-01 -6.60946369e-01
    -5.92815101e-01 -2.09523141e-01 -6.55311584e-01 -2.31343925e-01
    -3.42066824e-01 -9.01945353e-01 -2.25077510e-01 -4.51863766e-01
    -7.71707416e-01 -6.54308081e-01 1.02681577e-01 -8.51366043e-01
    -7.40211725e-01 -2.12798238e-01 -6.25932217e-01 -1.75158858e-01
    -7.16278195e-01 -5.39847314e-01 -8.65103185e-01 -1.76661491e-01
    -7.61209726e-02 -9.69660997e-01 -6.15510345e-02 -9.95749235e-02
    -1.39928699e-01 -6.04755878e-02 -5.47677159e-01 3.41778398e-02
    -7.04234064e-01 -5.27453423e-02 -2.78984904e-02 -8.26353908e-01
    -2.43157566e-01 -5.97786069e-01 -4.19159710e-01 -6.93744898e-01
    -5.45848787e-01 -9.33523178e-01 -8.71367812e-01 -4.82562661e-01
    -7.17748046e-01 -8.94288301e-01 -2.80538619e-01 -1.81171715e-01
    -4.53601837e-01 -3.97003770e-01 -5.05298734e-01 -5.20185471e-01
    -8.55843067e-01 -3.95644665e-01 -8.57524633e-01 -3.21780086e-01
    -2.20951855e-01 -1.48431480e-01 -7.28588462e-01 -8.48640263e-01
    -2.10592926e-01 -2.26017416e-01 -2.56479323e-01 -2.98731923e-01
    3.71049643e-02 3.98406982e-02 -7.64198601e-01 -7.15632081e-01
    -3.56927097e-01 -4.05586600e-01 -4.44627345e-01 7.41475821e-03
    -2.99578428e-01 -2.18257248e-01 -9.75252151e-01 -2.44785070e-01
    1.46535039e-02 -1.89629555e-01 -5.83876550e-01 -5.34623861e-01
    -6.77310944e-01 -1.71100020e-01 -4.86884415e-01 -5.92613220e-02
    -2.15449929e-01 -4.44797873e-01 -1.38306856e-01 -9.63578582e-01
    -6.21882319e-01 -1.06515646e-01 -9.13849354e-01 -5.69702148e-01
    -7.59444892e-01 -8.89651179e-02 -4.66454566e-01 -5.44071436e-01
    -4.17711079e-01 -4.67929006e-01 -7.57369757e-01 -1.93313479e-01
    -3.75015736e-01 8.43429565e-03 -8.94902229e-01 -5.40125370e-01
    -6.57011628e-01 -7.05868125e-01 -3.42364073e-01 -1.82434499e-01
    -8.16249251e-01 -1.84311926e-01 -8.92990708e-01 -3.35515082e-01
    -4.54301596e-01 -1.73268378e-01 -5.53728759e-01 -7.96372056e-01
    -7.51310885e-01 1.07432067e-01 -8.49858999e-01 -4.03891474e-01
    -3.19960713e-01 -4.25298870e-01 -2.48741686e-01 -6.30494297e-01
    -8.74313116e-02 -7.23430991e-01 -3.34401667e-01 -6.34379625e-01
    -6.59946084e-01 -6.14264667e-01 -4.09625053e-01 -4.12936032e-01
    -5.22010028e-01 5.42841554e-02 -8.26437533e-01 -5.81161439e-01
    -6.71959102e-01 -7.70581365e-01 -1.72932744e-02 -1.19172513e-01
    3.87117267e-02 -4.98454630e-01 -2.03787029e-01 -8.55660319e-01
    -6.61300361e-01 -1.25890315e-01 3.92079353e-04 -4.29239988e-01
    -7.04309404e-01 -5.51664054e-01 -7.16627240e-02 -9.87981558e-02
    -9.28416848e-01 -6.91023827e-01 -7.16322184e-01 -2.16747761e-01
    -3.62720191e-01 -6.23846054e-02 -6.88956559e-01 -3.30165982e-01
    -2.05386162e-01 -6.35254204e-01 -8.24326158e-01 -6.11713409e-01
    -7.52850533e-01 -1.25435054e-01 -3.58925402e-01 -1.97232962e-01
    -2.09866524e-01 -3.76427233e-01 -7.01714456e-01 -6.27139330e-01
    -4.24388528e-01 -2.79973865e-01 -9.11434889e-02 -7.84788132e-01
    -1.22617424e-01 -3.23571682e-01 -5.35543621e-01 -2.76803076e-01
    -5.11284590e-01 -8.13624680e-01 -4.87268269e-01 -7.05291688e-01
    -6.37146235e-02 -6.70825243e-02 -1.53858066e-01 -1.37485087e-01
    -2.67584264e-01 -6.45737171e-01 -7.26304770e-01 8.59088302e-02
    -6.67428851e-01 -3.91896129e-01 -1.64520562e-01 1.45439833e-01
    -2.14962065e-01 1.19440377e-01 -8.68120849e-01 -6.87950492e-01
    -6.24997199e-01 -7.80514479e-02 -2.21263528e-01 -3.05965304e-01
    -5.54408431e-01 -9.82878625e-01 -4.62439358e-01 -2.69109070e-01
    -7.10086703e-01 -2.65932322e-01 -4.10326362e-01 -2.79296756e-01
    -7.85691500e-01 -1.25956059e-01 -6.10942185e-01 -3.16349089e-01
    -3.18678975e-01 -8.06862533e-01 -3.95515859e-01 -5.46081424e-01
    -6.99719429e-01 -5.18656731e-01 -7.91297376e-01 -7.72789121e-02
    -9.86831784e-01 -2.18900681e-01 -6.72831297e-01 -5.56726515e-01
    -5.83548307e-01 -7.59487092e-01 -8.49736214e-01 -8.90132427e-01
    -1.36416793e-01 -3.36942196e-01 -3.90146196e-01 -3.53098750e-01
    -2.21350610e-01 -4.12292719e-01 -4.42021370e-01 -4.75125909e-02
    -3.85557830e-01 -4.14385617e-01 -3.61038089e-01 -6.35798216e-01
    -6.30082309e-01 1.05959177e-01 -8.09806466e-01 -7.72005320e-01
    -4.86079872e-01 -5.98741770e-01 -5.91160536e-01 -4.12740827e-01
    -8.02965701e-01 -2.58154035e-01 -5.32691121e-01 -3.49060416e-01
    -6.39881134e-01 -1.88199282e-02 -4.30824697e-01 -4.19748366e-01
    -8.50105405e-01 -7.69472599e-01 -1.39821887e-01 -4.30011570e-01
    -1.39504910e-01 -8.26209664e-01 -1.77120924e-01 -1.60812974e-01
    -2.38570392e-01 -6.35551631e-01 -8.47444355e-01 -8.60203147e-01
    -1.13373160e-01 -5.97408116e-01 -2.66190171e-01 -5.60536742e-01
    -9.23999548e-02 -3.48520398e-01 -3.92446518e-01 -3.08604300e-01
    -1.56794965e-01 -1.48602545e-01 -5.81249237e-01 -8.68709087e-01
    -4.75451320e-01 -7.10904360e-01 -6.38766229e-01 -6.44391239e-01
    5.61451912e-02 -4.31077600e-01 -1.12831473e-01 -1.00917590e+00
    -1.60724640e-01 -5.84225833e-01 -2.20854044e-01 -2.10619092e-01
    -5.16205668e-01 -9.31169510e-01 -5.83725810e-01 -3.77568185e-01
    6.91918731e-02 -6.49928629e-01 -4.01714385e-01 -8.11761975e-01
    -6.52759910e-01 -7.70949066e-01 -2.32889473e-01 -8.18036914e-01
    -7.39095569e-01 -3.17617774e-01 -9.14810300e-02 -1.68917894e-01
    -8.55787873e-01 -4.28955525e-01 -3.31704021e-01 -2.42451489e-01
    -7.49420583e-01 -5.77967882e-01 -7.75523067e-01 -7.68865049e-01
    -5.58434367e-01 -4.25829887e-02 -8.55500221e-01 -6.80445075e-01
    -6.48906231e-01 -3.71533692e-01 -1.76967740e-01 -3.99530709e-01
    -8.80578876e-01 -4.96467173e-01 -4.31776524e-01 -7.25951135e-01
    -6.72307372e-01 -9.58349884e-01 -9.13938105e-01 -1.50019348e-01
    -6.86964869e-01 -6.55106783e-01 -4.01761651e-01 -8.22174430e-01
    -4.01198268e-01 -6.12947583e-01 -1.52101994e-01 -4.01257813e-01
    -8.36493373e-01 -3.47680926e-01 -3.99233341e-01 -1.00801468e-01
    -2.18471408e-01 -1.68849885e-01 -4.95590150e-01 -6.68958724e-01
    -5.23114204e-01 -2.87347794e-01 -5.27347445e-01 -3.23854625e-01
    -5.93162060e-01 -1.04032874e-01 -7.58131027e-01 -5.32152772e-01
    -2.12003946e-01 -7.14141488e-01 -6.68309212e-01 -6.86252952e-01
    -7.48023152e-01 -1.92894399e-01 -3.54904652e-01 -9.19914842e-01
    -8.48132372e-02 -9.27501082e-01 -1.71388030e-01 -6.43369615e-01
    -7.56566286e-01 -2.59561777e-01 -6.90680742e-01 -7.09023714e-01
    -5.59969425e-01 -3.51310194e-01 -4.71295118e-01 -6.19464517e-01
    -1.40015543e-01 -9.81414795e-01 -4.43680465e-01 -9.02822495e-01
    -4.84074593e-01 -7.96437860e-01 -3.54544640e-01 -7.18999803e-01
    -8.94654751e-01 -7.74242878e-02 -4.72392291e-01 -5.42190492e-01
    -1.56659424e-01 -7.39049196e-01 -6.52429461e-02 -6.83863461e-01
    3.70876193e-02 -6.47269189e-01 -4.92447615e-02 -6.75901771e-01
    -6.03449762e-01 -8.78475010e-01 -2.39246309e-01 1.58189535e-02
    -3.70985031e-01 -5.13972759e-01 -4.87039208e-01 -5.60390294e-01
    -5.65173030e-02 -7.59639144e-01 -3.25795710e-01 -9.57397223e-01
    -7.44644344e-01 -4.54000950e-01 -5.46072841e-01 -2.46491075e-01
    -7.00295925e-01 -1.05410993e-01 -4.42624986e-01 -2.70224333e-01
    -6.24659240e-01 -1.36385143e-01 -5.56397319e-01 -7.49557734e-01
    -4.35418665e-01 -6.32242918e-01 -4.20467198e-01 -4.40923989e-01
    -8.42063785e-01 -2.00725138e-01 -6.84915721e-01 -3.55155468e-02
    -8.30684960e-01 -5.44595718e-02 -4.78443205e-01 -5.04708588e-01
    -3.65288019e-01 -6.29224181e-01 -7.11211622e-01 -5.22886395e-01
    -5.91781974e-01 -7.82322228e-01 -4.76175278e-01 -7.14555740e-01
    -5.02228856e-01 -5.14730155e-01 -7.82732904e-01 2.22788095e-01
    -3.45987290e-01 -4.42467064e-01 1.94606721e-01 -1.88502520e-01
    -1.14609540e-01 -6.05093956e-01 -3.43116403e-01 -3.87686133e-01
    -6.55306339e-01 -1.49791479e-01 -4.75440919e-01 -3.11752319e-01
    -1.96414471e-01 -2.74671316e-01 -5.51852465e-01 -3.92806470e-01
    -9.41232324e-01 -1.52271152e-01 -6.90149069e-02 -5.15489995e-01
    -8.70994687e-01 -4.74678397e-01 -3.68182302e-01 -2.81599641e-01
    -6.63462996e-01 -1.92080557e-01 -8.15413177e-01 -7.41026223e-01
    -7.05872774e-02 -3.64930868e-01 -9.30321932e-01 -5.21846294e-01
    -8.85343671e-01 -5.42024016e-01 -3.67705047e-01 -3.17782104e-01
    -7.46176243e-02 -5.16428411e-01 -4.98410046e-01 -9.20139313e-01
    -7.58844018e-01 -4.87858176e-01 -8.83062601e-01 -4.59878623e-01
    -1.47803903e-01 -4.44996893e-01 -9.86846447e-01 -8.50545526e-01
    -1.42184436e-01 -5.38169444e-01 -6.93349719e-01 -5.79878986e-01
    1.19759202e-01 -3.01423132e-01 -1.87032759e-01 -5.90428054e-01
    -4.38838571e-01 -5.86631298e-02 -6.95099354e-01 -8.22552204e-01
    -5.23350358e-01 -2.51707435e-01 -5.14153540e-01 -4.54418838e-01
    -6.94011688e-01 -3.69224966e-01 -6.36045754e-01 -4.36884284e-01
    -1.58243775e-02 -3.60291362e-01 -8.57710660e-01 -5.25467038e-01
    -3.82513106e-01 -1.32664561e-01 -8.85978818e-01 -2.53252387e-01
    -7.72897005e-01 -6.89645052e-01 -8.86124372e-02 -8.06550622e-01
    -1.40293539e-01 -1.95922971e-01 -7.24285185e-01 -8.21068704e-01
    -2.94275999e-01 -4.48379517e-02 -2.13614941e-01 -5.37084520e-01
    -1.00002289e-01 -9.77461100e-01 -4.15241063e-01 -3.38758230e-01
    -8.17062974e-01 -4.65425313e-01 -8.69251609e-01 -5.10051250e-01
    -4.11488831e-01 -8.54829431e-01 -3.90723944e-02 -9.66806412e-02
    -1.03245139e-01 -1.02876747e+00 -2.77938843e-01 -8.77925396e-01
    -9.06901240e-01 -5.19562364e-02 -8.50944698e-01 -6.86463237e-01
    -6.07502222e-01 -3.87256384e-01 -9.15460587e-02 -6.69194460e-02
    -7.69846141e-01 -9.22783613e-02 -6.17136955e-01 -8.93572986e-01
    -2.87720740e-01 -3.54512811e-01 -6.08312905e-01 -7.18243599e-01
    -6.93564773e-01 -1.52852476e-01 -8.83258104e-01 9.26710367e-02
    -2.40901113e-02 -3.42059493e-01 -4.94204640e-01 -9.02548671e-01
    -5.25816321e-01 -5.98020315e-01 -9.01811600e-01 5.59194684e-02
    -6.74753666e-01 -4.45505083e-01 -4.95899081e-01 -3.71262491e-01
    -5.54729819e-01 -2.21015453e-01 -4.72788811e-02 -1.12580538e-01
    -9.01970983e-01 -8.14725399e-01 -6.30735695e-01 -1.62261903e-01
    -2.76178956e-01 -2.68399417e-01 -5.48096120e-01 -6.05737686e-01
    -6.73591495e-01 -9.11223471e-01 -6.13768101e-01 -9.98949289e-01
    -5.26266158e-01 -2.02767074e-01 -8.69832039e-02 -1.00379205e+00
    -9.46571946e-01 -1.03524864e+00 -3.87625933e-01 -5.84455013e-01
    -7.65116811e-02 -6.61096931e-01 -8.50450397e-01 -1.52968645e-01
    -7.04419076e-01 -5.60613155e-01 -7.63394713e-01 -5.81752360e-01
    -6.25643134e-02 -4.01466191e-01 -3.51213992e-01 -1.74091458e-02
    -5.70644855e-01 -8.21372032e-01 2.81390548e-02 -9.08953547e-01
    -4.30999875e-01 1.70694590e-02 -5.34059107e-01 -6.13126099e-01
    -2.50568032e-01 -4.29272056e-02 -4.05261546e-01 -7.68968821e-01
    -7.13042378e-01 -6.13435268e-01 8.44734907e-03 -2.83512056e-01
    -2.76002884e-02 -3.55015993e-02 -5.07232726e-01 -2.45789289e-02
    -3.47069144e-01 -4.33004707e-01 -4.58567530e-01 2.20500827e-02
    -3.19610298e-01 -9.47885394e-01 -9.50487256e-02 -5.96666336e-03
    -5.64685047e-01 -2.85800099e-02 -6.16909623e-01 -4.66830224e-01
    -7.01515138e-01 -3.26139390e-01 -2.45605350e-01 -8.00599456e-01
    -4.24652547e-01 -6.66201711e-01 -4.24537361e-01 -7.98507690e-01
    -9.99907255e-02 -8.12463403e-01 -2.29731023e-01 -7.36431003e-01
    -3.20574045e-01 -4.73184884e-01 -1.19007826e-01 -8.97604704e-01
    -3.28681529e-01 -7.24416971e-02 -5.60129166e-01 -8.62965286e-01
    -5.85476875e-01 -4.22037244e-02 -3.10676455e-01 -5.63631654e-01
    -7.93542981e-01 -6.42520189e-02 -9.23587084e-01 -5.34579933e-01
    -4.81449366e-01 -3.19935441e-01 1.78905129e-02 -6.24718726e-01
    -8.25548291e-01 -8.78022850e-01 -9.00035381e-01 -6.12625360e-01
    -3.40930223e-01 -4.35663760e-01 4.45775390e-02 -5.69904566e-01
    -3.46593320e-01 -5.49194276e-01 -5.31214476e-01 -2.04640627e-01
    -6.34273767e-01 -5.86818576e-01 -3.45554292e-01 -6.05043173e-01
    -3.66870940e-01 -2.51580596e-01 -3.67590547e-01 -6.28703713e-01
    -7.21838355e-01 -3.55150223e-01 -4.13037568e-01 6.70503676e-02
    -4.57952231e-01 -3.32598090e-02 8.95028710e-02 -9.57422256e-02
    -4.50248718e-02 -2.60605216e-01 -5.85001707e-02 -9.47569966e-01
    -2.40585029e-01 -3.19077611e-01 -4.13617373e-01 -4.22275424e-01
    -4.19594526e-01 -8.71542335e-01 -8.07530880e-02 -1.85329676e-01
    -1.67848468e-01 -8.74115229e-01 -8.20431232e-01 -7.55053759e-02
    -2.99147666e-01 -8.70351732e-01 -3.12644005e-01 -8.47425461e-02
    -4.26131010e-01 -3.71404529e-01 -1.24806881e-01 -4.20869648e-01
    -9.07509685e-01 -5.61161518e-01 -6.55451715e-01 -3.52693796e-02
    -7.36401081e-02 -6.88858688e-01 -7.09547520e-01 -1.44154549e-01
    -2.82619596e-01 -4.87077355e-01 -6.48014426e-01 -2.33468056e-01
    -2.55706668e-01 -2.35183477e-01 -9.08387601e-01 -9.35312152e-01
    -3.84575725e-01 -6.89731240e-01 -7.34775245e-01 -3.81012082e-01
    -6.87098920e-01 -7.48107314e-01 -5.65608084e-01 -7.09122777e-01
    -5.64656436e-01 -7.99525499e-01 6.51067495e-02 2.05743909e-02
    -4.05393302e-01 -9.60444808e-01 -7.54303992e-01 -9.61689949e-02
    -7.60976195e-01 -7.39359200e-01 -1.51660085e-01 -9.36255991e-01
    -8.16508532e-02 -7.69731641e-01 -7.07561076e-01 -4.40928340e-01
    -9.20982361e-01 -4.26508546e-01 -4.88806725e-01 -1.37201548e-01
    -3.03113520e-01 -4.84893799e-01 -8.84085953e-01 -7.01082945e-01
    -6.18036866e-01 -8.39686930e-01 -9.11317825e-01 -2.58198857e-01
    -7.60359764e-01 -9.88783717e-01 -7.86787152e-01 -8.76804173e-01
    -3.81180704e-01 -2.74499059e-01 -2.53612816e-01 -6.61349177e-01
    -2.11945176e-01 -7.15022564e-01 -8.19599152e-01 -7.69568920e-01
    -8.42279077e-01 -9.50818896e-01 -9.60574389e-01 -5.94135284e-01
    -1.62528396e-01 -1.64671600e-01 -7.68244624e-01 -5.85108459e-01
    -4.51217294e-01 -6.14188194e-01 -2.85417318e-01 -2.65080571e-01
    -9.01090026e-01 -1.56876326e-01 -2.12633312e-01 -6.90271020e-01
    -9.87171531e-01 -3.87826324e-01 -3.18421721e-02 -2.08177686e-01
    -3.52195323e-01 -6.75177753e-01 -6.68590903e-01 -5.21921754e-01
    -7.44784117e-01 -7.41163492e-01 4.37620282e-02 -8.66614461e-01
    -3.28797102e-01 -7.26300955e-01 -8.69335711e-01 -4.30160761e-01
    7.27828145e-02 -1.71052754e-01 7.90371895e-02 -9.10071373e-01
    -6.83219671e-01 -8.72685730e-01 -3.86043489e-01 -8.86255145e-01
    -6.49118423e-01 -4.34589267e-01 -3.07261944e-02 -3.95606220e-01
    -6.18875444e-01 -9.00683403e-02 -5.96194863e-02 -4.97897267e-01
    -1.86378360e-01 -6.42881513e-01 -5.74596226e-01 -8.25382054e-01
    -3.11689913e-01 -3.13062906e-01 -5.09422421e-01 -1.07827723e-01
    -6.76892996e-01 -8.48057628e-01 -2.84348547e-01 -5.28310537e-01
    -1.65089488e-01 -7.51898110e-01 -8.06661725e-01 -2.24008560e-01
    -2.67262340e-01 -5.17004848e-01 -3.14243078e-01 -6.22183263e-01
    -2.42600501e-01 -5.97475052e-01 -8.48739386e-01 -9.47895408e-01
    -5.39115965e-01 -8.92115831e-01 -3.61162543e-01 -7.68298149e-01
    -9.28100824e-01 -7.13224411e-01 -4.66860771e-01 -7.03953445e-01
    -4.24684286e-01 -8.71988595e-01 -5.21488667e-01 -3.77353430e-02
    -4.35690373e-01 -3.94239426e-02 -9.05146122e-01 -1.35197282e-01
    -3.83395255e-01 -6.31858468e-01 -7.19820023e-01 -1.94275498e-01
    -8.05878162e-01 -2.71609902e-01 -5.44502437e-01 -5.13289571e-01
    -3.88828933e-01 -5.95583320e-01 -6.40698433e-01 -4.78377759e-01
    -3.73220801e-01 -4.06869829e-01 -2.02557504e-01 -6.62631214e-01
    -7.27710009e-01 -8.19445014e-01 -8.62655222e-01 -5.01564264e-01
    -5.78289688e-01 5.23911715e-02 -5.03248811e-01 -6.35841191e-01
    -4.64548349e-01 -2.71239877e-01 -1.39583409e-01 -3.92854750e-01
    -8.39537024e-01 -8.70189548e-01 -5.37329078e-01 -4.28663909e-01
    -3.87158096e-01 -7.41045475e-02 -5.94626606e-01 -3.97781074e-01
    -6.11705244e-01 -3.85616541e-01 -1.65870786e-01 -5.57133496e-01
    -6.98536396e-01 -2.92248428e-01 -8.24822783e-01 -9.42692995e-01
    -6.29849076e-01 8.00967216e-03 -4.90245432e-01 -2.09063828e-01
    -8.65366876e-01 -5.32056987e-01 4.57004309e-02 -6.77041173e-01
    -6.80134535e-01 -3.00866127e-01 -9.25691724e-02 -6.56557858e-01
    -8.79864812e-01 -2.33893633e-01 -7.37667024e-01 -6.61702037e-01
    -7.44555891e-01 1.17862225e-03 -3.35672498e-01 -7.29744554e-01
    -3.38107705e-01 -5.19117951e-01 -5.21633029e-01 -6.15469694e-01
    -3.52540255e-01 -4.04112875e-01 -5.23589373e-01 -1.39948070e-01
    -2.16166258e-01 -4.30962265e-01 2.11790621e-01 -8.55605304e-02
    3.28034937e-01 -1.37528181e-02 -3.63501847e-01 -7.72980750e-01
    -4.23043072e-01 -7.00221717e-01 -9.19141650e-01 -4.64134753e-01
    -6.32320344e-01 -9.34671164e-02 -5.36132514e-01 -1.93151534e-01
    -8.25409889e-02 -2.56108820e-01 -9.70950842e-01 -2.50803828e-01
    -1.16333663e-01 -9.42173004e-02 -8.12878370e-01 -7.30101705e-01
    -1.99047208e-01 -9.24718261e-01 -7.91613579e-01 -1.20758474e-01
    -9.86006260e-01 -5.44874668e-01 -6.73481226e-01 -1.24110162e-01
    -9.40320671e-01 -6.63023949e-01 -9.59461272e-01 -5.60824394e-01
    -7.35572577e-01 -3.31620574e-01 -7.72193372e-01 -1.09395337e+00
    -1.73096836e-01 -3.93599331e-01 -2.26395369e-01 -8.68112504e-01
    -2.34973431e-01 -5.76896787e-01 -6.52861953e-01 -2.67212808e-01
    -1.92904949e-01 -6.52170420e-01 -2.59112418e-01 -2.09151506e-02
    -2.77425766e-01 -2.02602029e-01 -7.26842761e-01 -5.44717252e-01
    -6.07541442e-01 -5.96493721e-01 -8.90007615e-01 -8.45396638e-01
    -6.56843185e-04 -8.30804825e-01 -2.19806731e-01 -1.54573321e-01
    -6.44352913e-01 -2.13526011e-01 -9.94204581e-01 -9.48437095e-01
    -3.52461815e-01 -8.17628920e-01 -9.61856604e-01 -1.43176198e-01
    -8.94483268e-01 -7.07577527e-01 -7.17793524e-01 -9.49816883e-01
    -5.02713740e-01 -3.83281410e-01 -1.85616732e-01 -6.86522126e-01
    -2.47596622e-01 -1.97169304e-01 -3.04394245e-01 -1.01350558e+00
    -6.14480674e-01 -8.08893800e-01 -9.34212446e-01 -3.57839644e-01
    -7.84380317e-01 -6.93539202e-01 -3.84969652e-01 -5.55712104e-01
    -3.46236825e-01 -5.80585599e-01 -8.59065294e-01 2.37739086e-03
    -6.50510669e-01 -6.55381620e-01 -3.06791782e-01 -6.32733762e-01
    -5.22463560e-01 -5.84035397e-01 -1.12004876e-01 -5.50811768e-01
    -8.47617030e-01 -1.12758815e-01 -2.92677283e-02 -2.41224945e-01
    -6.31509900e-01 -8.07980657e-01 -1.79393768e-01 -8.04150522e-01
    -7.58968055e-01 -8.69358778e-02 -1.71810627e-01 -2.88527727e-01
    -8.52606058e-01 -2.97427535e-01 -7.83973753e-01 -2.98240006e-01
    -1.54321015e-01 -7.71067262e-01 -1.86302066e-02 -7.87748814e-01
    -8.14322174e-01 -1.91282213e-01 -8.60145330e-01 -5.38353920e-02
    -3.77653420e-01 -6.78822041e-01 -8.16337705e-01 -4.27319467e-01
    -6.20616913e-01 4.27812338e-02 -1.27525330e-01 -7.87822068e-01
    -5.08512199e-01 -4.97949958e-01 -6.97301686e-01 -3.27111483e-01
    -2.44732201e-01 -6.57234788e-02 -8.43767881e-01 -5.83878934e-01
    -1.48251235e-01 -3.16109478e-01 -4.16723311e-01 -9.31983054e-01
    -9.27929759e-01 -5.35117865e-01 -1.04778767e-01 -5.89806318e-01
    -9.95502114e-01 -5.79811335e-01 -1.05413318e-01 -6.58298254e-01
    -5.29583871e-01 -5.12938738e-01 -1.77785873e-01 -6.11771703e-01
    -3.06990564e-01 -7.85677195e-01 -7.87936926e-01 -9.82937813e-02
    -8.40671420e-01 -3.22659969e-01 -7.95235634e-02 -3.98552835e-01
    -8.76017809e-01 -3.77657831e-01 -1.57133698e-01 -3.72369289e-02
    -8.59030247e-01 -7.44052291e-01 -2.07250834e-01 -1.64519966e-01
    -4.25208151e-01 -6.92790747e-03 -1.94392383e-01 -5.95429599e-01
    -4.54394639e-01 -6.39543712e-01 -8.69570434e-01 -8.22411180e-02
    4.46485281e-02 -2.38588095e-01 -6.01769209e-01 -9.16466236e-01
    -4.74539727e-01 -4.69050109e-01 -3.53464365e-01 -8.76815617e-01
    -9.13106859e-01 -3.59588861e-03 -3.38026404e-01 -8.97238135e-01
    -4.04017448e-01 -2.37458229e-01 -1.93805873e-01 -3.42147470e-01
    -5.33769727e-01 -4.21187878e-01 6.15036488e-03 -7.31800914e-01
    1.09887719e-02 -8.10404539e-01 -6.88349903e-01 -6.98081851e-01
    -7.05647469e-03 -1.46287262e-01 -9.31241095e-01 -5.66671968e-01
    -6.49901509e-01 1.61379576e-03 4.39083576e-03 -5.79628825e-01
    -5.92308521e-01 -8.07502449e-01 -9.10943449e-01 -2.55681872e-02
    -6.69348300e-01 -1.09267354e-01 -9.21054482e-02 -9.24124241e-01
    -5.21547019e-01 -3.03996205e-02 -5.04905343e-01 -6.78612769e-01
    -2.49091506e-01 -8.08919072e-02 -6.29543662e-01 -7.53470063e-01
    -2.93022215e-01 -1.14763200e-01 -7.54626751e-01 -5.48647106e-01
    9.20221210e-02 -3.54925215e-01 -4.43852514e-01 -1.73723519e-01
    -1.39196515e-01 -8.23419094e-01 -6.97977960e-01 -3.15979242e-01
    -8.34909499e-01 -5.11175394e-03 -2.45916843e-02 -8.80790293e-01
    -6.40296936e-01 1.36436224e-02 -7.13557363e-01 -6.51597142e-01
    1.15142405e-01 -6.54120266e-01 -3.72120917e-01 -7.13872790e-01
    -6.81971490e-01 1.12264931e-01 3.49553823e-01 -3.48529994e-01
    -1.05417848e-01 -2.39330649e-01 6.53027296e-02 -7.62083173e-01
    -6.42902136e-01 -2.03935206e-01 -9.63760376e-01 -3.35948408e-01
    -7.11940169e-01 -5.58699071e-01 -9.52968419e-01 -8.20072532e-01
    -7.51540661e-01 -8.05005550e-01 -8.62778306e-01 -5.34313679e-01
    -6.66223645e-01 -3.64549458e-01 -7.63452053e-01 -8.69246721e-02
    -7.07821012e-01 -7.56391287e-01 -7.55706370e-01 -1.29438877e-01
    -7.29047418e-01 -5.58302641e-01 -4.87992704e-01 -5.59944630e-01
    -2.53705561e-01 -5.99051118e-02 -4.09588158e-01 -6.82258427e-01
    -5.13742089e-01 -7.72786140e-01 -3.05139661e-01 -3.29613030e-01
    -8.54591608e-01 -5.37741423e-01 -1.15180755e+00 -1.64126754e-01
    -7.71194518e-01 -6.57483339e-01 -7.00118184e-01 -5.83677709e-01
    -5.56481421e-01 -7.89422214e-01 -8.28128338e-01 -2.02723682e-01
    -4.37126100e-01 -5.17379284e-01 -4.63473231e-01 -5.95718324e-01
    -3.92204881e-01 -4.57017720e-01 -3.26867342e-01 -1.45550549e-01
    -4.14636672e-01 -9.04352069e-02 -3.55639219e-01 -4.76581454e-01
    -6.23080850e-01 -4.82166946e-01 -6.43061996e-02 -5.55816889e-01
    -6.93171740e-01 -1.49089277e-01 -3.82242262e-01 -7.03049242e-01
    -6.72835588e-01 -4.06222463e-01 -4.11677241e-01 -8.42566490e-01
    -6.25482202e-01 -2.34587669e-01 -8.66524994e-01 -7.89260089e-01
    -1.37467265e-01 -1.66593075e-01 -1.16342545e-01 -2.12806821e-01
    -8.36043596e-01 -8.45140576e-01 -1.21989787e-01 -2.12571084e-01
    -6.11084521e-01 -5.20480156e-01 -1.47557020e-01 -5.22499681e-02
    -4.25746560e-01 -6.01076961e-01 -6.62968099e-01 -1.00925386e-01
    -7.27636278e-01 -2.95567334e-01 -3.08504224e-01 -9.02217627e-02
    -9.13756013e-01 -4.99977887e-01 -1.00447631e+00 -3.91802669e-01
    -4.09445286e-01 -3.69048655e-01 -1.03165746e-01 -9.81243372e-01
    -4.89879876e-01 -9.39177632e-01 -3.34617496e-02 -6.82034016e-01
    -8.14116776e-01 -5.11457443e-01 -2.43619204e-01 -3.58798385e-01
    -7.56145000e-01 -2.24812269e-01 -4.48686898e-01 -3.13337028e-01
    -6.03563190e-02 -6.70315385e-01 -4.39376473e-01 -2.65458107e-01
    -5.20669818e-02 -7.94107020e-01 -3.59557271e-02 -4.03332770e-01
    -4.49826300e-01 -6.71045482e-01 -6.14471436e-02 -6.35622740e-02
    -6.84419036e-01 -3.77559960e-01 -7.16999233e-01 -9.56675291e-01
    -7.98538327e-01 -1.10802531e-01 -8.91492486e-01 -8.44741583e-01
    -4.69189644e-01 -4.93561983e-01 -9.44090128e-01 -6.51116729e-01
    -5.00158787e-01 8.55052471e-03 -4.96595174e-01 -3.52963448e-01
    -7.71149039e-01 -4.93027151e-01 -4.85378593e-01 -6.83551610e-01
    -4.34359193e-01 -1.18901014e-01 -4.31337595e-01 -2.85099149e-01
    -3.77568245e-01 -8.44219923e-01 -5.14566958e-01 -3.38601768e-01
    -6.27620935e-01 -3.63104999e-01 -6.85473084e-01 -6.69874310e-01
    -7.45700121e-01 -7.79790878e-02 -3.05469275e-01 -1.50616288e-01
    -1.27475262e-01 -8.48058820e-01 -8.60424876e-01 -2.38477647e-01
    -1.08270049e-01 -6.60583377e-02 -6.54521465e-01 -3.93103778e-01
    -4.91380811e-01 -2.50920236e-01 -5.33279061e-01 -8.52535248e-01
    -6.76452994e-01 -8.71737957e-01 7.68486261e-02 -9.06932354e-01
    -1.94993556e-01 -8.32594514e-01 8.20953250e-02 -8.65054846e-01
    6.08137250e-02 -6.40132606e-01 -4.42661047e-02 -8.70490789e-01
    -7.08438516e-01 -6.09890223e-02 -7.30805874e-01 -1.47351503e-01
    -9.63905931e-01 -9.85013485e-01 -2.72042036e-01 -3.93669963e-01
    -6.15870953e-01 -5.53147495e-01 -4.32400405e-01 -1.41303480e-01
    -6.00871205e-01 -1.14304066e-01 -7.23810434e-01 -1.83917999e-01
    -1.45069957e-01 -1.89547479e-01 -4.23033714e-01 -5.61099172e-01
    -7.26212800e-01 -8.33568633e-01 -7.13467479e-01 -8.54330897e-01
    -1.01028562e-01 -4.85669523e-01 -5.05006909e-01 -4.40591395e-01
    -2.88034976e-01 -5.37271500e-01 -3.53288591e-01 -8.00420463e-01
    -5.60278714e-01 -7.60592580e-01 -1.47967637e-01 -8.03477764e-01
    -3.70692194e-01 2.27892995e-02 -5.15559554e-01 -7.13396788e-01
    -4.54633981e-01 -2.10229576e-01 -8.20069313e-01 -8.08266401e-01
    -4.65255380e-02 -6.66479886e-01 -4.56039667e-01 -4.62398142e-01
    -4.96132970e-01 -8.14129591e-01 -6.19463921e-01 -2.73073912e-02
    4.65184450e-02 -4.03903723e-02 7.12382197e-02 -5.73565841e-01
    -4.14409041e-01 -4.50003147e-03 -8.49944413e-01 -4.89155650e-01
    1.43095732e-01 -6.01810217e-03 -8.14947069e-01 -4.95908529e-01
    -5.46661139e-01 -6.83854818e-02 -3.42011690e-01 3.35964739e-01
    1.82400942e-01 -5.42184114e-02 -5.96329868e-01 -4.03871983e-01
    -7.36476421e-01 -2.28427947e-01 -1.16953731e-01 -5.75492382e-01
    -1.01462662e-01 -2.84126878e-01 -7.02927232e-01 -5.31635344e-01
    -3.34293962e-01 -2.66771317e-01 -8.28316450e-01 -3.83426905e-01
    -5.47917664e-01 -3.09645116e-01 -5.56916177e-01 -4.88985002e-01
    -7.33517885e-01 -5.22087812e-01 -9.01771069e-01 -8.88009667e-02
    -3.69103730e-01 -9.63899910e-01 -3.73514771e-01 -2.22096145e-01
    -9.20322180e-01 -8.13190222e-01 -5.18951416e-01 -5.43259323e-01
    -2.72607684e-01 -3.90457392e-01 -5.65498114e-01 -2.84348130e-01
    -3.44322085e-01 -8.46933722e-01 -2.61696517e-01 -6.96050763e-01
    -3.31612349e-01 -2.81803310e-01 -9.84867215e-02 -8.75452876e-01
    -1.12466455e-01 -4.04989123e-02 -7.16226459e-01 -8.74149919e-01
    -6.40185177e-01 -5.43233335e-01 -4.68672574e-01 -7.45120287e-01
    -8.69968355e-01 -1.18907630e-01 -3.50083828e-01 -9.64110255e-01
    -8.29447806e-01 -1.59170687e-01 -8.51005793e-01 -7.90058494e-01
    -6.50592923e-01 -1.43155158e-01 -1.10661089e-01 -2.23214030e-01
    -3.20873141e-01 -2.93846965e-01 -3.81370068e-01 -8.17923546e-01
    -1.58152342e-01 -5.78244209e-01 -2.18126237e-01 -7.26959527e-01
    -3.18628550e-01 -1.07055211e+00 -3.64506364e-01 -5.36941767e-01
    -1.80640876e-01 -5.52065313e-01 -3.05606008e-01 -9.01061296e-02
    -5.94037294e-01 -2.93821633e-01 -9.18380976e-01 -8.24695051e-01
    -3.32504511e-01 -4.95355785e-01 -7.76073098e-01 -6.39419794e-01
    -4.99897242e-01 -3.42877269e-01 -7.38752067e-01 -1.78393364e-01
    -3.87160957e-01 -9.44680214e-01 -7.60954976e-01 -9.49114084e-01
    -1.98374629e-01 -3.24656546e-01 -7.19888508e-01 -1.35192037e-01
    -4.61341977e-01 -8.45941305e-01 -4.88742054e-01 -9.15119052e-01
    -4.44859147e-01 1.78112984e-02 -7.21526265e-01 -1.89053237e-01
    -2.89401233e-01 -4.69119847e-01 -5.19605875e-01 -6.36812449e-02
    -3.66079569e-01 -3.15669715e-01 -6.09000325e-01 -3.82680774e-01
    -4.79785949e-01 -3.36426735e-01 -7.27844596e-01 -3.83901149e-01
    -7.07336783e-01 -3.76120329e-01 -4.32345510e-01 -3.96975279e-01
    -1.17735624e-01 -7.78183818e-01 1.85217261e-02 -6.47325516e-01
    -1.49702251e-01 -9.48483527e-01 -1.41231656e-01 -3.49035501e-01
    -2.96837032e-01 -5.23901820e-01 -2.82198906e-01 -4.06270325e-01
    -4.19471443e-01 -7.77013123e-01 -6.77168727e-01 -3.01181078e-01
    -8.53605509e-01 -2.19188809e-01 -9.22706604e-01 -3.09292793e-01
    -5.02135158e-01 -2.14650750e-01 -4.85557318e-02 -4.39675093e-01
    -7.45934248e-02 -7.30082870e-01 -7.80712843e-01 -4.13805783e-01
    -7.90758967e-01 -2.38351524e-01 -6.41106248e-01 -7.57785559e-01
    -7.43575692e-01 -7.85830736e-01 -3.10523868e-01 -8.90307307e-01
    -4.77082729e-01 -4.16706800e-01 -4.52280760e-01 -5.33189952e-01
    -1.01003528e-01 -2.96524167e-02 -4.03810620e-01 -8.43070567e-01
    -8.55641961e-02 -5.55086613e-01 -6.30090415e-01 -3.91241908e-01
    -1.55883670e-01 -6.36344016e-01 -3.57822120e-01 -8.54540110e-01
    -3.98701549e-01 -1.33342266e-01 -6.56642318e-02 -5.67867935e-01
    3.32229733e-02 -8.62972736e-01 -7.62648940e-01 -7.98032284e-01
    -7.49425411e-01 -1.54161215e-01 -7.17211604e-01 -4.37479854e-01
    -5.09252906e-01 -5.21673799e-01 -7.11098254e-01 -6.15255237e-02
    -4.62235153e-01 -6.72493637e-01 -8.20577025e-01 -8.70078206e-02
    -4.52165663e-01 -1.40870750e-01 -8.57479274e-01 -5.82107186e-01
    -5.22327960e-01 -7.63089061e-01 -8.71505618e-01 -6.25335515e-01
    -3.46444309e-01 -8.11564326e-02 -2.27640867e-01 -1.58250690e-01
    -8.61793041e-01 -4.71664548e-01 -6.85805798e-01 -5.92639446e-02
    -8.49011123e-01 -7.64126182e-01 -1.43382311e-01 -2.01051116e-01
    -7.31811643e-01 -2.12793589e-01 -1.48902655e-01 -9.07598794e-01
    -8.64274621e-01 -1.47753656e-01 -8.89711618e-01 -1.57937050e-01
    -6.81574404e-01 -2.23317444e-01 -2.76275337e-01 -5.51773310e-01
    -6.28939748e-01 -5.48764110e-01 -7.40813613e-01 -5.84091544e-01
    -7.36334205e-01 -2.88168490e-01 -1.33681536e-01 5.48678637e-02
    -9.10507560e-01 1.33245587e-02 -2.80408919e-01 -8.11314344e-01
    -8.07800412e-01 -8.48338842e-01 -3.78322959e-01 -4.18041587e-01
    -1.06966496e-02 -1.26632035e-01 -8.86811912e-01 -2.57034659e-01
    -4.21978593e-01 1.95302367e-02 -7.40412414e-01 -3.86015028e-01
    -7.50856400e-01 -3.39457393e-01 -3.44689786e-01 -4.03476894e-01
    2.44271755e-03 -5.69613457e-01 -8.01145792e-01 -6.00429296e-01
    -6.25681162e-01 2.75294781e-02 -7.39385247e-01 -7.75629282e-01
    -5.32840014e-01 -7.50418186e-01 -4.31857049e-01 -7.16807187e-01
    -2.32574463e-01 -3.18518639e-01 -4.88002151e-01 -1.53421283e-01
    -3.78255486e-01 -4.07712162e-01 -8.42030466e-01 -2.89009690e-01
    -6.33623123e-01 -6.07996583e-02 -5.32150090e-01 -5.99506974e-01
    -1.35088444e-01 -5.33293962e-01 -8.51441085e-01 -8.05701494e-01
    -7.86913991e-01 -1.58276558e-01 -5.72248340e-01 -4.51553881e-01
    -4.53980148e-01 -3.75779808e-01 -2.48201728e-01 -3.94832492e-01
    -1.14492893e+00 -6.09944820e-01 -7.09425449e-01 -2.16815352e-01
    -9.53413785e-01 -1.29158080e-01 -3.20090175e-01 -6.97083950e-01
    -6.30659938e-01 -7.65932918e-01 -9.19408798e-02 -4.03915048e-01
    -4.51702178e-01 -3.32121968e-01 -4.15439606e-02 -1.44079566e-01
    -7.70805240e-01 -4.24703717e-01 -3.55711818e-01 -7.24277735e-01
    -8.75116706e-01 -1.54054403e-01 -5.44284582e-01 -3.08128953e-01
    -8.73650312e-01 -9.29207504e-01 -4.11267757e-01 -6.42663479e-01
    -1.21005476e-01 -8.66345763e-01 -5.63875794e-01 -2.60491252e-01
    -1.90420210e-01 -2.46849000e-01 -4.75320160e-01 -3.08472395e-01
    -2.69451022e-01 -7.08219051e-01 -4.94792104e-01 -1.79059505e-01
    -9.07428443e-01 -1.76611722e-01 -1.09842098e+00 -9.66371298e-01
    -4.71566975e-01 -4.27100897e-01 -5.58544219e-01 -2.10524917e-01
    -7.69544840e-01 -5.16866803e-01 -9.12353098e-01 -2.31338739e-01
    -1.05036819e+00 -4.18748379e-01 -1.44169688e-01 -3.61804783e-01
    -7.52353191e-01 -3.17839980e-01 -2.02077031e-01 -9.79002118e-02
    -4.46130097e-01 -1.46466851e-01 -9.96835470e-01 -1.25334740e-01
    -6.56653881e-01 -5.75221777e-02 -1.64554000e-01 -1.13686562e-01
    -4.21798468e-01 -5.54871798e-01 -8.01619470e-01 -4.14513171e-01
    -2.30145991e-01 -9.21882272e-01 -8.24426174e-01 -2.37400889e-01
    -8.93616796e-01 -5.89665771e-01 -7.27531910e-01 -1.04169071e-01
    -5.66326857e-01 -5.80484152e-01 -5.76940417e-01 -8.24886560e-02
    -8.23288977e-01 -6.70152903e-03 -1.79542840e-01 -7.72176147e-01
    -2.37034976e-01 -7.66371429e-01 -5.05418658e-01 -3.31391037e-01
    -7.96629786e-02 -8.54676962e-03 -2.68922329e-01 -3.25796843e-01
    -1.00284851e+00 -5.12627065e-01 -1.09532416e-01 -9.50589180e-01
    -6.68709874e-01 -7.85628021e-01 -4.39691067e-01 -8.11600685e-03
    -9.53959584e-01 -8.21730494e-01 -7.45930493e-01 -5.46792746e-02
    -9.27520633e-01 -6.53979301e-01 -8.00633013e-01 -3.64141166e-01
    -4.60626006e-01 -2.53522933e-01 -9.63989139e-01 -2.47061968e-01
    -4.45512712e-01 -4.19311762e-01 -1.40737951e-01 -3.26600671e-02
    -1.24287665e-01 -8.81154418e-01 -3.45505476e-02 -4.52745557e-01
    -7.57740736e-02 -3.81569564e-01 -6.59367085e-01 -2.13361740e-01
    -8.60263526e-01 -7.66284347e-01 -6.84659481e-01 -8.69535208e-01
    -4.60418403e-01 -1.11257970e-01 -5.97096264e-01 -8.73640001e-01
    -2.02720046e-01 -5.87090611e-01 -1.94735885e-01 -5.58199644e-01
    -8.28069687e-01 -2.13577211e-01 -4.84697670e-01 -7.64304638e-01
    -4.25702929e-01 -4.57624614e-01 7.35716224e-02 -7.39545703e-01
    -8.31097126e-01 -8.14004302e-01 -3.16013098e-01 -3.09358835e-02
    -3.09763849e-01 -6.83706582e-01 -8.02196264e-02 -9.92517948e-01
    -1.71459198e-01 -5.96167803e-01 -4.63426113e-01 -9.68851328e-01
    -7.19552040e-02 -3.48009765e-01 -9.32595253e-01 -8.69256854e-01
    -3.97940218e-01 -4.74290788e-01 -6.53257251e-01 -6.70805812e-01
    -1.70116663e-01 -6.75604165e-01 -8.93044233e-01 -5.16628981e-01
    -1.15990520e-01 -3.78267169e-01 -2.59622872e-01 -1.54619753e-01
    -3.32148612e-01 -2.37442732e-01 -5.93826294e-01 -6.06006384e-02
    -7.48207271e-01 -5.98393679e-01 -2.30378211e-01 -7.69096851e-01
    -8.26063037e-01 -5.57665408e-01 -5.35251021e-01 -3.66966248e-01
    -1.02943838e-01 -5.32852769e-01 -6.78784728e-01 -7.39529848e-01
    -6.12566054e-01 9.43300724e-02 -6.89780116e-02 -8.53796721e-01
    -4.86114055e-01 -4.31337535e-01 -4.11338270e-01 -2.28706002e-02
    -9.19807851e-01 -3.75129163e-01 -1.76954925e-01 -4.06084895e-01
    -9.02841210e-01 -6.09837294e-01 -7.85743415e-01 -3.64837587e-01
    -2.07790911e-01 -4.05699193e-01 -3.22930813e-01 -6.67050838e-01
    -5.06382108e-01 -8.70776117e-01 -7.26304650e-01 -9.67814326e-02
    1.22580588e-01 1.01000071e-01 -3.06815028e-01 -5.81835210e-02
    -2.60702908e-01 -5.56999922e-01 -4.63699698e-02 -2.49647379e-01
    -2.43170142e-01 -5.83914220e-01 -9.04284835e-01 -1.85717344e-01
    -7.08695531e-01 -7.68333793e-01 -1.76213503e-01 -4.94292051e-01
    -3.43255162e-01 -8.10369730e-01 -3.81885827e-01 -5.29491842e-01
    -7.38585413e-01 -7.26908386e-01 -6.68315530e-01 -1.65808797e-01
    -6.50533676e-01 -2.14341283e-01 -7.78514922e-01 -1.62937403e-01
    -1.59014225e-01 -5.72000444e-01 -1.97277844e-01 -2.07766891e-01
    -1.19721353e-01 -4.41417873e-01 -8.90216768e-01 -4.34658647e-01
    -7.94011235e-01 -9.83238101e-01 -2.23289609e-01 -7.97146440e-01
    -1.06801009e+00 -5.44769526e-01 -2.12303638e-01 -3.78184021e-01
    -2.30925560e-01 -9.05035734e-01 -4.97849166e-01 -7.12947011e-01
    -4.89573061e-01 -3.30992341e-01 -7.04992890e-01 -1.09969616e-01
    -6.32627130e-01 -2.92996764e-01 -8.71117115e-02 -8.91106248e-01
    -6.86866045e-02 -5.16820550e-01 -2.68676698e-01 -4.29858923e-01
    -3.55378151e-01 -6.01514578e-01 -8.26653838e-01 -7.54146457e-01
    -2.25532055e-01 -2.10055888e-01 -7.33825088e-01 -7.60168195e-01
    -4.13714111e-01 -5.76513052e-01 -1.91308618e-01 -8.29145432e-01
    -4.50489342e-01 -1.49254560e-01 -5.03192544e-01 -2.39998221e-01
    -2.61914253e-01 -7.18471169e-01 -7.68181980e-01 -5.24067521e-01
    -7.98188567e-01 -2.43001521e-01 -2.51770377e-01 -4.97837782e-01
    -7.01477230e-01 -4.40412521e-01 -3.07543218e-01 -9.70073760e-01
    -8.95271301e-01 -2.88204193e-01 -9.96644497e-02 -1.35798335e-01
    -1.62971616e-01 -4.47557747e-01 -1.63259149e-01 -5.07412791e-01
    -9.93306041e-01 -1.02079463e+00 -2.49288380e-01 -6.64747953e-02
    -3.05240035e-01 -6.54526293e-01 -2.79424906e-01 -4.00698781e-02
    -9.89273548e-01 -5.95827401e-01 -7.80113220e-01 -6.77144647e-01
    -2.79177308e-01 -3.21487308e-01 -3.76853645e-01 -6.83617234e-01
    -2.54838407e-01 -1.70675755e-01 -9.12793279e-01 -4.98096287e-01
    -7.64483809e-01 -4.29237962e-01 -5.01748383e-01 -1.64432824e-01
    -5.83236158e-01 -8.06180835e-01 -6.31984651e-01 -4.07877266e-01
    -5.19991100e-01 -4.53423202e-01 -7.96710730e-01 -9.00156498e-01
    -9.26266074e-01 -3.57498169e-01 -7.60925055e-01 -7.55860567e-01
    -8.29163313e-01 -5.12351036e-01 -4.06864285e-02 -8.60093117e-01
    -5.24147332e-01 -5.53940535e-02 -5.88742971e-01 -6.47165060e-01
    7.08210468e-03 -1.47659063e-01 -1.82222843e-01 -7.14917541e-01
    -2.24482775e-01 -8.83633494e-02 -6.38041496e-01 -7.23460853e-01
    -7.21875072e-01 -8.28949749e-01 -2.97836900e-01 -3.46948981e-01
    -6.56264126e-01 -3.89959931e-01 -5.69098234e-01 -8.10977280e-01
    -1.25818729e-01 -5.96985161e-01 -3.77723396e-01 -7.50964046e-01
    -7.26158977e-01 -3.32937598e-01 -2.15688705e-01 -1.01975548e+00
    -2.23111391e-01 -9.44582224e-02 -6.92103565e-01 -9.93922710e-01
    -6.95281148e-01 -8.70865583e-02 -3.37491214e-01 -3.08738947e-01
    4.14929986e-02 2.68359780e-02 -5.25736809e-01 -7.86968827e-01
    -3.45358133e-01 1.00441635e-01 -5.39060354e-01 -7.17312336e-01
    -8.17368031e-01 -2.05663145e-01 -7.30361104e-01 -1.36759162e-01
    -6.21152878e-01 -5.02491951e-01 -1.10667169e-01 -8.53236079e-01
    -3.88121128e-01 4.95160222e-02 -3.54958713e-01 -6.03821993e-01
    -7.89671183e-01 -5.67613959e-01 -1.96290135e-01 -1.51797771e-01
    -9.17986512e-01 -1.48860991e-01 -1.31449223e-01 -2.91113138e-01
    -5.29148757e-01 -1.55992210e-01 -4.25761402e-01 -4.05251443e-01
    2.93402076e-02 2.55413651e-02 -8.71141851e-01 -3.50244761e-01
    -4.34502721e-01 -5.40899634e-01 -5.70032597e-02 -5.07222772e-01
    -7.01319575e-02 -4.95708257e-01 -4.77753341e-01 -6.49280906e-01
    -5.60901344e-01 -6.44719005e-01 -4.12360907e-01 -4.02739942e-01
    -6.32813692e-01 -5.22771478e-01 -3.94788742e-01 -9.50526536e-01
    -2.62151361e-02 -2.96972454e-01 -6.10855818e-01 -8.89392853e-01
    -3.77579510e-01 5.08440733e-02 -1.12339139e-01 -4.33463037e-01
    -4.46804762e-01 -8.49016786e-01 -8.24381232e-01 -3.21174264e-01
    -2.54318595e-01 -6.01578832e-01 -8.59179616e-01 2.71064043e-03
    -1.02104962e-01 -7.08856404e-01 -6.66377544e-02 -8.16974878e-01
    -4.98898506e-01 -7.05189407e-01 -8.65878165e-01 -5.55772662e-01
    3.25095654e-03 -4.00114655e-01 -7.83363819e-01 -8.56729150e-01
    -1.76343799e-01 -6.25800133e-01 -3.23907554e-01 -1.85832322e-01
    -1.41403377e-01 1.79970860e-02 -4.26176935e-01 -3.17762256e-01
    3.41887355e-01 -5.33449411e-01 -2.35363960e-01 -3.16294611e-01
    -6.12215042e-01 -1.57642543e-01 -7.13905752e-01 -3.29220653e-01
    -6.20206714e-01 -3.70043576e-01 -3.83530438e-01 -2.69993603e-01
    -8.91188383e-01 -3.93601298e-01 -3.53049636e-01 -4.21619534e-01
    -2.75016129e-01 -4.57213163e-01 -2.82350838e-01 -1.57655120e-01
    -5.96348882e-01 -3.41618180e-01 -8.34337473e-02 -3.00823331e-01
    -2.18610704e-01 -5.71729839e-01 -1.04900074e+00 -6.83443725e-01
    -8.06411028e-01 -7.79833436e-01 -5.53972960e-01 -2.33000219e-01
    -2.47587562e-01 -2.66716719e-01 -6.85713053e-01 -3.48462462e-01
    -1.04668796e+00 -3.71416807e-01 -7.25682974e-01 -6.64865494e-01
    -7.58654416e-01 -7.46106148e-01 -8.28754902e-01 -7.83275366e-01
    -3.12907517e-01 6.63655996e-03 -3.95662785e-01 -7.80619979e-02
    -4.26974773e-01 -7.63772666e-01 -1.02275312e+00 -9.35720205e-02
    -1.07146621e-01 -3.81063938e-01 -2.81885028e-01 -2.77009726e-01
    -1.74733102e-01 -2.98830748e-01 -8.11433434e-01 -1.73554540e-01
    -1.45434260e-01 -5.73750138e-01 -4.80371892e-01 -4.07217920e-01
    -7.35794544e-01 -8.17063332e-01 -9.17382836e-01 -7.32639372e-01
    -4.13492322e-01 -2.70343900e-01 -7.18418121e-01 -8.46131861e-01
    -7.43754029e-01 -5.49652338e-01 -3.29482198e-01 -9.06737924e-01
    -7.66170681e-01 -6.04364038e-01 -3.88667345e-01 -8.63896728e-01
    -6.03864789e-01 -9.42755938e-02 -1.36586070e-01 -4.64949608e-01
    -6.72514379e-01 -8.81468952e-01 -2.13166654e-01 -5.52926064e-01
    -6.84691906e-01 -6.32078052e-01 -3.29222322e-01 -5.46708822e-01
    -1.04122019e+00 -3.23937833e-01 -5.75504899e-01 -6.48809254e-01
    -7.74872899e-01 -9.56701636e-01 2.35582590e-02 -5.47613204e-01
    -3.49345565e-01 -6.01285040e-01 -7.30362475e-01 -9.14189935e-01
    -1.73274696e-01 -8.24793398e-01 -2.45347321e-01 -4.34511721e-01
    -5.90474904e-01 -5.64082444e-01 -6.80315971e-01 -1.86507940e-01
    -3.33324194e-01 -3.63074183e-01 -2.94188797e-01 -2.52686977e-01
    -6.31221414e-01 -1.05428994e-01 -8.72516632e-01 -7.64184833e-01
    -3.65039945e-01 -3.37630510e-01 -9.24209952e-02 -3.33242059e-01
    -6.82963789e-01 -2.43476629e-01 -2.59224832e-01 -7.72942543e-01
    -5.36349118e-01 -1.50478542e-01 -9.72066641e-01 -3.19286048e-01
    -8.75391960e-02 -4.51010466e-03 -7.17454016e-01 -7.97568440e-01
    -7.79937029e-01 -1.63250387e-01 -3.66813064e-01 -4.32459056e-01
    -6.02712393e-01 -1.85343981e-01 -3.36121023e-01 -1.43277764e-01
    -6.18686557e-01 -6.49497330e-01 -1.91626787e-01 -6.51139796e-01
    -2.27833688e-01 -7.59717345e-01 -1.46584094e-01 -5.62330961e-01
    -1.21644795e-01 -1.18605614e-01 -4.52978730e-01 -8.24159384e-01
    -6.44247472e-01 -4.87803638e-01 -1.99041724e-01 -6.24244928e-01
    -5.15069664e-01 -9.49243486e-01 -8.44993234e-01 -4.30858731e-02
    -4.23235238e-01 -4.71911728e-01 -6.94026947e-01 -7.60300577e-01
    -8.83653045e-01 -5.30711889e-01 -8.16638112e-01 -7.59026527e-01
    -5.26936114e-01 -6.48683906e-01 8.32310319e-02 -1.95910513e-01
    -5.29341221e-01 -2.77273655e-01 -5.42956471e-01 -3.75486612e-02
    -9.01457667e-01 -1.22110844e-01 -3.77777338e-01 -4.07121062e-01
    -8.12119126e-01 -8.48650932e-03 -7.09317923e-01 -3.01858783e-02
    -2.67999470e-01 -5.06908774e-01 -9.16028202e-01 -9.35760736e-02
    -2.29906678e-01 -1.08073831e-01 -1.11210048e-01 -7.40683436e-01
    -6.08585775e-01 -5.97158194e-01 -4.52140927e-01 -4.88809884e-01
    -1.27301574e-01 -4.56795126e-01 -4.22766894e-01 -5.40456712e-01
    -9.25609529e-01 -3.17016482e-01 -5.72145224e-01 -6.51324451e-01
    -6.97550058e-01 -4.96452242e-01 -8.79640162e-01 -5.13026357e-01
    -2.37517536e-01 -6.04939699e-01 -5.81041038e-01 -5.82028747e-01
    -4.20911491e-01 -8.50938916e-01 -4.56642151e-01 -1.23465657e-02
    -8.27372074e-04 -9.91043448e-02 -8.22405815e-01 -7.18591094e-01
    -8.56045961e-01 -5.15149117e-01 -7.61510134e-01 -1.72403932e-01
    -7.76124239e-01 3.64179015e-02 -3.09094489e-01 -4.93782163e-01
    -1.36097610e-01 -1.50610507e-01 -8.19353163e-01 -6.98996365e-01
    -8.42899442e-01 -3.75608504e-01 -4.79913175e-01 -3.12116563e-01
    -1.79939628e-01 -4.73828197e-01 -2.47545421e-01 -2.43396759e-02
    -7.44691312e-01 -2.83625364e-01 -9.29326832e-01 -4.81937528e-01
    -3.98960590e-01 -1.48265362e-01 -4.64820683e-01 -7.18984127e-01
    -7.61205077e-01 -3.18187356e-01 1.48588240e-01 2.12646902e-01
    -8.91246200e-02 -2.12352574e-01 -3.61501247e-01 -5.76924264e-01
    -1.65131092e-02 -4.69506651e-01 -4.57121909e-01 -1.95741713e-01
    -4.31472421e-01 -6.66536391e-01 -2.51373649e-01 -7.56995678e-02
    -5.64480424e-02 -2.71326363e-01 -8.41445446e-01 -8.41057837e-01
    -6.71577036e-01 -5.16763210e-01 -8.89420748e-01 -7.43409991e-02
    -8.70866299e-01 -4.60412204e-01 -5.01583695e-01 -1.50472403e-01
    -4.32627559e-01 -9.15525615e-01 -8.39496493e-01 -1.84286714e-01
    -5.17151058e-01 -6.11326814e-01 -6.75459385e-01 -8.27149034e-01
    -9.42445874e-01 -3.89316082e-01 -6.34157896e-01 -6.81098104e-01
    -2.49080300e-01 -2.35531807e-01 -2.09560156e-01 -1.43330336e-01
    -3.50923300e-01 -4.59074438e-01 -5.69963932e-01 -8.71618152e-01
    -9.03051615e-01 -2.46976495e-01 -2.60820925e-01 -5.12024939e-01
    -5.75357914e-01 -2.67971873e-01 -3.51929188e-01 -6.01064444e-01
    -2.87300348e-01 -5.81727982e-01 -1.45076275e-01 -9.70321298e-01
    -9.08923030e-01 -6.97545290e-01 -5.98454654e-01 -4.46060777e-01
    -4.25959826e-02 -6.22053742e-01 -3.29945862e-01 -7.14312553e-01
    -1.91941619e-01 -1.41254008e-01 -6.80500269e-03 -9.20988500e-01
    -3.66311967e-01 -5.18223047e-01 -5.18297017e-01 -2.84413218e-01
    -6.19400620e-01 -3.48131776e-01 -2.40045547e-01 -1.80578470e-01
    -4.14344490e-01 -9.23356891e-01 -4.35023725e-01 -9.69216228e-02
    -7.64833927e-01 -1.29412830e-01 -5.58401644e-01 -7.58406401e-01
    -9.87484455e-02 -1.85100913e-01 -7.88200378e-01 -7.44898140e-01
    -2.84169793e-01 -5.55098593e-01 -4.41923797e-01 -2.81981528e-01
    -4.45593178e-01 -3.34612072e-01 -4.36265886e-01 -7.48810887e-01
    -6.24770403e-01 -6.93807244e-01 -9.39028263e-01 -7.52842784e-01
    -8.55073214e-01 -1.56480968e-01 -1.70262098e-01 -7.15087593e-01
    -9.42873955e-02 -4.82725054e-01 -7.84018755e-01 -7.83593059e-01
    -3.32830548e-02 -3.80300105e-01 -2.34879613e-01 -9.88213420e-01
    -7.25390911e-01 -4.08781052e-01 -3.91052961e-02 -5.97215414e-01
    -1.61458910e-01 -5.30044615e-01 -5.06190717e-01 -5.51805854e-01
    1.63255930e-02 -1.60617948e-01 -3.76055419e-01 -7.80911803e-01
    1.53305531e-02 -4.27353501e-01 -7.82223523e-01 -8.24927807e-01
    -5.17706156e-01 -9.50127721e-01 -9.63639081e-01 -2.21494079e-01
    -1.35589957e-01 -9.46628451e-01 -3.72645259e-01 -8.70107889e-01
    -9.70110893e-02 -3.55551720e-01 -8.41138542e-01 -7.57480860e-02
    -8.21672320e-01 -3.26568484e-02 -9.40556884e-01 -3.94845486e-01
    -6.52875900e-02 -2.87425756e-01 -1.18481994e-01 -6.13155484e-01
    -8.85780513e-01 -7.55063057e-01 -7.31227934e-01 -2.00370789e-01
    -5.58303058e-01 -6.40988052e-01 -3.56241763e-01 -2.28237569e-01
    -7.95287728e-01 -1.22744679e-01 -8.96362543e-01 -6.17771864e-01
    -6.38688803e-02 -3.55914056e-01 -1.80208564e-01 -1.70471132e-01
    -6.73676133e-01 -6.75075054e-01 -5.81510663e-01 5.43690324e-02
    -5.20956039e-01 -4.98222828e-01 -3.74622941e-02 -5.86579859e-01
    -7.05441475e-01 -6.79529548e-01 -7.54144669e-01 -4.01365995e-01
    -5.29241443e-01 -4.63958621e-01 -9.17451501e-01 -2.33943284e-01
    -1.60526931e-01 -7.25680232e-01 -9.33463693e-01 -3.22619498e-01
    -1.13294184e-01 -1.82350755e-01 -8.55603695e-01 -9.08012629e-01
    -6.37114584e-01 -8.75616074e-02 -6.64442301e-01 -4.25597250e-01
    -7.40091801e-01 -3.71801257e-02 -7.13149726e-01 -8.42137694e-01
    -1.27797663e-01 -6.00284636e-01 -5.98988771e-01 -6.10607147e-01
    4.05851603e-02 -5.23479283e-01 -1.64299548e-01 -4.64049816e-01
    -2.29920924e-01 -1.86634660e-01 -2.49597132e-01 -8.94648433e-02
    -1.77832305e-01 -8.66030872e-01 -9.60513711e-01 -8.91762376e-02
    -9.29494619e-01 1.23863220e-02 -5.36862135e-01 -2.43399322e-01
    -9.10440922e-01 -8.89615417e-01 -7.19712734e-01 -4.41478610e-01
    -2.26393402e-01 -3.12029243e-01 -4.68869746e-01 -2.18381524e-01
    -7.40870237e-01 -4.79606152e-01 -3.88545215e-01 -8.69888067e-03
    -7.31230438e-01 -8.65032673e-01 2.23741531e-02 -7.11279571e-01
    -5.46026289e-01 -2.57039070e-01 -6.18903697e-01 -6.62174582e-01
    -3.33217442e-01 -8.60758841e-01 -7.09874511e-01 -7.30237603e-01
    2.67753601e-02 -5.99902034e-01 -7.42772698e-01 2.78041959e-02
    -6.99593306e-01 -9.44899082e-01 -1.13485634e-01 -6.35188222e-01
    -1.17073357e-01 -4.90617931e-01 -8.76205921e-01 -2.05043316e-01
    -2.01415062e-01 -6.82250023e-01 -1.64810479e-01 -3.88100863e-01
    -3.96887749e-01 1.89784467e-01 -5.76479554e-01 -1.29856169e-01
    -2.77008474e-01 -7.82918394e-01 -2.85978973e-01 -6.97844326e-01
    -8.40670764e-01 -2.39638567e-01 -3.91518056e-01 -1.28466666e-01
    -7.08406687e-01 1.77904963e-02 1.60785317e-02 -2.81064451e-01
    -6.76210344e-01 -6.41328454e-01 -8.57016683e-01 -8.54664624e-01
    -5.64279795e-01 -3.03951681e-01 -4.78852928e-01 -3.30366373e-01
    -1.08655214e-01 -7.08512545e-01 -6.51973486e-02 -5.91027737e-02
    -8.43976736e-02 -8.87852848e-01 -6.28969908e-01 -3.45939875e-01
    -2.98535168e-01 -7.42456257e-01 -2.45681286e-01 -1.04134119e+00
    -3.31656098e-01 -6.47183895e-01 -7.75723457e-01 -2.73431063e-01
    -7.12845922e-01 -6.18116617e-01 -5.83785653e-01 -7.35471606e-01
    -6.29984021e-01 -4.83454823e-01 -8.98209691e-01 -3.90576720e-01
    -9.54605937e-01 -9.44691658e-01 -8.27274203e-01 -2.74708271e-01
    -9.85852718e-01 -5.67275107e-01 -7.69386053e-01 -4.50057626e-01
    -8.58092308e-02 -5.06816506e-01 -2.65358031e-01 -4.22374129e-01
    -1.58634067e-01 -1.84825659e-01 -5.03265858e-01 -6.04110062e-01
    -1.26725256e-01 -5.80103874e-01 -9.32997227e-01 -8.61774087e-01
    -6.12353921e-01 -9.31132257e-01 -7.44687915e-01 -1.02096641e+00
    -5.49985349e-01 -6.83118582e-01 -3.95502925e-01 -2.09473133e-01
    -5.10844052e-01 -4.72284794e-01 -8.62260938e-01 -1.42426252e-01
    -5.52295804e-01 -7.14137316e-01 -1.11793041e-01 -4.86493647e-01
    -3.42687070e-01 -1.62951827e-01 -7.81775475e-01 -5.94555318e-01
    -2.30400562e-01 -5.29350281e-01 -3.24781418e-01 -8.74230862e-02
    -8.28260899e-01 -3.66947114e-01 -4.76123929e-01 -8.72824669e-01
    7.25952387e-02 -4.51786190e-01 -7.39525795e-01 -3.86144996e-01
    -8.45150709e-01 -4.39012468e-01 -1.53098345e-01 -4.08844411e-01
    -1.68581963e-01 -4.72193360e-01 -1.77946806e-01 -7.73221374e-01
    -8.75609934e-01 -3.10471356e-01 -4.74194229e-01 -3.78338218e-01
    -7.70531416e-01 -2.73145378e-01 -4.19337034e-01 -4.83543992e-01
    -1.08825386e-01 -6.51836336e-01 -6.54231071e-01 -6.08092308e-01
    -6.76640391e-01 -5.17388940e-01 -3.40027809e-01 -5.71779966e-01
    -3.51470947e-01 -3.98028612e-01 -6.88758016e-01 -4.71167207e-01
    -2.84724772e-01 -9.48183537e-02 -9.59071279e-01 -1.35096550e-01
    -7.06449211e-01 -7.21514583e-01 -6.31561279e-01 -5.07732153e-01
    -7.63623893e-01 -3.99727464e-01 -4.44619715e-01 -6.53464675e-01
    -2.44766533e-01 -7.37051189e-01 -4.59247947e-01 -2.38891900e-01
    -3.15554500e-01 -6.98171735e-01 -7.11248577e-01 -8.51223350e-01
    -1.90543771e-01 -7.71642625e-01 -1.83045328e-01 -6.96908474e-01
    -5.71509242e-01 -5.42987943e-01 -8.49559069e-01 -7.02812791e-01
    -2.95107424e-01 -8.29743624e-01 -4.60541666e-01 -1.64952517e-01
    -2.81756282e-01 -7.39149690e-01 -4.41980541e-01 -4.37563300e-01
    -9.00459886e-02 -9.03170824e-01 -2.76677370e-01 1.00575089e-01
    -7.22885966e-01 -4.94861066e-01 -3.94761264e-01 -3.62399220e-02
    -3.60101759e-01 -8.82261217e-01 -7.60760307e-01 -5.02259254e-01
    -8.73726547e-01 -5.85109472e-01 -1.06209576e-01 -7.01394022e-01
    -7.05983639e-02 -7.78072119e-01 -9.25469398e-01 -6.94370747e-01
    -2.89077818e-01 -5.38935542e-01 -4.06505466e-02 -8.86339068e-01
    -5.57842851e-02 -8.27338755e-01 -6.54285073e-01 -4.15898323e-01
    -8.41363788e-01 -9.32794213e-01 -8.61170709e-01 -2.28899717e-01
    -8.41446280e-01 -6.76716268e-01 -3.77899408e-03 -1.14748478e-01
    -9.08561409e-01 -4.78028774e-01 -6.20943427e-01 -8.77501249e-01
    -5.08881509e-01 -1.05962992e-01 -5.73414028e-01 -5.35224974e-01
    -4.28946912e-01 -6.42853498e-01 -2.95821190e-01 -8.77567947e-01
    -8.68394732e-01 -3.35120559e-01 -1.19715154e-01 -7.08368301e-01
    -3.42139482e-01 -1.17259324e-01 -7.59611845e-01 -9.12399054e-01
    -6.87622070e-01 -2.72303939e-01 -1.17812634e-01 -9.79512274e-01
    -2.12469280e-01 -2.27658927e-01 -2.51403153e-01 -5.79522967e-01
    -5.94733477e-01 -7.54994154e-01 -5.17596364e-01 -1.59414232e-01
    -3.07191610e-01 -6.75712585e-01 -5.81877172e-01 -8.49552989e-01
    -1.62604868e-01 -4.52687621e-01 -1.69218004e-01 -7.27481842e-02
    -5.82035780e-02 -9.46418285e-01 -7.04830527e-01 -1.45667017e-01
    -6.79233432e-01 -1.94215775e-02 -5.54665565e-01 -1.27919853e-01
    -4.49023604e-01 -3.96628082e-01 -3.97748828e-01 -7.69177437e-01
    -8.23327959e-01 1.75215304e-01 7.27057457e-04 -1.56805277e-01
    -5.48604727e-02 1.41246915e-01 -4.85837042e-01 -1.27894282e-01
    -7.39076614e-01 -1.77565217e-02 -4.11755085e-01 -1.37054145e-01
    -3.79441500e-01 -7.39063323e-01 -4.19537306e-01 -8.00698817e-01
    -6.26716018e-01 -6.67169571e-01 -9.00851250e-01 -3.75998974e-01
    -1.72531724e-01 -2.02554584e-01 -6.95402622e-02 -4.49369580e-01
    -5.25059819e-01 -3.94211769e-01 -9.87024963e-01 -8.85043502e-01
    -6.06557369e-01 -9.07473207e-01 -5.67081988e-01 -8.19957793e-01
    -2.53120422e-01 -1.75393224e-01 -5.24865389e-01 -4.64429915e-01
    -7.14804411e-01 -2.81586170e-01 -1.09399652e+00 -3.08856249e-01
    -3.68578911e-01 -3.55946898e-01 -4.67212677e-01 -8.83199215e-01
    -2.72139072e-01 -8.85463238e-01 -3.47147048e-01 -2.20331371e-01
    -6.98858559e-01 -2.34744430e-01 -6.43974900e-01 -3.45612645e-01
    -2.93538272e-01 -1.01284850e+00 -9.96094942e-02 -7.31506467e-01
    -1.36234522e-01 -9.52482641e-01 -3.13555539e-01 -6.28532946e-01
    -6.10803962e-01 -4.39758122e-01 -6.14161730e-01 -2.59083152e-01
    -7.37351298e-01 -5.59096992e-01 -8.35720062e-01 -5.29431045e-01
    -8.75738204e-01 -3.86756301e-01 -7.27115691e-01 -8.60142827e-01
    -3.80918562e-01 -2.18663335e-01 -6.04995310e-01 -5.73304057e-01
    -5.50019622e-01 -2.65048862e-01 -1.27426505e-01 -9.00982618e-01
    -9.27448392e-01 2.01100707e-02 -5.64215183e-01 -1.85491323e-01
    -8.14796686e-01 -6.18706822e-01 -6.59130335e-01 -3.94179344e-01
    -8.57556581e-01 -9.53027368e-01 -5.63714564e-01 -8.17554116e-01
    -2.51340389e-01 -9.29641724e-01 -6.63088083e-01 -1.02501225e+00
    -3.37639153e-01 -3.25961828e-01 -2.81202137e-01 -2.00187922e-01
    -6.13589823e-01 -5.58323443e-01 -7.33447313e-01 -7.24044204e-01
    -9.38618779e-02 -4.18527484e-01 -5.55304587e-01 -1.49480760e-01
    -8.43640566e-02 -7.77369916e-01 -7.71603227e-01 -4.93936151e-01
    -7.67309666e-01 -9.94715691e-02 -4.10616994e-01 -2.93218017e-01
    -1.06359959e-01 -4.37701344e-01 -4.63369787e-01 -4.72134769e-01
    -5.67920804e-01 -3.78344059e-01 -4.57006156e-01 -5.62953711e-01
    -3.14056873e-01 -7.04837441e-02 -2.14384794e-02 -7.19349086e-01
    -9.93321538e-01 -9.49740410e-02 -5.15313506e-01 -6.56109333e-01
    -5.68219185e-01 -4.75046217e-01 -4.27082777e-01 -7.35893011e-01
    -8.07061672e-01 -1.61508203e-01 -5.39425015e-02 -4.46665764e-01
    -2.12012649e-01 -8.58116388e-01 -3.14666331e-01 -6.89553380e-01
    -1.81069613e-01 -6.43066108e-01 -1.65837824e-01 -3.58547211e-01
    -8.27175975e-01 -4.21620429e-01 -9.68294442e-01 -3.88456583e-02
    -5.14558554e-01 -7.30201483e-01 -4.05293226e-01 -6.08488917e-01
    -6.38831258e-01 -3.96892786e-01 -6.75995767e-01 -5.03484190e-01
    -6.36528969e-01 -6.46950960e-01 -1.61379337e-01 -7.44678259e-01
    -5.72499275e-01 -1.92572236e-01 -7.26730943e-01 -4.31502104e-01
    -8.59642148e-01 -7.08580017e-01 -4.34219211e-01 -3.62450719e-01
    -7.19252765e-01 -8.22357535e-01 -9.07076001e-02 -4.06763136e-01
    -3.36201847e-01 -5.21289945e-01 -3.63460183e-02 -5.41464329e-01
    -1.07483089e-01 -3.70911360e-02 -9.32149172e-01 -5.09672582e-01
    -4.24239635e-02 -9.34746027e-01 -4.26254511e-01 -2.31723785e-02
    -7.62276053e-02 -5.80967188e-01 -1.48583293e-01 -5.35704076e-01
    -8.98250103e-01 -4.82073456e-01 -7.38104105e-01 -5.05766749e-01
    -2.06105888e-01 -4.52080250e-01 -8.59116912e-02 -5.99333942e-01
    -3.97478223e-01 -5.97121537e-01 -8.24836433e-01 -8.46297145e-01
    -1.94451213e-01 -4.31213379e-01 -4.89021659e-01 -7.25568891e-01
    -6.41601682e-01 -7.77614594e-01 -3.69687140e-01 -2.69046962e-01
    -8.77677023e-01 -2.70580053e-02 -8.27753544e-03 -4.99381393e-01
    -2.32020736e-01 -4.04264450e-01 -2.26509213e-01 -1.45637453e-01
    -8.68640542e-01 -8.58117342e-02 -2.30845332e-01 -1.99811220e-01
    -2.16910839e-01 -2.73383021e-01 -7.94953108e-01 -7.95429170e-01
    -3.43527138e-01 -6.65058434e-01 -9.05285478e-01 -8.79021287e-02
    -7.80088186e-01 -5.83816051e-01 -4.01983738e-01 -5.52433848e-01
    -5.22653878e-01 -1.72981977e-01 -5.37545204e-01 -8.54509652e-01
    -7.39624202e-01 -1.59999013e-01 -1.65301561e-02 -9.14885402e-01
    -8.53216112e-01 -9.14733589e-01 -4.16692495e-01 -5.46029627e-01
    -6.16667151e-01 -5.76940179e-01 -4.17705774e-02 -9.00366187e-01
    -8.35282803e-02 -1.16015077e-02 -7.18959451e-01 -4.63442951e-01
    -6.42555237e-01 -7.57954538e-01 -7.06785917e-03 -2.03195512e-01
    2.05962002e-01 -5.45182467e-01 -5.97088039e-01 -1.28120542e-01
    -2.13649511e-01 -7.59697556e-02 -8.76259267e-01 -7.46470153e-01
    -7.09202528e-01 -5.49869537e-01 6.74886703e-02 -4.06707197e-01
    -5.67763329e-01 -8.05694103e-01 -5.81117690e-01 -1.27190351e-03
    -3.72768879e-01 -7.96269655e-01 2.41228342e-02 -8.50659490e-01
    -5.24435282e-01 -7.35658169e-01 -5.45120478e-01 -6.69384301e-01
    -4.73384261e-01 -6.66801333e-01 -6.90343082e-01 -4.83463883e-01
    -2.73830354e-01 -2.80447006e-01 -1.66075706e-01 -3.61918211e-01
    -2.29537725e-01 -1.03309524e+00 -3.87422442e-01 -2.55542397e-01
    -4.67830300e-01 -9.02894735e-01 -7.42310047e-01 -9.82579112e-01
    -6.40234113e-01 -1.80932224e-01 -7.36458302e-02 -8.65579844e-01
    -5.39409518e-02 -4.55168068e-01 -9.52882290e-01 -3.01577210e-01
    -5.70595145e-01 -2.57840395e-01 -6.40508890e-01 -3.09000731e-01
    -7.46795356e-01 -7.19356060e-01 -7.53929853e-01 -9.56369638e-02
    -6.40070319e-01 -9.33351815e-01 -8.00843954e-01 -2.86080778e-01
    -8.32111478e-01 -7.86466837e-01 -4.01556611e-01 -2.94857383e-01
    -1.60501599e-02 -2.75980830e-01 -4.83728647e-02 -5.26307046e-01
    -7.02459395e-01 -1.82791114e-01 -3.59412432e-01 -2.66249359e-01
    -6.78131521e-01 -3.59081626e-01 -7.17653632e-01 -9.29710627e-01
    -2.66390145e-01 -8.75870287e-01 -6.75558209e-01 -1.26259565e-01
    -4.32107329e-01 3.08741927e-02 -8.06804538e-01 -5.32943368e-01
    8.85349512e-03 -5.59974670e-01 -4.35463667e-01 -9.43347573e-01
    -3.60729754e-01 -6.92119181e-01 -1.81824088e-01 -7.62554288e-01
    -1.73153520e-01 -9.62172210e-01 4.40528393e-02 -8.35668683e-01
    -6.74927950e-01 -3.38562548e-01 -1.90800190e-01 -2.09143281e-01
    -2.70302832e-01 -3.11866403e-02 -2.56942451e-01 -7.80440807e-01
    -6.45956635e-01 -6.61411107e-01 -3.55226219e-01 -4.78539169e-01
    -8.18376243e-01 -6.10411167e-03 1.33568048e-02 -9.33591127e-01
    -2.64052093e-01 -2.17892349e-01 -7.52869844e-01 -8.91661704e-01
    1.95065141e-02 -6.79495811e-01 -8.48947644e-01 -3.47262740e-01
    -7.65133739e-01 -5.59767663e-01 -2.26783931e-01 -8.14356983e-01
    -6.97690606e-01 -2.89987147e-01 -4.12689388e-01 -5.28014600e-01
    -3.55923116e-01 -6.92717314e-01 -6.10000968e-01 -9.81758714e-01
    -5.77074766e-01 -7.74935007e-01 -1.82190716e-01 -4.56833541e-01
    -6.53845072e-01 -8.89519393e-01 -7.27831483e-01 -7.12698340e-01
    -4.31679875e-01 -1.94300890e-01 -5.42824030e-01 -8.95347834e-01
    -2.22739935e-01 -4.11906302e-01 -8.96470547e-02 -9.89118516e-01
    -6.64729714e-01 -3.50819528e-01 -2.28099227e-01 -5.21003842e-01
    -6.64954901e-01 -8.69207144e-01 -7.46556878e-01 -5.49425244e-01
    -8.96707773e-02 -3.55890274e-01 -8.41617346e-01 -2.54965007e-01
    -2.01090693e-01 -3.74853611e-03 -7.50485837e-01 -1.95555210e-01
    6.86722994e-03 -1.07570410e-01 -5.87652266e-01 -7.44334817e-01
    -8.11049342e-01 -7.47089744e-01 -5.30975819e-01 -2.30270207e-01
    -2.32380629e-03 -7.59897590e-01 -5.82198858e-01 -2.33583927e-01
    -3.87352228e-01 -2.21803069e-01 -6.57979727e-01 -5.31744719e-01
    -7.42503226e-01 -4.68170762e-01 -5.87490559e-01 -2.50907838e-01
    -3.29300463e-01 -5.63717127e-01 -1.27756417e-01 -3.91676068e-01
    -5.00450611e-01 -6.79557860e-01 -1.88463092e-01 -5.20826936e-01
    -7.53809035e-01 2.03757882e-02 -5.12336195e-01 -3.18871737e-01
    -2.81900287e-01 -4.95951265e-01 -8.84120822e-01 -3.36000323e-02
    -7.90612221e-01 -2.46206045e-01 -2.48253703e-01 -7.33500838e-01
    -8.06926966e-01 -4.31244135e-01 -6.37681186e-01 -3.79550457e-03
    -9.28557038e-01 -1.80390716e-01 -2.71124899e-01 -1.56236827e-01
    -8.08757901e-01 -2.43225336e-01 -9.80417490e-01 -4.93804872e-01
    -1.01935649e+00 -5.26112974e-01 -1.05314040e+00 -2.84324527e-01
    -5.06806672e-01 -2.47071028e-01 -9.32381094e-01 -2.31707573e-01
    -9.25585151e-01 -3.46336603e-01 -9.32416201e-01 -1.01660907e-01
    -2.67454505e-01 -5.66730499e-02 -7.16000259e-01 -7.79640973e-01
    -1.52683973e-01 -3.10363770e-02 -6.52795911e-01 -1.73726201e-01
    -8.25262487e-01 -2.67782450e-01 -2.54250765e-01 -1.57951474e-01
    -7.49103308e-01 -7.89531052e-01 2.83272862e-02 -4.91114557e-01
    -1.94795668e-01 -4.89787519e-01 -4.92765814e-01 -2.03687370e-01
    -6.29224658e-01 -9.34126973e-01 -1.03902936e-01 -9.56928730e-01
    -1.29961252e-01 -1.45614147e-03 -2.59958178e-01 -7.80315995e-02
    -1.94051713e-01 -2.59998441e-02 -4.51749891e-01 -4.66239095e-01
    -3.26702952e-01 -5.64890146e-01 -6.70259237e-01 -4.50789541e-01
    2.76830196e-02 -6.42864227e-01 -6.84054017e-01 -2.89032102e-01
    -3.64492357e-01 -2.04222083e-01 -8.67582381e-01 -6.88715398e-01
    -1.95454359e-01 -5.67647219e-02 -5.62212706e-01 -4.82995510e-02
    -3.96316886e-01 -7.41249800e-01 -4.31936979e-02 -2.17399240e-01
    -9.12903070e-01 -3.97805572e-01 -7.66947567e-01 -8.44294429e-01
    -5.24690211e-01 -6.60735190e-01 -8.60712051e-01 -9.13427949e-01
    -7.89320111e-01 -2.21154571e-01 -5.34341097e-01 -7.10215569e-01
    -2.17109501e-01 -2.78779745e-01 -6.91185176e-01 -1.62675858e-01
    -7.10546017e-01 -6.10803008e-01 -1.85355663e-01 -1.01388955e+00
    -1.06153178e+00 -6.97612226e-01 -2.04476237e-01 -6.26912475e-01
    -5.68343461e-01 -2.18250990e-01 -5.53121567e-02 -2.73216724e-01
    -9.14040804e-02 -7.89380074e-03 -3.17820609e-01 -9.42587912e-01
    -2.77359486e-01 -9.17482615e-01 -1.39864624e-01 5.85138798e-03
    -2.85598278e-01 -4.31240201e-01 -8.61474156e-01 -2.99802423e-02
    -7.40724802e-01 -8.41229677e-01 -1.98559523e-01 -3.14055026e-01
    2.25943327e-03 -8.14526677e-02 -3.23100865e-01 -4.03451741e-01
    -2.04210103e-01 -3.45848858e-01 -3.50466430e-01 -4.54474449e-01
    -6.96859598e-01 -6.37632370e-01 -8.16374183e-01 -8.57516885e-01
    -2.67755568e-01 -4.50753421e-01 -8.65636826e-01 -8.55767012e-01
    8.01368356e-02 -1.97317958e-01 -8.49426806e-01 -4.49186265e-01
    -3.37225318e-01 -2.48587489e-01 -1.62847519e-01 -4.92640793e-01
    -8.21632385e-01 -7.23472834e-02 -8.10456753e-01 -5.12365103e-02
    -7.05878854e-01 -1.25730932e-01 -3.49738419e-01 -8.09978843e-01
    -5.01042724e-01 -3.70035768e-02 -2.91377902e-01 -4.86295700e-01
    -3.45196664e-01 -8.04786921e-01 -6.22281551e-01 -3.33759934e-01
    -2.57031381e-01 -3.60947847e-03 -2.50383139e-01 -8.98963451e-01
    -7.99628139e-01 -8.64184737e-01 -5.23227930e-01 -2.61684120e-01
    -8.44506025e-01 -1.15320444e-01 -8.97789299e-01 -5.24508715e-01
    -3.31218302e-01 -5.51455855e-01 -5.21035790e-01 -9.32025909e-02
    -5.32938361e-01 -7.78904378e-01 -4.13788021e-01 -2.90330052e-01
    -1.71898603e-01 -4.69304979e-01 -4.89528060e-01 -1.38319492e-01
    -7.60779560e-01 -3.37306738e-01 -9.73045826e-03 -1.03152812e-01
    -6.47352815e-01 -7.72863030e-02 -7.66111016e-01 -6.27304256e-01
    -4.62743849e-01 -5.38350105e-01 -8.23244870e-01 -4.76391077e-01
    -2.77797341e-01 -9.62908149e-01 -8.15503597e-02 -5.85446358e-02
    -6.13239050e-01 -3.58724535e-01 -8.12115788e-01 -1.68525517e-01
    -6.89952970e-02 -4.72728699e-01 -2.41042733e-01 1.47928596e-02
    -2.38277376e-01 -3.81059229e-01 -4.50231612e-01 -7.85108089e-01
    -8.61284852e-01 -4.07127082e-01 -7.84075320e-01 -5.08000314e-01
    -4.23431128e-01 -8.01728666e-01 -2.37639666e-01 -4.03380156e-01
    -1.60644710e-01 -4.64539528e-02 -4.34803367e-01 -6.65309608e-01
    -3.09684634e-01 -7.58673966e-01 -8.51767778e-01 -3.97319317e-01
    -5.00345588e-01 -1.46759093e-01 -7.78074026e-01 -1.34554744e-01
    -4.31656361e-01 -7.03850269e-01 -2.57602215e-01 -9.20556009e-01
    -1.45093381e-01 -7.96719193e-01 -1.92037046e-01 -7.23714232e-01
    -3.21336269e-01 -1.13783598e-01 -1.74061120e-01 -5.95706582e-01
    -6.83319211e-01 -3.04376245e-01 -1.39907598e-01 -6.72394991e-01
    -3.71675014e-01 -5.39454520e-01 -3.08983922e-01 -3.38166058e-01
    -8.88192952e-01 -5.89245737e-01 -5.02584934e-01 -1.64410174e-01
    -4.54368711e-01 -5.04313886e-01 -8.31676662e-01 -1.17055953e-01
    -3.30418110e-01 -8.19601297e-01 -8.40280890e-01 -5.58884203e-01
    -7.41018534e-01 -9.20843780e-01 -9.67793345e-01 -2.33313680e-01
    -3.35367322e-01 -6.35490417e-02 -1.55445576e-01 -9.40788984e-01
    -1.03994012e+00 -3.71819735e-01 -1.28691077e-01 -6.00672483e-01
    -5.50209880e-02 -9.27598000e-01 -7.16648936e-01 -2.15076089e-01
    -1.65353596e-01 -9.66539800e-01 -2.42122650e-01 -5.23165762e-01
    -4.68548775e-01 -5.01372218e-01 -2.44744003e-01 -9.24579382e-01
    -5.44945717e-01 -1.50753975e-01 -3.59338403e-01 -3.88796329e-02
    -5.67003906e-01 -1.11095309e-02 -5.62355578e-01 -8.44529092e-01
    -8.61463189e-01 -3.90386283e-01 -9.48273063e-01 -7.82801747e-01
    -6.26907706e-01 -8.46695602e-01 -6.26685798e-01 -3.63852978e-02
    -3.42848420e-01 -7.52494097e-01 -3.63598347e-01 2.01060772e-01
    2.30453670e-01 -1.74875557e-01 -6.75519705e-02 -5.66946268e-02
    1.65831327e-01 -2.61537313e-01 -2.73769617e-01 -1.34693205e-01
    -7.19877362e-01 -6.10449791e-01 -6.54607773e-01 -4.32335675e-01
    2.02714205e-02 -6.97174668e-02 1.81134343e-02 -5.74830949e-01
    -2.84798443e-01 -1.88922167e-01 -5.78022480e-01 -6.39066458e-01
    -2.12127924e-01 -3.59250128e-01 -4.97367740e-01 -5.30990958e-01
    -1.28645062e-01 -8.25093389e-02 -5.35748839e-01 -4.92894530e-01
    -8.72945666e-01 -6.44990206e-02 -7.46460259e-01 -3.47837508e-01
    -5.98886549e-01 -3.13422263e-01 -8.87391090e-01 -8.74733925e-01
    -4.39315796e-01 -1.80459559e-01 -3.05013061e-01 -1.00850308e+00
    -2.74559498e-01 -9.13346410e-01 -3.28920007e-01 -1.35141373e-01
    -3.02941322e-01 -7.29357421e-01 -9.64649916e-02 -6.54843807e-01
    -6.38835788e-01 -2.28964329e-01 -6.09051108e-01 -8.98952544e-01
    -2.55666733e-01 -8.26956630e-01 -4.11944807e-01 -1.72658563e-01
    -5.74105978e-03 -3.01130235e-01 -2.73307443e-01 -6.64689362e-01
    -5.13578176e-01 -3.43750656e-01 -7.86854029e-01 -4.03526038e-01
    -5.27849555e-01 -8.66168976e-01 -9.10849214e-01 -2.46411145e-01
    -6.86576605e-01 -8.08316112e-01 -4.67454016e-01 -8.76526713e-01
    -3.54191661e-02 -7.13920355e-01 -6.84034169e-01 -6.34929180e-01
    -1.98886156e-01 -5.83702922e-02 -6.34004593e-01 3.45721841e-02
    2.46107578e-04 -9.26586628e-01 -4.31853145e-01 -8.93287659e-01
    -3.90134811e-01 -7.52286136e-01 -2.59090543e-01 -5.79150558e-01
    -8.28380883e-01 -3.94396305e-01 -6.07453883e-01 -7.71418214e-02
    -9.87427235e-02 -9.12188411e-01 -9.35934782e-01 -4.05952930e-01
    -4.41341013e-01 -4.99713838e-01 -3.68556678e-01 -5.96415460e-01
    -9.57865357e-01 -8.21437001e-01 -4.67053324e-01 -2.08554268e-02
    9.99858975e-02 -3.81582081e-01 -6.90297127e-01 -6.78043544e-01
    -7.35337496e-01 4.76650596e-02 -6.64600849e-01 -7.07801223e-01
    -5.98296404e-01 -2.06513166e-01 -4.72553074e-01 -5.39136887e-01
    -6.84851885e-01 -2.55079687e-01 -1.35295093e-01 -1.03224695e-01
    -4.34480309e-01 -4.81806427e-01 -1.92211986e-01 1.72364712e-03
    -4.54639077e-01 -2.17323303e-01 -9.87336814e-01 -2.06959784e-01
    -3.65292132e-01 -1.11782527e+00 -4.84994650e-01 -1.38973296e-01
    -7.10542917e-01 -9.38978791e-01 -6.30499005e-01 -1.37912691e-01
    -6.64180934e-01 -6.53003633e-01 -5.93346655e-01 -8.36732626e-01
    -2.73817539e-01 -4.02162611e-01 -4.66022134e-01 -7.82147050e-01
    -1.01330423e+00 -2.58647084e-01 -5.84618986e-01 -4.48682368e-01
    -2.90410757e-01 -8.35489392e-01 -3.55116725e-02 -9.96450007e-01
    -2.61949778e-01 -6.28274620e-01 -5.93905210e-01 -6.09333456e-01
    -1.83619559e-01 -2.43777514e-01 -6.88306689e-01 -5.78796625e-01
    -7.90069818e-01 -2.19981670e-01 -7.18437672e-01 -7.63586164e-01
    -8.67957175e-01 -8.70570123e-01 -5.94612420e-01 -4.37826335e-01
    -7.59947300e-01 -3.27896476e-02 -5.35342813e-01 -8.69373024e-01
    -2.34032512e-01 -2.45978296e-01 -8.58066678e-01 -5.82420826e-02
    -8.41524243e-01 -9.27733421e-01 -4.01934505e-01 -5.64013958e-01
    -2.60543585e-01 -4.15472090e-01 -8.85423183e-01 -7.53025055e-01
    -8.95022094e-01 -3.04921806e-01 -8.60741496e-01 -9.80979204e-02
    -3.84130180e-01 -7.83909917e-01 -6.83452547e-01 -5.41809320e-01
    -4.86464620e-01 -5.82051933e-01 -3.03479552e-01 -7.47365952e-02
    -3.46774757e-01 -8.90224457e-01 -4.03308451e-01 -7.07682133e-01
    -2.01770306e-01 -1.26535773e-01 -8.93284619e-01 2.34693289e-03
    -3.08309674e-01 -7.53103614e-01 -3.94145727e-01 -4.86568570e-01
    -1.55309439e-01 -6.08254313e-01 -3.81000638e-02 -1.19825602e-02
    -3.63043010e-01 -2.11938441e-01 -3.10379505e-01 -7.64510632e-01
    -8.33166003e-01 -7.59049296e-01 -7.20446825e-01 -2.56716967e-01
    -6.03253841e-01 -9.73374248e-02 -9.17774916e-01 -9.16732430e-01
    -1.00336301e+00 -2.08018780e-01 -5.29990911e-01 -1.88972712e-01
    -6.96486592e-01 -3.96370947e-01 -7.03299642e-01 -7.91981578e-01
    -8.94798040e-02 -4.68986273e-01 -6.84445500e-01 -5.60325146e-01
    -3.14289808e-01 -4.90082026e-01 -6.44041777e-01 -2.27008641e-01
    -7.79938102e-01 -5.99713802e-01 -6.99326217e-01 -2.69311249e-01
    -3.68775368e-01 -1.34490073e-01 -3.25905502e-01 -6.55806959e-01
    -4.71591353e-01 -2.21612692e-01 -6.21925294e-01 -4.50465620e-01
    -4.60228622e-01 7.57967234e-02 -7.78352261e-01 -5.41434288e-01
    -3.07259411e-01 1.89614296e-02 -5.58986902e-01 -4.77248669e-01
    -6.46991014e-01 -6.85808778e-01 -6.83501720e-01 2.08377481e-01
    -2.13817179e-01 -3.37383687e-01 -7.05955863e-01 1.02897704e-01
    -6.95542574e-01 -1.59831643e-02 -6.40087843e-01 -6.78484142e-01
    -7.06443191e-01 -3.49000633e-01 -8.45898390e-01 -8.11191559e-01
    -6.56557143e-01 -6.39776647e-01 -9.65013802e-01 -8.93274665e-01
    -2.82141566e-01 -1.70348644e-01 -3.22406650e-01 -1.57232463e-01
    -6.58140540e-01 -7.03524947e-01 -7.32850194e-01 -8.42870712e-01
    -3.37153494e-01 -5.56899905e-02 -2.65539408e-01 -8.71846080e-01
    -3.94174874e-01 -7.16803312e-01 -1.26438498e-01 -9.24285412e-01
    -1.72728300e-01 -7.60944486e-01 -6.29055798e-01 -9.74395096e-01
    -2.90220439e-01 -3.98038089e-01 -8.73474300e-01 -4.27879453e-01
    -7.36411870e-01 -4.45267677e-01 -4.36923862e-01 -7.28455782e-01
    -6.60004556e-01 -6.08109713e-01 -7.54487276e-01 -3.69238436e-01
    -2.45528162e-01 -5.64233184e-01 -4.61741686e-01 -6.91346169e-01
    -6.95181370e-01 -3.30075622e-01 -2.17002392e-01 -3.25813651e-01
    7.82199502e-02 -8.05735886e-01 -2.42422879e-01 4.61863875e-02
    -3.86967540e-01 -3.24619234e-01 -4.58069444e-02 -9.36402977e-01
    -8.32052946e-01 -8.67911577e-01 -3.63588333e-06 -7.44186163e-01
    -5.92505813e-01 -8.04526329e-01 -3.81489992e-02 -6.79578662e-01
    -1.49831176e-01 -2.38481283e-01 -5.17169595e-01 -6.68307304e-01
    -5.86740494e-01 -3.78693342e-02 -4.11495328e-01 -3.78296375e-02
    -6.30614579e-01 -3.74640286e-01 -5.31846106e-01 -7.80314803e-01
    -6.48439586e-01 -3.60625744e-01 -6.33785784e-01 -1.64659798e-01
    -8.76052260e-01 -6.90181851e-01 -8.05344343e-01 -2.25663424e-01
    -5.43480396e-01 -3.73359621e-01 -8.76214266e-01 -8.35747957e-01
    5.54255247e-02 -6.27892494e-01 -3.78091067e-01 -6.82143092e-01
    -5.34351468e-01 -2.51312613e-01 -3.97388756e-01 -3.49817514e-01
    -6.60669982e-01 -9.64510441e-02 -5.91474831e-01 -3.36371779e-01
    -7.28322148e-01 -8.05600286e-02 -1.06781542e-01 -7.10617542e-01
    -5.66671848e-01 -7.38069713e-01 -7.21514165e-01 -8.45241547e-01
    -6.61719322e-01 -8.65624547e-02 -5.07289469e-01 -5.64397931e-01
    -3.09311271e-01 -3.76210093e-01 -1.81850195e-01 -1.95550919e-01
    -2.46493638e-01 -8.80871713e-01 -2.50940084e-01 -4.89773035e-01
    -3.49347770e-01 -9.43122625e-01 -7.31452942e-01 -2.38909245e-01
    -3.00142050e-01 -3.51308703e-01 -8.02961946e-01 -8.58787596e-01
    -1.61922634e-01 -1.13038123e-01 -4.94282603e-01 -1.82680845e-01
    -1.54173553e-01 -3.16168070e-01 -6.88203871e-01 -1.06563687e-01
    -2.29130566e-01 -2.41452277e-01 -2.23609507e-01 -9.88072157e-02
    -1.31963193e-01 -9.50902224e-01 -4.41603839e-01 -3.20244908e-01
    -7.95340180e-01 -4.29587543e-01 -1.18214488e-01 -3.89885843e-01
    -5.29979706e-01 -2.54657269e-02 -3.08962464e-01 -3.00287306e-01
    -8.52395296e-01 -5.23604751e-02 -7.25933075e-01 -7.77234793e-01
    -1.50944591e-01 -1.58998847e-01 -2.60552227e-01 -4.01939869e-01
    -8.29478621e-01 -1.95421219e-01 -2.10832596e-01 -4.99741077e-01
    -3.52113068e-01 -9.25771594e-02 -7.02588975e-01 -6.09147072e-01
    -2.77471900e-01 -6.53857231e-01 -8.66820812e-02 -3.60392392e-01
    -7.99155891e-01 -2.60370314e-01 -5.07963598e-01 -7.49109387e-01
    -8.81826639e-01 -7.05472112e-01 -8.13162804e-01 -8.34283113e-01
    -3.06161225e-01 -2.84223735e-01 -9.65741456e-01 -3.58173907e-01
    -6.36773586e-01 -2.89284706e-01 -3.92405093e-01 -4.77096438e-02
    -1.45618081e-01 -6.15532637e-01 -7.94245839e-01 -4.95465934e-01
    -1.16074264e-01 -7.55377650e-01 -5.92826724e-01 -8.62130046e-01
    -6.18647337e-01 -8.45423579e-01 -3.46922874e-03 -7.26617575e-02
    -1.64293766e-01 -6.73238873e-01 -1.78989410e-01 -7.44642854e-01
    -1.38340414e-01 -2.05026209e-01 -2.63321221e-01 -4.06517744e-01
    -1.49627328e-01 -9.21160638e-01 -9.15475011e-01 -3.12273026e-01
    -3.08396816e-01 -2.52073467e-01 -2.08534241e-01 -9.92861629e-01
    -3.20097804e-01 -4.20954943e-01 -9.45846379e-01 -9.65089321e-01
    -2.40910232e-01 -3.57784748e-01 -6.22454286e-01 -6.25727952e-01
    -7.88460255e-01 -6.16421282e-01 -2.61479855e-01 -1.69798791e-01
    -3.11982989e-01 -8.10008883e-01 -4.35176909e-01 -1.58969164e-02
    -4.40968215e-01 -2.62197196e-01 -2.56412029e-01 -4.13313568e-01
    -1.24229968e-01 1.20153427e-02 -1.69295907e-01 2.99427450e-01
    -2.79679745e-01 -4.09212977e-01 -4.50598687e-01 -7.10373938e-01
    -6.83375239e-01 -3.40534031e-01 -7.01535702e-01 -7.10941553e-02
    -5.41776896e-01 -6.47305965e-01 -2.66457796e-01 -7.53171921e-01
    -8.21737051e-01 -8.26403856e-01 -2.51896679e-01 -7.33110785e-01
    -6.66851640e-01 -2.02928662e-01 -4.42781478e-01 -5.93951881e-01
    -3.34758699e-01 -4.46162045e-01 -2.40503669e-01 -7.04114974e-01
    -1.49187148e-01 -5.72348833e-01 -5.26658952e-01 -7.31846511e-01
    -4.98312354e-01 -1.78873479e-01 -5.79449534e-02 -7.83033967e-01
    -4.73434389e-01 -3.30569208e-01 -8.80917728e-01 -7.94524729e-01
    -3.55661988e-01 -1.05035233e+00 -7.23650932e-01 -7.21217394e-01
    -6.97118044e-01 -5.04953742e-01 -6.25498831e-01 -3.56188178e-01
    -1.57498121e-01 -8.58021438e-01 -7.61970818e-01 -2.85538018e-01
    -6.57439053e-01 -2.02823222e-01 -3.55404198e-01 -8.45995605e-01
    -4.77216691e-01 -7.53025293e-01 -7.22728908e-01 -3.31273794e-01
    -6.69550896e-01 -3.06760073e-02 3.39891911e-02 -9.08262670e-01
    -8.46682966e-01 -8.14742565e-01 -2.27985620e-01 -8.28837037e-01
    -3.64008725e-01 -6.72795832e-01 -6.23214424e-01 -5.18877447e-01
    -4.68301326e-01 -7.78357387e-01 -7.19820619e-01 -7.22115636e-02
    -5.16493618e-01 -4.92819190e-01 -1.22406900e-01 -4.01077986e-01
    -6.09863877e-01 -2.27736592e-01 -8.22283924e-01 -4.58513796e-01
    -6.51761293e-02 -2.61947870e-01 -5.86094856e-01 -2.27918208e-01
    -4.60350394e-01 -3.56021225e-01 -4.13805366e-01 -8.97776127e-01
    -5.78177691e-01 -1.82105601e-01 -5.83717346e-01 -3.22395563e-02
    -5.02296090e-01 -4.37258840e-01 -3.39279771e-01 -6.81474090e-01
    -5.30343950e-01 -3.34740102e-01 -2.23374307e-01 -3.71273100e-01
    -1.80755854e-02 -5.10304809e-01 -6.84071183e-01 -5.32788873e-01
    -1.61297798e-01 -6.11186743e-01 -7.27519810e-01 -5.22944748e-01
    -6.53363109e-01 8.93611312e-02 -6.16919696e-01 -1.76343739e-01
    -7.57556677e-01 -5.42277396e-01 -9.36870396e-01 -2.94727027e-01
    -2.64823914e-01 -2.62394965e-01 -1.20359600e-01 -3.24666679e-01
    -6.54829919e-01 -7.54305005e-01 -6.39141321e-01 -7.10145831e-01
    3.57002020e-03 -3.40938330e-01 -5.64365983e-01 -5.71064115e-01
    -3.79675508e-01 -5.08631289e-01 -1.51713908e-01 -4.00080204e-01
    -8.30860734e-01 -8.59041572e-01 -5.49923658e-01 -2.72133589e-01
    -5.53767920e-01 -4.87791300e-02 -4.40635681e-01 -2.40249634e-01
    -1.14771545e-01 -2.63453960e-01 -7.20885396e-02 -1.93001449e-01
    -3.96295190e-01 -1.52307630e-01 -6.49766564e-01 -7.47186303e-01
    -7.17788935e-01 -7.79548466e-01 -1.46404028e-01 -8.14575911e-01
    -8.44029188e-01 -9.02228117e-01 -4.40795183e-01 -5.12000442e-01
    -9.21196699e-01 -9.04672027e-01 -5.40084481e-01 -3.08936834e-02
    -6.22328997e-01 -3.82438302e-02 -1.83744788e-01 -8.35324883e-01
    -7.56748497e-01 -9.49429214e-01 -4.43243384e-02 -7.19219089e-01
    -5.05691767e-02 -5.59416294e-01 -6.95874453e-01 -2.27279961e-01
    -7.27877080e-01 -1.82034850e-01 -7.77568936e-01 -1.80692792e-01
    -3.91391516e-01 -3.95023584e-01 -9.10690188e-01 -7.88900256e-02
    -6.38635993e-01 -5.11099100e-01 -2.38325655e-01 -6.47210240e-01
    -1.51696920e-01 -3.63301337e-01 -6.77416444e-01 -4.43689346e-01
    -1.96541190e-01 -6.89553022e-02 8.37320089e-03 -6.51170731e-01
    -5.50927758e-01 -7.21272826e-01 -2.11414695e-02 -4.38117206e-01
    -3.95076036e-01 -2.22964883e-01 -5.92661262e-01 -8.31959844e-02
    -5.33227623e-01 -4.60337341e-01 -7.07558990e-02 -3.81061614e-01
    -5.16222715e-02 -7.68920779e-01 -6.73604488e-01 -1.52157485e-01
    -1.08676910e-01 -2.97100008e-01 -1.94191456e-01 -8.31154346e-01
    -7.27710903e-01 -7.35191882e-01 -3.73653829e-01 -1.70802593e-01
    -4.63002563e-01 -3.16030443e-01 -6.51601374e-01 -8.70441914e-01
    -5.62151194e-01 -3.72904658e-01 -4.70393538e-01 -1.03576660e-01
    -1.93518400e-01 -3.89283061e-01 -5.83370566e-01 -3.62486303e-01
    -3.92434537e-01 -6.94645286e-01 -3.04440796e-01 -6.58170581e-02
    -6.75143421e-01 -2.59292543e-01 -8.90935898e-01 -4.70067173e-01
    -8.53321731e-01 -5.98162413e-01 -3.96450520e-01 -7.70093679e-01
    -6.91619515e-01 -8.17801356e-02 -5.86668789e-01 -7.80415595e-01
    -7.75546432e-02 -7.43941426e-01 -4.17766273e-01 -7.39182234e-01
    -5.49619794e-01 -5.07880867e-01 -1.94424212e-01 -2.77086496e-02
    -8.96008253e-01 -8.37714076e-02 2.54077911e-02 -1.09269381e-01
    3.09504569e-01 -4.50188518e-02 -5.04284084e-01 -1.70712292e-01
    -6.05748296e-02 -2.13951230e-01 -5.82286060e-01 -7.26605058e-01
    -5.35238504e-01 -6.07060850e-01 -3.97864938e-01 1.51945055e-01
    -4.36959803e-01 -5.11952341e-01 -1.41111374e-01 -5.70852399e-01
    -6.34433389e-01 -5.34136534e-01 9.80583429e-02 -6.13182724e-01
    -9.15613174e-01 -1.92484498e-01 -4.98426676e-01 -1.29464447e-01
    -2.44345009e-01 -4.78100717e-01 -8.23546410e-01 -6.06374383e-01
    -4.30897176e-01 -5.00854254e-02 -6.98783875e-01 -5.84818184e-01
    -5.19060254e-01 -4.97354597e-01 -4.50220138e-01 -6.54387474e-02
    -1.10025406e-02 -3.61953616e-01 -8.07943821e-01 -6.44705594e-01
    -1.36579752e-01 -2.02297211e-01 -1.94808841e-01 -3.87910604e-01
    -6.02373660e-01 -4.38837171e-01 -4.71494019e-01 -3.56392622e-01
    -3.20564389e-01 -6.64784908e-02 7.26598501e-03 -6.69481158e-01
    -7.62392998e-01 1.22156858e-01 -4.85911191e-01 -3.46197069e-01
    5.47611713e-03 -3.86794746e-01 -8.91618371e-01 3.27380300e-02
    -1.78869188e-01 -7.86091685e-02 -4.31061447e-01 -6.21033967e-01
    -2.11263657e-01 -2.48133957e-01 -4.32455719e-01 -5.32105565e-02
    -3.60229135e-01 -7.54953563e-01 -3.82651925e-01 -4.16711450e-01
    -5.64595699e-01 -1.58429861e-01 -3.42007399e-01 9.70008373e-02
    -5.25193334e-01 -7.34407544e-01 -7.15398788e-03 -5.90004325e-01
    -6.81128860e-01 -1.81323767e-01 -6.67038441e-01 -8.46980393e-01
    -1.07120872e-01 -2.49898076e-01 -3.76494229e-01 -4.44017112e-01
    -7.53642321e-02 -3.69708896e-01 -5.55258512e-01 -1.71375453e-01
    -3.87894213e-01 -1.62187159e-01 -3.69170845e-01 -6.53548717e-01
    -2.66705096e-01 -8.55804443e-01 -5.72228253e-01 -6.04830325e-01
    -4.17198777e-01 -2.07627356e-01 -6.62258804e-01 -1.99145257e-01
    -4.38612133e-01 -5.02671599e-01 -6.70745134e-01 -3.41721088e-01
    -4.17154551e-01 8.52870941e-03 -8.49927723e-01 1.30452514e-02
    -3.73604894e-02 -2.51858115e-01 -3.53265107e-01 2.22555995e-02
    -7.05979824e-01 -3.01737249e-01 -5.03269076e-01 -2.43973374e-01
    -2.60376930e-01 -7.31835544e-01 -6.36936963e-01 -2.45873928e-01
    -5.98927200e-01 -5.02560914e-01 -8.74561071e-01 -1.63946629e-01
    -8.59041691e-01 -3.40352714e-01 -8.55867624e-01 -4.88723874e-01
    -7.85062075e-01 -4.04713631e-01 -6.48565471e-01 -5.66292346e-01
    -8.28104377e-01 -1.74148083e-01 -4.90235507e-01 -6.68070316e-01
    -8.45178604e-01 -8.96325588e-01 -9.24990535e-01 -1.33185744e-01
    -3.10143948e-01 -6.80778682e-01 -8.96190763e-01 -9.38270688e-01
    -7.04787374e-02 -1.37502253e-01 -4.36200708e-01 -3.37718129e-02
    8.67521763e-02 -1.01467371e-01 -6.50178432e-01 -4.26220238e-01
    -1.98475182e-01 -1.65111661e-01 -3.14641297e-01 -4.19980168e-01
    -5.46496630e-01 -7.39996731e-01 -6.36143565e-01 -5.53814173e-01
    -9.62442160e-03 -6.93251491e-02 -9.85949337e-01 -3.12099218e-01
    1.87741518e-02 -2.78260350e-01 -2.99507320e-01 -9.15130913e-01
    -9.03644443e-01 -8.67037714e-01 -3.37120831e-01 -5.81904948e-01
    -1.52550459e-01 -2.96366096e-01 -7.63598084e-01 -8.31451654e-01
    -7.17409968e-01 -4.31300163e-01 -8.63510966e-01 -9.37109232e-01
    -8.16654205e-01 2.80997753e-02 -2.40539610e-01 -7.24031091e-01
    -4.09274399e-01 -8.30863774e-01 -5.21461070e-01 -2.15167940e-01
    -3.10192883e-01 -1.35066271e-01 -5.84710777e-01 -1.08643293e-01
    -1.64990306e-01 -8.96644592e-01 -7.55196810e-01 -9.21976745e-01
    6.44958019e-03 -8.59328866e-01 -8.72200608e-01 -5.48405170e-01
    -5.54741144e-01 -7.44817197e-01 -6.22023761e-01 -7.83747554e-01
    -5.91416955e-01 1.06259286e-01 -4.14052367e-01 7.11786747e-03
    -4.60041583e-01 -1.45276785e-02 -5.84326804e-01 -1.02618992e-01
    -6.00464582e-01 -9.81612444e-01 -6.56562686e-01 -4.63021994e-02
    -4.08112943e-01 -8.64188552e-01 -2.69533157e-01 -6.07263863e-01
    -9.28828955e-01 -4.66636777e-01 -4.66401398e-01 -9.32188630e-01
    -9.25238490e-01 -2.93466628e-01 -6.75296426e-01 -3.83532822e-01
    -5.91168404e-01 -1.57902062e-01 -6.01435900e-01 -1.64502382e-01
    -5.64906836e-01 -2.14573741e-01 -4.72634524e-01 -2.46255398e-01
    -5.77301323e-01 -8.31456363e-01 -6.17712379e-01 -4.58470941e-01
    -8.97125125e-01 -3.57167721e-01 -3.83187354e-01 -7.35301018e-01
    -8.30450654e-01 -9.16859984e-01 -5.22958457e-01 -9.87935662e-02
    -7.85756469e-01 -7.77258635e-01 1.80338562e-01 1.44831121e-01
    3.29653084e-01 -4.62639779e-01 -4.92012501e-02 -3.47365856e-01
    -6.84058547e-01 -4.01559711e-01 -3.32901537e-01 5.67207932e-02
    -5.68097234e-01 -7.09929705e-01 -5.94771981e-01 -1.65050089e-01
    -1.72119439e-01 -6.49384022e-01 6.49805665e-02 -1.52259946e-01
    -2.52828777e-01 -1.42704070e-01 -7.71360397e-01 -4.71105576e-01
    -2.06096411e-01 -8.83418322e-03 -3.43843460e-01 -8.63432944e-01
    -7.89996386e-02 -7.53785253e-01 -8.81646037e-01 -8.06663990e-01
    -4.53277975e-01 8.72068405e-02 4.06169891e-03 -5.67456007e-01
    -4.41309214e-02 -4.77907002e-01 -4.34656978e-01 -6.40137434e-01
    -6.22934580e-01 -1.78724706e-01 -2.98720062e-01 -3.68718028e-01
    -4.44831312e-01 -5.18040895e-01 -8.79829288e-01 -2.74671435e-01
    -1.91462398e-01 -3.06606889e-01 -6.66342258e-01 -8.06963682e-01
    -9.30714071e-01 -7.99769759e-02 -5.17681420e-01 -7.79849708e-01
    -3.64358813e-01 -6.29312754e-01 -1.74656749e-01 -2.14891791e-01
    -3.92999053e-01 -4.93561804e-01 -1.56099856e-01 -2.00269997e-01
    -1.65711880e-01 -4.27392781e-01 -1.09924674e-02 -4.57450271e-01
    -6.85071349e-02 -4.56930548e-01 -5.33823729e-01 -1.61222458e-01
    -7.39220619e-01 -5.98392129e-01 -3.67331505e-02 1.94422603e-02
    -6.44723654e-01 -1.36615038e-02 -6.08889639e-01 -5.01364231e-01
    -5.53173363e-01 -8.44827771e-01 -2.46351600e-01 2.19623446e-02
    -7.29703248e-01 -6.38263643e-01 -5.55042505e-01 -7.41205990e-01
    -2.93612719e-01 -5.67467391e-01 -7.19646454e-01 -3.88039231e-01
    -6.72729373e-01 -4.99443054e-01 -7.87785292e-01 -9.18686032e-01
    -7.35547841e-01 -8.78673077e-01 -7.19993711e-02 -5.70641756e-02
    -6.89793289e-01 -6.25366569e-01 -5.65234780e-01 -5.14045954e-02
    -1.51194990e-01 -3.55870664e-01 -7.36686826e-01 -1.00055993e-01
    -7.56414294e-01 2.26281881e-02 -4.12652731e-01 -7.33828247e-01
    -4.19970542e-01 1.63260520e-01 1.16234958e-01 -4.35792446e-01
    -5.23122311e-01 -2.73994923e-01 -4.00095850e-01 -3.01212013e-01
    -8.07705522e-02 -3.49574298e-01 -7.23912239e-01 -6.49749517e-01
    -4.98210460e-01 -2.62393326e-01 -2.44385719e-01 -4.32431400e-01
    -3.51863503e-02 -6.72641814e-01 -6.46771610e-01 -6.90290451e-01
    -2.49225318e-01 -1.65055394e-02 -4.50249940e-01 -6.95020318e-01
    -5.30817866e-01 -9.64753032e-02 -5.41608930e-01 -2.38562226e-01
    -4.40269113e-02 -1.41465247e-01 -1.18236244e-01 -6.90424442e-03
    -2.10309029e-01 -5.79328597e-01 -5.23909330e-01 -4.16172683e-01
    -2.30354428e-01 -5.40961027e-01 -7.94585824e-01 -5.97596824e-01
    -6.49281681e-01 -1.10809028e-01 -8.17889214e-01 -3.80819559e-01
    -7.06271291e-01 -4.06495333e-02 -5.47112882e-01 -6.33654535e-01
    -5.80413163e-01 1.61698461e-02 -5.60304403e-01 -2.94411898e-01
    -6.15408182e-01 -2.02510774e-01 -2.78261840e-01 -4.38499093e-01
    -2.38877952e-01 -1.30716741e-01 -3.64742041e-01 -3.05088520e-01
    -6.64420485e-01 -8.50457311e-01 -4.36358899e-01 -3.59109581e-01
    -6.49376631e-01 -2.53713131e-02 -8.41174483e-01 -7.60305643e-01
    -6.98080659e-01 -7.86688447e-01 -3.37364078e-02 -1.64817035e-01
    1.54618621e-02 -4.34821844e-02 -4.62644696e-01 -6.65296376e-01
    -6.77621424e-01 -4.28996116e-01 -6.91144526e-01 -4.58298445e-01
    -3.25866342e-02 -6.08039975e-01 -6.16499305e-01 -7.25006998e-01
    -6.75021052e-01 -3.47681820e-01 -2.04834640e-01 -2.69006968e-01
    -5.89599669e-01 -1.63215816e-01 -8.27454090e-01 -1.83847547e-01
    -4.41760480e-01 -5.04359365e-01 -8.69025707e-01 9.71432924e-02
    2.65823007e-02 -4.43305969e-01 -2.71138430e-01 -6.01696968e-01
    -3.12355340e-01 -3.48297954e-01 -4.85663176e-01 -5.91854870e-01
    -7.38267183e-01 -1.99418843e-01 -1.50296986e-01 -3.41439128e-01
    -5.10618269e-01 -1.02634788e-01 -5.31143427e-01 -4.25505221e-01
    -4.06750500e-01 -3.78764570e-01 -3.30903411e-01 -3.80292237e-01
    -4.27594960e-01 -2.01338172e-01 -4.88877296e-04 -8.80857110e-02
    -6.02374196e-01 -8.98345113e-01 -7.19607830e-01 -5.09810627e-01
    4.18377519e-02 -1.67439580e-01 -2.80225277e-02 -1.79590881e-01
    -3.11216295e-01 -8.20978880e-01 -3.46356630e-02 -2.88557947e-01
    -6.39934361e-01 -1.41788483e-01 3.70332003e-02 -2.10538089e-01
    -5.85181236e-01 -1.63244605e-01 -6.85514271e-01 -5.34381509e-01
    -1.68048084e-01 -4.62215692e-01 2.49617696e-02 -5.44560313e-01
    -7.27026820e-01 -3.40717077e-01 5.66974282e-02 1.49902523e-01
    4.90056574e-01 -1.36743635e-01 -1.89278126e-01 -6.02886915e-01
    -5.40443897e-01 1.72926605e-01 -3.69902521e-01 -3.90392005e-01
    2.00931072e-01 2.33297348e-01 -5.25889516e-01 1.19204998e-01
    -1.62483275e-01 -6.33386195e-01 -6.81810856e-01 6.71738982e-02
    -2.80774802e-01 -2.39277780e-01 -7.54772067e-01 -4.75050032e-01
    -4.59655017e-01 -5.52935719e-01 -9.92494822e-03 -1.73830390e-02
    -2.41144538e-01 -3.42493832e-01 6.35973215e-02 -3.89932573e-01
    -3.42432261e-02 -7.96201825e-01 -5.19855142e-01 -2.39524841e-02
    -5.43895841e-01 -5.32477736e-01 -4.33594942e-01 -7.34145761e-01
    -8.79572034e-02 6.84049726e-02 -7.53737330e-01 -6.50141239e-01
    -2.07821667e-01 -1.27515733e-01 -5.68257511e-01 -3.82004023e-01
    -4.87295002e-01 -3.26613784e-01 -4.06540453e-01 -4.97897089e-01
    -4.11369503e-01 4.33232784e-02 -4.05108392e-01 -6.22526288e-01
    -1.51944399e-01 -2.76546478e-01 -6.86393619e-01 -4.79542851e-01
    1.08478069e-01 -3.16782087e-01 -6.96891308e-01 -7.66780376e-01
    -7.10127294e-01 6.37891293e-02 1.51052356e-01 -4.13391709e-01
    -2.99443156e-01 -4.54893768e-01 -1.17263913e-01 -2.88175851e-01
    -4.02406067e-01 -3.21481377e-01 -9.04679298e-04 -5.51152468e-01
    -1.87758744e-01 -8.00519586e-02 -6.00668728e-01 -3.54084790e-01
    -5.72284222e-01 -5.47140241e-01 9.64614749e-02 -6.67200506e-01
    -4.19848293e-01 -3.32033753e-01 -1.03119254e-01 -3.80793244e-01
    4.21696901e-02 -5.24644375e-01 -5.23350477e-01 -3.95144582e-01
    1.79434538e-01 -5.76843739e-01 -5.16815186e-01 -4.60286319e-01
    -7.25399256e-02 -1.81823015e-01 -1.76780105e-01 -7.81782925e-01
    -3.64645034e-01 1.21575594e-01 -7.73430288e-01 -1.88684046e-01
    -6.39362335e-02 2.32342482e-02 -3.85996073e-01 2.88361311e-02
    -8.49772692e-02 -6.55805111e-01 1.11310124e-01 -5.51931083e-01
    -6.30543709e-01 1.70244873e-01 -5.05160809e-01 -5.56548953e-01
    -6.24355555e-01 -4.31181341e-01 -5.91215372e-01 -4.51061368e-01
    2.02761948e-01 -6.28340423e-01 1.04247153e-01 -4.98014301e-01
    -2.01316476e-02 -4.20392901e-01 -4.57781971e-01 -6.22739971e-01
    1.24202907e-01 -5.28016508e-01 -2.05739677e-01 -6.65757060e-02
    -3.25397164e-01 -5.39016724e-03 -1.81454420e-01 -5.53083420e-02
    -4.84992445e-01 -5.29674888e-01 -2.86199272e-01 -5.10401428e-01
    2.01026797e-02 -4.78714675e-01 -4.45116043e-01 -5.88078201e-01
    -4.01071280e-01 1.18544519e-01 -3.91653001e-01 -3.84690851e-01
    -2.22174525e-02 1.47432089e-03 -2.57401347e-01 8.51712823e-02
    1.40487552e-02 -3.07573497e-01 -6.30441785e-01 -6.54137075e-01
    -4.46369797e-01 -6.67141438e-01 -5.27103186e-01 -1.71315074e-02
    -6.32228255e-01 -1.31090641e-01 -3.59941751e-01 -4.09158289e-01
    -5.43993235e-01 -6.70928359e-02 -5.28677464e-01 -7.12717593e-01
    -3.24974298e-01 -4.31171775e-01 -1.45536065e-01 -1.67317510e-01
    -5.30937791e-01 -6.84105039e-01 -5.06284177e-01 -1.37510657e-01
    -1.89891040e-01 -2.52749085e-01 -2.71763861e-01 1.38522804e-01
    3.82834077e-02 -1.51809335e-01 -7.99330950e-01 -3.80467296e-01
    -1.47187829e-01 -5.60783684e-01 -1.55159116e-01 -3.91970277e-02
    -3.26452672e-01 -3.95233035e-01 -8.36933970e-01 -5.61443627e-01
    7.55020380e-02 -1.99865162e-01 -7.51266479e-02 -5.59065223e-01
    -5.16862631e-01 -2.87142217e-01 -3.79634678e-01 -7.62889504e-01
    -2.14649141e-01 -3.70994270e-01 3.06276679e-02 -2.65796244e-01
    -4.04762805e-01 5.62058687e-02 -5.56506038e-01 -3.59823585e-01
    -7.28269219e-01 -6.61245465e-01 -5.16277611e-01 1.26978636e-01
    -5.11984587e-01 -6.16941929e-01 1.09961033e-01 -7.03352094e-01
    -5.06727338e-01 -7.40132213e-01 -6.88351989e-01 -6.60185337e-01
    -5.75233936e-01 7.60209560e-02 -1.54095769e-01 -5.37407875e-01
    -5.84526658e-01 -8.02515388e-01 -8.35619092e-01 -2.69089341e-01
    -5.24146259e-01 -7.29959428e-01 -3.85813653e-01 3.18468213e-02
    -2.82693505e-02 9.86874700e-02 -4.57519770e-01 -3.53268683e-01
    -7.42725849e-01 -7.41414428e-01 -3.57379615e-01 -2.78316677e-01
    1.54545188e-01 -2.18876958e-01 -5.36956131e-01 8.88279080e-02
    -2.95464993e-02 -5.13884604e-01 -8.23947847e-01 2.17581391e-02
    -4.73486871e-01 -2.79646277e-01 -3.97445202e-01 -7.47153282e-01
    6.21421337e-02 1.37800097e-01 -5.10458946e-01 -2.47972012e-02
    -3.54517937e-01 -5.57125568e-01 -4.51245517e-01 -3.43556702e-02
    7.51318336e-02 3.64184976e-02 1.94100499e-01 9.96012688e-02
    -5.37856340e-01 -5.43936372e-01 1.66903138e-01 -3.87418628e-01
    -6.35879934e-01 2.80024230e-01 -5.30940533e-01 -6.01500332e-01
    -1.79567397e-01 2.61338472e-01 2.55286932e-01 -3.11399043e-01
    -8.40244889e-02 -1.46510363e-01 -1.63824975e-01 4.80964780e-02
    -9.85500813e-02 -9.47177410e-04 -1.30134225e-01 -5.84258318e-01
    1.72153115e-02 -1.16811633e-01 -5.57958961e-01 -2.05408096e-01
    -5.34824908e-01 -3.89289290e-01 2.61852384e-01 -2.76869535e-01
    7.72586465e-02 -5.87283969e-01 -1.22968733e-01 1.35785103e-01
    -6.61735415e-01 -5.54761767e-01 -2.18900323e-01 -1.90806389e-01
    1.15770102e-02 -4.67655867e-01 2.20135450e-02 -1.10934377e-02
    -4.28646803e-02 -4.23495173e-01 -2.52201319e-01 -7.11530447e-02
    -5.68654120e-01 1.95182562e-01 -4.73907679e-01 2.82225668e-01
    -3.96952391e-01 1.71604156e-02 -2.51251847e-01 -3.90424460e-01
    -4.71958578e-01 -1.28926039e-02 -6.03473783e-01 -7.48146772e-02
    -4.63725239e-01 -5.50742030e-01 -1.41591311e-01 -6.71249807e-01
    -2.54211485e-01 -1.16583288e-01 -2.96106219e-01 1.19306743e-01
    -6.37964606e-01 -2.08798945e-01 -3.70134890e-01 -1.93247348e-01
    -1.32974625e-01 -6.46664739e-01 1.53482437e-01 1.63589358e-01
    -6.60695791e-01 1.77625895e-01 -5.53171813e-01 1.37999535e-01
    1.93953872e-01 1.94321871e-01 -4.58928257e-01 -2.34756142e-01
    -2.97929049e-01 2.89810419e-01 -1.63197339e-01 -4.98011321e-01
    -1.14695132e-01 2.65800416e-01 1.38078153e-01 2.00592160e-01
    3.31556201e-02 -4.19099033e-01 -4.53959703e-02 -1.49462342e-01
    -2.10380495e-01 -2.06953704e-01 -2.37412512e-01 1.58755481e-01
    -7.56382942e-02 -1.65502250e-01 -5.33092618e-02 -2.85728276e-01
    -4.91479218e-01 -5.17112970e-01 -1.22670710e-01 3.10683310e-01
    -9.34700370e-02 -2.41261244e-01 -4.49774265e-02 -1.22522712e-02
    -2.02583641e-01 -4.17877167e-01 2.58914351e-01 -8.40241909e-02
    -1.34294033e-02 -5.27294636e-01 -5.20662367e-01 4.86201644e-02
    -1.08457744e-01 3.80143523e-02 -2.55226701e-01 2.49239862e-01
    -4.98063892e-01 -2.01898277e-01 -7.88333416e-02 -3.69050682e-01
    -6.79348946e-01 -4.45771992e-01 -6.32328689e-01 -2.00719237e-01
    -3.11122715e-01 1.23823285e-02 1.17839336e-01 2.10062921e-01
    -3.74021798e-01 -3.11804622e-01 -6.39441371e-01 -6.58915162e-01
    2.41016686e-01 -3.98240775e-01 -3.75757396e-01 -3.98820162e-01
    -3.11851144e-01 -3.80045265e-01 3.12314332e-01 1.30110800e-01
    -6.55097961e-01 -6.89439774e-02 -3.53613853e-01 3.51903975e-01
    -3.57002825e-01 -3.08479190e-01 -3.98752630e-01 -1.51855916e-01
    -1.92944199e-01 2.00806618e-01 -4.42993730e-01 2.20664740e-02
    -8.93189311e-02 -1.25410736e-01 -6.88521504e-01 1.68583095e-01
    -1.99609995e-03 -4.08336341e-01 -7.63617635e-01 1.13267183e-01
    1.28103852e-01 1.58234239e-01 -4.18013930e-01 1.03922307e-01
    5.67835569e-03 1.91928864e-01 -3.55802774e-01 -3.81146669e-01
    -6.62531912e-01 -1.51839972e-01 -4.23034966e-01 9.80526805e-02
    -5.30449390e-01 -3.05795521e-01 -2.56576777e-01 8.48332644e-02
    1.65807843e-01 -1.02378786e-01 -5.78585982e-01 -2.56809413e-01
    -1.62225544e-01 -2.74780333e-01 -1.29534185e-01 -1.58352554e-01
    -6.25538230e-02 -3.50196242e-01 5.54068089e-02 -6.65525794e-01
    -1.03180110e-01 -2.82126307e-01 -7.83099651e-01 -8.71658921e-02
    1.78914666e-02 7.13418126e-02 1.73527002e-01 -3.93097550e-01
    -3.77551943e-01 -2.21808165e-01 -5.68078876e-01 -2.16690183e-01
    -3.07256609e-01 3.04161429e-01 7.51949549e-02 -3.19620609e-01
    -2.60425150e-01 -2.28955746e-01 4.31832671e-02 1.68193817e-01
    -5.39379358e-01 -4.67137277e-01 -2.30741054e-01 1.87406957e-01
    -3.32403421e-01 -1.00542665e-01 1.85225129e-01 -1.88982189e-01
    1.36143088e-01 1.79426014e-01 -5.99930406e-01 -3.43286991e-02
    -4.59171653e-01 -6.79555178e-01 9.98478532e-02 -9.43745971e-02
    -4.38146502e-01 -3.60380948e-01 1.91442311e-01 -4.61567402e-01
    -4.67834085e-01 -4.84692067e-01 -5.63654661e-01 -6.03905320e-02
    -2.46178389e-01 7.69716501e-03 -6.76171899e-01 2.24700570e-02
    1.88198090e-01 -2.54769713e-01 -6.45259619e-01 -2.92281687e-01
    -2.07424164e-04 -6.99768782e-01 1.23427510e-01 -3.27617466e-01
    -6.01017535e-01 -1.78952783e-01 -2.48581916e-01 -3.20382297e-01
    4.69387144e-01 -3.25053930e-04 4.13921624e-01 3.47168505e-01
    -4.31116343e-01 3.10421705e-01 3.90479147e-01 -2.18896478e-01
    2.66889513e-01 2.29122639e-01 -2.35742331e-03 -1.65306330e-02
    3.57226729e-01 -5.09856999e-01 -4.16533291e-01 -2.96438038e-02
    -1.77261353e-01 -5.03014684e-01 -2.76510477e-01 -1.68172717e-01
    -9.01226997e-02 -1.48784757e-01 1.04878128e-01 2.33854473e-01
    -6.25404477e-01 -1.74818993e-01 2.74719298e-01 4.95542884e-02
    -4.41216946e-01 -1.73524618e-01 -1.90467954e-01 2.78115213e-01
    -4.09445018e-01 -5.07954836e-01 3.44072759e-01 2.47351050e-01
    -2.68906742e-01 -1.77872181e-02 2.73854434e-01 6.94988370e-02
    -6.17041707e-01 1.94910765e-02 -4.25450772e-01 -1.93265170e-01
    7.52800703e-02 -2.33823359e-01 -3.40288937e-01 -1.12271905e-02
    -1.44945264e-01 4.36515212e-02 -1.85769260e-01 1.53894246e-01
    -5.39563596e-02 3.43987465e-01 -1.18310332e-01 -3.42090547e-01
    -4.50756907e-01 -1.79397941e-01 4.23509479e-01 2.21980810e-02
    3.65605175e-01 4.81420159e-02 3.57975245e-01 -3.87300104e-01
    -5.12588620e-01 1.90192282e-01 -1.70118749e-01 -6.48216307e-02
    -4.92941618e-01 2.90144742e-01 -3.19818407e-01 3.38685870e-01
    1.12768114e-01 -2.92491823e-01 -4.25987452e-01 2.37412333e-01
    -4.61169749e-01 2.68044531e-01 -1.20874226e-01 2.68370152e-01
    4.24004197e-02 2.95976460e-01 -7.86912441e-03 -1.88955784e-01
    -1.23105198e-01 -2.62129217e-01 -3.39033663e-01 -2.15507984e-01
    -1.81140214e-01 1.70398235e-01 -1.53073072e-02 -6.11608863e-01
    1.72229409e-02 3.02367032e-01 -4.53923047e-01 3.11392546e-02
    -4.49726522e-01 8.78676772e-02 3.34605038e-01 -1.41431421e-01
    -5.76021194e-01 -2.11320430e-01 -4.65030968e-01 -2.50136852e-02
    -4.88739431e-01 1.18305206e-01 -9.12097394e-02 4.59804654e-01
    -1.09037519e-01 -4.33463633e-01 -3.98432910e-01 -3.92362684e-01
    -3.90992045e-01 -9.69583094e-02 -3.22732329e-01 2.56559253e-03
    -4.28806990e-01 6.54155016e-03 1.07882679e-01 -3.33209515e-01
    3.98757249e-01 9.88294184e-02 -3.39455754e-01 -3.73319834e-01
    7.08234310e-03 1.20009482e-01 1.04394972e-01 4.56786394e-01
    -3.47520471e-01 -3.80399823e-01 4.29177463e-01 -4.69702274e-01
    -4.63310987e-01 -2.29761779e-01 -3.45740497e-01 3.24387431e-01
    -1.97283149e-01 -3.78566593e-01 5.14707565e-02 1.17251039e-01
    1.32712185e-01 -3.00520182e-01 -1.11875087e-01 -3.09726000e-01
    3.83351803e-01 -4.58960384e-01 -4.51321453e-01 -2.41158068e-01
    2.32529044e-02 9.18694735e-02 -3.21989715e-01 1.39734417e-01
    1.93637162e-01 -2.93206513e-01 1.60094351e-01 -2.23770618e-01
    -4.81919169e-01 -4.08025622e-01 2.87948608e-01 -9.48039889e-02
    2.03063726e-01 -1.22037470e-01 -8.57059956e-02 2.22177386e-01
    -3.27600539e-01 -8.44997168e-03 5.59881926e-02 -1.09111160e-01
    -3.88933241e-01 -4.16218758e-01 -5.42791963e-01 2.62957036e-01
    3.15435350e-01 1.56210482e-01 -3.33442241e-01 -4.18323249e-01
    2.30928540e-01 -4.17974800e-01 3.17836404e-02 -9.98467207e-02
    -1.75162196e-01 -1.74080610e-01 2.18158424e-01 1.71580911e-01
    -2.58399248e-02 3.33392143e-01 -2.74559736e-01 2.44081616e-01
    -5.50370455e-01 3.07489574e-01 -1.48794949e-01 2.08443701e-01
    2.41616368e-01 -6.12898350e-01 8.10659528e-02 -1.96447551e-01
    3.06170881e-01 9.27038789e-02 3.67502570e-02 2.51103640e-02
    -4.29432571e-01 -1.85898304e-01 5.61138988e-02 1.15198970e-01
    3.71438265e-01 -1.06027126e-02 -4.01042104e-02 -1.57808661e-02
    4.60253716e-01 -2.75228798e-01 -2.44445801e-02 -1.00232244e-01
    2.61120081e-01 -1.43455416e-01 -3.48967612e-01 2.14605153e-01
    3.74417901e-02 3.44079375e-01 2.60801613e-01 -4.98364836e-01
    -4.07740951e-01 -1.99708104e-01 -2.39514828e-01 -8.53611827e-02
    3.45743954e-01 3.20106745e-03 -5.97397506e-01 -5.93717694e-02
    -5.41344285e-02 -3.82899612e-01 3.48181248e-01 1.45320714e-01
    3.55706930e-01 5.50294518e-02 -5.25321066e-01 -3.84447068e-01
    -4.78342682e-01 -1.03587031e-01 1.11768246e-02 -1.42137855e-01
    3.09788883e-01 2.68210709e-01 2.21058309e-01 -6.30707204e-01
    -2.80641913e-01 1.39993429e-03 2.52720714e-01 3.92650545e-01
    -5.84250689e-02 -5.61164975e-01 3.32459450e-01 2.57371604e-01
    -1.50321364e-01 4.42969799e-02 5.29218435e-01 2.46717691e-01</data></your_img>
</opencv_storage>
