<?xml version="1.0"?>
<opencv_storage>
<g>1.1100000000000001e+00</g>
<r>9</r>
<L2_diff>1.1561759190500496e+02</L2_diff>
<filter-type>0</filter-type>
<circular>1</circular>
<test_img type_id="opencv-matrix">
  <rows>128</rows>
  <cols>256</cols>
  <dt>f</dt>
  <data>
    5.17868996e-01 3.79276752e-01 6.29503965e-01 3.51767838e-01
    4.87994552e-02 5.79659939e-01 8.05411696e-01 5.37933350e-01
    1.32186711e-02 5.09810984e-01 7.79782295e-01 1.47248745e-01
    2.34886944e-01 5.43461084e-01 1.34556979e-01 4.65584755e-01
    1.11184478e-01 8.37132275e-01 1.47839755e-01 1.74611986e-01
    8.02445054e-01 6.84554040e-01 3.97821546e-01 5.81176996e-01
    9.70144510e-01 5.66453457e-01 9.05467510e-01 5.85088432e-01
    6.48100138e-01 1.07970715e-01 8.01636755e-01 5.77107370e-01
    6.39459789e-01 7.94468999e-01 3.27012658e-01 8.10016870e-01
    5.19962609e-02 6.41488910e-01 4.70840007e-01 7.11970448e-01
    9.39223051e-01 9.63373125e-01 5.37492812e-01 2.65754759e-02
    5.48513710e-01 5.81221759e-01 7.05545068e-01 1.37389988e-01
    7.48225451e-02 3.71795714e-01 7.52809405e-01 6.08616590e-01
    1.63903683e-01 8.04680169e-01 7.95160770e-01 9.69473124e-02
    5.37337840e-01 6.26122832e-01 8.65064025e-01 9.03667450e-01
    6.24630153e-01 7.53296018e-01 1.80274934e-01 5.09748757e-01
    5.04764020e-01 1.35079861e-01 9.03868079e-02 6.38968527e-01
    3.78656298e-01 2.74761617e-01 2.38405794e-01 2.78569788e-01
    9.17469263e-01 3.50978285e-01 3.38679492e-01 8.91780376e-01
    9.14659381e-01 2.34512210e-01 4.76082444e-01 3.44205379e-01
    1.05923712e-02 4.84347641e-02 9.15105104e-01 3.49217653e-02
    6.61352694e-01 7.63152719e-01 7.88532972e-01 9.50232983e-01
    9.09759879e-01 3.77626926e-01 4.89099801e-01 6.23145521e-01
    4.92645800e-01 7.70888150e-01 2.78629243e-01 7.54226685e-01
    6.42526507e-01 6.40439093e-02 2.76141226e-01 1.46610230e-01
    1.88116908e-01 8.95793438e-01 5.18489420e-01 4.97415900e-01
    3.67033958e-01 9.75582838e-01 4.32128310e-02 2.71303535e-01
    9.76519585e-02 7.29394138e-01 8.28445554e-01 6.54823899e-01
    6.41155541e-02 8.16383719e-01 9.46857214e-01 1.02721572e-01
    3.89261842e-01 4.46840048e-01 3.15734833e-01 5.57219446e-01
    6.04998946e-01 6.84335113e-01 7.53313959e-01 9.48963404e-01
    8.01651120e-01 9.44298148e-01 6.54405415e-01 7.71607280e-01
    6.39556944e-02 6.52873516e-03 7.25384474e-01 6.81776106e-01
    7.19922364e-01 2.17162609e-01 8.37385416e-01 5.86637497e-01
    6.22502983e-01 2.81224251e-01 1.30416155e-02 6.27856970e-01
    6.28436685e-01 4.04258788e-01 5.54934144e-01 7.27751136e-01
    9.23195720e-01 3.33267748e-02 9.45339620e-01 5.84802687e-01
    8.80536556e-01 1.65827364e-01 5.14641583e-01 8.24647307e-01
    6.76038027e-01 2.24540055e-01 7.86003768e-01 2.02749401e-01
    4.20416296e-02 1.48193300e-01 2.54152477e-01 8.26569855e-01
    2.20441848e-01 8.43178868e-01 7.83846796e-01 9.89613891e-01
    3.38687599e-01 9.75375652e-01 2.53353238e-01 1.01370871e-01
    2.56096154e-01 5.40501952e-01 6.78101420e-01 6.91135466e-01
    1.73654646e-01 1.16624981e-01 8.25806499e-01 5.52696347e-01
    7.21237183e-01 4.93129402e-01 5.04967570e-02 9.40384150e-01
    9.12984908e-02 9.35526609e-01 8.07077289e-01 9.28586364e-01
    9.34027910e-01 8.98302674e-01 2.16502190e-01 6.68469965e-01
    1.65681422e-01 2.28598386e-01 8.51973474e-01 6.25958204e-01
    1.03558272e-01 1.36956602e-01 7.93966651e-01 4.76642460e-01
    1.06427908e-01 8.69353771e-01 8.37963462e-01 3.41962099e-01
    6.80701375e-01 7.82298326e-01 2.48408318e-03 6.54823661e-01
    2.10177541e-01 9.17322755e-01 7.33551562e-01 2.82999575e-01
    3.95366728e-01 7.62948036e-01 1.28856301e-02 1.74697548e-01
    4.40281719e-01 6.73656642e-01 6.23711705e-01 4.84815776e-01
    5.34058571e-01 6.10002697e-01 9.42028463e-01 2.23885506e-01
    4.24245238e-01 1.94606185e-01 4.81678843e-02 7.74753332e-01
    4.69884574e-01 8.87676954e-01 3.48891914e-01 9.67864037e-01
    5.76846123e-01 6.38267040e-01 4.28150952e-01 1.95745200e-01
    7.19621837e-01 4.72356826e-01 8.98146152e-01 1.63158655e-01
    4.82281566e-01 6.96053147e-01 9.32990313e-01 5.78207612e-01
    3.33849698e-01 6.48766160e-01 7.25366771e-01 6.17147207e-01
    7.51054406e-01 5.81900954e-01 7.83832967e-01 2.31998295e-01
    6.30703092e-01 7.96868145e-01 4.54702467e-01 5.20339727e-01
    5.27205586e-01 2.40529478e-01 4.43379790e-01 8.05652738e-01
    2.95636356e-01 8.93336356e-01 5.68068027e-02 4.23226595e-01
    1.59551769e-01 3.05410981e-01 7.37331986e-01 7.32437015e-01
    3.86795163e-01 5.10994494e-02 9.79410052e-01 6.03804827e-01
    8.80679846e-01 5.80010235e-01 9.33893561e-01 1.86143488e-01
    5.56332648e-01 7.34444380e-01 1.72458589e-01 9.27347422e-01
    9.61187124e-01 8.85720074e-01 7.08675802e-01 4.31944370e-01
    1.93874836e-01 2.75809765e-01 8.28488708e-01 2.20541656e-02
    5.13726711e-01 1.38708085e-01 4.86936033e-01 7.75747001e-02
    1.33264691e-01 2.08014071e-01 2.77133644e-01 8.18058848e-01
    4.51052964e-01 6.36258841e-01 2.37902552e-01 3.91570926e-02
    4.64414716e-01 5.63470602e-01 2.09556878e-01 4.57657874e-01
    9.75239277e-03 8.46031547e-01 7.36563861e-01 3.09585869e-01
    4.79175448e-02 6.12282515e-01 9.31263208e-01 1.64680183e-01
    6.41842306e-01 9.32783902e-01 5.81776738e-01 1.04059279e-01
    9.47260261e-02 6.44768119e-01 9.92027879e-01 7.52044082e-01
    7.18702912e-01 4.74066496e-01 9.24223661e-01 1.09712481e-01
    5.81051886e-01 5.16365647e-01 9.88296628e-01 3.11714411e-01
    2.42432177e-01 7.62665391e-01 9.34480190e-01 3.80189210e-01
    5.56692541e-01 9.95021522e-01 8.94599378e-01 9.38487530e-01
    6.97860360e-01 6.69110298e-01 3.80069077e-01 7.36742020e-01
    4.34838295e-01 8.44556451e-01 8.77319694e-01 5.43756068e-01
    5.13899207e-01 2.70609915e-01 4.47638512e-01 2.37266064e-01
    2.00961709e-01 3.06818485e-01 9.02187824e-01 6.02182388e-01
    1.50031179e-01 8.45872760e-01 7.46071339e-02 9.41262960e-01
    9.59724307e-01 8.43020439e-01 6.41290247e-01 3.93848866e-01
    7.25454986e-01 4.60570246e-01 8.60749722e-01 1.78511739e-01
    1.79158092e-01 7.58480668e-01 7.82063305e-01 8.89986277e-01
    4.21262980e-02 1.13514036e-01 2.89708972e-02 4.05075252e-02
    7.58996844e-01 3.90475273e-01 7.95527697e-01 7.10530758e-01
    1.46144480e-01 9.44609642e-01 6.09961867e-01 3.07453811e-01
    8.84198010e-01 2.30117142e-02 8.55670094e-01 8.22694004e-01
    4.67841029e-01 8.27515841e-01 5.92707694e-01 2.81398594e-01
    9.24511075e-01 9.01637435e-01 7.55010724e-01 1.55551761e-01
    6.80178761e-01 9.34968293e-01 4.82358724e-01 4.52975780e-01
    7.71048784e-01 5.98113418e-01 5.65997899e-01 9.09778476e-03
    9.62660551e-01 6.45897985e-02 5.49208462e-01 3.66456330e-01
    4.84076351e-01 3.47972900e-01 6.05434000e-01 4.76860225e-01
    7.59660184e-01 7.12778211e-01 4.87249732e-01 8.70713472e-01
    4.18323636e-01 6.72819614e-01 3.92359018e-01 1.70724720e-01
    6.19080782e-01 2.48437017e-01 5.96409559e-01 2.08017558e-01
    4.23123270e-01 9.01945710e-01 5.45241475e-01 8.61550093e-01
    9.82980371e-01 1.70783997e-01 4.19468284e-02 8.17640364e-01
    6.67389691e-01 3.06954801e-01 2.94605792e-01 3.79105389e-01
    3.07797372e-01 2.77980924e-01 5.91135085e-01 6.08768761e-02
    1.23132467e-02 7.73679793e-01 5.48189342e-01 2.64102757e-01
    9.81807053e-01 3.60994935e-02 9.39245939e-01 7.55676866e-01
    6.99671865e-01 6.98628187e-01 9.30615425e-01 6.76657736e-01
    2.22558290e-01 7.47796953e-01 1.54551774e-01 9.08161879e-01
    6.14383638e-01 8.16241860e-01 9.98277664e-01 9.50993776e-01
    8.50443840e-01 5.81981957e-01 2.83177525e-01 1.10955685e-01
    7.65044093e-02 5.00684679e-01 7.83820748e-01 3.94223422e-01
    8.64896178e-02 5.48390269e-01 8.83598030e-02 8.58141720e-01
    7.72097826e-01 2.01110244e-02 6.55606508e-01 4.84211504e-01
    1.07263625e-02 7.27101862e-02 2.21818864e-01 1.95235103e-01
    3.64823639e-01 2.08055973e-02 6.30951405e-01 1.13692164e-01
    9.30799603e-01 2.37727821e-01 7.58081079e-02 1.61633015e-01
    2.30394632e-01 1.26217723e-01 5.12927473e-01 7.40664661e-01
    9.94925976e-01 5.30307829e-01 5.82434893e-01 4.02410686e-01
    7.85552025e-01 1.72207028e-01 5.07241428e-01 2.89520621e-01
    3.97233009e-01 4.68469381e-01 6.05926752e-01 2.10852265e-01
    3.34164441e-01 1.34894252e-02 6.62091732e-01 8.91200185e-01
    3.75315756e-01 5.89206934e-01 4.42111433e-01 7.79651880e-01
    5.60856581e-01 3.41875613e-01 9.86433983e-01 9.73843992e-01
    6.32246137e-01 6.95309520e-01 2.90630758e-01 7.98809409e-01
    2.49272466e-01 9.93260860e-01 1.66845918e-02 4.44663495e-01
    3.46923292e-01 2.45096177e-01 6.80463970e-01 6.90432966e-01
    8.41245353e-01 2.09719360e-01 3.26049626e-02 8.46841812e-01
    2.52402961e-01 2.58004248e-01 8.99345160e-01 1.43529296e-01
    7.30357528e-01 6.14122152e-02 2.24638402e-01 9.81114864e-01
    4.40227032e-01 6.11207664e-01 5.55501223e-01 4.24758971e-01
    1.07239842e-01 1.18517488e-01 4.20566201e-02 3.70111763e-01
    3.53245378e-01 5.26022434e-01 5.93513250e-02 1.75422430e-02
    9.32549357e-01 1.49017274e-02 3.30874026e-01 3.43752116e-01
    9.57148254e-01 8.77164245e-01 8.67568076e-01 4.95326638e-01
    1.71075016e-01 5.60873508e-01 6.77194417e-01 8.75169396e-01
    6.00334823e-01 3.55624944e-01 7.97748566e-04 3.66097569e-01
    6.50268018e-01 2.00721681e-01 5.70245385e-02 7.06101656e-01
    4.33133692e-01 6.24989152e-01 1.99099123e-01 8.53256941e-01
    4.89739537e-01 7.48937368e-01 6.28815711e-01 6.16357684e-01
    8.80041957e-01 4.45947230e-01 8.86581779e-01 8.02416205e-01
    1.13539785e-01 3.66185546e-01 8.28846097e-01 4.52920556e-01
    9.53866243e-02 5.82581222e-01 8.53523374e-01 9.53292787e-01
    5.33461392e-01 7.65046597e-01 8.87019634e-01 5.34744799e-01
    7.66850471e-01 4.35910761e-01 3.04457963e-01 8.35535049e-01
    3.56498301e-01 8.64962339e-01 2.21664608e-02 4.91761893e-01
    4.49390382e-01 4.46555793e-01 8.16500545e-01 1.09310150e-01
    1.13454342e-01 2.37542152e-01 4.49990094e-01 7.20331788e-01
    6.09211564e-01 5.09195328e-01 5.60074151e-02 4.46792990e-01
    9.60689902e-01 8.70811105e-01 1.84487462e-01 4.36463892e-01
    5.12480855e-01 2.79255360e-01 7.56675601e-02 8.64868104e-01
    6.47110820e-01 5.33373058e-02 5.30682206e-01 6.35225892e-01
    3.53343070e-01 6.68881178e-01 3.91795933e-02 4.73680168e-01
    6.85567379e-01 4.28677768e-01 2.12246180e-01 8.64669144e-01
    4.86155927e-01 8.56544971e-01 5.84552169e-01 5.97954094e-01
    4.15275365e-01 3.06295663e-01 9.71173465e-01 9.75636721e-01
    1.61786586e-01 3.29714358e-01 9.31217611e-01 3.52406561e-01
    9.17788267e-01 1.53455228e-01 1.56320184e-01 4.92608935e-01
    8.40749443e-01 3.69194448e-01 4.28760171e-01 8.67578387e-03
    2.09709615e-01 1.03893816e-01 8.98015380e-01 4.38091159e-01
    4.31643665e-01 4.91216987e-01 9.99604464e-01 5.65288603e-01
    1.09977096e-01 6.56930447e-01 3.39910507e-01 9.42969322e-02
    2.60004401e-03 7.93966889e-01 6.33502007e-03 9.28460538e-01
    7.64943063e-01 6.32469296e-01 4.98116493e-01 7.06538975e-01
    9.31513429e-01 6.39829040e-01 7.45408773e-01 3.45044494e-01
    4.79103297e-01 3.50299031e-01 1.15877897e-01 7.88332939e-01
    9.44261253e-02 3.33186746e-01 1.23699009e-02 2.63796866e-01
    3.01956773e-01 2.70691991e-01 5.28599083e-01 7.23327279e-01
    8.67713332e-01 3.13281119e-02 3.83508801e-01 7.56918430e-01
    7.36583710e-01 4.65649009e-01 4.90666896e-01 9.77863491e-01
    2.44978458e-01 7.88632512e-01 7.38735735e-01 9.00058150e-02
    3.83321971e-01 6.66437745e-01 1.17668182e-01 8.25136900e-03
    6.25565052e-01 1.14648044e-01 6.75570428e-01 8.00533354e-01
    4.94667739e-01 7.14709520e-01 7.92617083e-01 7.14225471e-02
    9.10717785e-01 6.30087495e-01 9.77628350e-01 9.67321098e-02
    7.35213876e-01 2.14037329e-01 3.60716283e-01 5.79484463e-01
    5.80817997e-01 9.74792540e-02 8.66691351e-01 3.84026796e-01
    8.64471078e-01 4.40812021e-01 8.90917420e-01 2.49564528e-01
    5.89843929e-01 9.58966374e-01 9.63504076e-01 3.93335015e-01
    7.98223674e-01 9.83450055e-01 7.56658733e-01 3.24494123e-01
    7.13370204e-01 1.56654477e-01 1.53315604e-01 7.08433807e-01
    4.14605916e-01 5.00821352e-01 7.78354764e-01 4.86787736e-01
    7.79829979e-01 2.35839307e-01 2.69774795e-02 1.07226104e-01
    2.25629508e-02 4.29527104e-01 9.68366504e-01 6.07521117e-01
    9.73702908e-01 3.24389040e-02 7.60921955e-01 2.24352419e-01
    5.88244796e-01 9.98774886e-01 9.45697427e-01 7.44883478e-01
    3.80623728e-01 4.89793718e-02 1.84929162e-01 1.20441437e-01
    4.96194839e-01 6.66834295e-01 9.05688524e-01 4.07967657e-01
    3.12683403e-01 2.34538794e-01 8.37622762e-01 8.35668802e-01
    4.08125520e-02 3.26569259e-01 4.45328742e-01 4.46521044e-02
    6.14995062e-01 4.24764127e-01 3.10884327e-01 9.08592701e-01
    4.60687876e-01 6.58462942e-01 7.33493805e-01 2.21894234e-01
    1.14852637e-01 7.92490423e-01 7.54472733e-01 2.53459036e-01
    6.86796844e-01 3.22503746e-01 5.54017723e-01 6.00318074e-01
    4.98153776e-01 7.64247298e-01 5.26075780e-01 6.69339657e-01
    6.35338545e-01 7.93630540e-01 2.94239998e-01 7.23992825e-01
    9.39922452e-01 4.32937771e-01 2.76365519e-01 4.25520867e-01
    6.10201955e-02 6.74100816e-01 4.98991489e-01 1.93468899e-01
    6.03245378e-01 9.49876904e-02 8.12478840e-01 3.93055201e-01
    8.76581907e-01 6.46000504e-01 7.71570802e-01 9.71800923e-01
    8.75455856e-01 8.81346166e-02 9.04101849e-01 9.31029260e-01
    6.00173712e-01 7.04935789e-01 4.41967428e-01 3.74782085e-01
    8.59787941e-01 6.55413866e-01 6.48205042e-01 4.15148914e-01
    6.06847286e-01 4.91127372e-02 4.82315063e-01 3.74722660e-01
    5.21955013e-01 9.06567872e-02 4.51309502e-01 2.28314787e-01
    8.37528706e-02 2.73709297e-01 3.03722858e-01 8.76017213e-01
    5.67559361e-01 9.66913462e-01 9.55276370e-01 2.32841283e-01
    7.95790136e-01 8.84135365e-01 7.93723166e-02 7.96351433e-01
    4.28608894e-01 9.30092633e-02 3.49737883e-01 5.73005736e-01
    1.47039264e-01 9.77464676e-01 3.68624985e-01 1.54800296e-01
    6.87116385e-01 2.40708649e-01 5.63862085e-01 3.24612081e-01
    5.35972178e-01 4.18412745e-01 7.30954826e-01 2.45562285e-01
    3.84934753e-01 2.41248518e-01 4.99238342e-01 1.69126362e-01
    2.20496029e-01 6.12337410e-01 5.37801325e-01 1.36725366e-01
    2.36581355e-01 6.27595603e-01 1.00101739e-01 5.20546138e-01
    2.18721032e-01 3.10844839e-01 3.96618336e-01 7.58770704e-01
    8.02980959e-02 4.44834799e-01 6.30271196e-01 8.58342409e-01
    7.99151659e-01 3.94090444e-01 5.73545575e-01 5.65862656e-01
    7.77265072e-01 2.22198248e-01 6.44247830e-02 3.33248377e-02
    6.34098351e-02 4.19492006e-01 2.59477675e-01 9.75933373e-01
    5.61300695e-01 3.73579144e-01 6.29715800e-01 4.52752382e-01
    3.76390636e-01 1.36882156e-01 6.16901696e-01 2.43256688e-02
    8.02345872e-01 5.56441367e-01 4.48637277e-01 2.02225864e-01
    1.18265748e-01 5.56956172e-01 5.64684451e-01 8.04714680e-01
    7.87338972e-01 4.59057063e-01 9.44536567e-01 7.43386388e-01
    2.84895033e-01 2.77117491e-01 8.53567004e-01 2.90527046e-02
    6.85478389e-01 7.20315814e-01 8.75117481e-01 7.05011904e-01
    8.71179819e-01 8.60463858e-01 5.78076661e-01 3.09698582e-01
    1.77789897e-01 7.20688045e-01 7.05431819e-01 5.24376154e-01
    2.77158529e-01 5.30864596e-01 9.74368393e-01 9.82358456e-01
    3.74956906e-01 3.97200614e-01 3.10462236e-01 8.60304534e-01
    6.12895012e-01 9.89221275e-01 8.63886476e-01 5.72726488e-01
    3.17530513e-01 2.73441494e-01 4.63263720e-01 5.34088790e-01
    7.29141355e-01 3.68980408e-01 6.26008093e-01 1.84711874e-01
    7.93829679e-01 1.63345784e-01 7.05296874e-01 4.96448934e-01
    7.73281634e-01 2.58084595e-01 6.59801424e-01 2.38670737e-01
    2.85639048e-01 5.17343998e-01 9.52981234e-01 1.26382679e-01
    8.23769510e-01 2.10869342e-01 2.41970778e-01 9.25216138e-01
    2.97355831e-01 6.18785620e-03 9.88427758e-01 5.50583124e-01
    4.12259012e-01 1.46473974e-01 5.15620410e-02 1.05680913e-01
    4.99321520e-01 6.30292177e-01 9.44992542e-01 9.04394746e-01
    7.01194108e-02 4.18420047e-01 8.52412224e-01 8.54814410e-01
    2.47671276e-01 2.98913896e-01 7.75930524e-01 8.53224754e-01
    4.62216675e-01 7.87274480e-01 9.58906710e-02 1.13320589e-01
    1.14460289e-01 2.54145324e-01 2.03061432e-01 7.38287210e-01
    1.74333751e-01 6.14927828e-01 4.63428557e-01 3.13272119e-01
    8.51620317e-01 9.52139020e-01 7.92364240e-01 9.95685339e-01
    4.57380116e-01 4.50411141e-01 8.34632277e-01 5.48430562e-01
    4.40576375e-02 7.60984719e-02 4.86251801e-01 3.34159732e-01
    3.85978222e-01 7.18671679e-01 3.78758669e-01 9.81052816e-02
    7.51570880e-01 6.02552533e-01 1.75237656e-01 1.99968040e-01
    3.19368839e-02 2.54962474e-01 3.90107721e-01 1.47237271e-01
    2.84573019e-01 6.17511988e-01 8.46363187e-01 8.17585945e-01
    3.22210670e-01 8.44501853e-01 1.13367736e-01 5.75466335e-01
    1.21413320e-01 7.42103696e-01 3.29318702e-01 2.84536302e-01
    6.36152923e-01 8.11861992e-01 8.16095471e-01 5.30227721e-01
    8.11645508e-01 6.90028667e-01 8.56309533e-01 7.73585320e-01
    4.28231031e-01 4.41354215e-02 7.50241220e-01 6.46856785e-01
    8.95417333e-01 2.73840785e-01 3.08698893e-01 8.67906570e-01
    8.79363596e-01 7.31380582e-01 3.96060973e-01 2.66774744e-01
    4.73715693e-01 6.00629151e-01 5.45463800e-01 7.38866627e-01
    5.65091670e-01 1.63335443e-01 6.91143572e-02 5.24964869e-01
    9.23254073e-01 3.36798668e-01 3.33252162e-01 7.81873524e-01
    4.41927016e-02 9.49362874e-01 9.89117622e-01 4.88004744e-01
    8.24671805e-01 1.99862421e-01 8.67332518e-02 7.17759371e-01
    2.42956609e-01 4.07216668e-01 1.50942951e-01 9.36199963e-01
    4.80173945e-01 1.02462620e-01 4.59865659e-01 2.59088337e-01
    5.67929208e-01 6.23132885e-02 6.90782428e-01 3.16463292e-01
    8.66250098e-01 6.97278202e-01 4.52667594e-01 7.24287629e-02
    4.94016439e-01 1.86258525e-01 1.59442693e-01 2.90305972e-01
    7.77549386e-01 6.41673207e-01 9.23062027e-01 5.46308458e-01
    1.34723842e-01 9.72895026e-01 7.17276812e-01 3.39727283e-01
    1.05330408e-01 7.08809614e-01 7.91266322e-01 8.11007500e-01
    3.36674273e-01 5.01119673e-01 8.74377787e-02 3.42172384e-03
    1.14625871e-01 1.73863769e-01 3.72449338e-01 8.22390318e-02
    2.25069642e-01 9.97278571e-01 6.02661133e-01 4.60908115e-01
    2.60142326e-01 4.52749282e-01 2.93964624e-01 3.68310153e-01
    6.42567277e-01 9.60762501e-01 2.22217828e-01 4.30518568e-01
    2.76556551e-01 7.54161298e-01 8.69793892e-01 4.13083553e-01
    7.58547485e-01 3.00858915e-01 2.98288643e-01 2.36093819e-01
    1.34716362e-01 1.13794446e-01 2.78480530e-01 2.50456959e-01
    1.09895259e-01 7.53407717e-01 1.19464636e-01 8.42363119e-01
    2.33566552e-01 2.09745914e-01 4.18230087e-01 9.30681109e-01
    4.10159290e-01 5.55538416e-01 3.13342154e-01 8.80878270e-02
    2.62324989e-01 2.88888961e-01 8.33661556e-01 9.52543736e-01
    7.09841609e-01 4.95129466e-01 2.15445548e-01 5.86587548e-01
    7.02789664e-01 2.55897224e-01 1.04859233e-01 6.12420797e-01
    2.16018975e-01 3.61280441e-01 8.58915091e-01 1.35148734e-01
    3.89269769e-01 8.04089904e-01 9.51439381e-01 3.93470138e-01
    7.43589163e-01 2.82972425e-01 9.85767424e-01 2.21597463e-01
    6.83770657e-01 2.92619526e-01 5.57953417e-01 1.08951420e-01
    9.24793065e-01 9.41527843e-01 2.85369515e-01 4.97641176e-01
    8.42144132e-01 2.67713457e-01 7.35088289e-02 5.84875047e-01
    9.31031942e-01 6.13198578e-01 8.33347440e-01 9.94516492e-01
    8.68703425e-02 7.99410164e-01 9.05734420e-01 7.09831476e-01
    6.59721434e-01 8.60414803e-02 4.01225328e-01 9.40630674e-01
    8.34384441e-01 5.57251573e-02 2.30152875e-01 4.94844139e-01
    5.84437728e-01 9.39191222e-01 8.01682949e-01 3.98803949e-01
    5.98680079e-01 6.98910832e-01 9.74763691e-01 8.37492228e-01
    2.44046569e-01 8.65677118e-01 3.70231956e-01 9.63481784e-01
    7.30307937e-01 4.56193864e-01 6.61861420e-01 2.91509628e-02
    4.94000345e-01 1.40204281e-01 2.70958900e-01 6.63594365e-01
    2.58730650e-01 3.72611165e-01 8.39317203e-01 8.30318570e-01
    6.19002640e-01 2.77945876e-01 2.99192667e-01 3.35568488e-01
    8.93717110e-01 6.72630072e-02 4.08328652e-01 8.16297412e-01
    5.07061124e-01 7.57669449e-01 2.00453967e-01 9.23672557e-01
    4.88200724e-01 2.80013621e-01 6.25589073e-01 2.51159012e-01
    4.98192817e-01 4.23882127e-01 5.06062567e-01 5.23016810e-01
    3.28103006e-01 1.04894400e-01 4.67209905e-01 2.15522885e-01
    2.21301168e-01 5.48142016e-01 5.84350467e-01 5.83378196e-01
    8.46331716e-02 3.74634534e-01 7.78492808e-01 5.69918871e-01
    6.23766243e-01 5.22811413e-01 7.98513472e-01 6.31908178e-01
    7.87494898e-01 4.19083625e-01 8.91221762e-01 8.92459869e-01
    2.06313312e-01 6.70869112e-01 7.77842760e-01 2.96392739e-01
    6.09327853e-01 5.49199581e-02 4.79149401e-01 9.25180137e-01
    7.93591380e-01 2.60231644e-01 2.47149467e-02 8.69342208e-01
    9.34673309e-01 8.15909982e-01 4.36443865e-01 9.29513454e-01
    6.10282481e-01 1.57924324e-01 9.10421133e-01 8.08012247e-01
    1.35229170e-01 2.10265100e-01 8.11379790e-01 3.40829670e-01
    7.74903178e-01 4.16936755e-01 7.03237832e-01 6.51427805e-01
    4.86317396e-01 1.39069378e-01 8.62949371e-01 3.33011121e-01
    7.95911014e-01 2.47277796e-01 8.90925407e-01 5.12833834e-01
    9.49054837e-01 6.40321076e-02 9.39944386e-01 6.70109987e-02
    3.31825018e-03 1.92030817e-01 7.34940410e-01 2.63246953e-01
    3.55629981e-01 5.05689085e-01 4.21026766e-01 6.04419291e-01
    9.25745845e-01 9.66087818e-01 2.09418684e-01 5.63321292e-01
    1.68087959e-01 7.23568678e-01 8.96276832e-01 8.38117599e-01
    6.41558170e-01 5.88068247e-01 5.80022931e-02 5.49985230e-01
    2.67782837e-01 5.47468185e-01 9.97033179e-01 4.93364573e-01
    6.38346851e-01 6.76931977e-01 4.57872450e-02 7.46706963e-01
    4.53073233e-01 5.28400779e-01 8.44582319e-01 7.31432140e-01
    6.30809247e-01 3.56470853e-01 7.97098875e-01 9.43483055e-01
    1.68221921e-01 5.23813963e-01 5.89773953e-01 2.95086026e-01
    5.75621724e-01 8.03275406e-02 4.32003587e-01 5.79420745e-01
    2.94684112e-01 8.77620578e-02 1.10703379e-01 5.62537551e-01
    6.45101368e-01 4.06687498e-01 3.96204054e-01 9.94524837e-01
    5.68586886e-01 3.91762197e-01 7.99118757e-01 4.50737655e-01
    6.15021288e-02 5.56426108e-01 3.13074201e-01 9.82158899e-01
    7.24650383e-01 6.69520617e-01 7.07990944e-01 2.92512774e-02
    8.65550280e-01 3.84379268e-01 7.71168470e-01 6.89412117e-01
    7.76991963e-01 6.03171289e-02 3.29984367e-01 9.69177961e-01
    1.62072033e-01 2.53712535e-01 7.51629889e-01 8.83031845e-01
    7.61749446e-01 4.60755229e-01 4.90707189e-01 6.26620173e-01
    1.08896077e-01 9.67034638e-01 1.96898103e-01 6.03145838e-01
    1.77399606e-01 1.73790812e-01 6.67003632e-01 7.33925283e-01
    3.68704796e-02 3.18361878e-01 7.46677220e-02 8.18014622e-01
    9.58463788e-01 1.37428105e-01 7.54306495e-01 2.03717053e-02
    1.12710834e-01 6.80366516e-01 4.86342430e-01 7.06975639e-01
    8.15515876e-01 6.28313959e-01 9.78921294e-01 8.37106943e-01
    9.36881781e-01 4.94092077e-01 6.00632489e-01 9.78862762e-01
    4.52878714e-01 1.48293316e-01 4.06226635e-01 3.10375541e-01
    4.26141649e-01 4.13862556e-01 3.87098789e-02 9.14882779e-01
    9.77114201e-01 9.84035492e-01 6.60508156e-01 7.92050302e-01
    4.53058749e-01 7.99376249e-01 3.99883747e-01 4.48936880e-01
    6.68390155e-01 9.36872482e-01 4.69193548e-01 4.36043650e-01
    8.37771714e-01 6.49142742e-01 6.42770469e-01 4.69834358e-01
    4.86285418e-01 7.58849382e-01 3.73205632e-01 5.38540244e-01
    7.70435572e-01 9.57801342e-01 5.76141477e-02 8.69043469e-01
    8.50690305e-01 6.23597026e-01 8.12962890e-01 9.47849333e-01
    8.57150555e-02 4.27764893e-01 7.09244967e-01 9.69995975e-01
    3.24621081e-01 6.23656332e-01 9.41643178e-01 4.45411414e-01
    9.79675233e-01 8.86837482e-01 1.21995002e-01 7.55356789e-01
    9.35390532e-01 2.86680371e-01 8.23444724e-01 4.12453651e-01
    7.51106560e-01 2.77342498e-01 7.56410360e-02 7.10421681e-01
    2.72407830e-01 4.58313823e-01 1.78003550e-01 8.91332150e-01
    6.22096658e-01 3.49474013e-01 7.87471652e-01 3.95565301e-01
    9.65723515e-01 8.14257979e-01 9.07877147e-01 1.73311442e-01
    4.06096190e-01 4.22220469e-01 9.88336086e-01 8.61694872e-01
    4.18489218e-01 9.64244127e-01 5.30168116e-01 5.01087844e-01
    2.04766303e-01 1.31750435e-01 5.01893878e-01 1.77032113e-01
    1.03792608e-01 5.23275435e-01 8.69332671e-01 5.29464066e-01
    1.54767811e-01 7.15345860e-01 4.43751514e-02 7.14806378e-01
    1.88620687e-02 2.53970563e-01 1.00311100e-01 2.36076146e-01
    7.72127509e-01 2.76522636e-02 9.55388248e-02 2.19496310e-01
    2.52904803e-01 9.04759407e-01 7.90595472e-01 2.61002779e-02
    6.40892148e-01 6.38122201e-01 1.11014187e-01 5.95720828e-01
    3.29143852e-01 5.51823556e-01 6.51611567e-01 4.02103335e-01
    7.73462236e-01 5.30774713e-01 5.22931218e-01 1.83008224e-01
    2.53719360e-01 7.59975016e-01 3.78112227e-01 7.09401965e-02
    3.08663398e-01 6.48355603e-01 1.01745278e-01 3.94358575e-01
    5.05936563e-01 7.54660964e-01 8.23221028e-01 5.12640417e-01
    7.96290636e-01 8.03792179e-02 2.87877202e-01 5.35313487e-01
    3.84080112e-02 8.25325131e-01 3.70242000e-01 4.33809012e-01
    5.10817289e-01 1.71172500e-01 1.68420255e-01 7.40923584e-02
    9.95449305e-01 1.27401441e-01 5.04406333e-01 3.08196932e-01
    7.05238402e-01 5.54077148e-01 6.82867646e-01 6.69667304e-01
    7.19131708e-01 2.63687968e-02 4.55924153e-01 2.03374147e-01
    4.77935284e-01 2.98751533e-01 2.79027879e-01 6.70896173e-02
    7.71669745e-01 7.39496350e-01 3.67521465e-01 4.61531192e-01
    2.50173748e-01 9.52338576e-02 7.13880301e-01 3.11569571e-02
    9.64128792e-01 6.41940415e-01 1.44666076e-01 6.80863321e-01
    9.72280025e-01 1.88962966e-01 7.17492580e-01 7.27147758e-01
    9.68099475e-01 1.41355902e-01 4.06986773e-02 5.82361519e-02
    8.92288208e-01 8.77633810e-01 5.57726800e-01 3.11783463e-01
    7.02956319e-03 1.93222523e-01 9.24266696e-01 6.09494448e-01
    2.68090010e-01 4.86622304e-01 5.60981631e-02 8.28091502e-01
    1.33562863e-01 9.44538414e-02 8.64836931e-01 3.53634596e-01
    3.81002545e-01 5.34252763e-01 9.95001197e-01 8.37228954e-01
    6.80044949e-01 9.94730651e-01 8.85013819e-01 5.98749995e-01
    4.02381808e-01 2.29775459e-01 1.47771239e-01 9.64406848e-01
    4.70800400e-01 8.25388074e-01 1.38585627e-01 2.41908431e-02
    4.68060642e-01 9.29732323e-01 8.73989046e-01 8.25572491e-01
    9.23493505e-01 9.51285064e-01 6.69976473e-01 9.75940764e-01
    8.13798189e-01 2.59140849e-01 9.00372744e-01 8.54915977e-01
    9.41164494e-01 7.26886392e-01 7.11565614e-02 8.16964209e-01
    3.82457465e-01 5.04632413e-01 2.37308949e-01 4.98183340e-01
    8.29950094e-01 5.98305404e-01 8.55215788e-01 9.51146007e-01
    1.84310585e-01 8.96707237e-01 9.98105228e-01 2.23998517e-01
    3.91881555e-01 5.69126725e-01 8.20456862e-01 4.87664640e-02
    9.84139204e-01 7.46331930e-01 8.28909814e-01 4.15740728e-01
    7.05362916e-01 5.39741576e-01 9.90579367e-01 9.88245428e-01
    8.65586519e-01 9.64071751e-02 9.30558681e-01 6.45958841e-01
    2.65520424e-01 2.99502611e-01 1.12941384e-01 3.21656704e-01
    7.20543563e-02 4.28050756e-01 4.53681469e-01 8.13423276e-01
    5.54379582e-01 2.23551720e-01 2.78160334e-01 5.87741435e-01
    5.74107826e-01 5.34429848e-01 9.66691494e-01 9.99680519e-01
    9.14324522e-02 1.81693047e-01 4.02094215e-01 1.02552474e-02
    5.60033560e-01 2.41778761e-01 7.86104918e-01 4.43714559e-02
    5.81325293e-01 2.44594574e-01 3.71207297e-01 8.92321527e-01
    5.58681488e-01 6.67007804e-01 1.88880265e-02 7.12006986e-02
    3.91035110e-01 1.82163715e-01 5.41178048e-01 6.50668144e-03
    4.20900226e-01 5.45858681e-01 7.99406409e-01 5.10783792e-01
    8.25281680e-01 3.53907585e-01 4.93853480e-01 7.81116664e-01
    8.04517567e-02 4.27377641e-01 3.80072862e-01 8.00618172e-01
    7.30346620e-01 5.42982519e-01 2.29342431e-01 2.22055465e-01
    6.68611348e-01 8.84390354e-01 6.38056159e-01 8.21142793e-01
    2.77674884e-01 3.35941494e-01 2.62262374e-01 6.63817942e-01
    3.51639748e-01 9.48719263e-01 2.49810785e-01 2.92702317e-01
    1.51949286e-01 8.99538338e-01 5.88279068e-01 5.43848634e-01
    7.02890515e-01 9.21128631e-01 8.89966965e-01 1.37339354e-01
    4.60334688e-01 6.66104853e-01 1.37813389e-02 8.42116177e-02
    8.84018540e-02 2.43401647e-01 8.31523240e-02 6.64298236e-01
    2.54968494e-01 3.14916730e-01 2.32588708e-01 7.36130893e-01
    1.41860574e-01 5.58880508e-01 6.33025050e-01 6.90446496e-01
    1.24037117e-01 2.43183523e-01 3.43116820e-01 3.50622296e-01
    6.58899546e-01 3.93704027e-01 9.71614897e-01 8.52392435e-01
    1.56125367e-01 9.96683121e-01 1.14942372e-01 7.21664429e-02
    7.88837433e-01 2.02427626e-01 2.86810577e-01 7.95082688e-01
    7.20118403e-01 7.03778625e-01 5.57470322e-01 4.54757869e-01
    1.03229016e-01 8.36378455e-01 9.82278228e-01 9.06966925e-01
    1.64144397e-01 6.24028027e-01 9.28575099e-02 1.45284534e-02
    5.27784109e-01 3.98181349e-01 6.10004604e-01 6.67356253e-02
    6.26627266e-01 5.24812400e-01 7.22979963e-01 2.52268046e-01
    8.65081310e-01 9.24618602e-01 9.61967647e-01 8.46814513e-01
    4.43712533e-01 8.60948682e-01 1.26458287e-01 2.15767711e-01
    7.16955245e-01 8.70255113e-01 8.32096219e-01 8.85068178e-01
    4.63406652e-01 7.02873588e-01 6.84025586e-02 4.82101291e-01
    5.73927462e-02 7.27784634e-02 5.34499466e-01 1.37386203e-01
    9.74061787e-01 7.69435763e-01 9.91194725e-01 4.56375211e-01
    1.00207835e-01 2.74382979e-01 2.55557001e-02 3.53784055e-01
    4.06306922e-01 9.44020152e-01 2.61110067e-01 3.68572712e-01
    7.33874857e-01 8.80667031e-01 3.16988349e-01 5.36309898e-01
    2.20294833e-01 1.78506166e-01 1.94386274e-01 2.41732836e-01
    2.89846182e-01 6.19991243e-01 8.59580874e-01 5.58791876e-01
    8.96160245e-01 6.66512609e-01 2.68360436e-01 7.14333475e-01
    8.91680360e-01 8.28087091e-01 3.53203475e-01 8.10985923e-01
    9.78504717e-02 5.69298208e-01 4.72194105e-01 5.79505384e-01
    4.48852628e-01 6.71255946e-01 9.65260744e-01 8.00445080e-01
    4.99260962e-01 8.88117433e-01 3.88860703e-04 7.96921492e-01
    4.53259766e-01 3.93012166e-03 5.06777048e-01 4.29724514e-01
    2.61967212e-01 6.44583464e-01 2.55048335e-01 9.61983323e-01
    2.30785429e-01 3.53239000e-01 5.34458220e-01 7.97511041e-01
    6.63808048e-01 2.83730507e-01 8.29234362e-01 1.43902630e-01
    8.11656415e-02 8.28381896e-01 4.91269857e-01 7.18345344e-02
    2.15436280e-01 9.78370309e-01 3.94060522e-01 3.58127773e-01
    6.74737096e-01 2.43996412e-01 6.51099563e-01 1.76270843e-01
    9.28700447e-01 2.97459215e-01 2.69736588e-01 5.12821138e-01
    9.00086462e-02 6.21988833e-01 3.23257923e-01 6.49456501e-01
    2.15719640e-02 7.30747402e-01 1.67177379e-01 1.34676069e-01
    7.85803437e-01 1.54906511e-01 9.29367006e-01 5.44570744e-01
    2.54342616e-01 7.98240781e-01 1.54890060e-01 1.18600249e-01
    2.51152903e-01 1.10904872e-01 8.33471119e-02 7.22367764e-02
    5.98280489e-01 1.37715399e-01 9.51815784e-01 2.80452609e-01
    5.92888474e-01 1.01493478e-01 3.94625068e-01 5.76443255e-01
    7.00114369e-01 6.55913949e-01 6.23148680e-01 8.94595742e-01
    4.75976557e-01 2.65491337e-01 9.69665825e-01 1.60538852e-02
    5.10296881e-01 9.25772905e-01 6.50196075e-01 3.39164078e-01
    3.60390216e-01 3.90501976e-01 5.77611327e-01 1.39771998e-02
    8.41631949e-01 2.77964592e-01 9.92497802e-01 4.21049714e-01
    2.82599032e-01 7.94615030e-01 6.93711340e-02 3.03846538e-01
    1.84291005e-01 2.04659164e-01 1.78579509e-01 6.45155430e-01
    9.15556908e-01 3.96646500e-01 8.23041558e-01 7.78328478e-01
    2.60801017e-02 2.86986530e-02 9.27186489e-01 8.37469220e-01
    9.83783245e-01 1.75682664e-01 9.77019668e-01 3.54432344e-01
    6.47302568e-01 6.49961054e-01 3.72935832e-02 1.03055030e-01
    6.42377138e-01 5.39534390e-01 9.25534844e-01 7.11359262e-01
    2.54457295e-01 8.37125897e-01 3.07849973e-01 5.31528294e-02
    4.09415185e-01 5.73235989e-01 8.84590387e-01 2.35290349e-01
    3.23433638e-01 9.27774608e-02 6.43809259e-01 8.86171937e-01
    4.90150571e-01 5.37247360e-01 4.43904579e-01 5.55936635e-01
    2.31450975e-01 7.99342096e-02 3.34780306e-01 3.26082230e-01
    7.63531029e-01 8.92340124e-01 2.52439588e-01 3.63860220e-01
    9.12739396e-01 4.42775011e-01 1.63331985e-01 2.85918027e-01
    1.46015644e-01 1.51688606e-01 1.92088425e-01 9.15136695e-01
    4.06860739e-01 1.40199393e-01 3.97658408e-01 9.02269125e-01
    4.85346526e-01 3.28053117e-01 9.74422157e-01 4.87426013e-01
    8.10465693e-01 6.41996384e-01 5.90239227e-01 6.38014555e-01
    3.67367566e-02 2.07470894e-01 5.75771928e-01 4.11450982e-01
    3.30475926e-01 7.31793523e-01 2.14442134e-01 5.40564656e-01
    6.02657914e-01 3.83615792e-02 9.76078749e-01 3.79863381e-01
    7.90603101e-01 8.17526817e-01 4.91263151e-01 7.80454695e-01
    3.29935253e-01 3.46919596e-02 5.44472575e-01 8.26315224e-01
    4.61677492e-01 5.32311797e-01 3.97557855e-01 2.41154313e-01
    9.59182799e-01 8.57363522e-01 4.00919110e-01 3.16588998e-01
    4.83213812e-01 1.15966350e-01 6.65820479e-01 6.56704426e-01
    4.51424807e-01 1.32421494e-01 3.88686955e-02 9.00872231e-01
    8.30668807e-02 9.06565666e-01 5.28058112e-02 5.23399830e-01
    6.02404952e-01 4.26499009e-01 3.94987673e-01 1.06905609e-01
    9.48963583e-01 6.45087600e-01 7.97311664e-01 8.39310288e-01
    5.49596846e-01 8.75736952e-01 6.28670096e-01 5.07942200e-01
    3.99120957e-01 7.45937407e-01 8.48861217e-01 1.27487600e-01
    6.09014392e-01 8.59079480e-01 6.06994987e-01 5.00951409e-01
    8.45277667e-01 2.95299888e-01 4.44657534e-01 8.26321959e-01
    6.90298378e-02 3.05626810e-01 3.47597122e-01 6.20194435e-01
    1.52326584e-01 1.21264160e-02 6.23462558e-01 4.93169963e-01
    1.77649558e-01 1.55640721e-01 5.16006351e-03 5.17700374e-01
    8.35872173e-01 8.63554299e-01 3.72802138e-01 7.52136707e-01
    2.65082598e-01 2.54789174e-01 6.44856215e-01 1.96896642e-01
    6.47025704e-01 4.63644356e-01 2.22804904e-01 6.11385703e-03
    3.00443172e-02 4.16253209e-01 1.42351955e-01 3.52616727e-01
    2.98770756e-01 1.31904900e-01 1.83912218e-02 1.88200474e-01
    2.45394886e-01 5.51585257e-01 2.20449269e-01 1.01179779e-01
    6.46932900e-01 3.66036892e-01 6.09324932e-01 9.01634693e-01
    1.80672050e-01 8.99058938e-01 2.50520349e-01 7.67017245e-01
    5.29019237e-01 8.43238354e-01 8.59725118e-01 2.50506043e-01
    6.67743981e-01 7.94126749e-01 4.27031338e-01 8.19725275e-01
    7.14767575e-01 6.37563169e-02 7.48563111e-02 8.11535358e-01
    2.80793369e-01 1.67197347e-01 1.31204069e-01 9.15671408e-01
    6.11971617e-01 9.29453492e-01 9.91391063e-01 9.74032879e-01
    9.97034192e-01 5.09304702e-01 5.45604110e-01 4.82115299e-01
    1.60884380e-01 5.84891558e-01 8.44599485e-01 1.28060877e-01
    4.03892696e-01 2.48390496e-01 8.91803026e-01 4.01516438e-01
    7.83719540e-01 2.62508988e-01 5.33968627e-01 3.64857733e-01
    9.16752934e-01 1.72411740e-01 9.22875702e-02 8.25152278e-01
    4.58268613e-01 8.43741298e-01 3.51027489e-01 3.62923682e-01
    1.82200193e-01 3.49649489e-01 1.88117892e-01 1.47215426e-01
    7.93718338e-01 5.51499426e-02 4.03822958e-02 8.69844913e-01
    4.92413163e-01 5.76983213e-01 3.05910707e-01 6.67814612e-01
    1.41946495e-01 2.63110012e-01 2.86471844e-02 7.13543713e-01
    9.51986670e-01 2.38424361e-01 4.56574202e-01 6.95917189e-01
    7.28792965e-01 3.39453578e-01 8.74234378e-01 1.53615266e-01
    7.23443270e-01 8.89107347e-01 4.67336208e-01 4.07312930e-01
    8.89825821e-01 3.40138555e-01 4.15145665e-01 2.38266170e-01
    3.38835955e-01 3.80788505e-01 6.13398910e-01 1.09721005e-01
    8.97793889e-01 6.76798344e-01 8.64883184e-01 9.07716036e-01
    1.58159614e-01 5.58218062e-01 8.90371203e-01 2.50271887e-01
    7.67369390e-01 7.94295669e-02 1.73912883e-01 6.07073307e-01
    4.03442144e-01 5.81765354e-01 7.84059286e-01 6.59800649e-01
    4.69287306e-01 7.70437419e-01 8.96838903e-01 4.98909086e-01
    1.56161755e-01 8.72777700e-02 2.15640724e-01 2.17146397e-01
    1.19619578e-01 9.12462771e-02 5.72113156e-01 1.34474069e-01
    8.93164456e-01 3.52225006e-01 3.72664809e-01 9.53475356e-01
    9.93312120e-01 9.74279523e-01 6.86356425e-03 5.87600648e-01
    9.52621281e-01 3.33415806e-01 3.91797125e-01 9.28743184e-02
    8.85807931e-01 5.63165128e-01 8.84999871e-01 2.08405107e-01
    6.00181460e-01 9.20295179e-01 7.73056507e-01 5.58658063e-01
    2.45941937e-01 6.58103228e-02 6.67409897e-01 6.10163331e-01
    5.20810664e-01 9.14615810e-01 7.53747225e-01 4.99297798e-01
    7.53502250e-02 3.43546808e-01 5.33231974e-01 1.75204813e-01
    6.64717257e-02 3.57965827e-01 4.64297235e-01 1.44728869e-01
    7.85058498e-01 8.41385782e-01 8.40744078e-02 5.57259917e-02
    3.90989453e-01 1.98925614e-01 3.62426579e-01 5.24094045e-01
    4.85145301e-01 8.64599884e-01 5.48627675e-01 2.38522857e-01
    2.62251556e-01 1.14908427e-01 3.17328811e-01 7.20966697e-01
    9.97614384e-01 1.75426185e-01 2.94515491e-02 8.17274690e-01
    3.59214365e-01 6.49787545e-01 1.01557970e-02 8.21418285e-01
    6.17089272e-01 5.67849934e-01 3.43024135e-02 8.54418516e-01
    4.05905455e-01 2.01051861e-01 5.79186022e-01 4.53940064e-01
    5.58188736e-01 6.25425100e-01 5.54847121e-02 5.38763404e-03
    5.93973577e-01 4.50880975e-01 5.01255572e-01 1.89079434e-01
    2.34253317e-01 8.14444184e-01 2.64233828e-01 7.23987401e-01
    3.50493670e-01 8.48801136e-01 8.26438069e-01 7.06253648e-02
    6.82669699e-01 4.51189041e-01 1.82119370e-01 6.83575630e-01
    9.37470198e-01 4.95467007e-01 7.13952661e-01 8.58949304e-01
    9.03216124e-01 1.48908794e-01 5.81524372e-01 6.18430555e-01
    4.30033088e-01 9.79554832e-01 8.62642825e-01 1.96888924e-01
    8.24324608e-01 8.29278350e-01 6.78478837e-01 7.41240144e-01
    4.49637234e-01 5.07840037e-01 3.46740812e-01 5.37636399e-01
    5.78540623e-01 1.68668032e-01 6.11554623e-01 9.92346644e-01
    8.88851583e-02 4.34559792e-01 1.02367699e-02 6.20661259e-01
    6.76940262e-01 4.45727527e-01 1.67803615e-01 6.81922257e-01
    4.56681937e-01 5.83116174e-01 7.90891886e-01 2.03772366e-01
    5.06447911e-01 3.79842460e-01 9.27401185e-02 2.71838456e-01
    9.44005370e-01 6.03550911e-01 3.48680317e-01 4.50446367e-01
    3.28086019e-02 7.21153617e-01 2.10216254e-01 2.56647110e-01
    1.08675152e-01 5.28683245e-01 4.54970658e-01 7.53165603e-01
    3.73879254e-01 2.22504139e-02 3.76866460e-02 7.49261677e-01
    9.21877146e-01 8.68894756e-02 7.85537720e-01 1.71174973e-01
    3.48369628e-01 3.29712301e-01 2.36000508e-01 1.14986986e-01
    1.21746272e-01 9.32385266e-01 8.53154659e-01 9.10343170e-01
    5.54327667e-01 1.69754237e-01 9.38974798e-01 2.86695123e-01
    7.46423900e-01 6.93577230e-01 5.02485156e-01 7.51797855e-01
    8.63773525e-02 1.57072246e-02 2.21215785e-01 8.41960073e-01
    2.43441701e-01 4.48025972e-01 4.33892429e-01 5.03740072e-01
    6.05217457e-01 4.10843283e-01 4.50358838e-01 6.04991853e-01
    5.38343012e-01 9.23252404e-02 4.24746245e-01 4.33039844e-01
    8.90475392e-01 2.50535786e-01 6.75064683e-01 9.73885298e-01
    9.83116508e-01 3.28274548e-01 2.18719214e-01 9.95735526e-01
    9.63200331e-01 6.05135977e-01 5.03535748e-01 5.58827758e-01
    3.39880764e-01 4.46958303e-01 1.21757895e-01 7.49919355e-01
    9.25185204e-01 4.03408170e-01 5.15154302e-01 6.22513056e-01
    1.52000397e-01 1.78562135e-01 4.17243659e-01 3.15471530e-01
    7.63864040e-01 1.07378364e-02 4.02862042e-01 6.12782359e-01
    5.97853363e-01 1.42339617e-01 2.13256091e-01 7.90230095e-01
    7.78689563e-01 7.73835540e-01 4.15397286e-02 7.45703459e-01
    6.80895627e-01 2.71147609e-01 1.96751148e-01 5.18853784e-01
    9.39501226e-01 1.73743963e-02 1.65731966e-01 3.25304449e-01
    1.77103698e-01 1.25086218e-01 1.13608599e-01 2.07242548e-01
    6.21448636e-01 4.53031063e-01 2.86987662e-01 2.15538412e-01
    2.15855151e-01 8.58126402e-01 7.95592070e-02 5.60460567e-01
    4.23506737e-01 3.32064509e-01 2.13870376e-01 6.38909101e-01
    9.70027745e-01 9.26366448e-01 4.57468331e-02 8.99773359e-01
    9.58378911e-02 8.86785090e-02 8.84993672e-02 8.71955454e-02
    4.93910909e-03 7.31800139e-01 7.42301226e-01 4.22924757e-03
    8.79116416e-01 6.49432719e-01 6.43749177e-01 7.49983668e-01
    6.87976003e-01 8.06305170e-01 9.99817491e-01 8.76224518e-01
    1.63706034e-01 1.28583133e-01 8.02754581e-01 2.41196603e-01
    8.46803546e-01 5.82470179e-01 3.20409179e-01 2.76553839e-01
    1.08815253e-01 9.96366382e-01 7.82847106e-02 5.24255395e-01
    2.26773918e-02 8.10835719e-01 2.02488273e-01 4.28560346e-01
    3.87307495e-01 7.73702145e-01 7.67029166e-01 2.88812697e-01
    4.22347128e-01 9.73923922e-01 8.22676539e-01 3.97652239e-01
    7.55268216e-01 9.26606178e-01 1.28623843e-01 5.96846104e-01
    3.64233315e-01 1.00387007e-01 1.20162696e-01 8.22031498e-01
    1.69830352e-01 6.92941487e-01 4.44360882e-01 6.40410721e-01
    7.42725253e-01 3.12096298e-01 8.30603361e-01 7.70599484e-01
    4.52162236e-01 1.86881870e-01 9.35653448e-01 7.37225950e-01
    6.70658946e-01 2.64510810e-01 6.61079466e-01 4.50484604e-01
    9.31403041e-01 1.65584713e-01 4.80073094e-02 2.14307189e-01
    5.73054910e-01 5.66358984e-01 4.90490645e-01 6.35761440e-01
    5.28178632e-01 5.62758446e-01 4.06068563e-01 3.68082881e-01
    7.82950878e-01 6.27912581e-01 7.25578606e-01 8.56852174e-01
    2.43261725e-01 9.40402865e-01 1.53326988e-01 6.08914912e-01
    1.44251883e-01 4.96169925e-01 7.68424392e-01 8.64548802e-01
    9.02424455e-01 4.33559746e-01 7.56230474e-01 5.10663986e-02
    2.52015769e-01 9.24003541e-01 7.30840564e-01 1.98921263e-01
    7.66901851e-01 9.93969202e-01 9.96158838e-01 1.40202910e-01
    9.72148061e-01 2.18339503e-01 4.26976979e-02 6.79848194e-02
    2.29966879e-01 7.95537829e-01 9.53894258e-01 4.26345885e-01
    6.39342725e-01 7.16180801e-01 2.38522649e-01 7.39810050e-01
    9.65841532e-01 8.91103566e-01 9.70441878e-01 9.24572825e-01
    8.44961524e-01 9.22824144e-01 2.47857004e-01 2.36385077e-01
    2.21462160e-01 7.43730187e-01 7.72501349e-01 1.90110385e-01
    9.22033668e-01 2.38501728e-02 9.21804011e-01 2.08758473e-01
    6.22478545e-01 6.43094480e-02 4.25669521e-01 3.50552917e-01
    5.57054520e-01 5.46104074e-01 6.21907711e-01 7.76518226e-01
    6.96807325e-01 9.80921149e-01 4.80778247e-01 1.57671690e-01
    1.89390600e-01 5.98901510e-03 5.40454209e-01 3.46252680e-01
    8.16055238e-02 1.68225586e-01 2.17902035e-01 7.53155947e-01
    6.69259548e-01 4.65472519e-01 3.28310072e-01 7.41549134e-01
    9.99048591e-01 9.15335059e-01 5.39603829e-03 3.71703923e-01
    4.64017987e-01 3.10481220e-01 7.88615823e-01 3.55740160e-01
    8.34059477e-01 6.98352993e-01 7.79291987e-01 4.98007596e-01
    8.98601353e-01 5.71786225e-01 9.23268437e-01 2.33804882e-02
    6.74736857e-01 8.69736433e-01 7.01716840e-02 2.62489319e-01
    2.51517832e-01 3.31637442e-01 6.21725142e-01 3.98132861e-01
    5.47006011e-01 3.15659374e-01 9.13251877e-01 1.89080000e-01
    8.93836379e-01 2.95906484e-01 2.45019615e-01 7.35162675e-01
    1.81979328e-01 9.08921599e-01 9.83283281e-01 5.49833834e-01
    2.79380322e-01 7.31844068e-01 2.84651279e-01 5.94567239e-01
    1.09413087e-01 4.20502156e-01 7.42669344e-01 6.94642782e-01
    4.16013390e-01 6.40427172e-01 3.88653219e-01 7.04903603e-01
    3.17523301e-01 1.66866332e-01 2.72335410e-01 3.61726612e-01
    8.16745639e-01 6.07972443e-01 7.51375079e-01 6.26488566e-01
    2.27281511e-01 5.63957572e-01 3.07858050e-01 3.38729739e-01
    9.74628687e-01 5.43842435e-01 6.29451871e-01 3.48207563e-01
    9.60835218e-01 8.61413419e-01 7.77879655e-01 1.42985046e-01
    9.41600323e-01 4.95747983e-01 2.89826035e-01 8.11774135e-01
    9.08219457e-01 5.92853904e-01 4.93045747e-01 7.99884200e-02
    3.30260277e-01 3.02388072e-01 4.60255414e-01 6.91911578e-01
    1.73409164e-01 9.03418183e-01 9.85427380e-01 4.50237572e-01
    6.24523163e-01 1.31889045e-01 9.57218230e-01 8.75422597e-01
    6.66824400e-01 7.45045245e-01 5.04418015e-01 1.38221323e-01
    9.28096175e-01 4.94321227e-01 8.47784579e-02 5.21883726e-01
    1.87425196e-01 1.06898189e-01 2.53311276e-01 4.90387410e-01
    6.62756860e-01 7.70482302e-01 5.61272025e-01 6.24122560e-01
    9.99074221e-01 2.15041310e-01 3.03704441e-02 6.62639081e-01
    7.51483560e-01 8.60953689e-01 3.08564186e-01 4.58343625e-01
    1.96577013e-01 4.42267805e-01 6.26479268e-01 4.18284327e-01
    7.46162117e-01 3.09219539e-01 6.37879074e-02 5.17877340e-01
    4.86778826e-01 7.82843173e-01 4.41303581e-01 4.47191656e-01
    8.04195762e-01 5.43383241e-01 4.65285867e-01 6.48929536e-01
    4.45850939e-01 1.69449270e-01 9.63641465e-01 8.73984635e-01
    3.55326205e-01 7.55262733e-01 2.90273070e-01 2.82373130e-01
    3.94387394e-01 3.97427797e-01 3.15891683e-01 2.18741894e-02
    2.50990450e-01 1.40825540e-01 3.38499248e-02 2.33085245e-01
    1.98647439e-01 6.97492659e-01 1.71139121e-01 2.37087429e-01
    6.17153883e-01 9.49419975e-01 4.15839195e-01 5.33852756e-01
    6.23064518e-01 5.52362859e-01 2.00960040e-02 8.02476227e-01
    3.35610271e-01 7.70476520e-01 9.25526142e-01 9.08785224e-01
    7.85131931e-01 6.96195245e-01 3.93106401e-01 3.66972923e-01
    3.57229531e-01 3.51965427e-05 9.35679078e-01 4.81082678e-01
    6.33697510e-01 9.77776527e-01 3.38445902e-02 6.50754571e-02
    2.84530073e-01 7.46119440e-01 2.28138506e-01 2.90595114e-01
    7.32925594e-01 7.22908318e-01 7.40057826e-01 3.94288749e-01
    9.95135784e-01 5.76862693e-01 7.10205317e-01 5.26461363e-01
    8.25030923e-01 9.97177839e-01 7.87951946e-01 1.61903113e-01
    3.04934800e-01 1.07394308e-01 8.82571340e-01 7.40032136e-01
    9.51839626e-01 2.38958865e-01 7.93400049e-01 9.98836160e-01
    2.34981686e-01 9.07070994e-01 3.35125566e-01 4.39167470e-01
    7.23740160e-02 8.72731268e-01 6.64677024e-02 4.91567254e-02
    7.49994636e-01 4.00161564e-01 3.36384058e-01 5.75368464e-01
    7.09756017e-01 8.27843547e-02 2.86344826e-01 7.08821058e-01
    3.55538607e-01 4.21258092e-01 4.73587215e-01 8.25282335e-01
    5.87250113e-01 7.36203194e-01 1.92663670e-01 9.06167269e-01
    6.46671891e-01 8.87171566e-01 8.36223006e-01 6.89908087e-01
    3.40693206e-01 9.79828835e-02 9.24749374e-01 8.94032240e-01
    4.85799134e-01 4.48478490e-01 4.23244655e-01 4.95276153e-02
    9.10823047e-02 6.14091337e-01 5.57839930e-01 9.78829145e-01
    6.04756653e-01 6.11943901e-01 1.02643341e-01 2.66672790e-01
    3.87008160e-01 1.44576937e-01 5.34100533e-01 8.99462640e-01
    7.52559304e-02 4.47167516e-01 3.20635736e-01 5.02304137e-02
    6.83433473e-01 7.86538422e-01 5.74112177e-01 7.55822062e-02
    9.74160552e-01 5.09078920e-01 3.85167450e-01 4.79683757e-01
    6.30272150e-01 6.13556623e-01 5.11718750e-01 4.54760164e-01
    2.28928447e-01 5.46290517e-01 9.05572057e-01 7.72941113e-02
    6.06440604e-02 6.13300800e-01 5.71290553e-02 1.29413098e-01
    9.29666102e-01 8.20540667e-01 4.63058442e-01 7.98309267e-01
    1.88502222e-01 2.31294394e-01 9.03322816e-01 9.03896630e-01
    4.06107903e-02 4.02670145e-01 2.05016941e-01 8.20183873e-01
    5.06845653e-01 1.86296523e-01 4.45344090e-01 7.28807271e-01
    4.61094826e-01 5.02488017e-03 6.48122728e-02 5.01277447e-01
    5.67932487e-01 8.54875803e-01 4.64506030e-01 6.55012488e-01
    2.81384885e-01 6.72393322e-01 2.87947953e-02 3.04799318e-01
    6.27806365e-01 2.40501016e-01 2.77944267e-01 7.03064382e-01
    4.71385360e-01 9.60106194e-01 6.82745278e-02 2.40138203e-01
    3.82230848e-01 5.80807924e-01 5.71092427e-01 1.31902456e-01
    9.20018673e-01 4.10982162e-01 2.49235630e-01 2.33247638e-01
    3.68559361e-02 4.47517246e-01 7.41476178e-01 8.95421088e-01
    2.64864385e-01 6.39408231e-01 6.44493103e-01 6.62269294e-02
    3.55024278e-01 4.24178720e-01 6.61520720e-01 9.28377569e-01
    6.72857463e-02 6.58968270e-01 7.29272664e-01 5.80062270e-02
    1.20357573e-01 4.76784945e-01 9.60548580e-01 2.52479196e-01
    9.04273212e-01 6.55853808e-01 1.69410884e-01 4.05523092e-01
    7.56586134e-01 5.43945253e-01 2.96987832e-01 3.78979385e-01
    9.94339943e-01 5.44515669e-01 7.67852068e-02 6.60656035e-01
    4.02559757e-01 8.77158940e-01 1.10567480e-01 9.09837604e-01
    6.17954493e-01 1.61161274e-01 2.97262549e-01 7.64166474e-01
    5.51990330e-01 1.11746848e-01 6.49150014e-01 4.50033277e-01
    1.15596712e-01 5.08814752e-02 2.54677922e-01 6.45198107e-01
    6.96462214e-01 8.57430100e-01 2.39048272e-01 2.00814992e-01
    3.14782858e-01 5.86532950e-02 5.35567760e-01 6.14386618e-01
    2.57134855e-01 9.84487057e-01 5.78632176e-01 2.90615320e-01
    3.43999624e-01 7.04722166e-01 8.10974240e-01 8.71763229e-02
    3.07175756e-01 1.48662776e-01 9.22519743e-01 8.41434598e-01
    8.52422774e-01 1.51663452e-01 6.28734589e-01 4.98382479e-01
    4.57714230e-01 4.62896138e-01 1.57581836e-01 7.26534545e-01
    7.93375254e-01 7.29688704e-02 1.91308141e-01 7.94630647e-02
    4.04558182e-01 2.57805347e-01 5.74469805e-01 5.83662629e-01
    1.87033564e-01 5.21306276e-01 9.59952474e-02 1.55185074e-01
    1.70380205e-01 8.09093475e-01 7.59705424e-01 6.04394078e-01
    6.43073678e-01 6.59125149e-01 4.36801314e-01 6.64458632e-01
    9.02204156e-01 9.11212802e-01 4.59172606e-01 1.97632134e-01
    6.23258650e-02 1.49716437e-01 8.72709155e-02 3.96509171e-02
    4.22661364e-01 1.68258160e-01 6.85050488e-01 6.31696582e-01
    2.86161721e-01 5.99990308e-01 1.80868208e-02 3.65143239e-01
    4.45617020e-01 9.25636947e-01 9.79572535e-01 5.44127822e-01
    8.96950126e-01 8.52738619e-01 6.57222033e-01 2.23210245e-01
    2.44049221e-01 4.68237400e-02 9.02746081e-01 7.18330741e-01
    3.34537238e-01 7.56516755e-01 3.85395288e-01 1.57325387e-01
    9.36669588e-01 1.16232038e-03 2.22289681e-01 8.06067646e-01
    9.95860815e-01 2.60125995e-02 4.92572933e-01 1.29369915e-01
    5.98731995e-01 3.78781468e-01 2.31401622e-02 1.65572792e-01
    1.92681819e-01 4.15418625e-01 2.14196950e-01 9.54340100e-01
    4.30945575e-01 7.67920136e-01 9.12539721e-01 6.97751224e-01
    9.74423826e-01 8.10486138e-01 5.58225274e-01 6.33222640e-01
    1.71170205e-01 7.24044800e-01 2.21977323e-01 8.42385709e-01
    3.89907897e-01 5.91607690e-01 3.35112810e-02 9.33551788e-01
    1.03301138e-01 9.02682245e-01 2.26789027e-01 3.91434193e-01
    4.43968683e-01 4.39131588e-01 1.21067077e-01 6.37378275e-01
    3.40196550e-01 7.86479235e-01 6.42750978e-01 7.89605379e-01
    5.06444514e-01 8.94349515e-01 5.65253437e-01 3.44938636e-01
    4.37520325e-01 9.15665448e-01 6.63990438e-01 9.15418029e-01
    1.37956887e-01 9.97627378e-02 5.19944906e-01 3.80829304e-01
    6.19753599e-02 9.84202266e-01 6.92240953e-01 6.13421738e-01
    1.77979469e-04 8.06334198e-01 1.58728838e-01 7.85173178e-01
    5.79359591e-01 8.04439485e-01 5.78859448e-03 8.68006945e-01
    4.29254651e-01 5.30998051e-01 4.50147927e-01 6.03621483e-01
    4.28402334e-01 5.26941895e-01 8.38522136e-01 8.31445456e-02
    7.78870463e-01 3.22297692e-01 9.79102135e-01 7.10588098e-01
    6.76893830e-01 9.51490402e-01 5.83370447e-01 4.01420027e-01
    5.88582516e-01 9.48804677e-01 5.72358966e-02 3.17609459e-01
    3.60942036e-01 2.11184323e-01 1.71422154e-01 1.23343557e-01
    7.60572195e-01 3.54555249e-02 1.78032815e-01 9.03235793e-01
    5.95934510e-01 2.77321637e-01 6.56438351e-01 2.18360275e-01
    6.31867349e-01 5.26663661e-01 1.52606726e-01 3.30990463e-01
    8.68089199e-01 5.62596440e-01 3.80658448e-01 2.54854918e-01
    5.00480652e-01 9.49393570e-01 3.99048299e-01 3.94030511e-02
    4.23138976e-01 1.95661068e-01 5.23179829e-01 3.74758631e-01
    9.90511537e-01 2.94066012e-01 6.71490788e-01 1.53346658e-02
    1.06346607e-02 1.02418721e-01 6.44823432e-01 5.31962633e-01
    6.79971099e-01 6.82373643e-02 6.46687746e-01 3.27874720e-01
    8.95796299e-01 7.20750093e-01 2.81599462e-01 4.16846395e-01
    2.17801839e-01 3.16725612e-01 7.85273671e-01 6.52125776e-01
    1.70768887e-01 8.30785692e-01 5.78111410e-02 5.06249964e-01
    2.76655078e-01 1.19944096e-01 5.67301929e-01 8.26551795e-01
    1.94304258e-01 3.15798700e-01 5.28868318e-01 7.12172031e-01
    4.54719543e-01 6.80526972e-01 5.82542658e-01 7.91897058e-01
    8.42312694e-01 8.20628405e-02 4.89214778e-01 2.39724666e-01
    6.64906263e-01 4.39042270e-01 9.64825869e-01 4.16163057e-01
    3.04719895e-01 8.57179224e-01 5.37116826e-01 1.21651441e-01
    1.59300476e-01 1.99943751e-01 5.72368324e-01 7.83165932e-01
    6.42662942e-02 9.21819031e-01 4.92988199e-01 3.94958824e-01
    6.93971217e-01 7.69256353e-01 6.39281869e-01 5.74475884e-01
    2.42915422e-01 8.40129852e-01 5.78270495e-01 7.13309884e-01
    2.54486144e-01 1.02444559e-01 9.44830298e-01 8.34437370e-01
    2.67453879e-01 8.06973398e-01 7.94133604e-01 3.52799594e-02
    6.46552086e-01 1.69635803e-01 1.88752562e-01 5.61181128e-01
    8.58115673e-01 2.97104448e-01 9.10772562e-01 2.45149344e-01
    2.74568379e-01 6.73798144e-01 6.52267039e-02 1.73090726e-01
    3.74663144e-01 8.36454391e-01 5.70416987e-01 5.81564069e-01
    7.53056288e-01 6.67686701e-01 9.11798120e-01 5.03216505e-01
    2.91663915e-01 2.31620014e-01 3.65794837e-01 8.94133031e-01
    3.67775261e-02 6.98502541e-01 1.27218515e-01 2.87863612e-01
    3.09834480e-01 7.99081683e-01 8.31142664e-02 1.08047634e-01
    9.38715219e-01 9.66459453e-01 4.63586211e-01 6.01580203e-01
    7.82188177e-02 8.97323430e-01 6.95932031e-01 2.29115963e-01
    5.65021455e-01 2.64919937e-01 2.98822016e-01 8.96286368e-01
    4.10245061e-02 4.75602329e-01 8.49320710e-01 7.15260088e-01
    2.65606105e-01 5.10823607e-01 8.90128314e-01 3.36542368e-01
    5.68824410e-01 8.85457993e-01 2.46433049e-01 3.11185181e-01
    4.90110308e-01 9.65448380e-01 7.79719353e-01 2.36035913e-01
    5.08253098e-01 2.85621464e-01 1.28306150e-01 1.17667884e-01
    8.53379071e-01 9.31707501e-01 7.16789722e-01 9.93802547e-01
    6.75697327e-01 6.21005118e-01 6.64450169e-01 6.52386367e-01
    8.28117847e-01 1.24241740e-01 9.18006420e-01 9.26117182e-01
    2.08504468e-01 2.75733173e-01 4.56978559e-01 3.34108353e-01
    1.36268139e-02 9.07627523e-01 8.52622032e-01 8.30562413e-02
    7.23523676e-01 3.82203341e-01 9.01662230e-01 5.03333211e-01
    6.03827000e-01 5.59685826e-01 8.66711617e-01 8.18296969e-02
    7.64455199e-01 8.90947938e-01 5.22853255e-01 6.37367249e-01
    5.26549160e-01 2.36922741e-01 8.89177322e-01 7.49687314e-01
    1.40247226e-01 9.18281078e-01 8.44088674e-01 8.06566060e-01
    5.25131047e-01 8.39888155e-01 2.68043995e-01 1.02759778e-01
    7.49284029e-01 1.69284910e-01 7.57733226e-01 7.74228871e-02
    4.43184644e-01 5.63531458e-01 9.63357329e-01 1.97139978e-01
    9.86188531e-01 4.02209818e-01 3.84281516e-01 2.82000959e-01
    8.97721291e-01 5.50433099e-02 6.61811709e-01 4.37095344e-01
    7.10021257e-01 6.95942640e-01 2.77926385e-01 3.77363801e-01
    8.24276805e-01 6.43828809e-02 3.69850636e-01 6.79440022e-01
    9.94384050e-01 3.36097628e-01 2.56984204e-01 1.37339354e-01
    8.14901948e-01 1.36449188e-01 8.33335757e-01 1.85999125e-01
    1.24321103e-01 1.34094983e-01 6.00499630e-01 4.13466424e-01
    5.94232082e-01 5.55922806e-01 2.43901610e-02 4.39807445e-01
    7.90094972e-01 3.93120646e-02 3.77785236e-01 4.66834068e-01
    4.79580820e-01 7.91525543e-01 3.02254915e-01 6.96156621e-01
    4.78169829e-01 9.79018331e-01 2.78254807e-01 6.52402759e-01
    1.82257533e-01 5.53794622e-01 1.64123118e-01 8.85242224e-01
    3.98203760e-01 1.46953464e-01 5.03074229e-01 9.39550161e-01
    1.30996823e-01 4.43279445e-02 3.76127124e-01 3.81430626e-01
    5.83053827e-01 1.77366644e-01 7.14621305e-01 5.75332940e-01
    8.70044231e-01 3.31274629e-01 1.73226446e-01 8.53789270e-01
    9.51448083e-02 2.25983262e-01 2.39484966e-01 9.39487696e-01
    1.75409168e-01 8.28293204e-01 1.79423898e-01 6.72444284e-01
    6.92065299e-01 8.02301764e-01 1.60653055e-01 7.89094210e-01
    4.27342057e-01 6.40099406e-01 9.37054098e-01 4.04891938e-01
    7.33795285e-01 2.39454091e-01 4.45094347e-01 1.33850098e-01
    9.00436282e-01 7.07256973e-01 6.87152147e-04 3.97865474e-01
    7.04371870e-01 2.91807294e-01 7.36266315e-01 3.05530548e-01
    6.28750622e-01 4.68644649e-01 8.52938592e-01 7.14285970e-01
    1.45677119e-01 5.67892015e-01 2.64473021e-01 5.79876065e-01
    7.69595742e-01 3.36096227e-01 3.09799135e-01 2.58371055e-01
    7.74527133e-01 1.01720512e-01 7.57977009e-01 9.32870507e-01
    2.20812440e-01 8.24481726e-01 4.47652012e-01 1.59717858e-01
    9.46556449e-01 8.33292127e-01 7.57025123e-01 2.95455277e-01
    8.63888621e-01 7.58525491e-01 9.80774879e-01 7.69965649e-01
    6.62766933e-01 4.02308702e-01 9.08909738e-02 8.36822987e-02
    4.28405553e-01 9.37838554e-01 3.55198890e-01 2.35135406e-01
    2.51812398e-01 9.39239740e-01 5.43044686e-01 3.50110799e-01
    1.50551438e-01 6.29762709e-02 9.39837277e-01 9.98063922e-01
    1.20307803e-02 6.76895738e-01 9.85466719e-01 7.69648075e-01
    9.71811652e-01 4.07527715e-01 3.49639118e-01 3.85259002e-01
    7.06865847e-01 2.34801739e-01 2.86914110e-01 3.38926107e-01
    8.71244669e-01 6.23783052e-01 8.79871488e-01 7.30242789e-01
    2.60366350e-01 3.98426503e-01 2.35771149e-01 1.25833243e-01
    5.22668064e-01 5.22219896e-01 6.80104315e-01 3.35425675e-01
    3.96606743e-01 4.10793871e-01 3.16659212e-01 4.44652647e-01
    1.48415238e-01 4.50916678e-01 5.64925790e-01 5.91511965e-01
    2.18546271e-01 2.20204055e-01 2.52526522e-01 5.65688312e-02
    8.74265671e-01 5.36010563e-02 9.25716758e-03 2.59299934e-01
    8.87669623e-01 5.38527429e-01 3.63356173e-01 6.53881490e-01
    4.87392366e-01 6.35112286e-01 1.15694702e-02 9.55348969e-01
    2.57344902e-01 9.38261867e-01 2.83440530e-01 4.35983092e-01
    3.03645581e-01 1.64952278e-01 9.84504223e-01 8.58701348e-01
    7.36924112e-02 8.47577155e-02 4.92554754e-01 6.37206435e-01
    1.27194375e-01 2.81523138e-01 3.57811272e-01 5.09356558e-01
    6.95140362e-02 5.39001644e-01 8.80484462e-01 9.25984621e-01
    2.28132337e-01 9.29415703e-01 2.40611523e-01 9.32187438e-01
    4.69029874e-01 3.56849372e-01 9.03474510e-01 6.99102759e-01
    4.70142126e-01 1.68683529e-02 3.02839875e-02 7.43423045e-01
    1.90190256e-01 1.99965894e-01 6.77080333e-01 3.96638453e-01
    4.67944264e-01 5.40044665e-01 6.80857241e-01 4.92987394e-01
    6.22249842e-02 5.78705311e-01 2.97755927e-01 6.28325224e-01
    5.73000133e-01 9.00061011e-01 5.16404927e-01 7.10912466e-01
    8.43844712e-01 8.28579068e-01 6.31473064e-02 6.75155759e-01
    6.82992697e-01 8.06015730e-02 7.78155982e-01 3.73289853e-01
    9.97784615e-01 9.10552084e-01 6.11885488e-01 1.70270681e-01
    9.61416364e-02 2.05789715e-01 9.33971524e-01 7.82735229e-01
    4.61024702e-01 4.16298479e-01 3.44375521e-01 4.07884002e-01
    4.34867740e-02 2.91265130e-01 1.08581781e-03 3.11598927e-01
    4.88593668e-01 8.70132923e-01 9.28953171e-01 9.98398185e-01
    7.17533529e-01 4.08710182e-01 2.14182526e-01 2.74330378e-02
    4.37855124e-02 9.78991270e-01 4.39695448e-01 3.75876069e-01
    5.49212098e-01 1.24777555e-02 3.62384826e-01 8.66398573e-01
    5.87681115e-01 1.73962682e-01 5.17637432e-01 1.36378020e-01
    2.68804997e-01 5.14057577e-02 3.67479622e-01 3.40988636e-01
    6.45656943e-01 1.80306405e-01 5.97036839e-01 9.33942795e-01
    2.95722634e-01 9.21514034e-02 5.04499018e-01 2.71457434e-01
    4.38368291e-01 8.21087480e-01 9.15620506e-01 4.30642545e-01
    3.31351995e-01 6.84803128e-01 8.63844872e-01 1.21492505e-01
    8.44483554e-01 8.70356858e-02 4.79813993e-01 8.41876626e-01
    5.52287996e-02 7.59300828e-01 1.92081660e-01 2.50438929e-01
    6.43771291e-02 2.21003205e-01 7.76429296e-01 1.90272182e-01
    8.38211656e-01 1.30476207e-01 1.19350106e-01 1.63193077e-01
    9.59864318e-01 1.87452734e-02 1.27979487e-01 2.85151124e-01
    3.04440081e-01 8.31810117e-01 6.81136012e-01 7.61107206e-01
    1.09483361e-01 7.49180675e-01 3.13986063e-01 5.46659648e-01
    5.84634781e-01 2.67959952e-01 3.84009778e-02 4.70480859e-01
    5.77098370e-01 1.73580348e-01 5.79098284e-01 1.68776780e-01
    6.58639073e-02 8.85282516e-01 1.73744559e-01 5.14156222e-01
    4.35674816e-01 1.87034726e-01 9.92781579e-01 4.21711862e-01
    5.93332589e-01 1.42410100e-01 5.77785611e-01 9.51348245e-01
    9.46080089e-01 1.39075607e-01 6.98983431e-01 2.50847340e-02
    5.26198030e-01 8.20629478e-01 2.15187639e-01 1.52816147e-01
    6.55216873e-01 5.64324379e-01 9.99939263e-01 5.55076063e-01
    7.58629680e-01 2.79476166e-01 2.02898115e-01 2.34395295e-01
    5.62308252e-01 6.55373096e-01 5.73310018e-01 9.25020158e-01
    4.63917494e-01 1.13191217e-01 2.58078396e-01 9.04722571e-01
    9.62114811e-01 5.32250822e-01 6.91929460e-03 9.44149792e-01
    5.05466819e-01 6.70134425e-01 1.18739069e-01 3.01629245e-01
    4.80840087e-01 9.64476109e-01 6.92450464e-01 5.02457798e-01
    1.59923464e-01 4.16529059e-01 9.10200596e-01 7.38283098e-02
    8.24766397e-01 2.33837873e-01 8.05295587e-01 9.60293651e-01
    3.23006809e-01 4.24785614e-01 8.66705179e-01 6.89528227e-01
    5.93778968e-01 4.70774144e-01 2.43246585e-01 8.57387424e-01
    9.37024951e-01 4.18311596e-01 8.11100364e-01 7.71830201e-01
    7.74500370e-02 1.50068462e-01 9.34737325e-02 3.28683853e-01
    2.95926392e-01 7.62437165e-01 3.01950991e-01 4.95623648e-01
    3.77567232e-01 5.35758018e-01 1.91185683e-01 7.32318521e-01
    5.85560858e-01 1.18287534e-01 6.71895862e-01 5.08999348e-01
    3.90015811e-01 9.20501947e-01 1.48825079e-01 3.21636468e-01
    6.81571841e-01 7.26284146e-01 5.98894894e-01 9.00915205e-01
    2.11215764e-01 8.20802748e-01 5.49305737e-01 6.44647837e-01
    2.18926191e-01 5.67018569e-01 5.66932797e-01 8.41196477e-01
    5.69362164e-01 2.32365131e-02 5.87196946e-02 9.95937645e-01
    6.77413046e-01 1.15059018e-01 2.95200706e-01 6.88934147e-01
    1.33939832e-01 5.11824369e-01 1.37340397e-01 7.88788021e-01
    6.06766820e-01 7.21441448e-01 8.16572011e-01 1.66048855e-01
    9.90942419e-02 8.38519573e-01 7.16408372e-01 7.57145882e-01
    7.67871261e-01 4.04101253e-01 1.17471069e-01 4.38375682e-01
    1.01567119e-01 4.94505584e-01 3.67033899e-01 8.75901818e-01
    1.08314246e-01 9.72631216e-01 6.42008424e-01 1.95249915e-03
    9.51731205e-01 6.47943497e-01 2.13904887e-01 1.27468854e-01
    5.77102065e-01 9.76082683e-02 7.13856578e-01 5.18301368e-01
    8.85058045e-01 3.69765937e-01 5.37757516e-01 2.46295899e-01
    4.15347964e-01 9.52292085e-02 5.31918108e-01 7.93101907e-01
    9.53259468e-02 8.82891655e-01 7.87386954e-01 5.21082401e-01
    7.06869423e-01 6.17154121e-01 6.69276357e-01 7.96131849e-01
    7.02229738e-02 3.74314785e-01 5.46907902e-01 3.42447609e-01
    2.96330094e-01 3.78257334e-01 8.40920568e-01 4.46543694e-02
    4.37210977e-01 6.14597976e-01 8.07895362e-02 1.79501176e-02
    5.57051957e-01 6.41132414e-01 6.70569420e-01 4.85322446e-01
    7.06902266e-01 7.20433593e-02 6.95222497e-01 9.33957696e-02
    3.52091193e-01 1.51932359e-01 1.53461516e-01 9.61275220e-01
    6.10884905e-01 6.74222946e-01 8.59972954e-01 6.30061686e-01
    5.96342206e-01 5.09925187e-01 7.57698059e-01 8.67911339e-01
    8.23006511e-01 1.26791060e-01 3.44185382e-01 3.27867210e-01
    4.95745063e-01 1.38076037e-01 7.74921477e-01 6.25384867e-01
    7.30720758e-02 5.16144991e-01 2.59130567e-01 9.30827260e-01
    4.80113626e-01 9.75936592e-01 7.83197641e-01 2.70300269e-01
    2.50904322e-01 3.48286629e-01 2.85336763e-01 7.72587717e-01
    8.61644149e-01 8.02947342e-01 4.03023332e-01 9.45798039e-01
    5.46311498e-01 9.97939825e-01 3.26190740e-01 4.15047109e-01
    7.49363601e-01 9.06953096e-01 9.15886581e-01 1.55587554e-01
    9.46924090e-01 3.04423869e-02 4.42864299e-01 9.95293856e-02
    4.72459108e-01 7.03096867e-01 8.50317776e-01 3.57599825e-01
    5.01947939e-01 2.18012303e-01 8.11513245e-01 1.00590676e-01
    1.64147317e-02 7.29906201e-01 1.04293853e-01 4.46787328e-01
    5.45607924e-01 9.05483246e-01 9.34588671e-01 4.32933569e-01
    8.76276612e-01 3.86126339e-01 1.50372028e-01 2.31579930e-01
    6.84826970e-01 2.92937517e-01 8.65250766e-01 8.73398483e-02
    3.00639749e-01 4.77159441e-01 6.53005660e-01 3.52277756e-01
    6.04620099e-01 6.20257616e-01 3.80309135e-01 2.19862252e-01
    5.19380093e-01 5.59365153e-01 7.30001807e-01 3.07314575e-01
    5.95401883e-01 2.21264452e-01 5.42604208e-01 5.79297066e-01
    6.52581215e-01 7.13271558e-01 5.26485741e-02 6.39250934e-01
    1.63283348e-01 3.70226145e-01 5.94448268e-01 9.14321899e-01
    5.24344563e-01 5.51918685e-01 3.81820560e-01 4.33128804e-01
    6.42859638e-01 7.24032521e-02 3.39462042e-01 5.80659568e-01
    2.60263681e-03 5.21609664e-01 7.73520947e-01 5.05267441e-01
    6.61740661e-01 1.22242093e-01 4.67320651e-01 6.74713016e-01
    4.68222409e-01 5.91383696e-01 8.50918055e-01 3.09655964e-02
    7.06363082e-01 2.20213085e-01 2.68006027e-01 5.66842854e-01
    5.83569884e-01 9.36593056e-01 9.43296432e-01 9.92444992e-01
    9.56771612e-01 3.42670083e-01 7.90473282e-01 1.33782178e-01
    3.61374527e-01 6.85508966e-01 6.84767962e-04 5.62090158e-01
    4.70448107e-01 7.84405351e-01 5.11017084e-01 3.01969469e-01
    9.46119905e-01 8.17963004e-01 8.93100619e-01 3.43569040e-01
    1.06830120e-01 2.44843364e-01 9.88247335e-01 8.23530018e-01
    8.07822406e-01 8.26835394e-01 7.19677329e-01 6.97411239e-01
    6.90269351e-01 2.41945028e-01 3.17446887e-02 9.83635426e-01
    9.41700995e-01 6.14871085e-02 5.43886185e-01 2.44413376e-01
    8.58734965e-01 3.36321741e-01 8.46902728e-01 4.45112497e-01
    7.53886521e-01 8.77179384e-01 4.46442664e-02 7.17312992e-01
    4.65927184e-01 2.55668551e-01 6.96454585e-01 2.10220069e-01
    1.09028846e-01 1.34257048e-01 5.93802333e-03 2.98216015e-01
    1.84890568e-01 7.05471992e-01 3.76411647e-01 7.83830523e-01
    2.40982562e-01 5.86167216e-01 2.85556883e-01 4.50111032e-02
    8.76288950e-01 5.38727880e-01 2.00571001e-01 3.37286234e-01
    4.66371924e-01 4.53506351e-01 2.95009315e-01 3.52597952e-01
    6.65223956e-01 1.58496767e-01 9.63129520e-01 1.21072531e-01
    7.40129054e-01 3.65502089e-01 1.24037713e-01 8.89321566e-01
    1.09437943e-01 8.66752982e-01 2.07178831e-01 3.88863862e-01
    1.85655057e-02 2.53270149e-01 1.91906065e-01 2.52932847e-01
    2.57013530e-01 2.11447120e-01 2.14510769e-01 1.54429942e-01
    2.87809908e-01 3.01643312e-02 4.23550606e-04 6.77363634e-01
    4.92166430e-01 3.99958402e-01 9.12856877e-01 5.11175334e-01
    6.01061940e-01 9.87206459e-01 6.04827225e-01 5.70364475e-01
    6.98829472e-01 8.46063375e-01 4.19856578e-01 5.87057710e-01
    1.94687396e-01 8.40361476e-01 6.94118679e-01 6.54058218e-01
    7.16604233e-01 3.31323981e-01 6.48336589e-01 3.52386296e-01
    9.14030552e-01 7.83223033e-01 6.94659293e-01 3.48081768e-01
    3.61602873e-01 1.65116400e-01 1.84374303e-01 2.78431475e-01
    6.03249192e-01 5.70493340e-02 3.88720334e-02 9.66873586e-01
    1.31994486e-01 8.16526175e-01 5.79909325e-01 3.76986146e-01
    8.67422342e-01 6.47103667e-01 8.88976336e-01 2.23500907e-01
    9.44685698e-01 8.72510552e-01 4.85415578e-01 3.91143531e-01
    8.55469465e-01 7.18010664e-02 4.46234375e-01 7.26426005e-01
    4.53849196e-01 4.61700261e-02 2.85411119e-01 6.68975413e-01
    1.54684782e-02 7.01651275e-01 2.79352367e-02 7.68639147e-02
    3.04441482e-01 9.65358078e-01 4.20255065e-01 4.89700198e-01
    3.15693021e-02 1.31467462e-01 7.99082041e-01 4.00453269e-01
    9.52045441e-01 4.68323767e-01 3.43616903e-02 9.25612748e-02
    9.68503833e-01 4.29490894e-01 9.20554519e-01 2.39570677e-01
    3.96421552e-01 7.38002300e-01 1.71490163e-01 7.28249550e-04
    9.04107451e-01 4.29307193e-01 8.29783082e-01 9.78651702e-01
    1.44827962e-01 1.37737006e-01 9.96350169e-01 6.69602752e-01
    4.45654929e-01 2.75011629e-01 6.20993674e-02 2.67319143e-01
    6.19543076e-01 7.92499661e-01 6.22649431e-01 7.57409334e-01
    7.57791340e-01 8.22320342e-01 1.10449761e-01 5.64306378e-01
    2.67444849e-02 2.24581957e-02 6.42000079e-01 6.88403249e-01
    8.17506611e-02 2.66693503e-01 8.95334244e-01 7.41863608e-01
    3.95224363e-01 8.63352418e-01 9.88376141e-02 7.52349496e-01
    8.22669864e-01 6.62343144e-01 6.47661090e-01 9.88923192e-01
    1.88401937e-02 3.45268011e-01 1.39075100e-01 5.25863051e-01
    7.25704372e-01 6.89564109e-01 7.90454149e-01 2.31239468e-01
    9.84623194e-01 5.66452742e-01 1.08172297e-02 3.83969545e-01
    5.71956336e-02 9.06400800e-01 5.40715277e-01 6.22599721e-02
    5.14861107e-01 6.84925079e-01 6.44896746e-01 8.62249136e-01
    7.79349208e-01 7.53387809e-01 1.91053778e-01 8.42153788e-01
    6.86067283e-01 4.21232700e-01 9.50997472e-01 6.08091533e-01
    4.45537627e-01 8.97839069e-01 9.03664231e-01 6.49805903e-01
    7.70832777e-01 8.01028490e-01 2.31523156e-01 5.91844976e-01
    2.02284694e-01 5.82004905e-01 3.49291086e-01 8.21341395e-01
    1.68815643e-01 8.58336806e-01 8.09600949e-01 5.03892243e-01
    2.90062904e-01 6.51729047e-01 8.74829888e-01 5.10597229e-03
    9.36894953e-01 4.71888691e-01 9.96144116e-01 5.28823733e-02
    9.93290961e-01 8.39138150e-01 4.73466635e-01 5.06690264e-01
    2.19461799e-01 3.79178345e-01 8.80116224e-01 3.11118275e-01
    7.75688648e-01 1.68276966e-01 2.06651658e-01 8.31317663e-01
    8.47134829e-01 4.89193976e-01 3.25900376e-01 6.54884934e-01
    8.50393414e-01 3.07566881e-01 8.52916598e-01 3.39928389e-01
    5.10304272e-02 1.17898971e-01 7.72512317e-01 5.36221147e-01
    3.69234622e-01 7.14369595e-01 1.59240425e-01 6.47823572e-01
    7.47410059e-01 8.46292496e-01 4.51372266e-02 5.03566265e-01
    3.97857219e-01 2.02230334e-01 4.28084195e-01 3.94785196e-01
    5.38127363e-01 2.66364038e-01 4.59177792e-01 3.25254977e-01
    4.38072890e-01 4.65393960e-02 2.53460944e-01 1.96205795e-01
    5.55540085e-01 2.79733509e-01 1.31916255e-01 6.84819698e-01
    1.39232218e-01 2.38995045e-01 2.41717368e-01 4.12058264e-01
    7.90968657e-01 7.43782759e-01 8.59080911e-01 6.16296649e-01
    7.33274817e-02 6.14407539e-01 2.36382246e-01 9.34804320e-01
    6.49812996e-01 7.17591465e-01 2.25897282e-01 9.14513052e-01
    3.22922230e-01 8.14961314e-01 2.68076062e-01 2.92063087e-01
    3.95755440e-01 5.26188254e-01 7.84840286e-01 5.20204127e-01
    1.55042917e-01 2.85493106e-01 6.90296531e-01 5.18577993e-02
    7.32733965e-01 5.58558583e-01 7.42172360e-01 6.92654729e-01
    4.69050646e-01 5.05081654e-01 1.29572630e-01 4.72421736e-01
    1.49470210e-01 2.02870131e-01 2.51470983e-01 3.54160190e-01
    3.18216562e-01 8.48350227e-02 2.07093716e-01 4.74692017e-01
    4.02281702e-01 1.97703689e-01 3.47100198e-01 6.25945091e-01
    7.76820064e-01 3.32680047e-01 4.19552505e-01 6.59941018e-01
    1.33330107e-01 8.20019543e-01 7.32543707e-01 8.60229254e-01
    9.60004747e-01 1.44157529e-01 3.01925480e-01 6.18313789e-01
    4.95784521e-01 5.15243590e-01 1.69421583e-01 6.23414040e-01
    2.14387000e-01 5.84573686e-01 8.74222815e-02 7.68290699e-01
    2.71269023e-01 7.41660595e-01 8.43890429e-01 4.38962191e-01
    5.71966290e-01 8.85827541e-01 9.41028893e-02 9.69493151e-01
    8.70711446e-01 7.63895214e-02 3.71201336e-01 9.39766407e-01
    1.67863309e-01 2.89455652e-01 1.51107639e-01 1.35555565e-01
    6.08794272e-01 2.78730690e-01 1.11542195e-01 5.36677718e-01
    9.02471483e-01 9.64467466e-01 5.00753641e-01 2.75921464e-01
    2.56908655e-01 6.32699370e-01 3.93235683e-01 1.18309140e-01
    1.20396078e-01 3.07040960e-01 5.84971249e-01 7.02394724e-01
    8.04853022e-01 4.63262856e-01 1.25357121e-01 4.21894699e-01
    9.76914167e-01 5.10088086e-01 7.13765919e-02 6.44228756e-02
    7.20781386e-01 3.44207078e-01 9.41229165e-01 7.63903797e-01
    9.49083686e-01 2.33808309e-01 9.63706613e-01 8.11552882e-01
    1.78177893e-01 5.31054437e-02 7.10934758e-01 4.24795181e-01
    6.79986894e-01 7.01430321e-01 1.02212876e-01 7.85654426e-01
    2.98050344e-01 6.33478820e-01 1.22347355e-01 5.89821577e-01
    2.84563839e-01 8.58302295e-01 6.48081303e-01 5.27131557e-03
    5.44241905e-01 1.71554506e-01 8.58798504e-01 3.30355167e-01
    5.17932653e-01 7.37333179e-01 9.20237243e-01 6.59990430e-01
    7.61570692e-01 8.85147154e-01 3.22854340e-01 1.29157454e-01
    9.66046572e-01 6.11795366e-01 4.81314480e-01 1.96105450e-01
    9.01246786e-01 6.69006288e-01 8.72027397e-01 7.68835247e-01
    2.73551822e-01 7.33837187e-01 6.95193529e-01 6.39393926e-01
    7.28114963e-01 1.11262590e-01 2.43574113e-01 6.57656789e-02
    6.61900342e-01 2.45072722e-01 4.31549489e-01 2.07324803e-01
    8.07647109e-01 2.60672688e-01 8.92758369e-03 4.17285353e-01
    7.73271263e-01 6.43812299e-01 4.18177545e-01 7.24431515e-01
    7.12677240e-02 2.35119909e-01 6.28803253e-01 6.68150902e-01
    4.39288914e-02 4.86597598e-01 3.28933626e-01 7.19330192e-01
    3.42957616e-01 4.00255322e-01 7.89682031e-01 3.23878288e-01
    9.78745520e-02 4.01892990e-01 6.82166338e-01 2.33678252e-01
    2.17520922e-01 1.46615982e-01 8.50488245e-02 5.92043936e-01
    8.69118810e-01 4.91023779e-01 1.77062958e-01 1.08358353e-01
    2.48749375e-01 7.36879647e-01 2.69624531e-01 5.32446682e-01
    4.81461465e-01 7.42621183e-01 5.97427189e-01 9.53971863e-01
    9.57682729e-03 1.89252526e-01 1.35396481e-01 6.05096936e-01
    3.43547463e-02 1.35616004e-01 8.69840622e-01 4.50370491e-01
    6.68839812e-01 7.24056125e-01 4.76728678e-02 1.91065967e-02
    8.62658739e-01 3.18157434e-01 6.18694186e-01 1.52381539e-01
    4.53196585e-01 2.49419510e-01 8.03061426e-01 1.49870723e-01
    7.89591968e-01 5.26013017e-01 6.94010198e-01 4.04027134e-01
    3.00485253e-01 9.28947330e-01 4.81538773e-01 8.76411676e-01
    7.17424691e-01 7.07504153e-01 7.34532058e-01 6.65752947e-01
    1.48077697e-01 3.55931252e-01 3.06985259e-01 6.99745834e-01
    7.84885168e-01 6.82139158e-01 1.54121011e-01 3.11885715e-01
    8.37543070e-01 8.06275010e-01 6.48102045e-01 1.22683465e-01
    1.81516856e-01 9.65692997e-01 1.35776788e-01 8.10478330e-02
    7.01831639e-01 2.82922834e-01 7.56913662e-01 8.03702831e-01
    9.40679789e-01 3.58472764e-02 1.29334837e-01 4.39646900e-01
    9.97500181e-01 3.46106827e-01 9.10362303e-02 1.40992641e-01
    1.30110592e-01 7.56181419e-01 8.58123839e-01 7.14914799e-01
    7.79446006e-01 5.06997228e-01 1.67611331e-01 4.83190984e-01
    5.62757194e-01 9.81664062e-02 4.24931079e-01 3.52552593e-01
    3.31545770e-01 9.65831399e-01 1.03537470e-01 5.96826792e-01
    6.92606330e-01 3.89998198e-01 5.98170519e-01 2.52633691e-01
    2.83040047e-01 8.72423291e-01 5.64118981e-01 2.32392848e-01
    5.91465771e-01 7.26350307e-01 4.55271602e-02 6.42904043e-01
    7.65223622e-01 1.95529461e-01 4.78254080e-01 8.18285465e-01
    7.40007639e-01 6.66330159e-02 6.83776617e-01 1.14156216e-01
    1.26493573e-02 4.01524961e-01 2.76798069e-01 8.99569631e-01
    7.89463520e-01 1.21887892e-01 5.02827883e-01 9.29315448e-01
    2.19135672e-01 2.92981565e-01 9.67101514e-01 6.11472309e-01
    3.61225903e-02 1.94607437e-01 7.81322420e-01 6.13459289e-01
    7.44579792e-01 3.59062254e-01 2.78702378e-02 9.14466262e-01
    9.76980090e-01 6.59142494e-01 4.22636271e-01 1.91517055e-01
    1.21198326e-01 8.35377216e-01 1.28497213e-01 5.62477589e-01
    3.01886559e-01 5.80185413e-01 9.92774963e-01 3.45749259e-01
    8.22721899e-01 5.50326049e-01 6.33512199e-01 9.05968964e-01
    8.40209484e-01 9.29295659e-01 4.04688537e-01 1.07435495e-01
    1.31024122e-02 5.02256811e-01 3.36275399e-01 5.04501700e-01
    2.54732370e-01 2.41935194e-01 2.64548957e-02 8.70531678e-01
    2.62864321e-01 2.58912235e-01 8.28688920e-01 6.53523207e-01
    3.44923049e-01 7.72414923e-01 9.92833614e-01 5.10558486e-01
    4.87367034e-01 3.25252265e-01 7.69157112e-02 4.57974762e-01
    5.47479212e-01 9.60105002e-01 8.25903416e-01 9.81074274e-02
    6.44711673e-01 2.62079835e-02 3.15276325e-01 7.20000327e-01
    3.37384373e-01 3.47484708e-01 4.54041064e-01 3.53693247e-01
    6.24597728e-01 4.30690944e-01 7.60954320e-02 5.65766394e-01
    7.45301604e-01 6.90494061e-01 1.52116090e-01 5.72510779e-01
    5.84138632e-02 3.09091508e-01 4.22271580e-01 9.42314506e-01
    1.45990252e-01 9.58446264e-02 6.08960509e-01 5.27352691e-02
    5.60394287e-01 3.35989177e-01 8.94941807e-01 5.79299271e-01
    8.79748583e-01 6.41141176e-01 5.33505738e-01 4.25005257e-02
    8.30636322e-02 5.18483818e-01 3.41579109e-01 9.93513525e-01
    8.28117847e-01 1.81157798e-01 6.83772326e-01 8.18943083e-01
    8.54406595e-01 3.79257083e-01 2.18599945e-01 7.41650760e-02
    1.82733774e-01 8.35342705e-02 6.82717681e-01 8.13316286e-01
    2.54090130e-02 4.60009634e-01 3.65680099e-01 7.80210137e-01
    5.24570107e-01 5.40756881e-01 9.44885492e-01 1.84291989e-01
    3.05444002e-01 8.38847458e-02 5.37216127e-01 7.93471038e-01
    2.44138211e-01 1.23283774e-01 5.13587952e-01 2.35134393e-01
    1.05272204e-01 8.80364597e-01 6.63986802e-01 4.75123167e-01
    5.33803701e-01 8.40306282e-02 7.46431053e-02 9.04633760e-01
    3.68978053e-01 7.10958600e-01 1.26797855e-02 1.98640227e-02
    5.11095226e-01 6.84830904e-01 2.08076209e-01 9.38170552e-01
    1.80072069e-01 3.61202270e-01 6.36569560e-01 4.61887330e-01
    4.66222465e-01 2.19021142e-01 8.89273047e-01 8.69092584e-01
    2.84637451e-01 7.13277161e-02 3.87103826e-01 9.97724652e-01
    9.24867988e-01 7.41336703e-01 8.07274580e-01 2.81764448e-01
    8.39010715e-01 5.54147720e-01 3.70545208e-01 6.44454598e-01
    9.89670157e-02 3.03109407e-01 4.16820467e-01 1.06541008e-01
    4.61405575e-01 2.60478735e-01 2.37820834e-01 5.70405900e-01
    7.10073113e-03 7.50564218e-01 1.61904097e-02 8.02402258e-01
    4.50407565e-01 4.94605005e-01 7.11729705e-01 2.17585087e-01
    3.44699621e-02 5.01369894e-01 8.46120715e-02 5.21152616e-01
    6.54167235e-02 5.70060968e-01 6.84381723e-02 5.40208042e-01
    7.07452059e-01 5.20670772e-01 4.26528722e-01 1.09530002e-01
    1.15722388e-01 3.11236024e-01 9.37126696e-01 7.61020303e-01
    5.93279302e-01 9.28235531e-01 4.79891896e-02 4.69973534e-01
    2.79091328e-01 9.59359169e-01 2.86037087e-01 7.82069802e-01
    2.64467895e-02 2.66460061e-01 3.08166862e-01 3.47148508e-01
    8.40179503e-01 1.74542785e-01 3.67846608e-01 5.67825794e-01
    1.78149819e-01 4.27382290e-02 7.03217089e-01 4.86094147e-01
    4.51778859e-01 3.16517651e-01 8.94910991e-02 6.60741210e-01
    9.69164550e-01 2.23933607e-01 2.67767251e-01 2.10714340e-01
    9.58173156e-01 8.56631756e-01 6.15003824e-01 2.18411952e-01
    4.77172822e-01 7.04022944e-02 5.00698566e-01 9.81328845e-01
    7.01939821e-01 4.40494597e-01 8.21101069e-02 8.44647169e-01
    1.46433651e-01 5.71752489e-01 6.28179848e-01 5.26536703e-02
    8.18476856e-01 2.93990105e-01 6.64266050e-01 2.70218611e-01
    2.48545736e-01 6.79594100e-01 2.68700898e-01 1.65713310e-01
    9.46198821e-01 4.24627721e-01 3.53490263e-01 6.20960832e-01
    1.38580441e-01 8.00465286e-01 8.16727281e-01 7.45910704e-02
    3.65826368e-01 3.31210166e-01 3.22798133e-01 2.20975488e-01
    9.80228066e-01 1.15078688e-01 5.11131883e-01 1.72676235e-01
    3.55138838e-01 9.70575333e-01 4.27628636e-01 6.33872747e-01
    1.66592002e-03 3.38698626e-02 4.96706218e-01 1.21003270e-01
    6.61708057e-01 5.53296030e-01 5.01689672e-01 9.58087325e-01
    8.94479156e-01 8.13226640e-01 3.48363966e-01 7.33344793e-01
    8.22596908e-01 3.97077829e-01 8.58677268e-01 8.32370758e-01
    4.67453182e-01 4.28454608e-01 8.76895428e-01 4.74923253e-02
    1.13312900e-01 3.39134336e-01 5.60103714e-01 2.03055382e-01
    5.24867475e-02 2.30780959e-01 8.26087892e-02 5.90959311e-01
    2.29466200e-01 3.88673156e-01 5.54875731e-01 4.83061939e-01
    1.47423208e-01 2.31310487e-01 8.07676971e-01 9.14067924e-01
    6.53401136e-01 9.09454584e-01 4.27177787e-01 4.47708637e-01
    6.95667505e-01 7.43919313e-01 6.38638198e-01 6.66547894e-01
    2.99284607e-01 2.80337155e-01 7.87566602e-02 6.06290519e-01
    9.68053102e-01 8.08782697e-01 5.22264659e-01 6.35671258e-01
    8.40492606e-01 1.51494831e-01 7.47704387e-01 7.67775178e-01
    3.49927783e-01 6.58094287e-02 4.17565763e-01 4.14784431e-01
    4.90136057e-01 6.36911571e-01 9.49868321e-01 2.53332615e-01
    1.89999014e-01 7.99658120e-01 4.05792862e-01 9.06693399e-01
    9.50914919e-01 8.45816374e-01 4.05628175e-01 2.43559301e-01
    8.51665735e-01 4.08107519e-01 8.41390610e-01 6.81021154e-01
    6.15903735e-02 3.58220518e-01 1.72756195e-01 9.75243866e-01
    6.31612539e-02 8.79408121e-01 8.81632149e-01 5.55927575e-01
    8.99504662e-01 4.79565501e-01 9.34283435e-02 4.91365224e-01
    1.62354141e-01 2.21485078e-01 2.67967880e-02 1.12786770e-01
    5.59283018e-01 8.94483387e-01 8.87324214e-01 2.50742674e-01
    7.17173576e-01 4.54531610e-01 7.73603559e-01 3.48826468e-01
    5.01799703e-01 8.09630096e-01 8.76926124e-01 9.96919274e-01
    2.43407696e-01 1.27679795e-01 7.56551981e-01 6.77664578e-02
    3.97451043e-01 3.25507522e-01 5.69301963e-01 5.03381670e-01
    4.63237911e-01 9.08844531e-01 2.50878155e-01 1.80068970e-01
    4.84150559e-01 5.85491061e-01 2.38386512e-01 3.26265454e-01
    8.39340687e-01 7.95441866e-03 7.58777559e-01 1.79310799e-01
    6.83762074e-01 3.82515281e-01 7.32642293e-01 9.11350965e-01
    3.03622693e-01 3.64588708e-01 1.90268964e-01 4.61182982e-01
    5.40461659e-01 1.01008594e-01 1.97181642e-01 4.06186491e-01
    9.30952907e-01 1.75633848e-01 4.51378524e-02 8.83400142e-02
    5.59624553e-01 4.95819092e-01 4.94506806e-01 4.61855084e-01
    3.44560087e-01 8.88961434e-01 8.45845282e-01 8.26967895e-01
    9.67737675e-01 4.85316843e-01 6.89921796e-01 1.92485809e-01
    8.25703740e-01 5.80947578e-01 2.35094666e-01 8.06767821e-01
    4.42786604e-01 7.64825761e-01 3.29839230e-01 8.85005653e-01
    9.13429260e-02 7.44540453e-01 8.26487899e-01 7.82237768e-01
    8.50423098e-01 4.05893385e-01 7.85294533e-01 9.55000222e-02
    6.71845853e-01 4.12556767e-01 2.33902901e-01 3.62225771e-01
    9.21971440e-01 9.94664550e-01 3.78427804e-02 8.40530992e-01
    3.04584950e-01 8.72749448e-01 8.50421190e-02 1.38469279e-01
    3.75046968e-01 7.08635032e-01 7.24349499e-01 8.91426086e-01
    5.54346323e-01 8.33461165e-01 1.28798723e-01 9.47874069e-01
    9.36067879e-01 7.72346258e-01 7.49114990e-01 9.78978753e-01
    6.41430199e-01 9.00814772e-01 4.04159814e-01 5.79501390e-01
    8.51240158e-01 2.87324190e-01 4.89147037e-01 3.99787426e-01
    8.67730856e-01 4.23933268e-01 8.55896831e-01 4.63491529e-01
    2.93672502e-01 5.00723064e-01 1.49850458e-01 9.78945732e-01
    9.20115888e-01 3.14329773e-01 1.02496743e-01 8.72525752e-01
    4.43935454e-01 5.03827870e-01 7.63034105e-01 8.40662360e-01
    7.58108020e-01 2.72816569e-01 1.21165156e-01 5.15059590e-01
    3.87714952e-01 3.08887959e-02 3.98549259e-01 4.99425232e-01
    5.04285097e-02 3.76901805e-01 7.81636834e-01 5.41700602e-01
    4.63699043e-01 3.30512106e-01 3.49215567e-01 4.03299630e-02
    9.71160293e-01 6.97538853e-01 8.75340343e-01 9.03187931e-01
    3.22870970e-01 4.67407107e-02 7.31016636e-01 1.42211020e-02
    7.65954137e-01 8.96568120e-01 1.97902024e-01 6.12147629e-01
    7.46667266e-01 9.82254446e-01 9.34742630e-01 4.95634437e-01
    3.83068085e-01 7.22211480e-01 6.20184958e-01 8.43578994e-01
    3.42286766e-01 7.85409451e-01 4.52487588e-01 3.90225559e-01
    3.07372957e-01 6.43565357e-01 4.41841066e-01 5.13205230e-01
    1.86696798e-01 9.38497782e-01 5.23554981e-02 7.17148781e-01
    1.68973446e-01 1.11754090e-01 7.56079555e-01 8.32846522e-01
    5.68437696e-01 5.73937178e-01 8.64287138e-01 8.12863290e-01
    9.47491825e-01 8.00285220e-01 1.04018599e-01 7.71805644e-01
    1.32265300e-01 2.57135659e-01 7.36158490e-02 9.37354743e-01
    3.51721168e-01 7.46519923e-01 1.03144318e-01 9.40205336e-01
    1.17477179e-01 9.73692715e-01 3.07633996e-01 5.36082923e-01
    6.02054298e-01 6.59654379e-01 9.42084312e-01 1.52748764e-01
    7.45514750e-01 2.65758216e-01 1.53487086e-01 2.94184566e-01
    5.87686002e-01 7.70602345e-01 4.06470865e-01 5.96987128e-01
    5.93490064e-01 9.09325123e-01 2.53363550e-02 2.36796945e-01
    5.60316443e-01 1.70670450e-01 2.45446295e-01 2.43947715e-01
    2.76665688e-01 1.80863589e-01 4.84378546e-01 4.92892623e-01
    1.17898762e-01 7.89285958e-01 7.16407776e-01 4.45333064e-01
    6.78876698e-01 4.36234504e-01 1.15136892e-01 3.15619528e-01
    3.33266854e-01 7.64341474e-01 1.27786726e-01 4.35404778e-01
    7.34570622e-01 3.57372940e-01 7.61606693e-01 6.00670934e-01
    4.54947829e-01 6.55824840e-01 6.39002025e-02 6.76189065e-01
    2.54264593e-01 8.70870471e-01 8.35445404e-01 7.79098630e-01
    7.32213259e-01 7.06942201e-01 3.30587476e-01 5.00543416e-01
    1.74821198e-01 1.46382868e-01 9.64115262e-01 6.97427988e-01
    6.83993757e-01 1.74031913e-01 5.99881470e-01 2.69880414e-01
    3.32705677e-02 9.39453125e-01 2.46767104e-01 3.67070317e-01
    7.10988104e-01 1.21713996e-01 1.30088508e-01 5.75887561e-01
    1.13337576e-01 6.62812173e-01 3.33005309e-01 9.44207191e-01
    8.28958452e-02 1.41306549e-01 3.45750540e-01 6.85274303e-01
    8.32339227e-01 3.75504166e-01 2.12094337e-01 3.11331809e-01
    8.38241220e-01 5.99330068e-02 5.77375412e-01 7.90754795e-01
    1.89304471e-01 9.21572804e-01 3.05218399e-01 7.36508548e-01
    2.21724510e-01 3.16843390e-02 7.18908727e-01 6.96907341e-01
    1.34979963e-01 6.83796644e-01 1.95340931e-01 5.88178515e-01
    2.12631762e-01 5.32267869e-01 9.75357413e-01 1.10694170e-02
    3.35202038e-01 4.90401030e-01 4.69980836e-01 5.83468676e-01
    1.38890088e-01 7.06510723e-01 6.73321128e-01 8.39643180e-01
    9.67982888e-01 6.56575263e-01 6.65660739e-01 1.80348605e-01
    9.49698091e-01 2.82076120e-01 6.45595014e-01 7.39151239e-01
    6.75079584e-01 6.25497818e-01 2.50233650e-01 6.42984211e-01
    5.09889305e-01 7.75020778e-01 4.95144397e-01 2.41125822e-01
    6.20338023e-02 9.59845066e-01 1.28613383e-01 5.68083167e-01
    2.57822603e-01 8.70258033e-01 6.70924664e-01 9.46579695e-01
    2.28065729e-01 6.73460782e-01 6.38592839e-01 3.85494649e-01
    8.01786780e-01 4.04376805e-01 9.49249268e-01 3.43431115e-01
    2.10222006e-02 6.78531051e-01 6.78381622e-01 3.30738068e-01
    7.74917424e-01 2.18005031e-01 4.44451511e-01 9.94314909e-01
    4.01939750e-01 7.07375407e-01 5.70255518e-01 4.22663361e-01
    5.21983385e-01 4.24407840e-01 6.16913795e-01 7.80267596e-01
    9.79931056e-02 8.14596117e-01 1.53356194e-01 6.02039576e-01
    5.25103033e-01 6.28611267e-01 1.72829807e-01 7.57034481e-01
    7.67348409e-02 3.07432026e-01 2.92130411e-01 5.87585747e-01
    3.88573498e-01 6.32766247e-01 2.72451997e-01 5.52790701e-01
    9.27982569e-01 5.05693197e-01 1.50970131e-01 8.78993392e-01
    3.72398198e-02 2.89635688e-01 3.37863564e-01 3.96860719e-01
    5.18484294e-01 5.26758730e-02 7.92871356e-01 2.55977422e-01
    4.97444570e-01 8.99969041e-02 9.21083570e-01 1.40568852e-01
    6.16461992e-01 2.93983519e-01 2.60769635e-01 2.10013866e-01
    6.12632513e-01 5.71905851e-01 3.19252789e-01 3.02667648e-01
    3.85765314e-01 6.09259009e-01 3.67189944e-02 8.49551618e-01
    6.62052393e-01 4.65030998e-01 5.80542803e-01 7.64747977e-01
    7.34622777e-01 8.79517555e-01 2.86223948e-01 3.70174021e-01
    2.14073628e-01 2.20778704e-01 7.10496008e-01 5.12325168e-01
    1.96497202e-01 4.44168150e-02 1.29926801e-02 6.90584362e-01
    4.93675768e-02 6.22508287e-01 1.60459876e-01 6.70804620e-01
    5.53595006e-01 6.48434997e-01 2.74880558e-01 6.54286981e-01
    4.92116004e-01 2.29068696e-02 2.10871100e-01 4.35260624e-01
    1.02991611e-01 3.04731309e-01 3.92465949e-01 3.19920421e-01
    4.57700163e-01 2.79025465e-01 9.19342935e-01 6.94403827e-01
    7.29051411e-01 7.09521294e-01 7.40165353e-01 7.88120985e-01
    2.43492395e-01 7.72529244e-01 4.98639554e-01 2.75111139e-01
    4.61691201e-01 7.94192314e-01 9.54739094e-01 7.88788676e-01
    9.98596668e-01 8.67895484e-01 4.67569858e-01 2.84936428e-02
    6.27845049e-01 8.50550294e-01 8.85432720e-01 8.06999087e-01
    6.29285336e-01 9.47869301e-01 1.60094857e-01 1.09745443e-01
    8.26174915e-01 7.23782837e-01 8.13013673e-01 3.37543130e-01
    8.49226713e-02 6.91663444e-01 5.16496599e-01 6.29427314e-01
    3.25595140e-02 6.38085544e-01 4.86979514e-01 5.85332215e-01
    1.30964816e-01 2.82728016e-01 8.14986229e-01 2.36104131e-01
    9.57286358e-01 8.38211894e-01 7.50230074e-01 5.34042060e-01
    3.74323487e-01 1.20062679e-01 3.34661901e-01 7.31032789e-02
    2.78717041e-01 5.56089818e-01 8.09705138e-01 2.97491968e-01
    3.02118540e-01 6.67306185e-01 7.01842964e-01 1.68916374e-01
    7.40608037e-01 2.26638585e-01 3.08948398e-01 4.50607389e-01
    6.25883043e-01 4.23250914e-01 1.60183549e-01 9.15404618e-01
    1.77212536e-01 7.00850129e-01 9.11780119e-01 6.38880312e-01
    3.57767761e-01 8.35060656e-01 5.27109504e-02 3.61141533e-01
    2.64838159e-01 2.37024277e-01 1.27623618e-01 5.09062111e-02
    1.75819039e-01 7.70800412e-02 8.69110107e-01 8.42665017e-01
    5.37245333e-01 7.62854874e-01 7.21950054e-01 5.16512394e-02
    2.15293765e-02 7.82387257e-01 5.46285152e-01 5.81782758e-01
    7.38034248e-01 4.91459101e-01 2.80068755e-01 4.19744432e-01
    8.66631150e-01 1.04048729e-01 2.42715150e-01 9.15786922e-01
    4.57399070e-01 3.81853193e-01 6.63595915e-01 2.00343460e-01
    5.30578196e-01 4.04286414e-01 6.17949426e-01 9.84551847e-01
    8.28849196e-01 5.01388848e-01 7.76346982e-01 5.15701711e-01
    7.43233800e-01 9.43106651e-01 5.22912979e-01 8.15734029e-01
    1.94134086e-01 9.03021693e-02 9.91859138e-02 9.56442952e-02
    3.15071940e-02 6.54121578e-01 2.25323439e-03 3.76133353e-01
    9.12521124e-01 9.39941287e-01 4.63914275e-01 2.70464122e-01
    2.13665426e-01 1.28264546e-01 4.33607519e-01 8.53903174e-01
    7.93276310e-01 5.02676010e-01 8.30325484e-01 9.27890539e-01
    4.10186678e-01 8.73740196e-01 2.11639881e-01 9.00800407e-01
    6.83186352e-02 7.11795568e-01 5.62448561e-01 3.73415232e-01
    1.72081649e-01 2.70538956e-01 8.28988135e-01 8.53039742e-01
    6.71968281e-01 4.55211401e-01 4.22811747e-01 6.65844083e-02
    1.79787785e-01 4.66452539e-02 1.43093616e-01 4.27987993e-01
    9.45954084e-01 5.25772989e-01 5.24451911e-01 7.80572891e-01
    3.93049717e-01 8.53337944e-01 7.75282502e-01 9.99029756e-01
    4.37674999e-01 3.88331831e-01 5.89202344e-02 9.00742412e-01
    3.63985181e-01 8.57868671e-01 5.51718295e-01 1.32878095e-01
    7.30935872e-01 2.63249278e-01 3.79554033e-02 1.30259097e-01
    7.75349379e-01 8.08459699e-01 6.87219501e-01 9.60623264e-01
    1.26851588e-01 2.85874844e-01 9.93387103e-01 9.70031977e-01
    9.75200653e-01 1.98890388e-01 3.83099496e-01 4.94972616e-01
    2.63560534e-01 4.37541872e-01 1.64250195e-01 4.24035370e-01
    7.45653510e-01 1.98124409e-01 5.20190775e-01 6.04435384e-01
    3.00542533e-01 4.94950414e-01 7.39341974e-01 7.41754055e-01
    8.70811701e-01 2.34916031e-01 1.37569487e-01 3.85387540e-02
    7.73766637e-01 3.63003522e-01 8.34362864e-01 3.43777955e-01
    9.93454576e-01 9.15316582e-01 3.64898741e-01 9.44936395e-01
    7.36270785e-01 1.14241570e-01 9.67643976e-01 4.03746098e-01
    1.09752804e-01 9.14206147e-01 5.99159002e-01 3.76172423e-01
    6.14041686e-01 8.18283081e-01 3.92779320e-01 5.10181665e-01
    6.39739871e-01 1.13229454e-02 7.70080984e-02 7.29270101e-01
    9.36836421e-01 9.36533570e-01 9.68804121e-01 6.78385794e-01
    3.96139085e-01 1.87553287e-01 2.99345493e-01 7.75271416e-01
    9.55719471e-01 1.69619441e-01 2.77396321e-01 9.46965635e-01
    6.96269751e-01 5.95861673e-02 7.46200681e-01 3.42157960e-01
    4.04000789e-01 3.06581318e-01 6.06147349e-02 7.70403206e-01
    2.23877579e-01 7.79930830e-01 5.96718490e-01 7.83403754e-01
    3.67476046e-01 3.15652937e-01 8.16793382e-01 1.33795112e-01
    9.96711850e-01 8.63508940e-01 6.18202925e-01 4.95792419e-01
    5.09168208e-02 2.72076249e-01 5.12149394e-01 3.10428023e-01
    8.76136720e-01 7.76417136e-01 4.62228149e-01 5.27494907e-01
    4.53027606e-01 7.43942738e-01 6.50196552e-01 3.28715801e-01
    7.04133749e-01 1.68049991e-01 7.73027897e-01 4.59994793e-01
    3.14555585e-01 9.19035435e-01 5.79103351e-01 3.92989278e-01
    4.06840503e-01 3.60666305e-01 3.63000095e-01 2.26769596e-01
    8.14429760e-01 6.67682171e-01 3.00742596e-01 8.85948837e-01
    3.44473094e-01 9.49043632e-01 6.51860595e-01 1.29429132e-01
    7.47394204e-01 3.94501895e-01 7.28798211e-02 7.93849468e-01
    9.57589030e-01 7.12410569e-01 2.39106029e-01 2.92894989e-01
    1.28942013e-01 5.76503634e-01 2.80523300e-02 5.86773872e-01
    4.17739093e-01 7.10280538e-01 3.08540404e-01 6.09368026e-01
    5.00876367e-01 1.43209249e-01 5.84823787e-01 9.09608066e-01
    6.41972721e-01 7.47929931e-01 4.24190044e-01 7.84643769e-01
    5.21295369e-01 3.33516508e-01 9.97959733e-01 2.71469057e-01
    1.94928944e-02 5.95483959e-01 3.20159793e-01 5.54260969e-01
    2.21986890e-01 8.42967391e-01 6.37301803e-03 9.14323628e-01
    2.23466754e-01 6.07095063e-01 8.87205780e-01 1.97643906e-01
    4.55992520e-02 5.78799963e-01 9.60173309e-01 6.71444237e-02
    8.30405951e-01 9.18991566e-01 1.71181023e-01 9.41461205e-01
    3.09603333e-01 4.00520951e-01 2.99050033e-01 9.07468319e-01
    7.16639519e-01 1.88147217e-01 9.62009668e-01 6.91475391e-01
    4.19623971e-01 6.43295288e-01 1.70069903e-01 1.89735085e-01
    5.06491303e-01 6.21309996e-01 5.56609333e-02 7.64302313e-02
    1.19651616e-01 6.19837284e-01 1.61863297e-01 7.62400925e-02
    7.37965107e-04 1.92695260e-02 7.05885768e-01 4.81154025e-01
    6.65491819e-03 6.41437292e-01 7.27090240e-01 7.12624907e-01
    5.55127561e-01 1.98059380e-01 7.79530108e-02 9.19335067e-01
    3.62658650e-01 6.97250187e-01 1.94980264e-01 4.64037716e-01
    6.11828327e-01 3.45348895e-01 3.50651503e-01 4.10120904e-01
    1.93324089e-02 8.25127363e-02 9.47219729e-01 6.27974272e-01
    2.59551406e-03 4.03324962e-01 2.06232846e-01 3.52465749e-01
    4.82169271e-01 2.10174471e-01 5.94744682e-02 1.13708645e-01
    5.00456691e-02 4.56474841e-01 8.16330194e-01 4.62599874e-01
    6.34107411e-01 9.79464531e-01 7.89602995e-01 4.08612698e-01
    9.01520371e-01 4.77396101e-01 2.62363225e-01 2.32448548e-01
    7.46254504e-01 7.33676553e-01 6.14599586e-01 8.52298141e-02
    9.89183843e-01 5.23838758e-01 3.25636089e-01 7.13873029e-01
    8.04513752e-01 6.82967067e-01 3.43566120e-01 2.82552838e-01
    6.74215078e-01 9.81530666e-01 5.29155433e-01 4.05979991e-01
    9.38940167e-01 8.05732310e-02 9.87363338e-01 5.83723962e-01
    3.13035965e-01 5.93335569e-01 1.44060522e-01 6.97400331e-01
    9.11891222e-01 4.41733599e-01 8.88077378e-01 1.86665863e-01
    6.13343537e-01 4.08599526e-01 8.89437675e-01 6.36354208e-01
    3.20157140e-01 5.13571322e-01 3.44928145e-01 4.13917303e-01
    7.18895733e-01 3.60892087e-01 8.96045148e-01 7.14813113e-01
    1.26262397e-01 2.58434951e-01 9.70510006e-01 1.10224277e-01
    8.07109714e-01 6.69289351e-01 4.10456061e-01 3.99066180e-01
    9.49689865e-01 6.62470520e-01 2.04139531e-01 2.34830767e-01
    1.71050727e-01 7.71968126e-01 7.18838155e-01 7.95583606e-01
    3.78599107e-01 6.08074486e-01 9.22035336e-01 9.35580432e-02
    6.77223742e-01 3.03546667e-01 6.80142879e-01 2.94172645e-01
    9.35430825e-02 1.01224750e-01 6.70254230e-03 2.92413712e-01
    7.37740397e-01 8.85770202e-01 6.07308924e-01 5.39056003e-01
    4.40734625e-03 8.57439935e-01 8.74340773e-01 5.99829555e-01
    5.24647415e-01 2.69220978e-01 8.73425603e-03 6.82928383e-01
    7.83410132e-01 5.76738358e-01 2.43194222e-01 6.49823844e-01
    1.74933821e-01 8.35894823e-01 4.90208864e-02 6.88928187e-01
    4.96776283e-01 1.79923683e-01 8.82001400e-01 2.37041712e-03
    4.16755140e-01 9.84288812e-01 4.04602557e-01 4.15894300e-01
    4.30464774e-01 2.22164392e-03 9.27281797e-01 3.66737902e-01
    7.20928788e-01 6.63624048e-01 2.76228130e-01 3.12782824e-01
    5.64778507e-01 8.04047465e-01 2.17902333e-01 3.95100772e-01
    3.58735621e-02 4.31341857e-01 5.33794582e-01 9.87853706e-02
    7.40797281e-01 2.70776987e-01 1.59963191e-01 4.31218028e-01
    1.04730904e-01 4.46677893e-01 3.68608594e-01 3.32462192e-02
    9.80746925e-01 7.28608966e-01 9.28020120e-01 4.53332901e-01
    7.58651853e-01 1.70733809e-01 7.02420175e-01 2.52279401e-01
    5.58980405e-01 3.93580437e-01 6.78471625e-01 1.17608756e-01
    2.48617917e-01 8.64408791e-01 7.11056709e-01 1.42398000e-01
    3.57959270e-02 4.07610238e-01 4.34076667e-01 2.65740514e-01
    1.04164869e-01 3.61227870e-01 8.81014705e-01 6.88967884e-01
    1.16966248e-01 6.54637635e-01 9.39769745e-01 7.34557033e-01
    9.40293670e-01 1.47751868e-02 7.33606279e-01 9.21122193e-01
    1.75744921e-01 1.45966977e-01 7.25318670e-01 8.58792424e-01
    6.12978935e-01 6.76112890e-01 9.99639928e-02 8.37042093e-01
    6.29772902e-01 8.21299553e-02 2.96947092e-01 4.20609623e-01
    8.70417953e-01 6.05144680e-01 4.12474155e-01 4.93041277e-02
    8.01614523e-02 1.22467935e-01 8.96205544e-01 8.73939991e-02
    2.48818278e-01 1.88817739e-01 7.27106988e-01 4.85310405e-01
    6.86962426e-01 6.64471686e-01 3.78343463e-02 7.55444050e-01
    1.64416522e-01 8.87283921e-01 4.36375797e-01 2.25429237e-02
    9.16834116e-01 5.97909331e-01 5.47242105e-01 1.52861536e-01
    8.93126726e-01 8.75703096e-01 9.55443501e-01 3.68152589e-01
    1.03680164e-01 2.68728852e-01 4.92374241e-01 9.60481763e-02
    7.89027452e-01 4.06518042e-01 8.36447358e-01 2.58703232e-02
    9.22853649e-02 2.20172554e-01 2.39913911e-01 6.10344529e-01
    3.69112194e-01 3.56393993e-01 1.97492987e-01 6.55653179e-01
    8.66024554e-01 3.92500311e-01 1.23954415e-01 2.21340507e-01
    5.15230656e-01 8.09617341e-01 2.35598356e-01 8.70524764e-01
    8.93576622e-01 1.60139531e-01 5.14552176e-01 9.56772804e-01
    2.85590470e-01 5.02555072e-02 1.16035640e-02 6.83797598e-01
    1.54504389e-01 6.00502193e-02 1.33005768e-01 8.66256773e-01
    3.13701570e-01 7.53509820e-01 1.88521922e-01 2.61551768e-01
    8.47001195e-01 8.22323263e-02 7.39511490e-01 8.33553672e-01
    9.57996726e-01 4.31450099e-01 3.81439745e-01 3.39232355e-01
    9.73261595e-02 2.44629681e-02 3.86002451e-01 9.79591608e-01
    2.00536847e-01 4.62526888e-01 2.99590707e-01 7.78261542e-01
    1.58614993e-01 4.99354571e-01 8.56110156e-01 4.40254122e-01
    7.53900409e-01 2.93215752e-01 9.32575643e-01 8.71696949e-01
    8.15962434e-01 9.01012182e-01 8.77974391e-01 1.05746746e-01
    6.90212369e-01 5.64173818e-01 8.35737586e-03 8.18993568e-01
    8.58950257e-01 1.51791424e-01 8.78865361e-01 8.83080125e-01
    4.42483187e-01 4.10176814e-02 2.60146022e-01 8.23712587e-01
    1.55059218e-01 9.37043071e-01 4.00834382e-01 5.13576806e-01
    8.37422132e-01 6.39396906e-03 8.20960760e-01 2.66682506e-02
    4.92404640e-01 2.30698973e-01 7.46209204e-01 5.52873433e-01
    8.84728491e-01 9.13579762e-01 3.58253956e-01 8.73044729e-01
    8.58929634e-01 5.34890950e-01 8.96603167e-01 1.41597092e-01
    2.66619921e-02 7.15297043e-01 9.21037555e-01 6.26182079e-01
    5.05891085e-01 5.75428009e-02 5.01915693e-01 7.32496262e-01
    3.37742031e-01 5.39717674e-02 3.44933391e-01 1.51149005e-01
    1.20051652e-01 8.55749488e-01 6.00804269e-01 9.86310601e-01
    6.80648148e-01 9.92403626e-01 7.79392600e-01 7.39668608e-01
    7.73669362e-01 4.38124627e-01 2.20120549e-01 4.51102316e-01
    3.46552730e-01 9.53834414e-01 2.73104459e-01 6.35959506e-01
    2.02197760e-01 7.65485525e-01 8.37242246e-01 3.07990074e-01
    7.46578515e-01 8.47424269e-01 8.70256305e-01 8.81766438e-01
    1.28496557e-01 9.73320127e-01 8.99062753e-01 6.53235257e-01
    9.57689941e-01 3.80925089e-01 5.69341660e-01 8.55704784e-01
    9.40423250e-01 9.38922524e-01 7.92286754e-01 6.34589493e-02
    8.49519670e-01 3.29541564e-02 8.50317597e-01 7.50285149e-01
    6.06650651e-01 2.84390032e-01 8.61877203e-03 6.29237533e-01
    7.76847839e-01 6.61224961e-01 7.13754773e-01 3.62872750e-01
    7.59627819e-02 2.13555217e-01 3.60333174e-01 4.02260482e-01
    9.69722807e-01 7.06947148e-01 7.91626275e-02 3.06659997e-01
    6.43398821e-01 5.72976470e-01 1.90879703e-01 5.96131980e-01
    6.00966096e-01 3.46767366e-01 8.16159248e-01 2.01567203e-01
    6.49758160e-01 5.43100655e-01 2.38015860e-01 9.49356437e-01
    4.65349972e-01 1.89000249e-01 4.66213554e-01 9.69073832e-01
    1.81206167e-01 1.44230485e-01 9.78583217e-01 9.48975563e-01
    8.07395935e-01 5.76543808e-01 2.63537407e-01 2.95169830e-01
    4.53748196e-01 4.55034673e-01 4.55483824e-01 7.39531398e-01
    6.21680021e-01 8.70854914e-01 8.43390405e-01 1.62584990e-01
    4.74982649e-01 6.21705949e-01 6.53584957e-01 2.99559504e-01
    8.88760030e-01 4.46519047e-01 1.80623233e-02 3.60497892e-01
    4.97958809e-01 8.87722492e-01 3.33662748e-01 2.77369618e-01
    7.84672260e-01 7.97999620e-01 1.89906180e-01 5.93583584e-01
    3.07588041e-01 9.58556354e-01 7.77291298e-01 6.43372655e-01
    9.38434958e-01 3.43751013e-02 2.29270756e-01 6.80382490e-01
    8.37707996e-01 4.68918681e-01 6.91277385e-01 3.97099763e-01
    8.81580472e-01 1.71121210e-01 1.30771548e-01 2.33937234e-01
    2.53856748e-01 8.72587323e-01 9.34289396e-02 1.65502459e-01
    7.24256337e-01 8.40700150e-01 5.86264491e-01 9.61757302e-01
    3.58723313e-01 8.68101776e-01 5.01694441e-01 6.50469363e-01
    6.83893740e-01 8.27723265e-01 2.22566307e-01 9.84508336e-01
    8.76178741e-01 1.91970468e-02 1.29349828e-02 1.96500629e-01
    6.93124235e-02 7.10486174e-01 1.76179916e-01 5.67072928e-01
    9.48201597e-01 2.24907637e-01 3.91809642e-01 2.59243548e-01
    9.63773727e-01 8.22442174e-01 5.95106363e-01 2.50791252e-01
    8.35504770e-01 6.39593840e-01 9.35553908e-01 4.66626763e-01
    3.03960443e-01 5.62913656e-01 2.85082936e-01 5.85917473e-01
    8.33230734e-01 1.93831056e-01 4.65317905e-01 6.08275950e-01
    1.24228865e-01 8.29140842e-01 4.68759924e-01 5.51871479e-01
    7.06639349e-01 1.29725933e-02 6.47616982e-01 7.72823691e-01
    4.20449018e-01 3.13719779e-01 7.50536501e-01 4.50427890e-01
    2.70611823e-01 6.74177408e-01 4.79605645e-01 9.39029396e-01
    1.82000667e-01 1.71816051e-01 6.94622636e-01 4.77467805e-01
    9.30505157e-01 9.08482671e-01 6.73271179e-01 1.79143697e-01
    2.57957816e-01 4.28560436e-01 6.30807996e-01 2.25792378e-01
    8.02686930e-01 5.00452518e-03 3.22153151e-01 6.62825584e-01
    7.01524496e-01 3.91598344e-01 9.92104888e-01 5.56892931e-01
    8.82217586e-01 2.50775158e-01 6.54256880e-01 1.57023162e-01
    5.66330075e-01 5.12120724e-01 8.32896471e-01 7.62259245e-01
    7.83069491e-01 6.85472786e-01 5.21617830e-02 5.91418147e-02
    8.94132435e-01 5.95136225e-01 7.02173591e-01 3.24756026e-01
    9.40252125e-01 2.76981533e-01 8.54232073e-01 7.39225149e-01
    9.31828916e-01 6.40958846e-01 9.19490695e-01 3.45283985e-01
    9.49294567e-01 5.52075684e-01 7.41784751e-01 2.08445251e-01
    9.19752240e-01 1.39907539e-01 3.76837909e-01 5.89299917e-01
    3.41937721e-01 4.75303918e-01 5.98374546e-01 5.52708924e-01
    5.91255128e-01 2.43278205e-01 8.11843514e-01 2.51616001e-01
    1.85210198e-01 8.96823943e-01 1.44615561e-01 5.96959114e-01
    6.90013945e-01 3.39619458e-01 6.18422568e-01 6.54998243e-01
    4.68372166e-01 6.19845629e-01 4.09652531e-01 1.79262698e-01
    2.56124526e-01 7.18929052e-01 9.55503702e-01 6.29584849e-01
    3.04160416e-01 1.30767018e-01 4.54121828e-01 3.45439553e-01
    1.71606958e-01 9.52062964e-01 4.91834700e-01 1.05424553e-01
    7.66658127e-01 3.90038580e-01 8.15352917e-01 7.02107906e-01
    4.30026263e-01 9.23244774e-01 9.21188235e-01 2.57711709e-01
    8.93886685e-02 1.83426589e-01 2.86035001e-01 4.24694180e-01
    8.83703709e-01 1.70672953e-01 5.35157740e-01 6.03204846e-01
    5.73098898e-01 1.28183186e-01 3.46467823e-01 6.22588515e-01
    2.69937813e-01 1.96712255e-01 7.42124915e-01 6.14945710e-01
    8.35357308e-02 9.85798120e-01 6.61882043e-01 1.80413634e-01
    2.95031369e-01 6.43050671e-01 2.66802907e-01 6.44671082e-01
    8.74308705e-01 1.49078041e-01 9.00338888e-01 1.65791839e-01
    7.47969151e-01 7.01972246e-02 4.84064221e-01 6.11173511e-01
    8.10545802e-01 7.57721901e-01 6.84603810e-01 7.45212913e-01
    2.17461288e-01 6.11063421e-01 1.02509230e-01 1.53309405e-01
    9.93856668e-01 9.21635866e-01 5.67603827e-01 6.63889825e-01
    5.29197633e-01 4.30553555e-01 4.02879953e-01 9.71603096e-01
    1.69953585e-01 4.28140491e-01 2.55991369e-01 2.34067023e-01
    7.47077942e-01 8.23148251e-01 9.08413887e-01 5.91439843e-01
    6.75742686e-01 5.58896363e-02 4.01449293e-01 7.64084160e-02
    7.40034699e-01 1.84503615e-01 3.20413053e-01 8.02597046e-01
    8.58549118e-01 2.11382389e-01 8.68554175e-01 1.04467690e-01
    5.69706500e-01 5.12063563e-01 4.13958728e-01 7.55109549e-01
    5.16506672e-01 7.17220306e-01 9.29396272e-01 3.03172290e-01
    3.86779249e-01 5.85541487e-01 4.67019111e-01 8.54519963e-01
    6.15903378e-01 9.74990249e-01 1.78023487e-01 4.57817912e-01
    1.31589472e-02 2.71141529e-02 8.30505431e-01 9.83451545e-01
    4.90891069e-01 8.63246024e-02 4.51945275e-01 5.15800595e-01
    8.28279853e-02 7.36770928e-01 9.30843472e-01 5.31431496e-01
    7.05718994e-03 8.97907853e-01 9.41380143e-01 8.50948930e-01
    3.23568642e-01 6.96737289e-01 5.94269633e-02 9.09264684e-01
    9.55492735e-01 7.42706656e-01 3.11087370e-02 5.57865560e-01
    9.12583470e-01 5.03305316e-01 8.61099362e-01 1.25593960e-01
    8.76660585e-01 1.28335238e-01 6.43163323e-01 2.62908876e-01
    3.22930217e-02 9.98600245e-01 5.96930385e-01 7.45913506e-01
    3.89031053e-01 3.45461041e-01 1.25811785e-01 4.93251890e-01
    3.00640166e-01 3.00518304e-01 1.87546223e-01 9.85895216e-01
    9.63825703e-01 8.57235789e-01 6.38568401e-01 1.35848850e-01
    6.63991749e-01 6.14354610e-02 6.95268571e-01 7.86579370e-01
    6.28299415e-01 5.94479203e-01 5.20811319e-01 7.46195912e-01
    1.95669502e-01 9.95023251e-01 6.63819730e-01 4.27790463e-01
    2.81061739e-01 2.13142157e-01 9.01071489e-01 8.43382955e-01
    3.63732547e-01 6.01142287e-01 1.95103079e-01 6.81336403e-01
    8.94405603e-01 6.11994565e-01 8.14788103e-01 3.19673419e-02
    4.98432904e-01 1.09889984e-01 1.12453222e-01 6.17174566e-01
    2.91905761e-01 6.05600953e-01 8.84714723e-02 6.80392861e-01
    9.35182810e-01 3.08008134e-01 6.54546142e-01 8.56930912e-02
    2.97261357e-01 4.97289866e-01 2.29078621e-01 9.71373320e-02
    4.13596004e-01 2.48563290e-01 8.88370514e-01 8.39623809e-02
    7.90323019e-01 9.44002151e-01 5.20347416e-01 4.61542994e-01
    8.97086561e-02 4.33580875e-02 2.50853419e-01 2.80567318e-01
    6.68527484e-02 3.95347208e-01 7.81059265e-03 2.18836099e-01
    4.50962126e-01 7.97397852e-01 8.03633153e-01 4.25365269e-02
    6.56148076e-01 8.81286979e-01 9.40922797e-01 2.04880238e-02
    2.54508495e-01 4.22067046e-02 3.96584153e-01 2.84172237e-01
    4.18425143e-01 6.24551654e-01 6.72122836e-02 7.38316059e-01
    1.53943777e-01 2.65076280e-01 3.40407670e-01 4.13962424e-01
    1.52139366e-01 4.17383909e-01 8.41765225e-01 4.35658365e-01
    3.77063870e-01 4.53001589e-01 5.50117850e-01 9.37267184e-01
    7.48319507e-01 3.89711738e-01 9.64889288e-01 9.32233632e-02
    5.07743359e-01 5.27543128e-02 2.62708962e-02 7.26229012e-01
    2.28333354e-01 5.72145879e-01 2.02536166e-01 9.37045097e-01
    9.58962142e-01 6.87284350e-01 8.02931309e-01 7.81625152e-01
    1.53045923e-01 5.09666085e-01 4.11661565e-01 4.18778777e-01
    3.02584171e-01 8.93886805e-01 1.52319968e-01 7.31478214e-01
    4.48997736e-01 3.10756564e-01 5.84523857e-01 5.16232491e-01
    3.28697205e-01 4.40604746e-01 5.68696380e-01 3.13266367e-01
    9.39357817e-01 1.10079139e-01 9.18038189e-01 7.30409503e-01
    2.70423234e-01 6.74981356e-01 7.84869194e-01 2.67807841e-02
    6.32086396e-01 7.71657586e-01 6.85121953e-01 7.01501489e-01
    8.09423268e-01 4.58056539e-01 3.95109236e-01 3.69876027e-02
    2.00453967e-01 4.35458839e-01 8.37651253e-01 7.86700606e-01
    8.84070992e-01 1.77344739e-01 1.01878345e-01 9.57292795e-01
    7.17257559e-01 3.80479693e-01 5.32039702e-01 9.40247178e-01
    4.85748649e-02 2.36707240e-01 5.14085889e-01 1.09555542e-01
    6.03519678e-01 4.32439834e-01 4.27979857e-01 3.97509575e-01
    2.75795668e-01 6.17460608e-01 1.91726893e-01 6.09062076e-01
    9.75304246e-02 2.50963986e-01 4.59950298e-01 9.16573703e-02
    2.52621770e-02 8.68626833e-02 7.69724250e-01 4.51389521e-01
    7.20444381e-01 5.79947650e-01 7.36737370e-01 5.27456164e-01
    4.85410690e-02 8.67024362e-01 7.35799372e-01 8.80421996e-01
    5.09693980e-01 4.53715891e-01 5.81634104e-01 3.03847194e-01
    7.38474429e-01 8.46516490e-01 6.90020323e-01 1.98485613e-01
    1.64984643e-01 1.81279302e-01 2.67968863e-01 9.05129313e-01
    8.10359478e-01 2.73249686e-01 6.03964865e-01 7.12410271e-01
    3.86288524e-01 4.80315119e-01 4.48196769e-01 8.41844678e-01
    1.87843829e-01 8.33375335e-01 3.46713960e-01 3.98124784e-01
    2.15042502e-01 1.27841443e-01 8.69652689e-01 7.17429399e-01
    7.13980615e-01 5.96598923e-01 2.35868186e-01 7.52667904e-01
    7.52128363e-01 3.92040908e-01 9.92574811e-01 8.59243393e-01
    4.95581627e-01 8.11391830e-01 4.51344609e-01 8.27782393e-01
    5.63959420e-01 6.56776428e-01 6.10861480e-01 7.37750649e-01
    1.76972836e-01 1.20318800e-01 9.64313745e-03 3.56177092e-01
    8.45388412e-01 6.00616693e-01 6.62627220e-02 1.81623340e-01
    9.83372092e-01 3.76272976e-01 2.86404490e-02 6.02991939e-01
    2.73183882e-02 3.22048962e-02 8.37615609e-01 2.94934481e-01
    7.97142565e-01 3.13677847e-01 2.57504046e-01 4.52232569e-01
    2.57528663e-01 5.43278933e-01 6.83709025e-01 4.28274959e-01
    8.05234432e-01 8.93499970e-01 2.87838340e-01 8.26142788e-01
    8.33085656e-01 8.47299993e-02 5.76498985e-01 5.77035546e-03
    3.05956006e-02 3.94456625e-01 4.92709279e-02 6.31915927e-01
    7.35447466e-01 3.41142535e-01 4.99533266e-01 6.26679599e-01
    4.34515864e-01 6.82156086e-01 9.17517900e-01 2.42904961e-01
    5.66030204e-01 5.94660401e-01 5.50546646e-02 9.90248442e-01
    9.93821681e-01 4.21401203e-01 5.92732847e-01 7.10656524e-01
    6.41943812e-02 5.42076290e-01 6.04449093e-01 9.09517527e-01
    6.07622206e-01 6.42679036e-01 2.95156837e-02 9.33580279e-01
    9.69407797e-01 1.47409737e-01 3.20246994e-01 8.49678040e-01
    9.85996485e-01 8.90396178e-01 2.31215656e-01 7.25063682e-02
    3.85720164e-01 2.17646420e-01 7.15822637e-01 9.11457062e-01
    8.41119766e-01 2.97095239e-01 9.10533547e-01 1.94545090e-02
    1.80888861e-01 8.81817937e-03 2.25731373e-01 5.04640400e-01
    6.91692650e-01 5.56104600e-01 7.07722485e-01 5.24805427e-01
    4.72451836e-01 7.87225246e-01 9.73783195e-01 5.47558069e-01
    1.62126869e-01 9.76746678e-02 2.04613775e-01 5.42068779e-01
    9.33395445e-01 7.02001393e-01 9.26344752e-01 6.01070762e-01
    8.55645120e-01 8.46075237e-01 4.48296249e-01 7.80992150e-01
    2.72688836e-01 3.12598586e-01 6.63211346e-02 1.29899323e-01
    2.90898800e-01 1.54013366e-01 9.40956712e-01 8.98968339e-01
    8.08593988e-01 3.87870759e-01 9.17641401e-01 3.89365464e-01
    7.89163888e-01 9.74863529e-01 3.90785396e-01 8.08489025e-02
    2.35768229e-01 4.73249882e-01 2.03972459e-01 7.71022081e-01
    9.14818287e-01 2.01300025e-01 1.89279377e-01 3.20257246e-01
    2.05120951e-01 5.37719607e-01 6.61236942e-02 3.08166593e-01
    3.40816647e-01 4.87403721e-01 1.98113889e-01 2.94939816e-01
    9.60566700e-02 3.33613753e-02 5.42817354e-01 9.23291624e-01
    9.20612216e-01 9.49122190e-01 7.68548906e-01 7.32255578e-01
    4.60612595e-01 6.08308196e-01 8.30354750e-01 2.06011146e-01
    7.10379481e-01 1.26132399e-01 8.33360314e-01 1.85901672e-01
    6.83901548e-01 2.96663582e-01 9.66304898e-01 4.96469021e-01
    8.64271164e-01 8.35187674e-01 7.99053848e-01 6.30599737e-01
    4.52646613e-01 7.88920164e-01 7.89497793e-01 6.55982971e-01
    9.18229461e-01 7.94503212e-01 4.23102200e-01 3.37327361e-01
    4.23949361e-02 8.05050969e-01 5.14354289e-01 5.34334660e-01
    2.13742703e-01 4.05318677e-01 4.55979407e-01 4.94328320e-01
    2.12413043e-01 2.79463291e-01 9.80573714e-01 1.52789652e-01
    9.13726211e-01 7.37330019e-01 6.35891557e-01 7.12475419e-01
    2.18648612e-02 4.62096065e-01 1.34138227e-01 5.95731556e-01
    5.58403671e-01 9.30594325e-01 7.90994942e-01 1.36910379e-01
    2.59234279e-01 2.04175711e-03 6.70477688e-01 3.75579715e-01
    3.48003089e-01 9.12138283e-01 2.43805081e-01 5.24947703e-01
    8.71937156e-01 5.60448468e-02 2.33235329e-01 5.15328944e-02
    1.10318601e-01 9.01566863e-01 1.04022264e-01 6.13200843e-01
    1.09931201e-01 3.21448624e-01 4.97833878e-01 4.75502491e-01
    6.15211725e-01 4.30373788e-01 7.71612585e-01 6.70235157e-01
    5.26390076e-01 4.90827858e-02 1.02594346e-01 6.44484162e-01
    1.65333360e-01 8.92179966e-01 2.95911670e-01 4.82885271e-01
    7.21968651e-01 3.29093337e-02 9.79933023e-01 1.32704258e-01
    3.71028423e-01 9.33295667e-01 1.04657203e-01 6.48211539e-01
    2.03790516e-01 8.23698282e-01 6.72547102e-01 8.00125062e-01
    9.73758698e-01 8.22705507e-01 8.82915974e-01 5.45180559e-01
    8.50051224e-01 7.32692361e-01 3.85186434e-01 7.48504102e-02
    9.13168013e-01 5.12139142e-01 4.65182722e-01 2.28418171e-01
    5.99638224e-01 7.26289392e-01 6.12175226e-01 5.22347689e-02
    4.54225779e-01 1.54247731e-01 8.64429235e-01 4.27584380e-01
    4.11708534e-01 5.74362874e-01 1.94632113e-02 5.20030916e-01
    1.14406437e-01 2.08661884e-01 7.77380288e-01 7.73434043e-01
    2.60727286e-01 9.31977868e-01 3.69059950e-01 4.01607871e-01
    6.17632210e-01 4.42975342e-01 2.30202407e-01 8.41405869e-01
    2.95061588e-01 9.99437332e-01 7.59640932e-01 6.54363632e-02
    2.66700208e-01 4.34248239e-01 3.75468075e-01 2.17149854e-02
    8.34766924e-01 3.47196937e-01 5.89097559e-01 2.09809542e-01
    9.27210689e-01 9.64670897e-01 4.50414926e-01 6.54464304e-01
    6.84792280e-01 9.04428244e-01 3.94413203e-01 2.74829090e-01
    7.51147628e-01 6.25247419e-01 3.47514868e-01 9.60066259e-01
    8.44462812e-02 5.25958002e-01 4.36544746e-01 6.29566669e-01
    3.45307052e-01 1.26542985e-01 3.80033463e-01 8.36054683e-02
    2.75448948e-01 2.59248614e-02 1.36434555e-01 9.47453380e-01
    7.39294112e-01 9.29806948e-01 7.46085763e-01 7.16142058e-01
    7.62198687e-01 4.99552727e-01 1.82170063e-01 4.66211438e-02
    1.94777548e-02 3.93599600e-01 6.68787003e-01 6.22779429e-01
    2.92712152e-02 2.42051274e-01 1.84929371e-02 8.62501025e-01
    3.16872001e-02 8.61925602e-01 6.05572999e-01 5.42111874e-01
    8.16014409e-03 1.69938713e-01 3.53040725e-01 3.00723255e-01
    5.95749795e-01 5.16678631e-01 8.80496800e-02 8.10628772e-01
    3.71462345e-01 5.47852874e-01 7.79970169e-01 6.06044888e-01
    8.22626650e-02 2.04336882e-01 8.24011266e-01 8.15803647e-01
    4.48455900e-01 5.07297218e-01 8.91025305e-01 6.89001203e-01
    2.34354019e-01 4.75067645e-01 1.08426243e-01 1.04208559e-01
    2.46872306e-01 8.55100989e-01 7.23190486e-01 2.93656170e-01
    9.41751003e-01 1.05357468e-01 9.77134347e-01 1.04822099e-01
    9.32791770e-01 1.70169294e-01 9.27786708e-01 2.67152309e-01
    8.05723190e-01 9.46565151e-01 7.64144957e-01 1.58963144e-01
    8.66736114e-01 9.72354889e-01 4.52560693e-01 9.56840634e-01
    8.82135749e-01 8.26403260e-01 1.39592409e-01 2.89708138e-01
    3.09436768e-01 2.00488210e-01 7.36730993e-01 2.10178882e-01
    3.24931264e-01 1.79494530e-01 4.14513677e-01 6.01413846e-02
    4.60330516e-01 3.18794787e-01 5.95907629e-01 5.26599705e-01
    2.87528962e-01 6.69117093e-01 5.73191106e-01 8.74924183e-01
    5.21543026e-01 2.50648052e-01 9.24188495e-01 4.69679862e-01
    3.00219744e-01 3.70736539e-01 5.43936193e-01 5.00183165e-01
    7.07215309e-01 1.16731375e-01 9.54680562e-01 3.18880558e-01
    4.39399242e-01 4.76191223e-01 2.09303737e-01 9.15861428e-01
    8.26210976e-02 2.23256350e-02 9.62174237e-01 8.07264745e-01
    3.68549824e-01 4.88014877e-01 4.65151221e-01 7.11196840e-01
    8.14608812e-01 5.75357437e-01 3.74763012e-02 3.27837765e-02
    2.22835958e-01 6.50386095e-01 9.01014924e-01 9.59165812e-01
    9.58773494e-01 3.72127950e-01 6.36938572e-01 6.07475042e-01
    3.74136031e-01 9.25223887e-01 1.61258101e-01 1.92887992e-01
    5.73316813e-01 4.55901563e-01 4.64846432e-01 3.70364785e-01
    1.79424047e-01 8.96579325e-02 4.52968240e-01 9.78699207e-01
    2.08091438e-01 7.29138732e-01 4.17803228e-02 3.73392701e-02
    8.47588539e-01 6.56384528e-02 7.95388818e-01 9.95441973e-01
    7.93399811e-01 6.22195482e-01 3.03691328e-01 4.92264628e-02
    8.59541655e-01 7.15846717e-01 1.71976060e-01 4.23309326e-01
    9.78544831e-01 1.89971030e-01 6.46053612e-01 2.39255995e-01
    8.07630420e-01 1.79568559e-01 8.62205267e-01 6.91170573e-01
    4.00943458e-02 2.17500836e-01 6.97717547e-01 7.03783393e-01
    7.96383500e-01 9.12472129e-01 9.98547435e-01 6.43821239e-01
    2.62569129e-01 2.02102691e-01 2.93120325e-01 8.62141550e-01
    3.57176363e-01 7.08095133e-01 9.01904404e-01 3.86762977e-01
    1.17080331e-01 5.19084096e-01 7.91532516e-01 1.30649686e-01
    3.65612924e-01 6.22674584e-01 8.64364028e-01 7.61734128e-01
    7.46275187e-01 5.90484023e-01 8.65378857e-01 1.47173047e-01
    1.30793840e-01 8.81845951e-02 1.02250099e-01 6.38788939e-02
    9.24098492e-01 7.11902618e-01 6.62866235e-01 6.69506073e-01
    1.67893499e-01 8.34306836e-01 1.67652845e-01 7.50831068e-02
    5.63321531e-01 4.84485686e-01 1.16727799e-01 6.38799787e-01
    4.36543882e-01 2.75881886e-02 3.20898175e-01 6.66994214e-01
    8.76124382e-01 8.64618421e-01 3.85149688e-01 3.81765962e-02
    5.04173756e-01 4.33828741e-01 9.61330533e-01 8.14923525e-01
    1.15579158e-01 7.88555026e-01 1.54097229e-01 9.84758854e-01
    5.55357099e-01 7.95254409e-02 6.65535927e-01 4.95360881e-01
    8.91771078e-01 1.11117542e-01 7.66744256e-01 6.66588664e-01
    1.50037259e-01 6.16941392e-01 7.30678082e-01 1.46006554e-01
    3.99931520e-01 5.74229240e-01 2.06812441e-01 3.52020174e-01
    5.11138976e-01 9.87896800e-01 1.86829269e-01 7.92367816e-01
    3.48772496e-01 5.54625571e-01 4.26687688e-01 2.10444331e-02
    8.75659883e-01 2.31440693e-01 4.95754093e-01 5.26439130e-01
    8.40469360e-01 5.46209812e-01 8.16174924e-01 5.11069119e-01
    3.36635411e-02 9.37043488e-01 7.43804514e-01 4.61054146e-02
    5.86093724e-01 4.67214972e-01 9.41219628e-01 2.68395543e-01
    7.89763927e-01 1.03742838e-01 3.37022483e-01 5.37468314e-01
    7.68426657e-02 6.48505211e-01 5.79392850e-01 5.01702785e-01
    9.74633038e-01 3.49076629e-01 1.67997420e-01 7.06028461e-01
    3.02769542e-02 5.28773844e-01 4.46622372e-02 7.26856232e-01
    1.57955855e-01 9.76876855e-01 2.57440180e-01 4.21897650e-01
    4.83242154e-01 1.97845370e-01 8.60814512e-01 8.30082297e-01
    5.86001456e-01 2.40462452e-01 7.94729948e-01 4.68111783e-01
    4.85391825e-01 1.48050964e-01 3.11901391e-01 5.87033749e-01
    7.66120195e-01 1.60342455e-01 5.43759584e-01 7.00539947e-01
    1.29334301e-01 6.13503754e-01 3.72734219e-01 1.80099279e-01
    6.91138506e-01 4.98947740e-01 1.03216290e-01 9.26724911e-01
    4.58207965e-01 4.18496132e-03 5.71902990e-01 5.68308055e-01
    5.67446887e-01 8.94196749e-01 9.24703121e-01 5.25348663e-01
    2.30720848e-01 5.30050457e-01 8.36545587e-01 9.51041102e-01
    3.22235346e-01 5.12654424e-01 6.82011247e-01 7.10905671e-01
    6.58342242e-01 2.76484191e-02 4.67585176e-01 3.12002897e-02
    8.83513033e-01 6.68731928e-02 5.76762378e-01 3.04210246e-01
    8.98270428e-01 7.42318869e-01 7.85832107e-01 5.81234097e-02
    1.19317323e-01 3.94824624e-01 9.19650197e-02 3.39202911e-01
    2.56166250e-01 1.05318129e-01 7.47300982e-02 4.27191585e-01
    2.00450718e-02 8.29438925e-01 4.91424233e-01 6.42267108e-01
    7.47194648e-01 5.73933125e-01 6.85685575e-01 4.06747162e-01
    1.36716425e-01 4.54611301e-01 9.27456796e-01 9.25022602e-01
    5.94414115e-01 4.54208642e-01 6.44326746e-01 6.12534761e-01
    8.28070164e-01 6.09951138e-01 2.32541084e-01 3.99178088e-01
    8.98416877e-01 7.11948812e-01 5.04199505e-01 9.93312716e-01
    8.34297597e-01 7.69667387e-01 8.07634830e-01 8.02702069e-01
    6.38731122e-02 9.79333401e-01 1.12035096e-01 9.36078072e-01
    1.23242617e-01 8.48615646e-01 2.14167207e-01 4.54811454e-01
    6.56943619e-02 2.45341003e-01 2.02219814e-01 6.36472166e-01
    1.15548730e-01 6.07516587e-01 2.07602203e-01 5.13494730e-01
    7.56565273e-01 8.36830735e-01 7.89193809e-02 9.27128434e-01
    8.99293184e-01 5.16798675e-01 5.74278116e-01 5.08962452e-01
    1.46340013e-01 9.57339168e-01 2.46958196e-01 6.31230950e-01
    6.94475055e-01 6.70709550e-01 7.76788533e-01 5.43140113e-01
    7.61547327e-01 2.62457252e-01 9.22464490e-01 5.59145808e-02
    8.10133815e-02 2.37507939e-01 4.96829748e-02 1.10949934e-01
    3.80828440e-01 7.44260848e-02 1.47286594e-01 9.32126164e-01
    8.73579979e-01 9.41641510e-01 5.11897504e-01 6.41027689e-01
    4.34778482e-01 3.72341096e-01 2.00777084e-01 8.90797079e-02
    4.26279485e-01 8.75932932e-01 8.91256034e-02 3.73420179e-01
    9.91091490e-01 3.08059931e-01 3.30383658e-01 6.69485271e-01
    7.08566189e-01 9.66237724e-01 2.10498214e-01 4.55155492e-01
    6.90239608e-01 6.95077538e-01 7.58520246e-01 5.13031304e-01
    4.99305785e-01 7.78059125e-01 3.00781161e-01 4.06043768e-01
    8.38495731e-01 9.72743988e-01 4.19654995e-01 3.69804204e-01
    4.72795576e-01 4.52958703e-01 8.84185910e-01 8.66012454e-01
    1.05370611e-01 3.78785372e-01 6.43716693e-01 9.97067571e-01
    3.06021273e-01 5.02185404e-01 9.62630749e-01 5.86844862e-01
    7.94900119e-01 3.85743737e-01 7.86030412e-01 7.69953132e-01
    1.69374317e-01 3.67590219e-01 7.33649850e-01 8.40527654e-01
    7.46710300e-01 7.28234708e-01 1.07280225e-01 6.18741751e-01
    7.80251265e-01 7.71480322e-01 2.37647593e-01 1.00606501e-01
    5.91386497e-01 8.02096367e-01 3.31785023e-01 7.43673563e-01
    5.28291643e-01 4.60864931e-01 5.25681794e-01 4.04158145e-01
    2.21556008e-01 6.98540628e-01 1.59242094e-01 9.28806484e-01
    8.00463736e-01 8.47284198e-02 7.40403235e-01 8.89143825e-01
    2.00386435e-01 9.68980730e-01 8.89923215e-01 7.83036947e-02
    6.14324689e-01 1.88764632e-01 8.30249131e-01 8.63479257e-01
    8.73623729e-01 6.93569779e-02 2.09553957e-01 7.54347801e-01
    8.66258621e-01 6.84833527e-01 2.66073853e-01 5.00056982e-01
    9.23607707e-01 1.68541223e-01 1.67274386e-01 6.88376486e-01
    9.01680946e-01 5.80480218e-01 1.65889263e-02 1.84838235e-01
    2.18245536e-01 1.70259595e-01 1.72702461e-01 8.50310922e-01
    2.42890120e-01 2.11283207e-01 2.26592541e-01 9.75058556e-01
    4.91888583e-01 5.99219680e-01 9.65930283e-01 2.89154798e-01
    2.89686322e-01 9.83801961e-01 5.47868490e-01 6.98506057e-01
    1.69623971e-01 3.01527023e-01 2.82011241e-01 3.15346479e-01
    5.83470404e-01 5.63826680e-01 6.38874054e-01 6.90722644e-01
    1.89997613e-01 1.62155896e-01 3.02942216e-01 9.16550756e-01
    6.33341432e-01 9.01822448e-01 8.87727380e-01 4.52862620e-01
    5.58306873e-02 9.26953852e-02 5.85021257e-01 6.62405014e-01
    2.15845346e-01 3.48464102e-01 6.75487339e-01 4.73605305e-01
    3.11436266e-01 2.01900661e-01 8.10261846e-01 2.53973186e-01
    8.55215430e-01 9.83536541e-01 2.03854769e-01 6.70222342e-02
    5.98326385e-01 5.47556043e-01 7.46397078e-02 5.89424968e-02
    8.65025043e-01 4.24689829e-01 3.37043673e-01 4.17351842e-01
    4.17925477e-01 6.88258410e-01 9.13852274e-01 4.59233373e-01
    1.17979378e-01 4.62001652e-01 8.39378953e-01 9.17600393e-01
    8.07426929e-01 5.41627765e-01 4.28911328e-01 6.16889000e-01
    4.74133909e-01 4.10464346e-01 6.57193661e-01 2.72150874e-01
    2.23283142e-01 4.77529705e-01 4.87282872e-03 2.57448375e-01
    4.93393034e-01 8.47030878e-01 2.48261094e-01 1.20668709e-02
    4.78926212e-01 5.14181554e-01 2.06655532e-01 3.80865633e-01
    4.02858496e-01 4.20902908e-01 3.13358039e-01 2.79367149e-01
    3.55869353e-01 8.12016845e-01 8.54288042e-01 4.89247471e-01
    2.52794921e-01 4.93271381e-01 2.09572881e-01 2.96812654e-01
    6.47232950e-01 3.63206446e-01 6.84771776e-01 2.89125502e-01
    3.79766762e-01 4.86260891e-01 3.27823848e-01 4.10724699e-01
    8.12211990e-01 9.91436183e-01 3.90820891e-01 8.49172831e-01
    6.85847223e-01 2.75739133e-02 7.46455073e-01 1.18057847e-01
    5.89996576e-01 7.36448705e-01 5.39099276e-01 6.80197954e-01
    7.34207749e-01 9.65743065e-01 9.65401471e-01 4.69359905e-01
    5.90402603e-01 7.02911973e-01 5.26016295e-01 6.81134462e-01
    4.83089954e-01 4.93446410e-01 7.05906034e-01 4.30155754e-01
    7.56532907e-01 9.70736861e-01 7.96042860e-01 5.24012446e-02
    9.20650721e-01 4.82039928e-01 3.67528319e-01 3.82278800e-01
    3.55441779e-01 6.26738906e-01 1.74533188e-01 7.50711918e-01
    7.74372816e-02 5.12785316e-02 2.76098311e-01 2.52999932e-01
    4.70951855e-01 1.47661775e-01 4.09858167e-01 9.88126099e-01
    9.91653085e-01 5.62925577e-01 7.13870227e-01 9.69885826e-01
    8.76260042e-01 4.95928854e-01 7.66766667e-01 5.03943264e-01
    1.35139942e-01 1.28970832e-01 7.76465654e-01 1.99286103e-01
    1.89831436e-01 8.97914171e-04 3.15895975e-02 7.55646706e-01
    8.03266287e-01 2.51014829e-02 7.79691458e-01 4.47712511e-01
    7.69103169e-01 9.13429260e-02 1.16672516e-01 6.36242628e-01
    2.33461559e-02 7.87704885e-02 6.50020123e-01 3.16073775e-01
    3.97161007e-01 8.11378419e-01 7.98204541e-01 2.39414930e-01
    4.96643990e-01 9.46199894e-02 7.48209059e-01 5.77547550e-01
    6.62461340e-01 4.99454528e-01 2.16169000e-01 7.45980084e-01
    1.10022753e-01 5.27169108e-01 3.38013768e-01 7.43129671e-01
    3.53666365e-01 5.69538593e-01 5.50014913e-01 9.51305985e-01
    3.39617848e-01 2.78651953e-01 5.80656707e-01 9.94690895e-01
    6.07175767e-01 5.87367892e-01 9.71807837e-01 2.66665816e-02
    1.00088745e-01 2.33813107e-01 4.66297746e-01 4.80663568e-01
    7.51202345e-01 3.03897411e-01 5.71853817e-02 5.73809981e-01
    8.30776453e-01 9.79028940e-01 8.72892976e-01 6.64985657e-01
    8.64187002e-01 4.76579964e-01 2.28939772e-01 3.39848012e-01
    5.21705389e-01 9.06211019e-01 2.25273281e-01 5.88586986e-01
    3.82654369e-01 5.49004734e-01 7.24508166e-01 1.93492651e-01
    9.95032787e-02 7.80331731e-01 5.68292022e-01 6.77967668e-01
    7.87708521e-01 6.65296197e-01 6.78985596e-01 2.69411176e-01
    2.65845656e-01 8.40109587e-01 4.13482219e-01 5.93315959e-01
    1.42824650e-01 7.30874777e-01 9.58322048e-01 3.03540468e-01
    5.96156359e-01 1.32060319e-01 4.21912968e-01 5.09607255e-01
    7.74148762e-01 9.14420366e-01 5.90593338e-01 7.53745437e-02
    5.76702893e-01 8.38636577e-01 8.66044402e-01 6.88617647e-01
    4.78496045e-01 2.35069394e-02 2.33873397e-01 1.47954077e-01
    7.68491745e-01 2.89539069e-01 1.63845628e-01 2.69466043e-01
    6.84673429e-01 1.74300969e-02 2.15949237e-01 9.94981110e-01
    2.04818636e-01 5.51602125e-01 4.96237367e-01 9.02495563e-01
    3.22387248e-01 3.95986855e-01 1.26141071e-01 7.98608899e-01
    9.36013937e-01 1.79042101e-01 5.60927570e-01 8.96559715e-01
    9.35370088e-01 4.31866944e-01 1.37578785e-01 9.88303423e-02
    9.63215232e-01 6.33961797e-01 2.92774558e-01 6.51301086e-01
    6.49175406e-01 6.34660602e-01 2.45317966e-01 1.76435739e-01
    3.83599818e-01 4.78278935e-01 7.95686066e-01 2.58779258e-01
    8.78130198e-01 5.75604856e-01 8.72331142e-01 4.08597261e-01
    9.42905426e-01 1.08313859e-02 5.25586665e-01 7.57940650e-01
    4.19992149e-01 9.20693576e-01 7.57780671e-02 6.97235167e-01
    1.57610059e-01 3.15191984e-01 7.00379133e-01 4.11908656e-01
    2.93033898e-01 3.08934718e-01 1.42558575e-01 5.70495486e-01
    8.53675723e-01 6.68452621e-01 2.73601174e-01 3.19627821e-01
    6.16355836e-02 8.77371430e-01 4.60053384e-01 1.43863946e-01
    1.78287596e-01 9.11932349e-01 8.13379169e-01 8.97552133e-01
    9.25998092e-01 2.29681343e-01 7.78805554e-01 8.57546389e-01
    6.37781560e-01 3.17955822e-01 2.71173000e-01 2.92231500e-01
    3.48697901e-02 6.59950614e-01 5.31844318e-01 3.52199763e-01
    7.38959849e-01 3.56630832e-01 1.10977918e-01 8.67111444e-01
    4.24734175e-01 2.24718779e-01 3.49862456e-01 9.24564362e-01
    5.16513288e-02 8.62628341e-01 3.45064640e-01 6.76928043e-01
    3.00998807e-01 9.52316642e-01 3.36534977e-01 2.59224474e-01
    2.80236155e-01 1.69130892e-01 7.95152664e-01 3.51459116e-01
    1.64804310e-01 1.10614687e-01 7.46147394e-01 2.42777497e-01
    6.54366791e-01 2.49636292e-01 1.12106800e-01 8.25375199e-01
    9.44020271e-01 1.90309197e-01 8.85210395e-01 2.05884069e-01
    5.65622509e-01 9.70407009e-01 2.73514837e-01 5.94586849e-01
    8.62807870e-01 6.24094725e-01 8.39652777e-01 1.48708075e-01
    8.60908508e-01 4.28172350e-02 8.07944953e-01 8.30061734e-02
    3.26630890e-01 8.78240168e-02 5.27045012e-01 6.22586608e-01
    7.65285730e-01 9.07656908e-01 6.52770460e-01 4.47329134e-01
    3.53043467e-01 2.02472121e-01 2.77361810e-01 7.36679196e-01
    3.58939111e-01 2.85316408e-01 8.92710924e-01 5.94110847e-01
    3.35594654e-01 9.15997326e-02 7.74165869e-01 3.88664156e-01
    6.63779855e-01 2.55976021e-01 9.66324508e-02 9.20783997e-01
    8.65472436e-01 2.38218129e-01 9.31374192e-01 5.13286769e-01
    6.87159300e-01 2.62933701e-01 4.75638092e-01 5.21164834e-02
    7.68739104e-01 5.14950931e-01 2.38816768e-01 7.45723724e-01
    6.65546417e-01 4.47313696e-01 3.27262461e-01 4.58332747e-01
    8.60326588e-02 3.77367854e-01 5.35897434e-01 1.26360834e-01
    7.31326044e-01 1.67882770e-01 9.90914464e-01 8.74746919e-01
    5.43436706e-01 3.00240934e-01 1.09155476e-02 8.22756171e-01
    2.02807784e-01 5.75794816e-01 8.80244613e-01 7.17071772e-01
    4.90802407e-01 9.38915670e-01 9.43579674e-02 1.61233813e-01
    8.51552844e-01 8.75937521e-01 4.76205945e-02 2.61099130e-01
    9.13061202e-01 2.27578521e-01 2.03156471e-01 6.09491825e-01
    9.16460872e-01 6.29160285e-01 4.56998199e-01 5.35882056e-01
    1.37130409e-01 1.68046325e-01 8.63379240e-02 2.64604092e-01
    8.98385465e-01 7.94811964e-01 7.22367406e-01 1.20784193e-01
    6.26785755e-01 3.52505565e-01 4.70465153e-01 6.98347986e-01
    5.67993402e-01 9.42165196e-01 5.90831041e-03 6.19632185e-01
    4.38555688e-01 5.36548138e-01 4.70808089e-01 5.01605093e-01
    7.09014952e-01 2.94444621e-01 8.21202397e-01 7.02184618e-01
    4.53957915e-02 8.98124695e-01 5.54112971e-01 4.63843137e-01
    1.67813122e-01 6.77673876e-01 2.26356298e-01 1.97791815e-01
    1.10366464e-01 3.86995465e-01 3.13044012e-01 4.95456457e-01
    7.04980254e-01 6.29099131e-01 2.09894389e-01 8.26682270e-01
    9.99245942e-02 4.99869406e-01 4.27862376e-01 3.12377691e-01
    3.80143613e-01 5.35629988e-01 4.86291558e-01 9.32287753e-01
    3.47552598e-02 7.21664727e-01 5.77438474e-01 9.73874629e-01
    4.13740307e-01 6.41889811e-01 8.49906206e-01 9.16394353e-01
    2.10123360e-02 1.35058045e-01 9.97866869e-01 7.96343565e-01
    2.14145511e-01 4.89229828e-01 1.90221578e-01 1.00162864e-01
    3.19473416e-01 4.74788129e-01 5.01721084e-01 4.60622430e-01
    2.39574343e-01 5.71799219e-01 6.28813863e-01 6.18751466e-01
    8.56244802e-01 9.58890796e-01 7.73548007e-01 9.80571151e-01
    1.63923979e-01 6.88176990e-01 1.97564334e-01 8.76008749e-01
    6.01527929e-01 4.18777227e-01 8.97557735e-01 2.73790091e-01
    5.45257926e-02 3.49122941e-01 9.06406820e-01 7.44394541e-01
    7.86079288e-01 8.74591827e-01 9.27272022e-01 2.42082298e-01
    7.38737524e-01 8.96639466e-01 3.13059628e-01 7.71987557e-01
    3.63786042e-01 2.72173613e-01 4.59953040e-01 1.08376801e-01
    2.48993814e-01 9.81831372e-01 4.37950611e-01 2.64731526e-01
    9.51210856e-01 4.33209240e-01 9.43564951e-01 2.68173337e-01
    2.35531867e-01 5.65428734e-01 9.74178553e-01 6.97554410e-01
    5.03163338e-01 1.89995497e-01 1.60685182e-01 8.34768176e-01
    7.41560757e-01 7.10569024e-01 3.31416547e-01 1.42045975e-01
    2.19870329e-01 8.07186723e-01 3.48120511e-01 4.16621923e-01
    9.83702660e-01 9.14817214e-01 8.55795264e-01 5.65738022e-01
    1.54230088e-01 3.17433238e-01 7.13744402e-01 9.51570511e-01
    9.53482389e-02 7.61949897e-01 8.48671436e-01 8.03092718e-01
    1.79160416e-01 9.89122868e-01 8.86410594e-01 2.07012296e-01
    3.27105582e-01 8.61480236e-01 9.12208438e-01 2.32007831e-01
    4.64169592e-01 5.33620000e-01 2.00504512e-01 9.46628749e-01
    2.19671100e-01 1.50169641e-01 8.42310309e-01 4.31767613e-01
    9.59419131e-01 5.53633034e-01 4.13749695e-01 6.54112101e-01
    5.79103827e-01 4.15749252e-01 1.12894237e-01 1.85178518e-01
    9.46948349e-01 1.06235772e-01 5.10135591e-02 9.09926176e-01
    1.99691534e-01 7.39541948e-01 5.03876448e-01 1.48560673e-01
    5.41329801e-01 4.36062813e-01 8.45830798e-01 4.64043319e-01
    6.70585752e-01 5.21418214e-01 2.63534844e-01 5.03183842e-01
    7.01629579e-01 2.53545821e-01 2.10953802e-01 7.56563842e-01
    8.73477578e-01 2.91876316e-01 6.27469659e-01 3.89723450e-01
    1.99914902e-01 5.29715121e-01 9.58822608e-01 4.54112291e-02
    1.55546099e-01 8.02706838e-01 4.22293335e-01 6.93395734e-02
    6.54273391e-01 5.99943876e-01 9.17412817e-01 5.46114326e-01
    4.99509782e-01 2.09189862e-01 4.33608443e-01 9.82234359e-01
    3.70655060e-01 6.69411004e-01 3.22010785e-01 5.39256811e-01
    9.40498233e-01 2.44910866e-01 6.64871454e-01 4.76706356e-01
    3.22249591e-01 1.71040833e-01 6.31848514e-01 9.32776451e-01
    8.03829432e-01 2.61084795e-01 8.55781019e-01 1.76839024e-01
    3.30007374e-01 9.88127589e-01 4.70409334e-01 3.70769620e-01
    6.74818456e-01 6.30710542e-01 1.77567095e-01 5.15565932e-01
    6.95850313e-01 9.23539400e-02 5.58348298e-01 5.69528580e-01
    4.26748484e-01 5.31328201e-01 6.32136464e-01 3.39945883e-01
    1.76550835e-01 6.60449564e-01 1.32151246e-01 6.91495419e-01
    5.34280360e-01 4.23719019e-01 3.03178102e-01 9.71294045e-02
    3.11728686e-01 7.08588481e-01 3.77657622e-01 4.48520124e-01
    8.47823381e-01 3.02482903e-01 2.35424966e-01 9.74102259e-01
    6.51160002e-01 1.62682831e-02 3.53310525e-01 2.41084963e-01
    3.13089788e-01 1.10670924e-03 2.81227827e-02 3.04863095e-01
    3.52488935e-01 8.34911168e-01 4.78963733e-01 5.96385300e-02
    9.07027602e-01 6.30121350e-01 2.21997887e-01 5.67360461e-01
    7.12869644e-01 9.46430385e-01 7.79377043e-01 6.77850723e-01
    7.69502044e-01 7.98413873e-01 5.43849826e-01 6.49452925e-01
    9.82170343e-01 2.26266921e-01 8.74974132e-01 4.33820456e-01
    4.79852676e-01 9.03397739e-01 2.06680536e-01 9.32742119e-01
    1.39144510e-01 5.83611786e-01 1.04280949e-01 4.86468405e-01
    2.77731299e-01 9.82929468e-02 6.61798000e-01 1.65831715e-01
    9.53062654e-01 1.93592221e-01 3.98138672e-01 3.23956013e-02
    6.81840837e-01 7.63212144e-01 5.82374811e-01 4.08520967e-01
    1.81615055e-01 4.14318591e-01 4.69446689e-01 5.99121630e-01
    4.49630558e-01 8.21969271e-01 3.85416150e-01 3.37443709e-01
    8.45551491e-01 5.77399611e-01 5.33772886e-01 2.62290686e-01
    3.76501203e-01 4.54173684e-02 4.56896156e-01 1.00397199e-01
    1.56792343e-01 6.02970421e-01 1.03314400e-01 7.34782338e-01
    4.70284730e-01 3.86451215e-01 1.15563244e-01 6.58211887e-01
    2.45108485e-01 8.40874076e-01 2.59263813e-02 9.07815337e-01
    1.25691831e-01 3.50743532e-02 8.56074631e-01 8.11817884e-01
    3.82398069e-01 7.29674697e-01 2.80320048e-01 7.97549367e-01
    3.88435930e-01 9.09867764e-01 4.21122700e-01 2.73621172e-01
    7.89196014e-01 6.57483101e-01 7.04297841e-01 9.87244368e-01
    8.52591574e-01 9.63895977e-01 2.93501854e-01 8.52696896e-01
    5.07644832e-01 5.60121059e-01 1.78581357e-01 8.78922105e-01
    8.69913280e-01 8.83828878e-01 1.82501346e-01 9.69720125e-01
    8.69766057e-01 8.71467769e-01 2.30770916e-01 6.71495140e-01
    5.15646994e-01 1.90787762e-01 7.02730179e-01 2.50858814e-01
    5.56761324e-02 3.10037822e-01 4.88911420e-01 6.67661309e-01
    6.87404990e-01 7.67090917e-01 6.90919697e-01 8.07504892e-01
    1.91110849e-01 9.15153742e-01 3.08442324e-01 5.24143577e-01
    3.11650395e-01 2.57609755e-01 9.70682502e-01 9.52744722e-01
    3.47374856e-01 8.64892244e-01 1.29115283e-02 1.89687520e-01
    3.78742218e-02 5.80034375e-01 4.90141422e-01 2.23743320e-02
    3.45779657e-01 8.57412577e-01 8.87138784e-01 7.99288392e-01
    9.42614675e-01 1.80325687e-01 4.38114673e-01 1.42633855e-01
    6.63098156e-01 1.55391186e-01 4.83372927e-01 8.50926638e-01
    8.54553819e-01 9.31969464e-01 5.46075404e-01 7.04448104e-01
    5.14621377e-01 6.81418717e-01 7.55701303e-01 6.61521435e-01
    2.49399632e-01 9.73911643e-01 8.28036666e-01 3.47476870e-01
    1.88753009e-01 7.11805105e-01 5.98190546e-01 8.78423870e-01
    1.54562712e-01 4.50495780e-02 1.22689754e-01 7.17714787e-01
    7.06452131e-02 4.24036741e-01 3.78076673e-01 4.14209723e-01
    4.39770997e-01 7.89959133e-01 2.97323912e-01 4.35317069e-01
    5.17983198e-01 2.92652547e-01 5.97949207e-01 7.35416710e-02
    7.29790807e-01 6.79352164e-01 5.22446811e-01 1.00756258e-01
    1.56735420e-01 3.83506119e-01 4.64427233e-01 6.21221662e-01
    4.02096361e-01 5.93850493e-01 7.77470767e-02 4.63921100e-01
    3.92807573e-01 6.52435839e-01 7.13429689e-01 5.87760568e-01
    5.41962743e-01 8.75820518e-02 9.76504326e-01 2.05920547e-01
    6.69437647e-03 4.41108018e-01 9.08976555e-01 2.77403057e-01
    3.39130521e-01 7.19089448e-01 8.24816823e-01 4.51152116e-01
    5.63956141e-01 2.19036549e-01 5.03402710e-01 8.92193913e-01
    4.11891460e-01 8.63310456e-01 6.49689794e-01 4.28845465e-01
    9.96392012e-01 3.16340029e-01 3.59132886e-01 4.48442787e-01
    5.32133222e-01 4.72068250e-01 5.93583882e-02 3.07746053e-01
    3.89035910e-01 2.80060530e-01 6.98699176e-01 2.69144058e-01
    4.92560238e-01 2.92170167e-01 6.48410678e-01 1.78907305e-01
    4.16254610e-01 5.30718446e-01 9.52260256e-01 8.27377141e-02
    4.65787917e-01 3.83851647e-01 6.16637766e-01 8.03377926e-02
    4.83123004e-01 9.32580829e-01 9.89825964e-01 3.69203150e-01
    5.70229888e-01 9.24753070e-01 6.48762286e-02 2.85929799e-01
    5.88460863e-01 7.51627982e-01 3.13231349e-01 6.78447008e-01
    5.09635866e-01 9.89754438e-01 1.04316205e-01 5.19010484e-01
    9.58074570e-01 7.44787216e-01 2.70346850e-01 5.00488877e-02
    7.35439777e-01 5.00741184e-01 3.95239800e-01 7.28267550e-01
    8.62343192e-01 7.29574561e-01 1.03146434e-02 4.05726135e-02
    9.43831801e-01 2.64782071e-01 8.34075212e-01 8.25778604e-01
    9.51347351e-01 2.64516115e-01 7.56794691e-01 1.70661300e-01
    4.89177883e-01 4.51842368e-01 1.11648828e-01 9.37906802e-02
    7.17520058e-01 2.50127912e-02 7.76495337e-01 4.63643610e-01
    1.03881270e-01 5.09274483e-01 9.35140133e-01 4.92854595e-01
    9.78721380e-01 8.66113305e-02 1.49155796e-01 8.05398524e-01
    6.12415910e-01 4.73944724e-01 2.66369611e-01 3.66306335e-01
    9.01929259e-01 7.29218841e-01 6.77378058e-01 4.23457175e-01
    3.20317537e-01 5.52187562e-01 9.96916294e-02 4.07107890e-01
    4.21047807e-02 6.24594927e-01 6.74137294e-01 1.55779809e-01
    3.01748455e-01 3.32347333e-01 9.64301825e-03 7.03181386e-01
    9.85876799e-01 9.23628628e-01 7.93258011e-01 9.22297955e-01
    6.46577239e-01 8.52198899e-01 7.14188159e-01 2.80787885e-01
    3.84657383e-01 1.36545748e-01 8.68608296e-01 8.87489378e-01
    8.57826829e-01 5.75129449e-01 8.34969103e-01 7.91516125e-01
    9.15324688e-03 9.12216842e-01 1.06480181e-01 1.73339844e-02
    6.04236901e-01 8.04519475e-01 2.24260956e-01 9.53246593e-01
    5.44881344e-01 9.11039114e-01 1.64260864e-02 2.58595407e-01
    5.06081462e-01 8.25230420e-01 1.33969486e-02 7.07304597e-01
    6.43099308e-01 4.60222363e-02 3.19769174e-01 1.28977507e-01
    3.22530866e-01 7.95149326e-01 2.43998438e-01 5.40527701e-03
    1.58029109e-01 7.96424270e-01 4.72496539e-01 9.66322780e-01
    5.25843680e-01 5.56188822e-02 1.77420139e-01 8.82189751e-01
    4.92201358e-01 3.90260577e-01 1.16629630e-01 8.94798398e-01
    7.80447900e-01 7.66161561e-01 3.96389872e-01 8.66484642e-03
    3.49131942e-01 5.84063113e-01 2.93844372e-01 1.03374332e-01
    4.32761580e-01 2.41374701e-01 3.00703287e-01 3.88387710e-01
    3.87527227e-01 6.52252853e-01 4.22486961e-02 7.34789848e-01
    2.72844136e-01 8.29165220e-01 4.86958295e-01 7.42385149e-01
    8.46832633e-01 3.24999571e-01 4.29693073e-01 1.98329091e-02
    2.10778117e-01 7.96876550e-02 3.07434857e-01 3.59725416e-01
    2.44169474e-01 5.39991558e-02 4.25024033e-01 8.71623158e-01
    5.50577343e-01 9.49534774e-01 5.11656582e-01 1.05293006e-01
    2.30203241e-01 9.19185638e-01 4.90099519e-01 9.19566870e-01
    2.15516388e-01 6.71686053e-01 8.83056819e-01 4.27368224e-01
    3.07997644e-01 9.64396000e-02 9.96776223e-01 6.93554401e-01
    7.28186011e-01 3.36861312e-02 7.17322528e-01 1.60272539e-01
    1.15712076e-01 5.85348368e-01 1.15484208e-01 5.85462868e-01
    8.24301004e-01 9.42539096e-01 4.49456334e-01 4.05671000e-01
    2.49230653e-01 2.81873167e-01 5.37651360e-01 3.30705285e-01
    5.46565890e-01 5.71810007e-01 1.99253112e-01 6.08246028e-01
    8.40405583e-01 4.70903397e-01 5.94802737e-01 9.39971924e-01
    6.73710465e-01 1.83418185e-01 2.44525313e-01 6.00822151e-01
    2.50458956e-01 6.24390006e-01 5.76686323e-01 2.01063663e-01
    7.41631269e-01 4.68975216e-01 2.40776658e-01 8.10363352e-01
    6.89716339e-01 7.39489853e-01 5.40035188e-01 8.50874305e-01
    2.99692541e-01 1.28703535e-01 8.83339465e-01 1.35094464e-01
    9.39017892e-01 8.15230131e-01 1.96511537e-01 1.29405677e-01
    6.90915704e-01 2.02177763e-02 3.71155709e-01 7.06419826e-01
    8.96679461e-02 5.31356633e-01 7.76226044e-01 7.00711608e-01
    3.17688286e-02 6.79573417e-01 5.00526130e-02 1.82957292e-01
    7.92090297e-01 3.46216977e-01 5.26389778e-01 5.56749701e-01
    5.59006631e-01 9.99744833e-01 8.64523172e-01 8.08686137e-01
    3.06499511e-01 2.82786161e-01 8.37439299e-03 2.97242671e-01
    3.74196589e-01 1.31801933e-01 3.23003292e-01 1.62768245e-01
    5.64933538e-01 1.31998956e-01 5.72503507e-01 9.79842663e-01
    2.32942015e-01 8.46710563e-01 4.02234495e-01 8.19384694e-01
    7.19188392e-01 3.14771354e-01 1.58327818e-02 8.09239388e-01
    1.73425704e-01 8.17751646e-01 9.52895463e-01 2.59697437e-02
    3.32089663e-01 2.55098581e-01 4.49169129e-01 9.56010938e-01
    9.12218571e-01 6.33842230e-01 6.65746033e-02 7.93733299e-02
    6.36792183e-01 1.47226870e-01 4.66798902e-01 2.29639947e-01
    8.85335088e-01 1.42096758e-01 8.08629870e-01 4.06609744e-01
    8.58265638e-01 4.92048383e-01 4.36009079e-01 9.46893990e-01
    8.96467090e-01 8.63306046e-01 5.47883034e-01 4.81127650e-01
    9.23510194e-01 9.21053469e-01 8.14145625e-01 8.84932816e-01
    5.32136977e-01 1.86950266e-01 3.22269559e-01 2.60346472e-01
    4.88452852e-01 7.93802261e-01 6.20169818e-01 8.09360862e-01
    6.17973804e-01 7.38638997e-01 2.14404672e-01 5.93703032e-01
    8.65475357e-01 2.64997125e-01 2.08325744e-01 6.13766074e-01
    5.21515310e-01 2.58772552e-01 3.01125944e-01 1.72073752e-01
    3.00596714e-01 2.94684470e-02 3.76924992e-01 6.55684233e-01
    7.38046646e-01 9.59061980e-02 3.53361964e-01 9.98725653e-01
    2.03571618e-01 6.81610048e-01 4.46373492e-01 1.05292439e-01
    1.47760630e-01 5.56026518e-01 3.64182472e-01 7.62919068e-01
    4.16441262e-02 8.39842677e-01 6.34346843e-01 4.90575641e-01
    5.75816631e-02 3.81079555e-01 4.25994396e-01 8.96155536e-01
    7.05066919e-01 4.33635861e-01 2.10633218e-01 2.18840361e-01
    6.54893577e-01 8.02045166e-01 2.72069097e-01 7.71533489e-01
    4.92028058e-01 4.93315190e-01 6.78180158e-02 6.83207214e-01
    9.55039620e-01 4.11570936e-01 6.41194880e-01 9.30653632e-01
    1.49375468e-01 8.67152214e-01 6.86994493e-02 5.07499695e-01
    6.36838973e-01 9.60566103e-01 2.93726921e-01 5.64893425e-01
    2.29176790e-01 2.10335284e-01 3.65813851e-01 8.30529928e-01
    8.94503176e-01 4.76336896e-01 8.86675835e-01 4.64345127e-01
    3.35473239e-01 4.12750810e-01 1.99667007e-01 6.72810316e-01
    8.88395607e-01 1.02657378e-02 5.18566251e-01 4.32769656e-01
    7.71842897e-01 7.20307827e-01 3.56509864e-01 9.34194028e-02
    5.03836274e-01 3.63712192e-01 9.55040932e-01 5.50396025e-01
    6.32419109e-01 2.90541887e-01 5.29871821e-01 2.83256173e-03
    8.19828629e-01 4.94337261e-01 3.73545885e-01 3.71477306e-02
    4.92084205e-01 7.20883250e-01 9.43416238e-01 5.02871335e-01
    2.89883733e-01 7.74169862e-01 7.15566576e-01 6.51347816e-01
    1.84796751e-01 5.29672861e-01 8.47151041e-01 7.27599144e-01
    8.75133038e-01 6.43137932e-01 4.17195439e-01 5.14126658e-01
    3.11260730e-01 4.68528658e-01 5.22766590e-01 4.81328607e-01
    2.77342200e-01 5.14106691e-01 6.20987415e-01 1.80389762e-01
    8.16373289e-01 9.73007083e-01 2.10734576e-01 8.54020655e-01
    7.26336360e-01 6.04124665e-02 7.18014657e-01 8.02354813e-01
    6.14134312e-01 6.75898433e-01 1.57850474e-01 2.52062559e-01
    4.56682295e-01 9.83678699e-01 6.60733819e-01 5.30273318e-01
    8.93751919e-01 7.65855670e-01 2.53153920e-01 8.74902606e-01
    6.95991695e-01 4.27345723e-01 5.35259306e-01 4.65467960e-01
    3.47436190e-01 3.62249851e-01 7.60977149e-01 9.19894099e-01
    5.83853841e-01 1.76514447e-01 7.04524517e-01 4.69362020e-01
    9.71193016e-02 5.63736081e-01 8.22511017e-02 3.38589787e-01
    6.53941870e-01 1.02838606e-01 2.19005674e-01 7.67929435e-01
    2.45215654e-01 7.16371357e-01 7.83854008e-01 6.47154093e-01
    9.50632870e-01 6.83838725e-01 9.47481513e-01 5.08205295e-02
    6.75316930e-01 7.39290178e-01 4.43779379e-01 5.65445602e-01
    1.25858366e-01 8.44458759e-01 4.20046300e-01 8.93805742e-01
    3.22680473e-02 5.30132413e-01 6.93124831e-02 2.81619638e-01
    3.25536370e-01 5.08425772e-01 5.91146708e-01 4.13894117e-01
    3.97731721e-01 5.11140168e-01 4.38565254e-01 2.95073271e-01
    8.66824031e-01 3.24339688e-01 9.41285729e-01 2.96456158e-01
    3.08350176e-01 2.48035371e-01 2.02700555e-01 9.71488118e-01
    5.30892372e-01 5.16778529e-01 1.31542951e-01 4.66275513e-01
    4.17846531e-01 9.63283956e-01 9.17703629e-01 6.58917785e-01
    7.38343656e-01 6.10440969e-03 9.80420351e-01 8.94318402e-01
    9.25161958e-01 7.97804356e-01 5.37669301e-01 4.48284507e-01
    3.72640014e-01 1.64091140e-01 2.34906048e-01 1.00370049e-02
    3.39192450e-02 7.97620058e-01 2.59889454e-01 7.29333460e-02
    7.09745109e-01 7.12082386e-02 2.31585383e-01 4.99318242e-02
    7.04526484e-01 1.21896744e-01 3.41214418e-01 4.54918355e-01
    6.30458951e-01 3.66850793e-01 2.43483007e-01 3.31234038e-02
    2.75701404e-01 1.93666041e-01 9.77416992e-01 8.78296256e-01
    8.24699521e-01 4.84226346e-02 3.76845956e-01 3.49211454e-01
    3.06685090e-01 5.74258864e-01 1.15492404e-01 9.54170585e-01
    4.45527256e-01 2.90425718e-02 2.27901578e-01 4.87959653e-01
    2.88158059e-01 9.47979748e-01 5.79398870e-01 2.59126693e-01
    3.21134150e-01 8.85701299e-01 8.21899414e-01 8.60194802e-01
    3.25328261e-01 8.60904217e-01 8.13829541e-01 5.98444045e-01
    2.56598532e-01 8.08230042e-01 6.80389881e-01 3.95815670e-02
    3.33400011e-01 4.65128183e-01 4.36649978e-01 1.99747086e-02
    1.17657095e-01 9.31161523e-01 5.96494079e-02 8.96831393e-01
    3.95433486e-01 9.97124910e-02 4.03367072e-01 2.91879535e-01
    9.97173309e-01 5.80110073e-01 8.45075369e-01 2.80970335e-03
    8.06256652e-01 7.59349585e-01 3.66373330e-01 9.90790248e-01
    1.50661141e-01 7.96206355e-01 9.83340025e-01 1.57788366e-01
    3.03439200e-02 7.26405740e-01 8.65532398e-01 9.58625317e-01
    5.85973680e-01 3.73539329e-01 1.00106776e-01 8.93975139e-01
    2.94199854e-01 9.37554955e-01 4.20784920e-01 6.37934089e-01
    8.82261753e-01 8.65875483e-01 4.78032142e-01 4.49338824e-01
    2.26666778e-01 5.97890556e-01 3.93878937e-01 9.93751287e-01
    8.16638410e-01 1.38910085e-01 8.21720958e-01 1.67258084e-02
    1.33758903e-01 1.41708553e-02 1.52968645e-01 1.69572920e-01
    2.44614571e-01 7.40562141e-01 9.77999091e-01 8.45830679e-01
    3.69887978e-01 8.94845366e-01 9.58389103e-01 6.88360989e-01
    3.82395685e-01 4.01594162e-01 4.48153913e-02 9.83692408e-02
    3.78491879e-02 3.76264513e-01 5.90455413e-01 2.63180912e-01
    4.14976031e-01 1.77077413e-01 9.25400376e-01 7.34061003e-03
    3.07114005e-01 9.14557576e-01 7.89887428e-01 9.77803230e-01
    3.89549375e-01 3.78385067e-01 3.46197784e-02 1.34181857e-01
    3.06904495e-01 6.46871746e-01 4.01705235e-01 4.55797315e-02
    2.91711152e-01 7.42900133e-01 6.60242260e-01 8.53150189e-02
    4.69268143e-01 3.23112607e-02 9.96112823e-01 4.84598875e-01
    1.61534965e-01 8.91341984e-01 8.21000576e-01 9.16198850e-01
    7.58512497e-01 1.09509140e-01 4.84597087e-02 3.00593972e-01
    7.63367355e-01 9.71362889e-02 3.25405121e-01 5.88586092e-01
    4.93134290e-01 3.46601158e-01 2.93424070e-01 1.00667536e-01
    8.89463544e-01 2.17586905e-01 8.49621356e-01 1.72527879e-01
    3.94617140e-01 2.58956254e-01 3.90763789e-01 2.34974027e-02
    3.49638760e-01 2.24400461e-01 4.57526833e-01 1.51824355e-01
    6.26456201e-01 7.69759774e-01 9.09260273e-01 2.00549364e-02
    1.25452876e-01 6.77970290e-01 1.93668336e-01 4.15770590e-01
    8.98519695e-01 7.58428454e-01 2.99286544e-02 7.60532796e-01
    9.42872643e-01 6.84185386e-01 9.49873924e-01 2.36923993e-01
    5.00722587e-01 1.42260075e-01 9.02218938e-01 2.66437024e-01
    2.16504246e-01 2.03766167e-01 1.48376226e-02 5.07383943e-01
    2.50571430e-01 2.80495614e-01 6.52714729e-01 6.89906716e-01
    4.96107101e-01 8.97293985e-01 3.61020923e-01 8.10930014e-01
    5.44470191e-01 7.05130756e-01 9.24834311e-02 6.99112773e-01
    5.82836688e-01 3.52420211e-02 9.00990605e-01 3.67435277e-01
    4.60890502e-01 5.02046525e-01 4.65116262e-01 8.96163821e-01
    2.17320830e-01 9.41893876e-01 3.58073056e-01 9.67190683e-01
    8.50027561e-01 5.96481979e-01 8.16590488e-02 8.21370244e-01
    6.57239974e-01 2.40701050e-01 5.61056435e-02 3.61880541e-01
    2.28585839e-01 3.15062106e-01 7.21173346e-01 1.99571609e-01
    8.61173511e-01 5.48140287e-01 1.72376454e-01 2.61926651e-03
    4.49738383e-01 2.21480072e-01 9.30620193e-01 1.07194215e-01
    1.29359454e-01 6.77500248e-01 4.31275994e-01 7.04585195e-01
    8.67109120e-01 4.66906339e-01 2.66624272e-01 1.31235689e-01
    8.52382302e-01 6.59863949e-02 1.23306811e-02 2.03087181e-01
    1.42310560e-02 1.18848681e-01 1.31247342e-02 3.00614148e-01
    7.84310162e-01 3.13535869e-01 3.61853778e-01 9.39529181e-01
    2.37459421e-01 6.33918166e-01 1.01234764e-01 5.83257616e-01
    6.79014802e-01 2.68685430e-01 5.79219878e-01 6.16727352e-01
    2.66636431e-01 6.04232550e-01 6.66946173e-01 6.98074698e-02
    5.89166224e-01 3.23307216e-02 6.52573586e-01 5.49330950e-01
    6.74659252e-01 2.06734091e-01 3.66357177e-01 1.11033559e-01
    6.83336258e-01 8.49050879e-01 7.63419926e-01 1.58966482e-02
    1.29731625e-01 8.46355677e-01 3.33390564e-01 2.44346142e-01
    3.25261295e-01 5.04820526e-01 9.57564473e-01 7.51331091e-01
    2.28354126e-01 1.58027977e-01 3.97639930e-01 7.31734335e-02
    9.82812643e-01 7.99992085e-01 1.08207852e-01 8.62254381e-01
    4.12211120e-01 4.06600475e-01 9.17427242e-02 1.81113809e-01
    5.08441150e-01 3.34514588e-01 9.97025371e-02 2.97759354e-01
    6.44711494e-01 2.27570832e-02 3.10598016e-01 1.19357497e-01
    6.46531999e-01 7.18113124e-01 8.05134118e-01 5.77869773e-01
    2.14218825e-01 6.19500875e-01 8.64657402e-01 2.86599755e-01
    2.31194764e-01 3.07109773e-01 8.86794448e-01 3.65232587e-01
    3.87964249e-01 7.67250776e-01 8.38456154e-01 3.06323498e-01
    3.46169055e-01 2.22535074e-01 5.30272365e-01 7.79020905e-01
    5.31126559e-01 2.00334579e-01 9.31603849e-01 2.23268598e-01
    3.70293617e-01 6.38610840e-01 2.55873859e-01 2.54022300e-01
    8.27964902e-01 7.46323705e-01 9.95175481e-01 6.16507590e-01
    2.67296493e-01 5.50464153e-01 3.99933398e-01 8.88461947e-01
    8.83851349e-02 5.66321909e-02 2.82567501e-01 4.57538158e-01
    1.32042348e-01 9.36755300e-01 8.20606709e-01 1.52685314e-01
    4.47241306e-01 8.71438503e-01 4.89933193e-01 1.15307868e-01
    5.61304092e-01 2.59490371e-01 9.76443410e-01 5.02044380e-01
    4.72565800e-01 7.92172432e-01 9.72770095e-01 2.22057253e-01
    1.82404071e-01 8.44343364e-01 5.17674088e-02 4.20803070e-01
    6.60543263e-01 7.52756357e-01 5.78762293e-01 9.83436406e-02
    2.09961534e-01 3.90407860e-01 6.15578294e-01 3.61995965e-01
    4.99727577e-01 8.38423371e-01 2.31570780e-01 5.55323780e-01
    6.11045659e-02 1.93286330e-01 9.83860493e-02 9.15576100e-01
    3.25360119e-01 7.14372635e-01 5.59511960e-01 3.44826311e-01
    3.94431412e-01 6.46700144e-01 6.00265563e-01 5.04612923e-01
    6.95012450e-01 3.47977102e-01 8.11890602e-01 3.55411738e-01
    4.01184022e-01 6.72167718e-01 4.13075387e-01 2.20398694e-01
    9.95849609e-01 8.14826012e-01 7.62496769e-01 4.71336424e-01
    7.05114484e-01 6.04434013e-01 4.53844726e-01 4.78631049e-01
    7.41555333e-01 3.78255069e-01 1.37555242e-01 1.52699828e-01
    7.11286843e-01 7.26225376e-01 3.68082196e-01 2.77573824e-01
    1.73229069e-01 6.65382564e-01 5.61885834e-01 2.98249364e-01
    1.53833032e-02 4.21803296e-01 9.56743240e-01 4.18544650e-01
    7.85946012e-01 4.89278287e-01 7.44715869e-01 3.69365573e-01
    6.03836775e-01 1.85732275e-01 1.61023259e-01 6.11399114e-01
    3.18023026e-01 5.81309795e-02 8.37624729e-01 6.88827753e-01
    1.41318530e-01 5.82803726e-01 2.10314691e-02 1.11066878e-01
    6.68127835e-01 3.27076316e-01 5.52228987e-01 7.65066743e-01
    8.39295447e-01 7.41557181e-01 4.93932098e-01 5.34662306e-01
    3.37000072e-01 6.11605227e-01 4.64381397e-01 1.30698591e-01
    8.57767463e-02 2.42281765e-01 4.70843107e-01 4.11622375e-01
    4.90685672e-01 8.29521060e-01 9.94038463e-01 2.59044975e-01
    8.93415093e-01 3.21466863e-01 3.88104856e-01 8.54540467e-01
    6.26642346e-01 7.80067086e-01 1.62459910e-02 7.81872630e-01
    2.33796835e-02 4.28741276e-02 1.22071654e-01 5.68249226e-01
    7.75418937e-01 6.74709976e-01 7.99074173e-02 8.91478658e-01
    5.93551993e-01 1.54966146e-01 1.87999606e-02 1.60951018e-01
    6.22844636e-01 4.74541157e-01 6.93314075e-01 1.53758526e-01
    4.52554911e-01 7.79954910e-01 6.08614802e-01 3.65730524e-01
    1.55854106e-01 1.59082413e-01 3.70341957e-01 9.92323041e-01
    2.00425953e-01 1.91484392e-02 4.64075327e-01 7.30633438e-02
    1.44154936e-01 3.08301419e-01 6.79947257e-01 9.03550267e-01
    8.37253928e-02 5.44846952e-02 2.29210228e-01 9.23261464e-01
    8.12913835e-01 5.51068127e-01 6.40276253e-01 3.87535095e-02
    3.52328181e-01 9.06729698e-01 2.49400735e-02 1.84744418e-01
    1.61680639e-01 8.15516412e-02 2.93952227e-03 5.30499816e-01
    6.11662090e-01 4.41196591e-01 4.96501565e-01 7.90974140e-01
    3.28773677e-01 3.83530200e-01 9.66489911e-01 2.09756941e-01
    4.50684726e-01 1.60532475e-01 4.21479583e-01 6.86032951e-01
    5.42247653e-01 1.60579264e-01 5.16106784e-01 6.89770043e-01
    9.72849131e-01 2.37632841e-01 3.77709568e-01 5.05673528e-01
    6.11395538e-02 4.73007560e-03 6.89695418e-01 7.75029540e-01
    9.73915815e-01 1.50614321e-01 7.69330978e-01 1.47418886e-01
    3.75185877e-01 3.45680416e-02 5.43079615e-01 9.93972182e-01
    5.87328970e-01 8.72159839e-01 7.17119992e-01 9.48129773e-01
    1.86119914e-01 2.17746645e-01 2.27670372e-02 5.80370784e-01
    9.25634503e-01 4.92902994e-02 5.58056653e-01 3.90345901e-01
    5.07204235e-01 3.87895405e-01 4.33323294e-01 6.89476132e-02
    7.48490453e-01 4.62743759e-01 9.22649026e-01 7.46934056e-01
    4.97273326e-01 2.57583797e-01 1.35021240e-01 7.85449505e-01
    5.80134690e-01 6.59687519e-01 8.60399127e-01 9.90138829e-01
    4.91814345e-01 8.88079405e-01 8.95393372e-01 9.99509215e-01
    8.94152284e-01 9.62819576e-01 5.93457699e-01 3.30725610e-01
    1.83386177e-01 4.93818223e-01 6.41946316e-01 6.26784205e-01
    8.79073024e-01 6.64276719e-01 5.54552317e-01 9.38938141e-01
    2.04428613e-01 9.31434572e-01 6.64405584e-01 7.44232595e-01
    9.29844618e-01 9.61329103e-01 9.24097776e-01 9.38683987e-01
    9.52897310e-01 5.41773915e-01 7.90205359e-01 8.25054884e-01
    9.40877438e-01 7.20276356e-01 3.58373016e-01 6.58710599e-02
    8.73917222e-01 1.71648771e-01 9.47441041e-01 7.07778335e-03
    1.22048229e-01 9.22625124e-01 5.81206203e-01 2.59730875e-01
    4.74789798e-01 7.71738708e-01 6.75697327e-01 5.30804157e-01
    9.28012609e-01 7.34188676e-01 8.78944278e-01 6.75077140e-02
    7.82774389e-01 1.16233617e-01 2.78878987e-01 3.97826731e-02
    4.53384399e-01 3.12528193e-01 9.26248431e-02 9.12595510e-01
    2.84343123e-01 5.59318066e-01 4.70200002e-01 2.47176766e-01
    8.22758913e-01 3.69504392e-01 6.51639283e-01 9.38991070e-01
    5.63458323e-01 1.19384080e-01 4.74296004e-01 4.72763181e-01
    2.52196550e-01 1.68046415e-01 4.47528005e-01 1.67046130e-01
    3.30402076e-01 7.10233450e-01 9.14745927e-01 3.49733233e-03
    3.39562416e-01 8.73611808e-01 8.31672192e-01 5.78675687e-01
    6.81405962e-01 4.07061875e-01 6.06583297e-01 2.18514353e-01
    7.63490796e-01 4.63503897e-02 1.40463561e-01 3.43762636e-01
    9.27686691e-01 5.88958502e-01 8.07194412e-02 2.29620636e-02
    3.42336893e-02 4.74111795e-01 5.62055409e-01 4.56047684e-01
    6.44921660e-02 5.70515394e-01 8.39422107e-01 4.38901812e-01
    2.88892806e-01 4.59268302e-01 2.13190913e-03 3.51903737e-02
    1.82512134e-01 2.97726005e-01 3.79530191e-02 7.46021271e-01
    4.27247226e-01 6.28546834e-01 8.71878624e-01 4.05445337e-01
    8.94016027e-01 4.51973498e-01 4.79418755e-01 1.46203518e-01
    2.83032656e-03 1.31821334e-02 7.83105493e-01 5.13814986e-01
    9.72676039e-01 5.24672568e-02 5.56029558e-01 3.51866543e-01
    2.25357056e-01 7.54978180e-01 6.69497371e-01 3.21541846e-01
    9.03616905e-01 7.96113253e-01 7.07599878e-01 5.83541036e-01
    4.44931298e-01 8.11021447e-01 8.76484632e-01 1.05408281e-01
    4.52655613e-01 9.71478641e-01 9.76790190e-01 3.62484992e-01
    1.41913444e-01 5.50945163e-01 4.82042730e-01 5.85886240e-01
    4.61588383e-01 6.14931762e-01 2.66944468e-01 7.55459964e-02
    8.32318723e-01 6.99648023e-01 4.56414014e-01 9.47757304e-01
    7.58378506e-02 8.89563680e-01 3.19930613e-01 1.59062386e-01
    5.17881393e-01 1.72707856e-01 8.68868113e-01 9.91009414e-01
    3.51273417e-01 4.23979133e-01 6.43502593e-01 7.68324614e-01
    5.15370846e-01 2.81622887e-01 4.05779481e-02 9.74560082e-01
    4.70043838e-01 8.33984375e-01 4.89820212e-01 8.03004503e-01
    5.85802317e-01 5.71000755e-01 2.28791505e-01 2.88636088e-02
    6.14101052e-01 9.49298918e-01 4.34340715e-01 8.92337203e-01
    4.08335924e-02 7.86074638e-01 8.81820560e-01 5.58736324e-02
    8.16525221e-01 1.19787246e-01 1.56964779e-01 1.53584331e-01
    8.22409451e-01 3.26563746e-01 8.46891046e-01 5.14071643e-01
    7.94883907e-01 9.04054403e-01 1.33582652e-02 9.38040257e-01
    8.73533905e-01 3.05139601e-01 2.06748635e-01 5.44770539e-01
    6.49256229e-01 3.40916753e-01 3.04640055e-01 2.68105537e-01
    3.57647032e-01 2.22196639e-01 7.31921077e-01 9.47776198e-01
    7.71206975e-01 9.45625782e-01 8.41804266e-01 2.78566957e-01
    7.40691364e-01 9.38285410e-01 4.04029727e-01 7.32806087e-01
    8.68807554e-01 7.81796932e-01 3.91816229e-01 7.04039931e-01
    9.80208397e-01 1.73364550e-01 5.78790069e-01 6.18251622e-01
    9.67194855e-01 3.74109179e-01 5.77934802e-01 5.37584841e-01
    6.50713503e-01 5.73524415e-01 1.30937994e-01 9.10276413e-01
    8.48490894e-02 6.70238256e-01 4.92951781e-01 1.38910919e-01
    5.20064116e-01 7.52526760e-01 3.38436007e-01 4.81103510e-01
    8.95972133e-01 2.61011422e-02 1.52988613e-01 2.49268949e-01
    6.35837436e-01 2.35477388e-02 5.09323716e-01 5.90920866e-01
    5.75997949e-01 2.50417948e-01 6.14833474e-01 7.33300388e-01
    2.47896731e-01 5.66503108e-01 4.58692580e-01 6.25352263e-01
    5.70768833e-01 5.63007474e-01 6.63029850e-01 1.44193351e-01
    9.64058042e-02 3.24117601e-01 8.60356271e-01 1.22620583e-01
    2.83899665e-01 7.35452175e-01 3.80757272e-01 1.00920439e-01
    2.61198997e-01 1.90261304e-01 3.08820605e-02 1.67148292e-01
    9.57224011e-01 7.73210526e-01 1.00869745e-01 8.10813785e-01
    3.71664762e-01 4.46783632e-01 5.76508820e-01 6.94200635e-01
    3.69831741e-01 4.34013844e-01 8.29512596e-01 2.95320749e-01
    1.81288600e-01 5.66490889e-01 7.85161734e-01 4.71580982e-01
    7.71400452e-01 5.72296977e-01 8.63992214e-01 7.29144037e-01
    4.11832690e-01 7.78681159e-01 7.97424793e-01 5.85298598e-01
    4.77308750e-01 7.26578236e-01 4.42439228e-01 6.44653857e-01
    4.26225424e-01 9.59445357e-01 4.31206852e-01 8.47747684e-01
    5.20552039e-01 9.06852722e-01 3.33564699e-01 9.23182130e-01
    3.84184480e-01 2.61017144e-01 3.54638457e-01 7.15377986e-01
    5.19580126e-01 4.26768690e-01 6.63238227e-01 3.35546225e-01
    2.20525414e-01 2.07027286e-01 1.36398852e-01 2.33659357e-01
    8.94010782e-01 4.03968602e-01 5.89282691e-01 2.65321314e-01
    3.32800657e-01 8.01446259e-01 9.36185122e-01 4.58677292e-01
    4.11264241e-01 7.88954496e-02 5.84244430e-01 1.55917883e-01
    4.59039003e-01 7.93124437e-01 7.09016621e-02 6.64780021e-01
    8.48681211e-01 6.75466418e-01 2.90925801e-01 1.21989608e-01
    2.54434109e-01 9.45936561e-01 1.58565938e-02 8.24667633e-01
    1.07504487e-01 2.66709715e-01 4.20940757e-01 1.81450844e-02
    8.63980234e-01 4.80401665e-01 7.66944289e-01 3.19399178e-01
    8.79470468e-01 6.99610293e-01 3.46906483e-01 8.32736492e-04
    1.55332327e-01 4.82672662e-01 8.62588942e-01 3.29893827e-03
    7.41510868e-01 4.19331312e-01 7.25629032e-02 3.61551791e-01
    4.88505453e-01 8.57567310e-01 9.60116386e-01 5.44287801e-01
    4.49812412e-01 2.71445513e-01 9.55192924e-01 5.78370750e-01
    7.17061579e-01 4.32994008e-01 5.83355069e-01 2.27855563e-01
    1.76612228e-01 1.61577553e-01 3.24065804e-01 6.94941044e-01
    6.04717076e-01 2.26444066e-01 6.63455784e-01 9.29029465e-01
    4.55784380e-01 5.34566820e-01 3.93253773e-01 6.84727430e-01
    4.02996004e-01 2.43047744e-01 7.49208391e-01 8.24748635e-01
    3.75698596e-01 5.59022546e-01 2.03240603e-01 8.48599792e-01
    9.63787436e-02 8.35464716e-01 8.59729052e-01 1.91219270e-01
    2.68381417e-01 1.67451322e-01 4.14620042e-02 9.15409327e-01
    2.29202211e-01 8.79206061e-01 2.03560740e-01 5.30553043e-01
    4.32918012e-01 5.26469409e-01 4.09441531e-01 5.96748888e-01
    2.51096129e-01 6.38659537e-01 3.16419125e-01 4.33277547e-01
    7.18558490e-01 6.45418346e-01 2.92246640e-01 8.01351070e-02
    2.48433501e-01 7.14153349e-02 9.37620163e-01 9.04886663e-01
    3.06497216e-01 5.38450837e-01 5.13609052e-02 8.20362449e-01
    6.99800134e-01 5.20400643e-01 1.88887119e-04 6.05215371e-01
    9.87161279e-01 5.91847658e-01 3.19525778e-01 9.88021374e-01
    5.62641859e-01 3.80583435e-01 3.09602618e-01 1.59249365e-01
    3.03207099e-01 9.38426793e-01 7.24736035e-01 1.06345475e-01
    3.69953811e-02 7.79308796e-01 8.63642812e-01 7.07162857e-01
    8.46020222e-01 3.37628424e-01 1.65755451e-01 2.21831918e-01
    6.61028624e-01 1.69107884e-01 6.50130093e-01 2.94735849e-01
    9.86592352e-01 1.75916910e-01 6.59250915e-02 6.64360046e-01
    6.71819448e-02 9.26352262e-01 8.81779790e-02 7.53626883e-01
    8.11739445e-01 7.94303775e-01 7.71051168e-01 4.12763059e-02
    2.69155145e-01 5.74455440e-01 7.13899255e-01 1.74347907e-01
    8.80646944e-01 2.37344295e-01 6.02375448e-01 7.71019340e-01
    1.52254790e-01 1.59796715e-01 5.45638442e-01 9.92125273e-03
    8.19508195e-01 4.74439859e-01 5.03341258e-01 6.49834514e-01
    4.45663899e-01 5.19721568e-01 8.53605986e-01 1.34721041e-01
    6.94686770e-01 8.60432804e-01 3.44843179e-01 3.33818018e-01
    3.35236669e-01 6.92144036e-01 1.38842613e-01 2.05021203e-02
    7.91694045e-01 5.95391035e-01 4.18231308e-01 8.65742087e-01
    1.28398389e-01 7.90343881e-01 8.60810161e-01 3.31479251e-01
    8.42067599e-03 9.42421257e-02 1.28177792e-01 1.39416337e-01
    2.78405190e-01 1.81494534e-01 9.65347886e-01 4.45106775e-01
    6.14811182e-01 1.05188757e-01 8.43853474e-01 3.33629102e-01
    3.08408201e-01 8.74610901e-01 3.98834407e-01 7.44061172e-02
    3.07932049e-01 9.01507378e-01 6.74353540e-02 5.76286614e-01
    1.62842155e-01 2.65999496e-01 7.74902642e-01 8.70326519e-01
    9.39658225e-01 4.27885413e-01 4.97397840e-01 8.60524774e-01
    4.51589525e-01 1.01201057e-01 6.27436519e-01 3.54096591e-01
    7.61510909e-01 3.20951641e-02 4.65901852e-01 2.39962697e-01
    8.78026485e-01 1.73616260e-01 4.16966885e-01 6.77478373e-01
    5.98892450e-01 8.84148359e-01 2.33052522e-01 6.64110959e-01
    1.53648317e-01 9.67382848e-01 9.01257098e-01 3.14487696e-01
    6.57989383e-01 2.76745081e-01 1.77530944e-01 9.69624758e-01
    5.74533463e-01 2.65795112e-01 9.82612550e-01 8.07191968e-01
    9.36561823e-02 4.28463876e-01 2.00022668e-01 4.50376391e-01
    8.96258891e-01 9.84205723e-01 9.52528596e-01 1.47865742e-01
    5.16159832e-01 7.54764080e-02 9.64906394e-01 8.47122312e-01
    9.54805076e-01 3.36686373e-02 5.36898673e-01 6.96562231e-01
    1.72977984e-01 4.59721982e-01 8.07472408e-01 2.34187424e-01
    2.92476296e-01 8.83653164e-01 9.80595827e-01 2.05113411e-01
    4.61688936e-01 8.63751531e-01 2.99518704e-02 6.06960833e-01
    5.43402195e-01 3.13895226e-01 7.27270484e-01 2.72214949e-01
    2.22310573e-01 6.73423767e-01 4.73980427e-01 8.83167028e-01
    8.15637589e-01 5.88871777e-01 1.03185326e-01 8.07105064e-01
    7.44955957e-01 3.34534943e-01 9.18437243e-01 5.89964390e-02
    9.15842772e-01 4.93737549e-01 3.70982170e-01 6.56749606e-01
    3.91162694e-01 7.48410642e-01 6.89732611e-01 6.38962507e-01
    4.69897270e-01 6.17655039e-01 2.49714762e-01 5.34972906e-01
    6.73820615e-01 8.67733657e-02 6.63425207e-01 5.88540494e-01
    6.10360503e-03 8.28268647e-01 7.58401334e-01 6.36659622e-01
    4.00632024e-02 2.75570512e-01 2.75521934e-01 2.21325278e-01
    8.23766351e-01 2.12159902e-01 2.62228280e-01 6.40531182e-01
    4.02375132e-01 4.18071866e-01 3.64901721e-01 7.20531106e-01
    9.10047412e-01 7.18362033e-01 4.54688072e-01 3.73730838e-01
    8.33720207e-01 4.28322554e-02 4.49240923e-01 2.13049948e-02
    2.71021247e-01 9.67717230e-01 2.88911909e-01 8.15321684e-01
    2.22434849e-01 1.21323973e-01 5.43414474e-01 9.39100623e-01
    1.60091043e-01 2.83471584e-01 4.12355363e-01 4.42371398e-01
    9.90789831e-01 4.88451719e-01 5.53365529e-01 7.06624150e-01
    9.35052752e-01 2.46448278e-01 1.37822241e-01 2.00945377e-01
    5.50325572e-01 8.70699644e-01 3.44693959e-02 4.51351881e-01
    5.23119926e-01 1.47115916e-01 8.93498540e-01 3.69018912e-02
    8.27189982e-02 9.21038151e-01 4.84802932e-01 9.77650642e-01
    6.14659667e-01 9.66183662e-01 1.77001953e-01 7.82052636e-01
    5.54592490e-01 4.87991959e-01 2.91372210e-01 4.67767060e-01
    6.10561848e-01 8.73915076e-01 2.99537838e-01 6.13488019e-01
    8.05343270e-01 5.94784498e-01 9.81689095e-01 7.71834016e-01
    8.41317892e-01 5.05295694e-02 6.75410748e-01 6.49585843e-01
    4.52522010e-01 7.95473278e-01 5.26335478e-01 9.67363834e-01
    9.75849569e-01 8.43958199e-01 7.67611027e-01 1.11223847e-01
    9.46305454e-01 6.99130714e-01 2.12442547e-01 2.54501522e-01
    4.59198952e-02 1.71918869e-02 5.58766961e-01 9.16187286e-01
    3.53068054e-01 8.87032390e-01 4.23529327e-01 1.86865419e-01
    5.67581296e-01 1.43377781e-01 7.84836769e-01 2.68214047e-02
    9.52215910e-01 4.37238693e-01 2.07026213e-01 4.24096882e-02
    1.13674492e-01 5.80478966e-01 7.52584577e-01 6.97641015e-01
    6.00714684e-01 6.23495996e-01 6.69495702e-01 5.04032493e-01
    2.80822039e-01 9.67663050e-01 1.03702635e-01 4.70783710e-02
    1.40053034e-01 6.02538407e-01 5.37135601e-01 4.79281187e-01
    2.42385119e-01 3.51524234e-01 6.83627605e-01 4.55618203e-02
    2.80934989e-01 8.87236655e-01 7.45721340e-01 5.75835407e-01
    6.03075743e-01 7.51758575e-01 4.98109400e-01 3.56557012e-01
    3.10186714e-01 2.68271327e-01 6.50944352e-01 1.65937096e-01
    1.09457672e-02 7.13429809e-01 8.80190849e-01 8.49312663e-01
    5.28176486e-01 5.84186673e-01 7.22946823e-01 9.57250297e-02
    8.63888144e-01 3.35710049e-02 1.46348983e-01 4.86342698e-01
    7.25975454e-01 6.35491967e-01 6.09028876e-01 7.92919874e-01
    2.53740966e-01 1.37164176e-01 9.80965853e-01 1.57950431e-01
    4.79927659e-01 1.24264956e-01 1.74576581e-01 3.05870175e-03
    7.97685921e-01 9.85532880e-01 5.12306333e-01 7.35511184e-01
    3.65098834e-01 5.52481294e-01 1.25739187e-01 9.57736731e-01
    3.61100495e-01 9.09368217e-01 2.75955766e-01 6.65282547e-01
    3.61397386e-01 5.52430511e-01 1.62718683e-01 1.77096635e-01
    1.70657992e-01 5.79971075e-01 7.51274943e-01 4.70242381e-01
    2.48740315e-02 9.30647969e-01 2.08939999e-01 5.30282319e-01
    1.48820966e-01 2.53503084e-01 9.27474141e-01 4.20991749e-01
    8.17391157e-01 1.06095254e-01 5.28447092e-01 6.25961006e-01
    8.21606755e-01 9.22491372e-01 9.38867450e-01 8.05544615e-01
    5.62148511e-01 9.62363482e-01 5.70027530e-01 3.68286759e-01
    7.54935980e-01 6.55196667e-01 5.15626073e-01 3.23534071e-01
    1.83979839e-01 5.40791214e-01 3.58204454e-01 7.55157471e-01
    8.71279955e-01 4.89754260e-01 3.79750907e-01 3.62315476e-01
    5.29183507e-01 3.37274909e-01 6.47237718e-01 2.10172862e-01
    6.25058472e-01 2.18675315e-01 1.04839027e-01 4.57213581e-01
    8.99397850e-01 7.05356479e-01 7.81555533e-01 5.23382545e-01
    1.64498985e-02 2.56439686e-01 5.59657931e-01 7.38897085e-01
    2.24121332e-01 1.80477440e-01 1.13340348e-01 4.30281430e-01
    4.09732521e-01 4.01099145e-01 5.59330821e-01 8.71039748e-01
    8.45520377e-01 1.15586162e-01 2.75202394e-01 8.68609488e-01
    5.19804537e-01 4.13713336e-01 7.67314553e-01 1.70143217e-01
    7.43643761e-01 6.59910083e-01 1.86230958e-01 9.25482631e-01
    8.30197930e-01 6.75245345e-01 3.60424697e-01 2.30427325e-01
    1.88875496e-01 9.41980958e-01 7.66699016e-02 4.48621988e-01
    2.58595705e-01 4.96324837e-01 3.13096404e-01 2.78526574e-01
    8.26212168e-02 7.17804253e-01 9.57385957e-01 6.25925064e-01
    1.10786945e-01 7.42709100e-01 6.10055923e-01 3.16828698e-01
    5.49852133e-01 7.09733665e-01 5.39289176e-01 5.53996921e-01
    1.21856868e-01 8.49681020e-01 4.18796122e-01 8.09999347e-01
    7.68431425e-01 5.39678037e-01 5.01859546e-01 1.97079688e-01
    5.40484726e-01 4.27766114e-01 8.02185655e-01 4.13794756e-01
    3.29425931e-01 5.89200377e-01 3.75715852e-01 1.64326847e-01
    2.56626308e-02 9.96128082e-01 8.67026389e-01 1.04878128e-01
    9.98645425e-01 3.82832348e-01 7.48648524e-01 1.44283950e-01
    2.07205176e-01 1.60618901e-01 9.09078479e-01 2.57818252e-01
    7.32755959e-01 6.86237514e-02 3.72440368e-01 2.02166706e-01
    5.41850626e-02 3.58683467e-01 6.84136450e-02 3.85890305e-01
    7.91409671e-01 2.01125950e-01 9.07181799e-02 7.80302703e-01
    6.69987381e-01 4.83902901e-01 5.95049739e-01 4.21233892e-01
    5.12007535e-01 4.59412873e-01 4.50556993e-01 6.95005059e-01
    2.29148835e-01 2.99290359e-01 6.30267501e-01 4.26930964e-01
    8.70735943e-02 3.69967759e-01 9.12091374e-01 2.19635129e-01
    5.96900523e-01 8.22657526e-01 7.13619053e-01 8.69700909e-02
    4.98917967e-01 2.63957947e-01 7.73442268e-01 3.87915671e-01
    9.05026197e-02 7.39002466e-01 8.09302211e-01 9.08224404e-01
    5.64960241e-01 6.65449083e-01 1.47097558e-01 7.46871829e-02
    7.03311861e-02 2.03537017e-01 7.14204192e-01 9.51338172e-01
    2.91690350e-01 9.31212187e-01 2.37056136e-01 6.94713295e-01
    3.57194036e-01 8.98708224e-01 5.16747177e-01 8.81275535e-01
    5.09187818e-01 3.66540432e-01 6.96747243e-01 2.69430041e-01
    7.40002990e-02 3.64034265e-01 6.25073731e-01 9.96343255e-01
    5.68080366e-01 7.00764954e-01 4.04084802e-01 8.36560905e-01
    8.60381842e-01 3.54880154e-01 3.96631300e-01 6.84499800e-01
    9.26707983e-01 9.98227835e-01 8.19436312e-01 1.79947287e-01
    8.23165655e-01 9.32320595e-01 3.37522388e-01 3.65863502e-01
    1.15950406e-01 3.17695379e-01 2.49588817e-01 2.36500144e-01
    2.22525239e-01 1.74093097e-01 5.00582039e-01 1.55064464e-02
    8.67040992e-01 7.51928747e-01 6.34640992e-01 6.97221994e-01
    3.12630057e-01 3.94449353e-01 2.95319855e-01 6.18695378e-01
    1.69844091e-01 5.39001822e-02 2.33850241e-01 5.28655648e-01
    9.99828339e-01 9.39625025e-01 7.57962763e-01 1.10232949e-01
    1.71943992e-01 7.16079652e-01 1.15793586e-01 2.70541281e-01
    1.27502531e-01 3.16181839e-01 7.65984118e-01 8.57817233e-01
    2.57789910e-01 8.86987925e-01 7.12687016e-01 9.60159302e-01
    6.48419976e-01 9.04613197e-01 1.65883958e-01 9.42400217e-01
    1.37008339e-01 7.10213482e-01 8.50442946e-02 9.86818194e-01
    3.86715382e-01 2.12976366e-01 6.53705776e-01 4.61356133e-01
    5.85118949e-01 3.24958920e-01 7.04329789e-01 7.15498209e-01
    6.39288664e-01 3.85250509e-01 3.71470153e-02 1.08215660e-01
    4.08682734e-01 7.51975715e-01 1.83080941e-01 8.86997223e-01
    5.04870534e-01 9.11748767e-01 7.82660782e-01 3.65908027e-01
    1.45792812e-01 6.80557132e-01 6.61264479e-01 5.76889813e-02
    1.16410881e-01 6.80375457e-01 3.87077361e-01 8.63035440e-01
    6.90452933e-01 4.21529293e-01 7.32730508e-01 7.70598233e-01
    9.19293582e-01 6.26622140e-02 2.98331052e-01 6.02006376e-01
    4.46225733e-01 8.82277548e-01 7.79145479e-01 1.27260298e-01
    8.44961703e-01 1.67687833e-01 1.87935919e-01 1.24318600e-01
    5.53532124e-01 5.01582444e-01 6.72403097e-01 7.25736141e-01
    5.00282049e-01 3.53313804e-01 9.64653194e-01 2.92653203e-01
    1.51762873e-01 1.51565522e-01 1.65283799e-01 1.98215991e-01
    9.79803324e-01 5.98786116e-01 1.19619012e-01 8.37872267e-01
    7.47714698e-01 2.98641354e-01 4.18898553e-01 3.62157583e-01
    9.01181340e-01 5.97051382e-01 3.51427257e-01 5.04711568e-02
    1.53812200e-01 7.37553358e-01 5.23751974e-03 1.16521865e-01
    2.46000260e-01 8.26338589e-01 8.69996905e-01 8.92165899e-01
    5.75414717e-01 9.05636311e-01 5.26369810e-02 6.03007674e-02
    1.12907946e-01 6.15135431e-02 5.83276570e-01 3.17642212e-01
    2.65095830e-01 5.00262618e-01 7.93059886e-01 5.63693523e-01
    6.91954374e-01 3.89862627e-01 2.43630111e-02 1.31988227e-01
    7.83572674e-01 9.88011956e-01 7.08019018e-01 5.63689291e-01
    8.47839355e-01 4.81796265e-02 1.56100392e-01 1.34301186e-02
    7.59085119e-01 2.20590204e-01 9.75650191e-01 1.65042281e-03
    4.44251537e-01 9.79002297e-01 5.48111558e-01 7.90297270e-01
    7.90808022e-01 1.46958858e-01 2.61756003e-01 4.96322840e-01
    2.93939769e-01 9.80598927e-02 2.66225934e-02 2.47122288e-01
    1.13293648e-01 9.19040561e-01 9.80123401e-01 1.80048436e-01
    8.91401410e-01 7.58331060e-01 5.92599988e-01 6.07099175e-01
    4.49030936e-01 8.03282320e-01 6.94229007e-01 8.13095331e-01
    4.03217584e-01 1.42485768e-01 3.94821644e-01 2.47655362e-01
    9.24021840e-01 1.12106204e-02 1.95364386e-01 6.70674562e-01
    1.56649768e-01 5.80067694e-01 4.74468172e-02 7.16513216e-01
    6.51634812e-01 3.98952007e-01 6.84940636e-01 5.80017328e-01
    6.02749169e-01 9.92570817e-02 9.91308033e-01 4.40963030e-01
    7.45722055e-01 5.07344246e-01 1.79553330e-01 2.48045951e-01
    6.36012673e-01 8.91449571e-01 7.57170916e-01 4.82798278e-01
    8.21429968e-01 7.56070495e-01 7.39005268e-01 7.88652480e-01
    6.21711075e-01 5.86897314e-01 9.32715595e-01 7.73679912e-02
    6.31263316e-01 1.28927648e-01 3.21341127e-01 2.19319761e-02
    4.91654158e-01 8.43288898e-01 5.15950739e-01 6.66426361e-01
    1.32757515e-01 2.11204529e-01 5.22834241e-01 8.07856023e-01
    1.53495848e-01 3.68542314e-01 3.21371794e-01 2.52701402e-01
    8.69905949e-01 9.15348589e-01 9.36413288e-01 4.89785701e-01
    3.57359409e-01 1.97443873e-01 6.00482285e-01 9.70281243e-01
    7.37705708e-01 1.93421692e-01 7.01314628e-01 3.05694997e-01
    9.17987943e-01 7.67159462e-01 2.06656963e-01 5.39754689e-01
    4.39729393e-02 1.88742191e-01 2.16132104e-02 7.77367473e-01
    6.61145568e-01 6.60845697e-01 9.11463261e-01 4.79494244e-01
    9.10923123e-01 9.03111041e-01 9.16019201e-01 1.43494308e-02
    3.12059432e-01 1.03080064e-01 1.16891116e-01 1.07150972e-02
    7.05859482e-01 1.26318932e-01 4.36841428e-01 7.86597311e-01
    3.01804960e-01 3.56276929e-02 2.12648213e-01 9.11461353e-01
    1.57803744e-01 3.28583598e-01 4.61460471e-01 7.93851852e-01
    1.50423914e-01 2.28314847e-01 6.16292655e-01 7.20716059e-01
    1.73214555e-01 7.58411288e-02 2.72224665e-01 1.62197381e-01
    8.06584001e-01 6.37917876e-01 6.61557674e-01 5.30927598e-01
    7.04853892e-01 4.71761882e-01 8.09867620e-01 3.74562681e-01
    8.11613798e-01 8.57806802e-02 8.80443454e-01 1.62551075e-01
    7.13868439e-01 3.23556066e-02 1.16954386e-01 5.93774974e-01
    4.81427670e-01 7.62979090e-02 4.57159400e-01 1.93150967e-01
    6.26478791e-01 4.43476677e-01 9.93561983e-01 4.41078842e-01
    9.35205400e-01 9.20894742e-01 7.53618360e-01 4.24376398e-01
    3.20095122e-01 9.77205575e-01 5.91996431e-01 6.06415749e-01
    4.40186501e-01 9.97609675e-01 3.45027775e-01 7.85281301e-01
    9.52386558e-01 6.08835220e-01 2.09059447e-01 2.96768218e-01
    6.62888646e-01 1.87384903e-01 7.53233731e-02 3.74578953e-01
    3.31408024e-01 7.71446109e-01 2.57193863e-01 4.19124365e-01
    7.67723680e-01 8.24055195e-01 3.01899284e-01 3.63723427e-01
    4.95324373e-01 3.36068571e-01 8.52301240e-01 3.07879329e-01
    2.24626184e-01 7.92875290e-01 1.89275295e-01 3.58940333e-01
    1.94452584e-01 5.73732078e-01 7.05586076e-01 6.66711867e-01
    1.64744824e-01 9.41167474e-01 1.98272824e-01 3.36998135e-01
    5.43072581e-01 1.88317746e-01 1.90171301e-01 8.94344330e-01
    5.66847503e-01 6.87160671e-01 7.35238075e-01 7.69779921e-01
    6.43325329e-01 4.18313652e-01 7.05940366e-01 9.48143780e-01
    8.77921224e-01 7.10444689e-01 3.25753033e-01 9.69652474e-01
    7.94010639e-01 4.47224379e-01 7.17954814e-01 4.58932340e-01
    5.80161572e-01 1.95930302e-01 6.83120370e-01 5.93385220e-01
    4.85329449e-01 6.95356131e-01 1.88446641e-02 2.37954944e-01
    1.14820182e-01 1.81113183e-02 5.39843202e-01 7.03254342e-01
    3.59859198e-01 8.30923080e-01 6.35508060e-01 5.04909337e-01
    4.32078004e-01 1.85843021e-01 1.97910428e-01 2.88151741e-01
    3.92308295e-01 6.90199733e-01 6.51964784e-01 5.09539962e-01
    2.99145371e-01 5.11571229e-01 3.57193887e-01 7.68989086e-01
    6.93983912e-01 2.25638747e-02 1.39888972e-01 3.18642080e-01
    9.80476618e-01 7.19157457e-01 7.17738211e-01 6.54306114e-01
    3.77148807e-01 5.65341771e-01 5.54369032e-01 9.16644990e-01
    5.21634817e-01 2.38024116e-01 8.57767105e-01 4.47472423e-01
    5.82191348e-01 1.53282315e-01 7.41526604e-01 7.92230070e-02
    1.19411945e-02 8.75874519e-01 6.70406461e-01 4.24528599e-01
    3.46602380e-01 9.10457134e-01 1.78311318e-01 4.74632561e-01
    1.77105486e-01 2.11513102e-01 9.02609348e-01 5.74755192e-01
    4.38022435e-01 9.31806803e-01 6.54793680e-02 9.59504366e-01
    5.44080257e-01 7.73251355e-01 7.95499325e-01 2.54037678e-01
    9.90400076e-01 1.58385396e-01 5.18704355e-02 5.88052213e-01
    6.73131227e-01 8.88971686e-01 3.87791395e-01 5.51834941e-01
    8.76561284e-01 3.09014738e-01 6.63840294e-01 6.74133360e-01
    4.59568292e-01 1.18594795e-01 7.70954728e-01 8.52710605e-01
    1.31093025e-01 5.65586448e-01 3.36467326e-01 2.79199302e-01
    8.50816846e-01 2.90995538e-01 2.32102692e-01 1.45851374e-02
    4.68246132e-01 8.60080719e-01 8.25552583e-01 8.88164639e-02
    6.65830910e-01 1.76564515e-01 4.08129334e-01 2.07948089e-02
    3.71922076e-01 1.37085676e-01 3.03323448e-01 4.50468689e-01
    4.73287076e-01 1.61268085e-01 6.52428031e-01 2.93577999e-01
    3.19579422e-01 3.62224817e-01 4.36382413e-01 8.90515149e-02
    5.68551660e-01 5.42567670e-01 2.84301519e-01 9.19323087e-01
    4.56374615e-01 7.67778158e-01 1.97025239e-02 9.92942095e-01
    8.50312591e-01 2.17499018e-01 5.97002268e-01 6.59953117e-01
    8.66930783e-02 5.20432413e-01 7.72103846e-01 4.26181465e-01
    2.31443048e-01 9.61414456e-01 7.61266470e-01 2.54288942e-01
    7.06991613e-01 1.61267936e-01 5.33923745e-01 3.94848228e-01
    1.81521237e-01 2.75831223e-01 1.33322448e-01 1.45778805e-01
    1.46716654e-01 1.29418701e-01 2.92075396e-01 2.70591348e-01
    5.29547811e-01 2.43816793e-01 4.43589807e-01 4.26635504e-01
    7.40211308e-01 8.47877562e-02 9.60739672e-01 3.61431390e-01
    5.80762625e-01 8.87291670e-01 7.28602767e-01 4.74812120e-01
    1.05217785e-01 9.89552379e-01 3.60256910e-01 2.82302827e-01
    2.02218264e-01 8.45072567e-02 6.06573224e-02 6.80782080e-01
    8.85764122e-01 8.63927901e-02 9.11909401e-01 3.98358703e-01
    4.30249840e-01 9.39344525e-01 4.32907313e-01 7.79950202e-01
    2.94376910e-02 1.63663626e-02 3.16379368e-02 9.42335665e-01
    4.84584510e-01 8.60548556e-01 3.25061917e-01 6.20152771e-01
    3.60769510e-01 2.66900957e-01 7.14061677e-01 5.96968532e-01
    2.73504257e-02 1.14701033e-01 7.62044430e-01 6.24805331e-01
    6.27781749e-01 7.16595709e-01 6.25787973e-01 3.25300753e-01
    8.19481611e-01 6.98983073e-02 6.32808924e-01 4.06007349e-01
    6.01289332e-01 4.68554199e-01 2.97752291e-01 6.30254209e-01
    5.41307092e-01 1.10767484e-01 9.38763380e-01 3.25739682e-02
    4.95730162e-01 7.29503632e-02 2.96551049e-01 3.82207125e-01
    2.75024474e-02 4.22909439e-01 4.44748759e-01 9.18323994e-02
    1.03171974e-01 9.50449824e-01 6.12736166e-01 5.11561990e-01
    5.57734966e-01 5.75849771e-01 3.65456223e-01 9.79805589e-01
    1.97562069e-01 1.14546388e-01 1.80902660e-01 2.08932698e-01
    6.51326358e-01 4.31914836e-01 5.69128990e-01 3.32171291e-01
    3.01437557e-01 1.47307634e-01 5.25865555e-01 6.74847364e-01
    6.54867470e-01 4.27202970e-01 3.89970243e-01 6.97932124e-01
    3.99654239e-01 5.84916830e-01 9.74470794e-01 5.53765595e-02
    4.28713500e-01 8.90238225e-01 5.37648439e-01 7.56385565e-01
    5.73992431e-02 7.83943295e-01 1.02073580e-01 8.79752100e-01
    5.73077202e-01 1.16066307e-01 4.43403989e-01 5.75300574e-01
    6.42736018e-01 4.93869603e-01 5.24202228e-01 9.56391513e-01
    7.01761782e-01 4.25934345e-01 5.02193034e-01 2.25254416e-01
    7.08033025e-01 8.01221132e-01 5.18052876e-01 5.79534829e-01
    8.66734564e-01 9.41125751e-01 7.97122538e-01 7.46367633e-01
    9.02365685e-01 6.06423378e-01 7.35416949e-01 9.97588992e-01
    7.13730276e-01 4.38884974e-01 4.00301069e-01 7.66098499e-01
    4.57380533e-01 4.44868475e-01 4.39166307e-01 3.82115215e-01
    2.64981985e-02 3.48387808e-01 1.63841158e-01 2.73696780e-02
    2.77417779e-01 2.48303682e-01 7.98746347e-01 5.91405630e-02
    2.53955424e-02 7.21102357e-02 1.79568619e-01 6.10546649e-01
    4.52506423e-01 2.50512123e-01 1.24204159e-02 8.94002914e-02
    3.20047975e-01 1.32627279e-01 6.15534246e-01 7.07182884e-02
    7.03357458e-02 1.11185431e-01 8.99388790e-01 7.03569353e-01
    6.00251734e-01 8.15919042e-01 6.24969721e-01 8.49070191e-01
    2.98898280e-01 8.47338557e-01 4.99319434e-01 9.87480044e-01
    4.73212838e-01 4.70393002e-01 2.96906233e-02 4.58807945e-01
    3.15260857e-01 6.74699545e-01 6.35258079e-01 8.92845988e-01
    1.88005388e-01 3.79486561e-01 8.79778266e-01 9.33677971e-01
    9.17282581e-01 6.42026663e-02 8.84986818e-01 7.11712420e-01
    5.80728769e-01 9.23794329e-01 8.93598914e-01 9.39855754e-01
    7.42101431e-01 7.17994690e-01 9.66639519e-01 3.50326061e-01
    7.88657367e-01 6.38589978e-01 5.46256185e-01 9.20622766e-01
    8.00588489e-01 9.16971207e-01 6.32503986e-01 2.34152347e-01
    5.29082775e-01 8.21833491e-01 2.40052640e-02 4.87104326e-01
    4.12745893e-01 4.04489070e-01 3.00672591e-01 9.70775008e-01
    4.59107786e-01 9.54039335e-01 6.46121204e-01 3.07972431e-01
    3.30072939e-01 6.63117290e-01 7.30839014e-01 5.37821233e-01
    4.66504574e-01 3.28091562e-01 5.69837749e-01 1.65694863e-01
    3.93835485e-01 1.02241814e-01 6.40355587e-01 5.60740829e-01
    5.41653574e-01 1.32104307e-01 1.02193534e-01 7.33675957e-01
    2.41447806e-01 2.19430506e-01 5.55323541e-01 5.44772446e-01
    6.34082139e-01 1.95106387e-01 5.77821136e-01 8.46885920e-01
    3.05600911e-01 9.11883891e-01 9.69113827e-01 6.64128602e-01
    6.69733882e-02 7.39383578e-01 6.09245598e-01 5.50051451e-01
    9.24404502e-01 6.26172006e-01 5.89286983e-02 6.55346632e-01
    6.90988243e-01 1.88930631e-02 6.82628155e-01 2.74603844e-01
    4.22983706e-01 1.40925139e-01 3.42877328e-01 8.30951929e-01
    7.32389271e-01 2.34179169e-01 1.98256344e-01 5.54711103e-01
    4.67622876e-02 8.31096053e-01 6.41245604e-01 6.50949478e-01
    9.15175676e-02 4.84647661e-01 6.46170259e-01 9.94408071e-01
    7.84473121e-01 2.42460877e-01 2.31587112e-01 6.27639294e-02
    5.01100063e-01 5.71767867e-01 9.46371317e-01 9.58524048e-01
    8.90007317e-01 7.08644748e-01 8.87488484e-01 7.16755629e-01
    9.31212604e-01 1.41557366e-01 6.97734892e-01 7.74701059e-01
    3.11615586e-01 3.82468462e-01 9.39297915e-01 4.24375147e-01
    5.43377638e-01 2.74338871e-01 5.91023624e-01 6.72664881e-01
    3.82992893e-01 1.14253521e-01 9.95979190e-01 4.64008331e-01
    7.57244825e-02 2.04608798e-01 8.46436441e-01 3.03737879e-01
    1.93249077e-01 3.61454785e-02 4.13778663e-01 5.19927502e-01
    5.99336684e-01 8.59304070e-01 8.44332337e-01 2.96262205e-01
    2.68181920e-01 4.12356853e-01 8.32319736e-01 2.96109319e-01
    3.28820318e-01 1.10782683e-01 7.79793620e-01 5.62317550e-01
    7.18445957e-01 2.00190514e-01 3.18268955e-01 6.34822845e-02
    3.56147826e-01 1.39858514e-01 3.58248770e-01 7.35207140e-01
    5.48171163e-01 9.17256534e-01 7.29930043e-01 6.28169298e-01
    4.68514264e-02 2.25171596e-01 2.19379932e-01 2.65029669e-01
    1.10557258e-01 6.59766495e-02 5.37680924e-01 8.08271766e-01
    5.78596711e-01 1.87789917e-01 1.66501194e-01 9.86065149e-01
    5.57673752e-01 8.05581093e-01 9.38049436e-01 8.70457411e-01
    8.59751701e-02 8.10608387e-01 8.42320025e-02 4.51816678e-01
    3.15082073e-02 9.06632364e-01 9.47627425e-01 4.08499300e-01
    5.91299355e-01 7.09196329e-01 2.37678915e-01 2.46131122e-01
    1.35902941e-01 3.18056047e-01 8.59030306e-01 9.26948071e-01
    5.87520659e-01 7.10392475e-01 8.66979837e-01 3.54129255e-01
    4.08776462e-01 4.11152899e-01 4.42527741e-01 9.11024094e-01
    5.83289623e-01 1.84550256e-01 7.35600352e-01 6.52004719e-01
    2.05295116e-01 9.07557845e-01 8.34550023e-01 7.16164589e-01
    5.67131519e-01 7.75331736e-01 2.18252361e-01 5.49217463e-01
    5.72708189e-01 2.97154814e-01 6.48224890e-01 3.68778676e-01
    4.20058966e-02 8.40402544e-01 5.39558768e-01 8.73187184e-01
    5.48790395e-02 7.24594116e-01 4.57195938e-01 9.95999813e-01
    3.48756075e-01 3.26278985e-01 3.33724260e-01 4.11331594e-01
    1.45014435e-01 6.73975468e-01 5.64370394e-01 1.04591101e-01
    1.38226151e-03 7.45958924e-01 1.24444187e-01 2.54565716e-01
    5.71905017e-01 7.15535820e-01 5.68578780e-01 6.27975285e-01
    7.84807444e-01 9.79264140e-01 2.43577361e-01 7.35730946e-01
    4.81598973e-01 9.22143996e-01 6.58261657e-01 3.50780070e-01
    8.87650371e-01 8.92427683e-01 7.41769850e-01 4.84499276e-01
    9.57019687e-01 1.98275387e-01 1.21182799e-01 6.82920814e-02
    6.79393053e-01 5.25339484e-01 7.70826221e-01 2.31805444e-01
    6.43636167e-01 8.85987401e-01 8.20169568e-01 2.88428515e-01
    1.41724706e-01 1.33174568e-01 4.34599400e-01 7.18774796e-02
    4.38728929e-01 8.81862521e-01 5.78032970e-01 1.38169199e-01
    8.90894532e-01 2.43180037e-01 9.95537460e-01 1.94282234e-01
    4.74824548e-01 4.85926390e-01 8.60932887e-01 9.58323777e-02
    2.38403231e-01 7.89152741e-01 7.34316766e-01 3.23976576e-02
    1.24247253e-01 8.98428321e-01 7.83490241e-02 4.79479432e-02
    5.75064719e-01 5.74581444e-01 7.16649532e-01 3.71459186e-01
    3.65274817e-01 1.33320898e-01 2.51030087e-01 8.58931243e-02
    3.81035298e-01 1.77308917e-03 8.00721467e-01 1.00029409e-02
    3.50242794e-01 3.50529045e-01 5.59717476e-01 6.45079374e-01
    2.20752776e-01 6.32269025e-01 9.53146935e-01 3.40042293e-01
    8.10570419e-02 4.59042281e-01 3.46401334e-02 6.47693455e-01
    9.23245072e-01 8.85096192e-01 9.30136323e-01 6.16672039e-02
    6.42129838e-01 2.80582845e-01 7.65677154e-01 5.97822785e-01
    5.92806339e-02 4.89579648e-01 7.18785346e-01 6.59889758e-01
    9.08525229e-01 8.97300839e-01 9.89919424e-01 3.38651776e-01
    1.31465346e-01 6.09049022e-01 7.20754266e-01 9.42887962e-02
    7.85144687e-01 5.58044732e-01 3.41328800e-01 6.68395102e-01
    5.08873463e-01 6.53572977e-01 8.13218534e-01 6.20838821e-01
    9.79283452e-01 5.51513374e-01 6.50963902e-01 9.55187321e-01
    1.56054080e-01 8.68641496e-01 6.13064885e-01 3.34341645e-01
    3.83008003e-01 4.01284993e-01 2.33924985e-01 9.06570733e-01
    3.63309652e-01 6.62251472e-01 7.78782129e-01 4.19168144e-01
    5.62655687e-01 9.72484350e-01 1.02414340e-01 8.02539706e-01
    2.36523747e-01 2.65875369e-01 8.13331127e-01 6.98117733e-01
    4.31439251e-01 9.13912833e-01 9.89484370e-01 9.34030890e-01
    9.74211276e-01 4.75313216e-01 1.95725858e-02 6.57294631e-01
    1.53544515e-01 6.65876031e-01 9.78451967e-01 2.88586527e-01
    6.66364193e-01 6.30016029e-01 8.95274162e-01 9.31669116e-01
    5.07790446e-01 9.91211653e-01 8.52235258e-01 4.50809002e-01
    1.30089730e-01 6.99041128e-01 5.71504414e-01 8.15216064e-01
    6.14663661e-01 7.62929976e-01 2.62470305e-01 6.36488795e-01
    9.50928807e-01 2.77087092e-01 5.82956553e-01 2.29143977e-01
    7.37617314e-01 3.06178302e-01 4.15797085e-01 6.73621595e-02
    5.01964033e-01 5.79928637e-01 2.14102268e-02 9.69613910e-01
    2.37237722e-01 9.99248147e-01 7.46115446e-02 5.65510809e-01
    7.72173285e-01 3.52303803e-01 9.56503272e-01 7.66769052e-01
    4.88704026e-01 3.28822762e-01 9.63488340e-01 8.72143865e-01
    8.10598731e-01 7.01634645e-01 5.98073483e-01 5.11842251e-01
    8.43300581e-01 8.89078915e-01 4.48383570e-01 6.25870228e-01
    3.37440670e-01 3.02128077e-01 8.06028783e-01 3.30679923e-01
    3.89669538e-01 8.91519666e-01 9.98545408e-01 1.47040129e-01
    4.96532977e-01 6.59764171e-01 1.38750017e-01 1.82038218e-01
    7.52297044e-01 6.78537786e-01 9.15302038e-01 4.29923803e-01
    5.56275904e-01 3.74049246e-01 9.38117504e-01 3.07713330e-01
    3.33001018e-01 4.99091178e-01 5.56041837e-01 5.22382498e-01
    6.03442132e-01 4.24823433e-01 3.03896874e-01 2.09417522e-01
    9.72423196e-01 1.69416338e-01 3.09130311e-01 3.56016397e-01
    6.81662381e-01 2.05345124e-01 6.16986334e-01 2.34189779e-01
    1.06216371e-02 2.74194628e-01 1.13313049e-01 2.08266675e-01
    1.20436758e-01 3.55048746e-01 1.80486768e-01 9.91815805e-01
    8.62432599e-01 6.21516407e-02 3.80183041e-01 4.77342874e-01
    2.82185107e-01 8.33030045e-02 4.05667156e-01 7.72231221e-01
    2.93286890e-01 2.23948270e-01 7.03558326e-03 8.58660042e-02
    8.48899245e-01 9.66477394e-02 4.29716974e-01 4.21766222e-01
    4.37085718e-01 6.24125302e-02 7.86668062e-03 5.89428842e-01
    8.28230381e-01 9.37714458e-01 4.99918014e-01 4.05061692e-01
    9.43750262e-01 3.44874620e-01 4.50191140e-01 2.55797207e-02
    9.75958884e-01 4.31210339e-01 4.38832194e-01 3.58667254e-01
    4.89877284e-01 3.63270879e-01 5.83486795e-01 4.31123793e-01
    5.06419241e-02 4.66573745e-01 8.99068534e-01 4.52729285e-01
    1.74519122e-01 2.38716006e-01 8.99971366e-01 7.37148285e-01
    2.19433933e-01 7.26204634e-01 7.52207220e-01 4.00655538e-01
    4.85817879e-01 2.05197960e-01 8.46145272e-01 1.14771694e-01
    3.64276350e-01 7.06524670e-01 8.32779765e-01 1.73874289e-01
    5.58484674e-01 9.27816153e-01 4.12132293e-01 7.09781170e-01
    3.78829598e-01 1.33069962e-01 3.02176565e-01 8.84408653e-01
    5.67984343e-01 7.92803645e-01 1.11710191e-01 9.99960780e-01
    8.66290212e-01 1.83255643e-01 9.99883056e-01 2.73444057e-01
    8.04920375e-01 2.34590083e-01 9.86686110e-01 4.48122501e-01
    9.03064311e-02 1.39418513e-01 1.88413560e-01 3.09584498e-01
    6.69370770e-01 6.12626493e-01 5.91140985e-03 7.21289158e-01
    1.20702446e-01 5.19385874e-01 8.78814161e-02 1.27262503e-01
    3.97248179e-01 2.65355378e-01 2.88758337e-01 3.00497353e-01
    2.94960350e-01 9.48824644e-01 2.32973129e-01 1.88890994e-01
    6.85134351e-01 1.23408169e-01 6.61843300e-01 9.60798860e-02
    5.27124703e-01 6.86815381e-03 4.61831629e-01 4.54580188e-02
    3.44996095e-01 9.25477624e-01 9.41740036e-01 1.29784644e-01
    5.13484478e-02 4.64657843e-01 1.29987150e-01 6.88484907e-02
    5.00071049e-02 8.47163081e-01 5.52543044e-01 1.90982521e-02
    7.78393149e-01 8.37305188e-01 9.42765057e-01 1.63444042e-01
    6.64451003e-01 8.21890235e-01 1.16796434e-01 5.07732272e-01
    8.07106793e-01 1.37434989e-01 7.52332449e-01 8.99006724e-01
    7.20554352e-01 1.78950906e-01 5.48680782e-01 6.45239651e-02
    7.58260548e-01 1.14346594e-01 4.81565535e-01 1.70928568e-01
    3.61820579e-01 4.59311694e-01 4.51065600e-01 6.89112186e-01
    8.17881703e-01 9.44021642e-02 1.28140062e-01 6.78173065e-01
    2.77159572e-01 7.08927453e-01 4.39955980e-01 6.68510616e-01
    4.31319892e-01 5.73068500e-01 6.84306324e-01 6.43959284e-01
    8.65855515e-01 8.09415162e-01 4.87580508e-01 8.05921376e-01
    5.69297493e-01 7.32653320e-01 4.47825044e-01 9.87682581e-01
    9.64646101e-01 8.67447495e-01 5.83796501e-01 8.99395823e-01
    6.19513333e-01 1.55388623e-01 4.59648073e-01 3.18783522e-03
    8.44730258e-01 3.82638156e-01 5.99586546e-01 7.17808843e-01
    4.34765816e-01 3.13930809e-01 7.66916871e-02 2.77972728e-01
    6.22837365e-01 4.91060019e-02 6.09308124e-01 9.50729847e-01
    4.68132555e-01 7.15018749e-01 9.81395543e-01 8.25641751e-01
    9.50587153e-01 4.93009478e-01 7.26980329e-01 2.59015083e-01
    4.90168720e-01 8.32002461e-02 3.42714489e-01 3.15536231e-01
    4.36499804e-01 6.31476939e-02 5.12041450e-01 3.31839144e-01
    4.38457668e-01 7.97890484e-01 4.59867895e-01 4.60237443e-01
    1.61442339e-01 9.98752475e-01 3.76461744e-01 1.78200155e-01
    9.91849422e-01 8.14247608e-01 6.66915357e-01 8.05449784e-01
    5.72245955e-01 9.16876674e-01 6.17415965e-01 9.03032660e-01
    7.25370526e-01 9.74296033e-02 3.89871716e-01 9.05439377e-01
    9.96548414e-01 7.13090897e-02 6.42977357e-02 2.08535850e-01
    3.19502056e-01 1.59721375e-01 2.49951273e-01 1.00884348e-01
    4.19523239e-01 7.68274486e-01 9.72217083e-01 5.57949126e-01
    6.95477664e-01 8.03041577e-01 4.65749264e-01 7.83735156e-01
    2.22905785e-01 1.16039336e-01 8.18991542e-01 7.90403962e-01
    6.27764523e-01 8.92713904e-01 5.78982115e-01 9.79890347e-01
    1.38161480e-01 2.17075109e-01 4.85655814e-01 4.85110283e-01
    9.96014476e-01 7.40220845e-01 8.59374821e-01 4.62082386e-01
    3.94159257e-01 5.60191214e-01 9.83434439e-01 7.74464607e-01
    1.89016491e-01 2.70089209e-02 4.28507179e-01 5.65491855e-01
    1.94608122e-01 4.74560916e-01 2.38628685e-01 3.30523968e-01
    6.47947192e-01 8.11603427e-01 5.38831770e-01 5.61218560e-01
    6.02663815e-01 6.33182943e-01 8.52442384e-01 9.21884775e-01
    4.28142816e-01 3.60898376e-02 4.41757649e-01 8.86168122e-01
    7.53666878e-01 8.81246090e-01 1.54209316e-01 3.03441197e-01
    2.19011605e-01 1.43573850e-01 3.04749012e-01 1.52858764e-01
    8.37804377e-02 3.84724438e-01 8.94767463e-01 7.44758368e-01
    2.71962225e-01 6.66757464e-01 9.79686856e-01 2.90261447e-01
    5.50143301e-01 4.14591759e-01 4.79911447e-01 2.36563206e-01
    5.94959676e-01 5.34805179e-01 7.31424749e-01 9.61175799e-01
    9.52279210e-01 2.05584735e-01 8.55692267e-01 6.22925282e-01
    5.20488620e-01 3.62292737e-01 4.44623590e-01 4.25348073e-01
    8.41345131e-01 3.84145439e-01 8.17373157e-01 7.50071108e-02
    3.76571298e-01 7.75368154e-01 7.73003399e-01 7.71144390e-01
    9.75299239e-01 1.22016251e-01 1.41257286e-01 4.66304421e-01
    5.78912199e-01 3.66027296e-01 9.81792450e-01 1.69560671e-01
    5.89477897e-01 8.82374883e-01 9.21855092e-01 8.75347137e-01
    4.97755706e-01 2.49099344e-01 5.01749039e-01 2.19754577e-01
    3.69721711e-01 5.95011234e-01 8.41559172e-01 3.35378468e-01
    3.59190702e-01 7.95803666e-01 9.42444205e-01 9.35894907e-01
    1.56903476e-01 7.39515662e-01 3.87053907e-01 9.43408132e-01
    4.37632084e-01 1.77946568e-01 2.22162485e-01 4.66701627e-01
    6.63907766e-01 3.55457783e-01 4.12055552e-01 3.02507281e-02
    5.07494211e-01 7.29049325e-01 7.69913971e-01 2.89581120e-01
    3.35720956e-01 9.24789369e-01 5.97274840e-01 5.24875164e-01
    2.11234093e-01 1.86364353e-02 2.75351644e-01 8.70282769e-01
    3.55806798e-01 8.15063715e-03 2.52685368e-01 2.64597744e-01
    4.77787018e-01 7.73742497e-02 7.63337970e-01 5.03511429e-02
    9.40084100e-01 8.34797025e-01 6.10706091e-01 5.54311752e-01
    6.79152310e-01 9.54472542e-01 8.79026651e-01 7.55042732e-02
    6.17196560e-01 2.58246899e-01 2.52241194e-01 3.85863185e-01
    3.67305100e-01 7.36538947e-01 4.96559083e-01 6.80382967e-01
    4.69414651e-01 9.80103374e-01 2.76892483e-01 1.52753830e-01
    3.58868480e-01 4.88885760e-01 5.17422915e-01 9.46761966e-01
    2.89488703e-01 1.11188769e-01 4.34028685e-01 2.02723712e-01
    7.69001901e-01 7.14686692e-01 4.49126661e-02 3.72154057e-01
    5.03132343e-02 2.94631809e-01 4.52065706e-01 3.25809121e-02
    5.68257391e-01 7.88876176e-01 3.25899094e-01 1.04506373e-01
    5.86357951e-01 6.73473358e-01 5.33510804e-01 4.27110642e-01
    8.83610010e-01 8.18213880e-01 8.79987240e-01 9.21047449e-01
    9.89532769e-02 1.45246685e-02 2.35406876e-01 3.26172709e-02
    3.97188962e-01 5.55755794e-02 1.49039030e-02 4.26522553e-01
    7.79317737e-01 8.32979381e-02 2.16842294e-02 2.73810148e-01
    6.13092184e-01 7.99207926e-01 1.67232513e-01 2.94887006e-01
    8.38188767e-01 1.84570104e-01 3.43717992e-01 6.98705971e-01
    7.46509135e-02 8.45429420e-01 7.39062548e-01 9.73756135e-01
    2.76336372e-02 7.63763487e-01 7.48157799e-01 2.25591034e-01
    2.17148960e-02 1.36992186e-01 5.93328595e-01 5.78272045e-01
    6.98396385e-01 2.85925269e-02 7.20504403e-01 7.49081790e-01
    7.98757553e-01 4.60552186e-01 9.68093276e-01 4.65027809e-01
    1.16310596e-01 4.19457793e-01 6.43947124e-02 1.55823588e-01
    2.77340412e-04 9.37707365e-01 9.91119981e-01 7.60197878e-01
    3.68000716e-01 6.83114767e-01 7.56587505e-01 6.32515192e-01
    4.49333698e-01 2.18789876e-02 6.77320421e-01 7.59112835e-01
    2.10661411e-01 4.68577534e-01 2.50642061e-01 4.90934551e-02
    7.31858730e-01 3.35553318e-01 5.09796560e-01 8.67122531e-01
    4.43375707e-01 6.64310098e-01 9.42911983e-01 8.56736898e-01
    5.86676896e-01 5.47074258e-01 8.18350911e-03 4.76824254e-01
    6.61386311e-01 4.16914940e-01 8.78892541e-01 6.21409178e-01
    1.58903390e-01 8.37454915e-01 7.21389949e-01 8.06363225e-02
    5.93044877e-01 6.49435222e-01 1.29810601e-01 3.86542976e-01
    7.61933327e-01 5.05507827e-01 7.56139994e-01 5.59324980e-01
    6.16931558e-01 2.64827311e-02 6.54379606e-01 6.35681450e-01
    4.02575612e-01 1.10873669e-01 9.41427410e-01 9.52626109e-01
    3.39521527e-01 7.24344134e-01 3.11612487e-01 5.19411683e-01
    2.43030339e-01 4.41653073e-01 1.48453444e-01 9.81094480e-01
    9.88946438e-01 4.27595377e-01 9.44361806e-01 8.99747014e-03
    1.24548137e-01 3.03084731e-01 5.39494634e-01 1.99738890e-01
    5.29104173e-01 4.02092934e-01 2.96184123e-01 7.48706341e-01
    9.38255906e-01 7.87446022e-01 3.73914957e-01 7.47394562e-03
    9.39187050e-01 6.66245580e-01 7.41256177e-02 7.92516351e-01
    7.89204121e-01 4.06974047e-01 5.64374924e-01 7.26221740e-01
    2.88643837e-02 2.24483937e-01 6.86354935e-02 2.95012891e-01
    7.13213205e-01 7.27276921e-01 6.63304031e-02 6.41583741e-01
    6.06605828e-01 3.75057876e-01 8.06746840e-01 1.74626112e-01
    4.85165566e-01 5.00091553e-01 9.28641796e-01 8.47723722e-01
    1.62898928e-01 4.32844758e-01 2.55786121e-01 4.28563237e-01
    5.99913955e-01 3.72565448e-01 1.66311175e-01 1.04776591e-01
    7.66352355e-01 6.89405620e-01 4.18651193e-01 6.94618464e-01
    8.40058029e-01 5.60126483e-01 9.40796018e-01 8.12363505e-01
    2.18103915e-01 7.63735175e-02 9.54930902e-01 3.75703275e-02
    1.19495749e-01 2.47249424e-01 3.44747186e-01 6.08012021e-01
    8.55449378e-01 4.44884449e-01 8.80483508e-01 2.99000680e-01
    2.65803754e-01 2.85700858e-01 1.58591300e-01 1.74776793e-01
    2.58237839e-01 9.46337640e-01 3.66677701e-01 2.04496086e-02
    6.91625535e-01 4.01844412e-01 5.19787192e-01 2.71431595e-01
    4.79834199e-01 3.53783965e-01 2.94392228e-01 4.67234403e-01
    1.33304805e-01 1.02217048e-01 8.08675528e-01 2.78275430e-01
    3.80733609e-02 2.17627317e-01 8.40282977e-01 4.32469249e-02
    3.77800941e-01 3.50497007e-01 1.55827403e-02 6.86808228e-01
    6.88543141e-01 6.47065997e-01 1.71281219e-01 5.39660573e-01
    1.92173034e-01 3.72265100e-01 2.40907222e-01 2.16391444e-01
    2.83115268e-01 9.19733882e-01 4.61777449e-02 3.47120941e-01
    5.82299113e-01 5.88592887e-02 1.23401791e-01 3.77769738e-01
    1.10520542e-01 3.76762688e-01 1.10947013e-01 2.61864126e-01
    6.80047035e-01 7.10622668e-01 2.67649174e-01 4.78719413e-01
    6.66311264e-01 6.36349797e-01 1.70689404e-01 9.37093019e-01
    9.38567877e-01 7.19869852e-01 8.99572372e-01 5.51052034e-01
    6.87937260e-01 6.61960244e-03 3.17712843e-01 1.17118716e-01
    4.56149131e-01 4.51693773e-01 5.29230177e-01 9.93135810e-01
    6.34587765e-01 6.69143736e-01 8.33425760e-01 8.55934978e-01
    8.08947325e-01 8.71827841e-01 2.27275312e-01 2.03032613e-01
    3.27004820e-01 7.05384910e-01 4.87482458e-01 9.70245183e-01
    8.61413002e-01 1.17006779e-01 3.74934435e-01 5.11806428e-01
    2.69908249e-01 5.19484103e-01 8.30643356e-01 7.51913607e-01
    5.56938052e-01 4.21373606e-01 5.57594955e-01 1.34200811e-01
    8.87535930e-01 5.27809203e-01 3.31689388e-01 4.66733783e-01
    6.56492889e-01 1.71892256e-01 7.18362987e-01 1.56143308e-01
    2.43725508e-01 3.90630513e-01 1.52711809e-01 6.64730906e-01
    9.59416032e-01 8.71156752e-02 9.06077743e-01 9.15541828e-01
    9.16766047e-01 3.61208886e-01 8.35105538e-01 2.94614792e-01
    6.12055063e-01 3.10606688e-01 9.58259165e-01 6.14197910e-01
    8.71502101e-01 5.71784139e-01 2.03204513e-01 5.79669774e-02
    3.50370467e-01 7.65542448e-01 8.97244573e-01 7.54127681e-01
    7.60583580e-01 3.03079784e-01 9.02494788e-02 2.89756060e-01
    2.17521012e-01 7.52096355e-01 3.00905764e-01 9.70101833e-01
    4.03858006e-01 8.99611890e-01 4.35649633e-01 5.54710984e-01
    4.51317310e-01 7.80788183e-01 6.36977792e-01 8.99548292e-01
    5.90345681e-01 7.46843100e-01 2.76946127e-02 8.41598868e-01
    8.44234586e-01 5.36720276e-01 9.76959109e-01 2.89305091e-01
    3.61754745e-01 6.11229300e-01 9.33377624e-01 4.27679926e-01
    8.44239414e-01 3.75706255e-01 1.21948242e-01 4.18874323e-02
    3.34762603e-01 6.89279258e-01 5.90406895e-01 5.31749547e-01
    4.57721055e-02 7.83209801e-02 4.49763000e-01 7.68387675e-01
    5.70772350e-01 5.54670215e-01 4.60810125e-01 6.08597398e-02
    1.24801874e-01 2.85250604e-01 6.43559933e-01 4.63041961e-01
    4.27837372e-02 8.42841148e-01 4.69182998e-01 4.64114547e-03
    6.58104777e-01 8.89261127e-01 3.46588075e-01 5.38908899e-01
    1.80004120e-01 9.76915061e-01 9.63989139e-01 1.76356792e-01
    4.89119977e-01 7.57058978e-01 1.16133869e-01 5.53252876e-01
    7.20384717e-02 8.78557444e-01 1.95965916e-01 1.29094690e-01
    2.41229832e-02 5.61270952e-01 9.89233851e-01 9.03720438e-01
    9.90324974e-01 6.56726122e-01 6.17758036e-01 2.32369691e-01
    3.25816512e-01 2.94856578e-01 4.45448756e-02 5.86961210e-02
    2.07964331e-01 8.49688411e-01 5.66701829e-01 2.24774599e-01
    3.99196744e-01 9.35662389e-01 4.19638276e-01 4.56025660e-01
    1.17259026e-02 9.82977152e-01 7.97669053e-01 9.83366728e-01
    9.96718884e-01 1.40991092e-01 8.13567638e-01 7.48566985e-02
    5.71363926e-01 5.65990210e-02 5.63744664e-01 6.98740840e-01
    4.98309791e-01 4.81163710e-01 8.60143006e-01 3.12723517e-01
    3.73064458e-01 3.49398375e-01 6.09827399e-01 8.93204689e-01
    1.58515036e-01 7.44606853e-02 5.44589341e-01 1.94885641e-01
    6.07177436e-01 8.34902525e-01 4.93447900e-01 2.36521095e-01
    8.95613432e-03 7.85332203e-01 9.57330704e-01 5.57952046e-01
    1.48799628e-01 4.25109625e-01 7.07316637e-01 6.98492944e-01
    8.18864763e-01 9.71333504e-01 8.97005916e-01 9.98979807e-01
    6.00793958e-02 7.30579972e-01 3.76669526e-01 1.90859705e-01
    6.97697163e-01 1.50468022e-01 5.12825251e-01 7.56266594e-01
    4.50421780e-01 3.52236927e-01 5.25556266e-01 3.86515558e-01
    9.43914533e-01 6.65611267e-01 3.99770737e-01 7.40411341e-01
    7.48457849e-01 4.94931757e-01 4.90974188e-01 3.52633595e-01
    4.34875488e-02 7.58712530e-01 4.24600244e-02 9.63027596e-01
    6.98912919e-01 9.63301003e-01 7.03118742e-01 7.37733662e-01
    1.82877749e-01 4.55413908e-01 3.37150961e-01 9.55055714e-01
    3.22343588e-01 8.95956516e-01 4.56560999e-01 6.64139986e-02
    7.64826417e-01 9.64403152e-01 2.91031152e-01 1.03852004e-01
    7.67183006e-01 4.33116496e-01 8.26228976e-01 4.32033241e-01
    3.02504629e-01 7.49789894e-01 4.54553694e-01 8.75982821e-01
    2.98663378e-01 4.57276493e-01 4.93624389e-01 4.24315214e-01
    2.95153022e-01 4.52613860e-01 3.44137251e-01 6.40911758e-01
    4.07226354e-01 4.70493793e-01 6.65700197e-01 7.29353905e-01
    5.51438808e-01 8.07539821e-01 7.58687675e-01 5.66393554e-01
    6.43440127e-01 2.34057188e-01 2.67306447e-01 9.86537933e-01
    6.92307711e-01 5.13296664e-01 3.76727879e-01 8.12048674e-01
    8.79580379e-01 6.06145442e-01 1.35371387e-01 8.59858453e-01
    3.37611139e-02 8.47530305e-01 4.25997496e-01 4.06971514e-01
    8.69985104e-01 6.07122123e-01 8.93846273e-01 8.00374389e-01
    7.00080395e-02 8.80317807e-01 2.90842712e-01 7.96589017e-01
    5.62798202e-01 5.72593868e-01 7.68728316e-01 7.79876649e-01
    5.68966329e-01 3.17701072e-01 1.83078676e-01 4.80176151e-01
    6.86949134e-01 6.86515629e-01 1.76571339e-01 8.09239030e-01
    3.90760601e-01 1.90454870e-01 1.60795927e-01 4.32334512e-01
    8.73696327e-01 4.46096838e-01 8.22467446e-01 1.07226789e-01
    5.21624863e-01 1.64321452e-01 6.07489705e-01 9.76063251e-01
    9.72414136e-01 2.21000224e-01 9.36877429e-02 5.83694279e-02
    2.24983484e-01 3.22061181e-02 6.79901898e-01 5.71162343e-01
    7.01575041e-01 5.79892814e-01 5.55805802e-01 2.92375982e-01
    9.30615783e-01 6.16923809e-01 9.28678274e-01 6.74282670e-01
    5.72482347e-01 8.97984505e-02 5.31212926e-01 3.42530310e-01
    2.87242830e-01 6.22722864e-01 9.23762918e-01 1.42340541e-01
    8.83984089e-01 5.43789208e-01 6.35838509e-03 5.63973248e-01
    4.25710738e-01 3.89033824e-01 3.31105292e-02 1.75766379e-01
    2.39602238e-01 3.86005312e-01 8.92225325e-01 7.26636410e-01
    4.81629938e-01 6.04002595e-01 8.58399868e-01 7.11895823e-02
    7.25305676e-01 1.70454711e-01 2.00599819e-01 3.63388002e-01
    3.34591836e-01 6.70577288e-02 6.28771424e-01 4.71165538e-01
    1.44906938e-01 7.54485369e-01 7.27401853e-01 6.63070560e-01
    9.28601861e-01 2.56511211e-01 7.21560717e-01 9.33124781e-01
    8.93579245e-01 1.52423412e-01 3.89033139e-01 2.22802073e-01
    5.13950288e-02 4.80762929e-01 6.82383537e-01 7.01784194e-01
    1.35888845e-01 7.48429894e-01 5.41727901e-01 5.90306401e-01
    9.56976295e-01 4.41478461e-01 1.48920029e-01 5.94658136e-01
    6.39270306e-01 3.38850975e-01 1.99722469e-01 1.19368374e-01
    2.41727859e-01 2.68204570e-01 6.92959070e-01 4.93708372e-01
    3.44557762e-01 5.06090522e-02 4.66432482e-01 1.06217504e-01
    5.11094511e-01 9.18440878e-01 3.03829432e-01 5.51346958e-01
    8.36316347e-01 2.14461684e-02 4.32515889e-01 7.47572243e-01
    2.21207380e-01 8.21726561e-01 5.80706000e-01 4.43376333e-01
    5.31509519e-01 1.06426775e-02 2.56258249e-02 7.08101153e-01
    7.71528125e-01 8.72003436e-01 5.69311440e-01 3.71207297e-02
    7.27515638e-01 7.67109096e-01 8.26039076e-01 7.33739734e-01
    9.76878047e-01 6.48091555e-01 8.92678499e-01 6.91052973e-02
    6.25881553e-01 4.09603536e-01 4.41854089e-01 8.45177770e-02
    1.15776151e-01 9.31492150e-01 6.45707428e-01 1.69502765e-01
    5.94214618e-01 8.02710414e-01 3.70864272e-02 1.85311317e-01
    5.08353710e-01 4.01983857e-02 5.37516534e-01 3.44355047e-01
    7.87812173e-02 2.58992374e-01 6.78192019e-01 2.62891889e-01
    8.64242673e-01 4.01949286e-02 3.50119472e-02 9.83673453e-01
    7.97042191e-01 2.57727027e-01 1.80187106e-01 1.57260895e-03
    6.35237813e-01 3.01423669e-02 3.67445529e-01 2.03800350e-01
    2.54840106e-01 1.32922769e-01 5.08162677e-01 9.61237907e-01
    7.69767880e-01 7.21807718e-01 5.22442758e-02 3.85305464e-01
    8.80122185e-01 4.67225790e-01 3.47674370e-01 5.48465550e-01
    4.64390695e-01 9.98005807e-01 9.81386900e-01 1.69727534e-01
    4.85306591e-01 2.07560092e-01 1.88863993e-01 8.28551948e-01
    7.45765269e-02 5.35718560e-01 6.19489253e-01 3.16744149e-01
    4.51150835e-01 9.28123713e-01 8.85101676e-01 9.52779472e-01
    6.75307333e-01 8.66659939e-01 6.37568355e-01 1.31693214e-01
    3.72903734e-01 4.77443933e-01 6.35104477e-01 8.98782492e-01
    4.79719311e-01 4.00736719e-01 3.08131635e-01 3.21849346e-01
    9.14928436e-01 2.19911426e-01 5.23886323e-01 1.08524621e-01
    6.41848743e-01 4.97866184e-01 3.52820843e-01 3.56749594e-01
    6.64800465e-01 3.54532868e-01 3.23322117e-01 1.21214032e-01
    5.09259582e-01 7.43871510e-01 7.87843943e-01 5.32621086e-01
    1.10053957e-01 8.19671988e-01 6.82484567e-01 2.96888649e-01
    4.07811254e-01 1.87249571e-01 6.09276295e-01 9.84101415e-01
    5.18963337e-01 4.06591982e-01 3.66464198e-01 3.35133493e-01
    2.40736365e-01 5.40544271e-01 6.43761694e-01 8.83697867e-01
    1.49438232e-01 3.98901641e-01 6.39396310e-02 8.24055076e-01
    9.72803891e-01 6.16710961e-01 1.95545882e-01 9.41747665e-01
    7.76939631e-01 4.85227466e-01 3.74672353e-01 9.97758389e-01
    5.10797858e-01 8.17128181e-01 7.86346912e-01 3.30698729e-01
    6.09746039e-01 1.14166737e-02 7.49568045e-02 9.17922318e-01
    8.06538463e-01 9.82573152e-01 8.48377705e-01 3.04055214e-02
    9.92986679e-01 9.74854827e-02 3.84695351e-01 2.28915781e-01
    5.60799897e-01 4.56625700e-01 9.26385522e-02 9.71188784e-01
    2.81126976e-01 1.99297875e-01 5.20625412e-01 1.75276339e-01
    2.81245112e-02 2.91576713e-01 1.90403253e-01 3.66837591e-01
    5.18679380e-01 6.15645111e-01 1.43066347e-01 1.25111878e-01
    3.39425713e-01 1.70119226e-01 2.41751075e-01 6.98987246e-01
    7.88336277e-01 1.09479427e-02 9.91168737e-01 4.01029944e-01
    3.81248683e-01 9.74072218e-01 4.28966522e-01 2.26252466e-01
    9.91490662e-01 8.60999823e-01 5.50940573e-01 7.81327844e-01
    1.86890006e-01 8.39613676e-01 8.97534251e-01 8.48305821e-01
    8.51160049e-01 2.24494994e-01 8.25698137e-01 7.88023353e-01
    2.66979218e-01 8.09738576e-01 9.26193774e-01 8.53273273e-01
    6.88592196e-02 1.39255106e-01 5.57731688e-02 8.19509625e-01
    1.87541664e-01 6.99471951e-01 7.72157371e-01 2.51218915e-01
    6.93957508e-01 7.11677670e-01 5.54593086e-01 9.56363320e-01
    2.51357645e-01 2.94942975e-01 5.11010110e-01 8.57548296e-01
    1.50040656e-01 2.21100569e-01 2.32030421e-01 4.53907996e-01
    8.29045296e-01 5.72863281e-01 2.63261020e-01 3.28401625e-01
    5.05966961e-01 9.37044024e-02 2.99367964e-01 2.43316352e-01
    8.75510454e-01 7.96186745e-01 5.56647956e-01 2.76748180e-01
    1.39752537e-01 4.33967888e-01 3.71196896e-01 2.32954860e-01
    4.63952541e-01 7.89537907e-01 1.58691734e-01 9.38957572e-01
    6.00340366e-01 9.29935813e-01 1.15641385e-01 3.70721996e-01
    4.15197015e-02 4.00455356e-01 6.08381569e-01 4.53269243e-01
    2.78466344e-01 9.84115958e-01 7.32910633e-01 5.79691589e-01
    1.88637614e-01 2.11047560e-01 2.06515819e-01 6.40305102e-01
    3.92021358e-01 8.21790695e-01 9.61318254e-01 5.16956806e-01
    1.65670931e-01 8.99547100e-01 3.59569609e-01 6.98764801e-01
    8.40185404e-01 5.16266644e-01 4.85212862e-01 1.54512972e-01
    8.45468044e-03 8.17874551e-01 4.76827294e-01 7.44109154e-02
    5.29078066e-01 2.25264847e-01 7.31194437e-01 4.61178035e-01
    1.79347813e-01 3.80631685e-02 8.39808404e-01 1.65834725e-01
    2.36724675e-01 9.01501298e-01 5.25355637e-01 1.16101384e-01
    5.65556407e-01 3.17047179e-01 4.66764987e-01 2.94444501e-01
    3.93906444e-01 3.64198297e-01 2.22360134e-01 7.54100084e-03
    4.07706380e-01 9.43122506e-02 4.97928262e-03 6.83678448e-01
    3.67450118e-01 1.44054592e-01 5.99398851e-01 8.95536005e-01
    6.92496657e-01 9.07498479e-01 7.82631993e-01 9.16662693e-01
    9.45210338e-01 3.87552679e-01 7.68787742e-01 4.02024746e-01
    5.70688248e-01 7.37278223e-01 3.18226397e-01 6.74564123e-01
    8.08441162e-01 2.51898974e-01 2.63864338e-01 3.68144214e-01
    1.29070908e-01 4.28324193e-01 9.10225511e-01 7.65171051e-01
    8.85478854e-01 8.22019815e-01 1.86715126e-02 1.29589617e-01
    7.78800666e-01 1.83665514e-01 2.98715472e-01 2.53230482e-01
    1.98610455e-01 9.55679536e-01 2.25894541e-01 8.16796064e-01
    3.89000177e-02 8.63296330e-01 5.71994722e-01 5.56962311e-01
    9.58219647e-01 3.28274906e-01 9.52083349e-01 4.20179933e-01
    7.03210533e-01 6.77460790e-01 4.09711540e-01 1.81685030e-01
    8.62108886e-01 3.48278999e-01 5.15036106e-01 6.85529649e-01
    3.12214285e-01 4.85879064e-01 1.03568137e-01 3.96391153e-02
    4.12681758e-01 4.85729545e-01 2.35349506e-01 8.66277039e-01
    5.38069010e-01 7.71222174e-01 4.16382581e-01 1.97483391e-01
    3.03667486e-01 5.97392797e-01 2.56425142e-02 8.47400069e-01
    9.49035287e-01 4.11625385e-01 8.23176801e-01 6.67751908e-01
    1.32173300e-01 5.82955778e-01 1.38292193e-01 5.55970788e-01
    7.84459651e-01 7.07832217e-01 2.22258806e-01 3.84046942e-01
    9.90597963e-01 9.97163296e-01 7.14590132e-01 8.43959391e-01
    5.86825907e-01 3.29594314e-02 2.66356081e-01 5.50651252e-01
    7.24529982e-01 1.81900442e-01 9.51175869e-01 3.97772908e-01
    5.81425011e-01 4.95956063e-01 8.16022873e-01 5.80473959e-01
    2.72121072e-01 5.59051037e-01 3.96740109e-01 4.62730050e-01
    2.69682795e-01 7.25080490e-01 8.17187309e-01 4.97135669e-01
    9.97515559e-01 3.76666784e-02 7.17714429e-01 8.64624977e-01
    5.29984355e-01 6.15751266e-01 9.87059772e-01 3.56101871e-01
    3.74300957e-01 7.43838787e-01 9.62772548e-01 9.95861590e-01
    3.67889464e-01 2.81820893e-02 5.13340294e-01 4.35126632e-01
    4.17611599e-01 3.60162079e-01 1.22627228e-01 3.17961574e-01
    6.97116673e-01 1.70505047e-03 5.58346152e-01 8.10776174e-01
    8.20819736e-01 5.73654830e-01 2.65534937e-01 5.20529568e-01
    4.83730435e-01 7.15181231e-03 8.62633824e-01 5.06864309e-01
    2.14343637e-01 8.22797418e-01 1.09444737e-01 9.69311833e-01
    9.43826795e-01 7.89870560e-01 2.68427044e-01 7.74100065e-01
    1.74639046e-01 3.66817534e-01 9.41391289e-01 7.26915002e-01
    1.08131826e-01 4.56448555e-01 2.55575955e-01 2.13976979e-01
    8.61796319e-01 7.89072156e-01 6.72440708e-01 5.79035521e-01
    2.25993186e-01 4.80039269e-01 4.67820615e-01 7.21487403e-01
    6.45828009e-01 9.31269646e-01 1.23582065e-01 8.33771825e-01
    8.30479562e-01 8.50884140e-01 2.21509993e-01 4.66564953e-01
    5.85050583e-02 1.32800639e-01 8.22447896e-01 3.46726835e-01
    2.31590956e-01 5.89302421e-01 2.70058393e-01 1.92415386e-01
    8.59348774e-02 2.58002609e-01 9.88679409e-01 2.70448625e-01
    9.50236082e-01 6.44880772e-01 2.43916035e-01 6.66284859e-01
    7.51943171e-01 6.33579135e-01 4.92964804e-01 9.00883436e-01
    7.31453300e-02 4.83480453e-01 9.04772282e-01 7.13515699e-01
    8.50537479e-01 4.33284700e-01 4.03340101e-01 2.11377352e-01
    4.96007502e-02 9.19363797e-02 6.37238622e-01 5.38909256e-01
    3.89990211e-02 6.83308959e-01 1.62808001e-01 3.09770703e-01
    2.23688304e-01 2.46709913e-01 5.52929044e-01 6.54044271e-01
    1.21981502e-01 2.03490376e-01 2.57002324e-01 4.02456522e-01
    9.39426899e-01 6.24298215e-01 5.72420239e-01 5.86717963e-01
    6.30930364e-01 8.95856261e-01 1.00549579e-01 5.84555507e-01
    3.33714992e-01 1.88829482e-01 6.48844540e-01 9.09384429e-01
    1.14848614e-01 4.43666160e-01 1.50423765e-01 6.93680465e-01
    4.71503526e-01 7.01141953e-02 4.84617442e-01 5.74221849e-01
    3.16044211e-01 6.31390452e-01 1.72441900e-02 4.61099058e-01
    5.32904685e-01 9.58866239e-01 1.39250696e-01 1.71433836e-01
    4.02464867e-01 6.33740425e-03 7.86791563e-01 3.10775876e-01
    3.49412531e-01 7.78895855e-01 2.47257322e-01 1.53894693e-01
    2.80542701e-01 4.08483386e-01 6.85147166e-01 5.41135669e-01
    1.73246652e-01 8.43296885e-01 4.46148753e-01 2.42931068e-01
    1.05668753e-01 8.39703679e-01 1.32241040e-01 8.80867124e-01
    2.00718641e-03 5.42609811e-01 1.89975798e-01 2.43696779e-01
    1.99643761e-01 4.27463591e-01 8.73123884e-01 9.87700820e-01
    3.87115538e-01 4.47871417e-01 4.42021936e-01 5.89858890e-01
    7.18401253e-01 6.95991218e-02 5.31583667e-01 2.54094601e-03
    7.17687368e-01 8.81367028e-02 5.08133173e-01 4.17254508e-01
    5.16133666e-01 8.21159601e-01 7.28898942e-02 2.94420540e-01
    2.63450861e-01 7.13830054e-01 7.66789198e-01 7.66168356e-01
    3.12625647e-01 9.84455049e-01 6.35621667e-01 3.12305331e-01
    3.83526564e-01 6.35973513e-01 6.91447854e-02 7.18068242e-01
    2.88559616e-01 7.40686774e-01 3.09023499e-01 2.01219976e-01
    6.83601499e-02 2.19717711e-01 5.31236887e-01 9.15531039e-01
    4.68907177e-01 5.85309029e-01 1.86112911e-01 1.36390954e-01
    3.43151212e-01 1.16464823e-01 4.93929386e-01 6.63141370e-01
    9.50419068e-01 1.75599098e-01 5.28622508e-01 3.32206428e-01
    7.41428375e-01 3.82776976e-01 8.38268399e-01 9.83191848e-01
    3.83424789e-01 5.01064003e-01 8.67062867e-01 4.00639713e-01
    9.81211543e-01 3.12995046e-01 7.57050157e-01 3.61040920e-01
    6.87169373e-01 2.88973510e-01 2.61305392e-01 5.89078724e-01
    6.72037959e-01 2.29497164e-01 2.81776726e-01 6.49414420e-01
    5.01344562e-01 5.43678999e-01 4.84620035e-01 6.53515697e-01
    8.55929255e-02 7.09588289e-01 2.84947753e-02 2.02299684e-01
    4.86776233e-03 3.68090034e-01 1.38781786e-01 6.59328580e-01
    5.44809103e-02 2.15881139e-01 8.70358825e-01 7.20588267e-01
    1.90478057e-01 3.14442635e-01 6.91871047e-01 8.14052463e-01
    9.93246198e-01 5.07468462e-01 9.73421574e-01 2.05018252e-01
    4.27284241e-01 1.37820333e-01 1.20503306e-01 1.59636080e-01
    5.20956933e-01 4.36768591e-01 2.01003969e-01 1.75335169e-01
    1.34566486e-01 3.30389321e-01 5.60037792e-02 8.05437446e-01
    1.20618463e-01 6.65023029e-01 2.91491091e-01 7.90370107e-01
    4.47670281e-01 2.30208755e-01 9.47563946e-02 8.61262143e-01
    6.37087345e-01 6.46211386e-01 4.78189737e-01 3.90385479e-01
    5.05007029e-01 5.05446076e-01 2.12033093e-02 4.26259607e-01
    9.01412964e-01 2.85688043e-03 4.14924145e-01 2.95000911e-01
    7.07047522e-01 6.33898556e-01 8.52974057e-01 8.94658983e-01
    1.20314956e-02 5.47881722e-01 9.39784646e-01 9.56234694e-01
    3.80876809e-01 9.78292882e-01 7.04328299e-01 8.83706808e-01
    1.65883183e-01 2.49020487e-01 2.35162795e-01 8.62765729e-01
    3.78150344e-02 1.18068337e-01 8.44683766e-01 6.04428470e-01
    3.80228877e-01 4.40364182e-01 5.87184191e-01 2.68918633e-01
    6.35713935e-02 9.94527340e-01 1.02349043e-01 4.51543599e-01
    4.19361293e-02 3.78148258e-02 8.18204045e-01 3.55731845e-01
    4.11371589e-01 3.70521247e-01 7.27879047e-01 3.44883531e-01
    1.68728828e-02 5.14148653e-01 1.07596785e-01 6.84712172e-01
    7.39118159e-01 4.41666424e-01 2.14161932e-01 6.63957238e-01
    5.02224267e-01 8.39013696e-01 8.47355366e-01 7.56162941e-01
    1.00272477e-01 7.89850175e-01 4.67359364e-01 1.13250285e-01
    5.16138494e-01 7.93007612e-01 4.29533333e-01 7.47236609e-02
    3.31359535e-01 5.46991527e-02 5.01424074e-01 2.08093554e-01
    2.37322092e-01 4.43458200e-01 4.36027050e-01 6.68122172e-02
    3.86701763e-01 1.66387290e-01 3.08023095e-01 9.03793216e-01
    9.85178530e-01 7.57761836e-01 8.38788271e-01 7.08395362e-01
    4.23422754e-02 3.77615124e-01 7.13682890e-01 4.79601353e-01
    3.32145602e-01 2.24335492e-01 3.98400694e-01 4.71737921e-01
    1.55859381e-01 7.80574918e-01 7.58351564e-01 6.02008104e-01
    7.68696010e-01 9.08000708e-01 6.92111790e-01 4.48065400e-02
    6.49936199e-02 4.55340534e-01 8.45082462e-01 8.29330742e-01
    4.91448164e-01 8.11958075e-01 7.55748272e-01 6.59894347e-01
    1.58026010e-01 3.41652244e-01 7.27810025e-01 5.58051705e-01
    9.24211740e-03 3.48015934e-01 9.15764630e-01 1.38157904e-02
    5.03882647e-01 8.65288615e-01 3.06399643e-01 1.09488845e-01
    1.49133176e-01 4.05253172e-01 4.29553896e-01 6.37900114e-01
    6.65086091e-01 2.43686944e-01 6.82412326e-01 3.70585382e-01
    3.84040534e-01 1.53505385e-01 5.46076417e-01 9.48866427e-01
    5.95327556e-01 6.28424883e-01 1.44883096e-02 4.35934484e-01
    4.54098821e-01 3.37726116e-01 3.97594690e-01 7.69502401e-01
    7.07443118e-01 8.41867566e-01 7.61140943e-01 3.20913434e-01
    3.71528000e-01 2.66750932e-01 1.69341862e-02 5.85950136e-01
    4.45091844e-01 9.78260636e-01 9.05163884e-01 9.23650503e-01
    4.66216326e-01 4.07755166e-01 4.76975381e-01 1.23794645e-01
    7.19276786e-01 4.75017071e-01 1.81686819e-01 9.29626644e-01
    3.19469452e-01 7.82452583e-01 6.30197823e-01 7.49419808e-01
    4.81933415e-01 5.79326332e-01 6.21360183e-01 3.10850888e-01
    4.65394467e-01 8.32232356e-01 6.93774581e-01 8.90262723e-01
    7.14409113e-01 3.58911753e-02 1.20895535e-01 8.49900365e-01
    8.47737372e-01 6.68951571e-01 2.63634324e-03 1.42643780e-01
    4.30750549e-02 6.11904919e-01 9.25815463e-01 4.94734943e-02
    5.52846491e-02 5.44508755e-01 2.34014988e-01 7.97023475e-02
    6.37805164e-01 4.05284166e-02 7.71540999e-01 2.82692373e-01
    4.28959787e-01 9.69456792e-01 8.87192607e-01 1.89724833e-01
    6.42790437e-01 7.91631460e-01 8.46887589e-01 2.39906400e-01
    6.86076641e-01 8.01383257e-01 4.70800996e-01 7.18056202e-01
    6.59845889e-01 8.83878231e-01 3.88048023e-01 6.49872422e-02
    1.73325151e-01 9.01267111e-01 8.38614821e-01 7.72680998e-01
    4.80142832e-02 8.64316106e-01 3.72314751e-02 2.15695679e-01
    7.93505192e-01 4.14987952e-01 5.75060844e-01 2.25551724e-02
    9.66426253e-01 2.33909160e-01 2.92188138e-01 7.46326029e-01
    2.19726533e-01 3.49014521e-01 1.55692548e-01 8.88480604e-01
    2.01199353e-02 5.11526525e-01 3.23663563e-01 3.15108657e-01
    2.83698767e-01 9.70275700e-02 9.26643848e-01 9.16757464e-01
    7.16191769e-01 9.45051193e-01 2.99872518e-01 6.80191398e-01
    8.39048743e-01 8.20293605e-01 1.77070767e-01 7.11825728e-01
    2.87795335e-01 6.07307315e-01 9.01551247e-02 2.02818006e-01
    4.20479059e-01 8.23752224e-01 4.79975551e-01 1.15506679e-01
    5.58475971e-01 1.12563848e-01 9.40104008e-01 8.05160522e-01
    8.73143196e-01 8.55188966e-01 3.43855619e-01 8.31797719e-03
    9.06178296e-01 3.97962093e-01 3.76054913e-01 7.21324325e-01
    1.99166507e-01 6.51441693e-01 3.24738741e-01 2.35694587e-01
    3.09961468e-01 7.54729748e-01 5.91808558e-03 7.71206498e-01
    1.71245575e-01 5.61321318e-01 5.59374392e-02 5.66180050e-01
    3.75428736e-01 6.69140458e-01 4.75977778e-01 3.12490165e-02
    9.76936221e-01 5.40476263e-01 6.29089296e-01 9.80233908e-01
    4.45680946e-01 7.17037141e-01 5.15076816e-01 7.96590447e-01
    5.71347058e-01 2.32032835e-01 6.39184594e-01 8.60187411e-02
    3.72922063e-01 3.59700143e-01 3.53450656e-01 9.04036105e-01
    9.91856098e-01 4.29552674e-01 3.99888456e-02 7.93863714e-01
    1.36235058e-01 4.75126088e-01 6.69484615e-01 1.21263832e-01
    5.37859559e-01 3.30315948e-01 2.81309307e-01 2.43018478e-01
    8.15573812e-01 7.58917630e-01 5.29980123e-01 5.05326390e-01
    9.42157269e-01 3.81079018e-01 7.23562837e-01 1.38355702e-01
    3.94280195e-01 5.46563625e-01 3.50276977e-01 7.79437423e-01
    4.70674992e-01 7.88475275e-02 8.49420428e-02 6.70821369e-01
    5.07594526e-01 3.77612710e-02 4.95206594e-01 6.61715925e-01
    2.53177285e-02 1.44782960e-02 8.89395416e-01 6.23014569e-02
    7.00178385e-01 8.98703933e-01 3.81173939e-01 2.93826252e-01
    3.62174362e-01 8.15140963e-01 7.32243299e-01 4.08322245e-01
    6.00676119e-01 3.86123538e-01 2.76634753e-01 2.34379917e-01
    7.52398491e-01 8.79733920e-01 7.74374306e-01 2.40145475e-01
    5.47966778e-01 7.03921318e-01 9.45509195e-01 9.41760123e-01
    5.89411914e-01 7.89183676e-02 2.16723382e-02 8.36841464e-02
    3.72151196e-01 7.49965966e-01 3.43508840e-01 4.91334379e-01
    2.83648074e-02 9.99181509e-01 1.71510756e-01 2.24805295e-01
    7.45178103e-01 1.37332410e-01 6.24030173e-01 5.25726497e-01
    6.89398170e-01 9.91761208e-01 3.42478991e-01 7.90902257e-01
    9.95124340e-01 5.17503142e-01 5.00639498e-01 7.99445570e-01
    1.10442638e-01 8.63818109e-01 3.25990736e-01 3.56342435e-01
    5.54090381e-01 9.77057695e-01 8.42759728e-01 9.01847124e-01
    5.08304536e-02 4.31328773e-01 8.34947109e-01 8.31595719e-01
    1.68173850e-01 2.60732770e-02 4.18695480e-01 9.01400208e-01
    7.06566811e-01 4.66907740e-01 4.74082768e-01 7.89681196e-01
    5.94554126e-01 3.38726938e-02 2.87117869e-01 3.65683138e-02
    2.86979944e-01 3.83450687e-01 1.67362899e-01 9.53546166e-01
    1.93860799e-01 9.86121774e-01 6.30565047e-01 6.54433072e-01
    5.25834858e-02 7.14382172e-01 7.91994810e-01 1.38495296e-01
    3.82421255e-01 8.49983692e-01 8.90360355e-01 9.86577034e-01
    6.91729665e-01 9.38880444e-01 3.16055655e-01 8.59606028e-01
    9.32381511e-01 3.01332116e-01 1.08497292e-01 6.28615439e-01
    8.30646038e-01 3.62689316e-01 6.08322203e-01 3.46522987e-01
    7.02829123e-01 6.03143752e-01 3.63225818e-01 4.44738925e-01
    5.41862428e-01 9.59191740e-01 2.91045904e-01 6.25293374e-01
    7.13258982e-01 2.98350155e-01 5.58674455e-01 2.08751768e-01
    7.46561944e-01 2.81071901e-01 9.50886607e-01 1.72539622e-01
    7.27239490e-01 8.10687542e-02 9.13516879e-01 5.65668046e-01
    7.95854211e-01 3.83557469e-01 2.14841127e-01 8.84500623e-01
    4.19964433e-01 2.41558164e-01 6.57974005e-01 8.44092846e-01
    5.29774189e-01 8.73173177e-01 1.60383821e-01 8.79761338e-01
    2.21706599e-01 6.74458325e-01 3.03255916e-02 5.43812096e-01
    4.12275463e-01 9.03505564e-01 6.34574473e-01 2.44521320e-01
    5.08681178e-01 4.56231236e-02 6.51862979e-01 8.52733970e-01
    3.15677643e-01 4.04139459e-01 7.88098574e-01 6.67428911e-01
    6.57285094e-01 7.34711587e-02 2.07332075e-02 5.54817319e-02
    3.41587126e-01 1.20613337e-01 3.77437681e-01 2.75923133e-01
    4.63942379e-01 2.51832515e-01 3.19574177e-02 8.46761703e-01
    2.85664618e-01 8.73305380e-01 9.92353797e-01 8.69237781e-02
    3.80153179e-01 5.10506749e-01 6.08736157e-01 4.68411982e-01
    6.69602633e-01 8.90064836e-01 6.37692809e-02 4.32035983e-01
    5.58618665e-01 9.71813679e-01 9.59911048e-01 4.63032424e-02
    2.25012004e-02 2.77666807e-01 1.03196114e-01 1.99356258e-01
    9.99614000e-01 5.04747927e-02 4.01080459e-01 1.62836403e-01
    6.56461716e-01 7.46533096e-01 6.32825851e-01 1.36360675e-01
    8.71882439e-01 9.88196969e-01 4.81936336e-01 6.72306597e-01
    6.23600841e-01 7.59244084e-01 1.16165906e-01 4.31061625e-01
    5.29193282e-01 8.60407531e-01 8.07515025e-01 5.99724352e-01
    4.34037745e-02 2.63421476e-01 8.23789954e-01 6.34987295e-01
    5.96694112e-01 7.99048781e-01 1.73880816e-01 7.28031695e-01
    2.95895636e-02 6.21211529e-01 1.60127699e-01 9.33310390e-03
    8.41610312e-01 3.94194096e-01 5.01246929e-01 1.87416971e-02
    4.64894474e-01 4.53477025e-01 4.72601056e-01 5.97089589e-01
    1.06186450e-01 3.32779646e-01 3.07149947e-01 3.54907125e-01
    5.67621469e-01 6.46987677e-01 7.89940774e-01 6.57891512e-01
    6.26023173e-01 6.26409113e-01 8.06043386e-01 2.45788515e-01
    3.93144637e-01 2.22365648e-01 9.70688581e-01 2.34840065e-01
    3.30117345e-01 4.52911377e-01 8.73604417e-01 9.93639112e-01
    5.63838720e-01 7.23053336e-01 8.17277312e-01 9.54709768e-01
    5.05674362e-01 8.71817350e-01 4.17281330e-01 7.16334045e-01
    2.53496021e-01 5.32292664e-01 8.35617781e-01 7.52505660e-03
    1.16623938e-02 8.77716601e-01 1.72157049e-01 4.33424950e-01
    9.36697006e-01 2.60037124e-01 9.20979679e-01 2.42139906e-01
    8.29520345e-01 7.48137832e-01 3.88649404e-02 6.86850548e-01
    9.30598378e-01 6.96131110e-01 1.16566747e-01 8.16753149e-01
    5.62452018e-01 3.50422055e-01 4.35049474e-01 7.54338503e-03
    3.97022367e-01 9.45765615e-01 6.28739834e-01 9.96440589e-01
    9.75785494e-01 2.31501460e-03 8.14460754e-01 5.35046518e-01
    5.56684494e-01 8.95540833e-01 6.13558412e-01 2.55665421e-01
    9.61485505e-01 4.46685970e-01 4.77346092e-01 5.94875455e-01
    6.04326129e-01 6.67147875e-01 6.29321694e-01 9.15413797e-02
    6.85354590e-01 1.40668273e-01 2.42208928e-01 9.82422113e-01
    1.74317002e-01 2.75341988e-01 3.32535714e-01 9.03593123e-01
    8.64317775e-01 7.40610123e-01 8.99598002e-01 6.79909706e-01
    4.19236094e-01 8.87184978e-01 1.43759578e-01 9.74955320e-01
    1.33132219e-01 7.76182175e-01 1.69475466e-01 2.87380934e-01
    8.21836710e-01 2.18185276e-01 6.42379522e-01 1.65039688e-01
    9.25525725e-02 3.36572349e-01 3.40031624e-01 5.86492002e-01
    8.56951356e-01 6.78277910e-02 9.86234844e-02 5.51590800e-01
    2.24512041e-01 4.42404985e-01 6.21560514e-02 3.56208086e-01
    8.92488003e-01 6.21617973e-01 5.03336489e-01 5.60199261e-01
    2.50414014e-03 3.64845157e-01 6.65646791e-03 5.43088436e-01
    8.22416961e-01 8.41950476e-02 8.58675838e-01 2.55336553e-01
    5.54922521e-01 5.38625658e-01 2.79373556e-01 1.01668566e-01
    6.42171860e-01 9.42775249e-01 9.20992851e-01 1.42379135e-01
    2.31489837e-02 7.95847416e-01 5.69935679e-01 4.94810760e-01
    7.47888386e-02 6.66166008e-01 7.62824714e-02 2.62351274e-01
    5.64750850e-01 3.53634834e-01 6.55128956e-01 3.32428396e-01
    6.71117067e-01 5.85969388e-02 4.08557832e-01 6.04722798e-01
    3.89038444e-01 6.69299483e-01 6.43647552e-01 6.93629801e-01
    7.00888574e-01 1.19765550e-01 9.75184321e-01 9.57242012e-01
    1.26172006e-01 9.09742951e-01 7.06941903e-01 5.02971590e-01
    3.16804826e-01 7.36467004e-01 9.24843788e-01 8.28412175e-02
    6.79774046e-01 8.23169351e-02 2.29829848e-02 7.31810689e-01
    7.41298676e-01 3.43263805e-01 1.83901668e-01 3.73221040e-02
    9.79339361e-01 5.54251671e-02 5.97546935e-01 5.64025342e-02
    9.37408209e-01 3.44499767e-01 3.16306710e-01 5.27117372e-01
    4.35911298e-01 1.46344036e-01 5.99167585e-01 7.06918836e-02
    4.27365959e-01 1.42195314e-01 8.08287978e-01 1.78909153e-01
    8.52700233e-01 7.13971019e-01 1.95148885e-01 7.42721915e-01
    3.49554300e-01 6.76112771e-02 1.51937246e-01 8.78375769e-01
    8.40042949e-01 2.17397273e-01 5.60637176e-01 3.33152235e-01
    3.12499106e-01 1.73089445e-01 4.43690300e-01 1.82080805e-01
    8.99849951e-01 8.51995349e-01 8.17465544e-01 1.07746422e-01
    2.27717787e-01 3.16629320e-01 6.97550297e-01 9.00579393e-01
    5.69062531e-02 8.59960794e-01 6.37150168e-01 5.92304468e-01
    8.35218549e-01 3.09503019e-01 5.20443320e-01 1.81415439e-01
    6.88831925e-01 9.86071348e-01 1.85842961e-01 8.80530834e-01
    2.22187728e-01 3.73441994e-01 6.23746216e-01 4.69458669e-01
    4.18723583e-01 7.44657278e-01 7.86138058e-01 5.63108325e-01
    7.89864898e-01 1.96404874e-01 9.84103203e-01 7.57387638e-01
    9.24868584e-01 1.66137218e-02 3.69046092e-01 6.12698138e-01
    1.85104609e-01 9.48552489e-01 8.09830725e-02 9.22776043e-01
    5.98957896e-01 9.64659095e-01 2.55061924e-01 1.79204702e-01
    4.29513425e-01 7.79449701e-01 4.33003813e-01 1.63559109e-01
    2.01796710e-01 9.93880153e-01 2.24854916e-01 8.25860023e-01
    6.74740076e-02 5.60610890e-01 4.48220909e-01 5.61778009e-01
    5.93571424e-01 3.70100647e-01 4.06904638e-01 4.89537090e-01
    7.19510555e-01 5.13069808e-01 1.99634671e-01 3.84499431e-01
    2.51531005e-02 1.01666808e-01 2.13102430e-01 5.59270382e-04
    1.06179506e-01 6.10850155e-02 3.91900539e-01 1.50861591e-01
    3.65195811e-01 5.35988569e-01 3.43257189e-02 6.66678667e-01
    1.42936200e-01 9.22832727e-01 1.58969223e-01 5.11541963e-03
    9.43677247e-01 4.30980206e-01 7.38532305e-01 9.73601818e-01
    6.11797273e-01 2.30303049e-01 2.97412515e-01 3.52403075e-01
    3.35097045e-01 8.16664219e-01 6.54589951e-01 4.75743920e-01
    5.39054394e-01 3.46913338e-01 2.60480106e-01 5.51836133e-01
    4.03044581e-01 7.02252150e-01 5.09438336e-01 7.56815672e-01
    5.05216956e-01 3.15807760e-01 1.35213286e-01 4.97382581e-02
    3.31580639e-01 9.43715811e-01 7.87001848e-03 8.85294914e-01
    7.72757292e-01 5.44448495e-01 2.35074908e-01 5.99479377e-01
    5.30395508e-01 2.15892613e-01 1.16948545e-01 6.25595033e-01
    8.53528619e-01 7.55293846e-01 3.84570867e-01 8.04397643e-01
    9.68597412e-01 3.72371733e-01 8.97202551e-01 5.05862892e-01
    5.96215546e-01 9.23435092e-01 5.24022877e-02 1.03391349e-01
    6.47586524e-01 9.37351167e-01 1.11242354e-01 3.86591494e-01
    1.12005264e-01 5.55463850e-01 5.11998892e-01 6.87525690e-01
    4.66433823e-01 6.57016098e-01 7.08559930e-01 9.57628191e-01
    6.72231436e-01 1.59856468e-01 2.73847342e-01 6.80545151e-01
    5.31650484e-01 3.83538604e-02 7.83148587e-01 1.90550178e-01
    2.20715523e-01 9.24260736e-01 7.49184489e-01 4.38671350e-01
    4.43109870e-01 9.28681076e-01 7.19874442e-01 7.14640737e-01
    4.26286876e-01 9.76257801e-01 1.42658353e-02 7.69394577e-01
    6.63940191e-01 1.65724874e-01 7.28226125e-01 9.51342583e-01
    7.82808304e-01 1.12754107e-02 1.13509208e-01 4.86806631e-01
    1.09081030e-01 4.84779239e-01 4.34197068e-01 6.53350413e-01
    6.69720232e-01 3.52406561e-01 5.13463676e-01 2.58858502e-01
    1.60653830e-01 7.83132613e-01 8.28548789e-01 6.79867625e-01
    2.77604759e-02 9.57515836e-01 8.19774032e-01 7.41770506e-01
    4.10245597e-01 2.54707336e-02 2.82390773e-01 8.53300929e-01
    5.87080419e-02 6.35689080e-01 9.10051167e-01 2.97103375e-01
    6.55659914e-01 5.16017020e-01 3.45169008e-02 9.32424963e-01
    7.34039843e-01 5.87346673e-01 7.67768919e-01 2.23516196e-01
    4.87900883e-01 6.00318551e-01 4.11539733e-01 4.02803004e-01
    8.40911865e-01 3.69702250e-01 7.16394544e-01 3.71645331e-01
    8.46648574e-01 5.51841855e-02 6.13307893e-01 9.41452384e-01
    8.83498132e-01 1.37831539e-01 7.16955602e-01 5.83804607e-01
    2.73651391e-01 6.34083271e-01 2.45685011e-01 7.77179241e-01
    9.99175131e-01 7.34781623e-02 2.32299268e-02 5.50614417e-01
    1.97687775e-01 3.81082863e-01 1.52519375e-01 2.93121874e-01
    9.52652097e-03 2.05094278e-01 8.89421701e-01 2.29623437e-01
    3.75473320e-01 2.50465930e-01 6.50862873e-01 7.00961471e-01
    7.80707419e-01 4.99471068e-01 6.77151084e-01 9.23940182e-01
    7.27042973e-01 1.79589272e-01 2.22463697e-01 1.65285826e-01
    9.58748996e-01 4.12688702e-01 1.31468564e-01 4.14905608e-01
    8.06246281e-01 5.83163321e-01 7.09514320e-01 5.15375435e-02
    3.40939462e-01 7.00456202e-01 4.71637785e-01 2.01883018e-01
    1.59066737e-01 5.37801087e-01 7.97609508e-01 1.04130059e-01
    2.45407343e-01 6.74169064e-02 3.06318045e-01 1.86222643e-01
    2.53017247e-01 8.90417099e-01 6.73374236e-01 3.93078566e-01
    4.08492416e-01 6.38202548e-01 4.16887671e-01 5.75135350e-01
    4.08138245e-01 3.34725559e-01 9.74252224e-01 2.12083459e-01
    9.16021347e-01 2.86974013e-01 7.52994776e-01 8.18735003e-01
    8.36091697e-01 9.65435505e-01 2.07923830e-01 5.72243035e-01
    8.08454514e-01 3.71255189e-01 8.75556827e-01 2.53419161e-01
    7.32532799e-01 7.25197434e-01 5.27216852e-01 7.50661850e-01
    5.53068101e-01 8.69025886e-01 4.37085986e-01 9.45464492e-01
    1.64984405e-01 7.63803780e-01 7.15212584e-01 6.87435567e-01
    7.39694476e-01 5.15326858e-02 6.74925625e-01 6.64948463e-01
    2.56896377e-01 7.91342974e-01 7.92098165e-01 3.93188894e-02
    4.58619088e-01 8.97545218e-02 2.69716263e-01 1.81608617e-01
    6.29229307e-01 9.54807043e-01 8.42591822e-01 7.72760391e-01
    6.22762620e-01 8.77529502e-01 9.52046990e-01 5.14085412e-01
    5.17561615e-01 6.65433526e-01 3.56442630e-01 1.36823356e-02
    9.36704934e-01 6.31716371e-01 6.74870312e-02 2.91667014e-01
    3.50097477e-01 2.33215988e-02 5.46450019e-01 9.31016207e-01
    2.10897416e-01 7.54593611e-01 8.06741655e-01 5.48130155e-01
    5.74510276e-01 8.11277866e-01 3.46778840e-01 1.66579366e-01
    8.14922571e-01 2.61416793e-01 2.98744917e-01 5.55967808e-01
    1.63457513e-01 4.89683896e-01 7.29479313e-01 3.71884376e-01
    5.47278881e-01 7.98129380e-01 3.31495106e-01 8.71792436e-01
    6.24362707e-01 2.96279669e-01 1.78501755e-01 8.23503613e-01
    4.52058047e-01 6.37350440e-01 9.09849465e-01 6.83947504e-02
    3.69025618e-01 1.55027658e-01 8.74488175e-01 1.86539680e-01
    6.62047029e-01 7.75237501e-01 7.53990173e-01 6.92830682e-01
    3.20858002e-01 9.05621052e-02 5.72420001e-01 1.06336504e-01
    6.55027270e-01 4.94178623e-01 6.36409044e-01 6.25402331e-02
    2.37880737e-01 3.12300920e-01 2.18149662e-01 4.45233345e-01
    8.91365409e-01 7.39305854e-01 1.05166465e-01 5.12402475e-01
    4.20696944e-01 6.28865063e-02 8.24198306e-01 5.60290813e-02
    8.97727311e-02 2.19807029e-01 1.35136575e-01 4.70082164e-01
    8.04679394e-01 4.82197732e-01 6.37135029e-01 9.40643430e-01
    1.68404937e-01 7.31543362e-01 8.86847615e-01 9.70882416e-01
    4.20321196e-01 7.57189631e-01 9.21971142e-01 5.37994027e-01
    5.21882534e-01 3.72656703e-01 8.69682312e-01 3.79896164e-01
    1.72320157e-01 8.23829889e-01 4.89636362e-02 8.22375774e-01
    2.38792658e-01 3.72154713e-01 4.79455382e-01 8.89610648e-01
    4.96938556e-01 1.14987999e-01 2.18669802e-01 7.68656731e-01
    8.53797793e-01 7.77226090e-01 9.93060768e-01 7.75692105e-01
    7.36414492e-01 7.12380648e-01 6.70377672e-01 6.12889349e-01
    8.84890854e-01 9.63181376e-01 9.36958551e-01 6.83626831e-01
    8.17026377e-01 5.01573145e-01 3.58101904e-01 1.37409687e-01
    6.92473471e-01 7.30863869e-01 9.39358234e-01 1.60756111e-01
    6.36642635e-01 9.81278062e-01 2.67344475e-01 2.26186097e-01
    3.70231152e-01 7.87374079e-01 7.21635103e-01 3.07495415e-01
    7.29907453e-01 6.49500966e-01 3.10908556e-01 5.94910264e-01
    7.71016061e-01 7.38722086e-01 1.29123271e-01 1.85508043e-01
    7.26945817e-01 9.31328773e-01 3.41845185e-01 3.55360806e-02
    3.49532217e-01 1.87287867e-01 7.29133427e-01 4.37670976e-01
    8.06949794e-01 7.26600528e-01 4.96512651e-03 1.56861246e-01
    2.55908847e-01 2.83726215e-01 1.21605188e-01 7.72797346e-01
    7.69795716e-01 5.68276167e-01 5.28945386e-01 5.67138195e-01
    5.40189147e-01 5.79144657e-01 9.15345848e-01 3.85759741e-01
    5.96073866e-01 4.65950996e-01 8.15358162e-01 4.43827301e-01
    1.70986056e-02 5.32365322e-01 7.34393299e-02 7.09495008e-01
    4.23420966e-01 6.87846959e-01 5.78965247e-01 6.76735640e-01
    4.40014392e-01 4.70521629e-01 6.91072345e-01 2.74177045e-01
    8.81774604e-01 5.02631366e-01 3.11949372e-01 1.62693709e-01
    1.98752791e-01 5.83630800e-02 3.20999324e-01 5.78301132e-01
    3.88672143e-01 2.28952885e-01 3.93916279e-01 4.28054482e-01
    8.46762776e-01 5.52496314e-03 3.90225351e-01 6.43266916e-01
    7.31832564e-01 2.42768347e-01 6.33791029e-01 2.67150223e-01
    4.00214761e-01 8.56261611e-01 9.94195938e-01 1.83415562e-01
    1.45879537e-01 3.13907087e-01 6.74404085e-01 2.87746429e-01
    6.86360598e-01 8.92075300e-01 9.48278069e-01 9.74977255e-01
    8.23942661e-01 9.61463690e-01 2.46527106e-01 5.30152678e-01
    3.71923268e-01 5.54170966e-01 7.23798156e-01 7.26809859e-01
    3.60890895e-01 1.63599849e-01 6.63661957e-02 1.43148631e-01
    1.99810714e-01 5.37692010e-01 6.89080954e-01 2.17448145e-01
    9.29453373e-01 2.05788970e-01 5.86420655e-01 9.47949648e-01
    7.37228394e-02 9.07417119e-01 8.04802060e-01 1.44866437e-01
    3.43247950e-01 1.09342724e-01 6.08277619e-02 2.15790868e-01
    4.82444555e-01 4.58142281e-01 2.59111822e-01 5.17626643e-01
    6.46715581e-01 1.22629315e-01 4.12757397e-01 7.76240826e-01
    4.43306059e-01 3.99855912e-01 1.98917359e-01 3.19331229e-01
    8.47671866e-01 6.72530353e-01 3.97123277e-01 3.00630093e-01
    3.30443025e-01 2.47211784e-01 9.73455012e-01 7.42572486e-01
    4.49489385e-01 9.62287784e-01 9.08285499e-01 9.61977422e-01
    8.62149596e-01 5.83862960e-01 8.51996660e-01 5.90288520e-01
    9.72352445e-01 1.18854642e-01 9.44990456e-01 8.35123062e-01
    8.92829776e-01 9.10800278e-01 8.99245977e-01 8.16345215e-04
    1.75620645e-01 4.19131786e-01 7.26082921e-01 2.73279876e-01
    1.46803141e-01 4.96913970e-01 3.49810213e-01 9.80399251e-01
    8.15048814e-01 7.53794551e-01 5.74458718e-01 7.70517111e-01
    8.98590446e-01 1.58269763e-01 6.38153791e-01 8.71635497e-01
    9.47576225e-01 7.69405544e-01 5.83431125e-03 8.06940675e-01
    7.60063291e-01 8.88077021e-01 3.74455005e-01 5.58800638e-01
    3.70749116e-01 1.00567818e-01 8.13522577e-01 3.60442817e-01
    6.33087695e-01 5.22864878e-01 7.60464668e-01 1.40609443e-02
    8.72306943e-01 2.49600798e-01 1.78853363e-01 9.77310240e-01
    7.94442773e-01 1.92971647e-01 3.96733284e-01 4.22521591e-01
    3.34455490e-01 6.98425531e-01 2.02762961e-01 4.37323600e-01
    7.99866796e-01 9.31234241e-01 8.63163352e-01 9.37107384e-01
    7.06827641e-01 4.20552284e-01 4.66252863e-01 1.55310482e-01
    5.19889176e-01 6.54177725e-01 3.56330276e-01 9.65246022e-01
    1.26653582e-01 1.39668524e-01 5.31481087e-01 8.54164600e-01
    1.25829935e-01 5.92906594e-01 4.63721812e-01 5.41093647e-02
    4.59510148e-01 7.64719367e-01 2.77004212e-01 1.39966846e-01
    1.51446074e-01 1.05574608e-01 4.77248341e-01 8.88453603e-01
    3.81539285e-01 3.72870624e-01 5.33662736e-02 2.66981810e-01
    6.54829741e-01 1.79285288e-01 8.82585168e-01 8.05866778e-01
    3.26552451e-01 3.03384602e-01 3.44450235e-01 3.46080661e-02
    8.48409235e-02 5.66096485e-01 1.40163213e-01 5.60021162e-01
    9.87050951e-01 2.93798745e-01 2.86335528e-01 9.86246169e-01
    6.24553442e-01 2.24344730e-01 2.12137312e-01 9.60475624e-01
    5.63305914e-01 8.60902071e-01 7.64756978e-01 4.82351094e-01
    1.10626400e-01 9.82334614e-01 4.34151560e-01 8.17569375e-01
    2.14775205e-01 4.82556254e-01 4.99146760e-01 4.73571420e-01
    7.99636006e-01 3.60418737e-01 7.71583378e-01 3.35195065e-01
    5.31316400e-01 2.09692121e-03 3.96880209e-01 4.01304096e-01
    9.07596707e-01 3.97820830e-01 1.89599216e-01 3.92797589e-02
    6.25868797e-01 3.95889759e-01 5.87417841e-01 1.67030007e-01
    3.66445482e-01 5.95125556e-01 4.77504730e-01 7.18802810e-02
    7.52371311e-01 7.28784859e-01 9.61517215e-01 2.37643719e-01
    5.54627180e-01 4.56496716e-01 7.53362775e-01 7.61425555e-01
    9.05534625e-02 3.37852538e-01 3.67941380e-01 9.63844359e-01
    5.19426525e-01 3.14496517e-01 7.85181880e-01 3.65927756e-01
    8.94837439e-01 1.69827491e-01 3.34081858e-01 5.83247840e-01
    4.16723847e-01 3.12706023e-01 2.08446622e-01 6.23208344e-01
    7.29912817e-02 5.82007051e-01 9.21705365e-01 1.42151415e-01
    9.56882596e-01 3.49264562e-01 5.98867238e-02 9.90031958e-01
    2.97132134e-02 1.37435824e-01 9.19191957e-01 9.52434838e-01
    5.57831228e-02 2.60921299e-01 5.26006401e-01 3.30465257e-01
    3.37222904e-01 1.77609682e-01 8.48165154e-02 9.45804775e-01
    7.93810725e-01 3.51386487e-01 9.70991492e-01 5.04496992e-02
    4.95695323e-01 6.66006505e-01 6.22343779e-01 9.46763039e-01
    7.84884810e-01 7.64482141e-01 9.15452003e-01 1.87871575e-01
    8.01471949e-01 7.84594834e-01 1.48565143e-01 4.16205972e-01
    2.13380367e-01 4.02801633e-02 8.13407600e-01 7.93800116e-01
    6.28496766e-01 6.92733765e-01 8.92310858e-01 3.63478541e-01
    7.22955346e-01 2.28645146e-01 2.73070574e-01 9.57996011e-01
    9.15344715e-01 2.88902909e-01 1.33922935e-01 8.06768060e-01
    3.16027403e-02 8.00229371e-01 9.04512644e-01 9.99865890e-01
    2.40192115e-02 8.70517015e-01 5.86600423e-01 1.88764691e-01
    2.06866562e-02 4.55362380e-01 4.90775198e-01 4.91442978e-02
    4.76587564e-01 6.42147183e-01 7.62927055e-01 9.65804160e-02
    7.38440216e-01 3.77545953e-02 1.08436644e-01 2.22987205e-01
    1.72763586e-01 2.44961500e-01 9.86923814e-01 3.19230258e-02
    2.53055096e-02 9.15948689e-01 9.12004948e-01 3.88102740e-01
    8.78145814e-01 7.84157038e-01 1.74103498e-01 4.03686643e-01
    2.02207446e-01 3.22479486e-01 2.78599024e-01 8.78427923e-02
    3.54233086e-01 7.36819148e-01 8.67837310e-01 2.16158450e-01
    5.79288304e-01 7.55726576e-01 5.17374516e-01 3.90548438e-01
    4.95650470e-01 4.62425172e-01 1.76098943e-02 1.74692512e-01
    5.22243261e-01 8.61394227e-01 5.01303554e-01 6.97847247e-01
    1.92692876e-01 9.51808214e-01 1.92765921e-01 6.68247461e-01
    1.43541694e-02 1.49394184e-01 7.26560235e-01 7.46106148e-01
    8.93113732e-01 2.21971869e-02 8.26310098e-01 3.57027382e-01
    6.31986201e-01 1.40500396e-01 1.44180208e-01 4.47714686e-01
    1.28517032e-01 4.22353923e-01 3.49612206e-01 4.54580039e-01
    1.13018930e-01 6.68000162e-01 8.09053421e-01 7.34594584e-01
    2.60909855e-01 1.27964914e-01 1.31314218e-01 8.15665841e-01
    3.16057354e-01 4.02520120e-01 4.92684722e-01 9.99388814e-01
    7.00325847e-01 1.74127340e-01 9.69368577e-01 5.77067912e-01
    4.93948340e-01 7.56659150e-01 1.59091502e-01 4.64888513e-02
    8.63170385e-01 7.87075639e-01 8.15268159e-02 8.75832736e-02
    7.89613783e-01 5.74221969e-01 1.54981315e-02 8.53803456e-01
    1.14437252e-01 5.13143778e-01 1.32910013e-01 4.07120049e-01
    4.36987668e-01 4.28720117e-02 4.89580154e-01 7.15999603e-01
    7.11315811e-01 1.56909913e-01 1.88079476e-02 3.74187648e-01
    5.97919405e-01 4.52931821e-02 9.68358994e-01 9.25879478e-02
    4.32505816e-01 6.08330667e-02 6.27910852e-01 1.20668799e-01
    4.45188075e-01 2.85287201e-01 1.97008371e-01 7.07067490e-01
    3.64070356e-01 4.65936989e-01 4.92726028e-01 8.63774180e-01
    4.21145707e-01 7.12924123e-01 5.67820907e-01 6.02178633e-01
    9.54799652e-01 4.14168984e-01 3.36407900e-01 3.27442378e-01
    4.85359132e-02 7.71381140e-01 1.48697764e-01 5.96319437e-01
    7.29918540e-01 9.55155134e-01 1.67885184e-01 3.26147139e-01
    9.14162993e-02 7.00155497e-01 7.86064506e-01 6.69926643e-01
    4.49235678e-01 2.12011039e-02 7.56125689e-01 5.78986764e-01
    5.23351490e-01 6.99368238e-01 9.01763320e-01 5.37604332e-01
    9.32227314e-01 5.28553784e-01 1.21818304e-01 2.60533929e-01
    1.30150288e-01 6.24928355e-01 2.22419441e-01 3.56107235e-01
    6.16438568e-01 9.52648640e-01 5.85429549e-01 7.37741649e-01
    3.96560669e-01 6.78413510e-02 6.48525894e-01 8.55652213e-01
    9.90351617e-01 1.95345849e-01 2.51626432e-01 8.57685328e-01
    6.26853704e-01 5.51403582e-01 8.26514840e-01 9.71311033e-01
    8.01617980e-01 5.98432302e-01 5.52751958e-01 9.39473212e-01
    1.90719426e-01 1.43779665e-01 3.19830835e-01 9.47152972e-01
    6.87950611e-01 4.87505257e-01 2.08664298e-01 7.63334036e-02
    8.82340133e-01 9.50759292e-01 8.39773595e-01 7.53087401e-01
    6.80673242e-01 4.15557921e-02 5.11221886e-02 9.24223304e-01
    7.57700920e-01 8.82824421e-01 6.45441175e-01 4.36989814e-01
    5.49812734e-01 3.82421613e-02 3.13166082e-02 1.85074180e-01
    4.96581286e-01 1.67156279e-01 1.94209695e-01 6.41116619e-01
    4.64475811e-01 2.74066508e-01 2.66650707e-01 3.02128375e-01
    9.15509582e-01 6.21752858e-01 4.95644987e-01 2.08463490e-01
    7.21398830e-01 6.23402297e-02 4.81832862e-01 5.06303489e-01
    7.02649474e-01 7.80881166e-01 2.41304994e-01 8.81908357e-01
    5.50540745e-01 7.16076255e-01 1.55459255e-01 5.80235422e-02
    7.05143094e-01 2.66668528e-01 8.75166774e-01 7.61196375e-01
    8.34463239e-01 2.44437009e-01 1.63132012e-01 4.70440984e-01
    5.94752312e-01 4.36107218e-01 5.45032084e-01 9.68584418e-01
    7.76245236e-01 4.89436626e-01 4.67618704e-01 6.66617155e-01
    7.62905478e-01 3.50732505e-02 4.68672901e-01 7.01891184e-01
    5.29642582e-01 1.41972274e-01 2.79503465e-01 2.79866636e-01
    6.78619027e-01 5.15448809e-01 3.93036813e-01 5.36193311e-01
    2.79550970e-01 3.08139026e-01 8.90460014e-02 6.92814231e-01
    7.57031679e-01 2.43695885e-01 3.38948846e-01 7.76490092e-01
    5.27933061e-01 9.58437741e-01 4.07827109e-01 5.71222782e-01
    2.01672405e-01 3.13205242e-01 5.13809383e-01 9.98540878e-01
    6.86906338e-01 4.34200764e-02 4.29311633e-01 7.13606954e-01
    8.67690206e-01 5.61505914e-01 1.08962297e-01 6.60566747e-01
    5.22858739e-01 8.28890324e-01 3.21723729e-01 4.10086334e-01
    9.27494049e-01 3.90683979e-01 6.94125891e-03 2.91562378e-01
    4.99068111e-01 4.82760131e-01 7.38567889e-01 1.75085694e-01
    9.42539930e-01 1.94854438e-01 1.88844740e-01 3.84917259e-01
    4.52957541e-01 6.98794603e-01 8.83974552e-01 4.93541330e-01
    2.54145384e-01 8.77497733e-01 1.70242757e-01 2.89550304e-01
    8.33958149e-01 6.45159483e-01 3.60615045e-01 2.89769888e-01
    5.27035832e-01 3.53473634e-01 2.44805902e-01 8.80913496e-01
    7.22886801e-01 2.84188449e-01 3.56610179e-01 4.50230569e-01
    4.64251518e-01 7.89281726e-02 7.53785968e-01 2.11466253e-02
    4.08071399e-01 7.69251287e-02 9.92313445e-01 3.82602274e-01
    1.82894766e-02 1.93587899e-01 8.74091625e-01 1.16064876e-01
    8.82964194e-01 9.57705736e-01 3.42815697e-01 7.49541461e-01
    9.00104165e-01 4.98018026e-01 4.05854017e-01 3.23772371e-01
    9.73239541e-01 3.32521260e-01 4.46639419e-01 3.17046642e-02
    3.65274847e-02 9.15759861e-01 6.93386734e-01 9.25541520e-01
    2.26243854e-01 5.11745751e-01 5.47053933e-01 4.59826589e-02
    2.89143324e-02 2.81910598e-02 6.60489440e-01 1.80429041e-01
    8.75605583e-01 2.46508390e-01 2.13074952e-01 9.04944658e-01
    5.56479394e-01 1.59375310e-01 1.56528234e-01 8.55000377e-01
    3.12334538e-01 1.35436654e-02 4.47970331e-01 4.64728922e-01
    7.23622620e-01 3.82885426e-01 7.01631308e-01 4.09618437e-01
    5.66629827e-01 7.49794126e-01 1.43225998e-01 6.47464991e-01
    1.72694623e-02 9.75999951e-01 2.65235782e-01 9.98332977e-01
    7.11561143e-01 1.16488755e-01 3.86375725e-01 5.74467897e-01
    8.16599071e-01 3.13713908e-01 1.08326524e-01 4.93320942e-01
    2.84783840e-01 3.40207726e-01 5.07099986e-01 5.83688974e-01
    1.73408687e-02 5.74519694e-01 9.90180910e-01 2.05395013e-01
    9.89496410e-02 8.82862687e-01 2.82569528e-02 4.56794620e-01
    4.57663834e-02 6.60186052e-01 2.84541994e-01 8.13918889e-01
    7.74752975e-01 5.78074098e-01 7.57259607e-01 5.80812514e-01
    5.50111711e-01 3.45916569e-01 3.61373842e-01 4.50978875e-02
    3.70456696e-01 6.99707806e-01 8.43515515e-01 1.71683073e-01
    5.35749137e-01 2.78089583e-01 8.92541409e-01 7.92923272e-01
    6.44822299e-01 4.97730225e-01 2.16827989e-02 5.80423415e-01
    5.63107312e-01 3.54819655e-01 6.97134435e-01 2.75965273e-01
    4.38996047e-01 1.46052778e-01 5.88307738e-01 3.95694077e-01
    6.32939637e-01 1.97845697e-02 8.34313035e-02 5.14578819e-01
    4.69999015e-02 9.59557295e-01 7.63431668e-01 6.30025506e-01
    2.66407788e-01 6.83346629e-01 8.11106682e-01 9.11572158e-01
    7.89502025e-01 3.56208950e-01 4.30342287e-01 6.90843523e-01
    9.50291038e-01 1.18808150e-02 3.52978826e-01 3.15193653e-01
    8.22102785e-01 8.01997483e-01 3.21294725e-01 2.16981173e-01
    3.75915349e-01 3.52833092e-01 6.07466996e-02 3.47095817e-01
    8.08310151e-01 3.97139400e-01 5.91138244e-01 4.49568391e-01
    4.67726588e-02 6.59651875e-01 6.40815973e-01 6.63263023e-01
    7.58757114e-01 7.91416049e-01 7.25325406e-01 9.15627241e-01
    5.00841796e-01 7.05511212e-01 7.84552515e-01 7.72127509e-01
    3.46871853e-01 3.95033181e-01 5.60606122e-01 4.43323731e-01
    3.92976344e-01 1.51218683e-01 8.57104063e-01 1.86681002e-01
    2.93940663e-01 2.37320751e-01 6.82380915e-01 4.82250690e-01
    8.78946006e-01 4.25030947e-01 9.16043222e-02 7.44779408e-01
    6.87030256e-01 9.93362665e-01 6.21677518e-01 2.63348937e-01
    2.03609765e-02 1.89525962e-01 1.85718089e-01 1.03157818e-01
    4.17677552e-01 9.24296379e-01 8.61957669e-03 5.62150002e-01
    1.36097729e-01 6.76403224e-01 6.94370568e-01 6.62340403e-01
    6.15939796e-01 4.89889383e-02 1.24101311e-01 8.96687686e-01
    5.14646471e-01 4.41970438e-01 2.69679129e-01 3.85727882e-01
    8.06802094e-01 1.96080506e-02 6.98044121e-01 9.28849041e-01
    4.14387465e-01 3.00255090e-01 5.70822537e-01 7.66460061e-01
    6.23410046e-01 7.81857133e-01 1.72296852e-01 6.72621727e-01
    5.02310395e-01 6.03637815e-01 2.32571065e-02 4.28161502e-01
    8.49397540e-01 7.43212402e-01 9.11393762e-03 6.60081267e-01
    4.63103652e-02 4.41675723e-01 6.24286592e-01 8.66003931e-01
    2.07576245e-01 5.97745180e-01 8.61865997e-01 5.81141412e-01
    9.96987104e-01 3.31917703e-02 4.03627574e-01 8.10840487e-01
    3.48013252e-01 8.83975565e-01 3.33719909e-01 3.00268322e-01
    7.03830481e-01 8.40535760e-01 6.10727191e-01 1.78412884e-01
    8.58575821e-01 2.25622356e-01 4.88129020e-01 8.55459213e-01
    5.45509100e-01 1.38810366e-01 1.64279878e-01 5.93705237e-01
    5.54293156e-01 4.97426093e-01 4.56984043e-02 6.97796047e-01
    1.19452178e-01 7.67120242e-01 8.40678215e-01 8.72596383e-01
    8.44516754e-02 3.62858176e-01 6.52421772e-01 7.91366339e-01
    2.88200378e-02 3.73056740e-01 1.00097537e-01 3.15483510e-02
    5.38820684e-01 8.14166784e-01 4.73268032e-01 1.92186117e-01
    7.17738807e-01 7.29167163e-02 1.00427270e-02 4.94830340e-01
    7.48951197e-01 5.02063632e-01 8.65641057e-01 1.23594612e-01
    7.07943559e-01 5.01827538e-01 5.78079581e-01 7.29169130e-01
    4.97400165e-01 4.77503419e-01 9.55099761e-01 1.97589099e-01
    8.92912745e-01 2.60845661e-01 4.27907735e-01 9.02315617e-01
    2.22594351e-01 8.26187909e-01 2.05441117e-01 9.17941689e-01
    6.49618983e-01 2.09554136e-02 8.08630705e-01 5.14679730e-01
    3.41793537e-01 8.71157289e-01 8.20715666e-01 7.63489306e-02
    1.88930124e-01 1.45811230e-01 9.56971884e-01 3.56569082e-01
    1.96651518e-01 6.67418361e-01 8.98283124e-01 6.54024720e-01
    1.52935714e-01 2.00285971e-01 5.21884620e-01 2.88057923e-01
    4.89726722e-01 4.81261700e-01 1.56646550e-01 4.80632395e-01
    5.58518946e-01 7.79169202e-01 7.86045134e-01 7.62129664e-01
    9.55908895e-01 6.19495511e-01 3.56666505e-01 2.47936934e-01
    2.41107225e-01 9.64575052e-01 3.88698012e-01 4.88711536e-01
    3.10504854e-01 5.03405988e-01 4.51758444e-01 7.41251707e-01
    7.83292651e-01 8.15886736e-01 9.38361466e-01 8.77130210e-01
    4.16197777e-02 1.65356576e-01 8.70837450e-01 7.61114359e-01
    9.17191148e-01 5.88993311e-01 7.34411001e-01 6.98766589e-01
    8.74021649e-02 6.75075173e-01 4.85014260e-01 4.40846831e-01
    1.24919653e-01 8.29627573e-01 4.11583483e-01 8.83356214e-01
    5.92727244e-01 8.81751895e-01 8.11160564e-01 4.81945395e-01
    1.66868955e-01 8.11589360e-01 8.79812241e-01 4.26292807e-01
    5.59138536e-01 3.37168306e-01 7.74905920e-01 3.41626704e-01
    7.12473571e-01 4.82045054e-01 8.82973671e-01 4.69145268e-01
    3.39897513e-01 1.79249495e-01 7.36990392e-01 3.76055539e-02
    8.18731010e-01 2.49338001e-01 6.47915781e-01 1.20588541e-01
    6.31645620e-02 3.06849420e-01 7.29782939e-01 6.71974063e-01
    8.09614241e-01 3.60722899e-01 8.55159879e-01 1.96758270e-01
    3.10580462e-01 2.45292276e-01 9.92347419e-01 8.92681062e-01
    2.88872898e-01 6.54156864e-01 9.26149189e-01 5.54453969e-01
    3.90303433e-02 5.43583095e-01 9.71690476e-01 1.14247322e-01
    1.18760824e-01 1.10109270e-01 1.60599351e-02 1.11502111e-01
    8.27519417e-01 3.42380881e-01 2.85839379e-01 6.35840237e-01
    9.66985822e-01 8.87799203e-01 3.97515655e-01 2.51277745e-01
    2.01287299e-01 1.37082130e-01 3.42791378e-01 2.31264234e-02
    2.39424676e-01 1.67883784e-01 5.42164743e-01 9.37453091e-01
    8.07181478e-01 8.97352815e-01 2.28469998e-01 7.33862519e-01
    2.18701690e-01 8.37446928e-01 5.43085515e-01 3.43991458e-01
    5.12859046e-01 2.43093580e-01 9.30852711e-01 9.17334199e-01
    1.85203582e-01 8.75198722e-01 6.08436346e-01 9.45788980e-01
    5.32172620e-01 1.93269968e-01 8.89785767e-01 8.88111472e-01
    3.42706561e-01 2.26513207e-01 9.35971856e-01 9.03813839e-02
    9.45456564e-01 7.90152550e-02 7.88241923e-01 9.91504431e-01
    2.11044967e-01 7.90962279e-01 2.96719849e-01 7.79596686e-01
    7.43325055e-01 6.71882689e-01 3.64796489e-01 4.25743908e-01
    7.74737179e-01 5.81663251e-01 6.32742047e-01 5.13461709e-01
    8.47604632e-01 2.31272966e-01 8.00357699e-01 6.14919722e-01
    5.88217378e-03 4.83920991e-01 8.88518810e-01 6.85791492e-01
    4.66240138e-01 3.27141285e-02 8.86917889e-01 2.84711123e-01
    5.22027731e-01 4.78445202e-01 8.02204907e-02 7.60381818e-01
    9.87955451e-01 5.02448440e-01 2.74098217e-02 7.92342663e-01
    8.28687489e-01 8.93834352e-01 8.58298182e-01 4.90608543e-01
    2.27241099e-01 4.97463197e-01 4.39350575e-01 3.56776357e-01
    6.21847332e-01 1.02203876e-01 5.63061774e-01 9.90093768e-01
    5.29602110e-01 9.32946086e-01 2.70229578e-02 7.95324445e-01
    6.63092256e-01 2.78763980e-01 5.12135088e-01 3.49970192e-01
    7.18302608e-01 4.73379403e-01 1.71059906e-01 4.22736406e-02
    6.16298437e-01 1.66317612e-01 8.98764729e-01 3.02753448e-01
    8.27983081e-01 6.48208022e-01 3.27469707e-01 9.96898532e-01
    7.01486528e-01 4.77719396e-01 9.24973726e-01 6.41706049e-01
    6.45768821e-01 7.10295618e-01 5.66061854e-01 4.96519208e-01
    8.19969475e-02 9.21564102e-02 7.02386379e-01 2.63280869e-02
    6.59272611e-01 1.41541481e-01 6.59286082e-01 7.55075097e-01
    4.80642080e-01 1.33705705e-01 6.26684487e-01 8.36280048e-01
    9.97578621e-01 1.82516694e-01 3.84729922e-01 2.54695296e-01
    7.81722963e-01 9.40493643e-01 8.35739851e-01 7.74219573e-01
    4.45942163e-01 2.51013726e-01 6.34131491e-01 3.51782441e-01
    1.99992955e-02 4.16006118e-01 9.28486228e-01 6.68636858e-01
    6.05587423e-01 7.58935094e-01 9.99745905e-01 8.16111088e-01
    6.79110646e-01 4.16241884e-02 7.51010776e-01 9.29052949e-01
    4.00540411e-01 4.70217317e-01 5.07293046e-02 7.07346857e-01
    9.88959789e-01 3.79380703e-01 8.18541408e-01 1.90960377e-01
    6.65422142e-01 1.40859544e-01 9.97192621e-01 8.64977121e-01
    2.00236529e-01 5.81781685e-01 7.60539651e-01 4.14299965e-02
    4.37825531e-01 6.03040516e-01 5.55938184e-01 5.18665493e-01
    1.36009216e-01 7.28213429e-01 8.48222613e-01 7.90175200e-01
    6.82028770e-01 7.44931757e-01 1.70154780e-01 6.01300895e-02
    7.57140160e-01 4.53574240e-01 2.05352396e-01 9.96619701e-01
    9.16963756e-01 7.49511182e-01 4.94517148e-01 9.26210880e-02
    9.69519913e-02 3.83243442e-01 9.40158844e-01 9.23442006e-01
    7.04772174e-02 6.87703371e-01 3.92284781e-01 4.89008844e-01
    4.28119808e-01 7.37309873e-01 1.69012874e-01 6.18493974e-01
    8.18147480e-01 9.71328497e-01 7.96000957e-01 4.69204992e-01
    2.93165624e-01 6.93270206e-01 6.46432936e-01 3.01618278e-01
    1.58691525e-01 1.12668008e-01 9.09661651e-01 8.70492458e-01
    4.34180558e-01 4.11860377e-01 6.87521338e-01 2.36938804e-01
    1.07923985e-01 8.84953260e-01 4.11743730e-01 9.85683680e-01
    4.63495225e-01 1.35098279e-01 1.38763487e-02 4.93863791e-01
    1.96861118e-01 1.70976073e-01 7.91625023e-01 4.94607300e-01
    9.69749451e-01 2.31651485e-01 5.16505778e-01 4.08030272e-01
    4.99212891e-01 3.90221745e-01 3.55219305e-01 5.40421307e-01
    9.76683199e-01 8.26677680e-01 5.09372354e-01 2.01399207e-01
    3.55197608e-01 6.82683229e-01 2.96864510e-01 6.60913587e-02
    7.79861689e-01 7.99994111e-01 7.86217093e-01 9.67230320e-01
    6.79578424e-01 8.76466155e-01 7.50027299e-02 8.99795651e-01
    9.98338997e-01 5.77268720e-01 3.32906842e-03 3.85543346e-01
    8.42411399e-01 3.29497993e-01 4.21142697e-01 8.12575579e-01
    8.71682167e-01 1.15206987e-01 1.21692121e-02 5.18578887e-01
    7.78125644e-01 1.03526086e-01 1.22256756e-01 6.24852479e-01
    9.26133752e-01 7.94034004e-01 9.80977774e-01 2.27076769e-01
    8.38286281e-02 5.52458227e-01 2.40508616e-01 1.74412429e-02
    5.11322737e-01 9.34652388e-02 2.41873235e-01 9.69233751e-01
    2.54161775e-01 5.50613880e-01 5.84854484e-01 8.20565104e-01
    4.06465948e-01 7.63785303e-01 3.74874234e-01 2.12735981e-01
    2.17797160e-02 5.45673251e-01 2.35121667e-01 3.31955552e-01
    5.27771831e-01 9.10016716e-01 4.69124407e-01 4.91068274e-01
    3.23460817e-01 4.00756061e-01 5.66317797e-01 8.36037159e-01
    2.56305635e-01 4.00676370e-01 5.73819876e-01 9.31175768e-01
    8.91564786e-01 8.11870039e-01 3.11417729e-01 1.61383808e-01
    7.67596126e-01 8.48902643e-01 4.18309987e-01 7.06533968e-01
    9.97412205e-01 5.90884566e-01 3.16443443e-01 5.32242358e-01
    7.35035121e-01 6.83977604e-02 9.65644121e-02 9.14784908e-01
    8.56199503e-01 6.66498482e-01 7.91498661e-01 6.91873431e-01
    3.07822526e-02 5.53861856e-01 3.10961962e-01 9.02642965e-01
    7.41240382e-02 6.11637354e-01 6.22190833e-02 1.48584306e-01
    1.98235571e-01 7.87033439e-01 5.83982587e-01 5.39957702e-01
    9.64366436e-01 7.87236094e-01 5.49194813e-01 5.46042740e-01
    9.18288589e-01 6.12843215e-01 1.76890403e-01 1.05948120e-01
    8.88276100e-02 9.04534459e-02 1.14976794e-01 3.37329656e-01
    7.31969178e-01 7.27219820e-01 7.32221603e-01 9.87551212e-01
    4.59187210e-01 2.37035662e-01 1.85344487e-01 9.19038534e-01
    9.62530732e-01 3.01968634e-01 1.16784573e-02 1.34376526e-01
    1.75124764e-01 8.73679996e-01 6.88029647e-01 4.37614471e-01
    4.60874081e-01 2.93698907e-01 4.32118595e-01 9.01502907e-01
    1.90190464e-01 8.86765301e-01 2.22793221e-02 1.09977812e-01
    5.87484956e-01 5.63616753e-02 5.26221693e-01 3.31159711e-01
    9.33797359e-02 2.73521841e-01 6.57340825e-01 1.41570508e-01
    6.63654745e-01 7.46447265e-01 1.51218832e-01 7.58317709e-01
    7.43094862e-01 7.19249249e-03 6.20676517e-01 7.27080941e-01
    4.90745038e-01 5.39329052e-01 2.03345269e-01 3.51278186e-01
    6.52933002e-01 7.65151799e-01 9.62401748e-01 3.92153889e-01
    7.67841041e-02 5.38540006e-01 3.68100345e-01 5.53853333e-01
    2.61505604e-01 6.78295493e-02 3.39027792e-01 7.08805501e-01
    5.96694171e-01 3.88110369e-01 5.99597752e-01 9.97632504e-01
    3.65935594e-01 6.28621280e-01 3.14624429e-01 6.73950732e-01
    7.29852974e-01 7.84768343e-01 6.43856287e-01 7.37832367e-01
    6.42422974e-01 8.01188648e-02 6.62745953e-01 4.55273151e-01
    8.41765285e-01 7.22676516e-01 7.87421346e-01 5.95174491e-01
    1.59920156e-02 9.83113050e-01 3.97687435e-01 6.69340372e-01
    7.82922208e-01 1.85451955e-01 3.02263796e-02 7.79734075e-01
    7.00876951e-01 7.08314359e-01 7.76762664e-02 4.50501651e-01
    5.15133679e-01 5.68228245e-01 7.85646796e-01 9.64333773e-01
    1.60941631e-01 6.02528453e-01 4.20677483e-01 4.90294188e-01
    3.27957511e-01 9.11034822e-01 4.04149890e-02 3.90003979e-01
    2.86906868e-01 2.23728269e-01 3.02898228e-01 8.63343477e-04
    1.06392920e-01 8.22940767e-01 9.77895737e-01 5.83378077e-01
    3.64059389e-01 8.47912908e-01 4.25399154e-01 1.27049804e-01
    7.20928431e-01 2.78007448e-01 4.49178338e-01 3.54324520e-01
    6.42688870e-01 4.54339892e-01 5.53213716e-01 2.70356536e-02
    7.73272932e-01 9.85672116e-01 2.02004135e-01 3.97149622e-01
    6.18190646e-01 5.83358645e-01 4.15155888e-01 5.15081286e-01
    8.62243950e-01 6.52916193e-01 2.81958342e-01 6.94707572e-01
    4.52302098e-01 4.83070523e-01 8.84099841e-01 8.09886575e-01
    3.30428541e-01 2.08978444e-01 2.89381087e-01 9.79583979e-01
    1.68472111e-01 7.89150953e-01 7.26218224e-01 3.93206894e-01
    8.58727515e-01 4.99705821e-01 7.32320309e-01 9.82447684e-01
    5.04716456e-01 8.53287160e-01 6.83209777e-01 3.35456818e-01
    6.20463371e-01 5.17193675e-01 3.59692574e-01 1.08088195e-01
    6.40196204e-01 9.20965552e-01 5.36736906e-01 1.91714168e-01
    3.18518281e-02 3.07680309e-01 5.86527526e-01 1.53873771e-01
    3.35466564e-01 9.54630435e-01 6.29661679e-01 2.83082575e-01
    6.61247015e-01 2.74742126e-01 5.77511191e-02 7.79590130e-01
    7.03680575e-01 2.74688929e-01 7.79024482e-01 5.65543473e-01
    2.90850878e-01 7.45670199e-01 3.36344540e-02 5.74911237e-01
    1.60278112e-01 3.78293395e-02 2.87340641e-01 7.72079825e-03
    3.11201751e-01 6.45282269e-02 2.00109720e-01 2.07703829e-01
    9.80061114e-01 1.06456816e-01 2.04341620e-01 2.89137393e-01
    2.80125558e-01 9.17869389e-01 7.09660709e-01 6.12364590e-01
    9.97105539e-02 8.08161974e-01 3.05800527e-01 5.57606220e-01
    5.17973959e-01 5.74887633e-01 2.15658158e-01 2.34906018e-01
    4.20096785e-01 3.57228994e-01 1.26601368e-01 5.57933033e-01
    2.05828935e-01 7.89035439e-01 6.59753501e-01 3.15088749e-01
    6.97572708e-01 3.34334791e-01 7.15169132e-01 5.89261949e-01
    5.23704290e-01 2.81791329e-01 1.75305367e-01 7.12584376e-01
    2.88620889e-01 8.78262281e-01 4.71498430e-01 7.76721597e-01
    5.04903376e-01 1.41629308e-01 8.22962224e-02 9.43476558e-02
    7.37826228e-01 1.20383143e-01 5.50528169e-02 8.56583118e-01
    5.13219059e-01 4.28432226e-03 8.07353735e-01 9.28846121e-01
    5.07539034e-01 2.83891976e-01 4.69165862e-01 3.04470032e-01
    2.21103936e-01 7.32853889e-01 9.94719803e-01 5.98906755e-01
    4.65560734e-01 5.33740938e-01 5.27757347e-01 2.99074709e-01
    5.09692669e-01 4.38657165e-01 5.85052133e-01 2.53923416e-01
    9.76859570e-01 8.14935207e-01 9.93654132e-01 4.16869521e-01
    7.66373038e-01 3.33594203e-01 3.53418291e-01 7.61667013e-01
    7.18819857e-01 8.00484776e-01 4.20557857e-02 5.08179963e-02
    2.12197781e-01 2.29036450e-01 3.97234887e-01 3.28500986e-01
    7.55420208e-01 3.12110484e-01 8.03846478e-01 7.78398275e-01
    3.43886673e-01 1.46683902e-01 8.99204850e-01 2.95956522e-01
    6.60352707e-01 2.22313881e-01 6.09518647e-01 3.57940674e-01
    9.57181036e-01 9.82138395e-01 3.82451713e-01 3.46298426e-01
    4.19441223e-01 9.99663234e-01 8.75777602e-01 6.21520102e-01
    7.99314260e-01 2.98064351e-02 8.61974061e-02 9.77883697e-01
    2.42411554e-01 2.22535372e-01 9.39558983e-01 2.99854994e-01
    7.28927135e-01 8.00692260e-01 9.02842999e-01 6.33757174e-01
    8.44323874e-01 2.22471744e-01 2.04274595e-01 6.97309494e-01
    2.53580749e-01 3.31553966e-01 3.69781464e-01 5.92289329e-01
    6.58009291e-01 1.89634204e-01 5.44855773e-01 5.84627032e-01
    1.34791583e-01 2.91966081e-01 2.89424747e-01 9.46839392e-01
    4.01746750e-01 5.52395761e-01 3.63626182e-01 4.98187691e-01
    3.60047549e-01 3.06689620e-01 3.40842962e-01 6.82432890e-01
    8.85841250e-01 3.37405860e-01 4.24389541e-02 6.33115292e-01
    3.79550159e-02 9.34753120e-02 7.19595909e-01 1.79831147e-01
    1.77223772e-01 5.11009634e-01 4.59058493e-01 8.00791144e-01
    9.98501301e-01 4.64651585e-01 3.23149055e-01 6.11142397e-01
    4.03375626e-01 8.65560472e-01 9.93435740e-01 1.51852965e-01
    9.03668165e-01 7.58205414e-01 3.78010184e-01 4.42735046e-01
    9.89059567e-01 9.84305143e-03 2.11424619e-01 4.44052845e-01
    1.55330598e-01 1.86168700e-01 3.25600028e-01 5.25526285e-01
    1.80784345e-01 9.59527373e-01 2.33413875e-01 9.63445783e-01
    7.15129733e-01 7.14135885e-01 3.28085840e-01 6.46216989e-01
    4.22461927e-01 4.18981612e-01 8.83142352e-01 5.56676269e-01
    7.00216532e-01 9.37470078e-01 9.19535220e-01 6.21337175e-01
    8.22978020e-01 6.22022748e-01 1.03621244e-01 3.63725722e-01
    7.46329188e-01 2.04856217e-01 8.19755435e-01 3.00237417e-01
    1.94862485e-03 2.53442079e-01 9.98640954e-01 9.84804213e-01
    1.23488307e-02 7.91952968e-01 8.76622796e-01 6.75150752e-02
    4.21637714e-01 3.71344268e-01 9.08133745e-01 5.63394189e-01
    6.65849805e-01 9.39230621e-02 3.97547632e-01 2.29990512e-01
    7.13780940e-01 2.81887412e-01 1.94667816e-01 2.68770278e-01
    1.49914920e-01 9.91694212e-01 8.67238939e-02 2.79857516e-01
    9.41896081e-01 5.80099761e-01 1.98743105e-01 8.34313393e-01
    6.76376820e-01 1.07737064e-01 5.80983281e-01 2.18973875e-01
    2.56144166e-01 9.48929906e-01 7.46976435e-02 5.75766325e-01
    6.76724434e-01 3.70367765e-01 8.55982423e-01 5.17369807e-01
    3.52938533e-01 6.34393930e-01 8.69937539e-01 5.14111042e-01
    2.41184920e-01 5.50467253e-01 5.54902256e-01 9.40402150e-02
    1.70168281e-01 2.37593412e-01 1.40426069e-01 2.99830198e-01
    6.17217541e-01 6.33395553e-01 5.88277102e-01 3.88682246e-01
    9.95688915e-01 8.64326417e-01 2.14490473e-01 9.62571979e-01
    5.92656732e-01 5.59372604e-01 5.69315612e-01 8.25378180e-01
    9.80947018e-01 9.76294279e-02 7.02407062e-01 5.27267337e-01
    2.97886133e-01 2.30566770e-01 4.62618172e-01 8.68827641e-01
    9.36388850e-01 1.08334154e-01 2.75767744e-01 3.63730550e-01
    7.24331260e-01 9.39257085e-01 3.61802220e-01 9.74997640e-01
    9.64404643e-01 8.67994308e-01 9.00878072e-01 1.53038800e-01
    4.59805518e-01 9.88193870e-01 1.43643081e-01 3.94862890e-02
    3.19196939e-01 9.89826202e-01 7.01577187e-01 2.31432140e-01
    2.52543688e-01 7.41914213e-02 5.04962802e-01 3.25864077e-01
    2.71092504e-01 3.34020376e-01 5.81087232e-01 2.88409352e-01
    1.83754653e-01 2.62209177e-02 8.11203361e-01 5.88776708e-01
    1.98579371e-01 1.55074596e-01 8.49528313e-01 8.14539433e-01
    1.09653413e-01 7.64389217e-01 3.25467587e-02 8.11112642e-01
    1.13619864e-02 7.88505435e-01 5.29561043e-01 3.23344469e-01
    3.27172279e-01 1.33759469e-01 4.84430909e-01 3.01956296e-01
    5.02469182e-01 5.02436996e-01 7.14979649e-01 6.45033240e-01
    7.58023441e-01 6.75106108e-01 4.91558582e-01 8.05513322e-01
    8.03335309e-01 9.79034245e-01 7.93612063e-01 2.14020908e-02
    2.87232310e-01 3.65444809e-01 3.72422129e-01 7.83445120e-01
    2.89310843e-01 2.50344753e-01 6.26108944e-02 8.85723114e-01
    4.32878017e-01 2.40755618e-01 3.99753332e-01 9.04636741e-01
    8.49172652e-01 8.07353258e-01 2.81448781e-01 2.50641048e-01
    1.11253262e-01 9.22834575e-02 6.20537639e-01 1.30282819e-01
    2.20844477e-01 7.69806623e-01 4.93489414e-01 8.65007341e-02
    6.59065545e-02 5.11941612e-01 8.07507873e-01 8.19756627e-01
    7.45890021e-01 3.50245118e-01 9.02421832e-01 6.49874926e-01
    9.65067744e-03 3.43806803e-01 2.48503655e-01 4.86270219e-01
    7.67012715e-01 1.83918297e-01 4.71462190e-01 4.27739620e-02
    6.08521104e-01 2.65788376e-01 7.34717488e-01 2.04020411e-01
    9.45183635e-03 9.90131795e-01 9.33774829e-01 4.79179323e-02
    4.02374625e-01 8.58557820e-01 6.72112584e-01 4.27660823e-01
    7.78584838e-01 1.69268250e-02 3.21374238e-01 9.72689033e-01
    6.31089389e-01 6.06307924e-01 1.69571638e-02 3.95886004e-01
    5.79529583e-01 1.42062664e-01 8.51761580e-01 9.38987851e-01
    6.25775337e-01 1.44228548e-01 3.63863856e-01 5.77929616e-01
    6.23959839e-01 7.49506176e-01 9.57327127e-01 1.82388306e-01
    9.47808027e-02 5.13287067e-01 2.37445831e-02 7.41823912e-01
    1.61264539e-01 9.99976218e-01 7.11587310e-01 7.53425479e-01
    7.30810165e-01 6.05565548e-01 4.64346230e-01 7.33748198e-01
    1.44762218e-01 9.61357355e-02 9.11092281e-01 1.40068144e-01
    1.16062433e-01 2.90574908e-01 9.87652242e-01 4.77734417e-01
    5.31669557e-02 9.84654665e-01 9.39941406e-03 2.83389986e-01
    4.75389510e-01 6.78372085e-01 1.51556671e-01 7.24243760e-01
    3.81063819e-02 5.50696611e-01 9.89133716e-01 1.29770517e-01
    2.62180269e-01 8.10672998e-01 3.20431083e-01 3.84292305e-02
    4.60822195e-01 1.24884546e-01 2.22988158e-01 8.17282140e-01
    7.37101912e-01 9.87777531e-01 3.77046049e-01 1.67831391e-01
    5.76611400e-01 3.40530872e-01 2.71930456e-01 8.78700733e-01
    1.13996655e-01 1.21581674e-01 6.54835522e-01 6.01728082e-01
    9.08047438e-01 6.52493656e-01 3.25979173e-01 3.87263536e-01
    6.55649006e-02 4.41082031e-01 9.98117626e-02 6.80954754e-01
    6.62618101e-01 4.50571477e-02 3.94301236e-01 4.66967195e-01
    6.72034740e-01 3.12449276e-01 2.01797843e-01 6.91341877e-01
    9.25510287e-01 1.81105554e-01 1.75086081e-01 7.67793357e-01
    9.75102782e-02 2.29885191e-01 6.91539109e-01 4.89559680e-01
    8.99041116e-01 6.97198033e-01 8.18511844e-01 3.23028773e-01
    1.95948839e-01 3.77685338e-01 4.20156777e-01 8.61496985e-01
    4.54299122e-01 9.78971958e-01 7.36903191e-01 8.38922024e-01
    5.26359856e-01 7.65120506e-01 3.64533097e-01 1.60342157e-02
    5.48296809e-01 2.32364267e-01 6.36894107e-01 8.18536818e-01
    6.47638321e-01 4.11501229e-02 3.65446031e-01 7.54116297e-01
    4.65144813e-01 9.56026316e-01 2.63365865e-01 6.31440997e-01
    5.73114514e-01 6.96958184e-01 9.56371129e-01 8.24994206e-01
    3.46322775e-01 4.19837922e-01 5.63381314e-02 7.11103857e-01
    5.76384068e-01 1.68231994e-01 1.05255097e-01 2.67437100e-02
    1.75411314e-01 9.47816849e-01 1.60705894e-01 2.79255569e-01
    8.44760716e-01 1.79822654e-01 8.32525969e-01 1.19581819e-01
    3.16772610e-01 3.80785733e-01 5.93848109e-01 4.26763952e-01
    7.16883838e-01 8.66067946e-01 1.32919014e-01 1.37038767e-01
    4.18429196e-01 1.37982607e-01 9.53056514e-02 5.72723269e-01
    7.41971850e-01 3.38259041e-02 8.80479693e-01 9.88431931e-01
    4.25915152e-01 9.60534573e-01 3.76705050e-01 9.55459833e-01
    7.59644747e-01 2.91464061e-01 4.88517880e-02 8.58444929e-01
    6.62306964e-01 2.65007108e-01 5.77993572e-01 4.15530205e-01
    4.68398362e-01 7.84049392e-01 2.54867077e-02 1.83366776e-01
    3.30529034e-01 9.42273200e-01 3.75268161e-01 2.88893521e-01
    3.70156884e-01 3.94295931e-01 3.20085257e-01 7.58770227e-01
    3.60357165e-01 2.56181717e-01 5.93971312e-01 2.57480145e-01
    2.21799195e-01 6.64103031e-01 6.25326037e-02 6.63484454e-01
    4.13828522e-01 2.80105919e-01 7.87394524e-01 5.12741506e-02
    4.61427510e-01 7.79087067e-01 1.58471942e-01 1.88338518e-01
    1.99064404e-01 4.71146017e-01 5.16455054e-01 9.55389678e-01
    9.80928540e-01 5.58348298e-01 9.94195938e-02 1.62319720e-01
    4.55196559e-01 5.77120304e-01 8.83710146e-01 1.19049489e-01
    7.92470872e-01 5.13162911e-01 2.13710755e-01 3.34747612e-01
    1.00061238e-01 8.69196415e-01 2.73806632e-01 1.06143951e-02
    9.54727590e-01 5.77631056e-01 9.17298794e-02 1.69791639e-01
    9.82965350e-01 9.85062599e-01 7.55681276e-01 7.88312912e-01
    8.19742441e-01 1.91638529e-01 1.56818509e-01 6.63241863e-01
    7.21428454e-01 5.01113534e-01 4.80774045e-02 1.78025216e-01
    5.27539015e-01 1.31893128e-01 5.20615518e-01 4.59726840e-01
    2.33538896e-01 7.07062483e-01 8.14660490e-01 6.12254441e-01
    2.96445966e-01 9.52997267e-01 4.60015655e-01 7.57136822e-01
    9.18913364e-01 1.88527793e-01 9.03887510e-01 6.14648104e-01
    8.30343723e-01 6.81792438e-01 5.15385628e-01 8.73616576e-01
    3.26043546e-01 1.06569946e-01 4.63789701e-01 4.54478532e-01
    7.93408155e-01 6.37171030e-01 4.35774714e-01 8.06387246e-01
    6.48729920e-01 5.77206075e-01 9.20019388e-01 8.36997032e-01
    2.07360983e-01 1.33637488e-01 7.65147924e-01 3.65844756e-01
    1.44056916e-01 8.29808831e-01 9.74219918e-01 8.49001288e-01
    1.65304571e-01 4.69025791e-01 3.48086119e-01 2.49583125e-01
    2.85917729e-01 4.47207600e-01 3.72368574e-01 1.16456866e-01
    3.45199943e-01 3.81355047e-01 4.09605026e-01 2.73057699e-01
    4.38117087e-02 4.02286023e-01 9.39573646e-02 1.85717106e-01
    9.86234784e-01 9.89499807e-01 8.91586661e-01 4.63566214e-01
    1.53344959e-01 9.21214461e-01 7.85747647e-01 8.91507626e-01
    3.59866023e-02 9.80726957e-01 4.20877039e-01 6.57437563e-01
    6.92413688e-01 2.85713911e-01 1.90110594e-01 5.28584421e-01
    1.58991367e-01 5.46817601e-01 7.40911603e-01 7.33365655e-01
    2.26385295e-01 7.41228104e-01 9.35801268e-01 1.85022801e-01
    9.09443796e-02 4.25533801e-01 6.11491799e-01 1.76286727e-01
    6.65703893e-01 7.07806051e-02 1.12445116e-01 1.77519262e-01
    7.33968794e-01 1.65091723e-01 7.94077754e-01 1.66056275e-01
    4.16903496e-01 2.19798982e-01 6.32014155e-01 2.26340860e-01
    9.00693893e-01 4.94707823e-01 2.05713332e-01 6.80925369e-01
    9.67941642e-01 7.51893222e-02 8.74920845e-01 7.49452710e-01
    3.71325016e-02 1.68911725e-01 2.98982680e-01 9.05662775e-03
    1.86744034e-01 7.15638399e-02 3.60277295e-01 9.52548623e-01
    7.71054387e-01 3.54753345e-01 6.50906801e-01 2.85615176e-01
    5.41353524e-02 6.36238635e-01 7.77307153e-03 9.73337889e-03
    2.42757350e-01 7.64582396e-01 7.72449970e-01 2.89657772e-01
    1.20892286e-01 1.47937477e-01 4.44468856e-03 1.49102807e-01
    2.09893227e-01 3.20277333e-01 1.51841015e-01 8.49029303e-01
    1.65455014e-01 9.07176554e-01 1.06538832e-01 1.41593397e-01
    3.62589210e-01 7.85435200e-01 3.14385951e-01 9.15616095e-01
    1.03045970e-01 8.29867423e-01 3.59079748e-01 5.45099974e-02
    6.65099800e-01 9.29933667e-01 1.68469936e-01 3.40029359e-01
    1.03336424e-01 2.72666782e-01 7.08516002e-01 6.77717030e-02
    1.39438897e-01 1.50287598e-01 1.69747740e-01 4.37765539e-01
    9.06750321e-01 7.65937567e-02 2.49860108e-01 6.11974061e-01
    8.02341104e-01 2.85610557e-01 7.98951566e-01 2.07543343e-01
    7.95552135e-01 2.00585097e-01 2.36423820e-01 6.63272262e-01
    9.23738360e-01 5.96381962e-01 2.50048906e-01 7.68813252e-01
    6.70908689e-01 6.11874998e-01 1.77713573e-01 3.19615901e-01
    2.50350535e-02 6.88731074e-01 3.74019861e-01 5.45742750e-01
    3.39976370e-01 4.42058146e-02 5.58414161e-02 5.97082853e-01
    8.73432398e-01 8.48340273e-01 9.68760252e-02 3.91466200e-01
    2.21291035e-01 4.13265675e-01 6.26091659e-01 4.58663464e-01
    1.23122305e-01 1.09841764e-01 7.98148274e-01 3.09234172e-01
    9.93403018e-01 3.93052101e-02 7.06689179e-01 2.08848566e-01
    1.52641177e-01 3.51117522e-01 6.21112883e-02 6.79081142e-01
    5.93917489e-01 2.92268097e-01 7.72969723e-01 5.85561335e-01
    2.63017774e-01 4.71171945e-01 5.28226495e-01 7.91949034e-02
    5.44551373e-01 8.27724040e-02 1.16618156e-01 8.10199022e-01
    4.70855385e-01 9.38013911e-01 3.96599591e-01 1.62074804e-01
    9.69841957e-01 4.69984233e-01 8.29430997e-01 6.91446066e-01
    7.44048655e-02 2.72182822e-01 3.11167747e-01 1.53196752e-01
    3.74892145e-01 5.39401889e-01 8.46633971e-01 5.83591044e-01
    8.38468313e-01 2.45962352e-01 4.13057506e-01 7.99490929e-01
    3.04817289e-01 3.30221087e-01 6.58909798e-01 3.28039646e-01
    2.11618602e-01 4.30894107e-01 9.38641906e-01 7.89325595e-01
    5.31656861e-01 4.89496678e-01 8.45190227e-01 3.81485224e-01
    7.84831464e-01 2.49823451e-01 6.88599467e-01 6.63581431e-01
    2.96839714e-01 8.01639736e-01 8.39012921e-01 2.48610675e-01
    8.74307513e-01 4.25914079e-01 4.23259556e-01 9.28888083e-01
    8.43316615e-01 7.76096642e-01 5.13408601e-01 9.45298433e-01
    6.21536076e-01 2.26196468e-01 3.78876626e-02 8.74316692e-01
    4.71864820e-01 2.54864454e-01 8.44329596e-01 1.37265861e-01
    4.52934593e-01 1.89960748e-01 6.37818873e-01 5.79779148e-01
    5.83854914e-01 9.09912229e-01 4.71335649e-01 3.54652554e-01
    9.93377328e-01 2.10854679e-01 4.03436661e-01 6.91101372e-01
    3.98397982e-01 4.17416185e-01 6.74798787e-01 6.00908697e-01
    8.27387691e-01 5.21814585e-01 2.64497608e-01 3.08181226e-01
    7.59366155e-02 8.54948223e-01 2.48063028e-01 7.73532152e-01
    6.73949659e-01 6.87023699e-01 2.66175896e-01 3.91572416e-02
    9.90380943e-01 5.28715789e-01 7.76168227e-01 6.90951049e-02
    2.33683735e-01 5.85036695e-01 8.34622502e-01 1.01379752e-01
    3.20562273e-01 6.93207264e-01 1.73876345e-01 8.73091221e-02
    9.60227132e-01 5.37876129e-01 4.93528962e-01 7.22194076e-01
    1.85056090e-01 5.95138550e-01 5.48029125e-01 8.90209198e-01
    5.23974240e-01 7.33586669e-01 7.37548649e-01 2.52931744e-01
    6.27396345e-01 5.15460968e-03 5.61577797e-01 3.55498195e-02
    6.63834691e-01 7.71357179e-01 2.45796114e-01 2.31970012e-01
    2.86624491e-01 5.55424631e-01 3.92533243e-01 9.57614839e-01
    5.40204644e-01 2.43571550e-01 7.75474668e-01 1.15441471e-01
    4.80001062e-01 7.96579540e-01 2.83518970e-01 6.32587135e-01
    1.80892378e-01 4.24055994e-01 8.24782848e-01 2.13922590e-01
    4.44619477e-01 1.66445553e-01 6.11356556e-01 4.68071103e-02
    6.30050957e-01 2.69278288e-02 1.42379045e-01 2.39661008e-01
    7.04105258e-01 6.30995035e-01 9.62569237e-01 2.45997697e-01
    6.98259473e-01 2.90883839e-01 4.21758294e-02 7.15572238e-01
    2.22397894e-01 7.52446413e-01 4.26364362e-01 3.22665900e-01
    3.63418460e-03 3.87545735e-01 6.14066780e-01 7.11616218e-01
    6.21696353e-01 5.96029639e-01 3.31244469e-01 1.93434328e-01
    4.66304272e-01 3.42271805e-01 3.93180013e-01 1.79294050e-01
    1.15633875e-01 1.92912221e-02 4.91268098e-01 7.37473071e-02
    1.95248634e-01 8.52858186e-01 6.10430896e-01 2.27615446e-01
    8.16442490e-01 3.59299779e-02 8.02344859e-01 5.40774405e-01
    2.83321530e-01 6.77602768e-01 2.49805748e-01 9.55094576e-01
    5.88572145e-01 1.31906658e-01 4.23402011e-01 1.46440178e-01
    8.53384197e-01 9.79754806e-01 5.94826639e-01 5.13697147e-01
    1.22998893e-01 4.66843635e-01 9.42156553e-01 9.75486636e-01
    6.04445815e-01 6.51632011e-01 6.56851888e-01 4.93537873e-01
    8.55844975e-01 7.80889153e-01 5.41193187e-02 8.41885686e-01
    6.46448493e-01 2.83944666e-01 7.01309681e-01 2.06993669e-01
    8.63910019e-01 1.07348084e-01 6.80180907e-01 4.68892425e-01
    6.19279206e-01 3.88545126e-01 1.55155659e-02 3.76364589e-02
    2.88964242e-01 5.83779633e-01 1.11472160e-01 3.79174918e-01
    2.93845445e-01 8.46104801e-01 6.85289860e-01 5.77708364e-01
    4.90235716e-01 7.60790169e-01 3.67790937e-01 1.47162378e-01
    6.30481064e-01 4.49339241e-01 9.54984307e-01 4.96221453e-01
    9.22878385e-02 4.35743093e-01 1.65832400e-01 6.72826588e-01
    5.45928895e-01 5.67600787e-01 2.49751329e-01 5.83026707e-02
    6.63746953e-01 6.51353776e-01 8.61421049e-01 2.62054205e-01
    1.73604190e-02 4.17156041e-01 5.43244720e-01 2.30062842e-01
    5.35671890e-01 1.53740346e-02 2.41647840e-01 5.75327814e-01
    6.61789060e-01 8.22122097e-01 3.88381869e-01 7.20053375e-01
    7.15462565e-01 4.05737400e-01 3.67393076e-01 6.17088974e-01
    7.67750025e-01 3.08009446e-01 2.40985304e-01 3.03272069e-01
    4.21240330e-01 3.02844971e-01 9.58024740e-01 2.02301890e-01
    9.78119969e-01 1.91781819e-02 1.99059308e-01 4.41047311e-01
    9.08870101e-02 5.04103541e-01 2.61202514e-01 2.82111943e-01
    3.02673340e-01 5.12834430e-01 9.44179177e-01 7.90093303e-01
    8.06634426e-02 2.90312290e-01 7.03016400e-01 6.46573544e-01
    4.45474297e-01 4.90817875e-01 6.57822132e-01 5.80023348e-01
    3.16015303e-01 6.09173298e-01 5.78025639e-01 9.02851582e-01
    2.22359151e-01 4.46403891e-01 4.54624832e-01 1.91163182e-01
    8.50324631e-01 8.79494667e-01 2.84493089e-01 7.73553252e-02
    2.64816463e-01 9.85038161e-01 4.85352993e-01 2.72786677e-01
    9.25041735e-01 5.34283102e-01 3.09895188e-01 4.04725820e-01
    5.97013712e-01 8.08392465e-02 8.99119914e-01 6.95185661e-01
    2.70569026e-01 2.50953019e-01 8.86070430e-01 2.89858937e-01
    7.46418893e-01 5.62046051e-01 8.70555341e-02 4.75350767e-01
    3.32107812e-01 9.96402740e-01 3.23524475e-02 6.62881494e-01
    9.07221437e-03 8.95313203e-01 7.22761571e-01 2.96104670e-01
    6.06564581e-01 2.72777319e-01 1.65212750e-02 3.07055295e-01
    3.66347134e-01 4.86879945e-01 8.47805142e-01 6.00840747e-01
    9.67755854e-01 8.83800387e-02 7.51320720e-01 2.72611976e-01
    4.23852265e-01 3.88638854e-01 6.50204718e-02 7.29142070e-01
    6.13499105e-01 7.01756358e-01 7.28421211e-02 9.04281735e-01
    6.43565297e-01 1.97027892e-01 8.71909380e-01 6.55633390e-01
    4.03346002e-01 7.57519782e-01 6.31679952e-01 8.20408940e-01
    1.85110897e-01 3.94096196e-01 6.60667181e-01 1.98094070e-01
    9.53944087e-01 1.41563594e-01 1.38251543e-01 1.97637677e-02
    6.16220951e-01 1.97467804e-01 7.50091195e-01 9.69525814e-01
    4.37286288e-01 7.54680634e-01 7.32800663e-02 6.26768470e-01
    3.54260623e-01 4.10656691e-01 8.05774331e-01 9.23793316e-01
    6.57611370e-01 7.17112720e-02 4.79080945e-01 5.36876500e-01
    7.48229325e-01 7.97755659e-01 4.32223380e-02 4.41775292e-01
    4.56031919e-01 3.43465805e-03 6.59248829e-01 2.33443648e-01
    1.07343137e-01 3.64844978e-01 6.39386535e-01 7.66655803e-01
    5.21110833e-01 8.54900479e-01 8.05091441e-01 8.48650396e-01
    8.03100407e-01 4.84241962e-01 3.17833602e-01 2.56218135e-01
    1.08575851e-01 3.81119311e-01 2.93510377e-01 7.25361288e-01
    6.43738747e-01 3.74951780e-01 4.69976842e-01 5.48204243e-01
    2.34231800e-01 8.07967186e-02 9.40410614e-01 2.13374615e-01
    7.44243920e-01 8.18381011e-02 3.15066189e-01 6.31325901e-01
    9.52301502e-01 9.43555057e-01 9.41666782e-01 7.76906550e-01
    3.06655169e-01 2.97632813e-01 9.65403020e-01 2.28928208e-01
    7.50225365e-01 1.44829303e-01 3.37657332e-02 9.99411047e-02
    3.78105819e-01 8.13360095e-01 2.04962492e-02 9.67183352e-01
    3.39807779e-01 9.52158928e-01 7.26235747e-01 1.03540629e-01
    6.09348893e-01 4.87111866e-01 5.14371455e-01 4.47409004e-01
    1.60904199e-01 5.77059567e-01 6.49591446e-01 5.59750795e-02
    4.09325212e-01 2.10620463e-01 2.99319327e-01 4.94071901e-01
    6.21002436e-01 7.10162759e-01 3.29083681e-01 4.01423007e-01
    3.58183175e-01 7.40512133e-01 1.63861632e-01 8.22650909e-01
    6.00234270e-01 7.69723654e-02 3.74642134e-01 2.50516593e-01
    4.15770352e-01 1.44255489e-01 1.36225194e-01 6.82867646e-01
    3.57988715e-01 9.90252197e-01 7.98517823e-01 9.49712157e-01
    1.70226157e-01 6.43857181e-01 8.54639113e-01 5.37066221e-01
    8.45345497e-01 7.72997499e-01 8.25129747e-02 6.38198853e-01
    1.91457272e-02 6.53515875e-01 7.39755034e-01 4.96440917e-01
    9.60073709e-01 1.20253295e-01 9.55335319e-01 8.31558406e-02
    5.40742099e-01 4.45921123e-01 4.09409672e-01 2.33015358e-01
    8.22052240e-01 5.99211216e-01 3.72362137e-03 6.10259473e-01
    1.97672248e-02 3.73789817e-01 2.93949366e-01 7.20502377e-01
    2.26443976e-01 7.05488026e-02 9.62753296e-01 6.42440915e-01
    1.01872027e-01 7.70505309e-01 1.68930173e-01 7.35400140e-01
    2.60880053e-01 9.93152261e-01 8.30458879e-01 5.42760193e-01
    5.17636895e-01 3.86025995e-01 7.76600003e-01 6.68610513e-01
    1.36033326e-01 3.04375112e-01 1.93474680e-01 9.84256566e-02
    2.37279207e-01 9.42408085e-01 9.80696678e-02 1.97377205e-02
    7.36611366e-01 5.78263104e-01 8.48009229e-01 6.09991908e-01
    7.62415826e-01 3.27989161e-01 4.68291938e-02 8.80925179e-01
    6.92074776e-01 1.02653801e-02 6.00966215e-01 1.21770591e-01
    6.68736219e-01 8.51989388e-01 4.68792617e-01 5.66380978e-01
    7.58289516e-01 3.60978663e-01 3.53690684e-02 4.26889300e-01
    8.58945966e-01 5.48323810e-01 6.69041872e-01 3.45949769e-01
    3.32103014e-01 5.75327039e-01 7.74906278e-01 8.79177690e-01
    9.97913599e-01 1.59037113e-01 4.61369157e-01 8.14106822e-01
    1.91109627e-01 4.21027005e-01 4.55201864e-02 1.23165548e-02
    2.26982981e-01 7.48730779e-01 1.76539093e-01 5.82172751e-01
    7.92557240e-01 9.25557733e-01 6.17074728e-01 1.30089372e-01
    5.85285962e-01 3.68212104e-01 4.91762549e-01 4.19766486e-01
    7.94281065e-02 6.49383545e-01 2.88013518e-01 2.78692842e-02
    3.68414342e-01 4.59291041e-02 4.13572997e-01 7.45187879e-01
    7.13615119e-01 9.45455730e-02 1.57587975e-01 1.14912540e-01
    3.92761409e-01 8.78396332e-01 9.85819280e-01 8.21634531e-01
    7.48218238e-01 8.19357634e-02 8.97190392e-01 1.06485307e-01
    8.12932849e-01 6.80437922e-01 2.18064815e-01 4.10988927e-03
    2.08699822e-01 6.03427708e-01 8.98745894e-01 4.79450345e-01
    5.98098874e-01 4.75277454e-01 3.34800363e-01 6.35515988e-01
    4.09513026e-01 7.34265149e-01 9.04575288e-01 6.19621456e-01
    6.77877665e-01 8.04574132e-01 9.86699939e-01 2.66172528e-01
    5.83008051e-01 3.90177399e-01 7.04242468e-01 8.55101705e-01
    1.35298461e-01 5.18551469e-03 9.52081680e-01 1.12702101e-01
    7.63976097e-01 1.59363449e-01 6.00496233e-01 6.87880158e-01
    8.77288222e-01 4.60715592e-02 7.73754239e-01 3.26056302e-01
    6.92363024e-01 8.63540053e-01 9.94818568e-01 9.99161899e-02
    3.55601907e-01 7.24697530e-01 3.45431834e-01 3.40315700e-02
    3.99970531e-01 5.24431169e-01 4.88044947e-01 5.63968062e-01
    9.87784922e-01 7.29806423e-01 1.92141384e-01 4.11526501e-01
    7.64803290e-01 4.99547273e-01 7.39316642e-02 9.55256879e-01
    7.66810179e-01 9.47924018e-01 8.33737254e-01 6.25969231e-01
    5.01120150e-01 6.52307630e-01 2.15505302e-01 2.96095133e-01
    4.56364453e-02 4.50978160e-01 2.35179037e-01 7.11989760e-01
    3.61337960e-01 5.83490252e-01 4.24940467e-01 1.99055672e-03
    7.16544271e-01 8.50669146e-01 1.52661651e-01 2.97017336e-01
    5.94285965e-01 4.93208230e-01 9.30715859e-01 2.65196055e-01
    8.36865425e-01 2.81890094e-01 2.00653076e-03 3.57912421e-01
    6.37247264e-01 3.93383831e-01 5.13912141e-01 3.69208694e-01
    2.26838261e-01 9.40240204e-01 6.31420791e-01 2.60457098e-01
    6.85107112e-02 7.27305472e-01 7.68842101e-02 9.26726818e-01
    4.13258642e-01 2.44860649e-01 7.28778660e-01 9.01491344e-01
    5.03068984e-01 3.08631837e-01 9.91519332e-01 2.84474701e-01
    8.61756802e-01 6.00716174e-02 8.29486847e-01 5.55342436e-02
    4.47521389e-01 7.88440704e-01 6.92129076e-01 8.52767229e-01
    6.99324429e-01 2.32888877e-01 9.57994521e-01 5.38180828e-01
    6.72577977e-01 1.74299181e-01 3.03053737e-01 1.48534179e-02
    3.70394796e-01 7.15654254e-01 6.99352801e-01 9.90842640e-01
    6.93027616e-01 5.59625626e-02 9.16773677e-02 5.55563986e-01
    8.04411769e-01 1.21620804e-01 1.18597776e-01 7.62256086e-01
    9.66670752e-01 9.90174592e-01 7.03605592e-01 1.41927153e-01
    8.59825015e-01 1.39368176e-02 6.96045578e-01 3.34489942e-01
    7.76508927e-01 3.38812411e-01 4.62831467e-01 5.72589159e-01
    1.88125074e-02 5.97259879e-01 4.12419438e-02 4.16929334e-01
    6.78447366e-01 6.48727417e-02 6.22757971e-01 2.75574535e-01
    1.30615026e-01 7.31577814e-01 1.45565778e-01 6.64239287e-01
    5.25696576e-01 4.89926577e-01 7.18508124e-01 2.63511598e-01
    2.79782534e-01 1.71372980e-01 2.50213742e-01 4.63074744e-02
    3.36871564e-01 9.10881758e-02 9.80330586e-01 8.71002197e-01
    7.51174092e-01 6.24496460e-01 5.59256613e-01 5.18664598e-01
    2.15176612e-01 1.73540264e-01 1.70042157e-01 3.22012007e-01
    3.93958390e-02 6.30496979e-01 6.16858304e-02 9.70378697e-01
    3.25897276e-01 8.81310582e-01 7.38815546e-01 5.72180927e-01
    5.01259208e-01 1.07781082e-01 2.45060623e-02 4.12527800e-01
    2.41873533e-01 8.49769771e-01 3.37432802e-01 7.43207693e-01
    3.79826665e-01 1.60588235e-01 6.53434575e-01 7.18445659e-01
    1.74325913e-01 6.52490556e-02 5.09655595e-01 3.24758112e-01
    4.19070065e-01 5.36994994e-01 1.40688002e-01 8.58686864e-02
    6.36870861e-01 8.35970640e-02 8.84753585e-01 2.99767256e-02
    9.08880532e-01 8.06411505e-02 6.79445982e-01 1.39982879e-01
    9.96022701e-01 9.98321533e-01 1.48602486e-01 1.41648024e-01
    5.75592875e-01 1.19679600e-01 3.53747666e-01 6.38912201e-01
    1.95778280e-01 5.26453614e-01 9.28228378e-01 5.11517942e-01
    3.36814821e-02 1.03180051e-01 1.41704917e-01 5.36039770e-01
    2.37723529e-01 7.75932431e-01 3.16223919e-01 2.35502243e-01
    6.74822867e-01 2.74545372e-01 8.03321600e-04 4.41935062e-02
    5.96513987e-01 2.04197019e-01 8.94345224e-01 9.59408760e-01
    9.80839610e-01 5.29312491e-01 1.16273016e-01 6.38741851e-01
    9.47108150e-01 3.77649575e-01 9.79933381e-01 9.25023139e-01
    2.99708843e-01 5.88790059e-01 8.34311664e-01 1.75560385e-01
    8.07917356e-01 2.55398452e-02 3.11068445e-01 6.46411538e-01
    2.85073638e-01 4.11798954e-02 9.03185308e-01 6.50303304e-01
    7.90880859e-01 5.85808635e-01 1.66824162e-02 2.53563344e-01
    9.46928978e-01 3.40464413e-02 6.71846867e-01 6.53096974e-01
    7.49410808e-01 8.16968203e-01 6.92274094e-01 5.17964303e-01
    3.54549676e-01 3.64836752e-02 5.12391090e-01 9.38410878e-01
    3.00248414e-01 3.16270232e-01 3.76597226e-01 8.69567275e-01
    5.62023401e-01 9.39565539e-01 4.96204734e-01 1.08667672e-01
    2.31653392e-01 6.35141730e-01 2.92407840e-01 5.04485488e-01
    5.00248909e-01 1.09679848e-01 7.57611275e-01 8.76107454e-01
    2.41675913e-01 9.12139356e-01 5.36353767e-01 2.16374874e-01
    7.04483628e-01 8.91935229e-01 1.25132442e-01 1.87169999e-01
    4.49417233e-01 6.68945730e-01 3.51759613e-01 3.11905622e-01
    6.16982281e-02 2.23833710e-01 4.01858270e-01 5.76073527e-02
    5.87494433e-01 8.63298416e-01 4.06916142e-02 3.88848394e-01
    8.14943016e-01 4.13969457e-02 9.19746876e-01 4.25600618e-01
    4.64219779e-01 6.00411594e-01 9.90108490e-01 3.00288379e-01
    2.96019405e-01 3.93660754e-01 8.89468908e-01 1.85173362e-01
    4.05311286e-01 3.03971648e-01 4.76479948e-01 4.15199935e-01
    3.90173525e-01 6.89455569e-01 9.70117033e-01 4.03711498e-02
    6.37340188e-01 6.78309560e-01 7.54693747e-01 5.99735975e-01
    4.86462206e-01 2.81146824e-01 8.78875971e-01 4.15980846e-01
    8.38081479e-01 8.88274193e-01 8.63788545e-01 9.66044068e-01
    1.66365743e-01 4.82425064e-01 1.71512663e-01 9.49884534e-01
    5.13971567e-01 8.04630220e-01 5.05948067e-03 4.04504597e-01
    7.40204275e-01 7.55092621e-01 5.44012785e-01 9.24150288e-01
    5.85803330e-01 5.63983798e-01 9.34150815e-01 6.53943062e-01
    1.20995402e-01 6.45135283e-01 8.98696363e-01 6.36638105e-02
    9.99922752e-01 9.35239673e-01 4.39323157e-01 2.76687592e-01
    5.46176493e-01 7.70041347e-03 5.15903890e-01 1.48457885e-01
    9.82855797e-01 2.01561242e-01 2.06272304e-02 1.51378274e-01
    2.46348053e-01 5.43600798e-01 5.89605987e-01 7.56151676e-02
    7.62649655e-01 5.59089065e-01 4.53377545e-01 2.20406294e-01
    9.67290163e-01 2.10812718e-01 2.76890695e-01 6.75782502e-01
    4.82758373e-01 4.25223261e-01 1.50595784e-01 6.27121925e-01
    6.61443949e-01 3.33113313e-01 5.43181360e-01 9.72765446e-01
    4.25156653e-01 5.93435824e-01 6.92720532e-01 3.45586687e-01
    7.35634685e-01 8.82866859e-01 1.93995565e-01 2.36936063e-01
    5.13395846e-01 1.33510083e-01 5.05658686e-02 2.04420835e-01
    5.75819790e-01 7.52092063e-01 8.22132349e-01 4.61687744e-01
    1.14974141e-01 2.23323375e-01 6.11214519e-01 4.83955085e-01
    8.00729156e-01 6.95175886e-01 8.68099988e-01 6.80342019e-02
    5.35817325e-01 1.35500699e-01 3.04412723e-01 3.69122744e-01
    8.26575756e-01 2.66777754e-01 7.89588213e-01 6.74202085e-01
    7.98156857e-01 8.41390848e-01 9.59497988e-01 9.88467336e-01
    5.74547887e-01 3.83494258e-01 1.43960476e-01 7.36896098e-01
    6.90011978e-01 3.38132381e-02 3.64784151e-01 3.72936726e-02
    1.38691574e-01 2.56658316e-01 8.92545819e-01 5.19535422e-01
    5.89347482e-01 8.61104369e-01 5.53605795e-01 6.18520141e-01
    5.57231069e-01 8.20193470e-01 2.30272114e-01 2.96684027e-01
    5.47767937e-01 9.57888842e-01 2.03980803e-01 7.52930522e-01
    6.69355392e-01 7.35838532e-01 8.51729989e-01 4.36900049e-01
    9.18008924e-01 6.83271050e-01 2.67231047e-01 5.63924015e-01
    4.89962101e-03 6.36177957e-02 1.04625583e-01 9.96861339e-01
    3.09663445e-01 7.41228342e-01 7.34432220e-01 8.39400589e-02
    9.11651015e-01 3.29276383e-01 7.53858685e-02 3.68910730e-01
    5.41176915e-01 5.45005322e-01 1.76414847e-02 2.41806000e-01
    1.72677368e-01 3.15274209e-01 8.00848484e-01 5.64513505e-01
    4.25653517e-01 3.24728847e-01 6.43777907e-01 4.17312890e-01
    5.49360514e-02 9.64593291e-01 8.90621543e-03 8.48984241e-01
    8.64437938e-01 2.17317611e-01 3.27145398e-01 8.14677715e-01
    1.93350345e-01 1.50548846e-01 8.38654637e-01 6.90415442e-01
    7.76543319e-02 5.87730169e-01 3.13129127e-01 4.81983602e-01
    3.98702592e-01 8.43353570e-02 4.59961414e-01 4.11896646e-01
    1.97110981e-01 4.16238427e-01 2.92671919e-01 2.44780332e-01
    7.22557247e-01 6.60129070e-01 5.29311001e-01 7.38284945e-01
    4.47111875e-01 4.30674165e-01 2.93366909e-01 5.47335267e-01
    5.31660736e-01 1.03555828e-01 7.72579908e-01 1.01943016e-02
    7.43889868e-01 3.54241848e-01 9.23011065e-01 2.64510751e-01
    8.08263063e-01 2.20600307e-01 1.45130277e-01 5.57857811e-01
    7.46329427e-01 4.50759530e-02 2.62401462e-01 6.21523261e-01
    1.16264403e-01 4.96336401e-01 3.91467690e-01 8.89627159e-01
    6.01843357e-01 2.74275184e-01 2.94459879e-01 5.44904590e-01
    5.66929579e-01 6.36123419e-01 4.57340628e-01 4.86738950e-01
    9.23667669e-01 3.72028410e-01 4.06765968e-01 1.94854707e-01
    1.46911383e-01 4.66494232e-01 4.45803344e-01 8.56014013e-01
    1.55599415e-01 4.97367173e-01 2.34012067e-01 8.42115045e-01
    1.16271764e-01 1.49127245e-02 2.83665299e-01 3.80721956e-01
    6.24429584e-01 2.37840265e-01 6.71812296e-02 9.97734427e-01
    4.64778185e-01 5.68464279e-01 9.50989962e-01 9.18035805e-01
    7.95073986e-01 6.07721806e-02 4.13084418e-01 7.46661782e-01
    4.33521628e-01 3.22374523e-01 2.58583426e-01 5.49642026e-01
    7.55566001e-01 2.24860609e-01 5.86722791e-02 9.05805826e-03
    9.57463503e-01 1.67557985e-01 5.88119805e-01 2.05285758e-01
    8.50496769e-01 6.14273965e-01 8.31403255e-01 8.59703183e-01
    9.08422232e-01 2.00734645e-01 9.48793888e-01 5.00572920e-01
    6.98977709e-03 8.57049823e-01 2.18483806e-03 6.87812209e-01
    5.46916246e-01 1.57729328e-01 2.93183863e-01 1.87961459e-01
    4.36258435e-01 3.55977654e-01 9.52561140e-01 4.25474465e-01
    4.11850095e-01 6.64394319e-01 8.97285938e-01 6.52552247e-02
    6.24521136e-01 2.82769740e-01 1.91109985e-01 8.76602530e-01
    5.95878065e-02 6.39360666e-01 7.67824948e-01 6.89512491e-01
    4.26728129e-02 6.94238424e-01 7.93117881e-02 8.96148980e-01
    3.75934601e-01 6.54727161e-01 9.75762963e-01 4.08047497e-01
    5.91910422e-01 2.13433444e-01 7.00882673e-01 7.48210669e-01
    6.11861765e-01 4.95016068e-01 5.34505844e-01 5.58047414e-01
    6.03897035e-01 2.71358490e-01 3.59098434e-01 7.13779926e-01
    6.51375234e-01 3.52558076e-01 6.36956513e-01 2.39391655e-01
    3.77326787e-01 1.45356208e-01 3.47978622e-01 7.73307681e-02
    5.25112987e-01 9.55013990e-01 2.40367234e-01 8.14945936e-01
    9.40542817e-01 8.01526010e-02 2.77945518e-01 4.43780303e-01
    3.80575657e-01 7.89708436e-01 7.51532197e-01 6.47849739e-02
    4.89661068e-01 8.92609000e-01 9.35536861e-01 9.25906777e-01
    3.12307775e-02 8.58767867e-01 2.65117258e-01 9.78421211e-01
    5.32816768e-01 3.96614760e-01 5.41014016e-01 8.97112846e-01
    4.48551059e-01 7.65673637e-01 3.33040386e-01 7.89759040e-01
    8.64826322e-01 7.05259442e-01 1.34341955e-01 5.40317595e-01
    9.58800673e-01 2.95783818e-01 1.01057529e-01 6.99168086e-01
    5.51592171e-01 5.92633128e-01 7.11588562e-01 4.08711672e-01
    4.27488863e-01 7.58206129e-01 2.22624689e-01 4.15877968e-01
    9.86277878e-01 7.16941655e-01 8.58000517e-01 5.36273599e-01
    7.52982795e-02 6.84526801e-01 3.83807838e-01 2.63729393e-01
    2.51525849e-01 2.13084459e-01 7.06298053e-01 9.59642172e-01
    5.54731786e-02 6.01622999e-01 5.24731517e-01 1.56374872e-01
    9.10402894e-01 3.13938677e-01 1.90830082e-01 2.76373327e-01
    2.33986974e-01 2.94606566e-01 1.02584869e-01 2.61871815e-02
    2.25355089e-01 8.15958977e-01 2.79887974e-01 7.49222994e-01
    9.80603218e-01 9.89081740e-01 6.68749809e-01 5.39308906e-01
    9.57358241e-01 8.65622997e-01 3.01205873e-01 1.21219456e-02
    4.99621004e-01 5.40101826e-02 8.71999145e-01 9.59790766e-01
    1.61558479e-01 3.66081446e-01 2.22693413e-01 9.47445154e-01
    7.47642994e-01 5.08510292e-01 4.38759178e-01 2.66944468e-02
    3.98401707e-01 1.26640707e-01 5.93177497e-01 4.65685725e-01
    5.13536870e-01 3.07810217e-01 1.14774704e-02 4.60361123e-01
    3.55521262e-01 6.41416669e-01 6.09392345e-01 5.41666985e-01
    4.36825812e-01 5.59128702e-01 1.27833754e-01 6.27675354e-01
    2.30194271e-01 1.17909014e-02 5.96839130e-01 7.05784321e-01
    4.93110448e-01 7.21759558e-01 5.67738235e-01 8.17261457e-01
    3.67139578e-01 2.23439366e-01 1.18299097e-01 4.15333778e-01
    5.25651276e-01 4.62460637e-01 5.23738861e-01 6.78861916e-01
    8.35024834e-01 7.97762632e-01 5.50076723e-01 7.89558232e-01
    6.47889853e-01 7.86878586e-01 8.66788328e-01 5.72050631e-01
    7.85527468e-01 6.57910109e-01 3.61689031e-01 5.58901966e-01
    7.43057609e-01 1.50224507e-01 8.75874400e-01 3.27401161e-02
    1.80682600e-01 7.31141984e-01 6.48042500e-01 1.16423577e-01
    2.94201463e-01 2.94178665e-01 4.25230503e-01 5.38258374e-01
    9.23943639e-01 4.10357565e-01 5.11088610e-01 5.75340986e-01
    1.26956940e-01 6.81773424e-02 3.48260343e-01 2.48131752e-01
    4.67218488e-01 8.20204616e-03 8.60776603e-01 4.10350114e-01
    6.79574728e-01 4.35844719e-01 5.09461224e-01 1.24540925e-01
    3.72614622e-01 8.85911107e-01 1.08858943e-01 5.67571163e-01
    5.20647407e-01 8.07781398e-01 5.74584544e-01 9.71862435e-01
    3.92453313e-01 8.66936803e-01 5.77860534e-01 4.07516360e-01
    3.12343746e-01 2.26250827e-01 4.33324337e-01 2.12998748e-01
    4.01355088e-01 4.63148206e-01 4.97544259e-01 6.22179449e-01
    4.49943542e-02 1.09579027e-01 4.00158793e-01 6.25690162e-01
    9.57123935e-02 3.69507849e-01 1.57619476e-01 1.50592268e-01
    6.37797713e-01 7.36695170e-01 1.60110652e-01 9.44241405e-01
    7.08712459e-01 7.92691350e-01 3.72086704e-01 7.26837218e-02
    3.93368900e-01 7.87983656e-01 6.68953836e-01 9.31057453e-01
    3.17146182e-02 9.48489368e-01 2.91948587e-01 9.51514184e-01
    1.83489382e-01 8.85039926e-01 9.57551360e-01 8.00361276e-01
    6.58023596e-01 9.32385564e-01 9.42991853e-01 1.79894000e-01
    5.54524899e-01 9.67954874e-01 1.17675066e-02 6.41448736e-01
    5.13796031e-01 5.80118775e-01 2.58790791e-01 1.57360643e-01
    2.11670965e-01 8.75859261e-01 1.09816015e-01 8.06342900e-01
    7.19535410e-01 5.21787643e-01 5.17015278e-01 4.57557797e-01
    3.78882885e-03 8.08306217e-01 8.42764258e-01 4.60506678e-02
    2.57563114e-01 9.01674271e-01 1.88694507e-01 7.40420878e-01
    4.32445467e-01 1.42437041e-01 7.94125080e-01 3.73694628e-01
    2.26718009e-01 5.52317202e-01 6.68855608e-01 7.28346407e-02
    4.94458318e-01 5.33523619e-01 2.42315054e-01 2.83920705e-01
    8.33451569e-01 4.87355322e-01 5.59364498e-01 1.87271744e-01
    5.02561808e-01 4.10937369e-01 5.27693927e-01 4.85375822e-01
    2.40038484e-01 2.10482031e-01 4.97252107e-01 9.23787653e-01
    6.27319872e-01 1.93174422e-01 2.22704858e-01 7.45890319e-01
    7.37421274e-01 7.39373803e-01 8.35876286e-01 6.79400682e-01
    1.77097797e-01 4.50805128e-02 3.80310357e-01 7.31191337e-02
    2.47137547e-01 2.41757721e-01 6.24557137e-01 3.96130681e-02
    2.00383931e-01 5.02169549e-01 7.84623981e-01 7.58797288e-01
    6.19830608e-01 8.08970988e-01 1.27080888e-01 8.55480969e-01
    2.10484952e-01 6.50659740e-01 8.56085002e-01 6.73722506e-01
    4.50049788e-01 6.35820150e-01 1.05973303e-01 7.54617214e-01
    9.38258290e-01 7.90228367e-01 2.99831927e-02 1.61352158e-02
    1.54554546e-01 3.17275852e-01 8.53248119e-01 8.65950704e-01
    5.27009845e-01 7.71404922e-01 4.41353410e-01 6.91223443e-02
    8.20211768e-01 4.95784998e-01 4.50940549e-01 5.53425550e-01
    7.97138155e-01 3.92987520e-01 6.76651776e-01 2.72489667e-01
    6.90013051e-01 7.35528290e-01 3.92744601e-01 2.60605693e-01
    8.75316262e-01 5.27358651e-02 7.18025029e-01 4.52880085e-01
    9.53662157e-01 2.21150964e-01 2.98745841e-01 1.11868113e-01
    7.93152452e-01 5.40230274e-02 6.36643052e-01 7.67100692e-01
    7.03819156e-01 7.00525999e-01 9.80255604e-01 8.49798977e-01
    6.23486042e-01 8.90111446e-01 6.75079882e-01 4.31199104e-01
    1.10135019e-01 5.85874319e-01 7.34702945e-01 6.12941206e-01
    2.72072554e-01 6.43077135e-01 4.53689396e-01 3.18127662e-01
    4.22297835e-01 4.14073080e-01 8.79218698e-01 4.53798264e-01
    7.65302658e-01 9.71606314e-01 8.01888704e-01 2.85047472e-01
    2.51106262e-01 5.23429096e-01 3.42923105e-02 6.61939919e-01
    5.32065928e-01 8.90830994e-01 5.50445139e-01 8.09293091e-01
    4.49476629e-01 1.01426363e-01 5.42544782e-01 4.49522793e-01
    6.43085003e-01 2.84013510e-01 9.24046397e-01 7.85165191e-01
    8.73229682e-01 5.02277970e-01 3.85001600e-02 4.99719352e-01
    7.19299972e-01 8.22107494e-01 7.21704543e-01 6.52219951e-01
    2.34790742e-02 7.38530993e-01 3.10157120e-01 3.59230638e-02
    6.51116371e-01 1.50855184e-02 6.40060902e-01 4.63342518e-01
    9.82444525e-01 5.71723580e-01 4.73599970e-01 9.59989786e-01
    4.96587515e-01 8.84840429e-01 8.92075419e-01 5.42437613e-01
    7.52625823e-01 6.64267063e-01 6.19418502e-01 9.59599733e-01
    6.74485207e-01 9.02241170e-01 9.27217722e-01 6.09921813e-01
    7.17018902e-01 1.17868245e-01 1.73652470e-01 3.13160539e-01
    8.13196182e-01 4.67152059e-01 5.39854348e-01 6.56144261e-01
    6.98523521e-01 9.13056493e-01 1.81144714e-01 9.00037766e-01
    4.18397367e-01 5.94922662e-01 9.52455878e-01 7.81157494e-01
    1.04285389e-01 2.45733023e-01 7.38840282e-01 6.21730804e-01
    3.14808428e-01 7.51922131e-01 6.78217292e-01 6.60159647e-01
    4.48431492e-01 9.94419217e-01 5.88016272e-01 1.55536443e-01
    8.23199451e-01 9.93162036e-01 5.63679814e-01 6.06415272e-01
    4.60834771e-01 5.87207556e-01 5.27605832e-01 9.73387957e-01
    3.55972350e-02 1.56059384e-01 4.67315286e-01 9.38534558e-01
    8.26866388e-01 5.95003128e-01 6.42203212e-01 5.39583445e-01
    7.92430401e-01 1.03356987e-01 8.94154549e-01 4.98787075e-01
    9.11180973e-01 7.54736185e-01 7.85176992e-01 6.44649446e-01
    3.72579753e-01 8.45527649e-01 9.63829279e-01 8.24354053e-01
    8.95189524e-01 1.30732924e-01 7.02043772e-01 7.37539053e-01
    1.11675203e-01 7.82615721e-01 9.76081550e-01 1.91919088e-01
    3.89987022e-01 2.92370230e-01 1.19537294e-01 7.70831108e-01
    8.08788538e-01 7.21439898e-01 7.27496505e-01 4.03085113e-01
    6.02697730e-02 7.89009511e-01 3.87818545e-01 6.03691101e-01
    6.04182839e-01 6.46673083e-01 3.63399029e-01 3.60760331e-01
    6.42491817e-01 9.70746636e-01 8.72717619e-01 2.07791924e-02
    5.25313258e-01 8.51525545e-01 9.21440303e-01 9.42165792e-01
    3.70459616e-01 4.93612915e-01 1.60028279e-01 6.39588237e-01
    4.05352712e-01 8.59024167e-01 5.73869348e-02 8.11610341e-01
    1.73523873e-01 6.55712903e-01 9.39618230e-01 1.39407665e-01
    8.58389258e-01 8.84765446e-01 5.43893814e-01 4.94601727e-01
    3.20299566e-02 7.21586585e-01 5.73012233e-01 5.25515795e-01
    3.57705444e-01 7.01387405e-01 8.18946779e-01 4.65926349e-01
    7.14552999e-02 7.71976769e-01 3.09660137e-01 7.51463354e-01
    8.85411799e-01 9.22700882e-01 9.96414304e-01 2.81705439e-01
    5.29444933e-01 5.57983279e-01 7.80365944e-01 6.22663260e-01
    4.30254072e-01 1.00202590e-01 9.74623322e-01 8.73338461e-01
    5.96680462e-01 1.14661753e-01 9.91046846e-01 3.90373886e-01
    8.74785900e-01 7.49326527e-01 5.84075332e-01 5.60733497e-01
    4.83095646e-05 6.16904795e-02 1.87016606e-01 2.68032253e-01
    4.20938998e-01 5.02433717e-01 3.50755990e-01 5.24441719e-01
    1.16321445e-01 4.80610698e-01 2.71411836e-01 2.99564391e-01
    6.40297234e-02 5.88956058e-01 8.20203304e-01 1.47474259e-01
    4.80481833e-01 9.18450952e-01 9.08739150e-01 4.71816212e-01
    6.99505329e-01 3.12928021e-01 6.88696861e-01 1.29592955e-01
    9.93589401e-01 5.36990166e-03 8.40524554e-01 8.99159551e-01
    8.77188563e-01 1.38548911e-02 8.95332575e-01 8.36955547e-01
    7.62188315e-01 6.20285034e-01 3.67485404e-01 8.79371762e-01
    1.04757041e-01 3.20788026e-02 6.49493575e-01 5.65131485e-01
    7.19048560e-01 1.87634856e-01 7.93651104e-01 1.34396881e-01
    9.44754958e-01 8.36186230e-01 1.53176874e-01 2.47189820e-01
    4.67610747e-01 8.90582919e-01 7.49435723e-01 5.96101582e-02
    6.57470226e-02 1.27679110e-02 3.26719761e-01 5.01545250e-01
    6.42128944e-01 3.23505074e-01 6.08188510e-02 1.33312374e-01
    6.67411387e-01 8.65745425e-01 1.39719725e-01 9.40857053e-01
    8.92943263e-01 9.99613881e-01 9.89592731e-01 4.64457482e-01
    2.00917512e-01 4.15243506e-01 6.66608632e-01 4.23733860e-01
    7.82975554e-01 9.17121351e-01 2.07863867e-01 1.21725798e-02
    5.07262051e-01 1.11149967e-01 6.00301623e-02 8.92356515e-01
    1.73744559e-01 2.18855858e-01 1.48495018e-01 6.19586408e-01
    8.71120155e-01 6.22894049e-01 3.09443474e-03 2.77927995e-01
    6.93658948e-01 6.96281970e-01 8.12559426e-01 2.52194494e-01
    2.56005794e-01 8.93670440e-01 6.28893018e-01 5.36955357e-01
    5.34104824e-01 7.12504387e-01 2.84782112e-01 3.77632678e-02
    7.23986268e-01 9.39440429e-02 6.10871673e-01 8.95805120e-01
    3.05597961e-01 3.38146687e-01 7.51247525e-01 7.33804345e-01
    9.40066457e-01 6.00159645e-01 5.83758712e-01 5.05904019e-01
    9.30382073e-01 1.72885925e-01 8.66246700e-01 2.04974681e-01
    9.29112732e-01 4.32136059e-01 8.53950143e-01 4.48985159e-01
    1.82868361e-01 4.19889659e-01 4.24600065e-01 4.67886716e-01
    7.77109802e-01 3.00788283e-02 6.18025064e-01 9.52841699e-01
    2.19398975e-01 9.58651602e-01 4.54689324e-01 3.83824646e-01
    1.05043590e-01 1.53339773e-01 5.46056449e-01 8.81246626e-01
    9.67347622e-01 3.59795928e-01 4.36711818e-01 4.12972629e-01
    7.90004134e-01 1.53188765e-01 5.39699256e-01 4.13338304e-01
    9.74619567e-01 3.04665715e-01 2.65244275e-01 5.71806371e-01
    5.17048538e-01 8.20379019e-01 6.84741616e-01 8.42691839e-01
    1.13137692e-01 6.69799089e-01 1.49112642e-02 6.01358950e-01
    4.45987344e-01 6.76435947e-01 9.60285068e-01 4.81700867e-01
    6.63517833e-01 9.93891716e-01 8.31092000e-01 3.24204504e-01
    6.66950941e-02 1.59133911e-01 4.27888900e-01 2.57018954e-01
    9.44107533e-01 9.54477191e-01 4.78092790e-01 2.04042494e-02
    4.61800158e-01 6.84552073e-01 5.96371830e-01 9.25929427e-01
    9.43838954e-02 9.76596594e-01 2.93024480e-01 1.29281849e-01
    1.43594176e-01 9.86811996e-01 1.82443053e-01 9.56279635e-02
    1.77633971e-01 5.98147511e-01 2.55864799e-01 8.53378057e-01
    8.89389157e-01 3.91415238e-01 6.81902707e-01 9.46289062e-01
    4.37714219e-01 1.71075463e-01 8.16284895e-01 4.96604055e-01
    5.47381699e-01 9.15171981e-01 8.20730686e-01 3.94351095e-01
    2.78804123e-01 1.96509302e-01 8.06559145e-01 4.77146268e-01
    5.15090883e-01 2.90189683e-02 2.73407012e-01 4.00929362e-01
    6.44897223e-02 6.39811218e-01 8.11526179e-01 3.29406738e-01
    1.56575561e-01 2.25217402e-01 8.84078622e-01 1.41264558e-01
    2.02451408e-01 9.39757705e-01 7.61714458e-01 2.29054391e-02
    2.28293955e-01 7.66325116e-01 7.63364434e-02 9.91068900e-01
    2.99489558e-01 7.55553246e-02 5.83104849e-01 2.22945780e-01
    7.01023459e-01 2.06020951e-01 8.30121279e-01 7.68896222e-01
    9.54750776e-01 2.35602021e-01 9.94702697e-01 5.41951597e-01
    4.26341474e-01 6.65178001e-02 6.07795537e-01 4.05539632e-01
    4.68782127e-01 1.59964949e-01 7.16929615e-01 3.76957387e-01
    3.80818784e-01 8.58983517e-01 7.70661414e-01 5.93168020e-01
    2.94383645e-01 8.03327382e-01 9.46266651e-01 5.42835951e-01
    6.98575318e-01 6.08501554e-01 9.59178686e-01 2.47303635e-01
    5.98649025e-01 3.63391638e-02 6.23100996e-03 8.20281982e-01
    6.96835339e-01 9.45455313e-01 5.58916032e-01 7.70193696e-01
    4.03912127e-01 4.58742380e-02 7.69218981e-01 7.95451403e-01
    5.96354544e-01 4.76690829e-02 2.32922465e-01 9.71934915e-01
    9.65076327e-01 1.83282286e-01 1.70777321e-01 2.60161042e-01
    6.77769303e-01 2.48937309e-01 2.29100108e-01 2.50440240e-02
    5.00774622e-01 3.06575745e-01 5.80102324e-01 1.13219202e-01
    9.54387188e-01 4.84035760e-01 4.20248806e-01 4.18108523e-01
    9.64787602e-01 6.09829128e-01 7.58679271e-01 2.48386800e-01
    8.52719307e-01 6.51540339e-01 2.62197912e-01 7.89408922e-01
    2.99317479e-01 7.42304742e-01 3.81154716e-02 1.44267738e-01
    9.56323028e-01 4.42885965e-01 6.38383508e-01 5.37635684e-01
    1.30350798e-01 2.90986776e-01 5.58147788e-01 4.25363749e-01
    3.14467788e-01 2.25907058e-01 6.75901830e-01 7.13166177e-01
    4.60428864e-01 6.82602882e-01 7.49881506e-01 7.56035805e-01
    1.39574051e-01 2.03754604e-02 2.98071682e-01 2.90354490e-01
    1.89209819e-01 2.89959311e-02 4.39771861e-01 4.91207391e-01
    6.59897923e-01 3.96404088e-01 6.26292884e-01 2.96780527e-01
    5.91588914e-01 1.89902067e-01 4.29144263e-01 8.23170424e-01
    7.07152009e-01 7.77837932e-02 2.50532508e-01 1.76526427e-01
    8.16116691e-01 6.99442029e-01 4.78348523e-01 3.06833684e-02
    5.70164204e-01 5.54115117e-01 4.87559021e-01 8.71467471e-01
    3.20621073e-01 6.71323061e-01 7.09344625e-01 2.98540801e-01
    3.39001834e-01 6.46993339e-01 3.04031372e-01 5.69424748e-01
    4.87552732e-01 7.05427468e-01 1.59233570e-01 9.52601552e-01
    8.39645982e-01 5.39121628e-01 6.31464601e-01 2.22525686e-01
    3.83183539e-01 6.75248504e-02 3.42124999e-02 7.66972601e-01
    8.34862828e-01 5.86739957e-01 8.25695336e-01 9.56774890e-01
    3.75284165e-01 5.87702692e-02 1.25306696e-01 3.74153137e-01
    7.34933138e-01 3.52511585e-01 5.23541331e-01 7.69125700e-01
    8.86564255e-02 8.82627010e-01 5.62276602e-01 9.89437759e-01
    5.54724038e-02 5.62397838e-01 8.46783519e-01 5.14975667e-01
    1.29120857e-01 1.22232914e-01 2.74574995e-01 9.99886096e-02
    8.91547322e-01 3.96365076e-01 8.23759735e-01 6.53481901e-01
    5.27294874e-02 9.49279308e-01 3.97652358e-01 2.52783716e-01
    3.09626132e-01 7.45093882e-01 9.29140449e-01 3.49817276e-02
    5.84530056e-01 3.65790218e-01 6.53294802e-01 9.81627822e-01
    1.07634813e-01 1.71236575e-01 1.35818303e-01 2.52033412e-01
    3.88775110e-01 7.54392445e-02 7.93461382e-01 4.42078352e-01
    8.28841984e-01 5.89847326e-01 3.28685552e-01 8.32674265e-01
    6.96097553e-01 3.44795644e-01 6.80551648e-01 1.96383089e-01
    7.49893486e-02 5.62811911e-01 9.12836790e-01 6.22571170e-01
    5.56134343e-01 9.23694968e-01 7.51548469e-01 6.67067289e-01
    8.91711593e-01 7.40569770e-01 3.89116377e-01 5.86654842e-02
    2.75152117e-01 2.91734308e-01 6.13623857e-01 9.34740841e-01
    9.52280343e-01 1.27374858e-01 3.03942651e-01 8.68275285e-01
    3.51767331e-01 5.39759278e-01 6.67333603e-03 2.99718559e-01
    3.89635026e-01 5.90404510e-01 2.72408187e-01 1.59335971e-01
    6.87733293e-02 7.26805806e-01 8.89900029e-01 6.68818057e-02
    2.71025181e-01 5.03252089e-01 3.07427764e-01 6.97144985e-01
    4.24155861e-01 7.64899254e-01 9.12859559e-01 7.28824735e-03
    4.65353131e-02 5.71285665e-01 6.84223652e-01 5.49256623e-01
    9.69569504e-01 5.25661945e-01 7.78114676e-01 4.91183132e-01
    9.98790503e-01 7.90652275e-01 4.79160786e-01 4.16373491e-01
    3.05255234e-01 5.44975996e-02 2.01252818e-01 1.91980630e-01
    5.03397226e-01 9.05271530e-01 6.98969543e-01 9.83269095e-01
    2.93123066e-01 3.72206211e-01 3.98926586e-01 2.94980556e-01
    6.18295312e-01 4.05550003e-03 3.24167877e-01 5.36078811e-01
    8.09896886e-01 9.98152196e-02 5.81385672e-01 4.86919254e-01
    4.89789546e-02 4.94873226e-01 1.19510442e-01 5.11345029e-01
    3.72741699e-01 3.39157701e-01 6.28557205e-01 6.28126264e-01
    8.18376303e-01 2.04359144e-01 5.93661249e-01 6.81000352e-01
    8.64810824e-01 5.60288608e-01 9.94061828e-01 6.17836416e-02
    1.58826411e-01 3.61548662e-01 1.17986202e-01 5.36346972e-01
    1.89689785e-01 3.19176495e-01 6.01989686e-01 2.27229923e-01
    3.00671399e-01 5.45292139e-01 3.80647510e-01 4.98399764e-01
    6.89469397e-01 3.62290144e-02 8.22483778e-01 8.22737634e-01
    5.90978622e-01 5.36587894e-01 7.09226429e-01 9.53922629e-01
    6.26571238e-01 6.99033797e-01 9.33322310e-01 2.21945047e-01
    5.73560178e-01 2.76130080e-01 4.30084467e-01 5.67625701e-01
    8.77885401e-01 3.80786836e-01 8.39791894e-01 6.69341803e-01
    6.53127730e-02 7.37340152e-02 5.08096814e-02 3.07011902e-01
    6.30377829e-01 7.20260441e-01 5.51738262e-01 4.04013872e-01
    3.72576863e-01 9.97014701e-01 9.28955674e-01 3.05527478e-01
    9.11867261e-01 8.87257040e-01 1.60912484e-01 2.67260611e-01
    5.99573314e-01 7.87701130e-01 3.50026786e-02 5.09466588e-01
    4.44243550e-01 5.35972953e-01 4.78069574e-01 8.37992728e-01
    8.38725567e-01 1.53690487e-01 1.05911463e-01 3.15384269e-02
    5.91444671e-01 6.97723508e-01 9.81652856e-01 2.63931572e-01
    6.16463244e-01 4.03338730e-01 2.98414767e-01 4.50611025e-01
    5.38542390e-01 4.82723624e-01 6.33612454e-01 4.03483033e-01
    3.42708617e-01 7.52506077e-01 3.48806679e-02 5.97688854e-01
    1.02719069e-01 6.22979343e-01 5.22107124e-01 9.96097922e-03
    8.26067328e-01 2.98278034e-02 6.03971958e-01 5.48342347e-01
    8.82511258e-01 1.28914922e-01 7.91500807e-01 1.78535700e-01
    7.71001697e-01 5.39025009e-01 6.81105733e-01 6.97872639e-01
    1.19310886e-01 9.40085530e-01 9.33700323e-01 7.11169541e-01
    5.91345787e-01 5.53190947e-01 1.50168657e-01 6.85904145e-01
    8.70288610e-02 3.68944526e-01 7.30500102e-01 9.79714155e-01
    7.00593114e-01 4.47335273e-01 2.31927931e-02 2.32632726e-01
    2.48943090e-01 3.00985545e-01 5.15109897e-02 9.09982562e-01
    3.76577616e-01 4.36172724e-01 3.28855336e-01 1.37813449e-01
    6.39328897e-01 2.32960463e-01 2.11478949e-01 4.75088656e-02
    2.98220724e-01 2.09953934e-01 1.67348534e-01 5.66080630e-01
    2.64399409e-01 1.17093563e-01 3.68728518e-01 6.20285928e-01
    5.19654036e-01 7.28775620e-01 3.28130394e-01 9.26822424e-01
    3.90635192e-01 3.42293024e-01 3.44703555e-01 1.49178624e-01
    9.16656315e-01 8.34776759e-02 1.96188092e-02 4.47725832e-01
    6.75253391e-01 7.79598832e-01 9.07503366e-02 3.17145586e-01
    9.22599912e-01 8.49126697e-01 5.57282150e-01 9.96338904e-01
    3.75097990e-02 8.98503482e-01 1.33920014e-01 1.43465906e-01
    6.58226550e-01 9.07103539e-01 8.72753859e-02 6.76917613e-01
    2.02000409e-01 5.62536895e-01 2.22626418e-01 9.52436209e-01
    6.82885051e-01 3.60620022e-01 5.14839530e-01 6.12461686e-01
    7.45139360e-01 3.26423466e-01 3.96398753e-01 8.23747218e-02
    4.98375833e-01 4.71359938e-01 2.79229283e-01 9.21266615e-01
    1.08591169e-01 6.92122996e-01 2.12347448e-01 1.63031906e-01
    1.07415915e-02 1.46124661e-01 9.66307998e-01 7.99984515e-01
    8.89970303e-01 5.47288597e-01 2.21935511e-02 2.03354299e-01
    7.56299496e-01 2.81837881e-01 5.67688107e-01 5.82183540e-01
    6.85532153e-01 4.72573340e-01 1.39382243e-01 7.09785700e-01
    3.89229804e-01 5.54842830e-01 5.29108286e-01 4.71724868e-02
    3.98350984e-01 5.86086392e-01 8.68190229e-01 7.43983030e-01
    5.53539574e-01 2.94696987e-01 1.83279455e-01 1.51135892e-01
    8.53594005e-01 4.93223637e-01 4.30985242e-01 7.08864093e-01
    5.96356094e-01 4.29712296e-01 2.28425473e-01 4.10990000e-01
    7.74577498e-01 4.92837131e-02 9.89991903e-01 7.52028704e-01
    9.86061215e-01 2.11508155e-01 9.52823043e-01 6.60620213e-01
    7.42976367e-01 6.22367859e-03 1.84909701e-02 1.61358774e-01
    3.98605824e-01 3.61462593e-01 4.15924817e-01 8.90496612e-01
    5.26710510e-01 7.79980659e-01 7.66333520e-01 7.07105398e-02
    3.60365689e-01 2.42737889e-01 7.85427392e-02 2.81003296e-01
    3.65678966e-02 5.80102026e-01 7.63441443e-01 7.75756001e-01
    6.94070458e-02 7.09145188e-01 1.05501026e-01 1.08133525e-01
    1.82471544e-01 6.88244879e-01 3.85013670e-01 1.36107117e-01
    5.33363879e-01 6.19673491e-01 8.53702724e-02 5.35772443e-01
    2.19244063e-01 7.57027984e-01 4.65912998e-01 9.69854772e-01
    6.32956386e-01 3.08306634e-01 6.38352096e-01 9.52268720e-01
    6.48509383e-01 3.09085578e-01 9.33176279e-01 2.76211023e-01
    4.19362932e-01 4.00415063e-01 2.31767684e-01 3.96413207e-01
    9.74891901e-01 6.59248292e-01 7.01724291e-02 6.87837601e-04
    6.86092854e-01 8.56726289e-01 7.82097578e-01 3.00885856e-01
    1.77336901e-01 3.08075666e-01 2.71708548e-01 7.11779237e-01
    8.52013826e-01 6.61167800e-01 4.57284391e-01 7.14710474e-01
    5.11560142e-02 6.97799325e-01 8.01579773e-01 1.05615914e-01
    8.50685358e-01 8.15265000e-01 1.73074365e-01 4.68871355e-01
    6.91357791e-01 2.91682929e-01 6.71925366e-01 5.92375100e-02
    9.34720457e-01 2.47923613e-01 6.42975092e-01 2.58692384e-01
    9.00714099e-02 9.82454002e-01 7.35034585e-01 7.61055768e-01
    7.49873400e-01 3.10587168e-01 5.77318430e-01 3.57760489e-01
    5.97839952e-01 3.98574024e-01 7.49377728e-01 1.17778301e-01
    7.49498546e-01 4.08309340e-01 2.54531741e-01 1.32963181e-01
    7.48092055e-01 6.55025899e-01 5.74335396e-01 6.81556821e-01
    6.01155043e-01 1.56596303e-03 4.67122406e-01 5.45244813e-02
    3.59833002e-01 2.59660363e-01 3.73728275e-01 5.70286691e-01
    8.98677349e-01 6.75993860e-01 2.14724660e-01 7.39650190e-01
    5.02183557e-01 7.07677305e-02 4.40921158e-01 8.79618943e-01
    8.79511535e-02 8.40618551e-01 7.83378899e-01 2.88814545e-01
    6.60381615e-01 6.96137428e-01 4.32434380e-01 5.88057697e-01
    8.51442516e-01 9.55104530e-02 9.78103876e-02 8.14723611e-01
    2.67397642e-01 4.76066798e-01 1.98094577e-01 4.23998535e-01
    3.93874735e-01 4.28872883e-01 5.84706903e-01 3.89684349e-01
    9.23149884e-02 2.98858881e-01 8.73915553e-01 1.02584153e-01
    3.14533412e-01 1.92859143e-01 9.70659614e-01 6.87181115e-01
    8.73628259e-01 8.69124711e-01 1.55841410e-01 2.70768106e-01
    5.80453813e-01 8.97478700e-01 4.65772063e-01 7.66576529e-01
    1.93569839e-01 5.14848113e-01 9.84454215e-01 1.82218313e-01
    8.31927359e-01 1.19730532e-01 3.01894397e-01 6.49665594e-01
    5.04889190e-01 4.52500284e-01 2.21451491e-01 9.65122581e-01
    6.62887573e-01 1.58846080e-02 2.87249982e-01 8.65815282e-01
    8.42959881e-01 4.91708636e-01 6.77179813e-01 9.63185549e-01
    4.35285687e-01 5.25785208e-01 6.71141863e-01 3.99842620e-01
    6.30576611e-01 5.93703091e-02 9.50829148e-01 5.98139465e-01
    5.48692226e-01 6.51785254e-01 2.54384577e-01 3.69522184e-01
    6.47833645e-01 1.58621013e-01 7.73986399e-01 1.27082288e-01
    9.45144296e-02 2.44837135e-01 8.91609550e-01 7.34919608e-01
    6.19023502e-01 6.63473725e-01 2.35162914e-01 3.66201818e-01
    2.42117524e-01 6.48988605e-01 6.35577202e-01 4.85004723e-01
    5.43488026e-01 5.05189121e-01 7.50634074e-01 6.01367235e-01
    9.99812007e-01 6.49562955e-01 3.53681713e-01 7.22944438e-01
    8.47538412e-01 8.89716983e-01 1.26892716e-01 6.99813366e-01
    4.17882502e-01 1.03871375e-01 3.01909178e-01 3.12863469e-01
    8.37257504e-02 7.25720763e-01 1.71820551e-01 8.56154561e-01
    8.64890635e-01 3.63368899e-01 4.07391399e-01 1.22334957e-01
    2.61088371e-01 4.15283442e-01 7.11800873e-01 1.46392167e-01
    9.59794402e-01 2.31388420e-01 4.29788977e-01 9.93004262e-01
    5.86801589e-01 9.74303484e-01 6.70677662e-01 9.22901034e-02
    6.50511444e-01 1.87509596e-01 1.12807959e-01 5.56997716e-01
    8.06274772e-01 7.49026060e-01 2.17869788e-01 6.65577173e-01
    3.69167805e-01 3.66157562e-01 2.21213400e-01 4.29013133e-01
    3.17596197e-02 3.72447193e-01 6.98216498e-01 1.63536429e-01
    6.08681917e-01 7.51531959e-01 7.74350286e-01 9.34009016e-01
    3.18528533e-01 2.77738780e-01 9.17677999e-01 1.61939502e-01
    5.34334302e-01 2.33620614e-01 6.47903085e-02 6.64220870e-01
    2.42931932e-01 2.69466937e-01 9.00734007e-01 5.36060214e-01
    4.75640118e-01 8.85619104e-01 7.95687675e-01 9.75236297e-02
    7.19779372e-01 3.15181851e-01 3.33709061e-01 4.74619359e-01
    8.89531970e-02 7.87562668e-01 6.28725648e-01 4.89087462e-01
    4.29379880e-01 4.71408367e-02 4.01449949e-01 8.81091952e-01
    1.97377622e-01 8.94766986e-01 4.29495543e-01 1.62237942e-01
    9.70414937e-01 2.09486187e-01 7.06928611e-01 7.58759260e-01
    5.67176998e-01 1.94135427e-01 2.38687158e-01 5.33767581e-01
    1.87924206e-02 7.84297466e-01 1.16022646e-01 6.49427772e-02
    9.53302503e-01 8.58496904e-01 2.10640043e-01 7.40009546e-01
    7.60134280e-01 5.69273472e-01 9.90960658e-01 9.44515884e-01
    5.83857179e-01 7.91052282e-01 8.74992609e-02 5.68633616e-01
    5.12030542e-01 7.51903236e-01 1.33758992e-01 4.59882528e-01
    6.95420921e-01 5.05860448e-02 8.96039367e-01 6.99717999e-01
    2.11110085e-01 8.03790092e-01 7.52325535e-01 7.26147890e-01
    6.11697435e-02 5.39594769e-01 5.80102921e-01 5.99244952e-01
    7.30479598e-01 8.81655216e-02 7.53014505e-01 9.47919965e-01
    1.96536779e-01 2.39243776e-01 8.26023340e-01 5.85610449e-01
    4.31137472e-01 1.51253939e-01 7.46791124e-01 5.84375858e-02
    6.60809398e-01 3.80829453e-01 3.94963026e-01 1.93440884e-01
    4.61143792e-01 1.36948586e-01 2.90761739e-01 8.54462862e-01
    6.95671320e-01 8.65278244e-01 4.41402584e-01 5.24430513e-01
    4.13562655e-01 2.19454497e-01 6.54434681e-01 3.98486495e-01
    4.38628107e-01 7.12848902e-02 7.21775770e-01 1.42508328e-01
    1.48999691e-01 4.11811352e-01 1.81186646e-01 5.75786114e-01
    5.89825451e-01 4.25585538e-01 5.31183422e-01 5.30988812e-01
    6.86363459e-01 3.73712182e-01 6.18590951e-01 7.17178226e-01
    5.22110999e-01 8.32236528e-01 1.40351176e-01 6.09411955e-01
    5.77038944e-01 2.01887101e-01 6.77125931e-01 6.35271668e-01
    2.01056361e-01 1.94289029e-01 8.72806609e-01 2.77163565e-01
    6.39281392e-01 7.26776004e-01 6.99210525e-01 1.21322960e-01
    5.83820283e-01 3.60584706e-01 7.14167893e-01 7.06549704e-01
    7.42870152e-01 2.43339568e-01 8.38564873e-01 5.22587955e-01
    4.05349851e-01 1.92303717e-01 3.57504517e-01 1.85781807e-01
    9.85373259e-01 9.29023981e-01 4.45877463e-01 2.92160928e-01
    9.72098112e-03 9.84413862e-01 4.61509019e-01 3.16046298e-01
    9.14383888e-01 5.79170108e-01 1.25992835e-01 7.58734882e-01
    8.56537104e-01 1.03787720e-01 3.94071192e-01 4.67257559e-01
    7.29326010e-01 5.98341286e-01 2.70738184e-01 4.68262494e-01
    7.14649916e-01 3.74692678e-01 4.14603502e-01 1.48517907e-01
    6.48118734e-01 6.07132912e-04 9.30183291e-01 5.83878815e-01
    4.74723965e-01 1.21860713e-01 4.61569428e-02 9.78247404e-01
    4.87438262e-01 9.09643054e-01 7.69852400e-01 9.94275153e-01
    8.66466522e-01 4.07528371e-01 3.04917336e-01 3.89207900e-02
    8.38946164e-01 5.85771024e-01 5.80960512e-01 6.99083447e-01
    6.58837080e-01 5.72401881e-02 1.66140527e-01 3.60891819e-01
    3.54424119e-03 7.58437335e-01 1.48047417e-01 9.95596766e-01
    4.70307469e-01 6.14801705e-01 6.39973283e-01 7.06878662e-01
    8.97899270e-01 9.60219145e-01 4.22741592e-01 6.39393568e-01
    8.61159682e-01 7.12655663e-01 9.04877067e-01 2.23945677e-01
    2.24968880e-01 2.86621392e-01 4.00632113e-01 2.72005498e-01
    4.58986968e-01 2.00135171e-01 1.97074473e-01 7.93774605e-01
    8.76876950e-01 5.82976520e-01 4.52267110e-01 3.02485138e-01
    6.51173115e-01 4.16126579e-01 8.90953064e-01 1.10363990e-01
    2.07518816e-01 6.32049620e-01 4.47203398e-01 5.54696441e-01
    1.04135871e-01 5.73957980e-01 1.25468671e-02 2.11794525e-01
    6.87415004e-01 9.90175009e-02 4.30236459e-01 6.69412613e-01
    2.17871606e-01 1.91949904e-02 1.04069233e-01 3.85070503e-01
    7.81420588e-01 1.45952851e-01 6.89505696e-01 8.18990231e-01
    9.91378903e-01 3.90459299e-01 3.59913737e-01 9.03779745e-01
    4.15228754e-01 4.62304711e-01 4.39806432e-01 7.93484271e-01
    4.81374353e-01 5.44387043e-01 3.66964340e-01 2.11539507e-01
    1.99677885e-01 8.47963095e-01 1.16777599e-01 9.56735551e-01
    3.62076461e-01 3.71806622e-01 2.79168546e-01 9.67505932e-01
    9.90781426e-01 9.68259215e-01 5.22737801e-01 3.89487743e-02
    5.72579384e-01 7.56285906e-01 6.70474172e-01 8.61015916e-01
    1.87841564e-01 8.37321520e-01 1.54627800e-01 5.12949586e-01
    8.10685754e-01 3.41760933e-01 8.99311841e-01 5.08074284e-01
    1.12577379e-01 7.35498071e-01 3.56975228e-01 6.47316456e-01
    3.48390996e-01 7.11232722e-01 6.24019504e-02 3.22494596e-01
    1.24869198e-01 8.75661016e-01 9.14148867e-01 7.83838034e-01
    8.76491189e-01 1.37904584e-01 3.94312739e-01 4.95507568e-01
    2.26845413e-01 9.88625526e-01 2.24984437e-01 4.67170775e-02
    8.23450923e-01 5.67947865e-01 4.12767798e-01 7.19304085e-01
    7.59962678e-01 2.11308360e-01 4.90515381e-01 8.65159094e-01
    4.34217215e-01 6.84410572e-01 6.02017105e-01 8.72696638e-01
    2.94955969e-01 5.14707148e-01 3.75226080e-01 5.52365243e-01
    4.43702608e-01 8.03431273e-01 5.11766732e-01 8.70034218e-01
    3.12612534e-01 4.60669011e-01 2.88931966e-01 5.20232618e-01
    4.52617168e-01 1.83345228e-01 8.41155350e-02 4.48739648e-01
    3.69794130e-01 7.76223540e-01 6.27822101e-01 9.15281892e-01
    2.09747612e-01 8.01596403e-01 5.90326905e-01 6.53621793e-01
    7.99132466e-01 8.03220153e-01 9.91057038e-01 8.48764896e-01
    9.97303605e-01 4.72096652e-01 8.87216926e-01 4.90661263e-01
    5.64036727e-01 4.76176709e-01 9.75875258e-02 4.81077790e-01
    5.17378569e-01 9.61354494e-01 8.53759587e-01 8.23342443e-01
    9.00125504e-03 2.47587711e-01 8.23080003e-01 5.79245687e-01
    8.18186402e-01 6.48258746e-01 9.38279629e-01 3.61287057e-01
    8.63761663e-01 2.08467126e-01 6.95742726e-01 5.62091768e-01
    7.71229744e-01 1.87668681e-01 8.75252485e-02 6.04185462e-02
    1.42275512e-01 3.15651596e-02 9.50079978e-01 3.06802988e-02
    7.93433309e-01 2.03366190e-01 9.01374698e-01 4.94553447e-01
    5.95894456e-02 4.74365264e-01 4.94475663e-01 4.01234686e-01
    3.31139386e-01 5.69834828e-01 5.52150190e-01 5.46913087e-01
    8.47221494e-01 5.37189841e-01 6.42729640e-01 9.36237931e-01
    3.18705738e-01 3.16612750e-01 4.67077553e-01 6.14002466e-01
    6.78871870e-01 4.56284583e-01 7.69569516e-01 2.95002460e-01
    3.06317747e-01 8.02158833e-01 9.93584931e-01 4.49253947e-01
    1.66750342e-01 8.64308476e-01 7.01198518e-01 3.78861219e-01
    2.05968857e-01 5.05986571e-01 3.14546287e-01 7.92837262e-01
    2.79563785e-01 8.22361648e-01 9.30110931e-01 3.67031574e-01
    9.44550037e-01 5.21353841e-01 7.82728493e-01 3.86372387e-01
    8.70797038e-01 2.51352012e-01 5.99315524e-01 8.50512743e-01
    2.94604540e-01 1.13300085e-02 3.26443136e-01 6.20071590e-02
    6.65986836e-01 2.46548623e-01 8.19227397e-02 4.30826604e-01
    9.45339680e-01 9.94101763e-02 9.92715955e-01 2.98401713e-02
    9.31625009e-01 5.35076797e-01 2.72594571e-01 7.00191498e-01
    7.29806602e-01 5.38279951e-01 9.43142533e-01 6.80508435e-01
    5.34219325e-01 2.26969421e-01 1.98579878e-01 3.35496485e-01
    5.20777404e-02 9.61490631e-01 6.94036722e-01 3.16694289e-01
    5.84918976e-01 1.10629797e-01 4.07926887e-01 5.73580742e-01
    2.11968243e-01 9.38702106e-01 5.36246240e-01 4.79668081e-02
    8.40309203e-01 9.77658927e-01 6.83325410e-01 4.15352464e-01
    8.49137902e-01 3.40580612e-01 9.80183721e-01 8.31270278e-01
    5.36643207e-01 3.54252964e-01 4.46792543e-01 8.47776234e-01
    9.89701867e-01 3.47464532e-01 7.27233231e-01 1.27036870e-01
    3.44577879e-01 2.30099052e-01 3.68026227e-01 6.28519058e-01
    1.87606603e-01 4.62908119e-01 9.97362733e-01 2.99427658e-01
    6.41073287e-01 5.23407280e-01 4.88875777e-01 2.07826197e-02
    2.08684027e-01 4.59857047e-01 2.19114125e-01 7.51167834e-01
    5.98148108e-01 2.28182375e-01 2.63228655e-01 7.90263474e-01
    3.04900974e-01 5.64301372e-01 2.66411722e-01 2.34753549e-01
    5.81002474e-01 5.81743598e-01 3.64443421e-01 7.09547341e-01
    7.67658710e-01 7.92311072e-01 1.34858549e-01 7.99339414e-01
    7.41217434e-02 7.98309803e-01 4.94698048e-01 4.99883085e-01
    6.65635705e-01 6.12593591e-02 8.87602866e-02 3.76640886e-01
    1.41383648e-01 9.08291757e-01 3.76433551e-01 6.71837568e-01
    6.02338910e-01 8.63416910e-01 2.35865027e-01 4.02482331e-01
    1.07488334e-02 4.61659431e-01 2.62896359e-01 1.04176342e-01
    4.16102171e-01 2.67779499e-01 6.42609715e-01 1.30400658e-01
    9.38963056e-01 1.95806324e-01 1.33945346e-02 8.26677740e-01
    3.63943040e-01 6.06201172e-01 4.47484642e-01 9.76798236e-01
    6.75373554e-01 9.20506656e-01 4.69522744e-01 8.81835938e-01
    5.97367167e-01 2.64909565e-01 2.17976958e-01 7.52575994e-01
    6.24425352e-01 6.55087352e-01 9.17498410e-01 4.32864457e-01
    8.52593958e-01 9.67777193e-01 4.89227027e-01 3.14548373e-01
    5.03992498e-01 5.54100156e-01 5.47757626e-01 8.61050069e-01
    2.79597580e-01 7.95332074e-01 5.06598592e-01 9.57404613e-01
    7.08822310e-01 1.11793607e-01 1.38844877e-01 3.79519045e-01
    8.03087652e-02 2.45607257e-01 4.50807899e-01 2.64636040e-01
    7.85047770e-01 6.61313057e-01 9.53723609e-01 7.62554169e-01
    2.03695536e-01 3.44446301e-01 8.99505854e-01 9.51371372e-01
    2.37936258e-01 8.78807306e-01 5.88735342e-01 7.25778341e-01
    8.44595194e-01 5.56919217e-01 2.64740080e-01 9.61950779e-01
    1.36049211e-01 1.50928795e-01 5.64236879e-01 3.56603682e-01
    6.72959268e-01 3.20865542e-01 8.79848838e-01 4.03837800e-01
    2.35398442e-01 2.52239168e-01 6.62689507e-02 4.74916637e-01
    4.86835510e-01 5.16334176e-01 5.27576089e-01 4.29478884e-02
    7.48264432e-01 4.29319113e-01 9.87673044e-01 8.72992814e-01
    1.70759648e-01 9.01536345e-02 9.82374549e-01 9.52242970e-01
    7.47562528e-01 7.30315387e-01 4.12752748e-01 8.12078238e-01
    4.25753057e-01 3.05348992e-01 8.49032819e-01 4.97712582e-01
    9.59589839e-01 2.47403532e-01 7.36385047e-01 1.57785535e-01
    4.84541267e-01 4.94640142e-01 3.42560291e-01 7.36509979e-01
    2.90635318e-01 5.08664846e-01 4.57891673e-01 5.02003014e-01
    5.55162013e-01 9.28457201e-01 7.93997645e-01 4.24051344e-01
    9.56723690e-01 5.68353593e-01 4.72866207e-01 9.66531992e-01
    6.48580551e-01 8.99341822e-01 8.63704503e-01 9.43954766e-01
    7.78512716e-01 2.47351944e-01 6.22086704e-01 9.24063206e-01
    2.11481839e-01 8.48322928e-01 3.65290046e-02 9.31394696e-01
    7.97977328e-01 7.58210897e-01 9.66999769e-01 4.59498078e-01
    8.66678953e-02 5.92486143e-01 4.86535847e-01 8.54938030e-01
    6.12613797e-01 4.80959028e-01 1.78720802e-01 2.84619510e-01
    8.43820393e-01 6.65582180e-01 6.54516697e-01 6.88287258e-01
    4.08709377e-01 3.88245165e-01 8.60461354e-01 1.35652810e-01
    1.43037885e-01 7.00828910e-01 2.77030557e-01 7.30717957e-01
    8.53780866e-01 2.67208278e-01 8.72963786e-01 6.88551664e-02
    8.95916820e-01 9.45297182e-02 7.74943829e-01 7.08900332e-01
    6.58753991e-01 1.19419992e-01 8.40214133e-01 2.71112561e-01
    4.56029207e-01 6.32479727e-01 6.49889827e-01 2.27836937e-01
    9.85711455e-01 1.17971152e-01 7.71432698e-01 6.71545982e-01
    4.04202938e-03 3.24231744e-01 2.68746078e-01 5.38630724e-01
    5.03195226e-01 1.39144391e-01 3.38084221e-01 4.32940871e-01
    6.28108680e-01 2.48768896e-01 5.73779225e-01 7.06989765e-02
    8.07171822e-01 9.62558985e-02 3.90607655e-01 9.32072282e-01
    5.76135457e-01 9.25690770e-01 3.92598510e-01 3.82205039e-01
    1.52307391e-01 9.61696565e-01 8.08140397e-01 9.31308866e-01
    5.07874846e-01 8.33512843e-02 8.50766420e-01 3.59406650e-01
    7.58713841e-01 1.63521916e-01 7.27100372e-02 4.46811348e-01
    9.37723994e-01 2.34039992e-01 1.81214899e-01 1.01930678e-01
    5.67137599e-02 6.26955867e-01 7.46976197e-01 5.59339821e-02
    8.69649410e-01 5.73180974e-01 2.76028395e-01 5.30451953e-01
    9.25222874e-01 1.05559379e-01 5.60403764e-02 9.51311588e-01
    5.59428215e-01 8.19533169e-02 9.97841299e-01 6.46118999e-01
    4.29990888e-01 2.17564076e-01 9.34086442e-01 6.31437480e-01
    8.86040330e-01 2.87206084e-01 1.47841275e-02 8.16413999e-01
    1.08972937e-01 7.42516279e-01 5.64662516e-02 2.20602542e-01
    2.16093659e-01 8.36673856e-01 4.33916897e-01 9.16133523e-01
    1.58854008e-01 6.50764644e-01 5.29524624e-01 5.37743509e-01
    3.97082001e-01 9.14797664e-01 5.58370590e-01 6.35541677e-01
    8.27910185e-01 8.15598547e-01 1.71003014e-01 6.72463536e-01
    5.99070072e-01 8.32932949e-01 6.82307065e-01 7.33518362e-01
    6.54609978e-01 3.18507254e-01 5.51930070e-01 7.43971109e-01
    8.20050895e-01 3.54261130e-01 7.94912219e-01 2.83316374e-02
    8.03562522e-01 7.05181599e-01 8.26650143e-01 2.72550374e-01
    6.55730069e-01 9.85154033e-01 2.14434862e-02 7.98016310e-01
    8.74703765e-01 8.83747637e-01 1.84099108e-01 8.74020219e-01
    8.31054747e-02 8.11066091e-01 7.09858239e-01 3.74481380e-01
    8.30045164e-01 4.04263526e-01 6.16061091e-01 8.25579643e-01
    9.60009694e-01 9.61258233e-01 9.17777181e-01 9.63894129e-01
    9.50165510e-01 4.32270229e-01 4.76742238e-01 8.83672357e-01
    7.09723175e-01 9.78359282e-01 8.53812873e-01 9.87360358e-01
    3.77258539e-01 3.33373070e-01 8.75802517e-01 4.74282950e-01
    2.23049849e-01 3.67341995e-01 5.81096709e-02 1.84310168e-01
    4.50897187e-01 5.42729259e-01 1.27116621e-01 6.67618215e-02
    4.34319168e-01 4.67432737e-01 2.96318293e-01 9.58198965e-01
    2.46781230e-01 2.80940652e-01 5.72548091e-01 2.12325394e-01
    9.94620025e-02 6.34983063e-01 4.63758737e-01 2.14978695e-01
    3.73969555e-01 5.89598835e-01 1.68242067e-01 7.80944347e-01
    8.78845811e-01 6.13198042e-01 1.00722879e-01 8.29555392e-01
    9.66471553e-01 6.47816062e-01 5.13666928e-01 6.37997985e-01
    9.73520577e-02 7.89000392e-02 2.24289596e-01 7.08979726e-01
    6.58705711e-01 9.55821991e-01 9.65404809e-01 9.00990486e-01
    8.03167343e-01 6.85554564e-01 6.15488291e-02 7.22725332e-01
    2.33167410e-03 6.23905778e-01 4.02650535e-02 8.07035804e-01
    3.89593840e-01 5.33085227e-01 1.87128991e-01 5.23082137e-01
    8.15158367e-01 3.43681514e-01 7.45008349e-01 8.03123415e-01
    9.58587646e-01 6.71715498e-01 4.67572808e-01 3.38966161e-01
    4.37637568e-01 7.13091195e-02 4.32799548e-01 2.69090354e-01
    2.30815351e-01 2.83185303e-01 2.65903890e-01 3.09276640e-01
    7.76019335e-01 3.42643261e-02 6.85296535e-01 1.14083886e-02
    3.34781528e-01 1.84787214e-01 9.69291985e-01 8.12449157e-02
    9.74331737e-01 5.13566136e-01 2.85578668e-01 3.24813247e-01
    4.81306195e-01 7.71933138e-01 9.44121242e-01 3.12092185e-01
    7.29846120e-01 4.16209966e-01 1.19429827e-03 1.03413463e-01
    3.09293389e-01 3.15908432e-01 6.62814736e-01 1.13886207e-01
    7.66452432e-01 1.25485301e-01 7.96038508e-01 5.77535868e-01
    6.11447692e-02 7.99080729e-01 5.77448189e-01 1.36010617e-01
    5.88424206e-02 2.26749897e-01 6.26811624e-01 8.55252028e-01
    6.45743072e-01 8.30230474e-01 8.34543943e-01 3.29581529e-01
    2.50176787e-01 5.05620539e-01 2.99842954e-01 9.29200709e-01
    1.69422626e-01 6.60750151e-01 6.74616456e-01 9.58372593e-01
    3.12852472e-01 3.91968787e-02 1.15569979e-01 9.05154765e-01
    9.63933647e-01 8.30144048e-01 8.16409111e-01 4.15673196e-01
    6.13059521e-01 6.42175972e-02 9.19184089e-01 1.64624244e-01
    9.17086244e-01 7.67577231e-01 2.15416312e-01 8.54790807e-01
    6.39632165e-01 3.18334460e-01 1.52564496e-01 2.46609628e-01
    3.10559094e-01 8.30081522e-01 3.51691365e-01 9.61811185e-01
    1.75451368e-01 6.27405345e-02 2.01817304e-01 4.75916713e-01
    3.61699641e-01 1.86192989e-03 1.40669167e-01 7.45727241e-01
    2.11350262e-01 5.41666567e-01 4.07783329e-01 9.38499272e-01
    8.51883054e-01 1.49198204e-01 1.41720355e-01 6.80735648e-01
    3.25705230e-01 7.54668713e-01 5.10762632e-02 7.44598508e-01
    8.98118973e-01 1.59237206e-01 3.93439114e-01 9.75193143e-01
    1.89091563e-02 6.29202843e-01 1.30303413e-01 9.90746081e-01
    6.88054681e-01 3.30850780e-02 4.05968606e-01 4.99122202e-01
    2.19956338e-02 6.22298539e-01 6.61962569e-01 6.17447615e-01
    3.75669599e-01 1.39109761e-01 9.03028846e-01 5.69584072e-01
    2.78543323e-01 2.11165130e-01 3.90998900e-01 5.04196405e-01
    5.60354531e-01 7.98956156e-01 6.88960195e-01 3.07663739e-01
    9.05031562e-01 5.28434992e-01 3.19927543e-01 1.19115233e-01
    8.09616446e-01 6.52211368e-01 9.40141797e-01 3.39629531e-01
    8.25342834e-01 7.44771242e-01 6.91319585e-01 4.23156708e-01
    3.98129165e-01 9.42377210e-01 3.33797336e-01 1.47166461e-01
    5.27506471e-01 8.80149603e-02 3.47637892e-01 7.70301461e-01
    5.39707184e-01 5.81833601e-01 2.07229763e-01 2.67057121e-01
    5.91007352e-01 3.68936628e-01 4.88329828e-02 1.78265899e-01
    5.08539081e-01 9.33397174e-01 9.96770263e-01 9.55313802e-01
    6.65528655e-01 1.71779603e-01 7.53739119e-01 4.66739208e-01
    5.37248135e-01 3.97136569e-01 9.31777954e-01 8.49913836e-01
    7.10578382e-01 1.29439145e-01 9.18111324e-01 8.06078196e-01
    1.92526489e-01 7.88103640e-02 3.10385585e-01 9.20257807e-01
    1.83824956e-01 5.97476602e-01 4.13437188e-02 2.34905511e-01
    3.59734088e-01 4.11002994e-01 8.19226742e-01 3.33604336e-01
    3.73045385e-01 8.93127501e-01 8.86128068e-01 5.00006258e-01
    1.47505105e-01 9.13210630e-01 6.47088110e-01 3.70383084e-01
    5.24956763e-01 5.65994680e-02 8.61640453e-01 9.69780684e-01
    2.44395077e-01 7.10581660e-01 8.87317419e-01 2.39120215e-01
    7.54544973e-01 3.92109752e-01 6.45543396e-01 4.79849845e-01
    2.27009892e-01 7.52817929e-01 7.85544872e-01 9.52824473e-01
    3.53223681e-02 5.17128825e-01 5.53489029e-01 9.85905766e-01
    6.91859484e-01 6.13518655e-01 4.23786312e-01 8.66125822e-01
    3.67974818e-01 7.90103674e-02 5.61914980e-01 6.55712962e-01
    4.14442271e-01 1.33451492e-01 3.15329134e-01 4.13975805e-01
    7.74365067e-01 2.59643793e-01 8.86321068e-05 9.41367507e-01
    5.80957830e-02 2.91925609e-01 1.52512878e-01 9.47181582e-01
    8.33664298e-01 3.75741839e-01 2.95919478e-01 6.90882087e-01
    4.72590446e-01 5.44458032e-02 2.56038487e-01 4.80947793e-01
    5.23468733e-01 8.66359472e-03 5.46539068e-01 5.64740777e-01
    7.20072567e-01 7.96308875e-01 3.51477325e-01 2.93767393e-01
    1.85530812e-01 3.20955008e-01 2.43932039e-01 8.34769726e-01
    8.38728011e-01 7.59281933e-01 3.38613242e-01 2.26213515e-01
    6.08835638e-01 4.46752131e-01 8.85371625e-01 4.08359230e-01
    9.64089751e-01 3.11659634e-01 6.98273778e-01 4.13684398e-01
    4.22668904e-01 7.31194079e-01 3.50006759e-01 3.82132709e-01
    6.41043365e-01 3.07250440e-01 3.59406710e-01 9.34839547e-01
    1.21307075e-02 2.70401984e-01 6.77000880e-01 1.03358060e-01
    1.17310882e-01 1.18890405e-02 3.19029212e-01 5.39139688e-01
    7.29630530e-01 4.78836000e-02 3.41021717e-01 9.02739465e-02
    6.04994118e-01 6.01490378e-01 3.16255003e-01 9.80353117e-01
    4.39093918e-01 7.59189904e-01 1.33538127e-01 9.36463594e-01
    3.19237053e-01 3.47704470e-01 6.27830863e-01 8.66051197e-01
    1.06173784e-01 7.96512127e-01 9.69976068e-01 3.43789876e-01
    4.96543765e-01 3.94509494e-01 6.73139811e-01 7.48077929e-01
    1.36413127e-01 9.36580181e-01 4.85924840e-01 5.06914854e-01
    3.90755475e-01 4.51177001e-01 7.90657938e-01 8.93893600e-01
    8.18289876e-01 3.11074853e-01 6.06726170e-01 1.46674156e-01
    9.72832978e-01 8.81914854e-01 6.16257846e-01 9.94149745e-01
    2.39863396e-01 6.36138082e-01 9.29869413e-01 2.84132957e-01
    3.69544178e-01 1.34429842e-01 4.12774086e-03 6.17727816e-01
    3.65308225e-01 1.25768214e-01 1.49874270e-01 8.36357474e-01
    7.18481064e-01 3.65154564e-01 3.20491076e-01 8.20800781e-01
    6.66672587e-01 1.32409275e-01 7.90740192e-01 5.53513169e-01
    3.46874654e-01 7.00009108e-01 5.86886227e-01 4.07025099e-01
    1.67956501e-01 7.51130044e-01 2.31876910e-01 7.95995891e-02
    2.19012082e-01 5.74239790e-01 4.93389428e-01 2.65644670e-01
    1.93924814e-01 6.72080278e-01 7.89347291e-03 2.07856953e-01
    3.16786408e-01 9.67966259e-01 6.14860237e-01 3.88430417e-01
    1.02805197e-02 8.33449304e-01 2.96202004e-01 4.49157745e-01
    2.49079227e-01 8.87946665e-01 9.13309932e-01 6.01767659e-01
    5.98674834e-01 3.21142077e-01 8.12648952e-01 6.56226873e-02
    6.34722948e-01 9.77059364e-01 5.52397311e-01 1.16315663e-01
    7.92865932e-01 3.03116918e-01 3.78780305e-01 9.70081449e-01
    6.18782580e-01 1.94040060e-01 2.73533762e-01 6.37336135e-01
    8.04373622e-03 8.40526581e-01 9.21970189e-01 8.06538343e-01
    3.41878057e-01 4.40365374e-02 4.95520264e-01 8.19440782e-02
    7.25742280e-02 6.56701684e-01 9.70839977e-01 4.52173948e-01
    6.63850605e-02 1.84299827e-01 2.56530166e-01 2.24037826e-01
    2.41451651e-01 8.87544751e-02 6.52154565e-01 1.52445614e-01
    9.34863091e-01 9.80795622e-01 8.05331349e-01 5.54446042e-01
    9.63467121e-01 7.88145781e-01 9.15268421e-01 7.33831525e-02
    1.52822733e-02 4.23148453e-01 5.76034784e-02 5.75718403e-01
    4.90899771e-01 7.80030370e-01 1.74919039e-01 1.94736689e-01
    9.69083846e-01 3.94453526e-01 8.25452507e-02 8.32396448e-01
    5.51692724e-01 9.76495147e-01 1.55407876e-01 8.14509749e-01
    7.96168983e-01 1.53781772e-02 4.96160984e-03 4.64807361e-01
    9.30853128e-01 6.85875356e-01 5.22082925e-01 2.96398938e-01
    2.01074481e-01 5.31264305e-01 1.61801696e-01 9.99768496e-01
    7.15949237e-01 8.85670304e-01 8.47790241e-02 1.31161988e-01
    8.14663291e-01 1.73748434e-01 3.90587837e-01 5.87718487e-01
    1.15627706e-01 1.22012019e-01 4.55789089e-01 1.32419348e-01
    2.79400349e-01 3.09691340e-01 5.60556948e-01 2.03593373e-01
    8.87682736e-02 1.78254783e-01 1.57627076e-01 8.38259816e-01
    2.28204906e-01 5.44988275e-01 5.00775695e-01 4.21081483e-01
    8.07068944e-02 8.29504013e-01 8.40684593e-01 9.98856306e-01
    2.65358090e-02 6.09144986e-01 8.13011229e-02 2.66652405e-01
    5.14786243e-02 1.89778209e-03 1.38958812e-01 6.02130294e-01
    7.57573009e-01 4.18200463e-01 5.85282624e-01 8.42953682e-01
    5.64278007e-01 6.64454877e-01 7.03259706e-01 9.44169760e-01
    1.25044584e-01 8.44143450e-01 8.91814113e-01 5.79510093e-01
    9.01750207e-01 5.26327670e-01 5.94666302e-02 6.78538024e-01
    7.46676326e-01 4.46470678e-02 1.66294128e-01 4.86575633e-01
    4.76372749e-01 7.59935021e-01 3.89857352e-01 7.22335815e-01
    5.54687083e-01 3.79164785e-01 3.58249217e-01 7.92685270e-01
    2.01279521e-02 4.48954999e-01 2.56181657e-02 1.30740702e-02
    5.08170724e-02 7.10945904e-01 4.48820531e-01 8.55782390e-01
    9.93238211e-01 6.20343089e-02 6.72692478e-01 3.61043870e-01
    8.92094851e-01 8.18294644e-01 2.62116790e-02 3.20970923e-01
    4.11943048e-01 1.56574219e-01 2.79900670e-01 4.23701495e-01
    6.84600770e-01 3.64152610e-01 5.03733099e-01 8.41689289e-01
    3.72825861e-01 9.12981212e-01 9.28926110e-01 1.69636011e-02
    2.09144056e-01 5.60127437e-01 3.81515741e-01 3.40038121e-01
    1.20241940e-02 8.59476924e-01 5.59942424e-02 6.10192060e-01
    8.44870090e-01 3.73996943e-01 1.58597559e-01 2.88535446e-01
    2.18303740e-01 1.78864986e-01 7.85153508e-02 5.66381693e-01
    7.72097409e-02 6.41907692e-01 6.52974725e-01 5.82436085e-01
    5.96596897e-01 4.79762256e-01 3.55666310e-01 2.45509148e-02
    6.72147632e-01 9.41424012e-01 1.10874951e-01 5.16923130e-01
    1.99909717e-01 2.03614771e-01 8.10254276e-01 3.54894966e-01
    3.01147103e-01 2.27617383e-01 8.36231232e-01 5.80534577e-01
    4.98308718e-01 1.81525022e-01 3.11721355e-01 3.94915283e-01
    6.13150895e-01 1.39980227e-01 3.06990564e-01 3.74426782e-01
    9.67006981e-01 1.42392248e-01 5.40194392e-01 9.26215410e-01
    2.28896409e-01 8.86184514e-01 6.99182987e-01 3.91874641e-01
    2.91377306e-03 1.99190706e-01 4.21169460e-01 3.75651598e-01
    7.19169497e-01 2.56331861e-02 9.73717272e-01 6.86059296e-01
    5.18489301e-01 9.75845098e-01 2.29977131e-01 9.60464001e-01
    5.39231598e-01 3.07909191e-01 7.27527201e-01 3.70559990e-01
    4.31930482e-01 2.95172155e-01 9.09574270e-01 3.29798937e-01
    1.57885432e-01 6.21949077e-01 8.84919465e-02 1.41560286e-01
    8.01197946e-01 5.90504885e-01 7.93023944e-01 5.27105212e-01
    8.98247480e-01 3.85618269e-01 5.56663156e-01 4.76128131e-01
    4.74086583e-01 3.43180060e-01 7.69262433e-01 8.87930870e-01
    4.11419451e-01 9.84601140e-01 8.25178802e-01 7.19749987e-01
    3.42558295e-01 6.91654921e-01 7.87454009e-01 7.10862696e-01
    8.10780883e-01 1.62777275e-01 3.68395448e-01 9.57854748e-01
    9.11467910e-01 5.07326782e-01 8.49919081e-01 3.33819270e-01
    6.63331747e-01 2.21460372e-01 9.23244357e-02 6.24714375e-01
    5.86738467e-01 7.67568648e-01 9.35793698e-01 3.92835736e-02
    7.50531256e-02 5.30148208e-01 7.24114418e-01 3.48058015e-01
    1.44881755e-01 5.22904694e-02 3.57641369e-01 2.78465748e-01
    8.08342814e-01 4.17135954e-02 2.55499363e-01 5.18956482e-01
    2.30157703e-01 7.17610121e-04 6.12097979e-01 3.91365737e-01
    5.02972603e-02 9.86749232e-01 7.55614877e-01 1.13437116e-01
    8.83816302e-01 8.38888526e-01 9.71746325e-01 1.89809024e-01
    3.15384358e-01 6.02750480e-01 6.56012058e-01 2.07638681e-01
    4.89105016e-01 3.95616889e-01 8.56691420e-01 4.37529832e-01
    5.71134448e-01 3.44488323e-01 6.06007159e-01 2.01241285e-01
    5.41347206e-01 3.94121945e-01 1.50486499e-01 6.26543164e-03
    1.95385754e-01 8.25935781e-01 4.45988268e-01 3.99646044e-01
    1.42837971e-01 4.28537726e-01 8.78186405e-01 4.53340709e-02
    2.80845731e-01 5.51485240e-01 8.61870408e-01 4.63370055e-01
    6.21314168e-01 1.96782678e-01 5.40907383e-02 8.54385555e-01
    6.24686420e-01 9.87681389e-01 3.96699667e-01 2.09778547e-04
    2.40518272e-01 9.88265097e-01 1.52709603e-01 4.17997897e-01
    9.36549962e-01 1.29744917e-01 8.64855945e-01 6.44382834e-01
    6.09336376e-01 6.82090044e-01 7.73028135e-01 6.78346515e-01
    5.78373671e-01 6.14196301e-01 9.38249826e-01 9.20117140e-01
    3.85725677e-01 8.52868021e-01 7.71758199e-01 2.49409080e-01
    6.29025221e-01 4.91691828e-01 7.37975121e-01 6.01612329e-01
    8.93555760e-01 2.12692171e-01 1.76251829e-02 5.93942046e-01
    4.20490921e-01 1.75595760e-01 3.31896365e-01 1.16463780e-01
    4.83039171e-01 6.52665794e-01 4.53896791e-01 4.99346852e-02
    5.93164504e-01 4.15423423e-01 2.62874365e-01 9.04419720e-01
    2.17039764e-01 9.14439976e-01 9.02058363e-01 4.24367517e-01
    6.93366826e-01 5.07376671e-01 4.27534044e-01 2.94849634e-01
    1.14838988e-01 1.01801515e-01 7.95779705e-01 3.31862569e-02
    9.11377668e-01 1.00134611e-01 2.59692788e-01 8.49278629e-01
    1.81975305e-01 7.29537904e-01 9.81979787e-01 1.67763084e-01
    2.24902451e-01 5.48282623e-01 2.04100996e-01 8.63122106e-01
    4.40457851e-01 1.66658461e-01 5.66399753e-01 1.28462911e-03
    5.55614710e-01 1.55369639e-01 8.12608600e-02 1.16557777e-01
    5.60943484e-01 8.24694514e-01 9.75484908e-01 5.25315583e-01
    1.02138758e-01 2.63855666e-01 4.37323272e-01 4.05765891e-01
    7.87296832e-01 7.33727813e-02 9.00773764e-01 1.05529428e-02
    8.77529383e-03 8.47547174e-01 7.43179739e-01 8.96506786e-01
    5.14777482e-01 4.15720046e-02 3.90882760e-01 8.81462455e-01
    7.79151917e-04 7.75037110e-02 3.71974647e-01 4.29579139e-01
    9.20574427e-01 9.12771285e-01 6.67941630e-01 8.89416575e-01
    4.10035372e-01 1.69425756e-01 7.62891054e-01 6.57476544e-01
    9.26099956e-01 4.00700212e-01 3.87116432e-01 5.63106358e-01
    1.12167358e-01 3.61551762e-01 5.54522038e-01 4.12490636e-01
    3.43192160e-01 9.10770833e-01 4.73358721e-01 6.52091622e-01
    2.01297879e-01 5.05254686e-01 9.06068146e-01 5.50138533e-01
    9.62426186e-01 3.06676000e-01 3.47245097e-01 5.22986352e-02
    6.27170920e-01 7.33344376e-01 8.42247248e-01 2.44543225e-01
    6.14041746e-01 3.02974164e-01 4.63354766e-01 2.94120401e-01
    7.66718626e-01 3.49641860e-01 5.19080877e-01 1.01960868e-01
    4.31534380e-01 6.66084886e-01 7.33358085e-01 1.02337986e-01
    9.63398457e-01 2.01659620e-01 3.99207115e-01 4.22474086e-01
    5.10503888e-01 7.04839349e-01 1.83084071e-01 5.97618759e-01
    9.41863060e-01 8.98119450e-01 6.61139369e-01 9.05893326e-01
    7.74757802e-01 4.46045548e-01 8.57429504e-02 1.86346114e-01
    7.39403665e-02 6.21504307e-01 4.96623516e-01 7.45275617e-01
    8.78991485e-01 9.32451546e-01 2.57301390e-01 5.89059412e-01
    3.54633510e-01 9.67466593e-01 2.22060025e-01 9.03539538e-01
    3.45171094e-02 2.20799148e-02 5.25443971e-01 5.18702626e-01
    9.69988227e-01 5.89813292e-01 7.53350258e-01 1.62868053e-01
    4.15067434e-01 5.58986962e-02 2.69147575e-01 4.46967930e-01
    1.61832064e-01 9.52291727e-01 7.32321739e-01 6.32385373e-01
    2.33702630e-01 5.91092646e-01 8.41663361e-01 4.78837967e-01
    1.04232371e-01 6.15099311e-01 7.27326155e-01 4.97564524e-01
    1.24611467e-01 9.15695310e-01 8.91163111e-01 9.42057729e-01
    5.85377455e-01 3.51681650e-01 2.44444579e-01 5.65428078e-01
    3.78294438e-01 5.69071651e-01 5.99004686e-01 5.06371796e-01
    2.78096199e-02 3.94478261e-01 9.88405466e-01 5.30830264e-01
    8.03357422e-01 5.93043268e-02 6.56286597e-01 9.37144160e-01
    7.93820620e-03 7.47330785e-01 5.51125288e-01 9.98223364e-01
    6.73543155e-01 7.23566055e-01 3.68672252e-01 1.66476756e-01
    6.44101501e-01 2.68284231e-01 5.52943110e-01 8.10248494e-01
    5.21877706e-01 7.01127589e-01 5.77919364e-01 1.48305237e-01
    8.37162197e-01 1.80037141e-01 8.61911178e-01 3.76690626e-02
    9.15709853e-01 1.08012408e-01 7.74955988e-01 7.19915986e-01
    6.04481161e-01 3.82956237e-01 1.95039541e-01 8.25691581e-01
    8.56024384e-01 7.84937501e-01 6.22518301e-01 2.29794472e-01
    7.70516872e-01 9.64948654e-01 7.12981582e-01 7.29784787e-01
    4.39401269e-01 3.84069353e-01 7.23923266e-01 1.66891336e-01
    5.36711752e-01 9.73850965e-01 3.48288357e-01 7.71254778e-01
    4.01723862e-01 8.91739726e-02 8.85995030e-02 3.30685675e-02
    2.07808167e-01 1.90006137e-01 2.84407973e-01 1.38906837e-02
    2.19932646e-01 9.96625423e-02 2.24743903e-01 7.02956080e-01
    2.49695212e-01 6.75807059e-01 1.53906345e-02 1.82104915e-01
    5.20933688e-01 4.35039163e-01 3.57400179e-02 6.20295763e-01
    2.19538510e-02 6.22963250e-01 6.17390513e-01 9.21649754e-01
    8.30590546e-01 3.08322966e-01 6.73762023e-01 3.83796036e-01
    5.88229537e-01 1.65537655e-01 1.91257298e-02 5.77943921e-01
    4.70587403e-01 6.92843854e-01 1.86687082e-01 8.12984705e-01
    5.70879102e-01 8.16148758e-01 4.39395756e-01 4.71506715e-01
    2.22477436e-01 1.55910909e-01 9.85696673e-01 3.41367185e-01
    5.09744108e-01 2.87225008e-01 2.33509332e-01 3.64327759e-01
    2.89433718e-01 8.34417343e-03 1.62315220e-01 6.57126904e-02
    2.81926215e-01 3.92328709e-01 7.62744427e-01 4.01351273e-01
    2.10093766e-01 5.64225614e-02 5.44977307e-01 7.90452361e-02
    3.40868056e-01 1.85894161e-01 7.42974877e-03 6.42302275e-01
    8.21032286e-01 3.91527116e-02 1.64031357e-01 4.11654830e-01
    2.87949920e-01 2.47964263e-02 1.58894628e-01 2.86274016e-01
    3.56049389e-01 2.24990159e-01 4.46304023e-01 4.12690759e-01
    1.18351072e-01 8.13212574e-01 1.59631580e-01 1.95018351e-01
    4.05203223e-01 8.29673946e-01 6.23538733e-01 9.08806860e-01
    9.19318199e-01 1.56044245e-01 7.36776888e-01 1.56015486e-01
    4.83375728e-01 9.43207383e-01 7.48924911e-01 4.59003747e-02
    7.39794910e-01 6.72072291e-01 6.28709257e-01 1.65227354e-02
    8.71947765e-01 3.93770218e-01 3.54170203e-01 2.35581100e-02
    9.85003889e-01 5.82383275e-02 4.82185006e-01 2.32670397e-01
    9.98677611e-01 9.67167139e-01 9.08865631e-01 6.95200801e-01
    4.72505450e-01 5.21045744e-01 3.37784439e-01 4.42481428e-01
    2.09892035e-01 5.93442380e-01 7.20521033e-01 5.90591490e-01
    5.44703722e-01 1.39844418e-03 8.51733923e-01 8.27705383e-01
    2.29639977e-01 3.29499841e-01 8.98361444e-01 6.15360141e-01
    6.80288851e-01 7.99408913e-01 8.55515718e-01 2.46431082e-01
    9.89386737e-01 2.54250228e-01 9.27749276e-01 6.40788734e-01
    3.39806139e-01 8.86409640e-01 3.45805436e-01 5.11885226e-01
    2.69259572e-01 4.40369606e-01 6.77848697e-01 3.86253178e-01
    1.65484697e-01 5.54376006e-01 1.94514126e-01 2.95581460e-01
    5.28408229e-01 1.29676580e-01 1.67356759e-01 4.75355029e-01
    9.30699944e-01 2.28205919e-01 8.43245625e-01 2.29401201e-01
    8.62366319e-01 4.35002029e-01 3.18247437e-01 1.48052603e-01
    9.89237964e-01 5.29863894e-01 5.64541578e-01 3.30572248e-01
    3.43652010e-01 9.23953891e-01 2.26311624e-01 5.53863704e-01
    6.31901681e-01 3.50000769e-01 1.58617884e-01 4.85912025e-01
    8.19603741e-01 6.01843417e-01 4.23026621e-01 3.07868034e-01
    3.92919183e-02 3.40814114e-01 2.79501140e-01 3.02621514e-01
    6.39740229e-01 3.88529956e-01 6.25548959e-01 5.38553655e-01
    1.48878098e-01 1.41752660e-02 9.44639325e-01 8.82781863e-01
    1.90190196e-01 7.55724549e-01 5.99023700e-01 3.36238801e-01
    9.32950258e-01 1.73866391e-01 7.25496888e-01 7.32817948e-02
    6.27598643e-01 2.93716311e-01 5.61333656e-01 6.67182803e-01
    3.19412112e-01 6.35474563e-01 4.87496883e-01 7.93906569e-01
    2.04485685e-01 4.77538049e-01 6.51339889e-01 6.25500441e-01
    9.99364495e-01 1.44078851e-01 4.42308068e-01 9.22238231e-01
    1.15230531e-01 8.93435240e-01 1.72642678e-01 8.10797215e-01
    3.17105353e-02 7.80082405e-01 2.51496494e-01 2.54883170e-01
    1.66614473e-01 3.21536869e-01 4.96014357e-01 9.92871284e-01
    9.71796870e-01 1.88344538e-01 2.48082578e-02 1.21710807e-01
    3.98851335e-01 8.15530300e-01 9.72034574e-01 8.92277181e-01
    9.54169869e-01 2.57144213e-01 5.22406816e-01 9.44081426e-01
    1.25582367e-01 6.47885501e-01 3.69339556e-01 3.46911848e-02
    4.82946754e-01 2.66189665e-01 9.16876316e-01 7.73764729e-01
    7.43622065e-01 2.88674831e-02 5.39439023e-01 8.57281685e-03
    2.48350501e-01 3.93801570e-01 6.56558692e-01 2.80937552e-03
    4.43318278e-01 8.63106132e-01 4.90654171e-01 6.51705980e-01
    9.44732487e-01 2.10403502e-02 5.96769929e-01 5.20604372e-01
    2.43668020e-01 5.01959622e-02 6.76158547e-01 8.85849178e-01
    9.24996495e-01 6.80467844e-01 4.16455328e-01 8.26146066e-01
    3.91712785e-01 5.75053155e-01 5.42801082e-01 5.21984339e-01
    2.55649805e-01 3.33294183e-01 8.70339036e-01 9.11849439e-02
    7.87133753e-01 3.50077957e-01 6.85035110e-01 4.71687198e-01
    4.19159591e-01 4.30719882e-01 6.63794875e-01 1.13829613e-01
    2.71475554e-01 3.61721933e-01 6.83085620e-01 4.78118658e-03
    3.66891026e-02 4.53549892e-01 2.69241571e-01 7.30903506e-01
    2.19867468e-01 1.60730720e-01 9.14134145e-01 1.15163654e-01
    2.56504774e-01 8.56305122e-01 1.23941928e-01 5.54929435e-01
    3.19089860e-01 1.53198928e-01 2.64793038e-02 6.34293795e-01
    6.08781278e-02 5.88983476e-01 5.64685464e-01 7.60071278e-02
    1.09872490e-01 4.54053372e-01 3.14935505e-01 8.80983472e-02
    4.51339126e-01 1.35423690e-01 4.97905374e-01 9.04927194e-01
    3.41655731e-01 1.50298655e-01 7.51471877e-01 3.50365937e-01
    1.44127905e-02 6.02885604e-01 3.77778143e-01 5.78632832e-01
    7.57708907e-01 7.56379843e-01 4.40153331e-01 6.24749541e-01
    1.36354864e-02 7.92030752e-01 5.02264500e-03 4.92880970e-01
    2.76571006e-01 1.01101846e-01 7.69895613e-02 9.60596204e-01
    5.52416027e-01 6.36998773e-01 5.26869476e-01 7.62974620e-02
    7.33700573e-01 3.29112142e-01 2.32995898e-01 4.15972412e-01
    7.79977977e-01 5.77958763e-01 3.47227991e-01 7.08318472e-01
    6.30774796e-02 4.29421455e-01 2.48315006e-01 1.41168803e-01
    1.70620203e-01 6.24816060e-01 5.11275232e-02 1.31910145e-02
    8.75161886e-01 5.15283406e-01 5.52197695e-02 5.99338174e-01
    9.31236029e-01 4.29966986e-01 6.29750311e-01 8.44432235e-01
    4.22976792e-01 9.10088062e-01 5.39335608e-01 6.94453895e-01
    1.42769814e-02 7.98920989e-01 7.69661427e-01 1.33296251e-01
    5.60009480e-01 7.24367201e-01 7.19932616e-02 6.61417902e-01
    4.05721575e-01 1.53910905e-01 1.15201920e-01 6.93003178e-01
    9.34404016e-01 8.94763470e-02 4.00978386e-01 2.69336343e-01
    9.78143930e-01 1.65133685e-01 3.46090436e-01 9.48912382e-01
    5.80043077e-01 1.90805167e-01 7.91945517e-01 9.50311542e-01
    9.25307333e-01 5.17016351e-01 3.05079281e-01 6.48195207e-01
    3.40399504e-01 7.42467880e-01 8.64929855e-01 5.47258258e-02
    9.14242744e-01 8.76072109e-01 9.58163381e-01 4.12104964e-01
    6.05340838e-01 5.64106524e-01 2.54911065e-01 6.51041985e-01
    4.90324974e-01 4.39978808e-01 5.31492472e-01 6.45233929e-01
    5.68173945e-01 8.26204300e-01 2.69195586e-01 1.85504913e-01
    1.95958555e-01 3.93959492e-01 5.45598447e-01 6.37778342e-02
    2.34969527e-01 3.72323394e-03 1.92038208e-01 7.29519129e-02
    1.05338454e-01 3.91590893e-01 5.53532779e-01 3.35005164e-01
    8.70533288e-02 9.12104845e-01 9.93523240e-01 2.21493632e-01
    9.71767664e-01 2.40366727e-01 7.88451374e-01 8.08529615e-01
    9.86464798e-01 5.55925965e-01 4.34956312e-01 5.04425526e-01
    3.07625830e-01 6.40999436e-01 8.39183331e-02 8.42250347e-01
    4.92913157e-01 2.19753802e-01 9.90874887e-01 4.23833370e-01
    8.09046626e-02 1.72802925e-01 4.66561496e-01 7.10750520e-01
    6.29526377e-01 9.83314872e-01 8.68918061e-01 5.09621620e-01
    2.73422599e-01 8.88889670e-01 3.23365092e-01 7.17212260e-02
    1.42928094e-01 1.25190884e-01 1.17050827e-01 7.33261168e-01
    4.17161494e-01 1.65197700e-01 7.59444714e-01 5.33251882e-01
    2.01475620e-03 7.12585449e-01 6.99266434e-01 9.61333692e-01
    9.49784756e-01 5.12609124e-01 9.00138497e-01 1.95556104e-01
    6.20946169e-01 1.27060711e-02 9.60847139e-02 6.21872365e-01
    8.42824697e-01 2.93413460e-01 8.08817744e-02 8.76512766e-01
    5.40136278e-01 7.99303532e-01 1.08780295e-01 3.44206512e-01
    2.97006249e-01 5.74760497e-01 7.06330538e-02 5.92301607e-01
    7.97166467e-01 5.55849254e-01 1.60507739e-01 7.05497205e-01
    7.24270880e-01 9.33371544e-01 3.48835647e-01 7.54940212e-01
    3.37418377e-01 9.72442567e-01 6.18415833e-01 3.46522987e-01
    4.69019055e-01 9.09184694e-01 2.49181241e-01 1.97618008e-02
    3.69127274e-01 6.63621724e-02 3.26288998e-01 4.13918316e-01
    2.74166763e-01 6.28611743e-01 3.18416953e-03 8.42105210e-01
    9.33524966e-03 4.15378809e-01 2.71556050e-01 9.53130007e-01
    6.98053837e-01 3.16845477e-01 1.83901429e-01 6.88173234e-01
    4.92685795e-01 3.61088216e-02 2.17117310e-01 2.54560113e-02
    1.47996038e-01 9.10564780e-01 4.96070236e-01 3.31659704e-01
    9.46318269e-01 3.58602762e-01 4.18033898e-02 9.85670745e-01
    4.92272079e-01 3.95699233e-01 5.92244804e-01 8.16190541e-02
    5.43630123e-03 2.75299549e-01 1.74857736e-01 7.99317002e-01
    3.76168042e-01 2.46447563e-01 7.76016474e-01 6.01771355e-01
    5.10212064e-01 6.64690375e-01 9.05098200e-01 1.26971602e-01
    1.76303476e-01 1.65860295e-01 2.70084918e-01 8.13924432e-01
    1.49385631e-01 2.14202642e-01 3.91418636e-02 4.81859416e-01
    5.50225556e-01 4.17707741e-01 4.97863710e-01 6.76828980e-01
    6.55168295e-01 7.59613752e-01 6.68307245e-01 7.01173425e-01
    6.13326132e-01 7.89240837e-01 5.77508211e-01 8.01787376e-01
    8.18352580e-01 8.52260530e-01 2.99308658e-01 7.32423306e-01
    3.43333542e-01 3.91252100e-01 8.21652174e-01 1.30951136e-01
    2.62592703e-01 6.31192207e-01 9.14482951e-01 7.96566904e-01
    6.18445575e-02 1.99948698e-01 8.15092802e-01 3.63378406e-01
    2.46437818e-01 3.71050537e-01 5.77771068e-02 3.74505460e-01
    5.92842937e-01 6.85386300e-01 4.13864404e-01 2.70912647e-02
    5.61392903e-01 3.76554281e-01 4.04392987e-01 3.55231166e-02
    6.75901294e-01 8.81233215e-02 9.42198813e-01 3.72803390e-01
    6.94325447e-01 3.83881271e-01 8.95919204e-01 2.16037512e-01
    8.53317797e-01 8.22303772e-01 5.16977608e-01 1.73122078e-01
    1.13511562e-01 4.26151782e-01 8.00996900e-01 1.83458954e-01
    1.83995903e-01 7.52664506e-02 6.06389761e-01 6.51564181e-01
    2.78629601e-01 3.96023273e-01 6.41552329e-01 9.53305006e-01
    9.04562950e-01 3.34869981e-01 4.95328665e-01 1.96212023e-01
    2.75280178e-02 1.15032196e-02 1.21625751e-01 2.05744296e-01
    5.24626434e-01 2.12642848e-01 8.29327583e-01 3.04194629e-01
    8.15108597e-01 5.92587531e-01 3.69632572e-01 2.53846943e-02
    2.16911793e-01 6.95756733e-01 4.87573922e-01 4.26872313e-01
    3.95595044e-01 1.39971554e-01 5.85643470e-01 6.64463878e-01
    2.31455743e-01 5.08379698e-01 6.49705648e-01 6.80473447e-02
    2.52038896e-01 9.78243053e-01 1.24726981e-01 2.11294770e-01
    5.72665930e-01 5.21473587e-02 4.83591139e-01 8.07963490e-01
    9.73825574e-01 8.24107528e-01 9.89768505e-01 6.61672235e-01
    2.23110080e-01 9.04621065e-01 1.33813441e-01 9.17579055e-01
    6.00300431e-02 2.39720315e-01 1.41937464e-01 3.66777807e-01
    9.11920667e-01 8.92886281e-01 5.62698364e-01 8.40815187e-01
    9.41786706e-01 1.31682813e-01 1.58014953e-01 7.78919697e-01
    4.50801551e-02 9.92417336e-01 2.89903373e-01 5.61514378e-01
    2.84618497e-01 9.14889097e-01 6.75017655e-01 6.84432328e-01
    7.25477695e-01 9.90333378e-01 7.87854135e-01 3.82610232e-01
    9.66800928e-01 8.77799749e-01 6.27762496e-01 9.83521223e-01
    5.01563013e-01 3.07582855e-01 1.17714316e-01 6.08667493e-01
    5.78055203e-01 1.70001894e-01 8.81749392e-01 6.94993019e-01
    2.38739699e-01 8.57940793e-01 8.45235229e-01 5.30442953e-01
    8.95105302e-02 8.58616650e-01 7.81100273e-01 8.61617625e-01
    1.70078993e-01 6.96871281e-02 4.35181201e-01 3.38013172e-02
    5.66394329e-01 2.20603347e-01 9.63066220e-01 2.24156439e-01
    4.49162722e-01 8.23947310e-01 2.48616457e-01 8.93594325e-02
    5.74815869e-02 1.71091050e-01 4.39195603e-01 3.58224034e-01
    6.62426949e-01 5.41841984e-01 2.69395649e-01 4.81683105e-01
    4.48197275e-01 7.34498203e-01 8.66194010e-01 4.42162752e-01
    8.72065544e-01 8.61954212e-01 5.76385319e-01 9.06559169e-01
    7.52219915e-01 1.19104683e-02 9.50032473e-01 7.57972002e-01
    9.25725341e-01 4.84640330e-01 7.27159917e-01 4.65691358e-01
    3.43623519e-01 4.85824287e-01 8.58275294e-01 9.17120516e-01
    2.68655658e-01 7.39093900e-01 1.98415548e-01 7.28307426e-01
    5.93750298e-01 9.58819747e-01 8.84015560e-01 6.44334793e-01
    4.24377918e-01 8.30875516e-01 8.69718969e-01 2.49367833e-01
    7.45444238e-01 8.00507069e-02 2.62975127e-01 6.32143021e-02
    7.07207084e-01 6.39966130e-01 2.36639380e-01 2.19597012e-01
    9.92871404e-01 1.67341679e-01 1.84496552e-01 5.14054775e-01
    5.68206906e-01 9.91944432e-01 2.07870662e-01 1.58278495e-01
    1.83248550e-01 8.19373846e-01 7.15943098e-01 6.91951632e-01
    7.27053225e-01 2.72806346e-01 3.85204613e-01 6.02647662e-01
    3.28599215e-01 1.00448608e-01 1.37422025e-01 4.86206710e-01
    4.43195015e-01 5.58007777e-01 7.63861299e-01 6.42117918e-01
    4.08900857e-01 4.41317022e-01 6.14661813e-01 2.67598033e-02
    4.02269304e-01 5.01762033e-01 8.89923334e-01 6.96484506e-01
    3.96173865e-01 3.48823130e-01 6.01696610e-01 2.99171120e-01
    5.96565247e-01 2.44317114e-01 8.13815415e-01 7.10492611e-01
    2.11507559e-01 3.61631572e-01 5.55961549e-01 1.19352937e-02
    6.43587708e-01 9.67251062e-02 4.39504355e-01 8.49552035e-01
    8.76723409e-01 1.45793170e-01 2.96804249e-01 6.43469453e-01
    1.86615825e-01 8.44884634e-01 3.77523899e-01 5.32521367e-01
    4.38768327e-01 8.13742638e-01 6.12554252e-02 8.27885330e-01
    9.19255257e-01 3.06572378e-01 4.80086535e-01 5.33304274e-01
    1.36290550e-01 8.93426776e-01 2.14856535e-01 8.06769073e-01
    1.06054664e-01 5.35771191e-01 2.81192303e-01 9.09178674e-01
    1.47785723e-01 1.25021189e-01 3.41168880e-01 9.53307629e-01
    2.36684918e-01 1.49221331e-01 1.01071566e-01 1.70173556e-01
    9.16524649e-01 3.24827671e-01 3.15707237e-01 9.19601560e-01
    2.11725444e-01 1.88083649e-02 9.80089009e-02 2.37937957e-01
    4.81308699e-02 6.59076929e-01 5.19845903e-01 2.00454354e-01
    6.96827412e-01 6.51860476e-01 1.50049716e-01 8.07674766e-01
    5.19131124e-01 1.22356564e-01 8.85985672e-01 4.04673398e-01
    5.98402560e-01 9.17113483e-01 5.26721478e-01 3.64437461e-01
    9.56260443e-01 2.43207812e-01 3.80269021e-01 9.62928236e-02
    3.37626398e-01 9.29982543e-01 3.83995473e-02 4.72764254e-01
    4.68754262e-01 2.27569789e-01 8.93188834e-01 4.06765610e-01
    7.59693384e-01 3.47457200e-01 5.33303857e-01 9.27460790e-02
    6.03772700e-01 4.49788570e-02 2.60196567e-01 7.04381108e-01
    9.93990362e-01 1.08507365e-01 2.36385733e-01 9.91683841e-01
    7.50194371e-01 3.39880168e-01 9.74783361e-01 3.80001843e-01
    7.33420968e-01 5.62965155e-01 9.61332738e-01 7.04517603e-01
    6.89266682e-01 3.40255499e-01 9.93324280e-01 1.64255768e-01
    3.26698840e-01 5.58741391e-01 5.09266376e-01 5.49200773e-01
    5.53130448e-01 9.09386873e-01 9.95478988e-01 1.07607245e-03
    2.69480765e-01 1.11890048e-01 1.25663549e-01 3.80351365e-01
    8.97154927e-01 4.63249862e-01 2.98882484e-01 7.67037511e-01
    7.32658148e-01 3.92751217e-01 8.03874969e-01 7.87143826e-01
    5.27706265e-01 4.09916997e-01 5.59731007e-01 8.14140856e-01
    8.18338931e-01 1.04140610e-01 9.68453407e-01 8.39776516e-01
    4.82269049e-01 9.90409136e-01 7.15509355e-02 5.02847135e-01
    7.96341300e-01 5.08160114e-01 4.90688980e-02 9.08434629e-01
    3.11493576e-01 4.52139109e-01 9.13214445e-01 2.18516469e-01
    9.41661000e-01 9.92237687e-01 5.16575158e-01 2.64912575e-01
    4.61317778e-01 2.36361623e-01 2.07216263e-01 3.05099726e-01
    5.78440189e-01 5.20832598e-01 6.41758680e-01 7.97535121e-01
    6.18568718e-01 6.79998040e-01 7.36554742e-01 2.37409055e-01
    8.46832633e-01 3.75730991e-01 8.21293950e-01 9.17201519e-01
    1.56577170e-01 9.94018078e-01 9.56531882e-01 5.43982089e-02
    1.27593279e-02 2.37308234e-01 8.08351457e-01 2.72590876e-01
    6.43965542e-01 4.94076550e-01 2.39452034e-01 5.79415321e-01
    5.73240340e-01 6.40080333e-01 3.91370922e-01 6.17728591e-01
    9.32745516e-01 1.31745696e-01 4.02101815e-01 6.22969806e-01
    4.38559324e-01 8.57002854e-01 3.97484660e-01 3.13414156e-01
    7.07840919e-01 7.96675205e-01 9.54658091e-02 7.08377481e-01
    8.26724648e-01 1.18307024e-01 5.22737801e-02 1.53894812e-01
    3.13460767e-01 5.26009440e-01 2.85819054e-01 1.07401580e-01
    9.51376915e-01 3.50341797e-01 1.98794544e-01 3.86115164e-01
    3.09069395e-01 3.06884944e-02 4.28828925e-01 6.85089827e-01
    7.28281140e-01 5.96012414e-01 3.02728891e-01 8.86549830e-01
    4.04186279e-01 2.89626002e-01 2.45911270e-01 2.60088414e-01
    1.03874505e-01 4.20031577e-01 4.70795840e-01 1.13455743e-01
    5.27928948e-01 6.56033993e-01 5.25587797e-01 7.54988313e-01
    8.09882522e-01 3.06855738e-01 4.27469462e-01 7.30907500e-01
    5.35538256e-01 7.93341041e-01 2.45694906e-01 1.23551279e-01
    1.59861952e-01 7.62366354e-01 5.29446781e-01 6.69559598e-01
    2.69981980e-01 9.61806715e-01 5.87077320e-01 9.38661575e-01
    8.94015968e-01 9.01798606e-01 1.90705508e-01 6.24597132e-01
    6.43839717e-01 8.05557489e-01 4.51892853e-01 7.92883039e-02
    8.91470432e-01 1.46914214e-01 9.31529701e-01 3.62867594e-01
    7.49517798e-01 5.02585232e-01 2.63573110e-01 6.90907478e-01
    4.69368577e-01 4.11977082e-01 3.20187986e-01 5.53357959e-01
    9.75826263e-01 4.95676994e-02 5.10893762e-02 4.42426324e-01
    5.64842284e-01 6.87385499e-01 1.81079358e-01 2.12638080e-01
    6.27221227e-01 1.71583325e-01 6.57601714e-01 8.68885756e-01
    9.96555090e-01 7.69622147e-01 9.41293240e-01 7.76401639e-01
    6.03697896e-01 4.48223591e-01 6.86553717e-01 1.99606061e-01
    8.22141528e-01 8.75400543e-01 4.08528924e-01 2.77432144e-01
    1.39303237e-01 3.49786222e-01 9.11385655e-01 7.08011508e-01
    3.82673889e-01 2.39295989e-01 9.69039679e-01 3.23773533e-01
    2.87769467e-01 4.68290985e-01 9.32253957e-01 6.27287447e-01
    4.75335628e-01 5.08073211e-01 3.36735010e-01 6.39286399e-01
    7.95340180e-01 5.31673908e-01 9.50307548e-02 7.89076805e-01
    6.33755147e-01 1.31065935e-01 9.97165501e-01 8.94396067e-01
    7.82650471e-01 7.53680527e-01 7.23327219e-01 1.39198154e-01
    6.18016541e-01 1.96904540e-01 4.89222348e-01 6.76455975e-01
    7.42569745e-01 7.31481314e-02 3.30787867e-01 1.51474029e-01
    5.08194506e-01 8.08606446e-01 3.64692271e-01 1.97752684e-01
    8.42599094e-01 1.56257063e-01 6.45064354e-01 5.85140586e-01
    6.56251788e-01 4.83030707e-01 3.78928035e-01 6.20140433e-01
    8.53277206e-01 4.41102087e-01 8.78577471e-01 5.30464053e-01
    4.78818417e-02 2.07601398e-01 9.90865886e-01 2.36990750e-02
    9.86509025e-02 4.67648447e-01 4.16581064e-01 3.66406620e-01
    7.94361413e-01 2.86678374e-01 7.84260631e-01 9.07281339e-02
    2.08611846e-01 8.88046443e-01 5.46478093e-01 2.81003118e-02
    7.90810466e-01 8.30856442e-01 8.11772466e-01 2.53657639e-01
    9.65550542e-02 6.14131212e-01 1.18017435e-01 9.80524778e-01
    6.53325677e-01 1.81479156e-02 3.65371227e-01 8.69786024e-01
    8.72361720e-01 2.93261886e-01 1.47267491e-01 2.69464552e-01
    9.34718490e-01 5.58040440e-01 3.53984177e-01 2.85287559e-01
    1.07667983e-01 3.78995478e-01 1.79569423e-01 1.59957200e-01
    5.51325262e-01 9.03039694e-01 3.67866755e-01 3.28133881e-01
    3.94176275e-01 4.84910399e-01 8.66879106e-01 3.53978813e-01
    3.02998096e-01 5.35716295e-01 3.56572568e-02 2.52207130e-01
    1.46297216e-01 8.66092145e-01 7.14219153e-01 7.43343592e-01
    4.93166119e-01 8.37519586e-01 2.74295092e-01 1.24140084e-02
    4.03412998e-01 5.92506945e-01 3.32292497e-01 1.32302016e-01
    8.09165478e-01 1.01456761e-01 4.12804097e-01 3.01294148e-01
    4.58335131e-01 9.95332122e-01 4.67050254e-01 8.69093835e-01
    7.43129969e-01 6.50443316e-01 4.99996811e-01 7.62415290e-01
    2.34474868e-01 5.65327466e-01 3.52213800e-01 4.16844904e-01
    7.03145146e-01 9.29779887e-01 3.29995334e-01 5.50650239e-01
    3.03744644e-01 9.48350310e-01 9.58595097e-01 4.92623687e-01
    5.36229193e-01 8.29323649e-01 7.60578752e-01 8.68425786e-01
    6.91615582e-01 7.83931613e-01 9.42244887e-01 6.86438382e-01
    7.41415083e-01 6.01890564e-01 1.71115488e-01 3.03457707e-01
    3.36121082e-01 7.77272820e-01 3.76434505e-01 5.08881807e-02
    6.98289752e-01 3.37244004e-01 5.50514758e-01 5.36972046e-01
    7.53868699e-01 7.49339819e-01 2.90386558e-01 2.33296067e-01
    2.86746323e-01 8.16014469e-01 5.55480003e-01 2.98973709e-01
    2.10887343e-01 7.22414434e-01 6.08693659e-01 8.63023460e-01
    2.25604802e-01 9.36840773e-01 7.07651317e-01 4.94608998e-01
    2.77503133e-01 6.37102246e-01 1.43258870e-02 4.79889572e-01
    5.82383990e-01 2.30653197e-01 4.31255162e-01 5.51637471e-01
    9.39905882e-01 9.14810300e-01 4.30727005e-03 2.21199840e-01
    5.21544516e-02 3.05599332e-01 3.06474566e-01 8.68092299e-01
    1.08781964e-01 7.19738305e-02 8.29112172e-01 5.95315039e-01
    8.48365009e-01 9.75582480e-01 4.49632764e-01 2.27282405e-01
    1.38150394e-01 1.29238784e-01 4.31264967e-01 3.28971446e-02
    3.67648482e-01 2.11868763e-01 1.83489621e-01 5.82839847e-01
    5.67448199e-01 8.39454651e-01 3.82637560e-01 1.78318799e-01
    2.78814614e-01 6.56341493e-01 1.32947534e-01 6.85852706e-01
    2.05107927e-02 5.00743508e-01 4.47399437e-01 6.80304825e-01
    6.30604148e-01 2.37637669e-01 8.59568596e-01 1.20828420e-01
    4.22819197e-01 1.76805109e-01 7.81336546e-01 1.60113186e-01
    5.41024804e-01 9.66793299e-01 8.81736040e-01 7.89492130e-01
    7.00988472e-02 2.76292145e-01 8.77612233e-01 9.31707263e-01
    9.28226769e-01 5.24664521e-01 7.29221702e-02 1.15943968e-01
    5.67505240e-01 8.90408397e-01 8.85907888e-01 2.23142803e-02
    6.32954776e-01 5.48037469e-01 1.99902683e-01 5.60155511e-01
    4.20455873e-01 6.70907795e-01 7.47998059e-02 3.41862440e-02
    4.92060125e-01 2.91928768e-01 5.13366342e-01 8.65309358e-01
    2.45872468e-01 2.63444185e-01 8.41476262e-01 7.15807676e-01
    9.71201420e-01 1.67701542e-01 2.30547845e-01 2.96504438e-01
    8.76330137e-01 6.93268776e-01 1.24014854e-01 1.59141839e-01
    6.55860066e-01 2.03103244e-01 5.79790473e-01 8.16242337e-01
    3.77558470e-02 9.58292186e-01 8.57875228e-01 2.08485544e-01
    6.23928130e-01 5.76563001e-01 2.70669997e-01 5.20841002e-01
    4.33966458e-01 4.94062126e-01 3.27390075e-01 8.95771861e-01
    6.55818105e-01 2.99366295e-01 6.94516301e-02 8.20425808e-01
    3.75663996e-01 7.29299307e-01 7.10282326e-02 1.81389511e-01
    8.47026229e-01 2.98072189e-01 9.53016162e-01 3.74322534e-01
    3.50018740e-01 8.32945704e-01 5.83013594e-01 2.37590611e-01
    6.32126331e-01 5.71145713e-02 2.52206922e-01 7.27117777e-01
    9.68934774e-01 8.00102711e-01 7.41943419e-02 9.88222480e-01
    4.66007799e-01 4.04758662e-01 1.48452342e-01 6.67453408e-01
    5.92674196e-01 4.84996319e-01 3.15703243e-01 2.98095644e-02
    3.13664228e-01 8.84229243e-02 2.45441198e-02 7.32456923e-01
    3.64700556e-01 8.72774541e-01 1.71712786e-01 8.45787287e-01
    8.80032420e-01 8.08704376e-01 7.51541018e-01 2.69156158e-01
    8.65504265e-01 1.89433128e-01 1.17603123e-01 1.31453753e-01
    2.36196250e-01 8.77080083e-01 1.20934546e-01 1.49028629e-01
    6.03769839e-01 3.04031372e-01 1.95067257e-01 5.83973765e-01
    2.90767968e-01 1.33054912e-01 8.46606016e-01 3.58766019e-02
    9.49933827e-01 8.45582902e-01 4.13557470e-01 7.16036439e-01
    4.44149226e-01 3.24719578e-01 8.85928273e-01 1.58661515e-01
    4.18014824e-02 5.06367505e-01 6.27636254e-01 8.93858552e-01
    3.10079336e-01 9.10652041e-01 6.92673802e-01 6.20415986e-01
    3.50755721e-01 1.90182418e-01 8.96410882e-01 4.75934148e-03
    5.57567656e-01 5.68722844e-01 6.62113190e-01 7.49104142e-01
    7.75693715e-01 5.81527233e-01 5.33787608e-02 2.51711786e-01
    8.95984828e-01 1.21558189e-01 7.36990690e-01 4.26642001e-02
    5.05783737e-01 1.00909531e-01 9.17313039e-01 4.52351063e-01
    7.67996013e-02 3.97496700e-01 3.63064706e-01 9.08949077e-02
    9.64263201e-01 1.08297974e-01 3.08743596e-01 8.36396217e-01
    9.97464180e-01 8.68603528e-01 2.49053687e-01 3.17761481e-01
    5.78892529e-01 8.79076481e-01 4.33165282e-01 1.14206284e-01
    6.35999799e-01 8.51692021e-01 4.66310799e-01 7.28610277e-01
    5.07735610e-01 5.40819883e-01 6.79296374e-01 6.71130657e-01
    1.51053160e-01 7.42699504e-02 4.76010323e-01 5.26241064e-01
    7.54804492e-01 5.34585893e-01 3.11819881e-01 7.86699057e-01
    6.90832675e-01 9.28256691e-01 2.55666584e-01 9.56185758e-02
    5.83968639e-01 5.03956139e-01 1.41061455e-01 5.12926400e-01
    9.63723063e-01 4.22524810e-01 7.40803778e-01 4.26247001e-01
    6.26451373e-01 4.05164659e-01 1.53425932e-02 9.56379294e-01
    1.15515202e-01 8.22307169e-01 5.21324515e-01 3.30407977e-01
    5.66007078e-01 6.09454513e-01 4.47307765e-01 4.54478323e-01
    6.38262808e-01 2.96927989e-02 6.89458251e-01 1.86735272e-01
    1.49730742e-01 1.76859379e-01 7.77807236e-01 7.62929797e-01
    3.73694956e-01 3.17368031e-01 2.58709878e-01 2.93632627e-01
    5.33289254e-01 8.01961660e-01 7.75065064e-01 5.03540933e-02
    2.68467516e-01 2.10365206e-01 6.73328459e-01 3.89974117e-01
    8.47894549e-01 8.28145146e-01 8.39370728e-01 6.77875936e-01
    7.11986661e-01 8.80212903e-01 9.83571708e-02 8.29074085e-01
    7.32433319e-01 5.45538902e-01 6.09345734e-01 6.70195162e-01
    7.46908784e-02 3.83337736e-01 8.10657263e-01 5.56736708e-01
    5.80230951e-01 3.54210824e-01 7.65460014e-01 1.90087497e-01
    5.92636228e-01 9.94894981e-01 2.04213619e-01 7.54120529e-01
    3.16713661e-01 3.57059658e-01 2.15243101e-01 4.63766903e-01
    4.56617057e-01 9.13459301e-01 4.41286266e-01 5.53761303e-01
    5.47218442e-01 1.15710258e-01 7.73354173e-01 9.25966442e-01
    4.53317642e-01 6.14054918e-01 3.78205627e-01 4.88877296e-02
    6.42698407e-01 3.53659391e-01 4.70749170e-01 2.16553509e-02
    2.58959562e-01 6.48705125e-01 4.20222878e-02 1.43319964e-01
    9.16679263e-01 5.26839614e-01 2.35519201e-01 6.53780580e-01
    4.90912199e-02 5.95340550e-01 7.63395011e-01 4.51354682e-01
    1.40618026e-01 4.64001983e-01 9.38906193e-01 3.97687256e-01
    9.43012536e-02 9.48085964e-01 6.24130130e-01 3.05865407e-01
    4.42911148e-01 2.56660372e-01 5.79177976e-01 5.99340796e-01
    2.13482499e-01 7.00958252e-01 6.48118496e-01 5.72841823e-01
    7.25182891e-03 1.58302605e-01 7.80184627e-01 8.69364977e-01
    5.84137440e-01 1.68707609e-01 8.14032078e-01 3.50117505e-01
    2.66289413e-02 4.07233894e-01 4.67630923e-02 2.12448686e-01
    9.62537825e-02 7.83659220e-01 2.65794486e-01 8.29151273e-01
    6.92641795e-01 2.76691973e-01 1.42202914e-01 1.72580093e-01
    6.72472894e-01 9.30156589e-01 1.94588691e-01 3.81508768e-01
    3.81852686e-01 4.25463855e-01 6.62273526e-01 5.12789369e-01
    3.74076843e-01 3.56686115e-01 3.18566680e-01 5.17520070e-01
    6.48904920e-01 7.22180486e-01 6.14878535e-02 8.82320762e-01
    6.18834615e-01 5.98511875e-01 9.00522113e-01 8.63751888e-01
    9.18719172e-02 5.35759330e-03 6.84274137e-01 9.94417846e-01
    4.89203155e-01 5.08371890e-01 4.31778789e-01 1.20086581e-01
    2.84288883e-01 4.13062841e-01 8.76838028e-01 1.65025175e-01
    2.70364046e-01 7.71798015e-01 3.01984549e-01 7.52879560e-01
    1.84612066e-01 1.50929272e-01 4.64107096e-02 3.34657431e-01
    1.90382540e-01 4.25117910e-01 8.32287669e-01 9.17318821e-01
    9.67283249e-01 4.68608320e-01 5.07587135e-01 6.87085450e-01
    6.51875556e-01 8.75507593e-01 1.82864964e-01 5.24556339e-02
    5.67733347e-01 7.13204741e-01 4.38157111e-01 1.40095353e-02
    6.06132329e-01 2.44875550e-01 9.97414231e-01 1.70770288e-01
    2.25929111e-01 6.65868640e-01 3.76579344e-01 4.10278022e-01
    7.31833696e-01 7.50944376e-01 1.23811752e-01 6.52562559e-01
    5.24288058e-01 8.20500255e-02 5.81691742e-01 3.12198281e-01
    8.44022274e-01 3.60628992e-01 7.25000560e-01 5.34676850e-01
    6.75858378e-01 2.09744275e-01 7.33160138e-01 3.30769897e-01
    5.65232158e-01 3.87237072e-02 9.62265968e-01 5.58105409e-01
    4.52475131e-01 3.90084147e-01 2.29307830e-01 3.56086493e-02
    3.05104971e-01 9.87951159e-01 3.83479416e-01 8.88536930e-01
    7.98400044e-01 6.68529868e-02 1.62467003e-01 8.92094016e-01
    1.59261703e-01 7.58893549e-01 2.25865781e-01 6.57247901e-02
    2.13684112e-01 2.81337082e-01 4.20980930e-01 2.81470180e-01
    1.17535293e-02 9.72953677e-01 1.05819106e-03 1.16893888e-01
    3.95130843e-01 3.71440351e-01 7.49757767e-01 3.00388038e-02
    9.00139570e-01 7.55186975e-01 7.76893914e-01 2.99791157e-01
    1.42671227e-01 1.12391442e-01 7.32534885e-01 7.68753886e-01
    6.45368516e-01 9.48158324e-01 2.67081618e-01 9.24393475e-01
    5.45520365e-01 4.54566300e-01 1.99766934e-01 5.50540149e-01
    5.77206671e-01 6.91189826e-01 5.88716447e-01 9.62887645e-01
    5.81356883e-02 9.93470550e-01 8.45709205e-01 6.89658523e-03
    4.26098973e-01 5.00639498e-01 4.94822860e-01 8.46772313e-01
    8.37812126e-01 8.32752109e-01 8.32433820e-01 1.65437132e-01
    6.38356805e-02 7.44316697e-01 5.37039936e-01 7.55217791e-01
    4.37893122e-01 5.96055388e-01 3.95572633e-01 9.32018936e-01
    5.81496894e-01 9.90342021e-01 1.53938085e-01 6.82166994e-01
    1.41513675e-01 7.48475671e-01 2.50883162e-01 5.50160706e-01
    1.02350861e-01 2.99372107e-01 9.15155828e-01 3.55483234e-01
    2.00651109e-01 3.04058790e-01 3.39047015e-01 3.98142010e-01
    7.35160172e-01 8.08589339e-01 6.12340033e-01 2.75249183e-01
    4.16055143e-01 8.60706091e-01 7.36427665e-01 2.12021977e-01
    1.59077138e-01 4.82154429e-01 3.65627408e-02 2.04582572e-01
    1.36894882e-02 5.61937332e-01 7.17445493e-01 3.59105170e-01
    8.51838470e-01 2.01163590e-02 8.03396344e-01 1.26964509e-01
    7.05542266e-01 3.35339785e-01 7.11363018e-01 5.56464314e-01
    9.31251764e-01 7.84381866e-01 7.64235377e-01 4.10483181e-02
    4.17816013e-01 4.73695397e-01 8.92515182e-01 9.69860554e-02
    3.63660395e-01 9.40892935e-01 8.04230690e-01 6.62398696e-01
    9.13084030e-01 8.73697996e-02 7.67852187e-01 4.32841659e-01
    7.85264730e-01 5.33800006e-01 7.60727167e-01 2.38012671e-01
    3.36818218e-01 9.14141297e-01 5.97480834e-02 3.32782567e-02
    9.19655085e-01 4.63462949e-01 2.66192913e-01 5.14920056e-01
    4.88777488e-01 6.19779110e-01 6.17772996e-01 1.09416842e-02
    8.26581299e-01 6.76163614e-01 8.39230776e-01 1.83651209e-01
    4.48266834e-01 3.70204270e-01 4.86975104e-01 9.23083723e-02
    4.24527466e-01 1.14470482e-01 5.32315850e-01 3.55583996e-01
    8.60509634e-01 3.01277637e-01 1.82772577e-01 2.84626126e-01
    9.05270338e-01 1.99166536e-02 4.65414822e-01 3.81085187e-01
    7.96855271e-01 1.22979492e-01 3.29042852e-01 4.66217458e-01
    8.66755486e-01 1.94824964e-01 3.42256606e-01 8.68856490e-01
    5.39344609e-01 2.23849744e-01 4.74848151e-02 7.34055996e-01
    5.84549367e-01 1.43233240e-01 2.61373520e-02 8.46562684e-02
    2.93996871e-01 6.30536497e-01 3.48202556e-01 4.19386625e-02
    2.19887614e-01 6.36682272e-01 5.47178745e-01 5.32139361e-01
    9.49994564e-01 5.14478981e-01 5.74965417e-01 3.69036168e-01
    4.42054182e-01 1.34557784e-02 3.58440071e-01 8.74558985e-02
    3.20004940e-01 1.17693871e-01 8.12673390e-01 3.54085326e-01
    4.15676981e-01 1.89811587e-01 2.13191867e-01 7.37749875e-01
    1.14900142e-01 7.57017195e-01 6.30374849e-02 9.40704644e-01
    8.42095137e-01 8.03351879e-01 8.48688900e-01 8.13451648e-01
    7.65770555e-01 6.84238553e-01 2.44081467e-01 5.08075297e-01
    8.66834760e-01 1.26061112e-01 7.29742587e-01 7.49638557e-01
    2.33466536e-01 7.28876710e-01 9.26062942e-01 1.62831753e-01
    4.27732050e-01 4.13587749e-01 5.47068357e-01 1.12793475e-01
    2.20182449e-01 3.93843800e-01 5.80300093e-02 2.57025003e-01
    3.85578007e-01 8.89683664e-01 4.15820509e-01 9.40308571e-02
    9.78954077e-01 6.20194614e-01 8.43829036e-01 2.85388052e-01
    1.63726211e-02 3.54287028e-02 3.41348946e-02 5.13545573e-02
    3.25451076e-01 2.06025153e-01 1.96621031e-01 6.00951552e-01
    2.07960963e-01 6.58387363e-01 6.76069140e-01 5.58040857e-01
    5.10530472e-02 9.00479078e-01 5.31803250e-01 9.24389303e-01
    9.85353112e-01 4.70928967e-01 7.78198123e-01 3.21979940e-01
    3.59769046e-01 2.31896341e-01 1.16481125e-01 8.03841710e-01
    5.81835806e-02 6.68032348e-01 4.30941939e-01 4.46277410e-01
    7.83575416e-01 8.62973154e-01 1.12435579e-01 5.09956300e-01
    2.96643287e-01 6.71168685e-01 4.47792739e-01 8.17016602e-01
    9.36207891e-01 2.41905570e-01 8.09989870e-01 4.41023231e-01
    8.33275139e-01 3.33320677e-01 4.61932629e-01 9.57587004e-01
    6.07914925e-01 3.80038917e-02 7.28240013e-02 2.63268441e-01
    2.17417002e-01 8.67724419e-01 8.39527726e-01 9.08405304e-01
    6.83669984e-01 9.33534384e-01 4.29781944e-01 7.28378534e-01
    2.43789017e-01 5.87599397e-01 1.36752963e-01 7.75224626e-01
    3.67586702e-01 6.51226938e-01 2.48237908e-01 9.87717450e-01
    2.86897510e-01 9.89927173e-01 9.35378790e-01 8.51410627e-03
    2.85163045e-01 7.38532782e-01 2.04712927e-01 6.61372662e-01
    4.20556068e-01 2.04319626e-01 8.34483862e-01 7.67415166e-01
    9.57310081e-01 1.12189472e-01 3.32715243e-01 7.13236153e-01
    9.70618367e-01 3.31016481e-01 1.06293827e-01 4.69556928e-01
    3.35990191e-01 7.53695965e-02 9.01064456e-01 5.84580541e-01
    4.88508642e-02 1.98009610e-03 8.66889358e-01 9.27301288e-01
    1.70709372e-01 3.78876895e-01 8.42601120e-01 5.06199360e-01
    2.73969382e-01 1.65151358e-02 4.42841887e-01 3.18331689e-01
    5.50941527e-02 2.17491001e-01 5.53947926e-01 3.08136404e-01
    2.82157302e-01 1.10011607e-01 9.26677465e-01 7.33302295e-01
    8.36381793e-01 7.06086338e-01 8.59244943e-01 3.86959791e-01
    5.76462626e-01 5.31027913e-01 3.10543209e-01 3.93044144e-01
    9.14702654e-01 2.68920362e-02 1.56923294e-01 6.09314620e-01
    3.16100717e-01 3.04080039e-01 5.39138496e-01 1.26428246e-01
    5.34758985e-01 1.42306298e-01 1.97141707e-01 2.78361142e-01
    3.18635225e-01 2.80129939e-01 9.34127271e-01 2.67220736e-01
    7.60880589e-01 6.84197843e-02 6.10326529e-01 7.29607344e-01
    2.51489073e-01 1.65803164e-01 1.29657984e-02 1.08840078e-01
    3.24474275e-01 8.75645757e-01 5.08858442e-01 5.20665050e-01
    7.08638132e-02 8.08692336e-01 6.15558922e-01 2.97335237e-01
    8.56899858e-01 4.14371490e-03 2.22876281e-01 9.15393353e-01
    6.86269641e-01 8.95795822e-01 6.62825167e-01 1.59831733e-01
    7.79206634e-01 6.49080694e-01 9.57021117e-03 5.59521377e-01
    7.21050680e-01 5.35168171e-01 5.57297409e-01 6.58139348e-01
    3.94780517e-01 5.06590545e-01 7.18353391e-01 1.27774775e-01
    5.64316869e-01 3.18523169e-01 5.41943133e-01 6.67291880e-01
    7.24531770e-01 3.90047163e-01 9.71744955e-02 5.27427256e-01
    2.78036118e-01 2.35723138e-01 8.67451906e-01 4.14365739e-01
    8.99862170e-01 5.05824745e-01 9.21640217e-01 2.26072043e-01
    1.82327449e-01 7.33081520e-01 1.07577115e-01 1.57761306e-01
    1.13770962e-02 8.93183351e-01 2.99670935e-01 1.39050305e-01
    6.29394889e-01 1.19520068e-01 8.55725706e-02 7.86749363e-01
    2.80725658e-02 2.78501391e-01 7.19993114e-02 4.52474415e-01
    7.96025157e-01 5.85863531e-01 4.00291115e-01 5.59932470e-01
    5.59513807e-01 5.68656862e-01 5.08744299e-01 5.94624877e-02
    7.84717083e-01 8.40180993e-01 6.28654957e-02 4.64368284e-01
    4.89544988e-01 7.36309528e-01 5.84918082e-01 2.87320286e-01
    8.31067920e-01 4.97478247e-03 8.55362117e-01 4.27003980e-01
    1.36242747e-01 4.23810035e-01 6.46583974e-01 3.51506889e-01
    6.86091185e-01 1.13904208e-01 9.59400117e-01 1.84845030e-02
    6.73437834e-01 7.69660830e-01 2.05123991e-01 6.30982280e-01
    7.05886602e-01 6.02713168e-01 8.81230354e-01 8.52763236e-01
    1.14141077e-01 1.93340957e-01 9.27686155e-01 2.73877263e-01
    3.87033761e-01 8.92908216e-01 6.55523121e-01 6.88967884e-01
    4.16449815e-01 9.30929303e-01 1.97924495e-01 7.17991889e-01
    3.20322752e-01 1.68791115e-01 6.97029889e-01 4.03451085e-01
    4.47684854e-01 3.31851900e-01 2.71996498e-01 4.89800066e-01
    8.40769649e-01 5.75095832e-01 2.31128722e-01 4.83497053e-01
    2.59552598e-01 7.61299491e-01 4.75623161e-01 2.67416209e-01
    6.09292924e-01 5.37302256e-01 6.36566937e-01 8.59167218e-01
    6.78921640e-01 5.92914462e-01 4.42993194e-01 7.56261230e-01
    2.16717362e-01 9.88977909e-01 6.33767426e-01 6.34364486e-01
    6.10758007e-01 7.20378697e-01 9.93612885e-01 4.63725388e-01
    2.39749163e-01 9.52255785e-01 2.28871703e-01 3.09460640e-01
    9.14274573e-01 9.78754461e-02 1.73677415e-01 6.72185719e-01
    3.62166554e-01 8.37308228e-01 2.60515928e-01 2.90871382e-01
    3.23160172e-01 6.20283127e-01 7.76131034e-01 5.87150216e-01
    1.27911717e-01 6.13660276e-01 4.90479648e-01 1.20313048e-01
    6.94325447e-01 3.55691373e-01 9.26545739e-01 3.31051350e-02
    4.09882635e-01 5.17541528e-01 5.72415471e-01 3.10735524e-01
    9.96823192e-01 7.98087597e-01 7.74389029e-01 4.09578890e-01
    8.96379411e-01 4.50471282e-01 7.90252566e-01 5.36333621e-02
    3.88315022e-02 7.74548650e-01 5.20491362e-01 4.72278297e-02
    7.17168629e-01 5.86839855e-01 5.16459644e-01 7.32646286e-02
    2.98361540e-01 8.08653831e-01 3.10657501e-01 2.32138038e-01
    8.63396645e-01 5.36433280e-01 5.92592895e-01 9.31604862e-01
    1.15092814e-01 5.08415937e-01 1.69530869e-01 5.47404587e-02
    9.34737563e-01 3.06188017e-01 6.94012284e-01 7.09625840e-01
    9.42728877e-01 9.60071087e-01 2.04166055e-01 3.41564298e-01
    6.13789797e-01 2.88343996e-01 2.91994572e-01 5.52574277e-01
    5.62861800e-01 3.19823563e-01 3.57717812e-01 7.56819904e-01
    9.99276876e-01 8.08264494e-01 8.46019924e-01 8.06638598e-01
    4.32766378e-02 8.96714389e-01 7.26019919e-01 5.34761667e-01
    1.68792069e-01 4.70155478e-02 1.62253082e-02 7.89371014e-01
    9.76375818e-01 5.32003701e-01 5.71022034e-01 9.05373454e-01
    3.56078029e-01 2.53101885e-01 4.71892357e-02 7.17596412e-02
    6.38880849e-01 5.92604697e-01 2.68045127e-01 4.45660114e-01
    6.08275235e-01 6.47378623e-01 5.67508578e-01 9.35177922e-01
    8.37040782e-01 6.00712180e-01 4.48778540e-01 3.42806637e-01
    7.71485090e-01 5.30998945e-01 5.86269677e-01 2.03066736e-01
    9.13495660e-01 4.19479400e-01 1.72283411e-01 8.21412146e-01
    7.83799767e-01 3.62586558e-01 3.59489977e-01 9.82818186e-01
    2.87264556e-01 3.42881620e-01 6.46999896e-01 3.61975372e-01
    6.17952645e-01 7.40820646e-01 3.24568659e-01 1.16042376e-01
    3.63732308e-01 9.65305567e-01 7.89345801e-01 7.98424482e-01
    9.13996577e-01 1.76863968e-02 4.74982858e-02 1.61750913e-01
    1.16311342e-01 8.26750696e-01 4.73659724e-01 7.01814175e-01
    9.94926929e-01 7.82749236e-01 1.28004253e-02 8.79206479e-01
    3.06327045e-01 4.19005305e-01 7.30350614e-02 9.16724801e-01
    2.91759551e-01 1.27421647e-01 8.52293789e-01 5.80224812e-01
    5.29178977e-01 3.32924604e-01 2.25721478e-01 4.13011879e-01
    2.98159212e-01 7.63518274e-01 5.15074253e-01 5.27093351e-01
    3.29050779e-01 3.63591552e-01 6.94330335e-01 5.59427857e-01
    1.39819592e-01 2.93956995e-01 3.40470582e-01 5.44744492e-01
    5.74890614e-01 8.97082806e-01 5.04798591e-01 3.94777656e-01
    1.10797137e-01 6.47699058e-01 8.15049469e-01 4.83927816e-01
    1.43746376e-01 9.52725053e-01 4.78213727e-02 9.97210085e-01
    4.46814001e-01 6.09050632e-01 2.28030533e-01 4.71202612e-01
    3.98035049e-02 3.61519814e-01 7.07522154e-01 1.95719719e-01
    2.61876673e-01 9.42327917e-01 8.22701097e-01 8.35836649e-01
    4.64292109e-01 4.04281855e-01 3.99911165e-01 1.76071078e-01
    9.87820804e-01 2.29481041e-01 6.50953054e-02 7.13380635e-01
    2.60039866e-02 5.00295043e-01 9.56149936e-01 3.74573886e-01
    4.13687170e-01 6.53353155e-01 1.59455419e-01 3.64653587e-01
    7.51505494e-01 5.45216024e-01 9.89013016e-01 7.27070749e-01
    6.59559846e-01 9.37879443e-01 2.53995389e-01 9.99171019e-01
    5.08338809e-01 5.03543675e-01 2.12054312e-01 7.75750637e-01
    4.91865039e-01 8.42912436e-01 2.49512643e-01 5.48259914e-01
    2.49192536e-01 1.48669481e-02 4.95544851e-01 7.95694411e-01
    3.04946750e-01 1.54808819e-01 1.83622777e-01 2.51039624e-01
    1.77428871e-01 9.51475978e-01 3.00427884e-01 8.08080733e-02
    5.67692280e-01 7.21592605e-01 5.54796696e-01 3.87526989e-01
    6.42173648e-01 4.66429323e-01 9.49145317e-01 7.60904670e-01
    5.18502116e-01 3.46728534e-01 2.58772969e-02 7.08976626e-01
    3.49916995e-01 1.25992894e-02 1.87064946e-01 5.73145509e-01
    6.24941647e-01 8.38935077e-02 5.79414964e-01 2.40258515e-01
    6.38233900e-01 4.01776522e-01 8.25624764e-02 1.24787778e-01
    9.60368991e-01 4.23136532e-01 6.64388835e-01 1.87803626e-01
    1.05985612e-01 4.20310616e-01 6.67110562e-01 9.97263610e-01
    2.93272734e-03 5.24626076e-01 1.48678720e-02 4.48432654e-01
    4.48836982e-02 5.35687029e-01 8.18980217e-01 6.07977509e-01
    4.66853410e-01 8.99199784e-01 7.08083093e-01 4.43596929e-01
    1.32525265e-01 9.89724994e-01 5.42235672e-01 2.00616121e-01
    1.40372872e-01 8.53916943e-01 5.52251339e-01 7.04524219e-01
    5.33794463e-01 1.71980858e-01 4.81797844e-01 8.73496771e-01
    6.66720867e-01 6.23736560e-01 9.15064692e-01 1.09643251e-01
    7.36071885e-01 1.55207515e-02 9.74833250e-01 4.09477651e-02
    3.95647556e-01 6.02881134e-01 9.69123006e-01 7.99143910e-01
    3.96577716e-02 7.69244671e-01 3.88035893e-01 6.26780093e-01
    5.77056170e-01 5.63249350e-01 8.45091462e-01 1.11677766e-01
    8.06469858e-01 5.14262795e-01 6.90790415e-02 9.47343230e-01
    3.73213828e-01 1.31070137e-01 4.43594426e-01 5.35635114e-01
    6.33207560e-01 2.00151801e-02 9.17894721e-01 7.50771224e-01
    6.21474445e-01 5.59783220e-01 2.24070072e-01 8.52533698e-01
    2.22701848e-01 8.48945260e-01 4.75896865e-01 2.31945634e-01
    7.84416258e-01 9.23220992e-01 7.45013475e-01 3.81920010e-01
    3.54918003e-01 3.42841089e-01 4.61690933e-01 5.05389988e-01
    5.85910320e-01 4.57405001e-01 4.88684237e-01 7.32462168e-01
    7.87054658e-01 3.40247691e-01 4.66864526e-01 5.73637903e-01
    2.08811790e-01 6.46366954e-01 2.76887715e-01 5.35534024e-01
    7.72449851e-01 4.51204479e-01 1.84883893e-01 7.58677840e-01
    2.58520067e-01 4.25346494e-02 4.48449463e-01 8.94977450e-01
    6.31653368e-01 7.95102119e-01 8.61914456e-01 3.76851588e-01
    4.47225064e-01 4.03147936e-01 6.42321110e-01 2.92515367e-01
    4.64019328e-01 4.77326214e-02 6.28865182e-01 6.30205989e-01
    5.84265053e-01 6.97633564e-01 1.26149356e-01 5.08879006e-01
    1.89299554e-01 2.82056808e-01 1.97686285e-01 6.57320797e-01
    5.06697953e-01 5.24492681e-01 9.71122801e-01 9.94882166e-01
    3.05888057e-01 7.10626125e-01 9.95367169e-01 7.52320588e-01
    8.78857851e-01 2.94809341e-01 2.63722360e-01 7.33853459e-01
    7.05108762e-01 9.68461156e-01 3.98252010e-02 8.49460840e-01
    7.77351975e-01 9.31879342e-01 5.16461670e-01 3.90715897e-02
    6.67013347e-01 5.30757606e-02 5.13632417e-01 2.74701357e-01
    4.94915575e-01 9.59565699e-01 6.27562284e-01 1.45082355e-01
    6.66123509e-01 4.18406188e-01 1.34090334e-01 4.51360434e-01
    2.43888587e-01 9.41062689e-01 1.65182650e-01 7.46558905e-01
    5.83357394e-01 1.91189855e-01 5.05168200e-01 3.81201476e-01
    9.72591519e-01 5.47482491e-01 3.79570961e-01 5.05894244e-01
    1.52106881e-01 3.20898473e-01 2.37746537e-01 6.26012146e-01
    1.57209635e-02 6.94986820e-01 6.15066409e-01 4.41888511e-01
    7.00921416e-01 9.33366418e-02 9.15855706e-01 9.55823243e-01
    5.04104793e-02 5.86533606e-01 7.67760634e-01 1.96204782e-02
    6.49881780e-01 3.54273319e-01 5.69943249e-01 4.52541709e-01
    9.47363615e-01 5.46425939e-01 5.24795473e-01 5.68327188e-01
    8.19927692e-01 4.72648203e-01 4.88980114e-02 9.31330204e-01
    7.77525008e-02 1.10585511e-01 9.14010525e-01 8.33993793e-01
    4.67221707e-01 8.87760758e-01 9.99042273e-01 8.35377276e-02
    5.01615524e-01 2.40382195e-01 5.24792016e-01 2.44241804e-01
    1.38271064e-01 6.64868772e-01 7.16932774e-01 8.36217046e-01
    6.51524365e-02 4.19791341e-01 6.12844229e-01 2.37219870e-01
    7.99090803e-01 4.44687843e-01 3.74063730e-01 2.42181301e-01
    5.02409995e-01 7.85388112e-01 1.75827891e-01 1.03079736e-01
    4.69540268e-01 2.80034959e-01 5.23952365e-01 6.96830213e-01
    8.88558328e-02 1.75602943e-01 2.39043206e-01 1.28484130e-01
    7.25760520e-01 3.65064621e-01 8.14790785e-01 7.27433860e-01
    4.75440502e-01 1.46329373e-01 9.37989831e-01 1.25337541e-02
    5.76902390e-01 1.45455718e-01 7.96202540e-01 2.80317038e-01
    7.20737457e-01 3.41916263e-01 8.88932467e-01 2.02436566e-01
    9.78861332e-01 2.68289924e-01 4.31655705e-01 7.04150975e-01
    4.59642947e-01 4.24337476e-01 3.19364250e-01 6.92990959e-01
    8.86837482e-01 6.35351896e-01 7.57137239e-02 1.00690693e-01
    1.76371157e-01 2.94478685e-01 8.41209531e-01 4.68745112e-01
    9.23026800e-02 5.17645121e-01 4.19519365e-01 1.68940127e-01
    1.76174939e-02 4.28109765e-01 3.75724345e-01 6.53880000e-01
    4.90290731e-01 5.57071269e-01 2.32329905e-01 7.18107462e-01
    7.91490734e-01 9.61873055e-01 5.24371028e-01 2.92372465e-01
    6.54165685e-01 3.63766044e-01 5.40695429e-01 4.47665364e-01
    1.42593086e-02 8.35000277e-02 2.08390772e-01 7.87430704e-01
    5.77434003e-01 7.70772338e-01 4.46765125e-01 1.72368854e-01
    7.59975612e-01 6.83758736e-01 7.74218559e-01 3.65163267e-01
    7.19595551e-02 3.81996036e-01 2.80118048e-01 2.36732960e-02
    1.38581872e-01 9.50469255e-01 6.07887268e-01 4.77511644e-01
    7.46533811e-01 4.61505055e-01 3.16143870e-01 2.14094698e-01
    7.57305861e-01 3.39026421e-01 7.12771058e-01 8.55957508e-01
    5.88783741e-01 1.53864920e-01 8.72480512e-01 2.92372763e-01
    4.72020656e-01 4.48071569e-01 7.69852757e-01 8.45939636e-01
    8.80103588e-01 5.16425550e-01 2.97670066e-02 6.88079476e-01
    3.14181298e-01 1.55417562e-01 7.40502596e-01 5.32806337e-01
    4.99249876e-01 9.07170534e-01 8.83453190e-02 7.64837384e-01
    2.99382627e-01 7.14098811e-01 7.08002806e-01 8.31060290e-01
    8.43952537e-01 6.78104222e-01 7.37328827e-02 4.86307800e-01
    6.83518529e-01 2.36197650e-01 7.15000272e-01 5.95103502e-02
    4.47453499e-01 2.54764676e-01 9.03981566e-01 2.17819005e-01
    7.64892817e-01 3.67114604e-01 6.38155341e-01 4.51987296e-01
    7.03269839e-01 4.08357024e-01 2.02827513e-01 9.17873442e-01
    4.09939915e-01 3.54171813e-01 4.54030573e-01 9.95019019e-01
    2.75174379e-01 3.46408725e-01 2.66807914e-01 4.58657444e-01
    8.55461955e-01 5.77654719e-01 8.06588531e-02 6.53995395e-01
    3.53392124e-01 5.24531484e-01 4.97149289e-01 4.85267639e-02
    1.80992186e-02 1.51851416e-01 5.51756859e-01 4.10398722e-01
    6.36209249e-01 5.57212412e-01 9.43316162e-01 4.59997833e-01
    1.99056536e-01 3.83833915e-01 8.91826451e-02 9.57703888e-02
    9.20961142e-01 1.38268769e-01 8.17251086e-01 5.93530774e-01
    5.97832918e-01 5.58561146e-01 1.95133150e-01 9.82712686e-01
    8.36812019e-01 1.28971249e-01 6.45033658e-01 6.18832231e-01
    8.88170958e-01 3.39792818e-01 6.04893744e-01 3.90161902e-01
    1.05244011e-01 2.16376394e-01 8.12335253e-01 6.37395918e-01
    6.04429126e-01 8.12305510e-02 8.26589942e-01 4.34396654e-01
    2.42788941e-01 1.95038199e-01 2.41791874e-01 4.80628282e-01
    5.87961614e-01 2.44164050e-01 5.92525721e-01 4.41300750e-01
    2.88086414e-01 9.18838739e-01 2.46403545e-01 4.76268888e-01
    4.99341607e-01 7.64974177e-01 7.09067822e-01 4.15034205e-01
    4.52937484e-01 5.89289486e-01 8.15657735e-01 2.33963311e-01
    1.83941931e-01 1.59539044e-01 1.18863881e-01 3.53864342e-01
    2.93224037e-01 1.43440843e-01 6.94818139e-01 2.57791042e-01
    2.20104039e-01 9.61531401e-01 3.69517714e-01 7.63861418e-01
    3.19942832e-01 2.21479625e-01 9.78668571e-01 3.21651816e-01
    2.16284811e-01 6.39728189e-01 4.72972691e-01 3.50398779e-01
    6.30261242e-01 8.72314334e-01 5.52160144e-01 3.40340376e-01
    8.42182159e-01 4.81488734e-01 6.54691935e-01 5.90168178e-01
    7.79086709e-01 6.75217390e-01 4.43884730e-03 3.96464199e-01
    9.11603093e-01 5.27660847e-01 7.93721735e-01 9.35908556e-01
    1.09233946e-01 9.98740077e-01 3.95367503e-01 3.79363000e-02
    9.62218165e-01 9.73484159e-01 4.54857171e-01 1.68600231e-01
    7.50119269e-01 3.77767742e-01 9.69251037e-01 2.81561732e-01
    2.58324772e-01 1.79728508e-01 5.06737530e-02 9.59318638e-01
    3.30433935e-01 6.40055537e-03 1.44584090e-01 1.49492055e-01
    8.45495641e-01 1.73967659e-01 6.55974507e-01 4.99219626e-01
    6.71919942e-01 1.25452965e-01 1.05461568e-01 4.16985601e-01
    9.05105114e-01 8.18920135e-01 3.80402684e-01 9.07371998e-01
    2.08322197e-01 5.66761613e-01 5.87886155e-01 6.74765944e-01
    7.01944828e-01 5.45016944e-01 7.58669376e-01 3.27378780e-01
    3.83974612e-01 3.20412397e-01 1.81524515e-01 6.70508623e-01
    9.98042583e-01 5.59183061e-01 1.23055279e-01 6.53733850e-01
    6.66325569e-01 4.76857692e-01 2.95496732e-01 8.62025023e-01
    4.73468721e-01 8.61947119e-01 4.18701082e-01 3.50221783e-01
    7.37309575e-01 3.84814143e-02 6.13609374e-01 8.24646115e-01
    5.74975789e-01 3.89013350e-01 3.35525602e-01 9.20560837e-01
    4.54475105e-01 5.75102270e-01 5.39306521e-01 9.31397438e-01
    9.12945271e-01 7.12549508e-01 8.81804824e-01 5.28019130e-01
    3.59872043e-01 8.08552861e-01 5.05536973e-01 1.85007662e-01
    7.20147073e-01 5.10323703e-01 6.23974204e-02 9.90483463e-02
    3.24445367e-01 3.84733468e-01 2.75567591e-01 9.93922234e-01
    1.04162306e-01 9.03533697e-01 5.19183874e-02 2.98186719e-01
    2.60428160e-01 4.73259091e-01 9.98328209e-01 8.61957490e-01
    3.44041198e-01 5.08316696e-01 7.34933257e-01 2.83989251e-01
    1.77994192e-01 3.01881045e-01 6.35660887e-01 9.12254810e-01
    1.68505043e-01 7.69870341e-01 9.52750564e-01 6.55518055e-01
    8.21707129e-01 2.84649044e-01 4.56420481e-01 4.42082971e-01
    9.93552625e-01 3.22817504e-01 7.28550673e-01 6.44493818e-01
    4.90662158e-01 9.82840717e-01 3.41584623e-01 4.06497717e-01
    2.11536884e-04 6.12928212e-01 2.19883084e-01 7.37132430e-01
    8.16147268e-01 8.07505727e-01 2.92487502e-01 2.63891995e-01
    5.38470268e-01 7.00985551e-01 1.87981606e-01 6.11034214e-01
    7.81778574e-01 8.18286061e-01 9.63296533e-01 7.90923476e-01
    3.46158624e-01 3.60923052e-01 4.99154061e-01 4.43631977e-01
    2.47762501e-01 1.03301108e-02 7.04373002e-01 6.24508917e-01
    1.71794534e-01 9.20034468e-01 9.10896897e-01 1.13583714e-01
    5.63232720e-01 7.98393369e-01 3.54090095e-01 6.04570866e-01
    7.03297615e-01 4.21419710e-01 2.83197045e-01 3.46706599e-01
    2.55111247e-01 8.68754864e-01 9.82871711e-01 6.84658587e-02
    3.15750241e-01 7.70224571e-01 4.03210223e-01 9.45659101e-01
    8.94791901e-01 4.11730498e-01 2.38901496e-01 4.64674503e-01
    3.35084021e-01 3.99223715e-01 4.48607683e-01 4.79300499e-01
    3.80547106e-01 4.03738797e-01 2.97671437e-01 3.88437033e-01
    3.38930130e-01 2.59069264e-01 9.72712636e-02 2.96229929e-01
    8.88278186e-01 9.56157804e-01 1.33171111e-01 1.67444736e-01
    7.32362032e-01 3.16835433e-01 1.93573773e-01 9.66412306e-01
    9.42707956e-01 9.93571162e-01 4.78980243e-01 4.36675966e-01
    6.55394018e-01 9.62474287e-01 4.70217556e-01 4.35319960e-01
    5.92111945e-02 5.32411933e-02 9.10225272e-01 1.70100063e-01
    7.07079589e-01 3.61526191e-01 5.44159055e-01 8.59589815e-01
    7.78750658e-01 5.11714876e-01 8.24792445e-01 6.16900563e-01
    2.60122716e-01 4.74426895e-01 9.86351967e-01 1.26070529e-01
    2.08819687e-01 4.73585218e-01 8.70268941e-01 5.52584410e-01
    7.00325489e-01 7.01877475e-02 5.84816813e-01 9.57861722e-01
    1.53685540e-01 9.35189426e-02 3.22922826e-01 6.77911341e-01
    3.50429356e-01 3.13703716e-02 3.81308496e-02 9.73550200e-01
    7.81253815e-01 6.50046051e-01 4.63181913e-01 4.56484616e-01
    8.85403335e-01 4.76749718e-01 5.78535497e-01 4.55543667e-01
    6.96940660e-01 1.40688092e-01 7.94075012e-01 1.10614121e-01
    6.71671867e-01 1.54177248e-01 9.19024467e-01 7.22405910e-02
    7.70844340e-01 9.40534830e-01 1.34873152e-01 1.50045872e-01
    7.90064812e-01 8.64556551e-01 8.34835172e-01 3.37086916e-01
    9.98905718e-01 1.73563063e-02 3.80061716e-01 9.49470758e-01
    1.44022375e-01 6.95367932e-01 9.25636172e-01 4.58473265e-01
    7.59055018e-01 6.69542551e-01 8.29030633e-01 3.90628427e-01
    7.20339894e-01 9.84328389e-01 1.43649042e-01 8.27185094e-01
    5.29687643e-01 3.63313675e-01 5.85489750e-01 2.18322098e-01
    3.19842100e-02 9.91567194e-01 2.33329713e-01 4.05918092e-01
    5.76884568e-01 8.28824401e-01 1.28882229e-02 2.50989586e-01
    7.22200751e-01 1.99764311e-01 4.91492271e-01 2.48102725e-01
    5.38637519e-01 5.58061361e-01 6.04692101e-01 2.88666487e-01
    6.18066788e-01 2.84144759e-01 2.16769576e-01 3.74546766e-01
    7.03994870e-01 5.00226676e-01 9.75442290e-01 5.35848379e-01
    9.86666679e-01 8.22722912e-02 7.43999004e-01 2.74690509e-01
    4.39551324e-01 4.09390092e-01 4.64647979e-01 7.71777391e-01
    2.06064731e-01 6.44784689e-01 8.41991544e-01 6.30532622e-01
    9.04407322e-01 1.25013888e-02 3.42746675e-02 5.10685384e-01
    5.89681208e-01 2.51289964e-01 9.37343359e-01 1.41285747e-01
    3.40706408e-02 3.55647922e-01 6.92084312e-01 9.07459557e-02
    7.30488300e-01 4.39223289e-01 9.15191412e-01 9.47870612e-01
    8.54369342e-01 8.29515755e-02 3.83135855e-01 8.77151608e-01
    8.49636197e-01 5.83547771e-01 8.03622007e-01 2.62492090e-01
    8.40474963e-02 5.21027327e-01 8.11877728e-01 4.69182700e-01
    4.32426989e-01 5.74111581e-01 8.63803923e-01 2.40648538e-01
    5.41065991e-01 8.70047569e-01 5.63610256e-01 8.63140762e-01
    4.99410659e-01 7.17938662e-01 3.19079697e-01 3.98120791e-01
    5.38146734e-01 1.06609613e-01 8.78491402e-02 1.33421779e-01
    2.02821344e-01 7.21322060e-01 4.68171537e-02 7.91233897e-01
    4.44348961e-01 9.40852523e-01 2.78185993e-01 8.46975505e-01
    6.53835356e-01 2.81175375e-01 6.13008797e-01 1.13226473e-02
    8.44680190e-01 9.77060318e-01 6.24823987e-01 6.47634566e-02
    3.75741273e-01 7.55891204e-02 8.06817114e-02 6.30726814e-02
    6.16046369e-01 1.22311354e-01 5.02706468e-01 1.13162398e-02
    9.97049570e-01 8.83785605e-01 3.29263449e-01 1.96955502e-01
    9.72693026e-01 5.84495783e-01 1.45179629e-01 1.40292913e-01
    3.64884138e-01 1.65436715e-01 4.22300220e-01 9.59560752e-01
    9.78990078e-01 1.03094012e-01 8.84884059e-01 4.22886848e-01
    7.05761611e-01 8.05904865e-01 7.65037835e-02 6.05019569e-01
    1.62708133e-01 3.42116386e-01 9.23070252e-01 7.57751226e-01
    2.23691255e-01 8.15771222e-01 3.18624139e-01 7.44070649e-01
    2.46853262e-01 3.06854248e-02 5.24657071e-01 4.92866784e-01
    6.10228658e-01 8.43720317e-01 7.36449599e-01 8.32992554e-01
    6.06864095e-01 7.02629983e-02 2.15918869e-01 5.26754677e-01
    6.58337414e-01 7.02891171e-01 6.92568064e-01 1.72411501e-01
    5.60301542e-03 1.84974551e-01 6.90793753e-01 2.38091230e-01
    1.87053263e-01 9.57072020e-01 3.37279916e-01 1.34866476e-01
    4.09343839e-01 2.90717185e-02 4.23724174e-01 7.15622842e-01
    1.70398206e-01 8.25095773e-01 1.37616664e-01 9.83853221e-01
    9.15380001e-01 9.31074739e-01 6.50823772e-01 6.60892248e-01
    2.77593493e-01 7.40848243e-01 7.54075706e-01 8.18524003e-01
    1.33862942e-01 7.72173762e-01 9.17906284e-01 7.88060904e-01
    6.81302309e-01 9.62501049e-01 6.83222115e-02 3.55380654e-01
    6.14708722e-01 5.33985615e-01 4.83783245e-01 4.89048719e-01
    9.22307491e-01 8.74187291e-01 5.34854591e-01 1.44246697e-01
    6.44170642e-02 1.96386516e-01 4.12638485e-01 8.77192616e-01
    2.55402267e-01 7.69333243e-01 2.00801492e-02 6.04197025e-01
    5.24857104e-01 6.17601037e-01 6.69415116e-01 1.16181970e-02
    3.45107317e-01 4.40340400e-01 1.51085407e-01 1.67348981e-02
    6.08248115e-02 9.92676258e-01 6.61553264e-01 1.53824359e-01
    1.13420546e-01 7.97844172e-01 4.51451510e-01 9.54717398e-01
    3.32894087e-01 2.58974910e-01 2.53887773e-01 4.71289754e-02
    1.69863522e-01 1.57628000e-01 9.08926368e-01 8.21954012e-01
    9.27120805e-01 1.71324641e-01 6.89856112e-02 6.13133371e-01
    1.20244563e-01 9.20814633e-01 7.92592943e-01 9.92610633e-01
    1.80049241e-01 7.62988448e-01 1.47020221e-02 5.35058141e-01
    4.01230752e-01 8.79154682e-01 3.63532841e-01 1.27575696e-01
    6.69047236e-02 3.40215862e-01 6.38319135e-01 8.17406476e-01
    4.02888268e-01 4.93289679e-01 7.64189720e-01 3.40972126e-01
    8.36786449e-01 4.93442148e-01 9.81075168e-01 1.29093885e-01
    1.99859709e-01 9.05266702e-01 6.23838186e-01 2.23341256e-01
    9.01633918e-01 1.14715695e-02 9.47269619e-01 3.45524400e-01
    2.04335064e-01 6.19533241e-01 9.10893321e-01 8.09127927e-01
    3.25593770e-01 4.22542691e-02 8.45625699e-02 3.78114671e-01
    2.95907378e-01 7.63153434e-01 8.32712173e-01 8.67380023e-01
    7.48521984e-02 7.77957797e-01 4.42592114e-01 9.54633176e-01
    9.11392093e-01 7.59326220e-01 7.75246501e-01 7.79092371e-01
    8.61687422e-01 9.35189605e-01 6.24605179e-01 3.40878606e-01
    2.07901329e-01 7.07036495e-01 6.80616617e-01 4.35731709e-01
    3.52948010e-01 1.98966324e-01 1.57699287e-02 5.98172307e-01
    8.29355419e-01 7.92089581e-01 6.34380341e-01 2.00576305e-01
    8.30945373e-01 5.73837757e-01 7.18081951e-01 6.02640986e-01
    2.52082795e-01 6.77344143e-01 9.22130406e-01 2.73015648e-01
    2.19574094e-01 1.27532333e-01 1.90372348e-01 3.08442831e-01
    7.75874496e-01 4.73183513e-01 2.31572539e-01 7.16802597e-01
    4.24759388e-02 6.08285904e-01 7.32446015e-01 6.79621816e-01
    5.70092976e-01 8.12946141e-01 7.44264781e-01 8.71417046e-01
    6.98736250e-01 9.46401238e-01 5.29080331e-02 8.41820359e-01
    9.95014548e-01 9.89332080e-01 1.72012001e-01 4.80835617e-01
    4.18489933e-01 8.08440328e-01 7.16135323e-01 6.31992102e-01
    1.22088552e-01 2.13735968e-01 5.41002810e-01 5.02481401e-01
    6.42673075e-01 4.67886627e-01 7.20812380e-02 7.55167484e-01
    5.53513527e-01 8.58574629e-01 8.78859043e-01 3.24337006e-01
    6.91605091e-01 4.12388146e-02 1.47098929e-01 4.24949825e-02
    2.86752343e-01 3.94159287e-01 8.77366662e-01 5.48147440e-01
    7.20981896e-01 4.53561366e-01 7.19234884e-01 7.57453442e-01
    6.26888454e-01 6.26205444e-01 9.83643174e-01 1.93333626e-01
    2.84495890e-01 4.14135754e-01 8.60617161e-01 6.46410227e-01
    8.86146545e-01 5.04160166e-01 1.35298282e-01 9.51003730e-01
    3.91906530e-01 8.67179573e-01 3.16623330e-01 7.66458988e-01
    4.97395843e-01 8.03230643e-01 5.85102379e-01 3.08828115e-01
    8.56177747e-01 3.81933153e-02 2.04544663e-02 6.42406046e-01
    7.29540586e-01 4.19276893e-01 5.74329674e-01 4.42611307e-01
    6.96614504e-01 4.75367039e-01 9.12371874e-01 8.84591937e-01
    3.92890424e-01 2.30602741e-01 4.07633811e-01 7.91674972e-01
    8.28058481e-01 4.37849164e-02 2.77986228e-01 7.05738246e-01
    6.95093989e-01 6.87225461e-01 3.68256956e-01 6.71757579e-01
    6.76186383e-02 6.18301868e-01 5.35600305e-01 5.35102725e-01
    8.38317394e-01 2.42448151e-02 2.33103931e-01 5.71227729e-01
    4.95943308e-01 1.19496137e-01 7.23129511e-01 9.15050089e-01
    4.54632491e-01 4.92470592e-01 9.24094081e-01 7.39538670e-02
    2.35067934e-01 2.05737859e-01 9.24247503e-01 7.11134911e-01
    2.72791147e-01 4.10863101e-01 1.53154820e-01 7.37720132e-01
    8.65864456e-01 6.47405267e-01 8.91729116e-01 9.39318776e-01
    7.05758095e-01 3.04477811e-02 2.22906739e-01 7.71202207e-01
    6.74569011e-01 1.54959172e-01 7.93136120e-01 3.67169142e-01
    1.03623986e-01 9.30377364e-01 7.99372256e-01 8.51259470e-01
    5.11898398e-01 8.15886617e-01 5.28342724e-02 5.16091943e-01
    3.83889735e-01 7.31574416e-01 2.46069074e-01 6.47428215e-01
    2.24270701e-01 5.27922451e-01 2.31465042e-01 8.52937400e-01
    9.87099230e-01 6.22391939e-01 1.11633092e-01 3.44370723e-01
    5.43638468e-01 6.87142015e-01 2.09706157e-01 2.20365047e-01
    1.46766722e-01 1.89917862e-01 5.20924509e-01 4.04970407e-01
    9.38811660e-01 7.31818855e-01 3.35287333e-01 6.04882598e-01
    5.40492535e-02 4.91108030e-01 5.27041793e-01 9.13531542e-01
    4.24432755e-01 9.20107543e-01 3.24561119e-01 8.77023339e-01
    1.57591939e-01 7.64051914e-01 3.19405496e-02 9.98051286e-01
    9.07245219e-01 5.77466190e-01 5.37081659e-01 5.74120879e-03
    7.64132977e-01 2.35101610e-01 5.58507085e-01 2.47553885e-02
    7.62874842e-01 1.72224343e-02 9.38240409e-01 9.16140914e-01
    9.91534472e-01 4.30801749e-01 3.02254200e-01 1.32834584e-01
    2.83159077e-01 4.10048962e-02 9.04868722e-01 7.28913665e-01
    3.06863129e-01 5.38496554e-01 2.99839020e-01 1.01674557e-01
    7.28681266e-01 6.30368471e-01 3.79651070e-01 3.66676927e-01
    6.15452886e-01 7.41528392e-01 7.60100782e-02 5.68756580e-01
    5.81811786e-01 5.52084029e-01 9.90227878e-01 1.44938171e-01
    8.79696667e-01 6.75803721e-01 4.89894092e-01 5.56637406e-01
    4.29536194e-01 9.43864942e-01 9.48270082e-01 5.61092198e-02
    5.37308455e-02 5.88337958e-01 4.50880796e-01 2.05881983e-01
    6.90251350e-01 2.08871365e-02 1.25695497e-01 1.00550175e-01
    4.97467279e-01 6.69109225e-01 7.32362270e-04 7.12326586e-01
    7.99889684e-01 7.97698677e-01 2.90118784e-01 7.02232599e-01
    2.46068925e-01 4.85155076e-01 6.26835525e-01 7.29869783e-01
    1.10106289e-01 1.96128219e-01 5.20720959e-01 7.80135512e-01
    9.16428447e-01 3.74086916e-01 5.01157105e-01 2.56910503e-01
    8.62650275e-01 9.60220873e-01 5.07202804e-01 8.50586772e-01
    7.89879203e-01 2.61091769e-01 6.30337536e-01 8.34620297e-02
    7.94455111e-02 8.04274559e-01 1.52470440e-01 4.21824396e-01
    5.58136821e-01 4.46499556e-01 3.97516638e-01 5.13811827e-01
    4.75700676e-01 1.87759966e-01 2.49545813e-01 6.74828172e-01
    1.13026083e-01 3.51244330e-01 4.70150620e-01 8.74406815e-01
    3.58591378e-01 7.71705151e-01 7.64406323e-01 7.99076200e-01
    6.27139330e-01 6.82452917e-01 3.32460582e-01 7.38741696e-01
    3.48246932e-01 6.99408293e-01 2.46968955e-01 8.30877185e-01
    6.93858385e-01 2.33510613e-01 5.18711209e-02 3.88564050e-01
    9.88350749e-01 8.61010492e-01 8.43576670e-01 7.08581865e-01
    7.48021603e-02 4.87054259e-01 7.16763139e-01 1.61082506e-01
    3.04915160e-01 4.00298864e-01 2.02256799e-01 2.43922234e-01
    1.09112442e-01 6.75833821e-01 8.11432540e-01 4.38170046e-01
    6.28896475e-01 4.22714949e-01 7.42256641e-04 9.39879537e-01
    2.45369732e-01 8.81386220e-01 6.57445610e-01 7.78295159e-01
    6.09075904e-01 2.29815632e-01 7.19145775e-01 9.85138118e-02
    5.89379489e-01 5.33823490e-01 1.88363969e-01 2.59419173e-01
    3.95087361e-01 1.53704077e-01 4.60747421e-01 3.95297706e-02
    1.03775114e-01 8.32764804e-02 3.20327282e-01 7.97904491e-01
    8.97878885e-01 2.51801491e-01 5.75703919e-01 3.61131847e-01
    5.35518587e-01 6.05996668e-01 2.95208573e-01 2.13589579e-01
    1.36173636e-01 9.67486203e-01 9.87057090e-01 2.23186731e-01
    5.19675493e-01 8.51419270e-02 6.52865529e-01 3.68999302e-01
    7.39320695e-01 7.18945265e-02 9.43329930e-02 8.94629955e-02
    7.27822661e-01 5.64157724e-01 3.10615540e-01 1.67677939e-01
    5.96961856e-01 6.77579403e-01 2.22259790e-01 3.48008215e-01
    2.37849504e-01 6.33477986e-01 7.48246193e-01 9.62301493e-01
    6.35001123e-01 8.38471353e-02 3.13896149e-01 3.59767854e-01
    8.46663237e-01 3.79782826e-01 7.84732580e-01 9.82334256e-01
    6.34500384e-01 6.07219815e-01 4.28798795e-01 4.74863738e-01
    9.67180490e-01 6.82729959e-01 1.96308523e-01 3.24624687e-01
    7.31031895e-01 6.14670515e-01 2.76997477e-01 6.80654407e-01
    5.74969292e-01 2.87384391e-01 1.82462722e-01 6.71442270e-01
    2.38208711e-01 6.82868600e-01 5.66638172e-01 6.82136118e-01
    9.16278720e-01 1.15686923e-01 7.08701551e-01 6.20292544e-01
    6.70600712e-01 8.80344391e-01 8.47481608e-01 1.39390230e-01
    7.07094371e-02 9.61072266e-01 2.54032254e-01 7.72324562e-01
    9.85801458e-01 3.82062048e-01 7.52847672e-01 9.45021629e-01
    7.04489350e-02 7.34880626e-01 6.15869045e-01 7.28380740e-01
    7.64650106e-01 6.43072188e-01 8.38387012e-01 5.90000451e-02
    8.18317115e-01 1.13846928e-01 3.21613967e-01 4.51326847e-01
    8.06961656e-02 1.80622339e-02 7.86427498e-01 4.51998413e-02
    7.96125650e-01 1.37420028e-01 3.49907219e-01 7.28001893e-01
    9.72507596e-01 8.87252331e-01 4.44941074e-01 5.59332550e-01
    5.48339903e-01 9.29682314e-01 8.47209275e-01 6.63489342e-01
    4.15781140e-01 7.85848022e-01 3.63682210e-02 1.67059451e-01
    2.71403313e-01 1.12894475e-02 5.36219835e-01 6.72953963e-01
    3.08789968e-01 7.17120767e-01 3.46136212e-01 8.87060165e-01
    8.59951496e-01 1.25963986e-01 8.26148510e-01 2.62489796e-01
    9.04875696e-01 3.03809583e-01 4.82086420e-01 1.44838423e-01
    5.96073210e-01 9.59573627e-01 7.44626284e-01 7.65335441e-01
    5.29210508e-01 3.76996815e-01 8.68338287e-01 5.00445008e-01
    8.08972061e-01 9.84343171e-01 4.49257255e-01 2.93540359e-01
    4.55861509e-01 5.02180696e-01 6.97219372e-01 5.62107682e-01
    9.75371718e-01 5.21756113e-01 4.74574327e-01 2.07089335e-01
    9.89445925e-01 2.92691886e-02 3.60741973e-01 1.80621088e-01
    4.58984733e-01 7.64430642e-01 7.31299460e-01 1.42167777e-01
    7.49201477e-02 9.51359987e-01 8.70556355e-01 6.32591248e-01
    1.68673813e-01 2.87973851e-01 8.70124578e-01 5.83185256e-01
    3.48334670e-01 8.40708196e-01 1.89480543e-01 5.17550409e-01
    1.93265647e-01 8.65016341e-01 7.21773207e-02 3.11094940e-01
    5.99962354e-01 1.31522357e-01 5.16235471e-01 6.31052196e-01
    9.03111815e-01 8.33205342e-01 7.76102781e-01 5.83623767e-01
    9.14507687e-01 2.64237583e-01 9.07329559e-01 1.94615334e-01
    8.88046682e-01 2.50112355e-01 8.07493210e-01 6.83981776e-01
    3.89031202e-01 6.30536377e-01 6.40985489e-01 5.77283680e-01
    8.37929964e-01 2.39192069e-01 2.85956085e-01 5.87894499e-01
    6.45203650e-01 6.54509246e-01 6.59342945e-01 4.70985591e-01
    1.40352339e-01 1.78913713e-01 4.19984400e-01 5.03666341e-01
    6.41505122e-01 3.46895814e-01 1.99906915e-01 5.21766305e-01
    3.98156226e-01 9.35180008e-01 7.93232620e-01 7.25661278e-01
    1.11475348e-01 4.62133408e-01 2.84312934e-01 1.97110027e-01
    9.04876232e-01 9.58053887e-01 7.12180853e-01 9.40402269e-01
    6.94271922e-02 5.90234756e-01 6.00588918e-01 3.44741046e-01
    5.36852598e-01 7.22042441e-01 4.12885725e-01 6.34694457e-01
    6.20179117e-01 4.25227880e-02 3.13120842e-01 4.45347905e-01
    6.25701547e-02 2.60785758e-01 9.02853966e-01 5.44376194e-01
    8.36714625e-01 1.46341264e-01 9.58059430e-01 1.23673767e-01
    7.07138836e-01 3.75944376e-01 9.29244757e-01 7.40100443e-01
    8.13624322e-01 5.21822453e-01 3.30686361e-01 9.76684690e-02
    5.26971757e-01 5.10809124e-02 1.40480012e-01 3.23259205e-01
    5.24618626e-02 6.31196797e-02 7.04733551e-01 2.53772140e-01
    1.85652226e-01 5.00069559e-01 8.76954079e-01 8.84027779e-01
    5.04995286e-01 3.56707335e-01 2.61113435e-01 5.16848624e-01
    2.36406296e-01 9.93069410e-01 9.67434943e-02 6.80678010e-01
    6.05825782e-01 8.21740150e-01 4.68871295e-02 8.50722194e-01
    7.78851628e-01 2.80374825e-01 1.51270807e-01 7.35368490e-01
    4.27383780e-02 8.00005019e-01 1.40862346e-01 6.79612458e-02
    5.19193709e-01 6.64138913e-01 8.64688396e-01 1.92280412e-02
    7.86657810e-01 6.99067712e-01 5.84781706e-01 5.17728508e-01
    9.65325177e-01 4.94232118e-01 4.66263115e-01 3.00673604e-01
    5.73741376e-01 1.60416543e-01 8.57634306e-01 8.60432208e-01
    3.60585123e-01 7.15637982e-01 6.13981783e-02 6.26182139e-01
    3.17572176e-01 7.94158161e-01 7.84589171e-01 4.22923267e-02
    2.60699987e-01 8.81803989e-01 1.02565378e-01 2.35770196e-01
    1.80747896e-01 2.69444704e-01 4.56169248e-01 9.22484994e-01
    3.63977998e-01 5.87644756e-01 5.86494029e-01 3.31266850e-01
    3.93889546e-02 3.74208719e-01 7.53892064e-01 7.41497099e-01
    1.59755409e-01 6.98821247e-02 3.43685865e-01 4.61525023e-01
    6.01281643e-01 5.80682158e-01 9.48697448e-01 1.83613777e-01
    3.61327708e-01 9.99203920e-01 2.62750655e-01 9.28472281e-01
    3.97427917e-01 2.38832384e-01 6.86625302e-01 2.16702700e-01
    6.18956327e-01 6.55911148e-01 8.48452806e-01 5.72831631e-02
    9.33760345e-01 3.11761647e-01 6.87692583e-01 9.90124702e-01
    4.88543391e-01 1.28899604e-01 4.72827047e-01 5.30144572e-01
    5.52365661e-01 6.29324615e-01 5.95399618e-01 7.64479995e-01
    9.70008016e-01 4.57623541e-01 3.11082542e-01 9.26145136e-01
    5.37380815e-01 7.25185275e-02 1.65079713e-01 5.02813160e-02
    4.71269786e-02 4.95291889e-01 9.30935502e-01 3.59741867e-01
    3.06887150e-01 6.28855765e-01 9.30386782e-02 2.80058295e-01
    1.54758632e-01 3.73946398e-01 9.13381696e-01 2.26390302e-01
    1.99134648e-01 2.80883133e-01 1.94543540e-01 3.74167651e-01
    3.34809214e-01 7.89994597e-01 2.15664119e-01 6.57569647e-01
    8.19287539e-01 7.99998164e-01 5.08169234e-01 2.39002734e-01
    2.98260242e-01 3.45094025e-01 1.78699493e-02 9.05804276e-01
    1.43643200e-01 5.14031529e-01 9.02756155e-01 4.72874850e-01
    6.18154943e-01 3.68359625e-01 9.23971772e-01 5.39106965e-01
    2.29045570e-01 7.16931880e-01 7.31135726e-01 5.04645407e-01
    6.81183934e-02 1.05077118e-01 5.20667255e-01 8.99923801e-01
    8.41750383e-01 9.02232528e-03 6.41712010e-01 8.18208218e-01
    6.04796171e-01 6.16943955e-01 5.44798434e-01 9.24150348e-01
    1.98899329e-01 8.96295667e-01 7.88492441e-01 7.73875237e-01
    8.03203583e-01 6.84152603e-01 6.86258197e-01 9.20092404e-01
    6.26898587e-01 2.98719168e-01 1.85295254e-01 7.58644283e-01
    3.72798324e-01 1.36128753e-01 8.87313724e-01 8.17083597e-01
    8.84383976e-01 8.62338305e-01 9.13138151e-01 4.53305542e-02
    7.96226621e-01 5.81027269e-01 9.21239138e-01 7.45227814e-01
    6.18046045e-01 1.59294605e-02 2.32724845e-01 1.87920034e-01
    7.76703477e-01 1.92362070e-02 8.65480065e-01 5.41932046e-01
    6.31025553e-01 7.95036316e-01 9.61668372e-01 8.33071113e-01
    8.63776624e-01 5.13986290e-01 4.84544545e-01 2.76630521e-01
    9.92798030e-01 5.15122235e-01 9.18010235e-01 6.62679076e-01
    8.74970913e-01 9.13366675e-02 1.90530032e-01 7.66523182e-01
    7.11223185e-01 8.79356623e-01 3.96345735e-01 4.08354104e-02
    8.87337446e-01 7.59984195e-01 5.76613605e-01 6.83126926e-01
    8.31686199e-01 4.61330712e-01 1.23240948e-01 1.82092935e-01
    8.54916334e-01 9.29916203e-02 9.85537291e-01 8.85852814e-01
    2.36057520e-01 1.57328874e-01 1.86564177e-01 3.64099741e-02
    7.00759470e-01 1.71427101e-01 6.33162022e-01 8.62039208e-01
    5.80144405e-01 6.99891031e-01 5.47244966e-01 2.57256627e-01
    6.57196879e-01 8.84588122e-01 2.96053648e-01 4.21966672e-01
    4.30697203e-03 7.46850610e-01 5.05546689e-01 1.81955427e-01
    2.12967396e-01 1.90599084e-01 8.57290745e-01 1.76529139e-01
    8.52223277e-01 3.51115823e-01 2.92093754e-01 3.83843094e-01
    3.10567230e-01 4.58409131e-01 8.62803102e-01 9.27909374e-01
    8.41606617e-01 8.75306726e-02 9.85678673e-01 7.57344663e-02
    4.87809122e-01 6.92457914e-01 5.10328591e-01 8.54629338e-01
    6.80571318e-01 8.25711131e-01 9.03790593e-02 7.27031469e-01
    8.89011502e-01 9.57300961e-01 1.64179087e-01 9.00059223e-01
    2.71195173e-01 6.93209469e-01 8.04866791e-01 4.97685522e-01
    7.88118839e-02 7.10254133e-01 7.41779685e-01 7.04778135e-02
    7.45997429e-01 6.88677907e-01 9.65921700e-01 2.96829760e-01
    8.36979032e-01 6.41975462e-01 8.86967659e-01 8.04026723e-01
    1.84781015e-01 7.33976185e-01 9.06099975e-01 9.62035060e-01
    8.27208459e-02 8.71711969e-03 2.86033213e-01 7.06663132e-01
    5.15276432e-01 2.86103904e-01 8.86987209e-01 7.66212702e-01
    7.64402747e-01 8.74215245e-01 7.52726555e-01 1.84381902e-02
    9.95119333e-01 3.57280135e-01 4.01148885e-01 9.84064937e-01
    4.19505775e-01 7.71226585e-02 2.02198088e-01 4.33317333e-01
    1.27709299e-01 5.05836725e-01 2.75914848e-01 4.44575816e-01
    7.65742183e-01 5.33813298e-01 5.05464911e-01 8.66343975e-01
    1.04598701e-02 5.82495809e-01 1.34948671e-01 8.52119923e-01
    5.66767752e-01 4.72569197e-01 3.01529586e-01 9.78530169e-01
    1.89336747e-01 3.33165020e-01 1.85506910e-01 5.22474408e-01
    4.45329934e-01 7.64100552e-01 3.91575009e-01 7.50712574e-01
    6.77782536e-01 8.42346549e-01 5.46452284e-01 5.28571606e-01
    9.37031388e-01 1.14670396e-01 2.82373250e-01 5.69901884e-01
    4.25176948e-01 6.63677096e-01 6.27058327e-01 4.81967628e-01
    9.21219587e-03 3.71554852e-01 7.53456295e-01 7.83960223e-02
    3.56529295e-01 2.50063181e-01 1.72059804e-01 5.54448426e-01
    9.46736515e-01 1.71442002e-01 1.06710315e-01 6.95442557e-01
    2.53597349e-01 5.01041889e-01 7.88208306e-01 6.01471722e-01
    5.54677844e-02 3.29238534e-01 1.36440128e-01 6.04625702e-01
    1.10449910e-01 7.91187644e-01 7.23987579e-01 8.44563603e-01
    5.99767029e-01 2.75641322e-01 7.00430989e-01 7.33317614e-01
    4.95728880e-01 5.78377247e-01 3.25025260e-01 7.66644299e-01
    9.80714262e-02 1.23360306e-01 6.28496051e-01 2.87991524e-01
    3.35214794e-01 7.16784954e-01 8.80188942e-01 2.32035220e-01
    8.73823166e-01 5.19292533e-01 3.58644128e-02 1.50066316e-01
    3.49344730e-01 5.80063343e-01 8.86598825e-01 4.83157039e-02
    7.18753934e-01 5.92757404e-01 8.58833194e-01 3.63039792e-01
    7.67507672e-01 6.61251187e-01 3.20443094e-01 5.43670714e-01
    4.94423181e-01 8.75559926e-01 5.47804296e-01 4.08853650e-01
    3.40788960e-02 5.14724612e-01 7.64023900e-01 7.32714653e-01
    3.02369237e-01 9.12098885e-02 5.56214035e-01 6.95855618e-01
    7.75604606e-01 2.98565567e-01 7.99929619e-01 1.40380889e-01
    8.88027847e-01 7.71318555e-01 7.10727274e-02 3.62739265e-01
    7.59724498e-01 1.63551420e-01 3.04369777e-01 6.35555863e-01
    2.67985165e-01 1.57123595e-01 3.73837471e-01 2.35902637e-01
    5.92424989e-01 8.30150604e-01 7.47920036e-01 1.63811445e-02
    4.97119904e-01 1.54073387e-01 2.37539291e-01 9.36115801e-01
    4.49776649e-03 1.02807313e-01 1.99126303e-02 5.19675553e-01
    7.70899296e-01 6.39923215e-01 8.37791324e-01 9.75103617e-01
    6.97892129e-01 8.86037111e-01 7.94608593e-01 4.54282343e-01
    9.42769468e-01 5.09799719e-01 7.63381720e-01 1.26888812e-01
    3.28227967e-01 7.02106953e-01 1.22447133e-01 8.13974142e-01
    4.15240824e-01 3.02576900e-01 5.91133952e-01 8.34475517e-01
    2.09950060e-01 2.29647726e-01 9.19765294e-01 2.97110617e-01
    4.17308182e-01 9.76945579e-01 5.12272060e-01 2.12176740e-02
    7.41614342e-01 2.77593017e-01 6.87539995e-01 1.82464898e-01
    4.59787011e-01 1.05104089e-01 7.29074836e-01 2.48633027e-02
    3.99433136e-01 8.94514740e-01 3.36588502e-01 6.74899340e-01
    1.75547987e-01 5.47847152e-01 6.69165850e-01 6.06747389e-01
    9.44784880e-01 4.34962511e-02 4.52306211e-01 7.53289938e-01
    2.10369110e-01 7.24320054e-01 6.66100979e-01 3.28867137e-01
    2.94378161e-01 3.42078626e-01 1.62724078e-01 7.75040567e-01
    2.95625031e-02 3.43654931e-01 4.29385900e-03 8.05477142e-01
    2.43252277e-01 4.93782550e-01 8.11255217e-01 9.08066988e-01
    2.19288468e-03 7.99893498e-01 6.20673418e-01 8.32298040e-01
    9.46618497e-01 3.66077006e-01 6.28257990e-01 5.58172584e-01
    9.37116385e-01 8.88267696e-01 2.40756840e-01 3.12934160e-01
    9.87410903e-01 5.24285138e-01 9.24181640e-02 1.24428391e-01
    9.44266558e-01 7.06493258e-01 5.40656447e-01 8.75313044e-01
    3.50653172e-01 5.23196816e-01 1.22755289e-01 6.06075108e-01
    8.00306797e-01 6.75812483e-01 8.11506271e-01 9.34800744e-01
    8.98984253e-01 3.33100557e-03 4.75057662e-02 9.48372722e-01
    5.92928767e-01 3.11173171e-01 9.35048103e-01 4.29321945e-01
    5.25031388e-02 2.40068972e-01 2.89244175e-01 8.08887303e-01
    2.31034279e-01 3.49857032e-01 6.68510437e-01 6.95321977e-01
    2.90553540e-01 7.54042745e-01 7.41660595e-04 8.46357524e-01
    7.92544544e-01 4.08262551e-01 5.91929317e-01 7.91200995e-03
    3.77539992e-01 9.69915211e-01 1.65789068e-01 8.48901391e-01
    8.17387640e-01 3.63924176e-01 6.55515373e-01 3.21803808e-01
    3.83090615e-01 1.75933599e-01 7.50191808e-01 6.61560774e-01
    9.67498243e-01 9.01137590e-02 8.65001023e-01 4.25849915e-01
    8.01361501e-02 6.50512218e-01 7.84925461e-01 6.47285283e-01
    5.37861705e-01 2.38043666e-01 5.40837765e-01 3.93094182e-01
    3.05888087e-01 8.57188165e-01 7.39560127e-01 3.58148992e-01
    8.24031234e-01 4.60383147e-01 2.08876729e-01 4.81845737e-01
    1.62025750e-01 6.08733654e-01 7.96983600e-01 2.26582408e-01
    8.45190048e-01 1.83208585e-02 6.42120540e-01 7.60917068e-01
    9.37926531e-01 5.34243941e-01 1.29116058e-01 9.96738315e-01
    1.28019452e-01 9.49829698e-01 2.52603173e-01 4.55295384e-01
    6.49281204e-01 5.75337172e-01 6.89463317e-01 8.21508050e-01
    5.28958917e-01 2.88234890e-01 2.09768713e-01 6.33716524e-01
    3.11022997e-02 3.15827638e-01 4.93306905e-01 4.79863137e-01
    7.50200748e-01 4.58421409e-01 4.16877508e-01 4.26414102e-01
    8.34914982e-01 8.81892800e-01 7.59836435e-02 3.76592517e-01
    1.37666106e-01 2.40747124e-01 5.87511241e-01 3.18398893e-01
    9.74969923e-01 3.01481724e-01 9.12809730e-01 6.20718122e-01
    8.87781858e-01 4.02365088e-01 6.64520979e-01 3.48130047e-01
    9.83915985e-01 1.78655118e-01 2.52121687e-03 5.54770231e-02
    9.15216148e-01 5.42450070e-01 9.18847799e-01 6.74777329e-01
    6.18928373e-01 3.96008343e-01 3.71128798e-01 2.17958242e-01
    1.68852627e-01 3.07119280e-01 7.57343173e-02 8.15106153e-01
    5.85974693e-01 3.19180429e-01 9.94423151e-01 5.94630957e-01
    6.98711634e-01 4.45425332e-01 3.45876902e-01 5.34579158e-02
    2.97502339e-01 6.55375898e-01 1.32314235e-01 8.83486509e-01
    8.88531208e-01 2.71594286e-01 8.56195688e-01 3.17198813e-01
    7.75432348e-01 5.34052253e-01 7.38543987e-01 2.67676055e-01
    4.48180079e-01 7.90111184e-01 8.56234312e-01 1.47568315e-01
    5.56972027e-02 3.74837279e-01 7.96360850e-01 3.27913970e-01
    9.38728869e-01 3.66397411e-01 8.63365293e-01 8.79988790e-01
    1.54287845e-01 7.92974353e-01 5.17386138e-01 5.58890462e-01
    7.11269319e-01 3.84820998e-01 4.72553253e-01 5.56985676e-01
    5.00980675e-01 4.31386739e-01 4.61639285e-01 7.37387419e-01
    3.74251306e-02 3.19551319e-01 7.30813146e-01 3.18809271e-01
    5.84923327e-02 3.36503029e-01 7.37439156e-01 1.37345612e-01
    4.01127815e-01 6.67729855e-01 6.23875141e-01 7.17384934e-01
    4.03622419e-01 3.59312713e-01 3.44617575e-01 8.15158129e-01
    9.67554092e-01 1.86350942e-01 1.35796219e-01 3.49356830e-01
    2.84275472e-01 4.66691762e-01 5.94771743e-01 3.94620657e-01
    5.22040069e-01 7.16787577e-01 2.89085865e-01 3.30219299e-01
    6.39464974e-01 3.96178216e-01 7.01803565e-01 1.77215040e-01
    4.69834745e-01 6.82196915e-02 8.17398548e-01 8.27076316e-01
    5.97050488e-02 5.70404887e-01 7.77176142e-01 1.79833770e-02
    4.26871836e-01 3.24114442e-01 5.45615494e-01 9.59810853e-01
    8.94923687e-01 6.10827863e-01 7.65551031e-02 2.98894465e-01
    3.74634147e-01 4.43904698e-02 5.63311160e-01 6.42000079e-01
    6.66451693e-01 7.93935180e-01 2.00793535e-01 8.05926800e-01
    2.79492557e-01 2.78227448e-01 3.23381096e-01 1.44517422e-01
    8.74112427e-01 6.66981637e-01 7.90929496e-02 2.10707784e-01
    2.95735925e-01 3.06845605e-02 3.16233814e-01 6.13243520e-01
    5.98868668e-01 5.12669742e-01 3.69820893e-02 8.94851863e-01
    8.03531289e-01 6.46373630e-01 8.63909245e-01 9.49160814e-01
    1.91863894e-01 9.29601073e-01 6.54569387e-01 6.17792785e-01
    7.66338110e-01 4.37933266e-01 3.67448032e-01 2.72531569e-01
    1.22017711e-01 1.92982346e-01 7.04570055e-01 2.57842064e-01
    6.35657072e-01 5.04017234e-01 7.40005612e-01 7.96219110e-01
    5.08010507e-01 8.93596053e-01 7.70752311e-01 1.56652927e-02
    3.30710948e-01 1.08616859e-01 6.85777485e-01 9.14461613e-01
    8.43527794e-01 8.84034038e-02 7.82849789e-01 5.06189227e-01
    3.36704850e-02 5.97261012e-01 1.56491965e-01 1.56426191e-01
    9.53837872e-01 3.28692347e-01 4.12608385e-01 2.96091139e-01
    3.43742192e-01 4.24646676e-01 8.70382607e-01 2.67178357e-01
    7.13836610e-01 2.15590507e-01 2.17547268e-01 1.76126897e-01
    5.42951941e-01 6.36936426e-01 4.37391579e-01 7.05872416e-01
    7.83823967e-01 1.14611775e-01 8.27636361e-01 9.02074218e-01
    3.80135506e-01 2.19878197e-01 2.47496665e-02 8.97185206e-02
    8.36065114e-02 7.80586541e-01 4.84726965e-01 1.78742349e-01
    2.82661170e-01 3.54044080e-01 1.53238177e-02 2.75303811e-01
    4.05011833e-01 9.38830137e-01 6.09861851e-01 3.38194907e-01
    2.49366164e-02 7.56195247e-01 9.58892465e-01 3.07550430e-02
    5.40201008e-01 5.15425324e-01 3.10781002e-01 1.68311596e-01
    4.63561952e-01 1.74180239e-01 5.81366062e-01 9.69984233e-02
    1.06853515e-01 2.21639425e-01 5.09430230e-01 3.43936682e-01
    7.80512929e-01 5.18410027e-01 5.72472274e-01 2.79110491e-01
    5.11000991e-01 8.03214550e-01 1.05009019e-01 2.84931034e-01
    8.96725655e-02 4.31144297e-01 6.56373858e-01 6.52750432e-02
    5.69477558e-01 4.19375777e-01 1.04236454e-01 8.82439375e-01
    3.28263104e-01 5.78933835e-01 3.85314077e-01 9.59135771e-01
    8.81105244e-01 2.00351954e-01 8.37705135e-02 4.15864229e-01
    3.25777650e-01 5.51167428e-01 1.33343101e-01 5.12061477e-01
    7.46591449e-01 5.64281702e-01 6.22362018e-01 9.20069814e-01
    8.41782928e-01 6.10539138e-01 8.66826296e-01 9.43050027e-01
    9.64470744e-01 5.53388536e-01 7.12794363e-01 8.53424370e-02
    3.90233934e-01 7.70126581e-01 6.48458004e-01 6.37748420e-01
    5.97584188e-01 1.34730637e-02 7.99225092e-01 6.55075073e-01
    8.67066443e-01 7.31741786e-02 5.93651295e-01 3.51165712e-01
    4.98020381e-01 2.91877270e-01 5.27889788e-01 7.90531754e-01
    7.00392842e-01 3.86503935e-02 7.79484153e-01 5.05429685e-01
    4.34926033e-01 9.43345070e-01 5.52957892e-01 9.88690257e-01
    7.99601078e-01 4.06481028e-02 6.94582403e-01 4.90132809e-01
    8.68675590e-01 1.69384122e-01 5.59069216e-01 3.03157151e-01
    1.48741007e-02 5.92914104e-01 2.83142269e-01 2.70210832e-01
    9.62195158e-01 4.98382747e-02 1.30127728e-01 6.55269623e-02
    1.67212933e-01 5.48688352e-01 8.95987630e-01 3.78082156e-01
    5.29726505e-01 7.26970971e-01 6.30616546e-01 3.03250849e-02
    9.70693231e-01 4.19696659e-01 2.02092409e-01 9.74559665e-01
    5.56982577e-01 6.26466334e-01 8.30198169e-01 9.16787267e-01
    2.15173721e-01 1.57757282e-01 6.45978153e-01 4.67585474e-01
    7.77981758e-01 1.79599822e-01 4.59996790e-01 5.49339831e-01
    3.51439178e-01 3.44168782e-01 7.07524776e-01 4.07959014e-01
    8.83354127e-01 8.62473130e-01 5.34988463e-01 5.28189898e-01
    8.06130409e-01 7.47313917e-01 6.43945575e-01 9.62726772e-02
    5.41449487e-01 1.81786180e-01 6.29726887e-01 2.02163458e-01
    5.07049441e-01 5.68546653e-02 8.73421848e-01 8.32171261e-01
    6.24127030e-01 4.37130362e-01 4.43555474e-01 9.63351727e-01
    4.07579303e-01 7.04099178e-01 2.53177285e-02 3.28123212e-01
    1.25889778e-02 7.54898906e-01 3.30932081e-01 7.72999644e-01
    1.30723566e-01 9.81451631e-01 3.48833442e-01 5.51335633e-01
    2.29358107e-01 1.99515581e-01 2.92599499e-02 5.18791080e-01
    3.90177399e-01 5.49786091e-01 3.45713764e-01 6.68575168e-02
    4.49282736e-01 6.17687464e-01 8.97211075e-01 3.34678888e-02
    1.84129268e-01 3.68552774e-01 1.77286565e-02 7.98615754e-01
    7.29414761e-01 8.76004815e-01 4.42233920e-01 1.26228988e-01
    3.93891275e-01 6.38139248e-02 8.92867923e-01 8.74292731e-01
    5.35202026e-03 5.65817535e-01 1.80323601e-01 1.64291799e-01
    7.91561067e-01 9.92364883e-01 2.39868373e-01 9.17081237e-01
    2.85991460e-01 1.69187754e-01 5.31346679e-01 7.43567288e-01
    3.03388774e-01 7.47405767e-01 7.78250217e-01 5.47257602e-01
    9.80409086e-02 4.60261703e-02 3.75406802e-01 1.67241901e-01
    5.18308461e-01 6.63898528e-01 6.94289148e-01 8.47125292e-01
    4.90266979e-02 6.90556645e-01 2.81779677e-01 2.63444781e-01
    9.90955710e-01 6.45165801e-01 1.22378230e-01 8.90142083e-01
    7.93213844e-01 5.35676777e-01 5.58911443e-01 2.46676356e-01
    8.00570548e-02 3.30269158e-01 2.85775155e-01 6.77662432e-01
    6.19563699e-01 1.35615706e-01 6.23929858e-01 5.65980554e-01
    7.97387064e-01 4.64734435e-01 8.74401212e-01 1.07419521e-01
    1.73029006e-01 8.07988405e-01 8.35761905e-01 4.41261202e-01
    2.38729537e-01 2.45167583e-01 2.67529517e-01 7.79361129e-01
    9.37930048e-01 1.62158072e-01 6.72130108e-01 3.74094844e-02
    7.45159090e-01 5.75950921e-01 9.95648503e-02 7.45441437e-01
    6.02850020e-01 9.95962739e-01 1.14313424e-01 4.03094828e-01
    6.81952536e-02 3.53771269e-01 9.41377997e-01 9.53266144e-01
    9.66847181e-01 1.45330071e-01 8.90627146e-01 5.20521700e-01
    9.80075002e-01 6.94725513e-02 7.21638918e-01 9.13629353e-01
    5.46853840e-02 5.30141592e-02 7.16619194e-01 1.91267133e-02
    8.04810643e-01 8.76021981e-01 7.69686103e-01 3.20838630e-01
    6.94811702e-01 6.02306783e-01 2.16642529e-01 2.15916544e-01
    1.33906722e-01 7.82453120e-01 9.23632860e-01 2.64792055e-01
    1.71102583e-02 3.87355983e-02 9.98108685e-02 3.33787858e-01
    8.39126706e-01 1.09413505e-01 9.37316418e-01 8.15862119e-02
    7.58307815e-01 9.70161974e-01 2.84471929e-01 4.17595804e-01
    1.76797956e-01 2.45372176e-01 5.96712291e-01 9.98641253e-01
    1.19494498e-02 3.03000450e-01 9.53490019e-01 6.30609989e-01
    6.76320553e-01 8.36667895e-01 4.55492258e-01 2.35890985e-01
    5.07098496e-01 9.27010059e-01 2.07649499e-01 5.71066618e-01
    1.03519946e-01 7.22320080e-01 3.97841394e-01 1.60433680e-01
    7.83308268e-01 6.15025938e-01 3.72144938e-01 8.09114814e-01
    3.55675668e-01 7.03101933e-01 9.90797758e-01 7.64263272e-01
    7.58947492e-01 7.74577260e-01 9.46049333e-01 6.55733645e-01
    3.71420801e-01 6.68912172e-01 6.59878314e-01 7.74918497e-01
    2.67280340e-01 3.62205386e-01 8.50816190e-01 4.38525110e-01
    4.97789085e-01 4.24388796e-01 6.96312845e-01 6.02175593e-01
    9.93298411e-01 1.49152875e-02 9.02277827e-01 4.85324860e-02
    2.72552252e-01 8.84432673e-01 2.64160752e-01 7.87574053e-02
    3.84841621e-01 5.30513883e-01 1.74508780e-01 3.84966254e-01
    9.08436656e-01 2.71774352e-01 7.70305634e-01 1.30931526e-01
    5.39455473e-01 4.48520243e-01 1.06255174e-01 3.75075310e-01
    9.58648145e-01 4.86157805e-01 5.07302284e-02 7.10759878e-01
    1.31885737e-01 2.99435735e-01 4.13511664e-01 3.56921375e-01
    3.21165860e-01 5.85245371e-01 1.76782638e-01 9.55165267e-01
    3.87894154e-01 5.16600609e-01 1.02695018e-01 2.80834734e-02
    1.08567655e-01 8.12050223e-01 5.79423428e-01 9.87809956e-01
    7.69830167e-01 1.03091955e-01 4.71461833e-01 5.61420023e-02
    8.97227764e-01 1.48089707e-01 9.27706718e-01 4.74684238e-01
    1.81632996e-01 1.28036410e-01 5.65949976e-02 2.09195435e-01
    5.79797626e-01 4.70173389e-01 2.86123961e-01 9.19390917e-01
    6.33615792e-01 5.40055335e-01 3.76783729e-01 9.34698701e-01
    5.71713805e-01 8.20085585e-01 2.01794356e-01 4.28173393e-01
    5.40182292e-01 1.52849376e-01 9.18622255e-01 6.26317561e-01
    2.49739170e-01 9.67889547e-01 5.18190563e-01 8.02815378e-01
    2.68255174e-01 7.57167339e-01 1.73591912e-01 8.51646781e-01
    3.58949542e-01 5.77593207e-01 3.48077059e-01 3.24563861e-01
    7.62053430e-02 2.57054627e-01 9.81419384e-02 1.83151722e-01
    3.43090594e-01 3.75170439e-01 4.57353711e-01 5.52027822e-01
    4.68236208e-01 2.46537477e-01 4.66900736e-01 4.48540568e-01
    8.30581069e-01 4.50736254e-01 1.50160283e-01 8.59287739e-01
    1.09419972e-01 2.75579780e-01 6.04423940e-01 1.59124196e-01
    7.41138279e-01 9.32865143e-02 9.62676167e-01 2.60992557e-01
    6.58767700e-01 1.22082144e-01 9.26998377e-01 5.67820668e-02
    6.97804689e-01 1.27775639e-01 5.90240061e-01 8.17147076e-01
    8.38682294e-01 1.35350943e-01 7.01940298e-01 2.68532068e-01
    3.31508666e-01 9.62243378e-01 5.76361120e-02 5.41075826e-01
    2.92501152e-02 5.40278792e-01 1.19632363e-01 8.80587697e-01
    7.99082518e-01 1.62950784e-01 8.03332746e-01 9.83465374e-01
    4.53983665e-01 3.77421737e-01 6.13738596e-02 7.90857196e-01
    4.39779758e-02 7.80154943e-01 2.95808345e-01 3.01122159e-01
    1.52629763e-01 9.01778936e-01 7.62131691e-01 3.71397138e-02
    3.52051556e-01 8.64036500e-01 3.91870618e-01 3.29644352e-01
    3.81377041e-02 6.76797152e-01 1.08107656e-01 3.37813139e-01
    5.35716772e-01 5.04499614e-01 9.06430602e-01 2.02251494e-01
    3.23312581e-02 2.62222409e-01 2.30476558e-01 4.65938628e-01
    3.84293973e-01 6.16193712e-02 5.90860724e-01 7.58675456e-01
    5.03070474e-01 9.03351784e-01 9.28083062e-01 3.99795294e-01
    9.76935327e-02 6.81593359e-01 7.72716641e-01 5.74516177e-01
    8.71058583e-01 8.66495490e-01 6.54339552e-01 8.78690064e-01
    4.36749339e-01 1.17257953e-01 6.74621701e-01 1.32398844e-01
    5.88042855e-01 9.38474774e-01 8.96981359e-01 7.09604263e-01
    6.25681460e-01 6.68753207e-01 7.57309675e-01 5.68072319e-01
    4.98544961e-01 2.47559965e-01 1.26532078e-01 7.60890245e-01
    3.17209035e-01 2.69063711e-01 2.58944273e-01 8.61136436e-01
    3.28223467e-01 3.27603996e-01 2.57853270e-02 5.99275231e-02
    9.86608863e-03 7.65482903e-01 9.33138371e-01 6.30362511e-01
    3.61174583e-01 6.27206266e-02 6.52910471e-01 8.30089808e-01
    1.28377229e-01 5.41871786e-03 8.20263505e-01 2.38664746e-01
    4.66094434e-01 5.40767372e-01 1.92773908e-01 5.40235698e-01
    3.22382748e-01 4.76943552e-02 6.19310021e-01 8.41123462e-01
    3.41959298e-02 8.33710074e-01 4.46942449e-02 3.50486279e-01
    1.52616680e-01 2.66579568e-01 4.55849677e-01 5.39054573e-02
    7.58680701e-01 4.09554899e-01 6.75725460e-01 7.42965221e-01
    2.38225102e-01 9.95673120e-01 6.77814722e-01 1.51299894e-01
    9.81611252e-01 6.67533457e-01 8.10269833e-01 9.12850082e-01
    7.41992950e-01 4.94327247e-02 4.24383610e-01 1.74143791e-01
    1.33605152e-01 1.96598619e-01 1.27093732e-01 1.06383502e-01
    3.68854165e-01 4.90326881e-02 5.36362708e-01 8.24981809e-01
    3.45684230e-01 9.52014327e-03 3.38374436e-01 3.78343463e-01
    2.46240884e-01 6.00914299e-01 7.48575807e-01 7.93846250e-01
    8.77425671e-01 5.50507605e-01 2.84294784e-01 7.66632438e-01
    8.45083833e-01 8.30784917e-01 3.37420523e-01 3.23162764e-01
    1.22795105e-02 3.37186158e-01 1.90315068e-01 4.92356420e-02
    7.58964539e-01 8.63268852e-01 4.29195642e-01 3.37589204e-01
    6.28177524e-01 2.02609777e-01 2.66034424e-01 5.93866408e-02
    9.56562340e-01 6.43257141e-01 6.42854214e-01 7.92305768e-02
    9.08781290e-02 1.09357536e-01 7.40571618e-02 7.27442682e-01
    9.78714228e-01 6.62732899e-01 5.24460196e-01 9.97364879e-01
    3.49432230e-04 7.79064775e-01 6.52857363e-01 3.62290263e-01
    2.06529349e-01 8.61469209e-02 7.62962818e-01 1.77623570e-01
    3.88747752e-02 8.06067824e-01 5.02920806e-01 4.27222013e-01
    7.47423649e-01 6.63680196e-01 4.55618203e-01 3.78566504e-01
    8.68770421e-01 6.39307499e-01 3.56430590e-01 4.25718367e-01
    3.65736485e-01 3.13698173e-01 6.11439049e-02 5.59952259e-01
    6.76412344e-01 8.11334252e-02 6.97313964e-01 6.45311177e-01
    3.20178628e-01 9.64876294e-01 5.87660909e-01 2.74148196e-01
    3.04084659e-01 4.13292706e-01 7.83918500e-01 8.02910209e-01
    5.55617809e-01 5.94194949e-01 3.77981246e-01 3.75643790e-01
    5.74149251e-01 6.58472419e-01 7.28184164e-01 9.32239771e-01
    1.91590756e-01 2.18404830e-02 3.52775514e-01 9.54956055e-01
    5.82918286e-01 8.89139295e-01 9.57147956e-01 1.08780831e-01
    4.22887713e-01 9.08162117e-01 4.93815541e-02 3.81386429e-01
    7.88251758e-01 5.68840146e-01 2.29745507e-02 6.84308887e-01
    4.56712812e-01 2.38479346e-01 6.04527235e-01 2.25892752e-01
    7.90793300e-02 9.64982688e-01 7.24407196e-01 3.06810558e-01
    8.73333454e-01 8.73053849e-01 6.07367873e-01 9.57133472e-01
    3.63371909e-01 4.25518572e-01 8.85813594e-01 1.02040708e-01
    9.69488859e-01 2.33215928e-01 8.58041883e-01 5.41649461e-01
    7.59618700e-01 8.37561011e-01 2.20446974e-01 5.90193570e-02
    8.99344444e-01 6.43528581e-01 5.17502666e-01 5.73863268e-01
    6.04375362e-01 8.92589748e-01 7.95156717e-01 3.80014658e-01
    7.33068228e-01 1.78225696e-01 8.59008312e-01 2.76377022e-01
    2.03156024e-01 9.20906544e-01 8.60880375e-01 1.04451954e-01
    6.48128092e-01 5.27691722e-01 4.96105760e-01 7.43584871e-01
    1.30315453e-01 2.63512731e-02 2.71443486e-01 5.80228388e-01
    3.91313434e-03 1.85619980e-01 9.40764606e-01 9.30430293e-01
    6.36453688e-01 1.23397410e-01 8.90989780e-01 2.59642422e-01
    9.65361118e-01 6.00159168e-03 5.17137051e-02 6.06622517e-01
    5.22778451e-01 3.40199471e-01 7.46759713e-01 1.75131947e-01
    7.56823182e-01 6.52472973e-01 5.62571228e-01 3.41151297e-01
    2.15682536e-01 9.76501107e-02 2.13018775e-01 3.91577989e-01
    7.78931975e-01 1.49716020e-01 9.25806761e-01 1.80414230e-01
    3.60124111e-01 3.50614011e-01 3.18867117e-01 4.13049817e-01
    3.24159324e-01 7.64100671e-01 9.21365499e-01 4.15983796e-01
    7.40718126e-01 2.49509811e-01 7.18875110e-01 8.02022338e-01
    4.78369594e-02 1.16580665e-01 2.75727987e-01 9.19058263e-01
    1.91121250e-01 6.85305238e-01 5.23816347e-01 8.74933839e-01
    1.00475460e-01 2.44199991e-01 9.41739678e-01 7.99808025e-01
    9.49435711e-01 4.88501787e-02 7.80206621e-01 3.67047131e-01
    4.86650467e-01 9.34093356e-01 4.62469488e-01 6.56863391e-01
    4.32976395e-01 6.30925298e-01 3.39626014e-01 4.34943914e-01
    3.98498684e-01 7.38532901e-01 3.85199428e-01 3.91507447e-01
    2.38531768e-01 4.30995405e-01 9.20794010e-01 6.66880906e-01
    8.53664875e-01 7.89331555e-01 6.33708894e-01 9.29961443e-01
    1.18111670e-02 1.56940281e-01 7.09199548e-01 8.82978022e-01
    8.25816870e-01 5.62138617e-01 1.50806934e-01 9.61049318e-01
    7.60861993e-01 3.72699261e-01 9.51936305e-01 8.62066329e-01
    4.27058041e-01 4.19623822e-01 9.79184568e-01 5.16515911e-01
    8.30758214e-01 5.22415042e-01 2.16236115e-01 7.52466142e-01
    8.95111799e-01 8.15409899e-01 6.00741446e-01 2.12485015e-01
    9.41691458e-01 5.47484219e-01 2.56269872e-01 3.75517279e-01
    9.13247347e-01 4.83702958e-01 9.66871083e-01 2.23843843e-01
    2.51333028e-01 9.30078864e-01 9.67220545e-01 6.33157074e-01
    1.72812343e-02 7.10688710e-01 9.38969970e-01 8.46762538e-01
    8.72606516e-01 3.66896182e-01 7.27319360e-01 5.70994854e-01
    8.21512878e-01 9.24322128e-01 8.21816385e-01 1.32002980e-01
    7.18642712e-01 7.00269997e-01 2.56751925e-01 4.52799231e-01
    3.28060985e-01 4.45687085e-01 3.13376725e-01 1.99434996e-01
    1.05889797e-01 2.53857017e-01 9.85106707e-01 3.08613598e-01
    7.80684829e-01 3.99189204e-01 7.30086446e-01 5.39729416e-01
    7.48742640e-01 4.76650894e-01 6.77255094e-02 6.27070189e-01
    6.94262385e-01 3.61566007e-01 4.19043362e-01 1.90753728e-01
    7.71038771e-01 5.00596404e-01 1.44704938e-01 7.38639534e-01
    9.22011137e-01 7.54454195e-01 7.50920475e-02 4.25847471e-01
    7.39052951e-01 6.78777695e-02 5.08875430e-01 7.89298594e-01
    8.90625358e-01 7.82301128e-02 2.50838339e-01 3.66831124e-01
    1.06489658e-01 8.39984417e-03 9.74068820e-01 4.36446726e-01
    1.79232925e-01 5.72476089e-01 6.13222241e-01 6.92637146e-01
    4.82237190e-01 3.23177814e-01 1.56821549e-01 5.70064962e-01
    8.37254524e-02 4.93510723e-01 3.62594903e-01 9.54666495e-01
    8.23705673e-01 9.19332266e-01 6.86649799e-01 9.73343492e-01
    4.11279738e-01 4.99689728e-01 9.01327014e-01 3.03586423e-01
    5.94394565e-01 5.45646191e-01 7.07513094e-01 9.81245518e-01
    9.01494920e-01 3.02028358e-01 2.31024653e-01 3.25054824e-01
    9.11275744e-02 2.41410226e-01 6.62438095e-01 4.26530659e-01
    4.77198005e-01 4.32410538e-01 3.29374671e-02 2.97478080e-01
    1.63083553e-01 9.85749960e-02 8.84211242e-01 9.02530849e-02
    6.53028607e-01 4.24795508e-01 5.90649605e-01 6.73443437e-01
    2.70262301e-01 2.38413602e-01 6.48555994e-01 9.11488652e-01
    2.19837457e-01 7.27312326e-01 6.06683254e-01 4.27480787e-01
    3.70094717e-01 3.06321651e-01 6.39528275e-01 3.92047405e-01
    3.85129839e-01 8.83864641e-01 7.56563723e-01 4.54759926e-01
    5.67455173e-01 7.13981509e-01 4.95680243e-01 7.26621687e-01
    9.36663210e-01 9.98921752e-01 5.39625883e-01 7.95140326e-01
    6.48336411e-02 2.17546612e-01 3.35227907e-01 3.01926970e-01
    5.98710179e-01 6.49482429e-01 4.47745830e-01 5.37870169e-01
    9.04295385e-01 7.97383904e-01 7.63928413e-01 1.96251482e-01
    4.75026608e-01 2.30729192e-01 5.67903161e-01 2.25786865e-01
    5.36735475e-01 9.09514606e-01 3.82372141e-01 2.69002199e-01
    7.95144677e-01 9.96027648e-01 9.09638882e-01 5.35680711e-01
    7.11578429e-01 3.50820243e-01 1.89828902e-01 9.57075000e-01
    5.12247264e-01 7.53349245e-01 7.28288174e-01 9.72442627e-01
    7.86805034e-01 7.58783460e-01 8.20703208e-02 1.78474694e-01
    5.36237180e-01 4.91106063e-01 9.75446403e-02 3.11495602e-01
    9.96864736e-01 2.59690613e-01 3.47493440e-01 9.55655575e-01
    4.63877618e-02 2.42012113e-01 3.29681218e-01 5.22349238e-01
    1.92753702e-01 3.85337174e-02 7.51910448e-01 5.44621348e-01
    4.48954523e-01 9.18117881e-01 1.97710931e-01 9.61601615e-01
    5.27287126e-02 2.39179760e-01 9.09582675e-01 1.30575925e-01
    5.23184478e-01 5.33315599e-01 7.68117189e-01 5.31258821e-01
    5.11435568e-02 4.43459451e-02 3.49940449e-01 6.18285060e-01
    4.73412573e-02 3.67645025e-01 4.09877717e-01 2.33511955e-01
    6.52433336e-01 1.58213794e-01 9.29338455e-01 9.44095552e-02
    9.68852282e-01 6.84981704e-01 1.88726485e-01 4.60535288e-01
    2.12814033e-01 3.73164862e-01 3.43079925e-01 6.94385886e-01
    3.37648690e-01 8.39382112e-02 8.82079840e-01 5.12493491e-01
    3.55043590e-01 7.16878772e-01 8.09995055e-01 3.26120734e-01
    4.21428949e-01 5.07523656e-01 7.27394938e-01 9.47012901e-01
    5.94202578e-02 4.47816551e-01 9.31333661e-01 3.15546036e-01
    4.94045079e-01 8.22162330e-01 4.19635415e-01 2.18661964e-01
    1.68911368e-01 5.64090371e-01 9.42731619e-01 5.38542867e-01
    9.11834002e-01 4.66455936e-01 1.29650503e-01 2.17023492e-02
    5.28099656e-01 2.24493206e-01 4.17382628e-01 9.22867596e-01
    8.52054238e-01 1.59116983e-02 6.77108467e-02 3.91928643e-01
    4.79069233e-01 7.38111258e-01 1.17111176e-01 6.93202436e-01
    7.70505786e-01 7.81755328e-01 5.53730726e-01 8.54025960e-01
    4.01286840e-01 5.48797786e-01 8.76437128e-01 3.60556960e-01
    1.23603344e-02 5.20126224e-01 9.67293978e-01 3.17891359e-01
    8.95448685e-01 8.88214648e-01 3.47406417e-01 6.98502004e-01
    8.95164609e-01 7.16453075e-01 6.08651996e-01 2.33609706e-01
    7.51322508e-03 2.47348428e-01 9.62914348e-01 9.58293676e-01
    6.73264146e-01 8.28363538e-01 1.38890415e-01 9.12808299e-01
    5.52817643e-01 2.25465119e-01 8.89933825e-01 8.21992755e-01
    4.02364373e-01 2.65403211e-01 9.07192230e-01 2.60329545e-01
    8.26700449e-01 1.20585561e-01 2.19680309e-01 3.62514079e-01
    9.99363422e-01 4.61114228e-01 1.55539513e-02 9.57946837e-01
    5.13996124e-01 9.82395411e-02 2.48170078e-01 1.21387541e-02
    3.64975750e-01 2.77553499e-01 4.95996565e-01 2.52117038e-01
    8.21646690e-01 1.82082802e-01 1.37167990e-01 6.66679323e-01
    2.55486965e-02 3.06170642e-01 5.15713096e-01 9.72184956e-01
    9.75758195e-01 8.77211690e-01 3.10274780e-01 7.90525556e-01
    5.82362592e-01 7.05604076e-01 6.05866134e-01 5.34371257e-01
    8.46740007e-01 2.20029354e-01 1.01925999e-01 8.39059711e-01
    3.03378165e-01 9.19739902e-01 4.03032362e-01 4.81693447e-01
    8.10461640e-01 9.85671282e-01 7.44251311e-02 8.93264890e-01
    5.06358981e-01 8.66779327e-01 3.34750414e-02 9.58731174e-01
    7.05894351e-01 6.82552099e-01 2.78145969e-02 6.93912089e-01
    6.36354208e-01 5.50504684e-01 7.99420476e-01 4.29243177e-01
    1.38477683e-02 9.03109431e-01 1.17845565e-01 8.96820068e-01
    1.93608522e-01 6.40266240e-01 1.55050039e-01 5.37806630e-01
    3.97685051e-01 9.96870577e-01 9.72617984e-01 1.41010135e-01
    6.27438188e-01 2.14756131e-02 3.65119636e-01 7.32450783e-01
    2.22601622e-01 3.85416061e-01 6.29084945e-01 3.61030579e-01
    4.50868040e-01 9.08482552e-01 7.17623651e-01 6.06038809e-01
    4.19818461e-02 7.16933906e-02 9.35050964e-01 2.91440904e-01
    9.63851273e-01 1.66750938e-01 7.80809879e-01 4.16730046e-02
    7.28945971e-01 8.54731441e-01 7.36379683e-01 6.41300321e-01
    8.94749999e-01 9.00886893e-01 6.09200537e-01 5.77875137e-01
    3.96174878e-01 9.27614689e-01 1.37972474e-01 3.44813347e-01
    7.38568723e-01 7.77659655e-01 2.70888507e-02 9.30494070e-03
    5.07274210e-01 9.21942353e-01 3.10107470e-01 5.94114244e-01
    3.98924619e-01 3.38536918e-01 7.58044064e-01 5.93632042e-01
    1.92977041e-01 3.98273557e-01 4.82300848e-01 9.63021278e-01
    9.95096207e-01 9.96562600e-01 9.34147596e-01 2.13554531e-01
    2.23941445e-01 8.53497744e-01 5.91623545e-01 4.37499523e-01
    7.51932263e-02 5.78667283e-01 9.54328477e-02 4.21346843e-01
    9.03817177e-01 6.02651954e-01 4.17469770e-01 6.81043625e-01
    6.96754873e-01 7.22754598e-01 8.30282450e-01 3.33557904e-01
    5.60731053e-01 8.78348649e-02 9.09676015e-01 4.01416123e-01
    8.68578076e-01 4.28927630e-01 5.92663169e-01 6.61425889e-01
    5.44599354e-01 8.71616006e-02 2.22883672e-01 7.00248718e-01
    8.66225481e-01 7.19077826e-01 1.40490711e-01 6.58381045e-01
    8.20093274e-01 7.39013851e-01 7.80400157e-01 8.60225439e-01
    4.32907134e-01 2.62572229e-01 7.20952094e-01 9.79806960e-01
    1.49029672e-01 7.18801916e-02 1.20258331e-03 9.75289583e-01
    6.84005857e-01 4.35409904e-01 5.06739557e-01 5.28573275e-01
    8.28789055e-01 3.13984752e-01 5.80881536e-02 4.44348067e-01
    4.24317777e-01 9.55615878e-01 2.48264432e-01 7.42315054e-01
    5.21439672e-01 6.85530603e-01 2.20205635e-01 8.65397751e-02
    5.87807298e-01 7.17896879e-01 4.09091204e-01 5.44756353e-01
    9.45772171e-01 7.05050528e-01 8.11672032e-01 7.37600207e-01
    1.84165835e-02 5.85708618e-01 6.64010406e-01 4.56275463e-01
    8.72266054e-01 2.77662456e-01 9.10627306e-01 9.34792578e-01
    9.18470144e-01 6.83747053e-01 5.21142602e-01 5.05687118e-01
    4.38842654e-01 1.26486927e-01 9.01093781e-01 5.17026663e-01
    3.00958395e-01 7.38401115e-02 5.92867792e-01 3.73887360e-01
    5.65575957e-02 8.63505483e-01 2.56586194e-01 4.48978871e-01
    1.19212478e-01 6.00101948e-01 2.57569194e-01 9.36916232e-01
    7.46282578e-01 6.74020827e-01 9.37535346e-01 2.98790693e-01
    5.51251054e-01 1.02596760e-01 1.27828091e-01 7.52009392e-01
    4.46147203e-01 7.79247999e-01 4.04517889e-01 1.91380382e-01
    8.31301570e-01 6.45206571e-01 4.48483407e-01 2.77779639e-01
    7.83940256e-02 8.13138485e-01 1.32592916e-01 3.48761678e-01
    9.46249843e-01 9.43656802e-01 4.97140288e-02 6.17540896e-01
    4.66098279e-01 6.36428058e-01 2.93839574e-01 7.67044008e-01
    8.21062922e-02 1.91455245e-01 3.88691992e-01 6.08435571e-01
    1.65637761e-01 3.76453042e-01 3.10837805e-01 6.03104532e-02
    7.81461298e-01 7.98480153e-01 4.09648120e-01 5.79994619e-02
    1.31875426e-01 2.52739191e-01 8.78340542e-01 5.76313674e-01
    2.70997137e-01 4.55462933e-02 9.53743815e-01 1.07525080e-01
    7.87979007e-01 3.18169892e-01 7.80238569e-01 9.21181679e-01
    1.53031498e-01 8.76676440e-01 4.13542688e-01 9.45812643e-01
    7.33868659e-01 9.93005753e-01 4.09582585e-01 6.55396283e-02
    3.56420517e-01 7.54212677e-01 4.11667287e-01 5.49799025e-01
    5.20121813e-01 6.82500958e-01 9.51036215e-01 1.12178624e-01
    2.02629775e-01 3.22987884e-01 7.12095618e-01 3.43653768e-01
    6.87782884e-01 3.23603690e-01 7.35888302e-01 3.57443720e-01
    2.77638674e-01 7.37477064e-01 6.76149964e-01 6.58946931e-01
    9.56380367e-03 4.98648703e-01 7.54592299e-01 2.11839378e-01
    3.05099308e-01 4.23725963e-01 2.90977180e-01 3.11349928e-01
    1.57697797e-01 2.04190910e-01 4.51366454e-01 2.29119509e-01
    3.63185465e-01 2.42167383e-01 7.66949952e-01 1.90898895e-01
    3.63620073e-01 9.19542909e-01 6.71390593e-02 6.29025817e-01
    2.97069550e-03 1.03882521e-01 5.03183007e-01 4.73350942e-01
    1.57713771e-01 1.44711763e-01 5.76547921e-01 3.42938125e-01
    5.97133100e-01 7.60354638e-01 3.45765889e-01 9.21387911e-01
    4.12612498e-01 8.97686601e-01 1.63786322e-01 7.94415951e-01
    5.56553960e-01 9.56752479e-01 2.88038850e-01 9.19430912e-01
    4.70902234e-01 5.72596431e-01 6.32128060e-01 3.15582395e-01
    8.49253297e-01 8.19025874e-01 5.93055189e-02 7.76997328e-01
    9.79340315e-01 9.49699104e-01 1.48364574e-01 5.06062627e-01
    1.74343914e-01 6.07050240e-01 2.25305557e-05 8.04141521e-01
    6.35819018e-01 7.46183455e-01 9.99492407e-03 8.72021556e-01
    2.29223073e-01 7.10849881e-01 5.19579470e-01 2.43145525e-01
    5.42733073e-01 2.87849367e-01 9.29523349e-01 6.85736418e-01
    6.86727941e-01 6.91378593e-01 9.19746697e-01 3.78676653e-02
    4.14832562e-01 7.31839180e-01 7.47665286e-01 3.22975159e-01
    8.29204082e-01 1.26758724e-01 2.66763449e-01 7.47672975e-01
    8.44642282e-01 5.21188259e-01 9.32769895e-01 2.50665724e-01
    7.69453168e-01 2.61251509e-01 1.91839427e-01 9.24848557e-01
    8.75239968e-01 5.78806639e-01 2.56855339e-01 6.57085299e-01
    9.45078850e-01 2.20773011e-01 8.63270640e-01 7.59410143e-01
    5.98637044e-01 1.57347947e-01 3.76740962e-01 7.23985076e-01
    1.05828047e-01 2.44445175e-01 8.62299204e-01 2.21103758e-01
    3.80229324e-01 4.12213027e-01 2.85822630e-01 7.94119239e-01
    6.45134687e-01 3.79550040e-01 8.72942924e-01 2.43511617e-01
    8.27847481e-01 4.71998751e-02 6.74504995e-01 2.83553511e-01
    3.64680767e-01 6.86858296e-01 5.89946270e-01 5.53698719e-01
    5.53412557e-01 3.73143762e-01 9.31025624e-01 3.86180580e-02
    8.59135330e-01 6.92324638e-01 7.09562540e-01 6.50171936e-01
    4.25530732e-01 3.40227365e-01 1.08289838e-01 3.90719950e-01
    6.87110424e-03 8.60552073e-01 8.04286599e-01 5.33785462e-01
    9.08651531e-01 1.80064768e-01 8.98136795e-02 8.08091879e-01
    8.05928230e-01 4.47525829e-01 2.64840841e-01 1.58852488e-01
    7.96116710e-01 7.40821242e-01 3.32105756e-01 6.81179881e-01
    4.51889187e-01 8.52102935e-01 3.07362914e-01 8.83490860e-01
    7.22079873e-02 2.66187489e-01 5.42895854e-01 7.30667949e-01
    7.64036894e-01 1.08495951e-02 2.37714261e-01 6.11324608e-01
    9.15131032e-01 5.02909005e-01 5.98047554e-01 3.37761372e-01
    5.11664867e-01 1.11500651e-01 1.99854374e-04 8.28577399e-01
    3.45733255e-01 9.13827717e-02 6.23719573e-01 1.53795391e-01
    7.12439775e-01 4.81923401e-01 3.69790971e-01 5.93155146e-01
    8.79893184e-01 4.04123127e-01 1.89307272e-01 2.45316327e-01
    7.54403472e-01 6.42490685e-01 4.05712485e-01 5.86443424e-01
    6.66350424e-01 8.68349671e-02 1.21591687e-02 3.14051688e-01
    1.13249898e-01 9.99635637e-01 1.22795135e-01 3.18125129e-01
    3.06335568e-01 7.17813373e-02 5.32526910e-01 2.60394752e-01
    6.74321234e-01 8.20017934e-01 4.54693824e-01 4.58371639e-01
    6.82332754e-01 4.46758986e-01 8.25558305e-01 8.93518925e-02
    2.65308797e-01 7.89732814e-01 1.26173645e-01 8.30991566e-01
    1.20320529e-01 2.49027282e-01 4.79847282e-01 7.50245154e-02
    1.67552203e-01 5.02742231e-01 5.29321909e-01 2.27144688e-01
    1.23484135e-01 6.69788837e-01 5.87636352e-01 5.77735305e-01
    9.20643449e-01 7.22426116e-01 9.21049476e-01 8.16970825e-01
    8.09224367e-01 1.59507424e-01 7.63784945e-01 1.65907681e-01
    1.68912947e-01 2.27882653e-01 6.89153671e-02 2.61873662e-01
    4.37111765e-01 7.48006523e-01 1.84599161e-01 6.92478240e-01
    1.63066000e-01 8.33828211e-01 8.64142597e-01 2.01553345e-01
    5.83043456e-01 5.86561739e-01 2.42652953e-01 8.57374072e-03
    3.71798515e-01 5.14515638e-02 7.82053471e-01 4.74686712e-01
    2.26483911e-01 3.64110947e-01 1.03413463e-01 1.15461797e-01
    3.22818607e-01 6.41443014e-01 1.06584311e-01 7.14312136e-01
    2.72586465e-01 4.70933169e-01 3.61469328e-01 8.58431578e-01
    1.70170099e-01 1.06161386e-01 9.52982008e-01 9.77467000e-01
    7.93003440e-02 4.48950320e-01 7.68475652e-01 1.83656991e-01
    7.60061800e-01 6.32611513e-02 1.09571874e-01 2.22755253e-01
    3.16978514e-01 4.07563448e-01 3.36845815e-01 7.48604119e-01
    1.19182736e-01 9.72382069e-01 6.90065026e-01 2.05293119e-01
    3.46203536e-01 8.17611158e-01 1.53477997e-01 7.37125635e-01
    5.88691711e-01 6.75998330e-01 9.97970462e-01 6.01775169e-01
    6.37402892e-01 2.47559607e-01 6.24141216e-01 8.93056154e-01
    4.47654605e-01 4.20323014e-01 2.88954109e-01 3.76840621e-01
    3.02019000e-01 6.36966944e-01 3.69838119e-01 6.91215813e-01
    4.02622759e-01 6.87811613e-01 3.96609038e-01 2.85299778e-01
    9.38970745e-01 6.83402956e-01 6.00741744e-01 7.49130785e-01
    4.58169699e-01 5.95699787e-01 2.02671349e-01 6.79363012e-01
    1.48282349e-02 5.15886486e-01 6.69016004e-01 9.48126912e-01
    3.77568901e-01 1.81378096e-01 6.98318005e-01 7.98253536e-01
    5.07642984e-01 2.85146475e-01 7.20808983e-01 7.68790543e-02
    2.30720162e-01 7.91459322e-01 6.66313767e-01 7.07763731e-01
    5.50354719e-01 1.03213072e-01 5.81454039e-02 8.22266757e-01
    9.52918530e-01 2.43139386e-01 8.23699236e-01 1.54237211e-01
    1.86658919e-01 9.33280706e-01 8.09310675e-01 3.80994886e-01
    3.70871127e-01 5.62197030e-01 4.25074130e-01 3.26995015e-01
    9.75702405e-01 3.42565417e-01 7.99191594e-01 1.53321326e-01
    6.46012306e-01 7.31934428e-01 9.30929184e-03 9.92724657e-01
    6.67498112e-01 3.54695261e-01 3.48959655e-01 8.52063060e-01
    4.66308326e-01 1.80818796e-01 2.00805515e-01 7.98278689e-01
    7.33150125e-01 7.92379260e-01 7.50477791e-01 6.32695556e-01
    3.89869571e-01 6.30512714e-01 6.73734128e-01 6.93970084e-01
    4.58229810e-01 9.20710683e-01 7.77799845e-01 1.38622433e-01
    1.15036935e-01 5.20278692e-01 3.21236998e-01 5.32728016e-01
    5.31114817e-01 3.99976164e-01 9.48885322e-01 1.23451352e-01
    6.10233009e-01 5.00756562e-01 4.57398176e-01 7.20894158e-01
    8.92385721e-01 5.36041141e-01 4.48606312e-01 9.15057063e-01
    9.42217112e-01 6.16718113e-01 4.82801527e-01 3.60062212e-01
    5.35033941e-01 2.38799006e-01 7.17704892e-02 1.00771576e-01
    2.24081278e-02 7.53893137e-01 5.57750583e-01 4.41081226e-01
    2.94323415e-01 6.93290234e-01 2.10892588e-01 4.70067888e-01
    8.78912032e-01 4.91033733e-01 8.16792548e-02 4.74834204e-01
    9.73930359e-01 3.12750399e-01 2.13811398e-01 6.93077445e-02
    8.36708784e-01 4.21708167e-01 1.49708182e-01 9.89064872e-01
    8.50708902e-01 9.64453936e-01 6.68190360e-01 5.01224935e-01
    3.46174181e-01 8.87926042e-01 6.69256985e-01 4.37011719e-01
    9.62744355e-01 1.28270894e-01 3.15948129e-01 8.18144143e-01
    8.42349291e-01 1.32289559e-01 1.60662025e-01 8.87108266e-01
    2.28763521e-01 9.05173659e-01 8.95580888e-01 7.08096385e-01
    2.13921070e-02 4.87544328e-01 9.27244186e-01 1.41716808e-01
    3.71710956e-02 2.06623286e-01 7.83652544e-01 7.95150757e-01
    9.35835361e-01 1.74188048e-01 5.66436708e-01 3.91405523e-02
    2.54318595e-01 9.15655732e-01 9.57764387e-02 1.25519872e-01
    3.02310884e-01 3.65751982e-02 8.71139288e-01 8.42895746e-01
    1.08217627e-01 7.84954131e-01 1.60171717e-01 5.10912776e-01
    2.25515664e-02 6.20624542e-01 1.01377070e-02 9.99409258e-02
    2.48984903e-01 4.10950422e-01 5.67849159e-01 2.50812292e-01
    8.18614006e-01 7.43321657e-01 8.41836929e-01 6.79730058e-01
    3.57740402e-01 9.18494642e-01 6.75159872e-01 2.29112089e-01
    8.51585567e-02 3.01472783e-01 4.56293166e-01 5.74857354e-01
    4.64038670e-01 7.28565931e-01 2.61829466e-01 8.40429544e-01
    5.85332274e-01 5.98849535e-01 4.40958142e-03 6.25235915e-01
    6.22984231e-01 5.13436854e-01 9.50932741e-01 8.31464350e-01
    8.33182454e-01 8.42304528e-01 7.75590777e-01 2.40493298e-01
    8.71885538e-01 2.37847418e-01 2.63337493e-01 5.01009285e-01
    8.14650178e-01 3.36523116e-01 6.71309710e-01 4.92731929e-02
    3.37653160e-01 7.57524252e-01 1.12740964e-01 3.44855607e-01
    5.69518030e-01 2.09941685e-01 1.85152888e-03 6.96259737e-01
    1.18828028e-01 3.32952946e-01 7.74602413e-01 1.15102649e-01
    1.80704623e-01 1.48295701e-01 7.75283933e-01 8.33230495e-01
    9.57073510e-01 6.73495531e-01 6.65597618e-01 6.78933740e-01
    2.12769479e-01 5.00905156e-01 4.43335652e-01 4.33453083e-01
    8.57895851e-01 7.10647345e-01 4.00138825e-01 1.41097248e-01
    9.77903962e-01 6.66373253e-01 9.97650743e-01 1.05624586e-01
    6.72997177e-01 1.30953997e-01 3.36588502e-01 4.47933197e-01
    9.45391893e-01 3.17437887e-01 8.56036246e-01 3.23868901e-01
    8.61609280e-01 9.40199554e-01 5.94365299e-01 1.92594916e-01
    5.18353999e-01 7.09267437e-01 4.99769390e-01 7.79881716e-01
    4.77041185e-01 4.46858525e-01 9.78299081e-02 5.48886240e-01
    3.06107998e-02 9.06974435e-01 4.65129852e-01 7.44097233e-01
    6.06086433e-01 4.78726983e-01 3.18531394e-01 1.12955153e-01
    6.27036929e-01 3.32288861e-01 7.58387625e-01 2.98741311e-01
    5.71260333e-01 2.91244388e-02 1.31084561e-01 9.40814078e-01
    7.22779036e-01 5.22417903e-01 3.89573663e-01 6.84399843e-01
    2.91991651e-01 7.71706820e-01 5.45921087e-01 2.87133873e-01
    7.42737651e-02 3.63171756e-01 3.24565321e-01 4.60660338e-01
    6.38061523e-01 8.90356004e-02 4.70564991e-01 3.02306145e-01
    5.66113234e-01 1.88868344e-02 9.00798798e-01 4.08048153e-01
    3.94284964e-01 4.32786107e-01 7.78316319e-01 3.77824128e-01
    5.92282176e-01 8.61028433e-01 7.14716196e-01 7.31564760e-01
    7.89319098e-01 4.92655396e-01 3.71802092e-01 4.60646152e-02
    5.29113352e-01 8.39814663e-01 5.51023245e-01 4.01296616e-02
    2.12166965e-01 1.77289337e-01 4.52919304e-01 9.61028576e-01
    6.74650013e-01 9.23698783e-01 4.72266257e-01 8.01067114e-01
    9.93668497e-01 1.07168853e-01 9.53713059e-01 6.45381331e-01
    6.07517838e-01 1.29066885e-01 7.95699716e-01 5.59778333e-01
    2.57062912e-03 4.47313398e-01 9.59810495e-01 4.92994130e-01
    7.67669439e-01 3.34909916e-01 7.12817788e-01 6.37141407e-01
    4.17752177e-01 6.85789466e-01 8.89981747e-01 1.93359524e-01
    8.70212615e-01 6.90499306e-01 6.64884150e-02 9.14501190e-01
    9.55518007e-01 9.56836939e-02 2.25961864e-01 3.79439682e-01
    5.41482270e-02 5.12722492e-01 4.88406211e-01 8.63690436e-01
    1.73260540e-01 6.65676355e-01 7.61193097e-01 5.89084506e-01
    3.25883389e-01 9.10454333e-01 5.83355427e-01 6.91294312e-01
    2.83459008e-01 7.41386592e-01 1.88383549e-01 5.27718604e-01
    9.29431558e-01 5.75743198e-01 2.51815289e-01 6.72717929e-01
    6.07512474e-01 6.63823962e-01 8.12328339e-01 8.02691519e-01
    4.83272165e-01 3.57339323e-01 8.39102387e-01 2.31224626e-01
    6.50706768e-01 6.64480984e-01 7.21235394e-01 5.11165380e-01
    4.93847847e-01 3.82861197e-01 4.33051914e-01 6.27138734e-01
    3.06372941e-01 1.95124000e-01 3.65402162e-01 3.63344312e-01
    9.14795101e-02 4.42424029e-01 8.59906375e-01 7.70637274e-01
    6.51169300e-01 5.67806423e-01 4.65803385e-01 7.87727237e-02
    6.21046424e-02 9.58443999e-01 4.66095090e-01 6.29293561e-01
    1.77111298e-01 6.56392157e-01 2.28003651e-01 3.31127644e-01
    6.52618527e-01 3.80474329e-01 5.79255283e-01 6.20784104e-01
    5.38555622e-01 1.31521136e-01 1.08241320e-01 2.13264555e-01
    7.05090046e-01 2.31153131e-01 2.15100050e-01 4.51812238e-01
    8.95543456e-01 1.54755116e-02 1.67023510e-01 9.46016550e-01
    8.81843448e-01 4.10406709e-01 2.87447125e-01 4.74360853e-01
    4.23616290e-01 1.34520411e-01 9.28914964e-01 9.00718153e-01
    8.87322545e-01 2.96238124e-01 4.88107800e-01 7.75900722e-01
    7.16727495e-01 6.15006685e-01 4.48300481e-01 6.81963801e-01
    3.94721627e-02 8.86961520e-01 7.48075843e-01 1.59439266e-01
    2.04815835e-01 4.38375801e-01 9.54021931e-01 6.88092589e-01
    8.08677912e-01 7.78219223e-01 5.73536217e-01 2.78362274e-01
    1.45863503e-01 3.75615716e-01 7.27121592e-01 5.16039908e-01
    9.99753475e-01 3.62184167e-01 5.96104622e-01 6.92444444e-01
    9.87729549e-01 6.15395546e-01 3.31496567e-01 9.73561347e-01
    7.31925607e-01 5.29990315e-01 6.29931688e-04 7.66126096e-01
    8.03095937e-01 8.31840813e-01 1.56951249e-02 8.29706907e-01
    4.41913962e-01 7.87128568e-01 7.89835095e-01 3.70231450e-01
    1.18404984e-01 7.31398761e-01 7.53701925e-01 3.79442334e-01
    4.63196635e-01 9.89108682e-01 7.78289378e-01 6.06846452e-01
    2.98848152e-01 9.82329309e-01 3.10625434e-01 5.51808000e-01
    7.34876931e-01 3.40806186e-01 6.57832265e-01 2.53517896e-01
    4.67716217e-01 5.49182355e-01 2.74781287e-01 3.85951817e-01
    3.66435558e-01 4.62063283e-01 6.48936510e-01 1.05672061e-01
    4.92968559e-01 1.83585584e-02 6.27881885e-02 1.01836205e-01
    3.95817935e-01 7.42881596e-01 5.75690806e-01 8.79055619e-01
    1.61330819e-01 4.69106704e-01 9.83449578e-01 6.64641201e-01
    6.96231365e-01 6.02761686e-01 3.93362880e-01 1.12211078e-01
    4.81412709e-01 6.74621165e-02 4.04108942e-01 9.26406622e-01
    2.05690891e-01 2.39007086e-01 1.82030499e-02 9.98860896e-01
    8.12690377e-01 3.50688756e-01 4.35384870e-01 3.11897248e-01
    2.93059945e-01 2.63240337e-01 6.56294823e-01 1.86597764e-01
    6.50652349e-01 4.93298888e-01 9.24971700e-01 9.35416996e-01
    1.13883048e-01 8.17555785e-01 2.65237153e-01 3.27621609e-01
    6.18502080e-01 5.21090329e-01 7.48440146e-01 9.85171974e-01
    4.31132585e-01 6.29452527e-01 4.14803952e-01 7.88236141e-01
    2.72499174e-01 8.35632920e-01 5.28132558e-01 8.14183831e-01
    6.13038123e-01 8.35025966e-01 8.92668366e-01 1.87817365e-01
    7.95629621e-03 8.34356546e-01 5.15100718e-01 4.43546563e-01
    5.05207479e-01 1.32703006e-01 7.70872414e-01 9.25936818e-01
    5.54607809e-02 9.15691376e-01 4.55902904e-01 7.02411115e-01
    4.08333242e-01 1.62679613e-01 3.99196982e-01 4.12961423e-01
    5.67953110e-01 1.94951057e-01 3.46669048e-01 8.75605643e-02
    6.78284049e-01 2.37163901e-03 2.38992274e-02 4.15870637e-01
    6.42323136e-01 6.35244608e-01 2.98407465e-01 7.13406503e-02
    5.85644245e-01 3.61866117e-01 7.32173979e-01 6.12525403e-01
    2.22977668e-01 4.39804494e-01 9.09923077e-01 4.28705394e-01
    4.08024818e-01 8.18114698e-01 5.53550899e-01 7.16358781e-01
    4.11573768e-01 3.81621748e-01 3.19820881e-01 2.51054436e-01
    1.42164528e-01 4.78141189e-01 8.92243385e-01 3.25479448e-01
    6.08200490e-01 6.44925535e-02 8.44303846e-01 8.94461751e-01
    6.84601665e-02 6.73923790e-01 3.94005239e-01 7.75195658e-02
    9.19041753e-01 4.69565928e-01 5.89016080e-02 4.81165588e-01
    2.61877060e-01 9.97714400e-02 7.29204059e-01 4.28074598e-03
    1.59164399e-01 2.29952216e-01 1.41391158e-03 6.46585226e-01
    4.14819330e-01 9.27857995e-01 3.66052389e-01 8.32403660e-01
    1.20593905e-01 5.87746024e-01 4.26329762e-01 5.17782986e-01
    6.38085961e-01 7.49973774e-01 5.20162106e-01 3.77366513e-01
    2.04739600e-01 5.98222733e-01 8.49797428e-01 8.46911490e-01
    6.52235746e-03 2.63443887e-01 3.13455254e-01 1.21122390e-01
    3.83764744e-01 7.88508654e-01 8.03256631e-02 1.11432433e-01
    5.59429049e-01 1.61275774e-01 1.27840638e-02 4.28785294e-01
    3.60326767e-01 7.20893800e-01 8.87997150e-01 9.71779585e-01
    7.10507870e-01 8.46702158e-02 3.83732945e-01 4.43931371e-01
    7.04835534e-01 3.66665065e-01 8.11486840e-01 6.47258043e-01
    9.83522296e-01 1.59722179e-01 9.63317215e-01 3.16159606e-01
    5.25334835e-01 7.42011666e-01 5.73025882e-01 9.44699526e-01
    8.65779161e-01 1.60013169e-01 9.27793920e-01 2.14165479e-01
    4.82200384e-02 3.86832297e-01 1.62975162e-01 2.48703063e-01
    4.31066602e-01 8.84657204e-02 8.58859181e-01 7.98834085e-01
    6.45199180e-01 6.24470592e-01 6.04262769e-01 5.79944789e-01
    7.39035666e-01 6.24515772e-01 7.12932706e-01 4.20815319e-01
    3.65536064e-01 2.52720177e-01 1.80842340e-01 5.54716885e-01
    9.27761793e-01 3.51822734e-01 8.07067752e-02 4.50165093e-01
    5.68044901e-01 6.66478515e-01 3.20140719e-01 8.13475490e-01
    3.29504490e-01 4.95814383e-02 9.50858831e-01 9.26202953e-01
    4.55731213e-01 5.48400581e-01 7.68607080e-01 7.93468475e-01
    3.65930885e-01 6.28253043e-01 6.39418244e-01 5.94511628e-01
    4.38671112e-01 8.47123504e-01 9.57805514e-02 4.77584183e-01
    2.23121077e-01 1.36678815e-01 9.83778834e-02 7.86052823e-01
    8.01400661e-01 4.40433681e-01 5.51578283e-01 8.65763307e-01
    9.16543603e-01 6.16601050e-01 1.34140402e-01 2.38716513e-01
    7.85764396e-01 1.99013799e-01 1.68310255e-01 7.53784895e-01
    4.46089208e-02 1.89865887e-01 1.17989182e-01 4.45947975e-01
    9.37836766e-01 6.70180321e-01 8.27774763e-01 2.14990675e-02
    5.37033975e-01 8.07264328e-01 3.42176914e-01 5.68327129e-01
    3.66287231e-01 4.74625319e-01 4.26799536e-01 6.04468644e-01
    1.60903186e-01 5.79308510e-01 3.64343852e-01 6.90081537e-01
    7.45330453e-01 4.66812253e-01 2.73811519e-01 4.44861352e-02
    6.28582239e-01 4.56927359e-01 8.61139417e-01 4.09924269e-01
    6.96528554e-01 1.53710634e-01 7.18396902e-01 4.81315583e-01
    2.73846984e-01 4.43402886e-01 4.50439274e-01 1.12577975e-01
    6.70465589e-01 1.55055761e-01 8.19689393e-01 8.12790632e-01
    6.83453679e-01 5.27326643e-01 5.24649084e-01 3.41828823e-01
    8.23019028e-01 7.67100096e-01 1.05673522e-01 7.34441102e-01
    1.76403493e-01 7.50874639e-01 2.23840982e-01 3.67483079e-01
    2.32015759e-01 4.73056406e-01 4.75281298e-01 5.15839934e-01
    4.04271632e-01 2.27240801e-01 1.44097537e-01 6.79113328e-01
    5.91414452e-01 3.22325230e-02 7.86137581e-01 9.79595065e-01
    4.32831824e-01 9.23796475e-01 9.36504602e-01 5.85187912e-01
    8.29676390e-02 6.71283245e-01 6.82422996e-01 9.26828563e-01
    8.12883437e-01 2.75326639e-01 9.49887753e-01 3.78318429e-01
    8.45817924e-01 6.50826335e-01 5.26055276e-01 6.23503923e-01
    7.98431516e-01 6.63727939e-01 9.57790494e-01 2.17802167e-01
    8.08103740e-01 4.47694987e-01 3.63520682e-01 4.63547111e-02
    8.86998177e-01 2.44451523e-01 6.26348615e-01 2.69735694e-01
    3.59938741e-01 3.23216736e-01 2.91009545e-02 3.03912967e-01
    1.14623606e-02 4.76743400e-01 4.08828259e-04 8.90758991e-01
    9.60375190e-01 6.77237451e-01 7.87757158e-01 8.33375096e-01
    3.88943166e-01 2.13616788e-01 9.24958229e-01 1.63173676e-03
    8.90733242e-01 1.18682534e-01 1.48765475e-01 6.09312057e-02
    2.46987164e-01 2.50064135e-01 2.67105401e-01 1.34672850e-01
    3.61958861e-01 5.04281878e-01 4.20025557e-01 4.87582684e-01
    6.18654490e-01 9.23237026e-01 1.57053173e-01 3.75134021e-01
    4.15610492e-01 4.30174410e-01 3.40111852e-01 8.91642809e-01
    7.90573061e-02 6.34676576e-01 7.76046872e-01 1.85210407e-02
    9.76656854e-01 8.17285776e-01 9.66862321e-01 6.93817258e-01
    6.41085684e-01 4.69587922e-01 3.66239250e-01 2.39243001e-01
    2.56246924e-01 2.05758214e-02 5.23993433e-01 8.00116181e-01
    2.43398517e-01 2.30298668e-01 7.71487713e-01 4.39713597e-02
    6.72232747e-01 8.11357558e-01 4.01872516e-01 7.14077830e-01
    3.46945167e-01 8.32952023e-01 6.14847779e-01 8.61112773e-02
    9.68011737e-01 5.59361219e-01 7.94172764e-01 5.90756655e-01
    6.68252945e-01 3.30027819e-01 7.90178955e-01 8.42543960e-01
    5.75018167e-01 3.29029799e-01 3.47304434e-01 4.44255978e-01
    4.29651678e-01 8.42053890e-01 2.92238712e-01 1.55655205e-01
    1.04051232e-02 4.68835115e-01 6.25065982e-01 4.56418544e-01
    6.33513570e-01 6.58562124e-01 5.93003631e-03 2.63516873e-01
    9.87683177e-01 2.27011383e-01 1.64187282e-01 9.34072018e-01
    3.19486290e-01 8.56297374e-01 9.02850926e-01 6.78368866e-01
    7.72113919e-01 6.64833307e-01 2.81842649e-01 4.38135237e-01
    9.38002884e-01 3.91371250e-02 4.08297777e-01 9.21991408e-01
    8.18603337e-02 7.53234982e-01 8.64194036e-01 4.60775495e-02
    8.57335210e-01 6.93798065e-01 7.75793493e-01 9.58043814e-01
    1.94006175e-01 5.35602152e-01 6.75607324e-01 7.82380939e-01
    1.12787038e-01 5.56286633e-01 9.37570274e-01 9.76300597e-01
    7.71617353e-01 6.45301342e-01 2.96485811e-01 2.51064599e-02
    3.56948674e-01 4.70063955e-01 5.59489667e-01 9.00006294e-01
    9.58346665e-01 4.28554416e-03 9.50174212e-01 9.54206467e-01
    5.27105272e-01 6.96498036e-01 5.21879673e-01 6.45329356e-01
    3.34457487e-01 9.36039448e-01 4.89888936e-01 4.52396274e-01
    7.72178173e-01 7.01642871e-01 5.94055057e-02 5.64254344e-01
    5.15950441e-01 1.86764091e-01 9.71023500e-01 6.79945648e-02
    6.43875122e-01 6.80945814e-01 6.23498201e-01 4.85389650e-01
    4.43515182e-01 5.08061290e-01 4.48435098e-01 9.16539907e-01
    7.43278623e-01 4.35449481e-02 1.26868218e-01 5.68534374e-01
    1.60613060e-02 9.48798895e-01 8.50435376e-01 5.74033618e-01
    9.74559903e-01 7.88284659e-01 9.12840366e-01 5.40757418e-01
    1.85781211e-01 4.44764763e-01 2.52970099e-01 1.93417579e-01
    1.78133965e-01 9.06279385e-02 5.20026863e-01 1.04016066e-01
    4.30397242e-01 7.09119380e-01 6.36953235e-01 7.23284125e-01
    3.99014056e-02 1.45710558e-01 6.09004021e-01 1.26597255e-01
    7.45620251e-01 6.25659049e-01 2.71100551e-01 1.71870500e-01
    5.75152457e-01 2.31162697e-01 5.27534306e-01 9.84686971e-01
    1.85432911e-01 1.47045106e-01 7.95627236e-02 1.44491613e-01
    4.25395012e-01 1.13918096e-01 3.37322235e-01 8.13943684e-01
    1.30425304e-01 3.39015871e-01 1.27381265e-01 9.63389874e-01
    7.22243369e-01 1.49833560e-02 4.15767729e-02 3.18941325e-01
    1.09008819e-01 7.41589367e-01 8.86118591e-01 4.07158792e-01
    3.21258903e-01 8.73436332e-01 9.81358945e-01 3.13206196e-01
    6.25908434e-01 8.91525209e-01 8.64555001e-01 9.84025598e-01
    5.59246838e-02 2.63169527e-01 2.67072916e-02 1.32757694e-01
    9.00748372e-02 1.88466877e-01 9.87307489e-01 7.15451121e-01
    8.79811168e-01 3.29750538e-01 6.49832010e-01 7.24503934e-01
    7.42264628e-01 2.98144221e-01 4.75037158e-01 3.68262708e-01
    3.89489144e-01 8.54362130e-01 9.44004178e-01 8.85895371e-01
    7.47472644e-01 4.56045598e-01 7.30870247e-01 1.42588079e-01
    7.26476431e-01 3.04763615e-01 1.08781040e-01 5.25565445e-02
    3.27039242e-01 7.63980985e-01 6.72152758e-01 1.91412419e-01
    2.08783805e-01 9.02717829e-01 3.07823420e-02 3.95481884e-02
    1.66482329e-01 8.30000937e-02 7.53050625e-01 1.73217207e-01
    9.44588542e-01 7.42372870e-02 5.87608755e-01 8.72420967e-02
    1.71908408e-01 5.59848249e-02 2.17540145e-01 7.95954585e-01
    8.00755322e-01 8.74664903e-01 3.26834559e-01 8.00547361e-01
    1.60627216e-01 3.59123886e-01 5.91738224e-02 3.38030279e-01
    1.80713624e-01 8.43670726e-01 1.94149822e-01 2.13226706e-01
    6.48756206e-01 1.33896917e-01 3.19754273e-01 6.46060288e-01
    1.56763017e-01 6.42241061e-01 9.81664956e-02 5.70587516e-01
    5.33315659e-01 6.98296189e-01 8.80844951e-01 8.09273660e-01
    1.73118889e-01 9.69061434e-01 9.71195102e-01 1.39548242e-01
    7.72470772e-01 2.83388257e-01 6.73418880e-01 6.25281096e-01
    1.96557313e-01 5.58061242e-01 2.06912458e-02 4.25483912e-01
    3.88190001e-01 2.02856392e-01 7.69062340e-02 2.72923708e-01
    9.22859430e-01 7.61142433e-01 9.19348419e-01 6.40446544e-02
    7.60773420e-01 7.60183632e-02 5.81885695e-01 1.66326642e-01
    2.57750958e-01 4.36207205e-01 5.44616222e-01 5.48627913e-01
    6.77054524e-01 2.20299423e-01 4.10186023e-01 4.63922352e-01
    3.38842750e-01 9.17425692e-01 4.13534880e-01 7.30774105e-01
    5.63808143e-01 5.94207942e-01 9.38511431e-01 2.71530122e-01
    5.10665894e-01 8.84546399e-01 8.66777003e-01 4.70403254e-01
    3.62116456e-01 1.33982450e-01 5.20932972e-02 6.31901920e-01
    3.68652731e-01 8.96781445e-01 1.76509678e-01 3.49656850e-01
    4.60320741e-01 8.11299562e-01 9.10013080e-01 6.38827503e-01
    4.91526008e-01 6.12108409e-02 7.63157010e-01 6.70729101e-01
    6.33860350e-01 4.96648461e-01 9.57312465e-01 4.45650458e-01
    4.36542392e-01 7.40344346e-01 5.34028232e-01 8.89434397e-01
    1.06089562e-01 5.28075278e-01 9.43041921e-01 6.85150564e-01
    6.88464642e-01 6.08280182e-01 4.36713815e-01 9.26405191e-03
    2.89750129e-01 5.61523855e-01 7.73455024e-01 1.22849911e-01
    1.32282525e-01 4.87827450e-01 3.70345324e-01 6.32568479e-01
    8.83862674e-01 6.75467014e-01 6.81296051e-01 4.61786896e-01
    1.74095362e-01 1.97879076e-02 1.11351728e-01 1.54755473e-01
    6.92941427e-01 3.30212384e-01 8.54004800e-01 9.78607237e-01
    2.72646844e-01 8.55219007e-01 3.37792575e-01 1.99883670e-01
    1.89264268e-01 6.12258255e-01 9.31050420e-01 6.12610757e-01
    7.63237178e-02 8.25599551e-01 9.86597419e-01 3.43450427e-01
    5.81404924e-01 3.38190526e-01 8.58274221e-01 9.53006744e-01
    5.87334991e-01 5.07425845e-01 2.05133915e-01 5.42349756e-01
    9.91628528e-01 7.58015990e-01 3.91024143e-01 4.09329891e-01
    8.51382017e-01 5.09634674e-01 5.59425950e-02 3.59182924e-01
    5.96321821e-02 2.08965600e-01 1.22824728e-01 6.33053780e-02
    8.53127003e-01 4.54093635e-01 2.00652808e-01 3.64908338e-01
    2.34774023e-01 6.05972707e-02 6.67322814e-01 4.88855571e-01
    7.07448959e-01 4.41329896e-01 7.50903070e-01 2.85485566e-01
    3.82681787e-02 7.01812148e-01 9.11221266e-01 5.14266968e-01
    4.67604995e-02 3.03162098e-01 4.93918657e-01 2.75958866e-01
    1.08257234e-01 2.22259760e-01 4.89759594e-01 3.96889687e-01
    4.26421016e-01 9.32720482e-01 9.23198521e-01 7.20779836e-01
    7.68862426e-01 9.59824026e-02 8.26398253e-01 5.80432355e-01
    6.92171335e-01 2.01643199e-01 1.65291131e-01 2.17663318e-01
    3.66301656e-01 9.31847751e-01 4.91547257e-01 2.21516103e-01
    7.70164013e-01 4.20016348e-02 5.25209904e-01 5.54041147e-01
    1.03633970e-01 1.30512476e-01 1.66155636e-01 6.23095393e-01
    2.78151155e-01 6.60320818e-01 7.94952869e-01 7.40807116e-01
    7.74406195e-01 6.05701149e-01 6.57173932e-01 9.86084938e-01
    5.47842503e-01 1.41970098e-01 3.82037818e-01 5.87314725e-01
    8.28624487e-01 4.63761955e-01 5.91727555e-01 8.28739762e-01
    9.07411814e-01 5.33734918e-01 6.14347816e-01 3.69355917e-01
    7.28137791e-01 2.88427830e-01 9.93043303e-01 8.71232986e-01
    3.04894894e-01 2.66649008e-01 3.23514640e-02 8.99359822e-01
    2.87770003e-01 1.19614005e-02 7.45648026e-01 9.90592957e-01
    2.79123068e-01 5.27172506e-01 5.52239418e-01 5.64521194e-01
    7.31937408e-01 5.19174695e-01 8.07884216e-01 9.90544021e-01
    1.43974394e-01 5.04047990e-01 4.52001929e-01 3.29960048e-01
    4.45302963e-01 5.05886137e-01 3.30261230e-01 8.84294510e-03
    1.89210355e-01 1.40689909e-02 8.06255698e-01 1.52253509e-02
    7.61265457e-01 8.52920055e-01 7.76914358e-01 6.90468431e-01
    9.86516833e-01 5.14401853e-01 5.73616922e-01 5.10963798e-03
    4.19602722e-01 2.50966638e-01 1.82363153e-01 1.64113134e-01
    8.40582967e-01 6.10439301e-01 8.84414196e-01 3.16129506e-01
    6.78187132e-01 7.99372792e-01 1.40650183e-01 3.84360403e-01
    8.24383140e-01 5.88451207e-01 9.48455751e-01 1.84628189e-01
    4.09910262e-01 3.69480073e-01 7.45945454e-01 7.00362444e-01
    7.56002069e-02 4.49996114e-01 3.60751569e-01 6.93933487e-01
    2.44403720e-01 5.57787538e-01 4.90378886e-01 1.55490607e-01
    6.84361160e-01 4.62893933e-01 2.76547134e-01 6.31685317e-01
    9.42612052e-01 7.86729753e-01 6.68334126e-01 6.08619750e-01
    5.23001254e-02 5.85562050e-01 2.91165829e-01 8.36510777e-01
    8.80502820e-01 6.55839384e-01 8.63900602e-01 1.47803873e-01
    3.24744672e-01 9.00813460e-01 1.61891341e-01 8.97743106e-02
    5.79831541e-01 3.02160025e-01 9.39037979e-01 6.03142440e-01
    8.73762846e-01 8.82315874e-01 3.42495441e-01 2.96287000e-01
    6.03511214e-01 1.50783420e-01 8.36485147e-01 3.36137354e-01
    2.52372384e-01 6.81519926e-01 4.77713287e-01 1.19630992e-02
    8.35166931e-01 4.37291741e-01 4.61941659e-01 4.17812228e-01
    1.89878166e-01 3.04149330e-01 2.25225240e-01 7.37314761e-01
    8.85532618e-01 7.40342438e-01 1.09299749e-01 1.28970444e-02
    4.41719264e-01 2.55333334e-01 4.15863007e-01 7.19071150e-01
    8.56221676e-01 1.98093086e-01 1.17324620e-01 4.48577225e-01
    7.69313097e-01 6.71011925e-01 6.14239395e-01 3.53308201e-01
    4.65178609e-01 9.90990043e-01 7.04849064e-01 2.25283653e-01
    6.87230885e-01 3.84160161e-01 9.77766514e-01 3.77261996e-01
    9.87317920e-01 3.50529194e-01 6.45098627e-01 6.01294875e-01
    3.63605618e-01 2.14076698e-01 6.94187641e-01 6.50155246e-01
    4.17012960e-01 2.95295119e-01 4.94177550e-01 6.20037317e-01
    1.54203266e-01 3.41529727e-01 8.63611281e-01 9.99457240e-01
    1.16999447e-02 3.75161469e-01 4.76439118e-01 4.20590192e-01
    8.71681392e-01 2.71961689e-01 8.04322422e-01 5.94578445e-01
    2.53261328e-01 9.24579620e-01 1.03252351e-01 4.73582745e-01
    9.79482234e-02 1.01609647e-01 3.13719600e-01 6.38639808e-01
    5.68645060e-01 8.31568122e-01 6.03283226e-01 8.23789358e-01
    8.81515920e-01 8.24390888e-01 1.31387591e-01 9.90555286e-01
    7.73834288e-01 4.69908744e-01 1.08902723e-01 8.18034530e-01
    6.02875888e-01 7.98790216e-01 4.56530184e-01 6.25976264e-01
    9.85989332e-01 5.57281077e-02 5.73047042e-01 2.38859296e-01
    4.99154449e-01 1.46008641e-01 9.93006825e-01 7.90918171e-02
    3.39176595e-01 4.72516268e-01 7.51375198e-01 5.01144826e-01
    1.90187842e-01 7.25043893e-01 1.95842952e-01 4.45065498e-01
    4.61399913e-01 6.41653001e-01 4.94034827e-01 2.77794570e-01
    6.33470416e-01 2.52305984e-01 4.39408869e-01 7.93511033e-01
    2.65281469e-01 6.12580419e-01 3.99120480e-01 8.65899324e-01
    8.66472244e-01 9.67611134e-01 1.59774035e-01 9.38913703e-01
    2.36325353e-01 7.29514360e-01 8.97611618e-01 2.86204159e-01
    2.74387598e-01 4.55202192e-01 5.41809797e-02 3.71238828e-01
    8.71730208e-01 6.18227959e-01 3.44433069e-01 8.76269400e-01
    9.16813672e-01 4.05763030e-01 4.56741273e-01 1.70124978e-01
    8.46654177e-03 4.09897834e-01 8.14612150e-01 4.88181889e-01
    9.00803804e-01 7.21846581e-01 9.79807854e-01 3.20216924e-01
    7.09212780e-01 1.02804899e-02 3.53825718e-01 7.36893117e-02
    4.76114869e-01 1.26948744e-01 4.74044085e-02 8.34973097e-01
    5.03239989e-01 3.17276627e-01 5.91935754e-01 1.74489558e-01
    5.61643660e-01 8.03912282e-01 5.88904917e-01 6.36373758e-01
    3.11746597e-02 4.86874282e-01 1.20774180e-01 4.96626049e-01
    7.24357963e-01 9.97824311e-01 6.72707319e-01 3.49430352e-01
    1.34136945e-01 6.79114044e-01 3.41035545e-01 2.29386389e-02
    2.50460088e-01 8.92971039e-01 9.89254773e-01 7.73996651e-01
    6.43083155e-01 7.07588792e-01 7.57900178e-02 4.68490213e-01
    3.46961081e-01 4.31446642e-01 4.29155588e-01 2.55761385e-01
    4.87895936e-01 9.87523198e-01 9.07824039e-01 7.25304842e-01
    3.63870025e-01 1.62867457e-01 7.74647355e-01 9.41797614e-01
    8.64420056e-01 8.43465924e-01 2.35230595e-01 3.91350985e-01
    8.26922059e-03 9.87413883e-01 1.86471134e-01 9.36997056e-01
    9.92322564e-02 5.50691247e-01 9.79948044e-01 4.31415439e-03
    8.82738590e-01 6.69217050e-01 3.22003186e-01 9.10873413e-01
    9.75970149e-01 3.61582100e-01 4.81656402e-01 3.68304849e-01
    8.16012502e-01 4.35993344e-01 7.39919066e-01 3.88873219e-01
    3.45915675e-01 6.69845045e-02 7.30264425e-01 1.09768391e-01
    7.98506320e-01 7.61039674e-01 1.86477900e-02 1.29335433e-01
    2.02513665e-01 3.38929594e-01 7.60150909e-01 5.07726371e-01
    4.66516495e-01 3.95942211e-01 5.97138643e-01 7.80453444e-01
    4.71155643e-01 4.63451952e-01 3.30523670e-01 5.32321334e-02
    6.57162368e-01 7.78376341e-01 9.03323770e-01 3.96758676e-01
    1.70404315e-02 6.12295568e-01 6.70563340e-01 9.25100207e-01
    4.83368069e-01 9.31661606e-01 3.46026123e-02 2.09727228e-01
    5.39901018e-01 4.61564600e-01 4.11896259e-01 7.42650807e-01
    8.02284181e-01 2.53750920e-01 2.56683260e-01 5.66901445e-01
    6.11235797e-02 2.20780402e-01 3.15423518e-01 6.73308074e-01
    7.53058255e-01 1.51256025e-02 7.06161618e-01 2.40837187e-01
    9.67067063e-01 8.31786990e-02 5.23777306e-02 7.92145133e-01
    6.80378616e-01 7.70399690e-01 3.10367763e-01 4.06272888e-01
    6.41281962e-01 6.44085288e-01 5.63860416e-01 2.70030320e-01
    6.33981884e-01 3.35332155e-01 8.27402830e-01 9.11676049e-01
    4.38654959e-01 3.57901037e-01 7.36505747e-01 3.93783838e-01
    9.22363520e-01 4.14019108e-01 6.56601489e-02 5.95340848e-01
    2.58413702e-01 7.90151656e-01 2.47557193e-01 4.11152482e-01
    3.88161838e-02 6.69129372e-01 9.90420878e-02 4.58036989e-01
    9.15770590e-01 6.69022143e-01 7.18749583e-01 6.65262699e-01
    3.98226231e-01 6.75719798e-01 8.46782207e-01 8.39771092e-01
    8.90124738e-01 4.95066851e-01 5.21511078e-01 7.45157599e-02
    1.68774098e-01 9.16859269e-01 8.62275302e-01 7.99550354e-01
    9.92919922e-01 4.06648666e-01 9.63944554e-01 2.35819489e-01
    3.30439419e-01 5.35172224e-02 9.82584417e-01 5.19818902e-01
    6.80222690e-01 8.64580631e-01 3.11158597e-01 5.08313298e-01
    8.62108469e-01 9.96353805e-01 1.42830521e-01 8.44575167e-01
    1.63756520e-01 1.52409345e-01 9.44379330e-01 8.70447755e-01
    4.63297844e-01 1.71022743e-01 8.34501207e-01 1.25957280e-01
    4.00819927e-01 7.74364829e-01 3.49318326e-01 3.41703296e-01
    1.99610353e-01 1.32927120e-01 1.56283081e-02 7.98770785e-01
    4.10109460e-01 3.68624926e-02 3.86018753e-02 2.84112632e-01
    3.77472520e-01 3.84427607e-02 9.34443116e-01 1.24522328e-01
    5.91875196e-01 4.20926780e-01 7.53955960e-01 1.90376997e-01
    9.87489462e-01 7.78885186e-02 2.28524029e-01 9.08591032e-01
    7.48039246e-01 3.05049837e-01 7.06114948e-01 3.12179029e-01
    9.55319405e-01 4.64242786e-01 1.74130648e-01 6.96493447e-01
    3.26659143e-01 6.53810799e-01 8.24603021e-01 3.51303488e-01
    2.99069285e-02 1.13726556e-01 4.28001523e-01 6.06992662e-01
    5.17850220e-01 9.27979469e-01 5.09511173e-01 1.52628392e-01
    4.68852818e-02 3.12803835e-01 2.60405660e-01 3.80620152e-01
    7.83440471e-01 4.70601410e-01 7.46841550e-01 6.58215463e-01
    3.48170877e-01 5.58923960e-01 3.36122811e-02 7.69297481e-01
    1.50510639e-01 5.61246037e-01 2.46185601e-01 4.88733292e-01
    3.66424024e-01 9.81278539e-01 8.33398938e-01 1.63013071e-01
    1.58504874e-01 5.44078708e-01 8.91890049e-01 6.14124417e-01
    6.93919778e-01 5.39625883e-01 6.51456416e-01 7.83699691e-01
    6.54743075e-01 6.60731256e-01 7.13027835e-01 1.92731619e-04
    8.81657302e-01 7.09443927e-01 2.54641503e-01 9.36617553e-01
    5.41383982e-01 3.97639692e-01 4.82779801e-01 5.63832879e-01
    9.88653421e-01 9.44412649e-02 2.67020524e-01 1.50025040e-01
    7.87824094e-02 3.26142311e-01 4.36873376e-01 5.45885205e-01
    6.65995121e-01 4.20154035e-02 7.65202641e-02 9.92589533e-01
    4.68184352e-02 7.71469772e-01 6.64109588e-02 1.09902740e-01
    3.76145452e-01 4.02517796e-01 4.10502642e-01 6.96168840e-02
    1.70035124e-01 6.10173345e-01 4.24820364e-01 8.29977989e-01
    9.21763539e-01 8.02797794e-01 6.90480173e-02 3.47419977e-01
    5.39107323e-02 8.00458789e-02 7.77307630e-01 1.80984795e-01
    4.13992733e-01 1.46264046e-01 6.85056686e-01 2.38150299e-01
    2.26904094e-01 1.42089635e-01 6.52014017e-02 2.45012105e-01
    4.33681607e-01 3.76026869e-01 4.71140742e-01 6.83502913e-01
    3.50324392e-01 7.31234193e-01 1.01793110e-02 2.48114794e-01
    6.97766066e-01 8.92907739e-01 3.79070938e-02 8.79752636e-02
    6.35514617e-01 1.70416832e-01 1.83863133e-01 2.50012010e-01
    3.43575001e-01 9.68496203e-01 2.19058573e-01 4.46960568e-01
    1.39034629e-01 8.64097595e-01 6.17001235e-01 7.42616475e-01
    5.33467114e-01 3.59106243e-01 3.42300475e-01 5.97193062e-01
    5.77787161e-01 6.96792305e-02 2.36867815e-01 9.47059155e-01
    7.58155465e-01 4.75554943e-01 9.10098553e-01 3.53831470e-01
    4.78079796e-01 1.24283105e-01 2.04435498e-01 6.48974717e-01
    2.09907085e-01 9.80157852e-01 1.83432996e-01 9.20780540e-01
    1.11798346e-02 4.87288654e-01 5.43293655e-01 2.48638123e-01
    8.22277784e-01 2.79675514e-01 1.68116421e-01 5.59420526e-01
    5.04569471e-01 4.26600456e-01 2.99140453e-01 3.98745596e-01
    7.35041261e-01 1.37423784e-01 2.83461750e-01 2.64345616e-01
    4.71735269e-01 3.97291481e-02 8.98800135e-01 4.08762306e-01
    1.13511682e-02 3.47467661e-02 7.85167813e-01 4.24293518e-01
    3.59479487e-01 3.46390426e-01 7.86741674e-01 3.44522595e-02
    9.09627795e-01 2.49879837e-01 2.25611359e-01 8.51356268e-01
    8.58005047e-01 3.62128437e-01 7.34022379e-01 6.34807944e-01
    6.14376605e-01 2.41595775e-01 1.76080883e-01 5.05090952e-02
    8.29589367e-03 9.74923491e-01 2.89916396e-02 7.06577301e-01
    8.99235547e-01 7.46457338e-01 1.22574568e-02 8.02049637e-01
    5.24765491e-01 6.22715056e-02 2.27255076e-01 9.01863933e-01
    6.47301614e-01 8.86692524e-01 9.00293112e-01 5.82408309e-02
    6.77649140e-01 2.43577868e-01 1.24600619e-01 6.05296195e-01
    2.53815860e-01 1.33431375e-01 1.07698351e-01 8.09091628e-01
    6.92728400e-01 5.08441210e-01 5.02200127e-01 6.46451235e-01
    2.53525764e-01 9.28555846e-01 2.86379099e-01 6.62244737e-01
    8.75457525e-02 9.38993812e-01 6.47202253e-01 5.59563577e-01
    8.85951877e-01 5.55084586e-01 6.00694537e-01 3.71486783e-01
    6.51000440e-01 6.87594831e-01 6.72240615e-01 2.71427631e-01
    1.90887809e-01 3.42051655e-01 3.53563428e-01 7.47190833e-01
    7.82368541e-01 3.20315450e-01 4.45368022e-01 2.71493793e-01
    8.76302719e-01 4.38288271e-01 6.63502932e-01 8.06954265e-01
    1.20286316e-01 6.76508188e-01 1.48791373e-02 2.11357236e-01
    9.54813480e-01 6.28945351e-01 6.58960700e-01 4.04801667e-01
    3.16323757e-01 2.80818015e-01 7.23034441e-02 5.54897130e-01
    9.15709496e-01 5.14284730e-01 6.88650131e-01 1.12378031e-01
    6.63379133e-02 6.65487111e-01 3.60994697e-01 3.36462021e-01
    4.06220257e-02 2.54077822e-01 5.97036004e-01 5.11399150e-01
    1.74587607e-01 4.89551723e-01 3.89855802e-02 6.20165050e-01
    9.99798894e-01 5.27809739e-01 6.98612332e-01 5.96873224e-01
    6.39121771e-01 1.92299068e-01 4.24427271e-01 1.08616233e-01
    7.83127367e-01 7.46587694e-01 9.25866008e-01 6.98854089e-01
    6.91909313e-01 5.73170245e-01 8.68555427e-01 1.07242286e-01
    7.62579381e-01 3.28389138e-01 1.45871341e-01 1.65209621e-01
    9.56797600e-01 2.58663446e-01 6.96319103e-01 4.41325963e-01
    6.40444875e-01 7.99792409e-01 8.76947820e-01 8.53043497e-02
    1.17195636e-01 4.60823864e-01 2.24385291e-01 7.61860609e-01
    8.46910715e-01 9.15031314e-01 7.31182694e-01 4.77016270e-01
    4.45180863e-01 4.28380221e-01 4.51291323e-01 3.56284976e-02
    5.48192978e-01 7.70764470e-01 5.24578035e-01 6.81242347e-03
    2.53550172e-01 9.41935480e-02 1.14262551e-01 9.27253425e-01
    9.18917775e-01 7.34154582e-01 9.37924147e-01 8.77974033e-01
    5.62391460e-01 3.60622168e-01 6.75834894e-01 9.68460619e-01
    7.19756246e-01 4.23463941e-01 4.64576095e-01 3.54864776e-01
    8.25231194e-01 1.12567723e-01 5.01737297e-02 9.79060709e-01
    7.56933093e-01 8.97154212e-01 1.66006446e-01 7.33089864e-01
    3.92384291e-01 6.98200166e-01 9.76383388e-01 1.31018996e-01
    7.66469717e-01 8.27743948e-01 9.79302645e-01 2.63629735e-01
    4.98369724e-01 3.88748169e-01 9.10342932e-01 1.12229228e-01
    7.56214261e-02 5.12233734e-01 3.59818339e-01 1.24462306e-01
    9.01270211e-02 9.88185525e-01 6.97172940e-01 8.45630527e-01
    3.39933097e-01 6.35040164e-01 8.44610989e-01 9.96067822e-01
    5.41194320e-01 3.63639951e-01 1.06028289e-01 8.59539509e-02
    5.90185285e-01 1.07832432e-01 6.94962740e-01 6.39695883e-01
    5.83181381e-01 8.80482912e-01 3.80351245e-01 1.64189100e-01
    2.41043448e-01 7.63017058e-01 5.64178526e-01 2.72349238e-01
    3.42773199e-01 2.99668372e-01 8.37831199e-01 5.95702887e-01
    2.43383050e-02 7.88849354e-01 1.31282955e-01 9.82076287e-01
    5.48242271e-01 9.43050742e-01 3.19291234e-01 8.21350455e-01
    7.75011301e-01 4.87213910e-01 9.15301740e-02 6.62702382e-01
    2.53793418e-01 1.15239859e-01 3.29856336e-01 8.62806559e-01
    4.69168991e-01 3.20023954e-01 7.88198411e-02 8.65112960e-01
    2.65610516e-01 4.63430703e-01 7.38233566e-01 6.13967180e-01
    2.74170846e-01 4.18813616e-01 1.36622131e-01 6.03174090e-01
    4.21801686e-01 5.36568642e-01 4.15351093e-01 5.88619769e-01
    7.49707520e-01 8.74384165e-01 8.10337007e-01 8.03511381e-01
    8.97313595e-01 4.51589435e-01 9.92468596e-02 1.64127946e-02
    4.55029905e-02 3.51763368e-02 9.59648788e-02 8.62824798e-01
    1.90508962e-01 6.24902964e-01 2.55476624e-01 7.75272429e-01
    9.40766752e-01 5.36468565e-01 7.06673265e-01 4.28348660e-01
    2.95875311e-01 7.49137104e-01 6.47585034e-01 9.81744885e-01
    3.75293195e-02 7.62998343e-01 9.76251006e-01 4.79879379e-01
    4.77558047e-01 8.00405741e-02 9.69586968e-01 7.10426390e-01
    4.89431024e-01 3.71856421e-01 1.87102973e-01 7.10459352e-01
    8.66832972e-01 1.39101088e-01 1.71099126e-01 1.28046304e-01
    7.85411000e-01 5.56658089e-01 2.39347488e-01 7.95232892e-01
    4.29966986e-01 3.13497692e-01 9.28139091e-02 4.37619478e-01
    2.59876847e-01 6.29265070e-01 4.72588837e-02 3.08692634e-01
    3.77119571e-01 8.70139062e-01 3.85399789e-01 2.35830843e-02
    5.79403996e-01 3.19632739e-01 8.17206025e-01 4.87196237e-01
    9.59169149e-01 1.54158473e-01 2.93099552e-01 7.06347466e-01
    5.71624935e-01 2.67563164e-01 5.04206657e-01 4.55341339e-01
    6.85716569e-02 8.48767996e-01 6.63889945e-02 5.17803192e-01
    9.22297359e-01 5.01534045e-02 4.83725607e-01 9.15732980e-03
    9.07130122e-01 5.88852286e-01 7.37219512e-01 6.22638464e-01
    7.52816558e-01 9.89753842e-01 7.45623231e-01 2.95163572e-01
    8.63483727e-01 7.46089041e-01 9.06039059e-01 9.81403470e-01
    2.43162304e-01 2.99696863e-01 7.64635563e-01 8.11758339e-01
    7.80945897e-01 2.13816702e-01 6.82633758e-01 4.38334852e-01
    7.36717582e-01 2.73460090e-01 8.82247150e-01 6.12016320e-02
    2.20189452e-01 1.04954958e-01 8.36358070e-01 8.17193151e-01
    4.14084762e-01 5.20183682e-01 7.76163101e-01 6.45663142e-01
    2.61702895e-01 9.13549662e-02 5.19709706e-01 2.33299106e-01
    9.24330831e-01 6.66262209e-02 7.86297917e-01 9.84132648e-01
    6.46270394e-01 3.98551792e-01 8.93931091e-01 4.23843861e-01
    9.57043409e-01 9.35173869e-01 5.63345492e-01 5.20612717e-01
    3.32864225e-01 5.14715135e-01 3.48789513e-01 8.27188373e-01
    9.48537946e-01 5.28269827e-01 6.10145271e-01 4.18805808e-01
    3.90900910e-01 3.66610885e-02 8.45315576e-01 3.81725788e-01
    6.63686752e-01 3.07060778e-02 5.91026247e-02 8.61081660e-01
    7.34212339e-01 3.60148937e-01 8.32077622e-01 2.27840513e-01
    9.26495910e-01 4.61807132e-01 5.93551457e-01 7.17166305e-01
    8.84652495e-01 3.46950561e-01 7.39053547e-01 8.91378820e-01
    7.94575691e-01 4.17459667e-01 6.86134040e-01 7.51588583e-01
    1.09378994e-02 9.00318444e-01 8.93355489e-01 9.40887928e-02
    5.08399189e-01 5.73503077e-01 9.84290659e-01 1.75131232e-01
    8.66490960e-01 2.83976197e-01 5.00700295e-01 1.30723774e-01
    6.92082644e-02 4.78712320e-02 2.03440696e-01 4.42335695e-01
    8.06605518e-01 6.85970604e-01 9.82149720e-01 5.30462682e-01
    7.87849784e-01 4.09932584e-01 3.50051403e-01 9.50678706e-01
    1.25925541e-02 9.57719386e-02 6.47145271e-01 9.00912583e-02
    9.01777744e-01 5.92631161e-01 1.53418571e-01 7.17372954e-01
    5.09921670e-01 8.09457421e-01 2.11825132e-01 2.12334514e-01
    1.20418578e-01 1.71253800e-01 9.48980331e-01 5.85307062e-01
    7.87519097e-01 8.08658123e-01 8.85772526e-01 8.76427352e-01
    4.44174081e-01 1.56151205e-01 3.91821504e-01 1.61126137e-01
    4.78911251e-01 1.47154719e-01 8.30817699e-01 2.07419336e-01
    7.13936031e-01 6.50588512e-01 4.11719084e-03 2.09672749e-02
    6.23884797e-02 6.03561580e-01 5.76126993e-01 9.60027099e-01
    2.07717001e-01 3.48818749e-01 2.20649570e-01 1.19930208e-02
    8.22347403e-01 3.71257037e-01 2.91570008e-01 4.25991535e-01
    9.55268860e-01 3.88943106e-01 2.49843299e-02 1.45177245e-02
    2.56465971e-01 3.56562376e-01 2.97738791e-01 6.82059109e-01
    3.58233273e-01 9.43410695e-02 8.25419426e-01 7.12914288e-01
    5.00044703e-01 2.86388755e-01 6.62210345e-01 9.79230762e-01
    4.65911776e-01 2.61508614e-01 1.53491169e-01 7.66479135e-01
    1.83767617e-01 1.00963414e-01 1.53109729e-02 6.71684742e-01
    6.04998469e-01 8.42773676e-01 3.89768541e-01 5.40159047e-01
    3.03401411e-01 6.50737286e-01 6.26674592e-01 6.92143321e-01
    2.05261767e-01 8.04510891e-01 7.59629309e-01 6.50670886e-01
    2.36486495e-01 9.36243832e-02 1.43188506e-01 4.49338913e-01
    6.65043414e-01 9.58044648e-01 2.53590673e-01 3.56378347e-01
    9.06801581e-01 8.80715668e-01 5.60613573e-01 5.27133644e-01
    3.56484830e-01 7.00697541e-01 6.43540621e-01 5.21435618e-01
    2.97032118e-01 8.40432644e-02 1.84544832e-01 9.31400180e-01
    4.78905320e-01 8.03166747e-01 2.83390760e-01 4.03418303e-01
    5.91295362e-01 6.24869168e-01 5.58945119e-01 4.75575149e-01
    4.86807227e-02 8.63633931e-01 3.49118292e-01 7.99781144e-01
    3.74481380e-01 4.91950214e-01 3.12241971e-01 4.33135360e-01
    4.78155822e-01 9.02192116e-01 7.64064491e-02 6.93259716e-01
    1.31644577e-01 5.63620746e-01 7.57858992e-01 6.04803503e-01
    6.47100449e-01 6.62661076e-01 7.79006660e-01 1.50812030e-01
    9.13169980e-03 5.07839024e-01 2.24430263e-01 2.00772047e-01
    3.86421919e-01 7.60691524e-01 1.15504891e-01 9.53358412e-03
    7.69056499e-01 9.12335813e-02 3.53951156e-02 1.56035662e-01
    3.45637500e-01 3.28050792e-01 5.92155755e-02 8.44689667e-01
    7.30477989e-01 3.97913247e-01 6.86414063e-01 7.04880834e-01
    2.32481748e-01 3.01981449e-01 2.05026537e-01 1.61649078e-01
    2.46727765e-02 2.58117259e-01 2.86937624e-01 4.10268903e-02
    2.72761911e-01 8.86184931e-01 3.56494993e-01 2.94469655e-01
    3.82595152e-01 1.76743984e-01 4.29093689e-01 7.48547673e-01
    1.49357587e-01 5.91435671e-01 5.45423865e-01 3.83721471e-01
    3.78857940e-01 7.34742522e-01 1.82613552e-01 2.75275826e-01
    3.47654581e-01 6.14392817e-01 7.98885047e-01 8.03547144e-01
    4.47184592e-01 5.12121022e-01 3.76671672e-01 8.64515781e-01
    9.50364888e-01 9.04952586e-01 5.62957048e-01 1.50566548e-01
    2.49215394e-01 4.94873017e-01 9.63208914e-01 8.64068806e-01
    1.26514316e-01 7.54146338e-01 3.61465752e-01 7.63298392e-01
    7.28986561e-02 4.22926396e-01 2.05596060e-01 6.92144752e-01
    4.69580024e-01 3.66499603e-01 6.84207857e-01 5.54327011e-01
    4.40127522e-01 9.54017639e-02 1.60344750e-01 1.84549063e-01
    1.31101817e-01 4.98621106e-01 2.91248202e-01 7.59233475e-01
    1.13202333e-01 1.15118235e-01 8.64740908e-01 4.19503659e-01
    5.96062720e-01 4.68421698e-01 9.57692564e-01 4.59720254e-01
    9.63252723e-01 3.95003736e-01 7.51287460e-01 9.81752217e-01
    3.78183454e-01 2.25219429e-02 1.28750682e-01 4.39807832e-01
    6.81756318e-01 7.24673152e-01 1.19400918e-01 4.32652235e-03
    5.17130136e-01 7.27143049e-01 3.36146951e-01 1.34123564e-02
    6.62206948e-01 8.13685179e-01 7.92709470e-01 8.00345421e-01
    5.14121354e-01 9.19846654e-01 1.87015742e-01 4.80314076e-01
    5.56474626e-01 9.99771953e-01 5.83560884e-01 4.25643027e-01
    7.33106971e-01 9.19430971e-01 8.80891442e-01 4.25459355e-01
    2.99943209e-01 4.74434078e-01 2.23422945e-01 9.76893425e-01
    9.73408580e-01 7.15299189e-01 9.04974580e-01 4.30700630e-01
    3.66949439e-02 7.38181651e-01 1.72167331e-01 2.83852965e-01
    9.66704309e-01 8.35670769e-01 9.45944071e-01 5.35455167e-01
    6.60849571e-01 7.00869501e-01 2.51404226e-01 3.63276303e-02
    9.03837085e-02 7.60600388e-01 8.15811396e-01 8.48155975e-01
    2.04182208e-01 5.46631515e-01 1.53034538e-01 1.41321927e-01
    2.67567217e-01 9.25407767e-01 1.00933850e-01 5.61038911e-01
    6.24113560e-01 1.54252917e-01 2.67976463e-01 3.56370568e-01
    5.76017380e-01 8.59313607e-01 6.52496815e-01 7.36898541e-01
    3.32948565e-01 1.45376086e-01 9.25122499e-02 4.20403928e-01
    1.57820761e-01 6.94360733e-01 7.56213188e-01 1.67422116e-01
    8.25361729e-01 1.00171506e-01 2.62058973e-01 2.10027754e-01
    5.48102260e-01 1.78643644e-01 8.13323259e-03 2.94376761e-01
    2.13676393e-01 2.57860601e-01 9.19839859e-01 1.40183032e-01
    2.02088505e-01 6.98032558e-01 2.82419592e-01 9.81570125e-01
    4.31112677e-01 5.61171889e-01 5.91899812e-01 1.06540054e-01
    9.41305161e-02 4.92178321e-01 7.46385455e-01 3.26657295e-03
    6.94137216e-01 4.53781068e-01 7.28501916e-01 6.86206698e-01
    3.67522180e-01 1.40188187e-01 7.51215398e-01 5.32998741e-01
    3.55177760e-01 8.53947401e-01 9.20624197e-01 7.68935978e-01
    3.78057808e-01 8.35266709e-01 9.53909636e-01 1.03354931e-01
    7.21019745e-01 4.07480299e-02 5.78696072e-01 3.18779558e-01
    1.75742567e-01 8.40698779e-01 3.25825155e-01 7.57201076e-01
    4.62674260e-01 6.77279413e-01 4.70281482e-01 5.34726739e-01
    7.61718869e-01 8.59387755e-01 4.24518794e-01 5.87532163e-01
    8.89805436e-01 7.69429207e-01 7.36180544e-01 3.70287120e-01
    7.23089874e-01 9.58524942e-01 8.15528035e-01 2.34248281e-01
    8.94314528e-01 1.11270219e-01 1.29126996e-01 5.37032187e-02
    8.31673741e-01 9.77059484e-01 1.49081022e-01 9.86550093e-01
    9.70615745e-01 7.03438699e-01 3.76149088e-01 1.72163337e-01
    3.97552550e-02 3.30484748e-01 1.68970615e-01 3.67904127e-01
    2.58952379e-01 6.91156864e-01 9.29926515e-01 3.22427154e-02
    8.47188473e-01 1.96061105e-01 2.80876398e-01 3.31997395e-01
    2.42084563e-01 5.09912610e-01 2.89315999e-01 4.33207899e-01
    2.75692612e-01 9.37435508e-01 1.43923849e-01 7.26466656e-01
    7.23784626e-01 5.09202957e-01 4.69181538e-02 5.15547097e-01
    1.42956048e-01 4.11096126e-01 1.29047275e-01 1.42524511e-01
    1.03132606e-01 8.81821513e-01 2.90719897e-01 6.15884662e-02
    6.31752849e-01 5.72744012e-02 4.46823835e-01 2.50905961e-01
    6.92662477e-01 2.43207991e-01 8.14515352e-02 5.31617403e-01
    3.42145503e-01 5.38661838e-01 3.18968296e-03 8.99265289e-01
    5.88965595e-01 8.82211030e-01 1.34843022e-01 2.62956381e-01
    9.72040296e-01 7.03890085e-01 8.23050022e-01 6.59464359e-01
    3.73506546e-03 2.68739253e-01 5.11006176e-01 9.10162449e-01
    9.32780206e-02 2.04932004e-01 2.59792924e-01 8.04111004e-01
    2.94341266e-01 1.93135738e-02 3.34061444e-01 9.36086714e-01
    9.05483484e-01 2.66701490e-01 2.37248898e-01 4.12445754e-01
    3.16442251e-01 4.05104339e-01 9.58134532e-01 7.22255111e-01
    9.49003994e-02 1.89280570e-01 3.20592999e-01 7.20298529e-01
    7.58959949e-02 5.72366595e-01 4.20429438e-01 7.18532622e-01
    4.13330674e-01 3.66424620e-01 3.26314747e-01 5.79391062e-01
    3.69447351e-01 7.30901599e-01 9.40105736e-01 7.65678406e-01
    8.91987503e-01 5.14390469e-01 2.50635028e-01 1.78293139e-01
    4.06125426e-01 6.65975511e-01 7.47949839e-01 1.15238369e-01
    4.97793019e-01 6.32513165e-01 4.76776958e-02 3.81350040e-01
    2.59706348e-01 8.45784187e-01 1.78080082e-01 7.05317259e-01
    9.67800915e-02 9.16281462e-01 3.30894053e-01 6.54698730e-01
    1.85239762e-01 6.44853711e-01 6.11520112e-02 9.80649590e-01
    9.63185906e-01 4.89076138e-01 9.82648969e-01 4.03197646e-01
    2.70396352e-01 8.21828246e-02 3.63414526e-01 3.73020172e-01
    1.85802102e-01 3.71811301e-01 6.98639572e-01 2.68625498e-01
    4.80042934e-01 1.00928664e-01 7.98840642e-01 5.10160744e-01
    3.66423756e-01 7.68039227e-01 7.16776013e-01 3.73812199e-01
    3.70810330e-01 3.02329987e-01 3.59284103e-01 4.24288094e-01
    7.79169917e-01 2.62409568e-01 4.64575440e-01 4.45417970e-01
    2.68408179e-01 1.65290713e-01 3.97089928e-01 9.41329598e-01
    2.13921249e-01 4.70382005e-01 6.09274507e-01 7.40998089e-01
    9.50945079e-01 2.44461149e-01 6.48281813e-01 4.14358586e-01
    8.53602052e-01 2.23960280e-02 8.88342559e-01 4.34142351e-02
    5.41057885e-01 6.72735631e-01 4.26003158e-01 5.47294497e-01
    9.35757816e-01 6.75974131e-01 9.30044889e-01 7.86590576e-01
    4.64261740e-01 8.26691389e-02 7.59660244e-01 3.67485404e-01
    4.37149763e-01 9.40848291e-01 8.41998339e-01 7.51588225e-01
    6.49508715e-01 8.83971870e-01 4.55606282e-01 1.33095145e-01
    2.30653137e-01 9.59946632e-01 3.92017722e-01 5.11038721e-01
    4.29938138e-02 6.04038298e-01 4.48264956e-01 4.33214188e-01
    3.40172529e-01 8.35314870e-01 3.45377833e-01 5.69605231e-01
    8.81808341e-01 2.98921019e-01 2.81149924e-01 3.59824926e-01
    9.57897186e-01 8.07686448e-02 3.54000926e-01 7.64193535e-01
    4.99479473e-02 4.70026463e-01 2.43713439e-01 9.24465060e-03
    3.85378867e-01 6.43477201e-01 5.18380165e-01 5.13968647e-01
    7.36738682e-01 1.23431802e-01 5.85093856e-01 3.93519282e-01
    9.32308435e-01 2.60731101e-01 8.72861266e-01 5.17146528e-01
    9.02336359e-01 8.39052439e-01 3.59607846e-01 7.51900911e-01
    8.14550936e-01 9.80430722e-01 8.86473060e-02 5.67366779e-01
    4.33336079e-01 5.07535934e-02 3.27008188e-01 6.38246298e-01
    6.52617931e-01 1.70624465e-01 4.90085810e-01 4.57847238e-01
    3.19111258e-01 4.64046955e-01 5.66547632e-01 5.37690699e-01
    7.19869614e-01 1.58357173e-01 5.18298090e-01 1.79010272e-01
    3.60104144e-01 5.90911508e-03 2.47118473e-01 1.85924023e-01
    1.18021220e-01 8.62237692e-01 2.64285803e-02 5.18518448e-01
    5.71107030e-01 1.00113064e-01 2.68449455e-01 2.95545995e-01
    4.57514316e-01 9.80842352e-01 2.81699121e-01 6.32947266e-01
    2.40619481e-01 3.66849154e-01 6.63971782e-01 7.62403727e-01
    2.04703331e-01 8.49068284e-01 8.13246667e-01 2.57334560e-01
    8.25956762e-02 8.11173320e-01 5.77328384e-01 7.67922163e-01
    2.57739842e-01 6.60897374e-01 9.83135581e-01 3.16916049e-01
    4.99247611e-02 2.96006322e-01 8.31203759e-01 3.03780019e-01
    8.07890534e-01 9.68568563e-01 8.05496871e-01 2.58704484e-01
    6.00992441e-01 6.12367153e-01 5.80113232e-01 8.38583350e-01
    8.51636350e-01 3.68102729e-01 8.80794525e-01 3.50392222e-01
    5.76539516e-01 6.89987540e-01 3.89223665e-01 8.19685340e-01
    8.68951082e-01 2.52889037e-01 2.83959985e-01 3.46485257e-01
    2.90952384e-01 8.10158968e-01 3.20508480e-02 1.46239221e-01
    2.77393222e-01 1.67962879e-01 9.98023987e-01 3.94479394e-01
    1.77487969e-01 4.39481974e-01 1.66187406e-01 2.59548962e-01
    3.20748806e-01 7.56611049e-01 8.70433450e-01 5.86149991e-01
    2.80216783e-01 4.09554183e-01 6.63782477e-01 4.43781316e-02
    1.34343505e-02 8.96920204e-01 2.82017529e-01 6.50972068e-01
    2.24727929e-01 6.04890883e-01 1.80895746e-01 5.31004965e-02
    8.87809515e-01 3.77915114e-01 9.27352607e-02 6.94484949e-01
    2.48941898e-01 9.48166251e-01 2.34740376e-01 9.46040928e-01
    7.68373728e-01 7.43723392e-01 2.84525126e-01 5.49508095e-01
    8.94216478e-01 9.52060580e-01 4.13501084e-01 2.82831609e-01
    2.75651544e-01 1.30557954e-01 7.40745783e-01 3.09663236e-01
    4.12936091e-01 7.01258481e-01 3.01627398e-01 9.46673989e-01
    4.89492059e-01 9.06840563e-01 5.80052674e-01 8.62993002e-01
    2.74010152e-01 5.11653543e-01 1.22528493e-01 7.29194641e-01
    4.80804890e-01 1.67025447e-01 3.52899611e-01 9.72009659e-01
    5.47097147e-01 5.83953321e-01 8.51041019e-01 5.28641880e-01
    3.23054194e-03 2.90310144e-01 5.34456313e-01 6.30764365e-01
    7.78150439e-01 8.80198121e-01 1.79109186e-01 6.70637190e-02
    2.12218046e-01 7.05027342e-01 1.76344305e-01 7.30824709e-01
    8.23629618e-01 8.18897724e-01 2.29538679e-01 6.98015630e-01
    8.10202658e-01 9.54849243e-01 2.29548961e-01 2.75671780e-02
    5.06310344e-01 5.26067436e-01 2.68658191e-01 2.88954377e-03
    6.72552705e-01 3.82307172e-03 3.55356276e-01 6.16845846e-01
    5.62105536e-01 7.72341609e-01 4.94577736e-01 8.95388722e-01
    1.85608864e-01 2.64191985e-01 9.02500212e-01 5.61302364e-01
    3.57107818e-01 7.60167837e-01 6.27842307e-01 2.94041336e-01
    8.71245980e-01 6.65508866e-01 6.73429251e-01 6.26187921e-01
    7.12764502e-01 5.60091078e-01 8.94092679e-01 5.95292211e-01
    3.82171392e-01 7.58892000e-01 3.98640186e-01 7.16782331e-01
    6.21112585e-01 2.52501398e-01 5.34753203e-01 7.60351717e-01
    6.34485066e-01 3.65810394e-01 8.50464463e-01 1.11132592e-01
    2.44938910e-01 2.67909467e-01 3.47640038e-01 4.95801359e-01
    8.13740790e-02 9.52674627e-01 2.65931517e-01 8.73472095e-01
    4.59736079e-01 4.73315716e-02 5.83078384e-01 2.89922386e-01
    2.71018922e-01 5.54633141e-02 7.43589699e-02 3.32746148e-01
    6.65382087e-01 4.03289676e-01 6.89431906e-01 9.83821034e-01
    5.90385556e-01 5.07904649e-01 3.99814248e-01 1.56073391e-01
    5.53427935e-01 8.09075356e-01 2.83870578e-01 5.10665715e-01
    3.06447923e-01 5.44180870e-02 6.84737146e-01 1.95775300e-01
    4.04625595e-01 4.39423531e-01 2.75998771e-01 8.57887864e-01
    7.67229378e-01 1.04477465e-01 5.01955867e-01 2.06175804e-01
    5.20439982e-01 4.25983042e-01 7.38614202e-02 4.75144058e-01
    6.85856164e-01 2.91477084e-01 2.29728997e-01 1.21666640e-01
    5.45577824e-01 2.49543637e-01 4.34589684e-02 3.87740642e-01
    1.70178801e-01 3.15524697e-01 9.61948216e-01 6.60081387e-01
    9.50692654e-01 1.33000523e-01 6.99096501e-01 6.92860365e-01
    2.96344191e-01 8.22391152e-01 2.12020457e-01 9.59461451e-01
    8.37238431e-01 7.74512172e-01 8.17039609e-01 6.77804172e-01
    2.43513107e-01 6.46377683e-01 4.56808627e-01 4.07708824e-01
    4.09901083e-01 2.43328691e-01 8.13633084e-01 9.52831864e-01
    6.16165280e-01 2.32250094e-01 3.85111868e-01 4.50585186e-02
    2.15124846e-01 7.90494323e-01 4.46938664e-01 3.65897775e-01
    8.06888342e-01 7.71292686e-01 6.21347785e-01 2.97331065e-01
    8.32993746e-01 2.79213965e-01 7.28321195e-01 5.93632698e-01
    3.40715110e-01 9.38214660e-01 4.40178275e-01 8.78665924e-01
    7.96980381e-01 7.54278660e-01 2.11464137e-01 2.04902768e-01
    4.67918724e-01 7.39911914e-01 3.45845819e-01 7.30515599e-01
    6.97331905e-01 4.70532179e-02 4.08774406e-01 1.76660508e-01
    4.41462696e-01 3.55630577e-01 1.14017725e-03 3.71441126e-01
    3.12681973e-01 6.50275469e-01 7.68437147e-01 6.40060365e-01
    3.61115694e-01 1.62533939e-01 9.65277493e-01 4.60832864e-01
    2.24490881e-01 2.11034507e-01 7.63613284e-02 6.85941279e-02
    7.67771184e-01 8.26633692e-01 6.90778136e-01 5.29569149e-01
    7.17148304e-01 2.86834657e-01 2.24589407e-02 5.02747893e-01
    9.07755077e-01 5.65620124e-01 6.85591340e-01 6.31738663e-01
    3.67669582e-01 5.36249936e-01 6.00133181e-01 1.19678676e-02
    8.21506739e-01 9.73100066e-01 8.11234891e-01 5.47235250e-01
    6.76515460e-01 5.93282282e-02 8.23545039e-01 9.38088059e-01
    9.37544346e-01 7.60846496e-01 7.89582491e-01 5.68268239e-01
    2.55282462e-01 2.47086883e-02 7.74505258e-01 7.61181355e-01
    5.82660913e-01 5.77962399e-02 2.72213519e-01 8.11619639e-01
    1.88580722e-01 1.26626939e-01 9.26303864e-03 5.23142815e-02
    6.57785356e-01 3.21969151e-01 4.25836056e-01 4.38968241e-01
    7.23770559e-01 6.11270785e-01 9.20982718e-01 3.94958586e-01
    4.80642915e-01 6.12354100e-01 7.56735086e-01 2.34106869e-01
    7.86860347e-01 2.44174272e-01 4.02402550e-01 7.49637604e-01
    8.88451576e-01 2.54722446e-01 6.00678563e-01 5.18611073e-02
    3.88573289e-01 8.84589553e-01 8.92578185e-01 7.89927363e-01
    4.27189827e-01 5.91602206e-01 5.33605337e-01 7.73978651e-01
    9.68954682e-01 3.41348648e-02 7.40624249e-01 7.47317374e-01
    3.66138071e-01 7.66651332e-02 1.41717762e-01 2.33259380e-01
    2.55194783e-01 2.32012898e-01 6.00929141e-01 2.05382854e-01
    2.10740238e-01 2.71259546e-02 4.11280245e-01 3.54325652e-01
    6.81704581e-02 6.36591554e-01 3.04370821e-01 4.26690102e-01
    8.68270516e-01 2.91660756e-01 6.13302052e-01 8.71778727e-02
    7.65866160e-01 3.80586505e-01 3.47841203e-01 4.50852484e-01
    8.15218925e-01 4.13654387e-01 5.95762670e-01 5.35493016e-01
    5.20811200e-01 4.07101274e-01 4.53516483e-01 9.67652082e-01
    1.86885297e-02 5.28779626e-02 9.95880961e-01 5.00917614e-01
    1.34534836e-01 6.51732087e-01 2.31401563e-01 3.01988065e-01
    9.60007608e-01 6.68220997e-01 3.04945707e-01 8.79137635e-01
    1.80594623e-01 8.44048023e-01 4.29351032e-02 7.93809116e-01
    8.93450975e-02 4.32181865e-01 1.74619019e-01 2.23495364e-02
    1.87560201e-01 2.64707267e-01 4.17706490e-01 5.03808618e-01
    2.78982520e-03 8.99068236e-01 5.20031571e-01 2.33448148e-01
    6.35566056e-01 6.00226045e-01 5.14755845e-01 1.18594378e-01
    3.87877226e-04 7.23625302e-01 8.34570527e-01 5.96786201e-01
    7.51569092e-01 5.97417414e-01 2.33635396e-01 2.29834586e-01
    2.75150657e-01 6.65946901e-01 6.79041386e-01 1.77033156e-01
    6.99510872e-01 9.04923201e-01 2.51119107e-01 8.75076294e-01
    3.04402649e-01 4.83992785e-01 1.14685208e-01 8.58748317e-01
    3.41591597e-01 9.55119789e-01 2.29443252e-01 2.94098318e-01
    7.73303568e-01 7.26915240e-01 3.56174111e-01 7.64343619e-01
    7.89898276e-01 7.15213060e-01 7.23862350e-01 9.20256317e-01
    4.86172557e-01 7.19689250e-01 3.72582525e-01 5.52389383e-01
    3.25470597e-01 2.07808435e-01 5.88443577e-01 5.27967513e-02
    7.91603863e-01 3.33504617e-01 5.29781044e-01 4.57606077e-01
    4.87345725e-01 1.48804367e-01 7.67355442e-01 7.39312589e-01
    6.31830156e-01 8.27833474e-01 6.90166056e-01 1.17597371e-01
    9.37126875e-01 1.02745295e-01 2.59713382e-01 6.40920579e-01
    1.51255161e-01 8.80244970e-02 4.78443980e-01 4.30708617e-01
    9.84510899e-01 8.79116714e-01 8.09106469e-01 1.81931853e-01
    5.49955428e-01 3.73496830e-01 6.45973027e-01 4.10376221e-01
    7.43329525e-02 9.89684224e-01 5.49971282e-01 4.45671797e-01
    7.91265368e-02 3.40469301e-01 5.90289474e-01 8.65293264e-01
    1.02120638e-02 8.01772237e-01 8.96724403e-01 2.88977027e-02
    4.19260561e-02 3.90387863e-01 3.81165266e-01 8.64561439e-01
    2.55397290e-01 9.29988086e-01 8.68798256e-01 4.98046964e-01
    8.31972957e-01 5.84449768e-02 6.59742713e-01 2.11411566e-01
    9.98862386e-01 5.84516227e-01 4.92068380e-01 5.96511066e-02
    1.94666028e-01 7.75193214e-01 3.61891389e-01 6.56890571e-01
    5.96084297e-02 6.77207112e-03 2.35332459e-01 2.22074270e-01
    8.55020165e-01 9.80431199e-01 9.91606593e-01 5.46056926e-01
    1.89107746e-01 9.20339704e-01 3.96574438e-01 3.52812111e-01
    5.00540853e-01 6.69154823e-01 3.30663562e-01 6.24491453e-01
    8.10244203e-01 7.96762109e-03 9.06837225e-01 8.83170724e-01
    8.25149536e-01 6.84626997e-01 3.69189411e-01 1.71713531e-01
    1.77965581e-01 3.13674420e-01 9.66885686e-01 6.62951052e-01
    9.87424910e-01 8.97452116e-01 4.91840959e-01 5.03895223e-01
    9.03925061e-01 2.44704723e-01 9.23568964e-01 2.80521661e-01
    3.56620371e-01 1.22238249e-01 3.21383297e-01 2.27577150e-01
    2.08362818e-01 2.84940332e-01 7.56373405e-01 8.80978584e-01
    6.63483441e-01 6.03861153e-01 2.54846394e-01 4.31212962e-01
    7.25691736e-01 3.16839159e-01 2.08841771e-01 7.29327559e-01
    9.98127520e-01 1.05911493e-03 3.72858673e-01 2.21309155e-01
    3.03737819e-01 8.23304296e-01 1.89486295e-01 7.87561297e-01
    6.35620236e-01 1.16506219e-03 5.34168482e-01 2.38027692e-01
    9.02805328e-02 5.02074301e-01 6.08771324e-01 1.83771431e-01
    4.59634990e-01 7.73605108e-01 3.68213177e-01 6.17796421e-01
    4.42478210e-01 4.95229065e-02 8.53104711e-01 8.64082694e-01
    3.14018190e-01 8.68760645e-02 3.02604496e-01 7.60394871e-01
    9.78857756e-01 8.62873197e-01 7.71036744e-03 3.25789124e-01
    4.86218870e-01 2.28787124e-01 6.27888620e-01 4.10741210e-01
    4.79789555e-01 6.08128309e-01 7.00965583e-01 2.76915938e-01
    7.37914562e-01 2.47314751e-01 8.04006100e-01 4.71224695e-01
    1.83895111e-01 3.50156486e-01 1.06291950e-01 6.87893033e-01
    6.70078635e-01 8.08602095e-01 5.01639247e-02 3.17344427e-01
    8.61791193e-01 4.43868279e-01 9.87043977e-01 3.32513422e-01
    5.96476972e-01 2.67527759e-01 1.18513286e-01 1.35684580e-01
    6.70885861e-01 8.29435110e-01 4.89153117e-01 3.31934452e-01
    5.76862216e-01 4.80591953e-01 9.97658253e-01 5.60343266e-04
    4.12711084e-01 9.35698986e-01 9.14430976e-01 3.35074991e-01
    8.99248838e-01 2.40722597e-01 8.90829444e-01 4.81853485e-02
    8.46734166e-01 7.26209998e-01 3.79665196e-02 7.57526278e-01
    8.10061097e-01 6.17652297e-01 6.76945031e-01 4.65857834e-01
    7.96369851e-01 5.58258772e-01 4.99644041e-01 9.20202196e-01
    9.87189531e-01 4.16135013e-01 7.67704129e-01 2.44669616e-01
    7.09885716e-01 9.15235579e-01 7.74461508e-01 8.20794165e-01
    3.20584118e-01 2.30239928e-01 5.59764445e-01 2.14515865e-01
    8.13169956e-01 4.91885513e-01 7.81426191e-01 7.40386546e-01
    1.13554120e-01 3.40888977e-01 3.42684150e-01 7.18861699e-01
    9.41666722e-01 7.32700348e-01 8.97358835e-01 1.36066616e-01
    6.29869699e-01 7.20819592e-01 8.21296930e-01 8.76657665e-02
    7.97910631e-01 1.74238861e-01 6.07438505e-01 7.80878186e-01
    8.89192343e-01 2.05773115e-03 3.55112553e-03 9.77224827e-01
    7.19691217e-01 7.48518825e-01 1.43105090e-02 6.44617438e-01
    6.90805376e-01 6.92902446e-01 4.62139457e-01 3.13147545e-01
    4.18560058e-01 9.24793720e-01 9.95698035e-01 8.53981674e-02
    8.40099692e-01 1.94636881e-01 4.82794136e-01 8.84353459e-01
    6.72913194e-01 6.47977769e-01 7.98906982e-01 9.25795436e-01
    1.60682112e-01 2.21257210e-01 2.49692976e-01 6.48960471e-01
    1.09161228e-01 7.02320576e-01 7.19221592e-01 3.25858891e-01
    9.65510130e-01 5.98103523e-01 6.83096647e-01 1.93672806e-01
    2.94609904e-01 5.06746173e-01 6.05646670e-01 4.81692284e-01
    2.39208996e-01 5.34197450e-01 7.14028180e-01 4.29634333e-01
    9.30148125e-01 8.83368850e-01 4.97660518e-01 1.34575129e-01
    2.95307338e-02 9.30834353e-01 2.65544474e-01 4.82351661e-01
    5.53483844e-01 6.54147685e-01 9.31118846e-01 8.43167186e-01
    3.52810323e-02 6.36182725e-01 9.74214673e-02 5.34921825e-01
    6.01896107e-01 2.12788165e-01 4.96895611e-02 3.25528502e-01
    2.38273591e-01 6.24509037e-01 6.40314579e-01 2.87009567e-01
    9.37733650e-01 4.90570754e-01 1.10742897e-01 9.63826656e-01
    3.88690829e-03 3.68486524e-01 3.27864558e-01 6.82586074e-01
    2.49637395e-01 6.28647208e-01 4.53762949e-01 9.69794154e-01
    2.00600058e-01 4.62719619e-01 1.42957449e-01 4.51798081e-01
    5.64496398e-01 8.73134136e-01 8.00154328e-01 7.09355593e-01
    1.23993754e-02 3.74061495e-01 7.79392004e-01 1.82816386e-01
    3.42900038e-01 4.80276167e-01 1.10416502e-01 6.14807189e-01
    2.51666665e-01 8.54041755e-01 2.98391461e-01 1.63636506e-01
    7.66002595e-01 8.02545130e-01 7.76129961e-01 3.09674799e-01
    6.34693980e-01 8.90190601e-02 8.78720284e-01 1.82671666e-01
    4.30508256e-02 7.85318851e-01 7.11916387e-01 8.48838866e-01
    2.76924312e-01 3.96594584e-01 4.50310320e-01 3.45563591e-01
    6.43821537e-01 4.41421747e-01 4.60434884e-01 4.87086982e-01
    4.51138973e-01 1.85984641e-01 8.87851655e-01 1.98757052e-01
    3.45520794e-01 5.87901831e-01 8.86498094e-01 5.91015518e-02
    9.31908369e-01 8.59157979e-01 1.94208920e-01 8.79982829e-01
    6.27774596e-01 3.42966020e-01 7.97809958e-01 7.95064449e-01
    9.93613958e-01 8.75246823e-01 2.98802257e-02 2.68815994e-01
    9.34077203e-01 8.13168108e-01 7.83776402e-01 5.45222163e-02
    6.52921081e-01 4.70528841e-01 8.28117609e-01 2.01737285e-01
    2.33075917e-01 7.00118423e-01 9.75046515e-01 7.25563407e-01
    5.05110323e-01 9.58159566e-01 2.35941887e-01 1.14738315e-01
    2.96135187e-01 9.43446279e-01 2.13660419e-01 1.33463740e-01
    9.12599683e-01 8.35318387e-01 7.19139338e-01 7.93597698e-01
    7.03048706e-02 6.42314315e-01 7.76407480e-01 3.59727740e-02
    1.33335590e-04 8.21870804e-01 9.34406161e-01 3.33649218e-02
    7.55164027e-01 9.16447043e-02 9.37743068e-01 3.91756117e-01
    2.97069132e-01 8.42773795e-01 8.61590564e-01 6.66484058e-01
    9.38893795e-01 4.82541829e-01 8.56976092e-01 2.25752592e-02
    7.43507147e-02 2.49160737e-01 7.90502548e-01 7.66553402e-01
    2.22420990e-01 7.79090822e-01 6.45611644e-01 1.19200289e-01
    9.13302183e-01 1.23233050e-01 5.49817383e-02 5.59473991e-01
    1.60733461e-01 2.98838496e-01 2.86307395e-01 9.98454571e-01
    6.97382987e-01 3.82535279e-01 4.24976170e-01 3.16474140e-02
    1.01437539e-01 4.13221449e-01 5.75003207e-01 7.00289309e-02
    3.55795979e-01 3.82677704e-01 2.29656905e-01 9.59601998e-02
    1.01059079e-02 4.95918959e-01 4.77886200e-03 7.13404179e-01
    6.50344551e-01 3.12876940e-01 6.55548334e-01 6.82373405e-01
    2.64292687e-01 4.70549315e-01 3.81764829e-01 1.78026527e-01
    1.76631719e-01 6.25171661e-01 1.15435511e-01 4.21671212e-01
    6.64656341e-01 1.05695754e-01 1.41830325e-01 8.35110188e-01
    1.15175754e-01 2.59981692e-01 8.84671926e-01 5.61596334e-01
    7.39384592e-02 7.57868409e-01 9.46035504e-01 2.90701747e-01
    5.47116816e-01 9.94974017e-01 4.86261308e-01 2.31673092e-01
    4.60537970e-02 8.46602798e-01 9.09746289e-02 7.86497355e-01
    8.25067759e-01 6.29930496e-01 1.91622823e-01 7.28178203e-01
    4.77436572e-01 9.73776519e-01 9.09070730e-01 5.61555922e-01
    7.37574518e-01 9.08723772e-01 6.27651155e-01 1.83936238e-01
    4.70403701e-01 7.70306468e-01 6.18926585e-02 5.38784921e-01
    8.85600507e-01 9.66228724e-01 2.95313835e-01 3.77705455e-01
    9.93008256e-01 3.68758231e-01 7.80955553e-01 9.28522706e-01
    6.43615365e-01 6.61612570e-01 2.17232883e-01 9.78973866e-01
    9.45182323e-01 8.02433372e-01 5.68105280e-01 2.23582625e-01
    7.04928100e-01 4.75628972e-02 4.73558903e-01 5.46381176e-01
    1.42288625e-01 3.07679117e-01 7.40852833e-01 3.65643620e-01
    7.90186644e-01 7.53549278e-01 5.97351491e-01 7.49860048e-01
    5.67864537e-01 2.21281201e-01 3.96392047e-01 1.86091185e-01
    1.87045127e-01 1.77204013e-02 6.01861954e-01 6.54577971e-01
    5.58746040e-01 4.12948906e-01 1.17300510e-01 7.72595108e-01
    5.52458465e-01 2.64902025e-01 6.70035422e-01 6.73508227e-01
    2.48908639e-01 7.33303010e-01 8.48237216e-01 7.28868961e-01
    6.98968053e-01 5.62186599e-01 7.15862095e-01 6.75526500e-01
    7.18319774e-01 4.64036375e-01 1.78202987e-03 2.94499099e-01
    8.99231791e-01 9.29441929e-01 4.12946373e-01 1.54608190e-02
    2.91458368e-02 8.79549384e-02 9.81077790e-01 2.08548844e-01
    8.82238507e-01 5.79392850e-01 6.28044009e-02 5.98083973e-01
    1.08773768e-01 9.75103199e-01 5.01314461e-01 2.40952760e-01
    2.68796772e-01 2.26258516e-01 8.17329228e-01 6.22745156e-01
    5.84473073e-01 9.83144522e-01 5.03346562e-01 7.52010107e-01
    5.66234827e-01 5.07870078e-01 6.16104007e-01 5.62346518e-01
    8.14305544e-02 3.52368414e-01 2.93446124e-01 9.89303589e-01
    4.07056868e-01 2.88704336e-01 9.28782940e-01 1.50323212e-01
    2.10930616e-01 5.49447000e-01 6.63698912e-01 7.40386724e-01
    8.01436782e-01 5.38947463e-01 8.50439072e-01 4.04299021e-01
    7.19865561e-01 1.28418207e-02 5.17534316e-02 5.80064297e-01
    6.80162191e-01 2.06945568e-01 2.67789721e-01 6.30825758e-01
    4.31543201e-01 4.61075693e-01 7.22096860e-01 3.69115740e-01
    7.67942667e-02 2.18038738e-01 1.39304996e-03 4.28204119e-01
    8.95361364e-01 8.01005185e-01 3.84653628e-01 1.01126462e-01
    5.94064116e-01 1.09906077e-01 9.65677440e-01 2.33465821e-01
    4.82589006e-01 9.72547889e-01 9.14439797e-01 3.48118126e-01
    6.73654914e-01 2.93897271e-01 5.45316398e-01 4.18505728e-01
    2.75640577e-01 9.76022661e-01 6.11680269e-01 2.12381333e-01
    9.20464396e-02 2.40589976e-01 5.80698013e-01 2.75477976e-01
    4.24693257e-01 7.91991353e-01 4.22490239e-02 8.38447690e-01
    2.93961197e-01 9.59284902e-01 8.43230903e-01 2.65106916e-01
    4.29187864e-01 6.56404972e-01 2.48597652e-01 4.74413186e-01
    4.79607821e-01 9.64592636e-01 5.74596286e-01 5.36038458e-01
    3.93228889e-01 4.94781375e-01 3.48324567e-01 3.63316178e-01
    8.29082131e-02 1.09454453e-01 3.38892877e-01 1.72862142e-01
    1.67180717e-01 4.89178210e-01 9.00475025e-01 8.77260685e-01
    1.95183992e-01 2.25584328e-01 9.63706553e-01 8.27182472e-01
    6.40269041e-01 6.80751801e-01 9.10102308e-01 8.77378702e-01
    9.12587643e-01 9.98083353e-01 4.30276692e-01 3.79979312e-02
    9.30092514e-01 4.90830183e-01 1.52601004e-02 5.07594943e-01
    8.02176297e-01 7.10078299e-01 4.35218811e-01 7.09833086e-01
    4.01592374e-01 2.06065416e-01 1.32599235e-01 2.80079752e-01
    1.79495066e-01 3.87485534e-01 9.76131439e-01 9.90874290e-01
    6.52976811e-01 2.19608366e-01 7.45708108e-01 7.44135737e-01
    4.98533219e-01 8.22477937e-01 8.26729834e-01 2.53773272e-01
    3.43562663e-01 5.07939517e-01 5.86747587e-01 5.96451998e-01
    8.59098375e-01 6.58956885e-01 9.60960507e-01 3.51171345e-01
    2.21257299e-01 8.67054522e-01 7.36488402e-01 8.33137929e-01
    6.64156854e-01 4.23671663e-01 1.92836285e-01 6.06516480e-01
    7.49104857e-01 3.57258171e-01 8.59588802e-01 4.47455138e-01
    2.33427405e-01 2.17630327e-01 7.44415820e-01 4.51232493e-01
    7.14397550e-01 7.26206541e-01 9.11275029e-01 5.49834013e-01
    6.48203969e-01 3.12790066e-01 4.65738654e-01 3.26829851e-01
    6.31232619e-01 3.10522914e-01 5.82565665e-02 3.53654325e-01
    3.14496934e-01 4.16894406e-01 4.22290385e-01 7.11309910e-01
    4.49383885e-01 3.68353873e-01 6.84067845e-01 9.28052664e-01
    6.20365739e-02 3.51580381e-01 5.34431040e-02 7.43584037e-01
    9.96333003e-01 5.43496013e-03 2.25804627e-01 6.26166284e-01
    6.14746809e-01 2.88689613e-01 6.12695217e-02 3.62499356e-01
    1.11950040e-01 9.14120555e-01 7.37062573e-01 7.21635699e-01
    1.02825463e-01 3.82923156e-01 6.82163298e-01 6.15708888e-01
    7.55724251e-01 3.49672556e-01 5.25884628e-02 3.65742624e-01
    6.07260942e-01 2.92158544e-01 5.33782840e-02 1.11397415e-01
    7.63887823e-01 9.69283044e-01 8.34506750e-01 1.05663478e-01
    1.38935268e-01 8.06607962e-01 6.10403717e-02 8.57928574e-01
    1.60836250e-01 7.33765364e-01 6.76816761e-01 9.13596392e-01
    4.80686277e-01 3.65872979e-02 1.25556558e-01 1.59242660e-01
    9.36732888e-01 6.86282635e-01 5.02031088e-01 4.61144775e-01
    4.60442334e-01 9.72976685e-01 4.02013570e-01 2.23634899e-01
    2.40515232e-01 3.03858042e-01 6.86440289e-01 7.41555750e-01
    3.12338203e-01 8.77305865e-03 1.59838676e-01 9.92943048e-01
    1.60531878e-01 6.22681141e-01 2.33814776e-01 6.02507889e-01
    8.21361184e-01 3.17720771e-01 6.86566353e-01 5.65308034e-01
    8.62087548e-01 1.67887479e-01 4.37581778e-01 1.16212219e-01
    5.69432259e-01 7.47245014e-01 2.15360701e-01 3.04165542e-01
    9.94166672e-01 9.23921824e-01 1.32183254e-01 4.24995422e-01
    7.96899259e-01 2.02188641e-01 7.04881072e-01 9.94934440e-01
    3.46674681e-01 4.41680759e-01 8.67121816e-01 5.54137886e-01
    9.35994029e-01 6.07312620e-01 7.60241330e-01 2.31966078e-01
    5.35747170e-01 4.17807102e-02 6.10650361e-01 6.00160062e-02
    6.61399484e-01 7.05147028e-01 5.60433030e-01 4.22004789e-01
    1.48478478e-01 4.39316034e-01 6.22798204e-01 1.01134568e-01
    7.53132701e-02 9.59840894e-01 4.10124153e-01 9.24851179e-01
    8.01839650e-01 4.28534806e-01 9.29678559e-01 8.62713337e-01
    4.28591549e-01 1.93829149e-01 8.17798257e-01 4.21406984e-01
    4.40418720e-02 8.55084300e-01 3.48525763e-01 1.08927280e-01
    6.53675675e-01 8.38096619e-01 8.30071330e-01 4.90518153e-01
    6.96634948e-02 2.47893929e-02 7.29832530e-01 8.01467240e-01
    6.59170806e-01 8.00892651e-01 4.96410519e-01 7.26022422e-02
    2.49250799e-01 4.96619582e-01 7.71825552e-01 5.81772089e-01
    5.10985374e-01 4.09913272e-01 6.13296390e-01 5.25292337e-01
    1.21744573e-01 7.88999200e-01 6.99949622e-01 1.19848758e-01
    9.63917375e-01 4.65009511e-02 5.95138073e-02 1.01724148e-01
    4.71347213e-01 6.97150469e-01 5.86046875e-02 6.52063429e-01
    5.93777716e-01 7.49547124e-01 3.61774504e-01 5.03309369e-01
    3.71412933e-01 5.00798285e-01 3.37306976e-01 2.27531493e-01
    4.36601192e-01 7.91797578e-01 8.44449878e-01 8.11289072e-01
    3.39974284e-01 9.31178629e-02 2.47286081e-01 1.41980380e-01
    9.22235250e-01 5.63544810e-01 5.58970511e-01 7.12791026e-01
    8.91098738e-01 3.04990858e-01 9.60191488e-01 1.40780598e-01
    9.07634377e-01 5.42012632e-01 1.28318340e-01 1.54259980e-01
    3.75354290e-02 5.52060485e-01 3.86594802e-01 8.25304449e-01
    8.91180933e-02 2.46562421e-01 5.63880801e-02 3.69815797e-01
    2.49412537e-01 5.99675000e-01 7.65502453e-04 2.85076857e-01
    1.50483161e-01 9.14181113e-01 8.84829044e-01 1.24270082e-01
    5.59083402e-01 9.76743877e-01 2.39073098e-01 4.74934608e-01
    2.17123419e-01 4.36157823e-01 2.13758409e-01 2.20244914e-01
    6.77592158e-01 2.08474994e-01 7.44156778e-01 5.01917601e-01
    8.95713985e-01 3.70355517e-01 7.00995147e-01 5.56914449e-01
    2.91483372e-01 2.57966548e-01 7.80675113e-01 5.02602577e-01
    4.99581635e-01 1.68922126e-01 3.48838270e-01 9.70827997e-01
    4.14650232e-01 6.67197287e-01 3.76128107e-01 9.80071306e-01
    3.67967606e-01 4.13672388e-01 7.26775646e-01 7.55212784e-01
    6.38030052e-01 3.15866768e-02 9.05727208e-01 4.25011069e-01
    8.44814062e-01 5.60876310e-01 6.03902817e-01 1.99061036e-02
    4.99844193e-01 6.12030745e-01 3.64328146e-01 5.39451540e-02
    9.37563837e-01 9.90097404e-01 7.53735960e-01 9.85131025e-01
    6.37155533e-01 7.55868852e-01 5.45310140e-01 5.04572570e-01
    1.63905293e-01 5.66780269e-02 9.84660387e-02 5.53493977e-01
    6.75555944e-01 8.75050604e-01 8.48167598e-01 4.81359005e-01
    5.96205413e-01 2.03844488e-01 7.07686603e-01 3.41747701e-02
    4.71440315e-01 8.45513582e-01 8.62511635e-01 8.15163255e-01
    1.62143081e-01 7.65624642e-01 2.50810504e-01 4.01890218e-01
    4.37303364e-01 4.16938215e-01 2.59818554e-01 7.22094834e-01
    3.93994331e-01 5.97204328e-01 3.07462126e-01 2.91588426e-01
    3.29640627e-01 9.81057286e-01 8.67788315e-01 9.82283771e-01
    2.08285511e-01 8.13253462e-01 8.62254858e-01 2.81379163e-01
    4.35725957e-01 2.54285961e-01 7.07565308e-01 7.82355666e-01</data></test_img>
<my_img type_id="opencv-matrix">
  <rows>128</rows>
  <cols>256</cols>
  <dt>f</dt>
  <data>
    5.26484370e-01 2.31413782e-01 7.62396455e-01 1.66501880e-01
    -4.76198375e-01 6.33578897e-01 1.11297202e+00 5.54857910e-01
    -5.45626104e-01 5.10245681e-01 1.07970786e+00 -2.45897442e-01
    -5.70659935e-02 5.91275036e-01 -2.80277908e-01 4.17875707e-01
    -3.30784023e-01 1.20598316e+00 -2.51834422e-01 -2.00835258e-01
    1.12748170e+00 8.84051800e-01 2.93852746e-01 6.87355042e-01
    1.51132214e+00 6.61560953e-01 1.37640107e+00 6.93617940e-01
    8.25825751e-01 -3.10952663e-01 1.15564704e+00 6.78373396e-01
    8.08078051e-01 1.14582467e+00 1.49861455e-01 1.17219400e+00
    -4.35117006e-01 8.09948087e-01 4.56793368e-01 9.66983318e-01
    1.43753910e+00 1.48446631e+00 5.83045304e-01 -4.85424876e-01
    6.12104475e-01 6.80374980e-01 9.50831950e-01 -2.49490112e-01
    -3.83902639e-01 2.35709488e-01 1.04159188e+00 7.43711591e-01
    -1.97401404e-01 1.15975201e+00 1.13967621e+00 -3.25620174e-01
    6.03894889e-01 7.83579767e-01 1.28086448e+00 1.36708403e+00
    7.76422083e-01 1.04436135e+00 -1.69361204e-01 5.22139370e-01
    5.10361969e-01 -2.70630360e-01 -3.66681755e-01 7.92467952e-01
    2.49592662e-01 3.28744650e-02 -4.74670529e-02 3.74409556e-02
    1.37957978e+00 1.80186212e-01 1.51875317e-01 1.31293297e+00
    1.36328983e+00 -7.33400583e-02 4.39888477e-01 1.64442182e-01
    -5.31520367e-01 -4.61943269e-01 1.36931396e+00 -4.84475255e-01
    8.40273142e-01 1.05992913e+00 1.10995638e+00 1.44307542e+00
    1.35391700e+00 2.36446440e-01 4.68149483e-01 7.57238030e-01
    4.82456863e-01 1.06536579e+00 2.42210627e-02 1.02600408e+00
    7.95680821e-01 -4.23924148e-01 2.36173272e-02 -2.43118197e-01
    -1.44886523e-01 1.34906054e+00 5.53331554e-01 5.04694998e-01
    2.32852817e-01 1.52161992e+00 -4.41128075e-01 4.30787206e-02
    -3.26156318e-01 1.00824833e+00 1.21160591e+00 8.44918668e-01
    -3.99285853e-01 1.18765879e+00 1.46230698e+00 -3.19917500e-01
    2.75378942e-01 3.92659962e-01 1.04077816e-01 6.06288314e-01
    7.07786083e-01 8.72992992e-01 1.01775944e+00 1.42061734e+00
    1.11348462e+00 1.41674566e+00 8.10872018e-01 1.06444669e+00
    -4.23878789e-01 -5.40576518e-01 9.77754712e-01 8.78132343e-01
    9.66779828e-01 -1.02897942e-01 1.20266819e+00 6.77927077e-01
    7.59838164e-01 3.72347236e-02 -5.19484043e-01 7.76188672e-01
    7.78448880e-01 3.09398532e-01 6.25379741e-01 9.77094412e-01
    1.38460135e+00 -4.98802513e-01 1.42494774e+00 6.61025703e-01
    1.28217530e+00 -2.23449856e-01 5.26010334e-01 1.17631423e+00
    8.68949950e-01 -8.35720599e-02 1.09884119e+00 -1.37042999e-01
    -4.71947640e-01 -2.47098327e-01 -2.03294158e-02 1.18814516e+00
    -9.09805298e-02 1.22279167e+00 1.10090065e+00 1.53986156e+00
    1.70686245e-01 1.50634003e+00 -2.15128064e-02 -3.48577321e-01
    -2.59256959e-02 5.63901365e-01 8.55968416e-01 8.95085275e-01
    -1.93983525e-01 -3.15969408e-01 1.18055749e+00 5.96846223e-01
    9.39472139e-01 4.57696259e-01 -4.82091337e-01 1.39528871e+00
    -3.93050849e-01 1.39157963e+00 1.11860728e+00 1.37148666e+00
    1.38683248e+00 1.30731618e+00 -1.23784453e-01 8.28624129e-01
    -2.27975130e-01 -1.01047039e-01 1.20883512e+00 7.36711144e-01
    -3.58265162e-01 -2.87762970e-01 1.11115241e+00 4.50727403e-01
    -3.31590295e-01 1.27889609e+00 1.21178317e+00 1.72123849e-01
    8.84184539e-01 1.09827828e+00 -5.52745581e-01 8.28515828e-01
    -1.04104966e-01 1.38804018e+00 1.00582385e+00 5.89212179e-02
    3.02489817e-01 1.07704687e+00 -5.05476534e-01 -1.73883080e-01
    3.91363442e-01 8.88174832e-01 7.79284477e-01 4.86827135e-01
    5.98808706e-01 7.67036080e-01 1.46133542e+00 -5.45542538e-02
    3.65479171e-01 -1.11274451e-01 -4.23464626e-01 1.10749388e+00
    4.64462161e-01 1.33988547e+00 1.96400762e-01 1.50336039e+00
    6.78040087e-01 7.98814118e-01 3.60398054e-01 -1.31166488e-01
    9.66852248e-01 4.46614981e-01 1.34408391e+00 -2.13234574e-01
    4.50861871e-01 9.07159507e-01 1.41360629e+00 6.68380320e-01
    1.48588121e-01 8.08871508e-01 9.77135003e-01 7.47228503e-01
    1.02698326e+00 6.66210949e-01 1.08337331e+00 -8.17172825e-02
    7.52953470e-01 1.10054135e+00 3.73589635e-01 5.14194608e-01
    5.36826909e-01 -6.70287609e-02 3.62945497e-01 1.13286471e+00
    6.08548522e-02 1.31992841e+00 -4.42905098e-01 3.18183005e-01
    -2.42594361e-01 5.23213744e-02 9.65562105e-01 9.62476194e-01
    2.36925244e-01 -4.63896871e-01 1.49593544e+00 7.10660398e-01
    1.29643786e+00 6.56628907e-01 1.39493942e+00 -1.84790283e-01
    6.00334346e-01 9.82595265e-01 -2.03945488e-01 1.38502812e+00
    1.46050560e+00 1.30788457e+00 9.52618182e-01 3.75947833e-01
    -1.21470749e-01 5.25610447e-02 1.21773648e+00 -4.88913000e-01
    5.43770075e-01 -2.46167123e-01 4.91238356e-01 -3.74214649e-01
    -2.56490529e-01 -9.14521515e-02 4.88600731e-02 1.19220424e+00
    4.10213649e-01 8.01015377e-01 -3.31264138e-02 -4.52381909e-01
    4.34795678e-01 6.37803614e-01 -1.12891018e-01 4.18790996e-01
    -5.28851926e-01 1.23632503e+00 1.01188982e+00 1.12394691e-01
    -4.41140383e-01 7.42847502e-01 1.41641164e+00 -1.96020275e-01
    8.07275593e-01 1.42340183e+00 6.82356417e-01 -3.19145560e-01
    -3.39098454e-01 8.13520551e-01 1.54194438e+00 1.03797746e+00
    9.66534078e-01 4.48124766e-01 1.39600575e+00 -3.24100554e-01
    6.67132139e-01 5.30331433e-01 1.52280593e+00 9.79388356e-02
    -4.11110520e-02 1.05813515e+00 1.41798210e+00 2.49829769e-01
    6.19941056e-01 1.54161620e+00 1.32701755e+00 1.41666722e+00
    9.11814034e-01 8.48066270e-01 2.44895458e-01 1.00024271e+00
    3.69869769e-01 1.22479558e+00 1.29511404e+00 5.97622752e-01
    5.37392795e-01 2.99216509e-02 3.98031592e-01 -5.37761450e-02
    -1.34725720e-01 9.41467285e-02 1.34532571e+00 7.16133535e-01
    -2.39061862e-01 1.22806835e+00 -4.02475417e-01 1.42370343e+00
    1.46798849e+00 1.22148585e+00 7.96021700e-01 2.81929910e-01
    9.89342332e-01 4.31168616e-01 1.27354097e+00 -1.69671804e-01
    -1.66327059e-01 1.06204295e+00 1.11732411e+00 1.34813833e+00
    -4.46617365e-01 -2.92224497e-01 -4.75088686e-01 -4.50854033e-01
    1.06696546e+00 2.88484216e-01 1.14283681e+00 9.60895896e-01
    -2.39579171e-01 1.44047093e+00 7.24605381e-01 8.23456049e-02
    1.30000210e+00 -5.18508315e-01 1.23693681e+00 1.15953076e+00
    4.11339939e-01 1.17014360e+00 6.81254864e-01 3.22150588e-02
    1.39333391e+00 1.34591842e+00 1.03799033e+00 -2.35620916e-01
    8.77476513e-01 1.40813041e+00 4.52065051e-01 3.94639194e-01
    1.07235169e+00 7.04219580e-01 6.44301951e-01 -5.30895650e-01
    1.48243594e+00 -4.06194985e-01 6.14970744e-01 2.19505012e-01
    4.62147534e-01 1.69783413e-01 7.12701023e-01 4.35494006e-01
    1.03422165e+00 9.40409541e-01 4.76051271e-01 1.28178763e+00
    3.31555009e-01 8.70482445e-01 2.75569379e-01 -1.95136517e-01
    7.53032446e-01 -2.91438699e-02 7.05245197e-01 -1.16407454e-01
    3.34972739e-01 1.34428167e+00 5.94297886e-01 1.26857007e+00
    1.52838540e+00 -1.91835761e-01 -4.64773506e-01 1.16340065e+00
    8.39489400e-01 7.00964928e-02 4.74474430e-02 2.36908257e-01
    8.69597793e-02 2.22914219e-02 6.78730488e-01 -4.45396245e-01
    -5.60973942e-01 1.04550433e+00 5.67305744e-01 -3.12405229e-02
    1.48718417e+00 -5.05037248e-01 1.39825964e+00 1.00732064e+00
    8.91444802e-01 8.87664318e-01 1.38578892e+00 8.50915849e-01
    -1.02253258e-01 1.00144315e+00 -2.52445489e-01 1.34213483e+00
    7.28084326e-01 1.15637338e+00 1.55026674e+00 1.45968354e+00
    1.24553311e+00 6.80946708e-01 4.74049449e-02 -3.09183180e-01
    -3.84603173e-01 5.06722569e-01 1.09619546e+00 2.76654303e-01
    -3.70180309e-01 6.03978515e-01 -3.61131817e-01 1.26606846e+00
    1.08986473e+00 -5.02031207e-01 8.38062048e-01 4.69608068e-01
    -5.26372731e-01 -3.89258087e-01 -7.65922964e-02 -1.28762603e-01
    2.33557403e-01 -4.83130425e-01 7.95990109e-01 -2.97131360e-01
    1.42594647e+00 -2.72803903e-02 -3.69029254e-01 -1.91749066e-01
    -4.84669805e-02 -2.75868118e-01 5.34474134e-01 1.01385629e+00
    1.55008817e+00 5.61975598e-01 6.78825617e-01 3.00146043e-01
    1.10089481e+00 -1.95122838e-01 5.08872032e-01 4.17229533e-02
    2.59943485e-01 4.13948298e-01 7.10951805e-01 -1.17025644e-01
    1.40128374e-01 -5.41403055e-01 8.36052895e-01 1.32010245e+00
    2.27760196e-01 6.76361203e-01 3.60051811e-01 1.07304430e+00
    6.07193708e-01 1.41970515e-01 1.49877310e+00 1.47589684e+00
    7.64454961e-01 8.95840406e-01 4.50294018e-02 1.12140810e+00
    -3.40062976e-02 1.53145838e+00 -5.28852999e-01 3.63953769e-01
    1.52091563e-01 -7.31839538e-02 8.46396923e-01 8.73517334e-01
    1.19488657e+00 -1.30948842e-01 -5.02406418e-01 1.22150779e+00
    -3.25312614e-02 -2.86161304e-02 1.31780016e+00 -2.79002994e-01
    9.64760840e-01 -4.39900756e-01 -9.61078405e-02 1.49610317e+00
    3.59615266e-01 7.28444099e-01 6.26670539e-01 3.55883121e-01
    -3.09531540e-01 -2.82663256e-01 -4.42441463e-01 2.45217144e-01
    2.06543684e-01 5.72291315e-01 -4.11039919e-01 -4.99676049e-01
    1.43488240e+00 -4.94902849e-01 1.68267071e-01 1.94644511e-01
    1.48104680e+00 1.31177473e+00 1.29800606e+00 5.11635244e-01
    -1.82182848e-01 6.37050211e-01 8.79249334e-01 1.30248165e+00
    7.18935490e-01 2.00703084e-01 -5.42183220e-01 2.29444027e-01
    8.28970194e-01 -1.27390295e-01 -4.31523412e-01 9.43866551e-01
    3.63533735e-01 7.68544316e-01 -1.28725588e-01 1.25691891e+00
    4.87558186e-01 1.02362680e+00 7.67024279e-01 7.44330823e-01
    1.29891241e+00 3.81090462e-01 1.31017661e+00 1.13201451e+00
    -3.24234426e-01 2.09316313e-01 1.17972112e+00 3.87097836e-01
    -3.57513040e-01 6.71743035e-01 1.23645568e+00 1.44939685e+00
    5.64018190e-01 1.05027890e+00 1.30609417e+00 5.60784221e-01
    1.05255401e+00 3.50934505e-01 7.88963437e-02 1.20131814e+00
    1.97612464e-01 1.26309252e+00 -5.14365971e-01 4.82352436e-01
    3.97236228e-01 3.98856223e-01 1.17418647e+00 -3.26508343e-01
    -3.22687447e-01 -5.09862304e-02 3.94540012e-01 9.66270626e-01
    7.29542553e-01 5.17450988e-01 -4.39126343e-01 3.85144651e-01
    1.47642660e+00 1.28720188e+00 -1.60602838e-01 3.79978776e-01
    5.46655178e-01 5.57215810e-02 -3.75185907e-01 1.28439140e+00
    8.27550471e-01 -4.18867201e-01 5.96376300e-01 8.20255637e-01
    2.17461407e-01 8.83877337e-01 -4.50197160e-01 4.67939496e-01
    9.16527033e-01 3.71198058e-01 -8.43479037e-02 1.28913164e+00
    4.78711426e-01 1.25331450e+00 6.68789387e-01 6.90576613e-01
    3.04685473e-01 7.38020539e-02 1.47674298e+00 1.47600305e+00
    -2.41120160e-01 1.12699687e-01 1.38942003e+00 1.74730361e-01
    1.37300515e+00 -2.35454649e-01 -2.29810238e-01 4.73629534e-01
    1.21299648e+00 2.11507559e-01 3.35369766e-01 -5.46000600e-01
    -1.13206506e-01 -3.40025574e-01 1.34479690e+00 3.75100970e-01
    3.64320993e-01 4.93602455e-01 1.56552839e+00 6.41816199e-01
    -3.24093044e-01 8.24918568e-01 1.54963195e-01 -3.69069189e-01
    -5.63373029e-01 1.11383998e+00 -5.36436975e-01 1.40797114e+00
    1.06793725e+00 7.89065659e-01 5.02765000e-01 9.40825641e-01
    1.41822457e+00 8.03664923e-01 1.02662146e+00 1.79018974e-01
    4.61679399e-01 1.90481305e-01 -3.01679671e-01 1.12195992e+00
    -3.37834775e-01 1.59256279e-01 -5.18236697e-01 4.24158573e-03
    7.79071450e-02 2.06911564e-03 5.48839509e-01 9.66940105e-01
    1.27402425e+00 -4.92047071e-01 2.44456351e-01 1.02755475e+00
    9.73869979e-01 4.04097795e-01 4.54677522e-01 1.48366666e+00
    -5.75047731e-02 1.09079325e+00 9.81508315e-01 -3.92219067e-01
    2.31858194e-01 8.29450846e-01 -3.18062544e-01 -5.49583554e-01
    7.56272614e-01 -3.27976704e-01 8.53299022e-01 1.11943269e+00
    4.80651736e-01 9.47636425e-01 1.12096834e+00 -3.94766510e-01
    1.36950850e+00 7.77256727e-01 1.50720370e+00 -3.44470352e-01
    1.00317359e+00 -9.67825949e-02 2.07206964e-01 6.70305192e-01
    6.73319042e-01 -3.50929856e-01 1.27690792e+00 2.61858582e-01
    1.28310049e+00 3.87669444e-01 1.33713627e+00 -2.25799084e-02
    6.96977139e-01 1.48026609e+00 1.48771477e+00 2.89834321e-01
    1.14715266e+00 1.54468691e+00 1.05650926e+00 1.40662253e-01
    9.59082842e-01 -2.08524048e-01 -2.17169166e-01 9.49983001e-01
    3.29843283e-01 5.04503012e-01 1.08741224e+00 4.69217956e-01
    1.08673000e+00 -6.71143532e-02 -5.04269421e-01 -3.34007800e-01
    -5.16687036e-01 3.41955423e-01 1.47666383e+00 7.09887743e-01
    1.47570539e+00 -5.04715741e-01 1.04104614e+00 -8.55970979e-02
    6.78282261e-01 1.54302239e+00 1.43904591e+00 1.01590610e+00
    2.44073033e-01 -4.60915565e-01 -1.78225964e-01 -3.16909790e-01
    4.71844137e-01 8.32172394e-01 1.33594346e+00 2.86552429e-01
    9.40851569e-02 -7.25307465e-02 1.20194650e+00 1.20266640e+00
    -4.73375499e-01 1.25936687e-01 3.73416603e-01 -4.79145825e-01
    7.17892170e-01 3.05498600e-01 6.60578609e-02 1.33288050e+00
    3.93915415e-01 8.18073988e-01 9.80323374e-01 -9.16635096e-02
    -3.18563402e-01 1.10526514e+00 1.01525474e+00 -4.11486030e-02
    8.77851009e-01 1.18385017e-01 6.06583357e-01 7.00961530e-01
    4.86808002e-01 1.05522275e+00 5.64693213e-01 8.74884844e-01
    8.09642017e-01 1.14512968e+00 9.38552618e-02 9.97597635e-01
    1.44832754e+00 3.78959119e-01 4.68897820e-02 3.61362755e-01
    -4.05590683e-01 8.95781457e-01 5.20820081e-01 -1.25810474e-01
    7.29836583e-01 -3.39911163e-01 1.17649984e+00 2.94333220e-01
    1.30554211e+00 8.17902803e-01 1.07664990e+00 1.50137019e+00
    1.29552484e+00 -3.71168792e-01 1.35460377e+00 1.41158128e+00
    7.16265857e-01 9.28284943e-01 3.72416615e-01 2.38100171e-01
    1.25570059e+00 8.24300468e-01 8.11783969e-01 3.24385226e-01
    7.22034872e-01 -4.62833166e-01 4.46254432e-01 2.23064601e-01
    5.34515202e-01 -3.76204163e-01 3.84503305e-01 -8.69319737e-02
    -3.92921537e-01 8.10486078e-03 6.51659369e-02 1.27169251e+00
    6.33095384e-01 1.47519112e+00 1.44448066e+00 -7.69605637e-02
    1.11301351e+00 1.29622757e+00 -4.00252938e-01 1.11135817e+00
    3.38210106e-01 -3.73459280e-01 1.74383044e-01 6.46715164e-01
    -2.46133864e-01 1.50017810e+00 2.18670011e-01 -2.27984667e-01
    8.98888171e-01 -3.34628820e-02 6.44486547e-01 1.28492057e-01
    5.71032405e-01 3.30628753e-01 9.90669787e-01 -3.13633680e-02
    2.60652125e-01 -4.62860465e-02 4.99822438e-01 -1.97289735e-01
    -8.05742741e-02 7.45346725e-01 5.87223887e-01 -2.51161516e-01
    -3.64589989e-02 7.89926887e-01 -3.22193742e-01 5.58705568e-01
    -7.58729279e-02 1.21877670e-01 3.13873947e-01 1.08128989e+00
    -3.57837439e-01 4.10655200e-01 7.96302140e-01 1.27954865e+00
    1.15787518e+00 2.97920465e-01 6.76242054e-01 6.56826496e-01
    1.09366369e+00 -8.34407508e-02 -4.25017208e-01 -4.94813800e-01
    -4.34364587e-01 3.14072967e-01 -2.50172615e-02 1.47559738e+00
    6.04047298e-01 2.08033025e-01 7.55938828e-01 3.89428377e-01
    2.33104408e-01 -2.71448314e-01 7.40464926e-01 -5.16896248e-01
    1.13022280e+00 6.04512453e-01 3.76480460e-01 -1.39908522e-01
    -3.07513535e-01 6.13668561e-01 6.37461722e-01 1.14555240e+00
    1.11188293e+00 4.23348665e-01 1.45008063e+00 1.01738060e+00
    4.31048274e-02 2.30727196e-02 1.23832512e+00 -5.07698119e-01
    8.77026200e-01 9.57408547e-01 1.29475844e+00 9.34382915e-01
    1.29191709e+00 1.26740289e+00 6.67202175e-01 9.76647139e-02
    -1.79388285e-01 9.67430890e-01 9.36511576e-01 5.51640630e-01
    3.29754949e-02 5.68696916e-01 1.50555372e+00 1.52653527e+00
    2.48227000e-01 2.87298322e-01 1.04177177e-01 1.26019382e+00
    7.30703712e-01 1.51715708e+00 1.25633550e+00 6.48057163e-01
    1.10716522e-01 1.75970197e-02 4.11976516e-01 5.57134748e-01
    9.57296014e-01 1.96866155e-01 7.38578916e-01 -1.91364616e-01
    1.09750605e+00 -2.30182379e-01 9.09354746e-01 4.66273904e-01
    1.05518794e+00 -2.98699737e-02 8.25839758e-01 -6.14216924e-02
    3.93893123e-02 5.22289395e-01 1.44089055e+00 -2.98715860e-01
    1.17900562e+00 -1.11189067e-01 -3.43915224e-02 1.41503549e+00
    8.20376277e-02 -5.32983780e-01 1.53457630e+00 6.17308617e-01
    3.27101886e-01 -2.30832875e-01 -4.39556628e-01 -3.19918483e-01
    5.09778619e-01 7.81263530e-01 1.44758058e+00 1.36557317e+00
    -3.86916637e-01 3.43605101e-01 1.25961864e+00 1.25750184e+00
    -2.43021250e-02 8.83120894e-02 1.09187961e+00 1.26219058e+00
    4.39570785e-01 1.13038826e+00 -3.36660564e-01 -3.04792970e-01
    -3.06125343e-01 -3.41176987e-03 -1.13925248e-01 1.01031947e+00
    -1.81190968e-01 7.41882324e-01 4.18934107e-01 9.58110094e-02
    1.23198605e+00 1.43622637e+00 1.10228419e+00 1.53173268e+00
    3.92844558e-01 3.76484096e-01 1.18414164e+00 5.76888323e-01
    -4.93297577e-01 -4.20677066e-01 4.52443242e-01 1.39831245e-01
    2.42775679e-01 9.42598283e-01 2.34411955e-01 -3.54022741e-01
    1.02406490e+00 7.03456461e-01 -1.99654043e-01 -1.51457131e-01
    -5.08718669e-01 -3.46615314e-02 2.50015736e-01 -2.61546880e-01
    3.59418392e-02 7.39076376e-01 1.22068834e+00 1.16462088e+00
    1.13970220e-01 1.21090150e+00 -3.36461335e-01 6.32746220e-01
    -3.31700832e-01 9.67237890e-01 9.47942734e-02 7.57229328e-03
    7.54283726e-01 1.13339233e+00 1.14584589e+00 5.47662616e-01
    1.14230204e+00 8.76640558e-01 1.21905184e+00 1.04682279e+00
    3.24302673e-01 -4.79830116e-01 1.01035762e+00 7.87828267e-01
    1.31400251e+00 9.97436047e-03 9.50291753e-02 1.28290534e+00
    1.31727922e+00 1.00618458e+00 3.01103294e-01 2.59255171e-02
    4.55907762e-01 7.25017130e-01 6.09296918e-01 1.01572943e+00
    6.55189991e-01 -1.83713883e-01 -3.88299227e-01 5.67845583e-01
    1.40359592e+00 1.68847919e-01 1.67084754e-01 1.11570859e+00
    -4.47861522e-01 1.46135402e+00 1.54078627e+00 4.82597470e-01
    1.19207430e+00 -1.31612122e-01 -3.65126967e-01 9.68167663e-01
    -3.07945013e-02 3.07983160e-01 -2.32411236e-01 1.42893147e+00
    4.61353302e-01 -3.33868504e-01 4.26892698e-01 7.28541613e-03
    6.49818838e-01 -4.25238967e-01 8.96511614e-01 1.09218359e-01
    1.26870966e+00 9.11437333e-01 3.95782292e-01 -4.05824423e-01
    4.81127143e-01 -1.67318106e-01 -2.32480556e-01 4.10279632e-02
    1.08099794e+00 7.92866349e-01 1.37858272e+00 5.85217595e-01
    -2.81315982e-01 1.48480010e+00 9.45911229e-01 1.48121893e-01
    -3.44639808e-01 9.24523950e-01 1.10337925e+00 1.14546978e+00
    1.51533425e-01 4.94257212e-01 -3.78402531e-01 -5.49666762e-01
    -3.11144173e-01 -1.73621625e-01 2.39067078e-01 -3.86990994e-01
    -8.73884857e-02 1.55237389e+00 7.19792247e-01 4.21021223e-01
    -7.17419386e-03 3.95488441e-01 6.11867309e-02 2.18089759e-01
    8.05978000e-01 1.47488046e+00 -8.17210972e-02 3.62879634e-01
    4.20615673e-02 1.05132961e+00 1.29813409e+00 3.27266335e-01
    1.05727518e+00 9.85466838e-02 1.05101943e-01 -2.24820077e-02
    -2.42223918e-01 -2.87975371e-01 5.52555919e-02 -2.33656168e-03
    -2.96804607e-01 1.05764937e+00 -2.82959342e-01 1.24077976e+00
    -4.99968231e-02 -1.06947899e-01 3.26897979e-01 1.40095353e+00
    3.02024007e-01 6.04211688e-01 9.39829350e-02 -3.94061714e-01
    -2.27087140e-02 3.09992433e-02 1.18671703e+00 1.44320989e+00
    9.34878588e-01 4.82424557e-01 -1.05053097e-01 6.70842171e-01
    9.21103299e-01 -2.71584392e-02 -3.46518636e-01 7.24918842e-01
    -1.03492111e-01 1.96054757e-01 1.25398350e+00 -2.72936642e-01
    2.66890347e-01 1.14471364e+00 1.45947933e+00 2.71965802e-01
    1.00509596e+00 2.96494365e-02 1.51221538e+00 -1.02701455e-01
    8.72071445e-01 5.01564741e-02 6.23027265e-01 -3.23024869e-01
    1.40777433e+00 1.43828011e+00 4.90846634e-02 4.96677458e-01
    1.22576165e+00 1.32409930e-02 -3.97971809e-01 6.75777853e-01
    1.40762043e+00 7.37462282e-01 1.20441699e+00 1.54887676e+00
    -3.60744715e-01 1.13396573e+00 1.35815966e+00 9.38915789e-01
    8.25585663e-01 -3.93474221e-01 2.72650838e-01 1.41442037e+00
    1.19466007e+00 -4.44213122e-01 -8.33186209e-02 4.72432852e-01
    6.52720332e-01 1.40309691e+00 1.11415303e+00 2.67483354e-01
    6.93295419e-01 9.08478439e-01 1.48745680e+00 1.19446802e+00
    -5.25969267e-02 1.25882912e+00 2.24020422e-01 1.47944546e+00
    9.89186168e-01 4.06195283e-01 8.41427088e-01 -4.90925074e-01
    4.95896876e-01 -2.45518863e-01 4.00195122e-02 8.73842835e-01
    1.05562210e-02 2.49244690e-01 1.22757018e+00 1.21345997e+00
    7.68441558e-01 5.20023108e-02 8.74029994e-02 1.69278681e-01
    1.34385967e+00 -4.04285580e-01 3.15975308e-01 1.18024361e+00
    5.34381747e-01 1.05381012e+00 -1.22504324e-01 1.39716101e+00
    4.75976229e-01 4.22545671e-02 7.71523297e-01 -9.04768705e-03
    5.15345275e-01 3.64110470e-01 5.29444396e-01 5.60819805e-01
    1.45862818e-01 -3.18711877e-01 4.41148043e-01 -9.20129418e-02
    -8.50012302e-02 5.99867344e-01 6.70818508e-01 6.62612557e-01
    -3.86426687e-01 2.17309833e-01 1.07130241e+00 6.31586432e-01
    7.41804302e-01 5.27518272e-01 1.10312450e+00 7.48538792e-01
    1.07143366e+00 2.98331738e-01 1.30099344e+00 1.31174779e+00
    -1.41343892e-01 8.36598039e-01 1.06996012e+00 6.20211363e-02
    7.19211698e-01 -4.55286175e-01 4.37820137e-01 1.37535477e+00
    1.09820986e+00 -2.65867114e-02 -5.23426712e-01 1.25834334e+00
    1.39986849e+00 1.15096092e+00 3.48010600e-01 1.39273262e+00
    7.21085131e-01 -2.39639312e-01 1.34410429e+00 1.12097490e+00
    -3.05404335e-01 -1.56134129e-01 1.11110568e+00 1.28224254e-01
    1.05033588e+00 3.01251113e-01 9.08952713e-01 8.06271493e-01
    4.56834614e-01 -2.83309609e-01 1.23698294e+00 1.25031948e-01
    1.10579121e+00 -4.43895459e-02 1.31438065e+00 5.09097695e-01
    1.43273139e+00 -4.30452645e-01 1.42777538e+00 -4.05473143e-01
    -5.29181302e-01 -1.30156904e-01 1.01820230e+00 2.16171145e-02
    2.09197700e-01 5.29184878e-01 3.52052867e-01 7.37254322e-01
    1.42278266e+00 1.51526964e+00 -8.88041854e-02 6.53055489e-01
    -1.84923083e-01 9.89692271e-01 1.36087799e+00 1.24105191e+00
    8.22846949e-01 7.11167872e-01 -4.10798490e-01 6.25488877e-01
    2.74895430e-02 6.10878289e-01 1.55989289e+00 5.01581550e-01
    8.10288489e-01 8.81674707e-01 -4.48749065e-01 1.03140903e+00
    4.05714214e-01 5.65914154e-01 1.23969841e+00 1.00329161e+00
    7.81191945e-01 1.94230974e-01 1.12006807e+00 1.42743528e+00
    -2.08476931e-01 5.38642704e-01 6.75754905e-01 5.72612882e-02
    6.47378981e-01 -3.92905831e-01 3.40959728e-01 6.50593996e-01
    6.34360909e-02 -3.77228022e-01 -3.35488588e-01 6.20205581e-01
    7.98115611e-01 2.93734372e-01 2.73429036e-01 1.53451085e+00
    6.38877034e-01 2.62008011e-01 1.12746811e+00 3.94029438e-01
    -4.18675840e-01 6.24135375e-01 1.08023465e-01 1.52733839e+00
    9.84222651e-01 8.81137908e-01 9.55179811e-01 -4.89792407e-01
    1.27686226e+00 2.73341894e-01 1.08961499e+00 9.15109575e-01
    1.09312451e+00 -4.23637211e-01 1.49737000e-01 1.49846721e+00
    -1.99316680e-01 -7.30192661e-03 1.04435611e+00 1.32550621e+00
    1.07305646e+00 4.37114120e-01 5.00253022e-01 7.82139957e-01
    -3.10192645e-01 1.50580347e+00 -1.09866858e-01 7.48763978e-01
    -1.56253815e-01 -1.65092707e-01 8.73456538e-01 1.01651645e+00
    -4.53393340e-01 1.37039721e-01 -3.81482720e-01 1.18835163e+00
    1.47719646e+00 -2.64630347e-01 1.03228521e+00 -5.22948384e-01
    -3.25793147e-01 8.69756997e-01 4.60412025e-01 9.12103772e-01
    1.14600825e+00 7.51227379e-01 1.49752438e+00 1.20238304e+00
    1.41746652e+00 4.83478665e-01 7.10672498e-01 1.50218534e+00
    3.94236982e-01 -2.51750916e-01 2.90808380e-01 8.96012187e-02
    3.41877043e-01 3.08485746e-01 -4.75776076e-01 1.37255776e+00
    1.50402260e+00 1.52145910e+00 8.42295349e-01 1.10910237e+00
    3.86030138e-01 1.11209607e+00 2.69811034e-01 3.66997421e-01
    8.30022454e-01 1.39879584e+00 4.23347831e-01 3.57951880e-01
    1.21230602e+00 8.09320390e-01 7.89749742e-01 4.26908135e-01
    4.63454902e-01 1.03862476e+00 2.22919166e-01 5.68419755e-01
    1.05943751e+00 1.45550084e+00 -4.42336470e-01 1.27673328e+00
    1.24584436e+00 7.58173466e-01 1.16187620e+00 1.43850708e+00
    -3.88835639e-01 3.28068733e-01 9.21418548e-01 1.47488952e+00
    1.18703425e-01 7.55741477e-01 1.41769350e+00 3.69325995e-01
    1.48923707e+00 1.29531789e+00 -3.15788627e-01 1.02338004e+00
    1.40775180e+00 4.30705547e-02 1.17266059e+00 2.99512327e-01
    1.01716399e+00 1.40382051e-02 -4.02820349e-01 9.42343593e-01
    1.60285234e-02 4.03258979e-01 -1.86608285e-01 1.32016087e+00
    7.58961082e-01 1.90000236e-01 1.12080133e+00 2.97754049e-01
    1.49466610e+00 1.17373848e+00 1.36279702e+00 -1.84106290e-01
    3.10124457e-01 3.47543895e-01 1.53415537e+00 1.27486849e+00
    3.38159621e-01 1.48837304e+00 5.71439028e-01 5.14224112e-01
    -1.04153633e-01 -2.67562002e-01 5.13549149e-01 -1.77409917e-01
    -3.33936185e-01 5.57163894e-01 1.28760815e+00 5.76762676e-01
    -2.11851299e-01 9.79218125e-01 -4.41222608e-01 9.67856050e-01
    -5.04517436e-01 -2.18278170e-03 -3.34718078e-01 -4.85736132e-02
    1.07626271e+00 -4.98505890e-01 -3.57350230e-01 -1.02281272e-01
    -2.78468728e-02 1.34093428e+00 1.10249138e+00 -5.10702133e-01
    7.86452115e-01 7.77924120e-01 -3.38868976e-01 6.78847373e-01
    1.10487342e-01 5.83450556e-01 7.99120545e-01 2.80540705e-01
    1.05994129e+00 5.47382295e-01 5.35403788e-01 -1.71952218e-01
    -2.72325277e-02 1.03386390e+00 2.27284133e-01 -4.25884426e-01
    7.28533864e-02 7.89128780e-01 -3.63995433e-01 2.51440942e-01
    4.89457607e-01 1.01779974e+00 1.16195977e+00 5.10288954e-01
    1.10954463e+00 -4.09433424e-01 2.56544352e-02 5.44284701e-01
    -5.08812964e-01 1.14478159e+00 1.85816109e-01 3.28759193e-01
    4.96422410e-01 -2.13997900e-01 -2.16198534e-01 -4.11185265e-01
    1.53458142e+00 -3.02810758e-01 4.83992875e-01 7.62055516e-02
    9.19466376e-01 6.08376741e-01 8.80949378e-01 8.44632268e-01
    9.53716338e-01 -5.04873514e-01 4.08010006e-01 -1.18747503e-01
    4.68653142e-01 8.97542834e-02 5.09687662e-02 -3.98455232e-01
    1.08340657e+00 1.02072668e+00 2.39833415e-01 4.34649467e-01
    -3.58366966e-03 -3.24578732e-01 9.72829700e-01 -4.70324516e-01
    1.49307692e+00 8.16821873e-01 -2.26487249e-01 9.06509042e-01
    1.51720333e+00 -1.33857906e-01 9.80705798e-01 9.99060929e-01
    1.50502431e+00 -2.46295303e-01 -4.58196998e-01 -4.19253558e-01
    1.34232330e+00 1.30266058e+00 6.26685560e-01 1.08109057e-01
    -5.40933788e-01 -1.45318508e-01 1.40078783e+00 7.37983167e-01
    6.38717413e-03 4.60262597e-01 -4.49712038e-01 1.17788768e+00
    -2.86452681e-01 -3.71914506e-01 1.25452828e+00 1.81323707e-01
    2.37354457e-01 5.65711737e-01 1.52916873e+00 1.19331133e+00
    8.73773992e-01 1.53540921e+00 1.30006731e+00 7.01598942e-01
    2.91261256e-01 -7.28831291e-02 -2.43156612e-01 1.48040271e+00
    4.41755712e-01 1.18469107e+00 -2.58572578e-01 -4.99828994e-01
    4.43080068e-01 1.41384530e+00 1.29249072e+00 1.19646966e+00
    1.40476513e+00 1.47688115e+00 8.79626095e-01 1.51320076e+00
    1.17305541e+00 1.15255117e-02 1.36192977e+00 1.26387358e+00
    1.43695486e+00 9.79547381e-01 -3.99201512e-01 1.17798829e+00
    2.64705777e-01 5.20518720e-01 -4.11479473e-02 5.13103664e-01
    1.21791279e+00 7.27224410e-01 1.27135110e+00 1.46884692e+00
    -1.50965452e-01 1.35655546e+00 1.57747388e+00 -5.50574064e-02
    2.94112206e-01 6.66676581e-01 1.19223475e+00 -4.33442831e-01
    1.54227853e+00 1.03538299e+00 1.20439029e+00 3.35076451e-01
    9.39704001e-01 5.82645357e-01 1.53098369e+00 1.51853418e+00
    1.26179242e+00 -3.65467548e-01 1.39547455e+00 7.84289300e-01
    -1.27544999e-02 5.89835048e-02 -3.28993350e-01 1.15132630e-01
    -4.08128679e-01 3.44882786e-01 4.02723670e-01 1.15384769e+00
    6.10377967e-01 -9.02179778e-02 2.30507851e-02 6.77850544e-01
    6.53394222e-01 5.60891390e-01 1.47771382e+00 1.54588985e+00
    -3.68886173e-01 -1.78491741e-01 2.90762365e-01 -5.48092961e-01
    6.05930924e-01 -6.90255761e-02 1.07933879e+00 -4.89716291e-01
    6.42873585e-01 -6.50566220e-02 2.14241445e-01 1.31607497e+00
    6.15778685e-01 8.37878406e-01 -5.36893129e-01 -4.20606107e-01
    2.58305311e-01 -1.82285547e-01 5.74102402e-01 -5.58142781e-01
    3.18985283e-01 5.82520068e-01 1.11597168e+00 5.12699842e-01
    1.18610752e+00 1.86470866e-01 4.82699931e-01 1.08176231e+00
    -4.05792534e-01 3.22373152e-01 2.22458541e-01 1.11475110e+00
    9.75613654e-01 5.84500849e-01 -8.70535970e-02 -1.05372429e-01
    8.30211401e-01 1.29092932e+00 7.73812413e-01 1.16498125e+00
    2.28400826e-02 1.51417375e-01 -3.99178267e-03 8.37900341e-01
    1.80450976e-01 1.44114161e+00 -2.48578191e-02 7.24833012e-02
    -2.27033347e-01 1.34717572e+00 6.92156672e-01 5.99100173e-01
    9.42958474e-01 1.40959644e+00 1.35081983e+00 -2.32745409e-01
    4.40564752e-01 8.75963688e-01 -5.08693457e-01 -3.59070480e-01
    -3.46915305e-01 -1.85050368e-02 -3.66097450e-01 8.68029714e-01
    2.22235918e-03 1.27346039e-01 -4.89678383e-02 1.01666665e+00
    -2.30514407e-01 6.42082989e-01 7.95926750e-01 9.14796531e-01
    -2.85290509e-01 -2.71908045e-02 1.85331404e-01 2.10266232e-01
    8.60167980e-01 3.07036519e-01 1.52504778e+00 1.26972604e+00
    -2.01823622e-01 1.57626724e+00 -2.91862339e-01 -3.82965803e-01
    1.12521791e+00 -1.14658952e-01 6.05232120e-02 1.12517715e+00
    9.70414817e-01 9.32025492e-01 6.22331858e-01 4.08364236e-01
    -3.37085932e-01 1.20559549e+00 1.50713718e+00 1.34390831e+00
    -2.29359657e-01 7.43042350e-01 -3.72991264e-01 -5.32139003e-01
    5.45375705e-01 2.68551767e-01 7.18815386e-01 -4.21506286e-01
    7.55105376e-01 5.34510851e-01 9.51939940e-01 -4.81423736e-02
    1.24242854e+00 1.36895061e+00 1.44515920e+00 1.20531094e+00
    3.56893182e-01 1.23894656e+00 -3.10332477e-01 -1.18072331e-01
    9.40845191e-01 1.25993657e+00 1.17582071e+00 1.28688240e+00
    3.92227352e-01 8.90670300e-01 -4.46462065e-01 4.33320761e-01
    -4.58523035e-01 -4.20953333e-01 5.57522178e-01 -2.76975304e-01
    1.48947775e+00 1.05375075e+00 1.51458156e+00 3.88754487e-01
    -3.56815398e-01 1.68573260e-02 -5.06813049e-01 1.76272571e-01
    2.90246248e-01 1.42888832e+00 -9.04053450e-03 2.24308193e-01
    1.00318801e+00 1.31472671e+00 1.31418586e-01 5.93027592e-01
    -7.81094730e-02 -1.62825108e-01 -1.22683614e-01 -2.57406235e-02
    8.28679800e-02 7.82563448e-01 1.28355145e+00 6.42383516e-01
    1.35062718e+00 8.71511340e-01 3.95922065e-02 9.79341924e-01
    1.35017586e+00 1.21639705e+00 2.13726223e-01 1.17838383e+00
    -3.30244035e-01 6.58906758e-01 4.54733849e-01 6.81818068e-01
    4.08649504e-01 8.67565811e-01 1.48458290e+00 1.13706589e+00
    4.98057425e-01 1.31770134e+00 -5.49811542e-01 1.13114762e+00
    3.95279408e-01 -5.62004626e-01 4.99476135e-01 3.35937083e-01
    -1.44938231e-02 7.89704025e-01 -3.31740975e-02 1.46309721e+00
    -8.56338143e-02 1.77925885e-01 5.53144753e-01 1.10544825e+00
    8.37956369e-01 3.63031030e-02 1.18336105e+00 -2.57593662e-01
    -3.82846057e-01 1.19263542e+00 4.83462334e-01 -4.02104139e-01
    -9.82656181e-02 1.50771117e+00 2.79441059e-01 2.02566326e-01
    8.75019193e-01 -3.50905657e-02 8.18109751e-01 -1.74381703e-01
    1.41331053e+00 9.83390808e-02 3.46650481e-02 5.33851802e-01
    -3.56000453e-01 7.72948086e-01 1.41425550e-01 8.26065421e-01
    -5.06992817e-01 9.87725079e-01 -1.96066976e-01 -2.56932437e-01
    1.11926544e+00 -2.14658439e-01 1.42361665e+00 6.18256748e-01
    1.03125572e-02 1.15887618e+00 -2.00036079e-01 -2.82659471e-01
    -7.93075562e-03 -2.96096206e-01 -3.49877685e-01 -3.74400765e-01
    7.33178675e-01 -2.41957426e-01 1.47250438e+00 5.93876839e-02
    7.18477786e-01 -3.26804966e-01 2.81946182e-01 6.66691661e-01
    9.23171163e-01 8.21620643e-01 7.46858001e-01 1.31387615e+00
    4.33010161e-01 -1.17844343e-02 1.47520971e+00 -5.47024488e-01
    4.98886526e-01 1.37744355e+00 8.01597834e-01 1.47308111e-01
    1.95944071e-01 2.61160910e-01 6.59625471e-01 -5.38318098e-01
    1.21202993e+00 2.16082335e-02 1.52981949e+00 3.23069036e-01
    3.53147984e-02 1.10948920e+00 -4.17718053e-01 7.70276189e-02
    -1.74426556e-01 -1.31491065e-01 -1.82895809e-01 7.88012087e-01
    1.35290170e+00 2.57795811e-01 1.15801787e+00 1.05723166e+00
    -5.29686809e-01 -5.20693958e-01 1.38617218e+00 1.20051384e+00
    1.51253343e+00 -2.02522963e-01 1.48387504e+00 1.76449239e-01
    7.97829092e-01 8.01580131e-01 -4.93071496e-01 -3.57712179e-01
    7.82065988e-01 5.66644549e-01 1.37983310e+00 9.31409776e-01
    -2.59631276e-02 1.20025861e+00 8.50175023e-02 -4.60477114e-01
    2.81656325e-01 6.24507368e-01 1.28025138e+00 -8.58865380e-02
    1.12390578e-01 -3.72140646e-01 7.81618655e-01 1.29015696e+00
    4.50216711e-01 5.54830253e-01 3.61011088e-01 6.02379560e-01
    -7.79394805e-02 -3.89342248e-01 1.48864686e-01 1.26568258e-01
    1.05039012e+00 1.32397485e+00 -1.73588991e-02 2.23635375e-01
    1.37789083e+00 3.81775558e-01 -2.03814924e-01 5.49561977e-02
    -2.31650472e-01 -2.12725133e-01 -1.22307241e-01 1.40521407e+00
    3.23429286e-01 -2.37282813e-01 2.96678603e-01 1.36252487e+00
    4.85917211e-01 1.57618105e-01 1.51168966e+00 4.89774466e-01
    1.17064011e+00 8.11639667e-01 7.01037467e-01 8.09026122e-01
    -4.49676305e-01 -9.89480019e-02 6.77516818e-01 3.28814983e-01
    1.52277648e-01 1.00741923e+00 -8.11615884e-02 6.16757035e-01
    7.46237397e-01 -4.34547186e-01 1.54107904e+00 2.79735625e-01
    1.14504409e+00 1.20596981e+00 5.11539876e-01 1.12164712e+00
    1.71902597e-01 -4.54160452e-01 6.16252363e-01 1.20389748e+00
    4.39983428e-01 5.84363818e-01 3.00765395e-01 -2.81767845e-02
    1.48363733e+00 1.26431572e+00 2.95066476e-01 1.14063084e-01
    4.58143473e-01 -3.14319730e-01 8.47664237e-01 8.32026899e-01
    3.93718123e-01 -2.82781005e-01 -4.78826582e-01 1.34217978e+00
    -3.89058739e-01 1.34481382e+00 -4.59932983e-01 5.25772691e-01
    6.88105166e-01 3.16875994e-01 2.47724056e-01 -3.58221531e-01
    1.42232060e+00 7.83141851e-01 1.10295892e+00 1.19432807e+00
    5.84273398e-01 1.27037454e+00 7.42738426e-01 4.86034274e-01
    2.54745305e-01 9.80458796e-01 1.19865608e+00 -3.17257494e-01
    7.00499535e-01 1.23732519e+00 7.09554791e-01 4.87588167e-01
    1.21501374e+00 5.29167056e-02 3.60659599e-01 1.16958785e+00
    -4.22216058e-01 8.46056342e-02 1.76930428e-01 7.46722519e-01
    -2.39408076e-01 -5.31398654e-01 7.63033032e-01 4.96078134e-01
    -1.58883154e-01 -2.03529537e-01 -5.18284559e-01 5.59706390e-01
    1.22395396e+00 1.28679883e+00 2.58396804e-01 1.05414581e+00
    3.14989090e-02 1.22518539e-02 8.33013713e-01 -1.19328886e-01
    8.28118265e-01 4.44043040e-01 -5.89730740e-02 -5.19017696e-01
    -4.70711857e-01 3.43599856e-01 -2.37973422e-01 2.03757465e-01
    8.96189809e-02 -2.66598016e-01 -5.02003849e-01 -1.42244756e-01
    -2.22820640e-02 6.15661144e-01 -8.67645741e-02 -3.39058101e-01
    8.08133006e-01 2.13484228e-01 7.35526562e-01 1.35101223e+00
    -1.81359529e-01 1.32770932e+00 -3.76957059e-02 1.05015302e+00
    5.53126156e-01 1.21298683e+00 1.24682641e+00 -3.59755754e-02
    8.38521421e-01 1.10915101e+00 3.26989532e-01 1.15330267e+00
    9.42201138e-01 -4.31269288e-01 -4.09750819e-01 1.14972246e+00
    3.52085829e-02 -2.07508773e-01 -2.80361205e-01 1.37461424e+00
    7.33143985e-01 1.39830971e+00 1.53341746e+00 1.49396801e+00
    1.54592180e+00 5.12171626e-01 5.81454992e-01 4.58015084e-01
    -2.17380941e-01 6.95441723e-01 1.23848319e+00 -2.84661502e-01
    3.00043643e-01 -2.13396549e-02 1.33601975e+00 2.98121393e-01
    1.09919345e+00 -7.55548477e-04 5.78596652e-01 2.29817927e-01
    1.39602101e+00 -1.75650239e-01 -3.40884566e-01 1.21423471e+00
    4.48958695e-01 1.26384139e+00 2.20857203e-01 2.37933457e-01
    -1.49540752e-01 2.12200642e-01 -1.25421852e-01 -2.12139368e-01
    1.14917111e+00 -4.14930463e-01 -4.46798563e-01 1.30524135e+00
    5.07640243e-01 6.78351581e-01 9.70351100e-02 8.63488257e-01
    -2.49383479e-01 -5.72681427e-04 -5.01907289e-01 9.34013486e-01
    1.44105744e+00 -6.26060963e-02 4.00043011e-01 8.96144509e-01
    9.67052162e-01 1.49055421e-01 1.28229296e+00 -2.38655567e-01
    9.67881680e-01 1.31673682e+00 4.27458882e-01 2.90904880e-01
    1.31343055e+00 1.54762685e-01 3.13759923e-01 -6.15238547e-02
    1.54828906e-01 2.37819672e-01 7.34041333e-01 -3.30260485e-01
    1.33202589e+00 8.67020726e-01 1.26969767e+00 1.34740567e+00
    -2.37967283e-01 6.05891883e-01 1.30813718e+00 -4.55006361e-02
    1.04743791e+00 -4.00667965e-01 -1.89636052e-01 7.27093995e-01
    2.98942804e-01 6.63608015e-01 1.08647084e+00 8.30552876e-01
    4.29482102e-01 1.06081891e+00 1.32385707e+00 4.79306817e-01
    -2.45717376e-01 -3.91381830e-01 -1.20962232e-01 -1.14836365e-01
    -3.13767433e-01 -3.75143379e-01 6.39686942e-01 -2.93438017e-01
    1.30067253e+00 1.57447457e-01 1.99144363e-01 1.42645478e+00
    1.52268374e+00 1.48354936e+00 -5.65470278e-01 6.61344171e-01
    1.42733240e+00 1.30418897e-01 2.59222150e-01 -3.67017865e-01
    1.31147099e+00 6.37929857e-01 1.31602097e+00 -1.15968615e-01
    7.11327910e-01 1.38862419e+00 1.08820033e+00 6.40521169e-01
    -2.52233148e-02 -4.07249600e-01 8.68620992e-01 7.49180317e-01
    5.67766249e-01 1.40384412e+00 1.06669164e+00 5.32435775e-01
    -3.73279393e-01 1.96014822e-01 5.88656008e-01 -1.67196900e-01
    -3.92801940e-01 2.25875497e-01 4.41238821e-01 -2.27674782e-01
    1.12046242e+00 1.23513055e+00 -3.64174962e-01 -4.18004394e-01
    2.97114849e-01 -1.19143724e-01 2.26285636e-01 5.67586720e-01
    4.78524685e-01 1.28871489e+00 6.27383053e-01 -1.94398165e-02
    2.56522894e-02 -2.75541544e-01 1.48655236e-01 9.97052908e-01
    1.57871723e+00 -1.52680337e-01 -4.68212694e-01 1.19563723e+00
    2.30803370e-01 8.39646578e-01 -5.13274372e-01 1.19166923e+00
    7.68123448e-01 6.59575403e-01 -4.66536164e-01 1.26441669e+00
    3.15262020e-01 -1.23049617e-01 6.69325590e-01 4.04792070e-01
    6.17408693e-01 7.58584857e-01 -4.43663716e-01 -5.43430448e-01
    6.94393218e-01 3.87418270e-01 4.93900836e-01 -1.63235307e-01
    -6.97972775e-02 1.15241218e+00 -1.46373510e-02 9.48389232e-01
    1.55053616e-01 1.20852971e+00 1.16073525e+00 -4.32012677e-01
    8.61049175e-01 3.74212861e-01 -1.97327256e-01 8.62139583e-01
    1.40715194e+00 4.68732893e-01 9.22203958e-01 1.22413254e+00
    1.31515348e+00 -2.83401519e-01 6.29772484e-01 7.13580966e-01
    3.17299008e-01 1.48651040e+00 1.24688792e+00 -1.55821532e-01
    1.16946685e+00 1.17730284e+00 8.52321029e-01 9.88853455e-01
    3.77250731e-01 5.06991267e-01 1.70665979e-01 5.69424212e-01
    6.60587788e-01 -2.01667309e-01 7.36828387e-01 1.54930878e+00
    -3.47201884e-01 3.84389877e-01 -5.06836414e-01 7.78708041e-01
    8.89886260e-01 4.07214522e-01 -1.73869997e-01 9.06950891e-01
    4.35000002e-01 7.01642096e-01 1.13822579e+00 -1.05952948e-01
    5.32717347e-01 2.67499983e-01 -3.33723247e-01 4.16421294e-02
    1.45910931e+00 7.41089463e-01 2.00177491e-01 4.13519681e-01
    -4.67244029e-01 9.83297825e-01 -9.18598771e-02 8.64100456e-03
    -3.05662096e-01 5.75357139e-01 4.14980292e-01 1.04565883e+00
    2.42072105e-01 -5.01877367e-01 -4.64389712e-01 1.03457022e+00
    1.39008462e+00 -3.77708972e-01 1.09917283e+00 -1.99912161e-01
    1.78663909e-01 1.33346796e-01 -6.59483373e-02 -3.21143687e-01
    -3.14208984e-01 1.39985764e+00 1.22721756e+00 1.34808016e+00
    6.05100095e-01 -2.03331023e-01 1.41595197e+00 4.43156958e-02
    1.01915491e+00 9.07743692e-01 5.04825771e-01 1.02625954e+00
    -3.76828969e-01 -5.31399906e-01 -9.19840634e-02 1.21609306e+00
    -4.02026772e-02 3.88752520e-01 3.53103399e-01 5.10159492e-01
    7.25719154e-01 3.32163751e-01 4.08454478e-01 7.24172473e-01
    5.85235000e-01 -3.50112915e-01 3.51939499e-01 3.65833402e-01
    1.32650292e+00 -2.20205784e-02 8.82148445e-01 1.52006269e+00
    1.54172659e+00 1.59098446e-01 -6.87915087e-02 1.57721806e+00
    1.51668334e+00 7.63805985e-01 5.44843078e-01 6.56145275e-01
    1.86784327e-01 4.21029449e-01 -2.64816910e-01 1.05970538e+00
    1.42804217e+00 3.21854889e-01 5.59047580e-01 7.86433399e-01
    -2.08090723e-01 -1.58653289e-01 3.33453536e-01 1.21257246e-01
    1.06419802e+00 -5.33554733e-01 2.86437988e-01 7.20348895e-01
    6.94428563e-01 -2.63797939e-01 -1.13311470e-01 1.09547710e+00
    1.07277977e+00 1.06808603e+00 -4.75154102e-01 1.01022363e+00
    8.76991212e-01 9.01949406e-03 -1.46226823e-01 5.23466170e-01
    1.41421700e+00 -5.27148187e-01 -2.15518504e-01 1.21168613e-01
    -1.85729682e-01 -3.01182210e-01 -3.19748402e-01 -1.26786649e-01
    7.47675002e-01 3.94244552e-01 5.03247380e-02 -1.12917364e-01
    -1.17177755e-01 1.24050522e+00 -4.02191341e-01 6.09410822e-01
    3.23387563e-01 1.30380213e-01 -1.07289881e-01 7.93426156e-01
    1.49305344e+00 1.39334059e+00 -4.72451061e-01 1.33659601e+00
    -3.56657982e-01 -3.75476301e-01 -3.78420591e-01 -3.88494134e-01
    -5.64599872e-01 9.67319608e-01 9.89138961e-01 -5.61966658e-01
    1.29045606e+00 8.05052042e-01 7.93082356e-01 1.00813746e+00
    8.71045828e-01 1.12067795e+00 1.52746832e+00 1.26725626e+00
    -2.28601605e-01 -2.98945338e-01 1.11340725e+00 -6.98164701e-02
    1.20298409e+00 6.55176759e-01 1.11271977e-01 2.21757889e-02
    -3.24184597e-01 1.55546832e+00 -3.83124232e-01 5.54398954e-01
    -5.01548350e-01 1.16419101e+00 -1.09274507e-01 3.74727070e-01
    2.78886199e-01 1.09447265e+00 1.08612537e+00 8.02124739e-02
    3.68605256e-01 1.53947425e+00 1.22058082e+00 3.25302720e-01
    1.06780958e+00 1.43004358e+00 -2.60490924e-01 7.26943135e-01
    2.42754340e-01 -3.10826033e-01 -2.78667182e-01 1.20631194e+00
    -1.71893537e-01 9.28285241e-01 4.00783241e-01 8.21364045e-01
    1.04086757e+00 1.20332658e-01 1.21674728e+00 1.08884621e+00
    4.10816550e-01 -1.38231784e-01 1.44910431e+00 1.03974152e+00
    8.93617630e-01 4.82007265e-02 8.80230367e-01 4.28309262e-01
    1.44150090e+00 -1.69402689e-01 -4.24220562e-01 -7.26821125e-02
    6.84417725e-01 6.65328801e-01 5.02901256e-01 8.04405928e-01
    5.86886942e-01 6.53463662e-01 3.24501991e-01 2.41271079e-01
    1.11476707e+00 7.80290425e-01 9.80174482e-01 1.25828159e+00
    -4.50599194e-02 1.42697334e+00 -2.30900168e-01 7.35669672e-01
    -2.48030663e-01 4.89993691e-01 1.06506348e+00 1.26885378e+00
    1.34771323e+00 3.56042027e-01 1.03001142e+00 -4.67778563e-01
    -4.83921766e-02 1.36889672e+00 9.64566052e-01 -1.57127440e-01
    1.04327369e+00 1.52529407e+00 1.52726912e+00 -2.76886135e-01
    1.47490335e+00 -1.21237099e-01 -5.00062406e-01 -4.50818330e-01
    -1.10829562e-01 1.07422805e+00 1.40847540e+00 3.03611577e-01
    7.54933774e-01 9.26711023e-01 -7.42080212e-02 9.88635659e-01
    1.46700668e+00 1.30738342e+00 1.47067356e+00 1.37996411e+00
    1.21685791e+00 1.38928676e+00 -3.09147835e-02 -5.94184399e-02
    -8.82160068e-02 1.01719034e+00 1.08192658e+00 -1.38710111e-01
    1.41690493e+00 -4.77809459e-01 1.42122912e+00 -8.83729756e-02
    7.77915716e-01 -3.92148137e-01 3.74219656e-01 2.10755765e-01
    6.50738537e-01 6.27244115e-01 7.80964136e-01 1.09990764e+00
    9.32763219e-01 1.53504539e+00 4.82384503e-01 -2.00283945e-01
    -1.34372652e-01 -5.20377934e-01 6.04977489e-01 1.92669511e-01
    -3.63809913e-01 -1.83824509e-01 -7.58076906e-02 1.05606735e+00
    8.75224590e-01 4.41123366e-01 1.46946549e-01 1.01888967e+00
    1.55858946e+00 1.38112152e+00 -5.32216489e-01 2.35841751e-01
    4.21210408e-01 9.09073949e-02 1.10322189e+00 1.87108755e-01
    1.19977045e+00 9.07085478e-01 1.07516444e+00 4.83908534e-01
    1.32068491e+00 6.33534610e-01 1.36966324e+00 -5.28325200e-01
    8.52083743e-01 1.26773763e+00 -4.22565728e-01 -1.22838020e-02
    -3.04612517e-02 1.40599251e-01 7.53797829e-01 2.78555453e-01
    5.95531821e-01 1.01759017e-01 1.36964786e+00 -1.59199178e-01
    1.33397639e+00 7.08940625e-02 -4.40880656e-02 1.00138807e+00
    -1.62836105e-01 1.38471401e+00 1.53373718e+00 6.10581815e-01
    4.02443409e-02 9.99667704e-01 5.74440956e-02 7.07649648e-01
    -3.21522951e-01 3.36707175e-01 1.02456081e+00 9.30735409e-01
    3.45522463e-01 8.15334618e-01 2.87051797e-01 9.59893405e-01
    1.51952684e-01 -1.62324190e-01 5.66674471e-02 2.37654388e-01
    1.19468713e+00 7.63811767e-01 1.06525517e+00 8.00136268e-01
    -4.19897139e-02 6.61634684e-01 1.22227848e-01 1.87399089e-01
    1.52854288e+00 6.14725649e-01 7.85645962e-01 1.95361257e-01
    1.48806977e+00 1.27075863e+00 1.08942509e+00 -2.62331963e-01
    1.42599201e+00 4.89232302e-01 5.97980618e-02 1.15048909e+00
    1.35420680e+00 6.95623517e-01 4.88221526e-01 -3.83080423e-01
    1.47918701e-01 8.42330456e-02 4.17524517e-01 8.94348919e-01
    -1.98486835e-01 1.34423971e+00 1.51671696e+00 3.85162592e-01
    7.55620718e-01 -2.88472623e-01 1.46060693e+00 1.28527808e+00
    8.41689348e-01 1.00740957e+00 5.05439341e-01 -2.77065247e-01
    1.38198876e+00 4.68706071e-01 -3.97985339e-01 5.20590246e-01
    -1.80399656e-01 -3.51396799e-01 -2.74545550e-02 4.75521743e-01
    8.41927290e-01 1.06168556e+00 6.14196956e-01 7.53753006e-01
    1.54570770e+00 -1.10968560e-01 -5.06809115e-01 8.21647882e-01
    1.00497532e+00 1.23620915e+00 7.02308416e-02 3.93471241e-01
    -1.54141158e-01 3.65588665e-01 7.55741537e-01 3.08656096e-01
    9.94809389e-01 7.03294873e-02 -4.47686851e-01 5.07089496e-01
    4.47838366e-01 1.07454896e+00 3.45389783e-01 3.60436082e-01
    1.10801435e+00 5.69331706e-01 4.14012909e-01 8.03853333e-01
    3.80921304e-01 -1.95949763e-01 1.47967005e+00 1.28648996e+00
    1.93308473e-01 1.04075098e+00 6.92976713e-02 6.00890517e-02
    2.89015949e-01 2.97863901e-01 1.32194221e-01 -4.86296743e-01
    5.03438711e-03 -2.20524281e-01 -4.47573245e-01 -2.63745487e-02
    -1.09252840e-01 9.43657279e-01 -1.73347235e-01 -3.56459618e-02
    7.73309946e-01 1.47649837e+00 3.42378199e-01 5.96466720e-01
    7.84809291e-01 6.32694900e-01 -4.92854178e-01 1.16523719e+00
    1.82370961e-01 1.09048271e+00 1.41976094e+00 1.38158464e+00
    1.11443877e+00 9.37219262e-01 3.08106780e-01 2.59471774e-01
    2.33920991e-01 -5.08107424e-01 1.46268511e+00 4.95194674e-01
    8.17817390e-01 1.54891253e+00 -4.49116886e-01 -3.84692967e-01
    7.65017271e-02 1.04769278e+00 -5.04599214e-02 7.47771263e-02
    1.01620209e+00 9.89650667e-01 1.02786541e+00 2.95477986e-01
    1.56208968e+00 6.70252800e-01 9.46259677e-01 5.60352027e-01
    1.18266106e+00 1.54777634e+00 1.10789895e+00 -2.08609402e-01
    9.13287401e-02 -3.30523044e-01 1.30587769e+00 1.00843906e+00
    1.44999564e+00 -5.39665818e-02 1.11012363e+00 1.53342175e+00
    -8.42567086e-02 1.33385694e+00 1.29273415e-01 3.47304642e-01
    -4.24429357e-01 1.26776505e+00 -4.38258350e-01 -4.73643690e-01
    1.00840056e+00 2.66954541e-01 1.23434961e-01 6.24900639e-01
    9.05273139e-01 -4.24944878e-01 7.45952129e-04 8.99861932e-01
    1.56610787e-01 3.03668499e-01 4.20593619e-01 1.16798878e+00
    6.69064760e-01 9.83922303e-01 -1.66122884e-01 1.34501457e+00
    8.01563144e-01 1.31705427e+00 1.21485400e+00 9.03422713e-01
    1.66186690e-01 -3.40969443e-01 1.40456975e+00 1.34557474e+00
    4.91084814e-01 4.14703190e-01 3.65866303e-01 -4.28153396e-01
    -3.48186374e-01 7.63728738e-01 6.45734429e-01 1.52902937e+00
    7.43975461e-01 7.58961380e-01 -3.19976151e-01 1.92007422e-02
    2.76548445e-01 -2.31002152e-01 5.93682468e-01 1.36385822e+00
    -3.77802968e-01 4.09229159e-01 1.40415311e-01 -4.31066692e-01
    9.08842266e-01 1.12436581e+00 6.79133475e-01 -3.70169312e-01
    1.52098846e+00 5.38820565e-01 2.73871839e-01 4.72053409e-01
    7.86640167e-01 7.50380576e-01 5.41447282e-01 4.14755702e-01
    -7.23674893e-02 5.94331980e-01 1.35496116e+00 -3.94943058e-01
    -4.27660048e-01 7.33268797e-01 -4.44068462e-01 -2.91361511e-01
    1.38814664e+00 1.16270649e+00 4.05000269e-01 1.11513042e+00
    -1.66565448e-01 -7.48386681e-02 1.34008920e+00 1.34466696e+00
    -4.70332146e-01 2.97983825e-01 -1.17496520e-01 1.17894959e+00
    5.15761197e-01 -1.64490521e-01 3.88705790e-01 9.84733164e-01
    4.26264107e-01 -5.33893108e-01 -4.14731920e-01 5.16710818e-01
    6.59174383e-01 1.27618551e+00 4.43008065e-01 8.37488532e-01
    5.34070730e-02 8.83947611e-01 -4.72822100e-01 1.03439927e-01
    7.78895915e-01 -3.53337526e-02 4.98661399e-02 9.54410315e-01
    4.69792902e-01 1.49832141e+00 -3.78609896e-01 -1.14459395e-02
    2.92942643e-01 7.14619279e-01 6.88318670e-01 -2.44911611e-01
    1.41685390e+00 3.52667630e-01 7.59208202e-03 -2.98741460e-02
    -4.44166571e-01 4.17737663e-01 1.03841972e+00 1.36507869e+00
    3.04407477e-02 8.15910399e-01 8.21446002e-01 -3.97294849e-01
    2.12538838e-01 3.50995719e-01 8.46233785e-01 1.40207279e+00
    -4.10136014e-01 8.44694138e-01 9.94341969e-01 -4.34637845e-01
    -3.02237928e-01 4.56056416e-01 1.48079479e+00 -1.43338442e-02
    1.36357379e+00 8.35152149e-01 -1.95360810e-01 2.93315947e-01
    1.03390658e+00 5.86065650e-01 6.31652474e-02 2.32747555e-01
    1.53218341e+00 5.79686821e-01 -4.01280373e-01 8.29492211e-01
    2.80451715e-01 1.28573632e+00 -3.24202985e-01 1.35206497e+00
    7.28566289e-01 -2.34979808e-01 4.78014350e-02 1.02948260e+00
    5.85446477e-01 -3.42437387e-01 8.05063963e-01 3.88233721e-01
    -3.14110875e-01 -4.58594412e-01 -3.29662561e-02 8.02243710e-01
    9.09317315e-01 1.24391103e+00 -6.77077174e-02 -1.53580725e-01
    8.19278359e-02 -4.59644973e-01 5.43822944e-01 7.17654228e-01
    -3.18956375e-02 1.50658953e+00 6.49387598e-01 3.36177945e-02
    1.41793370e-01 9.00721312e-01 1.12433481e+00 -4.05043602e-01
    6.43706322e-02 -2.67253757e-01 1.35458851e+00 1.18821931e+00
    1.20787609e+00 -2.58261383e-01 7.57908881e-01 4.85392988e-01
    4.06961679e-01 4.25700545e-01 -2.17363089e-01 9.81137335e-01
    1.12385917e+00 -3.89277607e-01 -1.27115428e-01 -3.56960684e-01
    3.22012782e-01 1.67905092e-02 6.86244905e-01 7.10042238e-01
    -1.20716780e-01 5.92386782e-01 -3.06894839e-01 -1.82735741e-01
    -1.61694318e-01 1.18441820e+00 1.07521415e+00 7.45548069e-01
    8.34385753e-01 8.68559361e-01 3.91553640e-01 8.74563813e-01
    1.37340045e+00 1.38813078e+00 4.32052851e-01 -1.13524854e-01
    -3.98901343e-01 -2.20643282e-01 -3.50981593e-01 -4.53285784e-01
    3.46115172e-01 -1.80110365e-01 9.19939578e-01 8.11017931e-01
    7.80715942e-02 7.49842107e-01 -4.82308865e-01 2.42703438e-01
    4.12851095e-01 1.43063569e+00 1.54006839e+00 6.22244418e-01
    1.36481535e+00 1.26818705e+00 8.50511014e-01 -6.94885850e-02
    -1.70652866e-02 -4.36221719e-01 1.36865270e+00 9.78739738e-01
    1.65767193e-01 1.05052090e+00 2.64113426e-01 -2.14828432e-01
    1.42194104e+00 -5.49505830e-01 -8.17527771e-02 1.15575850e+00
    1.55443347e+00 -4.94702101e-01 4.90416348e-01 -2.70846277e-01
    7.15976298e-01 2.52468884e-01 -5.02859771e-01 -2.13413149e-01
    -1.61578774e-01 3.07726026e-01 -1.16765559e-01 1.44405460e+00
    3.39524329e-01 1.05291331e+00 1.35355413e+00 8.99949312e-01
    1.47706962e+00 1.12842846e+00 5.88129520e-01 7.43286788e-01
    -2.37427801e-01 9.22813833e-01 -1.42185926e-01 1.17399168e+00
    2.18894422e-01 6.49965465e-01 -5.17537236e-01 1.38409352e+00
    -3.62371653e-01 1.32464242e+00 -1.04669422e-01 2.48199582e-01
    3.60764682e-01 3.58532548e-01 -3.08319658e-01 7.78666377e-01
    1.52045310e-01 1.09458899e+00 7.92043865e-01 1.11197996e+00
    5.19481659e-01 1.34173954e+00 6.51699722e-01 1.86681390e-01
    3.75797451e-01 1.39129078e+00 8.61252844e-01 1.38763213e+00
    -2.46702164e-01 -3.26719373e-01 5.59121788e-01 2.60115147e-01
    -4.10347462e-01 1.53642559e+00 9.24114823e-01 7.58524716e-01
    -5.35439432e-01 1.16797912e+00 -2.00959921e-01 1.12246656e+00
    6.92833006e-01 1.16472459e+00 -5.18575788e-01 1.30314219e+00
    3.71612966e-01 5.85498214e-01 4.12661314e-01 7.34816194e-01
    3.63047063e-01 5.69786847e-01 1.23534513e+00 -3.65102112e-01
    1.09439015e+00 1.30659521e-01 1.51679158e+00 9.47489560e-01
    8.79299343e-01 1.45139575e+00 6.71339631e-01 2.87940264e-01
    6.75489783e-01 1.44122946e+00 -4.43442553e-01 1.09989166e-01
    2.07253933e-01 -1.08131617e-01 -1.93097979e-01 -2.91295707e-01
    1.06043720e+00 -4.68874037e-01 -1.65971726e-01 1.36255598e+00
    7.09076881e-01 3.46233249e-02 8.41594398e-01 -8.41839612e-02
    7.93224096e-01 5.72131753e-01 -2.24232793e-01 1.62477374e-01
    1.29506636e+00 6.60814524e-01 2.65967786e-01 -7.28815794e-03
    5.17068863e-01 1.46719599e+00 3.05161476e-01 -4.62050676e-01
    3.43831956e-01 -1.33890659e-01 5.65682054e-01 2.61384904e-01
    1.56347895e+00 9.08608437e-02 8.90703917e-01 -4.89040792e-01
    -4.93573546e-01 -2.99922824e-01 8.39017153e-01 5.94109595e-01
    9.04354930e-01 -3.77560973e-01 8.39040220e-01 1.61153495e-01
    1.36209714e+00 9.91124809e-01 6.63206577e-02 3.55022490e-01
    -6.83865547e-02 1.36460662e-01 1.12138867e+00 8.40618074e-01
    -1.76181674e-01 1.21150589e+00 -4.23309982e-01 5.17316937e-01
    3.99107933e-02 -2.85092771e-01 6.59204304e-01 1.19534159e+00
    -1.37317330e-01 1.23883367e-01 5.73733091e-01 9.56429183e-01
    4.11967278e-01 8.84730041e-01 6.71262026e-01 1.10566664e+00
    1.20823359e+00 -3.95561486e-01 4.64607239e-01 -6.35514259e-02
    8.34358037e-01 3.52661908e-01 1.46351135e+00 3.02502394e-01
    6.47940636e-02 1.23419380e+00 5.68935156e-01 -3.15679252e-01
    -2.40829110e-01 -1.50866151e-01 6.32030129e-01 1.07564974e+00
    -4.39332724e-01 1.37323558e+00 4.79526997e-01 2.76933789e-01
    9.08275604e-01 1.05657530e+00 7.77489901e-01 6.49718165e-01
    -4.96337414e-02 1.20762992e+00 6.48373306e-01 9.26873326e-01
    -4.67332006e-02 -3.71401608e-01 1.40322697e+00 1.17644060e+00
    -1.74478889e-02 1.12491632e+00 1.09894753e+00 -5.10757804e-01
    7.72827625e-01 -2.34927595e-01 -1.95381135e-01 5.90188265e-01
    1.22550893e+00 4.44781184e-02 1.32667136e+00 -7.47234225e-02
    -1.45967007e-02 8.41385007e-01 -4.34456378e-01 -2.01417685e-01
    2.30356991e-01 1.21229839e+00 6.52845979e-01 6.74317896e-01
    1.03838027e+00 8.64082038e-01 1.39010370e+00 5.37074566e-01
    8.47412348e-02 -3.68454158e-02 2.45209336e-01 1.36244035e+00
    -4.39732492e-01 9.67687428e-01 -2.36114025e-01 1.00084901e-01
    1.35422826e-01 1.16775799e+00 -3.48917961e-01 -2.97671497e-01
    1.45922971e+00 1.51853466e+00 4.48203325e-01 7.39985287e-01
    -3.65353882e-01 1.36030507e+00 9.31187928e-01 -4.58198786e-02
    6.62540674e-01 2.56579518e-02 9.88711715e-02 1.35806453e+00
    -4.58009571e-01 4.67115343e-01 1.26648211e+00 9.87393439e-01
    3.61614227e-02 5.65195322e-01 1.36084461e+00 1.86477721e-01
    6.73169017e-01 1.34545064e+00 -8.56941938e-03 1.25275970e-01
    5.01680553e-01 1.50339103e+00 1.10373402e+00 -4.78303432e-02
    5.34094930e-01 6.29771352e-02 -2.72607207e-01 -2.94148326e-01
    1.25865817e+00 1.41831183e+00 9.63424623e-01 1.54863036e+00
    8.66833031e-01 7.55033851e-01 8.46361339e-01 8.29638362e-01
    1.20119119e+00 -2.84036845e-01 1.39147711e+00 1.41277409e+00
    -1.07226759e-01 3.57938409e-02 4.15398955e-01 1.44837499e-01
    -5.36034882e-01 1.34908319e+00 1.23267198e+00 -3.96056354e-01
    9.53120589e-01 2.33885467e-01 1.32520878e+00 4.86963451e-01
    6.88135087e-01 5.93611360e-01 1.23458624e+00 -4.24384952e-01
    1.00996995e+00 1.27137542e+00 4.89688575e-01 7.38949299e-01
    5.03296614e-01 -1.04303151e-01 1.28540540e+00 9.95842338e-01
    -2.84657031e-01 1.35853839e+00 1.19793057e+00 1.12445867e+00
    5.34298360e-01 1.20435929e+00 4.83834743e-03 -3.45593482e-01
    1.01744926e+00 -2.04596937e-01 1.03737450e+00 -3.89027923e-01
    3.86534572e-01 6.44006073e-01 1.49224162e+00 -1.25549108e-01
    1.53286457e+00 3.09119284e-01 2.70489991e-01 5.07718325e-02
    1.35600948e+00 -4.20681179e-01 8.60241771e-01 3.81581664e-01
    9.58484352e-01 9.30817544e-01 5.32034636e-02 2.65017629e-01
    1.20804286e+00 -3.91078472e-01 2.51116991e-01 9.07928467e-01
    1.57913840e+00 1.87125146e-01 2.09716558e-02 -2.28228807e-01
    1.19124353e+00 -2.39674091e-01 1.22750211e+00 -1.39846265e-01
    -2.74427533e-01 -2.58751661e-01 7.31057882e-01 3.31516683e-01
    7.00759828e-01 6.18456006e-01 -5.02374947e-01 3.72497261e-01
    1.11447954e+00 -4.73335862e-01 2.34320521e-01 4.22914445e-01
    4.43103671e-01 1.10601449e+00 7.21405149e-02 9.10642922e-01
    4.54851449e-01 1.51162839e+00 3.35026383e-02 8.24848473e-01
    -1.58116877e-01 6.27251029e-01 -1.95507944e-01 1.32655287e+00
    2.93387532e-01 -2.39106029e-01 5.16488850e-01 1.43508279e+00
    -2.68266320e-01 -4.48865175e-01 2.40995765e-01 2.61548102e-01
    6.87531412e-01 -1.58959389e-01 9.62449372e-01 6.61354780e-01
    1.29113173e+00 1.57175899e-01 -1.74825341e-01 1.25298119e+00
    -3.52141917e-01 -7.15881288e-02 -3.43860388e-02 1.45265293e+00
    -1.56615049e-01 1.21869349e+00 -1.45534843e-01 8.99001360e-01
    9.45891798e-01 1.17955041e+00 -1.79307580e-01 1.14191854e+00
    3.76159668e-01 8.35507214e-01 1.45794511e+00 3.31193984e-01
    1.02486598e+00 -2.04056501e-02 4.13615167e-01 -2.41489559e-01
    1.37300014e+00 9.59863365e-01 -5.33637881e-01 3.05349767e-01
    9.52787519e-01 7.54984021e-02 1.00870216e+00 9.60245728e-02
    7.84536481e-01 4.53184128e-01 1.26265705e+00 9.59601879e-01
    -2.39238620e-01 6.58765674e-01 1.78217888e-02 6.80917919e-01
    1.08069968e+00 1.62875354e-01 1.03405654e-01 -1.21977329e-02
    1.07176185e+00 -3.48791331e-01 1.03635097e+00 1.40085065e+00
    -1.00455046e-01 1.17052054e+00 3.75081241e-01 -2.35157937e-01
    1.42120445e+00 1.18773746e+00 1.03780818e+00 5.44858575e-02
    1.24912930e+00 1.03152275e+00 1.49609685e+00 1.04789007e+00
    8.24486315e-01 2.78112173e-01 -3.67582381e-01 -3.78164589e-01
    3.47765088e-01 1.41245651e+00 1.81915641e-01 -6.35677576e-02
    -2.89828777e-02 1.41717410e+00 5.75506568e-01 1.62945986e-01
    -2.63196558e-01 -4.51533139e-01 1.39581776e+00 1.52195609e+00
    -5.57420850e-01 8.49358737e-01 1.50456202e+00 1.04090059e+00
    1.46003246e+00 2.66378045e-01 1.43275321e-01 2.21020579e-01
    9.05953944e-01 -8.80626440e-02 1.12358928e-02 1.23245001e-01
    1.24625492e+00 7.36141145e-01 1.28234601e+00 9.71347749e-01
    -1.50518417e-02 2.84146369e-01 -5.52926064e-02 -2.88741261e-01
    5.50690591e-01 5.53990245e-01 8.99334669e-01 1.79256916e-01
    3.01183581e-01 3.40024590e-01 1.39860809e-01 4.14183080e-01
    -2.07062036e-01 4.40090656e-01 6.79969251e-01 7.33991086e-01
    -6.31924272e-02 -5.81362844e-02 6.08247519e-03 -4.11413997e-01
    1.31852603e+00 -4.11831588e-01 -5.12993395e-01 1.70949101e-02
    1.34303415e+00 6.04439855e-01 2.34377384e-01 8.56530607e-01
    5.02124190e-01 8.07601273e-01 -5.08444965e-01 1.48373508e+00
    -3.28421593e-04 1.44462931e+00 7.38317966e-02 3.98330450e-01
    1.17628634e-01 -1.64484411e-01 1.56081676e+00 1.28892863e+00
    -3.70239496e-01 -3.42742264e-01 5.12621701e-01 8.15315664e-01
    -2.65487641e-01 5.95843792e-02 2.13198721e-01 5.27477801e-01
    -3.91789556e-01 5.97556353e-01 1.31511784e+00 1.41378927e+00
    -5.69758415e-02 1.41660750e+00 -3.80799174e-02 1.42177820e+00
    4.34368253e-01 2.00092912e-01 1.35240793e+00 9.26642478e-01
    4.41349804e-01 -5.15820682e-01 -4.88220751e-01 1.02100968e+00
    -1.55138552e-01 -1.30979598e-01 8.75600338e-01 2.69942641e-01
    4.15307522e-01 5.64664304e-01 8.60136569e-01 4.61337805e-01
    -4.49231267e-01 6.41851306e-01 4.51650620e-02 7.41771817e-01
    6.32463813e-01 1.32094431e+00 5.06650209e-01 9.15044308e-01
    1.18959522e+00 1.14994001e+00 -4.70039010e-01 8.27171922e-01
    8.40737045e-01 -4.27674234e-01 1.05794978e+00 2.08207130e-01
    1.53223479e+00 1.34711564e+00 7.17078745e-01 -2.08537489e-01
    -3.62212062e-01 -1.25448674e-01 1.41683364e+00 1.09626651e+00
    4.15551424e-01 3.21745455e-01 1.72308266e-01 3.16899419e-01
    -4.48561519e-01 7.43093491e-02 -5.32854199e-01 1.24124706e-01
    4.89980459e-01 1.30039990e+00 1.42282104e+00 1.56305671e+00
    9.80510592e-01 3.28731954e-01 -8.43509734e-02 -4.80496615e-01
    -4.43829596e-01 1.52914786e+00 3.93853545e-01 2.59464622e-01
    6.24073088e-01 -5.05479455e-01 2.29370594e-01 1.29656601e+00
    7.17709184e-01 -1.57260478e-01 5.65693200e-01 -2.35466659e-01
    3.39652896e-02 -4.23419118e-01 2.43819118e-01 1.85998380e-01
    8.25389624e-01 -1.61479026e-01 7.21476614e-01 1.42803526e+00
    7.11738467e-02 -3.61144423e-01 5.10150135e-01 1.78794265e-02
    3.72709990e-01 1.17900109e+00 1.37176085e+00 3.49004328e-01
    1.32557154e-01 8.84406686e-01 1.26257730e+00 -2.97242433e-01
    1.23191452e+00 -3.66384923e-01 4.62469161e-01 1.22483647e+00
    -4.25737232e-01 1.05865645e+00 -1.40603513e-01 -1.69286728e-02
    -4.13579494e-01 -8.52230191e-02 1.09058523e+00 -1.50240660e-01
    1.21870458e+00 -2.72420406e-01 -3.04702818e-01 -2.02579379e-01
    1.47880661e+00 -4.98254389e-01 -2.78217882e-01 4.67180014e-02
    9.64617133e-02 1.21011305e+00 8.94689798e-01 1.05458736e+00
    -3.20941389e-01 1.03671932e+00 1.27728105e-01 6.29742444e-01
    7.11612165e-01 4.13866639e-02 -4.38313544e-01 4.73488331e-01
    7.04517841e-01 -1.47908956e-01 7.00066626e-01 -1.71751767e-01
    -3.89363915e-01 1.35111475e+00 -1.54720217e-01 5.58044255e-01
    3.92518699e-01 -1.32754296e-01 1.56950212e+00 3.65350127e-01
    7.21560657e-01 -2.35620022e-01 6.79101884e-01 1.46802688e+00
    1.45806301e+00 -2.49254048e-01 9.30246055e-01 -4.96125937e-01
    5.68662345e-01 1.19804525e+00 -7.95234144e-02 -2.21925795e-01
    8.39443862e-01 6.53439581e-01 1.57048512e+00 6.29006803e-01
    1.05678976e+00 4.41573262e-02 -1.23679280e-01 -6.29924536e-02
    6.24327421e-01 8.20589423e-01 6.49531305e-01 1.38644707e+00
    4.14336264e-01 -3.28665078e-01 -2.45176554e-02 1.33660114e+00
    1.45247149e+00 5.49234629e-01 -5.50072670e-01 1.41808343e+00
    4.89736140e-01 8.43875229e-01 -3.24976683e-01 5.77818751e-02
    4.37338889e-01 1.46050477e+00 8.96301389e-01 5.00610054e-01
    -2.22107530e-01 3.11024249e-01 1.35205710e+00 -4.05016124e-01
    1.17827296e+00 -6.93496168e-02 1.13174009e+00 1.45464027e+00
    1.06121659e-01 3.16021502e-01 1.24773502e+00 8.77062917e-01
    6.74795210e-01 4.18570936e-01 -5.75205684e-02 1.22875285e+00
    1.39190984e+00 2.96689570e-01 1.12155581e+00 1.03872347e+00
    -4.21333879e-01 -2.66355127e-01 -3.94079268e-01 1.05569541e-01
    3.51789594e-02 1.02924991e+00 6.50657415e-02 4.78878558e-01
    2.37335622e-01 5.76690912e-01 -1.49806976e-01 9.91522133e-01
    6.85825706e-01 -2.95924783e-01 8.86896133e-01 5.50726295e-01
    2.89656639e-01 1.42008018e+00 -2.09377110e-01 1.58817112e-01
    9.19659436e-01 1.01926076e+00 7.47877836e-01 1.38297248e+00
    -8.19658935e-02 1.20536232e+00 6.28954947e-01 8.25368822e-01
    -6.93991780e-02 6.68259799e-01 6.60886705e-01 1.24269545e+00
    6.67939007e-01 -4.88516927e-01 -4.14699614e-01 1.57269692e+00
    8.95459890e-01 -2.97959208e-01 8.08553100e-02 9.15248752e-01
    -2.68257856e-01 5.37216067e-01 -2.43784547e-01 1.13227987e+00
    7.46680856e-01 9.98097420e-01 1.19353855e+00 -1.87537551e-01
    -3.33122730e-01 1.23028708e+00 9.68222558e-01 1.05245626e+00
    1.07256591e+00 3.04464936e-01 -3.07278633e-01 3.66207063e-01
    -3.34124774e-01 4.97519374e-01 2.25782573e-01 1.30307591e+00
    -3.13473225e-01 1.50565398e+00 8.08789074e-01 -5.39970100e-01
    1.45338154e+00 8.16017747e-01 -9.66284871e-02 -2.72356153e-01
    6.72853112e-01 -3.41366321e-01 9.60634768e-01 5.51909685e-01
    1.31784558e+00 2.35230565e-01 5.90030193e-01 -3.84127498e-02
    3.11753273e-01 -3.68574560e-01 5.54416835e-01 1.10118699e+00
    -3.71528417e-01 1.29226947e+00 1.08478045e+00 5.24105191e-01
    9.12837565e-01 7.24722445e-01 8.28663409e-01 1.09513521e+00
    -4.42482173e-01 1.90610111e-01 5.49469829e-01 1.24409854e-01
    2.23326683e-02 2.00227261e-01 1.19087148e+00 -4.82621640e-01
    3.50524485e-01 7.23377347e-01 -4.03294533e-01 -5.30572653e-01
    6.05819702e-01 7.90172994e-01 8.57461452e-01 4.64064002e-01
    9.28605974e-01 -4.10118252e-01 9.07109082e-01 -3.52027357e-01
    1.99190319e-01 -2.20603943e-01 -2.11603671e-01 1.49467754e+00
    7.45317042e-01 8.85392606e-01 1.27583671e+00 7.85192847e-01
    7.21987963e-01 5.41148961e-01 1.06308746e+00 1.29549801e+00
    1.20198166e+00 -2.66973674e-01 1.94254160e-01 1.59526765e-01
    5.15309274e-01 -2.37917036e-01 1.10246325e+00 7.87887156e-01
    -3.68661344e-01 5.64046502e-01 2.15883851e-02 1.44189954e+00
    4.79744673e-01 1.52758384e+00 1.12384880e+00 4.00927067e-02
    -4.95845079e-03 1.97199464e-01 6.85504675e-02 1.09314394e+00
    1.26782262e+00 1.14117634e+00 2.98324823e-01 1.44085383e+00
    5.98750710e-01 1.54903400e+00 1.25850677e-01 3.13582480e-01
    1.01028025e+00 1.34836769e+00 1.36841154e+00 -2.30791271e-01
    1.44167137e+00 -4.91953790e-01 3.79393280e-01 -3.45579684e-01
    4.48555231e-01 9.34025109e-01 1.24396706e+00 2.06523836e-01
    5.08879304e-01 -9.02015865e-02 1.16543412e+00 -3.36549312e-01
    -5.12512326e-01 9.95963216e-01 -3.31417322e-01 4.01973367e-01
    6.08579576e-01 1.37472379e+00 1.42817962e+00 3.61409187e-01
    1.30253911e+00 2.69875228e-01 -2.24129647e-01 -6.13686740e-02
    8.94779921e-01 7.45943785e-02 1.29218841e+00 -3.39544713e-01
    1.11712039e-01 4.81998205e-01 8.58162701e-01 2.23459780e-01
    7.61921763e-01 7.92624176e-01 2.78725922e-01 -6.52553141e-02
    5.68137586e-01 6.60387933e-01 1.01750803e+00 1.23199642e-01
    7.28049099e-01 -6.20921850e-02 6.15460157e-01 6.92653656e-01
    8.42859507e-01 9.64485168e-01 -4.32596892e-01 8.05064499e-01
    -1.98100835e-01 2.34793007e-01 7.09646583e-01 1.38172734e+00
    5.66456199e-01 6.32797122e-01 2.77298570e-01 3.73670578e-01
    8.20025563e-01 -3.78730357e-01 1.79463089e-01 6.86376572e-01
    -5.35814881e-01 5.57564616e-01 1.08415437e+00 5.11095226e-01
    8.39572370e-01 -2.99560905e-01 4.32955921e-01 8.65874410e-01
    4.30938482e-01 6.84485316e-01 1.22748733e+00 -5.06466806e-01
    9.14260328e-01 -1.08773291e-01 3.44651937e-03 6.23978078e-01
    6.56453490e-01 1.40892386e+00 1.41895318e+00 1.51805258e+00
    1.44861698e+00 1.52976871e-01 1.10670352e+00 -2.76472330e-01
    2.04732299e-01 8.75747263e-01 -5.67887068e-01 6.23164117e-01
    4.30160403e-01 1.09302914e+00 5.14119864e-01 6.55462742e-02
    1.42046309e+00 1.14506173e+00 1.30420923e+00 1.47649586e-01
    -3.51467550e-01 -5.63342571e-02 1.51730585e+00 1.15990102e+00
    1.12533760e+00 1.16321588e+00 9.35239434e-01 8.89618099e-01
    8.80407572e-01 -6.33260608e-02 -5.15422106e-01 1.49639058e+00
    1.40622640e+00 -4.45234299e-01 5.82804441e-01 -4.54072952e-02
    1.25684857e+00 1.58246636e-01 1.23836493e+00 3.90795410e-01
    1.04407942e+00 1.30823684e+00 -4.35618758e-01 9.91309345e-01
    4.55093741e-01 2.23920941e-02 9.48395491e-01 -7.13999271e-02
    -2.87251174e-01 -2.26667315e-01 -4.97874528e-01 1.15784705e-01
    -1.29570037e-01 9.68909264e-01 2.71027565e-01 1.12572753e+00
    -1.78983808e-02 7.10146487e-01 6.72933459e-02 -4.35965538e-01
    1.31840634e+00 6.04534566e-01 -1.11740619e-01 1.82252228e-01
    4.49752450e-01 4.14774239e-01 7.86831975e-02 2.03736067e-01
    8.49768460e-01 -2.14370549e-01 1.49244714e+00 -2.83004612e-01
    1.02202749e+00 2.39647686e-01 -2.75649786e-01 1.33358133e+00
    -3.15244019e-01 1.28655696e+00 -1.10073268e-01 2.71578252e-01
    -5.14080882e-01 -2.02015042e-02 -1.54542714e-01 -3.27503085e-02
    -1.10583901e-02 -1.05767399e-01 -9.96439755e-02 -2.23140925e-01
    6.35245442e-02 -4.83381212e-01 -5.48245728e-01 8.80664349e-01
    4.81211901e-01 2.90554702e-01 1.37335181e+00 5.32985568e-01
    7.18848467e-01 1.53159809e+00 7.26172626e-01 6.55867636e-01
    9.18973625e-01 1.23522496e+00 3.37477326e-01 6.75603032e-01
    -1.58648044e-01 1.19841027e+00 8.93202066e-01 8.01348627e-01
    9.31769609e-01 1.23941958e-01 7.86705613e-01 1.64422750e-01
    1.35168529e+00 1.07409656e+00 8.77017021e-01 1.42952204e-01
    1.65160894e-01 -2.58866280e-01 -2.21980304e-01 -1.81393623e-02
    6.65469646e-01 -4.79911089e-01 -5.05070388e-01 1.46028948e+00
    -2.96669006e-01 1.14633191e+00 6.47442937e-01 2.23084509e-01
    1.25578523e+00 7.96827316e-01 1.31096601e+00 -9.29242074e-02
    1.42812800e+00 1.27652955e+00 4.61582601e-01 2.72746444e-01
    1.25602031e+00 -3.94932777e-01 3.98470581e-01 9.91403580e-01
    4.04091060e-01 -4.49373513e-01 5.50513268e-02 8.62358868e-01
    -5.06831229e-01 9.41863835e-01 -4.81045216e-01 -3.75821829e-01
    1.06183589e-01 1.50162792e+00 3.51794899e-01 5.00448465e-01
    -4.62486684e-01 -2.51880378e-01 1.15316737e+00 3.14514339e-01
    1.48427939e+00 4.63929892e-01 -4.53700960e-01 -3.27015281e-01
    1.50953102e+00 3.73170376e-01 1.40906000e+00 -3.23833227e-02
    2.92800546e-01 1.01356864e+00 -1.79691911e-01 -5.45309246e-01
    1.34895015e+00 3.46144140e-01 1.19183564e+00 1.50218511e+00
    -2.52558231e-01 -2.68753648e-01 1.53816020e+00 8.52272689e-01
    3.68721247e-01 1.35988593e-02 -4.33609307e-01 5.33002615e-03
    7.52750993e-01 1.11812949e+00 7.61967361e-01 1.04828238e+00
    1.05571294e+00 1.19343197e+00 -3.08167696e-01 6.51442289e-01
    -4.85154927e-01 -4.96267289e-01 8.17502618e-01 9.11273003e-01
    -3.67251456e-01 2.55843997e-02 1.34375024e+00 1.03398252e+00
    3.02456677e-01 1.29495978e+00 -3.26156974e-01 1.04357362e+00
    1.19607842e+00 8.59473169e-01 8.31632435e-01 1.54286075e+00
    -5.05143344e-01 1.90672517e-01 -2.33925998e-01 5.91014504e-01
    1.01468587e+00 9.36145544e-01 1.15228558e+00 -2.99774408e-02
    1.56491947e+00 6.80094302e-01 -5.00813961e-01 2.82185435e-01
    -4.02557671e-01 1.39913249e+00 6.23418987e-01 -3.85780841e-01
    5.67301691e-01 9.27982628e-01 8.42307270e-01 1.29929399e+00
    1.11944199e+00 1.05874968e+00 -1.28668278e-01 1.24407673e+00
    9.12783265e-01 3.51275980e-01 1.47306013e+00 7.45757580e-01
    4.10884380e-01 1.37201166e+00 1.38846064e+00 8.38248849e-01
    1.09302032e+00 1.16151500e+00 -4.63251173e-02 7.13632524e-01
    -1.12094760e-01 6.88643932e-01 1.95099890e-01 1.18480802e+00
    -1.95208311e-01 1.25837970e+00 1.15940452e+00 5.10623097e-01
    5.88510633e-02 8.14899027e-01 1.28208208e+00 -5.57671785e-01
    1.40342021e+00 4.21005309e-01 1.54196715e+00 -4.55178797e-01
    1.52893066e+00 1.20971024e+00 4.31884170e-01 4.95787859e-01
    -1.07990235e-01 2.28371918e-01 1.29188704e+00 9.52215195e-02
    1.07610083e+00 -2.16393828e-01 -1.34116322e-01 1.19419312e+00
    1.22778702e+00 4.71875250e-01 1.26558125e-01 8.14278007e-01
    1.22423327e+00 7.06754923e-02 1.22061491e+00 1.39185548e-01
    -4.68354613e-01 -3.24943423e-01 1.06182861e+00 5.55257976e-01
    2.02595890e-01 9.32722807e-01 -2.41001725e-01 7.90557325e-01
    1.00440598e+00 1.21516466e+00 -4.86756235e-01 4.82180119e-01
    2.59325027e-01 -1.50420010e-01 3.35717022e-01 2.69207478e-01
    5.79418302e-01 1.06508732e-02 4.20720100e-01 1.39110506e-01
    3.81272554e-01 -4.38981712e-01 8.09472799e-03 -1.07638747e-01
    6.43976569e-01 7.09219575e-02 -2.46507555e-01 9.26265419e-01
    -2.28051901e-01 -1.08528137e-02 -2.61604786e-03 3.50847721e-01
    1.14644122e+00 1.04632711e+00 1.28606284e+00 7.67240107e-01
    -3.77541631e-01 7.62991190e-01 -4.23977971e-02 1.43391955e+00
    8.29070330e-01 9.71240342e-01 -7.01123476e-02 1.38683510e+00
    1.35265052e-01 1.16873670e+00 1.63925886e-02 7.10161328e-02
    2.79417098e-01 5.56384206e-01 1.11108983e+00 5.53073406e-01
    -2.16409236e-01 6.74747825e-02 9.15698946e-01 -4.36558843e-01
    9.98279989e-01 6.32673621e-01 1.01523936e+00 9.10846233e-01
    4.37607527e-01 5.14804065e-01 -2.79468328e-01 4.35816050e-01
    -2.33713537e-01 -1.23141259e-01 -2.19755769e-02 1.97021425e-01
    1.27962053e-01 -3.64263445e-01 -1.09783769e-01 4.56964910e-01
    2.95766056e-01 -1.30684197e-01 1.85608745e-01 7.82741666e-01
    1.09978759e+00 1.62720680e-01 3.48464310e-01 8.55400622e-01
    -2.64279187e-01 1.18589497e+00 1.00326228e+00 1.25824225e+00
    1.46237254e+00 -2.63555110e-01 7.05831051e-02 7.31106281e-01
    4.70953703e-01 5.19144654e-01 -2.17685312e-01 7.40842521e-01
    -1.20610952e-01 6.56969011e-01 -4.03931558e-01 1.03386319e+00
    -2.02596188e-02 9.66606379e-01 1.17460346e+00 3.22406471e-01
    6.00371361e-01 1.26682258e+00 -3.93679619e-01 1.46072197e+00
    1.25805879e+00 -4.19910997e-01 2.01201499e-01 1.40559626e+00
    -2.23515481e-01 3.83193493e-02 -2.47288644e-01 -2.77445257e-01
    7.21074760e-01 2.34433413e-02 -3.31451505e-01 5.72549820e-01
    1.34576893e+00 1.48246527e+00 5.08965731e-01 3.67378592e-02
    -1.29322410e-02 7.85600483e-01 2.79451191e-01 -3.02864790e-01
    -2.88125277e-01 1.07698202e-01 6.91032350e-01 9.39201176e-01
    1.15702748e+00 4.36331213e-01 -2.76818275e-01 3.51680517e-01
    1.53026295e+00 5.49482048e-01 -3.77147973e-01 -3.90502870e-01
    9.99285579e-01 2.05410361e-01 1.46460509e+00 1.09185934e+00
    1.47197831e+00 -3.43804359e-02 1.50369978e+00 1.17875814e+00
    -1.61249936e-01 -4.26859617e-01 9.66724455e-01 3.56187820e-01
    8.83319557e-01 9.28925931e-01 -3.34509909e-01 1.10334373e+00
    7.53874779e-02 7.80989528e-01 -3.02068025e-01 6.84741795e-01
    2.96288133e-02 1.24388552e+00 8.01666558e-01 -5.49491167e-01
    5.93242943e-01 -1.92715645e-01 1.25995302e+00 1.47006750e-01
    5.50748408e-01 1.01504588e+00 1.40176105e+00 8.55085433e-01
    1.06609225e+00 1.32300210e+00 1.41501427e-01 -2.71600515e-01
    1.49511552e+00 7.49299169e-01 4.69194651e-01 -1.20014757e-01
    1.36750937e+00 8.84898722e-01 1.30455136e+00 1.07424903e+00
    3.30713391e-02 1.00590932e+00 9.25018311e-01 7.99493730e-01
    9.84503269e-01 -3.09983343e-01 -2.33636498e-02 -3.90683234e-01
    8.68238509e-01 -1.30364895e-02 3.82102430e-01 -9.42879021e-02
    1.17944682e+00 2.35370994e-02 -5.16238451e-01 3.39417279e-01
    1.09252691e+00 8.32368910e-01 3.54351699e-01 1.00267446e+00
    -3.77094448e-01 -2.92945802e-02 7.99525082e-01 8.79011393e-01
    -4.41745073e-01 4.88985896e-01 1.56507373e-01 9.81816113e-01
    1.88372970e-01 3.10518384e-01 1.13682151e+00 1.49215639e-01
    -3.21987748e-01 3.27612579e-01 9.22785401e-01 -3.45344543e-02
    -7.12900460e-02 -2.17609644e-01 -3.55055869e-01 7.13405311e-01
    1.29670608e+00 4.98090684e-01 -1.66494399e-01 -3.19985211e-01
    -2.86582708e-02 9.97706115e-01 1.47778988e-02 5.62961578e-01
    4.52103555e-01 9.97743964e-01 6.88835502e-01 1.43625915e+00
    -5.61869800e-01 -1.79788202e-01 -2.77601093e-01 7.10299551e-01
    -4.94110137e-01 -2.73906857e-01 1.26700318e+00 3.73084068e-01
    8.37549984e-01 9.51442361e-01 -4.67767239e-01 -5.23043990e-01
    1.25844753e+00 1.00202501e-01 7.37396419e-01 -2.34819829e-01
    4.00086224e-01 -3.02123427e-02 1.13575542e+00 -2.49595553e-01
    1.09614539e+00 5.31762242e-01 8.83096099e-01 2.72504687e-01
    5.45869470e-02 1.38641095e+00 4.50190067e-01 1.27502894e+00
    9.42105949e-01 9.24701869e-01 9.80582654e-01 8.37862074e-01
    -2.52212495e-01 1.85896814e-01 6.92437291e-02 8.98017824e-01
    1.07735884e+00 8.64212811e-01 -2.39898771e-01 9.69825387e-02
    1.21123159e+00 1.14811945e+00 8.17488611e-01 -2.90544242e-01
    -1.63987219e-01 1.49275684e+00 -2.46111333e-01 -3.57519627e-01
    9.44517255e-01 6.69659972e-02 1.06238306e+00 1.16594648e+00
    1.45092058e+00 -4.49201047e-01 -2.49406844e-01 4.00670946e-01
    1.57496893e+00 2.00497270e-01 -3.42690468e-01 -2.46031880e-01
    -2.67863780e-01 1.05222321e+00 1.26152933e+00 9.62812185e-01
    1.09720206e+00 5.18328249e-01 -2.00782984e-01 4.70735192e-01
    6.35926604e-01 -3.48739296e-01 3.43131125e-01 1.97760522e-01
    1.44161463e-01 1.48319364e+00 -3.26466918e-01 7.13396072e-01
    9.14950669e-01 2.84855783e-01 7.21248746e-01 -9.82862711e-03
    5.22653461e-02 1.29834986e+00 6.40992343e-01 -5.74032366e-02
    6.99503541e-01 9.84062374e-01 -4.55066085e-01 7.99088955e-01
    1.06783247e+00 -1.35986120e-01 4.58267212e-01 1.17671978e+00
    1.01744246e+00 -4.05728638e-01 8.95909131e-01 -3.04138809e-01
    -5.23835123e-01 3.00997019e-01 3.89881134e-02 1.36310339e+00
    1.12720859e+00 -2.79322535e-01 5.24114490e-01 1.42652488e+00
    -7.82907903e-02 7.91519880e-02 1.50391614e+00 7.40806997e-01
    -4.79552627e-01 -1.50207877e-01 1.08870482e+00 7.29712665e-01
    1.00615728e+00 1.97113693e-01 -5.05873382e-01 1.36073875e+00
    1.49357986e+00 8.18894506e-01 3.09416533e-01 -1.78761333e-01
    -3.31624031e-01 1.16989541e+00 -3.29172432e-01 5.87080598e-01
    3.42152715e-02 6.26438797e-01 1.50715518e+00 1.47731543e-01
    1.15785408e+00 5.81496537e-01 7.55526304e-01 1.33054197e+00
    1.18704760e+00 1.37918520e+00 2.77121723e-01 -3.47365767e-01
    -5.46976388e-01 4.83848453e-01 1.33203983e-01 4.92327213e-01
    -3.24370861e-02 -5.51345348e-02 -5.04029870e-01 1.28121591e+00
    -1.20698810e-02 -1.59054399e-02 1.18545878e+00 8.14829350e-01
    1.74975574e-01 1.07770967e+00 1.54191184e+00 5.26420355e-01
    4.80464041e-01 1.38542235e-01 -3.86593014e-01 4.20246542e-01
    6.17684782e-01 1.48875237e+00 1.20456398e+00 -3.27789366e-01
    8.28124940e-01 -4.75385576e-01 1.35418534e-01 9.90260839e-01
    1.74930334e-01 1.99318647e-01 4.23222840e-01 2.07505405e-01
    7.77267039e-01 3.66955042e-01 -3.74760866e-01 6.54256284e-01
    1.02286267e+00 9.08758283e-01 -2.24255174e-01 6.57146215e-01
    -4.25869077e-01 1.01394534e-01 3.36297095e-01 1.43377948e+00
    -2.60674715e-01 -3.65332484e-01 7.20836043e-01 -4.49254125e-01
    6.27427042e-01 1.56408370e-01 1.33981276e+00 6.77112699e-01
    1.31834960e+00 8.16290319e-01 5.87264597e-01 -4.47182924e-01
    -3.64899606e-01 5.48801422e-01 1.79296613e-01 1.55152833e+00
    1.20537937e+00 -1.58329278e-01 9.00362730e-01 1.20216942e+00
    1.27838230e+00 2.83652961e-01 -6.56231046e-02 -3.82478893e-01
    -1.53692901e-01 -3.65528226e-01 8.98975015e-01 1.16617250e+00
    -4.98054385e-01 4.28013623e-01 2.37158179e-01 1.11999190e+00
    5.80279291e-01 6.12728775e-01 1.46547055e+00 -1.40682012e-01
    1.19855046e-01 -3.50338817e-01 5.96056819e-01 1.13146460e+00
    -2.77467370e-02 -2.68879205e-01 5.52575588e-01 -3.00943851e-02
    -3.03400099e-01 1.33278394e+00 8.76578629e-01 4.74576056e-01
    5.93369186e-01 -3.58791411e-01 -3.79259676e-01 1.37482643e+00
    2.46133029e-01 9.70711350e-01 -5.01785874e-01 -4.88840818e-01
    5.55359721e-01 9.28944170e-01 -7.58849084e-02 1.45583749e+00
    -1.46006525e-01 2.37618268e-01 8.09306443e-01 4.39463139e-01
    4.47990596e-01 -7.41557479e-02 1.33686972e+00 1.28862166e+00
    4.88420725e-02 -4.04043555e-01 2.66013503e-01 1.54628372e+00
    1.39037967e+00 9.98846352e-01 1.13390183e+00 1.75757408e-02
    1.18872762e+00 5.89570522e-01 2.17680633e-01 7.91739225e-01
    -3.59041750e-01 7.96878934e-02 3.12532961e-01 -3.51925969e-01
    3.98160398e-01 -2.70602107e-02 -7.03187585e-02 6.34749770e-01
    -5.54935932e-01 1.00277042e+00 -5.41510642e-01 1.12712371e+00
    3.84532154e-01 4.76506412e-01 9.32698667e-01 -1.15038812e-01
    -5.02633572e-01 4.73119915e-01 -4.05395508e-01 5.19738376e-01
    -4.39354539e-01 6.27862811e-01 -4.21340525e-01 5.68416715e-01
    9.21442926e-01 5.31712949e-01 3.31752777e-01 -3.31318498e-01
    -3.15305293e-01 9.68693495e-02 1.40390205e+00 1.03362501e+00
    6.81584537e-01 1.39292741e+00 -4.55953121e-01 4.36482251e-01
    3.88049483e-02 1.47340345e+00 5.50647974e-02 1.10052896e+00
    -4.88257736e-01 2.17891335e-02 1.18719697e-01 2.06050575e-01
    1.24007452e+00 -1.56986922e-01 2.43116975e-01 6.68021679e-01
    -1.58521324e-01 -4.34364080e-01 9.59117651e-01 4.94526863e-01
    4.19462800e-01 1.33993447e-01 -3.48532557e-01 8.48729372e-01
    1.50012684e+00 -7.57844448e-02 9.32413340e-03 -1.10407948e-01
    1.46479940e+00 1.24754930e+00 7.33595490e-01 -9.88999605e-02
    4.43219423e-01 -4.17022407e-01 4.95852232e-01 1.51903462e+00
    9.19389427e-01 3.68832469e-01 -3.76114070e-01 1.23159647e+00
    -2.40595251e-01 6.63803637e-01 7.79014051e-01 -4.34695184e-01
    1.18028855e+00 7.74219632e-02 8.55837464e-01 2.30717063e-02
    -2.27072239e-02 8.87226939e-01 1.63296461e-02 -2.05516040e-01
    1.45148766e+00 3.46821845e-01 1.92986786e-01 7.58381903e-01
    -2.53027946e-01 1.14083683e+00 1.17334139e+00 -3.94725740e-01
    2.17545629e-01 1.48119509e-01 1.31767929e-01 -7.39202499e-02
    1.52661252e+00 -2.99421608e-01 5.35354316e-01 -1.74706101e-01
    2.05337048e-01 1.50561571e+00 3.63030434e-01 7.85262167e-01
    -5.52933395e-01 -4.90346104e-01 4.87500310e-01 -3.09610486e-01
    8.32187116e-01 6.10851049e-01 4.98488665e-01 1.45682609e+00
    1.32161796e+00 1.14871550e+00 1.58732831e-01 9.72755015e-01
    1.15686727e+00 2.54635751e-01 1.22191584e+00 1.16531062e+00
    3.89517486e-01 3.10494661e-01 1.26573443e+00 -4.77739096e-01
    -3.35569441e-01 1.37869418e-01 6.03250861e-01 -1.49954528e-01
    -4.72218037e-01 -9.13850665e-02 -3.97682726e-01 6.76058650e-01
    -8.79573524e-02 2.45739937e-01 5.93867242e-01 4.46440101e-01
    -2.59933442e-01 -7.85877705e-02 1.14345098e+00 1.37235785e+00
    8.12513113e-01 1.35790443e+00 3.38823318e-01 3.83970857e-01
    9.21008170e-01 1.02103245e+00 7.97470987e-01 8.54811490e-01
    8.27054381e-02 4.06166911e-02 -3.84431541e-01 7.31072187e-01
    1.50478888e+00 1.16756046e+00 5.60906410e-01 8.05057228e-01
    1.23553705e+00 -2.17469633e-01 1.04085326e+00 1.08552599e+00
    1.95953548e-01 -3.98962319e-01 3.39756727e-01 3.26462746e-01
    4.84194517e-01 7.91756153e-01 1.45947242e+00 -1.40523314e-02
    -1.56391323e-01 1.13123381e+00 3.06708336e-01 1.35816026e+00
    1.45351005e+00 1.23252702e+00 2.98827410e-01 -3.98664474e-02
    1.22848105e+00 2.95417547e-01 1.21188724e+00 8.76223207e-01
    -4.27281141e-01 2.01449633e-01 -1.81670755e-01 1.51226783e+00
    -4.02639747e-01 1.32254934e+00 1.32534420e+00 6.37987792e-01
    1.35883784e+00 4.64255691e-01 -3.46915573e-01 4.92176831e-01
    -2.04049200e-01 -7.86860287e-02 -4.90836769e-01 -2.90960550e-01
    6.50894523e-01 1.36530983e+00 1.34289050e+00 -1.01431608e-02
    9.75054264e-01 4.15467381e-01 1.09228849e+00 1.89702749e-01
    5.10790527e-01 1.16920996e+00 1.32028341e+00 1.58010888e+00
    -8.68701935e-03 -2.55008489e-01 1.07052541e+00 -3.78763348e-01
    3.22372973e-01 1.68125272e-01 6.71141207e-01 5.27407289e-01
    4.40948546e-01 1.39337099e+00 2.05320120e-03 -1.42314613e-01
    4.99789536e-01 7.11539805e-01 -2.38925219e-02 1.58201635e-01
    1.23569906e+00 -5.23628950e-01 1.06288958e+00 -1.56378746e-01
    9.11619902e-01 2.78022349e-01 1.01539755e+00 1.39038265e+00
    1.14672720e-01 2.49566972e-01 -1.17664635e-01 4.50132966e-01
    6.12830460e-01 -3.13284636e-01 -1.20112687e-01 3.18618536e-01
    1.42551458e+00 -1.68060124e-01 -4.48861510e-01 -3.62568378e-01
    6.28430605e-01 4.89132583e-01 4.88146484e-01 4.08106387e-01
    1.59157813e-01 1.30047584e+00 1.20579743e+00 1.15871859e+00
    1.45156312e+00 4.34203088e-01 8.77980173e-01 -1.71675175e-01
    1.16652107e+00 6.55671895e-01 -7.90018141e-02 1.11687922e+00
    3.50356758e-01 1.02964115e+00 1.16039336e-01 1.28667307e+00
    -3.86146605e-01 9.82692242e-01 1.16100776e+00 1.07741928e+00
    1.22372055e+00 2.83935845e-01 1.08406591e+00 -3.74135554e-01
    8.43912065e-01 2.91157901e-01 -8.52987468e-02 1.87939405e-01
    1.37354052e+00 1.53099895e+00 -4.77516681e-01 1.21283269e+00
    8.25341940e-02 1.28504181e+00 -3.76764178e-01 -2.62244225e-01
    2.40671873e-01 9.43238318e-01 9.63219285e-01 1.31699347e+00
    6.09180212e-01 1.19834137e+00 -2.83332169e-01 1.44506335e+00
    1.42342734e+00 1.07593393e+00 1.02857590e+00 1.51110458e+00
    8.03335607e-01 1.35664237e+00 3.15082729e-01 6.90452397e-01
    1.25873542e+00 7.62745142e-02 4.95097399e-01 3.06753099e-01
    1.28959668e+00 3.60584378e-01 1.27230883e+00 4.37102854e-01
    7.74744153e-02 5.16831219e-01 -2.27282286e-01 1.51495552e+00
    1.38942170e+00 1.10629737e-01 -3.41499925e-01 1.28398001e+00
    3.75729442e-01 5.01364768e-01 1.04492068e+00 1.21407676e+00
    1.03612113e+00 1.28135085e-02 -3.00969869e-01 5.41795433e-01
    2.63013721e-01 -4.88951445e-01 2.95539200e-01 5.07022381e-01
    -4.40191358e-01 2.56294966e-01 1.10491967e+00 6.02129042e-01
    4.33533728e-01 1.55828118e-01 1.90428257e-01 -4.62194324e-01
    1.49942183e+00 9.22035515e-01 1.29254174e+00 1.34621930e+00
    1.32619858e-01 -4.56336915e-01 9.84912992e-01 -5.24234951e-01
    1.06922495e+00 1.34650993e+00 -1.26163542e-01 7.47186422e-01
    1.03014970e+00 1.53233528e+00 1.42959988e+00 5.11541247e-01
    2.71992624e-01 9.88498569e-01 7.70694911e-01 1.24729013e+00
    1.86679423e-01 1.12485683e+00 4.27174866e-01 2.81207979e-01
    1.03232563e-01 8.04660022e-01 3.80750418e-01 5.28125823e-01
    -1.62269950e-01 1.43001294e+00 -4.45573390e-01 9.51598704e-01
    -2.07421869e-01 -3.31049830e-01 1.01992273e+00 1.18206859e+00
    6.21915936e-01 6.29047692e-01 1.23661780e+00 1.12539721e+00
    1.40398419e+00 1.09865212e+00 -3.63641024e-01 1.05208135e+00
    -2.94621825e-01 -3.21656466e-02 -4.18468684e-01 1.40406942e+00
    1.60582304e-01 9.99103129e-01 -3.53881896e-01 1.41579759e+00
    -3.22477549e-01 1.48036206e+00 6.95828795e-02 5.55879235e-01
    6.96386456e-01 8.19952905e-01 1.42130601e+00 -2.40516782e-01
    1.00237441e+00 -5.21022081e-03 -2.43564814e-01 5.59000969e-02
    6.86835349e-01 1.07096040e+00 2.98323512e-01 6.98038161e-01
    6.91641271e-01 1.35830474e+00 -5.07801712e-01 -5.85868061e-02
    6.34166479e-01 -1.86887771e-01 -3.00127864e-02 -2.71935463e-02
    4.15439606e-02 -1.61406606e-01 4.78488564e-01 4.96748984e-01
    -3.01926404e-01 1.12196565e+00 9.64495420e-01 3.88097525e-01
    8.80207896e-01 3.69524598e-01 -2.99893469e-01 1.21314168e-01
    1.51002347e-01 1.06196332e+00 -2.76957840e-01 3.69067371e-01
    1.00176597e+00 2.02162385e-01 1.04950595e+00 7.11739123e-01
    3.90949249e-01 8.18146586e-01 -4.29805249e-01 8.64297986e-01
    -2.25191712e-02 1.28367293e+00 1.21351397e+00 1.09539723e+00
    1.00295353e+00 9.53799605e-01 1.58214450e-01 5.12923777e-01
    -1.76733524e-01 -2.40077823e-01 1.48703110e+00 9.22158420e-01
    8.94785464e-01 -1.80379272e-01 7.19180226e-01 4.05414701e-02
    -4.57546741e-01 1.46482420e+00 -3.53103876e-03 2.40237176e-01
    9.66087699e-01 -2.80456632e-01 -2.60122567e-01 6.74867034e-01
    -3.04063737e-01 8.61369312e-01 1.77059233e-01 1.47267914e+00
    -3.47238839e-01 -2.25076169e-01 2.06606269e-01 9.26762044e-01
    1.24255347e+00 2.75004327e-01 -8.07743073e-02 1.24408007e-01
    1.23261738e+00 -3.96970630e-01 6.90238535e-01 1.14655924e+00
    -1.20357215e-01 1.42494178e+00 1.19549930e-01 1.02851892e+00
    -6.18826747e-02 -4.70031917e-01 9.81776118e-01 9.42536294e-01
    -2.38611788e-01 9.21363115e-01 -1.12639159e-01 7.13702738e-01
    -7.23253787e-02 6.07629180e-01 1.54259968e+00 -4.96241957e-01
    1.85283303e-01 5.15475750e-01 4.60869312e-01 6.95200205e-01
    -2.47300684e-01 9.55222487e-01 8.81275356e-01 1.22881067e+00
    1.49864173e+00 8.37120950e-01 8.55697036e-01 -1.80800438e-01
    1.44156766e+00 2.65317559e-02 7.89822876e-01 9.79411840e-01
    8.38915288e-01 7.32143283e-01 -4.70832586e-02 7.81073093e-01
    5.02759159e-01 1.06631422e+00 4.70658004e-01 -7.24624991e-02
    -4.52189445e-01 1.43826294e+00 -3.11486125e-01 6.15273297e-01
    -3.75040770e-02 1.24401116e+00 8.29202652e-01 1.42031777e+00
    -9.26491618e-02 8.46897185e-01 7.74122834e-01 2.39915311e-01
    1.12062693e+00 2.75774717e-01 1.42583871e+00 1.49115145e-01
    -5.24948716e-01 8.68094563e-01 8.77772450e-01 1.43160045e-01
    1.08252811e+00 -8.85500312e-02 3.89791965e-01 1.55068374e+00
    3.03605676e-01 9.46534216e-01 6.45299971e-01 3.35546613e-01
    5.47431350e-01 3.41529369e-01 7.52059519e-01 1.09775853e+00
    -3.37892950e-01 1.16940928e+00 -2.24992990e-01 7.18023002e-01
    5.58361709e-01 7.81661570e-01 -1.75435156e-01 1.06037235e+00
    -3.81516457e-01 1.10844493e-01 6.93760514e-02 6.94755793e-01
    2.72821128e-01 7.93268919e-01 3.42504978e-02 6.17830396e-01
    1.40736079e+00 5.17258883e-01 -2.33825654e-01 1.29381919e+00
    -4.83149588e-01 4.95215058e-02 1.47867441e-01 2.74731040e-01
    5.28315008e-01 -4.55141008e-01 1.10422301e+00 -2.27460861e-02
    4.82141972e-01 -3.74326646e-01 1.38583517e+00 -2.52615094e-01
    7.42473066e-01 5.93595505e-02 -2.05737352e-03 -1.11907095e-01
    7.40195394e-01 6.61085188e-01 1.23564720e-01 9.38059092e-02
    2.65548289e-01 7.40826607e-01 -4.73791689e-01 1.24325371e+00
    8.47219050e-01 4.33759630e-01 6.74062431e-01 1.06026030e+00
    1.00947118e+00 1.30988312e+00 5.32987118e-02 2.31590748e-01
    -8.95349681e-02 -7.32180178e-02 9.62846696e-01 5.43418288e-01
    -1.24213427e-01 -4.39642608e-01 -5.08071959e-01 9.30117548e-01
    -4.24229950e-01 7.85749316e-01 -1.93784744e-01 8.86299253e-01
    6.37448728e-01 8.40016067e-01 5.33383489e-02 8.38358223e-01
    4.89836514e-01 -5.05735517e-01 -1.06229931e-01 3.63089323e-01
    -3.38481158e-01 9.57964659e-02 2.74110317e-01 1.16074860e-01
    4.05933738e-01 2.65616775e-02 1.37216353e+00 8.97825062e-01
    9.69254255e-01 9.18937504e-01 9.81617033e-01 1.07977033e+00
    -7.45096207e-02 1.04745007e+00 4.76881623e-01 9.78571177e-03
    4.06325161e-01 1.10866845e+00 1.44898367e+00 1.10005903e+00
    1.53418994e+00 1.26394486e+00 4.20641184e-01 -5.04189372e-01
    7.58802831e-01 1.22339427e+00 1.29110074e+00 1.13092136e+00
    7.60139644e-01 1.43086243e+00 -2.28615642e-01 -3.34291607e-01
    1.16789746e+00 9.54860449e-01 1.14534807e+00 1.45856500e-01
    -3.77048075e-01 9.00443316e-01 5.24042964e-01 7.60085642e-01
    -4.97101575e-01 7.84531951e-01 4.64083552e-01 6.74944580e-01
    -2.75112391e-01 4.46224213e-02 1.16540015e+00 -5.18038571e-02
    1.47148442e+00 1.22253692e+00 1.03740418e+00 5.82004547e-01
    2.37799227e-01 -2.92017996e-01 1.55593336e-01 -4.02371705e-01
    3.14522982e-02 6.17271960e-01 1.16050959e+00 7.89975524e-02
    7.97461271e-02 8.52893889e-01 9.29905057e-01 -1.98016346e-01
    1.00987685e+00 -7.70555139e-02 9.36986208e-02 3.93293083e-01
    7.47596145e-01 3.22394788e-01 -2.30070502e-01 1.36784577e+00
    -1.90062374e-01 9.19961393e-01 1.37190938e+00 7.96252787e-01
    2.11251080e-01 1.22160625e+00 -4.33206499e-01 2.12926567e-01
    7.48354197e-03 -5.53008914e-02 -2.80817956e-01 -4.44427907e-01
    -1.81089461e-01 -3.93099248e-01 1.27861357e+00 1.24228191e+00
    6.00313127e-01 1.08611321e+00 9.93603706e-01 -4.30037498e-01
    -4.89771456e-01 1.11086118e+00 6.15674734e-01 6.84388995e-01
    1.01395965e+00 5.00845313e-01 6.43743277e-02 3.67456138e-01
    1.30779135e+00 -3.04883242e-01 -1.31411552e-02 1.41043413e+00
    4.51453030e-01 2.91496217e-01 8.74828041e-01 -1.09574288e-01
    5.84931612e-01 3.29648316e-01 7.74243474e-01 1.55001855e+00
    1.22389984e+00 5.34872532e-01 1.11363077e+00 5.58128834e-01
    1.03299928e+00 1.45156240e+00 5.62694848e-01 1.18653679e+00
    -1.20246291e-01 -3.33102942e-01 -3.16607237e-01 -3.25182915e-01
    -4.55482692e-01 8.61532688e-01 -5.11343181e-01 2.71560729e-01
    1.40059006e+00 1.46195316e+00 4.47709739e-01 3.45833302e-02
    -8.96720886e-02 -2.68955022e-01 3.73857319e-01 1.25714636e+00
    1.12678194e+00 5.11096001e-01 1.20412183e+00 1.39939594e+00
    3.03408921e-01 1.27367985e+00 -1.27603471e-01 1.31896091e+00
    -4.41561729e-01 9.15126622e-01 6.12588644e-01 2.11008847e-01
    -2.11418599e-01 4.86969948e-04 1.17454064e+00 1.21845913e+00
    8.35874259e-01 3.74207318e-01 3.10222626e-01 -4.41385329e-01
    -2.03384459e-01 -4.96546656e-01 -2.89541811e-01 3.19485426e-01
    1.41905165e+00 5.30533671e-01 5.26003838e-01 1.06595170e+00
    2.50244796e-01 1.21716595e+00 1.05449104e+00 1.53088665e+00
    3.51132989e-01 2.52918720e-01 -4.32594180e-01 1.34297633e+00
    2.12617457e-01 1.26013553e+00 6.13144636e-01 -2.67202884e-01
    9.99118984e-01 1.10390782e-02 -4.74794716e-01 -2.78407961e-01
    1.08323932e+00 1.15435505e+00 9.01947081e-01 1.47898078e+00
    -2.80125201e-01 5.20458817e-02 1.54587090e+00 1.49417138e+00
    1.50763369e+00 -1.29137576e-01 2.63193429e-01 5.03028750e-01
    8.84830952e-03 3.82714331e-01 -2.02102691e-01 3.47245991e-01
    1.02569175e+00 -1.22786313e-01 5.55242896e-01 7.27363765e-01
    8.67147446e-02 4.98371124e-01 1.01107478e+00 1.00826788e+00
    1.27645576e+00 -6.67385459e-02 -2.76974350e-01 -4.85985816e-01
    1.06305146e+00 1.95869088e-01 1.18945670e+00 1.56284750e-01
    1.52416658e+00 1.35900068e+00 2.05090165e-01 1.43651223e+00
    9.88759220e-01 -3.24520350e-01 1.48471045e+00 2.90319145e-01
    -3.26288462e-01 1.37797022e+00 7.09656656e-01 2.46579230e-01
    7.44983733e-01 1.18326879e+00 2.80194044e-01 5.31208038e-01
    8.06088865e-01 -5.20660162e-01 -3.85067344e-01 9.88865495e-01
    1.44175601e+00 1.43323648e+00 1.49750996e+00 8.84329677e-01
    2.94936717e-01 -1.41551346e-01 9.42531228e-02 1.09651756e+00
    1.47644687e+00 -1.78867370e-01 4.56834435e-02 1.46590400e+00
    9.34101522e-01 -4.09395993e-01 1.03759789e+00 1.85836792e-01
    3.17124724e-01 1.17439210e-01 -4.02023852e-01 1.08021641e+00
    -7.64435232e-02 1.08864164e+00 7.04335988e-01 1.09462380e+00
    2.15289831e-01 1.17505074e-01 1.16914868e+00 -2.76353002e-01
    1.54787970e+00 1.26335025e+00 7.42897034e-01 4.81552601e-01
    -4.56950039e-01 1.54024363e-03 5.03578961e-01 7.75185227e-02
    1.26430392e+00 1.05684543e+00 4.00050819e-01 5.40732980e-01
    3.85283709e-01 1.00102901e+00 8.06456447e-01 1.27235711e-01
    9.11825418e-01 -2.14386880e-01 1.06480742e+00 4.03162777e-01
    9.97063518e-02 1.37107837e+00 6.50220335e-01 2.58589029e-01
    2.89717853e-01 1.92320526e-01 1.98752642e-01 -8.79432559e-02
    1.14738643e+00 8.42867434e-01 7.23710060e-02 1.30861449e+00
    1.74574375e-01 1.44382143e+00 8.13070774e-01 -2.91703075e-01
    1.01420510e+00 2.71889329e-01 -4.06364143e-01 1.11567640e+00
    1.46714377e+00 9.49757099e-01 -4.88581061e-02 7.04703927e-02
    -2.74099916e-01 6.74162388e-01 -4.83616561e-01 6.93748176e-01
    3.28108251e-01 9.51456726e-01 1.01379693e-01 7.31955886e-01
    5.04914641e-01 -2.51152754e-01 6.88717008e-01 1.37317383e+00
    8.01712215e-01 1.02684212e+00 3.48684549e-01 1.10783041e+00
    5.51882446e-01 1.52826011e-01 1.55076861e+00 1.87677741e-02
    -5.31386495e-01 6.87495887e-01 1.09189391e-01 6.08982146e-01
    -9.36088860e-02 1.22248554e+00 -5.38073778e-01 1.37847376e+00
    -7.12058842e-02 7.40682900e-01 1.32451892e+00 -1.33383244e-01
    -4.56409454e-01 6.63573384e-01 1.47060823e+00 -4.14611727e-01
    1.19702351e+00 1.38002658e+00 -2.00191945e-01 1.44762850e+00
    1.17159545e-01 3.17064583e-01 9.39393044e-02 1.37146282e+00
    9.71334100e-01 -1.46793157e-01 1.48801076e+00 9.10075724e-01
    3.36230099e-01 8.17624807e-01 -1.73661053e-01 -1.21958196e-01
    5.42858362e-01 7.83765972e-01 -4.11758780e-01 -3.65365654e-01
    -2.65297145e-01 7.90723503e-01 -1.89716727e-01 -3.77341956e-01
    -5.38623393e-01 -4.85226095e-01 9.54224765e-01 4.81560230e-01
    -5.17431796e-01 8.21551800e-01 1.00254035e+00 9.68306184e-01
    6.29619718e-01 -1.28224701e-01 -3.85009468e-01 1.39602506e+00
    2.24457324e-01 9.36343491e-01 -1.24371111e-01 4.42096174e-01
    7.59811997e-01 2.03401268e-01 2.17051744e-01 3.39162588e-01
    -4.90541637e-01 -3.52946162e-01 1.46348739e+00 7.84944832e-01
    -5.38101315e-01 3.09256017e-01 -1.08287066e-01 1.95446432e-01
    4.69025433e-01 -1.08905405e-01 -4.23827827e-01 -3.18497986e-01
    -4.56357658e-01 3.90700042e-01 1.14687967e+00 3.92259300e-01
    7.51575768e-01 1.48019195e+00 1.08934450e+00 2.83173740e-01
    1.32568586e+00 4.35486972e-01 -2.24556327e-02 -9.06661451e-02
    9.91421461e-01 9.60814238e-01 7.16840565e-01 -4.03643847e-01
    1.50159287e+00 5.08207500e-01 9.45591927e-02 9.23111260e-01
    1.12376177e+00 8.65346372e-01 1.45999968e-01 1.62392855e-02
    8.41770411e-01 1.48524249e+00 5.32155454e-01 2.78451204e-01
    1.40462780e+00 -4.01881367e-01 1.52103758e+00 6.68421388e-01
    9.81839299e-02 6.91523492e-01 -2.55399406e-01 9.17775512e-01
    1.37542868e+00 3.82446051e-01 1.31229711e+00 -1.65920466e-01
    7.36220360e-01 3.08494449e-01 1.32499671e+00 7.90910423e-01
    1.24925792e-01 5.30258060e-01 1.74045682e-01 3.17652643e-01
    9.64508116e-01 2.10290551e-01 1.34359050e+00 9.63592231e-01
    -2.79416114e-01 6.51317835e-03 1.49862969e+00 -3.14030230e-01
    1.15578985e+00 8.72795939e-01 3.24879766e-01 2.92196572e-01
    1.45578218e+00 8.50524485e-01 -1.18185699e-01 -6.06579483e-02
    -1.99998915e-01 1.06585288e+00 9.51790273e-01 1.11076593e+00
    2.29273736e-01 7.14641869e-01 1.37795067e+00 -3.72173727e-01
    8.56999457e-01 7.15193152e-02 8.71172726e-01 6.47546649e-02
    -3.64824533e-01 -3.52997422e-01 -5.41646361e-01 5.62477708e-02
    1.00056672e+00 1.32159305e+00 7.31312692e-01 5.95062971e-01
    -5.37620246e-01 1.26597929e+00 1.29709196e+00 7.21573651e-01
    5.64711094e-01 2.59697437e-02 -5.24755478e-01 8.95718813e-01
    1.12170446e+00 6.78963065e-01 -2.94189453e-02 8.26732576e-01
    -1.67318374e-01 1.23089838e+00 -4.29129541e-01 9.18285489e-01
    5.11251688e-01 -1.55000687e-01 1.32213306e+00 -5.27922332e-01
    3.48009646e-01 1.54671836e+00 3.20441067e-01 3.44024122e-01
    3.72833550e-01 -5.23599446e-01 1.42727351e+00 2.30211139e-01
    9.74126875e-01 8.45388889e-01 3.11391950e-02 1.05284393e-01
    6.35556340e-01 1.14962876e+00 -9.03489888e-02 2.77792811e-01
    -4.74854857e-01 3.57061446e-01 5.71836293e-01 -3.49411905e-01
    1.00429988e+00 6.02042675e-03 -2.30953574e-01 3.40019345e-01
    -3.53216052e-01 3.70029688e-01 2.11683095e-01 -4.91398335e-01
    1.50572753e+00 9.78133202e-01 1.40077055e+00 3.94584417e-01
    1.03217721e+00 -2.01375902e-01 9.20477509e-01 -2.85290480e-02
    6.22426748e-01 2.68187642e-01 8.65944207e-01 -3.15402210e-01
    -3.90933752e-02 1.26185036e+00 9.40219879e-01 -2.59079784e-01
    -4.88962829e-01 3.00048351e-01 3.59270155e-01 6.94286823e-03
    -3.28416079e-01 2.09185719e-01 1.30383039e+00 8.96230996e-01
    -3.12805504e-01 8.24750960e-01 1.42405677e+00 9.90805328e-01
    1.42875600e+00 -5.23383975e-01 9.90184426e-01 1.38887334e+00
    -1.84734166e-01 -2.44908929e-01 9.75814641e-01 1.25668550e+00
    7.28592157e-01 8.66353452e-01 -3.52987349e-01 1.20181847e+00
    7.64228344e-01 -3.92191768e-01 6.82095885e-02 3.30796778e-01
    1.27687907e+00 7.19269097e-01 3.19158971e-01 -4.47966188e-01
    -3.81615013e-01 -2.94134974e-01 1.33896303e+00 -3.67987692e-01
    -4.56669927e-02 -1.69950366e-01 9.69581544e-01 4.66964304e-01
    8.90695870e-01 8.50685000e-01 -4.67819691e-01 1.04780257e+00
    -1.94469362e-01 1.33324564e+00 3.74146700e-01 -5.04906058e-01
    1.37971187e+00 7.00635314e-01 5.98487258e-01 -2.35482156e-01
    1.32887828e+00 1.28542304e+00 1.45518982e+00 2.38989770e-01
    -3.16169083e-01 3.91054153e-02 5.01938999e-01 -3.40632856e-01
    1.12532890e+00 3.14375103e-01 1.22450352e+00 -4.89156336e-01
    -3.49349737e-01 -6.97805882e-02 -2.04644799e-02 7.73511052e-01
    2.62275994e-01 2.33367145e-01 -1.06687903e-01 8.62801492e-01
    1.31492138e+00 3.14604223e-01 -2.67993867e-01 -6.67360723e-02
    5.50358474e-01 1.18388796e+00 -3.53128016e-02 1.30428195e+00
    1.35380173e+00 -1.94103152e-01 5.50497830e-01 1.47930157e+00
    5.48025966e-02 -4.44099545e-01 -5.30368567e-01 8.90705824e-01
    -2.23308325e-01 -4.15193260e-01 -2.64182180e-01 1.28293240e+00
    1.20727718e-01 1.05701625e+00 -1.36407852e-01 1.46456361e-02
    1.24372935e+00 -3.64408970e-01 1.01541638e+00 1.20912862e+00
    1.47005653e+00 3.62173200e-01 2.55380750e-01 1.65767312e-01
    -3.44861448e-01 -5.01374602e-01 2.64496803e-01 1.50838447e+00
    -1.39242381e-01 4.04859483e-01 5.81420660e-02 1.06302238e+00
    -2.48964429e-01 4.71427023e-01 1.23288035e+00 3.55868578e-01
    1.02060962e+00 5.05722761e-02 1.39409828e+00 1.25831151e+00
    1.13968170e+00 1.31697917e+00 1.27340209e+00 -3.60774815e-01
    8.67927015e-01 5.93005717e-01 -5.72750211e-01 1.14606440e+00
    1.23832524e+00 -2.55314112e-01 1.27406025e+00 1.28359723e+00
    3.54429185e-01 -4.96544600e-01 -3.23721766e-02 1.16099226e+00
    -2.46098995e-01 1.41013455e+00 2.87045538e-01 5.23817599e-01
    1.20546782e+00 -5.45561254e-01 1.17395508e+00 -4.95566130e-01
    4.89962101e-01 -6.77855313e-02 1.00738573e+00 6.02603316e-01
    1.30297720e+00 1.36777365e+00 1.97843015e-01 1.28391194e+00
    1.25466681e+00 5.66561878e-01 1.32793105e+00 -2.67354995e-01
    -5.04665077e-01 9.52459097e-01 1.39025927e+00 7.71917880e-01
    5.15284359e-01 -4.24150586e-01 5.02796352e-01 9.94070649e-01
    1.59865558e-01 -4.30321425e-01 1.80448234e-01 -2.34561771e-01
    -2.97196776e-01 1.25521660e+00 7.16795743e-01 1.52316368e+00
    8.74180317e-01 1.52966344e+00 1.08089828e+00 9.93184924e-01
    1.06361759e+00 3.56624782e-01 -1.03536785e-01 3.82121563e-01
    1.58227742e-01 1.44645846e+00 1.50313377e-02 7.89917707e-01
    -1.32430285e-01 1.05158782e+00 1.21280265e+00 8.90928507e-02
    1.02051163e+00 1.23829293e+00 1.28541994e+00 1.31779933e+00
    -2.74302810e-01 1.50926042e+00 1.34971416e+00 8.32671463e-01
    1.47804570e+00 2.60053635e-01 6.58296108e-01 1.26147389e+00
    1.45183480e+00 1.44202042e+00 1.12840271e+00 -4.09336448e-01
    1.25529528e+00 -4.66125488e-01 1.26102996e+00 1.04409695e+00
    7.40979314e-01 6.33606911e-02 -5.23119330e-01 7.91853845e-01
    1.10518849e+00 8.62353384e-01 9.70963061e-01 2.28707850e-01
    -3.75891864e-01 -8.11237097e-02 2.28970170e-01 3.02479863e-01
    1.49494982e+00 9.35380876e-01 -3.87601435e-01 9.22463536e-02
    8.05686355e-01 6.65233731e-01 -1.41514450e-01 7.08485663e-01
    7.20921934e-01 1.83491945e-01 1.17385089e+00 -1.21953368e-01
    8.23751152e-01 5.91052949e-01 -5.57951331e-02 1.44045579e+00
    4.10248637e-01 -1.69127703e-01 4.23452258e-01 1.48675942e+00
    -1.78366959e-01 -2.53508955e-01 1.50670838e+00 1.43729103e+00
    1.13251400e+00 6.50231004e-01 -1.15229487e-02 5.55007458e-02
    3.93806577e-01 3.92400265e-01 3.91317546e-01 9.92744803e-01
    7.44837046e-01 1.27227592e+00 1.21557117e+00 -2.20664352e-01
    4.31636691e-01 7.45498538e-01 8.17563653e-01 7.32497573e-02
    1.32115698e+00 3.82608891e-01 -5.21982133e-01 1.99205875e-01
    4.87174273e-01 1.31254780e+00 1.42497063e-01 2.24029422e-02
    1.09340155e+00 1.12009692e+00 -1.65330321e-01 6.89521253e-01
    8.62435102e-02 1.46404648e+00 1.08383155e+00 8.00327420e-01
    1.41087937e+00 -4.94493484e-01 -8.63975883e-02 8.64133477e-01
    1.19954681e+00 4.22739804e-01 8.99019718e-01 2.79378355e-01
    1.30000329e+00 -1.95006728e-01 -2.73795009e-01 -5.58972061e-02
    -1.53861046e-02 1.28698123e+00 -3.55023831e-01 -2.04599500e-01
    9.57275152e-01 1.20412731e+00 6.69938266e-01 1.47115254e+00
    1.97079957e-01 1.28030837e+00 5.12656450e-01 8.27428460e-01
    8.99772644e-01 1.20720744e+00 -7.81528056e-02 1.52295101e+00
    1.28741980e+00 -5.28249681e-01 -5.38485348e-01 -1.52065605e-01
    -4.17487025e-01 9.27310109e-01 -1.96269631e-01 6.50015414e-01
    1.45867467e+00 -6.16776645e-02 2.80310929e-01 -5.32639027e-03
    1.48374879e+00 1.17912483e+00 6.99787319e-01 -2.76928544e-02
    1.20311499e+00 8.02583635e-01 1.43526673e+00 4.59324419e-01
    1.16157651e-01 6.62279248e-01 7.09843636e-02 7.08243608e-01
    1.23618627e+00 -1.12602830e-01 4.45615768e-01 7.41414964e-01
    -2.83332139e-01 1.21918893e+00 4.52354968e-01 6.29496574e-01
    9.59672332e-01 -5.02164006e-01 8.31660390e-01 1.09446192e+00
    3.41272414e-01 1.13174081e-01 1.03225255e+00 4.03048813e-01
    2.58730650e-02 8.87781739e-01 4.73381400e-01 1.44566238e+00
    -1.50295138e-01 -1.63914829e-01 9.35647428e-01 4.76726234e-01
    1.42550039e+00 1.38521075e+00 8.81042182e-01 -1.67543024e-01
    -6.06578588e-03 3.56929839e-01 7.84530461e-01 -6.88018501e-02
    1.14816821e+00 -5.39048910e-01 1.34214222e-01 8.45384717e-01
    9.22914803e-01 2.60978460e-01 1.52414274e+00 6.00328982e-01
    1.28311300e+00 -4.38085198e-02 8.15306842e-01 -2.34574050e-01
    6.29338026e-01 5.18171966e-01 1.18840313e+00 1.03396559e+00
    1.07699025e+00 8.67303371e-01 -4.62943196e-01 -4.52487469e-01
    1.30676544e+00 6.66037738e-01 8.99693906e-01 1.11471713e-01
    1.41996169e+00 1.86344981e-02 1.23155069e+00 9.89758313e-01
    1.39301097e+00 7.77028739e-01 1.36893916e+00 1.62401080e-01
    1.43696439e+00 6.05916321e-01 1.01276493e+00 -1.13168329e-01
    1.38515019e+00 -2.62560278e-01 2.38007903e-01 6.91891611e-01
    1.72412932e-01 4.44775820e-01 6.90943778e-01 5.96025288e-01
    6.78336680e-01 -5.20703793e-02 1.14929330e+00 -3.04495096e-02
    -1.69918209e-01 1.32525647e+00 -2.64088392e-01 6.90059304e-01
    8.92162561e-01 1.59210861e-01 7.52448559e-01 8.33030939e-01
    4.39874351e-01 7.65889227e-01 3.12453330e-01 -1.71278238e-01
    -7.91114569e-03 9.78186190e-01 1.47535408e+00 7.80446708e-01
    9.55448151e-02 -2.72944897e-01 4.08175945e-01 1.70786679e-01
    -2.00348288e-01 1.44506001e+00 4.75376308e-01 -3.43538284e-01
    1.04955006e+00 2.53015697e-01 1.15217996e+00 9.09448147e-01
    3.32802117e-01 1.38116455e+00 1.38076472e+00 -1.17099285e-02
    -3.74808192e-01 -1.81081265e-01 4.57759500e-02 3.34175050e-01
    1.31117749e+00 -1.90847576e-01 5.78087807e-01 7.27395415e-01
    6.60027206e-01 -2.77506083e-01 1.82864964e-01 7.65687644e-01
    2.88489461e-02 -1.27649605e-01 1.02210331e+00 7.54581153e-01
    -3.56501043e-01 1.54087698e+00 8.53251159e-01 -1.61187351e-01
    8.43678713e-02 8.22550356e-01 3.07777524e-02 8.21654081e-01
    1.30856800e+00 -2.20215052e-01 1.36196315e+00 -1.81919158e-01
    1.04504633e+00 -3.87241215e-01 4.85533357e-01 7.48261988e-01
    1.17073035e+00 1.06828141e+00 9.12432134e-01 1.02524936e+00
    -8.95840228e-02 7.37160921e-01 -3.34286451e-01 -2.24165529e-01
    1.55118513e+00 1.40317273e+00 6.57176912e-01 8.55853498e-01
    5.69248736e-01 3.62570107e-01 3.02772522e-01 1.50190115e+00
    -1.90365404e-01 3.46380472e-01 -2.33251452e-02 -7.11404681e-02
    1.00264430e+00 1.16694856e+00 1.35490847e+00 6.88025534e-01
    8.61551166e-01 -4.44652975e-01 2.83079803e-01 -4.12168980e-01
    9.80635345e-01 -1.84493273e-01 1.03481948e-01 1.12253022e+00
    1.24456620e+00 -1.21485412e-01 1.26521492e+00 -3.46731216e-01
    6.36612654e-01 5.18942356e-01 3.13425243e-01 1.03395212e+00
    5.23387074e-01 9.49473679e-01 1.39890969e+00 7.95874596e-02
    2.57705748e-01 6.75024986e-01 4.26561236e-01 1.24170375e+00
    7.34636605e-01 1.49086392e+00 -1.91500127e-01 3.95770192e-01
    -5.40653169e-01 -5.12446940e-01 1.18127775e+00 1.50522494e+00
    4.64881957e-01 -3.86941463e-01 3.86767864e-01 5.22439122e-01
    -4.02682632e-01 9.81813848e-01 1.39048767e+00 5.47662377e-01
    -5.53755343e-01 1.32719684e+00 1.42803037e+00 1.24023938e+00
    1.29537225e-01 9.22731221e-01 -4.15534735e-01 1.37740242e+00
    1.47201037e+00 1.02004957e+00 -4.80382502e-01 6.29976809e-01
    1.36423218e+00 5.03452063e-01 1.25834703e+00 -2.83925056e-01
    1.29714906e+00 -2.73337424e-01 8.19384336e-01 1.52468681e-02
    -4.69361633e-01 1.57331312e+00 7.15638041e-01 1.02295518e+00
    2.61288762e-01 1.62891924e-01 -2.99755275e-01 4.77153838e-01
    7.35015869e-02 6.60275221e-02 -1.69763893e-01 1.53432393e+00
    1.49027443e+00 1.27515197e+00 8.02267253e-01 -2.64057636e-01
    8.50718558e-01 -4.25903618e-01 9.10939932e-01 1.10244203e+00
    7.66722977e-01 7.10136056e-01 5.59929907e-01 1.04744387e+00
    -1.14576399e-01 1.57224059e+00 8.63895237e-01 3.69727612e-01
    6.51032925e-02 -7.43622482e-02 1.36283302e+00 1.23574901e+00
    2.17505574e-01 7.33260095e-01 -1.28595024e-01 8.99929821e-01
    1.35244179e+00 7.60347128e-01 1.18287754e+00 -4.71787244e-01
    5.02047718e-01 -3.20805192e-01 -3.16757917e-01 7.52720237e-01
    6.73196316e-02 7.41948247e-01 -3.54703575e-01 8.96409690e-01
    1.43550467e+00 1.20599151e-01 8.48409176e-01 -3.52173269e-01
    8.60033631e-02 5.14353395e-01 -5.74547052e-02 -3.42428148e-01
    3.20476115e-01 -2.52965689e-02 1.32509589e+00 -3.70959580e-01
    1.12052000e+00 1.43996644e+00 5.50923586e-01 4.19518054e-01
    -3.68247092e-01 -4.72003698e-01 -3.24322581e-02 2.46042013e-02
    -4.31931436e-01 2.65920758e-01 -5.44808865e-01 -9.82041061e-02
    3.91243041e-01 1.12145257e+00 1.12783837e+00 -4.83290136e-01
    8.11648667e-01 1.28349757e+00 1.41383266e+00 -5.32122493e-01
    -3.95737290e-02 -4.97647107e-01 2.58098662e-01 2.70499587e-02
    3.17677200e-01 7.49271691e-01 -4.32173371e-01 9.87521887e-01
    -2.47213036e-01 -1.35315657e-02 1.50995791e-01 3.11119318e-01
    -2.41275996e-01 3.25197637e-01 1.22672486e+00 3.69131505e-01
    2.43994594e-01 4.02758479e-01 6.06385171e-01 1.42907345e+00
    1.03034210e+00 2.67283082e-01 1.46861875e+00 -3.67558599e-01
    5.06298721e-01 -4.52850461e-01 -5.08095622e-01 9.68876243e-01
    -8.29083323e-02 6.35979176e-01 -1.47738516e-01 1.40222120e+00
    1.45387280e+00 8.84987175e-01 1.13278902e+00 1.09073758e+00
    -2.33349353e-01 5.26058137e-01 3.08169723e-01 3.25567901e-01
    8.07268023e-02 1.33607316e+00 -2.32856005e-01 9.84672606e-01
    3.92199934e-01 9.76700783e-02 6.75472796e-01 5.24300277e-01
    1.23967826e-01 3.61016154e-01 6.33215308e-01 9.28614140e-02
    1.41171205e+00 -3.38867545e-01 1.36655939e+00 9.65175211e-01
    -7.74592161e-03 8.51429641e-01 1.09086490e+00 -5.04240334e-01
    7.66698062e-01 1.05707741e+00 8.81901860e-01 9.12037969e-01
    1.14606380e+00 4.06452179e-01 2.72112072e-01 -4.78183419e-01
    -1.38327688e-01 3.60494912e-01 1.20722878e+00 1.10153031e+00
    1.31221437e+00 -1.81169420e-01 -3.40013981e-01 1.46700561e+00
    9.72914219e-01 2.54797459e-01 5.72830617e-01 1.43439913e+00
    -4.40551966e-01 -4.02224362e-02 5.48328757e-01 -3.08637321e-01
    7.38545775e-01 3.81659269e-01 3.67393374e-01 3.09059203e-01
    5.13627529e-02 7.72207916e-01 -1.25881672e-01 7.51612782e-01
    -3.26053083e-01 5.06287813e-03 4.43221033e-01 -3.47580254e-01
    -4.88917530e-01 -3.62295777e-01 1.08290887e+00 4.10595715e-01
    9.81877029e-01 6.88881516e-01 1.01755905e+00 5.69845021e-01
    -4.46684003e-01 1.27885783e+00 1.00095499e+00 1.30717301e+00
    5.24606586e-01 3.99713457e-01 6.65226638e-01 7.78774619e-02
    9.88342285e-01 1.22061491e+00 8.98450971e-01 -1.38405979e-01
    -2.10259736e-01 -1.72069252e-01 1.09843016e-02 1.34861755e+00
    1.14138508e+00 1.62711740e-02 7.16709197e-01 9.48045969e-01
    2.64055371e-01 4.56851840e-01 3.88204694e-01 1.21653199e+00
    -1.60695404e-01 1.20332456e+00 1.76631093e-01 2.84028828e-01
    -1.10206574e-01 -2.91216522e-01 1.27358317e+00 9.50821757e-01
    9.45123911e-01 6.97331905e-01 -6.31524622e-02 1.02775931e+00
    1.02093625e+00 2.55898118e-01 1.52120090e+00 1.23921955e+00
    4.74425197e-01 1.14049244e+00 3.79941940e-01 1.17366648e+00
    6.16654575e-01 8.13172638e-01 7.16710985e-01 9.86171961e-01
    -2.10720927e-01 -3.23696584e-01 -5.53881228e-01 1.76344693e-01
    1.21082973e+00 6.97608590e-01 -4.20815080e-01 -1.71901792e-01
    1.52151656e+00 2.46865273e-01 -4.84106660e-01 7.29646385e-01
    -4.86131251e-01 -4.76220310e-01 1.22544861e+00 7.89356828e-02
    1.12711525e+00 1.09380484e-01 -9.46122408e-03 4.09828484e-01
    -7.39824772e-03 6.01974785e-01 9.04366791e-01 3.64395142e-01
    1.15842152e+00 1.34616005e+00 5.88498116e-02 1.19077444e+00
    1.19719315e+00 -3.88723254e-01 6.48398697e-01 -5.55630684e-01
    -5.00277221e-01 2.60504901e-01 -4.64229286e-01 7.83131778e-01
    1.00453806e+00 1.79744124e-01 5.04504383e-01 7.68980980e-01
    3.62520516e-01 8.81703317e-01 1.37731373e+00 -4.33245897e-02
    6.36895478e-01 7.09105015e-01 -4.27226841e-01 1.55522823e+00
    1.56707549e+00 3.59219134e-01 7.10635066e-01 9.63592052e-01
    -3.95090938e-01 6.18305326e-01 7.38552868e-01 1.38035131e+00
    7.38076806e-01 8.24791551e-01 -4.73625422e-01 1.43803763e+00
    1.51415288e+00 -2.15822518e-01 1.40922844e-01 1.25540018e+00
    1.53532839e+00 1.33510005e+00 -5.31013608e-02 -3.83567870e-01
    2.80399919e-01 -6.27475977e-02 9.82734323e-01 1.39496577e+00
    1.24777484e+00 1.04414761e-01 1.39624310e+00 -4.84700918e-01
    -1.50059968e-01 -5.06767273e-01 -5.73922396e-02 5.25678873e-01
    9.16398704e-01 6.35584593e-01 9.55306649e-01 5.71008503e-01
    4.58422244e-01 1.11790991e+00 1.51418424e+00 6.08372390e-01
    -2.06682622e-01 -3.50218534e-01 -1.20871097e-01 5.83485901e-01
    1.40642524e+00 9.20053124e-01 1.40028214e+00 7.17356145e-01
    1.25188541e+00 1.23049116e+00 3.84451866e-01 1.08065748e+00
    6.93994761e-03 8.92052650e-02 -4.26784396e-01 -2.95666426e-01
    4.16271687e-02 -2.55718082e-01 1.40982008e+00 1.32570958e+00
    1.14224446e+00 2.51363456e-01 1.36582780e+00 2.52165675e-01
    1.09591520e+00 1.48534393e+00 2.58090317e-01 -3.87644708e-01
    -5.70186973e-02 4.50073600e-01 -1.10815525e-01 1.08393204e+00
    1.38491845e+00 -1.23249829e-01 -1.49422646e-01 1.31825447e-01
    -1.14333838e-01 5.80433309e-01 -4.24625099e-01 9.07875896e-02
    1.55484617e-01 4.64505732e-01 -1.44336462e-01 5.74442744e-02
    -3.62772942e-01 -5.02764761e-01 5.67028582e-01 1.36569810e+00
    1.36514521e+00 1.42600226e+00 1.04916954e+00 9.76455867e-01
    4.07444477e-01 7.25141346e-01 1.18390799e+00 -1.29968435e-01
    9.37224746e-01 -2.88095921e-01 1.20028484e+00 -1.67179078e-01
    8.88321817e-01 6.77714944e-02 1.48261356e+00 4.85121489e-01
    1.25598431e+00 1.19548869e+00 1.12204766e+00 7.66124606e-01
    3.90068352e-01 1.10039425e+00 1.10080385e+00 8.10434997e-01
    1.36232710e+00 1.10509896e+00 3.28484714e-01 1.51534379e-01
    -4.77537006e-01 1.12708902e+00 5.19280493e-01 5.56444347e-01
    -1.13724649e-01 2.90879726e-01 3.95263731e-01 4.79620159e-01
    -1.21203899e-01 2.53520608e-02 1.50182366e+00 -2.43485540e-01
    1.36471498e+00 9.91342008e-01 7.79358625e-01 9.42810357e-01
    -5.01708031e-01 4.19484437e-01 -2.73789853e-01 6.99989617e-01
    6.26190901e-01 1.41626906e+00 1.12624383e+00 -2.56911427e-01
    8.65375996e-03 -5.29018223e-01 8.80995691e-01 2.68483460e-01
    2.07254648e-01 1.39855087e+00 -1.06465220e-02 5.78819215e-01
    1.31231713e+00 -4.02490109e-01 -3.04418504e-02 -4.26636249e-01
    -3.00302148e-01 1.36368680e+00 -3.16185921e-01 7.56483734e-01
    -3.04545105e-01 1.42101884e-01 5.12576580e-01 4.58195329e-01
    7.58915901e-01 3.67797613e-01 1.08739066e+00 8.75956178e-01
    5.69423020e-01 -4.45306182e-01 -3.37541044e-01 8.02899957e-01
    -2.12638110e-01 1.32396221e+00 7.43612647e-02 4.68614280e-01
    9.70681787e-01 -4.82870221e-01 1.51613355e+00 -2.79246032e-01
    2.16661513e-01 1.41034091e+00 -3.35645080e-01 8.10727417e-01
    -1.20741665e-01 1.18165469e+00 8.59923601e-01 1.12682652e+00
    1.49341106e+00 1.17499268e+00 1.30588126e+00 5.94192445e-01
    1.22967625e+00 9.85873163e-01 2.51707494e-01 -4.01667356e-01
    1.37048590e+00 5.20037889e-01 4.18541908e-01 -8.19189847e-02
    6.96710110e-01 9.61202443e-01 7.22006023e-01 -4.61533725e-01
    3.87375832e-01 -2.43262053e-01 1.25594497e+00 3.34590197e-01
    3.00208509e-01 6.43876493e-01 -5.27869701e-01 5.31758547e-01
    -3.35993052e-01 -1.31087840e-01 1.07174540e+00 1.06137586e+00
    -1.35833621e-02 1.40753579e+00 2.28774607e-01 3.01267743e-01
    7.57567108e-01 3.92762303e-01 -5.53128719e-02 1.23895359e+00
    8.10527802e-02 1.56702399e+00 1.06415987e+00 -4.00098830e-01
    1.25072598e-02 3.67762983e-01 2.43800759e-01 -4.94185090e-01
    1.21530771e+00 1.89889550e-01 7.06905484e-01 -9.43698883e-02
    1.41976416e+00 1.49870658e+00 4.03582692e-01 8.30936134e-01
    8.88621330e-01 1.34674454e+00 2.70765066e-01 1.97305679e-02
    1.02804565e+00 7.56647885e-01 1.74543142e-01 1.48337698e+00
    -3.63282204e-01 5.72279751e-01 3.71331453e-01 7.75656283e-01
    1.75519884e-01 -2.88768381e-01 2.41093099e-01 -3.80560338e-01
    2.34330893e-02 -4.90311861e-01 -2.56161928e-01 1.46481466e+00
    1.02918863e+00 1.42820668e+00 1.03251672e+00 9.72024679e-01
    1.07124877e+00 5.21373391e-01 -1.57656282e-01 -4.45198536e-01
    -5.04737079e-01 2.97107339e-01 8.72565150e-01 7.80116558e-01
    -4.72968996e-01 -1.80311799e-02 -4.99579042e-01 1.27776849e+00
    -4.83471423e-01 1.27188206e+00 7.31100678e-01 6.01146221e-01
    -5.23031592e-01 -1.73466742e-01 2.09882617e-01 1.02918863e-01
    7.26527929e-01 5.61171412e-01 -3.44951332e-01 1.17745328e+00
    2.46505320e-01 6.24500096e-01 1.10628390e+00 7.36372292e-01
    -3.70516539e-01 -1.06441945e-01 1.20125723e+00 1.18598545e+00
    4.05208588e-01 5.23950815e-01 1.33841681e+00 9.06425536e-01
    -5.47286272e-02 4.44946349e-01 -3.27154696e-01 -3.44116926e-01
    -4.33517098e-02 1.24031019e+00 9.68581259e-01 6.73971772e-02
    1.43104911e+00 -3.34240407e-01 1.49698150e+00 -3.52737755e-01
    1.38980782e+00 -2.21263260e-01 1.38094783e+00 -1.41483545e-02
    1.12088394e+00 1.40948153e+00 1.03054023e+00 -2.41692990e-01
    1.25979710e+00 1.48072219e+00 3.82910490e-01 1.44680381e+00
    1.29164338e+00 1.17381132e+00 -2.70433724e-01 5.55526614e-02
    9.93425250e-02 -1.25107616e-01 1.01655400e+00 -9.20934677e-02
    1.48286104e-01 -1.62709534e-01 3.31783950e-01 -4.10657078e-01
    4.30756569e-01 1.25032485e-01 7.00347245e-01 5.55817783e-01
    4.85245585e-02 8.51095021e-01 6.48600876e-01 1.28397346e+00
    5.37329853e-01 -4.34050560e-02 1.37303710e+00 4.13302124e-01
    5.99439144e-02 2.08533823e-01 5.76806247e-01 4.88564730e-01
    9.32084382e-01 -3.08867633e-01 1.44737601e+00 1.06171191e-01
    3.63783836e-01 4.50733781e-01 -1.14416212e-01 1.37405658e+00
    -3.79603326e-01 -5.09586811e-01 1.47529626e+00 1.14307439e+00
    2.11991251e-01 4.64438617e-01 4.16358232e-01 9.36222017e-01
    1.15393233e+00 6.46152079e-01 -4.89560425e-01 -5.08790195e-01
    -1.07599229e-01 8.00930679e-01 1.33712924e+00 1.46276069e+00
    1.45433307e+00 2.13063121e-01 7.74324894e-01 7.09230602e-01
    2.26179421e-01 1.38803458e+00 -2.27680385e-01 -1.57089323e-01
    6.38300478e-01 3.97040665e-01 4.13307190e-01 2.15297282e-01
    -1.82496727e-01 -3.72074187e-01 3.97035837e-01 1.50610113e+00
    -1.08081847e-01 9.84202564e-01 -4.64057177e-01 -4.72858220e-01
    1.23802280e+00 -4.05771732e-01 1.13851714e+00 1.55568552e+00
    1.13748527e+00 7.82853782e-01 1.09284461e-01 -4.16945755e-01
    1.28909183e+00 9.88066912e-01 -1.57303125e-01 3.71382654e-01
    1.54239130e+00 -1.16635174e-01 8.45785201e-01 -2.70972252e-02
    1.17734432e+00 -1.55473441e-01 1.28853834e+00 9.28771794e-01
    -4.41888630e-01 -6.63941801e-02 9.45395768e-01 9.49868083e-01
    1.13824105e+00 1.38557386e+00 1.56906295e+00 8.26746881e-01
    1.99024081e-02 -1.13636941e-01 7.42741227e-02 1.27388263e+00
    2.05170035e-01 9.48078275e-01 1.36069250e+00 2.70653129e-01
    -3.01005423e-01 5.47897816e-01 1.12658095e+00 -2.77085483e-01
    2.13554442e-01 7.60425091e-01 1.27355337e+00 1.05662227e+00
    1.02758956e+00 6.93727136e-01 1.26880920e+00 -2.52263784e-01
    -2.86900640e-01 -3.75765562e-01 -3.42930555e-01 -4.23151195e-01
    1.38538671e+00 9.41695094e-01 8.37296009e-01 8.51063907e-01
    -1.99608713e-01 1.20151401e+00 -2.07092971e-01 -4.02724355e-01
    6.24002337e-01 4.53649461e-01 -3.20718676e-01 7.77717054e-01
    3.49091113e-01 -5.12187004e-01 1.07524097e-01 8.37878525e-01
    1.27702284e+00 1.25336146e+00 2.39419103e-01 -4.90803748e-01
    4.84422147e-01 3.41746986e-01 1.45948458e+00 1.14465392e+00
    -3.24527055e-01 1.10035014e+00 -2.27503508e-01 1.52718282e+00
    6.21205330e-01 -3.79200399e-01 8.56791437e-01 5.04156470e-01
    1.33651769e+00 -3.06758463e-01 1.07773817e+00 8.67189288e-01
    -2.35015869e-01 7.50921071e-01 9.88610029e-01 -2.39842117e-01
    2.90004492e-01 6.58864200e-01 -1.08418047e-01 1.97031856e-01
    5.30820668e-01 1.53427315e+00 -1.62669212e-01 1.11501777e+00
    1.73337042e-01 6.03211343e-01 3.31521213e-01 -5.25480211e-01
    1.27691913e+00 -8.71037543e-02 4.73200917e-01 5.53803205e-01
    1.21686172e+00 6.01941526e-01 1.16064906e+00 5.13814628e-01
    -4.93450046e-01 1.41006804e+00 9.95213747e-01 -4.72709060e-01
    6.64184391e-01 4.23821926e-01 1.42278588e+00 1.10638142e-02
    1.11420727e+00 -3.34084690e-01 1.52758539e-01 5.77810585e-01
    -3.90279651e-01 8.19750428e-01 6.66560769e-01 5.03816307e-01
    1.49777293e+00 1.88628137e-01 -1.95407450e-01 9.45433259e-01
    -4.81436431e-01 5.76644838e-01 -4.54250634e-01 9.81795132e-01
    -2.26181358e-01 1.50332689e+00 -9.74261761e-03 3.41193676e-01
    4.73366857e-01 -1.20028883e-01 1.27950144e+00 1.21594286e+00
    7.02619433e-01 -2.39739418e-02 1.14241517e+00 4.53592956e-01
    4.85804081e-01 -2.22412884e-01 1.17961109e-01 6.96061909e-01
    1.07540786e+00 -1.94235563e-01 6.14221871e-01 9.48073804e-01
    -2.59443671e-01 7.53744841e-01 2.52901971e-01 -1.60502613e-01
    9.15257096e-01 5.00111341e-01 -3.33595097e-01 1.39663553e+00
    4.03977036e-01 -5.55659771e-01 6.50569677e-01 6.48595870e-01
    6.42827809e-01 1.32695580e+00 1.38347077e+00 5.29838979e-01
    -9.65056419e-02 5.35486341e-01 1.18497932e+00 1.42182875e+00
    9.54144001e-02 4.87920165e-01 8.52245033e-01 9.14846063e-01
    8.12062562e-01 -5.20483553e-01 4.07924652e-01 -5.09531975e-01
    1.29353952e+00 -4.31967020e-01 6.48781896e-01 8.34748745e-02
    1.34081447e+00 1.01680052e+00 1.12050354e+00 -4.11917537e-01
    -2.83427685e-01 2.93912411e-01 -3.42939794e-01 1.82914555e-01
    6.92790747e-03 -3.18227947e-01 -3.89399886e-01 3.54829788e-01
    -5.08178890e-01 1.19373798e+00 4.78187442e-01 7.94872999e-01
    1.01482439e+00 6.40818477e-01 8.73026729e-01 2.85081327e-01
    -2.80690461e-01 3.88631105e-01 1.38813519e+00 1.38403285e+00
    6.93801582e-01 4.00165737e-01 7.90138543e-01 7.23643363e-01
    1.17934537e+00 7.27087259e-01 -7.03738332e-02 2.80147433e-01
    1.33993769e+00 9.43624794e-01 5.06119132e-01 1.53373718e+00
    1.19088650e+00 1.05244088e+00 1.13486838e+00 1.12584341e+00
    -4.34961766e-01 1.49103403e+00 -3.36664498e-01 1.39193964e+00
    -3.21463913e-01 1.21497202e+00 -1.20269239e-01 3.93153429e-01
    -4.35234994e-01 -5.80659509e-02 -1.46109432e-01 7.65255690e-01
    -3.24375659e-01 7.13281929e-01 -1.36788398e-01 5.17450333e-01
    1.02273989e+00 1.19599640e+00 -4.05149937e-01 1.38638401e+00
    1.33742368e+00 5.28546393e-01 6.49521649e-01 5.11459291e-01
    -2.42609233e-01 1.46212721e+00 -3.74906063e-02 7.76310623e-01
    9.09277022e-01 8.66100252e-01 1.09377182e+00 5.95538259e-01
    1.06548333e+00 2.12263465e-02 1.40911984e+00 -4.08976316e-01
    -3.61500144e-01 -2.97216177e-02 -4.22385663e-01 -2.96523660e-01
    2.71324396e-01 -3.67295444e-01 -2.13316232e-01 1.43118775e+00
    1.31567204e+00 1.45395231e+00 5.47161579e-01 8.19128036e-01
    3.86480033e-01 2.56795883e-01 -1.04707897e-01 -3.49291086e-01
    3.60685408e-01 1.31325483e+00 -3.45266342e-01 2.58276939e-01
    1.55606580e+00 1.10878110e-01 1.54046357e-01 8.64934087e-01
    9.44751620e-01 1.49135935e+00 -1.02057040e-01 4.09704506e-01
    9.04890895e-01 9.14460719e-01 1.05278397e+00 5.24099648e-01
    4.87876713e-01 1.07866263e+00 7.57575035e-02 2.96803951e-01
    1.21265984e+00 1.49094033e+00 3.21592212e-01 2.12346911e-01
    4.27303255e-01 3.89469326e-01 1.30483627e+00 1.26571035e+00
    -3.46929491e-01 2.32912660e-01 7.91975677e-01 1.53711951e+00
    8.79262090e-02 4.95988369e-01 1.46626091e+00 6.72625899e-01
    1.10724878e+00 2.40545094e-01 1.08782101e+00 1.04994822e+00
    -2.19425261e-01 2.00789809e-01 9.72617626e-01 1.20006537e+00
    9.99166608e-01 9.62407887e-01 -3.47966313e-01 7.33634830e-01
    1.06749916e+00 1.05525303e+00 -6.50791526e-02 -3.61932516e-01
    6.82743073e-01 1.13296223e+00 1.51829720e-01 1.02425277e+00
    5.70517719e-01 4.32159662e-01 5.69634855e-01 3.19633782e-01
    -7.02708960e-02 9.40233648e-01 -1.97064131e-01 1.42703044e+00
    1.14350271e+00 -3.64980817e-01 1.01699901e+00 1.33691239e+00
    -1.22764528e-01 1.49700081e+00 1.33905530e+00 -3.76717985e-01
    7.51242101e-01 -1.51741564e-01 1.19440699e+00 1.26418757e+00
    1.27936578e+00 -4.20832336e-01 -1.24715477e-01 1.02477586e+00
    1.26224029e+00 8.76252770e-01 -3.60006094e-03 5.03598690e-01
    1.39655697e+00 -1.88066125e-01 -2.02096641e-01 8.94229889e-01
    1.34513354e+00 6.64272428e-01 -5.34786999e-01 -1.75158143e-01
    -1.04921281e-01 -1.96469724e-01 -1.92708224e-01 1.24536037e+00
    -3.37462425e-02 -1.03327870e-01 -7.87003636e-02 1.50097847e+00
    4.83076572e-01 7.10885108e-01 1.47744346e+00 5.18311858e-02
    4.42706943e-02 1.51894259e+00 5.96310675e-01 9.21367049e-01
    -1.97219670e-01 9.01671052e-02 4.03039455e-02 1.07214391e-01
    6.64330184e-01 6.23086274e-01 7.84322619e-01 8.96662712e-01
    -1.57965809e-01 -2.07443446e-01 8.95747542e-02 1.38721585e+00
    7.92992353e-01 1.36226845e+00 1.32616997e+00 4.11440313e-01
    -4.30215657e-01 -3.48129272e-01 6.85081482e-01 8.47371876e-01
    -9.21908617e-02 1.97543621e-01 8.89211297e-01 4.68341291e-01
    1.24882042e-01 -1.13149136e-01 1.17738867e+00 6.68108463e-04
    1.26649749e+00 1.52706575e+00 -1.17386729e-01 -4.13116515e-01
    7.06908405e-01 5.99280477e-01 -3.88110042e-01 -4.16962445e-01
    1.28029001e+00 3.47803354e-01 1.54996336e-01 3.11361194e-01
    3.04881394e-01 8.75386178e-01 1.35386932e+00 3.90920758e-01
    -3.30708861e-01 3.86794031e-01 1.18710446e+00 1.35696793e+00
    1.13702130e+00 5.72154522e-01 3.36896360e-01 7.33015537e-01
    4.38482642e-01 2.97404826e-01 8.23460579e-01 1.93967819e-02
    -8.21370184e-02 4.60166514e-01 -5.22516370e-01 1.55179501e-02
    5.12290359e-01 1.25231123e+00 -7.29060173e-03 -4.99239713e-01
    4.85469162e-01 5.56493759e-01 -9.96231735e-02 2.66728044e-01
    3.10514331e-01 3.38445723e-01 1.11014783e-01 3.77289653e-02
    1.99848592e-01 1.15301895e+00 1.23962379e+00 4.70438302e-01
    -2.56720781e-02 4.78396297e-01 -1.18909806e-01 6.54812455e-02
    8.15519750e-01 2.14981556e-01 8.82583022e-01 4.82395887e-02
    2.38605082e-01 4.67657328e-01 1.31585419e-01 3.05253923e-01
    1.16040361e+00 1.53672993e+00 2.69522190e-01 1.23327708e+00
    8.82855713e-01 -5.09558678e-01 1.00818110e+00 -3.16289008e-01
    6.75163746e-01 9.78428304e-01 5.62888205e-01 8.49295914e-01
    9.64061558e-01 1.45738637e+00 1.46021867e+00 4.19564486e-01
    6.69839382e-01 9.06468868e-01 5.33506930e-01 8.58274817e-01
    4.48222458e-01 4.71266091e-01 9.13358867e-01 3.39901209e-01
    1.02142382e+00 1.47923148e+00 1.10684574e+00 -4.57218349e-01
    1.38475275e+00 4.58179235e-01 2.16944635e-01 2.49318242e-01
    2.05032825e-01 7.71895766e-01 -1.82295203e-01 1.03634024e+00
    -3.83693159e-01 -4.30204988e-01 4.55398560e-02 -7.76457787e-03
    4.59913731e-01 -2.13317752e-01 3.34210694e-01 1.56494868e+00
    1.56629801e+00 6.66407287e-01 9.86681163e-01 1.52020860e+00
    1.32249260e+00 5.26511550e-01 1.09730363e+00 5.32827735e-01
    -2.39222527e-01 -2.60486722e-01 1.10736549e+00 -1.12963825e-01
    -1.28546864e-01 -5.22791684e-01 -4.55558866e-01 1.06144929e+00
    1.15321410e+00 -4.87822145e-01 1.10656798e+00 4.10196126e-01
    1.08285809e+00 -3.50942552e-01 -2.97072262e-01 7.94544876e-01
    -4.97722805e-01 -3.78149003e-01 8.31576824e-01 1.20638967e-01
    2.91972220e-01 1.16400456e+00 1.13945699e+00 -4.75263596e-02
    4.86715674e-01 -3.58485430e-01 1.02009177e+00 6.58670187e-01
    8.41931045e-01 4.90905821e-01 -1.06184751e-01 1.00888348e+00
    -3.34455669e-01 5.46599746e-01 1.55210078e-01 1.00656652e+00
    1.80861235e-01 6.35529697e-01 5.95422447e-01 1.44052184e+00
    1.58064425e-01 2.30535269e-02 6.58091426e-01 1.53012776e+00
    7.04568803e-01 6.61179721e-01 1.47474003e+00 -5.22840381e-01
    -3.67344022e-01 -8.44055116e-02 4.05554712e-01 4.37150359e-01
    1.00468397e+00 6.10896349e-02 -4.58806038e-01 6.31616831e-01
    1.16889167e+00 1.48957372e+00 1.27170265e+00 8.25112343e-01
    1.25474834e+00 4.42855060e-01 -6.75873160e-02 1.71674073e-01
    5.55758655e-01 1.36900997e+00 -6.49891794e-02 7.07943618e-01
    2.71621466e-01 6.27907276e-01 1.00085711e+00 -1.16572112e-01
    -3.25292170e-01 1.11107790e+00 6.62356615e-01 8.98268044e-01
    1.12358308e+00 8.62418652e-01 9.01463270e-01 3.58918309e-02
    2.21144557e-02 1.23019266e+00 3.22222054e-01 7.00905204e-01
    -2.53291011e-01 9.83791053e-01 1.46260667e+00 8.02915096e-02
    6.96425259e-01 -2.89947540e-01 3.23070943e-01 5.17443895e-01
    1.07756674e+00 1.38143110e+00 6.88408792e-01 -4.03162122e-01
    6.55225635e-01 1.20279336e+00 1.25123847e+00 8.83862674e-01
    4.40691292e-01 -5.11015236e-01 -6.74709678e-02 -2.40685016e-01
    1.07029974e+00 5.79550862e-02 -2.16270387e-01 6.18857145e-03
    8.85960519e-01 -5.19455731e-01 -1.05017960e-01 1.54061007e+00
    -1.37686163e-01 6.03296995e-01 4.85974491e-01 1.34865892e+00
    1.24102592e-01 2.87505507e-01 -2.91944593e-01 1.12136698e+00
    1.40426564e+00 -1.92982256e-01 6.13356769e-01 1.32557249e+00
    1.40906096e+00 3.56419444e-01 -2.62900889e-01 -3.44176888e-01
    1.48194766e+00 7.88922787e-01 6.45776391e-02 8.28170002e-01
    8.22113752e-01 7.93693304e-01 -3.38585973e-02 -1.81456625e-01
    2.59046793e-01 4.70235705e-01 1.14285707e+00 1.58094168e-02
    1.32188928e+00 6.77384377e-01 1.31088662e+00 3.29934835e-01
    1.45336926e+00 -5.25398135e-01 5.63850939e-01 1.04672980e+00
    3.33785474e-01 1.38793921e+00 -3.85878205e-01 9.27000105e-01
    -2.12559730e-01 1.18435681e-01 9.25396204e-01 3.02891970e-01
    4.40419316e-02 7.80702233e-02 -2.73577511e-01 6.25114381e-01
    1.22218704e+00 8.24326813e-01 -6.85954094e-03 9.31807756e-02
    -4.36113000e-01 1.28021026e+00 4.04307067e-01 -2.64095008e-01
    -1.85932130e-01 1.35566878e+00 1.15509450e+00 1.33939838e+00
    1.40104365e+00 -6.47824109e-02 1.10781002e+00 1.27921319e+00
    8.13338220e-01 1.35010183e-01 4.08977270e-02 9.05485153e-02
    -4.53212559e-01 8.62201154e-01 5.86927295e-01 2.07183242e-01
    1.02075267e+00 2.01259971e-01 -3.16775382e-01 1.27806187e+00
    3.45217764e-01 -8.71023536e-02 1.75456345e-01 1.38791561e+00
    -4.49465692e-01 1.25905538e+00 1.67863727e-01 8.70620966e-01
    8.72023106e-02 1.45882869e+00 1.50885761e-01 -1.66908503e-02
    2.70063877e-02 -2.03476846e-01 1.11413467e+00 1.76333666e-01
    -2.07665771e-01 -3.23156178e-01 1.01851726e+00 -4.63626981e-02
    8.13536525e-01 -4.30850387e-02 -3.33108217e-01 1.17325425e+00
    1.41975701e+00 -1.76922113e-01 1.28632879e+00 -1.57238305e-01
    6.04159355e-01 1.46226656e+00 -2.36880779e-03 6.80544615e-01
    1.24209642e+00 7.35986710e-01 1.19251084e+00 -2.68783510e-01
    1.24139643e+00 -4.82944965e-01 1.12631488e+00 -3.91665012e-01
    1.13333404e-01 -3.81862998e-01 5.39650619e-01 7.44781971e-01
    1.05693722e+00 1.35791504e+00 8.20559859e-01 3.87791634e-01
    1.98780477e-01 -1.25520229e-01 3.34377289e-02 1.00338614e+00
    2.07462549e-01 6.03114367e-02 1.34378624e+00 7.08498120e-01
    1.69960737e-01 -3.37742269e-01 1.09677315e+00 2.93565810e-01
    8.64576817e-01 8.81189108e-03 -3.25220257e-01 1.40468788e+00
    1.28748608e+00 -3.27764750e-02 1.42736769e+00 5.36769748e-01
    9.10389602e-01 9.28175449e-03 4.63535547e-01 -4.30703372e-01
    1.08466697e+00 5.54349840e-01 -2.36443877e-02 1.03748310e+00
    8.64081621e-01 4.03443158e-01 1.52860403e-01 4.30554450e-01
    -3.60075653e-01 2.52101481e-01 5.87804437e-01 -2.77897358e-01
    1.00243187e+00 -1.83821410e-01 1.55561471e+00 1.30433238e+00
    6.04644835e-01 9.08178091e-02 -5.15352905e-01 1.19014740e+00
    -1.24638706e-01 6.64063692e-01 1.30846381e+00 9.62675393e-01
    4.91047800e-01 1.43084526e+00 -3.48131955e-01 -2.10237861e-01
    1.24292564e+00 1.29288518e+00 -4.50274438e-01 -7.63565302e-03
    1.36439192e+00 -8.06301534e-02 -1.31667912e-01 7.23726451e-01
    1.37610924e+00 7.63812542e-01 3.98749888e-01 5.63658059e-01
    -2.82964319e-01 -2.18925864e-01 -3.88382554e-01 -1.60488486e-02
    1.31923056e+00 1.09949005e+00 9.46222723e-01 -3.22182685e-01
    7.41885126e-01 1.63779438e-01 4.14232016e-01 8.94439459e-01
    6.14768505e-01 1.41251659e+00 -5.57025671e-01 7.33455360e-01
    3.58389914e-01 5.69478869e-01 4.41208184e-01 5.12601137e-01
    9.49053884e-01 7.38728046e-02 1.18790865e+00 9.42754567e-01
    -4.43442553e-01 1.36159801e+00 6.40047789e-01 4.52053905e-01
    -1.80704296e-01 8.95491838e-01 -5.75653315e-02 -1.14498824e-01
    -3.07056040e-01 2.72853434e-01 1.23370886e-01 5.06780207e-01
    9.43488002e-01 7.78540790e-01 -1.13553345e-01 1.18817151e+00
    -3.44769299e-01 4.96890366e-01 3.45086098e-01 9.79420543e-02
    2.38437176e-01 5.57817578e-01 4.56226408e-01 1.40529871e+00
    -4.86454278e-01 9.71675456e-01 6.57374501e-01 1.49217498e+00
    3.09880555e-01 7.88343012e-01 1.21888196e+00 1.36664677e+00
    -5.22604764e-01 -2.74213076e-01 1.54587984e+00 1.12788451e+00
    -1.01126313e-01 4.76987720e-01 -1.58964127e-01 -3.46291482e-01
    1.18713856e-01 4.51112390e-01 5.02311826e-01 4.19479907e-01
    -5.63393235e-02 6.54335439e-01 7.73792803e-01 7.58600652e-01
    1.25923741e+00 1.48183823e+00 1.07876348e+00 1.50808167e+00
    -2.24434882e-01 8.78750205e-01 -1.58308774e-01 1.27885830e+00
    7.01643348e-01 3.23881805e-01 1.33296371e+00 1.69526339e-02
    -4.46787477e-01 1.76305115e-01 1.34753704e+00 1.01254559e+00
    1.10005605e+00 1.28926122e+00 1.39682496e+00 -5.25510311e-02
    1.00127935e+00 1.34698200e+00 1.22606099e-01 1.09617782e+00
    2.38153458e-01 3.97343636e-02 4.42783475e-01 -3.02839637e-01
    -9.60773230e-03 1.52711558e+00 3.85524154e-01 1.35646462e-02
    1.46164608e+00 3.63602698e-01 1.44612944e+00 2.32763886e-02
    -4.86446917e-02 6.44123316e-01 1.50126266e+00 9.04793143e-01
    4.88182306e-01 -1.72515959e-01 -2.32460529e-01 1.18439674e+00
    9.88942683e-01 9.16672587e-01 1.20397449e-01 -2.77663767e-01
    -9.97726023e-02 1.13270354e+00 1.69509768e-01 3.13095391e-01
    1.51763344e+00 1.36663747e+00 1.24885726e+00 6.44141257e-01
    -2.22455055e-01 1.25806034e-01 9.71298277e-01 1.47714090e+00
    -3.32513601e-01 1.07044792e+00 1.26032615e+00 1.16779113e+00
    -1.52115256e-01 1.55582392e+00 1.33698869e+00 -9.58709717e-02
    1.54781878e-01 1.26965046e+00 1.37812376e+00 -5.85132241e-02
    4.31721210e-01 5.65649807e-01 -1.39299989e-01 1.43803203e+00
    -9.26019251e-02 -2.39721656e-01 1.22261596e+00 3.57720077e-01
    1.47919178e+00 6.18698537e-01 3.15669119e-01 8.22702706e-01
    6.59088790e-01 3.15891564e-01 -3.31002444e-01 -1.79159284e-01
    1.43725884e+00 -3.37438196e-01 -4.53362942e-01 1.35842788e+00
    -1.44783646e-01 9.90936756e-01 4.93527591e-01 -2.51896918e-01
    5.71823299e-01 3.44296992e-01 1.20741951e+00 3.92578363e-01
    8.29865575e-01 5.17732978e-01 -2.20625401e-02 4.89755929e-01
    9.06285703e-01 -4.03183103e-02 -1.27382100e-01 1.02232718e+00
    1.27497077e+00 4.66138124e-02 7.49612927e-01 2.58737743e-01
    -1.46794826e-01 5.57970285e-01 1.45835781e+00 -4.62889850e-01
    -2.21791357e-01 1.14426613e+00 3.42987716e-01 -4.00274634e-01
    8.44594121e-01 7.23103464e-01 1.39559865e+00 6.11689448e-01
    5.14251411e-01 -9.07911360e-02 3.83031368e-01 1.53551698e+00
    2.54105031e-01 8.88957739e-01 1.49848461e-01 6.15754068e-01
    1.45253444e+00 -1.20211840e-02 8.76323104e-01 4.71631527e-01
    1.44356191e-01 -1.72940433e-01 7.96179414e-01 1.42162132e+00
    1.15642047e+00 5.47492504e-03 1.26578856e+00 -1.65232450e-01
    1.60520256e-01 1.55523062e+00 4.67274845e-01 2.46806920e-01
    8.80570710e-01 7.85903394e-01 -1.68935657e-01 5.45733988e-01
    9.22777295e-01 -3.51070553e-01 6.34953320e-01 6.58765495e-01
    3.62845302e-01 5.87511361e-01 8.00315976e-01 1.77569747e-01
    -1.67560905e-01 8.52576256e-01 -2.57377654e-01 9.15482879e-01
    5.76213181e-01 3.44393969e-01 8.76355171e-02 -3.47797453e-01
    1.12801075e-01 9.44406688e-01 2.51421928e-01 3.98318172e-01
    1.23769021e+00 8.48309398e-02 -5.66866100e-02 1.49478197e+00
    8.08638990e-01 -5.29143810e-01 1.82306409e-01 -5.61263561e-02
    1.00529552e-01 -5.63403904e-01 -5.09557366e-01 7.20293522e-02
    1.66439533e-01 1.18273544e+00 4.34946656e-01 -4.55809921e-01
    1.33071661e+00 7.43259311e-01 -1.18373543e-01 6.10661447e-01
    9.13471460e-01 1.41060662e+00 1.06120014e+00 8.48585784e-01
    1.04013014e+00 1.10927606e+00 5.80171645e-01 7.96355426e-01
    1.50459290e+00 -8.37171674e-02 1.29663992e+00 3.72612119e-01
    4.71609652e-01 1.36367738e+00 -1.02770537e-01 1.43603599e+00
    -2.36312300e-01 7.05848038e-01 -3.01223218e-01 5.05817115e-01
    5.51937222e-02 -3.24703515e-01 8.62494111e-01 -1.82810098e-01
    1.46997023e+00 -1.36058748e-01 3.02526951e-01 -4.67224061e-01
    8.98454487e-01 1.06479013e+00 6.76809669e-01 3.09821665e-01
    -1.70004159e-01 3.17702651e-01 4.33831275e-01 7.01757550e-01
    3.82336855e-01 1.16053784e+00 2.43539155e-01 1.52229071e-01
    1.22577405e+00 6.68716967e-01 5.64618528e-01 -9.09817219e-03
    2.30134249e-01 -4.72599179e-01 3.83900642e-01 -3.64122242e-01
    -2.42388278e-01 7.04877496e-01 -3.51955295e-01 9.87193286e-01
    4.28676963e-01 2.51692533e-01 -3.23988497e-01 8.24663520e-01
    -4.75124121e-02 1.21668172e+00 -5.09892225e-01 1.35514021e+00
    -3.07004184e-01 -4.88242716e-01 1.24455762e+00 1.15662670e+00
    2.51966953e-01 9.90488172e-01 3.30291986e-02 1.11749911e+00
    2.45516479e-01 1.34460258e+00 3.12054873e-01 5.53780794e-03
    1.09224153e+00 8.21682572e-01 9.20114279e-01 1.51479125e+00
    1.22895622e+00 1.46555424e+00 4.54636812e-02 1.23452473e+00
    5.06120801e-01 6.15374744e-01 -1.93973899e-01 1.27762389e+00
    1.26682472e+00 1.30939889e+00 -1.63907766e-01 1.50363541e+00
    1.29759479e+00 1.29782140e+00 -4.61259186e-02 8.82281005e-01
    5.49693465e-01 -1.47044152e-01 9.41784739e-01 -1.73506141e-02
    -4.27502930e-01 1.06289029e-01 4.88930583e-01 8.70411515e-01
    9.11005557e-01 1.07650352e+00 9.12522614e-01 1.14501143e+00
    -1.62776172e-01 1.36376834e+00 8.50148797e-02 5.32519400e-01
    8.61942768e-02 -3.31874490e-02 1.47499204e+00 1.44068646e+00
    1.77177250e-01 1.26558256e+00 -5.27052283e-01 -1.56591058e-01
    -4.71017331e-01 6.65408015e-01 4.81862366e-01 -4.96556312e-01
    1.85454488e-01 1.27185249e+00 1.34406447e+00 1.16308665e+00
    1.46377838e+00 -1.47033215e-01 4.05475140e-01 -2.15366125e-01
    8.78898740e-01 -1.95915669e-01 4.91138875e-01 1.26945090e+00
    1.27125144e+00 1.42318010e+00 6.11966431e-01 9.43414330e-01
    5.43241918e-01 8.83978486e-01 1.03620970e+00 8.41801286e-01
    -2.51880884e-02 1.50345421e+00 1.19722569e+00 1.84112668e-01
    -1.42250568e-01 9.53752756e-01 7.06698179e-01 1.29697847e+00
    -2.34973758e-01 -4.63580072e-01 -3.07695806e-01 9.45951879e-01
    -4.11543548e-01 3.33557308e-01 2.37958372e-01 3.17106009e-01
    3.66248786e-01 1.10518551e+00 6.58401251e-02 3.59326839e-01
    5.25433123e-01 4.03936505e-02 6.82841122e-01 -4.34759498e-01
    9.54172850e-01 8.49686503e-01 5.23585379e-01 -3.60753059e-01
    -2.45186269e-01 2.32690275e-01 4.06850934e-01 7.35114694e-01
    2.77075410e-01 6.80549681e-01 -4.13371563e-01 4.11160767e-01
    2.55804121e-01 8.12508821e-01 9.36173141e-01 6.79632545e-01
    5.95492661e-01 -3.63042772e-01 1.51436484e+00 -1.10964835e-01
    -5.21392465e-01 3.89180183e-01 1.37860954e+00 4.47816849e-02
    1.78091586e-01 9.86189246e-01 1.20912266e+00 4.14216161e-01
    6.60887003e-01 -6.14549220e-02 5.33260167e-01 1.35964823e+00
    3.35523546e-01 1.28973663e+00 8.40645492e-01 3.65424991e-01
    1.56171942e+00 1.27045989e-01 2.13420689e-01 3.94251168e-01
    5.77235103e-01 4.46226478e-01 -4.17257875e-01 1.04287982e-01
    2.80206025e-01 5.56182861e-02 9.44106638e-01 3.14861536e-02
    4.93406475e-01 6.81523681e-02 8.18800926e-01 -1.69030577e-01
    3.30476582e-01 5.71872652e-01 1.46247303e+00 -3.69254351e-01
    4.45670664e-01 2.76399851e-01 7.69477725e-01 -3.68817091e-01
    4.80314851e-01 1.42692280e+00 1.55098426e+00 2.33344078e-01
    6.52511477e-01 1.40110207e+00 -4.17010903e-01 4.78031635e-02
    6.95049286e-01 1.03468847e+00 1.12220824e-01 8.76109064e-01
    5.14265716e-01 1.52828848e+00 -3.41413319e-01 5.27283788e-01
    1.44923496e+00 1.00386190e+00 3.90815735e-03 -4.60094750e-01
    9.89612460e-01 4.89346683e-01 2.65273750e-01 9.61315632e-01
    1.23546672e+00 9.55669165e-01 -5.53954124e-01 -4.95823652e-01
    1.41117251e+00 -2.47367620e-02 1.18102264e+00 1.16485095e+00
    1.42337704e+00 -2.24037766e-02 1.01803041e+00 -2.16789037e-01
    4.52368855e-01 3.82479131e-01 -3.30812812e-01 -3.73384476e-01
    9.48801398e-01 -5.05763948e-01 1.09153736e+00 4.40857291e-01
    -3.15906823e-01 5.35604835e-01 1.43615770e+00 5.09569407e-01
    1.53875303e+00 -3.42526317e-01 -2.04182684e-01 1.17927563e+00
    7.63091147e-01 4.70067620e-01 2.69744992e-02 2.37926304e-01
    1.35958719e+00 9.93465245e-01 8.90630901e-01 3.57709169e-01
    1.36525631e-01 6.22816384e-01 -3.38034093e-01 3.08703184e-01
    -4.62121725e-01 7.65513122e-01 8.66745710e-01 -2.33540565e-01
    7.21948147e-02 1.28666759e-01 -5.46650648e-01 9.24217761e-01
    1.52214825e+00 1.39879394e+00 1.11153460e+00 1.38079119e+00
    7.96340406e-01 1.22502744e+00 9.22564805e-01 1.15299225e-02
    2.31406331e-01 -2.88350493e-01 1.25443506e+00 1.30052924e+00
    1.23578262e+00 6.40389383e-01 1.18385983e+00 1.09464121e+00
    -5.59217989e-01 1.35482860e+00 -3.48638147e-01 -5.32963514e-01
    6.95433676e-01 1.12727785e+00 -9.38864350e-02 1.45091593e+00
    5.90203822e-01 1.36747122e+00 -5.29786825e-01 -2.52916217e-02
    4.89372909e-01 1.16247749e+00 -5.52331567e-01 9.18183982e-01
    7.81107783e-01 -4.71978426e-01 1.07077181e-01 -2.94198632e-01
    1.10430717e-01 1.10796285e+00 -5.94250560e-02 -5.53574204e-01
    -2.33374983e-01 1.11023462e+00 4.23953176e-01 1.46210289e+00
    5.39811492e-01 -4.40213740e-01 -1.73965991e-01 1.31864429e+00
    5.01936078e-01 2.85838902e-01 -2.86076903e-01 1.35569358e+00
    1.10980165e+00 1.06736326e+00 2.93833733e-01 -5.28310657e-01
    1.92651391e-01 6.86034501e-01 7.65997171e-02 -3.19861650e-01
    3.74613106e-01 -3.37904096e-02 8.75598788e-02 2.60739446e-01
    2.50507712e-01 8.07030916e-01 -4.76184011e-01 9.76072967e-01
    8.79049301e-04 1.16945636e+00 4.51128721e-01 9.93818521e-01
    1.22816002e+00 1.24397039e-01 3.50661576e-01 -5.15941858e-01
    -1.07712716e-01 -3.88391614e-01 9.67803001e-02 2.16540515e-01
    -2.85266042e-02 -4.22129810e-01 3.70170057e-01 1.31918120e+00
    6.41790628e-01 1.48039770e+00 5.67270160e-01 -2.85622686e-01
    -2.51539052e-02 1.42509031e+00 5.14615715e-01 1.42198455e+00
    -6.99629188e-02 8.82023036e-01 1.32837725e+00 3.63613546e-01
    1.11346722e-01 -3.43053043e-01 1.55301714e+00 9.17399466e-01
    9.90674078e-01 -4.76092488e-01 9.65009153e-01 -2.12526381e-01
    -2.97604918e-01 6.84035361e-01 -3.15926343e-01 6.75683022e-01
    1.17659366e+00 1.42943287e+00 3.82827938e-01 2.88548112e-01
    -3.45774293e-02 3.25788260e-02 5.75369418e-01 1.42541468e-01
    5.92342257e-01 6.43153012e-01 -1.40200764e-01 7.26696789e-01
    1.20893478e+00 4.23266470e-01 6.83243692e-01 1.40130806e+00
    8.45555544e-01 -1.87335610e-01 -5.29753566e-02 7.00968385e-01
    -4.04786468e-02 7.49570906e-01 6.50802851e-01 -1.43937558e-01
    1.00137210e+00 4.23101962e-01 -6.25188351e-02 1.14862084e+00
    8.92370164e-01 1.00790787e+00 5.80856860e-01 1.24633670e+00
    9.11786556e-02 -2.67465919e-01 1.32545674e+00 -2.55523324e-01
    1.45071852e+00 1.18052745e+00 -1.21928334e-01 -2.63881594e-01
    9.23074901e-01 -4.84947622e-01 2.52602398e-01 9.54572439e-01
    -3.38506758e-01 5.97118199e-01 1.10902715e+00 9.53695893e-01
    -4.69457567e-01 9.00271893e-01 -4.26012695e-01 -1.51652247e-01
    1.13008451e+00 1.86966479e-01 5.65602779e-01 6.20323181e-01
    6.33018851e-01 1.55761623e+00 1.27872229e+00 1.15702248e+00
    1.02417052e-01 5.87421656e-02 -5.13677835e-01 8.94676447e-02
    2.51724422e-01 -2.64303237e-01 1.41147912e-01 -1.93904877e-01
    6.52456641e-01 -2.58464545e-01 6.73004448e-01 1.53459954e+00
    -3.53879333e-02 1.26415825e+00 3.26493084e-01 1.19944692e+00
    9.85071540e-01 1.30787551e-01 -4.98331934e-01 1.16567850e+00
    -1.78677738e-01 1.18062043e+00 1.46049595e+00 -4.95817542e-01
    1.59885049e-01 -9.65088606e-03 4.02423203e-01 1.46783400e+00
    1.36652994e+00 7.75199234e-01 -4.23570514e-01 -4.03620183e-01
    7.70357132e-01 -2.56659120e-01 4.18400228e-01 -7.83632398e-02
    1.30895138e+00 -2.63379902e-01 1.14361978e+00 2.87196398e-01
    1.23323369e+00 4.63880718e-01 3.53605270e-01 1.42680454e+00
    1.32124329e+00 1.24788952e+00 5.85657001e-01 4.48020279e-01
    1.37848997e+00 1.37558413e+00 1.15248728e+00 1.30246162e+00
    5.53564072e-01 -1.67368799e-01 1.20076120e-01 -1.66209936e-02
    4.70266700e-01 1.11898160e+00 7.63436437e-01 1.17112231e+00
    7.70463288e-01 1.02166879e+00 -8.28826725e-02 7.23094642e-01
    1.30360150e+00 3.56237292e-02 -7.71026611e-02 7.76761353e-01
    5.73606431e-01 1.76133513e-02 1.01573467e-01 -1.65835738e-01
    9.86911654e-02 -4.74409282e-01 2.62523413e-01 8.52639496e-01
    1.02322423e+00 -3.34745705e-01 2.00633526e-01 1.55992079e+00
    -1.20267570e-01 8.85119319e-01 3.86050403e-01 -3.39706808e-01
    -2.48919934e-01 6.03140950e-01 2.02008724e-01 1.05182743e+00
    -4.68209505e-01 1.22430217e+00 7.76359677e-01 4.68390882e-01
    -4.46333081e-01 2.32296824e-01 3.17637265e-01 1.31429148e+00
    9.11419332e-01 3.43137026e-01 -1.31138772e-01 -1.08719856e-01
    8.12393367e-01 1.12357473e+00 -7.48395920e-04 1.05406094e+00
    4.61559653e-01 4.75087523e-01 -4.25511599e-01 8.78177702e-01
    1.44048786e+00 3.03522706e-01 7.93898165e-01 1.41029763e+00
    -2.37041026e-01 1.28117990e+00 -4.12578732e-01 5.06497204e-01
    7.70114362e-01 1.45395851e+00 4.48252559e-02 6.23401940e-01
    -8.26769769e-02 -1.15768939e-01 2.13000357e-01 1.19382083e+00
    1.32394624e+00 4.40911055e-01 1.30073142e+00 4.20773208e-01
    1.45638645e-01 3.03561091e-01 -1.49391413e-01 8.46110106e-01
    1.30841446e+00 -5.31753361e-01 5.50729454e-01 3.77971232e-01
    1.09754348e+00 9.88362432e-01 2.24253058e-01 -3.33051383e-01
    5.25639057e-01 2.18682587e-01 1.47430265e+00 6.18698776e-01
    7.93851554e-01 7.03426003e-02 5.74191093e-01 -5.31006694e-01
    1.19442213e+00 5.03890693e-01 2.44274139e-01 -4.76336300e-01
    4.72645223e-01 9.54811871e-01 1.42609882e+00 4.89278972e-01
    4.10324335e-02 1.05858648e+00 9.38608468e-01 8.08750331e-01
    -1.63388759e-01 5.62274396e-01 1.23414230e+00 9.80555058e-01
    1.29487622e+00 8.02519560e-01 3.28935981e-01 5.39691806e-01
    1.09201789e-01 4.49042320e-01 5.70638955e-01 4.90181923e-01
    5.81705570e-02 5.56483746e-01 7.90508151e-01 -1.36116624e-01
    1.20282340e+00 1.52853739e+00 -8.50417316e-02 1.27629089e+00
    9.99761164e-01 -4.13331509e-01 9.76337790e-01 1.15408540e+00
    7.58980036e-01 8.80576491e-01 -2.14052141e-01 -9.97167826e-03
    4.24388111e-01 1.53873229e+00 8.56382668e-01 5.79096317e-01
    1.35334659e+00 1.07713342e+00 -1.15916133e-02 1.29840636e+00
    9.21291828e-01 3.56764674e-01 5.76328635e-01 4.29344177e-01
    1.86720252e-01 2.14069486e-01 1.05789113e+00 1.39536822e+00
    6.82184577e-01 -1.79214388e-01 9.35100496e-01 4.40196991e-01
    -3.57281089e-01 6.20547354e-01 -3.98110628e-01 1.34151638e-01
    8.03324103e-01 -3.57111394e-01 -1.05674237e-01 1.05298543e+00
    -5.34213185e-02 9.40777481e-01 1.08208060e+00 7.90861726e-01
    1.43561029e+00 8.69290113e-01 1.42099786e+00 -4.64538574e-01
    8.53386283e-01 1.00001764e+00 3.69298756e-01 6.36786699e-01
    -2.83114314e-01 1.23507810e+00 3.38038743e-01 1.33681607e+00
    -4.74368542e-01 5.66478610e-01 -4.04171228e-01 4.49922681e-02
    1.38967216e-01 5.32653689e-01 7.03062415e-01 3.24214816e-01
    2.98312962e-01 5.42406857e-01 3.88643384e-01 8.60876441e-02
    1.28083539e+00 1.40930295e-01 1.44454265e+00 8.05340409e-02
    1.05613887e-01 -2.22471952e-02 -1.20782226e-01 1.49357033e+00
    5.72574019e-01 5.39255798e-01 -2.66486615e-01 4.38517272e-01
    3.42780232e-01 1.50076413e+00 1.41268182e+00 8.60742331e-01
    1.02141905e+00 -5.27274132e-01 1.53354836e+00 1.35728288e+00
    1.41984975e+00 1.15271568e+00 6.03253901e-01 4.15998161e-01
    2.61028826e-01 -1.75201595e-01 -2.56063044e-02 -5.03806174e-01
    -4.55652535e-01 1.15371466e+00 1.98825598e-02 -3.84147823e-01
    9.59170401e-01 -3.87941957e-01 -5.59688509e-02 -4.40631926e-01
    9.48712885e-01 -2.89151937e-01 1.74216926e-01 4.11232650e-01
    7.72982776e-01 2.13864863e-01 -4.79500890e-02 -4.99973536e-01
    1.00911260e-02 -1.56882614e-01 1.49508929e+00 1.28752708e+00
    1.17729819e+00 -4.62935954e-01 2.33029544e-01 1.65794015e-01
    6.94427490e-02 6.38006449e-01 -3.23640913e-01 1.43980336e+00
    3.69073153e-01 -5.09731174e-01 -8.78835917e-02 4.64407086e-01
    4.05109525e-02 1.43499923e+00 6.61335945e-01 -1.41841173e-02
    1.12439215e-01 1.30989027e+00 1.17901194e+00 1.25427628e+00
    1.32374585e-01 1.26407146e+00 1.17687678e+00 7.32339263e-01
    1.36670470e-02 1.17491829e+00 9.06194746e-01 -4.41839606e-01
    1.81147754e-01 4.57445800e-01 4.02933657e-01 -4.80835676e-01
    -2.81519264e-01 1.43244433e+00 -4.12653774e-01 1.35827708e+00
    2.95361221e-01 -3.31869364e-01 3.12327087e-01 7.67378807e-02
    1.56240475e+00 6.76584899e-01 1.22750711e+00 -5.50107002e-01
    1.14529920e+00 1.04451323e+00 2.11645663e-01 1.52668214e+00
    -2.44500160e-01 1.10915089e+00 1.51191020e+00 -2.22816914e-01
    -4.87844795e-01 9.89576101e-01 1.26924467e+00 1.45993173e+00
    6.75448716e-01 2.22494841e-01 -3.62726957e-01 1.31690872e+00
    5.23357391e-02 1.41350043e+00 3.19272220e-01 7.80381680e-01
    1.29956067e+00 1.26488853e+00 4.39022422e-01 3.80400300e-01
    -9.04514194e-02 7.03684807e-01 2.68985510e-01 1.53865504e+00
    1.15326953e+00 -2.68435210e-01 1.17904294e+00 -5.15060604e-01
    -2.67365694e-01 -5.18361211e-01 -2.34400243e-01 -2.02813864e-01
    -5.37212491e-02 9.93163228e-01 1.49139404e+00 1.21800017e+00
    2.19168365e-01 1.33217716e+00 1.46423638e+00 8.92973065e-01
    2.41188288e-01 2.83309221e-01 -4.78699952e-01 -3.53734314e-01
    -4.83465165e-01 2.24536538e-01 6.72664225e-01 -1.97460651e-02
    3.07574272e-01 -1.81353837e-01 1.40431833e+00 -5.24661183e-01
    1.09078228e-01 1.38800371e+00 1.12729681e+00 1.51985776e+00
    2.72573292e-01 2.41648614e-01 -4.75898474e-01 -2.66212702e-01
    9.98283029e-02 8.18036795e-01 2.96095252e-01 -4.49924052e-01
    7.02102184e-02 1.01828527e+00 8.38903725e-01 -3.82614195e-01
    4.16736364e-01 -5.06469607e-01 1.52825427e+00 4.41941798e-01
    -2.35428393e-01 1.29954267e+00 1.15449691e+00 1.36057413e+00
    1.03689218e+00 -3.33882183e-01 -4.63169754e-01 6.51845932e-02
    1.04341817e+00 -3.61368805e-01 1.25650704e-01 6.89787984e-01
    4.87672746e-01 1.87681735e-01 8.17558169e-02 -3.17207396e-01
    1.34428430e+00 -7.56824911e-02 1.26728439e+00 -1.58060730e-01
    3.08308780e-01 1.72297955e-02 2.90141821e-01 -4.77407843e-01
    2.04722345e-01 -6.52185380e-02 4.30529833e-01 -2.13696659e-01
    7.88290739e-01 1.08027267e+00 1.37349749e+00 -4.96791363e-01
    -2.72308320e-01 8.96818280e-01 -1.25960499e-01 3.42704475e-01
    1.36894917e+00 1.06750536e+00 -4.77430403e-01 1.06131887e+00
    1.44557023e+00 9.03236866e-01 1.45253086e+00 -5.12207747e-02
    5.07877707e-01 -2.52725601e-01 1.35443711e+00 1.37071013e-02
    -9.59888101e-02 -1.25612617e-01 -5.26371717e-01 5.12736440e-01
    -3.95066142e-02 1.71681046e-02 8.02150548e-01 8.73657823e-01
    4.68264282e-01 1.31634927e+00 1.91941261e-01 1.14197350e+00
    5.73877692e-01 9.14284527e-01 -3.79362136e-01 9.02623296e-01
    6.61026239e-01 -4.99973476e-01 1.32679784e+00 2.08939314e-01
    4.04693067e-01 5.04446089e-01 4.22797441e-01 1.33872700e+00
    -8.77575278e-02 1.43960977e+00 2.05558538e-01 1.49054432e+00
    1.25098062e+00 7.05620706e-01 -3.76685202e-01 1.18680120e+00
    8.41215193e-01 -3.30924988e-02 -4.27230746e-01 2.12891638e-01
    -6.11270368e-02 1.24590755e-01 9.80132997e-01 -1.20383143e-01
    1.26259232e+00 6.04526103e-01 -1.83643609e-01 -5.44137597e-01
    4.02120888e-01 -7.83470869e-02 1.41602206e+00 -3.28815937e-01
    -2.73664951e-01 8.77698481e-01 3.67195547e-01 9.42631781e-01
    1.29295111e+00 4.52401102e-01 3.70463133e-02 -2.51671404e-01
    1.26823282e+00 -3.94320577e-01 -5.03015041e-01 -9.71946120e-02
    -4.98788565e-01 -2.76671022e-01 -4.97813791e-01 1.10683382e-01
    1.13252854e+00 1.42755330e-01 2.47905254e-01 1.45962715e+00
    -2.31642723e-02 8.07669640e-01 -3.15252841e-01 6.92340434e-01
    8.95023167e-01 2.93338299e-02 6.75741971e-01 7.50717700e-01
    1.86190605e-02 7.22496331e-01 8.56337249e-01 -4.03879881e-01
    6.82570815e-01 -4.97539341e-01 8.12035799e-01 5.87808847e-01
    8.50969255e-01 -1.30230516e-01 2.06205189e-01 -3.31600130e-01
    8.80280137e-01 1.22578502e+00 1.04833698e+00 -5.40197968e-01
    -3.05159032e-01 1.21158218e+00 1.37039483e-01 -5.45806289e-02
    1.16726398e-01 4.92554784e-01 1.44837558e+00 1.01825106e+00
    -8.54411125e-02 -2.34104663e-01 2.73391247e-01 -4.08561766e-01
    1.50368285e+00 1.12125242e+00 -3.34062576e-01 1.24930549e+00
    3.04602385e-01 2.96019793e-01 -3.56480956e-01 -1.56581849e-01
    5.36970854e-01 1.66254103e-01 -3.29000562e-01 9.47368145e-02
    8.30552042e-01 -4.84427512e-01 1.25516891e-01 -2.83717602e-01
    8.23628485e-01 9.75187957e-01 1.15120721e+00 6.79125130e-01
    -9.26250517e-02 7.57459700e-01 1.27900171e+00 5.98858595e-02
    -6.25064671e-02 9.08170938e-02 1.30315185e+00 2.02775717e-01
    2.50582933e-01 1.04873693e+00 1.19636822e+00 7.31607676e-02
    1.59613192e-01 -1.07084930e-01 5.48907936e-01 1.07951880e+00
    5.58999419e-01 -1.31398141e-01 1.39668977e+00 -1.01717889e-01
    2.11996615e-01 7.74328053e-01 -3.80905867e-02 -3.87703776e-02
    1.17652810e+00 1.00945234e+00 1.53257573e+00 7.38834679e-01
    6.92445040e-03 6.03795052e-01 2.77611852e-01 1.31263101e+00
    -3.80227983e-01 -4.33857650e-01 3.96545529e-02 4.13956285e-01
    -2.82225043e-01 1.42070365e+00 1.18011069e+00 -2.25527644e-01
    3.96368682e-01 1.29051793e+00 4.78830874e-01 -3.15708697e-01
    6.14274144e-01 -2.37463713e-02 1.48442435e+00 4.86694276e-01
    4.27170157e-01 1.10631514e+00 1.48273396e+00 -9.90655720e-02
    -1.88906044e-01 1.20822191e+00 -4.73379880e-01 3.15852344e-01
    8.21580112e-01 1.01215374e+00 6.42759264e-01 -3.73471588e-01
    -1.31891996e-01 2.61969388e-01 7.44802952e-01 2.19671428e-01
    5.10614157e-01 1.22402978e+00 -5.15190661e-02 6.31285548e-01
    -4.15449917e-01 -1.45047754e-01 -3.37123632e-01 1.38579082e+00
    1.41760170e-01 9.61351395e-01 6.28493845e-01 1.80272400e-01
    2.84979522e-01 8.14060211e-01 7.14258254e-01 5.05234301e-01
    8.96655977e-01 1.63948417e-01 1.14345431e+00 1.73524141e-01
    2.76730478e-01 8.42362642e-01 2.97660351e-01 -1.04437739e-01
    1.54291821e+00 1.15840459e+00 1.04943252e+00 4.34451103e-01
    9.30537641e-01 7.20296264e-01 4.06821251e-01 4.66757417e-01
    1.02031910e+00 2.59863615e-01 -2.41751760e-01 -2.02535063e-01
    9.72587109e-01 1.00105953e+00 2.52953708e-01 6.23305440e-02
    -1.59966230e-01 8.75762105e-01 6.54064655e-01 1.04782641e-01
    -4.95750368e-01 3.55419219e-01 1.48650634e+00 3.52258146e-01
    1.12964058e+00 4.97877181e-01 1.03657115e+00 2.48691916e-01
    7.43989825e-01 -1.33350432e-01 -1.87242299e-01 7.61038542e-01
    1.50148988e-01 -4.01020020e-01 1.23796499e+00 9.21420515e-01
    -2.34714955e-01 6.98848188e-01 -4.97184545e-01 -3.09372723e-01
    8.68776381e-01 1.44588947e-01 6.23929739e-01 1.07477629e+00
    1.22554040e+00 1.01628184e+00 4.91680443e-01 5.79545796e-01
    1.52825952e-01 7.25265682e-01 4.14398968e-01 -2.96508938e-01
    -3.90343994e-01 -6.08964562e-02 4.29127634e-01 3.02813232e-01
    4.62891757e-01 1.17882478e+00 1.52522707e+00 -2.32310891e-02
    1.31849647e+00 1.04814053e-01 2.44450510e-01 1.23391461e+00
    7.51644254e-01 1.08778429e+00 -5.27548373e-01 1.09315395e+00
    -4.97754157e-01 -4.55976129e-01 -2.93339580e-01 6.47879958e-01
    1.09113812e+00 8.69693458e-01 -3.82448673e-01 1.33084035e+00
    7.04771876e-01 -2.18496501e-01 -5.11365235e-01 -2.16377795e-01
    7.65507281e-01 4.51867104e-01 9.12555993e-01 -2.24349171e-01
    3.96304905e-01 1.08964396e+00 7.33189702e-01 2.14225113e-01
    -2.28175282e-01 -2.16395527e-01 2.27639198e-01 1.53401899e+00
    -1.27558947e-01 -5.13547897e-01 4.38548088e-01 -3.89484406e-01
    -2.29445100e-01 1.20075822e-01 9.10233617e-01 1.38112903e+00
    -3.52526486e-01 -4.16993320e-01 -4.42782044e-02 1.42550230e+00
    1.18952954e+00 6.40139937e-01 8.30775738e-01 -4.35417622e-01
    2.29364812e-01 1.40235114e+00 -4.54693019e-01 -1.24839634e-01
    -1.77343637e-01 -3.54607046e-01 -5.17775059e-01 5.89403391e-01
    7.62964129e-01 4.04645145e-01 5.14382243e-01 1.13418841e+00
    1.64993167e-01 2.70660341e-01 1.50227869e+00 -9.39896703e-02
    4.02993798e-01 -2.15995759e-01 3.36145043e-01 8.84919882e-01
    5.81054688e-01 -2.18473375e-01 5.30354321e-01 8.96939218e-01
    1.49943709e+00 -5.77387214e-02 2.36770809e-01 4.93463337e-01
    -4.50755596e-01 -5.68206906e-01 8.83824170e-01 1.05851507e+00
    1.47954571e+00 -2.59923935e-01 1.04753757e+00 -2.58979946e-01
    2.24319279e-01 -4.95111644e-01 5.79077840e-01 1.53281045e+00
    6.67247891e-01 1.27327645e+00 9.52078998e-01 1.43184280e+00
    -1.70561194e-01 -9.81404185e-02 -4.98603016e-01 6.87545002e-01
    1.42014384e+00 -4.35024321e-01 6.38737917e-01 2.90320158e-01
    5.38306534e-01 2.82368839e-01 3.79299581e-01 -3.95602852e-01
    1.03420591e+00 4.32695687e-01 1.39509201e+00 1.02984667e+00
    4.98415768e-01 -1.34737492e-02 -2.69794405e-01 1.10270643e+00
    6.64466143e-01 8.26975167e-01 1.24312508e+00 1.51508427e+00
    4.64853466e-01 1.30024409e+00 1.31288862e+00 1.53331184e+00
    1.31249857e+00 1.45432186e+00 6.79937303e-01 1.29542589e-01
    -1.78885221e-01 4.83270466e-01 7.81780839e-01 7.46688664e-01
    1.28375244e+00 8.27911258e-01 5.90807676e-01 1.40306485e+00
    -1.42105788e-01 1.39244652e+00 8.28746021e-01 1.00054145e+00
    1.39856362e+00 1.46565688e+00 1.37975502e+00 1.41408002e+00
    1.43899083e+00 5.83969295e-01 1.10764813e+00 1.18511486e+00
    1.42176628e+00 9.61740315e-01 2.02022851e-01 -4.12612200e-01
    1.29092336e+00 -1.91505164e-01 1.43966174e+00 -5.49822927e-01
    -3.17544341e-01 1.36935258e+00 6.45821691e-01 -3.08111310e-02
    4.23501611e-01 1.05439377e+00 8.47443402e-01 5.41395724e-01
    1.37517953e+00 9.66350317e-01 1.26349330e+00 -4.39953089e-01
    1.07002819e+00 -3.38078648e-01 4.78476286e-03 -4.99969333e-01
    3.79837811e-01 9.49389338e-02 -3.60105127e-01 1.38034439e+00
    5.71076274e-02 6.35290682e-01 4.51966345e-01 -1.70348883e-02
    1.19086528e+00 2.28482664e-01 8.31840813e-01 1.43865061e+00
    6.46433055e-01 -2.91178495e-01 4.51660454e-01 4.52398062e-01
    -1.53335929e-02 -1.97004765e-01 3.88614118e-01 -2.09129006e-01
    1.27988160e-01 9.28857505e-01 1.36300850e+00 -5.67102849e-01
    1.49651885e-01 1.26895237e+00 1.18115485e+00 6.53666735e-01
    8.78903508e-01 2.98812807e-01 7.17327774e-01 -1.01879179e-01
    1.05097032e+00 -4.58435744e-01 -2.57689685e-01 1.79559886e-01
    1.40938282e+00 7.04397202e-01 -3.63363326e-01 -4.81400281e-01
    -4.61449981e-01 4.62300241e-01 6.56752229e-01 4.32910979e-01
    -3.94363523e-01 6.71380460e-01 1.23432446e+00 3.96930218e-01
    7.85130858e-02 4.33678031e-01 -5.30120730e-01 -4.59628195e-01
    -1.48921311e-01 9.24004912e-02 -4.56769288e-01 1.04252124e+00
    3.70395720e-01 7.99101830e-01 1.31423032e+00 3.28478396e-01
    1.36627674e+00 4.30012763e-01 4.82617021e-01 -2.21576780e-01
    -5.25755405e-01 -5.02075255e-01 1.11345720e+00 5.42875648e-01
    1.51400316e+00 -4.32379663e-01 6.33921683e-01 2.06103146e-01
    -6.87962174e-02 1.04614735e+00 8.62986684e-01 1.29722357e-01
    1.34905386e+00 1.11222517e+00 9.25193667e-01 6.57256663e-01
    3.67263675e-01 1.13787246e+00 1.28274751e+00 -3.45856786e-01
    3.81892860e-01 1.47522163e+00 1.48579443e+00 1.90888107e-01
    -2.72059113e-01 5.83768606e-01 4.39197063e-01 6.60877526e-01
    3.98549020e-01 7.34217703e-01 -5.04463911e-03 -4.03351307e-01
    1.20270026e+00 9.22884107e-01 4.08179522e-01 1.44359493e+00
    -3.89953792e-01 1.31687295e+00 1.16122484e-01 -2.21543938e-01
    5.40639937e-01 -1.87450558e-01 1.27712154e+00 1.53386891e+00
    1.91054106e-01 3.42503965e-01 8.06840003e-01 1.07128358e+00
    5.26155949e-01 3.65449190e-02 -4.68565017e-01 1.49622309e+00
    4.31100667e-01 1.20239902e+00 4.73125935e-01 1.13026512e+00
    6.82920218e-01 6.52837992e-01 -5.53661287e-02 -4.81249183e-01
    7.63986826e-01 1.47322798e+00 3.91836822e-01 1.35814929e+00
    -4.29943621e-01 1.13820529e+00 1.34270334e+00 -3.97401541e-01
    1.20210028e+00 -2.65748233e-01 -1.86651975e-01 -1.88525558e-01
    1.22820282e+00 1.86767578e-01 1.28675318e+00 5.76112628e-01
    1.16419053e+00 1.38768816e+00 -4.88104135e-01 1.45640576e+00
    1.32300472e+00 1.20465159e-01 -9.35922563e-02 6.18118227e-01
    8.43847036e-01 1.83243215e-01 1.09299183e-01 3.23250294e-02
    2.08916605e-01 -8.46271217e-02 9.91957843e-01 1.43595648e+00
    1.06180179e+00 1.43553472e+00 1.21471310e+00 2.48601437e-02
    1.00107980e+00 1.41195488e+00 2.84648597e-01 9.66272712e-01
    1.24866104e+00 1.06693268e+00 2.50524521e-01 9.04777110e-01
    1.48854339e+00 -2.15189815e-01 6.43393934e-01 7.32209623e-01
    1.47546089e+00 2.22463250e-01 6.56335711e-01 5.72194159e-01
    8.01813781e-01 6.45110726e-01 -2.82644004e-01 1.35886037e+00
    -3.77378553e-01 8.64489615e-01 5.02058446e-01 -2.36294448e-01
    5.71169794e-01 1.05718088e+00 1.83395445e-01 4.89471793e-01
    1.36458981e+00 -4.75633234e-01 -2.06518859e-01 -1.26651525e-02
    8.00350249e-01 -4.94701684e-01 5.22543073e-01 7.02947438e-01
    6.66565776e-01 -2.63432860e-02 7.42236853e-01 9.94334817e-01
    -3.53198051e-02 6.31121218e-01 3.97882462e-01 7.48459816e-01
    6.34701133e-01 6.19911373e-01 8.29473495e-01 -2.66009390e-01
    -3.63922775e-01 1.15488112e-01 1.25230110e+00 -3.01648229e-01
    4.41095233e-02 1.00626218e+00 2.41724730e-01 -3.51292908e-01
    -1.12394691e-02 -1.64739549e-01 -5.09427547e-01 -2.21092165e-01
    1.44877911e+00 1.06025434e+00 -3.57993096e-01 1.14485598e+00
    2.22841501e-01 3.79965842e-01 6.48516893e-01 8.97916377e-01
    2.08183706e-01 3.54743898e-01 1.18944144e+00 6.33915663e-02
    -1.85200155e-01 6.32157147e-01 1.09511971e+00 4.39417124e-01
    1.07114935e+00 6.54189050e-01 1.26583314e+00 9.78140652e-01
    2.96679735e-01 1.06695688e+00 1.09954071e+00 6.53343379e-01
    4.25685823e-01 9.54214394e-01 3.52292418e-01 7.78078258e-01
    3.15372109e-01 1.44026327e+00 3.19178820e-01 1.20492721e+00
    5.17943501e-01 1.33184028e+00 1.21158779e-01 1.36554682e+00
    2.33422875e-01 -1.74757838e-02 1.87399507e-01 9.61060762e-01
    5.48877180e-01 3.50788236e-01 8.53206038e-01 1.64939702e-01
    -8.18975866e-02 -1.13436431e-01 -2.55233705e-01 -5.12664914e-02
    1.34299016e+00 3.08436096e-01 6.94687247e-01 1.51572227e-02
    1.53828502e-01 1.13803244e+00 1.42030728e+00 4.06537771e-01
    2.98270643e-01 -4.02747035e-01 6.65030777e-01 -2.43711501e-01
    4.03323650e-01 1.10103512e+00 -4.22884911e-01 8.36330712e-01
    1.23222113e+00 8.65768194e-01 5.14605045e-02 -3.06595147e-01
    -2.31848359e-02 1.43602014e+00 -5.26669681e-01 1.18895245e+00
    -3.28300834e-01 1.46867037e-02 3.44253838e-01 -5.00587702e-01
    1.28044534e+00 4.68849242e-01 1.08092928e+00 1.37049615e-01
    1.31870925e+00 9.37228262e-01 1.88932061e-01 -5.35743654e-01
    -2.11585879e-01 4.77743626e-01 1.28322709e+00 -5.29807925e-01
    1.03044939e+00 3.51827681e-01 -3.81064922e-01 2.35532761e-01
    5.04075229e-01 1.28660870e+00 1.50657558e+00 6.26281917e-01
    4.32938874e-01 5.53948283e-02 1.49415743e+00 6.97641671e-01
    9.90528643e-01 3.92508864e-01 7.00962782e-01 -5.18780947e-02
    -1.55942857e-01 -1.94504946e-01 1.53900445e-01 9.37438428e-01
    7.38404155e-01 -6.14356399e-02 8.57627392e-01 1.41779232e+00
    4.10434008e-01 5.63605905e-01 2.66712427e-01 8.74271989e-01
    2.81300247e-01 -6.08664751e-02 1.01271391e+00 1.17118073e+00
    2.19237208e-01 6.03883803e-01 -1.46025211e-01 1.21555996e+00
    -3.68857861e-01 1.18266761e+00 1.23773479e+00 -1.72529757e-01
    -9.40823555e-03 -2.10210174e-01 -4.79588509e-01 1.36993551e+00
    -6.65015280e-02 1.30320144e+00 -1.23582423e-01 5.66392958e-01
    3.69373679e-01 5.57560205e-01 3.10037732e-01 7.05661237e-01
    -1.80763602e-02 7.97467768e-01 1.10765696e-01 3.54463220e-01
    9.61040676e-01 8.01258504e-01 6.10609055e-02 -3.84380400e-01
    -3.81211638e-02 -4.06751007e-01 1.42631721e+00 1.35153806e+00
    8.70826840e-02 5.80206335e-01 -4.52100158e-01 1.16734445e+00
    9.26267982e-01 5.51215053e-01 -5.31911433e-01 7.39455163e-01
    1.55618167e+00 7.25206256e-01 1.59795046e-01 1.57093763e+00
    6.73291981e-01 2.82036960e-01 1.37015343e-01 -1.75515562e-01
    1.23419762e-01 1.46746302e+00 1.01947296e+00 -2.78618038e-01
    -4.16605890e-01 1.15421653e+00 1.33420897e+00 9.94647861e-01
    1.28552651e+00 2.06417918e-01 -1.54751807e-01 -4.19961512e-02
    8.87553632e-01 -1.52270526e-01 8.56462538e-01 1.01861715e-01
    1.56711888e+00 -1.52120441e-01 -3.81610215e-01 8.78883719e-01
    -3.91888499e-01 1.41435337e+00 -3.52858663e-01 1.04057240e+00
    1.16074705e+00 1.13260615e+00 1.08288610e+00 -4.60932732e-01
    1.92103982e-02 6.59300625e-01 9.53750014e-01 -1.96798265e-01
    1.28722262e+00 -7.04744458e-02 7.05760121e-01 1.05823588e+00
    -2.47985154e-01 -2.37398207e-01 5.79328239e-01 -5.47143221e-01
    1.16793180e+00 4.37651157e-01 5.02255619e-01 8.12547505e-01
    3.70618105e-01 5.31472504e-01 1.24183047e+00 -2.78131664e-01
    9.07466292e-01 1.26070213e+00 1.84428096e-01 1.69529676e-01
    1.73528731e-01 9.24674869e-01 -2.40248621e-01 -4.85447139e-01
    1.14435887e+00 7.27986693e-01 3.53115797e-01 1.28486013e+00
    -2.73401827e-01 1.11965585e+00 1.26145673e+00 1.54631019e-01
    -5.33290088e-01 -3.58240902e-01 -2.85695702e-01 -2.58988917e-01
    3.17077637e-02 -1.79712653e-01 1.46961045e+00 3.73358130e-01
    7.30164409e-01 -3.46167386e-01 1.21200085e+00 1.34633005e-01
    8.43541622e-02 1.27856553e+00 2.80874491e-01 -4.01295125e-01
    9.48258042e-02 1.35562682e+00 -4.21681970e-01 6.48613095e-01
    -2.19597578e-01 -7.85392523e-03 1.05676579e+00 1.25680733e+00
    1.40753698e+00 3.26717317e-01 4.73652482e-01 1.24483097e+00
    3.89143050e-01 -3.53496432e-01 7.51196504e-01 1.72104716e-01
    1.02776134e+00 -5.00015855e-01 4.16381299e-01 -5.78612089e-02
    1.27978778e+00 -2.03302413e-01 3.13742816e-01 8.67238641e-01
    7.02191353e-01 1.30770040e+00 -6.67110085e-02 8.40206206e-01
    -2.48745859e-01 1.46628189e+00 1.31919241e+00 7.93577433e-02
    8.03128123e-01 1.47259235e-03 -2.07768649e-01 1.46276927e+00
    6.25732899e-01 -2.65810490e-02 1.47737622e+00 1.11384857e+00
    -3.89193892e-01 3.18653762e-01 -1.64453298e-01 3.64555538e-01
    1.31124854e+00 1.50149620e+00 1.44002974e+00 -2.45040923e-01
    5.31009436e-01 -4.02139425e-01 1.47796130e+00 1.23514557e+00
    1.45790410e+00 -4.88421261e-01 5.82501471e-01 9.19724047e-01
    -1.84245110e-01 4.22523856e-01 1.15215039e+00 -5.15549481e-02
    6.64979219e-02 1.31224763e+00 1.51519763e+00 -1.27944499e-01
    4.07541275e-01 1.25675917e+00 -5.00084400e-01 7.13701189e-01
    5.90067506e-01 9.97748375e-02 9.71315801e-01 1.76851749e-02
    -8.15387964e-02 8.66758168e-01 4.43527400e-01 1.30480754e+00
    1.16514850e+00 6.86728001e-01 -3.40133429e-01 1.15390754e+00
    1.01611304e+00 1.54401720e-01 1.39047635e+00 -4.18111593e-01
    1.38521957e+00 4.91228878e-01 2.37774074e-01 8.41671586e-01
    2.80945718e-01 1.03537416e+00 9.08024728e-01 8.08266044e-01
    4.50920522e-01 7.58156240e-01 -1.56972408e-02 5.85339308e-01
    8.80337834e-01 -3.55328679e-01 8.59450877e-01 7.09863842e-01
    -5.15490472e-01 1.22333264e+00 1.08084893e+00 8.23970020e-01
    -4.29019004e-01 6.70128465e-02 6.40130639e-02 -5.06768525e-02
    1.21590686e+00 -7.33224750e-02 2.17715502e-02 8.19240868e-01
    3.22429597e-01 3.49781871e-01 2.43270814e-01 9.94735301e-01
    1.38828278e+00 9.82435286e-01 4.24098670e-01 2.52553463e-01
    1.21543622e+00 -4.67595011e-01 3.89292300e-01 -5.21584988e-01
    7.37643242e-03 1.47033501e+00 4.31168079e-02 1.15688968e+00
    -9.76439118e-02 -3.11543077e-01 5.75495362e-01 1.41337180e+00
    -2.25521445e-01 2.72533298e-02 3.04450929e-01 3.64765882e-01
    1.52113128e+00 4.71164644e-01 6.06114388e-01 9.33208704e-01
    1.42451191e+00 -3.22893262e-02 -2.63553262e-01 -1.29389018e-01
    6.16414905e-01 1.28192163e+00 -4.83406425e-01 3.95241439e-01
    5.50433397e-01 -2.43127495e-01 1.32253206e+00 -4.86504197e-01
    -3.85372549e-01 1.37864780e+00 4.64922845e-01 1.50585580e+00
    7.32008934e-01 1.47783256e+00 -1.83887780e-01 1.08851361e+00
    6.07733190e-01 4.70326483e-01 5.10565639e-02 4.20138240e-01
    7.37117648e-01 1.29405808e+00 9.64246988e-02 7.56448090e-01
    1.17250586e+00 7.31563270e-01 1.55523229e+00 1.11554503e+00
    1.25286686e+00 -4.19562697e-01 9.01949167e-01 8.52656245e-01
    4.30267096e-01 1.15894079e+00 5.92767656e-01 1.53086877e+00
    1.55633998e+00 1.28324747e+00 1.12347436e+00 -2.67875671e-01
    1.48964858e+00 9.61868942e-01 -6.15348518e-02 2.08714604e-02
    -4.16584492e-01 -4.79799598e-01 6.58727467e-01 1.40898466e+00
    2.24794388e-01 1.34388494e+00 3.71011019e-01 -1.29972458e-01
    6.60870612e-01 -2.38886297e-01 1.11532807e+00 -4.92692471e-01
    1.45658302e+00 3.81260633e-01 -1.07413262e-01 -4.58128572e-01
    -3.08374673e-01 6.70775473e-01 1.03566194e+00 9.10038054e-01
    6.98596776e-01 7.42500126e-01 8.46371531e-01 4.94320571e-01
    2.40954161e-02 1.46675801e+00 -3.53409082e-01 -4.66867030e-01
    -2.63486087e-01 7.09688723e-01 5.72374284e-01 4.50568020e-01
    -6.06743097e-02 1.74959064e-01 8.81471634e-01 -4.68817234e-01
    3.13390493e-02 1.31645143e+00 1.02636766e+00 6.76987350e-01
    7.37134635e-01 1.04984283e+00 5.17159939e-01 2.22204030e-01
    1.26781523e-01 3.52033973e-02 8.39268267e-01 -1.96744144e-01
    -5.26248217e-01 9.54711437e-01 1.29959369e+00 1.24200392e+00
    5.59091389e-01 6.72508836e-01 9.66297030e-01 -3.53888214e-01
    1.26198387e+00 -4.94140923e-01 -2.60898471e-01 4.58419442e-01
    9.63037789e-01 7.71528840e-01 7.13273883e-01 1.10088229e+00
    -3.11941504e-02 -2.73846477e-01 1.51295841e+00 -2.22321719e-01
    4.58755076e-01 -2.84521043e-01 -1.94363773e-01 -5.59375167e-01
    1.12124741e+00 1.51178694e+00 5.01856625e-01 9.71202075e-01
    1.92711473e-01 5.87394774e-01 -3.10155272e-01 1.44957721e+00
    1.98164403e-01 1.35338116e+00 1.16640925e-02 8.27640057e-01
    1.79720938e-01 5.91981709e-01 -2.26473600e-01 -1.92330986e-01
    -2.14118689e-01 6.51491344e-01 1.01644230e+00 4.28010821e-01
    -5.08531451e-01 1.40723312e+00 -1.16034657e-01 5.62085927e-01
    -2.55014718e-01 -4.09075022e-02 1.37523413e+00 3.02486122e-01
    1.13871479e+00 -3.59633684e-01 5.31603634e-01 7.37013996e-01
    1.14802814e+00 1.36080694e+00 1.38707161e+00 1.11567998e+00
    6.06345952e-01 1.45145845e+00 6.20439649e-01 1.95895553e-01
    1.01699281e+00 8.10948908e-01 5.21860301e-01 1.28340781e-01
    -1.62921876e-01 5.84694505e-01 2.04588354e-01 1.04704452e+00
    1.28763914e+00 4.81304049e-01 2.58251548e-01 2.21976340e-01
    5.71146727e-01 1.65905237e-01 8.13551843e-01 -1.03542358e-01
    7.68257499e-01 -9.12439227e-02 -3.36342275e-01 3.99559677e-01
    1.32993233e+00 9.19477522e-01 1.08342743e+00 5.33062458e-01
    -5.24380982e-01 -2.46591568e-02 6.15596652e-01 1.00199425e+00
    -7.99236000e-02 -1.74652874e-01 -3.18351209e-01 3.48679364e-01
    3.09567690e-01 2.92067230e-01 6.23173594e-01 1.28652453e+00
    1.22838354e+00 -3.04592997e-01 3.95119786e-02 1.29573298e+00
    5.55193484e-01 3.26445580e-01 1.07886112e+00 -1.81321442e-01
    1.02855992e+00 8.51556718e-01 -1.51358306e-01 1.41601133e+00
    1.21344233e+00 8.81264269e-01 2.20860720e-01 -5.55581450e-02
    -1.38716251e-01 1.45397425e+00 -3.73431087e-01 4.19001698e-01
    1.86060071e-02 5.24212897e-01 1.40725553e-01 6.63799047e-02
    -3.39054108e-01 1.00136089e+00 1.50230372e+00 8.01690578e-01
    -2.91372985e-01 1.03932095e+00 7.52708912e-01 1.34087026e-01
    6.29564106e-01 9.60942149e-01 6.07005060e-01 6.34998202e-01
    -2.81862915e-01 1.25205243e+00 3.42334926e-01 1.16978335e+00
    1.07438028e+00 5.78958869e-01 4.99851704e-01 -1.49182469e-01
    5.72514355e-01 3.29537630e-01 1.12471819e+00 3.09352636e-01
    1.26999676e-01 6.73651397e-01 2.20305324e-01 -2.20183313e-01
    -5.05462527e-01 1.53663898e+00 1.27106833e+00 -3.40231240e-01
    1.54655004e+00 2.54303336e-01 1.02488542e+00 -2.48818457e-01
    -1.07205391e-01 -2.06908286e-01 1.36678934e+00 -5.08147478e-03
    1.00463915e+00 -4.05070066e-01 2.37113714e-01 -1.20852023e-01
    -4.30144012e-01 2.09977925e-01 -4.10284579e-01 2.57184148e-01
    1.11725700e+00 -1.32090181e-01 -3.60539794e-01 1.09542775e+00
    8.54547977e-01 4.65862811e-01 7.04364777e-01 3.32261562e-01
    5.20464003e-01 4.13472772e-01 3.92409980e-01 9.05162334e-01
    -6.59076869e-02 8.33340287e-02 7.95010567e-01 3.62928092e-01
    -3.43335927e-01 2.53551543e-01 1.40372717e+00 -5.46340644e-02
    7.36291945e-01 1.20817900e+00 9.80761409e-01 -3.35472345e-01
    5.25389910e-01 3.37920189e-02 1.11181974e+00 3.03926110e-01
    -3.18332553e-01 1.05520511e+00 1.20603848e+00 1.41044688e+00
    6.85091913e-01 8.88332307e-01 -2.02921242e-01 -3.61424088e-01
    -3.67569864e-01 -8.77464712e-02 9.83358800e-01 1.48093700e+00
    9.19529200e-02 1.43106794e+00 -2.72272229e-02 9.39581752e-01
    2.18040287e-01 1.35666776e+00 5.53469598e-01 1.31328821e+00
    5.23556650e-01 2.31321573e-01 9.25210714e-01 1.99745297e-02
    -3.91177714e-01 2.17053175e-01 7.67180443e-01 1.54099381e+00
    6.29796922e-01 9.05131161e-01 2.87188232e-01 1.19725823e+00
    1.25157666e+00 1.75000489e-01 2.63919771e-01 8.76690567e-01
    1.39503360e+00 1.54304123e+00 1.16861081e+00 -1.78431183e-01
    1.16734004e+00 1.40311134e+00 1.52107060e-01 2.07460225e-01
    -3.14601183e-01 1.19670033e-01 -1.82176828e-02 -3.77944410e-02
    -6.37719631e-02 -1.68116122e-01 5.20512402e-01 -5.03648281e-01
    1.29706144e+00 1.05196929e+00 7.99819708e-01 9.19416010e-01
    1.04555666e-01 2.73628354e-01 5.75668216e-02 7.46641278e-01
    -2.04793692e-01 -4.52556103e-01 -7.33992457e-02 5.49046755e-01
    1.53538764e+00 1.40419722e+00 1.02141917e+00 -3.46493483e-01
    -2.15465456e-01 9.34952259e-01 -3.29729021e-01 -3.76307964e-03
    -2.99224794e-01 1.06086254e-01 1.06078672e+00 1.25561547e+00
    -7.16245174e-03 1.32755995e+00 9.47262108e-01 1.46538997e+00
    8.11101913e-01 1.34771311e+00 -2.21936584e-01 1.41565764e+00
    -2.79959619e-01 9.27139342e-01 -3.85113895e-01 1.51962066e+00
    2.61535585e-01 -1.07782274e-01 8.17145467e-01 4.05423343e-01
    6.60427630e-01 1.20170236e-01 9.27061200e-01 9.53961015e-01
    7.82610238e-01 2.45927870e-01 -4.83644813e-01 -3.30949366e-01
    3.04861844e-01 1.03567719e+00 -1.66102618e-01 1.31927514e+00
    4.98159707e-01 1.34889627e+00 1.07057095e+00 1.85717165e-01
    -2.78091222e-01 8.53306413e-01 8.10786486e-01 -4.64566082e-01
    -3.41524810e-01 8.44685435e-01 2.17955887e-01 1.23393273e+00
    8.75135660e-01 3.07610571e-01 9.60067809e-01 1.04264641e+00
    1.36146331e+00 -4.41089928e-01 6.20253086e-02 7.16874003e-01
    3.90490115e-01 1.30681944e+00 1.09244657e+00 -2.80193448e-01
    1.23025203e+00 -1.97008789e-01 -1.47173315e-01 -2.80073762e-01
    6.24435306e-01 5.14537692e-01 8.68858516e-01 9.85826254e-01
    5.05689919e-01 1.95950150e-01 1.48021054e+00 5.29342890e-02
    -2.43759066e-01 -2.45094538e-01 -2.13237345e-01 -1.48181468e-01
    1.51232100e+00 7.04753995e-01 -3.04886103e-01 1.21804404e+00
    1.03028822e+00 8.16479921e-02 3.34475398e-01 2.11999118e-01
    1.35372031e+00 7.13672519e-01 1.92494392e-01 -4.38596249e-01
    -2.24869400e-01 1.01695204e+00 -5.20543277e-01 -2.82916993e-01
    -1.30109787e-02 1.20700872e+00 1.30443180e+00 1.35126352e+00
    6.80408657e-01 1.37432551e+00 -4.27871346e-01 -4.03698385e-01
    -2.95456052e-01 -4.09381032e-01 6.95899248e-01 1.35115802e-01
    2.58131027e-02 5.24387062e-01 1.14230704e+00 6.67047143e-01
    9.34379816e-01 3.00709546e-01 -4.69827294e-01 -2.45230705e-01
    1.13534379e+00 1.56623459e+00 9.72626746e-01 6.68833733e-01
    1.26366425e+00 -4.27324593e-01 -2.06193000e-01 -5.06914973e-01
    1.06890798e+00 -7.22945929e-02 1.52484703e+00 -5.30997753e-01
    4.01014805e-01 1.52535164e+00 6.15387917e-01 1.13132644e+00
    1.12347555e+00 -2.47185498e-01 -2.63255835e-03 4.88562226e-01
    5.99038005e-02 -3.60371768e-01 -5.06244123e-01 -3.72062325e-02
    -3.23493600e-01 1.37719655e+00 1.50326633e+00 -1.80773169e-01
    1.32930958e+00 1.04422474e+00 6.97966754e-01 7.24789023e-01
    3.95371199e-01 1.14990091e+00 9.16004479e-01 1.16971660e+00
    3.12543571e-01 -2.42048949e-01 2.84082651e-01 -2.58393884e-02
    1.40926838e+00 -5.26820183e-01 -1.36106491e-01 8.68737817e-01
    -2.16683626e-01 6.75307989e-01 -4.56148326e-01 9.49501634e-01
    8.15503359e-01 2.81514585e-01 8.90315592e-01 6.70544505e-01
    7.08902299e-01 -3.48605871e-01 1.53638816e+00 3.70247543e-01
    1.01154327e+00 5.13736784e-01 -1.77770704e-01 -3.65325212e-02
    7.93644428e-01 1.33142602e+00 1.06116319e+00 4.79480863e-01
    1.20428491e+00 1.06803274e+00 1.03765583e+00 1.14740086e+00
    7.89495647e-01 7.10392237e-01 1.44262552e+00 -3.59746218e-01
    8.03026497e-01 -2.54918456e-01 1.55314803e-01 -4.69726652e-01
    5.23965538e-01 1.27086806e+00 5.82745135e-01 8.92864466e-01
    -2.32764006e-01 -7.72609413e-02 5.80488265e-01 1.18046880e+00
    -1.98772043e-01 2.54900813e-01 1.50649250e-01 4.73433733e-03
    1.30828023e+00 1.39491820e+00 1.44621992e+00 5.03274977e-01
    2.14632869e-01 -1.28784388e-01 7.25215733e-01 1.49708569e+00
    1.00278282e+00 -1.35251790e-01 9.32825267e-01 9.32338238e-02
    1.38747072e+00 1.06436205e+00 -1.20919824e-01 5.74700534e-01
    -4.78248954e-01 -1.78318173e-01 -5.23266673e-01 1.07031775e+00
    8.29061627e-01 8.21372390e-01 1.35250783e+00 4.48763371e-01
    1.36518550e+00 1.34596562e+00 1.37461042e+00 -5.26692092e-01
    9.13389325e-02 -3.41914326e-01 -3.07449102e-01 -5.38398862e-01
    9.36694682e-01 -2.79841900e-01 3.79664898e-01 1.12363875e+00
    1.01042449e-01 -4.63592857e-01 -9.15716887e-02 1.38408816e+00
    -2.04270005e-01 1.53058290e-01 4.27458763e-01 1.11999261e+00
    -2.41387516e-01 -8.00645649e-02 7.31726646e-01 9.53626990e-01
    -2.04618245e-01 -4.15135205e-01 -3.20136547e-04 -2.33553261e-01
    1.12150717e+00 7.59337544e-01 8.10623109e-01 5.36462724e-01
    9.04227316e-01 4.14650559e-01 1.12562656e+00 2.07731724e-01
    1.13630831e+00 -3.86852264e-01 1.29320729e+00 -2.21403897e-01
    9.46624041e-01 -4.84040320e-01 -3.14269632e-01 6.85927629e-01
    4.54303145e-01 -4.05022264e-01 3.87442470e-01 -1.72874689e-01
    7.47878253e-01 3.58700514e-01 1.52597606e+00 3.61639023e-01
    1.41378307e+00 1.38309443e+00 1.02604103e+00 3.25939894e-01
    9.96584296e-02 1.49639630e+00 6.90297306e-01 7.21602201e-01
    3.60738158e-01 1.53542709e+00 1.62563622e-01 1.09494579e+00
    1.45161867e+00 7.32932746e-01 -1.09435380e-01 7.72119761e-02
    8.37194860e-01 -1.74968630e-01 -4.14303482e-01 2.10445702e-01
    1.19305849e-01 1.04837489e+00 -3.81044149e-02 3.04027021e-01
    1.03942585e+00 1.15418112e+00 4.70324755e-02 1.89506471e-01
    4.71883118e-01 1.37625515e-01 1.22031045e+00 7.23961592e-02
    -9.94988084e-02 1.10512495e+00 -1.65569335e-01 2.04948545e-01
    -1.39378965e-01 6.54171169e-01 9.37694788e-01 8.60613406e-01
    -2.00376362e-01 1.44003439e+00 -1.20449871e-01 1.72674477e-01
    6.09258056e-01 -1.42413437e-01 -1.44521654e-01 1.34393883e+00
    6.46972001e-01 9.03929591e-01 1.00155604e+00 1.06586874e+00
    7.98866391e-01 3.22359860e-01 9.29985821e-01 1.43595064e+00
    1.30045676e+00 9.41198766e-01 1.27375126e-01 1.49132013e+00
    1.12320256e+00 3.89984310e-01 9.61794615e-01 4.13229525e-01
    6.75767660e-01 -1.34686172e-01 8.91118586e-01 7.08813965e-01
    4.72635627e-01 9.26024437e-01 -4.90815848e-01 -2.44482756e-02
    -2.83972919e-01 -4.90357012e-01 6.16064727e-01 9.61827695e-01
    2.37498581e-01 1.23225117e+00 8.19905758e-01 5.48919082e-01
    3.92073452e-01 -1.33986890e-01 -1.07645839e-01 8.08370113e-02
    3.02223921e-01 9.35895503e-01 8.54322016e-01 5.63581228e-01
    1.14923120e-01 5.63603282e-01 2.36005306e-01 1.10015762e+00
    9.47588742e-01 -4.69038457e-01 -2.26372004e-01 1.49972618e-01
    1.54239750e+00 9.85934675e-01 9.78053391e-01 8.44070017e-01
    2.59931445e-01 6.54561341e-01 6.35541916e-01 1.40041018e+00
    5.62673450e-01 -3.94577384e-02 1.26774931e+00 4.06640649e-01
    6.84746444e-01 -2.32792765e-01 1.01182413e+00 -3.89155358e-01
    -5.34019113e-01 1.28224921e+00 8.54622900e-01 3.37735951e-01
    1.70728743e-01 1.36154032e+00 -1.86579794e-01 4.44952011e-01
    -1.77811325e-01 -1.06695294e-01 1.35423326e+00 6.59245074e-01
    3.72441173e-01 1.42399108e+00 -4.08853710e-01 1.48032022e+00
    6.12978041e-01 1.09307814e+00 1.13420022e+00 -5.99586964e-03
    1.55558372e+00 -2.12114304e-01 -4.35350567e-01 6.97258890e-01
    8.77137005e-01 1.33163524e+00 2.64889836e-01 6.08120024e-01
    1.29531574e+00 9.65480208e-02 8.52270305e-01 8.76260757e-01
    4.12714243e-01 -3.01403999e-01 1.07646871e+00 1.24312747e+00
    -2.84847349e-01 6.38390958e-01 1.53883040e-01 3.00874114e-02
    1.25027895e+00 6.77869320e-02 -4.26813364e-02 -5.04148006e-01
    4.60074842e-01 1.29001951e+00 1.22118068e+00 -3.27909291e-01
    8.78432989e-01 -1.56753927e-01 3.32158506e-01 -4.83927757e-01
    2.50402749e-01 -2.43131340e-01 1.13656938e-01 4.32979465e-01
    4.86405373e-01 -1.66490912e-01 8.69776726e-01 1.06883049e-01
    1.63034260e-01 2.45192409e-01 4.03223515e-01 -3.29153180e-01
    6.85762942e-01 6.30369544e-01 8.00100565e-02 1.41968393e+00
    4.44173753e-01 1.09315586e+00 -4.79894340e-01 1.57247186e+00
    1.26057041e+00 -8.25403929e-02 7.19473600e-01 8.43198776e-01
    -3.67811888e-01 5.57084382e-01 1.08305931e+00 3.47702801e-01
    -6.14356101e-02 1.47251368e+00 1.04849684e+00 -3.03143859e-02
    9.19160962e-01 -2.35881686e-01 5.56805611e-01 2.59986877e-01
    -1.84683174e-01 7.59887695e-03 -2.92452425e-01 -2.58157253e-01
    -2.50303775e-01 -2.87857443e-01 5.47003150e-02 9.94324684e-03
    5.48222721e-01 -4.30817604e-02 3.84771645e-01 3.45222294e-01
    1.01410389e+00 -3.63942981e-01 1.48825669e+00 2.31495976e-01
    6.93870485e-01 1.33707488e+00 1.00022197e+00 4.67391789e-01
    -3.08794379e-01 1.55579829e+00 2.20149398e-01 4.63799834e-02
    -1.27105623e-01 -3.80605489e-01 -4.37205553e-01 8.72256279e-01
    1.30046010e+00 -3.90463471e-01 1.34881616e+00 2.64340103e-01
    3.26681972e-01 1.39355016e+00 3.26280773e-01 1.06183445e+00
    -5.17285585e-01 -5.39262474e-01 -5.11294723e-01 1.41121781e+00
    4.52381790e-01 1.25651383e+00 1.30460560e-01 7.52912581e-01
    2.12760806e-01 2.37839222e-02 9.59825277e-01 7.06046581e-01
    -4.92340207e-01 -3.11423063e-01 1.04522586e+00 7.51188397e-01
    7.65739024e-01 9.48732376e-01 7.59848654e-01 1.24485195e-01
    1.17694175e+00 -4.06117737e-01 7.77930260e-01 2.92904198e-01
    6.98253632e-01 4.27411973e-01 7.19502568e-02 7.76216507e-01
    5.76891065e-01 -3.35950434e-01 1.41376090e+00 -4.93826568e-01
    4.83550310e-01 -4.04723555e-01 6.74366355e-02 2.48983741e-01
    -5.10557234e-01 3.16185355e-01 3.57658863e-01 -3.95770073e-01
    -3.69220614e-01 1.41595602e+00 7.03584313e-01 4.90160465e-01
    5.88828981e-01 6.23642921e-01 1.74679339e-01 1.48344660e+00
    -1.61398023e-01 -3.33979607e-01 -1.99977189e-01 -1.34880602e-01
    8.05761099e-01 3.49444568e-01 6.40319347e-01 1.50992632e-01
    8.95155072e-02 -2.41126508e-01 5.61830163e-01 8.80317867e-01
    8.36626709e-01 3.57894599e-01 2.84998059e-01 9.35313582e-01
    3.09621036e-01 6.94972157e-01 1.50981152e+00 -4.25669134e-01
    3.56049061e-01 1.33049214e+00 5.80397487e-01 1.03341830e+00
    -4.41758275e-01 1.09046912e+00 -3.47638249e-01 1.28658342e+00
    6.51316345e-01 -3.18491936e-01 3.69663894e-01 6.53853536e-01
    7.98033059e-01 4.83101964e-01 5.50794125e-01 1.46100163e+00
    9.32561934e-01 3.50854933e-01 5.10418177e-01 -6.73367083e-02
    9.46568310e-01 1.15402985e+00 5.64896882e-01 6.97731435e-01
    1.30386376e+00 1.45892406e+00 1.16071939e+00 1.05760229e+00
    1.38650370e+00 7.62867272e-01 1.03595006e+00 1.59492946e+00
    9.92464840e-01 4.04977202e-01 3.22523057e-01 1.09074974e+00
    4.40138638e-01 4.16763783e-01 4.04264927e-01 2.91518927e-01
    -4.64012206e-01 2.14841902e-01 -1.72937155e-01 -4.64796394e-01
    6.78277016e-02 6.38478994e-03 1.16057944e+00 -3.99779290e-01
    -4.76636201e-01 -3.85516524e-01 -1.65042520e-01 7.46863782e-01
    4.13479090e-01 -1.46373510e-02 -5.11580050e-01 -3.46043110e-01
    1.37828767e-01 -2.63354599e-01 7.56762266e-01 -3.89071643e-01
    -3.96024466e-01 -3.22651267e-01 1.34359431e+00 9.29251611e-01
    7.09493518e-01 1.15887344e+00 7.62242377e-01 1.23782372e+00
    7.76136518e-02 1.23562181e+00 4.97387588e-01 1.53304362e+00
    4.53291357e-01 4.45720196e-01 -4.85991657e-01 4.17792857e-01
    1.19249046e-01 8.86084378e-01 7.97805607e-01 1.34556627e+00
    -1.34252012e-01 2.65959442e-01 1.31373799e+00 1.42765880e+00
    1.40054536e+00 -4.12084371e-01 1.32237267e+00 9.55460370e-01
    6.81153357e-01 1.40272152e+00 1.32877457e+00 1.42461801e+00
    1.00639892e+00 9.55626786e-01 1.48512292e+00 1.86684549e-01
    1.10200989e+00 7.92837620e-01 6.00784302e-01 1.38455880e+00
    1.12541509e+00 1.37710071e+00 7.75763392e-01 -6.60594404e-02
    5.68979323e-01 1.18388259e+00 -4.86500353e-01 4.87183213e-01
    3.35788190e-01 3.23752582e-01 1.06942594e-01 1.52847838e+00
    4.38131869e-01 1.47773111e+00 8.26645970e-01 1.14963949e-01
    1.57936275e-01 8.61299634e-01 1.00998497e+00 6.09141946e-01
    4.64316368e-01 1.81658030e-01 6.91135585e-01 -1.64436698e-01
    3.18075597e-01 -3.04672360e-01 8.34838450e-01 6.71353221e-01
    6.34674788e-01 -2.32613355e-01 -3.00429136e-01 1.03172946e+00
    -4.33635712e-03 -5.95912635e-02 6.54354572e-01 6.31468356e-01
    8.06737602e-01 -1.27491921e-01 6.84038639e-01 1.24286914e+00
    9.54828858e-02 1.38354158e+00 1.50053000e+00 8.53295028e-01
    -4.03286874e-01 1.00665784e+00 7.26998687e-01 5.93546331e-01
    1.37833321e+00 7.46808171e-01 -4.41167325e-01 8.14680219e-01
    8.94074559e-01 -5.32182693e-01 8.65961909e-01 1.69410706e-02
    3.35922003e-01 -2.59151071e-01 1.67483032e-01 1.19827604e+00
    9.84448791e-01 -5.84692955e-02 -1.26824915e-01 6.21018112e-01
    -4.43658739e-01 1.21665311e+00 8.18791449e-01 8.47860038e-01
    -3.34543467e-01 4.89315271e-01 8.24802637e-01 1.56531119e+00
    1.12611175e+00 -1.71483755e-02 -4.82344925e-02 -4.12123829e-01
    5.06462395e-01 6.46853626e-01 1.43178201e+00 1.45585144e+00
    1.30727172e+00 9.19041097e-01 1.29238355e+00 9.29031968e-01
    1.37603319e+00 -2.96478093e-01 8.77598822e-01 1.04281116e+00
    7.04300404e-02 2.29409158e-01 1.40008640e+00 3.14906299e-01
    5.71495473e-01 1.34584904e-02 6.86489999e-01 8.59017611e-01
    2.57706583e-01 -3.02742779e-01 1.55000401e+00 4.20972228e-01
    -3.95413101e-01 -1.25312775e-01 1.22417021e+00 7.41524100e-02
    -1.50990784e-01 -4.87988293e-01 3.12177956e-01 5.36425650e-01
    7.11303234e-01 1.25848389e+00 1.22645283e+00 6.44174814e-02
    -1.01578236e-03 3.10215533e-01 1.20000589e+00 7.17335343e-02
    1.32577360e-01 -3.29351127e-01 1.08556914e+00 6.30880475e-01
    9.59238768e-01 -1.33174270e-01 1.20065033e-01 -4.17268693e-01
    1.89892054e-01 -2.73135304e-01 1.79150343e-01 9.66155648e-01
    5.72224021e-01 1.34530795e+00 9.50366437e-01 7.36334026e-01
    -4.89878118e-01 -1.16590977e-01 -1.34209841e-01 -2.53997445e-02
    -3.45269799e-01 -4.36740071e-01 5.50503850e-01 1.12731385e+00
    6.50026977e-01 -1.67577684e-01 -2.11639106e-01 1.53001773e+00
    6.28123462e-01 1.14693689e+00 1.43061924e+00 1.29393888e+00
    -3.61378074e-01 1.16990221e+00 -3.58695269e-01 4.17111516e-01
    -4.65811610e-01 1.37535238e+00 1.45349848e+00 3.16631854e-01
    6.97516501e-01 9.49372828e-01 -4.85811234e-02 -3.97032499e-02
    -2.75465667e-01 1.10373259e-01 1.25078166e+00 1.38921916e+00
    6.87008739e-01 9.42138672e-01 1.26866269e+00 1.91327691e-01
    3.09564888e-01 3.14473987e-01 3.84805202e-01 1.37251258e+00
    6.90086961e-01 -1.51782006e-01 1.01195979e+00 8.41307163e-01
    -1.05754793e-01 1.38475275e+00 1.24142480e+00 9.95910883e-01
    6.77743554e-01 1.11525655e+00 -5.45707047e-02 6.46047652e-01
    6.95227981e-01 1.14728749e-01 8.57050896e-01 2.70982087e-01
    -4.21796292e-01 1.25546169e+00 6.19756401e-01 1.31963348e+00
    -4.05197203e-01 1.00843525e+00 4.43194985e-01 1.58780217e+00
    2.18534112e-01 1.70631111e-01 1.88009262e-01 3.50100935e-01
    -2.07954109e-01 9.08213615e-01 6.70983791e-01 -2.98123956e-01
    -5.23713768e-01 1.04147911e+00 -2.74518907e-01 2.67922878e-04
    6.71594620e-01 9.70189154e-01 6.63901925e-01 7.92038560e-01
    1.11955523e+00 1.52395904e+00 -2.75550485e-02 1.01123953e+00
    4.67907727e-01 1.38433492e+00 8.30287516e-01 1.84113204e-01
    1.31331468e+00 1.31830978e+00 1.00404644e+00 4.66837108e-01
    1.46213770e+00 -1.39992177e-01 -3.05613101e-01 -4.12655801e-01
    8.85054946e-01 5.57680249e-01 1.07412767e+00 -6.25437796e-02
    8.12689126e-01 1.33146620e+00 1.18793356e+00 6.84269071e-02
    -2.34465897e-01 -2.55492210e-01 3.68938267e-01 -3.96264225e-01
    3.84829581e-01 1.30861545e+00 6.70559645e-01 -2.56342143e-01
    1.33502173e+00 -3.05418372e-02 1.54444647e+00 -1.48878843e-01
    4.41114426e-01 4.63125467e-01 1.26063728e+00 -3.51820827e-01
    -6.00832105e-02 1.10934305e+00 9.98589635e-01 -4.88617510e-01
    -3.00697893e-01 1.34018195e+00 -3.91699195e-01 -4.58445579e-01
    6.64040089e-01 6.58480227e-01 9.67691720e-01 2.36321747e-01
    2.25018740e-01 -2.57147491e-01 -4.83334064e-03 -3.44098032e-01
    2.72285402e-01 -5.32471895e-01 1.15302753e+00 -5.17457604e-01
    1.98700845e-01 1.98245525e-01 6.43322647e-01 8.30597281e-01
    -6.17703795e-02 8.15648139e-01 1.49018133e+00 1.96540952e-01
    -3.51367712e-01 4.37920511e-01 -4.52698231e-01 8.43462586e-01
    1.42741656e+00 1.34216261e+00 1.43347263e+00 -4.00044233e-01
    8.28761876e-01 5.83304167e-02 1.09010899e+00 7.34803557e-01
    -4.15407240e-01 4.86174345e-01 9.71638620e-01 8.40854824e-01
    1.36140656e+00 1.34662592e+00 1.53864980e+00 1.61042273e-01
    -2.74632365e-01 7.23679066e-01 9.53461468e-01 -3.76992732e-01
    1.07863116e+00 5.99312723e-01 1.51463032e-01 8.38352144e-01
    5.05700767e-01 8.02495003e-01 1.13881516e+00 7.45271146e-01
    1.50949728e+00 6.09116971e-01 8.19039047e-01 1.46070147e+00
    -2.28419304e-01 1.28277576e+00 7.49279201e-01 1.58496201e-01
    2.69274056e-01 3.15689683e-01 -3.50306034e-02 1.39131570e+00
    2.43836701e-01 8.68856251e-01 1.11160016e+00 3.58385444e-01
    6.63863778e-01 1.52823687e+00 -3.16895664e-01 1.15237737e+00
    -4.96188998e-02 3.92425060e-03 1.15349400e+00 9.08888638e-01
    3.43284070e-01 1.35693288e+00 1.51497304e+00 1.39206100e+00
    1.46977127e+00 4.13694263e-01 -5.47530890e-01 7.96759903e-01
    -2.61201233e-01 8.27098608e-01 1.48541689e+00 3.33077908e-02
    8.35065365e-01 7.69702256e-01 1.33417165e+00 1.40996218e+00
    5.28655410e-01 1.55558419e+00 1.25480032e+00 4.01146710e-01
    -2.71565199e-01 9.24994469e-01 6.53676629e-01 1.16128910e+00
    7.42084146e-01 1.04998958e+00 -7.33137131e-06 7.90793538e-01
    1.45996881e+00 3.61766219e-02 6.78113878e-01 -7.55487084e-02
    9.88553584e-01 8.10911059e-02 3.16901803e-01 -4.17273194e-01
    4.92966950e-01 6.54616475e-01 -5.20596147e-01 1.48323512e+00
    -6.23807907e-02 1.54801726e+00 -3.97010446e-01 6.41338050e-01
    1.06662774e+00 1.72703326e-01 1.43872654e+00 1.02944660e+00
    4.41219151e-01 9.97316837e-02 1.44116092e+00 1.25155544e+00
    1.12322640e+00 8.93058717e-01 6.66714132e-01 4.96406138e-01
    1.20316458e+00 1.30318785e+00 3.67881179e-01 7.47399271e-01
    1.42902195e-01 7.31898546e-02 1.13458312e+00 1.43667936e-01
    2.70565033e-01 1.32368076e+00 1.55553508e+00 -2.35459059e-01
    5.03237545e-01 8.48253489e-01 -2.47336000e-01 -1.54517084e-01
    1.04997134e+00 8.91181469e-01 1.38021743e+00 3.53737235e-01
    6.14549816e-01 2.31241405e-01 1.41880238e+00 8.12966824e-02
    1.31451249e-01 4.83873487e-01 6.02695048e-01 5.28309822e-01
    7.13232160e-01 3.31263959e-01 7.43320584e-02 -1.20359689e-01
    1.49183536e+00 -2.01781631e-01 9.56941843e-02 1.94951773e-01
    8.90651762e-01 -1.13560796e-01 7.57051170e-01 -4.67699170e-02
    -5.24519086e-01 4.15535569e-02 -2.90005118e-01 -8.48160386e-02
    -2.74161190e-01 2.21407413e-01 -1.44920409e-01 1.57080054e+00
    1.30027509e+00 -3.87727767e-01 2.83440828e-01 4.92808819e-01
    7.65418410e-02 -3.50772917e-01 3.26850295e-01 1.09611464e+00
    8.98857713e-02 -5.80832958e-02 -5.14768600e-01 -3.38013828e-01
    1.26667070e+00 -3.17982554e-01 3.88190806e-01 3.69788647e-01
    4.04002547e-01 -3.83147061e-01 -5.05408585e-01 7.20232308e-01
    1.21340144e+00 1.43662119e+00 5.10382354e-01 3.09952497e-01
    1.45009375e+00 1.85047448e-01 4.10395563e-01 -4.84059989e-01
    1.52216554e+00 3.66240561e-01 3.81635189e-01 2.12504208e-01
    4.81100857e-01 1.98414445e-01 6.67290151e-01 3.49855125e-01
    -4.60482448e-01 4.15386856e-01 1.33089995e+00 3.97188425e-01
    -1.90505862e-01 -5.65996170e-02 1.33890247e+00 9.97613668e-01
    -8.55128765e-02 9.81476903e-01 1.03628981e+00 2.95594811e-01
    4.82268989e-01 -1.02932483e-01 1.24651492e+00 -2.94721335e-01
    2.41399050e-01 9.60367560e-01 1.21410370e+00 -1.73414052e-01
    6.42431140e-01 1.41438890e+00 3.27831149e-01 9.57827628e-01
    2.61498332e-01 -2.58830070e-01 8.56432915e-02 1.31062615e+00
    6.41453207e-01 1.11478257e+00 -3.19745749e-01 1.55343664e+00
    1.26492369e+00 -1.70970917e-01 1.55905867e+00 2.05430984e-02
    1.13598537e+00 -5.95096648e-02 1.52597761e+00 3.87543082e-01
    -3.62073898e-01 -2.60463238e-01 -1.47432804e-01 1.05423212e-01
    8.68862569e-01 7.59422600e-01 -5.18728077e-01 9.98925865e-01
    -2.88423091e-01 5.48120737e-01 -3.59110087e-01 -2.78066814e-01
    2.90868998e-01 1.03840828e-02 6.42757416e-02 9.76904035e-02
    9.00716782e-02 1.47868156e+00 -3.48937809e-02 -1.25577092e-01
    9.22640622e-01 -2.70977437e-01 8.68099868e-01 -3.21304440e-01
    5.92183232e-01 -5.10712802e-01 4.42099750e-01 -4.34724778e-01
    1.98290825e-01 1.41241014e+00 1.45475459e+00 -2.59338796e-01
    -4.36676741e-01 4.27789092e-01 -2.76755899e-01 -4.14609820e-01
    -4.56609786e-01 1.23520970e+00 6.09037519e-01 -5.21042824e-01
    1.08298326e+00 1.20219445e+00 1.42133808e+00 -2.33681619e-01
    8.22668552e-01 1.15536737e+00 -3.24594617e-01 4.99360442e-01
    1.13742781e+00 -2.83536166e-01 1.01326895e+00 1.33470988e+00
    9.67379868e-01 -1.74543262e-01 6.07698917e-01 -4.16220874e-01
    1.04425073e+00 -3.07452083e-01 4.74794567e-01 -1.84462637e-01
    2.21907198e-01 4.33624148e-01 4.19026673e-01 9.28966284e-01
    1.20208669e+00 -3.28245848e-01 -2.61258394e-01 9.01557326e-01
    6.00146651e-02 9.70583975e-01 3.93698990e-01 8.66907537e-01
    3.60704839e-01 6.52428508e-01 8.81892383e-01 7.93089628e-01
    1.26029587e+00 1.13653541e+00 4.57298696e-01 1.12558222e+00
    6.18591011e-01 9.61272359e-01 3.59385252e-01 1.49663997e+00
    1.44894791e+00 1.25296855e+00 6.54037416e-01 1.32079327e+00
    7.34965026e-01 -2.33677000e-01 4.13558483e-01 -5.50559819e-01
    1.23607230e+00 2.69893348e-01 7.20872939e-01 9.64077115e-01
    3.71341825e-01 1.11153305e-01 -3.90712440e-01 2.66450644e-02
    7.56668866e-01 -4.60015357e-01 7.26201296e-01 1.44822872e+00
    4.37026262e-01 9.56601858e-01 1.51477981e+00 1.17654061e+00
    1.43484116e+00 4.72374320e-01 9.68610823e-01 -1.58792138e-02
    4.60477769e-01 -3.97516280e-01 1.51887655e-01 9.67300534e-02
    3.51818919e-01 -4.32479739e-01 5.21789372e-01 1.45469189e-01
    3.61414075e-01 1.11096990e+00 3.91718209e-01 3.82691324e-01
    -2.49515295e-01 1.51601863e+00 2.04501688e-01 -2.12889165e-01
    1.50454700e+00 1.13159752e+00 8.11124980e-01 1.11690259e+00
    6.30910635e-01 1.36226690e+00 7.25556254e-01 1.33173466e+00
    9.57766771e-01 -3.62834394e-01 2.54773915e-01 1.35541606e+00
    1.55314136e+00 -4.04627413e-01 -4.13743436e-01 -1.02091223e-01
    1.34026647e-01 -1.99634850e-01 -4.84979153e-03 -3.16362768e-01
    3.56114924e-01 1.09182739e+00 1.51094103e+00 6.33857608e-01
    9.18020844e-01 1.14674962e+00 4.35126185e-01 1.09986722e+00
    -8.51936936e-02 -3.10268998e-01 1.16914821e+00 1.10386753e+00
    7.74670064e-01 1.32805300e+00 6.63803756e-01 1.51382887e+00
    -2.61954546e-01 -9.73968506e-02 4.69980359e-01 4.70264971e-01
    1.55563521e+00 1.01801538e+00 1.26984191e+00 4.35498595e-01
    2.85265803e-01 6.45026207e-01 1.54440057e+00 1.10562468e+00
    -1.33442700e-01 -4.70670938e-01 3.79335344e-01 6.72436535e-01
    -1.09533370e-01 4.83634472e-01 -1.68963075e-02 1.82192028e-01
    8.47957671e-01 1.18636453e+00 6.07758164e-01 6.48989141e-01
    7.39966393e-01 8.05756509e-01 1.27029538e+00 1.42516494e+00
    3.77362072e-01 -4.46980089e-01 4.11750555e-01 1.34658074e+00
    1.06622767e+00 1.33663583e+00 -2.05181628e-01 1.10387146e-01
    -8.12862813e-02 -2.45307654e-01 9.41290259e-02 -2.26494372e-01
    -3.69515181e-01 2.65107095e-01 1.34429431e+00 1.02965403e+00
    2.98008919e-02 8.55992258e-01 1.51692724e+00 6.28617406e-02
    6.04604125e-01 3.06053281e-01 4.46873724e-01 -6.17207885e-02
    6.88532472e-01 5.59414089e-01 9.77017999e-01 1.47070837e+00
    1.45218861e+00 -1.28569931e-01 1.24618316e+00 7.57707834e-01
    5.47021270e-01 2.09790170e-01 3.83934736e-01 3.46327245e-01
    1.23040843e+00 2.71504104e-01 1.18313241e+00 -3.81314158e-01
    2.61248708e-01 1.10169673e+00 1.08149385e+00 1.07972097e+00
    1.51540303e+00 -2.92997897e-01 -2.53608674e-01 4.30902123e-01
    6.75204575e-01 2.23946035e-01 1.51110339e+00 -2.03378618e-01
    6.82055891e-01 1.29843450e+00 1.38433707e+00 1.28451693e+00
    4.82273877e-01 -3.77782583e-02 5.01172841e-01 -9.70902741e-02
    2.11893618e-01 6.96570337e-01 1.21616518e+00 1.45755529e-01
    1.98785603e-01 1.11768162e+00 1.43794608e+00 1.41892147e+00
    -2.24064082e-01 1.01419842e+00 2.71781266e-01 1.45707870e+00
    3.77199113e-01 -1.78721637e-01 -8.16083848e-02 4.32005405e-01
    8.48217964e-01 1.97113574e-01 3.20434451e-01 -4.78281349e-01
    5.32083035e-01 1.00536513e+00 1.09003365e+00 8.11486244e-02
    1.80797160e-01 1.41650414e+00 7.26595819e-01 5.75373054e-01
    -8.41701031e-02 -4.94108051e-01 4.04645205e-02 1.29572356e+00
    2.14215159e-01 -5.29989481e-01 -5.24538755e-03 2.06328034e-02
    4.59028542e-01 -3.93266559e-01 1.05586314e+00 -4.57594514e-01
    1.41639638e+00 1.20368123e+00 7.26808310e-01 6.03893220e-01
    8.67751539e-01 1.44647169e+00 1.28386426e+00 -4.21031296e-01
    7.21006215e-01 -3.56413126e-02 -3.74364257e-02 2.45039046e-01
    2.14618504e-01 9.85989451e-01 4.80937839e-01 8.79875362e-01
    4.44879413e-01 1.52160168e+00 4.02214527e-02 -2.21679270e-01
    2.07160473e-01 4.88093078e-01 5.54158151e-01 1.45533729e+00
    7.04247355e-02 -2.97889352e-01 3.85262609e-01 -9.47104990e-02
    1.10050619e+00 9.82388079e-01 -4.35790300e-01 2.53934026e-01
    -4.21025634e-01 9.00499225e-02 4.15719151e-01 -4.77599382e-01
    6.48753643e-01 1.10845959e+00 1.28307939e-01 -3.40093732e-01
    6.77061617e-01 8.58144999e-01 5.66087425e-01 3.39521766e-01
    1.29712534e+00 1.15831912e+00 1.28885233e+00 1.37327659e+00
    -3.64079237e-01 -5.34231484e-01 -6.69288039e-02 -4.91525769e-01
    2.84291029e-01 -4.27685410e-01 -5.07871509e-01 3.59155655e-01
    1.11517048e+00 -3.47972274e-01 -4.84145641e-01 4.05606031e-02
    7.62704074e-01 1.14795470e+00 -1.88430637e-01 7.11808205e-02
    1.21772146e+00 -1.66178942e-01 1.74804747e-01 9.27083433e-01
    -3.81424963e-01 1.24125457e+00 1.01091981e+00 1.49687934e+00
    -5.06899118e-01 1.04953063e+00 1.01750052e+00 -8.53587389e-02
    -5.25797009e-01 -2.83045650e-01 6.79502070e-01 6.48800373e-01
    9.01616693e-01 -5.08685529e-01 9.57511067e-01 1.02359796e+00
    1.11970210e+00 3.97091329e-01 1.45973492e+00 3.89003932e-01
    -3.49023968e-01 2.88424790e-01 -4.59675133e-01 -2.64133126e-01
    -5.92306674e-01 1.38920307e+00 1.49587488e+00 1.02087414e+00
    1.97746992e-01 8.67786467e-01 1.01539683e+00 7.57721901e-01
    3.70667696e-01 -5.27349651e-01 8.56914580e-01 1.04033327e+00
    -1.13720447e-01 4.27168190e-01 -2.72032022e-02 -4.45189863e-01
    9.97576356e-01 1.66014910e-01 5.37700951e-01 1.29393148e+00
    4.02631938e-01 8.67535532e-01 1.44238901e+00 1.25919306e+00
    6.84855461e-01 6.04755580e-01 -5.32761514e-01 4.51752007e-01
    8.39147747e-01 3.23218405e-01 1.29419780e+00 7.47467697e-01
    -2.15471327e-01 1.20871377e+00 9.62993920e-01 -3.81111860e-01
    6.99471235e-01 8.14893186e-01 -2.81855136e-01 2.57596254e-01
    1.05490363e+00 5.19511402e-01 1.04708314e+00 6.33659482e-01
    7.49060988e-01 -4.85414833e-01 8.44267428e-01 8.07705998e-01
    3.10734451e-01 -3.03099632e-01 1.45226979e+00 1.48005021e+00
    1.87919915e-01 1.00044322e+00 1.26236200e-01 5.68854690e-01
    -1.67635679e-02 3.96857858e-01 -2.24157572e-01 1.52946854e+00
    1.54996634e+00 3.67902517e-01 1.46202517e+00 -5.06096005e-01
    -2.71802545e-01 1.09432936e-01 6.12918615e-01 -1.04034901e-01
    5.92142344e-01 3.26505780e-01 9.55547094e-02 1.04857945e+00
    1.43762243e+00 1.11458075e+00 2.41522491e-01 -5.29867172e-01
    1.44067407e+00 8.64923060e-01 -3.81593943e-01 1.13607025e+00
    1.12893188e+00 3.17756832e-01 6.51410818e-01 9.93926108e-01
    -4.83052909e-01 -8.31759870e-02 -4.13057357e-01 7.01867342e-02
    9.45031941e-01 9.71556425e-01 -4.19440150e-01 8.03338766e-01
    7.27614939e-01 2.32388198e-01 1.14337146e+00 -1.89040393e-01
    4.73016679e-01 4.98179972e-01 1.40350139e+00 1.23371363e+00
    -2.07016766e-01 3.70310485e-01 -6.72262907e-03 3.59136701e-01
    7.25291491e-01 2.47547805e-01 -2.02468693e-01 -3.30049664e-01
    1.07298541e+00 9.05144036e-01 3.32514942e-01 9.12863970e-01
    1.22693181e+00 6.32698059e-01 1.42346060e+00 1.14997053e+00
    -1.02863401e-01 -4.05849814e-01 1.45138681e+00 -4.87054110e-01
    -3.21755677e-01 -4.77204919e-02 1.60988688e-01 7.13211954e-01
    1.22803724e+00 3.70983720e-01 1.29224563e+00 6.21703863e-02
    -9.17166471e-03 2.86390185e-02 -2.27110535e-01 -1.95402771e-01
    -1.40688419e-02 1.44726145e+00 2.23770618e-01 -4.94851798e-01
    9.07656372e-01 2.89129019e-01 5.42209923e-01 1.51052475e-02
    4.56376791e-01 1.90313220e-01 6.86480403e-02 4.41379964e-01
    -2.59795129e-01 -3.20905447e-01 1.17127419e+00 5.63387275e-02
    -4.49832737e-01 -7.79932141e-02 1.23711967e+00 -4.40412045e-01
    2.68183231e-01 2.07246840e-01 -5.06340683e-01 9.11206424e-01
    9.19191301e-01 8.22962344e-01 -1.71993226e-01 6.06738210e-01
    -1.34966612e-01 2.37416744e-01 -3.84403467e-02 -9.75863934e-02
    4.02730107e-02 1.39145279e+00 -4.55132008e-01 1.79103494e-01
    6.74640834e-01 -4.33772653e-01 -3.00314605e-01 2.27972090e-01
    -3.37147892e-01 2.23060787e-01 -3.26535165e-01 -6.29216433e-03
    8.82364154e-01 9.38968956e-01 4.72760201e-03 4.58101213e-01
    8.63144636e-01 7.98953474e-01 -1.83153331e-01 1.43357968e+00
    1.43191838e+00 9.75556374e-01 1.35986376e+00 6.21050775e-01
    9.11382258e-01 -5.19502878e-01 1.37988687e-01 -2.75558174e-01
    4.40788686e-01 4.28165674e-01 5.84902763e-01 1.56343794e+00
    8.10915470e-01 8.79453778e-01 1.22155213e+00 1.25905371e+00
    1.15797484e+00 1.28671718e+00 -7.68597722e-02 -1.30637199e-01
    1.33461475e-01 9.28567171e-01 4.71634686e-01 1.48873377e+00
    1.25234032e+00 -3.19854975e-01 2.23032951e-01 5.10151505e-01
    -2.27367878e-03 5.31381667e-01 1.18801856e+00 1.02381468e+00
    6.16149545e-01 3.35176945e-01 6.27592683e-01 -2.68572271e-01
    1.33179247e+00 5.77835262e-01 1.59212232e-01 4.35891032e-01
    8.42121005e-01 -1.87914789e-01 9.63055193e-01 -2.31304079e-01
    -4.50888276e-02 2.62649179e-01 -2.34134108e-01 8.48127067e-01
    1.47915196e+00 -3.64195019e-01 1.36000299e+00 1.37240005e+00
    1.37147117e+00 2.05778658e-01 1.20551586e+00 6.64554238e-02
    7.26046860e-01 8.86214375e-02 1.45620108e+00 7.32041776e-01
    1.27665842e+00 6.48511112e-01 -1.21638268e-01 -4.23305273e-01
    1.84149384e-01 1.05122614e+00 1.32192135e+00 1.01020551e+00
    1.02370858e+00 5.51589131e-02 -3.91892016e-01 3.03851366e-02
    -1.23282105e-01 1.00935578e+00 5.14931679e-02 1.47512865e+00
    2.84030080e-01 1.33468366e+00 3.48001361e-01 6.01102591e-01
    3.81103694e-01 1.07630694e+00 7.72757828e-01 1.33744359e+00
    6.85959160e-01 1.01085830e+00 -5.02826571e-01 1.21775341e+00
    1.22635877e+00 5.81953466e-01 1.51466727e+00 6.46917820e-02
    2.19765127e-01 7.42561519e-01 1.40821826e+00 3.39251637e-01
    1.21250105e+00 2.24703372e-01 -3.08804184e-01 -4.79857802e-01
    1.39440596e-01 8.87602627e-01 6.73356712e-01 5.48197210e-01
    -4.61905479e-01 -3.99670720e-01 3.84397924e-01 1.06173563e+00
    6.42411888e-01 6.04807377e-01 4.05834019e-01 -4.40298796e-01
    -2.98047483e-01 4.86493707e-02 8.03055644e-01 4.24171329e-01
    -4.66389596e-01 1.23211002e+00 4.43962932e-01 -5.35976291e-01
    8.37805271e-01 1.32916832e+00 1.84990168e-01 5.94697773e-01
    -1.59064144e-01 1.52116609e+00 1.49272823e+00 -1.63960844e-01
    4.95017052e-01 1.05782318e+00 -2.95156360e-01 6.21628582e-01
    -3.90132457e-01 1.31809473e+00 -1.19445086e-01 -2.55069226e-01
    -4.86388683e-01 6.54569209e-01 1.56349254e+00 1.38375163e+00
    1.56455219e+00 8.65096688e-01 7.75042593e-01 -4.15040851e-02
    1.44873261e-01 7.40976334e-02 -4.54148173e-01 -4.24289137e-01
    -1.04970038e-01 1.24736857e+00 6.56049907e-01 -6.39833808e-02
    3.00246537e-01 1.42995417e+00 3.42487335e-01 4.20311034e-01
    -5.22000849e-01 1.51404834e+00 1.12247515e+00 1.52144504e+00
    1.54243374e+00 -2.65876532e-01 1.15788221e+00 -3.90224069e-01
    6.54263258e-01 -4.39250529e-01 6.34102523e-01 9.20195878e-01
    5.06708324e-01 4.61730182e-01 1.26171589e+00 1.09032214e-01
    2.39865839e-01 1.99198842e-01 7.45512784e-01 1.34220767e+00
    -2.00960964e-01 -3.78077686e-01 5.98018765e-01 -1.37139559e-01
    7.39740491e-01 1.21417451e+00 4.93095636e-01 -4.86223698e-02
    -5.22390962e-01 1.11225212e+00 1.46354008e+00 6.13882482e-01
    -2.46781647e-01 3.32675099e-01 9.30944383e-01 9.09275353e-01
    1.15551114e+00 1.48002934e+00 1.32633615e+00 1.53812647e+00
    -4.49307442e-01 9.74463820e-01 2.30210185e-01 -1.68050259e-01
    9.00410473e-01 -2.58732140e-01 5.17467797e-01 1.03075957e+00
    3.85557175e-01 1.86426997e-01 5.53591728e-01 2.72772908e-01
    1.44234133e+00 8.47880006e-01 2.90725410e-01 1.00683618e+00
    1.02788389e+00 4.92309332e-01 4.85963345e-01 1.99577808e-01
    -4.50700760e-01 1.06373191e+00 -4.46613073e-01 1.50295258e+00
    9.46032286e-01 1.49729252e+00 9.50874686e-01 1.02580452e+00
    -1.41930312e-01 4.29727972e-01 1.77715898e-01 1.48165083e+00
    1.50870860e-01 1.35075259e+00 4.31006849e-01 -3.92661780e-01
    1.07355571e+00 1.48748219e+00 6.69283271e-02 -3.32304835e-01
    1.06267071e+00 3.65640163e-01 1.19002414e+00 3.57063890e-01
    8.41976404e-02 1.02174842e+00 3.95898938e-01 1.27543461e+00
    5.82001805e-02 3.89735878e-01 4.77727115e-01 3.33180189e-01
    6.81605935e-02 3.95080686e-01 1.66003466e-01 8.01761925e-01
    3.18887889e-01 4.51441050e-01 8.61923277e-01 9.94251609e-01
    6.14410698e-01 1.16071057e+00 1.06091535e+00 6.54558361e-01
    8.20774853e-01 -3.67736220e-02 3.44321728e-02 1.56100392e+00
    9.42278445e-01 5.62167585e-01 2.67056942e-01 1.18363070e+00
    1.32789612e+00 7.48209059e-01 -2.54051983e-01 1.26218200e+00
    -4.81567025e-01 1.23094380e+00 3.41063321e-01 2.97605097e-01
    1.27511406e+00 7.20858872e-01 1.32446051e+00 1.12283134e+00
    -4.23120171e-01 1.28381336e+00 3.81092429e-02 1.10040712e+00
    6.04418576e-01 6.31885231e-01 1.04732299e+00 1.07286274e+00
    6.32135928e-01 1.09395742e-01 -1.67848796e-01 4.57702696e-01
    9.04024363e-01 9.05748069e-01 -1.73882514e-01 1.15367150e+00
    2.75447190e-01 -1.51751429e-01 -2.16806889e-01 3.47252131e-01
    1.28074133e+00 3.77644479e-01 1.17678642e+00 -3.28227460e-01
    5.53714514e-01 -2.04980254e-01 7.25456953e-01 1.49664855e+00
    1.48559713e+00 -9.46754515e-02 -3.62984717e-01 -4.34908122e-01
    -9.07714069e-02 -4.99167144e-01 8.70154083e-01 6.43473268e-01
    9.18135703e-01 6.65700674e-01 6.25588238e-01 7.48211145e-02
    1.41167080e+00 7.45275319e-01 1.39507473e+00 8.50244105e-01
    6.37390137e-01 -3.85717899e-01 5.47206640e-01 1.53040767e-01
    3.64298224e-02 7.47639656e-01 1.37583613e+00 -2.64020592e-01
    1.30108202e+00 5.89499295e-01 -5.51396072e-01 6.30490780e-01
    3.37830544e-01 2.58571684e-01 -4.90159869e-01 -1.79752469e-01
    -4.76658344e-02 2.53952444e-01 1.32609367e+00 9.78496850e-01
    4.67390239e-01 7.30184138e-01 1.26752412e+00 -3.92829478e-01
    9.90669549e-01 -1.82884395e-01 -1.30912155e-01 2.12870359e-01
    1.42304361e-01 -4.22053903e-01 7.61461079e-01 4.27766323e-01
    -2.60957658e-01 1.02437782e+00 9.62824464e-01 8.29008639e-01
    1.40612626e+00 -2.04004645e-02 9.62249398e-01 1.41284037e+00
    1.32657993e+00 -2.40034491e-01 2.57471561e-01 -9.58746672e-02
    -4.49162006e-01 4.64322627e-01 8.88693333e-01 9.34128344e-01
    -2.63419151e-01 1.04177547e+00 6.06381774e-01 7.11079717e-01
    1.47870696e+00 3.92249048e-01 -2.27264822e-01 7.17071593e-01
    8.16520572e-01 1.82832539e-01 -1.12135738e-01 -2.78381079e-01
    -2.01290846e-02 3.49249244e-02 9.28541362e-01 4.99469876e-01
    1.87977970e-01 -4.28557813e-01 4.49656427e-01 -3.04911375e-01
    5.36829948e-01 1.40365660e+00 1.13477409e-01 6.35169625e-01
    1.23510516e+00 -4.78347600e-01 3.81854653e-01 1.04374325e+00
    -7.88749456e-02 1.18481910e+00 6.75654590e-01 3.86791348e-01
    5.74852467e-01 -5.23787856e-01 -4.85546440e-01 9.55087364e-01
    1.09009457e+00 1.30033946e+00 6.62294626e-01 -4.59410489e-01
    9.92056906e-01 1.06209457e+00 1.18901765e+00 1.00120234e+00
    1.50690079e+00 8.06780756e-01 1.32818675e+00 -3.97705466e-01
    7.73913920e-01 3.11454356e-01 3.82368803e-01 -3.67407024e-01
    -2.93122053e-01 1.42024302e+00 8.16531003e-01 -1.88160509e-01
    7.13357329e-01 1.16083741e+00 -4.57585335e-01 -1.45639062e-01
    5.39654136e-01 -4.48651254e-01 5.84423184e-01 1.76155031e-01
    -3.73993278e-01 -4.32908535e-04 8.83751452e-01 8.29154253e-03
    1.28436339e+00 -4.59602445e-01 -4.83102530e-01 1.51118493e+00
    1.11878586e+00 -2.07903981e-02 -1.81724429e-01 -5.61300337e-01
    7.69927859e-01 -5.04242063e-01 2.10118353e-01 -1.35713011e-01
    -3.36107612e-02 -2.79409587e-01 5.18118501e-01 1.46773684e+00
    1.06046212e+00 9.52394903e-01 -4.52522784e-01 2.49539793e-01
    1.29504788e+00 4.31998968e-01 1.80616438e-01 6.15934312e-01
    4.31884706e-01 1.55151498e+00 1.51890135e+00 -1.94217026e-01
    4.73881900e-01 -1.12754762e-01 -1.49570376e-01 1.20524597e+00
    -3.84254307e-01 5.94897866e-01 7.71810293e-01 1.40221775e-01
    4.27004218e-01 1.42700267e+00 1.33820534e+00 1.48189497e+00
    8.96941364e-01 1.29500079e+00 8.03635836e-01 -2.63815224e-01
    2.47209668e-01 4.57037807e-01 7.93307900e-01 1.34975266e+00
    4.60586190e-01 2.89569020e-01 9.47442651e-02 1.19290948e-01
    1.36672902e+00 -9.06761885e-02 5.48901975e-01 -3.32694739e-01
    7.92581797e-01 4.82356787e-01 1.71421468e-01 1.69623613e-01
    8.22373688e-01 1.68969452e-01 1.12580895e-01 -3.13260645e-01
    5.12457609e-01 1.00504208e+00 1.09666586e+00 5.65540254e-01
    -3.14594448e-01 1.18472242e+00 8.95323396e-01 7.96442628e-02
    3.09631526e-01 -1.50207698e-01 7.44526207e-01 1.53426433e+00
    5.58716834e-01 3.31215143e-01 2.48838961e-01 1.87218308e-01
    -1.10720396e-02 6.21675730e-01 8.36068869e-01 1.34142053e+00
    -2.04606384e-01 3.20966840e-01 -3.95166457e-01 1.19412863e+00
    1.50281048e+00 7.45418847e-01 -1.45229489e-01 1.42468476e+00
    1.07630789e+00 4.63450551e-01 2.31526911e-01 1.54046488e+00
    5.06519794e-01 1.15080070e+00 1.08486724e+00 1.17250621e-01
    7.01798618e-01 -5.55813789e-01 -4.20993149e-01 1.35870039e+00
    1.12892246e+00 1.50894690e+00 1.23139095e+00 -4.94821072e-01
    1.54674172e+00 -3.39962304e-01 2.62758017e-01 -7.42993653e-02
    6.32034957e-01 4.04821634e-01 -3.64390850e-01 1.48034358e+00
    2.74656415e-02 -1.44559860e-01 5.39215207e-01 -1.86519653e-01
    -4.89284903e-01 6.43533468e-02 -1.54597223e-01 2.08708227e-01
    5.27757406e-01 7.38651097e-01 -2.57405519e-01 -2.94755220e-01
    1.51109397e-01 -2.06848383e-01 -5.28795719e-02 9.12850022e-01
    1.09884000e+00 -5.36651492e-01 1.54301119e+00 3.03532124e-01
    2.54189909e-01 1.50216508e+00 3.44958067e-01 -9.14063752e-02
    1.52691483e+00 1.24756968e+00 5.94605982e-01 1.08241677e+00
    -1.71882004e-01 1.21046197e+00 1.32651019e+00 1.23051059e+00
    1.23407221e+00 -8.07572603e-02 1.18103600e+00 1.10930967e+00
    8.91393423e-03 1.15324366e+00 1.39954209e+00 1.25330245e+00
    -4.06172395e-01 -2.64616758e-01 -4.36255038e-01 1.17322290e+00
    -1.54731929e-01 9.30832028e-01 1.08532906e+00 -1.21063590e-02
    9.24155772e-01 9.59448397e-01 6.17499709e-01 1.46568942e+00
    -3.37004662e-02 5.85395694e-02 5.14294744e-01 1.24216437e+00
    -2.53570259e-01 -1.05486780e-01 -8.64924490e-02 3.83679152e-01
    1.19249272e+00 6.44392371e-01 -6.52712584e-03 1.35414183e-01
    5.06997526e-01 -3.66124690e-01 6.59986734e-02 -5.47182560e-02
    1.28893721e+00 1.12903237e+00 6.23745620e-01 4.05982137e-02
    -2.51375765e-01 3.78291428e-01 2.50136554e-01 -3.54315341e-02
    4.48168755e-01 1.13438475e+00 -1.98203892e-01 1.44970536e+00
    7.39524901e-01 1.43438005e+00 -2.86490589e-01 2.53577292e-01
    -4.40721065e-01 3.14249754e-01 7.50048518e-01 4.10341144e-01
    4.58659530e-02 1.53959489e+00 1.01117384e+00 6.91803277e-01
    -1.43923432e-01 -9.12380219e-02 -9.85172093e-02 8.15722525e-01
    2.92682111e-01 1.20504320e+00 1.49598777e+00 5.55838764e-01
    -1.94018453e-01 1.35124087e+00 2.15185583e-01 9.31465507e-01
    1.23314965e+00 5.51096916e-01 4.92762387e-01 -2.05637425e-01
    -5.13389230e-01 1.19288683e+00 4.72327411e-01 -3.74969184e-01
    5.81138849e-01 -7.17620850e-02 9.96411443e-01 4.30858374e-01
    -1.69217497e-01 -4.74761933e-01 1.22102535e+00 -1.90409601e-01
    -4.43954468e-02 1.35209608e+00 5.60076773e-01 -2.99563318e-01
    6.53721511e-01 1.25727773e-01 4.38698113e-01 7.44422078e-02
    2.87550271e-01 2.33733833e-01 -6.96981549e-02 -5.27889073e-01
    3.20494115e-01 -3.40464234e-01 -5.43407977e-01 8.87622118e-01
    2.29656637e-01 -2.48736382e-01 7.10989177e-01 1.33979726e+00
    9.16465640e-01 1.36522651e+00 1.08927393e+00 1.36846757e+00
    1.42681456e+00 2.52110779e-01 1.05985928e+00 2.84001112e-01
    6.33008897e-01 9.89302933e-01 1.08908772e-01 8.57988596e-01
    1.13436031e+00 -2.76905894e-02 6.59823418e-04 2.15725303e-01
    -2.92706996e-01 3.30545604e-01 1.35355616e+00 1.04559827e+00
    1.30292845e+00 1.17777228e+00 -5.15518308e-01 -2.65930355e-01
    1.09991431e+00 -1.60796911e-01 8.56298208e-02 -1.20361447e-02
    -1.24611586e-01 1.47326231e+00 -6.77628517e-02 1.18234992e+00
    -4.58869040e-01 1.28573263e+00 6.73175335e-01 6.46741807e-01
    1.49791026e+00 1.61103725e-01 1.47984314e+00 3.58908296e-01
    9.59533513e-01 9.00174558e-01 3.29738498e-01 -1.51448101e-01
    1.28474939e+00 1.89257205e-01 5.43857753e-01 9.02575910e-01
    1.08570039e-01 4.71621692e-01 -3.32706511e-01 -4.72209990e-01
    3.11958253e-01 4.73012269e-01 -5.61974049e-02 1.26718545e+00
    5.76763809e-01 1.06150997e+00 3.09892118e-01 -1.64453477e-01
    6.16285801e-02 6.83053613e-01 -5.15408337e-01 1.22230530e+00
    1.44568455e+00 3.11262667e-01 1.17912734e+00 8.57428551e-01
    -2.60832727e-01 6.91030324e-01 -2.47117788e-01 6.31593287e-01
    1.10823321e+00 9.51215982e-01 -7.08017349e-02 2.68706739e-01
    1.55416763e+00 1.57620800e+00 9.81278837e-01 1.25755298e+00
    7.13400841e-01 -4.56494898e-01 3.07295322e-02 6.27352655e-01
    9.95597601e-01 -1.51207685e-01 1.46499133e+00 2.84872770e-01
    6.70674980e-01 4.84650195e-01 1.15722573e+00 6.56763911e-01
    7.41058588e-03 6.15737855e-01 2.73625374e-01 4.04901445e-01
    -8.94242525e-03 9.52615798e-01 1.14690232e+00 4.65031207e-01
    1.51776814e+00 -5.01898825e-01 9.36439753e-01 1.25043726e+00
    5.52790999e-01 7.42027223e-01 1.53179908e+00 1.96900070e-01
    2.45463192e-01 1.02846158e+00 1.48880017e+00 1.54955411e+00
    2.30908990e-01 -4.92753386e-01 5.31423271e-01 3.57625782e-01
    3.22596610e-01 2.03448474e-01 -2.91213334e-01 1.24604046e-01
    9.31892276e-01 -5.40529668e-01 6.25724018e-01 1.14595747e+00
    1.16812515e+00 6.48739338e-01 4.25279140e-04 5.39934635e-01
    4.57596123e-01 -5.49360156e-01 1.25653028e+00 5.06774187e-01
    -1.13167405e-01 1.17758942e+00 -3.17984015e-01 1.50001442e+00
    1.43708897e+00 1.11103475e+00 4.70876694e-03 1.06272674e+00
    -1.98741466e-01 2.05823779e-01 1.42099977e+00 9.70580757e-01
    -3.34668666e-01 4.04503167e-01 -2.65921950e-02 -1.07640147e-01
    1.25702143e+00 1.11198449e+00 8.59219909e-01 6.69746280e-01
    -7.72554874e-02 4.59116757e-01 4.32989061e-01 9.76244628e-01
    8.09947610e-01 1.40495396e+00 -2.92961240e-01 1.20389628e+00
    1.19872415e+00 1.24791741e+00 -8.12642872e-02 4.36538517e-01
    -4.21609581e-01 -2.67123759e-01 1.17477691e+00 1.71920538e-01
    -8.11753571e-02 6.75129056e-01 2.59590149e-03 -1.64375633e-01
    -3.91891003e-01 -2.74226069e-02 1.50857377e+00 -1.30379200e-03
    1.44875741e+00 7.94088781e-01 -5.15075922e-02 8.45896602e-01
    1.02362001e+00 7.68282473e-01 4.69857872e-01 1.32901347e+00
    -4.05401587e-01 4.72261846e-01 1.36263871e+00 9.65226591e-01
    1.25184798e+00 3.78273249e-01 3.18381846e-01 -8.17854702e-02
    -4.28121507e-01 -3.36767852e-01 8.09368193e-01 6.02476835e-01
    -4.46533173e-01 9.14674342e-01 -1.85152233e-01 1.25585556e-01
    -5.40840924e-02 -7.51948357e-03 6.33173406e-01 8.33592236e-01
    -2.85498798e-01 -1.12112761e-01 3.43281031e-03 3.13842833e-01
    1.43688703e+00 7.76935697e-01 6.68882549e-01 6.99679673e-01
    7.90181577e-01 1.35763597e+00 -3.25249344e-01 6.92831039e-01
    1.58082426e-01 -1.52999610e-01 8.21825922e-01 1.37386811e+00
    -2.99839944e-01 3.95498395e-01 -2.15642750e-01 9.28759038e-01
    4.61009800e-01 -3.91507924e-01 4.81946409e-01 6.73211157e-01
    1.26826167e-01 7.83336461e-01 -5.14956951e-01 4.29890990e-01
    5.75334370e-01 1.46971416e+00 -2.53957301e-01 -1.78472161e-01
    3.07230771e-01 -5.33979833e-01 1.11406815e+00 1.15310669e-01
    2.01529860e-01 1.10160601e+00 -2.49903202e-02 -2.22596318e-01
    4.88646030e-02 3.27527761e-01 9.08690989e-01 5.98870814e-01
    -1.74774736e-01 1.23974276e+00 3.85738790e-01 -4.47425842e-02
    -3.25628459e-01 1.21589279e+00 -2.78274834e-01 1.30373943e+00
    -5.49429893e-01 5.85489333e-01 -1.71916425e-01 -5.80536723e-02
    -1.50639743e-01 3.31470430e-01 1.27367663e+00 1.51445150e+00
    2.41770267e-01 3.73524606e-01 3.64583015e-01 6.77165389e-01
    9.43579376e-01 -4.13059473e-01 5.64851880e-01 -5.55928290e-01
    9.49791968e-01 -3.85152936e-01 5.07922232e-01 3.16873848e-01
    5.27486742e-01 1.18095970e+00 -3.97615194e-01 8.29446316e-02
    3.53348255e-03 9.48383808e-01 1.06323743e+00 1.06029630e+00
    1.05412722e-01 1.52451277e+00 7.89804876e-01 1.09541357e-01
    2.59519875e-01 7.96751320e-01 -3.99361312e-01 9.77528036e-01
    7.64412880e-02 1.02589786e+00 1.18863821e-01 -1.06324077e-01
    -3.81881118e-01 -6.62750900e-02 5.87159157e-01 1.39994586e+00
    4.58842754e-01 6.92313552e-01 -1.47062421e-01 -2.52278358e-01
    1.79700017e-01 -3.05416703e-01 4.96154726e-01 8.48107934e-01
    1.45286500e+00 -1.77401185e-01 5.64586222e-01 1.41155303e-01
    1.00611830e+00 2.40721405e-01 1.20009017e+00 1.49625087e+00
    2.34027147e-01 4.81126726e-01 1.25893426e+00 2.79529572e-01
    1.51353097e+00 1.04543626e-01 1.04034805e+00 2.09392369e-01
    9.10662651e-01 7.05910325e-02 1.35867000e-02 7.00726330e-01
    8.70663166e-01 -5.86450398e-02 5.50922751e-02 8.28789055e-01
    5.22633731e-01 6.20742321e-01 4.97117102e-01 8.55412900e-01
    -3.44147682e-01 9.71780121e-01 -4.71830428e-01 -1.10269547e-01
    -5.28326035e-01 2.36660480e-01 -2.55535781e-01 8.32851648e-01
    -4.46158528e-01 -1.11388534e-01 1.26941395e+00 9.53155100e-01
    -1.62834644e-01 9.92336273e-02 8.94436121e-01 1.14561343e+00
    1.51440573e+00 4.88550425e-01 1.46951807e+00 -1.58002257e-01
    3.07191551e-01 -2.99672991e-01 -3.31729829e-01 -2.42190868e-01
    5.28045177e-01 3.58961284e-01 -1.33682877e-01 -1.91788971e-01
    -2.66891509e-01 1.49624705e-01 -4.33223158e-01 1.14054143e+00
    -2.97279030e-01 8.47608566e-01 5.69307208e-02 1.10192490e+00
    3.80858064e-01 -7.28084445e-02 -3.52079451e-01 1.26837587e+00
    8.06293130e-01 8.20461869e-01 4.58086371e-01 2.61209548e-01
    5.06670058e-01 5.07594407e-01 -5.12336373e-01 3.44702542e-01
    1.34104073e+00 -5.57096064e-01 3.10005724e-01 5.70712686e-02
    9.24633265e-01 7.76364267e-01 1.24992895e+00 1.34137964e+00
    -5.29752314e-01 5.99811077e-01 1.42045510e+00 1.44341886e+00
    2.33181477e-01 1.49449873e+00 9.17446911e-01 1.29504323e+00
    -2.17673868e-01 -3.91094685e-02 -7.80283511e-02 1.25375068e+00
    -4.86397594e-01 -3.06876510e-01 1.22097731e+00 7.17972994e-01
    2.47345328e-01 3.73030901e-01 6.79711103e-01 1.51683092e-02
    -4.27741379e-01 1.53102171e+00 -3.43349904e-01 3.92023563e-01
    -4.71754372e-01 -4.72135246e-01 1.17643189e+00 2.01432407e-01
    3.23578298e-01 2.37155735e-01 9.80811954e-01 1.74176276e-01
    -5.27230918e-01 5.20839334e-01 -3.32457304e-01 8.79427314e-01
    9.91886079e-01 3.68877292e-01 -1.18584424e-01 8.37989450e-01
    5.11074483e-01 1.21028304e+00 1.22847068e+00 1.04051161e+00
    -3.47164810e-01 1.09928131e+00 4.16532695e-01 -3.31919789e-01
    5.28414249e-01 1.12117934e+00 3.56976688e-01 -3.88126194e-01
    1.54762566e-01 -4.24285889e-01 5.20930648e-01 -9.26540196e-02
    -3.70095968e-02 4.00298834e-01 3.78855109e-01 -4.00599331e-01
    2.82472968e-01 -1.79706782e-01 1.18852139e-01 1.37513566e+00
    1.54918671e+00 1.06664991e+00 1.23206925e+00 9.44996417e-01
    -4.57016915e-01 2.48210013e-01 9.60767150e-01 4.71190274e-01
    1.51100636e-01 -7.12873340e-02 2.97504902e-01 4.52012599e-01
    -2.16554254e-01 1.11037230e+00 1.06086302e+00 7.25760877e-01
    1.07177949e+00 1.35988343e+00 9.08554673e-01 -4.53079045e-01
    -4.07224894e-01 4.20080543e-01 1.24734235e+00 1.20993471e+00
    5.01092792e-01 1.17142892e+00 1.04944348e+00 8.47478807e-01
    -2.10079134e-01 1.66028082e-01 9.77878273e-01 6.28526628e-01
    -5.35297096e-01 1.75244391e-01 1.38103545e+00 -5.15101254e-01
    5.17849982e-01 1.27500749e+00 9.78385806e-02 -3.09778392e-01
    -2.23418623e-01 3.12630117e-01 3.60421300e-01 7.98842490e-01
    8.59090507e-01 -2.24352479e-02 9.03281569e-01 2.36746132e-01
    2.71593392e-01 -2.12363183e-01 5.98643839e-01 1.44785285e+00
    7.08832383e-01 7.70255983e-01 -5.24784148e-01 3.66984606e-01
    4.07230794e-01 1.54056251e-01 2.65558839e-01 1.05084348e+00
    9.20050800e-01 1.20657361e+00 1.03650999e+00 1.09750807e-01
    2.10092664e-01 -8.85689259e-03 -5.34167945e-01 6.64687574e-01
    3.61763000e-01 1.50054121e+00 1.34838581e+00 1.38577449e+00
    4.16082621e-01 2.85950959e-01 4.35295105e-01 -3.08278501e-01
    9.48372126e-01 4.41563904e-01 -1.78689659e-01 1.41396773e+00
    1.16399765e-01 1.08701921e+00 7.67746091e-01 1.01832747e+00
    4.57348466e-01 6.64759219e-01 7.51874506e-01 1.00320280e-01
    4.27745461e-01 1.20457888e+00 9.12491322e-01 1.33712888e+00
    9.73822057e-01 -4.63892579e-01 -2.79881299e-01 1.26015413e+00
    1.26218820e+00 8.82730782e-01 -5.26411176e-01 -2.29567349e-01
    -4.37875867e-01 7.51325667e-01 1.41560268e+00 -4.34465528e-01
    -4.26151305e-01 6.02834642e-01 -4.73464727e-02 -3.78201425e-01
    7.95561969e-01 -4.60667372e-01 1.07909012e+00 3.49517465e-02
    3.45842481e-01 1.47410893e+00 1.29665470e+00 -1.86225057e-01
    7.70483851e-01 1.08331203e+00 1.20478606e+00 -7.30378032e-02
    8.75069082e-01 1.12102044e+00 4.24757719e-01 9.50361550e-01
    8.39150250e-01 1.31347656e+00 2.66181350e-01 -4.19230312e-01
    -1.94099337e-01 1.34750295e+00 1.22043943e+00 1.07884288e+00
    -4.39199865e-01 1.29523742e+00 -4.48336750e-01 -6.97802305e-02
    1.14530516e+00 3.45036387e-01 6.79123402e-01 -4.88339931e-01
    1.49896598e+00 -4.61193919e-02 6.99788332e-02 1.01874661e+00
    -9.42180157e-02 1.74769580e-01 -2.32972652e-01 1.30990219e+00
    -5.23641646e-01 5.12162924e-01 1.17044032e-01 8.98835063e-02
    1.38679743e-02 -3.79972398e-01 1.37180305e+00 1.34797740e+00
    9.22969103e-01 1.40984428e+00 5.13485074e-02 8.60684454e-01
    1.19921279e+00 1.16792226e+00 -1.83798194e-01 9.38924551e-01
    5.55235744e-02 7.33788848e-01 -3.62176061e-01 -1.28623515e-01
    3.38472843e-01 1.18538022e+00 4.55630898e-01 -3.22229087e-01
    6.13563538e-01 -3.23428512e-01 1.42961407e+00 1.14817286e+00
    1.29880023e+00 1.25661922e+00 1.69322312e-01 -5.49368978e-01
    1.34623194e+00 2.73421466e-01 2.27621734e-01 9.55363750e-01
    -1.51717514e-01 8.03040743e-01 1.07075214e-01 -8.20025802e-02
    7.35357404e-02 1.01913738e+00 -5.49201846e-01 1.07172799e+00
    -2.02867717e-01 6.17837310e-01 -4.53860641e-01 6.13654673e-01
    2.11808264e-01 8.34746480e-01 4.29914832e-01 -5.06369472e-01
    1.48989058e+00 5.72520375e-01 7.51351297e-01 1.49667501e+00
    3.66227567e-01 9.51434493e-01 5.22704899e-01 1.11895013e+00
    6.46098793e-01 -6.98446035e-02 7.86335647e-01 -3.72958779e-01
    2.24133134e-01 1.93086207e-01 1.86778069e-01 1.34768224e+00
    1.53361261e+00 3.54683638e-01 -4.67454016e-01 1.12389517e+00
    -2.57227898e-01 4.57986712e-01 8.59632015e-01 -2.94858783e-01
    5.74353576e-01 1.36186361e-01 3.94759178e-02 -4.51380610e-02
    1.15879273e+00 1.04153872e+00 5.51692843e-01 5.06399512e-01
    1.44021797e+00 2.46008337e-01 9.68088806e-01 -2.61150151e-01
    2.75438249e-01 5.90428591e-01 1.76649988e-01 1.08007312e+00
    4.41800952e-01 -3.75430077e-01 -3.57368410e-01 8.85441542e-01
    5.42116106e-01 -4.45642769e-01 5.23387969e-01 8.81387353e-01
    -4.67882603e-01 -4.89221781e-01 1.35037255e+00 -3.96491945e-01
    9.58663940e-01 1.38175797e+00 2.86824048e-01 1.00564659e-01
    2.44995594e-01 1.19650245e+00 1.01418710e+00 3.14894855e-01
    7.21698105e-01 2.65013516e-01 3.39348316e-02 -5.20692766e-02
    1.03031754e+00 1.30087507e+00 1.08010125e+00 -4.58224416e-02
    6.01413250e-01 9.38225806e-01 1.44433224e+00 1.42900777e+00
    6.79632783e-01 -4.02227819e-01 -5.20242691e-01 -3.85539263e-01
    2.24916160e-01 1.02857280e+00 1.77100182e-01 4.86031294e-01
    -4.86145139e-01 1.55730414e+00 -1.91963732e-01 -7.88472295e-02
    1.02346230e+00 -2.71113098e-01 7.53925681e-01 5.53648293e-01
    8.93388569e-01 1.52667785e+00 1.64965093e-01 1.11981940e+00
    1.54864085e+00 5.39031506e-01 5.07132232e-01 1.14523959e+00
    -3.07047844e-01 1.28073120e+00 1.43303871e-01 2.06726253e-01
    6.24937594e-01 1.52716517e+00 1.24566233e+00 1.35959888e+00
    -4.27993715e-01 3.76025915e-01 1.21140075e+00 1.20621395e+00
    -1.83974802e-01 -4.90120649e-01 3.37327659e-01 1.36071682e+00
    9.49969471e-01 4.37528908e-01 4.41308796e-01 1.10876369e+00
    6.96717501e-01 -4.82892990e-01 5.17759323e-02 -4.71482664e-01
    4.79452014e-02 2.49892414e-01 -2.04748333e-01 1.45138669e+00
    -1.58958316e-01 1.52619612e+00 7.78857470e-01 8.28391731e-01
    -4.49284047e-01 9.40030158e-01 1.10480225e+00 -2.70950615e-01
    2.42436290e-01 1.23407674e+00 1.31507385e+00 1.53058398e+00
    8.94667506e-01 1.41382670e+00 1.01369858e-01 1.24702334e+00
    1.40132284e+00 7.32575655e-02 -3.34883809e-01 7.66078472e-01
    1.19404340e+00 2.10355103e-01 7.29623675e-01 1.84548020e-01
    9.42681909e-01 7.25435674e-01 2.24006951e-01 3.98126602e-01
    6.09066427e-01 1.48672819e+00 7.42588639e-02 7.83392787e-01
    9.70028043e-01 8.49994421e-02 6.37732446e-01 -1.02546394e-01
    1.02833033e+00 4.23505306e-02 1.46027660e+00 -1.84398949e-01
    9.82038558e-01 -3.79396379e-01 1.37602210e+00 6.30420625e-01
    1.11785865e+00 2.37538457e-01 -1.22751415e-01 1.27838206e+00
    2.95665860e-01 -8.21858048e-02 8.02879035e-01 1.20027292e+00
    5.42775393e-01 1.26797485e+00 -2.31077880e-01 1.28907943e+00
    -8.78052115e-02 8.70484173e-01 -4.89888668e-01 5.88761032e-01
    3.10321629e-01 1.35328770e+00 7.91419446e-01 -3.22882533e-02
    5.35000920e-01 -4.32206333e-01 8.47656131e-01 1.27653587e+00
    1.39315724e-01 3.25213671e-01 1.13072610e+00 8.76906514e-01
    8.54497612e-01 -3.76211375e-01 -4.91290987e-01 -4.25148487e-01
    1.76895320e-01 -2.92770386e-01 2.52791286e-01 3.25868130e-02
    4.27044094e-01 -1.99718475e-02 -4.82468903e-01 1.22856712e+00
    3.46161127e-02 1.27575505e+00 1.52777135e+00 -3.84245694e-01
    2.27713466e-01 5.07684112e-01 7.15247691e-01 4.22604442e-01
    8.47472072e-01 1.32068968e+00 -4.19009030e-01 3.51489186e-01
    6.27364457e-01 1.50244045e+00 1.47449064e+00 -4.57026750e-01
    -5.01461267e-01 3.30907106e-02 -3.40290129e-01 -1.45564526e-01
    1.54471135e+00 -4.53915000e-01 2.91023433e-01 -2.06847638e-01
    8.39237750e-01 1.02713716e+00 7.79729307e-01 -2.76059031e-01
    1.27298319e+00 1.51724970e+00 4.47968602e-01 8.49403322e-01
    7.40417480e-01 1.02804756e+00 -3.34709018e-01 3.27727079e-01
    5.35502672e-01 1.24363828e+00 1.14430654e+00 7.10365653e-01
    -4.71829981e-01 -1.08538866e-02 1.16474378e+00 7.56578624e-01
    6.73890293e-01 1.10473776e+00 -2.11397648e-01 9.63138282e-01
    -5.10919392e-01 7.40609705e-01 -2.38771886e-01 -5.52251339e-01
    1.20130038e+00 2.69188523e-01 4.94816720e-01 -5.24770975e-01
    4.18092191e-01 3.93173516e-01 4.32657659e-01 6.99628055e-01
    -3.42361838e-01 1.34500742e-01 8.84951949e-02 1.88563526e-01
    6.38965189e-01 8.12054157e-01 1.11084282e+00 8.32775712e-01
    7.73070157e-01 7.75360584e-01 1.14834833e+00 -3.12161446e-02
    2.70119190e-01 -9.07872617e-02 1.49624944e+00 -6.24208450e-02
    1.36297882e-01 3.95964146e-01 1.28015327e+00 1.54060698e+00
    6.46091163e-01 9.71222103e-01 1.17110753e+00 1.46408403e+00
    5.15669763e-01 1.28418088e+00 3.28389943e-01 9.57569897e-01
    -8.94981623e-03 5.85637271e-01 1.23032546e+00 -5.11354446e-01
    -5.05145848e-01 1.32503927e+00 -1.59581482e-01 3.95725310e-01
    1.45476294e+00 2.95288563e-02 1.41657877e+00 -1.81623697e-02
    1.23249269e+00 1.06240273e+00 -4.33568954e-01 9.28448915e-01
    1.44082260e+00 9.38992620e-01 -2.90773928e-01 1.16928601e+00
    6.35540485e-01 1.84661925e-01 3.60874653e-01 -5.36624968e-01
    2.76517272e-01 1.43626785e+00 7.70168662e-01 1.54455924e+00
    1.49893284e+00 -5.46946585e-01 1.16374683e+00 5.67223966e-01
    6.10556185e-01 1.31854236e+00 7.26853490e-01 -2.27378607e-02
    1.47121918e+00 3.93049479e-01 4.65591252e-01 7.10831404e-01
    7.36155510e-01 8.66790771e-01 7.84261823e-01 -3.50845098e-01
    9.06750262e-01 -2.53278285e-01 -4.23929691e-02 1.52695537e+00
    -1.82498336e-01 2.59920955e-02 1.53104603e-01 1.36603773e+00
    1.28237355e+00 1.02128124e+00 1.35860765e+00 8.98920655e-01
    3.48482966e-01 1.33480775e+00 -2.39711732e-01 1.51179910e+00
    -2.64666945e-01 1.10126650e+00 -1.77279890e-01 6.11512661e-02
    1.19507980e+00 -7.38210380e-02 8.02232742e-01 -2.05978602e-01
    -3.47988784e-01 1.62416577e-01 1.66226268e-01 6.90242410e-01
    1.26200652e+00 -4.06972110e-01 -3.52234364e-01 6.05914235e-01
    -8.50807130e-02 3.79282117e-01 -4.25645202e-01 1.99724734e-01
    1.32318294e+00 7.51277864e-01 5.02202928e-01 6.20879352e-01
    -5.66043317e-01 2.10800469e-01 -5.41958153e-01 5.86817145e-01
    1.16850877e+00 -3.94544274e-01 1.24022162e+00 -3.25083137e-02
    5.97706378e-01 5.70466161e-01 2.09909678e-02 -3.42228889e-01
    7.83666968e-01 1.41504240e+00 1.37143588e+00 -2.70369709e-01
    -5.20164073e-01 1.10988081e+00 6.30269289e-01 4.76569891e-01
    -4.07042146e-01 8.44923854e-01 -3.97783816e-01 5.69701195e-03
    6.50174379e-01 1.99251175e-01 8.41761231e-01 1.61959827e-01
    8.82416248e-01 -4.12781715e-01 3.25892150e-01 7.42956519e-01
    2.90372431e-01 8.74475241e-01 8.23769987e-01 9.26601708e-01
    9.39802468e-01 -2.87176877e-01 1.51900232e+00 1.47801232e+00
    -2.79756933e-01 1.37601936e+00 9.45873857e-01 5.03620267e-01
    1.14669979e-01 9.90391314e-01 1.38666868e+00 -4.00797904e-01
    8.53975713e-01 -4.07623082e-01 -5.25822401e-01 9.70993936e-01
    9.95815277e-01 1.55627429e-01 -1.76199943e-01 -4.81943071e-01
    1.51465797e+00 -4.33202684e-01 7.11110234e-01 -4.35068041e-01
    1.42286217e+00 1.79494381e-01 1.27098083e-01 5.70741594e-01
    3.89754236e-01 -2.12740004e-01 7.42736220e-01 -3.67254168e-01
    3.78394961e-01 -2.24546224e-01 1.17882037e+00 -1.51642591e-01
    1.26995051e+00 9.81316149e-01 -1.17381394e-01 1.03271079e+00
    2.03185678e-01 -3.98022234e-01 -2.17324436e-01 1.30656433e+00
    1.22447753e+00 -8.89197886e-02 6.34815037e-01 1.45494103e-01
    9.32250023e-02 -1.99927896e-01 3.73227835e-01 -1.80515647e-01
    1.32924509e+00 1.23401737e+00 1.16346192e+00 -3.32584381e-01
    -8.22110176e-02 1.14167094e-01 9.20030773e-01 1.34106088e+00
    -4.28936422e-01 1.26729703e+00 7.98361838e-01 6.99695468e-01
    1.21499658e+00 1.03974223e-01 5.43260574e-01 -1.80202127e-01
    8.88746440e-01 1.51890695e+00 -1.63601041e-01 1.30506647e+00
    -7.97190070e-02 2.35521734e-01 7.59984612e-01 4.26825583e-01
    3.18266571e-01 1.00376344e+00 1.09214401e+00 6.23437107e-01
    1.09864235e+00 -1.53175056e-01 1.50204396e+00 1.02475882e+00
    1.37804508e+00 -5.29332042e-01 2.25462198e-01 7.48322785e-01
    -1.61573023e-01 1.44828415e+00 -3.90754342e-01 1.37664032e+00
    6.93290412e-01 1.46657002e+00 -2.66766548e-02 -1.83471680e-01
    3.46409917e-01 1.08811903e+00 3.48902583e-01 -2.16278046e-01
    -1.37400359e-01 1.54615664e+00 -7.91631639e-02 1.18611765e+00
    -4.12993550e-01 6.25435472e-01 3.83352697e-01 6.27293766e-01
    6.85530782e-01 2.14052737e-01 2.98480392e-01 4.72653508e-01
    9.59747970e-01 5.30593574e-01 -1.35091275e-01 2.55146801e-01
    -4.95761335e-01 -3.31412464e-01 -1.03094161e-01 -5.49658895e-01
    -3.36692184e-01 -4.31167841e-01 2.73594499e-01 -2.40601361e-01
    2.08450735e-01 5.71396530e-01 -4.90104377e-01 8.54018569e-01
    -2.38741338e-01 1.39476132e+00 -2.16425568e-01 -5.38736045e-01
    1.43741667e+00 3.51869106e-01 1.00432420e+00 1.49790239e+00
    7.42563784e-01 -5.68736196e-02 8.94040465e-02 2.10822344e-01
    1.71194315e-01 1.19064367e+00 8.51867437e-01 4.81333315e-01
    6.11165941e-01 2.08425701e-01 1.76381469e-02 6.28205895e-01
    3.25672090e-01 9.56879616e-01 5.51415563e-01 1.07041287e+00
    5.38254261e-01 1.30184591e-01 -2.57253557e-01 -4.53141838e-01
    1.43450737e-01 1.42818451e+00 -5.47494471e-01 1.31060553e+00
    1.06634188e+00 5.86513758e-01 -6.43468201e-02 7.04397440e-01
    5.57111323e-01 -9.88295376e-02 -3.11991215e-01 7.55231321e-01
    1.23473692e+00 1.02162552e+00 2.41840541e-01 1.13348222e+00
    1.48623848e+00 2.34765232e-01 1.34713078e+00 5.19741356e-01
    7.19606698e-01 1.40810192e+00 -4.34187412e-01 -3.28616202e-01
    8.23243916e-01 1.42380011e+00 -3.21457028e-01 2.66403198e-01
    -3.17067146e-01 6.19110227e-01 5.31723320e-01 9.11623180e-01
    4.40585256e-01 8.43173027e-01 9.52104270e-01 1.47968650e+00
    8.78218234e-01 -2.01245844e-01 3.34299207e-02 8.89531255e-01
    5.76055646e-01 -4.56851482e-01 1.11940384e+00 -1.38949633e-01
    -6.93817139e-02 1.41608882e+00 1.02854896e+00 3.73270273e-01
    3.90743434e-01 1.41218591e+00 9.69319880e-01 9.65907216e-01
    3.56639266e-01 1.51772213e+00 -5.22581220e-01 1.07517529e+00
    8.49703193e-01 -1.95208490e-01 9.88773823e-01 1.46138394e+00
    1.09715438e+00 -5.33306897e-01 -3.17068845e-01 4.70410287e-01
    -3.33169401e-01 4.69940245e-01 3.64353299e-01 8.23279202e-01
    8.46936166e-01 1.69430971e-01 5.06791234e-01 -3.00409198e-02
    -2.42607683e-01 1.08075714e+00 1.17263949e+00 8.70015800e-01
    -5.14044046e-01 1.44413900e+00 1.15397310e+00 9.89004016e-01
    2.89021373e-01 -5.22792459e-01 1.56894326e-02 1.22654843e+00
    -4.47056085e-01 7.73315191e-01 1.35410714e+00 7.21265078e-02
    8.38691294e-01 5.40384352e-01 -4.69708562e-01 1.42429686e+00
    1.01194382e+00 7.01197803e-01 1.07967460e+00 -7.07779229e-02
    4.92928863e-01 7.25312054e-01 3.28792393e-01 3.11447442e-01
    1.23457694e+00 2.41182685e-01 9.71527159e-01 2.41588295e-01
    1.23890376e+00 -4.28847909e-01 7.48102367e-01 1.42778301e+00
    1.30693913e+00 -2.74125159e-01 9.48652804e-01 6.57213807e-01
    -4.20320034e-03 7.56678998e-01 -5.55351377e-02 1.06577265e+00
    1.53582406e+00 -4.15068895e-01 -5.18283188e-01 5.95596731e-01
    -1.40208453e-01 2.48784721e-01 -2.32724935e-01 5.97229004e-02
    -5.37333786e-01 -1.18314326e-01 1.33059502e+00 -6.25857413e-02
    2.54833877e-01 -1.14440918e-05 8.44140053e-01 9.56965327e-01
    1.11849380e+00 5.25398552e-01 8.96944880e-01 1.41879463e+00
    1.00407362e+00 -1.46119893e-01 -5.87727129e-02 -1.85424566e-01
    1.49114823e+00 3.34104061e-01 -2.54069179e-01 3.37349474e-01
    1.16235638e+00 6.93570673e-01 9.62154806e-01 -4.35436785e-01
    1.65892243e-01 9.24213529e-01 4.43672657e-01 -1.25253081e-01
    -2.19485372e-01 5.85963905e-01 1.13575959e+00 -3.28086287e-01
    -3.57811451e-02 -4.03030604e-01 1.03626370e-01 -1.58243328e-01
    -8.48019123e-03 1.33684766e+00 8.78818035e-01 2.82757282e-01
    3.18826616e-01 8.00155759e-01 3.27575862e-01 6.55052841e-01
    3.00697744e-01 1.50217235e-01 1.50182760e+00 -1.04306728e-01
    1.38466275e+00 5.34757972e-02 1.03229868e+00 1.16440153e+00
    1.19906855e+00 1.46912456e+00 -1.29254639e-01 6.41525805e-01
    1.13514304e+00 2.13209033e-01 1.27215433e+00 -4.20859456e-02
    9.68608558e-01 9.62675929e-01 5.54145277e-01 1.03771806e+00
    6.13336086e-01 1.28219700e+00 3.63308847e-01 1.42849088e+00
    -2.17287868e-01 1.04961276e+00 9.53767776e-01 9.00591016e-01
    1.01104808e+00 -4.36366022e-01 8.71613562e-01 8.55658472e-01
    -9.11265612e-03 1.12775588e+00 1.12767625e+00 -4.64137971e-01
    4.19760585e-01 -3.60011846e-01 1.25871301e-02 -1.69597834e-01
    7.65881896e-01 1.45415413e+00 1.22227764e+00 1.07184267e+00
    7.57878184e-01 1.30101323e+00 1.45427084e+00 5.31373560e-01
    5.43596625e-01 8.57568443e-01 1.99059308e-01 -5.22127986e-01
    1.41894817e+00 7.76735485e-01 -4.04626727e-01 6.48109317e-02
    1.82619631e-01 -5.03384054e-01 5.98205686e-01 1.41871190e+00
    -8.93034339e-02 1.04939890e+00 1.16177273e+00 6.15860760e-01
    6.64877355e-01 1.15948963e+00 1.83588505e-01 -1.99572444e-01
    1.17619348e+00 1.25827789e-02 9.62277651e-02 6.41569436e-01
    -1.90944493e-01 4.99338090e-01 1.00885868e+00 2.63539672e-01
    6.31308198e-01 1.16187716e+00 1.69050515e-01 1.30551946e+00
    7.92271674e-01 9.91134048e-02 -1.45262480e-01 1.21443391e+00
    4.25878942e-01 8.08416069e-01 1.37934136e+00 -4.11666095e-01
    2.25864768e-01 -2.34546870e-01 1.28313339e+00 -1.63502455e-01
    8.30767989e-01 1.07038665e+00 1.02488613e+00 8.92855465e-01
    1.07273281e-01 -3.69977653e-01 6.42110348e-01 -3.48723590e-01
    8.07554424e-01 4.63048160e-01 7.63602912e-01 -4.38936859e-01
    -6.31175637e-02 9.87219810e-02 -9.63028073e-02 3.80242884e-01
    1.33434153e+00 1.01241088e+00 -3.26323092e-01 5.35069227e-01
    3.43907237e-01 -4.20068324e-01 1.18418169e+00 -4.29544836e-01
    -3.64092588e-01 -8.98362100e-02 -2.62022823e-01 4.55867529e-01
    1.15546727e+00 4.78445351e-01 8.05712581e-01 1.44875991e+00
    -1.77379638e-01 1.01545310e+00 1.33763981e+00 1.51455283e+00
    3.52802694e-01 1.06985879e+00 1.42066383e+00 6.03168190e-01
    5.73539376e-01 2.60635555e-01 1.28923464e+00 2.57358968e-01
    -1.72934830e-01 1.19851589e+00 -4.40493345e-01 1.20065045e+00
    -3.51691246e-02 2.47245312e-01 4.61707115e-01 1.32936597e+00
    4.97698009e-01 -3.01423430e-01 -8.90083313e-02 1.07477582e+00
    1.24642134e+00 1.08208513e+00 1.53989613e+00 1.08277321e+00
    9.93036211e-01 9.51927900e-01 8.65433931e-01 7.38870084e-01
    1.30005121e+00 1.45643139e+00 1.39708650e+00 8.64639401e-01
    1.14027762e+00 4.86003578e-01 1.78547680e-01 -2.76414007e-01
    8.86679471e-01 9.63198006e-01 1.40519416e+00 -2.36794204e-01
    7.69296944e-01 1.49660790e+00 -1.24061108e-02 -9.63336825e-02
    2.09203482e-01 1.09541202e+00 9.58107114e-01 9.44906473e-02
    9.96781468e-01 8.20657194e-01 1.10614121e-01 7.09756792e-01
    1.08637691e+00 1.01889384e+00 -2.68750489e-01 -1.51275635e-01
    9.99434233e-01 1.42625451e+00 1.83272779e-01 -4.64400142e-01
    1.98802352e-01 -1.42891675e-01 1.00070000e+00 3.86391401e-01
    1.15925193e+00 9.92122591e-01 -5.28180122e-01 -2.19794422e-01
    -7.53736496e-03 4.40920591e-02 -2.97310740e-01 1.06756735e+00
    1.05537128e+00 6.31246626e-01 5.53259850e-01 6.31812751e-01
    5.76338828e-01 6.63211226e-01 1.37598825e+00 2.58197606e-01
    7.07681477e-01 4.36804891e-01 1.17326999e+00 3.87528241e-01
    -5.12508988e-01 5.79090118e-01 -3.86319280e-01 9.54675913e-01
    3.59938681e-01 9.25882339e-01 6.94316626e-01 9.04873013e-01
    3.97384346e-01 4.62540865e-01 9.23362076e-01 4.58045006e-02
    1.32867575e+00 5.32778740e-01 1.28045380e-01 -1.88154995e-01
    -1.08658135e-01 -4.07741368e-01 1.51858687e-01 6.85865700e-01
    2.85664320e-01 -4.77973223e-02 3.00639689e-01 3.63810718e-01
    1.23698294e+00 -5.40631294e-01 2.74323583e-01 8.08882058e-01
    9.91020858e-01 -3.45208645e-02 7.89454103e-01 1.30501986e-02
    2.89188206e-01 1.25839794e+00 1.54826963e+00 -1.72484845e-01
    -2.46357083e-01 1.07619643e-01 8.71848524e-01 5.17074466e-02
    8.96855712e-01 1.33045840e+00 1.44600236e+00 1.49565911e+00
    1.17960811e+00 1.47565317e+00 -3.17462683e-02 5.66487312e-01
    2.34756708e-01 6.18126333e-01 9.73088264e-01 9.73677516e-01
    1.98704481e-01 -2.18691438e-01 -4.23505396e-01 -2.56036162e-01
    -1.40700251e-01 5.72142780e-01 8.86768639e-01 -1.13084972e-01
    1.38905716e+00 -1.31620616e-01 6.81517959e-01 1.45376706e+00
    -3.98635864e-01 1.36664772e+00 1.14550352e+00 -2.52964795e-01
    1.66329741e-01 -3.24443460e-01 -4.21450078e-01 -8.72895420e-02
    4.73868668e-01 4.26763773e-01 -5.57005405e-04 5.47901034e-01
    8.17161262e-01 -2.79541522e-01 3.31312299e-01 1.09444594e+00
    3.91251326e-01 2.98614383e-01 -1.29850000e-01 1.24523103e-01
    1.22806299e+00 8.59916985e-01 2.84908652e-01 7.85908103e-02
    1.44922435e-01 -2.61945724e-02 1.50262666e+00 1.01892829e+00
    4.04576361e-01 1.48655164e+00 1.36721146e+00 1.47926235e+00
    1.26353085e+00 6.80947661e-01 1.25285840e+00 6.99810863e-01
    1.50111961e+00 -3.00062031e-01 1.44267201e+00 1.22101784e+00
    1.35409486e+00 1.38244665e+00 1.35812616e+00 -5.38385034e-01
    -1.76685572e-01 3.30573976e-01 9.82333362e-01 2.31800079e-02
    -2.36450464e-01 5.07230937e-01 2.04702914e-01 1.53615952e+00
    1.18176734e+00 1.05505443e+00 6.80154383e-01 1.10012138e+00
    1.36971760e+00 -1.92109525e-01 8.10685873e-01 1.29999220e+00
    1.46854556e+00 1.09373474e+00 -5.16406178e-01 1.17256641e+00
    1.06967330e+00 1.33211303e+00 2.43424118e-01 6.17458820e-01
    2.23545074e-01 -3.57987583e-01 1.14771438e+00 1.98381424e-01
    7.68070817e-01 5.34643412e-01 1.03549147e+00 -5.41360140e-01
    1.26891482e+00 -3.77036929e-02 -1.90714359e-01 1.48707557e+00
    1.09904385e+00 -1.71802104e-01 2.60219693e-01 3.21583748e-01
    1.39479518e-01 9.12479579e-01 -1.30850613e-01 3.60667706e-01
    1.14071095e+00 1.41432190e+00 1.26952529e+00 1.42746615e+00
    9.43248451e-01 3.33689511e-01 4.25065935e-01 -2.23743409e-01
    5.40417373e-01 8.24340761e-01 2.05464780e-01 1.49828470e+00
    -2.78335363e-01 -2.49167472e-01 5.80148160e-01 1.26537418e+00
    -2.66917676e-01 7.22110391e-01 4.44386721e-01 -4.19557065e-01
    4.36370313e-01 1.08635283e+00 6.06257319e-02 -2.34721005e-01
    -2.07782805e-01 -2.99392223e-01 4.65572059e-01 1.33546472e+00
    2.69935071e-01 2.47174442e-01 -4.31098580e-01 2.79254317e-02
    8.41930091e-01 -1.62761331e-01 1.30922461e+00 1.15093446e+00
    1.39858425e-01 9.87385511e-02 1.78472936e-01 -4.73194480e-01
    -3.77451152e-01 6.33092642e-01 -2.63033003e-01 6.24236465e-01
    1.51823497e+00 6.47190213e-02 4.81206775e-02 1.52232957e+00
    7.44403601e-01 -1.07425034e-01 -1.35060787e-01 1.44750559e+00
    6.05726004e-01 1.24481559e+00 1.03606379e+00 4.48837876e-01
    -3.45939338e-01 1.49017072e+00 3.34719360e-01 1.14414310e+00
    -1.24723941e-01 4.41643238e-01 4.74661171e-01 4.21975732e-01
    1.11242616e+00 1.91787124e-01 1.06165802e+00 1.50562465e-01
    5.76215625e-01 -5.49816847e-01 2.88466334e-01 2.97505081e-01
    1.37103629e+00 2.97185838e-01 -1.44941151e-01 -4.62435931e-01
    7.84106910e-01 2.93056548e-01 6.99334800e-01 -1.87422335e-01
    2.32300401e-01 7.13959038e-01 4.65825856e-01 -3.91931266e-01
    1.03730273e+00 9.87890720e-01 1.48156226e+00 -5.73182106e-02
    6.18349254e-01 4.02939677e-01 1.03247643e+00 1.04179454e+00
    -3.78321946e-01 1.45109951e-01 2.16066420e-01 1.47315907e+00
    5.37585974e-01 1.10673785e-01 1.10642767e+00 2.22052991e-01
    1.34519207e+00 -1.81359917e-01 1.64701879e-01 6.89836085e-01
    3.38813543e-01 1.24371111e-01 -9.32320952e-02 7.79841840e-01
    -3.70199442e-01 7.12168694e-01 1.42759538e+00 -2.15036720e-01
    1.49669313e+00 2.11620569e-01 -4.06748265e-01 1.55898583e+00
    -4.66601938e-01 -2.37604558e-01 1.40988564e+00 1.47963762e+00
    -4.09039170e-01 2.13772655e-02 5.85669160e-01 1.63070500e-01
    1.75581992e-01 -1.55385226e-01 -3.51232767e-01 1.45466471e+00
    1.12281680e+00 1.84075952e-01 1.49459243e+00 -4.46705669e-01
    4.90450978e-01 8.56074929e-01 7.62229800e-01 1.44334364e+00
    1.09788418e+00 1.06396270e+00 1.38091350e+00 -1.62784100e-01
    1.13751435e+00 1.10141277e+00 -2.34349847e-01 3.28929126e-01
    -9.96819735e-02 -4.64423239e-01 1.16514587e+00 1.11798453e+00
    7.71039546e-01 9.14116085e-01 1.33672118e+00 2.19319165e-01
    9.80593741e-01 -6.35572076e-02 2.74774432e-02 1.46996665e+00
    1.37534559e+00 5.21922112e-02 -2.76217997e-01 1.14893603e+00
    -4.90402013e-01 1.13242650e+00 1.34775257e+00 1.54687095e+00
    -5.14104128e-01 1.27485037e+00 6.84565723e-01 -1.43600702e-01
    -5.06436706e-01 4.15719211e-01 4.88145828e-01 -4.49678153e-01
    4.55645442e-01 8.07976842e-01 1.06572318e+00 -3.34145397e-01
    1.01845551e+00 -4.53163207e-01 -3.10237348e-01 -6.65371716e-02
    -1.76568627e-01 -1.82957649e-02 1.54632068e+00 -4.71241057e-01
    -4.82832015e-01 1.39764583e+00 1.38418221e+00 2.77835488e-01
    1.30226076e+00 1.10299587e+00 -1.77018225e-01 3.01554501e-01
    -1.19640499e-01 1.38460755e-01 4.17406559e-02 -3.56414020e-01
    2.09527791e-01 1.01721537e+00 1.28942060e+00 -8.86995196e-02
    6.72117949e-01 1.04679370e+00 5.49717903e-01 2.82075167e-01
    4.97544229e-01 4.26435709e-01 -5.14155090e-01 -1.74478889e-01
    5.69612682e-01 1.27491844e+00 5.15238166e-01 9.27184224e-01
    -1.44873470e-01 1.45120358e+00 -1.49794847e-01 8.50502729e-01
    -5.21627247e-01 -2.32845008e-01 9.94695365e-01 1.03612602e+00
    1.34262896e+00 -4.90315318e-01 1.20865893e+00 2.24633098e-01
    8.04201245e-01 -2.31918484e-01 -2.32065588e-01 4.03061330e-01
    -2.61024803e-01 3.60109746e-01 2.07611680e-01 4.25251961e-01
    -2.97611892e-01 8.68768275e-01 1.16074550e+00 9.89554107e-01
    -5.46580553e-03 -2.99324006e-01 -2.89005309e-01 1.16004920e+00
    9.73731279e-02 2.78517127e-01 4.66306210e-01 1.53383124e+00
    9.02868450e-01 -1.99338198e-01 1.47616291e+00 6.41595602e-01
    4.64506090e-01 1.01699948e+00 -2.39530295e-01 -4.73477304e-01
    1.25534272e+00 1.10156667e+00 -3.84757161e-01 -3.74692053e-01
    1.12143087e+00 6.63451433e-01 -5.16946971e-01 1.25339890e+00
    -3.04958284e-01 5.31498909e-01 -2.74154216e-01 3.12388241e-01
    3.68950069e-01 -4.58267391e-01 4.91388917e-01 9.76278245e-01
    9.59053934e-01 -2.07876652e-01 -4.94885743e-01 2.55654097e-01
    7.29443610e-01 -4.36187387e-01 1.50298274e+00 -3.42865318e-01
    3.75236273e-01 -4.01809752e-01 7.97499597e-01 -2.79422969e-01
    4.09809470e-01 7.71999359e-02 -1.27458185e-01 9.48256016e-01
    2.27018654e-01 4.40517664e-01 4.95749831e-01 1.28866327e+00
    3.51091087e-01 9.65936720e-01 6.49374008e-01 7.24671543e-01
    1.46991134e+00 3.39294612e-01 1.66337550e-01 1.50337875e-01
    -4.48777735e-01 1.07241488e+00 -2.38827050e-01 7.05183864e-01
    9.79993820e-01 1.46352577e+00 -1.96451366e-01 1.34472668e-01
    -3.76827002e-01 8.97351384e-01 1.07659793e+00 8.32739592e-01
    3.61516833e-01 -5.30531526e-01 1.01492500e+00 6.49740219e-01
    5.35307527e-01 8.99024785e-01 1.32662356e+00 5.59215784e-01
    1.39613378e+00 5.44338167e-01 -3.17679048e-01 -2.54417658e-02
    -2.97754258e-01 7.52444088e-01 -9.29891765e-02 1.99839532e-01
    7.61462390e-01 1.46106946e+00 6.88602269e-01 1.00854635e+00
    2.96238005e-01 -3.96499813e-01 8.24795246e-01 1.26193869e+00
    1.55791318e+00 -1.26298517e-01 -5.26684523e-03 1.27208698e+00
    7.86355734e-01 6.27069712e-01 1.21026051e+00 1.51196980e+00
    1.14576077e+00 7.13867962e-01 6.18347168e-01 1.42120337e+00
    -1.51859671e-01 -2.59140939e-01 1.16370916e-01 1.42945910e+00
    8.79517198e-01 4.61517811e-01 -1.19071037e-01 -3.99102151e-01
    1.30405378e+00 1.45550573e+00 1.22405958e+00 1.04028308e+00
    8.91991973e-01 -4.55490232e-01 -4.31095272e-01 1.41229236e+00
    1.06273139e+00 1.33243799e+00 8.35100114e-01 3.94927621e-01
    6.45900488e-01 -4.28016394e-01 -4.40439790e-01 -1.15940690e-01
    5.34001648e-01 -1.65629387e-01 -1.17129028e-01 8.29755723e-01
    4.55141723e-01 5.80496788e-02 4.06801105e-02 1.16469324e-01
    1.41580319e+00 7.91226804e-01 5.29766202e-01 -8.63891840e-02
    9.96104479e-01 -3.88602048e-01 4.95891452e-01 5.37118375e-01
    9.42382395e-01 1.09989774e+00 -3.49265933e-02 1.31684470e+00
    6.14024043e-01 9.67926800e-01 -2.17889369e-01 -4.25894618e-01
    9.32500780e-01 1.30873322e-02 1.29598713e+00 1.04666400e+00
    1.20546305e+00 -3.76276970e-02 -2.04438806e-01 4.42560971e-01
    7.01493025e-01 3.65217566e-01 5.94323039e-01 1.48173332e+00
    1.07790864e+00 4.78252709e-01 4.32626724e-01 8.50910604e-01
    1.05749774e+00 -4.78121012e-01 4.34432805e-01 9.24843609e-01
    5.58846295e-01 -2.58479714e-01 2.92440653e-02 3.92670631e-02
    8.75367820e-01 5.35689235e-01 2.71001101e-01 5.73552489e-01
    3.05645466e-02 9.09276605e-02 -3.63539338e-01 9.21938837e-01
    1.05144143e+00 -2.43099332e-02 1.73526764e-01 1.09394407e+00
    5.70693612e-01 1.47848535e+00 3.20033312e-01 6.70697808e-01
    -1.12464905e-01 1.28388584e-01 5.41134000e-01 1.56548667e+00
    9.02177691e-01 -4.47352439e-01 3.66822481e-01 9.64867473e-01
    1.29264152e+00 6.51073396e-01 -3.09347808e-01 8.54044259e-01
    5.50339878e-01 1.19495082e+00 1.29354000e-01 3.10017645e-01
    1.40740561e+00 2.80787766e-01 -5.34018934e-01 6.91809058e-02
    5.15450716e-01 4.83375907e-01 1.02023315e+00 -1.71243876e-01
    1.43871856e+00 -1.37661129e-01 -1.44118428e-01 2.71011353e-01
    4.05301094e-01 9.23943400e-01 1.31204975e+00 4.95238423e-01
    2.65538692e-03 1.30842531e+00 -1.81361973e-01 6.78147674e-02
    1.20907617e+00 8.05597663e-01 2.06583917e-01 5.17181158e-02
    5.60413718e-01 1.95420146e-01 -2.56224871e-02 1.31996226e+00
    9.81813014e-01 6.01955652e-02 2.15214610e-01 4.19600904e-01
    4.46025252e-01 -3.63876313e-01 1.05437326e+00 -4.97996449e-01
    3.25104356e-01 -3.74032855e-01 1.55895352e+00 2.67860591e-01
    -5.00600517e-01 -1.35040671e-01 1.29570746e+00 -3.16353440e-01
    1.30528879e+00 1.45076823e+00 1.57436967e-01 1.02050090e+00
    1.33159733e+00 4.82087970e-01 2.84190297e-01 1.10295057e-01
    1.47888494e+00 1.34907722e-01 3.76440644e-01 -5.02029717e-01
    -4.93117213e-01 1.35902953e+00 8.91975939e-01 1.38371170e+00
    -8.34999382e-02 5.25069654e-01 6.01555526e-01 -4.55983937e-01
    -4.77703393e-01 -4.82870907e-01 8.50440204e-01 -1.62068337e-01
    1.30534983e+00 -2.73357034e-02 -1.01894528e-01 1.36468470e+00
    6.24772787e-01 -2.09618270e-01 -2.11121082e-01 1.27038717e+00
    1.19511843e-01 -5.08326232e-01 4.11428332e-01 4.44849610e-01
    9.90699410e-01 2.68844426e-01 9.32635725e-01 3.17066491e-01
    6.46757722e-01 1.04013789e+00 -2.40049273e-01 8.20090473e-01
    -5.03612816e-01 1.52248430e+00 8.54325294e-03 1.55356669e+00
    9.50311244e-01 -3.06590617e-01 2.58900106e-01 6.64821565e-01
    1.17471063e+00 1.12902224e-01 -3.30714643e-01 4.85431314e-01
    4.57621813e-02 1.71083748e-01 5.18543959e-01 6.84741139e-01
    -5.20805120e-01 6.51750684e-01 1.53025484e+00 -1.24745548e-01
    -3.53785574e-01 1.30544400e+00 -4.96760905e-01 4.04744089e-01
    -4.77656990e-01 8.11713755e-01 1.87456608e-02 1.13787174e+00
    1.05242741e+00 6.48397982e-01 1.02295685e+00 6.61282003e-01
    5.89170694e-01 1.49515450e-01 1.83493912e-01 -4.81608808e-01
    2.07595944e-01 9.02552843e-01 1.20286012e+00 -2.13693559e-01
    5.59585214e-01 2.39379406e-02 1.32411695e+00 1.12388086e+00
    8.20958912e-01 5.02188146e-01 -4.96289998e-01 6.81387782e-01
    6.50697589e-01 2.12938130e-01 9.33477879e-01 4.71712351e-02
    4.02743340e-01 -2.22416610e-01 7.12692857e-01 3.03399980e-01
    8.03916752e-01 -4.90867227e-01 -3.55806291e-01 5.48910856e-01
    -4.47193980e-01 1.47632921e+00 1.06257081e+00 7.69152701e-01
    7.47674704e-03 8.76702905e-01 1.15188551e+00 1.35481739e+00
    1.09403050e+00 1.86508000e-01 3.47772419e-01 8.97440672e-01
    1.44843054e+00 -5.24413288e-01 1.98890865e-01 1.17680252e-01
    1.19098389e+00 1.14769888e+00 1.37696981e-01 -8.30503404e-02
    2.56165326e-01 2.13349342e-01 -3.97734165e-01 2.05809593e-01
    1.19020963e+00 3.25367928e-01 7.36679018e-01 4.38594222e-01
    -4.19324368e-01 8.68898749e-01 8.21830213e-01 8.73602748e-01
    1.07451677e+00 1.14806509e+00 1.00986481e+00 1.41246355e+00
    5.44599593e-01 9.71814036e-01 1.14309800e+00 1.10494542e+00
    2.08290100e-01 3.13219845e-01 6.63973570e-01 4.07305837e-01
    2.96625614e-01 -2.18704402e-01 1.27130401e+00 -1.44289643e-01
    7.79927373e-02 -3.90738845e-02 8.97035360e-01 4.70469177e-01
    1.30161035e+00 3.44739974e-01 -3.58295739e-01 1.00922275e+00
    8.90881777e-01 1.54131508e+00 7.60836363e-01 3.50654125e-03
    -5.13451457e-01 -1.58703089e-01 -1.67624325e-01 -3.51250112e-01
    3.13847005e-01 1.38909841e+00 -5.43113470e-01 6.26619816e-01
    -2.69677490e-01 8.70502591e-01 9.07098591e-01 8.37281585e-01
    7.37206161e-01 -4.59521174e-01 -3.01555157e-01 1.33859992e+00
    5.29516339e-01 3.82551908e-01 1.31430626e-02 2.61449873e-01
    1.15035248e+00 -5.11750817e-01 9.27784085e-01 1.42288113e+00
    3.33507180e-01 1.01577997e-01 6.69699788e-01 1.08338213e+00
    7.82612383e-01 1.11827183e+00 -1.63938701e-01 8.99818957e-01
    5.36763310e-01 7.58318722e-01 -4.77485955e-01 3.75173211e-01
    1.25538969e+00 1.03691149e+00 -5.13344884e-01 8.55046093e-01
    -4.34212476e-01 4.07063782e-01 7.88057625e-01 1.29831636e+00
    -1.05571121e-01 7.16223836e-01 1.27674317e+00 6.78081155e-01
    1.55957031e+00 -4.69857156e-01 3.06380749e-01 1.16762352e+00
    1.97311699e-01 1.33003378e+00 1.67284608e-01 9.77144241e-02
    9.42075014e-01 1.23137629e+00 7.54413784e-01 -1.58574462e-01
    1.26502621e+00 -7.18834698e-02 4.78648245e-01 1.26103973e+00
    6.21119797e-01 -2.47551054e-01 -1.90474123e-01 7.10005283e-01
    6.18109286e-01 4.93263125e-01 -4.58151877e-01 9.11569059e-01
    -2.97758609e-01 1.06904685e+00 1.23216236e+00 1.30404115e+00
    -3.62793446e-01 2.25436151e-01 8.38594079e-01 1.13860738e+00
    -4.70811188e-01 2.59437919e-01 -3.22358340e-01 -4.75572646e-01
    6.02479279e-01 1.18390167e+00 4.69813347e-01 -1.27631396e-01
    9.80643988e-01 -3.83898675e-01 -5.19501328e-01 4.88087714e-01
    1.03026617e+00 4.96391535e-01 1.26502228e+00 -2.99570382e-01
    9.30451989e-01 4.95620549e-01 6.53241217e-01 9.70094383e-01
    4.78267252e-01 4.42956865e-01 1.44893420e+00 -1.53906912e-01
    1.31138539e+00 -2.74672508e-02 3.28371525e-01 1.33059907e+00
    -9.53247249e-02 1.18387711e+00 -1.23853713e-01 1.37701941e+00
    8.24937642e-01 -5.04018307e-01 1.15815473e+00 5.35494924e-01
    1.71523333e-01 1.28456998e+00 1.17402983e+00 -3.91448587e-01
    -1.56161219e-01 -2.41904944e-01 1.47394133e+00 2.13025987e-01
    -1.30543470e-01 8.64251316e-01 1.35377812e+00 8.36003006e-01
    -2.22824752e-01 -1.26805872e-01 5.42546630e-01 4.99664545e-02
    4.73550200e-01 4.64767218e-01 -2.18715429e-01 4.60520804e-01
    6.29207969e-01 1.09925914e+00 1.10319579e+00 1.05224645e+00
    1.46282291e+00 7.54259169e-01 1.96497202e-01 -2.22664475e-02
    -3.43102217e-02 1.49170446e+00 2.65571356e-01 4.81972516e-01
    1.05830610e-01 5.21174550e-01 4.07775819e-01 1.02196145e+00
    1.09800541e+00 1.16602159e+00 1.42727816e+00 1.30041754e+00
    -4.67359722e-01 -2.04610616e-01 1.28221250e+00 1.04713929e+00
    1.36068964e+00 6.63879275e-01 9.69391346e-01 8.93533409e-01
    -3.98796618e-01 8.53129685e-01 4.46446300e-01 3.63783121e-01
    -3.05736512e-01 1.17191565e+00 2.89855242e-01 1.29021752e+00
    6.78659558e-01 1.28997099e+00 1.13715625e+00 4.43781495e-01
    -2.14562386e-01 1.15402102e+00 1.29944122e+00 3.54001582e-01
    6.44330323e-01 1.67083681e-01 1.09871900e+00 1.82711184e-01
    9.69849408e-01 4.81392503e-01 1.32799125e+00 4.53955770e-01
    1.93297327e-01 -1.54720485e-01 1.02336502e+00 -4.54219699e-01
    1.19550741e+00 -8.72927904e-03 8.31112266e-01 -2.89068133e-01
    -4.19165254e-01 9.04705524e-02 9.81157541e-01 8.49519968e-01
    1.14516187e+00 1.88658893e-01 1.23690200e+00 -1.61923647e-01
    7.70051479e-02 -5.36150932e-02 1.52867079e+00 1.31911373e+00
    5.00854850e-02 8.26227605e-01 1.40189934e+00 6.15876436e-01
    -4.65188146e-01 5.98552167e-01 1.50836718e+00 -2.99156964e-01
    -2.85074025e-01 -2.99020767e-01 -4.93155330e-01 -2.93054253e-01
    1.22465992e+00 2.06187606e-01 9.04048085e-02 8.30324173e-01
    1.52211356e+00 1.35053468e+00 3.09903920e-01 3.71110439e-03
    -1.00258619e-01 -2.28276610e-01 2.06733704e-01 -4.67957705e-01
    -3.00186872e-03 -1.58475667e-01 6.35627747e-01 1.46035480e+00
    1.18645680e+00 1.37934315e+00 -2.77773142e-02 1.03037083e+00
    -6.13944829e-02 1.24074793e+00 6.19144201e-01 1.96220100e-01
    5.48552036e-01 -1.70827508e-02 1.43444037e+00 1.39962316e+00
    -1.53152525e-01 1.30257845e+00 7.38479555e-01 1.43903148e+00
    5.68393588e-01 -1.45667940e-01 1.32695007e+00 1.32364559e+00
    1.65065706e-01 -8.31525624e-02 1.41602755e+00 -3.77891660e-01
    1.42694724e+00 -3.93314421e-01 1.10432553e+00 1.53373075e+00
    -1.15153670e-01 1.10759807e+00 6.44730330e-02 1.08235288e+00
    1.00558460e+00 8.54490519e-01 2.07533181e-01 3.47287118e-01
    1.08273053e+00 6.79967582e-01 7.84159184e-01 5.37520349e-01
    1.24258900e+00 -5.88006377e-02 1.15015793e+00 7.63419867e-01
    -5.25587022e-01 4.89351094e-01 1.33914495e+00 9.14763629e-01
    4.52290654e-01 -4.62134659e-01 1.34263253e+00 7.71334171e-02
    5.76012373e-01 4.91311252e-01 -3.60631615e-01 1.07239270e+00
    1.54858470e+00 5.26824772e-01 -4.73255783e-01 1.13701832e+00
    1.21937251e+00 1.36072421e+00 1.28347397e+00 5.05668700e-01
    -6.52391315e-02 5.05709648e-01 3.85285199e-01 2.03880012e-01
    7.67407358e-01 -3.23478609e-01 6.44300997e-01 1.54564500e+00
    5.77113748e-01 1.43247116e+00 -4.82084066e-01 1.13814890e+00
    8.52445424e-01 3.80479693e-02 5.36972761e-01 1.91662133e-01
    9.59210873e-01 4.41902041e-01 -1.96681201e-01 -4.58646238e-01
    7.67085195e-01 -1.89614773e-01 1.35931492e+00 9.84960198e-02
    1.19692492e+00 8.12045395e-01 1.38829827e-01 1.54462111e+00
    9.29136992e-01 4.60425317e-01 1.41169930e+00 8.17271352e-01
    8.24288726e-01 9.60973144e-01 6.59538329e-01 5.19953310e-01
    -3.56039464e-01 -3.32491755e-01 9.49306607e-01 -4.87976581e-01
    8.52410555e-01 -2.39878058e-01 8.56062293e-01 1.05748177e+00
    4.77759063e-01 -2.56903946e-01 7.82186925e-01 1.20913243e+00
    1.55581474e+00 -1.78127259e-01 2.50861466e-01 -2.23798156e-02
    1.08636594e+00 1.42065287e+00 1.19686770e+00 1.06543934e+00
    3.70298684e-01 -3.51042151e-02 7.73108125e-01 1.73454583e-01
    -5.27302802e-01 3.03201854e-01 1.38565230e+00 8.40008974e-01
    7.14191616e-01 1.04333425e+00 1.55487299e+00 1.16223073e+00
    8.88854325e-01 -4.59209621e-01 1.03559995e+00 1.40859056e+00
    2.93526113e-01 4.37477350e-01 -4.52592283e-01 9.37888682e-01
    1.53240991e+00 2.49168992e-01 1.18031347e+00 -1.39329076e-01
    8.55732918e-01 -2.50847906e-01 1.55890191e+00 1.27492321e+00
    -1.26447886e-01 6.74982667e-01 1.04255629e+00 -4.76859510e-01
    3.61240327e-01 7.20264852e-01 6.23268962e-01 5.41203082e-01
    -2.63230026e-01 9.90907907e-01 1.23212993e+00 1.10584903e+00
    8.81448567e-01 1.01677978e+00 -1.96406156e-01 -4.18622136e-01
    1.05458856e+00 4.12664413e-01 -1.19846672e-01 1.55255413e+00
    1.38249874e+00 1.03884864e+00 4.97767270e-01 -3.47566903e-01
    -3.51854265e-01 2.50857592e-01 1.42778635e+00 1.39581728e+00
    -4.07173514e-01 8.98328841e-01 2.72806704e-01 4.75070834e-01
    3.28920603e-01 9.75320041e-01 -2.23951340e-01 7.23188460e-01
    1.14243746e+00 1.47783804e+00 1.10418916e+00 4.23723459e-01
    5.73430061e-02 8.87992501e-01 7.89219558e-01 6.51113987e-02
    -2.32604325e-01 -3.28562319e-01 1.34648418e+00 1.26524711e+00
    3.50556850e-01 3.11409652e-01 8.95196736e-01 -4.70764637e-02
    -3.09650660e-01 1.32019830e+00 3.31085384e-01 1.53612542e+00
    4.37054217e-01 -2.56298125e-01 -5.09779274e-01 5.02236247e-01
    -1.11022413e-01 -1.75006479e-01 1.13575053e+00 5.04556358e-01
    1.50953841e+00 -4.93284762e-02 5.53163290e-01 3.18233073e-01
    4.99763012e-01 2.66786635e-01 1.91227257e-01 5.72569609e-01
    1.49838901e+00 1.17356980e+00 5.11457801e-01 -1.47035301e-01
    1.76326871e-01 8.70926142e-01 6.30440712e-02 -4.20999646e-01
    1.08965659e+00 1.13725829e+00 1.11226642e+00 1.49151969e+00
    8.92195702e-01 1.30618119e+00 -3.80241513e-01 1.36292708e+00
    1.57296968e+00 6.87429011e-01 -5.22107482e-01 2.82489002e-01
    1.25096905e+00 1.73542440e-01 3.68932903e-01 1.19549155e+00
    1.31405449e+00 -2.87430227e-01 -5.10811448e-01 5.60185075e-01
    1.11154199e+00 -3.06231976e-01 -2.65165269e-01 7.95483828e-01
    1.43888950e+00 1.15767205e+00 1.55532861e+00 -4.54928875e-02
    -3.44908655e-01 6.47289038e-01 -8.28993320e-03 -4.86590356e-01
    5.50799608e-01 -3.34901899e-01 -2.14706659e-02 1.51102722e+00
    -8.60333443e-04 6.26365185e-01 7.02437401e-01 1.19193935e+00
    3.09346020e-01 1.06308603e+00 2.40004957e-01 -1.14922643e-01
    -5.16635954e-01 5.90324640e-01 -6.01427257e-02 1.45604432e-01
    5.51293612e-01 1.35564339e+00 4.28985238e-01 4.65351641e-01
    1.12480164e-01 2.80888319e-01 6.30605400e-01 1.20234108e+00
    -2.47412920e-02 2.77229130e-01 6.41430736e-01 1.39588881e+00
    1.31264687e+00 1.14517498e+00 9.17230844e-02 -2.15497136e-01
    1.06257200e+00 1.23933375e+00 3.26921701e-01 9.39070284e-01
    1.55453038e+00 6.96578681e-01 1.26706243e-01 5.85330546e-01
    1.01195312e+00 -3.86426806e-01 -3.33075345e-01 1.39779532e+00
    1.27304053e+00 8.75596642e-01 1.14181030e+00 9.35883403e-01
    -4.62814480e-01 6.49269819e-01 1.25952661e-01 1.37011600e+00
    -3.83059233e-01 7.50918269e-01 -4.04875815e-01 -2.27321535e-01
    -1.20631844e-01 1.12590337e+00 6.97918057e-01 6.03680670e-01
    1.48405230e+00 1.11065078e+00 6.10266387e-01 5.97782373e-01
    1.38677049e+00 7.45958149e-01 -1.76762938e-01 -3.25693935e-01
    -3.59440446e-01 -3.51184666e-01 -2.98468947e-01 1.69783711e-01
    9.99776900e-01 9.88841534e-01 1.00825405e+00 1.54546082e+00
    4.19564128e-01 -4.94029522e-02 -1.61607444e-01 1.39434886e+00
    1.49998724e+00 1.00115418e-01 -5.10240316e-01 -2.56238401e-01
    -1.81276113e-01 1.28611243e+00 8.99061739e-01 3.62782896e-01
    4.20821548e-01 6.89867139e-02 3.65049005e-01 1.35773516e+00
    -1.47593111e-01 1.32073045e+00 -5.00186205e-01 -3.07181776e-01
    6.99197531e-01 -4.16175842e-01 5.72966039e-01 1.50093198e-01
    -3.45241070e-01 3.67818475e-02 8.52106750e-01 -2.34928340e-01
    8.65128040e-01 1.03778028e+00 -2.18404621e-01 1.04546154e+00
    1.02145195e+00 -5.42259574e-01 7.54003704e-01 9.81283367e-01
    4.80142355e-01 5.83804607e-01 -1.30398422e-01 1.78845108e-01
    8.12995315e-01 1.05434024e+00 1.47184622e+00 2.63949394e-01
    -4.02269036e-01 5.67501485e-01 2.09065020e-01 6.03256345e-01
    -7.20655918e-03 -4.08444941e-01 1.68264091e-01 9.41306651e-01
    7.19636381e-01 2.77576804e-01 7.18753576e-01 1.55383766e+00
    2.19526947e-01 7.71769583e-01 1.02703214e-01 8.63002300e-01
    9.79337215e-01 1.09645534e+00 8.03853691e-01 1.00604916e+00
    7.96831250e-01 -3.87914181e-01 8.44380081e-01 4.00140941e-01
    1.21500683e+00 9.58647072e-01 1.09005761e+00 6.83949172e-01
    -5.37941813e-01 1.51320124e+00 2.82343924e-01 8.52395177e-01
    1.09590769e+00 -1.58161491e-01 -4.95440274e-01 1.08272779e+00
    9.22799051e-01 9.41664338e-01 -3.89800608e-01 4.08822775e-01
    5.47340214e-01 6.57530010e-01 1.10966277e+00 1.48944092e+00
    -2.03700960e-01 7.35041499e-01 3.48595440e-01 4.97812927e-01
    1.43718719e-01 1.37156653e+00 -4.64098245e-01 2.77770162e-01
    5.58216572e-02 -7.48171210e-02 9.18215513e-02 -5.48169911e-01
    -3.41796726e-01 1.16639543e+00 1.49361873e+00 6.58351958e-01
    1.96884096e-01 1.23071265e+00 3.33461404e-01 -2.90214449e-01
    9.60593045e-01 1.40146613e-02 3.78446162e-01 1.82350636e-01
    7.93838739e-01 3.98391962e-01 6.00250781e-01 -5.07964849e-01
    1.07377768e+00 1.52754426e+00 -1.24719352e-01 2.95409560e-01
    7.72027493e-01 6.91895247e-01 3.45760643e-01 5.49723208e-01
    1.28425813e+00 8.42666149e-01 5.91133237e-02 9.27174926e-01
    4.26002800e-01 4.80703354e-01 1.32774591e+00 1.16809249e+00
    1.60584271e-01 -9.71848071e-02 6.91663027e-02 1.51960659e+00
    -2.01965034e-01 1.10785413e+00 9.71335471e-01 2.60047793e-01
    1.24498367e+00 4.77954626e-01 9.77711499e-01 1.49740720e+00
    4.87865388e-01 1.22790599e+00 8.75102878e-01 1.45372450e-01
    7.49903917e-01 5.39023817e-01 2.11068094e-01 -3.24491858e-01
    8.06080222e-01 1.39865422e+00 5.90897262e-01 -1.31973892e-01
    -4.70290750e-01 1.18243635e-01 7.04132020e-01 -2.09626555e-01
    1.78634226e-01 1.48945260e+00 8.06670725e-01 7.68371224e-02
    8.68906438e-01 4.62996364e-02 -4.13760453e-01 1.11126685e+00
    9.51068997e-01 5.15391827e-02 1.11735654e+00 6.65752470e-01
    9.43951011e-02 1.05180502e+00 -4.47504520e-01 6.87421262e-01
    -1.84839755e-01 -4.38542008e-01 9.16698575e-02 -5.04011452e-01
    1.33206427e-01 -3.92385513e-01 -1.05366468e-01 -9.18412805e-02
    1.53722858e+00 -3.08398098e-01 -9.72588062e-02 7.47600198e-02
    4.77553606e-02 1.39435196e+00 9.51873064e-01 7.34881163e-01
    -3.46323013e-01 1.14974666e+00 9.26907063e-02 6.24976516e-01
    5.37039459e-01 6.53445423e-01 -1.04231596e-01 -7.39166439e-02
    3.16766977e-01 1.86701536e-01 -2.97734201e-01 6.14702463e-01
    -1.28778815e-01 1.09891629e+00 8.25752437e-01 9.78708267e-02
    9.06973243e-01 1.40460372e-01 9.47793663e-01 6.91692412e-01
    5.51147223e-01 4.40399051e-02 -1.85855150e-01 9.49012518e-01
    5.53539991e-02 1.30265975e+00 4.50533092e-01 1.10124898e+00
    5.27517498e-01 -2.31592834e-01 -3.61991167e-01 -3.34015131e-01
    1.02300584e+00 -2.76215881e-01 -4.11663741e-01 1.28114200e+00
    5.53034186e-01 -5.12807906e-01 1.17117453e+00 1.42372942e+00
    5.32142222e-01 5.91268539e-02 4.54401791e-01 1.04076505e-01
    -7.20243454e-02 1.01324010e+00 1.56610084e+00 7.27826118e-01
    4.31969643e-01 5.75902939e-01 5.63844740e-01 7.44444728e-02
    5.20946980e-01 3.73394847e-01 6.80465162e-01 -1.53567791e-02
    1.51061487e+00 1.17398691e+00 1.55213642e+00 3.34284008e-01
    1.07158661e+00 1.57408953e-01 2.05700219e-01 1.06489730e+00
    9.65676010e-01 1.13569164e+00 -4.63573933e-01 -4.38151956e-01
    -8.43662918e-02 -5.52900136e-02 3.02266359e-01 1.51936233e-01
    1.04089701e+00 9.75496769e-02 1.13881981e+00 1.07530999e+00
    1.64337158e-01 -2.50949502e-01 1.33952665e+00 6.97627068e-02
    8.35124373e-01 -9.07067060e-02 7.30182767e-01 2.06590354e-01
    1.47019720e+00 1.52695811e+00 2.60625303e-01 1.73521936e-01
    3.35845053e-01 1.56047988e+00 1.30447674e+00 7.71231890e-01
    1.14604521e+00 -4.79162782e-01 -3.58729482e-01 1.50922143e+00
    -3.46181989e-02 -8.35784972e-02 1.43019950e+00 8.24048519e-02
    9.83865321e-01 1.13579512e+00 1.34354782e+00 7.72114813e-01
    1.21520686e+00 -9.32271481e-02 -1.30734593e-01 9.03090954e-01
    -2.99129486e-02 1.28436863e-01 2.08604753e-01 6.80237651e-01
    8.24260056e-01 -1.54654831e-01 5.98510563e-01 6.74592674e-01
    -2.61955738e-01 6.57083392e-02 5.55346608e-02 1.44339442e+00
    2.92764843e-01 6.11426890e-01 2.09175527e-01 4.91564333e-01
    2.01691508e-01 8.92586112e-02 1.67606235e-01 8.88750732e-01
    1.31359839e+00 1.60974085e-01 -4.58240032e-01 7.81367064e-01
    -4.78248358e-01 -3.66438746e-01 9.50455725e-01 -1.91234142e-01
    -1.97347969e-01 5.16414404e-01 4.08021569e-01 1.12671924e+00
    1.54581809e+00 4.22247469e-01 1.16139531e-01 7.17526078e-01
    2.86305368e-01 1.26536560e+00 1.53483057e+00 -2.31811732e-01
    1.35526979e+00 1.04553711e+00 2.38989770e-01 3.78150702e-01
    1.53331137e+00 -5.25348604e-01 -1.01710081e-01 3.92299235e-01
    -2.27484077e-01 -1.65175557e-01 1.28293097e-01 5.56566894e-01
    -1.72000974e-01 1.47372794e+00 -5.72829247e-02 1.48002613e+00
    9.39358413e-01 9.34559047e-01 1.21195793e-01 7.90150523e-01
    3.19582880e-01 3.24356318e-01 1.29924273e+00 6.16486490e-01
    9.14906323e-01 1.40314364e+00 1.36555719e+00 7.41361976e-01
    1.16895127e+00 7.48324454e-01 -3.52625191e-01 1.99222267e-01
    1.01665068e+00 -1.19837821e-01 1.17675328e+00 8.80179405e-02
    -5.30948520e-01 -7.80421495e-03 1.57083333e+00 1.53674781e+00
    -5.11090517e-01 1.13268375e+00 1.30947924e+00 -3.99204314e-01
    3.56089175e-01 2.40942955e-01 1.37345266e+00 6.44241035e-01
    8.63655627e-01 -3.45296651e-01 2.90681005e-01 -7.26830959e-02
    9.38871980e-01 2.85908580e-02 -1.58496022e-01 -8.57591629e-03
    -2.56137908e-01 1.50903213e+00 -3.89258891e-01 9.11605358e-03
    1.40548897e+00 6.47384048e-01 -1.51350856e-01 1.19458294e+00
    8.64669681e-01 -3.28184187e-01 6.72948062e-01 -9.27673578e-02
    -6.49666786e-03 1.45605898e+00 -3.83378685e-01 6.77775204e-01
    8.89179170e-01 2.50281155e-01 1.27210629e+00 5.56541383e-01
    2.14440703e-01 8.07959318e-01 1.30848289e+00 5.57397425e-01
    -2.63074636e-02 6.18222177e-01 6.24541581e-01 -3.46202612e-01
    -1.86058909e-01 -3.80555391e-02 -2.42150933e-01 9.49503779e-02
    7.72113681e-01 8.06099474e-01 7.12644219e-01 2.85711944e-01
    1.56735849e+00 1.29288805e+00 -7.35566616e-02 1.50139022e+00
    7.20378160e-01 6.43454850e-01 6.65749252e-01 1.20740938e+00
    1.53749764e+00 -3.25385720e-01 9.53536570e-01 5.76804161e-01
    8.39111209e-02 -6.00135028e-02 4.26004767e-01 1.27421963e+00
    1.41217637e+00 -3.31272542e-01 2.24937797e-02 2.08813667e-01
    9.65843797e-01 1.41352582e+00 1.95526898e-01 1.48010778e+00
    1.46048677e+00 1.25892138e+00 1.32902801e+00 -2.46760786e-01
    4.00812089e-01 1.51167464e+00 -2.71035463e-01 -4.90349948e-01
    1.06394529e-01 1.52159691e+00 9.14953947e-01 -6.78270757e-02
    -2.72754431e-02 -3.97722602e-01 5.06927609e-01 1.32614434e-01
    2.13361382e-02 1.57682836e-01 6.85500383e-01 7.21190572e-02
    -1.47614598e-01 -4.73351628e-01 1.17557740e+00 7.09008396e-01
    -1.12652957e-01 -1.98798239e-01 1.26824236e+00 1.19493222e+00
    -2.95839190e-01 1.09195089e+00 -4.58791792e-01 1.18053138e+00
    -5.12109756e-01 1.12446475e+00 5.80245137e-01 1.39638305e-01
    1.48584127e-01 -2.55148023e-01 4.87920225e-01 9.82941985e-02
    5.09375751e-01 5.10858655e-01 9.55651820e-01 7.99962223e-01
    1.04040480e+00 8.68877113e-01 4.76684809e-01 1.14107704e+00
    1.13761187e+00 1.51354289e+00 1.12485671e+00 -5.02130747e-01
    6.25956655e-02 2.27485061e-01 2.50273049e-01 1.11364067e+00
    6.39957786e-02 -2.33016610e-02 -4.15480912e-01 1.32418466e+00
    3.81127357e-01 -2.65969634e-02 3.12297285e-01 1.37025666e+00
    1.24111736e+00 1.14499116e+00 4.15176749e-02 -3.01081538e-02
    -3.19165647e-01 -3.56904835e-01 7.58159280e-01 -2.74736822e-01
    -8.63761902e-02 1.06909943e+00 4.92315650e-01 -3.60487849e-01
    -4.04096067e-01 5.39278090e-01 1.16367292e+00 1.17861605e+00
    1.02665496e+00 1.91242278e-01 1.36172771e+00 8.32734764e-01
    -5.15064538e-01 1.87192619e-01 -1.33656859e-02 4.74647045e-01
    1.07038045e+00 -1.64307654e-01 4.44299698e-01 -4.59405482e-01
    7.32918620e-01 1.02578998e-02 9.89145994e-01 -1.31342977e-01
    -5.42314708e-01 1.53198671e+00 1.41490233e+00 -4.59558010e-01
    2.93450475e-01 1.25315392e+00 8.58086169e-01 3.42777491e-01
    1.08698845e+00 -5.14268041e-01 1.33416355e-01 1.50241685e+00
    7.90479720e-01 7.31697738e-01 -5.15668511e-01 2.83189654e-01
    6.68578029e-01 -2.49836326e-01 1.24323308e+00 1.42410684e+00
    7.66259193e-01 -2.51012385e-01 2.19765842e-01 6.71168089e-01
    7.63369262e-01 1.03163052e+00 1.47195172e+00 -1.68544263e-01
    -3.56644183e-01 5.19000828e-01 -5.18950820e-01 9.92735505e-01
    -2.31442541e-01 1.54496789e+00 9.37849224e-01 1.02346110e+00
    9.74662900e-01 7.08951890e-01 4.04694140e-01 9.64541793e-01
    -2.69545853e-01 -3.69655311e-01 1.34973800e+00 -2.69017637e-01
    -3.15310568e-01 5.11244535e-02 1.51677847e+00 4.43950951e-01
    -4.51476634e-01 1.52112007e+00 -5.35301387e-01 4.76849079e-02
    4.43629980e-01 8.68951499e-01 -2.45063186e-01 9.69588041e-01
    -4.76451874e-01 6.06895506e-01 1.53200102e+00 -2.83223838e-01
    -1.88709497e-02 1.13497615e+00 1.02026701e-01 -4.95630085e-01
    3.95396113e-01 -3.01582485e-01 -9.69550312e-02 1.16494131e+00
    9.93673563e-01 1.50665927e+00 2.17169464e-01 -2.17746973e-01
    6.46887839e-01 1.55328691e-01 2.30062008e-03 1.28681588e+00
    -3.19799185e-01 -3.00784945e-01 8.24367106e-01 7.16486514e-01
    1.37107277e+00 8.24604094e-01 1.45987988e-01 2.70847678e-01
    -4.04951781e-01 3.88118446e-01 -3.30306768e-01 8.92397881e-01
    8.63535643e-01 -4.46056992e-01 2.90827036e-01 4.42867517e-01
    8.76984358e-01 1.17909014e-01 -1.23520225e-01 9.03298855e-01
    1.38709819e+00 -1.83790207e-01 -1.96848184e-01 1.05016398e+00
    -3.62313002e-01 -9.51174796e-02 8.88039231e-01 4.55311775e-01
    1.31543756e+00 8.93731475e-01 1.15569580e+00 1.15392208e-01
    -1.50261551e-01 2.37570584e-01 3.28925014e-01 1.25811219e+00
    4.05680001e-01 1.51544213e+00 1.00675988e+00 1.22829926e+00
    5.65629065e-01 1.07503772e+00 2.24476218e-01 -5.08205295e-01
    6.21304572e-01 -4.73659635e-02 8.08070004e-01 1.19220448e+00
    8.22845817e-01 -4.62823331e-01 2.19723046e-01 1.04402089e+00
    4.33629870e-01 1.47564363e+00 1.50748491e-02 7.93027401e-01
    6.77941859e-01 9.39057648e-01 1.48865819e+00 1.21018684e+00
    2.00821102e-01 3.59476209e-01 -4.04302925e-01 9.72154915e-01
    6.87902510e-01 -1.78898752e-01 -3.10234547e-01 -4.75389987e-01
    -1.57078058e-01 1.47231245e+00 -1.86899096e-01 5.77645898e-02
    1.24317133e+00 -1.62692457e-01 1.20861566e+00 -3.05241078e-01
    1.09895766e-01 2.46097445e-01 6.95037067e-01 3.42850089e-01
    9.51937973e-01 1.26069307e+00 -2.85622001e-01 -2.84961879e-01
    3.11389804e-01 -2.78001070e-01 -3.66009235e-01 6.42339885e-01
    9.97545898e-01 -5.01158118e-01 1.28466558e+00 1.51452148e+00
    3.32699418e-01 1.46095228e+00 2.31667221e-01 1.45817852e+00
    1.04454756e+00 5.88210821e-02 -4.54663545e-01 1.25622034e+00
    8.49464357e-01 1.52990222e-02 6.80389822e-01 3.39141250e-01
    4.51057553e-01 1.12278080e+00 -4.88293260e-01 -1.50999308e-01
    1.63426697e-01 1.45767808e+00 2.61195421e-01 8.02540779e-02
    2.51609921e-01 3.09288144e-01 1.46466076e-01 1.06645274e+00
    2.23908603e-01 -4.50670719e-04 7.15142727e-01 -3.06952000e-03
    -7.74400830e-02 8.62070382e-01 -4.02164489e-01 8.60287309e-01
    3.21269751e-01 4.14027572e-02 1.10838497e+00 -4.58454669e-01
    4.09375429e-01 1.08288431e+00 -2.30716169e-01 -1.69170827e-01
    -1.46297634e-01 4.32034612e-01 5.32619834e-01 1.45839071e+00
    1.51621032e+00 6.23404324e-01 -3.39409292e-01 -2.09411800e-01
    4.00670230e-01 6.53898656e-01 1.30875492e+00 -3.02209675e-01
    1.13163018e+00 5.39242268e-01 -8.71540904e-02 1.62819028e-01
    -3.42775732e-01 1.27333021e+00 2.52414346e-02 -5.35798013e-01
    1.46393073e+00 6.67980731e-01 -3.55136573e-01 -1.89895242e-01
    1.52355456e+00 1.52681756e+00 1.04708958e+00 1.12396646e+00
    1.18888307e+00 -1.37226909e-01 -2.09627539e-01 8.49115312e-01
    9.79647458e-01 5.13422668e-01 -4.36508745e-01 -1.59707218e-01
    5.80999434e-01 -2.57983506e-01 5.62992215e-01 4.20282185e-01
    -5.22504747e-02 9.42061663e-01 1.17055202e+00 7.44692028e-01
    7.97562599e-02 1.46599460e+00 4.16057348e-01 1.04182541e+00
    1.38223684e+00 -1.51782215e-01 1.36047888e+00 7.42149055e-01
    1.20483518e+00 8.85999084e-01 5.30503750e-01 1.28740573e+00
    1.37808800e-01 -3.22208285e-01 4.37284589e-01 4.11586463e-01
    1.13624454e+00 8.01338136e-01 3.72468829e-01 1.15163136e+00
    8.16313922e-01 6.69797838e-01 1.38828540e+00 1.21042538e+00
    -1.17529899e-01 -2.76855111e-01 1.06430793e+00 2.20822513e-01
    -2.50824034e-01 1.20413566e+00 1.50788414e+00 1.23559141e+00
    -2.07379907e-01 4.25562680e-01 1.64467931e-01 -4.63445783e-02
    3.31590176e-02 3.81674528e-01 2.26257980e-01 -3.17182451e-01
    1.64614201e-01 2.37875283e-01 2.91713357e-01 -2.05695629e-03
    -4.78197992e-01 2.79777169e-01 -3.71534884e-01 -1.67490423e-01
    1.52196360e+00 1.52658415e+00 1.31661010e+00 4.15486574e-01
    -2.37320542e-01 1.39212549e+00 1.10915065e+00 1.33381367e+00
    -4.82473075e-01 1.50595629e+00 3.21974516e-01 8.25812578e-01
    9.02377307e-01 4.73467708e-02 -1.54828668e-01 5.59132457e-01
    -2.33823091e-01 5.82307279e-01 9.90236998e-01 9.70451236e-01
    -9.57353413e-02 1.00345635e+00 1.41145945e+00 -1.67221874e-01
    -3.62505555e-01 3.28492880e-01 7.20254242e-01 -1.93386257e-01
    8.39927077e-01 -4.11849320e-01 -3.31146538e-01 -1.89046711e-01
    9.91142511e-01 -2.04275519e-01 1.12186527e+00 -2.00377464e-01
    3.38284552e-01 -8.78564417e-02 7.93417513e-01 -6.36019409e-02
    1.36281419e+00 5.06703317e-01 -1.02041095e-01 8.96614432e-01
    1.50699592e+00 -3.83814305e-01 1.30362129e+00 1.03621888e+00
    -4.64872181e-01 -1.87667638e-01 8.07334781e-02 -5.37126243e-01
    -1.72799289e-01 -4.15282160e-01 1.93702042e-01 1.43915296e+00
    1.05868173e+00 1.66673124e-01 7.97292113e-01 2.00959444e-02
    -4.72090393e-01 7.61550426e-01 -5.59433401e-01 -5.48629701e-01
    -5.52239418e-02 1.05124855e+00 1.06983018e+00 5.18943071e-02
    -2.99918175e-01 -2.42500156e-01 -5.41232765e-01 -2.29209930e-01
    -1.02986485e-01 1.37168944e-01 -2.23000616e-01 1.25181484e+00
    -1.85027659e-01 1.37680578e+00 -3.09702158e-01 -2.31575996e-01
    2.25026309e-01 1.10957301e+00 1.14696681e-01 1.38817847e+00
    -3.28726053e-01 1.21069396e+00 2.15981781e-01 -4.25904393e-01
    8.70881081e-01 1.42751336e+00 -1.79162502e-01 1.81123912e-01
    -3.17317963e-01 4.46435809e-02 9.66289461e-01 -3.89772534e-01
    -2.39001840e-01 -2.23404467e-01 -1.86053783e-01 3.80331755e-01
    1.37780595e+00 -3.72952640e-01 -4.96429205e-03 7.52798140e-01
    1.14882433e+00 5.73153496e-02 1.13671172e+00 -1.21662140e-01
    1.11884606e+00 -1.33532971e-01 -5.89306653e-02 8.43259931e-01
    1.38730550e+00 6.92778230e-01 -3.56170535e-02 1.05494404e+00
    8.54116380e-01 7.33063996e-01 -1.81024820e-01 1.17763042e-01
    -5.06041646e-01 8.90405953e-01 2.25079894e-01 5.87135315e-01
    1.58278525e-01 -4.67146903e-01 -4.36647177e-01 7.11200774e-01
    1.29418969e+00 1.24520636e+00 -3.43364000e-01 2.81426907e-01
    -7.11283684e-02 3.37478578e-01 7.91221023e-01 4.38920975e-01
    -2.68931240e-01 -2.90176868e-01 1.15218568e+00 1.22900605e-01
    1.57186556e+00 -4.36588436e-01 9.69487667e-01 -8.05608332e-02
    -1.99206740e-01 2.22853541e-01 -3.96773994e-01 8.97841394e-01
    7.16058969e-01 7.34927058e-02 1.09240007e+00 6.87536716e-01
    9.38701630e-03 4.55031633e-01 5.78980803e-01 -3.73622060e-01
    5.96006930e-01 -3.78057361e-01 -3.10725510e-01 1.13946211e+00
    4.27662551e-01 1.41907430e+00 2.72947431e-01 -2.22860932e-01
    1.48097777e+00 4.32876587e-01 1.19790459e+00 9.05091584e-01
    -3.93399060e-01 2.06813216e-02 1.09060109e-01 -2.29867011e-01
    2.28183627e-01 5.72004616e-01 1.22901440e+00 6.76250160e-01
    1.22682989e+00 -2.35787630e-02 3.31903219e-01 1.13928413e+00
    8.49225521e-02 1.32575631e-01 8.33721101e-01 1.31127954e-01
    -1.04872584e-01 3.56595457e-01 1.43315828e+00 1.11947846e+00
    5.72592139e-01 4.79256332e-01 1.23679435e+00 2.66129017e-01
    1.11593795e+00 -1.15500689e-02 9.13499475e-01 8.51998091e-01
    8.41128230e-02 1.14847827e+00 1.23350692e+00 -8.50611925e-03
    1.31424367e+00 3.67607772e-01 3.63966882e-01 1.41529739e+00
    1.23713470e+00 1.08804905e+00 5.35430968e-01 1.44864368e+00
    7.70822525e-01 -6.40497804e-02 -4.72115606e-01 1.28889036e+00
    4.37463760e-01 -1.39002204e-02 1.23406458e+00 -2.64496952e-01
    4.09007668e-01 -1.52363867e-01 7.86687553e-01 6.66115284e-01
    6.75588965e-01 1.36601293e+00 4.43690360e-01 1.91532314e-01
    1.54757833e+00 -1.09133124e-01 2.93154180e-01 8.98075759e-01
    2.78059423e-01 3.23793828e-01 8.63884389e-01 7.03093410e-01
    1.18417740e+00 5.37485301e-01 5.12230396e-03 9.62501764e-02
    -3.94286543e-01 1.26069784e+00 -2.28592753e-02 1.08094311e+00
    8.70594203e-01 8.93948615e-01 2.33429670e-03 -4.80057150e-01
    1.53172553e+00 5.65969825e-01 1.09076405e+00 -4.05157894e-01
    -5.79412580e-02 6.81467175e-01 1.20495486e+00 -3.48001540e-01
    1.19379520e-01 9.04523432e-01 -1.92074209e-01 -3.64674896e-01
    1.47501624e+00 5.84775507e-01 4.86914039e-01 9.72655475e-01
    -1.59470856e-01 7.15301514e-01 6.21622562e-01 1.34321749e+00
    5.62529027e-01 1.00027657e+00 1.00684595e+00 -1.10631585e-02
    7.80007660e-01 -5.29989064e-01 6.42343640e-01 -4.68654275e-01
    8.45027208e-01 1.06892419e+00 -4.04724479e-02 -7.41942525e-02
    4.15778160e-02 6.20943606e-01 2.73238719e-01 1.46973395e+00
    5.85843563e-01 -5.31578064e-02 1.06682992e+00 -3.18647832e-01
    4.52894747e-01 1.12293458e+00 3.22750211e-02 7.71408677e-01
    -1.73851788e-01 3.43306065e-01 1.18721461e+00 -9.85100865e-02
    3.98319781e-01 -1.96476102e-01 7.51799762e-01 -4.41160500e-01
    7.91731715e-01 -4.79209542e-01 -2.35174924e-01 -3.14364433e-02
    9.51473475e-01 7.90606499e-01 1.48858798e+00 -2.55562663e-02
    9.30772364e-01 6.88621402e-02 -4.62314904e-01 9.50903654e-01
    -9.90371704e-02 1.02278352e+00 3.35723698e-01 1.10153794e-01
    -5.59439421e-01 2.38213480e-01 7.21761763e-01 9.21758652e-01
    7.26859987e-01 6.81671619e-01 1.25088453e-01 -1.60273850e-01
    4.17775512e-01 1.60106540e-01 2.70786583e-01 -1.80103183e-01
    -3.07233244e-01 -5.10969281e-01 4.89101827e-01 -3.85486484e-01
    -1.32180512e-01 1.26306343e+00 7.47815669e-01 -5.70041537e-02
    1.18988013e+00 -4.59962398e-01 1.15860629e+00 6.09651566e-01
    5.35067916e-02 8.78884256e-01 -2.30711699e-02 1.46885681e+00
    6.95066631e-01 -2.66540170e-01 3.46091688e-01 -2.38283008e-01
    1.26206589e+00 1.52501750e+00 7.13127315e-01 5.39665222e-01
    -2.84561902e-01 4.47138608e-01 1.45229149e+00 1.51850271e+00
    7.37046719e-01 8.32773626e-01 8.39125812e-01 4.95371997e-01
    1.26603854e+00 1.10795653e+00 -4.21277583e-01 1.23506141e+00
    8.20869923e-01 5.84497452e-02 9.37898934e-01 -1.12556010e-01
    1.27624965e+00 -3.18630636e-01 8.88308287e-01 4.44232881e-01
    7.53642619e-01 2.64564216e-01 -5.18263280e-01 -4.76592720e-01
    5.60685992e-02 6.82832241e-01 -3.10552180e-01 2.54082084e-01
    7.18283653e-02 1.23433375e+00 8.91747475e-01 6.64657950e-01
    4.81031597e-01 1.04878879e+00 2.23020554e-01 -2.39569336e-01
    7.83555984e-01 4.06574786e-01 1.46709228e+00 5.01846254e-01
    -3.46454620e-01 3.77191722e-01 -1.88374549e-01 8.84163797e-01
    6.17706537e-01 6.70273006e-01 -8.95529985e-03 -4.11345243e-01
    8.68004620e-01 8.48579586e-01 1.28991842e+00 2.65979171e-02
    -4.91529614e-01 3.53588581e-01 6.11587465e-01 -5.61982095e-02
    5.87158501e-01 -5.13887763e-01 -3.21486592e-02 6.61494792e-01
    8.47754776e-01 1.19426966e+00 2.82533646e-01 9.78261530e-01
    9.57030952e-01 3.03755641e-01 2.22408652e-01 7.37684071e-01
    1.05802965e+00 9.33872461e-02 -5.06566763e-02 8.20762515e-02
    3.31700981e-01 8.92682076e-02 1.47861743e+00 -1.18871987e-01
    1.52322316e+00 -5.01323104e-01 -1.14842504e-01 3.91679764e-01
    -3.60204369e-01 5.08274794e-01 1.77907944e-03 4.54867482e-02
    1.01904809e-01 5.41790903e-01 1.45671880e+00 1.12498331e+00
    -3.83509099e-01 5.19899130e-02 9.31550741e-01 8.08989227e-01
    3.92709076e-01 4.85974669e-01 8.45968664e-01 6.81766033e-01
    1.21067464e-01 7.34297991e-01 6.75723433e-01 1.37107909e+00
    -6.32582009e-02 4.12070036e-01 4.32053208e-01 -1.33103579e-01
    1.26387715e+00 1.32410121e+00 7.35058188e-02 -3.61727774e-01
    3.64115834e-02 1.55522442e+00 5.00159621e-01 3.80058289e-02
    1.41602755e+00 5.81198156e-01 1.09080434e-01 3.12918842e-01
    7.23720431e-01 -3.67687881e-01 1.34807253e+00 9.10183966e-01
    1.22816563e-02 -2.48580575e-02 1.31893611e+00 5.46033978e-02
    1.02660584e+00 6.34080887e-01 -3.72885197e-01 4.50131238e-01
    1.46913707e-01 1.55407453e+00 -4.78961766e-01 8.45335364e-01
    -5.24366856e-01 1.33901024e+00 9.70463097e-01 7.02629685e-02
    7.23620713e-01 2.34715343e-02 -5.16902328e-01 9.06541944e-02
    2.20909774e-01 4.72205758e-01 1.24254584e+00 7.16563344e-01
    1.48757911e+00 -3.56637537e-01 1.03738463e+00 2.12233067e-02
    3.36850941e-01 2.59180307e-01 -4.27292645e-01 9.70507085e-01
    7.31466651e-01 9.21414554e-01 -4.02769685e-01 1.34751511e+00
    7.98574090e-01 -1.46091670e-01 1.27583051e+00 8.11895490e-01
    2.85575330e-01 1.03406966e+00 7.66150475e-01 1.17296839e+00
    -1.68357015e-01 2.73471653e-01 8.32026482e-01 -1.37866765e-01
    1.45756757e+00 -2.48633236e-01 -2.50406772e-01 -4.99802589e-01
    7.52725422e-01 -1.37050360e-01 1.02946281e+00 1.49671245e+00
    3.75316739e-01 1.04689968e+00 -3.92383337e-01 7.74149299e-01
    1.86416328e-01 3.06472421e-01 1.13891602e+00 1.38353765e+00
    8.23051751e-01 -3.99649441e-01 4.55707788e-01 5.81552327e-01
    1.02574944e+00 1.11756802e+00 -4.76875752e-01 3.69215429e-01
    3.97310138e-01 -5.54165542e-01 8.21725965e-01 -6.93451762e-02
    -3.28331828e-01 2.18985319e-01 7.96619356e-01 1.06758475e+00
    5.58655560e-01 1.25322342e+00 1.15763605e+00 1.24484110e+00
    1.15165567e+00 4.79828477e-01 1.24969363e-01 -7.21377134e-03
    -3.15932274e-01 2.56325364e-01 6.86790943e-02 9.80160296e-01
    8.10580015e-01 2.42372096e-01 4.35804844e-01 5.94010115e-01
    -7.76360333e-02 -3.95992160e-01 1.41884422e+00 -1.22694045e-01
    1.00135541e+00 -4.06224072e-01 9.41724777e-02 7.57764041e-01
    1.42871952e+00 1.42007327e+00 1.41983831e+00 1.07643652e+00
    8.41835141e-02 6.99264407e-02 1.48062778e+00 -7.55886137e-02
    1.02894688e+00 -2.49499172e-01 -4.79511112e-01 -3.31365824e-01
    2.52394199e-01 1.17797458e+00 -4.96300489e-01 1.50189257e+00
    1.79547071e-01 1.47005439e+00 9.93723214e-01 -3.17413479e-01
    7.37760603e-01 4.72878456e-01 5.32459319e-01 3.95626426e-01
    -2.09245235e-01 6.70050979e-01 8.24654937e-01 -4.26085323e-01
    3.26178193e-01 -9.63277221e-02 8.74763131e-02 4.96172786e-01
    7.65498936e-01 9.57575738e-01 1.60542488e-01 3.11713934e-01
    2.21394122e-01 1.02600574e+00 -1.95889682e-01 1.19703555e+00
    7.34581649e-01 -3.71435940e-01 2.59589791e-01 -8.37051868e-03
    3.37782860e-01 -2.35001534e-01 -2.51564711e-01 8.95352364e-01
    2.13126242e-01 1.55310202e+00 1.14591765e+00 1.46743655e+00
    -1.85995847e-01 8.07629347e-01 1.25731564e+00 5.82094193e-01
    1.23305094e+00 1.08574188e+00 -3.69942069e-01 8.00242960e-01
    -5.06145537e-01 8.31442654e-01 1.01352262e+00 4.99726355e-01
    1.48091078e+00 -2.96734184e-01 1.46727729e+00 -3.72926384e-01
    5.94989181e-01 4.01261806e-01 3.14389527e-01 -5.19327223e-02
    1.19559062e+00 7.24899173e-01 -5.29031277e-01 7.52135813e-01
    -4.94206876e-01 2.59533763e-01 8.14244747e-02 9.81502652e-01
    -6.15558028e-02 -3.86358052e-01 1.49439430e+00 8.16128671e-01
    -3.25541317e-01 1.09111214e+00 -1.85134321e-01 1.00346780e+00
    7.61747360e-05 1.54356694e+00 1.20300484e+00 5.84459901e-01
    5.34123361e-01 2.62640774e-01 1.08898711e+00 8.59993935e-01
    -2.75179595e-01 8.22111964e-02 -1.51991159e-01 -3.61537158e-01
    -6.54285550e-02 1.43041682e+00 -3.52684438e-01 -5.17763197e-01
    9.94167626e-01 6.65727973e-01 1.23830914e+00 7.34080493e-01
    1.06260276e+00 1.43957973e-01 -4.40496504e-01 1.31380439e+00
    9.06644285e-01 -5.35203397e-01 7.18635738e-01 -2.94660032e-01
    8.71404111e-01 1.25710225e+00 4.53453779e-01 6.53414547e-01
    1.04658616e+00 2.03688622e-01 -4.75399822e-01 3.45894098e-01
    1.26560569e+00 6.09247148e-01 8.70339870e-01 1.85778856e-01
    1.54542983e-01 6.61130369e-01 1.09029531e+00 1.31681824e+00
    1.57239103e+00 -1.96651340e-01 4.47714627e-01 1.18379414e+00
    -1.26472205e-01 3.55475962e-01 -4.32576060e-01 -5.01297653e-01
    -4.74727452e-02 1.05397153e+00 -1.52446210e-01 6.92073405e-01
    1.13804841e+00 1.40966535e+00 7.60552585e-01 -2.63951242e-01
    7.02292562e-01 2.41871715e-01 4.91021752e-01 3.30567658e-01
    -3.87976468e-01 8.15227687e-01 5.44050932e-02 -4.98143226e-01
    2.30389476e-01 -4.56926286e-01 3.16680968e-01 1.01855910e+00
    9.50427115e-01 -3.53492677e-01 -2.18527466e-01 -3.14529568e-01
    2.79511452e-01 1.29734993e+00 1.51966476e+00 1.17341638e+00
    1.01647186e+00 -3.86031926e-01 1.33314574e+00 -3.41919482e-01
    1.15521383e+00 8.76183569e-01 -9.27320421e-02 -5.51932633e-01
    -1.23456299e-01 7.19472349e-01 1.33889747e+00 4.50093865e-01
    6.96544588e-01 4.32328880e-01 1.33937895e-01 7.64235795e-01
    2.92678297e-01 9.82728958e-01 1.34532797e+00 7.38949716e-01
    8.67434502e-01 1.13328278e+00 1.51531315e+00 -1.14470124e-02
    6.60637617e-01 2.55441129e-01 9.16988194e-01 1.24452233e+00
    -2.74449140e-01 -5.48408031e-01 1.44567084e+00 -3.16882789e-01
    1.06164455e+00 -2.09712416e-01 7.27192223e-01 9.11355257e-01
    1.30566025e+00 -4.52461481e-01 1.08381748e+00 1.41427100e-01
    9.12697852e-01 1.27530527e+00 1.54880476e+00 -3.41547787e-01
    1.86022043e-01 9.66859937e-01 1.68780506e-01 -4.95223582e-01
    2.79879093e-01 5.53817093e-01 4.73663211e-01 6.36990070e-01
    1.53193784e+00 9.75014269e-01 -1.59086138e-01 3.09121251e-01
    1.05532312e+00 4.98071432e-01 -4.08164412e-01 1.45845079e+00
    1.06474161e+00 1.45127332e+00 1.21020293e+00 7.73626745e-01
    5.15178919e-01 8.22396517e-01 -8.93622339e-02 7.54333735e-02
    -4.49193239e-01 4.08149242e-01 -4.70007360e-02 9.56922889e-01
    2.20640123e-01 6.87054873e-01 3.49891126e-01 -5.43679416e-01
    9.65154052e-01 1.24826038e+00 -2.30907142e-01 6.79296851e-02
    6.85682356e-01 4.76593673e-01 1.39980626e+00 -8.87018442e-03
    1.20343745e+00 2.17075944e-02 -5.57864726e-01 1.91330969e-01
    7.72849739e-01 2.64590800e-01 5.22018015e-01 2.21986711e-01
    -7.79553950e-02 1.43199658e+00 7.83611000e-01 -1.62672997e-03
    -4.02599454e-01 9.84698951e-01 -3.84266078e-01 1.41856754e+00
    3.33186209e-01 -1.39670968e-02 1.00584400e+00 1.36833251e+00
    5.29629648e-01 1.14537299e-01 1.55275249e+00 6.52206540e-02
    1.27313352e+00 -4.26102996e-01 1.19527864e+00 -4.33311641e-01
    3.90258908e-01 1.11024380e+00 9.08128142e-01 1.24973202e+00
    9.34616148e-01 -5.16988039e-02 1.47612786e+00 5.88713408e-01
    8.73111367e-01 -1.74976707e-01 1.01950228e-01 -5.06956100e-01
    2.45129347e-01 9.74946260e-01 9.34986234e-01 1.55171776e+00
    9.27530348e-01 -4.17579681e-01 -3.38893592e-01 6.35149717e-01
    1.15657270e+00 -2.83506840e-01 -2.89854318e-01 1.06284821e+00
    1.49674821e+00 1.55114245e+00 9.43250537e-01 -2.39133507e-01
    1.26585221e+00 -5.23268878e-01 9.20457959e-01 1.54038727e-01
    1.08352864e+00 1.65730357e-01 4.27999914e-01 6.60517395e-01
    -5.07634044e-01 7.11646974e-01 -4.60846722e-01 3.32910299e-01
    8.86273146e-01 -4.16860759e-01 7.60176301e-01 2.84167528e-02
    -2.75676370e-01 9.98057187e-01 -2.47250348e-01 8.54889333e-01
    5.68450987e-01 4.92445588e-01 9.77631330e-01 1.88783407e-02
    5.22608757e-02 -1.68289721e-01 -1.17385387e-02 -4.41551983e-01
    1.69410050e-01 -3.45901549e-01 1.52765894e+00 1.29764771e+00
    1.04589987e+00 7.83211112e-01 6.38347149e-01 5.46424031e-01
    -9.49536562e-02 -1.85438484e-01 -1.91461772e-01 1.19274318e-01
    -4.76203501e-01 7.74071276e-01 -4.23751831e-01 1.49381125e+00
    1.22277081e-01 1.29691291e+00 9.95209157e-01 6.36640131e-01
    4.90346551e-01 -3.31080854e-01 -5.09867430e-01 3.09693754e-01
    -4.97814417e-02 1.23999476e+00 1.60382986e-01 1.01372647e+00
    2.54298210e-01 -2.11153656e-01 8.34938228e-01 9.67846096e-01
    -1.87866062e-01 -4.21407878e-01 5.21458149e-01 1.27617598e-01
    3.36835206e-01 5.83776712e-01 -2.47840762e-01 -3.69007111e-01
    7.80939817e-01 -3.90047014e-01 1.30799055e+00 -5.00327766e-01
    1.35873044e+00 -3.88810992e-01 8.78441691e-01 -2.61668533e-01
    1.54332304e+00 1.54319835e+00 -2.42367923e-01 -2.52505094e-01
    6.68699026e-01 -2.90769458e-01 2.10251391e-01 8.04175317e-01
    -1.22300357e-01 5.69961846e-01 1.42206204e+00 5.45127690e-01
    -4.62070763e-01 -3.13798726e-01 -2.30631441e-01 5.95316052e-01
    -3.08347344e-02 1.09669054e+00 1.27268076e-01 -4.18219566e-02
    8.92593682e-01 4.55783010e-02 -5.39774120e-01 -4.54852760e-01
    7.10425496e-01 -1.15849406e-01 1.34088016e+00 1.47128725e+00
    1.52590847e+00 5.66071212e-01 -3.09086502e-01 7.94626415e-01
    1.44189334e+00 2.40521908e-01 1.51063502e+00 1.38862336e+00
    7.80545473e-02 6.80206835e-01 1.19697809e+00 -1.96123213e-01
    1.13539195e+00 -5.14386356e-01 8.70788097e-02 7.89143443e-01
    3.17987800e-02 -4.82088447e-01 1.34424186e+00 8.05800259e-01
    1.09852529e+00 6.75286889e-01 -5.28527021e-01 -3.24846506e-02
    1.42938542e+00 -5.01914620e-01 8.41760695e-01 7.99798071e-01
    1.00711334e+00 1.15207028e+00 8.93975317e-01 5.22023797e-01
    1.83133543e-01 -4.92062479e-01 5.08892775e-01 1.40083456e+00
    5.90443611e-02 9.43648815e-02 2.18474627e-01 1.26736212e+00
    6.21705294e-01 1.42011356e+00 4.81771290e-01 -3.30583304e-01
    -6.46359921e-02 7.90303171e-01 7.20007420e-02 5.18671870e-01
    5.07782757e-01 -3.23387772e-01 1.04742038e+00 1.29985559e+00
    -3.82255316e-02 1.37903762e+00 5.84066808e-01 -9.45255458e-02
    9.24637854e-01 1.32486248e+00 -2.88534343e-01 -1.66029572e-01
    3.88066888e-01 8.60745430e-01 1.88498795e-01 1.03953779e-01
    -4.23316777e-01 -9.46961939e-02 2.81354904e-01 -4.39391971e-01
    6.80388033e-01 1.26213741e+00 -4.78966773e-01 2.62029588e-01
    1.16408801e+00 -4.62508559e-01 1.39192724e+00 3.50450337e-01
    4.36152339e-01 7.13390648e-01 1.54598844e+00 8.31006169e-02
    7.49648809e-02 2.80805945e-01 1.32468653e+00 -1.62928373e-01
    3.06405902e-01 8.97619724e-02 4.50277030e-01 3.16415787e-01
    2.66955614e-01 8.98780465e-01 1.48593712e+00 -4.78417218e-01
    7.71596491e-01 8.61717761e-01 1.02438545e+00 6.97897017e-01
    4.63880002e-01 1.80117488e-02 1.29091549e+00 3.13984036e-01
    1.20035243e+00 1.31301057e+00 1.26656711e+00 1.48627234e+00
    -2.01892197e-01 4.69849408e-01 -1.81970865e-01 1.45750284e+00
    5.42022467e-01 1.15114951e+00 -5.34936428e-01 3.16377044e-01
    1.02284145e+00 1.06338179e+00 6.15719974e-01 1.41780829e+00
    7.08490551e-01 6.58682466e-01 1.43713450e+00 8.48551512e-01
    -2.85871953e-01 8.13776731e-01 1.34610820e+00 -4.10193086e-01
    1.56103802e+00 1.42664683e+00 3.80544782e-01 3.86833549e-02
    6.15221739e-01 -5.19688785e-01 5.50683975e-01 -2.26058841e-01
    1.53212667e+00 -1.13501728e-01 -4.91147190e-01 -2.15860337e-01
    -1.60385370e-02 6.11406922e-01 7.04786837e-01 -3.75699520e-01
    1.07778287e+00 6.48554027e-01 4.28481281e-01 -6.78222477e-02
    1.50401366e+00 -9.27753747e-02 4.74348664e-02 8.81800652e-01
    4.76982355e-01 3.60953569e-01 -2.23024100e-01 7.86566138e-01
    8.48481834e-01 1.52749360e-01 5.98652840e-01 1.50270367e+00
    3.41842830e-01 7.00538635e-01 9.08584952e-01 1.75172031e-01
    9.97931898e-01 1.30701828e+00 -1.45707101e-01 -5.32445312e-02
    5.31096160e-01 -2.79545248e-01 -4.51530397e-01 -1.29686266e-01
    6.53699160e-01 1.03240013e+00 1.17345297e+00 4.20804739e-01
    -3.04933012e-01 -7.70342946e-02 7.43897974e-01 4.80034828e-01
    1.14795160e+00 9.31895852e-01 1.28559005e+00 -4.02232170e-01
    5.84444523e-01 -2.56203145e-01 9.77622867e-02 2.36821353e-01
    1.20441437e+00 2.68499851e-02 1.12596869e+00 8.76506805e-01
    1.13658702e+00 1.22350669e+00 1.47314525e+00 1.52608943e+00
    6.53758943e-01 2.52741933e-01 -2.51422942e-01 1.00082040e+00
    8.91718507e-01 -4.89303946e-01 2.06264913e-01 -4.94084299e-01
    -2.75512487e-01 -1.75901055e-02 1.31875157e+00 5.34153759e-01
    6.81758761e-01 1.26019788e+00 6.16104543e-01 7.50035942e-01
    6.27744257e-01 1.17809367e+00 -6.23096228e-02 7.54916668e-02
    5.99937737e-01 1.46227193e+00 -1.22958809e-01 1.03047264e+00
    8.65903854e-01 1.00657427e+00 1.25867915e+00 3.74977350e-01
    1.37618113e+00 8.78683567e-01 5.96380234e-03 6.26580775e-01
    -5.47285616e-01 -4.27593350e-01 -3.39731455e-01 1.54096079e+00
    9.21791196e-02 9.97407854e-01 9.87522483e-01 -3.80335450e-01
    1.37106371e+00 1.41496778e-01 -3.85954201e-01 2.24191189e-01
    5.96030056e-01 5.96491754e-01 -5.09954691e-01 -3.37516069e-02
    -1.77523494e-01 1.25961006e-01 1.15281641e+00 6.47816479e-01
    3.60735416e-01 1.44048572e-01 8.17510426e-01 3.41682613e-01
    -4.17722285e-01 1.50000513e+00 -5.23678660e-01 1.24071157e+00
    1.27657342e+00 -8.81499946e-02 1.44601703e-01 1.16563797e+00
    -1.39058709e-01 -2.36549199e-01 1.20970273e+00 8.96856785e-01
    -3.98261279e-01 6.78818166e-01 9.54620838e-02 4.45620418e-01
    2.75052905e-01 -3.92304868e-01 3.96180809e-01 2.91831851e-01
    -1.63277328e-01 2.98437893e-01 3.95677686e-02 -6.75817728e-02
    9.45222020e-01 8.14485371e-01 5.44211984e-01 9.82609332e-01
    3.64510775e-01 3.40543270e-01 4.98129725e-02 5.79114377e-01
    5.44648230e-01 -3.60759974e-01 1.04909360e+00 -5.58097720e-01
    9.91973937e-01 1.72445834e-01 1.37975264e+00 -1.32601857e-02
    1.14099407e+00 -1.03305906e-01 -2.66704857e-01 5.96725702e-01
    9.99750853e-01 -4.77931470e-01 -2.01095343e-02 7.46011019e-01
    -3.14538538e-01 4.89107430e-01 2.66378045e-01 1.32059622e+00
    7.19556689e-01 3.18337679e-02 7.91136026e-02 6.07446253e-01
    6.53384447e-01 7.92228162e-01 4.19815838e-01 4.80681479e-01
    1.40454006e+00 2.43030012e-01 3.15224111e-01 -1.36624277e-01
    -2.47827113e-01 4.27338183e-01 3.86629939e-01 1.24105835e+00
    -2.35110521e-01 4.96958673e-01 -6.03106022e-02 1.22367954e+00
    -3.00867438e-01 -5.25999784e-01 4.42283154e-02 2.54163265e-01
    7.72835910e-01 -4.25065756e-02 -4.10447031e-01 1.55703580e+00
    4.34511542e-01 6.59446180e-01 1.46758842e+00 1.39824975e+00
    1.14017069e+00 -4.20611203e-01 3.30081642e-01 1.02523494e+00
    3.64436805e-01 1.28959894e-01 -7.23022223e-03 6.01482987e-01
    1.04032564e+00 -8.13530684e-02 -4.34032828e-01 -5.44413984e-01
    1.45927477e+00 -2.03198254e-01 6.79020345e-01 -1.29205197e-01
    1.21991765e+00 7.25650668e-01 1.18728662e+00 1.24809194e+00
    1.35634756e+00 -1.44779116e-01 1.44443905e+00 4.95234907e-01
    -5.48518777e-01 1.25540900e+00 -5.43569922e-01 9.05254245e-01
    6.05186701e-01 -2.14852422e-01 7.39117265e-02 -1.50165647e-01
    3.76348317e-01 2.00508475e-01 1.45954072e+00 3.57294679e-01
    3.27777565e-01 8.68375897e-01 1.35754192e+00 -3.98009896e-01
    7.82774985e-01 5.87172508e-02 -1.35167569e-01 1.31260192e+00
    -4.26074862e-01 7.93866038e-01 1.06366396e+00 9.05948937e-01
    -4.59381312e-01 9.18230534e-01 -3.79602104e-01 1.34429169e+00
    2.56311476e-01 8.45777214e-01 1.52008080e+00 3.17954123e-01
    7.00573385e-01 -9.10356045e-02 9.42076564e-01 1.04192996e+00
    7.52918899e-01 5.06996632e-01 5.87210059e-01 6.42596960e-01
    7.42461205e-01 4.20622230e-02 2.28621840e-01 9.70039606e-01
    8.34809482e-01 2.03514457e-01 8.05120170e-01 -4.03634906e-02
    2.51263916e-01 -2.32045352e-01 1.94153607e-01 -3.72400314e-01
    5.58982968e-01 1.46321273e+00 -4.08161283e-02 1.16863942e+00
    1.42781830e+00 -3.84075403e-01 3.08213234e-02 3.82283926e-01
    2.46936500e-01 1.10795283e+00 1.03008914e+00 -4.16642666e-01
    4.79890943e-01 1.32140446e+00 1.41392529e+00 1.38980770e+00
    -4.99574780e-01 1.25099421e+00 -7.82841444e-03 1.50424206e+00
    5.67769587e-01 2.80983031e-01 5.86709797e-01 1.34280682e+00
    3.93772185e-01 1.06856227e+00 1.41705811e-01 1.10828185e+00
    1.26708519e+00 9.31383431e-01 -2.74767339e-01 5.86756229e-01
    1.47317481e+00 8.09268355e-02 -3.30081403e-01 9.26714718e-01
    6.13815963e-01 6.97923422e-01 9.51731861e-01 3.06285322e-01
    3.44560742e-01 1.04714203e+00 -8.10081065e-02 3.30312252e-01
    1.52806306e+00 9.62341070e-01 1.25711024e+00 5.70135415e-01
    -3.96387011e-01 8.97268593e-01 2.55923510e-01 4.45193052e-03
    -2.38137245e-02 -1.00826144e-01 9.42999661e-01 1.47384953e+00
    -4.29252595e-01 7.20184386e-01 5.60077548e-01 -2.18785584e-01
    1.36605358e+00 1.03822708e-01 -1.50187403e-01 2.53092051e-02
    -4.94476259e-02 7.92126060e-02 -3.20319057e-01 -4.88873422e-01
    -8.34687054e-02 1.15886188e+00 3.05743217e-02 1.01360583e+00
    1.50565982e+00 1.52358818e+00 8.47689390e-01 5.76038003e-01
    1.45539093e+00 1.25997949e+00 7.37798214e-02 -5.31227946e-01
    5.01668572e-01 -4.39078718e-01 1.29424143e+00 1.46962428e+00
    -2.08938599e-01 2.14087725e-01 -8.38162601e-02 1.44883692e+00
    1.03139818e+00 5.31809092e-01 3.90483737e-01 -4.83455867e-01
    3.05342019e-01 -2.69049138e-01 7.13846147e-01 4.47686791e-01
    5.52368104e-01 1.18832409e-01 -5.12788653e-01 4.26885366e-01
    2.09804475e-01 8.13748062e-01 7.49105275e-01 6.00102246e-01
    3.85858893e-01 6.37753785e-01 -2.74779171e-01 7.77234554e-01
    -6.49078488e-02 -5.26979983e-01 7.04674542e-01 9.29432571e-01
    4.84020174e-01 9.61786449e-01 6.32991970e-01 1.15594709e+00
    2.01394558e-01 -1.00498974e-01 -3.17624092e-01 3.00457299e-01
    5.37772417e-01 4.03253078e-01 5.37021339e-01 8.61223042e-01
    1.18914306e+00 1.11789072e+00 5.95844746e-01 1.09494233e+00
    7.95133412e-01 1.08594918e+00 1.25322199e+00 6.35890901e-01
    1.09028053e+00 8.22605491e-01 2.02535927e-01 6.16267264e-01
    1.00755191e+00 -2.51933783e-01 1.27741659e+00 -5.07788539e-01
    -1.89830393e-01 9.74422753e-01 7.96786129e-01 -3.18247497e-01
    6.22954369e-02 6.49390221e-02 3.39664340e-01 5.80727518e-01
    1.40186906e+00 3.20487857e-01 5.34524739e-01 6.66750789e-01
    -2.78755546e-01 -4.09481406e-01 1.86594188e-01 -2.40531564e-02
    4.44882691e-01 -5.23623109e-01 1.27309334e+00 3.17599595e-01
    8.76576483e-01 3.66163194e-01 5.25726378e-01 -2.96442896e-01
    2.30165303e-01 1.32572210e+00 -3.14552099e-01 6.50811374e-01
    5.46625912e-01 1.14269483e+00 6.54244900e-01 1.49762046e+00
    2.80932844e-01 1.28436244e+00 6.67747259e-01 3.11998487e-01
    1.15158439e-01 -6.02475703e-02 3.78834605e-01 -8.56738687e-02
    3.10663342e-01 4.32522833e-01 5.12526453e-01 7.67806590e-01
    -4.52200711e-01 -3.17649513e-01 2.92664289e-01 7.64934540e-01
    -3.51128757e-01 2.27853239e-01 -2.21673727e-01 -2.44482875e-01
    7.87480772e-01 9.99170959e-01 -2.25281477e-01 1.42941308e+00
    9.20728981e-01 1.10337400e+00 2.16592848e-01 -4.12632883e-01
    2.70649076e-01 1.09791446e+00 8.58651698e-01 1.41000080e+00
    -4.90276814e-01 1.45345283e+00 7.32725859e-02 1.47014165e+00
    -1.52755708e-01 1.32652259e+00 1.48166943e+00 1.14762163e+00
    8.49903941e-01 1.42483234e+00 1.44736695e+00 -1.52070016e-01
    6.35016918e-01 1.51584637e+00 -5.03578126e-01 8.22334051e-01
    5.51244974e-01 6.86176538e-01 7.22485781e-03 -2.05835819e-01
    -1.03775889e-01 1.29353893e+00 -3.26334715e-01 1.14723396e+00
    9.65746880e-01 5.50487220e-01 5.37098706e-01 4.11994994e-01
    -5.38488269e-01 1.15902615e+00 1.23022103e+00 -4.53829885e-01
    -9.36669111e-03 1.35676610e+00 -1.42482132e-01 1.02254868e+00
    3.72572839e-01 -2.39762276e-01 1.13166404e+00 2.48083711e-01
    -5.84974587e-02 6.30693078e-01 8.80769968e-01 -3.83143961e-01
    5.04240096e-01 5.85502028e-01 -2.91985273e-02 5.35260439e-02
    1.21460724e+00 4.87388730e-01 6.39969826e-01 -1.42919064e-01
    5.08187234e-01 3.10743034e-01 5.61634839e-01 4.69435096e-01
    -5.24743199e-02 -1.13007277e-01 4.89399195e-01 1.39216518e+00
    7.66427636e-01 -1.52013719e-01 -8.77327025e-02 1.02106702e+00
    1.00484443e+00 1.00253105e+00 1.21006036e+00 8.76548529e-01
    -1.85403705e-01 -4.62852001e-01 2.40913928e-01 -3.98785770e-01
    -2.74500847e-02 -3.87427211e-02 7.70041823e-01 -4.61918920e-01
    -1.24501079e-01 5.18876731e-01 1.10072374e+00 1.04537511e+00
    7.53941476e-01 1.15221119e+00 -2.93118477e-01 1.24859905e+00
    -1.09534115e-01 8.24105322e-01 1.25718784e+00 8.68884504e-01
    3.98858428e-01 7.86261737e-01 -3.30184817e-01 1.03490007e+00
    1.42089880e+00 1.11086214e+00 -4.93573606e-01 -5.17967522e-01
    -2.31974095e-01 1.10960305e-01 1.23838878e+00 1.25547695e+00
    5.49254894e-01 1.07658517e+00 3.73863757e-01 -4.09604430e-01
    1.17409670e+00 4.91572201e-01 4.00260091e-01 6.13267720e-01
    1.13300991e+00 2.76175737e-01 8.73856306e-01 1.80314779e-02
    8.96605372e-01 9.93670404e-01 2.74432421e-01 -6.82985783e-03
    1.30624151e+00 -4.25796270e-01 9.83334184e-01 4.14195001e-01
    1.45662832e+00 -9.40285027e-02 7.04523325e-02 -3.31257582e-01
    1.11125791e+00 -4.48245406e-01 7.78938413e-01 1.05383253e+00
    9.19325173e-01 9.11726952e-01 1.50721836e+00 1.23485255e+00
    7.59337366e-01 1.32234168e+00 8.76178443e-01 3.53441477e-01
    -3.20121020e-01 6.76470697e-01 9.96791244e-01 7.40659773e-01
    2.57357955e-02 8.14906478e-01 4.21179175e-01 1.30790591e-01
    3.55233490e-01 3.37601185e-01 1.31883371e+00 4.20502305e-01
    1.08184886e+00 1.51798308e+00 1.15412426e+00 5.57765961e-02
    -1.31319761e-02 5.60711384e-01 -4.69148755e-01 8.49913478e-01
    5.81941187e-01 1.33384109e+00 6.14389241e-01 1.15967059e+00
    3.98517787e-01 -3.38607967e-01 5.90973556e-01 3.90485227e-01
    8.04370522e-01 4.30949330e-02 1.39309406e+00 1.09555018e+00
    1.27768517e+00 4.96849060e-01 -4.75383282e-01 4.91895080e-01
    9.60161805e-01 1.17634284e+00 9.67915952e-01 8.16645861e-01
    -5.11631250e-01 1.00511837e+00 9.99115705e-02 -4.84606206e-01
    8.13178241e-01 -5.34889400e-01 7.80323029e-01 4.11464989e-01
    1.50945377e+00 6.41075492e-01 4.39587951e-01 1.46344066e+00
    4.87922966e-01 1.29775238e+00 1.31118429e+00 5.66959441e-01
    1.01378012e+00 8.31110716e-01 7.35433340e-01 1.45901656e+00
    8.63458276e-01 1.34522939e+00 1.39316082e+00 7.25105822e-01
    9.59995329e-01 -3.02595973e-01 -1.85673743e-01 1.02948844e-01
    1.16117036e+00 4.25100148e-01 5.82282245e-01 8.28125656e-01
    9.24513876e-01 1.37498140e+00 -1.72126740e-01 1.33875239e+00
    3.13376367e-01 6.91078067e-01 1.44819772e+00 1.07387793e+00
    -3.49475086e-01 -3.46421003e-02 1.00867248e+00 7.59700596e-01
    1.20899320e-01 1.03131306e+00 8.77775073e-01 8.42878044e-01
    4.03319180e-01 1.55563223e+00 6.93013787e-01 -2.15106994e-01
    1.19643688e+00 1.56150675e+00 6.57260358e-01 7.48243511e-01
    4.37781334e-01 6.98719263e-01 5.81780195e-01 1.51401258e+00
    -4.69235808e-01 -2.14921981e-01 4.41045165e-01 1.42973065e+00
    1.19702482e+00 7.12578416e-01 8.10447037e-01 5.86217403e-01
    1.12339973e+00 -3.27049315e-01 1.33391619e+00 5.01534700e-01
    1.36096632e+00 1.03662276e+00 1.10032368e+00 8.08291197e-01
    2.37715006e-01 1.22631550e+00 1.48596144e+00 1.19123006e+00
    1.34050035e+00 -2.66211748e-01 9.44840968e-01 1.02270794e+00
    -3.04496706e-01 1.10972953e+00 1.51853919e+00 -1.38386816e-01
    2.83793390e-01 7.27913380e-02 -2.95363396e-01 1.08963561e+00
    1.16539979e+00 9.89272356e-01 9.99478221e-01 3.15533876e-01
    -4.09585983e-01 1.12412381e+00 2.75792658e-01 7.30239511e-01
    7.21747994e-01 8.05472076e-01 2.07610846e-01 2.08268046e-01
    8.02390218e-01 1.49477911e+00 1.28465867e+00 -5.13830245e-01
    5.56566119e-01 1.24679565e+00 1.39262342e+00 1.43539202e+00
    2.27981806e-01 4.93079126e-01 -2.07363963e-01 8.05122256e-01
    3.10983717e-01 1.26826000e+00 -4.26495016e-01 1.16363096e+00
    -1.77710176e-01 8.38495135e-01 1.44293547e+00 -2.48369932e-01
    1.26900744e+00 1.32534814e+00 6.04057610e-01 4.95138586e-01
    -4.80443418e-01 9.77467418e-01 6.63462877e-01 5.63070893e-01
    1.97425663e-01 9.19832408e-01 1.17284071e+00 4.25701082e-01
    -4.12560880e-01 1.06891370e+00 9.27104950e-02 1.02679193e+00
    1.31192589e+00 1.38724613e+00 1.54396951e+00 3.83709669e-02
    5.62853992e-01 6.17528915e-01 1.09236002e+00 7.58493364e-01
    3.49367321e-01 -3.47294331e-01 1.49372721e+00 1.28734398e+00
    7.03624547e-01 -3.11876923e-01 1.54015529e+00 2.76054323e-01
    1.29411268e+00 1.03797770e+00 6.77052498e-01 6.27332687e-01
    -5.53952992e-01 -4.25425142e-01 -1.65024877e-01 9.94068384e-03
    3.36839080e-01 5.13521671e-01 1.93398178e-01 5.58713198e-01
    -2.99159735e-01 4.68840539e-01 2.72360444e-02 8.63026381e-02
    -4.12394911e-01 6.95534706e-01 1.18356085e+00 -2.27795422e-01
    4.67452943e-01 1.39058161e+00 1.36362219e+00 4.33777571e-01
    9.22256351e-01 1.18542731e-01 9.06803489e-01 -2.70215571e-01
    1.55283988e+00 -5.31800747e-01 1.23083138e+00 1.34854567e+00
    1.30597579e+00 -5.18654943e-01 1.33796465e+00 1.21266103e+00
    1.05115914e+00 7.53594398e-01 2.20957518e-01 1.29930627e+00
    -3.21713597e-01 -4.69645619e-01 8.35323155e-01 6.47740781e-01
    9.56517637e-01 -1.69654429e-01 1.10675776e+00 -2.93474764e-01
    1.42456698e+00 1.19790637e+00 -2.44142056e-01 -4.57398295e-02
    4.19680476e-01 1.31457806e+00 1.02112150e+00 -4.29676890e-01
    -4.16106701e-01 -5.27794719e-01 1.42093658e-01 5.05654991e-01
    8.05450261e-01 1.29617751e-01 -4.16733980e-01 -2.59967029e-01
    8.69875491e-01 1.29709315e+00 -2.30270207e-01 1.45243573e+00
    1.35581017e+00 1.57959807e+00 1.55943775e+00 4.48007643e-01
    -1.06980205e-01 3.47447574e-01 8.72155547e-01 3.53707850e-01
    1.11535335e+00 1.39788830e+00 -9.66151059e-02 -5.15792251e-01
    5.31876147e-01 -3.10555547e-01 -4.21417713e-01 1.33371615e+00
    -1.86999887e-01 -9.56103802e-02 -2.43312448e-01 7.46449053e-01
    1.28331530e+00 7.54764676e-01 -5.50466835e-01 2.91107893e-02
    8.99960458e-01 9.06491160e-01 1.15748930e+00 -3.33576202e-02
    -2.20413804e-02 1.32391834e+00 7.70017505e-01 5.71467221e-01
    5.65499008e-01 9.50758874e-01 4.75587845e-02 -4.75593448e-01
    9.73256767e-01 -3.64668608e-01 7.22187400e-01 1.32759976e+00
    8.62575173e-02 1.54086530e-01 1.02898717e+00 9.92069304e-01
    1.42902172e+00 7.03185081e-01 6.68998241e-01 5.01524687e-01
    1.39817643e+00 -1.97880030e-01 1.26446474e+00 -1.26488119e-01
    1.40617907e+00 3.56473565e-01 1.23873019e+00 3.85262132e-01
    -1.63923293e-01 3.37479174e-01 3.48977864e-01 4.33700562e-01
    1.08911204e+00 -4.93367076e-01 7.51103640e-01 1.45692730e+00
    -8.36395919e-02 1.47526884e+00 4.05571461e-01 2.51738071e-01
    -3.43322098e-01 -2.35089451e-01 5.95905781e-01 1.29125714e+00
    1.48035789e+00 2.16211498e-01 3.79849970e-01 3.25665832e-01
    1.12696171e+00 -2.29326546e-01 5.88125825e-01 3.22882771e-01
    1.51375699e+00 1.03430510e-01 1.56891346e-02 6.65874362e-01
    5.55337608e-01 1.20066345e+00 9.14048672e-01 1.24794555e+00
    -2.95144200e-01 8.72992754e-01 -5.01803279e-01 7.27495253e-01
    3.94503951e-01 8.81876171e-01 1.48020339e+00 4.63983655e-01
    8.50056052e-01 1.55127645e+00 1.20683944e+00 1.29525125e-01
    -4.10644382e-01 -2.13622481e-01 3.46849918e-01 -1.18918419e-02
    1.42741561e+00 1.45422816e+00 4.48394597e-01 -5.12267053e-01
    4.19877350e-01 8.79095256e-01 6.99962914e-01 1.39624846e+00
    -3.58664334e-01 1.50663233e+00 6.97353482e-02 -2.72252977e-01
    -2.46207714e-01 1.53381717e+00 -1.61858052e-01 -3.50961924e-01
    -1.71836704e-01 7.11081386e-01 -1.54964924e-02 1.25399911e+00
    1.32842231e+00 2.87462771e-01 8.95371377e-01 1.45520544e+00
    3.79454434e-01 -1.87990159e-01 1.17265022e+00 4.97955441e-01
    5.98076284e-01 1.36818099e+00 1.16929412e+00 2.77835727e-01
    3.46980691e-02 -1.38258725e-01 1.14948833e+00 4.52474236e-01
    5.39897203e-01 -4.83382493e-01 3.28240991e-02 3.02230954e-01
    -4.09891218e-01 8.11190486e-01 1.17862821e+00 1.64361715e-01
    -2.00093150e-01 -5.69313467e-02 1.33062100e+00 -2.38157868e-01
    -1.05861008e-01 1.44637680e+00 1.07402444e+00 -4.88963127e-01
    -5.37922978e-02 1.07913208e+00 -3.75772506e-01 1.54926991e+00
    9.09695029e-02 -3.79391670e-01 6.87841892e-01 -7.29085207e-02
    9.25971448e-01 -1.23085469e-01 1.19746566e+00 1.06765628e+00
    1.45661390e+00 -5.80438972e-02 1.54347396e+00 5.92468023e-01
    3.50861847e-01 -4.12079155e-01 7.29720533e-01 3.04757357e-01
    4.40565705e-01 -2.19852358e-01 9.60232794e-01 2.40026295e-01
    2.43280292e-01 1.25267363e+00 1.06303585e+00 6.92573488e-01
    6.34608269e-02 1.14183331e+00 1.44685555e+00 5.95520258e-01
    9.17698324e-01 7.34414935e-01 1.46441627e+00 -3.65019441e-02
    7.05801427e-01 -4.80824053e-01 -5.49075484e-01 1.17101169e+00
    9.15730238e-01 1.44312990e+00 6.26694143e-01 1.07261467e+00
    3.02624762e-01 -4.54049379e-01 1.07321060e+00 1.12890637e+00
    7.04834044e-01 -4.53808069e-01 -6.15977645e-02 1.50779104e+00
    1.48742950e+00 -1.65568262e-01 -1.98417753e-01 -1.81919932e-02
    8.69469345e-01 -2.42347717e-02 -6.82699680e-02 -4.98008400e-01
    5.07091582e-01 9.90257263e-02 6.77848518e-01 -3.12690139e-01
    1.46634221e+00 4.71215069e-01 3.35197330e-01 3.29491675e-01
    1.48109055e+00 7.33801603e-01 1.04797888e+00 -3.23395729e-02
    1.25515842e+00 8.37890804e-01 1.72725320e-02 1.12050927e+00
    7.11074471e-02 9.99105990e-01 -4.88196373e-01 -2.75466323e-01
    1.44603217e+00 3.65370691e-01 7.78547585e-01 5.67744672e-01
    -2.90739089e-01 4.85335588e-02 6.17377877e-01 3.38688672e-01
    1.06599152e-01 -8.08176398e-02 8.76486897e-01 9.52586770e-01
    4.19697344e-01 8.85758877e-01 1.03523695e+00 1.05365252e+00
    -2.43800700e-01 -4.83906329e-01 1.06486142e-01 8.11697841e-02
    -1.26409262e-01 -4.66231942e-01 3.99692535e-01 5.03591776e-01
    8.62444460e-01 3.08592916e-01 7.91715086e-01 9.03820395e-02
    7.13623941e-01 -1.35343075e-01 3.71064544e-01 1.19949532e+00
    9.60348785e-01 -3.75161618e-01 -1.48711205e-02 -1.71868950e-01
    1.17180133e+00 9.23698485e-01 4.62130368e-01 -4.87319171e-01
    6.53823256e-01 6.13856316e-01 4.75460351e-01 1.28335953e+00
    1.15090966e-01 8.56853426e-01 9.39912915e-01 6.74126744e-02
    1.59411013e-01 8.07314098e-01 8.77776742e-02 6.39808059e-01
    4.68665183e-01 9.37382340e-01 -2.15572268e-01 1.45726681e+00
    1.22134209e+00 5.74926674e-01 7.64246404e-01 -9.46517587e-02
    2.48560965e-01 -4.15736973e-01 -4.84404624e-01 1.05944169e+00
    1.20246947e+00 6.73778236e-01 1.17830467e+00 1.44945073e+00
    2.24806249e-01 -4.43164289e-01 -3.02217811e-01 2.27753878e-01
    9.94133651e-01 1.84237659e-01 5.36888361e-01 1.05189633e+00
    -3.69904578e-01 1.30840003e+00 6.36661053e-01 1.53117323e+00
    -4.37916338e-01 6.25148952e-01 1.22846103e+00 5.27454317e-01
    -2.81581551e-01 -2.97969341e-01 1.96357965e-02 -3.51828337e-01
    1.31311274e+00 2.76417017e-01 1.18044555e+00 8.11248600e-01
    -4.45291340e-01 1.46270478e+00 3.02923381e-01 -7.51072168e-03
    1.08829618e-01 1.01611161e+00 1.40851903e+00 -4.74778146e-01
    6.91530883e-01 2.32208192e-01 8.35979998e-01 1.52790999e+00
    -3.12642962e-01 -1.73469305e-01 -2.49222219e-01 -5.69331646e-03
    2.78304815e-01 -3.88506234e-01 1.13395452e+00 3.87270331e-01
    1.19865274e+00 6.92206144e-01 1.43006265e-01 1.20040476e+00
    9.11570072e-01 1.73650622e-01 8.80493402e-01 -1.49513602e-01
    -4.05186385e-01 6.28185630e-01 1.36155891e+00 7.54955947e-01
    6.08126521e-01 1.39020491e+00 1.02605629e+00 8.51715147e-01
    1.32491279e+00 9.93327498e-01 2.58997917e-01 -4.36263442e-01
    2.39163637e-02 6.43367171e-02 7.50026047e-01 1.43452251e+00
    1.46705437e+00 -2.74341375e-01 9.86554027e-02 1.28670835e+00
    2.00422585e-01 5.93363345e-01 -5.37422955e-01 8.92400742e-02
    2.74737716e-01 7.07615733e-01 3.47923040e-02 -2.00111777e-01
    -3.92708600e-01 9.86824632e-01 1.32912612e+00 -4.10486400e-01
    1.28594637e-02 4.97909427e-01 8.47815275e-02 9.15764630e-01
    3.41096044e-01 1.06097639e+00 1.37337673e+00 -5.36541820e-01
    -4.46436852e-01 6.59358501e-01 8.94984663e-01 6.10372901e-01
    1.49884319e+00 5.67038953e-01 1.10176349e+00 5.01792490e-01
    1.57324827e+00 1.13422453e+00 4.71668720e-01 3.35587740e-01
    1.01077795e-01 -4.31604981e-01 -1.17734015e-01 -1.40716195e-01
    5.21680534e-01 1.36539292e+00 9.27310467e-01 1.52251709e+00
    6.82249069e-02 2.37296402e-01 2.93216348e-01 7.00507164e-02
    7.43455231e-01 -5.55112541e-01 1.24374270e-01 5.71120858e-01
    1.14743757e+00 -3.46611559e-01 6.71139002e-01 4.77644742e-01
    -4.45051938e-01 4.90822136e-01 -3.01612675e-01 5.24521291e-01
    2.34127820e-01 1.56384766e-01 7.72796571e-01 7.69824862e-01
    1.16728652e+00 -1.31242603e-01 6.85519218e-01 8.73968124e-01
    1.26478982e+00 6.22753799e-01 1.54331672e+00 -4.27020192e-01
    -2.29249418e-01 2.04455853e-01 -3.19904029e-01 5.64129591e-01
    -1.65389508e-01 1.09129012e-01 7.02427387e-01 -8.42345059e-02
    7.75126815e-02 5.95220685e-01 2.49908984e-01 4.99643207e-01
    9.08333123e-01 -4.67808098e-01 1.19052291e+00 1.19033873e+00
    6.98738813e-01 5.83123386e-01 9.49247539e-01 1.47642159e+00
    7.80017793e-01 9.31017935e-01 1.42006028e+00 -8.68845582e-02
    6.59778655e-01 4.10499573e-02 3.61337245e-01 6.49757147e-01
    1.30722213e+00 2.58686185e-01 1.22745824e+00 8.62466633e-01
    -4.08528030e-01 -3.90842676e-01 -4.42039073e-01 9.59011316e-02
    7.76411593e-01 9.67985988e-01 6.11030161e-01 2.96799719e-01
    2.40612507e-01 1.56329703e+00 1.41671026e+00 9.46353078e-02
    1.36284554e+00 1.30584097e+00 -2.25680530e-01 -1.24105215e-02
    6.95891559e-01 1.09611034e+00 -4.91115272e-01 5.12037992e-01
    3.76221657e-01 5.70497870e-01 4.54940975e-01 1.21607685e+00
    1.21845543e+00 -2.25799561e-01 -3.19798470e-01 -4.78448093e-01
    7.06410050e-01 9.29689586e-01 1.53560209e+00 2.39538550e-02
    7.74142861e-01 3.35870743e-01 1.18334651e-01 4.31030452e-01
    6.23096943e-01 5.04903734e-01 8.21762383e-01 3.31712067e-01
    2.08765209e-01 1.07630920e+00 -4.38772976e-01 7.43398845e-01
    -2.99410850e-01 7.96804845e-01 5.85627496e-01 -4.97890294e-01
    1.22837603e+00 -4.60023344e-01 7.49227941e-01 6.29394531e-01
    1.32645798e+00 -2.64991194e-01 1.13748252e+00 -1.63398355e-01
    1.08719897e+00 5.91087878e-01 8.91892910e-01 9.22060132e-01
    -3.06132704e-01 1.42636991e+00 1.41829252e+00 9.41646159e-01
    6.94765568e-01 6.11308515e-01 -2.36314207e-01 8.84877443e-01
    -3.77827168e-01 2.24192500e-01 9.86126125e-01 1.50960946e+00
    9.23157454e-01 3.76471996e-01 -5.21679223e-01 -7.86651373e-02
    -4.18497324e-02 6.65507913e-02 -4.58742321e-01 1.35228348e+00
    2.27326214e-01 3.47153366e-01 1.22875512e-01 -2.85204172e-01
    7.77164996e-01 -8.09146762e-02 -1.22958839e-01 -4.65758532e-01
    7.13326931e-02 -1.19507223e-01 -2.16182917e-01 6.22396171e-01
    -7.34329224e-05 -3.10163945e-01 2.27655411e-01 7.51777589e-01
    5.42750716e-01 9.78663921e-01 1.36478603e-01 1.39504015e+00
    2.68597305e-01 1.64701045e-01 1.64723098e-01 -2.52020240e-01
    1.36387134e+00 -3.87358636e-01 -5.18108368e-01 3.72721672e-01
    8.64176273e-01 1.09972596e+00 -3.48628819e-01 1.21826768e-01
    1.39473951e+00 1.23071837e+00 6.19563758e-01 1.54714441e+00
    -4.68637466e-01 1.35391068e+00 -2.62086779e-01 -2.44010955e-01
    8.47753763e-01 1.37587547e+00 -3.52828801e-01 8.91373158e-01
    -1.17152363e-01 6.40650809e-01 -6.84960783e-02 1.46434546e+00
    8.91532421e-01 2.09210515e-01 5.33728659e-01 7.34408081e-01
    1.00923586e+00 1.29882991e-01 2.77497113e-01 -3.93354118e-01
    4.83462155e-01 4.32804346e-01 2.17059255e-02 1.37908900e+00
    -3.40237856e-01 8.94874573e-01 -1.19612575e-01 -2.18022257e-01
    -5.40565372e-01 -2.67916560e-01 1.47279501e+00 1.12335694e+00
    1.31669664e+00 5.98149121e-01 -5.04014134e-01 -1.12016737e-01
    1.05075049e+00 4.51276898e-02 6.48178697e-01 6.75984621e-01
    8.96548212e-01 4.42584395e-01 -2.64668703e-01 9.45360780e-01
    2.67918944e-01 6.26269400e-01 5.72082818e-01 -4.44039315e-01
    2.95570493e-01 6.82194829e-01 1.27531838e+00 1.01199961e+00
    6.05582416e-01 5.46922684e-02 -1.81920469e-01 -2.42315799e-01
    1.24301696e+00 4.83826935e-01 3.51069152e-01 9.35120702e-01
    7.06555843e-01 3.53269935e-01 -7.38540888e-02 3.12078893e-01
    1.07961130e+00 -4.48270500e-01 1.53967452e+00 1.04374766e+00
    1.53706193e+00 -9.35298800e-02 1.46412730e+00 8.45007956e-01
    1.01933813e+00 -5.38196862e-01 -5.08797824e-01 -2.10282475e-01
    2.96695352e-01 2.16488242e-01 3.33252072e-01 1.33075058e+00
    5.65289617e-01 1.10094309e+00 1.06749296e+00 -4.04456377e-01
    1.99015975e-01 -5.15453219e-02 -3.97541702e-01 3.14441323e-02
    -4.89293456e-01 6.60968363e-01 1.04924679e+00 1.08263278e+00
    -4.03817773e-01 9.39559042e-01 -3.35577279e-01 -3.33520412e-01
    -1.74118280e-01 8.84459436e-01 2.50967801e-01 -2.76046336e-01
    5.59768856e-01 7.41125345e-01 -3.87121081e-01 5.67755282e-01
    -9.92146432e-02 1.03790426e+00 4.26932216e-01 1.48644018e+00
    7.70574033e-01 8.81510377e-02 7.73390412e-01 1.43633389e+00
    8.00594985e-01 8.71855617e-02 1.40126216e+00 1.59291625e-02
    3.23855400e-01 2.84393430e-01 -7.12757707e-02 2.78746307e-01
    1.50292027e+00 8.36855650e-01 -4.07566011e-01 -5.51703811e-01
    8.93107593e-01 1.25219822e+00 1.09924197e+00 9.42970514e-02
    -1.70070887e-01 1.03848875e-01 2.14065313e-02 9.42212522e-01
    1.24207759e+00 8.48080456e-01 4.15486395e-01 9.57824826e-01
    -4.39255238e-01 9.28303659e-01 1.14886165e+00 -3.20985168e-01
    1.25529003e+00 1.18002570e+00 -1.78273410e-01 4.41613495e-01
    9.11246121e-01 6.88514709e-02 8.69881749e-01 -4.25928324e-01
    1.42973351e+00 -1.24579072e-02 8.19899380e-01 3.56251001e-03
    -3.61276209e-01 1.51897049e+00 9.96885657e-01 1.04234552e+00
    1.02432728e+00 9.93036032e-02 6.62416101e-01 2.02396393e-01
    7.11394846e-01 2.93071568e-01 1.04011893e+00 -2.90078402e-01
    1.04536152e+00 3.25737238e-01 8.29303265e-03 -2.47088581e-01
    1.05370855e+00 8.54917347e-01 6.92657471e-01 9.22471225e-01
    7.55495071e-01 -4.98485029e-01 4.86375660e-01 -3.92480224e-01
    2.56329000e-01 4.39852476e-02 2.81077862e-01 6.91620886e-01
    1.38634968e+00 9.20810878e-01 -5.43929338e-02 1.04789817e+00
    5.51136494e-01 -3.59545439e-01 4.19735610e-01 1.34193027e+00
    -3.24785233e-01 1.25280023e+00 1.12985528e+00 8.39968324e-02
    8.61286998e-01 9.35820222e-01 3.85271788e-01 7.07800269e-01
    1.26262093e+00 -3.37791502e-01 -3.34504932e-01 1.17486167e+00
    1.19391084e-02 4.52631116e-01 -1.27495199e-01 3.41116488e-01
    2.82481432e-01 3.55901599e-01 6.86189532e-01 2.67146349e-01
    -3.58959854e-01 8.43517184e-02 1.29617333e+00 -3.36110681e-01
    1.12713993e-01 -1.56268746e-01 1.47924924e+00 8.82062912e-01
    1.27745461e+00 1.26664972e+00 -2.39186257e-01 4.55999374e-03
    6.57722116e-01 1.31793261e+00 4.09456611e-01 1.03782845e+00
    -1.68102622e-01 5.10536134e-01 1.50503612e+00 -1.84182167e-01
    1.19435871e+00 -3.09429586e-01 6.89495802e-02 7.98580408e-01
    5.06290734e-01 3.99253428e-01 -8.17938149e-02 1.48038864e+00
    8.48966897e-01 -5.19984126e-01 5.06597757e-02 1.26665425e+00
    1.22531199e+00 4.79238689e-01 8.66694093e-01 1.46561241e+00
    3.45376730e-01 5.43221116e-01 8.52520585e-01 2.67039955e-01
    7.62210190e-01 -4.28039700e-01 1.45835614e+00 7.08949804e-01
    6.04294538e-01 8.10568988e-01 -2.43407488e-02 2.20152855e-01
    8.12536478e-01 -2.14282632e-01 1.07874846e+00 -2.87645727e-01
    -3.51686478e-01 -3.23184729e-02 1.33344150e+00 1.00414133e+00
    7.51103759e-01 8.45734954e-01 -5.01798689e-02 2.20633209e-01
    -4.37740088e-02 8.09056580e-01 7.84132481e-01 4.62472558e-01
    5.83462417e-01 5.08119345e-01 1.02723646e+00 7.04932868e-01
    1.54359686e+00 8.12961102e-01 1.83677256e-01 9.68419909e-01
    1.22695613e+00 1.31902397e+00 -2.93200344e-01 9.20354426e-01
    3.22450995e-01 -3.54523242e-01 6.99820518e-02 9.22393799e-02
    -3.87873650e-01 9.69415724e-01 -1.94812059e-01 1.25623322e+00
    1.27065015e+00 2.08781540e-01 2.99998939e-01 -3.03242356e-01
    -8.72606039e-03 3.10267150e-01 9.30414736e-01 -2.54525244e-01
    1.46427321e+00 -6.43366575e-02 3.56707215e-01 1.54541457e+00
    6.85547590e-01 1.49424434e+00 8.53039026e-01 -3.65166962e-01
    8.08204710e-01 -1.71302438e-01 -3.28740090e-01 6.15215182e-01
    1.14376760e+00 1.02859104e+00 -9.38334167e-02 8.49697292e-01
    2.35176027e-01 2.26481855e-01 -8.25036764e-02 3.57748926e-01
    -4.79216874e-01 2.39387035e-01 9.29569721e-01 -1.90744430e-01
    7.48685062e-01 1.05431890e+00 1.09420037e+00 1.42897654e+00
    1.30327642e-01 4.17115092e-02 1.39508927e+00 -2.04192609e-01
    5.85702419e-01 -5.15840948e-02 -4.09122765e-01 8.49559784e-01
    -3.75793576e-02 1.97932124e-02 1.34459424e+00 5.70728064e-01
    4.38359559e-01 1.30330586e+00 1.11489367e+00 -3.56679022e-01
    9.52543259e-01 1.02849543e-01 1.40910268e-01 4.45054114e-01
    -3.68040174e-01 1.10188925e+00 7.65187919e-01 4.66007411e-01
    3.41124058e-01 -4.72816646e-01 2.82877445e-01 1.29399991e+00
    -1.52092516e-01 1.31853652e+00 3.36075485e-01 -2.23238707e-01
    1.48282838e+00 -1.18646175e-01 9.34714675e-01 1.03884840e+00
    6.28311753e-01 -1.52840585e-01 -7.15864301e-02 5.54719329e-01
    -5.29778779e-01 1.08891523e+00 -3.24307382e-01 -4.29683357e-01
    1.45357633e+00 1.25368011e+00 -1.13259554e-01 1.00806558e+00
    1.05524755e+00 6.52818024e-01 1.54201949e+00 1.44660282e+00
    6.80721521e-01 1.11663985e+00 -3.62644255e-01 6.61996722e-01
    5.37052631e-01 1.04594398e+00 -2.68075138e-01 4.15026128e-01
    9.14916456e-01 -4.37044501e-01 1.34567881e+00 9.29319203e-01
    -9.85489786e-02 1.15531492e+00 1.04603052e+00 9.88070190e-01
    -4.10497934e-01 5.97149253e-01 6.78018034e-01 7.14694977e-01
    9.91419613e-01 -3.63477945e-01 1.04128432e+00 1.45049524e+00
    -1.28348380e-01 -2.76858211e-02 1.20700455e+00 6.95903063e-01
    3.63340080e-01 -2.29343057e-01 1.02824235e+00 -4.35340106e-01
    8.41063797e-01 2.53633618e-01 2.82497764e-01 -1.39685512e-01
    4.27450001e-01 -2.56233275e-01 7.45666623e-02 1.26653314e+00
    9.35216606e-01 1.29149103e+00 4.01685715e-01 5.77331603e-01
    3.44105482e-01 -6.71323538e-02 8.57152939e-01 3.20244312e-01
    4.05003250e-01 -3.59994233e-01 1.01782107e+00 -2.12771177e-01
    -1.95502400e-01 3.59456658e-01 -1.32910132e-01 6.97235763e-01
    7.30976760e-01 3.88433516e-01 6.10735178e-01 6.04684055e-01
    9.39023793e-01 2.80483425e-01 7.95993567e-01 9.99737740e-01
    5.92462361e-01 1.23824191e+00 -2.23758280e-01 7.64725626e-01
    6.89144909e-01 -1.06264621e-01 9.03164744e-01 8.09232891e-01
    -1.06569260e-01 -1.24976337e-01 1.30372572e+00 4.33260202e-02
    8.00659776e-01 9.84884560e-01 9.33027029e-01 -2.97604740e-01
    6.81935489e-01 2.08206177e-01 9.59249437e-01 9.36521411e-01
    1.01439834e+00 -3.51733565e-02 1.22128153e+00 5.51527619e-01
    3.07334065e-01 -1.54461831e-01 1.89434946e-01 -1.72788978e-01
    1.51773882e+00 1.39680791e+00 3.75311196e-01 5.09167314e-02
    -5.44679582e-01 1.50354481e+00 4.03966904e-01 9.48969722e-02
    1.36229181e+00 6.54073894e-01 -3.00608277e-01 1.03741109e+00
    1.25362086e+00 -3.38193268e-01 2.68950880e-01 4.17671621e-01
    9.83506560e-01 7.09708452e-01 2.63971686e-02 4.35520768e-01
    9.60846066e-01 2.41148531e-01 3.27163398e-01 -2.38431871e-01
    8.21890116e-01 -5.49626052e-01 1.40465009e+00 6.67809904e-01
    4.30234313e-01 -3.05398703e-01 -4.64456350e-01 1.48969126e+00
    4.62815404e-01 1.36482942e+00 1.07822752e+00 1.54377508e+00
    1.26945710e+00 2.92183399e-01 8.11157227e-02 -4.81870413e-01
    1.21108890e+00 6.84685707e-01 6.70797467e-01 9.19826210e-01
    8.39787900e-01 -4.27394301e-01 -2.00166911e-01 2.11333334e-01
    -5.48867226e-01 1.04411542e+00 -2.35511094e-01 1.54931188e+00
    4.35126066e-01 7.33988166e-01 7.91005194e-01 9.25086498e-01
    1.32509458e+00 1.46458995e+00 3.31393540e-01 7.83233702e-01
    1.24687362e+00 9.41422522e-01 1.34046650e+00 -8.73548687e-02
    -9.00305808e-02 4.59805727e-02 2.84013271e-01 1.55807137e-02
    4.04486418e-01 -1.56658351e-01 -1.56118840e-01 1.10298884e+00
    1.27973366e+00 6.61356986e-01 3.89520586e-01 8.03579688e-02
    8.11222851e-01 3.13057005e-01 1.31222343e+00 -3.34524572e-01
    -1.25453681e-01 7.63255239e-01 3.63853812e-01 5.99787951e-01
    -3.50335300e-01 6.48014486e-01 -5.33111751e-01 -1.10026628e-01
    8.89341652e-01 -3.61041367e-01 3.35464656e-01 8.45307410e-01
    -1.09659582e-01 -5.29141486e-01 -3.48079205e-01 2.50161052e-01
    1.09084177e+00 -2.47428536e-01 8.99060786e-01 1.16845679e+00
    1.54332089e+00 2.74595976e-01 2.08106637e-01 1.36026812e+00
    3.31392586e-01 4.30532753e-01 3.85320187e-01 1.13954854e+00
    4.80350971e-01 6.19595706e-01 2.36851513e-01 -9.39092636e-02
    -1.17718190e-01 1.24599040e+00 -2.92312324e-01 1.47166204e+00
    2.22352207e-01 2.40412712e-01 4.27832603e-02 1.48960221e+00
    1.54309464e+00 1.49203444e+00 5.42774618e-01 -4.84922826e-01
    6.36873424e-01 1.02475464e+00 8.45888019e-01 1.25260258e+00
    -1.72247320e-01 1.20184231e+00 -2.41960019e-01 5.20972252e-01
    1.14916348e+00 1.54683709e-01 1.33019590e+00 5.01513422e-01
    -3.33846688e-01 9.71529126e-01 1.80556715e-01 7.88670123e-01
    1.55744255e-01 9.19075727e-01 -4.46459383e-01 1.04820430e-01
    -3.11423510e-01 1.27888942e+00 1.36374164e+00 1.08281970e+00
    1.27212274e+00 -2.77973592e-01 2.51047015e-01 4.66904998e-01
    -9.59823728e-02 1.51836133e+00 -9.66980159e-02 -4.69489455e-01
    1.17908359e+00 6.41969025e-01 3.17390621e-01 9.69797909e-01
    1.06049311e+00 -9.99356806e-02 4.88403559e-01 1.28000665e+00
    3.65735173e-01 8.89715910e-01 7.21147418e-01 1.30258179e+00
    7.97147751e-02 5.46748638e-01 2.45340228e-01 6.12526774e-01
    3.83459568e-01 1.14883471e+00 5.33128917e-01 1.28968561e+00
    1.13546312e-01 4.27643239e-01 6.50213361e-02 5.52742958e-01
    4.17293489e-01 -1.52169794e-01 -3.65041971e-01 3.99656713e-01
    2.33821452e-01 1.09182358e+00 7.79765725e-01 1.38360381e+00
    -9.97487903e-02 1.15877724e+00 7.07481682e-01 8.38281631e-01
    1.14154601e+00 1.14798105e+00 1.54711461e+00 1.23813653e+00
    1.55718625e+00 4.52102304e-01 1.32612014e+00 4.89231050e-01
    6.48476839e-01 4.63088214e-01 -3.32534850e-01 4.79273379e-01
    5.61047316e-01 1.49522972e+00 1.27212262e+00 1.20855260e+00
    -5.08213282e-01 -3.63564491e-03 1.21461391e+00 7.01581538e-01
    1.20532298e+00 8.54241550e-01 1.47002673e+00 2.43867815e-01
    1.30684376e+00 -7.50674009e-02 9.47048485e-01 6.62546456e-01
    1.10721207e+00 -1.17750973e-01 -3.30191970e-01 -3.90992045e-01
    -2.11250395e-01 -4.44412589e-01 1.48880386e+00 -4.55268264e-01
    1.15899014e+00 -8.97708535e-02 1.38393497e+00 5.23600876e-01
    -4.02229667e-01 4.71245348e-01 5.18028259e-01 3.18269432e-01
    1.72569931e-01 6.74853325e-01 6.33043110e-01 6.20399773e-01
    1.24673748e+00 5.93851149e-01 8.21963906e-01 1.42976749e+00
    1.30466998e-01 1.26494467e-01 4.47948754e-01 7.48727441e-01
    8.86003733e-01 4.18836415e-01 1.08157563e+00 7.81877637e-02
    1.03107750e-01 1.14097846e+00 1.53805995e+00 3.86450410e-01
    -2.06159562e-01 1.26536942e+00 9.20989215e-01 2.40353882e-01
    -1.28105640e-01 4.98505771e-01 9.75144506e-02 1.10601568e+00
    2.71333456e-02 1.17114949e+00 1.40122354e+00 2.14539886e-01
    1.44196713e+00 5.45588613e-01 1.09220815e+00 2.50812709e-01
    1.28692174e+00 -1.49666667e-02 7.26456761e-01 1.24641538e+00
    7.97953606e-02 -5.22299588e-01 1.42069757e-01 -4.18278158e-01
    8.60041201e-01 -3.06295156e-02 -3.85461867e-01 3.46386373e-01
    1.42653966e+00 -3.52192163e-01 1.53414798e+00 -5.08529425e-01
    1.39923131e+00 5.74602723e-01 2.89173126e-02 9.19214725e-01
    9.81744945e-01 5.70168436e-01 1.43038249e+00 8.72470140e-01
    5.69942236e-01 -7.32536018e-02 -1.36726916e-01 1.51941895e-01
    -4.39548850e-01 1.48096371e+00 9.14321244e-01 1.16543174e-01
    6.79034948e-01 -3.20268542e-01 3.12740028e-01 6.58224046e-01
    -1.06368780e-01 1.41658449e+00 5.68447411e-01 -4.69903320e-01
    1.19815230e+00 1.49686503e+00 8.75174642e-01 3.05303812e-01
    1.21924925e+00 1.50206923e-01 1.49243307e+00 1.18660343e+00
    5.57933152e-01 1.79354548e-01 3.73319745e-01 1.22024417e+00
    1.51502299e+00 1.49077713e-01 9.55444336e-01 -3.13054681e-01
    1.50204241e-01 -9.06574428e-02 2.06302166e-01 7.60938644e-01
    -1.77692115e-01 4.03316796e-01 1.53019893e+00 5.74327707e-02
    7.85573006e-01 5.34139752e-01 4.51362550e-01 -5.24483323e-01
    -1.30228698e-01 4.07759607e-01 -9.72871184e-02 1.02616429e+00
    6.97644472e-01 -8.99916887e-02 -1.57707334e-02 1.10015416e+00
    7.59561658e-02 6.21259451e-01 -4.85074520e-03 -6.24372363e-02
    6.69357061e-01 6.69520795e-01 2.10360289e-01 9.35590565e-01
    1.06838882e+00 1.11934900e+00 -2.68576711e-01 1.13964975e+00
    -3.90516758e-01 1.13915706e+00 5.01247585e-01 5.20533502e-01
    8.68168354e-01 -4.03508484e-01 -3.52965921e-01 2.52191186e-01
    -2.40763277e-01 1.37533212e+00 2.54544318e-01 8.73325646e-01
    7.31521308e-01 1.28096533e+00 -4.63670194e-02 2.98362732e-01
    -5.24886310e-01 4.21917677e-01 -7.25030899e-03 -3.50189269e-01
    3.05736959e-01 -6.92391396e-03 7.86261916e-01 -2.87111372e-01
    1.41392410e+00 -1.49858028e-01 -5.37652612e-01 1.18008494e+00
    2.03927875e-01 7.11359560e-01 3.75107408e-01 1.49204612e+00
    8.55672419e-01 1.36474228e+00 4.19369578e-01 1.28487277e+00
    6.80015326e-01 -2.34788656e-02 -1.19108200e-01 1.00970030e+00
    7.39471734e-01 8.11760187e-01 1.36984658e+00 3.44710946e-01
    1.22373760e+00 1.47485065e+00 4.56878781e-01 8.85097980e-02
    4.90906954e-01 6.01673067e-01 5.82516551e-01 1.24313509e+00
    2.60394216e-02 1.11640763e+00 5.12146890e-01 1.46962428e+00
    9.50453281e-01 -3.07945698e-01 -2.50068635e-01 2.60518968e-01
    -3.80069852e-01 -3.86482477e-02 3.96826208e-01 1.35890841e-02
    1.10720706e+00 8.47472250e-01 1.45771575e+00 1.04767370e+00
    -1.32492900e-01 1.73592925e-01 1.34713268e+00 1.45474243e+00
    -5.17367721e-02 1.30164015e+00 6.90730989e-01 9.77845907e-01
    1.23545182e+00 6.23344839e-01 1.44785643e-03 1.46957076e+00
    -2.72077680e-01 -2.37545252e-01 6.33658051e-01 1.94545925e-01
    8.67129743e-01 1.35642588e-01 1.30989051e+00 3.05096149e-01
    -5.25797307e-02 -1.92244649e-02 -4.08304989e-01 4.47509348e-01
    4.76368010e-01 5.41489124e-01 5.66086650e-01 -4.59161341e-01
    1.03700304e+00 3.65708113e-01 1.54628253e+00 1.30527866e+00
    -1.75213099e-01 -3.48324955e-01 1.53608894e+00 1.47301483e+00
    1.04253614e+00 1.00743723e+00 3.41389120e-01 1.18205380e+00
    3.64336848e-01 1.17421389e-01 1.26768494e+00 5.20846248e-01
    1.49718308e+00 -6.13266230e-03 1.02168238e+00 -2.00913072e-01
    4.91985559e-01 5.18121719e-01 2.00024068e-01 1.03172946e+00
    1.00137234e-01 5.61501801e-01 4.51561451e-01 5.38949907e-01
    6.57351792e-01 1.44270492e+00 1.15893018e+00 3.78288269e-01
    1.49386787e+00 6.74086452e-01 4.75113630e-01 1.51310349e+00
    8.44203651e-01 1.37088406e+00 1.28860378e+00 1.45547247e+00
    1.10118258e+00 -2.14274526e-02 7.73010969e-01 1.39997244e+00
    -1.00529104e-01 1.24329519e+00 -4.65148151e-01 1.41355848e+00
    1.13320684e+00 1.05432892e+00 1.49766946e+00 4.25873458e-01
    -3.62791777e-01 6.97023451e-01 4.69990194e-01 1.24285650e+00
    7.35805869e-01 4.57620680e-01 -1.79470837e-01 4.36982512e-02
    1.22353208e+00 8.41032386e-01 8.18047881e-01 8.87200356e-01
    3.01450908e-01 2.55253375e-01 1.25425184e+00 -2.74576575e-01
    -2.51543373e-01 9.20116961e-01 2.41149664e-02 9.79125202e-01
    1.25367355e+00 1.92368031e-02 1.30580759e+00 -4.01697397e-01
    1.35243547e+00 -3.45778108e-01 1.08996248e+00 9.47559476e-01
    8.44638586e-01 -2.98038244e-01 1.21814966e+00 1.31919384e-02
    4.00212109e-01 7.76416957e-01 8.12325239e-01 -8.86824429e-02
    1.51663446e+00 -3.07657242e-01 1.08129096e+00 8.58584523e-01
    -5.53587377e-01 1.15754783e-01 3.78096104e-03 5.67065775e-01
    4.98088121e-01 -2.62746036e-01 1.54183328e-01 3.53296101e-01
    7.70925939e-01 -2.61718631e-02 6.59219265e-01 -4.01083916e-01
    1.15044117e+00 -3.46628964e-01 2.79440224e-01 1.41662335e+00
    6.63587153e-01 1.39436483e+00 2.69203126e-01 2.39868104e-01
    -2.50112861e-01 1.46762419e+00 1.14498448e+00 1.40004170e+00
    5.01879871e-01 -3.87353420e-01 1.22702360e+00 2.01264679e-01
    1.03521740e+00 -2.13605076e-01 -4.06741858e-01 3.82686555e-01
    1.41182327e+00 -8.48753750e-02 -1.87903643e-01 -3.56281370e-01
    -4.48641181e-01 7.55136967e-01 1.01440239e+00 -4.39506769e-01
    1.27148199e+00 6.45704031e-01 1.92460418e-02 5.57131350e-01
    1.39344704e+00 -3.38268340e-01 -4.55457866e-01 1.44341397e+00
    6.13846540e-01 -3.85071099e-01 1.54922962e+00 8.11359107e-01
    3.51134121e-01 -1.06709599e-01 1.40465486e+00 7.68812239e-01
    1.30411196e+00 3.82748842e-02 -5.35123169e-01 1.16560650e+00
    -3.28584731e-01 1.00199246e+00 -4.47671413e-01 -1.03847951e-01
    -1.05493158e-01 1.20301068e+00 3.51967812e-01 1.37585139e+00
    -2.23882854e-01 8.16331029e-01 5.59439301e-01 5.84683776e-01
    2.84314513e-01 1.38100803e+00 6.23089969e-01 7.86936104e-01
    1.19461787e+00 1.16710186e+00 -1.91878140e-01 8.63865435e-01
    7.16714382e-01 1.20976114e+00 8.90973985e-01 9.92064893e-01
    8.28923106e-01 1.18803859e-01 6.01674914e-01 1.00091338e+00
    1.16091323e+00 1.78718209e-01 1.10990095e+00 -4.98063803e-01
    1.13050628e+00 9.24340069e-01 1.17525697e+00 9.97591019e-03
    8.18824530e-01 1.50875640e+00 -5.26021123e-01 1.11214757e+00
    1.27234077e+00 1.28375769e+00 -1.85274124e-01 1.26713240e+00
    -4.06134844e-01 1.12885141e+00 9.15833950e-01 2.07545400e-01
    1.16766953e+00 2.77975380e-01 7.28791893e-01 1.17251015e+00
    1.45115173e+00 1.46537328e+00 1.36372399e+00 1.46392143e+00
    1.43963790e+00 3.52419972e-01 4.42190766e-01 1.30081522e+00
    9.39895630e-01 1.50793362e+00 1.25100350e+00 1.53933394e+00
    2.55720019e-01 1.65735841e-01 1.31231689e+00 4.69567955e-01
    -7.05740452e-02 2.28249431e-01 -4.24305439e-01 -1.48250192e-01
    4.08378780e-01 6.04611695e-01 -2.79839873e-01 -4.15372759e-01
    3.59301209e-01 4.37362969e-01 7.83209205e-02 1.47650433e+00
    -2.33726501e-02 4.75273132e-02 6.62488163e-01 -9.92149711e-02
    -3.28718156e-01 7.96083152e-01 4.31076646e-01 -9.54561830e-02
    2.40395606e-01 6.97123706e-01 -1.91641480e-01 1.09843922e+00
    1.30678201e+00 7.53952980e-01 -3.32794994e-01 1.20486331e+00
    1.49261785e+00 8.18832517e-01 5.34866631e-01 7.89316237e-01
    -3.47589105e-01 -3.83859783e-01 -7.55519867e-02 9.42848861e-01
    8.43679190e-01 1.46863270e+00 1.49045253e+00 1.35253704e+00
    1.14821553e+00 8.97625446e-01 -4.15537000e-01 9.82842028e-01
    -5.34466565e-01 7.79459298e-01 -4.47572231e-01 1.16562843e+00
    2.84763515e-01 5.95723093e-01 -1.31153017e-01 5.74657738e-01
    1.19256508e+00 1.94786906e-01 1.03803551e+00 1.15757823e+00
    1.49166882e+00 8.92390907e-01 4.67067182e-01 1.94438577e-01
    4.09666240e-01 -3.61396343e-01 3.99516165e-01 4.86770272e-02
    -2.79614627e-02 7.86927938e-02 4.22648191e-02 1.32147789e-01
    1.10850024e+00 -4.58611101e-01 9.15782034e-01 -5.09321630e-01
    1.76811695e-01 -1.41610950e-01 1.50966895e+00 -3.66476595e-01
    1.51066482e+00 5.35272777e-01 5.93516231e-02 1.31870449e-01
    4.63932157e-01 1.07841396e+00 1.44447207e+00 1.02928042e-01
    9.84763026e-01 3.31883073e-01 -5.41238308e-01 -3.24975848e-01
    1.08936846e-01 1.12837672e-01 8.41593027e-01 -3.20146978e-01
    1.05780363e+00 -2.96685189e-01 1.11995327e+00 6.57244205e-01
    -4.30965900e-01 1.12116146e+00 6.54762030e-01 -2.79301316e-01
    -4.41745192e-01 -8.73098075e-02 7.56947339e-01 1.24093771e+00
    8.04416239e-01 1.18910027e+00 1.19597769e+00 1.29492700e-01
    -2.10288763e-02 5.20904541e-01 9.44293737e-02 1.41344810e+00
    -1.78502351e-01 8.51026595e-01 8.82317364e-01 1.47599816e+00
    1.15256131e-01 -4.67147499e-01 -3.09570491e-01 1.35167491e+00
    1.47000074e+00 1.19170153e+00 1.16098070e+00 3.05750012e-01
    7.28253305e-01 -4.22845066e-01 1.38844156e+00 -2.14780927e-01
    1.36814213e+00 1.05076814e+00 -1.07411236e-01 1.23630834e+00
    7.87128031e-01 1.17159605e-01 -2.35220015e-01 -3.88345122e-02
    1.04868114e-01 1.20132375e+00 1.95468009e-01 1.48586011e+00
    -1.76261693e-01 -4.12553370e-01 -1.15546972e-01 4.58925009e-01
    2.15589345e-01 -5.54031670e-01 -2.62044847e-01 1.01065826e+00
    -1.23994440e-01 5.81160784e-01 2.99337864e-01 1.41690791e+00
    1.22657847e+00 -2.49287814e-01 -2.70742536e-01 8.75950933e-01
    1.22109771e-01 1.02992594e+00 -4.53480005e-01 1.01180243e+00
    1.32886899e+00 -2.41057366e-01 2.58237600e-01 1.48409009e+00
    -5.30398965e-01 7.60509312e-01 -2.88098097e-01 1.52980518e+00
    8.86218250e-01 -4.95399177e-01 2.90148675e-01 4.90302205e-01
    -5.13314128e-01 7.49235272e-01 8.22583497e-01 7.36403048e-01
    2.27051139e-01 -2.64391422e-01 1.35112834e+00 6.50253475e-01
    3.48987579e-02 -1.15872443e-01 2.64306545e-01 5.04682422e-01
    6.17841363e-01 1.12069416e+00 8.91781211e-01 9.49072838e-02
    1.35132313e+00 5.51258862e-01 1.10794127e-01 -3.16057295e-01
    1.14990497e+00 8.15765023e-01 1.42160106e+00 1.60478652e-01
    1.18138623e+00 1.01083732e+00 8.99944007e-01 3.41759682e-01
    2.86939204e-01 1.43992710e+00 1.50995731e-01 -2.42283285e-01
    5.58587015e-01 -3.70444894e-01 1.76254928e-01 1.06727397e+00
    5.87688386e-01 6.74174786e-01 -1.14919960e-01 6.54399395e-03
    6.91921115e-01 2.23354697e-01 -4.62223411e-01 -1.96052581e-01
    5.02408922e-01 1.39938259e+00 1.53185892e+00 1.45262992e+00
    8.35020065e-01 -2.01661468e-01 1.02195835e+00 4.21195626e-01
    5.70309937e-01 2.70915091e-01 1.40016222e+00 1.22684455e+00
    9.30622101e-01 -3.05171013e-01 1.36641848e+00 1.12742138e+00
    -1.69767708e-01 -4.11602736e-01 8.11994672e-02 1.36845613e+00
    -1.84940994e-01 6.95702136e-01 -4.74078447e-01 -6.37288392e-02
    1.91757977e-01 3.11131179e-01 1.16408539e+00 1.42257035e-01
    2.30305552e-01 1.33103228e+00 1.31340218e+00 4.99830425e-01
    -2.36437440e-01 1.37767041e+00 8.22677553e-01 2.43537664e-01
    5.74142992e-01 -4.13273573e-01 1.28478360e+00 1.51383448e+00
    -2.53924727e-02 9.54190493e-01 1.32349086e+00 -3.58453989e-02
    1.04529369e+00 2.82073796e-01 8.10143590e-01 4.52930510e-01
    -8.05674493e-02 1.03509855e+00 1.10444188e+00 1.45834780e+00
    -4.75105286e-01 5.38483441e-01 6.14712358e-01 1.52471769e+00
    9.10708010e-01 7.40383565e-01 3.36044669e-01 1.26809490e+00
    2.17910647e-01 -3.88116896e-01 6.33465827e-01 8.31291795e-01
    3.23915899e-01 -2.61477649e-01 1.16873503e-01 3.25429618e-01
    1.08789754e+00 1.92582607e-04 -5.52205205e-01 1.42627048e+00
    -4.33530420e-01 6.37666583e-02 -2.24954814e-01 1.44817472e+00
    1.21591234e+00 2.49209642e-01 8.55119228e-02 9.16973531e-01
    4.57833588e-01 -4.26536471e-01 3.43859196e-04 4.76372957e-01
    5.66884339e-01 -5.15805840e-01 6.21722341e-01 6.54564559e-01
    9.82819974e-01 1.15236926e+00 2.16751516e-01 9.43160653e-02
    -1.33409500e-01 1.45559490e-01 -1.85878277e-02 1.22601461e+00
    1.23999441e+00 1.07401299e+00 1.91306174e-01 -4.73488271e-02
    7.65042067e-01 4.25349176e-01 1.35092497e+00 3.41106296e-01
    1.51678360e+00 1.36641085e-01 9.51756179e-01 3.51629794e-01
    3.64624739e-01 1.01154160e+00 2.05894828e-01 2.69755542e-01
    8.21789443e-01 1.14216387e-01 2.20198631e-01 1.43567729e+00
    -5.15783429e-01 2.65504718e-02 8.92035007e-01 -3.26168299e-01
    -2.94910699e-01 -5.14571190e-01 1.34585440e-01 5.91277480e-01
    9.95006740e-01 -4.34663653e-01 1.86500669e-01 -3.41980278e-01
    7.43222296e-01 7.29263365e-01 1.23307288e-01 1.51953173e+00
    3.80343020e-01 1.05264282e+00 -2.69415498e-01 1.42164230e+00
    1.18929684e-01 1.72631919e-01 7.63311386e-01 1.26416206e+00
    -3.41605008e-01 1.11733246e+00 1.48223877e+00 1.60282493e-01
    4.85830069e-01 2.63067245e-01 8.46643388e-01 1.00730073e+00
    -2.68375605e-01 1.42453897e+00 4.80194569e-01 5.15202820e-01
    2.81108499e-01 4.02883351e-01 1.12148035e+00 1.33472681e+00
    1.17763424e+00 9.99951363e-02 7.20641255e-01 -2.56236732e-01
    1.47743762e+00 1.28910255e+00 7.28681505e-01 1.51724505e+00
    -6.64341450e-02 7.78401375e-01 1.40699148e+00 3.40803266e-02
    2.24514127e-01 -2.76392609e-01 -5.46623826e-01 7.39725888e-01
    2.09635139e-01 -2.87988812e-01 -2.39897072e-01 1.20623875e+00
    9.61855888e-01 2.18249261e-01 1.28549755e-01 1.18568039e+00
    8.55672419e-01 -2.71630913e-01 1.12078261e+00 6.14251733e-01
    1.75784886e-01 9.07736599e-01 6.70154095e-01 2.88773656e-01
    -2.21161693e-01 1.01967406e+00 -7.45771825e-02 -3.99146825e-01
    -1.12410992e-01 6.45794034e-01 4.72245693e-01 1.91587210e-03
    -1.52143955e-01 8.56813788e-01 -5.40029109e-01 -1.17129892e-01
    1.08324766e-01 1.47172332e+00 7.32518196e-01 2.51535773e-01
    -5.38293898e-01 1.20004785e+00 6.85780048e-02 3.93261194e-01
    -3.09417248e-02 1.31555247e+00 1.36912942e+00 7.15449393e-01
    7.10952342e-01 1.20502889e-01 1.14912832e+00 -4.22302365e-01
    7.79845238e-01 1.50706649e+00 6.16458416e-01 -3.02835286e-01
    1.12411094e+00 8.24104548e-02 2.41508722e-01 1.48798323e+00
    7.40914643e-01 -1.53528005e-01 1.73546672e-02 7.89916933e-01
    -5.37090242e-01 1.21303248e+00 1.38558722e+00 1.13959765e+00
    1.65524960e-01 -4.62871671e-01 4.89138603e-01 -3.77721727e-01
    -4.00042057e-01 8.31928015e-01 1.49702358e+00 4.07631338e-01
    -4.10167277e-01 -1.57050192e-01 -9.04273987e-03 -7.51174390e-02
    -4.07652259e-02 -3.65133047e-01 8.20613682e-01 -2.36919791e-01
    1.42001176e+00 1.51391935e+00 1.14236569e+00 6.09840095e-01
    1.47152781e+00 1.10172760e+00 1.36146247e+00 -4.22250092e-01
    -5.44540524e-01 3.15323472e-01 -4.56637263e-01 6.47599518e-01
    4.63331521e-01 1.07854462e+00 -2.02611208e-01 -1.57907516e-01
    1.47543705e+00 2.60643601e-01 -3.98268700e-01 1.18316853e+00
    5.86040497e-01 1.47349501e+00 -2.50955552e-01 1.13831258e+00
    1.09535921e+00 -5.54389715e-01 -5.72333276e-01 4.00458276e-01
    1.38607121e+00 8.76847684e-01 5.32581508e-01 5.79631329e-02
    -1.52087241e-01 5.55900276e-01 -2.31324077e-01 1.54197025e+00
    9.47945237e-01 1.31134343e+00 -3.78953636e-01 -2.75552839e-01
    1.17629290e+00 -1.79903060e-01 2.82690287e-01 7.03946531e-01
    -2.88430691e-01 -2.72572428e-01 4.31996942e-01 -2.50733018e-01
    5.14448285e-02 1.10997677e-01 6.37219012e-01 -1.05327100e-01
    -3.57296228e-01 -1.67813122e-01 -2.17911661e-01 1.21293211e+00
    -7.41181672e-02 6.01845264e-01 5.06484687e-01 3.39846194e-01
    -3.72612298e-01 1.20437169e+00 1.22731054e+00 1.55869043e+00
    -4.87958580e-01 7.34620631e-01 -3.81491542e-01 9.19073820e-03
    -4.43736881e-01 -5.45299947e-01 -2.56056935e-01 7.21844614e-01
    1.05016601e+00 3.40144873e-01 6.87548220e-01 1.23279929e+00
    6.45569503e-01 8.55360627e-01 9.32737648e-01 1.43370032e+00
    -2.89909184e-01 1.23121130e+00 1.33645272e+00 6.71300530e-01
    1.36028159e+00 5.66549718e-01 -4.14008737e-01 8.89095545e-01
    1.03592741e+00 -4.47016120e-01 -1.88150048e-01 4.91622925e-01
    4.69741762e-01 1.07189393e+00 2.94054627e-01 9.88848746e-01
    6.36907935e-01 2.74578810e-01 2.31918275e-01 1.14733613e+00
    -4.82005298e-01 4.14960563e-01 -4.75438476e-01 -5.06410062e-01
    -4.20382470e-01 9.72697377e-01 4.28018689e-01 1.28488445e+00
    1.58009219e+00 -3.82520318e-01 9.06892538e-01 2.48201132e-01
    1.36980629e+00 1.21048427e+00 -4.59656090e-01 1.61119819e-01
    3.46079528e-01 -1.96556658e-01 6.37126565e-02 3.62931728e-01
    9.23422277e-01 2.42793143e-01 5.34979701e-01 1.24634457e+00
    2.55278349e-01 1.39040589e+00 1.43028378e+00 -5.01610816e-01
    -9.50164199e-02 6.48155510e-01 2.70456791e-01 1.76039100e-01
    -5.14411569e-01 1.28251863e+00 -4.09531295e-01 7.59534419e-01
    1.25657201e+00 2.58464813e-01 -1.98157966e-01 6.99320436e-02
    -7.60729313e-02 -1.62391186e-01 -3.70862454e-01 6.54925764e-01
    -3.76717150e-01 8.10923100e-01 8.34789515e-01 6.83995008e-01
    7.09313512e-01 4.65128839e-01 2.00649619e-01 -4.98635739e-01
    8.71114969e-01 1.43168080e+00 -3.23092639e-01 5.35090625e-01
    -1.19088292e-01 -1.10057831e-01 1.17675829e+00 2.06574082e-01
    1.04579806e-01 -5.68309724e-02 1.22837222e+00 6.83421969e-01
    5.09616315e-01 -1.64373964e-01 1.06897712e-01 2.78257847e-01
    7.30558693e-01 -2.63319224e-01 8.87200832e-02 2.21466064e-01
    1.48131919e+00 -2.50036478e-01 5.97203135e-01 1.39922965e+00
    -7.16755390e-02 1.30957961e+00 9.21504498e-01 2.64980435e-01
    -5.52697062e-01 -1.33369088e-01 3.32170904e-01 2.32775629e-01
    9.61788118e-01 -5.00095427e-01 1.50906277e+00 9.05605197e-01
    5.48377573e-01 1.51565814e+00 -5.29433787e-02 1.48269939e+00
    5.87963998e-01 8.92665386e-02 9.77145970e-01 2.19197214e-01
    3.44112575e-01 6.61521554e-02 1.36431909e+00 1.39259458e-01
    -2.27186471e-01 7.61028647e-01 -3.63937438e-01 -2.39207953e-01
    1.14991021e+00 7.04412878e-01 1.13487375e+00 5.73846996e-01
    1.35115647e+00 2.58971632e-01 6.23348176e-01 4.53663588e-01
    4.54081953e-01 1.76812649e-01 1.07770467e+00 1.32908487e+00
    3.22559297e-01 1.52919602e+00 1.19202948e+00 9.69837070e-01
    1.74845815e-01 9.05041754e-01 1.09635663e+00 9.41453993e-01
    1.15200758e+00 -2.11016208e-01 2.28300095e-01 1.47208214e+00
    1.37303972e+00 5.15435457e-01 1.23520744e+00 1.47638798e-01
    8.38904440e-01 -8.97515714e-02 -3.58149707e-01 7.67622471e-01
    6.89222932e-01 1.06211078e+00 1.41930580e+00 -4.77787763e-01
    -3.95171463e-01 5.64499736e-01 9.71020341e-01 1.82056785e-01
    -2.47088104e-01 -4.40066338e-01 2.06540704e-01 4.61127162e-02
    1.15808392e+00 -4.54591691e-01 -9.87780094e-03 5.45942724e-01
    -6.79217875e-02 -5.54161549e-01 7.33939409e-01 2.64623106e-01
    -4.46652293e-01 1.52773821e+00 1.03908539e+00 -3.21594030e-01
    1.30417442e+00 1.21014237e+00 1.48258758e+00 -1.74693793e-01
    8.77007842e-02 6.93877995e-01 8.04468274e-01 -1.29886389e-01
    4.59060669e-01 2.69990563e-01 1.24037147e+00 3.59510601e-01
    6.40127957e-01 1.60635650e-01 7.11629987e-01 -1.44633442e-01
    5.66056728e-01 2.49508142e-01 -2.56601214e-01 -5.63010395e-01
    -1.67123556e-01 1.16325223e+00 3.64038408e-01 2.67947078e-01
    -2.71891445e-01 3.35579276e-01 1.28394938e+00 -4.70095038e-01
    1.76875591e-02 5.98555982e-01 1.24454188e+00 4.09043431e-01
    7.47021079e-01 -1.45535707e-01 -4.46558595e-01 1.24694312e+00
    7.71671712e-01 1.53587866e+00 2.93738782e-01 -5.37522614e-01
    -2.60511637e-02 1.55489254e+00 -2.06293613e-01 3.54370296e-01
    1.44338250e+00 -2.63095647e-01 1.28188312e+00 8.26276422e-01
    7.42072701e-01 8.97430599e-01 1.08447814e+00 8.80020320e-01
    6.69409513e-01 7.54979253e-01 1.43867064e+00 1.39969778e+00
    2.78527915e-01 1.26239312e+00 1.09012151e+00 -1.72026753e-02
    7.86807418e-01 4.90143776e-01 1.00750566e+00 7.19313979e-01
    1.33727479e+00 -9.26044583e-02 -5.05077600e-01 7.15640366e-01
    3.51763129e-01 -1.62886798e-01 1.60781145e-01 -2.91527987e-01
    4.83451724e-01 8.38844657e-01 4.13349748e-01 -4.48763490e-01
    7.01078117e-01 3.30000639e-01 1.46358013e-02 1.36391878e+00
    -7.94354975e-02 1.38776207e+00 1.36439753e+00 3.55028391e-01
    9.24018323e-01 5.28896689e-01 3.62673104e-01 8.50890279e-02
    -2.89624333e-01 -3.10878515e-01 1.15595531e+00 -4.63872731e-01
    1.38900375e+00 -3.12624276e-01 2.68971920e-02 1.27016330e+00
    -1.37232751e-01 1.00966740e+00 1.54250169e+00 -1.78958684e-01
    -5.19309640e-02 6.30271256e-01 -8.86601806e-02 1.29919553e+00
    4.13128138e-01 -1.66091621e-01 6.79688096e-01 -5.15935242e-01
    6.53367281e-01 -1.95023805e-01 -3.49943429e-01 -2.75250435e-01
    6.56341910e-01 1.21043682e+00 1.52779722e+00 5.72847366e-01
    -3.08649272e-01 2.90393233e-02 3.93761933e-01 3.25632334e-01
    1.13106275e+00 -3.82595658e-01 1.36955523e+00 -5.13914227e-01
    -5.16784370e-01 1.25565660e+00 1.03593922e+00 1.35252821e+00
    5.48688233e-01 -4.38384652e-01 3.03883255e-01 1.33872843e+00
    -5.18368185e-01 -3.58666152e-01 2.59741604e-01 3.75959575e-01
    1.41455221e+00 1.39705038e+00 8.84089887e-01 1.34756589e+00
    3.38067114e-01 -1.71517730e-01 1.07920241e+00 8.55626881e-01
    1.41585660e+00 3.07071447e-01 2.76124060e-01 6.48514211e-01
    -3.03524852e-01 2.14947164e-01 6.20346189e-01 3.19773078e-01
    1.87424481e-01 1.38669133e+00 4.68080878e-01 8.33923757e-01
    -1.07823431e-01 5.27072310e-01 1.37480426e+00 6.21390700e-01
    1.48941672e+00 9.99029875e-02 1.83408260e-01 -4.44271743e-01
    7.60633111e-01 9.87391293e-01 1.21637583e+00 -5.28088808e-02
    7.35588551e-01 8.73730183e-02 4.33399796e-01 6.30196929e-02
    1.06458378e+00 1.78558767e-01 5.42838275e-01 -3.45904589e-01
    3.51657808e-01 8.49120557e-01 9.89156604e-01 -3.46847653e-01
    1.47523117e+00 -1.29247993e-01 2.95321107e-01 3.48554134e-01
    5.32126248e-01 9.45166588e-01 -1.52694076e-01 7.16939390e-01
    1.43714547e+00 1.33359361e+00 8.36181521e-01 1.34872150e+00
    1.06996775e+00 3.87649298e-01 -3.72251034e-01 -1.64342195e-01
    -4.02083606e-01 7.62433171e-01 5.00742316e-01 1.03831124e+00
    1.31745958e+00 1.42940092e+00 6.79540634e-03 7.05241084e-01
    2.04236925e-01 1.48659205e+00 -8.43118131e-02 1.35234261e+00
    -4.75725055e-01 -5.03149271e-01 5.59579372e-01 5.46498895e-01
    1.49515390e+00 6.91799343e-01 1.03820145e+00 -2.08322287e-01
    3.21889520e-01 -4.44260001e-01 -4.51713800e-03 3.77672791e-01
    -2.23790348e-01 1.45058799e+00 9.93606269e-01 7.79427230e-01
    -6.12598360e-02 6.92260325e-01 1.21880841e+00 4.55102861e-01
    -3.41230571e-01 7.40132332e-01 9.79279757e-01 4.97954190e-01
    -2.87335187e-01 1.37233758e+00 1.32255435e+00 1.42626214e+00
    6.80160046e-01 1.87591493e-01 -4.23081517e-02 6.38083994e-01
    2.42765129e-01 6.46926522e-01 7.14324534e-01 5.24640083e-01
    -4.92376536e-01 2.85280704e-01 1.53371477e+00 5.68498194e-01
    1.13677013e+00 -4.36229646e-01 8.21712732e-01 1.41009033e+00
    -5.43015659e-01 1.01649463e+00 6.03652835e-01 1.54535604e+00
    8.57681751e-01 9.65389371e-01 2.11712301e-01 -2.25003958e-01
    7.79121757e-01 -1.37057304e-02 5.86712897e-01 1.14109933e+00
    5.27220786e-01 9.12785292e-01 6.52919114e-01 -2.49258846e-01
    1.20452082e+00 -1.82160586e-01 1.25534320e+00 -4.84712124e-01
    1.36180484e+00 -3.48151088e-01 1.06574583e+00 9.48439717e-01
    7.01186657e-01 2.32978463e-01 -1.61577612e-01 1.17133081e+00
    1.23423851e+00 1.08725905e+00 7.45113909e-01 -7.80094564e-02
    1.05453908e+00 1.47498465e+00 9.36560333e-01 9.75871801e-01
    3.66488218e-01 2.55248547e-01 9.71964896e-01 -2.00638592e-01
    5.84349394e-01 1.50161457e+00 1.87743545e-01 1.08743978e+00
    3.09141099e-01 -3.47427011e-01 -3.46589506e-01 -4.58448946e-01
    -9.36515629e-02 -1.36150777e-01 5.43261170e-02 -5.10356605e-01
    -8.73776376e-02 -3.39941114e-01 -8.27983320e-02 9.24231946e-01
    -3.23719978e-02 8.77736330e-01 -5.13500094e-01 -1.59104973e-01
    5.64157963e-01 3.82115781e-01 -4.64976192e-01 7.66214073e-01
    -4.91547316e-01 7.69597888e-01 7.53530383e-01 1.39277685e+00
    1.20238304e+00 1.08228803e-01 8.79275382e-01 2.73397982e-01
    7.06558466e-01 -1.80646688e-01 -4.96513098e-01 6.81728840e-01
    4.55170035e-01 9.21733499e-01 -1.54569566e-01 1.15566921e+00
    6.46524191e-01 1.16957879e+00 3.79562914e-01 4.43459094e-01
    -7.29919970e-02 -2.16999680e-01 1.53947389e+00 1.76590979e-01
    5.32315195e-01 6.06465340e-02 -5.04816175e-02 2.27659643e-01
    7.17030168e-02 -5.17244577e-01 -1.88362509e-01 -4.03335869e-01
    5.27453423e-02 2.98786819e-01 1.08507609e+00 3.23658109e-01
    -8.22123587e-02 -4.14223343e-01 6.16649866e-01 -3.71859401e-01
    1.84566498e-01 -1.43039078e-01 -5.12996852e-01 8.27687919e-01
    1.21150637e+00 -4.39052403e-01 -1.75420642e-01 3.47569466e-01
    8.86049867e-02 -4.70699698e-01 -1.84625745e-01 8.25555325e-02
    2.22980857e-01 -5.49019575e-02 4.09449577e-01 3.35516810e-01
    -2.74354935e-01 1.18724656e+00 -1.92088187e-01 -1.16310656e-01
    3.27899635e-01 1.21676946e+00 7.87800312e-01 1.38590229e+00
    1.40846944e+00 -1.95787281e-01 1.02820969e+00 -2.06029385e-01
    4.84880388e-01 1.46417344e+00 1.06124520e+00 -4.21228647e-01
    1.04235947e+00 8.97662818e-01 8.04569185e-01 -4.91401762e-01
    1.31403792e+00 3.04154098e-01 2.21825063e-01 -4.79767650e-01
    1.55173481e+00 -4.05939251e-01 4.85860884e-01 -4.23694849e-02
    1.56804729e+00 1.50191283e+00 1.37964106e+00 9.31775630e-01
    4.61609542e-01 5.55230021e-01 1.63567603e-01 3.82748187e-01
    -9.50442255e-02 7.14083612e-01 9.85602856e-01 7.02620506e-01
    6.15499973e-01 -5.33078790e-01 1.26207447e+00 1.20984316e+00
    -5.35039306e-02 1.48686290e-01 1.34636402e+00 7.42605627e-01
    8.72096896e-01 1.12244141e+00 1.24187493e+00 -4.92285490e-02
    1.52565956e+00 -1.61699057e-02 1.41338539e+00 7.94889748e-01
    1.54130399e-01 1.30351233e+00 1.64723992e-01 5.06248355e-01
    -2.09569931e-03 3.64482999e-01 8.61987829e-01 2.43538201e-01
    -2.15027213e-01 6.07848227e-01 -1.42522007e-01 7.59618878e-02
    5.63703358e-01 -2.73045272e-01 -1.91826463e-01 4.52859640e-01
    1.40977478e+00 -8.22808444e-02 1.22090816e+00 -7.46726692e-02
    1.25910401e+00 3.72314036e-01 1.28470242e-01 -2.32692122e-01
    1.53991437e+00 5.80308557e-01 6.53238773e-01 1.72126114e-01
    1.95951521e-01 1.41762304e+00 -5.32804430e-02 6.36609912e-01
    7.93661296e-01 1.90825462e-01 -2.09891587e-01 4.78182912e-01
    1.18722081e+00 7.24867702e-01 3.46189559e-01 1.03710771e-01
    -4.66372252e-01 1.65907562e-01 3.66311073e-02 8.29995275e-02
    7.93899894e-01 2.59036362e-01 7.49884605e-01 5.71731150e-01
    -2.49032766e-01 -5.28379440e-01 1.44228697e+00 1.31010723e+00
    -1.50523067e-01 1.04244745e+00 7.06602812e-01 1.52495980e-01
    1.40633965e+00 -1.88994795e-01 9.78327811e-01 -3.93088818e-01
    7.79074669e-01 6.51919246e-02 6.33235991e-01 8.53533983e-01
    1.23415053e-01 7.90310621e-01 4.76484179e-01 1.12641025e+00
    -1.19512737e-01 4.55634713e-01 8.25591028e-01 7.76897430e-01
    1.55790234e+00 -2.39268810e-01 3.85965526e-01 1.39800167e+00
    -3.12987328e-01 1.32541215e+00 -2.01772392e-01 1.14038372e+00
    -4.97750372e-01 1.07924843e+00 -3.52403522e-02 -2.92075276e-02
    -2.17090428e-01 1.10828996e-01 4.74965632e-01 1.51505947e+00
    1.46764636e+00 -1.87876850e-01 -5.35151243e-01 -3.18348378e-01
    2.59228408e-01 1.14565063e+00 1.47672200e+00 1.31286812e+00
    1.44290447e+00 -2.69614458e-02 5.33391654e-01 1.42430532e+00
    -3.06918234e-01 7.90959895e-01 2.06924081e-01 -5.01274109e-01
    4.42778051e-01 -1.77425742e-02 1.35822248e+00 1.05745816e+00
    9.96294796e-01 -5.08909881e-01 5.66321492e-01 -5.47946334e-01
    -5.11751771e-02 2.66398311e-01 8.12211096e-01 -5.60804486e-01
    3.70269179e-01 1.26084733e+00 4.76235449e-01 8.18052411e-01
    1.43697226e+00 -5.14503717e-01 7.08769619e-01 5.55423975e-01
    -2.54037380e-02 -4.29269642e-01 8.94053161e-01 1.34085345e+00
    1.41996503e+00 9.00502324e-01 3.35204482e-01 1.20608449e+00
    2.77303934e-01 6.67594194e-01 5.91622412e-01 5.47759235e-01
    -1.72564387e-02 1.55073822e-01 1.29037285e+00 -3.50262344e-01
    1.12746119e+00 2.03837991e-01 9.04100955e-01 4.50969994e-01
    3.46361458e-01 3.66118133e-01 8.51822853e-01 -3.09925377e-01
    2.49120593e-02 2.21513748e-01 8.98944974e-01 -5.25982678e-01
    -4.56815451e-01 4.25273895e-01 3.05544138e-02 1.00549650e+00
    -7.06296563e-02 -1.97566897e-01 1.38487780e+00 -3.12243998e-01
    -1.51169300e-02 1.25702572e+00 -2.85146058e-01 6.18681252e-01
    1.29861116e-01 -2.19498068e-01 -4.83321995e-01 7.95872986e-01
    -4.11802351e-01 6.98615253e-01 6.47416353e-01 -3.82047653e-01
    -3.07355285e-01 4.21238363e-01 1.30691051e-01 -3.62227201e-01
    4.05952513e-01 -2.48879462e-01 5.19467890e-01 1.37922585e+00
    1.87405884e-01 -2.21171677e-01 1.04350865e+00 1.90654337e-01
    -5.19411266e-01 7.23134458e-01 2.55988121e-01 6.81930542e-01
    1.06878066e+00 1.06771147e+00 3.99600208e-01 7.91152596e-01
    -4.96426046e-01 1.14317441e+00 -5.10937750e-01 5.13765454e-01
    5.28584719e-02 -3.15851986e-01 -3.66698503e-01 1.49683344e+00
    6.44082606e-01 8.20531189e-01 5.87543070e-01 -3.60804886e-01
    1.02731335e+00 1.65995300e-01 -2.96560228e-02 3.51540923e-01
    1.11881852e+00 6.98009372e-01 2.08129406e-01 9.62788701e-01
    -3.98716033e-01 3.81045580e-01 8.47339630e-03 -2.17191875e-01
    -1.58833057e-01 7.96039224e-01 -4.18044537e-01 -5.01344621e-01
    1.31838226e+00 5.56130171e-01 -4.14643884e-01 7.29660094e-01
    1.43096578e+00 3.67402852e-01 7.88734853e-01 1.23908186e+00
    3.44319165e-01 1.37269807e+00 5.91372669e-01 9.20385778e-01
    -5.13933122e-01 1.13138843e+00 1.06466246e+00 -2.80322462e-01
    6.33492947e-01 9.81968880e-01 -3.93372595e-01 8.43632638e-01
    3.15898478e-01 -2.17583805e-01 -3.00264090e-01 9.19163108e-01
    1.42860341e+00 -3.67181242e-01 2.89371431e-01 5.39034605e-03
    1.49436688e+00 -2.20232725e-01 1.62935734e-01 1.42788100e+00
    6.56871498e-01 -1.57246619e-01 1.12173462e+00 1.44158173e+00
    1.39636970e+00 5.27393222e-01 8.46956372e-02 7.97794163e-01
    1.52252972e-01 1.00627339e+00 1.26373267e+00 -4.46532488e-01
    1.37008834e+00 1.29228532e+00 1.47470808e+00 3.26732278e-01
    7.30979681e-01 6.45845771e-01 -6.42257929e-03 8.24764252e-01
    4.84490812e-01 3.70720744e-01 5.69883883e-01 8.06113243e-01
    6.44358456e-01 1.20054686e+00 2.78674364e-02 -1.52562380e-01
    -1.32334799e-01 2.93023825e-01 6.14608586e-01 -3.87201577e-01
    -2.95668244e-02 -5.24208128e-01 -1.26825780e-01 -3.79375696e-01
    -3.18441421e-01 2.78427899e-01 6.23134613e-01 1.57713830e-01
    -3.60011607e-01 1.37463200e+00 1.54696500e+00 -8.27338099e-02
    1.49921083e+00 -4.55969572e-02 1.11039877e+00 1.14884686e+00
    1.52363157e+00 6.10400021e-01 3.46907675e-01 4.98818338e-01
    8.74032378e-02 7.93911457e-01 -3.75228345e-01 1.22571731e+00
    4.90266621e-01 -8.75389874e-02 1.53688264e+00 3.41945767e-01
    -3.85947704e-01 -1.86180085e-01 4.36502397e-01 9.56971347e-01
    7.85937011e-01 1.52735496e+00 1.29095554e+00 5.30546188e-01
    3.10996175e-02 1.32907820e+00 1.34200394e-01 -3.93094003e-01
    -2.44168818e-01 -2.83216476e-01 -3.00378770e-01 1.00690961e+00
    3.32910538e-01 -1.92273587e-01 1.05609560e+00 5.78051627e-01
    -5.50580442e-01 9.46840584e-01 9.11238670e-01 1.46018302e+00
    1.43786788e+00 5.11118352e-01 1.32877564e+00 -1.56807750e-01
    7.38420963e-01 -5.43578565e-01 -3.69621158e-01 7.32403398e-01
    1.19653034e+00 3.41693163e-02 -4.18802857e-01 1.26972783e+00
    5.52842855e-01 1.10681033e+00 -3.49430263e-01 1.51036322e-01
    5.07669449e-02 6.36069953e-01 -4.26745594e-01 6.75375044e-01
    1.10744298e+00 5.93090892e-01 -2.35191703e-01 9.12531614e-01
    9.48461175e-01 1.38378358e+00 1.53968692e-01 1.01208031e+00
    1.34454191e-01 1.48119628e+00 7.32593179e-01 1.64385498e-01
    4.14233923e-01 1.35233068e+00 -4.86121178e-02 -5.25692105e-01
    2.14235723e-01 -4.18844163e-01 1.29649758e-01 3.15879762e-01
    2.33265162e-02 7.66864598e-01 -5.46428740e-01 1.22943854e+00
    -5.24931610e-01 3.36462259e-01 3.69433761e-02 1.48057306e+00
    9.37402070e-01 1.30019009e-01 -1.57033145e-01 9.11441147e-01
    4.89762723e-01 -4.70068067e-01 -9.78675783e-02 -5.01186609e-01
    -2.44243026e-01 1.37419724e+00 5.00610948e-01 1.56609416e-01
    1.46222401e+00 2.23781288e-01 -4.51752365e-01 1.53959227e+00
    5.03810406e-01 2.95293689e-01 7.01139152e-01 -3.79478425e-01
    -5.35271406e-01 3.97469401e-02 -1.70683026e-01 1.15153360e+00
    2.60024667e-01 -9.30035114e-03 1.10108650e+00 7.33638406e-01
    5.43650925e-01 8.68165016e-01 1.36843872e+00 -2.82094985e-01
    -1.79761231e-01 -1.93506122e-01 2.70556808e-02 1.16967154e+00
    -2.23984271e-01 -8.54202211e-02 -4.49993610e-01 4.80127513e-01
    6.23996794e-01 3.40731621e-01 5.10128558e-01 8.88488412e-01
    8.44866991e-01 1.06716585e+00 8.76677394e-01 9.33045685e-01
    7.49015033e-01 1.13179207e+00 6.85550869e-01 1.15790439e+00
    1.19027472e+00 1.25723183e+00 8.71660709e-02 9.91755843e-01
    1.72246516e-01 2.74090230e-01 1.18851686e+00 -2.63841003e-01
    2.32354403e-02 8.01674247e-01 1.40011799e+00 1.15375578e+00
    -3.93228650e-01 -1.06811881e-01 1.19786143e+00 2.39780903e-01
    -1.06528997e-02 2.54422367e-01 -4.05699372e-01 2.61301458e-01
    7.31698573e-01 9.24118161e-01 3.52893472e-01 -4.62980747e-01
    6.62938297e-01 2.67533422e-01 3.30571055e-01 -4.54671204e-01
    8.95161629e-01 -3.38642538e-01 1.46049595e+00 2.53079593e-01
    9.34546232e-01 2.83086598e-01 1.37308657e+00 -6.06954694e-02
    1.28258562e+00 1.21490586e+00 5.68932474e-01 -1.60731107e-01
    -2.84374893e-01 3.73436809e-01 1.16468966e+00 -1.38313562e-01
    -1.40697211e-01 -3.75060558e-01 7.45615900e-01 8.40629935e-01
    4.81522083e-02 2.93261826e-01 8.12975466e-01 1.47300005e+00
    1.37111926e+00 1.58105433e-01 4.92050529e-01 -1.42954826e-01
    -4.87664580e-01 -5.20680428e-01 -2.84932703e-01 -1.16516411e-01
    5.67355454e-01 -9.28086638e-02 1.20492530e+00 9.92930532e-02
    1.17572045e+00 6.96474791e-01 2.25374699e-01 -5.06620705e-01
    -1.04905933e-01 9.04430211e-01 4.67453539e-01 3.33972454e-01
    2.76571631e-01 -2.58997470e-01 6.89161301e-01 8.44160974e-01
    -7.60540962e-02 5.00781894e-01 8.06180179e-01 -4.30114388e-01
    -3.46809626e-02 1.49903738e+00 -3.00984144e-01 -1.21854186e-01
    6.43923461e-01 -4.49973077e-01 4.69240963e-01 1.15814757e+00
    1.50782824e+00 1.19739866e+00 1.54681075e+00 8.52935851e-01
    -7.32925832e-02 1.35595226e+00 -2.61026561e-01 1.39173412e+00
    -4.15845394e-01 -2.66299844e-02 -2.29070157e-01 2.39123881e-01
    1.38760424e+00 1.35451674e+00 6.57668710e-01 1.25750065e+00
    1.46566105e+00 -2.50190675e-01 -1.94689602e-01 1.11310911e+00
    -4.45115745e-01 1.54417276e+00 6.37726784e-02 6.30704284e-01
    5.31280637e-02 1.37772655e+00 8.69986415e-01 8.86667490e-01
    9.71065700e-01 1.52843308e+00 1.10328019e+00 2.46252716e-01
    1.48000741e+00 1.29040194e+00 7.52593279e-01 1.50863051e+00
    4.94736493e-01 8.70299339e-02 -3.07156563e-01 7.30390251e-01
    6.70714021e-01 -1.92304224e-01 1.30672812e+00 9.13268268e-01
    -5.54409027e-02 1.25819564e+00 1.23284507e+00 5.73571622e-01
    -3.58013511e-01 1.25917029e+00 1.09847200e+00 1.26360452e+00
    -1.97642416e-01 -4.08089638e-01 3.62185776e-01 -4.79104996e-01
    6.42653406e-01 -8.79563093e-02 1.47837055e+00 -7.64006078e-02
    3.91699910e-01 1.18945134e+00 -2.76181102e-02 -3.64608049e-01
    -4.39594865e-01 -1.98328346e-01 3.59765351e-01 1.86663270e-01
    8.30040812e-01 5.75945437e-01 1.37257576e-03 4.51677084e-01
    3.78522038e-01 9.80712116e-01 1.25555491e+00 3.54309320e-01
    1.25891316e+00 1.23421931e+00 6.28340602e-01 1.33638060e+00
    1.00280344e+00 -5.54582953e-01 1.42577279e+00 1.02468562e+00
    1.37643003e+00 4.44781303e-01 9.54732060e-01 4.04945612e-01
    1.44667506e-01 4.40925717e-01 1.23224664e+00 1.35338068e+00
    -1.69153214e-02 9.69514251e-01 -1.67317420e-01 9.49675918e-01
    6.68821335e-01 1.44463480e+00 1.28336811e+00 7.86841750e-01
    3.15589726e-01 1.18271434e+00 1.25625849e+00 -4.62435484e-02
    1.00412059e+00 -3.90440881e-01 -2.78639793e-03 -4.22579020e-01
    9.38075066e-01 7.90573120e-01 -5.29067814e-02 -8.35561156e-02
    1.55212927e+00 -1.87306523e-01 -1.46729589e-01 5.55831254e-01
    6.64871335e-01 1.55819476e+00 -1.04884326e-01 -2.05930829e-01
    -1.59975767e-01 1.18593383e+00 9.58452284e-01 9.09308970e-01
    9.78439927e-01 2.62892842e-02 2.65800714e-01 7.27747500e-01
    1.56315506e-01 -3.22088301e-01 -2.49276251e-01 4.85089898e-01
    4.01615024e-01 6.41808987e-01 1.06695485e+00 8.08374465e-01
    3.17812681e-01 3.90304387e-01 7.57645905e-01 -4.79598284e-01
    3.12717199e-01 5.26694238e-01 1.33673823e+00 9.28627789e-01
    2.98347175e-01 1.95668221e-01 7.22928584e-01 7.92058110e-02
    7.05157399e-01 -3.08738947e-02 1.17311239e+00 9.50877309e-01
    -9.56957340e-02 2.23228514e-01 6.37559295e-01 -5.11836290e-01
    8.20715487e-01 -3.34866136e-01 3.87132287e-01 1.25200009e+00
    1.30976605e+00 -2.28117198e-01 9.52733159e-02 8.14164042e-01
    -1.48294955e-01 1.25208879e+00 2.64024734e-01 5.87972522e-01
    3.85687649e-01 1.17258525e+00 -4.17739004e-01 1.19072485e+00
    1.38348794e+00 9.04175043e-02 4.63043630e-01 5.82524002e-01
    -2.47325450e-01 1.35068178e+00 -7.66976774e-02 1.17479622e+00
    -3.01093340e-01 6.00380540e-01 6.85859323e-02 1.38791060e+00
    -2.22694427e-01 -2.67632425e-01 1.88588738e-01 1.48180687e+00
    -2.13414133e-02 -2.10435927e-01 -3.08150709e-01 -1.60085917e-01
    1.41356373e+00 1.59054995e-01 1.42424464e-01 1.40835047e+00
    -8.55409503e-02 -4.88317907e-01 -3.24983537e-01 -3.26538086e-02
    -4.28533196e-01 8.66309404e-01 5.81374645e-01 -9.34819877e-02
    9.55801308e-01 8.61506522e-01 -2.02066243e-01 1.18215346e+00
    5.76079845e-01 -2.65795320e-01 1.34507918e+00 3.30131114e-01
    7.34333694e-01 1.40139472e+00 5.78616858e-01 2.35617578e-01
    1.48088443e+00 -2.54827142e-02 2.63906181e-01 -3.35494101e-01
    1.74984634e-01 1.41352963e+00 -4.71051037e-01 4.38281417e-01
    4.36841965e-01 -6.67936504e-02 1.34197628e+00 3.05797696e-01
    1.06025922e+00 1.85207605e-01 5.75933397e-01 -3.51671100e-01
    7.28304684e-01 -4.59313869e-01 -5.83153963e-03 9.23242450e-01
    1.53390133e+00 -3.38252425e-01 -6.80136383e-02 1.52124274e+00
    1.01926184e+00 1.58225060e-01 1.50631332e+00 2.40234971e-01
    9.80726421e-01 6.13980651e-01 1.45863008e+00 9.08534288e-01
    8.82846534e-01 1.46815896e-01 1.52541947e+00 -2.26694465e-01
    1.19310915e-01 6.14929140e-01 5.18108547e-01 6.08723044e-01
    6.19039059e-01 1.37876582e+00 1.56123638e+00 -5.37860811e-01
    2.99505591e-02 -3.10986489e-01 -2.72384256e-01 2.65908360e-01
    1.35730886e+00 4.52644527e-01 1.11277580e-01 1.09116149e+00
    1.01793671e+00 3.05357635e-01 1.17261851e+00 1.15201128e+00
    5.98712564e-01 3.41110647e-01 6.55453980e-01 1.18851280e+00
    1.18731368e+00 -3.29980075e-01 1.49469185e+00 1.21472526e+00
    4.66472208e-01 1.53339589e+00 -4.06709135e-01 5.00663161e-01
    1.11813796e+00 5.06098330e-01 -4.61304158e-01 1.34958577e+00
    9.14790034e-02 3.86356711e-01 1.34895205e+00 -1.12872124e-01
    1.41689563e+00 1.52335954e+00 5.27928770e-01 -1.72197819e-04
    4.18061793e-01 -5.81240654e-02 -1.19423062e-01 8.78247023e-02
    6.58462107e-01 5.42992592e-01 7.99782515e-01 1.13227654e+00
    7.57156491e-01 8.82604063e-01 1.00520992e+00 -5.41449189e-02
    1.22830057e+00 2.33824968e-01 1.17403221e+00 1.38308740e+00
    -2.20275581e-01 1.54284728e+00 1.46268260e+00 -4.36062485e-01
    -5.31197309e-01 -5.44800162e-02 1.14873254e+00 1.88528895e-02
    7.96738148e-01 4.82032895e-01 -6.40158057e-02 6.50113225e-01
    6.38537169e-01 7.81246126e-01 2.59313822e-01 7.38349676e-01
    1.40412498e+00 -2.87527502e-01 2.80699909e-01 7.41055429e-01
    3.50428522e-01 1.23110771e+00 2.57541478e-01 9.11277533e-02
    9.16613162e-01 1.10672748e+00 -3.73902828e-01 9.22260165e-01
    1.17120564e+00 -3.23673785e-01 -4.64037776e-01 -2.50036180e-01
    8.25406909e-02 5.26699245e-01 2.86349058e-02 -3.51562440e-01
    1.42717671e+00 1.52594864e-01 -1.63709581e-01 2.30428815e-01
    7.09656477e-02 -5.10884583e-01 3.26891005e-01 8.76899242e-01
    9.59676445e-01 6.90874875e-01 6.61763549e-02 1.30250084e+00
    2.88902342e-01 5.67040443e-02 -2.94080377e-02 2.73346901e-03
    -3.24342489e-01 3.35466981e-01 4.48312342e-01 -3.02660108e-01
    5.76256275e-01 8.46092880e-01 5.76826513e-01 1.06458497e+00
    1.17603731e+00 1.15117371e-01 3.62277567e-01 1.00755692e+00
    5.88703752e-01 1.13279700e+00 -3.20553184e-02 -2.86448300e-01
    -2.17772603e-01 1.05687213e+00 5.66641510e-01 8.64203930e-01
    2.96450853e-02 1.49297369e+00 7.00494885e-01 1.43827105e+00
    1.35278606e+00 1.36629915e+00 -1.43058062e-01 7.71350205e-01
    8.14393520e-01 1.16128016e+00 4.17160988e-01 -3.65127802e-01
    1.34980726e+00 -2.15830237e-01 1.43100667e+00 2.34836817e-01
    1.05566001e+00 5.30947447e-01 2.06983685e-02 9.15703237e-01
    4.46401954e-01 3.32807422e-01 1.44825578e-01 6.31488860e-01
    1.53030348e+00 -4.20159936e-01 -4.13665175e-01 4.10293698e-01
    6.65429354e-01 9.23765957e-01 -1.48762405e-01 -8.19552839e-02
    7.90428936e-01 -1.67427778e-01 8.60807359e-01 1.29466629e+00
    1.56567371e+00 1.09548509e+00 1.45243144e+00 1.10142612e+00
    7.28689969e-01 3.94323051e-01 8.93525481e-01 -1.43386513e-01
    1.16657400e+00 1.28162169e+00 3.01469862e-01 3.08834314e-02
    -2.55364209e-01 1.91151738e-01 1.38041902e+00 9.54262137e-01
    2.69343734e-01 -3.80546451e-02 1.50679159e+00 1.43661380e-01
    6.67243600e-02 4.53758359e-01 1.43302536e+00 7.93623388e-01
    4.80439723e-01 5.48672855e-01 1.90715849e-01 8.34166706e-01
    1.15923154e+00 5.96747518e-01 -3.19377720e-01 1.13683259e+00
    8.09910715e-01 -2.43624955e-01 1.58321393e+00 1.36471128e+00
    1.13309383e+00 1.07659745e+00 1.01967978e+00 -2.14536458e-01
    7.96101689e-01 -9.24617052e-02 5.18884301e-01 9.11806345e-01
    1.05441761e+00 -3.60693723e-01 1.83053136e-01 -1.91800088e-01
    5.57124615e-01 1.18431532e+00 2.47385621e-01 -1.06722504e-01
    1.24807930e+00 -2.01627761e-01 8.30349624e-01 7.04630792e-01
    8.53021920e-01 4.74073768e-01 2.47930527e-01 7.52103269e-01
    1.24987650e+00 3.86154950e-01 1.31338525e+00 5.68981171e-01
    -4.43960279e-01 -1.11234307e-01 1.53736079e+00 -4.99848455e-01
    -3.39003205e-01 4.31232750e-01 3.22666347e-01 2.10618138e-01
    1.11067057e+00 3.30360532e-02 1.08152390e+00 -3.83210242e-01
    -1.25737846e-01 1.31469393e+00 6.01881385e-01 -5.01586139e-01
    1.10091496e+00 1.18052721e+00 1.14628744e+00 -4.11447287e-02
    -3.66903543e-01 7.23614693e-01 -3.24015886e-01 1.49288201e+00
    8.07133973e-01 -5.28058171e-01 2.08809078e-01 1.28092146e+00
    1.29070663e+00 7.76286721e-02 -2.28558660e-01 3.08907628e-02
    1.43716073e+00 6.33768141e-01 2.13092923e-01 7.02914596e-02
    -3.05059463e-01 2.78042793e-01 -1.36652797e-01 -1.86021805e-01
    6.39472485e-01 1.38536561e+00 2.53912032e-01 1.82199657e-01
    3.14647734e-01 4.98581648e-01 1.30207324e+00 2.13168919e-01
    9.29508805e-02 5.74510455e-01 -4.81762528e-01 -3.11151147e-02
    -2.47953266e-01 1.26712799e+00 9.42166269e-01 1.00035048e+00
    4.69643772e-01 1.19130397e+00 5.63240051e-03 -5.48757851e-01
    2.76773691e-01 6.74483895e-01 1.17324650e-01 -2.98336238e-01
    1.13421988e+00 -3.62199128e-01 3.02905679e-01 7.23886490e-02
    4.07986939e-01 1.54047656e+00 4.26346838e-01 1.27434969e+00
    1.00198150e+00 8.13973010e-01 5.00329077e-01 1.05895662e+00
    -5.06373644e-02 6.40869200e-01 1.94633782e-01 3.26204658e-01
    9.25947130e-01 1.40110278e+00 1.33943200e-01 6.04848862e-01
    8.73315930e-02 1.44468451e+00 1.46359849e+00 4.82551575e-01
    5.66359997e-01 1.18667138e+00 1.03971541e+00 1.26561272e+00
    8.86059105e-01 1.08075893e+00 1.40428889e+00 8.61663401e-01
    9.80014503e-01 6.88159525e-01 -2.19369262e-01 6.45163059e-02
    1.35704517e-01 1.06633282e+00 2.20273554e-01 -4.72770751e-01
    8.89954925e-01 1.25107884e-01 5.74340105e-01 5.57077169e-01
    1.01048136e+00 1.00483155e+00 3.91963720e-02 -7.63239563e-02
    3.66852283e-02 1.15291834e+00 6.01881146e-01 5.97710609e-02
    -1.29891187e-01 9.46865559e-01 7.13742912e-01 1.24817300e+00
    -9.75984633e-02 1.39497161e+00 9.15797710e-01 4.66621101e-01
    1.33879185e-02 7.74707437e-01 -5.40941596e-01 4.46126938e-01
    6.53937638e-01 -7.93681145e-02 3.37096453e-01 5.96937299e-01
    1.42007709e+00 1.37547398e+00 -5.40454209e-01 -8.24852586e-02
    -4.38959777e-01 8.91120434e-02 9.58616734e-02 1.28262115e+00
    -3.11709434e-01 -3.87342751e-01 1.21588874e+00 7.24253058e-01
    1.25454569e+00 1.52378130e+00 4.10121858e-01 -5.63179553e-02
    -2.50911623e-01 -2.70600706e-01 3.55892956e-01 -4.77621645e-01
    2.22313881e-01 -1.02270514e-01 -1.59114718e-01 6.85025394e-01
    6.61841273e-01 1.24036932e+00 2.73830652e-01 -1.63332582e-01
    5.34349084e-02 8.48311841e-01 -2.64207125e-01 9.02065635e-01
    -5.01489639e-01 5.14456153e-01 4.05238628e-01 8.98254454e-01
    7.97124922e-01 -2.52643824e-02 1.27529478e+00 -2.79967248e-01
    3.63616586e-01 -1.58868164e-01 1.11275816e+00 -2.05896139e-01
    5.93856037e-01 1.50098193e+00 1.32997274e+00 1.13271499e+00
    -3.77758205e-01 6.05027080e-02 1.33236659e+00 1.44634092e+00
    1.43695378e+00 5.87532580e-01 -3.69523436e-01 -2.79754102e-01
    6.68518662e-01 1.35453022e+00 1.34459162e+00 -4.91174161e-01
    7.99516320e-01 6.29477918e-01 -1.09599888e-01 6.47506058e-01
    3.45316887e-01 8.63722920e-01 -3.98900300e-01 -4.94271904e-01
    4.69819307e-01 4.98864651e-02 5.20283163e-01 1.27060294e+00
    -3.41054201e-02 7.39735365e-03 1.23243439e+00 9.72279906e-01
    1.51369834e+00 -1.82255387e-01 -4.29706275e-02 9.48559642e-02
    1.31608915e+00 9.37271059e-01 -2.62150258e-01 -1.87427610e-01
    8.69808078e-01 -8.69974494e-02 7.11795747e-01 1.21656442e+00
    -4.30015564e-01 1.50981009e+00 1.30248976e+00 -7.53731132e-02
    8.01963747e-01 7.07671225e-01 6.21755123e-02 5.86858332e-01
    4.05048370e-01 5.35087287e-01 1.87847972e-01 1.38872087e+00
    8.82085085e-01 1.30128026e-01 -3.58744174e-01 1.22292733e+00
    2.86186695e-01 1.02956831e+00 -3.62318277e-01 -1.26220286e-01
    1.27199483e+00 1.07041538e-01 1.48806524e+00 2.63754010e-01
    2.05800712e-01 1.22290039e+00 6.97334707e-01 -2.96109915e-02
    8.01255167e-01 -4.23821181e-01 -1.89876556e-02 9.77432191e-01
    1.49344301e+00 1.14356637e+00 -3.85877967e-01 1.53282547e+00
    4.35231805e-01 3.05062413e-01 -2.39500225e-01 8.61459553e-01
    7.05855131e-01 4.70717788e-01 1.12683117e-01 -4.94773418e-01
    1.00333154e-01 -3.80992949e-01 -5.16549230e-01 9.75268126e-01
    2.06555128e-01 1.28090644e+00 -1.89482450e-01 1.22235572e+00
    1.28797960e+00 1.13406754e+00 1.01762915e+00 -1.14849210e-02
    1.25116551e+00 -1.79226726e-01 -3.28300953e-01 -3.02265465e-01
    -7.71922767e-02 1.27974558e+00 -3.11100721e-01 -2.44218558e-01
    7.19786227e-01 9.43862796e-02 -1.30282730e-01 6.94830418e-01
    7.73253441e-02 -2.63025224e-01 1.25288415e+00 -4.53880787e-01
    1.47311449e+00 1.26490366e+00 3.59795213e-01 9.92793798e-01
    4.19325471e-01 1.69239223e-01 1.35020757e+00 -1.75254881e-01
    -4.28956717e-01 5.45703530e-01 7.97983289e-01 1.35489035e+00
    1.11168981e-01 1.36513186e+00 9.02039826e-01 7.47361958e-01
    1.83502495e-01 -1.60894126e-01 1.32505417e+00 -5.61135232e-01
    6.01722777e-01 6.20797157e-01 8.20425928e-01 1.00216317e+00
    1.05595231e+00 6.48172319e-01 -4.72716391e-01 -4.70939279e-02
    1.31537175e+00 -3.21727395e-01 9.85333443e-01 -4.75106329e-01
    5.07206380e-01 -3.47334266e-01 1.37269711e+00 3.90545011e-01
    -4.05824482e-01 2.77992427e-01 2.11473823e-01 -3.57955813e-01
    1.48910785e+00 -3.23906958e-01 1.03376567e-01 1.21507978e+00
    1.55100226e+00 1.27700782e+00 -3.28866243e-02 1.18773401e-01
    6.75241053e-01 1.30178571e+00 3.57730567e-01 -3.13016474e-01
    7.80526459e-01 1.23921371e+00 4.25190687e-01 9.76725042e-01
    5.02912164e-01 5.72333694e-01 8.54715049e-01 8.33575964e-01
    -2.61926860e-01 -4.18691576e-01 4.28406239e-01 5.36735594e-01
    1.02052259e+00 5.56341648e-01 8.32313299e-02 1.08073616e+00
    8.78522575e-01 1.37469816e+00 -4.31914926e-02 -3.68291169e-01
    6.58290386e-01 4.93330538e-01 -2.68625736e-01 5.22041202e-01
    1.47292936e+00 3.30433190e-01 1.00010860e+00 3.35759223e-01
    7.52048969e-01 2.85568118e-01 -5.29911339e-01 1.45614672e+00
    -3.18596929e-01 1.16673732e+00 5.34864366e-01 1.31890357e-01
    6.36625171e-01 7.28160858e-01 3.85102510e-01 4.03845012e-01
    7.84600496e-01 -4.90527272e-01 8.97090435e-01 -1.58291459e-01
    -2.31612861e-01 -1.64550722e-01 1.10940063e+00 1.07875836e+00
    2.56665528e-01 1.30663991e-01 7.71415234e-03 8.15274119e-02
    5.95111012e-01 1.16209173e+00 1.10905552e+00 -4.19342041e-01
    3.75538468e-02 -8.66462290e-02 8.88220370e-01 2.92035341e-01
    1.24756527e+00 1.20149553e+00 1.21442139e+00 8.78864467e-01
    9.44862604e-01 1.30201268e+00 -3.45507532e-01 1.19581950e+00
    1.00359786e+00 6.15958869e-01 7.51437306e-01 8.73348713e-01
    -3.76913875e-01 2.72885978e-01 1.16871870e+00 6.34151518e-01
    6.83945537e-01 2.08304286e-01 1.07993019e+00 -1.30841345e-01
    7.21844614e-01 1.57580280e+00 -1.03736639e-01 1.05842876e+00
    1.45146251e-01 2.29358137e-01 -7.10223317e-02 4.43764389e-01
    4.25419807e-01 1.39376140e+00 4.04675484e-01 6.37280166e-01
    6.31617904e-01 -2.78901070e-01 1.11169124e+00 1.43185258e+00
    4.31164145e-01 7.71494925e-01 2.71015525e-01 -4.22887981e-01
    8.26308846e-01 2.23340333e-01 4.70260978e-01 -4.92411852e-01
    9.71758366e-03 8.40430379e-01 -4.45072412e-01 -2.34688878e-01
    1.39001954e+00 5.57797134e-01 -6.10505342e-02 8.09644997e-01
    -4.66562539e-01 6.85985029e-01 1.04456294e+00 3.94662082e-01
    -2.61261970e-01 4.24395680e-01 1.43118072e+00 2.95860231e-01
    -3.45572680e-01 1.45716691e+00 7.76994646e-01 1.02897346e-01
    3.89392436e-01 3.43018770e-03 6.83126628e-01 7.29418635e-01
    -7.50567615e-02 9.54307795e-01 8.47626686e-01 6.94026172e-01
    -5.02678275e-01 -1.88084990e-01 1.12845778e+00 1.31001425e+00
    7.10057080e-01 -1.59409344e-01 1.20031428e+00 2.22772121e-01
    -4.60162491e-01 3.48305583e-01 -4.06177044e-01 -5.76575100e-02
    -2.99690723e-01 1.15349758e+00 5.39671779e-02 1.23684275e+00
    9.47474301e-01 6.88704252e-02 -2.16819078e-01 -1.48490518e-01
    9.02273238e-01 1.43915021e+00 -1.13267601e-01 2.76735425e-01
    2.68878043e-01 3.60869050e-01 8.62563431e-01 5.48404813e-01
    2.56084502e-01 2.06377327e-01 1.22271478e-01 5.34399033e-01
    8.14613819e-01 9.76695836e-01 -4.12278384e-01 1.31213367e+00
    7.62063265e-01 7.17308640e-01 1.35096550e+00 1.27865624e+00
    -3.48528326e-01 -5.36639988e-01 8.95617783e-01 1.54573047e+00
    4.74431932e-01 5.06371975e-01 3.45645607e-01 -3.16593885e-01
    3.51898670e-02 3.08212757e-01 1.29582119e+00 -2.14439690e-01
    -1.24353170e-03 1.05377173e+00 6.67345524e-02 1.00569618e+00
    -1.91575199e-01 -2.69086242e-01 -4.85616714e-01 1.18011475e-01
    -1.85237229e-01 3.13561797e-01 1.17798007e+00 1.36319721e+00
    1.47632575e+00 4.31039453e-01 5.20520747e-01 9.05171096e-01
    8.32346559e-01 1.29560184e+00 -1.52369022e-01 -4.22413260e-01
    6.62852407e-01 9.77192104e-01 4.04513478e-01 -4.92075771e-01
    7.58644402e-01 -2.89779902e-03 1.58486891e+00 -1.49693519e-01
    -4.00592685e-02 8.80800962e-01 2.70650685e-01 3.36878717e-01
    1.00071132e+00 1.02648544e+00 -3.00552428e-01 8.13012540e-01
    5.50798953e-01 -3.89118135e-01 6.60119176e-01 8.56664181e-02
    1.20463288e+00 1.80255890e-01 9.49368894e-01 5.44412494e-01
    8.41293335e-01 -1.43089056e-01 9.56787705e-01 1.14526868e-01
    6.14161432e-01 -5.01649857e-01 1.45284414e+00 6.08798981e-01
    3.89709353e-01 2.56243050e-01 -8.52066278e-02 -4.96590406e-01
    6.89127445e-02 1.51891744e+00 2.50473559e-01 1.32368159e+00
    1.13763666e+00 -4.12714303e-01 -2.04817057e-01 1.33400774e+00
    -2.12264031e-01 1.04964375e+00 -7.77777433e-02 -4.11026776e-01
    -9.37829912e-02 4.37327623e-02 3.34376216e-01 4.30141091e-02
    -5.33628583e-01 1.49768722e+00 -5.55203915e-01 -3.12503636e-01
    2.64511049e-01 2.14177072e-01 1.00201082e+00 -5.22001743e-01
    1.31559753e+00 1.01601744e+00 1.06049800e+00 5.56391478e-02
    -2.75387466e-01 -3.37230325e-01 9.68923807e-01 1.04165292e+00
    7.79920995e-01 1.41484976e+00 -2.07201838e-02 1.38017392e+00
    5.78983665e-01 3.94207418e-01 -1.40032977e-01 6.06816530e-01
    6.62954688e-01 9.01127398e-01 6.85389817e-01 1.47232485e+00
    -4.42331254e-01 1.52879488e+00 1.22257280e+00 -5.46632886e-01
    3.37000608e-01 4.87571001e-01 4.77247119e-01 1.21936488e+00
    1.20762575e+00 1.19785666e+00 1.19721556e+00 -2.07968891e-01
    -4.28587079e-01 1.01663136e+00 5.74535370e-01 1.04226661e+00
    3.79271328e-01 7.22141087e-01 3.09282959e-01 1.44072723e+00
    7.03784347e-01 1.55898595e+00 -2.05922365e-01 9.09426272e-01
    -2.22996861e-01 1.06020689e+00 1.52431130e-02 6.46290779e-01
    -3.04358006e-01 1.10633373e-01 1.40995479e+00 2.26333141e-01
    -1.13539189e-01 1.01665437e-01 1.63693190e-01 2.93333352e-01
    9.99008179e-01 1.15477252e+00 7.43103445e-01 3.17087770e-02
    3.38250995e-01 1.28645039e+00 1.02610874e+00 -8.72989893e-02
    -1.95574939e-01 4.83097613e-01 -4.61669564e-01 -1.05241597e-01
    -5.11273921e-01 6.44155622e-01 9.79224741e-01 2.24538207e-01
    1.26533389e+00 -4.85787839e-01 1.15798640e+00 -2.67647982e-01
    9.62621152e-01 1.78446531e-01 9.69186664e-01 6.35313213e-01
    1.41952872e+00 1.11282885e+00 1.07739449e+00 -4.50983077e-01
    3.51413906e-01 4.67337012e-01 1.35565472e+00 -3.21998835e-01
    2.38819540e-01 1.45741808e+00 1.16919112e+00 8.71519685e-01
    1.39784503e+00 -3.40148479e-01 1.09446156e+00 3.73302221e-01
    1.12058735e+00 5.98105490e-01 1.07085252e+00 -3.16457152e-02
    1.69378877e-01 1.37872052e+00 -4.29868042e-01 -4.92666960e-01
    1.37875056e+00 4.15630400e-01 1.81418657e-03 5.34846365e-01
    4.79113162e-01 7.56824911e-01 7.57924855e-01 -5.15135944e-01
    1.20309997e+00 8.87539566e-01 1.23354566e+00 -1.53998494e-01
    4.02528346e-01 2.45136678e-01 4.88607943e-01 -3.42155963e-01
    3.66127551e-01 -2.87905544e-01 5.97567499e-01 2.28525400e-01
    1.28870726e+00 1.03685021e-01 -1.44206554e-01 6.39855266e-02
    1.37871170e+00 -4.83385801e-01 4.55228567e-01 2.80389905e-01
    1.15739322e+00 -2.60532796e-01 1.82085216e-01 4.68348503e-01
    1.31631339e+00 -9.73747671e-02 2.08227873e-01 1.31420076e+00
    6.21451259e-01 -4.41993773e-02 -4.16716874e-01 1.03837442e+00
    7.19661295e-01 -2.16377199e-01 -4.62983042e-01 -3.45883757e-01
    8.86694193e-02 7.98563302e-01 2.05910444e-01 -4.38727111e-01
    -6.12341166e-02 8.04283798e-01 6.15810812e-01 5.78655481e-01
    1.46244144e+00 5.52426398e-01 6.85766459e-01 2.43445933e-01
    4.01207030e-01 -5.04679918e-01 2.19305277e-01 -3.48667085e-01
    1.43782318e-01 -2.88557887e-01 1.17825568e+00 2.06385314e-01
    3.29249620e-01 -1.58157051e-01 -1.08390123e-01 9.93960321e-01
    -3.14738661e-01 1.03718472e+00 -4.20753956e-01 1.42116261e+00
    1.20337617e+00 1.11790490e+00 1.21711755e+00 1.13163471e+00
    1.03199196e+00 8.53436530e-01 -7.30836391e-02 4.81994271e-01
    1.24302268e+00 -3.18433106e-01 9.58890080e-01 1.00524807e+00
    -7.38473535e-02 9.78011608e-01 1.39835799e+00 -2.06143379e-01
    3.56448233e-01 3.16719711e-01 6.09535694e-01 -3.01670313e-01
    -7.58837759e-02 2.94670522e-01 -4.09310818e-01 9.23240185e-03
    2.82509685e-01 1.34651256e+00 3.44079494e-01 -3.28965724e-01
    1.53291190e+00 7.70373940e-01 1.24361300e+00 5.77639937e-02
    -5.20936549e-01 -4.92926806e-01 -4.98920441e-01 -4.65433449e-01
    1.19849861e-01 -1.37217879e-01 -1.61989570e-01 6.85518980e-01
    -1.43255323e-01 8.03333461e-01 8.40492964e-01 5.87744653e-01
    -4.81909215e-01 1.31158185e+00 5.33446252e-01 1.36645555e+00
    1.50020480e+00 4.09022868e-01 1.06385446e+00 1.05740547e-01
    1.89325690e-01 -8.17670524e-02 -3.26707900e-01 1.12100363e+00
    -4.56604928e-01 8.39346647e-01 3.45975220e-01 3.81822526e-01
    1.09923470e+00 1.26207340e+00 -3.16594064e-01 5.18117309e-01
    6.78678751e-02 8.52599144e-01 3.77360463e-01 1.15908945e+00
    1.41502190e+00 -5.46950102e-02 1.14221668e+00 3.66708875e-01
    1.18762076e+00 1.36685133e-01 4.07073855e-01 1.45304167e+00
    7.06139565e-01 -4.93685901e-01 -4.28136170e-01 -3.47210765e-02
    -1.28928274e-01 1.24728441e+00 1.18800104e+00 1.33565831e+00
    8.63674939e-01 1.39456856e+00 3.31233740e-01 9.60835397e-01
    -6.31380081e-02 6.56307876e-01 -2.93713361e-01 1.06666148e+00
    2.04924703e-01 8.09733272e-01 -3.58790755e-02 1.53056312e+00
    4.65969443e-02 1.52709699e+00 1.41519463e+00 -5.41222334e-01
    3.95432115e-02 9.94727373e-01 -1.26509994e-01 8.35779965e-01
    3.27856660e-01 -1.37737781e-01 1.19556427e+00 1.05244887e+00
    1.46363056e+00 -3.19212377e-01 1.45438015e-01 9.51215148e-01
    1.48838210e+00 1.45060122e-01 -3.35320026e-01 4.38981414e-01
    1.64716542e-01 -3.77806544e-01 1.37189543e+00 7.03203619e-01
    -4.25755084e-01 -5.32311738e-01 1.29058576e+00 1.41597342e+00
    -1.71932459e-01 2.67490387e-01 1.25166607e+00 5.37754893e-01
    4.13492322e-02 -5.00790656e-01 3.95753682e-01 1.30614281e-01
    -4.36122477e-01 -9.52945054e-02 6.06605470e-01 9.26260352e-02
    3.36950421e-02 -3.30908597e-01 1.39591730e+00 9.86804068e-01
    1.21147740e+00 9.45998847e-01 1.27380788e+00 2.72121012e-01
    6.74514771e-01 5.74357450e-01 1.06717587e-01 2.85135269e-01
    1.38133812e+00 -4.92466688e-01 -2.10623085e-01 7.45045245e-01
    1.29951000e-01 1.08720958e-01 5.95517516e-01 -2.72165090e-01
    6.01652265e-01 -2.32617885e-01 -1.17718160e-01 4.86748219e-02
    1.27059042e-01 4.62667346e-02 1.43495941e+00 2.44267583e-02
    1.07563186e+00 -3.87597263e-01 7.58462310e-01 1.01168728e+00
    2.54559517e-03 -1.77079052e-01 -4.98460561e-01 -2.97471344e-01
    1.52858615e-01 1.31971502e+00 5.42071104e-01 5.49758911e-01
    -3.92560124e-01 1.17246222e+00 7.58903384e-01 9.34534073e-02
    1.26688254e+00 -5.41028917e-01 -8.52370858e-02 1.36878848e+00
    8.87597680e-01 1.32910144e+00 8.37519407e-01 -2.15823084e-01
    1.08946276e+00 8.15380633e-01 -5.28626502e-01 6.40034318e-01
    9.77637351e-01 5.88917732e-01 6.40022695e-01 8.47045660e-01
    2.89937794e-01 5.34385800e-01 9.73695278e-01 -2.71080524e-01
    6.57040775e-01 1.40418053e-01 6.13946259e-01 8.79961014e-01
    9.96974409e-01 2.86435187e-01 -3.29662263e-01 5.74564636e-01
    5.32335639e-02 -3.15735042e-02 1.29989791e+00 3.47787619e-01
    1.37134981e+00 5.43315291e-01 1.42948461e+00 -4.42300737e-02
    -1.33431077e-01 1.03599811e+00 -2.87403703e-01 -1.86983019e-01
    -4.93703395e-01 1.36632824e+00 1.13125920e-01 -2.18063504e-01
    8.16947818e-01 -2.64222413e-01 -3.38224292e-01 1.13515067e+00
    -4.72790420e-01 5.50287366e-02 -3.78699541e-01 4.24982965e-01
    1.15203571e+00 6.95056677e-01 3.06082249e-01 6.36064529e-01
    6.34392977e-01 6.62913978e-01 5.40014505e-01 -4.14130628e-01
    1.12123060e+00 1.23750055e+00 -4.08197224e-01 4.42838252e-01
    4.96044457e-01 1.01047802e+00 6.93308234e-01 6.31532073e-02
    1.20245361e+00 -5.49970210e-01 1.24481404e+00 3.37340653e-01
    -2.72263050e-01 3.29715312e-01 8.07236433e-01 1.76191568e-01
    8.71824920e-01 -3.37111622e-01 1.45223081e+00 -5.46016753e-01
    8.37319911e-01 1.03386784e+00 -1.52674675e-01 7.43692696e-01
    9.02624488e-01 6.86323941e-01 1.27941585e+00 1.22382283e+00
    -3.27357054e-01 -1.53997809e-01 1.39958048e+00 2.66869068e-02
    2.72162080e-01 1.32722843e+00 8.35812211e-01 9.13317144e-01
    3.38044286e-01 1.42671037e+00 -1.13389224e-01 9.81680930e-01
    1.43721640e-01 -1.75458729e-01 9.36754227e-01 3.24100971e-01
    4.12123680e-01 1.63707793e-01 3.83359194e-02 4.91479099e-01
    1.22304368e+00 6.52900100e-01 -7.42022693e-02 4.53048289e-01
    -1.15225911e-02 1.04391015e+00 4.38260674e-01 -6.61790371e-03
    7.15225697e-01 5.58727741e-01 7.68062592e-01 1.23801541e+00
    8.57538342e-01 6.79468811e-01 3.63212049e-01 1.02797723e+00
    -1.08060747e-01 1.51259375e+00 7.68074930e-01 7.70955145e-01
    7.23243535e-01 9.52208161e-01 1.52680993e+00 4.03885841e-01
    -7.30329752e-02 1.43727052e+00 -8.24649632e-02 9.04766917e-02
    1.36994696e+00 -3.56689304e-01 -1.96215600e-01 8.51544440e-01
    1.93890870e-01 1.19046187e+00 -3.11246514e-02 3.69406343e-02
    1.11097038e-01 7.33418941e-01 1.06114316e+00 6.64641440e-01
    -3.11495274e-01 7.19426751e-01 4.61484611e-01 -3.19055140e-01
    8.84863615e-01 1.73226357e-01 1.37039471e+00 -5.21633565e-01
    2.76713312e-01 5.09359539e-01 6.24708414e-01 7.59671330e-02
    1.52531838e+00 1.11223531e+00 1.06102204e+00 2.92755902e-01
    1.31873608e+00 3.71391892e-01 1.08947682e+00 -4.52860594e-01
    -4.85383511e-01 1.07209575e+00 5.37995219e-01 -4.56222326e-01
    9.51555133e-01 6.72969699e-01 5.28323710e-01 -4.09546524e-01
    6.29348755e-02 1.13986349e+00 9.16942954e-02 -7.29372203e-02
    1.25825810e+00 5.62396526e-01 6.82280600e-01 1.39778304e+00
    -3.15272748e-01 5.13919115e-01 -2.00711906e-01 -4.39205647e-01
    1.41318405e+00 9.47908759e-02 9.04372334e-01 9.42649603e-01
    1.44464779e+00 1.48694634e+00 -1.00492358e-01 1.88239574e-01
    7.59534121e-01 6.93468451e-02 7.52348900e-02 6.21175110e-01
    6.49233162e-01 1.39756441e-01 2.25971580e-01 1.06376171e+00
    1.57098997e+00 1.17042994e+00 1.24531245e+00 1.15932536e+00
    -4.60971475e-01 1.34250677e+00 9.75391805e-01 5.74080050e-01
    -2.01334864e-01 -4.59454656e-01 -5.21783888e-01 1.11077762e+00
    1.51125813e+00 5.81966817e-01 6.69012487e-01 1.36831355e+00
    2.09333241e-01 -1.57942176e-02 -4.52524036e-01 -3.94732177e-01
    7.97443032e-01 6.99644506e-01 1.98600888e-02 3.95850122e-01
    7.40761101e-01 8.27252328e-01 6.50719345e-01 1.42997777e+00
    1.23586726e+00 7.34814644e-01 4.12150860e-01 1.82621419e-01
    1.08093548e+00 5.74547946e-01 7.01339900e-01 -1.10968977e-01
    1.39680409e+00 3.55192125e-01 -1.67587161e-01 1.20263720e+00
    1.12164569e+00 2.35174954e-01 2.30254948e-01 1.54335189e+00
    7.40250945e-02 1.95331573e-01 8.32005978e-01 2.10603654e-01
    7.56114662e-01 1.02283573e+00 1.40146136e-01 -2.93039113e-01
    2.21352041e-01 1.48052144e+00 1.10233378e+00 1.11702847e+00
    1.36095428e+00 -5.29761493e-01 -4.68011677e-01 -2.17369646e-01
    -3.13725054e-01 1.18488908e+00 4.46359456e-01 9.32107270e-01
    1.54603457e+00 1.10405278e+00 -5.14077485e-01 1.30879951e+00
    9.89891291e-02 3.44243765e-01 -3.95035744e-01 1.38541067e+00
    7.69729614e-02 -2.65480936e-01 1.26647377e+00 6.92890167e-01
    5.81318974e-01 1.64100647e-01 -6.13727272e-02 3.29912245e-01
    8.90497565e-02 1.07528377e+00 5.51731050e-01 5.82431495e-01
    1.64061368e-01 2.40494668e-01 9.45438385e-01 6.56008720e-01
    -2.26949036e-01 1.07983947e-01 2.05184937e-01 6.30937159e-01
    6.96646094e-01 1.37514853e+00 5.48094809e-01 3.23223829e-01
    -2.76693553e-01 8.51612747e-01 1.20269787e+00 4.99093413e-01
    -2.26100683e-01 1.48155951e+00 -4.25783098e-01 1.57746530e+00
    4.19169605e-01 7.48721600e-01 -5.15691638e-02 4.54989612e-01
    -4.57735479e-01 2.28503227e-01 9.57584381e-01 -1.29541606e-01
    1.64679289e-02 1.45175159e+00 1.19542027e+00 1.22616148e+00
    4.42244828e-01 3.10843408e-01 3.06133091e-01 -1.70464993e-01
    1.53422618e+00 -7.40457177e-02 -4.19884741e-01 9.42481220e-01
    -5.06131709e-01 4.87690151e-01 1.45805717e+00 2.22484708e-01
    2.94639885e-01 8.00644815e-01 -2.36844063e-01 1.82395577e-01
    1.00125885e+00 5.59152782e-01 1.50012732e+00 9.46902752e-01
    8.06069434e-01 1.39398062e+00 -4.05164361e-02 1.53833699e+00
    5.10579586e-01 5.08327425e-01 -1.04172707e-01 1.08853459e+00
    4.96213257e-01 1.22384453e+00 -1.98897123e-02 6.18046224e-01
    -1.30152702e-02 -5.04600346e-01 5.17390788e-01 1.14696085e+00
    1.15645885e-01 -2.02552885e-01 -1.42549425e-01 5.04112244e-03
    -1.57642186e-01 1.46813488e+00 9.44654942e-02 -3.74614894e-01
    6.44559681e-01 9.61522758e-01 6.08551383e-01 2.50091612e-01
    7.94187248e-01 4.18033957e-01 1.43302977e+00 1.02736568e+00
    5.19604683e-01 1.52375340e-01 -5.24214983e-01 9.16023672e-01
    1.60689950e-01 -5.48800766e-01 -1.81330979e-01 6.38358772e-01
    7.51789927e-01 -3.99234116e-01 6.51744723e-01 -6.27385378e-02
    7.81206727e-01 2.82624364e-01 -3.91167253e-01 -3.04100335e-01
    1.45443845e+00 3.26969981e-01 8.43839467e-01 -1.60679072e-01
    -3.30155849e-01 3.29586029e-01 8.50737810e-01 1.53988767e+00
    -5.62192202e-01 5.36019444e-01 -5.43772578e-01 3.75751793e-01
    -4.70951408e-01 5.59675753e-01 1.15777445e+00 7.11444676e-01
    4.06150520e-01 1.32272542e+00 9.22925532e-01 3.66448164e-01
    -2.94987231e-01 1.51602793e+00 5.64535856e-01 -1.63259029e-01
    -2.87193030e-01 1.22400713e+00 5.89895368e-01 9.15375829e-01
    5.54622412e-01 -2.03725785e-01 4.47583497e-01 1.27806556e+00
    8.39967549e-01 7.42096901e-01 1.35669112e+00 -3.30849230e-01
    9.87272561e-01 -5.27880847e-01 1.49941862e+00 -4.67011094e-01
    2.77673125e-01 7.10244834e-01 1.48690057e+00 1.12548375e+00
    -4.78719771e-01 1.06226897e+00 2.57328987e-01 7.63231516e-01
    6.60277843e-01 6.25974000e-01 1.22258615e+00 -3.25623184e-01
    1.14833021e+00 5.35871506e-01 -4.03248370e-01 1.45589006e+00
    2.40825474e-01 -2.63447404e-01 3.87030244e-01 5.84921658e-01
    8.00780475e-01 -4.87755001e-01 1.41105890e+00 1.05544591e+00
    7.76828587e-01 6.43153012e-01 -7.14018941e-02 1.24874818e+00
    -7.75954723e-02 1.24399090e+00 4.64715600e-01 -5.50555587e-02
    1.10505021e+00 1.39945650e+00 1.01763821e+00 2.46945202e-01
    1.81013465e-01 1.55713439e-01 4.01257575e-01 4.95120823e-01
    6.62006795e-01 3.91961992e-01 4.62816775e-01 9.80807364e-01
    1.10187995e+00 1.70028806e-01 4.42952991e-01 6.65407956e-01
    -1.02845371e-01 8.10236573e-01 2.89351344e-02 5.78748941e-01
    1.07713199e+00 3.97593319e-01 -1.59590185e-01 1.05324507e+00
    2.43473053e-03 -4.49556082e-01 4.01772857e-01 1.34480858e+00
    8.01999211e-01 1.14585328e+00 1.28389096e+00 2.56789565e-01
    3.98955822e-01 3.03901017e-01 8.18234146e-01 7.49133229e-02
    4.46967423e-01 -4.29770410e-01 7.96030760e-01 7.96761572e-01
    6.99277699e-01 9.40831482e-01 -2.65974581e-01 5.37022352e-01
    -1.40047848e-01 5.77865243e-02 -1.25532269e-01 8.24706495e-01
    5.10424614e-01 5.55248618e-01 1.49442899e+00 1.55405641e+00
    9.17227268e-02 9.34285104e-01 1.53019738e+00 1.01356101e+00
    1.27978098e+00 4.87182140e-02 -1.71923041e-02 9.84954894e-01
    9.20630336e-01 1.47632432e+00 -4.74611998e-01 1.23852730e+00
    1.08288133e+00 1.41472042e+00 5.45276582e-01 -4.67566758e-01
    8.57374966e-01 -4.31267202e-01 5.31234562e-01 3.10322046e-02
    5.06853461e-01 1.49132609e+00 7.93438494e-01 -2.21942216e-01
    8.75367403e-01 3.50264966e-01 -2.49682128e-01 4.17929769e-01
    -1.73838735e-02 1.45792365e+00 -1.79613620e-01 1.05336499e+00
    7.09708035e-01 -1.13952130e-01 5.55238426e-01 2.90670037e-01
    1.53881049e+00 6.48720980e-01 2.92598307e-01 5.55250108e-01
    -1.87934130e-01 1.69185698e-01 -7.33232498e-03 8.17406118e-01
    -4.71941173e-01 9.57523346e-01 7.85403669e-01 4.12524104e-01
    9.52708066e-01 -3.25815320e-01 1.41113138e+00 1.49743319e+00
    -4.12404180e-01 7.09060848e-01 1.09332919e+00 -4.92223769e-01
    8.34968209e-01 2.18985558e-01 6.70808733e-01 4.13687766e-01
    1.46228707e+00 6.16381049e-01 5.64236462e-01 6.59368098e-01
    1.18951392e+00 4.54223990e-01 -4.31605339e-01 1.42436576e+00
    -3.87334585e-01 -3.27998281e-01 1.36580873e+00 1.19257164e+00
    4.19055998e-01 1.29960418e+00 1.54415560e+00 -3.92841160e-01
    4.79588389e-01 -7.16037750e-02 5.30276179e-01 -7.36066103e-02
    -2.94938713e-01 8.05814266e-01 9.19887841e-01 1.17306399e+00
    -4.52975661e-01 2.95731306e-01 7.10877359e-01 -7.42002726e-02
    1.11861348e+00 3.78354073e-01 2.30304301e-01 -4.53889370e-02
    5.12248158e-01 1.09667993e+00 -1.79486126e-01 -3.28499436e-01
    4.48250353e-01 5.03837466e-02 5.73487699e-01 9.36910391e-01
    -3.41391206e-01 -1.59176350e-01 -2.61563063e-02 -2.55116254e-01
    9.99273539e-01 2.32492089e-01 1.18088746e+00 9.92051363e-01
    4.52276826e-01 -2.49224961e-01 1.41933131e+00 -5.40067613e-01
    6.56900644e-01 -2.58309573e-01 1.11440825e+00 1.25665665e-02
    9.45338190e-01 1.42750740e-01 1.29518139e+00 -1.54806882e-01
    1.48651195e+00 -1.19182467e-02 3.30784202e-01 9.11318600e-01
    3.98696959e-01 3.14289272e-01 9.74053741e-02 8.87071192e-01
    1.30255115e+00 7.72802830e-01 -4.08259630e-01 -3.56644571e-01
    -2.00585067e-01 5.24746776e-02 1.21761727e+00 4.31953251e-01
    -3.62647831e-01 5.31980813e-01 3.26766372e-01 -2.09232152e-01
    -5.33708572e-01 3.31033826e-01 2.16630995e-01 8.06882083e-01
    4.68437552e-01 6.04183435e-01 -7.83369243e-02 9.43727255e-01
    1.09295583e+00 1.45451200e+00 5.33162534e-01 4.29314971e-02
    8.01562071e-01 1.90117121e-01 5.58326721e-01 3.57974052e-01
    -5.55277109e-01 -4.03857648e-01 -1.39164448e-01 1.08983684e+00
    6.47036791e-01 1.05949080e+00 3.75108302e-01 -1.99526757e-01
    1.03770089e+00 8.68371844e-01 1.06180310e+00 2.08052576e-01
    -4.10959005e-01 2.51248181e-01 3.93539667e-02 -4.97035146e-01
    -2.59343684e-01 1.45071292e+00 7.32189000e-01 4.56826329e-01
    1.02096653e+00 4.20650840e-01 1.12085044e-01 -1.01075321e-01
    1.04517043e+00 1.59026742e-01 9.44574296e-01 1.24733877e+00
    6.90970838e-01 -2.23668277e-01 1.29476321e+00 7.70519376e-02
    4.51280236e-01 4.07976091e-01 1.07661295e+00 1.24244654e+00
    1.32117200e+00 5.58462679e-01 -4.62785184e-01 9.25492525e-01
    1.30907238e-01 -2.06971765e-01 1.02088034e+00 5.76980531e-01
    5.08061588e-01 1.37146926e+00 -3.48196864e-01 1.07406020e+00
    8.49212408e-02 9.60168064e-01 9.38409030e-01 1.19574487e+00
    1.21583545e+00 8.68117332e-01 -4.12131995e-01 4.61339891e-01
    8.72201085e-01 -7.28569329e-02 9.39607084e-01 -4.38214481e-01
    3.84674072e-01 -9.47433710e-03 1.36501551e+00 -8.98064673e-02
    1.06542468e+00 2.17086077e-01 7.86938906e-01 3.97704899e-01
    9.24965560e-01 3.03483188e-01 -1.27954304e-01 1.38253021e+00
    3.15978587e-01 2.00612545e-01 4.06090736e-01 1.54823101e+00
    4.23111320e-02 1.92010581e-01 2.06423998e-02 4.20572758e-01
    1.25065660e+00 6.62274301e-01 -3.73871714e-01 8.31032693e-01
    2.05400705e-01 5.67020059e-01 5.09532154e-01 -4.37353134e-01
    -5.03533423e-01 -2.17857301e-01 6.24812365e-01 3.18533063e-01
    7.92696953e-01 6.28751516e-01 1.44001961e+00 3.98326933e-01
    -1.46806985e-01 2.50995755e-01 -3.72175872e-01 -3.48686457e-01
    1.38412547e+00 -2.77691782e-01 1.15094519e+00 6.76008046e-01
    6.87260687e-01 6.03883803e-01 -1.65335655e-01 1.50484276e+00
    1.19247472e+00 -3.03936630e-01 7.96627104e-01 7.44871736e-01
    1.31118119e+00 1.58328414e-01 7.24451244e-01 2.67821670e-01
    -3.33376825e-01 -9.30956304e-02 1.15584874e+00 7.91329324e-01
    7.31020331e-01 -3.70848447e-01 1.20585871e+00 3.77692878e-01
    -2.63391137e-02 -1.27999067e-01 -2.74968743e-02 4.74868834e-01
    7.05811203e-01 -1.93673968e-02 7.15786695e-01 4.03869927e-01
    8.33501816e-02 1.42048848e+00 7.07513094e-03 4.88526642e-01
    5.39990127e-01 1.10519958e+00 9.87829685e-01 3.63413930e-01
    4.47811127e-01 7.36075640e-01 1.21543896e+00 -6.40642643e-03
    -1.11979753e-01 -1.66494638e-01 -2.58580536e-01 2.31966138e-01
    1.01617992e-01 -2.12880850e-01 9.49413121e-01 2.69589424e-02
    -5.39392531e-02 1.49885488e+00 2.52707541e-01 1.07812381e+00
    1.37166798e-01 -6.45906031e-02 1.52994108e+00 1.37105882e-01
    -8.31902921e-02 8.09337258e-01 4.53903079e-01 1.96224809e-01
    7.84167230e-01 1.29632044e+00 6.27827764e-01 1.73476636e-01
    1.22477925e+00 4.52749431e-01 8.17233562e-01 6.77776337e-01
    1.07912683e+00 8.51394713e-01 -5.56341231e-01 2.65968263e-01
    1.33438897e+00 5.27404487e-01 1.08951819e+00 1.37957215e+00
    -3.61239344e-01 1.50257075e+00 2.36128569e-01 -5.14965773e-01
    1.43691421e+00 1.46136141e+00 3.73243749e-01 -2.24003643e-01
    1.01487052e+00 2.35150039e-01 1.48585510e+00 3.72724533e-02
    -4.46158648e-03 -1.80238545e-01 -4.44253147e-01 1.47637510e+00
    1.50409460e-01 -5.30141890e-01 -2.32135236e-01 -2.26219147e-01
    1.24907327e+00 -1.69992149e-01 8.46853733e-01 5.18981755e-01
    8.79448235e-01 -2.76714414e-01 -3.18588197e-01 3.31760406e-01
    1.35481489e+00 1.16773438e+00 2.41151512e-01 1.35050583e+00
    -1.18415564e-01 6.33145988e-01 6.78275228e-01 8.49846244e-01
    9.10795808e-01 5.77077150e-01 1.02823234e+00 1.16681695e-01
    2.38915145e-01 1.07778072e-01 -1.84666902e-01 8.51148605e-01
    1.54084158e+00 6.05060160e-01 -3.11452091e-01 8.09917569e-01
    8.43388081e-01 4.45418477e-01 6.12877011e-02 1.25286937e+00
    4.31601167e-01 1.25283158e+00 3.27925742e-01 1.83379769e-01
    1.00010419e+00 -4.76733983e-01 7.39905417e-01 1.17832923e+00
    6.42670453e-01 2.49132037e-01 1.31300986e-01 1.36909151e+00
    3.93256903e-01 6.44462645e-01 5.72130799e-01 1.39497232e+00
    1.34826040e+00 9.28227723e-01 1.28833914e+00 5.39107800e-01
    1.80991709e-01 1.12771630e+00 4.83346820e-01 -1.95196897e-01
    9.32923079e-01 4.92561340e-01 -4.50662732e-01 -3.64328504e-01
    1.10226393e-01 2.42932320e-01 1.22468472e-02 1.53159523e+00
    -3.49421084e-01 1.32780623e+00 -4.66880441e-01 6.52641654e-02
    -1.59866810e-02 4.42023814e-01 1.55434573e+00 1.27291584e+00
    1.79592311e-01 5.22867918e-01 1.00415313e+00 5.40628433e-02
    -1.69506669e-01 9.32288766e-02 7.94500947e-01 1.37903619e+00
    -1.88596725e-01 1.07857466e+00 1.45900762e+00 8.33295286e-01
    1.19153285e+00 5.97012639e-02 4.22858179e-01 3.96567583e-01
    1.55679393e+00 1.44215047e-01 9.90605354e-01 8.14822495e-01
    4.98112559e-01 1.53862143e+00 1.94331110e-01 3.28304887e-01
    -5.34503698e-01 7.54505396e-01 -8.07819963e-02 1.00248003e+00
    1.17047668e+00 1.15602875e+00 7.58494735e-02 1.04508400e-02
    5.83477855e-01 9.27145422e-01 -1.63397312e-01 7.28101909e-01
    1.08365202e+00 1.16087854e+00 1.46414471e+00 1.10153139e+00
    1.60555065e-01 1.87091827e-01 4.78175998e-01 3.64326060e-01
    -4.36946750e-02 -5.31506479e-01 9.38656092e-01 7.64450550e-01
    -1.90021783e-01 1.38196182e+00 1.36212707e+00 -3.15364718e-01
    6.28372133e-01 1.12642837e+00 1.88634515e-01 7.18904853e-01
    9.30498958e-01 3.37343633e-01 4.29024100e-02 1.77188635e-01
    -3.89850140e-03 1.29284549e+00 1.53204346e+00 -4.01866257e-01
    1.12114251e-01 1.06756377e+00 3.06116641e-01 1.44940424e+00
    1.35076809e+00 3.32445681e-01 -3.23111415e-02 4.45211351e-01
    1.71594918e-01 3.10071409e-01 4.13813710e-01 4.73678172e-01
    2.63229489e-01 3.11479449e-01 8.49472284e-02 2.56749272e-01
    1.57061219e-01 -3.81511450e-03 -3.48074883e-01 7.97131062e-02
    1.32112730e+00 1.45335746e+00 -2.89327651e-01 -2.22579956e-01
    9.70478892e-01 9.29127336e-02 -1.69549704e-01 1.46623755e+00
    1.41000009e+00 1.51174116e+00 4.35626686e-01 3.49950373e-01
    8.11434746e-01 1.46152043e+00 4.27199900e-01 3.51106524e-01
    -4.42258537e-01 -4.46845114e-01 1.35250306e+00 -2.02732235e-01
    9.38189268e-01 2.13505208e-01 6.02510691e-01 1.26830304e+00
    1.09773386e+00 5.35347581e-01 1.19932365e+00 7.63430715e-01
    1.78536177e-02 4.70020473e-01 1.54898858e+00 -2.59850174e-01
    -8.03134739e-02 4.86711442e-01 1.32695758e+00 6.52853191e-01
    9.66727316e-01 -3.56565952e-01 7.30060756e-01 1.51316047e+00
    -1.81775838e-01 -3.05284083e-01 1.80628777e-01 9.36801493e-01
    2.43993729e-01 -4.33106720e-01 -4.29679871e-01 1.53855550e+00
    1.12916458e+00 8.55502307e-01 4.60423350e-01 4.45991337e-01
    1.34900999e+00 4.78269875e-01 6.96638048e-01 4.30435061e-01
    9.36714351e-01 -2.33189344e-01 1.14068997e+00 -3.07562649e-01
    8.75995219e-01 -2.18711376e-01 1.39059329e+00 -3.97852868e-01
    1.07239270e+00 1.43315339e+00 -2.60503560e-01 -2.31620938e-01
    1.11042678e+00 1.25497437e+00 1.18978691e+00 1.35104835e-01
    1.53302777e+00 -5.47628343e-01 2.23265409e-01 1.42096090e+00
    -2.81422287e-01 8.85373175e-01 1.37016869e+00 3.77382874e-01
    1.01987100e+00 8.18493545e-01 1.16280627e+00 2.41353273e-01
    9.37291205e-01 1.49423766e+00 -2.71460027e-01 1.17363119e+00
    5.56132317e-01 2.10912824e-01 6.80786014e-01 -9.36937332e-02
    -4.79372531e-01 1.53577876e+00 -5.48463166e-02 3.15551102e-01
    6.76801801e-01 1.21150708e+00 -5.03366649e-01 -1.01122260e-02
    9.89262462e-01 -1.16519332e-01 4.99597728e-01 -1.30636692e-02
    6.00113988e-01 6.38857961e-01 7.41992116e-01 6.84560537e-02
    7.58117914e-01 4.99875546e-02 -9.27578211e-02 2.40103483e-01
    9.42982793e-01 5.08397102e-01 1.50958788e+00 5.69464087e-01
    1.52330041e+00 -3.91067207e-01 1.00652456e+00 1.61355734e-02
    3.65363657e-01 3.04717839e-01 4.23999906e-01 1.07401085e+00
    -1.19930804e-01 7.94311464e-01 1.21593070e+00 7.70478725e-01
    1.35497189e+00 -5.25219262e-01 -4.82094496e-01 5.15201032e-01
    6.76938832e-01 -3.63758206e-02 1.42194724e+00 -2.57626772e-01
    -4.83918130e-01 1.95359528e-01 9.05963659e-01 -3.67594659e-01
    9.74272430e-01 3.58098865e-01 1.35587382e+00 1.42391670e+00
    1.23425913e+00 -3.98628443e-01 2.36919165e-01 1.27571273e+00
    1.20772147e+00 6.46762908e-01 1.11651564e+00 -2.57425904e-02
    -4.04535949e-01 5.18812656e-01 1.12732160e+00 4.04268622e-01
    3.24647963e-01 6.27197742e-01 1.24172497e+00 -6.51534796e-02
    5.65129995e-01 1.26690841e+00 6.21347368e-01 1.25895751e+00
    4.90080774e-01 9.43762422e-01 1.01835012e-01 2.81694949e-01
    5.75307906e-01 -3.27240258e-01 -3.60356390e-01 -2.59347737e-01
    -1.14207655e-01 9.78050649e-01 -4.41936672e-01 1.12876296e+00
    3.97504747e-01 1.44747663e+00 4.55763936e-02 1.24853301e+00
    8.43825698e-01 5.71550727e-02 7.49693990e-01 -5.17789543e-01
    1.24430132e+00 1.52506995e+00 7.82557249e-01 -3.94479603e-01
    2.57896423e-01 -3.76377940e-01 -3.77132803e-01 -4.10255313e-01
    7.63141990e-01 -2.79849887e-01 5.33408761e-01 -5.08850455e-01
    1.56518745e+00 1.32050109e+00 1.43417954e-01 -1.47479773e-01
    1.48973060e+00 6.75871432e-01 -2.44679272e-01 -2.57861048e-01
    2.09972143e-01 -2.09759325e-01 3.24717462e-01 1.45706415e+00
    1.49204385e+00 -3.55655789e-01 1.28960633e+00 3.15788448e-01
    9.13455784e-01 1.11858261e+00 -4.18678463e-01 6.98091209e-01
    -2.29397595e-01 1.62746072e-01 1.39582419e+00 1.04060864e+00
    -8.71061683e-02 1.15464473e+00 1.05494857e-01 1.00998330e+00
    -4.27696109e-02 -4.96089637e-01 5.45860529e-01 4.84796762e-01
    7.37913907e-01 1.23147154e+00 1.00255394e+00 1.20406628e+00
    7.40139306e-01 -3.92287791e-01 -8.79365206e-02 5.63898683e-01
    8.34784865e-01 9.26733255e-01 9.19407427e-01 -1.78234369e-01
    -5.23315310e-01 -1.45142883e-01 9.22670603e-01 -3.41351032e-02
    -1.42429560e-01 1.48574710e+00 1.76293910e-01 -2.55190432e-01
    3.24470043e-01 -4.78379041e-01 3.54255676e-01 9.50147510e-01
    -1.93992496e-01 1.19444060e+00 -2.56931931e-01 1.53564525e+00
    1.38383579e+00 1.40488911e+00 8.07498634e-01 8.23100567e-01
    1.61049962e-02 9.89359021e-01 1.01815844e+00 1.15682745e+00
    -2.93842375e-01 1.04566336e+00 1.36261046e+00 1.09060133e+00
    8.65897000e-01 1.45949388e+00 -4.25616324e-01 1.79365873e-01
    7.27034628e-01 5.62994003e-01 4.49004292e-01 4.65216398e-01
    1.38691390e+00 1.28600907e+00 5.72610080e-01 -2.53408343e-01
    -4.18002725e-01 -1.40804946e-01 3.20179999e-01 1.30417728e+00
    -2.82764435e-04 1.08267093e+00 -4.99564052e-01 7.39442289e-01
    5.75944364e-01 7.83986151e-01 8.94233942e-01 -4.95784551e-01
    2.11206913e-01 4.18743908e-01 -1.91250086e-01 -4.75854695e-01
    -3.78932714e-01 1.59078264e+00 8.95000756e-01 -1.72623336e-01
    -2.58463025e-01 1.18046653e+00 4.36688304e-01 1.49535263e+00
    1.80837631e-01 2.81563997e-02 1.48977041e-02 -4.20303643e-01
    -1.65673554e-01 -1.98702306e-01 1.38685274e+00 1.19561887e+00
    1.41300952e+00 -1.79974884e-01 -4.03368980e-01 7.40953207e-01
    -2.98610717e-01 1.38726974e+00 1.11524677e+00 1.53487170e+00
    -1.82171941e-01 1.05428147e+00 -5.20863771e-01 5.72168827e-01
    2.82246232e-01 1.28019261e+00 1.89632356e-01 -3.11646223e-01
    -4.36949372e-01 1.32812858e-01 7.68201709e-01 1.14395261e+00
    2.64249027e-01 4.57574546e-01 1.02946496e+00 1.30884349e-01
    1.18323660e+00 4.46148813e-01 1.48188615e+00 -3.13483477e-01
    -1.66158974e-01 1.32243109e+00 7.35815585e-01 -1.05551064e-01
    1.33505464e+00 -5.40188491e-01 1.43680596e+00 1.67731464e-01
    -1.26584589e-01 7.40509212e-01 1.36835289e+00 1.15904593e+00
    1.39814675e-01 -4.54988360e-01 -3.58783066e-01 2.53043473e-01
    8.35682154e-02 1.06997418e+00 1.21850777e+00 1.29554582e+00
    -3.71773124e-01 1.10816455e+00 4.05807912e-01 1.47924447e+00
    1.38428545e+00 1.05717468e+00 1.09158969e+00 1.09994590e+00
    1.28194499e+00 1.43298507e+00 7.75468707e-01 1.65878534e-01
    -1.11086398e-01 9.35182452e-01 8.79505396e-01 3.62747967e-01
    1.86619401e-01 -1.37064278e-01 -5.23411095e-01 7.04104722e-01
    1.19370377e+00 1.10476112e+00 7.78602064e-01 -1.36703521e-01
    1.20396900e+00 6.62768543e-01 9.63954508e-01 7.12383687e-01
    -3.39223742e-02 8.67080092e-01 1.39526105e+00 2.39513516e-02
    -8.61471593e-02 -2.79887617e-01 -1.46794260e-01 9.79006290e-02
    1.07496941e+00 4.36620057e-01 -7.99320042e-02 9.44208920e-01
    -4.72207248e-01 7.15566933e-01 9.80102718e-01 8.64687085e-01
    6.23398125e-01 1.13809168e+00 9.97668684e-01 1.26490641e+00
    8.94098997e-01 1.41542614e+00 -4.76261348e-01 1.18543053e+00
    1.50775671e+00 1.49898767e+00 -2.21739411e-01 4.39237356e-01
    3.04262459e-01 1.13409448e+00 9.39016461e-01 7.66319811e-01
    -3.11802000e-01 -1.26416832e-01 5.61749876e-01 4.93785918e-01
    7.88535237e-01 4.27608907e-01 -4.02388543e-01 1.04765344e+00
    6.21493280e-01 1.26498127e+00 1.31118798e+00 1.40476942e-01
    9.17422116e-01 -4.53931808e-01 -2.32760608e-01 -4.51204658e-01
    6.94051981e-02 2.95629561e-01 1.30845261e+00 6.16850972e-01
    9.85945165e-01 4.22422707e-01 9.81013358e-01 1.06511366e+00
    7.86047459e-01 7.84216464e-01 1.52448630e+00 -1.38296664e-01
    6.12438321e-02 3.32950115e-01 1.28631794e+00 8.30430210e-01
    1.33004057e+00 5.15508950e-01 -2.69213319e-01 1.43957257e+00
    2.61411071e-01 1.26805019e+00 1.10516846e-01 1.05425334e+00
    4.80986476e-01 1.12937212e+00 6.61586702e-01 7.89506435e-02
    1.23054826e+00 -4.93217736e-01 -5.33488989e-01 7.79657662e-01
    9.65439320e-01 3.02701235e-01 6.30598426e-01 3.55247319e-01
    8.98019493e-01 4.42970991e-01 1.37205505e+00 1.30808342e+00
    2.70255983e-01 -7.67364502e-02 2.99439609e-01 1.11794448e+00
    1.18986940e+00 -4.62132812e-01 3.23683619e-02 9.37648833e-01
    9.18102682e-01 8.98620069e-01 2.22166538e-01 8.60396147e-01
    -4.01268721e-01 7.59780765e-01 5.81516325e-01 5.76574624e-01
    1.21036077e+00 -5.10715246e-01 -5.91832995e-02 6.53913498e-01
    4.99024749e-01 -2.94232160e-01 9.81437802e-01 1.38745344e+00
    4.16589618e-01 5.01162052e-01 1.41262698e+00 -3.84973794e-01
    -4.21178043e-02 -1.03490949e-01 1.40934527e+00 9.42974925e-01
    2.67275572e-02 3.26905489e-01 -2.18565255e-01 1.02192402e+00
    1.28761721e+00 8.17432284e-01 1.32788777e+00 1.42426109e+00
    9.29355979e-01 -4.99513388e-01 -9.59120989e-02 1.06354070e+00
    8.51719737e-01 -2.53346741e-01 1.10539424e+00 2.07841635e-01
    -3.48802477e-01 1.39691317e+00 1.12004626e+00 1.22915781e+00
    5.14848471e-01 1.16251802e+00 -4.54895526e-01 5.28526127e-01
    2.55883217e-01 9.91429985e-01 -2.81572938e-02 8.19362164e-01
    -7.01946616e-02 5.70580542e-01 -5.08363545e-02 1.26247501e+00
    1.55150390e+00 7.79927373e-01 -2.98273683e-01 2.01029062e-01
    6.25797212e-01 9.40571845e-01 -6.98554218e-02 -5.04061282e-02
    -1.99357212e-01 -1.03829086e-01 5.92158079e-01 3.48596454e-01
    1.47536421e+00 1.03957915e+00 2.06181109e-01 7.77602136e-01
    -3.84685755e-01 5.31094790e-01 5.94098985e-01 1.41030741e+00
    3.74896526e-01 1.42323232e+00 1.63136601e-01 1.32944226e+00
    -1.94749713e-01 1.08109474e+00 -4.64468539e-01 1.56385851e+00
    1.36904097e+00 6.74302578e-01 5.79604030e-01 -5.43991268e-01
    1.05660105e+00 -6.17611706e-02 6.18639529e-01 -5.10896087e-01
    1.04710865e+00 -5.18364191e-01 1.42353058e+00 1.37150538e+00
    1.52242506e+00 3.29253852e-01 5.83050251e-02 -3.01465780e-01
    1.60378218e-02 -4.98966038e-01 1.32974410e+00 9.54848528e-01
    6.23127222e-02 5.54556727e-01 5.12899756e-02 -3.71024847e-01
    9.59105134e-01 7.35689342e-01 2.12279677e-01 1.90022588e-01
    7.13326037e-01 9.76420760e-01 -4.20536160e-01 6.17912829e-01
    6.51013851e-01 5.91196895e-01 1.51766109e+00 -2.65968174e-01
    1.28853655e+00 8.47724378e-01 4.69179809e-01 6.18963122e-01
    3.53114963e-01 1.44104815e+00 1.45397139e+00 -4.36409354e-01
    -4.36103344e-01 6.92397058e-01 3.99259806e-01 -1.15165234e-01
    9.15624380e-01 -5.00789225e-01 -2.72198170e-01 -3.30379963e-01
    5.05669832e-01 8.61292601e-01 -5.47864377e-01 9.51965570e-01
    1.14663887e+00 1.13802183e+00 6.29481673e-02 9.20265973e-01
    -3.94328833e-02 4.61212039e-01 7.59346247e-01 9.77426887e-01
    -3.28653246e-01 -1.43224984e-01 5.45748174e-01 1.09095252e+00
    1.38202012e+00 2.27621973e-01 5.03637373e-01 -1.52665973e-02
    1.27656245e+00 1.48515666e+00 5.26652515e-01 1.24383473e+00
    1.11068463e+00 -1.21897459e-03 7.88860261e-01 -3.67685020e-01
    -3.74499500e-01 1.15936995e+00 -2.16180623e-01 3.44822168e-01
    6.22936726e-01 3.85551512e-01 2.75308967e-01 5.19373894e-01
    4.47094023e-01 -1.65530980e-01 -3.12686563e-02 8.62288952e-01
    -3.34935248e-01 1.70033813e-01 4.22789276e-01 1.27134037e+00
    1.76449060e-01 1.04909801e+00 1.02675676e+00 1.09736848e+00
    7.30046451e-01 8.52484643e-01 1.16664410e-01 9.83043551e-01
    1.55403733e-01 9.03171182e-01 -5.27297258e-02 1.18135321e+00
    8.88251007e-01 -9.13544595e-02 -4.78727639e-01 2.46593893e-01
    1.51124620e+00 1.25248861e+00 1.22220969e+00 9.46839929e-01
    -3.91122341e-01 4.82827842e-01 9.70197380e-01 -2.01699674e-01
    1.01100743e-01 3.01629543e-01 -1.17538363e-01 -2.76979208e-02
    -3.07084024e-01 8.89913559e-01 1.16980135e+00 3.86657536e-01
    7.95881569e-01 3.60052943e-01 -5.33325791e-01 1.45104265e+00
    -2.13099718e-02 1.31913471e+00 8.33403587e-01 1.09245980e+00
    7.40897000e-01 -6.13689125e-02 9.83713627e-01 -3.28979731e-01
    7.05947042e-01 5.78123271e-01 -1.56510800e-01 -2.13966370e-02
    2.63962686e-01 -2.41925180e-01 4.06000316e-01 -4.91434216e-01
    -3.61617744e-01 -4.02674675e-01 9.12090540e-02 1.10157990e+00
    1.31020904e+00 -5.08867502e-02 6.28987789e-01 1.75655186e-01
    5.45491636e-01 6.85509801e-01 3.29180360e-02 -1.40707076e-01
    -2.97506124e-01 1.46819854e+00 1.51857865e+00 -9.56007540e-02
    5.30281246e-01 -3.88967156e-01 8.11737180e-01 2.23782599e-01
    1.00094461e+00 -4.03605402e-01 -3.58919263e-01 -3.67596418e-01
    9.81411934e-01 6.33549690e-01 9.83301997e-02 -2.05524772e-01
    7.11232245e-01 8.79242241e-01 -8.22300315e-02 1.83125436e-01
    -5.58944941e-02 7.75164425e-01 1.02651310e+00 1.47710145e+00
    7.91031837e-01 -3.67962420e-01 1.16712391e-01 2.15049744e-01
    1.24155974e+00 2.61706531e-01 1.11898291e+00 1.53177762e+00
    8.02707434e-01 7.41320729e-01 3.60977173e-01 4.42088425e-01
    1.48823416e+00 8.95126343e-01 -1.34925246e-01 1.42125905e-01
    9.95564878e-01 7.43647575e-01 2.71715522e-02 8.74284923e-01
    6.46061420e-01 3.75949740e-02 -1.87193334e-01 8.47813070e-01
    -7.24369884e-02 8.54390562e-01 6.19607687e-01 8.63438725e-01
    1.35929990e+00 -3.27987581e-01 9.23481941e-01 7.36647606e-01
    8.47509682e-01 1.29833043e+00 1.22017765e+00 -2.68673897e-01
    -4.08754706e-01 1.47106934e+00 -1.63027644e-02 1.07842708e+00
    1.53244567e+00 2.60566235e-01 1.04824734e+00 1.45659161e+00
    -3.82809162e-01 1.01870358e+00 7.66643822e-01 1.01200438e+00
    1.09341478e+00 8.48911703e-01 1.25862217e+00 -3.90853882e-01
    1.21372175e+00 -2.64201045e-01 1.71411276e-01 4.43941116e-01
    -3.36607873e-01 -4.68475103e-01 1.15573597e+00 -4.04346257e-01
    1.17762423e+00 -2.21312225e-01 2.14340746e-01 1.01515055e+00
    1.52980137e+00 1.34956264e+00 4.13405657e-01 6.53856158e-01
    6.24070942e-01 1.42347968e+00 1.24835372e+00 8.52302015e-01
    3.25850666e-01 1.10651135e+00 -4.84044462e-01 -2.11107194e-01
    1.01920962e-02 -5.40964365e-01 5.63869357e-01 8.51631641e-01
    8.51129889e-02 9.53450978e-01 1.70143366e-01 1.30430293e+00
    1.24402046e+00 -3.12594771e-01 1.16604710e+00 -2.58865356e-02
    1.33063149e+00 5.78288436e-02 4.40360785e-01 -2.76325554e-01
    6.76177859e-01 1.44462097e+00 9.89597738e-01 1.02837062e+00
    5.34504533e-01 1.98892236e-01 1.24262285e+00 4.68835354e-01
    1.11586046e+00 1.48415864e+00 3.59330833e-01 3.15605998e-02
    3.78193617e-01 4.81752813e-01 8.96027863e-01 6.10820293e-01
    1.48758984e+00 5.22948503e-01 4.36677456e-01 -1.22446895e-01
    1.53028214e+00 -4.90110815e-01 2.12830186e-01 -1.72983885e-01
    4.22543168e-01 1.06724095e+00 9.95930374e-01 -2.42471009e-01
    -3.77390087e-01 1.47038698e+00 1.30448627e+00 7.96466529e-01
    -1.85414821e-01 5.94134331e-02 1.29253840e+00 6.89345360e-01
    2.02165425e-01 1.23595405e+00 -1.41909778e-01 5.40396869e-01
    -1.41830117e-01 1.27068067e+00 -4.03921664e-01 9.77937579e-02
    7.07322121e-01 -2.76779681e-01 5.37036777e-01 7.77477980e-01
    1.35173965e+00 1.19419491e+00 1.07966554e+00 6.71405971e-01
    1.37979269e+00 8.00788403e-03 1.36268663e+00 -1.47538215e-01
    1.31343317e+00 -2.82723308e-02 1.15613675e+00 8.92836511e-01
    2.73422182e-01 7.86085308e-01 8.08762968e-01 6.69018686e-01
    1.21068180e+00 -5.37998676e-02 3.94017696e-02 6.76093638e-01
    8.05973649e-01 8.22992980e-01 8.37342441e-01 4.38451231e-01
    -2.72735804e-01 -1.92028344e-01 3.16114843e-01 4.90194082e-01
    7.75123596e-01 1.53828740e-01 -1.61671638e-01 5.15491545e-01
    2.53282905e-01 1.39201474e+00 1.09317350e+00 9.59408939e-01
    -3.38541806e-01 4.06025887e-01 3.09971571e-02 -1.49785787e-01
    1.34033680e+00 1.44322515e+00 9.21432078e-01 1.42072606e+00
    -4.18895215e-01 6.90187871e-01 7.17256844e-01 1.87122524e-01
    5.95361233e-01 9.88498330e-01 3.37235808e-01 8.05545390e-01
    7.75769174e-01 -4.43550497e-01 1.25144482e-01 4.05274689e-01
    -3.98616254e-01 2.10181475e-02 1.36545122e+00 6.12140238e-01
    1.23362970e+00 -2.22679377e-01 1.48612452e+00 -2.70620942e-01
    9.51746643e-01 2.50279486e-01 1.40225661e+00 1.00520849e+00
    1.16648328e+00 5.49633622e-01 1.56861424e-01 -3.41181070e-01
    5.62375069e-01 -4.50810224e-01 -2.69209146e-01 1.03485167e-01
    -4.70228314e-01 -4.39925849e-01 9.15280044e-01 -4.10443544e-02
    -1.91566586e-01 4.74448442e-01 1.26402020e+00 1.28389168e+00
    4.81289446e-01 1.74296498e-01 -3.17786336e-02 5.06056547e-01
    -8.52427185e-02 1.50433636e+00 -3.80990177e-01 8.51689517e-01
    6.98615909e-01 1.16651583e+00 -4.60458338e-01 1.23330522e+00
    1.08075762e+00 2.38604546e-02 -2.45192319e-01 9.97115433e-01
    -4.70005006e-01 1.12983298e+00 -2.63481170e-01 -4.16232646e-01
    5.38513303e-01 8.42975736e-01 1.26576865e+00 -5.20316839e-01
    1.10778618e+00 9.19423640e-01 6.79493308e-01 5.36861241e-01
    1.47629452e+00 4.80668008e-01 4.28437173e-01 7.63266683e-02
    6.58541620e-01 -2.11177796e-01 1.25757098e+00 1.26406527e+00
    2.11501479e-01 9.62969482e-01 -4.15392935e-01 7.70715475e-01
    1.25007212e-01 1.12694097e+00 1.10357380e+00 -4.77685988e-01
    -7.91919231e-03 1.30731237e+00 -3.38903368e-01 -5.33587635e-02
    -1.73949778e-01 1.15072131e-02 4.01006103e-01 1.37932801e+00
    1.96740925e-01 6.68204248e-01 6.64674103e-01 1.26904845e-01
    -4.91915584e-01 2.04750597e-01 1.01633883e+00 9.88714814e-01
    -2.36462206e-01 -4.23738956e-01 1.54428899e-01 4.00019944e-01
    6.99261725e-01 6.62886679e-01 1.43387771e+00 -1.76232398e-01
    1.99961603e-01 1.54857886e+00 -8.39233398e-05 1.40274715e+00
    2.86796868e-01 -4.62098122e-02 9.04591978e-01 -8.44566524e-02
    7.70302892e-01 8.45212638e-01 1.25190330e+00 -4.10211205e-01
    1.44415569e+00 1.43867135e-01 9.34402823e-01 1.56781530e+00
    5.13843119e-01 -2.39266306e-01 4.85174596e-01 6.05286539e-01
    6.52363956e-01 8.16975415e-01 7.49062717e-01 1.10928535e+00
    1.53913248e+00 4.49516118e-01 1.26219451e-01 1.42904139e+00
    6.10550046e-01 -3.73047680e-01 -1.79493457e-01 -4.23377097e-01
    -4.34977740e-01 5.09418666e-01 1.42870522e+00 2.11068690e-01
    9.44443345e-02 7.73198187e-01 -3.63236427e-01 2.94543505e-02
    -2.33589113e-01 2.28425741e-01 1.36192560e+00 -8.70386362e-02
    -1.41726017e-01 3.94268632e-02 -1.45018578e-01 2.27735519e-01
    1.43727660e-01 1.09731984e+00 -1.14871621e-01 8.13494861e-01
    1.15227532e+00 1.10372436e+00 4.96349990e-01 -7.61232376e-02
    3.81861329e-02 1.40226603e-01 -5.50896883e-01 1.32079291e+00
    -2.80433029e-01 4.87243533e-01 1.31820655e+00 4.13347244e-01
    7.16317356e-01 1.87321961e-01 1.36440969e+00 5.53049624e-01
    -9.48637724e-02 9.39620793e-01 9.73714590e-01 4.96267021e-01
    -4.21351671e-01 -3.49487126e-01 5.41540563e-01 1.34630585e+00
    1.22487879e+00 -5.28995395e-01 8.09574723e-01 1.17648327e+00
    7.32721031e-01 7.57405579e-01 6.01569891e-01 1.40829265e+00
    -1.15711659e-01 1.35541368e+00 1.13246918e+00 1.09582138e+00
    1.15454185e+00 8.97808731e-01 9.08193767e-01 1.40729964e+00
    7.93932259e-01 9.76858735e-02 -1.44768059e-01 1.05331111e+00
    2.40468264e-01 -2.64647782e-01 1.31641006e+00 1.16484618e+00
    1.30758440e+00 1.26427984e+00 1.37189627e+00 -4.60067511e-01
    1.12656283e+00 6.62688196e-01 1.38633919e+00 1.01437438e+00
    7.53546298e-01 -5.17648220e-01 -6.35400116e-02 -1.63073152e-01
    1.07641339e+00 -5.18709898e-01 1.27587533e+00 5.91464460e-01
    7.81317890e-01 1.13181210e+00 1.48597169e+00 1.20748210e+00
    1.26844692e+00 5.27243912e-01 4.58132386e-01 1.72171593e-02
    1.53634357e+00 5.25892735e-01 1.37876320e+00 8.42426896e-01
    1.27722967e+00 -3.75448525e-01 -1.67929292e-01 1.04475760e+00
    9.23024356e-01 1.27967548e+00 2.56028533e-01 -4.93658751e-01
    1.29310977e+00 1.02705812e+00 6.41757548e-01 8.73911798e-01
    1.18777215e+00 4.10352767e-01 -3.02234679e-01 -1.75426573e-01
    1.24091005e+00 -3.74331623e-01 1.50643945e+00 1.31270623e+00
    -6.04852140e-02 -2.13584214e-01 -1.48557305e-01 -4.53631729e-01
    9.48437631e-01 -1.66391760e-01 8.09438348e-01 1.29158497e+00
    6.99793637e-01 9.54244971e-01 6.26703620e-01 1.43282413e-02
    8.63930881e-01 1.34258056e+00 9.14760232e-02 3.57685506e-01
    -5.19322872e-01 1.04484439e+00 5.32687545e-01 -1.47671908e-01
    -9.07923579e-02 -1.38770908e-01 1.25245690e+00 -1.80946499e-01
    1.25185061e+00 1.91027939e-01 7.50710368e-02 2.61317611e-01
    1.01149619e-01 4.07392740e-01 1.25546265e+00 1.37738681e+00
    1.19320774e+00 -3.91354501e-01 1.50467265e+00 -4.20325309e-01
    4.43720400e-01 8.79263580e-01 4.87662017e-01 1.21856380e+00
    8.49932969e-01 1.16134107e+00 -3.96351457e-01 9.44204390e-01
    1.28770685e+00 1.42321646e+00 -2.45251626e-01 1.30770874e+00
    -1.50731206e-02 8.87471676e-01 1.13417220e+00 4.86767471e-01
    -3.99523675e-01 9.29209232e-01 9.96447206e-01 -4.10315573e-01
    1.00881410e+00 8.93126369e-01 1.47353673e+00 6.16956353e-02
    1.20551312e+00 7.94764102e-01 1.31165481e+00 1.13427126e+00
    -1.62889421e-01 9.94446218e-01 1.35948622e+00 1.47548604e+00
    -3.83687854e-01 -5.41157782e-01 4.98844385e-02 9.36876118e-01
    5.37885964e-01 5.84174395e-02 1.32428277e+00 1.06975365e+00
    1.06543040e+00 1.30256903e+00 1.04605758e+00 -5.11557639e-01
    1.55660152e+00 2.06556797e-01 2.92714894e-01 1.51046133e+00
    3.28781366e-01 -3.87870520e-01 -1.26832753e-01 3.63395512e-01
    -2.87627906e-01 5.07088184e-01 1.57439709e-02 3.68141949e-01
    1.04190230e+00 5.51708281e-01 4.88793552e-01 1.25158715e+00
    -5.61289489e-01 6.37329102e-01 -2.95664668e-01 1.21532750e+00
    6.15173936e-01 4.21937525e-01 5.95473051e-02 1.48511267e+00
    -1.76234663e-01 1.32848442e-01 -1.82984412e-01 5.33671379e-01
    3.71043622e-01 1.04828453e+00 2.65121520e-01 1.02062631e+00
    8.69518220e-01 1.21957970e+00 5.99852026e-01 5.66072583e-01
    1.43352413e+00 -3.05012316e-01 4.98813391e-02 6.65081143e-01
    3.64016652e-01 8.79850626e-01 8.00840855e-01 4.92012143e-01
    -5.00659525e-01 2.67492294e-01 1.07005525e+00 -3.53672504e-01
    2.33162045e-01 1.22137070e-02 -1.49727076e-01 6.59819663e-01
    1.48454595e+00 -1.56999171e-01 -3.07269990e-01 9.41218376e-01
    1.17790103e-02 5.30694723e-01 1.13577437e+00 7.38933563e-01
    -4.19260293e-01 1.55858994e-01 -2.55367845e-01 7.20331490e-01
    -3.28449219e-01 1.10884762e+00 9.60743427e-01 1.21364498e+00
    6.95894301e-01 1.14316940e-02 9.05980468e-01 9.72904146e-01
    4.74915802e-01 6.57013655e-01 1.20622396e-01 1.04420638e+00
    -3.67663205e-01 -3.22282761e-01 7.44904160e-01 2.15029120e-02
    1.17279351e-01 9.16874886e-01 1.27194858e+00 -9.93183553e-02
    1.25729537e+00 5.12537956e-01 -5.07343769e-01 -2.66463846e-01
    1.61254764e-01 6.35281503e-01 1.29140425e+00 -4.77448374e-01
    9.33476925e-01 6.65673852e-01 1.23206711e+00 1.84479415e-01
    1.04050279e+00 8.21456313e-01 1.05228186e-01 5.77620804e-01
    4.81788158e-01 1.27908337e+00 5.96749365e-01 3.11886251e-01
    -4.77469057e-01 5.40108442e-01 1.06842780e+00 9.95242000e-01
    9.15131569e-02 -3.52962375e-01 6.26000702e-01 9.26433682e-01
    1.10040879e+00 9.21076536e-02 1.15568769e+00 -2.42038906e-01
    1.33218873e+00 1.07948256e+00 -3.92724156e-01 2.24841893e-01
    1.06909680e+00 -1.90754294e-01 1.02703512e-01 7.93093264e-01
    1.72302127e-02 -2.20747739e-01 2.31817544e-01 -6.11245036e-02
    6.90271020e-01 1.19478631e+00 1.02136135e+00 -5.24066448e-01
    4.93886173e-01 -2.39511102e-01 -5.62667847e-02 1.41790366e+00
    -5.38700402e-01 -3.34199965e-01 -5.12483239e-01 5.35427153e-01
    1.06257725e+00 7.86204636e-01 1.21172178e+00 1.49940300e+00
    9.15375590e-01 1.31925142e+00 1.12903953e+00 4.05385911e-01
    1.43270731e+00 5.15464246e-01 1.04794657e+00 -2.96651870e-01
    1.32662892e-01 9.19420242e-01 -3.01629931e-01 1.15774703e+00
    3.07887435e-01 7.45210648e-02 6.83899641e-01 1.19695461e+00
    -1.22989744e-01 -8.23711455e-02 1.37097096e+00 5.77906370e-02
    3.11726630e-01 1.49344623e+00 5.14360964e-01 -5.16155362e-01
    1.00485718e+00 2.57267356e-02 8.91615212e-01 -1.69022441e-01
    4.14432943e-01 -3.39764893e-01 9.74089086e-01 -4.98979688e-01
    2.86749363e-01 1.34313679e+00 1.69115782e-01 8.91142130e-01
    -1.62557811e-01 6.22667968e-01 8.82060826e-01 7.49097049e-01
    1.46726847e+00 -4.32498097e-01 4.27260935e-01 1.06198263e+00
    -7.65263438e-02 1.00350952e+00 8.71590555e-01 1.57440245e-01
    8.47499967e-02 1.85047746e-01 -1.93429619e-01 1.09944701e+00
    -4.83641297e-01 1.77841365e-01 -5.51535010e-01 1.14244413e+00
    -3.64752412e-02 4.88912821e-01 1.16635442e+00 1.36408865e+00
    -5.55587709e-01 1.12097299e+00 7.36230493e-01 1.16557240e+00
    1.40621042e+00 1.88081861e-01 7.44434834e-01 5.93137741e-01
    1.38565087e+00 1.28562653e+00 -8.51502419e-02 7.45608807e-02
    1.49729121e+00 5.27044594e-01 -3.91097605e-01 -3.26577604e-01
    1.40274191e+00 8.92347276e-01 5.45806646e-01 1.25683808e+00
    1.51705444e-01 5.27980089e-01 -3.03163052e-01 7.18936324e-01
    1.12539184e+00 8.59158218e-01 1.14622402e+00 1.41642523e+00
    1.33428204e+00 -5.52466691e-01 -4.64720875e-01 1.43320894e+00
    6.85888946e-01 9.38985944e-02 1.41024888e+00 3.41889203e-01
    -4.44628119e-01 -4.99509573e-02 5.48343658e-02 1.15050054e+00
    -7.35318363e-02 1.72713697e-01 8.48319292e-01 9.03106630e-01
    5.43988347e-02 1.03789568e+00 -5.51791131e-01 1.23119068e+00
    1.11788607e+00 3.12757373e-01 7.01675713e-01 -5.37688434e-01
    2.48953581e-01 1.49438715e+00 -2.09991604e-01 1.22032499e+00
    1.16380167e+00 2.12274492e-01 8.23736727e-01 1.23650253e-01
    2.50598907e-01 -1.90623373e-01 1.01601768e+00 8.24700952e-01
    1.46715546e+00 -3.87142092e-01 1.24648190e+00 3.22513461e-01
    -4.13919926e-01 7.79663086e-01 1.07150030e+00 7.78747499e-01
    5.50460160e-01 -7.70184994e-02 5.60437381e-01 2.46821642e-01
    6.51723742e-02 1.23355508e+00 9.82772112e-01 1.80161893e-01
    1.16482520e+00 4.04889524e-01 -1.24810070e-01 4.47459161e-01
    -2.22592562e-01 7.24629104e-01 1.12476826e+00 -7.46175945e-02
    1.23766577e+00 -5.10430813e-01 8.05281878e-01 1.06400967e+00
    1.44302964e+00 6.02346182e-01 -2.56544828e-01 1.57329345e+00
    -2.54855394e-01 1.48021531e+00 7.93260336e-03 4.36875641e-01
    8.42272878e-01 6.91126227e-01 9.34518397e-01 1.21416831e+00
    5.91780066e-01 7.91068077e-02 -1.00884676e-01 7.99083412e-01
    -4.68700230e-01 1.30114973e-01 5.01967192e-01 4.71001685e-01
    1.03819203e+00 4.18997765e-01 3.26701641e-01 3.36588085e-01
    1.19420648e+00 1.29355741e+00 -4.13126111e-01 2.22104907e-01
    -2.84063816e-01 -6.55903220e-02 6.64119244e-01 9.32708383e-02
    1.48220634e+00 7.00673461e-02 1.35826206e+00 7.34008431e-01
    1.29932904e+00 2.71521330e-01 8.24867427e-01 1.52512372e-01
    1.49186349e+00 -2.15474606e-01 -5.76945424e-01 -4.66492504e-01
    1.34934056e+00 5.69445491e-01 1.36146617e+00 8.46302211e-01
    7.35041916e-01 2.52221406e-01 2.09982574e-01 -1.13213032e-01
    -2.21642643e-01 6.75750971e-02 -4.17292595e-01 1.14195311e+00
    6.63233876e-01 1.08041286e-01 1.53716373e+00 6.93180919e-01
    9.21480536e-01 3.79927039e-01 1.76981986e-01 -4.31982577e-01
    8.40669274e-02 8.42230737e-01 -2.60340631e-01 1.31880713e+00
    1.33210635e+00 3.14431190e-02 1.26360106e+00 1.30026698e-01
    1.10429704e+00 5.91632783e-01 1.02724040e+00 2.43173838e-02
    4.02338982e-01 1.11626863e+00 1.26253951e+00 -2.30520636e-01
    -4.19302285e-01 2.52289653e-01 1.13964081e+00 1.42377377e-01
    1.43089879e+00 2.20270693e-01 1.26575863e+00 1.29967642e+00
    -2.31378943e-01 1.11925745e+00 5.37662208e-01 6.19679213e-01
    9.46721435e-01 2.49233842e-01 4.42430615e-01 6.22378469e-01
    5.12007415e-01 3.60273898e-01 4.21327531e-01 9.94674265e-01
    -4.83700991e-01 1.10311925e-01 9.84310150e-01 1.10577047e-01
    -4.37436461e-01 1.55962944e-01 1.00220418e+00 -2.72282690e-01
    2.81046689e-01 8.42096329e-01 7.46750772e-01 9.41588461e-01
    2.83634424e-01 1.90718591e-01 1.56931877e-01 1.15078306e+00
    1.46467900e+00 -1.80453926e-01 -2.84823656e-01 1.66633487e-01
    2.83532143e-02 4.13606405e-01 6.83185399e-01 2.62804508e-01
    5.28955162e-01 9.41982150e-01 4.10635471e-02 1.32406771e-01
    7.83745587e-01 2.72996128e-01 9.17549014e-01 -1.82852417e-01
    4.30836618e-01 -4.20373261e-01 1.15721416e+00 1.19075990e+00
    -4.31540430e-01 6.58094645e-01 1.09441161e+00 -4.97971714e-01
    3.64879429e-01 1.47469997e-01 6.19455159e-01 1.49264097e+00
    1.36211133e+00 7.66650856e-01 -3.62839937e-01 1.08238161e-01
    2.73114622e-01 -4.26184803e-01 6.59194589e-01 8.24287534e-01
    8.77906144e-01 1.14470422e+00 -1.07336640e-01 1.16933203e+00
    4.73492146e-02 4.35887575e-02 1.25364363e-01 -2.48533905e-01
    1.29923606e+00 8.56276929e-01 -3.75953466e-01 -1.03851497e-01
    6.86980486e-02 -4.94457722e-01 9.92149711e-02 7.07696497e-01
    6.78102374e-01 5.04451156e-01 -4.97815967e-01 1.30698061e+00
    1.10896730e+00 7.79436171e-01 1.23601449e+00 1.42528057e+00
    -1.72600836e-01 1.38853097e+00 8.00968409e-01 7.20316887e-01
    1.03161561e+00 3.29839468e-01 1.81263745e-01 -1.57915950e-02
    -3.33801627e-01 -1.72744781e-01 9.21200693e-01 -2.02350616e-02
    7.72742689e-01 4.91216183e-01 9.90737557e-01 1.12179875e+00
    5.08353829e-01 1.32292151e+00 1.05580735e+00 -5.39957523e-01
    1.27609074e-01 -3.39345217e-01 8.77740026e-01 1.36350608e+00
    1.22180092e+00 -3.72865736e-01 1.09454107e+00 5.10643244e-01
    -4.88950044e-01 6.96149528e-01 -2.30996013e-01 -2.32262224e-01
    1.45339918e+00 1.40012622e-01 3.14071238e-01 6.83190227e-02
    1.71125293e-01 3.48759949e-01 1.28924406e+00 9.70232487e-03
    9.62189078e-01 -9.22741890e-02 -9.64165926e-02 -1.92863405e-01
    5.92209160e-01 7.94707894e-01 3.68235111e-01 9.36450422e-01
    1.10041535e+00 -3.15379381e-01 1.18528461e+00 1.34106290e+00
    2.37405419e-01 -1.04919136e-01 -5.17852962e-01 -3.79649639e-01
    -3.99357855e-01 1.05969930e+00 4.45789278e-01 -2.04896390e-01
    1.34837627e-02 1.67971969e-01 -5.49310744e-01 -2.31534243e-03
    2.73501873e-01 1.40549004e+00 7.10894644e-01 1.39735401e-01
    -5.19249141e-01 1.02797008e+00 1.45600176e+00 -5.08216262e-01
    5.74614882e-01 5.25725007e-01 9.55708623e-02 -2.00595677e-01
    4.30808902e-01 -1.84854358e-01 6.75597191e-01 -3.37285936e-01
    -3.10565740e-01 -5.54909706e-02 5.47049165e-01 1.96698248e-01
    1.12469625e+00 5.72476149e-01 6.86407924e-01 6.77522421e-02
    5.56510508e-01 1.17747903e+00 -2.91212171e-01 8.86373520e-02
    -3.28986585e-01 3.87378991e-01 8.46855462e-01 -3.94004881e-01
    6.73063815e-01 3.53821754e-01 -3.13683331e-01 1.32325435e+00
    1.49940968e-01 6.76512003e-01 2.65210152e-01 1.46485150e+00
    1.29502821e+00 -1.43991619e-01 -3.98208797e-01 3.04250121e-01
    1.11886322e-01 5.86589515e-01 -2.95259833e-01 5.00694871e-01
    9.98661876e-01 6.26712978e-01 7.48612702e-01 1.37135959e+00
    1.20611572e+00 7.15909183e-01 1.25571620e+00 1.41125512e+00
    1.45398605e+00 5.76153874e-01 9.23571646e-01 -3.99059951e-01
    2.46826887e-01 1.05359566e+00 7.98219442e-01 7.75517404e-01
    6.97392046e-01 -5.49358547e-01 1.11956167e+00 8.12169790e-01
    1.25475168e+00 -4.23971742e-01 6.78751409e-01 1.63915813e-01
    4.75840509e-01 4.85808253e-02 5.49266756e-01 1.10183549e+00
    9.20005143e-01 -4.84926522e-01 1.08560491e+00 5.13163447e-01
    3.67651522e-01 1.44218171e+00 6.19641364e-01 1.53321004e+00
    1.14067674e+00 -4.60970342e-01 9.17727113e-01 4.87937629e-01
    1.29576921e+00 -1.82741195e-01 6.45029843e-01 9.72214937e-02
    -5.14513612e-01 6.95951402e-01 5.16943932e-02 2.66022086e-02
    1.49330521e+00 -4.33655560e-01 -2.66648829e-01 -4.14464384e-01
    -2.01451451e-01 6.02502584e-01 1.33112431e+00 2.35454917e-01
    5.55719197e-01 9.75447118e-01 7.69926965e-01 -4.99819398e-01
    1.48996818e+00 3.17246616e-01 -1.35408908e-01 1.49607110e+00
    6.24501705e-01 7.65024006e-01 1.19279361e+00 1.36663699e+00
    -1.15560234e-01 -2.39959240e-01 7.96904325e-01 4.15703952e-01
    1.06940436e+00 -1.83515579e-01 4.08573031e-01 5.90360761e-01
    1.72614455e-01 1.59785450e-01 9.20661807e-01 2.82904804e-01
    1.29264307e+00 1.25140357e+00 5.56661189e-01 5.41334033e-01
    1.12117076e+00 1.00093281e+00 7.87674665e-01 -3.67526948e-01
    5.72674751e-01 -1.84446961e-01 7.61617005e-01 -1.35733455e-01
    5.03982067e-01 -4.41769361e-01 1.28093600e+00 1.19548392e+00
    7.51453459e-01 3.60981226e-01 3.76338005e-01 1.47746480e+00
    3.00446808e-01 9.26274478e-01 -5.06038129e-01 1.44273162e-01
    -5.25030732e-01 1.05175018e+00 1.58053100e-01 1.10169184e+00
    -2.54427463e-01 1.54112756e+00 2.07229733e-01 6.32596791e-01
    -4.26983237e-02 -1.01279855e-01 -4.59298015e-01 5.76782465e-01
    3.09019208e-01 6.41964555e-01 2.02650011e-01 -3.86243641e-01
    4.20360506e-01 7.73406088e-01 1.36452174e+00 -4.57975864e-01
    -1.50809914e-01 2.36467957e-01 -5.16273856e-01 1.13357449e+00
    9.96540189e-01 1.30065370e+00 3.91637743e-01 -2.80573428e-01
    2.79180944e-01 -4.23278213e-01 1.31809807e+00 1.26025796e+00
    -5.72490633e-01 6.19028211e-01 -1.93439782e-01 -2.30905265e-01
    1.08579016e+00 1.51154375e+00 -7.85925388e-02 1.36106062e+00
    2.97639966e-02 -2.14486420e-01 5.43977559e-01 9.85975623e-01
    5.74129224e-02 9.87641096e-01 1.05211902e+00 5.67282379e-01
    -3.80379975e-01 -4.80781555e-01 2.29467034e-01 -2.07832038e-01
    5.24902165e-01 8.27534378e-01 8.92937720e-01 1.23046207e+00
    -4.59284216e-01 8.94755840e-01 2.09249258e-02 -2.10089087e-02
    1.51727843e+00 7.88202405e-01 -3.15265864e-01 1.30549562e+00
    1.10667956e+00 5.62679768e-01 6.13293827e-01 -4.76130843e-02
    -3.99805546e-01 1.22187734e-01 3.26134562e-02 8.59175324e-01
    7.40701020e-01 -2.76221216e-01 7.51308978e-01 6.27585173e-01
    1.11842442e+00 4.26204801e-01 1.29393697e+00 -3.31734359e-01
    -1.81123674e-01 1.15871167e+00 1.21159530e+00 3.74670446e-01
    -4.24751639e-02 -2.39104629e-02 1.80161595e-02 1.09881234e+00
    1.43633270e+00 -2.07497984e-01 8.66677225e-01 -4.72165227e-01
    1.02153802e+00 6.57192528e-01 -3.47910285e-01 1.01445949e+00
    7.05517828e-01 1.52230716e+00 -3.26795638e-01 2.77046025e-01
    -4.31270003e-01 1.74895167e-01 1.40952730e+00 1.43454373e+00
    1.46425927e+00 -2.63907164e-01 1.30887079e+00 5.27958632e-01
    1.50196123e+00 -4.15171087e-01 9.61188197e-01 1.35874748e+00
    -4.45203096e-01 -4.44950104e-01 9.56020296e-01 -5.08295774e-01
    1.15653372e+00 1.29984546e+00 1.07750225e+00 1.34849906e-01
    9.27224338e-01 7.42641687e-01 -7.69521296e-02 -8.13023150e-02
    -2.45948672e-01 1.12417769e+00 1.42370272e+00 3.51988077e-02
    -4.87741709e-01 -4.37651515e-01 -3.04297209e-01 1.89749777e-01
    1.25097406e+00 -2.91302621e-01 1.43699241e+00 -3.62040877e-01
    1.06885672e+00 1.51235986e+00 6.47239685e-02 3.43917310e-01
    -1.66806728e-01 -2.45276690e-02 7.17441261e-01 1.55324078e+00
    -5.34889579e-01 7.36828446e-02 1.43766546e+00 7.56090283e-01
    8.48378897e-01 1.18574464e+00 3.81791055e-01 -8.61355364e-02
    4.90950584e-01 1.39176750e+00 -1.27773464e-01 6.34577453e-01
    -3.51008505e-01 9.53632951e-01 2.65980721e-01 -2.38158911e-01
    1.07337642e+00 7.06679702e-01 2.04975247e-01 1.12838364e+00
    1.71791613e-01 9.12302434e-01 1.51905656e+00 1.04172468e+00
    1.03705716e+00 1.05683756e+00 1.42683780e+00 8.11349630e-01
    2.09383607e-01 8.30860257e-01 8.14325035e-01 1.05478835e+00
    -1.61648989e-02 1.92301214e-01 1.22637177e+00 3.51618052e-01
    4.85164940e-01 3.19947064e-01 9.00386810e-01 7.10284531e-01
    1.53574491e+00 -5.26948631e-01 1.34923792e+00 -4.59834784e-01
    1.69629455e-02 1.31040037e+00 -2.94697285e-03 -3.91153574e-01
    2.64826357e-01 5.71329117e-01 -1.74919486e-01 2.64364362e-01
    1.36402535e+00 1.05235577e-02 1.07201767e+00 -2.74650961e-01
    5.93311965e-01 4.02406275e-01 -3.22069049e-01 2.35142887e-01
    1.46494830e+00 4.64201331e-01 -4.58193034e-01 9.33044255e-01
    -2.86643714e-01 7.06472993e-02 3.05333436e-01 1.82917714e-01
    1.11477494e-01 6.61092043e-01 -1.96687192e-01 1.44718885e+00
    2.58628130e-01 5.26273489e-01 -3.50680768e-01 -5.18131673e-01
    -3.51359308e-01 1.12862325e+00 6.44458175e-01 1.50142372e+00
    1.04212737e+00 -3.56659025e-01 4.23271239e-01 -4.61266160e-01
    1.31680131e+00 -2.59048790e-01 1.38062322e+00 4.20956373e-01
    -1.92152590e-01 -3.01595360e-01 -4.56783652e-01 -1.36734009e-01
    6.38958037e-01 4.12637949e-01 3.21360230e-02 1.37128448e+00
    7.67657638e-01 5.70496142e-01 2.25746036e-01 1.40595651e+00
    6.38414562e-01 1.16421330e+00 -1.41626358e-01 3.36406291e-01
    5.67799807e-01 -2.44704992e-01 1.37170589e+00 7.59621799e-01
    -3.69366407e-02 1.48024333e+00 5.34684658e-01 1.14748383e+00
    1.50231719e-02 1.05547535e+00 -1.78287685e-01 1.26603746e+00
    2.27365196e-01 6.90776169e-01 2.10326135e-01 1.58639967e-01
    -3.62343520e-01 2.60236859e-02 -3.07340384e-01 -1.24924034e-01
    2.16742158e-01 2.81868637e-01 4.46248233e-01 6.44995868e-01
    4.68748152e-01 -2.62612104e-03 4.64360535e-01 4.26040530e-01
    1.22253036e+00 4.22007501e-01 -2.27781057e-01 1.27119422e+00
    -3.00619125e-01 4.24237847e-02 7.42397308e-01 -2.02475399e-01
    1.02086186e+00 -3.50422740e-01 1.47795343e+00 -1.96525455e-02
    8.19429100e-01 -3.06112111e-01 1.39129281e+00 -4.48523939e-01
    8.95384729e-01 -3.07809472e-01 6.65183663e-01 1.15401530e+00
    1.19655967e+00 -2.84278363e-01 9.02043879e-01 -1.78018808e-02
    1.15732312e-01 1.44242549e+00 -4.64617908e-01 5.57733417e-01
    -5.23406923e-01 5.60226321e-01 -3.13719690e-01 1.29257548e+00
    1.11515617e+00 -2.32489914e-01 1.11971307e+00 1.51535618e+00
    3.93358946e-01 2.32364893e-01 -4.44980979e-01 1.09437227e+00
    -4.79275703e-01 1.07429981e+00 4.90489602e-02 5.95095754e-02
    -2.49776274e-01 1.32863164e+00 1.03339028e+00 -5.01287997e-01
    1.64492249e-01 1.23956585e+00 2.50149012e-01 1.19406760e-01
    -4.91591871e-01 8.60189497e-01 -3.40295911e-01 1.42753422e-01
    5.61946630e-01 5.05657315e-01 1.35580719e+00 -1.34180009e-01
    -4.77712572e-01 8.33916664e-03 -6.18588328e-02 4.29160893e-01
    2.69294739e-01 -4.07485783e-01 7.08887935e-01 1.06632304e+00
    5.28798878e-01 1.36665487e+00 1.41547680e+00 3.02112222e-01
    -3.37449312e-01 8.87292147e-01 1.07840216e+00 6.61194444e-01
    1.27820683e+00 1.25804305e+00 8.20171893e-01 1.28919733e+00
    3.52482617e-01 -3.17392170e-01 8.55173528e-01 -2.91721821e-01
    6.72141433e-01 1.41379440e+00 1.32389140e+00 9.29637372e-01
    7.54366875e-01 8.51551950e-01 1.03802800e+00 6.32087171e-01
    4.93628800e-01 -3.28592062e-02 -2.88317919e-01 1.05901289e+00
    1.26938522e-01 1.66811943e-02 -3.10093164e-03 1.27330208e+00
    1.51143074e-01 1.60195947e-01 -4.82438594e-01 -4.13443744e-01
    -5.11664569e-01 1.08519089e+00 1.43903375e+00 8.02758694e-01
    2.32737482e-01 -3.90242130e-01 8.60251427e-01 1.23161650e+00
    -2.51470953e-01 -5.14161825e-01 1.18772912e+00 -3.36146355e-02
    4.50530231e-01 6.04954064e-01 -1.28681958e-01 6.01696253e-01
    1.39574349e-01 -4.41447705e-01 7.64731884e-01 1.22156894e+00
    -4.85555679e-01 1.19653070e+00 -4.76931036e-01 1.69722259e-01
    -2.55183697e-01 -1.49011612e-02 3.86514366e-01 -4.66110110e-01
    1.02774358e+00 3.00867856e-01 8.62537205e-01 9.99727845e-01
    -6.74062371e-02 1.53001976e+00 8.56736004e-01 -2.57652164e-01
    1.49239779e+00 8.18964601e-01 1.13222456e+00 1.34631848e+00
    9.92656887e-01 -4.58954751e-01 3.31608057e-01 -1.94796413e-01
    -2.76630849e-01 -1.56856388e-01 -2.97631770e-01 -3.44559252e-01
    2.08955765e-01 -4.76174444e-01 5.54272652e-01 1.16115189e+00
    1.48714542e-01 -5.56347728e-01 1.40503466e-01 2.18617320e-01
    -5.44162989e-02 6.85802579e-01 1.00102329e+00 1.10657525e+00
    1.28102517e+00 5.90904355e-01 3.13312411e-02 1.04339290e+00
    1.21350682e+00 1.18663120e+00 1.44537330e-01 1.16833210e-01
    -5.26781499e-01 1.56447887e-01 -1.45897955e-01 -4.45097983e-01
    1.05024338e+00 1.26228571e+00 3.53788495e-01 1.63114130e-01
    7.80766189e-01 -1.16550982e-01 1.38809681e-02 -4.28372979e-01
    1.46736848e+00 8.03362668e-01 7.99738407e-01 -3.91662270e-01
    -3.64725471e-01 -3.26452136e-01 -4.07058120e-01 9.69176531e-01
    1.50395465e+00 8.28192592e-01 5.39224982e-01 1.54005194e+00
    -5.58227599e-01 1.08089876e+00 8.13176692e-01 1.92684531e-01
    -1.38825983e-01 -3.99842292e-01 1.03415787e+00 -2.07686961e-01
    -4.99113262e-01 1.12518024e+00 4.88225281e-01 3.20838392e-01
    1.00218844e+00 8.32760096e-01 3.87767911e-01 2.19436109e-01
    1.25890207e+00 7.78271198e-01 1.74579144e-01 3.20199788e-01
    1.88337684e-01 8.28918219e-02 -4.44488525e-01 6.13108993e-01
    8.60740781e-01 -3.96351457e-01 9.06794131e-01 7.97046900e-01
    1.11736000e-01 1.47339153e+00 6.75015509e-01 1.33247375e-02
    7.07336068e-02 3.06992054e-01 1.09273231e+00 1.13621092e+00
    6.12299800e-01 6.96220815e-01 2.43714929e-01 2.51451373e-01
    6.64509594e-01 8.51231575e-01 9.96314049e-01 1.44033456e+00
    -1.20550543e-01 -4.78101403e-01 2.27470577e-01 1.49680984e+00
    7.15512335e-01 1.36851668e+00 1.51401663e+00 -2.72517383e-01
    3.91550183e-01 1.41117156e+00 -4.08999652e-01 2.89454401e-01
    1.15126896e+00 6.83234274e-01 -4.67486292e-01 9.27451134e-01
    4.39719796e-01 -2.08591223e-02 7.37151623e-01 -5.91026843e-02
    -3.60264510e-01 1.49965823e+00 9.96092856e-01 1.08769476e-01
    1.30154908e+00 1.29546595e+00 7.27263927e-01 1.45217609e+00
    2.01828599e-01 3.42509031e-01 1.31413460e+00 -3.45804304e-01
    1.47643232e+00 -7.79111683e-02 1.23887873e+00 5.78464508e-01
    1.03348637e+00 1.19968355e+00 -1.14103287e-01 -4.60843921e-01
    1.31589997e+00 7.73467302e-01 5.08486331e-01 6.26858532e-01
    6.92116618e-01 1.30470586e+00 1.10996568e+00 2.31952965e-01
    9.68656301e-01 -2.09003836e-01 1.22816575e+00 1.38432384e-02
    -1.42750084e-01 1.37313771e+00 1.23514867e+00 -3.58907968e-01
    7.91918993e-01 5.40292501e-01 4.71665323e-01 9.92568791e-01
    -2.97793657e-01 -5.19556344e-01 -3.79866362e-03 6.41935587e-01
    -5.72436035e-01 -1.93878680e-01 1.40669525e+00 1.38470995e+00
    7.69163013e-01 -3.10675025e-01 1.30799747e+00 -2.69595981e-02
    1.46300125e+00 -5.50290644e-01 -4.51899797e-01 7.14602172e-01
    5.52934527e-01 1.67925954e-01 1.02117491e+00 -1.90323949e-01
    1.05193758e+00 8.35554838e-01 6.48289263e-01 1.85390711e-01
    -7.67951012e-02 -3.33235145e-01 -9.28682685e-02 2.84551144e-01
    1.10268784e+00 -2.30711639e-01 1.40640306e+00 -1.65734798e-01
    2.05243647e-01 1.76983476e-01 1.18431747e-01 3.11008096e-01
    1.19070113e-01 1.05006456e+00 1.37842250e+00 3.08640182e-01
    9.97283280e-01 -3.77456546e-02 9.50420380e-01 1.12480521e+00
    -4.64153886e-01 -3.11904132e-01 2.43567228e-02 1.37313747e+00
    -1.53927088e-01 8.90950859e-01 5.50773263e-01 1.30299497e+00
    -3.30424964e-01 -3.51663828e-02 1.43943429e+00 1.14622235e+00
    1.46384287e+00 -4.28218544e-01 1.11044347e+00 2.35489547e-01
    4.91830885e-01 1.43699145e+00 4.44740891e-01 8.57348621e-01
    3.82375479e-01 8.06355119e-01 1.97057188e-01 3.97936106e-01
    3.17846000e-01 1.03340769e+00 2.67350316e-01 2.87093222e-01
    -3.36901546e-02 3.68245840e-01 1.40251565e+00 8.66487086e-01
    1.25636840e+00 1.11991704e+00 7.92596698e-01 1.40841436e+00
    -5.30694306e-01 -2.32884020e-01 9.22847629e-01 1.29111516e+00
    1.16368032e+00 6.09121680e-01 -2.59168833e-01 1.44747090e+00
    1.03055954e+00 2.21083879e-01 1.44577384e+00 1.25427961e+00
    3.33397150e-01 3.16811204e-01 1.49524653e+00 5.17091930e-01
    1.17856729e+00 5.18343508e-01 -1.18021578e-01 1.01093566e+00
    1.32429516e+00 1.16620207e+00 7.14177549e-01 -1.06459081e-01
    1.43438077e+00 5.92276692e-01 -1.56918168e-02 2.31064320e-01
    1.36664748e+00 4.48997676e-01 1.47003353e+00 -1.00762397e-01
    -4.33176756e-02 1.39138591e+00 1.47235000e+00 7.60396183e-01
    -5.35976648e-01 9.18677270e-01 1.40205121e+00 1.21565914e+00
    1.26720715e+00 1.99250281e-01 9.63168144e-01 6.28599167e-01
    1.16000199e+00 1.37725317e+00 1.16112256e+00 -2.95139045e-01
    9.56041336e-01 9.16929901e-01 -1.06834173e-02 4.01430368e-01
    1.35961890e-01 3.76873910e-01 1.04086697e-01 -1.32196903e-01
    -3.24338257e-01 -1.12639666e-02 1.52851951e+00 9.63825583e-02
    1.09639394e+00 2.88244963e-01 9.82742429e-01 5.81986785e-01
    1.02658987e+00 4.50406790e-01 -4.17399704e-01 7.59081423e-01
    9.04372752e-01 1.93952203e-01 3.14707696e-01 -1.64254069e-01
    1.06366789e+00 4.92036462e-01 -2.61565387e-01 9.85835075e-01
    1.37102318e+00 1.01185155e+00 -4.14892793e-01 3.18368256e-01
    9.78330195e-01 -4.31875885e-01 4.98733580e-01 1.08378124e+00
    1.30392432e+00 -4.01169419e-01 -4.43189740e-02 1.92615747e-01
    -3.51820827e-01 -5.51699281e-01 1.47864187e+00 3.44907939e-01
    -2.05614924e-01 6.30912542e-01 7.19266355e-01 8.89537692e-01
    4.48149085e-01 1.10500276e-01 -2.36465752e-01 6.37759089e-01
    -3.85263026e-01 4.78491008e-01 2.00886130e-01 1.45133066e+00
    1.16605401e+00 1.37385416e+00 8.87604296e-01 1.49581563e+00
    3.05563986e-01 4.95246768e-01 1.34799504e+00 1.00069284e-01
    7.07553864e-01 6.14015937e-01 9.56663966e-01 1.54526162e+00
    1.37898970e+00 1.13351643e-01 -3.15729678e-02 1.65592074e-01
    -3.21099401e-01 2.58791447e-03 8.89883459e-01 3.95255566e-01
    5.02763093e-01 4.04841363e-01 -4.48922873e-01 1.08360648e-01
    -1.73292071e-01 -3.16759795e-01 1.34119570e+00 -3.33232015e-01
    8.48702192e-01 3.66119802e-01 7.01123118e-01 8.78704250e-01
    3.59690785e-02 -3.87726426e-02 8.26632261e-01 1.37240791e+00
    -9.09928381e-02 9.76643324e-01 7.18447685e-01 3.32964361e-01
    2.13668883e-01 9.15677547e-02 7.93668449e-01 2.66573012e-01
    2.45370805e-01 1.29496133e+00 1.02341723e+00 3.90786827e-01
    6.23854935e-01 9.37050641e-01 4.66551721e-01 9.47037339e-01
    1.39661360e+00 1.52841473e+00 5.61651766e-01 1.10018921e+00
    -4.40655589e-01 -1.16608620e-01 1.40537262e-01 6.93020225e-02
    6.87181294e-01 7.88022697e-01 3.64281118e-01 5.70984602e-01
    1.34354126e+00 1.11880910e+00 1.03865719e+00 -1.58357203e-01
    4.30871546e-01 -8.41440260e-02 6.25544012e-01 -1.00111991e-01
    5.57272315e-01 1.34279299e+00 2.30585337e-01 -1.37408376e-02
    1.09847713e+00 1.51451254e+00 1.33733642e+00 5.47263741e-01
    9.20611620e-01 1.62587941e-01 -1.79061592e-01 1.43775165e+00
    5.00977576e-01 1.01967025e+00 9.71171439e-01 1.48420286e+00
    1.10751641e+00 1.04837799e+00 -3.83882701e-01 -1.84579730e-01
    5.85893989e-01 4.93738651e-01 -3.34432960e-01 1.18857622e-01
    1.56932521e+00 1.05605125e-02 1.94702029e-01 1.48273933e+00
    -4.36142474e-01 -3.02519202e-02 1.53047681e-01 5.60592115e-01
    -1.42218828e-01 -4.79581177e-01 1.03425395e+00 5.91020048e-01
    3.86204422e-01 1.37970972e+00 -1.45911664e-01 1.45789075e+00
    -4.56821948e-01 -6.18228912e-02 1.35434365e+00 -2.91920960e-01
    5.37781000e-01 5.62924922e-01 1.05740905e+00 5.49618483e-01
    -4.52485859e-01 -4.63077784e-01 1.80403709e-01 7.56632090e-01
    -4.46832776e-01 2.19924867e-01 3.11359882e-01 -5.55738211e-02
    8.31611931e-01 -2.00963229e-01 1.42332435e+00 -3.42140734e-01
    1.50835979e+00 9.08436060e-01 -1.33526951e-01 4.40976083e-01
    -8.27026367e-02 2.61047363e-01 2.02342689e-01 9.40164983e-01
    1.82537317e-01 -3.54383260e-01 1.31187320e+00 5.42263508e-01
    2.10276425e-01 9.68082905e-01 1.16482925e+00 1.40456021e-01
    3.37593138e-01 5.21963894e-01 9.90428567e-01 1.44220519e+00
    -4.31052148e-01 3.78294766e-01 1.38876724e+00 9.04459357e-02
    4.62412715e-01 1.15688992e+00 3.07324946e-01 -1.17774397e-01
    -2.16914058e-01 6.26146734e-01 1.42522430e+00 5.71540296e-01
    1.35806179e+00 4.19750869e-01 -2.90656865e-01 -5.20551860e-01
    5.44753730e-01 -1.06753945e-01 3.10938179e-01 1.37572742e+00
    1.23808801e+00 -5.17183423e-01 -4.08044040e-01 2.74975657e-01
    4.58698988e-01 9.97441530e-01 -3.05462003e-01 9.05099094e-01
    1.06819344e+00 1.07986021e+00 6.01040721e-01 1.22983742e+00
    2.72851348e-01 5.84336877e-01 1.27860355e+00 1.79828763e-01
    -5.53522944e-01 5.13824463e-01 1.46136284e+00 9.83099937e-02
    1.31297147e+00 1.29796183e+00 1.61152065e-01 9.01867688e-01
    1.31873405e+00 9.43823397e-01 7.18827724e-01 -7.43067563e-02
    -5.37438154e-01 -3.17050815e-02 1.48569906e+00 1.47478867e+00
    8.73206496e-01 1.19272447e+00 -2.54992336e-01 1.37938261e+00
    6.21772468e-01 -7.04694688e-02 1.33058071e+00 1.18455720e+00
    3.02099109e-01 7.54594803e-03 1.35350037e+00 -1.12575889e-02
    1.18580508e+00 -3.07909846e-01 -1.02499813e-01 1.94083869e-01
    1.54355955e+00 4.00234044e-01 -5.40593505e-01 1.44907212e+00
    5.14101207e-01 -3.63272220e-01 -4.85523939e-02 -5.51734686e-01
    1.90971673e-01 -4.53054905e-04 4.64747667e-01 -5.66603541e-02
    1.14624810e+00 -1.96068138e-01 -2.90822715e-01 8.19615245e-01
    -5.24096906e-01 7.56702423e-02 5.12984991e-01 1.46732855e+00
    1.48046672e+00 1.27947211e+00 7.89690018e-02 1.09765887e+00
    6.53637886e-01 9.21557188e-01 7.12777138e-01 5.66263139e-01
    1.23001623e+00 -9.19006467e-02 -3.35610509e-01 1.21983600e+00
    9.38927531e-02 1.39290023e+00 3.02108526e-01 4.67439175e-01
    1.15261269e+00 1.52394438e+00 -3.93254340e-01 1.33592176e+00
    5.18565059e-01 1.28265154e+00 -4.74569023e-01 1.48822153e+00
    9.47323263e-01 9.06651020e-01 -4.74591345e-01 9.37468290e-01
    8.15724432e-01 6.34910941e-01 1.16534567e+00 3.83706450e-01
    -4.85288858e-01 1.39615798e+00 -2.60729432e-01 1.38773477e+00
    -9.17697251e-02 8.47229779e-01 -1.87390029e-01 6.16211176e-01
    3.18894863e-01 1.57869768e+00 1.52947950e+00 -2.20997244e-01
    8.02151024e-01 -4.76996064e-01 2.36953557e-01 1.01392007e+00
    -5.48276305e-02 2.80303121e-01 7.93569326e-01 2.20036924e-01
    4.06652391e-01 1.36953008e+00 9.59898114e-01 7.17681944e-01
    -4.74005878e-01 -3.98276627e-01 1.42363262e+00 6.34010434e-02
    1.47277319e+00 -2.14163244e-01 1.07684112e+00 -4.77495968e-01
    9.68104720e-01 1.23584628e+00 9.78276253e-01 7.68712938e-01
    1.31025314e+00 1.32255507e+00 7.09013820e-01 6.42100811e-01
    2.55222976e-01 1.37846184e+00 -2.78845340e-01 1.57653332e-01
    9.80769575e-01 1.05684030e+00 -5.26872456e-01 -5.47584057e-01
    5.04005611e-01 1.37910914e+00 7.68336654e-02 6.76621079e-01
    2.65505433e-01 1.37603462e-01 1.02323520e+00 6.74768031e-01
    -1.69216931e-01 2.63770998e-01 4.41733837e-01 1.45218515e+00
    1.52464366e+00 1.52034688e+00 1.39150429e+00 -1.29320949e-01
    -1.07289702e-01 1.22770214e+00 6.76495373e-01 3.48221362e-01
    -4.14569318e-01 6.57025397e-01 -3.55702639e-01 3.32196951e-01
    1.36543679e+00 7.30105817e-01 3.34029078e-01 8.86030853e-01
    9.31521416e-01 9.88790274e-01 1.21986997e+00 1.74158514e-01
    6.55456901e-01 -3.42808127e-01 1.39014792e+00 3.23319852e-01
    1.30847812e+00 3.72441649e-01 7.18444407e-01 8.65399420e-01
    6.14394009e-01 -3.64850163e-01 -7.11722076e-02 9.29946423e-01
    1.27685642e+00 9.68917370e-01 -2.56911069e-01 8.29817951e-01
    1.17294168e+00 1.00282872e+00 1.09172142e+00 1.25825167e+00
    3.57027531e-01 1.04248524e-03 9.69019294e-01 1.50449026e+00
    -2.36273617e-01 -3.97113711e-01 -5.48533797e-01 1.51413417e+00
    8.98396015e-01 3.64869833e-01 5.17723441e-01 5.70356548e-01
    1.20735896e+00 1.30594552e-01 -4.12168533e-01 3.98225784e-01
    3.61113548e-01 1.47990417e+00 -7.38888979e-03 1.03640461e+00
    5.71758986e-01 9.22881842e-01 -5.41121364e-02 -3.43015760e-01
    7.10554004e-01 9.80842590e-01 3.14026296e-01 6.14210725e-01
    1.46105158e+00 9.48615074e-01 1.16942072e+00 1.01184130e+00
    -5.11023879e-01 6.90250039e-01 8.58722210e-01 4.10689473e-01
    1.28597951e+00 2.14381218e-02 1.34976947e+00 1.39965415e+00
    1.36074257e+00 8.68254423e-01 5.25460958e-01 4.90236700e-01
    3.56543422e-01 -2.93412328e-01 1.34084821e+00 5.27150750e-01
    7.05713630e-02 -4.05055195e-01 6.88948691e-01 2.26665854e-01
    -4.45984304e-01 1.25138831e+00 -2.28661895e-02 3.81266356e-01
    -3.01406741e-01 7.19239116e-01 -5.01883030e-03 1.42890775e+00
    1.02503967e+00 8.66404474e-01 1.42868114e+00 7.65621066e-02
    6.10342085e-01 -3.46210957e-01 -2.90250063e-01 1.01939535e+00
    3.74058187e-01 1.07829726e+00 2.87994862e-01 -1.75532848e-01
    1.17870641e+00 7.82981694e-01 3.70530486e-01 1.74559355e-02
    -4.07985032e-01 1.14243305e+00 -2.91769534e-01 1.62382603e-01
    1.42412734e+00 1.42045164e+00 -4.63486791e-01 7.32368827e-01
    4.28205788e-01 7.88381994e-01 7.37839341e-02 1.06806207e+00
    -3.79219711e-01 -1.55296713e-01 2.71733403e-01 7.33989358e-01
    -1.99334890e-01 2.44697571e-01 1.03711307e-01 -4.22598392e-01
    1.10243034e+00 1.13584828e+00 3.06729674e-01 -4.34366435e-01
    -2.75043339e-01 -2.35421658e-02 1.29257870e+00 6.49894297e-01
    9.15431976e-03 -4.72495288e-01 1.44256020e+00 -3.40535045e-01
    1.09741449e+00 1.02403939e-01 1.07705688e+00 1.36842847e+00
    -2.55699962e-01 1.26306462e+00 2.88538516e-01 1.40352702e+00
    9.54779327e-01 1.50912023e+00 2.78831124e-01 -4.55559015e-01
    1.67285979e-01 1.01401305e+00 2.85164356e-01 5.68559468e-01
    5.11869669e-01 8.64188910e-01 1.42817914e+00 -3.36801648e-01
    -1.48474813e-01 1.12766147e-01 9.36248779e-01 1.64211452e-01
    8.95674109e-01 1.27974570e-01 1.00582719e+00 2.08137870e-01
    4.41779494e-02 1.00981426e+00 8.80064607e-01 8.45160067e-01
    -5.32140136e-01 5.03448606e-01 1.05079591e+00 -9.69620645e-02
    9.77664590e-02 3.50132465e-01 7.19999075e-02 1.25469267e-01
    -2.05946773e-01 -9.95448232e-02 4.21263933e-01 -4.09429967e-02
    2.42222607e-01 -1.40421987e-02 1.09904861e+00 -1.14371508e-01
    2.59220421e-01 1.43725467e+00 -3.62381399e-01 8.23924005e-01
    -4.94064778e-01 -2.85188287e-01 5.49665630e-01 4.82696116e-01
    -1.84929192e-01 -2.16085643e-01 6.96278811e-01 2.07797527e-01
    7.40767956e-01 1.08261633e+00 1.95132911e-01 1.40938365e+00
    3.40952635e-01 1.35502255e+00 -1.95987314e-01 1.12488329e+00
    6.19416833e-01 1.46070027e+00 4.70598936e-02 1.37125659e+00
    4.23438966e-01 6.50122941e-01 7.75805175e-01 1.05241477e-01
    1.22037125e+00 1.14977908e+00 -4.56900775e-01 1.06338334e+00
    1.48960733e+00 1.43309450e+00 -2.66312599e-01 4.79768097e-01
    -2.14694947e-01 6.97636008e-01 -5.79581916e-01 1.11795080e+00
    7.57667482e-01 9.89394188e-01 -5.54778814e-01 1.26473498e+00
    -9.95416641e-02 9.09868479e-01 5.07096767e-01 -5.77145815e-02
    5.78872144e-01 4.11587954e-02 1.38194776e+00 8.64438415e-01
    8.64610314e-01 8.75012279e-01 1.35860610e+00 -5.00941396e-01
    2.95241475e-01 9.63156939e-01 9.94439244e-01 9.59608555e-02
    1.16984725e+00 -3.18884462e-01 -1.92443132e-02 9.95149732e-01
    1.20204866e+00 5.26858449e-01 1.39403713e+00 -4.94223833e-02
    1.04590344e+00 -1.52633786e-02 -1.53988093e-01 1.39423299e+00
    1.30511284e+00 6.77356362e-01 -5.83648682e-03 8.34771872e-01
    1.45422959e+00 -7.22249746e-02 1.28850460e+00 1.07107079e+00
    7.33722448e-01 -2.00837702e-01 2.63291538e-01 1.00264096e+00
    -3.04607332e-01 -1.78762078e-02 1.28719473e+00 -6.14179671e-02
    2.69410908e-01 3.24564159e-01 6.19718432e-02 1.12778521e+00
    8.13279748e-01 2.51932621e-01 1.28788292e+00 -4.32081223e-02
    1.19415808e+00 -4.51308787e-01 8.77313972e-01 4.80029583e-02
    2.22583771e-01 9.03804362e-01 6.97803140e-01 6.12385392e-01
    6.22155011e-01 2.43616879e-01 1.41634905e+00 -4.57180053e-01
    1.27052379e+00 9.10990238e-01 9.51088428e-01 8.30529869e-01
    3.61033916e-01 1.91046476e-01 -3.04222703e-01 2.89407134e-01
    -5.19353986e-01 1.27769518e+00 1.16501045e+00 5.94976187e-01
    1.38741660e+00 -1.44896775e-01 -3.31848532e-01 1.17688274e+00
    1.16816497e+00 4.10382509e-01 7.90828466e-03 -1.99301988e-01
    1.14883065e+00 1.02619064e+00 1.58301771e-01 8.93818319e-01
    4.03835893e-01 1.25567365e+00 1.06563628e-01 1.31461740e+00
    -3.99531811e-01 -5.87165356e-04 5.75578034e-01 9.72646117e-01
    1.03729653e+00 -5.46225369e-01 -6.75896406e-02 7.18239903e-01
    1.36358070e+00 5.03109932e-01 7.01829731e-01 1.45931482e-01
    5.14328122e-01 -3.24235737e-01 -5.60117066e-01 1.18926477e+00
    1.67788982e-01 -3.75183463e-01 7.54130304e-01 -2.38148302e-01
    9.55736220e-01 4.77316797e-01 2.38283932e-01 7.11064816e-01
    1.31460905e+00 3.05568516e-01 -1.43673569e-01 -3.02147269e-02
    1.04536676e+00 8.00017953e-01 3.02930892e-01 6.78766787e-01
    8.45391095e-01 -3.76754731e-01 -5.35274029e-01 8.94368291e-02
    -3.32609653e-01 1.53235841e+00 -3.18526238e-01 9.65738893e-02
    6.85534477e-02 -4.24802721e-01 5.48063815e-01 -2.87079811e-02
    8.44105542e-01 1.15607655e+00 3.87025833e-01 3.90977979e-01
    8.81787658e-01 3.86244237e-01 1.19283950e+00 -3.64346385e-01
    6.68948889e-03 1.10837007e+00 -2.83663660e-01 1.20261753e+00
    -2.95725644e-01 -2.26018429e-02 4.63723063e-01 -3.88851285e-01
    -1.89285904e-01 5.17953634e-01 5.67185342e-01 -6.76156878e-02
    -2.86857903e-01 8.64319861e-01 6.89200282e-01 6.61693037e-01
    1.38843679e+00 9.63022411e-01 1.38330233e+00 1.16342139e+00
    1.15124702e+00 -2.20810831e-01 1.05298305e+00 -2.13177830e-01
    -2.11557388e-01 -9.65232849e-02 -4.30828512e-01 -3.06416154e-02
    3.34726453e-01 9.99254167e-01 -1.90598160e-01 8.72025907e-01
    -2.37156481e-01 1.18481541e+00 1.24327254e+00 -1.63456708e-01
    6.46702528e-01 6.61568046e-01 -6.52557611e-02 -5.56709468e-01
    2.05932319e-01 -4.62171167e-01 1.08236885e+00 4.36975062e-01
    -8.15847218e-02 2.07207620e-01 -3.39116454e-01 -3.10233772e-01
    1.31918907e-01 7.99576283e-01 -3.26525033e-01 9.54590797e-01
    1.68012381e-02 4.37159479e-01 2.14026093e-01 1.26019669e+00
    -1.91053689e-01 -3.25181305e-01 1.46643138e+00 1.52997541e+00
    -3.72704744e-01 4.12625790e-01 1.08726144e+00 -1.40179515e-01
    1.07743526e+00 -3.90929699e-01 -2.89760649e-01 -4.91523445e-02
    1.59139335e-01 3.56262922e-01 2.07835436e-01 1.07554460e+00
    -2.48343676e-01 1.54858673e+00 9.45091844e-01 -8.26653838e-02
    2.14846909e-01 1.20229959e+00 -2.00064033e-01 1.03473735e+00
    7.17051268e-01 8.98562253e-01 1.56569636e+00 7.29348004e-01
    8.07829559e-01 -2.27704048e-02 7.65805364e-01 1.32094312e+00
    3.76133800e-01 3.16486061e-01 3.87412906e-02 2.15541124e-01
    5.67898750e-02 7.74593234e-01 2.10922956e-01 8.84684682e-01
    2.69528449e-01 8.65583122e-01 2.48243570e-01 2.16590166e-02
    1.40290451e+00 8.67879391e-01 6.87650323e-01 9.93023515e-01
    3.82906735e-01 6.72819018e-01 -1.50458783e-01 8.53700280e-01
    -5.53018272e-01 4.99802768e-01 8.29207897e-01 1.41693902e+00
    2.07644343e-01 -2.13007152e-01 8.77606988e-01 1.10636127e+00
    4.96895492e-01 2.71251202e-02 9.34927106e-01 -4.26898181e-01
    -1.02043122e-01 1.07819760e+00 8.16717505e-01 9.05051947e-01
    5.74685752e-01 -3.68710041e-01 -4.61081207e-01 1.14833546e+00
    1.43364668e+00 -6.84642792e-02 1.16215920e+00 -2.52992809e-01
    -1.82505608e-01 1.40180850e+00 1.13508689e+00 2.26118863e-01
    2.07841635e-01 6.20614529e-01 3.35416794e-01 1.30802512e-01
    1.51725578e+00 1.78081453e-01 1.14114666e+00 -2.26790160e-01
    8.23466241e-01 1.00568056e+00 -5.16081870e-01 1.55713630e+00
    8.71889710e-01 2.09536910e-01 2.01775491e-01 1.26977634e+00
    4.53192592e-01 -1.55301452e-01 -1.10490292e-01 1.15246427e+00
    1.01017690e+00 1.12520957e+00 1.03824174e+00 7.82240033e-01
    2.72908568e-01 7.76745796e-01 8.66847336e-01 9.06318963e-01
    4.12274778e-01 1.39055300e+00 1.09549522e+00 -2.56526172e-01
    -3.04539680e-01 5.52915633e-01 1.31411493e-01 5.71713030e-01
    5.79646587e-01 3.05496752e-01 1.45996141e+00 -2.70688742e-01
    7.51963377e-01 5.16310692e-01 4.30398524e-01 9.87708449e-01
    1.35524297e+00 6.11933291e-01 4.22856152e-01 1.40453291e+00
    1.46365511e+00 7.73485780e-01 5.00052214e-01 2.42642879e-01
    6.09836638e-01 -1.07339025e-02 -3.64307880e-01 -3.10010672e-01
    -4.78620231e-01 1.06349158e+00 6.30672574e-01 4.01007593e-01
    9.51314569e-02 9.27641511e-01 -9.70363617e-02 4.47043359e-01
    1.30293691e+00 4.93196249e-01 -3.71956259e-01 4.49860573e-01
    1.50028467e+00 9.25908685e-02 -1.25638396e-01 -4.29629683e-01
    1.18407404e+00 3.15533400e-01 -2.57117659e-01 1.51179004e+00
    1.22430277e+00 1.47434378e+00 8.46405864e-01 4.85889018e-01
    1.62204206e-01 1.31303108e+00 8.51442158e-01 3.61432254e-01
    1.46548760e+00 -2.97518909e-01 1.06004298e-01 1.16669345e+00
    1.22465813e+00 -2.63783723e-01 -2.04960942e-01 1.32729077e+00
    -6.34158552e-02 1.35992146e+00 1.34369230e+00 9.42914903e-01
    -5.06330490e-01 4.69310939e-01 1.40047026e+00 -2.59411365e-01
    -4.79932249e-01 -1.21135056e-01 1.09538078e+00 1.10645413e+00
    1.40203571e+00 -2.09614515e-01 6.19024277e-01 -4.90010113e-01
    -4.03556824e-02 1.35676289e+00 -3.69488001e-01 -3.06478620e-01
    6.49029016e-02 -4.90142584e-01 1.27382731e+00 1.21303296e+00
    -3.19102407e-01 1.10877466e+00 -2.02861488e-01 5.33318460e-01
    -5.01118064e-01 7.58803308e-01 -5.21254182e-01 -3.29766989e-01
    -1.39967203e-02 3.28179359e-01 6.58016682e-01 -9.70542431e-03
    1.19173145e+00 1.03237319e+00 1.23289669e+00 8.96068275e-01
    2.13602483e-01 1.39492428e+00 8.78894448e-01 -6.70881867e-02
    -3.69512051e-01 8.10403228e-02 4.10856783e-01 6.62683547e-01
    4.32697296e-01 9.92162108e-01 5.88375330e-03 1.22276473e+00
    6.79883122e-01 7.02040613e-01 -5.53317130e-01 7.50728786e-01
    7.41516590e-01 5.17795563e-01 1.43784714e+00 1.18025613e+00
    1.19108558e+00 1.21699190e+00 1.07137918e+00 -6.19514585e-02
    1.27510548e+00 -5.65736294e-02 -3.54206562e-03 5.00124633e-01
    1.15490818e+00 1.52483642e-01 8.61455441e-01 -4.47082490e-01
    1.66114628e-01 1.05124807e+00 -3.08045268e-01 1.86986387e-01
    6.63409173e-01 -9.84541178e-02 -5.35505354e-01 9.28714812e-01
    -2.97145396e-01 1.54657245e-01 1.09152746e+00 -3.03261399e-01
    -1.65558189e-01 -2.33519316e-01 1.09253728e+00 1.22748208e+00
    1.48114288e+00 8.87491763e-01 8.68016362e-01 9.00905490e-01
    -8.04227889e-02 5.30349076e-01 4.10995901e-01 3.92714620e-01
    1.29719102e+00 9.89534914e-01 3.33490372e-01 -2.12147057e-01
    1.55596113e+00 8.97570193e-01 1.58586991e+00 -2.97435611e-01
    9.00200605e-01 -2.50641763e-01 1.80847585e-01 4.18023586e-01
    1.46292889e+00 1.37656331e-01 1.26392198e+00 1.41969562e-01
    1.28070521e+00 1.44020343e+00 7.04900205e-01 -1.54786080e-01
    5.29556811e-01 9.33176935e-01 4.90607321e-01 1.07648087e+00
    4.37270105e-01 3.84071171e-01 -3.53858501e-01 5.94646811e-01
    -5.03902137e-01 1.33803952e+00 4.04688120e-01 9.99176741e-01
    7.10341394e-01 4.44852114e-01 9.83025432e-02 -3.44087303e-01
    7.44013250e-01 1.24038160e-01 1.02688646e+00 5.49738407e-02
    6.24654531e-01 -5.21354616e-01 -3.00761968e-01 1.40537286e+00
    9.42020833e-01 5.13318002e-01 2.34417796e-01 8.71420264e-01
    4.93562222e-02 1.06024718e+00 5.75018525e-01 2.36008167e-02
    -4.28249896e-01 1.80198789e-01 1.02932811e-01 3.88726890e-01
    7.60730982e-01 -3.95572066e-01 4.13026214e-01 5.53275943e-02
    6.18854642e-01 -5.41563451e-01 1.32267797e+00 2.82786250e-01
    2.53769398e-01 3.42064381e-01 1.06747842e+00 2.15760171e-01
    6.69039786e-01 1.24251151e+00 9.39258754e-01 9.80223238e-01
    1.11874676e+00 4.89154041e-01 2.34358311e-01 -4.56521749e-01
    5.71528435e-01 1.22562528e+00 6.20173156e-01 -4.61461365e-01
    -9.74511504e-02 -1.72488302e-01 4.13802505e-01 1.49419069e+00
    8.85858595e-01 1.40363705e+00 4.55857515e-01 1.15383029e+00
    1.55685759e+00 -3.23505610e-01 1.46503901e+00 8.08238864e-01
    7.30563164e-01 -2.82488644e-01 1.12421203e+00 6.24284983e-01
    -5.44585347e-01 3.96104157e-01 1.48648667e+00 4.99620974e-01
    1.07900620e+00 1.64632320e-01 9.58513498e-01 7.94061065e-01
    3.45662177e-01 9.15016294e-01 1.34236360e+00 -1.16294563e-01
    1.30631578e+00 9.21282887e-01 -3.90626311e-01 1.39906836e+00
    1.49086857e+00 -3.15664411e-01 -4.44731712e-02 2.75940716e-01
    -4.09488201e-01 5.54510593e-01 5.12456954e-01 1.30828953e+00
    -1.48628294e-01 8.94962966e-01 1.09649432e+00 7.24405646e-01
    1.63010955e-01 1.39449596e+00 6.84656799e-01 9.28921938e-01
    7.28880167e-02 1.03048515e+00 -1.39459282e-01 5.74851394e-01
    1.41530907e+00 6.76508784e-01 -7.37452507e-03 8.72401893e-01
    7.32229590e-01 8.35969031e-01 1.13996983e+00 1.11897135e+00
    4.39837098e-01 1.79433703e-01 1.19692016e+00 -8.67642462e-02
    8.02814066e-01 8.42951477e-01 9.59216416e-01 5.07327557e-01
    4.72441196e-01 2.41439760e-01 3.46374631e-01 7.56305754e-01
    7.56833553e-02 -1.61228538e-01 2.06264973e-01 2.02451289e-01
    -3.65447760e-01 3.85769665e-01 1.26453924e+00 1.07613349e+00
    8.23047996e-01 6.43323362e-01 4.31885123e-01 -3.88726026e-01
    -4.23047304e-01 1.46280944e+00 4.25272107e-01 7.65542388e-01
    -1.86452031e-01 8.26025605e-01 -7.66328275e-02 1.24818981e-01
    7.98288345e-01 2.19523966e-01 6.39695525e-01 7.31279254e-01
    5.52343011e-01 -3.01528126e-01 -3.47624838e-01 -1.25552505e-01
    9.10379887e-01 -8.42375457e-02 -1.16166115e-01 3.81397903e-01
    1.33366716e+00 -5.22984445e-01 -1.92507446e-01 1.44876909e+00
    1.30875087e+00 3.11522245e-01 6.10349774e-02 4.61117506e-01
    3.56558681e-01 -2.54983693e-01 1.42028594e+00 1.36036420e+00
    1.33328295e+00 8.52035880e-02 4.84389246e-01 1.09675145e+00
    9.67816412e-01 7.52405643e-01 3.98976326e-01 8.90366793e-01
    -4.64666516e-01 1.31837416e+00 1.02853346e+00 -2.11380005e-01
    -1.11265451e-01 3.85563254e-01 1.47089827e+00 9.07854140e-01
    1.15852594e+00 1.08989334e+00 6.57951176e-01 3.00577879e-02
    -2.54395187e-01 2.35431075e-01 9.77087677e-01 5.26778579e-01
    1.55620122e+00 2.17766404e-01 7.06763685e-01 9.05196249e-01
    1.53089178e+00 7.53221512e-01 1.52800798e-01 1.50880909e+00
    9.91007566e-01 5.73101521e-01 -5.46435952e-01 1.07288587e+00
    1.15179813e+00 1.21340299e+00 -5.08404911e-01 1.21340728e+00
    3.96225452e-01 1.11886871e+00 1.12531304e+00 2.39430547e-01
    -2.97922134e-01 9.93163049e-01 1.04597342e+00 2.53336012e-01
    4.27817404e-01 1.53989327e+00 1.09733808e+00 7.48923361e-01
    8.99080038e-02 1.53981507e+00 1.18677616e-01 6.32044554e-01
    1.02030587e+00 1.93188429e-01 8.65550041e-01 1.67909265e-02
    4.77746665e-01 6.52183950e-01 7.12717772e-02 3.04656923e-01
    2.66934574e-01 4.67398763e-01 8.51014316e-01 -2.96943665e-01
    5.19231617e-01 -4.87518221e-01 -3.97588313e-01 -3.14296842e-01
    3.02241445e-01 1.03572321e+00 6.75688684e-01 1.31707680e+00
    -1.95659459e-01 4.46718454e-01 1.52581882e+00 8.41515005e-01
    9.08756554e-01 7.12135732e-01 2.70390391e-01 -3.26690674e-01
    4.52644348e-01 -4.12582457e-01 2.95776844e-01 1.39621580e+00
    -1.30456358e-01 -6.64118528e-02 -5.30584633e-01 1.54341757e+00
    1.15106845e+00 1.78536236e-01 3.46628368e-01 8.07304978e-02
    4.45913076e-02 -1.42689347e-02 8.19578350e-01 -1.72496200e-01
    7.99382269e-01 4.64808106e-01 1.37920809e+00 1.39815021e+00
    -3.37115735e-01 1.14151824e+00 -2.37654448e-02 1.21887445e-01
    7.40532160e-01 5.31938374e-01 1.00388646e+00 1.49914491e+00
    3.27508390e-01 7.45049894e-01 2.95483828e-01 1.08221602e+00
    -7.77077675e-03 1.17926788e+00 5.32852411e-01 1.13703096e+00
    7.18443274e-01 1.18078256e+00 1.30582857e+00 -1.81027055e-01
    -5.58311462e-01 1.19177532e+00 5.16466439e-01 3.58439445e-01
    4.89857256e-01 -2.90463179e-01 1.06102121e+00 1.39404130e+00
    -4.25875872e-01 1.38535202e+00 4.15125549e-01 9.31992829e-01
    3.21590483e-01 -1.98468924e-01 3.02201211e-01 3.26023817e-01
    6.55700147e-01 -1.31234288e-01 1.94297791e-01 -3.47167104e-01
    8.96444201e-01 -5.39819539e-01 -4.88695502e-01 3.41531813e-01
    8.15965056e-01 7.92524636e-01 8.32003355e-02 -4.02507126e-01
    6.83141172e-01 2.06091881e-01 9.84292746e-01 7.29941130e-01
    -8.43353868e-02 3.76535237e-01 1.37974346e+00 3.62497032e-01
    3.15424681e-01 1.17813230e+00 6.17397726e-01 9.56370890e-01
    3.27780008e-01 2.66297638e-01 1.35777891e-01 1.01274252e-03
    -2.35289872e-01 4.67935979e-01 1.34661758e+00 1.53660476e-01
    7.57585704e-01 -3.80241901e-01 1.26358747e+00 1.36495924e+00
    -3.78764927e-01 8.95186722e-01 3.12754750e-01 -3.50826263e-01
    1.42534137e+00 4.82164919e-01 -3.84863585e-01 4.97610629e-01
    3.10366154e-02 -3.15428108e-01 9.92291331e-01 -5.18338203e-01
    -1.85339987e-01 -4.49520051e-02 -5.31010687e-01 8.27941179e-01
    3.29778433e-01 1.41879082e+00 2.31803715e-01 1.20989156e+00
    -2.93651432e-01 6.77772343e-01 3.31154883e-01 5.23267508e-01
    7.71730542e-01 1.01211905e+00 5.28301656e-01 2.25030303e-01
    -1.36965483e-01 7.04298317e-01 1.22707915e+00 1.21260667e+00
    -5.59416592e-01 -1.80840492e-02 8.73776674e-02 -3.17941219e-01
    2.33873248e-01 1.08725429e+00 -4.00369257e-01 -3.33083391e-01
    6.33842885e-01 -1.98178083e-01 -5.12994707e-01 3.64559472e-01
    2.16699600e-01 9.72457051e-01 1.32772040e+00 1.49952543e+00
    9.47915137e-01 -3.77622008e-01 2.54023731e-01 3.78118098e-01
    9.30180371e-01 2.17152417e-01 1.15854192e+00 7.97186852e-01
    1.49987626e+00 -2.39038378e-01 1.45815921e+00 9.68232155e-02
    5.35357058e-01 9.97863889e-01 6.43421292e-01 1.42854273e+00
    1.25829923e+00 -2.23886043e-01 1.39664745e+00 -1.12458527e-01
    -4.46052313e-01 2.69504428e-01 -1.93266898e-01 -1.45198107e-02
    3.64523172e-01 -3.62852514e-01 1.27118051e+00 1.15225863e+00
    8.27993989e-01 7.83141136e-01 7.38328934e-01 6.86651528e-01
    1.02122247e+00 7.77210116e-01 9.58877265e-01 3.49602103e-01
    2.27533102e-01 -1.09322071e-02 -1.62371844e-01 6.22470796e-01
    1.40781689e+00 1.88529849e-01 -3.82388771e-01 3.99093986e-01
    6.51188135e-01 8.61469328e-01 1.25641882e-01 1.16331553e+00
    1.39479041e-01 -4.55670536e-01 1.44569755e+00 1.38891459e+00
    3.91891837e-01 5.91597974e-01 1.05481219e+00 1.10222983e+00
    2.09844112e-01 7.68391609e-01 7.89753079e-01 6.92130804e-01
    3.65124822e-01 1.23645937e+00 -3.47836405e-01 4.60621238e-01
    -8.30421746e-02 -2.57281661e-01 -3.39496076e-01 1.11612225e+00
    1.15006888e+00 3.89900088e-01 6.24953389e-01 1.29360616e+00
    1.39983451e+00 7.61047006e-01 -2.55773872e-01 -3.61105204e-02
    1.11311185e+00 -1.26923770e-01 -1.86018139e-01 1.04871106e+00
    -4.53382045e-01 -1.44441515e-01 -2.93630540e-01 4.12065566e-01
    1.44301009e+00 8.85893643e-01 1.21391106e+00 -4.84303862e-01
    6.02788270e-01 1.17904615e+00 2.00528443e-01 6.85450077e-01
    2.67832041e-01 4.98124003e-01 3.95532846e-01 7.67232239e-01
    -1.67013943e-01 7.14711607e-01 2.47932732e-01 9.35268760e-01
    1.04913652e+00 4.54162538e-01 4.08318043e-02 -4.42101002e-01
    7.86592245e-01 4.23516989e-01 1.27165389e+00 3.22475433e-01
    9.26846743e-01 -2.26180673e-01 9.57701147e-01 4.47281182e-01
    9.41234827e-03 3.69079173e-01 3.85780156e-01 -3.29779208e-01
    8.48848879e-01 -2.27575749e-01 1.17255497e+00 1.15814400e+00
    8.81142259e-01 5.45728028e-01 5.39589584e-01 1.57653213e-01
    1.17353821e+00 1.05645669e+00 -3.51174414e-01 9.72710609e-01
    -1.99670404e-01 1.01731420e+00 -9.06813145e-02 2.11359978e-01
    -8.25843513e-02 4.25007343e-01 4.33366597e-01 5.14927328e-01
    2.74218976e-01 -1.03522629e-01 -2.79159546e-01 8.62973690e-01
    6.80525124e-01 -4.98551607e-01 1.08514500e+00 1.48790908e+00
    3.30976248e-01 1.36660612e+00 1.39521432e+00 6.53445423e-01
    -4.09260273e-01 8.30846012e-01 8.58493388e-01 1.37374711e+00
    1.13862753e+00 6.93798065e-05 1.42537451e+00 2.22043395e-01
    1.20741153e+00 8.00945163e-01 5.33726275e-01 7.35640109e-01
    1.10549521e+00 8.26094568e-01 1.45434570e+00 -9.87839401e-02
    1.16177928e+00 3.97676289e-01 2.20489264e-01 -4.52899247e-01
    1.32914770e+00 -3.12520862e-02 7.75530636e-01 1.46285892e-02
    2.06695318e-01 1.29128158e-01 -4.87796396e-01 9.87169147e-02
    -5.21562040e-01 4.51125264e-01 -5.50696015e-01 1.32929981e+00
    1.47634912e+00 8.70210052e-01 1.10219860e+00 1.19196653e+00
    2.55269051e-01 -1.21083289e-01 1.37796140e+00 -5.69872558e-01
    1.31655645e+00 -3.07568252e-01 -2.31907785e-01 -4.18617964e-01
    -3.06112766e-02 -2.44502425e-02 6.92039728e-03 -2.76903927e-01
    2.18889594e-01 5.22038579e-01 3.44968379e-01 4.97302175e-01
    7.68511415e-01 1.40832520e+00 -2.01687425e-01 2.59702921e-01
    3.53388429e-01 3.91964614e-01 1.97303355e-01 1.35427165e+00
    -3.61267328e-01 8.09308589e-01 1.11434174e+00 -4.77390975e-01
    1.54266334e+00 1.21344304e+00 1.53075099e+00 9.45654154e-01
    8.32354546e-01 4.64985669e-01 2.27317095e-01 -2.16447115e-02
    1.81605816e-02 -4.88505870e-01 5.68978012e-01 1.14665031e+00
    -3.39902043e-02 -5.41144609e-02 1.08869720e+00 -4.51344252e-01
    8.72299254e-01 1.15355110e+00 2.84827173e-01 9.44404364e-01
    1.65911555e-01 1.19650710e+00 7.39850938e-01 -3.78080487e-01
    1.48683143e+00 6.35304153e-01 1.12031972e+00 6.83773279e-01
    8.47732604e-01 1.37217462e-01 1.10976171e+00 1.21995258e+00
    6.55307293e-01 1.34838402e-01 1.78052664e-01 3.82358313e-01
    3.59941065e-01 1.23777199e+00 7.64081478e-02 -2.14230031e-01
    -5.25198340e-01 4.37074542e-01 7.68833637e-01 4.07983005e-01
    7.80673027e-01 8.29283297e-01 -5.47523201e-01 -8.26013088e-03
    1.52440166e+00 -8.08370709e-02 -2.09384352e-01 1.40117168e+00
    9.66706276e-02 1.22971332e+00 1.32916725e+00 8.63989711e-01
    1.05588269e+00 8.37054431e-01 3.19116712e-02 3.61627758e-01
    1.41296756e+00 -4.78044659e-01 2.99912155e-01 1.38272166e+00
    -3.75101209e-01 1.04044437e+00 1.28243446e+00 -4.48615968e-01
    1.25699735e+00 9.08737421e-01 1.08814740e+00 1.48019409e+00
    -1.33056045e-01 5.86516321e-01 8.77207220e-01 1.10558891e+00
    -3.09694469e-01 6.23465240e-01 1.42626679e+00 1.51519716e+00
    1.08070731e+00 8.15135837e-01 8.12361836e-02 -4.95397449e-01
    2.04241931e-01 4.42466080e-01 6.33119404e-01 1.35616374e+00
    1.47978067e+00 -5.30111015e-01 1.46120214e+00 1.46650195e+00
    5.61930299e-01 9.14581239e-01 5.44100881e-01 8.02831054e-01
    1.45009100e-01 1.41918051e+00 4.78226066e-01 3.92413139e-01
    1.07533181e+00 9.29130375e-01 -4.28824037e-01 6.33605778e-01
    5.31196415e-01 -1.52315259e-01 1.50115502e+00 -4.01168853e-01
    8.06576908e-01 8.93806219e-01 7.71838367e-01 4.85283613e-01
    3.98978949e-01 5.36323845e-01 4.11950171e-01 1.40209794e+00
    1.03336120e+00 -4.52815235e-01 -2.76623756e-01 6.52502060e-01
    -5.15982032e-01 1.44992018e+00 1.24809575e+00 6.62107944e-01
    1.50029778e+00 1.10927439e+00 1.37573779e+00 6.05830312e-01
    -1.50150299e-01 4.01035845e-01 -9.69171524e-03 -1.32607639e-01
    -1.63548350e-01 -3.44813585e-01 5.63017607e-01 -3.05391729e-01
    3.95885050e-01 9.89091456e-01 8.37125599e-01 1.01250613e+00
    -4.26096499e-01 -2.04696059e-01 7.63236403e-01 -2.55273432e-01
    1.05032694e+00 7.88488150e-01 3.35240364e-02 -1.75711930e-01
    6.72068357e-01 -5.34696877e-02 5.69684088e-01 1.53324592e+00
    -1.52780801e-01 -2.39853501e-01 -3.92448932e-01 -2.67435163e-01
    3.24698806e-01 -3.31665158e-01 1.45688534e-01 1.14822912e+00
    -2.93454230e-01 1.55545413e-01 -2.93409854e-01 1.46951914e+00
    9.58550334e-01 -5.38175881e-01 -4.82982963e-01 1.05079293e-01
    -3.37686658e-01 9.94874358e-01 1.28842926e+00 2.74488509e-01
    1.00806594e-01 1.27425039e+00 1.50819778e+00 9.44500566e-02
    7.48662829e-01 1.30446839e+00 1.25172007e+00 1.50438356e+00
    -4.56197351e-01 -2.38630176e-02 -5.20974874e-01 -2.82208294e-01
    -3.70735556e-01 -1.60851508e-01 1.51978362e+00 9.38275337e-01
    1.28305423e+00 1.22897327e-01 8.01410913e-01 9.56222653e-01
    9.88224447e-01 4.88520861e-02 4.27226663e-01 2.00025916e-01
    2.51256645e-01 1.22850347e+00 1.41591406e+00 1.29301500e+00
    1.00200820e+00 3.91590834e-01 9.63671029e-01 -2.80320317e-01
    9.52250719e-01 6.55744076e-02 -3.36889863e-01 -4.44926262e-01
    1.48760855e-01 1.06660700e+00 8.72906446e-01 -1.45531386e-01
    -1.01721108e-01 1.35686779e+00 -4.82292384e-01 -4.71104026e-01
    -2.01924324e-01 -3.76619816e-01 1.04071450e+00 -1.77371651e-01
    1.44559717e+00 -3.95923406e-01 6.92720771e-01 -3.59890938e-01
    -1.79213643e-01 -4.31932718e-01 -9.46778655e-02 1.12380123e+00
    1.13107848e+00 1.28204727e+00 1.26991689e-01 1.12540829e+00
    -2.15449542e-01 2.09312499e-01 -4.13000822e-01 1.76012695e-01
    -1.60247624e-01 1.23926234e+00 -1.36596650e-01 -1.00669593e-01
    8.32175195e-01 -2.54245162e-01 1.36185586e-01 8.34412336e-01
    -2.04453230e-01 8.17750931e-01 -3.26346278e-01 6.72154486e-01
    5.98507583e-01 9.51906323e-01 1.33257663e+00 1.17812586e+00
    -1.66916609e-01 1.51357675e+00 1.51995754e+00 -2.27357894e-01
    1.10674214e+00 8.28483105e-02 9.08068597e-01 7.95677006e-01
    -1.12394482e-01 6.45652473e-01 -5.06646276e-01 3.63716304e-01
    2.86933601e-01 -1.13084555e-01 -3.82358968e-01 2.95391679e-02
    1.39576232e+00 1.06397510e+00 1.39607525e+00 -4.11887527e-01
    1.05590415e+00 -4.00011867e-01 6.62970066e-01 -2.15197444e-01
    -2.51086950e-02 3.55769575e-01 5.88976741e-01 5.97534657e-01
    8.73310685e-01 -8.16528797e-02 3.11177850e-01 4.19167101e-01
    1.56382978e-01 1.38025951e+00 3.18022072e-01 9.85652089e-01
    6.32565498e-01 6.96556747e-01 1.42701721e+00 1.89679265e-02
    5.45202076e-01 1.34287214e+00 1.30494499e+00 4.61562872e-01
    2.25681305e-01 -2.59037375e-01 -4.31605220e-01 7.86733091e-01
    2.30173230e-01 1.33863258e+00 -1.79454833e-01 1.84849799e-01
    4.19099808e-01 1.15853882e+00 1.37016273e+00 7.82589376e-01
    4.63620305e-01 -4.45021749e-01 1.03421521e+00 8.47037733e-01
    7.61943698e-01 4.76681292e-01 1.45495021e+00 3.79535735e-01
    3.56443822e-01 1.00346792e+00 5.65073490e-01 1.31461334e+00
    -3.25025737e-01 5.61374784e-01 1.44161713e+00 8.96028519e-01
    8.97112668e-01 7.24075496e-01 3.69410694e-01 -5.29348135e-01
    6.14730716e-02 6.35897338e-01 1.07811415e+00 -2.90350288e-01
    -2.71251053e-01 4.74660277e-01 2.23318934e-01 7.85193324e-01
    1.31318688e+00 8.76275301e-01 8.89205813e-01 4.21203494e-01
    -1.84546411e-01 -5.11473536e-01 -3.15339923e-01 -2.18733400e-01
    9.16717649e-01 1.53231323e-01 1.25567496e+00 1.51747406e+00
    2.31489539e-02 1.24853039e+00 1.53875232e-01 -1.40210032e-01
    -1.63560927e-01 7.30258465e-01 1.40025139e+00 7.19318211e-01
    -4.04320180e-01 1.17962098e+00 1.52108717e+00 1.63164437e-01
    6.66723669e-01 1.61440134e-01 1.25654960e+00 1.46073699e+00
    6.81339324e-01 5.21761537e-01 -1.18280441e-01 5.98583043e-01
    1.54649341e+00 1.05516911e+00 2.85249949e-01 3.25623930e-01
    1.26041293e+00 5.32265186e-01 -4.22122538e-01 2.15768337e-01
    -4.17342305e-01 -1.08513862e-01 -2.86039621e-01 -4.16038036e-01
    1.24529862e+00 4.04806674e-01 -1.25352353e-01 2.34655321e-01
    -4.62008715e-02 -4.09090519e-01 8.64498556e-01 4.88940835e-01
    9.52646196e-01 3.93703997e-01 1.05004835e+00 7.52965212e-02
    -4.36098248e-01 9.68166411e-01 1.40909791e+00 5.63894093e-01
    -4.16035354e-01 1.22024596e-01 5.17750740e-01 5.73636293e-02
    -2.98008025e-01 -6.58687353e-02 4.93631542e-01 2.98864782e-01
    3.56279790e-01 1.42835927e+00 1.40699458e+00 9.78375614e-01
    1.08019245e+00 -3.46448421e-01 1.18153322e+00 6.53512537e-01
    8.87982368e-01 -1.44252747e-01 -2.15409577e-01 -1.09848291e-01
    2.03262687e-01 1.40566289e+00 4.73987699e-01 -9.66065824e-02
    1.06115937e+00 -4.81348336e-01 5.36837101e-01 6.01200640e-01
    -3.51003349e-01 -2.97164023e-01 -2.32167542e-01 7.28604674e-01
    7.85261393e-03 8.25060129e-01 1.11575961e+00 9.98271167e-01
    1.06277573e+00 7.01849639e-01 8.15363646e-01 1.51025820e+00
    5.81056595e-01 -2.79355109e-01 2.29437113e-01 6.73135877e-01
    1.18699443e+00 4.18318987e-01 6.83884919e-01 1.17554641e+00
    1.34314525e+00 5.54142296e-01 7.27785766e-01 2.06420422e-01
    9.57509756e-01 2.46967673e-02 1.51575351e+00 1.25661683e+00
    6.82979822e-02 -1.66332126e-02 -5.10189831e-01 1.31782615e+00
    2.56107450e-02 -5.53904891e-01 9.88956928e-01 1.50008345e+00
    -4.10497189e-04 5.26097417e-01 5.92983663e-01 6.26604676e-01
    9.94085729e-01 5.43195963e-01 1.15327573e+00 1.53289104e+00
    -2.44845927e-01 5.09573936e-01 4.00840998e-01 1.36181235e-01
    3.82131696e-01 5.11269748e-01 1.45270824e-01 -5.27181089e-01
    -1.50046498e-01 -5.25362849e-01 1.15281963e+00 -5.12916386e-01
    1.06425333e+00 1.24771643e+00 1.08443236e+00 9.00449455e-01
    1.52087080e+00 5.21435201e-01 6.50522768e-01 -5.51308990e-01
    3.31599355e-01 -2.06364989e-02 -1.54975176e-01 -1.93177819e-01
    1.22915483e+00 7.44092345e-01 1.31893945e+00 1.14566386e-01
    8.91426027e-01 1.14472592e+00 -2.46766567e-01 2.75205255e-01
    1.19696546e+00 6.97680414e-01 1.46192074e+00 -1.50754333e-01
    3.28637362e-01 2.47672081e-01 1.03862524e+00 9.37421679e-01
    -3.81558597e-01 4.11919415e-01 2.22595096e-01 9.32509542e-01
    -1.77460909e-02 6.51675403e-01 5.13264000e-01 -2.04058349e-01
    9.09090161e-01 4.37785506e-01 2.96754241e-02 7.93947935e-01
    1.45128679e+00 1.10881805e+00 8.57641637e-01 7.28174627e-01
    -4.50719684e-01 6.83664560e-01 6.05598688e-02 1.20821929e+00
    1.29549217e+00 8.12261641e-01 1.24709034e+00 -2.64334559e-01
    1.08026326e-01 1.32950449e+00 -2.25554317e-01 -3.72961640e-01
    6.65264785e-01 8.68241191e-02 1.42579329e+00 7.11090267e-01
    1.28577375e+00 1.30699658e+00 1.73049748e-01 7.30361342e-02
    7.22639441e-01 -2.28104770e-01 1.22248793e+00 1.67445362e-01
    -2.12514400e-03 9.09648895e-01 4.81253028e-01 -5.11454403e-01
    1.21386766e+00 3.70597064e-01 4.21459317e-01 3.23294342e-01
    -1.58151805e-01 7.73639083e-02 -8.58348012e-02 9.96321142e-01
    1.31028688e+00 1.00088060e+00 -3.27021539e-01 -5.42359293e-01
    3.56362402e-01 -3.56969237e-02 3.00101399e-01 9.47394907e-01
    1.23041034e+00 -1.54769510e-01 -3.17975700e-01 3.89447629e-01
    1.06355035e+00 8.60738218e-01 7.37369895e-01 1.86500549e-01
    4.33394969e-01 1.53838730e+00 9.35515702e-01 -7.45572746e-02
    8.97076607e-01 2.54953206e-01 1.51045787e+00 2.45466888e-01
    1.52934575e+00 1.86186910e-01 8.03838253e-01 7.17734754e-01
    2.15589404e-01 -1.02182567e-01 9.07473922e-01 8.20680439e-01
    3.26872885e-01 7.22430944e-02 4.92400885e-01 7.54609466e-01
    -2.28384018e-01 1.68266952e-01 1.26984763e+00 1.55972767e+00
    -5.24528444e-01 2.47309446e-01 4.58158314e-01 3.42326045e-01
    1.28996205e+00 2.19361186e-02 1.14060032e+00 6.94643974e-01
    -2.81540155e-02 1.38666177e+00 -3.46906036e-01 4.24927890e-01
    -3.58589828e-01 -3.49341869e-01 1.00533843e-01 7.88065791e-01
    6.39737308e-01 1.20237494e+00 7.18735754e-01 1.18743682e+00
    1.30194986e+00 1.19144571e+00 -2.74741113e-01 1.54298139e+00
    1.08506238e+00 4.45711374e-01 -3.10922563e-01 1.18791759e+00
    7.38537550e-01 1.14293122e+00 4.25036073e-01 7.80633271e-01
    1.54193306e+00 -4.28829968e-01 6.67681694e-01 -4.19781804e-02
    4.99527991e-01 -2.43027806e-01 1.54883695e+00 -3.67980450e-01
    1.75782621e-01 4.62462187e-01 1.04318714e+00 5.14540970e-01
    -1.39998466e-01 9.90205705e-01 -1.23238325e-01 4.08196688e-01
    4.53712761e-01 8.35350335e-01 5.24187684e-01 5.94702959e-02
    8.16228807e-01 5.65218925e-03 3.96019697e-01 1.14478445e+00
    2.90256739e-02 7.52419233e-01 2.95944631e-01 1.28148961e+00
    1.27705085e+00 1.49749374e+00 -2.03970909e-01 1.43860388e+00
    -4.51474190e-02 9.90337849e-01 1.33217907e+00 3.40029001e-02
    8.25846195e-03 3.91047060e-01 -4.49733049e-01 2.17148006e-01
    1.27395678e+00 7.46381223e-01 1.66577280e-01 1.28987384e+00
    1.37576354e+00 2.91367114e-01 3.98076952e-01 -2.03355759e-01
    -5.44979215e-01 2.96137869e-01 1.13963175e+00 4.50426280e-01
    1.32402873e+00 9.57347214e-01 1.50689673e+00 1.11508250e-01
    9.26820815e-01 -5.52098036e-01 1.75821006e-01 -4.13210452e-01
    4.33963180e-01 -3.07774365e-01 -4.76199061e-01 1.19640040e+00
    5.00105917e-01 1.06095433e-01 6.83065891e-01 -2.11438805e-01
    6.07687473e-01 1.12108934e+00 6.70773745e-01 7.70006895e-01
    -5.13435245e-01 4.46124792e-01 -3.22037816e-01 4.68368769e-01
    9.54367876e-01 1.52575016e+00 8.40568125e-01 1.57521307e-01
    -2.97828078e-01 8.55112791e-01 1.37156725e-01 -5.36187470e-01
    -5.34297228e-02 1.30499792e+00 1.52570176e+00 1.07965398e+00
    8.13711166e-01 9.47357237e-01 -3.87287736e-01 4.36447740e-01
    1.86185181e-01 3.62216949e-01 3.56099665e-01 -1.54610276e-02
    4.77698684e-01 1.53125834e+00 1.36708999e+00 9.88393247e-01
    2.22224176e-01 -2.05504358e-01 1.09076917e+00 1.44619858e+00
    1.28537560e+00 1.23225474e+00 -5.47678769e-02 2.74081647e-01
    -5.39542854e-01 1.52229667e+00 -1.62845045e-01 1.41934514e+00
    -3.41064602e-01 6.15345359e-01 1.53299356e+00 -5.26293576e-01
    1.32004809e+00 8.70736182e-01 1.36168301e-01 1.37574267e+00
    1.52108395e+00 2.24459946e-01 4.74705279e-01 2.41793990e-01
    1.17893052e+00 3.76555800e-01 1.02245748e+00 2.81056166e-01
    1.95280492e-01 -3.91771942e-01 1.00361025e+00 -3.11479211e-01
    1.14180064e+00 1.06370687e+00 -5.01746774e-01 -2.59699672e-01
    -1.09485298e-01 1.87427998e-01 1.07764208e+00 5.36672950e-01
    4.44288552e-01 2.93698192e-01 7.06043005e-01 1.10381579e+00
    4.50996935e-01 4.21183765e-01 1.39340043e-01 -4.47600335e-01
    8.23077738e-01 1.08822560e+00 1.35092354e+00 2.79009461e-01
    -5.28322339e-01 7.19017386e-01 8.40457976e-01 1.37725902e+00
    4.42723095e-01 1.39575624e+00 -4.92965102e-01 -1.16031617e-01
    5.84460497e-01 4.23305750e-01 3.17868650e-01 1.00976133e+00
    1.13779569e+00 -1.70890093e-02 -6.44773245e-03 6.45409703e-01
    -4.21170831e-01 -8.11998844e-02 1.21671855e-01 8.79219592e-01
    1.05934024e+00 -4.90833819e-01 9.66627359e-01 -2.66628861e-02
    1.49539971e+00 -3.70469570e-01 -4.36312377e-01 1.12018943e+00
    8.86510015e-01 1.06917214e+00 1.02046072e-01 3.07780504e-01
    8.03738654e-01 8.07879210e-01 6.40567720e-01 8.03202391e-03
    7.71421075e-01 1.42228365e-01 1.17367411e+00 1.35758305e+00
    3.52740347e-01 1.87929511e-01 9.95432675e-01 2.77423620e-01
    1.38597596e+00 3.18095148e-01 -4.18309242e-01 6.97877765e-01
    -2.50744820e-03 1.11446965e+00 -3.11290026e-02 3.16681385e-01
    -4.72205222e-01 8.57648611e-01 -3.42796713e-01 4.17610466e-01
    1.37823081e+00 8.58395040e-01 9.60615993e-01 8.54662895e-01
    2.90227056e-01 8.71761143e-01 1.22975326e+00 1.22313571e+00
    1.32632697e+00 4.93281245e-01 5.49317360e-01 -3.96614552e-01
    -1.97067231e-01 1.38081336e+00 1.26552248e+00 1.13899398e+00
    1.54398906e+00 3.12732637e-01 1.48319709e+00 -4.81182039e-02
    1.48049414e-01 -4.42145467e-01 1.51292682e+00 5.32357931e-01
    8.67752016e-01 1.25736403e+00 8.75681043e-02 4.93571997e-01
    1.25035667e+00 1.53444839e+00 -2.64369309e-01 1.21677327e+00
    -2.17775851e-01 -2.33105689e-01 1.43394017e+00 1.28041840e+00
    4.14260924e-01 -1.91503435e-01 1.20399499e+00 -2.84300894e-01
    2.98515141e-01 1.08785212e+00 1.98271751e-01 1.87468112e-01
    -1.07831627e-01 -2.53817022e-01 -4.95514095e-01 1.15395403e+00
    3.35495055e-01 -4.59861785e-01 -4.47786123e-01 6.57089353e-02
    2.55249321e-01 -4.59749758e-01 1.43762517e+00 -2.61849225e-01
    7.16709912e-01 3.59570980e-01 1.05363059e+00 -1.38194412e-01
    1.54582751e+00 -3.75205815e-01 -5.55955470e-02 1.38370919e+00
    1.05053031e+00 1.18347466e-01 9.65456307e-01 1.28311217e-01
    1.49119353e+00 4.46026564e-01 -1.70251191e-01 9.32477891e-01
    1.51489854e-01 8.33955288e-01 1.18968105e+00 1.93680823e-01
    -4.90051985e-01 -3.07121217e-01 3.60173941e-01 7.35827863e-01
    5.46946406e-01 1.40874970e+00 5.13030529e-01 -2.45691210e-01
    -4.70706910e-01 9.25861597e-02 -1.45741701e-02 2.36936688e-01
    1.08830285e+00 4.34756100e-01 1.01711798e+00 8.35566103e-01
    1.82583988e-01 6.21586084e-01 -4.85534489e-01 1.07048750e+00
    -2.35784799e-01 6.22726679e-01 -5.40915728e-02 4.59563732e-01
    2.04562664e-01 1.51149082e+00 1.20411706e+00 -2.12988764e-01
    -2.28170633e-01 5.81018806e-01 1.31530929e+00 7.29260802e-01
    8.92872155e-01 5.61621130e-01 7.94949651e-01 1.08086824e+00
    8.13102245e-01 8.23324919e-01 9.30691421e-01 -5.86270213e-01
    1.27846837e+00 9.20540929e-01 -3.75183225e-02 1.40017462e+00
    5.61791360e-01 2.57590294e-01 4.42814410e-01 6.11859918e-01
    1.51529050e+00 -3.75796616e-01 -9.55075026e-03 -2.54572719e-01
    -4.04740304e-01 1.17610455e-01 3.46112549e-01 5.72796464e-01
    8.26768100e-01 -4.88607824e-01 -3.98058236e-01 1.54412413e+00
    -4.43390310e-01 1.08296299e+00 -4.06109333e-01 -3.22147608e-01
    2.44330406e-01 2.93720603e-01 3.08788776e-01 -4.17391807e-01
    -2.03938901e-01 7.24203050e-01 3.35806370e-01 1.19478822e+00
    1.38847494e+00 1.13559842e+00 -4.06219721e-01 1.82765067e-01
    -4.32216644e-01 -3.86003077e-01 1.07859015e+00 -1.78561240e-01
    3.09469759e-01 -2.60625094e-01 8.83819938e-01 -6.13293648e-02
    -7.79404640e-02 -2.55319804e-01 -4.05339479e-01 -2.59385705e-02
    3.65141571e-01 2.45423853e-01 4.44542348e-01 8.88229549e-01
    1.92726612e-01 9.97767687e-01 -5.25425315e-01 -1.47459507e-02
    9.27162051e-01 1.33863306e+00 -4.62461948e-01 -3.59210730e-01
    8.00903916e-01 -1.80254579e-01 -1.54700428e-01 -1.80251598e-02
    1.80338740e-01 1.50222063e+00 -7.69625902e-02 4.10266399e-01
    -2.41289824e-01 1.29975200e+00 7.78827965e-01 1.03539658e+00
    5.86654425e-01 2.19919682e-01 1.72065079e-01 7.19881296e-01
    6.78018630e-01 -4.06279117e-01 -5.53973913e-02 1.44243908e+00
    1.04263663e+00 4.55647349e-01 1.36952496e+00 1.91758215e-01
    4.45907295e-01 -3.05804819e-01 -1.35684460e-01 8.00770342e-01
    -1.29403770e-01 1.50411630e+00 -1.72581345e-01 1.38924456e+00
    -5.30525744e-01 4.75119114e-01 5.95327020e-01 -3.06392312e-02
    1.18154144e+00 4.04301286e-02 -1.93360746e-01 6.29386783e-01
    5.16072094e-01 3.55442464e-01 9.20634270e-02 3.06215286e-01
    1.01578176e+00 -2.35580236e-01 7.37864971e-02 2.26228237e-02
    4.50338006e-01 -4.61192787e-01 1.35145068e+00 3.09812546e-01
    -5.26582718e-01 -4.81737137e-01 1.10328960e+00 3.49664509e-01
    2.14772165e-01 1.85770094e-01 1.11576343e+00 -4.82342690e-01
    1.36362576e+00 -2.54264474e-02 -8.66822898e-02 1.23697019e+00
    1.24176025e+00 2.01146185e-01 9.97229993e-01 7.92988956e-01
    7.43547022e-01 -3.96693349e-02 -1.76826596e-01 -4.42780793e-01
    -5.22880673e-01 1.51281476e+00 -4.83669519e-01 9.46350098e-01
    1.34916282e+00 1.02895355e+00 -5.19696295e-01 1.14700222e+00
    5.52885175e-01 -4.19569969e-01 -7.38801956e-02 1.35822535e+00
    8.18664253e-01 1.31658828e+00 1.34267759e+00 -4.26932573e-01
    8.77592027e-01 -4.07435894e-02 -2.92262346e-01 7.17300713e-01
    -2.60653496e-02 -2.83638358e-01 -3.37478101e-01 1.15064335e+00
    9.00406480e-01 5.16015410e-01 4.99797285e-01 8.09710562e-01
    -2.43384838e-02 1.39414048e+00 3.49573493e-02 8.25647652e-01
    -3.86559069e-01 1.40976596e+00 7.93615580e-01 6.01320446e-01
    1.30139804e+00 6.06370568e-01 7.05279052e-01 2.23264098e-01
    8.15187573e-01 8.98407280e-01 8.61047208e-01 1.69892907e-02
    -1.56332999e-01 1.70418143e-01 1.92407429e-01 1.03327632e+00
    1.11089611e+00 1.34586811e-01 4.05583501e-01 4.21735644e-02
    1.32388592e+00 3.89822543e-01 8.70709479e-01 1.17316723e+00
    -2.72665054e-01 8.92199457e-01 -4.95901018e-01 -8.52939188e-02
    1.47772515e+00 7.91501343e-01 8.63129616e-01 3.33356619e-01
    1.41638041e-01 6.80869222e-02 -3.81898731e-01 6.32323325e-01
    1.39730310e+00 5.44700801e-01 9.14872587e-01 -2.95938015e-01
    -3.84408712e-01 8.81719589e-01 2.38210917e-01 1.77449584e-01
    -4.38835084e-01 3.83180380e-03 7.25341856e-01 5.45196712e-01
    -1.68003470e-01 4.89403725e-01 -4.66107756e-01 7.61153460e-01
    1.55909443e+00 5.69394052e-01 9.35254276e-01 7.16846049e-01
    8.05289268e-01 -1.39276594e-01 3.37110817e-01 -3.33967417e-01
    1.08459306e+00 1.00943851e+00 1.38978374e+00 9.09919739e-01
    8.98083866e-01 6.53652489e-01 1.27871060e+00 -3.21336925e-01
    1.06191945e+00 1.41140401e-01 -2.42660552e-01 -2.00140983e-01
    1.47029781e+00 -1.37494206e-02 8.99303555e-01 3.63947213e-01
    7.86046386e-01 1.13134694e+00 1.29673028e+00 -3.72862935e-01
    -3.09908986e-01 4.12906528e-01 -8.74771178e-02 1.04524374e+00
    1.21872127e+00 1.35738707e+00 9.67605352e-01 4.36988473e-01
    3.73374581e-01 3.37408245e-01 3.86377752e-01 -5.02867818e-01
    5.86273074e-01 1.06086612e+00 5.43780863e-01 -5.51736116e-01
    -3.56276035e-02 -3.71240944e-01 -3.24876428e-01 1.38698411e+00
    1.37712860e+00 9.83325779e-01 1.41504896e+00 1.29080558e+00
    6.24135256e-01 1.97130620e-01 8.57813537e-01 1.47193027e+00
    9.47306633e-01 3.21664095e-01 4.22871172e-01 2.01231182e-01
    1.20109224e+00 -3.05166662e-01 -4.37496901e-01 1.51616216e+00
    1.05189443e+00 1.34237027e+00 -2.02646375e-01 9.86949384e-01
    2.68211365e-01 9.11843598e-01 1.49995244e+00 -2.79347211e-01
    1.06341672e+00 1.18849301e+00 1.51498961e+00 6.01607561e-03
    5.07417917e-01 2.67486215e-01 1.36193252e+00 -3.21741104e-01
    -4.03913081e-01 5.12822509e-01 2.00635493e-01 -3.00020725e-01
    -3.67760360e-01 1.52855718e+00 9.29168403e-01 1.24341810e+00
    1.68149590e-01 7.92860270e-01 1.23054695e+00 1.54537427e+00
    5.93538821e-01 2.19020128e-01 -3.27052683e-01 -3.62148434e-01
    6.98072970e-01 -3.20847273e-01 9.22801256e-01 8.04238856e-01
    6.88857257e-01 1.31147897e+00 2.53248274e-01 -2.04117596e-01
    -3.83118391e-02 1.06259966e+00 6.47530079e-01 4.12899852e-02
    1.88379705e-01 1.09834909e-01 1.24498010e+00 7.26526678e-01
    -4.85544801e-01 1.13019586e+00 -2.70297110e-01 1.53344297e+00
    6.16248190e-01 1.43852460e+00 1.21633708e-01 1.18250692e+00
    1.08571243e+00 4.89628792e-01 -3.47589254e-01 8.52296174e-01
    -2.02261806e-02 -3.19242746e-01 1.31707728e-01 1.25542665e+00
    4.18992698e-01 1.11997783e-01 -3.91824692e-01 1.27266371e+00
    7.80349970e-03 4.24705386e-01 1.00421429e+00 7.40390122e-01
    2.07884908e-02 3.29130769e-01 -2.67739981e-01 7.14492857e-01
    3.33574533e-01 5.77238500e-01 3.26017618e-01 6.99118197e-01
    1.04427993e+00 1.31462872e+00 1.18294144e+00 1.16046762e+00
    1.35063577e+00 4.10042226e-01 -3.33681911e-01 -5.13447344e-01
    -4.51069504e-01 -4.74449039e-01 -3.43003899e-01 1.27998483e+00
    -1.35197282e-01 7.77375162e-01 -4.12136316e-03 1.08150852e+00
    1.43080330e+00 5.78854144e-01 9.26382184e-01 3.43140423e-01
    5.80123663e-02 1.01665950e+00 8.13706577e-01 1.52144659e+00
    -4.79864299e-01 1.05525923e+00 1.50346756e+00 4.56065178e-01
    4.58397865e-01 -3.85062128e-01 1.49153543e+00 9.44140017e-01
    4.74452138e-01 2.28843927e-01 -1.60303801e-01 9.41774309e-01
    1.26429629e+00 -2.67379224e-01 -2.00379759e-01 -2.83562034e-01
    1.10160112e+00 6.11775458e-01 -6.01848960e-02 1.12362659e+00
    3.48802984e-01 1.01181567e-01 -3.62753063e-01 3.59715283e-01
    -1.58018470e-02 7.60660946e-01 -4.66300488e-01 9.43493247e-02
    2.35149801e-01 1.28048420e+00 2.54550159e-01 -5.02785802e-01
    6.66392505e-01 1.12078965e-01 1.15689087e+00 4.59622324e-01
    1.45652914e+00 -2.38541931e-01 5.17230630e-02 9.15596604e-01
    6.42690182e-01 2.83616781e-03 5.04321694e-01 4.01361346e-01
    -4.10910755e-01 1.24197829e+00 -4.14099246e-01 5.40126204e-01
    1.39163923e+00 -4.40157950e-01 4.74753678e-01 -5.20178139e-01
    1.37613821e+00 7.03364491e-01 1.02084970e+00 7.79435456e-01
    1.05762720e+00 1.54761457e+00 1.03942227e+00 8.77839327e-02
    1.28708601e+00 1.03283596e+00 1.37735033e+00 1.53127456e+00
    -3.23389769e-02 8.97754431e-02 1.07840693e+00 1.18275952e+00
    1.11352277e+00 -8.50602686e-02 8.96532536e-01 3.76705110e-01
    1.00738251e+00 2.79977918e-02 1.31727982e+00 -4.09959733e-01
    -6.70101345e-02 -3.08047235e-01 1.23425460e+00 1.18820047e+00
    3.44876170e-01 5.60786426e-01 1.10214746e+00 8.26865315e-01
    1.40584111e-02 -3.53146136e-01 5.46055198e-01 -5.75206876e-02
    1.39969516e+00 -4.05700088e-01 1.11930263e+00 1.53465855e+00
    8.18510592e-01 2.93364704e-01 1.32362509e+00 3.31236482e-01
    1.45490217e+00 1.40961266e+00 6.25776589e-01 5.35711706e-01
    1.46480501e-01 5.31658232e-01 1.83030903e-01 1.19601130e+00
    1.45402312e+00 5.61850429e-01 7.36610293e-01 3.33784878e-01
    2.77575672e-01 -4.82439339e-01 1.21488178e+00 2.38395691e-01
    8.37443173e-01 -4.88975763e-01 -4.29938763e-01 1.25947452e+00
    9.89866972e-01 1.99336052e-01 1.19238257e+00 -8.61295462e-02
    1.38560939e+00 4.00706291e-01 6.77696705e-01 9.44342792e-01
    1.30313206e+00 1.69039488e-01 9.95432675e-01 1.30546236e+00
    1.10831034e+00 3.15529108e-01 8.86190236e-01 1.02074027e+00
    -5.46628237e-01 1.33373332e+00 1.32455826e+00 -3.64241362e-01
    5.15551925e-01 6.47900522e-01 1.51711750e+00 -1.87235802e-01
    1.27175212e+00 4.01321054e-02 4.92178738e-01 -2.92901754e-01
    -4.24911648e-01 -4.66351032e-01 -1.26067251e-01 3.91614914e-01
    1.16680932e+00 9.09151435e-01 1.53122568e+00 5.70723653e-01
    1.11413217e+00 3.12862873e-01 1.81264699e-01 1.44315648e+00
    -5.33994913e-01 -3.62585038e-01 8.00314665e-01 -3.70405912e-01
    1.34671092e+00 6.90121055e-01 -2.31314719e-01 9.62780952e-01
    5.26132107e-01 1.14957619e+00 -1.19286239e-01 -1.16444111e-01
    -3.14286500e-01 -2.09105074e-01 1.44354284e+00 6.75203145e-01
    1.10291958e+00 1.15091968e+00 1.32686782e+00 1.30901504e+00
    3.90237331e-01 -2.13831067e-01 2.78722286e-01 -2.13582963e-01
    4.63623285e-01 -2.37129927e-01 1.20037913e+00 -1.06823325e-01
    9.59493160e-01 8.24430406e-01 -5.32896042e-01 -4.97508764e-01
    -4.08097059e-01 7.29532659e-01 6.67739928e-01 1.47921181e+00
    -1.06479853e-01 1.91284955e-01 -7.85858333e-02 -5.08440077e-01
    1.19807601e+00 2.56924450e-01 8.99443626e-02 3.66213143e-01
    1.47924864e+00 2.85396338e-01 -4.91748661e-01 -5.07298350e-01
    5.09202480e-04 1.98790848e-01 7.28940964e-02 8.86705637e-01
    2.02324808e-01 -3.44920874e-01 1.19427800e+00 9.53461885e-01
    4.94598448e-01 3.90319824e-02 8.29776287e-01 1.49720192e+00
    4.06428218e-01 -2.00514793e-02 -2.41079152e-01 1.05600977e+00
    -1.72063708e-01 -3.48939538e-01 -5.30734837e-01 8.52687716e-01
    7.11226702e-01 1.21446609e+00 2.57654965e-01 5.76893210e-01
    8.09016228e-02 8.15710247e-01 7.68246233e-01 9.15786207e-01
    -1.03767961e-01 1.16702080e+00 1.07637954e+00 8.36067677e-01
    -4.61570919e-02 -3.48895252e-01 -2.45219260e-01 3.96153688e-01
    8.53025377e-01 1.46945536e+00 -1.69159174e-02 2.04131842e-01
    1.36546409e+00 1.30535984e+00 6.25195026e-01 5.44586957e-01
    1.87978089e-01 9.15735245e-01 7.83741593e-01 5.28823316e-01
    5.24337888e-02 -3.93613517e-01 -1.69537932e-01 1.41091204e+00
    4.51754570e-01 1.13947284e+00 4.23927307e-02 2.93760300e-01
    6.96373522e-01 7.65133381e-01 6.27812028e-01 4.52924669e-01
    -4.50855255e-01 1.27268100e+00 1.85548902e-01 1.13292003e+00
    2.28718698e-01 4.78617132e-01 9.92224813e-02 3.63702893e-01
    4.56117153e-01 1.34360909e+00 -3.99633944e-01 9.11545694e-01
    -2.79488266e-01 6.30630076e-01 1.04338813e+00 7.16788471e-01
    8.03528965e-01 8.30466866e-01 1.07643330e+00 -2.40711898e-01
    -5.43378592e-01 5.12391746e-01 -8.72928798e-02 -1.31857604e-01
    2.57693827e-01 1.04000020e+00 -3.29433411e-01 -5.53272188e-01
    1.04985499e+00 -3.80982697e-01 -5.03359795e-01 -2.55078673e-01
    1.52878344e-01 1.16950572e-01 -4.49778259e-01 1.20755005e+00
    9.72275794e-01 2.77895510e-01 8.80329907e-01 9.19849634e-01
    -7.72325099e-02 7.36767054e-02 -1.29014254e-01 -2.15851575e-01
    -5.02280116e-01 -1.08459592e-02 5.52580357e-02 -4.62815046e-01
    3.11721563e-02 1.31684303e+00 2.07843006e-01 7.84849524e-02
    2.63701856e-01 -1.73631668e-01 3.64965916e-01 1.03424311e+00
    -2.37519711e-01 6.98366880e-01 6.08711243e-01 2.71811366e-01
    2.59533763e-01 1.00637436e+00 -1.63734078e-01 2.66262293e-02
    1.81357861e-01 7.40071356e-01 1.13208055e+00 1.14863610e+00
    4.06205177e-01 5.44557631e-01 2.60160208e-01 1.28459203e+00
    1.47171259e+00 1.37088585e+00 6.50799334e-01 -2.15363830e-01
    -1.03738308e-02 5.00762999e-01 1.48738110e+00 1.27776682e+00
    -2.76501805e-01 1.04866779e+00 2.25420713e-01 1.07004452e+00
    -3.90260398e-01 3.47258508e-01 -1.25973344e-01 8.96370173e-01
    4.24333096e-01 2.04444528e-01 8.76453519e-01 6.02423906e-01
    3.66985083e-01 -3.58215630e-01 -2.20309973e-01 -1.64498746e-01
    -2.75359303e-01 4.91781712e-01 5.96306324e-02 1.04384422e+00
    -3.13480973e-01 -3.20268095e-01 1.25479412e+00 3.17290366e-01
    6.94112897e-01 4.32986081e-01 1.46706080e+00 4.13459539e-01
    1.47378683e+00 2.73843408e-01 1.01964235e+00 1.50254798e+00
    2.26594746e-01 -5.28329074e-01 -3.02563280e-01 3.59382212e-01
    8.75957549e-01 9.63254511e-01 -3.10010880e-01 -5.63952982e-01
    5.22771001e-01 9.67899501e-01 1.44808531e-01 -5.41656792e-01
    8.24763119e-01 1.14952219e+00 1.11021233e+00 1.12438059e+00
    5.26112795e-01 1.38001478e+00 -1.63386732e-01 4.60134625e-01
    6.20408535e-01 1.55224037e+00 6.69289410e-01 3.34047854e-01
    9.82111216e-01 1.37529111e+00 1.30661631e+00 3.60327482e-01
    1.02196753e-01 4.67614293e-01 -6.21381104e-02 1.51718020e+00
    1.50619733e+00 9.56821024e-01 1.35307288e+00 3.47708166e-01
    -4.81697440e-01 9.96333420e-01 -2.01355428e-01 3.80756855e-02
    1.48213935e+00 1.20008600e+00 1.43532670e+00 5.72269380e-01
    8.40623379e-01 9.15769577e-01 -3.94088626e-02 -4.92314249e-01
    -3.80280465e-01 1.03007722e+00 1.15936065e+00 1.22957802e+00
    -1.26370013e-01 6.01866722e-01 -2.19215125e-01 -2.42697984e-01
    1.66018605e-02 1.40854287e+00 -3.34389985e-01 6.34175658e-01
    7.76365399e-01 -2.14299858e-01 2.40563154e-02 2.19469786e-01
    6.80802166e-01 1.27661705e+00 8.47600758e-01 1.02424490e+00
    1.75349057e-01 -2.25112706e-01 -3.42115402e-01 3.50995600e-01
    -2.02088356e-01 9.32447970e-01 1.06309938e+00 -1.72470778e-01
    1.21356082e+00 -3.07811677e-01 3.24274898e-02 -8.58565569e-02
    6.24023974e-01 -1.57960445e-01 -5.28135002e-01 8.23146701e-02
    -9.06896293e-02 -1.23460293e-02 1.38343287e+00 -2.57205367e-01
    -1.26425505e-01 9.28194940e-01 4.88155484e-02 1.52012467e+00
    3.49966824e-01 6.21255755e-01 6.85150445e-01 -3.41607332e-01
    -3.72640669e-01 4.70867872e-01 1.01219630e+00 -5.52064300e-01
    9.06685650e-01 3.96883190e-01 9.73761797e-01 8.84753168e-01
    2.11516559e-01 -2.65227050e-01 1.02204752e+00 5.64484298e-01
    1.94728017e-01 1.24707580e+00 1.38811266e+00 1.07742798e+00
    2.59023249e-01 1.23165667e+00 1.48389125e+00 -3.20977569e-01
    9.75294888e-01 -4.62407231e-01 6.73781872e-01 1.21506572e-01
    -1.76767588e-01 1.22699070e+00 1.35913968e-01 1.05235863e+00
    4.31339741e-01 8.76319587e-01 4.34247911e-01 5.58832109e-01
    1.04033232e+00 1.25037694e+00 3.25385392e-01 6.70459151e-01
    1.30340302e+00 1.05524647e+00 9.99287844e-01 2.29197860e-01
    9.71436620e-01 1.46874142e+00 1.16528368e+00 -6.56314194e-02
    1.33081663e+00 -3.21513027e-01 -2.82236993e-01 -4.39302862e-01
    1.20115662e+00 1.51333177e+00 -2.36407459e-01 1.52663088e+00
    1.48537183e+00 9.24287438e-01 2.33828306e-01 -1.89720005e-01
    -4.71680164e-01 1.34245098e-01 -2.04990566e-01 2.22610950e-01
    -1.19985938e-02 8.99544060e-01 1.40840125e+00 -4.87636626e-01
    1.22985315e+00 -1.51088804e-01 2.63848901e-02 1.41244352e-01
    -5.24916649e-02 5.16922116e-01 5.06064892e-02 3.60054433e-01
    2.49179006e-02 1.41405046e+00 -2.67264575e-01 9.63739157e-01
    9.56326306e-01 5.01516342e-01 -4.79948223e-01 5.03134549e-01
    -2.76645869e-01 2.89685965e-01 -3.06710124e-01 -2.79153526e-01
    -3.53649110e-01 1.29609895e+00 4.18539047e-02 -4.40611124e-01
    7.59903789e-01 -4.48132724e-01 3.74116600e-01 -3.70614529e-02
    8.97450686e-01 -5.15076518e-02 -3.89890492e-01 5.62024772e-01
    1.68805718e-01 5.77194452e-01 -5.44523537e-01 1.35009861e+00
    6.95806742e-01 1.31493413e+00 -2.53839135e-01 8.42082500e-03
    1.49656820e+00 9.36177731e-01 1.19437027e+00 8.56572747e-01
    -5.27642727e-01 2.78091431e-02 5.32667041e-01 1.37109613e+00
    -3.48503768e-01 -1.15600079e-01 1.05190277e-03 1.15753889e+00
    8.87645483e-02 -4.89639997e-01 1.74729943e-01 1.44037771e+00
    1.37956727e+00 2.79964805e-02 -3.19876671e-02 3.43950331e-01
    1.37685180e-01 3.17600906e-01 1.48061550e+00 9.81471717e-01
    -3.40034008e-01 -1.39249802e-01 1.41509295e-01 9.80729342e-01
    -3.83597165e-01 6.61982059e-01 3.26351166e-01 9.50000823e-01
    3.05001616e-01 2.04669654e-01 1.21656656e-01 6.55287147e-01
    2.16185391e-01 9.82348382e-01 1.42381132e+00 1.06153572e+00
    1.33063316e+00 5.26395738e-01 -2.54678726e-02 -1.82154179e-01
    3.04400921e-01 8.39786291e-01 1.00629592e+00 -3.25254440e-01
    4.88367617e-01 7.80371547e-01 -4.47375774e-01 2.52365947e-01
    -7.44652748e-03 1.22912574e+00 -1.86940104e-01 9.19694841e-01
    -3.67230833e-01 1.35658479e+00 1.21001244e-01 8.08239520e-01
    -1.77519143e-01 7.88592160e-01 -4.39720094e-01 1.49097300e+00
    1.46048450e+00 4.63372886e-01 1.50366879e+00 2.76866853e-01
    -5.72693348e-03 -3.97176862e-01 2.00631797e-01 2.19917059e-01
    -1.69291943e-01 2.23553181e-01 9.18181479e-01 1.61008239e-02
    4.63718832e-01 -3.39017630e-01 1.12754750e+00 5.17453611e-01
    2.15478659e-01 1.06324053e+00 9.64567780e-01 2.56505132e-01
    2.52586365e-01 1.05625093e-01 2.27435648e-01 3.54679108e-01
    1.09828591e+00 3.89575958e-03 4.28047657e-01 3.82295310e-01
    1.01557970e-02 -2.08698273e-01 2.76763380e-01 1.42781210e+00
    -1.05536908e-01 4.32217836e-01 7.29984581e-01 1.00705278e+00
    1.45306516e+00 -4.40831184e-02 8.02490950e-01 3.11798692e-01
    1.23782837e+00 -5.21411538e-01 1.31780553e+00 -4.64315414e-01
    5.89267850e-01 8.70410562e-01 3.57494652e-01 6.14690840e-01
    1.42718327e+00 8.80879223e-01 1.41537321e+00 1.11335361e+00
    4.39678133e-01 -3.68510991e-01 1.06108940e+00 2.40776479e-01
    3.84253383e-01 1.44307387e+00 1.24342561e+00 1.04918456e+00
    8.37717772e-01 1.32944298e+00 4.20266151e-01 -2.61054605e-01
    -5.30527234e-02 1.48818016e+00 2.90604115e-01 5.46223402e-01
    -4.39482987e-01 7.51551509e-01 4.21694994e-01 3.86882424e-01
    1.89825237e-01 1.22998834e+00 1.88311994e-01 6.68228984e-01
    1.32701731e+00 8.07401538e-02 4.56848145e-02 2.14238763e-01
    1.47248912e+00 -3.70034337e-01 2.02743173e-01 1.06392205e+00
    -4.49336797e-01 4.34913039e-01 -4.08208966e-02 -5.39760411e-01
    2.47664034e-01 7.93133140e-01 5.32015264e-01 5.25958180e-01
    9.99097824e-01 -2.99283117e-01 6.71715140e-01 2.67609239e-01
    1.40083671e+00 -1.45958662e-02 1.27668905e+00 5.30613840e-01
    1.35116780e+00 1.21982348e+00 2.07767963e-01 1.04047036e+00
    1.18014073e+00 1.53525829e+00 -3.43175948e-01 6.56889200e-01
    3.66901278e-01 -4.44215029e-01 1.39734745e-01 7.91964829e-01
    8.28356445e-01 -1.85700089e-01 4.83577073e-01 4.21563148e-01
    1.26042604e-01 4.20503020e-01 6.29959643e-01 5.57450950e-01
    9.42189276e-01 -2.36330330e-01 5.16115665e-01 -1.99724883e-01
    1.77068949e-01 -5.66034138e-01 -4.14773226e-02 -1.65710181e-01
    -3.10352176e-01 1.25959206e+00 -5.04730582e-01 5.28433681e-01
    6.43147707e-01 -3.50460589e-01 7.76416063e-03 6.89946413e-02
    4.09898996e-01 1.52006316e+00 4.13492918e-02 7.79702902e-01
    -5.38827777e-02 2.14556217e-01 8.40977550e-01 1.05509019e+00
    -1.23340935e-01 1.22809601e+00 1.15088558e+00 -1.54403448e-02
    -3.88877511e-01 1.14808917e+00 6.61121070e-01 1.06184793e+00
    -1.47988796e-02 8.27520013e-01 1.50562680e+00 1.06816709e-01
    -4.58807111e-01 6.61720634e-02 1.19595456e+00 9.01230574e-02
    1.15269041e+00 1.48624110e+00 1.13631392e+00 -1.48473382e-02
    7.03604460e-01 7.24306643e-01 6.54498637e-01 1.19461727e+00
    1.22651649e+00 2.05735505e-01 1.28552854e+00 1.64409041e-01
    6.52192354e-01 8.97551417e-01 2.57864654e-01 1.16717148e+00
    1.26715708e+00 -2.82104611e-02 3.54951024e-02 1.67611480e-01
    5.34527898e-02 1.14951754e+00 -4.90490764e-01 -2.46630877e-01
    4.03434038e-02 -1.98947340e-01 1.56191707e+00 2.93164790e-01
    -1.61725760e-01 3.90974104e-01 -1.77479088e-01 1.07644796e-02
    1.32068634e-01 1.05672431e+00 1.30310702e+00 7.11933076e-01
    6.42510653e-02 3.33320796e-01 8.64751935e-01 -4.47036475e-01
    -5.08420348e-01 1.35365582e+00 5.53222895e-02 8.41306210e-01
    -5.26859164e-02 7.48506069e-01 -1.47933125e-01 -4.25725490e-01
    1.34092522e+00 2.60137260e-01 -3.40050042e-01 9.34855521e-01
    -8.54796171e-03 1.46212077e+00 -4.58564758e-02 1.45573640e+00
    1.08309770e+00 1.03355312e+00 6.52247071e-02 6.19469583e-01
    1.34045005e+00 1.46184182e+00 3.10625255e-01 3.03510427e-02
    1.62369013e-02 -2.90785551e-01 1.00256634e+00 9.15809870e-02
    3.12726855e-01 9.23577964e-01 8.26295018e-02 1.44922221e+00
    4.83424664e-01 1.35486281e+00 6.66154504e-01 1.25812984e+00
    2.08985806e-02 5.12023509e-01 -3.14650506e-01 9.69301283e-01
    4.53986108e-01 -2.03609496e-01 1.96283400e-01 1.49777865e+00
    5.99297404e-01 6.73625827e-01 1.23080039e+00 5.43982387e-01
    -5.68217397e-01 3.13490629e-02 5.47015309e-01 7.55429983e-01
    1.07128620e+00 1.28428793e+00 -1.90399945e-01 -4.35335219e-01
    -1.21704280e-01 9.20541763e-01 -1.98039383e-01 9.64964271e-01
    1.16155279e+00 1.15696025e+00 -8.32530856e-02 9.04532194e-01
    1.14482379e+00 1.44924641e+00 -7.36774802e-02 -4.94705558e-01
    5.19446552e-01 5.56834638e-01 7.89833069e-03 -5.55192649e-01
    8.59017551e-01 -5.53237379e-01 1.97659492e-01 7.63363838e-01
    6.50625288e-01 1.09309602e+00 5.08522749e-01 1.34268272e+00
    -1.61562204e-01 -4.51385975e-04 1.34483671e+00 6.23309672e-01
    1.94458783e-01 1.04054070e+00 7.58335650e-01 5.40114641e-02
    1.27388287e+00 8.37389767e-01 8.58830392e-01 7.58688211e-01
    9.46419656e-01 6.16868317e-01 1.31644392e+00 6.88750625e-01
    2.41459429e-01 1.03374553e+00 2.87853956e-01 9.60328162e-01
    7.63210833e-01 -1.37233734e-02 5.86412072e-01 1.06355524e+00
    7.93007791e-01 2.28235483e-01 1.24836481e+00 -3.10312122e-01
    -2.37705112e-02 2.28403807e-02 1.92576528e-01 5.09828925e-01
    -3.68234754e-01 1.46751738e+00 2.73176432e-02 1.30616117e+00
    4.36218083e-01 -4.39268410e-01 6.85311079e-01 6.69634342e-02
    2.95699239e-02 -4.20002699e-01 -3.80550504e-01 1.66818619e-01
    8.68205726e-01 3.21617067e-01 9.22020376e-01 1.54071593e+00
    7.11085558e-01 5.30896068e-01 2.96999991e-01 -2.09912091e-01
    6.29202247e-01 1.15215921e+00 4.45094705e-02 5.25709689e-01
    9.16676521e-02 -4.30672169e-01 8.96147847e-01 -1.39986455e-01
    2.93656468e-01 3.67988467e-01 2.90670991e-02 1.25478518e+00
    1.05973530e+00 -3.36952120e-01 5.04614711e-01 -1.17393017e-01
    5.50765812e-01 3.43929768e-01 -4.04562175e-01 4.40843225e-01
    8.82368624e-01 5.25344610e-02 -7.66066611e-02 -3.00120294e-01
    6.02140665e-01 -2.06890106e-02 -4.56825197e-01 2.73360968e-01
    -1.82420015e-01 1.29069865e-01 1.49637234e+00 8.48857284e-01
    1.45151591e+00 -2.77737051e-01 9.18495476e-01 9.04059350e-01
    7.41072297e-02 1.18916321e+00 -1.05251461e-01 1.47882128e+00
    1.21989202e+00 1.07744944e+00 1.15986419e+00 8.54480147e-01
    -6.50078058e-02 7.90829837e-01 3.83419394e-01 2.80803263e-01
    2.80786753e-01 -6.73432946e-02 1.15042520e+00 1.44960427e+00
    7.37778425e-01 -6.98184967e-02 2.51089156e-01 -4.72779155e-01
    -1.09957665e-01 1.10611105e+00 3.84760618e-01 2.18518078e-01
    1.14634776e+00 1.07609749e+00 7.56027400e-01 6.99172616e-02
    1.19291878e+00 2.69891620e-02 9.74904954e-01 6.99896455e-01
    1.65562868e-01 1.41940498e+00 3.65839005e-01 1.29819703e+00
    1.12040830e+00 1.02870369e+00 -1.07630521e-01 -1.24518692e-01
    4.29410458e-01 9.96392965e-01 1.62836015e-01 9.81139004e-01
    9.09240723e-01 -4.55922216e-01 3.11454296e-01 -1.71829820e-01
    3.86866689e-01 2.02257872e-01 -5.52733004e-01 2.30301082e-01
    1.03391171e-01 8.11365724e-01 1.05845308e+00 7.80862391e-01
    1.94505036e-01 -2.28635222e-01 1.46527267e+00 4.01103139e-01
    -8.85907710e-02 -1.13611817e-01 -4.01416600e-01 -4.14531887e-01
    1.05614996e+00 1.18280005e+00 8.95407915e-01 5.56149542e-01
    9.53558743e-01 4.45727110e-02 -5.08353293e-01 5.06792188e-01
    1.37165785e+00 6.40081346e-01 9.02338266e-01 7.98090994e-01
    2.46438086e-01 6.02304101e-01 7.42089510e-01 -5.07187963e-01
    1.19337654e+00 1.51842546e+00 1.18174791e+00 6.33293808e-01
    9.02908981e-01 -4.05273974e-01 1.20075798e+00 1.43568349e+00
    1.43992758e+00 1.06315446e+00 1.12484920e+00 6.69726133e-01
    1.72848105e-02 -4.70146000e-01 1.10739815e+00 1.07206678e+00
    6.98250353e-01 -4.10778135e-01 4.21793461e-02 1.18743539e+00
    -1.31025404e-01 -2.65943348e-01 -5.17887414e-01 -4.25860196e-01
    8.54940236e-01 1.48668706e-01 3.70320737e-01 3.93559217e-01
    9.87523198e-01 7.48050570e-01 1.38437951e+00 2.68740356e-01
    4.50683534e-01 7.29303181e-01 1.03745508e+00 -6.54102564e-02
    1.10343111e+00 -3.78135443e-02 2.97272921e-01 1.03553391e+00
    1.32756257e+00 -1.93440318e-02 7.12570846e-01 -4.50601429e-01
    2.63944507e-01 1.29869676e+00 1.30905402e+00 1.09571505e+00
    3.38997722e-01 6.88228607e-01 5.75041592e-01 1.07701945e+00
    1.48475158e+00 -4.89702255e-01 9.96917367e-01 1.00139940e+00
    1.93472266e-01 -4.21860337e-01 -2.83690453e-01 -8.88651311e-02
    -3.45163345e-02 -8.45908821e-02 6.99966967e-01 -1.42500401e-01
    -1.23415768e-01 -5.08441448e-01 2.98212767e-01 1.73593640e-01
    -4.27292705e-01 7.74893463e-01 7.72604942e-02 3.35880220e-01
    1.27226651e+00 5.38724661e-02 7.39285588e-01 -3.65709305e-01
    1.06953025e+00 2.52431571e-01 1.78491473e-01 3.93215537e-01
    1.15924120e+00 3.09114158e-01 7.02490807e-01 5.89587986e-01
    5.59859335e-01 3.17790926e-01 4.13261354e-01 1.48627794e+00
    -5.22673011e-01 -4.56104577e-01 1.53143954e+00 4.84398305e-01
    -2.87701428e-01 8.01819563e-01 -8.55223536e-02 6.18828535e-02
    1.45208943e+00 8.37421834e-01 7.26737380e-02 1.28783524e+00
    -1.81277245e-01 1.20947254e+00 -4.87675101e-01 1.09945607e+00
    -3.81747305e-01 3.40585828e-01 -1.88534588e-01 -5.09068131e-01
    -1.53246939e-01 1.06284022e-02 3.36322725e-01 5.18792093e-01
    -5.43204486e-01 1.34746790e+00 5.43846309e-01 -5.99803925e-02
    7.91149497e-01 7.15882719e-01 5.37071228e-01 -2.94705451e-01
    -5.44971764e-01 9.81563032e-01 1.22407830e+00 7.21366167e-01
    1.05328703e+00 7.24868119e-01 -4.54525650e-02 -5.33137023e-02
    4.45185304e-02 8.74688327e-01 9.00498748e-01 -1.56547755e-01
    9.44450259e-01 1.38520074e+00 3.24833393e-03 1.31570125e+00
    1.12076700e-01 4.82804596e-01 -3.02778721e-01 1.27357292e+00
    1.83444560e-01 1.46157646e+00 -7.16112256e-02 6.57154322e-02
    1.07265794e+00 9.82249975e-01 1.94895625e-01 1.05305290e+00
    1.10216367e+00 9.47513044e-01 9.70111966e-01 1.38313866e+00
    4.64458346e-01 9.60543633e-01 2.32123137e-01 6.13397360e-01
    1.38246179e-01 -1.16019309e-01 6.80467784e-01 -4.51524615e-01
    1.10368514e+00 1.39640689e-01 5.54047763e-01 4.06492829e-01
    4.77487743e-01 -2.32667655e-01 1.07218790e+00 1.01544666e+00
    7.93227077e-01 1.20825171e+00 9.19836819e-01 -2.98144937e-01
    1.41984296e+00 -3.47807705e-01 -1.31649375e-02 7.88932800e-01
    -2.36045986e-01 -3.63587737e-01 4.54729199e-01 3.58332276e-01
    1.52956438e+00 1.29707479e+00 1.14355993e+00 -1.89296722e-01
    5.84201992e-01 2.16307998e-01 7.86273301e-01 2.88563669e-01
    -4.22224581e-01 1.51505971e+00 5.98433316e-01 3.83350253e-01
    -3.90208393e-01 1.63582385e-01 6.91750884e-01 1.26386023e+00
    -5.36994219e-01 1.13404942e+00 1.33832312e+00 -4.91510719e-01
    -4.64755595e-01 2.76918828e-01 2.52209663e-01 1.27175999e+00
    -1.95177197e-02 1.40223503e+00 1.27282596e+00 4.98098552e-01
    1.20000613e+00 -4.35723543e-01 8.30987275e-01 -1.05451554e-01
    1.54728448e+00 6.70521080e-01 4.85065758e-01 -4.30119276e-01
    -1.44548297e-01 1.07276630e+00 1.99330926e-01 8.29037845e-01
    -4.34545219e-01 -5.40722787e-01 -5.53811491e-02 -7.65761435e-02
    1.26296806e+00 1.52437651e+00 1.54175901e+00 6.04664683e-01
    -1.52701318e-01 1.38802445e+00 2.77571738e-01 1.80125237e-01
    4.94567394e-01 8.46224070e-01 1.30879819e-01 7.49635279e-01
    1.15176499e+00 -5.37828207e-01 1.35606337e+00 1.31022954e+00
    1.18195319e+00 8.86844397e-01 2.18658209e-01 -2.01212496e-01
    -1.84399098e-01 1.01406813e-01 1.48558402e+00 8.46048653e-01
    1.53958559e+00 1.34202743e+00 4.94852364e-01 5.27007520e-01
    1.37708652e+00 -1.23782158e-02 1.42301631e+00 5.76296449e-02
    2.11212337e-01 -2.80291557e-01 1.40271068e-01 -4.85167503e-02
    -9.08887684e-02 6.64933920e-02 1.05722749e+00 1.31231332e+00
    8.55826557e-01 7.25674868e-01 -1.14848614e-02 3.73003840e-01
    1.00326657e+00 1.38907194e-01 -9.34042335e-02 9.98075783e-01
    1.56807411e+00 -5.33526421e-01 2.51970768e-01 -6.25649989e-02
    1.08252406e-01 1.20066285e+00 -1.39598846e-01 1.12372625e+00
    8.04195762e-01 -5.32959521e-01 5.94711542e-01 -3.41969728e-02
    -3.55069041e-01 5.10564625e-01 7.17173278e-01 -1.87354088e-01
    3.95611346e-01 1.05880666e+00 2.03253448e-01 7.28965044e-01
    3.62006962e-01 -4.62342739e-01 1.23711443e+00 1.26552069e+00
    1.07503653e-01 -3.78987610e-01 7.53354430e-02 1.03676748e+00
    1.50198114e+00 1.24571013e+00 -5.62485456e-01 1.11583591e-01
    4.59718704e-01 -8.26773047e-02 7.68301010e-01 3.04605067e-01
    4.46047604e-01 7.18480766e-01 9.12210703e-01 6.13051653e-03
    9.72741127e-01 -6.72450066e-02 1.10938811e+00 4.08265829e-01
    -1.94249481e-01 1.57564342e-01 -3.50288868e-01 8.68137777e-01
    8.37384522e-01 1.13420463e+00 -4.68738317e-01 9.18989778e-02
    1.24421501e+00 3.65935147e-01 1.51469088e+00 1.38428748e-01
    6.98072135e-01 -4.63485718e-04 -3.11084360e-01 -2.68736243e-01
    8.64155471e-01 1.19292426e+00 4.68513489e-01 1.33198738e-01
    6.46944463e-01 4.41231430e-01 1.54033983e+00 -5.51316857e-01
    3.16219568e-01 1.41731524e+00 1.36955571e+00 1.36415362e-01
    1.31981218e+00 -7.11991787e-02 1.29444766e+00 -4.86130834e-01
    1.20038438e+00 9.47255611e-01 -5.05683243e-01 1.01117337e+00
    1.12625051e+00 7.20634878e-01 8.51120889e-01 4.06819105e-01
    1.10789371e+00 5.95933855e-01 4.68328118e-01 1.35842597e+00
    1.50649738e+00 2.98813522e-01 1.05237281e+00 -4.91424799e-02
    9.35562909e-01 1.37121522e+00 1.07780266e+00 1.17744803e+00
    1.18605971e-01 -7.34433830e-02 6.18659735e-01 -1.09244555e-01
    1.15853119e+00 4.78711724e-01 1.09450924e+00 1.01349533e+00
    -3.06581944e-01 1.75941706e-01 1.87074661e-01 9.80843306e-01
    1.45882344e+00 1.01850152e+00 1.36367893e+00 -2.41705656e-01
    8.04711998e-01 1.00153017e+00 1.21249938e+00 -3.34425211e-01
    1.16184473e+00 -1.50176913e-01 7.60886848e-01 1.12307668e+00
    1.35245919e+00 -5.25976837e-01 -5.30861437e-01 1.53051579e+00
    9.83879268e-01 1.02984738e+00 -5.24384618e-01 8.04791391e-01
    8.96014452e-01 9.06780541e-01 4.17674005e-01 9.98914242e-02
    3.16073060e-01 1.38662648e+00 1.54137588e+00 -3.78470421e-01
    1.21420801e+00 -1.44153655e-01 4.68000174e-01 1.31697178e+00
    8.71501565e-01 8.14878702e-01 1.12461782e+00 1.39148247e+00
    -2.24262059e-01 -9.50794220e-02 -3.52362394e-02 8.11859310e-01
    -3.18144381e-01 9.35891628e-01 9.70319152e-01 1.43977940e-01
    1.49900019e+00 7.24175811e-01 9.06395137e-01 -1.37666166e-01
    6.80993795e-02 5.11541128e-01 7.24186718e-01 4.61920023e-01
    -4.52032685e-02 5.82974076e-01 9.57830250e-01 3.59349132e-01
    1.41780853e+00 1.31073773e+00 4.90849435e-01 -2.82780498e-01
    -5.05119145e-01 1.40124011e+00 -4.51534986e-03 4.48069751e-01
    5.95746815e-01 8.14962983e-01 1.41287303e+00 1.23152876e+00
    -4.72928882e-01 7.95462430e-01 -3.39686155e-01 5.74732780e-01
    7.18921363e-01 -9.93147492e-02 -4.40981686e-01 1.38290286e-01
    -4.71750498e-02 7.72389412e-01 8.00325990e-01 5.28200269e-02
    1.42076468e+00 4.75058138e-01 -3.23389709e-01 1.48261666e+00
    -5.49939692e-01 2.13719785e-01 1.24149442e-01 8.82683337e-01
    -3.83503437e-02 7.58718729e-01 4.02531266e-01 1.48883367e+00
    -1.34276390e-01 4.13779974e-01 -2.61635423e-01 3.96529257e-01
    6.33664489e-01 1.29069173e+00 1.14083886e+00 9.53454256e-01
    -5.14168918e-01 2.44462550e-01 1.09420252e+00 -1.59222156e-01
    1.73704863e-01 4.61795270e-01 -3.24936211e-01 7.34367490e-01
    -2.80546546e-02 1.23787928e+00 6.30178452e-02 -2.22068489e-01
    1.05804229e+00 1.14106512e+00 1.08361888e+00 1.03087306e-01
    7.81530917e-01 -3.71760964e-01 1.29139829e+00 -1.84012860e-01
    -4.77247894e-01 1.08823395e+00 9.36753333e-01 1.22956586e+00
    3.24050188e-02 2.73953021e-01 3.93882215e-01 1.76561594e-01
    8.09676826e-01 3.87234271e-01 4.27732766e-01 4.76618171e-01
    3.92811477e-01 -1.63226753e-01 1.31624651e+00 -1.29742444e-01
    1.80932760e-01 6.89766765e-01 1.31712794e+00 -4.34650272e-01
    1.40925765e+00 1.25266135e+00 -1.51080877e-01 1.30678582e+00
    7.84623861e-01 1.82487249e-01 1.14101338e+00 1.12880921e+00
    1.54931903e+00 1.30307698e+00 -4.79707718e-01 3.00703645e-02
    1.42772079e+00 1.16887689e+00 1.10513496e+00 -4.33055967e-01
    8.30782115e-01 4.46469963e-01 1.20312214e+00 -1.20456874e-01
    -5.99633455e-02 9.23249543e-01 1.48538995e+00 9.54415977e-01
    4.89983201e-01 1.44578481e+00 -7.73532093e-02 -3.35960925e-01
    4.91738915e-02 1.41850400e+00 -1.17531359e-01 -2.81049043e-01
    1.36643887e+00 1.19687974e+00 9.50615287e-01 1.10499310e+00
    -4.13241029e-01 7.84256637e-01 1.06608176e+00 -4.95294422e-01
    -5.62758327e-01 1.17095828e+00 1.41680479e+00 -4.87959504e-01
    1.03124094e+00 -3.65670919e-01 1.41863036e+00 2.56620884e-01
    5.06694913e-02 1.19900799e+00 1.24255252e+00 8.32573771e-01
    1.41196322e+00 4.52248216e-01 1.24956441e+00 -5.21433473e-01
    -4.06994939e-01 -3.89691591e-02 1.10185599e+00 1.04686379e+00
    -9.75311697e-02 1.07968438e+00 8.00581872e-01 -3.05411607e-01
    1.37245250e+00 -2.98321366e-01 -4.40330058e-01 6.30679905e-01
    -2.08949834e-01 7.75437951e-02 4.60139513e-02 1.54312110e+00
    9.02249336e-01 2.32106924e-01 3.28602254e-01 -4.87727582e-01
    -3.39691043e-01 3.14778626e-01 6.52892888e-01 -4.22750115e-01
    1.69560254e-01 2.25826561e-01 -1.04590029e-01 -3.87722790e-01
    -5.67970872e-01 4.59577918e-01 -5.77026963e-01 9.17703271e-01
    7.85846651e-01 7.08212256e-02 8.00442815e-01 8.59180152e-01
    -1.99802518e-02 4.07704353e-01 2.16170728e-01 -2.09206641e-01
    -2.04502195e-01 7.43635893e-01 -3.20730001e-01 3.31690073e-01
    8.47266734e-01 -3.29205453e-01 -2.52295971e-01 1.21464992e+00
    -3.08299720e-01 -3.66318226e-03 1.30881214e+00 6.29822493e-01
    -3.93158913e-01 1.04966927e+00 1.45276904e+00 7.50775337e-02
    6.18307173e-01 1.56400919e+00 4.95170295e-01 -4.28339243e-02
    -4.30442333e-01 1.26153803e+00 -3.36134374e-01 1.13054967e+00
    1.21750998e+00 8.11734319e-01 -1.16733879e-01 1.01702833e+00
    4.84901965e-01 1.53800118e+00 1.39807856e+00 6.60509467e-01
    1.03073871e+00 1.38208103e+00 7.82559037e-01 -1.44724250e-01
    4.58457649e-01 1.07925248e+00 -4.20414776e-01 5.85781395e-01
    1.31171989e+00 1.48655260e+00 6.91178441e-02 2.38609672e-01
    1.53000689e+00 2.16406405e-01 1.09167862e+00 1.40370345e+00
    8.02336276e-01 8.41497362e-01 -9.35378671e-02 1.51667976e+00
    1.44598949e+00 1.14318013e+00 6.38193667e-01 -9.05952752e-02
    9.23790157e-01 -4.60511029e-01 4.38609004e-01 5.96355081e-01
    -2.48055458e-01 1.02339149e-01 1.01585519e+00 2.28065193e-01
    1.12146211e+00 1.04293585e+00 7.17472374e-01 1.02814734e+00
    6.37260854e-01 -1.02321744e-01 2.72493958e-01 -1.69609070e-01
    -1.61656648e-01 -5.11469543e-01 7.19034135e-01 8.33818614e-01
    6.32784605e-01 3.19028556e-01 -3.11730325e-01 1.06434703e+00
    5.97308993e-01 -3.71474028e-03 8.48152816e-01 8.50644112e-01
    -4.42237854e-02 9.84388649e-01 1.24062228e+00 9.94300425e-01
    9.33378220e-01 6.46984994e-01 9.71269786e-01 8.77793789e-01
    9.68788564e-01 4.35067594e-01 -5.39548934e-01 7.60056376e-02
    1.34918833e+00 1.41834188e+00 3.22519720e-01 -5.16581178e-01
    -4.94545430e-01 -3.72020781e-01 1.51482892e+00 -1.12611681e-01
    1.29920661e+00 6.54294550e-01 -4.40174997e-01 6.98562384e-01
    -3.43334675e-01 1.48400068e+00 4.95687187e-01 -5.39410710e-02
    4.36496735e-03 -8.91442001e-02 1.15942836e+00 7.57228076e-01
    6.75628304e-01 1.52265453e+00 5.11932135e-01 1.04124689e+00
    6.51374221e-01 5.22945821e-01 7.46229410e-01 6.38872147e-01
    -3.78712922e-01 1.89886153e-01 6.28220439e-02 1.53015876e+00
    3.03946614e-01 4.91960049e-02 1.39886069e+00 -2.43549854e-01
    -1.09028339e-01 6.09775782e-01 8.50577831e-01 1.01499605e+00
    1.13863754e+00 5.83770633e-01 1.23969889e+00 2.92544663e-01
    9.59690452e-01 -5.31412363e-01 -4.46459979e-01 6.71755850e-01
    8.91772330e-01 -1.17702186e-01 1.30532980e-02 7.83743203e-01
    3.67360473e-01 4.33266461e-01 9.83811736e-01 2.31403112e-01
    -3.90721798e-01 -9.29281116e-02 -5.51601589e-01 3.55901182e-01
    1.34272349e+00 1.14070189e+00 2.59836733e-01 -3.42458427e-01
    6.99427605e-01 -3.23301494e-01 1.48263597e+00 -5.10071218e-02
    4.84041095e-01 1.51671815e+00 1.39373899e+00 1.94024324e-01
    8.83344233e-01 8.37192535e-02 6.18098319e-01 3.52972269e-01
    4.79578376e-02 1.52318811e+00 7.50193000e-01 -9.19307172e-02
    -3.45080376e-01 -3.44224572e-02 6.85262024e-01 4.00077105e-02
    3.47180545e-01 1.11677480e+00 -4.80464101e-01 1.19520140e+00
    4.88044024e-02 1.45033360e+00 1.20583963e+00 -2.20950842e-02
    3.27630818e-01 8.08901250e-01 -4.61270213e-02 4.37715709e-01
    4.51119661e-01 1.47261214e+00 6.49263382e-01 5.66207826e-01
    2.75010586e-01 4.79290724e-01 1.66287005e-01 1.98454738e-01
    -3.84937793e-01 -3.33111137e-01 1.57864332e-01 -1.94607794e-01
    -2.09132135e-01 4.71885443e-01 1.33927894e+00 1.27861595e+00
    -1.64249182e-01 -1.04602605e-01 1.45564246e+00 1.16760194e+00
    7.74518549e-01 8.63331318e-01 1.35411668e+00 1.27550769e+00
    1.35586107e+00 1.53641343e+00 3.37173581e-01 -4.94534791e-01
    1.39340830e+00 4.69134808e-01 -5.33339441e-01 5.08845508e-01
    1.13473511e+00 9.39040840e-01 3.64043176e-01 9.49061751e-01
    3.03470492e-01 -1.16612941e-01 -2.76105523e-01 2.96161175e-02
    -1.88810229e-01 2.42980480e-01 1.49079323e+00 1.53487372e+00
    8.26257527e-01 -8.86694193e-02 1.01975346e+00 1.00554526e+00
    4.74320889e-01 1.15908873e+00 1.16278327e+00 -4.83193994e-02
    1.42950892e-01 4.90833938e-01 6.56161070e-01 6.73854232e-01
    1.23355341e+00 8.09553146e-01 1.45387340e+00 1.68734014e-01
    -1.01087213e-01 1.25674129e+00 9.73498940e-01 1.18037117e+00
    8.30755711e-01 3.21817160e-01 -1.51537299e-01 7.30342507e-01
    1.03161407e+00 2.05641389e-01 1.26554394e+00 4.01231289e-01
    -5.37735820e-02 -8.78289640e-02 1.01842153e+00 3.99982333e-01
    9.59210396e-01 9.85382199e-01 1.38156509e+00 6.23327494e-01
    8.33513558e-01 1.26330495e-01 4.51604903e-01 1.54826939e-01
    8.01699519e-01 1.27348840e-01 -4.09577668e-01 2.14124978e-01
    1.38524175e-01 3.61538112e-01 3.66747439e-01 9.77535486e-01
    4.21093524e-01 2.55805552e-01 9.17943239e-01 1.42955399e+00
    -4.00739014e-01 2.03285277e-01 -4.32598829e-01 1.02889824e+00
    1.56540418e+00 -5.36605895e-01 -7.39064217e-02 7.72379935e-01
    7.44073272e-01 6.16251826e-02 -4.22580689e-01 2.08953679e-01
    -3.28127384e-01 1.36926472e+00 1.00185335e+00 9.70786989e-01
    -3.35440278e-01 2.56905317e-01 8.93251002e-01 7.53489017e-01
    1.04668212e+00 1.86575770e-01 -4.49902803e-01 2.06051707e-01
    7.13806927e-01 4.97653484e-02 -4.56575453e-01 -3.31378520e-01
    1.05279756e+00 1.49093747e+00 1.20447659e+00 -3.27705622e-01
    -2.59453416e-01 1.14866400e+00 -4.22111332e-01 1.24932730e+00
    -2.25316733e-01 9.74135578e-01 8.58142912e-01 1.36119246e+00
    4.53423202e-01 -4.73812312e-01 -2.87851453e-01 -2.09693581e-01
    1.43280697e+00 8.99401844e-01 5.01638472e-01 4.13101792e-01
    4.12313402e-01 1.49762368e+00 2.89946735e-01 -9.27715302e-02
    -5.54304123e-02 8.46692920e-02 9.05219257e-01 1.02528954e+00
    1.22716784e-01 -5.15557766e-01 -1.97714001e-01 1.55250347e+00
    -2.04026967e-01 7.74553597e-01 -4.40680087e-02 7.31864929e-01
    1.19129229e+00 1.36492789e-01 9.07948494e-01 6.52710855e-01
    1.27300668e+00 -1.92009777e-01 3.80831718e-01 -2.94672489e-01
    6.53463125e-01 1.02576232e+00 -9.81384516e-02 9.83270407e-02
    1.54658008e+00 1.39803123e+00 -2.64030010e-01 3.53367388e-01
    1.13351488e+00 -1.24853730e-01 9.35348511e-01 1.55540025e+00
    1.84626222e-01 3.87733757e-01 1.28604031e+00 6.29759908e-01
    1.43666434e+00 7.37343371e-01 1.05524492e+00 -5.61621189e-02
    5.80262661e-01 -4.64560091e-01 7.32134104e-01 -4.30190504e-01
    8.39978278e-01 9.31468487e-01 6.22332156e-01 3.32338631e-01
    -2.40889728e-01 3.76097798e-01 7.60566592e-01 -3.40054274e-01
    -3.99181962e-01 1.46373463e+00 3.02889407e-01 1.38330913e+00
    1.12424397e+00 3.34733367e-01 1.39716959e+00 1.25899899e+00
    3.48492861e-01 -1.57893270e-01 1.15964305e+00 3.27339590e-01
    -4.66472626e-01 1.25152397e+00 1.82588696e-01 -3.29888076e-01
    8.15887988e-01 1.20714712e+00 1.19137120e+00 4.83893692e-01
    -4.03015882e-01 -5.00512123e-01 9.83843148e-01 1.13500178e+00
    8.39374602e-01 1.13672924e+00 4.96302068e-01 -3.87400627e-01
    -3.56429815e-03 5.20510554e-01 1.09981978e+00 6.92121625e-01
    5.43098211e-01 3.32411528e-01 7.65030086e-01 5.83232582e-01
    -2.70196736e-01 1.13635683e+00 9.41613615e-01 -2.83128798e-01
    1.49774992e+00 -4.41214859e-01 -4.15047884e-01 -3.27408493e-01
    4.45271075e-01 9.14230585e-01 -4.45395976e-01 7.99493670e-01
    6.75553799e-01 1.00218391e+00 1.86899066e-01 4.76595640e-01
    2.02113807e-01 4.76626635e-01 1.36719584e-01 -8.94942880e-02
    3.54453921e-01 1.10449409e+00 1.21808052e+00 1.14391088e+00
    1.59762859e-01 -3.70047301e-01 -4.98029590e-02 -2.70218492e-01
    1.38472211e+00 6.21413171e-01 6.21415794e-01 9.44498897e-01
    1.32131255e+00 8.67725015e-02 1.46921015e+00 -2.70637125e-01
    1.34465337e+00 5.66295266e-01 -3.03026050e-01 -2.49888718e-01
    -4.96696264e-01 5.90908647e-01 2.51104832e-01 1.17018771e+00
    -3.77164006e-01 -4.37393785e-02 -4.48028743e-01 2.09235251e-01
    -3.77352834e-02 7.01832473e-01 -5.59276581e-01 4.14928794e-02
    -2.40788311e-01 1.37020218e+00 1.31187510e+00 -2.90624708e-01
    6.32632196e-01 1.50570631e+00 -5.69485426e-02 4.34630811e-01
    -1.14057839e-01 3.40893447e-01 -1.25230670e-01 -1.00793868e-01
    8.68542850e-01 -1.23022527e-01 1.00765514e+00 4.85906601e-01
    1.30386853e+00 1.93176866e-01 8.85598540e-01 5.79787254e-01
    2.24967599e-02 -4.69582677e-02 1.05658960e+00 4.67368603e-01
    4.63964105e-01 -2.34171599e-01 1.53513551e-01 1.46768129e+00
    2.97766566e-01 8.24469745e-01 2.04981387e-01 1.48322785e+00
    2.00094044e-01 2.93126225e-01 9.68150139e-01 1.03619170e+00
    7.91172206e-01 -4.87177253e-01 1.35842609e+00 3.50304008e-01
    1.23447800e+00 6.34967506e-01 7.19474018e-01 -5.09756505e-01
    5.04939437e-01 7.42589116e-01 2.25194514e-01 -4.24441308e-01
    1.44668341e+00 1.55755270e+00 1.05941129e+00 1.54127896e+00
    8.13729882e-01 1.06671190e+00 6.18895590e-01 5.34227133e-01
    -1.78226054e-01 -3.97090614e-01 -3.16726774e-01 6.42084301e-01
    8.95323038e-01 1.32390594e+00 1.26298654e+00 4.89040732e-01
    7.30333209e-01 -1.03479356e-01 9.52255249e-01 -4.66425925e-01
    4.58171189e-01 1.23755121e+00 1.27575529e+00 1.17407513e+00
    -2.08188355e-01 1.06994271e+00 -1.89505816e-02 2.95974970e-01
    3.60247493e-01 3.23636830e-01 -3.04543972e-03 9.76824284e-01
    2.81621695e-01 7.09425211e-01 1.03438020e-01 6.90097809e-02
    1.45967484e-01 1.51778698e+00 1.26852870e+00 1.50747991e+00
    -1.30609006e-01 1.14495718e+00 1.24619532e+00 2.34431028e-02
    3.55475664e-01 -2.73057222e-02 9.29760396e-01 1.09447050e+00</data></my_img>
<your_img type_id="opencv-matrix">
  <rows>128</rows>
  <cols>256</cols>
  <dt>f</dt>
  <data>
    -4.83502150e-02 -1.89583421e-01 6.36470318e-02 -2.23960400e-01
    -5.30365765e-01 -9.84358788e-03 2.18964994e-01 -4.22480702e-02
    -5.60298800e-01 -5.56444526e-02 2.14149535e-01 -4.09343541e-01
    -3.17790508e-01 -1.19667649e-02 -4.29636151e-01 -9.89233851e-02
    -4.54198778e-01 2.76766300e-01 -4.15936559e-01 -3.94654572e-01
    2.36767590e-01 1.24196827e-01 -1.47729158e-01 4.22486067e-02
    4.34461713e-01 3.27976346e-02 3.71332169e-01 4.41697240e-02
    1.06434643e-01 -4.30800140e-01 2.65830219e-01 3.77842188e-02
    9.82776284e-02 2.63963997e-01 -2.13122606e-01 2.73075163e-01
    -4.92832869e-01 9.78953838e-02 -6.58390224e-02 1.76696062e-01
    3.95001471e-01 4.15122211e-01 -1.35717392e-02 -5.14923692e-01
    3.25429440e-03 3.52187753e-02 1.67676866e-01 -4.01993006e-01
    -4.66955662e-01 -1.76983774e-01 2.05973327e-01 6.81471825e-02
    -3.79334480e-01 2.66557038e-01 2.57047772e-01 -4.33231711e-01
    7.44986534e-03 8.85834098e-02 3.20643485e-01 3.64013195e-01
    8.30825567e-02 2.08202779e-01 -3.69466394e-01 -4.36817408e-02
    -4.99260426e-02 -4.20569003e-01 -4.67011094e-01 8.32129121e-02
    -1.70715839e-01 -2.72110939e-01 -3.12097460e-01 -2.71771520e-01
    3.61188829e-01 -2.09399670e-01 -2.24058926e-01 3.23056757e-01
    3.48017991e-01 -3.33648622e-01 -8.85630846e-02 -2.17625797e-01
    -5.43277860e-01 -5.15705824e-01 3.53547275e-01 -5.23238420e-01
    1.06171668e-01 2.12829530e-01 2.34684825e-01 3.88316870e-01
    3.44083548e-01 -1.82719439e-01 -7.47512579e-02 6.55464530e-02
    -6.43799305e-02 2.09679902e-01 -2.85057425e-01 1.88812435e-01
    8.24764371e-02 -4.95012909e-01 -2.82899439e-01 -4.05855566e-01
    -3.53696287e-01 3.54729712e-01 -2.21916437e-02 -4.74366546e-02
    -1.74554884e-01 4.38722968e-01 -4.89094317e-01 -2.58068204e-01
    -4.34549987e-01 1.98620915e-01 2.92031288e-01 1.18064106e-01
    -4.70454127e-01 2.81472802e-01 4.11295354e-01 -4.33938444e-01
    -1.56701684e-01 -1.03332520e-01 -2.46387869e-01 -1.22253299e-02
    3.62372398e-02 1.13381028e-01 1.81580961e-01 3.67267787e-01
    2.23651826e-01 3.68574798e-01 8.44819546e-02 2.07962573e-01
    -4.94869620e-01 -5.47823429e-01 1.72577977e-01 1.21360838e-01
    1.67666018e-01 -3.43948424e-01 2.73170412e-01 2.67594457e-02
    6.88598156e-02 -2.74924219e-01 -5.33960223e-01 7.92674422e-02
    8.08841586e-02 -1.39328718e-01 9.40281153e-03 1.69290662e-01
    3.59854162e-01 -5.35795212e-01 3.75620842e-01 1.18947029e-02
    3.04779708e-01 -4.07518238e-01 -4.52418327e-02 2.60955691e-01
    1.18547738e-01 -3.32811534e-01 2.26376891e-01 -3.62094849e-01
    -5.18613815e-01 -4.11592901e-01 -3.02438676e-01 2.70652652e-01
    -3.35670978e-01 2.86863148e-01 2.30830789e-01 4.41390038e-01
    -2.05256999e-01 4.23673153e-01 -3.02734911e-01 -4.61098969e-01
    -3.10192436e-01 -3.60557437e-02 1.03275836e-01 1.27924919e-01
    -3.86740178e-01 -4.45423156e-01 2.63912261e-01 -1.66467428e-02
    1.38898909e-01 -8.96773636e-02 -5.38142741e-01 3.51462245e-01
    -4.94392186e-01 3.53145182e-01 2.22751558e-01 3.40755820e-01
    3.50061536e-01 3.10200214e-01 -3.64101887e-01 8.66224170e-02
    -4.11881506e-01 -3.54791254e-01 2.63144493e-01 4.18975353e-02
    -4.73214835e-01 -4.39784795e-01 2.29849398e-01 -7.83457458e-02
    -4.49725270e-01 3.13913465e-01 2.81643689e-01 -2.07454085e-01
    1.28606021e-01 2.29927123e-01 -5.55502892e-01 1.01661623e-01
    -3.37402046e-01 3.69811893e-01 1.91581726e-01 -2.55208313e-01
    -1.36367261e-01 2.30174601e-01 -5.19779563e-01 -3.67797345e-01
    -9.73492563e-02 1.40415907e-01 8.69644880e-02 -5.13183475e-02
    6.00367785e-03 8.99330974e-02 4.15683866e-01 -3.03067178e-01
    -1.05433047e-01 -3.27287316e-01 -4.76930976e-01 2.47517645e-01
    -5.71097136e-02 3.54564071e-01 -1.90869272e-01 4.29031253e-01
    3.77408862e-02 9.03376937e-02 -1.14849508e-01 -3.48443657e-01
    1.68071985e-01 -7.77011216e-02 3.47141623e-01 -3.94340694e-01
    -8.44706893e-02 1.34540498e-01 3.77987027e-01 2.65699029e-02
    -2.21985072e-01 8.87410641e-02 1.71977878e-01 6.21950626e-02
    1.93312943e-01 2.03009248e-02 2.13318765e-01 -3.39235395e-01
    5.28730750e-02 2.16017604e-01 -1.31130129e-01 -6.33825064e-02
    -4.83712554e-02 -3.34016502e-01 -1.29206091e-01 2.38590121e-01
    -2.67301500e-01 3.28325093e-01 -5.05960643e-01 -1.51598513e-01
    -4.19696838e-01 -2.86684811e-01 1.47123575e-01 1.49471104e-01
    -1.92417383e-01 -5.20617247e-01 4.08790171e-01 4.04370427e-02
    3.18883181e-01 1.28175020e-02 3.58317614e-01 -3.91409546e-01
    -1.71948671e-02 1.67362034e-01 -3.95374537e-01 3.55672479e-01
    3.93587947e-01 3.24735343e-01 1.65988088e-01 -1.03510439e-01
    -3.36671829e-01 -2.53587782e-01 2.98114002e-01 -5.13393164e-01
    -2.64666080e-02 -4.00133103e-01 -4.92606759e-02 -4.60322589e-01
    -4.04414326e-01 -3.22347760e-01 -2.58758247e-01 2.84158885e-01
    -9.04551148e-02 9.47680473e-02 -2.97198266e-01 -4.95846272e-01
    -8.07046294e-02 1.23512149e-02 -3.45499158e-01 -8.92092586e-02
    -5.39677083e-01 2.97230065e-01 1.94303930e-01 -2.31245637e-01
    -4.94328856e-01 6.32138848e-02 3.82709563e-01 -3.78815293e-01
    9.48306322e-02 3.88011813e-01 3.65841985e-02 -4.34651375e-01
    -4.44244325e-01 9.78279114e-02 4.40793514e-01 2.03208566e-01
    1.68773830e-01 -7.80889988e-02 3.70117426e-01 -4.45881426e-01
    2.21645236e-02 -4.28344607e-02 4.25796688e-01 -2.48064160e-01
    -3.10210764e-01 2.11576581e-01 3.80709112e-01 -1.72180265e-01
    2.01237202e-03 4.37142372e-01 3.34012270e-01 3.74946117e-01
    1.37189090e-01 1.05353892e-01 -1.76981211e-01 1.82459116e-01
    -1.12800717e-01 2.87337840e-01 3.21289241e-01 -5.94645739e-03
    -3.30353379e-02 -2.70455360e-01 -9.88471508e-02 -3.17141473e-01
    -3.57793212e-01 -2.46421814e-01 3.43897223e-01 4.77110744e-02
    -4.05596465e-01 2.89149702e-01 -4.85289335e-01 3.78901541e-01
    4.02694643e-01 2.85733223e-01 8.41894746e-02 -1.55242354e-01
    1.84087336e-01 -8.00643861e-02 3.18108797e-01 -3.67819846e-01
    -3.65192533e-01 2.20129371e-01 2.49233961e-01 3.60253572e-01
    -4.93377566e-01 -4.18225080e-01 -5.07246375e-01 -4.95817393e-01
    2.24478960e-01 -1.44943357e-01 2.59800971e-01 1.72206759e-01
    -4.01799530e-01 3.91954124e-01 4.75477576e-02 -2.58928120e-01
    3.18542302e-01 -5.44051290e-01 2.87142992e-01 2.46340454e-01
    -1.07963622e-01 2.51601040e-01 2.33493447e-02 -2.80137360e-01
    3.67126584e-01 3.45100880e-01 1.99928343e-01 -4.08283383e-01
    1.22478068e-01 3.70315671e-01 -8.33531916e-02 -1.08163923e-01
    2.16487586e-01 4.03137207e-02 1.60442591e-02 -5.40994167e-01
    4.13882792e-01 -4.77889657e-01 5.34939766e-03 -1.87261522e-01
    -7.51771629e-02 -2.16466516e-01 4.06693220e-02 -9.38208103e-02
    1.90998912e-01 1.49225712e-01 -6.47959113e-02 3.15295637e-01
    -1.32784247e-01 1.23652697e-01 -1.59949124e-01 -3.84640962e-01
    6.58527613e-02 -3.04908961e-01 4.32305932e-02 -3.47306937e-01
    -1.34694070e-01 3.43121886e-01 -1.09201670e-02 3.12249422e-01
    4.37277257e-01 -3.81406009e-01 -5.11334479e-01 2.55819917e-01
    9.86868143e-02 -2.70623326e-01 -2.79564977e-01 -1.83898747e-01
    -2.54695296e-01 -2.86267400e-01 2.25705504e-02 -5.12969613e-01
    -5.74641645e-01 1.86719716e-01 -4.11844254e-02 -3.24394584e-01
    3.97378385e-01 -5.45107663e-01 3.55696738e-01 1.68519318e-01
    1.14809036e-01 1.12187028e-01 3.52805912e-01 9.98257399e-02
    -3.49292964e-01 1.71388507e-01 -4.23997968e-01 3.34075093e-01
    4.61184382e-02 2.50344872e-01 4.42178547e-01 4.04080510e-01
    3.01540494e-01 3.49467397e-02 -2.66922086e-01 -4.32343990e-01
    -4.69523072e-01 -4.90373969e-02 2.26154506e-01 -1.60933703e-01
    -4.66183782e-01 -4.73463535e-03 -4.59211200e-01 3.13531160e-01
    2.32836187e-01 -5.24354458e-01 1.10338807e-01 -6.78667426e-02
    -5.38278937e-01 -4.69966382e-01 -3.22811246e-01 -3.45473558e-01
    -1.71396852e-01 -5.06224632e-01 9.56341028e-02 -4.23329651e-01
    3.92758906e-01 -2.91158259e-01 -4.53176260e-01 -3.71161699e-01
    -3.04205030e-01 -4.15969789e-01 -3.48753333e-02 1.91718519e-01
    4.45720494e-01 -2.66661048e-02 3.23228836e-02 -1.46529794e-01
    2.28932023e-01 -3.86272639e-01 -5.41658998e-02 -2.79644966e-01
    -1.80985153e-01 -1.06052697e-01 3.83731127e-02 -3.51071656e-01
    -2.30794132e-01 -5.56376338e-01 1.01131082e-01 3.30870271e-01
    -1.88840300e-01 2.23414898e-02 -1.30691886e-01 2.07630694e-01
    -1.53571367e-02 -2.37511396e-01 4.03831482e-01 3.94930005e-01
    6.26617670e-02 1.24046803e-01 -2.77570724e-01 2.34729648e-01
    -3.10698748e-01 4.28938925e-01 -5.47372878e-01 -1.29622728e-01
    -2.32993305e-01 -3.45240682e-01 9.10819173e-02 1.07136726e-01
    2.61104167e-01 -3.63737345e-01 -5.38597941e-01 2.81513393e-01
    -3.12698543e-01 -3.15000832e-01 3.19527030e-01 -4.38320518e-01
    1.54064000e-01 -5.08068323e-01 -3.45456481e-01 4.07065749e-01
    -1.29036725e-01 5.00035882e-02 1.00641847e-02 -1.15599334e-01
    -4.28567767e-01 -4.14217681e-01 -4.89124298e-01 -1.65606916e-01
    -1.85558677e-01 -1.15936399e-02 -4.76919889e-01 -5.19147933e-01
    3.99752557e-01 -5.11443734e-01 -1.99003100e-01 -1.86920315e-01
    4.18612301e-01 3.38122427e-01 3.35005403e-01 -3.81773114e-02
    -3.72076124e-01 1.44806504e-02 1.27563536e-01 3.31043661e-01
    5.25638461e-02 -1.94040626e-01 -5.43068707e-01 -1.76924288e-01
    1.07172668e-01 -3.50191355e-01 -4.94820654e-01 1.60093725e-01
    -1.17244691e-01 7.48063326e-02 -3.49725604e-01 3.09803665e-01
    -5.60527444e-02 1.92306340e-01 6.90388083e-02 6.01738095e-02
    3.22065830e-01 -1.13910973e-01 3.26070726e-01 2.41332471e-01
    -4.50263590e-01 -1.97149634e-01 2.59701967e-01 -1.15643978e-01
    -4.63392198e-01 2.50778794e-02 2.89044738e-01 3.91241908e-01
    -2.81239748e-02 2.01077282e-01 3.21502268e-01 -3.27824950e-02
    2.01349974e-01 -1.32926464e-01 -2.59051979e-01 2.73874283e-01
    -1.98100626e-01 3.02984297e-01 -5.38970709e-01 -6.35032356e-02
    -1.01587087e-01 -9.68207121e-02 2.67870843e-01 -4.47842598e-01
    -4.48621750e-01 -3.14658046e-01 -1.04948997e-01 1.66702330e-01
    5.33177257e-02 -4.77557778e-02 -5.01294613e-01 -1.10795587e-01
    4.10060763e-01 3.20601523e-01 -3.65383923e-01 -1.04496121e-01
    -2.21985579e-02 -2.54251868e-01 -4.59176898e-01 3.24387908e-01
    1.09257519e-01 -4.78071600e-01 7.31909275e-03 1.15154862e-01
    -1.74749374e-01 1.41419232e-01 -4.93686527e-01 -5.78455031e-02
    1.55547261e-01 -1.04634255e-01 -3.19941163e-01 3.29348862e-01
    -6.09216690e-02 3.02549601e-01 1.99364424e-02 2.68476009e-02
    -1.56270176e-01 -2.66186148e-01 3.98740530e-01 3.93046260e-01
    -4.20703262e-01 -2.53283262e-01 3.55768502e-01 -2.16440916e-01
    3.54260147e-01 -4.05789942e-01 -4.03325647e-01 -7.31664002e-02
    2.79764593e-01 -1.98298275e-01 -1.40554011e-01 -5.55630684e-01
    -3.45984191e-01 -4.55347717e-01 3.47999871e-01 -1.11180246e-01
    -1.14803493e-01 -5.16483486e-02 4.55967367e-01 1.43458843e-02
    -4.46167618e-01 9.57257152e-02 -2.22337484e-01 -4.73738790e-01
    -5.66259027e-01 2.32536793e-01 -5.43468833e-01 3.77380013e-01
    2.18850434e-01 8.70247483e-02 -5.01442552e-02 1.56567335e-01
    3.84244621e-01 9.34547186e-02 1.99217677e-01 -2.03980386e-01
    -7.01253116e-02 -1.98350638e-01 -4.30304140e-01 2.46910393e-01
    -4.42647785e-01 -2.10581005e-01 -5.31967282e-01 -2.88572907e-01
    -2.57264853e-01 -2.98398972e-01 -3.79054546e-02 1.64046824e-01
    3.10862482e-01 -5.26821256e-01 -1.81238413e-01 1.87375307e-01
    1.56262100e-01 -1.12772584e-01 -8.99627507e-02 3.98238182e-01
    -3.29430848e-01 2.15411186e-01 1.61511660e-01 -4.92125511e-01
    -1.93629175e-01 8.97049904e-02 -4.48674232e-01 -5.58742583e-01
    6.18954301e-02 -4.55236018e-01 1.03415787e-01 2.30840623e-01
    -6.84294999e-02 1.54308856e-01 2.41163313e-01 -4.74045545e-01
    3.58611763e-01 7.78596401e-02 4.22036171e-01 -4.51842993e-01
    1.87086225e-01 -3.34364027e-01 -1.93188131e-01 2.70774961e-02
    2.86110640e-02 -4.59131807e-01 3.14880490e-01 -1.64411157e-01
    3.23537588e-01 -1.01631910e-01 3.48217964e-01 -2.99596548e-01
    4.22503352e-02 4.15813267e-01 4.18225229e-01 -1.46767527e-01
    2.61124492e-01 4.53057289e-01 2.16618180e-01 -2.19526231e-01
    1.67241931e-01 -3.82410526e-01 -3.87349486e-01 1.63621485e-01
    -1.30369306e-01 -5.14086485e-02 2.23438501e-01 -7.11164474e-02
    2.21118689e-01 -3.28895986e-01 -5.34214437e-01 -4.53028768e-01
    -5.41731954e-01 -1.34819686e-01 4.01776969e-01 3.55393291e-02
    3.94895017e-01 -5.40722966e-01 1.96422815e-01 -3.34628284e-01
    2.53305435e-02 4.34382379e-01 3.89321744e-01 1.89085364e-01
    -1.78419322e-01 -5.15282631e-01 -3.83497328e-01 -4.50599790e-01
    -7.89321065e-02 9.19863582e-02 3.30629230e-01 -1.66291684e-01
    -2.52993405e-01 -3.32868814e-01 2.72185266e-01 2.75074005e-01
    -5.18677413e-01 -2.36555219e-01 -1.20898277e-01 -5.28709650e-01
    3.52476239e-02 -1.65989608e-01 -2.79023737e-01 3.24342608e-01
    -1.17448151e-01 8.71800780e-02 1.66145265e-01 -3.37966114e-01
    -4.46049839e-01 2.25600839e-01 1.77790105e-01 -3.22488129e-01
    1.15506470e-01 -2.39594162e-01 -8.37630033e-03 3.46084237e-02
    -6.61426485e-02 2.06908166e-01 -1.92509294e-02 1.31917834e-01
    1.04416192e-01 2.64199734e-01 -2.32751131e-01 1.93965614e-01
    4.05013502e-01 -1.01601809e-01 -2.59875953e-01 -1.10965401e-01
    -4.73323107e-01 1.47529602e-01 -3.30604911e-02 -3.40560943e-01
    6.02341890e-02 -4.45347488e-01 2.74648428e-01 -1.41958058e-01
    3.32536221e-01 1.00842237e-01 2.20206261e-01 4.22671139e-01
    3.23768795e-01 -4.68998224e-01 3.51050675e-01 3.78138781e-01
    5.00730872e-02 1.45806253e-01 -1.18167222e-01 -1.77907944e-01
    3.01335990e-01 9.67910886e-02 9.22763944e-02 -1.36430085e-01
    4.84344363e-02 -5.17348289e-01 -8.91153216e-02 -1.92877531e-01
    -4.48548198e-02 -4.76833194e-01 -1.16450250e-01 -3.40361387e-01
    -4.85887229e-01 -2.95712471e-01 -2.71966457e-01 2.99313486e-01
    3.10444832e-03 4.01917219e-01 3.84123862e-01 -3.35414380e-01
    2.29686379e-01 3.14837337e-01 -4.88356203e-01 2.27408111e-01
    -1.37545764e-01 -4.76699561e-01 -2.13826001e-01 1.06788278e-02
    -4.09347445e-01 4.15192425e-01 -1.90503716e-01 -3.99812996e-01
    1.36188924e-01 -3.00649464e-01 1.85996294e-02 -2.31827378e-01
    -2.38967538e-02 -1.33809388e-01 1.79309964e-01 -3.03937525e-01
    -1.66625470e-01 -3.14071923e-01 -5.43321073e-02 -3.85019988e-01
    -3.25324863e-01 6.56522512e-02 -9.73552465e-03 -4.02926683e-01
    -2.99064308e-01 9.32957530e-02 -4.33306664e-01 -1.91006064e-02
    -3.18653286e-01 -2.23160088e-01 -1.26372427e-01 2.39054441e-01
    -4.46968347e-01 -8.31114352e-02 9.67010856e-02 3.26788604e-01
    2.70816803e-01 -1.39519900e-01 3.96065116e-02 2.87189484e-02
    2.30899394e-01 -3.30080807e-01 -4.96528715e-01 -5.31804383e-01
    -5.04749537e-01 -1.51563168e-01 -3.13037455e-01 3.92311394e-01
    -1.89964175e-02 -2.06639826e-01 5.69543242e-02 -1.13126785e-01
    -1.84689224e-01 -4.23387498e-01 5.57040572e-02 -5.43897748e-01
    2.39618897e-01 -1.31375194e-02 -1.21506900e-01 -3.64379227e-01
    -4.38788533e-01 -4.55284119e-03 1.06619596e-02 2.52319098e-01
    2.37936556e-01 -8.62046778e-02 4.01645124e-01 1.92221761e-01
    -2.73128659e-01 -2.84527719e-01 2.90865719e-01 -5.39946675e-01
    1.16145194e-01 1.57858014e-01 3.23378026e-01 1.51819646e-01
    3.24907601e-01 3.12288105e-01 2.55371332e-02 -2.46100724e-01
    -3.76735061e-01 1.67467117e-01 1.53482258e-01 -3.04168463e-02
    -2.74670452e-01 -2.05628276e-02 4.24004793e-01 4.36117411e-01
    -1.67975187e-01 -1.53594345e-01 -2.40435898e-01 3.05255890e-01
    5.03902435e-02 4.19121444e-01 2.97421515e-01 1.23307109e-02
    -2.41742373e-01 -2.85923064e-01 -1.02246195e-01 -3.57038379e-02
    1.47949100e-01 -2.12702096e-01 4.37099338e-02 -3.96394789e-01
    2.16355026e-01 -4.11496192e-01 1.26475275e-01 -8.47844481e-02
    1.96845293e-01 -3.16343904e-01 9.34601426e-02 -3.26346189e-01
    -2.77670026e-01 -5.19624949e-02 3.83081436e-01 -4.39000636e-01
    2.64621496e-01 -3.45254034e-01 -3.02979112e-01 3.88045609e-01
    -2.48027325e-01 -5.39852321e-01 4.37421560e-01 6.16133213e-03
    -1.30505592e-01 -3.93418998e-01 -4.96790498e-01 -4.37224299e-01
    -4.44682240e-02 8.16392303e-02 3.98638904e-01 3.61694992e-01
    -4.64749187e-01 -1.20841175e-01 3.13441038e-01 3.08657944e-01
    -2.99217254e-01 -2.43482351e-01 2.30596721e-01 3.15111101e-01
    -7.34897256e-02 2.56513536e-01 -4.43099231e-01 -4.30578828e-01
    -4.33176279e-01 -2.85513103e-01 -3.39323431e-01 1.90820754e-01
    -3.74701440e-01 5.93124032e-02 -9.54716206e-02 -2.51921058e-01
    2.86687434e-01 3.79351914e-01 2.22759783e-01 4.26521897e-01
    -1.14847362e-01 -1.23472273e-01 2.57699907e-01 -3.18696499e-02
    -5.42201519e-01 -5.05146384e-01 -8.72962773e-02 -2.31086075e-01
    -1.85660124e-01 1.44872725e-01 -1.86010182e-01 -4.62919623e-01
    1.89821184e-01 3.46232057e-02 -3.94167840e-01 -3.73421669e-01
    -5.44168591e-01 -3.17669898e-01 -1.83003813e-01 -4.24980253e-01
    -2.79934227e-01 5.36381006e-02 2.81225204e-01 2.57100463e-01
    -2.43683636e-01 2.73504555e-01 -4.62299526e-01 -6.02144003e-03
    -4.66469616e-01 1.43502772e-01 -2.70749509e-01 -3.08263004e-01
    4.81539965e-02 2.32225478e-01 2.39979804e-01 -4.08901572e-02
    2.41375506e-01 1.10708714e-01 2.68548250e-01 1.88143134e-01
    -1.51033789e-01 -5.28820395e-01 1.77589774e-01 6.98172450e-02
    3.20089281e-01 -2.93988883e-01 -2.47626603e-01 3.19529057e-01
    3.41185629e-01 1.94352090e-01 -1.38524383e-01 -2.70194441e-01
    -6.99166358e-02 5.83187342e-02 3.83210182e-03 1.95587397e-01
    2.79381871e-02 -3.65016222e-01 -4.65016156e-01 -1.48654580e-02
    3.78783941e-01 -2.04998612e-01 -2.02825159e-01 2.47829080e-01
    -4.96915430e-01 4.07561123e-01 4.42865670e-01 -5.90878129e-02
    2.76688576e-01 -3.53459418e-01 -4.61400896e-01 1.71454787e-01
    -3.00476342e-01 -1.44027352e-01 -3.99957925e-01 3.89749467e-01
    -7.16397762e-02 -4.47602004e-01 -8.35581720e-02 -2.80302644e-01
    1.94174051e-02 -4.94406730e-01 1.29743159e-01 -2.42055893e-01
    3.07171941e-01 1.37458563e-01 -1.06678724e-01 -4.86220360e-01
    -6.72311485e-02 -3.74065071e-01 -4.09461945e-01 -2.81211674e-01
    2.17918098e-01 8.06090832e-02 3.53983879e-01 -2.11847425e-02
    -4.30859447e-01 4.04886603e-01 1.49733961e-01 -2.28975415e-01
    -4.61556554e-01 1.37745261e-01 2.25073516e-01 2.45251417e-01
    -2.22175002e-01 -6.19856715e-02 -4.75458473e-01 -5.53464890e-01
    -4.38378870e-01 -3.66610408e-01 -1.74351692e-01 -4.78276312e-01
    -3.37215781e-01 4.45394635e-01 5.08383512e-02 -9.05867815e-02
    -2.95932174e-01 -1.07063264e-01 -2.65114009e-01 -1.90734506e-01
    9.27283168e-02 4.08434093e-01 -3.28382879e-01 -1.14995956e-01
    -2.64916182e-01 2.14210510e-01 3.32662821e-01 -1.31256402e-01
    2.15287507e-01 -2.35406697e-01 -2.25998461e-01 -2.84546137e-01
    -3.91759068e-01 -4.14287210e-01 -2.53857791e-01 -2.80343801e-01
    -4.18788344e-01 2.21366704e-01 -4.15565073e-01 3.05756688e-01
    -3.09255689e-01 -3.39765877e-01 -1.37337416e-01 3.67897451e-01
    -1.53252780e-01 -1.24359131e-02 -2.53826857e-01 -4.91839200e-01
    -3.13889444e-01 -2.89667517e-01 2.61352599e-01 3.85886431e-01
    1.46954417e-01 -6.71691298e-02 -3.44197661e-01 1.97299719e-02
    1.41006768e-01 -3.11204374e-01 -4.62912381e-01 4.51318026e-02
    -3.43273163e-01 -2.04966545e-01 3.00587833e-01 -4.22951728e-01
    -1.65199101e-01 2.52173960e-01 4.03381586e-01 -1.64786071e-01
    1.79711938e-01 -2.84449965e-01 4.18013692e-01 -3.48674625e-01
    1.13086045e-01 -2.74651229e-01 3.69894505e-03 -4.43960935e-01
    3.81254017e-01 3.93184245e-01 -2.67675519e-01 -5.57042062e-02
    2.90981710e-01 -2.83920974e-01 -4.79566604e-01 2.65665054e-02
    3.74174893e-01 5.68118691e-02 2.79401302e-01 4.44963634e-01
    -4.57170814e-01 2.46620536e-01 3.52794409e-01 1.51002824e-01
    9.32948589e-02 -4.88980263e-01 -1.72709286e-01 3.70320380e-01
    2.68493295e-01 -5.06068051e-01 -3.38788301e-01 -7.68441558e-02
    3.99446487e-03 3.60594690e-01 2.24285007e-01 -1.75189018e-01
    2.87605524e-02 1.32687390e-01 4.05469000e-01 2.64851689e-01
    -3.23488593e-01 2.97927558e-01 -1.86937064e-01 4.09980595e-01
    1.78544402e-01 -1.00179911e-01 1.06760859e-01 -5.23282647e-01
    -5.24435341e-02 -4.01145607e-01 -2.60744870e-01 1.37253046e-01
    -2.76634812e-01 -1.64353728e-01 2.95928121e-01 2.91806400e-01
    8.13485980e-02 -2.56517589e-01 -2.44700849e-01 -2.03202367e-01
    3.51833582e-01 -4.78947520e-01 -1.37269497e-01 2.74153471e-01
    -2.84560919e-02 2.12797105e-01 -3.45008224e-01 3.71884465e-01
    -6.59266114e-02 -2.68560529e-01 7.71194696e-02 -2.87834167e-01
    -3.76487076e-02 -1.06398702e-01 -3.22850943e-02 -1.97288394e-02
    -2.18331516e-01 -4.35144663e-01 -7.74549544e-02 -3.31243336e-01
    -3.30645531e-01 -8.57025385e-03 2.21894383e-02 1.50628090e-02
    -4.80369508e-01 -1.98534518e-01 2.07175374e-01 -1.02353096e-03
    4.94238138e-02 -5.28024435e-02 2.16774523e-01 4.71207500e-02
    1.97314382e-01 -1.66851074e-01 3.11737239e-01 3.21117282e-01
    -3.70351672e-01 9.19333696e-02 2.06554651e-01 -2.66974807e-01
    4.28578258e-02 -5.16247332e-01 -9.40357447e-02 3.48404825e-01
    2.17323363e-01 -3.15443844e-01 -5.50860286e-01 2.93373466e-01
    3.62381160e-01 2.45300889e-01 -1.36442065e-01 3.60972703e-01
    4.36716080e-02 -4.14935321e-01 3.33536923e-01 2.24081278e-01
    -4.55508709e-01 -3.89528394e-01 2.10474193e-01 -2.50096679e-01
    1.90193474e-01 -1.61548674e-01 1.28358662e-01 8.31866264e-02
    -8.29777122e-02 -4.37676609e-01 2.79109120e-01 -2.44610399e-01
    2.22330034e-01 -3.18867922e-01 3.25453401e-01 -6.01478815e-02
    3.79280448e-01 -5.01528263e-01 3.84437025e-01 -4.79855359e-01
    -5.32864571e-01 -3.43311101e-01 2.02418387e-01 -2.70587027e-01
    -1.85551584e-01 -3.21300030e-02 -1.15286827e-01 6.63489103e-02
    3.95204782e-01 4.42912221e-01 -3.21258932e-01 2.77688503e-02
    -3.71500731e-01 1.86531007e-01 3.66010666e-01 3.10741425e-01
    1.10717356e-01 5.84121346e-02 -4.75181043e-01 1.50052905e-02
    -2.69749433e-01 3.18855047e-03 4.53186095e-01 -4.60531712e-02
    1.01723433e-01 1.30280197e-01 -4.99572903e-01 2.02564299e-01
    -9.71970856e-02 -2.06106901e-02 3.02212000e-01 1.91401839e-01
    8.09937119e-02 -2.01451689e-01 2.35288203e-01 3.80169094e-01
    -3.95203263e-01 -4.27908301e-02 2.11058259e-02 -2.70284176e-01
    8.43888521e-03 -4.82069403e-01 -1.38564259e-01 7.43693113e-03
    -2.63663292e-01 -4.74643886e-01 -4.58369344e-01 -4.21112776e-03
    8.20531249e-02 -1.57688737e-01 -1.66357458e-01 4.30588424e-01
    7.74556398e-03 -1.72848046e-01 2.40446329e-01 -1.06289387e-01
    -4.86943215e-01 6.50244951e-03 -2.39488870e-01 4.37142015e-01
    1.79860711e-01 1.37970030e-01 1.69309914e-01 -5.22261322e-01
    3.16101432e-01 -1.53319120e-01 2.33618021e-01 1.49862111e-01
    2.30663419e-01 -4.90589231e-01 -2.16545641e-01 4.22679722e-01
    -3.79216641e-01 -2.88922846e-01 2.10047007e-01 3.45340908e-01
    2.27514565e-01 -7.43241906e-02 -4.44319546e-02 8.65915418e-02
    -4.31067288e-01 4.32394922e-01 -3.28423738e-01 7.92720914e-02
    -3.53167385e-01 -3.58000517e-01 1.33082449e-01 2.01859355e-01
    -4.94319558e-01 -2.16341972e-01 -4.64363903e-01 2.80355453e-01
    4.13301587e-01 -4.17175531e-01 1.95005000e-01 -5.45560956e-01
    -4.50902164e-01 1.14550173e-01 -7.94280767e-02 1.27360761e-01
    2.40785599e-01 5.37988544e-02 4.10921812e-01 2.73194313e-01
    3.77527714e-01 -6.49634898e-02 4.39704061e-02 4.15647686e-01
    -1.08458400e-01 -4.16356504e-01 -1.60103202e-01 -2.54915625e-01
    -1.31140202e-01 -1.50901705e-01 -5.18744051e-01 3.57037902e-01
    4.19425666e-01 4.29179728e-01 1.09131277e-01 2.29926527e-01
    -1.16865069e-01 2.24788487e-01 -1.74059927e-01 -1.31322503e-01
    8.81093740e-02 3.58867347e-01 -9.74570215e-02 -1.26056582e-01
    2.82379448e-01 8.87719989e-02 7.62745738e-02 -9.46079791e-02
    -7.63219297e-02 1.96301877e-01 -1.91339105e-01 -2.93598771e-02
    2.04254031e-01 3.92341375e-01 -5.06288171e-01 3.12095046e-01
    3.01578045e-01 6.59807920e-02 2.59487391e-01 3.86394322e-01
    -4.83979344e-01 -1.46750271e-01 1.34156585e-01 3.98194015e-01
    -2.41625965e-01 6.34829402e-02 3.72469604e-01 -1.25080675e-01
    4.01797414e-01 3.10928226e-01 -4.51203078e-01 1.84934020e-01
    3.69468272e-01 -2.75144666e-01 2.58636951e-01 -1.58311248e-01
    1.83435678e-01 -2.93811977e-01 -4.86781895e-01 1.53775573e-01
    -2.86344171e-01 -1.05469346e-01 -3.84192228e-01 3.30782235e-01
    6.84337616e-02 -1.97915912e-01 2.46707797e-01 -1.41323417e-01
    4.22712982e-01 2.69912183e-01 3.55053425e-01 -3.76481980e-01
    -1.40642315e-01 -1.21120811e-01 4.37102377e-01 3.18387210e-01
    -1.26363397e-01 4.18062031e-01 -1.70475841e-02 -4.19833660e-02
    -3.31444234e-01 -4.13804978e-01 -4.35530543e-02 -3.73915553e-01
    -4.49145973e-01 -2.36718655e-02 3.22648942e-01 -1.09423995e-02
    -3.83643568e-01 1.85184240e-01 -4.90479022e-01 1.74421012e-01
    -5.25454342e-01 -2.84090102e-01 -4.46063399e-01 -3.10618132e-01
    2.19201148e-01 -5.29199898e-01 -4.63398308e-01 -3.45922172e-01
    -3.08571190e-01 3.36651266e-01 2.24930406e-01 -5.39673448e-01
    7.50618577e-02 6.96085095e-02 -4.62094724e-01 1.75971985e-02
    -2.54862338e-01 -2.90735364e-02 7.58316517e-02 -1.65793985e-01
    2.01398194e-01 -4.17776704e-02 -4.50498462e-02 -3.75091344e-01
    -3.08860987e-01 1.90291584e-01 -1.92420453e-01 -5.04628062e-01
    -2.69762963e-01 6.94540739e-02 -4.76932675e-01 -1.86297059e-01
    -7.21319318e-02 1.80126071e-01 2.48184383e-01 -5.87418675e-02
    2.25661993e-01 -4.98654336e-01 -2.93889284e-01 -4.99132872e-02
    -5.51445842e-01 2.28670776e-01 -2.25152493e-01 -1.52768821e-01
    -7.05847740e-02 -4.03999388e-01 -4.03145015e-01 -4.93427783e-01
    4.29632604e-01 -4.44226354e-01 -7.58981109e-02 -2.65893072e-01
    1.36651695e-01 -6.64889812e-03 1.22966290e-01 1.01301610e-01
    1.55480087e-01 -5.34142852e-01 -9.80657935e-02 -3.44492793e-01
    -6.18550479e-02 -2.41859913e-01 -2.58752167e-01 -4.72924709e-01
    2.26853132e-01 1.99885726e-01 -1.68115437e-01 -7.76501596e-02
    -2.81276524e-01 -4.30288315e-01 1.80422544e-01 -5.04908741e-01
    4.22893941e-01 1.04267955e-01 -3.87066603e-01 1.50750697e-01
    4.37972605e-01 -3.43606800e-01 1.84289038e-01 1.91926956e-01
    4.30433989e-01 -4.03200358e-01 -5.03372550e-01 -4.83895689e-01
    3.51883352e-01 3.28487039e-01 7.60877132e-03 -2.37970561e-01
    -5.48736572e-01 -3.59795511e-01 3.74851882e-01 6.14443421e-02
    -2.91192710e-01 -7.98881948e-02 -5.11981010e-01 2.58706033e-01
    -4.34707463e-01 -4.76758271e-01 2.94559240e-01 -2.11210668e-01
    -1.85558379e-01 -2.73088217e-02 4.24717426e-01 2.63987243e-01
    1.18924141e-01 4.31258142e-01 3.17701936e-01 3.69864106e-02
    -1.55382544e-01 -3.27933878e-01 -4.07182693e-01 4.09910977e-01
    -8.08327198e-02 2.68510342e-01 -4.12402630e-01 -5.26680827e-01
    -7.64672458e-02 3.81842315e-01 3.22362840e-01 2.80084252e-01
    3.79687369e-01 4.20954764e-01 1.35952175e-01 4.29906428e-01
    2.69739389e-01 -2.76120842e-01 3.62516046e-01 3.14916790e-01
    3.92262220e-01 1.72703505e-01 -4.78185296e-01 2.71157980e-01
    -1.59822017e-01 -3.96232605e-02 -3.04560870e-01 -3.98798883e-02
    2.96668172e-01 6.31054640e-02 3.22061598e-01 4.13074732e-01
    -3.55550200e-01 3.61210406e-01 4.69576955e-01 -3.03695768e-01
    -1.40876323e-01 3.49459052e-02 2.81527579e-01 -4.87573594e-01
    4.49883938e-01 2.06954539e-01 2.84300387e-01 -1.26395762e-01
    1.56751215e-01 -1.64678097e-02 4.31440532e-01 4.21581745e-01
    3.00991476e-01 -4.72479522e-01 3.62554431e-01 6.72749281e-02
    -3.07482153e-01 -2.73464382e-01 -4.54358280e-01 -2.41906285e-01
    -4.88109022e-01 -1.30253553e-01 -1.00862741e-01 2.50947773e-01
    -4.98336554e-03 -3.38360399e-01 -2.85707176e-01 2.54575014e-02
    1.61345601e-02 -3.23256850e-02 4.04686153e-01 4.36244547e-01
    -4.70376194e-01 -3.80171031e-01 -1.55562192e-01 -5.59476256e-01
    -1.57063007e-02 -3.37399989e-01 2.06762373e-01 -5.38968563e-01
    -2.39747763e-03 -3.36556613e-01 -1.97798669e-01 3.25598061e-01
    -4.35781479e-03 9.74997878e-02 -5.57858825e-01 -4.99638885e-01
    -1.75743669e-01 -3.84487271e-01 -2.66051888e-02 -5.65365195e-01
    -1.48213983e-01 -2.33830214e-02 2.28630543e-01 -5.42701483e-02
    2.70044863e-01 -2.06366539e-01 -6.54774010e-02 2.14722872e-01
    -4.95093971e-01 -1.52016044e-01 -1.99422330e-01 2.26064980e-01
    1.64928913e-01 -1.82096958e-02 -3.41623694e-01 -3.51853997e-01
    8.80528092e-02 3.09256136e-01 6.55701160e-02 2.53512740e-01
    -2.85379022e-01 -2.21477687e-01 -2.95103043e-01 1.01062417e-01
    -2.09869146e-01 3.88063192e-01 -3.02147776e-01 -2.52416253e-01
    -3.95697057e-01 3.48688185e-01 3.91668677e-02 -4.57185507e-03
    1.62750006e-01 3.87143612e-01 3.62956464e-01 -3.85192096e-01
    -7.04067647e-02 1.36587322e-01 -5.23990750e-01 -4.52545375e-01
    -4.45041358e-01 -2.88680851e-01 -4.58396524e-01 1.30658686e-01
    -2.80792683e-01 -2.22211540e-01 -3.07141304e-01 1.99561357e-01
    -3.87979656e-01 2.17256546e-02 9.32689309e-02 1.48400962e-01
    -4.22971696e-01 -2.97124535e-01 -1.95528269e-01 -1.78924501e-01
    1.28789425e-01 -1.29974931e-01 4.46555257e-01 3.23570490e-01
    -3.75122786e-01 4.69948947e-01 -4.19448376e-01 -4.63070571e-01
    2.49608338e-01 -3.39353621e-01 -2.57836521e-01 2.42635429e-01
    1.71083391e-01 1.50831163e-01 3.53980064e-03 -9.64170098e-02
    -4.51670140e-01 2.77215421e-01 4.16808367e-01 3.37175012e-01
    -4.11559939e-01 5.03712296e-02 -4.76063102e-01 -5.48265576e-01
    -4.04646397e-02 -1.73429519e-01 4.17102575e-02 -4.95582819e-01
    5.95491529e-02 -4.80309129e-02 1.49432123e-01 -3.28159899e-01
    2.82188356e-01 3.42623949e-01 3.77375126e-01 2.65346885e-01
    -1.35627747e-01 2.83293486e-01 -4.50701177e-01 -3.57574493e-01
    1.45024896e-01 2.93953359e-01 2.52193928e-01 3.04456770e-01
    -1.22154027e-01 1.10480666e-01 -5.22388935e-01 -1.01811677e-01
    -5.22228956e-01 -5.01737416e-01 -3.57722640e-02 -4.29473996e-01
    4.08269107e-01 1.99677169e-01 4.14355397e-01 -1.17822021e-01
    -4.68046099e-01 -2.87707776e-01 -5.35179853e-01 -2.16427714e-01
    -1.60754442e-01 3.81025910e-01 -2.98872709e-01 -1.84807539e-01
    1.88586891e-01 3.37186277e-01 -2.20438480e-01 -2.27636099e-03
    -3.22636724e-01 -3.60966951e-01 -3.38452369e-01 -2.94064045e-01
    -2.38861263e-01 9.43731666e-02 3.29416633e-01 2.21245885e-02
    3.55889261e-01 1.31682396e-01 -2.58287907e-01 1.86431766e-01
    3.60410750e-01 2.97220290e-01 -1.78329647e-01 2.78189480e-01
    -4.38858062e-01 2.69857645e-02 -6.94015920e-02 3.85670662e-02
    -8.95769298e-02 1.22471750e-01 4.13143337e-01 2.48571932e-01
    -5.61221838e-02 3.31890881e-01 -5.50243199e-01 2.46564686e-01
    -1.07838929e-01 -5.66367030e-01 -6.30463958e-02 -1.41057134e-01
    -3.05277437e-01 7.42164254e-02 -3.16277742e-01 3.95295620e-01
    -3.41805637e-01 -2.14169383e-01 -4.01039124e-02 2.20210969e-01
    1.01129413e-01 -2.78637767e-01 2.62910962e-01 -4.17325586e-01
    -4.72939938e-01 2.73131490e-01 -6.18471801e-02 -4.81840461e-01
    -3.37399900e-01 4.21720207e-01 -1.57966107e-01 -1.94955528e-01
    1.26060963e-01 -3.05926591e-01 9.53892469e-02 -3.70042324e-01
    3.82453144e-01 -2.31840640e-01 -2.64742553e-01 -3.53796482e-02
    -4.55910057e-01 8.25405121e-02 -2.17390716e-01 1.05168700e-01
    -5.30937672e-01 1.76595449e-01 -3.81633878e-01 -4.06422883e-01
    2.47023582e-01 -3.86604667e-01 3.92019212e-01 1.37832165e-02
    -2.72007763e-01 2.72828996e-01 -3.71964037e-01 -4.14305747e-01
    -2.86710471e-01 -4.19200599e-01 -4.42392975e-01 -4.54583585e-01
    6.90873861e-02 -3.94821525e-01 4.15988863e-01 -2.51914740e-01
    6.03715777e-02 -4.39462721e-01 -1.56087637e-01 2.68396735e-02
    1.46044254e-01 9.35561061e-02 5.51629066e-02 3.20874870e-01
    -9.53237712e-02 -3.06479841e-01 3.98880482e-01 -5.64844251e-01
    -6.75430298e-02 3.49835694e-01 7.98802376e-02 -2.29164004e-01
    -2.04089075e-01 -1.72296286e-01 1.84769034e-02 -5.53832769e-01
    2.77818501e-01 -2.86932468e-01 4.28146958e-01 -1.44296169e-01
    -2.78370142e-01 2.27466464e-01 -4.94720012e-01 -2.60242045e-01
    -3.78989577e-01 -3.58662724e-01 -3.81119072e-01 7.18895793e-02
    3.36633503e-01 -1.82481825e-01 2.44441748e-01 1.93287134e-01
    -5.58635712e-01 -5.52549481e-01 3.56995225e-01 2.70923018e-01
    4.20534074e-01 -3.97530735e-01 3.99383247e-01 -2.16970682e-01
    7.93232918e-02 8.01233053e-02 -5.34467340e-01 -4.72103268e-01
    6.90273046e-02 -3.22386622e-02 3.52489471e-01 1.41800940e-01
    -3.08410704e-01 2.71048903e-01 -2.56695956e-01 -5.19476771e-01
    -1.72794521e-01 -1.17846131e-02 2.98356056e-01 -3.47058833e-01
    -2.46620774e-01 -4.75123614e-01 6.69903755e-02 3.06506157e-01
    -9.38504338e-02 -4.15142775e-02 -1.31722987e-01 -1.47101283e-02
    -3.34850073e-01 -4.78069216e-01 -2.22741455e-01 -2.35383034e-01
    2.02870667e-01 3.33477318e-01 -2.97566861e-01 -1.80249482e-01
    3.64750087e-01 -1.09704733e-01 -3.85113418e-01 -2.62412816e-01
    -3.93727839e-01 -3.81099492e-01 -3.35525393e-01 3.89412284e-01
    -1.28186136e-01 -3.92904133e-01 -1.44722223e-01 3.61006141e-01
    -5.28173745e-02 -2.06520855e-01 4.30081129e-01 -5.12683690e-02
    2.71023154e-01 9.90236998e-02 4.58719730e-02 1.00829959e-01
    -4.90454108e-01 -3.29240680e-01 3.84099483e-02 -1.27895594e-01
    -2.14550614e-01 1.95128441e-01 -3.19192350e-01 1.67303085e-02
    7.72870779e-02 -4.77128536e-01 4.57631588e-01 -1.41912758e-01
    2.67474592e-01 2.98515022e-01 -3.37622762e-02 2.55342424e-01
    -1.94325507e-01 -4.92668539e-01 1.18878484e-02 2.86687613e-01
    -7.24785924e-02 -6.50227070e-03 -1.40523851e-01 -2.95858085e-01
    4.18944359e-01 3.12642157e-01 -1.49953753e-01 -2.37350702e-01
    -7.82239139e-02 -4.43042368e-01 1.08603477e-01 1.03084981e-01
    -1.07363433e-01 -4.29768860e-01 -5.21970868e-01 3.42211604e-01
    -4.81262982e-01 3.38525891e-01 -5.18547416e-01 -5.52011728e-02
    1.94357038e-02 -1.56537890e-01 -1.90712243e-01 -4.76886779e-01
    3.68970990e-01 6.70945644e-02 2.17943013e-01 2.62693644e-01
    -2.57791281e-02 2.98306406e-01 4.49146628e-02 -7.77815580e-02
    -1.88278943e-01 1.52468324e-01 2.56420135e-01 -4.58768725e-01
    2.44935751e-02 2.83746958e-01 3.57903242e-02 -6.84678555e-02
    2.76755631e-01 -2.74866164e-01 -1.32910281e-01 2.52370536e-01
    -4.98839170e-01 -2.54640102e-01 -2.08902359e-01 5.83067536e-02
    -4.08490598e-01 -5.44858932e-01 7.09896088e-02 -5.13405204e-02
    -3.56074154e-01 -3.76290739e-01 -5.24012208e-01 -1.49409771e-02
    2.96135962e-01 3.28253567e-01 -1.55413568e-01 2.19273984e-01
    -2.62742758e-01 -2.70564139e-01 1.17223322e-01 -3.37884158e-01
    1.09919727e-01 -7.06022084e-02 -3.06286514e-01 -5.25804043e-01
    -5.04061043e-01 -1.18441224e-01 -3.95984083e-01 -1.87647104e-01
    -2.42016584e-01 -4.13012445e-01 -5.22418141e-01 -3.51147294e-01
    -2.94670403e-01 3.40145826e-03 -3.31463277e-01 -4.51367676e-01
    9.00375247e-02 -1.92816734e-01 5.91758490e-02 3.50197673e-01
    -3.81905496e-01 3.29753876e-01 -3.15773308e-01 1.98763847e-01
    -3.40852141e-02 2.76992202e-01 2.92531431e-01 -3.14037263e-01
    9.73255634e-02 2.27670312e-01 -1.47015274e-01 2.43407607e-01
    1.48809075e-01 -5.02038836e-01 -4.92841333e-01 2.48918176e-01
    -2.76472032e-01 -3.93097818e-01 -4.25997734e-01 3.58218908e-01
    5.38554788e-02 3.66616368e-01 4.32973266e-01 4.12791491e-01
    4.39213812e-01 -5.31565547e-02 -2.41655111e-02 -7.71329105e-02
    -3.95962596e-01 4.62120771e-02 3.00977647e-01 -4.26809072e-01
    -1.48277223e-01 -2.97053099e-01 3.46118510e-01 -1.47561848e-01
    2.29264736e-01 -2.92140543e-01 -1.41085386e-02 -1.75174177e-01
    3.78425241e-01 -3.67027283e-01 -4.43323761e-01 2.98315644e-01
    -5.97194731e-02 3.27288508e-01 -1.68783307e-01 -1.64911807e-01
    -3.51782978e-01 -1.75910294e-01 -3.34232718e-01 -3.75548482e-01
    2.68143833e-01 -4.76146907e-01 -4.91622895e-01 3.39713395e-01
    -3.89384031e-02 3.79002690e-02 -2.42525756e-01 1.22214019e-01
    -4.06944096e-01 -2.92624801e-01 -5.33705652e-01 1.41979992e-01
    3.84352267e-01 -3.27257156e-01 -1.06754363e-01 1.23676479e-01
    1.58092022e-01 -2.27738023e-01 3.11892807e-01 -4.09168512e-01
    1.64859653e-01 3.29827666e-01 -9.12843049e-02 -1.61212444e-01
    3.25723886e-01 -2.22791135e-01 -1.47051781e-01 -3.25999320e-01
    -2.21279025e-01 -1.84855580e-01 5.31685352e-02 -4.52050805e-01
    3.35474610e-01 1.15774512e-01 3.09677422e-01 3.39840949e-01
    -4.13524449e-01 -1.37301683e-02 3.19825232e-01 -3.23302418e-01
    1.95657849e-01 -4.88834798e-01 -3.82679343e-01 5.32426238e-02
    -1.48877978e-01 1.78484917e-02 2.16165066e-01 9.81741548e-02
    -9.14268196e-02 2.05633283e-01 3.28365862e-01 -7.44822323e-02
    -4.19056922e-01 -4.88260150e-01 -3.60323429e-01 -3.55868876e-01
    -4.46545154e-01 -4.76426750e-01 4.64129448e-03 -4.42704231e-01
    3.09259892e-01 -2.33522296e-01 -2.14513600e-01 3.68097246e-01
    4.20107245e-01 4.02099013e-01 -5.73088884e-01 9.10741091e-03
    3.69922638e-01 -2.39672661e-01 -1.75672650e-01 -4.70108360e-01
    3.28224182e-01 1.28165483e-02 3.33671033e-01 -3.47298294e-01
    4.51264381e-02 3.67096424e-01 2.30107725e-01 2.04107165e-02
    -2.98218846e-01 -4.80299056e-01 1.27796054e-01 7.18990564e-02
    -1.03335381e-02 3.88620615e-01 2.30032146e-01 -2.17847228e-02
    -4.56918120e-01 -1.85322106e-01 -3.23146582e-03 -3.61674249e-01
    -4.66585547e-01 -1.71466589e-01 -7.41311312e-02 -3.88323814e-01
    2.49047458e-01 3.01192284e-01 -4.57497567e-01 -4.79860246e-01
    -1.36883467e-01 -3.39951158e-01 -1.76007867e-01 -1.41576529e-02
    -5.99866211e-02 3.29008996e-01 1.84063911e-02 -2.84200162e-01
    -2.65446961e-01 -4.03089911e-01 -2.03579724e-01 1.96779847e-01
    4.71365154e-01 -3.47403407e-01 -5.00903904e-01 2.88462222e-01
    -1.67924583e-01 1.18382454e-01 -5.24547279e-01 2.79894948e-01
    8.31543803e-02 2.92619467e-02 -5.04611850e-01 3.16012204e-01
    -1.35293037e-01 -3.46217185e-01 2.64291167e-02 -9.90814269e-02
    -2.18081474e-03 6.43630028e-02 -5.05251765e-01 -5.49410701e-01
    3.50825787e-02 -1.13059610e-01 -6.24928474e-02 -3.73113483e-01
    -3.29818457e-01 2.48379111e-01 -3.07936907e-01 1.44763231e-01
    -2.33994365e-01 2.66360462e-01 2.43389010e-01 -5.10406852e-01
    1.03285849e-01 -1.26607001e-01 -3.99479747e-01 1.03370667e-01
    3.66560042e-01 -8.12355280e-02 1.29716456e-01 2.70698845e-01
    3.12583566e-01 -4.48690295e-01 -1.57195926e-02 2.71230340e-02
    -1.60037696e-01 3.99204552e-01 2.89354444e-01 -3.74368250e-01
    2.54466534e-01 2.56803811e-01 9.92095470e-02 1.66076899e-01
    -1.21846616e-01 -5.67111969e-02 -2.14216322e-01 -2.73521543e-02
    1.84076428e-02 -3.88888836e-01 5.80027699e-02 4.47804153e-01
    -4.45864409e-01 -9.79714692e-02 -5.18199205e-01 8.97740722e-02
    1.38482511e-01 -8.75430107e-02 -3.60132009e-01 1.50017142e-01
    -7.19169676e-02 5.43830991e-02 2.60335743e-01 -3.32140267e-01
    -2.94398069e-02 -1.54125154e-01 -4.36664760e-01 -2.60098547e-01
    4.11263287e-01 7.11479187e-02 -1.86857641e-01 -8.64757895e-02
    -5.03661573e-01 1.82817340e-01 -3.25199932e-01 -2.76237309e-01
    -4.26291496e-01 -1.14812851e-02 -9.00371671e-02 2.09645033e-01
    -1.72933877e-01 -5.26575327e-01 -5.06221890e-01 2.02889681e-01
    3.66801023e-01 -4.74156290e-01 2.27225959e-01 -3.89916390e-01
    -2.08026379e-01 -2.32633859e-01 -3.27908903e-01 -4.48779255e-01
    -4.49347347e-01 3.64909947e-01 2.80215859e-01 3.37599218e-01
    -1.02035999e-02 -3.91758233e-01 3.73689890e-01 -2.73915887e-01
    1.90624416e-01 1.37872994e-01 -5.29327989e-02 1.91763937e-01
    -4.72707838e-01 -5.48834920e-01 -3.37533593e-01 2.81517446e-01
    -3.10422957e-01 -1.08556300e-01 -1.28517210e-01 -4.89920378e-02
    5.39277196e-02 -1.23872310e-01 -9.14438069e-02 5.26315570e-02
    -1.23257041e-02 -4.52593952e-01 -1.19528860e-01 -1.14840806e-01
    3.38075280e-01 -3.00115287e-01 1.32826626e-01 4.39050019e-01
    4.50467229e-01 -2.05286324e-01 -3.11569840e-01 4.71951663e-01
    4.47530985e-01 9.21050906e-02 -1.40815973e-02 3.58464122e-02
    -1.90483332e-01 -7.50942826e-02 -3.99968177e-01 2.27294862e-01
    4.01086569e-01 -1.25928164e-01 -1.27736926e-02 9.54439044e-02
    -3.76811177e-01 -3.56857270e-01 -1.29686952e-01 -2.28916168e-01
    2.16309011e-01 -5.45473754e-01 -1.60738856e-01 4.01604772e-02
    3.08113694e-02 -4.21794921e-01 -3.50025743e-01 2.18321681e-01
    2.08434403e-01 2.09128618e-01 -5.21263182e-01 1.82492733e-01
    1.21197104e-01 -2.91954339e-01 -3.64620596e-01 -5.24615645e-02
    3.71370614e-01 -5.46433747e-01 -3.99480999e-01 -2.39919305e-01
    -3.82314801e-01 -4.40027922e-01 -4.45853949e-01 -3.56825888e-01
    5.78669906e-02 -1.08619928e-01 -2.68231571e-01 -3.52165014e-01
    -3.56776983e-01 2.87984908e-01 -4.90502059e-01 -1.27003789e-02
    -1.46704912e-01 -2.38211393e-01 -3.44686002e-01 8.42370987e-02
    4.16322529e-01 3.65073740e-01 -5.23230076e-01 3.37847531e-01
    -4.63038027e-01 -4.73909467e-01 -4.76654887e-01 -4.85281199e-01
    -5.70082307e-01 1.55021489e-01 1.65184617e-01 -5.66661119e-01
    3.14636886e-01 8.41817260e-02 7.85207152e-02 1.75655663e-01
    1.07392430e-01 2.25679159e-01 4.17670965e-01 2.94647098e-01
    -4.10315305e-01 -4.41672623e-01 2.22349703e-01 -3.37544709e-01
    2.63032258e-01 8.63480568e-03 -2.44382203e-01 -2.84798950e-01
    -4.44969535e-01 4.49501693e-01 -4.70020264e-01 -2.75245309e-02
    -5.26720285e-01 2.64163435e-01 -3.34036499e-01 -1.00974888e-01
    -1.51025146e-01 2.35663354e-01 2.34722972e-01 -2.40369618e-01
    -1.00200057e-01 4.58418608e-01 3.07409883e-01 -1.16091281e-01
    2.29461849e-01 4.01510715e-01 -4.03263390e-01 6.44439459e-02
    -1.61544621e-01 -4.22255605e-01 -4.12047774e-01 2.93856919e-01
    -3.60405236e-01 1.59120142e-01 -9.24573243e-02 1.10508144e-01
    2.16442525e-01 -2.26094246e-01 2.94777453e-01 2.33480871e-01
    -9.10835564e-02 -3.45670670e-01 4.10528958e-01 2.21420765e-01
    1.49186254e-01 -2.45406270e-01 1.46432161e-01 -7.17286766e-02
    4.07643497e-01 -3.53201717e-01 -4.77508664e-01 -3.10563087e-01
    4.83267307e-02 3.66703272e-02 -4.15433347e-02 9.87107158e-02
    6.08682632e-04 2.88017392e-02 -1.26234114e-01 -1.67300940e-01
    2.45691717e-01 8.33075047e-02 1.74782276e-01 3.07175636e-01
    -3.15080434e-01 3.83126080e-01 -4.01093125e-01 5.97741604e-02
    -4.08150256e-01 -6.07548952e-02 2.12112427e-01 3.09204578e-01
    3.46022129e-01 -1.25209302e-01 1.90595686e-01 -5.24462283e-01
    -3.28129709e-01 3.43252778e-01 1.53333008e-01 -3.77930045e-01
    1.92012727e-01 4.21988308e-01 4.21532869e-01 -4.32511359e-01
    3.95819068e-01 -3.63593936e-01 -5.47456861e-01 -5.26281476e-01
    -3.66092801e-01 1.91181123e-01 3.49652946e-01 -1.69632375e-01
    4.52632904e-02 1.31750286e-01 -3.38968158e-01 1.67446554e-01
    3.94922495e-01 3.18258464e-01 3.93482924e-01 3.53688180e-01
    2.78950572e-01 3.64951909e-01 -3.06036085e-01 -3.21805865e-01
    -3.34039003e-01 1.91649795e-01 2.24450052e-01 -3.49732637e-01
    3.93447459e-01 -5.04283190e-01 3.98026586e-01 -3.20094883e-01
    8.69645476e-02 -4.63531643e-01 -9.82734859e-02 -1.78357959e-01
    3.24080586e-02 2.10685730e-02 9.06466246e-02 2.37972379e-01
    1.59307063e-01 4.46222842e-01 -5.12793362e-02 -3.75299513e-01
    -3.44596207e-01 -5.27025759e-01 5.07336855e-03 -1.91670954e-01
    -4.54392046e-01 -3.70554924e-01 -3.17678958e-01 2.20064282e-01
    1.32346511e-01 -7.55511522e-02 -2.17477620e-01 1.95770144e-01
    4.49645698e-01 3.65099549e-01 -5.38206100e-01 -1.76749587e-01
    -9.38495398e-02 -2.53726751e-01 2.27858365e-01 -2.07762808e-01
    2.73964465e-01 1.31913662e-01 2.10150361e-01 -6.88799024e-02
    3.23237360e-01 -1.14810467e-03 3.44835341e-01 -5.54277539e-01
    1.03125870e-01 3.02330077e-01 -5.00456333e-01 -3.03646922e-01
    -3.09646070e-01 -2.27518320e-01 6.36829138e-02 -1.63372040e-01
    -1.16448402e-02 -2.48622864e-01 3.55938315e-01 -3.69077981e-01
    3.41817975e-01 -2.57562160e-01 -3.16059828e-01 1.85357451e-01
    -3.64833146e-01 3.75810981e-01 4.42292690e-01 2.66313553e-04
    -2.69867837e-01 1.87320769e-01 -2.58518815e-01 4.76800203e-02
    -4.42971468e-01 -1.30050212e-01 2.00197816e-01 1.59681976e-01
    -1.16252393e-01 1.04460478e-01 -1.44353271e-01 1.77450359e-01
    -2.00498164e-01 -3.47545832e-01 -2.45624840e-01 -1.63862139e-01
    2.88099527e-01 8.89623165e-02 2.31228828e-01 1.04734004e-01
    -2.94272184e-01 3.56417894e-02 -2.19494581e-01 -1.88590944e-01
    4.46704984e-01 1.10605359e-02 8.69543552e-02 -1.91149145e-01
    4.21542645e-01 3.14589620e-01 2.25978613e-01 -4.21045363e-01
    3.80815566e-01 -6.10479712e-02 -2.61908829e-01 2.49419808e-01
    3.46083224e-01 3.75556946e-02 -5.90592027e-02 -4.71867561e-01
    -2.18670189e-01 -2.51417696e-01 -9.33589637e-02 1.26327097e-01
    -3.90971005e-01 3.41445506e-01 4.22892630e-01 -1.14601135e-01
    6.23999834e-02 -4.34869468e-01 3.98094594e-01 3.13559055e-01
    1.01514280e-01 1.80409312e-01 -5.44646382e-02 -4.30490911e-01
    3.51801991e-01 -7.99904466e-02 -4.92089421e-01 -5.87007403e-02
    -3.88441622e-01 -4.70053792e-01 -3.08630049e-01 -6.88082874e-02
    1.06267154e-01 2.06450164e-01 -8.81499052e-03 6.09769821e-02
    4.36735451e-01 -3.49664420e-01 -5.40520310e-01 8.61185193e-02
    1.70828521e-01 2.80550539e-01 -2.72275388e-01 -1.15290165e-01
    -3.72341633e-01 -1.25328571e-01 6.03495240e-02 -1.55639499e-01
    1.66569412e-01 -2.72904217e-01 -5.18491387e-01 -6.77543879e-02
    -9.24861133e-02 2.05592990e-01 -1.44457191e-01 -1.35946631e-01
    2.15357125e-01 -3.38236690e-02 -1.02454394e-01 8.35415125e-02
    -1.13973230e-01 -3.84038448e-01 4.10028100e-01 3.16366911e-01
    -2.01103598e-01 2.02409446e-01 -2.52905428e-01 -2.53345132e-01
    -1.48754030e-01 -1.43280983e-01 -2.18445539e-01 -5.10577083e-01
    -2.73564994e-01 -3.76840621e-01 -4.85146672e-01 -2.85099179e-01
    -3.29751492e-01 1.69440448e-01 -3.63311648e-01 -2.98812985e-01
    8.82691145e-02 4.22642171e-01 -1.19203329e-01 3.89015675e-03
    9.32076573e-02 1.95721388e-02 -5.15160739e-01 2.74488688e-01
    -1.90156460e-01 2.35253692e-01 3.92426908e-01 3.72833073e-01
    2.42942274e-01 1.64442539e-01 -1.28241301e-01 -1.47868156e-01
    -1.62603796e-01 -5.08146524e-01 4.24081266e-01 -3.88071537e-02
    1.14413202e-01 4.63580549e-01 -4.86684382e-01 -4.56926703e-01
    -2.39326626e-01 2.19500244e-01 -3.03693652e-01 -2.47783422e-01
    2.02654660e-01 1.87222481e-01 2.06401229e-01 -1.42182499e-01
    4.57489073e-01 2.99352407e-02 1.57931745e-01 -2.40201354e-02
    2.66876757e-01 4.40909028e-01 2.33272314e-01 -3.88321847e-01
    -2.47148871e-01 -4.49730724e-01 3.26223552e-01 1.87003493e-01
    3.93453658e-01 -3.19210917e-01 2.29449570e-01 4.24713790e-01
    -3.45086366e-01 3.27008128e-01 -2.42715955e-01 -1.40171260e-01
    -5.04764557e-01 2.99033403e-01 -5.12037516e-01 -5.28207660e-01
    1.75906539e-01 -1.77224815e-01 -2.49951363e-01 -1.37583017e-02
    1.17443979e-01 -5.16835511e-01 -3.17096829e-01 1.13070607e-01
    -2.38037050e-01 -1.63927972e-01 -1.05088174e-01 2.51925349e-01
    1.72171593e-02 1.66736782e-01 -3.79979551e-01 3.39168966e-01
    8.37574005e-02 3.32293749e-01 2.86646545e-01 1.37624681e-01
    -2.11982757e-01 -4.49730456e-01 3.78097892e-01 3.53199005e-01
    -4.81522679e-02 -8.31079185e-02 -1.03935242e-01 -4.83129054e-01
    -4.49287742e-01 8.20873380e-02 2.65321136e-02 4.42529023e-01
    7.26956129e-02 7.97036886e-02 -4.33910280e-01 -2.76806056e-01
    -1.53030604e-01 -3.91482562e-01 8.30829144e-04 3.65454793e-01
    -4.61337030e-01 -8.71267915e-02 -2.15490341e-01 -4.86822456e-01
    1.50231123e-01 2.51308203e-01 4.18689847e-02 -4.54065561e-01
    4.39670146e-01 -2.62570381e-02 -1.53664023e-01 -6.03955984e-02
    8.70380402e-02 6.93327785e-02 -2.65605450e-02 -9.00280774e-02
    -3.26478064e-01 -1.20505095e-02 3.49776089e-01 -4.80739534e-01
    -4.94974941e-01 5.25049567e-02 -5.07481694e-01 -4.35010046e-01
    3.56217384e-01 2.51906395e-01 -1.08994573e-01 2.29007185e-01
    -3.75802904e-01 -3.31575453e-01 3.37400913e-01 3.41341615e-01
    -5.15410125e-01 -1.48980021e-01 -3.45065325e-01 2.68545568e-01
    -4.68374491e-02 -3.71279657e-01 -1.05626166e-01 1.75757051e-01
    -8.55511725e-02 -5.39470673e-01 -4.86673564e-01 -3.97071242e-02
    2.87693143e-02 3.27273309e-01 -7.25936294e-02 1.10424638e-01
    -2.58930147e-01 1.37591004e-01 -5.04784346e-01 -2.34887302e-01
    8.20308924e-02 -3.02289873e-01 -2.58651972e-01 1.74008906e-01
    -5.34448624e-02 4.32603538e-01 -4.54394609e-01 -2.77999371e-01
    -1.31333619e-01 6.99224472e-02 5.44060469e-02 -3.91323328e-01
    3.95633280e-01 -1.03522569e-01 -2.69059479e-01 -2.88779020e-01
    -4.85076666e-01 -7.90064633e-02 2.15381086e-01 3.71161282e-01
    -2.63558745e-01 1.06167257e-01 1.06058657e-01 -4.70806748e-01
    -1.81538105e-01 -1.19842649e-01 1.11945808e-01 3.71573627e-01
    -4.84823197e-01 1.13239348e-01 1.84849322e-01 -4.99024749e-01
    -4.35834825e-01 -7.31748939e-02 4.14585888e-01 -2.94585764e-01
    3.59830618e-01 1.07154429e-01 -3.83406878e-01 -1.56814665e-01
    1.94096029e-01 -1.77136064e-02 -2.66491234e-01 -1.87919557e-01
    4.28466082e-01 -2.47255564e-02 -4.86511946e-01 9.61640477e-02
    -1.66389644e-01 3.12089860e-01 -4.46932882e-01 3.42145205e-01
    4.26367521e-02 -4.13868815e-01 -2.82159984e-01 1.81257844e-01
    -2.72627473e-02 -4.66476381e-01 8.45074654e-02 -1.11303240e-01
    -4.42423224e-01 -5.15072823e-01 -3.15658778e-01 8.60737562e-02
    1.36244297e-01 2.92163551e-01 -3.33051294e-01 -3.76485378e-01
    -2.67481148e-01 -5.24750113e-01 -5.06572127e-02 3.56851220e-02
    -3.17315340e-01 4.13808942e-01 7.10588694e-03 -2.88965225e-01
    -2.40046203e-01 1.18479729e-01 2.24153459e-01 -5.01809299e-01
    -2.76594460e-01 -4.32269424e-01 3.30591559e-01 2.54226863e-01
    2.61686862e-01 -4.26607817e-01 6.00134730e-02 -6.78115189e-02
    -1.01101130e-01 -8.81141722e-02 -3.92278939e-01 1.74684048e-01
    2.43212581e-01 -4.70273048e-01 -3.39467466e-01 -4.45164680e-01
    -1.27046824e-01 -2.69373417e-01 4.85834479e-02 6.21767044e-02
    -3.28324050e-01 1.37367845e-02 -4.13449585e-01 -3.54991168e-01
    -3.50816339e-01 2.86324561e-01 2.31941104e-01 7.46706128e-02
    1.20573997e-01 1.36930406e-01 -9.32958126e-02 1.37014747e-01
    3.71953905e-01 3.76684546e-01 -7.76287317e-02 -3.32896531e-01
    -4.68083054e-01 -3.86828542e-01 -4.47852314e-01 -4.97298300e-01
    -1.23038948e-01 -3.66876930e-01 1.59533560e-01 1.09834731e-01
    -2.39567935e-01 8.38528872e-02 -5.02385259e-01 -1.62605584e-01
    -8.17837715e-02 4.03178632e-01 4.52742875e-01 1.82625651e-02
    3.69200706e-01 3.21647167e-01 1.20994508e-01 -3.17251951e-01
    -2.87959903e-01 -4.88196075e-01 3.66604567e-01 1.81392670e-01
    -2.05569118e-01 2.10787296e-01 -1.63675368e-01 -3.89459610e-01
    3.82237732e-01 -5.50796032e-01 -3.28494310e-01 2.61023462e-01
    4.49027896e-01 -5.23576081e-01 -5.63396513e-02 -4.14446890e-01
    5.13837934e-02 -1.67978555e-01 -5.28545380e-01 -3.97198945e-01
    -3.75455588e-01 -1.53388619e-01 -3.54524165e-01 3.84737134e-01
    -1.38825238e-01 2.00521946e-01 3.40635061e-01 1.25445426e-01
    3.95459116e-01 2.28788733e-01 -3.15005779e-02 4.04096842e-02
    -4.27426726e-01 1.19124115e-01 -3.88580769e-01 2.38943517e-01
    -2.13903368e-01 -6.71905279e-03 -5.54734766e-01 3.47851098e-01
    -4.77035910e-01 3.22665095e-01 -3.56405228e-01 -1.86292350e-01
    -1.32040530e-01 -1.28903538e-01 -4.42704111e-01 7.11764693e-02
    -2.25572884e-01 2.21597135e-01 7.85903335e-02 2.35517919e-01
    -4.26717401e-02 3.49011600e-01 2.42683887e-02 -1.96200490e-01
    -1.09850109e-01 3.74902189e-01 1.24223471e-01 3.71518075e-01
    -3.99834305e-01 -4.37456012e-01 -1.80171132e-02 -1.62605375e-01
    -4.79140103e-01 4.43961084e-01 1.55727386e-01 7.76265860e-02
    -5.35636961e-01 2.72948205e-01 -3.77148926e-01 2.50924349e-01
    4.97438908e-02 2.71796823e-01 -5.25001168e-01 3.39654446e-01
    -1.04859710e-01 -3.90964746e-03 -8.70028734e-02 6.47963285e-02
    -1.12479538e-01 -1.51186585e-02 3.04585457e-01 -4.57392573e-01
    2.29843974e-01 -2.27090895e-01 4.29988086e-01 1.58736765e-01
    1.27947152e-01 3.95241439e-01 2.37984657e-02 -1.57635957e-01
    2.21631527e-02 3.88056219e-01 -5.06974399e-01 -2.42557317e-01
    -1.93391711e-01 -3.42546225e-01 -3.83376569e-01 -4.28207070e-01
    2.16202080e-01 -5.08229673e-01 -3.63588154e-01 3.59964192e-01
    4.75895405e-02 -2.73203671e-01 1.12947881e-01 -3.26563865e-01
    9.18512940e-02 -1.24648809e-02 -3.93626273e-01 -2.04922050e-01
    3.31487298e-01 3.63324881e-02 -1.56563103e-01 -2.90177107e-01
    -3.84646654e-02 4.13369298e-01 -1.37782127e-01 -5.05788088e-01
    -1.25852287e-01 -3.51074457e-01 -1.50476098e-02 -1.54597193e-01
    4.64011133e-01 -2.35552430e-01 1.45349145e-01 -5.06062269e-01
    -5.05378008e-01 -4.13607597e-01 1.23263121e-01 3.63105536e-03
    1.49587035e-01 -4.53304470e-01 1.21216834e-01 -2.02787459e-01
    3.67763281e-01 1.91092193e-01 -2.46254742e-01 -1.07676983e-01
    -3.10146600e-01 -2.15104759e-01 2.49734879e-01 1.16758466e-01
    -3.65735143e-01 2.89333701e-01 -4.87480342e-01 -4.46205735e-02
    -2.67176330e-01 -4.18230712e-01 2.94991732e-02 2.77869105e-01
    -3.52995068e-01 -2.26653218e-01 -1.33107901e-02 1.65918171e-01
    -9.27714109e-02 1.29345119e-01 2.46397257e-02 2.26660788e-01
    2.73266554e-01 -4.86651242e-01 -7.84211159e-02 -3.29645783e-01
    9.63121057e-02 -1.34675026e-01 3.92554641e-01 -1.59438580e-01
    -2.73445040e-01 2.82724977e-01 -2.72645354e-02 -4.50712353e-01
    -4.17652637e-01 -3.72803718e-01 -3.29869986e-03 2.06335604e-01
    -5.10668278e-01 3.50016415e-01 -6.76899254e-02 -1.61470503e-01
    1.37967527e-01 2.02700794e-01 6.78870678e-02 1.20499134e-02
    -3.19269866e-01 2.75085747e-01 6.49309158e-03 1.35099411e-01
    -3.29212844e-01 -4.85115081e-01 3.54465365e-01 2.50215173e-01
    -3.14321667e-01 2.29175925e-01 2.17459202e-01 -5.49918532e-01
    5.51548004e-02 -4.23223346e-01 -4.04896468e-01 -3.27227712e-02
    2.73000479e-01 -2.85307795e-01 3.15713823e-01 -3.46839219e-01
    -3.19367588e-01 9.34690833e-02 -5.06857991e-01 -3.93548399e-01
    -1.85519069e-01 2.83833921e-01 1.96831822e-02 2.87818313e-02
    2.02487826e-01 1.22949779e-01 3.78007770e-01 -2.14956999e-02
    -2.39005715e-01 -2.93943644e-01 -1.60822928e-01 3.69952798e-01
    -4.80555564e-01 1.92349613e-01 -3.77326578e-01 -2.19443738e-01
    -2.08493471e-01 2.80777335e-01 -4.41174805e-01 -4.17604357e-01
    4.17255759e-01 4.45764720e-01 -6.63773417e-02 7.22312927e-02
    -4.52176750e-01 3.64276052e-01 1.58703387e-01 -3.00138593e-01
    3.53668332e-02 -2.68403172e-01 -2.32821256e-01 3.63186717e-01
    -5.03546774e-01 -6.08032942e-02 3.23736072e-01 1.93454742e-01
    -2.58661330e-01 -1.81889534e-03 3.72802198e-01 -1.87084317e-01
    4.17739153e-02 3.62592161e-01 -2.82110125e-01 -2.20139563e-01
    -4.23418581e-02 4.31743324e-01 2.38245487e-01 -3.09830219e-01
    -3.00660133e-02 -2.54062712e-01 -4.15027022e-01 -4.24759656e-01
    3.11407387e-01 3.84116530e-01 1.67788088e-01 4.45509553e-01
    1.16808951e-01 6.57181144e-02 1.08821690e-01 1.05489552e-01
    2.81980455e-01 -4.21945184e-01 3.72489870e-01 3.84783924e-01
    -3.38666707e-01 -2.70269990e-01 -9.18472409e-02 -2.26022780e-01
    -5.51160634e-01 3.41616690e-01 2.86261559e-01 -4.88248795e-01
    1.50009334e-01 -1.90360248e-01 3.24363708e-01 -7.17363954e-02
    1.78871751e-02 -2.76398659e-02 2.72536337e-01 -5.15215874e-01
    1.61424696e-01 2.82423317e-01 -9.06785131e-02 3.14716101e-02
    -8.11730027e-02 -3.67287397e-01 2.98418522e-01 1.63689375e-01
    -4.40331459e-01 3.39246452e-01 2.60992229e-01 2.29170382e-01
    -4.85970974e-02 2.72083402e-01 -2.92690516e-01 -4.59656835e-01
    1.85743928e-01 -3.92503172e-01 1.96290672e-01 -4.74967331e-01
    -1.05400354e-01 1.84861422e-02 4.22915161e-01 -3.44374478e-01
    4.38195288e-01 -1.37333632e-01 -1.56062484e-01 -2.62249231e-01
    3.59538734e-01 -4.81779248e-01 1.25630736e-01 -1.03594184e-01
    1.70360744e-01 1.58321202e-01 -2.55294800e-01 -1.53856218e-01
    2.93095529e-01 -4.62543458e-01 -1.59417212e-01 1.53750062e-01
    4.75372195e-01 -1.85943216e-01 -2.64280826e-01 -3.80675495e-01
    2.86702394e-01 -3.91132683e-01 3.02499473e-01 -3.46305281e-01
    -4.12423968e-01 -4.07597095e-01 6.45033121e-02 -1.27431065e-01
    4.11621928e-02 1.38169527e-03 -5.29448032e-01 -1.15689009e-01
    2.37474024e-01 -5.16972244e-01 -1.85021073e-01 -9.52713490e-02
    -8.92310739e-02 2.27421045e-01 -2.63362467e-01 1.37909114e-01
    -7.59170353e-02 4.24918056e-01 -2.75360227e-01 1.00681365e-01
    -3.60422730e-01 1.25390291e-02 -3.77684593e-01 3.43934000e-01
    -1.48618668e-01 -4.02224362e-01 -4.19235229e-02 3.92182112e-01
    -4.13672805e-01 -4.98069197e-01 -1.76505327e-01 -1.61839902e-01
    4.03416753e-02 -3.55836362e-01 1.69219673e-01 2.27351785e-02
    3.25382531e-01 -2.10538924e-01 -3.67106706e-01 3.05275202e-01
    -4.57752645e-01 -3.22429538e-01 -3.00214350e-01 4.09821570e-01
    -3.51319224e-01 2.99288034e-01 -3.44695359e-01 1.52588189e-01
    1.77699327e-01 2.88995564e-01 -3.57632458e-01 2.66023993e-01
    -9.81900096e-02 1.24996841e-01 4.17814970e-01 -1.18236095e-01
    2.10353255e-01 -2.86199689e-01 -8.04395676e-02 -3.90063167e-01
    3.73515844e-01 1.74808145e-01 -5.34400582e-01 -1.36280894e-01
    1.70934737e-01 -2.48407722e-01 1.91446602e-01 -2.43114352e-01
    8.66232514e-02 -6.70114458e-02 3.15895259e-01 1.66744471e-01
    -4.00940210e-01 2.84054875e-02 -2.75743246e-01 3.72554660e-02
    2.26448417e-01 -2.10191429e-01 -2.40471363e-01 -2.98989594e-01
    2.12036848e-01 -4.61701095e-01 1.94996476e-01 3.65364432e-01
    -3.45556855e-01 2.55345881e-01 -1.21812493e-01 -4.12444770e-01
    3.70526791e-01 2.62783170e-01 1.97510242e-01 -2.73469508e-01
    2.90212929e-01 1.89559519e-01 4.07436848e-01 1.93228245e-01
    8.88150334e-02 -1.68450475e-01 -4.68471378e-01 -4.71051931e-01
    -1.27765089e-01 3.71455610e-01 -2.12355107e-01 -3.24568063e-01
    -3.08494627e-01 3.74617934e-01 -2.72730589e-02 -2.25676984e-01
    -4.30308640e-01 -5.21436810e-01 3.52598429e-01 4.14105177e-01
    -5.70775032e-01 9.80045199e-02 4.10694003e-01 1.86591268e-01
    3.81321549e-01 -1.85977727e-01 -2.44824111e-01 -2.06616908e-01
    1.21332884e-01 -3.48692566e-01 -3.07238758e-01 -2.52962977e-01
    2.79173434e-01 4.37419415e-02 3.05688620e-01 1.60778284e-01
    -3.04058462e-01 -1.58107072e-01 -3.16998571e-01 -4.28416163e-01
    -2.94709206e-02 -2.56738663e-02 1.44418895e-01 -1.93065584e-01
    -1.39049888e-01 -1.15956634e-01 -2.11630940e-01 -7.93813765e-02
    -3.71802956e-01 -6.04268610e-02 5.29015660e-02 7.74127841e-02
    -3.05778801e-01 -3.02562773e-01 -2.74221957e-01 -4.74205405e-01
    3.48091125e-01 -4.71328765e-01 -5.23268819e-01 -2.70727992e-01
    3.57720912e-01 6.67434931e-03 -1.68947995e-01 1.30722165e-01
    -3.88813615e-02 1.02626622e-01 -5.21287084e-01 4.23297703e-01
    -2.85981238e-01 4.03158665e-01 -2.40787208e-01 -8.56107771e-02
    -2.19417959e-01 -3.47581446e-01 4.68017042e-01 3.35770130e-01
    -4.52038080e-01 -4.36823338e-01 -3.41140926e-02 1.08016551e-01
    -4.06673402e-01 -2.52906293e-01 -1.83971763e-01 -3.79079580e-02
    -4.68950152e-01 -7.35461712e-04 3.37780178e-01 3.85946333e-01
    -3.10202748e-01 3.84956121e-01 -3.05158705e-01 3.87050211e-01
    -8.62549245e-02 -1.96009874e-01 3.49551320e-01 1.50638402e-01
    -8.05079341e-02 -5.34544528e-01 -5.21835983e-01 1.95810080e-01
    -3.66249740e-01 -3.52941751e-01 1.24041140e-01 -1.70326054e-01
    -1.04110599e-01 -3.47853303e-02 1.04385018e-01 -8.58782530e-02
    -5.18301010e-01 -5.11646271e-04 -2.85344034e-01 4.43308353e-02
    -3.56632471e-03 3.21876705e-01 -6.65592551e-02 1.25931501e-01
    2.52927661e-01 2.30217218e-01 -5.40132523e-01 7.77490139e-02
    8.26151967e-02 -5.17141998e-01 1.94196641e-01 -2.06144601e-01
    4.24693942e-01 3.36402833e-01 3.78859043e-02 -3.97537947e-01
    -4.68929291e-01 -3.53875250e-01 3.80125225e-01 2.27430463e-01
    -9.61859822e-02 -1.40345842e-01 -2.09948570e-01 -1.35851800e-01
    -4.96831834e-01 -2.48994946e-01 -5.34059465e-01 -2.21750110e-01
    -5.23585379e-02 3.34552407e-01 3.91683042e-01 4.54834759e-01
    1.84048355e-01 -1.24936342e-01 -3.22093576e-01 -5.10947287e-01
    -4.92431521e-01 4.42467391e-01 -9.42083895e-02 -1.57757819e-01
    1.44476295e-02 -5.19329786e-01 -1.72876567e-01 3.34863603e-01
    6.53831363e-02 -3.50359052e-01 -8.88431072e-03 -3.86846274e-01
    -2.64408261e-01 -4.80479509e-01 -1.64083242e-01 -1.92498982e-01
    1.08710408e-01 -3.61619145e-01 5.87657094e-02 3.91358674e-01
    -2.57078260e-01 -4.63432491e-01 -4.98437881e-02 -2.83438325e-01
    -1.13878816e-01 2.67594039e-01 3.55422020e-01 -1.29008889e-01
    -2.35243559e-01 1.24275208e-01 3.03709447e-01 -4.32099104e-01
    2.94537783e-01 -4.62994546e-01 -7.01243877e-02 2.90353417e-01
    -4.87041205e-01 2.15832531e-01 -3.53814155e-01 -2.94915855e-01
    -4.85038102e-01 -3.30536574e-01 2.28748620e-01 -3.61442775e-01
    2.88289666e-01 -4.17248994e-01 -4.37181443e-01 -3.83723706e-01
    4.13357317e-01 -5.19061685e-01 -4.20275122e-01 -2.69799769e-01
    -2.41466761e-01 2.86803782e-01 1.38628840e-01 2.09758341e-01
    -4.42467928e-01 2.05128849e-01 -2.20796406e-01 2.29502916e-02
    6.26675487e-02 -2.56048858e-01 -4.80938643e-01 -4.87453938e-02
    6.39386177e-02 -3.40583146e-01 5.72675467e-02 -3.59093994e-01
    -4.62472856e-01 3.68451059e-01 -3.47576678e-01 -1.26691461e-02
    -9.10803378e-02 -3.40362847e-01 4.67514396e-01 -1.02750063e-01
    6.29614592e-02 -3.93695235e-01 3.77598405e-02 4.12030458e-01
    4.07914162e-01 -4.03627962e-01 1.54374421e-01 -5.23970008e-01
    -1.54175162e-02 2.87146628e-01 -3.18381697e-01 -3.91551703e-01
    1.12153172e-01 2.70394683e-02 4.60552454e-01 1.28723383e-02
    2.14710832e-01 -2.66061246e-01 -3.48896176e-01 -3.23171228e-01
    1.65283680e-04 9.31253433e-02 1.31571889e-02 3.59674752e-01
    -1.00612164e-01 -4.54307348e-01 -3.10984671e-01 3.32359076e-01
    3.84524047e-01 -4.15638089e-02 -5.57753086e-01 3.70077133e-01
    -7.13320374e-02 1.00026071e-01 -4.56777036e-01 -2.77026594e-01
    -9.63936448e-02 3.89936268e-01 1.27681315e-01 -5.71180582e-02
    -3.99622589e-01 -1.51323020e-01 3.41734409e-01 -4.86965567e-01
    2.62782216e-01 -3.28909665e-01 2.37861991e-01 3.88714314e-01
    -2.52415895e-01 -1.55490518e-01 2.85692215e-01 1.11686587e-01
    1.57005191e-02 -1.03988379e-01 -3.27524275e-01 2.77052701e-01
    3.51812065e-01 -1.67636275e-01 2.21234381e-01 1.81991935e-01
    -5.07303417e-01 -4.32931125e-01 -4.97835100e-01 -2.59269536e-01
    -2.93299317e-01 1.82944596e-01 -2.70099878e-01 -7.12636709e-02
    -1.81764007e-01 -1.80004835e-02 -3.62023085e-01 1.78648531e-01
    3.58532071e-02 -4.27223951e-01 1.41091704e-01 -1.42630339e-02
    -1.43260926e-01 3.98322999e-01 -3.74572963e-01 -1.98199362e-01
    1.63114727e-01 2.13085413e-01 8.31045508e-02 3.82956564e-01
    -3.16415399e-01 2.94271350e-01 1.92255974e-02 1.09809697e-01
    -3.12407255e-01 3.88691425e-02 3.15913558e-02 3.08967412e-01
    3.59470248e-02 -5.14309466e-01 -4.79878485e-01 4.67206061e-01
    1.43531382e-01 -4.25674736e-01 -2.46817470e-01 1.50531828e-01
    -4.16931063e-01 -3.09089422e-02 -3.96232396e-01 2.56725132e-01
    7.31697083e-02 1.97297394e-01 2.87143648e-01 -3.71851772e-01
    -4.43117350e-01 2.99530327e-01 1.73009217e-01 2.12024331e-01
    2.20228791e-01 -1.44087434e-01 -4.37671512e-01 -1.20389968e-01
    -4.46864277e-01 -5.13817668e-02 -1.81625068e-01 3.30824852e-01
    -4.33702022e-01 4.26033378e-01 9.61597562e-02 -5.42137384e-01
    3.96959841e-01 9.68004465e-02 -3.34062904e-01 -4.13846582e-01
    3.22698355e-02 -4.49711502e-01 1.68253958e-01 -2.34048367e-02
    3.35431039e-01 -1.75209641e-01 -6.88064098e-03 -3.11801225e-01
    -1.49282962e-01 -4.74278986e-01 -3.60122919e-02 2.20843911e-01
    -4.77340221e-01 3.12259614e-01 2.10780978e-01 -5.42962551e-02
    1.28212452e-01 3.96813750e-02 8.57666135e-02 2.11428821e-01
    -5.20429671e-01 -2.24879324e-01 -5.75979948e-02 -2.55706996e-01
    -3.06593716e-01 -2.19638407e-01 2.57449687e-01 -5.32187998e-01
    -1.34779692e-01 4.11736369e-02 -4.92970914e-01 -5.50497293e-01
    -1.25079751e-02 7.85160065e-02 1.13129377e-01 -7.46438801e-02
    1.43944442e-01 -4.90086377e-01 1.35412157e-01 -4.55696642e-01
    -1.91630900e-01 -3.89248848e-01 -3.81945968e-01 4.27662075e-01
    6.72348142e-02 1.37005150e-01 3.21266830e-01 8.58244300e-02
    6.00481033e-02 -2.48680115e-02 2.22042620e-01 3.32116485e-01
    2.88444400e-01 -4.07711744e-01 -1.87791616e-01 -2.04405844e-01
    -3.49677205e-02 -3.91181439e-01 2.42300391e-01 9.37099457e-02
    -4.49771345e-01 -8.87441635e-03 -2.66046554e-01 4.08681214e-01
    -5.31814098e-02 4.44294214e-01 2.54499435e-01 -2.59940565e-01
    -2.83462226e-01 -1.89398706e-01 -2.48173326e-01 2.35571623e-01
    3.11397672e-01 2.49904811e-01 -1.49031073e-01 3.91018093e-01
    -7.65502453e-03 4.41320777e-01 -2.36221045e-01 -1.47119820e-01
    1.78486645e-01 3.41649711e-01 3.51777434e-01 -4.03493464e-01
    3.90585721e-01 -5.25744796e-01 -1.12186074e-01 -4.56057310e-01
    -7.58743584e-02 1.53587639e-01 3.00114334e-01 -1.90411955e-01
    -4.82829213e-02 -3.32195252e-01 2.64654517e-01 -4.48204964e-01
    -5.30732632e-01 1.85767293e-01 -4.47183520e-01 -9.39605534e-02
    2.95478106e-03 3.69637370e-01 3.90786171e-01 -1.19147062e-01
    3.29871953e-01 -1.58725023e-01 -3.91042590e-01 -3.18422407e-01
    1.34621978e-01 -2.50566244e-01 3.31760108e-01 -4.36491936e-01
    -2.21998096e-01 -4.76487279e-02 1.33326411e-01 -1.67568505e-01
    9.07934904e-02 1.04138196e-01 -1.43417209e-01 -3.09302419e-01
    -8.37427378e-03 3.94926667e-02 2.07206070e-01 -2.17919528e-01
    6.71530366e-02 -3.07695717e-01 1.31695271e-02 4.96338606e-02
    1.18494391e-01 1.72753751e-01 -4.91036803e-01 9.54959393e-02
    -3.79345357e-01 -1.76158011e-01 4.98090386e-02 3.66829991e-01
    -1.55662298e-02 2.01674104e-02 -1.46522224e-01 -1.07102424e-01
    1.06451333e-01 -4.59097981e-01 -1.97339773e-01 4.18444276e-02
    -5.38703799e-01 -2.14221478e-02 2.25546062e-01 -4.97516394e-02
    1.05040252e-01 -4.35249627e-01 -8.57699811e-02 1.16943002e-01
    -8.87884200e-02 2.80494690e-02 2.82968342e-01 -5.40838599e-01
    1.30197346e-01 -3.53209823e-01 -2.94040143e-01 -5.21743298e-03
    8.69095325e-03 3.69305670e-01 3.71894181e-01 4.16438639e-01
    3.86600554e-01 -2.27386951e-01 2.29278147e-01 -4.24970537e-01
    -1.96393400e-01 1.14832342e-01 -5.68647146e-01 -7.55965710e-04
    -9.20369923e-02 2.22339153e-01 -5.31090498e-02 -2.69639850e-01
    3.70270014e-01 2.37122834e-01 3.12867463e-01 -2.33712077e-01
    -4.70048964e-01 -3.28110397e-01 4.20351207e-01 2.45782673e-01
    2.28654742e-01 2.45428622e-01 1.36397600e-01 1.15491629e-01
    1.14208579e-01 -3.31885040e-01 -5.50658703e-01 4.04555321e-01
    3.60938311e-01 -5.13484955e-01 -2.09091902e-02 -3.16706121e-01
    3.03652763e-01 -2.15070516e-01 2.98302889e-01 -1.03279442e-01
    2.07265437e-01 3.34567726e-01 -4.85173911e-01 1.95091963e-01
    -6.20854497e-02 -2.61400014e-01 1.75330937e-01 -3.04744214e-01
    -4.08273190e-01 -3.75692636e-01 -5.04465699e-01 -2.15235084e-01
    -3.34798574e-01 1.85835361e-01 -1.46789342e-01 2.55675673e-01
    -2.85389036e-01 5.95008731e-02 -2.49674767e-01 -4.85927880e-01
    3.45725536e-01 6.54667616e-03 -3.34374428e-01 -1.92135513e-01
    -6.79203570e-02 -8.86178017e-02 -2.48777151e-01 -1.87647641e-01
    1.11369908e-01 -3.90301973e-01 4.23373401e-01 -4.17395115e-01
    2.00484216e-01 -1.66059643e-01 -4.13331658e-01 3.46434355e-01
    -4.36720133e-01 3.24461102e-01 -3.40041757e-01 -1.60060644e-01
    -5.34688592e-01 -3.01331341e-01 -3.67558450e-01 -3.13505769e-01
    -2.96343416e-01 -3.40473711e-01 -3.37750942e-01 -3.94558161e-01
    -2.55944431e-01 -5.16863585e-01 -5.48715889e-01 1.28790736e-01
    -6.50928915e-02 -1.53399140e-01 3.60080600e-01 -3.44190001e-02
    5.16697168e-02 4.35798824e-01 5.48144579e-02 2.27630734e-02
    1.43272877e-01 2.96094656e-01 -1.28563493e-01 2.39689350e-02
    -3.74751061e-01 2.65609026e-01 1.22730315e-01 7.53440261e-02
    1.36338949e-01 -2.43827641e-01 6.70519471e-02 -2.26726055e-01
    3.37111354e-01 2.04718947e-01 1.05945170e-01 -2.43418574e-01
    -2.36218303e-01 -4.42145497e-01 -4.26635772e-01 -3.27198327e-01
    -4.13691998e-03 -5.43235838e-01 -5.48218369e-01 3.87059808e-01
    -4.43182886e-01 2.39987850e-01 3.74352932e-03 -1.95370138e-01
    2.92946398e-01 7.85422325e-02 3.24202240e-01 -3.41010213e-01
    3.79526913e-01 3.08042824e-01 -7.72287250e-02 -1.61422879e-01
    3.06449234e-01 -4.74631965e-01 -9.68495905e-02 1.85070753e-01
    -9.96815562e-02 -5.00622272e-01 -2.61754990e-01 1.19796157e-01
    -5.24001241e-01 1.63030863e-01 -5.12053370e-01 -4.61140782e-01
    -2.31746465e-01 4.30080473e-01 -1.14688218e-01 -4.31187153e-02
    -4.97528613e-01 -3.97809267e-01 2.66186357e-01 -1.29988790e-01
    4.27509129e-01 -5.59095144e-02 -4.91842419e-01 -4.29758281e-01
    4.34491813e-01 -1.03564531e-01 3.87244523e-01 -2.98306763e-01
    -1.47227407e-01 1.94386125e-01 -3.70045990e-01 -5.46117604e-01
    3.45390856e-01 -1.30386859e-01 2.70776391e-01 4.15881813e-01
    -4.13317263e-01 -4.21641737e-01 4.32211399e-01 1.09013617e-01
    -1.25955701e-01 -2.91664034e-01 -5.02539635e-01 -2.91394234e-01
    6.50582314e-02 2.38454819e-01 7.08264709e-02 2.07558036e-01
    2.14564502e-01 2.80656338e-01 -4.30766910e-01 2.50622034e-02
    -5.14841318e-01 -5.21195889e-01 1.04882479e-01 1.47145391e-01
    -4.57994670e-01 -2.70445377e-01 3.49929154e-01 2.10513949e-01
    -1.36242360e-01 3.36638510e-01 -4.35866714e-01 2.08465636e-01
    2.82914877e-01 1.24272287e-01 1.12728655e-01 4.45156038e-01
    -5.26055932e-01 -1.92574978e-01 -3.88299346e-01 7.30657578e-03
    2.09154069e-01 1.70729399e-01 2.74881482e-01 -2.86653250e-01
    4.71987665e-01 5.13316989e-02 -5.12821078e-01 -1.44020736e-01
    -4.66044813e-01 3.93027604e-01 2.32250690e-02 -4.54889417e-01
    -4.19408083e-03 1.67715847e-01 1.26471937e-01 3.42197478e-01
    2.54364312e-01 2.22489238e-01 -3.40737969e-01 3.09286058e-01
    1.51248634e-01 -1.16292298e-01 4.17452931e-01 7.07759261e-02
    -8.36623907e-02 3.75410318e-01 3.85393441e-01 1.16964340e-01
    2.37395883e-01 2.72373378e-01 -3.03315818e-01 5.66846132e-02
    -3.36630762e-01 4.26185131e-02 -1.92613244e-01 2.73119092e-01
    -3.82593662e-01 3.05625856e-01 2.60747373e-01 -4.86972928e-02
    -2.63118744e-01 9.14797783e-02 3.11020911e-01 -5.63339412e-01
    3.63466859e-01 -1.02791160e-01 4.36247110e-01 -5.13878226e-01
    4.26377594e-01 2.78266907e-01 -9.36638117e-02 -6.66383505e-02
    -3.51592839e-01 -1.92516029e-01 3.14957976e-01 -2.50119776e-01
    2.15086401e-01 -4.03181255e-01 -3.63499671e-01 2.71430433e-01
    2.87467301e-01 -7.11300373e-02 -2.35191286e-01 8.73557329e-02
    2.80296564e-01 -2.70723760e-01 2.73877561e-01 -2.38134980e-01
    -5.24998426e-01 -4.55811292e-01 2.04340041e-01 -3.99474502e-02
    -2.07254529e-01 1.39772594e-01 -4.17758584e-01 7.14731812e-02
    1.74780846e-01 2.75779903e-01 -5.36858559e-01 -7.67784119e-02
    -1.82296485e-01 -3.74895692e-01 -1.39456451e-01 -1.69004112e-01
    -1.79030299e-02 -2.85013199e-01 -8.89672637e-02 -2.21922517e-01
    -1.04988366e-01 -4.90640432e-01 -2.73246944e-01 -3.25427175e-01
    2.73270607e-02 -2.39582211e-01 -3.92934591e-01 1.66115582e-01
    -3.82599652e-01 -2.76137322e-01 -2.70922333e-01 -1.06536955e-01
    2.68465936e-01 2.20728278e-01 3.32483053e-01 8.31508040e-02
    -4.58935142e-01 8.09987783e-02 -3.04782093e-01 3.96286726e-01
    1.07777894e-01 1.74713850e-01 -3.20858330e-01 3.71725678e-01
    -2.23178625e-01 2.64129639e-01 -2.81171858e-01 -2.53173918e-01
    -1.59871429e-01 -2.76848078e-02 2.39917099e-01 -2.43532062e-02
    -3.88506860e-01 -2.49422580e-01 1.49469793e-01 -4.94120985e-01
    1.84945285e-01 1.26736164e-02 1.91428065e-01 1.41999483e-01
    -8.30386877e-02 -4.58366275e-02 -4.23293948e-01 -8.85720551e-02
    -3.99625480e-01 -3.48327100e-01 -3.01108360e-01 -1.96096361e-01
    -2.25258350e-01 -4.58430320e-01 -3.39657784e-01 -6.99432194e-02
    -1.50766611e-01 -3.50135297e-01 -1.99672461e-01 8.79426003e-02
    2.37517357e-01 -2.06554174e-01 -1.17238998e-01 1.22866035e-01
    -4.12275612e-01 2.75673330e-01 1.90138757e-01 3.03387761e-01
    3.96767259e-01 -4.23569977e-01 -2.64554203e-01 4.47779894e-02
    -7.93671608e-02 -5.27756810e-02 -4.05743271e-01 4.88529801e-02
    -3.58580530e-01 8.09216499e-03 -5.00970244e-01 1.81060493e-01
    -3.21368217e-01 1.43363118e-01 2.37885118e-01 -1.64841563e-01
    -3.45112085e-02 2.83553958e-01 -4.98133808e-01 3.84584606e-01
    2.91569054e-01 -5.04703403e-01 -2.10832000e-01 3.62455547e-01
    -4.09843743e-01 -2.82976449e-01 -4.15018111e-01 -4.27911937e-01
    4.53131199e-02 -2.85947740e-01 -4.55263346e-01 -2.31624842e-02
    3.44025612e-01 4.11906481e-01 -4.68708277e-02 -2.69534945e-01
    -2.98100829e-01 8.33042264e-02 -1.57040417e-01 -4.34187949e-01
    -4.21764910e-01 -2.33117253e-01 4.17143106e-02 1.59542978e-01
    2.63640523e-01 -7.78905749e-02 -4.15964693e-01 -1.16622597e-01
    4.45888221e-01 -1.67157054e-02 -4.56375986e-01 -4.62012261e-01
    1.99218214e-01 -1.76659495e-01 4.19840813e-01 2.43926048e-01
    4.18495417e-01 -2.93907672e-01 4.33985412e-01 2.77934372e-01
    -3.59027386e-01 -4.85806674e-01 1.77586854e-01 -1.15334839e-01
    1.28534079e-01 1.50338233e-01 -4.47966188e-01 2.31267393e-01
    -2.55448401e-01 7.78279901e-02 -4.37873602e-01 3.00398469e-02
    -2.86237061e-01 2.91170001e-01 8.22963119e-02 -5.55342317e-01
    -1.08656287e-02 -3.83141160e-01 3.06686580e-01 -2.19687462e-01
    -2.41568685e-02 1.96605980e-01 3.80297780e-01 1.22496068e-01
    2.20748842e-01 3.40488732e-01 -2.16866910e-01 -4.14965302e-01
    4.22803879e-01 7.02063441e-02 -6.50643706e-02 -3.37691814e-01
    3.67125332e-01 1.42301798e-01 3.36600900e-01 2.20841885e-01
    -2.70571172e-01 1.91350043e-01 1.53353453e-01 8.97664428e-02
    1.76295638e-01 -4.33484823e-01 -2.93730944e-01 -4.63683128e-01
    1.33529186e-01 -2.85067201e-01 -9.69175100e-02 -3.24418426e-01
    2.82958508e-01 -2.65809596e-01 -5.26148081e-01 -1.23769492e-01
    2.34195769e-01 1.17737234e-01 -1.09825373e-01 1.98555470e-01
    -4.56201613e-01 -2.90277690e-01 1.01553500e-01 1.37363911e-01
    -4.90506142e-01 -5.11373878e-02 -2.08608955e-01 1.83359563e-01
    -1.92309976e-01 -1.33765042e-01 2.60274410e-01 -2.10289240e-01
    -4.30628508e-01 -1.18488640e-01 1.65580750e-01 -2.93917328e-01
    -3.12738270e-01 -3.80353391e-01 -4.49460059e-01 5.62365055e-02
    3.31984162e-01 -4.69457507e-02 -3.63034278e-01 -4.40263003e-01
    -3.04770052e-01 1.79769754e-01 -2.84505308e-01 -2.80542970e-02
    -8.23186636e-02 1.73434496e-01 2.56913304e-02 3.77350450e-01
    -5.72500110e-01 -3.89858514e-01 -4.27891195e-01 3.86419892e-02
    -5.32243907e-01 -4.24440622e-01 3.01480055e-01 -1.26827180e-01
    9.51377749e-02 1.47740006e-01 -5.20684123e-01 -5.44252276e-01
    3.00896287e-01 -2.52952278e-01 5.06458879e-02 -4.03963327e-01
    -1.02961957e-01 -3.07067990e-01 2.44357288e-01 -4.15952057e-01
    2.19698250e-01 -5.21122217e-02 1.12744749e-01 -1.75965458e-01
    -2.78951705e-01 3.55279505e-01 -8.43179226e-02 3.02212000e-01
    1.45764589e-01 1.39372289e-01 1.65252090e-01 9.88763571e-02
    -4.16578740e-01 -2.09186882e-01 -2.71509886e-01 1.21299982e-01
    2.06136346e-01 1.07038319e-01 -4.10973102e-01 -2.49210596e-01
    2.81558812e-01 2.53154159e-01 9.80953574e-02 -4.26722884e-01
    -3.65470916e-01 4.20837641e-01 -3.96823555e-01 -4.47482705e-01
    1.65484130e-01 -2.47078329e-01 2.22208858e-01 2.73836434e-01
    4.06765997e-01 -4.88991529e-01 -3.92968506e-01 -8.73371363e-02
    4.67743754e-01 -1.83681309e-01 -4.43740696e-01 -4.02533710e-01
    -4.12286550e-01 2.12861836e-01 3.09011877e-01 1.69256806e-01
    2.32017040e-01 -4.44386601e-02 -3.86831552e-01 -6.56067431e-02
    1.12661719e-02 -4.57704008e-01 -1.28542393e-01 -1.93572879e-01
    -2.23854363e-01 4.11120772e-01 -4.41393524e-01 5.09183407e-02
    1.46157682e-01 -1.48042202e-01 5.72794676e-02 -2.90252030e-01
    -2.61909127e-01 3.29959929e-01 1.48202777e-02 -3.15359294e-01
    4.29765582e-02 1.77813590e-01 -5.05601227e-01 8.54654312e-02
    2.18434215e-01 -3.53023827e-01 -7.25947618e-02 2.68422961e-01
    1.96033895e-01 -4.79691297e-01 1.36917055e-01 -4.30852205e-01
    -5.37875891e-01 -1.44695699e-01 -2.68257737e-01 3.64581108e-01
    2.50904083e-01 -4.14618105e-01 -3.40244770e-02 3.94984663e-01
    -3.21531385e-01 -2.46057570e-01 4.30433571e-01 6.20727539e-02
    -5.19648671e-01 -3.66222143e-01 2.21436858e-01 4.87728119e-02
    1.79673672e-01 -2.01445401e-01 -5.36809325e-01 3.45681131e-01
    4.09131885e-01 8.72462988e-02 -1.59709752e-01 -3.91345263e-01
    -4.66154188e-01 2.42626607e-01 -4.71804351e-01 -3.72694731e-02
    -3.00878823e-01 -1.75669789e-02 4.05175030e-01 -2.36050129e-01
    2.44632781e-01 -2.93654203e-02 5.23278117e-02 3.24916422e-01
    2.54415035e-01 3.47666979e-01 -1.72082543e-01 -4.66619164e-01
    -5.61520040e-01 -7.36566186e-02 -2.40061700e-01 -6.76696301e-02
    -3.15190017e-01 -3.23682606e-01 -5.33394814e-01 3.14925790e-01
    -3.03849250e-01 -3.03298026e-01 2.65614092e-01 8.94185305e-02
    -2.07888991e-01 2.20329225e-01 4.39866543e-01 -4.02995348e-02
    -6.05133176e-02 -2.22487777e-01 -4.71969455e-01 -8.81054699e-02
    9.98282433e-03 4.23035860e-01 2.87811160e-01 -4.36688632e-01
    1.12494946e-01 -5.04476428e-01 -2.14538157e-01 1.91060483e-01
    -1.99566334e-01 -1.86389387e-01 -8.07627439e-02 -1.85094118e-01
    8.39635134e-02 -1.11111879e-01 -4.59226817e-01 2.62556076e-02
    1.95577919e-01 1.42309904e-01 -3.93104047e-01 2.16591954e-02
    -4.90708470e-01 -2.41697013e-01 -1.32424384e-01 3.87810290e-01
    -4.22723889e-01 -4.71720040e-01 4.48899269e-02 -5.07790267e-01
    5.38939238e-03 -2.16539621e-01 3.46427381e-01 3.40904593e-02
    3.41828644e-01 1.04623616e-01 -4.92680073e-03 -4.94358510e-01
    -4.57100242e-01 -2.67155766e-02 -1.99856192e-01 4.48728383e-01
    2.86168575e-01 -3.59414428e-01 1.41375422e-01 2.93142676e-01
    3.29990923e-01 -1.37322426e-01 -3.08269054e-01 -4.64802116e-01
    -3.56527388e-01 -4.58251268e-01 1.41158342e-01 2.63391495e-01
    -5.26258349e-01 -8.25970769e-02 -1.68746710e-01 2.53958702e-01
    -1.99347734e-03 1.24886036e-02 4.16647673e-01 -3.45246106e-01
    -2.19187796e-01 -4.43450898e-01 -2.53140926e-04 2.50711739e-01
    -2.98740178e-01 -4.05724198e-01 -1.75070763e-02 -2.91093558e-01
    -4.20252234e-01 3.55579257e-01 1.39553249e-01 -5.28106093e-02
    8.47041607e-04 -4.52065408e-01 -4.62113529e-01 3.70682895e-01
    -1.63432628e-01 1.81547284e-01 -5.15860438e-01 -5.10889888e-01
    -1.19560361e-02 1.68781817e-01 -3.06849509e-01 4.14468110e-01
    -3.45886528e-01 -1.63316280e-01 1.02714181e-01 -7.32317865e-02
    -6.95163608e-02 -3.17269206e-01 3.49776566e-01 3.23929012e-01
    -2.67105520e-01 -4.83217329e-01 -1.63671762e-01 4.38809276e-01
    3.63776147e-01 1.75962627e-01 2.37827063e-01 -2.95182824e-01
    2.57425666e-01 -2.55334377e-02 -1.93624556e-01 7.63946772e-02
    -4.68895137e-01 -2.56763577e-01 -1.50137782e-01 -4.70186502e-01
    -1.13999784e-01 -3.16191614e-01 -3.34299892e-01 1.59925222e-03
    -5.62817693e-01 1.69644177e-01 -5.59481978e-01 2.36457229e-01
    -1.15420222e-01 -7.25051165e-02 1.42678738e-01 -3.56558263e-01
    -5.40895224e-01 -8.34007263e-02 -4.99314904e-01 -5.87410331e-02
    -5.11967063e-01 -4.90486622e-03 -4.97306883e-01 -3.12141776e-02
    1.36171162e-01 -4.62315679e-02 -1.41694099e-01 -4.52896804e-01
    -4.43757147e-01 -2.48602629e-01 3.63691330e-01 1.88892484e-01
    2.30444670e-02 3.62585962e-01 -5.09221137e-01 -8.51883590e-02
    -2.70986408e-01 4.08514738e-01 -2.62436390e-01 2.32431531e-01
    -5.17613649e-01 -2.73981512e-01 -2.23345518e-01 -1.79284245e-01
    3.07475269e-01 -3.50729406e-01 -1.65192783e-01 3.77351046e-02
    -3.56267631e-01 -4.81803507e-01 1.78546727e-01 -4.50375974e-02
    -8.20117295e-02 -2.17341125e-01 -4.47867662e-01 1.15306616e-01
    4.24354315e-01 -3.24350744e-01 -2.87897527e-01 -3.44300866e-01
    4.01227176e-01 2.96688139e-01 5.09412289e-02 -3.41337234e-01
    -8.64423811e-02 -4.95168954e-01 -5.99231720e-02 4.29759622e-01
    1.40236199e-01 -1.20116532e-01 -4.67256308e-01 2.94038057e-01
    -4.03136611e-01 2.91583538e-02 8.17344189e-02 -4.93140757e-01
    2.71779180e-01 -2.48907059e-01 1.18502200e-01 -2.76870966e-01
    -2.98593014e-01 1.32877529e-01 -2.81928360e-01 -3.89457822e-01
    4.01206970e-01 -1.24514937e-01 -1.99387401e-01 6.91153407e-02
    -4.06852245e-01 2.52320349e-01 2.66774058e-01 -4.77521807e-01
    -1.88521624e-01 -2.19523758e-01 -2.26538002e-01 -3.19203049e-01
    4.38559353e-01 -4.27158952e-01 -3.20020318e-02 -3.66376728e-01
    -1.88867092e-01 4.28277016e-01 -1.11637354e-01 8.16634297e-02
    -5.54782510e-01 -5.27941644e-01 -6.38436377e-02 -4.43924129e-01
    9.76911783e-02 -3.30752134e-03 -5.83869219e-02 3.93349171e-01
    3.28746080e-01 2.46034026e-01 -2.27951199e-01 1.58742249e-01
    2.43784666e-01 -1.86120659e-01 2.68784046e-01 2.41379023e-01
    -1.29355550e-01 -1.65089935e-01 2.92380452e-01 -5.30455589e-01
    -4.61346745e-01 -2.38569677e-01 -1.84642673e-02 -3.75346005e-01
    -5.30478358e-01 -3.47551942e-01 -4.89378482e-01 2.00937986e-02
    -3.42664838e-01 -1.85687274e-01 -2.20448375e-02 -8.97586048e-02
    -4.23573196e-01 -3.35342407e-01 2.46929526e-01 3.57742429e-01
    8.72378349e-02 3.48409891e-01 -1.35344028e-01 -1.12985700e-01
    1.48817241e-01 1.95282042e-01 8.85826349e-02 1.14943326e-01
    -2.49500483e-01 -2.70557523e-01 -4.71851438e-01 5.80896735e-02
    4.30249989e-01 2.69811630e-01 -1.88073516e-02 9.94620919e-02
    3.02590191e-01 -3.85628909e-01 2.10901380e-01 2.33295560e-01
    -1.92466319e-01 -4.72010791e-01 -1.23741269e-01 -1.33947968e-01
    -5.98565042e-02 8.47843289e-02 4.05118585e-01 -2.95251548e-01
    -3.67290229e-01 2.43613303e-01 -1.43721730e-01 3.51730466e-01
    3.97994518e-01 2.93670893e-01 -1.51419848e-01 -3.10217261e-01
    2.83132136e-01 -1.57581806e-01 2.77943611e-01 1.20289743e-01
    -4.95646477e-01 -1.96175158e-01 -3.73430133e-01 4.29747105e-01
    -4.72748756e-01 3.46406281e-01 3.46732557e-01 2.09082365e-02
    3.60387623e-01 -6.80620670e-02 -4.50621039e-01 -5.32385409e-02
    -3.84262294e-01 -3.24534476e-01 -5.20581245e-01 -4.16153848e-01
    3.00903320e-02 3.72433245e-01 3.57960641e-01 -2.88467526e-01
    1.78991556e-01 -8.90626907e-02 2.33588517e-01 -1.97494626e-01
    -4.62071300e-02 2.70520508e-01 3.46895456e-01 4.73528445e-01
    -2.78869539e-01 -3.96733075e-01 2.30752707e-01 -4.53984112e-01
    -1.18797660e-01 -1.93188071e-01 3.92159820e-02 -3.13463807e-02
    -7.32455552e-02 3.84553611e-01 -2.76421547e-01 -3.42191160e-01
    -3.76175940e-02 6.16447330e-02 -2.88501561e-01 -2.03953028e-01
    3.04030895e-01 -5.32458365e-01 2.20646381e-01 -3.55413735e-01
    1.52644038e-01 -1.46569639e-01 2.02164710e-01 3.78783107e-01
    -2.22348481e-01 -1.55126482e-01 -3.28863174e-01 -6.17801249e-02
    1.29180551e-02 -4.25404191e-01 -3.38984311e-01 -1.32248491e-01
    3.92156839e-01 -3.63013685e-01 -4.98964518e-01 -4.60625798e-01
    7.24732876e-03 -6.12266660e-02 -6.07560575e-02 -1.04552776e-01
    -2.23303854e-01 3.13728750e-01 2.66909182e-01 2.40784168e-01
    3.77374351e-01 -1.04498595e-01 1.12167001e-01 -3.85334432e-01
    2.49989867e-01 1.08200312e-02 -3.39956880e-01 2.21366942e-01
    -1.41136378e-01 1.80684447e-01 -2.50082195e-01 3.04316759e-01
    -4.87537265e-01 1.56252384e-01 2.43606210e-01 2.09135413e-01
    2.79751003e-01 -1.66605830e-01 2.12388992e-01 -4.80140597e-01
    9.81631279e-02 -1.66780114e-01 -3.44930977e-01 -2.14131176e-01
    3.50152254e-01 4.26921189e-01 -5.19522190e-01 2.79843390e-01
    -2.55555123e-01 3.16289961e-01 -4.71160948e-01 -4.15945113e-01
    -1.75630271e-01 1.56653404e-01 1.59191370e-01 3.27510417e-01
    -6.14416599e-03 2.73199499e-01 -4.26298738e-01 3.92923057e-01
    3.84391904e-01 2.18629658e-01 1.97058260e-01 4.24438179e-01
    9.13480520e-02 3.56737971e-01 -1.33534640e-01 4.72058654e-02
    3.13858926e-01 -2.42655337e-01 -4.78557646e-02 -1.37010932e-01
    3.26415420e-01 -1.09981537e-01 3.22263420e-01 -7.73727596e-02
    -2.48502076e-01 -3.89714241e-02 -3.93616289e-01 4.28325593e-01
    3.68093133e-01 -2.38276333e-01 -4.55271304e-01 3.15476477e-01
    -1.17038906e-01 -5.78842163e-02 1.97952867e-01 2.80941427e-01
    1.94621205e-01 -2.90012866e-01 -4.35463190e-01 -2.99207568e-02
    -1.67349905e-01 -5.23238003e-01 -1.46850467e-01 -4.73396182e-02
    -4.96167004e-01 -1.62066042e-01 2.37302721e-01 8.41319561e-04
    -8.11722279e-02 -2.11040318e-01 -1.97201014e-01 -5.06960630e-01
    4.21433806e-01 1.47767365e-01 3.20913911e-01 3.43680620e-01
    -2.25766897e-01 -5.08219123e-01 1.73484564e-01 -5.40020347e-01
    2.19015837e-01 3.51319373e-01 -3.45834792e-01 6.77025914e-02
    2.01348960e-01 4.42032754e-01 3.92035544e-01 -3.86129618e-02
    -1.53212965e-01 1.86843872e-01 8.22895765e-02 3.10917437e-01
    -1.93258882e-01 2.53052354e-01 -7.50863552e-02 -1.51942402e-01
    -2.37951428e-01 9.03024673e-02 -1.09693170e-01 -4.15320396e-02
    -3.69503409e-01 3.88280451e-01 -5.03687978e-01 1.55563533e-01
    -3.94982398e-01 -4.55096871e-01 1.80674374e-01 2.57608891e-01
    -9.04989243e-03 -8.02260637e-03 2.77259171e-01 2.23118901e-01
    3.52268279e-01 2.10335433e-01 -4.79101688e-01 1.95377111e-01
    -4.41436321e-01 -3.17586213e-01 -5.00182271e-01 3.63605618e-01
    -2.29828179e-01 1.70466006e-01 -4.68372077e-01 3.72169614e-01
    -4.52877223e-01 3.99563253e-01 -2.71890879e-01 -3.91728282e-02
    2.81061530e-02 8.77365470e-02 3.75592470e-01 -4.10067916e-01
    1.74853027e-01 -3.00201833e-01 -4.13935483e-01 -2.70644784e-01
    3.45039368e-02 2.15591788e-01 -1.52859122e-01 3.53824496e-02
    3.28673124e-02 3.48953843e-01 -5.35925031e-01 -3.21431428e-01
    1.22152567e-02 -3.76331985e-01 -3.02458197e-01 -2.97975510e-01
    -2.65554965e-01 -3.62165183e-01 -5.91715872e-02 -5.03618121e-02
    -4.32794034e-01 2.45858192e-01 1.69282794e-01 -1.06222153e-01
    1.26654804e-01 -1.14695698e-01 -4.27695423e-01 -2.29023516e-01
    -2.18923867e-01 2.13544190e-01 -4.18801099e-01 -1.14231944e-01
    1.86392486e-01 -1.94521606e-01 2.04122484e-01 4.49944139e-02
    -1.14042819e-01 9.01810527e-02 -5.00734448e-01 1.13728166e-01
    -3.04752886e-01 3.17006707e-01 2.86169529e-01 2.30597734e-01
    1.90196693e-01 1.69093728e-01 -2.08737642e-01 -4.26794291e-02
    -3.70785058e-01 -4.02562797e-01 4.16863203e-01 1.48013294e-01
    1.35552406e-01 -3.73554707e-01 5.33117652e-02 -2.59025812e-01
    -4.94477063e-01 4.22031343e-01 -2.77442515e-01 -1.67210877e-01
    1.76890910e-01 -4.15559173e-01 -4.04520810e-01 3.56318951e-02
    -4.29868460e-01 1.25647783e-01 -1.92576647e-01 4.24609184e-01
    -4.39253241e-01 -3.81926447e-01 -1.77176803e-01 1.66107535e-01
    3.18656981e-01 -1.41805321e-01 -3.16199034e-01 -2.21170306e-01
    3.02169740e-01 -4.63496268e-01 4.93518710e-02 2.68821418e-01
    -3.30485165e-01 4.01996076e-01 -2.19242513e-01 2.10994422e-01
    -3.07996869e-01 -5.05201519e-01 1.83787405e-01 1.68969154e-01
    -3.88439536e-01 1.62348866e-01 -3.29467595e-01 6.08245730e-02
    -3.08346629e-01 1.68117881e-02 4.59952891e-01 -5.08529007e-01
    -1.86790943e-01 -2.88693905e-02 -6.08094335e-02 4.75499630e-02
    -4.01468694e-01 1.70995533e-01 1.33888900e-01 2.96806753e-01
    4.24180686e-01 1.08322382e-01 1.16813660e-01 -3.80987376e-01
    3.87402892e-01 -2.86572754e-01 7.32123852e-02 1.58953905e-01
    8.95769000e-02 3.78407240e-02 -3.24842632e-01 6.73605800e-02
    -6.32179976e-02 2.06041217e-01 -7.89522231e-02 -3.40112150e-01
    -5.21046996e-01 3.72834861e-01 -4.54246968e-01 -1.52990222e-02
    -3.23687166e-01 2.78024673e-01 8.44762325e-02 3.69614363e-01
    -3.45802128e-01 9.93556976e-02 6.52847290e-02 -1.87983751e-01
    2.30643630e-01 -1.73083544e-01 3.72172177e-01 -2.32093394e-01
    -5.48283339e-01 1.14925146e-01 1.24768794e-01 -2.23959208e-01
    2.22369730e-01 -3.30535620e-01 -1.03549182e-01 4.46994364e-01
    -1.42547429e-01 1.61347568e-01 1.23162866e-02 -1.33609742e-01
    -3.19702625e-02 -1.29563332e-01 6.72852397e-02 2.31661618e-01
    -4.46665317e-01 2.65207529e-01 -3.95218372e-01 4.97590899e-02
    -2.45026350e-02 8.39030743e-02 -3.67276251e-01 2.20064104e-01
    -4.66692150e-01 -2.30405062e-01 -2.54888713e-01 4.25356030e-02
    -1.58495456e-01 9.08983946e-02 -2.68171191e-01 4.23270464e-03
    3.77300084e-01 -4.40605879e-02 -4.01402503e-01 3.18136513e-01
    -5.24485826e-01 -2.71974117e-01 -2.27161109e-01 -1.65784359e-01
    -4.72025871e-02 -5.13611197e-01 2.24135756e-01 -3.06881040e-01
    -7.00214505e-02 -4.74223226e-01 3.63432348e-01 -4.08646524e-01
    5.82002997e-02 -2.66962171e-01 -2.91511685e-01 -3.45022500e-01
    6.01732731e-02 2.62697339e-02 -2.30805874e-01 -2.42155164e-01
    -1.62651181e-01 6.45490885e-02 -5.14549732e-01 3.00251365e-01
    1.12340868e-01 -8.24247897e-02 2.96599269e-02 2.11390078e-01
    1.94039941e-01 3.33618701e-01 -2.64409900e-01 -1.79302424e-01
    -3.27156693e-01 -3.18282366e-01 1.74196124e-01 -2.52625942e-02
    -3.42325330e-01 -4.88945276e-01 -5.22493839e-01 1.63568854e-01
    -4.79027957e-01 9.47650671e-02 -3.71895194e-01 1.41706109e-01
    2.29582787e-02 1.20253265e-01 -2.51779050e-01 1.12099707e-01
    -5.64122498e-02 -5.31162143e-01 -3.40296865e-01 -1.20049983e-01
    -4.52801853e-01 -2.42455304e-01 -1.61526859e-01 -2.39036798e-01
    -1.02113456e-01 -2.83156604e-01 3.51692796e-01 1.27036810e-01
    1.60007179e-01 1.31368816e-01 1.60033524e-01 2.04956114e-01
    -3.44786197e-01 1.89942539e-01 -7.66083300e-02 -2.95587659e-01
    -1.06152058e-01 2.27115035e-01 3.89223337e-01 2.24503636e-01
    4.25747693e-01 3.00580859e-01 -9.83613431e-02 -5.35817325e-01
    6.18948340e-02 2.79283404e-01 3.08270514e-01 2.35152423e-01
    6.16329312e-02 3.78727436e-01 -4.06320930e-01 -4.56109047e-01
    2.50843287e-01 1.51461542e-01 2.42902875e-01 -2.28816390e-01
    -4.71312225e-01 1.32696927e-01 -4.92683053e-02 6.14213347e-02
    -5.33242643e-01 7.62570500e-02 -7.64636695e-02 2.52258778e-02
    -4.20483351e-01 -2.69205689e-01 2.60765433e-01 -3.13879430e-01
    4.08896387e-01 2.92121768e-01 2.04648852e-01 -1.07821822e-02
    -1.77699864e-01 -4.25287575e-01 -2.15881348e-01 -4.83516365e-01
    -2.77923644e-01 1.22785568e-05 2.61736810e-01 -2.51218557e-01
    -2.55605459e-01 1.12183988e-01 1.50859416e-01 -3.85513514e-01
    1.87801898e-01 -3.28624338e-01 -2.49234080e-01 -1.06881112e-01
    5.28659225e-02 -1.47413731e-01 -4.07874227e-01 3.51746559e-01
    -3.86768281e-01 1.42017782e-01 3.59833479e-01 8.70956182e-02
    -1.85871124e-01 2.94688880e-01 -4.91715670e-01 -1.87940508e-01
    -2.86486804e-01 -3.18397850e-01 -4.22480166e-01 -5.00933766e-01
    -3.76248598e-01 -4.78658110e-01 3.13901305e-01 3.06923747e-01
    3.97086143e-03 2.39344239e-01 1.92239165e-01 -4.87370372e-01
    -5.13669074e-01 2.42411375e-01 9.29820538e-03 3.86101604e-02
    1.94741547e-01 -4.46743071e-02 -2.46501982e-01 -9.84601974e-02
    3.45830798e-01 -4.20377314e-01 -2.82554954e-01 3.93910587e-01
    -5.62599301e-02 -1.32360846e-01 1.38236582e-01 -3.31955522e-01
    -4.01014090e-03 -1.19109601e-01 8.83195996e-02 4.57165897e-01
    3.03877175e-01 -2.16690898e-02 2.51885533e-01 -1.43000484e-02
    2.08009720e-01 4.04713988e-01 -1.77385211e-02 2.81072080e-01
    -3.35735112e-01 -4.33338344e-01 -4.26703602e-01 -4.31348085e-01
    -4.90455687e-01 1.35457695e-01 -5.13844252e-01 -1.45947307e-01
    3.87691617e-01 4.18618381e-01 -6.72351122e-02 -2.65631855e-01
    -3.26840699e-01 -4.11328673e-01 -1.07447028e-01 3.09313893e-01
    2.46245265e-01 -4.68744040e-02 2.82460511e-01 3.69437516e-01
    -1.51898295e-01 3.03828239e-01 -3.62523735e-01 3.19072366e-01
    -5.17395377e-01 1.25033557e-01 -1.17293000e-02 -2.03482032e-01
    -4.02429223e-01 -2.99811274e-01 2.54363835e-01 2.71584988e-01
    8.99894238e-02 -1.31077349e-01 -1.59098387e-01 -5.15294015e-01
    -4.02948886e-01 -5.48322916e-01 -4.48375732e-01 -1.55581236e-01
    3.69042695e-01 -5.30743003e-02 -5.61377406e-02 1.99515820e-01
    -1.86040401e-01 2.69960761e-01 1.93927467e-01 4.21963513e-01
    -1.34686232e-01 -1.78129613e-01 -4.97995645e-01 3.43152225e-01
    -1.91406071e-01 3.07901263e-01 7.37369061e-04 -4.14697558e-01
    1.87780142e-01 -2.81167626e-01 -5.16925216e-01 -4.22995567e-01
    2.22601593e-01 2.56964743e-01 1.39133394e-01 4.12688971e-01
    -4.20930475e-01 -2.65275180e-01 4.43211317e-01 4.17435825e-01
    4.25160944e-01 -3.49905908e-01 -1.62047029e-01 -4.63908613e-02
    -2.83703864e-01 -1.02957159e-01 -3.84420395e-01 -1.23433292e-01
    1.98016346e-01 -3.42704415e-01 -2.21688151e-02 5.64404726e-02
    -2.46887445e-01 -5.10238409e-02 1.90405130e-01 1.84920907e-01
    3.09854746e-01 -3.27495337e-01 -4.29676473e-01 -5.28763831e-01
    2.04170406e-01 -2.07064837e-01 2.63313949e-01 -2.25308776e-01
    4.21431899e-01 3.42999220e-01 -1.99947417e-01 3.87632787e-01
    1.71498597e-01 -4.51328486e-01 4.10625637e-01 -1.57839030e-01
    -4.48114067e-01 3.63201439e-01 4.45901752e-02 -1.70972168e-01
    6.33974671e-02 2.74974644e-01 -1.55791014e-01 -3.50936651e-02
    9.59776044e-02 -5.33228636e-01 -4.70546335e-01 1.79375648e-01
    4.01867568e-01 3.93684268e-01 4.22137439e-01 1.31321490e-01
    -1.44777656e-01 -3.49735498e-01 -2.38020360e-01 2.35966384e-01
    4.15598214e-01 -3.67144942e-01 -2.62226462e-01 4.14772034e-01
    1.61242068e-01 -4.75536644e-01 2.09315121e-01 -1.93958521e-01
    -1.31316155e-01 -2.22866058e-01 -4.69306201e-01 2.25068808e-01
    -3.24947625e-01 2.22918391e-01 4.19784784e-02 2.25045741e-01
    -1.92608595e-01 -2.32869714e-01 2.62507915e-01 -4.24865574e-01
    4.41529691e-01 3.04855347e-01 5.66917658e-02 -6.87769353e-02
    -5.13467669e-01 -3.00464392e-01 -6.49068356e-02 -2.67056584e-01
    2.91792154e-01 1.95022523e-01 -1.13022417e-01 -4.47863340e-02
    -1.17576957e-01 1.75252616e-01 8.47382545e-02 -2.37638831e-01
    1.30236983e-01 -4.00922358e-01 2.06746519e-01 -1.07431471e-01
    -2.49450326e-01 3.50949049e-01 7.41559267e-03 -1.77629054e-01
    -1.61875129e-01 -2.08019048e-01 -2.04177439e-01 -3.39657515e-01
    2.43369341e-01 1.01740181e-01 -2.61453301e-01 3.25211167e-01
    -2.07790762e-01 3.90382946e-01 8.95055532e-02 -4.35369402e-01
    1.84597492e-01 -1.66007787e-01 -4.87260729e-01 2.34503448e-01
    4.04220045e-01 1.58981323e-01 -3.14265817e-01 -2.54643053e-01
    -4.17225540e-01 3.42433453e-02 -5.14754653e-01 4.24291492e-02
    -1.35582149e-01 1.63045347e-01 -2.41100132e-01 5.55574298e-02
    -5.10581136e-02 -4.10115033e-01 3.95626426e-02 3.63508880e-01
    8.91225338e-02 1.96639895e-01 -1.22166395e-01 2.36875772e-01
    -2.67554522e-02 -2.17377335e-01 4.43033397e-01 -2.82562852e-01
    -5.53023577e-01 2.65086889e-02 -2.46187985e-01 -6.24758005e-03
    -3.40014338e-01 2.86791682e-01 -5.45147777e-01 3.63574624e-01
    -3.19253981e-01 6.68073893e-02 3.39720607e-01 -3.52767974e-01
    -5.07024646e-01 2.11054087e-02 4.04815853e-01 -4.89142030e-01
    2.75272846e-01 3.59945834e-01 -3.90202880e-01 4.02606666e-01
    -2.26500154e-01 -1.27513677e-01 -2.38006234e-01 3.64172876e-01
    1.75864220e-01 -3.55636567e-01 4.20179963e-01 1.42538011e-01
    -1.29552484e-01 1.03567004e-01 -3.62438649e-01 -3.32564145e-01
    -1.93469524e-02 9.41118598e-02 -4.73542422e-01 -4.50203210e-01
    -3.98110449e-01 1.02704108e-01 -3.69384974e-01 -4.61968452e-01
    -5.39442539e-01 -5.06615281e-01 1.70691550e-01 -5.25206923e-02
    -5.24818778e-01 1.09556437e-01 1.95470214e-01 1.77292585e-01
    1.34281516e-02 -3.48070621e-01 -4.71537322e-01 3.75563085e-01
    -1.78093761e-01 1.62395835e-01 -3.40799212e-01 -7.29857087e-02
    8.06825161e-02 -1.79935992e-01 -1.72171414e-01 -1.16071641e-01
    -5.12000620e-01 -4.44535315e-01 4.12073493e-01 8.78934264e-02
    -5.40982366e-01 -1.38434708e-01 -3.37205529e-01 -1.95790529e-01
    -6.61824346e-02 -3.42199057e-01 -4.89844501e-01 -4.44714576e-01
    -5.11908352e-01 -1.15987003e-01 2.40753233e-01 -1.21226549e-01
    4.77164984e-02 3.92986298e-01 2.12885201e-01 -1.70386344e-01
    3.24998260e-01 -9.44226682e-02 -3.13678831e-01 -3.48684043e-01
    1.63078964e-01 1.46433234e-01 3.46350074e-02 -4.98248935e-01
    4.03598726e-01 -7.32535720e-02 -2.66896844e-01 1.30712211e-01
    2.30751455e-01 1.07252896e-01 -2.35358417e-01 -2.97394395e-01
    9.33916569e-02 3.95743489e-01 -5.52071333e-02 -1.72186613e-01
    3.62404168e-01 -4.91317660e-01 4.25064325e-01 2.04878449e-02
    -2.49285996e-01 3.29209566e-02 -4.15306598e-01 1.43661141e-01
    3.63229334e-01 -1.07878268e-01 3.26531172e-01 -3.73119563e-01
    5.54090142e-02 -1.45051032e-01 3.37720811e-01 8.45572352e-02
    -2.30448633e-01 -3.98060679e-02 -2.08824575e-01 -1.41795576e-01
    1.66533828e-01 -1.90299660e-01 3.48980427e-01 1.70149624e-01
    -4.19567376e-01 -2.80349612e-01 4.21363473e-01 -4.36379164e-01
    2.59898126e-01 1.29884720e-01 -1.30726457e-01 -1.50766879e-01
    4.01626348e-01 1.15182161e-01 -3.44780564e-01 -3.21320087e-01
    -3.89865220e-01 2.08968222e-01 1.53879881e-01 2.27668166e-01
    -1.90971255e-01 3.96791697e-02 3.54491472e-01 -4.76023167e-01
    1.05281115e-01 -2.65417457e-01 1.16214097e-01 -2.61776984e-01
    -4.68657345e-01 -4.65356916e-01 -5.49086213e-01 -2.68331468e-01
    1.81674778e-01 3.38388085e-01 5.71998358e-02 -3.28916311e-03
    -5.42512417e-01 3.14220905e-01 3.26573730e-01 5.57628274e-02
    -1.76475644e-02 -2.72865564e-01 -5.34450531e-01 1.37668312e-01
    2.52119243e-01 3.87834311e-02 -2.99364507e-01 1.05428100e-01
    -3.61494929e-01 3.03055167e-01 -4.83542740e-01 1.53575242e-01
    -4.01700139e-02 -3.54715973e-01 3.43111515e-01 -5.30553520e-01
    -1.14588559e-01 4.54157650e-01 -1.28667742e-01 -1.17618531e-01
    -1.04982346e-01 -5.26065469e-01 3.97990763e-01 -1.76867962e-01
    1.73895895e-01 1.08766198e-01 -2.75474012e-01 -2.41904557e-01
    8.65215063e-03 2.57136106e-01 -3.32220584e-01 -1.60769045e-01
    -5.14674544e-01 -1.21728033e-01 -2.06756592e-02 -4.59063679e-01
    1.82014942e-01 -2.94542015e-01 -4.08512712e-01 -1.38632655e-01
    -4.69467342e-01 -1.25782758e-01 -1.97472453e-01 -5.28301656e-01
    4.17098403e-01 1.69377208e-01 3.70668173e-01 -1.08615100e-01
    1.90073609e-01 -3.90890419e-01 1.40791118e-01 -3.08559179e-01
    1.95854902e-03 -1.68686628e-01 1.12840652e-01 -4.45947915e-01
    -3.15059274e-01 3.02356541e-01 1.50946975e-01 -4.17141557e-01
    -5.28696299e-01 -1.52399004e-01 -1.22554958e-01 -2.88029075e-01
    -4.44039077e-01 -1.91777229e-01 3.25904012e-01 1.31476641e-01
    -4.42638040e-01 9.81031656e-02 3.80912364e-01 1.75447047e-01
    3.85030031e-01 -5.39784431e-01 1.75881445e-01 3.66427600e-01
    -3.79811019e-01 -4.06932265e-01 1.70710862e-01 3.03425848e-01
    4.81855869e-02 1.15868151e-01 -4.63947386e-01 2.72701800e-01
    6.51804209e-02 -4.83355999e-01 -2.61401683e-01 -1.36079878e-01
    3.10715258e-01 4.75585461e-02 -1.38687313e-01 -5.02693772e-01
    -4.70594227e-01 -4.30074394e-01 3.44174802e-01 -4.64995027e-01
    -3.21855307e-01 -3.79538059e-01 1.62492752e-01 -7.17302263e-02
    1.28167629e-01 1.13121450e-01 -5.09815812e-01 2.09259629e-01
    -3.76971692e-01 3.48360538e-01 -1.10230446e-01 -5.29928684e-01
    3.62025976e-01 3.69559526e-02 -8.95148516e-03 -4.05158460e-01
    3.37507606e-01 3.13392699e-01 3.94647598e-01 -1.69659585e-01
    -4.31254059e-01 -2.59183586e-01 -4.45964336e-02 -4.47246313e-01
    2.49508381e-01 -1.36859953e-01 2.96046972e-01 -5.17872393e-01
    -4.51786488e-01 -3.14172119e-01 -2.86768943e-01 9.60285664e-02
    -1.47438526e-01 -1.62230194e-01 -3.25905114e-01 1.35026455e-01
    3.53634119e-01 -1.21071130e-01 -4.05583262e-01 -3.12424034e-01
    -2.15474963e-02 2.85212696e-01 -2.96826988e-01 3.37999523e-01
    3.61931622e-01 -3.71858031e-01 -2.06550360e-02 4.17283654e-01
    -2.62202799e-01 -4.99883145e-01 -5.43248534e-01 1.31690502e-01
    -3.94808203e-01 -4.81848985e-01 -4.11818594e-01 3.21387351e-01
    -2.27481008e-01 2.20620334e-01 -3.45667183e-01 -2.75676817e-01
    3.03558052e-01 -4.55686837e-01 1.94558680e-01 2.83884108e-01
    4.06680286e-01 -1.16736382e-01 -1.68017387e-01 -2.10780591e-01
    -4.52893496e-01 -5.28528452e-01 -1.63965911e-01 4.21037734e-01
    -3.61838281e-01 -1.08545333e-01 -2.74403632e-01 1.99152172e-01
    -4.25027072e-01 -8.28565061e-02 2.82598019e-01 -1.32813483e-01
    1.83780253e-01 -2.74897218e-01 3.58939409e-01 2.90727854e-01
    2.33963370e-01 3.16855609e-01 2.98850536e-01 -4.78153706e-01
    1.01791322e-01 -3.32272649e-02 -5.82026958e-01 2.36981511e-01
    2.84890413e-01 -4.23802584e-01 2.98519671e-01 3.03378403e-01
    -1.36727154e-01 -5.42074203e-01 -3.21134269e-01 2.46671319e-01
    -4.18214738e-01 3.70016634e-01 -1.57880604e-01 -4.62526083e-02
    2.75929213e-01 -5.52658558e-01 2.62688637e-01 -5.25167882e-01
    -5.66070676e-02 -3.23861390e-01 1.79093599e-01 -1.10861659e-02
    3.20928633e-01 3.53700101e-01 -1.99818850e-01 3.14832330e-01
    3.01254928e-01 -2.71670818e-02 3.32701504e-01 -4.24527764e-01
    -5.34259915e-01 1.58479393e-01 3.67907584e-01 7.68557191e-02
    -4.62546945e-02 -4.88023102e-01 -5.43300509e-02 1.80999756e-01
    -2.15028107e-01 -4.90230083e-01 -2.02427804e-01 -4.02337164e-01
    -4.30454105e-01 3.05334628e-01 4.99030352e-02 4.28358793e-01
    1.18660867e-01 4.28095341e-01 2.15772569e-01 1.72152758e-01
    2.04844594e-01 -1.29693538e-01 -3.47870588e-01 -1.18602037e-01
    -2.26445794e-01 3.87702227e-01 -2.88114637e-01 8.40026140e-02
    -3.56869787e-01 2.01898873e-01 2.83463776e-01 -2.52776146e-01
    1.91809535e-01 2.97652006e-01 3.19435418e-01 3.39038610e-01
    -4.16933984e-01 4.28875029e-01 3.51754546e-01 1.07580304e-01
    4.15009916e-01 -1.62773222e-01 2.63268948e-02 3.11641634e-01
    4.07964945e-01 3.99816453e-01 2.48964369e-01 -4.79775876e-01
    3.12328339e-01 -5.02704620e-01 3.17177415e-01 2.11280406e-01
    6.75970912e-02 -2.52312243e-01 -5.32686174e-01 9.34001803e-02
    2.42887378e-01 1.28393710e-01 1.78695261e-01 -1.74080878e-01
    -4.60210562e-01 -3.18170011e-01 -1.70999676e-01 -1.44029260e-01
    4.18557525e-01 1.50669575e-01 -4.75471944e-01 -2.48146236e-01
    9.15136933e-02 2.92298794e-02 -3.53390932e-01 4.67791557e-02
    5.38495183e-02 -2.01419830e-01 2.67914176e-01 -3.45692962e-01
    1.02519631e-01 -1.17887259e-02 -3.19992751e-01 3.86670113e-01
    -1.06289804e-01 -3.78917992e-01 -9.40447748e-02 4.11087632e-01
    -3.79505813e-01 -4.13604796e-01 4.20481026e-01 3.83928180e-01
    2.36304462e-01 1.02673769e-02 -3.04049492e-01 -2.72137761e-01
    -1.09853894e-01 -1.12688243e-01 -1.14269525e-01 1.71864986e-01
    5.47722578e-02 3.05626988e-01 2.79407859e-01 -4.01133686e-01
    -9.55940187e-02 5.54049611e-02 9.20844078e-02 -2.59261280e-01
    3.34633350e-01 -1.13027245e-01 -5.42031288e-01 -2.00946808e-01
    -6.55599535e-02 3.27175856e-01 -2.27868617e-01 -2.85477340e-01
    2.22415328e-01 2.34317362e-01 -3.76126170e-01 3.06435227e-02
    -2.55179226e-01 4.00048971e-01 2.21038282e-01 8.61837864e-02
    3.69216502e-01 -5.32649875e-01 -3.40888143e-01 1.08908892e-01
    2.69690990e-01 -9.77599621e-02 1.31701827e-01 -1.61402375e-01
    3.21448863e-01 -3.84951264e-01 -4.18951422e-01 -3.15567523e-01
    -2.97167093e-01 3.18409324e-01 -4.58729953e-01 -3.88307244e-01
    1.53350651e-01 2.70950258e-01 1.91846490e-02 4.03602064e-01
    -2.01102942e-01 3.16715419e-01 -4.42243814e-02 1.05407417e-01
    1.40650570e-01 2.88434565e-01 -3.25201392e-01 4.30146873e-01
    3.14861357e-01 -5.49558401e-01 -5.52843153e-01 -3.70181292e-01
    -4.94423836e-01 1.38670444e-01 -3.91829342e-01 2.05644369e-02
    4.06170726e-01 -3.11325133e-01 -1.54597759e-01 -2.93086708e-01
    4.13959861e-01 2.66214013e-01 3.92192006e-02 -3.06071162e-01
    2.75704741e-01 9.26344991e-02 3.96802008e-01 -5.86313009e-02
    -2.21238434e-01 3.74450684e-02 -2.45457709e-01 5.78751564e-02
    3.11300159e-01 -3.27755302e-01 -7.08870888e-02 6.62286282e-02
    -4.21226174e-01 2.98842609e-01 -6.79685771e-02 1.69191957e-02
    1.75302684e-01 -5.16563594e-01 1.12805486e-01 2.36627638e-01
    -1.25425994e-01 -2.35054880e-01 1.99157059e-01 -9.69261527e-02
    -2.74506032e-01 1.39444828e-01 -5.89808524e-02 4.03339803e-01
    -3.52315873e-01 -3.54630649e-01 1.64616287e-01 -5.32629788e-02
    3.92639637e-01 3.76794934e-01 1.33711159e-01 -3.66392523e-01
    -2.92398989e-01 -1.18772268e-01 8.43335986e-02 -3.19431394e-01
    2.57185698e-01 -5.44603944e-01 -2.23375797e-01 1.09648347e-01
    1.44222558e-01 -1.73695683e-01 4.22906220e-01 -1.78221464e-02
    3.03851426e-01 -3.22168946e-01 8.90817642e-02 -4.08869773e-01
    7.11679459e-04 -5.02820611e-02 2.63888061e-01 1.87857807e-01
    2.07783103e-01 1.06428564e-01 -5.20842791e-01 -5.18134892e-01
    3.14278424e-01 5.43653965e-03 1.20281279e-01 -2.49007463e-01
    3.76281857e-01 -2.88815022e-01 2.83353150e-01 1.69218361e-01
    3.58680904e-01 6.55643940e-02 3.48304570e-01 -2.20864117e-01
    3.83247495e-01 -6.88767433e-03 1.89383805e-01 -3.44542563e-01
    3.64225090e-01 -4.17857647e-01 -1.80282176e-01 3.77686620e-02
    -2.07137942e-01 -8.28115642e-02 2.67480612e-02 -1.74815655e-02
    2.20434666e-02 -3.22109163e-01 2.48147011e-01 -3.09743285e-01
    -3.75501543e-01 3.29781950e-01 -4.24611658e-01 2.74347067e-02
    1.26247108e-01 -2.17766762e-01 6.59995675e-02 1.05982840e-01
    -8.00187588e-02 7.78605342e-02 -1.42260969e-01 -3.70259821e-01
    -2.92209357e-01 1.80174887e-01 4.14744973e-01 8.16075802e-02
    -2.42073238e-01 -4.18096274e-01 -9.58992839e-02 -2.12651253e-01
    -3.90832007e-01 3.88270020e-01 -7.05602169e-02 -4.60559517e-01
    1.98559523e-01 -1.79927140e-01 2.47138262e-01 1.30108356e-01
    -1.44527048e-01 3.56362879e-01 3.58245790e-01 -2.97769904e-01
    -4.74029601e-01 -3.84684771e-01 -2.71722913e-01 -1.37235463e-01
    3.30266416e-01 -3.80294561e-01 -1.59372687e-02 5.78380823e-02
    2.38874555e-02 -4.19789433e-01 -2.01714307e-01 7.46143460e-02
    -2.70782053e-01 -3.46000195e-01 1.98344648e-01 7.19914436e-02
    -4.49225724e-01 4.46641088e-01 1.18562043e-01 -3.61446470e-01
    -2.43116975e-01 1.08764112e-01 -2.65373468e-01 1.06069207e-01
    3.38085294e-01 -3.85691673e-01 3.62586975e-01 -3.65948111e-01
    2.14800596e-01 -4.65160131e-01 -5.17779589e-02 6.98594451e-02
    2.71024406e-01 2.27210045e-01 1.52521908e-01 1.98063016e-01
    -3.30966055e-01 5.88805079e-02 -4.48071688e-01 -3.94338965e-01
    4.48004186e-01 3.80156934e-01 2.71366239e-02 1.18935823e-01
    -1.81605816e-02 -1.15344346e-01 -1.44424200e-01 4.23421860e-01
    -3.79013896e-01 -1.28855497e-01 -3.07475537e-01 -3.30954850e-01
    1.73387766e-01 2.53254056e-01 3.46569061e-01 3.15273404e-02
    1.11476839e-01 -5.06690502e-01 -1.62528902e-01 -4.96982306e-01
    1.59196794e-01 -3.89292300e-01 -2.52176523e-01 2.31647491e-01
    2.91576684e-01 -3.56119871e-01 3.01119745e-01 -4.62690353e-01
    4.23842669e-03 -4.94481921e-02 -1.46068931e-01 1.95780516e-01
    -4.99353409e-02 1.53359115e-01 3.67279768e-01 -2.56933808e-01
    -1.71619236e-01 2.50738859e-02 -9.18299854e-02 2.93186605e-01
    5.09838462e-02 4.08624649e-01 -3.89106184e-01 -1.12407684e-01
    -5.55259585e-01 -5.42543650e-01 2.59416759e-01 4.13593709e-01
    -8.00071657e-02 -4.82761770e-01 -1.14891380e-01 -5.00994921e-02
    -4.94621694e-01 1.63998127e-01 3.57251465e-01 -4.22266126e-02
    -5.61588824e-01 3.30519021e-01 3.83098364e-01 2.95686185e-01
    -2.29623973e-01 1.49352849e-01 -4.81498659e-01 3.68118644e-01
    4.11413372e-01 1.95645213e-01 -5.14913201e-01 1.07460022e-02
    3.51264477e-01 -5.52167892e-02 3.02526712e-01 -4.23334360e-01
    3.24055791e-01 -4.15789545e-01 1.05473042e-01 -2.76582003e-01
    -5.05206883e-01 4.64866757e-01 5.30452728e-02 1.94991171e-01
    -1.70535684e-01 -2.20569819e-01 -4.39406365e-01 -7.03557432e-02
    -2.60209024e-01 -2.67547816e-01 -3.77940208e-01 4.39980388e-01
    4.20427799e-01 3.23620141e-01 9.34563279e-02 -4.14849848e-01
    1.13687754e-01 -4.94096994e-01 1.39191806e-01 2.29338825e-01
    6.93106651e-02 5.02641201e-02 -1.81706548e-02 2.19166398e-01
    -3.31769556e-01 4.67764795e-01 1.27055287e-01 -1.05119824e-01
    -2.46875256e-01 -3.10950041e-01 3.62643719e-01 2.99593866e-01
    -1.86237544e-01 6.59921765e-02 -3.45159441e-01 1.43646419e-01
    3.59651566e-01 8.10331702e-02 2.78462827e-01 -5.07270992e-01
    -5.12128174e-02 -4.42783058e-01 -4.41581011e-01 6.76564574e-02
    -2.56695747e-01 6.97312355e-02 -4.52906907e-01 1.41173661e-01
    3.97451818e-01 -2.21289873e-01 1.21863008e-01 -4.47292596e-01
    -2.43956745e-01 -3.76383364e-02 -3.11731964e-01 -4.50250566e-01
    -1.38615459e-01 -3.01201820e-01 3.39004636e-01 -4.64157820e-01
    2.43261456e-01 3.92124116e-01 -2.66620517e-02 -9.27946866e-02
    -4.67823714e-01 -5.20131171e-01 -3.10879529e-01 -2.86825508e-01
    -5.06137967e-01 -1.72914654e-01 -5.53478599e-01 -3.41112167e-01
    -1.09324932e-01 2.36340940e-01 2.35805631e-01 -5.30505657e-01
    8.33242536e-02 3.05268943e-01 3.69408309e-01 -5.54864168e-01
    -3.22078168e-01 -5.44496536e-01 -1.82109773e-01 -2.88381219e-01
    -1.46774709e-01 5.60193658e-02 -5.06779015e-01 1.67991042e-01
    -4.18090641e-01 -3.07766259e-01 -2.26856709e-01 -1.48378968e-01
    -4.10150707e-01 -1.38098478e-01 2.92365491e-01 -1.14449292e-01
    -1.74546301e-01 -1.00073308e-01 -4.24569845e-03 3.88706923e-01
    1.99707448e-01 -1.65296972e-01 3.97591710e-01 -4.71036524e-01
    -5.72964549e-02 -5.11407733e-01 -5.37256360e-01 1.62761986e-01
    -3.36358368e-01 8.97228718e-04 -3.72553647e-01 3.62101138e-01
    3.89424860e-01 1.22101605e-01 2.41535306e-01 2.23133683e-01
    -4.03230339e-01 -3.96712422e-02 -1.48774624e-01 -1.39276564e-01
    -2.55141616e-01 3.43858898e-01 -4.01931167e-01 1.72731817e-01
    -1.06187582e-01 -2.47269690e-01 2.66512632e-02 -4.87177968e-02
    -2.40886092e-01 -1.28055096e-01 1.96230412e-03 -2.54864246e-01
    3.69024932e-01 -4.61055368e-01 3.47536981e-01 1.54420674e-01
    -3.07915688e-01 1.02200329e-01 2.19660103e-01 -5.33967018e-01
    6.50821328e-02 2.00537503e-01 1.21416509e-01 1.33371353e-01
    2.47603893e-01 -1.01990551e-01 -1.66459203e-01 -5.19239664e-01
    -3.60831589e-01 -1.22864425e-01 2.77435899e-01 2.28292644e-01
    3.30895543e-01 -3.78022075e-01 -4.53098953e-01 4.04410720e-01
    1.76758349e-01 -1.67535007e-01 -1.77334547e-02 3.90724778e-01
    -4.94470060e-01 -3.02967459e-01 -2.23065615e-02 -4.30243969e-01
    6.86389208e-02 -9.83489454e-02 -1.07664257e-01 -1.32176399e-01
    -2.54770428e-01 8.68266225e-02 -3.38698536e-01 7.55538940e-02
    -4.34311867e-01 -2.73507118e-01 -6.73237741e-02 -4.49319929e-01
    -5.16958535e-01 -4.58713353e-01 2.28514850e-01 -9.04466808e-02
    1.82183743e-01 4.51396108e-02 1.99780524e-01 -1.56313777e-02
    -5.00564575e-01 3.16460788e-01 1.84217632e-01 3.29904616e-01
    -4.11537886e-02 -1.03911191e-01 1.96127892e-02 -2.59392917e-01
    1.68635666e-01 2.80981719e-01 1.32528424e-01 -3.58725011e-01
    -3.93392682e-01 -3.73289287e-01 -2.86461145e-01 3.43924046e-01
    2.41886079e-01 -2.87036002e-01 4.63081598e-02 1.57270610e-01
    -1.64724886e-01 -7.62979686e-02 -1.09293699e-01 2.82084346e-01
    -3.69202048e-01 2.78278053e-01 -2.08221376e-01 -1.57889694e-01
    -3.48903745e-01 -4.33120519e-01 3.08268785e-01 1.54475093e-01
    1.52605474e-01 3.51070762e-02 -3.24966162e-01 1.92297876e-01
    1.86073840e-01 -1.79267287e-01 4.19442713e-01 2.85459399e-01
    -7.56703615e-02 2.39847600e-01 -1.21050596e-01 2.54828036e-01
    -9.34040546e-03 8.41508508e-02 3.86546850e-02 1.67268753e-01
    -4.07160789e-01 -4.57250446e-01 -5.64585090e-01 -2.19011903e-01
    2.72448540e-01 3.09240818e-02 -4.94366705e-01 -3.73503685e-01
    4.29973543e-01 -1.70797706e-01 -5.15897572e-01 6.03253245e-02
    -5.16454697e-01 -5.11967778e-01 2.95695245e-01 -2.48441607e-01
    2.42286921e-01 -2.38801956e-01 -2.95290709e-01 -9.21496451e-02
    -2.93255091e-01 -1.06483698e-03 1.45449817e-01 -1.10990077e-01
    2.64611304e-01 3.54375124e-01 -2.60650754e-01 2.73755968e-01
    2.72468030e-01 -4.82773572e-01 8.48478079e-03 -5.62035799e-01
    -5.34238338e-01 -1.77341938e-01 -5.18920004e-01 8.17051530e-02
    1.88191295e-01 -1.98924065e-01 -4.99775112e-02 7.33665824e-02
    -1.19792074e-01 1.24510109e-01 3.58868837e-01 -3.12949121e-01
    8.60190392e-03 4.90319729e-02 -4.88337517e-01 4.56052482e-01
    4.63933468e-01 -1.08536184e-01 5.27016521e-02 1.74763322e-01
    -4.66346681e-01 1.66006684e-02 6.76143169e-02 3.70786846e-01
    6.36162162e-02 1.11417830e-01 -5.06387830e-01 4.01763618e-01
    4.38110232e-01 -3.79447341e-01 -2.14551330e-01 3.12257469e-01
    4.40872192e-01 3.46760333e-01 -3.09750736e-01 -4.64049935e-01
    -1.47749454e-01 -3.04335117e-01 1.88171208e-01 3.83248448e-01
    3.14131796e-01 -2.25360930e-01 3.85550857e-01 -5.06295443e-01
    -3.50846618e-01 -5.16555429e-01 -3.07954073e-01 -3.44719291e-02
    1.48619890e-01 1.83084607e-02 1.69734657e-01 -1.15255713e-02
    -6.59992993e-02 2.44089842e-01 4.33284998e-01 5.82873821e-04
    -3.86643440e-01 -4.58637416e-01 -3.47992390e-01 -1.82104111e-02
    3.70356262e-01 1.40831530e-01 3.72039437e-01 5.01676202e-02
    3.02119255e-01 2.91347742e-01 -1.13156974e-01 2.13756263e-01
    -2.95744687e-01 -2.57779181e-01 -5.00400841e-01 -4.39854681e-01
    -2.81270504e-01 -4.26672906e-01 3.65358055e-01 3.27854753e-01
    2.44705081e-01 -1.79173082e-01 3.47245872e-01 -1.80030018e-01
    2.19943225e-01 4.03245449e-01 -1.75681472e-01 -4.77386981e-01
    -3.18721443e-01 -7.52337873e-02 -3.37224960e-01 2.28097558e-01
    3.69470060e-01 -3.46692860e-01 -3.59522760e-01 -2.23660111e-01
    -3.42018098e-01 -1.64354444e-02 -4.98022407e-01 -2.51277357e-01
    -2.22821862e-01 -7.65124261e-02 -3.64242882e-01 -2.69938946e-01
    -4.69395846e-01 -5.39795876e-01 -3.54986787e-02 3.40844452e-01
    3.43265712e-01 3.72476637e-01 1.96080327e-01 1.63652122e-01
    -1.03835523e-01 4.99193072e-02 2.62214303e-01 -3.58640820e-01
    1.48703575e-01 -4.28102881e-01 2.75254846e-01 -3.73529941e-01
    1.29191101e-01 -2.61525095e-01 4.10015166e-01 -6.59590960e-02
    2.96643317e-01 2.68430293e-01 2.35097885e-01 6.61588907e-02
    -1.12369418e-01 2.24692881e-01 2.24461257e-01 8.22939277e-02
    3.43092382e-01 2.23200500e-01 -1.41158700e-01 -2.22899020e-01
    -5.24595380e-01 2.33482480e-01 -5.16527891e-02 -3.66671681e-02
    -3.50979060e-01 -1.59024000e-01 -1.10873401e-01 -6.90842867e-02
    -3.56982380e-01 -2.84852207e-01 4.13386822e-01 -4.13082063e-01
    3.50478888e-01 1.72905684e-01 7.35189915e-02 1.51962698e-01
    -5.25977969e-01 -9.34421718e-02 -4.22683299e-01 3.87276411e-02
    6.36285543e-03 3.83309424e-01 2.48239458e-01 -4.08881962e-01
    -2.79096276e-01 -5.31284571e-01 1.36765480e-01 -1.48410022e-01
    -1.79028809e-01 3.86077344e-01 -2.81270176e-01 -3.87275219e-03
    3.44466984e-01 -4.64699894e-01 -2.89333075e-01 -4.83837754e-01
    -4.22755778e-01 3.62947524e-01 -4.31650639e-01 7.58308172e-02
    -4.26568717e-01 -2.14706063e-01 -4.00190055e-02 -6.96123838e-02
    7.60308504e-02 -1.09917283e-01 2.30900645e-01 1.31995201e-01
    -1.48699880e-02 -4.99788076e-01 -4.51420754e-01 8.75225067e-02
    -3.96158129e-01 3.33642542e-01 -2.54100680e-01 -6.73883259e-02
    1.69296622e-01 -5.19399583e-01 4.28407967e-01 -4.26547766e-01
    -1.95180058e-01 3.74382675e-01 -4.51814562e-01 9.12126303e-02
    -3.46949130e-01 2.67349541e-01 1.13396287e-01 2.38687634e-01
    4.12539065e-01 2.61789560e-01 3.25844526e-01 -1.09580159e-02
    2.86119342e-01 1.72584593e-01 -1.75849438e-01 -4.84751314e-01
    3.56869400e-01 -4.84365821e-02 -9.78109241e-02 -3.35463166e-01
    3.11117172e-02 1.55021250e-01 4.24914956e-02 -5.19514322e-01
    -1.16814792e-01 -4.14477021e-01 2.96428561e-01 -1.40028447e-01
    -1.56787992e-01 6.33364916e-03 -5.49473882e-01 -4.54757810e-02
    -4.62984174e-01 -3.62702519e-01 2.08853364e-01 2.02864110e-01
    -3.02990675e-01 3.73040378e-01 -1.80881947e-01 -1.44517004e-01
    7.19953775e-02 -9.89403129e-02 -3.10837537e-01 3.04993033e-01
    -2.46465564e-01 4.57648516e-01 2.20958531e-01 -4.72733200e-01
    -2.83529997e-01 -1.14252537e-01 -1.72968805e-01 -5.18288732e-01
    2.88716376e-01 -1.95499063e-01 5.30071855e-02 -3.27258468e-01
    3.90560269e-01 4.27921712e-01 -9.63778794e-02 1.04480743e-01
    1.28501892e-01 3.42829287e-01 -1.67033583e-01 -2.85329700e-01
    1.94271803e-01 6.26232624e-02 -2.11198390e-01 4.17703271e-01
    -4.57017571e-01 -1.15336180e-02 -1.13233238e-01 7.68372416e-02
    -2.07770944e-01 -4.29231107e-01 -1.80744022e-01 -4.73362386e-01
    -2.82315224e-01 -5.19088447e-01 -4.07604277e-01 4.13141370e-01
    2.08572209e-01 3.96121025e-01 2.04361498e-01 1.77106977e-01
    2.25208342e-01 -3.31301689e-02 -3.59865040e-01 -4.96948004e-01
    -5.26357412e-01 -1.39788240e-01 1.30211592e-01 8.88313651e-02
    -5.05460024e-01 -2.86708087e-01 -5.20106196e-01 3.20392370e-01
    -5.18644214e-01 3.15144718e-01 5.89146018e-02 -5.97953796e-04
    -5.32089353e-01 -3.62098724e-01 -1.81992561e-01 -2.30883956e-01
    6.52456880e-02 -1.23419166e-02 -4.42686468e-01 2.77655363e-01
    -1.65817857e-01 1.63833499e-02 2.40517080e-01 6.36624694e-02
    -4.61828083e-01 -3.33255887e-01 2.86604762e-01 2.80443430e-01
    -9.25774872e-02 -3.91491055e-02 3.49378705e-01 1.41634166e-01
    -3.14861596e-01 -8.23787749e-02 -4.47507828e-01 -4.59788412e-01
    -3.17379951e-01 2.91148126e-01 1.65839791e-01 -2.58561194e-01
    3.85705411e-01 -4.51187193e-01 4.12362337e-01 -4.69090283e-01
    3.54408920e-01 -4.10151184e-01 3.51104558e-01 -3.10687423e-01
    2.26531088e-01 3.58794212e-01 1.82339370e-01 -4.18142080e-01
    2.97719955e-01 4.01408255e-01 -1.19431883e-01 3.84710670e-01
    3.12472761e-01 2.56503701e-01 -4.25381303e-01 -2.66023397e-01
    -2.44132310e-01 -3.47649515e-01 1.98782623e-01 -3.25392038e-01
    -2.12387621e-01 -3.61948460e-01 -1.28326207e-01 -4.77414012e-01
    -8.02102983e-02 -2.28829741e-01 3.88897657e-02 -2.87078619e-02
    -2.70632595e-01 1.08375013e-01 1.23587847e-02 3.12807620e-01
    -4.15828824e-02 -3.21624368e-01 3.47187877e-01 -1.08042508e-01
    -2.73300022e-01 -2.02983737e-01 -2.69628763e-02 -6.66385293e-02
    1.47075355e-01 -4.38439459e-01 3.87680650e-01 -2.47786224e-01
    -1.23949349e-01 -7.78384805e-02 -3.46743345e-01 3.57450426e-01
    -4.71312761e-01 -5.34368277e-01 4.07282948e-01 2.47010529e-01
    -1.97099030e-01 -7.72578716e-02 -9.99596417e-02 1.46793485e-01
    2.49716461e-01 7.50535727e-03 -5.31159103e-01 -5.45180202e-01
    -3.54947150e-01 7.90020823e-02 3.37002635e-01 3.98086548e-01
    3.90094459e-01 -1.99998915e-01 6.73230886e-02 3.49332690e-02
    -1.89111590e-01 3.61036062e-01 -4.06676888e-01 -3.71194988e-01
    1.91885233e-03 -1.09010041e-01 -1.02672338e-01 -1.95807636e-01
    -3.81657422e-01 -4.71594483e-01 -1.05758905e-01 4.19744968e-01
    -3.39063346e-01 1.74858630e-01 -5.10433316e-01 -5.14304817e-01
    2.97199488e-01 -4.78630394e-01 2.55635560e-01 4.50744867e-01
    2.56811559e-01 9.22167897e-02 -2.27812886e-01 -4.71587121e-01
    3.35000575e-01 1.93477094e-01 -3.48196536e-01 -9.84907150e-02
    4.56206501e-01 -3.27503026e-01 1.28665686e-01 -2.92671353e-01
    2.80874610e-01 -3.54794532e-01 3.31490517e-01 1.61572516e-01
    -4.86393362e-01 -3.07820112e-01 1.70929253e-01 1.68668509e-01
    2.54255414e-01 3.72729838e-01 4.60675418e-01 1.12105310e-01
    -2.71549344e-01 -3.37970942e-01 -2.51089454e-01 3.16905558e-01
    -1.91295743e-01 1.62092626e-01 3.59578669e-01 -1.58653796e-01
    -4.30964589e-01 -2.82855034e-02 2.47979879e-01 -4.22106624e-01
    -1.92275882e-01 6.92563057e-02 3.14109385e-01 2.11097300e-01
    1.99224174e-01 3.82899046e-02 3.08238626e-01 -4.15625870e-01
    -4.32081789e-01 -4.73650455e-01 -4.56428170e-01 -4.94056761e-01
    3.59637320e-01 1.51483178e-01 1.01514459e-01 1.07912123e-01
    -3.85970503e-01 2.75433362e-01 -3.93187642e-01 -4.86066610e-01
    -1.28453970e-03 -8.41296911e-02 -4.50286537e-01 6.86492324e-02
    -1.35472596e-01 -5.42809904e-01 -2.48672903e-01 9.75149274e-02
    3.04524720e-01 2.93635011e-01 -1.88097030e-01 -5.33179760e-01
    -7.52107501e-02 -1.39802903e-01 3.92407715e-01 2.40088820e-01
    -4.52819914e-01 2.25054026e-01 -3.98551434e-01 4.34100330e-01
    4.75895405e-03 -4.67473656e-01 1.18046582e-01 -4.56940830e-02
    3.46651793e-01 -4.30098951e-01 2.26652026e-01 1.27275825e-01
    -4.01557237e-01 6.61160946e-02 1.77557349e-01 -4.01909381e-01
    -1.53919488e-01 2.14697719e-02 -3.37979853e-01 -1.93710536e-01
    -3.65436077e-02 4.37707722e-01 -3.70049715e-01 2.35489488e-01
    -2.13800400e-01 -1.24230385e-02 -1.42102093e-01 -5.48839509e-01
    3.04936707e-01 -3.44002932e-01 -7.70861208e-02 -3.05442214e-02
    2.83940732e-01 -4.35131788e-03 2.54694879e-01 -5.34720421e-02
    -5.30816555e-01 3.69949698e-01 1.69590771e-01 -5.23886085e-01
    1.36203766e-02 -9.47866738e-02 3.78032148e-01 -2.86855221e-01
    2.37569392e-01 -4.49239254e-01 -2.21336424e-01 -1.87792182e-02
    -4.75575030e-01 9.99096632e-02 2.34346986e-02 -5.30738235e-02
    4.15930390e-01 -1.98846936e-01 -3.81884575e-01 1.61741614e-01
    -5.15043855e-01 -1.02940798e-02 -5.03825724e-01 1.74984753e-01
    -4.01512355e-01 4.18993533e-01 -2.95501202e-01 -1.27112687e-01
    -6.30319118e-02 -3.39637250e-01 3.23997378e-01 2.94551551e-01
    5.21578193e-02 -2.90887266e-01 2.60264874e-01 -6.60111010e-02
    -5.29808104e-02 -3.86749446e-01 -2.28249431e-01 4.44543958e-02
    2.25014448e-01 -3.72215688e-01 1.06487870e-02 1.70474470e-01
    -4.03004736e-01 7.27556348e-02 -1.60833031e-01 -3.60412806e-01
    1.48093343e-01 -5.37205935e-02 -4.48165178e-01 3.67970884e-01
    -1.04633808e-01 -5.60305059e-01 1.57573223e-02 1.77739859e-02
    1.29617453e-02 3.34397376e-01 3.57050300e-01 -5.32980561e-02
    -3.52605790e-01 -5.28696179e-02 2.56413698e-01 3.66173148e-01
    -2.62266815e-01 -8.11262131e-02 9.52125192e-02 1.25740767e-01
    8.13027024e-02 -5.51173329e-01 -1.11094922e-01 -5.44164300e-01
    3.12840044e-01 -5.06196260e-01 8.57561827e-03 -2.54198492e-01
    3.43734324e-01 1.92826629e-01 2.48229921e-01 -4.76434529e-01
    -4.15869921e-01 -1.44342899e-01 -4.45020974e-01 -1.93600684e-01
    -2.77416617e-01 -4.35131073e-01 -4.72350299e-01 -1.19352847e-01
    -5.30428886e-01 2.73060739e-01 -6.72934949e-02 8.19565058e-02
    1.85438335e-01 3.75270844e-03 1.11915767e-01 -1.66408002e-01
    -4.32445705e-01 -1.15987420e-01 3.58658075e-01 3.57257724e-01
    3.40018868e-02 -1.04005843e-01 7.49359131e-02 4.37297225e-02
    2.60187566e-01 5.00414371e-02 -3.28494430e-01 -1.62940264e-01
    3.42695057e-01 1.53361559e-01 -5.35423756e-02 4.31160152e-01
    2.64816165e-01 1.98110163e-01 2.38393724e-01 2.34844089e-01
    -5.05860925e-01 4.03973997e-01 -4.61023450e-01 3.52892995e-01
    -4.58263218e-01 2.73008645e-01 -3.57994825e-01 -1.11687303e-01
    -5.08155704e-01 -3.30394447e-01 -3.70573431e-01 5.87715507e-02
    -4.52634752e-01 3.89385223e-02 -3.67226839e-01 -5.25288582e-02
    1.82952523e-01 2.67114282e-01 -4.92750436e-01 3.57271373e-01
    3.39208245e-01 -4.51000929e-02 1.20729804e-02 -5.34890890e-02
    -4.05046642e-01 3.99480700e-01 -3.11614215e-01 7.56443143e-02
    1.38409674e-01 1.21612668e-01 2.31536567e-01 -7.34728575e-03
    2.20165849e-01 -2.70101190e-01 3.85184288e-01 -4.71041501e-01
    -4.51425016e-01 -2.93355405e-01 -4.77533758e-01 -4.19678092e-01
    -1.51395202e-01 -4.49908406e-01 -3.76804352e-01 3.96527648e-01
    3.45998287e-01 4.08730209e-01 -2.10446715e-02 1.07587337e-01
    -9.61240828e-02 -1.56502724e-01 -3.27570468e-01 -4.48169559e-01
    -1.12484813e-01 3.40969265e-01 -4.44195777e-01 -1.56219482e-01
    4.55954313e-01 -2.31068432e-01 -2.12679505e-01 1.21805489e-01
    1.58243179e-01 4.18835461e-01 -3.35710049e-01 -9.55181122e-02
    1.38724983e-01 1.42924607e-01 2.10826576e-01 -4.53650951e-02
    -6.63527250e-02 2.15016961e-01 -2.58109599e-01 -1.53904617e-01
    2.81929553e-01 4.11194503e-01 -1.44224852e-01 -1.98135734e-01
    -9.74998176e-02 -1.13314807e-01 3.23389947e-01 3.04436624e-01
    -4.63890880e-01 -1.87539101e-01 7.74500966e-02 4.30374622e-01
    -2.51757383e-01 -6.14374280e-02 3.97740841e-01 2.12281346e-02
    2.24909604e-01 -1.87630475e-01 2.15327322e-01 1.95300162e-01
    -4.07430738e-01 -2.07235307e-01 1.58266306e-01 2.67079651e-01
    1.70318127e-01 1.54067397e-01 -4.67047364e-01 4.68314886e-02
    2.01420367e-01 1.98909879e-01 -3.28867972e-01 -4.73605752e-01
    2.63040662e-02 2.42635310e-01 -2.16451645e-01 1.98775172e-01
    -1.58859491e-02 -7.94003904e-02 -1.38719082e-02 -1.28981739e-01
    -3.16198051e-01 1.64853573e-01 -3.73822868e-01 3.96055281e-01
    2.54988074e-01 -4.59029377e-01 1.95151448e-01 3.49962652e-01
    -3.45193475e-01 4.21432316e-01 3.51240516e-01 -4.63635087e-01
    6.93417192e-02 -3.61270308e-01 2.72830427e-01 3.05725515e-01
    3.09643328e-01 -4.97818589e-01 -3.57320368e-01 1.87449813e-01
    3.00693274e-01 1.16087556e-01 -2.98942059e-01 -5.14645576e-02
    3.71352434e-01 -3.75146896e-01 -3.87771219e-01 1.30132020e-01
    3.44267786e-01 1.99394226e-02 -5.53200722e-01 -3.80328596e-01
    -3.47173840e-01 -3.85457873e-01 -3.84407967e-01 3.01515222e-01
    -3.03354263e-01 -3.37852240e-01 -3.30218077e-01 4.18663561e-01
    -6.29197955e-02 4.57512736e-02 4.05260801e-01 -2.69130617e-01
    -2.77281106e-01 4.26922500e-01 -1.18233562e-02 1.46025360e-01
    -3.85502279e-01 -2.44527876e-01 -2.72728533e-01 -2.42820203e-01
    1.66780949e-02 -2.76130438e-03 7.51724243e-02 1.29960597e-01
    -3.68863165e-01 -3.87436479e-01 -2.46691108e-01 3.69844496e-01
    8.99833441e-02 3.61245453e-01 3.40792477e-01 -9.12371874e-02
    -4.92187709e-01 -4.51021165e-01 3.57078314e-02 1.12102330e-01
    -3.31779182e-01 -1.89251512e-01 1.39420331e-01 -5.73606193e-02
    -2.20812231e-01 -3.37258875e-01 2.77997971e-01 -2.81242132e-01
    3.17208409e-01 4.35340285e-01 -3.43665510e-01 -4.87511188e-01
    4.27660942e-02 -8.50677490e-03 -4.70960110e-01 -4.82388616e-01
    3.20112228e-01 -1.23602331e-01 -2.19122142e-01 -1.51899338e-01
    -1.59015894e-01 1.11419380e-01 3.39493334e-01 -1.18828267e-01
    -4.61665958e-01 -1.26027793e-01 2.55393922e-01 3.38431478e-01
    2.40777433e-01 -2.90522575e-02 -1.39195204e-01 4.82687950e-02
    -8.78060460e-02 -1.58210576e-01 9.39756632e-02 -2.82690704e-01
    -3.29981297e-01 -6.98914528e-02 -5.27925253e-01 -2.70249724e-01
    -3.53758633e-02 3.12106967e-01 -2.82860398e-01 -5.12633920e-01
    -4.61389124e-02 -1.42477155e-02 -3.29010814e-01 -1.56032801e-01
    -1.36658609e-01 -1.28756523e-01 -2.36812621e-01 -2.72368550e-01
    -1.95166409e-01 2.51680315e-01 2.91364014e-01 -7.26263821e-02
    -3.06274414e-01 -6.91349208e-02 -3.51535708e-01 -2.63980806e-01
    9.70911980e-02 -1.88177586e-01 1.22486353e-01 -2.72689700e-01
    -1.82936013e-01 -7.20922947e-02 -2.32299060e-01 -1.50650501e-01
    2.58848310e-01 4.36235726e-01 -1.64289027e-01 2.90695250e-01
    1.21565342e-01 -5.40165782e-01 1.79615974e-01 -4.47333217e-01
    2.02674866e-02 1.60970211e-01 -3.55119705e-02 9.42761302e-02
    1.49090946e-01 3.85411620e-01 3.88622999e-01 -1.01425022e-01
    1.44925117e-02 1.26236558e-01 -5.03711700e-02 1.02215528e-01
    -8.80073607e-02 -7.64594078e-02 1.29803121e-01 -1.37571692e-01
    1.81672394e-01 4.01713610e-01 2.23238170e-01 -5.15383720e-01
    3.62830341e-01 -7.68851042e-02 -1.91011786e-01 -1.75011218e-01
    -1.89507574e-01 7.62156248e-02 -3.76027048e-01 2.03050077e-01
    -4.69648540e-01 -4.87124145e-01 -2.60929286e-01 -2.88594514e-01
    -6.28428459e-02 -3.77222329e-01 -1.20731890e-01 4.68128622e-01
    4.65563238e-01 4.15598750e-02 1.94285154e-01 4.43635225e-01
    3.49844038e-01 -2.39694417e-02 2.46192575e-01 -2.65492797e-02
    -3.89227867e-01 -4.03644353e-01 2.45488644e-01 -3.34171414e-01
    -3.39259744e-01 -5.23788333e-01 -4.90623325e-01 2.22681344e-01
    2.61588573e-01 -5.15684783e-01 2.41110444e-01 -8.67647827e-02
    2.29153454e-01 -4.52333212e-01 -4.26578760e-01 8.83155465e-02
    -5.23637056e-01 -4.65584248e-01 1.10054493e-01 -2.30202913e-01
    -1.48876488e-01 2.63374567e-01 2.53449976e-01 -3.13276947e-01
    -6.45591319e-02 -4.63513613e-01 1.89579725e-01 1.75924301e-02
    1.06598973e-01 -6.34887516e-02 -3.46132338e-01 1.80845499e-01
    -4.56580907e-01 -3.85580063e-02 -2.19985187e-01 1.81692481e-01
    -2.11708426e-01 3.34185362e-03 -1.50941610e-02 3.84572268e-01
    -2.18911409e-01 -2.86250114e-01 1.35625005e-02 4.26020801e-01
    3.06036472e-02 9.20134783e-03 3.96033406e-01 -5.52440286e-01
    -4.78442520e-01 -3.43938053e-01 -1.12035811e-01 -9.63861644e-02
    1.70849383e-01 -2.76236504e-01 -5.22281766e-01 -5.31220436e-03
    2.46729910e-01 4.02851522e-01 3.02791476e-01 8.69783163e-02
    2.95500696e-01 -8.61487389e-02 -3.21710467e-01 -2.05557197e-01
    -2.33343244e-02 3.63115847e-01 -3.15042526e-01 5.46120405e-02
    -1.53124869e-01 1.85120702e-02 1.96653068e-01 -3.31348956e-01
    -4.35740829e-01 2.44909644e-01 3.15524340e-02 1.45723879e-01
    2.49226630e-01 1.23939872e-01 1.47789240e-01 -2.63154596e-01
    -2.72974253e-01 2.97670901e-01 -1.36743218e-01 4.23245430e-02
    -4.11826372e-01 1.72520101e-01 3.98869336e-01 -2.56638408e-01
    3.46917510e-02 -4.36534494e-01 -1.45252466e-01 -4.82202172e-02
    2.18261659e-01 3.66424501e-01 3.28502059e-02 -4.86827850e-01
    1.50853992e-02 2.71906734e-01 2.89929152e-01 1.19497061e-01
    -9.04392898e-02 -5.37107944e-01 -3.27070445e-01 -4.04914051e-01
    2.17273951e-01 -2.63433307e-01 -3.98139030e-01 -2.92918742e-01
    1.25973046e-01 -5.38803101e-01 -3.44721615e-01 4.36181188e-01
    -3.65034848e-01 -8.98134708e-03 -6.48489892e-02 3.46888840e-01
    -2.33747274e-01 -1.52039886e-01 -4.31961179e-01 2.34911084e-01
    3.65290225e-01 -3.91718984e-01 -9.27281380e-03 3.30391169e-01
    3.70800078e-01 -1.22952878e-01 -4.15613353e-01 -4.53878582e-01
    4.12778735e-01 8.52252245e-02 -2.60402143e-01 1.05225801e-01
    1.01529002e-01 8.92200470e-02 -3.06161553e-01 -3.77300292e-01
    -1.66749001e-01 -6.06538653e-02 2.59645581e-01 -2.71435589e-01
    3.47164750e-01 3.84629369e-02 3.42599094e-01 -1.23608142e-01
    4.06744242e-01 -5.37420988e-01 -1.95502043e-02 2.05415666e-01
    -1.32405818e-01 3.65969419e-01 -4.69991863e-01 1.53069019e-01
    -3.87506902e-01 -2.31427431e-01 1.47975326e-01 -1.54326648e-01
    -2.81225681e-01 -2.64847308e-01 -4.31817532e-01 -8.13561678e-03
    2.74607003e-01 8.23443532e-02 -3.10556829e-01 -2.61606097e-01
    -5.04528522e-01 3.06327999e-01 -1.06352210e-01 -4.23783988e-01
    -3.83831352e-01 3.43423903e-01 2.52243638e-01 3.43115509e-01
    3.73185694e-01 -3.19728702e-01 2.43335843e-01 3.27336669e-01
    1.05400681e-01 -2.17920750e-01 -2.60104299e-01 -2.33828425e-01
    -4.91918027e-01 1.29656017e-01 -3.41993570e-03 -1.83758467e-01
    2.00507224e-01 -1.94600254e-01 -4.39960867e-01 3.15568209e-01
    -1.26237154e-01 -3.36540192e-01 -2.12890983e-01 3.61649096e-01
    -5.06798625e-01 3.01537871e-01 -2.15158045e-01 1.19230866e-01
    -2.46906340e-01 4.01757121e-01 -2.22668052e-01 -3.04430008e-01
    -2.84055740e-01 -3.91212136e-01 2.31515169e-01 -2.13785976e-01
    -3.90598565e-01 -4.45938498e-01 1.90293670e-01 -3.15845698e-01
    8.71893764e-02 -3.20181310e-01 -4.57546771e-01 2.57087827e-01
    3.71894479e-01 -3.88165325e-01 3.03745210e-01 -3.85769635e-01
    -2.36815810e-02 3.85114789e-01 -3.05970281e-01 2.05532312e-02
    2.84379721e-01 4.32416201e-02 2.60496318e-01 -4.33849484e-01
    2.85788000e-01 -5.30472100e-01 2.29495943e-01 -4.83801872e-01
    -2.49226868e-01 -4.79347676e-01 -4.53693271e-02 5.37108183e-02
    2.07470119e-01 3.50415826e-01 9.59846377e-02 -1.08743697e-01
    -1.93097800e-01 -3.50264281e-01 -2.74433851e-01 1.85672283e-01
    -1.90959871e-01 -2.56389797e-01 3.52877140e-01 4.90350723e-02
    -2.02549338e-01 -4.39417988e-01 2.37449050e-01 -1.37851387e-01
    1.27781153e-01 -2.75321484e-01 -4.32482272e-01 3.82617652e-01
    3.26811612e-01 -2.97198594e-01 3.93542349e-01 -3.29785943e-02
    1.47642791e-01 -2.82574683e-01 -6.44227862e-02 -4.88552660e-01
    2.31366456e-01 -1.72456503e-02 -2.88731009e-01 2.09729791e-01
    1.25325084e-01 -9.30750668e-02 -2.10400939e-01 -7.81948864e-02
    -4.55571920e-01 -1.66776836e-01 -7.04175234e-03 -4.18157876e-01
    1.90660000e-01 -3.70171279e-01 4.55699623e-01 3.33363295e-01
    1.43003464e-03 -2.42449641e-01 -5.27469158e-01 2.76888072e-01
    -3.49755347e-01 2.49314308e-02 3.31392229e-01 1.66725695e-01
    -5.37428260e-02 3.88648868e-01 -4.52869296e-01 -3.89207393e-01
    2.97702014e-01 3.20594490e-01 -5.03133297e-01 -2.97455698e-01
    3.50894034e-01 -3.33242297e-01 -3.57171595e-01 4.71904874e-02
    3.58837724e-01 6.54445887e-02 -1.08518094e-01 -3.11709642e-02
    -4.35179085e-01 -4.05457288e-01 -4.84217644e-01 -3.09759378e-01
    3.22022676e-01 2.17248797e-01 1.44394934e-01 -4.56253141e-01
    4.61528897e-02 -2.27501750e-01 -1.07984334e-01 1.19273245e-01
    -1.57041550e-02 3.66713285e-01 -5.63583910e-01 4.56635952e-02
    -1.28406912e-01 -2.60895491e-02 -8.13887715e-02 -4.41805720e-02
    1.62047327e-01 -2.52960742e-01 2.76373923e-01 1.63329601e-01
    -4.93831873e-01 3.64679575e-01 2.49823928e-02 -6.28120005e-02
    -3.66976857e-01 1.43273890e-01 -3.08820814e-01 -3.34047735e-01
    -4.29562807e-01 -1.56711549e-01 -2.24107981e-01 -4.31764722e-02
    1.60959959e-01 8.02407861e-02 -3.46536130e-01 2.70554245e-01
    -4.55685586e-01 -5.79646826e-02 -1.29841119e-01 -2.48797178e-01
    -1.83522254e-01 -3.67317200e-02 -8.35572779e-02 3.70459199e-01
    -5.25032640e-01 1.70627594e-01 1.64177418e-02 4.11174238e-01
    -1.49371177e-01 7.58453012e-02 2.75486112e-01 3.49448979e-01
    -5.45928478e-01 -4.24127519e-01 4.38247621e-01 2.43943095e-01
    -3.38827819e-01 -6.60574138e-02 -3.70110065e-01 -4.57472265e-01
    -2.35901624e-01 -7.59024024e-02 -5.45986295e-02 -9.18110013e-02
    -3.22266847e-01 1.96382999e-02 7.58094192e-02 7.17865229e-02
    3.08805704e-01 4.17469323e-01 2.20125198e-01 4.19647872e-01
    -4.06390488e-01 1.14873767e-01 -3.77605170e-01 3.06488633e-01
    3.39473486e-02 -1.40960932e-01 3.36674511e-01 -2.86954373e-01
    -5.07311106e-01 -2.11221337e-01 3.41425478e-01 1.86267674e-01
    2.27508068e-01 3.18464279e-01 3.67553055e-01 -3.21262360e-01
    1.81280613e-01 3.51712286e-01 -2.24890113e-01 2.39271581e-01
    -1.65649056e-01 -2.62378365e-01 -6.77643716e-02 -4.23137903e-01
    -2.85990894e-01 4.37282920e-01 -1.00601017e-01 -2.80287325e-01
    4.05802071e-01 -1.17259562e-01 3.98772299e-01 -2.74396002e-01
    -3.10085058e-01 1.64973736e-02 4.19924557e-01 1.30507767e-01
    -7.03289509e-02 -3.83410960e-01 -4.10821080e-01 2.57803977e-01
    1.65810227e-01 1.27941012e-01 -2.47474909e-01 -4.35334802e-01
    -3.43828678e-01 2.36726344e-01 -2.16903985e-01 -1.49354935e-01
    4.25723553e-01 3.51190269e-01 2.98924506e-01 1.61720514e-02
    -3.93650442e-01 -2.26544857e-01 1.79042041e-01 4.20897782e-01
    -4.38350141e-01 2.24683583e-01 3.18300843e-01 2.76358247e-01
    -3.50983322e-01 4.57897544e-01 3.53072941e-01 -3.25654626e-01
    -2.08305299e-01 3.13407421e-01 3.65572512e-01 -3.16041917e-01
    -8.35070312e-02 -2.66683698e-02 -3.61860007e-01 3.87274086e-01
    -3.36436838e-01 -4.06409949e-01 2.87651479e-01 -1.21541947e-01
    4.14236367e-01 4.16588783e-03 -1.43593013e-01 9.66382623e-02
    1.62835717e-02 -1.45590127e-01 -4.56315041e-01 -3.84707451e-01
    3.86146128e-01 -4.55359906e-01 -5.09987950e-01 3.48409772e-01
    -3.66441250e-01 1.70045197e-01 -6.57752156e-02 -4.16799277e-01
    -2.90527344e-02 -1.39732718e-01 2.68547297e-01 -1.22509718e-01
    8.55153799e-02 -6.10412359e-02 -3.14586222e-01 -6.87780976e-02
    1.27476811e-01 -3.21754158e-01 -3.61540824e-01 1.82541311e-01
    3.05410683e-01 -2.77368903e-01 5.31215668e-02 -1.73855275e-01
    -3.68700355e-01 -3.00135016e-02 3.94064724e-01 -5.13296306e-01
    -3.94447535e-01 2.53261626e-01 -1.25757903e-01 -4.77241576e-01
    1.18350625e-01 5.71658015e-02 3.77270460e-01 5.50258160e-03
    -4.02044952e-02 -3.22991878e-01 -9.82740223e-02 4.45236862e-01
    -1.57322109e-01 1.45911515e-01 -2.07583517e-01 1.71789527e-02
    4.08581436e-01 -2.83872217e-01 1.38315797e-01 -5.75125515e-02
    -2.13340878e-01 -3.62795770e-01 9.48275924e-02 3.86239350e-01
    2.64169812e-01 -2.84329176e-01 3.15871596e-01 -3.61523777e-01
    -2.05787957e-01 4.58408952e-01 -5.48794866e-02 -1.64747357e-01
    1.31522179e-01 8.58147144e-02 -3.66035134e-01 -2.65442133e-02
    1.50383413e-01 -4.53583419e-01 1.51867270e-02 2.65887380e-02
    -1.10845536e-01 -2.26289034e-03 9.86444950e-02 -1.99770182e-01
    -3.63532335e-01 1.19477212e-01 -4.04065549e-01 1.47922993e-01
    -1.68380737e-02 -1.25934154e-01 -2.48892158e-01 -4.55611110e-01
    -2.33217746e-01 1.57873452e-01 -1.67778045e-01 -9.95391607e-02
    2.96606362e-01 -2.50925064e-01 -3.18008333e-01 4.13528502e-01
    8.58513713e-02 -5.47201633e-01 -2.09868252e-01 -3.23730677e-01
    -2.47000098e-01 -5.64632297e-01 -5.40773630e-01 -2.66368687e-01
    -2.24823177e-01 2.55984008e-01 -9.67030525e-02 -5.22008657e-01
    3.23915899e-01 4.38245535e-02 -3.64791185e-01 -1.91086531e-02
    1.22186184e-01 3.60068798e-01 1.96091533e-01 9.61714387e-02
    1.85982764e-01 2.23036647e-01 -2.35016942e-02 7.54626393e-02
    4.14383888e-01 -3.34873438e-01 3.25418532e-01 -1.08928591e-01
    -6.10268712e-02 3.60905945e-01 -3.32185924e-01 4.00692225e-01
    -3.90762717e-01 5.80389500e-02 -4.16975081e-01 -3.41628492e-02
    -2.53087997e-01 -4.33808684e-01 1.27898335e-01 -3.66883308e-01
    4.12070692e-01 -3.50946099e-01 -1.39406949e-01 -5.03183186e-01
    1.41611099e-01 2.17624605e-01 3.03735733e-02 -1.43636614e-01
    -3.71596873e-01 -1.42190963e-01 -8.72545540e-02 3.67324948e-02
    -1.16753042e-01 2.48151898e-01 -1.84272766e-01 -2.22333431e-01
    2.87211835e-01 2.78033614e-02 -2.78693438e-02 -3.00240844e-01
    -1.87782109e-01 -5.23012459e-01 -1.23254091e-01 -4.75563139e-01
    -4.16427791e-01 3.55803370e-02 -4.66634274e-01 1.71584904e-01
    -9.33391154e-02 -1.77268296e-01 -4.52263683e-01 9.40483212e-02
    -3.19582820e-01 2.83311546e-01 -5.38670540e-01 3.47465098e-01
    -4.46522117e-01 -5.27175248e-01 2.94314861e-01 2.55508900e-01
    -1.72494888e-01 1.80549264e-01 -2.78126061e-01 2.32219338e-01
    -1.85647398e-01 3.34649265e-01 -1.55391306e-01 -2.98181683e-01
    2.16233969e-01 9.18763876e-02 1.38343632e-01 4.18950140e-01
    2.82579660e-01 3.95629644e-01 -2.80323386e-01 2.88031161e-01
    -5.73650002e-02 -6.35963678e-03 -3.92199218e-01 3.02020311e-01
    3.01220894e-01 3.28348935e-01 -3.66484255e-01 4.27246153e-01
    3.32154393e-01 3.30492198e-01 -3.02281648e-01 1.36921406e-01
    -2.26747394e-02 -3.58818561e-01 1.61754251e-01 -2.95803875e-01
    -4.89303440e-01 -2.37852961e-01 -5.37610948e-02 1.29307508e-01
    1.47985995e-01 2.25032628e-01 1.45601749e-01 2.48680890e-01
    -3.74909222e-01 3.47947717e-01 -2.57356077e-01 -4.92799878e-02
    -2.59737670e-01 -3.19134265e-01 3.97534430e-01 3.83139908e-01
    -2.08408833e-01 3.05552125e-01 -5.41384101e-01 -3.67144197e-01
    -5.13057709e-01 2.15698481e-02 -6.21946156e-02 -5.21391809e-01
    -1.98360920e-01 3.20124507e-01 3.59340310e-01 2.75876582e-01
    4.17476058e-01 -3.47194731e-01 -8.08321536e-02 -3.73689711e-01
    1.42859757e-01 -3.68399888e-01 -4.54050899e-02 3.24922323e-01
    3.22696626e-01 3.88693988e-01 5.82277775e-03 1.61476970e-01
    -2.79877782e-02 1.27603710e-01 1.97381258e-01 1.07512474e-01
    -3.02021652e-01 4.22412217e-01 2.78105021e-01 -2.01586634e-01
    -3.51766407e-01 1.63649082e-01 4.27067280e-02 3.21927905e-01
    -4.06538367e-01 -5.13585091e-01 -4.43881422e-01 1.49288476e-01
    -4.89959717e-01 -1.37123466e-01 -1.81706727e-01 -1.42666757e-01
    -1.21897042e-01 2.28330851e-01 -2.64189392e-01 -1.23875111e-01
    -4.95281816e-02 -2.84450650e-01 1.91174746e-02 -5.16390800e-01
    1.44105077e-01 9.56056118e-02 -5.63305616e-02 -4.72592503e-01
    -4.19162571e-01 -1.93001509e-01 -1.08663321e-01 4.55586910e-02
    -1.69251531e-01 2.13755965e-02 -4.99670833e-01 -1.03791624e-01
    -1.80212289e-01 8.83050561e-02 1.44266188e-01 2.72183418e-02
    -6.08593225e-03 -4.60258842e-01 4.30445075e-01 -3.39536637e-01
    -5.28823197e-01 -1.00449711e-01 3.69645596e-01 -2.63135731e-01
    -1.98343277e-01 1.87999904e-01 2.93576062e-01 -8.65626633e-02
    3.48956585e-02 -3.04585487e-01 -2.55168080e-02 3.69313002e-01
    -1.21675968e-01 3.31462026e-01 1.19489849e-01 -1.10593498e-01
    4.55724180e-01 -2.24091470e-01 -1.85216844e-01 -1.03520304e-01
    -1.34327412e-02 -7.77692795e-02 -4.83145684e-01 -2.37310112e-01
    -1.51623815e-01 -2.55248904e-01 1.68550611e-01 -2.67263770e-01
    -5.33353984e-02 -2.56156504e-01 9.90650654e-02 -3.67617697e-01
    -1.31566018e-01 -1.72248483e-02 4.05464053e-01 -4.61093217e-01
    -7.13539422e-02 -1.49675488e-01 8.50097537e-02 -4.57992047e-01
    -5.59516549e-02 3.91758025e-01 4.52277541e-01 -1.76471412e-01
    1.95562840e-02 3.74626219e-01 -4.89023536e-01 -2.69578934e-01
    4.18577790e-02 2.00381517e-01 -2.35466003e-01 1.23032868e-01
    -5.14301062e-02 4.29661155e-01 -4.57204312e-01 -4.88178134e-02
    3.85772228e-01 1.77148104e-01 -2.96176821e-01 -5.15649021e-01
    1.73274279e-01 -6.64759874e-02 -1.73442453e-01 1.52938604e-01
    2.78265834e-01 1.45841360e-01 -5.65403402e-01 -5.40859222e-01
    3.63519192e-01 -3.18644881e-01 2.55199134e-01 2.48236656e-01
    3.67381573e-01 -3.16016674e-01 1.77988231e-01 -4.06223089e-01
    -9.06185508e-02 -1.19065881e-01 -4.54742998e-01 -4.77492124e-01
    1.52354181e-01 -5.33528149e-01 2.29627490e-01 -7.37870932e-02
    -4.31215018e-01 -2.96897888e-02 3.98152113e-01 -3.74991894e-02
    4.52372253e-01 -4.38664913e-01 -3.69745612e-01 2.85283267e-01
    8.33094716e-02 -5.60110211e-02 -2.68695742e-01 -1.68673724e-01
    3.58445704e-01 1.84032381e-01 1.38741314e-01 -1.12328321e-01
    -2.19026834e-01 9.88823175e-03 -4.48691785e-01 -1.43186569e-01
    -5.08858025e-01 7.22127557e-02 1.18453324e-01 -4.06456143e-01
    -2.62745976e-01 -2.40238786e-01 -5.57354391e-01 1.43686473e-01
    4.27825093e-01 3.73566210e-01 2.31018245e-01 3.57040465e-01
    7.86396861e-02 2.79086649e-01 1.29815936e-01 -3.00144613e-01
    -1.95563376e-01 -4.39916283e-01 2.90279865e-01 3.15416098e-01
    2.83594787e-01 1.99568272e-03 2.57044196e-01 2.16058373e-01
    -5.69378078e-01 3.42267931e-01 -4.66831148e-01 -5.52204251e-01
    2.47306824e-02 2.34261215e-01 -3.42816085e-01 3.92812133e-01
    -1.46145225e-02 3.56217802e-01 -5.48019767e-01 -3.12332511e-01
    -7.23775029e-02 2.46471643e-01 -5.67202210e-01 1.33075893e-01
    6.72675371e-02 -5.23063123e-01 -2.47866601e-01 -4.37363654e-01
    -2.47578561e-01 2.25346982e-01 -3.30263346e-01 -5.59574008e-01
    -4.08787280e-01 2.26203680e-01 -1.00517958e-01 3.89484465e-01
    -4.38750386e-02 -5.01950681e-01 -3.70902359e-01 3.39413702e-01
    -4.44074571e-02 -1.47350311e-01 -4.15535778e-01 3.62467408e-01
    2.43504465e-01 2.16923952e-01 -1.46159023e-01 -5.37928641e-01
    -1.94885075e-01 3.77244949e-02 -2.49567538e-01 -4.34607178e-01
    -1.05752259e-01 -3.01716357e-01 -2.46220767e-01 -1.70370907e-01
    -1.79647505e-01 8.30302835e-02 -5.23080111e-01 1.60456240e-01
    -3.01977932e-01 2.49082923e-01 -8.93950164e-02 1.69770956e-01
    2.88175821e-01 -2.36352503e-01 -1.26297742e-01 -5.37956417e-01
    -3.41676414e-01 -4.76844907e-01 -2.44472384e-01 -1.82754695e-01
    -2.99554706e-01 -4.82068866e-01 -1.01606607e-01 3.51679385e-01
    3.06497216e-02 4.26414132e-01 -6.68704510e-04 -4.02497917e-01
    -2.80679494e-01 4.04794216e-01 -2.93947160e-02 4.01265383e-01
    -3.09186101e-01 1.36451542e-01 3.48184168e-01 -1.10765159e-01
    -2.30530679e-01 -4.50101018e-01 4.46595550e-01 1.47554100e-01
    1.82387650e-01 -5.13484120e-01 1.68781161e-01 -3.90428901e-01
    -4.26045328e-01 3.42987180e-02 -4.44113821e-01 2.58192420e-02
    2.61619568e-01 3.83214414e-01 -1.16068602e-01 -1.61746681e-01
    -3.11223477e-01 -2.80300379e-01 -2.14235783e-02 -2.24541426e-01
    -1.43458843e-02 8.44389200e-03 -3.61371726e-01 5.15437126e-02
    2.76084542e-01 -9.94362831e-02 2.30126977e-02 3.57939184e-01
    9.77369547e-02 -3.90929788e-01 -3.24398458e-01 3.40557694e-02
    -3.18488061e-01 5.64979911e-02 1.06809735e-02 -3.67118210e-01
    1.78161383e-01 -9.74605381e-02 -3.29780936e-01 2.49117553e-01
    1.26784980e-01 1.87074065e-01 -1.85822248e-02 3.01866174e-01
    -2.41480082e-01 -4.10326838e-01 3.44949901e-01 -4.05478179e-01
    4.08408642e-01 2.75622070e-01 -3.40056151e-01 -4.07521904e-01
    1.56158507e-01 -5.07389367e-01 -1.59380466e-01 1.70446396e-01
    -4.38038200e-01 7.31229782e-03 2.47416258e-01 1.75906062e-01
    -5.04720926e-01 1.45945430e-01 -4.81571108e-01 -3.54734838e-01
    2.50864267e-01 -1.97334349e-01 -1.86899304e-02 2.33101845e-03
    1.25214458e-02 4.47899520e-01 3.19101572e-01 2.59380758e-01
    -2.37797409e-01 -2.55150467e-01 -5.22973418e-01 -2.40471691e-01
    -1.63633764e-01 -4.10603374e-01 -2.17385769e-01 -3.74577641e-01
    2.53803730e-02 -4.04983401e-01 3.75255346e-02 4.46974277e-01
    -2.93953568e-01 3.24309468e-01 -1.19987190e-01 2.89929807e-01
    1.86772406e-01 -2.18608677e-01 -5.15906334e-01 2.67422736e-01
    -3.71180266e-01 2.72916079e-01 4.02782083e-01 -5.24643958e-01
    -2.08734453e-01 -2.92810321e-01 -9.61545408e-02 4.06661808e-01
    3.53967369e-01 7.16343522e-02 -4.97468323e-01 -4.91724581e-01
    6.35178089e-02 -4.20080960e-01 -9.97465253e-02 -3.33263576e-01
    3.26229513e-01 -4.21107292e-01 2.46040642e-01 -1.64140433e-01
    2.80558884e-01 -8.22929740e-02 -1.30364805e-01 3.75752211e-01
    3.26164901e-01 2.89619863e-01 -2.24931240e-02 -8.60314667e-02
    3.53393674e-01 3.53214741e-01 2.48785734e-01 3.20186198e-01
    -3.71080041e-02 -3.74883592e-01 -2.37643063e-01 -3.05605590e-01
    -7.19159245e-02 2.37861037e-01 7.50479102e-02 2.72731841e-01
    8.45124125e-02 2.01779485e-01 -3.20871860e-01 6.40842319e-02
    3.42923760e-01 -2.58523107e-01 -3.08344245e-01 9.54809785e-02
    -5.27560711e-03 -2.69624174e-01 -2.32676327e-01 -3.56837600e-01
    -2.34971166e-01 -5.07119298e-01 -1.55863345e-01 1.24829948e-01
    2.03992486e-01 -4.41201568e-01 -1.91598237e-01 4.51335490e-01
    -3.46232057e-01 1.28532112e-01 -1.09424144e-01 -4.56581414e-01
    -4.12934244e-01 -1.40485168e-02 -2.02233791e-01 2.04987228e-01
    -5.14434457e-01 2.92076826e-01 7.22346306e-02 -7.61481225e-02
    -5.10248721e-01 -1.90701485e-01 -1.55216515e-01 3.19558859e-01
    1.28795087e-01 -1.38198763e-01 -3.64941657e-01 -3.51632655e-01
    8.54614973e-02 2.33304620e-01 -3.02745104e-01 1.97658777e-01
    -8.45914483e-02 -7.24923909e-02 -5.00789642e-01 1.19817734e-01
    3.80393922e-01 -1.53321058e-01 8.21717978e-02 3.77272010e-01
    -4.02847797e-01 3.18640888e-01 -4.88835126e-01 -5.68274856e-02
    6.32231236e-02 3.87730122e-01 -2.81211615e-01 -3.62980366e-03
    -3.37063223e-01 -3.49241108e-01 -1.93053007e-01 2.71932602e-01
    3.31047773e-01 -8.78228545e-02 3.16521347e-01 -9.46498811e-02
    -2.26736665e-01 -1.54592305e-01 -3.71021777e-01 9.92906094e-02
    3.22295368e-01 -5.43148279e-01 -2.48790383e-02 -1.02403104e-01
    2.40797877e-01 1.88820720e-01 -1.71472907e-01 -4.36746925e-01
    -3.36191654e-02 -1.85037971e-01 4.14207101e-01 7.75921345e-03
    9.18663144e-02 -2.52158880e-01 -1.39666796e-02 -5.34150839e-01
    2.84412384e-01 -4.48236465e-02 -1.70361817e-01 -5.17570257e-01
    -7.35682249e-02 1.54631436e-01 3.78906786e-01 -6.89082146e-02
    -2.80738533e-01 1.99257910e-01 1.44329548e-01 8.57542753e-02
    -3.68513167e-01 -2.56624818e-02 2.93804586e-01 1.72919989e-01
    3.23478580e-01 8.86363983e-02 -1.34150982e-01 -3.09888124e-02
    -2.36297637e-01 -7.10245073e-02 -9.63193178e-03 -4.40927744e-02
    -2.49679267e-01 -1.41746402e-02 1.01212144e-01 -3.36349249e-01
    2.96649098e-01 4.48499441e-01 -3.18957120e-01 3.28327954e-01
    1.93527758e-01 -4.80389357e-01 1.79341495e-01 2.63471603e-01
    7.72908926e-02 1.30329251e-01 -3.89266163e-01 -2.89761126e-01
    -8.25292170e-02 4.46849048e-01 1.22968137e-01 -9.50706005e-03
    3.61281991e-01 2.27033556e-01 -2.92592466e-01 3.27264428e-01
    1.48741066e-01 -1.17589086e-01 -1.78092122e-02 -8.73252451e-02
    -1.98933899e-01 -1.88027859e-01 2.13206470e-01 3.74285817e-01
    3.41068506e-02 -3.75145435e-01 1.53078258e-01 -8.07948709e-02
    -4.65083510e-01 -5.19973040e-03 -4.89409357e-01 -2.41683006e-01
    7.74486065e-02 -4.71262246e-01 -3.48770529e-01 2.00583816e-01
    -3.25610697e-01 1.45605326e-01 2.12002635e-01 7.25207329e-02
    3.80407870e-01 1.10229135e-01 3.69293392e-01 -5.20949364e-01
    1.03784442e-01 1.79405570e-01 -1.23296350e-01 9.14210081e-03
    -4.22817111e-01 2.97728777e-01 -1.28212661e-01 3.44691753e-01
    -5.10186076e-01 -2.19683647e-02 -4.81108099e-01 -2.67605513e-01
    -2.22378135e-01 -3.16988826e-02 4.68895435e-02 -1.35207653e-01
    -1.43169224e-01 -2.49587297e-02 -9.81640220e-02 -2.41443694e-01
    3.18660796e-01 -2.19086766e-01 3.99715602e-01 -2.48532295e-01
    -2.36654788e-01 -2.97566473e-01 -3.45779836e-01 4.15218532e-01
    -1.67164803e-02 -3.43683958e-02 -4.12499279e-01 -7.90485740e-02
    -1.21029407e-01 4.31518972e-01 3.94030809e-01 1.29343629e-01
    2.01857567e-01 -5.34050047e-01 4.45281804e-01 3.64589453e-01
    3.92920017e-01 2.67152905e-01 6.44093752e-03 -8.15976262e-02
    -1.52601600e-01 -3.57342750e-01 -2.86352009e-01 -5.14947236e-01
    -4.93302912e-01 2.68356442e-01 -2.68594712e-01 -4.65103835e-01
    1.71353340e-01 -4.66983080e-01 -3.13028634e-01 -4.96056259e-01
    1.66688442e-01 -4.24457312e-01 -2.04531074e-01 -9.37267244e-02
    7.31733441e-02 -1.93339527e-01 -3.18216205e-01 -5.36740541e-01
    -2.95937419e-01 -3.71851921e-01 4.10156548e-01 3.12618315e-01
    2.61881709e-01 -5.16685069e-01 -1.85269475e-01 -2.21830726e-01
    -2.70977676e-01 5.79059124e-04 -4.51837480e-01 3.80674064e-01
    -1.25462115e-01 -5.41968465e-01 -3.40854347e-01 -7.72281587e-02
    -2.79344499e-01 3.82741690e-01 1.82031393e-02 -3.01814765e-01
    -2.44019687e-01 3.26761782e-01 2.66703606e-01 2.99459994e-01
    -2.28739768e-01 3.08467805e-01 2.73525953e-01 6.80664182e-02
    -2.71157324e-01 2.77782917e-01 1.50961936e-01 -4.85775143e-01
    -1.88926280e-01 -5.88464737e-02 -8.17478299e-02 -5.03007591e-01
    -4.12118644e-01 3.98855090e-01 -4.78864610e-01 3.62794220e-01
    -1.43569946e-01 -4.42550242e-01 -1.35410339e-01 -2.47248411e-01
    4.55542445e-01 3.26626897e-02 2.89473414e-01 -5.53225756e-01
    2.50354350e-01 2.01635182e-01 -1.95028752e-01 4.26904976e-01
    -4.11734015e-01 2.25361764e-01 4.20402825e-01 -3.97962004e-01
    -5.21526575e-01 1.83265686e-01 3.08503687e-01 3.95857692e-01
    2.50179768e-02 -1.92133844e-01 -4.73845482e-01 3.24596286e-01
    -2.74226099e-01 3.72814417e-01 -1.47799045e-01 7.22748041e-02
    3.20250154e-01 3.03766668e-01 -9.15932357e-02 -1.18365794e-01
    -3.42051536e-01 4.00262475e-02 -1.68220103e-01 4.35591161e-01
    2.46800780e-01 -4.22625393e-01 2.66932726e-01 -5.33626199e-01
    -4.15838063e-01 -5.34090877e-01 -4.04195428e-01 -3.91039819e-01
    -3.25243443e-01 1.71139300e-01 4.05814946e-01 2.79128134e-01
    -1.91407293e-01 3.38898778e-01 4.00424421e-01 1.28892362e-01
    -1.83270931e-01 -1.62460327e-01 -5.28445005e-01 -4.62924182e-01
    -5.25477767e-01 -1.93117082e-01 1.72587037e-02 -3.11876893e-01
    -1.53049141e-01 -3.77909780e-01 3.77123952e-01 -5.32809258e-01
    -2.31818318e-01 3.72844815e-01 2.50521779e-01 4.34496284e-01
    -1.59826517e-01 -1.78358793e-01 -5.14326453e-01 -4.15154576e-01
    -2.40835667e-01 1.00009143e-01 -1.49797589e-01 -5.00517547e-01
    -2.53589153e-01 1.93666160e-01 1.06034875e-01 -4.77313846e-01
    -1.04151249e-01 -5.42335093e-01 4.22569096e-01 -9.59629416e-02
    -4.14732218e-01 3.10153127e-01 2.43186235e-01 3.43593359e-01
    1.94943249e-01 -4.55437332e-01 -5.16960025e-01 -2.68474698e-01
    1.96080446e-01 -4.69190091e-01 -2.35548973e-01 3.64574194e-02
    -5.97063601e-02 -1.97045535e-01 -2.43944883e-01 -4.28948343e-01
    3.56979728e-01 -3.17203969e-01 3.24204803e-01 -3.49566668e-01
    -1.29716218e-01 -2.70211637e-01 -1.43605977e-01 -5.03489971e-01
    -1.83376670e-01 -3.14303041e-01 -7.73249567e-02 -3.82221699e-01
    9.29242969e-02 2.25839436e-01 3.64218533e-01 -5.19052327e-01
    -4.11561012e-01 1.44271255e-01 -3.40932339e-01 -1.18800879e-01
    3.71592283e-01 2.25649774e-01 -5.10651231e-01 2.17127502e-01
    3.98981631e-01 1.43791080e-01 3.98170710e-01 -3.14206421e-01
    -4.79243398e-02 -4.10634279e-01 3.52974117e-01 -2.82038003e-01
    -3.36308509e-01 -3.51793051e-01 -5.42841494e-01 -5.04597425e-02
    -3.17640901e-01 -2.94182032e-01 7.76372552e-02 1.07861400e-01
    -8.24145675e-02 3.20353031e-01 -2.08791971e-01 2.41841257e-01
    -3.04841995e-02 1.31589413e-01 -4.82018739e-01 1.26608133e-01
    1.40774846e-02 -5.39092124e-01 3.26698303e-01 -1.98913872e-01
    -1.06895417e-01 -5.28255701e-02 -9.34816003e-02 3.43985260e-01
    -3.28983635e-01 3.94107580e-01 -1.91902578e-01 4.16962624e-01
    3.07450116e-01 4.35256958e-02 -4.67326730e-01 2.75080144e-01
    1.11678839e-01 -3.00270647e-01 -4.89508003e-01 -1.88795745e-01
    -3.14857304e-01 -2.25128174e-01 1.79630637e-01 -3.41907620e-01
    3.06689799e-01 -3.90964746e-03 -3.74981463e-01 -5.47044992e-01
    -9.70886946e-02 -3.24189961e-01 3.83033633e-01 -4.47801501e-01
    -4.17253941e-01 1.25673234e-01 -1.11520797e-01 1.60542190e-01
    3.30460012e-01 -6.58649504e-02 -2.58906603e-01 -3.97343010e-01
    3.22088420e-01 -4.67565477e-01 -5.16702056e-01 -3.22621375e-01
    -5.14585018e-01 -4.08593059e-01 -5.12382269e-01 -2.22998351e-01
    2.61944294e-01 -2.05269456e-01 -1.53752446e-01 4.16749656e-01
    -2.86744237e-01 1.04020476e-01 -4.27623421e-01 4.49244976e-02
    1.41316712e-01 -2.68906981e-01 3.28079462e-02 6.61503673e-02
    -2.77347386e-01 5.17981648e-02 1.16026938e-01 -4.81366158e-01
    2.85963416e-02 -5.33426404e-01 8.76791477e-02 -2.19484568e-02
    1.02097452e-01 -3.59705359e-01 -2.00451285e-01 -4.54847395e-01
    1.21776938e-01 2.83338606e-01 2.00940907e-01 -5.57843208e-01
    -4.49161142e-01 2.72127390e-01 -2.33024031e-01 -3.25804830e-01
    -2.44313657e-01 -6.77960515e-02 3.85478973e-01 1.84273601e-01
    -3.38914186e-01 -4.09515709e-01 -1.67989075e-01 -4.89784271e-01
    4.12760794e-01 2.33261228e-01 -4.54173297e-01 2.92203069e-01
    -1.52951956e-01 -1.55306756e-01 -4.58315402e-01 -3.57618183e-01
    -2.73987651e-02 -2.05057114e-01 -4.39670384e-01 -2.35776067e-01
    1.14922225e-01 -5.09687901e-01 -2.19246924e-01 -4.16204423e-01
    1.05978012e-01 1.78082347e-01 2.57508397e-01 3.76896262e-02
    -3.30407947e-01 6.98136687e-02 3.19231987e-01 -2.58239865e-01
    -3.19132656e-01 -2.50074744e-01 3.18809927e-01 -2.02632427e-01
    -1.80057406e-01 1.97088599e-01 2.65681803e-01 -2.66858310e-01
    -2.24634469e-01 -3.54098856e-01 -3.96943688e-02 2.14805663e-01
    -3.05510163e-02 -3.53769511e-01 3.62609446e-01 -3.49546045e-01
    -1.99029326e-01 6.54700398e-02 -3.22110593e-01 -3.20735157e-01
    2.57487059e-01 1.81033015e-01 4.27930832e-01 5.45113087e-02
    -2.89774656e-01 -7.22014904e-03 -1.66314244e-01 3.26438308e-01
    -4.78335470e-01 -4.96719390e-01 -2.73995399e-01 -9.39110816e-02
    -4.28792059e-01 3.80905211e-01 2.69237220e-01 -3.95008355e-01
    -1.00069165e-01 3.23221207e-01 -6.49949312e-02 -4.43700433e-01
    -8.77344608e-03 -3.11780691e-01 4.00572121e-01 -7.05749989e-02
    -9.73778665e-02 2.27003634e-01 4.02959287e-01 -3.45549136e-01
    -3.91374558e-01 2.71000803e-01 -5.30841708e-01 -1.51239038e-01
    8.83771181e-02 1.76594138e-01 3.33130360e-04 -4.82633024e-01
    -3.64949286e-01 -1.71383321e-01 6.15110397e-02 -1.82144076e-01
    -4.40835059e-02 2.93379843e-01 -3.08562636e-01 1.48761868e-02
    -4.83275980e-01 -3.59595567e-01 -4.46332157e-01 3.69501293e-01
    -2.19389558e-01 1.68397784e-01 7.43556023e-03 -2.02484816e-01
    -1.52839363e-01 9.62229967e-02 4.79635000e-02 -5.48860431e-02
    1.25192106e-01 -2.22306192e-01 2.42255688e-01 -2.20982879e-01
    -1.68583810e-01 9.62564349e-02 -1.60853326e-01 -3.49080294e-01
    4.37525034e-01 2.53947735e-01 2.03060985e-01 -8.87323022e-02
    1.47860587e-01 4.93744612e-02 -9.69464183e-02 -6.45230711e-02
    1.97192669e-01 -1.59999490e-01 -3.94438088e-01 -3.72031868e-01
    1.83058679e-01 1.94949448e-01 -1.55617505e-01 -2.45776415e-01
    -3.52250487e-01 1.37187421e-01 3.03714275e-02 -2.26274133e-01
    -5.12825847e-01 -1.12782419e-01 4.24521327e-01 -1.12326443e-01
    2.57240534e-01 -4.52217758e-02 2.09936559e-01 -1.61303878e-01
    7.37309456e-02 -3.39513272e-01 -3.65978122e-01 8.23854804e-02
    -2.02856600e-01 -4.65545416e-01 3.08201492e-01 1.56821668e-01
    -3.91578525e-01 5.19360900e-02 -5.20529509e-01 -4.32656944e-01
    1.27154469e-01 -2.18465745e-01 1.09555125e-02 2.25552201e-01
    2.93922544e-01 1.93153262e-01 -5.65842092e-02 -1.39293671e-02
    -2.21244156e-01 4.63838577e-02 -1.01064384e-01 -4.41584378e-01
    -4.85556185e-01 -3.29829186e-01 -9.35082138e-02 -1.54087633e-01
    -8.17693174e-02 2.58056402e-01 4.21844304e-01 -3.10771018e-01
    3.26805770e-01 -2.52014160e-01 -1.86345875e-01 2.85374641e-01
    5.60712814e-02 2.21909881e-01 -5.45581460e-01 2.25275278e-01
    -5.23705602e-01 -5.03566384e-01 -4.28839117e-01 1.71233416e-02
    2.30423152e-01 1.20765328e-01 -4.71145928e-01 3.41299117e-01
    4.59291935e-02 -3.90508920e-01 -5.32233179e-01 -3.95033419e-01
    7.41497278e-02 -7.48735964e-02 1.42977417e-01 -3.95021141e-01
    -1.06031030e-01 2.23893940e-01 5.76273203e-02 -1.91735744e-01
    -4.01173353e-01 -3.92976999e-01 -1.83440387e-01 4.32540596e-01
    -3.50031763e-01 -5.34802675e-01 -7.65755177e-02 -4.70584720e-01
    -3.89457077e-01 -2.22138733e-01 1.55492187e-01 3.78188252e-01
    -4.45461690e-01 -4.77471322e-01 -2.98701555e-01 4.00681973e-01
    2.87195146e-01 2.84543633e-02 1.20069087e-01 -4.78434026e-01
    -1.61719441e-01 3.95881236e-01 -4.82376516e-01 -3.29905927e-01
    -3.56809139e-01 -4.45129365e-01 -5.21037936e-01 5.48601151e-04
    8.40192437e-02 -8.50830972e-02 -3.67344618e-02 2.56207168e-01
    -1.99945629e-01 -1.55058205e-01 4.29474831e-01 -3.26819867e-01
    -9.72662568e-02 -3.94186795e-01 -1.31697297e-01 1.23423278e-01
    -2.08401680e-02 -3.96716356e-01 -4.25242186e-02 1.31294489e-01
    4.19574559e-01 -3.21511179e-01 -1.82486832e-01 -6.78343177e-02
    -5.18620491e-01 -5.73457241e-01 1.18262291e-01 1.98232353e-01
    3.98499131e-01 -4.27105844e-01 1.93580151e-01 -4.22614902e-01
    -1.92137033e-01 -5.33482194e-01 -2.37405300e-02 4.29501474e-01
    1.53127313e-02 3.05179000e-01 1.56075835e-01 3.79418731e-01
    -3.77154291e-01 -3.39839190e-01 -5.23874402e-01 4.33334708e-02
    3.92689645e-01 -4.89736557e-01 1.92950368e-02 -1.42963797e-01
    -2.46901512e-02 -1.48195088e-01 -1.01689249e-01 -4.72134709e-01
    2.03381598e-01 -8.09499025e-02 3.70951533e-01 2.00749874e-01
    -5.35575747e-02 -2.99391747e-01 -4.19667989e-01 2.30857551e-01
    2.05166936e-02 9.47219729e-02 2.88082004e-01 4.16030288e-01
    -8.10604990e-02 3.14475954e-01 3.19002032e-01 4.23856556e-01
    3.19989622e-01 3.85592163e-01 2.11992860e-02 -2.37562835e-01
    -3.82443875e-01 -6.48677349e-02 6.92204237e-02 5.09582162e-02
    3.07981372e-01 9.05641317e-02 -2.47453451e-02 3.60843539e-01
    -3.69021535e-01 3.58554184e-01 9.12558436e-02 1.74443305e-01
    3.66436183e-01 3.98581505e-01 3.54006529e-01 3.72140765e-01
    3.81274641e-01 -1.73997283e-02 2.30520129e-01 2.69303977e-01
    3.77392232e-01 1.62233531e-01 -1.95771188e-01 -4.85729098e-01
    3.20875347e-01 -3.82035285e-01 3.88002217e-01 -5.57679296e-01
    -4.53017861e-01 3.45238686e-01 6.82830811e-04 -3.19112420e-01
    -1.03515089e-01 1.97763801e-01 9.74193215e-02 -4.77969050e-02
    3.45085502e-01 1.51400924e-01 2.87865162e-01 -5.14886618e-01
    2.01148570e-01 -4.67097968e-01 -3.04770887e-01 -5.44128060e-01
    -1.23418868e-01 -2.51967371e-01 -4.62918699e-01 3.67363334e-01
    -2.58513212e-01 1.44476295e-02 -6.99556470e-02 -2.91401088e-01
    2.77602971e-01 -1.81667209e-01 1.08521223e-01 3.96370471e-01
    2.09943652e-02 -4.23694819e-01 -7.48081505e-02 -7.23690987e-02
    -2.95271754e-01 -3.83536279e-01 -1.08141959e-01 -3.94550204e-01
    -2.38758147e-01 1.40498340e-01 3.47640514e-01 -5.70984840e-01
    -2.27262378e-01 2.99243152e-01 2.57998705e-01 1.13367438e-02
    1.22542918e-01 -1.53025866e-01 4.40202951e-02 -3.44430119e-01
    2.03495502e-01 -5.09884715e-01 -4.13604230e-01 -2.02016652e-01
    3.79650593e-01 5.06532192e-02 -4.52961892e-01 -5.06888151e-01
    -4.99449372e-01 -6.39638305e-02 3.28707099e-02 -7.33019412e-02
    -4.65949833e-01 3.81084085e-02 3.02565932e-01 -9.02508199e-02
    -2.42157936e-01 -7.61097968e-02 -5.32487154e-01 -4.98689502e-01
    -3.51509780e-01 -2.38075346e-01 -4.98897135e-01 2.14437544e-01
    -1.03848696e-01 1.01414800e-01 3.46445084e-01 -1.21565938e-01
    3.73918831e-01 -7.16778040e-02 -4.95377779e-02 -3.83862674e-01
    -5.28897047e-01 -5.16707420e-01 2.44210184e-01 -2.74589658e-02
    4.34332728e-01 -4.90618318e-01 1.67288184e-02 -1.84468746e-01
    -3.18942547e-01 2.08121538e-01 1.19844556e-01 -2.27189064e-01
    3.46038997e-01 2.28539467e-01 1.39757752e-01 9.52607393e-03
    -1.26610070e-01 2.37638652e-01 3.09849620e-01 -4.62859958e-01
    -1.20554864e-01 3.96880269e-01 4.01557326e-01 -2.11470246e-01
    -4.29583043e-01 -2.77805328e-02 -9.58703160e-02 1.05437636e-02
    -1.13814056e-01 5.16434908e-02 -3.01352978e-01 -4.87207383e-01
    2.78826416e-01 1.46274805e-01 -9.84400213e-02 3.91584337e-01
    -4.74133790e-01 3.29457283e-01 -2.39000499e-01 -3.98103178e-01
    -3.42083573e-02 -3.79156291e-01 3.12677979e-01 4.33848441e-01
    -1.98859394e-01 -1.28112882e-01 9.25521255e-02 2.18443215e-01
    -4.59057093e-02 -2.76056468e-01 -5.13606548e-01 4.14461315e-01
    -9.06479955e-02 2.76676357e-01 -7.05745518e-02 2.38930106e-01
    3.26796770e-02 1.90271735e-02 -3.09324712e-01 -5.13287783e-01
    8.23346376e-02 4.19506073e-01 -9.02813673e-02 3.67655039e-01
    -4.75268900e-01 2.65662372e-01 3.63882542e-01 -4.59421277e-01
    2.95757353e-01 -3.98712069e-01 -3.60882878e-01 -3.59004170e-01
    3.15328360e-01 -1.75718158e-01 3.46704185e-01 5.49310446e-03
    2.81869292e-01 3.84187818e-01 -5.02931833e-01 4.15181041e-01
    3.53382051e-01 -2.18239784e-01 -3.23083252e-01 1.34229660e-02
    1.23172641e-01 -1.95174396e-01 -2.28851259e-01 -2.65272111e-01
    -1.88071579e-01 -3.31265390e-01 1.79525435e-01 3.83924842e-01
    2.05762029e-01 3.85890186e-01 2.80310333e-01 -2.84349203e-01
    1.78912401e-01 3.70458007e-01 -1.63824379e-01 1.52857900e-01
    2.84284711e-01 1.99138045e-01 -1.84391469e-01 1.23292744e-01
    4.00512099e-01 -4.07624453e-01 9.36925411e-04 4.59502935e-02
    4.01874483e-01 -1.92797929e-01 1.48280263e-02 -2.45250463e-02
    7.95217752e-02 8.49860907e-03 -4.27985191e-01 3.48453522e-01
    -4.71561044e-01 1.20525181e-01 -4.51180041e-02 -3.90485555e-01
    -6.10142946e-03 2.21876144e-01 -1.92268550e-01 -4.45530713e-02
    3.70060802e-01 -5.04605532e-01 -3.76336217e-01 -2.89353669e-01
    9.45706964e-02 -5.20839691e-01 -4.28062677e-02 4.70253229e-02
    2.72080898e-02 -3.04307222e-01 5.97716570e-02 1.80371344e-01
    -3.10485184e-01 2.30276585e-03 -1.11266285e-01 5.43187857e-02
    1.14774704e-03 -5.02687693e-03 9.35103297e-02 -4.26064014e-01
    -4.70933199e-01 -2.44282424e-01 2.97305644e-01 -4.37757075e-01
    -2.71019101e-01 1.89910293e-01 -1.80915833e-01 -4.63314593e-01
    -3.01170349e-01 -3.75929594e-01 -5.43706656e-01 -4.06626761e-01
    3.86260450e-01 2.01990664e-01 -4.69958514e-01 2.44852602e-01
    -1.89706385e-01 -1.15963966e-01 8.59206915e-03 1.27353728e-01
    -2.02329516e-01 -1.27011478e-01 2.68682539e-01 -2.64414489e-01
    -3.86430502e-01 3.35222483e-03 2.23590195e-01 -8.40377808e-02
    2.14894831e-01 1.89394355e-02 3.06801796e-01 1.68790817e-01
    -1.60454571e-01 2.02620745e-01 2.14399278e-01 3.66199017e-03
    -1.04126871e-01 1.47712529e-01 -1.38815135e-01 6.25125170e-02
    -1.57738090e-01 3.75278890e-01 -1.59460813e-01 2.63927162e-01
    -5.98692894e-02 3.25233638e-01 -2.49098063e-01 3.40814710e-01
    -1.93021894e-01 -3.07204843e-01 -2.06249177e-01 1.66991174e-01
    -2.78567672e-02 -1.22925013e-01 1.17011607e-01 -2.07516581e-01
    -3.26680809e-01 -3.43236715e-01 -4.06636417e-01 -3.10628384e-01
    3.50638211e-01 -1.39969081e-01 4.05834317e-02 -2.79349446e-01
    -2.15580255e-01 2.48427093e-01 3.81141782e-01 -1.02594018e-01
    -1.58232689e-01 -4.90320981e-01 1.65194273e-02 -4.16780353e-01
    -1.06209666e-01 2.20667064e-01 -5.01585722e-01 9.84248519e-02
    2.90184915e-01 1.16000414e-01 -2.71467149e-01 -4.42003608e-01
    -3.05606723e-01 3.86030495e-01 -5.44270515e-01 2.73571432e-01
    -4.47630823e-01 -2.81361073e-01 -1.22990429e-01 -5.20728767e-01
    3.21427345e-01 -6.43966496e-02 2.29621232e-01 -2.17483461e-01
    3.42496991e-01 1.60660863e-01 -1.96134150e-01 -5.36668003e-01
    -3.84004772e-01 -5.80230057e-02 3.25753391e-01 -5.33469737e-01
    2.07372308e-01 -1.13630056e-01 -4.61609751e-01 -1.65789753e-01
    -3.81657779e-02 3.34708869e-01 4.40846503e-01 2.21224427e-02
    -6.63529038e-02 -2.45909691e-01 4.33893204e-01 5.56501150e-02
    1.94590330e-01 -8.81145000e-02 5.34386635e-02 -3.04797769e-01
    -3.51982445e-01 -3.73856038e-01 -2.05812573e-01 1.66053832e-01
    6.71681762e-02 -3.12788546e-01 1.21191442e-01 3.86569560e-01
    -9.54866409e-02 -2.97632813e-02 -1.69799238e-01 1.14224553e-01
    -1.66025341e-01 -3.30649465e-01 1.81092620e-01 2.55709827e-01
    -1.97788209e-01 -1.66311860e-02 -3.71622294e-01 2.73614109e-01
    -4.75838244e-01 2.55301833e-01 2.83435583e-01 -3.84783149e-01
    -3.07311594e-01 -3.96081150e-01 -5.25611341e-01 3.53831232e-01
    -3.20915997e-01 3.27282608e-01 -3.49534839e-01 -2.25208998e-02
    -1.11165285e-01 -2.68208385e-02 -1.44442379e-01 4.32699919e-02
    -2.96793044e-01 8.85556936e-02 -2.40459561e-01 -1.26474857e-01
    1.63440704e-01 8.48441124e-02 -2.63332844e-01 -4.73330379e-01
    -3.13882321e-01 -4.86022025e-01 3.85558903e-01 3.47113907e-01
    -2.53129244e-01 -1.74741149e-02 -5.09110749e-01 2.56742120e-01
    1.49489880e-01 -2.64296532e-02 -5.32121122e-01 6.76660538e-02
    4.60432708e-01 6.82553053e-02 -1.94878578e-01 4.74233806e-01
    4.87595201e-02 -1.40410632e-01 -2.06643581e-01 -3.52282345e-01
    -2.13140130e-01 4.25809324e-01 2.15015948e-01 -3.96661520e-01
    -4.57670748e-01 2.89183766e-01 3.75565439e-01 2.09697157e-01
    3.46444011e-01 -1.68349624e-01 -3.38740349e-01 -2.88229585e-01
    1.53811872e-01 -3.39980274e-01 1.34818077e-01 -2.25295067e-01
    4.72001374e-01 -3.47388208e-01 -4.54787046e-01 1.41444087e-01
    -4.66460466e-01 3.86102378e-01 -4.50736225e-01 2.04046607e-01
    2.59716272e-01 2.50928998e-01 2.27019310e-01 -5.06749392e-01
    -2.79551804e-01 2.16550827e-02 1.61321878e-01 -3.90324444e-01
    3.09704542e-01 -3.33926588e-01 3.71233821e-02 2.02404320e-01
    -4.16987985e-01 -4.14772570e-01 -2.63304114e-02 -5.58155835e-01
    2.58277595e-01 -8.89770985e-02 -5.64532280e-02 9.12311673e-02
    -1.24068826e-01 -4.54183817e-02 2.94327855e-01 -4.27672029e-01
    1.36363983e-01 3.05621624e-01 -1.98347837e-01 -2.01008320e-01
    -1.98583961e-01 1.56394958e-01 -3.94363910e-01 -5.08204460e-01
    2.65578508e-01 6.71026707e-02 -1.11120939e-01 3.23886335e-01
    -4.15924042e-01 2.42374182e-01 3.05957377e-01 -2.13310957e-01
    -5.42636991e-01 -4.62849647e-01 -4.27973062e-01 -4.13741052e-01
    -2.77321994e-01 -3.81171584e-01 3.98074329e-01 -1.20710403e-01
    4.77240086e-02 -4.62926894e-01 2.75323510e-01 -2.35695273e-01
    -2.57978916e-01 3.07747483e-01 -1.61831677e-01 -4.83885914e-01
    -2.46978790e-01 3.54953647e-01 -4.96535212e-01 8.93491507e-03
    -4.00352359e-01 -3.03113341e-01 1.96623921e-01 2.90744960e-01
    3.64516377e-01 -1.48235500e-01 -7.84590840e-02 2.89648414e-01
    -1.12121344e-01 -4.65829611e-01 5.47419786e-02 -2.20942497e-01
    1.82484210e-01 -5.35641432e-01 -1.00769758e-01 -3.24219823e-01
    3.05178404e-01 -3.96016449e-01 -1.49090439e-01 1.15237653e-01
    3.74207497e-02 3.26295733e-01 -3.25399309e-01 1.03043079e-01
    -4.19295490e-01 3.92486989e-01 3.18796992e-01 -2.69723594e-01
    7.27598667e-02 -3.05714428e-01 -4.04828012e-01 3.86485815e-01
    -1.19992495e-02 -3.21613610e-01 3.86676252e-01 2.17865467e-01
    -4.93152261e-01 -1.56941116e-01 -3.86478454e-01 -1.35362267e-01
    3.16401124e-01 4.09027934e-01 3.82723093e-01 -4.09171909e-01
    -4.19279933e-02 -4.85918224e-01 4.06915128e-01 2.94839859e-01
    3.98070574e-01 -5.25793433e-01 -1.34561062e-02 1.46539927e-01
    -3.76250684e-01 -8.77675414e-02 2.55855918e-01 -3.11502993e-01
    -2.58150756e-01 3.31392646e-01 4.26736236e-01 -3.55620384e-01
    -1.04933441e-01 2.97994971e-01 -5.33330977e-01 3.99746895e-02
    -1.31089687e-02 -2.48648882e-01 1.64045513e-01 -2.84473419e-01
    -3.28303546e-01 1.19257748e-01 -8.25908780e-02 3.24492097e-01
    2.59790719e-01 3.30802798e-02 -4.54669148e-01 2.58020878e-01
    1.89211905e-01 -2.16932058e-01 3.71011019e-01 -4.83597636e-01
    3.68634164e-01 -5.68197668e-02 -1.74016118e-01 1.12679482e-01
    -1.53244853e-01 2.04638302e-01 1.42421484e-01 9.90176201e-02
    -7.06654191e-02 7.25591779e-02 -2.92880625e-01 -8.48066807e-03
    1.32396936e-01 -4.51647133e-01 1.23048842e-01 5.65838814e-02
    -5.22265434e-01 3.03954542e-01 2.39023447e-01 1.17277801e-01
    -4.73489165e-01 -2.38870442e-01 -2.41816282e-01 -2.96347916e-01
    3.01526189e-01 -3.08819979e-01 -2.69301862e-01 1.08251274e-01
    -1.24206811e-01 -1.14277899e-01 -1.61770105e-01 1.94945753e-01
    3.78130257e-01 1.85053468e-01 -8.06050897e-02 -1.62287772e-01
    2.90006697e-01 -5.15138805e-01 -1.09365106e-01 -5.45233488e-01
    -2.93457150e-01 3.96168828e-01 -2.77575403e-01 2.51882613e-01
    -3.44546586e-01 -4.46212679e-01 -2.76947021e-02 3.70970070e-01
    -4.03222501e-01 -2.87400126e-01 -1.53263509e-01 -1.26266390e-01
    4.21354413e-01 -7.10167289e-02 -8.12131166e-03 1.48855925e-01
    3.86603296e-01 -3.05846930e-01 -4.16535944e-01 -3.52438390e-01
    5.55354357e-03 3.15445065e-01 -5.21667480e-01 -1.05759144e-01
    -3.02296877e-02 -4.06426162e-01 3.30748677e-01 -5.27465284e-01
    -4.77190644e-01 3.56295407e-01 -7.32084215e-02 4.20663595e-01
    4.97367382e-02 4.05368805e-01 -3.80359948e-01 2.20435083e-01
    -7.86441565e-03 -7.13446438e-02 -2.72366613e-01 -9.90831852e-02
    5.93940020e-02 3.24012339e-01 -2.36062288e-01 7.54764080e-02
    2.78574884e-01 7.13524222e-02 4.65557396e-01 2.58809388e-01
    3.19004059e-01 -4.75650519e-01 1.52243257e-01 1.31615996e-01
    -7.20323622e-02 2.75965512e-01 8.53532553e-03 4.57094848e-01
    4.73146796e-01 3.46453905e-01 2.71426082e-01 -3.91334146e-01
    4.39249575e-01 1.85833812e-01 -2.97346085e-01 -2.61625230e-01
    -4.67555583e-01 -4.98882592e-01 3.84961963e-02 3.92016828e-01
    -1.67111158e-01 3.59279037e-01 -9.91065502e-02 -3.37393075e-01
    3.08553576e-02 -3.98035645e-01 2.44159222e-01 -5.22464275e-01
    3.99623454e-01 -1.04074299e-01 -3.37212354e-01 -5.05203366e-01
    -4.34553355e-01 2.64438391e-02 2.00293064e-01 1.35656536e-01
    3.18034291e-02 5.04195690e-02 1.03231311e-01 -6.51554465e-02
    -2.87617028e-01 3.92652035e-01 -4.68519002e-01 -5.19124031e-01
    -4.18944955e-01 4.08711433e-02 -2.38462090e-02 -8.14340711e-02
    -3.29721779e-01 -2.15232849e-01 1.22645020e-01 -5.19390821e-01
    -2.80498803e-01 3.31618726e-01 1.98616982e-01 3.78100872e-02
    6.77205920e-02 2.15390801e-01 -3.57415080e-02 -1.73574269e-01
    -2.17525750e-01 -2.62577772e-01 1.16720021e-01 -3.80934328e-01
    -5.38398027e-01 1.62804365e-01 3.22581828e-01 2.99266756e-01
    -2.71844864e-02 2.40616798e-02 1.63826048e-01 -4.60143000e-01
    3.03068042e-01 -5.31404734e-01 -4.23345834e-01 -8.14209878e-02
    1.57204986e-01 6.61327839e-02 3.72518897e-02 2.20741332e-01
    -3.12846601e-01 -4.26098704e-01 4.24086213e-01 -3.97646695e-01
    -7.39646554e-02 -4.22455132e-01 -3.88143778e-01 -5.62770367e-01
    2.35816061e-01 4.17845309e-01 -6.68033957e-02 1.54784620e-01
    -2.12548256e-01 -2.58594155e-02 -4.49725777e-01 3.86489511e-01
    -2.02657163e-01 3.43982458e-01 -2.94646829e-01 8.91764760e-02
    -2.21430182e-01 -2.12162137e-02 -4.07091349e-01 -3.88908237e-01
    -4.03549075e-01 7.72339106e-03 1.82527065e-01 -9.39581990e-02
    -5.36141634e-01 3.74213815e-01 -3.47958058e-01 -2.65274048e-02
    -4.20205981e-01 -3.22295904e-01 3.45737755e-01 -1.64814740e-01
    2.31410563e-01 -4.77399409e-01 -5.49726486e-02 4.21972275e-02
    2.36044705e-01 3.36841583e-01 3.44928682e-01 2.21525431e-01
    -1.76389217e-02 3.83234918e-01 -1.22908950e-02 -2.12902755e-01
    1.79013908e-01 8.36805701e-02 -5.04845977e-02 -2.30782032e-01
    -3.67139488e-01 -1.55836940e-02 -1.93018585e-01 2.08819687e-01
    3.20518315e-01 -6.23231530e-02 -1.63271964e-01 -1.80193841e-01
    -1.62469149e-02 -2.08469927e-01 9.51179266e-02 -3.36834222e-01
    7.44425654e-02 -3.33973527e-01 -4.52713609e-01 -1.07947409e-01
    3.31600666e-01 1.36531889e-01 2.15900719e-01 -4.78922129e-02
    -5.42640328e-01 -3.09307218e-01 -5.62369823e-03 1.81818485e-01
    -3.28698277e-01 -3.74982834e-01 -4.44159001e-01 -1.28933042e-01
    -1.45235419e-01 -1.53152823e-01 2.31635571e-03 3.19670498e-01
    2.89855957e-01 -4.32893634e-01 -2.65962660e-01 3.31576467e-01
    -2.17895508e-02 -1.32776201e-01 2.27141976e-01 -3.70180398e-01
    2.03115344e-01 1.19056523e-01 -3.58074665e-01 3.88725638e-01
    2.91922569e-01 1.31741881e-01 -1.79210722e-01 -3.11332464e-01
    -3.48368049e-01 4.08375323e-01 -4.58534688e-01 -7.89687037e-02
    -2.68435240e-01 -2.67076492e-02 -2.06811428e-01 -2.42784590e-01
    -4.30763662e-01 2.04598129e-01 4.39605296e-01 1.06913805e-01
    -4.14346486e-01 2.14913845e-01 7.55468607e-02 -2.17592806e-01
    1.92282796e-02 1.73137724e-01 8.39412212e-03 2.00616121e-02
    -4.17124033e-01 3.08906436e-01 -1.22528791e-01 2.70684063e-01
    2.21421361e-01 -2.00837255e-02 -5.72123528e-02 -3.67940933e-01
    -2.74237394e-02 -1.45282775e-01 2.34292150e-01 -1.49959564e-01
    -2.38663137e-01 1.96389556e-02 -1.96739256e-01 -4.02586102e-01
    -5.33948064e-01 4.30936754e-01 3.08668971e-01 -4.56645966e-01
    4.38053727e-01 -1.70640588e-01 1.93885505e-01 -4.08973634e-01
    -3.37203145e-01 -3.85195255e-01 3.57712328e-01 -2.91259736e-01
    1.91280007e-01 -4.81242448e-01 -1.76295072e-01 -3.45257074e-01
    -4.90289420e-01 -1.88160717e-01 -4.86223727e-01 -1.71154082e-01
    2.38792241e-01 -3.55339974e-01 -4.61236984e-01 2.29291677e-01
    1.10861957e-01 -7.12693632e-02 4.38596010e-02 -1.35308087e-01
    -4.78643179e-02 -9.64755416e-02 -1.07708275e-01 1.33706689e-01
    -3.20262879e-01 -2.48878241e-01 9.54136848e-02 -1.10965252e-01
    -4.39987630e-01 -1.57112658e-01 3.91305804e-01 -2.98429072e-01
    7.37323761e-02 2.95029044e-01 1.88644230e-01 -4.32009161e-01
    -2.84089744e-02 -2.59201318e-01 2.53298819e-01 -1.26660287e-01
    -4.18790460e-01 2.34912455e-01 3.07712972e-01 4.02317882e-01
    5.79860806e-02 1.49683833e-01 -3.66199523e-01 -4.44326878e-01
    -4.45637494e-01 -3.13672572e-01 1.90592110e-01 4.24951732e-01
    -2.31823385e-01 3.97422433e-01 -2.90359557e-01 1.68449938e-01
    -1.78445071e-01 3.59101713e-01 -2.01197863e-02 3.35072339e-01
    -4.16417718e-02 -1.75538301e-01 1.51821315e-01 -2.79092789e-01
    -4.73318040e-01 -1.87024862e-01 7.33485818e-02 4.35052872e-01
    -7.72237778e-04 1.27282023e-01 -1.61345899e-01 2.68675625e-01
    2.96552837e-01 -2.18916476e-01 -1.76340997e-01 1.16895795e-01
    3.66387725e-01 4.35008287e-01 2.59036481e-01 -3.78172666e-01
    2.53626108e-01 3.68235469e-01 -2.22542763e-01 -1.98648274e-01
    -4.43306148e-01 -2.32971847e-01 -2.95261294e-01 -3.00309598e-01
    -3.10774982e-01 -3.61359447e-01 -3.51337194e-02 -5.20860434e-01
    3.34646046e-01 2.17328429e-01 9.53682065e-02 1.45499647e-01
    -2.42463708e-01 -1.64210439e-01 -2.70238221e-01 5.98894358e-02
    -3.93320620e-01 -5.12385309e-01 -3.32973003e-01 -3.77609730e-02
    4.25578237e-01 3.61213505e-01 1.80080473e-01 -4.68852043e-01
    -4.06323284e-01 1.40103877e-01 -4.58259881e-01 -3.04063886e-01
    -4.40752596e-01 -2.44875610e-01 2.10544348e-01 3.03438306e-01
    -2.93309271e-01 3.43003452e-01 1.56179488e-01 3.99613082e-01
    9.13556814e-02 3.43592465e-01 -4.06067789e-01 3.69593382e-01
    -4.32038873e-01 1.38802409e-01 -4.79513079e-01 4.24252331e-01
    -1.67718500e-01 -3.44186038e-01 9.15320516e-02 -1.06681973e-01
    1.09455585e-02 -2.40534186e-01 1.45255148e-01 1.59757972e-01
    7.29997754e-02 -1.81700170e-01 -5.24878025e-01 -4.51068729e-01
    -1.48775965e-01 2.00984240e-01 -3.69322449e-01 3.34708273e-01
    -6.22466207e-02 3.36855173e-01 2.01817393e-01 -2.20440745e-01
    -4.39921230e-01 9.78879929e-02 7.67828822e-02 -5.28600812e-01
    -4.70740885e-01 8.94687176e-02 -2.11699992e-01 2.75963485e-01
    1.08732939e-01 -1.60286963e-01 1.46736920e-01 1.87282324e-01
    3.41047466e-01 -5.10645032e-01 -2.69122154e-01 4.86468673e-02
    -1.04820460e-01 3.27491283e-01 2.27595150e-01 -4.21452373e-01
    2.92344511e-01 -3.83142292e-01 -3.55782181e-01 -4.18067396e-01
    1.00146532e-02 -4.22188640e-02 1.22491062e-01 1.80259109e-01
    -4.96231914e-02 -1.96228147e-01 4.09445465e-01 -2.71910787e-01
    -4.12215859e-01 -4.13332254e-01 -3.96702349e-01 -3.68201226e-01
    4.24739420e-01 4.01014090e-02 -4.37663198e-01 2.88005888e-01
    2.00324893e-01 -2.49843925e-01 -1.30502015e-01 -1.89995825e-01
    3.53409052e-01 5.09455204e-02 -1.97589874e-01 -4.94619220e-01
    -3.95600945e-01 1.98267817e-01 -5.26356936e-01 -4.12256271e-01
    -2.86071271e-01 2.89772928e-01 3.38735223e-01 3.60959351e-01
    4.16983366e-02 3.69069219e-01 -4.86298382e-01 -4.70632255e-01
    -4.20783877e-01 -4.77661073e-01 4.84622121e-02 -2.17467070e-01
    -2.68443286e-01 -3.09044719e-02 2.62010574e-01 4.13473845e-02
    1.66310430e-01 -1.32037967e-01 -4.96870250e-01 -3.91737640e-01
    2.65578151e-01 4.69541490e-01 1.86725676e-01 4.31385636e-02
    3.22562635e-01 -4.80803967e-01 -3.79464447e-01 -5.21822393e-01
    2.26323485e-01 -3.17149729e-01 4.41875279e-01 -5.32829762e-01
    -9.21043754e-02 4.38659132e-01 6.98411465e-03 2.54096448e-01
    2.45678604e-01 -4.10309821e-01 -2.93181717e-01 -6.23561442e-02
    -2.66369343e-01 -4.69218254e-01 -5.35795212e-01 -3.11511993e-01
    -4.49249566e-01 3.57061446e-01 4.15329278e-01 -3.80626947e-01
    3.39854002e-01 2.02477276e-01 4.01807427e-02 5.09089231e-02
    -1.03053153e-01 2.58257508e-01 1.45410240e-01 2.67180860e-01
    -1.35027975e-01 -4.00208145e-01 -1.54169381e-01 -3.00736815e-01
    3.83604228e-01 -5.39263964e-01 -3.52960974e-01 1.24289036e-01
    -3.90564859e-01 3.14328074e-02 -5.08814335e-01 1.54172003e-01
    9.21887159e-02 -1.61322117e-01 1.30031466e-01 2.67252922e-02
    3.98507118e-02 -4.58781213e-01 4.36036229e-01 -1.19221449e-01
    1.83791697e-01 -4.94152904e-02 -3.77074897e-01 -3.11863512e-01
    8.76703262e-02 3.41917038e-01 2.20703542e-01 -5.64252734e-02
    2.92497635e-01 2.28794515e-01 2.17359900e-01 2.71996498e-01
    9.93963480e-02 5.89361787e-02 4.07311320e-01 -4.45624679e-01
    1.02324247e-01 -3.98028135e-01 -2.01373845e-01 -4.94071156e-01
    -2.17705369e-02 3.34817469e-01 1.00398064e-02 1.53131187e-01
    -3.80124837e-01 -3.11697960e-01 1.42216682e-04 2.83748507e-01
    -3.69152427e-01 -1.54181182e-01 -2.06073463e-01 -2.75764227e-01
    3.42684686e-01 3.78881216e-01 4.06801164e-01 -4.03871834e-02
    -1.82036102e-01 -3.47947091e-01 5.86804152e-02 4.20073509e-01
    1.83929443e-01 -3.49949867e-01 1.54366016e-01 -2.46087611e-01
    3.68504047e-01 2.12815046e-01 -3.50309044e-01 -2.44271755e-02
    -5.27058959e-01 -3.87822002e-01 -5.47257304e-01 2.07439840e-01
    9.51900482e-02 8.78337026e-02 3.40783536e-01 -8.34752023e-02
    3.54060888e-01 3.43512416e-01 3.57829154e-01 -5.42619944e-01
    -2.55047053e-01 -4.56333190e-01 -4.37198251e-01 -5.50292611e-01
    1.53190613e-01 -4.20055926e-01 -1.05229080e-01 2.50515759e-01
    -2.33961046e-01 -5.03139615e-01 -3.27611208e-01 3.72366071e-01
    -3.79432172e-01 -2.11669505e-01 -8.47623348e-02 2.38817096e-01
    -4.08358067e-01 -3.33494037e-01 4.76418138e-02 1.53632224e-01
    -3.96886408e-01 -4.99318838e-01 -3.02489519e-01 -4.13592368e-01
    2.26198852e-01 5.12486696e-02 7.62941241e-02 -5.28669357e-02
    1.21839464e-01 -1.09005153e-01 2.26673484e-01 -2.08032846e-01
    2.35417008e-01 -4.82068837e-01 3.15915108e-01 -4.01835591e-01
    1.54230058e-01 -5.19955039e-01 -4.44088995e-01 2.68374085e-02
    -8.00815821e-02 -4.89712924e-01 -1.20004475e-01 -3.87272269e-01
    5.24868369e-02 -1.33558571e-01 4.23122287e-01 -1.27958477e-01
    3.75705004e-01 3.60901237e-01 1.89524710e-01 -1.45117909e-01
    -2.55647182e-01 4.11698103e-01 3.31812501e-02 4.84807491e-02
    -1.27868831e-01 4.28080440e-01 -2.20417231e-01 2.23283529e-01
    3.94469738e-01 5.71256280e-02 -3.41491371e-01 -2.52200752e-01
    1.01388514e-01 -3.82965863e-01 -4.97912437e-01 -2.05336928e-01
    -2.48557031e-01 1.92069829e-01 -3.23589623e-01 -1.61201000e-01
    1.87252581e-01 2.39479899e-01 -2.88075715e-01 -2.14226514e-01
    -7.79269338e-02 -2.35410571e-01 2.74256170e-01 -2.69349873e-01
    -3.48833859e-01 2.25033343e-01 -3.75664920e-01 -1.93475217e-01
    -3.55221331e-01 1.73286200e-02 1.54494286e-01 1.20563269e-01
    -3.83243114e-01 3.95338595e-01 -3.40532720e-01 -2.01393455e-01
    6.44743443e-03 -3.51446122e-01 -3.55611801e-01 3.51216614e-01
    1.77712440e-02 1.41181290e-01 1.85441732e-01 2.11413026e-01
    8.47753286e-02 -1.41968280e-01 1.46392047e-01 3.83511007e-01
    3.25964153e-01 1.52605116e-01 -2.34210730e-01 4.15005922e-01
    2.41850674e-01 -1.06434762e-01 1.64864719e-01 -9.61853862e-02
    3.17883492e-02 -3.52168798e-01 1.32854998e-01 5.01564145e-02
    -6.60800338e-02 1.54179096e-01 -5.11733413e-01 -2.88578242e-01
    -4.11423326e-01 -5.10460615e-01 1.68387294e-02 1.81215346e-01
    -1.61945134e-01 3.09926450e-01 1.14491820e-01 -1.15303397e-02
    -8.75331163e-02 -3.40272635e-01 -3.27326417e-01 -2.39011407e-01
    -1.33238316e-01 1.69773757e-01 1.30641162e-01 -2.00808048e-03
    -2.17128247e-01 -4.24081087e-03 -1.60479903e-01 2.46579766e-01
    1.77266657e-01 -4.94084358e-01 -3.81648749e-01 -2.03720093e-01
    4.54068422e-01 1.87669933e-01 1.81363940e-01 1.17790222e-01
    -1.58703744e-01 2.70320177e-02 2.01923251e-02 3.82934272e-01
    -1.63412094e-02 -3.03664505e-01 3.15627754e-01 -9.00537670e-02
    3.85140777e-02 -4.02936131e-01 1.88729584e-01 -4.77092892e-01
    -5.47273815e-01 3.10028613e-01 1.10471785e-01 -1.33490801e-01
    -2.13999927e-01 3.50932956e-01 -3.84505361e-01 -8.18901658e-02
    -3.74398410e-01 -3.41474831e-01 3.52336824e-01 2.12667584e-02
    -1.13763750e-01 3.89685512e-01 -4.81535822e-01 4.15270388e-01
    9.04899836e-03 2.34769225e-01 2.51195908e-01 -2.87977695e-01
    4.56239641e-01 -3.87922108e-01 -4.92926747e-01 4.45209742e-02
    1.29961312e-01 3.44876647e-01 -1.65558636e-01 -4.41676378e-03
    3.22332680e-01 -2.46458352e-01 1.15407526e-01 1.27972782e-01
    -9.74065363e-02 -4.33044225e-01 2.20708966e-01 2.96618700e-01
    -4.30360615e-01 1.05900168e-02 -2.19595671e-01 -2.79823840e-01
    3.05872262e-01 -2.55218089e-01 -3.00315320e-01 -5.20337522e-01
    -5.96783459e-02 3.35329831e-01 3.04817259e-01 -4.26495552e-01
    1.39360726e-01 -3.52740526e-01 -1.20865047e-01 -5.07009983e-01
    -1.62430763e-01 -3.95296454e-01 -2.23032117e-01 -6.70407712e-02
    -3.89432609e-02 -3.45498472e-01 1.45581603e-01 -2.18988508e-01
    -1.91698909e-01 -1.56877160e-01 -8.11609626e-02 -4.28000361e-01
    5.46706319e-02 2.81193852e-02 -2.35564649e-01 3.99235308e-01
    -6.24020994e-02 2.40922093e-01 -5.01764178e-01 4.70306218e-01
    3.16723466e-01 -3.23964298e-01 5.68010807e-02 1.10650778e-01
    -4.64041203e-01 -2.05955505e-02 2.26024032e-01 -1.25358611e-01
    -3.18337381e-01 4.05343592e-01 2.03491092e-01 -3.12575132e-01
    1.34400308e-01 -4.14889097e-01 -3.58496904e-02 -1.78294659e-01
    -3.86171758e-01 -2.98573792e-01 -4.40440327e-01 -4.19971734e-01
    -4.13159251e-01 -4.31512207e-01 -2.69503355e-01 -2.90413171e-01
    -3.95753980e-02 -3.13718379e-01 -1.07613027e-01 -1.28343105e-01
    1.92469299e-01 -4.58057374e-01 4.21835780e-01 -1.69692844e-01
    4.92239594e-02 3.52181077e-01 1.91472948e-01 -5.96496761e-02
    -4.25586134e-01 4.57395136e-01 -1.79735780e-01 -2.66976148e-01
    -3.51567894e-01 -4.74408537e-01 -5.04535198e-01 1.16588116e-01
    3.17261994e-01 -4.86359447e-01 3.36596727e-01 -1.77838087e-01
    -1.50895327e-01 3.50877821e-01 -1.54246360e-01 1.96089685e-01
    -5.49961448e-01 -5.57429135e-01 -5.46412826e-01 3.65225255e-01
    -8.55070353e-02 3.01305056e-01 -2.30358183e-01 6.45430088e-02
    -1.87693357e-01 -2.72476137e-01 1.67216837e-01 4.34114933e-02
    -5.22699177e-01 -4.38741207e-01 1.99356496e-01 5.76545000e-02
    6.89012408e-02 1.53311193e-01 6.52239919e-02 -2.36598670e-01
    2.67317176e-01 -4.83704865e-01 7.55124092e-02 -1.57763958e-01
    3.08224559e-02 -9.26831961e-02 -2.58554786e-01 7.66343474e-02
    -2.39597559e-02 -4.58902359e-01 3.71733606e-01 -5.29983640e-01
    -6.67101145e-02 -4.85698462e-01 -2.61735022e-01 -1.75266176e-01
    -5.41085005e-01 -1.53244138e-01 -1.36012256e-01 -4.97704029e-01
    -4.83741492e-01 3.60956728e-01 2.34472156e-02 -7.76733160e-02
    -3.02568078e-02 -1.55503750e-02 -2.30977058e-01 3.95862520e-01
    -3.80691916e-01 -4.61126119e-01 -4.00779128e-01 -3.66795897e-01
    8.27888846e-02 -1.29980892e-01 8.58616829e-03 -2.17717499e-01
    -2.45080173e-01 -4.04637992e-01 -2.18806267e-02 1.31237328e-01
    1.09723806e-01 -1.16300672e-01 -1.47868931e-01 1.60608888e-01
    -1.33995146e-01 4.57144976e-02 4.28149045e-01 -4.87137109e-01
    -1.19822919e-01 3.42327654e-01 -1.63922310e-02 1.93830371e-01
    -5.05471468e-01 2.20292091e-01 -4.60939914e-01 3.10058594e-01
    1.52006745e-02 -4.47325557e-01 -1.22514516e-01 1.52698755e-02
    8.45960379e-02 -6.50933385e-02 -3.10703516e-02 3.99407029e-01
    1.53606415e-01 -1.21932179e-01 -4.70160842e-02 -3.17369103e-01
    1.60651684e-01 2.64674425e-01 -1.01418495e-02 5.44477701e-02
    3.41788292e-01 4.14274454e-01 2.75913477e-01 2.29134262e-01
    3.84877801e-01 8.97373557e-02 2.19637215e-01 4.87605751e-01
    2.00224280e-01 -8.21850896e-02 -1.21811122e-01 2.40380466e-01
    -6.75537586e-02 -7.70402253e-02 -8.32096934e-02 -1.32628947e-01
    -4.93425190e-01 -1.71868593e-01 -3.54800850e-01 -4.95176733e-01
    -2.40106046e-01 -2.69232303e-01 2.73970902e-01 -4.65425313e-01
    -5.04825234e-01 -4.65558887e-01 -3.64363700e-01 6.91570044e-02
    -8.88030529e-02 -2.92705834e-01 -5.25366724e-01 -4.45277452e-01
    -2.17424512e-01 -4.10570890e-01 7.35192895e-02 -4.67568934e-01
    -4.74097133e-01 -4.46067095e-01 3.45272779e-01 1.48289680e-01
    4.32141423e-02 2.53203273e-01 6.85259700e-02 2.95355856e-01
    -2.54163444e-01 2.95076013e-01 -5.68569303e-02 4.36940849e-01
    -7.19748735e-02 -7.64160156e-02 -5.18948257e-01 -9.14839506e-02
    -2.30690509e-01 1.37167871e-01 9.26691890e-02 3.54507148e-01
    -3.42938006e-01 -1.55270636e-01 3.37184072e-01 3.91276360e-01
    3.82361591e-01 -4.83349323e-01 3.40037286e-01 1.65459633e-01
    3.65443826e-02 3.77309859e-01 3.36879730e-01 3.81378055e-01
    1.82666361e-01 1.58652723e-01 4.12152946e-01 -2.02177405e-01
    2.26600230e-01 8.40027332e-02 -5.56004047e-03 3.62667501e-01
    2.36761749e-01 3.59262705e-01 7.36839771e-02 -3.25968534e-01
    -1.83025002e-02 2.71647453e-01 -5.13146162e-01 -5.35025299e-02
    -1.22359753e-01 -1.25230283e-01 -2.26803958e-01 4.50918019e-01
    -7.14778006e-02 4.18747544e-01 1.09451473e-01 -2.26885438e-01
    -2.08444715e-01 1.25239491e-01 1.98753774e-01 1.21603608e-02
    -5.35036922e-02 -1.82523608e-01 5.86156845e-02 -3.48358005e-01
    -1.19081795e-01 -4.18160796e-01 1.24043763e-01 4.89308834e-02
    3.34393382e-02 -3.79249126e-01 -4.13863957e-01 2.17349172e-01
    -2.72343397e-01 -3.03159118e-01 3.79454494e-02 2.67709494e-02
    1.02906466e-01 -3.44060004e-01 4.26571369e-02 3.02825749e-01
    -2.43734151e-01 3.71350467e-01 4.24813747e-01 1.16112232e-01
    -4.77627337e-01 1.85942054e-01 5.07361293e-02 -1.70107484e-02
    3.52244258e-01 5.17572761e-02 -5.06578207e-01 8.72454643e-02
    1.27077639e-01 -5.53153992e-01 1.08244658e-01 -2.87869215e-01
    -1.33589923e-01 -4.15577978e-01 -2.13110805e-01 2.75919497e-01
    1.71496689e-01 -3.18408161e-01 -3.46889466e-01 5.28877974e-03
    -4.95564878e-01 2.94136465e-01 1.07008874e-01 1.25306070e-01
    -4.36127961e-01 -4.86436784e-02 1.07553601e-01 4.61518228e-01
    2.55346537e-01 -2.86279947e-01 -3.05296183e-01 -4.81791794e-01
    -4.97587323e-02 1.21912956e-02 3.81309807e-01 3.91889751e-01
    3.19363713e-01 1.32445395e-01 3.07271361e-01 1.33433223e-01
    3.42387140e-01 -4.53606755e-01 1.03113055e-01 1.82892978e-01
    -2.75463283e-01 -1.95130825e-01 3.57465804e-01 -1.56150132e-01
    -3.16537023e-02 -2.91057676e-01 3.04538012e-02 1.12359643e-01
    -1.67415529e-01 -4.29564178e-01 4.44467187e-01 -9.40769911e-02
    -4.79467273e-01 -3.52428555e-01 2.84625709e-01 -2.62996614e-01
    -3.65497261e-01 -5.28109789e-01 -1.47116363e-01 -4.06938195e-02
    4.60395217e-02 3.04656446e-01 2.89243996e-01 -2.64433563e-01
    -2.98697710e-01 -1.47500575e-01 2.76131034e-01 -2.56947815e-01
    -2.32413203e-01 -4.52319920e-01 2.19998240e-01 6.70796633e-03
    1.61763728e-01 -3.55385751e-01 -2.33213484e-01 -4.87734020e-01
    -2.05432057e-01 -4.28378254e-01 -2.18505800e-01 1.50075734e-01
    -3.62459421e-02 3.27153146e-01 1.40144050e-01 3.90661359e-02
    -5.41883230e-01 -3.66531461e-01 -3.77721578e-01 -3.19582701e-01
    -4.67988372e-01 -5.09974122e-01 -4.63219285e-02 2.30132222e-01
    7.78466463e-03 -3.76024485e-01 -3.96455437e-01 4.35485482e-01
    9.10556316e-03 2.52741992e-01 3.89384449e-01 3.27731192e-01
    -4.56810534e-01 2.70126939e-01 -4.52192813e-01 -8.44050050e-02
    -5.00785708e-01 3.68990541e-01 4.01632071e-01 -1.36802375e-01
    4.11741734e-02 1.62164867e-01 -3.12404722e-01 -3.12908769e-01
    -4.26317930e-01 -2.42668927e-01 2.97257960e-01 3.60306859e-01
    3.48607898e-02 1.53603077e-01 3.06315005e-01 -2.01755762e-01
    -1.44176960e-01 -1.41905725e-01 -1.06400579e-01 3.61275792e-01
    4.26354408e-02 -3.56632799e-01 1.95443392e-01 1.17581964e-01
    -3.33632380e-01 3.77363563e-01 3.15074325e-01 2.00968146e-01
    4.82275486e-02 2.54638314e-01 -2.96830833e-01 3.64162326e-02
    5.95218539e-02 -2.15113074e-01 1.37521327e-01 -1.38362259e-01
    -4.68422830e-01 3.22614908e-01 2.08461881e-02 3.50395739e-01
    -4.66112942e-01 2.04135776e-01 -6.42924905e-02 4.82242405e-01
    -1.68585122e-01 -1.91538572e-01 -1.82424664e-01 -1.06477141e-01
    -3.68920118e-01 1.60100818e-01 4.45326567e-02 -4.14220065e-01
    -5.25248051e-01 2.13464737e-01 -4.12651956e-01 -2.82299995e-01
    3.67799997e-02 1.75944448e-01 3.27795148e-02 9.49860215e-02
    2.48418987e-01 4.36975956e-01 -2.97925949e-01 1.94578230e-01
    -6.66671395e-02 3.60755146e-01 9.96170640e-02 -2.05252647e-01
    3.28022718e-01 3.27715039e-01 1.80681825e-01 -7.09570646e-02
    3.99846017e-01 -3.60077858e-01 -4.40126002e-01 -4.88460004e-01
    1.30928636e-01 -2.54465342e-02 2.18510568e-01 -3.19847822e-01
    9.82530117e-02 3.48020256e-01 2.77545333e-01 -2.51728743e-01
    -3.91780317e-01 -4.03315991e-01 -1.13467038e-01 -4.76048231e-01
    -1.02159560e-01 3.29748094e-01 2.89430618e-02 -4.09709960e-01
    3.46128821e-01 -3.00471663e-01 4.39399898e-01 -3.64532113e-01
    -8.59408379e-02 -7.62528181e-02 3.05001795e-01 -4.58194762e-01
    -3.24710816e-01 2.33383477e-01 1.83497965e-01 -5.24578929e-01
    -4.38612342e-01 3.42926502e-01 -4.78666633e-01 -5.11667788e-01
    2.57182717e-02 2.06948519e-02 1.72210753e-01 -1.75997972e-01
    -1.80436283e-01 -4.05133694e-01 -2.83476710e-01 -4.39439386e-01
    -1.50663763e-01 -5.34440041e-01 2.64226794e-01 -5.28560877e-01
    -1.90068662e-01 -1.90841705e-01 2.20361948e-02 1.14559174e-01
    -3.06805968e-01 1.13829553e-01 4.32188153e-01 -1.80905998e-01
    -4.41341013e-01 -7.16164410e-02 -4.91148770e-01 1.24522865e-01
    4.02614415e-01 3.59705746e-01 4.01021361e-01 -4.68494833e-01
    1.15997791e-01 -2.53116548e-01 2.40207374e-01 7.12202787e-02
    -4.81208742e-01 -5.72591126e-02 1.73786879e-01 1.08377218e-01
    3.52943540e-01 3.50621939e-01 4.39839184e-01 -2.14861214e-01
    -4.20558900e-01 4.76346612e-02 1.53424203e-01 -4.81653303e-01
    2.07120597e-01 -2.01169252e-02 -2.27411926e-01 9.64336395e-02
    -5.91487288e-02 7.70290494e-02 2.36142635e-01 5.61400652e-02
    4.22492743e-01 -3.06284428e-03 9.64691043e-02 4.00443554e-01
    -4.01639342e-01 3.18583727e-01 6.87771440e-02 -2.12623000e-01
    -1.55864835e-01 -1.29736662e-01 -2.94687331e-01 3.85022163e-01
    -1.59437031e-01 1.33757174e-01 2.47151911e-01 -1.06891185e-01
    3.93159389e-02 4.48779285e-01 -4.30575579e-01 2.61558294e-01
    -3.12160254e-01 -2.91197389e-01 2.50696421e-01 1.33977950e-01
    -1.35613471e-01 3.42489600e-01 4.16645467e-01 3.55286777e-01
    3.88396680e-01 -1.13903373e-01 -5.69256425e-01 6.71628118e-02
    -4.31635648e-01 8.79762173e-02 3.99335086e-01 -2.87023276e-01
    9.54011679e-02 7.03845024e-02 3.40417385e-01 3.75809431e-01
    -3.49919796e-02 4.55339253e-01 3.08819175e-01 -9.92512703e-02
    -4.15964812e-01 1.49058819e-01 1.93067193e-02 2.56399274e-01
    5.98074794e-02 2.03137338e-01 -2.91349351e-01 8.42909813e-02
    4.04437900e-01 -2.71390080e-01 3.10321450e-02 -3.29898536e-01
    1.69798374e-01 -2.58766800e-01 -1.44632965e-01 -4.92045194e-01
    -6.42131567e-02 1.08957291e-02 -5.44361472e-01 4.06963706e-01
    -3.25714678e-01 4.38851655e-01 -4.79829252e-01 1.36210918e-02
    2.09515452e-01 -2.18353868e-01 3.77007961e-01 1.78332984e-01
    -1.01242304e-01 -2.65261561e-01 3.71688843e-01 2.83475757e-01
    2.23461866e-01 1.14244282e-01 2.85261869e-03 -7.17387795e-02
    2.67100930e-01 3.16310167e-01 -1.29824579e-01 5.26832938e-02
    -2.31656969e-01 -2.62172282e-01 2.39891112e-01 -2.23386794e-01
    -1.61968172e-01 3.34093928e-01 4.47149694e-01 -3.98673594e-01
    -4.79140282e-02 1.15915298e-01 -4.01348531e-01 -3.56579512e-01
    2.14921594e-01 1.38004482e-01 3.64232183e-01 -1.23478204e-01
    -2.91645527e-03 -1.83953285e-01 3.77491951e-01 -2.60265112e-01
    -2.38179862e-01 -7.01176822e-02 -1.45114064e-02 -5.15347719e-02
    4.34114337e-02 -1.40290052e-01 -2.62993485e-01 -3.52813125e-01
    4.12445664e-01 -3.89833778e-01 -2.47440457e-01 -2.00226426e-01
    1.34006500e-01 -3.41493875e-01 7.21963644e-02 -3.06720585e-01
    -5.36309123e-01 -2.62802452e-01 -4.15782601e-01 -3.15992057e-01
    -4.07846004e-01 -1.72696680e-01 -3.45260710e-01 4.69885111e-01
    3.42974961e-01 -4.56716090e-01 -1.38562322e-01 -3.70417535e-02
    -2.36683637e-01 -4.43239242e-01 -1.23440236e-01 2.38937914e-01
    -2.35662669e-01 -3.06665868e-01 -5.22578120e-01 -4.33325082e-01
    3.24392498e-01 -4.25261557e-01 -8.87950361e-02 -9.83718634e-02
    -8.11626017e-02 -4.52424973e-01 -5.14140606e-01 6.59662485e-02
    2.94065714e-01 3.95758152e-01 -4.45266068e-02 -1.39665991e-01
    4.02530968e-01 -1.97763383e-01 -8.93166065e-02 -5.12453437e-01
    4.38851118e-01 -1.12402916e-01 -1.05468541e-01 -1.85616434e-01
    -6.26629591e-02 -2.04816222e-01 1.96197629e-02 -1.28692269e-01
    -5.16695023e-01 -1.02510005e-01 3.32933903e-01 -1.05341077e-01
    -3.84222090e-01 -3.21574390e-01 3.39934170e-01 1.79379106e-01
    -3.29084545e-01 1.75389767e-01 2.01339781e-01 -1.49132818e-01
    -5.69888055e-02 -3.30702215e-01 3.07293653e-01 -4.22117919e-01
    -1.62947714e-01 1.76125228e-01 2.89718091e-01 -3.66414517e-01
    2.25131512e-02 3.84513021e-01 -1.29635721e-01 1.69970572e-01
    -1.59002542e-01 -4.06537741e-01 -2.49772698e-01 3.28932583e-01
    1.09905601e-02 2.34770536e-01 -4.43744063e-01 4.43480253e-01
    3.03341508e-01 -3.74384671e-01 4.49188650e-01 -2.82979786e-01
    2.42523670e-01 -3.19904655e-01 4.30755973e-01 -1.09872878e-01
    -4.62314039e-01 -4.15217787e-01 -3.56571853e-01 -2.38215566e-01
    1.25860989e-01 7.94072151e-02 -5.25289714e-01 1.98294938e-01
    -4.22402799e-01 -2.83976197e-02 -4.56658453e-01 -4.19328183e-01
    -1.50076479e-01 -2.84160405e-01 -2.56246030e-01 -2.35861659e-01
    -2.37334281e-01 4.25486326e-01 -2.93493956e-01 -3.35246086e-01
    1.62141442e-01 -4.07960504e-01 1.33453786e-01 -4.27953124e-01
    7.07477331e-03 -5.18336415e-01 -7.05333352e-02 -4.85183179e-01
    -1.84654832e-01 3.85129929e-01 4.09423172e-01 -4.03399765e-01
    -4.93673503e-01 -8.79811049e-02 -4.21041638e-01 -4.91031647e-01
    -5.12117684e-01 2.94858634e-01 -4.28521633e-03 -5.42241931e-01
    2.18966842e-01 2.72785723e-01 3.74868870e-01 -4.15104508e-01
    8.51279497e-02 2.43069172e-01 -4.54238653e-01 -6.42223358e-02
    2.41539359e-01 -4.36089009e-01 1.78179920e-01 3.36812317e-01
    1.67564571e-01 -3.73178780e-01 -1.33669376e-03 -4.87842470e-01
    2.02581406e-01 -4.34376806e-01 -5.97431660e-02 -3.74193341e-01
    -1.79713666e-01 -7.62118399e-02 -8.16561580e-02 1.64051771e-01
    2.94238031e-01 -4.33032244e-01 -4.03493851e-01 1.48785233e-01
    -2.47632444e-01 1.83674455e-01 -9.46521461e-02 1.24860764e-01
    -1.18060231e-01 1.63224936e-02 1.22312307e-01 7.82948732e-02
    2.99196303e-01 2.38084614e-01 -8.39156806e-02 2.31009603e-01
    -1.33291483e-02 1.48027122e-01 -1.37700528e-01 4.00312185e-01
    3.78190756e-01 2.90101826e-01 6.02334738e-03 3.22463870e-01
    4.73052263e-02 -4.06158358e-01 -9.66508985e-02 -5.54098308e-01
    2.98421741e-01 -1.54834986e-01 5.53318262e-02 1.67309284e-01
    -1.11248255e-01 -2.37309873e-01 -4.75840211e-01 -2.81904668e-01
    6.53194189e-02 -5.14523029e-01 4.98692989e-02 3.92918468e-01
    -8.26008916e-02 1.62931085e-01 4.25430834e-01 2.60078371e-01
    3.79689276e-01 -7.48661458e-02 1.61662638e-01 -3.03385973e-01
    -8.36094916e-02 -4.89868551e-01 -2.28525400e-01 -2.53515154e-01
    -1.32695884e-01 -5.02573729e-01 -4.65766788e-02 -2.22872257e-01
    -1.25273943e-01 2.25311458e-01 -1.18735135e-01 -1.28172219e-01
    -4.28716302e-01 4.07403409e-01 -2.13370860e-01 -4.10691351e-01
    4.03594136e-01 2.27782726e-01 7.08489418e-02 2.22853422e-01
    -4.28235531e-03 3.44533801e-01 4.02244925e-02 3.29368412e-01
    1.52605534e-01 -4.70981270e-01 -1.77983701e-01 3.50378454e-01
    4.46972609e-01 -4.83780503e-01 -4.85113919e-01 -3.33566010e-01
    -2.20620632e-01 -3.76925588e-01 -2.82295734e-01 -4.28344399e-01
    -1.09555900e-01 2.39042640e-01 4.31780159e-01 1.45340562e-02
    1.46040618e-01 2.55373478e-01 -8.18554759e-02 2.29921222e-01
    -3.32619101e-01 -4.39072669e-01 2.60067642e-01 2.26519048e-01
    7.78514147e-02 3.37140501e-01 2.11336017e-02 4.26150680e-01
    -4.15313780e-01 -3.38350236e-01 -6.90976083e-02 -6.82074428e-02
    4.50059116e-01 1.96370304e-01 3.15935969e-01 -7.74128437e-02
    -1.52250946e-01 2.32139230e-02 4.52788234e-01 2.45968878e-01
    -3.43251020e-01 -5.00650883e-01 -9.63076055e-02 4.47405577e-02
    -3.25548381e-01 -4.31281924e-02 -2.81774163e-01 -1.84689581e-01
    1.28736317e-01 2.85484672e-01 9.65493917e-03 2.60365009e-02
    7.10095763e-02 1.02923393e-01 3.24084342e-01 4.01872814e-01
    -9.78764594e-02 -4.87039804e-01 -7.86004364e-02 3.62934172e-01
    2.29657412e-01 3.58452678e-01 -3.76353979e-01 -2.26432592e-01
    -3.24389160e-01 -4.04674619e-01 -2.44142354e-01 -3.96167606e-01
    -4.62511450e-01 -1.61937058e-01 3.51102471e-01 2.02972353e-01
    -2.72077203e-01 1.15891516e-01 4.29475009e-01 -2.59328485e-01
    -6.05493784e-03 -1.54143602e-01 -8.58280063e-02 -3.24305952e-01
    2.81272531e-02 -3.42196822e-02 1.65136516e-01 4.03803289e-01
    3.95158768e-01 -3.56768996e-01 2.96364844e-01 6.62608147e-02
    -3.07210684e-02 -1.92354769e-01 -1.09597445e-01 -1.25809103e-01
    2.96515286e-01 -1.54897332e-01 2.75848091e-01 -4.64572042e-01
    -1.56745434e-01 2.41037965e-01 2.23460078e-01 2.23750651e-01
    4.32820976e-01 -4.28435922e-01 -4.10404265e-01 -8.66957903e-02
    3.26120853e-02 -1.82344258e-01 4.21313822e-01 -3.91590953e-01
    2.77354121e-02 3.18998337e-01 3.61077905e-01 3.12881589e-01
    -7.02350140e-02 -3.14278513e-01 -5.57685494e-02 -3.41017842e-01
    -1.98497474e-01 3.61078382e-02 2.82034516e-01 -2.26514578e-01
    -1.99916065e-01 2.34339595e-01 3.91833127e-01 3.80078197e-01
    -3.98226947e-01 1.93336010e-01 -1.57848597e-01 4.09895599e-01
    -1.08572483e-01 -3.76242340e-01 -3.28208745e-01 -8.60334039e-02
    1.11280322e-01 -1.97444558e-01 -1.36947215e-01 -5.11859655e-01
    -3.12355757e-02 1.96120441e-01 2.35429108e-01 -2.40286410e-01
    -1.91853106e-01 3.89987826e-01 6.36208057e-02 -7.23838806e-03
    -3.18639934e-01 -5.14794469e-01 -2.65175819e-01 3.29709649e-01
    -1.80730373e-01 -5.39036691e-01 -2.85726130e-01 -2.73070663e-01
    -7.13149905e-02 -4.79151994e-01 2.08557904e-01 -5.13484299e-01
    3.72902989e-01 2.77056634e-01 4.89245653e-02 -1.13927722e-02
    1.13892436e-01 3.87007177e-01 3.08144748e-01 -5.04841089e-01
    3.59180570e-02 -3.22295368e-01 -3.17424178e-01 -1.83269083e-01
    -1.93090141e-01 1.68431222e-01 -7.02427030e-02 1.24650300e-01
    -7.61708617e-02 4.33686912e-01 -2.67129183e-01 -3.91236007e-01
    -1.91183567e-01 -5.45701385e-02 -2.01812387e-02 4.04431462e-01
    -2.50907749e-01 -4.21308875e-01 -9.65092182e-02 -3.19733828e-01
    2.46914089e-01 1.89085841e-01 -4.85643357e-01 -1.59156978e-01
    -4.76873338e-01 -2.36991376e-01 -8.60737562e-02 -5.13764203e-01
    1.79879069e-02 2.32807040e-01 -2.33440071e-01 -4.56095815e-01
    2.62042880e-02 1.10589623e-01 -2.61095166e-02 -1.34571046e-01
    3.16318333e-01 2.50101745e-01 3.12066555e-01 3.50913882e-01
    -4.73917395e-01 -5.50353885e-01 -3.28230441e-01 -5.27730942e-01
    -1.56588733e-01 -4.89374310e-01 -5.24414837e-01 -1.14284396e-01
    2.50127852e-01 -4.40432996e-01 -5.08215129e-01 -2.63368666e-01
    8.21717381e-02 2.60833859e-01 -3.74058723e-01 -2.56143749e-01
    2.87331939e-01 -3.71051759e-01 -2.06722200e-01 1.51519775e-01
    -4.64287490e-01 3.02827895e-01 1.90560400e-01 4.16009903e-01
    -5.37572503e-01 2.01753199e-01 1.87045395e-01 -3.35764796e-01
    -5.49900532e-01 -4.35106963e-01 2.09073424e-02 6.91837072e-03
    1.26396716e-01 -5.40423214e-01 1.57751203e-01 1.92117095e-01
    2.33081281e-01 -1.14121586e-01 3.85151327e-01 -1.27176940e-01
    -4.78128731e-01 -1.77173376e-01 -5.31153262e-01 -4.37097311e-01
    -5.92614532e-01 3.48347843e-01 3.95731747e-01 1.77054524e-01
    -2.10733801e-01 1.09529078e-01 1.75584733e-01 5.56300879e-02
    -1.28092736e-01 -5.51635385e-01 1.05088949e-01 1.97717965e-01
    -3.47554624e-01 -9.29528773e-02 -3.05415869e-01 -4.99683589e-01
    1.85213208e-01 -2.06449300e-01 -2.81732082e-02 3.31425488e-01
    -8.95150900e-02 1.30151331e-01 3.95756662e-01 3.08215141e-01
    3.36441398e-02 -2.49683857e-03 -5.41845202e-01 -7.75229633e-02
    1.05008960e-01 -1.39557183e-01 3.18627119e-01 5.77035546e-02
    -3.91854078e-01 2.79138863e-01 1.62251115e-01 -4.70618188e-01
    4.11914587e-02 9.40201283e-02 -4.25944895e-01 -1.71466470e-01
    2.09157586e-01 -4.16023135e-02 2.07767665e-01 1.28087997e-02
    6.42669201e-02 -5.14810681e-01 1.17906034e-01 1.02099597e-01
    -1.36124492e-01 -4.26169425e-01 4.07285333e-01 4.22635317e-01
    -1.88948989e-01 1.96421325e-01 -2.19653666e-01 -7.69233704e-03
    -2.86527246e-01 -9.33770537e-02 -3.88940901e-01 4.40453589e-01
    4.52235639e-01 -1.06728375e-01 4.13783610e-01 -5.16083241e-01
    -4.10050988e-01 -2.26991117e-01 1.40795708e-02 -3.25745076e-01
    4.83673811e-03 -1.19817376e-01 -2.33209670e-01 2.17515409e-01
    3.96158338e-01 2.40515709e-01 -1.73523128e-01 -5.38163245e-01
    3.98176372e-01 1.25390470e-01 -4.63873357e-01 2.56377101e-01
    2.52915263e-01 -1.33984357e-01 2.49546766e-02 1.87819958e-01
    -5.15092373e-01 -3.32353145e-01 -4.89242762e-01 -2.57277548e-01
    1.53365314e-01 1.64278984e-01 -4.93066877e-01 9.11808610e-02
    5.42824268e-02 -1.83926046e-01 2.47882485e-01 -3.82875383e-01
    -6.55171573e-02 -5.69216609e-02 3.72709036e-01 2.92740285e-01
    -3.87834579e-01 -1.10147178e-01 -2.90645242e-01 -1.16568506e-01
    5.93869686e-02 -1.65999830e-01 -3.87074083e-01 -4.46351677e-01
    2.22334385e-01 1.39903784e-01 -1.32187873e-01 1.41837478e-01
    2.94467330e-01 1.09576583e-02 3.79176974e-01 2.48247087e-01
    -3.44958752e-01 -4.90624428e-01 3.91413450e-01 -5.28757215e-01
    -4.54395950e-01 -3.22167337e-01 -2.21680701e-01 3.83186340e-02
    2.78488457e-01 -1.22837991e-01 3.14908922e-01 -2.69720376e-01
    -3.04213822e-01 -2.88488925e-01 -4.03146893e-01 -3.89405012e-01
    -3.00712824e-01 3.96826684e-01 -1.83241606e-01 -5.17550826e-01
    1.39952064e-01 -1.56918257e-01 -3.47538590e-02 -2.86183804e-01
    -7.62392282e-02 -2.02386975e-01 -2.58127332e-01 -7.72502124e-02
    -4.07763451e-01 -4.34366375e-01 2.73644328e-01 -2.52547026e-01
    -4.92094159e-01 -3.19559544e-01 3.04405630e-01 -4.88416135e-01
    -1.51175797e-01 -1.81804836e-01 -5.23637533e-01 1.48849308e-01
    1.54908419e-01 1.04719102e-01 -3.62115383e-01 7.71498680e-03
    -3.48278672e-01 -1.75797522e-01 -3.05847377e-01 -3.37780893e-01
    -2.73984909e-01 3.70548129e-01 -5.06389320e-01 -2.06200778e-01
    2.82887816e-02 -4.99106467e-01 -4.37290579e-01 -1.91352338e-01
    -4.59825695e-01 -1.95145786e-01 -4.49686348e-01 -2.96961367e-01
    1.27511978e-01 1.50177777e-01 -2.92362988e-01 -7.32773542e-02
    1.23539090e-01 9.26051736e-02 -3.72618556e-01 3.93406451e-01
    3.90107930e-01 1.76500797e-01 3.61338317e-01 9.38296318e-03
    1.47771895e-01 -5.26850581e-01 -2.14672565e-01 -4.05559957e-01
    -6.55368268e-02 -7.32144117e-02 -2.54267454e-03 4.61057365e-01
    1.06523037e-01 1.36704266e-01 2.96449602e-01 3.08965921e-01
    2.60043263e-01 3.18988323e-01 -3.29135358e-01 -3.56003404e-01
    -2.29513854e-01 1.45589888e-01 -6.94707930e-02 4.11761582e-01
    2.96171904e-01 -4.49732482e-01 -1.93144262e-01 -5.79536557e-02
    -3.01871836e-01 -4.52456474e-02 2.66004384e-01 1.89190567e-01
    -2.05171108e-03 -1.32547736e-01 8.66228342e-03 -4.17535186e-01
    3.46627593e-01 -8.03291798e-03 -2.08963007e-01 -8.21834505e-02
    1.13413870e-01 -3.78715187e-01 1.65672302e-01 -4.04623151e-01
    -3.15624148e-01 -1.70950681e-01 -4.03644204e-01 1.10275805e-01
    4.14200187e-01 -4.60893422e-01 3.54256749e-01 3.56148660e-01
    3.53860795e-01 -1.95163220e-01 2.78548717e-01 -2.60567009e-01
    4.66657281e-02 -2.56152004e-01 3.92533362e-01 5.02821207e-02
    3.09291065e-01 1.38307214e-02 -3.47195268e-01 -4.87648636e-01
    -2.04761863e-01 2.01473951e-01 3.25979829e-01 1.73123717e-01
    1.79460883e-01 -2.81259656e-01 -4.92068946e-01 -2.91244090e-01
    -3.64730418e-01 1.74528837e-01 -2.82512248e-01 3.98315609e-01
    -1.64252281e-01 3.36114466e-01 -1.35569751e-01 -1.46266222e-02
    -1.19858503e-01 2.09632039e-01 6.57125115e-02 3.38945031e-01
    3.06754112e-02 1.81862473e-01 -5.33567548e-01 2.83578575e-01
    2.89258361e-01 -1.38060451e-02 4.30242717e-01 -2.56436884e-01
    -1.81782633e-01 6.40969872e-02 3.72169137e-01 -1.35473102e-01
    2.75395274e-01 -1.92330599e-01 -4.44166720e-01 -5.26352882e-01
    -2.32145876e-01 1.22502685e-01 1.80050731e-02 -4.20447588e-02
    -5.12712479e-01 -4.86607015e-01 -1.14839017e-01 2.08825409e-01
    8.85462761e-03 -1.08765364e-02 -1.05665207e-01 -5.07853091e-01
    -4.36577559e-01 -2.67978787e-01 8.87041092e-02 -8.98052454e-02
    -5.13879538e-01 2.96556294e-01 -7.68301785e-02 -5.41127920e-01
    1.07308984e-01 3.42088401e-01 -1.99722588e-01 -3.49116325e-03
    -3.58868718e-01 4.36790466e-01 4.22700226e-01 -3.59716892e-01
    -4.79060709e-02 2.17487633e-01 -4.24064934e-01 7.51793385e-03
    -4.70095158e-01 3.42895925e-01 -3.36967260e-01 -3.98364335e-01
    -5.13165236e-01 3.15584540e-02 4.65443075e-01 3.80621910e-01
    4.65291381e-01 1.36130691e-01 8.93312097e-02 -2.99434453e-01
    -2.16783047e-01 -2.53193170e-01 -5.03592968e-01 -4.89441842e-01
    -3.35810453e-01 3.04214418e-01 2.70109177e-02 -3.13483179e-01
    -1.42861843e-01 3.91368866e-01 -1.23311162e-01 -8.58774781e-02
    -5.35016596e-01 4.22943532e-01 2.37062514e-01 4.29908097e-01
    4.36075687e-01 -4.22376633e-01 2.54822195e-01 -4.73315001e-01
    2.00493336e-02 -5.02075434e-01 8.34590197e-03 1.44593537e-01
    -4.64155674e-02 -7.23615587e-02 3.06957185e-01 -2.38090873e-01
    -1.74235702e-01 -1.88633382e-01 6.86044097e-02 3.50750446e-01
    -3.76912653e-01 -4.60729063e-01 -6.47538900e-03 -3.53462607e-01
    6.57735467e-02 2.87432671e-01 -5.46315908e-02 -3.11160773e-01
    -5.32332242e-01 2.40533352e-01 4.00902987e-01 -5.44434786e-03
    -4.11949247e-01 -1.39196575e-01 1.45822942e-01 1.33948207e-01
    2.46571302e-01 4.01849329e-01 3.30659688e-01 4.29258823e-01
    -5.15995562e-01 1.63520098e-01 -1.87892973e-01 -3.79904538e-01
    1.25966609e-01 -4.25751656e-01 -5.17682433e-02 1.91303611e-01
    -1.14411026e-01 -2.04555988e-01 -2.97756791e-02 -1.56259358e-01
    3.94596279e-01 1.09051466e-01 -1.53020084e-01 1.84979558e-01
    1.97095692e-01 -5.70649505e-02 -5.90180159e-02 -1.91845477e-01
    -4.98971939e-01 2.21560895e-01 -4.93743718e-01 4.33992028e-01
    1.70238912e-01 4.28028345e-01 1.70412838e-01 2.06920207e-01
    -3.44924599e-01 -7.57814944e-02 -1.96521670e-01 4.21539009e-01
    -2.06930518e-01 3.56240809e-01 -7.57758319e-02 -4.66381311e-01
    2.24598408e-01 4.16994691e-01 -2.56116241e-01 -4.47580546e-01
    2.11097538e-01 -1.15119159e-01 2.72909939e-01 -1.22493029e-01
    -2.51582474e-01 1.89481676e-01 -1.08655661e-01 3.03093731e-01
    -2.73316145e-01 -1.17841035e-01 -7.01959133e-02 -1.37809694e-01
    -2.59459257e-01 -1.07320696e-01 -2.15988874e-01 9.03499126e-02
    -1.33133382e-01 -7.08070397e-02 1.22996032e-01 1.84668779e-01
    2.31367350e-03 2.64341295e-01 2.18771994e-01 2.58615017e-02
    1.06556356e-01 -2.96577096e-01 -2.62277961e-01 4.65946913e-01
    1.73816860e-01 -7.59172440e-03 -1.51111007e-01 2.82256663e-01
    3.51561964e-01 7.53875971e-02 -4.04314220e-01 3.07739139e-01
    -5.19041896e-01 2.90185153e-01 -1.31793916e-01 -1.54133260e-01
    3.09430540e-01 4.69533205e-02 3.32291067e-01 2.34415710e-01
    -5.00829101e-01 3.06660533e-01 -2.84726143e-01 2.16193318e-01
    -2.02873945e-02 -3.69393826e-03 1.94034457e-01 2.07199633e-01
    5.83291054e-04 -2.43252426e-01 -3.71066123e-01 -7.52928257e-02
    1.41510844e-01 1.43715739e-01 -3.69876713e-01 2.55416155e-01
    -1.58297062e-01 -3.63156348e-01 -3.95290375e-01 -1.32639199e-01
    3.10938358e-01 -1.17523015e-01 2.63847530e-01 -4.47249174e-01
    -2.52891183e-02 -3.87377053e-01 5.11434078e-02 4.13218319e-01
    4.06217396e-01 -3.39985698e-01 -4.66978103e-01 -4.99698192e-01
    -3.40503067e-01 -5.34915924e-01 1.15463018e-01 9.48309898e-03
    1.39387429e-01 2.20196843e-02 8.64380598e-03 -2.49716222e-01
    3.78687263e-01 6.04898334e-02 3.64241838e-01 1.01790369e-01
    1.93476677e-03 -4.85394180e-01 -4.24396992e-02 -2.27167904e-01
    -2.82409728e-01 5.64172268e-02 3.50459278e-01 -4.22018588e-01
    3.19859624e-01 -1.41067505e-02 -5.58453858e-01 4.48042154e-03
    -1.34708405e-01 -1.73255831e-01 -5.26912570e-01 -3.74853164e-01
    -3.13624293e-01 -1.74513429e-01 3.35723639e-01 1.71930492e-01
    -6.72189891e-02 5.97411990e-02 3.14700246e-01 -4.71849918e-01
    1.85580194e-01 -3.72089118e-01 -3.53577942e-01 -1.90490305e-01
    -2.29092568e-01 -4.96487975e-01 6.35247827e-02 -9.52274203e-02
    -4.21804368e-01 1.86899006e-01 1.55408382e-01 9.30003524e-02
    3.75378251e-01 -3.05127919e-01 1.61316991e-01 3.77071917e-01
    3.34707022e-01 -4.09224480e-01 -1.74355209e-01 -3.43184978e-01
    -5.06210446e-01 -6.93242252e-02 1.31247640e-01 1.55147910e-01
    -4.14255768e-01 2.11018264e-01 5.06377220e-03 5.58396578e-02
    4.16463375e-01 -9.77920592e-02 -3.92566055e-01 5.70010543e-02
    1.06930494e-01 -1.93292022e-01 -3.33827674e-01 -4.10879970e-01
    -2.88446993e-01 -2.62782156e-01 1.59356773e-01 -4.85464334e-02
    -1.94481134e-01 -4.84733880e-01 -6.80836141e-02 -4.22812819e-01
    -3.04849744e-02 3.84187281e-01 -2.23773241e-01 2.31744647e-02
    3.06794047e-01 -5.02152860e-01 -9.82379615e-02 2.13938057e-01
    -3.24415147e-01 2.72702575e-01 3.10708880e-02 -1.05356365e-01
    -1.51231289e-02 -5.35601258e-01 -5.13991117e-01 1.69095099e-01
    2.33698368e-01 3.32415640e-01 3.03589702e-02 -5.00614524e-01
    1.84514523e-01 2.10603416e-01 2.72114277e-01 1.86751306e-01
    4.22565997e-01 8.73991847e-02 3.37313712e-01 -4.74412352e-01
    7.91854262e-02 -1.43205583e-01 -1.08089238e-01 -4.61221755e-01
    -4.21633571e-01 3.86286855e-01 9.97956991e-02 -3.76308590e-01
    5.37790656e-02 2.69828796e-01 -4.98751283e-01 -3.51334631e-01
    -2.46185064e-02 -4.93271470e-01 -1.22202039e-02 -2.06079066e-01
    -4.61440414e-01 -2.87914455e-01 1.30958259e-01 -2.83518434e-01
    3.25054049e-01 -5.04218817e-01 -5.21965802e-01 4.19307351e-01
    2.34069109e-01 -3.06867421e-01 -3.81732106e-01 -5.63045919e-01
    6.48138523e-02 -5.37700117e-01 -1.97746158e-01 -3.61931413e-01
    -3.16483289e-01 -4.26953852e-01 -4.59421277e-02 4.00762677e-01
    2.06019759e-01 1.51188314e-01 -5.10513902e-01 -1.78149283e-01
    3.18112254e-01 -8.66216421e-02 -2.05302119e-01 7.13753700e-03
    -8.35889578e-02 4.43728507e-01 4.29561794e-01 -3.82614583e-01
    -6.48084581e-02 -3.43146473e-01 -3.59209418e-01 2.85553336e-01
    -4.67034250e-01 2.50220299e-04 8.41771960e-02 -2.11364210e-01
    -7.37732053e-02 3.96785319e-01 3.55742395e-01 4.24309671e-01
    1.47350192e-01 3.33008230e-01 9.59349871e-02 -4.09994692e-01
    -1.66713506e-01 -7.29249716e-02 8.83418918e-02 3.52104068e-01
    -7.19022453e-02 -1.55248731e-01 -2.47281849e-01 -2.37961829e-01
    3.51158500e-01 -3.34777862e-01 -3.26117873e-02 -4.53157067e-01
    8.01296830e-02 -7.02746809e-02 -2.20209688e-01 -2.26368427e-01
    8.44451189e-02 -2.24562019e-01 -2.46306658e-01 -4.47808206e-01
    -5.28205633e-02 1.79344714e-01 2.22158968e-01 -2.56690979e-02
    -4.36754346e-01 2.74886429e-01 1.37765467e-01 -2.49902129e-01
    -1.43038958e-01 -3.58054727e-01 6.82294965e-02 4.41911817e-01
    -1.73324943e-02 -1.20101959e-01 -1.57936275e-01 -1.84779882e-01
    -2.78289378e-01 2.16715336e-02 1.21493399e-01 3.60515952e-01
    -3.70482832e-01 -1.21813953e-01 -4.66139436e-01 2.79427528e-01
    4.22998250e-01 6.08696938e-02 -3.62285405e-01 3.79344881e-01
    2.13904858e-01 -7.51519203e-02 -1.84359372e-01 4.32953060e-01
    -6.04658127e-02 2.43788481e-01 2.12022126e-01 -2.49824941e-01
    2.49805450e-02 -5.68486273e-01 -5.04195213e-01 3.39806616e-01
    2.33664691e-01 4.18290734e-01 2.89691627e-01 -5.28571188e-01
    4.44526494e-01 -4.48171198e-01 -1.64253831e-01 -3.28395873e-01
    9.54711437e-03 -1.02032900e-01 -4.67219651e-01 4.02323961e-01
    -2.84585297e-01 -3.65780503e-01 -3.86789441e-02 -3.81076396e-01
    -5.20503104e-01 -2.59296805e-01 -3.65944833e-01 -1.98481470e-01
    -4.79767323e-02 5.52849770e-02 -4.16209161e-01 -4.33629394e-01
    -2.25653142e-01 -3.95680726e-01 -3.21223259e-01 1.36974216e-01
    2.23786712e-01 -5.48803687e-01 4.42813814e-01 -1.41611099e-01
    -1.68996125e-01 4.20944929e-01 -1.31194770e-01 -3.42546612e-01
    4.26360250e-01 2.91859865e-01 -1.69380903e-02 2.15142787e-01
    -3.79329920e-01 2.78490782e-01 3.30247223e-01 2.88891077e-01
    2.89284527e-01 -3.29946697e-01 2.64511168e-01 2.34603763e-01
    -2.87432969e-01 2.54433811e-01 3.71466994e-01 3.06169152e-01
    -4.82606113e-01 -4.19189930e-01 -4.98163253e-01 2.63567209e-01
    -3.62903178e-01 1.54418111e-01 2.28234351e-01 -2.90959358e-01
    1.53862953e-01 1.69486225e-01 1.90138817e-03 4.04126108e-01
    -3.12707454e-01 -2.68847108e-01 -5.29264808e-02 2.90285707e-01
    -4.20115381e-01 -3.50908399e-01 -3.44046205e-01 -1.20158702e-01
    2.72252440e-01 8.51410627e-03 -2.98746884e-01 -2.29111612e-01
    -5.46257496e-02 -4.70136583e-01 -2.66299784e-01 -3.24799418e-01
    3.17120552e-01 2.45265007e-01 5.86640835e-03 -2.66592264e-01
    -4.06501085e-01 -1.03412926e-01 -1.61892027e-01 -2.94011414e-01
    -6.68185949e-02 2.57997632e-01 -3.74351710e-01 4.07462478e-01
    7.31471181e-02 4.02151406e-01 -4.14852530e-01 -1.57924116e-01
    -4.86807942e-01 -1.30255699e-01 7.47449994e-02 -9.27877426e-02
    -2.63231695e-01 4.47226226e-01 1.97643042e-01 4.83455658e-02
    -3.53311181e-01 -3.25500816e-01 -3.27749759e-01 1.04983807e-01
    -1.42461598e-01 2.92855501e-01 4.28924441e-01 -1.79832578e-02
    -3.77913177e-01 3.52743626e-01 -1.83936656e-01 1.55836582e-01
    3.00543904e-01 -2.19590068e-02 -4.58239317e-02 -3.77146810e-01
    -5.22773921e-01 2.85046041e-01 -5.69508374e-02 -4.57565308e-01
    -6.13778830e-03 -3.21806073e-01 1.84785664e-01 -8.10492337e-02
    -3.68293583e-01 -5.17012060e-01 2.88837969e-01 -3.74486148e-01
    -3.07159841e-01 3.51429522e-01 -2.30679512e-02 -4.28435862e-01
    2.59539485e-02 -2.26194620e-01 -7.94110298e-02 -2.52391160e-01
    -1.49685889e-01 -1.70526296e-01 -3.16517889e-01 -5.36259592e-01
    -1.32059991e-01 -4.45150852e-01 -5.48934937e-01 1.28739059e-01
    -1.78213000e-01 -4.08636987e-01 4.56565022e-02 3.45752239e-01
    1.47794366e-01 3.57903302e-01 2.20552504e-01 3.50971997e-01
    3.77631009e-01 -1.78072691e-01 2.06504941e-01 -1.62246346e-01
    -4.55081463e-04 1.70924127e-01 -2.44322538e-01 1.09222412e-01
    2.36990571e-01 -3.07298452e-01 -2.92229593e-01 -1.92914784e-01
    -4.35975701e-01 -1.44894272e-01 3.43205810e-01 1.96258485e-01
    3.20046842e-01 2.65330374e-01 -5.36243677e-01 -4.09774840e-01
    2.35445499e-01 -3.64665627e-01 -2.45944381e-01 -2.93121964e-01
    -3.45069200e-01 4.12458062e-01 -3.18505794e-01 2.75706291e-01
    -5.02048075e-01 3.27473700e-01 3.82612348e-02 2.85136700e-02
    4.34286416e-01 -2.03281403e-01 4.23030555e-01 -1.07491404e-01
    1.78969860e-01 1.48193061e-01 -1.25041306e-01 -3.53118479e-01
    3.27808559e-01 -1.97332501e-01 -2.78323293e-02 1.41638041e-01
    -2.37987846e-01 -6.77040219e-02 -4.47667122e-01 -5.16209424e-01
    -1.46118522e-01 -6.61475360e-02 -3.17435354e-01 3.05617929e-01
    -2.04928517e-02 2.05453336e-01 -1.52292520e-01 -3.83660048e-01
    -2.75442302e-01 1.99476480e-02 -5.43871522e-01 2.81691134e-01
    3.92255306e-01 -1.45641506e-01 2.65401065e-01 1.16223931e-01
    -4.07545090e-01 4.39493656e-02 -4.00622129e-01 1.44657493e-02
    2.37482965e-01 1.65522218e-01 -3.17508996e-01 -1.57585353e-01
    4.54603791e-01 4.69356656e-01 1.88083768e-01 3.20758045e-01
    6.20240569e-02 -4.93079871e-01 -2.64925689e-01 1.61297321e-02
    1.91369295e-01 -3.53117168e-01 4.09186065e-01 -1.56655133e-01
    2.52932310e-02 -6.58610463e-02 2.51440287e-01 1.24377608e-02
    -2.94643819e-01 -4.80884314e-03 -1.66756123e-01 -1.08728886e-01
    -3.08290333e-01 1.47776425e-01 2.39824414e-01 -8.67893994e-02
    4.10525858e-01 -5.43708861e-01 1.39776707e-01 2.90703535e-01
    -3.54915857e-02 5.85432649e-02 4.36162591e-01 -1.98373020e-01
    -1.70010865e-01 2.02800512e-01 4.20122683e-01 4.44147706e-01
    -1.77448332e-01 -5.24035513e-01 -3.83844376e-02 -1.25364751e-01
    -1.40952289e-01 -1.96331441e-01 -4.27329570e-01 -2.28333294e-01
    1.58092797e-01 -5.42422295e-01 5.95980883e-03 2.45995879e-01
    2.57015288e-01 1.19825006e-02 -2.94318497e-01 -3.78531814e-02
    -7.93446898e-02 -5.57298660e-01 2.99006701e-01 -5.58451414e-02
    -3.51088852e-01 2.64284313e-01 -4.39467669e-01 4.24078226e-01
    3.89441311e-01 2.34278381e-01 -2.93245226e-01 2.03475654e-01
    -3.92590821e-01 -2.01343656e-01 3.76055419e-01 1.63705051e-01
    -4.54694986e-01 -1.02154732e-01 -3.10281515e-01 -3.45154583e-01
    3.00427496e-01 2.36114442e-01 1.12810671e-01 2.70168781e-02
    -3.28107923e-01 -7.37268031e-02 -8.62918198e-02 1.75393641e-01
    9.30784941e-02 3.71244729e-01 -4.30137336e-01 2.78409660e-01
    2.76891887e-01 3.03435922e-01 -3.27140391e-01 -8.13485980e-02
    -4.86550212e-01 -4.14532483e-01 2.61859775e-01 -2.12946236e-01
    -3.38241309e-01 2.10033655e-02 -2.97168911e-01 -3.77956718e-01
    -4.87278700e-01 -3.13805491e-01 4.11139667e-01 -3.01501751e-01
    3.93995285e-01 7.82710910e-02 -3.22254419e-01 1.06320441e-01
    1.88963115e-01 6.50096536e-02 -7.73330927e-02 3.29032898e-01
    -4.86592889e-01 -6.44014478e-02 3.58341455e-01 1.73224211e-01
    3.07751417e-01 -1.02672756e-01 -1.29325688e-01 -3.16414326e-01
    -4.83178347e-01 -4.38817233e-01 1.02033317e-01 4.28754091e-03
    -4.89822090e-01 1.56201422e-01 -3.65869105e-01 -2.18259931e-01
    -3.02378118e-01 -2.81367511e-01 1.94221139e-02 1.07603133e-01
    -4.20898259e-01 -3.37987065e-01 -2.81839758e-01 -1.32883906e-01
    3.94123197e-01 8.39647055e-02 3.34960818e-02 4.84227538e-02
    8.98488760e-02 3.63235533e-01 -4.36859369e-01 4.39743996e-02
    -2.12341219e-01 -3.62600327e-01 1.01608515e-01 3.64451349e-01
    -4.27321911e-01 -9.69710350e-02 -3.82613122e-01 1.58773780e-01
    -6.23591244e-02 -4.69334662e-01 -5.59789836e-02 3.58249545e-02
    -2.23982930e-01 8.24930072e-02 -5.34098029e-01 -8.19289386e-02
    -1.61898136e-02 4.05372798e-01 -4.08525586e-01 -3.68763715e-01
    -1.39505208e-01 -5.41014373e-01 2.40729570e-01 -2.29650557e-01
    -1.86318070e-01 2.37031579e-01 -2.99445957e-01 -3.93419415e-01
    -2.62537807e-01 -1.25888824e-01 1.48177683e-01 -1.78974867e-03
    -3.67078513e-01 3.03683102e-01 -1.09486341e-01 -3.14396083e-01
    -4.42920774e-01 2.83821702e-01 -4.25062388e-01 3.25976968e-01
    -5.51657856e-01 -1.68076158e-02 -3.82789552e-01 -3.28557104e-01
    -3.72244328e-01 -1.43014133e-01 3.04509163e-01 4.18103635e-01
    -1.87927961e-01 -1.23612672e-01 -1.26061350e-01 2.24220753e-02
    1.46153927e-01 -4.90314513e-01 -2.52059698e-02 -5.58748722e-01
    1.53158963e-01 -4.82984692e-01 -5.61055541e-02 -1.46278679e-01
    -4.54216599e-02 2.69472599e-01 -4.78522986e-01 -2.43862152e-01
    -2.88896978e-01 1.56032503e-01 2.12101519e-01 2.09849417e-01
    -2.41601765e-01 4.31767642e-01 8.42648149e-02 -2.37117589e-01
    -1.66194618e-01 9.08206701e-02 -4.76112008e-01 1.80472314e-01
    -2.43859887e-01 2.03735590e-01 -2.24152267e-01 -3.29678237e-01
    -4.57760870e-01 -3.10161740e-01 -2.51376629e-03 3.83706450e-01
    -6.16441965e-02 4.26205397e-02 -3.53647739e-01 -4.03672308e-01
    -2.01197803e-01 -4.34692651e-01 -5.21069169e-02 1.12020969e-01
    3.97899866e-01 -3.72316182e-01 -2.21847892e-02 -2.27593839e-01
    1.83132827e-01 -1.84161067e-01 2.69612134e-01 4.04907763e-01
    -1.91574365e-01 -7.50542879e-02 2.96494484e-01 -1.65180504e-01
    4.24386203e-01 -2.42880851e-01 2.00022280e-01 -1.91363066e-01
    1.47904694e-01 -2.50169575e-01 -2.76462257e-01 4.68488932e-02
    1.24701023e-01 -3.13386887e-01 -2.57679880e-01 1.07939065e-01
    -3.38587165e-02 1.72586441e-02 -4.08111811e-02 1.30010426e-01
    -4.39155817e-01 1.84137166e-01 -5.03459632e-01 -3.34822208e-01
    -5.33729196e-01 -1.71919465e-01 -4.09583569e-01 1.00996971e-01
    -5.06632328e-01 -3.51016611e-01 3.03315639e-01 1.53302073e-01
    -3.74265283e-01 -2.49797702e-01 1.26459241e-01 2.42015183e-01
    4.11902547e-01 -7.47395754e-02 3.89020085e-01 -3.85572523e-01
    -1.67093933e-01 -4.52653557e-01 -4.65488493e-01 -4.19386923e-01
    -5.02169728e-02 -1.25851870e-01 -3.56797278e-01 -3.86411011e-01
    -4.16260302e-01 -2.17107415e-01 -4.95387346e-01 2.46505857e-01
    -4.31165516e-01 1.09432995e-01 -2.66624391e-01 2.24613965e-01
    -1.16055965e-01 -3.28340173e-01 -4.57259029e-01 3.12374830e-01
    9.91262197e-02 1.03167176e-01 -7.27042854e-02 -1.72118336e-01
    -5.38877845e-02 -5.34507632e-02 -5.35872102e-01 -1.28445596e-01
    3.40472341e-01 -5.60267210e-01 -1.50560081e-01 -2.70379722e-01
    1.39810503e-01 7.27368593e-02 3.03127706e-01 3.48308086e-01
    -5.43107271e-01 -8.33761692e-03 3.77294183e-01 3.81998420e-01
    -1.89591795e-01 4.08593595e-01 1.35642469e-01 3.14128637e-01
    -4.01804209e-01 -3.15522224e-01 -3.39059055e-01 2.96080768e-01
    -5.28372288e-01 -4.37932372e-01 2.83378303e-01 4.70574498e-02
    -1.74708724e-01 -1.15773320e-01 2.79366970e-02 -2.83331394e-01
    -4.98305619e-01 4.27096248e-01 -4.56957340e-01 -1.09189838e-01
    -5.18303514e-01 -5.14109731e-01 2.68225491e-01 -1.93429947e-01
    -1.33044183e-01 -1.74122870e-01 1.72866225e-01 -2.08644420e-01
    -5.45959830e-01 -4.98656631e-02 -4.51889724e-01 1.19396806e-01
    1.71464920e-01 -1.21372461e-01 -3.56304169e-01 1.00996971e-01
    -4.63944674e-02 2.78977931e-01 2.87906170e-01 2.01170802e-01
    -4.58467245e-01 2.22547591e-01 -1.02236211e-01 -4.57627624e-01
    -4.44994569e-02 2.40940928e-01 -1.19805306e-01 -4.71069455e-01
    -2.13046521e-01 -4.85001951e-01 -3.56501341e-02 -3.23637873e-01
    -3.00437093e-01 -9.19397473e-02 -1.05134904e-01 -4.74760890e-01
    -1.46766007e-01 -3.64396662e-01 -2.23053515e-01 3.71925235e-01
    4.55638468e-01 2.25534320e-01 3.01014304e-01 1.58677518e-01
    -5.04016876e-01 -1.70942754e-01 1.68579102e-01 -6.11672103e-02
    -2.17581004e-01 -3.20299745e-01 -1.44719869e-01 -7.16164708e-02
    -3.89558166e-01 2.43934095e-01 2.19092727e-01 5.75318933e-02
    2.18526840e-01 3.52002621e-01 1.40310585e-01 -5.02814293e-01
    -4.79367793e-01 -8.53474438e-02 3.09300780e-01 2.89377630e-01
    -4.44146395e-02 2.70155489e-01 2.10563004e-01 1.14996135e-01
    -3.85488003e-01 -2.13205904e-01 1.70009196e-01 9.08929110e-03
    -5.45555830e-01 -2.11053282e-01 3.64536703e-01 -5.30436754e-01
    -4.14597392e-02 3.14537168e-01 -2.42265046e-01 -4.31311011e-01
    -3.88956457e-01 -1.37200892e-01 -1.16383523e-01 9.07734036e-02
    1.20844960e-01 -2.92927772e-01 1.45803869e-01 -1.74603641e-01
    -1.54691577e-01 -3.82754147e-01 -7.50094652e-03 3.94611239e-01
    4.80187535e-02 7.27043748e-02 -5.40866137e-01 -1.16902649e-01
    -9.68189240e-02 -2.20819712e-01 -1.75771296e-01 1.96695745e-01
    1.34788930e-01 2.72100568e-01 1.91643655e-01 -2.46463120e-01
    -2.02303439e-01 -3.04950416e-01 -5.52964926e-01 1.42828822e-02
    -1.32288933e-01 4.14672017e-01 3.43653917e-01 3.60522389e-01
    -1.01417482e-01 -1.66657299e-01 -9.41476226e-02 -4.45690542e-01
    1.49974942e-01 -8.57051015e-02 -3.80362034e-01 3.82082164e-01
    -2.38211334e-01 2.18496859e-01 6.82265162e-02 1.86471403e-01
    -7.75976777e-02 2.17069387e-02 6.21647239e-02 -2.44724184e-01
    -8.88424218e-02 2.80800998e-01 1.42401576e-01 3.48937333e-01
    1.80827916e-01 -5.03731787e-01 -4.14075345e-01 3.16764712e-01
    3.21199775e-01 1.40194535e-01 -5.29337525e-01 -3.87901932e-01
    -4.85689193e-01 7.21112490e-02 3.87947619e-01 -4.89381105e-01
    -4.87517267e-01 -1.57010555e-03 -3.07103097e-01 -4.66671020e-01
    8.75982046e-02 -5.05653918e-01 2.22679615e-01 -2.78836787e-01
    -1.30302906e-01 3.98011863e-01 3.11870933e-01 -3.96819621e-01
    5.69864511e-02 2.04601109e-01 2.64740884e-01 -3.39333922e-01
    1.13524020e-01 2.31485009e-01 -9.78313684e-02 1.53319180e-01
    1.06721282e-01 3.32371712e-01 -1.64551944e-01 -4.91366148e-01
    -3.86490256e-01 3.47096562e-01 2.89576948e-01 2.21166968e-01
    -4.92495716e-01 3.35846543e-01 -4.89663690e-01 -3.09202433e-01
    2.64514446e-01 -1.15600258e-01 4.08058167e-02 -5.13376176e-01
    4.26232934e-01 -3.05758566e-01 -2.54349977e-01 1.90324783e-01
    -3.38114470e-01 -2.12636530e-01 -4.05791372e-01 3.23688686e-01
    -5.45974731e-01 -5.56315780e-02 -2.42222518e-01 -2.59887099e-01
    -3.01037639e-01 -4.87673014e-01 3.43228340e-01 3.30376625e-01
    1.27996206e-01 3.60837460e-01 -2.81509995e-01 1.05672061e-01
    2.67868638e-01 2.57396340e-01 -3.80346745e-01 1.48797989e-01
    -2.63929218e-01 5.96777201e-02 -4.62248266e-01 -3.53751510e-01
    -1.28258884e-01 2.71015167e-01 -7.71419108e-02 -4.50441509e-01
    -6.34479523e-03 -4.48374391e-01 3.86098683e-01 2.54444659e-01
    3.29611301e-01 3.07359397e-01 -2.12357402e-01 -5.58601975e-01
    3.40374112e-01 -1.68316483e-01 -1.89799219e-01 1.54693723e-01
    -3.72792333e-01 7.99404383e-02 -2.53384769e-01 -3.43623579e-01
    -2.70521492e-01 1.81387305e-01 -5.55770934e-01 2.15688825e-01
    -3.92950296e-01 -5.22929430e-03 -5.15951157e-01 -1.48051977e-02
    -2.04917610e-01 9.20006037e-02 -9.84205008e-02 -5.41055918e-01
    4.05491412e-01 -2.74083018e-02 5.30622005e-02 4.08615291e-01
    -1.28478259e-01 1.55523241e-01 -4.90304232e-02 2.34734714e-01
    1.19035244e-02 -3.27401042e-01 7.68406987e-02 -4.68439579e-01
    -1.89810336e-01 -2.06180930e-01 -2.05552161e-01 3.44202161e-01
    4.32652354e-01 -1.22119844e-01 -5.11841655e-01 2.42706478e-01
    -4.08448815e-01 -6.94032311e-02 1.16504073e-01 -4.29461628e-01
    -2.26705074e-02 -2.30464339e-01 -2.72777438e-01 -3.14888567e-01
    2.53505886e-01 1.99140072e-01 -3.65851521e-02 -5.45127392e-02
    3.94423425e-01 -1.76989377e-01 1.64934099e-01 -4.14724976e-01
    -1.62212789e-01 -1.62570477e-02 -2.12157458e-01 2.14897633e-01
    -8.06483030e-02 -4.62950826e-01 -4.51654077e-01 1.40829861e-01
    -2.13137865e-02 -4.87557769e-01 -2.62913108e-02 1.46882713e-01
    -4.95985270e-01 -5.05292654e-01 3.63143623e-01 -4.65646565e-01
    1.81465983e-01 3.84196579e-01 -1.36279017e-01 -2.25582510e-01
    -1.57017976e-01 2.91695952e-01 2.01397121e-01 -1.38342828e-01
    5.49476147e-02 -1.63583636e-01 -2.73129761e-01 -3.12230974e-01
    1.95155323e-01 3.24370384e-01 2.20545769e-01 -3.12383920e-01
    -6.82991743e-03 1.56873167e-01 3.94816995e-01 3.83654118e-01
    2.53855586e-02 -4.89827186e-01 -5.44299006e-01 -4.78428662e-01
    -1.88171685e-01 1.96110547e-01 -2.04194605e-01 -5.93498349e-02
    -5.17630100e-01 4.48212683e-01 -3.82340670e-01 -3.28381121e-01
    1.96314573e-01 -4.23552066e-01 6.12521768e-02 -2.99080610e-02
    1.28156602e-01 4.25823033e-01 -2.15186596e-01 2.41917849e-01
    4.44052815e-01 -3.53969336e-02 -4.85776663e-02 2.57854998e-01
    -4.29639161e-01 3.21893096e-01 -2.18545854e-01 -1.88813865e-01
    9.89729166e-03 4.42631245e-01 3.10199022e-01 3.58548462e-01
    -4.84415501e-01 -1.02749050e-01 2.84609437e-01 2.83142805e-01
    -3.70647788e-01 -5.19061983e-01 -1.27424330e-01 3.60162616e-01
    1.65680349e-01 -8.07386637e-02 -8.49230289e-02 2.32217610e-01
    3.67624164e-02 -5.20491719e-01 -2.66924888e-01 -5.12073517e-01
    -2.70602554e-01 -1.75737858e-01 -3.90521139e-01 3.92950416e-01
    -3.74143809e-01 4.31601048e-01 7.89302588e-02 1.01971030e-01
    -5.07651687e-01 1.47065938e-01 2.25687981e-01 -4.24680382e-01
    -1.82051301e-01 2.90594876e-01 3.26773882e-01 4.35483575e-01
    1.26847625e-01 3.71669471e-01 -2.49451935e-01 2.92860627e-01
    3.66379321e-01 -2.61221111e-01 -4.55315799e-01 6.83153272e-02
    2.72026360e-01 -1.92230046e-01 5.43860793e-02 -2.00092494e-01
    1.62541628e-01 5.59461117e-02 -1.79173708e-01 -9.55336094e-02
    7.59911537e-03 4.22025323e-01 -2.48802066e-01 8.93170834e-02
    1.78310513e-01 -2.46169209e-01 1.76038146e-02 -3.34260851e-01
    1.99646592e-01 -2.69639254e-01 4.04792488e-01 -3.75917941e-01
    1.74802721e-01 -4.69382703e-01 3.62018287e-01 2.52914429e-03
    2.34460533e-01 -1.88210338e-01 -3.61225069e-01 2.96586394e-01
    -1.70494676e-01 -3.50315362e-01 7.25279450e-02 2.63329864e-01
    -4.52739000e-02 2.98752546e-01 -4.09103930e-01 3.12544286e-01
    -3.33899528e-01 1.21835470e-01 -5.23550093e-01 -1.48704052e-02
    -1.47304147e-01 3.50396454e-01 8.70417356e-02 -3.03706944e-01
    -2.96351910e-02 -4.82847989e-01 1.24088168e-01 3.30001116e-01
    -2.11086452e-01 -1.23381138e-01 2.55936682e-01 1.36060417e-01
    1.24911129e-01 -4.57764357e-01 -5.14304876e-01 -4.86733198e-01
    -2.02266395e-01 -4.26651180e-01 -1.66164547e-01 -2.73687840e-01
    -8.79319608e-02 -2.99505919e-01 -5.17941594e-01 2.88661599e-01
    -2.82471597e-01 3.06386054e-01 4.26258564e-01 -4.80731070e-01
    -1.94256544e-01 -5.89784384e-02 3.95506024e-02 -9.73328352e-02
    1.04213119e-01 3.32717657e-01 -4.89792943e-01 -1.28070772e-01
    7.29769468e-03 4.23727274e-01 4.08989310e-01 -5.08423328e-01
    -5.26437640e-01 -2.75119424e-01 -4.54837829e-01 -3.66849959e-01
    4.35139835e-01 -5.09942055e-01 -1.54175848e-01 -3.87596041e-01
    1.10565245e-01 1.98485434e-01 7.72926211e-02 -4.27419394e-01
    3.05193663e-01 4.20351028e-01 -8.69807005e-02 1.03142977e-01
    4.82205153e-02 1.85286641e-01 -4.63653177e-01 -1.50751352e-01
    -5.19018173e-02 2.88585901e-01 2.47964859e-01 4.46715951e-02
    -5.20008206e-01 -3.03251743e-01 2.50336885e-01 5.17426729e-02
    1.15597844e-02 2.17793584e-01 -4.04405355e-01 1.55023098e-01
    -5.43763757e-01 5.10649085e-02 -4.16513622e-01 -5.62611103e-01
    2.67112970e-01 -1.68366939e-01 -6.15673661e-02 -5.45574307e-01
    -9.79406834e-02 -1.10185981e-01 -9.19294953e-02 3.68585587e-02
    -4.60228801e-01 -2.34884679e-01 -2.52441227e-01 -2.05383390e-01
    8.90535116e-03 9.38978195e-02 2.34008610e-01 1.02516174e-01
    7.81844258e-02 8.00464749e-02 2.53640234e-01 -3.04041386e-01
    -1.66271359e-01 -3.37613136e-01 4.18785036e-01 -3.23093325e-01
    -2.30132401e-01 -1.06767476e-01 3.10452282e-01 4.37667429e-01
    2.02302337e-02 1.68632925e-01 2.63929725e-01 4.04356122e-01
    -4.56287265e-02 3.16463649e-01 -1.34792328e-01 1.62439108e-01
    -2.90330380e-01 -5.20753860e-03 3.02789688e-01 -5.19707203e-01
    -5.18091083e-01 3.50773871e-01 -3.50675821e-01 -8.53763819e-02
    4.15029347e-01 -2.59112358e-01 3.94291401e-01 -2.86937684e-01
    3.11725199e-01 2.31969774e-01 -4.76709038e-01 1.66044831e-01
    4.07858431e-01 1.66287065e-01 -4.20163006e-01 2.62690127e-01
    1.12187266e-02 -2.04306573e-01 -1.22030258e-01 -5.44998109e-01
    -1.64177537e-01 3.86468053e-01 7.22674131e-02 4.38510180e-01
    4.15810823e-01 -5.49516201e-01 2.59695351e-01 -2.66777277e-02
    -7.36361742e-03 3.24491978e-01 4.58036661e-02 -3.06526482e-01
    4.03970242e-01 -1.02771938e-01 -6.42628968e-02 5.05197048e-02
    6.53535128e-02 1.26256585e-01 8.57146978e-02 -4.52456027e-01
    1.46006644e-01 -4.09420073e-01 -3.11244875e-01 4.36466992e-01
    -3.75990212e-01 -2.79637516e-01 -2.16010064e-01 3.63049328e-01
    3.22980762e-01 1.99204028e-01 3.60053897e-01 1.44220829e-01
    -1.16869122e-01 3.50032449e-01 -3.99284869e-01 4.29598808e-01
    -4.12443697e-01 2.39704251e-01 -3.65397662e-01 -2.57841587e-01
    2.82841146e-01 -3.16006690e-01 8.91914368e-02 -3.89172643e-01
    -4.50722128e-01 -2.11178720e-01 -2.11208820e-01 3.92362475e-02
    3.10790479e-01 -4.82260972e-01 -4.61706430e-01 -6.35159016e-03
    -3.34289074e-01 -1.11787438e-01 -4.94638413e-01 -1.95666254e-01
    3.32521200e-01 6.12819195e-02 -5.65005541e-02 -9.41812992e-04
    -5.68822861e-01 -1.94177628e-01 -5.49346805e-01 -1.60109997e-02
    2.55625904e-01 -4.88000780e-01 2.87091494e-01 -3.15931886e-01
    -1.82576180e-02 -2.74083018e-02 -2.89113671e-01 -4.55081016e-01
    7.08562136e-02 3.68561924e-01 3.49133790e-01 -4.28410560e-01
    -5.45859456e-01 2.26490140e-01 -2.35927105e-03 -7.26700425e-02
    -4.90057737e-01 1.05479538e-01 -4.82457370e-01 -2.85512924e-01
    2.33009458e-02 -1.93283498e-01 1.14568114e-01 -2.07035720e-01
    1.37476325e-01 -4.77824301e-01 -1.27607048e-01 7.17142224e-02
    -1.41460240e-01 1.31552815e-01 1.09321177e-01 1.56672597e-01
    1.61816120e-01 -4.20116633e-01 4.36547756e-01 4.15473700e-01
    -4.19807851e-01 3.66204739e-01 1.61168396e-01 -5.46781421e-02
    -2.36983359e-01 1.72912896e-01 3.60092044e-01 -4.92751658e-01
    9.94265676e-02 -4.98994887e-01 -5.51333547e-01 1.58684075e-01
    1.72973752e-01 -2.25395381e-01 -3.80330801e-01 -5.23370624e-01
    4.27591324e-01 -4.94724631e-01 4.78330851e-02 -4.97674853e-01
    3.82339001e-01 -2.02900350e-01 -2.24002361e-01 -1.43586993e-02
    -9.41073298e-02 -3.75181884e-01 7.76602030e-02 -4.45722163e-01
    -9.59812403e-02 -3.82383019e-01 2.81620741e-01 -3.50231737e-01
    3.23453307e-01 1.88808262e-01 -3.33996654e-01 2.08289444e-01
    -1.84819579e-01 -4.73070741e-01 -3.85974765e-01 3.31567228e-01
    2.92029917e-01 -3.30230772e-01 1.25077963e-02 -2.24304855e-01
    -2.53648996e-01 -3.92057180e-01 -1.19268417e-01 -3.82625341e-01
    3.30411613e-01 2.88302541e-01 2.56075084e-01 -4.52182889e-01
    -3.34977776e-01 -2.37291425e-01 1.45749986e-01 3.41417670e-01
    -4.92102355e-01 3.12740564e-01 9.11251903e-02 4.22375202e-02
    2.87904084e-01 -2.39574134e-01 -3.44314575e-02 -3.81573260e-01
    1.24142945e-01 4.24367785e-01 -3.69886726e-01 3.27677250e-01
    -3.26347381e-01 -1.78998888e-01 6.76262975e-02 -9.42735374e-02
    -1.46516621e-01 1.77193820e-01 2.19530880e-01 -1.61308050e-03
    2.21892357e-01 -3.71184468e-01 4.09689426e-01 1.84058487e-01
    3.51440847e-01 -5.47773302e-01 -1.84178948e-01 6.82278872e-02
    -3.67039144e-01 3.95390868e-01 -4.80645567e-01 3.52358878e-01
    2.84470916e-02 3.95798445e-01 -3.09795380e-01 -3.82388890e-01
    -1.30349964e-01 2.22929895e-01 -1.31731659e-01 -3.97828668e-01
    -3.61394703e-01 4.42949653e-01 -3.28752130e-01 2.69413054e-01
    -4.87889707e-01 3.15737724e-03 -1.14172518e-01 3.72016430e-03
    2.66665220e-02 -1.96758956e-01 -1.53183758e-01 -7.07326233e-02
    1.61091268e-01 -3.89139652e-02 -3.56685758e-01 -1.71647549e-01
    -5.23681283e-01 -4.44262624e-01 -3.39637846e-01 -5.50279677e-01
    -4.54551429e-01 -4.98972207e-01 -1.61415100e-01 -4.08057719e-01
    -1.96916640e-01 -2.35508084e-02 -5.28205931e-01 1.14005208e-01
    -3.97400528e-01 3.70417058e-01 -3.92881393e-01 -5.44414163e-01
    3.89934957e-01 -1.26518905e-01 1.84553325e-01 4.17204380e-01
    6.34688139e-02 -3.12510014e-01 -2.40723848e-01 -1.80345088e-01
    -2.00763434e-01 2.84146428e-01 1.25272572e-01 -4.67424691e-02
    1.28155351e-02 -1.76648080e-01 -2.71494746e-01 1.56677961e-02
    -1.21707380e-01 1.77379727e-01 -1.40610337e-02 2.30347514e-01
    -2.25365162e-02 -2.20362008e-01 -4.07340318e-01 -5.08351326e-01
    -2.24603772e-01 3.80659938e-01 -5.56230187e-01 3.27928185e-01
    2.08581269e-01 -1.78240538e-02 -3.25279981e-01 3.89752984e-02
    -3.16277146e-02 -3.38470340e-01 -4.41804111e-01 6.08208179e-02
    2.87320137e-01 1.83249354e-01 -1.85033113e-01 2.40600944e-01
    4.11095381e-01 -1.78567410e-01 3.51235926e-01 -4.17664051e-02
    5.78074455e-02 3.83088946e-01 -4.92353946e-01 -4.43380594e-01
    1.04422927e-01 3.83340299e-01 -4.44936037e-01 -1.62713349e-01
    -4.41392988e-01 2.54529715e-03 -3.65954041e-02 1.48469687e-01
    -7.71563053e-02 1.13885105e-01 1.65602803e-01 4.16719139e-01
    1.32041395e-01 -3.78686517e-01 -2.70540655e-01 1.34126127e-01
    -1.40764117e-02 -4.99424279e-01 2.50108957e-01 -3.50460321e-01
    -3.14375937e-01 3.90159369e-01 1.96954191e-01 -1.13654912e-01
    -1.01108551e-01 3.81349862e-01 1.70259237e-01 1.72655940e-01
    -1.16539180e-01 4.34076071e-01 -5.38416266e-01 2.21147418e-01
    1.12729549e-01 -3.79163086e-01 1.80442870e-01 4.05393720e-01
    2.28237212e-01 -5.45822620e-01 -4.43064064e-01 -6.99450374e-02
    -4.54249322e-01 -6.81647658e-02 -1.17605448e-01 9.80602503e-02
    1.03546739e-01 -2.21740305e-01 -6.31534457e-02 -3.17373872e-01
    -4.20933425e-01 2.11480021e-01 2.52950311e-01 1.15362704e-01
    -5.44858217e-01 3.81296515e-01 2.44023979e-01 1.65638804e-01
    -1.66351259e-01 -5.51064968e-01 -2.97764301e-01 2.79384434e-01
    -5.12222052e-01 6.77003264e-02 3.43950391e-01 -2.57658213e-01
    1.10908806e-01 -3.23945284e-02 -5.08022308e-01 3.89305115e-01
    1.97159588e-01 4.92430329e-02 2.27451146e-01 -3.18880886e-01
    -4.86411750e-02 5.89584708e-02 -1.28016710e-01 -1.35663867e-01
    3.01164746e-01 -1.69186801e-01 1.76329195e-01 -1.70938015e-01
    2.99123943e-01 -4.90102351e-01 6.73305988e-02 3.82770896e-01
    3.26256275e-01 -4.27118152e-01 1.52832031e-01 9.19067860e-03
    -3.07956249e-01 5.28466105e-02 -3.28245491e-01 2.03103662e-01
    4.26739693e-01 -4.96629655e-01 -5.44068456e-01 -1.55853033e-02
    -3.59641880e-01 -1.74217254e-01 -4.02021438e-01 -2.65642405e-01
    -5.47908187e-01 -3.45968962e-01 3.43336880e-01 -3.17467749e-01
    -1.61941528e-01 -2.78028607e-01 1.21682227e-01 1.78898096e-01
    2.51908660e-01 -2.90142894e-02 1.45307183e-01 3.93221080e-01
    1.97055817e-01 -3.45463991e-01 -3.05707425e-01 -3.68891835e-01
    4.26936746e-01 -1.23980373e-01 -3.99999291e-01 -1.23195767e-01
    2.67422974e-01 4.62594032e-02 1.74593925e-01 -4.92643446e-01
    -2.12550581e-01 1.46707118e-01 -7.98453093e-02 -3.49343240e-01
    -3.96049440e-01 -1.09952688e-02 2.50412941e-01 -4.43670660e-01
    -3.08183312e-01 -4.77863371e-01 -2.36386657e-01 -3.64950448e-01
    -2.89329350e-01 3.48484635e-01 1.31372631e-01 -1.53559923e-01
    -1.34599954e-01 9.17509794e-02 -1.35169476e-01 1.66526437e-02
    -1.52335733e-01 -2.21328139e-01 4.20407653e-01 -3.39719355e-01
    3.67879033e-01 -2.65065372e-01 1.96474433e-01 2.55605757e-01
    2.71006703e-01 3.97491157e-01 -3.60050082e-01 6.33609295e-03
    2.37758577e-01 -1.98884219e-01 3.00286233e-01 -3.23381186e-01
    1.55497193e-01 1.57706738e-01 -3.10654640e-02 2.04483449e-01
    -5.69522381e-04 3.17578197e-01 -1.21856570e-01 3.79025280e-01
    -4.00420547e-01 2.01790452e-01 1.59881830e-01 1.37537539e-01
    1.89987123e-01 -4.93567288e-01 1.22446060e-01 1.17565691e-01
    -2.94267654e-01 2.49365211e-01 2.48447299e-01 -5.07781982e-01
    -8.93066227e-02 -4.59639370e-01 -2.86797941e-01 -3.71183395e-01
    6.74374104e-02 3.94318223e-01 2.87000656e-01 2.14078724e-01
    6.66117072e-02 3.26955497e-01 3.97498667e-01 -3.92612815e-02
    -3.08967233e-02 1.18937194e-01 -1.96592033e-01 -5.37315369e-01
    3.79205585e-01 7.55303502e-02 -4.79537338e-01 -2.58939475e-01
    -2.05988586e-01 -5.29271007e-01 -8.35382938e-03 3.85283947e-01
    -3.23399574e-01 2.11800039e-01 2.66289592e-01 7.43633509e-03
    2.71708965e-02 2.58971274e-01 -2.01335996e-01 -3.84475529e-01
    2.71629453e-01 -2.77589858e-01 -2.35379100e-01 2.44451165e-02
    -3.72382343e-01 -4.42110598e-02 1.99136555e-01 -1.49251968e-01
    2.38286257e-02 2.75953531e-01 -1.98909044e-01 3.37829828e-01
    9.92290378e-02 -2.29757011e-01 -3.43399435e-01 3.00345004e-01
    -7.59054720e-02 1.00957096e-01 3.69408369e-01 -4.87584263e-01
    -1.83753639e-01 -4.06627566e-01 3.12451541e-01 -3.70561510e-01
    9.58957672e-02 2.09873080e-01 1.87956989e-01 1.23813450e-01
    -2.48879075e-01 -4.70501602e-01 6.72411919e-03 -4.66757089e-01
    8.04741979e-02 -8.54900777e-02 5.71889281e-02 -5.08356512e-01
    -3.27165157e-01 -2.47932017e-01 -3.38448942e-01 -1.13966107e-01
    3.44925821e-01 1.91781402e-01 -4.43057865e-01 -3.36975455e-02
    -1.23066396e-01 -4.89872366e-01 2.69321680e-01 -4.91737127e-01
    -4.63740319e-01 -3.33822012e-01 -4.12024409e-01 -6.59236908e-02
    2.62273133e-01 -5.67941368e-02 9.84927416e-02 4.04645681e-01
    -3.64309132e-01 2.03440011e-01 3.53239000e-01 4.36873376e-01
    -1.13753825e-01 2.29378343e-01 3.97275925e-01 5.99485636e-03
    -5.75017929e-03 -1.53013408e-01 3.23887169e-01 -1.64325774e-01
    -3.64210218e-01 2.84064829e-01 -4.94842976e-01 2.87813365e-01
    -3.00228953e-01 -1.65846407e-01 -7.04883039e-02 3.41898143e-01
    -5.39037883e-02 -4.29060131e-01 -3.31731826e-01 2.21566796e-01
    2.98705816e-01 2.19364107e-01 4.37598765e-01 2.21755028e-01
    1.75616145e-01 1.61185384e-01 1.21314704e-01 5.85628748e-02
    3.17822337e-01 3.87300074e-01 3.57062459e-01 1.05813563e-01
    2.33378351e-01 -7.07426071e-02 -2.18945444e-01 -4.28938746e-01
    1.18033886e-01 1.51939154e-01 3.62506509e-01 -4.15233493e-01
    6.26236200e-02 4.07389164e-01 -3.09158504e-01 -3.47400248e-01
    -2.01753080e-01 2.21426845e-01 1.57092094e-01 -2.46829271e-01
    1.86584175e-01 9.97111201e-02 -2.34494388e-01 4.94063497e-02
    2.30549037e-01 1.98912263e-01 -4.12077308e-01 -3.57189566e-01
    1.92524374e-01 3.92479479e-01 -1.96175367e-01 -5.03845215e-01
    -1.89178437e-01 -3.50781202e-01 1.91361904e-01 -9.94233787e-02
    2.63537765e-01 1.85596049e-01 -5.33691406e-01 -3.93910408e-01
    -2.91596174e-01 -2.70844042e-01 -4.32292491e-01 2.09762335e-01
    2.00897992e-01 4.60088253e-04 -3.38695645e-02 2.28935480e-03
    -2.32711434e-02 2.03606486e-02 3.59954357e-01 -1.69995695e-01
    4.60395217e-02 -8.04007351e-02 2.68222392e-01 -1.05120093e-01
    -5.31488419e-01 -1.18353367e-02 -4.67836946e-01 1.67136490e-01
    -1.10058606e-01 1.62372172e-01 5.16652465e-02 1.53696418e-01
    -9.10316408e-02 -5.97381592e-02 1.56271756e-01 -2.58532017e-01
    3.49905849e-01 -2.51421332e-02 -2.18218446e-01 -3.68744999e-01
    -3.29273731e-01 -4.72524405e-01 -2.04450548e-01 4.39513922e-02
    -1.45761758e-01 -3.01935017e-01 -1.36607379e-01 -1.11329764e-01
    2.97076225e-01 -5.46764016e-01 -1.58826530e-01 9.48557258e-02
    1.78686738e-01 -3.03993702e-01 8.59460235e-02 -2.83486545e-01
    -1.55050188e-01 3.07947516e-01 4.44712043e-01 -3.76076132e-01
    -4.08283383e-01 -2.40817249e-01 1.23260021e-01 -2.67691076e-01
    1.34995461e-01 3.40254784e-01 3.93413782e-01 4.13434327e-01
    2.65031755e-01 4.08428490e-01 -3.05391341e-01 -2.19821930e-02
    -1.78078115e-01 2.99650431e-03 1.69672370e-01 1.66918516e-01
    -2.01884419e-01 -4.00287271e-01 -4.97171879e-01 -4.14931148e-01
    -3.62490147e-01 -2.46953964e-02 1.21888816e-01 -3.54452401e-01
    3.57363999e-01 -3.60046387e-01 3.05910110e-02 4.01542902e-01
    -4.80468214e-01 3.59414756e-01 2.52173126e-01 -4.13766533e-01
    -2.14675486e-01 -4.45813864e-01 -4.88968879e-01 -3.26817393e-01
    -6.16448224e-02 -8.17741752e-02 -2.88171113e-01 -2.66644955e-02
    9.93069410e-02 -4.15660053e-01 -1.26848400e-01 2.32818663e-01
    -1.00818425e-01 -1.45225704e-01 -3.50648254e-01 -2.29934573e-01
    2.87147164e-01 1.13408327e-01 -1.55898213e-01 -2.55108595e-01
    -2.21869349e-01 -3.00599664e-01 4.22091484e-01 1.94672942e-01
    -9.43568647e-02 4.18412209e-01 3.59014511e-01 4.11467552e-01
    3.06544781e-01 3.28597426e-02 3.07142198e-01 4.45905924e-02
    4.21808481e-01 -4.31990683e-01 3.93732607e-01 2.94031322e-01
    3.63053799e-01 3.71458352e-01 3.59963238e-01 -5.39291203e-01
    -3.71624500e-01 -1.34662300e-01 1.76381290e-01 -2.80160636e-01
    -3.99401963e-01 -4.43435907e-02 -1.83586448e-01 4.47916389e-01
    2.77063131e-01 2.18342483e-01 4.25052047e-02 2.44847417e-01
    3.72282147e-01 -3.67788970e-01 1.02335215e-01 3.32476795e-01
    4.16735947e-01 2.39694595e-01 -5.22882223e-01 2.76862204e-01
    2.26003051e-01 3.46347630e-01 -1.72220916e-01 -2.80994177e-03
    -1.87986434e-01 -4.69617844e-01 2.44704306e-01 -2.01710105e-01
    6.53434396e-02 -4.57366109e-02 1.91375792e-01 -5.56967735e-01
    3.00654054e-01 -3.14760596e-01 -3.89241606e-01 4.02261376e-01
    2.17212379e-01 -3.86000633e-01 -1.80154264e-01 -1.47415221e-01
    -2.31766105e-01 1.37227237e-01 -3.55917513e-01 -1.24761492e-01
    2.52858758e-01 3.80652010e-01 3.11414063e-01 3.87277007e-01
    1.58669770e-01 -1.33123547e-01 -9.24747586e-02 -3.96138042e-01
    -3.66595984e-02 9.82035398e-02 -1.90061808e-01 4.26861703e-01
    -4.18920845e-01 -4.04199541e-01 -9.79590416e-03 3.17251444e-01
    -4.06588912e-01 6.39840364e-02 -7.03445077e-02 -4.79618460e-01
    -7.36859441e-02 2.37514436e-01 -2.46848971e-01 -3.90084207e-01
    -3.75887960e-01 -4.16580021e-01 -6.41736090e-02 3.49281251e-01
    -1.53573513e-01 -1.66711926e-01 -4.90335137e-01 -2.68424362e-01
    1.15069091e-01 -3.61768007e-01 3.29555035e-01 2.56422341e-01
    -2.22614825e-01 -2.38018334e-01 -2.03866839e-01 -5.11609435e-01
    -4.71624583e-01 4.72551584e-03 -4.18614179e-01 2.61294842e-03
    4.22608256e-01 -2.61397600e-01 -2.69711733e-01 4.27596450e-01
    5.11492491e-02 -3.56447697e-01 -3.70533198e-01 3.81377757e-01
    -1.95435882e-02 2.89214313e-01 1.87183559e-01 -8.65717828e-02
    -4.68734622e-01 3.99779379e-01 -1.47188872e-01 2.36640990e-01
    -3.63124430e-01 -9.39942300e-02 -7.93917179e-02 -1.03688538e-01
    2.24830151e-01 -2.08277702e-01 2.05200493e-01 -2.21504033e-01
    -1.35456324e-02 -5.52144408e-01 -1.52070701e-01 -1.47942454e-01
    3.63603890e-01 -1.44395292e-01 -3.55396271e-01 -5.06036460e-01
    8.93926024e-02 -1.46381080e-01 4.73009944e-02 -3.72825652e-01
    -1.74454093e-01 5.33697009e-02 -6.42043948e-02 -4.71718371e-01
    2.02170670e-01 1.78939521e-01 4.14278030e-01 -3.21102738e-01
    2.71302462e-03 -1.03771687e-01 1.96243823e-01 1.96612239e-01
    -4.78836298e-01 -2.29906380e-01 -1.92348540e-01 4.03291762e-01
    -3.89774442e-02 -2.38417327e-01 2.34875798e-01 -1.84126794e-01
    3.51922572e-01 -3.69868428e-01 -2.06128985e-01 4.24309969e-02
    -1.23749912e-01 -2.22732574e-01 -3.24607849e-01 8.80805254e-02
    -4.51219767e-01 6.61408901e-02 4.04502332e-01 -3.72824788e-01
    4.34553444e-01 -1.76063120e-01 -4.73222524e-01 4.60050464e-01
    -4.99583602e-01 -3.90158325e-01 3.89582515e-01 4.22434807e-01
    -4.70958441e-01 -2.68245399e-01 1.80202723e-03 -2.03745961e-01
    -1.98735446e-01 -3.52531970e-01 -4.45379078e-01 4.04821515e-01
    2.41687000e-01 -2.05963075e-01 4.16791797e-01 -5.02704859e-01
    -5.97708523e-02 1.16807759e-01 7.14281797e-02 3.92436683e-01
    2.26662099e-01 2.15387523e-01 3.64761829e-01 -3.71321559e-01
    2.47880518e-01 2.30512619e-01 -3.99257153e-01 -1.33059531e-01
    -3.36534172e-01 -5.09134233e-01 2.62263477e-01 2.36866295e-01
    7.34081864e-02 1.45181596e-01 3.46256196e-01 -1.84141994e-01
    1.78113282e-01 -3.17353308e-01 -2.75630891e-01 4.06591058e-01
    3.59313011e-01 -2.68490046e-01 -4.24872458e-01 2.53423512e-01
    -5.25481045e-01 2.44171917e-01 3.43743503e-01 4.37019765e-01
    -5.40765405e-01 3.08576405e-01 3.34392190e-02 -3.53129506e-01
    -5.29398918e-01 -8.97330046e-02 -5.66146672e-02 -5.04228354e-01
    -7.33667314e-02 9.51935053e-02 2.18874037e-01 -4.41349655e-01
    1.98786974e-01 -4.95070815e-01 -4.30602014e-01 -3.14052969e-01
    -3.68336201e-01 -2.90203035e-01 4.50835407e-01 -5.06675601e-01
    -5.10921121e-01 3.80942762e-01 3.71856630e-01 -1.52958542e-01
    3.27518940e-01 2.32581615e-01 -3.70273113e-01 -1.46537662e-01
    -3.44090760e-01 -2.19491482e-01 -2.67504275e-01 -4.53919500e-01
    -1.83670938e-01 1.99346066e-01 3.26121151e-01 -3.28635395e-01
    2.91079879e-02 2.07937300e-01 -2.45678425e-02 -1.51433617e-01
    -5.26278019e-02 -8.68562460e-02 -5.33702075e-01 -3.68387580e-01
    -1.00772977e-02 3.18770826e-01 -4.12087440e-02 1.52573824e-01
    -3.58762562e-01 3.94696414e-01 -3.63765031e-01 1.08748078e-01
    -5.37560403e-01 -3.98672551e-01 1.88213527e-01 2.07948208e-01
    3.51272702e-01 -5.14954209e-01 2.91454732e-01 -1.71667308e-01
    1.02696598e-01 -3.87873918e-01 -3.92105609e-01 -9.39019918e-02
    -4.03678715e-01 -1.08703136e-01 -1.80457860e-01 -7.93319046e-02
    -4.23062921e-01 1.27288103e-01 2.62696147e-01 1.74154103e-01
    -2.95075774e-01 -4.41365063e-01 -4.34764087e-01 2.54660130e-01
    -2.53450543e-01 -1.68280184e-01 -8.05737972e-02 4.24509764e-01
    1.25506818e-01 -3.92619550e-01 4.00163770e-01 1.05017424e-03
    -8.37765336e-02 1.77107811e-01 -4.16121870e-01 -5.25079966e-01
    2.97223508e-01 2.27912664e-01 -4.75251913e-01 -4.71909493e-01
    2.44959533e-01 2.60649920e-02 -5.34149885e-01 3.05677056e-01
    -4.31983620e-01 -3.80907059e-02 -4.21684325e-01 -1.39515042e-01
    -1.16106242e-01 -5.05855322e-01 -5.20451069e-02 1.81518734e-01
    1.69493437e-01 -3.82046670e-01 -5.15762568e-01 -1.59694195e-01
    6.57531023e-02 -4.86462802e-01 4.28104281e-01 -4.45637941e-01
    -1.04845196e-01 -4.69334453e-01 1.00518525e-01 -4.13365334e-01
    -8.43493044e-02 -2.39468873e-01 -3.46137464e-01 1.63411140e-01
    -1.77099466e-01 -7.66724050e-02 -5.11760116e-02 3.29873919e-01
    -1.16380662e-01 1.74590886e-01 1.90927982e-02 5.62533140e-02
    4.10083771e-01 -1.20432943e-01 -2.07075238e-01 -2.13123173e-01
    -5.02652645e-01 2.16181755e-01 -4.03881580e-01 4.32692766e-02
    1.69784248e-01 4.03303623e-01 -3.82803917e-01 -2.27550685e-01
    -4.78299081e-01 1.20178819e-01 2.04066217e-01 8.91209841e-02
    -1.37134790e-01 -5.54064751e-01 1.75625503e-01 7.06493855e-03
    -4.56126332e-02 1.22726023e-01 3.25666308e-01 -3.75250578e-02
    3.61361444e-01 -4.23564911e-02 -4.52897370e-01 -3.14634442e-01
    -4.42221075e-01 5.87735772e-02 -3.39874744e-01 -1.95439517e-01
    7.72155523e-02 4.03629422e-01 3.87755036e-02 1.89653039e-01
    -1.43944323e-01 -4.71803725e-01 1.04931533e-01 3.12164783e-01
    4.58622992e-01 -3.43132406e-01 -2.84572184e-01 3.20056319e-01
    9.05481577e-02 1.50117278e-02 2.92829037e-01 4.33814466e-01
    2.55964875e-01 4.96080518e-02 4.79251146e-03 3.78388107e-01
    -3.63558233e-01 -4.18736368e-01 -2.38641322e-01 3.78119409e-01
    1.15892053e-01 -7.96130300e-02 -3.50688398e-01 -4.83832240e-01
    3.24656248e-01 4.00162935e-01 2.91910946e-01 2.04356074e-01
    1.36444688e-01 -5.01617193e-01 -4.87840891e-01 3.86404514e-01
    2.21683383e-01 3.52502942e-01 1.18660390e-01 -9.01310742e-02
    3.56083512e-02 -4.70465183e-01 -4.75201219e-01 -3.21373016e-01
    -1.72035396e-02 -3.51172864e-01 -3.32701802e-01 1.18116319e-01
    -6.04264140e-02 -2.46164143e-01 -2.55302161e-01 -2.18893170e-01
    3.99587512e-01 1.01081073e-01 -2.03997493e-02 -3.17783654e-01
    1.95351720e-01 -4.57799703e-01 -3.89430523e-02 -2.48785019e-02
    1.62441432e-01 2.33119607e-01 -3.02775145e-01 3.37926447e-01
    2.92378664e-03 1.73082173e-01 -3.90449136e-01 -4.90300745e-01
    1.49791896e-01 -2.82914728e-01 3.24552059e-01 2.01735914e-01
    2.79208899e-01 -3.08952779e-01 -3.85515332e-01 -7.96285272e-02
    4.13179398e-02 -1.18861437e-01 -1.06626153e-02 4.06604707e-01
    2.16276407e-01 -6.50219321e-02 -8.64300132e-02 1.10965550e-01
    2.10672617e-01 -5.17052293e-01 -8.57941210e-02 1.45744383e-01
    -2.90569663e-02 -4.16068941e-01 -2.81004786e-01 -2.71384895e-01
    1.22100651e-01 -3.64589691e-02 -1.65269762e-01 -2.16221213e-02
    -2.79737055e-01 -2.51106679e-01 -4.62380409e-01 1.52915061e-01
    2.11136162e-01 -2.94812351e-01 -2.02706456e-01 2.32040048e-01
    -1.53121352e-02 4.14619565e-01 -1.32654756e-01 3.66405249e-02
    -3.36321265e-01 -2.19269216e-01 -2.91944146e-02 4.57106411e-01
    1.39711618e-01 -4.95548725e-01 -1.09713435e-01 1.72763705e-01
    3.29505444e-01 2.78018117e-02 -4.30295944e-01 1.20815158e-01
    -3.00332904e-02 2.74882615e-01 -2.27759331e-01 -1.45178199e-01
    3.77887249e-01 -1.52871460e-01 -5.41723728e-01 -2.54453361e-01
    -3.85148823e-02 -5.24877906e-02 2.00422823e-01 -3.65588993e-01
    3.92499208e-01 -3.53949547e-01 -3.53736103e-01 -1.56246781e-01
    -9.74817574e-02 1.48281336e-01 3.30837965e-01 -5.25924265e-02
    -2.79446006e-01 3.34402859e-01 -3.70331436e-01 -2.53586054e-01
    2.83382654e-01 8.94706249e-02 -1.93698794e-01 -2.69926488e-01
    -2.45960951e-02 -1.96935564e-01 -2.97357053e-01 3.42148244e-01
    1.79408610e-01 -2.55253613e-01 -1.80622697e-01 -8.01550448e-02
    -6.92939162e-02 -4.51486588e-01 2.17670739e-01 -5.21469235e-01
    -1.27854884e-01 -4.59419757e-01 4.57485497e-01 -1.56827927e-01
    -5.20901799e-01 -3.49923253e-01 3.25465739e-01 -4.45185453e-01
    3.25198650e-01 3.87714922e-01 -2.23088443e-01 1.88509881e-01
    3.32481742e-01 -7.07120895e-02 -1.66307658e-01 -2.49092281e-01
    3.98589075e-01 -2.34190881e-01 -1.19329095e-01 -5.37221909e-01
    -5.33662677e-01 3.42535973e-01 1.22316718e-01 3.56360555e-01
    -3.34630609e-01 -4.29681540e-02 -5.67430258e-03 -5.07024705e-01
    -5.09798288e-01 -5.14163017e-01 1.17296875e-01 -3.62344563e-01
    3.33427608e-01 -3.00960034e-01 -3.38407725e-01 3.60196114e-01
    7.08061457e-03 -3.86524856e-01 -3.84867430e-01 3.21336746e-01
    -2.27179468e-01 -5.23359716e-01 -8.58187079e-02 -7.09994733e-02
    1.87478244e-01 -1.56158417e-01 1.53824985e-01 -1.37609959e-01
    1.77986026e-02 2.07866430e-01 -3.99030119e-01 1.01404369e-01
    -5.22781968e-01 4.39124465e-01 -2.85868466e-01 4.45417166e-01
    1.60478354e-01 -4.35893118e-01 -1.69976950e-01 2.71622539e-02
    2.68285692e-01 -2.35320210e-01 -4.50957090e-01 -6.21548891e-02
    -2.70347893e-01 -2.06546813e-01 -4.43370342e-02 3.68463993e-02
    -5.40053487e-01 1.40338540e-02 4.31153953e-01 -3.52733999e-01
    -4.63619679e-01 3.25466454e-01 -5.28126121e-01 -1.02297962e-01
    -5.28457642e-01 7.89071918e-02 -2.97095925e-01 2.34421730e-01
    1.92451596e-01 6.73574209e-03 1.82398736e-01 1.65801048e-02
    -2.14533210e-02 -2.34451950e-01 -2.17631042e-01 -5.31667471e-01
    -2.03611016e-01 1.25877202e-01 2.66557872e-01 -4.04261768e-01
    -3.50963473e-02 -2.84741521e-01 3.33395958e-01 2.43736148e-01
    1.05206132e-01 -5.02924621e-02 -5.20357907e-01 3.71177793e-02
    2.56484151e-02 -1.80911660e-01 1.59658611e-01 -2.59150207e-01
    -8.45422447e-02 -3.84535193e-01 5.96712828e-02 -1.35820448e-01
    1.01353765e-01 -5.12828112e-01 -4.48415041e-01 -2.22716331e-02
    -4.99363869e-01 4.11220670e-01 2.15161741e-01 6.98243976e-02
    -2.88235903e-01 1.18188143e-01 2.51557052e-01 3.42972279e-01
    2.17683196e-01 -2.08883911e-01 -1.29907519e-01 1.30604327e-01
    3.93607438e-01 -5.37600994e-01 -1.92915618e-01 -2.32184708e-01
    2.78449774e-01 2.57481694e-01 -2.18940139e-01 -3.23899448e-01
    -1.61100686e-01 -1.78295374e-01 -4.65163022e-01 -1.79466754e-01
    2.92985320e-01 -1.15456790e-01 8.05155635e-02 -6.04267120e-02
    -4.71242011e-01 1.36685133e-01 1.10524476e-01 1.37380779e-01
    2.32296407e-01 2.69593179e-01 2.04753637e-01 3.96117330e-01
    -1.13347769e-02 1.88696623e-01 2.72244751e-01 2.47883856e-01
    -1.76737666e-01 -1.25266969e-01 4.17007208e-02 -8.47834945e-02
    -1.39578104e-01 -3.86557132e-01 3.19918513e-01 -3.51505548e-01
    -2.48281419e-01 -3.02499920e-01 1.39592528e-01 -6.48290515e-02
    3.25980246e-01 -1.27044380e-01 -4.59976524e-01 1.82517648e-01
    1.28278196e-01 4.38682616e-01 7.07743168e-02 -2.88810790e-01
    -5.36052108e-01 -3.69076908e-01 -3.73771399e-01 -4.65755284e-01
    -1.49775058e-01 3.63129437e-01 -5.52681208e-01 2.63333321e-03
    -4.20745969e-01 1.19695008e-01 1.36347294e-01 1.02083683e-01
    5.35129309e-02 -5.13898909e-01 -4.39307600e-01 3.43276501e-01
    -4.17411923e-02 -1.08035296e-01 -2.86200762e-01 -1.66708052e-01
    2.54802167e-01 -5.33515811e-01 1.52955115e-01 3.91858697e-01
    -1.26462877e-01 -2.31705159e-01 3.60867381e-02 2.32611418e-01
    9.06271935e-02 2.50410378e-01 -3.55188221e-01 1.53208792e-01
    -2.08011866e-02 8.82807374e-02 -5.03301382e-01 -1.00086033e-01
    3.12558413e-01 2.11945713e-01 -5.23461342e-01 1.22355878e-01
    -4.85616982e-01 -8.31962824e-02 9.50994492e-02 3.37052047e-01
    -3.35980743e-01 5.27266264e-02 3.20071995e-01 3.30142379e-02
    4.52914715e-01 -5.06700039e-01 -1.41645849e-01 2.67590523e-01
    -1.88982993e-01 3.48820865e-01 -2.03144491e-01 -2.35583395e-01
    1.60823226e-01 2.98381567e-01 7.65065551e-02 -3.56612772e-01
    3.12007070e-01 -3.22324276e-01 -6.31750226e-02 3.11479986e-01
    1.56046748e-02 -4.01630551e-01 -3.72824788e-01 5.09924293e-02
    2.84391642e-03 -5.88797927e-02 -5.08877099e-01 1.37015462e-01
    -4.30350542e-01 2.17543364e-01 2.99009562e-01 3.35459113e-01
    -4.56534803e-01 -1.77336454e-01 1.14405930e-01 2.60190725e-01
    -5.02801418e-01 -1.54655069e-01 -4.33466613e-01 -5.10591269e-01
    4.38833237e-03 2.80176520e-01 -5.55141568e-02 -3.40957999e-01
    1.83953941e-01 -4.64836210e-01 -5.30648768e-01 -6.11740053e-02
    1.98930383e-01 -6.08991385e-02 3.04160595e-01 -4.36760396e-01
    1.44634604e-01 -6.14080429e-02 1.15728974e-02 1.60716593e-01
    -7.38468766e-02 -8.70719552e-02 3.88773501e-01 -3.73230815e-01
    3.20252359e-01 -3.17005932e-01 -1.46606058e-01 3.29028726e-01
    -3.42404455e-01 2.66808569e-01 -3.51893365e-01 3.58104050e-01
    1.03860557e-01 -5.27278781e-01 2.60574758e-01 -3.57995629e-02
    -2.07867503e-01 3.17585289e-01 2.63035476e-01 -4.76195902e-01
    -3.65873665e-01 -4.03755397e-01 4.11702573e-01 -1.82765692e-01
    -3.48826647e-01 1.23416960e-01 3.56683910e-01 1.10035598e-01
    -3.92583400e-01 -3.49123299e-01 -3.67452502e-02 -2.69777834e-01
    -7.00464845e-02 -6.94332421e-02 -3.92593086e-01 -7.29812086e-02
    9.25189257e-03 2.34381318e-01 2.30685651e-01 2.06282496e-01
    4.01763976e-01 6.66190982e-02 -1.99402630e-01 -2.97476441e-01
    -3.01939249e-01 4.21026230e-01 -1.65883452e-01 -6.04972839e-02
    -2.38829792e-01 -3.76060605e-02 -9.36760306e-02 1.99171960e-01
    2.28550553e-01 2.60387301e-01 3.85696948e-01 3.26803029e-01
    -5.13557673e-01 -3.88156414e-01 3.15582931e-01 2.02302337e-01
    3.42607498e-01 1.00966692e-02 1.54195189e-01 1.17902458e-01
    -4.95813012e-01 1.03796184e-01 -9.19194818e-02 -1.25556856e-01
    -4.44397330e-01 2.51029074e-01 -1.67002439e-01 3.09692144e-01
    2.07323432e-02 3.11226368e-01 2.36768067e-01 -9.11779404e-02
    -3.99786919e-01 2.53156722e-01 3.22849631e-01 -1.19183451e-01
    2.36865878e-02 -2.07173139e-01 2.38573432e-01 -1.96494460e-01
    1.79003716e-01 -5.36775589e-02 3.47890556e-01 -6.67954981e-02
    -1.83988929e-01 -3.53687435e-01 2.05305636e-01 -4.95961875e-01
    2.86716044e-01 -2.85494477e-01 1.11925781e-01 -4.22921419e-01
    -4.89277929e-01 -2.50132322e-01 1.71098471e-01 1.03628755e-01
    2.46490121e-01 -2.11743534e-01 2.87674546e-01 -3.80325317e-01
    -2.67739147e-01 -3.25889498e-01 4.27165210e-01 3.28237653e-01
    -2.70563424e-01 1.00113511e-01 3.73873830e-01 4.32491302e-04
    -5.08511782e-01 -4.82511520e-03 4.29790676e-01 -4.25971508e-01
    -4.16898549e-01 -4.21242058e-01 -5.10981858e-01 -4.16821599e-01
    3.06113362e-01 -1.73855186e-01 -2.26876915e-01 1.24541461e-01
    4.48759139e-01 3.65077496e-01 -1.31338477e-01 -2.75207222e-01
    -3.23687524e-01 -3.80437762e-01 -1.73764706e-01 -4.93628025e-01
    -2.68763274e-01 -3.44826669e-01 3.38248610e-02 4.19781804e-01
    2.90485382e-01 3.83281469e-01 -2.81379014e-01 2.15783477e-01
    -3.04153353e-01 3.11181843e-01 1.63193345e-02 -1.85610414e-01
    -2.07214952e-02 -2.86916643e-01 4.01193917e-01 3.81382167e-01
    -3.58728498e-01 3.31107914e-01 6.31151795e-02 3.89205694e-01
    -2.23180652e-02 -3.60197604e-01 3.39287877e-01 3.37841868e-01
    -2.15338588e-01 -3.34582210e-01 3.77098858e-01 -4.78214979e-01
    3.77490461e-01 -4.81021345e-01 2.29377031e-01 4.33160722e-01
    -3.49413574e-01 2.29629993e-01 -2.64886022e-01 2.17000604e-01
    1.80493772e-01 1.08700693e-01 -1.97390944e-01 -1.25288635e-01
    2.22772300e-01 3.43213677e-02 8.18154812e-02 -3.24221253e-02
    3.01747799e-01 -3.15513641e-01 2.61760771e-01 8.08590055e-02
    -5.32116294e-01 -4.78012562e-02 3.52889001e-01 1.53535068e-01
    -6.52358830e-02 -4.98447359e-01 3.58153582e-01 -2.38895953e-01
    -3.43835354e-03 -3.97628844e-02 -4.49676365e-01 2.28368819e-01
    4.51954246e-01 -3.08930278e-02 -5.03680706e-01 2.57517934e-01
    2.99529374e-01 3.68568122e-01 3.30762982e-01 -3.89067829e-02
    -3.17476749e-01 -4.64744866e-02 -1.02393955e-01 -1.92141771e-01
    7.71567822e-02 -4.36924905e-01 1.93024874e-02 4.46641088e-01
    -1.07446313e-02 3.96901011e-01 -5.12079537e-01 2.55338788e-01
    1.16413057e-01 -2.71380037e-01 -3.14971805e-02 -1.96804792e-01
    1.61895037e-01 -8.35491121e-02 -3.86557698e-01 -5.05569994e-01
    8.29939842e-02 -3.74227315e-01 3.61686051e-01 -2.37560332e-01
    2.77863681e-01 9.25344825e-02 -2.24661529e-01 4.38063622e-01
    1.50486887e-01 -6.98432624e-02 3.84978354e-01 1.04977667e-01
    1.07485354e-01 1.72545016e-01 3.12096477e-02 -3.11830640e-02
    -4.47056085e-01 -4.34785366e-01 1.69657707e-01 -5.17200768e-01
    1.20617926e-01 -3.96989107e-01 1.24254763e-01 2.19348431e-01
    -5.57536483e-02 -4.05317277e-01 8.65671635e-02 2.80861616e-01
    4.48502541e-01 -3.80720794e-01 -1.76188767e-01 -3.05091619e-01
    2.18653500e-01 3.76704931e-01 2.69196451e-01 2.06055582e-01
    -1.24697089e-01 -3.13729435e-01 6.92221522e-02 -2.17023909e-01
    -5.49502015e-01 -1.58564955e-01 3.55032504e-01 9.78220105e-02
    4.19895649e-02 2.00916231e-01 4.45154965e-01 2.56347477e-01
    1.35041535e-01 -5.05412459e-01 2.01977909e-01 3.77341688e-01
    -1.51073754e-01 -8.44638646e-02 -5.08901834e-01 1.52733684e-01
    4.34664547e-01 -1.71943605e-01 2.71732450e-01 -3.51295084e-01
    1.17114365e-01 -4.07202005e-01 4.52018142e-01 3.14798594e-01
    -3.48710448e-01 2.92050242e-02 1.98357224e-01 -5.22846818e-01
    -1.24745995e-01 5.08898497e-02 6.17760420e-03 -3.45156193e-02
    -4.14200246e-01 1.82590961e-01 2.90602803e-01 2.28754461e-01
    1.24396622e-01 1.89905584e-01 -3.85277957e-01 -4.85366553e-01
    2.14162946e-01 -9.08029675e-02 -3.47787827e-01 4.46306288e-01
    3.64669025e-01 2.06891179e-01 -5.11467457e-02 -4.50376332e-01
    -4.59470958e-01 -1.74542606e-01 3.84209991e-01 3.70796740e-01
    -4.85403210e-01 1.34978116e-01 -1.62629396e-01 -6.77289367e-02
    -1.46292359e-01 1.56906128e-01 -4.11555618e-01 3.66601944e-02
    2.34293818e-01 3.99663389e-01 2.20628083e-01 -9.70940888e-02
    -2.68070817e-01 1.18462563e-01 7.16789961e-02 -2.69684911e-01
    -4.08751905e-01 -4.53623801e-01 3.36759806e-01 2.99000442e-01
    -1.31383598e-01 -1.45755380e-01 1.32048070e-01 -3.10078532e-01
    -4.29446280e-01 3.37900221e-01 -1.25950128e-01 4.42016602e-01
    -7.74255097e-02 -4.06257212e-01 -5.25182009e-01 -4.59525883e-02
    -3.29538256e-01 -3.64789933e-01 2.57046640e-01 -4.44577634e-02
    4.33116496e-01 -3.06461632e-01 -2.01581120e-02 -1.34680510e-01
    -5.43633401e-02 -1.66359514e-01 -2.03066170e-01 -2.72980332e-02
    4.14270639e-01 2.55957603e-01 -5.39455414e-02 -3.70588422e-01
    -2.17942476e-01 1.13147736e-01 -2.66475558e-01 -4.94361043e-01
    2.24010170e-01 2.49264896e-01 2.39565492e-01 4.17894125e-01
    1.37863636e-01 3.33303869e-01 -4.63494539e-01 3.64153862e-01
    4.64813292e-01 4.66607213e-02 -5.25802732e-01 -1.45464122e-01
    3.15892458e-01 -1.92200303e-01 -9.85354781e-02 2.93532550e-01
    3.46487343e-01 -4.15309995e-01 -5.24319291e-01 -1.54374838e-02
    2.47822523e-01 -4.21145946e-01 -4.00870264e-01 1.01897538e-01
    4.10881102e-01 2.76294351e-01 4.66443241e-01 -2.97548115e-01
    -4.37958419e-01 3.40604186e-02 -2.75254488e-01 -5.05950093e-01
    -1.67685747e-02 -4.38648313e-01 -2.89949983e-01 4.35177684e-01
    -2.82979906e-01 1.51838064e-02 5.32488823e-02 2.81112015e-01
    -1.41831160e-01 2.15284228e-01 -1.76105440e-01 -3.51059586e-01
    -5.40811419e-01 -1.53726339e-02 -3.21127772e-01 -2.22866237e-01
    -3.45331430e-02 3.45524848e-01 -9.17428434e-02 -7.97341168e-02
    -2.46561348e-01 -1.63950920e-01 1.99264288e-03 2.74339855e-01
    -3.09240520e-01 -1.67521656e-01 4.49061394e-03 3.62283647e-01
    3.23009908e-01 2.43999243e-01 -2.53950566e-01 -3.94633174e-01
    2.10540354e-01 2.97051847e-01 -1.37402356e-01 1.54817581e-01
    4.47402775e-01 4.06967998e-02 -2.24545956e-01 -5.45847416e-03
    1.96064174e-01 -4.62348342e-01 -4.40261841e-01 3.82384062e-01
    3.22659194e-01 1.35783374e-01 2.63246775e-01 1.67903900e-01
    -4.96982783e-01 3.44831944e-02 -2.19215095e-01 3.68182361e-01
    -4.65336919e-01 7.20008612e-02 -4.73939002e-01 -3.92250121e-01
    -3.40673327e-01 2.52296269e-01 4.96973991e-02 4.32765484e-03
    4.13605571e-01 2.36818731e-01 6.60121441e-04 -8.32504034e-03
    3.67470145e-01 6.57021999e-02 -3.73111278e-01 -4.43296343e-01
    -4.58039105e-01 -4.51587975e-01 -4.26093191e-01 -2.04652220e-01
    1.87291145e-01 1.81627512e-01 1.95488155e-01 4.49278951e-01
    -9.01336670e-02 -3.12512547e-01 -3.67339820e-01 3.74216020e-01
    4.31578159e-01 -2.35069752e-01 -5.23203433e-01 -4.05396342e-01
    -3.75664592e-01 3.16327691e-01 1.35348856e-01 -1.22969180e-01
    -9.07486677e-02 -2.57019103e-01 -1.14602625e-01 3.57066989e-01
    -3.58704537e-01 3.36421013e-01 -5.24916232e-01 -4.29257125e-01
    4.70892191e-02 -4.78737295e-01 -1.11399889e-02 -2.17494071e-01
    -4.48892593e-01 -2.66827404e-01 1.22458458e-01 -3.92071605e-01
    1.28471315e-01 2.09223747e-01 -3.86257529e-01 2.03728914e-01
    1.96616769e-01 -5.50243258e-01 6.50528073e-02 1.74223483e-01
    -6.45846426e-02 -1.48506165e-02 -3.56111676e-01 -2.11073697e-01
    8.82396698e-02 2.05021799e-01 4.03580189e-01 -1.71341449e-01
    -4.87499386e-01 -3.02779078e-02 -1.99526370e-01 -1.15208030e-02
    -2.97477782e-01 -4.83735740e-01 -2.08056778e-01 1.54532552e-01
    5.73058128e-02 -1.53225690e-01 5.32000661e-02 4.46465611e-01
    -1.86661571e-01 7.40000010e-02 -2.46529877e-01 1.14916980e-01
    1.69200361e-01 2.25362420e-01 8.91732574e-02 1.87055230e-01
    8.37417245e-02 -4.76846129e-01 1.08732045e-01 -1.05212271e-01
    2.80647457e-01 1.56476080e-01 2.16019869e-01 2.33055353e-02
    -5.55692911e-01 4.21945810e-01 -1.59089148e-01 1.09427333e-01
    2.26863980e-01 -3.64013165e-01 -5.28991580e-01 2.17222989e-01
    1.44825637e-01 1.55435383e-01 -4.76021260e-01 -9.12340581e-02
    -2.44581699e-02 2.67966390e-02 2.37594783e-01 4.19030428e-01
    -3.82346183e-01 6.62349463e-02 -1.18356586e-01 -4.64136302e-02
    -2.20314145e-01 3.60317767e-01 -5.08958876e-01 -1.55134261e-01
    -2.62644976e-01 -3.23155493e-01 -2.44395494e-01 -5.49128175e-01
    -4.59892869e-01 2.52931178e-01 4.08154488e-01 1.08023286e-02
    -2.07221806e-01 2.89529383e-01 -1.38731629e-01 -4.31239724e-01
    1.60362542e-01 -2.94573605e-01 -1.20141804e-01 -2.10949600e-01
    8.04541111e-02 -1.05925292e-01 -1.38164163e-02 -5.37974417e-01
    2.15444803e-01 4.33448255e-01 -3.48943949e-01 -1.45426512e-01
    8.58359337e-02 4.43671942e-02 -1.15062416e-01 -2.20170617e-02
    3.27167273e-01 1.17929220e-01 -2.53860414e-01 1.56049550e-01
    -7.60525465e-02 -5.55048883e-02 3.46395195e-01 2.69118369e-01
    -2.06191421e-01 -3.29150885e-01 -2.52046704e-01 4.32268322e-01
    -3.88969064e-01 2.31896460e-01 1.65233195e-01 -1.76411867e-01
    2.91796207e-01 -7.67187774e-02 1.64835989e-01 4.06890213e-01
    -7.23699331e-02 2.80757308e-01 1.16739988e-01 -2.26984590e-01
    6.11895323e-02 -3.50611806e-02 -1.88190639e-01 -4.44469750e-01
    9.54624414e-02 3.76382530e-01 -4.88066673e-03 -3.44776630e-01
    -5.05646288e-01 -2.23281503e-01 5.30865192e-02 -3.80426437e-01
    -1.93733633e-01 4.29812670e-01 1.07746303e-01 -2.37384528e-01
    1.34922206e-01 -2.58664131e-01 -4.77864206e-01 2.45921850e-01
    1.69983566e-01 -2.53365546e-01 2.52639472e-01 3.79992723e-02
    -2.28449345e-01 2.24111080e-01 -4.84838754e-01 4.92697358e-02
    -3.62748474e-01 -4.80532587e-01 -2.27278233e-01 -5.12581587e-01
    -2.12227523e-01 -4.64011848e-01 -3.27488244e-01 -3.22392523e-01
    4.49360609e-01 -4.26565170e-01 -3.24077994e-01 -2.46182472e-01
    -2.63184011e-01 3.75516891e-01 1.64149702e-01 5.51564097e-02
    -4.57001716e-01 2.52686858e-01 -2.46747881e-01 6.03365898e-03
    -3.79116535e-02 1.53201222e-02 -3.43612164e-01 -3.34662318e-01
    -1.49540454e-01 -2.09822655e-01 -4.38261718e-01 -4.60320711e-03
    -3.57248932e-01 2.23086953e-01 9.34261084e-02 -2.51877666e-01
    1.32667542e-01 -2.30651259e-01 1.53955936e-01 3.76116037e-02
    -3.01645994e-02 -2.68748462e-01 -3.80444109e-01 1.58043861e-01
    -2.65015185e-01 3.27788591e-01 -7.28301406e-02 2.39088058e-01
    -3.29252481e-02 -3.88801366e-01 -4.53339964e-01 -4.38741028e-01
    2.04018712e-01 -4.09841180e-01 -4.72772360e-01 3.30334783e-01
    -1.66389346e-02 -5.17563522e-01 2.75011957e-01 3.92710268e-01
    -3.12260985e-02 -2.55993247e-01 -6.63723350e-02 -2.33885258e-01
    -3.17449719e-01 1.99772179e-01 4.61961806e-01 6.30396605e-02
    -8.48027468e-02 -1.65495276e-02 -2.19658613e-02 -2.57528484e-01
    -4.48118448e-02 -1.13514602e-01 3.10572982e-02 -2.97211766e-01
    4.26300824e-01 2.69408882e-01 4.49180245e-01 -1.28441155e-01
    2.20912576e-01 -2.12880611e-01 -1.86594069e-01 2.19446957e-01
    1.67785943e-01 2.47153521e-01 -5.10255873e-01 -4.94559914e-01
    -3.19905818e-01 -3.09520483e-01 -1.38664395e-01 -2.12699890e-01
    2.02380538e-01 -2.48892963e-01 2.46550202e-01 2.11287916e-01
    -2.17377067e-01 -4.13768619e-01 3.41409266e-01 -2.58749038e-01
    1.02132916e-01 -3.37475121e-01 5.36171198e-02 -1.90723777e-01
    4.07726407e-01 4.36784387e-01 -1.63896084e-01 -2.10869342e-01
    -1.29734695e-01 4.50853646e-01 3.32363605e-01 8.13445449e-02
    2.58806288e-01 -5.12247920e-01 -4.54408616e-01 4.23770428e-01
    -3.03695023e-01 -3.30592752e-01 3.87289047e-01 -2.50434220e-01
    1.74756229e-01 2.47026682e-01 3.41392040e-01 6.86444044e-02
    2.78007329e-01 -3.40170771e-01 -3.57479393e-01 1.29077435e-01
    -3.11387599e-01 -2.39588052e-01 -2.01852649e-01 2.27965117e-02
    9.38697457e-02 -3.65148783e-01 -6.27934933e-03 2.56566405e-02
    -4.11574394e-01 -2.58374035e-01 -2.65726835e-01 3.92402649e-01
    -1.53174043e-01 -1.73234940e-03 -1.94449544e-01 -6.14240468e-02
    -1.97961301e-01 -2.51166880e-01 -2.10729480e-01 1.31250203e-01
    3.30314696e-01 -2.13546395e-01 -5.05347252e-01 7.86091089e-02
    -5.20378470e-01 -4.70196337e-01 1.51704252e-01 -3.90846729e-01
    -3.94066364e-01 -5.08063436e-02 -1.01533383e-01 2.37840950e-01
    4.37481701e-01 -9.35158134e-02 -2.42555946e-01 3.91579866e-02
    -1.61441565e-01 3.04593444e-01 4.32116807e-01 -4.00368512e-01
    3.52198124e-01 2.03929067e-01 -1.80601507e-01 -1.13285214e-01
    4.35455143e-01 -5.36274374e-01 -3.36391419e-01 -1.00599438e-01
    -3.99901032e-01 -3.71822804e-01 -2.33122945e-01 -2.67673135e-02
    -3.72671604e-01 4.08652663e-01 -3.16372335e-01 4.10601377e-01
    1.45564377e-01 1.41868174e-01 -2.42979467e-01 7.28496313e-02
    -1.49349868e-01 -1.40713274e-01 3.18954766e-01 -1.42413378e-03
    1.37665927e-01 3.62551868e-01 3.44873071e-01 5.16777039e-02
    2.55445719e-01 5.78791499e-02 -4.67644751e-01 -2.04513311e-01
    1.88225329e-01 -3.47228229e-01 2.66824663e-01 -2.45245576e-01
    -5.33111453e-01 -2.89124936e-01 4.62341845e-01 4.43615139e-01
    -5.24797738e-01 2.53615916e-01 3.36427927e-01 -4.74146068e-01
    -1.11928701e-01 -1.71249211e-01 3.65424156e-01 1.88735127e-02
    1.24562323e-01 -4.49551255e-01 -1.50596887e-01 -3.27972561e-01
    1.46575153e-01 -2.84304142e-01 -3.74577284e-01 -3.06910932e-01
    -4.22543466e-01 4.08251643e-01 -4.85522419e-01 -3.01525772e-01
    3.59984279e-01 3.47334146e-03 -3.71955693e-01 2.68495142e-01
    1.13891363e-01 -4.47772324e-01 2.80565619e-02 -3.35828364e-01
    -2.90816665e-01 4.02746737e-01 -4.66293067e-01 3.86745334e-02
    1.38015091e-01 -1.60827041e-01 3.21965814e-01 -1.77390575e-02
    -1.77321076e-01 1.03782058e-01 3.42852175e-01 -1.32657886e-02
    -2.94022709e-01 7.20351934e-03 8.60011578e-03 -4.50587273e-01
    -3.74945700e-01 -3.01784217e-01 -3.98023874e-01 -2.37861156e-01
    8.70021582e-02 1.03030384e-01 5.96566200e-02 -1.45725369e-01
    4.62143838e-01 3.33485663e-01 -3.11641097e-01 4.32935357e-01
    6.25292063e-02 2.25512981e-02 3.38089466e-02 2.91239679e-01
    4.48646426e-01 -4.33754385e-01 1.73864722e-01 -8.46254826e-03
    -2.46742487e-01 -3.15942615e-01 -8.75014067e-02 3.09820950e-01
    3.72784734e-01 -4.51523453e-01 -2.83608437e-01 -1.94927216e-01
    1.61836147e-01 3.70950460e-01 -2.06073582e-01 3.97860408e-01
    3.89997661e-01 2.95447648e-01 3.29053402e-01 -4.16633844e-01
    -1.09572023e-01 4.14779603e-01 -4.30479288e-01 -5.34179747e-01
    -2.47914076e-01 4.22889650e-01 1.36203289e-01 -3.24716747e-01
    -3.07598948e-01 -4.80075091e-01 -5.35811186e-02 -2.29094684e-01
    -2.79576570e-01 -2.13079810e-01 4.04936075e-02 -2.48015344e-01
    -3.51582259e-01 -5.02456844e-01 2.75141716e-01 5.54662347e-02
    -3.33076060e-01 -3.70931029e-01 3.25265884e-01 2.90793419e-01
    -4.17554498e-01 2.43478894e-01 -4.94918704e-01 2.80196309e-01
    -5.24721503e-01 2.49223709e-01 -7.56764412e-03 -2.19274044e-01
    -2.14577079e-01 -4.03621048e-01 -4.97980714e-02 -2.36877263e-01
    -4.83650565e-02 -4.68463898e-02 1.62024438e-01 8.39753747e-02
    1.98998749e-01 1.19509339e-01 -6.89452589e-02 2.46957183e-01
    2.45909750e-01 4.26814854e-01 2.43947387e-01 -5.25887012e-01
    -2.56232172e-01 -1.78158671e-01 -1.63115531e-01 2.44016528e-01
    -2.57139236e-01 -3.01184356e-01 -4.84979004e-01 3.41031969e-01
    -9.93672609e-02 -2.93835700e-01 -1.31428897e-01 3.66109848e-01
    2.98535764e-01 2.48828948e-01 -2.70890474e-01 -3.08319688e-01
    -4.42656755e-01 -4.59339470e-01 6.93625212e-02 -4.19350743e-01
    -3.31513554e-01 2.14614034e-01 -5.54575622e-02 -4.56503659e-01
    -4.77252334e-01 -2.89771557e-02 2.67339170e-01 2.68686175e-01
    1.98716938e-01 -1.97529793e-01 3.60039532e-01 1.11373603e-01
    -5.25776744e-01 -1.94432914e-01 -2.89204746e-01 -6.51129186e-02
    2.18996227e-01 -3.68456960e-01 -7.90233612e-02 -5.06884575e-01
    5.74601889e-02 -2.84767210e-01 1.73609614e-01 -3.57805640e-01
    -5.52806258e-01 4.32940483e-01 3.78412247e-01 -5.12746930e-01
    -1.53185368e-01 3.00154686e-01 1.12041175e-01 -1.31926000e-01
    2.22759306e-01 -5.33056796e-01 -2.23309040e-01 4.22732055e-01
    8.99704695e-02 5.86959124e-02 -5.34490943e-01 -1.56243801e-01
    2.53002048e-02 -4.07525897e-01 2.97777772e-01 3.81830335e-01
    7.16485977e-02 -4.11106080e-01 -1.84123009e-01 2.96661854e-02
    7.07738400e-02 1.99678779e-01 4.09318626e-01 -3.70995283e-01
    -4.61850882e-01 -5.07478118e-02 -5.45307279e-01 1.69310927e-01
    -4.10446167e-01 4.34994340e-01 1.47987306e-01 1.87158883e-01
    1.63463593e-01 3.67740989e-02 -1.10730171e-01 1.50081277e-01
    -4.30231929e-01 -4.76365983e-01 3.38425517e-01 -4.24493283e-01
    -4.44139868e-01 -2.71413684e-01 4.20484543e-01 -8.63341987e-02
    -5.10491967e-01 4.28153276e-01 -5.45734763e-01 -2.66877949e-01
    -8.40524137e-02 1.15958452e-01 -4.13291097e-01 1.65677428e-01
    -5.18749952e-01 -4.37778234e-03 4.34062541e-01 -4.27269101e-01
    -3.09891045e-01 2.35129178e-01 -2.53651828e-01 -5.38286567e-01
    -1.16116494e-01 -4.40204322e-01 -3.44471902e-01 2.57758021e-01
    1.75490499e-01 4.10226107e-01 -2.01351643e-01 -4.04039830e-01
    6.84922934e-03 -2.22660601e-01 -2.99542189e-01 3.11458111e-01
    -4.46335465e-01 -4.35740590e-01 9.74997282e-02 4.85683084e-02
    3.63140047e-01 1.00336194e-01 -2.15848923e-01 -1.59014821e-01
    -4.77728814e-01 -1.01482600e-01 -4.41097826e-01 1.36538088e-01
    1.28029525e-01 -4.96070415e-01 -1.46847308e-01 -7.54660666e-02
    1.31025791e-01 -2.28909671e-01 -3.47515821e-01 1.35909319e-01
    3.59781742e-01 -3.84817362e-01 -3.91193748e-01 1.97913289e-01
    -4.70549405e-01 -3.50290030e-01 1.20430768e-01 -8.80994499e-02
    3.17501903e-01 1.19841695e-01 2.47147679e-01 -2.43169755e-01
    -3.67764771e-01 -1.81660146e-01 -1.37449026e-01 3.01850498e-01
    -9.85920131e-02 4.28783178e-01 1.88797295e-01 2.97095776e-01
    -1.86303854e-02 2.25753903e-01 -1.80155545e-01 -5.26003242e-01
    1.26951337e-02 -3.05290312e-01 1.01117551e-01 2.83628583e-01
    1.03967309e-01 -5.08499980e-01 -1.85922027e-01 2.06951797e-01
    -8.26808810e-02 4.14454401e-01 -2.77261257e-01 9.21279192e-02
    4.17847037e-02 1.65434062e-01 4.27086234e-01 2.94443250e-01
    -1.83597207e-01 -1.06543869e-01 -4.66838241e-01 1.82829618e-01
    4.81161475e-02 -3.65636259e-01 -4.27067727e-01 -5.05075514e-01
    -3.51784617e-01 4.20235813e-01 -3.65282625e-01 -2.52209067e-01
    3.05486977e-01 -3.62295598e-01 2.84511805e-01 -4.37976897e-01
    -2.41721839e-01 -1.76574737e-01 3.58657241e-02 -1.30857885e-01
    1.56196952e-01 2.99357772e-01 -4.33162093e-01 -4.37074900e-01
    -1.53066576e-01 -4.31161761e-01 -4.71798509e-01 6.61700964e-03
    1.73957169e-01 -5.38704872e-01 3.07333052e-01 4.17362094e-01
    -1.40066415e-01 3.94758999e-01 -1.86475396e-01 3.97617996e-01
    2.01341867e-01 -2.64704019e-01 -5.08889019e-01 3.03346455e-01
    1.14303589e-01 -2.78858870e-01 3.88169289e-02 -1.22097254e-01
    -6.88646138e-02 2.52486050e-01 -5.16583502e-01 -3.54536414e-01
    -2.03460515e-01 4.11754727e-01 -1.55352235e-01 -2.40417719e-01
    -1.59264207e-01 -1.28380358e-01 -2.08828539e-01 2.24217713e-01
    -1.76087856e-01 -2.84812391e-01 5.58345914e-02 -2.88872480e-01
    -3.23637187e-01 1.24916017e-01 -4.71575677e-01 1.23819590e-01
    -1.38079911e-01 -2.69514829e-01 2.34377027e-01 -5.15368938e-01
    -1.02809131e-01 2.18097687e-01 -4.06620026e-01 -3.78226578e-01
    -3.67259115e-01 -9.09374654e-02 -4.06452417e-02 3.97908092e-01
    4.27379668e-01 3.63773108e-03 -4.49765027e-01 -3.89586687e-01
    -1.04597926e-01 1.32951140e-02 3.27836633e-01 -4.34354603e-01
    2.51987517e-01 -3.03685069e-02 -3.24373037e-01 -2.08750844e-01
    -4.53843713e-01 3.08522284e-01 -2.78683901e-01 -5.47580004e-01
    4.04183209e-01 2.68102884e-02 -4.56956744e-01 -3.78363967e-01
    4.32463050e-01 4.33397949e-01 2.08283365e-01 2.48939097e-01
    2.78968990e-01 -3.49945664e-01 -3.83696079e-01 1.12916887e-01
    1.78861856e-01 -4.28133607e-02 -4.89874661e-01 -3.57315212e-01
    -4.56887484e-03 -4.04384881e-01 -1.48909688e-02 -9.00146067e-02
    -3.11478645e-01 1.57222271e-01 2.66278923e-01 6.50895834e-02
    -2.49298751e-01 4.08167601e-01 -9.45600271e-02 2.01403499e-01
    3.62243056e-01 -3.61048073e-01 3.57163727e-01 5.98896146e-02
    2.83153713e-01 1.29209459e-01 -4.15742397e-02 3.17691386e-01
    -2.24099517e-01 -4.40500915e-01 -7.75219798e-02 -9.28846896e-02
    2.55561471e-01 9.40782428e-02 -1.11241132e-01 2.56541550e-01
    9.62236524e-02 2.90991068e-02 3.67063820e-01 2.81358719e-01
    -3.47700596e-01 -4.25192714e-01 2.14993715e-01 -1.85265154e-01
    -4.10727203e-01 2.83047795e-01 4.26500082e-01 2.93200016e-01
    -3.90867978e-01 -9.50559378e-02 -2.21907675e-01 -3.23381841e-01
    -2.84209639e-01 -1.14725918e-01 -1.87071145e-01 -4.46449578e-01
    -2.18557715e-01 -1.85428798e-01 -1.62948251e-01 -3.05150986e-01
    -5.26829004e-01 -1.66760296e-01 -4.75827575e-01 -3.73636425e-01
    4.27242935e-01 4.28239346e-01 3.26948881e-01 -9.90719497e-02
    -4.07533437e-01 3.69577408e-01 2.36970782e-01 3.44240129e-01
    -5.22418201e-01 4.17349458e-01 -1.45199001e-01 9.60569382e-02
    1.33798063e-01 -2.69795656e-01 -3.65851432e-01 -2.75962949e-02
    -4.10303503e-01 -2.46602297e-02 1.67825103e-01 1.56415343e-01
    -3.47023010e-01 1.80693150e-01 3.72719944e-01 -3.72597188e-01
    -4.63453799e-01 -1.43849641e-01 4.14983630e-02 -3.89064521e-01
    1.00995779e-01 -4.90415782e-01 -4.55960631e-01 -3.86093080e-01
    1.76437199e-01 -3.87527317e-01 2.40438879e-01 -3.84699941e-01
    -1.24478340e-01 -3.31833303e-01 9.18818116e-02 -3.14840287e-01
    3.63044083e-01 -4.24223542e-02 -3.30382884e-01 1.40787244e-01
    4.32580531e-01 -4.67274457e-01 3.32459152e-01 2.04326332e-01
    -5.06089270e-01 -3.75159651e-01 -2.51137316e-01 -5.47179103e-01
    -3.80085170e-01 -4.94718015e-01 -2.06205785e-01 3.81823838e-01
    2.02811360e-01 -2.27103084e-01 7.47855902e-02 -2.96936899e-01
    -5.32180667e-01 5.53255677e-02 -5.68061471e-01 -5.59433758e-01
    -3.24684590e-01 2.02562153e-01 2.12410688e-01 -2.69625843e-01
    -4.34108615e-01 -4.06710744e-01 -5.46166420e-01 -3.94714057e-01
    -3.35967958e-01 -2.18338907e-01 -3.91544133e-01 3.09392333e-01
    -3.68682712e-01 3.69839847e-01 -4.27960277e-01 -3.88744652e-01
    -1.77447706e-01 2.37739921e-01 -2.34271705e-01 3.71844590e-01
    -4.43107098e-01 2.89541066e-01 -1.82596713e-01 -4.86410499e-01
    1.32620275e-01 3.95287037e-01 -3.66164118e-01 -1.96308672e-01
    -4.32021409e-01 -2.58016557e-01 1.79836690e-01 -4.64999110e-01
    -3.93779010e-01 -3.90223712e-01 -3.74473780e-01 -1.05588019e-01
    3.71313035e-01 -4.57971692e-01 -2.82308996e-01 7.35069513e-02
    2.58225679e-01 -2.59712398e-01 2.49875486e-01 -3.52035254e-01
    2.35783219e-01 -3.56182426e-01 -3.21361095e-01 1.07027769e-01
    3.61955941e-01 3.07942033e-02 -3.13171357e-01 2.01561332e-01
    1.09407723e-01 5.38827181e-02 -3.78286898e-01 -2.37010598e-01
    -5.33830523e-01 1.25914514e-01 -1.90082133e-01 -1.86390877e-02
    -2.19095230e-01 -5.16215324e-01 -4.98631150e-01 4.84388471e-02
    3.24679732e-01 3.03548634e-01 -4.50896382e-01 -1.53100550e-01
    -3.16761404e-01 -1.21246308e-01 9.62592959e-02 -7.01954961e-02
    -4.05597001e-01 -4.12101209e-01 2.66241014e-01 -2.20349342e-01
    4.69188273e-01 -4.80217218e-01 1.85062706e-01 -3.12382728e-01
    -3.68638456e-01 -1.66886896e-01 -4.65717524e-01 1.44061327e-01
    5.68104982e-02 -2.50924885e-01 2.34403670e-01 3.75636220e-02
    -2.82562733e-01 -6.79692328e-02 -7.35056400e-03 -4.61528420e-01
    -8.44508410e-03 -4.69934732e-01 -4.40171659e-01 2.40141153e-01
    -9.49869454e-02 3.77878964e-01 -1.67278111e-01 -4.02763963e-01
    4.04453278e-01 -8.88059139e-02 2.77236223e-01 1.37586415e-01
    -4.75988477e-01 -2.81441629e-01 -2.36336082e-01 -3.99915397e-01
    -1.87946647e-01 -2.67314315e-02 2.89250672e-01 2.84640789e-02
    2.96130061e-01 -2.96596974e-01 -1.26590610e-01 2.51849115e-01
    -2.53424615e-01 -2.33969778e-01 1.02331221e-01 -2.32996047e-01
    -3.39769244e-01 -1.21696979e-01 3.91265750e-01 2.43326962e-01
    -1.75470114e-02 -6.40849769e-02 2.98633158e-01 -1.57319605e-01
    2.44774997e-01 -2.88854122e-01 1.49154067e-01 1.15422666e-01
    -2.45379269e-01 2.58658171e-01 3.02202463e-01 -2.84463942e-01
    3.43762279e-01 -1.05156869e-01 -1.05851233e-01 3.84231567e-01
    3.01053286e-01 2.26581752e-01 -3.44525576e-02 3.99362385e-01
    8.09175372e-02 -3.15127850e-01 -5.14170885e-01 3.18398774e-01
    -8.63062143e-02 -2.96799779e-01 2.96858728e-01 -4.16862071e-01
    -9.37497318e-02 -3.63220304e-01 7.87086487e-02 2.25604773e-02
    2.75100470e-02 3.56010318e-01 -7.94922113e-02 -2.02132016e-01
    4.44929540e-01 -3.43181819e-01 -1.54660523e-01 1.30953193e-01
    -1.64162338e-01 -1.39538139e-01 1.14857793e-01 3.60847116e-02
    2.65777171e-01 -4.17289138e-02 -2.88470060e-01 -2.45831013e-01
    -4.78576183e-01 3.11705291e-01 -2.98209250e-01 2.22322464e-01
    1.22510076e-01 1.31352305e-01 -2.93120950e-01 -5.23521662e-01
    4.32402670e-01 -2.09047198e-02 2.29217350e-01 -4.81853455e-01
    -3.17330211e-01 3.20764184e-02 2.78523922e-01 -4.60533082e-01
    -2.36444622e-01 1.35063350e-01 -3.85076940e-01 -4.61588025e-01
    4.09164190e-01 -1.22670531e-02 -6.09030724e-02 1.71020091e-01
    -3.64883125e-01 5.46977520e-02 1.33102536e-02 3.55085254e-01
    -1.90824270e-02 1.85995340e-01 1.88166916e-01 -2.91817397e-01
    8.35977197e-02 -5.35710692e-01 1.89923048e-02 -5.08114576e-01
    1.08170748e-01 2.12717712e-01 -3.13306123e-01 -3.31680954e-01
    -2.76575387e-01 4.42230701e-03 -1.62473202e-01 4.06781375e-01
    -1.37835741e-02 -3.23522240e-01 2.06053019e-01 -4.46787864e-01
    -7.99064338e-02 2.38731325e-01 -2.82431006e-01 6.92369342e-02
    -3.74642342e-01 -1.27396107e-01 2.71705687e-01 -3.35964173e-01
    -9.52078104e-02 -3.81230652e-01 7.31940269e-02 -4.93116379e-01
    9.23750997e-02 -5.09099424e-01 -3.93215656e-01 -2.97460169e-01
    1.69916630e-01 9.02019739e-02 4.20136094e-01 -2.98613697e-01
    1.55704319e-01 -2.54018903e-01 -5.09130061e-01 1.56618476e-01
    -3.45898837e-01 1.87568009e-01 -1.37540758e-01 -2.48005360e-01
    -5.63473344e-01 -1.91962272e-01 4.01476622e-02 1.31864607e-01
    3.67770791e-02 2.00787783e-02 -2.42592931e-01 -3.74985963e-01
    -9.98222530e-02 -2.19815135e-01 -1.65643215e-01 -3.79119575e-01
    -4.35586840e-01 -5.32382548e-01 -5.62057495e-02 -4.67345983e-01
    -3.48906487e-01 3.16390812e-01 7.02373981e-02 -3.09657305e-01
    2.83628881e-01 -4.99844670e-01 2.68003523e-01 9.39196348e-03
    -2.60980099e-01 1.26745164e-01 -3.00355554e-01 4.08701956e-01
    4.17515635e-02 -4.12956566e-01 -1.23884559e-01 -4.00831610e-01
    3.14809322e-01 4.37489688e-01 5.28697968e-02 -3.05385590e-02
    -4.21090662e-01 -7.10578263e-02 4.06497777e-01 4.35712397e-01
    6.61119223e-02 1.09462142e-01 1.10020220e-01 -5.24550378e-02
    3.16050649e-01 2.41169572e-01 -4.81350034e-01 3.00568283e-01
    1.03312135e-01 -2.56728828e-01 1.59445226e-01 -3.42318982e-01
    3.17309558e-01 -4.37786996e-01 1.33307457e-01 -7.62377083e-02
    6.62426949e-02 -1.66720897e-01 -5.35485566e-01 -5.18369198e-01
    -2.64681727e-01 3.48368287e-02 -4.34286267e-01 -1.66802078e-01
    -2.54340082e-01 2.95157313e-01 1.31075740e-01 2.34016180e-02
    -6.31300509e-02 2.04311609e-01 -1.85227394e-01 -4.02919590e-01
    8.37220550e-02 -9.21917856e-02 4.07059729e-01 -4.89595234e-02
    -4.48894143e-01 -1.06483102e-01 -3.72448504e-01 1.37326241e-01
    1.17254853e-02 4.02361155e-02 -2.86179304e-01 -4.76061195e-01
    1.31245553e-01 1.25576854e-01 3.33741009e-01 -2.64282227e-01
    -5.10799646e-01 -1.09454632e-01 8.58587027e-03 -3.11567962e-01
    -7.43734837e-03 -5.30952930e-01 -3.00377786e-01 2.28809118e-02
    1.13168895e-01 2.81714141e-01 -1.48570210e-01 1.79002285e-01
    1.62867486e-01 -1.46612883e-01 -1.85397685e-01 5.27153015e-02
    2.05827057e-01 -2.48503268e-01 -3.18150371e-01 -2.54555762e-01
    -1.35875762e-01 -2.46889740e-01 4.15210009e-01 -3.43427092e-01
    4.37509835e-01 -5.22610903e-01 -3.35798323e-01 -9.78827477e-02
    -4.61088955e-01 -5.12801409e-02 -2.88155735e-01 -2.67657518e-01
    -2.34062612e-01 -2.74552703e-02 4.08679962e-01 2.47979760e-01
    -4.73045528e-01 -2.70256758e-01 1.51202559e-01 9.12925601e-02
    -1.01767391e-01 -5.88331521e-02 1.15786135e-01 3.79400849e-02
    -2.29709506e-01 5.81156015e-02 3.41150165e-02 3.68913889e-01
    -3.10076863e-01 -8.34383070e-02 -7.25803375e-02 -3.45294714e-01
    3.20016921e-01 3.47862065e-01 -2.42281497e-01 -4.47592199e-01
    -2.57534683e-01 4.61832225e-01 -3.85822058e-02 -2.64787376e-01
    3.89231205e-01 -1.18560791e-02 -2.34903246e-01 -1.36326820e-01
    6.10351562e-02 -4.57419425e-01 3.50049496e-01 1.38527930e-01
    -2.88049936e-01 -3.03415895e-01 3.35397840e-01 -2.67140031e-01
    1.98080897e-01 1.02097988e-02 -4.69516844e-01 -7.75081217e-02
    -2.21725971e-01 4.48067427e-01 -5.14872968e-01 1.09536886e-01
    -5.34437060e-01 3.45212698e-01 1.68197751e-01 -2.58413196e-01
    5.03339767e-02 -2.79311299e-01 -5.35240948e-01 -2.50177205e-01
    -1.85735524e-01 -6.82309866e-02 3.01482022e-01 4.96301055e-02
    4.13370252e-01 -4.54739392e-01 2.03418612e-01 -2.81376004e-01
    -1.33625090e-01 -1.72208846e-01 -4.99465376e-01 1.61159337e-01
    5.04826903e-02 1.42465055e-01 -4.83624458e-01 3.43762398e-01
    8.42165947e-02 -3.64792615e-01 3.08011115e-01 8.41423869e-02
    -1.62138760e-01 1.93222702e-01 6.49856925e-02 2.62314498e-01
    -3.73830110e-01 -1.63975120e-01 9.86858606e-02 -3.57751191e-01
    3.98689747e-01 -4.05768812e-01 -4.03865993e-01 -5.21740377e-01
    6.87201619e-02 -3.56239617e-01 1.96861684e-01 4.20538962e-01
    -1.10071033e-01 2.09204197e-01 -4.73724216e-01 7.84362555e-02
    -2.06812978e-01 -1.49356484e-01 2.44506478e-01 3.58127117e-01
    9.31031108e-02 -4.79248971e-01 -7.60720670e-02 -1.43805742e-02
    1.95214927e-01 2.32059121e-01 -5.24852514e-01 -1.21155173e-01
    -1.08885288e-01 -5.57978034e-01 8.99597406e-02 -3.28467637e-01
    -4.47482705e-01 -1.85992599e-01 8.69002938e-02 2.16596901e-01
    -1.97774172e-02 3.04283798e-01 2.63984501e-01 3.02839041e-01
    2.60214329e-01 -5.76801300e-02 -2.27825940e-01 -2.91615903e-01
    -4.36451465e-01 -1.66717052e-01 -2.57117450e-01 1.75009251e-01
    9.60299969e-02 -1.73824370e-01 -8.58694315e-02 -1.44966245e-02
    -3.37633342e-01 -4.85676527e-01 3.74988437e-01 -3.59539866e-01
    1.75244689e-01 -4.97064382e-01 -2.55551010e-01 5.69922924e-02
    3.71664762e-01 3.72727215e-01 3.74588192e-01 2.14070201e-01
    -2.56203711e-01 -2.60446012e-01 4.09030318e-01 -3.29698920e-01
    1.96196735e-01 -4.10259694e-01 -5.16991079e-01 -4.42300469e-01
    -1.67303264e-01 2.75144935e-01 -5.19051313e-01 4.28318977e-01
    -1.97639555e-01 4.13158000e-01 1.87601507e-01 -4.32343572e-01
    6.13833070e-02 -6.78157210e-02 -3.84930372e-02 -1.00997597e-01
    -3.87848884e-01 2.95148492e-02 1.03608489e-01 -4.88217652e-01
    -1.28172785e-01 -3.30116451e-01 -2.44768143e-01 -5.22469878e-02
    7.61862397e-02 1.69295132e-01 -2.04740405e-01 -1.33865625e-01
    -1.76189214e-01 2.04037309e-01 -3.77776086e-01 2.83892989e-01
    6.83216453e-02 -4.56875265e-01 -1.56262994e-01 -2.86443949e-01
    -1.23722255e-01 -3.95125121e-01 -4.02774662e-01 1.37369275e-01
    -1.84241235e-01 4.53921974e-01 2.59562790e-01 4.13255990e-01
    -3.74946892e-01 9.29479003e-02 3.08666110e-01 -1.40492916e-02
    2.94717431e-01 2.27714658e-01 -4.61531460e-01 9.18422341e-02
    -5.27397275e-01 1.06040001e-01 1.92394435e-01 -5.13230860e-02
    4.15228784e-01 -4.30215329e-01 4.06854987e-01 -4.65229362e-01
    -5.23453951e-03 -9.37106609e-02 -1.40055209e-01 -3.10579777e-01
    2.83112645e-01 5.97747564e-02 -5.33164501e-01 7.47478008e-02
    -5.16148508e-01 -1.55372947e-01 -2.44859338e-01 1.81745052e-01
    -3.12908620e-01 -4.64667231e-01 4.25738037e-01 1.03019297e-01
    -4.38619256e-01 2.35851228e-01 -3.72646809e-01 1.87173724e-01
    -2.89500713e-01 4.41167891e-01 2.81195462e-01 -1.80038810e-02
    -4.04536128e-02 -1.65848106e-01 2.26961076e-01 1.17836297e-01
    -4.26176578e-01 -2.55645156e-01 -3.66748065e-01 -4.70789641e-01
    -3.28808457e-01 3.84343803e-01 -4.61541772e-01 -5.39672077e-01
    1.76528990e-01 2.38559842e-02 2.97018886e-01 5.69894910e-02
    2.16321230e-01 -2.20109999e-01 -4.92476910e-01 3.35977495e-01
    1.38441265e-01 -5.46597958e-01 5.15632033e-02 -4.29825395e-01
    1.29106939e-01 3.11394036e-01 -6.69060349e-02 2.47316957e-02
    2.04884827e-01 -1.96997702e-01 -5.14659524e-01 -1.27953053e-01
    3.12175632e-01 6.07728958e-04 1.27703428e-01 -1.98225379e-01
    -2.14091361e-01 2.25173831e-02 2.30149329e-01 3.40930998e-01
    4.64706898e-01 -3.73182535e-01 -6.44051433e-02 2.80135512e-01
    -3.38603884e-01 -1.11864030e-01 -4.83103454e-01 -5.14968991e-01
    -2.99423844e-01 2.22880304e-01 -3.48404616e-01 4.58616614e-02
    2.58309901e-01 3.82296205e-01 7.55996108e-02 -4.08350438e-01
    5.26251197e-02 -1.66843712e-01 -5.48346937e-02 -1.35373116e-01
    -4.76141661e-01 9.44119096e-02 -2.65289903e-01 -5.29078126e-01
    -1.78550422e-01 -5.07907629e-01 -1.42385036e-01 1.91400528e-01
    1.58314347e-01 -4.58438247e-01 -3.93450111e-01 -4.42082494e-01
    -1.56453729e-01 3.22330117e-01 4.25405443e-01 2.61402071e-01
    1.85949624e-01 -4.76980627e-01 3.37264359e-01 -4.60118175e-01
    2.52858400e-01 1.20897472e-01 -3.34784001e-01 -5.56494594e-01
    -3.55113089e-01 4.96675968e-02 3.41289580e-01 -8.20959806e-02
    3.26548219e-02 -9.52290595e-02 -2.37690508e-01 5.88130951e-02
    -1.61881179e-01 1.67694628e-01 3.41249406e-01 5.11698723e-02
    1.14990234e-01 2.40205526e-01 4.20076311e-01 -3.06898534e-01
    1.34986639e-02 -1.77655786e-01 1.35279000e-01 2.95359433e-01
    -4.24630433e-01 -5.54163933e-01 3.88860166e-01 -4.41982120e-01
    2.13631094e-01 -3.86605859e-01 6.06414080e-02 1.47808313e-01
    3.31870258e-01 -5.03600955e-01 2.24950314e-01 -2.20495403e-01
    1.44174874e-01 3.16775739e-01 4.44556177e-01 -4.52454776e-01
    -2.08696067e-01 1.62445724e-01 -2.14648813e-01 -5.32998621e-01
    -1.64088190e-01 -2.83014774e-02 -6.80666268e-02 1.09854937e-02
    4.35496569e-01 1.64929092e-01 -3.72363061e-01 -1.47673190e-01
    2.06391454e-01 -5.64260185e-02 -4.90228564e-01 3.98115516e-01
    2.13582218e-01 3.99077654e-01 2.84754694e-01 7.88009167e-02
    -4.10644412e-02 9.83350277e-02 -3.28573108e-01 -2.53232241e-01
    -4.99849707e-01 -9.24364924e-02 -3.08049470e-01 1.66614294e-01
    -1.80445015e-01 3.93806696e-02 -1.21792793e-01 -5.45888960e-01
    1.69789910e-01 3.04017663e-01 -4.00361568e-01 -2.61759579e-01
    2.60248780e-02 -7.08674192e-02 3.66711676e-01 -3.03237826e-01
    2.74516821e-01 -2.91190386e-01 -5.60091972e-01 -2.05951810e-01
    6.55052662e-02 -1.72065228e-01 -4.84244823e-02 -1.87834918e-01
    -3.29745859e-01 3.88329864e-01 8.27338696e-02 -2.90734112e-01
    -4.78646338e-01 1.77389860e-01 -4.69607532e-01 3.89900804e-01
    -1.25530869e-01 -2.85762429e-01 1.96899712e-01 3.67677152e-01
    -2.87768841e-02 -2.28044033e-01 4.52166021e-01 -2.50546247e-01
    3.16583574e-01 -4.92782503e-01 2.74548292e-01 -4.94954646e-01
    -1.06489837e-01 2.35074580e-01 1.39864862e-01 3.03160489e-01
    1.58366084e-01 -3.10205460e-01 4.12753940e-01 -8.66734982e-03
    1.26549840e-01 -3.68448794e-01 -2.34439433e-01 -5.23443401e-01
    -1.66008860e-01 1.80570006e-01 1.58704579e-01 4.51882362e-01
    1.58269703e-01 -4.79698122e-01 -4.40655470e-01 1.84736848e-02
    2.63675690e-01 -4.18505937e-01 -4.21497852e-01 2.16744006e-01
    4.23743784e-01 4.52048540e-01 1.62248313e-01 -3.96672636e-01
    3.11446428e-01 -5.38738728e-01 1.47847354e-01 -2.17245102e-01
    2.21603751e-01 -2.10351408e-01 -8.57430398e-02 2.49434114e-02
    -5.28515935e-01 4.86884713e-02 -5.06625295e-01 -1.29881233e-01
    1.33196592e-01 -4.88869488e-01 6.89149499e-02 -2.77470976e-01
    -4.20659035e-01 1.86005831e-01 -4.08828348e-01 1.17583692e-01
    -1.50722265e-02 -5.13728857e-02 1.80087328e-01 -2.73619533e-01
    -2.58297741e-01 -3.58513743e-01 -2.89475799e-01 -4.92953271e-01
    -2.04517365e-01 -4.47009444e-01 4.39492166e-01 3.30835223e-01
    2.12096572e-01 9.00200605e-02 1.75723433e-02 -2.92936563e-02
    -3.33799690e-01 -3.78068179e-01 -3.80208552e-01 -2.38159001e-01
    -5.19932866e-01 7.42196441e-02 -4.92223114e-01 4.16691005e-01
    -2.39468873e-01 3.18658113e-01 1.75123870e-01 1.51932240e-03
    -6.60511255e-02 -4.50717837e-01 -5.37069201e-01 -1.48212075e-01
    -3.18261057e-01 2.96750367e-01 -2.14167416e-01 1.88765943e-01
    -1.67309403e-01 -3.89406592e-01 1.09625816e-01 1.70371473e-01
    -3.81367832e-01 -4.93834347e-01 -4.42595482e-02 -2.32863903e-01
    -1.28332555e-01 -1.22876763e-02 -4.04004455e-01 -4.64321345e-01
    7.40131140e-02 -4.82839763e-01 3.25913966e-01 -5.33601940e-01
    3.49873006e-01 -4.78322685e-01 1.24256611e-01 -4.17049527e-01
    4.37738001e-01 4.35061395e-01 -4.07316685e-01 -4.09734398e-01
    2.97908783e-02 -4.23613816e-01 -1.82408512e-01 9.49828029e-02
    -3.39614242e-01 -1.44016147e-02 3.91728520e-01 -2.26572752e-02
    -4.99457210e-01 -4.28328574e-01 -3.87923896e-01 3.11911106e-04
    -2.94707835e-01 2.35405564e-01 -2.23740458e-01 -3.03229451e-01
    1.43540263e-01 -2.59167075e-01 -5.40665865e-01 -5.03907561e-01
    4.82950211e-02 -3.42508107e-01 3.48156989e-01 4.06343460e-01
    4.37176645e-01 -2.14655995e-02 -4.38149542e-01 8.56229663e-02
    3.90603244e-01 -1.78669125e-01 4.22909021e-01 3.61847699e-01
    -2.54622281e-01 2.66498923e-02 2.70892143e-01 -3.90995234e-01
    2.38603771e-01 -5.42735577e-01 -2.58207172e-01 7.16266632e-02
    -2.84632981e-01 -5.27798116e-01 3.41706276e-01 8.39636326e-02
    2.20647514e-01 2.50393152e-02 -5.47044516e-01 -3.13939989e-01
    3.78294170e-01 -5.39706230e-01 9.60106254e-02 7.48604536e-02
    1.75267398e-01 2.45235622e-01 1.25551045e-01 -5.29165864e-02
    -2.10416585e-01 -5.32559395e-01 -5.98613024e-02 3.59198451e-01
    -2.74231404e-01 -2.56695092e-01 -1.99548304e-01 3.02142501e-01
    -2.14064121e-03 3.77195835e-01 -6.90159202e-02 -4.51204419e-01
    -3.21771264e-01 8.52958560e-02 -2.52571970e-01 -4.13069725e-02
    -4.74935174e-02 -4.45132405e-01 2.06471920e-01 3.27376366e-01
    -3.06485772e-01 3.66562903e-01 -1.12859011e-02 -3.34701657e-01
    1.42661035e-01 3.34814429e-01 -4.27431345e-01 -3.73788267e-01
    -1.10786259e-01 1.18215621e-01 -2.01954365e-01 -2.42261469e-01
    -4.91801828e-01 -3.43151599e-01 -1.64707780e-01 -5.03336132e-01
    2.82691717e-02 3.03876162e-01 -5.24134457e-01 -1.69592112e-01
    2.59501278e-01 -5.08459210e-01 3.71008158e-01 -1.21966332e-01
    -7.91316330e-02 4.69337702e-02 4.46967959e-01 -2.50219464e-01
    -2.53616661e-01 -1.56157464e-01 3.37375939e-01 -3.68470818e-01
    -1.43489599e-01 -2.47646570e-01 -7.86156654e-02 -1.44456148e-01
    -1.66137010e-01 1.33484781e-01 4.09107089e-01 -5.23229241e-01
    6.41488433e-02 1.08794153e-01 1.86675429e-01 3.21900249e-02
    -7.60930479e-02 -2.94061244e-01 3.15363169e-01 -1.47754699e-01
    2.70082057e-01 3.27026248e-01 3.07761848e-01 4.13963437e-01
    -3.86558175e-01 -6.56424463e-02 -3.72349918e-01 4.03131127e-01
    -2.84860134e-02 2.58010030e-01 -5.40552437e-01 -1.32623076e-01
    2.01214671e-01 2.25229025e-01 1.18657947e-02 3.92001450e-01
    5.82488775e-02 3.26604843e-02 4.00227129e-01 1.22674704e-01
    -4.20176864e-01 9.76765156e-02 3.48555326e-01 -4.80859905e-01
    4.51123655e-01 3.88530850e-01 -1.07103914e-01 -2.68439859e-01
    8.96579027e-03 -5.28236270e-01 -2.19693780e-02 -3.90847087e-01
    4.41156566e-01 -3.37234706e-01 -5.14043450e-01 -3.83890212e-01
    -2.89484888e-01 8.01002979e-03 5.03242016e-02 -4.59632337e-01
    2.31241643e-01 2.79651284e-02 -7.47677684e-02 -3.12473238e-01
    4.30321574e-01 -3.26777488e-01 -2.59913802e-01 1.31682098e-01
    -5.88794053e-02 -1.11044258e-01 -3.90185416e-01 9.04607773e-02
    1.14279091e-01 -2.17006445e-01 -4.27848101e-03 4.22933996e-01
    -1.30081058e-01 4.18248773e-02 1.39665127e-01 -2.08429188e-01
    1.81377351e-01 3.27036083e-01 -3.61042172e-01 -3.16243559e-01
    -3.87731791e-02 -4.27741438e-01 -5.07658482e-01 -3.56593400e-01
    1.45391822e-02 1.97577834e-01 2.60886073e-01 -9.16686654e-02
    -4.32554305e-01 -3.24923247e-01 6.54498935e-02 -5.71553111e-02
    2.59142220e-01 1.60250664e-01 3.21999013e-01 -4.77750152e-01
    -1.03127360e-02 -4.06608909e-01 -2.40135849e-01 -1.72904909e-01
    2.86915243e-01 -2.69273341e-01 2.49525726e-01 1.28142476e-01
    2.50632882e-01 2.89562821e-01 4.08102632e-01 4.28890586e-01
    1.60108209e-02 -1.72936678e-01 -4.11219060e-01 1.82865739e-01
    1.25805259e-01 -5.26836634e-01 -1.98645502e-01 -5.35480261e-01
    -4.29460138e-01 -3.02480817e-01 3.28025758e-01 -4.25305963e-02
    2.75830030e-02 3.04372013e-01 1.60211325e-03 6.34785295e-02
    9.21779871e-03 2.67678976e-01 -3.17911685e-01 -2.53827631e-01
    -8.08465481e-03 3.99015427e-01 -3.49377513e-01 1.94719791e-01
    1.22919321e-01 1.89793468e-01 3.13258946e-01 -1.09981686e-01
    3.57191265e-01 1.20252728e-01 -2.90662646e-01 6.25133514e-04
    -5.52724183e-01 -4.98209089e-01 -4.55865860e-01 4.34444785e-01
    -2.51547307e-01 1.74644411e-01 1.72302723e-01 -4.73508924e-01
    3.59131098e-01 -2.24000037e-01 -4.69632506e-01 -1.85299695e-01
    -4.67628241e-03 -8.46415758e-03 -5.29536724e-01 -3.02156240e-01
    -3.69195372e-01 -2.23993391e-01 2.63874650e-01 2.12064981e-02
    -1.11739993e-01 -2.16400445e-01 1.02916956e-01 -1.21534675e-01
    -4.78701293e-01 4.29306507e-01 -5.33564568e-01 2.98339009e-01
    3.17047298e-01 -3.29372555e-01 -2.18529701e-01 2.61345744e-01
    -3.53677601e-01 -4.03658420e-01 2.78796017e-01 1.30495608e-01
    -4.84457582e-01 2.64376998e-02 -2.52111256e-01 -8.93813968e-02
    -1.67506963e-01 -4.85917121e-01 -1.14376366e-01 -1.65373445e-01
    -3.82070512e-01 -1.63586736e-01 -2.85298049e-01 -3.39287966e-01
    1.43183529e-01 8.17421079e-02 -4.33232188e-02 1.63113058e-01
    -1.31783396e-01 -1.37505025e-01 -2.75824308e-01 -2.84277797e-02
    -4.54951525e-02 -4.75706965e-01 1.91529870e-01 -5.69413424e-01
    1.66256189e-01 -2.20762610e-01 3.55210364e-01 -3.06867123e-01
    2.43822038e-01 -3.48172247e-01 -4.27799463e-01 -2.24965215e-02
    1.71325207e-01 -5.27965784e-01 -3.11375141e-01 5.61201572e-02
    -4.43592012e-01 -6.18259907e-02 -1.68151081e-01 3.33110094e-01
    5.15105724e-02 -2.72611678e-01 -2.47736871e-01 2.60215998e-03
    2.40925550e-02 8.61311555e-02 -8.78322423e-02 -5.95987141e-02
    3.79269063e-01 -1.69921517e-01 -1.36286110e-01 -3.52912992e-01
    -4.10898745e-01 -9.04704034e-02 -1.08211756e-01 2.90882885e-01
    -4.07825887e-01 -5.51189482e-02 -3.20064008e-01 2.88931787e-01
    -4.29929107e-01 -5.42552888e-01 -2.70640194e-01 -1.68438107e-01
    7.97191262e-02 -3.06509286e-01 -4.85018194e-01 4.49550629e-01
    -8.13922286e-02 2.84507871e-02 4.11989510e-01 3.79229963e-01
    2.57638574e-01 -4.88068342e-01 -1.28442079e-01 1.96440399e-01
    -1.16772175e-01 -2.28875816e-01 -2.94257820e-01 -8.61960649e-03
    2.01647341e-01 -3.30948353e-01 -4.99159068e-01 -5.54468453e-01
    3.96490395e-01 -3.89187604e-01 2.62073278e-02 -3.57072383e-01
    2.75866270e-01 4.38066125e-02 2.64428973e-01 2.93821394e-01
    3.47998857e-01 -3.67594570e-01 3.91277909e-01 -6.04010224e-02
    -5.56277454e-01 3.04083765e-01 -5.45995116e-01 1.41782641e-01
    -1.89030170e-03 -3.89931977e-01 -2.51522362e-01 -3.58802855e-01
    -1.07898533e-01 -1.94626749e-01 4.02197957e-01 -1.14981949e-01
    -1.29376054e-01 1.30898178e-01 3.61554503e-01 -4.70443189e-01
    8.95565152e-02 -2.55157173e-01 -3.47299665e-01 3.39573145e-01
    -4.92217332e-01 8.41757059e-02 2.11378217e-01 1.40590012e-01
    -5.06748140e-01 1.47625923e-01 -4.67638195e-01 3.49566281e-01
    -1.60975933e-01 1.19030118e-01 4.36983943e-01 -1.34978592e-01
    4.35528755e-02 -3.27946723e-01 1.64096832e-01 2.11416125e-01
    7.37522840e-02 -4.24712002e-02 -6.09147549e-03 2.31642723e-02
    7.21355081e-02 -2.59145677e-01 -1.69977427e-01 1.77743912e-01
    1.11783028e-01 -1.87825024e-01 9.80983973e-02 -3.06088239e-01
    -1.67568803e-01 -3.93390745e-01 -1.92102641e-01 -4.58237469e-01
    -2.38924026e-02 4.03147161e-01 -3.07623744e-01 2.64049411e-01
    3.83815765e-01 -4.73044783e-01 -2.77698219e-01 -1.10312223e-01
    -1.75502479e-01 2.31376469e-01 1.95888400e-01 -4.88553971e-01
    -6.36328757e-02 3.30608428e-01 3.75479341e-01 3.62051070e-01
    -5.34240961e-01 2.97761977e-01 -3.02108556e-01 4.18194413e-01
    -2.36570239e-02 -1.59259349e-01 -1.38157606e-02 3.47011507e-01
    -1.04119480e-01 2.18664467e-01 -2.27969021e-01 2.31649339e-01
    3.07127953e-01 1.48545444e-01 -4.23886895e-01 -1.29962564e-02
    4.08906102e-01 -2.47393191e-01 -4.42255259e-01 1.50638163e-01
    1.54864788e-03 4.01006937e-02 1.61868572e-01 -1.47384644e-01
    -1.29951894e-01 2.05533326e-01 -3.28121513e-01 -1.31312281e-01
    4.33294654e-01 1.66535795e-01 3.04729700e-01 -2.51283050e-02
    -4.79968101e-01 1.37443841e-01 -1.70103192e-01 -2.88287699e-01
    -3.03007394e-01 -3.37349892e-01 1.59008861e-01 4.08646882e-01
    -4.90827829e-01 5.23828268e-02 -2.23743916e-02 -3.92361701e-01
    3.55506361e-01 -2.44649231e-01 -3.62008780e-01 -2.81465173e-01
    -3.09173167e-01 -2.47800708e-01 -4.34188277e-01 -5.17941177e-01
    -3.33612859e-01 2.53147423e-01 -2.80101359e-01 1.81968331e-01
    4.17190373e-01 4.25707519e-01 1.05377078e-01 -2.25949287e-02
    3.92723203e-01 2.99137890e-01 -2.60558724e-01 -5.44683337e-01
    -5.29107153e-02 -4.99030024e-01 3.26322436e-01 4.04256642e-01
    -3.88268501e-01 -1.92262679e-01 -3.31005961e-01 3.97172809e-01
    2.01514482e-01 -3.26372981e-02 -9.65389311e-02 -5.13086677e-01
    -1.36883885e-01 -4.09620315e-01 5.54190874e-02 -6.92243576e-02
    -1.76578760e-02 -2.22836941e-01 -5.25528669e-01 -8.41155052e-02
    -1.84824109e-01 1.01775587e-01 7.26797581e-02 -1.14816427e-03
    -9.90177393e-02 1.71209574e-02 -4.16674644e-01 8.05149674e-02
    -3.20423484e-01 -5.40067911e-01 4.21831608e-02 1.46012008e-01
    -6.33324683e-02 1.60633385e-01 2.80249119e-03 2.48786926e-01
    -2.06130385e-01 -3.48516673e-01 -4.48936075e-01 -1.60563201e-01
    -4.57004905e-02 -1.10078216e-01 -4.43287492e-02 1.07686281e-01
    2.62265444e-01 2.32374191e-01 -1.47404671e-02 2.18532801e-01
    7.59757161e-02 2.12513864e-01 2.91086912e-01 9.14692879e-04
    2.18344986e-01 9.23252106e-02 -1.98938906e-01 -4.11391258e-03
    1.82757974e-01 -4.18682992e-01 3.05196047e-01 -5.44130087e-01
    -3.90388072e-01 1.62855148e-01 7.74589777e-02 -4.47477669e-01
    -2.64268190e-01 -2.61599302e-01 -1.32341504e-01 -1.67392492e-02
    3.76291692e-01 -1.35009021e-01 -3.27835679e-02 2.81223059e-02
    -4.19677734e-01 -4.85158265e-01 -1.99974775e-01 -2.99479425e-01
    -7.37298429e-02 -5.32727361e-01 3.17631304e-01 -1.37889057e-01
    1.22248590e-01 -1.17624462e-01 -3.97756100e-02 -4.34683323e-01
    -1.83436930e-01 3.42360735e-01 -4.35385525e-01 2.08073258e-02
    -3.12927365e-02 2.46057451e-01 1.64560676e-02 4.18853045e-01
    -1.54690325e-01 3.22062612e-01 2.63220668e-02 -1.40344679e-01
    -2.31543094e-01 -3.11385989e-01 -1.02155387e-01 -3.22102487e-01
    -1.34840786e-01 -8.15716684e-02 -3.97476852e-02 7.71874189e-02
    -5.02144456e-01 -4.39282238e-01 -1.51511997e-01 7.04184175e-02
    -4.57369536e-01 -1.82300448e-01 -3.96631360e-01 -4.11640286e-01
    7.95252919e-02 1.81439340e-01 -4.03004289e-01 3.81305158e-01
    1.34058177e-01 2.23486662e-01 -1.96423411e-01 -4.93311793e-01
    -1.65990412e-01 2.23252594e-01 1.16112947e-01 3.76527011e-01
    -5.25480032e-01 4.00629640e-01 -2.50790328e-01 4.13960814e-01
    -3.56428921e-01 3.44128311e-01 4.18787301e-01 2.59220660e-01
    1.19497776e-01 3.89884293e-01 4.00645912e-01 -3.51752371e-01
    1.94942951e-02 4.41416383e-01 -5.16640067e-01 1.10325933e-01
    -1.90686584e-02 4.22446728e-02 -2.80032933e-01 -3.80506128e-01
    -3.38730663e-01 3.21335196e-01 -4.48230505e-01 2.52193391e-01
    1.67062581e-01 -2.86970735e-02 -3.67882252e-02 -9.58941579e-02
    -5.42693853e-01 2.61806190e-01 2.94752657e-01 -5.04946113e-01
    -2.95261741e-01 3.55907679e-01 -3.51933032e-01 2.00681448e-01
    -1.07441604e-01 -3.97867382e-01 2.50185251e-01 -1.66717321e-01
    -3.10154438e-01 1.76209807e-02 1.38340294e-01 -4.63990420e-01
    -4.46086526e-02 -6.70915842e-03 -2.98168242e-01 -2.61625946e-01
    2.89475918e-01 -5.35756648e-02 1.90752149e-02 -3.50790709e-01
    -4.96563315e-02 -1.45397425e-01 -2.41054296e-02 -6.93320632e-02
    -3.18917066e-01 -3.46642345e-01 -6.25506639e-02 3.66760910e-01
    7.01026320e-02 -3.66437316e-01 -3.34935099e-01 1.93128765e-01
    1.86306834e-01 1.81826055e-01 2.82237709e-01 1.22413754e-01
    -3.81982267e-01 -5.12891412e-01 -1.81230545e-01 -4.79948014e-01
    -3.01772773e-01 -3.07093769e-01 7.67834187e-02 -5.05889416e-01
    -3.46927255e-01 -3.85314226e-02 2.29791105e-01 2.03110099e-01
    6.59294724e-02 2.54253387e-01 -4.34178263e-01 2.99015164e-01
    -3.43172401e-01 1.01873040e-01 3.06933522e-01 1.21052563e-01
    -1.00696832e-01 8.05013776e-02 -4.47815180e-01 1.97274923e-01
    3.79432082e-01 2.33708620e-01 -5.26854992e-01 -5.35877585e-01
    -4.03529644e-01 -2.41215914e-01 2.91283429e-01 2.94271648e-01
    -3.57260704e-02 2.20325768e-01 -1.16038531e-01 -4.86330241e-01
    2.63661623e-01 -5.87491393e-02 -1.00283921e-01 -1.03467703e-03
    2.48186588e-01 -1.60040408e-01 1.22772872e-01 -2.84432054e-01
    1.30690932e-01 1.77234054e-01 -1.61514103e-01 -2.96102166e-01
    3.34640503e-01 -4.84333098e-01 1.86326444e-01 -8.85018706e-02
    3.98063481e-01 -3.39506060e-01 -2.61155576e-01 -4.55431193e-01
    2.30858684e-01 -5.08210957e-01 7.22646713e-02 2.02350676e-01
    1.38085902e-01 1.34143114e-01 4.19134617e-01 2.91575789e-01
    6.72678351e-02 3.34317923e-01 1.26839757e-01 -1.25189513e-01
    -4.42370892e-01 2.61501670e-02 1.81270957e-01 6.02949858e-02
    -2.76264727e-01 1.01090908e-01 -8.24160576e-02 -2.22331136e-01
    -1.13517106e-01 -1.22019917e-01 3.42900991e-01 -8.32137764e-02
    2.32362807e-01 4.39500034e-01 2.64027894e-01 -2.60626078e-01
    -2.91859925e-01 -2.02949643e-02 -5.07213235e-01 1.15160167e-01
    -8.65197182e-03 3.45018566e-01 3.39508057e-03 2.61355281e-01
    -1.00401253e-01 -4.51191247e-01 -1.12512112e-02 -1.08485103e-01
    9.05461311e-02 -2.72160053e-01 3.67402494e-01 2.24016786e-01
    3.08400214e-01 -6.06794357e-02 -5.18118501e-01 -6.27934039e-02
    1.61738813e-01 2.63803542e-01 1.66823864e-01 9.26817060e-02
    -5.37693024e-01 1.85349047e-01 -2.44362831e-01 -5.24480820e-01
    9.04390216e-02 -5.51634312e-01 6.98554516e-02 -1.02845222e-01
    4.18940306e-01 6.46233559e-03 -8.61080289e-02 3.97851884e-01
    -6.32892251e-02 3.15579474e-01 3.20980549e-01 -3.51463556e-02
    1.78365529e-01 9.37743187e-02 4.78788614e-02 3.93860757e-01
    1.14779711e-01 3.43741775e-01 3.63949180e-01 4.80926633e-02
    1.64104342e-01 -4.33429718e-01 -3.78427982e-01 -2.44659364e-01
    2.58522630e-01 -9.34386253e-02 -1.69560909e-02 9.98055339e-02
    1.49152815e-01 3.61488640e-01 -3.73197377e-01 3.39710474e-01
    -1.51044726e-01 3.07139158e-02 3.90971661e-01 2.06793070e-01
    -4.65231866e-01 -3.07405770e-01 1.88559651e-01 6.95794225e-02
    -2.28538036e-01 1.96679473e-01 1.24953866e-01 1.10100865e-01
    -9.44398046e-02 4.51826811e-01 4.03157473e-02 -3.87752444e-01
    2.82685459e-01 4.59096789e-01 3.15757394e-02 7.51225352e-02
    -7.37452805e-02 4.69188690e-02 -3.86232138e-03 4.33552027e-01
    -5.08748770e-01 -3.88147891e-01 -7.76747763e-02 3.87957335e-01
    2.79203236e-01 5.21249771e-02 9.76014733e-02 -1.27202272e-02
    2.43801951e-01 -4.41775590e-01 3.41404736e-01 -5.21189868e-02
    3.49555492e-01 1.98865712e-01 2.28777170e-01 9.27303433e-02
    -1.75848544e-01 2.87779868e-01 4.16111052e-01 2.76197076e-01
    3.46839964e-01 -4.11325306e-01 1.65572345e-01 2.04039514e-01
    -4.28456187e-01 2.41026044e-01 4.35088575e-01 -3.51417005e-01
    -1.49092227e-01 -2.51739591e-01 -4.28049803e-01 2.34013140e-01
    2.67644525e-01 1.88474119e-01 1.91957116e-01 -1.31890595e-01
    -4.76485431e-01 2.48323321e-01 -1.54685944e-01 6.01423979e-02
    5.11050224e-02 8.76649022e-02 -1.95762098e-01 -1.92175925e-01
    8.92243385e-02 4.17250216e-01 3.15942228e-01 -5.36895156e-01
    -2.65315771e-02 3.01602304e-01 3.69824708e-01 3.89587939e-01
    -1.83228374e-01 -5.48311770e-02 -3.84995341e-01 9.51793194e-02
    -1.38957798e-01 3.14743161e-01 -4.90194499e-01 2.62743533e-01
    -3.70321661e-01 1.10653818e-01 3.99959266e-01 -4.03112441e-01
    3.16195428e-01 3.43258381e-01 3.35514545e-04 -5.38693070e-02
    -5.15996695e-01 1.76506281e-01 2.74193287e-02 -2.02516317e-02
    -1.99627370e-01 1.41292393e-01 2.63809741e-01 -9.14771557e-02
    -4.91876245e-01 2.12019503e-01 -2.51012266e-01 1.92667663e-01
    3.29118729e-01 3.63048255e-01 4.37949657e-01 -2.74322093e-01
    -2.48299241e-02 -1.83248520e-03 2.26153910e-01 6.73370957e-02
    -1.28214687e-01 -4.58519191e-01 4.11895454e-01 3.17938268e-01
    4.13092375e-02 -4.39151466e-01 4.40093338e-01 -1.57260716e-01
    3.23100388e-01 2.06225276e-01 2.87288427e-02 4.91851568e-03
    -5.54006577e-01 -4.93901581e-01 -3.72613311e-01 -2.87575126e-01
    -1.30403191e-01 -4.41797376e-02 -1.95940971e-01 -2.34171152e-02
    -4.28276539e-01 -6.46373928e-02 -2.74031103e-01 -2.46213824e-01
    -4.83467907e-01 4.17935252e-02 2.73135245e-01 -3.91491860e-01
    -6.58819377e-02 3.71101081e-01 3.54921758e-01 -8.99384320e-02
    1.45805478e-01 -2.28807390e-01 1.42349958e-01 -4.14063752e-01
    4.49955583e-01 -5.37761331e-01 2.97849238e-01 3.50478530e-01
    3.32296491e-01 -5.34033895e-01 3.44145536e-01 2.83640325e-01
    2.05130160e-01 6.50780201e-02 -1.86951280e-01 3.23203564e-01
    -4.37993914e-01 -5.05253077e-01 1.14385307e-01 2.04448700e-02
    1.58373713e-01 -3.77929121e-01 2.25805044e-01 -4.42655295e-01
    3.75888884e-01 2.69739687e-01 -4.14168388e-01 -3.20120513e-01
    -9.93674695e-02 3.26030970e-01 1.89247966e-01 -4.95844156e-01
    -4.89085913e-01 -5.41967094e-01 -2.20565259e-01 -5.10601997e-02
    9.26871896e-02 -2.29472905e-01 -4.84242916e-01 -4.07943755e-01
    1.29048824e-01 3.36115777e-01 -3.85359108e-01 4.08084393e-01
    3.64643097e-01 4.70026731e-01 4.60989833e-01 -6.75401390e-02
    -3.29998642e-01 -1.13472700e-01 1.32219970e-01 -1.16636723e-01
    2.46250451e-01 3.79883587e-01 -3.27344000e-01 -5.29303789e-01
    -3.11846733e-02 -4.33932006e-01 -4.88051176e-01 3.43200386e-01
    -3.79856348e-01 -3.38540375e-01 -4.08141911e-01 5.87081909e-02
    3.16371977e-01 6.33522272e-02 -5.53901672e-01 -2.79389262e-01
    1.29998982e-01 1.33618176e-01 2.55548239e-01 -3.13293487e-01
    -3.06207806e-01 3.31944108e-01 7.19462633e-02 -2.45532393e-02
    -2.73573995e-02 1.59879029e-01 -2.68549383e-01 -5.17510653e-01
    1.69632018e-01 -4.68946487e-01 4.41198349e-02 3.33256125e-01
    -2.52956212e-01 -2.21256316e-01 1.95102394e-01 1.77546442e-01
    3.85547996e-01 3.70079279e-02 2.10260153e-02 -6.00287318e-02
    3.65452290e-01 -3.89783412e-01 3.02930951e-01 -3.54010016e-01
    3.74863923e-01 -1.23197436e-01 2.90845513e-01 -1.13111377e-01
    -3.66907179e-01 -1.28598362e-01 -1.22328222e-01 -8.56536925e-02
    2.26520121e-01 -5.26754558e-01 6.50957823e-02 3.99273157e-01
    -3.27172458e-01 4.11165595e-01 -9.91336703e-02 -1.74307287e-01
    -4.59920466e-01 -4.05296594e-01 -1.02168918e-02 3.13073337e-01
    4.06601906e-01 -1.83161974e-01 -1.04900151e-01 -1.32733762e-01
    2.50057161e-01 -3.99366081e-01 -1.09403729e-02 -1.35922730e-01
    4.31929231e-01 -2.34748453e-01 -2.78732032e-01 3.11692357e-02
    -1.85862780e-02 2.90042758e-01 1.53985500e-01 3.12557697e-01
    -4.20727044e-01 1.29515767e-01 -5.18354774e-01 5.99868298e-02
    -1.00542009e-01 1.31032288e-01 4.14287031e-01 -7.07042515e-02
    1.13551259e-01 4.48056698e-01 2.84327269e-01 -2.30341852e-01
    -4.84675944e-01 -3.90261114e-01 -1.28106743e-01 -2.97182888e-01
    3.79456282e-01 3.94758582e-01 -8.22884440e-02 -5.34915805e-01
    -9.27208066e-02 1.19242489e-01 3.79902124e-02 3.68466854e-01
    -4.63430464e-01 4.22610104e-01 -2.55521834e-01 -4.15755838e-01
    -4.05597240e-01 4.38455820e-01 -3.64369839e-01 -4.57108974e-01
    -3.69010419e-01 4.71376181e-02 -2.99506426e-01 3.06749463e-01
    3.41200352e-01 -1.47008121e-01 1.38459325e-01 4.04824615e-01
    -1.06408358e-01 -3.77883911e-01 2.66574025e-01 -5.32750189e-02
    -9.51743126e-03 3.52340162e-01 2.58283019e-01 -1.59893960e-01
    -2.74774492e-01 -3.56384039e-01 2.54207671e-01 -7.71580935e-02
    -3.18537354e-02 -5.15593529e-01 -2.70657688e-01 -1.42800659e-01
    -4.81474817e-01 1.01000011e-01 2.77834117e-01 -2.01279759e-01
    -3.73892009e-01 -3.06922674e-01 3.49293709e-01 -3.94961536e-01
    -3.30582082e-01 4.03245807e-01 2.28521407e-01 -5.14388204e-01
    -3.07198584e-01 2.28511274e-01 -4.60505962e-01 4.49183524e-01
    -2.41463900e-01 -4.63258088e-01 4.05955315e-02 -3.20378333e-01
    1.47835433e-01 -3.51768732e-01 2.76030958e-01 2.14181423e-01
    3.96840453e-01 -3.19562137e-01 4.39354122e-01 -9.09823179e-03
    -1.22377217e-01 -4.85913903e-01 5.50675392e-02 -1.45391643e-01
    -7.97824264e-02 -3.97413462e-01 1.64440870e-01 -1.78396434e-01
    -1.79428577e-01 2.99202025e-01 2.07601726e-01 3.41569781e-02
    -2.63305008e-01 2.50139892e-01 3.96499455e-01 -7.02762604e-03
    1.42279744e-01 5.89782000e-02 3.99727762e-01 -3.11008960e-01
    4.13009524e-02 -5.21160543e-01 -5.55991888e-01 2.60498583e-01
    1.42242968e-01 3.93674493e-01 6.29734993e-03 2.17699647e-01
    -1.45717680e-01 -5.04969776e-01 2.19377577e-01 2.45955348e-01
    4.28805351e-02 -5.06720781e-01 -3.20141703e-01 4.28943276e-01
    4.16194677e-01 -3.69011611e-01 -3.87980580e-01 -3.06970775e-01
    1.17145360e-01 -3.00555170e-01 -3.22571099e-01 -5.25807261e-01
    -4.87682223e-02 -2.41273373e-01 3.39348912e-02 -4.38363433e-01
    4.06972349e-01 -6.60646260e-02 -1.31278872e-01 -1.34608805e-01
    4.10176456e-01 5.68912625e-02 2.05844820e-01 -3.08048904e-01
    3.08640063e-01 1.14681005e-01 -2.73767173e-01 2.44265318e-01
    -2.61134982e-01 1.75147772e-01 -5.30504584e-01 -4.35603499e-01
    3.84513617e-01 -1.26232713e-01 6.99419379e-02 -2.90309787e-02
    -4.35428470e-01 -2.74461746e-01 -2.16615200e-03 -1.33465081e-01
    -2.42460072e-01 -3.31574470e-01 1.26235902e-01 1.60972297e-01
    -9.13787186e-02 1.28069639e-01 2.02868462e-01 2.14452684e-01
    -3.98727894e-01 -5.06523132e-01 -2.24373400e-01 -2.41123676e-01
    -3.36432159e-01 -4.98417437e-01 -8.84542167e-02 -4.16484773e-02
    1.29957736e-01 -1.31415606e-01 9.65299606e-02 -2.39044368e-01
    5.69602251e-02 -3.46134365e-01 -1.05285585e-01 2.85776079e-01
    1.75410092e-01 -4.61501628e-01 -2.92962193e-01 -3.67813289e-01
    2.65911877e-01 1.47317827e-01 -6.88364804e-02 -5.21377683e-01
    2.09410191e-02 -1.21146441e-03 -6.57302141e-02 3.16030681e-01
    -2.40798414e-01 1.11684859e-01 1.52540326e-01 -2.63967603e-01
    -2.16881037e-01 8.91515017e-02 -2.49697149e-01 7.74657726e-03
    -7.25183189e-02 1.54357851e-01 -3.92321527e-01 3.99879098e-01
    2.89335012e-01 -2.34983563e-02 6.33206964e-02 -3.41655284e-01
    -1.76772773e-01 -4.90689576e-01 -5.22380471e-01 2.08102047e-01
    2.75771737e-01 2.24969387e-02 2.61782885e-01 3.87430668e-01
    -1.91759199e-01 -5.08399248e-01 -4.41308230e-01 -1.87556088e-01
    1.78357899e-01 -2.07050204e-01 -4.42425013e-02 1.98166847e-01
    -4.68313217e-01 3.28684092e-01 1.25340223e-02 4.32897270e-01
    -4.99490708e-01 8.87334347e-04 2.88531363e-01 -4.41686511e-02
    -4.24905688e-01 -4.33647871e-01 -2.85142422e-01 -4.62815672e-01
    3.23495209e-01 -1.63548201e-01 2.66072214e-01 8.58837366e-02
    -5.03821075e-01 4.09004807e-01 -1.38470739e-01 -2.88100660e-01
    -2.34855384e-01 1.89057410e-01 3.77173185e-01 -5.13607860e-01
    4.27025557e-02 -1.73818976e-01 1.10822737e-01 4.38303113e-01
    -4.32117611e-01 -3.63541901e-01 -3.99980545e-01 -2.85450399e-01
    -1.53235555e-01 -4.72243816e-01 2.53212333e-01 -1.03436649e-01
    2.78638244e-01 3.74755859e-02 -2.21834689e-01 2.76136279e-01
    1.38901770e-01 -2.09072530e-01 1.25081062e-01 -3.67498845e-01
    -4.88424569e-01 3.46440077e-03 3.48310113e-01 6.39019012e-02
    -9.18257236e-03 3.64903450e-01 1.91837549e-01 1.11270487e-01
    3.35112870e-01 1.71295106e-01 -1.72921270e-01 -5.01382113e-01
    -2.81502515e-01 -2.59488374e-01 6.89035058e-02 3.96960199e-01
    4.10023212e-01 -4.15727466e-01 -2.38720924e-01 3.22922885e-01
    -1.90039128e-01 -5.76943159e-03 -5.44830382e-01 -2.43447542e-01
    -1.57757163e-01 5.22667170e-02 -2.67580807e-01 -3.76974702e-01
    -4.69047010e-01 1.80070162e-01 3.41337204e-01 -4.84725207e-01
    -2.87978470e-01 -6.07003570e-02 -2.56463289e-01 1.41933739e-01
    -1.29716963e-01 2.11938262e-01 3.60102654e-01 -5.44631720e-01
    -4.98091042e-01 2.52314210e-02 1.35496438e-01 6.98029995e-04
    4.22621131e-01 -1.64458156e-02 2.38056242e-01 -4.34207618e-02
    4.64590907e-01 2.56600499e-01 -6.01997375e-02 -1.26586854e-01
    -2.37755537e-01 -4.92097318e-01 -3.41124654e-01 -3.53814691e-01
    -3.70903611e-02 3.60541582e-01 1.51454270e-01 4.31088448e-01
    -2.57141709e-01 -1.75852478e-01 -1.49592191e-01 -2.57377714e-01
    5.71474433e-02 -5.59614122e-01 -2.35452086e-01 -2.39266157e-02
    2.48452067e-01 -4.57406431e-01 2.58008838e-02 -6.28356636e-02
    -4.99418586e-01 -5.84871769e-02 -4.34269279e-01 -4.30716872e-02
    -1.79615438e-01 -2.20080256e-01 7.50980973e-02 7.26046562e-02
    2.58888841e-01 -3.58081251e-01 2.65552402e-02 1.18057728e-01
    3.04849863e-01 8.33392143e-04 4.39908028e-01 -4.95600015e-01
    -4.05546725e-01 -1.96863174e-01 -4.50868726e-01 -3.12154889e-02
    -3.75945181e-01 -2.45156884e-01 3.42188478e-02 -3.36459726e-01
    -2.56232560e-01 -1.00536346e-02 -1.72609776e-01 -5.35804927e-02
    1.43022060e-01 -5.08022308e-01 2.77566016e-01 2.77099907e-01
    4.27525043e-02 -1.24891996e-02 1.62006259e-01 4.17567313e-01
    8.45236778e-02 1.55090451e-01 3.84072542e-01 -3.33243549e-01
    2.31268406e-02 -2.65454412e-01 -1.16056502e-01 1.96925998e-02
    3.32769394e-01 -1.63987219e-01 2.95289338e-01 1.19497240e-01
    -4.81025189e-01 -4.72687453e-01 -4.98437822e-01 -2.44882107e-01
    7.66922235e-02 1.68496907e-01 -1.39933825e-03 -1.51655674e-01
    -1.72947794e-01 4.56610620e-01 3.85569453e-01 -2.44500190e-01
    3.50672841e-01 3.20985615e-01 -4.04293388e-01 -3.09069812e-01
    3.03652287e-02 2.21762002e-01 -5.29968262e-01 -5.34699559e-02
    -1.16888702e-01 -2.44320631e-02 -7.57162869e-02 2.85905004e-01
    2.87470102e-01 -3.96396011e-01 -4.37360197e-01 -5.13455749e-01
    4.99064326e-02 1.55216515e-01 4.45967257e-01 -2.69010186e-01
    8.98686051e-02 -1.11835241e-01 -2.12905765e-01 -6.91477954e-02
    2.53149271e-02 -3.09194624e-02 1.18452549e-01 -1.16154075e-01
    -1.71641380e-01 2.41027355e-01 -4.77490515e-01 7.99641609e-02
    -4.13429022e-01 1.05297804e-01 6.08855486e-03 -5.08947015e-01
    3.11441302e-01 -4.93132204e-01 7.88190961e-02 2.07345486e-02
    3.46870482e-01 -4.08086747e-01 2.58916616e-01 -3.61572981e-01
    2.31387079e-01 -7.22992420e-03 1.35865569e-01 1.47421479e-01
    -4.38567787e-01 3.82874906e-01 3.81885231e-01 1.52248025e-01
    3.83718014e-02 -2.73340940e-03 -4.03001428e-01 1.23523831e-01
    -4.74429190e-01 -1.85335934e-01 1.75270975e-01 4.22126710e-01
    1.45499110e-01 -1.20070130e-01 -5.47423244e-01 -3.36887449e-01
    -3.18176568e-01 -2.67543167e-01 -5.15919507e-01 3.42202783e-01
    -1.90674961e-01 -1.36998355e-01 -2.42153883e-01 -4.38177109e-01
    6.75098896e-02 -3.39500785e-01 -3.57700467e-01 -5.18493414e-01
    -2.59692281e-01 -3.52556080e-01 -4.01939780e-01 -5.95331192e-03
    -2.93556750e-01 -4.40137804e-01 -1.81633234e-01 6.32601976e-02
    -3.40652466e-02 1.69723034e-01 -2.27746159e-01 3.66267204e-01
    -1.65007770e-01 -2.15244234e-01 -2.17897832e-01 -4.17608500e-01
    3.46382856e-01 -4.80018854e-01 -5.39885223e-01 -1.24253988e-01
    1.14645004e-01 2.34371245e-01 -4.49361682e-01 -2.30204821e-01
    3.70653629e-01 2.88187742e-01 9.80615616e-04 4.41208184e-01
    -5.10273337e-01 3.56571853e-01 -4.10737991e-01 -4.03258115e-01
    1.17122352e-01 3.68990541e-01 -4.49704468e-01 1.39994562e-01
    -3.41372818e-01 1.62348747e-02 -3.15611392e-01 4.07141268e-01
    1.33530021e-01 -1.91077709e-01 -3.77432704e-02 5.45756221e-02
    1.82131171e-01 -2.32447028e-01 -1.62505478e-01 -4.84790057e-01
    -6.97350502e-02 -9.04051960e-02 -2.88238585e-01 3.56483042e-01
    -4.60774034e-01 1.26618087e-01 -3.55318248e-01 -3.98987681e-01
    -5.52488565e-01 -4.30114925e-01 4.00193095e-01 2.35374153e-01
    3.28829706e-01 -9.34123993e-03 -5.28648973e-01 -3.37740004e-01
    2.11257994e-01 -2.67712355e-01 1.80449486e-02 2.97608972e-02
    1.35607481e-01 -8.19720030e-02 -4.19382989e-01 1.57498598e-01
    -1.64126128e-01 1.03939176e-02 -1.52273774e-02 -4.96400774e-01
    -1.46599084e-01 3.16389799e-02 3.11627150e-01 1.86178446e-01
    -8.84652138e-03 -2.72421360e-01 -3.85360658e-01 -4.10076648e-01
    2.95527637e-01 -6.36512935e-02 -1.27324492e-01 1.48281574e-01
    4.46005464e-02 -1.23710692e-01 -3.27406377e-01 -1.44119978e-01
    2.19830215e-01 -5.02975464e-01 4.40783501e-01 2.08995879e-01
    4.42534149e-01 -3.28303933e-01 4.06493783e-01 1.11719549e-01
    1.94634318e-01 -5.45105159e-01 -5.29322803e-01 -3.89390707e-01
    -1.45757139e-01 -1.84735239e-01 -1.28424495e-01 3.42299342e-01
    -1.93589926e-02 2.35164464e-01 2.16862679e-01 -4.82945085e-01
    -2.00989962e-01 -3.20984364e-01 -4.84724134e-01 -2.80469537e-01
    -5.29883862e-01 1.70551538e-02 2.01826811e-01 2.21543729e-01
    -4.80859578e-01 1.52407825e-01 -4.52683419e-01 -4.53548640e-01
    -3.76661688e-01 1.20507598e-01 -1.76397353e-01 -4.27125245e-01
    -3.22650671e-02 5.32877445e-02 -4.81882066e-01 -2.69520879e-02
    -3.42575550e-01 1.97603166e-01 -9.02312398e-02 4.09901381e-01
    6.79923892e-02 -2.54069328e-01 6.48196340e-02 3.79315674e-01
    8.07495713e-02 -2.55899459e-01 3.65436435e-01 -2.90665090e-01
    -1.41637474e-01 -1.60067320e-01 -3.28537911e-01 -1.61272347e-01
    4.20790315e-01 1.05090082e-01 -4.85457420e-01 -5.52467287e-01
    1.31544530e-01 3.01231980e-01 2.31113732e-01 -2.39686251e-01
    -3.66914839e-01 -2.38115132e-01 -2.80189931e-01 1.52137578e-01
    2.96342313e-01 1.14184141e-01 -9.20992494e-02 1.64496183e-01
    -4.96038407e-01 1.53746426e-01 2.59108126e-01 -4.38218832e-01
    3.11029375e-01 2.75081575e-01 -3.70385945e-01 -7.88336992e-02
    1.43839002e-01 -2.54916579e-01 1.24044597e-01 -4.91681963e-01
    3.92193913e-01 -2.87653089e-01 1.06197059e-01 -2.83586025e-01
    -4.61255461e-01 4.28446472e-01 1.80997252e-01 1.97573602e-01
    1.91967785e-01 -2.45448172e-01 2.15926170e-02 -1.94717765e-01
    4.77924943e-02 -1.49345607e-01 2.08309591e-01 -4.20812309e-01
    2.13418186e-01 -1.27486110e-01 -2.74237216e-01 -3.94677699e-01
    2.23326266e-01 1.27838612e-01 5.51452041e-02 1.65943205e-01
    8.82129669e-02 -5.00223279e-01 -3.21301818e-02 -4.53002393e-01
    -1.43085659e-01 -2.44237781e-01 -1.33760512e-01 5.86026907e-02
    3.88817728e-01 1.70457721e-01 -2.92737305e-01 2.26886451e-01
    -6.28721714e-03 -4.38097626e-01 -6.96868598e-02 3.65553200e-01
    -4.22410995e-01 3.19713652e-01 2.60304749e-01 -2.36587286e-01
    1.28263414e-01 1.63107634e-01 -9.47303772e-02 5.50562739e-02
    3.17519724e-01 -4.43808109e-01 -4.43074465e-01 2.70518482e-01
    -2.84872293e-01 -7.58030713e-02 -3.47380191e-01 -1.29521906e-01
    -1.54719502e-01 -1.20147288e-01 3.71649265e-02 -1.65403277e-01
    -4.61429507e-01 -2.47381628e-01 3.26126993e-01 -4.49979097e-01
    -2.36418068e-01 -3.70342404e-01 4.01816905e-01 1.19291902e-01
    3.07727158e-01 3.01921248e-01 -4.12170231e-01 -2.95992613e-01
    1.34183764e-02 3.21731269e-01 -1.07550353e-01 1.86928570e-01
    -3.82965147e-01 -6.09452128e-02 4.12291884e-01 -3.86444509e-01
    2.70919383e-01 -4.42330480e-01 -2.66153187e-01 7.74515867e-02
    -5.41362762e-02 -1.03021860e-01 -3.27604979e-01 4.09102619e-01
    1.13161743e-01 -5.37616014e-01 -2.68187702e-01 3.05599391e-01
    2.89626420e-01 -6.65579438e-02 1.15024447e-01 3.96476567e-01
    -1.37790382e-01 -4.04005051e-02 1.07553124e-01 -1.76785350e-01
    6.22701049e-02 -4.93940741e-01 4.02935863e-01 4.50150371e-02
    -4.75382805e-03 8.70873332e-02 -3.06707621e-01 -1.90016776e-01
    9.34411883e-02 -3.90351951e-01 2.19623566e-01 -4.28707063e-01
    -4.56597507e-01 -3.04087669e-01 3.43754947e-01 1.88380480e-01
    6.39876723e-02 1.09279156e-01 -3.11210692e-01 -1.85850799e-01
    -3.12524438e-01 8.86792541e-02 7.86417723e-02 -7.58827329e-02
    -1.98093057e-02 -5.26406169e-02 1.94032669e-01 3.74152064e-02
    4.33805466e-01 9.19462442e-02 -2.08909422e-01 1.65951550e-01
    2.86188543e-01 3.31438065e-01 -4.34051245e-01 1.43561542e-01
    -1.41398609e-01 -4.69820470e-01 -2.65137166e-01 -2.55039096e-01
    -4.80809212e-01 1.63865626e-01 -3.85532886e-01 3.05901647e-01
    3.10621500e-01 -1.94557935e-01 -1.52205497e-01 -4.39034164e-01
    -2.98534155e-01 -1.50697470e-01 1.40315771e-01 -4.17020559e-01
    3.98901343e-01 -3.21177810e-01 -1.20358557e-01 4.43179905e-01
    3.41978669e-02 4.12767351e-01 1.08586788e-01 -4.67608988e-01
    8.61370564e-02 -3.79438102e-01 -4.53956932e-01 -3.05229425e-03
    2.48802543e-01 1.97172165e-01 -3.35668892e-01 1.10906661e-01
    -1.74600244e-01 -1.79953009e-01 -3.28050554e-01 -1.18455648e-01
    -5.14470041e-01 -1.74029350e-01 1.54549420e-01 -3.72269869e-01
    7.30481744e-02 2.20118463e-01 2.34671533e-01 3.92226517e-01
    -2.23239005e-01 -2.66578525e-01 3.76466632e-01 -3.83945465e-01
    -7.40861893e-03 -3.10902983e-01 -4.81040001e-01 1.12274587e-01
    -3.07233781e-01 -2.79315114e-01 3.44779491e-01 -2.42987871e-02
    -8.96009207e-02 3.20268631e-01 2.31680453e-01 -4.64930236e-01
    1.53588176e-01 -2.47002304e-01 -2.29506791e-01 -8.17733705e-02
    -4.66778219e-01 2.27694690e-01 6.73024058e-02 -7.68796802e-02
    -1.35487616e-01 -5.25142968e-01 -1.62731975e-01 3.15987885e-01
    -3.71181667e-01 3.25345159e-01 -1.40664548e-01 -4.03322816e-01
    4.05667782e-01 -3.51175845e-01 1.50023937e-01 1.96625650e-01
    -1.25473738e-03 -3.68330896e-01 -3.36529195e-01 -3.77626419e-02
    -5.50638318e-01 2.18345046e-01 -4.53092515e-01 -5.01769841e-01
    3.95410717e-01 3.00748587e-01 -3.47070009e-01 1.86654925e-01
    2.11498380e-01 2.09245086e-02 4.42053258e-01 3.98190200e-01
    3.26400995e-02 2.38571823e-01 -4.59768414e-01 3.08133960e-02
    -3.13013196e-02 2.11331367e-01 -4.16547626e-01 -9.54434574e-02
    1.42999291e-01 -4.93194997e-01 3.51074994e-01 1.52632177e-01
    -3.32881182e-01 2.63107836e-01 2.10949242e-01 1.82045996e-01
    -4.78396356e-01 -1.80089474e-03 3.41038108e-02 4.95331287e-02
    1.80587232e-01 -4.61341679e-01 2.05438197e-01 3.98304105e-01
    -3.46504211e-01 -2.93246418e-01 2.90118694e-01 4.58754897e-02
    -1.15222543e-01 -3.97234917e-01 1.99304163e-01 -5.00205815e-01
    1.07565343e-01 -1.69087052e-01 -1.55911207e-01 -3.54404896e-01
    -8.44196081e-02 -4.08246219e-01 -2.48178869e-01 3.18079293e-01
    1.63021386e-01 3.31032217e-01 -8.82711709e-02 -4.78631258e-03
    -1.14949048e-01 -3.10726851e-01 1.30730391e-01 -1.22075677e-01
    -8.18739235e-02 -4.39120471e-01 2.16650009e-01 -3.70955408e-01
    -3.60892057e-01 -9.76539254e-02 -3.34027320e-01 5.81131577e-02
    7.62704611e-02 -8.39664042e-02 2.11215615e-02 1.52865052e-02
    1.77160323e-01 -1.34337127e-01 1.09357595e-01 2.03669906e-01
    1.29191875e-02 3.14459383e-01 -3.79548073e-01 8.82783532e-02
    4.86316681e-02 -3.30359310e-01 1.51554942e-01 1.04081333e-01
    -3.29741836e-01 -3.40637147e-01 3.34910393e-01 -2.64325559e-01
    9.10574198e-02 1.78163230e-01 1.56903386e-01 -4.32273239e-01
    3.38950157e-02 -1.92042857e-01 1.66523099e-01 1.52251184e-01
    1.89812422e-01 -3.05280298e-01 2.90474474e-01 -2.85449624e-02
    -1.42604291e-01 -3.67918968e-01 -2.07395047e-01 -3.79006773e-01
    4.23974454e-01 3.65591288e-01 -1.19612783e-01 -2.73381889e-01
    -5.55469871e-01 4.10845459e-01 -1.08308107e-01 -2.55914390e-01
    3.47325742e-01 1.11951232e-02 -4.40460324e-01 1.95215404e-01
    3.02864730e-01 -4.53397632e-01 -1.68468148e-01 -1.00984275e-01
    1.73954725e-01 4.55495715e-02 -2.74122238e-01 -8.42506289e-02
    1.67584658e-01 -1.74760342e-01 -1.33046478e-01 -4.03286755e-01
    1.02478266e-01 -5.50299942e-01 3.72146606e-01 1.97044611e-02
    -9.67093408e-02 -4.40664083e-01 -5.15690565e-01 4.03836668e-01
    -7.82410502e-02 3.55125666e-01 2.23691344e-01 4.40129638e-01
    3.07679296e-01 -1.60173088e-01 -2.57342517e-01 -5.25072455e-01
    2.79858708e-01 3.44799161e-02 2.59312391e-02 1.43843591e-01
    1.08478725e-01 -4.90930915e-01 -3.84582907e-01 -1.89256608e-01
    -5.52801371e-01 2.02249944e-01 -3.99843723e-01 4.44199383e-01
    -8.69152546e-02 5.15583158e-02 8.06348920e-02 1.40451193e-01
    3.28426361e-01 3.98746610e-01 -1.37849629e-01 7.35068917e-02
    2.90986478e-01 1.50374711e-01 3.36053014e-01 -3.35934579e-01
    -3.39746028e-01 -2.72169173e-01 -1.60688370e-01 -2.86345363e-01
    -1.04989141e-01 -3.78808379e-01 -3.74871492e-01 2.21899033e-01
    3.06400359e-01 1.42530203e-02 -1.12495899e-01 -2.55400509e-01
    8.84206891e-02 -1.48843497e-01 3.23265493e-01 -4.57028598e-01
    -3.55799556e-01 6.16801381e-02 -1.32541955e-01 -1.59250498e-02
    -4.65926111e-01 1.09211206e-02 -5.47038794e-01 -3.45118552e-01
    1.26311004e-01 -4.70950782e-01 -1.42097831e-01 1.02259457e-01
    -3.51497054e-01 -5.50447941e-01 -4.63596046e-01 -1.77267194e-01
    2.23464906e-01 -4.09436196e-01 1.33709490e-01 2.59377539e-01
    4.42890227e-01 -1.58813834e-01 -1.91397637e-01 3.57072532e-01
    -1.29511327e-01 -8.26254487e-02 -1.02864951e-01 2.58780956e-01
    -5.39745390e-02 1.53261423e-02 -1.70478880e-01 -3.28718126e-01
    -3.39360654e-01 3.04751396e-01 -4.21935439e-01 4.09685612e-01
    -1.79552674e-01 -1.72292650e-01 -2.67093837e-01 4.15670514e-01
    4.43327367e-01 4.17266667e-01 -3.74643803e-02 -5.28155982e-01
    1.31028891e-03 1.85277343e-01 1.01661682e-01 2.96874881e-01
    -3.80751461e-01 2.72415400e-01 -4.13596869e-01 -4.84018326e-02
    2.49302328e-01 -2.24670947e-01 3.31959844e-01 -6.24490380e-02
    -4.58807588e-01 1.55126214e-01 -2.15685815e-01 7.01488853e-02
    -2.30969727e-01 1.29607379e-01 -5.15725553e-01 -2.53148586e-01
    -4.50028330e-01 3.06905806e-01 3.49036455e-01 2.12759495e-01
    2.99217463e-01 -4.31047678e-01 -1.86640143e-01 -8.31084549e-02
    -3.47780794e-01 4.20986831e-01 -3.46430749e-01 -5.21345377e-01
    2.65053034e-01 1.15469098e-02 -1.40781611e-01 1.71370327e-01
    2.16934562e-01 -3.34487975e-01 -5.60685098e-02 3.19680095e-01
    -1.16245925e-01 1.30020142e-01 5.29084802e-02 3.33888590e-01
    -2.47686327e-01 -2.45762467e-02 -1.71160698e-01 -5.98609447e-04
    -1.09050304e-01 2.57025957e-01 -3.49321365e-02 3.23947668e-01
    -2.33453572e-01 -8.36993754e-02 -2.55693138e-01 -2.47152448e-02
    -8.51115584e-02 -3.55682999e-01 -4.58410233e-01 -9.84442830e-02
    -1.76650047e-01 2.30215490e-01 8.28831792e-02 3.67640913e-01
    -3.32568645e-01 2.69005179e-01 5.22188544e-02 1.12761497e-01
    2.54508913e-01 2.56406665e-01 4.47041333e-01 2.96007574e-01
    4.50179338e-01 -7.19249547e-02 3.41309249e-01 -5.54029346e-02
    2.23960876e-02 -6.54679239e-02 -4.40856993e-01 -5.47229648e-02
    -1.32428408e-02 4.28126276e-01 3.24449539e-01 2.94642389e-01
    -5.18204689e-01 -2.78458029e-01 3.00994992e-01 5.86188436e-02
    2.97136068e-01 1.34674311e-01 4.28536236e-01 -1.57160819e-01
    3.48068297e-01 -3.06465924e-01 1.74774110e-01 3.86246443e-02
    2.51147091e-01 -3.26063216e-01 -4.27344978e-01 -4.58056629e-01
    -3.69176209e-01 -4.79449898e-01 4.34215188e-01 -4.89323378e-01
    2.78279185e-01 -3.15507323e-01 3.83409083e-01 -2.53534913e-02
    -4.68373954e-01 -5.53001463e-02 -3.08397412e-02 -1.27101064e-01
    -1.94994807e-01 4.23367023e-02 2.01563835e-02 1.33262873e-02
    3.06321681e-01 -2.42954493e-03 1.08533978e-01 3.90543342e-01
    -2.23296344e-01 -2.24945694e-01 -7.05073476e-02 6.71846867e-02
    1.32455945e-01 -8.76394510e-02 2.27353394e-01 -2.49264956e-01
    -2.36904919e-01 2.50582099e-01 4.35180664e-01 -1.12221450e-01
    -3.91252428e-01 3.05986941e-01 1.42658830e-01 -1.80182070e-01
    -3.56731057e-01 -6.31393790e-02 -2.51631916e-01 2.25966275e-01
    -2.83182442e-01 2.58327961e-01 3.68800402e-01 -1.92865133e-01
    3.93516541e-01 -3.31141949e-02 2.23379493e-01 -1.78060651e-01
    3.20337057e-01 -2.93967426e-01 6.12164736e-02 3.02346170e-01
    -2.47215688e-01 -5.34875870e-01 -2.20282137e-01 -4.87106115e-01
    1.20795846e-01 -3.04298490e-01 -4.76396114e-01 -1.31831169e-01
    3.77212644e-01 -4.62537467e-01 4.32233155e-01 -5.41652024e-01
    3.65127563e-01 -1.93324685e-02 -2.73662686e-01 1.42002106e-01
    1.71659589e-01 -2.73222923e-02 3.83494258e-01 1.17105782e-01
    -2.30411887e-02 -3.25189650e-01 -3.57150584e-01 -2.20459223e-01
    -4.97355133e-01 4.13709104e-01 1.43940508e-01 -2.34987468e-01
    2.97749043e-02 -4.43067610e-01 -1.40058845e-01 2.15494037e-02
    -3.41653526e-01 3.74625146e-01 -2.67859697e-02 -5.23146510e-01
    2.65408993e-01 4.11663651e-01 1.16683483e-01 -1.55737400e-01
    2.76706278e-01 -2.27837533e-01 4.04429138e-01 2.63893425e-01
    -3.77408266e-02 -2.13866264e-01 -1.22619987e-01 2.79212475e-01
    4.16453898e-01 -2.36607939e-01 1.48215473e-01 -4.54065621e-01
    -2.32277185e-01 -3.46067399e-01 -2.02206939e-01 6.32824898e-02
    -3.85935456e-01 -1.10511214e-01 4.23126221e-01 -2.74931937e-01
    7.39817023e-02 -4.68422771e-02 -9.12895501e-02 -5.47551990e-01
    -3.61867964e-01 -1.02681696e-01 -3.40503812e-01 1.92367971e-01
    3.37001085e-02 -3.43274117e-01 -3.07954550e-01 2.22961724e-01
    -2.62483925e-01 -5.11503220e-03 -3.00567746e-01 -3.23013663e-01
    2.44443417e-02 2.37854123e-02 -1.94171906e-01 1.47992969e-01
    2.16287613e-01 2.39883721e-01 -4.18269694e-01 2.52382994e-01
    -4.72791880e-01 2.53033161e-01 -4.78672385e-02 -3.43367159e-02
    1.29312754e-01 -4.71506387e-01 -4.51489836e-01 -1.65880173e-01
    -3.97699118e-01 3.67128313e-01 -1.63296938e-01 1.27585948e-01
    6.29251599e-02 3.22572589e-01 -3.08177203e-01 -1.48392677e-01
    -5.36817551e-01 -9.05243158e-02 -2.99065292e-01 -4.65825021e-01
    -1.56136453e-01 -3.04159135e-01 7.29651451e-02 -4.31856096e-01
    3.71675134e-01 -3.67203057e-01 -5.52520573e-01 2.62472689e-01
    -2.00048923e-01 3.84762883e-02 -1.21600538e-01 4.07800078e-01
    1.06007755e-01 3.42979908e-01 -1.01800650e-01 3.06034863e-01
    1.69377327e-02 -3.17528486e-01 -3.61062616e-01 1.74340963e-01
    4.63595390e-02 8.46132040e-02 3.51423323e-01 -1.35768622e-01
    2.77358353e-01 4.00617957e-01 -8.61631930e-02 -2.60638893e-01
    -6.85247779e-02 -1.33780837e-02 -2.54944563e-02 2.87369549e-01
    -2.84313917e-01 2.33588994e-01 -5.01775146e-02 4.06905234e-01
    1.63660467e-01 -4.32036608e-01 -4.04186457e-01 -1.60747170e-01
    -4.69212562e-01 -3.11272323e-01 -1.03570551e-01 -2.80156910e-01
    2.35804081e-01 1.13414705e-01 3.99082541e-01 2.01238632e-01
    -3.58594954e-01 -2.08742499e-01 3.48681152e-01 3.98720205e-01
    -3.15846026e-01 3.26164007e-01 3.72347236e-02 1.72231913e-01
    2.97951102e-01 5.16456366e-03 -2.92413622e-01 4.01805282e-01
    -4.23092306e-01 -4.05076206e-01 7.35509396e-03 -2.01284170e-01
    1.20144963e-01 -2.20518142e-01 3.33258331e-01 -1.43163800e-01
    -3.13872010e-01 -2.99209952e-01 -4.81863528e-01 -7.96481371e-02
    -6.40193522e-02 -3.16418409e-02 -1.95227861e-02 -5.06833494e-01
    2.06429422e-01 -1.10836118e-01 4.49965477e-01 3.36256683e-01
    -3.64756316e-01 -4.48395491e-01 4.45653141e-01 4.16025043e-01
    2.12741733e-01 1.96787179e-01 -1.16766453e-01 2.80646980e-01
    -1.08249068e-01 -2.21516013e-01 3.25258613e-01 -3.16146910e-02
    4.32038426e-01 -2.80750602e-01 2.04294980e-01 -3.76055002e-01
    -4.58551943e-02 -3.09288204e-02 -1.80217862e-01 2.14203358e-01
    -2.22467989e-01 -3.11619043e-03 -5.66982925e-02 -1.82734728e-02
    4.11219597e-02 4.12117362e-01 2.77592778e-01 -9.24087167e-02
    4.31904614e-01 4.32139039e-02 -4.97678816e-02 4.40253019e-01
    1.24279201e-01 3.72614622e-01 3.29891801e-01 4.07682657e-01
    2.37033486e-01 -2.95988083e-01 8.24946761e-02 3.74262273e-01
    -3.35273951e-01 3.01656842e-01 -5.05695343e-01 3.79710317e-01
    2.47451961e-01 2.12714791e-01 4.24299777e-01 -8.41694176e-02
    -4.58993137e-01 3.93638015e-02 -7.00645447e-02 2.93875277e-01
    5.58046103e-02 -7.62438476e-02 -3.77850920e-01 -2.72229433e-01
    2.86891401e-01 1.02236152e-01 9.15343761e-02 1.23201489e-01
    -1.52216524e-01 -1.75698757e-01 2.99139738e-01 -4.25151199e-01
    -4.10315424e-01 1.42196834e-01 -2.83388942e-01 1.68028235e-01
    3.05976808e-01 -2.77364373e-01 3.36817801e-01 -4.78126645e-01
    3.57967854e-01 -4.50706095e-01 2.29774833e-01 1.60680056e-01
    1.13421679e-01 -4.30594444e-01 2.85511971e-01 -2.87743032e-01
    -1.05980307e-01 7.43644238e-02 9.09475088e-02 -3.41581434e-01
    4.22494829e-01 -4.38605219e-01 2.25000679e-01 1.13168478e-01
    -5.58074057e-01 -2.44142473e-01 -2.94527173e-01 -3.08143497e-02
    -6.04586005e-02 -4.17196304e-01 -2.21090138e-01 -1.27268285e-01
    7.37253428e-02 -3.02305311e-01 2.23243237e-02 -4.79559779e-01
    2.54480481e-01 -4.53473032e-01 -1.54134274e-01 3.82023096e-01
    2.40768194e-02 3.66848052e-01 -1.66581213e-01 -1.84379488e-01
    -4.19174075e-01 4.00140941e-01 2.47948706e-01 3.66288900e-01
    -6.18612170e-02 -4.79873329e-01 2.82672822e-01 -1.97676718e-01
    1.93045020e-01 -3.95114392e-01 -4.87450004e-01 -1.13274068e-01
    3.70949566e-01 -3.44659775e-01 -3.89052182e-01 -4.69424427e-01
    -5.11593461e-01 5.92159033e-02 1.85258865e-01 -5.01593471e-01
    3.06171119e-01 9.47314501e-03 -2.87145495e-01 -3.16703320e-02
    3.66449594e-01 -4.55439240e-01 -5.17662644e-01 3.87458086e-01
    -7.11882114e-03 -4.76039261e-01 4.41625834e-01 9.41670537e-02
    -1.26155794e-01 -3.48205715e-01 3.67818952e-01 6.79166317e-02
    3.20607245e-01 -2.80523866e-01 -5.51533580e-01 2.59386957e-01
    -4.49544698e-01 1.77799404e-01 -5.10348916e-01 -3.48716766e-01
    -3.45357120e-01 2.74302721e-01 -1.29679948e-01 3.58943164e-01
    -4.00210798e-01 9.39822793e-02 -2.83330083e-02 -1.22115016e-02
    -1.56446487e-01 3.65582585e-01 3.29858065e-03 8.14848542e-02
    2.75637507e-01 2.61787474e-01 -3.81691486e-01 1.17430866e-01
    5.17466068e-02 2.85205662e-01 1.33613110e-01 1.77859485e-01
    1.02306068e-01 -2.34739184e-01 -1.09674931e-02 1.75105453e-01
    2.50656724e-01 -2.14511663e-01 2.27548301e-01 -5.29511929e-01
    2.38551855e-01 1.41588509e-01 2.57675290e-01 -2.92555004e-01
    9.09641385e-02 4.15235341e-01 -5.49823403e-01 2.26349413e-01
    3.01419556e-01 3.02797794e-01 -3.89624149e-01 2.96970010e-01
    -4.98381943e-01 2.28568017e-01 1.27891362e-01 -2.08128929e-01
    2.46319294e-01 -1.70757145e-01 4.49641347e-02 2.56116688e-01
    3.85540962e-01 3.98376465e-01 3.44991326e-01 3.93998981e-01
    3.84954214e-01 -1.27399981e-01 -8.69931281e-02 3.19938898e-01
    1.52102888e-01 4.21954989e-01 3.03271174e-01 4.43363905e-01
    -1.63036942e-01 -2.04308271e-01 3.40176105e-01 -5.68861663e-02
    -3.18159372e-01 -1.79500163e-01 -4.88807172e-01 -3.52834493e-01
    -9.21171010e-02 2.18218565e-03 -4.20939326e-01 -4.89478379e-01
    -1.22793049e-01 -8.14873576e-02 -2.50592411e-01 4.12903547e-01
    -2.97299802e-01 -2.64316797e-01 2.69597769e-02 -3.34896147e-01
    -4.39120978e-01 9.12519097e-02 -8.36955607e-02 -3.34082544e-01
    -1.74710572e-01 4.26690578e-02 -3.78390163e-01 2.31590986e-01
    3.31263185e-01 7.33031034e-02 -4.44597393e-01 2.84056842e-01
    4.19834495e-01 9.97567177e-02 -3.53037119e-02 8.11384320e-02
    -4.55649883e-01 -4.71438825e-01 -3.24513435e-01 1.55881345e-01
    1.12515807e-01 4.07670319e-01 4.18853045e-01 3.52437615e-01
    2.56699741e-01 1.36659920e-01 -4.83856201e-01 1.80616856e-01
    -5.37054718e-01 8.69238973e-02 -4.92266446e-01 2.69818604e-01
    -1.47685647e-01 3.99845839e-03 -3.38866204e-01 -5.96338511e-03
    2.87739277e-01 -1.86699569e-01 2.11076260e-01 2.66111195e-01
    4.27636504e-01 1.46786749e-01 -5.19386530e-02 -1.81813866e-01
    -7.61114359e-02 -4.40549463e-01 -8.08913410e-02 -2.50013292e-01
    -2.84166515e-01 -2.35642910e-01 -2.52888501e-01 -2.11149275e-01
    2.47118831e-01 -4.96644497e-01 1.55102909e-01 -5.21984935e-01
    -1.94795787e-01 -3.46724749e-01 4.33754861e-01 -4.56658453e-01
    4.29156542e-01 -3.47856879e-02 -2.57640719e-01 -2.28672266e-01
    -7.03177452e-02 2.21568167e-01 3.96497428e-01 -2.43494272e-01
    1.74633861e-01 -1.30109996e-01 -5.42563975e-01 -4.39764798e-01
    -2.34378815e-01 -2.37820685e-01 1.05868697e-01 -4.46560651e-01
    2.07041323e-01 -4.35973883e-01 2.36350536e-01 1.61794424e-02
    -4.98836577e-01 2.34181881e-01 1.37944818e-02 -4.30273086e-01
    -5.07060289e-01 -3.39002192e-01 6.11864924e-02 2.91608036e-01
    8.76414776e-02 2.67544389e-01 2.69633889e-01 -2.36342818e-01
    -2.98725128e-01 -4.03342843e-02 -2.38396287e-01 3.82035375e-01
    -3.66561472e-01 1.17593944e-01 1.33493125e-01 4.12204504e-01
    -2.32010096e-01 -5.10655999e-01 -4.37853187e-01 3.46953094e-01
    4.00034368e-01 2.70241618e-01 2.54766524e-01 -1.55647218e-01
    4.77572083e-02 -4.94126588e-01 3.68147254e-01 -3.97513837e-01
    3.50176454e-01 1.98757410e-01 -3.46523345e-01 2.87490547e-01
    7.71362782e-02 -2.36191630e-01 -4.04566616e-01 -3.12571228e-01
    -2.39852488e-01 2.79933333e-01 -1.94909394e-01 4.18249667e-01
    -3.71012717e-01 -4.82195348e-01 -3.39564174e-01 -6.93425238e-02
    -1.85897231e-01 -5.56098402e-01 -4.18187618e-01 1.82901084e-01
    -3.58593225e-01 -2.00890899e-02 -1.53301656e-01 3.75173748e-01
    2.80988276e-01 -4.14897829e-01 -4.28052127e-01 1.20334327e-01
    -2.39423037e-01 1.92243695e-01 -5.10174632e-01 1.85298085e-01
    3.31956983e-01 -4.17810678e-01 -1.78479791e-01 4.01625752e-01
    -5.51388144e-01 6.20941520e-02 -4.32734877e-01 4.30077195e-01
    1.22477591e-01 -5.32123566e-01 -1.60476506e-01 -6.37233853e-02
    -5.37729263e-01 5.84838986e-02 8.78050327e-02 5.10361791e-02
    -1.89942122e-01 -4.18803245e-01 3.48766387e-01 1.80151463e-02
    -2.74284333e-01 -3.50265741e-01 -1.69702232e-01 -5.49756289e-02
    -4.15211916e-03 2.33852804e-01 1.27035379e-01 -2.46599495e-01
    3.46738040e-01 -3.53040099e-02 -2.44325429e-01 -4.48275208e-01
    2.51230717e-01 9.18104053e-02 3.78043711e-01 -2.16510117e-01
    2.65255630e-01 1.84141278e-01 1.32579267e-01 -1.27944261e-01
    -1.54984176e-01 3.93888414e-01 -2.19519317e-01 -4.05638069e-01
    -2.69451737e-02 -4.68141496e-01 -2.09623158e-01 2.12239385e-01
    -1.13865733e-02 2.83395052e-02 -3.44944984e-01 -2.89889395e-01
    3.59029770e-02 -1.86164945e-01 -5.16427994e-01 -3.93927723e-01
    -6.20694757e-02 3.63311827e-01 4.25443947e-01 3.92231703e-01
    9.62833166e-02 -3.92336816e-01 1.85307980e-01 -9.68848765e-02
    -2.60354877e-02 -1.69906497e-01 3.65888774e-01 2.83440292e-01
    1.41880095e-01 -4.48848456e-01 3.47314954e-01 2.32674658e-01
    -3.83472115e-01 -4.99082237e-01 -2.63328552e-01 3.46970022e-01
    -3.88986707e-01 3.25030684e-02 -5.19969940e-01 -3.24473947e-01
    -2.07546860e-01 -1.45082116e-01 2.54743755e-01 -2.28043795e-01
    -1.83774829e-01 3.39660764e-01 3.29800010e-01 -5.51764965e-02
    -4.00168121e-01 3.64006639e-01 1.04409695e-01 -1.67587578e-01
    -8.55898857e-03 -4.76098984e-01 3.28362703e-01 4.37377870e-01
    -2.96671033e-01 1.65444851e-01 3.38568509e-01 -3.01268846e-01
    2.07748771e-01 -1.53168023e-01 9.35904384e-02 -7.97027647e-02
    -3.32548440e-01 1.99470639e-01 2.32487023e-01 4.00712609e-01
    -5.14313102e-01 -3.55295539e-02 3.39567661e-04 4.30362225e-01
    1.42744005e-01 5.93779087e-02 -1.34358138e-01 3.06695223e-01
    -1.90541387e-01 -4.75818396e-01 9.74023342e-03 1.03450418e-01
    -1.36115044e-01 -4.09608811e-01 -2.33141840e-01 -1.34083539e-01
    2.28352249e-01 -2.88012028e-01 -5.52303612e-01 3.81352544e-01
    -4.98016745e-01 -2.60270774e-01 -3.94244105e-01 3.96803081e-01
    2.90544927e-01 -1.67863786e-01 -2.42958724e-01 1.50094450e-01
    -6.67418242e-02 -4.86971319e-01 -2.83858836e-01 -5.74790835e-02
    -1.41659379e-02 -5.25422454e-01 1.50640011e-02 2.77022719e-02
    1.83539391e-01 2.68466294e-01 -1.73388302e-01 -2.31765747e-01
    -3.39348704e-01 -2.10700542e-01 -2.89352387e-01 2.99420178e-01
    3.09006274e-01 2.31209993e-01 -1.84554547e-01 -2.98445821e-01
    8.92345309e-02 -7.05456734e-02 3.68162453e-01 -1.12172425e-01
    4.46644068e-01 -2.09301114e-01 1.76672280e-01 -1.07559890e-01
    -1.04537755e-01 1.99916244e-01 -1.82612658e-01 -1.54411793e-01
    1.10231280e-01 -2.26831615e-01 -1.78742826e-01 3.98005366e-01
    -5.29248476e-01 -2.73595721e-01 1.40564084e-01 -4.40895766e-01
    -4.25125778e-01 -5.27768016e-01 -2.19536960e-01 -7.16751814e-03
    1.85116887e-01 -4.87814456e-01 -1.92033410e-01 -4.42184359e-01
    7.16788769e-02 6.16090894e-02 -2.27735788e-01 4.31339800e-01
    -1.07051224e-01 2.09942102e-01 -4.17642832e-01 3.82167757e-01
    -2.35423446e-01 -2.13320017e-01 6.64191246e-02 3.02845180e-01
    -4.59457904e-01 2.33203948e-01 4.05565381e-01 -2.21324265e-01
    -6.53334856e-02 -1.74838305e-01 9.94581580e-02 1.76934183e-01
    -4.19794172e-01 3.84935021e-01 -5.91820478e-02 -4.74726558e-02
    -1.52630091e-01 -9.79231000e-02 2.43850052e-01 3.42504799e-01
    2.69332469e-01 -2.45297968e-01 4.71751690e-02 -4.19045031e-01
    3.97592962e-01 3.10177028e-01 4.46352959e-02 4.13738787e-01
    -3.32682490e-01 7.22881556e-02 3.74836385e-01 -2.81307280e-01
    -1.85679883e-01 -4.25609738e-01 -5.51205635e-01 5.40480614e-02
    -1.95856988e-01 -4.27591532e-01 -4.06257510e-01 2.77882040e-01
    1.64341927e-01 -1.87072277e-01 -2.27195323e-01 2.74591625e-01
    1.15665853e-01 -4.18605208e-01 2.43061006e-01 -1.47938728e-04
    -2.09245980e-01 1.30726516e-01 1.87104344e-02 -1.63024187e-01
    -4.07593399e-01 1.85919702e-01 -3.31960559e-01 -4.87502366e-01
    -3.55514407e-01 8.38786364e-03 -7.54166245e-02 -2.92949736e-01
    -3.67400497e-01 1.10804677e-01 -5.48790812e-01 -3.47851098e-01
    -2.43308127e-01 3.97280931e-01 5.00233769e-02 -1.79621994e-01
    -5.49705267e-01 2.74919093e-01 -2.60206223e-01 -1.05303913e-01
    -3.07419658e-01 3.29931617e-01 3.55355442e-01 4.74873185e-02
    4.64233160e-02 -2.35964835e-01 2.47088015e-01 -4.95143533e-01
    7.53027201e-02 4.22530651e-01 3.29738855e-03 -4.31945682e-01
    2.44029641e-01 -2.54049301e-01 -1.78937435e-01 4.11192775e-01
    5.40659428e-02 -3.68912458e-01 -2.86267817e-01 8.24738145e-02
    -5.46018839e-01 2.80048013e-01 3.62200320e-01 2.44340122e-01
    -2.13959694e-01 -5.11752248e-01 -6.08888566e-02 -4.68679637e-01
    -4.80599433e-01 1.02989197e-01 4.19391155e-01 -9.42817330e-02
    -4.83854681e-01 -3.61622989e-01 -2.93791234e-01 -3.23799431e-01
    -3.08776587e-01 -4.63650525e-01 9.67220664e-02 -4.06134427e-01
    3.82313788e-01 4.25236166e-01 2.48447835e-01 -5.59496880e-03
    4.02079284e-01 2.26885796e-01 3.45514536e-01 -5.03705382e-01
    -5.61503828e-01 -1.54371321e-01 -5.20577133e-01 8.55213404e-03
    -8.15672576e-02 2.12710917e-01 -3.96771342e-01 -3.74065250e-01
    3.99753988e-01 -1.77199841e-01 -4.89893943e-01 2.59208500e-01
    -2.63384581e-02 3.89585376e-01 -4.23458308e-01 2.34206796e-01
    2.11611688e-01 -5.71459472e-01 -5.77840686e-01 -1.15477890e-01
    3.52824152e-01 1.15526080e-01 -4.69304919e-02 -2.71039665e-01
    -3.75279903e-01 -3.38030457e-02 -4.10923958e-01 4.32227194e-01
    1.53241575e-01 3.28249335e-01 -4.73058343e-01 -4.21142638e-01
    2.72016644e-01 -3.72763813e-01 -1.50862187e-01 5.15790582e-02
    -4.16777432e-01 -4.08005774e-01 -7.39289522e-02 -3.97718489e-01
    -2.58689582e-01 -2.32759684e-01 1.50008202e-02 -3.31315756e-01
    -4.55828995e-01 -3.65675926e-01 -3.92877728e-01 2.82463610e-01
    -3.27425599e-01 -3.09169292e-03 -4.93763089e-02 -1.27554238e-01
    -4.62196946e-01 2.83622324e-01 2.94150651e-01 4.49959874e-01
    -5.17413318e-01 5.84696531e-02 -4.71735805e-01 -2.86793411e-01
    -5.00878155e-01 -5.47406435e-01 -4.10301208e-01 5.34799695e-02
    2.09259987e-01 -1.24057621e-01 3.78844738e-02 2.97120750e-01
    1.92208886e-02 1.17815673e-01 1.52119339e-01 3.85671794e-01
    -4.28708673e-01 2.94212043e-01 3.46539080e-01 2.80443430e-02
    3.59338880e-01 -1.76739693e-02 -4.80016679e-01 1.35918319e-01
    2.07116723e-01 -4.96574372e-01 -3.72736543e-01 -4.84760702e-02
    -5.90319932e-02 2.28366077e-01 -1.38687015e-01 1.87056005e-01
    2.12052464e-02 -1.46294087e-01 -1.65738374e-01 2.67455459e-01
    -5.04347324e-01 -8.33795071e-02 -5.03874660e-01 -5.20922303e-01
    -4.76789415e-01 1.83547437e-01 -7.01720715e-02 3.34965944e-01
    4.77597654e-01 -4.51378405e-01 1.60203874e-01 -1.52557552e-01
    3.79580975e-01 3.02177191e-01 -4.88751054e-01 -1.95157915e-01
    -1.11177236e-01 -3.70354027e-01 -2.46977091e-01 -1.07376903e-01
    1.63515449e-01 -1.61416233e-01 -2.41640210e-02 3.12069416e-01
    -1.58558369e-01 3.76996696e-01 3.99175763e-01 -5.20440400e-01
    -3.27166319e-01 2.64140368e-02 -1.53025687e-01 -2.01403201e-01
    -5.27758479e-01 3.28499198e-01 -4.71684903e-01 8.22212100e-02
    3.18766236e-01 -1.56671792e-01 -3.74201268e-01 -2.50342280e-01
    -3.18390071e-01 -3.60931307e-01 -4.58014488e-01 2.62420774e-02
    -4.62419957e-01 9.84055996e-02 1.09987617e-01 3.74909639e-02
    4.70909476e-02 -6.74072504e-02 -1.94139987e-01 -5.25887251e-01
    1.25031114e-01 3.86700153e-01 -4.46163833e-01 -3.86940241e-02
    -3.40988070e-01 -3.36070240e-01 2.77375996e-01 -1.87359303e-01
    -2.29693472e-01 -3.09486270e-01 3.00155520e-01 3.90286446e-02
    -4.35063839e-02 -3.65866750e-01 -2.39113003e-01 -1.60098135e-01
    4.99612093e-02 -4.18697268e-01 -2.52039433e-01 -1.94147646e-01
    4.07941401e-01 -4.08091873e-01 -2.41267681e-03 3.71130586e-01
    -3.25750560e-01 3.25914741e-01 1.45411372e-01 -1.70000404e-01
    -5.55931330e-01 -3.54470760e-01 -1.35327220e-01 -1.84197664e-01
    1.63510025e-01 -5.28548241e-01 4.28236544e-01 1.44079387e-01
    -2.71455050e-02 4.32470083e-01 -3.08218002e-01 4.16584194e-01
    -1.05830431e-02 -2.52512634e-01 1.69590831e-01 -1.92124367e-01
    -1.35330260e-01 -2.61488914e-01 3.54691565e-01 -2.26817369e-01
    -4.02439296e-01 7.06651211e-02 -4.62163478e-01 -3.96339864e-01
    2.60580540e-01 4.89524007e-02 2.54617214e-01 -1.12398267e-02
    3.54101717e-01 -1.69064641e-01 5.45209646e-03 -7.48386085e-02
    -7.21541643e-02 -2.04117239e-01 2.23823309e-01 3.43481719e-01
    -1.34116292e-01 4.36288714e-01 2.76081085e-01 1.70914590e-01
    -2.05393881e-01 1.37304842e-01 2.22282708e-01 1.52396441e-01
    2.52040803e-01 -3.91698986e-01 -1.80618882e-01 4.08863246e-01
    3.61310363e-01 -4.76972461e-02 2.91797280e-01 -2.22900569e-01
    1.02606237e-01 -3.35572571e-01 -4.60629821e-01 7.41895437e-02
    3.79432440e-02 2.10109532e-01 3.80574703e-01 -5.21392524e-01
    -4.78480428e-01 -2.39648223e-02 1.67253375e-01 -2.04287618e-01
    -4.07906860e-01 -4.98108774e-01 -1.90441221e-01 -2.62984276e-01
    2.60823429e-01 -5.00893772e-01 -2.93482065e-01 -3.00989151e-02
    -3.23396832e-01 -5.54958105e-01 5.45105934e-02 -1.69792861e-01
    -5.02482235e-01 4.32446659e-01 2.00352967e-01 -4.47509229e-01
    3.23138297e-01 2.78976142e-01 4.03949142e-01 -3.85381818e-01
    -2.62375861e-01 2.48249769e-02 7.62948990e-02 -3.60365331e-01
    -8.38459432e-02 -1.69144213e-01 2.89444089e-01 -1.26147538e-01
    6.16866350e-03 -2.21746385e-01 3.89620662e-02 -3.68011266e-01
    -3.48386168e-02 -1.87967241e-01 -4.23641235e-01 -5.69965005e-01
    -3.84001732e-01 2.46463478e-01 -1.31008595e-01 -1.75660014e-01
    -4.30441588e-01 -1.40097618e-01 3.09162498e-01 -5.20415902e-01
    -2.94051200e-01 -1.35926008e-02 2.87865758e-01 -1.05297357e-01
    5.73623180e-02 -3.63964468e-01 -5.06599307e-01 2.98575103e-01
    7.82698393e-02 4.39552248e-01 -1.46597862e-01 -5.37755489e-01
    -2.93026447e-01 4.57918286e-01 -3.75801265e-01 -1.09607399e-01
    4.03812051e-01 -4.07112509e-01 3.21893036e-01 1.11011505e-01
    6.57093525e-02 1.40310705e-01 2.26416886e-01 1.27055705e-01
    2.74146795e-02 7.32213259e-02 3.97213280e-01 3.78367782e-01
    -1.49627566e-01 3.15709651e-01 2.33470023e-01 -2.94046760e-01
    8.85894299e-02 -5.56341410e-02 1.88353240e-01 5.15242815e-02
    3.45427871e-01 -3.28692764e-01 -5.24641514e-01 5.63647151e-02
    -1.14981771e-01 -3.57798100e-01 -2.07623839e-01 -4.20802772e-01
    -5.27217090e-02 1.14385664e-01 -9.04757082e-02 -5.04190981e-01
    4.26654816e-02 -1.31119341e-01 -2.77154744e-01 3.60013008e-01
    -3.20349634e-01 3.72733712e-01 3.63112748e-01 -1.16019577e-01
    1.54381156e-01 -3.42913866e-02 -1.11889660e-01 -2.42194057e-01
    -4.17095631e-01 -4.23878193e-01 2.72639811e-01 -5.00709474e-01
    3.77374589e-01 -4.23773706e-01 -2.61361778e-01 3.27464044e-01
    -3.39225352e-01 1.99880302e-01 4.52504158e-01 -3.65175694e-01
    -3.01572680e-01 2.16775537e-02 -3.15212280e-01 3.41129959e-01
    -7.57800639e-02 -3.51082504e-01 5.09843230e-02 -5.17361164e-01
    3.66349220e-02 -3.67484093e-01 -4.40142989e-01 -4.04629588e-01
    3.36946249e-02 2.95025945e-01 4.45008993e-01 -1.02528930e-02
    -4.22023296e-01 -2.63840467e-01 -9.16668773e-02 -1.24767780e-01
    2.57163286e-01 -4.64039445e-01 3.69696319e-01 -5.25627971e-01
    -5.26524961e-01 3.14879179e-01 2.11009681e-01 3.57405663e-01
    -2.27147341e-02 -4.84529585e-01 -1.29996628e-01 3.60305071e-01
    -5.19233048e-01 -4.44695264e-01 -1.53150260e-01 -1.00873291e-01
    3.92714679e-01 3.83874297e-01 1.42674685e-01 3.60313594e-01
    -1.17072165e-01 -3.59580308e-01 2.32393384e-01 1.25827968e-01
    3.87885630e-01 -1.37705803e-01 -1.53575182e-01 2.34661102e-02
    -4.28030610e-01 -1.86375320e-01 4.82678413e-03 -1.38091534e-01
    -1.93518817e-01 3.75735700e-01 -5.73473275e-02 1.10101998e-01
    -3.31264079e-01 -3.37603688e-02 3.69068503e-01 1.07368827e-02
    4.21123624e-01 -2.40507394e-01 -2.02033818e-01 -5.02323270e-01
    6.44733906e-02 1.73379064e-01 2.81481445e-01 -3.24251860e-01
    5.40022254e-02 -2.48928308e-01 -8.09239745e-02 -2.63453931e-01
    2.13526070e-01 -2.09543705e-01 -3.33414674e-02 -4.59081143e-01
    -1.27345353e-01 1.09766304e-01 1.75129116e-01 -4.60442811e-01
    4.05859053e-01 -3.53090167e-01 -1.47798777e-01 -1.20392084e-01
    -3.45330834e-02 1.62794948e-01 -3.55917394e-01 5.35825491e-02
    3.91677439e-01 3.36681068e-01 1.02316856e-01 3.43179941e-01
    2.09986687e-01 -1.07461244e-01 -4.67425704e-01 -3.71186376e-01
    -4.84157413e-01 7.25634098e-02 -5.05098104e-02 2.11055338e-01
    3.41778934e-01 3.94379675e-01 -2.78809130e-01 5.13851047e-02
    -1.89406276e-01 4.12704170e-01 -3.30798447e-01 3.49413753e-01
    -5.14039040e-01 -5.27657986e-01 -2.36634612e-02 -2.92609930e-02
    4.18466926e-01 3.71066332e-02 2.01982617e-01 -3.89105827e-01
    -1.38835311e-01 -5.06307602e-01 -3.03270936e-01 -1.18461639e-01
    -4.03423935e-01 3.93544197e-01 1.80729091e-01 7.74794221e-02
    -3.20669740e-01 3.61474752e-02 2.84562111e-01 -7.64072537e-02
    -4.56928492e-01 5.73720932e-02 1.71947718e-01 -5.43424785e-02
    -4.25653905e-01 3.55915785e-01 3.33363235e-01 3.80577981e-01
    3.03910971e-02 -2.02775121e-01 -3.13641638e-01 1.04588270e-02
    -1.77141696e-01 1.52570009e-02 4.94292974e-02 -3.74326110e-02
    -5.23245215e-01 -1.52590156e-01 4.36584651e-01 -2.07234025e-02
    2.45043337e-01 -5.02057433e-01 9.32346582e-02 3.69860291e-01
    -5.51827073e-01 1.86957479e-01 -8.09621811e-03 4.37328160e-01
    1.10048831e-01 1.62231088e-01 -1.97513878e-01 -4.09793168e-01
    6.41690493e-02 -3.11501235e-01 -2.70540118e-02 2.41723537e-01
    -5.20634651e-02 1.34533703e-01 1.14286542e-02 -4.13877666e-01
    2.75270760e-01 -3.82001817e-01 2.98621833e-01 -5.26524782e-01
    3.45366955e-01 -4.68044847e-01 2.05544710e-01 1.49333000e-01
    3.02125812e-02 -1.92102939e-01 -3.78071517e-01 2.54813194e-01
    2.84051418e-01 2.15978444e-01 5.41185737e-02 -3.33081335e-01
    1.99265361e-01 4.03891623e-01 1.45150721e-01 1.65810645e-01
    -1.21247172e-01 -1.71068460e-01 1.68410063e-01 -3.85887980e-01
    -1.14006400e-02 4.20640051e-01 -1.98856533e-01 2.31347024e-01
    -1.36772394e-01 -4.46410120e-01 -4.44934964e-01 -4.95155066e-01
    -3.24318618e-01 -3.47057581e-01 -2.61366725e-01 -5.25775254e-01
    -3.31502885e-01 -4.50566530e-01 -3.32264066e-01 1.43950641e-01
    -3.09533685e-01 1.27590477e-01 -5.30583680e-01 -3.61241430e-01
    -1.40784383e-02 -1.00777686e-01 -5.04647613e-01 7.76857734e-02
    -5.15916109e-01 7.81087279e-02 6.82269335e-02 3.69745672e-01
    2.80427516e-01 -2.34009683e-01 1.31399512e-01 -1.52615607e-01
    5.36236763e-02 -3.64393473e-01 -5.17742634e-01 4.02110815e-02
    -6.71819746e-02 1.52676761e-01 -3.61792237e-01 2.53256142e-01
    1.28483772e-02 2.63653696e-01 -1.08166367e-01 -7.99133778e-02
    -3.19941938e-01 -3.90060782e-01 4.45350647e-01 -2.02326596e-01
    -3.35007906e-02 -2.58173227e-01 -3.09676975e-01 -1.76744193e-01
    -2.49568403e-01 -5.26506603e-01 -3.68532389e-01 -4.76276934e-01
    -2.60192752e-01 -1.36698037e-01 2.38429725e-01 -1.21841788e-01
    -3.15416425e-01 -4.76852387e-01 1.17250681e-02 -4.59599614e-01
    -1.93797052e-01 -3.49381596e-01 -5.21243930e-01 1.14732444e-01
    3.00160468e-01 -4.82511908e-01 -3.57495457e-01 -1.09367371e-01
    -2.31019437e-01 -4.98223722e-01 -3.60998780e-01 -2.35208631e-01
    -1.72233969e-01 -3.04641038e-01 -8.59478712e-02 -1.22569919e-01
    -4.05724615e-01 2.84580708e-01 -3.69279236e-01 -3.32781017e-01
    -1.21875942e-01 2.95831382e-01 9.56723690e-02 3.77126634e-01
    3.88026178e-01 -3.68996382e-01 2.10387349e-01 -3.79206568e-01
    -5.16666174e-02 4.17213202e-01 2.29938626e-01 -4.72178072e-01
    2.21187174e-01 1.51662529e-01 1.06701851e-01 -5.09742022e-01
    3.46175909e-01 -1.32930815e-01 -1.71303868e-01 -5.05917192e-01
    4.58380520e-01 -4.70583797e-01 -4.93645072e-02 -3.00633639e-01
    4.59515274e-01 4.28357363e-01 3.70800257e-01 1.60102785e-01
    -6.28715158e-02 -2.31307149e-02 -2.11373121e-01 -1.08406216e-01
    -3.28024387e-01 5.53625822e-02 1.85824454e-01 4.70640063e-02
    1.08788013e-02 -5.34631073e-01 3.16649735e-01 2.91090190e-01
    -3.08404297e-01 -2.17058539e-01 3.49182844e-01 5.95558286e-02
    1.16976321e-01 2.35097528e-01 2.92252600e-01 -3.22767049e-01
    4.27440345e-01 -2.98387647e-01 3.83583724e-01 8.36142302e-02
    -2.23054409e-01 3.19597661e-01 -2.19120055e-01 -6.19441867e-02
    -3.00973833e-01 -1.24327242e-01 1.09575748e-01 -1.85202837e-01
    -3.98715228e-01 -7.50917196e-03 -3.58432680e-01 -2.52133548e-01
    -2.28297710e-02 -4.16986287e-01 -3.77592474e-01 -7.47843981e-02
    3.76697958e-01 -3.35589409e-01 2.84905612e-01 -3.29308003e-01
    3.01877320e-01 -1.10538244e-01 -2.24784434e-01 -3.97030503e-01
    4.41860199e-01 -7.84033537e-03 2.65976191e-02 -1.94809079e-01
    -1.85502231e-01 3.92034173e-01 -3.04486334e-01 2.18212008e-02
    9.22504663e-02 -1.97675377e-01 -3.85957450e-01 -6.11794591e-02
    2.77460635e-01 5.68215251e-02 -1.23369992e-01 -2.38022774e-01
    -5.09986281e-01 -2.12396085e-01 -2.73615181e-01 -2.52910346e-01
    8.37882757e-02 -1.72231913e-01 5.55253029e-02 -2.60634422e-02
    -4.14287448e-01 -5.44113994e-01 3.93737376e-01 3.30219388e-01
    -3.61634195e-01 2.03593254e-01 4.16865349e-02 -2.20729113e-01
    3.70764911e-01 -3.81986499e-01 1.73026264e-01 -4.74431604e-01
    8.24401379e-02 -2.60833204e-01 1.01556182e-02 1.12961054e-01
    -2.31132388e-01 8.49338770e-02 -6.46373928e-02 2.45173991e-01
    -3.46491843e-01 -7.44325519e-02 1.02603734e-01 8.25918913e-02
    4.48607862e-01 -3.99196327e-01 -1.04996443e-01 3.74317348e-01
    -4.40893203e-01 3.33698988e-01 -3.93405765e-01 2.40398765e-01
    -5.32949090e-01 2.13356972e-01 -3.14401448e-01 -3.12127829e-01
    -4.02032495e-01 -2.46076912e-01 -7.56103396e-02 4.12972450e-01
    3.88951898e-01 -3.96939278e-01 -5.62688351e-01 -4.53447372e-01
    -1.83496594e-01 2.40412056e-01 3.97763610e-01 3.22440386e-01
    3.83775890e-01 -3.12391520e-01 -4.64798808e-02 3.76374960e-01
    -4.46314663e-01 7.18070269e-02 -2.03042835e-01 -5.39781332e-01
    -9.32928920e-02 -3.13213080e-01 3.40489805e-01 1.98579311e-01
    1.70874298e-01 -5.40952802e-01 -3.24558616e-02 -5.57462156e-01
    -3.26844215e-01 -1.70721412e-01 8.34310055e-02 -5.63922882e-01
    -1.21814102e-01 3.02799523e-01 -6.83907270e-02 9.46587324e-02
    3.88319194e-01 -5.37858486e-01 4.63549495e-02 -2.24468708e-02
    -2.95875251e-01 -4.84987170e-01 1.43517196e-01 3.57560813e-01
    3.93218935e-01 1.45182967e-01 -1.27060950e-01 2.89062381e-01
    -1.57497287e-01 2.92851329e-02 -1.08867884e-02 -3.16433311e-02
    -3.01027715e-01 -2.14882702e-01 3.24296534e-01 -4.51477617e-01
    2.53742754e-01 -1.84748560e-01 1.43711984e-01 -7.26028085e-02
    -1.18905663e-01 -1.11980945e-01 1.15010500e-01 -4.36276257e-01
    -2.76425779e-01 -1.79997623e-01 1.40719950e-01 -5.31289816e-01
    -4.97540355e-01 -7.81664550e-02 -2.68303752e-01 1.94193661e-01
    -3.14682543e-01 -3.75977993e-01 3.70188951e-01 -4.40075666e-01
    -2.99837232e-01 3.06527078e-01 -4.22721595e-01 2.70962715e-03
    -2.24328607e-01 -3.89548868e-01 -5.12714028e-01 9.18068290e-02
    -4.79377061e-01 4.48435545e-02 2.06154585e-02 -4.66415584e-01
    -4.29313749e-01 -8.27609003e-02 -2.18887389e-01 -4.60016370e-01
    -9.50339437e-02 -3.99199754e-01 -3.32071185e-02 3.74756634e-01
    -1.91832006e-01 -3.88003170e-01 2.09374905e-01 -1.98251843e-01
    -5.35409451e-01 5.39314151e-02 -1.63345605e-01 3.96480560e-02
    2.27723777e-01 2.28129864e-01 -8.89699757e-02 9.76805687e-02
    -5.11561394e-01 2.64020324e-01 -5.16512871e-01 -3.33324373e-02
    -2.54135340e-01 -4.28075045e-01 -4.52156931e-01 4.30571556e-01
    3.09008360e-02 1.13462508e-01 2.71797180e-03 -4.45495069e-01
    2.12905705e-01 -1.99319154e-01 -2.88281471e-01 -1.10188425e-01
    2.53043056e-01 5.64751029e-02 -1.77293658e-01 1.76555157e-01
    -4.68732029e-01 -9.56122577e-02 -2.67156273e-01 -3.73889238e-01
    -3.48221481e-01 1.02493405e-01 -4.74796087e-01 -5.15986681e-01
    3.46952558e-01 -1.58343911e-02 -4.75937843e-01 6.43947721e-02
    3.97293806e-01 -1.09860480e-01 8.97120237e-02 3.01762104e-01
    -1.25185072e-01 3.62500250e-01 -7.28982687e-03 1.49541974e-01
    -5.29780567e-01 2.44586110e-01 2.10338175e-01 -4.28281307e-01
    1.18824244e-02 1.77921236e-01 -4.73285109e-01 1.09458804e-01
    -1.34452492e-01 -3.88424903e-01 -4.28138226e-01 1.49929523e-01
    3.91414940e-01 -4.66499984e-01 -1.55714571e-01 -2.93573022e-01
    4.08627093e-01 -4.03531104e-01 -2.21224666e-01 3.74588192e-01
    1.30236745e-02 -3.69040340e-01 2.42675066e-01 3.86735857e-01
    3.69278669e-01 -4.64949012e-02 -2.53942370e-01 7.82974958e-02
    -2.25590467e-01 1.82134032e-01 3.03660512e-01 -5.07278144e-01
    3.55278909e-01 3.19845259e-01 4.11146760e-01 -1.30704224e-01
    5.90513945e-02 1.96874738e-02 -2.89373875e-01 1.02107644e-01
    -5.97699285e-02 -1.17655724e-01 -2.00727582e-02 8.99035335e-02
    1.36853456e-02 2.83460140e-01 -2.70939678e-01 -3.58472824e-01
    -3.49848807e-01 -1.44271225e-01 8.99434090e-03 -4.57994968e-01
    -2.90383011e-01 -5.28340936e-01 -3.39988202e-01 -4.60352302e-01
    -4.35367107e-01 -1.56238019e-01 8.71318579e-03 -2.14141905e-01
    -4.56640810e-01 3.62195611e-01 4.44154263e-01 -3.28591734e-01
    4.20548618e-01 -3.12404007e-01 2.35217690e-01 2.51378953e-01
    4.28655624e-01 -6.67780638e-03 -1.35893822e-01 -6.10939860e-02
    -2.54061460e-01 8.24021101e-02 -4.68377709e-01 2.90819347e-01
    -5.68670332e-02 -3.31465721e-01 4.37011600e-01 -1.28509283e-01
    -4.75751877e-01 -3.77991319e-01 -8.13808441e-02 1.68038249e-01
    8.71626735e-02 4.35875595e-01 3.26456606e-01 -3.51338387e-02
    -2.72399485e-01 3.42410743e-01 -2.24734843e-01 -4.72704560e-01
    -4.02819008e-01 -4.22178358e-01 -4.30305183e-01 1.92989707e-01
    -1.30138725e-01 -3.75643045e-01 2.13111997e-01 -1.38580203e-02
    -5.52816808e-01 1.55870736e-01 1.35052919e-01 3.93102705e-01
    3.83606970e-01 -5.78777194e-02 3.29621971e-01 -3.73875022e-01
    4.91707325e-02 -5.57682276e-01 -4.76275206e-01 4.21250463e-02
    2.60994911e-01 -2.91519642e-01 -5.08581638e-01 2.96798706e-01
    -4.67084050e-02 2.19583333e-01 -4.70176369e-01 -2.31032908e-01
    -2.78909981e-01 -1.91414356e-03 -5.05148292e-01 1.79203153e-02
    2.22588181e-01 -2.39017606e-02 -4.13355291e-01 1.29429758e-01
    1.44520462e-01 3.47741187e-01 -2.33238876e-01 1.74096644e-01
    -2.40080237e-01 4.01784956e-01 4.61516380e-02 -2.20255017e-01
    -1.06377244e-01 3.43135715e-01 -3.25203270e-01 -5.47627687e-01
    -1.95495546e-01 -4.92506176e-01 -2.32531011e-01 -1.43569589e-01
    -2.80998588e-01 6.91055059e-02 -5.49963117e-01 2.94701695e-01
    -5.35293698e-01 -1.24608219e-01 -2.64483839e-01 4.22598720e-01
    1.62562311e-01 -2.21679449e-01 -3.61163735e-01 1.47568822e-01
    -5.71184754e-02 -5.10148883e-01 -3.38867784e-01 -5.29442787e-01
    -4.08518642e-01 3.63470256e-01 -5.00270426e-02 -2.11532861e-01
    4.11810756e-01 -1.74267769e-01 -4.98154134e-01 4.45497692e-01
    -4.26116586e-02 -1.43932432e-01 4.37474251e-02 -4.70075577e-01
    -5.41305721e-01 -2.65835583e-01 -3.64775121e-01 2.64291823e-01
    -1.57521874e-01 -2.82857120e-01 2.39708185e-01 6.56721592e-02
    -2.26845145e-02 1.30358696e-01 3.63779604e-01 -4.23033476e-01
    -3.75458091e-01 -3.77611041e-01 -2.72738576e-01 2.66215384e-01
    -3.89802337e-01 -3.23185146e-01 -4.93441075e-01 -5.47364652e-02
    1.32464170e-02 -1.22923970e-01 -4.25001383e-02 1.37208223e-01
    1.17630124e-01 2.23994672e-01 1.34856403e-01 1.54743135e-01
    6.82229996e-02 2.55734682e-01 4.45167422e-02 2.67920315e-01
    2.81903327e-01 3.11222613e-01 -2.45066524e-01 1.78766012e-01
    -2.08853722e-01 -1.60199583e-01 2.76482999e-01 -4.09196764e-01
    -2.68242449e-01 1.01050854e-01 3.85041952e-01 2.69566476e-01
    -4.61876124e-01 -3.28754932e-01 2.93108523e-01 -1.63569152e-01
    -2.84198850e-01 -1.57443702e-01 -4.69831944e-01 -1.54399574e-01
    7.36429095e-02 1.63339376e-01 -1.06496006e-01 -4.93052065e-01
    3.97921205e-02 -1.50441855e-01 -1.18305176e-01 -4.94101882e-01
    1.44911170e-01 -4.36459422e-01 4.14655328e-01 -1.60732150e-01
    1.63844943e-01 -1.43021584e-01 3.78616214e-01 -3.00497115e-01
    3.35402906e-01 3.02148700e-01 -4.91261482e-03 -3.52896601e-01
    -4.10372734e-01 -9.95916426e-02 2.75583148e-01 -3.41953009e-01
    -3.44932675e-01 -4.58606333e-01 7.25232959e-02 1.17393672e-01
    -2.61126637e-01 -1.46323979e-01 1.00852430e-01 4.14831460e-01
    3.67054284e-01 -2.13600218e-01 -5.77642918e-02 -3.60750169e-01
    -5.18220663e-01 -5.33448994e-01 -4.19937283e-01 -3.44892591e-01
    -1.49798393e-02 -3.28842223e-01 2.84371734e-01 -2.38362968e-01
    2.70949841e-01 3.87026668e-02 -1.84917480e-01 -5.34797668e-01
    -3.45678031e-01 1.32140279e-01 -7.37534761e-02 -1.39855802e-01
    -1.62538856e-01 -4.14365888e-01 3.90970111e-02 1.06606066e-01
    -3.32969964e-01 -6.35195971e-02 8.50068927e-02 -5.05646944e-01
    -3.14444125e-01 4.13187563e-01 -4.39431101e-01 -3.56391370e-01
    8.26424360e-03 -5.07856607e-01 -6.75451756e-02 2.61308014e-01
    4.26881909e-01 2.82639205e-01 4.48167682e-01 1.18479669e-01
    -3.20944786e-01 3.51822853e-01 -4.09559488e-01 3.73221397e-01
    -4.82478738e-01 -2.92719513e-01 -3.86620730e-01 -1.67999476e-01
    3.75372291e-01 3.63412976e-01 3.30735445e-02 3.24195683e-01
    4.20277774e-01 -3.96358609e-01 -3.70086193e-01 2.48508155e-01
    -4.95154709e-01 4.42589581e-01 -2.58020073e-01 7.42328167e-03
    -2.62798488e-01 3.62199605e-01 1.20716870e-01 1.26947582e-01
    1.65785491e-01 4.29162979e-01 2.28762090e-01 -1.78444654e-01
    4.06858385e-01 3.16044211e-01 5.57768941e-02 4.16921914e-01
    -6.19984865e-02 -2.54387021e-01 -4.37819451e-01 5.47693372e-02
    2.90727019e-02 -3.81006330e-01 3.27986181e-01 1.41825974e-01
    -3.20441991e-01 3.05881381e-01 2.94633925e-01 -1.52201056e-02
    -4.57370192e-01 3.06105733e-01 2.31450677e-01 3.07208955e-01
    -3.86430085e-01 -4.85442340e-01 -1.20865345e-01 -5.16624451e-01
    1.39556527e-02 -3.32826018e-01 4.09367085e-01 -3.25214267e-01
    -1.06870711e-01 2.74869800e-01 -3.03582370e-01 -4.63797003e-01
    -5.03399432e-01 -3.88239413e-01 -1.27741784e-01 -2.10965395e-01
    9.47469473e-02 -2.54991651e-02 -2.97656596e-01 -8.29911530e-02
    -1.18976921e-01 1.65419102e-01 2.94079602e-01 -1.36491358e-01
    2.90920377e-01 2.77450085e-01 -1.14471316e-02 3.30099881e-01
    1.67839289e-01 -5.67803621e-01 3.71236682e-01 1.83336675e-01
    3.48874986e-01 -9.31694806e-02 1.47584498e-01 -1.11971766e-01
    -2.36754596e-01 -9.83392596e-02 2.79561043e-01 3.35376859e-01
    -3.15123081e-01 1.49119973e-01 -3.87558669e-01 1.41254723e-01
    9.75853205e-03 3.80344868e-01 3.02110851e-01 7.16301203e-02
    -1.55469775e-01 2.60442495e-01 2.90870547e-01 -3.23041856e-01
    1.76677585e-01 -4.79297161e-01 -2.94688791e-01 -4.92746890e-01
    1.53075218e-01 8.02106857e-02 -3.15576494e-01 -3.27308804e-01
    4.50042188e-01 -3.73055786e-01 -3.51520747e-01 -1.47694945e-02
    3.41616869e-02 4.57136393e-01 -3.35620761e-01 -3.81619960e-01
    -3.63381654e-01 2.76428819e-01 1.63755476e-01 1.41242683e-01
    1.71410859e-01 -2.76525736e-01 -1.61776423e-01 5.88086247e-02
    -2.08429635e-01 -4.33586240e-01 -4.01814699e-01 -5.45995831e-02
    -9.03314650e-02 2.24203467e-02 2.19068825e-01 9.56236124e-02
    -1.36067271e-01 -9.95575190e-02 7.53713250e-02 -5.09301662e-01
    -1.33801699e-01 -3.02615762e-02 3.48923326e-01 1.55529976e-01
    -1.41405791e-01 -1.91525459e-01 5.50453067e-02 -2.52874106e-01
    4.29699421e-02 -3.02065909e-01 2.69777238e-01 1.62230492e-01
    -3.30469131e-01 -1.78182542e-01 2.04419494e-02 -5.25084496e-01
    1.06333077e-01 -4.42230999e-01 -1.00717574e-01 3.08997393e-01
    3.36602986e-01 -3.89947623e-01 -2.34179378e-01 9.99130011e-02
    -3.55438530e-01 3.14266801e-01 -1.55026793e-01 -3.12614441e-03
    -1.01345181e-01 2.69330978e-01 -4.85732526e-01 2.71772087e-01
    3.63114655e-01 -2.49877810e-01 -6.98524415e-02 -9.44375992e-03
    -3.98607969e-01 3.58978033e-01 -3.15188438e-01 2.79282510e-01
    -4.18814003e-01 5.67454100e-03 -2.43537545e-01 3.78722250e-01
    -3.86736572e-01 -4.06405956e-01 -1.90108716e-01 4.23635364e-01
    -2.84061670e-01 -3.76071602e-01 -4.20340151e-01 -3.48978549e-01
    3.96221399e-01 -2.01503694e-01 -2.08010584e-01 3.87592852e-01
    -3.20556194e-01 -5.09195209e-01 -4.33773428e-01 -2.96764940e-01
    -4.81958449e-01 1.34734035e-01 4.34571505e-03 -3.15986335e-01
    1.82322919e-01 1.37941420e-01 -3.68621439e-01 2.85634518e-01
    -1.55746937e-04 -4.01611120e-01 3.61634970e-01 -1.19056344e-01
    7.01068640e-02 3.83398712e-01 -6.04403019e-03 -1.68908000e-01
    4.19435382e-01 -2.95443416e-01 -1.58192426e-01 -4.42379147e-01
    -1.99780643e-01 3.81249070e-01 -5.13674498e-01 -8.64868760e-02
    -8.34752619e-02 -3.19396108e-01 3.50536704e-01 -1.45712107e-01
    2.16999531e-01 -2.00469881e-01 -1.60338283e-02 -4.54619229e-01
    5.81170321e-02 -5.09240389e-01 -2.94649720e-01 1.41379476e-01
    4.30572093e-01 -4.58695620e-01 -3.30401808e-01 4.20473576e-01
    1.86546087e-01 -2.19041944e-01 4.24303651e-01 -1.81567073e-01
    1.66629136e-01 -1.09106302e-02 3.91550660e-01 1.26519799e-01
    1.17760479e-01 -2.30867684e-01 4.22829628e-01 -4.09018368e-01
    -2.43324816e-01 -5.27381897e-03 -4.71771359e-02 -8.89778137e-04
    5.06430864e-03 3.69346321e-01 4.56254542e-01 -5.39055228e-01
    -2.69173086e-01 -4.35184449e-01 -4.11870807e-01 -1.56281650e-01
    3.61466944e-01 -6.15628362e-02 -2.20481992e-01 2.39749908e-01
    2.04686224e-01 -1.30596220e-01 2.80317307e-01 2.78281569e-01
    1.29586458e-02 -1.13897204e-01 3.41525674e-02 2.84816384e-01
    2.78957427e-01 -4.45576161e-01 4.19708431e-01 2.82573402e-01
    -6.88464046e-02 4.34041858e-01 -4.86130685e-01 -5.74972034e-02
    2.34199166e-01 -5.79593778e-02 -5.15770674e-01 3.41223359e-01
    -2.54278839e-01 -1.15517706e-01 3.35283995e-01 -3.55425417e-01
    3.71651947e-01 4.21975672e-01 -4.54696417e-02 -2.94225186e-01
    -9.40009356e-02 -3.20485473e-01 -3.49433124e-01 -2.50836015e-01
    1.63934827e-02 -3.51316333e-02 8.74303579e-02 2.47012556e-01
    7.05452561e-02 1.27806246e-01 1.87634170e-01 -3.17668974e-01
    2.88316369e-01 -1.83236420e-01 2.62396038e-01 3.64993632e-01
    -3.94076228e-01 4.39487100e-01 4.00932312e-01 -4.96444494e-01
    -5.45360148e-01 -3.17892164e-01 2.51462400e-01 -2.83722997e-01
    8.19364190e-02 -6.63921237e-02 -3.29807550e-01 6.96218014e-03
    2.24035978e-03 7.07569718e-02 -1.75107926e-01 5.26709557e-02
    3.68777454e-01 -4.33765233e-01 -1.65633082e-01 4.95589972e-02
    -1.36372298e-01 2.79834449e-01 -1.83666468e-01 -2.56761968e-01
    1.30909741e-01 2.22417951e-01 -4.79869872e-01 1.35961175e-01
    2.53541231e-01 -4.54994589e-01 -5.22061706e-01 -4.20859426e-01
    -2.65400767e-01 -5.71712852e-02 -2.88624227e-01 -4.70778197e-01
    3.71148348e-01 -2.36284554e-01 -3.84371519e-01 -1.98159009e-01
    -2.72101402e-01 -5.44948816e-01 -1.49109095e-01 1.16449475e-01
    1.51284397e-01 2.93010473e-02 -2.69852698e-01 3.18430543e-01
    -1.59744412e-01 -2.64780819e-01 -3.02369565e-01 -2.85964698e-01
    -4.39643204e-01 -1.30768090e-01 -7.42710531e-02 -4.28595990e-01
    -9.74488258e-03 1.17895186e-01 -6.57600164e-03 2.26547956e-01
    2.77067602e-01 -2.25492477e-01 -1.12213522e-01 1.96249545e-01
    -5.74368238e-03 2.52188385e-01 -3.04776639e-01 -4.23590213e-01
    -3.95219356e-01 2.10645437e-01 -2.10443735e-02 1.20992780e-01
    -2.70034909e-01 4.25368130e-01 4.88390326e-02 3.96356642e-01
    3.60428452e-01 3.65302682e-01 -3.54741186e-01 7.80473948e-02
    9.97314453e-02 2.67111361e-01 -8.44400525e-02 -4.53137815e-01
    3.60274971e-01 -3.78905028e-01 3.97008657e-01 -1.67946219e-01
    2.23695219e-01 -2.69221663e-02 -2.71867812e-01 1.48795903e-01
    -7.45971799e-02 -1.24487132e-01 -2.10583091e-01 1.72615647e-02
    4.47136462e-01 -4.75180089e-01 -4.70374376e-01 -8.07995200e-02
    3.84544730e-02 1.60768032e-01 -3.49760503e-01 -3.17983568e-01
    9.42134261e-02 -3.57885271e-01 1.30869448e-01 3.30203056e-01
    4.59497571e-01 2.41204560e-01 4.07596052e-01 2.39620388e-01
    5.85853457e-02 -1.03205144e-01 1.31450891e-01 -3.64949226e-01
    2.53996789e-01 3.09927046e-01 -1.51997268e-01 -2.77066231e-01
    -4.09990817e-01 -1.97110951e-01 3.68781030e-01 1.68369412e-01
    -1.55424267e-01 -3.03673178e-01 4.31157589e-01 -2.15727240e-01
    -2.52699763e-01 -6.60446286e-02 3.98223579e-01 9.73342657e-02
    -4.71828282e-02 -1.52884126e-02 -1.83059990e-01 1.24558747e-01
    2.76403904e-01 6.58953190e-03 -4.24861878e-01 2.60957360e-01
    1.06442451e-01 -3.89108151e-01 4.76360261e-01 3.71931732e-01
    2.64351845e-01 2.40012169e-01 2.16786504e-01 -3.69046420e-01
    1.10103309e-01 -3.11025739e-01 -2.41524577e-02 1.60940170e-01
    2.30165184e-01 -4.41888154e-01 -1.84121400e-01 -3.59936267e-01
    -6.97129965e-03 2.86762178e-01 -1.57422781e-01 -3.26227993e-01
    3.12794328e-01 -3.75073105e-01 1.14328206e-01 5.51247001e-02
    1.24582469e-01 -6.20903671e-02 -1.72679573e-01 6.37473464e-02
    3.02738726e-01 -1.03468359e-01 3.38164270e-01 -1.98339224e-02
    -4.97109115e-01 -3.41671854e-01 4.37499583e-01 -5.26154399e-01
    -4.48505729e-01 -8.78570080e-02 -1.39738649e-01 -1.96093202e-01
    2.28929341e-01 -2.85176933e-01 2.10994601e-01 -4.83918458e-01
    -3.57297003e-01 3.28962386e-01 -4.70930338e-03 -5.32777488e-01
    2.23115265e-01 2.58276522e-01 2.45219886e-01 -3.22704732e-01
    -4.74079669e-01 4.19290066e-02 -4.55015242e-01 4.04499471e-01
    8.19424987e-02 -5.48202395e-01 -1.96752965e-01 3.15459073e-01
    3.22385132e-01 -2.47892022e-01 -3.92025560e-01 -2.68214881e-01
    3.99623156e-01 1.43432617e-02 -1.79829538e-01 -2.46377707e-01
    -4.24570918e-01 -1.42642200e-01 -3.35974872e-01 -3.63574296e-01
    2.75014043e-02 3.82991552e-01 -1.54420078e-01 -1.82028949e-01
    -1.22887939e-01 -3.96688879e-02 3.39837372e-01 -1.79747581e-01
    -2.43377000e-01 -2.01346874e-02 -5.21342039e-01 -3.11065048e-01
    -4.10343170e-01 3.05765629e-01 1.49383068e-01 1.75239146e-01
    -7.77706206e-02 2.61657238e-01 -2.98835158e-01 -5.62537432e-01
    -1.71014726e-01 1.68011785e-02 -2.51520038e-01 -4.45191473e-01
    2.36046135e-01 -4.74816144e-01 -1.55306846e-01 -2.62047827e-01
    -1.00765079e-01 4.35657859e-01 -9.20789242e-02 3.09655488e-01
    1.77107215e-01 9.19808745e-02 -5.46673834e-02 2.12675691e-01
    -3.10904473e-01 1.33557320e-02 -1.96323514e-01 -1.36493206e-01
    1.45456016e-01 3.69047165e-01 -2.32351601e-01 -6.37292862e-03
    -2.49824971e-01 3.92015576e-01 3.99557829e-01 -6.42607212e-02
    -2.88544297e-02 2.66122103e-01 1.95472956e-01 3.01660120e-01
    1.18365824e-01 2.10594893e-01 3.58397007e-01 9.97167826e-02
    1.57043815e-01 2.00609565e-02 -4.09307450e-01 -2.72321731e-01
    -2.37389863e-01 2.03559935e-01 -1.97568774e-01 -5.29256642e-01
    1.14853263e-01 -2.49232978e-01 -3.67313027e-02 -3.89617682e-02
    1.73687041e-01 1.73064351e-01 -2.83132732e-01 -3.35282594e-01
    -2.81603217e-01 2.47142196e-01 -1.47016048e-02 -2.72089750e-01
    -3.63976151e-01 1.44985497e-01 3.80929708e-02 2.90216982e-01
    -3.48019809e-01 3.55078280e-01 1.30304754e-01 -8.23948979e-02
    -2.94640541e-01 6.75239563e-02 -5.56843281e-01 -8.65505338e-02
    7.49140978e-03 -3.35393161e-01 -1.41596794e-01 -1.53803229e-02
    3.76781583e-01 3.60034645e-01 -5.45235276e-01 -3.28017086e-01
    -4.96851236e-01 -2.50103235e-01 -2.44325101e-01 3.19038808e-01
    -4.32457417e-01 -4.67233688e-01 2.95574248e-01 6.34533763e-02
    3.12860608e-01 4.40884650e-01 -8.89704823e-02 -3.08601439e-01
    -4.04258549e-01 -4.14055765e-01 -1.22811168e-01 -5.14137506e-01
    -1.85775936e-01 -3.37444842e-01 -3.62788200e-01 3.80731225e-02
    3.19737792e-02 3.08574617e-01 -1.50897026e-01 -3.61266434e-01
    -2.56049335e-01 1.19772792e-01 -4.11778897e-01 1.40769184e-01
    -5.24256647e-01 -4.13691998e-02 -9.13747549e-02 1.43116117e-01
    9.71543193e-02 -2.89042205e-01 3.21173728e-01 -4.14086789e-01
    -1.05712712e-01 -3.55121821e-01 2.45474577e-01 -3.83621782e-01
    -6.68150187e-03 4.27841306e-01 3.51245761e-01 2.56378829e-01
    -4.55567926e-01 -2.46181548e-01 3.58217001e-01 4.12145853e-01
    4.06622052e-01 5.15490770e-03 -4.50467050e-01 -4.08451915e-01
    3.85878086e-02 3.66176844e-01 3.61233830e-01 -5.15943050e-01
    9.69365239e-02 2.11563110e-02 -3.31491858e-01 2.57334113e-02
    -1.21389151e-01 1.19015276e-01 -4.81928080e-01 -5.32218635e-01
    -7.63674378e-02 -2.74154484e-01 -4.95534539e-02 3.10109496e-01
    -3.07023853e-01 -2.85025716e-01 2.98395693e-01 1.77733421e-01
    4.35664594e-01 -3.68404090e-01 -2.98878729e-01 -2.34263957e-01
    3.43362689e-01 1.67742670e-01 -3.99806738e-01 -3.64075065e-01
    1.41803384e-01 -3.12442064e-01 6.82283044e-02 3.10535491e-01
    -4.71924543e-01 4.46105778e-01 3.50248158e-01 -3.06792080e-01
    1.09403491e-01 6.76862597e-02 -2.38268197e-01 8.72486830e-03
    -7.66543746e-02 -1.33216381e-02 -1.75554991e-01 3.94414067e-01
    1.54127002e-01 -2.02168584e-01 -4.35835481e-01 3.12254667e-01
    -1.30800366e-01 2.20046043e-01 -4.41159606e-01 -3.27562630e-01
    3.31795692e-01 -2.23818570e-01 4.30217445e-01 -1.51744008e-01
    -1.82720065e-01 2.98330605e-01 5.01896143e-02 -2.93336570e-01
    9.95948911e-02 -4.87218350e-01 -2.98937321e-01 1.70331419e-01
    4.17925298e-01 2.55452454e-01 -4.68233675e-01 4.35898483e-01
    -8.20368230e-02 -1.44219726e-01 -4.04282331e-01 1.20586216e-01
    4.79868054e-02 -6.76281452e-02 -2.37747461e-01 -5.27862072e-01
    -2.47834116e-01 -4.79142398e-01 -5.43793201e-01 1.62240982e-01
    -1.98262513e-01 3.12126637e-01 -3.80083650e-01 2.83531785e-01
    3.11143696e-01 2.36405790e-01 1.83418632e-01 -3.10248256e-01
    2.90455818e-01 -3.89497489e-01 -4.58840430e-01 -4.48179126e-01
    -3.39370102e-01 3.06186676e-01 -4.45338070e-01 -4.09640342e-01
    4.96016741e-02 -2.43088543e-01 -3.46807390e-01 4.66195345e-02
    -2.45427072e-01 -4.10716176e-01 3.13151538e-01 -4.93703812e-01
    4.18687880e-01 3.26306641e-01 -9.92535949e-02 1.97993398e-01
    -7.36801922e-02 -1.91199511e-01 3.66827071e-01 -3.51369172e-01
    -4.75356370e-01 -1.63643956e-02 1.01307094e-01 3.62707317e-01
    -2.33019054e-01 3.54308069e-01 1.33171856e-01 5.87002039e-02
    -2.05836326e-01 -3.71996611e-01 3.30038190e-01 -5.66418052e-01
    -1.71773434e-02 -1.04851723e-02 8.54802728e-02 1.70657516e-01
    1.94932282e-01 2.67714262e-03 -5.31966805e-01 -3.26494038e-01
    3.20828617e-01 -4.56656992e-01 1.67273760e-01 -5.22463560e-01
    -5.42135239e-02 -4.59343851e-01 3.54479671e-01 -1.11564666e-01
    -4.91072029e-01 -1.63228929e-01 -1.91528022e-01 -4.58849162e-01
    4.18775797e-01 -4.44117695e-01 -2.39328802e-01 2.86679924e-01
    4.43817139e-01 3.12857985e-01 -3.09336215e-01 -2.33941853e-01
    3.26703787e-02 3.26010883e-01 -1.23082906e-01 -4.39785451e-01
    7.45666623e-02 2.93835521e-01 -9.24143195e-02 1.67967618e-01
    -6.06743097e-02 -2.79763937e-02 1.00696027e-01 8.86209011e-02
    -4.29595858e-01 -5.01131237e-01 -9.99652147e-02 -4.73919511e-02
    1.82689607e-01 -3.70486379e-02 -2.62888759e-01 2.07500160e-01
    1.11698270e-01 3.44333172e-01 -3.26981395e-01 -4.74427789e-01
    1.00852251e-02 -6.60607815e-02 -4.25203949e-01 -4.73070741e-02
    4.03196812e-01 -1.38569355e-01 1.77816451e-01 -1.37374938e-01
    5.66879511e-02 -1.64164662e-01 -5.46941638e-01 3.94565761e-01
    -4.46818799e-01 2.53976405e-01 -4.38058972e-02 -2.34862506e-01
    8.35734606e-03 5.16663790e-02 -1.11409128e-01 -1.00625932e-01
    7.61287808e-02 -5.23486257e-01 1.31791830e-01 -3.65567625e-01
    -3.97813976e-01 -3.60864639e-01 2.46034622e-01 2.31906295e-01
    -1.58135891e-01 -2.21614540e-01 -2.79453784e-01 -2.44404793e-01
    3.15994024e-03 2.71914303e-01 2.48733342e-01 -4.75235075e-01
    -2.60445088e-01 -3.20151597e-01 1.40825748e-01 -1.40835941e-01
    3.06402266e-01 2.82254457e-01 2.82719851e-01 1.26422167e-01
    1.54557467e-01 3.24976265e-01 -4.54683989e-01 2.75547206e-01
    1.90596819e-01 1.04107261e-02 7.50635266e-02 1.29432142e-01
    -4.59820747e-01 -1.52618885e-01 2.68889189e-01 1.61737800e-02
    3.98892164e-02 -1.84869736e-01 2.30269551e-01 -3.41838479e-01
    6.40184283e-02 4.71469462e-01 -3.30413759e-01 2.21355081e-01
    -2.06405908e-01 -1.66978061e-01 -3.09942186e-01 -7.10168779e-02
    -8.14251304e-02 3.79821599e-01 -8.51522684e-02 2.26050615e-02
    2.42054462e-02 -4.07339454e-01 2.53268123e-01 4.04029787e-01
    -7.20184445e-02 8.98939967e-02 -1.48792714e-01 -4.77153361e-01
    1.12913609e-01 -1.69221580e-01 -5.22706211e-02 -5.16449332e-01
    -2.77727515e-01 1.20367646e-01 -4.91717160e-01 -3.93774033e-01
    3.72505546e-01 -2.69948840e-02 -3.22476834e-01 8.39485526e-02
    -5.21053791e-01 2.51569748e-02 1.97194517e-01 -1.06341600e-01
    -4.17347968e-01 -9.06465352e-02 3.88994813e-01 -1.45572603e-01
    -4.50247079e-01 4.04791474e-01 8.42102170e-02 -2.36613274e-01
    -1.02238953e-01 -2.81462818e-01 4.02390361e-02 6.41503334e-02
    -3.12022328e-01 1.76244140e-01 1.28215194e-01 5.81717491e-02
    -5.10727763e-01 -3.63800883e-01 2.62452841e-01 3.45019042e-01
    6.16645217e-02 -3.46674800e-01 2.96738684e-01 -1.65858328e-01
    -4.89720613e-01 -1.03724062e-01 -4.58084077e-01 -2.93475538e-01
    -4.06532437e-01 2.83635855e-01 -2.41064698e-01 3.16484809e-01
    1.78641915e-01 -2.38257647e-01 -3.74664307e-01 -3.40054423e-01
    1.55828357e-01 4.06676412e-01 -3.29261035e-01 -1.46739304e-01
    -1.54978454e-01 -1.11395836e-01 1.27439797e-01 -2.07914114e-02
    -1.59140766e-01 -1.89544261e-01 -2.31337547e-01 -4.00482416e-02
    9.43293571e-02 1.75075471e-01 -4.80529904e-01 3.32757592e-01
    7.51568079e-02 5.29604554e-02 3.51385951e-01 3.19891691e-01
    -4.50506151e-01 -5.42586923e-01 1.36073470e-01 4.41926777e-01
    -6.85836077e-02 -5.79208732e-02 -1.33628845e-01 -4.49889988e-01
    -2.80370772e-01 -1.50287002e-01 3.22530925e-01 -3.97617638e-01
    -3.01347613e-01 1.97076023e-01 -2.68468320e-01 1.69999897e-01
    -3.96494597e-01 -4.36617732e-01 -5.37132621e-01 -2.53458261e-01
    -3.96561861e-01 -1.58319056e-01 2.54140735e-01 3.44973326e-01
    4.02641237e-01 -8.91157985e-02 -4.29009199e-02 1.42506242e-01
    1.08764708e-01 3.23788345e-01 -3.55349123e-01 -4.80639011e-01
    3.26684117e-02 1.85534894e-01 -8.18409026e-02 -5.07626355e-01
    8.58374834e-02 -2.74709642e-01 4.77739155e-01 -3.39248538e-01
    -2.90840596e-01 1.41686797e-01 -1.47352397e-01 -1.18529916e-01
    1.88375950e-01 1.92937076e-01 -4.37983483e-01 8.86681080e-02
    -3.11607718e-02 -4.80193675e-01 1.44413710e-02 -2.60873675e-01
    2.67768145e-01 -2.20042318e-01 1.44618273e-01 -4.90787625e-02
    9.10905600e-02 -3.75905216e-01 1.42979980e-01 -2.52627730e-01
    -1.32462382e-02 -5.44633150e-01 3.84728849e-01 -1.06980205e-02
    -1.12538040e-01 -1.76750362e-01 -3.39738309e-01 -5.36116004e-01
    -2.69753754e-01 4.22291756e-01 -1.75188601e-01 3.37405622e-01
    2.51412690e-01 -4.86921132e-01 -3.85155439e-01 3.43783438e-01
    -3.89044523e-01 2.07271934e-01 -3.28488767e-01 -4.83981311e-01
    -3.30972344e-01 -2.68551409e-01 -1.32912636e-01 -2.69417763e-01
    -5.46674967e-01 4.17708635e-01 -5.56378484e-01 -4.42255855e-01
    -1.74084216e-01 -1.98121727e-01 1.69779718e-01 -5.55344820e-01
    3.16442549e-01 1.77759945e-01 1.98145747e-01 -2.77129054e-01
    -4.33752537e-01 -4.61984843e-01 1.55810118e-01 1.88336074e-01
    6.35619164e-02 3.62393856e-01 -3.17180753e-01 3.54097128e-01
    -2.65439153e-02 -1.10361159e-01 -3.61774266e-01 -4.28301096e-03
    2.22552419e-02 1.33906722e-01 3.19145918e-02 4.03519511e-01
    -5.06861866e-01 4.26042557e-01 2.83835471e-01 -5.54288149e-01
    -1.35969251e-01 -6.81388974e-02 -7.20062256e-02 2.79447496e-01
    2.77654231e-01 2.73501873e-01 2.73214042e-01 -3.91604096e-01
    -4.99444664e-01 1.90439820e-01 -2.15789676e-02 2.03974783e-01
    -1.06790036e-01 6.05196357e-02 -1.29802674e-01 4.06186223e-01
    5.83228469e-02 4.59706187e-01 -3.76793653e-01 1.52220964e-01
    -3.80077034e-01 2.29398847e-01 -2.63237178e-01 3.56124043e-02
    -4.17967469e-01 -2.21669644e-01 3.94131780e-01 -1.68253243e-01
    -3.36261928e-01 -2.35839844e-01 -2.12648988e-01 -1.48604304e-01
    1.82980359e-01 2.57238448e-01 6.34059906e-02 -2.73817837e-01
    -1.23570204e-01 3.31066608e-01 2.08674073e-01 -3.22643369e-01
    -3.72150570e-01 -5.20937443e-02 -5.02254188e-01 -3.32328260e-01
    -5.26469231e-01 2.04051733e-02 1.82860196e-01 -1.74068511e-01
    3.19793165e-01 -5.08116961e-01 2.66216516e-01 -4.08578575e-01
    1.79469228e-01 -1.93780601e-01 1.79573715e-01 1.76377892e-02
    3.85839164e-01 2.42164969e-01 2.29093134e-01 -4.96546715e-01
    -1.12361878e-01 -5.84648848e-02 3.64962816e-01 -4.29653347e-01
    -1.64843500e-01 4.13026929e-01 2.76495159e-01 1.36257172e-01
    3.84321868e-01 -4.37128961e-01 2.42145658e-01 -1.07152045e-01
    2.48943508e-01 5.58751822e-03 2.26445317e-01 -2.95839787e-01
    -2.04489350e-01 3.64023745e-01 -4.96188432e-01 -5.29605865e-01
    3.57933402e-01 -9.88134742e-02 -2.93659925e-01 -3.67149115e-02
    -6.34298027e-02 6.88701272e-02 7.21968412e-02 -5.27281225e-01
    2.85594821e-01 1.36997938e-01 3.01999450e-01 -3.57851326e-01
    -9.50478613e-02 -1.65790081e-01 -5.19343913e-02 -4.44618255e-01
    -1.05097950e-01 -4.14967775e-01 6.69687986e-03 -1.66172832e-01
    3.33541572e-01 -2.30733156e-01 -3.47084105e-01 -2.51949489e-01
    3.73861730e-01 -5.05493283e-01 -6.13818765e-02 -1.42614633e-01
    2.72883832e-01 -3.97040039e-01 -1.83152378e-01 -4.91528511e-02
    3.54214787e-01 -3.13630491e-01 -1.71676934e-01 3.49770010e-01
    2.27786899e-02 -2.92672604e-01 -4.69425023e-01 2.23572195e-01
    7.08115101e-02 -3.75366092e-01 -4.91995513e-01 -4.39852208e-01
    -2.37667084e-01 9.86677408e-02 -1.80594414e-01 -4.85279024e-01
    -3.05309355e-01 9.75664258e-02 8.44246149e-03 -1.20192170e-02
    4.07947600e-01 -1.86452866e-02 4.75547910e-02 -1.66184217e-01
    -8.94730985e-02 -5.19615889e-01 -1.78563207e-01 -4.45743114e-01
    -2.11423159e-01 -4.19198066e-01 2.76188195e-01 -1.86649382e-01
    -1.32151812e-01 -3.68847907e-01 -3.45033109e-01 1.75058007e-01
    -4.42277819e-01 1.96895659e-01 -4.90725547e-01 3.76980543e-01
    2.68650532e-01 2.26184368e-01 2.75072932e-01 2.28703320e-01
    1.81986630e-01 9.39317346e-02 -3.44014078e-01 -8.19693208e-02
    2.80836046e-01 -4.58360940e-01 1.48875773e-01 1.73149228e-01
    -3.32995206e-01 1.68958426e-01 3.70428085e-01 -3.86886626e-01
    -1.18334353e-01 -1.42362714e-01 2.28977203e-03 -4.26871091e-01
    -3.20286304e-01 -1.42496079e-01 -4.73724127e-01 -2.76065350e-01
    -1.45481914e-01 3.58963609e-01 -1.17481261e-01 -4.33339953e-01
    4.46272969e-01 8.19578767e-02 3.06962669e-01 -2.59016752e-01
    -5.39110184e-01 -5.32252669e-01 -5.36810160e-01 -5.22436976e-01
    -2.41400838e-01 -3.65905792e-01 -3.80238920e-01 1.84627771e-02
    -3.74091983e-01 7.25234747e-02 9.00561810e-02 -3.16806436e-02
    -5.38578093e-01 3.12050164e-01 -5.68553805e-02 3.40383410e-01
    4.06462848e-01 -1.13708258e-01 2.00054467e-01 -2.51657188e-01
    -2.10017979e-01 -3.39172006e-01 -4.56001937e-01 2.28739440e-01
    -5.21188736e-01 9.78307128e-02 -1.32370353e-01 -1.13545388e-01
    2.29465961e-01 3.04173172e-01 -4.41397548e-01 -4.79342341e-02
    -2.61406153e-01 1.07601881e-01 -1.19689494e-01 2.52200961e-01
    3.75831068e-01 -3.23210180e-01 2.43127823e-01 -1.22826934e-01
    2.62685359e-01 -2.33300805e-01 -1.05671376e-01 3.90120149e-01
    3.13539505e-02 -5.35870194e-01 -5.08970797e-01 -3.26949030e-01
    -3.70261133e-01 2.84110308e-01 2.56125212e-01 3.27328444e-01
    1.04801297e-01 3.58345389e-01 -1.45824224e-01 1.52335227e-01
    -3.33743811e-01 4.07248735e-03 -4.45509136e-01 2.06162155e-01
    -2.03096539e-01 8.68713260e-02 -3.11423182e-01 4.34196830e-01
    -2.71859318e-01 4.28277910e-01 3.76924157e-01 -5.50673008e-01
    -2.76987791e-01 1.74955964e-01 -3.53741348e-01 1.01656258e-01
    -1.38960600e-01 -3.64532560e-01 2.69287229e-01 2.00618029e-01
    4.01016474e-01 -4.43742692e-01 -2.23875910e-01 1.59523070e-01
    4.10995603e-01 -2.22368181e-01 -4.53306168e-01 -8.22267532e-02
    -2.08232582e-01 -4.61466789e-01 3.71713936e-01 5.43192029e-02
    -4.79979545e-01 -5.34509659e-01 3.28338563e-01 3.86669040e-01
    -3.61419857e-01 -1.53062969e-01 3.16378772e-01 -2.41264105e-02
    -2.62756795e-01 -5.19122481e-01 -9.58008170e-02 -2.22733885e-01
    -4.97276992e-01 -3.36709529e-01 -8.27676058e-03 -2.49405384e-01
    -2.79499590e-01 -4.53021497e-01 3.67305279e-01 1.72838569e-01
    2.83093572e-01 1.62243009e-01 3.20045948e-01 -1.57404363e-01
    3.46412659e-02 -1.50834918e-02 -2.37985402e-01 -1.51143759e-01
    3.66018116e-01 -5.22316813e-01 -3.84807944e-01 6.87060356e-02
    -2.20920801e-01 -2.28807896e-01 -2.92617083e-03 -4.12500441e-01
    8.06981325e-03 -3.90577883e-01 -3.36545467e-01 -2.60306060e-01
    -2.26626039e-01 -2.64677495e-01 3.98078084e-01 -2.72188246e-01
    2.31054425e-01 -4.63543206e-01 8.09998512e-02 2.01823056e-01
    -2.76607305e-01 -3.61120552e-01 -5.12852609e-01 -4.18283850e-01
    -2.07307816e-01 3.47748339e-01 -2.27618217e-02 -2.81792879e-02
    -4.71218973e-01 2.74813771e-01 7.56329894e-02 -2.36588687e-01
    3.15723658e-01 -5.45628428e-01 -3.32629770e-01 3.52701962e-01
    1.25838399e-01 3.34768057e-01 1.01783454e-01 -3.93236309e-01
    2.24543452e-01 9.49010849e-02 -5.39249420e-01 1.89655423e-02
    1.77271128e-01 -5.11896610e-03 2.14226246e-02 1.16510987e-01
    -1.48268580e-01 -2.79297233e-02 1.76323056e-01 -4.12910521e-01
    3.06490064e-02 -2.13142693e-01 1.23894215e-02 1.39266968e-01
    1.92744195e-01 -1.46517187e-01 -4.37525958e-01 -1.08796358e-02
    -2.55386531e-01 -2.93226182e-01 3.37026238e-01 -1.12158328e-01
    3.72502744e-01 -1.81501508e-02 4.06463981e-01 -2.95170039e-01
    -3.35814536e-01 2.22277582e-01 -4.06814307e-01 -3.62098068e-01
    -5.06331980e-01 3.74894679e-01 -2.19508827e-01 -3.72409344e-01
    1.18319511e-01 -3.96889687e-01 -4.33209866e-01 2.61858881e-01
    -5.03950953e-01 -2.54107833e-01 -4.58618760e-01 -7.72636533e-02
    2.68447816e-01 4.47481275e-02 -1.38240904e-01 1.45394802e-02
    1.33326054e-02 3.17049026e-02 -2.46916413e-02 -4.80134010e-01
    2.50194728e-01 3.04899693e-01 -4.77977931e-01 -7.26105571e-02
    -4.73504663e-02 1.93174481e-01 4.40492034e-02 -2.55772322e-01
    2.79968262e-01 -5.55492222e-01 2.95362055e-01 -1.36633754e-01
    -4.23492491e-01 -1.40713841e-01 8.95282626e-02 -2.13981092e-01
    1.10263646e-01 -4.63545293e-01 3.87296736e-01 -5.66534519e-01
    8.98038745e-02 1.79544389e-01 -3.80362302e-01 4.33023572e-02
    1.19090319e-01 1.73122883e-02 3.01250041e-01 2.77255595e-01
    -4.54053670e-01 -3.68606269e-01 3.69848728e-01 -2.77316868e-01
    -1.57445371e-01 3.36100340e-01 1.08181536e-01 1.48562789e-01
    -1.24215037e-01 3.93378794e-01 -3.33085418e-01 1.84709907e-01
    -2.11836636e-01 -3.62816870e-01 1.63051069e-01 -1.23729706e-01
    -8.48065317e-02 -2.04647839e-01 -2.63580203e-01 -5.21989763e-02
    2.89789379e-01 1.45437121e-02 -3.30755144e-01 -8.36334527e-02
    -2.99625993e-01 1.98867679e-01 -8.96809995e-02 -3.03449899e-01
    3.89105678e-02 -3.76777649e-02 6.14733100e-02 2.84339786e-01
    1.03935301e-01 2.13337541e-02 -1.28510386e-01 1.88527286e-01
    -3.48617017e-01 4.14828360e-01 6.45930767e-02 6.68105483e-02
    4.53021526e-02 1.52587831e-01 4.23899591e-01 -1.10849321e-01
    -3.39154571e-01 3.80266607e-01 -3.36512566e-01 -2.53024638e-01
    3.55102241e-01 -4.65331048e-01 -3.88997525e-01 1.05418324e-01
    -2.08113998e-01 2.61049747e-01 -3.20297360e-01 -2.85926580e-01
    -2.47610748e-01 4.49047089e-02 1.99637830e-01 1.29047036e-02
    -4.53477293e-01 3.82638574e-02 -8.29478502e-02 -4.52602625e-01
    1.14162326e-01 -2.21591055e-01 3.41928959e-01 -5.58380246e-01
    -1.78256422e-01 -6.51115775e-02 -1.06728077e-02 -2.68949270e-01
    4.18844581e-01 2.26358116e-01 2.01450288e-01 -1.61876649e-01
    3.23755026e-01 -1.28631234e-01 2.12296546e-01 -5.12393594e-01
    -5.28486490e-01 2.12346792e-01 -3.97502184e-02 -5.08645177e-01
    1.55497968e-01 2.15774179e-02 -4.49465513e-02 -4.90870267e-01
    -2.68246412e-01 2.42257774e-01 -2.53135502e-01 -3.30610454e-01
    2.99887717e-01 -3.30443978e-02 2.45025158e-02 3.63701701e-01
    -4.43025768e-01 -5.04225492e-02 -3.88891160e-01 -4.99967545e-01
    3.75625372e-01 -2.45077819e-01 1.34018660e-01 1.54964924e-01
    3.98218811e-01 4.21267509e-01 -3.27116668e-01 -1.90896809e-01
    7.82274008e-02 -2.50714988e-01 -2.48879075e-01 7.81768560e-03
    2.44565606e-02 -2.15247691e-01 -1.71095192e-01 2.23691642e-01
    4.61792588e-01 2.73256302e-01 3.06230366e-01 2.63956606e-01
    -5.09008527e-01 3.47153842e-01 1.69509649e-01 -1.95054412e-02
    -3.88694048e-01 -5.11641920e-01 -5.39793968e-01 2.34575808e-01
    4.27480876e-01 -8.55731964e-03 3.51780057e-02 3.63348901e-01
    -1.85913384e-01 -2.96737313e-01 -5.04904091e-01 -4.74385381e-01
    8.82853270e-02 4.18533087e-02 -2.77670026e-01 -9.88326073e-02
    6.55755997e-02 1.08662009e-01 2.07847953e-02 3.91930223e-01
    3.06751907e-01 6.80241585e-02 -8.59933197e-02 -1.97893977e-01
    2.24587023e-01 -1.48609281e-02 5.05805016e-02 -3.36373061e-01
    3.82824004e-01 -1.10430032e-01 -3.58821750e-01 2.90869713e-01
    2.51627922e-01 -1.67296112e-01 -1.68778956e-01 4.52423692e-01
    -2.44838566e-01 -1.85267031e-01 1.13836110e-01 -1.91188991e-01
    7.01872110e-02 2.00524807e-01 -2.20125049e-01 -4.21846151e-01
    -1.82390839e-01 4.09032345e-01 2.26160049e-01 2.30777323e-01
    3.46418202e-01 -5.49393415e-01 -5.20734787e-01 -3.96913171e-01
    -4.42830652e-01 2.67195821e-01 -7.94028342e-02 1.53093517e-01
    4.41665590e-01 2.35201120e-01 -5.28285980e-01 3.32880318e-01
    -2.41033912e-01 -1.20852143e-01 -4.76104677e-01 3.67846131e-01
    -2.46880114e-01 -4.06918973e-01 3.20427656e-01 4.88405824e-02
    -6.06966019e-03 -2.05445647e-01 -3.11923563e-01 -1.28530949e-01
    -2.41906971e-01 2.27778435e-01 -2.00013518e-02 -2.64215469e-03
    -2.01184988e-01 -1.63091958e-01 1.74731731e-01 3.50438356e-02
    -3.82148772e-01 -2.18308330e-01 -1.72737390e-01 2.62708068e-02
    5.85174561e-02 3.79386604e-01 -1.22315884e-02 -1.14979386e-01
    -3.99678379e-01 1.32666826e-01 2.97993004e-01 -3.80664170e-02
    -3.85659158e-01 4.24034774e-01 -4.78864819e-01 4.70561981e-01
    -7.67939091e-02 7.26753473e-02 -3.04683059e-01 -6.80452585e-02
    -5.01917362e-01 -1.72783792e-01 1.72234774e-01 -3.46790493e-01
    -2.74215192e-01 4.05767620e-01 2.82222033e-01 2.98382699e-01
    -7.31194019e-02 -1.37909472e-01 -1.37768328e-01 -3.65903884e-01
    4.37745035e-01 -3.28769684e-01 -4.92140532e-01 1.50628686e-01
    -5.34996152e-01 -6.76373839e-02 3.96730781e-01 -1.93292320e-01
    -1.64552867e-01 7.54227638e-02 -4.13839579e-01 -2.22369909e-01
    1.67087734e-01 -4.60369587e-02 4.02322769e-01 1.39854252e-01
    7.39579797e-02 3.52934480e-01 -3.22451323e-01 4.29257214e-01
    -5.36764860e-02 -5.06060123e-02 -3.39552999e-01 2.27451503e-01
    -4.97569442e-02 2.88211644e-01 -2.96848744e-01 9.47773457e-03
    -2.89618969e-01 -5.21102667e-01 -3.26639414e-02 2.63740003e-01
    -2.22844988e-01 -3.74390662e-01 -3.46370697e-01 -2.73612857e-01
    -3.54588240e-01 4.11996424e-01 -2.39009470e-01 -4.64311868e-01
    1.44212842e-02 1.60555005e-01 -7.27295876e-03 -1.80063367e-01
    8.13744664e-02 -9.97025669e-02 3.79478574e-01 1.82761490e-01
    -5.59326410e-02 -2.32493311e-01 -5.52938759e-01 1.29059613e-01
    -2.27717936e-01 -5.62785983e-01 -3.88973057e-01 2.16728449e-03
    5.81046939e-02 -4.92355913e-01 8.59415531e-03 -3.29425514e-01
    7.27671385e-02 -1.63347572e-01 -4.82811600e-01 -4.42614764e-01
    3.88428867e-01 -1.42711580e-01 1.06367826e-01 -3.69141102e-01
    -4.47799891e-01 -1.36958778e-01 1.10245109e-01 4.32925105e-01
    -5.65447509e-01 -4.63154912e-02 -5.60275912e-01 -1.22008473e-01
    -5.20772338e-01 -3.49369049e-02 2.48706400e-01 3.65896821e-02
    -1.12056762e-01 3.24613631e-01 1.36953354e-01 -1.25944406e-01
    -4.42090273e-01 4.17433143e-01 -3.73457074e-02 -3.85942936e-01
    -4.43006933e-01 2.76159346e-01 -2.31035948e-02 1.33353889e-01
    -3.78894210e-02 -3.94624531e-01 -8.72121155e-02 3.08484197e-01
    9.99073386e-02 4.97493148e-02 3.40969265e-01 -4.52553242e-01
    1.70232773e-01 -5.45108855e-01 4.17353749e-01 -5.12463093e-01
    -1.61495656e-01 4.10467386e-02 4.11173940e-01 2.38433897e-01
    -5.22739887e-01 2.08407342e-01 -1.73390865e-01 6.75056577e-02
    1.97454691e-02 7.67171383e-04 2.84534574e-01 -4.49585497e-01
    2.53148675e-01 -3.49601507e-02 -4.79926109e-01 4.04339075e-01
    -1.73441887e-01 -4.08935249e-01 -1.05359584e-01 -9.63336229e-03
    9.79201198e-02 -5.09971857e-01 3.92195761e-01 2.22089887e-01
    8.69919062e-02 2.17936635e-02 -3.20119679e-01 3.02435756e-01
    -3.24794531e-01 3.01661611e-01 -6.35299385e-02 -3.12515199e-01
    2.34348118e-01 3.74681175e-01 1.90673292e-01 -1.76986009e-01
    -2.12945521e-01 -2.24840164e-01 -1.11219376e-01 -6.58620596e-02
    1.16463304e-02 -1.15757555e-01 -7.96227455e-02 1.67774379e-01
    2.28249311e-01 -2.07646132e-01 -7.52666593e-02 2.86698341e-02
    -3.34626466e-01 9.27692652e-02 -2.78410256e-01 -1.56937838e-02
    2.19712555e-01 -1.03243649e-01 -3.64811301e-01 2.11112618e-01
    -2.84522533e-01 -4.96769547e-01 -9.60060656e-02 3.51383507e-01
    1.00863993e-01 2.63289988e-01 3.27165842e-01 -1.61515683e-01
    -9.74639952e-02 -1.43593192e-01 1.05257690e-01 -2.49778718e-01
    -6.80940449e-02 -4.82753605e-01 9.79904532e-02 9.72328782e-02
    5.07434607e-02 1.66458249e-01 -4.06000376e-01 -2.78334022e-02
    -3.50170344e-01 -2.55296528e-01 -3.44964057e-01 9.50803757e-02
    -5.20101190e-02 -2.69382596e-02 4.16482627e-01 4.49737132e-01
    -2.47813046e-01 1.45490110e-01 4.25339758e-01 1.78485215e-01
    3.04248810e-01 -2.78520167e-01 -3.09924126e-01 1.70377553e-01
    1.37959599e-01 4.01332557e-01 -5.18817961e-01 2.95625746e-01
    2.20020652e-01 3.80334318e-01 -2.79958248e-02 -5.10936260e-01
    1.16990209e-01 -4.90181297e-01 -3.88974547e-02 -2.73886323e-01
    -4.25027907e-02 4.26208019e-01 9.68443751e-02 -3.82983625e-01
    1.35970354e-01 -1.14165902e-01 -3.98522407e-01 -8.30803216e-02
    -2.88100213e-01 4.13344085e-01 -3.62966359e-01 2.24684536e-01
    6.21813536e-02 -3.26172858e-01 -5.49823046e-03 -1.32463604e-01
    4.59233820e-01 4.10153866e-02 -1.28725469e-01 -6.29246235e-03
    -3.56772780e-01 -1.87011600e-01 -2.71230996e-01 1.22532606e-01
    -4.89391446e-01 1.86087966e-01 1.02679908e-01 -7.79721141e-02
    1.74685299e-01 -4.29418981e-01 3.94531548e-01 4.36469316e-01
    -4.68359798e-01 5.80085516e-02 2.41114795e-01 -5.14002502e-01
    1.13599479e-01 -1.74257815e-01 3.81717682e-02 -8.86335373e-02
    4.10713434e-01 9.84823704e-03 -1.82864666e-02 2.85249352e-02
    2.79394209e-01 -7.04154968e-02 -4.85882133e-01 3.90589297e-01
    -4.73639876e-01 -4.50748205e-01 3.51257145e-01 2.66838491e-01
    -9.95601118e-02 3.14189792e-01 4.35218573e-01 -4.85568017e-01
    -7.72048235e-02 -3.38428020e-01 -5.22429347e-02 -3.44715029e-01
    -4.48419601e-01 6.78098798e-02 1.24092519e-01 2.44863093e-01
    -5.25294900e-01 -1.70237064e-01 3.06202769e-02 -3.37514341e-01
    2.31622577e-01 -1.15249455e-01 -1.84906423e-01 -3.14210176e-01
    -4.54269052e-02 2.24899113e-01 -3.74655098e-01 -4.42917943e-01
    -7.29393661e-02 -2.60455072e-01 -8.09937716e-03 1.63428843e-01
    -4.40021187e-01 -3.54095608e-01 -2.91494280e-01 -3.97733629e-01
    1.93679392e-01 -1.72729611e-01 2.76469588e-01 1.84599817e-01
    -7.54621029e-02 -4.11650568e-01 3.78162622e-01 -5.53980112e-01
    1.65389776e-02 -4.19765413e-01 2.30623543e-01 -2.98585325e-01
    1.45319641e-01 -2.36776292e-01 3.08466315e-01 -3.79511476e-01
    3.99975717e-01 -3.09720039e-01 -1.48353636e-01 1.29711032e-01
    -1.11506701e-01 -1.56725317e-01 -2.57088959e-01 1.17851257e-01
    3.18161488e-01 6.75622225e-02 -4.92301852e-01 -4.68411237e-01
    -3.96357059e-01 -2.74396688e-01 2.83874810e-01 -8.83538127e-02
    -4.65103805e-01 -4.26052213e-02 -1.38900101e-01 -3.96755695e-01
    -5.53264022e-01 -1.44168019e-01 -2.00423032e-01 8.10752511e-02
    -7.57851899e-02 -1.41656995e-02 -3.36223125e-01 1.46628022e-01
    2.14401126e-01 3.86832833e-01 -4.88893390e-02 -2.81601965e-01
    7.54382014e-02 -2.13663191e-01 -4.18452024e-02 -1.38934523e-01
    -5.71104884e-01 -4.96542692e-01 -3.70478213e-01 2.15788841e-01
    6.08509779e-03 2.03933477e-01 -1.20800972e-01 -3.90856177e-01
    1.94127977e-01 1.09399676e-01 2.02420533e-01 -1.97278678e-01
    -4.90834117e-01 -1.72767401e-01 -2.71577060e-01 -5.23312509e-01
    -4.13169563e-01 3.95692110e-01 5.74341416e-02 -7.32115507e-02
    1.92314029e-01 -9.16197896e-02 -2.38834679e-01 -3.38720441e-01
    2.04560876e-01 -2.17292577e-01 1.53398454e-01 2.97225952e-01
    3.74209285e-02 -3.94458354e-01 3.26309800e-01 -2.47481823e-01
    -7.26626813e-02 -8.93833339e-02 2.22076416e-01 3.03453565e-01
    3.44256938e-01 -1.47696733e-02 -4.95826572e-01 1.61724329e-01
    -2.17834026e-01 -3.79485250e-01 1.98922515e-01 -1.44344568e-02
    -4.61057425e-02 3.64509881e-01 -4.46260184e-01 2.25090802e-01
    -2.47393489e-01 1.67518437e-01 1.52525961e-01 2.73267984e-01
    2.79048085e-01 1.15421593e-01 -4.93975490e-01 -7.84617662e-02
    1.13495469e-01 -3.35036337e-01 1.45956814e-01 -5.04270971e-01
    -1.11999333e-01 -2.92263150e-01 3.61595929e-01 -3.31585556e-01
    2.16393650e-01 -1.90411150e-01 7.85864592e-02 -1.04001015e-01
    1.44336045e-01 -1.49793088e-01 -3.53092849e-01 3.63690674e-01
    -1.39054745e-01 -1.92518175e-01 -9.78832245e-02 4.43759859e-01
    -2.63132453e-01 -1.92503095e-01 -2.75514364e-01 -8.85369778e-02
    3.01093817e-01 2.10775733e-02 -4.63403046e-01 1.05097830e-01
    -1.86864555e-01 -1.52099133e-02 -4.23035622e-02 -4.91217852e-01
    -5.23623586e-01 -3.86412382e-01 1.23622417e-02 -1.37009501e-01
    8.65046978e-02 1.02457404e-02 3.92938673e-01 -1.12270653e-01
    -3.67759734e-01 -1.75059885e-01 -4.71168607e-01 -4.54991609e-01
    3.61858666e-01 -4.31170106e-01 2.43796527e-01 1.71888471e-02
    2.36662030e-02 -1.61191225e-02 -3.81933451e-01 4.14031625e-01
    2.63613343e-01 -4.47094709e-01 8.06397200e-02 5.79679012e-02
    3.25311422e-01 -2.18841642e-01 5.30191660e-02 -1.65258020e-01
    -4.50197667e-01 -3.33273441e-01 2.54156649e-01 8.38198662e-02
    6.01040125e-02 -4.61014360e-01 2.88343906e-01 -1.04487389e-01
    -2.95834810e-01 -3.44491482e-01 -2.95885831e-01 -5.86285889e-02
    5.31737804e-02 -2.90389478e-01 5.80831766e-02 -8.59739184e-02
    -2.36425757e-01 4.00577426e-01 -2.66432792e-01 -4.01318669e-02
    -1.42790675e-02 2.56078124e-01 2.00764418e-01 -9.72740352e-02
    -5.49494624e-02 8.19643140e-02 3.10058832e-01 -2.66105711e-01
    -3.16155285e-01 -3.43582988e-01 -3.90519440e-01 -1.60823256e-01
    -2.23860681e-01 -3.72100174e-01 1.78165019e-01 -2.59189129e-01
    -2.98254728e-01 4.31555033e-01 -1.57457143e-01 2.30237603e-01
    -2.17969775e-01 -3.10433000e-01 4.43618894e-01 -2.19927609e-01
    -3.23266447e-01 9.92389917e-02 -7.10965991e-02 -1.92717850e-01
    8.45772028e-02 3.28051627e-01 1.49300098e-02 -2.04301178e-01
    2.89957047e-01 -8.17030966e-02 9.05255079e-02 2.26896405e-02
    2.14340568e-01 1.01903379e-01 -5.61268330e-01 -1.74106985e-01
    3.22509587e-01 -5.82990050e-02 2.08487093e-01 3.40713680e-01
    -4.82489020e-01 3.93969297e-01 -2.02729344e-01 -5.57075024e-01
    3.68852079e-01 3.80793869e-01 -1.31647706e-01 -4.11149889e-01
    1.82238162e-01 -1.84172153e-01 4.09986377e-01 -2.75261045e-01
    -2.91202098e-01 -3.79737198e-01 -5.00501037e-01 4.11531389e-01
    -2.16372222e-01 -5.37246466e-01 -3.92623574e-01 -3.92155319e-01
    3.10573220e-01 -3.63096237e-01 1.18722081e-01 -3.51520479e-02
    1.33617103e-01 -4.15967196e-01 -4.35650557e-01 -1.31093591e-01
    3.50148201e-01 2.58733034e-01 -1.81095481e-01 3.43322933e-01
    -3.49653214e-01 4.04053926e-03 2.57216096e-02 1.00856066e-01
    1.31637096e-01 -2.78916955e-02 1.86109304e-01 -2.46708721e-01
    -1.87296689e-01 -2.47879684e-01 -3.86159122e-01 1.06884003e-01
    4.33014452e-01 -1.56329870e-02 -4.48043466e-01 8.42729807e-02
    1.03766680e-01 -8.38935077e-02 -2.66713649e-01 2.96021581e-01
    -9.39491391e-02 2.96070278e-01 -1.36832446e-01 -2.05366403e-01
    1.81690633e-01 -5.19448340e-01 5.87990284e-02 2.62972057e-01
    4.44734097e-03 -1.82672799e-01 -2.41132408e-01 3.47268939e-01
    -1.11210465e-01 6.09910488e-03 -2.64993906e-02 3.61121118e-01
    3.34891260e-01 1.37297750e-01 3.09535742e-01 -4.69934344e-02
    -2.18466282e-01 2.30222642e-01 -7.77992606e-02 -4.00555402e-01
    1.33559883e-01 -7.38980174e-02 -5.19923866e-01 -4.74272162e-01
    -2.49907970e-01 -1.84121817e-01 -2.93633163e-01 4.28341627e-01
    -4.65041250e-01 3.24883759e-01 -5.24509847e-01 -2.65723109e-01
    -3.05061966e-01 -8.32937956e-02 4.46201444e-01 3.16142976e-01
    -2.02293426e-01 -4.13636565e-02 1.88377261e-01 -2.61165202e-01
    -3.67080212e-01 -2.41859108e-01 8.89173746e-02 3.66433442e-01
    -3.75637323e-01 2.24018693e-01 4.01454449e-01 1.05670273e-01
    2.79437840e-01 -2.56259173e-01 -8.37685466e-02 -9.41444933e-02
    4.53950644e-01 -2.14112401e-01 1.81914091e-01 9.94343162e-02
    -4.65224385e-02 4.47668254e-01 -1.84827805e-01 -1.22907579e-01
    -5.34738481e-01 7.41550326e-02 -3.24852228e-01 1.84262931e-01
    2.64553308e-01 2.59697378e-01 -2.48811662e-01 -2.82469273e-01
    -1.42241716e-02 1.49051487e-01 -3.72056901e-01 4.98539209e-02
    2.15877771e-01 2.52581000e-01 3.94885719e-01 2.23606348e-01
    -2.23681033e-01 -2.13532746e-01 -7.58849680e-02 -1.28105432e-01
    -3.18711042e-01 -5.42972922e-01 1.56802058e-01 7.12456107e-02
    -3.80713701e-01 3.60723615e-01 3.51031601e-01 -4.41442639e-01
    3.18384171e-03 2.40211666e-01 -2.04405487e-01 4.78311777e-02
    1.49838567e-01 -1.30432218e-01 -2.71446288e-01 -2.07655698e-01
    -2.87071973e-01 3.28527510e-01 4.41056013e-01 -4.77863342e-01
    -2.38368511e-01 2.12614596e-01 -1.41446710e-01 3.99722636e-01
    3.57549131e-01 -1.24575168e-01 -2.97491789e-01 -7.05773532e-02
    -2.00348318e-01 -1.33066922e-01 -8.41408372e-02 -5.83453774e-02
    -1.59177780e-01 -1.36670589e-01 -2.45468080e-01 -1.74415827e-01
    -2.19151199e-01 -2.91382015e-01 -4.56045985e-01 -2.49102086e-01
    3.35138500e-01 3.92022312e-01 -4.37147588e-01 -4.08443600e-01
    1.57557011e-01 -2.58774608e-01 -3.84416580e-01 3.93519878e-01
    3.63594294e-01 4.08877254e-01 -9.60414410e-02 -1.34759963e-01
    8.39473605e-02 3.93173933e-01 -9.47416127e-02 -1.32098615e-01
    -5.07982969e-01 -5.05942822e-01 3.42153013e-01 -3.91543299e-01
    1.53330982e-01 -1.87788844e-01 -1.50585175e-03 3.14158320e-01
    2.33320594e-01 -3.26558948e-02 2.83803999e-01 7.86710978e-02
    -2.70882607e-01 -5.65933287e-02 4.54137743e-01 -3.99788469e-01
    -3.12103331e-01 -3.89681756e-02 3.60959053e-01 3.94844413e-02
    1.89366043e-01 -4.34474349e-01 8.09140801e-02 4.49934006e-01
    -3.52366775e-01 -4.09090132e-01 -1.77815557e-01 1.84319854e-01
    -1.44982845e-01 -4.67927843e-01 -4.72005099e-01 4.57914829e-01
    2.61972785e-01 1.33951187e-01 -5.37085533e-02 -6.07066154e-02
    3.66212368e-01 -5.09222746e-02 5.44636250e-02 -7.52184093e-02
    1.63110197e-01 -3.89353126e-01 2.59266734e-01 -4.30344343e-01
    1.30439460e-01 -3.89848113e-01 3.70476186e-01 -4.78039920e-01
    2.16755569e-01 3.89159620e-01 -4.10212755e-01 -3.98171842e-01
    2.33454823e-01 2.95316577e-01 2.63119817e-01 -2.39061654e-01
    4.24242437e-01 -5.66893816e-01 -1.98603123e-01 3.67048204e-01
    -4.41287130e-01 1.13514721e-01 3.42712581e-01 -1.31522477e-01
    1.77319825e-01 7.53013492e-02 2.42582321e-01 -1.92244262e-01
    1.37713969e-01 4.01633203e-01 -4.30910468e-01 2.55455852e-01
    -3.18210125e-02 -1.92365348e-01 3.08923721e-02 -3.36031258e-01
    -5.14874995e-01 4.35139298e-01 -3.13842297e-01 -1.35017961e-01
    3.64599824e-02 2.91511953e-01 -5.17672539e-01 -2.88710684e-01
    1.87619686e-01 -3.38257730e-01 -4.59586978e-02 -2.88457692e-01
    2.22635269e-03 1.94098949e-02 7.07838535e-02 -2.51963735e-01
    7.20638037e-02 -2.65413105e-01 -3.33372056e-01 -1.75643444e-01
    1.61548495e-01 -4.68545556e-02 4.26846981e-01 -2.53275633e-02
    4.28100288e-01 -4.82389450e-01 1.80685699e-01 -2.88770914e-01
    -1.22538298e-01 -1.49705172e-01 -9.17593539e-02 2.17337906e-01
    -3.48662645e-01 7.86004663e-02 2.81320035e-01 7.05875158e-02
    3.51079822e-01 -5.39095759e-01 -5.20139337e-01 -5.16597033e-02
    2.23927498e-02 -3.15307677e-01 3.81496072e-01 -4.14453954e-01
    -5.21736503e-01 -1.99409664e-01 1.37750030e-01 -4.68322664e-01
    1.63430393e-01 -1.29438996e-01 3.40011358e-01 3.71780396e-01
    2.85909116e-01 -4.90704685e-01 -1.88361645e-01 3.02074492e-01
    2.64625311e-01 -9.75131989e-04 2.24495173e-01 -3.17108840e-01
    -4.97828662e-01 -5.95276356e-02 2.26137280e-01 -1.16524190e-01
    -1.55345976e-01 -1.00661516e-02 2.82902598e-01 -3.32273334e-01
    -3.54532599e-02 3.01155508e-01 -4.26006317e-03 3.00871313e-01
    -6.42650425e-02 1.46850467e-01 -2.52343476e-01 -1.60219103e-01
    -2.20349431e-02 -4.45576936e-01 -4.57868934e-01 -4.07445908e-01
    -3.39339346e-01 1.77383125e-01 -4.93903726e-01 2.50493228e-01
    -9.57225859e-02 4.03130293e-01 -2.63210088e-01 3.08390200e-01
    1.18068397e-01 -2.54949570e-01 6.92542195e-02 -5.30357718e-01
    3.06706250e-01 4.40532982e-01 8.90026689e-02 -4.66367036e-01
    -1.59176379e-01 -4.60281849e-01 -4.66689497e-01 -4.80265975e-01
    7.93305039e-02 -4.15615499e-01 -2.45954394e-02 -5.21411479e-01
    4.58462536e-01 3.39499176e-01 -2.22064495e-01 -3.66100371e-01
    4.10041451e-01 2.70810723e-02 -4.05828655e-01 -4.13586169e-01
    -1.95049226e-01 -3.93394083e-01 -1.44035757e-01 3.91951740e-01
    4.05364871e-01 -4.70090121e-01 3.07385087e-01 -1.53615952e-01
    1.30060434e-01 2.24028230e-01 -5.03597617e-01 2.65194774e-02
    -4.10003632e-01 -2.17003137e-01 3.71216178e-01 1.99504673e-01
    -3.35403472e-01 2.49138653e-01 -2.48177946e-01 1.84064925e-01
    -3.16776723e-01 -5.30150473e-01 -3.65088582e-02 -6.22853935e-02
    6.05600476e-02 2.94941962e-01 1.85094833e-01 2.79444516e-01
    6.65201545e-02 -4.70279723e-01 -3.27606469e-01 -2.07989812e-02
    1.04030311e-01 1.46524012e-01 1.50656879e-01 -3.69611144e-01
    -5.29534638e-01 -3.50464642e-01 1.55889511e-01 -2.98416376e-01
    -3.50058675e-01 4.23397005e-01 -1.98086798e-01 -4.04892206e-01
    -1.29901648e-01 -5.10648608e-01 -1.16078138e-01 1.55806124e-01
    -3.83134514e-01 2.78584242e-01 -4.09686416e-01 4.43568170e-01
    3.67763937e-01 3.71396124e-01 8.50841999e-02 8.95102024e-02
    -2.92023778e-01 1.67017519e-01 1.81134462e-01 2.48265862e-01
    -4.42430228e-01 1.88550532e-01 3.43734503e-01 2.15853691e-01
    1.09651387e-01 3.91117871e-01 -5.01453996e-01 -2.15106666e-01
    4.47078943e-02 -2.97300816e-02 -8.79950523e-02 -7.76276588e-02
    3.63152623e-01 3.15661073e-01 -2.10784674e-02 -4.13522184e-01
    -4.89505649e-01 -3.58793974e-01 -1.37848735e-01 3.30493391e-01
    -2.83779263e-01 2.28710949e-01 -5.21853030e-01 6.87835813e-02
    -6.64699078e-03 9.84490514e-02 1.51183128e-01 -5.08680761e-01
    -1.71862185e-01 -7.00339079e-02 -3.58954877e-01 -4.94430423e-01
    -4.46448267e-01 4.88912046e-01 1.60676658e-01 -3.43368381e-01
    -3.84359837e-01 2.94859529e-01 -6.44228756e-02 4.35616374e-01
    -1.88674808e-01 -2.59305775e-01 -2.66917706e-01 -4.72616792e-01
    -3.54222059e-01 -3.73669386e-01 3.77944529e-01 2.83249855e-01
    3.83905411e-01 -3.70145231e-01 -4.79943007e-01 6.03751540e-02
    -4.32082176e-01 3.65165412e-01 2.35468566e-01 4.33073819e-01
    -3.82026613e-01 2.07364321e-01 -5.37183046e-01 -2.17456818e-02
    -1.63119912e-01 3.04331005e-01 -2.13889122e-01 -4.53255236e-01
    -5.11213601e-01 -2.44826734e-01 5.96674681e-02 2.36631393e-01
    -1.82956964e-01 -8.99769962e-02 1.81214273e-01 -2.47594714e-01
    2.54403651e-01 -1.01572007e-01 3.92892778e-01 -4.56777692e-01
    -3.88003260e-01 3.17584991e-01 4.33551669e-02 -3.53459865e-01
    3.34240913e-01 -5.52921951e-01 3.85336637e-01 -2.15800613e-01
    -3.53396505e-01 5.28273582e-02 3.57261300e-01 2.60914028e-01
    -2.21594393e-01 -5.01890600e-01 -4.52647537e-01 -1.66663796e-01
    -2.44888961e-01 2.22873867e-01 2.94197202e-01 3.32754076e-01
    -4.54859048e-01 2.44631410e-01 -8.54693353e-02 4.19601619e-01
    3.72640193e-01 2.14322627e-01 2.31066108e-01 2.35153377e-01
    3.25472057e-01 3.94924700e-01 8.21570158e-02 -2.12496698e-01
    -3.41856867e-01 1.50371909e-01 1.24020934e-01 -1.20914221e-01
    -2.05152869e-01 -3.57916892e-01 -5.40915728e-01 4.01334167e-02
    2.73119271e-01 2.25541770e-01 7.44399428e-02 -3.59343231e-01
    2.81619608e-01 2.58086324e-02 1.66883528e-01 4.34522033e-02
    -3.13734263e-01 1.15228117e-01 3.71696293e-01 -2.79096037e-01
    -3.29874396e-01 -4.21448499e-01 -3.58107567e-01 -2.44470894e-01
    2.13748693e-01 -8.86136293e-02 -3.36977512e-01 1.48558080e-01
    -5.19355536e-01 4.03695703e-02 1.67087674e-01 1.10306859e-01
    -9.40513611e-03 2.35721409e-01 1.71534777e-01 2.97633588e-01
    1.18501723e-01 3.64920735e-01 -5.34989238e-01 2.51009881e-01
    4.03290629e-01 4.00828958e-01 -4.12672728e-01 -9.44902301e-02
    -1.60261393e-01 2.36725748e-01 1.44106209e-01 6.48085475e-02
    -4.47320282e-01 -3.63663763e-01 -3.87632847e-02 -6.39684200e-02
    7.51680732e-02 -9.17452574e-02 -4.82398719e-01 2.09417522e-01
    7.09325075e-03 3.11963379e-01 3.35654497e-01 -2.19537139e-01
    1.49740517e-01 -4.99706894e-01 -3.96040410e-01 -4.98374075e-01
    -2.48889923e-01 -1.41887277e-01 3.34575653e-01 8.40735435e-03
    1.85655236e-01 -8.10304284e-02 1.82662606e-01 2.24340320e-01
    9.02013183e-02 8.91284347e-02 4.32642400e-01 -3.52896988e-01
    -2.54546583e-01 -1.26740575e-01 3.31032872e-01 1.12914860e-01
    3.46417904e-01 -4.41088080e-02 -4.19394404e-01 3.83958519e-01
    -1.73605174e-01 3.05480897e-01 -2.40935028e-01 2.03483820e-01
    -7.11229146e-02 2.37786055e-01 1.21231079e-02 -2.63848543e-01
    2.80191004e-01 -5.35612345e-01 -5.56193471e-01 6.65869713e-02
    1.55649304e-01 -1.62696123e-01 -6.90752268e-03 -1.36051208e-01
    1.24777377e-01 -8.46864283e-02 3.59322309e-01 3.26186419e-01
    -1.65852398e-01 -3.32705498e-01 -1.53033942e-01 2.39185214e-01
    2.70724535e-01 -5.10734081e-01 -2.76196361e-01 1.54279351e-01
    1.46548331e-01 1.35799825e-01 -1.86598688e-01 1.14745259e-01
    -4.76325423e-01 7.34657049e-02 -1.30000710e-02 -1.73893571e-02
    2.79828429e-01 -5.37626982e-01 -3.17928672e-01 1.98506713e-02
    -5.14723063e-02 -4.26872879e-01 1.78763986e-01 3.71747792e-01
    -8.80524218e-02 -4.54802811e-02 3.86882603e-01 -4.67062593e-01
    -3.03043216e-01 -3.31859976e-01 3.83430481e-01 1.53615117e-01
    -2.76070595e-01 -1.29152536e-01 -3.88567120e-01 2.03054667e-01
    3.26507568e-01 9.88124609e-02 3.38068426e-01 3.81617367e-01
    1.45964503e-01 -5.33310413e-01 -3.43338579e-01 2.07506299e-01
    1.02948189e-01 -4.25351411e-01 2.25013137e-01 -1.99716091e-01
    -4.63825107e-01 3.64194274e-01 2.32743084e-01 2.84259796e-01
    -5.33587933e-02 2.56883860e-01 -5.13541579e-01 -4.43359017e-02
    -1.70234382e-01 1.79382384e-01 -3.01293969e-01 1.00716889e-01
    -3.19135129e-01 -1.54134035e-02 -3.07762563e-01 3.15714598e-01
    4.55823720e-01 8.90723467e-02 -4.22186404e-01 -1.81222439e-01
    2.23584771e-02 1.77844226e-01 -3.02629262e-01 -2.95011342e-01
    -3.62268269e-01 -3.14637899e-01 1.39319301e-02 -1.00920677e-01
    4.33283210e-01 2.27260113e-01 -1.65987849e-01 1.06182396e-01
    -4.44680423e-01 -1.40351355e-02 9.08261538e-03 3.96287382e-01
    -9.62238312e-02 4.01912987e-01 -1.97126269e-01 3.55946302e-01
    -3.69676769e-01 2.32997119e-01 -4.99922544e-01 4.56021667e-01
    3.61998677e-01 3.33151221e-02 -1.65565610e-02 -5.50364017e-01
    2.08413541e-01 -3.22723955e-01 -1.30337477e-03 -5.38374543e-01
    2.00317562e-01 -5.37481070e-01 3.82083774e-01 3.54588985e-01
    4.21821713e-01 -1.48936093e-01 -2.77197123e-01 -4.48912174e-01
    -2.98268735e-01 -5.44481456e-01 3.25339735e-01 1.45754337e-01
    -2.78305352e-01 -4.31744456e-02 -2.81531334e-01 -4.83883619e-01
    1.50268972e-01 3.59802842e-02 -2.09133029e-01 -2.16988802e-01
    3.01733613e-02 1.53324246e-01 -5.04907370e-01 -1.34069324e-02
    5.20277023e-03 -2.16163993e-02 4.18508232e-01 -4.26849544e-01
    3.12073231e-01 9.75822210e-02 -7.46026039e-02 1.09565258e-03
    -1.23670191e-01 3.93358171e-01 4.01391447e-01 -4.98690575e-01
    -4.95744586e-01 3.93419266e-02 -1.01217896e-01 -3.43694240e-01
    1.49445415e-01 -5.23973942e-01 -4.11720186e-01 -4.41990674e-01
    -4.65188026e-02 1.18581414e-01 -5.48677325e-01 1.61283076e-01
    2.58761227e-01 2.52576292e-01 -2.59083658e-01 1.40787780e-01
    -3.12569410e-01 -7.73101151e-02 6.35587573e-02 1.67271435e-01
    -4.50871229e-01 -3.60927314e-01 -3.22521329e-02 2.25002050e-01
    3.64784598e-01 -1.87614501e-01 -5.26469946e-02 -3.00437272e-01
    3.19020689e-01 4.19311464e-01 -3.63426208e-02 2.99683392e-01
    2.33918726e-01 -2.91030824e-01 8.91855955e-02 -4.60327893e-01
    -4.62684005e-01 2.66625226e-01 -3.85422796e-01 -1.23402894e-01
    3.40485573e-03 -1.10062987e-01 -1.65934473e-01 -5.09572029e-02
    -8.09336901e-02 -3.73944551e-01 -3.08264494e-01 1.13229632e-01
    -4.60394204e-01 -2.19847381e-01 -9.90779102e-02 3.00748765e-01
    -2.21587360e-01 1.92505181e-01 1.78265631e-01 2.10393846e-01
    3.39217782e-02 9.49619412e-02 -2.52366841e-01 1.63040221e-01
    -2.31150389e-01 1.26827955e-01 -3.26865286e-01 2.59079576e-01
    1.18068159e-01 -3.50551248e-01 -5.36304593e-01 -1.84712231e-01
    4.14176762e-01 2.96766937e-01 2.85839558e-01 1.60314023e-01
    -4.74152744e-01 -5.78023493e-02 1.74590290e-01 -3.80501270e-01
    -2.37355083e-01 -1.42702192e-01 -3.42043400e-01 -2.98451602e-01
    -4.28198814e-01 1.39737964e-01 2.69111216e-01 -9.97112095e-02
    9.78065133e-02 -1.09160662e-01 -5.34149706e-01 4.07776415e-01
    -2.93670356e-01 3.40795994e-01 1.03638947e-01 2.28552222e-01
    6.48227334e-02 -3.16464275e-01 1.85461760e-01 -4.38330084e-01
    5.17358184e-02 -1.44208074e-02 -3.65594804e-01 -3.09351891e-01
    -1.74584270e-01 -4.12536711e-01 -1.05429292e-01 -5.35312295e-01
    -4.76808101e-01 -4.95111555e-01 -2.64354229e-01 2.15905964e-01
    3.13563466e-01 -3.30386400e-01 -1.00435615e-02 -2.25201190e-01
    -4.89339828e-02 1.28534436e-02 -2.94763505e-01 -3.77791494e-01
    -4.48658854e-01 3.94288838e-01 4.22945261e-01 -3.43338013e-01
    -4.65585589e-02 -4.83474702e-01 8.70563984e-02 -1.85806632e-01
    1.80298567e-01 -4.83408332e-01 -4.63628888e-01 -4.66900349e-01
    1.73528790e-01 7.33458996e-03 -2.46453047e-01 -3.91647279e-01
    4.86045480e-02 1.27129138e-01 -3.28938395e-01 -2.03163683e-01
    -3.19907457e-01 7.20038414e-02 1.95959866e-01 4.08946872e-01
    8.61806273e-02 -4.61032718e-01 -2.31712312e-01 -1.84292555e-01
    3.01763475e-01 -1.59852415e-01 2.47929692e-01 4.41386580e-01
    9.84120369e-02 6.73067570e-02 -1.14989519e-01 -8.50103796e-02
    4.14663911e-01 1.37296081e-01 -3.52827698e-01 -2.18207508e-01
    1.84119523e-01 6.13633394e-02 -2.80295640e-01 1.18758500e-01
    7.84552097e-03 -2.81401694e-01 -3.89726967e-01 1.02512181e-01
    -3.36848676e-01 9.64064002e-02 -9.36073065e-03 1.06267631e-01
    3.42230618e-01 -4.56400067e-01 1.36823237e-01 4.81228828e-02
    1.03142858e-01 3.21148157e-01 2.79473066e-01 -4.23397064e-01
    -4.87242192e-01 4.04279053e-01 -2.98278570e-01 2.21146882e-01
    4.38206017e-01 -1.63522631e-01 2.12586343e-01 4.07617569e-01
    -4.61007476e-01 2.02986062e-01 8.30292106e-02 2.03501821e-01
    2.44653046e-01 1.35101557e-01 3.28012526e-01 -4.56343919e-01
    3.05389643e-01 -3.90571147e-01 -1.85580254e-01 -5.70316911e-02
    -4.26180601e-01 -4.88524199e-01 2.82801330e-01 -4.54518080e-01
    2.93924868e-01 -3.73848468e-01 -1.74056292e-01 2.07068443e-01
    4.50317919e-01 3.64712656e-01 -8.04789364e-02 3.29970717e-02
    1.54136419e-02 3.91532362e-01 3.07951391e-01 1.15828812e-01
    -1.35666430e-01 2.34220028e-01 -5.24413228e-01 -3.96543175e-01
    -2.91065574e-01 -5.53495646e-01 -3.13346386e-02 1.04652762e-01
    -2.57643878e-01 1.57446921e-01 -2.14067817e-01 3.19666147e-01
    2.89474189e-01 -4.52414811e-01 2.49022305e-01 -3.17250192e-01
    3.26219440e-01 -2.79399812e-01 -9.47551727e-02 -4.37096208e-01
    1.45365596e-02 3.79494190e-01 1.63062513e-01 1.78848207e-01
    -5.29190898e-02 -2.19574213e-01 2.78767407e-01 -8.66585970e-02
    2.17901587e-01 3.91537666e-01 -1.39344692e-01 -2.94269204e-01
    -1.27812684e-01 -7.56677985e-02 1.22114360e-01 -1.31192207e-02
    4.04927135e-01 -5.62008023e-02 -9.01000500e-02 -3.52316052e-01
    4.31997180e-01 -5.22599578e-01 -1.87593400e-01 -3.73473287e-01
    -8.69298577e-02 2.18722999e-01 1.84188008e-01 -4.00277227e-01
    -4.60551471e-01 4.14377511e-01 3.38168681e-01 9.42901969e-02
    -3.72642756e-01 -2.60237545e-01 3.26700151e-01 4.20097709e-02
    -1.84486032e-01 3.02767932e-01 -3.52233171e-01 -3.40840816e-02
    -3.56354982e-01 3.10512483e-01 -4.84038502e-01 -2.47521639e-01
    4.13639545e-02 -4.22769487e-01 -3.59846354e-02 7.70100951e-02
    3.49285424e-01 2.69336939e-01 2.18191504e-01 2.35835910e-02
    3.64689171e-01 -2.85295844e-01 3.55550766e-01 -3.63561243e-01
    3.27701330e-01 -3.05897057e-01 2.59819210e-01 1.33616745e-01
    -1.58402473e-01 8.61899853e-02 9.72691178e-02 2.82337666e-02
    2.80579567e-01 -3.19303036e-01 -2.78009474e-01 2.35307217e-02
    8.97975564e-02 9.64877605e-02 1.05471730e-01 -8.43427777e-02
    -4.28526908e-01 -3.90622556e-01 -1.50067866e-01 -6.88756108e-02
    6.30528927e-02 -2.31225610e-01 -3.83568317e-01 -6.36690259e-02
    -1.88670516e-01 3.53964984e-01 2.12685227e-01 1.53924882e-01
    -4.62279439e-01 -1.06942177e-01 -2.84590214e-01 -3.68577927e-01
    3.35924208e-01 3.79785359e-01 1.30911291e-01 3.76879513e-01
    -4.95959401e-01 3.50273252e-02 5.06030917e-02 -1.95540011e-01
    -5.45144081e-04 1.87031269e-01 -1.21067345e-01 1.01034582e-01
    8.73703957e-02 -4.90750790e-01 -2.22419679e-01 -8.90614986e-02
    -4.68069136e-01 -2.68454015e-01 3.63283277e-01 7.88271427e-03
    3.04876447e-01 -3.85118186e-01 4.22678649e-01 -4.07898813e-01
    1.66822553e-01 -1.67018771e-01 3.70794892e-01 1.83697104e-01
    2.63360322e-01 -2.95892954e-02 -2.10200459e-01 -4.49593067e-01
    -2.25636363e-02 -5.07510066e-01 -4.25141960e-01 -2.55332559e-01
    -5.28460979e-01 -5.09988666e-01 1.33025765e-01 -3.22731435e-01
    -3.97640556e-01 -8.06288123e-02 2.90601075e-01 3.02620828e-01
    -7.92553425e-02 -2.21648633e-01 -3.21614534e-01 -6.76453710e-02
    -3.47653717e-01 4.02029216e-01 -4.88375455e-01 9.61368680e-02
    2.61492729e-02 2.54384279e-01 -5.12503028e-01 2.89003551e-01
    2.16232240e-01 -2.87355602e-01 -4.13102925e-01 1.80856407e-01
    -5.17444611e-01 2.41827428e-01 -4.19838369e-01 -4.91669625e-01
    -3.77916694e-02 1.05781555e-01 3.05964470e-01 -5.41659951e-01
    2.34595954e-01 1.43458426e-01 3.03856730e-02 -3.78173590e-02
    4.04783547e-01 -6.79296255e-02 -8.91149044e-02 -2.57421017e-01
    2.16886997e-02 -3.89240146e-01 3.05596888e-01 3.08985531e-01
    -1.88748032e-01 1.68611288e-01 -4.83544916e-01 7.56532550e-02
    -2.27497876e-01 2.45425463e-01 2.32679844e-01 -5.24630427e-01
    -2.97296166e-01 3.28509927e-01 -4.52750951e-01 -3.15063685e-01
    -3.74579936e-01 -2.87576437e-01 -1.05341792e-01 3.55369747e-01
    -2.07274646e-01 1.59186125e-02 1.36656761e-02 -2.40801364e-01
    -5.35637319e-01 -2.10621089e-01 1.79518580e-01 1.65653050e-01
    -4.13790703e-01 -5.01308084e-01 -2.27062404e-01 -1.12272859e-01
    3.18390727e-02 1.83294415e-02 3.80823553e-01 -3.80043685e-01
    -2.01112151e-01 4.39462543e-01 -2.91737169e-01 3.72142911e-01
    -1.54348135e-01 -3.11313778e-01 1.42437935e-01 -3.24996650e-01
    8.32613707e-02 1.17151260e-01 3.10120761e-01 -4.73795533e-01
    4.07681763e-01 -2.02188283e-01 1.71064079e-01 4.68776941e-01
    -2.84400582e-02 -3.82344872e-01 -3.96634042e-02 1.68260932e-02
    3.92380357e-02 1.18425131e-01 8.81691575e-02 2.60712504e-01
    4.62423563e-01 -5.84459901e-02 -2.19082177e-01 4.01020169e-01
    1.40573978e-02 -4.53543246e-01 -3.62731934e-01 -4.79189366e-01
    -4.87288684e-01 -4.03553247e-02 3.95366848e-01 -1.88244760e-01
    -2.46200383e-01 7.51682520e-02 -4.66509342e-01 -2.81410366e-01
    -4.05371189e-01 -1.86654776e-01 3.48071873e-01 -3.38331878e-01
    -3.62765491e-01 -2.72353411e-01 -3.60961914e-01 -1.87590569e-01
    -2.27910548e-01 2.20425844e-01 -3.54258806e-01 8.35925937e-02
    2.42866218e-01 2.15726376e-01 -6.77179098e-02 -3.41416270e-01
    -2.92882711e-01 -2.42827773e-01 -5.70732534e-01 3.15350235e-01
    -4.39876974e-01 -8.33314657e-02 3.16147268e-01 -1.11543864e-01
    3.01653147e-02 -2.21557200e-01 3.38800967e-01 -4.53590751e-02
    -3.49104345e-01 1.43826365e-01 1.62153959e-01 -6.38893843e-02
    -4.96963084e-01 -4.66122717e-01 -3.64000797e-02 3.47390473e-01
    2.90535748e-01 -5.39010167e-01 9.72743630e-02 2.68272161e-01
    6.13972545e-02 7.25978017e-02 -3.15636396e-03 3.82485747e-01
    -3.36489916e-01 3.60525548e-01 2.57242620e-01 2.36819804e-01
    2.62985826e-01 1.38399303e-01 1.46447122e-01 3.85997117e-01
    9.80747938e-02 -2.33892381e-01 -3.50445777e-01 2.11215913e-01
    -1.73337877e-01 -4.15750712e-01 3.31491828e-01 2.57883370e-01
    3.25918138e-01 3.07084262e-01 3.58313024e-01 -5.10384440e-01
    2.42751300e-01 1.77479386e-02 3.63763690e-01 1.87171459e-01
    6.75151944e-02 -5.35329938e-01 -3.21864605e-01 -3.71664405e-01
    2.14272439e-01 -5.40062070e-01 3.15192401e-01 -1.00800991e-02
    8.08795094e-02 2.49321818e-01 4.18519914e-01 2.82773137e-01
    3.09654951e-01 -4.32808399e-02 -7.97120035e-02 -2.89842725e-01
    4.34337854e-01 -4.58928943e-02 3.59771848e-01 1.06853127e-01
    3.06011915e-01 -4.76832211e-01 -3.79417628e-01 1.93916798e-01
    1.33566618e-01 3.03589523e-01 -1.83915257e-01 -5.38986087e-01
    3.08165193e-01 1.83475614e-01 1.71649456e-03 1.15640938e-01
    2.64600456e-01 -1.01724327e-01 -4.39032137e-01 -3.77549738e-01
    2.91953027e-01 -4.77552325e-01 4.12492931e-01 3.29409659e-01
    -3.22509050e-01 -3.88219267e-01 -3.55643541e-01 -4.94046807e-01
    1.70594573e-01 -3.56675833e-01 1.06628537e-01 3.34721506e-01
    5.58333993e-02 1.77365959e-01 1.92616582e-02 -2.71226645e-01
    1.34442389e-01 3.60687792e-01 -2.37143517e-01 -1.10697508e-01
    -5.24103582e-01 2.15840220e-01 -2.84693241e-02 -3.49642426e-01
    -3.27186167e-01 -3.50335896e-01 3.00864220e-01 -3.76893848e-01
    3.05882752e-01 -1.98710620e-01 -2.49153018e-01 -1.64748222e-01
    -2.43580014e-01 -1.01441383e-01 2.97751188e-01 3.47407401e-01
    2.59024441e-01 -4.88513529e-01 4.10569310e-01 -5.04390597e-01
    -9.77476835e-02 1.10635340e-01 -7.88027048e-02 2.69925117e-01
    9.44988132e-02 2.44801760e-01 -4.96672213e-01 1.37199461e-01
    3.00904036e-01 3.60612333e-01 -4.27490413e-01 3.08643043e-01
    -3.16099763e-01 1.18009150e-01 2.40770102e-01 -6.56634271e-02
    -4.87004876e-01 1.40827119e-01 1.73071742e-01 -4.88545924e-01
    1.80756867e-01 1.28693938e-01 4.01363611e-01 -2.67785370e-01
    2.76466370e-01 8.21713209e-02 3.27120721e-01 2.41801620e-01
    -3.67996335e-01 1.79732680e-01 3.53715241e-01 4.07627225e-01
    -4.75508004e-01 -5.50833762e-01 -2.67612457e-01 1.52480066e-01
    -3.40709090e-02 -2.59157896e-01 3.39726925e-01 2.19257593e-01
    2.16943443e-01 3.32190156e-01 2.10531116e-01 -5.32024026e-01
    4.52018917e-01 -1.90024137e-01 -1.52560383e-01 4.18149292e-01
    -1.36870027e-01 -4.73476678e-01 -3.51272643e-01 -1.17586702e-01
    -4.29385215e-01 -5.43905497e-02 -2.90521502e-01 -1.25337213e-01
    1.91928446e-01 -4.08245325e-02 -7.22724795e-02 2.89945364e-01
    -5.72899938e-01 -9.24122334e-03 -4.45457697e-01 2.69474447e-01
    -1.39382482e-02 -1.02614313e-01 -2.75150537e-01 3.98944080e-01
    -3.86398464e-01 -2.36964732e-01 -3.88897091e-01 -4.62752581e-02
    -1.23272628e-01 2.00132966e-01 -1.69526726e-01 1.87335253e-01
    1.17179573e-01 2.84574926e-01 -6.70999289e-03 -2.06419230e-02
    3.93419206e-01 -4.32296455e-01 -2.63552964e-01 3.24900746e-02
    -1.07929736e-01 1.43169045e-01 1.04806125e-01 -4.29719090e-02
    -5.10885060e-01 -1.44933581e-01 2.33718812e-01 -4.40692067e-01
    -1.62585497e-01 -2.65356421e-01 -3.40713471e-01 4.43818569e-02
    4.33668435e-01 -3.47299784e-01 -4.25718427e-01 1.69277191e-01
    -2.69714028e-01 -2.54617929e-02 2.60863066e-01 7.12999701e-02
    -4.80829537e-01 -2.09595799e-01 -4.06816393e-01 4.91970181e-02
    -4.51048613e-01 2.30629385e-01 1.57117248e-01 2.76179373e-01
    3.01529169e-02 -2.94530153e-01 1.28502011e-01 1.58921540e-01
    -7.53432810e-02 1.50148869e-02 -2.40155637e-01 1.93231106e-01
    -4.76522475e-01 -4.59212691e-01 4.72735167e-02 -2.98167706e-01
    -2.54809082e-01 1.21243596e-01 2.94938743e-01 -3.56877446e-01
    2.87351549e-01 -6.38768077e-02 -5.47153294e-01 -4.33037460e-01
    -2.26517916e-01 -8.58885050e-03 3.07279587e-01 -5.31078815e-01
    1.35660052e-01 7.71313906e-03 2.78762221e-01 -2.18494773e-01
    1.88569248e-01 8.74675512e-02 -2.50463665e-01 -2.58536339e-02
    -6.70215786e-02 3.07211876e-01 -1.13134384e-02 -1.41941309e-01
    -5.15296638e-01 -3.12359333e-02 2.20361233e-01 1.81928754e-01
    -2.44116724e-01 -4.54205334e-01 8.60309601e-03 1.54033899e-01
    2.39487648e-01 -2.39300132e-01 2.67765760e-01 -3.97861689e-01
    3.46477807e-01 2.23318934e-01 -4.71614867e-01 -1.77798688e-01
    2.25802660e-01 -3.72296363e-01 -2.35146970e-01 8.76262784e-02
    -2.80233324e-01 -3.95154923e-01 -1.83142066e-01 -3.22976440e-01
    3.26793194e-02 2.73319185e-01 1.91170037e-01 -5.42249501e-01
    -5.79169393e-02 -4.10532564e-01 -3.19935381e-01 3.78815055e-01
    -5.43692946e-01 -4.48316067e-01 -5.34586310e-01 -4.14127111e-02
    2.06879020e-01 7.58898854e-02 2.81773448e-01 4.17037964e-01
    1.40715301e-01 3.35750222e-01 2.47023880e-01 -9.88674760e-02
    3.86233091e-01 -5.04134297e-02 2.00592875e-01 -4.37498450e-01
    -2.31670171e-01 1.40081525e-01 -4.37546253e-01 2.54235804e-01
    -1.53029859e-01 -2.61339307e-01 2.77409554e-02 2.70686746e-01
    -3.56034309e-01 -3.37280124e-01 3.50031495e-01 -2.72002161e-01
    -1.51485473e-01 4.09036696e-01 -5.42609692e-02 -5.39706945e-01
    1.81665301e-01 -2.82401502e-01 1.28445864e-01 -3.71558487e-01
    -9.59306359e-02 -4.56430435e-01 1.64815962e-01 -5.26577950e-01
    -1.56621397e-01 3.50225389e-01 -2.04497457e-01 1.42003894e-01
    -3.57416064e-01 1.45576596e-02 1.39286697e-01 7.56074786e-02
    4.18557286e-01 -4.80778933e-01 -7.47989416e-02 2.25830853e-01
    -3.10036063e-01 1.99514270e-01 1.32218421e-01 -2.07602262e-01
    -2.42009759e-01 -1.94659531e-01 -3.74053359e-01 2.39151955e-01
    -5.16455650e-01 -2.03615606e-01 -5.56301177e-01 2.48364389e-01
    -3.06485295e-01 -5.91858327e-02 2.65861094e-01 3.56134295e-01
    -5.58021784e-01 2.33091235e-01 4.72830534e-02 2.41721690e-01
    3.55463982e-01 -2.18263626e-01 4.70684767e-02 -2.64338255e-02
    3.45451713e-01 2.99649417e-01 -3.52390319e-01 -2.72796035e-01
    4.01265144e-01 -5.49118519e-02 -4.93681759e-01 -4.64693129e-01
    3.54606032e-01 1.08139813e-01 -5.43220043e-02 2.85240591e-01
    -2.37519562e-01 -5.27683496e-02 -4.39421415e-01 4.61929440e-02
    2.37051249e-01 1.09006345e-01 2.45451987e-01 3.78796458e-01
    3.36409509e-01 -5.56164086e-01 -5.17452240e-01 3.80515158e-01
    2.77380347e-02 -2.51503617e-01 3.72345448e-01 -1.34658158e-01
    -5.02906561e-01 -3.16427529e-01 -2.66226649e-01 2.52635717e-01
    -3.29979897e-01 -2.15627611e-01 1.06272697e-01 1.31299257e-01
    -2.68115610e-01 2.00908244e-01 -5.52614391e-01 2.91733801e-01
    2.38161683e-01 -1.40414059e-01 4.46341634e-02 -5.46470761e-01
    -1.70115829e-01 4.17781174e-01 -3.94017458e-01 2.78044522e-01
    2.56501377e-01 -1.91681355e-01 9.61146355e-02 -2.33551979e-01
    -1.74631655e-01 -3.85909677e-01 1.83304787e-01 9.03685093e-02
    3.93232584e-01 -4.87168372e-01 2.86330760e-01 -1.50179923e-01
    -5.02871037e-01 5.75945377e-02 2.00233042e-01 6.02608919e-02
    -4.65663075e-02 -3.41246963e-01 -3.98924947e-02 -1.89512908e-01
    -2.74363428e-01 2.82076120e-01 1.61860347e-01 -2.17383504e-01
    2.50150561e-01 -1.06135756e-01 -3.56663227e-01 -8.73896480e-02
    -4.02441144e-01 4.89347577e-02 2.40116537e-01 -3.26124072e-01
    2.99504876e-01 -5.30766964e-01 9.25280452e-02 2.19391644e-01
    4.01931107e-01 9.33539867e-03 -3.99863660e-01 4.66913819e-01
    -3.96956980e-01 4.25904334e-01 -2.72456944e-01 -6.85022473e-02
    1.21570766e-01 5.25019169e-02 1.69214129e-01 3.02294314e-01
    4.63569164e-03 -2.40833938e-01 -3.33727956e-01 9.56580639e-02
    -5.03223777e-01 -2.20453709e-01 -4.56034839e-02 -6.16464317e-02
    2.05469310e-01 -8.98500085e-02 -1.36032403e-01 -1.36731595e-01
    2.67450809e-01 3.14656317e-01 -4.97467935e-01 -1.95912778e-01
    -4.36873198e-01 -3.32819611e-01 1.19817853e-02 -2.60151923e-01
    3.99989724e-01 -2.64577389e-01 3.45043361e-01 4.50112820e-02
    3.13891113e-01 -1.75103903e-01 8.72491002e-02 -2.33911991e-01
    3.99716735e-01 -4.13781792e-01 -5.79743981e-01 -5.28072000e-01
    3.33450615e-01 -3.26740742e-02 3.41545165e-01 9.72993374e-02
    4.80314493e-02 -1.87347859e-01 -2.01970398e-01 -3.55146676e-01
    -4.09069061e-01 -2.73327321e-01 -5.01357675e-01 2.37185240e-01
    1.28020048e-02 -2.46248960e-01 4.33354139e-01 3.31405401e-02
    1.45910621e-01 -1.14495099e-01 -2.06941396e-01 -4.91320848e-01
    -2.46160686e-01 1.14763498e-01 -4.07209426e-01 3.38137090e-01
    3.45836699e-01 -2.70026565e-01 3.13223839e-01 -2.22063959e-01
    2.43567109e-01 -1.16521120e-03 2.07456589e-01 -2.72803009e-01
    -9.51409340e-02 2.39245117e-01 3.12119365e-01 -3.94321471e-01
    -4.81126189e-01 -1.63779736e-01 2.55680382e-01 -2.21607119e-01
    3.88909757e-01 -1.86430424e-01 3.07423115e-01 3.22888792e-01
    -4.02638465e-01 2.39055932e-01 -3.66363525e-02 -6.89148903e-04
    1.57212436e-01 -1.77917480e-01 -8.21034908e-02 4.12434340e-03
    -4.40810919e-02 -1.18565410e-01 -9.10920501e-02 1.76174223e-01
    -5.25242925e-01 -2.44390041e-01 1.73107505e-01 -2.43301272e-01
    -5.02362967e-01 -2.17555404e-01 1.83646619e-01 -4.24736321e-01
    -1.64205194e-01 1.00916147e-01 5.42493463e-02 1.45291150e-01
    -1.64386481e-01 -2.08118498e-01 -2.25593656e-01 2.45957434e-01
    3.90693903e-01 -3.87303472e-01 -4.35557455e-01 -2.21152604e-01
    -2.87192583e-01 -1.04421467e-01 2.29887366e-02 -1.75224423e-01
    -5.05093336e-02 1.46347880e-01 -2.79821754e-01 -2.34136671e-01
    7.39395022e-02 -1.66761667e-01 1.38547063e-01 -3.79561126e-01
    -9.06799436e-02 -4.96097118e-01 2.49901712e-01 2.72705257e-01
    -4.97813016e-01 2.49452591e-02 2.31746018e-01 -5.17933249e-01
    -1.08948290e-01 -2.12297022e-01 1.38219595e-02 4.27250922e-01
    3.68746102e-01 8.86318684e-02 -4.47816104e-01 -2.23534703e-01
    -1.42729282e-01 -4.75458235e-01 3.39191556e-02 1.11667395e-01
    1.38144791e-01 2.63436198e-01 -3.30217451e-01 2.74753332e-01
    -2.62887537e-01 -2.65243709e-01 -2.33588666e-01 -4.08948243e-01
    3.28971148e-01 1.15927339e-01 -4.63746637e-01 -3.37737143e-01
    -2.59568840e-01 -5.28517604e-01 -2.51804590e-01 2.69961357e-02
    1.33581758e-02 -6.46122098e-02 -5.38866043e-01 3.13695073e-01
    2.17047513e-01 6.19614720e-02 2.77075171e-01 3.71712029e-01
    -3.85569751e-01 3.56673837e-01 7.43963718e-02 3.45669389e-02
    1.80980325e-01 -1.56266451e-01 -2.26603568e-01 -3.18301618e-01
    -4.69241291e-01 -3.86955172e-01 1.39127910e-01 -3.06439757e-01
    6.71632886e-02 -6.82429075e-02 1.69331312e-01 2.37995565e-01
    -5.55378199e-02 3.31029952e-01 2.00272322e-01 -5.57345986e-01
    -2.39480078e-01 -4.59909946e-01 1.16527021e-01 3.48453641e-01
    2.85485029e-01 -4.70993519e-01 2.25577772e-01 -5.12268543e-02
    -5.26324272e-01 3.31897736e-02 -4.04702097e-01 -4.05895293e-01
    3.94639194e-01 -2.24835902e-01 -1.43924057e-01 -2.60342121e-01
    -2.10428536e-01 -1.22597873e-01 3.23119342e-01 -2.86865652e-01
    1.69830382e-01 -3.31579655e-01 -3.37894052e-01 -3.88364255e-01
    -1.04674697e-02 8.77084732e-02 -1.17269516e-01 1.52931988e-01
    2.30370760e-01 -4.42598432e-01 2.66608238e-01 3.39760542e-01
    -1.84545010e-01 -3.48983943e-01 -5.45325041e-01 -4.79237199e-01
    -4.92161065e-01 1.93248153e-01 -9.22576189e-02 -4.03300405e-01
    -3.00270110e-01 -2.25016952e-01 -5.66320181e-01 -3.07902545e-01
    -1.76061273e-01 3.63388538e-01 3.39480042e-02 -2.35660970e-01
    -5.46928763e-01 1.88593328e-01 3.91631007e-01 -5.42354345e-01
    -2.50082612e-02 -4.63970900e-02 -2.49396026e-01 -3.87421548e-01
    -8.37448835e-02 -3.78194422e-01 3.02808285e-02 -4.44954187e-01
    -4.29173142e-01 -3.01510721e-01 -1.84183717e-02 -1.85071468e-01
    2.58326948e-01 -2.95895338e-03 5.09636998e-02 -2.42060423e-01
    -1.07006431e-02 2.85910845e-01 -4.07772183e-01 -2.27636069e-01
    -4.28523123e-01 -9.11911726e-02 1.18280470e-01 -4.66460198e-01
    4.09436822e-02 -1.11685336e-01 -4.29385811e-01 3.43746662e-01
    -2.14431107e-01 3.38954926e-02 -1.62488490e-01 4.00210738e-01
    3.17001462e-01 -3.66382301e-01 -4.91194069e-01 -1.57359183e-01
    -2.49726892e-01 -2.52063274e-02 -4.43270683e-01 -6.76933527e-02
    1.69945359e-01 3.60310078e-04 5.77908158e-02 3.50082099e-01
    2.71736562e-01 3.82107496e-02 2.93539047e-01 3.64469588e-01
    3.83423567e-01 -3.81074548e-02 1.32369876e-01 -4.93790060e-01
    -1.86332762e-01 1.98755145e-01 7.84310102e-02 6.76167011e-02
    3.40735912e-02 -5.64313650e-01 2.32421935e-01 8.50365162e-02
    2.92307854e-01 -5.05195081e-01 1.97984576e-02 -2.25878119e-01
    -7.69620836e-02 -2.75402963e-01 -3.66909504e-02 2.24345267e-01
    1.42569125e-01 -5.27828455e-01 2.20377505e-01 -4.78635430e-02
    -1.15116358e-01 3.95068645e-01 5.85812330e-03 4.35764015e-01
    2.53119588e-01 -5.06089747e-01 1.46740615e-01 -5.61098456e-02
    3.31539273e-01 -3.70757580e-01 2.44630575e-02 -2.39282966e-01
    -5.31023860e-01 3.78167033e-02 -2.62593508e-01 -2.73331791e-01
    4.25268710e-01 -4.88976032e-01 -4.11090612e-01 -4.87199306e-01
    -3.87057811e-01 -6.54143095e-03 3.36577952e-01 -1.84216261e-01
    -3.22771668e-02 1.68509364e-01 6.99426532e-02 -5.33480287e-01
    4.12498713e-01 -1.48616701e-01 -3.59731495e-01 4.14309919e-01
    6.25103712e-03 6.96463585e-02 2.71273613e-01 3.49003077e-01
    -3.54403079e-01 -4.15069818e-01 7.98686147e-02 -1.03315920e-01
    2.05844641e-01 -3.82871389e-01 -1.02023393e-01 -1.94064975e-02
    -2.17483044e-01 -2.22241879e-01 1.35309339e-01 -1.69929713e-01
    3.12120080e-01 2.94058442e-01 -3.71760130e-02 -4.49568033e-02
    2.26366043e-01 1.71414316e-01 7.28950500e-02 -4.74389642e-01
    -2.83342004e-02 -3.86229634e-01 6.26201034e-02 -3.60134900e-01
    -5.88427782e-02 -5.04878044e-01 3.11437786e-01 2.71773815e-01
    5.86724877e-02 -1.24233454e-01 -1.16008580e-01 4.08144355e-01
    -1.51966214e-01 1.44724429e-01 -5.34140825e-01 -2.19943583e-01
    -5.39004505e-01 2.13812411e-01 -2.09281504e-01 2.43662238e-01
    -3.99530619e-01 4.51716185e-01 -1.79975390e-01 2.06142664e-02
    -2.97285825e-01 -3.22742164e-01 -4.91776556e-01 9.24348831e-04
    -1.24077708e-01 3.17020416e-02 -1.81092292e-01 -4.60455477e-01
    -7.83433020e-02 8.77730250e-02 3.68617475e-01 -4.95125234e-01
    -3.55193406e-01 -1.72625631e-01 -5.35952687e-01 2.47111082e-01
    1.86889827e-01 3.28288317e-01 -9.92419124e-02 -4.20687616e-01
    -1.58038378e-01 -4.94111657e-01 3.27014625e-01 2.89793074e-01
    -5.78431368e-01 -9.02920961e-03 -3.93598974e-01 -4.13269162e-01
    2.07157314e-01 4.10018682e-01 -3.44846457e-01 3.43100488e-01
    -2.87686497e-01 -4.02284831e-01 -4.58171964e-02 1.60615981e-01
    -2.79348612e-01 1.58020735e-01 1.88261330e-01 -4.01735306e-02
    -4.89205390e-01 -5.31870604e-01 -1.87234521e-01 -3.93470556e-01
    -5.04202843e-02 9.06070471e-02 1.22276783e-01 2.90153086e-01
    -5.13703823e-01 1.28237963e-01 -2.91850537e-01 -3.13432634e-01
    4.17317450e-01 7.20683336e-02 -4.51105714e-01 3.17437887e-01
    2.26212144e-01 -3.19214463e-02 -7.09789991e-03 -3.21423858e-01
    -4.88668889e-01 -2.44411051e-01 -2.84596950e-01 1.06970012e-01
    5.29853702e-02 -4.26754653e-01 5.87468743e-02 -6.53266907e-04
    2.33324826e-01 -8.96504521e-02 3.23351681e-01 -4.50970024e-01
    -3.73185873e-01 2.61844456e-01 2.83899605e-01 -1.15129501e-01
    -3.07464957e-01 -2.96046466e-01 -2.78941602e-01 2.33721554e-01
    3.95230293e-01 -3.87493432e-01 1.20612800e-01 -5.13689756e-01
    1.94411457e-01 1.78869963e-02 -4.58427250e-01 1.87019467e-01
    3.63543034e-02 4.16788459e-01 -4.53683555e-01 -1.70389235e-01
    -5.06966710e-01 -2.17790961e-01 3.64597678e-01 3.76418233e-01
    3.91058803e-01 -4.25223529e-01 3.20274711e-01 -4.98204827e-02
    4.14077818e-01 -4.92285609e-01 1.60169005e-01 3.44618797e-01
    -5.05903840e-01 -5.03795803e-01 1.60573006e-01 -5.29526412e-01
    2.63193786e-01 3.27460945e-01 2.23150730e-01 -2.21280992e-01
    1.55983388e-01 7.40811229e-02 -3.17425340e-01 -3.20969671e-01
    -3.94585133e-01 2.55654812e-01 3.98470342e-01 -2.58720368e-01
    -5.06734133e-01 -4.80648011e-01 -4.15087253e-01 -1.80754721e-01
    3.19543362e-01 -4.12751615e-01 3.96571100e-01 -4.52601582e-01
    2.27135003e-01 4.35480177e-01 -2.51039863e-01 -1.19614005e-01
    -3.63052458e-01 -2.96890795e-01 5.50906658e-02 4.44748819e-01
    -5.48153520e-01 -2.62647629e-01 3.79291594e-01 5.61132431e-02
    9.76630449e-02 2.57043242e-01 -1.23805344e-01 -3.47974539e-01
    -7.19287992e-02 3.62786353e-01 -3.58264416e-01 6.93500042e-04
    -4.65915650e-01 1.51857615e-01 -1.75623238e-01 -4.16240305e-01
    2.03904271e-01 2.40009427e-02 -2.08105624e-01 2.30266213e-01
    -2.23008364e-01 1.31859303e-01 4.19271052e-01 1.93392336e-01
    1.94625497e-01 1.97056770e-01 3.76723051e-01 8.34853053e-02
    -2.02893496e-01 8.83677006e-02 8.18600655e-02 1.94628835e-01
    -3.12846065e-01 -2.09746778e-01 2.81965733e-01 -1.35144800e-01
    -6.73809052e-02 -1.51124507e-01 1.27479494e-01 4.18695807e-02
    4.33183551e-01 -5.43504596e-01 3.47709477e-01 -5.13705850e-01
    -2.85570025e-01 3.28680158e-01 -2.96165407e-01 -4.78574276e-01
    -1.62347853e-01 -1.75412893e-02 -3.68624240e-01 -1.62948191e-01
    3.55660737e-01 -2.91145980e-01 2.16978371e-01 -4.19984967e-01
    -5.48362732e-03 -9.54511762e-02 -4.40012276e-01 -1.81190699e-01
    4.00848925e-01 -7.54338205e-02 -5.14503598e-01 1.44100845e-01
    -4.33036894e-01 -2.61726379e-01 -1.53664500e-01 -2.13265002e-01
    -2.45016634e-01 1.14697218e-02 -3.92915934e-01 3.86955440e-01
    -1.71934366e-01 -4.71532345e-02 -4.64672238e-01 -5.49304366e-01
    -4.71869409e-01 2.27247536e-01 1.29818916e-03 4.04954612e-01
    1.87615991e-01 -4.71091092e-01 -1.00051403e-01 -5.23583770e-01
    3.20878565e-01 -4.23428357e-01 3.50868821e-01 -1.05943084e-01
    -3.93765211e-01 -4.43715781e-01 -5.19604087e-01 -3.68940949e-01
    -4.61727381e-03 -1.09254509e-01 -2.85461575e-01 3.50760639e-01
    6.43441081e-02 -2.89652348e-02 -1.92483902e-01 3.68441045e-01
    3.81225348e-03 2.53918350e-01 -3.65618080e-01 -1.38866156e-01
    -3.18025947e-02 -4.14367795e-01 3.52035165e-01 6.44092560e-02
    -3.14147115e-01 4.05885816e-01 -4.05068994e-02 2.56358862e-01
    -2.82740057e-01 2.15019584e-01 -3.70974720e-01 3.20709646e-01
    -1.71068788e-01 4.96477485e-02 -1.76039398e-01 -2.01625943e-01
    -4.46931452e-01 -2.59306967e-01 -4.16277915e-01 -3.28222454e-01
    -1.64088428e-01 -1.34570569e-01 -6.14143610e-02 3.22449803e-02
    -5.09940386e-02 -2.76282698e-01 -5.38992584e-02 -7.18395114e-02
    3.00585449e-01 -7.83097446e-02 -3.94458979e-01 3.17384779e-01
    -4.22075301e-01 -2.63469785e-01 7.14867711e-02 -3.79103243e-01
    1.98198318e-01 -4.53970790e-01 4.09382939e-01 -3.09354275e-01
    8.81969333e-02 -4.41623300e-01 3.62324536e-01 -5.11552036e-01
    1.20821536e-01 -4.49640423e-01 1.00172162e-02 2.46982038e-01
    2.65622437e-01 -4.34517920e-01 1.22890174e-01 -3.15872461e-01
    -2.52242297e-01 3.74335349e-01 -5.28594017e-01 -4.28607464e-02
    -5.55874586e-01 -3.94831896e-02 -4.46511626e-01 3.15123081e-01
    2.28174567e-01 -4.13365275e-01 2.28013754e-01 4.23709691e-01
    -1.10562921e-01 -1.86573207e-01 -5.13105989e-01 2.16520786e-01
    -5.28091252e-01 2.08327770e-01 -2.79298276e-01 -2.74736017e-01
    -4.19195324e-01 3.27657044e-01 1.87424004e-01 -5.42513072e-01
    -2.26284981e-01 2.80485332e-01 -1.84827387e-01 -2.46498495e-01
    -5.33924699e-01 1.08944714e-01 -4.60295409e-01 -2.32219160e-01
    -3.26989889e-02 -5.43372035e-02 3.49669218e-01 -3.58679175e-01
    -5.13600230e-01 -2.82727718e-01 -3.17687809e-01 -8.80309939e-02
    -1.57271564e-01 -4.75883275e-01 5.30325174e-02 2.24193394e-01
    -2.96093822e-02 3.63934338e-01 3.85304570e-01 -1.41660571e-01
    -4.45889145e-01 1.30723536e-01 2.20686674e-01 2.34814882e-02
    3.11331689e-01 2.96232998e-01 9.38549638e-02 3.13851297e-01
    -1.32309139e-01 -4.47548509e-01 1.06343448e-01 -4.38684523e-01
    1.94138288e-02 3.72087359e-01 3.28242064e-01 1.41976655e-01
    5.98604083e-02 1.09235883e-01 1.97414219e-01 1.52689219e-03
    -5.97560704e-02 -3.07650745e-01 -4.28768516e-01 2.14424789e-01
    -2.25163490e-01 -2.81979501e-01 -2.90529072e-01 3.17440689e-01
    -2.13184953e-01 -2.03444481e-01 -5.11060297e-01 -4.79963303e-01
    -5.22615910e-01 2.35504866e-01 4.03250098e-01 1.03056312e-01
    -1.68166280e-01 -4.59862024e-01 1.35520816e-01 3.10216725e-01
    -3.93969685e-01 -5.20176589e-01 2.77236640e-01 -2.98532486e-01
    -6.68345690e-02 4.70232964e-03 -3.42660993e-01 2.03460455e-03
    -2.18270481e-01 -4.94388431e-01 7.72978067e-02 2.87921906e-01
    -5.23513198e-01 2.71112561e-01 -5.26541650e-01 -2.19317496e-01
    -4.24588203e-01 -3.10804486e-01 -1.19478792e-01 -5.25945187e-01
    1.85608029e-01 -1.53738081e-01 1.12481892e-01 1.75036430e-01
    -3.31836104e-01 4.24822509e-01 1.04361713e-01 -4.25595045e-01
    4.02809322e-01 7.80025125e-02 2.32825041e-01 3.33054841e-01
    1.69044673e-01 -5.13825059e-01 -1.39457732e-01 -3.88096035e-01
    -4.24932569e-01 -3.75080854e-01 -4.38705802e-01 -4.62644935e-01
    -2.00472355e-01 -5.30600727e-01 -4.10899520e-02 2.45422184e-01
    -2.34994948e-01 -5.66915035e-01 -2.35092163e-01 -2.01343954e-01
    -3.27743679e-01 1.87876821e-02 1.70104146e-01 2.25405991e-01
    3.07082713e-01 -2.01590657e-02 -2.84235954e-01 1.92430794e-01
    2.75463820e-01 2.64460027e-01 -2.29999423e-01 -2.41877466e-01
    -5.40411770e-01 -2.17828751e-01 -3.57147694e-01 -4.99749541e-01
    2.07792699e-01 3.04057240e-01 -1.22618675e-01 -2.11609900e-01
    8.34891200e-02 -3.41447830e-01 -2.81417251e-01 -4.94292170e-01
    4.05584276e-01 8.93471837e-02 8.61701965e-02 -4.79608208e-01
    -4.65600193e-01 -4.47839022e-01 -4.89261568e-01 1.61715209e-01
    4.17581856e-01 9.25590396e-02 -4.29258347e-02 4.32976902e-01
    -5.58615446e-01 2.16136813e-01 8.85050297e-02 -2.09457636e-01
    -3.68073553e-01 -4.95465368e-01 1.87269092e-01 -4.04849112e-01
    -5.42264223e-01 2.30444849e-01 -7.00168610e-02 -1.53378069e-01
    1.72548234e-01 9.60750580e-02 -1.17968321e-01 -2.00772703e-01
    2.94566929e-01 6.86398745e-02 -2.21058786e-01 -1.52347624e-01
    -2.17629790e-01 -2.65313148e-01 -5.12358308e-01 -8.43799114e-03
    1.09923124e-01 -4.86409545e-01 1.32775664e-01 8.07514787e-02
    -2.43662298e-01 4.02378857e-01 2.27119327e-02 -2.90979773e-01
    -2.66800344e-01 -1.51762843e-01 2.22582817e-01 2.44980514e-01
    -4.43601608e-03 3.66643667e-02 -1.75844252e-01 -1.65513217e-01
    2.72039771e-02 1.20327234e-01 1.88029587e-01 4.05548513e-01
    -3.33216280e-01 -5.02344370e-01 -1.64110243e-01 4.36808705e-01
    6.84730411e-02 3.81571949e-01 4.51582372e-01 -3.93264085e-01
    -7.78551996e-02 4.03111577e-01 -4.63813186e-01 -1.33884519e-01
    2.76309431e-01 5.18217683e-02 -4.92988050e-01 1.67868257e-01
    -6.72314465e-02 -2.85571188e-01 6.61263466e-02 -3.09843630e-01
    -4.48042572e-01 4.28527415e-01 1.92000926e-01 -2.31790245e-01
    3.32148910e-01 3.26376081e-01 5.30855656e-02 3.89758110e-01
    -2.01514244e-01 -1.29816592e-01 3.30881476e-01 -4.59069490e-01
    4.00299728e-01 -3.36780846e-01 2.86452293e-01 -2.27663517e-02
    1.90309644e-01 2.69990802e-01 -3.58799428e-01 -5.26355386e-01
    3.17627668e-01 5.91505766e-02 -6.59416318e-02 -1.01297498e-02
    2.12600231e-02 3.13931227e-01 2.27341771e-01 -1.89863324e-01
    1.54950619e-01 -4.06834364e-01 2.74666548e-01 -2.92935252e-01
    -3.68253261e-01 3.50931406e-01 2.79571354e-01 -4.74849641e-01
    7.24968314e-02 -4.54453230e-02 -7.90121257e-02 1.67189538e-01
    -4.42443818e-01 -5.48806250e-01 -3.05100918e-01 -2.11793184e-03
    -5.76779604e-01 -3.99916857e-01 3.62446487e-01 3.51932287e-01
    6.26993775e-02 -4.47646141e-01 3.18998814e-01 -3.15162659e-01
    3.91450465e-01 -5.56952417e-01 -5.09302020e-01 4.12511826e-02
    -2.73495317e-02 -2.09695458e-01 1.92271650e-01 -3.84720415e-01
    2.11863935e-01 1.11309886e-01 2.38351822e-02 -1.93287253e-01
    -3.16202730e-01 -4.41626787e-01 -3.29319119e-01 -1.50100440e-01
    2.38073289e-01 -3.96896422e-01 3.78757596e-01 -3.65994602e-01
    -1.94494128e-01 -2.12198079e-01 -2.35510737e-01 -1.47477210e-01
    -2.40746737e-01 2.01912701e-01 3.55706751e-01 -1.53101861e-01
    1.75086200e-01 -3.14701557e-01 1.52468979e-01 2.34560430e-01
    -5.17252922e-01 -4.41308677e-01 -2.81701326e-01 3.52982879e-01
    -3.66071671e-01 1.30262077e-01 -3.06628942e-02 3.31818521e-01
    -4.41952735e-01 -3.06228399e-01 3.94103229e-01 2.58435547e-01
    4.09969270e-01 -4.82442260e-01 2.44414151e-01 -1.71932757e-01
    -4.83511090e-02 4.00147736e-01 -6.86002672e-02 1.28230214e-01
    -9.82283056e-02 1.06028080e-01 -1.79927707e-01 -8.48516226e-02
    -1.24487549e-01 2.13636220e-01 -1.60221040e-01 -1.47480071e-01
    -2.98460424e-01 -1.10159039e-01 3.80434275e-01 1.26249313e-01
    3.08800280e-01 2.43759036e-01 8.91798139e-02 3.76157224e-01
    -5.43804646e-01 -4.07087743e-01 1.35636091e-01 3.11009586e-01
    2.47023523e-01 -1.48522258e-02 -4.26564544e-01 3.80706072e-01
    1.86002791e-01 -1.92612290e-01 3.89124453e-01 2.97386050e-01
    -1.40637279e-01 -1.48971230e-01 4.08351719e-01 -5.62406778e-02
    2.56425619e-01 -6.15372062e-02 -3.58043671e-01 1.75698221e-01
    3.30721021e-01 2.61097014e-01 4.73545790e-02 -3.42317462e-01
    3.89103234e-01 -1.54307485e-02 -3.00151348e-01 -1.85759872e-01
    3.52943003e-01 -8.79125595e-02 3.96806657e-01 -3.49229068e-01
    -3.22297364e-01 3.58998418e-01 3.98735166e-01 5.75917959e-02
    -5.55158794e-01 1.29812777e-01 3.59794497e-01 2.75752842e-01
    2.98613846e-01 -2.08004504e-01 1.55843616e-01 -5.20515442e-03
    2.48122811e-01 3.51255655e-01 2.48906314e-01 -4.41662341e-01
    1.58347964e-01 1.39630198e-01 -2.95678049e-01 -1.01176769e-01
    -2.28185833e-01 -1.17838770e-01 -2.43761480e-01 -3.53569746e-01
    -4.41875935e-01 -2.93045282e-01 4.35051084e-01 -2.46178508e-01
    2.29833841e-01 -1.54855043e-01 1.72346473e-01 -1.71129107e-02
    1.95485532e-01 -7.86756873e-02 -4.92575020e-01 6.30335212e-02
    1.33741558e-01 -2.07386076e-01 -1.50430441e-01 -3.75990719e-01
    2.07814813e-01 -6.36255741e-02 -4.22187865e-01 1.65945232e-01
    3.47590804e-01 1.74407363e-01 -4.98244971e-01 -1.54322445e-01
    1.57981396e-01 -5.07220209e-01 -6.61181211e-02 2.07659781e-01
    3.15330207e-01 -4.88004833e-01 -3.22749555e-01 -2.14566827e-01
    -4.70024347e-01 -5.61023116e-01 3.97425473e-01 -1.39547944e-01
    -4.04563457e-01 -4.53597307e-03 3.85896564e-02 1.20710433e-01
    -8.71341527e-02 -2.48227119e-01 -4.10537660e-01 4.98694181e-03
    -4.78198290e-01 -6.93058372e-02 -2.01594234e-01 3.91650736e-01
    2.51740754e-01 3.53395283e-01 1.25423014e-01 4.15404320e-01
    -1.50956511e-01 -5.94088733e-02 3.47522020e-01 -2.36911654e-01
    4.77758646e-02 8.34870338e-03 1.71324372e-01 4.56078947e-01
    3.78330290e-01 -2.21899807e-01 -2.88010329e-01 -1.95218801e-01
    -4.22250986e-01 -2.65377432e-01 1.54577136e-01 -7.81934857e-02
    -2.69266963e-02 -7.51343369e-02 -4.85483468e-01 -2.21840024e-01
    -3.54314804e-01 -4.26178038e-01 3.59721243e-01 -4.33412939e-01
    1.23840451e-01 -1.05403185e-01 4.55020666e-02 1.31182015e-01
    -2.64022052e-01 -3.03411752e-01 1.06735110e-01 3.60655487e-01
    -3.35012406e-01 1.69326663e-01 4.50292826e-02 -1.41539305e-01
    -1.97136223e-01 -2.48449296e-01 8.37920308e-02 -1.68599606e-01
    -1.82123333e-01 3.13871622e-01 1.83631480e-01 -1.13996714e-01
    -6.02024794e-03 1.44531190e-01 -8.36533606e-02 1.40487254e-01
    3.56917441e-01 4.19611633e-01 -3.73329520e-02 2.17583418e-01
    -5.12620926e-01 -3.58085364e-01 -2.31565714e-01 -2.65836895e-01
    2.26129889e-02 6.70971870e-02 -1.32716745e-01 -2.60512829e-02
    3.39773357e-01 2.33712912e-01 1.90696537e-01 -3.76196355e-01
    -9.64079499e-02 -3.40253443e-01 -4.82851267e-03 -3.50735426e-01
    -3.85040641e-02 3.33231747e-01 -1.93847716e-01 -3.12333286e-01
    2.15866625e-01 4.08921957e-01 3.27637315e-01 -4.73418832e-02
    1.30759537e-01 -2.26822555e-01 -3.89771670e-01 3.75398397e-01
    -6.76169395e-02 1.83452547e-01 1.62771523e-01 4.04791594e-01
    2.34162807e-01 2.06128299e-01 -4.74980742e-01 -3.82686645e-01
    -9.32925940e-03 -5.13890684e-02 -4.42707509e-01 -2.26902485e-01
    4.62805450e-01 -2.77696043e-01 -1.91015691e-01 4.21961665e-01
    -4.87632900e-01 -2.98885375e-01 -2.12898493e-01 -1.92155242e-02
    -3.56175452e-01 -5.22353649e-01 1.99633360e-01 -1.35096908e-02
    -1.12135112e-01 3.60598981e-01 -3.65370810e-01 3.90513062e-01
    -5.15350819e-01 -3.27312440e-01 3.44706774e-01 -4.36860234e-01
    -4.29537892e-02 -2.90553570e-02 2.04798877e-01 -4.00787592e-02
    -5.09255171e-01 -5.12301803e-01 -2.08030194e-01 7.03356266e-02
    -4.99381572e-01 -1.88161135e-01 -1.43604398e-01 -3.14772099e-01
    1.07410908e-01 -3.76580536e-01 3.91758740e-01 -4.46935326e-01
    4.32933688e-01 1.48106337e-01 -3.43013346e-01 -7.02180862e-02
    -3.18926215e-01 -1.53165609e-01 -1.78476036e-01 1.69396698e-01
    -1.92252755e-01 -4.47554678e-01 3.32764626e-01 -2.66042948e-02
    -1.83821976e-01 1.72347426e-01 2.65734851e-01 -2.21538007e-01
    -1.30192965e-01 -4.13873792e-02 1.83020234e-01 3.91020834e-01
    -4.97008651e-01 -1.18781626e-01 3.54986906e-01 -2.59810150e-01
    -8.59773755e-02 2.44289637e-01 -1.58470392e-01 -3.60489190e-01
    -4.04405683e-01 6.37769699e-06 3.78792107e-01 -2.62423158e-02
    3.45925987e-01 -9.80152488e-02 -4.34568912e-01 -5.44641495e-01
    -4.14368510e-02 -3.55941415e-01 -1.52356535e-01 3.51344466e-01
    2.92307854e-01 -5.34845412e-01 -4.83203083e-01 -1.60065144e-01
    -7.30679035e-02 1.78138018e-01 -4.35455412e-01 1.35644436e-01
    2.12931991e-01 2.12111890e-01 -1.36003494e-02 2.81868577e-01
    -1.72577024e-01 -2.48286128e-02 3.05758238e-01 -2.20389485e-01
    -5.67242920e-01 -6.35156631e-02 3.87666464e-01 -2.54549444e-01
    3.19023490e-01 3.12043607e-01 -2.24469036e-01 1.26530409e-01
    3.25101376e-01 1.48560464e-01 4.32239771e-02 -3.33613545e-01
    -5.45777857e-01 -3.06261837e-01 4.16864157e-01 4.11082745e-01
    1.25883341e-01 2.73240924e-01 -4.09160703e-01 3.66165459e-01
    8.14485550e-03 -3.20735753e-01 3.42754126e-01 2.72145212e-01
    -1.44525349e-01 -2.87051618e-01 3.46516907e-01 -3.00223410e-01
    2.68167615e-01 -4.41759825e-01 -3.46344948e-01 -2.08306730e-01
    4.34266150e-01 -1.11602724e-01 -5.57858407e-01 3.85751069e-01
    -5.64344525e-02 -4.72318113e-01 -3.24021161e-01 -5.65208673e-01
    -2.14151382e-01 -3.08537424e-01 -8.58085454e-02 -3.36510241e-01
    2.34220207e-01 -3.98180038e-01 -4.43079174e-01 7.96012282e-02
    -5.52455962e-01 -2.64179170e-01 -5.94565868e-02 3.88203144e-01
    3.97375107e-01 3.05767179e-01 -2.65435994e-01 2.20175445e-01
    7.21544027e-03 1.38336658e-01 4.02657390e-02 -2.68889070e-02
    2.90134847e-01 -3.36133242e-01 -4.48748380e-01 2.88479626e-01
    -2.42857039e-01 3.71988893e-01 -1.45257413e-01 -6.72405362e-02
    2.53000319e-01 4.29849148e-01 -4.75866228e-01 3.44397783e-01
    -4.34933901e-02 3.20526481e-01 -5.11726320e-01 4.24029946e-01
    1.63780510e-01 1.49018168e-01 -5.05465508e-01 1.67225897e-01
    1.09371245e-01 2.38507986e-02 2.77988911e-01 -9.27534997e-02
    -5.00659883e-01 3.93706560e-01 -3.91537994e-01 3.92264485e-01
    -3.06675196e-01 1.36534214e-01 -3.59495580e-01 1.92458630e-02
    -1.22535527e-01 4.72171366e-01 4.49873567e-01 -3.77518505e-01
    1.05694592e-01 -5.00833988e-01 -1.68329239e-01 2.00899601e-01
    -3.01915437e-01 -1.47508711e-01 9.52850580e-02 -1.80707037e-01
    -9.38111246e-02 3.61114502e-01 1.63335860e-01 4.49789166e-02
    -5.20605683e-01 -4.77856308e-01 3.85726035e-01 -2.60098338e-01
    4.02898252e-01 -3.99256796e-01 2.10142076e-01 -5.23752987e-01
    1.58974648e-01 2.87094355e-01 1.60894811e-01 5.68695664e-02
    3.17080617e-01 3.22570622e-01 3.28012109e-02 6.59465790e-04
    -1.84531122e-01 3.48809421e-01 -4.31994796e-01 -2.25089490e-01
    1.60958290e-01 1.93638086e-01 -5.56941032e-01 -5.57912529e-01
    -5.90687990e-02 3.55753124e-01 -2.67385602e-01 1.71542764e-02
    -1.77300900e-01 -2.38172531e-01 1.81806266e-01 1.58364773e-02
    -3.83421451e-01 -1.78312629e-01 -9.36200917e-02 3.83231699e-01
    4.20086801e-01 4.14162278e-01 3.54600489e-01 -3.66366476e-01
    -3.55864704e-01 2.80319691e-01 1.97932124e-02 -1.37403131e-01
    -4.98033822e-01 1.47047639e-02 -4.61633116e-01 -1.35498047e-01
    3.62199783e-01 6.11621737e-02 -1.29362375e-01 1.30072415e-01
    1.58123553e-01 1.86532617e-01 2.98256397e-01 -1.96090758e-01
    3.30454111e-02 -4.40304846e-01 3.80407453e-01 -1.22252047e-01
    3.44356477e-01 -1.03668004e-01 6.05883002e-02 1.31216645e-01
    9.88876820e-03 -4.61599529e-01 -3.18573087e-01 1.52670383e-01
    3.15346181e-01 1.70740962e-01 -4.12855744e-01 9.90149975e-02
    2.62638032e-01 1.82523310e-01 2.25477219e-01 3.03401530e-01
    -1.23499364e-01 -2.90412664e-01 1.68762505e-01 4.16904628e-01
    -4.01696563e-01 -4.76900727e-01 -5.49868643e-01 4.31562603e-01
    1.39149547e-01 -1.18435144e-01 -4.47574258e-02 -1.63597465e-02
    2.87403047e-01 -2.17928529e-01 -4.76646394e-01 -9.50005949e-02
    -1.09879196e-01 4.19170558e-01 -2.82962382e-01 2.12434947e-01
    -7.03907013e-03 1.61942899e-01 -2.98540384e-01 -4.39074904e-01
    5.80879450e-02 1.83977067e-01 -1.40064925e-01 9.53119993e-03
    4.11244512e-01 1.66009009e-01 2.68464684e-01 1.93105161e-01
    -5.31466305e-01 4.01134491e-02 1.21670604e-01 -9.57763195e-02
    3.17764103e-01 -2.86767185e-01 3.38973105e-01 3.62034440e-01
    3.41240764e-01 1.09295249e-01 -5.30073643e-02 -7.10759759e-02
    -1.30571902e-01 -4.33812827e-01 3.40634108e-01 -4.67488766e-02
    -2.63492465e-01 -4.87017721e-01 3.08654308e-02 -1.88349128e-01
    -5.08763254e-01 2.92897165e-01 -3.07676852e-01 -1.17100209e-01
    -4.33732599e-01 5.31259775e-02 -2.90920615e-01 3.88930678e-01
    1.96666002e-01 1.18241310e-01 3.88016880e-01 -2.55095541e-01
    -1.54656172e-03 -4.60093379e-01 -4.32139248e-01 1.84665024e-01
    -1.21165216e-01 2.13331938e-01 -1.61019981e-01 -3.87965083e-01
    2.55961716e-01 6.68024421e-02 -1.27286077e-01 -2.90879488e-01
    -4.95002419e-01 2.39849329e-01 -4.38947678e-01 -2.24742889e-01
    3.73790085e-01 3.72992575e-01 -5.18669367e-01 4.68984246e-02
    -8.91632736e-02 8.19468498e-02 -2.52377987e-01 2.16643274e-01
    -4.70357716e-01 -3.67812037e-01 -1.59714729e-01 5.86258769e-02
    -3.83192807e-01 -1.73165321e-01 -2.41318643e-01 -4.89542991e-01
    2.35008299e-01 2.49535263e-01 -1.47979736e-01 -4.98745829e-01
    -4.21425074e-01 -3.04082692e-01 3.17620635e-01 1.01860762e-02
    -2.91652530e-01 -5.23051679e-01 3.83904517e-01 -4.59887892e-01
    2.22757816e-01 -2.50764668e-01 2.10991979e-01 3.45916808e-01
    -4.25564915e-01 2.89953887e-01 -1.70493841e-01 3.53675008e-01
    1.40185118e-01 4.06884015e-01 -1.75805539e-01 -5.28308034e-01
    -2.28340805e-01 1.76836967e-01 -1.71786308e-01 -4.17174101e-02
    -6.54655695e-02 1.06612802e-01 3.72528911e-01 -4.61319923e-01
    -3.73393863e-01 -2.45750397e-01 1.45822644e-01 -2.17244238e-01
    1.32235050e-01 -2.31225550e-01 1.88991189e-01 -1.88624650e-01
    -2.64000952e-01 1.91214621e-01 1.29538178e-01 1.13729000e-01
    -5.42755961e-01 -5.00515103e-02 2.13198423e-01 -3.32103789e-01
    -2.40893781e-01 -1.20203376e-01 -2.50984788e-01 -2.20129132e-01
    -3.80991340e-01 -3.26196730e-01 -7.97528327e-02 -2.95265645e-01
    -1.60913289e-01 -2.82847971e-01 2.47734129e-01 -3.26269269e-01
    -1.44397885e-01 4.16562080e-01 -4.36905771e-01 1.25705302e-01
    -4.97362256e-01 -4.00497884e-01 -8.86756182e-03 -4.27234173e-02
    -3.59991491e-01 -3.76715690e-01 5.63105941e-02 -1.72863781e-01
    7.79501796e-02 2.38622606e-01 -1.88667238e-01 3.86643052e-01
    -1.17047250e-01 3.58590364e-01 -3.77790123e-01 2.43081570e-01
    1.64198875e-03 3.98704946e-01 -2.72663236e-01 3.50688338e-01
    -9.92625058e-02 1.45408511e-02 7.41430521e-02 -2.45054960e-01
    2.77700126e-01 2.40660250e-01 -5.22729874e-01 2.00916290e-01
    4.02539432e-01 3.78928661e-01 -4.30997282e-01 -8.19614530e-02
    -4.08216685e-01 2.38102078e-02 -5.79606950e-01 2.25353718e-01
    5.19083738e-02 1.61130607e-01 -5.65873206e-01 2.96791136e-01
    -3.53979290e-01 1.20825052e-01 -6.96364045e-02 -3.27606142e-01
    -2.35615373e-02 -2.78353989e-01 3.50176811e-01 1.03271008e-01
    1.02342308e-01 1.07582092e-01 3.37687373e-01 -5.42974472e-01
    -1.65222675e-01 1.50815487e-01 1.64530754e-01 -2.62541592e-01
    2.49430776e-01 -4.59586650e-01 -3.15351725e-01 1.65232718e-01
    2.64495730e-01 -5.16605377e-02 3.58662486e-01 -3.27661335e-01
    1.91810369e-01 -3.05252552e-01 -3.66929859e-01 3.67651165e-01
    3.33596468e-01 3.48809958e-02 -2.90945917e-01 1.05407238e-01
    4.05192018e-01 -3.17283005e-01 3.30274224e-01 2.28125572e-01
    6.92353845e-02 -3.75493914e-01 -1.54890925e-01 1.99017465e-01
    -4.22076464e-01 -2.89210349e-01 3.30042541e-01 -3.06843132e-01
    -1.52643651e-01 -1.32992327e-01 -2.55291283e-01 2.46312857e-01
    9.71802473e-02 -1.69367909e-01 3.18916321e-01 -3.13506007e-01
    2.75247395e-01 -5.03700614e-01 1.28613472e-01 -2.66741425e-01
    -1.82211876e-01 1.41391695e-01 4.29627895e-02 -2.22021341e-03
    7.86703825e-03 -1.70572668e-01 3.82910609e-01 -5.00046134e-01
    3.16883564e-01 1.42509937e-01 1.63473964e-01 1.08839035e-01
    -1.11305177e-01 -1.86605871e-01 -4.24424410e-01 -1.44291997e-01
    -5.26980937e-01 3.22482407e-01 2.72252321e-01 2.47430801e-03
    3.78813386e-01 -3.44768673e-01 -4.31541711e-01 2.79900849e-01
    2.73584664e-01 -8.63711536e-02 -2.86065042e-01 -3.75628263e-01
    2.65141189e-01 2.03879118e-01 -2.10335612e-01 1.37708604e-01
    -9.77611244e-02 3.09839368e-01 -2.34609187e-01 3.33942592e-01
    -4.79682684e-01 -2.96055257e-01 -2.70363092e-02 1.61604643e-01
    1.89215541e-01 -5.58268428e-01 -3.31452459e-01 3.96695733e-02
    3.47785354e-01 -5.51190972e-02 3.79968882e-02 -2.28983670e-01
    -5.36198616e-02 -4.48001474e-01 -5.60338914e-01 2.69543886e-01
    -2.15974957e-01 -4.76618320e-01 6.18016124e-02 -4.08861190e-01
    1.64928019e-01 -5.76181412e-02 -1.72184050e-01 5.26626110e-02
    3.37927580e-01 -1.43008173e-01 -3.53804648e-01 -3.02515864e-01
    2.07978964e-01 8.68533254e-02 -1.47409976e-01 2.78145671e-02
    1.05742097e-01 -4.73141551e-01 -5.48770726e-01 -2.59160519e-01
    -4.58317041e-01 4.22762871e-01 -4.54828829e-01 -2.56545007e-01
    -2.71479011e-01 -5.04480004e-01 -4.30411100e-02 -3.17746162e-01
    9.56089497e-02 2.45856643e-01 -1.17684335e-01 -1.17814541e-01
    1.24398351e-01 -1.09658241e-01 2.76469827e-01 -4.63526964e-01
    -2.87803292e-01 2.31766760e-01 -4.23716396e-01 2.80216873e-01
    -4.29281443e-01 -2.99022108e-01 -6.89074099e-02 -4.72128481e-01
    -3.75268847e-01 -4.00902629e-02 -2.03619599e-02 -3.19746286e-01
    -4.23925281e-01 1.20854199e-01 3.69238853e-02 2.04069018e-02
    3.66522610e-01 1.61129475e-01 3.60937357e-01 2.56583869e-01
    2.53008008e-01 -3.97864074e-01 2.05181837e-01 -3.97335351e-01
    -3.99050772e-01 -3.49473029e-01 -5.07324576e-01 -3.21321368e-01
    -1.50467604e-01 1.68966889e-01 -3.95503223e-01 1.03375077e-01
    -4.18159753e-01 2.59266198e-01 2.84074187e-01 -3.87180924e-01
    -4.75764275e-04 1.04845166e-02 -3.34600568e-01 -5.66226363e-01
    -2.06764042e-01 -5.19282401e-01 2.14289606e-01 -8.99271667e-02
    -3.32981855e-01 -1.96955502e-01 -4.53905404e-01 -4.38396364e-01
    -2.26409763e-01 8.75744820e-02 -4.44833636e-01 1.61704361e-01
    -2.85769761e-01 -8.55763257e-02 -1.87204838e-01 3.07337582e-01
    -3.79942507e-01 -4.43020433e-01 4.08621430e-01 4.44987059e-01
    -4.60728109e-01 -8.57090652e-02 2.34253466e-01 -3.44038785e-01
    2.33766556e-01 -4.61149573e-01 -4.11385417e-01 -2.96410680e-01
    -1.92706823e-01 -9.61325169e-02 -1.66063428e-01 2.44593978e-01
    -3.80636513e-01 4.69242692e-01 1.79119706e-01 -3.10540736e-01
    -1.69438988e-01 2.94751227e-01 -3.70424598e-01 2.16527998e-01
    6.36035204e-02 1.48204148e-01 4.57949162e-01 6.13775849e-02
    1.00312293e-01 -2.97561586e-01 7.30086565e-02 3.29650819e-01
    -1.20762825e-01 -1.50072515e-01 -2.81997770e-01 -2.02751964e-01
    -2.78451204e-01 6.75599575e-02 -1.99597359e-01 1.17435157e-01
    -1.77382827e-01 1.02112234e-01 -1.91992491e-01 -2.95023739e-01
    3.60646963e-01 1.09302104e-01 2.08269358e-02 1.61488354e-01
    -1.25661612e-01 1.15922689e-02 -3.75423968e-01 9.96073484e-02
    -5.69477558e-01 -7.28312731e-02 8.66001844e-02 3.64518106e-01
    -2.11457133e-01 -4.14336830e-01 1.02473974e-01 2.20299840e-01
    -6.65882230e-02 -2.89387465e-01 1.34829164e-01 -5.12233973e-01
    -3.58142495e-01 1.99677706e-01 7.71092176e-02 1.19434178e-01
    -3.62079740e-02 -4.83276546e-01 -5.25622606e-01 2.35619366e-01
    3.75907183e-01 -3.38348985e-01 2.47853100e-01 -4.24196124e-01
    -3.89697015e-01 3.65866840e-01 2.36752033e-01 -1.96785480e-01
    -2.03825295e-01 -3.42422724e-03 -1.36415511e-01 -2.32161939e-01
    4.34226215e-01 -2.02166140e-01 2.54043937e-01 -3.96976829e-01
    1.06392562e-01 1.93233430e-01 -5.26415169e-01 4.55211937e-01
    1.30966783e-01 -1.84174836e-01 -1.85569733e-01 3.23986232e-01
    -6.44096434e-02 -3.56010318e-01 -3.33384424e-01 2.66374946e-01
    1.96380317e-01 2.45668709e-01 2.05211401e-01 7.99479485e-02
    -1.59846663e-01 7.68766403e-02 1.19002461e-01 1.36012137e-01
    -9.63602960e-02 3.68564069e-01 2.32137501e-01 -4.10397083e-01
    -4.32230681e-01 -2.45937705e-02 -2.25161582e-01 -1.96150541e-02
    -9.89091396e-03 -1.38476819e-01 4.06698883e-01 -4.07719731e-01
    7.46046901e-02 -3.95291448e-02 -7.73134232e-02 1.87515914e-01
    3.64694774e-01 1.69276595e-02 -7.50968456e-02 3.88819635e-01
    4.17794108e-01 8.89286399e-02 -3.58574688e-02 -1.57026201e-01
    1.59489512e-02 -2.75800794e-01 -4.43973124e-01 -4.21867102e-01
    -5.03493249e-01 2.26670206e-01 1.15693808e-02 -8.85925889e-02
    -2.31567532e-01 1.58089399e-01 -3.31127137e-01 -7.47319758e-02
    3.27344596e-01 -5.18512130e-02 -4.62620229e-01 -7.72054195e-02
    4.19221878e-01 -2.54562080e-01 -3.62969041e-01 -5.06561279e-01
    2.55327344e-01 -1.52562678e-01 -4.23293740e-01 4.13927972e-01
    2.80015945e-01 4.03800011e-01 1.04714513e-01 -7.04706907e-02
    -2.22049117e-01 3.27433169e-01 1.08566880e-01 -1.23650730e-01
    3.96841288e-01 -4.39899594e-01 -2.44698107e-01 2.58553505e-01
    2.89650440e-01 -4.10625130e-01 -3.83295804e-01 3.42600703e-01
    -3.17343354e-01 3.55178773e-01 3.49597573e-01 1.56927884e-01
    -5.30075729e-01 -7.18633235e-02 3.71229231e-01 -4.16717023e-01
    -5.21192193e-01 -3.50486904e-01 2.25526452e-01 2.23836720e-01
    3.63258481e-01 -4.02963251e-01 -9.72050428e-03 -5.33456087e-01
    -3.22649300e-01 3.40385020e-01 -4.75799859e-01 -4.45805669e-01
    -2.70662189e-01 -5.30741036e-01 3.06862712e-01 2.77418673e-01
    -4.39223975e-01 2.37475634e-01 -3.80652100e-01 -3.37947011e-02
    -5.26150346e-01 6.99101090e-02 -5.32507062e-01 -4.40701395e-01
    -2.90369958e-01 -1.27975583e-01 2.77041197e-02 -2.88107097e-01
    2.83069789e-01 2.07286119e-01 2.98457742e-01 1.41567886e-01
    -1.83489382e-01 3.75395238e-01 1.29466951e-01 -3.21402609e-01
    -4.64038044e-01 -2.53594458e-01 -9.56286192e-02 2.45918632e-02
    -8.23855996e-02 1.83453918e-01 -2.84746975e-01 2.89887905e-01
    3.01642418e-02 3.73175740e-02 -5.58211803e-01 5.67169785e-02
    5.00040650e-02 -5.21193147e-02 3.82311881e-01 2.57330716e-01
    2.66253054e-01 2.82033861e-01 2.10473478e-01 -3.28899026e-01
    3.07312429e-01 -3.20584267e-01 -2.95846701e-01 -5.59957027e-02
    2.50646412e-01 -2.21056998e-01 1.16301656e-01 -5.01775742e-01
    -2.08680391e-01 2.10396230e-01 -4.33187753e-01 -1.95803344e-01
    3.12441587e-02 -3.31489384e-01 -5.37560582e-01 1.55866444e-01
    -4.29044515e-01 -2.14920551e-01 2.31718719e-01 -4.31025326e-01
    -3.66140336e-01 -3.98127556e-01 2.31972098e-01 3.02596152e-01
    4.18791234e-01 1.39911711e-01 1.29203022e-01 1.47289038e-01
    -3.16596895e-01 -2.56556869e-02 -8.11066628e-02 -8.84183049e-02
    3.44926596e-01 2.00716317e-01 -1.10663742e-01 -3.68764997e-01
    4.70487714e-01 1.57895863e-01 4.78477478e-01 -4.14678901e-01
    1.53173745e-01 -3.96000713e-01 -1.92765653e-01 -7.91822672e-02
    4.13543940e-01 -2.14699745e-01 3.13721716e-01 -2.17524916e-01
    3.24318945e-01 3.96581888e-01 4.51546907e-02 -3.68566424e-01
    -4.58161831e-02 1.45890117e-01 -6.41367435e-02 2.10812151e-01
    -9.22455788e-02 -1.11941814e-01 -4.62449700e-01 -1.46169066e-02
    -5.37880123e-01 3.31297874e-01 -1.11606002e-01 1.73228860e-01
    3.75854969e-02 -8.65348577e-02 -2.55267322e-01 -4.69467521e-01
    4.80023026e-02 -2.44802475e-01 1.85076118e-01 -2.76629001e-01
    -9.44447517e-03 -5.53682745e-01 -4.46265817e-01 3.61069202e-01
    1.39736116e-01 -6.65658116e-02 -1.98008984e-01 1.11736417e-01
    -2.74754524e-01 2.03652561e-01 -3.09538841e-02 -2.95117795e-01
    -5.10693789e-01 -2.22921848e-01 -2.57334679e-01 -1.22606099e-01
    5.24827242e-02 -4.94401604e-01 -1.09300941e-01 -2.80232221e-01
    -9.53102112e-03 -5.62527895e-01 3.22791338e-01 -1.70147181e-01
    -1.83886886e-01 -1.38328195e-01 2.03547359e-01 -2.03624606e-01
    1.16065145e-02 2.86769927e-01 1.45923793e-01 1.68186367e-01
    2.42602587e-01 -5.76934218e-02 -1.78341985e-01 -5.07653475e-01
    -1.57874227e-02 2.93431044e-01 8.53735209e-03 -5.06005287e-01
    -3.32956493e-01 -3.69279474e-01 -8.89379382e-02 4.27448928e-01
    1.36997104e-01 3.78331423e-01 -6.83580041e-02 2.64645755e-01
    4.53885555e-01 -4.42463040e-01 4.06417489e-01 9.18655396e-02
    5.62183857e-02 -4.25752878e-01 2.40985453e-01 2.93099880e-03
    -5.47438741e-01 -1.00413710e-01 4.21096981e-01 -4.76025343e-02
    2.26893127e-01 -2.07117677e-01 1.67285800e-01 8.68341327e-02
    -1.18042737e-01 1.53789997e-01 3.54483783e-01 -3.30923647e-01
    3.40379775e-01 1.54828668e-01 -4.64428455e-01 3.83972049e-01
    4.30243433e-01 -4.21873331e-01 -2.95290828e-01 -1.45237356e-01
    -4.69592720e-01 -1.46113634e-02 -2.96739638e-02 3.49593163e-01
    -3.40947479e-01 1.56062186e-01 2.51569927e-01 7.05218315e-02
    -1.98719621e-01 3.83891642e-01 3.71323228e-02 1.61585212e-01
    -2.41751492e-01 2.07546115e-01 -3.48565012e-01 -1.09162927e-02
    3.83640051e-01 3.74338627e-02 -2.86889523e-01 1.25685036e-01
    5.78907728e-02 9.91244912e-02 2.38285422e-01 2.27983832e-01
    -9.65949595e-02 -2.17212915e-01 2.65516520e-01 -3.43423575e-01
    8.05295110e-02 1.05377555e-01 1.58645093e-01 -6.00659847e-02
    -7.57299662e-02 -1.83536172e-01 -1.34313017e-01 6.01817966e-02
    -2.64390588e-01 -3.77816170e-01 -1.99331403e-01 -2.00860918e-01
    -4.66990024e-01 -1.05321020e-01 3.10043156e-01 2.20726073e-01
    1.00250125e-01 1.30581856e-02 -8.51566195e-02 -4.76163745e-01
    -4.91983473e-01 3.98936510e-01 -9.20934677e-02 6.70264959e-02
    -3.83045584e-01 9.74302888e-02 -3.29716891e-01 -2.42732704e-01
    7.38817453e-02 -2.02802539e-01 -3.27783823e-03 4.22088504e-02
    -4.54537868e-02 -4.47516590e-01 -4.67772722e-01 -3.62276167e-01
    1.27729893e-01 -3.40817511e-01 -3.54927182e-01 -1.20113701e-01
    3.39613914e-01 -5.40162265e-01 -3.77903551e-01 3.98690760e-01
    3.29904616e-01 -1.44029200e-01 -2.58031338e-01 -6.54229820e-02
    -1.13655388e-01 -4.04301345e-01 3.89190376e-01 3.60566974e-01
    3.48354876e-01 -2.43620753e-01 -5.74104190e-02 2.35501587e-01
    1.72248900e-01 6.97481632e-02 -9.86372232e-02 1.33386970e-01
    -5.08480608e-01 3.33846807e-01 1.98169291e-01 -3.88357580e-01
    -3.38611037e-01 -1.01033896e-01 4.11934018e-01 1.44071400e-01
    2.60893404e-01 2.26070046e-01 2.13259459e-02 -2.78924346e-01
    -4.16303664e-01 -1.81502342e-01 1.69982731e-01 -4.60256934e-02
    4.46474731e-01 -1.84258044e-01 4.50875163e-02 1.36582911e-01
    4.34512019e-01 7.01324940e-02 -2.15160400e-01 4.28155959e-01
    1.78570151e-01 -1.51877403e-02 -5.47135234e-01 2.22485960e-01
    2.60361671e-01 2.90059566e-01 -5.25826454e-01 2.92432606e-01
    -9.42990184e-02 2.45156050e-01 2.48596072e-01 -1.71526372e-01
    -4.29351687e-01 1.81310415e-01 2.09364295e-01 -1.67844951e-01
    -8.63308907e-02 4.41982746e-01 2.33436882e-01 7.53237605e-02
    -2.41813421e-01 4.49429572e-01 -2.26116598e-01 1.95376873e-02
    2.04592586e-01 -1.85106456e-01 1.35356188e-01 -2.64613956e-01
    -4.14183140e-02 4.25915718e-02 -2.33735442e-01 -1.23749614e-01
    -1.39808923e-01 -4.54914868e-02 1.30694807e-01 -4.14239645e-01
    -2.79634595e-02 -5.07896185e-01 -4.67283189e-01 -4.27335024e-01
    -1.37116492e-01 2.11124659e-01 3.66718769e-02 3.41325045e-01
    -3.74736667e-01 -7.39899576e-02 4.34189737e-01 1.03763223e-01
    1.35939777e-01 4.30703163e-02 -1.66242421e-01 -4.51244980e-01
    -8.17237496e-02 -4.87465411e-01 -1.52784109e-01 3.67904425e-01
    -3.58773261e-01 -3.31709713e-01 -5.50790071e-01 4.34682071e-01
    2.48982131e-01 -2.10728288e-01 -1.36648834e-01 -2.65475422e-01
    -2.80705214e-01 -3.06465685e-01 9.10910964e-02 -3.79619718e-01
    7.71582127e-02 -8.27536583e-02 3.52489471e-01 3.59837413e-01
    -4.63525921e-01 2.34031320e-01 -3.18178713e-01 -2.41772562e-01
    5.39948344e-02 -4.64718342e-02 1.73117816e-01 4.05603945e-01
    -1.51048750e-01 4.63576317e-02 -1.64948553e-01 2.07274020e-01
    -3.10244888e-01 2.51715243e-01 -5.33747673e-02 2.33286858e-01
    3.79709601e-02 2.53903747e-01 3.14966738e-01 -3.89504343e-01
    -5.67142963e-01 2.65639603e-01 -5.52954078e-02 -1.33897215e-01
    -7.09230900e-02 -4.37763512e-01 2.05352843e-01 3.66251409e-01
    -4.87437338e-01 3.68934631e-01 -9.09266770e-02 1.52316451e-01
    -1.31659389e-01 -3.79043281e-01 -1.40907466e-01 -1.32363379e-01
    2.52721906e-02 -3.47629964e-01 -1.90504879e-01 -4.44359332e-01
    1.43548965e-01 -5.42452097e-01 -5.15223622e-01 -1.20084614e-01
    1.02986336e-01 8.74031186e-02 -2.48031944e-01 -4.81695265e-01
    3.30761075e-02 -1.95579529e-01 1.71579659e-01 5.00379205e-02
    -3.31840605e-01 -1.11647725e-01 3.69728804e-01 -1.13365948e-01
    -1.37482852e-01 2.70024955e-01 2.95627117e-03 1.61212623e-01
    -1.29066885e-01 -1.57302529e-01 -2.19223261e-01 -2.77657658e-01
    -3.93092513e-01 -6.28007054e-02 3.56227398e-01 -2.07621694e-01
    8.24831724e-02 -4.51828629e-01 3.26410234e-01 3.72106731e-01
    -4.54755723e-01 1.47131324e-01 -1.24591053e-01 -4.36872989e-01
    4.05205011e-01 -3.90532613e-02 -4.50244367e-01 -3.64831686e-02
    -2.59646893e-01 -4.26174402e-01 1.82874799e-01 -5.23089826e-01
    -3.62012476e-01 -3.00198972e-01 -5.32580137e-01 1.10231519e-01
    -1.30670995e-01 3.88868511e-01 -1.74514413e-01 2.85923481e-01
    -4.27510679e-01 2.53742337e-02 -1.42071158e-01 -5.14716506e-02
    6.34551048e-02 1.79648161e-01 -4.90782857e-02 -1.93846554e-01
    -3.64226431e-01 4.02711034e-02 2.83803999e-01 2.72534966e-01
    -5.66656411e-01 -3.10506761e-01 -2.60557681e-01 -4.52387065e-01
    -1.92105591e-01 2.12009728e-01 -4.89530742e-01 -4.56773400e-01
    1.28766894e-02 -3.77194196e-01 -5.27185023e-01 -1.11392230e-01
    -1.83263123e-01 1.72264874e-01 3.42043579e-01 4.20850158e-01
    1.59251392e-01 -4.71605927e-01 -1.71919852e-01 -1.14645749e-01
    1.47812903e-01 -1.89845800e-01 2.57791460e-01 7.87304640e-02
    4.08166468e-01 -4.16330010e-01 3.88877213e-01 -2.54113972e-01
    -4.77645993e-02 1.74230933e-01 7.36254454e-03 3.79926205e-01
    2.97284365e-01 -4.01500672e-01 3.66796136e-01 -3.50182205e-01
    -4.99576569e-01 -1.59879446e-01 -3.74169320e-01 -2.90580213e-01
    -1.13960773e-01 -4.61049467e-01 3.17846775e-01 2.65552819e-01
    1.11822844e-01 8.99788141e-02 6.75972104e-02 4.29128408e-02
    2.00892866e-01 8.39976072e-02 1.67522013e-01 -1.17502898e-01
    -1.78211957e-01 -2.91451633e-01 -3.63106847e-01 6.73508644e-03
    3.78001332e-01 -2.01993406e-01 -4.71973300e-01 -1.00589275e-01
    2.06582546e-02 1.21678174e-01 -2.29714334e-01 2.60357797e-01
    -2.26270914e-01 -5.10705948e-01 3.90244305e-01 3.60829353e-01
    -1.13969803e-01 -1.71266794e-02 2.01658249e-01 2.21479833e-01
    -1.96339160e-01 7.10306764e-02 7.99988508e-02 3.22228670e-02
    -1.21800125e-01 2.96152234e-01 -4.54152822e-01 -6.94971681e-02
    -3.30706567e-01 -4.08995152e-01 -4.48695540e-01 2.43603647e-01
    2.60514140e-01 -9.89813209e-02 1.27015114e-02 3.32608938e-01
    3.82471085e-01 7.66198039e-02 -4.04669732e-01 -3.01085860e-01
    2.40913332e-01 -3.47829074e-01 -3.72842520e-01 2.12009788e-01
    -5.02897978e-01 -3.55192661e-01 -4.24598515e-01 -8.29366744e-02
    4.02011275e-01 1.41993463e-01 2.95080960e-01 -5.08167863e-01
    6.68060780e-03 2.82982707e-01 -1.79287910e-01 5.46069741e-02
    -1.38746798e-01 -2.87101567e-02 -7.82146454e-02 9.62719917e-02
    -3.45616490e-01 7.16791749e-02 -1.56488925e-01 1.69278204e-01
    2.21819758e-01 -6.39990568e-02 -2.63098955e-01 -4.91480619e-01
    8.88659954e-02 -8.36724043e-02 3.15789044e-01 -1.32540524e-01
    1.53699994e-01 -3.96799475e-01 1.60280526e-01 -8.69791210e-02
    -2.94557810e-01 -1.23098016e-01 -1.14207447e-01 -4.54740763e-01
    1.04632080e-01 -3.99687648e-01 2.62699723e-01 2.55946338e-01
    1.22508645e-01 -3.96045446e-02 -4.27708626e-02 -2.21776783e-01
    2.59987056e-01 2.04975605e-01 -4.68472034e-01 1.57481015e-01
    -3.95478278e-01 1.83843374e-01 -3.39144796e-01 -1.96546257e-01
    -3.40121835e-01 -1.00085288e-01 -9.41956043e-02 -5.76550364e-02
    -1.74522549e-01 -3.55759919e-01 -4.39107805e-01 1.09157860e-01
    2.40550637e-02 -5.34329712e-01 2.12532341e-01 4.00558650e-01
    -1.49467051e-01 3.41192067e-01 3.55694234e-01 3.88687849e-03
    -5.01354337e-01 8.57215524e-02 1.01003826e-01 3.44967484e-01
    2.36326933e-01 -3.05543214e-01 3.70999038e-01 -1.97890043e-01
    2.68553615e-01 7.85279274e-02 -5.01950979e-02 4.35507894e-02
    2.19236314e-01 8.93565416e-02 3.91198277e-01 -3.40544343e-01
    2.64784157e-01 -9.92651284e-02 -1.83018684e-01 -5.04352987e-01
    3.44579697e-01 -3.02593291e-01 8.02837014e-02 -2.84778059e-01
    -1.92836702e-01 -2.29642391e-01 -5.20098448e-01 -2.38626450e-01
    -5.34285307e-01 -7.80598521e-02 -5.51149786e-01 3.40557337e-01
    4.10332501e-01 1.18476450e-01 2.27788150e-01 2.66920269e-01
    -1.76457852e-01 -3.58197927e-01 3.51257801e-01 -5.71683764e-01
    3.27842534e-01 -4.39305872e-01 -3.97037476e-01 -4.86251593e-01
    -3.04767013e-01 -3.02021444e-01 -2.89566576e-01 -4.26390797e-01
    -1.82884753e-01 -3.77143621e-02 -1.21260017e-01 -4.39145565e-02
    8.18048716e-02 3.83532166e-01 -3.76016438e-01 -1.56695813e-01
    -1.07939243e-01 -8.55289698e-02 -1.80220783e-01 3.64548147e-01
    -4.49020952e-01 1.04817569e-01 2.52929688e-01 -4.97949332e-01
    4.58574176e-01 3.06255758e-01 4.57533717e-01 1.75516963e-01
    1.20749414e-01 -5.62569499e-02 -1.79208457e-01 -2.87204415e-01
    -2.66273499e-01 -5.11345029e-01 -1.26546621e-02 2.58521318e-01
    -3.04162532e-01 -3.09745997e-01 2.32345819e-01 -5.00152469e-01
    1.26120865e-01 2.52944112e-01 -1.61251307e-01 1.51777983e-01
    -2.19197571e-01 2.71930337e-01 5.73698878e-02 -4.73664016e-01
    4.12338436e-01 1.44131780e-02 2.38788009e-01 2.80333757e-02
    1.05971873e-01 -2.29113400e-01 2.32663155e-01 2.84728825e-01
    1.70371532e-02 -2.30384648e-01 -2.07455248e-01 -1.10765845e-01
    -1.16972268e-01 3.03092182e-01 -2.47976840e-01 -3.87007296e-01
    -5.36748052e-01 -8.33324194e-02 7.50103593e-02 -9.86416042e-02
    7.74729252e-02 9.82793570e-02 -5.54105520e-01 -3.00763875e-01
    4.28073287e-01 -3.32819700e-01 -3.91632229e-01 3.64351749e-01
    -2.57959157e-01 2.79223204e-01 3.27002704e-01 1.11000240e-01
    1.98836267e-01 9.90894437e-02 -2.80933678e-01 -1.24702364e-01
    3.71784389e-01 -5.21486878e-01 -1.53298378e-01 3.59311163e-01
    -4.65966195e-01 2.04353511e-01 3.23179066e-01 -4.99762058e-01
    3.05355251e-01 1.38621569e-01 2.27016568e-01 4.16765392e-01
    -3.48402888e-01 -8.00204277e-03 1.27283037e-01 2.37146020e-01
    -4.34888095e-01 5.98704815e-03 3.85563791e-01 4.31503534e-01
    2.24211931e-01 9.88513231e-02 -2.47863084e-01 -5.23265600e-01
    -1.91971123e-01 -7.93049037e-02 1.20859146e-02 3.57156694e-01
    4.16015983e-01 -5.34868002e-01 4.06508744e-01 4.07332599e-01
    -2.31565833e-02 1.41468465e-01 -3.51855755e-02 8.65154266e-02
    -2.26238698e-01 3.80176783e-01 -6.55506551e-02 -1.09746754e-01
    2.18214035e-01 1.50306761e-01 -4.94764149e-01 7.28344917e-03
    -4.15086150e-02 -3.59623402e-01 4.23318923e-01 -4.76642817e-01
    9.18754935e-02 1.37956321e-01 7.97553658e-02 -5.34989238e-02
    -9.33229327e-02 -2.76241899e-02 -8.58127773e-02 3.84738684e-01
    2.08321929e-01 -5.01150131e-01 -4.17447478e-01 2.14289427e-02
    -5.33810079e-01 3.96753311e-01 3.04112494e-01 2.49305964e-02
    4.18536246e-01 2.34278381e-01 3.62484932e-01 5.58960438e-03
    -3.56367439e-01 -9.26530659e-02 -2.90488541e-01 -3.47301155e-01
    -3.61277044e-01 -4.45410579e-01 -1.42121911e-02 -4.20849562e-01
    -8.18558633e-02 2.01968908e-01 1.30107462e-01 2.09660769e-01
    -4.70387071e-01 -3.66434783e-01 8.72418880e-02 -3.95796388e-01
    2.22688437e-01 9.40065980e-02 -2.67397553e-01 -3.66488189e-01
    3.36491466e-02 -3.10060292e-01 -1.58790350e-02 4.40243483e-01
    -3.58611345e-01 -4.03073579e-01 -4.80763555e-01 -4.27820861e-01
    -1.47489667e-01 -4.58114237e-01 -2.28739142e-01 2.44751632e-01
    -4.38226312e-01 -2.20762223e-01 -4.34803069e-01 4.00156319e-01
    1.56860173e-01 -5.54807425e-01 -5.29133201e-01 -2.48945564e-01
    -4.58686441e-01 1.71710193e-01 3.04837704e-01 -1.77457750e-01
    -2.55790770e-01 3.04736018e-01 4.18889463e-01 -2.53208816e-01
    5.39044738e-02 3.14875424e-01 2.92064071e-01 4.12115276e-01
    -5.18273711e-01 -3.15981209e-01 -5.50619960e-01 -4.29569334e-01
    -4.70718622e-01 -3.70049745e-01 4.23872292e-01 1.44124627e-01
    3.06463838e-01 -2.43125796e-01 8.00974369e-02 1.52023256e-01
    1.64310753e-01 -2.82087982e-01 -1.00064576e-01 -2.08745718e-01
    -1.81076318e-01 2.80161500e-01 3.68069410e-01 3.09671223e-01
    1.72313631e-01 -1.14619762e-01 1.52405083e-01 -4.38593090e-01
    1.45861864e-01 -2.72713184e-01 -4.57636833e-01 -5.03264070e-01
    -2.14252710e-01 2.18588054e-01 1.26816869e-01 -3.57999176e-01
    -3.33471119e-01 3.54851007e-01 -5.16460776e-01 -5.15002489e-01
    -3.86719704e-01 -4.68749911e-01 2.04828322e-01 -3.69642764e-01
    3.97103906e-01 -4.78326797e-01 4.04750705e-02 -4.56729680e-01
    -3.70031983e-01 -4.94075865e-01 -3.36147428e-01 2.40291536e-01
    2.42240071e-01 3.11169326e-01 -2.35794663e-01 2.36800671e-01
    -3.93745750e-01 -1.89315021e-01 -4.78683770e-01 -1.99200928e-01
    -3.60839754e-01 3.02787781e-01 -3.52102965e-01 -3.37351233e-01
    1.12055779e-01 -4.02870744e-01 -2.18741685e-01 1.17285430e-01
    -3.78460169e-01 1.04863346e-01 -4.35311109e-01 3.88023257e-02
    6.52724504e-03 1.76797509e-01 3.54838729e-01 2.79832125e-01
    -3.59078586e-01 4.37918425e-01 4.41930890e-01 -3.82256448e-01
    2.49299526e-01 -2.31712639e-01 1.60573661e-01 1.01615012e-01
    -3.30573112e-01 2.62045264e-02 -5.29613614e-01 -1.08570844e-01
    -1.43957287e-01 -3.38255137e-01 -4.67724890e-01 -2.73406148e-01
    3.71388316e-01 2.19106972e-01 3.75598431e-01 -4.82977092e-01
    2.11445630e-01 -4.84392256e-01 1.70769691e-02 -3.99820030e-01
    -3.11212271e-01 -1.28420442e-01 -1.55472755e-02 -1.14423633e-02
    1.21780157e-01 -3.26185226e-01 -1.44128650e-01 -9.57867205e-02
    -2.19732463e-01 3.61917019e-01 -1.41001642e-01 1.74492776e-01
    6.73848391e-03 3.69858742e-02 3.85269523e-01 -2.82430500e-01
    -2.16370225e-02 3.61025751e-01 3.42822492e-01 -6.05847239e-02
    -1.76267982e-01 -4.07757908e-01 -4.89428788e-01 8.53219032e-02
    -1.79031283e-01 3.43205214e-01 -3.75380576e-01 -2.03269333e-01
    -9.18562114e-02 2.57996380e-01 3.60048115e-01 7.34908581e-02
    -8.19735527e-02 -5.12965798e-01 1.87110901e-01 1.02528453e-01
    5.83586693e-02 -7.45984614e-02 3.92333269e-01 -1.15136266e-01
    -1.28118217e-01 1.81685746e-01 -2.76978612e-02 3.27341199e-01
    -4.42785174e-01 -2.47887969e-02 3.94840598e-01 1.35511339e-01
    1.32916868e-01 4.88844514e-02 -1.15341663e-01 -5.39631248e-01
    -2.60149568e-01 1.26059055e-02 2.19579101e-01 -4.26713675e-01
    -4.18084651e-01 -6.68282211e-02 -1.87764376e-01 8.30422640e-02
    3.32099259e-01 1.26506925e-01 1.32967174e-01 -9.13799703e-02
    -3.77792269e-01 -5.33438087e-01 -4.38940346e-01 -3.90511990e-01
    1.47552609e-01 -2.13304430e-01 3.07729661e-01 4.31219995e-01
    -2.79489040e-01 2.99237192e-01 -2.21074522e-01 -3.62080902e-01
    -3.73644263e-01 5.06518483e-02 3.66785347e-01 3.93202305e-02
    -4.89039510e-01 2.63205469e-01 4.25963938e-01 -2.18065560e-01
    2.13641524e-02 -2.13951379e-01 3.03865254e-01 4.02899563e-01
    2.93974280e-02 -4.14811969e-02 -3.45979095e-01 -3.42524052e-03
    4.45785761e-01 2.13771284e-01 -1.48786873e-01 -1.28732264e-01
    3.15378964e-01 -3.34293246e-02 -4.84218836e-01 -1.82924718e-01
    -4.83534038e-01 -3.40465665e-01 -4.22375083e-01 -4.86307025e-01
    2.98327625e-01 -9.92372632e-02 -3.48076969e-01 -1.70392931e-01
    -3.06800038e-01 -4.76353496e-01 1.23770237e-01 -5.36887944e-02
    1.67377889e-01 -9.61722136e-02 2.16546059e-01 -2.41592467e-01
    -4.78575915e-01 1.89154923e-01 3.97642195e-01 -6.94221258e-03
    -4.67939496e-01 -2.14485347e-01 -3.04989815e-02 -2.48950690e-01
    -4.18173552e-01 -3.12577069e-01 -5.00016510e-02 -1.41682744e-01
    -1.17047518e-01 3.93039465e-01 3.82244170e-01 1.78310037e-01
    2.26755202e-01 -4.52988893e-01 2.64231205e-01 9.23264027e-03
    1.19672179e-01 -3.68076712e-01 -3.98882747e-01 -3.51454586e-01
    -2.03332126e-01 3.71311843e-01 -7.16297328e-02 -3.42489451e-01
    2.06277430e-01 -5.27970195e-01 -4.61459160e-02 -1.37850642e-02
    -4.66037065e-01 -4.42032874e-01 -4.16600287e-01 3.69688272e-02
    -3.00895154e-01 9.21040177e-02 2.33361900e-01 1.75975323e-01
    2.03184843e-01 2.95213461e-02 8.59006047e-02 4.15704072e-01
    -2.70485878e-02 -4.36941922e-01 -1.94624841e-01 2.12165117e-02
    2.67221212e-01 -9.64567959e-02 2.70673037e-02 2.55645275e-01
    3.35918188e-01 -3.83034348e-02 4.58596349e-02 -2.03564644e-01
    1.49276793e-01 -2.95458138e-01 4.13475394e-01 2.89548099e-01
    -2.70135373e-01 -3.12613606e-01 -5.46099901e-01 3.19536805e-01
    -2.93813974e-01 -5.67182064e-01 1.61287665e-01 4.00525272e-01
    -3.10237110e-01 -5.90640903e-02 -2.00020671e-02 -1.38282776e-05
    1.81635201e-01 -3.30879688e-02 2.56524205e-01 4.33387280e-01
    -4.04657513e-01 -4.99193668e-02 -1.00881159e-01 -2.30074406e-01
    -1.12154603e-01 -5.02638817e-02 -2.21319139e-01 -5.36996782e-01
    -3.60069990e-01 -5.40979385e-01 2.57875860e-01 -5.29816508e-01
    2.19248772e-01 3.00975204e-01 2.22057402e-01 1.34029448e-01
    4.25837040e-01 -4.95508909e-02 1.38080120e-02 -5.56980729e-01
    -1.34159654e-01 -2.99209446e-01 -3.57398272e-01 -3.75343412e-01
    2.96107709e-01 6.65047169e-02 3.37239683e-01 -2.36337364e-01
    1.38638318e-01 2.57422090e-01 -4.02888268e-01 -1.51434809e-01
    2.81900227e-01 4.44995165e-02 4.09134746e-01 -3.55691612e-01
    -1.26363039e-01 -1.62450790e-01 2.10625768e-01 1.60019398e-01
    -4.65474844e-01 -8.75762701e-02 -1.77839160e-01 1.62243366e-01
    -2.89034247e-01 3.25312018e-02 -3.10565531e-02 -3.76652926e-01
    1.49449289e-01 -7.60267675e-02 -2.77291894e-01 9.27771926e-02
    4.04987454e-01 2.35548019e-01 1.15790784e-01 5.26067019e-02
    -5.08772850e-01 3.36906314e-02 -2.62634218e-01 2.79692352e-01
    3.18134010e-01 8.42798948e-02 2.88160622e-01 -4.28396851e-01
    -2.52440244e-01 3.29601526e-01 -4.05253708e-01 -4.72611129e-01
    2.16517448e-02 -2.48573482e-01 3.83461177e-01 4.16021347e-02
    3.15897048e-01 3.27625990e-01 -2.07120180e-01 -2.55842447e-01
    5.27420044e-02 -3.95474374e-01 2.93989360e-01 -2.05667078e-01
    -2.82258511e-01 1.53161824e-01 -4.90086675e-02 -5.24733424e-01
    2.86832333e-01 -1.14796758e-01 -9.12958980e-02 -1.40477240e-01
    -3.68916571e-01 -2.60241866e-01 -3.35834831e-01 1.77901745e-01
    3.27345729e-01 1.79100454e-01 -4.48344260e-01 -5.56674957e-01
    -1.33945972e-01 -3.19116920e-01 -1.61506563e-01 1.49225891e-01
    2.80004203e-01 -3.74652833e-01 -4.48206037e-01 -1.08473063e-01
    2.09612846e-01 1.15915000e-01 5.55642247e-02 -2.05671549e-01
    -8.29532743e-02 4.38388526e-01 1.53133273e-01 -3.24622124e-01
    1.34250343e-01 -1.71464562e-01 4.25136924e-01 -1.73293948e-01
    4.33422923e-01 -2.02900469e-01 8.77787471e-02 5.02974391e-02
    -1.88012838e-01 -3.39807689e-01 1.36925697e-01 9.90080833e-02
    -1.36011511e-01 -2.55534470e-01 -5.61361611e-02 6.63679838e-02
    -3.99549633e-01 -2.10831046e-01 3.11239123e-01 4.50330079e-01
    -5.37515402e-01 -1.69119775e-01 -7.06891418e-02 -1.24529094e-01
    3.22395682e-01 -2.79941380e-01 2.47802436e-01 3.46619487e-02
    -3.09274077e-01 3.60378325e-01 -4.61516142e-01 -1.00748956e-01
    -4.67312366e-01 -4.62128580e-01 -2.47694939e-01 7.91755915e-02
    8.54134560e-03 2.79334307e-01 4.90913391e-02 2.73030579e-01
    3.23467195e-01 2.76371837e-01 -4.20581341e-01 4.43464994e-01
    2.26106346e-01 -7.58873522e-02 -4.31804568e-01 2.79899240e-01
    6.93452954e-02 2.56274164e-01 -8.17124546e-02 8.57995749e-02
    4.47484970e-01 -4.90688175e-01 3.15995216e-02 -3.07111979e-01
    -5.45334220e-02 -4.05097395e-01 4.46599424e-01 -4.55772370e-01
    -2.00703382e-01 -6.20308816e-02 2.09160745e-01 -4.17298079e-02
    -3.51106972e-01 1.85406983e-01 -3.40624005e-01 -8.58260393e-02
    -5.84411621e-02 1.23115540e-01 -2.41909623e-02 -2.48881668e-01
    1.13076627e-01 -2.74407446e-01 -9.17241275e-02 2.63987184e-01
    -2.65436739e-01 7.24549294e-02 -1.47079080e-01 3.20341408e-01
    3.15266609e-01 4.23445284e-01 -3.81320089e-01 3.96409690e-01
    -3.07468563e-01 1.80576921e-01 3.35830152e-01 -2.83683717e-01
    -2.96311796e-01 -1.14227384e-01 -5.09873927e-01 -1.94927096e-01
    3.06336284e-01 6.01481795e-02 -2.15743423e-01 3.17214847e-01
    3.58100355e-01 -1.59029841e-01 -1.08905852e-01 -3.92194480e-01
    -5.54377079e-01 -1.58848733e-01 2.35412180e-01 -9.14555788e-02
    3.24136496e-01 1.56097472e-01 4.19310153e-01 -2.43932515e-01
    1.39594615e-01 -5.63509405e-01 -2.16925532e-01 -4.95005578e-01
    -9.45243835e-02 -4.48687464e-01 -5.28817952e-01 2.69580305e-01
    -5.84904552e-02 -2.46081620e-01 2.60171890e-02 -4.05122221e-01
    -1.57369971e-02 2.28746653e-01 1.70893073e-02 6.36320114e-02
    -5.48039138e-01 -9.43056941e-02 -4.56097156e-01 -8.28861892e-02
    1.50330544e-01 4.18165147e-01 9.38629508e-02 -2.30346411e-01
    -4.46720093e-01 1.01296246e-01 -2.41392732e-01 -5.61649323e-01
    -3.31440449e-01 3.13800156e-01 4.27629113e-01 2.20517755e-01
    9.98888612e-02 1.61933720e-01 -4.71414655e-01 -8.35764110e-02
    -1.98941648e-01 -1.16688818e-01 -1.20263040e-01 -2.99356163e-01
    -6.38658106e-02 4.35107648e-01 3.59405279e-01 1.83304846e-01
    -1.81671560e-01 -3.86287242e-01 2.30910659e-01 4.00803208e-01
    3.25869381e-01 2.96007454e-01 -3.15873832e-01 -1.60317957e-01
    -5.48721671e-01 4.26267207e-01 -3.69828016e-01 3.79278481e-01
    -4.51212406e-01 4.07803059e-03 4.45251226e-01 -5.31082273e-01
    3.40208292e-01 1.27905250e-01 -2.21255243e-01 3.64673197e-01
    4.37757015e-01 -1.76896214e-01 -5.99332750e-02 -1.67024374e-01
    2.73156583e-01 -1.07396811e-01 2.01147318e-01 -1.50593102e-01
    -1.88685894e-01 -4.66124743e-01 1.93016768e-01 -4.33322132e-01
    2.55458713e-01 2.18952894e-01 -5.22445798e-01 -4.03261989e-01
    -3.34275454e-01 -1.88783824e-01 2.33874559e-01 -2.69033313e-02
    -7.35447407e-02 -1.45797670e-01 4.32190895e-02 2.37512529e-01
    -7.19858408e-02 -9.32479203e-02 -2.27541208e-01 -5.06687999e-01
    9.36274529e-02 2.24227965e-01 3.48234177e-01 -1.61392689e-01
    -5.47237217e-01 3.93692851e-02 9.61326957e-02 3.50397766e-01
    -9.38154757e-02 3.61611843e-01 -5.31373978e-01 -3.48828852e-01
    -1.48296356e-02 -8.90309811e-02 -1.39336199e-01 1.85418844e-01
    2.47260273e-01 -2.98752546e-01 -2.91366130e-01 1.61490440e-02
    -4.89017993e-01 -3.26266140e-01 -2.28448242e-01 1.31847620e-01
    2.23445654e-01 -5.07623196e-01 1.82788014e-01 -2.93992192e-01
    4.21955168e-01 -4.62797940e-01 -4.94451672e-01 2.40908325e-01
    1.31289780e-01 2.14028537e-01 -2.42462158e-01 -1.43182397e-01
    9.19156671e-02 9.29445028e-02 1.46827102e-02 -2.91701615e-01
    6.77011609e-02 -2.29990304e-01 2.55256951e-01 3.45622659e-01
    -1.34166658e-01 -2.09340632e-01 1.77911341e-01 -1.59676462e-01
    3.62152457e-01 -1.41466081e-01 -4.91192013e-01 3.70494127e-02
    -2.89346665e-01 2.37401307e-01 -3.05917472e-01 -1.39697850e-01
    -5.15291214e-01 1.14915013e-01 -4.52733427e-01 -9.08105671e-02
    3.61725569e-01 1.15780473e-01 1.62803948e-01 1.16221309e-01
    -1.51804060e-01 1.21712208e-01 2.89825022e-01 2.90989757e-01
    3.38288486e-01 -5.62429726e-02 -2.95599699e-02 -4.79327023e-01
    -3.84406477e-01 3.63099635e-01 3.08396876e-01 2.51493037e-01
    4.41847920e-01 -1.38647407e-01 4.13218737e-01 -3.09877843e-01
    -2.18738347e-01 -5.01549602e-01 4.22258139e-01 -4.46410179e-02
    1.12704873e-01 2.97679543e-01 -2.57817924e-01 -7.06558228e-02
    2.93416262e-01 4.28495646e-01 -4.22911197e-01 2.79294848e-01
    -3.99545580e-01 -4.02280062e-01 3.85679066e-01 3.14221382e-01
    -9.99996662e-02 -3.81338686e-01 2.77698755e-01 -4.24113482e-01
    -1.46394998e-01 2.28307128e-01 -1.89471602e-01 -1.91822529e-01
    -3.29399109e-01 -4.01366115e-01 -5.12861490e-01 2.67318428e-01
    -1.19726419e-01 -5.00779152e-01 -4.90634203e-01 -2.49656081e-01
    -1.63745165e-01 -5.02421260e-01 4.00393307e-01 -4.00068998e-01
    5.97284436e-02 -1.07657760e-01 2.16739357e-01 -3.49512875e-01
    4.49714303e-01 -4.61662084e-01 -3.09257209e-01 3.75173151e-01
    2.20206738e-01 -2.20257878e-01 1.81668758e-01 -2.18207479e-01
    4.30788994e-01 -6.92829192e-02 -3.63536209e-01 1.59370184e-01
    -2.11101770e-01 1.08225286e-01 2.74371624e-01 -1.96266025e-01
    -5.23248672e-01 -4.33357716e-01 -1.14907742e-01 6.20659590e-02
    -2.78673768e-02 3.78692508e-01 -5.25268912e-02 -4.15108711e-01
    -5.22749543e-01 -2.54626125e-01 -3.03624451e-01 -1.85551673e-01
    2.18684018e-01 -8.76114666e-02 1.88123882e-01 1.04946971e-01
    -2.03885674e-01 1.18052959e-03 -5.22844076e-01 2.16567278e-01
    -4.02851611e-01 -2.56419182e-04 -3.27357590e-01 -8.29302073e-02
    -2.02167988e-01 4.22271550e-01 2.79044271e-01 -3.93933266e-01
    -4.04111058e-01 -2.29085684e-02 3.25311363e-01 4.75827456e-02
    1.22621238e-01 -3.73635888e-02 7.18330741e-02 2.10961580e-01
    8.63374472e-02 8.99131894e-02 1.39230549e-01 -5.86484194e-01
    2.99828768e-01 1.33058190e-01 -3.20170373e-01 3.60529125e-01
    -3.91448140e-02 -1.83789790e-01 -9.30712223e-02 -1.39945745e-02
    4.17885244e-01 -4.80626434e-01 -3.05943549e-01 -4.21100527e-01
    -4.92188781e-01 -2.44407535e-01 -1.38816893e-01 -3.31361294e-02
    8.75135064e-02 -5.35244942e-01 -4.82995749e-01 4.42349792e-01
    -4.95358765e-01 2.26631641e-01 -4.79825497e-01 -4.44139659e-01
    -1.73191041e-01 -1.53074145e-01 -1.46869153e-01 -4.94666547e-01
    -3.92677903e-01 4.69105840e-02 -1.35744214e-01 2.73512661e-01
    3.65317464e-01 2.44492829e-01 -4.82863039e-01 -2.02871084e-01
    -4.92057562e-01 -4.74853992e-01 2.15778708e-01 -3.79454374e-01
    -1.50062174e-01 -4.22978193e-01 1.23407006e-01 -3.25676203e-01
    -3.29804003e-01 -4.13039297e-01 -4.77713048e-01 -2.97901988e-01
    -1.16245031e-01 -1.71965957e-01 -7.84238577e-02 1.29541337e-01
    -1.96133435e-01 1.86097741e-01 -5.36724329e-01 -2.90153354e-01
    1.52641773e-01 3.47505391e-01 -5.04538774e-01 -4.56863284e-01
    9.54827070e-02 -3.69417250e-01 -3.58788520e-01 -2.95538515e-01
    -2.01029539e-01 4.27189887e-01 -3.20117593e-01 -8.58598351e-02
    -3.95618260e-01 3.40603650e-01 9.39565897e-02 2.11092353e-01
    -5.49405813e-03 -1.78688228e-01 -2.07888424e-01 5.69970012e-02
    3.66749167e-02 -4.83623058e-01 -3.18320662e-01 3.91203463e-01
    2.01084077e-01 -7.22186565e-02 3.59315515e-01 -2.00994730e-01
    -8.47613215e-02 -4.43759054e-01 -3.62607867e-01 8.04084539e-02
    -3.62400621e-01 4.16141093e-01 -3.76191974e-01 3.67178142e-01
    -5.42935371e-01 -6.57712817e-02 -7.72899389e-03 -3.06627542e-01
    2.68813074e-01 -2.70009667e-01 -3.79969984e-01 8.42994452e-03
    -4.40000296e-02 -1.18084013e-01 -2.39982486e-01 -1.36392355e-01
    1.99885964e-01 -3.88120621e-01 -2.40856051e-01 -2.70800799e-01
    -7.32881129e-02 -5.05292177e-01 3.53782594e-01 -1.43913597e-01
    -5.39182544e-01 -5.20306051e-01 2.31753349e-01 -1.21301293e-01
    -1.84250057e-01 -1.98723257e-01 2.42480278e-01 -5.20584702e-01
    3.53938937e-01 -3.02793086e-01 -3.37110907e-01 2.91964769e-01
    2.89374709e-01 -2.00816393e-01 1.82465136e-01 8.83521438e-02
    6.15890026e-02 -3.07840616e-01 -3.72276366e-01 -4.98845875e-01
    -5.32089114e-01 4.30649579e-01 -5.15850246e-01 1.62049294e-01
    3.51011395e-01 2.00385869e-01 -5.33302069e-01 2.56727159e-01
    -2.96045542e-02 -4.88691360e-01 -3.26133341e-01 3.57156336e-01
    1.00159407e-01 3.32359552e-01 3.43352139e-01 -4.91579890e-01
    1.25401437e-01 -3.11114997e-01 -4.30569023e-01 4.54219580e-02
    -3.07800978e-01 -4.31747198e-01 -4.57023293e-01 2.52551675e-01
    1.31477952e-01 -4.83543873e-02 -5.76449037e-02 9.21496749e-02
    -3.05752069e-01 3.63443553e-01 -2.82923460e-01 9.05560255e-02
    -4.83734846e-01 3.67482781e-01 7.52210617e-02 -1.97951794e-02
    3.17991436e-01 -9.77337360e-03 3.85081172e-02 -1.89086258e-01
    9.25770402e-02 1.35177016e-01 1.14860117e-01 -2.84295380e-01
    -3.68218482e-01 -2.09259182e-01 -2.00047970e-01 2.03894436e-01
    2.42467105e-01 -2.20963329e-01 -8.87750089e-02 -2.59184539e-01
    3.51189911e-01 -9.66774225e-02 1.34221256e-01 2.77447999e-01
    -4.06182855e-01 1.41275346e-01 -5.12416840e-01 -3.19900453e-01
    4.17882085e-01 9.33720469e-02 1.31683230e-01 -1.15973234e-01
    -2.09481359e-01 -2.43621081e-01 -4.62155551e-01 1.63874626e-02
    3.80865633e-01 -2.61552930e-02 1.50470912e-01 -4.20677632e-01
    -4.58043784e-01 1.43028915e-01 -1.62493169e-01 -1.96023285e-01
    -4.83925551e-01 -2.78194577e-01 6.26319051e-02 -2.24563479e-02
    -3.61795723e-01 -5.39986491e-02 -5.09381771e-01 7.27702975e-02
    4.49317575e-01 -1.64747834e-02 1.59794629e-01 5.43167591e-02
    9.58640575e-02 -3.52728546e-01 -1.34003460e-01 -4.54531431e-01
    2.15321660e-01 1.80726171e-01 3.62072468e-01 1.34191751e-01
    1.30064547e-01 1.74335241e-02 3.14614117e-01 -4.40375865e-01
    2.15456307e-01 -2.23371536e-01 -4.04577732e-01 -3.83523673e-01
    4.08252537e-01 -3.00865859e-01 1.26389384e-01 -1.25924587e-01
    7.51525164e-02 2.43577302e-01 3.23318124e-01 -4.67550784e-01
    -4.39996153e-01 -9.86079872e-02 -3.36544782e-01 1.99578345e-01
    2.78650403e-01 3.41702282e-01 1.55992508e-01 -9.24995542e-02
    -1.20776206e-01 -1.38093799e-01 -1.14555597e-01 -5.42415440e-01
    -2.22210884e-02 2.05317438e-01 -3.85007858e-02 -5.59297919e-01
    -3.17068279e-01 -4.75795776e-01 -4.51707870e-01 3.57732892e-01
    3.57129812e-01 1.68414176e-01 3.73953104e-01 3.16254318e-01
    -1.19268894e-04 -2.03159988e-01 1.07636750e-01 3.96938801e-01
    1.48377180e-01 -1.48380876e-01 -9.28082764e-02 -1.92668736e-01
    2.85085499e-01 -4.30116832e-01 -4.93189722e-01 4.29404855e-01
    2.11698592e-01 3.46529067e-01 -3.86913538e-01 1.73219681e-01
    -1.67335212e-01 1.36841416e-01 4.16166842e-01 -4.24778283e-01
    2.12635219e-01 2.69697189e-01 4.27963793e-01 -2.86612928e-01
    -4.57725227e-02 -1.64024234e-01 3.51451814e-01 -4.46315527e-01
    -4.87852871e-01 -5.57569265e-02 -1.98762894e-01 -4.38173890e-01
    -4.67801362e-01 4.31671143e-01 1.55306458e-01 3.04768205e-01
    -2.09176123e-01 8.79657269e-02 2.93028831e-01 4.39738929e-01
    -7.18683004e-03 -1.84620202e-01 -4.44744080e-01 -4.57557321e-01
    4.29672599e-02 -4.40541267e-01 1.51392579e-01 9.41764712e-02
    4.15259004e-02 3.34142923e-01 -1.68941617e-01 -3.86367500e-01
    -3.05870056e-01 2.15650678e-01 2.12919116e-02 -2.61017680e-01
    -1.92098558e-01 -2.22796977e-01 3.14987421e-01 6.52964711e-02
    -5.12560308e-01 2.54573107e-01 -4.16021198e-01 4.43338335e-01
    7.69925117e-03 3.91738296e-01 -2.32779562e-01 2.70807862e-01
    2.25449920e-01 -5.11786342e-02 -4.49187726e-01 1.16696477e-01
    -3.01936865e-01 -4.47158992e-01 -2.34432817e-01 2.97711372e-01
    -1.01784855e-01 -2.43228793e-01 -4.79314715e-01 3.12388361e-01
    -2.87024200e-01 -8.97026658e-02 1.84775054e-01 5.88865876e-02
    -2.83541173e-01 -1.35752350e-01 -4.19390559e-01 4.49696183e-02
    -1.34625316e-01 -1.83526874e-02 -1.35022104e-01 4.57502604e-02
    2.12104619e-01 3.44062328e-01 2.83467293e-01 2.68570006e-01
    3.54617774e-01 -9.12220180e-02 -4.43845928e-01 -5.31665564e-01
    -5.01577854e-01 -5.13494790e-01 -4.49524909e-01 3.22249293e-01
    -3.46662223e-01 8.37329030e-02 -2.87700444e-01 2.20956147e-01
    3.86552215e-01 -1.66260004e-02 1.41974807e-01 -1.32326603e-01
    -2.70409226e-01 1.85117245e-01 9.48871970e-02 4.31709766e-01
    -5.21521807e-01 2.08331108e-01 4.19828951e-01 -7.66009092e-02
    -7.16916025e-02 -4.73907173e-01 4.15293813e-01 1.55566692e-01
    -6.88163042e-02 -1.83916718e-01 -3.67988110e-01 1.53164446e-01
    3.02111685e-01 -4.21781421e-01 -3.90299797e-01 -4.25693423e-01
    2.29794860e-01 -6.11507893e-03 -3.25860590e-01 2.40918040e-01
    -1.28460348e-01 -2.46800870e-01 -4.65776503e-01 -1.26042336e-01
    -3.04265141e-01 6.21767640e-02 -5.18757820e-01 -2.48299479e-01
    -1.83452934e-01 3.14629912e-01 -1.73243612e-01 -5.28962970e-01
    2.32540965e-02 -2.42713362e-01 2.49792278e-01 -8.11654627e-02
    3.91851425e-01 -4.09657836e-01 -2.73617417e-01 1.31550908e-01
    8.18651915e-03 -2.94158936e-01 -5.53476810e-02 -1.04067564e-01
    -4.87025291e-01 2.99845815e-01 -4.87791032e-01 -3.46353054e-02
    3.67889166e-01 -4.95828241e-01 -6.21817112e-02 -5.30342817e-01
    3.69223773e-01 4.97384071e-02 2.02535987e-01 8.83067250e-02
    2.22000897e-01 4.48987782e-01 2.11780429e-01 -2.39847660e-01
    3.28619003e-01 2.04677105e-01 3.71646941e-01 4.41916823e-01
    -3.02249163e-01 -2.42888093e-01 2.29661465e-01 2.81707823e-01
    2.46672928e-01 -3.22396815e-01 1.38809085e-01 -1.09846562e-01
    1.89625978e-01 -2.75542915e-01 3.37985396e-01 -4.77893531e-01
    -3.11420441e-01 -4.24547255e-01 3.05897117e-01 2.81116188e-01
    -1.14757925e-01 -1.66174769e-02 2.40606427e-01 1.10179186e-01
    -2.76431799e-01 -4.54550147e-01 -3.08226347e-02 -3.16482693e-01
    3.73687923e-01 -4.79655176e-01 2.46511936e-01 4.42271233e-01
    1.01150453e-01 -1.49027795e-01 3.31361592e-01 -1.39230192e-01
    3.92584085e-01 3.71569633e-01 4.63128090e-04 -4.21684384e-02
    -2.22998798e-01 -3.96755934e-02 -2.04125464e-01 2.77832329e-01
    4.01146054e-01 -2.45290399e-02 5.93490005e-02 -1.31089598e-01
    -1.56324327e-01 -5.23133159e-01 2.76581526e-01 -1.85319960e-01
    1.00750864e-01 -5.23059487e-01 -4.95542675e-01 3.03673983e-01
    1.74891293e-01 -2.00429291e-01 2.68776357e-01 -3.39032501e-01
    3.57198954e-01 -1.11899614e-01 1.88545585e-02 1.48288190e-01
    3.21167767e-01 -2.16075629e-01 1.75083280e-01 3.16031933e-01
    2.26331353e-01 -1.47851110e-01 1.24581456e-01 1.86476886e-01
    -5.58769345e-01 3.34379911e-01 3.32933664e-01 -4.68679905e-01
    -4.87712026e-02 1.13121271e-02 4.24554825e-01 -3.81631464e-01
    3.09947133e-01 -2.75081456e-01 -6.35986328e-02 -4.38005149e-01
    -5.01732826e-01 -5.19488096e-01 -3.51886421e-01 -9.93777215e-02
    2.71477103e-01 1.47724092e-01 4.41039443e-01 -1.80899501e-02
    2.39618957e-01 -1.42162293e-01 -2.07292378e-01 3.87903094e-01
    -5.47972620e-01 -4.68891889e-01 8.19834471e-02 -4.70407218e-01
    3.45737517e-01 3.23004127e-02 -4.01609331e-01 1.66496933e-01
    -3.98809910e-02 2.51078427e-01 -3.54412138e-01 -3.52135420e-01
    -4.47951108e-01 -3.99196804e-01 3.90174747e-01 2.55123377e-02
    2.28773296e-01 2.53309071e-01 3.43660235e-01 3.36180687e-01
    -1.02795869e-01 -3.87158900e-01 -1.56199574e-01 -3.92432988e-01
    -6.79681599e-02 -4.00471658e-01 2.78171599e-01 -3.37058783e-01
    1.67024195e-01 1.02277100e-01 -5.37466109e-01 -5.20782471e-01
    -4.77348268e-01 5.95792532e-02 2.82390118e-02 4.13581789e-01
    -3.37045729e-01 -1.95903867e-01 -3.23506862e-01 -5.21752357e-01
    2.85270393e-01 -1.55170888e-01 -2.33698368e-01 -1.06637478e-01
    4.18900132e-01 -1.46330506e-01 -5.19481301e-01 -5.23413002e-01
    -2.84168005e-01 -1.96993411e-01 -2.57595956e-01 1.29620016e-01
    -1.95314109e-01 -4.49639469e-01 2.78062403e-01 1.62127078e-01
    -6.04512095e-02 -2.78859556e-01 9.47227478e-02 4.10255790e-01
    -1.10733837e-01 -3.10326070e-01 -4.11454350e-01 2.05217957e-01
    -3.76045763e-01 -4.61008906e-01 -5.47729969e-01 1.07117653e-01
    3.96784544e-02 2.78987288e-01 -1.74988091e-01 -2.26833224e-02
    -2.55873919e-01 9.33918357e-02 7.26374388e-02 1.47507131e-01
    -3.31608534e-01 2.74013758e-01 2.33191013e-01 1.13822937e-01
    -3.08657110e-01 -4.52818304e-01 -4.04158503e-01 -1.02612495e-01
    1.14827156e-01 4.06025887e-01 -2.98401564e-01 -1.91448122e-01
    3.58914375e-01 3.27765465e-01 2.91401148e-03 -4.05313969e-02
    -2.07720101e-01 1.37961030e-01 6.94115162e-02 -4.99702096e-02
    -2.77271867e-01 -4.86901522e-01 -3.74382704e-01 3.77057850e-01
    -7.98302889e-02 2.47957706e-01 -2.72171021e-01 -1.54034019e-01
    4.00356650e-02 7.15286136e-02 7.38292933e-03 -7.49636889e-02
    -5.04890859e-01 3.14047217e-01 -2.01972425e-01 2.45162964e-01
    -1.86955631e-01 -6.74476624e-02 -2.47366130e-01 -1.17077380e-01
    -7.46357739e-02 3.42175901e-01 -4.84445125e-01 1.42027438e-01
    -4.25613731e-01 5.01108170e-03 2.02164590e-01 4.54565287e-02
    8.52474570e-02 9.49131250e-02 2.11735904e-01 -4.08113241e-01
    -5.53514838e-01 -5.13095856e-02 -3.36410463e-01 -3.54714572e-01
    -1.71234488e-01 1.95632637e-01 -4.57643837e-01 -5.63854456e-01
    1.96202397e-01 -4.82251972e-01 -5.42648435e-01 -4.28278267e-01
    -2.30779290e-01 -2.47185826e-01 -5.15507579e-01 2.69944489e-01
    1.61445260e-01 -1.63788170e-01 1.18410349e-01 1.37431860e-01
    -3.35287243e-01 -2.61522710e-01 -3.56593698e-01 -3.95282060e-01
    -5.29666901e-01 -2.97356129e-01 -2.63242751e-01 -5.08354902e-01
    -2.71593541e-01 3.33177865e-01 -1.87866420e-01 -2.48376369e-01
    -1.60978764e-01 -3.69817495e-01 -1.11328095e-01 2.03355253e-01
    -4.03306633e-01 4.18733358e-02 3.29077244e-03 -1.54119492e-01
    -1.60998553e-01 1.90810144e-01 -3.66435111e-01 -2.78929949e-01
    -2.04538703e-01 5.80953360e-02 2.45318174e-01 2.56698787e-01
    -9.01696980e-02 -2.38966942e-02 -1.57945335e-01 3.24979544e-01
    4.16807413e-01 3.66388559e-01 2.59169936e-02 -3.82492691e-01
    -2.87002891e-01 -4.85460460e-02 4.18219209e-01 3.18650424e-01
    -4.16932702e-01 2.11565375e-01 -1.75806284e-01 2.22783387e-01
    -4.71177906e-01 -1.22189790e-01 -3.54184955e-01 1.28089547e-01
    -9.69007313e-02 -2.02370048e-01 1.16982758e-01 -1.28791332e-02
    -1.21556491e-01 -4.64111567e-01 -3.98292631e-01 -3.69348198e-01
    -4.20882314e-01 -6.16877079e-02 -2.63654888e-01 2.01095164e-01
    -4.39135551e-01 -4.48049337e-01 2.94931769e-01 -1.48358673e-01
    3.24832797e-02 -8.69619846e-02 4.04022157e-01 -9.68299508e-02
    4.04576242e-01 -1.64610744e-01 1.85713291e-01 4.12802994e-01
    -1.93188876e-01 -5.53328395e-01 -4.45476532e-01 -1.28804505e-01
    1.19207978e-01 1.58867300e-01 -4.42545891e-01 -5.68755448e-01
    -5.12434244e-02 1.60770714e-01 -2.28314579e-01 -5.56544483e-01
    8.97134542e-02 2.46331692e-01 2.30304897e-01 2.35997200e-01
    -4.45619226e-02 3.58984947e-01 -3.70974213e-01 -7.30139613e-02
    2.72172689e-03 4.42493618e-01 2.15368271e-02 -1.38415933e-01
    1.68362498e-01 3.54722679e-01 3.28826725e-01 -1.11932427e-01
    -2.30740190e-01 -5.90075850e-02 -3.10137570e-01 4.32828426e-01
    4.25713778e-01 1.62838936e-01 3.48551214e-01 -1.30369514e-01
    -5.22428811e-01 1.76951766e-01 -3.92461151e-01 -2.77001113e-01
    4.09097612e-01 2.72491395e-01 3.85328770e-01 -2.20859051e-02
    1.07080340e-01 1.37804449e-01 -3.18467557e-01 -5.32637954e-01
    -4.80606377e-01 1.85810685e-01 2.53810108e-01 2.88124859e-01
    -3.53012264e-01 -4.89431620e-03 -3.89083475e-01 -3.99565309e-01
    -2.80397773e-01 3.81340265e-01 -4.46426570e-01 1.14224553e-02
    8.35993290e-02 -3.85520607e-01 -2.73397565e-01 -1.76101565e-01
    4.14229035e-02 3.22778940e-01 1.23329341e-01 2.06287503e-01
    -1.94223881e-01 -3.86480153e-01 -4.44804013e-01 -1.15652770e-01
    -3.77269387e-01 1.61707580e-01 2.23702788e-01 -3.58309329e-01
    2.97409236e-01 -4.19002056e-01 -2.58457959e-01 -3.18987370e-01
    1.56304240e-02 -3.56254876e-01 -5.37162900e-01 -2.44443506e-01
    -3.27870429e-01 -2.98571289e-01 3.62410665e-01 -4.12808537e-01
    -3.50743741e-01 1.53378844e-01 -2.64670223e-01 4.30581927e-01
    -1.28568262e-01 -1.64508820e-03 2.81416178e-02 -4.59866792e-01
    -4.77125525e-01 -7.54500628e-02 1.83708489e-01 -5.55690169e-01
    1.36193335e-01 -1.06813788e-01 1.65124655e-01 1.23063743e-01
    -1.96433067e-01 -4.20835942e-01 1.88198388e-01 -2.71443129e-02
    -1.99519277e-01 2.99194276e-01 3.66219819e-01 2.23909080e-01
    -1.60620898e-01 3.04510593e-01 4.25051510e-01 -4.35701549e-01
    1.74962938e-01 -5.07637501e-01 3.14292312e-02 -2.32338756e-01
    -3.71841848e-01 2.93815136e-01 -2.25751936e-01 2.11865485e-01
    -8.22286606e-02 1.24539495e-01 -8.77645612e-02 -3.47145200e-02
    1.94824278e-01 2.96456575e-01 -1.45830482e-01 1.82985067e-02
    3.15719008e-01 2.01180100e-01 1.82127476e-01 -1.81820869e-01
    1.68806851e-01 4.04778659e-01 2.60047555e-01 -3.25646996e-01
    3.38127494e-01 -4.45022970e-01 -4.25567955e-01 -4.98913437e-01
    2.77998865e-01 4.28795815e-01 -4.01887387e-01 4.31560278e-01
    4.07988489e-01 1.43470466e-01 -1.83697194e-01 -3.80821317e-01
    -5.15808463e-01 -2.32593000e-01 -3.92547935e-01 -1.85762644e-01
    -2.99435735e-01 1.32359922e-01 3.76182854e-01 -5.23426056e-01
    2.89473832e-01 -3.68716627e-01 -2.85387933e-01 -2.27272749e-01
    -3.21205556e-01 -4.90808487e-02 -2.70534277e-01 -1.20806307e-01
    -2.81100899e-01 3.73497009e-01 -4.27020043e-01 1.57361150e-01
    1.52925372e-01 -6.36988878e-02 -5.32027364e-01 -6.91226721e-02
    -4.35327083e-01 -1.66630715e-01 -4.49952602e-01 -4.37355727e-01
    -4.68126297e-01 3.17277133e-01 -2.80845195e-01 -5.08974314e-01
    5.86581230e-02 -5.11707306e-01 -1.21857882e-01 -3.15567046e-01
    1.28595352e-01 -3.21468532e-01 -4.80301678e-01 -2.80705094e-02
    -2.10975766e-01 -2.07202435e-02 -5.48064113e-01 3.51914167e-01
    4.20549512e-02 3.35679948e-01 -4.03514892e-01 -2.83460736e-01
    4.17603433e-01 1.54859781e-01 2.80784726e-01 1.24567270e-01
    -5.31788647e-01 -2.70491451e-01 -3.45497727e-02 3.60815763e-01
    -4.52042371e-01 -3.43074590e-01 -2.87318230e-01 2.64975607e-01
    -2.37954259e-01 -5.11078060e-01 -1.96078241e-01 4.01321530e-01
    3.74480605e-01 -2.68042177e-01 -2.95333922e-01 -1.13864452e-01
    -2.13565707e-01 -1.32064939e-01 4.17086124e-01 1.79768503e-01
    -4.45373446e-01 -3.49351227e-01 -2.14348912e-01 1.81198001e-01
    -4.67841715e-01 2.66551971e-02 -1.40325516e-01 1.52429581e-01
    -1.53795421e-01 -2.02061653e-01 -2.40552723e-01 1.21631026e-02
    -1.93901181e-01 1.71047628e-01 3.80293906e-01 2.11632729e-01
    3.40526998e-01 -4.45776582e-02 -3.03672731e-01 -3.80059570e-01
    -1.46398306e-01 1.00553453e-01 1.76071644e-01 -4.53169048e-01
    -6.41826391e-02 7.82818794e-02 -5.00298023e-01 -1.70932591e-01
    -2.95720547e-01 2.90305197e-01 -3.84608984e-01 1.36792719e-01
    -4.74656731e-01 3.39512348e-01 -2.46291161e-01 8.15239549e-02
    -3.83135289e-01 7.28045106e-02 -5.07598877e-01 4.02451873e-01
    3.91348183e-01 -7.95015693e-02 4.12928522e-01 -1.70682549e-01
    -3.05866897e-01 -4.88399804e-01 -2.02758312e-01 -1.94135308e-01
    -3.75532269e-01 -1.89157337e-01 1.42691612e-01 -2.82073498e-01
    -6.91288114e-02 -4.51048434e-01 2.40834355e-01 -4.88247871e-02
    -1.91251725e-01 2.10716903e-01 1.68946385e-01 -1.58426404e-01
    -1.59013093e-01 -2.29961187e-01 -1.71369731e-01 -1.16280675e-01
    2.33407259e-01 -2.87378848e-01 -8.76310766e-02 -1.12118632e-01
    -2.87777305e-01 -3.92170966e-01 -1.64006442e-01 3.82936180e-01
    -3.42989504e-01 -8.99061859e-02 5.36898971e-02 1.84544861e-01
    3.97516131e-01 -3.15435022e-01 8.28981400e-02 -1.48139328e-01
    2.90330052e-01 -5.46271145e-01 3.31745386e-01 -5.12505233e-01
    -1.13063455e-02 1.23673975e-01 -1.15368843e-01 7.19398260e-03
    3.88492048e-01 1.30547941e-01 3.83023381e-01 2.40238070e-01
    -7.56523907e-02 -4.60273743e-01 2.17866540e-01 -1.67132318e-01
    -1.00982845e-01 3.98732245e-01 3.08807552e-01 2.14921534e-01
    1.16763115e-01 3.48234236e-01 -8.54568481e-02 -4.08790231e-01
    -3.09077710e-01 4.22639430e-01 -1.44535542e-01 -2.10295320e-02
    -4.87206131e-01 8.10690522e-02 -7.58790970e-02 -9.39853191e-02
    -1.87766254e-01 3.02788913e-01 -1.95057422e-01 3.59672308e-02
    3.48210037e-01 -2.51062185e-01 -2.66391575e-01 -1.85166925e-01
    4.09223258e-01 -4.59687531e-01 -1.90197885e-01 2.15667248e-01
    -5.04778981e-01 -8.68163407e-02 -3.11342835e-01 -5.50022006e-01
    -1.80106491e-01 7.88733959e-02 -4.33867574e-02 -4.45470214e-02
    1.81317925e-01 -4.36292410e-01 2.22609043e-02 -1.69197142e-01
    3.65974307e-01 -3.04007411e-01 3.07813048e-01 -4.34187651e-02
    3.49574447e-01 2.88475275e-01 -1.91396743e-01 2.05860376e-01
    2.75989175e-01 4.46980178e-01 -4.41574454e-01 2.71120667e-02
    -1.14101768e-01 -5.00551522e-01 -2.23244369e-01 8.35114121e-02
    1.03950560e-01 -3.75093251e-01 -6.04182184e-02 -8.66472721e-02
    -2.28170902e-01 -9.45891142e-02 1.09177828e-03 -3.93856764e-02
    1.43134058e-01 -4.12106782e-01 -5.91952205e-02 -3.98426294e-01
    -2.22646654e-01 -5.72593212e-01 -3.15778852e-01 -3.72085840e-01
    -4.41355735e-01 3.02508175e-01 -5.34066319e-01 -4.71217632e-02
    9.21893120e-03 -4.61586088e-01 -2.90214747e-01 -2.59061396e-01
    -9.79419053e-02 4.31328058e-01 -2.71336734e-01 7.71314502e-02
    -3.20970416e-01 -1.92646354e-01 1.03968859e-01 2.08822012e-01
    -3.50561619e-01 2.85630226e-01 2.48181760e-01 -3.01081687e-01
    -4.80558723e-01 2.47686744e-01 2.02865601e-02 2.09454298e-01
    -3.00890088e-01 9.39239264e-02 4.14346218e-01 -2.44960129e-01
    -5.14223576e-01 -2.62394965e-01 2.73318410e-01 -2.47072756e-01
    2.55931973e-01 4.11129892e-01 2.42212296e-01 -3.02009344e-01
    3.65028381e-02 4.45790887e-02 1.05729103e-02 2.63789713e-01
    2.81200171e-01 -2.02858508e-01 3.07846665e-01 -2.24526346e-01
    1.22334957e-02 1.31665230e-01 -1.74173623e-01 2.57320821e-01
    3.02621305e-01 -3.08917284e-01 -2.79700458e-01 -2.16987133e-01
    -2.69504368e-01 2.50240982e-01 -5.26067197e-01 -4.08956409e-01
    -2.67563045e-01 -3.85386139e-01 4.54110444e-01 -1.44707322e-01
    -3.58737409e-01 -9.68508720e-02 -3.61947119e-01 -2.77334869e-01
    -2.23962545e-01 2.16886044e-01 3.36925864e-01 6.13065958e-02
    -2.46789545e-01 -1.21284366e-01 1.27953410e-01 -4.96296197e-01
    -5.23332477e-01 3.58074427e-01 -2.57717192e-01 1.18727267e-01
    -3.02133918e-01 7.70772099e-02 -3.48727405e-01 -4.84667033e-01
    3.55456769e-01 -1.59348518e-01 -4.42986161e-01 1.63977206e-01
    -2.84873486e-01 4.09656227e-01 -3.06418300e-01 4.05631006e-01
    2.30202913e-01 2.08020151e-01 -2.50598162e-01 9.51558352e-03
    3.47869754e-01 4.05054629e-01 -1.48360968e-01 -2.83592045e-01
    -2.89736301e-01 -4.35704887e-01 1.80338502e-01 -2.52145231e-01
    -1.45632207e-01 1.45181060e-01 -2.52176881e-01 3.98414135e-01
    -5.99114895e-02 3.48269820e-01 2.22960114e-02 3.00207555e-01
    -2.83252686e-01 -5.59119582e-02 -4.50657129e-01 1.59895241e-01
    -7.97073543e-02 -3.89007747e-01 -1.95435166e-01 4.18848038e-01
    -7.98040628e-03 2.54376531e-02 2.86144912e-01 -4.28101420e-02
    -5.71803331e-01 -2.90895224e-01 -4.62312102e-02 5.52815199e-02
    2.07539141e-01 3.07268023e-01 -3.89211148e-01 -5.09775996e-01
    -3.57266307e-01 1.37961388e-01 -3.93781573e-01 1.53748870e-01
    2.47323871e-01 2.47983754e-01 -3.38041008e-01 1.29734814e-01
    2.45498776e-01 3.89363706e-01 -3.28476816e-01 -5.25305152e-01
    -4.25578952e-02 -2.71002054e-02 -2.90312260e-01 -5.58400035e-01
    1.12484038e-01 -5.57480931e-01 -1.96785986e-01 7.86648989e-02
    2.66881585e-02 2.35796750e-01 -4.04585898e-02 3.48801255e-01
    -3.67588043e-01 -2.93704510e-01 3.43061566e-01 2.64048576e-04
    -2.01930881e-01 1.96754277e-01 6.14306331e-02 -2.72374392e-01
    3.06799829e-01 9.86749530e-02 1.11323893e-01 6.36196136e-02
    1.55251086e-01 -4.83274460e-03 3.24001133e-01 2.79762745e-02
    -1.82750821e-01 1.91375375e-01 -1.54636651e-01 1.64699733e-01
    7.37758279e-02 -2.93999940e-01 -7.16400146e-03 2.19564915e-01
    8.87293816e-02 -1.77814066e-01 3.04349303e-01 -4.33669299e-01
    -2.95652688e-01 -2.74539113e-01 -1.93303943e-01 -4.05106246e-02
    -4.58559960e-01 4.10048544e-01 -2.67866343e-01 3.36607099e-01
    -7.40889609e-02 -4.91806448e-01 3.80940437e-02 -2.54850417e-01
    -2.71261096e-01 -4.81566966e-01 -4.63088959e-01 -2.02529609e-01
    1.29631639e-01 -1.26034498e-01 1.56750977e-01 4.48674619e-01
    5.57576418e-02 -3.28780413e-02 -1.46793842e-01 -3.83153558e-01
    1.48972273e-02 2.54085600e-01 -2.70586848e-01 -4.11292315e-02
    -2.48489559e-01 -4.91076231e-01 1.36089623e-01 -3.57297033e-01
    -1.55477941e-01 -1.19771630e-01 -2.77291536e-01 3.02529693e-01
    2.08110571e-01 -4.52922106e-01 -5.25562763e-02 -3.46248150e-01
    -2.69225240e-02 -1.28911406e-01 -4.86548364e-01 -8.65666568e-02
    1.21068239e-01 -2.71005094e-01 -3.31605852e-01 -4.35170263e-01
    -3.45069170e-03 -2.97682434e-01 -5.05064607e-01 -1.57031149e-01
    -3.71318489e-01 -2.21162558e-01 4.28609788e-01 1.16166949e-01
    3.96247208e-01 -4.25367624e-01 1.42498374e-01 1.34984314e-01
    -2.54834801e-01 2.76309073e-01 -3.40594172e-01 4.13819134e-01
    2.90557325e-01 2.17740893e-01 2.52950132e-01 1.02117479e-01
    -3.35307360e-01 7.33506083e-02 -1.23638153e-01 -1.71753526e-01
    -1.74203455e-01 -3.37438166e-01 2.47292519e-01 3.91960919e-01
    5.38349152e-02 -3.27616096e-01 -1.76385045e-01 -5.22794127e-01
    -3.48746240e-01 2.28662312e-01 -1.11341327e-01 -1.87628448e-01
    2.50701606e-01 2.19962597e-01 6.63313270e-02 -2.60120243e-01
    2.68295825e-01 -2.82938361e-01 1.66468441e-01 4.09641266e-02
    -2.12630928e-01 3.77986670e-01 -1.22758865e-01 3.22877884e-01
    2.35760033e-01 1.91454470e-01 -3.42355698e-01 -3.51960778e-01
    -8.99793208e-02 1.75090790e-01 -2.21052825e-01 1.70266688e-01
    1.35202289e-01 -5.08151293e-01 -1.42285317e-01 -3.67922992e-01
    -1.03156924e-01 -1.92492068e-01 -5.53998590e-01 -1.81998551e-01
    -2.43685842e-01 8.95599127e-02 2.05487907e-01 7.03953505e-02
    -2.06333399e-01 -4.09047902e-01 3.93814564e-01 -1.10421330e-01
    -3.37775648e-01 -3.47860128e-01 -4.86177653e-01 -4.90671366e-01
    2.03924060e-01 2.65236557e-01 1.28644228e-01 -3.16721797e-02
    1.57524168e-01 -2.73813784e-01 -5.33282757e-01 -5.12579679e-02
    3.64049673e-01 1.22430325e-02 1.41331911e-01 9.68610644e-02
    -1.61675155e-01 7.06666708e-03 7.59416819e-02 -5.20472288e-01
    2.81504095e-01 4.38284218e-01 2.81277239e-01 2.58626342e-02
    1.51976764e-01 -4.71128315e-01 2.86622941e-01 3.94405663e-01
    3.99253368e-01 2.18614757e-01 2.48412609e-01 3.89483571e-02
    -2.66078711e-01 -4.97572660e-01 2.47697353e-01 2.27155387e-01
    5.14966846e-02 -4.74931955e-01 -2.59977639e-01 2.86537647e-01
    -3.40350002e-01 -4.06499237e-01 -5.28169394e-01 -4.83929038e-01
    1.24798536e-01 -2.08717048e-01 -1.02357298e-01 -9.36955214e-02
    1.84137881e-01 6.95400238e-02 3.62088680e-01 -1.69663697e-01
    -8.28301311e-02 4.95901108e-02 1.97479129e-01 -3.25268894e-01
    2.30016112e-01 -3.08846980e-01 -1.49393886e-01 2.03436136e-01
    3.41381311e-01 -3.02085966e-01 4.58176732e-02 -5.08167267e-01
    -1.67371869e-01 3.16802323e-01 3.18292201e-01 2.18895733e-01
    -1.35182977e-01 3.15501690e-02 -1.72603726e-02 2.17903137e-01
    4.09211874e-01 -5.27591944e-01 1.74824417e-01 1.71877086e-01
    -2.12941021e-01 -5.06958604e-01 -4.40997154e-01 -3.47783029e-01
    -3.17782521e-01 -3.42125207e-01 3.29356790e-02 -3.70475382e-01
    -3.57337445e-01 -5.38551271e-01 -1.58308297e-01 -2.19707847e-01
    -5.02961874e-01 6.82768226e-02 -2.60591090e-01 -1.37745798e-01
    3.08486223e-01 -2.69870967e-01 5.85202575e-02 -4.62476730e-01
    2.19418705e-01 -1.70019448e-01 -2.07612276e-01 -1.07230693e-01
    2.54348159e-01 -1.50042236e-01 4.11942601e-02 -4.80931997e-03
    -1.82411075e-02 -1.34091496e-01 -9.01419520e-02 4.12184119e-01
    -5.43417335e-01 -5.14799118e-01 4.26011622e-01 -7.16202259e-02
    -4.37035084e-01 7.83969164e-02 -3.42378080e-01 -2.73323894e-01
    3.86480868e-01 9.56965089e-02 -2.65815973e-01 3.11992407e-01
    -3.81737292e-01 2.72579193e-01 -5.35333037e-01 2.18327880e-01
    -4.80920374e-01 -1.39136046e-01 -3.82361710e-01 -5.33876121e-01
    -3.61438751e-01 -2.83196688e-01 -1.27331495e-01 -4.04354930e-02
    -5.46301246e-01 3.49502206e-01 -3.33887935e-02 -3.19107831e-01
    8.56711268e-02 4.96317744e-02 -3.43077183e-02 -4.26345199e-01
    -5.45402288e-01 1.78338945e-01 2.97705054e-01 5.89334369e-02
    2.19045401e-01 6.17347956e-02 -3.04787844e-01 -3.08430105e-01
    -2.60898709e-01 1.35487318e-01 1.46762848e-01 -3.53054553e-01
    1.67993248e-01 3.80735934e-01 -2.75493890e-01 3.44366550e-01
    -2.25810230e-01 -5.44273555e-02 -4.30079311e-01 3.20362389e-01
    -1.95722103e-01 4.01393592e-01 -3.26293230e-01 -2.60733724e-01
    2.14291036e-01 1.75374031e-01 -2.00457633e-01 2.04631448e-01
    2.25376606e-01 1.53626502e-01 1.66624725e-01 3.61654103e-01
    -7.51931667e-02 1.61688566e-01 -1.81443483e-01 2.45094299e-04
    -2.23026186e-01 -3.46686661e-01 2.72954702e-02 -5.10128975e-01
    2.25004792e-01 -2.30549455e-01 -3.40092182e-02 -1.01449907e-01
    -6.34659827e-02 -3.97840500e-01 2.20423341e-01 1.94809794e-01
    9.18956399e-02 2.89356589e-01 1.53752446e-01 -4.28678006e-01
    3.79632175e-01 -4.61854994e-01 -3.01446766e-01 7.75110126e-02
    -4.03939217e-01 -4.61294949e-01 -7.63436556e-02 -1.19754285e-01
    4.36757326e-01 3.21255326e-01 2.45451748e-01 -3.91241074e-01
    -2.62485743e-02 -1.98273480e-01 6.92431927e-02 -1.66953951e-01
    -5.04734159e-01 4.16510224e-01 -1.20347738e-02 -1.11345470e-01
    -4.78038847e-01 -2.14338541e-01 3.65295410e-02 3.03384721e-01
    -5.48329592e-01 2.44082153e-01 3.42958987e-01 -5.23587167e-01
    -5.11293530e-01 -1.56411678e-01 -1.70883775e-01 3.12096775e-01
    -3.03008705e-01 3.69948149e-01 3.08459818e-01 -5.47336042e-02
    2.76516199e-01 -5.00597477e-01 9.86728072e-02 -3.40118378e-01
    4.38547134e-01 2.17080116e-02 -6.11301363e-02 -4.96332020e-01
    -3.60627592e-01 2.12301791e-01 -2.02368498e-01 9.98892784e-02
    -5.00710607e-01 -5.48239827e-01 -3.16600174e-01 -3.23078573e-01
    3.13895643e-01 4.36097860e-01 4.41075742e-01 -1.45846605e-03
    -3.62610906e-01 3.66447330e-01 -1.62625909e-01 -2.11496234e-01
    -6.10330105e-02 1.03462160e-01 -2.36156762e-01 5.64497113e-02
    2.52393961e-01 -5.46672225e-01 3.49474132e-01 3.29909980e-01
    2.66037226e-01 1.26908481e-01 -1.91142052e-01 -3.91814530e-01
    -3.81940901e-01 -2.46771783e-01 4.12340999e-01 1.10172987e-01
    4.43543911e-01 3.45855653e-01 -5.10911345e-02 -3.23162079e-02
    3.73729706e-01 -2.84000456e-01 3.97854745e-01 -2.53749400e-01
    -1.84636295e-01 -4.15976018e-01 -2.16464400e-01 -3.01127374e-01
    -3.22171509e-01 -2.49790400e-01 2.17653036e-01 3.34427118e-01
    1.19359970e-01 5.53889871e-02 -2.94364333e-01 -1.05642557e-01
    1.97748721e-01 -2.12784290e-01 -3.25218588e-01 1.88522160e-01
    4.60152566e-01 -5.34702063e-01 -1.61902338e-01 -3.08218151e-01
    -2.28896558e-01 2.86795080e-01 -3.49928647e-01 2.49533176e-01
    9.86572504e-02 -5.34252763e-01 1.78456306e-03 -2.98407733e-01
    -4.55280423e-01 -4.67377901e-02 4.14370894e-02 -3.91340375e-01
    -1.14583522e-01 2.00104952e-01 -2.05463171e-01 4.32109833e-02
    -1.29143864e-01 -5.17313123e-01 2.90168107e-01 3.06388855e-01
    -2.41056561e-01 -4.75420028e-01 -2.60555565e-01 1.92729175e-01
    4.15449023e-01 2.87920833e-01 -5.71043968e-01 -2.50042349e-01
    -7.99842477e-02 -3.36631000e-01 7.13446736e-02 -1.51317656e-01
    -8.65187645e-02 4.34582829e-02 1.34138882e-01 -3.01246196e-01
    1.53656006e-01 -3.41764390e-01 2.16941416e-01 -1.14793569e-01
    -3.98373067e-01 -2.31109381e-01 -4.68272924e-01 1.04576528e-01
    9.35972333e-02 2.36656308e-01 -5.24420261e-01 -2.60353327e-01
    2.87626863e-01 -1.26758635e-01 4.19072032e-01 -2.30661124e-01
    3.59827280e-02 -2.97419310e-01 -4.42634106e-01 -4.19346124e-01
    1.19472146e-01 2.72251189e-01 -7.44464695e-02 -2.35248506e-01
    6.62738085e-03 -9.22256708e-02 4.32939172e-01 -5.51938832e-01
    -1.41889751e-01 3.78689408e-01 3.54537427e-01 -2.35517889e-01
    3.21645975e-01 -3.38401258e-01 3.05626929e-01 -5.39616585e-01
    2.60509491e-01 1.41162515e-01 -5.47826052e-01 1.70319200e-01
    2.27082729e-01 3.50407958e-02 9.97118950e-02 -1.10283107e-01
    2.23923206e-01 -2.37334371e-02 -8.62767696e-02 3.37001503e-01
    4.10717010e-01 -1.63096368e-01 2.00221181e-01 -3.20725739e-01
    1.47589743e-01 3.55303705e-01 2.18150377e-01 2.66366482e-01
    -2.37242401e-01 -3.29009712e-01 -2.67881155e-03 -3.47357154e-01
    2.55912542e-01 -6.72811568e-02 2.27126122e-01 1.91666305e-01
    -4.32627022e-01 -2.02445030e-01 -1.93304718e-01 1.82906866e-01
    4.13573325e-01 2.05204129e-01 3.67610633e-01 -3.92739594e-01
    1.05556667e-01 2.01420486e-01 3.00859869e-01 -4.31734234e-01
    2.76163936e-01 -3.43582034e-01 8.66301060e-02 2.56301880e-01
    3.65455806e-01 -5.28260946e-01 -5.34803212e-01 4.45796132e-01
    1.85021996e-01 1.98991537e-01 -5.40269256e-01 8.92660022e-02
    1.29220426e-01 1.37658775e-01 -9.53007638e-02 -2.47702360e-01
    -1.48528606e-01 3.60105455e-01 4.36151028e-01 -4.73262399e-01
    2.81697392e-01 -3.60200584e-01 -6.79012835e-02 3.35339427e-01
    1.24567866e-01 9.56234336e-02 2.37831116e-01 3.63849521e-01
    -4.02619213e-01 -3.40674937e-01 -3.12395453e-01 9.15132165e-02
    -4.39313322e-01 1.56315804e-01 1.71983242e-01 -2.17725456e-01
    4.27283883e-01 6.02809191e-02 1.48157895e-01 -3.52642983e-01
    -2.58917630e-01 -5.09470701e-02 5.19188643e-02 -7.27584660e-02
    -3.10725272e-01 -9.98508930e-03 1.65259004e-01 -1.17544949e-01
    3.85344148e-01 3.30198288e-01 -6.15537763e-02 -4.32158887e-01
    -5.37898302e-01 3.68013978e-01 -2.99269736e-01 -8.73405337e-02
    -1.86201930e-02 8.88590217e-02 3.79331112e-01 2.95613110e-01
    -5.12090802e-01 8.92995596e-02 -4.47824001e-01 -1.90303922e-02
    5.08166552e-02 -3.35509598e-01 -4.96137112e-01 -2.23046362e-01
    -3.11658710e-01 7.91843534e-02 8.95768404e-02 -2.65760571e-01
    3.79880369e-01 -6.94753826e-02 -4.46314305e-01 4.12769079e-01
    -5.54254174e-01 -1.95300281e-01 -2.39780217e-01 1.25012815e-01
    -3.15447837e-01 6.09203577e-02 -1.01145625e-01 4.12362218e-01
    -3.56942445e-01 -9.98387933e-02 -4.20318186e-01 -1.04966640e-01
    7.07352161e-03 3.21512818e-01 2.52667606e-01 1.66069508e-01
    -5.27932227e-01 -1.70745701e-01 2.29077399e-01 -3.62148345e-01
    -2.06914186e-01 -7.13112354e-02 -4.47498530e-01 5.19315600e-02
    -3.07404637e-01 2.89893031e-01 -2.68196702e-01 -4.03705001e-01
    2.07779288e-01 2.50240028e-01 2.22114563e-01 -2.40651727e-01
    7.70205855e-02 -4.70572114e-01 3.16018879e-01 -3.86778414e-01
    -5.25034308e-01 2.16529965e-01 1.46526098e-01 2.87354827e-01
    -2.74980962e-01 -1.66266978e-01 -1.05962247e-01 -2.07013965e-01
    9.50349569e-02 -1.02743864e-01 -8.33499730e-02 -6.40483201e-02
    -1.07952774e-01 -3.69669706e-01 3.30731213e-01 -3.50362778e-01
    -2.02595294e-01 3.71956825e-02 3.33115160e-01 -5.00252962e-01
    3.74839246e-01 2.98996031e-01 -3.66652787e-01 3.30004871e-01
    8.77940655e-02 -1.98205054e-01 2.55444348e-01 2.46287644e-01
    4.46407557e-01 3.31552982e-01 -5.12874782e-01 -2.68315375e-01
    3.90895069e-01 2.66260326e-01 2.35143185e-01 -4.93575633e-01
    1.06039703e-01 -7.58170485e-02 2.83911645e-01 -3.44385266e-01
    -3.18677604e-01 1.46118104e-01 4.03088212e-01 1.49040639e-01
    -7.06892610e-02 3.82227778e-01 -3.39248717e-01 -4.63320464e-01
    -2.79536188e-01 3.71278584e-01 -3.54694426e-01 -4.29193795e-01
    3.53453100e-01 2.69676387e-01 1.52370572e-01 2.24099696e-01
    -4.91279423e-01 7.12876916e-02 2.04269469e-01 -5.35224199e-01
    -5.62906325e-01 2.58681715e-01 3.79614055e-01 -5.24994612e-01
    1.93008900e-01 -4.67396557e-01 3.77735674e-01 -1.78228378e-01
    -2.79077232e-01 2.63529122e-01 2.86187053e-01 9.27764773e-02
    3.69791090e-01 -8.33731592e-02 2.98320949e-01 -5.46491981e-01
    -4.89524245e-01 -3.15537602e-01 2.24398077e-01 1.95989430e-01
    -3.44418466e-01 2.14893520e-01 8.39529634e-02 -4.37723935e-01
    3.58687043e-01 -4.35110062e-01 -5.01359820e-01 9.66376066e-03
    -3.87363970e-01 -2.54166961e-01 -2.71787286e-01 4.34836566e-01
    1.28154218e-01 -1.92507207e-01 -1.43121302e-01 -5.22856236e-01
    -4.52286690e-01 -1.43897206e-01 1.46393776e-02 -5.00482202e-01
    -2.25373268e-01 -1.98945671e-01 -3.59509200e-01 -4.94238615e-01
    -5.79188406e-01 -9.08921063e-02 -5.82331479e-01 1.25824690e-01
    6.39642477e-02 -2.76472151e-01 7.27841854e-02 1.01745665e-01
    -3.13345164e-01 -1.14605397e-01 -2.07588255e-01 -4.06816095e-01
    -4.00563389e-01 4.96953726e-02 -4.48863417e-01 -1.36364996e-01
    1.09498143e-01 -4.46527749e-01 -4.09727633e-01 2.87677586e-01
    -4.36144799e-01 -2.92242885e-01 3.26826394e-01 6.45059347e-03
    -4.75230604e-01 2.08435297e-01 4.02669609e-01 -2.47601390e-01
    1.10075474e-02 4.59587872e-01 -4.45797443e-02 -2.99991041e-01
    -4.81562048e-01 3.21808994e-01 -4.37116206e-01 2.57537663e-01
    3.01684797e-01 1.12511516e-01 -3.29435199e-01 2.08750486e-01
    -4.50526774e-02 4.57109272e-01 3.89010072e-01 3.71823907e-02
    2.12030947e-01 3.73397648e-01 8.58662724e-02 -3.48893464e-01
    -6.36904538e-02 2.24212289e-01 -4.89115626e-01 -1.22698545e-02
    3.28703344e-01 4.14038777e-01 -2.58680522e-01 -1.80643380e-01
    4.27767634e-01 -1.92915231e-01 2.24818051e-01 3.73043239e-01
    8.79232287e-02 1.07107401e-01 -3.34666371e-01 4.30018604e-01
    3.96837115e-01 2.52479017e-01 7.59685040e-03 -3.38771999e-01
    1.41319990e-01 -5.13305843e-01 -8.70413780e-02 -1.01280808e-02
    -4.05995846e-01 -2.39184678e-01 1.93508506e-01 -1.77799225e-01
    2.44354904e-01 2.06496119e-01 5.44122458e-02 1.95802689e-01
    6.93124533e-03 -3.47943872e-01 -1.67501211e-01 -3.76170278e-01
    -3.69276732e-01 -5.31139195e-01 5.09673953e-02 1.07237041e-01
    1.25765204e-02 -1.39344752e-01 -4.41933870e-01 2.06766486e-01
    -1.59198642e-02 -2.97755986e-01 1.04413509e-01 1.03049934e-01
    -3.20512354e-01 1.70422316e-01 2.99079061e-01 1.85255826e-01
    1.57523632e-01 2.29578614e-02 1.76662803e-01 1.27959371e-01
    1.71453655e-01 -8.00127685e-02 -5.41527033e-01 -2.50888348e-01
    3.51041079e-01 3.86661351e-01 -1.35850757e-01 -5.33742666e-01
    -5.26897311e-01 -4.69650745e-01 4.25832689e-01 -3.44100893e-01
    3.19921851e-01 1.11684799e-02 -5.09887874e-01 3.46891880e-02
    -4.64073539e-01 4.01636183e-01 -6.07718229e-02 -3.21398646e-01
    -2.93999463e-01 -3.40291142e-01 2.52192855e-01 6.59809709e-02
    2.68631577e-02 4.31364000e-01 -4.67824936e-02 2.06515729e-01
    2.28536129e-02 -4.07900214e-02 6.23539686e-02 1.46675706e-02
    -4.69100833e-01 -2.01242805e-01 -2.62903154e-01 4.32031929e-01
    -1.47886515e-01 -2.71265805e-01 3.67911577e-01 -4.10408616e-01
    -3.43161315e-01 -1.10447407e-04 1.13872051e-01 1.93166792e-01
    2.49042690e-01 -1.44610405e-02 2.95711577e-01 -1.56227231e-01
    1.60639644e-01 -5.45666754e-01 -5.03906250e-01 2.78844237e-02
    1.36792243e-01 -3.47411782e-01 -2.84193277e-01 8.35265517e-02
    -1.11652464e-01 -7.85275400e-02 1.82284176e-01 -1.78315371e-01
    -4.75963414e-01 -3.34951103e-01 -5.53147912e-01 -1.19405389e-01
    3.48872364e-01 2.51586139e-01 -1.67128801e-01 -4.54708785e-01
    4.00164127e-02 -4.45297241e-01 4.10734117e-01 -3.10154170e-01
    -5.16327620e-02 4.37189877e-01 3.78710806e-01 -1.92386806e-01
    1.35587275e-01 -2.42506742e-01 1.27971172e-02 -1.11569107e-01
    -2.58003205e-01 4.39803123e-01 7.12279081e-02 -3.27674001e-01
    -4.47251916e-01 -3.01477313e-01 4.06872630e-02 -2.65772849e-01
    -1.24228984e-01 2.37664402e-01 -5.27360499e-01 2.64524460e-01
    -2.77492553e-01 3.85527194e-01 2.69853294e-01 -3.16363752e-01
    -1.48767740e-01 8.02916884e-02 -3.22070390e-01 -8.88829529e-02
    -8.12450647e-02 4.01914358e-01 1.14614964e-02 -2.87948847e-02
    -1.61473453e-01 -6.99166059e-02 -2.20353276e-01 -2.04826236e-01
    -4.76965904e-01 -4.54605579e-01 -2.18306780e-01 -3.86484772e-01
    -3.94702733e-01 -7.11023510e-02 3.39751542e-01 3.04856479e-01
    -3.80903423e-01 -3.55001211e-01 3.85928273e-01 2.49429405e-01
    6.38199449e-02 1.07696772e-01 3.43903184e-01 3.01617324e-01
    3.42888832e-01 4.28540885e-01 -1.40433550e-01 -5.36712527e-01
    3.61005604e-01 -7.56866932e-02 -5.50278127e-01 -5.45849204e-02
    2.44319379e-01 1.50853872e-01 -1.19049728e-01 1.61147058e-01
    -1.42297029e-01 -3.45345557e-01 -4.23290670e-01 -2.81272382e-01
    -3.88049752e-01 -1.87128454e-01 4.07287300e-01 4.35003340e-01
    1.01453304e-01 -3.32434714e-01 1.92017376e-01 1.79554582e-01
    -7.90509284e-02 2.46138215e-01 2.45113194e-01 -3.30007732e-01
    -2.38403678e-01 -7.29789734e-02 4.87118959e-03 1.17925406e-02
    2.79954314e-01 7.81110525e-02 3.87207091e-01 -2.21066207e-01
    -3.46682817e-01 2.94310808e-01 1.55996859e-01 2.55588114e-01
    9.35415626e-02 -1.48458362e-01 -3.65585566e-01 5.71092367e-02
    2.00107753e-01 -1.90915197e-01 3.11400294e-01 -9.54439342e-02
    -3.12878013e-01 -3.29398632e-01 1.92120016e-01 -1.00885749e-01
    1.66229129e-01 1.79292917e-01 3.70049894e-01 1.30116940e-02
    1.14007175e-01 -2.20866472e-01 -6.53650165e-02 -2.07954168e-01
    1.01031303e-01 -2.17331588e-01 -4.74242449e-01 -1.78431332e-01
    -2.10567415e-01 -1.01214677e-01 -1.01994872e-01 1.87981486e-01
    -7.77225792e-02 -1.53067261e-01 1.58627987e-01 3.99415493e-01
    -4.69599605e-01 -1.86968923e-01 -4.91920680e-01 2.03520000e-01
    4.59474504e-01 -5.42638659e-01 -3.24549556e-01 7.73353577e-02
    6.17042780e-02 -2.58820295e-01 -4.90589857e-01 -1.93420589e-01
    -4.52391922e-01 3.54590893e-01 1.83713913e-01 1.69771373e-01
    -4.49576557e-01 -1.68139368e-01 1.36049747e-01 7.00522065e-02
    2.07828224e-01 -2.01560795e-01 -5.08275986e-01 -1.99922621e-01
    3.97472978e-02 -2.74530649e-01 -5.15825331e-01 -4.55029637e-01
    2.04882145e-01 4.15033221e-01 2.78174043e-01 -4.44992065e-01
    -4.13671553e-01 2.53329217e-01 -4.89866167e-01 2.97026575e-01
    -4.03844982e-01 1.59655988e-01 1.06876254e-01 3.47100437e-01
    -8.01385343e-02 -5.14424205e-01 -4.27219242e-01 -3.86452943e-01
    3.93033564e-01 1.37628138e-01 -5.56160808e-02 -9.87689197e-02
    -9.87775624e-02 4.17619407e-01 -1.56288356e-01 -3.41006279e-01
    -3.22402298e-01 -2.52613127e-01 1.43270493e-01 2.02162743e-01
    -2.23978609e-01 -5.25295854e-01 -3.75134945e-01 4.50336576e-01
    -3.82217348e-01 8.33775401e-02 -3.03602397e-01 6.30812049e-02
    2.79581487e-01 -2.16177285e-01 1.45859838e-01 2.52189636e-02
    3.16089451e-01 -3.78364891e-01 -1.04884028e-01 -4.23668057e-01
    2.13932991e-02 1.96320295e-01 -3.37188840e-01 -2.39296734e-01
    4.43055034e-01 3.72477949e-01 -4.10753429e-01 -1.18377507e-01
    2.48956740e-01 -3.49283129e-01 1.52930498e-01 4.51023102e-01
    -2.00182676e-01 -1.02531880e-01 3.23535085e-01 1.46668553e-02
    3.97710919e-01 6.32263422e-02 2.11377084e-01 -3.13644469e-01
    -1.44166946e-02 -5.10936677e-01 5.43121696e-02 -4.96808261e-01
    1.05824888e-01 1.48755312e-01 2.51471996e-04 -1.36086673e-01
    -4.05700833e-01 -1.11543000e-01 6.92605972e-02 -4.52313632e-01
    -4.82779682e-01 3.98311317e-01 -1.52348429e-01 3.56724322e-01
    2.34201968e-01 -1.40940249e-01 3.65226448e-01 3.01387191e-01
    -1.27243757e-01 -3.73043627e-01 2.51886964e-01 -1.40422165e-01
    -5.15359104e-01 3.02380383e-01 -2.04274893e-01 -4.50797349e-01
    9.03080106e-02 2.76859939e-01 2.69992054e-01 -6.05814457e-02
    -4.80342358e-01 -5.28028369e-01 1.73729002e-01 2.45373189e-01
    1.07694983e-01 2.47738361e-01 -5.47136366e-02 -4.67989117e-01
    -2.80232698e-01 -3.07371616e-02 2.43093371e-01 4.63546515e-02
    -2.40955353e-02 -1.22592181e-01 8.42711329e-02 1.58071518e-04
    -4.05333221e-01 2.60567605e-01 1.64669573e-01 -4.16160911e-01
    4.27801609e-01 -4.92830902e-01 -4.81108189e-01 -4.40322280e-01
    -7.79243112e-02 1.40393615e-01 -5.10447145e-01 7.57033229e-02
    1.64604783e-02 1.70186698e-01 -2.14670658e-01 -8.20777416e-02
    -2.10154533e-01 -7.92594552e-02 -2.37691164e-01 -3.42054248e-01
    -1.30173415e-01 2.25598693e-01 2.80741274e-01 2.43380129e-01
    -2.17608571e-01 -4.73408133e-01 -3.24290514e-01 -4.27816719e-01
    3.61040950e-01 -4.12154198e-03 9.58561897e-04 1.53300822e-01
    3.32192898e-01 -2.51767367e-01 4.03397620e-01 -4.26903576e-01
    3.37179124e-01 -3.53386998e-02 -4.45459396e-01 -4.21117306e-01
    -5.38360596e-01 -2.18784809e-02 -1.78015381e-01 2.54099727e-01
    -4.76085097e-01 -3.17423642e-01 -5.10619521e-01 -2.01260298e-01
    -3.14583182e-01 3.61932516e-02 -5.60126305e-01 -2.74942458e-01
    -4.07824606e-01 3.55461121e-01 3.29714835e-01 -4.28564489e-01
    1.20496750e-02 4.21520650e-01 -3.22319686e-01 -9.25466120e-02
    -3.55064839e-01 -1.43241763e-01 -3.62502515e-01 -3.45265716e-01
    1.16415560e-01 -3.54429781e-01 1.81641161e-01 -7.12219477e-02
    3.09625983e-01 -2.17917770e-01 1.07493937e-01 -3.83877754e-02
    -3.01049799e-01 -3.33301157e-01 1.90040171e-01 -9.05202627e-02
    -9.05714631e-02 -4.21675146e-01 -2.33696938e-01 3.90062153e-01
    -1.62495166e-01 8.38807821e-02 -2.12520808e-01 3.95348668e-01
    -2.08350003e-01 -1.66050136e-01 1.61429167e-01 1.97905481e-01
    8.29588771e-02 -5.22238493e-01 3.53068888e-01 -1.21458262e-01
    2.96734273e-01 1.23947859e-02 4.91419435e-02 -5.31852305e-01
    -4.98876572e-02 6.32350445e-02 -1.79209709e-01 -4.84320432e-01
    4.05987501e-01 4.58544493e-01 2.22764313e-01 4.47783589e-01
    1.06487274e-01 2.27697432e-01 1.36013627e-02 -2.58484483e-02
    -3.60160917e-01 -4.60003227e-01 -4.26024079e-01 2.77059674e-02
    1.45455956e-01 3.52599740e-01 3.21520507e-01 -4.52678204e-02
    6.85451627e-02 -3.29746723e-01 1.66723073e-01 -5.04359961e-01
    -6.51275516e-02 2.99031079e-01 3.18367362e-01 2.69243896e-01
    -3.88167173e-01 2.20099390e-01 -2.97350228e-01 -1.50123179e-01
    -1.25159264e-01 -1.39164597e-01 -2.91444063e-01 1.75298989e-01
    -1.55712008e-01 4.65284586e-02 -2.37844914e-01 -2.54653394e-01
    -2.19933629e-01 4.28813279e-01 3.05283725e-01 4.17144954e-01
    -3.61805916e-01 2.42245853e-01 2.89092481e-01 -2.88887739e-01
    -1.28180176e-01 -3.09563130e-01 1.44362867e-01 2.26055741e-01</data></your_img>
</opencv_storage>
