<?xml version="1.0"?>
<opencv_storage>
<g>1.4299999999999999e+00</g>
<r>2</r>
<L2_diff>1.4906065680796851e+02</L2_diff>
<filter-type>0</filter-type>
<circular>1</circular>
<test_img type_id="opencv-matrix">
  <rows>128</rows>
  <cols>256</cols>
  <dt>f</dt>
  <data>
    7.95859218e-01 9.32479739e-01 2.01651573e-01 3.38901877e-01
    5.30153811e-01 9.55351114e-01 6.44677877e-03 5.24630308e-01
    2.21872032e-02 2.97981441e-01 3.57627034e-01 1.19136095e-01
    4.18399721e-01 1.63155347e-01 8.20077896e-01 4.36601460e-01
    6.62986934e-01 9.25065100e-01 8.82297516e-01 7.35570431e-01
    2.98131704e-01 5.64354599e-01 8.55606914e-01 8.23810339e-01
    7.99289763e-01 4.88608986e-01 8.85347366e-01 7.36296415e-01
    5.53536236e-01 4.81262803e-01 1.61941260e-01 5.37280500e-01
    4.61552680e-01 3.74222219e-01 3.95874619e-01 3.58878493e-01
    6.54721379e-01 6.38713717e-01 9.02534723e-01 7.75621772e-01
    3.56309921e-01 8.59027207e-01 6.64626241e-01 5.45858085e-01
    3.15436214e-01 5.46702564e-01 3.16526413e-01 9.11913157e-01
    7.69065559e-01 3.59311283e-01 9.36168134e-01 4.30897534e-01
    3.64395976e-01 9.25961614e-01 6.39351547e-01 6.92116499e-01
    7.97323465e-01 1.54674053e-03 2.58322835e-01 7.39900589e-01
    9.71179724e-01 4.25582886e-01 7.90384233e-01 3.21979642e-01
    3.42869580e-01 8.75104427e-01 7.48778999e-01 1.16115570e-01
    2.89572388e-01 7.30421782e-01 2.16041565e-01 8.02514911e-01
    6.16257071e-01 6.39059722e-01 4.83273298e-01 2.05317259e-01
    1.51804537e-01 4.15290833e-01 7.93366909e-01 1.82781219e-02
    8.93888474e-02 1.79918945e-01 1.05851740e-01 4.83127236e-02
    3.98369372e-01 8.83143604e-01 7.66007423e-01 6.79400444e-01
    5.15940368e-01 4.84802425e-01 5.40075898e-01 8.35883498e-01
    1.71122491e-01 1.67034984e-01 6.99672639e-01 8.01586270e-01
    6.67588711e-02 2.87495732e-01 2.74281263e-01 5.77781022e-01
    4.39263582e-02 2.39146858e-01 1.02642238e-01 8.98510575e-01
    3.00680995e-01 5.73448122e-01 6.43833518e-01 6.16039395e-01
    7.17707574e-01 6.19804561e-01 7.79070556e-01 8.74219954e-01
    8.72832775e-01 3.34355235e-02 8.01840961e-01 9.51525211e-01
    7.85683990e-01 8.41522336e-01 4.35835540e-01 1.78610384e-02
    4.00814533e-01 3.52141023e-01 4.45789874e-01 4.53958511e-01
    3.64729345e-01 8.93080592e-01 2.83497155e-01 1.95600063e-01
    9.66087341e-01 2.78949499e-01 6.56772971e-01 9.08154011e-01
    3.32034886e-01 3.48956585e-01 5.32675028e-01 2.84430444e-01
    9.96082783e-01 8.69263709e-02 3.97515416e-01 9.99713004e-01
    3.35456491e-01 1.71878368e-01 5.64345241e-01 8.60768557e-03
    1.80637598e-01 4.62495148e-01 4.28646088e-01 2.43811399e-01
    5.73432922e-01 1.45256162e-01 7.51513660e-01 1.29872620e-01
    1.79730892e-01 1.34473711e-01 2.90383101e-02 8.89401793e-01
    5.72823286e-01 1.14284933e-01 2.76205301e-01 4.03622568e-01
    5.18887222e-01 8.33846629e-01 2.63545513e-01 1.60394132e-01
    2.75000215e-01 8.54318559e-01 6.52055323e-01 9.93279815e-01
    9.67291713e-01 5.46753287e-01 9.31677580e-01 1.47364378e-01
    5.22501528e-01 9.77753699e-01 3.39583158e-01 3.48286748e-01
    5.90655804e-01 7.74127126e-01 1.75648749e-01 7.03454375e-01
    2.42172986e-01 4.00063694e-02 9.82055902e-01 8.39396954e-01
    6.19893491e-01 4.71322238e-02 8.65838766e-01 3.20555449e-01
    4.16858375e-01 7.52966881e-01 6.40935004e-01 4.00562882e-01
    4.75995392e-01 2.11285204e-01 2.31929779e-01 7.88031459e-01
    8.15034389e-01 5.18373072e-01 1.21819913e-01 6.34503365e-01
    6.37537241e-01 7.47623026e-01 5.91430843e-01 9.20159459e-01
    5.69078922e-02 4.15539294e-01 9.03878927e-01 7.52371669e-01
    3.83275896e-01 3.95966858e-01 4.45494771e-01 5.12753487e-01
    9.86545444e-01 2.79293835e-01 5.13792276e-01 4.81075436e-01
    7.46906996e-01 5.20969927e-02 6.08056068e-01 9.44739938e-01
    6.23165965e-01 3.15897524e-01 8.37170303e-01 7.73899436e-01
    1.68715388e-01 9.85161364e-02 3.79768431e-01 8.38683009e-01
    1.31376207e-01 4.49768305e-02 2.00504303e-01 7.29300261e-01
    1.35397464e-01 7.31083453e-01 7.26593554e-01 1.15032613e-01
    1.07465982e-01 7.76502371e-01 2.80468166e-01 1.95009410e-02
    1.51344299e-01 2.03277022e-01 1.02627248e-01 4.41667497e-01
    9.33371782e-01 5.18784225e-01 4.26274300e-01 2.66468078e-01
    5.45180380e-01 2.96140969e-01 6.82030797e-01 8.35173249e-01
    6.66596293e-02 9.66948628e-01 8.88918161e-01 9.61393654e-01
    3.15137684e-01 6.07534111e-01 7.42765188e-01 8.76053810e-01
    5.66510141e-01 1.26681924e-02 5.98157108e-01 9.93916154e-01
    9.17010546e-01 3.87997448e-01 6.40908897e-01 1.10478073e-01
    3.95091623e-01 7.64219165e-02 4.83283699e-01 3.80923927e-01
    2.21107155e-01 9.05115545e-01 3.54186654e-01 6.17462456e-01
    5.50489485e-01 6.99060857e-01 4.24948722e-01 2.56603062e-01
    8.82593036e-01 7.43724108e-01 1.54565603e-01 4.09797907e-01
    7.26765633e-01 3.97419304e-01 2.95934856e-01 6.21595800e-01
    6.06492937e-01 2.10172534e-01 5.87781608e-01 8.81122112e-01
    6.37232423e-01 4.88039374e-01 1.58895522e-01 1.46735221e-01
    3.01367968e-01 7.37942934e-01 7.11705923e-01 5.37373602e-01
    2.68433541e-01 1.54129386e-01 4.56275821e-01 1.64947718e-01
    3.72429252e-01 9.66501355e-01 4.33092713e-02 2.23114401e-01
    8.64003241e-01 6.49025023e-01 5.85830390e-01 6.77558422e-01
    9.03103352e-01 2.63488322e-01 8.01334620e-01 4.10369396e-01
    7.24142909e-01 9.14848387e-01 4.56022024e-02 3.48366737e-01
    7.13241041e-01 4.37477887e-01 2.21008867e-01 2.96642005e-01
    5.83607733e-01 5.41670322e-01 6.37086689e-01 7.97011137e-01
    4.95489389e-01 1.57732069e-01 5.43630064e-01 3.21977735e-01
    6.11011982e-02 4.93469208e-01 5.81636727e-01 2.36347347e-01
    6.57773077e-01 2.20593214e-01 5.63153684e-01 9.76328313e-01
    9.19422209e-02 7.39955544e-01 8.63361001e-01 3.58118325e-01
    4.91430223e-01 5.85661650e-01 3.89337242e-02 5.99204063e-01
    7.12753117e-01 7.27236211e-01 7.72666931e-01 3.84773195e-01
    4.37433392e-01 8.52733374e-01 5.71794212e-01 7.85977602e-01
    4.78181899e-01 2.44282186e-02 1.56695873e-01 2.15909481e-02
    3.58020782e-01 1.37849152e-01 5.87306082e-01 2.36204207e-01
    4.04005855e-01 7.94680715e-01 7.13327765e-01 7.72108495e-01
    4.42565888e-01 1.23907089e-01 3.68051052e-01 7.76145935e-01
    3.51576507e-02 5.73333502e-01 7.87759185e-01 6.02089286e-01
    4.61139500e-01 4.64069903e-01 3.08511853e-02 8.31121504e-02
    5.12539446e-01 2.73055911e-01 1.40106916e-01 3.52398545e-01
    7.58921802e-01 2.31481940e-01 3.63797724e-01 3.68789911e-01
    9.84818339e-01 9.95771289e-01 8.16173315e-01 3.85485023e-01
    1.99102819e-01 4.85985428e-01 9.66075301e-01 2.07888126e-01
    8.03246856e-01 1.65716559e-01 3.54707688e-01 4.81989980e-03
    6.88427091e-01 3.82050067e-01 4.83900845e-01 5.00247657e-01
    6.75363421e-01 3.95825863e-01 5.01402318e-02 7.05405891e-01
    1.25566721e-02 9.18864727e-01 2.64990628e-02 6.69798970e-01
    4.67972606e-01 8.74205232e-01 1.41519666e-01 5.47120273e-01
    6.65639520e-01 3.49463701e-01 4.49614346e-01 4.43968296e-01
    7.64986455e-01 6.61994338e-01 6.37078881e-02 6.93232298e-01
    7.35853612e-01 3.06292862e-01 7.96024263e-01 4.87771958e-01
    6.44509792e-01 7.92995572e-01 3.29173565e-01 7.80523658e-01
    5.61519504e-01 8.11478376e-01 1.29880637e-01 2.97149658e-01
    8.31928432e-01 5.96554637e-01 1.67774796e-01 5.35807669e-01
    2.69626826e-01 1.42800033e-01 6.42664969e-01 3.53973657e-01
    7.88207531e-01 9.06881869e-01 5.79759300e-01 3.30415010e-01
    5.36562562e-01 6.46398365e-01 5.11164308e-01 8.10970247e-01
    5.78358769e-03 6.22616529e-01 1.32207811e-01 3.87655079e-01
    5.16483188e-01 5.94560623e-01 3.37937057e-01 5.98469973e-01
    4.71659213e-01 5.57371378e-02 4.94260550e-01 5.65179884e-02
    5.08634686e-01 5.51746190e-01 5.24601400e-01 9.47757363e-01
    3.31003189e-01 5.02820730e-01 1.16006434e-01 4.73054171e-01
    7.43820250e-01 3.27939391e-01 6.66704476e-02 6.58306658e-01
    4.35350597e-01 6.31020427e-01 5.14779568e-01 9.04541016e-01
    4.56550390e-01 8.48304927e-01 4.36242998e-01 7.75121570e-01
    8.54520082e-01 3.49319994e-01 1.41058505e-01 7.43801534e-01
    7.40559340e-01 5.19136548e-01 9.87008810e-01 1.66490555e-01
    5.63594937e-01 5.78031540e-01 6.80493712e-02 7.84136534e-01
    8.59568715e-02 1.50048435e-02 7.98254311e-02 2.44489878e-01
    9.66771185e-01 5.49706161e-01 8.33632946e-01 4.78881359e-01
    6.56356215e-01 2.15508491e-01 4.88324761e-01 9.19794917e-01
    1.22429878e-01 1.90682501e-01 7.17939794e-01 8.46661925e-01
    2.15226531e-01 7.70583510e-01 2.86645889e-01 7.28319168e-01
    6.10236764e-01 1.73616171e-01 8.78063202e-01 2.86102295e-06
    5.10058284e-01 8.05422664e-01 8.53399038e-01 2.41467476e-01
    2.86761403e-01 1.02597833e-01 5.63599765e-02 8.49198461e-01
    5.34832716e-01 3.70791078e-01 6.32148564e-01 8.60204995e-02
    2.76769280e-01 4.86948997e-01 9.76690292e-01 4.48456109e-01
    5.29929101e-01 9.83873844e-01 4.46312547e-01 5.56771278e-01
    6.59442425e-01 9.88950312e-01 9.32786703e-01 2.52978802e-01
    1.83284283e-05 9.43408847e-01 6.78663552e-02 8.35782111e-01
    8.13717425e-01 6.15158319e-01 8.79971683e-02 4.94273722e-01
    2.91687667e-01 8.93527031e-01 2.92678416e-01 6.67609513e-01
    1.47369981e-01 8.15845609e-01 8.65942478e-01 2.66699493e-01
    1.77351981e-01 1.63914651e-01 2.79567778e-01 5.57751417e-01
    4.15970802e-01 6.24215782e-01 7.93861151e-02 7.12770760e-01
    1.51504129e-01 2.81175673e-01 4.85713363e-01 4.90069032e-01
    7.59100676e-01 4.86716777e-01 8.34029198e-01 7.38544703e-01
    2.27000505e-01 2.18544006e-01 4.57074463e-01 6.73705935e-01
    5.00151277e-01 2.41931558e-01 9.47891474e-01 4.76039052e-02
    6.96652234e-01 4.60200310e-01 8.31002116e-01 4.55346823e-01
    5.29856920e-01 9.57909465e-01 4.89194334e-01 6.76020086e-01
    4.60999072e-01 9.65146363e-01 8.38305116e-01 8.90220046e-01
    6.00357711e-01 6.92789197e-01 7.45301783e-01 4.34686124e-01
    8.08894575e-01 2.77049780e-01 1.12071812e-01 5.22658527e-02
    9.43174958e-01 3.03997070e-01 7.83938289e-01 3.55347186e-01
    1.58002049e-01 7.22446442e-01 7.97828794e-01 5.58972120e-01
    5.33130288e-01 4.23608214e-01 8.22066188e-01 8.49844813e-02
    3.21539998e-01 1.11953467e-01 5.24571836e-02 9.05747771e-01
    4.72615272e-01 4.81789380e-01 6.43518865e-02 7.67009139e-01
    3.43105823e-01 9.93104160e-01 3.98486197e-01 7.70611405e-01
    5.89749455e-01 8.56277883e-01 8.64995122e-01 7.74380684e-01
    6.89301610e-01 4.73562479e-01 3.60098392e-01 3.68715107e-01
    4.48978096e-01 6.44352078e-01 3.22762251e-01 1.95235461e-01
    7.08068013e-02 2.65959024e-01 7.72526264e-01 7.73444891e-01
    7.75033832e-01 3.67211342e-01 2.67251253e-01 2.57420242e-01
    9.09900308e-01 6.66747153e-01 7.93597817e-01 3.62627387e-01
    9.50113893e-01 4.80537325e-01 3.38139117e-01 2.61075556e-01
    5.09280264e-01 2.52662808e-01 1.21584773e-01 3.92215580e-01
    5.93134999e-01 3.33626986e-01 4.09644842e-03 9.40752327e-01
    1.09838665e-01 5.94428778e-01 8.86721015e-02 2.88236231e-01
    4.46110815e-01 8.62523735e-01 4.21789885e-01 2.77088642e-01
    2.35025406e-01 6.44393742e-01 3.73524606e-01 2.70876229e-01
    6.47455752e-02 1.43362820e-01 8.44886065e-01 5.19026577e-01
    6.81640625e-01 8.33521008e-01 6.96210265e-01 4.72420245e-01
    2.07331985e-01 9.26608801e-01 9.44805384e-01 5.04171669e-01
    8.91094327e-01 9.91233349e-01 5.65454483e-01 9.75168586e-01
    2.05423474e-01 6.18591249e-01 2.45584667e-01 4.03052628e-01
    5.28449476e-01 6.07480466e-01 5.26435614e-01 3.97345811e-01
    5.01252294e-01 7.92105317e-01 3.19862783e-01 4.85093296e-02
    9.99105394e-01 1.21970266e-01 1.99012369e-01 9.74439144e-01
    1.74641967e-01 8.45814943e-01 6.47106826e-01 3.58486980e-01
    3.84662032e-01 9.78653312e-01 3.44591737e-02 5.46026587e-01
    4.12382275e-01 3.09588790e-01 8.98482680e-01 5.01105309e-01
    7.15170383e-01 6.18243575e-01 4.93081540e-01 2.73912609e-01
    4.63560045e-01 3.82839411e-01 1.77279145e-01 9.45531249e-01
    6.19608879e-01 5.64461708e-01 1.12805218e-01 6.53169572e-01
    1.55544341e-01 5.41956007e-01 2.22040415e-02 6.54858232e-01
    9.32364702e-01 5.55404127e-01 7.24818289e-01 8.21447968e-01
    2.78929591e-01 9.09974575e-01 3.27195495e-01 1.75709724e-01
    8.67484212e-02 8.32268834e-01 4.92098153e-01 9.78581667e-01
    4.85186249e-01 9.25411344e-01 1.39981449e-01 7.14643836e-01
    5.30772507e-01 5.48776090e-01 9.96928573e-01 6.14138782e-01
    6.47599757e-01 5.81295311e-01 7.08216548e-01 2.19342977e-01
    9.75437522e-01 7.26282835e-01 1.29717320e-01 4.43816066e-01
    4.95652318e-01 4.91993755e-01 7.29798257e-01 4.57708716e-01
    4.50066060e-01 6.88725054e-01 8.04354012e-01 6.82259321e-01
    8.58083844e-01 7.74179816e-01 1.91962451e-01 6.59255207e-01
    1.21305376e-01 6.53023839e-01 7.96588421e-01 9.23154235e-01
    3.19459438e-01 7.22964287e-01 7.21715927e-01 4.83230621e-01
    1.65024400e-03 7.25149512e-02 4.85111058e-01 9.95946050e-01
    9.39287543e-01 4.23206776e-01 9.30255294e-01 8.90504003e-01
    9.38784182e-02 5.24008214e-01 9.46123362e-01 3.66086543e-01
    8.21949005e-01 3.62979412e-01 5.79880476e-02 1.25178665e-01
    6.39058471e-01 1.72091007e-01 3.71166855e-01 6.49741888e-02
    7.49770820e-01 5.98954320e-01 7.58230448e-01 9.83090043e-01
    4.20800686e-01 5.36329508e-01 9.93641198e-01 9.31898415e-01
    8.37991238e-01 5.73879540e-01 1.45917416e-01 8.01904678e-01
    6.31849766e-01 6.84342563e-01 2.75062710e-01 5.52248299e-01
    3.61928612e-01 5.53855240e-01 4.83043253e-01 1.58215344e-01
    2.04142720e-01 8.70244741e-01 6.73504591e-01 8.83574545e-01
    7.63142109e-01 1.71935856e-01 9.14532542e-01 8.40013623e-02
    6.28209472e-01 3.08901787e-01 5.13758481e-01 2.69184947e-01
    8.04829895e-01 6.98564172e-01 4.76289093e-02 3.25826377e-01
    6.53850436e-02 3.54651123e-01 9.90979373e-01 7.57565260e-01
    6.42253935e-01 4.37996119e-01 2.85992682e-01 2.35422194e-01
    9.59955752e-01 9.75370765e-01 4.62687701e-01 1.79339767e-01
    2.77742475e-01 8.91281962e-01 2.01811731e-01 9.66848135e-02
    2.37140983e-01 7.44803429e-01 2.47563988e-01 8.06718171e-02
    8.55538011e-01 8.17266822e-01 4.46146250e-01 4.24604416e-01
    8.43059301e-01 3.17883074e-01 5.83971143e-02 7.28109360e-01
    4.52018619e-01 1.79454654e-01 3.14657032e-01 5.88122070e-01
    3.59903514e-01 9.64315772e-01 5.95683157e-02 8.79392743e-01
    9.03882682e-01 8.04630399e-01 5.48601329e-01 2.53781825e-01
    1.50259614e-01 4.52719897e-01 7.23816991e-01 3.29849184e-01
    7.99588323e-01 7.16455936e-01 9.45430875e-01 9.96669412e-01
    7.14548945e-01 1.10506713e-01 4.10405040e-01 3.95217836e-01
    1.88260913e-01 1.98388994e-01 1.29740804e-01 1.26207143e-01
    1.00711077e-01 3.30860853e-01 9.76139188e-01 5.84194481e-01
    8.68143201e-01 1.71009302e-02 6.32711709e-01 4.76151437e-01
    9.99983907e-01 9.53304410e-01 6.82570815e-01 4.08032387e-01
    9.94647741e-01 2.31009960e-01 7.80378819e-01 7.56645799e-01
    3.70351136e-01 1.54525995e-01 5.86541295e-02 7.57788539e-01
    3.86160910e-01 6.89759552e-02 9.83340085e-01 5.48103690e-01
    8.38770866e-01 3.24899524e-01 6.06295764e-01 1.14438981e-01
    6.66322649e-01 7.31070280e-01 9.13751841e-01 2.25815147e-01
    8.74543488e-02 3.58655214e-01 3.42245191e-01 8.23354006e-01
    8.83454561e-01 4.21762526e-01 7.98120141e-01 7.38825917e-01
    5.43823183e-01 6.08753860e-01 3.74508679e-01 7.40732908e-01
    2.45918334e-01 1.89469129e-01 2.82159090e-01 6.03447974e-01
    3.07750881e-01 7.59335995e-01 5.52833855e-01 4.26526815e-01
    2.48310804e-01 5.61748385e-01 3.98609102e-01 5.49697161e-01
    7.74531007e-01 3.87698889e-01 7.20617175e-03 6.78091407e-01
    1.20777518e-01 3.44589055e-02 4.16874945e-01 1.85912222e-01
    3.17419231e-01 2.25525022e-01 2.00491369e-01 7.17857957e-01
    1.30150318e-02 5.89170456e-01 8.87650132e-01 1.47192180e-02
    8.49050820e-01 6.58137321e-01 9.26019192e-01 8.67664695e-01
    4.54106897e-01 8.22998345e-01 4.40243870e-01 7.70343661e-01
    6.26989961e-01 6.36933744e-02 3.99097055e-01 4.18558747e-01
    2.86950350e-01 9.25562978e-02 7.50408292e-01 5.81121027e-01
    9.94023204e-01 3.56747210e-01 2.03288496e-02 5.80092430e-01
    7.31212795e-01 3.72421443e-01 4.72376317e-01 6.50082886e-01
    6.69387519e-01 6.40940309e-01 7.48697162e-01 9.29427564e-01
    3.22964072e-01 7.69909501e-01 7.75655746e-01 9.06954050e-01
    7.50980139e-01 5.27504921e-01 7.50621855e-01 5.92111886e-01
    5.10984898e-01 4.67379540e-01 1.98365450e-02 9.58217800e-01
    1.32328719e-01 2.83930898e-01 6.71565354e-01 3.68314147e-01
    8.08241963e-01 2.78097212e-01 9.10783648e-01 1.03551626e-01
    4.81332242e-02 2.50594288e-01 9.43738639e-01 8.53554368e-01
    8.51458788e-01 7.99712420e-01 4.66603309e-01 7.41248429e-02
    7.78951645e-02 5.89382350e-01 2.79072106e-01 7.98591256e-01
    2.16535091e-01 9.14605200e-01 7.18112707e-01 1.53496951e-01
    1.96654946e-01 7.09117055e-01 1.48039758e-01 5.24876058e-01
    5.52914500e-01 5.39793491e-01 9.30632114e-01 7.91457891e-01
    7.41632462e-01 7.82278299e-01 9.85429108e-01 3.88839900e-01
    1.74150556e-01 6.55207694e-01 1.53023511e-01 3.77790183e-01
    9.80314314e-02 6.33632302e-01 7.81715035e-01 2.29087859e-01
    4.77838308e-01 9.23980713e-01 2.63861656e-01 9.02973115e-02
    7.73014188e-01 6.19822502e-01 5.42826056e-01 7.95735598e-01
    5.36008358e-01 8.06086779e-01 4.19215441e-01 7.62181878e-01
    1.74370080e-01 6.44174159e-01 2.88756847e-01 2.61497200e-02
    7.84832418e-01 7.14846134e-01 2.23187178e-01 1.73310667e-01
    6.14792228e-01 5.85097492e-01 6.73078418e-01 3.52017701e-01
    7.77191639e-01 6.09463334e-01 8.56525302e-02 8.78827631e-01
    7.80836940e-01 8.69624197e-01 8.12444091e-01 8.84725809e-01
    6.57001615e-01 3.39854389e-01 7.33363628e-01 7.82965779e-01
    6.06821060e-01 4.60941613e-01 5.41058779e-02 9.11357999e-01
    5.64199328e-01 6.21690750e-01 6.64070487e-01 1.10656619e-02
    1.33404374e-01 1.91774309e-01 3.83963645e-01 8.41580153e-01
    4.41087574e-01 6.97224379e-01 5.44611931e-01 3.69195223e-01
    4.19017226e-01 4.86689806e-02 4.55905169e-01 8.47342014e-01
    9.23147082e-01 6.51405275e-01 4.39336360e-01 5.79280853e-02
    4.10787463e-01 7.63043523e-01 9.62872505e-01 5.18554628e-01
    3.81063133e-01 3.55679572e-01 5.34417450e-01 4.06462371e-01
    1.75095320e-01 9.12189245e-01 6.57248378e-01 4.79325414e-01
    5.95885038e-01 2.64613807e-01 5.99361956e-01 5.06047070e-01
    5.91107905e-01 7.05947042e-01 3.89880508e-01 8.65179896e-01
    8.25380981e-02 6.38841033e-01 8.37542355e-01 4.25282598e-01
    7.74735808e-01 9.50206459e-01 8.95203114e-01 8.84396195e-01
    1.21737152e-01 3.71971130e-02 5.40697217e-01 6.17029130e-01
    9.46075857e-01 5.12277782e-02 6.76479697e-01 7.72431374e-01
    1.64788783e-01 9.87462223e-01 6.25728369e-01 1.64695263e-01
    3.51006389e-01 7.17168808e-01 9.29733276e-01 8.65253448e-01
    9.68874097e-01 3.60731363e-01 6.51355505e-01 8.73263717e-01
    2.72434890e-01 5.12068272e-01 4.42215830e-01 5.65976322e-01
    8.91144931e-01 2.66446978e-01 8.59290719e-01 5.39864421e-01
    6.38049126e-01 9.34549809e-01 6.16700292e-01 9.87907410e-01
    5.20970106e-01 6.27544403e-01 6.81208968e-01 1.21373147e-01
    2.01159328e-01 3.42015624e-01 4.75677937e-01 7.66825974e-02
    7.34962106e-01 2.51987994e-01 3.53353083e-01 4.09690559e-01
    4.28870022e-02 2.51901805e-01 3.11008513e-01 3.21080744e-01
    7.49519408e-01 7.83336520e-01 1.85629487e-01 6.91136718e-02
    6.97123230e-01 8.77875984e-02 1.15158826e-01 2.16147602e-01
    5.73987484e-01 3.18224341e-01 2.45724231e-01 4.24568057e-01
    3.35796535e-01 6.83671415e-01 7.75026858e-01 2.82763958e-01
    1.67962283e-01 7.99727559e-01 6.29558146e-01 5.91473758e-01
    1.41143292e-01 4.69231725e-01 1.24619901e-02 4.60870057e-01
    9.87057090e-01 1.86154246e-01 5.89880943e-02 8.44535828e-01
    6.28885627e-01 8.17243516e-01 1.64681673e-02 5.84405661e-01
    6.25220060e-01 3.21827590e-01 4.53593433e-01 6.95053875e-01
    2.30536669e-01 6.55168831e-01 7.67928481e-01 9.46749985e-01
    4.06894088e-03 9.92403388e-01 3.40186983e-01 2.69692779e-01
    6.84400380e-01 1.01357847e-01 1.47777915e-01 4.20220345e-01
    9.81125534e-01 8.58323216e-01 4.47543085e-01 2.09266424e-01
    8.86704206e-01 9.29376781e-02 1.45847768e-01 8.58378053e-01
    6.09815061e-01 3.10900629e-01 6.55916274e-01 1.44577384e-01
    8.64549994e-01 6.41241372e-01 2.29243666e-01 2.18274415e-01
    8.46151352e-01 1.97651982e-02 2.14919984e-01 3.83636951e-01
    3.77144039e-01 3.82265449e-02 5.05515337e-01 1.91341400e-01
    9.63306367e-01 1.93204731e-01 6.99907899e-01 6.99805856e-01
    2.15887427e-02 2.61281133e-02 5.88593543e-01 4.26086158e-01
    5.88058770e-01 9.68397379e-01 8.96154165e-01 9.31810021e-01
    8.18504572e-01 7.05455899e-01 7.98375964e-01 3.44105840e-01
    5.19704819e-03 7.94917285e-01 2.83354104e-01 4.51475233e-01
    2.13895798e-01 7.83516526e-01 5.22736609e-01 7.54283786e-01
    5.98590076e-02 9.72595990e-01 6.83108926e-01 8.15942585e-02
    5.45460522e-01 5.56710839e-01 7.45385587e-01 6.76905572e-01
    3.66254449e-02 6.61213100e-01 1.18239850e-01 2.05038846e-01
    4.78626370e-01 5.48486650e-01 2.41531640e-01 7.51143932e-01
    2.06492841e-01 7.77283609e-02 6.43830121e-01 3.51619959e-01
    6.02021098e-01 9.88770425e-01 3.62386197e-01 9.62282479e-01
    3.95305216e-01 5.29273927e-01 2.58544415e-01 8.13956797e-01
    4.97510672e-01 9.22158659e-01 6.13460302e-01 7.57324815e-01
    2.54033476e-01 3.76768142e-01 5.43910503e-01 2.98862457e-02
    7.80818760e-02 5.32433450e-01 5.69679141e-01 6.68062687e-01
    1.08621866e-01 2.66640127e-01 7.68521070e-01 8.03650856e-01
    1.91819161e-01 8.10892165e-01 8.48410964e-01 7.82560945e-01
    2.62674153e-01 1.60345972e-01 3.31809402e-01 9.04592276e-01
    9.78465319e-01 7.71606684e-01 5.93981922e-01 1.01522177e-01
    1.63234681e-01 5.60198724e-01 2.01994509e-01 5.42116821e-01
    9.85650778e-01 6.35426819e-01 8.03317726e-01 7.72636890e-01
    1.53511643e-01 7.08111227e-01 7.71063328e-01 4.07205760e-01
    3.21065485e-01 8.78555655e-01 9.77016449e-01 6.63348734e-01
    4.85337079e-02 6.93469167e-01 6.14429593e-01 3.89680535e-01
    3.96218747e-01 1.34456038e-01 3.09290349e-01 7.80058861e-01
    5.39018989e-01 4.91876006e-02 4.98558879e-01 8.02410483e-01
    3.86474848e-01 9.75250602e-02 1.75965130e-01 5.77432275e-01
    9.01315212e-02 7.87834764e-01 3.37543786e-01 1.77169323e-01
    4.45859104e-01 5.43007255e-01 4.66600746e-01 5.11958420e-01
    2.02365130e-01 6.18492246e-01 4.84909803e-01 4.89224821e-01
    8.36333811e-01 8.21621120e-02 1.42033219e-01 6.57590508e-01
    7.85173178e-02 7.97749758e-02 1.93667680e-01 5.66277564e-01
    7.10508287e-01 3.36776376e-02 2.96009123e-01 9.97304499e-01
    8.92416656e-01 8.89770627e-01 5.87583244e-01 6.30608201e-01
    5.59566915e-01 9.48385775e-01 3.15638691e-01 2.62422383e-01
    3.48302424e-02 6.18362069e-01 2.22762823e-01 3.47040206e-01
    2.52814502e-01 2.10412920e-01 2.58265525e-01 8.09701085e-01
    3.90206754e-01 2.61189282e-01 4.44956273e-01 6.68203533e-01
    5.62067866e-01 3.35805416e-01 4.07319367e-01 5.03614485e-01
    3.34034264e-01 1.62742883e-01 6.75962687e-01 5.81055522e-01
    2.30604559e-01 2.63851225e-01 5.72242022e-01 7.12633789e-01
    4.21243161e-01 4.90660936e-01 8.10912251e-01 9.12851572e-01
    1.47390932e-01 2.68503487e-01 3.55528593e-02 6.46098733e-01
    9.80047464e-01 1.44067407e-02 4.74603057e-01 4.82653260e-01
    3.04897457e-01 7.79780269e-01 7.72901893e-01 8.02005410e-01
    6.31006837e-01 2.06422687e-01 8.33679974e-01 4.45078373e-01
    9.27991152e-01 6.90960884e-01 9.65044498e-01 4.21894670e-01
    3.03977460e-01 6.94610894e-01 4.64055151e-01 9.46076155e-01
    5.66205859e-01 8.47909570e-01 5.09944499e-01 2.55939066e-01
    3.87003124e-02 1.43611401e-01 4.56808776e-01 2.96249986e-01
    8.89109731e-01 9.28998828e-01 9.53413844e-01 1.30947530e-01
    8.33555102e-01 8.83082688e-01 9.54042375e-01 1.08401507e-01
    2.68863022e-01 4.60051656e-01 2.54111141e-01 5.06456435e-01
    2.92412370e-01 8.33613217e-01 5.15065551e-01 4.83929813e-02
    7.10085452e-01 5.37321389e-01 8.22492838e-01 1.28978491e-01
    9.85693097e-01 2.81262577e-01 4.22477007e-01 3.76024753e-01
    1.52820349e-01 1.45534486e-01 7.17392504e-01 3.82258832e-01
    2.03292817e-01 5.49524426e-01 5.40077150e-01 4.03849036e-01
    3.38525474e-01 3.44464839e-01 7.33237147e-01 6.30486012e-03
    9.15235579e-01 8.19641829e-01 2.98972607e-01 6.15816116e-01
    2.76374578e-01 1.45964116e-01 6.64649606e-01 1.33525282e-01
    8.79592419e-01 7.86683083e-01 2.44670570e-01 3.26575875e-01
    5.22176564e-01 1.81651175e-01 9.05584812e-01 7.68386245e-01
    1.87395602e-01 4.69967991e-01 5.68711042e-01 9.47062850e-01
    1.25958204e-01 4.56897616e-02 4.34857160e-01 7.83665299e-01
    3.63322377e-01 1.63130224e-01 7.04003096e-01 9.81508732e-01
    6.19774938e-01 3.65552008e-01 3.16589653e-01 1.40953898e-01
    3.45707834e-01 7.61166573e-01 7.63488412e-01 9.16622281e-02
    7.73293793e-01 1.55790448e-02 1.71709657e-02 4.39608991e-02
    1.52308732e-01 7.80848026e-01 2.48577178e-01 7.23810852e-01
    8.67500186e-01 1.69807613e-01 8.81394506e-01 3.65991205e-01
    7.13701308e-01 7.21111894e-03 6.97515547e-01 5.90929389e-03
    1.94660217e-01 3.58365476e-02 1.10893697e-01 6.30984545e-01
    1.46633267e-01 2.61149019e-01 5.87542892e-01 2.12099791e-01
    9.29205775e-01 6.19958162e-01 7.25711942e-01 8.03349137e-01
    1.05742782e-01 8.48621011e-01 6.59334064e-01 3.39448690e-01
    1.70160919e-01 4.11164403e-01 3.92572880e-01 6.58058167e-01
    5.13891339e-01 9.42528725e-01 6.43894911e-01 4.55957651e-01
    2.57683098e-01 4.23801422e-01 4.53269184e-02 8.22793484e-01
    9.31386650e-01 6.45897210e-01 5.13329923e-01 1.14370584e-02
    8.43387842e-01 1.64700359e-01 3.69573414e-01 6.82165146e-01
    9.54849720e-02 4.15646881e-01 8.02312493e-02 5.43595493e-01
    2.41599351e-01 4.79884356e-01 3.80270571e-01 3.38904321e-01
    4.62158859e-01 2.63793707e-01 4.62979883e-01 1.27056360e-01
    9.95253086e-01 5.72009981e-01 4.28471863e-02 2.21167862e-01
    3.74833643e-02 5.17036676e-01 3.04065019e-01 5.18567085e-01
    7.91132927e-01 9.72472131e-01 3.52975041e-01 8.25272501e-01
    4.91668552e-01 5.69647431e-01 6.63767040e-01 6.18366539e-01
    7.93363333e-01 3.22612882e-01 3.57832134e-01 4.86156583e-01
    5.13337970e-01 7.98679590e-01 1.82287008e-01 9.55936432e-01
    1.19599253e-01 8.30615640e-01 9.25001144e-01 3.36140394e-02
    7.01848328e-01 8.17913115e-02 7.51974225e-01 8.54990005e-01
    3.23963434e-01 5.62071085e-01 5.25757670e-03 8.10515046e-01
    4.07995701e-01 3.24184507e-01 9.49674368e-01 1.82950318e-01
    1.17979288e-01 9.11522627e-01 2.39845514e-01 8.82182658e-01
    2.70777762e-01 7.28578985e-01 6.00065231e-01 4.78576332e-01
    5.21423340e-01 1.93677247e-01 3.40804517e-01 2.61315942e-01
    5.58938861e-01 3.04203153e-01 8.08336318e-01 5.65594137e-01
    1.48225486e-01 1.65036321e-01 7.75764108e-01 3.42424154e-01
    2.98349053e-01 1.04905844e-01 4.32084560e-01 3.67609769e-01
    2.02833414e-01 3.62972438e-01 3.67376626e-01 3.85391057e-01
    9.30143058e-01 6.99275434e-02 3.43104810e-01 8.66253197e-01
    8.43504906e-01 6.83460116e-01 1.77315921e-01 9.16460574e-01
    3.08496892e-01 7.23232687e-01 6.41958237e-01 5.81556320e-01
    6.02834880e-01 3.55596840e-02 1.69107020e-02 5.92088163e-01
    2.80995339e-01 2.06753582e-01 8.00024509e-01 2.35116214e-01
    5.28405726e-01 1.25875711e-01 6.80556774e-01 7.63980091e-01
    5.39813519e-01 5.12939334e-01 4.41399664e-01 8.24043453e-02
    9.34792876e-01 8.41216803e-01 1.46060735e-01 2.45590627e-01
    4.93348718e-01 6.22112155e-01 1.32861197e-01 6.65091395e-01
    8.50013912e-01 7.87029743e-01 7.41380692e-01 9.23554242e-01
    4.55655456e-01 2.31592894e-01 6.83531702e-01 7.12565064e-01
    6.45624757e-01 1.95338756e-01 1.80470556e-01 6.24288619e-02
    8.45045567e-01 2.76366651e-01 2.87380934e-01 3.19167227e-01
    8.30088854e-01 4.84342426e-01 6.20941818e-01 9.45039511e-01
    8.84906232e-01 3.18768263e-01 3.73991132e-02 7.72140145e-01
    8.16430449e-02 5.40058374e-01 9.82851386e-01 6.50208294e-01
    2.47051775e-01 1.94996774e-01 2.51322508e-01 5.63222349e-01
    4.59027618e-01 1.66755527e-01 6.28065586e-01 2.17187524e-01
    1.24719381e-01 3.26944232e-01 5.15035987e-01 1.43355221e-01
    4.68977123e-01 1.27731621e-01 8.43181729e-01 4.24897194e-01
    6.13075733e-01 6.37699604e-01 5.00925303e-01 7.85467267e-01
    3.85455996e-01 5.85708082e-01 7.62543082e-01 6.65827036e-01
    4.02455270e-01 9.53802347e-01 2.96203434e-01 2.05215216e-02
    5.71324468e-01 8.77442122e-01 5.82846701e-01 2.60047257e-01
    6.50333166e-02 2.18768418e-02 3.30313355e-01 2.52398312e-01
    7.16475487e-01 7.18752921e-01 7.27235377e-01 9.79572594e-01
    2.39285022e-01 7.15335846e-01 7.15738058e-01 2.84222603e-01
    3.78069669e-01 6.39287889e-01 8.73465478e-01 5.51617980e-01
    9.77273941e-01 7.56167471e-01 8.30919027e-01 5.95426857e-02
    5.53113103e-01 5.64544320e-01 8.33126426e-01 9.84877706e-01
    7.83372879e-01 2.34899819e-01 8.85256648e-01 1.15361631e-01
    1.01970881e-01 7.00244248e-01 5.14383852e-01 7.29289711e-01
    3.99041981e-01 2.16444612e-01 8.16902041e-01 9.96149659e-01
    6.88590407e-01 5.09089589e-01 3.99251252e-01 9.81223285e-01
    9.41752136e-01 8.09176862e-02 7.47775614e-01 9.51999068e-01
    9.86099958e-01 6.52814507e-01 8.95807385e-01 9.04001951e-01
    6.74413145e-02 5.20898998e-01 3.80643010e-02 8.94938707e-02
    9.62913215e-01 8.59798312e-01 6.17092848e-03 6.69605136e-01
    2.98143536e-01 6.19022131e-01 9.14362073e-02 8.06019068e-01
    4.36987340e-01 3.09458464e-01 1.79409981e-02 4.71277267e-01
    2.33841330e-01 4.60873425e-01 3.93312573e-02 9.69697177e-01
    1.27135307e-01 2.87321389e-01 9.08609986e-01 8.78549576e-01
    1.34973168e-01 8.45619440e-01 1.34578735e-01 8.01294863e-01
    6.42983794e-01 5.84908843e-01 8.18050981e-01 7.33209491e-01
    7.86153436e-01 5.52548289e-01 3.87115300e-01 7.86516070e-03
    8.32634449e-01 3.14646661e-01 5.93835115e-01 4.46646392e-01
    6.18947625e-01 3.02603841e-01 9.79997396e-01 5.71343243e-01
    1.69491559e-01 1.85016155e-01 8.89965296e-01 6.68269157e-01
    8.81884933e-01 8.44574571e-02 2.98698843e-01 6.19663596e-01
    3.61710817e-01 9.31248248e-01 1.77836716e-02 4.11838293e-03
    1.75056756e-01 7.45575368e-01 9.20612335e-01 2.37040043e-01
    2.26105511e-01 6.69778585e-01 6.44186139e-01 5.98994613e-01
    7.01686025e-01 6.76944137e-01 6.83861792e-01 2.91887581e-01
    1.17799968e-01 1.29906565e-01 7.27650046e-01 9.63353634e-01
    1.25244051e-01 7.14360237e-01 7.71438956e-01 8.84334803e-01
    2.70098060e-01 8.33655715e-01 7.34943390e-01 1.76177263e-01
    7.85015881e-01 4.73608792e-01 5.39812803e-01 8.38146091e-01
    8.32759500e-01 6.58240318e-01 9.23016787e-01 2.31853366e-01
    5.02885044e-01 8.19552779e-01 7.36363053e-01 3.17428887e-01
    7.17225909e-01 7.99234390e-01 9.98180866e-01 3.38176042e-01
    6.34715259e-02 8.65788102e-01 8.41582716e-02 6.12326324e-01
    5.32765269e-01 6.58677101e-01 5.96106768e-01 4.95386362e-01
    3.73407394e-01 1.82935923e-01 9.44928527e-01 6.03417635e-01
    6.75256193e-01 2.05951422e-01 9.12707925e-01 5.25946677e-01
    7.72825122e-01 7.16567039e-04 8.35527778e-01 6.70448899e-01
    5.32064676e-01 7.57940054e-01 7.75205851e-01 6.70902431e-01
    8.00581455e-01 4.91049051e-01 9.73975599e-01 4.09386188e-01
    7.35816002e-01 7.90305316e-01 9.14973974e-01 4.78978395e-01
    3.19307983e-01 6.87903762e-02 3.63175213e-01 6.17766976e-01
    5.40023804e-01 2.26973772e-01 6.73715293e-01 2.10228324e-01
    7.43659496e-01 2.49524802e-01 8.71909499e-01 3.56503576e-01
    8.78234208e-02 5.65155983e-01 2.72471368e-01 2.61669785e-01
    8.22180092e-01 1.31990969e-01 4.91480500e-01 7.64257789e-01
    6.14221752e-01 9.07590687e-02 6.43551469e-01 5.46372235e-02
    6.34118319e-01 8.03380966e-01 2.03685015e-01 8.63456964e-01
    2.38341987e-02 1.73759520e-01 1.62755698e-01 6.93040192e-01
    5.31890035e-01 7.19919801e-01 7.01354027e-01 5.98406792e-02
    2.67266691e-01 8.46113682e-01 1.59647435e-01 2.43261606e-01
    1.01544470e-01 9.72482800e-01 6.40829027e-01 3.09900165e-01
    6.67584598e-01 8.49562407e-01 6.27010763e-02 3.03752482e-01
    5.51373839e-01 2.32868552e-01 4.41128582e-01 2.47851253e-01
    4.50770438e-01 1.63901806e-01 3.97815704e-01 3.84374470e-01
    8.10025334e-01 7.19096780e-01 2.17380136e-01 8.94867897e-01
    1.91861629e-01 5.29864848e-01 6.02245331e-01 1.09081298e-01
    1.64518595e-01 8.88319552e-01 2.71937430e-01 3.17112803e-01
    4.62662458e-01 7.41545916e-01 8.18561971e-01 1.79854602e-01
    2.81787992e-01 2.17584819e-01 7.93666244e-02 2.60781437e-01
    6.03052557e-01 5.52540421e-01 3.14391971e-01 5.17514467e-01
    4.02182639e-02 1.52495503e-03 4.17538226e-01 1.75143778e-02
    2.21071899e-01 8.23831916e-01 4.84525114e-01 5.83993375e-01
    4.86400336e-01 2.82208920e-01 5.56696117e-01 9.64278936e-01
    2.28528887e-01 6.46451533e-01 8.91720533e-01 9.21888828e-01
    7.21317887e-01 6.58698738e-01 9.95334208e-01 2.03049809e-01
    2.33960181e-01 5.91960430e-01 5.13975084e-01 6.34029508e-03
    5.69319367e-01 1.31804109e-01 2.48974025e-01 1.33479029e-01
    3.96952122e-01 9.01373565e-01 4.01073962e-01 3.01854223e-01
    6.11447215e-01 7.85268784e-01 1.77401900e-01 7.02160776e-01
    9.25530791e-01 3.39425862e-01 7.87835121e-02 9.06799197e-01
    4.02497113e-01 6.53933585e-02 4.85368133e-01 2.44373381e-01
    8.99315596e-01 8.92285407e-01 9.90569234e-01 8.43592703e-01
    4.97847378e-01 3.68523002e-01 4.02339220e-01 2.15238899e-01
    7.17078805e-01 5.17562866e-01 3.31857860e-01 8.87607694e-01
    6.48152709e-01 9.67266619e-01 7.01848626e-01 1.62626058e-01
    4.22741354e-01 3.89005810e-01 2.29934365e-01 4.90566790e-01
    7.15049505e-01 4.61813688e-01 4.45361197e-01 1.17168397e-01
    5.35379946e-01 4.39222455e-02 2.33082652e-01 2.24283487e-01
    2.07774729e-01 6.21794164e-01 6.98404789e-01 7.12555230e-01
    7.76280880e-01 3.40548962e-01 4.92529452e-01 9.58640218e-01
    8.21344256e-01 1.58889979e-01 6.55332208e-01 2.94151008e-01
    7.64254093e-01 4.97990489e-01 2.74299800e-01 5.17172039e-01
    6.93174183e-01 7.93697715e-01 3.10940534e-01 6.36705935e-01
    9.93207991e-01 8.60967994e-01 3.06613803e-01 4.49118108e-01
    2.37811863e-01 2.17575878e-01 1.37571812e-01 4.37143743e-02
    6.90398812e-01 1.92047417e-01 2.67681062e-01 5.07741868e-01
    1.52203441e-03 8.90342355e-01 3.85105819e-01 1.28694385e-01
    7.47492194e-01 3.60830605e-01 7.91130304e-01 9.27565157e-01
    2.45097578e-01 9.70722914e-01 2.07115710e-01 7.91501403e-01
    9.31437016e-02 5.07752895e-01 6.38521075e-01 8.00255001e-01
    5.99793732e-01 1.89982146e-01 2.18862295e-03 7.93475509e-01
    9.04012442e-01 9.09408092e-01 4.81099814e-01 6.72850907e-01
    8.12574029e-01 8.95361066e-01 7.19723940e-01 6.04928255e-01
    1.53481543e-01 8.07801306e-01 1.60190672e-01 7.26357043e-01
    2.76901901e-01 9.97325659e-01 5.32724380e-01 8.14910829e-02
    5.22220612e-01 2.23547012e-01 7.77699113e-01 4.05857831e-01
    4.41701740e-01 6.58169508e-01 8.96127224e-02 1.68079078e-01
    7.65409529e-01 6.21964574e-01 9.89669323e-01 7.27539122e-01
    3.38684767e-01 4.12239730e-01 2.95695662e-01 1.19705051e-01
    7.49749303e-01 9.32856441e-01 8.48967433e-02 1.97395205e-01
    8.33037138e-01 5.01288891e-01 9.10941124e-01 7.11253285e-03
    8.62972379e-01 5.67252040e-01 9.38328862e-01 7.74820566e-01
    6.58434510e-01 9.00929809e-01 1.11862361e-01 6.64918184e-01
    4.46856320e-02 6.21871293e-01 3.06477726e-01 5.71730614e-01
    9.40515101e-02 5.01304448e-01 1.83291584e-01 4.98838454e-01
    5.35526752e-01 8.10824037e-01 5.60238779e-01 3.48065495e-02
    6.65882468e-01 5.14465451e-01 7.60019064e-01 8.19004774e-01
    3.82516772e-01 9.94683683e-01 6.95094049e-01 8.85254204e-01
    4.43438232e-01 6.61096752e-01 6.12466216e-01 2.18416750e-01
    6.49841964e-01 6.02509677e-01 8.05020690e-01 2.13618785e-01
    1.70295864e-01 7.46325016e-01 5.00568211e-01 8.56183589e-01
    7.34347343e-01 4.52524871e-01 4.28927779e-01 9.58967745e-01
    7.42633998e-01 9.62430239e-01 9.09859896e-01 5.93368113e-01
    9.46740925e-01 4.43105727e-01 2.44438201e-01 7.05442429e-01
    7.10269868e-01 8.25421214e-02 4.44219708e-01 4.42716151e-01
    8.94932747e-01 2.85094738e-01 5.39989054e-01 3.25339437e-02
    3.57104540e-01 3.58597159e-01 6.51143432e-01 1.65937573e-01
    4.15269852e-01 4.58036959e-02 9.21452045e-01 3.32092643e-02
    8.79970729e-01 8.45116615e-01 6.68512642e-01 5.76558590e-01
    3.84813190e-01 2.97344208e-01 3.82213831e-01 3.07789385e-01
    5.27892351e-01 9.37500238e-01 5.92310965e-01 9.93615568e-01
    4.23197269e-01 8.54007363e-01 7.73684144e-01 5.27066350e-01
    1.70513690e-01 1.21420920e-02 9.41566110e-01 7.88039207e-01
    2.07969606e-01 6.83299661e-01 8.83987188e-01 8.82591367e-01
    4.79068011e-01 4.85008061e-02 5.62946856e-01 8.92759919e-01
    8.84490311e-02 9.16615009e-01 7.71516562e-03 1.89639896e-01
    2.27417916e-01 8.44868541e-01 7.43442774e-01 2.42182136e-01
    5.45276403e-02 4.47132349e-01 5.48051476e-01 2.35821694e-01
    4.51250166e-01 8.06689262e-04 5.37670672e-01 3.72339845e-01
    8.90873075e-01 8.13657105e-01 2.14822024e-01 5.79454839e-01
    4.85664308e-02 2.13463724e-01 8.05901527e-01 3.02598596e-01
    8.54574025e-01 9.47318375e-02 5.97975254e-02 3.22170794e-01
    3.11192870e-01 3.86135280e-01 6.20678723e-01 4.32846546e-02
    5.34729183e-01 8.33234906e-01 7.12124586e-01 1.41508490e-01
    5.09106934e-01 1.46335363e-02 6.71631098e-01 3.97814125e-01
    8.31339836e-01 6.85978174e-01 9.68108892e-01 7.92380333e-01
    7.38706470e-01 5.80167353e-01 1.20184630e-01 4.37528729e-01
    3.98706138e-01 7.12488770e-01 9.50543106e-01 2.48460025e-01
    4.32785630e-01 8.06813776e-01 5.66199183e-01 3.10879767e-01
    1.35583282e-01 9.00037289e-01 1.85403347e-01 4.66210872e-01
    3.40062976e-02 3.52893114e-01 9.46261406e-01 6.80866420e-01
    1.99764311e-01 6.32438540e-01 8.23164701e-01 2.25729465e-01
    5.52664101e-01 2.68089771e-03 3.57520193e-01 9.23924446e-02
    1.21170670e-01 8.50550056e-01 7.65817463e-02 2.41727740e-01
    1.85077757e-01 3.15991819e-01 3.69006604e-01 9.85183477e-01
    6.41639590e-01 4.42253381e-01 4.39822376e-01 1.00552589e-01
    2.24426776e-01 9.57535386e-01 2.26917148e-01 3.37722421e-01
    2.82698035e-01 2.28590101e-01 3.66659462e-01 7.71300912e-01
    4.85066772e-01 3.41023028e-01 8.33262503e-02 3.61770868e-01
    6.90791488e-01 3.08277309e-02 5.66918075e-01 5.59163988e-01
    5.91860592e-01 9.38262820e-01 3.91815782e-01 1.51479989e-01
    8.42729807e-02 7.20133483e-02 8.75921726e-01 2.26136804e-01
    2.79916912e-01 8.44383121e-01 5.39098561e-01 4.81829107e-01
    9.46887970e-01 3.25806439e-01 2.64964819e-01 3.31026018e-01
    8.87390077e-01 1.91379637e-01 3.25620145e-01 6.83084130e-02
    4.77802157e-01 2.02850103e-02 1.29119158e-01 5.56166410e-01
    8.35015535e-01 8.66036415e-01 4.73086625e-01 9.59598422e-01
    4.47333276e-01 5.54961324e-01 3.12656611e-01 1.08931601e-01
    2.95704186e-01 8.23459327e-02 4.14523423e-01 9.05592084e-01
    4.46946025e-01 6.31428599e-01 5.80409646e-01 8.66124928e-01
    6.80642545e-01 7.21454084e-01 4.40361142e-01 3.50788474e-01
    5.89316547e-01 9.63025689e-02 2.68688977e-01 8.38165522e-01
    1.11375242e-01 5.11329472e-02 3.21899116e-01 1.74264669e-01
    8.41981351e-01 9.85893786e-01 5.34792364e-01 8.60964656e-02
    7.25943506e-01 9.27452087e-01 7.48476923e-01 6.33150041e-02
    8.39707613e-01 9.42562461e-01 7.73148060e-01 9.62712526e-01
    9.00065422e-01 6.43935800e-03 8.26185942e-03 6.65636063e-02
    9.71317768e-01 8.30726147e-01 2.02207357e-01 1.11821294e-03
    7.67586589e-01 6.54072285e-01 7.97324598e-01 3.62314105e-01
    5.08403659e-01 6.16625607e-01 9.91865039e-01 2.63979197e-01
    7.96512723e-01 6.30002975e-01 7.64375389e-01 6.31715655e-02
    1.76138103e-01 1.84579283e-01 6.21569157e-01 4.53024864e-01
    9.90429997e-01 2.50020802e-01 1.60921037e-01 7.57343054e-01
    1.25404805e-01 4.25645232e-01 3.61363947e-01 9.88369346e-01
    2.96691775e-01 2.00343937e-01 8.51461112e-01 1.53983951e-01
    5.33087313e-01 9.02047753e-01 6.16150141e-01 4.13809270e-01
    2.58468807e-01 1.59511596e-01 5.92338204e-01 8.53572786e-01
    8.64545584e-01 6.45610094e-02 9.21431601e-01 9.38527107e-01
    2.84991562e-01 5.21153629e-01 9.54205036e-01 2.02179313e-01
    1.69147223e-01 2.60392368e-01 7.83144057e-01 1.32977605e-01
    3.61459434e-01 5.18466413e-01 4.89919633e-01 8.36571217e-01
    1.14390671e-01 5.43857217e-02 7.15888619e-01 1.82945102e-01
    8.63112926e-01 4.37520504e-01 9.78598297e-01 9.09058869e-01
    9.86676335e-01 1.02611393e-01 3.06136042e-01 1.26968712e-01
    1.33732438e-01 7.29560614e-01 1.44839287e-04 9.98487175e-02
    9.81096745e-01 5.64785361e-01 8.08234215e-01 5.51850498e-01
    6.05672359e-01 6.14743531e-02 4.13603097e-01 8.60668004e-01
    7.29795218e-01 7.60734797e-01 8.46959591e-01 4.06925082e-01
    1.80615455e-01 8.62169743e-01 6.37351573e-02 4.70781416e-01
    2.09605038e-01 4.31920409e-01 3.22131395e-01 4.58738267e-01
    8.76095116e-01 6.10191524e-02 5.05398333e-01 9.85869765e-01
    1.18769228e-01 6.23370945e-01 3.02966774e-01 8.01004112e-01
    5.36341429e-01 6.09443486e-01 8.52548361e-01 1.16221726e-01
    5.25390208e-01 6.03424788e-01 5.91349304e-01 8.11132789e-01
    2.39046186e-01 1.55299455e-01 3.10279608e-01 5.11874080e-01
    8.47626925e-02 2.58703172e-01 9.08348918e-01 9.15083528e-01
    6.63095832e-01 3.58757377e-02 3.02948058e-02 7.02823997e-01
    6.41074717e-01 9.78238046e-01 9.46762562e-01 5.75124443e-01
    7.88615882e-01 9.16532815e-01 8.16807270e-01 6.17076159e-01
    4.25400138e-01 4.92509902e-02 4.93729413e-02 3.74555945e-01
    6.10930979e-01 5.63807786e-01 5.49332798e-02 1.69801116e-02
    6.44698024e-01 3.07901382e-01 7.60949731e-01 9.20417011e-02
    2.39365369e-01 7.46639609e-01 9.47824717e-02 2.94882596e-01
    5.07734299e-01 7.01864660e-01 3.24081182e-01 3.45213860e-01
    9.42879617e-02 5.61498642e-01 8.77294123e-01 4.08129573e-01
    3.58949184e-01 4.46558475e-01 2.31034160e-02 6.43401265e-01
    7.22355485e-01 8.77592325e-01 5.14125586e-01 3.00158292e-01
    4.65559065e-01 8.55522752e-01 2.03314036e-01 7.31865466e-01
    7.06059396e-01 6.55413091e-01 2.45977461e-01 5.18879950e-01
    2.02633440e-02 7.69535780e-01 9.14813697e-01 7.39264369e-01
    7.37621784e-01 6.71379924e-01 2.97904491e-01 2.38300681e-01
    8.30682874e-01 7.35525250e-01 4.47059423e-01 1.41951501e-01
    1.22405648e-01 6.64512277e-01 3.54289562e-01 5.69288015e-01
    2.27000833e-01 5.67654133e-01 8.49086165e-01 3.86130601e-01
    3.97396088e-02 9.36680853e-01 8.05607140e-01 1.77174330e-01
    4.85917985e-01 4.76963699e-01 3.30784619e-02 2.31926262e-01
    2.79741257e-01 3.39190900e-01 6.37371600e-01 3.36101890e-01
    5.53304732e-01 4.29120660e-01 5.19681454e-01 5.00245929e-01
    4.41339433e-01 7.42142439e-01 7.94096231e-01 2.72527874e-01
    3.95549655e-01 1.67242080e-01 7.35565960e-01 5.20885885e-01
    6.03868723e-01 7.75712967e-01 1.15601748e-01 1.69522792e-01
    9.42987800e-01 8.55163932e-02 6.11943722e-01 1.24850392e-01
    4.91219819e-01 5.25906682e-01 9.78906214e-01 4.87420678e-01
    2.29542553e-01 9.56759810e-01 4.86238837e-01 6.06617153e-01
    9.03295994e-01 2.10347950e-01 2.43901312e-01 9.35070336e-01
    9.59662855e-01 1.65958047e-01 1.10181272e-02 9.32316482e-02
    1.20979518e-01 9.32983518e-01 6.42168701e-01 6.81743264e-01
    8.44828844e-01 7.97249079e-01 2.24810392e-01 4.90573466e-01
    2.59472311e-01 6.10337019e-01 6.87213838e-02 7.72101045e-01
    8.99145544e-01 4.69613373e-02 5.25741458e-01 8.82303476e-01
    7.77060926e-01 6.05849683e-01 1.46901459e-01 9.11361456e-01
    2.54863888e-01 3.09942663e-01 4.42639977e-01 7.50202179e-01
    5.76156378e-01 9.91782069e-01 8.00884962e-01 5.15183032e-01
    2.61362821e-01 9.52531636e-01 4.36823726e-01 3.80222261e-01
    6.13322616e-01 4.74303991e-01 5.56104064e-01 6.32533610e-01
    5.51540792e-01 5.17162561e-01 3.50567549e-01 9.90175605e-02
    6.53354824e-01 6.65454924e-01 3.46020162e-01 2.04999477e-01
    7.62752414e-01 7.95775771e-01 4.25713658e-01 2.28981316e-01
    2.25974321e-02 9.09534991e-01 4.85589504e-02 1.85244054e-01
    3.38201165e-01 3.37818027e-01 3.97563815e-01 5.59771657e-02
    1.02980793e-01 8.76168907e-01 9.78438020e-01 7.34645844e-01
    8.47289205e-01 1.15036964e-03 2.49225795e-01 8.29593301e-01
    2.83740044e-01 7.30596244e-01 9.17167723e-01 4.01393771e-01
    2.05677360e-01 6.76983178e-01 4.41352963e-01 6.95895791e-01
    7.88892269e-01 8.12477946e-01 6.85650468e-01 5.84092259e-01
    5.17971635e-01 5.83255708e-01 7.95711398e-01 1.72735542e-01
    8.46627951e-01 4.29235011e-01 8.94815147e-01 5.67062497e-01
    5.58471322e-01 4.78184640e-01 1.64692730e-01 5.95874786e-01
    3.99066389e-01 6.62332416e-01 2.74983108e-01 4.29177642e-01
    2.01062500e-01 4.66796994e-01 6.61314309e-01 6.33502960e-01
    8.45470309e-01 9.27353859e-01 5.43300807e-02 2.12247461e-01
    1.26656771e-01 5.13505042e-02 9.12479818e-01 7.32592106e-01
    8.51704597e-01 5.63031316e-01 7.22999573e-02 4.64137077e-01
    5.23554683e-01 8.26075792e-01 6.60830021e-01 3.42965662e-01
    7.23572671e-02 7.16586888e-01 5.63447237e-01 8.20244074e-01
    9.01906490e-02 4.05157596e-01 6.99890912e-01 5.82190692e-01
    3.11008722e-01 8.74049783e-01 2.03271061e-01 4.07011926e-01
    4.09039319e-01 2.16634661e-01 6.17191315e-01 3.24968696e-02
    5.44146836e-01 4.78678435e-01 7.07357168e-01 9.40787613e-01
    2.52811491e-01 4.94108737e-01 9.30886269e-01 4.43216175e-01
    6.48057520e-01 3.85750234e-01 6.31240308e-01 4.57442284e-01
    4.39162791e-01 1.77955925e-01 8.22410107e-01 9.51385081e-01
    5.07997155e-01 5.50267935e-01 5.22471189e-01 1.86782330e-01
    3.21175158e-01 5.91723561e-01 3.74151081e-01 6.91211224e-03
    4.68578994e-01 5.42675793e-01 8.92529964e-01 7.54277229e-01
    6.34814024e-01 5.56613922e-01 5.58133304e-01 9.03132856e-02
    8.71415138e-01 9.89147544e-01 1.88624710e-01 1.21424347e-01
    8.70399714e-01 2.14121372e-01 1.28282398e-01 5.61454237e-01
    9.29084063e-01 9.60326195e-03 9.90519822e-02 1.95456147e-01
    2.46529162e-01 2.68854201e-02 9.33316469e-01 6.13035083e-01
    8.07890236e-01 5.16961873e-01 6.37348652e-01 9.38982964e-01
    3.58514130e-01 2.68728971e-01 8.42360377e-01 1.43903255e-01
    7.83259094e-01 6.83617711e-01 2.11052001e-01 6.18269026e-01
    9.42754745e-02 4.36901391e-01 2.78169215e-02 2.03810245e-01
    8.15273404e-01 5.79887688e-01 8.88844907e-01 9.12150145e-01
    1.32505327e-01 5.29379487e-01 7.85978675e-01 3.51522058e-01
    3.23924541e-01 7.84822106e-01 3.77920449e-01 3.30476761e-02
    6.42261446e-01 7.50612259e-01 8.69276524e-01 1.40641391e-01
    7.19770849e-01 8.04585218e-03 5.58359385e-01 2.81576216e-02
    6.30908966e-01 4.61356461e-01 5.62114060e-01 8.77657056e-01
    2.28114992e-01 1.30998760e-01 7.64991939e-01 1.76959634e-02
    3.41442943e-01 1.55170172e-01 3.86022359e-01 2.60641277e-01
    1.71483576e-01 2.99273312e-01 3.02415013e-01 8.90738249e-01
    6.10995889e-02 4.78799701e-01 5.95561862e-01 9.88900661e-01
    3.73641431e-01 1.56285644e-01 8.26040983e-01 3.66264939e-01
    6.04802132e-01 9.26008821e-02 5.08743882e-01 4.71579552e-01
    8.92609119e-01 4.11877155e-01 5.91270924e-01 7.21359432e-01
    9.77316380e-01 3.70925486e-01 2.00941563e-02 1.32476121e-01
    7.31580377e-01 1.57777578e-01 1.51406109e-01 7.10039854e-01
    8.54018927e-01 9.69411671e-01 8.30134094e-01 5.91487408e-01
    1.90599948e-01 3.59710395e-01 3.99306953e-01 4.94418085e-01
    1.10433578e-01 9.00454402e-01 2.58619368e-01 2.16664970e-02
    7.19443679e-01 7.58063912e-01 8.56860280e-02 5.09362102e-01
    9.23739791e-01 5.96956611e-01 4.68091130e-01 3.47072899e-01
    3.91550243e-01 1.63622260e-01 7.39318967e-01 6.63245678e-01
    1.35678321e-01 7.14740455e-01 6.49984002e-01 1.60059601e-01
    8.15449715e-01 4.67759341e-01 2.35622495e-01 8.47977638e-01
    1.37943715e-01 5.53925931e-01 6.21167541e-01 1.44761056e-01
    9.15069461e-01 7.92023063e-01 4.23978418e-01 3.41907918e-01
    8.75231445e-01 4.25647825e-01 5.86086810e-01 9.32726622e-01
    4.60209519e-01 1.63480878e-01 1.84759200e-01 4.91413742e-01
    2.57607102e-01 2.46376634e-01 2.84349084e-01 3.13048571e-01
    8.24226618e-01 5.45577466e-01 4.95185256e-02 6.61264896e-01
    6.95137858e-01 6.13483667e-01 5.98993421e-01 7.20481873e-01
    3.72417927e-01 2.46953607e-01 1.81472808e-01 1.36412650e-01
    3.16781014e-01 1.28378183e-01 6.51698411e-01 7.53920197e-01
    3.69994998e-01 8.32673430e-01 2.38068044e-01 2.80185342e-01
    7.01320171e-01 3.53188336e-01 4.33670759e-01 9.32966530e-01
    4.36537504e-01 1.52226061e-01 5.99339604e-03 9.63886380e-02
    6.09013736e-02 8.15001130e-01 1.40226573e-01 5.50557613e-01
    4.93687004e-01 8.04817438e-01 1.34123564e-02 8.74422431e-01
    4.23456371e-01 6.84203088e-01 3.46919835e-01 2.07142204e-01
    7.92086601e-01 3.49936664e-01 5.00671208e-01 3.29173565e-01
    1.25269592e-02 9.33352113e-02 7.90981054e-01 1.80810302e-01
    1.99590623e-02 3.28171074e-01 7.13049233e-01 7.48247385e-01
    2.11774409e-02 5.94829142e-01 8.92040491e-01 5.63717484e-01
    7.49093115e-01 8.72023225e-01 2.13324726e-01 4.93136406e-01
    6.52216673e-01 6.69419825e-01 9.68035817e-01 3.34433913e-01
    7.13549972e-01 9.36173499e-02 9.01890993e-01 9.86256242e-01
    4.28097427e-01 6.28054738e-02 5.76484561e-01 4.83392268e-01
    9.09239769e-01 1.67232126e-01 9.75186944e-01 4.40976530e-01
    8.72511744e-01 1.30088359e-01 8.65965545e-01 7.23651767e-01
    2.14193434e-01 1.29738599e-01 8.58350217e-01 7.54701972e-01
    8.48954439e-01 1.81513399e-01 5.20194113e-01 1.52045399e-01
    5.35230756e-01 6.87909722e-01 4.77987558e-01 3.72411251e-01
    3.40612113e-01 3.78454000e-01 4.92386162e-01 7.82673717e-01
    8.68547976e-01 3.94070417e-01 6.56215668e-01 8.53457391e-01
    1.40650660e-01 4.79548126e-01 4.22969252e-01 1.11758620e-01
    6.37996435e-01 2.73892492e-01 7.33246922e-01 5.58845997e-02
    7.46572018e-01 1.00540102e-01 3.74098152e-01 2.93331742e-01
    5.54285169e-01 4.49706733e-01 5.19129634e-01 2.82276750e-01
    4.83349055e-01 5.06020725e-01 9.14746284e-01 2.95105517e-01
    7.69399881e-01 3.37846458e-01 2.85999238e-01 7.96807289e-01
    9.78649020e-01 2.16228753e-01 6.46621406e-01 7.66593814e-01
    6.89190209e-01 7.56234407e-01 2.47874916e-01 4.50517535e-01
    1.49422914e-01 7.68321991e-01 9.02711511e-01 1.45552993e-01
    7.20261037e-01 1.32225156e-02 6.56469762e-01 3.88174742e-01
    8.58947039e-01 3.67357790e-01 5.33664167e-01 4.29154754e-01
    6.94428980e-02 7.01103449e-01 4.36550826e-01 2.34964192e-02
    6.71950817e-01 1.23533309e-02 6.67941093e-01 5.13272405e-01
    6.10164165e-01 4.91221249e-02 1.18584514e-01 7.80876875e-01
    5.99096775e-01 6.84726894e-01 8.33745360e-01 8.93603921e-01
    8.06771755e-01 7.88679183e-01 2.18102664e-01 8.53702128e-01
    8.97271335e-01 6.17899835e-01 8.18669438e-01 2.81062931e-01
    7.25980341e-01 1.39166713e-02 6.34180963e-01 4.54293996e-01
    4.96131092e-01 2.67246127e-01 9.65942025e-01 8.98162246e-01
    7.71689713e-01 8.87409627e-01 4.97345656e-01 7.44113624e-02
    4.65910077e-01 4.18864340e-01 6.40704870e-01 8.30205560e-01
    7.25794435e-01 5.65642118e-02 6.57956481e-01 3.82980675e-01
    2.49456316e-01 2.05743670e-01 8.99323285e-01 7.95866132e-01
    5.02650559e-01 1.60036981e-02 9.68386769e-01 9.95193422e-01
    8.41458440e-01 9.39942002e-01 9.44975376e-01 3.52686107e-01
    4.43354428e-01 4.96598572e-01 2.24390924e-01 1.64270669e-01
    2.99260080e-01 9.34777379e-01 1.23113602e-01 6.32524252e-01
    2.55679309e-01 6.48426414e-02 6.58812761e-01 5.11563838e-01
    3.34728777e-01 2.45940089e-02 4.89205807e-01 6.45567954e-01
    6.48485005e-01 1.94147646e-01 7.65510201e-02 2.97285795e-01
    6.12784445e-01 5.87610662e-01 3.82093310e-01 5.70634127e-01
    9.85493004e-01 4.36435372e-01 7.20072865e-01 2.40353167e-01
    4.24892604e-01 5.10681689e-01 2.25289434e-01 3.66546869e-01
    2.21344531e-01 4.63811934e-01 6.49884641e-01 9.66822207e-02
    5.68386078e-01 2.80080020e-01 7.14971721e-01 1.35891497e-01
    1.43032640e-01 4.87196386e-01 5.61030567e-01 2.69411147e-01
    7.85397768e-01 1.81684911e-01 1.23549014e-01 2.32556254e-01
    5.48625290e-01 8.48141611e-02 4.94238228e-01 5.98249197e-01
    3.09396565e-01 4.91471738e-01 9.93938565e-01 3.40989232e-01
    4.55313832e-01 7.92686820e-01 9.40983772e-01 9.94860291e-01
    6.50572836e-01 8.21981788e-01 4.28573549e-01 1.49056613e-02
    9.10874844e-01 6.81924999e-01 8.40292335e-01 1.86435133e-01
    5.41755617e-01 4.24569845e-01 4.74971324e-01 7.69580126e-01
    4.53383327e-01 8.37216854e-01 6.46086931e-01 4.61109877e-01
    2.33083963e-01 3.19744766e-01 4.62566793e-01 9.12164927e-01
    5.47791183e-01 9.38971281e-01 4.65945303e-02 1.37177944e-01
    3.40233088e-01 1.74118996e-01 6.53992891e-01 1.98030919e-01
    7.60088503e-01 1.87257022e-01 1.14153773e-01 4.39927727e-01
    9.98203874e-01 1.13696486e-01 5.41786492e-01 1.89447314e-01
    1.57629460e-01 2.68787384e-01 4.79451388e-01 8.96345079e-01
    5.35041690e-01 9.12529767e-01 3.31203848e-01 3.03991467e-01
    1.27612054e-01 2.31228173e-01 7.84106255e-01 1.90997511e-01
    6.47661388e-01 9.22625661e-01 7.13691115e-01 4.50137913e-01
    1.83147788e-01 3.72782171e-01 8.09556961e-01 5.16563058e-01
    9.13468480e-01 5.43072462e-01 7.70267665e-01 9.36096311e-02
    5.90555727e-01 5.84441185e-01 6.02400661e-01 3.27694893e-01
    3.74425590e-01 4.57608461e-01 2.40225673e-01 7.55333304e-01
    6.14815354e-01 9.47008848e-01 6.56866789e-01 1.64400429e-01
    3.91257167e-01 1.79084450e-01 9.86946642e-01 6.74937010e-01
    7.65635669e-02 9.70082879e-02 6.54521823e-01 9.47769403e-01
    7.45069742e-01 7.84758687e-01 8.83057594e-01 8.17782521e-01
    2.03238159e-01 8.25921237e-01 2.18352228e-01 4.00498003e-01
    5.79154551e-01 7.93464422e-01 6.81527674e-01 7.09211767e-01
    6.18526042e-02 2.71018744e-02 9.60614204e-01 4.30817187e-01
    3.85629833e-02 3.77109796e-01 3.12580466e-02 1.51620150e-01
    4.62236553e-01 8.04971635e-01 6.60764277e-01 1.53657317e-01
    2.32024074e-01 5.93283474e-01 4.76396888e-01 8.10312033e-01
    4.28165346e-01 8.25400949e-01 3.04030091e-01 9.64013159e-01
    7.82555342e-03 7.12095499e-02 8.17202210e-01 8.25540781e-01
    6.23102069e-01 6.79409206e-02 4.62687999e-01 9.00807738e-01
    3.45887333e-01 6.75173044e-01 2.75414765e-01 5.96794367e-01
    6.17086828e-01 7.40643561e-01 4.46444392e-01 9.30907845e-01
    2.93251574e-02 9.86736596e-01 7.88783133e-01 7.02874601e-01
    2.60099441e-01 2.94020712e-01 8.72936010e-01 5.02968788e-01
    1.47173733e-01 4.45118934e-01 5.82781136e-02 8.35502148e-02
    2.21654087e-01 3.67371529e-01 6.25221372e-01 4.45354581e-02
    9.84926701e-01 3.73590648e-01 3.72694194e-01 8.30794930e-01
    5.08588850e-01 9.23971832e-01 1.30667239e-01 1.39823347e-01
    7.78117716e-01 5.59846163e-01 4.84088302e-01 3.01433265e-01
    8.29124451e-01 3.10976982e-01 1.43397927e-01 3.15994501e-01
    3.77292722e-01 7.45019555e-01 1.44523740e-01 1.96666032e-01
    6.02857530e-01 9.62855935e-01 6.25897765e-01 3.22679639e-01
    8.90409350e-02 9.93603110e-01 3.70765686e-01 7.48724520e-01
    6.19606316e-01 3.93490613e-01 3.54315221e-01 7.80616045e-01
    1.60282165e-01 1.96909398e-01 2.55437016e-01 2.21083850e-01
    6.37444079e-01 8.52297068e-01 4.52816606e-01 3.85914803e-01
    7.46112704e-01 8.28945220e-01 9.78070498e-01 2.95752019e-01
    2.64088929e-01 3.24948370e-01 1.98487043e-02 5.72439611e-01
    5.62367439e-01 7.94346333e-01 4.39640015e-01 8.02405179e-01
    6.59898698e-01 4.64804083e-01 9.47016001e-01 7.09854543e-01
    5.82772493e-01 8.59634638e-01 7.71531343e-01 2.33527422e-01
    9.83410835e-01 3.39550495e-01 9.36792731e-01 2.12918252e-01
    6.20201409e-01 9.01994467e-01 4.93200392e-01 1.53577745e-01
    5.99914491e-02 1.15409553e-01 1.93057448e-01 2.88078696e-01
    2.49208510e-01 6.36838853e-01 5.17714739e-01 2.71297097e-01
    2.12128043e-01 2.31556594e-01 4.73590016e-01 8.54799867e-01
    4.35761958e-01 6.97520018e-01 2.92011499e-01 9.93285418e-01
    4.24282849e-02 1.28205150e-01 4.38358754e-01 1.56227112e-01
    4.07610953e-01 6.10297501e-01 3.24162185e-01 2.05810577e-01
    1.18317455e-01 9.63396311e-01 6.09543443e-01 4.73255515e-01
    2.98876584e-01 2.65851974e-01 4.78202641e-01 6.26016080e-01
    3.47892970e-01 5.23118973e-01 2.97090113e-01 1.89675808e-01
    7.49919653e-01 2.29739010e-01 1.94811195e-01 3.46754670e-01
    3.76279026e-01 1.81815624e-01 5.96245229e-02 6.43022656e-01
    4.51543331e-01 6.02760375e-01 3.13095570e-01 3.70179117e-01
    9.27167058e-01 4.79672551e-01 6.36407673e-01 9.92169142e-01
    6.59222782e-01 4.43776041e-01 1.36064410e-01 4.23650861e-01
    6.27992809e-01 7.67349303e-02 5.21419287e-01 2.65688002e-01
    5.00457883e-01 2.53670335e-01 8.37353706e-01 7.13165283e-01
    9.64818299e-01 2.02532232e-01 4.84567881e-03 2.98900515e-01
    5.88414371e-01 6.28993154e-01 3.68700445e-01 9.18703794e-01
    1.70224220e-01 9.60302711e-01 2.23326534e-01 9.77298677e-01
    3.17013204e-01 7.90437818e-01 4.77112472e-01 7.42712736e-01
    7.65695214e-01 7.70774066e-01 5.37992001e-01 1.10112697e-01
    4.17618841e-01 1.60612315e-01 1.47783399e-01 9.53173757e-01
    9.56013203e-01 2.25966573e-02 3.64735126e-01 4.93798912e-01
    3.52867812e-01 2.83154249e-01 8.95544767e-01 7.18518496e-01
    5.25459766e-01 8.97544205e-01 7.15337098e-01 5.81379056e-01
    1.77026719e-01 7.12055802e-01 1.30431235e-01 6.95878625e-01
    1.48876548e-01 4.86744523e-01 5.33346772e-01 9.85244393e-01
    4.87881482e-01 1.61081553e-02 2.14211047e-01 4.59474921e-01
    7.99420714e-01 1.53032303e-01 6.76642835e-01 6.87744319e-01
    8.74061882e-01 4.30500805e-02 2.09963650e-01 8.54219913e-01
    4.67655033e-01 8.42728794e-01 4.18371916e-01 9.64778304e-01
    6.80881858e-01 4.40258533e-01 1.81294680e-01 2.26438344e-02
    5.62525153e-01 3.29353809e-02 4.83597875e-01 1.22925043e-02
    4.71981138e-01 1.65126532e-01 5.96901596e-01 6.51315928e-01
    1.13872379e-01 3.71515274e-01 5.15732467e-02 8.11739743e-01
    8.97293210e-01 5.70697546e-01 9.66390193e-01 7.51132548e-01
    9.80913460e-01 9.58482563e-01 9.84123349e-01 7.91854143e-01
    7.73792207e-01 2.56139100e-01 3.19393486e-01 7.08244681e-01
    6.82834506e-01 8.79595518e-01 3.75844836e-01 4.14488703e-01
    8.07560623e-01 6.44338191e-01 5.86188138e-01 3.74061376e-01
    8.10979962e-01 5.02315819e-01 3.62709939e-01 3.26650053e-01
    1.75365925e-01 5.08529842e-02 3.82090271e-01 9.05466735e-01
    3.99423242e-01 2.53018200e-01 8.57844949e-02 8.52370739e-01
    5.90200543e-01 6.90149665e-01 7.23470449e-02 3.17796052e-01
    7.45204508e-01 6.43294156e-01 9.91940498e-01 8.17625105e-01
    6.88271701e-01 3.32987249e-01 3.08652312e-01 2.71234691e-01
    9.17743206e-01 5.18256426e-03 7.57881761e-01 3.76496106e-01
    3.27496648e-01 5.31064034e-01 1.17726088e-01 4.85767335e-01
    5.33412993e-02 8.73576880e-01 3.04191023e-01 6.34987235e-01
    2.68516421e-01 5.73775232e-01 8.33426476e-01 2.85146952e-01
    6.56176567e-01 2.26122797e-01 2.12594867e-03 4.42952693e-01
    8.44940543e-01 3.90356958e-01 8.35917175e-01 9.55029607e-01
    9.92972732e-01 2.03957766e-01 6.94624007e-01 9.31005239e-01
    2.82466531e-01 6.80255532e-01 2.46449113e-01 2.03793049e-01
    3.50321889e-01 8.05409312e-01 8.37972045e-01 8.42217326e-01
    2.26667047e-01 9.12732780e-01 2.23268479e-01 3.71451974e-02
    3.97183955e-01 7.16058910e-01 9.87323284e-01 4.82995659e-01
    3.19565415e-01 5.39079010e-02 5.65011859e-01 5.35449505e-01
    4.03584301e-01 9.59974289e-01 9.28934097e-01 4.53578562e-01
    2.24795341e-02 2.12625951e-01 5.40055513e-01 1.97217911e-01
    9.24186707e-01 7.79742718e-01 7.41381347e-02 8.69336605e-01
    6.73443198e-01 2.18314886e-01 7.64732659e-01 5.94802558e-01
    5.74614406e-02 6.37638688e-01 9.22257006e-02 2.93286622e-01
    5.53009212e-02 4.96222019e-01 8.69040489e-02 5.17842710e-01
    6.22430325e-01 1.42464489e-01 3.04607093e-01 7.28161097e-01
    6.67930543e-02 7.92447388e-01 1.17444009e-01 2.21278042e-01
    3.82306397e-01 3.84199619e-02 6.55525804e-01 1.56664729e-01
    8.66973877e-01 2.41709232e-01 1.00475430e-01 6.27479851e-01
    7.85494626e-01 7.65181303e-01 6.25124454e-01 7.63390064e-01
    3.22700739e-01 7.22445786e-01 8.04679096e-02 1.08035833e-01
    7.87898839e-01 1.10960215e-01 5.05049944e-01 3.90262723e-01
    1.96953207e-01 2.88410008e-01 2.91309953e-01 4.07243848e-01
    6.21171892e-01 5.93826592e-01 2.11240828e-01 1.57045037e-01
    3.38859618e-01 2.71610916e-02 1.05638891e-01 6.11330450e-01
    1.74140960e-01 7.34683752e-01 2.72897601e-01 4.11902547e-01
    4.68038023e-01 4.92367983e-01 6.24578834e-01 4.68068302e-01
    1.47480279e-01 8.75234723e-01 8.25766206e-01 7.27015078e-01
    9.32718933e-01 4.74132657e-01 3.37332517e-01 8.74438763e-01
    4.33921069e-01 8.31528366e-01 1.66308582e-02 1.93750739e-01
    6.93979919e-01 7.26469934e-01 3.92267615e-01 5.19866943e-01
    1.32294774e-01 7.87260711e-01 3.64561677e-01 9.77400422e-01
    4.18476522e-01 6.72370076e-01 5.02278447e-01 9.45694029e-01
    2.54689753e-02 1.02265835e-01 2.49642372e-01 5.00656486e-01
    9.85980570e-01 4.74372149e-01 5.17522693e-02 5.32432079e-01
    8.18949819e-01 8.08141768e-01 1.23737782e-01 8.85842383e-01
    6.19251668e-01 9.45800245e-01 3.72953147e-01 7.73676872e-01
    8.23826849e-01 9.12740111e-01 8.00842226e-01 4.49528575e-01
    4.24714029e-01 4.03851569e-01 6.88633502e-01 1.69104993e-01
    8.18804383e-01 8.37132633e-02 4.02329892e-01 6.73401475e-01
    2.85217583e-01 4.57304835e-01 8.24406505e-01 5.38636684e-01
    8.88698936e-01 2.74938762e-01 8.63865018e-03 3.49746168e-01
    9.71517265e-01 7.79924989e-01 8.11497211e-01 8.87669384e-01
    5.38492441e-01 9.92964983e-01 7.35191405e-01 4.02211547e-02
    4.32762593e-01 6.92246318e-01 4.58651334e-01 5.25782228e-01
    6.76277339e-01 7.03935385e-01 9.88562942e-01 7.34698594e-01
    4.13465261e-01 3.51647824e-01 4.38785434e-01 2.76344866e-01
    3.93140495e-01 2.86381721e-01 1.25838846e-01 3.62755954e-01
    3.52866590e-01 1.76087320e-02 9.05040622e-01 3.99261653e-01
    3.60270828e-01 3.75569075e-01 9.11604941e-01 5.50552905e-01
    7.73765445e-01 2.10241079e-01 3.43617916e-01 4.78050441e-01
    6.84408307e-01 7.48338163e-01 3.72987211e-01 9.96916413e-01
    9.64546442e-01 6.64911747e-01 5.27894974e-01 4.19353187e-01
    4.62557644e-01 5.47152698e-01 9.16319489e-01 4.97334182e-01
    7.37606287e-02 9.95750666e-01 7.12957263e-01 3.76522541e-02
    3.38339120e-01 6.50781989e-02 9.38681483e-01 3.28141987e-01
    4.71902251e-01 7.35287905e-01 9.49128985e-01 9.63877678e-01
    9.58391428e-02 1.60993934e-02 1.34873688e-02 2.05631435e-01
    3.67779791e-01 8.20826352e-01 3.89969468e-01 4.65758950e-01
    4.97179985e-01 4.77140963e-01 7.23328888e-01 4.11631376e-01
    5.17551661e-01 9.73122597e-01 6.25301242e-01 6.37248218e-01
    5.84072053e-01 2.32127190e-01 4.90390182e-01 5.78468680e-01
    6.59338176e-01 3.12966168e-01 9.03609157e-01 9.06654358e-01
    6.12457514e-01 8.85593116e-01 9.12031054e-01 1.42084509e-01
    1.93291366e-01 5.53775251e-01 8.50615799e-01 2.37630844e-01
    3.57419908e-01 6.03072882e-01 1.41447097e-01 2.80729771e-01
    2.00743973e-02 5.99904120e-01 7.56898165e-01 6.75231755e-01
    8.10138583e-02 9.09758568e-01 3.29015464e-01 3.94790947e-01
    9.13982332e-01 5.70488095e-01 5.62940776e-01 9.58197474e-01
    1.65794998e-01 4.42614198e-01 6.73353612e-01 4.07313585e-01
    9.33054566e-01 9.75438714e-01 4.91611749e-01 4.16626215e-01
    7.69377232e-01 7.55469322e-01 7.08233595e-01 9.58329201e-01
    6.65744960e-01 3.96008253e-01 4.09181565e-01 7.51822472e-01
    7.37178624e-02 2.53526211e-01 6.54830575e-01 6.64325178e-01
    3.62718135e-01 9.83010173e-01 8.25990975e-01 9.77152407e-01
    2.50560999e-01 6.49434984e-01 7.64842629e-02 8.94485712e-02
    4.28722590e-01 9.84528065e-01 7.00892925e-01 6.87660992e-01
    5.94420910e-01 3.27198684e-01 7.84134626e-01 7.53688514e-01
    3.27791035e-01 5.45216739e-01 9.10111547e-01 4.89446908e-01
    3.60749066e-02 9.31738794e-01 4.90880460e-01 5.20066023e-02
    8.99137855e-01 7.07789302e-01 7.56396294e-01 2.45523602e-01
    4.40101981e-01 6.34652674e-01 8.66849482e-01 9.83940780e-01
    9.26926732e-01 3.65559369e-01 4.05632913e-01 5.84239602e-01
    9.32901740e-01 9.49420333e-01 6.59225702e-01 4.73063827e-01
    6.54471159e-01 8.16597223e-01 8.40678632e-01 1.65946037e-01
    5.77273786e-01 3.39249969e-02 8.46546650e-01 9.25515532e-01
    5.74421287e-01 3.82557094e-01 8.36971760e-01 1.53239518e-01
    9.67299104e-01 5.91256261e-01 5.66462159e-01 3.23648989e-01
    2.21974909e-01 9.30030942e-02 9.76489186e-01 8.35659146e-01
    2.20893681e-01 3.47541869e-02 2.71626711e-02 9.46311593e-01
    4.87659305e-01 8.47810566e-01 5.29328227e-01 9.00073826e-01
    8.59201550e-01 2.54084855e-01 4.56798702e-01 6.19372129e-01
    9.05763865e-01 5.78217983e-01 5.96046150e-02 2.66796529e-01
    8.87989998e-01 9.08350468e-01 7.16773629e-01 5.74057281e-01
    9.63756263e-01 4.24046457e-01 2.97138989e-02 7.19857514e-02
    7.59292126e-01 4.49011147e-01 7.13063538e-01 6.54013455e-01
    4.78146583e-01 4.93345767e-01 4.39098060e-01 4.04627264e-01
    1.85693383e-01 4.06941622e-01 7.35612631e-01 8.74284446e-01
    9.81526673e-01 6.51780009e-01 6.72391653e-02 8.88801455e-01
    4.88382250e-01 6.90516472e-01 9.59639251e-02 7.49287367e-01
    1.81990385e-01 3.08249533e-01 2.06796736e-01 3.05475891e-02
    8.71050000e-01 6.18644297e-01 4.81623113e-02 3.69332433e-01
    6.23409152e-01 9.24943566e-01 7.91020691e-01 6.41866386e-01
    2.08502024e-01 3.63762021e-01 6.96684778e-01 3.54107738e-01
    9.80712473e-01 6.51538372e-01 7.90724277e-01 1.28092349e-01
    2.68100053e-01 2.25092053e-01 6.49989545e-02 7.90143132e-01
    6.82772219e-01 9.67558384e-01 6.08979464e-01 6.70720100e-01
    3.67879212e-01 1.57118917e-01 2.75978923e-01 4.95739788e-01
    2.35953003e-01 8.69104564e-02 3.68849576e-01 9.34284210e-01
    1.73327148e-01 2.21370250e-01 5.60851395e-02 1.34740502e-01
    5.51023304e-01 3.58410597e-01 3.49117517e-01 6.69705033e-01
    5.54726779e-01 5.36531031e-01 4.29987550e-01 1.24285489e-01
    3.96444678e-01 4.82284248e-01 3.37711036e-01 9.34287667e-01
    9.28178668e-01 7.11962521e-01 2.10325032e-01 9.45113599e-02
    2.94808447e-02 3.15519929e-01 1.77815557e-02 4.36030775e-01
    5.23012936e-01 4.13988829e-02 1.38728410e-01 5.21434963e-01
    4.49249387e-01 1.59459144e-01 5.51860511e-01 3.62198770e-01
    4.29312021e-01 5.72266698e-01 7.75216222e-01 5.46504378e-01
    2.31604695e-01 1.00240678e-01 7.59300649e-01 6.13378942e-01
    1.02926195e-02 4.37192857e-01 4.62784559e-01 3.78255069e-01
    4.89231944e-02 8.68289471e-02 5.85688829e-01 1.33661330e-02
    7.06847489e-01 3.08345497e-01 3.29472423e-01 1.31621659e-02
    2.78183818e-03 6.37222946e-01 5.42324543e-01 9.17330027e-01
    8.37528110e-02 4.51324105e-01 2.19282955e-01 8.59634578e-02
    4.33929116e-01 3.71133864e-01 5.88904321e-02 1.42815560e-01
    6.97141588e-01 8.77164721e-01 5.11845946e-02 3.81606817e-02
    5.24705827e-01 2.24010408e-01 8.15869093e-01 6.80318952e-01
    8.52657080e-01 6.33376777e-01 3.38501334e-01 6.52427554e-01
    3.64808917e-01 3.18455696e-02 5.98810792e-01 7.99672484e-01
    4.63876426e-02 2.93382585e-01 2.32223034e-01 1.14358991e-01
    3.21209073e-01 4.41005439e-01 1.46385670e-01 2.52680600e-01
    6.17860794e-01 2.89565802e-01 9.49475884e-01 5.62273562e-01
    3.65175605e-01 4.22153085e-01 6.08554184e-02 7.40541816e-02
    3.60726595e-01 3.72251391e-01 8.98173153e-02 7.65250742e-01
    2.28603005e-01 2.89660335e-01 3.62994969e-01 1.04813486e-01
    1.02755040e-01 2.75329351e-02 9.52606261e-01 2.74061561e-01
    7.93107271e-01 1.86951429e-01 3.72015297e-01 2.81168222e-01
    5.34275234e-01 6.38938725e-01 3.71348649e-01 7.43781865e-01
    1.95674688e-01 5.34314334e-01 2.58104950e-01 7.12621570e-01
    6.28142655e-01 1.69618279e-01 6.16635084e-01 9.57655013e-02
    4.31661576e-01 5.63882411e-01 7.60043502e-01 8.14656019e-02
    6.20323300e-01 2.47809559e-01 6.67127132e-01 9.97945547e-01
    3.02269429e-01 6.73327386e-01 2.96086609e-01 3.82908702e-01
    3.69790077e-01 4.21674341e-01 6.07073307e-01 7.64831901e-01
    6.25061929e-01 8.15465629e-01 9.66637015e-01 1.91609263e-02
    5.66851974e-01 1.94869697e-01 3.33204001e-01 2.72119045e-03
    8.58105958e-01 4.00621504e-01 2.67975271e-01 7.90825486e-03
    4.93898302e-01 4.91780102e-01 7.32518554e-01 6.30678415e-01
    8.67962837e-01 2.32840896e-01 3.97871733e-02 9.81784225e-01
    1.95183009e-01 4.53440160e-01 9.90041196e-02 3.72434169e-01
    1.77882671e-01 1.78653657e-01 9.12312806e-01 6.82606101e-02
    4.06979680e-01 4.15346861e-01 6.99302316e-01 5.52928269e-01
    2.88194418e-02 9.36999023e-01 8.44773412e-01 1.33546472e-01
    3.52375627e-01 7.92048573e-01 9.08375680e-02 3.28647792e-02
    2.52919376e-01 2.01292545e-01 3.82152945e-01 3.78357530e-01
    2.09326029e-01 9.40723062e-01 7.07203448e-01 5.39748251e-01
    7.84685969e-01 7.86924005e-01 3.99209619e-01 6.92251563e-01
    5.76741517e-01 9.44080830e-01 3.07877839e-01 8.83243442e-01
    9.61664855e-01 3.08578432e-01 8.23772490e-01 2.23373562e-01
    3.57970864e-01 6.59530640e-01 6.47199810e-01 4.41591114e-01
    3.67000759e-01 8.25121284e-01 7.56765127e-01 2.67623544e-01
    5.09574473e-01 7.70711303e-02 1.73812598e-01 8.57348919e-01
    1.91434115e-01 9.39870715e-01 4.20690566e-01 6.51903331e-01
    6.67315602e-01 7.98558593e-01 5.11823714e-01 7.85632849e-01
    4.57271248e-01 7.21700370e-01 6.00687325e-01 1.46225631e-01
    2.55749792e-01 3.57195914e-01 3.01541388e-01 6.81790054e-01
    5.83590746e-01 4.35760617e-02 3.42939615e-01 5.43638229e-01
    3.01658064e-01 1.85246348e-01 2.08610982e-01 1.77450836e-01
    9.11167741e-01 9.91639376e-01 4.21363473e-01 9.46185827e-01
    5.69515347e-01 1.48997605e-02 3.85246396e-01 7.37107694e-02
    6.75322473e-01 4.53634858e-01 7.60569692e-01 3.21733117e-01
    3.87889445e-02 3.06007266e-02 8.41633558e-01 5.87745965e-01
    1.53813630e-01 5.05240738e-01 9.53413904e-01 8.74107242e-01
    4.90466118e-01 4.39090818e-01 3.48114252e-01 1.78943604e-01
    8.24960172e-01 3.58744919e-01 7.63456941e-01 6.97466671e-01
    6.67735934e-03 5.00431716e-01 8.20066273e-01 4.23469335e-01
    8.48298848e-01 8.77915502e-01 9.10122633e-01 5.34151495e-01
    7.94974327e-01 5.11980534e-01 1.74264520e-01 5.88990927e-01
    2.30914801e-01 1.46243602e-01 1.84675306e-01 9.70708609e-01
    7.54949808e-01 7.73240387e-01 6.81596041e-01 1.16455466e-01
    9.47477639e-01 8.61873984e-01 7.91845798e-01 5.96873283e-01
    2.52353281e-01 9.39694047e-01 7.34733999e-01 5.03323913e-01
    8.78816009e-01 8.16050291e-01 6.35373473e-01 1.52871847e-01
    4.19236362e-01 4.31767553e-01 5.79541028e-02 9.06974673e-01
    1.22678429e-01 3.89467150e-01 1.59801781e-01 6.39724910e-01
    3.12063158e-01 8.20098639e-01 2.35391974e-01 8.20370674e-01
    3.47900212e-01 8.26541960e-01 7.05439448e-01 8.93829763e-01
    2.18290359e-01 6.03809178e-01 9.46369171e-02 5.67619145e-01
    5.88595033e-01 9.25316930e-01 7.31832206e-01 9.36459839e-01
    7.82821417e-01 5.65459073e-01 5.06207526e-01 5.92653990e-01
    9.06692982e-01 1.55284613e-01 6.99083626e-01 2.90359020e-01
    8.79912257e-01 1.23106241e-02 7.33191788e-01 9.20380116e-01
    8.57575595e-01 4.32609439e-01 3.26457500e-01 5.07387280e-01
    7.84029722e-01 7.43325472e-01 1.65818244e-01 4.66407329e-01
    7.87872016e-01 7.32748687e-01 4.34050053e-01 5.71841419e-01
    1.80946320e-01 3.25177372e-01 1.17708355e-01 7.73716390e-01
    3.15112859e-01 6.00899756e-01 6.73075020e-02 7.17887878e-01
    3.06027651e-01 4.07904387e-04 1.30266190e-01 5.98274052e-01
    5.41496038e-01 6.57726943e-01 8.68253887e-01 1.33091122e-01
    8.56235981e-01 8.98961246e-01 4.88004684e-02 4.72316861e-01
    8.96734238e-01 9.00020599e-01 4.67640251e-01 7.53656030e-01
    1.39411271e-01 6.27876163e-01 9.09080386e-01 8.19320500e-01
    6.96225762e-01 5.36452174e-01 6.21769965e-01 8.84524703e-01
    6.30990148e-01 4.40241545e-01 1.11256540e-01 4.07887310e-01
    4.36368227e-01 9.30804133e-01 1.55962408e-01 8.91243815e-02
    7.51432300e-01 3.38259876e-01 8.37649941e-01 2.75418639e-01
    2.75304258e-01 8.83049667e-02 5.22208035e-01 4.67401147e-02
    1.13821149e-01 3.01222205e-01 5.19855917e-01 9.34927583e-01
    5.20201743e-01 2.12686300e-01 2.48936713e-02 9.01330709e-01
    1.93340719e-01 4.28740323e-01 9.30783927e-01 2.61138976e-02
    8.08812022e-01 4.88387585e-01 8.94724965e-01 5.73399067e-02
    8.51308703e-01 5.24682820e-01 2.86938787e-01 7.64423430e-01
    8.45857143e-01 5.25347590e-01 7.28991568e-01 4.30504084e-02
    6.14146233e-01 2.80887812e-01 8.20662022e-01 3.57324839e-01
    2.52120197e-02 7.70900249e-02 8.92064333e-01 4.63697761e-01
    1.94009423e-01 7.63344347e-01 6.28906369e-01 1.14347219e-01
    8.94079447e-01 1.96747690e-01 8.82964611e-01 5.88818967e-01
    9.99113917e-01 9.92194533e-01 8.52050900e-01 4.55516517e-01
    8.44332576e-01 4.58684564e-02 9.07411098e-01 6.45887136e-01
    8.89774799e-01 8.28273952e-01 2.57810295e-01 3.25254709e-01
    5.44637442e-03 2.34329700e-01 3.16489339e-02 7.14347839e-01
    8.20794344e-01 8.49684894e-01 8.26829195e-01 7.97376037e-01
    2.47215003e-01 3.44009995e-01 1.67855918e-01 8.05675983e-03
    3.95432383e-01 2.63484269e-01 8.65576029e-01 2.99644470e-01
    4.79169756e-01 5.38560748e-01 3.77735138e-01 3.52461874e-01
    7.95081854e-01 8.65073681e-01 9.69538331e-01 1.25209659e-01
    4.58615839e-01 9.21503782e-01 4.75094289e-01 9.08428967e-01
    8.40088069e-01 2.26586580e-01 5.82730293e-01 1.18303776e-01
    7.89352357e-02 3.35543811e-01 5.97636282e-01 4.91889685e-01
    4.18906748e-01 4.43154871e-01 7.30133295e-01 5.61257124e-01
    5.91569841e-01 6.70361400e-01 8.46171379e-02 6.52272999e-02
    8.95436883e-01 1.91456109e-01 1.30390346e-01 4.84115690e-01
    1.42653555e-01 7.84077585e-01 5.53542376e-01 2.45559454e-01
    5.11556745e-01 2.28740126e-01 8.69517446e-01 9.39706564e-01
    1.46551371e-01 4.71761882e-01 9.05746341e-01 8.82147908e-01
    6.26054883e-01 5.37430167e-01 8.32049727e-01 1.32295340e-01
    6.83163643e-01 7.82318711e-02 2.93440074e-01 8.96396041e-01
    6.92848027e-01 4.77038950e-01 8.04729104e-01 8.94626796e-01
    7.62012005e-02 2.99817055e-01 9.87657547e-01 2.16703773e-01
    3.67761821e-01 1.49718970e-01 8.83652568e-02 3.69660079e-01
    2.89980412e-01 8.06005836e-01 6.24923348e-01 8.09117198e-01
    4.46435809e-01 4.07005250e-02 7.27003396e-01 6.74843192e-02
    6.01899385e-01 8.03741693e-01 2.54405737e-01 1.71706259e-01
    4.05945778e-01 8.91691923e-01 5.63066006e-01 1.86215997e-01
    7.11671829e-01 1.94624007e-01 3.61443132e-01 8.28672767e-01
    4.39355999e-01 4.52938080e-01 3.61469567e-01 6.50372326e-01
    3.55514139e-01 6.90454483e-01 5.76414466e-01 2.14093328e-01
    2.83829898e-01 6.24397099e-02 7.06550837e-01 4.81593937e-01
    2.13490278e-01 8.07041109e-01 6.58987880e-01 1.18636131e-01
    7.37609267e-01 7.45066106e-02 6.14563942e-01 7.38306046e-01
    8.13205004e-01 5.54572880e-01 9.03417349e-01 3.48831236e-01
    7.07289219e-01 8.13081443e-01 6.97649360e-01 2.03611434e-01
    9.41850305e-01 8.29405427e-01 4.11016941e-01 5.78966379e-01
    2.33246505e-01 1.07016861e-01 7.03859568e-01 8.45750034e-01
    5.68610430e-03 8.78114223e-01 8.44235659e-01 7.59145379e-01
    7.45194614e-01 8.77337575e-01 4.54344392e-01 5.96062779e-01
    4.14698124e-01 1.92470074e-01 2.80616283e-01 6.00749493e-01
    7.29551852e-01 9.35293794e-01 6.36825562e-02 7.57763267e-01
    9.48950350e-01 5.19912481e-01 4.78920251e-01 6.09545112e-01
    6.32226169e-01 5.47128558e-01 7.11993814e-01 4.37073767e-01
    6.99723363e-01 7.81016648e-02 5.67863703e-01 1.01392508e-01
    5.93766868e-01 9.28860903e-02 3.47703636e-01 9.12249923e-01
    9.47050691e-01 2.24232793e-01 8.26905608e-01 2.85316825e-01
    9.57941890e-01 5.87103307e-01 9.83530939e-01 9.11257327e-01
    4.72002655e-01 3.62363219e-01 3.11609566e-01 9.14618015e-01
    7.69942701e-02 3.83919179e-02 1.33200139e-01 3.45614582e-01
    1.32747918e-01 9.42856431e-01 8.76271307e-01 4.21809673e-01
    1.27474368e-02 9.83087540e-01 6.92160726e-01 4.30911630e-01
    8.07483435e-01 4.70081508e-01 3.68281960e-01 5.44787884e-01
    3.40128571e-01 8.49654734e-01 4.05049413e-01 3.33427489e-02
    5.57417214e-01 2.18214750e-01 1.90684527e-01 7.44200408e-01
    5.79419315e-01 4.13313031e-01 5.74389279e-01 3.13003659e-01
    9.29485679e-01 6.49085104e-01 6.90045416e-01 5.51551640e-01
    1.84798211e-01 4.39322680e-01 5.08234143e-01 9.55016792e-01
    9.55620408e-01 8.56086314e-01 5.36552906e-01 4.42497492e-01
    6.16036534e-01 7.86840677e-01 9.60122168e-01 7.02025115e-01
    5.57600737e-01 6.70304418e-01 8.84415865e-01 7.33751178e-01
    6.94771767e-01 3.44975471e-01 8.53527188e-01 9.07385707e-01
    2.87157655e-01 6.76086962e-01 5.94663620e-01 7.16814816e-01
    2.14155287e-01 5.63746333e-01 7.53514290e-01 5.47125161e-01
    3.53400230e-01 3.38103175e-01 4.10038292e-01 8.58967304e-01
    9.01347995e-01 9.61681724e-01 1.85024977e-01 8.20511699e-01
    4.96469796e-01 7.89007902e-01 3.05836231e-01 6.42427325e-01
    3.98630798e-02 5.22862732e-01 6.92045689e-01 2.88735807e-01
    7.86478400e-01 3.28594148e-02 6.43715084e-01 2.19213307e-01
    3.63058746e-02 2.60063708e-01 8.74013901e-01 7.04006314e-01
    7.69655704e-01 9.08453465e-01 7.66232312e-01 4.28949535e-01
    6.08705103e-01 5.72173059e-01 2.08044291e-01 8.13173711e-01
    2.03182667e-01 4.22359675e-01 3.15228164e-01 3.13223600e-01
    9.45485830e-01 6.89454257e-01 5.17549098e-01 3.81535649e-01
    4.25438285e-01 8.33779693e-01 2.98921078e-01 4.20947313e-01
    5.57804585e-01 3.86416018e-01 5.04507720e-01 3.14795315e-01
    7.23044872e-02 5.88489532e-01 2.46780783e-01 2.77369350e-01
    4.11086977e-02 2.54716903e-01 2.42788494e-02 7.16501415e-01
    4.21688378e-01 9.32118297e-03 2.39810586e-01 1.83337331e-01
    1.89223021e-01 2.23961443e-01 1.12013102e-01 5.04905462e-01
    7.40600407e-01 9.09563899e-03 6.21727109e-03 4.77320820e-01
    9.10026789e-01 8.37436914e-02 6.21247768e-01 1.80420399e-01
    5.72106540e-01 2.50936151e-01 6.80308521e-01 2.77458549e-01
    5.16479552e-01 7.47191727e-01 1.09335363e-01 9.03608441e-01
    7.66877592e-01 1.16746128e-01 7.79289842e-01 8.41876984e-01
    8.95838022e-01 5.72946072e-01 2.82279730e-01 1.27763689e-01
    4.51654226e-01 1.96771413e-01 3.64107311e-01 2.12960184e-01
    2.54284382e-01 6.26518130e-01 4.96073872e-01 3.09528202e-01
    7.42765844e-01 9.44662154e-01 8.13015759e-01 5.20067513e-01
    7.91578174e-01 5.25130093e-01 1.34216368e-01 8.72741044e-02
    6.64494395e-01 7.66186893e-01 5.79295278e-01 4.69001234e-02
    5.32268405e-01 9.52908754e-01 4.81182337e-01 9.19789672e-01
    5.70607185e-02 8.51022720e-01 8.21951509e-01 2.00352669e-01
    3.01163495e-01 4.09379601e-01 2.51898170e-02 8.02534461e-01
    1.03194773e-01 5.61176836e-01 6.80545568e-02 5.26067615e-03
    6.63830221e-01 5.92232823e-01 1.22129321e-01 1.43301308e-01
    1.28609002e-01 4.56170440e-01 7.24599063e-02 8.99287343e-01
    7.83447385e-01 1.80930495e-01 8.82105231e-01 6.95259094e-01
    6.08887136e-01 8.62567306e-01 8.22752714e-04 6.04144931e-02
    1.60495341e-01 5.72486520e-01 8.95638347e-01 3.47880840e-01
    3.06785166e-01 4.52452838e-01 7.85715222e-01 4.67962563e-01
    9.60343003e-01 2.87349761e-01 6.66730344e-01 9.08386230e-01
    9.44730639e-01 8.39127302e-01 2.36467063e-01 1.93093479e-01
    8.20044875e-02 4.53726023e-01 7.74547935e-01 5.88168561e-01
    9.70695376e-01 6.32831335e-01 8.94468367e-01 7.70012736e-02
    5.18703461e-02 4.12273824e-01 4.64575022e-01 4.33550030e-01
    7.59383500e-01 1.08165532e-01 4.47976559e-01 1.89609826e-01
    7.66588688e-01 1.59963727e-01 4.96114790e-02 7.30101287e-01
    7.93141007e-01 9.61299062e-01 1.23769134e-01 1.36092305e-03
    2.97943056e-02 4.39253449e-02 4.37904686e-01 3.95240366e-01
    9.29400504e-01 5.07658482e-01 1.24059558e-01 8.94856453e-01
    2.88668424e-01 8.54421496e-01 1.88905627e-01 5.59307456e-01
    2.40063936e-01 4.03839469e-01 1.25303656e-01 5.35829186e-01
    3.64580750e-02 7.96089828e-01 4.10542369e-01 9.63169456e-01
    8.97419274e-01 7.03302026e-03 6.06736362e-01 4.37890261e-01
    6.88163161e-01 1.70295984e-01 9.43303347e-01 1.82841301e-01
    5.16198814e-01 9.52860117e-01 6.90488696e-01 8.85909796e-01
    4.18029070e-01 2.35792458e-01 2.69941270e-01 1.22151941e-01
    5.84206879e-01 6.62313342e-01 8.23244572e-01 8.93940210e-01
    8.12755287e-01 7.37859309e-02 2.90132582e-01 5.91333270e-01
    1.78144068e-01 1.42707497e-01 2.05804706e-01 3.84610593e-02
    4.19304997e-01 1.33108556e-01 5.43174982e-01 8.95416617e-01
    7.47797310e-01 8.08139205e-01 7.72455573e-01 2.79662073e-01
    8.59588385e-01 7.88384557e-01 4.83110189e-01 2.33372122e-01
    3.56337160e-01 5.49233496e-01 1.00367725e-01 6.55599415e-01
    8.22498202e-01 8.61900210e-01 1.32979304e-01 5.56473374e-01
    4.00014281e-01 7.59250522e-02 9.03336704e-02 2.96687454e-01
    8.91615093e-01 5.99146366e-01 9.81140316e-01 9.83620644e-01
    6.65622890e-01 6.29726648e-01 3.47817659e-01 5.25760651e-01
    2.59827971e-02 7.50368774e-01 7.75090933e-01 7.07816064e-01
    7.16548204e-01 2.40441531e-01 4.36607122e-01 4.41678643e-01
    1.63686723e-01 5.43085277e-01 9.74095464e-01 5.47518849e-01
    3.29878211e-01 4.55177665e-01 7.93920636e-01 1.56346589e-01
    7.52244592e-02 4.15092051e-01 7.45232046e-01 5.88051319e-01
    9.34917212e-01 3.18699837e-01 9.84804988e-01 3.86826873e-01
    3.25830549e-01 5.75244784e-01 4.07748997e-01 7.67193437e-02
    8.32359374e-01 1.71692938e-01 2.91573226e-01 8.63279998e-02
    5.84125936e-01 8.34939957e-01 1.72314495e-01 5.61592937e-01
    3.61186326e-01 1.97503209e-01 4.27380025e-01 6.70323491e-01
    5.63761711e-01 4.08389091e-01 6.57006204e-02 7.70468712e-02
    6.35716319e-01 8.45716596e-01 6.55066967e-02 3.73283207e-01
    3.05754125e-01 5.88745832e-01 9.63871479e-01 7.30253875e-01
    1.54083997e-01 7.47273326e-01 7.90346265e-01 8.92582536e-02
    4.55740780e-01 5.98529100e-01 2.41640389e-01 7.36628473e-01
    7.34940052e-01 1.87263012e-01 4.28975701e-01 2.02094167e-01
    4.99883711e-01 2.26010621e-01 1.91798359e-01 1.69721991e-01
    8.45116735e-01 4.11745250e-01 5.94090939e-01 3.48160714e-01
    5.81586838e-01 2.42423177e-01 1.81773514e-01 3.58971447e-01
    5.27818680e-01 9.16443586e-01 1.43539190e-01 1.50186956e-01
    6.17878735e-02 5.86680412e-01 6.91726446e-01 5.39812207e-01
    2.70780891e-01 9.11312461e-01 6.36404932e-01 2.94122398e-01
    5.31454921e-01 5.12665808e-01 8.40993762e-01 8.35539877e-01
    6.91193998e-01 8.68078470e-01 4.06235039e-01 4.24628556e-02
    6.24054551e-01 3.74389440e-01 9.68261361e-01 4.13495868e-01
    2.08480299e-01 1.93792790e-01 2.91442484e-01 9.57318187e-01
    8.69328380e-01 9.42444146e-01 9.39949274e-01 9.46545243e-01
    4.97075528e-01 3.49443078e-01 7.04349399e-01 7.88079500e-02
    4.44929391e-01 6.99038625e-01 2.44950354e-02 6.33871436e-01
    9.80398655e-01 8.56720567e-01 4.15874124e-01 2.06692129e-01
    4.24393117e-02 5.96309960e-01 8.64012003e-01 2.54096091e-01
    4.68110293e-01 9.23087537e-01 4.72722501e-01 7.58909285e-01
    7.79063106e-02 9.16948318e-01 6.95978701e-01 5.80416083e-01
    2.15146899e-01 8.03013921e-01 5.00265658e-02 7.35228121e-01
    1.25545263e-02 6.71947241e-01 2.49814987e-02 4.96097356e-01
    1.62101090e-01 8.67108226e-01 1.99832022e-01 2.14081049e-01
    7.00716674e-01 6.23249829e-01 9.44643855e-01 8.96377444e-01
    7.68086314e-01 1.11817479e-01 7.55111694e-01 1.92516804e-01
    4.92755771e-01 2.14745432e-01 7.31828451e-01 5.59448659e-01
    9.59968567e-03 3.97784054e-01 3.94450128e-01 6.90279365e-01
    3.65431666e-01 7.55203664e-02 5.19589245e-01 3.24450552e-01
    6.09582961e-02 2.84916401e-01 3.79732102e-01 1.40310526e-02
    5.12913764e-01 9.84225392e-01 3.20046037e-01 3.76484424e-01
    1.30084097e-01 3.48761350e-01 8.52531314e-01 9.25946653e-01
    4.45043802e-01 7.09411263e-01 5.03782809e-01 2.24124581e-01
    1.12507373e-01 4.63746339e-01 9.03664112e-01 1.93901122e-01
    4.74128395e-01 1.57391965e-01 5.05946636e-01 6.11704111e-01
    5.27317464e-01 8.71001244e-01 7.12257862e-01 2.50801623e-01
    8.19725275e-01 2.42382288e-01 5.56361556e-01 8.80326033e-02
    7.90491641e-01 6.93607867e-01 1.14995420e-01 4.79799718e-01
    8.70428205e-01 8.54916692e-01 5.22664070e-01 7.90438056e-01
    1.56822801e-01 6.76453650e-01 6.71382248e-02 8.66930723e-01
    3.70751709e-01 2.31416285e-01 8.85783076e-01 8.55185390e-02
    7.13180304e-01 2.78820693e-02 6.19426012e-01 2.95110524e-01
    4.91148114e-01 1.53343797e-01 5.12672722e-01 3.18975806e-01
    8.05311561e-01 9.19130921e-01 1.42780662e-01 2.24177539e-01
    1.84744567e-01 3.68241191e-01 8.46397161e-01 6.19846106e-01
    4.22623187e-01 2.59698123e-01 1.09998435e-01 4.58081692e-01
    8.12484384e-01 1.26743913e-02 9.23381090e-01 8.48930359e-01
    9.47948933e-01 6.59851372e-01 7.62663603e-01 3.05453897e-01
    5.37857771e-01 8.39184761e-01 6.23951197e-01 7.96633899e-01
    7.53646493e-01 4.76918340e-01 1.06246859e-01 4.96991456e-01
    7.42028356e-01 7.24853039e-01 9.90051150e-01 4.65910614e-01
    8.99949849e-01 6.89194262e-01 1.74928129e-01 6.23478532e-01
    1.89533621e-01 1.01281524e-01 3.08245659e-01 9.44696426e-01
    6.73661232e-01 2.63518989e-02 8.84047747e-01 1.88203752e-02
    7.34556079e-01 9.34807599e-01 7.20223248e-01 7.06847191e-01
    7.54436493e-01 4.49567914e-01 7.68040657e-01 8.61052692e-01
    6.91324115e-01 9.25928175e-01 1.98735982e-01 3.37277710e-01
    1.48598522e-01 6.70830905e-01 4.62002128e-01 9.92934823e-01
    7.64577389e-01 2.73126721e-01 8.29668641e-02 6.63947225e-01
    1.71044171e-01 9.50207829e-01 2.79923558e-01 4.27693963e-01
    5.80105424e-01 7.71681428e-01 5.59577405e-01 5.93408048e-02
    1.97726220e-01 8.82434726e-01 4.45009470e-02 2.04186231e-01
    5.11599183e-01 7.88854957e-01 5.90161979e-02 5.68402886e-01
    7.36379981e-01 4.51589137e-01 8.27628791e-01 4.53912467e-01
    9.76311922e-01 1.35570109e-01 5.81690609e-01 4.19344425e-01
    7.83683419e-01 5.02397060e-01 6.09161556e-01 2.57804871e-01
    9.13836479e-01 2.44134516e-01 8.87160659e-01 2.86916405e-01
    9.88845706e-01 7.49609768e-01 1.30447805e-01 7.15886474e-01
    6.45752966e-01 8.27124596e-01 6.64591670e-01 6.03884578e-01
    2.61177003e-01 4.63843524e-01 7.12247491e-02 9.13484573e-01
    5.97160637e-01 7.09789038e-01 2.45449454e-01 2.84147680e-01
    8.94559860e-01 9.01344657e-01 5.79885423e-01 4.71136898e-01
    9.40950513e-01 2.42924601e-01 8.11196089e-01 5.56154549e-01
    8.02428961e-01 9.02380586e-01 5.33749282e-01 6.45659268e-01
    7.51278281e-01 9.10619974e-01 2.74437159e-01 1.57553524e-01
    8.71526003e-01 7.79949725e-01 7.45143533e-01 2.14863420e-01
    4.44382250e-01 8.81289303e-01 3.96170467e-01 8.38507533e-01
    4.46533978e-01 5.09850979e-01 6.14117384e-01 4.48304713e-02
    1.01262718e-01 3.52053493e-01 1.53072387e-01 6.05081081e-01
    8.21328163e-03 2.71652818e-01 5.16677856e-01 3.38916212e-01
    1.73322856e-01 4.82027739e-01 5.52706242e-01 7.62838542e-01
    8.31280768e-01 8.75406742e-01 8.31857979e-01 2.44632423e-01
    2.06700176e-01 8.79762411e-01 5.44484317e-01 6.33949041e-01
    6.54327631e-01 6.76615000e-01 2.67791182e-01 3.05343509e-01
    1.30180657e-01 3.50908041e-02 7.12870002e-01 5.22900641e-01
    8.53716850e-01 4.72397000e-01 7.32230842e-01 5.66458106e-02
    8.17761242e-01 7.34334350e-01 3.15584421e-01 5.49297929e-01
    8.39609504e-01 4.98671144e-01 9.93415594e-01 6.16396010e-01
    2.16383040e-02 3.11962545e-01 2.93161482e-01 9.69518661e-01
    4.30340350e-01 8.46746206e-01 7.20654786e-01 1.30661428e-01
    6.51768625e-01 3.43936086e-01 3.20692241e-01 7.19737113e-02
    2.06952393e-01 2.09816456e-01 7.05444455e-01 6.41023517e-01
    1.99936152e-01 6.50231421e-01 4.64384735e-01 4.59327906e-01
    8.14392269e-02 5.21254361e-01 9.09053087e-01 7.68430591e-01
    6.78727508e-01 8.78370702e-02 5.18593729e-01 2.62208521e-01
    3.70001793e-02 1.65479541e-01 9.79566574e-01 8.96415234e-01
    2.30910480e-02 7.02272415e-01 1.46986067e-01 4.79445875e-01
    5.40326536e-01 1.91268593e-01 7.61580229e-01 8.10494423e-01
    6.46450698e-01 6.55146599e-01 2.07603574e-01 9.20150161e-01
    5.46193063e-01 3.76345009e-01 5.02859175e-01 7.72994280e-01
    2.01372296e-01 2.26557255e-04 6.29437089e-01 8.69932055e-01
    8.47439408e-01 5.80711365e-01 5.69057286e-01 1.80389285e-01
    5.83889484e-02 7.94030011e-01 7.30339050e-01 2.81941295e-02
    6.07804120e-01 4.15832281e-01 9.05032814e-01 1.74002647e-02
    7.15329528e-01 7.63911009e-01 8.59055817e-02 9.61601257e-01
    6.12764597e-01 7.80690730e-01 3.86046767e-01 2.63456404e-01
    3.75033736e-01 5.29091835e-01 1.66437387e-01 7.10824847e-01
    2.23014832e-01 7.64073968e-01 3.76776814e-01 2.46724874e-01
    9.40408647e-01 7.88438320e-02 7.32029736e-01 6.79813802e-01
    8.01789522e-01 6.55652463e-01 2.07548767e-01 1.57693803e-01
    9.97857213e-01 4.09471810e-01 7.46336222e-01 1.01205975e-01
    9.78609324e-01 7.26297498e-01 2.56929994e-01 7.72580206e-01
    6.06256962e-01 2.66213477e-01 8.01218867e-01 4.39697415e-01
    1.92754269e-01 6.74025476e-01 8.98324847e-01 4.40153420e-01
    2.56270349e-01 1.32481009e-01 2.62876064e-01 4.43856925e-01
    7.22712159e-01 8.01775336e-01 2.52462327e-01 8.57128143e-01
    6.20760798e-01 1.78172141e-01 3.99506599e-01 7.02162087e-01
    8.01534057e-01 4.67379212e-01 9.18415189e-02 3.43123317e-01
    7.03378320e-02 2.53494620e-01 5.41384220e-01 4.50407058e-01
    4.38341379e-01 3.51054132e-01 9.80995357e-01 1.44472331e-01
    5.62048912e-01 6.01023316e-01 7.43942261e-01 5.64688742e-02
    3.28583419e-01 9.25210834e-01 7.07897127e-01 1.83588207e-01
    2.98297524e-01 8.66103888e-01 7.26636171e-01 1.93334490e-01
    7.77625561e-01 9.56502318e-01 2.41135895e-01 9.60315645e-01
    1.96971297e-02 7.41784632e-01 6.22273445e-01 7.84485042e-01
    4.64489967e-01 1.60042852e-01 6.65568948e-01 7.20315456e-01
    2.75325835e-01 3.34423512e-01 7.90163875e-02 4.17685777e-01
    4.00885642e-02 3.57907474e-01 6.30661249e-02 3.75117719e-01
    7.54589677e-01 5.61492085e-01 2.79050291e-01 7.22833216e-01
    4.67748046e-01 1.35156840e-01 1.98363453e-01 8.57050061e-01
    6.60036445e-01 3.65470469e-01 2.67309040e-01 6.41189694e-01
    9.14014101e-01 4.80044216e-01 8.05346251e-01 8.52210522e-02
    5.94527364e-01 1.45165145e-01 1.93993419e-01 7.61212647e-01
    5.27143300e-01 2.72008747e-01 5.31047404e-01 3.17915022e-01
    2.87059784e-01 1.11150056e-01 3.68649781e-01 7.73963571e-01
    9.54294145e-01 6.45037234e-01 6.36849999e-01 5.99365115e-01
    5.01542509e-01 7.28668928e-01 9.36709046e-02 9.36707914e-01
    2.41612762e-01 2.98996627e-01 9.30941105e-01 7.55216777e-02
    3.31582487e-01 6.43804550e-01 5.28005779e-01 8.47263396e-01
    1.60519361e-01 9.98509765e-01 4.63258684e-01 1.63834214e-01
    4.44865167e-01 4.13769424e-01 1.45159632e-01 1.77151263e-01
    8.35821629e-02 5.31892776e-02 2.08031505e-01 2.28255928e-01
    2.16806769e-01 1.57624364e-01 5.17434359e-01 9.82653141e-01
    9.75692093e-01 8.66824985e-01 3.06749105e-01 2.75808573e-01
    8.01477432e-01 4.96776104e-01 5.46249688e-01 4.03824925e-01
    3.41051906e-01 1.48844033e-01 2.86133468e-01 2.81813383e-01
    1.64422184e-01 8.89234424e-01 2.46997744e-01 4.58075225e-01
    7.78035998e-01 4.94235903e-01 4.62470710e-01 3.30148935e-02
    8.52744877e-02 9.76853967e-01 6.20792449e-01 1.98471963e-01
    3.66700947e-01 8.33556771e-01 3.43456864e-01 6.93149567e-01
    6.35601580e-01 3.76303911e-01 2.89895087e-01 4.85734910e-01
    6.38398528e-03 9.15243387e-01 1.50424540e-02 2.42527992e-01
    7.44226396e-01 7.36872077e-01 9.98099327e-01 3.15185249e-01
    2.62841880e-01 1.95621192e-01 5.08702874e-01 7.63685822e-01
    1.92379504e-01 5.05756438e-01 6.61987603e-01 8.91528964e-01
    3.18961203e-01 8.13641906e-01 6.12479091e-01 6.09424114e-01
    8.78057718e-01 3.67861986e-03 6.34748697e-01 6.04448736e-01
    5.13085842e-01 9.38058972e-01 8.35546017e-01 9.26573515e-01
    1.54887825e-01 7.45880842e-01 7.60049343e-01 6.19430363e-01
    1.71116620e-01 3.88354242e-01 4.43655908e-01 1.58699930e-01
    5.27433753e-01 3.25971842e-01 6.91452265e-01 4.58907366e-01
    6.27619684e-01 1.97355270e-01 1.61837488e-01 7.25479007e-01
    1.11234546e-01 3.49872887e-01 6.30578279e-01 7.02258348e-01
    9.94470000e-01 7.36361206e-01 4.44562465e-01 2.33925074e-01
    6.22773051e-01 6.84544981e-01 1.36065066e-01 9.56156373e-01
    3.09803933e-01 6.39771998e-01 6.73105419e-01 9.06535983e-01
    7.54408240e-02 2.50750929e-01 5.54939210e-01 7.41770446e-01
    3.01505446e-01 4.17148978e-01 7.18523264e-01 1.41157925e-01
    3.47834527e-01 8.52315307e-01 8.51682425e-02 3.54258060e-01
    6.01837575e-01 4.64891672e-01 3.82149518e-01 8.21315527e-01
    8.90869856e-01 8.46749902e-01 5.78643799e-01 9.83772218e-01
    3.00808907e-01 5.00242054e-01 1.33436471e-01 8.80948007e-01
    7.62846649e-01 2.18201995e-01 1.58164412e-01 2.78029621e-01
    7.68237948e-01 2.96762049e-01 3.95655096e-01 5.35702586e-01
    5.09476840e-01 8.19995165e-01 4.62139338e-01 5.18558204e-01
    5.05522251e-01 9.58015561e-01 9.60174084e-01 4.68037128e-01
    8.53048623e-01 8.51694286e-01 4.80119616e-01 6.32085085e-01
    6.15216136e-01 2.40096331e-01 3.64464939e-01 1.58650875e-01
    3.97872984e-01 2.37474471e-01 8.42233956e-01 6.39253259e-02
    7.06303358e-01 3.94928753e-01 3.77797484e-01 5.72279394e-02
    3.45237434e-01 7.04049945e-01 5.95911324e-01 5.85474730e-01
    5.34620583e-01 3.74839365e-01 3.83200318e-01 3.09700370e-01
    2.62210816e-01 6.41104698e-01 8.23052883e-01 5.76560497e-02
    8.65232348e-01 7.44928598e-01 4.36058968e-01 3.45288932e-01
    9.68477726e-01 5.26417971e-01 4.88627404e-01 1.92574710e-01
    9.93209958e-01 3.55648726e-01 6.31066680e-01 4.93439257e-01
    9.86059546e-01 9.99531150e-01 3.42962742e-01 4.20907885e-01
    8.23726058e-02 8.82244766e-01 1.52731091e-01 2.12049276e-01
    3.29909593e-01 6.75578475e-01 9.83040333e-01 1.45612627e-01
    4.03791249e-01 5.09315431e-01 6.30068541e-01 6.67637765e-01
    7.79399157e-01 8.16036940e-01 2.29540050e-01 9.66196656e-01
    3.53461385e-01 3.95506442e-01 8.22304785e-01 8.59691024e-01
    2.87996531e-02 9.40110683e-01 8.79648209e-01 2.68529058e-01
    6.04772329e-01 5.87014437e-01 1.57220393e-01 6.68836534e-02
    1.74385846e-01 2.78412610e-01 7.69678235e-01 5.13048530e-01
    9.75760221e-02 2.73497015e-01 4.41757619e-01 4.45489705e-01
    7.24050641e-01 4.17494327e-01 9.04196143e-01 7.23883986e-01
    3.45509261e-01 7.63609886e-01 7.65094280e-01 4.00140643e-01
    1.07236892e-01 3.22055697e-01 3.83419961e-01 4.99783009e-01
    2.23333359e-01 7.30079412e-01 9.99731183e-01 8.72632742e-01
    5.56272984e-01 6.30490780e-02 9.94050384e-01 3.41058075e-02
    5.43399274e-01 7.15257287e-01 6.33675516e-01 6.54259026e-01
    8.08839679e-01 2.02201575e-01 5.38253725e-01 9.40907240e-01
    6.69938207e-01 9.98146296e-01 4.84790653e-01 1.37316912e-01
    3.87913108e-01 3.71049821e-01 4.35688078e-01 9.88285184e-01
    7.80167937e-01 7.03541517e-01 3.70600790e-01 1.67483479e-01
    2.56252289e-02 5.94786644e-01 9.87280130e-01 6.24392331e-02
    1.28469169e-02 6.45693779e-01 9.59538817e-02 1.35131389e-01
    3.22487235e-01 9.47290063e-01 5.79631984e-01 8.49453211e-01
    4.51955259e-01 5.17671764e-01 4.50371861e-01 3.55360627e-01
    3.35678279e-01 1.58998668e-01 8.71722698e-01 3.32649142e-01
    3.71336401e-01 2.31504142e-01 8.81984830e-03 7.83793807e-01
    4.88340557e-01 1.17137641e-01 6.91096246e-01 9.16254520e-01
    2.33365953e-01 3.30947459e-01 2.75424123e-02 3.60713422e-01
    6.36065543e-01 7.46105671e-01 5.55313766e-01 4.75227624e-01
    3.23838472e-01 6.06140494e-01 4.99488652e-01 6.91306591e-03
    2.50308186e-01 6.72474265e-01 8.54530394e-01 9.34694171e-01
    8.23339224e-01 7.79385805e-01 8.35286021e-01 7.15168178e-01
    1.72593445e-01 4.49337244e-01 8.23187947e-01 8.22082400e-01
    4.86568213e-01 3.76999795e-01 1.47337854e-01 1.37262344e-02
    1.24605000e-01 2.79210031e-01 1.21412307e-01 6.39210701e-01
    2.49362171e-01 1.50858611e-01 6.03127599e-01 8.97503793e-02
    7.76676536e-01 5.92687726e-03 5.26868582e-01 6.59413338e-01
    7.67339587e-01 9.83249247e-02 1.29393518e-01 1.77141190e-01
    7.09724426e-02 8.86368275e-01 7.91020870e-01 1.95192397e-01
    9.63407874e-01 3.25777531e-01 9.82599854e-01 2.13677287e-01
    9.10526276e-01 6.70859098e-01 1.92199647e-01 7.52947807e-01
    6.18792117e-01 7.81973124e-01 7.99110293e-01 2.75550485e-01
    6.64900422e-01 4.77702498e-01 5.62133491e-02 4.28259075e-02
    8.42161238e-01 4.61330503e-01 6.91408277e-01 4.94308442e-01
    1.06050789e-01 7.44773626e-01 5.00325084e-01 8.42403769e-01
    8.92103851e-01 3.68596017e-01 8.57809901e-01 8.08697820e-01
    6.78481102e-01 1.59886539e-01 9.53015149e-01 6.38696432e-01
    5.37769139e-01 2.13342100e-01 5.88782251e-01 7.47486949e-03
    8.01724255e-01 6.90532207e-01 4.90976006e-01 8.81614804e-01
    9.72795665e-01 3.81243259e-01 9.05623019e-01 3.13991725e-01
    1.92556947e-01 7.36090541e-01 2.01933861e-01 7.74628997e-01
    1.47320956e-01 3.85002971e-01 9.84107852e-01 3.79267812e-01
    7.91468382e-01 3.60812128e-01 1.67083740e-01 9.00338888e-02
    6.01666391e-01 9.34456527e-01 5.60832798e-01 7.87791371e-01
    8.76696706e-01 5.80833614e-01 4.06267047e-01 3.65057677e-01
    6.57658279e-01 7.90683866e-01 9.26752627e-01 1.66978866e-01
    5.84889650e-01 9.01542485e-01 8.24791491e-02 3.36545587e-01
    2.45814025e-01 5.19113779e-01 8.87858927e-01 6.40091240e-01
    2.22821653e-01 8.45729113e-01 8.67854357e-02 8.81288648e-01
    4.45543587e-01 9.84493017e-01 3.07848990e-01 4.14071113e-01
    4.14239407e-01 3.88272256e-01 4.02948856e-01 7.37316132e-01
    5.71759522e-01 7.81948328e-01 8.64288986e-01 4.81688768e-01
    3.79273295e-03 6.83766961e-01 5.75149536e-01 9.28692698e-01
    1.61166757e-01 7.43644595e-01 6.04871035e-01 2.30308801e-01
    2.45140821e-01 9.62934971e-01 5.07675707e-01 3.18733931e-01
    1.39976561e-01 6.71984911e-01 3.63673955e-01 8.87171149e-01
    5.57350814e-01 4.86799687e-01 3.00494850e-01 5.46417832e-02
    6.68525040e-01 6.15350246e-01 6.88098907e-01 6.65155113e-01
    7.14752793e-01 4.77552533e-01 3.14161450e-01 9.82669115e-01
    7.10075378e-01 4.46651816e-01 7.50247836e-01 8.24830890e-01
    1.89351916e-01 1.71304762e-01 9.28716183e-01 1.40204489e-01
    6.80258870e-01 2.15299934e-01 5.05120456e-01 8.60356152e-01
    9.24731255e-01 6.30614996e-01 5.73055804e-01 5.88611186e-01
    7.30710328e-01 1.31383032e-01 4.87801731e-02 1.75561935e-01
    7.14033842e-04 4.30980235e-01 1.89521700e-01 3.03438842e-01
    8.67202580e-01 5.95707774e-01 1.99670851e-01 9.42546129e-01
    4.83751208e-01 7.97567546e-01 1.94066197e-01 5.97723186e-01
    8.75541091e-01 8.27430248e-01 7.57101655e-01 9.70281601e-01
    6.82046831e-01 6.10778093e-01 3.91187459e-01 6.98599219e-03
    3.01942289e-01 7.33187914e-01 2.62339026e-01 6.50050104e-01
    2.51360893e-01 5.83224773e-01 7.58319616e-01 3.90876621e-01
    3.45738590e-01 2.83158839e-01 4.37265337e-02 6.74765170e-01
    5.90002298e-01 5.92132270e-01 2.15821087e-01 5.93943059e-01
    3.52845192e-02 7.88547873e-01 5.46002805e-01 4.37430650e-01
    2.55858481e-01 1.18291080e-01 6.58042908e-01 4.35749441e-01
    3.88547301e-01 3.30034614e-01 1.67197555e-01 7.51864910e-02
    3.97087395e-01 5.72337449e-01 1.08643353e-01 2.52371609e-01
    8.18759203e-01 2.44309932e-01 1.25212073e-02 1.16494417e-01
    6.85886145e-01 6.11453176e-01 9.19503450e-01 6.02955520e-01
    9.42354739e-01 7.56714821e-01 1.10425651e-02 4.27064985e-01
    6.50993884e-01 4.12759662e-01 4.25048590e-01 9.60888147e-01
    3.23944926e-01 9.64449286e-01 5.38023889e-01 4.28126425e-01
    7.23233700e-01 8.17839026e-01 6.23676777e-01 4.89396453e-02
    4.23530400e-01 5.59832394e-01 6.59585297e-02 9.51173007e-02
    1.03473455e-01 9.16262865e-01 9.93786931e-01 8.48057866e-02
    6.23949528e-01 7.38484263e-01 9.54518199e-01 1.47724092e-01
    9.92703080e-01 5.01834273e-01 1.36404932e-01 1.66918129e-01
    1.45621866e-01 6.29095376e-01 6.63585961e-02 6.32573843e-01
    2.68540442e-01 9.61892128e-01 5.88631809e-01 1.14204168e-01
    2.70648599e-02 9.47204173e-01 2.77745247e-01 5.74151158e-01
    6.05357289e-01 3.18378210e-04 4.87589300e-01 8.94847512e-02
    5.16601145e-01 2.25467235e-01 9.46950495e-01 4.81706679e-01
    3.37161541e-01 4.14290607e-01 3.79761159e-02 7.13796377e-01
    4.66300666e-01 5.32996833e-01 2.47048318e-01 2.04771429e-01
    5.82998395e-02 1.93339676e-01 2.48536915e-01 6.55344725e-01
    4.97921586e-01 6.65470362e-01 4.74390626e-01 8.01983237e-01
    1.65013671e-02 1.82077885e-01 1.72593057e-01 6.55401051e-01
    7.13130653e-01 9.59505320e-01 3.16830695e-01 1.84821218e-01
    5.45632184e-01 3.16595137e-02 9.36489761e-01 1.58614814e-01
    7.27611661e-01 7.46909499e-01 3.29853773e-01 4.64272648e-01
    6.47308826e-01 3.22164595e-02 4.43911701e-01 5.62141120e-01
    3.00338864e-01 5.59924841e-02 9.76954937e-01 6.41533554e-01
    5.81645668e-01 1.55943632e-01 2.10552603e-01 8.52528930e-01
    8.29830348e-01 9.23495531e-01 2.27911443e-01 7.27624297e-01
    5.20343542e-01 4.57551539e-01 9.17646468e-01 4.45463955e-01
    4.01211828e-01 6.00988150e-01 1.66599393e-01 6.79325819e-01
    3.24939251e-01 2.98024535e-01 4.87904668e-01 3.03301871e-01
    6.46197796e-01 8.18372011e-01 9.10468936e-01 5.85932136e-02
    3.46379995e-01 8.29651594e-01 5.32937765e-01 1.61641091e-01
    4.96031344e-01 4.67134178e-01 7.71111071e-01 4.49213266e-01
    3.54300529e-01 9.19822574e-01 2.78851837e-01 2.14667916e-01
    2.73216933e-01 6.03990078e-01 6.90873742e-01 2.57382661e-01
    2.40663588e-02 1.59463882e-01 1.58594400e-01 1.40468240e-01
    6.48002923e-01 1.04324579e-01 6.73277974e-01 8.40954781e-01
    6.65299773e-01 8.92416656e-01 9.90443408e-01 2.71695852e-02
    1.10043466e-01 6.61540210e-01 4.48210537e-02 7.82066822e-01
    3.51053715e-01 3.09867591e-01 8.57823133e-01 9.93931174e-01
    2.02538908e-01 7.66168833e-01 1.03685230e-01 4.88466769e-01
    5.47157407e-01 3.53493690e-01 6.15007699e-01 1.85555339e-01
    9.45202112e-01 4.17583823e-01 5.63060880e-01 7.63545394e-01
    6.12574637e-01 2.59625793e-01 1.30402625e-01 7.68823624e-01
    7.23655522e-01 4.46560979e-01 6.24092221e-01 6.11975491e-01
    7.45701730e-01 6.30889535e-01 4.42627162e-01 8.56644928e-01
    8.37103248e-01 7.40681112e-01 7.72725821e-01 3.33677649e-01
    4.28486943e-01 6.17287576e-01 2.70032316e-01 8.00196290e-01
    2.93010086e-01 7.14435577e-02 9.48585391e-01 8.88964176e-01
    6.98272765e-01 3.13987195e-01 2.63021171e-01 4.13488925e-01
    9.49159861e-01 8.79577637e-01 5.07368386e-01 5.55076957e-01
    1.45795822e-01 5.80695629e-01 1.01498365e-02 9.03741539e-01
    3.00039977e-01 4.98932511e-01 7.34773278e-01 8.82853389e-01
    7.14287758e-01 6.61397099e-01 9.89570916e-02 1.83492482e-01
    3.86665106e-01 5.19290924e-01 2.41518319e-01 3.81786704e-01
    9.31838155e-03 3.52372169e-01 1.55741274e-01 6.71522141e-01
    2.43209988e-01 1.11451864e-01 1.33084655e-02 2.22776830e-02
    9.98925447e-01 7.26550639e-01 7.93020844e-01 8.16526890e-01
    6.19475842e-01 8.77931416e-01 1.60145074e-01 7.37954378e-01
    5.03405631e-02 1.77567303e-01 2.44015515e-01 1.33368611e-01
    9.69524384e-02 4.01593268e-01 1.13839447e-01 4.48742300e-01
    9.32514191e-01 1.67088360e-01 6.52111351e-01 3.50077689e-01
    4.08928633e-01 9.65326071e-01 8.31592023e-01 6.08650327e-01
    6.83532357e-01 4.67412353e-01 9.17651772e-01 4.67213988e-03
    6.96828961e-01 9.60301816e-01 7.84717798e-02 3.54539156e-01
    8.16507459e-01 1.99169338e-01 7.15622187e-01 2.92225778e-01
    8.49200547e-01 7.89116144e-01 3.34797084e-01 8.97618532e-01
    8.38649869e-02 1.52210742e-01 2.95244753e-02 7.07819939e-01
    1.22172117e-01 8.23774278e-01 7.42638469e-01 7.94711709e-01
    4.66516435e-01 7.28792012e-01 9.42005038e-01 3.62100899e-01
    6.35967255e-01 7.76633561e-01 7.06255078e-01 2.54154295e-01
    4.08146083e-02 9.30564404e-02 3.44690621e-01 8.13150644e-01
    6.29693270e-01 7.99142659e-01 6.95838511e-01 1.88810259e-01
    2.07298100e-01 1.89656287e-01 3.58905137e-01 4.98896986e-01
    4.90505487e-01 5.25471210e-01 3.70007038e-01 6.27345681e-01
    6.55131102e-01 1.76515073e-01 5.23573756e-01 4.46306586e-01
    3.78860950e-01 3.29098105e-01 7.27342725e-01 4.48081106e-01
    2.70176202e-01 4.45350617e-01 2.24382907e-01 3.87747556e-01
    7.23433495e-03 3.06755960e-01 3.70393872e-01 1.61508054e-01
    1.37699366e-01 6.49989009e-01 6.38233304e-01 3.49325389e-01
    4.01472151e-01 6.51241183e-01 4.88966912e-01 1.87648326e-01
    1.37840211e-02 1.87762320e-01 1.87669337e-01 3.65844816e-01
    3.16863477e-01 8.19481313e-01 4.01736051e-01 3.77479345e-01
    8.96281302e-01 4.68561023e-01 9.33244050e-01 2.29580909e-01
    7.53160954e-01 6.91381454e-01 2.31264144e-01 6.70219660e-01
    6.25113726e-01 4.96086508e-01 2.86947310e-01 4.77981806e-01
    9.38297868e-01 9.00717139e-01 8.11607242e-01 8.67584705e-01
    8.75598252e-01 4.22486603e-01 2.43392229e-01 8.62244129e-01
    1.94838583e-01 3.70526373e-01 9.02778745e-01 1.75329745e-01
    2.23807693e-01 8.86722863e-01 6.39679313e-01 7.47914553e-01
    7.22249389e-01 7.53569245e-01 7.51012564e-01 8.32936406e-01
    7.49478340e-02 2.39372849e-01 2.59396374e-01 7.36987650e-01
    3.63439083e-01 8.69159937e-01 8.58177543e-02 6.63313270e-02
    8.84070992e-03 1.34837627e-02 7.65585899e-01 7.67745256e-01
    9.10814643e-01 8.76708746e-01 4.81096208e-02 7.04505622e-01
    2.81402469e-03 7.41767168e-01 3.59806597e-01 5.39251506e-01
    5.48634708e-01 3.52392524e-01 4.79419559e-01 1.78989947e-01
    5.26383817e-01 6.31418824e-01 8.38493407e-02 8.05584669e-01
    3.07081640e-02 1.34754598e-01 9.34911013e-01 6.11402750e-01
    8.37931871e-01 9.26524401e-03 5.55444360e-02 6.29194140e-01
    9.25323725e-01 5.13874888e-02 1.12527132e-01 8.03916931e-01
    7.68068552e-01 2.30534375e-01 1.61562771e-01 2.42868543e-01
    3.63300800e-01 5.52138507e-01 6.92257643e-01 4.06040549e-01
    9.08682466e-01 1.67398453e-02 9.22732830e-01 8.69642258e-01
    4.58204597e-01 4.93308306e-02 5.15319109e-02 1.49329245e-01
    7.54739165e-01 6.39189184e-02 3.55427265e-02 2.01447874e-01
    6.72831059e-01 3.32535028e-01 4.42923665e-01 4.31647062e-01
    3.05222631e-01 7.20908403e-01 4.33205903e-01 5.10466099e-03
    5.47195673e-01 2.61828899e-02 1.61387175e-01 9.04638648e-01
    8.15264583e-01 8.56888294e-01 7.40899146e-01 5.88104308e-01
    1.11428171e-01 2.59230793e-01 7.03752398e-01 2.57206380e-01
    4.71654713e-01 1.50428534e-01 4.97600257e-01 8.52279305e-01
    5.88154197e-01 2.49473423e-01 3.17250967e-01 7.19629765e-01
    6.72389686e-01 7.72488832e-01 7.96787024e-01 6.64404690e-01
    5.96760154e-01 8.12487841e-01 8.76213908e-02 5.44625223e-02
    4.26100940e-01 2.94437587e-01 2.07670838e-01 9.31335330e-01
    8.91141295e-01 9.43469405e-01 1.31248772e-01 4.63676572e-01
    3.12204659e-01 1.20006204e-02 5.71611524e-01 3.04413497e-01
    2.24206656e-01 3.57074261e-01 6.26350045e-02 1.74376518e-01
    2.81185240e-01 6.47899210e-02 7.67802119e-01 8.13778996e-01
    8.39974463e-01 4.73618150e-01 6.17165089e-01 3.20172906e-02
    5.88444412e-01 4.09364164e-01 6.59945190e-01 4.57801402e-01
    2.56636798e-01 6.03284121e-01 7.38748491e-01 6.84417844e-01
    5.31094730e-01 4.16297317e-02 4.53710139e-01 9.31704819e-01
    1.53378457e-01 3.47470701e-01 6.65816844e-01 9.33384061e-01
    2.56240547e-01 2.92149007e-01 8.21644545e-01 8.85835946e-01
    8.85794759e-01 8.83961260e-01 3.50120366e-02 1.73295677e-01
    6.81503415e-02 6.81720257e-01 1.95197672e-01 9.52153444e-01
    7.46450186e-01 7.72264719e-01 6.00051224e-01 2.09301800e-01
    3.82485509e-01 1.84963048e-02 1.93137228e-02 2.30672538e-01
    5.20188510e-02 3.47265691e-01 5.04950821e-01 3.20467651e-02
    8.59718502e-01 7.69752264e-01 3.93478423e-01 7.43567646e-01
    1.40517861e-01 9.81666684e-01 1.58700347e-02 9.96395707e-01
    4.51078773e-01 9.62247729e-01 3.11984718e-01 8.02865744e-01
    8.25106800e-02 3.75965953e-01 6.20747805e-01 9.45009947e-01
    6.55374050e-01 5.68984270e-01 9.97940838e-01 8.92575562e-01
    5.79932749e-01 1.82775497e-01 4.14273173e-01 8.23515654e-03
    3.23042691e-01 1.53253078e-02 2.83951402e-01 1.29893273e-01
    7.64378667e-01 3.49897176e-01 5.25692821e-01 1.62699491e-01
    2.80254185e-02 9.67231750e-01 1.87022746e-01 4.67765927e-01
    9.87242639e-01 1.06896490e-01 2.13761002e-01 5.19688725e-01
    4.69754338e-02 8.37481380e-01 6.07350707e-01 8.24387491e-01
    9.08130586e-01 1.23252809e-01 1.92914307e-01 1.57550722e-01
    9.73341703e-01 8.96684706e-01 2.60749102e-01 7.97380686e-01
    9.75839317e-01 9.38986540e-01 6.07624829e-01 6.86337590e-01
    6.56364918e-01 4.73487735e-01 1.25605166e-02 8.84491503e-02
    8.61776173e-01 9.16301489e-01 1.48197055e-01 7.91230798e-01
    4.49878365e-01 8.20251822e-01 2.25932986e-01 4.81521040e-01
    3.20897400e-01 8.85644853e-01 8.21620286e-01 3.82642090e-01
    7.36071825e-01 3.33471894e-01 9.02862072e-01 1.71344548e-01
    1.71482742e-01 5.93461633e-01 2.17368007e-02 9.35357213e-02
    4.38854605e-01 5.54644763e-01 4.23869908e-01 4.40492630e-02
    1.95091456e-01 2.22206593e-01 7.71567822e-01 3.96578908e-01
    8.69766355e-01 2.79159069e-01 2.64896631e-01 2.90491283e-02
    7.13246346e-01 6.53203785e-01 5.57553768e-01 3.56830776e-01
    7.36568213e-01 9.33944285e-02 3.06265652e-01 6.26546025e-01
    1.49720907e-01 4.15421277e-01 8.26896667e-01 1.15319788e-01
    3.47155333e-01 1.85637742e-01 8.76859963e-01 1.86249316e-01
    3.36958796e-01 1.72701091e-01 3.47998381e-01 8.80730271e-01
    5.91768622e-01 3.76657397e-01 7.59489715e-01 5.87873399e-01
    9.35428381e-01 2.30955482e-01 8.66923451e-01 9.61747885e-01
    1.74184263e-01 5.96103966e-01 2.74097621e-02 1.49028957e-01
    8.62162411e-02 4.28849131e-01 4.65040028e-01 7.45422781e-01
    6.98497713e-01 9.36091542e-01 7.38177061e-01 1.90724850e-01
    5.39861202e-01 2.55667627e-01 7.49911606e-01 2.31123328e-01
    9.11658764e-01 8.45684052e-01 1.07159346e-01 7.43180513e-01
    3.65786165e-01 7.87638545e-01 1.91816926e-01 1.14498705e-01
    3.21286023e-02 5.63172281e-01 1.02879018e-01 9.59968269e-02
    1.89829409e-01 7.54045010e-01 8.86761665e-01 3.46028119e-01
    9.29109335e-01 3.95537168e-01 5.06740928e-01 1.85490042e-01
    7.10772514e-01 6.63301289e-01 5.46053231e-01 8.51679444e-01
    1.06160879e-01 5.69108903e-01 9.96031880e-01 9.11682010e-01
    8.19587350e-01 1.31994605e-01 5.02688646e-01 2.58030862e-01
    9.38595593e-01 7.44774580e-01 9.69180942e-01 5.17919123e-01
    2.60158777e-02 7.99459577e-01 7.45842814e-01 4.98639017e-01
    7.16624498e-01 8.53495836e-01 5.97598433e-01 3.42379659e-01
    6.21582270e-01 9.00113702e-01 7.49801755e-01 3.29051316e-02
    3.73013020e-02 9.01971281e-01 3.06792349e-01 3.10687006e-01
    4.29728091e-01 2.91506797e-01 5.64514577e-01 6.01940751e-01
    9.09583926e-01 2.61435807e-01 2.25777775e-01 8.72799933e-01
    3.95581394e-01 8.11628103e-01 3.45651090e-01 8.32759440e-02
    8.12294245e-01 6.07680023e-01 1.47172779e-01 8.57524872e-01
    7.89294064e-01 8.33362699e-01 9.99122560e-02 1.60603344e-01
    7.54843712e-01 1.33035570e-01 2.81927496e-01 1.76131576e-01
    9.51524019e-01 3.17004085e-01 3.05842906e-01 9.46088314e-01
    6.50317013e-01 2.67487198e-01 9.17805791e-01 7.14885712e-01
    6.70982897e-01 1.00308537e-01 4.76635724e-01 8.17140222e-01
    7.10860312e-01 3.00098598e-01 2.27056295e-01 8.24836612e-01
    2.07814991e-01 4.91598248e-01 1.63093060e-01 4.76312965e-01
    7.35741675e-01 9.41734254e-01 8.63540173e-01 6.39668107e-03
    1.42596632e-01 4.35459137e-01 1.69649214e-01 8.14965010e-01
    4.37998384e-01 2.87757039e-01 1.36453748e-01 5.67429960e-01
    8.50778401e-01 7.47502565e-01 8.50820839e-02 8.84731054e-01
    7.53495097e-02 1.42396092e-01 3.14284056e-01 3.45138907e-01
    9.93419886e-01 5.41440248e-02 8.94221902e-01 2.14393377e-01
    5.22608876e-01 4.11981940e-02 4.52415526e-01 5.25458694e-01
    4.26208198e-01 1.21436715e-02 6.31253541e-01 7.31676996e-01
    7.30054975e-02 7.27504492e-02 1.46358162e-01 2.62491971e-01
    1.33174241e-01 7.67258763e-01 8.33684206e-01 6.32120252e-01
    3.76778930e-01 6.66481078e-01 7.83016026e-01 4.27703440e-01
    9.85581875e-01 3.85989189e-01 2.75077760e-01 8.66796076e-02
    4.93321180e-01 9.53387856e-01 3.89972478e-01 4.92701054e-01
    9.53448653e-01 5.50756812e-01 4.44968671e-01 1.46671504e-01
    7.37655222e-01 5.81162810e-01 2.20294654e-01 9.63042736e-01
    5.21429062e-01 7.96942949e-01 6.40229881e-02 3.33505988e-01
    3.66397947e-01 6.26046062e-01 3.62148583e-01 5.02394259e-01
    2.56791472e-01 1.23519480e-01 2.55069792e-01 3.53559762e-01
    4.67423916e-01 8.14731836e-01 3.10111046e-01 1.97037846e-01
    8.70303035e-01 7.68381000e-01 9.38650489e-01 7.73043156e-01
    8.12120676e-01 4.38604921e-01 2.45577484e-01 8.79547894e-02
    4.82430190e-01 3.58552694e-01 8.76484215e-02 7.51044154e-01
    4.76375729e-01 6.69855952e-01 1.30048722e-01 6.19803607e-01
    1.84291303e-01 2.32929885e-01 8.09439063e-01 6.20994091e-01
    6.23161852e-01 2.48988032e-01 3.12599421e-01 7.80349255e-01
    3.23857933e-01 5.31728446e-01 4.62920666e-02 9.68038797e-01
    8.12271357e-01 2.04313844e-01 9.24777865e-01 6.21523023e-01
    1.30960047e-02 7.45968223e-01 8.48351479e-01 1.90562516e-01
    5.98737478e-01 7.61532485e-01 4.17132884e-01 6.45057082e-01
    6.57921970e-01 6.16652727e-01 8.59016299e-01 2.42650628e-01
    8.56442809e-01 7.39722252e-02 1.59249783e-01 6.27585888e-01
    6.37223184e-01 9.25980330e-01 8.58513057e-01 2.55476058e-01
    8.63544047e-01 4.08989787e-02 3.51854175e-01 2.56279409e-01
    8.91451001e-01 3.55060697e-01 9.98910785e-01 3.25473756e-01
    2.78678656e-01 7.97461510e-01 2.01137573e-01 9.25313234e-01
    4.57506388e-01 6.90360785e-01 4.86384928e-02 9.87064540e-02
    6.54673040e-01 6.97252750e-01 3.06861937e-01 7.66338944e-01
    4.80420947e-01 8.33032012e-01 1.46602541e-01 5.11886418e-01
    3.00065696e-01 5.37863255e-01 4.02304858e-01 5.84793389e-02
    5.92337132e-01 8.10178995e-01 5.84817827e-01 8.85396242e-01
    8.62324834e-01 2.28610396e-01 8.48071277e-02 5.73766232e-02
    8.32838893e-01 1.07945114e-01 2.69051164e-01 8.44323635e-01
    5.76230049e-01 9.70709682e-01 4.91175652e-02 3.45402837e-01
    3.75339389e-01 9.91708994e-01 8.58760476e-01 6.81989193e-02
    1.14191890e-01 8.19932699e-01 7.69181252e-01 2.69706607e-01
    9.40435469e-01 8.58478546e-01 7.87090421e-01 1.76841587e-01
    3.96270782e-01 1.78046316e-01 9.70920205e-01 9.93088543e-01
    4.36947614e-01 4.91767913e-01 6.49736285e-01 9.55494165e-01
    7.69338727e-01 2.33026743e-01 7.64454603e-01 5.01618922e-01
    8.02182555e-01 6.99465573e-01 3.30031335e-01 3.68573844e-01
    1.72092646e-01 1.91222787e-01 4.21573311e-01 7.73778677e-01
    4.20202494e-01 5.21330237e-01 6.80941939e-01 4.70239282e-01
    9.91699934e-01 3.16167384e-01 8.33687663e-01 9.79068518e-01
    8.30503821e-01 9.78313804e-01 8.66649985e-01 1.06713772e-02
    6.63256943e-01 4.67361480e-01 2.95274436e-01 5.00275671e-01
    8.66783261e-01 3.57251167e-02 8.34895968e-01 1.81936532e-01
    6.80178702e-01 1.71127021e-02 8.04658532e-01 7.42597342e-01
    1.89287961e-02 1.71851575e-01 9.89253402e-01 5.89776516e-01
    1.51181817e-01 8.59697461e-02 4.90214169e-01 4.41636771e-01
    9.72357213e-01 4.49991107e-01 3.38683248e-01 1.91895694e-01
    1.62982583e-01 8.25254560e-01 5.15477359e-02 1.25399023e-01
    6.34028971e-01 9.54417944e-01 7.53236473e-01 5.25340736e-02
    8.94312263e-02 1.66704655e-02 7.04130650e-01 8.93137217e-01
    8.07055473e-01 4.46427584e-01 8.67880225e-01 4.54402238e-01
    4.93835181e-01 5.00449955e-01 6.92190766e-01 2.08031029e-01
    6.26140237e-01 1.79490358e-01 4.34819162e-01 4.27973807e-01
    9.32798564e-01 6.79550588e-01 9.67292070e-01 3.76606286e-02
    5.85449278e-01 2.35004067e-01 2.89612114e-02 4.16391790e-02
    7.87542820e-01 3.73988658e-01 3.52137446e-01 4.71294343e-01
    5.88256359e-01 8.52982163e-01 3.74596059e-01 2.38990813e-01
    1.04644895e-02 4.05787885e-01 8.31781030e-01 5.59857547e-01
    8.00395846e-01 6.70606017e-01 3.05818617e-01 6.92786455e-01
    2.19264179e-01 5.36528826e-01 6.39136314e-01 1.87335968e-01
    1.32006645e-01 1.78999752e-01 3.43799770e-01 1.62384242e-01
    9.06248808e-01 1.94163978e-01 3.82917136e-01 4.28855687e-01
    5.64675331e-01 2.52511084e-01 8.67913842e-01 9.72785473e-01
    6.31828189e-01 5.82447767e-01 3.50262105e-01 6.73402309e-01
    2.49625504e-01 1.61985219e-01 2.23480463e-01 7.94395506e-01
    4.46345955e-01 7.92888761e-01 5.17756283e-01 1.24413997e-01
    4.68608677e-01 1.15306526e-01 9.38562989e-01 8.32009435e-01
    5.64950466e-01 3.17438424e-01 1.99417233e-01 3.84782016e-01
    6.15923226e-01 4.58459198e-01 5.55674434e-02 4.59273249e-01
    6.60195231e-01 6.92221165e-01 1.58282518e-01 9.10689235e-01
    5.23083210e-02 1.67097032e-01 5.54541469e-01 6.38979912e-01
    8.82380426e-01 4.53365356e-01 5.34630537e-01 5.98763466e-01
    5.63082576e-01 1.02196038e-02 7.70175993e-01 3.38527560e-03
    9.72575784e-01 3.54479849e-01 4.07442510e-01 9.81399536e-01
    8.71310949e-01 1.94521397e-01 6.28360033e-01 6.52236462e-01
    3.36765647e-02 4.79116768e-01 7.94435143e-01 2.60695010e-01
    4.81913239e-01 4.88581359e-02 8.37014735e-01 2.35034496e-01
    3.40129554e-01 9.37591434e-01 3.33341599e-01 2.88732827e-01
    6.64712191e-01 2.55849361e-01 6.34823322e-01 6.43763781e-01
    2.45615959e-01 2.06754893e-01 3.93386841e-01 4.78708059e-01
    4.37130570e-01 7.75481284e-01 8.67790282e-02 4.06278074e-01
    9.06198382e-01 1.37899578e-01 4.42606390e-01 9.68457818e-01
    1.33377105e-01 9.01467562e-01 3.44631553e-01 7.18166530e-02
    7.31183171e-01 5.76939344e-01 1.46109730e-01 3.69184464e-01
    3.09603572e-01 6.55633092e-01 5.33202171e-01 6.70300126e-02
    8.67422640e-01 5.83890855e-01 3.71504992e-01 7.64550924e-01
    2.84343421e-01 2.02210963e-01 6.02795959e-01 8.28241587e-01
    5.00410378e-01 7.00292587e-01 3.71935189e-01 1.15681469e-01
    4.94037211e-01 5.49482703e-01 9.54786062e-01 9.15011168e-02
    7.13525534e-01 7.37020612e-01 5.98016381e-02 1.51550919e-01
    4.41837847e-01 7.85885513e-01 5.60225904e-01 6.20802462e-01
    5.40169716e-01 9.29937363e-02 7.12560773e-01 1.55899614e-01
    9.05194879e-01 8.49824667e-01 2.65767425e-01 5.66992462e-02
    9.48931694e-01 7.00446486e-01 8.19400847e-01 2.04170823e-01
    4.40181643e-01 2.76994973e-01 8.39495778e-01 4.39298749e-02
    6.46719456e-01 3.33641082e-01 5.52731454e-01 5.30182123e-02
    4.90294814e-01 4.80435729e-01 6.22272193e-02 3.04626226e-01
    8.88617575e-01 8.55256498e-01 4.96936917e-01 9.71045256e-01
    8.07156205e-01 5.80692887e-01 3.21551681e-01 1.87128574e-01
    9.88593400e-02 7.13342845e-01 6.84188545e-01 6.64654374e-01
    3.92211080e-02 1.79565549e-02 3.48259270e-01 4.07428175e-01
    3.96090150e-01 6.39788151e-01 4.92995292e-01 7.09594250e-01
    2.74904847e-01 5.23105085e-01 6.55486345e-01 2.24988669e-01
    7.26910114e-01 8.96501422e-01 3.94914687e-01 9.16152120e-01
    3.74450207e-01 1.65514350e-02 9.67642903e-01 3.69603693e-01
    2.13164479e-01 9.27639365e-01 9.51481342e-01 6.13859117e-01
    8.74649525e-01 9.55346286e-01 7.07131326e-01 7.39939988e-01
    1.97749972e-01 1.69071555e-03 4.63873923e-01 1.86974078e-01
    8.69426250e-01 4.58619058e-01 4.41344380e-02 8.14022601e-01
    2.22184986e-01 3.12795699e-01 2.59952545e-02 4.43369210e-01
    4.66036916e-01 8.01148295e-01 2.55874515e-01 9.84546185e-01
    2.58095086e-01 3.53629619e-01 3.30267191e-01 6.84930682e-01
    2.25284368e-01 5.18711925e-01 5.79173803e-01 9.16121006e-01
    8.23487163e-01 8.03429365e-01 7.45379746e-01 1.94620639e-01
    1.92470104e-01 7.12103546e-02 2.17123270e-01 9.99684453e-01
    7.38109410e-01 3.70833695e-01 2.32217312e-01 9.02576923e-01
    5.33001602e-01 9.64370608e-01 9.32477176e-01 3.57324243e-01
    5.97025871e-01 6.35131121e-01 9.04806852e-01 7.14384437e-01
    4.54697460e-01 9.71142650e-02 5.36047578e-01 2.08110332e-01
    4.58891124e-01 4.42963421e-01 4.32808340e-01 9.09627914e-01
    6.44186497e-01 5.62144101e-01 4.81788635e-01 8.45463574e-01
    5.56606889e-01 2.42189884e-01 2.44359851e-01 6.34978116e-02
    4.54463333e-01 1.45508498e-01 6.59791529e-01 8.73661935e-01
    5.26723027e-01 7.90313661e-01 6.79736137e-01 4.12737817e-01
    4.93720800e-01 8.81490231e-01 2.40819186e-01 6.34267211e-01
    2.62874901e-01 2.83179760e-01 1.78882360e-01 2.57041007e-01
    4.36942428e-01 2.07430780e-01 4.17232245e-01 1.07476026e-01
    7.01474667e-01 4.04411852e-01 8.68989766e-01 8.49977851e-01
    3.16671729e-02 7.13742971e-01 7.27264285e-01 4.52792287e-01
    2.10891485e-01 7.15390921e-01 3.81005555e-01 8.74297380e-01
    4.60119754e-01 6.38368964e-01 6.53543353e-01 2.40514398e-01
    4.04356420e-01 5.73329210e-01 5.29531717e-01 5.35303354e-01
    6.98714733e-01 8.49949718e-02 5.69754124e-01 6.63994908e-01
    2.85553634e-02 2.75165498e-01 8.18232477e-01 1.16754979e-01
    3.87115330e-01 9.49998081e-01 4.37730849e-02 6.71274245e-01
    6.22130334e-01 4.60660458e-03 2.29162008e-01 7.75123596e-01
    6.69363141e-02 1.68503433e-01 6.88775420e-01 5.77821016e-01
    2.85305023e-01 8.62967372e-02 5.57161033e-01 5.20333767e-01
    5.66576064e-01 6.32353723e-02 7.12334216e-01 5.55939078e-01
    9.62024927e-03 6.36397362e-01 9.42954540e-01 8.04651141e-01
    7.24738955e-01 7.43066669e-02 4.15071249e-02 1.73199862e-01
    1.39646202e-01 8.88168514e-02 7.63545394e-01 6.18436933e-02
    6.09273553e-01 7.47881174e-01 7.92388916e-01 2.07874537e-01
    5.44281363e-01 7.67702460e-01 4.62939948e-01 6.29529595e-01
    6.31823421e-01 4.72140014e-01 3.33642364e-01 8.89310122e-01
    2.64412463e-01 6.27743125e-01 9.76324916e-01 1.66230708e-01
    1.51003093e-01 8.68365526e-01 5.28280735e-01 6.01847172e-01
    4.66425568e-01 5.24242342e-01 9.60929275e-01 4.17639792e-01
    8.37112665e-01 7.38047242e-01 3.22595328e-01 6.86688781e-01
    4.18505847e-01 6.95294380e-01 2.20648855e-01 1.64737225e-01
    3.64274055e-01 8.88407350e-01 5.51820219e-01 1.45696312e-01
    2.29993701e-01 7.76319861e-01 4.38180298e-01 9.99868810e-01
    3.70673478e-01 2.25393116e-01 1.21313840e-01 2.10508734e-01
    3.52668166e-02 5.45607150e-01 3.21182132e-01 7.60052800e-01
    3.21743578e-01 9.18253958e-01 2.66309500e-01 7.53105879e-01
    5.80622494e-01 2.40013778e-01 8.82565439e-01 5.11164784e-01
    2.94038177e-01 3.34214091e-01 9.25801754e-01 6.23744965e-01
    7.42150247e-01 6.52830124e-01 4.52180803e-02 7.97087073e-01
    9.97294486e-02 9.62589562e-01 4.97224540e-01 5.28163075e-01
    9.83881831e-01 7.44796634e-01 2.91819036e-01 5.54313064e-01
    9.37026858e-01 2.85361648e-01 2.14005113e-02 5.04769385e-02
    8.52129102e-01 2.25013882e-01 9.57994461e-01 7.98414648e-01
    3.72797012e-01 1.79623932e-01 1.93676025e-01 8.48678946e-02
    9.12340760e-01 1.00704938e-01 7.37334788e-02 3.11595082e-01
    4.66054201e-01 9.93612289e-01 9.87322211e-01 4.12378758e-01
    8.55614781e-01 7.23017931e-01 5.69293559e-01 7.04676807e-01
    9.32505846e-01 2.62045503e-01 2.42134571e-01 4.53187317e-01
    7.43701756e-01 7.67173529e-01 6.52113914e-01 8.53552759e-01
    9.13038254e-02 3.74694943e-01 9.74189162e-01 7.04740405e-01
    9.13983047e-01 9.95060563e-01 7.90391266e-01 4.86609966e-01
    5.49949229e-01 6.14536166e-01 1.52554333e-01 7.10871100e-01
    5.63653290e-01 7.85069406e-01 5.02106369e-01 5.85508049e-01
    1.54989004e-01 9.04935002e-01 5.30337393e-02 3.07662487e-02
    9.07344282e-01 7.96869159e-01 8.13790798e-01 3.16568077e-01
    1.53932691e-01 6.51498020e-01 4.19649541e-01 4.93280470e-01
    1.91029787e-01 8.99309337e-01 8.42981040e-02 1.63357377e-01
    9.35491204e-01 2.18888462e-01 2.05291301e-01 5.50659239e-01
    9.66178894e-01 4.87571299e-01 2.48060882e-01 4.72551048e-01
    5.10037243e-02 1.35780364e-01 4.45367873e-01 2.91169971e-01
    8.78824472e-01 7.64215708e-01 8.16000581e-01 3.26533139e-01
    7.26476789e-01 6.93551660e-01 6.53620064e-01 9.95239377e-01
    4.12041247e-01 9.50917482e-01 2.21797615e-01 2.60202050e-01
    1.09744102e-01 5.64118385e-01 8.08119655e-01 3.16673219e-01
    9.23593640e-01 4.94705379e-01 5.00742853e-01 7.30005383e-01
    9.56019402e-01 1.29804730e-01 1.12389147e-01 3.58528197e-02
    6.25934124e-01 2.19847918e-01 1.48674786e-01 6.09105945e-01
    5.03681064e-01 6.45540655e-01 5.03045380e-01 9.83782113e-02
    4.42586541e-01 7.79171824e-01 5.35955727e-01 2.45687902e-01
    7.20479012e-01 2.10013479e-01 2.06726015e-01 2.13227481e-01
    4.87475455e-01 9.45166230e-01 5.01425207e-01 9.26835299e-01
    5.27215183e-01 1.92279935e-01 5.90449512e-01 5.71876228e-01
    2.68356204e-01 2.21635848e-01 9.02596056e-01 4.56840992e-01
    3.16976547e-01 7.12558925e-02 2.28609443e-02 6.29453063e-01
    7.93766558e-01 6.55508399e-01 8.00466776e-01 9.28077579e-01
    1.55639857e-01 4.15136158e-01 5.95977485e-01 7.51810551e-01
    9.76126194e-01 7.39297569e-01 4.09547955e-01 5.67352772e-01
    9.80643213e-01 8.05572987e-01 4.33008134e-01 2.31767565e-01
    9.64427829e-01 6.74243569e-01 3.61323863e-01 3.81988943e-01
    3.58308852e-02 1.02520704e-01 5.02382696e-01 6.37219548e-01
    6.33913279e-02 6.39232397e-01 5.91847539e-01 3.38180602e-01
    4.28858489e-01 9.17800248e-01 6.92694426e-01 6.94345832e-01
    1.62336141e-01 3.67738247e-01 8.37458551e-01 6.04512393e-01
    4.54588890e-01 4.93598878e-01 3.23648840e-01 1.99862808e-01
    1.81367785e-01 8.40104818e-02 8.00139070e-01 6.48105860e-01
    5.89742959e-02 9.71948624e-01 3.82144451e-01 5.70091009e-01
    1.68477476e-01 8.58870029e-01 5.81808031e-01 8.40622902e-01
    4.91528213e-01 7.20439196e-01 8.36979926e-01 8.01121116e-01
    2.54145712e-01 8.10803413e-01 7.41866410e-01 5.55674791e-01
    3.60391140e-02 1.28150046e-01 3.98237228e-01 1.69763714e-01
    1.27185851e-01 1.46177113e-01 6.08870506e-01 4.30024207e-01
    5.02439082e-01 9.49512243e-01 3.56159240e-01 7.48518825e-01
    2.78521180e-02 5.33023298e-01 1.83109134e-01 3.27509642e-02
    5.10430992e-01 1.42650962e-01 1.59911126e-01 5.41512847e-01
    8.81899595e-02 2.10273147e-01 1.31869912e-01 3.45528245e-01
    8.08775187e-01 2.67459571e-01 1.26202464e-01 7.68990159e-01
    7.69552588e-02 9.61522698e-01 5.35288572e-01 9.19564843e-01
    5.64216018e-01 4.98879552e-02 9.11628067e-01 3.04793358e-01
    9.36723590e-01 4.69656587e-02 4.24696624e-01 7.73394823e-01
    5.76707482e-01 7.61462390e-01 1.01807714e-03 4.84308809e-01
    8.93895864e-01 9.62492824e-01 2.53067344e-01 9.65129793e-01
    3.46912026e-01 3.77757430e-01 6.82697117e-01 9.19182062e-01
    2.85907835e-01 1.45518780e-01 4.51127172e-01 4.95866030e-01
    1.54801905e-02 4.29086655e-01 8.90924454e-01 3.08173239e-01
    7.80212343e-01 1.78617895e-01 2.36031413e-02 5.47208965e-01
    3.54883969e-01 8.18528891e-01 3.20908725e-01 7.83652663e-02
    2.02532887e-01 7.49096036e-01 2.02181309e-01 7.17922091e-01
    4.06646758e-01 8.35148871e-01 4.05381352e-01 7.18685389e-01
    6.43533945e-01 4.73813713e-02 1.80349797e-01 8.48667145e-01
    5.60958028e-01 8.59396935e-01 8.80484581e-01 9.43199158e-01
    2.70919204e-02 1.63749516e-01 3.55610967e-01 5.43683827e-01
    8.83158743e-01 6.47836685e-01 4.04352009e-01 4.94135171e-01
    9.49870169e-01 9.21261013e-02 2.11557925e-01 8.37441206e-01
    7.33795047e-01 6.09922588e-01 7.20038831e-01 4.23166454e-01
    5.78283429e-01 2.48559237e-01 4.22912568e-01 2.64027923e-01
    4.17583734e-01 8.64885628e-01 1.07643574e-01 4.24341232e-01
    3.64489853e-01 2.30536312e-01 8.47649813e-01 6.38140559e-01
    9.64845181e-01 2.54528910e-01 7.00765729e-01 4.74314064e-01
    4.25572902e-01 8.05118263e-01 9.15792227e-01 9.77711797e-01
    9.55497146e-01 3.14880848e-01 7.02299833e-01 6.88278496e-01
    5.31084836e-02 1.67219937e-01 2.96450913e-01 2.86634862e-01
    9.75646079e-02 2.73527443e-01 2.36422420e-01 9.44903910e-01
    5.18235862e-01 7.80921578e-02 7.17851102e-01 9.06947315e-01
    9.88777816e-01 4.83561039e-01 4.33459938e-01 3.72142076e-01
    7.19729424e-01 2.38600761e-01 4.73825216e-01 2.45273560e-01
    7.68086314e-01 3.26345563e-01 4.32258844e-02 9.59398627e-01
    2.08470225e-03 9.91747379e-01 4.74557340e-01 8.50499034e-01
    5.53585947e-01 3.97376776e-01 3.69004250e-01 2.52757072e-01
    6.64326906e-01 5.20097196e-01 4.38522100e-01 3.70957255e-02
    9.14103925e-01 7.61047125e-01 3.84193450e-01 1.26744896e-01
    5.73241472e-01 8.79769623e-02 9.69784617e-01 4.60640788e-02
    9.71390963e-01 4.73398209e-01 1.12559527e-01 6.65315926e-01
    3.75202149e-01 4.66048181e-01 4.71818537e-01 1.07842892e-01
    3.98245513e-01 2.34051108e-01 1.08276814e-01 5.80418050e-01
    8.45153332e-01 7.77088702e-02 7.80850887e-01 6.36647820e-01
    4.91627187e-01 6.70687377e-01 5.60548723e-01 8.43088806e-01
    7.69235253e-01 1.62676334e-01 9.49867845e-01 6.24911606e-01
    1.39493704e-01 8.78129601e-01 9.52263474e-01 3.32715452e-01
    7.59884715e-01 3.04913044e-01 4.02452648e-02 9.29460764e-01
    8.22473884e-01 4.00694907e-02 9.22213197e-02 5.45799077e-01
    6.94017887e-01 7.32322931e-01 9.75313425e-01 9.84737396e-01
    2.73814499e-01 7.15663671e-01 2.67697394e-01 4.33299661e-01
    9.88332212e-01 5.95083356e-01 4.08842444e-01 1.37851894e-01
    6.33408666e-01 7.20323026e-01 8.15776110e-01 5.00171363e-01
    8.22573066e-01 8.81374061e-01 4.64161992e-01 3.51426125e-01
    5.19939601e-01 9.54094410e-01 9.18730021e-01 7.42638111e-01
    2.80031025e-01 4.73795891e-01 7.36350954e-01 4.14170742e-01
    5.79667091e-01 2.33036637e-01 5.92770636e-01 6.58287346e-01
    2.94879526e-01 9.97687459e-01 6.96002483e-01 6.92682803e-01
    3.78660858e-01 9.94080603e-01 8.79884779e-01 9.72791255e-01
    6.03224099e-01 9.72548068e-01 5.89200735e-01 3.89469087e-01
    9.93136406e-01 4.72366810e-03 2.78095007e-01 2.74377972e-01
    8.54816377e-01 1.08550191e-02 4.31834012e-01 8.32993150e-01
    5.41253448e-01 6.49268925e-01 8.36437225e-01 5.33154964e-01
    9.87811685e-01 2.71571666e-01 2.59598017e-01 8.68718147e-01
    2.84205854e-01 2.52249569e-01 8.95370126e-01 9.69079137e-01
    1.17397696e-01 4.57744062e-01 7.16906250e-01 8.97647142e-02
    7.38164186e-01 5.21289647e-01 3.66953731e-01 2.68875033e-01
    6.65743947e-01 1.27143234e-01 1.06397837e-01 3.42523485e-01
    2.51978606e-01 8.24270248e-01 9.50514317e-01 5.47671318e-01
    9.82006788e-01 3.69100958e-01 9.53752458e-01 5.32642126e-01
    3.14769089e-01 8.83527994e-01 4.26796556e-01 4.99609083e-01
    9.05519128e-01 4.87252265e-01 9.75172877e-01 1.63116097e-01
    3.41735065e-01 4.47403550e-01 6.10186458e-01 1.33927733e-01
    3.54017794e-01 4.04091388e-01 9.50843573e-01 6.34671450e-02
    8.06027591e-01 8.43651235e-01 6.20388389e-01 3.41254354e-01
    3.48449051e-01 4.90827680e-01 2.02034414e-02 8.99342060e-01
    1.86214179e-01 5.45710802e-01 6.87197566e-01 7.97179580e-01
    4.60753024e-01 7.26406336e-01 2.77771622e-01 3.19581389e-01
    1.53131813e-01 2.23764062e-01 7.69108057e-01 4.46321636e-01
    7.75155842e-01 2.31660008e-02 5.85872233e-01 7.40595818e-01
    4.14368778e-01 4.34315860e-01 1.53285950e-01 3.58106792e-02
    9.72274899e-01 7.82889009e-01 8.37127447e-01 7.42533088e-01
    9.86189604e-01 3.28746378e-01 2.62611330e-01 7.90862143e-02
    4.47548926e-01 3.25905085e-01 7.77610064e-01 4.02935624e-01
    8.66634846e-02 6.27872646e-02 6.62638545e-01 2.85267979e-01
    7.06018448e-01 4.49503124e-01 2.11764902e-01 7.49978542e-01
    5.50419390e-01 6.75742209e-01 7.32443690e-01 4.84121442e-01
    4.39993203e-01 3.51691067e-01 3.43507499e-01 3.51644009e-01
    6.46027327e-01 3.83939743e-01 8.72690201e-01 4.95563716e-01
    5.09987473e-01 2.85362065e-01 5.22224605e-01 8.32419336e-01
    3.90807271e-01 7.53175259e-01 6.12706304e-01 5.61904013e-02
    3.61304760e-01 8.20272446e-01 6.92232251e-01 2.76519626e-01
    4.04693484e-01 6.01680398e-01 5.79504013e-01 8.94795656e-02
    9.72584128e-01 3.20652246e-01 9.32328582e-01 4.53250974e-01
    1.88877195e-01 8.21789920e-01 4.22326654e-01 1.66577965e-01
    4.30855930e-01 5.46246767e-01 9.31373417e-01 1.04591191e-01
    8.80092859e-01 3.15474719e-01 7.63058305e-01 5.83312571e-01
    1.59001201e-01 6.66019559e-01 7.04365730e-01 1.08427197e-01
    4.40991908e-01 9.45031822e-01 2.26278275e-01 9.47808564e-01
    7.33044386e-01 1.92816556e-02 5.00798643e-01 6.30211711e-01
    8.04190874e-01 8.41430128e-02 1.05825365e-01 4.50805217e-01
    7.83798397e-02 7.78397262e-01 4.93673861e-01 6.40174091e-01
    9.81861591e-01 9.89609182e-01 6.00942075e-02 5.23872316e-01
    3.75375062e-01 6.90792501e-01 3.93213332e-02 9.98045206e-01
    4.22444046e-01 6.32750928e-01 4.62847978e-01 2.31554657e-01
    6.38605416e-01 4.70824510e-01 5.74145436e-01 6.88066483e-01
    8.94474566e-01 5.49705088e-01 7.92496681e-01 4.43216234e-01
    2.75603294e-01 1.83644116e-01 9.20573473e-01 6.48031831e-01
    3.47565711e-01 6.75057232e-01 6.63782120e-01 3.00735891e-01
    1.78689957e-01 7.33357370e-01 6.28160357e-01 4.57859457e-01
    3.62768710e-01 5.99786937e-02 5.12499630e-01 1.86287642e-01
    5.87301850e-01 2.50317007e-01 5.17428756e-01 6.49597168e-01
    8.29460263e-01 3.47474217e-01 5.94335973e-01 5.54581046e-01
    8.86269689e-01 7.81936049e-01 9.21057343e-01 6.50718153e-01
    1.67055488e-01 4.32369351e-01 7.28003681e-01 2.98924744e-01
    4.26952183e-01 5.20792127e-01 6.73914075e-01 7.41568089e-01
    6.85589612e-02 4.77985382e-01 6.42718673e-01 5.90054214e-01
    1.95366770e-01 4.39683557e-01 3.09639573e-01 9.43644643e-02
    6.00520849e-01 2.19479084e-01 4.58640099e-01 8.79655957e-01
    4.99749184e-01 2.50624835e-01 3.76290381e-02 2.07614243e-01
    8.86219740e-01 3.75805974e-01 5.26896834e-01 5.03976583e-01
    8.92422318e-01 6.31025970e-01 3.49333078e-01 3.34855914e-01
    6.72886848e-01 3.70897561e-01 6.59387887e-01 2.81111926e-01
    4.05632347e-01 8.47274363e-01 9.03993487e-01 4.92404521e-01
    4.64447379e-01 8.10977221e-01 3.23938727e-01 5.54689705e-01
    6.45856261e-01 2.59415209e-01 3.85489166e-02 1.07901424e-01
    4.29001212e-01 3.10037434e-01 3.93580675e-01 8.20495665e-01
    3.99808824e-01 5.02519429e-01 5.57676256e-02 5.67802787e-01
    4.79697794e-01 6.33153796e-01 5.93806028e-01 4.66703683e-01
    1.43376946e-01 7.35351980e-01 1.74627125e-01 9.89946365e-01
    4.03893411e-01 8.42787921e-01 5.25090098e-01 1.59402877e-01
    3.72176826e-01 5.33118248e-01 5.56038022e-01 3.11645806e-01
    2.84189403e-01 2.21662313e-01 6.10956788e-01 4.13843691e-01
    2.14349985e-01 4.97534573e-01 2.39773691e-02 2.32268512e-01
    6.53234482e-01 6.99215055e-01 3.18888664e-01 1.70108944e-01
    1.47921413e-01 7.47259498e-01 9.73285496e-01 7.94687748e-01
    8.16532552e-01 8.07781994e-01 7.61518240e-01 9.25449073e-01
    5.32893896e-01 6.54556751e-01 1.33854657e-01 8.93253684e-01
    8.35229754e-01 3.61048400e-01 5.04293978e-01 1.67475492e-01
    6.75379932e-01 6.27420366e-01 2.01614708e-01 5.95913231e-01
    1.71691865e-01 3.03905666e-01 3.62549365e-01 2.05597132e-01
    7.24420667e-01 5.87037981e-01 2.26617545e-01 2.39332676e-01
    3.48655581e-02 3.32864672e-01 8.69764328e-01 1.37258768e-01
    7.69677997e-01 7.78757811e-01 9.31152701e-01 8.28067064e-02
    5.62875271e-01 3.10868025e-01 5.00181615e-02 7.31403828e-02
    8.33956599e-01 9.65955496e-01 2.85970181e-01 3.06801558e-01
    4.23884958e-01 5.35277128e-01 6.48078680e-01 3.14220726e-01
    3.59551638e-01 1.76106364e-01 2.89228946e-01 2.70477593e-01
    4.32807207e-03 1.61258668e-01 9.56958055e-01 9.55475926e-01
    2.22495198e-02 6.99610114e-02 7.33820021e-01 4.30467904e-01
    8.85153472e-01 7.03482270e-01 1.39087677e-01 4.83274460e-01
    1.56441957e-01 6.30625486e-02 3.83352906e-01 4.81734216e-01
    4.86953557e-01 7.53166854e-01 2.73490667e-01 5.26537478e-01
    7.76783288e-01 7.97129393e-01 4.52578038e-01 4.75237399e-01
    3.77186477e-01 4.81018901e-01 5.20200849e-01 3.62612307e-01
    4.02997553e-01 7.31141984e-01 3.79768223e-01 4.34119821e-01
    6.25200510e-01 5.11766374e-02 3.13936681e-01 5.48049748e-01
    6.52234733e-01 7.75922120e-01 1.58407688e-01 1.44649029e-01
    6.08932555e-01 2.16930628e-01 3.84339094e-01 4.40811664e-01
    8.79129767e-01 7.80572414e-01 2.13728219e-01 3.83908868e-01
    4.95602101e-01 6.75970614e-01 7.10825026e-01 1.87387705e-01
    9.09319878e-01 5.07848501e-01 2.84851044e-01 8.62005413e-01
    2.73656666e-01 3.02759260e-01 2.43493706e-01 2.03844011e-02
    8.72699976e-01 5.40256202e-01 8.85282040e-01 2.23629475e-01
    1.44810736e-01 7.88513780e-01 7.77237952e-01 3.26944470e-01
    7.44538069e-01 9.38776553e-01 5.81832767e-01 3.70674819e-01
    9.07939076e-01 4.58962947e-01 9.71443951e-01 8.45197797e-01
    5.35595179e-01 4.27478552e-01 6.51911795e-01 2.88712919e-01
    4.87559557e-01 5.11439860e-01 3.04417312e-01 5.87280273e-01
    5.77118516e-01 3.38043511e-01 1.04850054e-01 4.70066279e-01
    3.02726209e-01 8.96075010e-01 7.25580454e-02 6.45389318e-01
    2.92166442e-01 3.50916237e-01 3.54405940e-02 6.94504917e-01
    8.40889335e-01 2.82784402e-02 8.31100106e-01 9.44316030e-01
    1.48152679e-01 4.17937517e-01 1.37915283e-01 3.64453971e-01
    9.53824401e-01 5.73033750e-01 3.50096673e-01 2.85943627e-01
    1.88932866e-01 8.90969038e-01 3.11418176e-01 8.21243882e-01
    6.89642727e-01 5.95849872e-01 7.73304939e-01 7.42054582e-01
    8.45464349e-01 8.46159041e-01 3.59026641e-01 1.80402637e-01
    7.73140788e-01 7.23857582e-02 4.59293962e-01 6.89615011e-01
    6.22691154e-01 7.36850739e-01 6.66300535e-01 4.65607941e-02
    5.78275263e-01 5.97416520e-01 5.95112920e-01 2.94734269e-01
    4.01324600e-01 1.35398537e-01 5.02902567e-02 9.91917849e-02
    2.03003049e-01 6.63949788e-01 1.45770580e-01 7.64334917e-01
    2.27568716e-01 5.10949492e-01 7.96267033e-01 7.53959954e-01
    6.01464629e-01 1.28431618e-02 2.21893787e-02 2.03028321e-02
    8.42987478e-01 2.26058632e-01 5.45017481e-01 9.77209628e-01
    7.39429235e-01 2.50173330e-01 1.14670664e-01 4.28377360e-01
    8.82357955e-01 1.47669643e-01 9.17956114e-01 1.14979863e-01
    6.18215978e-01 6.01074338e-01 1.99830085e-01 1.20253682e-01
    2.21222550e-01 9.87274289e-01 9.24768329e-01 1.09158456e-02
    9.07990515e-01 3.69893014e-01 2.39132553e-01 7.49947786e-01
    2.09811151e-01 7.33554661e-02 7.13693380e-01 9.73005652e-01
    1.52274668e-02 5.91810882e-01 4.84297395e-01 2.01640427e-02
    4.07823652e-01 7.54516482e-01 8.36469233e-01 8.68288159e-01
    7.69456685e-01 7.08454609e-01 1.24061614e-01 4.81197119e-01
    9.46700931e-01 4.60605294e-01 6.06920719e-02 9.76562619e-01
    3.01876366e-01 8.23646069e-01 9.28949237e-01 5.45483112e-01
    2.84592450e-01 4.50371653e-01 7.17631936e-01 7.00690031e-01
    4.04520422e-01 6.23715222e-02 8.96615982e-01 1.30434185e-01
    4.94021326e-01 6.38966441e-01 4.09393072e-01 9.99325514e-03
    6.42773926e-01 7.56218433e-01 4.47717845e-01 1.19632810e-01
    1.02776796e-01 5.70465803e-01 7.46080875e-01 8.38577747e-04
    4.74594563e-01 7.63164878e-01 1.18843466e-01 2.25358129e-01
    9.27338958e-01 5.52422881e-01 1.41888767e-01 8.62613916e-01
    1.13148719e-01 4.04590368e-02 4.13985521e-01 3.52620840e-01
    6.46921158e-01 1.05566055e-01 1.84811890e-01 6.19535089e-01
    7.50079870e-01 9.34849262e-01 8.69042516e-01 9.81275320e-01
    3.73419881e-01 4.04884368e-01 6.50550365e-01 5.07787764e-01
    2.72886753e-01 9.74909663e-02 3.75878364e-01 3.27538252e-01
    9.04489517e-01 3.44288528e-01 8.32950354e-01 3.13935518e-01
    9.63712692e-01 8.10554624e-02 5.91807306e-01 9.91990566e-01
    3.94478917e-01 7.99124718e-01 7.56955564e-01 1.57248735e-01
    9.06606436e-01 1.83710128e-01 8.45148683e-01 8.97973657e-01
    2.58717179e-01 7.90309906e-03 1.89557821e-01 6.35821819e-02
    9.15765464e-01 4.16444570e-01 5.73601305e-01 7.19074011e-02
    2.32604533e-01 5.79023063e-02 6.66926265e-01 8.99860680e-01
    8.93055797e-01 4.07752335e-01 6.14177763e-01 4.08639014e-02
    9.38939214e-01 7.99124181e-01 6.01573706e-01 1.10490859e-01
    7.10475147e-01 6.51454926e-01 1.87217116e-01 3.26797843e-01
    1.22062206e-01 4.15823221e-01 4.03033674e-01 8.64305139e-01
    2.14526772e-01 6.32176697e-01 1.66797340e-02 4.90082324e-01
    2.18018025e-01 9.34145093e-01 9.66993809e-01 5.72122514e-01
    9.79480207e-01 6.34282589e-01 3.41766179e-01 1.23143494e-01
    1.42516732e-01 3.01102668e-01 6.13197207e-01 8.02796364e-01
    6.17998540e-01 3.54280770e-02 2.89567083e-01 7.66749740e-01
    8.60885620e-01 9.56847787e-01 5.67400098e-01 2.33514905e-01
    7.88418412e-01 5.46965897e-02 7.53873706e-01 2.62850821e-01
    2.75241673e-01 6.26239181e-02 7.08055437e-01 8.93728971e-01
    6.69571996e-01 7.01774359e-01 2.38363117e-01 9.20967400e-01
    6.69408917e-01 9.18942690e-01 5.24745345e-01 5.10754108e-01
    8.55317354e-01 8.41666937e-01 2.89866894e-01 5.47311366e-01
    5.39499700e-01 5.12606740e-01 8.06006193e-02 7.43434370e-01
    4.66959149e-01 6.45158112e-01 5.50742269e-01 3.05107504e-01
    5.26171446e-01 8.63200128e-02 2.07259685e-01 5.10204673e-01
    7.33195126e-01 7.85217762e-01 4.47874963e-02 1.35673940e-01
    9.75275755e-01 5.28812945e-01 5.61231077e-02 7.33277321e-01
    6.11841679e-03 5.26735902e-01 2.77629197e-01 1.39444470e-01
    3.22489768e-01 1.73859179e-01 3.26071560e-01 7.41103828e-01
    7.12877393e-01 1.21861130e-01 1.63082808e-01 2.86788225e-01
    1.43990248e-01 6.23959303e-01 3.10906887e-01 6.68821454e-01
    4.13995534e-01 4.34458554e-02 3.75612199e-01 2.31092006e-01
    1.90689951e-01 9.55628872e-01 8.50183725e-01 4.61695611e-01
    2.21043468e-01 2.45264173e-02 9.88607883e-01 9.46362615e-01
    8.54364991e-01 4.88847911e-01 4.04699534e-01 5.45138717e-01
    7.49994814e-01 7.76688337e-01 1.86768055e-01 7.21882105e-01
    3.14864695e-01 4.66997445e-01 9.81978953e-01 1.41872138e-01
    4.39638555e-01 9.82904732e-01 8.24827850e-01 2.42019743e-01
    4.98609543e-02 9.96927321e-02 9.86545324e-01 9.88519788e-01
    1.33759797e-01 6.38324440e-01 5.59189141e-01 6.05977833e-01
    1.94788486e-01 8.89583111e-01 3.71152401e-01 1.11546338e-01
    1.45390928e-02 6.22262299e-01 1.93962157e-02 6.21891320e-01
    3.87042224e-01 8.42527032e-01 7.10861683e-01 8.34594965e-01
    4.31548923e-01 6.10447705e-01 3.93448770e-02 1.46718591e-01
    2.86016673e-01 8.25276017e-01 1.24943584e-01 4.94677871e-01
    4.25635695e-01 2.82353103e-01 1.80303931e-01 4.51649934e-01
    4.21498656e-01 7.18734682e-01 1.59932017e-01 7.32274413e-01
    2.65677392e-01 5.42398870e-01 3.50711524e-01 4.85830516e-01
    9.20896530e-01 8.24506283e-02 2.11451411e-01 6.91094935e-01
    2.27960080e-01 9.40922320e-01 4.96954381e-01 2.69989371e-02
    2.23673075e-01 7.21580982e-02 8.06956768e-01 8.15889239e-03
    7.11583734e-01 3.04749161e-01 6.57126546e-01 8.81252646e-01
    5.28729856e-02 6.51254952e-02 5.01797676e-01 3.00987422e-01
    5.51174641e-01 6.42206252e-01 3.05296570e-01 1.39617354e-01
    8.62637877e-01 7.41662145e-01 1.58575863e-01 6.39325857e-01
    6.88477755e-01 5.55082381e-01 1.87919021e-01 8.79346907e-01
    5.60229838e-01 8.11766803e-01 9.25667763e-01 8.92827690e-01
    3.04149926e-01 3.24375063e-01 7.13927507e-01 9.90427494e-01
    3.82169574e-01 8.00086141e-01 3.05620432e-01 4.73938704e-01
    7.18500853e-01 5.51002502e-01 1.79252625e-01 4.86053497e-01
    8.34832191e-01 8.97968292e-01 6.61438286e-01 7.36168206e-01
    4.39972341e-01 4.48506653e-01 7.97446847e-01 3.06926221e-01
    1.78000093e-01 1.39175147e-01 9.38981235e-01 2.93290317e-02
    8.46625924e-01 1.79105133e-01 8.03026378e-01 4.77302074e-03
    8.07826102e-01 2.30963141e-01 7.70399570e-01 1.64701045e-01
    2.08153844e-01 9.99825776e-01 1.93794847e-01 5.72915792e-01
    7.25989521e-01 4.59046841e-01 2.08145857e-01 2.27323651e-01
    9.42449331e-01 7.08939910e-01 2.00601727e-01 9.90622044e-01
    6.43271208e-03 6.09253645e-01 2.02062070e-01 1.59734756e-01
    2.38857925e-01 2.52030253e-01 3.94578367e-01 4.81667995e-01
    4.08721685e-01 5.59902906e-01 3.63285184e-01 6.84910953e-01
    8.43145490e-01 6.92593634e-01 4.67044264e-01 8.11687350e-01
    1.61395669e-02 4.83145714e-02 1.87463462e-02 8.53673041e-01
    2.28069127e-02 8.13143432e-01 6.33908272e-01 6.17626667e-01
    6.42704666e-02 1.25926673e-01 7.80641079e-01 8.76487494e-02
    8.53952944e-01 9.94625628e-01 8.65221262e-01 2.16238797e-02
    7.24367023e-01 3.25243175e-01 5.46981335e-01 6.50347412e-01
    1.28048450e-01 4.34617400e-02 8.44121218e-01 3.34918261e-01
    5.43165803e-01 8.04135501e-02 5.43750584e-01 3.55144978e-01
    4.72333968e-01 8.31800163e-01 7.19606280e-02 5.65272033e-01
    9.83235836e-01 6.11365736e-02 2.08713323e-01 7.56986737e-02
    6.22295499e-01 6.02997005e-01 5.32961667e-01 8.68048191e-01
    7.09062576e-01 7.92325854e-01 7.51271009e-01 8.20098996e-01
    8.17157626e-01 1.01642579e-01 4.79782432e-01 2.34404087e-01
    5.02618551e-01 3.56263459e-01 6.46785736e-01 4.59099054e-01
    1.53754264e-01 1.59619600e-01 9.15139914e-04 9.54472065e-01
    7.49953508e-01 3.82940769e-02 7.68190980e-01 7.96152115e-01
    8.96253109e-01 6.63886547e-01 4.10650253e-01 2.73839176e-01
    8.93730521e-02 3.27900171e-01 5.07306159e-01 6.14040792e-01
    9.29879010e-01 7.64378667e-01 1.86222672e-01 8.21676850e-01
    7.71930516e-02 1.35454327e-01 2.23681003e-01 4.11617637e-01
    2.31967121e-01 9.54726696e-01 7.78717279e-01 3.44208658e-01
    8.61770153e-01 5.79505622e-01 9.34843123e-01 1.43095791e-01
    5.39517403e-01 2.06400692e-01 3.76725107e-01 3.93156052e-01
    2.50880659e-01 6.84393585e-01 5.23706377e-01 9.50703204e-01
    5.26009917e-01 7.30518460e-01 1.79701924e-01 8.95056427e-01
    6.89886808e-01 2.72645831e-01 3.37010235e-01 2.12112218e-01
    9.20222580e-01 5.11730254e-01 8.49881768e-02 5.24191618e-01
    1.49090499e-01 9.76148844e-02 9.34371650e-01 5.74089766e-01
    7.87028432e-01 3.93903553e-01 3.47832054e-01 6.38768554e-01
    9.75545168e-01 2.17395365e-01 7.08779335e-01 4.78004843e-01
    6.21380329e-01 5.35675764e-01 2.15283334e-01 1.92949623e-01
    4.35851216e-02 1.76123977e-01 9.69069362e-01 6.30353272e-01
    3.20743531e-01 2.03146875e-01 5.92505813e-01 3.13133299e-01
    3.66723865e-01 5.10245323e-01 4.81872052e-01 5.89496076e-01
    9.79291916e-01 5.54551125e-01 9.31592226e-01 4.06256914e-01
    4.01706219e-01 6.86421633e-01 9.13462937e-01 4.12476361e-02
    3.69831145e-01 8.11980426e-01 5.19959271e-01 5.96868873e-01
    9.05597210e-02 2.69652426e-01 9.36237276e-01 4.72862720e-01
    9.58180070e-01 4.76302356e-01 8.86641383e-01 5.86228728e-01
    5.03893137e-01 6.64394915e-01 9.78066564e-01 5.22379696e-01
    7.70933151e-01 6.73171282e-01 2.71815836e-01 4.19643611e-01
    6.70098782e-01 8.43942583e-01 5.99285901e-01 9.39527273e-01
    8.15551996e-01 5.04749537e-01 2.30661601e-01 2.73452401e-02
    7.02379584e-01 1.03942156e-02 8.09093356e-01 8.07862043e-01
    1.45608783e-02 6.89840615e-02 6.91612661e-01 1.50604486e-01
    8.23122025e-01 8.32717419e-01 6.55539632e-01 9.43294764e-01
    6.94779515e-01 9.21854973e-01 8.30822289e-01 6.33904696e-01
    3.53177428e-01 3.91034424e-01 3.03312898e-01 3.87459069e-01
    7.66586244e-01 9.60426927e-01 7.82488585e-02 7.36713886e-01
    2.14051902e-01 8.39683890e-01 2.91541517e-02 5.80192804e-01
    8.86227131e-01 7.80597329e-02 1.34666830e-01 7.76192307e-01
    2.89415836e-01 9.79671180e-02 4.75027531e-01 6.41464889e-02
    8.78467798e-01 9.10239339e-01 4.64338481e-01 5.06771445e-01
    6.63892627e-01 2.03164011e-01 8.98375988e-01 9.74370003e-01
    2.97287643e-01 7.65492618e-01 8.47349763e-01 8.65579009e-01
    4.48265672e-03 7.20121741e-01 3.13798785e-01 2.11901933e-01
    1.42827034e-02 3.73603940e-01 1.63494557e-01 5.61386883e-01
    2.88745761e-01 5.56231499e-01 4.09388810e-01 2.24005193e-01
    4.32285994e-01 4.76732999e-01 7.76795208e-01 4.21240300e-01
    3.32379937e-02 9.22197223e-01 1.53684139e-01 4.51529503e-01
    6.85891747e-01 9.36660647e-01 8.58837605e-01 8.11323643e-01
    9.06912446e-01 6.86092079e-01 8.79369020e-01 9.98278975e-01
    1.86973482e-01 9.72831786e-01 9.99177337e-01 7.24078357e-01
    2.13190824e-01 8.31902266e-01 5.13062358e-01 3.60005558e-01
    7.00382769e-01 7.43636131e-01 1.49549603e-01 7.92497277e-01
    1.43562376e-01 5.31358361e-01 3.66438925e-02 8.81933212e-01
    8.15327764e-01 5.39732516e-01 3.11848879e-01 1.30374700e-01
    6.04559004e-01 4.87517267e-01 5.95571816e-01 5.92985094e-01
    7.41098225e-01 8.20643663e-01 4.20138061e-01 9.66373205e-01
    8.76989961e-03 4.26738650e-01 7.69337952e-01 4.91803885e-02
    3.38410914e-01 8.30578685e-01 4.66686636e-01 7.40991533e-01
    1.80449098e-01 1.80556953e-01 8.01310241e-01 5.09753227e-01
    9.16288316e-01 8.10920358e-01 2.42127538e-01 1.63066626e-01
    4.22262281e-01 7.81328440e-01 7.53476799e-01 8.63848448e-01
    5.26237905e-01 9.18321848e-01 7.31601238e-01 4.11483943e-02
    2.65654504e-01 8.81407857e-01 4.93146271e-01 1.87841862e-01
    5.68538487e-01 1.32319689e-01 1.21354669e-01 7.89553404e-01
    5.71160376e-01 4.83524680e-01 3.82468253e-01 2.80719995e-02
    6.23728573e-01 5.39981663e-01 6.30953550e-01 1.36580795e-01
    6.38951659e-02 6.74008667e-01 8.27636361e-01 9.63345408e-01
    6.59708679e-01 9.53410506e-01 5.20745099e-01 4.58046645e-01
    6.19072318e-01 2.46689469e-01 5.52926600e-01 1.41498595e-01
    4.05055165e-01 3.62977624e-01 5.59348464e-01 8.24985981e-01
    7.00321555e-01 9.93080318e-01 4.00737852e-01 1.77998066e-01
    4.19904232e-01 8.68443131e-01 2.58881807e-01 4.52122986e-02
    7.32501149e-01 9.27266657e-01 8.18511963e-01 4.06069368e-01
    2.01020807e-01 4.57362056e-01 4.12576377e-01 9.73808527e-01
    9.00889933e-01 3.17725182e-01 2.97765970e-01 9.16991770e-01
    8.99728894e-01 4.40709561e-01 7.76027560e-01 2.39018351e-01
    9.73974764e-02 5.49351454e-01 3.71633679e-01 9.15167451e-01
    8.91557336e-01 8.73202980e-02 1.10385150e-01 5.99862635e-01
    3.26381743e-01 7.82634616e-01 7.65908837e-01 1.63784504e-01
    5.37968576e-01 1.50851518e-01 5.10187268e-01 3.75841528e-01
    1.06957853e-02 9.70204771e-02 7.70954609e-01 6.68354750e-01
    6.58984721e-01 8.31471384e-01 2.82268941e-01 5.02731323e-01
    9.32508230e-01 4.58945811e-01 7.48943567e-01 8.95629108e-01
    4.14105356e-01 2.02990174e-01 9.40896094e-01 6.77301645e-01
    9.27948117e-01 9.67676401e-01 7.56166875e-02 4.43197727e-01
    7.29373217e-01 8.94797564e-01 8.16650212e-01 8.17066431e-03
    7.72063732e-02 2.32051432e-01 7.96465874e-02 2.14102626e-01
    2.77066290e-01 5.45826554e-01 5.60905814e-01 3.01051170e-01
    8.88933539e-02 7.79598713e-01 4.50896084e-01 2.37138867e-01
    5.40574193e-01 7.58272886e-01 8.28873038e-01 5.14035523e-02
    6.28072381e-01 8.53577256e-02 9.08931911e-01 2.67665803e-01
    6.31009877e-01 1.33085221e-01 7.18940616e-01 9.57059503e-01
    3.14934015e-01 7.49141455e-01 5.58196723e-01 9.11059082e-01
    9.19107676e-01 4.01501268e-01 3.63279879e-02 5.46759069e-02
    5.59877336e-01 3.42520714e-01 2.39327967e-01 5.56851566e-01
    4.37525034e-01 1.05912507e-01 1.25057101e-01 1.48109406e-01
    3.45471621e-01 2.30963230e-02 5.97863436e-01 5.16888797e-02
    7.80547559e-01 4.90513057e-01 9.50128436e-02 1.02275580e-01
    2.23115683e-01 3.35539043e-01 1.98259264e-01 4.82149065e-01
    9.71808136e-01 3.71299326e-01 9.61482048e-01 4.95215446e-01
    3.25465649e-01 2.51128078e-02 2.09889561e-01 8.20922732e-01
    4.42802906e-03 5.97455740e-01 8.12632799e-01 2.06434429e-02
    6.08638823e-01 4.12878871e-01 6.84756875e-01 5.57183325e-01
    1.57834440e-01 6.52337790e-01 6.25637770e-01 4.25615609e-01
    5.42514503e-01 9.81239676e-01 5.68390310e-01 9.88344848e-01
    4.92884487e-01 3.25336665e-01 4.47300196e-01 7.91695714e-01
    3.37883323e-01 8.78979266e-02 5.39167643e-01 5.21798134e-02
    3.03629816e-01 8.76631141e-01 4.71990198e-01 4.57548678e-01
    7.43456721e-01 3.18289638e-01 3.88088942e-01 7.69880652e-01
    2.44274139e-01 7.31914699e-01 4.76789385e-01 1.79849297e-01
    2.76248902e-01 8.31828713e-01 1.49478167e-01 4.55242276e-01
    2.47704387e-02 9.41461921e-02 8.00847709e-02 7.70727992e-02
    3.88775826e-01 7.53901839e-01 4.58360702e-01 9.90542650e-01
    3.25439930e-01 1.47086263e-01 7.02702165e-01 8.02528143e-01
    5.44346571e-01 1.30661607e-01 1.61713153e-01 3.99775743e-01
    3.84368390e-01 3.13957095e-01 7.98987091e-01 7.81329870e-02
    6.89682782e-01 1.74931288e-01 4.73134667e-01 4.04114902e-01
    7.44508922e-01 6.91851377e-01 3.72045815e-01 9.36861753e-01
    7.58332968e-01 6.80505931e-01 2.27475077e-01 2.61228323e-01
    5.57918131e-01 1.32977337e-01 8.77417684e-01 4.27758276e-01
    2.04133064e-01 2.93501377e-01 1.46386921e-02 6.07453585e-02
    5.68494499e-01 3.33833426e-01 6.50182962e-01 3.54626656e-01
    6.13401473e-01 9.09054756e-01 2.42964625e-01 8.94251347e-01
    2.32495874e-01 4.40539479e-01 2.24835694e-01 2.84592628e-01
    4.28007305e-01 3.98025513e-01 9.97983456e-01 5.52365124e-01
    8.26939821e-01 5.78684688e-01 6.68151379e-01 2.83670545e-01
    1.66809291e-01 9.79395032e-01 4.47368652e-01 4.67140377e-01
    4.72167194e-01 2.91786969e-01 7.98034668e-02 3.02013755e-02
    4.13325310e-01 2.01175839e-01 5.13862431e-01 1.04906440e-01
    1.16453409e-01 8.81428123e-02 3.14023197e-02 7.42979050e-01
    1.79565042e-01 6.45728409e-01 1.76006377e-01 6.64986312e-01
    1.52317643e-01 8.52915764e-01 2.37718493e-01 8.25478613e-01
    8.71088266e-01 8.04129243e-01 7.19484866e-01 2.49137491e-01
    3.05740952e-01 2.01903969e-01 3.95400673e-01 4.82021242e-01
    7.80453324e-01 4.40355301e-01 1.42714351e-01 1.47293925e-01
    7.25634634e-01 8.95190358e-01 7.69342840e-01 5.95741570e-01
    5.60027301e-01 8.70243430e-01 8.12897205e-01 8.73447597e-01
    2.58118987e-01 9.27827477e-01 7.74133205e-01 1.51324958e-01
    7.17701018e-02 7.38289297e-01 8.02037001e-01 6.12755775e-01
    5.22842467e-01 9.73724008e-01 1.77855641e-01 5.02591431e-02
    8.60955894e-01 3.98285776e-01 7.07662404e-02 6.33902371e-01
    3.83503437e-01 2.69445419e-01 9.26872253e-01 6.67928934e-01
    8.61740470e-01 4.91962075e-01 4.51810062e-01 3.37751806e-01
    9.33422446e-01 7.25480020e-01 6.87381625e-02 5.21986127e-01
    7.71853328e-01 4.74809349e-01 8.15892339e-01 9.09411967e-01
    8.81643832e-01 2.97292948e-01 7.70978570e-01 9.75131869e-01
    5.97577691e-02 1.16249293e-01 3.04187179e-01 3.53364587e-01
    7.03644991e-01 5.88299632e-01 8.08551431e-01 5.30661345e-02
    6.01448894e-01 8.72622728e-02 1.79971606e-01 4.68433022e-01
    2.35751897e-01 4.29295242e-01 2.20639408e-02 9.72299576e-02
    9.61352766e-01 6.60134435e-01 1.34834826e-01 9.42024231e-01
    1.54875159e-01 9.30825412e-01 4.58327740e-01 9.33066487e-01
    5.40304184e-02 6.88651085e-01 3.84810776e-01 3.18143338e-01
    8.39672446e-01 8.94771338e-01 2.76912928e-01 7.24628448e-01
    3.83147061e-01 3.22343349e-01 3.18660736e-01 2.03518242e-01
    6.85568452e-01 3.81991953e-01 3.69782537e-01 6.57311082e-03
    9.39888239e-01 8.22636843e-01 1.00353152e-01 6.84137046e-01
    9.28225279e-01 1.51693732e-01 6.36978269e-01 1.48545355e-01
    7.33764529e-01 5.64493358e-01 2.79117525e-01 8.12833726e-01
    1.75638944e-01 4.04983878e-01 5.00803411e-01 8.16637993e-01
    9.92895663e-01 6.45326376e-01 1.37080669e-01 7.17912018e-02
    3.45683753e-01 4.18094009e-01 9.92344141e-01 8.63932371e-01
    9.90652084e-01 1.04125440e-01 7.26408184e-01 3.02198410e-01
    2.39285290e-01 6.27606571e-01 7.81833053e-01 5.57828844e-02
    6.49488449e-01 7.77947485e-01 3.47867846e-01 4.57705855e-01
    6.80523574e-01 4.40337002e-01 2.42397875e-01 3.92738342e-01
    2.99362510e-01 2.88542807e-02 3.24698448e-01 4.35371816e-01
    5.76013923e-01 8.16429019e-01 2.01072574e-01 7.46790528e-01
    9.31522369e-01 5.18114328e-01 6.22548938e-01 8.15377116e-01
    8.77149045e-01 4.36738491e-01 8.40348005e-01 4.86260593e-01
    1.10469997e-01 5.12956798e-01 9.09095049e-01 9.49142277e-01
    6.21541858e-01 7.90024638e-01 8.59986186e-01 4.38113898e-01
    4.30765986e-01 7.18756139e-01 3.06706488e-01 2.47422457e-01
    5.09603024e-02 5.27267754e-02 8.24429154e-01 8.98411989e-01
    4.27038550e-01 5.17659843e-01 4.48303223e-01 1.03474557e-02
    7.41242111e-01 3.32682133e-02 4.06168461e-01 9.63685036e-01
    3.41688812e-01 7.76108146e-01 3.32876563e-01 5.59788227e-01
    2.32228339e-01 4.09539133e-01 2.79357851e-01 3.99471819e-01
    1.41089112e-01 7.54552364e-01 9.07879114e-01 4.98357266e-01
    1.42918766e-01 7.29500055e-01 8.03495049e-02 8.52599204e-01
    4.15174365e-01 6.24556422e-01 1.12048298e-01 4.95774657e-01
    9.56174612e-01 2.46046901e-01 5.42864323e-01 4.53561485e-01
    4.06450301e-01 2.90460825e-01 6.27221942e-01 9.65099633e-02
    9.97672379e-01 1.61075920e-01 9.51699615e-02 5.59018254e-01
    1.33264542e-01 5.51979244e-02 1.47221446e-01 4.01047796e-01
    1.45172745e-01 3.63358796e-01 6.19963408e-01 6.67416453e-01
    4.41307873e-01 2.23383516e-01 1.85035914e-01 8.38370919e-02
    3.63247991e-02 3.50355327e-01 7.62045860e-01 8.00517321e-01
    7.90423989e-01 4.16116804e-01 6.00469351e-01 8.53217840e-02
    1.83361709e-01 5.84392369e-01 6.30382061e-01 5.70529282e-01
    4.73140866e-01 6.60448551e-01 8.44410479e-01 9.84748721e-01
    9.46885586e-01 2.42408276e-01 4.54407334e-01 8.78116488e-02
    7.58114100e-01 1.31217241e-02 5.07986188e-01 8.37753713e-02
    7.71520376e-01 7.92739689e-02 7.75559068e-01 6.52260602e-01
    6.70412302e-01 8.10090661e-01 5.57219207e-01 2.19102561e-01
    9.93918419e-01 5.08188605e-01 3.52906495e-01 7.49801040e-01
    9.26689088e-01 3.61469030e-01 5.17938614e-01 1.63272262e-01
    8.06391001e-01 9.18352127e-01 2.98061669e-01 8.34713101e-01
    4.20899093e-01 6.71137869e-02 5.85603595e-01 7.32347369e-03
    7.32617319e-01 6.21346891e-01 5.16137481e-01 1.04044706e-01
    8.55721593e-01 3.74382824e-01 4.18723524e-02 4.19353187e-01
    3.56650144e-01 2.96936214e-01 4.67291802e-01 4.58890826e-01
    5.48455358e-01 7.43926167e-01 2.73283064e-01 2.60893464e-01
    9.22368228e-01 2.34946877e-01 4.13315237e-01 6.92892373e-02
    7.85435617e-01 2.45723903e-01 7.87680864e-01 6.91216230e-01
    4.17244345e-01 8.71369839e-01 6.43214881e-01 8.28627348e-01
    1.57406211e-01 4.22309220e-01 4.00688946e-01 1.92759454e-01
    1.18600458e-01 1.24210089e-01 9.05155659e-01 3.22325259e-01
    4.05544728e-01 2.40382284e-01 5.29824972e-01 3.99257571e-01
    6.40465677e-01 4.45008457e-01 1.78203583e-01 2.94270247e-01
    7.57108092e-01 6.79796100e-01 1.34016037e-01 2.78559595e-01
    4.15893704e-01 9.84938741e-01 8.94641995e-01 7.50942171e-01
    6.99018180e-01 9.39163446e-01 7.42194533e-01 2.32014626e-01
    3.13622952e-01 6.06753826e-01 4.96098280e-01 3.81768137e-01
    6.11098886e-01 9.80471611e-01 6.27231956e-01 3.02693993e-01
    1.25813037e-01 1.65623903e-01 4.30471569e-01 8.04131687e-01
    6.23708189e-01 1.27117008e-01 7.54052877e-01 3.19575071e-02
    8.67667794e-03 8.12878489e-01 2.60397196e-01 8.86007071e-01
    4.60335046e-01 1.19992971e-01 4.49716717e-01 8.72961581e-02
    7.97593236e-01 6.74764335e-01 1.88348830e-01 9.88955259e-01
    7.82237649e-01 5.78508377e-02 5.92481792e-02 8.41559708e-01
    9.81715441e-01 4.84149635e-01 9.50947106e-01 9.90000546e-01
    8.63553643e-01 4.66833413e-01 3.47447515e-01 7.47389495e-02
    6.12355053e-01 4.42594498e-01 8.48990142e-01 4.04876053e-01
    9.36223269e-01 4.76722121e-01 9.26151514e-01 4.16574180e-02
    3.10070813e-02 2.23047078e-01 1.82264298e-01 5.13817668e-01
    6.52048945e-01 6.57222688e-01 7.55591810e-01 6.66604102e-01
    7.54101276e-01 1.84377372e-01 6.02571726e-01 4.13249373e-01
    5.81367075e-01 4.16981161e-01 1.60955578e-01 2.23960668e-01
    2.30466306e-01 8.10402036e-02 3.44483852e-01 8.29587817e-01
    5.67509413e-01 7.61371315e-01 2.86981076e-01 9.72495794e-01
    6.15500271e-01 4.20550883e-01 4.08896118e-01 8.76229405e-02
    7.97326028e-01 1.20934606e-01 1.35594547e-01 6.03363395e-01
    9.93870974e-01 5.46333134e-01 8.36314797e-01 3.06309938e-01
    1.95659548e-01 3.69842827e-01 1.58511132e-01 2.88924634e-01
    6.82969213e-01 8.15931320e-01 7.46095061e-01 7.12607324e-01
    2.90500760e-01 8.81336212e-01 5.39355576e-01 5.81950188e-01
    6.73616588e-01 9.44590151e-01 7.00394809e-01 5.36697090e-01
    3.69065076e-01 9.78545845e-01 4.66449380e-01 1.40828252e-01
    5.10145783e-01 1.54196531e-01 3.45785379e-01 2.98681855e-02
    6.79287195e-01 2.91424334e-01 2.11551785e-03 2.95203149e-01
    8.23398530e-01 8.88927400e-01 2.89137512e-01 3.18058908e-01
    4.70707268e-01 6.18013859e-01 4.36716735e-01 1.22399151e-01
    2.06398368e-02 5.93809903e-01 2.38270640e-01 4.75470662e-01
    8.98190975e-01 9.14209962e-01 4.83651936e-01 4.82363701e-02
    6.92952275e-02 1.94580287e-01 2.41407961e-01 4.45285439e-01
    8.36135149e-01 8.03151727e-01 7.51497746e-01 3.57830524e-01
    1.86436772e-01 7.02679574e-01 7.23188400e-01 7.23274708e-01
    7.57006884e-01 7.23809898e-01 2.80393839e-01 7.50101566e-01
    4.05082017e-01 1.04843527e-01 8.46957803e-01 7.04804897e-01
    3.96350116e-01 8.63337517e-03 4.01691735e-01 6.76587045e-01
    4.14223313e-01 4.56386924e-01 1.27199590e-02 9.62912261e-01
    7.65107870e-01 6.23380780e-01 5.08667588e-01 7.16815054e-01
    2.69925952e-01 7.72434711e-01 6.10816717e-01 4.73949969e-01
    1.76522702e-01 3.44810724e-01 8.81332994e-01 1.27833009e-01
    4.80998993e-01 7.89651513e-01 1.47248596e-01 9.87502754e-01
    2.53977060e-01 4.55858201e-01 2.06932425e-01 6.95645630e-01
    4.26096708e-01 9.11624312e-01 7.18322694e-02 6.06550872e-02
    5.65669239e-01 1.62513316e-01 5.52883863e-01 2.86184132e-01
    6.51978672e-01 9.33518708e-01 1.26862437e-01 2.01895952e-01
    3.95344794e-02 4.74120319e-01 8.21956217e-01 9.10463691e-01
    9.71339583e-01 1.80304140e-01 4.43302572e-01 4.88489330e-01
    6.56203330e-01 8.11252356e-01 2.46438980e-01 1.49133801e-01
    1.69526696e-01 5.86638153e-01 5.73385358e-01 5.26212454e-01
    9.10002112e-01 7.14214981e-01 2.00560689e-03 9.40603971e-01
    7.00590491e-01 2.69189447e-01 9.53391969e-01 7.30026364e-02
    8.59626114e-01 1.11283094e-01 1.45298243e-03 6.85151100e-01
    2.75043786e-01 6.35627627e-01 5.10679603e-01 5.81104457e-01
    5.61308682e-01 5.06222069e-01 3.39355230e-01 7.15865254e-01
    7.62199521e-01 4.79893476e-01 1.03779554e-01 6.54046774e-01
    7.25119948e-01 7.71288574e-01 2.46668965e-01 9.49051857e-01
    7.55450726e-01 8.68640900e-01 9.31575656e-01 5.70157170e-02
    3.45997065e-01 5.46262145e-01 3.08542132e-01 3.86594772e-01
    2.52710611e-01 7.03596413e-01 4.77995455e-01 7.69318342e-01
    4.84101504e-01 6.82172775e-01 9.90828872e-01 8.73296857e-01
    9.67829108e-01 7.50605106e-01 4.10487920e-01 4.30433244e-01
    1.26162469e-02 2.24231094e-01 6.22432351e-01 4.90296155e-01
    3.89735162e-01 8.10783982e-01 7.24829137e-01 6.17054820e-01
    4.19748724e-01 6.25290155e-01 1.96186632e-01 4.01961029e-01
    1.45357162e-01 5.16578734e-01 8.17454696e-01 8.31124783e-02
    5.15350699e-01 4.91491556e-02 8.00686955e-01 1.76525801e-01
    2.33615667e-01 9.24342752e-01 9.49316502e-01 3.81636918e-01
    9.48259354e-01 4.86435533e-01 3.89931023e-01 9.22819376e-01
    7.26331532e-01 4.33851212e-01 9.78742719e-01 6.73308253e-01
    1.08154565e-01 1.39640540e-01 2.30724424e-01 9.20136571e-01
    3.58947277e-01 2.65303046e-01 6.64365590e-02 9.94344234e-01
    9.17581081e-01 4.35537249e-01 4.09476608e-01 1.14456415e-02
    3.66843969e-01 9.29720879e-01 6.29360318e-01 7.30276287e-01
    2.00183392e-02 9.83005345e-01 1.64453894e-01 2.33133107e-01
    6.97842240e-01 8.04722488e-01 2.63870120e-01 8.00109386e-01
    3.97453696e-01 2.35122979e-01 8.18566144e-01 3.52222443e-01
    5.94082057e-01 4.27583247e-01 1.42893732e-01 8.79430890e-01
    9.36387837e-01 8.48098457e-01 1.69179142e-02 1.28910154e-01
    2.04956234e-01 1.55740827e-01 8.82844806e-01 4.70731229e-01
    8.24024022e-01 2.99751163e-02 4.08253968e-01 2.27620333e-01
    6.81065083e-01 4.69413459e-01 9.09537911e-01 4.30119395e-01
    7.95173287e-01 7.04496384e-01 1.47062242e-02 2.08368301e-01
    3.44700813e-01 2.04854131e-01 4.32340533e-01 3.80767286e-01
    5.56036174e-01 3.37408394e-01 9.44183767e-02 9.43192840e-03
    2.75306314e-01 8.59272540e-01 3.04157257e-01 5.94497263e-01
    7.13311076e-01 1.87363237e-01 2.99506903e-01 1.08306557e-01
    7.76385963e-02 5.94972551e-01 7.43570447e-01 6.69847846e-01
    2.86242723e-01 6.77893341e-01 3.24845076e-01 3.51998389e-01
    6.40808344e-02 1.11138999e-01 6.76611781e-01 2.80203134e-01
    7.04223037e-01 7.58697093e-01 4.06761199e-01 2.45941371e-01
    8.68426204e-01 6.54588103e-01 2.73475766e-01 1.22236311e-02
    9.48036313e-01 7.69538879e-02 5.91646552e-01 8.98598552e-01
    2.24848092e-02 5.86823940e-01 4.26787555e-01 1.27035916e-01
    5.16178012e-01 2.71964103e-01 3.06556880e-01 2.34179258e-01
    3.08808625e-01 1.86999738e-01 8.89703453e-01 6.10469103e-01
    7.74323940e-03 8.45811248e-01 8.94831181e-01 4.83239889e-01
    7.62275875e-01 7.06148207e-01 4.33937550e-01 2.21287787e-01
    5.65636098e-01 6.48584783e-01 6.65911794e-01 3.84874195e-01
    1.71735764e-01 9.44839716e-01 6.03262782e-01 4.89652038e-01
    2.05455780e-01 3.51004779e-01 7.39585876e-01 5.58091044e-01
    1.53121054e-02 2.74373323e-01 4.38737273e-02 9.45012927e-01
    5.91338336e-01 4.04705197e-01 6.22574806e-01 9.53978121e-01
    8.46112788e-01 1.71386600e-01 5.57489812e-01 4.49066699e-01
    1.33235157e-02 4.14344996e-01 2.07898885e-01 5.96859515e-01
    1.26617074e-01 4.26556140e-01 2.93250859e-01 1.52977049e-01
    5.10095656e-02 3.94666404e-01 2.12585002e-01 8.26642632e-01
    8.05953443e-01 5.34190595e-01 3.03846389e-01 4.72267359e-01
    1.14455968e-01 8.30555439e-01 7.46813774e-01 9.85412717e-01
    4.14497614e-01 7.17771590e-01 4.72563028e-01 7.29998231e-01
    3.64839613e-01 8.05989325e-01 5.97468138e-01 2.72114635e-01
    1.35686457e-01 9.52502847e-01 4.82831329e-01 7.30423927e-01
    7.08899736e-01 1.35525614e-01 6.38018787e-01 5.10192096e-01
    2.40040302e-01 8.16781044e-01 4.45522040e-01 1.83995366e-02
    2.45860547e-01 8.31675172e-01 3.81133437e-01 3.13695699e-01
    7.40570724e-01 3.25462222e-02 9.53247070e-01 5.22176564e-01
    4.56902117e-01 2.02084273e-01 8.48499179e-01 1.95300967e-01
    8.18944097e-01 8.02659392e-01 9.68709588e-01 9.00194645e-02
    9.43139672e-01 9.37492847e-01 8.66672814e-01 7.70166755e-01
    8.70646238e-02 6.48238063e-01 7.93564081e-01 1.96928799e-01
    1.93748385e-01 2.78562009e-02 9.87611532e-01 3.47702891e-01
    8.67183089e-01 7.29033828e-01 9.58073616e-01 5.27854383e-01
    5.37046790e-02 8.91639709e-01 7.66112506e-02 5.73429763e-02
    9.60371614e-01 8.90294790e-01 6.12699986e-02 7.14746475e-01
    4.32513118e-01 1.79459482e-01 3.22129518e-01 9.30509329e-01
    8.41255426e-01 4.41182256e-01 9.87783313e-01 4.66488093e-01
    8.48748088e-01 3.93478006e-01 7.22207308e-01 2.99267620e-01
    1.01342082e-01 8.00273299e-01 6.09081984e-01 5.67400336e-01
    9.16315198e-01 2.38574743e-02 9.45707083e-01 2.66145766e-02
    5.55588484e-01 4.75341916e-01 4.80654240e-02 1.71788454e-01
    5.60918331e-01 9.97284174e-01 6.84391797e-01 3.63780141e-01
    2.81330317e-01 4.00767326e-02 6.51468515e-01 2.31311351e-01
    2.19841123e-01 2.05257595e-01 5.29639065e-01 4.14410859e-01
    9.87513363e-02 4.85523283e-01 3.09199095e-03 4.18208331e-01
    5.29802740e-02 4.87407148e-01 8.53451610e-01 9.58604574e-01
    6.51328504e-01 1.93794549e-01 1.16742700e-01 4.10234928e-01
    1.59315020e-01 5.62289178e-01 5.59621215e-01 7.84038365e-01
    4.57774460e-01 3.08113396e-01 5.05214930e-03 3.16198885e-01
    4.95216280e-01 7.60124922e-02 7.51580954e-01 7.58143127e-01
    6.65035665e-01 5.22425890e-01 6.95008993e-01 8.21798027e-01
    4.66943413e-01 2.01355845e-01 8.48997712e-01 7.56901801e-02
    5.36191344e-01 2.29484528e-01 1.10029489e-01 4.31638241e-01
    2.15075433e-01 1.43780559e-01 1.48372144e-01 8.97167325e-01
    8.62595439e-01 2.68376887e-01 9.10338283e-01 6.56707764e-01
    9.46756721e-01 8.18351030e-01 8.61277819e-01 4.27924961e-01
    1.33248657e-01 7.88601398e-01 5.66300809e-01 7.02616453e-01
    9.68738317e-01 5.79526484e-01 5.50899684e-01 2.55691767e-01
    3.71734321e-01 1.95910662e-01 9.26786959e-01 4.84558344e-01
    2.64272392e-02 5.82500219e-01 2.30937660e-01 5.20413101e-01
    1.71828121e-01 1.33821666e-02 2.12747812e-01 3.64575028e-01
    9.71974850e-01 3.85084808e-01 5.34095764e-01 8.08814645e-01
    2.74652243e-03 9.75383520e-01 7.65526175e-01 3.01518917e-01
    7.60297716e-01 3.80374521e-01 9.19079483e-01 8.64593625e-01
    7.63594985e-01 8.18788350e-01 3.01401645e-01 9.52671766e-01
    6.58162415e-01 5.11123180e-01 3.55169475e-02 1.22002572e-01
    7.28194118e-02 1.57342046e-01 4.75086093e-01 6.07585669e-01
    8.92465472e-01 8.71686935e-01 6.68632030e-01 1.89006686e-01
    3.74393225e-01 7.53160119e-01 5.82661092e-01 7.93500662e-01
    2.88645208e-01 1.92201704e-01 9.24679816e-01 7.84800887e-01
    8.75016451e-01 3.19388866e-01 9.07684088e-01 1.57188326e-01
    7.48545229e-02 8.36714745e-01 4.26506788e-01 1.76912367e-01
    3.79664063e-01 9.34450269e-01 6.22248352e-01 9.41605031e-01
    4.32445288e-01 7.14509368e-01 6.12588048e-01 8.61290932e-01
    8.21949005e-01 7.94394910e-02 9.98156786e-01 6.40175641e-02
    2.69119680e-01 4.24302816e-01 6.06564641e-01 8.52670789e-01
    9.67911363e-01 4.53736246e-01 4.92890775e-01 3.21582079e-01
    4.60716784e-02 2.45561719e-01 5.79856336e-01 9.44759488e-01
    2.36211717e-01 8.75803828e-03 6.29000425e-01 8.93940270e-01
    9.00277674e-01 5.97797275e-01 2.15547383e-01 8.40362132e-01
    9.21858430e-01 3.98051739e-03 2.82904804e-01 5.78942001e-02
    2.22456872e-01 3.00827593e-01 3.26908410e-01 2.68234998e-01
    6.32137299e-01 5.80236495e-01 9.68061745e-01 4.13692594e-01
    9.53668356e-02 2.49511898e-01 9.71220136e-01 8.59165728e-01
    7.24471569e-01 6.48512125e-01 7.79507518e-01 9.40647662e-01
    8.25852990e-01 8.80654395e-01 5.80817580e-01 9.25500154e-01
    4.63605165e-01 5.59746325e-02 2.20519871e-01 6.66397691e-01
    8.41804087e-01 3.26880991e-01 1.98708355e-01 5.07612705e-01
    1.01463348e-01 2.64900923e-02 4.61189389e-01 9.38610792e-01
    8.66396427e-01 5.05223632e-01 5.81124544e-01 6.69787765e-01
    3.34269881e-01 3.80196005e-01 6.25583529e-01 4.45516050e-01
    4.04270470e-01 9.06122744e-01 8.64685118e-01 1.22806787e-01
    2.60921419e-01 1.16493106e-01 9.62643921e-01 6.63656056e-01
    1.40711725e-01 7.84417748e-01 8.75463605e-01 6.39493942e-01
    4.47296113e-01 2.57866144e-01 9.61667240e-01 2.10658163e-01
    5.00640571e-02 1.46596581e-01 9.93467927e-01 2.82474220e-01
    9.23461795e-01 3.39404732e-01 6.04980230e-01 6.33640885e-01
    1.41742378e-01 1.86968952e-01 8.10116470e-01 3.30313355e-01
    1.08284026e-01 6.04351163e-01 4.28968608e-01 1.84260607e-02
    7.47796893e-01 7.10331917e-01 3.35293472e-01 6.02165341e-01
    7.85951495e-01 8.44010770e-01 1.83691114e-01 1.92808479e-01
    9.86549854e-01 5.34067452e-01 2.04333663e-01 7.31627643e-02
    7.45948553e-01 2.02303052e-01 9.94439244e-01 7.29645789e-01
    2.98222333e-01 1.16776526e-02 1.39182806e-03 9.16248262e-02
    6.62159383e-01 8.76139164e-01 3.33873272e-01 2.91402310e-01
    3.89106244e-01 2.56375015e-01 9.98431444e-01 3.48689556e-01
    9.40261245e-01 5.18864334e-01 4.28012669e-01 4.83687192e-01
    1.56898946e-01 8.75365257e-01 7.55329132e-01 5.61923623e-01
    4.87483978e-01 2.66186118e-01 4.91608590e-01 6.65686369e-01
    6.68202817e-01 8.07383060e-02 6.19528055e-01 2.19124526e-01
    9.02426302e-01 9.40347850e-01 1.29343957e-01 4.89025116e-02
    4.44011062e-01 3.06853294e-01 6.20049536e-01 1.56864554e-01
    8.97270322e-01 9.96126533e-02 2.92217433e-02 3.45072329e-01
    1.42242849e-01 2.55348206e-01 1.75439775e-01 6.70913458e-02
    3.41271460e-02 5.30019224e-01 9.00902987e-01 5.65768898e-01
    6.71995163e-01 6.03549540e-01 1.17447942e-01 3.49745512e-01
    7.14766920e-01 8.25124264e-01 8.07358980e-01 3.22123468e-02
    6.65786386e-01 1.87708497e-01 3.53773952e-01 7.74868608e-01
    7.53368258e-01 1.51973218e-01 3.97590101e-01 9.16132927e-01
    9.49737728e-01 3.53392512e-01 6.65016055e-01 6.37615621e-01
    8.59595656e-01 4.63767529e-01 3.16579759e-01 3.45750332e-01
    1.69651300e-01 3.04633945e-01 1.47144407e-01 6.73409164e-01
    4.67332095e-01 6.60497844e-01 3.27115655e-02 2.76197612e-01
    4.72323686e-01 9.83489096e-01 3.76947105e-01 5.63388109e-01
    3.78899246e-01 8.94221783e-01 6.83939457e-02 6.76757812e-01
    4.16009903e-01 7.72796273e-01 8.15050006e-01 1.35173738e-01
    6.71926081e-01 3.03354383e-01 7.82257080e-01 8.08735132e-01
    8.71106088e-02 8.34668875e-01 2.55195946e-01 1.88597202e-01
    1.70289785e-01 4.65686768e-01 6.17571235e-01 5.04802763e-02
    2.94788599e-01 6.24341547e-01 8.36318254e-01 4.11269009e-01
    3.73961061e-01 4.98240709e-01 7.65433013e-01 5.87997317e-01
    5.32890856e-01 4.28929090e-01 7.27139473e-01 6.35245621e-01
    6.80788159e-01 5.48580527e-01 5.68810582e-01 8.56031179e-01
    3.39510441e-01 5.13581634e-01 8.62904668e-01 1.39196634e-01
    5.01341760e-01 3.49577427e-01 2.05092132e-01 3.63958240e-01
    2.35776007e-02 9.00753856e-01 4.47910696e-01 3.24425966e-01
    7.93168426e-01 2.19923854e-01 3.94174635e-01 9.34902072e-01
    4.16722625e-01 9.42538500e-01 6.67026043e-02 4.11210686e-01
    2.86294341e-01 8.81936312e-01 8.36224854e-02 2.11108267e-01
    5.62884033e-01 1.01084620e-01 8.59366059e-01 8.67662251e-01
    2.69954830e-01 4.45115566e-03 9.51534986e-01 6.55949056e-01
    9.20263648e-01 8.46779585e-01 4.27892506e-01 5.40195405e-02
    3.44647408e-01 9.31255996e-01 7.94870615e-01 6.70742214e-01
    7.41358578e-01 7.95260549e-01 7.69854665e-01 7.70859420e-01
    8.08841228e-01 5.64958453e-02 4.64382708e-01 4.03765440e-02
    4.34707016e-01 9.40472007e-01 4.39604342e-01 2.08778948e-01
    7.81224489e-01 5.12085617e-01 8.01592469e-02 6.21163070e-01
    3.89517516e-01 4.15145427e-01 5.27997613e-02 3.11304688e-01
    1.15027100e-01 4.08953160e-01 4.76758748e-01 3.26505840e-01
    6.92941368e-01 8.28536749e-01 9.10119414e-02 1.33080781e-01
    5.28889000e-02 3.61291438e-01 4.76025343e-01 2.59584308e-01
    7.53776848e-01 1.33746713e-01 7.90190578e-01 4.50650513e-01
    7.49552369e-01 4.67796206e-01 5.26703954e-01 7.09575415e-01
    6.40464306e-01 4.76977408e-01 3.42730820e-01 5.42485058e-01
    9.50076461e-01 5.83656609e-01 4.52983707e-01 1.27191544e-02
    1.31084740e-01 1.81192338e-01 8.27368140e-01 1.39302731e-01
    8.69274735e-01 7.58972824e-01 4.72859144e-02 8.76074255e-01
    9.09440160e-01 8.49179685e-01 2.71659553e-01 9.77760077e-01
    2.54286766e-01 8.17446709e-01 2.80961812e-01 2.50273347e-02
    4.06463444e-02 9.72896934e-01 3.10483932e-01 1.83381379e-01
    6.01219654e-01 6.23439074e-01 9.91924047e-01 7.00995088e-01
    1.25370413e-01 5.02938211e-01 7.34677374e-01 5.21965683e-01
    3.26234102e-03 4.41651165e-01 7.81943440e-01 4.71474528e-01
    3.93060416e-01 6.35297835e-01 4.12193716e-01 6.82312250e-02
    3.70236069e-01 3.65107983e-01 7.22441018e-01 6.16021574e-01
    7.29099095e-01 6.58255696e-01 7.36863017e-01 1.00419581e-01
    1.63686961e-01 9.91268635e-01 1.40722752e-01 8.17511857e-01
    6.86608434e-01 5.25291622e-01 8.91805410e-01 7.26312697e-01
    6.77552521e-02 4.84615266e-01 6.25201464e-01 9.43362534e-01
    7.24111199e-02 4.04233158e-01 5.73890448e-01 3.10884297e-01
    1.12433046e-01 5.42891443e-01 6.81425512e-01 2.52343744e-01
    1.02063328e-01 6.53729796e-01 8.70732844e-01 1.73843086e-01
    5.49461722e-01 4.55053926e-01 1.63312912e-01 3.07166100e-01
    2.32288182e-01 2.88331509e-03 3.06319714e-01 8.68651569e-02
    8.62299204e-01 4.93590474e-01 5.65117776e-01 4.37027693e-01
    5.21381974e-01 4.34000164e-01 7.56789565e-01 4.69619691e-01
    2.10291803e-01 8.20406556e-01 1.69770241e-01 1.02220714e-01
    3.45622897e-01 4.00669247e-01 3.43516201e-01 3.38152349e-01
    3.52728963e-02 7.11108923e-01 9.03871179e-01 4.26385909e-01
    1.60397142e-01 2.70738661e-01 9.04624760e-01 9.55466747e-01
    6.29024506e-01 6.29735410e-01 5.91129899e-01 5.87134242e-01
    2.22981572e-01 8.43951404e-01 3.57669562e-01 1.63969815e-01
    3.39608014e-01 4.48359519e-01 8.80271435e-01 5.31873465e-01
    3.74135435e-01 8.02492499e-01 4.29169446e-01 3.04856777e-01
    4.32027459e-01 9.33324575e-01 9.50057507e-01 5.29112577e-01
    3.14535171e-01 8.19301367e-01 1.21679932e-01 4.56338435e-01
    2.12215096e-01 6.14088356e-01 9.59274173e-01 4.62970793e-01
    6.79660499e-01 5.81777811e-01 9.21814263e-01 7.30853200e-01
    8.70747805e-01 1.56550735e-01 2.29020476e-01 5.29564500e-01
    8.08779597e-01 4.34243858e-01 4.28285956e-01 3.67571175e-01
    9.65114832e-01 6.40876889e-01 5.26558578e-01 9.09004569e-01
    4.33107764e-01 2.14032829e-02 9.50977802e-01 1.51344687e-01
    3.82867724e-01 3.96696925e-01 4.47842211e-01 8.83285284e-01
    2.47852027e-01 7.35676289e-01 9.75077033e-01 4.71218050e-01
    7.49425292e-02 1.22975796e-01 2.45197475e-01 1.76422000e-01
    3.79931331e-02 6.30594313e-01 9.71937120e-01 9.38719690e-01
    6.48441195e-01 3.69644105e-01 6.87612176e-01 6.34146452e-01
    1.66268319e-01 8.68674815e-02 5.95729947e-01 1.32061779e-01
    1.83657557e-01 4.02983427e-01 5.89297414e-02 4.99458611e-01
    1.36944503e-01 4.59160119e-01 4.22824323e-01 4.35524762e-01
    5.69933891e-01 6.84964418e-01 2.40597129e-02 6.31697178e-01
    9.02866125e-02 5.04925907e-01 5.24900615e-01 3.92756909e-01
    6.40355945e-01 4.17600840e-01 7.77635217e-01 4.10480797e-02
    7.43885994e-01 9.21770155e-01 7.22278535e-01 8.18623900e-01
    5.41190386e-01 1.80081129e-01 3.69268417e-01 6.39899194e-01
    2.69177437e-01 9.40904498e-01 8.05198789e-01 8.38311195e-01
    5.95142901e-01 1.98102266e-01 3.60713780e-01 1.06061280e-01
    7.99354494e-01 5.99404573e-01 5.17054856e-01 3.40379775e-02
    4.88761634e-01 5.33468723e-01 4.12030816e-02 7.36938715e-01
    3.85654867e-01 2.76938945e-01 2.50599414e-01 4.89925355e-01
    3.16609979e-01 4.83542621e-01 3.91508222e-01 3.08495581e-01
    4.91651624e-01 6.28914058e-01 4.30532724e-01 2.34854013e-01
    3.50869000e-01 8.87100995e-02 2.64279395e-01 4.97259587e-01
    1.39891863e-01 4.52689290e-01 5.09383202e-01 8.09988141e-01
    2.50650853e-01 6.59635365e-01 4.95542586e-01 1.94981128e-01
    9.50894415e-01 7.37286031e-01 3.95046771e-01 6.03773713e-01
    8.49569559e-01 9.55012977e-01 2.27254063e-01 6.80085301e-01
    4.27469403e-01 3.00139368e-01 7.24495947e-02 5.48260808e-01
    9.17371869e-01 1.21510804e-01 7.59032428e-01 6.83534503e-01
    7.40334451e-01 5.52656531e-01 1.43380761e-01 8.80432129e-02
    3.84062827e-02 6.06067419e-01 4.16749299e-01 9.40356135e-01
    3.48010063e-01 3.97306472e-01 6.36407137e-01 5.02155900e-01
    3.24209213e-01 7.04192281e-01 7.02093840e-01 6.76815987e-01
    4.49368536e-01 7.28707492e-01 3.98243129e-01 6.00140512e-01
    2.42702782e-01 6.54763818e-01 7.88505793e-01 1.22297734e-01
    3.16430032e-02 3.92973512e-01 5.06666601e-02 6.41217291e-01
    6.47859514e-01 6.12769902e-01 6.64705932e-01 4.17466968e-01
    4.67846394e-01 8.71088982e-01 3.41077507e-01 6.76413655e-01
    9.81081903e-01 8.00025344e-01 9.69276190e-01 2.43564814e-01
    7.57949710e-01 9.95112956e-01 6.74185455e-01 3.36959988e-01
    8.70505571e-01 3.26974332e-01 9.12680864e-01 6.24326348e-01
    9.60450649e-01 5.50310433e-01 2.27679729e-01 2.24725574e-01
    5.67438304e-01 4.48322773e-01 8.47084820e-01 6.82729840e-01
    9.48701143e-01 5.60346842e-02 3.35293770e-01 9.91723895e-01
    4.19676840e-01 1.49661303e-02 4.92497683e-01 6.40522838e-01
    2.32185572e-01 8.00315022e-01 2.39800572e-01 6.23952806e-01
    2.06901908e-01 8.42644811e-01 5.94949245e-01 4.90171611e-01
    2.65720457e-01 9.59285498e-01 4.45980310e-01 8.38423729e-01
    6.34798169e-01 9.57655847e-01 1.85911924e-01 5.80408573e-02
    3.31473291e-01 8.65144610e-01 2.93681353e-01 2.07312077e-01
    9.91322637e-01 2.68860281e-01 7.15763152e-01 7.90130377e-01
    5.65957725e-01 1.85750216e-01 5.03307819e-01 9.14403975e-01
    1.72683775e-01 6.14652872e-01 5.95901668e-01 6.56654179e-01
    8.00711691e-01 2.19534725e-01 7.30771124e-01 4.50344265e-01
    3.75817120e-01 7.09177494e-01 6.02520347e-01 3.34594458e-01
    4.36497122e-01 1.83003306e-01 7.12878048e-01 6.27216101e-02
    3.19704175e-01 3.76221389e-01 2.66672343e-01 5.53669751e-01
    1.46177024e-01 5.28564990e-01 2.44419634e-01 7.50882983e-01
    6.81947529e-01 7.04449594e-01 5.37682116e-01 1.99148238e-01
    8.24033082e-01 1.90591723e-01 6.89609349e-01 7.19190836e-01
    8.85152102e-01 5.88036418e-01 3.19436848e-01 9.19106126e-01
    4.23019946e-01 6.90159202e-03 9.04539824e-01 3.80021363e-01
    6.00946248e-02 8.47676039e-01 4.83617991e-01 5.79012752e-01
    2.73423374e-01 6.29953682e-01 6.09618664e-01 4.93333340e-02
    9.00597215e-01 6.16289258e-01 7.15402186e-01 9.05911744e-01
    6.81059659e-02 5.96011460e-01 5.17833829e-01 8.56915712e-01
    5.67414165e-01 1.76369101e-01 3.26496124e-01 9.49854851e-01
    4.14882839e-01 4.70997810e-01 5.59895337e-02 5.83172083e-01
    8.07205796e-01 6.92415178e-01 3.14235955e-01 4.85253274e-01
    1.97493076e-01 6.66825175e-01 7.61419654e-01 1.87577695e-01
    3.51961523e-01 3.15645635e-02 9.49911594e-01 9.04049277e-02
    2.79078931e-01 4.21894908e-01 3.55991691e-01 3.72068912e-01
    9.51105714e-01 1.18851095e-01 6.44130051e-01 2.49506533e-01
    4.93532419e-03 7.10035145e-01 3.63838702e-01 1.53449446e-01
    6.62029624e-01 3.52318645e-01 5.63897252e-01 9.71488059e-02
    3.72616410e-01 3.50066602e-01 3.86201799e-01 5.01660645e-01
    4.84979808e-01 4.26372886e-03 2.31118143e-01 2.51947165e-01
    3.15930665e-01 5.41901827e-01 4.89283800e-02 3.95479262e-01
    4.36764747e-01 8.96826208e-01 6.76409841e-01 7.35184371e-01
    8.20029736e-01 9.02222872e-01 9.33166862e-01 8.16643238e-01
    8.91896725e-01 5.81911802e-01 4.09808755e-01 2.34221607e-01
    2.11798847e-01 9.14970279e-01 3.22216988e-01 2.75911897e-01
    7.38193452e-01 9.12444592e-01 4.61783767e-01 4.29266185e-01
    1.39485806e-01 4.27176803e-01 9.50021148e-01 7.23378718e-01
    8.97558093e-01 7.78912902e-01 5.63540995e-01 8.78769755e-01
    6.09855413e-01 2.33785570e-01 9.91091967e-01 7.62488604e-01
    5.96581757e-01 3.07791114e-01 6.74718142e-01 1.21690661e-01
    8.22458386e-01 2.80492157e-01 8.77898633e-02 4.22293305e-01
    4.65584993e-01 9.54664648e-01 3.05717230e-01 3.70239884e-01
    1.09009355e-01 9.29598570e-01 5.68491697e-01 4.79044199e-01
    7.63159871e-01 9.94569600e-01 9.98226643e-01 2.70261288e-01
    9.50400710e-01 9.30638075e-01 3.68743956e-01 5.70268631e-02
    2.83367097e-01 2.01008797e-01 8.40319037e-01 2.21812516e-01
    9.92960989e-01 4.11938250e-01 3.32260162e-01 2.37163126e-01
    5.66149116e-01 1.06090218e-01 8.17103386e-01 6.97731733e-01
    9.54147577e-02 3.86694938e-01 6.62993908e-01 3.94880354e-01
    7.94038892e-01 2.81555533e-01 6.49569631e-02 8.60772133e-01
    7.47606874e-01 8.55702400e-01 5.83452582e-02 3.78411680e-01
    4.19808984e-01 3.28818262e-01 2.28114128e-02 9.99025524e-01
    7.92256236e-01 6.81109905e-01 4.27196920e-01 3.75030160e-01
    7.38381743e-02 4.35838282e-01 5.13174653e-01 6.75671279e-01
    9.55568790e-01 9.11694527e-01 6.83872700e-01 1.32730067e-01
    2.96216190e-01 3.94808769e-01 6.73130989e-01 3.16816211e-01
    8.57572198e-01 7.16256201e-02 7.74469495e-01 7.63847947e-01
    6.27435446e-01 5.36448121e-01 6.26408875e-01 8.77503633e-01
    8.64431441e-01 3.50887418e-01 7.83194125e-01 2.65391767e-02
    5.10825455e-01 1.79969668e-01 9.55142736e-01 1.16261542e-02
    4.03564513e-01 5.57044148e-03 4.28127825e-01 9.95338380e-01
    1.90677673e-01 4.47846383e-01 4.41317856e-02 3.92814487e-01
    9.37920094e-01 4.02330250e-01 1.07165784e-01 3.27134162e-01
    6.42652631e-01 9.77673173e-01 1.55101687e-01 5.66113055e-01
    7.41652429e-01 3.88286531e-01 2.03533053e-01 4.66620117e-01
    1.77719593e-02 7.47770667e-01 7.31894016e-01 9.59941745e-01
    2.42029548e-01 5.78121662e-01 7.38583088e-01 3.45592350e-01
    6.66641593e-01 4.91046488e-01 6.82270765e-01 4.24857080e-01
    7.60333300e-01 5.91351986e-01 1.36463702e-01 3.31656039e-01
    2.48764992e-01 1.57691449e-01 8.35473537e-01 2.61224270e-01
    4.94735092e-01 5.60717046e-01 7.55471826e-01 1.45559669e-01
    4.00084734e-01 5.28221726e-01 9.29318011e-01 7.68307209e-01
    8.89564097e-01 8.79417956e-01 9.00554299e-01 7.49981165e-01
    7.21963823e-01 2.99151450e-01 9.43999887e-02 8.60082269e-01
    6.26875937e-01 8.16860557e-01 2.44795740e-01 5.68530798e-01
    6.69799447e-01 3.56632769e-02 4.48893577e-01 4.90089089e-01
    4.68429565e-01 3.26136291e-01 5.30735075e-01 6.91233575e-02
    6.02031410e-01 9.89171863e-02 2.12890208e-02 8.45720530e-01
    1.89184844e-02 2.84110963e-01 3.95831168e-01 9.49172497e-01
    4.17276561e-01 6.47167325e-01 4.10041422e-01 9.15002584e-01
    5.08375287e-01 8.06752920e-01 2.90406853e-01 3.85814130e-01
    1.12623811e-01 9.25168037e-01 2.97491729e-01 9.05543864e-02
    8.77258837e-01 7.93933749e-01 7.04959989e-01 2.48992413e-01
    7.12016702e-01 9.53724384e-01 7.29094684e-01 2.67952472e-01
    3.44321817e-01 4.13550347e-01 6.44527674e-02 8.93373013e-01
    7.47207105e-02 1.61981314e-01 9.25927520e-01 2.06034362e-01
    3.97274196e-01 6.32621288e-01 5.92139661e-01 7.50856996e-01
    7.27590322e-01 5.89126348e-01 2.62730598e-01 2.73643136e-01
    8.16129327e-01 3.41761380e-01 2.14534014e-01 4.81337726e-01
    7.33152926e-02 6.96906030e-01 3.94225121e-04 6.53017282e-01
    5.24553955e-02 4.86802340e-01 6.16662681e-01 1.63571388e-01
    4.75361794e-01 7.87930489e-01 9.17120218e-01 2.99534023e-01
    8.25477839e-02 6.28959477e-01 4.03302670e-01 1.46802306e-01
    8.84652495e-01 8.51753056e-01 1.32452071e-01 4.78704304e-01
    6.77836657e-01 2.22187966e-01 8.93424988e-01 3.88818175e-01
    7.12459087e-01 8.18049550e-01 1.53968990e-01 2.91943282e-01
    4.47040051e-01 7.55663753e-01 3.80542636e-01 1.05121136e-02
    1.37158751e-01 8.18706572e-01 7.36991942e-01 3.68651152e-02
    2.79151082e-01 9.71236229e-02 3.60260308e-01 4.99431789e-01
    3.99923623e-01 9.28264797e-01 3.13396096e-01 4.73459274e-01
    6.92204416e-01 1.86890751e-01 5.76373875e-01 3.51062775e-01
    1.95714533e-02 8.33648205e-01 4.55048978e-02 2.36214966e-01
    5.10742724e-01 4.35725540e-01 4.70923841e-01 8.89954209e-01
    5.92841923e-01 2.52493560e-01 7.65588880e-01 3.52821767e-01
    3.93676281e-01 2.63280272e-01 5.87958217e-01 2.79301405e-01
    8.48990381e-01 7.21472502e-01 8.73954415e-01 9.51505601e-01
    8.82111430e-01 9.55160201e-01 9.02974725e-01 3.20294201e-01
    6.56548440e-01 6.15351200e-01 6.21235669e-02 2.44096220e-01
    6.10987902e-01 8.07857394e-01 2.05771476e-01 2.81641841e-01
    1.17343307e-01 6.69895947e-01 2.55928338e-01 3.85323048e-01
    2.95869112e-02 7.25369751e-01 8.82159233e-01 4.32847261e-01
    5.06091237e-01 8.13399434e-01 1.43263638e-01 4.64688748e-01
    4.50212061e-01 6.57432377e-01 1.77224845e-01 8.23377848e-01
    4.28300291e-01 5.37513435e-01 6.64884806e-01 7.10488677e-01
    6.29447401e-02 4.99123156e-01 1.35563642e-01 9.81936336e-01
    7.84259915e-01 7.31103063e-01 9.42978680e-01 2.30827332e-02
    9.95889187e-01 6.40842199e-01 9.02549148e-01 9.65957940e-01
    8.97297621e-01 7.10570216e-01 1.61323667e-01 4.71328586e-01
    7.72069573e-01 2.15685159e-01 3.79854679e-01 5.36574125e-02
    3.70734930e-03 3.63271832e-01 9.82870579e-01 5.41570187e-02
    1.19529665e-02 2.39408791e-01 1.71660870e-01 2.33897567e-01
    7.54665196e-01 6.57519341e-01 5.80696940e-01 4.96773005e-01
    3.05950701e-01 2.47105360e-01 5.78492165e-01 2.22707510e-01
    1.68243378e-01 8.40854406e-01 5.38567603e-01 2.04373658e-01
    8.57733190e-01 8.01496029e-01 2.86216378e-01 9.71151352e-01
    2.46136993e-01 3.57384115e-01 5.61813533e-01 2.61745512e-01
    4.12992388e-01 6.40149236e-01 8.60325098e-01 9.31684554e-01
    2.42863804e-01 8.80416095e-01 9.38078582e-01 6.53786361e-01
    9.88983512e-01 3.62082541e-01 5.98886788e-01 1.79634273e-01
    4.64564860e-01 7.49714255e-01 5.20799756e-01 7.13426173e-02
    9.20612514e-02 2.38644421e-01 8.30526948e-02 4.24590588e-01
    2.28305876e-01 5.87994456e-01 7.89205551e-01 7.90442586e-01
    5.93992352e-01 2.98574984e-01 1.68693066e-01 6.36313021e-01
    4.02404547e-01 7.87393332e-01 4.56025273e-01 3.27928066e-02
    7.45850503e-01 9.41831172e-01 1.76857799e-01 4.68913764e-01
    5.94082713e-01 5.09329140e-01 8.56591463e-01 8.63367558e-01
    5.24736047e-01 6.83748066e-01 3.77563447e-01 2.38200337e-01
    7.62141109e-01 3.61155480e-01 3.16305995e-01 5.10775745e-01
    1.40784323e-01 1.59118116e-01 8.83750677e-01 7.82922387e-01
    1.99421108e-01 6.87562466e-01 7.55224764e-01 4.60118771e-01
    4.36084569e-01 9.59859371e-01 2.44296819e-01 5.53789020e-01
    4.00319606e-01 6.56998158e-02 2.40694374e-01 2.35247433e-01
    9.07985568e-01 9.78992581e-01 8.78451824e-01 3.78016979e-01
    4.53195482e-01 2.52259374e-01 1.54320598e-01 4.26215678e-01
    1.21012092e-01 9.66342032e-01 6.74879074e-01 5.66920400e-01
    7.19174147e-01 7.69898653e-01 9.59005952e-03 7.95355797e-01
    2.49792993e-01 1.73335165e-01 7.70962596e-01 6.82500720e-01
    9.56256032e-01 1.07740551e-01 9.71880436e-01 2.96494275e-01
    1.97537452e-01 2.50974417e-01 2.78135091e-01 4.50134724e-01
    1.50522381e-01 2.10955679e-01 3.66036117e-01 4.82493252e-01
    3.84291053e-01 7.34385431e-01 1.85548782e-01 9.76314843e-02
    7.15729415e-01 7.53556788e-01 4.78441179e-01 6.19682252e-01
    6.11737549e-01 6.01889193e-01 7.76413321e-01 3.18617135e-01
    5.83374023e-01 1.88432336e-01 7.04041660e-01 3.89490098e-01
    2.33168453e-01 1.98714942e-01 5.94722211e-01 3.44081461e-01
    3.52911234e-01 1.54794961e-01 6.02082372e-01 7.30823040e-01
    4.54282194e-01 3.52083683e-01 5.74206054e-01 5.72875738e-01
    3.67864668e-02 3.44686329e-01 6.01255476e-01 7.11575091e-01
    9.75829363e-01 8.37944746e-02 7.96570659e-01 7.04678416e-01
    3.82656872e-01 3.94099861e-01 7.79328644e-02 8.11968803e-01
    4.41128105e-01 6.76493227e-01 4.78650719e-01 1.82575554e-01
    3.90752852e-01 4.84303445e-01 4.71906155e-01 1.04845583e-01
    9.08371568e-01 6.50805831e-02 6.39248371e-01 1.35178566e-02
    4.60517734e-01 3.95125985e-01 3.74107420e-01 7.49126077e-01
    4.64958787e-01 9.33157682e-01 3.23357135e-01 3.33266497e-01
    1.66419446e-01 9.31269288e-01 3.53422642e-01 2.47325003e-02
    3.01997125e-01 9.71592784e-01 6.02531433e-01 1.32118493e-01
    3.01853687e-01 3.13433707e-02 7.35795975e-01 2.58724838e-01
    3.63043368e-01 3.72309655e-01 7.62524843e-01 1.45345330e-01
    7.46920705e-01 4.61025089e-01 5.97992301e-01 2.84820944e-01
    3.00426781e-02 3.33629072e-01 9.32793617e-02 3.46048176e-02
    3.44802052e-01 2.31997669e-01 3.94471198e-01 7.54373252e-01
    1.63901657e-01 2.24626094e-01 8.88841748e-01 5.63711345e-01
    2.73630261e-01 3.23162675e-01 9.74025488e-01 9.95999277e-02
    9.67447162e-01 1.93629384e-01 8.24066758e-01 4.50114191e-01
    4.39240843e-01 1.65444314e-02 1.49535358e-01 7.57755280e-01
    8.86091948e-01 5.59047222e-01 7.24112570e-01 9.40586805e-01
    3.62477094e-01 6.94160342e-01 3.29753757e-01 8.10856462e-01
    4.26534891e-01 1.99738830e-01 2.61472881e-01 6.07615471e-01
    7.28062987e-01 4.39457595e-01 6.62647784e-02 1.12138391e-01
    4.82508987e-01 2.61527300e-01 6.11378074e-01 4.66508031e-01
    9.42205727e-01 8.24631333e-01 8.48979771e-01 8.77594352e-02
    9.05008912e-01 9.22474980e-01 9.23703432e-01 7.80172229e-01
    3.50681067e-01 4.02245283e-01 6.39399827e-01 5.96207500e-01
    9.92322624e-01 6.24315619e-01 6.83437586e-01 6.43300116e-01
    3.25808048e-01 3.22125971e-01 3.38594854e-01 6.29478991e-01
    8.68665040e-01 8.72775674e-01 6.65066779e-01 5.21321535e-01
    4.30948317e-01 6.16711795e-01 6.83662474e-01 6.64427996e-01
    9.33870435e-01 7.72651076e-01 9.03257906e-01 8.50288272e-01
    6.49455607e-01 2.41191298e-01 9.02231634e-01 7.70455062e-01
    7.90107071e-01 6.88327432e-01 9.07794297e-01 5.77463508e-01
    1.50456965e-01 7.38724351e-01 2.71935165e-02 9.15947556e-01
    2.71242678e-01 7.77229548e-01 5.48976183e-01 6.89391613e-01
    8.36322665e-01 1.59842312e-01 3.54244858e-01 9.52884972e-01
    1.17152900e-01 5.57391405e-01 9.67408895e-01 8.85813236e-01
    5.77211380e-02 8.25522780e-01 6.53675020e-01 8.97514045e-01
    8.22766244e-01 2.11960465e-01 4.43266600e-01 7.86761999e-01
    2.28577495e-01 6.10460341e-02 2.73448318e-01 5.37035584e-01
    8.29101920e-01 3.68726552e-01 3.22133422e-01 5.73764622e-01
    5.06236613e-01 8.64019990e-03 7.69506454e-01 8.65244865e-01
    5.50724924e-01 7.99930573e-01 2.88021505e-01 1.98837578e-01
    5.50709546e-01 4.55323011e-01 6.11745715e-01 2.14309245e-01
    3.89547944e-01 7.87676692e-01 9.50575650e-01 8.47461104e-01
    6.92933023e-01 1.20591342e-01 4.10473406e-01 8.30516696e-01
    8.81330729e-01 4.62386876e-01 7.60329664e-01 3.73764008e-01
    8.60368550e-01 8.12657416e-01 7.48425066e-01 4.98157144e-02
    2.66252697e-01 5.22145867e-01 1.79298967e-01 9.40649092e-01
    6.58762753e-02 7.69548535e-01 6.39673233e-01 4.39147621e-01
    7.94782043e-01 5.53380966e-01 4.69814032e-01 5.41682541e-01
    1.94240838e-01 7.44002461e-02 2.06305325e-01 3.63402992e-01
    3.38224918e-01 1.81828678e-01 9.44046795e-01 1.17193639e-01
    7.88818717e-01 8.02963316e-01 2.36960113e-01 4.37820971e-01
    3.07114899e-01 9.54560161e-01 4.00696993e-01 5.27903438e-01
    5.64639270e-01 2.15779781e-01 4.03671563e-01 3.54299396e-01
    8.69005561e-01 2.65284985e-01 1.43067777e-01 2.11737692e-01
    8.14164281e-01 1.26085401e-01 8.19953203e-01 5.66485822e-01
    1.17804855e-01 8.49206924e-01 1.45994842e-01 4.97769415e-01
    3.08611512e-01 8.55246902e-01 4.04805541e-02 1.87228620e-01
    5.22751749e-01 4.01493102e-01 6.09631121e-01 5.48281968e-01
    1.85967267e-01 8.67106497e-01 8.26444983e-01 1.10041261e-01
    2.14661956e-01 2.56837785e-01 5.63998640e-01 1.20041192e-01
    3.17568451e-01 2.81608224e-01 3.07957232e-02 9.95615244e-01
    1.45096630e-01 3.84985805e-01 5.80872297e-01 6.54684544e-01
    2.84350783e-01 2.48922318e-01 4.23532426e-01 4.13254559e-01
    7.94374943e-03 5.08162379e-01 3.30809236e-01 1.89616919e-01
    9.65878665e-01 7.39936054e-01 3.16710055e-01 8.47061098e-01
    8.99404287e-03 6.41494453e-01 3.34602892e-01 5.08390248e-01
    1.48510009e-01 7.78657734e-01 3.84070665e-01 4.73091304e-02
    6.19545281e-01 1.57523751e-02 2.36430705e-01 3.85906100e-01
    5.07753491e-01 6.60245419e-02 6.91074610e-01 1.90406740e-02
    8.77078474e-01 1.98745131e-01 6.62666678e-01 4.93289649e-01
    4.36053455e-01 9.25933599e-01 4.23349828e-01 7.77083039e-02
    7.16745675e-01 4.30528462e-01 7.69688249e-01 1.64672524e-01
    6.67922139e-01 4.98640627e-01 8.72823536e-01 5.89948833e-01
    5.28452933e-01 9.96387482e-01 2.00609535e-01 8.58365059e-01
    6.00197911e-01 4.39308286e-01 9.32090461e-01 9.63850498e-01
    6.92937791e-01 3.75632018e-01 1.88898951e-01 9.99199510e-01
    5.56789458e-01 1.09445184e-01 3.24130714e-01 1.07170135e-01
    7.18805909e-01 8.66191447e-01 6.26514673e-01 6.39517725e-01
    4.24226701e-01 7.12970793e-01 7.79275656e-01 5.78241408e-01
    8.83640647e-01 5.95110655e-01 7.72297025e-01 3.76630753e-01
    6.81093872e-01 9.33229327e-01 5.48460543e-01 3.53191793e-01
    9.92172956e-03 3.11569005e-01 9.26256061e-01 1.14040226e-01
    4.98702198e-01 7.15964973e-01 9.20238376e-01 7.98005581e-01
    5.05154848e-01 9.00472820e-01 3.33686531e-01 8.39181662e-01
    5.24896562e-01 4.26846564e-01 8.60786200e-01 1.34958327e-01
    3.24835777e-01 1.87691152e-02 6.77302480e-01 8.03711057e-01
    8.46593261e-01 5.44007540e-01 6.13980114e-01 9.06284690e-01
    6.27037048e-01 7.42875457e-01 7.48834848e-01 9.60122228e-01
    1.26090348e-01 4.52805549e-01 8.47569406e-02 1.87748641e-01
    1.00046039e-01 2.21985608e-01 7.76649117e-02 2.33445525e-01
    8.88685703e-01 8.32329571e-01 3.09337258e-01 6.53014481e-01
    9.85818863e-01 5.01774788e-01 8.37608278e-01 5.37803829e-01
    2.39107668e-01 5.69318891e-01 8.28921318e-01 9.14054513e-01
    5.71879804e-01 3.77893925e-01 9.75454688e-01 6.97993040e-02
    5.13545632e-01 6.83900237e-01 8.06354046e-01 9.45065320e-02
    8.24671149e-01 7.94469178e-01 8.55753899e-01 6.12523615e-01
    1.56928658e-01 7.94769287e-01 5.68797708e-01 9.79492426e-01
    9.98403668e-01 1.26914918e-01 2.19087511e-01 6.62046850e-01
    4.88611758e-01 7.81366825e-01 9.07346904e-01 8.43984902e-01
    2.95764744e-01 7.87080169e-01 5.59925079e-01 9.92650807e-01
    1.43670201e-01 6.72449410e-01 4.16019559e-02 5.99878430e-01
    5.75508714e-01 7.35177398e-01 4.79190201e-01 7.67608881e-01
    1.49222523e-01 8.70177090e-01 3.18069249e-01 5.98600984e-01
    5.35056889e-02 6.33224487e-01 5.98415554e-01 6.03154182e-01
    2.61068225e-01 9.76412714e-01 1.35091662e-01 8.14462662e-01
    4.34411585e-01 5.89851439e-01 3.38445008e-01 8.32835555e-01
    2.36736059e-01 4.77458417e-01 4.58419740e-01 7.03312397e-01
    5.67266226e-01 9.56416011e-01 4.45258021e-01 2.37529963e-01
    2.27378637e-01 7.21639156e-01 8.45861733e-01 6.40957534e-01
    1.45887464e-01 4.45455909e-01 3.78903002e-01 8.93781304e-01
    4.77673709e-01 6.25066698e-01 6.46892965e-01 3.43460888e-01
    7.38945544e-01 9.24968243e-01 1.39637023e-01 2.32412905e-01
    5.57471514e-01 2.55264938e-01 2.21050203e-01 4.09364104e-01
    4.78027344e-01 7.11726367e-01 7.61593938e-01 5.02588868e-01
    1.44572556e-02 1.91926211e-01 4.70235974e-01 3.48786950e-01
    3.15400183e-01 4.31264043e-02 1.80620879e-01 7.08996952e-01
    1.77533805e-01 7.28734970e-01 2.50246942e-01 6.53503299e-01
    9.88416016e-01 9.32827890e-02 1.50446504e-01 8.15870047e-01
    2.67166495e-01 5.06046414e-01 5.15702605e-01 9.54934359e-01
    8.29358101e-01 8.89934182e-01 9.86079931e-01 3.33455741e-01
    6.81627750e-01 8.06167901e-01 7.60092258e-01 4.36478853e-02
    5.75920343e-01 6.67823553e-01 6.04422152e-01 9.30311799e-01
    1.03242308e-01 9.01474953e-02 8.68500054e-01 5.26991844e-01
    8.17484021e-01 2.19684988e-01 5.36531806e-01 4.75370288e-01
    1.60091400e-01 4.41213101e-01 8.57487321e-03 7.85651028e-01
    8.48831296e-01 8.68305564e-01 5.08724928e-01 8.83990526e-02
    8.04978728e-01 3.37802172e-02 9.68671679e-01 4.75324959e-01
    3.38137180e-01 6.33486569e-01 5.63181043e-01 2.07090855e-01
    5.99939942e-01 9.88426983e-01 8.73868227e-01 9.89226818e-01
    6.89308763e-01 9.73210573e-01 4.43158686e-01 9.03725266e-01
    9.97974396e-01 2.82993555e-01 2.19053566e-01 9.84735310e-01
    3.89757812e-01 6.23067439e-01 3.34630966e-01 6.58218384e-01
    2.64786750e-01 6.62993550e-01 8.81882429e-01 5.27183414e-01
    5.10355592e-01 4.65065300e-01 3.25777650e-01 7.49624729e-01
    1.81396097e-01 2.89380729e-01 2.87513852e-01 3.97342056e-01
    6.34613633e-02 1.29806936e-01 6.51174188e-01 2.51325071e-01
    8.02677274e-01 6.44546509e-01 6.86928630e-01 4.90774572e-01
    3.59038115e-02 3.04102063e-01 3.63117635e-01 4.78526503e-01
    8.40325356e-01 1.64350837e-01 8.66659701e-01 8.20558012e-01
    3.06262553e-01 2.42915601e-01 1.08870625e-01 2.02743351e-01
    7.37366796e-01 3.22355747e-01 5.60334265e-01 6.49581075e-01
    1.37186050e-02 9.71940160e-03 6.99297905e-01 7.17021346e-01
    2.95775831e-01 1.43112063e-01 4.83334064e-04 7.34386146e-02
    7.23820031e-02 7.87323713e-01 2.10616201e-01 2.93891013e-01
    8.26558471e-03 6.35510087e-02 5.75676680e-01 2.96325505e-01
    2.67631710e-01 1.65319741e-01 7.98258722e-01 8.68867338e-01
    7.65921772e-02 7.11490512e-01 9.03627753e-01 9.71822262e-01
    8.59406948e-01 5.08472741e-01 3.14415395e-01 9.63226318e-01
    7.75743008e-01 6.80939019e-01 9.80651975e-01 8.33131850e-01
    8.58535171e-01 9.05082822e-01 5.49989164e-01 4.63425428e-01
    3.73506099e-01 7.91422665e-01 2.27564961e-01 2.71882653e-01
    7.65345931e-01 8.93522739e-01 2.58881837e-01 4.94827241e-01
    4.48575079e-01 2.53223598e-01 2.29415148e-01 9.59232211e-01
    4.42939699e-01 4.62069571e-01 6.92698181e-01 5.76980174e-01
    1.42151058e-01 1.99535936e-01 6.84822142e-01 7.51619756e-01
    3.59655976e-01 7.91826367e-01 2.72514224e-02 9.10678029e-01
    5.89494646e-01 6.33622169e-01 4.74289536e-01 8.64027500e-01
    3.07760715e-01 1.99954629e-01 4.78276521e-01 6.52170062e-01
    8.15946817e-01 8.82208109e-01 8.56910348e-01 2.59765387e-02
    5.26542902e-01 9.49020982e-01 9.18222964e-01 9.07361388e-01
    2.94113934e-01 2.72242963e-01 8.50891471e-02 5.22121906e-01
    5.61280489e-01 5.59924543e-02 6.20999515e-01 3.60678852e-01
    2.06326604e-01 9.78864431e-02 3.80928278e-01 2.24703431e-01
    4.57588136e-01 1.46268755e-01 5.00771582e-01 7.06763506e-01
    5.08578181e-01 9.64928687e-01 1.74861610e-01 9.56729174e-01
    6.20506525e-01 6.00298524e-01 2.23729908e-01 5.08120120e-01
    1.36882454e-01 3.75675321e-01 3.84612113e-01 3.24001908e-01
    5.68878353e-01 2.28336811e-01 9.91292179e-01 6.42647266e-01
    9.36737061e-02 6.47620857e-02 4.38974440e-01 5.17555892e-01
    9.71930861e-01 6.20606899e-01 8.51008892e-01 1.65674299e-01
    2.41443008e-01 8.88511539e-01 8.23566258e-01 1.94360763e-01
    4.38759148e-01 3.84940565e-01 4.17329431e-01 5.74880719e-01
    7.59946704e-01 7.58533478e-02 1.15014464e-01 9.90539193e-01
    1.46878451e-01 2.82921970e-01 8.39805722e-01 9.89845574e-01
    6.50423050e-01 4.02138740e-01 6.67962849e-01 4.50099111e-01
    3.68162096e-02 3.55211079e-01 7.85302401e-01 8.80954206e-01
    6.60028338e-01 7.18382299e-01 9.73301888e-01 4.01137531e-01
    6.25333130e-01 1.54225916e-01 5.57015657e-01 6.77693427e-01
    4.83755231e-01 3.75201732e-01 8.29296052e-01 7.79628158e-01
    7.82548130e-01 5.65226793e-01 7.67746925e-01 3.80923867e-01
    4.92281258e-01 2.73541272e-01 4.30270731e-01 5.14334857e-01
    1.16570652e-01 9.50103641e-01 4.48826849e-02 5.40336430e-01
    5.53219914e-02 2.35866696e-01 3.83260250e-02 4.09893066e-01
    7.93575644e-01 7.57567048e-01 7.52503335e-01 1.67810887e-01
    6.13176465e-01 8.70406389e-01 3.31221879e-01 4.66473877e-01
    5.80240428e-01 9.97261047e-01 7.57540047e-01 2.72166938e-01
    5.64268768e-01 8.82261753e-01 8.80614519e-01 3.22242081e-01
    9.10249949e-01 4.17925090e-01 3.74433279e-01 8.21261108e-01
    1.22881085e-01 6.76705956e-01 8.44553828e-01 7.66341686e-01
    1.20449036e-01 4.45933551e-01 9.60590363e-01 6.13282263e-01
    6.21182263e-01 6.33291721e-01 4.44631815e-01 6.89374804e-02
    3.63116443e-01 3.30670327e-01 4.25407290e-03 7.88448095e-01
    4.18874979e-01 7.27002919e-01 6.94961369e-01 9.72500205e-01
    3.07617486e-01 4.92105484e-01 6.53351784e-01 5.99146903e-01
    9.83324647e-02 7.41896451e-01 9.01948214e-01 1.37981355e-01
    9.70801771e-01 6.86617017e-01 5.25025129e-02 1.91212535e-01
    9.30865765e-01 1.79353267e-01 9.66349363e-01 2.50101238e-01
    1.30393237e-01 3.43504250e-02 7.25263238e-01 5.38502932e-01
    5.35082221e-01 9.69187379e-01 9.63729143e-01 9.34303880e-01
    8.30570519e-01 1.86558723e-01 8.20094347e-01 4.69830841e-01
    7.46050715e-01 7.65884399e-01 7.30735660e-01 4.12931740e-01
    1.26601130e-01 4.39832330e-01 3.55800271e-01 1.75163686e-01
    9.54802394e-01 6.08098805e-02 6.64645076e-01 2.02021688e-01
    4.60416436e-01 8.33179176e-01 2.24274218e-01 1.04761839e-01
    2.67785847e-01 8.31089914e-01 9.57252383e-01 4.03483808e-01
    8.47800970e-01 7.00426459e-01 1.39278173e-02 8.81246805e-01
    7.41241932e-01 7.64173269e-02 4.20258522e-01 9.57148671e-01
    3.78421515e-01 7.82819986e-01 3.81289303e-01 6.95412219e-01
    8.54330540e-01 7.32679367e-02 2.75224566e-01 2.81364024e-02
    5.41423142e-01 8.88969064e-01 2.42986441e-01 6.19990587e-01
    7.56039143e-01 4.53532100e-01 6.93331778e-01 3.69900525e-01
    2.29867876e-01 1.47569120e-01 5.78986406e-01 6.88520551e-01
    7.04234064e-01 8.70719910e-01 7.65085399e-01 5.84591269e-01
    3.94367337e-01 5.53787410e-01 3.17424715e-01 8.75388622e-01
    7.32549429e-01 5.02969444e-01 8.21534455e-01 9.16649222e-01
    7.85957038e-01 7.21991181e-01 4.26115990e-02 4.66383904e-01
    3.30697596e-01 2.09406316e-02 4.56061244e-01 7.48094678e-01
    4.09384072e-01 3.02947760e-02 2.44714767e-01 5.25286257e-01
    8.86659622e-02 9.31859076e-01 9.03869212e-01 5.93289733e-01
    2.50220627e-01 8.42509270e-01 4.91079062e-01 9.24660921e-01
    3.99485022e-01 6.36252761e-03 1.79677933e-01 7.82570243e-02
    6.87505543e-01 5.45238256e-02 8.21608424e-01 3.63867044e-01
    2.09784925e-01 5.09851038e-01 8.76408577e-01 4.46130067e-01
    1.56123340e-02 2.00603455e-01 8.94514203e-01 7.32970715e-01
    1.47044063e-02 8.97344112e-01 9.45604920e-01 6.02540016e-01
    7.02134967e-01 6.09395206e-02 3.84389579e-01 2.53213108e-01
    7.25561976e-02 6.79351807e-01 4.60050851e-01 6.00638986e-03
    3.72774243e-01 7.37269998e-01 6.83607519e-01 9.45445895e-02
    2.24036068e-01 5.37762582e-01 3.02147388e-01 4.07325804e-01
    4.84189391e-01 1.52787685e-01 8.66397917e-01 9.33989465e-01
    5.25802732e-01 3.44279885e-01 1.85887814e-02 7.16743112e-01
    2.73279428e-01 4.04501259e-02 1.88931078e-01 9.83834088e-01
    6.33356869e-01 6.84751868e-02 6.36148512e-01 7.93048143e-01
    8.22430730e-01 7.97213197e-01 9.68546748e-01 2.33626544e-01
    7.59822011e-01 1.81974500e-01 2.75781155e-02 1.74868703e-02
    5.42946219e-01 2.60785311e-01 8.44088554e-01 8.25185061e-01
    6.45250797e-01 8.60605597e-01 6.82413399e-01 9.99081016e-01
    7.71746039e-01 6.67133868e-01 5.44606805e-01 2.27017760e-01
    9.24764156e-01 7.57634103e-01 4.99210775e-01 2.73708642e-01
    7.11735427e-01 5.91758072e-01 2.97188431e-01 2.54665434e-01
    2.82015234e-01 3.15014273e-01 7.97454238e-01 6.36226296e-01
    1.12964153e-01 9.90350366e-01 5.19710004e-01 4.97180551e-01
    2.14816153e-01 4.59513813e-01 4.52428460e-01 5.41588664e-01
    3.84595931e-01 1.39679253e-01 4.40018892e-01 1.29764080e-01
    5.65066576e-01 7.87232876e-01 3.31734180e-01 8.85617495e-01
    9.35847998e-01 5.66460788e-01 8.42427850e-01 3.88997704e-01
    7.20373869e-01 8.75315428e-01 5.76533914e-01 5.61422110e-01
    7.51266956e-01 3.66041511e-01 1.42146736e-01 7.40129292e-01
    9.53734517e-01 6.11797869e-02 7.54271448e-01 8.10289860e-01
    4.21517491e-02 6.41752601e-01 4.66928482e-02 2.74687201e-01
    4.16297883e-01 1.72155887e-01 9.75985646e-01 1.73940152e-01
    9.06497359e-01 6.25894785e-01 1.60992414e-01 1.12638384e-01
    5.17110467e-01 3.01561564e-01 4.08212841e-01 4.91473913e-01
    2.78757632e-01 6.06772304e-03 2.87312686e-01 4.57851231e-01
    1.35302663e-01 5.01409769e-01 5.91858268e-01 5.00212610e-01
    1.57380909e-01 2.58144438e-02 3.35077763e-01 3.70333791e-02
    5.74731708e-01 3.80087316e-01 8.66583049e-01 7.90803790e-01
    8.55632782e-01 4.11773294e-01 2.24224091e-01 9.62794125e-02
    8.39918733e-01 4.46896374e-01 4.09298539e-02 6.00872517e-01
    3.12847257e-01 9.67190623e-01 2.84685522e-01 8.89475226e-01
    3.55907410e-01 9.83944774e-01 8.70911837e-01 1.09665871e-01
    5.98775148e-01 3.83407265e-01 4.21941161e-01 2.04938114e-01
    3.50352913e-01 8.06035757e-01 6.21106207e-01 3.95085722e-01
    4.83322084e-01 6.04449153e-01 1.56706125e-01 8.38322878e-01
    3.71723652e-01 4.38941300e-01 7.83467054e-01 6.84422731e-01
    9.96526241e-01 5.31951547e-01 8.74983430e-01 2.03205347e-01
    7.26937830e-01 6.17342889e-01 4.00090814e-01 6.94330871e-01
    8.21263075e-01 4.82923985e-01 7.46672809e-01 5.49759507e-01
    6.82222068e-01 4.02517796e-01 7.07039237e-02 3.88914347e-02
    3.01650375e-01 8.15977454e-01 3.83289635e-01 3.18611622e-01
    4.48106349e-01 4.00079370e-01 5.05541027e-01 7.16889918e-01
    6.24128580e-01 3.69499922e-02 3.17225158e-02 9.18063164e-01
    7.93915033e-01 7.80582726e-01 5.98684847e-01 3.33770931e-01
    5.79791725e-01 3.21682751e-01 1.21813685e-01 9.91673827e-01
    8.61764252e-01 9.07787263e-01 1.35921538e-01 1.51859254e-01
    8.01437318e-01 5.89695454e-01 3.15144271e-01 8.50370884e-01
    6.00091636e-01 6.17455125e-01 3.65155339e-01 4.43392545e-01
    2.16127425e-01 8.94967914e-01 6.36822462e-01 6.30597353e-01
    1.52874023e-01 9.98612106e-01 1.97224170e-01 3.98483872e-03
    8.65353107e-01 2.75971621e-01 5.76369643e-01 9.57521796e-03
    4.10964042e-01 7.00776875e-01 2.00017899e-01 7.53296077e-01
    4.09802377e-01 6.65757775e-01 8.91187489e-01 3.26893032e-02
    5.65872371e-01 9.75790381e-01 4.33483124e-01 6.20703459e-01
    8.61863196e-02 7.70243764e-01 6.01226687e-01 2.27551013e-01
    4.50712204e-01 3.54627728e-01 1.17787302e-01 9.06466544e-01
    1.94277912e-01 9.52566206e-01 4.98126000e-01 2.96619326e-01
    6.19346201e-02 8.17297637e-01 6.26441658e-01 5.47230482e-01
    6.88920975e-01 1.74450934e-01 9.02842462e-01 5.86055934e-01
    6.82523966e-01 6.45713568e-01 4.05109704e-01 9.23271656e-01
    3.21264476e-01 1.60922796e-01 5.23784220e-01 2.91534066e-02
    3.61161977e-01 2.61345804e-01 2.92318016e-01 3.95001411e-01
    2.61044443e-01 4.04140979e-01 8.66681874e-01 9.95649695e-02
    7.02939272e-01 6.95379376e-01 7.07624376e-01 2.22551674e-01
    1.10642165e-01 7.67006397e-01 6.67726398e-01 1.32656693e-02
    3.56046259e-01 7.47005522e-01 7.04491138e-02 4.99658883e-01
    5.55043280e-01 4.52825665e-01 2.47757137e-01 9.18498635e-01
    4.93821979e-01 2.26455569e-01 8.58484864e-01 6.11399889e-01
    8.48498940e-01 9.96145606e-01 8.84096265e-01 1.77245617e-01
    7.27184713e-01 1.08702242e-01 5.52379370e-01 8.67626846e-01
    2.28025407e-01 1.29091740e-03 9.54799294e-01 2.83946753e-01
    8.16574872e-01 2.11852491e-02 9.16976988e-01 8.02200913e-01
    2.49454319e-01 1.53423250e-02 2.69206345e-01 3.33489001e-01
    3.62013757e-01 9.55234170e-01 8.01528156e-01 5.64625144e-01
    6.13037705e-01 4.65445697e-01 3.36080700e-01 5.14433742e-01
    1.96215957e-01 4.17597264e-01 3.07614625e-01 9.76784110e-01
    4.04455960e-01 1.49654031e-01 7.80961037e-01 7.31962323e-01
    1.70041680e-01 7.92503238e-01 3.11596364e-01 3.36486042e-01
    3.54229748e-01 8.70460153e-01 1.48586780e-01 8.63262773e-01
    4.01234180e-01 4.95271534e-01 9.29202974e-01 3.76248956e-01
    4.34240580e-01 3.01067680e-01 7.63951302e-01 9.39339936e-01
    9.62798238e-01 4.48940933e-01 5.36588192e-01 8.10850501e-01
    4.42650080e-01 1.45752966e-01 7.74809957e-01 9.40646291e-01
    9.47358012e-01 1.44569337e-01 1.74069732e-01 5.75819671e-01
    3.47913504e-01 6.82837307e-01 6.52134299e-01 3.86760712e-01
    7.07479715e-01 4.71218437e-01 8.20560873e-01 1.11998320e-01
    9.78898883e-01 8.72230291e-01 1.88525558e-01 8.74924123e-01
    1.41847908e-01 6.23173535e-01 3.14257264e-01 8.15084815e-01
    9.62717056e-01 7.24419892e-01 2.26168096e-01 3.67872536e-01
    5.68978190e-01 2.19841152e-01 6.24882936e-01 5.47568619e-01
    7.24947751e-02 4.13531601e-01 6.88168883e-01 2.76138246e-01
    2.53126770e-01 5.56055367e-01 1.54411852e-01 4.70236510e-01
    5.71803927e-01 2.01303720e-01 1.17311984e-01 2.01032341e-01
    4.20685053e-01 9.72081900e-01 9.88604426e-01 8.72871637e-01
    8.21049452e-01 5.73637843e-01 4.57415700e-01 7.98740149e-01
    3.64264429e-01 5.94313443e-02 3.63201618e-01 8.15170169e-01
    4.56020474e-01 1.56475842e-01 4.07048643e-01 4.32742774e-01
    1.75559372e-01 8.17551851e-01 4.68978316e-01 5.82197070e-01
    3.37222159e-01 1.15344554e-01 8.43021393e-01 6.58354163e-01
    4.48247790e-02 3.16188872e-01 5.12191057e-01 7.35911012e-01
    5.46705067e-01 1.20982528e-03 7.92951703e-01 5.27997196e-01
    1.28806263e-01 1.87003851e-01 5.86579561e-01 3.75680447e-01
    8.09886813e-01 9.76991951e-02 9.33513045e-01 9.51755941e-02
    4.05240804e-01 2.40126520e-01 9.97390509e-01 9.23552155e-01
    2.77329803e-01 8.05166781e-01 4.75230426e-01 6.58468425e-01
    6.17433369e-01 9.22816992e-01 5.29273987e-01 2.28998363e-01
    6.36549711e-01 2.17015237e-01 7.65238285e-01 2.06831306e-01
    2.66942412e-01 3.78359318e-01 9.49044645e-01 8.01820993e-01
    7.67793357e-02 6.41543627e-01 4.32170182e-01 6.94329560e-01
    7.32866824e-02 7.79851139e-01 4.01224494e-02 7.75167644e-02
    9.37774181e-01 8.14887762e-01 1.02458209e-01 8.57355714e-01
    6.49363279e-01 1.33914739e-01 7.77519166e-01 4.67771947e-01
    2.03897387e-01 8.96197557e-02 4.91375506e-01 9.63369429e-01
    2.42446065e-02 3.67288291e-01 2.59110630e-01 4.17526901e-01
    1.63126141e-01 2.20252931e-01 7.49664426e-01 5.29732525e-01
    5.83266079e-01 5.86884499e-01 5.10956585e-01 5.48459291e-01
    7.51096010e-02 3.57732743e-01 6.06461823e-01 3.76183689e-02
    3.20899308e-01 2.57412523e-01 3.81605327e-01 3.78451169e-01
    8.92701030e-01 4.02307600e-01 2.46641994e-01 1.23367071e-01
    4.51104254e-01 2.37989366e-01 7.16157854e-02 3.50448400e-01
    6.73685193e-01 6.83799982e-01 9.47004318e-01 4.19924617e-01
    9.01383758e-01 9.62428749e-02 6.85780704e-01 6.66806817e-01
    3.07037354e-01 6.48874342e-01 8.88396978e-01 7.09580302e-01
    6.29925609e-01 7.47746170e-01 2.58376658e-01 9.59939063e-01
    9.10501957e-01 8.81160617e-01 3.90183985e-01 3.81994188e-01
    1.56549811e-01 9.76420641e-01 5.69519043e-01 8.23025107e-01
    7.60412812e-01 2.50868797e-01 3.72128516e-01 6.36496902e-01
    8.57347608e-01 1.17688775e-02 8.06481719e-01 8.41513872e-01
    2.55565941e-02 2.52418131e-01 8.27095509e-02 9.79560018e-02
    6.71627760e-01 8.53661895e-01 2.35996544e-01 6.64913356e-02
    9.09300148e-02 9.70905662e-01 4.90995139e-01 1.50835067e-01
    1.84895575e-01 9.06461596e-01 1.34104341e-01 8.28560889e-02
    2.65792519e-01 4.02565598e-01 2.77018487e-01 8.17624450e-01
    1.15923971e-01 2.18189657e-01 7.33517587e-01 5.31440914e-01
    7.21972823e-01 8.73262346e-01 8.55975568e-01 9.23472703e-01
    1.15731478e-01 7.40492105e-01 5.53790152e-01 1.00790590e-01
    9.59004045e-01 3.10045600e-01 7.39901245e-01 6.86428726e-01
    3.73296708e-01 4.13689017e-01 1.15889043e-01 2.12497592e-01
    5.04857898e-01 9.15500402e-01 1.76178217e-02 9.99749720e-01
    4.60771799e-01 2.51517147e-01 4.05248761e-01 8.42008591e-01
    7.25407004e-01 7.82468915e-01 2.92230099e-01 7.74534583e-01
    2.39415765e-02 8.74663591e-01 9.39864099e-01 7.82111108e-01
    8.87322128e-01 4.48655903e-01 4.45396662e-01 3.70801806e-01
    3.29633504e-01 1.97201073e-01 1.36463106e-01 7.46604443e-01
    9.05395031e-01 4.57494199e-01 8.83080482e-01 2.19345450e-01
    9.67038155e-01 1.54069066e-03 6.24772489e-01 7.66806722e-01
    1.75511181e-01 6.79003477e-01 7.12554574e-01 7.90214479e-01
    7.86046565e-01 8.95720720e-01 8.33881855e-01 6.29723907e-01
    9.08700228e-02 6.95692062e-01 2.56379724e-01 4.92463917e-01
    7.86105752e-01 8.40108275e-01 8.33403766e-01 6.58828795e-01
    8.03356707e-01 3.64916742e-01 9.43506122e-01 8.78416419e-01
    4.74895716e-01 5.75689614e-01 2.16182977e-01 3.96743000e-01
    3.79344732e-01 3.62423062e-01 8.49429846e-01 3.67884547e-01
    4.60110694e-01 8.74730349e-01 9.84550476e-01 6.87771320e-01
    3.33687931e-01 8.15699399e-01 6.11070633e-01 2.51159072e-01
    5.80972910e-01 8.75769615e-01 9.21322703e-01 5.02310872e-01
    4.60250169e-01 5.21837831e-01 4.43464220e-01 6.27844393e-01
    8.34798992e-01 3.59090209e-01 6.66713417e-01 6.89762235e-01
    6.49690270e-01 1.80826873e-01 4.73529547e-01 4.89237010e-01
    2.18251407e-01 3.69336963e-01 1.49411678e-01 4.39354986e-01
    9.78638768e-01 4.00674641e-01 7.00726271e-01 6.67256773e-01
    7.62629330e-01 9.10832405e-01 7.86476731e-02 5.94478786e-01
    7.07476079e-01 6.57588243e-01 3.05357516e-01 8.15136075e-01
    1.66235000e-01 6.45153821e-02 2.77371466e-01 5.03592968e-01
    9.38382149e-02 7.86986649e-02 3.26113939e-01 9.39553976e-01
    6.58706188e-01 6.45446062e-01 7.95810878e-01 3.91543597e-01
    3.85161638e-01 5.86281419e-01 1.88495815e-02 8.92035961e-01
    9.67877030e-01 2.69799858e-01 2.37870783e-01 8.92045319e-01
    8.45605016e-01 8.83082390e-01 2.25114822e-03 2.32811272e-01
    9.58926678e-01 1.37002826e-01 3.27561796e-02 5.57785869e-01
    4.72664922e-01 2.18940467e-01 4.58035171e-01 9.04045701e-01
    8.10266018e-01 5.08129656e-01 5.68052649e-01 8.79714847e-01
    2.75180399e-01 4.86295909e-01 6.02806032e-01 3.47314060e-01
    9.08587456e-01 1.26729548e-01 6.25636637e-01 2.70659834e-01
    4.11679596e-01 4.52241749e-01 3.86786163e-01 9.98030901e-01
    7.53479123e-01 6.06779695e-01 7.16300368e-01 2.68572658e-01
    1.46780401e-01 1.52853727e-01 9.45406914e-01 2.74328262e-01
    9.68427777e-01 3.83928865e-01 9.36855555e-01 3.82333219e-01
    1.54562533e-01 5.19674778e-01 6.81939244e-01 4.89783138e-01
    1.60082281e-01 5.68221807e-02 8.96418810e-01 5.67307115e-01
    6.35952234e-01 3.09300184e-01 4.54966366e-01 1.36159778e-01
    5.12267590e-01 5.46008050e-01 5.94692588e-01 1.05714023e-01
    3.90202135e-01 3.91139507e-01 5.94226599e-01 4.54458505e-01
    9.97839391e-01 5.37558794e-01 9.28506255e-03 6.98574662e-01
    1.83085382e-01 5.54996192e-01 2.98324585e-01 4.57222462e-01
    2.50705779e-01 9.99668360e-01 7.04686701e-01 9.68415141e-01
    8.89717698e-01 3.23361754e-02 3.56279969e-01 1.11099005e-01
    3.63455951e-01 3.09346318e-02 8.67395997e-02 8.63978326e-01
    8.65154505e-01 9.15156364e-01 6.86721504e-02 6.97401524e-01
    5.17672181e-01 2.72759199e-02 8.94991875e-01 4.15513277e-01
    6.97581172e-01 3.80311638e-01 9.98416424e-01 3.48305821e-01
    8.29191804e-01 2.34212011e-01 2.08991945e-01 2.17369676e-01
    8.85641217e-01 7.98353672e-01 2.15401769e-01 4.40076351e-01
    7.42966950e-01 7.01724529e-01 3.40730846e-01 7.14907765e-01
    2.70311177e-01 7.07702994e-01 3.72447073e-02 6.38451397e-01
    3.21755767e-01 8.89124691e-01 6.47001207e-01 8.84076178e-01
    6.41402125e-01 7.33273029e-01 1.72078550e-01 2.59516358e-01
    8.85877252e-01 2.04143882e-01 6.47765815e-01 8.01175892e-01
    1.04150116e-01 4.15187240e-01 7.13220179e-01 3.59351188e-01
    2.90813088e-01 9.59185362e-01 7.08620787e-01 3.27862561e-01
    6.57088161e-01 5.65195560e-01 8.75476003e-01 4.72498029e-01
    5.35264909e-01 6.91935718e-01 3.16850215e-01 4.68887061e-01
    5.59212923e-01 4.51371700e-01 2.71111310e-01 3.63782406e-01
    2.26316959e-01 1.09399021e-01 8.09660435e-01 7.10368633e-01
    7.68528819e-01 3.00788641e-01 1.69065237e-01 6.23302817e-01
    6.20433986e-02 5.89192390e-01 3.86932075e-01 2.68647373e-02
    8.47048640e-01 1.27230793e-01 7.69641519e-01 1.47952825e-01
    9.67867732e-01 4.30004179e-01 5.62444389e-01 6.76293373e-01
    6.82340860e-01 1.55334890e-01 1.85568333e-01 9.01959062e-01
    6.91551387e-01 3.89498830e-01 7.98679709e-01 6.48256361e-01
    5.01025438e-01 8.91843081e-01 8.23722899e-01 3.88634980e-01
    9.62779343e-01 6.66400909e-01 4.18114364e-01 7.41317332e-01
    7.25793004e-01 2.38492489e-01 4.01120573e-01 8.62839282e-01
    8.63738716e-01 9.75246131e-01 4.73982692e-01 1.01649046e-01
    8.62060308e-01 1.09893590e-01 3.83936018e-01 3.91621351e-01
    9.25872266e-01 5.32184005e-01 5.88303924e-01 5.29738009e-01
    3.90149146e-01 4.08962816e-01 9.14783776e-01 3.96748930e-01
    3.01811278e-01 4.81755823e-01 8.61185730e-01 5.82132876e-01
    1.87245905e-02 1.15308702e-01 5.40235341e-02 3.57181460e-01
    7.60895252e-01 1.27043486e-01 6.50060058e-01 5.89319527e-01
    2.82902807e-01 3.91974539e-01 8.89326632e-01 1.45809174e-01
    1.26073390e-01 6.74574971e-02 2.96108007e-01 8.08035910e-01
    2.96939611e-01 4.73401159e-01 3.21301997e-01 4.70870674e-01
    6.13205850e-01 8.69475603e-01 4.03662831e-01 4.42194641e-01
    6.79550588e-01 9.45786953e-01 6.37474179e-01 3.54635358e-01
    1.46414548e-01 3.15228879e-01 2.30209649e-01 5.00039101e-01
    2.86275148e-02 9.91396725e-01 7.17145741e-01 7.55888224e-01
    7.31098533e-01 4.87825900e-01 7.54892945e-01 9.06810582e-01
    6.55511975e-01 1.58058286e-01 8.30489099e-02 8.05226266e-01
    7.57979155e-01 1.02220476e-01 7.70133138e-02 2.99817115e-01
    9.94455457e-01 9.61445928e-01 9.31095660e-01 5.48279166e-01
    1.90035135e-01 4.68728751e-01 8.88296485e-01 4.97544020e-01
    3.47528905e-01 5.70190847e-02 7.01419115e-02 6.74571514e-01
    5.74380934e-01 8.73376012e-01 4.07659799e-01 2.50285149e-01
    1.50454164e-01 9.34766650e-01 2.57838219e-01 9.46924448e-01
    1.87260330e-01 7.04964519e-01 5.68180919e-01 8.22956443e-01
    7.91407049e-01 3.55097651e-03 4.58104461e-01 3.25308144e-01
    3.27605546e-01 5.84489882e-01 5.78101635e-01 7.27997124e-01
    9.29816842e-01 7.11081505e-01 7.52578020e-01 4.30985600e-01
    2.95248091e-01 6.31265640e-01 9.97471213e-01 1.35447085e-02
    5.11019230e-02 4.08544064e-01 5.21838784e-01 5.95262229e-01
    5.95020115e-01 2.27290422e-01 7.03801930e-01 2.55833983e-01
    8.51213634e-01 2.14543134e-01 3.15835416e-01 7.69657731e-01
    3.72561872e-01 2.60633588e-01 9.16565657e-01 9.16846871e-01
    7.81425118e-01 7.24536598e-01 1.92665011e-01 4.34347242e-01
    6.97322607e-01 5.31162262e-01 4.66100067e-01 9.20916438e-01
    5.48057675e-01 4.78460968e-01 3.54713380e-01 4.09277499e-01
    2.19950676e-02 6.06886506e-01 8.35530460e-01 7.34264374e-01
    9.48081017e-01 8.58418643e-02 7.55316615e-01 3.77978534e-01
    1.13778532e-01 4.63747829e-01 2.83694267e-03 6.51844084e-01
    4.15324509e-01 3.57434392e-01 3.35727930e-02 3.55926216e-01
    9.69164670e-01 1.51014060e-01 7.23109126e-01 3.27952057e-01
    3.90096694e-01 6.22409523e-01 1.81162506e-01 1.34673119e-02
    5.31817377e-01 3.50935876e-01 9.76805210e-01 1.56517625e-01
    8.47872972e-01 1.20842427e-01 7.50058770e-01 4.10766661e-01
    6.25737250e-01 9.55516815e-01 1.35442346e-01 3.65370572e-01
    9.53706741e-01 2.84908414e-01 3.74330580e-02 1.76296443e-01
    1.04577422e-01 2.53294647e-01 8.90876055e-01 3.83296639e-01
    4.85493422e-01 1.69702500e-01 4.19628024e-02 3.55083644e-01
    5.60953736e-01 5.57877779e-01 3.69101584e-01 5.65610647e-01
    3.71436715e-01 7.18987942e-01 3.08021963e-01 8.55628610e-01
    9.41703200e-01 3.10719937e-01 8.78774285e-01 9.99635458e-01
    1.84223652e-01 6.61139011e-01 6.69424355e-01 9.46079314e-01
    5.85591197e-01 6.32387161e-01 5.45172513e-01 1.20540887e-01
    9.55462456e-02 4.42062616e-02 9.16777253e-01 3.90497744e-02
    9.80100632e-02 8.74551535e-01 9.70598578e-01 1.47276521e-02
    5.41630983e-01 3.92943263e-01 2.18133330e-01 4.44020629e-02
    3.28453183e-01 2.28433430e-01 6.41941071e-01 6.97991073e-01
    9.51268792e-01 1.27692312e-01 1.60608888e-02 8.79588246e-01
    6.12305522e-01 1.61183715e-01 9.10066366e-01 2.75722563e-01
    1.83406711e-01 1.03785187e-01 3.99810761e-01 3.10251892e-01
    3.40126514e-01 4.41907704e-01 3.45471084e-01 1.72404796e-01
    4.80347633e-01 9.76188362e-01 5.75953245e-01 7.68212080e-01
    6.38097525e-04 7.68935919e-01 1.46142483e-01 3.10799986e-01
    5.19643784e-01 3.21125329e-01 9.49039578e-01 4.89922076e-01
    4.96089667e-01 2.46626586e-01 3.90789986e-01 7.11456895e-01
    4.04356778e-01 8.32557678e-04 9.54088330e-01 2.17530727e-01
    9.07334208e-01 1.16074681e-02 1.27390981e-01 4.29464906e-01
    8.75934660e-01 8.70548785e-02 7.22300768e-01 8.85988593e-01
    5.11433661e-01 1.79455310e-01 6.71968341e-01 7.99127519e-02
    9.88231063e-01 9.49646235e-01 8.30869913e-01 3.12854230e-01
    6.76147163e-01 4.56999868e-01 5.74950635e-01 4.82639134e-01
    3.56435776e-01 3.92135143e-01 9.49181676e-01 2.43364960e-01
    1.54282987e-01 3.90836477e-01 6.35323465e-01 8.18939209e-01
    7.11098671e-01 4.81401980e-02 3.53278756e-01 5.49467206e-02
    5.87180793e-01 3.24108601e-01 3.73214066e-01 5.46743631e-01
    2.15974271e-01 2.91039646e-01 5.39328516e-01 7.78571486e-01
    4.48385268e-01 9.09229338e-01 3.79792720e-01 2.51991928e-01
    7.74158239e-01 6.71738088e-01 5.55637598e-01 6.95806742e-03
    7.91596532e-01 1.03517085e-01 9.89232123e-01 5.84783852e-01
    1.43769383e-02 8.95817518e-01 1.97381228e-01 1.32745087e-01
    8.88465643e-01 3.90772015e-01 7.12580383e-01 8.45460773e-01
    3.58294904e-01 9.41883087e-01 3.16221297e-01 1.99648917e-01
    9.73181725e-02 7.41024017e-02 5.26138246e-01 7.91591108e-01
    8.95897627e-01 5.22157669e-01 8.76893163e-01 2.47515708e-01
    9.20616269e-01 6.74035192e-01 5.99025488e-01 9.92007136e-01
    2.34991342e-01 5.88494182e-01 2.04256535e-01 4.53237742e-01
    7.87095904e-01 9.24919486e-01 2.57133186e-01 1.44036740e-01
    8.79825532e-01 2.71415085e-01 9.09799933e-02 3.90708089e-01
    2.01929510e-02 8.30103993e-01 3.29013526e-01 7.83859015e-01
    7.02275395e-01 8.98231506e-01 4.66067493e-02 1.90468460e-01
    2.81664133e-01 2.19565064e-01 9.24591005e-01 6.67288601e-01
    5.13562858e-02 5.74884892e-01 8.26248765e-01 3.21450979e-01
    2.15785682e-01 4.36473489e-01 7.39673674e-01 3.13115716e-02
    9.11026299e-01 2.85344362e-01 4.65963602e-01 3.39027345e-02
    2.90438592e-01 9.11307216e-01 3.20472240e-01 5.02257109e-01
    2.37091213e-01 7.53344059e-01 8.00037026e-01 6.76691532e-01
    6.99929535e-01 5.96347809e-01 4.90486234e-01 1.59042209e-01
    3.53515744e-01 9.72946525e-01 7.68617630e-01 9.40388560e-01
    8.12286973e-01 1.45525247e-01 3.42180252e-01 3.41000259e-02
    7.72456765e-01 2.15777755e-02 8.69040191e-01 9.22923446e-01
    3.26170444e-01 6.30942583e-02 6.68127716e-01 5.10797918e-01
    1.95319533e-01 8.92293632e-01 9.63237822e-01 6.53178692e-02
    9.52245891e-01 1.08712226e-01 3.35305303e-01 5.30408025e-01
    7.78925419e-02 4.09774661e-01 2.97121584e-01 9.94879246e-01
    7.32969344e-01 8.14131379e-01 2.53080189e-01 2.40696937e-01
    9.43503618e-01 7.79837489e-01 3.97768199e-01 6.77981377e-02
    5.31108379e-01 3.58535439e-01 6.36247277e-01 2.02336013e-01
    8.74171853e-01 6.16151214e-01 4.79605556e-01 6.33819818e-01
    4.83690292e-01 7.79025674e-01 5.99183857e-01 6.74046218e-01
    4.73296642e-03 5.33809125e-01 6.43126130e-01 5.71892738e-01
    9.68582273e-01 4.34271812e-01 5.88847280e-01 6.94514275e-01
    3.73983860e-01 9.95947719e-01 9.51503992e-01 7.41706789e-01
    4.86887544e-01 7.50480413e-01 1.38221622e-01 9.18203771e-01
    7.85992503e-01 4.42129791e-01 2.00521499e-01 7.59770811e-01
    7.27747679e-01 3.12829018e-02 1.35919094e-01 8.78216982e-01
    2.37166315e-01 1.89021081e-01 3.90534967e-01 3.09366554e-01
    5.29431045e-01 5.26116967e-01 3.55637014e-01 9.84480381e-02
    9.75183606e-01 2.78795660e-02 8.37480068e-01 7.20236123e-01
    3.39062810e-02 3.88634205e-01 5.25109768e-01 3.08177710e-01
    7.21967161e-01 9.80203152e-01 8.88040066e-01 7.35172033e-02
    9.75582004e-01 3.25069159e-01 7.24857688e-01 8.41679513e-01
    8.28625798e-01 4.88172561e-01 6.77687645e-01 4.30933625e-01
    6.12587392e-01 5.61823547e-01 5.57757616e-01 8.64554644e-01
    8.11342120e-01 6.36721849e-02 6.73428774e-01 5.71869433e-01
    9.38156188e-01 4.93319124e-01 2.66322970e-01 7.87625432e-01
    6.22941017e-01 5.83270907e-01 6.44427776e-01 6.38750196e-01
    4.26792145e-01 3.64103317e-01 6.35170817e-01 1.88833386e-01
    8.56468797e-01 5.80534518e-01 3.91459584e-01 2.08155245e-01
    4.33446109e-01 2.34093785e-01 5.17747760e-01 8.13640654e-01
    6.95722103e-01 9.64148879e-01 2.94108689e-02 1.05862916e-01
    2.36109585e-01 9.54438865e-01 9.13984656e-01 7.07880735e-01
    8.06787670e-01 6.55201435e-01 3.08396637e-01 8.46250296e-01
    7.07442999e-01 8.16093326e-01 8.48970652e-01 1.33351117e-01
    1.32661432e-01 7.96661377e-01 9.05645013e-01 7.78230906e-01
    2.92327762e-01 7.43707120e-01 5.91468573e-01 4.98891741e-01
    4.42264557e-01 5.74578881e-01 5.16898274e-01 9.44058597e-01
    4.06666279e-01 1.45731598e-01 7.02326000e-01 5.28330922e-01
    4.40360427e-01 4.03565764e-01 8.93570900e-01 4.84338373e-01
    5.60076237e-02 8.64011407e-01 1.96211666e-01 8.38850617e-01
    1.02086544e-01 9.38490748e-01 5.90885282e-02 8.19408059e-01
    6.95185542e-01 6.14546537e-02 3.93751264e-01 7.40996957e-01
    3.67862880e-02 9.80122089e-02 3.61508429e-01 3.49620581e-01
    4.58623499e-01 8.03607464e-01 5.42706728e-01 6.32206321e-01
    5.13049543e-01 5.96842825e-01 1.21415704e-01 3.63535732e-01
    6.42550707e-01 3.93161595e-01 1.71188980e-01 3.36071670e-01
    1.73180938e-01 9.01562095e-01 5.71902335e-01 2.64620602e-01
    6.52325511e-01 3.07376981e-02 7.35630751e-01 2.04006195e-01
    6.86011314e-01 4.24481452e-01 2.94894755e-01 5.81124485e-01
    8.54161978e-01 8.21102619e-01 3.87506127e-01 2.66956270e-01
    5.47012210e-01 5.75978160e-01 3.02478969e-01 2.28926837e-02
    8.54732513e-01 9.02941108e-01 3.96684885e-01 3.90205085e-01
    7.16429591e-01 3.77591491e-01 4.65868652e-01 9.59854722e-01
    9.95617032e-01 5.30060887e-01 6.05615377e-02 9.40452933e-01
    4.48855758e-01 6.86755180e-01 6.75035179e-01 7.41588116e-01
    3.28151643e-01 9.08257246e-01 3.46352100e-01 6.84280694e-01
    4.10886228e-01 4.72164065e-01 9.36483383e-01 9.41302121e-01
    2.87595212e-01 7.99656391e-01 7.10226715e-01 3.02251637e-01
    4.23673540e-01 4.58414584e-01 2.02376068e-01 8.49999368e-01
    5.29038668e-01 1.88684672e-01 2.20754534e-01 6.17176354e-01
    2.50371158e-01 9.81370687e-01 4.56236959e-01 4.67466474e-01
    7.66146779e-01 8.09989452e-01 7.61912286e-01 9.07257915e-01
    6.61705613e-01 4.04195905e-01 1.49973243e-01 4.17524874e-02
    9.05426741e-01 2.56898940e-01 5.22141933e-01 8.27632844e-01
    9.35507298e-01 7.78289914e-01 7.83312976e-01 9.84272361e-01
    6.95638001e-01 1.26841664e-03 9.97942090e-01 2.69210875e-01
    5.58552206e-01 7.37721264e-01 6.61319494e-01 2.90447950e-01
    5.72729230e-01 7.25323200e-01 4.52666402e-01 3.58169079e-01
    8.05666625e-01 9.68867898e-01 4.27562207e-01 1.00441307e-01
    8.12267065e-01 5.95329821e-01 9.94463563e-01 2.86346406e-01
    8.22648644e-01 2.14497983e-01 6.64804459e-01 5.66530704e-01
    6.87774777e-01 1.38668865e-01 6.40885532e-02 5.74768662e-01
    4.67160314e-01 1.17410272e-01 8.81894052e-01 8.86078358e-01
    1.64928883e-01 3.03116679e-01 8.36026669e-02 4.10010576e-01
    1.42085910e-01 1.31513864e-01 2.72373945e-01 8.28682303e-01
    6.65615082e-01 4.66520995e-01 3.03122282e-01 9.55092132e-01
    6.97778761e-01 3.46612871e-01 2.08816260e-01 9.95253682e-01
    8.88374448e-03 1.08352602e-01 6.45357907e-01 1.45894736e-01
    5.98966837e-01 1.05779558e-01 8.76933932e-01 5.27939200e-02
    8.62976909e-03 2.72054970e-02 2.20826298e-01 9.09409404e-01
    2.94191003e-01 6.38094068e-01 3.00280035e-01 8.94289970e-01
    8.82832885e-01 2.06337273e-01 4.09373939e-01 6.54361427e-01
    2.76819110e-01 7.59946406e-01 6.40977025e-01 5.75823724e-01
    6.70105517e-01 5.23851573e-01 7.68766880e-01 9.90917802e-01
    9.59251285e-01 8.31960142e-02 9.74709153e-01 4.37613159e-01
    8.97218704e-01 7.19210505e-03 1.00803077e-01 6.07030392e-01
    6.61290884e-01 7.94516563e-01 4.81368095e-01 1.53858125e-01
    5.40683806e-01 5.96416473e-01 2.41201878e-01 7.40114570e-01
    4.95683551e-01 3.43292862e-01 2.60804832e-01 4.39355671e-02
    3.38150829e-01 6.81120753e-02 4.55235720e-01 8.91018867e-01
    1.09159470e-01 1.19230390e-01 8.30844045e-03 4.97523338e-01
    1.49303555e-01 8.03262830e-01 4.40093368e-01 8.83780479e-01
    7.34737396e-01 7.44951129e-01 2.73276269e-02 7.90897310e-01
    7.84066916e-02 1.39420182e-01 6.87189817e-01 9.11719084e-01
    9.55681503e-01 3.18135321e-02 6.90444529e-01 6.10994816e-01
    7.81168342e-01 6.86522484e-01 6.20041609e-01 4.43497419e-01
    9.43204045e-01 1.51878864e-01 8.33659589e-01 1.04964167e-01
    7.17836261e-01 6.13815367e-01 9.34314013e-01 2.75926828e-01
    4.76594001e-01 1.49156511e-01 8.20384622e-01 8.13501120e-01
    1.33321106e-01 1.86903238e-01 6.03491962e-01 3.71803761e-01
    8.73168588e-01 5.78889072e-01 5.40433109e-01 2.79928505e-01
    4.90692139e-01 3.26027393e-01 9.98357058e-01 6.17882252e-01
    8.16002548e-01 1.12664819e-01 8.45959842e-01 2.73752570e-01
    5.63126802e-01 6.28579795e-01 2.07059085e-02 6.15332544e-01
    3.72479945e-01 3.53328913e-01 6.06576741e-01 5.67136645e-01
    7.49774456e-01 6.70998335e-01 7.80637920e-01 2.46881634e-01
    2.59219915e-01 1.01439536e-01 2.30828851e-01 8.70025575e-01
    2.57257640e-01 8.47044349e-01 8.56199920e-01 3.36715341e-01
    9.34789181e-01 9.12004948e-01 7.12584257e-02 4.58195478e-01
    4.21847284e-01 7.85500169e-01 2.58591354e-01 7.17556059e-01
    3.15598965e-01 6.76762164e-01 2.16751724e-01 5.36353827e-01
    9.72682893e-01 9.72185969e-01 2.00875908e-01 9.86478269e-01
    7.75317788e-01 9.82155561e-01 1.23317540e-01 4.95465904e-01
    2.50911057e-01 2.12216258e-01 2.41843045e-01 2.19567031e-01
    1.49123728e-01 6.91905499e-01 2.57941991e-01 4.58553225e-01
    8.79966259e-01 4.92654145e-02 1.37362361e-01 1.29092634e-01
    8.49549711e-01 6.46573067e-01 9.96399760e-01 8.06968212e-01
    5.04463196e-01 3.29117477e-02 4.64572459e-01 5.40461540e-01
    6.11088991e-01 7.59389758e-01 7.65377700e-01 4.29226518e-01
    7.73244441e-01 3.85238886e-01 9.73590612e-01 7.51087308e-01
    6.66057169e-01 3.31551760e-01 8.50645542e-01 3.05891037e-02
    1.03006333e-01 4.64417338e-01 5.17333508e-01 4.53684002e-01
    7.27376878e-01 7.78314948e-01 5.10998607e-01 9.88758862e-01
    1.48576140e-01 9.01623845e-01 2.14194596e-01 8.58072877e-01
    8.51823986e-01 1.21316314e-01 6.39333725e-01 4.85612541e-01
    8.00265551e-01 2.16361314e-01 5.09142458e-01 4.46464241e-01
    8.12485814e-03 7.66257048e-01 4.06133890e-01 6.98199511e-01
    2.67397642e-01 7.24461436e-01 6.14419699e-01 7.40601182e-01
    9.07527566e-01 2.45645344e-02 2.72227824e-01 9.33376670e-01
    7.79881835e-01 5.43473721e-01 5.47641397e-01 2.61320263e-01
    1.33495629e-01 2.14825779e-01 4.87384975e-01 2.64742076e-01
    8.56177926e-01 5.25609851e-01 6.22806549e-01 1.23391211e-01
    4.90232915e-01 9.26395595e-01 8.43678057e-01 8.26235414e-01
    8.71654809e-01 7.77930319e-01 1.33280635e-01 5.75731337e-01
    5.56396544e-02 5.16795576e-01 7.89198279e-01 2.71999449e-01
    8.25013399e-01 8.02479863e-01 7.13127851e-02 1.07150704e-01
    3.00183177e-01 5.98063707e-01 2.42788285e-01 4.17446941e-01
    7.42973626e-01 6.85417414e-01 1.08062059e-01 8.05906415e-01
    4.97541130e-02 3.30076754e-01 5.34652829e-01 2.64494658e-01
    2.16266632e-01 7.61959314e-01 9.34095263e-01 5.32336771e-01
    4.21789259e-01 1.46404594e-01 6.37311339e-01 4.55803722e-01
    6.31112695e-01 1.21368170e-02 7.18775392e-01 5.11761665e-01
    9.85117912e-01 1.97286695e-01 4.56631452e-01 1.48820251e-01
    4.52417493e-01 1.33896232e-01 1.60772949e-01 3.80016088e-01
    9.69566226e-01 8.62401068e-01 5.69017112e-01 3.24871302e-01
    5.87616324e-01 6.23367310e-01 6.51041627e-01 2.66470373e-01
    9.00920331e-01 1.21651649e-01 1.66465044e-02 2.29129553e-01
    6.63734674e-01 9.30180073e-01 3.71732116e-01 7.51158893e-01
    2.80229449e-02 4.74912196e-01 7.60915399e-01 8.40839207e-01
    4.61889297e-01 6.21954918e-01 3.43744993e-01 5.28821945e-01
    8.61013830e-01 3.23739558e-01 3.81294966e-01 8.02320838e-01
    6.01012111e-01 5.47667801e-01 5.79485834e-01 1.84477180e-01
    4.73054677e-01 3.09871733e-01 1.53724104e-01 8.16311121e-01
    3.95680457e-01 6.69312179e-01 4.84133720e-01 5.96708238e-01
    2.12005824e-01 4.38786119e-01 4.12347823e-01 2.12392241e-01
    3.92155945e-01 7.15516210e-02 8.61016273e-01 1.51247948e-01
    4.93335932e-01 5.59677184e-02 8.28666568e-01 7.22654164e-01
    1.43730938e-02 8.99430215e-02 5.25567412e-01 7.39792585e-01
    6.03086829e-01 3.31339210e-01 6.78858817e-01 8.34226787e-01
    3.10036242e-01 9.55566764e-01 7.86652863e-02 9.26257133e-01
    4.40602034e-01 1.23729110e-01 3.20545644e-01 4.51397479e-01
    1.59770012e-01 1.20009184e-01 5.05468786e-01 9.20783758e-01
    6.08642995e-02 3.29593778e-01 1.38481021e-01 1.78391665e-01
    7.35693574e-02 8.80535722e-01 8.69159698e-01 9.63568032e-01
    1.08843446e-01 2.66252995e-01 6.34378433e-01 8.03597867e-01
    2.11465508e-01 6.15199804e-01 4.70156372e-02 8.20522010e-01
    2.31252998e-01 7.05300331e-01 5.91612697e-01 7.74776459e-01
    6.09350383e-01 1.74059659e-01 4.82778847e-01 9.58713591e-01
    9.15094495e-01 1.81736320e-01 8.40887785e-01 3.94801080e-01
    4.62847352e-02 9.26940918e-01 5.97591877e-01 8.09653878e-01
    3.40239853e-01 4.75820065e-01 2.47407883e-01 1.90345883e-01
    1.26025409e-01 8.17594886e-01 7.05987513e-02 2.09325314e-01
    3.97143692e-01 7.47669280e-01 1.98946357e-01 3.60693723e-01
    3.32231134e-01 1.50277853e-01 5.07892728e-01 9.26544070e-02
    5.21766424e-01 8.20979953e-01 5.29113710e-01 7.68932402e-02
    6.71316147e-01 4.15707290e-01 1.34019434e-01 9.53586698e-01
    1.67507052e-01 1.55327260e-01 9.61270988e-01 1.55208379e-01
    1.56773329e-01 2.14560032e-01 4.13805634e-01 8.56653214e-01
    8.31232846e-01 8.31422031e-01 6.14753544e-01 4.37995493e-02
    5.54664135e-01 1.21387213e-01 6.64632618e-01 7.49582052e-01
    7.98871219e-01 1.57847375e-01 1.63410276e-01 5.72520375e-01
    9.35101271e-01 1.15079463e-01 2.62277037e-01 5.76380193e-02
    9.66694236e-01 3.47775698e-01 8.23823512e-02 5.08722186e-01
    6.67909145e-01 6.97076023e-02 3.33635092e-01 5.02570331e-01
    1.42743170e-01 9.54908848e-01 8.56160939e-01 6.59079552e-01
    4.67898935e-01 1.86797947e-01 3.52736175e-01 6.05459869e-01
    6.41877949e-01 5.18165886e-01 5.49586475e-01 6.60746813e-01
    8.46282482e-01 3.16890478e-02 1.89509273e-01 5.02583444e-01
    3.22656989e-01 9.69086528e-01 1.11626267e-01 2.63020098e-02
    3.95836145e-01 6.78348958e-01 3.38131905e-01 7.96191752e-01
    1.68138385e-01 4.53471363e-01 6.03797674e-01 5.98174453e-01
    5.85899949e-01 2.84422278e-01 5.80725312e-01 7.52008080e-01
    1.91750854e-01 3.99866134e-01 5.42366326e-01 5.30787468e-01
    7.63202310e-02 6.55707717e-01 9.14056778e-01 9.01745200e-01
    7.49766111e-01 3.90676558e-01 7.03462064e-02 8.13556969e-01
    9.26656723e-01 3.36523354e-01 6.47877395e-01 6.87637687e-01
    6.07670069e-01 7.69781530e-01 2.35237300e-01 8.73296559e-01
    1.75451756e-01 7.98986077e-01 8.55000854e-01 5.87072909e-01
    1.50932640e-01 8.80606413e-01 4.23308998e-01 3.03888589e-01
    7.90858626e-01 8.03051353e-01 8.03398430e-01 1.62026733e-01
    9.73744512e-01 3.09574008e-01 3.38306010e-01 5.74196577e-02
    2.13508099e-01 4.29596901e-01 3.11592102e-01 1.28064871e-01
    2.31625319e-01 2.74942636e-01 9.77922082e-01 1.87870651e-01
    6.61447525e-01 3.08552086e-01 9.07551289e-01 1.50372177e-01
    8.10469031e-01 1.80359781e-01 6.68134034e-01 2.53918171e-02
    6.41593218e-01 5.08798361e-01 8.89591157e-01 3.72865260e-01
    1.71405405e-01 4.60870504e-01 6.65113807e-01 2.66221792e-01
    3.09673429e-01 8.38989377e-01 3.90872121e-01 9.99927521e-04
    7.61515141e-01 3.86768073e-01 9.07568991e-01 4.61398780e-01
    4.75836813e-01 6.68012500e-01 6.53367519e-01 9.91366625e-01
    2.22561240e-01 1.58007413e-01 5.45685709e-01 2.97690868e-01
    3.70988250e-03 8.80196154e-01 6.20550513e-01 5.56701303e-01
    5.01563668e-01 6.18678510e-01 4.82004941e-01 2.46060789e-01
    1.70022905e-01 9.30071950e-01 4.09794569e-01 4.01597708e-01
    1.06040180e-01 6.72702670e-01 9.25195217e-01 9.31506753e-01
    2.14962929e-01 9.40359473e-01 8.98416936e-01 5.17300844e-01
    6.10978544e-01 6.84669256e-01 7.12757289e-01 7.48116791e-01
    3.09773028e-01 2.52425671e-02 5.93409181e-01 5.66267133e-01
    1.28768981e-02 5.88046193e-01 3.21049899e-01 2.15708375e-01
    1.41697317e-01 8.63547683e-01 2.47783899e-01 1.87249124e-01
    8.09037328e-01 2.31360912e-01 8.61823559e-01 9.89010692e-01
    4.67677355e-01 7.33783841e-01 6.43060505e-01 7.92021751e-01
    6.52999580e-01 9.97385383e-02 6.43188357e-01 9.87001598e-01
    5.70182800e-01 6.44710124e-01 4.39266950e-01 7.46403217e-01
    4.95307237e-01 5.80629706e-01 2.22768039e-01 8.84368777e-01
    7.83360422e-01 5.72364748e-01 6.72978222e-01 5.13405621e-01
    3.76209527e-01 2.41017461e-01 7.34172761e-02 9.95497108e-01
    8.82951617e-01 6.89660907e-01 8.73711288e-01 5.12702167e-01
    3.33714008e-01 6.11046672e-01 1.87343240e-01 7.35864758e-01
    1.80421293e-01 1.24781936e-01 8.51211131e-01 7.77563930e-01
    2.11564898e-02 5.91447949e-01 4.59346563e-01 5.52927256e-01
    3.10961485e-01 3.46859515e-01 6.33706808e-01 4.71321404e-01
    6.66294336e-01 4.93065655e-01 9.21902359e-02 9.49935794e-01
    9.51359570e-01 4.75038767e-01 8.68059874e-01 4.29736435e-01
    1.48427784e-02 3.57656002e-01 3.61614168e-01 5.80066442e-01
    9.26036716e-01 1.89466983e-01 9.98287797e-01 3.18919510e-01
    2.31633604e-01 9.37673569e-01 9.10963655e-01 1.71030790e-01
    9.67158198e-01 1.15615666e-01 5.94889224e-01 5.97036302e-01
    3.79403442e-01 8.21456015e-02 7.19355881e-01 5.48838317e-01
    8.90697479e-01 3.29268664e-01 5.05031288e-01 7.63820291e-01
    5.10406315e-01 9.34693217e-03 5.93347371e-01 3.92162323e-01
    1.77631944e-01 3.74949038e-01 3.58282745e-01 6.43872321e-02
    1.74827456e-01 4.47407544e-01 8.57504845e-01 2.83519387e-01
    6.01730645e-02 2.69121170e-01 3.36150289e-01 6.75397575e-01
    4.16503549e-01 7.30813444e-02 8.73709321e-02 9.31662261e-01
    8.89059544e-01 4.82407540e-01 7.42682636e-01 4.86724079e-01
    8.15938175e-01 9.06561375e-01 3.27598959e-01 8.47022295e-01
    7.23182261e-02 7.83199787e-01 4.99683619e-03 1.81854337e-01
    6.69089615e-01 4.17011261e-01 5.59742510e-01 6.11450076e-01
    2.85782844e-01 9.52602446e-01 3.74277353e-01 5.87294996e-02
    6.73649311e-02 6.08106971e-01 4.77423519e-01 7.83267736e-01
    5.19420981e-01 6.59888029e-01 3.22674572e-01 3.46789241e-01
    5.19207716e-02 8.14582467e-01 7.13308930e-01 9.33285952e-02
    9.24488902e-01 4.00239229e-01 6.79287493e-01 6.15391374e-01
    5.16347170e-01 2.02823251e-01 2.29993314e-01 1.02489024e-01
    6.94281697e-01 3.19809824e-01 5.63627183e-01 7.71842957e-01
    8.82828057e-01 7.92005062e-01 1.87379658e-01 3.49391460e-01
    8.89954209e-01 4.70315129e-01 7.84506202e-01 9.39676404e-01
    5.95640481e-01 5.73864877e-01 7.90775776e-01 6.18732631e-01
    3.45505834e-01 3.61788213e-01 5.79744577e-02 1.55283749e-01
    8.01937819e-01 3.34233850e-01 6.19162560e-01 8.76074553e-01
    7.92872012e-01 9.92078960e-01 4.22890514e-01 7.34587789e-01
    3.27699780e-01 7.78605461e-01 1.97634876e-01 4.59753752e-01
    1.08325362e-01 7.47411489e-01 7.54850507e-01 8.03901553e-01
    9.36157465e-01 1.76674128e-01 2.56729126e-01 9.01045561e-01
    6.62014365e-01 3.59296918e-01 4.62389886e-01 2.70959258e-01
    5.81448615e-01 8.48508358e-01 8.80045593e-01 6.87461495e-01
    4.89236355e-01 9.43909287e-02 2.26091385e-01 6.05474293e-01
    5.87544918e-01 5.10324836e-01 1.84063315e-01 6.14479601e-01
    8.49582732e-01 5.95243812e-01 9.50666130e-01 2.50645667e-01
    8.91027629e-01 7.05042601e-01 6.48099422e-01 1.58845276e-01
    5.71629524e-01 8.31170440e-01 4.00807172e-01 2.58112043e-01
    1.98894471e-01 7.07896471e-01 2.67080456e-01 1.06040716e-01
    6.79187417e-01 2.66585946e-02 4.23949003e-01 1.36615038e-02
    4.16079164e-02 1.77782506e-01 9.70347524e-01 2.85901725e-02
    6.56062305e-01 3.52237046e-01 8.57453644e-01 8.59954953e-01
    6.69653833e-01 5.39329648e-02 9.92771983e-01 1.53024822e-01
    4.55269217e-01 4.00564134e-01 1.92828447e-01 6.59994304e-01
    1.53183937e-01 8.44112337e-02 5.75081468e-01 9.67554450e-02
    6.47598445e-01 4.21626657e-01 5.79180717e-01 8.99099410e-02
    2.29223639e-01 8.80710840e-01 8.19272995e-01 6.28381789e-01
    6.33213639e-01 2.98777223e-02 1.79793954e-01 9.40992057e-01
    2.75939107e-02 8.24412823e-01 1.23799175e-01 9.63015199e-01
    4.86599803e-01 4.10518318e-01 3.01541537e-01 5.64489722e-01
    2.66221762e-02 7.53545165e-01 5.91138363e-01 6.51781201e-01
    9.42264438e-01 7.76725709e-01 7.70939469e-01 5.62956810e-01
    4.58157957e-01 3.65775883e-01 1.31833524e-01 1.84079587e-01
    1.46433771e-01 4.25730884e-01 7.94412673e-01 8.01288009e-01
    7.94745386e-02 3.86809140e-01 2.10733384e-01 8.48950386e-01
    4.53486502e-01 3.57243419e-03 8.42910171e-01 6.09948397e-01
    7.92530656e-01 1.57283813e-01 8.09376478e-01 3.48441303e-01
    6.63944125e-01 2.81143755e-01 8.12131524e-01 7.16867030e-01
    9.91873741e-01 3.32484663e-01 2.82510459e-01 7.67084479e-01
    3.42299283e-01 8.28737617e-01 3.02191049e-01 6.36167943e-01
    8.31757188e-01 1.04668111e-01 8.31841826e-01 2.14591354e-01
    6.37747169e-01 2.18746424e-01 7.82413244e-01 7.50521660e-01
    9.15509343e-01 4.91442442e-01 8.23290110e-01 5.95610023e-01
    1.47512764e-01 3.66911948e-01 3.95901471e-01 2.02937126e-02
    3.50102007e-01 3.66164118e-01 1.59799755e-02 6.83601141e-01
    8.11853111e-01 1.51999265e-01 4.14743870e-01 4.97173309e-01
    9.38176930e-01 7.69109964e-01 6.72789693e-01 3.74264002e-01
    5.20004928e-02 1.64281458e-01 3.74551594e-01 7.07095027e-01
    7.76981831e-01 2.88116008e-01 8.77392292e-01 5.50053895e-01
    2.46053964e-01 7.93058515e-01 7.10445881e-01 6.16179466e-01
    1.70784146e-01 3.34881127e-01 2.66260564e-01 8.12205791e-01
    4.61820364e-01 3.00278664e-01 2.10136801e-01 8.50995302e-01
    3.73599857e-01 2.56859124e-01 4.84503865e-01 9.74999249e-01
    7.68724620e-01 5.45375228e-01 1.42588764e-01 7.88399994e-01
    3.69747996e-01 9.74161685e-01 9.50401485e-01 5.56202650e-01
    8.45474958e-01 6.79053664e-01 2.26334333e-02 7.78246284e-01
    7.32038915e-02 4.54071760e-01 9.67669487e-01 2.27693081e-01
    6.68331385e-01 7.95811534e-01 4.68497723e-01 6.68030977e-01
    4.97977734e-01 6.18822575e-01 6.69189155e-01 8.55180025e-01
    5.33294678e-03 9.18682456e-01 2.68134475e-01 1.37026310e-01
    7.09263682e-01 1.06249571e-01 3.83338690e-01 1.64997607e-01
    1.22430623e-01 7.04550803e-01 9.09527063e-01 4.12335515e-01
    5.97014427e-01 3.00404787e-01 2.72677362e-01 6.68469131e-01
    9.97283936e-01 7.37700224e-01 7.38849640e-02 6.42616630e-01
    3.88669580e-01 6.44307137e-01 5.46602607e-02 2.43322134e-01
    8.36923838e-01 1.01252615e-01 4.52610582e-01 9.62462425e-01
    7.91546345e-01 2.11590379e-01 3.67535710e-01 9.46837485e-01
    8.29349875e-01 1.91779256e-01 5.79095542e-01 9.74953771e-01
    5.45521975e-01 1.27696186e-01 2.31731474e-01 6.82988942e-01
    3.85938883e-01 6.42901659e-02 8.53824019e-01 6.48034096e-01
    3.54708672e-01 7.48243928e-02 7.59227872e-02 7.60346830e-01
    9.16892767e-01 3.75941545e-01 5.21489143e-01 4.76976842e-01
    5.42000651e-01 7.59739518e-01 5.21188378e-01 4.64108050e-01
    5.56259930e-01 4.71690804e-01 2.44769543e-01 8.67008686e-01
    3.20119053e-01 6.27577901e-02 6.30733252e-01 2.57983297e-01
    8.38728845e-01 1.83242679e-01 9.08432305e-01 9.37092304e-01
    3.19984555e-01 5.61526895e-01 4.33298469e-01 9.57770944e-01
    7.20024109e-01 5.68432391e-01 3.34169596e-01 2.10007429e-02
    3.21786106e-01 4.74191308e-02 3.94316375e-01 4.22152460e-01
    8.25043619e-01 8.47865045e-01 5.61778784e-01 6.87173784e-01
    7.18890786e-01 3.45203102e-01 2.06400812e-01 8.66537452e-01
    7.23392367e-01 3.66058022e-01 6.71409070e-01 8.93286586e-01
    5.16300201e-01 3.62260997e-01 8.33847702e-01 1.74207658e-01
    9.90136862e-01 8.40727091e-02 6.59374118e-01 4.42832232e-01
    5.57841241e-01 8.67724776e-01 1.72083765e-01 7.51167476e-01
    7.32465804e-01 5.96394837e-01 3.06314588e-01 6.08635306e-01
    5.96681356e-01 2.96300650e-02 1.94987446e-01 2.88972080e-01
    5.37345350e-01 4.63464499e-01 2.73292005e-01 7.33322263e-01
    9.70085263e-01 8.63860965e-01 9.93945599e-02 5.56678832e-01
    2.88395375e-01 9.14356291e-01 8.19741011e-01 7.32735813e-01
    5.87937117e-01 3.87213916e-01 9.76476133e-01 1.64678872e-01
    8.13082099e-01 6.19241118e-01 5.63971758e-01 4.07953918e-01
    4.84411001e-01 7.76272416e-01 6.88866735e-01 9.79846597e-01
    5.96192956e-01 3.02527785e-01 8.00679803e-01 9.26289797e-01
    9.50072408e-01 6.05896950e-01 8.15490186e-01 4.17543828e-01
    3.25295299e-01 8.39890242e-01 7.68834651e-02 4.26700503e-01
    7.93505251e-01 6.27616882e-01 9.56989229e-02 5.95018446e-01
    2.06931710e-01 4.95270759e-01 3.87309194e-02 6.42644644e-01
    2.13438898e-01 2.55856574e-01 7.96694577e-01 6.09300554e-01
    1.36328906e-01 8.16392660e-01 9.79938924e-01 9.24167633e-01
    8.81880283e-01 5.00604808e-01 3.78473133e-01 6.73818231e-01
    3.28176618e-02 6.62560880e-01 9.86989379e-01 1.03831381e-01
    8.01698029e-01 5.95523298e-01 3.16926301e-01 7.46629357e-01
    3.37006807e-01 8.88698518e-01 8.33376050e-01 4.50510681e-01
    7.58097649e-01 7.53989220e-01 7.44145393e-01 9.51678813e-01
    5.68810225e-01 4.28849816e-01 5.98780036e-01 4.80389506e-01
    3.00522089e-01 7.80604005e-01 2.93457806e-02 4.53072697e-01
    1.19126111e-01 7.63910174e-01 4.98868406e-01 9.46020722e-01
    2.34494507e-01 7.53836036e-01 8.33073258e-01 9.40746009e-01
    2.43626237e-01 9.16148245e-01 3.17120612e-01 4.30095673e-01
    8.54280651e-01 7.79269636e-01 7.68403888e-01 9.60963607e-01
    5.19801557e-01 6.31246865e-02 1.68717653e-01 6.05606973e-01
    7.30178297e-01 1.14113212e-01 2.90867209e-01 7.88277745e-01
    9.16677237e-01 5.52668452e-01 6.55015528e-01 3.29177141e-01
    8.66413474e-01 8.81347537e-01 1.96658909e-01 4.56697404e-01
    1.84339941e-01 3.03447813e-01 4.92614508e-03 6.02898836e-01
    3.38884771e-01 1.60120666e-01 2.46292651e-01 1.62335724e-01
    8.66240144e-01 6.19744360e-01 1.41578048e-01 7.99814522e-01
    8.60954225e-01 4.21251357e-02 3.49248350e-01 7.03816533e-01
    3.40811133e-01 1.49977505e-01 9.56587434e-01 6.36437833e-02
    9.22025442e-01 4.05663848e-02 9.84833002e-01 8.25896561e-01
    5.29723465e-01 4.12239850e-01 3.08601975e-01 5.79471946e-01
    5.31235516e-01 2.66648769e-01 5.66249430e-01 6.68805122e-01
    7.26996422e-01 4.12334800e-02 4.44733173e-01 7.61036456e-01
    7.59161592e-01 8.35375905e-01 1.75361633e-01 3.21603656e-01
    5.82467675e-01 2.93245316e-01 8.52278352e-01 7.65425920e-01
    4.30315137e-02 5.22096455e-01 3.47704291e-02 2.78125644e-01
    5.40849030e-01 5.61076045e-01 3.38215709e-01 4.51659113e-01
    3.10781270e-01 1.28514707e-01 8.46956611e-01 5.00443459e-01
    9.28553104e-01 8.06887269e-01 2.22745568e-01 8.16600204e-01
    7.04080701e-01 3.31302047e-01 5.47179699e-01 4.12337244e-01
    2.45822906e-01 5.76598585e-01 8.46646428e-01 6.46319151e-01
    7.14575231e-01 7.82859385e-01 1.02936476e-01 3.25048566e-02
    7.37843812e-02 9.74650025e-01 3.81068826e-01 7.16114640e-01
    1.80179477e-01 5.09713113e-01 3.46053302e-01 1.16011500e-01
    1.23858213e-01 8.32948804e-01 9.94894266e-01 2.53341913e-01
    5.58543861e-01 2.37330884e-01 1.53614461e-01 4.28045750e-01
    2.18479246e-01 5.68670154e-01 3.34046900e-01 3.56691301e-01
    2.45340109e-01 8.32899094e-01 8.53085756e-01 3.71884942e-01
    8.37692559e-01 7.03598261e-02 2.81016231e-01 8.49090993e-01
    7.73170114e-01 9.09868240e-01 2.54227877e-01 8.76977503e-01
    4.99472857e-01 1.98654801e-01 4.43510413e-01 9.96317506e-01
    4.04644012e-03 5.09029508e-01 1.50966972e-01 8.21066678e-01
    4.32097554e-01 3.42793822e-01 3.98442507e-01 2.20259339e-01
    1.72097296e-01 2.69738615e-01 9.32959020e-01 9.29265618e-01
    9.14373815e-01 8.72334838e-01 4.22393799e-01 2.65053391e-01
    8.23249221e-01 7.60664403e-01 7.28098154e-01 3.71306092e-01
    5.55770755e-01 1.07380748e-01 3.71722341e-01 7.69353092e-01
    7.97311008e-01 1.11019939e-01 2.21344709e-01 4.13079917e-01
    6.61770880e-01 5.57600856e-02 6.13518596e-01 8.33225608e-01
    4.99938846e-01 7.50824332e-01 3.18728477e-01 2.35382915e-01
    2.72933722e-01 4.95145857e-01 1.54343605e-01 8.12636852e-01
    6.46941662e-02 4.12929893e-01 4.79054749e-02 2.98610568e-01
    7.00234711e-01 8.56028199e-02 6.75620139e-01 7.60101974e-01
    7.30904877e-01 6.59315646e-01 9.87907946e-01 5.13519764e-01
    5.37609756e-01 9.36378837e-01 4.29103196e-01 1.28916830e-01
    5.80013573e-01 1.22120380e-02 9.63658571e-01 4.18737262e-01
    1.08461112e-01 7.78025866e-01 4.24422681e-01 4.58941400e-01
    2.96870291e-01 6.55495048e-01 3.61343920e-02 4.45444971e-01
    7.75061011e-01 3.58031154e-01 1.94028527e-01 9.86650825e-01
    8.58935595e-01 1.27665609e-01 9.16829705e-02 4.13434327e-01
    4.93004382e-01 3.58693600e-02 9.47663724e-01 2.61342287e-01
    9.21926439e-01 2.00020283e-01 1.14877403e-01 1.37670487e-01
    3.68954897e-01 7.48518407e-02 5.66066384e-01 3.02616090e-01
    5.06706715e-01 4.27045494e-01 2.26057440e-01 7.95227885e-01
    1.01451248e-01 9.19788361e-01 3.60647380e-01 1.23370886e-01
    1.66112721e-01 8.86352539e-01 7.30219841e-01 4.84497279e-01
    4.98971254e-01 3.72348011e-01 6.52091265e-01 1.37198538e-01
    5.65090060e-01 4.79708910e-02 2.84129441e-01 2.11826086e-01
    9.37807322e-01 1.59249097e-01 5.57239056e-01 8.23769689e-01
    4.63677108e-01 5.87813854e-02 8.13308120e-01 7.42084920e-01
    1.58114105e-01 2.01132774e-01 7.02993870e-02 4.09932971e-01
    9.89781857e-01 7.28895068e-01 7.42111325e-01 2.17495739e-01
    7.53341079e-01 6.12766266e-01 1.75226450e-01 1.74946278e-01
    4.30606723e-01 5.01030564e-01 7.64167666e-01 2.74388731e-01
    6.25857234e-01 2.85019815e-01 9.77718234e-01 2.45970488e-02
    1.05306149e-01 8.15752745e-02 3.34607065e-02 3.46150845e-01
    4.65364307e-01 3.06473196e-01 1.76023096e-01 4.24468488e-01
    3.10999423e-01 7.30667830e-01 3.46780926e-01 6.94686532e-01
    1.57532692e-02 9.64808822e-01 8.86508584e-01 4.86257821e-01
    3.40109438e-01 9.17358875e-01 6.97514355e-01 3.30072224e-01
    4.62611705e-01 7.66402364e-01 2.95117736e-01 6.86058581e-01
    7.99667299e-01 3.20823073e-01 1.89837247e-01 7.75046110e-01
    4.15559351e-01 9.20676649e-01 9.01747465e-01 7.36540258e-01
    4.64797556e-01 3.63502562e-01 2.72883058e-01 5.46169460e-01
    6.04260445e-01 3.66235614e-01 8.37968290e-01 4.85455036e-01
    2.57581472e-04 6.33223593e-01 5.90443134e-01 6.55146003e-01
    4.05365109e-01 7.70287871e-01 4.77536023e-01 2.04062641e-01
    5.22623420e-01 9.91882324e-01 2.81091809e-01 8.26935470e-01
    5.41288137e-01 4.45321441e-01 6.78998053e-01 5.28983712e-01
    8.22599173e-01 2.39157915e-01 4.53341633e-01 7.59122014e-01
    6.73727334e-01 5.62103689e-01 8.48250866e-01 5.10761142e-02
    8.23325872e-01 9.39531505e-01 5.10063767e-03 5.66447616e-01
    5.51611543e-01 4.52356726e-01 3.03874254e-01 4.83347565e-01
    4.87586200e-01 7.11375356e-01 2.31541246e-01 1.07923746e-01
    9.80147660e-01 3.80695254e-01 2.82615155e-01 2.77716279e-01
    2.28277206e-01 8.30768168e-01 8.92423153e-01 4.42670166e-01
    3.04335415e-01 8.88078332e-01 4.70685482e-01 8.52185249e-01
    9.64552522e-01 8.72454047e-01 5.61189771e-01 8.87185931e-02
    7.52606571e-01 1.88653886e-01 3.98841023e-01 1.04684740e-01
    7.35415578e-01 3.62556130e-01 2.13731587e-01 3.02010357e-01
    6.32732213e-02 4.11720872e-01 5.20208180e-02 9.05107021e-01
    6.28625274e-01 7.93065786e-01 5.94069183e-01 9.48444843e-01
    8.16465974e-01 1.39205515e-01 7.43125677e-01 2.97465086e-01
    1.13473684e-01 4.34700012e-01 7.06460357e-01 9.15005624e-01
    6.93544924e-01 9.16033983e-03 8.25958073e-01 4.75983322e-01
    9.06416059e-01 2.14564532e-01 7.44073629e-01 5.26193202e-01
    4.30224657e-01 8.74836564e-01 2.77799726e-01 7.55684137e-01
    8.71717811e-01 3.07501495e-01 1.91717416e-01 6.05521262e-01
    2.42966115e-01 6.10340595e-01 8.78062367e-01 4.75179136e-01
    3.32640290e-01 7.01320708e-01 7.86584735e-01 4.07146871e-01
    3.71303111e-01 4.99561340e-01 3.68046463e-01 8.89806032e-01
    1.25491679e-01 1.63794756e-02 6.27490699e-01 6.75865114e-01
    1.57309592e-01 1.79735899e-01 5.04987240e-01 8.85015130e-01
    2.03078359e-01 8.50891829e-01 6.14714444e-01 6.04523122e-02
    8.31532776e-01 5.20993888e-01 9.05557513e-01 9.97206151e-01
    1.18344456e-01 8.36646020e-01 2.23751754e-01 8.47256124e-01
    2.94279635e-01 9.81827378e-02 8.57598364e-01 5.85804641e-01
    1.27117604e-01 8.01006198e-01 3.64434153e-01 8.45560431e-01
    1.32651299e-01 8.50036263e-01 9.71161723e-01 3.34395766e-01
    7.10452795e-02 5.53567290e-01 2.05745220e-01 2.98175514e-01
    7.11747706e-02 5.00130653e-01 7.65089691e-02 2.74096191e-01
    8.61923695e-01 7.06996620e-02 7.51682997e-01 5.05286276e-01
    8.52782726e-01 2.34552145e-01 5.82616448e-01 5.61932743e-01
    7.50655055e-01 4.52618450e-01 9.36901569e-02 6.13802671e-01
    7.50713050e-02 2.11771935e-01 7.56353378e-01 6.07411265e-01
    3.67584884e-01 8.75978351e-01 6.12337351e-01 1.34469241e-01
    3.92979234e-01 9.96851921e-03 9.01746750e-01 3.41735840e-01
    6.86026752e-01 5.92871130e-01 1.38912618e-01 2.20792949e-01
    2.08874345e-01 6.79758728e-01 9.03167844e-01 5.30641973e-02
    1.91796780e-01 4.99711186e-01 7.30738044e-03 8.85497808e-01
    3.15352917e-01 4.23489928e-01 2.39496171e-01 8.91390800e-01
    1.71596318e-01 6.79006755e-01 5.07392526e-01 8.22287917e-01
    9.26934123e-01 6.67551816e-01 2.94126600e-01 1.99505419e-01
    9.36653733e-01 7.24234283e-01 4.01959598e-01 7.14227080e-01
    2.24058926e-01 6.09991312e-01 2.00125277e-01 4.84679610e-01
    4.38803732e-01 3.91125560e-01 4.60867643e-01 1.74170762e-01
    6.93420589e-01 7.85464942e-01 7.04452395e-03 1.27178431e-02
    7.05582500e-01 8.39758337e-01 4.62242424e-01 4.67683941e-01
    9.15091455e-01 1.34949625e-01 4.08868223e-01 2.94939816e-01
    5.11740506e-01 4.61706877e-01 9.62733030e-01 6.22749925e-01
    2.33046532e-01 6.45456970e-01 3.30020964e-01 2.32936651e-01
    3.27132314e-01 4.81869340e-01 6.01479828e-01 3.10882032e-01
    9.39506412e-01 7.85298705e-01 7.04395771e-02 3.11670721e-01
    7.63742685e-01 9.69514608e-01 1.43053025e-01 5.81461489e-01
    6.35114253e-01 4.27171290e-01 8.58956277e-01 8.10218990e-01
    7.42029488e-01 1.24094486e-01 4.61570382e-01 6.64305389e-01
    6.07735932e-01 6.21185064e-01 6.29408062e-01 3.12426746e-01
    6.56633198e-01 9.15299058e-01 1.49565399e-01 6.33507729e-01
    5.55299163e-01 5.84362864e-01 1.87006921e-01 5.09454727e-01
    2.26072401e-01 2.39880681e-02 3.22602153e-01 1.34378046e-01
    3.05366993e-01 3.90176773e-02 8.95959973e-01 9.95141387e-01
    8.28076005e-01 6.68213725e-01 4.57735121e-01 8.37084174e-01
    3.32241803e-01 9.32862997e-01 6.68973804e-01 9.90265846e-01
    1.68355376e-01 1.69346720e-01 9.91697252e-01 5.51055968e-01
    2.76839137e-02 3.89013916e-01 9.76693273e-01 7.10130572e-01
    2.66142428e-01 8.80629718e-01 9.23276901e-01 5.17734170e-01
    8.44320893e-01 3.34701926e-01 2.83758223e-01 9.51235116e-01
    6.47500992e-01 5.35906136e-01 9.30311441e-01 6.70299053e-01
    5.35430312e-01 1.38941824e-01 6.33245707e-03 1.91348225e-01
    1.23733580e-02 8.52738619e-01 7.71821260e-01 6.09014153e-01
    9.77337956e-01 3.75497818e-01 6.48994625e-01 4.37905729e-01
    5.86950660e-01 6.63749039e-01 6.75413489e-01 8.78997445e-01
    4.98285890e-02 8.14310253e-01 4.10200119e-01 3.85872006e-01
    6.20925307e-01 1.99070632e-01 3.92325819e-02 8.07136655e-01
    5.23234785e-01 6.24892890e-01 9.69486237e-02 1.89998746e-03
    1.93021655e-01 6.11687720e-01 4.33327526e-01 1.37124956e-01
    1.90667212e-02 8.16487134e-01 3.48378450e-01 8.62101018e-02
    7.24506140e-01 5.35452127e-01 2.41555393e-01 3.77464682e-01
    5.28637409e-01 3.55242193e-02 1.34144902e-01 3.09513509e-01
    8.69976938e-01 5.01222312e-01 4.62863505e-01 5.45872808e-01
    4.62578177e-01 3.46004963e-05 5.62455595e-01 3.87790382e-01
    7.82992065e-01 3.16760123e-01 1.83151901e-01 8.79272521e-02
    4.21409160e-01 5.56219220e-01 7.44985342e-02 7.05585480e-02
    8.61738324e-02 2.72002161e-01 8.32595706e-01 8.41539919e-01
    1.32450968e-01 6.75461173e-01 4.16810870e-01 9.96225893e-01
    8.35952878e-01 6.92376196e-02 2.53230751e-01 2.90707648e-02
    5.20635247e-01 3.14590693e-01 9.39631402e-01 6.20161533e-01
    8.06228757e-01 2.31277108e-01 9.67444301e-01 8.29289079e-01
    6.27752841e-01 2.82056123e-01 2.30314612e-01 3.17183852e-01
    8.70247722e-01 1.64706469e-01 4.72968876e-01 6.50035739e-01
    1.75156087e-01 1.57022595e-01 7.17872143e-01 7.22486973e-01
    3.73000324e-01 1.73731118e-01 3.94447058e-01 4.77757603e-01
    6.46179199e-01 6.76901042e-01 9.21630859e-02 8.58281732e-01
    3.06331754e-01 1.74157381e-01 2.89360285e-01 7.76617885e-01
    5.21247745e-01 7.34299362e-01 5.61468244e-01 3.07568491e-01
    6.84705317e-01 3.91787589e-02 8.42194557e-01 4.12056684e-01
    5.46602607e-02 8.06125283e-01 9.05252099e-01 9.10585523e-01
    8.53168070e-01 1.19135439e-01 8.11218381e-01 4.69673157e-01
    2.13313043e-01 5.12499452e-01 5.31598091e-01 6.26979470e-01
    8.00797462e-01 3.93952131e-02 8.28709900e-01 7.18733072e-01
    9.28039789e-01 9.73701596e-01 3.48848343e-01 2.31746584e-01
    6.65302932e-01 2.41019964e-01 9.95427012e-01 1.39926374e-01
    8.84023905e-02 4.95591104e-01 7.06964433e-01 2.44468063e-01
    5.26206315e-01 9.33648586e-01 7.45428324e-01 3.00640643e-01
    2.51349241e-01 5.34797609e-01 8.00975144e-01 4.85035956e-01
    8.11605215e-01 9.61752534e-01 8.56352091e-01 9.44150686e-01
    4.19151783e-02 6.04825616e-01 1.17107838e-01 4.24861968e-01
    6.05405033e-01 1.85792327e-01 1.41358405e-01 1.36400253e-01
    1.38106287e-01 6.02789938e-01 3.03734720e-01 4.09290701e-01
    3.92433286e-01 3.07829440e-01 3.20680261e-01 1.16948277e-01
    1.60748601e-01 2.16952682e-01 9.56573367e-01 5.14793277e-01
    8.38938117e-01 9.85291481e-01 4.24428225e-01 3.54749441e-01
    4.88992810e-01 2.10612148e-01 2.30025738e-01 9.58557606e-01
    4.76487339e-01 2.07888722e-01 5.62940121e-01 3.70120049e-01
    1.83929175e-01 6.06937766e-01 9.61110950e-01 8.63989234e-01
    7.85165250e-01 6.38637125e-01 5.83433926e-01 7.05813587e-01
    1.45665824e-01 8.49846840e-01 9.45318639e-02 6.42712116e-01
    9.50715840e-01 3.46312016e-01 2.11781621e-01 2.24236518e-01
    5.88545084e-01 7.37981200e-01 2.85685480e-01 1.88630551e-01
    9.38320160e-03 9.80556250e-01 6.79750919e-01 3.67312312e-01
    1.34477466e-01 5.67789793e-01 3.65494072e-01 6.86335683e-01
    7.42485523e-02 2.85261273e-01 7.01843381e-01 5.65297544e-01
    7.18380034e-01 5.31680942e-01 8.44778717e-01 1.99300170e-01
    2.05655247e-01 7.70981073e-01 2.26447880e-01 7.63586700e-01
    8.17166865e-01 8.19955468e-01 6.76578760e-01 3.73335779e-02
    1.52003437e-01 4.19317901e-01 6.97605968e-01 1.71012610e-01
    6.03857636e-02 1.32019490e-01 9.90137219e-01 8.89514089e-01
    8.10209036e-01 7.58750319e-01 3.43552530e-01 4.78817552e-01
    7.86221981e-01 8.45252573e-02 4.32622701e-01 2.12676883e-01
    1.83111280e-01 2.42875814e-01 1.39764220e-01 2.64137566e-01
    6.11677349e-01 5.41492522e-01 9.10617352e-01 6.01680577e-01
    1.18421257e-01 5.82945347e-01 3.42516959e-01 9.34461832e-01
    9.56035972e-01 4.98032302e-01 4.28370714e-01 4.33509260e-01
    8.16720605e-01 1.65348887e-01 4.41166580e-01 9.09411073e-01
    7.54007995e-02 5.02947271e-01 4.56237495e-02 5.79265535e-01
    9.13075030e-01 4.10276949e-02 3.13453555e-01 2.13429183e-01
    4.26278740e-01 8.38193297e-02 8.16425085e-01 2.93678164e-01
    1.25849605e-01 6.38634861e-02 6.38271689e-01 5.13764083e-01
    2.22833991e-01 6.12058520e-01 3.88104618e-01 9.02314305e-01
    8.89436960e-01 5.91422021e-01 6.22787714e-01 8.23577762e-01
    2.07631290e-01 7.81047344e-03 7.85192788e-01 2.02548027e-01
    6.89573765e-01 5.79513013e-01 2.01003343e-01 8.94265890e-01
    5.13229489e-01 4.03313458e-01 3.66551161e-01 4.31774259e-02
    5.89427352e-02 6.42570794e-01 8.97633433e-02 6.99956119e-01
    4.86619860e-01 7.16758847e-01 4.24619913e-01 7.22359300e-01
    4.15963113e-01 5.37966788e-01 4.18815076e-01 8.51759732e-01
    8.68723154e-01 5.61729252e-01 3.97908270e-01 3.63236070e-01
    7.14645028e-01 6.08517349e-01 3.46479774e-01 2.47979969e-01
    5.47104836e-01 9.41349745e-01 8.70178580e-01 9.39215183e-01
    3.42754126e-01 9.86631393e-01 7.03222692e-01 9.48815525e-01
    8.37496400e-01 7.26918101e-01 6.67522669e-01 6.27662897e-01
    8.19066048e-01 1.87753737e-01 2.24605173e-01 1.54042363e-01
    8.80241275e-01 8.48299861e-02 9.20327485e-01 8.21945369e-02
    7.39556015e-01 7.31189907e-01 1.73536032e-01 2.41222680e-01
    4.76690829e-02 7.08183885e-01 8.89884710e-01 9.89052713e-01
    1.48573935e-01 7.10910082e-01 6.72466755e-01 6.76327825e-01
    6.89383268e-01 2.94454634e-01 5.22266328e-01 9.53401148e-01
    9.95338559e-01 1.71649694e-01 3.88922721e-01 7.65893698e-01
    3.73522937e-01 4.26142782e-01 2.88458765e-02 3.54310334e-01
    6.66493297e-01 8.88314188e-01 9.89071488e-01 6.57422781e-01
    1.72484249e-01 6.58575714e-01 1.96494520e-01 1.33527756e-01
    7.62453854e-01 4.43577945e-01 4.44198966e-01 8.18681121e-02
    9.96035814e-01 7.77784824e-01 3.96598577e-01 3.42503726e-01
    9.07922506e-01 3.27590525e-01 1.76968694e-01 1.79587930e-01
    5.10276139e-01 9.48109269e-01 3.86140227e-01 3.04327190e-01
    6.63774908e-01 7.12493539e-01 9.83695865e-01 4.31676000e-01
    4.06558990e-01 3.23319823e-01 1.54348791e-01 2.16593385e-01
    8.61390531e-02 7.85370767e-01 9.58040833e-01 3.08905452e-01
    6.67630732e-01 3.11809242e-01 2.61983097e-01 8.80356014e-01
    9.48189557e-01 7.22476542e-01 4.49174225e-01 6.40025556e-01
    1.19781226e-01 6.14314914e-01 7.75856972e-01 7.31670499e-01
    7.70714521e-01 5.72263420e-01 3.67543668e-01 5.93445837e-01
    8.40142429e-01 5.84789336e-01 7.12028027e-01 4.80384797e-01
    5.76335311e-01 7.05267191e-02 7.15822995e-01 4.67737526e-01
    3.04283381e-01 2.10164309e-01 7.01279402e-01 5.29146731e-01
    6.82398200e-01 6.58188820e-01 8.18238735e-01 2.97875404e-02
    9.16602373e-01 3.69732410e-01 1.98369116e-01 1.84370339e-01
    6.65253699e-01 8.88027191e-01 6.80444598e-01 6.92201972e-01
    2.03518093e-01 6.73051238e-01 3.46674114e-01 3.25059474e-01
    5.16462207e-01 6.80408299e-01 1.73731923e-01 6.42872214e-01
    1.26075089e-01 8.48471999e-01 9.38512564e-01 6.76162779e-01
    4.79299426e-01 6.88076377e-01 5.75153589e-01 4.35562968e-01
    5.23949683e-01 2.19564557e-01 2.06311226e-01 4.73457277e-02
    2.66642034e-01 6.31123841e-01 3.40140402e-01 9.29544568e-01
    1.85304135e-01 5.07104456e-01 8.53102565e-01 3.70424062e-01
    7.22745359e-02 3.40733707e-01 6.24828517e-01 5.98794758e-01
    4.95081514e-01 3.62472445e-01 5.24999738e-01 7.51134396e-01
    1.10183626e-01 4.85528141e-01 5.27093530e-01 1.94628239e-01
    3.68062854e-01 3.82644922e-01 2.10902691e-01 4.09081012e-01
    8.33129525e-01 9.78786469e-01 8.03208292e-01 6.53626919e-01
    5.16916513e-01 2.73025036e-01 6.73435628e-02 1.09430462e-01
    8.12211156e-01 7.44264781e-01 7.17954636e-01 6.42772555e-01
    7.51833498e-01 1.99337900e-01 3.64275753e-01 9.48418975e-01
    7.98629642e-01 2.10503340e-02 7.78177142e-01 3.76151800e-02
    4.53196287e-01 8.10591042e-01 1.12071037e-01 9.27494168e-01
    2.35513330e-01 4.10950720e-01 6.66911602e-02 6.91349387e-01
    5.06860435e-01 3.15981209e-01 9.38468099e-01 5.36005259e-01
    7.99164891e-01 2.92747259e-01 1.54183507e-02 4.63765502e-01
    5.04505336e-02 8.04077625e-01 7.69007206e-01 2.85048485e-02
    8.94514561e-01 5.67188799e-01 5.00707030e-02 4.65681225e-01
    9.87870514e-01 5.27670264e-01 4.98298407e-02 6.13428771e-01
    1.92338526e-02 8.03618908e-01 6.88395023e-01 2.17732608e-01
    1.51620805e-02 6.91003621e-01 3.12462628e-01 1.97844386e-01
    3.67462367e-01 7.70404339e-01 9.87004161e-01 7.03285575e-01
    7.49792874e-01 7.09974349e-01 3.19098353e-01 8.90752077e-01
    6.08471274e-01 3.32597971e-01 6.07091308e-01 4.53817070e-01
    9.55897093e-01 5.18060327e-02 4.61521417e-01 2.45288402e-01
    8.94984186e-01 2.62591839e-01 3.25570762e-01 5.73358357e-01
    7.72219300e-01 4.18095708e-01 7.65532374e-01 7.55621791e-01
    6.79657578e-01 3.95805478e-01 1.60758495e-01 4.98941302e-01
    6.04631186e-01 2.98189044e-01 1.78448319e-01 6.65806234e-01
    2.98112869e-01 1.02119803e-01 4.86850798e-01 7.85963893e-01
    7.46157408e-01 2.24100053e-01 3.34716737e-02 3.14215004e-01
    2.44305134e-02 3.50792259e-01 1.52494818e-01 2.81453133e-01
    8.44193578e-01 5.80754995e-01 2.67279744e-02 7.82940328e-01
    4.09582436e-01 2.73105890e-01 8.16587806e-02 5.44978499e-01
    3.60447973e-01 7.00992763e-01 6.11489892e-01 8.51820171e-01
    2.17847258e-01 3.83228600e-01 1.00260735e-01 8.31727743e-01
    2.04899490e-01 3.90560329e-01 5.89161038e-01 3.43489379e-01
    8.26156139e-01 1.66195750e-01 5.71753919e-01 2.57419765e-01
    4.36321616e-01 5.21203160e-01 4.43795919e-02 3.95736337e-01
    6.55400693e-01 1.40390962e-01 4.71983731e-01 2.11575776e-01
    8.48675609e-01 9.01221871e-01 3.50032687e-01 8.91778350e-01
    2.94452548e-01 3.55854303e-01 5.78936636e-01 2.31867760e-01
    2.07418472e-01 1.47840053e-01 3.76697749e-01 7.77205527e-01
    6.24841928e-01 7.04219222e-01 5.81295669e-01 6.63866997e-02
    2.77995765e-02 6.38053179e-01 5.75286031e-01 7.49657452e-01
    2.39347428e-01 3.10155869e-01 8.35340917e-01 7.90849805e-01
    7.65058875e-01 3.84831190e-01 5.61667383e-01 1.60984397e-01
    6.56639636e-01 6.90808058e-01 8.75063360e-01 7.30625093e-01
    5.45370758e-01 9.92851555e-01 4.58094597e-01 9.40484703e-02
    2.78731674e-01 7.58431911e-01 3.66038501e-01 2.50699729e-01
    4.16615963e-01 6.13260090e-01 4.72025275e-02 5.77688813e-01
    1.39563769e-01 4.39068347e-01 1.45290643e-01 3.74830604e-01
    1.21202171e-01 4.37901735e-01 2.45349646e-01 3.16465318e-01
    7.02128947e-01 2.62622356e-01 3.81463766e-03 2.54179955e-01
    7.12657213e-01 5.75649917e-01 8.41993570e-01 4.67920601e-01
    4.89041388e-01 9.36039031e-01 9.40178752e-01 2.53075719e-01
    8.24841082e-01 9.88454819e-01 1.50776207e-01 3.39083493e-01
    8.41634750e-01 3.24846685e-01 9.54520822e-01 2.46886939e-01
    7.38559961e-01 8.32530320e-01 4.61345106e-01 6.47445858e-01
    2.11293548e-01 3.65711451e-01 3.84893894e-01 8.35866690e-01
    3.17838371e-01 5.88624358e-01 1.11067295e-01 3.46111298e-01
    5.88504255e-01 3.83332372e-03 4.36040163e-02 7.54718423e-01
    1.26642197e-01 8.54279459e-01 7.75836408e-01 3.90576631e-01
    8.32483828e-01 1.73054993e-01 2.54881442e-01 6.34787917e-01
    3.19205940e-01 1.08199894e-01 8.98981094e-03 2.84489870e-01
    3.78018975e-01 5.03761768e-01 1.66439652e-01 6.42999709e-02
    4.34557855e-01 2.42062628e-01 2.17526734e-01 4.45641160e-01
    3.36382747e-01 6.58021867e-01 5.48850715e-01 7.26062298e-01
    4.88829046e-01 9.43593264e-01 7.48764038e-01 3.97077382e-01
    5.06083906e-01 3.21298450e-01 7.99683154e-01 8.00414920e-01
    4.73875940e-01 8.94241333e-01 6.41458035e-01 1.20391071e-01
    6.82419538e-01 1.22379303e-01 6.55034423e-01 5.22488117e-01
    1.25665307e-01 6.00340724e-01 3.79964978e-01 2.56928682e-01
    9.61814880e-01 5.26582479e-01 5.97992122e-01 6.02906883e-01
    5.81588149e-01 4.20621008e-01 7.62620866e-02 1.93265349e-01
    6.83591366e-01 7.68895984e-01 1.57352477e-01 1.17559075e-01
    1.22278064e-01 5.82197309e-03 8.96902740e-01 4.86121744e-01
    3.09645653e-01 6.97930872e-01 9.71979499e-01 1.11713618e-01
    2.90532947e-01 3.36003304e-02 7.73389995e-01 2.88191557e-01
    5.90736985e-01 5.57468116e-01 4.58304286e-01 1.09514147e-01
    5.56159854e-01 8.53338718e-01 6.96072340e-01 1.74359530e-01
    8.15220952e-01 2.67285824e-01 5.73284984e-01 7.61904180e-01
    8.19745779e-01 2.77509093e-01 2.29032755e-01 8.05564761e-01
    7.15034366e-01 3.27849656e-01 4.51176435e-01 1.65430337e-01
    3.16411555e-01 4.20201421e-02 1.19289935e-01 4.23030317e-01
    8.87939811e-01 1.80123895e-01 8.95353854e-02 4.06115800e-01
    1.97359383e-01 3.03661317e-01 8.99540782e-02 6.47303700e-01
    8.26776862e-01 8.33891451e-01 9.73693371e-01 9.33980465e-01
    3.01873386e-02 9.29330230e-01 7.86625445e-02 5.09651065e-01
    6.11971974e-01 1.76779330e-01 7.23531604e-01 1.35342717e-01
    8.15803349e-01 6.95366979e-01 8.85268092e-01 8.94733310e-01
    9.54815269e-01 6.92164361e-01 7.79275775e-01 4.50958312e-01
    8.85820866e-01 5.18216133e-01 7.93680668e-01 2.34744191e-01
    9.44443762e-01 5.19073665e-01 5.95414877e-01 3.18319917e-01
    5.41992724e-01 1.01724893e-01 3.69391590e-01 2.09963411e-01
    3.92906398e-01 1.46514356e-01 5.41562021e-01 1.55173838e-02
    9.19667840e-01 9.80128646e-01 5.87385893e-02 8.08302999e-01
    7.95923471e-01 5.20183504e-01 5.24087191e-01 7.07019269e-02
    5.59852839e-01 6.24706626e-01 2.45807379e-01 6.45504475e-01
    1.06844723e-01 6.55761719e-01 3.63936812e-01 4.76229310e-01
    7.49376178e-01 5.44708967e-01 5.77211261e-01 2.35642314e-01
    7.39011645e-01 5.34785509e-01 4.95921969e-01 5.64046383e-01
    4.10250187e-01 9.50997353e-01 4.34006751e-01 5.95645010e-01
    9.02153552e-01 8.43185425e-01 3.79968375e-01 5.46672583e-01
    1.68252766e-01 3.05540651e-01 8.34332466e-01 9.85250115e-01
    8.23042274e-01 7.72605538e-01 9.02811646e-01 5.20394087e-01
    5.38550735e-01 4.00792450e-01 2.79066265e-02 8.74834418e-01
    9.77893233e-01 2.01337606e-01 9.14945900e-02 4.13904428e-01
    7.48201787e-01 4.98328358e-01 9.29283321e-01 5.12765467e-01
    7.08138585e-01 3.75105381e-01 9.45538402e-01 7.42030323e-01
    2.06310302e-01 1.71690375e-01 7.64256120e-01 9.80839550e-01
    5.77657163e-01 6.61545992e-01 1.19608223e-01 7.78069079e-01
    4.94590819e-01 2.79180020e-01 9.03945327e-01 9.97832179e-01
    5.29376149e-01 6.94650412e-01 6.28734171e-01 3.55596215e-01
    1.65219605e-02 3.25671673e-01 6.81361794e-01 8.38521361e-01
    9.84408677e-01 9.92117167e-01 5.65672576e-01 5.14417589e-02
    6.62330866e-01 8.60210776e-01 1.59187615e-02 5.08992910e-01
    3.13391656e-01 1.95687205e-01 8.37176442e-02 8.75916362e-01
    7.95615315e-01 4.62731630e-01 4.29990053e-01 6.65444732e-01
    1.21413231e-01 6.36056960e-02 7.10872531e-01 8.72823715e-01
    9.92142677e-01 3.75165761e-01 4.08166349e-01 4.92876798e-01
    1.55465513e-01 1.71879739e-01 7.81223297e-01 1.91761613e-01
    2.80412138e-02 1.57823533e-01 3.73936683e-01 3.75715405e-01
    6.75940216e-02 3.43586624e-01 8.92874002e-01 1.57033861e-01
    6.04202628e-01 2.05743253e-01 3.86957496e-01 2.88160563e-01
    8.55768442e-01 9.61786151e-01 3.06116462e-01 3.49348724e-01
    5.92130125e-01 6.75000072e-01 2.35130459e-01 1.91078007e-01
    5.65714657e-01 8.13224733e-01 7.73085773e-01 8.14885378e-01
    7.39737391e-01 2.68334031e-01 4.90684986e-01 8.67128074e-02
    1.07060373e-02 7.08197296e-01 5.67161858e-01 3.14008832e-01
    3.48258436e-01 6.82287514e-01 3.50584567e-01 3.42032701e-01
    5.89015901e-01 2.91497290e-01 1.35138243e-01 3.52077127e-01
    6.06224775e-01 6.40962124e-01 4.16588485e-02 8.48387182e-01
    6.25473857e-02 5.52383125e-01 4.52933192e-01 7.59505033e-02
    6.26708210e-01 8.14246356e-01 5.38974702e-02 6.52610004e-01
    6.81906343e-02 2.25316614e-01 4.81926680e-01 5.47310889e-01
    7.15288699e-01 2.76699781e-01 5.11569679e-01 1.69576228e-01
    9.09137011e-01 8.61451626e-02 9.57582474e-01 8.49488974e-01
    5.99430025e-01 5.95819652e-01 9.15441513e-02 9.53850627e-01
    5.85012913e-01 6.80037141e-01 3.77138793e-01 5.04795492e-01
    4.20644283e-02 8.78114820e-01 8.11139584e-01 2.30621964e-01
    4.82786387e-01 3.34311426e-02 1.94358408e-01 2.25266069e-01
    1.80352718e-01 8.20697606e-01 2.30745167e-01 3.53421271e-01
    6.20225191e-01 6.19976819e-01 6.53897405e-01 6.65071011e-01
    3.70209634e-01 1.63357526e-01 5.89494586e-01 4.21068788e-01
    4.89450395e-01 4.74000573e-02 6.56424880e-01 7.35186756e-01
    3.52880657e-02 2.20711529e-02 2.80343354e-01 1.64320171e-02
    4.27663624e-02 6.87150061e-01 3.65990996e-01 6.56718254e-01
    5.42458057e-01 2.40919769e-01 8.35386574e-01 4.81298536e-01
    8.44818711e-01 9.88544345e-01 5.86279809e-01 5.56568265e-01
    2.37337619e-01 7.68334150e-01 7.39635944e-01 2.51778483e-01
    4.83342499e-01 8.71501565e-02 9.86721873e-01 6.26532674e-01
    7.08784282e-01 6.98509634e-01 4.83457029e-01 6.26406193e-01
    5.04868329e-01 9.51907396e-01 7.15452790e-01 5.71117282e-01
    9.09420609e-01 6.71514571e-02 5.16054988e-01 6.63945675e-02
    7.10959196e-01 1.95309043e-01 5.09255111e-01 8.22059035e-01
    5.75237334e-01 7.53293633e-01 9.82577682e-01 5.84439933e-01
    8.41408968e-01 1.75576687e-01 8.38921547e-01 5.79236567e-01
    1.25574470e-02 6.23040080e-01 8.96218181e-01 7.35288680e-01
    4.62335825e-01 2.75778472e-02 2.67319739e-01 1.22682184e-01
    9.13385868e-01 1.60997450e-01 7.38002181e-01 8.39240551e-02
    6.76777363e-01 1.62309587e-01 2.24386185e-01 4.09609079e-03
    5.59833705e-01 7.44477272e-01 7.88576722e-01 1.59360737e-01
    9.63981748e-01 3.77048701e-01 7.39218056e-01 6.44718528e-01
    6.64894044e-01 7.40893483e-02 7.91140974e-01 8.77944350e-01
    1.43062949e-01 2.94932008e-01 4.81951952e-01 4.77524728e-01
    6.72209978e-01 1.60156459e-01 6.21035218e-01 2.61587918e-01
    5.90242743e-01 1.47692710e-01 2.14210778e-01 1.07455403e-01
    2.86189198e-01 9.65636671e-01 1.03847176e-01 5.76001227e-01
    7.27474570e-01 3.87688994e-01 3.45010698e-01 1.65495247e-01
    9.16502357e-01 9.62303042e-01 2.91114151e-01 7.41652548e-01
    8.57084155e-01 6.66167736e-01 1.03608787e-01 5.66247582e-01
    2.29292601e-01 7.31388927e-01 3.71809095e-01 4.30382103e-01
    2.87785411e-01 9.87028480e-01 9.27000642e-01 9.52158868e-02
    5.66567540e-01 5.18697500e-01 3.53113711e-01 2.55828619e-01
    6.83611512e-01 2.77780890e-01 5.68675160e-01 9.45436239e-01
    2.90560424e-01 5.33055186e-01 9.95363712e-01 5.51481783e-01
    2.88518071e-01 1.18279129e-01 7.43425429e-01 6.65579677e-01
    4.86857146e-01 7.93137848e-01 5.07502496e-01 6.76211417e-02
    3.72569084e-01 7.23089933e-01 6.94203138e-01 2.47832417e-01
    6.64991498e-01 9.43293929e-01 4.48119521e-01 3.33533585e-01
    5.61659038e-01 5.97291052e-01 9.93366241e-02 8.68416667e-01
    8.92289221e-01 9.60741282e-01 2.84723282e-01 1.65594250e-01
    8.87627065e-01 1.44241720e-01 5.80745816e-01 1.58245742e-01
    2.43640780e-01 4.22209889e-01 3.65443468e-01 5.70142627e-01
    5.17617345e-01 4.10797656e-01 2.16150582e-01 5.73364735e-01
    3.11925769e-01 5.85872829e-02 6.44743562e-01 7.58033752e-01
    6.33618951e-01 7.79860675e-01 2.91129261e-01 9.06631410e-01
    1.77809238e-01 3.45195472e-01 9.60657597e-01 2.98521340e-01
    8.59478354e-01 7.03632832e-01 6.88137114e-01 3.75367045e-01
    1.84489280e-01 1.74196154e-01 2.69188643e-01 7.13241398e-02
    5.46775520e-01 8.77197385e-02 5.56970417e-01 1.64888769e-01
    1.35856777e-01 4.52685654e-02 7.74245381e-01 6.16474628e-01
    7.62781262e-01 1.54053807e-01 7.30961680e-01 2.51132607e-01
    6.36157990e-01 1.27384216e-01 1.12299740e-01 5.06832898e-02
    5.41009188e-01 1.73211992e-01 9.82685447e-01 4.13148046e-01
    7.46310949e-01 5.73171437e-01 9.67596412e-01 1.45562410e-01
    3.29392612e-01 3.14262420e-01 9.19082880e-01 4.90675420e-01
    4.01117206e-01 5.70611060e-01 8.79670084e-02 8.29184055e-01
    9.16913867e-01 7.04514980e-01 9.95172381e-01 2.45597005e-01
    4.45749164e-01 6.59740329e-01 1.99599385e-01 3.47689390e-02
    7.14037120e-01 8.12861919e-01 4.40656155e-01 8.08126450e-01
    8.51881981e-01 6.26449645e-01 3.34538221e-01 5.41588306e-01
    5.70662916e-01 6.40504837e-01 4.38432097e-01 1.78174168e-01
    3.32602859e-03 7.64357567e-01 3.87297511e-01 8.36810350e-01
    6.48930669e-01 7.19259381e-01 8.96247745e-01 3.16624343e-02
    2.25430816e-01 8.25333536e-01 9.91722941e-02 4.72276628e-01
    3.55983138e-01 9.40778852e-03 5.52434623e-01 1.80011749e-01
    5.61667860e-01 4.26396221e-01 4.50900674e-01 4.73018676e-01
    9.22643542e-01 2.20171094e-01 4.33046758e-01 6.26250982e-01
    9.94812846e-01 5.82925200e-01 8.33665490e-01 2.89475918e-03
    3.09843600e-01 4.34581578e-01 8.45918059e-01 3.21006596e-01
    7.62460053e-01 5.88275433e-01 5.21669328e-01 4.46185768e-02
    1.98583007e-01 1.26977801e-01 1.84112787e-03 5.30540645e-01
    4.89872605e-01 6.39375508e-01 5.94450295e-01 6.83402300e-01
    2.69118905e-01 3.51824343e-01 8.85748982e-01 8.57115090e-02
    6.67335927e-01 1.67330801e-01 9.52790201e-01 4.57318127e-01
    3.51888597e-01 3.19513261e-01 7.56282628e-01 3.83507192e-01
    4.42810088e-01 2.14902878e-01 2.48056531e-01 2.85059065e-01
    6.90847039e-01 6.87974215e-01 5.65076172e-01 9.81626630e-01
    3.10915053e-01 3.32549959e-01 3.57938230e-01 8.66567671e-01
    8.26678574e-01 9.62580681e-01 7.29639649e-01 4.90804017e-01
    3.03994119e-01 2.09951699e-01 7.65961885e-01 4.87664402e-01
    4.81089056e-01 5.71850240e-01 2.05206543e-01 6.76203609e-01
    1.82152390e-02 7.84152746e-01 8.10809612e-01 4.26691949e-01
    6.07828557e-01 5.63896596e-01 7.69341350e-01 1.15974605e-01
    1.47058338e-01 9.50895309e-01 5.56302965e-01 9.87067521e-01
    3.04734826e-01 7.24456012e-02 3.27913553e-01 7.88740516e-02
    2.81459898e-01 6.93601310e-01 4.46733564e-01 8.68238389e-01
    4.30064827e-01 7.69282222e-01 9.03152525e-01 4.46170390e-01
    4.25174862e-01 2.42915660e-01 2.30860233e-01 5.21978199e-01
    7.27063775e-01 1.15088135e-01 7.52615750e-01 4.07290906e-01
    4.94066745e-01 1.57796472e-01 8.37154150e-01 4.26120639e-01
    2.81880379e-01 3.95504773e-01 8.79850149e-01 8.66299510e-01
    6.92489207e-01 3.50482225e-01 8.22525740e-01 1.98440403e-01
    6.66807294e-01 5.75571358e-02 6.00629628e-01 2.14263588e-01
    4.64751422e-02 6.33083165e-01 2.15391725e-01 2.54878104e-01
    5.99320590e-01 2.31461465e-01 6.70863450e-01 3.08036864e-01
    7.42489219e-01 2.91757047e-01 4.66869831e-01 8.66953492e-01
    6.95945919e-02 3.41516703e-01 7.39777446e-01 6.55415058e-01
    2.11382955e-01 4.78728473e-01 8.85645926e-01 7.65339732e-01
    5.55418491e-01 8.41304004e-01 9.05112624e-01 6.12314999e-01
    2.83247471e-01 8.56879771e-01 1.85087323e-03 9.02779996e-01
    1.09707117e-01 3.65991175e-01 8.73198748e-01 3.12936008e-01
    3.97585809e-01 2.74946451e-01 7.76934206e-01 4.28366005e-01
    8.08058739e-01 9.20776784e-01 1.38908446e-01 5.68478942e-01
    8.14348340e-01 7.06755042e-01 2.01850951e-01 8.12198639e-01
    8.41518402e-01 3.67892265e-01 3.37588668e-01 3.08667481e-01
    6.24271393e-01 7.18888342e-01 1.35741055e-01 2.50458121e-01
    2.85635531e-01 3.42037082e-01 8.15179288e-01 8.65482569e-01
    6.22999787e-01 1.87604129e-01 9.08736944e-01 9.63107705e-01
    1.08051479e-01 7.92863131e-01 2.01424211e-01 4.54770625e-02
    5.97273171e-01 7.68866777e-01 5.97804308e-01 6.39280558e-01
    5.38951099e-01 4.01416481e-01 6.91881597e-01 6.04008198e-01
    5.17512381e-01 1.70365572e-01 6.92657232e-02 1.10610664e-01
    6.09059453e-01 7.60190785e-01 1.41514033e-01 6.75163448e-01
    1.52265310e-01 1.94414914e-01 8.86977136e-01 5.89798689e-01
    7.03469157e-01 4.40817893e-01 3.97760987e-01 6.57712936e-01
    1.76975310e-01 2.25459009e-01 6.91722095e-01 1.17038369e-01
    5.92428207e-01 7.86733031e-01 3.85441780e-02 5.77904582e-02
    9.38204169e-01 3.80042553e-01 7.22628713e-01 5.47850609e-01
    3.44113052e-01 9.04823780e-01 1.98600292e-02 3.91010076e-01
    7.43280053e-01 7.16707647e-01 4.35751498e-01 8.04106593e-01
    4.79989320e-01 5.95363259e-01 7.31383801e-01 4.91996974e-01
    3.27723652e-01 3.43085051e-01 9.45683479e-01 5.03266275e-01
    8.02124739e-01 1.05629414e-01 7.52041936e-01 4.59507883e-01
    4.24849987e-03 3.91432643e-03 4.26432073e-01 1.16301924e-01
    5.96434891e-01 2.81711698e-01 6.28631115e-01 8.15225363e-01
    9.97614145e-01 7.05712318e-01 1.10731840e-01 4.53711450e-01
    2.63658971e-01 5.91680467e-01 2.37417042e-01 6.14201486e-01
    5.07742167e-04 4.70921725e-01 6.47656977e-01 2.05751866e-01
    3.30480337e-01 6.12160921e-01 1.22756660e-01 9.33685303e-01
    3.36436450e-01 9.21201110e-01 2.58187711e-01 8.55001569e-01
    6.04609311e-01 9.26529527e-01 1.54470801e-02 5.14129281e-01
    2.76086330e-02 7.80882835e-01 3.11136842e-02 2.36278385e-01
    9.49806929e-01 2.26060718e-01 1.32411391e-01 4.85890478e-01
    2.25765675e-01 6.14001989e-01 1.63203418e-01 3.09485644e-01
    2.35685676e-01 9.43781495e-01 2.59408593e-01 3.89058948e-01
    8.72608542e-01 1.58589572e-01 7.88425505e-02 4.69350636e-01
    6.82360828e-01 9.62888181e-01 3.51780981e-01 3.63994896e-01
    2.88793206e-01 7.02636003e-01 6.91521168e-03 6.92189693e-01
    9.21914279e-02 6.70502186e-01 9.56763148e-01 3.60438794e-01
    5.44515729e-01 2.24492788e-01 9.42996979e-01 4.55690235e-01
    3.05988997e-01 5.66670418e-01 4.22370136e-01 1.23047888e-01
    2.44010806e-01 1.26699388e-01 4.21195090e-01 9.55852091e-01
    2.29836434e-01 5.28783739e-01 4.90013331e-01 4.44976449e-01
    7.66280413e-01 3.74092191e-01 2.38980561e-01 8.76163602e-01
    7.34772980e-02 7.00734854e-02 1.97100043e-01 7.38768101e-01
    8.42748582e-01 9.67675745e-02 7.19397426e-01 2.94425070e-01
    9.19001698e-01 8.95021558e-01 2.22779036e-01 5.47207892e-02
    6.41463578e-01 2.39367932e-01 8.06641459e-01 8.88463557e-01
    5.62455177e-01 9.09756780e-01 8.48246098e-01 9.49207902e-01
    3.90254259e-01 6.16498291e-01 2.53720284e-02 5.09139180e-01
    1.27510220e-01 4.56976503e-01 8.90264988e-01 6.81123257e-01
    6.81586564e-01 9.88377690e-01 7.30161309e-01 9.47492242e-01
    2.73599029e-02 1.85857415e-01 3.88064593e-01 8.58891487e-01
    8.40349197e-01 2.80900598e-02 4.25159067e-01 8.27835798e-01
    4.80793595e-01 7.97783792e-01 2.89368033e-01 2.94788301e-01
    6.17970288e-01 5.69187403e-02 1.56990141e-01 4.50536221e-01
    6.87450767e-01 2.28623360e-01 8.60825062e-01 8.93979788e-01
    8.95501673e-01 9.33069468e-01 3.77696127e-01 8.29655230e-01
    5.76360106e-01 1.08722627e-01 3.27947289e-01 1.37332171e-01
    2.91583478e-01 4.29750264e-01 4.12979841e-01 8.32299232e-01
    9.36236978e-01 1.13556892e-01 3.76882315e-01 8.77365232e-01
    4.68411148e-01 6.46659732e-01 4.36451375e-01 1.44643307e-01
    3.80356848e-01 8.76913548e-01 7.29006231e-01 2.01271951e-01
    5.68851888e-01 8.39607775e-01 2.12618649e-01 7.57232487e-01
    8.36432874e-02 2.62051702e-01 1.06657535e-01 1.97335720e-01
    8.04948330e-01 8.91835868e-01 7.65900612e-01 3.40452343e-01
    1.14813358e-01 4.94858861e-01 9.05566335e-01 7.16394484e-02
    1.14616215e-01 6.44822121e-01 7.94989228e-01 9.32431221e-02
    8.17043066e-01 7.40979612e-01 7.85887241e-01 5.49667299e-01
    2.18453139e-01 2.36539245e-02 6.07444048e-02 7.36688435e-01
    7.69245744e-01 4.89229441e-01 2.11263567e-01 5.16909957e-01
    6.09514892e-01 2.22860336e-01 6.63115740e-01 2.77321041e-01
    4.89133477e-01 1.81088597e-01 2.47745514e-01 3.75757813e-02
    5.43154418e-01 9.83383775e-01 8.33470106e-01 9.91755664e-01
    8.47934723e-01 5.65988481e-01 2.17946202e-01 2.21144885e-01
    5.41582406e-01 3.44159424e-01 5.62352717e-01 8.70797813e-01
    1.85957968e-01 9.92390215e-02 5.62165916e-01 3.93061042e-01
    3.54713410e-01 7.52426326e-01 2.04651266e-01 3.45143348e-01
    3.94910455e-01 4.98042315e-01 6.64236546e-01 2.07796872e-01
    6.39325023e-01 1.14317745e-01 3.12112868e-01 8.70248377e-02
    4.43883568e-01 1.71708286e-01 7.63988733e-01 4.33619112e-01
    8.51193070e-02 2.10322082e-01 4.42184418e-01 6.94702268e-01
    3.59522402e-01 3.95654440e-01 9.05861855e-01 8.74742270e-01
    2.11009234e-01 8.44882488e-01 9.66581941e-01 1.35560066e-01
    6.41336739e-02 1.00897461e-01 2.89133996e-01 9.44531918e-01
    2.33803242e-01 6.69272602e-01 4.60547864e-01 2.24280179e-01
    2.00415671e-01 5.63175201e-01 5.81077814e-01 4.19322848e-01
    5.99108934e-02 3.10368448e-01 2.61261016e-01 2.38981307e-01
    3.18056703e-01 8.06444287e-01 8.55922937e-01 2.20153838e-01
    8.69741321e-01 4.78720009e-01 5.76141715e-01 5.72765827e-01
    6.97368205e-01 3.84012669e-01 8.66484642e-01 8.74340892e-01
    2.22270101e-01 4.20273840e-02 9.90203738e-01 3.43372494e-01
    3.58219802e-01 8.67086232e-01 6.85993671e-01 9.56104875e-01
    1.82930082e-01 2.13742942e-01 6.60631299e-01 9.92624283e-01
    6.60769165e-01 8.51214051e-01 9.79060471e-01 5.44631541e-01
    3.14506471e-01 1.56313807e-01 9.44861174e-02 1.48020536e-01
    8.93891692e-01 9.70262110e-01 5.75325489e-01 8.01925719e-01
    2.08541393e-01 3.94497335e-01 2.46507198e-01 6.72637641e-01
    2.92458773e-01 2.08802223e-01 9.05650735e-01 7.68942356e-01
    1.27810806e-01 8.37001801e-01 3.82318199e-02 2.87778139e-01
    1.85632557e-01 4.29062784e-01 8.89467359e-01 3.25528800e-01
    1.70182109e-01 5.42362690e-01 8.41430306e-01 5.65371990e-01
    3.89562488e-01 9.96626258e-01 8.81238937e-01 7.08833694e-01
    3.95723432e-01 2.08733439e-01 6.31715178e-01 2.88997859e-01
    5.97089350e-01 1.19420141e-01 6.12076700e-01 9.60754573e-01
    6.82477891e-01 7.64511704e-01 8.51227343e-02 6.17065907e-01
    1.86381042e-01 2.60388792e-01 9.43558037e-01 1.34144485e-01
    8.50491047e-01 1.74726248e-02 1.63352132e-01 9.59653318e-01
    6.80351734e-01 1.10913783e-01 3.94692004e-01 1.02200627e-01
    3.63789976e-01 9.35650289e-01 4.24991369e-01 4.95299399e-01
    9.80107546e-01 4.51308608e-01 7.69764483e-01 2.98873335e-01
    1.19476765e-01 3.33626330e-01 7.89508820e-01 1.74812883e-01
    7.02672422e-01 9.01689529e-02 7.34259188e-02 1.45613104e-01
    7.92709291e-02 8.58429670e-02 3.11143875e-01 6.84244037e-01
    4.01182294e-01 5.69571316e-01 2.92962968e-01 5.11088729e-01
    9.31103349e-01 9.00518894e-01 9.95296597e-01 4.43746984e-01
    3.31916541e-01 4.32370186e-01 9.59997654e-01 8.71255815e-01
    1.67453289e-01 9.80075955e-01 8.37874711e-02 1.60011351e-01
    8.61797512e-01 8.69201183e-01 2.76450247e-01 3.93737674e-01
    8.87890220e-01 2.41245300e-01 4.34598029e-01 2.68446147e-01
    3.91298026e-01 1.38514936e-02 7.17735291e-03 9.31674719e-01
    5.92350781e-01 8.72593820e-02 9.81947064e-01 3.93821627e-01
    4.75699276e-01 8.89961004e-01 5.76833904e-01 1.76881552e-02
    7.83297896e-01 7.81004906e-01 7.68708706e-01 3.95472258e-01
    4.11645472e-02 1.61781400e-01 4.57281649e-01 3.25810909e-01
    6.35106206e-01 7.22977102e-01 5.03798485e-01 7.81344831e-01
    2.25401819e-01 6.99488938e-01 7.54619241e-02 7.92312384e-01
    2.12424934e-01 3.90909135e-01 4.67967987e-03 4.45496678e-01
    9.36878979e-01 8.73922944e-01 5.43426692e-01 3.37746292e-01
    3.30784798e-01 4.15476978e-01 9.35744286e-01 6.52689934e-02
    7.67713666e-01 5.79785466e-01 1.08024359e-01 4.48730588e-03
    7.85223484e-01 2.31358409e-01 4.07703817e-01 3.63513827e-01
    8.95061374e-01 3.58778954e-01 8.20862472e-01 2.17203319e-01
    4.81250286e-02 8.58876050e-01 8.33256125e-01 3.59527051e-01
    3.61346483e-01 4.95793819e-01 1.64977849e-01 2.72233009e-01
    9.74563479e-01 9.28630173e-01 7.48974562e-01 3.18319887e-01
    4.47304189e-01 8.30001712e-01 8.84019315e-01 8.45317721e-01
    8.69196653e-02 8.49331319e-01 4.11363959e-01 4.88180399e-01
    1.66225433e-01 4.92056251e-01 2.66416728e-01 4.48038042e-01
    2.02501029e-01 3.68375570e-01 8.14463496e-01 6.43243670e-01
    7.60987043e-01 6.87143683e-01 5.37779927e-01 7.81567693e-02
    2.30099410e-01 7.46716857e-01 3.12272668e-01 3.46154988e-01
    2.78724581e-01 8.23354125e-02 7.84626365e-01 2.85490513e-01
    4.99715596e-01 6.03295922e-01 5.72951257e-01 9.62184250e-01
    9.39518034e-01 8.16970348e-01 8.75908852e-01 7.37071157e-01
    9.80309725e-01 3.20877403e-01 8.78866315e-02 5.99532127e-01
    6.08907938e-01 7.02018976e-01 6.85431480e-01 8.39569509e-01
    6.35156870e-01 3.22005361e-01 5.80979586e-01 1.33444071e-02
    5.08832812e-01 5.15165627e-01 2.81157047e-01 6.72454119e-01
    9.20085728e-01 9.10035610e-01 2.54158616e-01 9.82679725e-02
    8.92458320e-01 7.57380962e-01 3.11547518e-01 4.21776056e-01
    6.01941109e-01 1.58710480e-02 9.60588455e-01 9.95664358e-01
    9.52761352e-01 6.32411242e-01 9.33630049e-01 5.99269271e-02
    5.33964574e-01 4.84690130e-01 1.61314219e-01 3.72298658e-01
    1.24715030e-01 3.12682927e-01 8.56557250e-01 6.38274133e-01
    6.14617586e-01 8.27978373e-01 7.80840755e-01 6.34746313e-01
    3.95983309e-01 4.83898163e-01 5.85518479e-01 6.83519959e-01
    9.58977044e-02 4.72356379e-01 9.21465397e-01 5.45628011e-01
    2.31951654e-01 3.17050517e-01 7.35927880e-01 3.37495267e-01
    1.22817844e-01 1.96560740e-01 9.67878103e-02 8.21553230e-01
    8.19824576e-01 4.22847778e-01 3.54568660e-02 6.02676272e-01
    9.35349703e-01 7.45208144e-01 9.22758281e-01 7.59616375e-01
    7.04620361e-01 5.72593153e-01 6.59779668e-01 7.56583810e-02
    1.04039907e-01 8.61110866e-01 1.62784338e-01 3.05483550e-01
    2.89693534e-01 2.04027593e-02 3.62194955e-01 7.33451903e-01
    4.16736275e-01 9.32582974e-01 7.50383496e-01 1.77392572e-01
    4.32294428e-01 3.14217210e-01 4.20477748e-01 4.87140000e-01
    3.82460654e-01 8.25338125e-01 4.10548925e-01 9.87151623e-01
    7.48652756e-01 9.48865294e-01 5.75806618e-01 7.84245849e-01
    8.97825301e-01 9.43851948e-01 8.93812478e-02 5.98679066e-01
    2.79754400e-01 1.42321914e-01 6.70278728e-01 6.10554934e-01
    1.36806309e-01 2.20897317e-01 8.25028777e-01 2.43333727e-01
    8.33977818e-01 6.70703530e-01 2.65355170e-01 8.69012058e-01
    2.27205485e-01 6.77510142e-01 7.79329538e-01 2.25994408e-01
    5.99423468e-01 8.75123262e-01 6.98981941e-01 8.16588998e-01
    1.37647420e-01 3.78376603e-01 3.56560111e-01 7.06812322e-01
    9.86390114e-02 2.49027491e-01 2.02305079e-01 1.12831920e-01
    3.18517625e-01 7.15478480e-01 6.12747550e-01 9.70598936e-01
    8.79749000e-01 5.41178584e-01 2.14239746e-01 9.16555166e-01
    9.91891623e-01 4.40215051e-01 3.40255857e-01 7.19965696e-01
    3.47033381e-01 5.94835937e-01 5.54122448e-01 2.67921984e-02
    5.53468823e-01 3.30072045e-01 2.48338312e-01 1.92148298e-01
    9.70310450e-01 9.73002076e-01 6.76981449e-01 3.71831357e-02
    1.66508734e-01 9.50067759e-01 5.25654018e-01 7.34223366e-01
    2.04523385e-01 3.03016305e-01 6.23832643e-02 5.44077694e-01
    5.92066109e-01 9.07151341e-01 8.10941756e-01 6.71211660e-01
    2.89336324e-01 8.40551257e-01 2.19343543e-01 2.74982989e-01
    5.65627158e-01 1.08338416e-01 8.02353382e-01 6.56442404e-01
    9.60977912e-01 4.73696858e-01 8.77891004e-01 5.34954250e-01
    1.75627947e-01 4.82685894e-01 4.26613361e-01 9.63742733e-02
    9.30216908e-03 6.35535777e-01 4.19851750e-01 4.77649361e-01
    5.33667862e-01 9.75903273e-02 7.20019460e-01 6.06149018e-01
    7.44756401e-01 6.60537183e-02 6.37670994e-01 7.01468349e-01
    9.15354848e-01 1.62602872e-01 3.11450183e-01 7.88015425e-02
    3.25931042e-01 9.81450438e-01 7.67726898e-01 4.70814675e-01
    8.43201697e-01 4.94610488e-01 8.42653513e-02 4.99337673e-01
    4.07643020e-01 3.07239145e-01 6.96457982e-01 5.85691571e-01
    3.88706505e-01 9.95101929e-02 8.54863822e-02 3.35552424e-01
    1.68923616e-01 2.88384259e-01 1.19758308e-01 4.02323544e-01
    5.49737811e-01 5.20917416e-01 7.35843480e-02 6.65698886e-01
    5.35096884e-01 2.44279832e-01 2.40695626e-01 2.14447528e-01
    4.42973018e-01 6.65154815e-01 4.19386238e-01 4.08757746e-01
    9.06167626e-01 7.06580997e-01 5.57601452e-01 3.72768998e-01
    6.34338200e-01 8.93331647e-01 1.25283957e-01 9.94024396e-01
    2.08987594e-02 3.70127112e-01 8.26478004e-04 7.86319852e-01
    5.81372023e-01 2.06831545e-01 3.81224096e-01 7.40009248e-02
    3.75790775e-01 3.89364004e-01 1.07219815e-01 6.17716312e-01
    1.00143403e-01 1.62210435e-01 4.40574527e-01 2.94824719e-01
    5.45713007e-02 7.49022961e-01 9.51925099e-01 5.54793477e-01
    9.97953892e-01 8.88315558e-01 3.68802190e-01 7.14058399e-01
    7.76018500e-01 3.20372999e-01 9.57382619e-01 6.48531795e-01
    4.44462508e-01 1.56821668e-01 9.20383930e-02 9.72021937e-01
    6.06257796e-01 2.33587772e-01 7.69519806e-03 7.29711294e-01
    9.84952450e-02 4.42398787e-01 7.63744175e-01 4.70776081e-01
    4.26279068e-01 6.34634733e-01 1.74939871e-01 3.49417388e-01
    4.95203048e-01 2.59718060e-01 3.38020086e-01 3.67390811e-02
    3.63178730e-01 9.85403180e-01 1.87430143e-01 7.73104429e-02
    2.68575788e-01 7.39716768e-01 6.45294309e-01 8.96083474e-01
    7.15403557e-01 5.38439751e-02 6.05851948e-01 6.10308468e-01
    7.39931643e-01 9.53971386e-01 3.77570033e-01 4.35294569e-01
    3.54118049e-02 2.12744385e-01 8.87542069e-02 9.34721231e-01
    9.52324271e-01 9.42655325e-01 8.29917133e-01 4.02592212e-01
    7.41735101e-01 8.38166714e-01 2.15360612e-01 2.64524400e-01
    9.16431308e-01 6.38664961e-01 3.74530375e-01 8.36712480e-01
    5.53720355e-01 1.30221903e-01 8.31230044e-01 5.50789118e-01
    4.96724367e-01 3.84045780e-01 3.38274539e-01 3.32312882e-01
    3.22401047e-01 7.99559236e-01 4.80994403e-01 5.57150364e-01
    5.50171494e-01 4.91058737e-01 5.84719777e-02 7.05513656e-01
    5.08718193e-01 5.87782204e-01 2.83950895e-01 5.48086107e-01
    5.12775898e-01 3.95473391e-01 4.07295913e-01 8.54372740e-01
    8.56598139e-01 6.80777907e-01 8.71679902e-01 1.24169946e-01
    6.29887104e-01 9.49367762e-01 4.01766121e-01 3.89855087e-01
    3.30085874e-01 7.47346580e-01 8.51571262e-02 4.98768866e-01
    2.84553468e-02 9.05687034e-01 8.40390980e-01 9.46042061e-01
    5.71646214e-01 5.28239369e-01 7.49479771e-01 2.94633031e-01
    8.68336558e-02 8.69942784e-01 8.00648689e-01 2.24726081e-01
    1.96747750e-01 7.54031241e-01 7.29009628e-01 1.35696173e-01
    4.50339884e-01 3.27920377e-01 2.80617952e-01 9.36914325e-01
    6.68920279e-01 2.78202355e-01 3.33625376e-02 3.32152843e-03
    6.26260519e-01 9.50629652e-01 9.59798992e-01 5.59374928e-01
    1.89592808e-01 6.98203206e-01 7.51433372e-02 6.17070079e-01
    3.87920320e-01 2.81000346e-01 9.58331823e-01 1.73679531e-01
    2.66278565e-01 4.32585597e-01 3.47018778e-01 3.82400155e-01
    9.77411091e-01 1.20457292e-01 5.80505431e-01 6.04250789e-01
    3.14470947e-01 4.90821630e-01 3.83825898e-02 9.68018651e-01
    8.72528315e-01 2.33756274e-01 1.54293239e-01 9.99187946e-01
    7.33469784e-01 5.87138653e-01 1.40023857e-01 2.86338925e-01
    7.68246531e-01 7.45283961e-01 5.65489709e-01 1.91665620e-01
    4.16439593e-01 7.72455454e-01 8.60191822e-01 6.89160705e-01
    5.55084884e-01 7.09788859e-01 4.32885826e-01 5.68300962e-01
    8.87798071e-02 5.63274503e-01 6.80536091e-01 8.73530149e-01
    3.05574417e-01 2.11092383e-01 3.67432028e-01 8.42503965e-01
    2.63067544e-01 4.12586093e-01 3.85933965e-01 2.52867132e-01
    3.47279608e-02 6.88691497e-01 2.12644935e-01 6.22979701e-01
    4.75723982e-01 7.68808722e-02 6.96422458e-01 1.84093505e-01
    6.62434578e-01 3.97527516e-01 6.06950462e-01 4.26245332e-01
    5.61708987e-01 3.90132964e-01 8.51155877e-01 8.51235688e-02
    2.57736355e-01 6.02730274e-01 3.55859190e-01 3.94133419e-01
    3.92977059e-01 2.85421491e-01 8.46281946e-01 6.49260998e-01
    5.61490297e-01 9.03515339e-01 4.17435735e-01 5.90360403e-01
    1.03978306e-01 7.93604434e-01 2.65033841e-02 6.21490955e-01
    4.42020357e-01 2.86201835e-01 9.94970262e-01 3.91204536e-01
    4.40165579e-01 6.38645828e-01 5.80235779e-01 7.60851264e-01
    7.65631199e-01 9.47471082e-01 2.84459531e-01 9.23374057e-01
    2.60496020e-01 4.34013367e-01 7.11697578e-01 2.14559048e-01
    4.61365581e-02 9.02047634e-01 4.05805528e-01 3.18541825e-01
    2.23032713e-01 9.04549360e-02 3.75344187e-01 6.78017020e-01
    5.56950092e-01 7.25972354e-01 3.75596672e-01 1.49593681e-01
    7.51455188e-01 1.39419466e-01 4.53552604e-03 7.33073533e-01
    2.11681306e-01 9.27751362e-02 6.97150648e-01 1.31483793e-01
    1.98087960e-01 7.26830363e-01 1.51679367e-01 6.77369177e-01
    6.06873691e-01 7.52801239e-01 1.27342790e-01 2.32811093e-01
    3.07132542e-01 1.98848248e-02 3.31227720e-01 9.35942292e-01
    9.87520933e-01 7.51616836e-01 7.94425726e-01 4.61252660e-01
    4.87416983e-04 8.43885541e-03 4.13251668e-01 8.99407446e-01
    4.63888466e-01 5.35018444e-01 1.08929098e-01 5.37886262e-01
    2.44711757e-01 8.94965827e-02 7.93390095e-01 8.96211386e-01
    4.58195180e-01 2.87289262e-01 1.32625580e-01 9.19366598e-01
    6.13353491e-01 7.88042545e-02 9.80331004e-02 9.73811626e-01
    1.44169331e-02 1.13168776e-01 4.15887773e-01 7.64570951e-01
    5.50930142e-01 3.56282234e-01 1.74391180e-01 5.99228501e-01
    2.44352639e-01 7.52351403e-01 7.04104781e-01 7.54311442e-01
    4.27267075e-01 3.01687062e-01 6.53346419e-01 8.01611960e-01
    1.27889514e-02 4.44853723e-01 9.05382633e-02 6.50006533e-01
    6.89852715e-01 3.74693304e-01 5.64446807e-01 4.25635427e-01
    5.39950430e-01 5.42442977e-01 2.97927856e-01 6.57604039e-01
    1.64141059e-01 3.62920970e-01 9.83407199e-02 3.22255075e-01
    4.90938187e-01 2.07827359e-01 3.64812791e-01 3.91536146e-01
    5.91299832e-01 7.00530291e-01 2.72070795e-01 6.98215842e-01
    6.17093742e-01 2.58341908e-01 4.78880018e-01 1.62645698e-01
    3.52914035e-02 6.04623675e-01 1.35546535e-01 2.22845376e-02
    3.49102706e-01 5.40042937e-01 9.92062032e-01 4.34616148e-01
    4.19181883e-01 3.93372923e-01 1.42823368e-01 7.28955090e-01
    2.26715684e-01 1.50712967e-01 2.56271958e-01 9.30148125e-01
    8.43065858e-01 6.75927699e-01 8.64374995e-01 5.21430969e-01
    2.30945736e-01 1.16660893e-02 1.72666430e-01 2.91195303e-01
    4.52147633e-01 2.98315883e-02 6.31180286e-01 4.73276466e-01
    2.62823254e-01 5.77361107e-01 1.07399315e-01 3.69524002e-01
    2.70566136e-01 5.34639657e-01 9.08044279e-01 6.12473488e-03
    3.38530242e-02 7.64606595e-01 3.39082599e-01 2.68560290e-01
    4.08974886e-02 6.74276769e-01 5.01522303e-01 5.90015531e-01
    6.66986763e-01 7.63180017e-01 1.70795083e-01 7.91142344e-01
    1.08212233e-03 2.01900423e-01 6.46443367e-02 5.20108640e-01
    5.18284261e-01 1.76970929e-01 6.50360942e-01 5.21328390e-01
    6.51667893e-01 7.22618163e-01 3.51236135e-01 9.25419152e-01
    2.92920828e-01 7.98781633e-01 3.19817364e-01 2.91154385e-01
    9.45808291e-01 9.61979687e-01 9.62130725e-02 6.06944323e-01
    2.35732049e-01 5.66735864e-01 8.59096646e-01 6.89855456e-01
    8.19873035e-01 9.01471496e-01 8.63734603e-01 9.56245065e-01
    7.85405815e-01 5.75882256e-01 6.23790979e-01 4.34733450e-01
    9.87914324e-01 9.40883875e-01 3.18048000e-01 5.78360736e-01
    5.35866678e-01 4.31966424e-01 2.45124340e-01 4.52782512e-01
    5.01534641e-01 2.67398894e-01 6.14996493e-01 4.64824855e-01
    1.62853628e-01 9.73950922e-01 7.62366772e-01 6.86720610e-01
    2.22100437e-01 2.03298777e-01 2.76511669e-01 9.67487335e-01
    1.02188289e-01 2.84050107e-02 2.35689700e-01 2.64084607e-01
    5.27324378e-01 5.89863241e-01 2.10729450e-01 3.39866340e-01
    6.72188580e-01 2.59618551e-01 7.38810897e-01 1.39984936e-01
    5.65678418e-01 7.36670494e-01 5.15811145e-01 3.36423874e-01
    9.05268669e-01 6.20395780e-01 4.99033540e-01 3.11886370e-01
    8.32428455e-01 6.76054299e-01 3.45052242e-01 2.36433357e-01
    7.84888268e-01 8.03483963e-01 5.45717120e-01 5.63519537e-01
    4.81893897e-01 1.46114737e-01 9.24420476e-01 3.18717718e-01
    7.57547915e-02 9.70843315e-01 5.70997596e-01 5.69957554e-01
    1.45789117e-01 7.98796892e-01 3.80980134e-01 1.92165971e-02
    8.07726860e-01 3.80383939e-01 9.94472980e-01 4.12141711e-01
    2.90348232e-01 5.77060580e-02 8.46295953e-01 1.90313697e-01
    2.90428400e-02 9.12942171e-01 8.69878531e-01 5.59116542e-01
    6.66420758e-02 5.07711768e-01 9.47759867e-01 9.56963778e-01
    7.30498791e-01 6.89953864e-02 4.00530756e-01 2.50319391e-01
    7.85602510e-01 9.59443033e-01 2.17294842e-01 5.33351958e-01
    4.19003934e-01 2.32873827e-01 2.87040114e-01 9.56319690e-01
    6.18597865e-01 7.33109295e-01 4.32029098e-01 7.93015838e-01
    9.11800504e-01 7.97487140e-01 5.90053558e-01 6.50740921e-01
    2.21864253e-01 5.80156147e-01 9.81083155e-01 6.33841932e-01
    1.35587782e-01 3.61636162e-01 7.28952169e-01 3.94435942e-01
    8.06220353e-01 4.35201079e-01 5.66548824e-01 3.73640597e-01
    5.21180987e-01 8.58610272e-02 8.83771896e-01 7.71074653e-01
    8.67424130e-01 8.22136164e-01 4.81478482e-01 6.83137476e-01
    6.59030676e-01 4.48410928e-01 5.37324846e-01 6.53278470e-01
    4.85903919e-01 1.10201776e-01 1.38181418e-01 1.05400264e-01
    3.12711179e-01 4.76462185e-01 8.79657269e-01 1.46705419e-01
    2.87332654e-01 8.74336600e-01 2.28110880e-01 9.23908472e-01
    7.65595138e-02 7.73847580e-01 9.84534621e-01 7.27022588e-01
    8.90561044e-01 6.73723876e-01 8.48763287e-02 5.35753071e-01
    5.68125665e-01 4.94462639e-01 3.60187829e-01 8.60336304e-01
    7.56360769e-01 9.44693685e-01 4.15549785e-01 2.84024179e-01
    4.78264540e-01 2.06690103e-01 8.05502653e-01 5.11303723e-01
    2.64686257e-01 3.30432236e-01 7.90869474e-01 6.21017754e-01
    6.60060287e-01 8.81087065e-01 8.12774301e-01 6.20675802e-01
    5.02718091e-01 5.05679905e-01 6.64310455e-02 6.57760978e-01
    9.44763899e-01 4.86449838e-01 9.04585242e-01 2.74430305e-01
    4.34200227e-01 9.97729421e-01 3.82587850e-01 4.06635344e-01
    3.97782087e-01 5.47932982e-01 7.68932045e-01 5.53593814e-01
    9.12622690e-01 3.64668608e-01 5.12919247e-01 7.72794247e-01
    6.71484768e-01 7.76295543e-01 4.19516474e-01 4.72818285e-01
    3.52797300e-01 5.58781385e-01 9.46712792e-01 5.41619658e-02
    7.40749717e-01 5.51232636e-01 1.43704355e-01 8.48831296e-01
    3.98548454e-01 9.81549561e-01 4.80733693e-01 1.03851676e-01
    5.88645697e-01 9.32323337e-02 4.08776492e-01 6.45352662e-01
    2.22689211e-01 4.37149405e-03 6.78167701e-01 4.75676656e-01
    2.29894400e-01 5.87101638e-01 9.47749615e-03 5.33594549e-01
    6.06966496e-01 4.32465971e-01 9.45534348e-01 8.97947073e-01
    4.41726804e-01 4.05978262e-02 8.27870846e-01 1.51836485e-01
    8.25434148e-01 7.41391480e-01 2.61151433e-01 9.49361145e-01
    1.36086464e-01 4.32382226e-02 7.55248308e-01 3.36122215e-02
    5.91608286e-01 8.59891295e-01 2.40964592e-01 3.12526643e-01
    9.91995394e-01 7.53695369e-01 1.85625017e-01 9.84137297e-01
    7.10085630e-01 1.86875850e-01 2.49149799e-02 1.83765560e-01
    7.77583241e-01 8.91350508e-02 7.65030444e-01 3.52531612e-01
    2.92418331e-01 2.08871663e-02 3.46901476e-01 6.96595669e-01
    7.76660562e-01 4.17293221e-01 7.76983738e-01 1.46435678e-01
    5.61313510e-01 5.92289150e-01 3.70132327e-01 7.34487772e-01
    6.32764101e-02 4.76845503e-02 3.63152444e-01 3.15031111e-01
    1.58983678e-01 3.99358481e-01 7.49275148e-01 8.39646101e-01
    8.68780911e-01 9.66390610e-01 4.12033796e-01 3.68669152e-01
    1.71952724e-01 4.54132438e-01 6.11143827e-01 6.88230336e-01
    4.17379141e-01 4.31425571e-01 2.12015837e-01 2.69151509e-01
    9.38281655e-01 9.27704394e-01 1.57055080e-01 4.21952724e-01
    4.45430875e-01 2.56174862e-01 8.95730615e-01 3.33635628e-01
    9.25032258e-01 2.53714681e-01 1.35915279e-02 6.71487570e-01
    4.93816704e-01 9.84372377e-01 2.02208757e-01 2.72324085e-01
    4.43907082e-01 9.40039098e-01 9.09852684e-02 3.77418578e-01
    2.84144759e-01 9.51122642e-01 6.89181924e-01 7.91297793e-01
    7.43382871e-01 4.37469184e-02 5.30741274e-01 1.24246418e-01
    6.72948837e-01 4.03285563e-01 2.80251741e-01 6.94134593e-01
    2.50383258e-01 4.71888304e-01 6.30141258e-01 9.85954881e-01
    7.59728491e-01 5.39312959e-02 8.72820914e-02 9.48070645e-01
    6.80019319e-01 1.48891270e-01 9.94521320e-01 1.13746732e-01
    4.19280231e-01 8.12111259e-01 9.30979252e-02 3.35506141e-01
    4.58142191e-01 2.90973783e-01 2.03629404e-01 4.42649692e-01
    4.60959733e-01 1.97766423e-01 1.89257115e-01 7.75810182e-01
    2.53081977e-01 9.94410872e-01 1.62521064e-01 3.68599355e-01
    2.89411962e-01 5.17546117e-01 6.69335127e-02 8.28386486e-01
    7.86649108e-01 7.61363626e-01 1.64099872e-01 2.47375607e-01
    4.46582735e-01 9.02777195e-01 9.35824156e-01 9.34122920e-01
    3.74989897e-01 3.99106771e-01 6.26463771e-01 8.78007948e-01
    6.00794554e-02 3.44065458e-01 1.41881645e-01 3.44317764e-01
    4.54827428e-01 4.57850516e-01 1.44788235e-01 4.23636079e-01
    1.70523077e-01 1.53224140e-01 3.76382053e-01 9.78661954e-01
    1.40461773e-01 9.15695131e-02 3.82335007e-01 8.84154320e-01
    8.09825540e-01 7.17755616e-01 9.51362491e-01 4.47474420e-02
    6.65991187e-01 8.20449412e-01 4.61282820e-01 5.85045397e-01
    1.45756572e-01 4.69034493e-01 8.14569354e-01 3.66810918e-01
    4.43856299e-01 7.06836462e-01 9.92415547e-02 7.43386149e-02
    5.75840354e-01 7.77117312e-01 6.34481311e-01 1.49020255e-01
    7.35222816e-01 1.96178734e-01 6.39673233e-01 7.31727123e-01
    4.17302847e-02 5.99439263e-01 7.04095840e-01 4.39972281e-02
    2.18851030e-01 6.32896006e-01 2.67015189e-01 2.38984257e-01
    4.28000689e-01 4.93403375e-02 8.92721713e-02 3.10671866e-01
    9.34125125e-01 8.98534298e-01 9.24970269e-01 3.82522404e-01
    8.89785826e-01 5.06996214e-02 7.75318027e-01 3.44358146e-01
    8.51728976e-01 9.10559416e-01 4.41138983e-01 9.62008059e-01
    4.14957404e-02 4.67589825e-01 5.68459511e-01 6.91077232e-01
    9.73832905e-02 4.51415092e-01 1.40915930e-01 6.91521406e-01
    1.13488734e-02 1.84142292e-02 8.29176784e-01 6.36170805e-02
    9.63632345e-01 8.55511248e-01 4.59527969e-02 1.27196550e-01
    5.62055349e-01 6.59385622e-01 3.32040817e-01 3.52075040e-01
    5.83229184e-01 1.49136424e-01 1.77421272e-01 5.25287867e-01
    8.88437688e-01 6.46034002e-01 3.03123295e-01 6.69560671e-01
    8.09561670e-01 7.29875743e-01 4.11189109e-01 8.44074488e-02
    4.17926013e-02 2.66673446e-01 6.90932572e-01 9.84607458e-01
    8.86108518e-01 3.91728878e-02 4.04143631e-01 7.93084860e-01
    2.76863873e-01 2.13198990e-01 6.55225277e-01 1.40166938e-01
    3.65359247e-01 4.30823535e-01 4.07971621e-01 4.09445107e-01
    2.15002894e-01 8.77196193e-01 5.02100945e-01 6.56932712e-01
    2.85237193e-01 8.73085916e-01 8.85827005e-01 1.58326954e-01
    6.87934399e-01 3.78691077e-01 9.82107043e-01 9.19721246e-01
    4.97616172e-01 7.38416553e-01 6.69086874e-02 4.30575311e-01
    7.54362226e-01 2.98473954e-01 3.92194271e-01 9.43732023e-01
    7.47641802e-01 6.42323017e-01 9.13997293e-01 5.94641447e-01
    8.09525967e-01 4.63649601e-01 1.40006304e-01 8.51914942e-01
    9.37730253e-01 1.38201386e-01 8.56200337e-01 9.01387334e-01
    8.02235365e-01 2.87438154e-01 3.47514093e-01 7.17785835e-01
    3.73215318e-01 7.96428442e-01 6.24512434e-01 5.08365214e-01
    2.85476208e-01 8.96141231e-01 5.68906903e-01 9.01404262e-01
    2.06845880e-01 9.98964787e-01 6.58585787e-01 2.05911875e-01
    4.59901154e-01 9.89191115e-01 9.56376791e-02 6.22388840e-01
    3.99341881e-02 6.82840466e-01 7.21478283e-01 5.77100337e-01
    7.04619288e-02 4.79118258e-01 2.92775869e-01 9.76735175e-01
    1.04385853e-01 2.87030399e-01 1.06048316e-01 6.62510514e-01
    3.20337683e-01 8.01361799e-02 3.68501902e-01 4.94529933e-01
    9.24595594e-01 3.34623396e-01 2.63858080e-01 8.11232090e-01
    8.58644187e-01 3.89267981e-01 1.38092488e-01 7.05372393e-02
    9.92460072e-01 6.05755746e-01 9.49322104e-01 7.16968477e-01
    6.09127879e-01 5.36786258e-01 2.42013812e-01 3.14876884e-01
    6.05258048e-01 6.20000660e-02 5.92498660e-01 9.74465370e-01
    4.88234460e-02 4.80438054e-01 3.80231202e-01 3.73069823e-01
    2.80445814e-03 3.47328216e-01 7.39258766e-01 7.56365776e-01
    4.53841388e-02 1.19267285e-01 2.43553430e-01 3.34735215e-02
    1.01685077e-01 7.47363865e-01 3.94564509e-01 4.84695256e-01
    2.29982108e-01 1.88149363e-01 3.43302757e-01 8.83311272e-01
    9.82448101e-01 8.65555286e-01 1.04188591e-01 7.91147351e-01
    1.30321771e-01 7.63375461e-02 4.58658040e-02 4.16129410e-01
    7.89995551e-01 4.09618586e-01 1.19916558e-01 3.95596385e-01
    7.78152227e-01 8.67653370e-01 2.33487874e-01 3.66100013e-01
    1.47510737e-01 5.75704992e-01 4.75294173e-01 5.22679627e-01
    7.17436135e-01 7.54559338e-01 4.62166071e-02 1.71144336e-01
    5.73796272e-01 6.29416525e-01 7.56817698e-01 5.84553123e-01
    4.01025027e-01 9.54548717e-01 7.74587810e-01 8.40007186e-01
    6.44621015e-01 2.28000134e-01 5.29323161e-01 6.48290634e-01
    9.65381563e-02 4.97309953e-01 1.73143893e-01 9.60119486e-01
    9.31067348e-01 7.85223424e-01 8.81606221e-01 3.33811343e-01
    2.14837193e-01 2.82353640e-01 9.94357646e-01 7.13606715e-01
    7.28700995e-01 2.69858330e-01 2.40855813e-01 4.05052900e-01
    6.23706877e-01 5.05518019e-02 4.88599092e-01 2.08940715e-01
    9.51080561e-01 7.90264904e-02 5.29800773e-01 3.78054142e-01
    9.20758009e-01 5.17053008e-01 9.43118989e-01 4.64289844e-01
    7.07653880e-01 8.64410698e-01 8.35952699e-01 6.84459567e-01
    6.15053117e-01 8.99666548e-02 7.14466870e-02 8.47299397e-02
    9.85331655e-01 7.26213813e-01 1.38880193e-01 3.19885254e-01
    3.73544395e-02 8.59522581e-01 5.07928729e-02 3.37256074e-01
    8.78931403e-01 2.83424914e-01 3.26922715e-01 9.79379177e-01
    5.52005172e-01 6.71918750e-01 1.31688833e-01 9.02417421e-01
    1.77738667e-01 3.59861612e-01 9.54978466e-01 9.63137865e-01
    2.53966182e-01 9.09878433e-01 8.81887853e-01 9.02296185e-01
    6.70394719e-01 9.15569782e-01 8.81622434e-02 1.93763107e-01
    4.44871396e-01 4.66921449e-01 3.21536243e-01 8.24649334e-01
    8.76398683e-01 4.39662814e-01 9.23315227e-01 4.78471816e-01
    8.71555805e-01 2.59697586e-01 5.29538810e-01 5.73025703e-01
    2.71730304e-01 9.40430164e-03 2.58387834e-01 5.48088372e-01
    1.69520766e-01 5.80415130e-01 2.56423950e-01 7.70452082e-01
    8.13890755e-01 4.65917081e-01 1.68968171e-01 8.31956267e-01
    2.21566051e-01 8.04537773e-01 2.26561427e-02 6.30430996e-01
    7.63723135e-01 1.55041426e-01 3.31513464e-01 4.21663642e-01
    3.97409558e-01 8.20155978e-01 6.02976203e-01 7.33988404e-01
    8.27051163e-01 8.81865740e-01 9.60534692e-01 1.96933895e-01
    9.18895781e-01 5.66866755e-01 8.38786662e-01 4.15991455e-01
    9.94689167e-01 2.65617400e-01 1.57173783e-01 3.86231542e-02
    8.54983449e-01 6.04976594e-01 6.38030648e-01 8.53976309e-02
    4.47183311e-01 8.23987365e-01 2.73840725e-01 5.96147180e-01
    8.80578995e-01 8.63237083e-01 3.90647888e-01 6.57765329e-01
    6.35817409e-01 3.43532801e-01 6.85850978e-02 5.91220558e-02
    5.86081922e-01 3.34258616e-01 7.90629685e-02 6.46258354e-01
    8.63405704e-01 4.87126261e-01 4.07255769e-01 7.25727916e-01
    6.48384035e-01 6.45367205e-01 2.32710332e-01 7.19802618e-01
    1.30671412e-01 7.29762077e-01 3.29928219e-01 7.04911590e-01
    3.80412161e-01 6.52533650e-01 5.66917241e-01 9.12531912e-02
    3.93595099e-01 9.54701185e-01 5.06283343e-01 6.22801304e-01
    4.06261325e-01 6.35677695e-01 9.58537996e-01 1.35276020e-01
    4.58928466e-01 4.36280459e-01 9.55356538e-01 5.97546339e-01
    6.99968934e-01 4.91313428e-01 9.46540594e-01 5.36858737e-01
    8.67491484e-01 1.43691123e-01 3.09677243e-01 8.99330020e-01
    2.36735702e-01 4.17699486e-01 5.06576896e-02 5.21110415e-01
    1.23854309e-01 1.28118247e-01 5.50364256e-02 5.89018106e-01
    9.88872051e-01 4.77591157e-03 1.79249316e-01 6.40255153e-01
    5.43157160e-02 3.82845044e-01 8.15035820e-01 5.27560532e-01
    4.48255241e-02 4.64779228e-01 6.96830750e-02 6.61839843e-02
    7.32021511e-01 7.60963857e-02 3.95692199e-01 3.66298020e-01
    9.70967531e-01 7.07406580e-01 4.20722663e-02 9.07188416e-01
    6.26345575e-01 6.74887002e-01 8.35569739e-01 6.53980076e-02
    3.70595276e-01 1.62016302e-01 6.79424167e-01 1.43237740e-01
    2.42936015e-02 6.78647757e-01 1.60302669e-01 1.59221888e-03
    2.28735566e-01 7.98613191e-01 4.07489240e-02 3.68014187e-01
    3.56913507e-02 2.04485953e-02 1.61377937e-01 5.50591052e-01
    7.24079609e-01 5.83549142e-01 3.80788893e-01 4.30518866e-01
    2.15444237e-01 3.80120009e-01 9.34487760e-01 9.10636663e-01
    1.40875667e-01 4.24772024e-01 4.77751672e-01 5.53699195e-01
    6.40106082e-01 5.82032740e-01 4.36323851e-01 7.26828098e-01
    6.95824325e-01 4.64587867e-01 4.01162624e-01 6.95515871e-02
    6.37860179e-01 2.56463885e-02 7.68985271e-01 9.14760232e-01
    1.25607520e-01 6.52502596e-01 4.95999038e-01 6.18772507e-01
    7.09381580e-01 8.21222782e-01 6.91267014e-01 2.62462497e-01
    4.94138956e-01 4.45012271e-01 6.71046317e-01 4.80292737e-02
    8.85658622e-01 8.76897216e-01 9.80233371e-01 6.64844632e-01
    2.53386796e-01 9.57573712e-01 3.43862236e-01 8.94581318e-01
    6.78422213e-01 6.43752456e-01 7.27475643e-01 5.76499343e-01
    9.90879178e-01 4.14968640e-01 4.22653288e-01 5.86725354e-01
    7.02186346e-01 5.17377794e-01 2.94688225e-01 8.41131091e-01
    6.26155496e-01 3.29700232e-01 9.70356584e-01 6.63787425e-01
    8.08302820e-01 8.21531653e-01 4.80447531e-01 3.78265917e-01
    6.73241913e-01 2.43694633e-01 7.53160834e-01 3.00706208e-01
    7.15158701e-01 2.56733298e-01 9.00173485e-02 3.42284322e-01
    6.92220271e-01 6.52067482e-01 7.43183255e-01 8.29111695e-01
    8.07109773e-01 2.23674595e-01 8.20060670e-02 7.73035347e-01
    8.43988240e-01 3.34894359e-01 4.35810059e-01 8.57816815e-01
    7.44795203e-01 8.32040429e-01 6.76723242e-01 9.68274117e-01
    2.79154480e-02 4.93957460e-01 2.60445982e-01 9.70199168e-01
    4.90885824e-01 1.16913915e-02 5.94276369e-01 6.82562590e-01
    5.00722051e-01 4.67089981e-01 1.14676088e-01 4.13039446e-01
    8.91473651e-01 6.93151772e-01 1.79663986e-01 4.70239908e-01
    2.86483169e-01 5.63690305e-01 4.37041521e-01 6.93808198e-01
    5.82870722e-01 3.51300359e-01 6.75103068e-01 7.73462534e-01
    6.31470382e-02 9.63063598e-01 2.36747593e-01 8.48414481e-01
    9.27347958e-01 4.53445017e-01 1.97524130e-02 2.37648159e-01
    6.02091193e-01 3.38242322e-01 6.83656096e-01 2.64721274e-01
    2.70314336e-01 6.37142777e-01 3.80735278e-01 3.35859895e-01
    4.52904373e-01 1.79933667e-01 9.81514812e-01 6.12883806e-01
    1.31064743e-01 9.94544148e-01 5.93380034e-01 3.95768642e-01
    2.39589214e-01 5.87840736e-01 8.36602330e-01 5.75595140e-01
    4.46843266e-01 4.70746011e-01 5.35380065e-01 9.66533124e-02
    8.53465140e-01 9.67040181e-01 5.49165964e-01 2.73942292e-01
    8.24551404e-01 3.76008809e-01 8.25201333e-01 5.41232288e-01
    2.24471301e-01 7.32346475e-02 8.62258077e-01 8.50936055e-01
    9.77140665e-03 5.77445745e-01 1.27283990e-01 3.75171930e-01
    3.78308743e-01 4.45039749e-01 3.10269028e-01 6.29643559e-01
    4.15271670e-01 9.85517561e-01 4.20154929e-01 5.63188851e-01
    7.24087059e-02 3.11734617e-01 7.76888132e-01 8.81033182e-01
    7.90350318e-01 2.70088196e-01 2.79370785e-01 5.09328961e-01
    5.37385523e-01 8.03743899e-02 6.18084550e-01 8.71111512e-01
    7.81954408e-01 4.16960627e-01 6.61881447e-01 3.65399897e-01
    2.54896551e-01 9.53896165e-01 4.86982316e-01 6.17857516e-01
    2.57217824e-01 4.89777327e-02 9.84914303e-01 9.59567666e-01
    1.55894250e-01 4.36315656e-01 9.02514338e-01 5.65343738e-01
    5.03327131e-01 6.60596609e-01 8.35573673e-01 1.78149462e-01
    6.03461564e-02 2.70325989e-01 6.94313645e-01 9.24945295e-01
    1.34509534e-01 1.36307597e-01 8.37872088e-01 2.02779770e-01
    6.09127343e-01 7.50494003e-01 7.47533143e-02 9.17587519e-01
    2.82459140e-01 6.30449772e-01 6.84493184e-02 8.39663386e-01
    1.64090872e-01 9.05339360e-01 8.73848200e-01 2.57141292e-01
    3.74443263e-01 5.32854438e-01 4.78294492e-01 4.75136429e-01
    2.02241629e-01 7.26992190e-01 9.77227807e-01 5.55203497e-01
    6.31498933e-01 3.47112715e-01 6.17684126e-01 2.35084921e-01
    5.10393858e-01 5.40201068e-02 4.11500633e-01 1.09743834e-01
    5.05764484e-01 2.50787139e-01 8.78108740e-01 8.80301833e-01
    7.47959375e-01 8.51024032e-01 5.44225097e-01 2.90229648e-01
    6.67893469e-01 3.78821194e-02 7.59232879e-01 6.93619311e-01
    6.88073695e-01 7.59219646e-01 3.86101574e-01 2.78127640e-01
    9.33377028e-01 2.09999382e-01 7.63754010e-01 5.24860740e-01
    8.78232598e-01 3.19211185e-02 5.77802062e-02 2.83161938e-01
    8.21643293e-01 7.30965137e-02 1.05133057e-02 2.16417044e-01
    7.99707592e-01 3.30455005e-02 8.01714897e-01 5.06234586e-01
    8.43316019e-02 6.93246841e-01 5.67812145e-01 9.73855495e-01
    6.53337598e-01 6.51133716e-01 4.84483540e-01 5.61982751e-01
    8.20687473e-01 3.25609565e-01 6.36493504e-01 1.81275547e-01
    9.51356292e-02 8.06124806e-02 6.70555830e-01 7.58386016e-01
    9.97989178e-01 1.22124583e-01 7.01429248e-01 9.21990216e-01
    3.52782220e-01 2.27827847e-01 5.74450195e-01 6.98882759e-01
    7.23672628e-01 6.86297059e-01 5.19988298e-01 3.89717340e-01
    8.36642683e-01 5.59795141e-01 8.01894069e-02 7.13278413e-01
    6.67330027e-01 2.65004992e-01 9.15355027e-01 6.96154773e-01
    3.68670285e-01 6.17835522e-02 9.97265756e-01 2.07916439e-01
    1.43691599e-01 5.00169575e-01 5.29376924e-01 3.43413711e-01
    5.23858488e-01 7.81803608e-01 3.31488431e-01 1.54487610e-01
    5.64037919e-01 7.67168403e-01 3.77923846e-02 4.50954169e-01
    6.55418515e-01 3.82574618e-01 5.91580629e-01 2.23408282e-01
    5.92074692e-02 5.86419463e-01 3.34010422e-02 6.78304374e-01
    2.00781107e-01 8.24564159e-01 2.61575282e-01 5.67900538e-01
    6.94191098e-01 9.86951947e-01 2.08615452e-01 3.13939244e-01
    1.96988285e-01 3.21593225e-01 9.07841206e-01 3.57485056e-01
    1.27477735e-01 3.14297676e-02 2.58787304e-01 5.34073234e-01
    1.20611727e-01 4.83748704e-01 2.67336547e-01 8.72828364e-01
    2.13011086e-01 4.45839107e-01 2.33084530e-01 9.28393126e-01
    5.16310990e-01 6.35426760e-01 3.41512620e-01 5.67793310e-01
    3.28370064e-01 8.44525933e-01 1.22131974e-01 8.31669986e-01
    6.30006909e-01 8.11658502e-02 8.33272219e-01 4.89659578e-01
    6.59679770e-01 2.80522496e-01 5.98142624e-01 3.28582466e-01
    8.80474567e-01 8.02545547e-01 7.72451997e-01 8.97121906e-01
    1.27238512e-01 2.16820151e-01 7.39164948e-01 4.19743210e-01
    6.28263533e-01 3.04839611e-02 2.32661724e-01 2.91202545e-01
    5.05484581e-01 7.66681552e-01 4.50796723e-01 1.33355707e-01
    9.02976155e-01 1.09857321e-02 3.55094969e-01 6.38427377e-01
    8.81094337e-02 1.84287667e-01 3.93965542e-02 7.72366524e-01
    8.53306353e-01 5.78701913e-01 1.92324728e-01 4.44967538e-01
    9.74803925e-01 9.62846637e-01 4.16764468e-01 1.82667255e-01
    5.14579177e-01 7.48656034e-01 6.52631402e-01 9.65871334e-01
    7.36189663e-01 7.49171674e-01 8.69146109e-01 6.50120139e-01
    3.20717663e-01 9.43456531e-01 5.56346655e-01 2.01081246e-01
    6.13958597e-01 8.85522485e-01 9.84122992e-01 9.34649229e-01
    1.04784608e-01 8.45909357e-01 8.16581964e-01 4.25465167e-01
    4.70581651e-01 3.79893839e-01 8.27887177e-01 4.21477199e-01
    8.85892868e-01 7.19561577e-01 1.81052417e-01 5.39710343e-01
    7.99045444e-01 5.82516134e-01 8.76033902e-01 1.52187347e-02
    3.75062168e-01 5.16403675e-01 6.99279845e-01 7.87041545e-01
    7.78419018e-01 3.43372762e-01 4.19820428e-01 7.75096178e-01
    9.32916641e-01 3.71520817e-01 4.46446002e-01 7.13207006e-01
    8.89179409e-02 8.03517878e-01 9.40413117e-01 5.81488669e-01
    1.20290518e-02 2.11519182e-01 6.94742680e-01 6.48615837e-01
    9.79667664e-01 7.87468076e-01 2.74179429e-01 2.42843360e-01
    1.03674740e-01 9.49608803e-01 3.58721763e-01 3.27075839e-01
    4.81996745e-01 8.87323022e-01 5.20654321e-02 9.72504497e-01
    6.64497435e-01 5.82902730e-01 6.23193860e-01 2.58387029e-02
    4.71983552e-02 5.83524466e-01 9.43404317e-01 1.50839090e-01
    3.07992637e-01 1.80881381e-01 3.64273608e-01 5.01935065e-01
    8.05048227e-01 3.83778304e-01 6.60054088e-01 6.84796691e-01
    8.96834135e-01 6.68030143e-01 2.61169702e-01 6.18397355e-01
    8.99917722e-01 6.53870761e-01 9.83233869e-01 3.08531284e-01
    4.43401992e-01 3.46039653e-01 5.60147226e-01 2.46137381e-02
    8.78356934e-01 5.39314091e-01 8.81275475e-01 7.09428966e-01
    2.23884583e-01 8.69317353e-02 1.74742997e-01 8.71208310e-03
    7.85091996e-01 8.63478899e-01 7.72838116e-01 4.29712504e-01
    9.62684751e-01 2.42345750e-01 2.16643244e-01 5.05005002e-01
    9.46007907e-01 6.14372492e-01 5.52148759e-01 1.23120546e-02
    2.05791265e-01 1.68610692e-01 5.41157126e-02 4.50412840e-01
    9.84846115e-01 5.98177910e-02 1.90657288e-01 3.13999414e-01
    4.10668075e-01 9.02315080e-02 7.63032138e-02 2.95012861e-01
    9.31960464e-01 7.96157956e-01 1.36649638e-01 7.54258573e-01
    9.73058045e-02 5.21896780e-02 6.71406150e-01 3.33812833e-01
    8.39736700e-01 6.63752258e-02 3.71528089e-01 9.37754214e-01
    7.54648685e-01 9.01560485e-01 2.95674443e-01 7.19384968e-01
    7.71492481e-01 9.02684987e-01 4.46270853e-01 9.15641546e-01
    5.96199751e-01 8.28623176e-01 2.99617290e-01 5.67089856e-01
    9.95370746e-01 3.77244949e-01 3.10499877e-01 7.80198038e-01
    7.83961475e-01 3.81728590e-01 5.92594445e-02 4.67775643e-01
    9.98231769e-02 6.68949127e-01 4.58678186e-01 2.31592387e-01
    2.15755880e-01 6.67984128e-01 3.02275479e-01 6.19709492e-02
    7.07058787e-01 7.80637085e-01 2.73600519e-02 4.92989212e-01
    1.62165731e-01 5.92371523e-02 8.94202411e-01 4.96106356e-01
    6.95509553e-01 7.59490073e-01 8.37609351e-01 9.70723391e-01
    8.84991169e-01 4.50625002e-01 6.55244827e-01 7.98815012e-01
    7.22958744e-01 8.22175741e-01 6.83173716e-01 1.38885945e-01
    8.98814797e-01 5.98102629e-01 2.67072260e-01 5.59544802e-01
    7.02797830e-01 6.98647499e-01 4.93437856e-01 7.78635263e-01
    4.30043012e-01 7.86429763e-01 5.47526360e-01 4.96199518e-01
    6.37338161e-02 1.81388497e-01 1.46143556e-01 4.11917597e-01
    9.87175465e-01 6.06930554e-01 2.65692115e-01 9.27492678e-02
    2.58019924e-01 3.48489195e-01 5.34116387e-01 2.31330335e-01
    5.97406924e-02 5.14711440e-01 6.74534738e-01 8.37543726e-01
    4.90591675e-01 9.20926690e-01 3.14614892e-01 3.91174555e-02
    3.65358382e-01 3.77832890e-01 5.92431128e-01 8.66106272e-01
    7.06753016e-01 8.92702579e-01 8.25285912e-01 8.19688737e-01
    2.86163509e-01 1.82159185e-01 7.11685419e-01 9.11824822e-01
    3.84062737e-01 7.88737655e-01 6.82390392e-01 7.18601704e-01
    6.10563874e-01 2.63845265e-01 2.74488628e-02 1.04943633e-01
    7.88878679e-01 2.71349579e-01 7.94081032e-01 7.16501474e-03
    2.20733553e-01 3.74386072e-01 1.93797141e-01 8.92215848e-01
    3.23141038e-01 9.34870422e-01 7.20860481e-01 9.05245543e-02
    2.41725713e-01 3.56738210e-01 5.08786857e-01 8.26271772e-01
    1.02745354e-01 8.56733441e-01 2.60118693e-01 7.23120093e-01
    5.05870461e-01 2.73207426e-02 7.48035669e-01 6.57405794e-01
    4.28558767e-01 6.92211986e-01 8.63729298e-01 5.95349431e-01
    1.70619249e-01 8.29682589e-01 4.79807645e-01 8.88609409e-01
    4.33547795e-02 7.68010259e-01 6.88125789e-02 2.14171857e-01
    1.33609354e-01 7.21179605e-01 5.67893326e-01 8.73509288e-01
    5.96505880e-01 4.25639629e-01 4.21532959e-01 4.92330194e-01
    6.26212835e-01 9.14894223e-01 9.66516018e-01 9.65361118e-01
    7.50699043e-01 2.40512848e-01 9.70660329e-01 9.77196455e-01
    8.86148214e-03 3.68792832e-01 2.29519337e-01 9.47586000e-02
    3.26808751e-01 1.34804189e-01 5.91434538e-01 8.59770954e-01
    3.84931564e-01 7.11790562e-01 3.39194596e-01 5.59259117e-01
    4.28763688e-01 8.32628369e-01 9.53620911e-01 3.03321421e-01
    8.27047229e-01 9.70230997e-01 9.88167763e-01 4.87125099e-01
    5.46525359e-01 6.54943943e-01 6.78446233e-01 8.60391259e-01
    1.42109364e-01 5.76183021e-01 8.96487951e-01 8.37123394e-01
    9.26709414e-01 8.47822070e-01 1.53862536e-02 2.42129862e-01
    6.55208707e-01 6.41543865e-01 1.63864106e-01 4.27580565e-01
    4.30730909e-01 6.29625678e-01 6.18664086e-01 9.56996560e-01
    1.70141160e-01 2.11489201e-02 4.66408432e-01 5.92336953e-01
    4.62939978e-01 1.89600855e-01 6.37682676e-01 5.92774212e-01
    4.84354109e-01 6.48174107e-01 8.93705845e-01 2.53018737e-02
    9.51894939e-01 5.34592986e-01 7.53949761e-01 5.23408771e-01
    5.41521072e-01 9.12993073e-01 7.31298029e-01 1.62683219e-01
    1.47391677e-01 8.77708912e-01 3.58728468e-01 5.98104417e-01
    7.80485213e-01 7.81321168e-01 6.52119160e-01 2.60829270e-01
    7.20897615e-02 4.18135941e-01 4.62887138e-01 4.87922013e-01
    9.40844059e-01 2.19764262e-01 8.19347143e-01 1.33166552e-01
    3.04308951e-01 4.39362794e-01 4.44632560e-01 9.77279067e-01
    3.40125263e-01 7.68567801e-01 9.01680946e-01 6.91197157e-01
    7.81399012e-01 7.85539031e-01 3.80139172e-01 6.38741076e-01
    5.86435914e-01 8.45510483e-01 2.50648379e-01 3.88193071e-01
    6.34225011e-01 4.31241423e-01 2.33436823e-01 6.57938600e-01
    5.15269578e-01 5.54975629e-01 6.78589404e-01 9.95103598e-01
    4.84325528e-01 3.78578007e-02 7.71712899e-01 6.99971318e-02
    8.42975616e-01 5.14999390e-01 4.02330935e-01 9.70472097e-01
    1.35729909e-01 9.19749379e-01 7.03170300e-01 5.09735346e-01
    5.51057756e-02 4.11518186e-01 6.68401301e-01 8.42557847e-02
    3.51227641e-01 4.46639597e-01 1.27773643e-01 2.16317475e-02
    9.66987729e-01 6.73130631e-01 3.84034693e-01 9.14214849e-02
    4.19721097e-01 9.58332002e-01 9.89780903e-01 8.72377157e-01
    2.71730125e-02 7.79931903e-01 4.41572279e-01 3.44060302e-01
    1.22939378e-01 3.91701460e-02 9.73432541e-01 9.17874455e-01
    7.28551149e-01 3.52448821e-01 6.08962178e-01 2.64790654e-01
    6.20706856e-01 8.54388654e-01 7.92169869e-02 8.11123788e-01
    6.89854860e-01 8.38386595e-01 4.89591062e-01 5.56202471e-01
    8.95395279e-01 1.14513218e-01 9.44976509e-01 2.23126054e-01
    5.29523194e-02 3.22249502e-01 8.42953682e-01 6.71935976e-01
    2.13924170e-01 7.34798193e-01 4.68745232e-01 9.10286307e-01
    8.74237537e-01 8.59839797e-01 3.39114070e-02 7.58139610e-01
    6.92849040e-01 5.56260705e-01 4.57459748e-01 3.51722240e-02
    4.59745824e-02 9.82728720e-01 3.91425997e-01 7.07679987e-02
    4.16789353e-01 8.11804295e-01 2.90503711e-01 2.03024477e-01
    5.91576278e-01 7.89096951e-01 8.70982766e-01 9.07784402e-02
    5.76130629e-01 2.34900355e-01 2.17566401e-01 5.84529936e-01
    2.27329046e-01 7.17020571e-01 7.41701782e-01 4.89634871e-01
    2.94722021e-02 4.31228727e-01 2.40250558e-01 6.82870209e-01
    4.67267513e-01 5.70052624e-01 9.15891409e-01 3.37130010e-01
    3.08545262e-01 1.83056474e-01 2.08164930e-01 4.36210364e-01
    7.11779058e-01 1.46920145e-01 6.98805451e-01 6.78920150e-01
    1.55768543e-01 7.22363055e-01 5.15442967e-01 3.84820342e-01
    4.37203467e-01 9.29937303e-01 7.81504035e-01 8.11139464e-01
    5.84500432e-01 5.74918687e-01 3.44258666e-01 1.93398029e-01
    4.14287031e-01 3.74043256e-01 9.78030622e-01 4.16879475e-01
    7.37190604e-01 5.52500784e-01 1.53230309e-01 2.85061538e-01
    9.04113472e-01 5.59714198e-01 8.34836066e-01 9.69533563e-01
    1.05793685e-01 7.97524691e-01 7.48000443e-02 9.34741378e-01
    4.42899644e-01 5.63258410e-01 8.98046196e-01 9.59217131e-01
    3.28806430e-01 8.18254650e-01 4.89798486e-01 8.40572357e-01
    4.00339603e-01 2.61847258e-01 2.21581310e-01 5.78666925e-01
    9.30783510e-01 9.88030553e-01 9.21156764e-01 7.97093034e-01
    5.54885805e-01 5.10369956e-01 5.87349117e-01 6.27303720e-02
    2.33180940e-01 5.12828469e-01 5.63967824e-02 6.86827421e-01
    8.80211592e-01 9.57090020e-01 2.43728280e-01 1.66813582e-01
    2.23797500e-01 9.63310122e-01 2.49085635e-01 6.40669465e-01
    7.99530029e-01 9.22775865e-01 1.28971279e-01 6.09266579e-01
    4.46847320e-01 3.70818257e-01 3.35564494e-01 2.53177613e-01
    3.26977074e-02 4.34856534e-01 9.90853429e-01 7.00074434e-02
    8.01626325e-01 2.12763816e-01 8.83427501e-01 8.09348702e-01
    1.20919555e-01 2.93220580e-01 9.21859205e-01 6.00756288e-01
    8.52890909e-01 8.18989575e-01 3.01691413e-01 3.21684241e-01
    1.62722528e-01 7.73112178e-01 4.18840349e-01 6.42899573e-02
    4.12788063e-01 2.34890014e-01 3.41971040e-01 1.76070005e-01
    4.14180279e-01 4.72786486e-01 1.58857048e-01 3.63504171e-01
    9.03803706e-01 4.38428074e-01 5.38467646e-01 7.62302458e-01
    4.95681971e-01 7.42043853e-01 6.01902604e-03 6.25008702e-01
    3.59401971e-01 8.01978350e-01 9.37837541e-01 8.69564474e-01
    1.69345617e-01 8.18434775e-01 9.32488561e-01 1.14012182e-01
    9.74577963e-02 3.06516647e-01 1.42917037e-01 5.74236631e-01
    6.00699127e-01 8.78264666e-01 9.86495256e-01 3.65673482e-01
    3.51691335e-01 8.10287654e-01 3.10685843e-01 9.70551610e-01
    1.72859490e-01 8.81085634e-01 8.82332742e-01 5.42265177e-01
    8.16355228e-01 3.57513487e-01 7.82937527e-01 3.66798222e-01
    7.02271700e-01 3.27996314e-01 9.54464972e-02 6.01652265e-02
    4.08302546e-02 2.30444968e-02 9.19080973e-01 5.28515458e-01
    9.03083801e-01 5.43139875e-01 7.07894504e-01 4.62223530e-01
    7.56855011e-01 1.19636267e-01 3.68628472e-01 3.82545084e-01
    8.36526394e-01 6.87530696e-01 1.86274558e-01 1.94427192e-01
    7.75833368e-01 5.15193939e-01 3.03177178e-01 1.95207596e-01
    5.98653257e-01 7.76417255e-01 5.94170034e-01 9.45540667e-02
    5.67062259e-01 3.64726245e-01 7.64575243e-01 9.66817617e-01
    6.96716070e-01 2.01382220e-01 5.15878558e-01 4.67557371e-01
    2.68806070e-01 7.38597095e-01 9.88544941e-01 6.86111569e-01
    7.77946413e-01 5.94717503e-01 3.47651184e-01 6.86875343e-01
    6.03103578e-01 6.15425467e-01 1.94977760e-01 6.22556627e-01
    4.12116051e-01 7.30100691e-01 8.79930019e-01 2.55966246e-01
    2.15165675e-01 2.41691321e-01 5.79256594e-01 9.93410826e-01
    6.16270006e-01 8.87563169e-01 3.29107106e-01 7.63743043e-01
    3.53592932e-01 1.76815867e-01 1.64640725e-01 2.36013025e-01
    6.50464833e-01 9.72341776e-01 6.16328716e-01 9.10773456e-01
    5.68015575e-02 8.32595348e-01 5.72521150e-01 7.40984797e-01
    9.50770378e-02 1.67124867e-01 4.51696515e-02 9.96977091e-01
    7.67073750e-01 1.60010159e-02 5.16284108e-02 3.23227495e-01
    6.65085852e-01 1.60103142e-01 4.63927478e-01 1.48765624e-01
    1.97098196e-01 9.26675856e-01 9.50052977e-01 2.47106731e-01
    7.45921671e-01 3.63354266e-01 9.89530623e-01 7.81857371e-01
    6.71167552e-01 6.09498620e-01 6.87445939e-01 6.29597604e-01
    9.40834582e-01 6.53513551e-01 1.26349390e-01 9.52507854e-02
    9.15619612e-01 3.44486773e-01 9.53901768e-01 4.25435007e-01
    4.24171686e-02 2.78093487e-01 8.13970923e-01 5.95860183e-01
    4.88600582e-01 5.64466238e-01 1.69806480e-01 5.50600111e-01
    6.99982882e-01 7.13786840e-01 6.95097744e-02 8.82740021e-01
    8.22364569e-01 7.37845182e-01 6.86531901e-01 8.52364659e-01
    7.08408594e-01 7.52600610e-01 7.86818981e-01 3.02512348e-02
    4.31128532e-01 4.72635448e-01 7.14692831e-01 4.45200592e-01
    2.83660203e-01 3.55877578e-01 8.35586905e-01 7.02885866e-01
    3.72698307e-01 1.75630867e-01 9.11560893e-01 4.99066234e-01
    6.76767588e-01 8.68152916e-01 8.00258756e-01 4.47192550e-01
    7.46559739e-01 6.52400613e-01 5.96128285e-01 7.24614441e-01
    8.69589984e-01 5.72108030e-01 4.72753406e-01 4.39957082e-02
    7.69432545e-01 4.44744706e-01 5.28155029e-01 4.76705790e-01
    3.23286533e-01 2.97723413e-01 3.74033391e-01 2.18150049e-01
    8.74269783e-01 7.81560004e-01 9.53389525e-01 5.12241125e-01
    1.85898304e-01 4.44059551e-01 3.20582360e-01 5.28948903e-01
    4.51781422e-01 2.78969020e-01 7.03577757e-01 3.99451882e-01
    3.03974360e-01 3.74098241e-01 8.91627848e-01 9.35556471e-01
    9.34082985e-01 5.66912293e-01 9.01909113e-01 6.86177552e-01
    3.97619694e-01 2.80512989e-01 6.69997454e-01 2.70450085e-01
    1.10221207e-02 8.75878632e-02 1.48884416e-01 1.88389391e-01
    3.47454846e-02 3.62128586e-01 8.27918768e-01 2.37198740e-01
    2.00741172e-01 9.86681581e-01 5.49022257e-02 7.57971466e-01
    4.05692458e-02 8.00298095e-01 8.86258304e-01 4.86069024e-01
    3.53296578e-01 8.74888778e-01 9.24122691e-01 2.93839425e-01
    6.69944167e-01 7.59471655e-02 6.67105854e-01 6.15340114e-01
    6.26164734e-01 3.72781157e-02 5.55281103e-01 5.26306450e-01
    7.88769007e-01 6.33908391e-01 8.13315988e-01 5.61027527e-01
    2.94251561e-01 7.45776653e-01 9.88860011e-01 7.17292964e-01
    9.61002707e-02 9.29350734e-01 3.77917737e-01 5.12161672e-01
    7.56137192e-01 2.02892542e-01 7.26586282e-01 2.73231924e-01
    9.20816720e-01 1.50875866e-01 1.80152148e-01 4.03702259e-02
    1.85502440e-01 3.05448115e-01 1.39518410e-01 6.87126994e-01
    5.15560031e-01 9.48964953e-01 9.51599717e-01 4.68182325e-01
    1.33566171e-01 9.11478519e-01 5.96648097e-01 5.19117773e-01
    4.23925161e-01 7.82999754e-01 8.06980968e-01 7.50122070e-02
    2.93120444e-01 5.24128973e-02 9.29241896e-01 5.07038236e-01
    5.15677214e-01 8.96800518e-01 1.26708418e-01 1.12126976e-01
    9.12791610e-01 4.70687091e-01 7.82952309e-02 8.06952238e-01
    6.55049443e-01 6.99778199e-02 1.72725260e-01 6.75280690e-01
    3.11680377e-01 1.30496949e-01 1.09738320e-01 1.47446454e-01
    1.31733209e-01 7.66007721e-01 6.56350553e-02 1.47885770e-01
    1.21934175e-01 6.61410391e-01 2.28980780e-01 5.07236660e-01
    4.44661558e-01 5.03581345e-01 2.44303375e-01 7.73169398e-01
    2.90902227e-01 2.88969785e-01 3.11547399e-01 5.30901849e-01
    4.61998761e-01 8.37279797e-01 9.19316649e-01 9.82732654e-01
    9.42974329e-01 8.24529290e-01 4.15392220e-02 6.57933533e-01
    3.70938122e-01 3.51378560e-01 1.75890028e-01 7.80107617e-01
    8.54997516e-01 7.34506488e-01 1.04395986e-01 9.62616742e-01
    1.36401355e-01 3.03874791e-01 7.35844314e-01 5.15666664e-01
    4.78302449e-01 7.25043893e-01 2.23264098e-02 2.27298498e-01
    3.65145385e-01 3.48956764e-01 9.44204211e-01 9.02484000e-01
    4.77159172e-01 2.74483800e-01 8.83117080e-01 6.74978733e-01
    8.78066778e-01 2.82582998e-01 3.28560710e-01 5.93002439e-01
    5.97787201e-01 4.93625820e-01 1.98926449e-01 5.65030813e-01
    2.62373924e-01 1.27917886e-01 9.84395206e-01 4.67445016e-01
    6.85613394e-01 6.96799994e-01 8.30366850e-01 2.50132024e-01
    2.82173395e-01 6.93789423e-01 5.24637341e-01 2.58967280e-02
    1.46474898e-01 9.69018757e-01 2.65190244e-01 2.78950095e-01
    1.50322706e-01 3.25388163e-01 6.82409346e-01 2.82879382e-01
    7.48198867e-01 8.46954942e-01 1.76767111e-02 1.98928416e-02
    4.73868668e-01 5.13487160e-02 3.04885030e-01 2.80991673e-01
    3.37148845e-01 1.17738158e-01 1.95467770e-01 1.83556527e-01
    3.21145415e-01 8.23073506e-01 6.58963203e-01 2.07389295e-02
    1.83344126e-01 9.01591539e-01 7.56330490e-02 3.76960069e-01
    9.61731553e-01 2.46970445e-01 8.81036520e-01 7.21070349e-01
    3.42602789e-01 1.96931869e-01 8.39874268e-01 5.02760112e-01
    9.53735411e-02 7.68149614e-01 1.67073965e-01 1.82653010e-01
    2.15326399e-01 9.28905725e-01 6.27918839e-01 1.39515758e-01
    9.79407966e-01 2.73768008e-02 2.01502860e-01 8.05945098e-01
    4.14700508e-01 7.24822164e-01 4.75832254e-01 7.09133625e-01
    7.95362353e-01 1.32847428e-02 6.53508425e-01 4.17385966e-01
    6.59678817e-01 1.32969528e-01 1.77120507e-01 1.26569748e-01
    8.76094580e-01 2.68870413e-01 9.38463271e-01 5.88404119e-01
    7.55321503e-01 4.51265574e-02 5.16684651e-01 9.85493660e-01
    7.47052073e-01 3.31523210e-01 9.63015378e-01 1.26684695e-01
    5.38711727e-01 1.61409289e-01 7.18666673e-01 9.05927777e-01
    1.02970093e-01 7.08195448e-01 1.34963214e-01 9.05100107e-01
    5.33305824e-01 2.88322717e-01 8.80208373e-01 2.93504655e-01
    6.20956600e-01 9.21746612e-01 3.71144086e-01 4.79376167e-01
    6.32251203e-02 7.67843485e-01 4.64557111e-02 1.78135008e-01
    1.60740048e-01 4.71093059e-01 7.85774589e-01 1.57811016e-01
    2.33479857e-01 3.44602972e-01 7.56706119e-01 6.90878034e-02
    6.08654022e-01 6.91974401e-01 3.87135714e-01 6.82333112e-02
    9.50877309e-01 5.49079895e-01 4.15873319e-01 5.02253473e-02
    1.22373343e-01 2.82155991e-01 7.82721281e-01 7.41978824e-01
    8.45855653e-01 5.86003661e-01 4.75036204e-01 9.59606290e-01
    8.33590508e-01 2.51193285e-01 1.60928041e-01 8.83014143e-01
    3.44093680e-01 6.10515475e-02 8.95249426e-01 8.67471457e-01
    7.54208982e-01 5.87352753e-01 5.26890695e-01 1.76190674e-01
    8.40806961e-01 1.80843860e-01 4.08638567e-01 9.23833311e-01
    1.46896124e-01 2.08481640e-01 4.45144713e-01 1.48315221e-01
    7.27998257e-01 9.18051064e-01 5.10796726e-01 4.59299386e-01
    8.27830553e-01 1.78237081e-01 4.87047493e-01 3.80791366e-01
    6.11877799e-01 1.09188259e-01 5.62872350e-01 8.69360983e-01
    6.92357004e-01 5.93602061e-01 7.67681479e-01 8.68626475e-01
    9.89412248e-01 6.81783199e-01 1.68400496e-01 4.88194078e-01
    3.01717430e-01 4.88554239e-02 6.06893718e-01 6.67693019e-01
    7.10021079e-01 1.16844505e-01 5.48233569e-01 5.59351385e-01
    6.52750492e-01 4.97689635e-01 5.63138604e-01 5.06121695e-01
    1.02489382e-01 9.92768168e-01 3.88350546e-01 2.22696215e-01
    1.21280760e-01 5.15927792e-01 3.03256512e-01 6.96895778e-01
    1.21178329e-01 2.83600509e-01 7.62466073e-01 4.09357578e-01
    5.27578175e-01 3.02556694e-01 8.22551489e-01 1.17979378e-01
    4.50256109e-01 8.48386109e-01 3.34992528e-01 5.17331302e-01
    3.19544435e-01 6.89328969e-01 1.72378898e-01 1.40589863e-01
    5.04959285e-01 6.28141344e-01 8.25766802e-01 4.77593690e-01
    3.91707093e-01 7.46385157e-02 1.99311793e-01 4.70595986e-01
    6.19402826e-01 1.50809884e-02 4.86498863e-01 1.11046582e-01
    7.49442995e-01 5.43104649e-01 4.40102518e-02 7.08842635e-01
    6.30405724e-01 6.26321077e-01 6.34683967e-02 8.72065783e-01
    7.57024944e-01 9.26689684e-01 8.74806643e-01 9.20454085e-01
    2.76004136e-01 6.68696165e-01 3.56420279e-02 8.73825312e-01
    7.87715673e-01 1.17583692e-01 6.30341828e-01 1.66201472e-01
    8.49118233e-01 2.73547232e-01 8.66569936e-01 9.41184521e-01
    5.12168288e-01 2.67683506e-01 5.12391150e-01 4.40497071e-01
    3.25321555e-01 1.12497121e-01 5.51201165e-01 1.59109235e-01
    6.61144078e-01 7.23111033e-01 2.31185347e-01 3.41124237e-02
    7.44719803e-02 2.86532968e-01 3.27737361e-01 8.50722969e-01
    4.84044492e-01 5.33285797e-01 8.65110338e-01 8.43313932e-01
    5.68019867e-01 5.35489202e-01 7.97936797e-01 6.68222606e-02
    3.69575948e-01 3.21106017e-01 5.76168060e-01 7.74478436e-01
    7.53242910e-01 9.81437802e-01 8.41259718e-01 7.42753029e-01
    4.37203169e-01 6.75612450e-01 9.87808704e-02 3.05276692e-01
    1.55519873e-01 4.73246902e-01 7.15623140e-01 6.39478505e-01
    7.66262233e-01 7.14687705e-02 6.59882128e-01 8.28302145e-01
    3.67347121e-01 1.51707739e-01 3.10534954e-01 8.22771430e-01
    6.37295067e-01 4.52963442e-01 4.24135059e-01 9.32282209e-01
    1.04560852e-02 7.73443639e-01 2.02401787e-01 6.02019429e-01
    6.12102449e-02 4.24537480e-01 5.88428736e-01 5.46756983e-01
    6.85451627e-02 5.44564962e-01 7.34350085e-01 7.79094577e-01
    9.18172836e-01 6.91840172e-01 1.38791949e-01 3.72285962e-01
    4.53865379e-01 4.71925110e-01 1.46819234e-01 3.61855596e-01
    5.72675467e-02 6.80913806e-01 6.95108116e-01 4.70667869e-01
    4.68844086e-01 4.28122163e-01 1.34090573e-01 6.03283882e-01
    1.71244591e-01 8.27141643e-01 9.87186790e-01 5.65274656e-02
    4.46003914e-01 1.39025152e-02 5.25552928e-01 4.24704850e-02
    8.26871157e-01 2.67936945e-01 2.71154404e-01 3.25424254e-01
    8.75802934e-01 6.58058465e-01 5.24008453e-01 3.90118659e-01
    2.97221124e-01 1.14054114e-01 7.03808010e-01 6.43327832e-01
    6.35956109e-01 1.11276805e-01 7.24133611e-01 2.14424968e-01
    4.05418277e-02 7.41027892e-02 6.88172877e-01 8.09733987e-01
    5.90740144e-02 7.97085285e-01 3.81521046e-01 7.29129076e-01
    4.90294129e-01 7.73139656e-01 3.37959111e-01 5.65171897e-01
    1.42369151e-01 8.38080645e-02 8.35958540e-01 5.57511628e-01
    9.03302729e-01 8.70213389e-01 7.79504776e-01 4.95265096e-01
    3.12419802e-01 2.24996328e-01 2.73371994e-01 6.67476773e-01
    5.34698784e-01 2.50840366e-01 1.98430538e-01 8.00033748e-01
    2.74039865e-01 1.85172290e-01 7.13687599e-01 6.10848367e-01
    5.31157553e-01 8.55074108e-01 2.48634517e-02 8.68084073e-01
    8.47910285e-01 5.02063215e-01 5.93097746e-01 6.57429338e-01
    8.99909854e-01 2.16505617e-01 6.94666624e-01 7.07511008e-01
    6.08989894e-01 1.41757429e-01 6.82650626e-01 7.42155433e-01
    3.71379524e-01 7.70134628e-01 4.24913347e-01 6.44522190e-01
    7.84974217e-01 7.02489138e-01 4.19048816e-01 4.80035067e-01
    4.10859406e-01 5.78655839e-01 5.45666397e-01 8.16038251e-01
    1.74310356e-01 4.45477307e-01 9.93152261e-01 7.11980760e-01
    4.61070657e-01 5.84894121e-01 3.00187588e-01 5.97422421e-01
    2.92580068e-01 3.76700044e-01 8.13079298e-01 6.75939918e-01
    8.09633315e-01 8.39752376e-01 9.85010266e-01 2.54602432e-01
    6.58524752e-01 6.33777618e-01 6.28759563e-01 4.71451044e-01
    1.13453418e-01 1.44515753e-01 4.05827790e-01 7.02347159e-01
    7.07925141e-01 3.89796197e-02 6.15851402e-01 9.29230154e-02
    4.87850785e-01 9.66026247e-01 4.61760461e-01 3.64187658e-01
    6.96996570e-01 8.47308040e-01 2.01033354e-02 3.31253082e-01
    7.78595448e-01 9.37892616e-01 4.53517318e-01 9.50174809e-01
    1.04807138e-01 5.75437486e-01 5.17241955e-01 7.58928597e-01
    2.25958943e-01 3.75148833e-01 4.25464511e-02 1.64706230e-01
    4.96880442e-01 3.62590641e-01 4.37211543e-01 8.51862192e-01
    1.23151720e-01 4.42589581e-01 1.59838945e-01 7.68771470e-01
    3.72403622e-01 5.36813974e-01 3.58075738e-01 7.76498914e-01
    9.18134928e-01 2.38840491e-01 5.32728553e-01 7.06601858e-01
    9.95895267e-03 5.86406171e-01 4.98526961e-01 9.12597895e-01
    7.34233797e-01 6.69024110e-01 1.97531015e-01 8.70886683e-01
    1.89546257e-01 8.94683719e-01 7.58690298e-01 4.24385786e-01
    1.41766697e-01 2.18856454e-01 8.35797548e-01 4.51879233e-01
    9.25889850e-01 2.70020783e-01 4.89384562e-01 7.25404620e-01
    6.62130654e-01 2.26658881e-02 4.90555793e-01 4.67547923e-01
    5.94285727e-02 7.07464159e-01 3.75485241e-01 1.11694872e-01
    3.24865013e-01 2.24869847e-02 3.70873868e-01 3.93730313e-01
    3.40343416e-01 7.21375048e-02 6.14172697e-01 2.45699018e-01
    5.51362276e-01 7.80487478e-01 2.35831648e-01 2.09041297e-01
    9.31688666e-01 4.21496719e-01 7.42730975e-01 8.39605570e-01
    1.58614993e-01 9.52517152e-01 7.78843403e-01 7.88314104e-01
    7.00782835e-01 7.19445825e-01 8.47204506e-01 5.30090928e-01
    1.92735374e-01 8.15997601e-01 7.29228258e-01 4.08798456e-01
    3.53104889e-01 4.43157077e-01 7.67142296e-01 8.86877775e-01
    1.15158498e-01 3.86281610e-01 8.47866535e-01 2.61855364e-01
    7.21504092e-01 4.41711903e-01 8.47125292e-01 1.04254812e-01
    8.92675698e-01 9.93816733e-01 9.90889788e-01 4.54142988e-02
    6.95367754e-01 8.44269156e-01 4.02813226e-01 5.42424142e-01
    9.23777699e-01 1.69680655e-01 3.24742526e-01 9.77966189e-01
    6.14583611e-01 3.83942872e-01 4.77398038e-01 9.88649726e-01
    6.29501045e-01 9.31842923e-01 1.18740052e-01 6.71845078e-01
    9.74633932e-01 3.19657236e-01 8.45645070e-01 2.93270350e-01
    8.57973814e-01 5.25507689e-01 8.08933675e-02 8.66400361e-01
    9.51503396e-01 8.31862211e-01 6.56782746e-01 1.74004316e-01
    4.46534812e-01 2.91123092e-02 5.63295543e-01 5.41368246e-01
    5.73056459e-01 9.27568495e-01 4.46599454e-01 8.64818811e-01
    3.01407546e-01 8.13695788e-01 4.55286592e-01 4.76053357e-03
    1.12183928e-01 8.65606546e-01 9.57619190e-01 9.22700524e-01
    6.66656494e-02 7.87381709e-01 5.74939966e-01 7.83219397e-01
    2.58595228e-01 2.65912563e-01 9.79707837e-02 6.77937925e-01
    7.45133340e-01 8.97958398e-01 6.28120065e-01 2.37186641e-01
    7.43852615e-01 3.07116687e-01 5.30062795e-01 2.53700793e-01
    6.95027709e-01 7.03514218e-01 8.21059644e-01 3.25231314e-01
    8.51882219e-01 5.18001735e-01 6.51409626e-02 9.62063968e-01
    5.07718801e-01 5.77206552e-01 3.06537092e-01 9.31653023e-01
    1.75725192e-01 7.13074803e-01 9.13796842e-01 1.80396914e-01
    9.64325488e-01 1.56930089e-01 1.85390711e-02 6.70467198e-01
    4.47706401e-01 4.14151549e-02 9.35071111e-01 6.18779600e-01
    2.64366269e-01 4.10990596e-01 2.56532401e-01 3.12100947e-02
    2.90072948e-01 8.23281586e-01 6.28767073e-01 5.79561234e-01
    1.20009243e-01 4.63648260e-01 3.85450810e-01 3.98224056e-01
    4.87263471e-01 9.11842585e-01 4.33902413e-01 1.54129863e-01
    5.37007987e-01 6.75949812e-01 5.82445323e-01 9.04794097e-01
    6.95077181e-02 1.60194725e-01 9.96969223e-01 4.69976455e-01
    9.96862769e-01 9.03265178e-02 7.50353575e-01 2.77599812e-01
    1.58326328e-02 3.35210025e-01 4.33158785e-01 8.08512211e-01
    7.38296747e-01 1.67600483e-01 6.44717932e-01 3.05433244e-01
    8.39007020e-01 6.46879673e-01 4.26531225e-01 4.50296611e-01
    2.12136209e-01 8.12208414e-01 8.99705589e-02 8.43482554e-01
    8.38564277e-01 4.79764640e-01 4.31935847e-01 4.72201526e-01
    3.33018780e-01 9.32074130e-01 7.62490034e-02 1.86522722e-01
    8.38711977e-01 2.85338700e-01 9.62880135e-01 1.14148766e-01
    1.20700479e-01 3.67326856e-01 2.50230730e-01 1.68471843e-01
    1.19076163e-01 8.72499406e-01 3.51060629e-01 9.99274373e-01
    1.93073988e-01 5.50724328e-01 9.46887434e-02 8.68557692e-01
    1.76709592e-01 5.78032553e-01 5.68385839e-01 1.36747956e-03
    9.11693573e-02 1.35212779e-01 9.68854785e-01 3.69559407e-01
    6.95420444e-01 2.25088567e-01 8.53367746e-02 6.66034937e-01
    2.38461226e-01 2.61720002e-01 2.03970075e-03 6.17712796e-01
    3.92126739e-01 1.99397922e-01 1.12736166e-01 7.20017135e-01
    9.33959723e-01 7.36124814e-01 5.96568346e-01 1.16198599e-01
    7.52193213e-01 6.19283855e-01 4.58975315e-01 7.06834793e-01
    1.21065944e-01 8.57366085e-01 6.92777395e-01 7.53425241e-01
    6.31301641e-01 2.07152635e-01 6.10705137e-01 5.01473546e-01
    1.10641420e-01 3.05813223e-01 7.11914659e-01 5.38994670e-02
    6.07216895e-01 1.90717816e-01 2.27099329e-01 3.38139743e-01
    4.04592752e-02 8.04947615e-01 1.60554349e-02 3.34721893e-01
    6.10603213e-01 1.26500010e-01 9.33086157e-01 9.92323160e-01
    5.99389493e-01 3.93901974e-01 6.04343772e-01 9.71302986e-01
    9.82709527e-02 3.62477988e-01 1.97750360e-01 6.98665679e-01
    5.80425739e-01 5.72118759e-02 5.08695424e-01 5.59051633e-01
    8.64612460e-01 8.64943862e-01 5.40031850e-01 5.27938902e-01
    6.01418257e-01 8.55510712e-01 4.63591576e-01 2.03065127e-01
    7.89157152e-02 9.94669080e-01 3.89624536e-02 6.13964438e-01
    2.32522964e-01 4.33988035e-01 8.77755761e-01 5.27362287e-01
    5.06288230e-01 5.73911786e-01 2.97360420e-01 4.61230576e-01
    5.99137962e-01 7.69948721e-01 9.06968474e-01 1.18753970e-01
    8.88778210e-01 8.48597765e-01 1.27936602e-01 9.38768029e-01
    2.47289777e-01 9.50136304e-01 4.69495386e-01 2.30273873e-01
    3.51800978e-01 1.16705149e-01 1.47700846e-01 1.29799843e-01
    2.37588912e-01 7.71834314e-01 6.94893658e-01 7.96630144e-01
    4.39314276e-01 6.14532650e-01 4.34573263e-01 5.40616214e-02
    8.55400562e-01 6.00119829e-02 3.06533962e-01 2.17544615e-01
    2.45895356e-01 1.38893813e-01 3.10047984e-01 5.74276209e-01
    1.74469888e-01 2.28556424e-01 6.36112392e-01 1.72217280e-01
    3.12439263e-01 8.46268952e-01 5.17216861e-01 2.01823413e-01
    5.67348719e-01 2.49574155e-01 2.33993083e-01 8.58771861e-01
    1.38781309e-01 7.31020212e-01 8.37973416e-01 9.21240449e-01
    8.93272758e-01 1.32517099e-01 7.16550350e-01 8.01998973e-02
    8.68387580e-01 1.60968393e-01 6.85453236e-01 5.27739525e-02
    7.53484964e-01 5.92040956e-01 5.91974258e-01 7.87417769e-01
    3.98149282e-01 5.89738369e-01 4.43910360e-01 2.90741265e-01
    2.81519890e-01 5.22176027e-02 3.38828683e-01 9.32002544e-01
    8.60400319e-01 5.13141632e-01 7.01577783e-01 7.00810194e-01
    5.86172223e-01 3.52586985e-01 3.28358114e-01 8.12214911e-02
    2.86985636e-01 4.66034412e-01 9.16981101e-01 8.03514004e-01
    3.48252952e-01 3.75976592e-01 2.29346544e-01 3.86444122e-01
    8.70504439e-01 1.52318954e-01 4.38953876e-01 8.75252187e-01
    3.53172481e-01 2.23271519e-01 6.68141305e-01 6.65814936e-01
    8.03506136e-01 2.37136990e-01 1.44183218e-01 6.20848715e-01
    7.63372183e-01 4.34747905e-01 3.47834021e-01 5.47179818e-01
    6.47026420e-01 1.68923676e-01 3.23891282e-01 6.85108900e-01
    8.56103480e-01 7.03237951e-02 8.94880533e-01 9.62131381e-01
    7.96674490e-02 2.50701129e-01 5.02723992e-01 2.31942832e-02
    8.68808985e-01 2.78455675e-01 3.69946599e-01 8.02235126e-01
    8.69848132e-01 3.85876596e-01 9.53210771e-01 3.76210690e-01
    7.69013882e-01 7.41698742e-01 8.22687626e-01 8.36645961e-01
    7.52680182e-01 7.37683594e-01 3.03332388e-01 9.62311983e-01
    8.61982107e-02 7.10009933e-01 7.36022830e-01 9.27002728e-02
    7.29251504e-01 8.18431616e-01 8.99469495e-01 4.28532362e-01
    8.41597676e-01 9.51307714e-02 5.52731156e-02 2.21644938e-01
    9.69194889e-01 1.64176404e-01 1.62378013e-01 3.43206346e-01
    8.54102671e-02 8.35904539e-01 7.14826345e-01 8.23598146e-01
    6.06045127e-03 3.64917815e-01 8.72177303e-01 2.89958060e-01
    1.97845101e-01 8.92939806e-01 7.35649765e-01 4.19758916e-01
    4.46807772e-01 6.58892035e-01 2.27517575e-01 2.35516071e-01
    7.90224791e-01 9.12176132e-01 6.89808965e-01 8.92221153e-01
    8.10023665e-01 4.00424361e-01 4.49620187e-01 9.08082902e-01
    9.76686001e-01 6.29012287e-02 1.28768623e-01 8.88263583e-01
    9.19907093e-01 7.74681091e-01 2.46285409e-01 4.30684149e-01
    7.82429934e-01 1.62258148e-02 6.05153680e-01 2.16765046e-01
    7.46726036e-01 7.66956806e-01 1.80357248e-01 9.51982260e-01
    9.13424253e-01 8.17126393e-01 3.81898999e-01 1.15149409e-01
    6.83931470e-01 5.56029677e-01 9.80281234e-02 7.63574123e-01
    8.25911760e-02 9.40350533e-01 2.61240542e-01 6.75113082e-01
    9.93961990e-02 7.87771344e-01 2.31293768e-01 4.38770652e-03
    4.59689409e-01 6.93270564e-01 4.14674878e-01 6.01001799e-01
    8.47570062e-01 2.20089167e-01 9.08093035e-01 6.65253341e-01
    2.83897012e-01 5.77010036e-01 7.17018843e-02 3.74191165e-01
    9.88030732e-01 5.16575158e-01 2.60165155e-01 1.59739345e-01
    3.59448224e-01 7.64797568e-01 9.79125977e-01 8.49231422e-01
    2.90628493e-01 3.56716812e-01 1.50550574e-01 3.87594044e-01
    2.57994622e-01 7.11873770e-02 5.27456760e-01 9.05071795e-02
    1.49208516e-01 2.39060223e-01 2.19401628e-01 6.17349327e-01
    6.15638614e-01 4.31503713e-01 9.22198057e-01 8.23326349e-01
    2.84595430e-01 8.60458255e-01 6.48215294e-01 5.97717941e-01
    3.77289772e-01 2.45622724e-01 3.24727118e-01 1.04286849e-01
    2.31504142e-01 1.73816383e-01 7.30688512e-01 8.30515325e-01
    4.95598942e-01 8.33907604e-01 1.75445884e-01 7.05479264e-01
    7.23801494e-01 5.00491023e-01 8.75085592e-04 8.64868641e-01
    4.72588539e-01 3.61038119e-01 5.31626284e-01 8.68463278e-01
    2.70346552e-01 5.38946331e-01 7.82351255e-01 9.51546907e-01
    2.94011146e-01 8.33798110e-01 3.14675808e-01 6.41292334e-02
    4.94908363e-01 3.69206786e-01 9.21657562e-01 9.93886828e-01
    4.09071088e-01 9.13269579e-01 4.50269610e-01 4.88802284e-01
    9.26149428e-01 2.32444853e-01 7.48085976e-03 9.48804021e-01
    3.76400739e-01 7.06749260e-01 2.72287935e-01 6.07339263e-01
    9.13846016e-01 3.23013246e-01 2.13264942e-01 9.15798843e-01
    4.00144458e-02 6.11717939e-01 8.84576380e-01 7.79272914e-01
    6.26699209e-01 5.60158730e-01 2.92505205e-01 6.82505846e-01
    2.40556628e-01 7.45434165e-02 6.64568722e-01 6.65977180e-01
    5.53082526e-02 2.22856790e-01 8.76385570e-01 6.24596119e-01
    8.90162766e-01 7.14621782e-01 2.16432720e-01 4.81468588e-01
    8.55360329e-02 6.27770126e-01 3.96548957e-01 4.66415286e-03
    1.32236630e-01 5.18431365e-02 8.20684433e-03 4.81028110e-01
    8.71604145e-01 8.89442921e-01 8.73906970e-01 7.46287763e-01
    3.40884030e-02 2.14469045e-01 8.70277524e-01 2.30061710e-02
    7.23393142e-01 3.75262916e-01 5.60617745e-01 8.55195403e-01
    3.21210444e-01 6.56331778e-02 7.35972822e-01 6.95652008e-01
    9.97369289e-02 3.63276362e-01 8.67025852e-01 2.11516917e-02
    5.33353627e-01 2.51252294e-01 3.34481657e-01 4.74520862e-01
    3.78073364e-01 1.14765733e-01 3.32246959e-01 3.48755658e-01
    5.54379702e-01 3.56342554e-01 1.18023366e-01 4.56749558e-01
    2.76570737e-01 8.91944528e-01 5.13574660e-01 9.43635941e-01
    5.12825727e-01 1.14582062e-01 7.08474278e-01 1.09144539e-01
    6.65802658e-02 1.23319477e-01 7.47630060e-01 6.45285249e-01
    2.36183822e-01 1.73674941e-01 3.19387883e-01 7.78037906e-01
    3.39665949e-01 6.51954293e-01 7.72844076e-01 8.91570330e-01
    3.53152037e-01 8.27403069e-01 2.54490346e-01 9.43113565e-01
    3.46519142e-01 1.47142291e-01 4.11245704e-01 9.51343417e-01
    5.47552288e-01 4.24845040e-01 5.19971609e-01 1.08952373e-01
    6.06710672e-01 1.84379816e-01 4.45660949e-03 4.93455231e-01
    7.03344643e-02 1.95610464e-01 6.32000029e-01 9.74081874e-01
    9.36210752e-01 6.05950654e-02 9.46181118e-02 2.22980529e-01
    3.37426722e-01 3.95836025e-01 5.74354768e-01 7.20800936e-01
    2.06543177e-01 1.18411928e-01 1.76383615e-01 8.20174515e-01
    7.90135622e-01 4.61786866e-01 5.48844993e-01 1.28418773e-01
    3.14020038e-01 4.43588227e-01 9.01562750e-01 5.54436445e-01
    5.85393250e-01 7.49715567e-02 8.98571014e-02 3.57608497e-01
    6.68571830e-01 7.05003262e-01 7.67501056e-01 8.72769117e-01
    6.38590634e-01 5.95741272e-01 8.90378356e-01 3.36372375e-01
    4.29986209e-01 8.44268918e-01 9.76022840e-01 2.42353737e-01
    4.52494025e-02 8.80847812e-01 7.89831877e-01 9.06076372e-01
    5.69620728e-01 2.55056977e-01 4.58900034e-01 8.39209378e-01
    5.07411063e-01 2.27049470e-01 3.11041057e-01 6.66691065e-02
    8.88443708e-01 5.16907811e-01 1.08811349e-01 6.80209219e-01
    8.39072347e-01 3.53730857e-01 4.80968624e-01 8.53310466e-01
    3.23644578e-01 5.71045518e-01 6.22406423e-01 9.35415328e-01
    7.98696280e-01 9.23644543e-01 5.09624481e-01 2.08191067e-01
    5.10699034e-01 7.03466177e-01 4.71061349e-01 7.66584575e-01
    8.35345387e-01 8.68401647e-01 2.39840955e-01 7.15555131e-01
    3.49448413e-01 8.65545571e-01 6.14605308e-01 1.02309912e-01
    4.69900787e-01 6.13094926e-01 4.98316497e-01 2.83285081e-01
    3.16174328e-01 6.00363493e-01 4.86919612e-01 5.53679705e-01
    4.08959478e-01 9.96840179e-01 9.47948456e-01 4.56377506e-01
    7.73426950e-01 2.44195521e-01 6.58542871e-01 6.81612551e-01
    3.46873283e-01 7.64585912e-01 3.58971298e-01 1.99420869e-01
    3.46595466e-01 6.05928838e-01 9.12260294e-01 8.27814043e-01
    6.18560910e-02 7.18519211e-01 6.59997821e-01 7.85120130e-01
    6.43141508e-01 2.79058218e-01 9.15835142e-01 2.01406807e-01
    1.61568522e-02 4.73934799e-01 1.90062761e-01 1.60869747e-01
    9.00370479e-02 8.39834929e-01 6.75661087e-01 8.33016336e-02
    7.26916373e-01 9.00694132e-02 1.72683120e-01 2.73323596e-01
    4.72670376e-01 2.03267157e-01 8.89842629e-01 8.46408963e-01
    3.04184943e-01 9.28308547e-01 9.92216766e-01 1.09091431e-01
    2.42516339e-01 5.19504786e-01 7.23004222e-01 3.24502528e-01
    2.90207148e-01 1.34028256e-01 8.40815544e-01 1.88081831e-01
    6.40806258e-01 2.99270213e-01 5.19341350e-01 2.49154866e-02
    6.70703053e-01 5.60519397e-01 7.80192614e-02 1.19677335e-01
    9.81919169e-02 6.67366505e-01 1.73169404e-01 8.28742266e-01
    7.83145308e-01 4.92815554e-01 1.95166916e-01 4.27430272e-01
    1.85729176e-01 5.08844733e-01 4.48924810e-01 4.22066271e-01
    4.46873128e-01 5.25371909e-01 6.36793435e-01 7.76752353e-01
    1.83753818e-01 6.29209578e-02 5.27736366e-01 3.21503043e-01
    2.95577049e-02 3.65996182e-01 1.97278142e-01 8.33513141e-02
    1.28287673e-01 4.99097735e-01 1.71450675e-01 3.04805756e-01
    7.47737408e-01 2.41008669e-01 1.85842544e-01 1.69038773e-04
    8.56614232e-01 1.06140971e-02 6.92138970e-02 1.80657625e-01
    1.40493780e-01 8.38485360e-03 5.83648086e-01 4.04844135e-01
    4.47847128e-01 4.09443825e-01 5.67438364e-01 6.96694553e-01
    8.57338428e-01 2.39135414e-01 4.40113306e-01 7.18006492e-03
    7.01902509e-01 7.27307796e-03 8.89071822e-01 3.19421500e-01
    7.26627290e-01 8.27293694e-01 7.44731843e-01 9.34144735e-01
    9.61176872e-01 2.45695263e-01 1.05045140e-01 4.87405241e-01
    2.53793836e-01 3.17095935e-01 3.84165347e-02 2.33205587e-01
    3.88044089e-01 7.28697479e-01 9.22838211e-01 5.99500775e-01
    7.55071402e-01 4.42157090e-02 8.94569159e-01 2.66773909e-01
    7.63871074e-01 2.40798712e-01 6.77880168e-01 5.89026809e-01
    8.07084143e-01 4.89774108e-01 8.30518484e-01 6.85199916e-01
    4.44846690e-01 5.55483520e-01 2.75193810e-01 7.61201620e-01
    8.28580976e-01 8.15517426e-01 9.97594237e-01 4.62850004e-01
    4.89778727e-01 3.82597804e-01 6.58440351e-01 5.09987056e-01
    1.96599722e-01 1.94568634e-01 7.76389718e-01 5.65897703e-01
    5.02112508e-02 5.59201777e-01 1.96152151e-01 8.54135275e-01
    5.50378382e-01 1.24371439e-01 8.62378895e-01 7.30550349e-01
    6.11148059e-01 7.48209715e-01 8.90933275e-01 1.35357887e-01
    5.68972528e-01 8.06342304e-01 3.84574115e-01 5.59014738e-01
    8.38165820e-01 8.71860623e-01 8.61631691e-01 5.69241941e-02
    4.73754138e-01 8.00176501e-01 6.47771716e-01 7.73590803e-01
    9.38422978e-02 6.95136666e-01 6.25952363e-01 1.41093969e-01
    4.56807077e-01 1.17271721e-01 5.25422215e-01 3.88616562e-01
    3.45942080e-01 7.86018431e-01 9.29804444e-01 1.18105799e-01
    4.80128586e-01 1.56311959e-01 6.72190666e-01 3.23837429e-01
    9.47908938e-01 3.08551878e-01 5.01752853e-01 3.38107586e-01
    5.83626628e-02 5.66778779e-02 8.60964000e-01 8.06908250e-01
    1.89680994e-01 6.02898657e-01 3.20320070e-01 9.15627599e-01
    4.08695042e-01 1.81505591e-01 2.33057320e-01 7.31913507e-01
    9.11894739e-02 1.05480522e-01 6.34942949e-01 6.50423825e-01
    2.48568803e-01 3.54596615e-01 2.48681754e-01 2.78470933e-01
    7.88737297e-01 4.82032239e-01 7.84429193e-01 7.78219938e-01
    1.61227077e-01 2.33852088e-01 6.10646486e-01 4.25161093e-01
    6.29622877e-01 4.88633543e-01 5.22085011e-01 5.59324384e-01
    4.00442898e-01 2.40604401e-01 4.99332696e-01 5.80737233e-01
    8.48804116e-01 5.50420880e-01 5.38832545e-02 5.56972504e-01
    4.18487787e-02 7.29882836e-01 2.84465313e-01 3.36380422e-01
    1.49964601e-01 2.26020217e-01 3.81761134e-01 7.69755602e-01
    9.47954834e-01 7.90466666e-01 2.07638800e-01 8.11202168e-01
    3.22734147e-01 4.89492297e-01 6.85891569e-01 4.72253442e-01
    5.17090380e-01 6.61654770e-01 9.13662910e-01 1.59190506e-01
    1.68426812e-01 5.12334704e-01 3.48871380e-01 2.71691084e-01
    7.45503426e-01 9.52283442e-02 4.73115236e-01 6.97119355e-01
    5.64257503e-01 1.06669575e-01 9.00269389e-01 4.48227704e-01
    3.61047000e-01 5.82839847e-01 8.03533375e-01 9.78365660e-01
    9.82268214e-01 2.08096862e-01 8.40024710e-01 4.67853755e-01
    7.98830390e-01 9.75759983e-01 7.14632332e-01 4.61966723e-01
    9.26441431e-01 6.20166600e-01 1.15076780e-01 3.90029132e-01
    3.00841838e-01 4.55681294e-01 7.84129739e-01 1.73650652e-01
    5.58040380e-01 8.55554581e-01 2.55150795e-02 5.97195148e-01
    4.85198140e-01 4.37289774e-01 2.86053419e-01 6.33042693e-01
    2.63377279e-01 8.26773286e-01 6.09300375e-01 8.80262911e-01
    4.34515744e-01 4.34185863e-01 2.72639394e-02 9.83534336e-01
    8.68425369e-02 7.35285759e-01 2.66803503e-02 8.56164634e-01
    1.40083253e-01 7.40476549e-01 9.19554234e-01 8.98814619e-01
    7.60389984e-01 1.61221683e-01 2.09600031e-02 8.54847729e-01
    7.34113932e-01 9.83599424e-01 7.02668309e-01 9.58875716e-02
    4.88261193e-01 9.74694550e-01 7.73518801e-01 3.24138999e-03
    1.66580617e-01 7.11107671e-01 8.02551091e-01 2.71414459e-01
    7.48636365e-01 8.90891850e-01 9.91758108e-01 9.30282950e-01
    2.44368672e-01 4.08574820e-01 5.64931631e-01 9.32863235e-01
    3.13670933e-01 9.09201026e-01 9.03730392e-02 4.05547291e-01
    4.20873225e-01 4.03107107e-02 3.67739707e-01 5.71467042e-01
    1.22498930e-01 6.08420372e-03 2.35165566e-01 1.99379295e-01
    8.24902952e-01 3.75634104e-01 5.29467583e-01 8.89700830e-01
    7.74066806e-01 5.48955262e-01 5.91277719e-01 8.13382208e-01
    3.00931036e-02 8.63740027e-01 6.74257040e-01 4.59995091e-01
    7.00398564e-01 3.67068857e-01 2.35974669e-01 4.83352214e-01
    3.77580822e-02 1.93882138e-01 4.38484102e-01 2.05036372e-01
    2.10070878e-01 5.82907796e-02 9.55532253e-01 5.95070481e-01
    6.19814456e-01 1.56915724e-01 7.39786625e-01 5.79289854e-01
    3.64777118e-01 5.61513066e-01 9.10583436e-01 4.59320515e-01
    7.49208748e-01 9.13778186e-01 1.92458034e-02 9.51648235e-01
    1.74286515e-01 6.25842571e-01 3.95587146e-01 1.01299345e-01
    8.13821554e-01 3.44323307e-01 2.54144251e-01 9.15409923e-02
    4.68508303e-01 4.20161754e-01 3.51371288e-01 8.32784772e-01
    4.10970926e-01 3.61974835e-02 4.19981360e-01 4.22501266e-02
    4.81686324e-01 2.45610774e-02 9.52436090e-01 3.87280613e-01
    8.54136109e-01 4.76737112e-01 5.93014359e-02 8.77810180e-01
    6.53318882e-01 7.85765171e-01 2.44552374e-01 6.27865791e-01
    3.20114046e-01 2.14404285e-01 5.79087734e-01 9.54319358e-01
    3.76663685e-01 8.08758438e-01 1.14332944e-01 8.90230417e-01
    4.29804981e-01 2.36294866e-01 1.32308662e-01 4.45827603e-01
    2.48607665e-01 7.45380223e-01 2.43763924e-01 7.86354542e-01
    8.63145173e-01 4.92419034e-01 4.43432391e-01 9.54973280e-01
    9.28508401e-01 6.61720037e-01 6.21088982e-01 7.55867124e-01
    2.31394082e-01 5.10243177e-01 2.82108545e-01 3.38505238e-01
    8.61029267e-01 4.76844996e-01 7.88927972e-02 6.91319466e-01
    1.88713282e-01 4.68080342e-02 5.12325406e-01 1.78598225e-01
    6.01283491e-01 9.20843720e-01 9.69156981e-01 2.89931595e-02
    8.95784318e-01 7.20883489e-01 4.46442276e-01 7.28761375e-01
    2.88856983e-01 5.35679162e-02 1.35272980e-01 7.41530538e-01
    5.89390516e-01 2.88591981e-02 8.83275032e-01 6.80133224e-01
    7.13390112e-01 5.95258832e-01 7.00241745e-01 4.75669801e-02
    9.68438983e-02 7.62857318e-01 7.47513235e-01 6.85173750e-01
    5.74258745e-01 2.01292455e-01 1.70939863e-01 2.25159049e-01
    7.64623404e-01 1.63492084e-01 1.19868755e-01 6.37638152e-01
    2.00850546e-01 7.62393832e-01 1.69325471e-01 8.71949196e-01
    9.40042377e-01 1.22334719e-01 5.75877607e-01 4.54964787e-01
    9.25316930e-01 8.39836240e-01 4.14141178e-01 9.29188728e-01
    7.53923714e-01 5.78214526e-01 9.13332403e-01 7.72289753e-01
    3.93907726e-01 5.73035479e-01 9.59400535e-01 7.68312871e-01
    4.07585472e-01 6.26605392e-01 8.61850977e-01 3.59415352e-01
    4.66881484e-01 5.21698356e-01 1.74737245e-01 2.61884868e-01
    4.23909068e-01 3.14150929e-01 4.08734679e-01 2.85828590e-01
    9.45587039e-01 7.86615252e-01 3.82801175e-01 6.83583975e-01
    9.95980501e-02 6.70787692e-03 1.48652792e-01 4.91765410e-01
    8.79247069e-01 1.76454365e-01 8.88355553e-01 5.63030481e-01
    7.33555496e-01 3.72212440e-01 5.49994290e-01 7.57529914e-01
    2.92694181e-01 5.71666777e-01 9.53660846e-01 8.89698982e-01
    2.70737112e-01 2.94575572e-01 7.47033238e-01 2.06379145e-01
    2.51126051e-01 5.30192792e-01 8.63779068e-01 9.75349545e-02
    1.51204169e-02 6.20373547e-01 3.82624269e-02 8.31187248e-01
    5.30502617e-01 6.24963343e-01 3.50442886e-01 6.72213435e-01
    4.90195096e-01 4.13144708e-01 8.57098401e-01 4.35682178e-01
    9.78341579e-01 2.04816610e-01 5.42860270e-01 3.96748811e-01
    4.15657938e-01 3.33375990e-01 5.60489833e-01 3.66142452e-01
    4.57185984e-01 8.14516902e-01 7.67114639e-01 9.94893968e-01
    1.65459573e-01 1.10867292e-01 7.03620851e-01 2.84446239e-01
    4.73004371e-01 6.07915282e-01 4.17119086e-01 1.16312206e-01
    2.38695055e-01 8.11717153e-01 6.63764536e-01 4.84647721e-01
    1.47200674e-01 6.48293138e-01 6.99433386e-01 4.11551356e-01
    8.43118191e-01 8.44744325e-01 3.94985348e-01 8.55891645e-01
    9.22735333e-01 6.88446641e-01 7.30195343e-01 1.02316469e-01
    9.04140174e-02 7.60663331e-01 9.23959374e-01 8.04695725e-01
    9.73395705e-01 7.95101762e-01 7.98526466e-01 1.45712733e-01
    8.04860473e-01 9.06345785e-01 6.98743522e-01 8.51628304e-01
    7.75544405e-01 9.72925425e-01 9.18716490e-01 4.03825343e-01
    7.67249227e-01 4.77341175e-01 8.12767863e-01 8.82164240e-01
    7.12095618e-01 3.59750390e-02 8.60229492e-01 5.85124016e-01
    9.39574838e-02 5.83679557e-01 3.78668427e-01 4.27060872e-01
    7.41047621e-01 8.93362761e-01 7.24823475e-01 2.09618777e-01
    1.75841033e-01 7.17682183e-01 2.28696376e-01 8.73113811e-01
    4.18976247e-02 5.53708315e-01 9.77876067e-01 5.00056148e-03
    7.54429460e-01 7.92515874e-01 7.64884233e-01 5.97060978e-01
    5.09619713e-01 7.82275677e-01 9.54668701e-01 3.28824162e-01
    6.28403187e-01 3.49959910e-01 9.98729706e-01 7.01628268e-01
    1.22273266e-02 7.73961008e-01 7.47668564e-01 5.60806751e-01
    4.61183965e-01 7.54410028e-02 5.30749679e-01 3.66769731e-01
    1.61109090e-01 2.14970857e-01 5.79661846e-01 7.95722365e-01
    2.60495842e-02 5.42364776e-01 5.17246783e-01 2.37863362e-02
    2.54175961e-01 9.27840590e-01 2.74156332e-02 1.33689612e-01
    6.97903454e-01 1.17718339e-01 1.24462426e-01 1.99822277e-01
    8.88045788e-01 4.81189340e-01 1.10400617e-02 9.42531228e-02
    3.30645084e-01 4.28587615e-01 8.19802523e-01 2.77198642e-01
    8.49830985e-01 9.95099187e-01 6.84996963e-01 5.71434855e-01
    8.77552330e-01 1.62273854e-01 3.75583678e-01 2.01123834e-01
    2.91184604e-01 2.15680778e-01 9.57497418e-01 7.36334920e-01
    1.24071062e-01 3.27657700e-01 6.76959515e-01 2.02573508e-01
    5.56872368e-01 9.34476674e-01 4.50803995e-01 8.97551656e-01
    4.84726429e-02 1.26825124e-01 4.33791101e-01 2.22290754e-02
    2.10943967e-01 7.68280983e-01 3.02650124e-01 8.73253822e-01
    1.02224946e-02 1.99590743e-01 4.10684019e-01 8.80505204e-01
    9.04176354e-01 3.58361959e-01 5.24124742e-01 5.40848136e-01
    3.89046848e-01 5.80224872e-01 8.11422229e-01 2.09640652e-01
    7.66778588e-01 9.88912404e-01 2.26335377e-01 5.59979260e-01
    3.37433100e-01 5.18520951e-01 4.83413786e-01 7.55235195e-01
    2.32299149e-01 4.20656502e-01 8.84147823e-01 7.07966924e-01
    4.20291305e-01 8.45824242e-01 2.08864033e-01 7.83313870e-01
    6.33360744e-01 8.94812942e-02 2.65251756e-01 5.28409958e-01
    7.03432798e-01 2.23131180e-01 1.12082511e-01 8.99313390e-01
    4.49867308e-01 3.86680782e-01 2.31483817e-01 4.68607098e-01
    6.57602370e-01 9.38846767e-02 2.65062511e-01 6.60125375e-01
    4.64288801e-01 7.95311809e-01 5.93528032e-01 6.70586407e-01
    5.23933768e-03 2.69755810e-01 7.19326377e-01 1.67644560e-01
    9.73124683e-01 4.36803699e-02 3.91426057e-01 3.47195983e-01
    3.81203055e-01 6.54815555e-01 5.59020936e-02 8.79481435e-03
    5.29243171e-01 2.99269378e-01 5.50343037e-01 2.51016915e-02
    6.13692164e-01 9.77899790e-01 5.17092586e-01 9.53318119e-01
    3.45809639e-01 1.23765975e-01 3.71811986e-02 3.57909799e-02
    4.81154531e-01 4.61494654e-01 9.43250656e-01 3.36830109e-01
    6.91717684e-01 8.12947750e-02 6.96475506e-02 9.08020735e-02
    9.12529886e-01 5.76655924e-01 3.25747609e-01 6.76044226e-02
    6.52276874e-01 8.24318171e-01 5.88101685e-01 2.97034681e-01
    6.15342975e-01 6.95425510e-01 9.33810353e-01 2.14232683e-01
    8.04694533e-01 4.23242807e-01 3.85423899e-01 2.63239861e-01
    2.47543275e-01 1.16055906e-01 7.36961305e-01 2.08339065e-01
    3.80865037e-01 4.12298232e-01 4.82004046e-01 9.38847303e-01
    3.87761295e-01 4.99794483e-01 2.56228387e-01 8.63958597e-02
    6.89032137e-01 8.10322285e-01 8.61025572e-01 2.80706108e-01
    4.50976670e-01 5.44883311e-01 3.23065877e-01 4.80023026e-03
    5.85378945e-01 6.32263303e-01 7.48633981e-01 4.59749162e-01
    7.89035857e-01 6.65173233e-02 5.23089290e-01 3.49561691e-01
    3.12711895e-01 4.10608500e-01 8.50081623e-01 8.49777639e-01
    7.94110596e-01 9.86463547e-01 7.37919092e-01 7.26409078e-01
    2.35861599e-01 8.20358396e-01 2.82502651e-01 1.08096987e-01
    1.18694752e-01 5.71471155e-01 7.83373833e-01 2.82887816e-01
    8.84212017e-01 3.69462371e-02 8.05280387e-01 3.58888596e-01
    5.17216325e-02 5.15554428e-01 9.36803460e-01 1.05903685e-01
    5.99619627e-01 9.90674257e-01 8.96298647e-01 7.54173934e-01
    9.93304074e-01 5.07092714e-01 7.35988855e-01 7.32817948e-01
    7.96545148e-01 5.12539566e-01 2.15828300e-01 3.26883256e-01
    7.88030207e-01 5.58665395e-01 8.06721389e-01 7.20208287e-01
    8.59088063e-01 7.29323328e-01 4.43074077e-01 1.91306233e-01
    3.61584067e-01 8.95057321e-01 8.21262240e-01 6.94959164e-01
    2.67250508e-01 7.52058208e-01 3.74999642e-03 6.25835478e-01
    2.80699253e-01 9.59649444e-01 6.68204010e-01 3.75125170e-01
    6.85699344e-01 1.38829529e-01 6.03729129e-01 1.79949254e-01
    4.81458843e-01 8.09007764e-01 2.49688208e-01 7.80721307e-02
    5.04429579e-01 4.64240402e-01 2.86270440e-01 3.70555699e-01
    5.41207790e-01 2.29932070e-01 9.25675213e-01 8.84889185e-01
    3.63838911e-01 8.26232314e-01 1.07597023e-01 8.85580838e-01
    8.09512377e-01 1.10149473e-01 2.39197910e-01 9.05399203e-01
    7.85664797e-01 1.28559649e-01 2.43198335e-01 5.11939466e-01
    8.42550397e-03 6.29403353e-01 9.44783568e-01 5.91213226e-01
    7.11941659e-01 5.82547903e-01 8.84142518e-01 7.69551635e-01
    8.86662722e-01 2.10347593e-01 7.45848119e-02 1.13066614e-01
    9.58858252e-01 4.96502429e-01 2.45289415e-01 1.67805254e-01
    5.40288508e-01 9.20436025e-01 3.84892434e-01 9.48235989e-02
    4.90024507e-01 2.37441629e-01 4.71643567e-01 8.30469310e-01
    3.07956636e-02 9.16188955e-01 2.26930529e-01 9.13890123e-01
    4.86630738e-01 4.16284263e-01 9.82978821e-01 3.95460457e-01
    9.51285362e-01 4.89478320e-01 9.28548217e-01 6.10438943e-01
    6.09223962e-01 8.74180555e-01 5.82998157e-01 6.92980766e-01
    1.35817200e-01 6.01912796e-01 3.67139608e-01 8.04636002e-01
    6.96655452e-01 8.24542940e-02 4.33685958e-01 6.88566267e-01
    8.39068532e-01 5.15784860e-01 8.49590242e-01 5.46349585e-01
    5.80464244e-01 9.50493574e-01 9.67030346e-01 4.42320108e-03
    2.28226900e-01 6.47725344e-01 3.25326324e-02 5.00129402e-01
    5.35836995e-01 3.22043955e-01 8.37830067e-01 3.60412002e-02
    4.60943162e-01 6.67130470e-01 7.65003681e-01 2.25589901e-01
    8.49699438e-01 7.86392212e-01 3.28074872e-01 4.61135030e-01
    2.03216076e-02 2.93819934e-01 9.47820008e-01 3.06407928e-01
    5.78999817e-01 9.47342992e-01 5.47501326e-01 3.55326176e-01
    3.74761552e-01 8.38585258e-01 3.94833267e-01 3.59060884e-01
    4.18427765e-01 5.60172558e-01 1.75506413e-01 4.57582116e-01
    9.04599726e-02 5.54357529e-01 4.56405878e-01 6.16448164e-01
    4.26445663e-01 3.15632761e-01 2.70340055e-01 6.18903816e-01
    1.11035824e-01 3.67506564e-01 1.92455173e-01 2.13148952e-01
    8.58414054e-01 1.91694796e-02 5.07358551e-01 1.72739804e-01
    4.22176212e-01 7.64612854e-01 8.04348230e-01 7.12559342e-01
    1.75070494e-01 1.40110463e-01 6.55429482e-01 1.55265391e-01
    7.23958671e-01 8.99899244e-01 8.16331267e-01 5.67475557e-01
    7.48173237e-01 4.35475141e-01 3.61287475e-01 1.37029707e-01
    3.28743160e-02 7.63761103e-01 3.03283006e-01 8.47553134e-01
    8.26894462e-01 1.61670059e-01 5.41058898e-01 8.48718286e-02
    9.85475779e-01 3.46314669e-01 7.78717399e-01 8.23468328e-01
    5.17197907e-01 7.86083341e-02 3.39245111e-01 2.75652766e-01
    5.35713494e-01 1.03166103e-02 4.15886760e-01 6.05627298e-01
    4.44371700e-02 1.48525894e-01 7.38834143e-02 9.37050819e-01
    8.41201782e-01 9.09199417e-02 9.05195832e-01 5.66795409e-01
    7.45852828e-01 8.11424971e-01 2.71549702e-01 3.01032424e-01
    9.36537862e-01 6.64336324e-01 4.82445657e-01 2.08901465e-02
    2.76151717e-01 4.73929107e-01 4.00230199e-01 9.44202542e-01
    7.15102077e-01 7.46205449e-01 4.86063719e-01 1.49692297e-01
    5.81559062e-01 9.06309605e-01 3.94630194e-01 2.57238030e-01
    1.03704631e-01 4.72775102e-02 5.10045946e-01 6.89889610e-01
    6.30915523e-01 8.25456023e-01 9.23567772e-01 4.71634716e-01
    5.89230657e-02 7.71705627e-01 6.41691923e-01 3.87466878e-01
    6.21149302e-01 6.73136413e-01 3.67359817e-02 7.80402303e-01
    7.86158323e-01 8.43357086e-01 6.98224306e-01 9.94535208e-01
    3.06115240e-01 6.22740686e-02 9.65735435e-01 6.21715784e-01
    3.51028472e-01 6.25444353e-01 3.49148512e-01 5.91718495e-01
    1.77375376e-02 2.40606248e-01 3.47057462e-01 7.39775717e-01
    5.40141821e-01 9.94125783e-01 8.73121798e-01 6.30770266e-01
    7.63650239e-02 3.43937993e-01 7.44634449e-01 8.50632310e-01
    7.18550384e-02 4.04910415e-01 1.70655251e-02 9.22456741e-01
    9.98044491e-01 4.74813581e-03 1.67623281e-01 9.45778549e-01
    4.71679449e-01 6.04492545e-01 1.08263791e-02 3.98604691e-01
    5.42612851e-01 5.94089329e-01 2.74923712e-01 4.99470830e-02
    7.70030260e-01 8.27460647e-01 9.37993526e-01 6.61820710e-01
    7.43558466e-01 3.32806110e-01 2.83113360e-01 5.32555580e-01
    3.82954657e-01 3.20162445e-01 2.44121790e-01 5.34603298e-02
    1.05698615e-01 1.93254739e-01 2.13157713e-01 1.98557317e-01
    6.93803906e-01 3.37679356e-01 5.66977322e-01 4.28965867e-01
    7.15490222e-01 3.14329207e-01 4.02410060e-01 8.64479780e-01
    7.28759170e-01 1.09560162e-01 2.11720794e-01 2.53888428e-01
    6.34779930e-01 5.05242348e-01 5.90341806e-01 2.65570283e-02
    3.59701574e-01 3.54437858e-01 2.54298031e-01 4.98202831e-01
    8.73814285e-01 5.81431985e-01 5.32350659e-01 7.09861398e-01
    6.55235469e-01 1.47274166e-01 6.25445783e-01 7.59637237e-01
    4.72393572e-01 4.09890115e-02 7.36252189e-01 7.45327771e-01
    8.85504484e-01 2.42630094e-01 9.77897763e-01 5.28722405e-01
    5.83996356e-01 5.16499043e-01 9.21757936e-01 7.74377942e-01
    8.97603869e-01 6.26923859e-01 9.00695086e-01 2.86830008e-01
    6.38774037e-03 8.06667268e-01 3.27727407e-01 1.87441379e-01
    6.28562331e-01 7.44080842e-01 2.49912739e-01 3.78957599e-01
    5.09640872e-01 4.11310107e-01 5.98435938e-01 7.36415505e-01
    2.49932408e-02 7.60750771e-01 6.93935752e-02 6.83149397e-02
    5.25778890e-01 1.55999035e-01 1.22829080e-01 1.47670895e-01
    2.90951550e-01 6.95985973e-01 9.99485373e-01 2.15227306e-02
    6.39322758e-01 9.19039965e-01 4.34793174e-01 7.98357487e-01
    6.85490131e-01 1.50982559e-01 6.79648817e-01 2.61468112e-01
    5.95702350e-01 5.37140965e-01 6.66250706e-01 1.30363524e-01
    7.96846032e-01 5.62981904e-01 9.63893950e-01 9.26536441e-01
    4.80371773e-01 1.97470129e-01 4.86929148e-01 5.97417057e-01
    9.97068882e-02 9.89252985e-01 1.84265077e-01 3.73128891e-01
    1.89962029e-01 1.55146152e-01 3.03682387e-02 8.67800951e-01
    5.78245103e-01 2.89374530e-01 9.22764301e-01 3.88257384e-01
    3.91180307e-01 3.51153046e-01 2.30047941e-01 2.41966546e-02
    9.32493806e-02 9.55161452e-03 4.03178632e-02 1.95609629e-01
    7.43414402e-01 5.70256114e-01 9.32325006e-01 6.88252091e-01
    6.16782844e-01 4.10069078e-01 7.74910450e-01 3.21145654e-01
    3.86271536e-01 6.24999940e-01 9.12861228e-02 5.55158496e-01
    7.69403219e-01 9.67370749e-01 9.28390026e-01 4.73366052e-01
    1.54870838e-01 9.19343591e-01 3.27278554e-01 5.85041046e-01
    5.74582934e-01 4.35930163e-01 5.29729068e-01 2.49051780e-01
    9.74273920e-01 1.04462206e-01 3.14523518e-01 3.95083845e-01
    8.11761856e-01 3.99346560e-01 1.20383203e-02 5.69083512e-01
    5.75790226e-01 5.34575224e-01 1.50716245e-01 5.06192505e-01
    2.21985310e-01 9.60942149e-01 3.68285418e-01 2.60072947e-01
    5.76713443e-01 7.83255219e-01 3.15165520e-01 1.86772794e-01
    4.97786105e-02 7.38931358e-01 7.11533189e-01 7.66492724e-01
    9.65527654e-01 7.56681263e-01 3.26418519e-01 5.25271714e-01
    8.73414993e-01 9.90189910e-01 6.08372331e-01 7.99124837e-01
    2.44930744e-01 5.29330134e-01 9.66264665e-01 3.16192508e-01
    9.00635123e-01 4.40002739e-01 3.92753780e-02 6.09158814e-01
    1.45666391e-01 4.42144811e-01 3.69714022e-01 7.47827172e-01
    6.82890773e-01 3.52235973e-01 3.67350340e-01 1.82525307e-01
    9.89302695e-02 1.45473540e-01 2.77744710e-01 2.44998634e-02
    3.72853935e-01 8.93223763e-01 4.37523395e-01 6.22294009e-01
    6.42609358e-01 1.07009560e-01 2.83357054e-01 7.39352822e-01
    5.37435234e-01 5.93994677e-01 7.40773737e-01 8.89134049e-01
    2.92706817e-01 3.13337386e-01 7.22658098e-01 4.64904487e-01
    4.01936114e-01 3.31020743e-01 5.91030896e-01 7.51735866e-01
    6.33461893e-01 3.25075388e-02 3.05840552e-01 3.15773547e-01
    6.63874388e-01 5.52990496e-01 4.02532846e-01 7.12956488e-02
    9.26563740e-01 2.30525732e-01 7.77267337e-01 4.93044317e-01
    4.67044234e-01 2.53451735e-01 7.44021297e-01 6.48595870e-01
    1.06733918e-01 3.92078042e-01 5.33102393e-01 3.80640507e-01
    8.78855944e-01 9.83414412e-01 7.92687476e-01 2.08365083e-01
    6.67221010e-01 1.47493303e-01 5.94000757e-01 4.35982287e-01
    7.16376066e-01 4.66399133e-01 9.14016724e-01 1.10977799e-01
    3.37702900e-01 9.57844257e-01 1.52484655e-01 7.14040756e-01
    1.52046978e-01 6.77747250e-01 7.42907107e-01 1.88069403e-01
    1.61821902e-01 2.96769142e-02 5.42881906e-01 4.42629755e-01
    2.70241141e-01 5.49288392e-02 4.97713059e-01 9.58393753e-01
    2.22098142e-01 8.73388112e-01 4.53655720e-01 2.19363570e-01
    8.50806534e-01 7.93660283e-01 8.44745934e-01 5.86350858e-02
    6.18144453e-01 2.61322856e-02 5.29046476e-01 9.04956460e-03
    6.74976110e-01 9.79761243e-01 6.62987530e-02 6.80730224e-01
    4.47970539e-01 5.85320115e-01 2.82903075e-01 8.65044236e-01
    9.27731395e-03 3.40969145e-01 5.82650900e-02 6.06988490e-01
    7.99173117e-03 6.23015344e-01 1.62673414e-01 3.40986133e-01
    1.66771948e-01 6.97816312e-01 5.84864318e-02 9.81164932e-01
    3.26508105e-01 8.91885877e-01 8.93105030e-01 4.37864214e-01
    9.13235784e-01 5.38413405e-01 3.55786502e-01 9.82496023e-01
    3.71839613e-01 5.99041581e-01 6.71112239e-02 1.41620696e-01
    9.99975204e-01 2.10040897e-01 8.91517997e-01 3.80616874e-01
    6.56704545e-01 9.68888879e-01 3.51214290e-01 7.18504310e-01
    1.57143921e-01 5.77785611e-01 2.08566040e-01 5.32183349e-01
    2.32969850e-01 5.59602141e-01 8.99995327e-01 4.63046670e-01
    6.41602039e-01 5.17501414e-01 9.16713178e-01 1.98456645e-02
    7.31078267e-01 4.46296334e-02 6.97100878e-01 4.81388718e-01
    6.08911753e-01 2.18184590e-01 4.37699318e-01 8.04037333e-01
    2.78379321e-01 8.49958301e-01 9.76642787e-01 3.41522425e-01
    1.16889328e-01 9.03968334e-01 5.37104189e-01 5.25360286e-01
    8.05384994e-01 8.32134008e-01 1.36821717e-01 8.06379199e-01
    5.59621155e-02 7.13462234e-02 5.91117859e-01 3.63229990e-01
    2.20334589e-01 4.65340137e-01 5.36387384e-01 3.40122849e-01
    1.92563057e-01 5.33947825e-01 2.77908713e-01 5.63139796e-01
    3.68898153e-01 7.99127400e-01 5.41262209e-01 5.25827110e-01
    9.91614342e-01 5.95357418e-01 5.97499490e-01 7.31364727e-01
    9.88602042e-01 5.47538161e-01 2.05228746e-01 9.17096138e-01
    3.07059824e-01 6.33000612e-01 1.11247927e-01 8.17227125e-01
    7.85865963e-01 2.55576551e-01 5.85509300e-01 1.44576192e-01
    3.59651119e-01 2.13575363e-02 5.68385482e-01 9.70515013e-02
    4.64021593e-01 9.93295908e-01 8.45597744e-01 5.64152718e-01
    8.97884250e-01 4.89268601e-01 3.14629406e-01 9.71570373e-01
    7.54237115e-01 2.85298109e-01 6.26042783e-01 1.47084922e-01
    9.97795463e-01 8.45481694e-01 2.98614502e-01 5.12090087e-01
    8.49425733e-01 8.19281578e-01 7.97581613e-01 3.48551899e-01
    8.09640408e-01 6.21872544e-01 8.83242607e-01 2.55258918e-01
    3.77440482e-01 4.67215955e-01 4.89252716e-01 3.65857005e-01
    6.09258831e-01 4.56963241e-01 5.99766314e-01 5.06563365e-01
    1.62684530e-01 4.23254967e-02 5.39972603e-01 8.83440495e-01
    1.23472512e-02 2.84876823e-01 8.94616365e-01 2.67498314e-01
    9.98586833e-01 2.32355416e-01 3.95726800e-01 4.04589742e-01
    2.76309371e-01 9.69785094e-01 9.70609784e-01 5.62623441e-01
    6.42452776e-01 7.74280131e-02 9.89483714e-01 5.15678942e-01
    7.88110375e-01 2.53612339e-01 4.40261155e-01 9.94693279e-01
    7.38623977e-01 5.15707493e-01 3.58937919e-01 7.85158455e-01
    7.69164443e-01 1.92059338e-01 6.51739478e-01 5.66908598e-01
    3.06222826e-01 3.31630945e-01 2.02643186e-01 4.29944366e-01
    4.41661328e-01 3.80732656e-01 1.02936983e-01 1.40206367e-01
    2.24801123e-01 5.34555852e-01 7.32418418e-01 3.88980776e-01
    1.12188637e-01 9.81348395e-01 8.43119740e-01 3.51826459e-01
    9.28180218e-01 5.20296514e-01 3.52281302e-01 3.60507041e-01
    1.94148183e-01 5.73569536e-02 5.93291342e-01 8.71079206e-01
    5.83631873e-01 1.98362142e-01 4.81909066e-01 8.13600123e-02
    6.86795592e-01 3.18637729e-01 1.05887204e-01 1.14777118e-01
    6.92626953e-01 2.95711517e-01 4.25428450e-02 1.97086751e-01
    5.57397068e-01 4.17315573e-01 1.74627990e-01 9.68317270e-01
    4.52759564e-02 8.90836120e-01 6.45636559e-01 8.19289327e-01
    3.15395296e-02 2.86534756e-01 1.38213098e-01 7.27018952e-01
    5.43342113e-01 7.21377134e-01 5.00464559e-01 5.19500196e-01
    4.21030521e-01 9.41708565e-01 1.13164067e-01 8.16207349e-01
    4.24177438e-01 6.95050597e-01 8.54947805e-01 3.90410155e-01
    7.12590396e-01 6.22437477e-01 5.91004372e-01 8.48114252e-01
    9.66202378e-01 7.58337796e-01 2.49485016e-01 3.97181034e-01
    6.18703067e-02 9.59031641e-01 5.46002805e-01 5.12571096e-01
    4.14148986e-01 4.74047244e-01 6.22873485e-01 7.41426408e-01
    7.38611579e-01 8.30178499e-01 6.51679635e-01 8.95149112e-01
    3.87277126e-01 6.47471964e-01 8.92603874e-01 8.80047441e-01
    7.42005110e-02 8.73889208e-01 6.83592856e-01 1.36511594e-01
    1.01152271e-01 6.88853681e-01 4.37468886e-01 8.70243549e-01
    4.38566506e-02 5.24785817e-01 9.09074783e-01 5.99238276e-01
    7.73978472e-01 3.84640545e-01 5.14984250e-01 4.28272009e-01
    5.37255049e-01 9.35271144e-01 2.17291474e-01 3.43711674e-02
    8.55594873e-01 6.26116037e-01 4.61143255e-03 2.27127999e-01
    8.31698775e-01 6.59468412e-01 9.08541381e-02 6.16681099e-01
    9.28158104e-01 2.81085193e-01 7.95129418e-01 7.46679306e-01
    5.27635515e-02 5.45224786e-01 1.90546483e-01 7.27333665e-01
    5.55971384e-01 4.34029728e-01 8.74939919e-01 3.25672984e-01
    7.76725650e-01 4.72508907e-01 7.18927562e-01 3.17697823e-02
    8.40613961e-01 4.19718474e-01 6.08521581e-01 8.81363690e-01
    5.05103528e-01 6.59759045e-02 7.33033121e-01 8.48000288e-01
    4.99534577e-01 6.86628699e-01 7.65357733e-01 9.28483963e-01
    2.63974071e-01 6.83286309e-01 6.24193788e-01 6.70213938e-01
    6.26404762e-01 2.86537290e-01 9.98016357e-01 7.25846827e-01
    7.47023523e-02 3.44190270e-01 9.74639416e-01 3.59625995e-01
    8.56470704e-01 7.32083082e-01 9.47484791e-01 3.53819132e-01
    1.98872417e-01 3.61216664e-02 7.73592830e-01 3.18302453e-01
    5.62199652e-01 9.04654562e-01 1.03153616e-01 5.67844152e-01
    5.45859933e-01 8.65052700e-01 6.59760356e-01 8.91654372e-01
    9.12921011e-01 4.72158372e-01 8.38274300e-01 9.73763227e-01
    7.40244985e-02 3.33727837e-01 3.87743235e-01 3.73887509e-01
    8.39382887e-01 6.89557672e-01 2.77145863e-01 4.08099294e-01
    4.78844762e-01 8.19247723e-01 7.13096321e-01 5.91449440e-01
    5.33771873e-01 4.32695508e-01 3.65518332e-02 2.09641755e-01
    4.14368510e-01 8.34833205e-01 9.44218814e-01 7.93265462e-01
    1.94377691e-01 3.04559380e-01 5.39158285e-02 2.69273400e-01
    2.59592026e-01 1.94169939e-01 8.20503116e-01 9.73357320e-01
    1.71135485e-01 8.23986530e-01 5.38225174e-02 2.70530939e-01
    4.67130840e-02 4.31502879e-01 5.11691034e-01 4.13787603e-01
    9.01986957e-02 5.60146987e-01 7.24199295e-01 6.90068066e-01
    8.36077332e-01 9.22266603e-01 5.67015290e-01 2.98258007e-01
    8.03949833e-01 7.17632473e-01 1.28269196e-04 4.36465800e-01
    4.38092411e-01 9.09894586e-01 8.61895204e-01 9.63300467e-04
    2.76334345e-01 9.94423032e-01 4.50880915e-01 3.56496274e-02
    8.01575184e-02 7.35680699e-01 7.12604821e-01 8.78989697e-01
    9.94106889e-01 3.42865884e-01 9.65393782e-01 8.94021749e-01
    4.02316183e-01 7.82574475e-01 6.12456620e-01 1.40709013e-01
    2.56095439e-01 6.22989535e-02 5.07092476e-02 6.87878847e-01
    1.12159759e-01 5.78466237e-01 4.45589393e-01 6.67736828e-02
    9.86253142e-01 2.62293875e-01 7.27698445e-01 1.77247196e-01
    4.82097566e-02 8.52490544e-01 3.04318190e-01 3.95210087e-01
    8.35507631e-01 3.14102769e-02 9.78552163e-01 7.49207497e-01
    3.67660105e-01 8.83956432e-01 7.15488911e-01 8.51318896e-01
    9.89878595e-01 5.61525822e-01 6.54296160e-01 2.08080530e-01
    7.40125060e-01 7.43255615e-02 9.09259498e-01 1.84042275e-01
    3.84800792e-01 8.24385583e-02 9.73540127e-01 3.43041837e-01
    1.47187293e-01 7.41963804e-01 6.19800687e-01 7.68834949e-01
    6.25708699e-03 6.16173983e-01 5.27234375e-01 3.48615944e-01
    4.78552788e-01 4.13729250e-01 4.41490382e-01 9.60752666e-01
    5.31797230e-01 3.66372764e-02 7.30650425e-01 3.90407741e-01
    8.08669031e-02 5.86807013e-01 8.95720959e-01 1.18291736e-01
    1.23314321e-01 2.27864176e-01 5.70653856e-01 1.23617560e-01
    8.49155784e-02 9.57991719e-01 8.49439204e-01 2.09066749e-01
    8.62362146e-01 3.31208527e-01 8.74697566e-01 3.71989042e-01
    5.77931404e-02 7.97451138e-01 9.00485218e-02 3.15821767e-02
    7.51771033e-02 2.97411621e-01 9.11191583e-01 7.56277561e-01
    2.15009302e-01 5.28899431e-01 9.84690547e-01 6.73650682e-01
    2.70763040e-02 8.15879583e-01 5.46336830e-01 4.68795419e-01
    5.42688668e-01 5.86056471e-01 1.03472441e-01 9.22022164e-02
    6.29237294e-03 2.38007933e-01 4.24340069e-02 5.29269874e-01
    9.87037420e-01 2.66291797e-01 2.20565826e-01 9.86422181e-01
    1.59528285e-01 9.31133389e-01 8.10088634e-01 9.97799754e-01
    5.02336919e-01 5.57420433e-01 2.57657677e-01 5.86230636e-01
    8.17983627e-01 8.77642632e-01 9.55818892e-02 8.15867782e-01
    1.03795558e-01 7.33657539e-01 4.94143575e-01 9.39909101e-01
    3.57535094e-01 2.29436755e-02 2.79928029e-01 8.03399086e-03
    5.56955755e-01 3.56487751e-01 2.54600525e-01 4.58119631e-01
    4.31469470e-01 3.07748735e-01 1.32330656e-02 7.79032707e-01
    1.82001740e-01 3.53758395e-01 2.68240988e-01 2.69928157e-01
    2.85513312e-01 7.99683928e-01 4.71774042e-01 6.23883009e-01
    3.90912026e-01 7.46297002e-01 6.82921112e-02 7.72773027e-01
    3.33880872e-01 6.69283330e-01 3.70086789e-01 5.17157197e-01
    3.72014910e-01 7.16725707e-01 5.54275930e-01 5.15131295e-01
    3.74324143e-01 4.28363770e-01 3.76052558e-01 9.69741344e-01
    6.24776125e-01 5.61985552e-01 4.08461273e-01 9.41871583e-01
    6.65954947e-01 8.12140346e-01 9.89535451e-02 2.04166830e-01
    5.91668785e-02 2.21323848e-01 3.98231030e-01 8.42310190e-01
    1.50163412e-01 5.72355390e-02 2.39888072e-01 2.37387896e-01
    6.18193030e-01 5.11659026e-01 7.85042644e-01 2.16491252e-01
    4.55571383e-01 6.32915497e-01 9.82205391e-01 4.67504054e-01
    9.34873223e-01 6.77310586e-01 8.49537373e-01 1.28063560e-02
    6.99793875e-01 4.32611078e-01 8.29840779e-01 8.20887208e-01
    9.75151300e-01 4.06086266e-01 1.85531110e-01 3.93348783e-01
    6.65184021e-01 6.99033856e-01 1.26186699e-01 6.93978131e-01
    1.10336095e-01 1.49178803e-02 1.80263638e-01 4.78913397e-01
    1.75902247e-02 1.16313398e-01 8.65265608e-01 9.03479517e-01
    4.14899021e-01 5.58591127e-01 4.12958682e-01 4.53155249e-01
    6.06067777e-02 8.26324821e-01 5.56707382e-01 5.65808177e-01
    1.75449103e-01 3.59921455e-01 5.49479902e-01 3.64988089e-01
    4.76141691e-01 4.38652486e-01 4.78253037e-01 1.44918233e-01
    5.91650963e-01 6.78277194e-01 3.21457088e-01 4.20853525e-01
    5.78231931e-01 7.09301829e-01 3.06771815e-01 7.93658495e-01
    9.51606154e-01 3.53187323e-04 2.42956281e-01 8.04617941e-01
    3.74238223e-01 4.85032946e-01 6.81760788e-01 3.11920047e-03
    6.69117451e-01 9.01483774e-01 6.64269567e-01 4.66005147e-01
    2.84174502e-01 5.34010410e-01 6.82399809e-01 9.57234263e-01
    1.94691509e-01 9.82578397e-01 6.80902719e-01 2.69336134e-01
    5.32384515e-01 8.03239524e-01 4.48934555e-01 4.62835222e-01
    5.22087336e-01 5.58969319e-01 5.69075704e-01 9.74071622e-01
    7.09761202e-01 1.03779435e-02 7.34235346e-01 5.01728833e-01
    8.71911287e-01 4.23563302e-01 9.12688851e-01 1.68513060e-02
    7.66207814e-01 9.50788319e-01 8.24916244e-01 7.15207815e-01
    9.08685148e-01 3.07354152e-01 4.80531782e-01 5.16434312e-02
    4.42687601e-01 8.82518828e-01 4.13728267e-01 5.37097335e-01
    9.09841418e-01 4.81270283e-01 3.99515182e-01 1.52580440e-02
    6.94309235e-01 8.44701350e-01 9.65757608e-01 3.94641042e-01
    3.80325258e-01 7.04053640e-02 3.10521364e-01 6.83007300e-01
    3.30996066e-01 5.36163390e-01 2.27195233e-01 7.95634031e-01
    4.01921719e-01 9.75598872e-01 1.41696662e-01 2.10550517e-01
    8.10233951e-02 5.60468435e-01 5.05129755e-01 4.56049740e-01
    5.51661730e-01 6.73930407e-01 3.75672489e-01 4.76603776e-01
    6.72067165e-01 7.74629831e-01 1.86143190e-01 2.54715383e-01
    1.52486920e-01 8.35537434e-01 5.66902041e-01 8.88522029e-01
    4.74151373e-02 7.78984189e-01 8.41060400e-01 2.49924123e-01
    7.36601710e-01 2.19171941e-02 5.19926310e-01 9.05184746e-01
    1.91349685e-02 5.54166675e-01 1.88070863e-01 2.87381053e-01
    7.57034540e-01 7.94808686e-01 9.35405374e-01 8.87057900e-01
    7.51177788e-01 3.81243169e-01 5.30620575e-01 5.96556067e-01
    1.25613302e-01 9.38324928e-01 1.25759274e-01 4.72609490e-01
    5.57661116e-01 1.78147197e-01 4.12811458e-01 9.55543339e-01
    2.65924096e-01 2.33135879e-01 3.08534980e-01 2.49223709e-01
    8.86790395e-01 1.10571742e-01 9.88329470e-01 1.05615288e-01
    8.87505174e-01 2.44723827e-01 8.26733112e-02 9.10068750e-01
    8.06970835e-01 9.82254386e-01 1.36620015e-01 5.72223365e-01
    9.99388337e-01 8.31573725e-01 7.17137039e-01 6.90838873e-01
    9.46831882e-01 9.88458991e-01 8.59450996e-02 6.95645809e-02
    8.54493380e-01 5.90697348e-01 2.39342242e-01 1.58799887e-01
    6.84634566e-01 8.01448941e-01 3.84630412e-01 3.56594503e-01
    3.05057943e-01 9.07947779e-01 8.47150445e-01 7.42839515e-01
    2.33196735e-01 6.08710051e-02 7.32370496e-01 1.89026177e-01
    9.20504212e-01 3.03680748e-01 8.13914835e-01 3.18232358e-01
    7.21356153e-01 5.76126456e-01 9.69612300e-01 4.84165639e-01
    7.53586769e-01 9.20986772e-01 1.85734481e-01 2.35608697e-01
    8.90550077e-01 5.15410781e-01 8.99126768e-01 3.44898939e-01
    3.67366374e-02 6.06608391e-03 9.20702517e-02 4.72178340e-01
    3.52002710e-01 6.87997639e-02 6.02191091e-02 7.59031534e-01
    8.90498459e-02 7.66126394e-01 3.04552853e-01 1.93446428e-01
    4.32351798e-01 8.02314460e-01 4.02392924e-01 6.95682168e-01
    6.99642479e-01 4.79685724e-01 7.11175919e-01 2.51135051e-01
    7.42742419e-02 6.13266408e-01 1.12768292e-01 7.92408824e-01
    6.31174445e-01 6.76932454e-01 4.74581510e-01 3.74326050e-01
    3.74302089e-01 7.23291337e-02 9.09048796e-01 8.36649656e-01
    5.22380352e-01 5.97712219e-01 8.48582149e-01 3.39248627e-01
    4.49305892e-01 7.75534749e-01 5.33351004e-01 2.11306661e-01
    3.95053536e-01 4.68077958e-02 5.09349823e-01 8.53139997e-01
    5.92635930e-01 8.85703921e-01 6.13733053e-01 3.69290709e-01
    3.92798960e-01 2.36663252e-01 5.70330620e-01 1.88721925e-01
    6.50506377e-01 9.31771159e-01 7.46177912e-01 2.42111444e-01
    4.29976344e-01 3.81232142e-01 3.52997392e-01 1.93979770e-01
    5.33091187e-01 7.01376677e-01 7.20951915e-01 6.01942658e-01
    7.54912198e-02 6.70109570e-01 6.01927400e-01 2.18029410e-01
    8.81577671e-01 7.24769354e-01 1.88513190e-01 2.32767075e-01
    8.15014482e-01 5.52410126e-01 7.70286560e-01 3.78787935e-01
    1.75769508e-01 8.17002416e-01 5.95033407e-01 5.25673330e-02
    2.53007531e-01 1.56266123e-01 4.67019767e-01 9.20304298e-01
    1.07535064e-01 8.34371984e-01 9.52661932e-01 1.37808889e-01
    3.32747757e-01 3.24067593e-01 9.57969546e-01 8.78114104e-01
    4.87790048e-01 1.16486758e-01 6.61967278e-01 4.46818858e-01
    2.51785129e-01 7.45445251e-01 4.13478255e-01 5.50595522e-01
    8.43749523e-01 4.88912672e-01 7.20029175e-01 4.67697352e-01
    9.66369629e-01 4.78448570e-02 8.39343250e-01 8.06266546e-01
    4.53649253e-01 9.86307859e-01 5.69408774e-01 7.88365722e-01
    5.61533272e-01 1.04675025e-01 4.73673820e-01 7.12929070e-01
    8.99428844e-01 1.91099584e-01 4.20270562e-01 2.97208548e-01
    2.04440951e-02 8.10313463e-01 5.04580140e-01 1.71545714e-01
    7.83129930e-01 3.34829509e-01 5.55961132e-01 4.64689642e-01
    5.36207080e-01 8.18994164e-01 8.44193518e-01 7.97186315e-01
    4.67217743e-01 1.75026000e-01 4.59435403e-01 2.03649938e-01
    3.60162526e-01 8.02464962e-01 8.40428531e-01 6.57381237e-01
    5.05575478e-01 7.77906835e-01 3.41726065e-01 6.24276161e-01
    2.59854317e-01 5.50038457e-01 7.27506638e-01 3.92955303e-01
    5.25254905e-02 1.15895867e-01 1.83424771e-01 4.28012967e-01
    3.66815537e-01 1.65538937e-01 4.91984844e-01 7.56132722e-01
    3.08122814e-01 7.51741946e-01 2.21819162e-01 3.33991051e-01
    2.58088589e-01 7.33165979e-01 1.61751390e-01 3.97325695e-01
    9.12710667e-01 4.39807385e-01 4.04577523e-01 5.29754162e-01
    6.15760267e-01 9.21612382e-01 9.42085922e-01 6.10254645e-01
    2.66051680e-01 9.55963492e-01 7.61556745e-01 7.52745330e-01
    1.75965130e-01 4.56408650e-01 4.58981842e-01 2.50292420e-02
    1.96532130e-01 1.20626152e-01 1.97294444e-01 3.21104199e-01
    4.65479434e-01 9.25521314e-01 2.21239984e-01 1.01092577e-01
    3.70015740e-01 7.30872631e-01 6.00636363e-01 9.14840400e-02
    2.18630314e-01 5.25877774e-01 9.57270145e-01 3.44029188e-01
    1.32301450e-01 7.46232271e-02 6.78014517e-01 9.58779097e-01
    2.49887258e-01 8.26879501e-01 2.19941407e-01 1.40844882e-02
    6.97204173e-01 7.05928028e-01 6.27243042e-01 9.39574122e-01
    7.31375396e-01 3.36775184e-01 5.91495275e-01 2.70898700e-01
    9.89920378e-01 2.40055621e-02 3.12752843e-01 9.86875534e-01
    9.87205982e-01 4.83977914e-01 2.42302448e-01 9.58941281e-01
    7.46854246e-01 3.23863268e-01 6.58556581e-01 8.29808950e-01
    3.00124049e-01 8.27461004e-01 8.77426863e-02 9.45088387e-01
    1.66338563e-01 4.95009452e-01 1.96367472e-01 1.45031571e-01
    3.20841610e-01 9.82793689e-01 7.22400844e-01 4.20771003e-01
    9.17031646e-01 4.25136864e-01 3.95774454e-01 3.99621874e-01
    1.45240724e-01 3.92046452e-01 4.60942209e-01 1.09905362e-01
    3.51187587e-01 7.78147221e-01 3.31271410e-01 8.35911036e-01
    5.18224359e-01 7.60014534e-01 6.41278863e-01 4.47438419e-01
    2.27774084e-02 7.94854760e-01 1.35494322e-01 1.81669861e-01
    9.13174748e-01 9.55139339e-01 2.41076291e-01 7.79990435e-01
    3.96720171e-01 6.37615025e-02 2.77789533e-01 8.70983839e-01
    5.96266687e-01 4.50015068e-01 8.16009581e-01 4.40480113e-01
    2.40508914e-02 5.25772870e-02 1.99423641e-01 3.20848525e-01
    2.74525583e-01 9.39227700e-01 8.88655901e-01 8.95284593e-01
    7.54940271e-01 8.10092866e-01 8.00571144e-01 9.10160780e-01
    8.93373489e-01 7.00639606e-01 6.41554177e-01 1.06815219e-01
    9.05108213e-01 2.76476622e-01 9.64139938e-01 8.97757411e-02
    1.80509448e-01 4.01171863e-01 9.90481019e-01 3.24648619e-02
    4.26790118e-01 6.91387653e-01 5.46565592e-01 2.58918166e-01
    8.03062081e-01 2.49469012e-01 9.90235984e-01 2.84835875e-01
    3.74218762e-01 7.60686100e-02 5.43679297e-01 7.01252460e-01
    2.66334414e-02 5.94660044e-01 6.55357540e-01 6.72952235e-02
    5.22478998e-01 3.95612627e-01 7.30389953e-01 9.43065584e-01
    9.69198465e-01 9.87918735e-01 5.70619524e-01 7.87288785e-01
    1.70625120e-01 2.84435332e-01 2.80379057e-01 1.90546036e-01
    7.65552759e-01 6.70771122e-01 7.39435911e-01 4.38501477e-01
    8.81969690e-01 7.70408213e-02 2.36132562e-01 9.84527767e-01
    3.65622938e-01 5.60465336e-01 3.89509410e-01 1.66535079e-01
    7.34455347e-01 4.76118922e-02 6.44247234e-02 7.68502295e-01
    1.24798775e-01 4.91017491e-01 1.19643897e-01 1.38055474e-01
    6.84336305e-01 6.14668012e-01 8.32975149e-01 1.85449004e-01
    3.97690833e-01 4.31938350e-01 9.41818357e-02 1.47680283e-01
    4.72933531e-01 8.05115819e-01 2.67496079e-01 2.22902596e-02
    3.67596537e-01 3.22338879e-01 6.71975255e-01 6.17766380e-02
    4.79696989e-01 6.47702694e-01 3.77576947e-02 8.96572948e-01
    1.88373178e-01 6.53503478e-01 6.15340054e-01 1.54725432e-01
    9.95088339e-01 6.79685175e-02 2.52529263e-01 6.31882608e-01
    6.10887229e-01 7.66465306e-01 3.30367267e-01 6.61920965e-01
    4.85094190e-02 9.74757671e-01 8.64238858e-01 3.42702270e-01
    9.49843407e-01 4.25264835e-02 6.83485389e-01 1.90342367e-02
    3.61986756e-02 8.38595510e-01 6.80185199e-01 7.63958693e-01
    9.50094759e-01 6.01836205e-01 3.49106222e-01 8.01585555e-01
    3.61204863e-01 4.64987606e-01 1.85140043e-01 5.19939303e-01
    4.02069509e-01 4.04463410e-02 3.19696188e-01 9.62907851e-01
    4.66807514e-01 9.79898572e-01 4.68742967e-01 7.69926250e-01
    4.67071891e-01 2.88854182e-01 1.63037568e-01 1.22210801e-01
    6.87616706e-01 6.04524195e-01 3.94965708e-01 6.73716187e-01
    5.55890501e-02 6.96689129e-01 2.53564298e-01 9.94653106e-01
    5.17748356e-01 9.67987835e-01 4.44737732e-01 2.54651308e-02
    3.11513215e-01 9.71768618e-01 3.50573123e-01 8.59331787e-02
    9.60285187e-01 8.31588387e-01 1.03511542e-01 2.08666921e-03
    8.19271028e-01 6.66634321e-01 6.84680700e-01 7.91405797e-01
    4.59782213e-01 7.04842687e-01 6.11442804e-01 6.15030766e-01
    7.74958074e-01 3.00377697e-01 3.34737897e-01 3.51962447e-03
    7.75052309e-01 7.86522925e-02 3.50035310e-01 4.71258193e-01
    7.76531577e-01 9.28058743e-01 9.48490143e-01 1.71373010e-01
    5.37280977e-01 9.38066721e-01 9.56805706e-01 1.33962274e-01
    7.82206416e-01 8.40604305e-02 5.71580589e-01 8.69984984e-01
    4.53901052e-01 1.45456851e-01 1.39158040e-01 1.17343366e-01
    6.56197250e-01 3.47720981e-01 2.41005927e-01 2.56697357e-01
    7.78670549e-01 6.61480427e-01 4.39606667e-01 6.24444664e-01
    3.30003202e-01 9.25021768e-02 4.50037181e-01 5.81951380e-01
    7.56424487e-01 6.04706764e-01 3.58890235e-01 3.02297115e-01
    8.24536741e-01 9.47593033e-01 3.65968943e-01 6.00268185e-01
    8.88078332e-01 4.57499981e-01 6.72658265e-01 2.87508070e-01
    9.96264815e-01 3.94605160e-01 7.43391871e-01 1.44630075e-02
    4.08161134e-01 8.10773313e-01 3.10710073e-02 1.03907287e-02
    7.64071703e-01 9.15688157e-01 4.29285765e-02 8.42052221e-01
    4.71483618e-01 3.01286757e-01 6.00910127e-01 9.82411146e-01
    3.80790591e-01 8.13478112e-01 4.35018033e-01 7.23158181e-01
    7.80791640e-02 9.97247338e-01 7.71678329e-01 5.68478703e-01
    4.71158206e-01 9.34524953e-01 7.17064202e-01 6.86611831e-02
    6.42498672e-01 2.81859756e-01 2.07224905e-01 7.66747594e-01
    2.07047224e-01 2.18063831e-01 1.86359912e-01 5.82701623e-01
    5.56011796e-01 1.40329599e-01 1.64799660e-01 8.34285915e-01
    8.60297561e-01 3.04492295e-01 6.25936270e-01 8.15418839e-01
    8.70131552e-01 3.67934525e-01 7.34891713e-01 3.24266702e-01
    8.64665568e-01 3.13859254e-01 1.52294785e-01 7.69232452e-01
    6.45392001e-01 7.19629884e-01 9.14437532e-01 1.18497372e-01
    1.98904127e-01 8.35260391e-01 1.66654348e-01 5.62343776e-01
    3.41936648e-01 3.86618823e-01 4.42872345e-02 7.53414273e-01
    3.22672486e-01 9.22723413e-01 7.74851918e-01 8.53898883e-01
    9.90462184e-01 2.89546132e-01 2.66708612e-01 8.06133926e-01
    1.91956758e-01 8.32655668e-01 7.03100502e-01 5.12817740e-01
    4.28384483e-01 9.77037072e-01 2.91804582e-01 9.77578640e-01
    2.05585986e-01 1.72113955e-01 6.54178858e-02 1.51405215e-01
    3.88923764e-01 6.55390084e-01 9.69252348e-01 4.26052213e-01
    6.74284637e-01 7.99127877e-01 1.19732708e-01 3.99185628e-01
    3.84265780e-01 3.66267025e-01 6.59546614e-01 8.91576648e-01
    6.89074397e-03 9.01795030e-01 2.30548948e-01 1.65768087e-01
    5.51018000e-01 5.95922410e-01 7.65481532e-01 9.31003332e-01
    1.22987926e-01 3.43817294e-01 1.49530172e-01 1.99038982e-01
    8.29994798e-01 5.85981965e-01 1.82705343e-01 2.60971367e-01
    5.14121950e-01 4.49564725e-01 1.37391686e-01 6.70357943e-02
    8.95624280e-01 7.25124717e-01 4.20271367e-01 3.71044159e-01
    6.09480441e-01 2.71908343e-01 3.64688039e-02 2.61804819e-01
    1.19083911e-01 4.56483006e-01 1.40940130e-01 7.39527404e-01
    6.04662061e-01 3.35284442e-01 1.98854804e-01 6.68516159e-01
    8.00154865e-01 2.26574749e-01 3.03572237e-01 1.01609945e-01
    3.27850282e-01 8.20909560e-01 2.20429301e-01 9.59106982e-01
    3.64987552e-02 2.57504642e-01 5.05019128e-02 7.92530179e-03
    1.57928705e-01 1.04625523e-02 4.92666572e-01 5.86217284e-01
    5.65460324e-03 5.25621712e-01 4.34153408e-01 8.39129329e-01
    3.71899903e-01 5.49046159e-01 7.10018158e-01 9.89610672e-01
    1.34014070e-01 6.81241214e-01 4.40986246e-01 4.32269514e-01
    5.57480812e-01 3.47989202e-01 6.40171826e-01 8.83838415e-01
    8.76668274e-01 7.77714908e-01 6.86803102e-01 1.89459503e-01
    4.78560388e-01 9.81775284e-01 7.56476164e-01 4.52613324e-01
    1.68701380e-01 9.32903111e-01 4.24412370e-01 2.88276851e-01
    9.10148144e-01 6.02847815e-01 3.60362768e-01 2.00822473e-01
    7.80727625e-01 1.36261433e-01 4.21261668e-01 6.01773024e-01
    9.79343772e-01 4.38354403e-01 2.70489663e-01 6.20718300e-01
    9.77445126e-01 6.91083670e-02 3.57778370e-02 2.48998374e-01
    6.62827492e-03 1.00285619e-01 1.73380375e-01 1.90083712e-01
    1.44824892e-01 1.98101997e-01 3.55568409e-01 5.16508579e-01
    4.34834063e-01 6.58699036e-01 2.25424558e-01 8.29872251e-01
    2.28923202e-01 6.37617111e-01 3.23337257e-01 4.71755147e-01
    1.28100336e-01 8.63974869e-01 6.66641533e-01 5.38153410e-01
    1.55313671e-01 8.66093040e-01 2.22386152e-01 1.82131857e-01
    3.65224719e-01 2.03149885e-01 8.66477847e-01 3.85147542e-01
    5.49492240e-01 8.28046322e-01 6.26626790e-01 7.99707532e-01
    2.43793607e-01 9.92892385e-01 5.91351628e-01 6.03137493e-01
    6.19996250e-01 4.17111725e-01 9.25686061e-02 7.95073986e-01
    8.97576690e-01 3.17840874e-01 4.70497668e-01 8.24758291e-01
    8.83653998e-01 5.67480624e-02 6.39402151e-01 5.19415438e-01
    4.62834388e-01 8.81702065e-01 9.54652071e-01 1.59086019e-01
    3.42021585e-02 9.55529332e-01 1.96137786e-01 6.56512380e-01
    6.36723518e-01 9.82110679e-01 7.56363869e-01 6.03124380e-01
    3.77129018e-02 3.23302865e-01 1.70027107e-01 7.04055190e-01
    2.75141597e-01 5.81368089e-01 4.33777988e-01 8.07550073e-01
    8.05623531e-02 5.81197381e-01 8.89817178e-01 1.49123967e-01
    5.14643073e-01 2.11221308e-01 1.71329767e-01 7.58973122e-01
    8.23152304e-01 2.40943432e-01 7.16379881e-02 1.60200298e-01
    2.72566170e-01 4.87373471e-02 8.92826140e-01 7.11882710e-01
    1.46465182e-01 1.22539878e-01 2.75940895e-01 2.16358721e-01
    6.85457349e-01 8.58786702e-01 8.95096302e-01 5.16279399e-01
    6.77337646e-01 4.61930245e-01 8.48273635e-02 9.53844070e-01
    8.29149246e-01 7.95215130e-01 3.36759150e-01 1.08899325e-01
    2.90081203e-02 2.40039140e-01 6.69621229e-02 7.72392631e-01
    5.98028302e-02 8.65406036e-01 9.32099700e-01 6.36686921e-01
    4.57490772e-01 6.28822088e-01 8.26800406e-01 5.94323158e-01
    7.53373623e-01 4.38364118e-01 7.74365544e-01 8.05216551e-01
    7.34260678e-02 9.12929237e-01 4.22898889e-01 2.63968140e-01
    4.33850735e-01 5.11881709e-03 3.23717654e-01 4.64977592e-01
    5.79433024e-01 9.07987833e-01 9.30384398e-01 2.18719333e-01
    3.18419755e-01 7.03043342e-01 1.65311992e-01 1.22687638e-01
    2.87957013e-01 5.75635791e-01 8.36622357e-01 5.83342075e-01
    4.01787311e-01 3.00073683e-01 6.10831618e-01 6.10967815e-01
    8.60104263e-02 2.89191663e-01 9.44813609e-01 9.04128790e-01
    3.16484690e-01 1.15400314e-01 3.36226553e-01 3.37553859e-01
    4.93628025e-01 7.70068169e-02 6.61483288e-01 3.38730454e-01
    5.00784338e-01 9.42093015e-01 2.47209311e-01 3.51542085e-01
    1.17202580e-01 8.07240069e-01 5.25234997e-01 7.80726969e-01
    8.44987214e-01 6.55827880e-01 1.30546987e-01 6.49029911e-02
    9.32666659e-01 8.60873461e-01 9.71056402e-01 2.16598958e-01
    4.53137934e-01 6.36787117e-01 9.14821267e-01 9.36570883e-01
    4.58297133e-01 3.41249377e-01 3.65505576e-01 3.45262408e-01
    5.05207121e-01 3.05496097e-01 4.07477945e-01 1.39203072e-02
    1.25063092e-01 7.91788101e-01 3.87139440e-01 3.36171210e-01
    8.19648385e-01 2.75482476e-01 1.39938623e-01 2.11179078e-01
    9.84174073e-01 3.57051641e-01 8.63786578e-01 9.17886674e-01
    5.95226705e-01 3.45949143e-01 5.69822669e-01 1.15663975e-01
    4.37833667e-01 3.82255942e-01 9.22691107e-01 2.68013656e-01
    4.55623209e-01 4.91538912e-01 6.09825194e-01 6.25391245e-01
    1.16947889e-02 2.93769151e-01 2.83519030e-01 9.07415688e-01
    4.30455029e-01 6.32052898e-01 1.03303999e-01 5.25634766e-01
    4.50837523e-01 1.12662643e-01 8.95426273e-02 1.21872902e-01
    7.02867508e-01 1.16775692e-01 1.96170688e-01 4.60534304e-01
    4.97276545e-01 7.44869351e-01 5.66233218e-01 5.85416555e-02
    7.73039520e-01 7.30290771e-01 2.34501481e-01 4.24907327e-01
    7.54282236e-01 1.03971899e-01 6.18154705e-02 8.18902910e-01
    5.16283333e-01 5.79982340e-01 9.57519412e-02 5.81464231e-01
    1.61438644e-01 8.56316566e-01 9.28623438e-01 2.92889446e-01
    7.70984888e-01 9.98639464e-02 8.40248525e-01 9.05563354e-01
    2.10021675e-01 9.77646410e-01 4.08192575e-01 5.35805523e-02
    1.08644605e-01 1.30057365e-01 3.82051170e-02 3.13159227e-01
    4.43849504e-01 5.80592930e-01 8.24563563e-01 9.32700932e-02
    7.36890674e-01 4.82391715e-02 8.89729559e-01 7.75471807e-01
    3.46834362e-02 5.21959066e-02 5.15014052e-01 2.70435631e-01
    6.06551647e-01 3.34575593e-01 2.83410668e-01 4.96994317e-01
    1.62259042e-01 1.42937392e-01 3.25222045e-01 8.12186599e-01
    8.48091483e-01 8.68802488e-01 9.41356599e-01 7.73253739e-02
    3.90112281e-01 3.40718567e-01 9.49863672e-01 6.46911323e-01
    2.53862381e-01 1.54913753e-01 6.79234743e-01 3.09669048e-01
    6.77136660e-01 3.14636528e-02 3.42576891e-01 5.48838615e-01
    6.72504902e-01 7.45197535e-02 7.54649818e-01 7.10399449e-01
    5.73534131e-01 7.88684845e-01 7.86277175e-01 5.15125751e-01
    1.75690264e-01 9.08487380e-01 7.47040093e-01 8.85266066e-01
    7.39588022e-01 2.90776640e-01 8.54901671e-01 3.83753419e-01
    9.69263196e-01 1.95126861e-01 3.79116952e-01 2.46694356e-01
    7.87546635e-02 9.78075743e-01 4.14074987e-01 1.28877640e-01
    7.33556747e-01 5.16976058e-01 1.91084594e-01 3.52791369e-01
    7.35121667e-02 5.02971888e-01 6.37754083e-01 3.71984005e-01
    9.66638744e-01 7.38034725e-01 6.07912719e-01 2.84457505e-02
    4.80236888e-01 7.54943252e-01 3.14602852e-02 3.07215542e-01
    6.12543404e-01 5.85584462e-01 4.19770986e-01 1.59977376e-02
    7.94409692e-01 6.28702402e-01 8.58790874e-02 4.37636793e-01
    8.49283993e-01 6.69928253e-01 9.25333142e-01 9.13651705e-01
    1.08748317e-01 2.21351236e-01 6.15804911e-01 8.03451896e-01
    3.26371044e-01 1.70238078e-01 6.21619225e-01 6.06982827e-01
    2.41790175e-01 3.69782448e-01 7.12524772e-01 8.72910321e-01
    4.62268502e-01 1.29164785e-01 9.51661706e-01 2.44941860e-01
    8.83853316e-01 6.66525841e-01 1.06268823e-01 2.88016319e-01
    1.97864980e-01 5.27878642e-01 6.71118557e-01 7.39744902e-01
    1.42778546e-01 6.22973204e-01 2.36667424e-01 8.52669179e-01
    2.53653169e-01 1.72832370e-01 3.74223292e-01 5.74122608e-01
    1.26417726e-01 8.96022081e-01 9.06579733e-01 6.04350388e-01
    7.73581207e-01 7.34430075e-01 4.67812717e-02 5.64058602e-01
    1.26737267e-01 2.67539322e-01 3.36304188e-01 3.55283290e-01
    1.69600874e-01 1.74523234e-01 6.52556539e-01 8.72197151e-01
    2.62934536e-01 5.46168864e-01 7.59177029e-01 2.09607601e-01
    3.59263957e-01 6.76181316e-01 4.65390682e-02 5.46490550e-01
    6.59353971e-01 4.12747771e-01 6.42288446e-01 2.52245188e-01
    1.33824527e-01 8.25343013e-01 4.38759685e-01 9.81661558e-01
    4.99584794e-01 5.45893192e-01 5.10193110e-01 6.92431867e-01
    5.07022142e-01 3.96891236e-02 8.16362023e-01 3.78930271e-02
    5.48024893e-01 8.33122969e-01 2.68649340e-01 4.70743477e-01
    6.27391756e-01 7.00553060e-01 1.69386774e-01 2.63712794e-01
    2.66643912e-01 1.25019789e-01 6.08096004e-01 1.22761309e-01
    4.83857512e-01 5.44831872e-01 4.90168452e-01 4.57451105e-01
    7.96483994e-01 3.22611809e-01 7.21604347e-01 6.12794995e-01
    5.86235523e-01 9.45823550e-01 2.86725760e-02 9.17867422e-01
    1.71056062e-01 4.43551064e-01 4.74531651e-02 7.42747843e-01
    5.21483064e-01 4.24886882e-01 7.39340663e-01 2.54782259e-01
    9.28334475e-01 2.29179174e-01 3.74117076e-01 3.07868451e-01
    7.86331654e-01 3.61812413e-01 7.40522027e-01 3.30370903e-01
    6.48482203e-01 2.51730055e-01 3.96275282e-01 6.70961082e-01
    5.01039624e-01 8.14895034e-01 6.14209890e-01 7.45343447e-01
    8.56313348e-01 4.04069036e-01 7.36812055e-01 4.53844458e-01
    3.09745520e-01 1.66693956e-01 4.11527157e-02 4.56566811e-01
    7.73324370e-01 4.21063721e-01 9.85352516e-01 6.86489105e-01
    7.39977181e-01 7.69080818e-02 3.18118930e-01 1.78478748e-01
    7.84639835e-01 8.23972881e-01 2.54713774e-01 6.93326592e-01
    8.18503320e-01 1.86313033e-01 9.40463185e-01 7.94791996e-01
    6.01524234e-01 9.91183400e-01 6.98172033e-01 3.85345012e-01
    4.29658800e-01 1.30122334e-01 8.68294239e-02 1.93030387e-01
    9.06939387e-01 9.41398084e-01 6.60679042e-01 4.84731615e-01
    4.03932631e-01 4.91591036e-01 9.10549641e-01 7.22947955e-01
    8.75104606e-01 7.10752010e-01 1.53252721e-01 5.07704914e-01
    5.28229475e-01 7.09107816e-02 4.13265705e-01 1.80108696e-01
    6.41383350e-01 1.76190525e-01 4.21664894e-01 8.70453596e-01
    6.16043508e-01 8.07697177e-02 8.13835263e-01 8.21987033e-01
    5.83433688e-01 3.50104451e-01 8.17388296e-04 6.74035430e-01
    2.14311540e-01 4.33081686e-02 2.76404619e-01 3.23798537e-01
    3.14829350e-02 5.84002256e-01 6.38725221e-01 2.86601484e-01
    4.35578614e-01 2.70722151e-01 7.04025030e-01 8.40408623e-01
    3.16105515e-01 8.85002613e-01 2.35520959e-01 8.82820487e-01
    5.52880704e-01 5.86398721e-01 1.94182247e-01 2.07273096e-01
    6.57025218e-01 1.86721861e-01 8.02842259e-01 1.29467994e-01
    4.24425721e-01 7.29754269e-01 4.48410064e-01 1.69703364e-02
    9.94417906e-01 9.04676259e-01 9.51315165e-01 9.96400595e-01
    5.70954919e-01 9.56020951e-02 8.19276631e-01 6.39843941e-01
    9.97396886e-01 9.24024105e-01 2.07802176e-01 3.83664966e-01
    8.36759925e-01 9.27340865e-01 5.25581837e-01 7.75061488e-01
    5.62652349e-01 7.56553531e-01 3.47248137e-01 5.39029360e-01
    2.53830969e-01 7.14563370e-01 1.58483505e-01 8.88586998e-01
    8.46944809e-01 6.39681458e-01 5.03324389e-01 1.90772980e-01
    6.46139145e-01 4.03081775e-01 5.40792823e-01 9.20891285e-01
    5.26204824e-01 3.98795784e-01 8.63237858e-01 4.14864153e-01
    9.46220160e-02 9.05777812e-01 2.49847561e-01 2.19897628e-02
    5.20490408e-02 3.43502581e-01 3.91403943e-01 3.21586579e-01
    9.74943817e-01 7.03519404e-01 7.57265806e-01 1.83501691e-01
    3.40571284e-01 6.76043868e-01 8.68995905e-01 5.24511576e-01
    8.71117830e-01 8.76108110e-01 4.39461201e-01 9.75276291e-01
    6.84444904e-01 6.86586261e-01 1.46617591e-02 8.11474383e-01
    1.61464483e-01 3.85831356e-01 5.88932335e-02 9.66614783e-02
    2.51386762e-01 5.97330153e-01 3.48449230e-01 4.78624582e-01
    6.22798681e-01 2.73509920e-01 3.13284397e-01 5.83895445e-01
    4.98083234e-02 2.81222880e-01 7.29821444e-01 4.80136186e-01
    1.56405866e-02 6.88514292e-01 3.08836997e-01 4.26306725e-01
    3.07074010e-01 9.36309457e-01 7.23494291e-01 5.33377826e-01
    2.78913319e-01 2.74063349e-01 9.91923690e-01 7.55438507e-01
    6.96286678e-01 1.32435977e-01 2.01392084e-01 5.52296460e-01
    3.84916544e-01 8.65093946e-01 8.20051551e-01 4.26210165e-02
    2.28149712e-01 3.39830995e-01 4.64324415e-01 7.93413281e-01
    3.33086550e-01 5.26139379e-01 3.83833349e-01 5.34454882e-02
    2.23481417e-01 6.82440579e-01 4.12249953e-01 2.44489312e-03
    9.82244253e-01 5.41500926e-01 1.19025856e-01 1.33841664e-01
    1.85413629e-01 9.48546231e-01 4.15872008e-01 5.96609175e-01
    9.58800435e-01 2.68434644e-01 7.50477552e-01 1.65816039e-01
    8.58385086e-01 6.05637968e-01 4.87321615e-01 4.46283817e-02
    3.50534260e-01 5.03497720e-01 6.54190779e-02 4.85418648e-01
    8.82714689e-02 8.16234410e-01 8.74594569e-01 9.51330483e-01
    2.97542572e-01 8.33696127e-02 9.98645902e-01 2.80913681e-01
    6.23790562e-01 3.83176327e-01 9.78958607e-01 2.03753918e-01
    3.86189640e-01 2.73660362e-01 3.11320305e-01 8.06688547e-01
    4.14746284e-01 6.44562602e-01 9.51438785e-01 2.11623371e-01
    4.50803757e-01 8.13160062e-01 6.75820053e-01 2.36179024e-01
    8.47793996e-01 4.51950699e-01 5.13717353e-01 7.08550096e-01
    2.07447499e-01 9.52111125e-01 8.06721270e-01 9.67919469e-01
    3.89620632e-01 2.59406507e-01 2.17124283e-01 5.83552122e-02
    7.75422275e-01 7.43974984e-01 7.34750390e-01 3.11377734e-01
    9.43667173e-01 1.89563662e-01 9.92697418e-01 4.72841263e-01
    7.56014943e-01 2.74884701e-02 9.33344483e-01 3.51347476e-01
    7.46021509e-01 9.89441395e-01 3.70509982e-01 8.86116624e-01
    8.48741412e-01 3.05562556e-01 7.00350821e-01 7.30314136e-01
    9.83566165e-01 9.95664835e-01 7.67508030e-01 5.47033131e-01
    9.43103433e-01 6.86769128e-01 9.18191433e-01 5.76504469e-01
    1.08456582e-01 9.01058495e-01 4.61824834e-01 9.86428082e-01
    1.80921555e-01 3.33206117e-01 5.96139312e-01 7.38147914e-01
    6.90722644e-01 5.61481595e-01 2.17355520e-01 7.83334851e-01
    6.47129178e-01 5.45441091e-01 1.17362708e-01 7.62049794e-01
    8.22988391e-01 4.83019561e-01 1.17355555e-01 9.29692626e-01
    4.50639188e-01 2.65181124e-01 7.98521161e-01 2.31604069e-01
    7.73720741e-01 7.54272640e-02 2.15786934e-01 5.20739019e-01
    5.16000926e-01 7.15226710e-01 5.85091412e-01 2.75688767e-02
    6.66900814e-01 2.32638031e-01 6.67737484e-01 8.80042553e-01
    1.87139511e-01 5.92091978e-01 8.69495749e-01 6.74647927e-01
    9.91074264e-01 7.99400330e-01 8.32881808e-01 3.39993596e-01
    2.74828851e-01 1.35254383e-01 5.81542671e-01 8.33897293e-01
    3.33615124e-01 6.91634357e-01 7.47408986e-01 4.35535014e-02
    6.31235540e-01 1.77221596e-02 1.24300212e-01 3.98688436e-01
    3.56598914e-01 2.48449266e-01 8.62639070e-01 7.07113624e-01
    9.01389182e-01 5.75330853e-02 4.05364186e-01 1.10633075e-01
    5.47251225e-01 2.01175481e-01 9.45455492e-01 1.22573256e-01
    9.20828342e-01 3.78596336e-01 6.69469535e-01 9.02415276e-01
    9.65816259e-01 8.22016656e-01 5.19270957e-01 5.36329269e-01
    9.76910710e-01 2.00739264e-01 4.47523385e-01 2.83244848e-01
    7.50051141e-02 8.66679490e-01 3.01492363e-01 3.99629235e-01
    7.85108864e-01 4.68848735e-01 4.09621865e-01 3.30917835e-02
    2.18089819e-02 5.82781911e-01 1.61927849e-01 8.64042342e-01
    3.20041448e-01 3.15489650e-01 4.87273216e-01 1.62943780e-01
    1.33501619e-01 9.13546920e-01 2.31726259e-01 8.38169515e-01
    2.08151370e-01 7.40687132e-01 1.39303446e-01 7.28199005e-01
    2.04896092e-01 6.02646232e-01 5.17398834e-01 6.31662667e-01
    1.75127864e-01 1.87177956e-02 3.87530625e-02 1.03866696e-01
    4.34701920e-01 5.90888202e-01 9.97811198e-01 4.35583860e-01
    8.71430516e-01 7.22186744e-01 7.63660014e-01 2.14059621e-01
    7.79910922e-01 1.32072806e-01 2.60695964e-01 9.21751857e-01
    2.63488591e-02 5.87620556e-01 7.35479951e-01 3.01457226e-01
    8.85316133e-01 4.43077207e-01 3.71450812e-01 8.57915223e-01
    6.01986527e-01 2.22707093e-02 2.06987143e-01 6.36445045e-01
    7.00584054e-03 8.40144753e-01 9.86646712e-02 8.51128995e-01
    3.41950238e-01 3.62853497e-01 4.36185598e-01 7.37653971e-01
    5.08120060e-01 9.32728708e-01 4.75404531e-01 3.39769363e-01
    4.07343686e-01 1.48093104e-02 6.36860073e-01 3.17986190e-01
    8.49636674e-01 2.94700265e-01 8.66795182e-02 2.00839758e-01
    7.85101354e-02 1.02617592e-01 2.98854947e-01 7.52622366e-01
    7.93759704e-01 6.36826515e-01 3.69591773e-01 2.48906136e-01
    1.29361957e-01 7.31140256e-01 2.65650153e-01 3.54211092e-01
    3.92931163e-01 4.51260507e-02 5.78105092e-01 8.36596489e-01
    2.89903283e-02 6.00221753e-03 6.54038250e-01 1.00994378e-01
    8.61193776e-01 1.21425778e-01 6.77100182e-01 3.48971367e-01
    4.56354827e-01 2.21829116e-01 9.42000866e-01 9.35158074e-01
    8.09639931e-01 2.75115311e-01 3.05597305e-01 4.68843848e-01
    3.38863939e-01 3.41443419e-01 9.05033052e-01 2.85358429e-02
    3.26093882e-01 2.68343329e-01 4.73012328e-01 8.89825344e-01
    4.80235070e-01 9.48105812e-01 6.62810087e-01 3.86807889e-01
    9.08392966e-02 8.20439935e-01 8.39189947e-01 1.08500779e-01
    7.56207108e-01 1.64571702e-01 1.31873488e-01 8.25065851e-01
    4.66783524e-01 8.22506189e-01 9.48716044e-01 3.36417735e-01
    2.49050677e-01 8.13784122e-01 9.33787286e-01 2.05728531e-01
    4.87569183e-01 8.40562880e-02 2.29402483e-01 9.96767879e-01
    7.29161620e-01 5.20815611e-01 7.61583805e-01 7.98652530e-01
    1.62442386e-01 7.94455707e-01 2.54189074e-01 9.08673406e-01
    5.39699078e-01 9.19940829e-01 3.09873402e-01 6.43818796e-01
    3.83048773e-01 6.31871819e-02 1.64052755e-01 7.78718412e-01
    2.17400312e-01 4.02235925e-01 2.12216407e-01 6.13921523e-01
    8.53077352e-01 3.72623205e-02 4.62166250e-01 3.70806336e-01
    1.01303637e-01 5.86398065e-01 5.01409173e-03 3.07920873e-01
    4.68851179e-01 7.35962391e-01 8.89011025e-02 8.71573091e-02
    1.95690036e-01 5.63668966e-01 9.17063892e-01 4.86375690e-01
    2.50822425e-01 8.33119869e-01 8.06835592e-01 5.46877146e-01
    6.97551310e-01 6.07687712e-01 6.16890848e-01 2.35073328e-01
    8.36986899e-01 1.46817058e-01 4.10067141e-02 8.99980068e-01
    7.85264015e-01 8.30496669e-01 8.07240605e-01 7.50204682e-01
    4.81874108e-01 6.39108717e-01 8.54627073e-01 8.19754183e-01
    1.55921847e-01 6.67954624e-01 4.65812117e-01 5.09913445e-01
    9.43122983e-01 8.67205977e-01 8.71254683e-01 9.78633046e-01
    7.46590555e-01 6.04809821e-01 2.50367999e-01 6.92898035e-01
    1.05280697e-01 2.76198447e-01 6.47106886e-01 7.21949995e-01
    2.39565045e-01 6.23465300e-01 7.08537579e-01 2.85210609e-01
    7.94808865e-01 6.78265572e-01 1.12359762e-01 3.18095326e-01
    1.59286767e-01 2.59599805e-01 4.59859848e-01 3.60831141e-01
    9.82915401e-01 4.62036520e-01 7.21177459e-02 1.45278275e-02
    6.66225791e-01 1.81927174e-01 1.86391264e-01 6.68075979e-01
    7.70483911e-01 4.65747178e-01 4.48715270e-01 1.98228240e-01
    8.03025842e-01 1.92555606e-01 3.15442681e-02 2.12628961e-01
    2.95158893e-01 9.38587308e-01 7.31088459e-01 3.97797465e-01
    6.83408618e-01 2.50588953e-02 3.25755984e-01 4.10053909e-01
    8.11011314e-01 6.58970773e-01 6.35901690e-01 6.10873520e-01
    4.57159132e-01 6.86160684e-01 4.04933095e-01 6.93880320e-02
    8.19813013e-01 1.16345704e-01 2.98660606e-01 3.28143537e-01
    8.63029480e-01 4.48848069e-01 8.22717428e-01 4.13708836e-01
    1.52896434e-01 3.91727984e-02 3.23731303e-01 7.46631324e-01
    1.82126731e-01 3.52630019e-03 3.58151019e-01 3.47826481e-01
    1.52209908e-01 4.25346643e-01 7.97631979e-01 4.33001697e-01
    8.77742648e-01 9.94751155e-01 2.21214622e-01 8.72210622e-01
    8.63274932e-01 9.75747824e-01 9.26591039e-01 2.09170759e-01
    4.61417675e-01 4.11161304e-01 5.27006209e-01 7.42628038e-01
    5.72409213e-01 6.48944199e-01 9.78262424e-02 3.00714374e-03
    6.17750585e-02 7.52644539e-01 4.95216876e-01 9.64221656e-02
    7.84156144e-01 6.40076876e-01 8.12855959e-01 8.21754217e-01
    9.25350070e-01 2.58891404e-01 5.49760759e-02 6.53744936e-01
    3.50668132e-01 4.27863002e-03 2.78317928e-03 4.42650318e-01
    5.64555526e-01 1.58618212e-01 6.93738937e-01 5.32671273e-01
    5.93696415e-01 8.09748232e-01 2.64173150e-01 7.20147133e-01
    6.52332246e-01 2.58682072e-02 3.37084681e-01 6.85652375e-01
    8.04191828e-01 6.40667498e-01 4.84023094e-02 8.24991226e-01
    1.75114185e-01 8.36429656e-01 5.94574153e-01 9.73649681e-01
    5.12969434e-01 6.61679268e-01 9.49188709e-01 5.36428869e-01
    7.78314233e-01 3.58580351e-01 2.34997272e-01 7.93975890e-01
    1.36855483e-01 1.88336164e-01 4.27989185e-01 7.57557809e-01
    4.45848525e-01 6.44222498e-02 5.14343917e-01 3.98423761e-01
    2.13360280e-01 4.57696021e-01 8.76104832e-02 7.00198233e-01
    1.56458616e-02 5.85497618e-02 1.87281698e-01 2.88116932e-03
    1.97483420e-01 5.41298032e-01 5.71290493e-01 7.94043243e-01
    1.95343137e-01 1.90248817e-01 5.17071366e-01 8.59786868e-01
    6.97894931e-01 8.65887761e-01 4.54614103e-01 2.70644546e-01
    2.49969751e-01 5.68363369e-02 8.79276454e-01 7.33763933e-01
    9.44453239e-01 3.43224138e-01 9.65196192e-01 2.33407617e-02
    5.65553844e-01 9.75094080e-01 9.36231852e-01 7.74967968e-01
    4.73870039e-02 5.55726826e-01 7.33037710e-01 9.34260726e-01
    6.23139739e-02 7.45064318e-02 3.68317544e-01 5.86344779e-01
    1.44693345e-01 4.82932001e-01 2.74331808e-01 7.00888038e-02
    9.05885100e-01 6.08161509e-01 7.54239619e-01 3.91532809e-01
    1.15393996e-02 1.65833861e-01 6.61569238e-01 1.43155456e-02
    5.74436784e-01 5.69407105e-01 2.76334941e-01 6.26022577e-01
    3.25447798e-01 2.25507021e-02 6.24834597e-02 6.79753780e-01
    6.64239764e-01 3.30714673e-01 5.75586796e-01 3.18523705e-01
    1.47381276e-01 7.90812850e-01 2.48407185e-01 1.40819132e-01
    3.85531723e-01 7.82950044e-01 3.63399386e-01 2.51753211e-01
    4.65101063e-01 9.69093382e-01 9.99544263e-01 7.37701654e-01
    7.79005051e-01 7.47554302e-01 1.51911527e-01 3.31456125e-01
    2.81881034e-01 8.65915120e-02 6.28623307e-01 6.45340919e-01
    1.11942023e-01 5.51750422e-01 7.77100682e-01 8.05219591e-01
    2.16067880e-01 7.08115518e-01 2.13405788e-02 9.78827715e-01
    2.32833207e-01 7.84298480e-01 8.40368867e-01 5.71207225e-01
    3.01050812e-01 9.71098840e-02 9.45826411e-01 1.10961497e-01
    2.55582631e-01 6.62860274e-02 2.64232010e-01 3.57021332e-01
    5.60681224e-01 2.33299404e-01 2.91599154e-01 3.70372266e-01
    2.66164839e-02 7.07052350e-01 3.52996886e-02 7.61613965e-01
    2.58569241e-01 5.29455066e-01 2.91274250e-01 5.10650516e-01
    9.91328597e-01 3.84742826e-01 7.36337662e-01 1.11239135e-01
    6.38632536e-01 5.87781668e-01 9.07605529e-01 7.73951411e-01
    9.04282331e-01 6.80365026e-01 9.11736965e-01 5.34049034e-01
    1.28567815e-02 4.14754570e-01 3.81373286e-01 3.02735090e-01
    6.09688163e-01 1.08307123e-01 7.92575121e-01 1.71491057e-01
    7.05509186e-02 5.76974034e-01 3.08745623e-01 8.61530066e-01
    8.90152693e-01 2.49219716e-01 6.78229928e-01 7.61124253e-01
    4.28168178e-02 1.58976614e-01 2.17490375e-01 4.78791475e-01
    4.87550795e-01 4.78861213e-01 6.28272414e-01 2.79772639e-01
    2.63158083e-02 3.64632785e-01 3.57007235e-01 5.55044591e-01
    8.25040042e-01 8.48557532e-01 4.79202420e-01 6.35905802e-01
    7.33271241e-01 2.21788764e-01 1.27059698e-01 8.98453474e-01
    2.05642849e-01 7.33813882e-01 1.77857101e-01 3.37509871e-01
    9.11752999e-01 4.41247553e-01 1.86255217e-01 4.87327337e-01
    5.00206530e-01 3.15784216e-01 5.37036896e-01 3.75359327e-01
    8.21039855e-01 7.71214485e-01 5.39767563e-01 9.83258367e-01
    9.35913086e-01 1.39955461e-01 8.92196953e-01 2.94963062e-01
    9.38710153e-01 3.15943301e-01 3.25634778e-02 4.66046423e-01
    3.51352543e-01 9.46288109e-01 6.38683617e-01 7.19469368e-01
    6.19894624e-01 4.52966154e-01 9.77451086e-01 4.85236079e-01
    4.07259285e-01 2.43743032e-01 2.18690336e-01 7.68128872e-01
    2.70874292e-01 9.94142592e-02 4.20746624e-01 6.79086149e-01
    7.09558904e-01 1.99595690e-02 4.89972353e-01 2.53067911e-02
    7.44199336e-01 8.73315394e-01 8.51604700e-01 4.12077576e-01
    5.46498239e-01 2.55688012e-01 9.83004153e-01 3.19088519e-01
    4.81055439e-01 2.10851431e-03 8.11470747e-01 8.03793907e-01
    9.10013914e-01 4.14600968e-02 4.10633862e-01 6.54240251e-02
    3.80953848e-02 4.70973849e-01 1.23800904e-01 5.88843822e-01
    9.08554792e-01 6.91034198e-02 2.47530341e-02 4.47997719e-01
    9.78203475e-01 2.75209546e-02 5.18137991e-01 2.30130672e-01
    1.64645821e-01 9.43130434e-01 2.99982339e-01 6.18601620e-01
    5.78184426e-02 9.04644966e-01 1.68931216e-01 9.56302166e-01
    4.10720289e-01 1.91742629e-01 5.95264614e-01 8.15725327e-01
    8.75046432e-01 5.91846883e-01 8.34577382e-02 3.37697566e-01
    1.02288187e-01 8.59832764e-03 4.03683543e-01 4.31213379e-02
    4.92353767e-01 3.56107056e-02 8.28675628e-01 7.69505858e-01
    6.09024584e-01 6.41743779e-01 4.03769612e-02 6.11809134e-01
    7.18522668e-01 6.51853085e-02 3.13373953e-01 3.77390504e-01
    3.63720149e-01 4.96014506e-01 3.49293798e-01 5.17452776e-01
    2.87447870e-01 5.82378983e-01 4.58537221e-01 9.56242919e-01
    3.92526567e-01 1.30682230e-01 2.02553868e-02 5.20195425e-01
    7.77426362e-01 1.71344340e-01 2.43793786e-01 2.79122323e-01
    3.72144341e-01 9.79722142e-01 4.35296029e-01 8.05446267e-01
    1.27949238e-01 1.44910276e-01 8.61578107e-01 4.52963233e-01
    9.27758455e-01 1.13391578e-01 6.98188186e-01 8.74004245e-01
    4.99379843e-01 2.93414384e-01 1.02525383e-01 5.82164168e-01
    5.78473747e-01 7.64472306e-01 1.02734625e-01 3.49042714e-01
    5.84687293e-01 4.84840810e-01 6.09429419e-01 7.32564509e-01
    7.14851916e-02 1.74815953e-01 6.15440607e-02 6.29699886e-01
    2.54959315e-01 8.76988411e-01 1.71945333e-01 9.08928335e-01
    3.97557616e-02 9.97498870e-01 6.60426736e-01 3.56388986e-02
    8.05980027e-01 7.58209229e-02 1.90674841e-01 7.34372973e-01
    8.84296536e-01 1.51970744e-01 6.42623723e-01 8.68148267e-01
    1.05518103e-03 9.65453386e-01 2.27425992e-01 1.47661120e-01
    5.72519124e-01 6.58223510e-01 7.85491109e-01 6.43881977e-01
    3.32471251e-01 3.54402781e-01 7.24349260e-01 9.82795835e-01
    9.72245038e-01 1.03347212e-01 9.76784706e-01 2.53790110e-01
    4.97374147e-01 6.93354428e-01 4.72687095e-01 3.06033611e-01
    4.01997894e-01 4.56114829e-01 5.04500985e-01 5.51097095e-01
    4.34954196e-01 4.66836452e-01 7.70992279e-01 7.26625502e-01
    3.51180315e-01 4.38927144e-01 7.75001764e-01 8.07079554e-01
    2.75431097e-01 9.62143421e-01 5.57748914e-01 8.29213738e-01
    7.41643846e-01 6.84808910e-01 1.87877446e-01 6.65410221e-01
    5.54307699e-01 7.99538970e-01 3.11549366e-01 2.56871223e-01
    9.31070685e-01 2.72645414e-01 7.79145360e-02 8.59828830e-01
    2.53490269e-01 4.43116426e-01 3.50383222e-01 5.52453876e-01
    6.05525434e-01 6.85535073e-01 8.10216308e-01 5.21817029e-01
    2.77182996e-01 3.51918310e-01 5.13339698e-01 4.52702820e-01
    4.55630124e-02 2.50029266e-01 3.74957532e-01 3.15847695e-01
    8.65904391e-02 5.08167803e-01 8.15323710e-01 9.58822370e-02
    6.79122925e-01 1.06230855e-01 3.02655518e-01 3.97907346e-01
    9.71302986e-01 1.67959869e-01 5.30930758e-01 2.26132154e-01
    5.42673111e-01 4.51296926e-01 7.26158500e-01 2.39288777e-01
    2.18787044e-01 3.20502460e-01 6.35982454e-02 3.18041205e-01
    9.54249740e-01 6.42366290e-01 8.80228758e-01 2.54488349e-01
    8.81937742e-01 7.85990655e-01 1.85449958e-01 1.32779688e-01
    1.55333132e-01 3.76582205e-01 4.31714654e-02 1.88377857e-01
    1.41804039e-01 1.14506811e-01 7.47418404e-01 6.00812793e-01
    6.55502915e-01 5.27532220e-01 3.07379723e-01 7.29131579e-01
    3.29942763e-01 1.22583181e-01 1.85452759e-01 9.14915919e-01
    8.44333112e-01 7.19132841e-01 2.04403162e-01 2.02944517e-01
    1.63656384e-01 4.93968129e-01 9.25344825e-01 7.27167606e-01
    7.76887238e-02 1.26037896e-01 3.78350914e-02 9.03750718e-01
    7.91162372e-01 1.15083039e-01 7.35396981e-01 7.55828738e-01
    8.22741091e-01 7.66299009e-01 3.87510598e-01 8.46753836e-01
    3.40271443e-01 1.05822116e-01 1.44808948e-01 3.35637718e-01
    3.43488455e-02 5.43121874e-01 6.66811824e-01 3.91474873e-01
    7.43709803e-02 2.46151626e-01 6.98739052e-01 1.57865137e-01
    1.86368853e-01 2.41111755e-01 5.70099175e-01 5.32976031e-01
    5.08943439e-01 9.07657087e-01 8.51045847e-02 2.37029582e-01
    2.11254954e-02 5.23344040e-01 4.17755842e-01 8.64377022e-01
    4.43376839e-01 5.78789473e-01 7.07533300e-01 4.33989882e-01
    4.99327868e-01 5.31235278e-01 1.70232564e-01 3.59478891e-02
    2.49889046e-01 5.73458433e-01 6.40882790e-01 1.40839875e-01
    7.48950005e-01 8.14352989e-01 3.49033654e-01 6.98030889e-01
    6.15778267e-01 4.95428145e-01 9.01663244e-01 9.69622731e-02
    3.64166915e-01 6.59906268e-01 4.23766315e-01 6.28330827e-01
    7.93707252e-01 9.86654401e-01 7.81944871e-01 9.36482310e-01
    3.87797058e-01 5.43669820e-01 2.93632150e-02 4.64065909e-01
    7.20457435e-01 1.50170684e-01 9.34231281e-01 8.20190191e-01
    5.50284326e-01 6.12412214e-01 5.10319054e-01 8.23763132e-01
    7.60343909e-01 7.50369787e-01 1.79019183e-01 5.11242092e-01
    4.21659827e-01 4.83383149e-01 8.76211584e-01 9.97205615e-01
    4.98716861e-01 5.14157951e-01 1.43997461e-01 9.26443577e-01
    4.03962761e-01 5.06192744e-01 4.57314849e-01 9.07533765e-01
    8.91110599e-01 1.90515816e-01 7.60838389e-01 1.48638308e-01
    1.76850975e-01 8.05885553e-01 3.69883835e-01 2.22937912e-01
    4.14724052e-01 6.30320966e-01 7.90601969e-01 1.10303968e-01
    6.48871064e-01 1.74468160e-02 5.73190629e-01 3.52996975e-01
    7.08123922e-01 5.79895139e-01 3.39213312e-01 5.42710781e-01
    3.19169581e-01 7.69237876e-01 6.70372546e-01 3.44382674e-01
    8.80999565e-01 4.82818216e-01 3.71025801e-01 3.80860001e-01
    5.55254698e-01 7.78810859e-01 4.21414196e-01 8.17025542e-01
    9.59189117e-01 9.05520141e-01 9.63841736e-01 8.43279481e-01
    7.00840592e-01 8.50701571e-01 4.65146303e-02 5.92033863e-01
    4.69701290e-01 3.25887561e-01 4.30529773e-01 2.61266887e-01
    6.24797463e-01 9.75792468e-01 2.13356227e-01 1.79774851e-01
    7.92473316e-01 6.31001115e-01 2.47552991e-03 3.71807426e-01
    6.31483197e-02 4.11218137e-01 4.15165216e-01 2.78692007e-01
    6.52112842e-01 8.30122590e-01 3.73571992e-01 7.24227011e-01
    2.82058835e-01 7.43310690e-01 1.51217878e-01 4.30203080e-01
    3.64079118e-01 6.25669658e-01 3.98756623e-01 2.81892210e-01
    3.67141187e-01 5.71981251e-01 8.14949632e-01 8.26937735e-01
    8.91927123e-01 3.26004893e-01 2.79292464e-01 7.55049229e-01
    3.86401415e-01 8.49530160e-01 6.23098791e-01 1.72774106e-01
    9.36385989e-02 9.52157497e-01 3.15302014e-02 7.27103412e-01
    2.15783119e-02 1.74636155e-01 2.33231395e-01 7.34424591e-01
    3.50797236e-01 5.75232863e-01 3.35593313e-01 4.09997642e-01
    9.60331500e-01 4.11095470e-01 1.07167304e-01 3.77015471e-01
    1.09508455e-01 8.91623974e-01 1.60029501e-01 3.72657746e-01
    6.68841720e-01 8.12314510e-01 8.99922252e-02 6.97912335e-01
    3.01594913e-01 3.00882697e-01 5.58039129e-01 3.55270296e-01
    8.31365407e-01 6.53937995e-01 3.17975879e-03 6.64360344e-01
    3.17141712e-02 2.55454808e-01 1.22387558e-01 4.44774389e-01
    1.19800478e-01 8.84569645e-01 8.65977645e-01 6.29580617e-01
    3.10691893e-02 4.34815377e-01 4.11721408e-01 6.69703484e-01
    3.58734667e-01 9.34667110e-01 5.40901423e-01 7.24708855e-01
    1.75719410e-01 1.61605060e-01 9.26670432e-01 5.64611673e-01
    6.87490940e-01 7.68746078e-01 1.13527775e-02 9.46028650e-01
    9.68419135e-01 9.22592163e-01 2.63085127e-01 1.37366354e-01
    4.77690101e-02 9.29177940e-01 4.00450677e-01 8.82758737e-01
    7.37825572e-01 9.49284673e-01 1.37808353e-01 4.01852578e-01
    9.34236467e-01 8.48144770e-01 3.46663952e-01 6.12650394e-01
    9.85239863e-01 2.58942336e-01 2.37253904e-01 3.24202061e-01
    2.81142235e-01 8.65255356e-01 6.91249192e-01 4.81920719e-01
    8.65553021e-02 2.82792807e-01 8.27671409e-01 8.08296323e-01
    4.87378240e-02 9.10124779e-02 6.02507591e-02 2.89759219e-01
    3.56096625e-02 7.85657525e-01 5.60492933e-01 3.14121008e-01
    6.51317835e-02 3.30364585e-01 1.43098056e-01 1.19402736e-01
    9.00130510e-01 8.78121793e-01 4.92538750e-01 1.97156936e-01
    1.85220003e-01 9.99657929e-01 8.57408702e-01 5.51363349e-01
    1.60333842e-01 8.91034961e-01 9.63965058e-03 8.60257804e-01
    7.43311167e-01 3.05325687e-02 5.09673297e-01 4.05140966e-01
    7.51671910e-01 5.34149349e-01 3.95100266e-01 2.09622204e-01
    7.31330395e-01 9.33448136e-01 3.73309791e-01 1.86218292e-01
    5.46313524e-01 5.91086209e-01 4.37093139e-01 9.34295654e-01
    7.24434614e-01 3.88652503e-01 5.67019880e-02 1.24813169e-01
    8.37630630e-01 4.50750351e-01 3.53513032e-01 8.06433558e-02
    5.93501329e-02 7.56685793e-01 9.61496472e-01 5.80024898e-01
    7.42723405e-01 3.67141247e-01 6.91089094e-01 8.98997664e-01
    1.45006239e-01 1.92707002e-01 2.48831928e-01 8.43068361e-01
    8.02058280e-02 1.11625195e-01 9.21432734e-01 7.22282350e-01
    1.20592088e-01 2.31835932e-01 7.54549325e-01 4.00978684e-01
    6.36150777e-01 4.02672172e-01 8.38365436e-01 4.34476763e-01
    4.99960780e-03 1.44007355e-01 8.98521841e-01 9.84046817e-01
    6.56850815e-01 7.53340960e-01 1.46591038e-01 4.34870601e-01
    9.89643812e-01 9.94476676e-01 7.75079370e-01 3.62742305e-01
    8.57617736e-01 4.37101245e-01 2.88986921e-01 5.17280042e-01
    8.18517923e-01 9.54030752e-01 4.64002609e-01 1.76124752e-01
    5.64001560e-01 2.30306536e-01 1.91532224e-01 6.78279459e-01
    1.60079181e-01 7.28213429e-01 2.65907854e-01 2.34837621e-01
    5.55441320e-01 3.39930117e-01 9.13492620e-01 6.80079103e-01
    8.55482101e-01 2.37248152e-01 2.82010674e-01 3.85959506e-01
    2.55256712e-01 5.04222512e-03 1.29564375e-01 7.25187659e-01
    6.36118054e-01 4.47490424e-01 8.09507847e-01 6.20411038e-01
    2.79572159e-01 2.90905058e-01 3.90527010e-01 1.84558630e-02
    8.14494789e-01 5.70408523e-01 5.22163332e-01 3.25327098e-01
    2.51238406e-01 4.77891862e-02 3.38407367e-01 4.90410388e-01
    2.86503196e-01 1.12297148e-01 1.60954714e-01 6.10776484e-01
    4.71750826e-01 1.51979238e-01 7.20368028e-02 9.81791258e-01
    7.97806978e-02 1.74778879e-01 9.69786644e-01 9.48493004e-01
    1.56105667e-01 6.48105025e-01 1.77950591e-01 7.43249357e-01
    2.05522180e-01 6.09215856e-01 9.30384994e-01 7.08540440e-01
    3.45407486e-01 3.87210369e-01 9.17279303e-01 6.44133210e-01
    6.89906120e-01 1.32866979e-01 8.37358952e-01 3.24691594e-01
    2.60296911e-01 4.54522580e-01 6.07766151e-01 4.35994118e-01
    7.87794113e-01 1.44131303e-01 1.88076943e-01 5.39813399e-01
    7.32479155e-01 4.62612927e-01 7.17049837e-01 4.20764327e-01
    2.09701419e-01 1.25377446e-01 1.53059900e-01 9.07708764e-01
    4.16175187e-01 4.84861284e-01 8.63055348e-01 3.24281752e-02
    3.55940700e-01 1.37397110e-01 7.51229048e-01 8.10541630e-01
    1.47626102e-02 7.87762523e-01 9.92219806e-01 5.97983539e-01
    8.32325220e-03 4.90944773e-01 7.47607946e-01 4.69439119e-01
    5.06102264e-01 8.98064256e-01 8.99149418e-01 2.51774192e-02
    1.41036808e-01 9.65485215e-01 8.26482832e-01 5.89347422e-01
    3.31103742e-01 4.09264773e-01 6.79862559e-01 4.24005270e-01
    2.34470069e-02 9.12079215e-01 5.82170963e-01 6.21428788e-01
    7.30216682e-01 4.99544919e-01 4.40357357e-01 4.73917395e-01
    1.49353206e-01 9.14177418e-01 3.20245862e-01 5.83900094e-01
    9.14836586e-01 2.46548742e-01 5.16954303e-01 8.59822869e-01
    8.55501175e-01 7.34650671e-01 7.86748886e-01 9.43857551e-01
    8.02293420e-01 3.11491221e-01 3.89122695e-01 2.82383382e-01
    9.27551627e-01 9.09490943e-01 5.49023151e-01 4.81530726e-02
    8.32201481e-01 5.11649370e-01 5.73063135e-01 4.91223037e-02
    1.27581954e-01 2.46397167e-01 5.47685027e-01 7.06603408e-01
    6.10934317e-01 7.81960845e-01 3.24615121e-01 7.39380896e-01
    9.57788467e-01 4.19021189e-01 6.00643516e-01 6.82033420e-01
    7.80139506e-01 9.96834993e-01 1.88879490e-01 7.90187657e-01
    5.22216499e-01 4.64649588e-01 4.15107191e-01 8.02546144e-01
    9.18358028e-01 5.05732656e-01 1.16690248e-01 1.54802829e-01
    2.69517720e-01 8.67556751e-01 1.04067922e-01 7.91382909e-01
    5.37221611e-01 3.18430960e-01 1.37674987e-01 2.00621456e-01
    7.57293940e-01 8.99155498e-01 3.19395065e-01 2.27098852e-01
    5.87892830e-02 2.09855407e-01 6.74441457e-01 8.57782960e-01
    6.75700545e-01 5.30001223e-01 3.19717526e-01 4.74559665e-01
    3.77783477e-02 7.95671284e-01 9.59724188e-04 9.31858778e-01
    7.61823058e-01 9.35507536e-01 5.23196101e-01 6.01514816e-01
    1.53321296e-01 4.52986091e-01 4.70667124e-01 1.08709335e-01
    3.42658281e-01 8.48121881e-01 1.15316838e-01 3.84504944e-01
    1.51011586e-01 5.45434237e-01 4.63190049e-01 9.25530493e-02
    5.45967996e-01 5.28612673e-01 5.18588424e-02 3.02709579e-01
    1.65148526e-01 6.16623998e-01 7.93309391e-01 9.69890594e-01
    9.13772643e-01 2.96831310e-01 9.81208086e-01 8.87535453e-01
    8.79795372e-01 3.53929400e-02 9.12751317e-01 7.38099694e-01
    3.53554070e-01 9.84720647e-01 5.48130155e-01 9.88026261e-01
    2.08393991e-01 9.74667966e-01 3.44860464e-01 6.74660921e-01
    6.72856450e-01 9.34015751e-01 8.68362188e-01 2.68286079e-01
    1.42670751e-01 2.82029629e-01 5.17150104e-01 9.12481785e-01
    4.45430398e-01 6.30546212e-01 1.28540546e-01 9.47365046e-01
    6.96241379e-01 8.36616099e-01 5.47688723e-01 5.99506140e-01
    1.00356400e-01 2.64394104e-01 4.77216810e-01 2.12186158e-01
    5.80620468e-02 9.26275492e-01 3.45834613e-01 6.32711351e-01
    2.21123278e-01 8.24929237e-01 1.94829941e-01 3.69720131e-01
    3.70699763e-01 2.34079778e-01 1.17652714e-01 3.20018828e-02
    5.22134066e-01 1.65391564e-02 9.52149630e-01 6.04017258e-01
    5.59271097e-01 1.25876069e-03 3.60023975e-01 9.87225533e-01
    4.24316645e-01 8.69075358e-01 1.86413258e-01 5.18283308e-01
    4.07176644e-01 3.20695043e-02 8.01572859e-01 3.75144541e-01
    4.07774627e-01 6.55642033e-01 8.57322335e-01 3.74932349e-01
    2.60033607e-01 8.28099370e-01 6.84070826e-01 5.47487140e-01
    2.26376951e-02 3.84034038e-01 6.94155693e-02 7.97361434e-01
    1.79292828e-01 8.38246942e-03 6.24889493e-01 6.99523091e-01
    4.89908099e-01 2.51330197e-01 2.46488959e-01 3.43395114e-01
    2.69332856e-01 7.08623409e-01 6.73314691e-01 2.84055799e-01
    5.98133445e-01 9.88196611e-01 8.77586603e-01 5.03838062e-04
    1.42808527e-01 4.21133608e-01 8.71782184e-01 1.85133815e-01
    7.06585288e-01 4.74648416e-01 7.04384625e-01 6.89509869e-01
    7.49417424e-01 1.55400723e-01 5.18319190e-01 7.39028752e-02
    2.88745493e-01 4.84762877e-01 8.52169275e-01 1.05265200e-01
    9.90786314e-01 5.81808150e-01 3.74241590e-01 6.81274474e-01
    5.96583426e-01 7.06397891e-01 9.28044319e-03 7.32145905e-01
    4.03507650e-02 5.43312430e-01 4.17122781e-01 8.59415531e-01
    8.68616402e-01 6.26805425e-01 2.40904212e-01 3.21898401e-01
    9.94021058e-01 9.19718504e-01 3.24994922e-02 6.70897722e-01
    3.39212894e-01 4.74431515e-01 7.07352459e-02 3.17221165e-01
    6.52972817e-01 8.24072957e-01 7.62252450e-01 2.72998422e-01
    2.21777558e-02 5.08449078e-02 5.92219770e-01 5.74096620e-01
    1.41788572e-01 9.61175442e-01 1.70085520e-01 3.38871598e-01
    3.52827340e-01 6.75367951e-01 4.05293673e-01 3.37505639e-01
    2.50189424e-01 2.78102666e-01 2.36796647e-01 9.32132602e-01
    1.88911766e-01 9.87230659e-01 9.74368930e-01 9.84456360e-01
    9.06331539e-01 8.44056487e-01 6.04439735e-01 5.44923544e-02
    6.55336976e-02 4.35954869e-01 4.58377600e-01 3.64760101e-01
    5.41065037e-01 2.10418016e-01 4.67084944e-01 8.80260825e-01
    9.04313922e-01 7.15266228e-01 1.23069972e-01 4.17091101e-01
    4.24564898e-01 7.60827661e-02 8.53590012e-01 1.34406358e-01
    5.86051404e-01 1.76607251e-01 7.41727471e-01 4.73351121e-01
    4.03058857e-01 1.07894361e-01 8.06681275e-01 4.31630433e-01
    5.45896292e-01 1.67673022e-01 4.60276991e-01 6.49183512e-01
    5.62041998e-04 4.35026437e-01 7.87261963e-01 8.55826616e-01
    6.48635745e-01 6.83850348e-01 2.38422573e-01 8.89539957e-01
    8.42638195e-01 2.25002259e-01 8.48854959e-01 5.11046350e-02
    4.84584749e-01 1.07857555e-01 3.20778966e-01 1.99786246e-01
    6.14530444e-01 3.46414298e-01 2.61091352e-01 6.77711129e-01
    5.26159048e-01 2.76246607e-01 4.22880471e-01 7.14008033e-01
    3.00102592e-01 5.75375617e-01 4.18119848e-01 4.91267502e-01
    3.78124893e-01 7.91822195e-01 1.38776004e-01 8.41235518e-01
    7.27764666e-01 3.74868035e-01 5.76300144e-01 7.00246334e-01
    5.49674511e-01 1.90461904e-01 5.92849076e-01 5.59992671e-01
    6.18615985e-01 1.35501444e-01 9.64290738e-01 2.45559245e-01
    2.57232189e-01 6.62910700e-01 4.47812676e-03 5.24584413e-01
    9.11548018e-01 9.57764387e-01 3.10638130e-01 5.70672691e-01
    2.34406799e-01 9.79916990e-01 5.74289143e-01 6.72790945e-01
    7.19493508e-01 9.64598775e-01 5.53459227e-01 7.39140987e-01
    2.38606483e-01 9.58562136e-01 8.78826559e-01 3.21169168e-01
    3.78511667e-01 7.28508830e-01 2.41873056e-01 6.00637019e-01
    1.25628680e-01 4.01072294e-01 7.37793148e-01 6.06058061e-01
    5.21801531e-01 4.90604311e-01 5.61908543e-01 1.26819015e-02
    7.56152332e-01 7.61613727e-01 7.55860865e-01 6.98913515e-01
    3.91874939e-01 2.71627933e-01 9.36271191e-01 1.54031545e-01
    2.64023840e-02 7.06095994e-02 5.37146747e-01 7.50781894e-01
    9.94165540e-01 6.51183307e-01 3.67412388e-01 7.15717673e-01
    8.70924830e-01 7.03741908e-02 7.12826014e-01 7.00180233e-01
    8.12942028e-01 9.08136785e-01 4.07492876e-01 8.97236228e-01
    6.76317394e-01 1.51182175e-01 9.61018920e-01 5.15647292e-01
    7.06897497e-01 5.66933393e-01 6.50733709e-04 1.86468691e-01
    1.90370083e-01 1.38302475e-01 3.13092947e-01 1.16684020e-01
    5.47519743e-01 8.18829715e-01 3.53675425e-01 4.91548449e-01
    4.00972247e-01 8.81372452e-01 8.23568463e-01 4.34995174e-01
    2.07042098e-02 2.51073182e-01 1.77441895e-01 9.92628098e-01
    4.62221175e-01 3.74368846e-01 4.77128148e-01 4.90300298e-01
    4.87659097e-01 2.05880433e-01 7.73379326e-01 8.61420453e-01
    1.76212132e-01 4.82687294e-01 7.91654646e-01 7.38087356e-01
    3.13671589e-01 4.77600038e-01 1.76203609e-01 6.13467157e-01
    6.89559400e-01 8.79228950e-01 3.68894041e-01 9.58332777e-01
    4.00284290e-01 8.31576288e-02 3.99030089e-01 5.27802706e-01
    4.14125830e-01 1.97395980e-02 2.06714272e-01 6.73828602e-01
    6.44024968e-01 6.26187205e-01 8.07846427e-01 8.24845433e-02
    1.70747250e-01 5.49873888e-01 7.92474687e-01 5.94626188e-01
    3.93656969e-01 4.56785560e-01 4.00752723e-01 3.75485122e-01
    4.71143425e-01 9.77461636e-02 7.77638793e-01 6.20799422e-01
    2.43608832e-01 5.77785492e-01 3.74579191e-01 2.02750385e-01
    4.56012934e-01 5.95447123e-02 3.05301189e-01 4.28871095e-01
    2.54366875e-01 9.65369344e-02 8.27433944e-01 4.44044173e-01
    9.69760835e-01 9.62364078e-01 6.82272553e-01 3.12722147e-01
    8.09161961e-01 2.78050959e-01 1.02664948e-01 6.69408441e-01
    2.94659257e-01 3.19433570e-01 3.52122128e-01 8.77434731e-01
    4.86905515e-01 2.03888208e-01 7.02460527e-01 7.30627298e-01
    2.32354105e-02 9.99806404e-01 9.98439848e-01 5.30337393e-01
    6.71118498e-01 1.90360606e-01 1.48237735e-01 8.36068273e-01
    4.27778810e-01 6.16696298e-01 4.52040404e-01 9.33756351e-01
    6.17167950e-01 8.50455582e-01 3.97827625e-02 5.31809092e-01
    7.20440924e-01 5.40441871e-01 1.81188643e-01 9.64337111e-01
    5.30178964e-01 4.13867861e-01 5.53074777e-02 1.84144378e-01
    7.34966516e-01 1.60148591e-01 9.96700048e-01 8.02047670e-01
    4.87458020e-01 3.11371088e-02 4.85114753e-02 1.76656544e-01
    5.65145850e-01 9.05715704e-01 1.57993257e-01 7.62876868e-03
    7.02006876e-01 4.44876254e-01 7.78188884e-01 5.26273608e-01
    6.35155737e-01 4.64448750e-01 5.51467896e-01 9.59256768e-01
    9.81133223e-01 7.17088759e-01 9.42736030e-01 2.80885041e-01
    5.34154058e-01 1.08357430e-01 2.10723877e-01 7.21877515e-01
    1.23102188e-01 4.65298146e-01 9.13552403e-01 9.67734933e-01
    5.41508734e-01 5.42542100e-01 3.10095668e-01 9.90443885e-01
    2.02395946e-01 7.90759563e-01 7.92837799e-01 3.00240159e-01
    8.81817698e-01 7.01716661e-01 4.02519822e-01 6.89205945e-01
    4.68736529e-01 4.88604009e-02 5.36721528e-01 1.01879656e-01
    8.14329267e-01 6.61310017e-01 1.72568381e-01 3.70737970e-01
    3.08946073e-02 7.97451377e-01 8.37730110e-01 5.02446890e-01
    4.17060912e-01 3.50255072e-01 3.87821853e-01 8.88680577e-01
    1.97789371e-02 1.45405769e-01 7.64992177e-01 2.63013244e-01
    3.15055490e-01 6.95701718e-01 4.35702443e-01 4.01197255e-01
    9.61927533e-01 9.21066403e-02 1.38634145e-01 7.55372047e-02
    4.28423822e-01 3.48453224e-02 4.53007966e-01 4.99346644e-01
    7.86836326e-01 8.03421915e-01 7.91504264e-01 8.00105929e-03
    1.59112155e-01 6.90996051e-01 5.21698117e-01 2.18612731e-01
    9.88443613e-01 7.66235352e-01 1.32394731e-02 7.50320554e-01
    6.64298952e-01 3.57717335e-01 5.03700197e-01 8.23061168e-01
    9.18211579e-01 8.24442506e-01 6.27162457e-01 4.45335031e-01
    6.61258101e-02 7.22032785e-03 8.37989569e-01 9.22621846e-01
    5.05779684e-01 8.74819517e-01 6.01954639e-01 1.13760889e-01
    3.89871299e-01 8.85881186e-01 8.87129962e-01 8.47581387e-01
    2.50173807e-02 4.52725112e-01 7.22043931e-01 7.61021018e-01
    9.00391817e-01 5.75186968e-01 6.06389344e-02 5.58490992e-01
    3.35345775e-01 6.36096358e-01 9.15638328e-01 6.80818141e-01
    3.26694548e-02 8.19239318e-01 9.41501856e-01 7.65008628e-02
    5.67731261e-02 6.42805040e-01 8.23246241e-02 7.14858890e-01
    9.24427986e-01 7.07742274e-01 9.03791308e-01 3.95546854e-01
    8.70078444e-01 7.06810474e-01 8.01724911e-01 6.67049825e-01
    5.11241138e-01 9.33232069e-01 7.47304022e-01 6.06879592e-01
    5.96291125e-02 6.08991086e-02 7.02141166e-01 4.11755592e-01
    2.18982100e-02 2.50551701e-01 4.29176688e-01 6.56131804e-02
    8.61387432e-01 7.09736347e-01 5.58986843e-01 3.27625871e-02
    9.46582794e-01 6.36101127e-01 8.02623034e-01 2.66513944e-01
    5.63284814e-01 7.80063272e-01 3.79966617e-01 3.31193745e-01
    2.43808806e-01 4.36238348e-01 2.70755947e-01 4.58738476e-01
    8.73253942e-01 9.28671300e-01 3.47413480e-01 2.91569382e-01
    7.12169528e-01 3.40673447e-01 3.09733391e-01 9.10266161e-01
    7.87300110e-01 9.35934901e-01 2.96128988e-01 3.83870184e-01
    2.72893012e-01 2.20113218e-01 2.57419169e-01 9.82005596e-01
    2.84949630e-01 8.29467118e-01 1.67615861e-01 4.62459058e-01
    2.50952810e-01 5.67589998e-01 7.21246481e-01 2.59752691e-01
    4.47322130e-01 2.12122411e-01 1.54995769e-01 3.74142885e-01
    9.32738781e-01 6.41626656e-01 2.25091875e-02 3.65802705e-01
    9.18964803e-01 6.71155572e-01 9.43192244e-02 1.68998122e-01
    7.12745786e-01 6.06125593e-03 7.52171278e-01 7.87530541e-01
    7.50881553e-01 5.69588065e-01 9.94417012e-01 1.03330612e-03
    9.42994952e-01 9.29740369e-02 8.75401855e-01 9.08492982e-01
    3.37703645e-01 5.24110436e-01 8.23746204e-01 2.09641427e-01
    9.98261690e-01 3.11466932e-01 4.36534822e-01 4.06655908e-01
    2.38870084e-02 2.00307935e-01 9.74288106e-01 5.93500137e-01
    2.55842507e-02 8.42057109e-01 1.83566511e-01 2.38953680e-01
    4.75809723e-01 4.91219580e-01 7.83634067e-01 9.96061265e-02
    4.12606597e-01 7.17558861e-02 9.39209819e-01 4.05862004e-01
    2.94730425e-01 6.12681448e-01 8.71446729e-02 6.06098771e-02
    1.44134462e-02 6.82165265e-01 7.93383956e-01 8.67485404e-02
    1.37759745e-01 4.94176000e-01 5.98261952e-02 1.12338841e-01
    7.16856837e-01 6.73334777e-01 4.30082113e-01 6.88548923e-01
    9.61554050e-01 1.26311302e-01 5.66730261e-01 1.78633809e-01
    9.89680946e-01 7.90578127e-01 1.48924708e-01 2.50380456e-01
    8.81128550e-01 6.32768571e-01 7.55775869e-02 3.56463313e-01
    1.78247511e-01 4.82622653e-01 2.37802565e-02 4.48750645e-01
    1.15533382e-01 7.29102254e-01 3.25601876e-01 9.70034599e-01
    3.92238498e-02 2.49675542e-01 4.73949611e-01 5.82282603e-01
    6.57172859e-01 3.24789464e-01 8.01664472e-01 5.29325366e-01
    1.21700734e-01 1.02748722e-01 7.08269656e-01 9.46018219e-01
    5.86575329e-01 6.23941183e-01 2.58871317e-01 5.91030598e-01
    7.47242212e-01 2.07198709e-01 3.96322250e-01 4.06045228e-01
    3.61526549e-01 1.33550435e-01 5.31189859e-01 7.44867861e-01
    4.09663200e-01 3.47907066e-01 9.30454493e-01 5.56879461e-01
    9.86846447e-01 7.60784626e-01 6.16921186e-02 7.34520078e-01
    6.34293199e-01 2.12197870e-01 2.88048863e-01 3.99914682e-02
    5.49927890e-01 2.73963213e-02 4.82646585e-01 1.76782012e-02
    5.24298012e-01 6.05777204e-01 4.49424893e-01 1.34376854e-01
    5.07200480e-01 6.92646742e-01 6.03880048e-01 3.48606050e-01
    2.51582563e-02 2.72710383e-01 8.18307102e-01 8.43914568e-01
    5.94627857e-03 3.69851530e-01 6.37671947e-01 3.81704867e-01
    8.26201022e-01 3.76580536e-01 6.70603991e-01 2.03055829e-01
    1.68759823e-01 4.08342302e-01 6.15590036e-01 5.48383594e-03
    8.93331707e-01 2.19991207e-01 6.19362831e-01 3.57255578e-01
    5.70619106e-01 7.70921409e-02 2.11599082e-01 2.77948529e-01
    1.04911953e-01 3.07953984e-01 2.01130956e-01 2.08740503e-01
    1.17314726e-01 8.39326680e-02 3.38996232e-01 5.55690169e-01
    5.84676683e-01 4.32520956e-01 5.21197617e-01 1.34563327e-01
    2.39219129e-01 7.74949431e-01 6.99448049e-01 2.34549940e-01
    7.28118896e-01 5.47802210e-01 6.88548684e-01 1.75469935e-01
    1.70298159e-01 2.88074017e-02 8.24301481e-01 5.96227825e-01
    4.21218127e-01 7.79374063e-01 1.51688606e-01 8.95111859e-01
    1.80273950e-01 6.23689353e-01 4.60011035e-01 3.71046662e-02
    3.48232150e-01 7.05682635e-02 6.19043469e-01 1.19654119e-01
    2.72214293e-01 6.38230443e-01 4.00581062e-02 1.06869131e-01
    9.18461204e-01 3.73417854e-01 2.61185616e-01 7.77011275e-01
    1.15336865e-01 7.83361554e-01 9.56410408e-01 8.94082248e-01
    3.75527799e-01 7.18546152e-01 8.18378448e-01 1.14971220e-01
    9.22429562e-01 5.73454499e-01 6.79919600e-01 6.01741076e-01
    2.74315894e-01 8.93077314e-01 7.31633842e-01 8.46254110e-01
    7.26325870e-01 2.59088397e-01 8.33666325e-01 3.43041390e-01
    1.24897063e-01 1.67050391e-01 2.36103892e-01 4.89298165e-01
    9.99760270e-01 2.31443346e-01 5.43669045e-01 9.60372031e-01
    9.37926471e-02 9.24152792e-01 7.61940897e-01 9.88143325e-01
    2.54302442e-01 5.25665998e-01 2.21802264e-01 1.31400764e-01
    5.50871432e-01 6.09800041e-01 1.30394369e-01 4.52380061e-01
    9.84170914e-01 8.95183444e-01 8.73246968e-01 8.98261547e-01
    1.60724699e-01 7.75862575e-01 6.86478615e-01 4.42213953e-01
    4.21408951e-01 1.55626595e-01 3.16230595e-01 1.54425532e-01
    9.32968259e-02 1.38541490e-01 7.19193935e-01 9.50345993e-01
    7.00555444e-01 8.08715343e-01 4.10693675e-01 3.40258121e-01
    4.65056151e-01 5.76092303e-01 1.77206755e-01 5.06213188e-01
    4.99707580e-01 1.51073009e-01 8.86144638e-02 7.89701223e-01
    5.38494349e-01 6.09135330e-02 5.86275160e-02 9.89594579e-01
    6.20061398e-01 3.10853422e-02 7.06891358e-01 8.66278946e-01
    4.93395388e-01 5.83885312e-01 3.46271664e-01 4.40145046e-01
    3.86679024e-01 2.80435175e-01 4.40719754e-01 1.53879106e-01
    7.79345632e-01 3.64924341e-01 8.23633969e-01 2.51007080e-02
    6.12196207e-01 1.96785212e-01 2.03730822e-01 5.30032158e-01
    4.95645404e-03 4.57201719e-01 1.64422601e-01 1.86222613e-01
    8.08583856e-01 5.16355455e-01 8.40209782e-01 5.18296123e-01
    2.16344357e-01 2.48344362e-01 8.50375175e-01 8.42722058e-01
    1.74870223e-01 4.17678654e-02 3.88359755e-01 2.21683562e-01
    4.97282654e-01 9.21707869e-01 1.55905545e-01 5.61670065e-01
    5.63068092e-01 1.07735008e-01 6.25906587e-01 5.33333302e-01
    9.18539762e-01 3.40956807e-01 3.80933106e-01 9.41042125e-01
    6.95338309e-01 1.22708619e-01 5.03969491e-02 8.75816464e-01
    8.13005805e-01 1.92122251e-01 6.47618651e-01 4.25245345e-01
    8.36791873e-01 8.37341428e-01 8.79664600e-01 1.67385757e-01
    9.05377507e-01 4.13937271e-02 3.02328229e-01 3.43155980e-01
    8.37709010e-02 3.13854337e-01 4.54834104e-01 6.13639891e-01
    8.83673310e-01 7.53641129e-02 8.03251445e-01 9.52709794e-01
    9.97655511e-01 9.17806566e-01 1.57282382e-01 8.96155477e-01
    4.34698462e-02 5.12636304e-02 7.95492053e-01 7.39116311e-01
    7.54209995e-01 4.27235335e-01 8.78828168e-02 3.41143906e-01
    8.26360285e-02 5.19671142e-01 8.83358121e-02 1.98908418e-01
    5.81966639e-02 7.34871745e-01 7.12183535e-01 1.40750825e-01
    8.05423737e-01 5.57820499e-01 1.41652733e-01 9.57837880e-01
    7.42520809e-01 6.12096846e-01 3.46313000e-01 6.94350243e-01
    1.84836984e-01 4.63798523e-01 6.29484475e-01 1.34463221e-01
    7.34616280e-01 8.54083478e-01 4.23303008e-01 1.52275234e-01
    3.57437313e-01 6.08304799e-01 5.88541508e-01 9.51960802e-01
    2.30021834e-01 1.86785728e-01 6.95487499e-01 8.46366882e-01
    7.94473112e-01 2.20056057e-01 1.90246314e-01 9.28312123e-01
    4.05583590e-01 9.94578779e-01 2.06602693e-01 6.48408353e-01
    1.95739359e-01 2.14348435e-01 2.93348730e-02 1.06395781e-01
    6.44740105e-01 7.77085066e-01 9.56316113e-01 8.19556236e-01
    8.07024896e-01 6.55219495e-01 8.82028699e-01 6.52364433e-01
    4.62898850e-01 2.18019277e-01 8.05996776e-01 5.59132159e-01
    9.68712211e-01 2.96247035e-01 2.50864506e-01 8.23251963e-01
    7.55002201e-02 7.56923795e-01 2.37824798e-01 3.36518526e-01
    1.67548358e-02 6.40544593e-01 3.28358948e-01 1.60707027e-01
    6.55596077e-01 2.29782999e-01 3.22337210e-01 7.29866326e-01
    6.66388392e-01 5.86216748e-01 8.52819085e-01 1.69469714e-02
    5.98646522e-01 1.78699493e-02 5.15739799e-01 4.41949844e-01
    9.66821551e-01 9.40439224e-01 2.56062657e-01 7.83710182e-02
    4.28541720e-01 7.69933581e-01 4.30592656e-01 6.65192306e-02
    9.17830706e-01 7.76617169e-01 9.17832255e-01 7.77802289e-01
    1.40227765e-01 1.94707245e-01 9.81983364e-01 7.76636064e-01
    5.01767039e-01 8.40458691e-01 8.34931076e-01 8.03629100e-01
    2.78124213e-02 4.69542146e-02 4.56062615e-01 3.18156391e-01
    7.70192862e-01 7.05977321e-01 6.53032124e-01 4.81156439e-01
    3.46128643e-01 8.49017262e-01 4.55447942e-01 7.60565519e-01
    5.65181077e-01 4.10797536e-01 7.67731786e-01 5.24545670e-01
    7.09128082e-01 8.85517001e-02 4.51413482e-01 5.06247640e-01
    6.23099506e-02 3.08845282e-01 5.39651632e-01 6.40403867e-01
    2.41431534e-01 9.56118524e-01 6.30305707e-02 7.14428484e-01
    7.67892957e-01 7.05536008e-01 5.66664875e-01 2.65744984e-01
    2.54680991e-01 8.17190230e-01 6.58149242e-01 9.33595479e-01
    2.00124353e-01 7.47291923e-01 2.65083909e-02 2.24651933e-01
    9.70562935e-01 7.71648765e-01 3.80419493e-02 2.45425403e-02
    8.50192726e-01 4.65301663e-01 4.10350025e-01 5.61942697e-01
    5.47659099e-02 9.21455503e-01 1.54715329e-01 7.15900362e-01
    9.11675572e-01 7.18425512e-01 3.39256167e-01 1.58590823e-01
    9.41706955e-01 3.87320757e-01 8.95334482e-02 7.43577003e-01
    5.28675914e-02 8.28201056e-01 5.00903070e-01 2.82440186e-01
    2.16127127e-01 7.43794918e-01 7.26886690e-01 2.09304988e-01
    6.00931764e-01 7.79810846e-02 7.19966888e-01 5.01713574e-01
    7.61916339e-02 2.98668593e-01 2.86574155e-01 2.15549350e-01
    3.46134067e-01 3.03198695e-01 2.34295547e-01 2.30759293e-01
    4.37539101e-01 3.16651255e-01 9.90030169e-01 2.51575619e-01
    2.73861289e-01 5.86582005e-01 1.61476284e-01 5.57594001e-01
    3.46457064e-01 2.85065740e-01 7.29335606e-01 1.97889209e-01
    1.59648061e-03 4.54131484e-01 4.84266996e-01 6.68686807e-01
    4.84081745e-01 7.45804667e-01 3.65579009e-01 8.74394178e-01
    9.80252385e-01 6.15447521e-01 4.77370799e-01 2.40706623e-01
    9.12284374e-01 4.46828157e-01 3.03261220e-01 1.94020152e-01
    7.52701104e-01 9.61960196e-01 3.33802640e-01 7.17137992e-01
    8.07095468e-01 3.26506376e-01 2.40383625e-01 4.79201615e-01
    1.59059614e-01 2.17260420e-01 6.61628544e-02 9.91693139e-02
    5.30194938e-02 8.00604939e-01 8.43913794e-01 5.27653337e-01
    4.98905957e-01 7.14405179e-02 2.16897130e-01 7.07797170e-01
    7.79339075e-01 3.62026215e-01 9.84271049e-01 4.76406157e-01
    2.99023151e-01 6.44326508e-01 3.48494202e-01 8.88570666e-01
    9.99733508e-01 1.80323124e-02 7.71128833e-02 7.82376647e-01
    3.93054783e-02 1.92984313e-01 3.42420220e-01 7.23732650e-01
    3.43715906e-01 8.29248190e-01 4.34444129e-01 9.17631984e-01
    2.20759779e-01 3.24597836e-01 2.37652600e-01 7.68901944e-01
    1.83922350e-01 1.26731694e-01 4.73301709e-01 9.35178399e-01
    6.03391826e-01 7.89300799e-01 8.51011574e-02 9.82871354e-02
    2.12385833e-01 9.84879494e-01 3.07418853e-01 2.74494290e-02
    7.48179555e-02 8.34872961e-01 6.12710118e-01 8.32721353e-01
    5.16875267e-01 8.94083261e-01 9.20999944e-01 2.53985643e-01
    4.38131094e-02 9.89860833e-01 6.90033555e-01 6.67849422e-01
    1.72963709e-01 7.67095745e-01 7.34587550e-01 9.69882607e-01
    8.93082261e-01 8.97451282e-01 2.09102184e-01 7.75626361e-01
    9.02208447e-01 9.07805085e-01 4.47949022e-01 5.10306239e-01
    2.17900932e-01 8.07681322e-01 6.50718808e-02 9.35704708e-01
    8.95157635e-01 3.41420770e-01 4.73053336e-01 5.86787283e-01
    7.69021988e-01 5.33332467e-01 6.22470140e-01 2.85725236e-01
    7.14322448e-01 6.12401068e-01 3.67260933e-01 2.60269642e-02
    7.69120812e-01 8.22083235e-01 7.80812502e-01 6.85563564e-01
    2.74135530e-01 3.28725278e-01 7.38265514e-01 1.66648805e-01
    2.29712576e-01 3.63494694e-01 4.24298465e-01 2.89808452e-01
    2.44113594e-01 1.90990061e-01 9.92371500e-01 4.48470503e-01
    5.24767220e-01 8.37374687e-01 4.95726377e-01 7.65734911e-01
    4.35506761e-01 6.73521996e-01 1.88614398e-01 7.98668742e-01
    9.56042767e-01 8.05297077e-01 9.12653565e-01 2.32183427e-01
    9.07495916e-01 9.58450794e-01 8.15679610e-01 3.45175862e-01
    9.34145212e-01 1.93838090e-01 2.36139923e-01 2.83992887e-01
    6.46794677e-01 4.68528569e-01 3.85883808e-01 6.44708574e-01
    2.77061820e-01 6.06335282e-01 4.73740488e-01 9.94806170e-01
    1.87801629e-01 3.13995242e-01 4.35605645e-01 6.99953437e-02
    4.53626782e-01 5.92150033e-01 2.06972986e-01 6.56100392e-01
    4.08341467e-01 7.11215734e-01 9.44794416e-01 5.48948228e-01
    9.93023336e-01 8.73554945e-02 9.96219754e-01 3.12651604e-01
    6.76776886e-01 9.75972652e-01 9.24988210e-01 6.21981323e-01
    5.13438404e-01 7.82033503e-01 3.09104621e-02 1.79008216e-01
    8.90862703e-01 3.34275544e-01 6.64809585e-01 9.74704742e-01
    9.50055838e-01 7.53424764e-01 2.89618582e-01 9.70402896e-01
    9.54080522e-01 3.87710631e-01 2.93275326e-01 7.25528061e-01
    1.69661045e-01 8.21876526e-01 1.14478320e-01 4.75681663e-01
    6.95407450e-01 2.89548934e-01 4.67944086e-01 6.31482005e-01
    3.93588126e-01 5.37068665e-01 1.52376771e-01 9.29706931e-01
    1.78997755e-01 7.61343658e-01 9.00399148e-01 1.80988997e-01
    2.93002605e-01 2.12864041e-01 5.88546395e-01 2.67782092e-01
    7.34065413e-01 6.16264343e-01 6.89640522e-01 7.50501394e-01
    9.47673321e-02 4.98482198e-01 6.18942380e-02 8.35388184e-01
    9.04183626e-01 9.15425658e-01 7.55473614e-01 1.60605848e-01
    7.30063677e-01 2.61018872e-02 6.92822337e-01 9.74589229e-01
    4.87531960e-01 8.66553843e-01 3.86864543e-01 8.18630219e-01
    9.16969776e-01 8.28611374e-01 7.90859342e-01 3.88778448e-02
    3.94651234e-01 9.38405693e-02 8.58950615e-02 8.82758856e-01
    7.48312235e-01 7.93266177e-01 3.69339585e-01 3.30422401e-01
    4.01595592e-01 8.75033975e-01 2.89406240e-01 7.23760247e-01
    1.73665583e-01 5.54158092e-01 1.06765807e-01 5.26894629e-01
    5.34206629e-02 8.71348500e-01 1.05566084e-02 4.50208873e-01
    9.11624789e-01 1.99188650e-01 7.29040265e-01 5.03214836e-01
    3.93480986e-01 7.36435413e-01 4.17788625e-02 2.82924712e-01
    7.95942247e-01 4.58517909e-01 6.66116953e-01 4.57524449e-01
    2.21056074e-01 1.46669567e-01 1.39583379e-01 4.21902031e-01
    8.70747328e-01 9.34677839e-01 2.13294357e-01 9.45589304e-01
    1.92510098e-01 7.29722559e-01 2.83692479e-01 5.26840210e-01
    6.12558126e-01 5.35029292e-01 5.61466336e-01 3.43055785e-01
    7.16769278e-01 9.19768214e-01 2.92461276e-01 1.53356761e-01
    6.89558148e-01 5.04557192e-01 1.17540210e-01 3.94156754e-01
    2.80916035e-01 7.29158282e-01 7.77063429e-01 3.73561680e-01
    4.77593839e-02 8.96137774e-01 6.11235976e-01 1.22768611e-01
    4.24834430e-01 1.56834424e-01 1.50648028e-01 6.34875834e-01
    7.99515486e-01 7.38465667e-01 4.75002646e-01 9.88638699e-02
    3.54899198e-01 7.01210201e-02 1.15989149e-01 9.59358215e-02
    5.67547917e-01 4.90608275e-01 6.48040771e-01 4.63706642e-01
    2.45527536e-01 1.34810030e-01 8.27328563e-02 2.80640244e-01
    3.31688464e-01 1.75857604e-01 5.78719676e-01 4.71223295e-02
    1.17831558e-01 1.52132720e-01 2.49053985e-01 1.65175796e-01
    8.15585971e-01 1.02661312e-01 8.43164444e-01 1.74525946e-01
    7.53445506e-01 4.62507635e-01 5.55188060e-01 1.54761493e-01
    6.17299080e-01 7.29785442e-01 7.40499318e-01 5.61688185e-01
    9.77048576e-02 4.88515258e-01 4.24243510e-01 9.98800874e-01
    7.77385473e-01 1.70122325e-01 9.67868984e-01 4.74184632e-01
    4.34362590e-01 9.13215578e-02 8.55861902e-02 3.05521131e-01
    1.46731883e-01 3.25849354e-02 3.49566489e-01 9.81908560e-01
    8.49462450e-01 2.54441500e-01 7.17788815e-01 9.63366151e-01
    5.96581161e-01 7.86277056e-01 8.62576723e-01 6.61158085e-01
    8.06425691e-01 6.01438403e-01 4.81596291e-01 6.19411945e-01
    1.20619714e-01 3.20273846e-01 4.59917068e-01 3.63365471e-01
    7.49116659e-01 5.46940506e-01 1.16868824e-01 2.31888801e-01
    2.25797683e-01 5.73821366e-01 7.39069641e-01 9.65388060e-01
    5.19052446e-02 8.21838498e-01 3.00197393e-01 7.23480582e-02
    9.96855259e-01 1.99855268e-02 4.49117303e-01 6.79765522e-01
    8.46290767e-01 5.25116384e-01 6.60753310e-01 4.45429921e-01
    4.22075689e-02 2.60840833e-01 1.24338597e-01 7.57596672e-01
    8.32093596e-01 2.78218210e-01 5.78546524e-02 9.64303434e-01
    8.98149014e-02 1.90241486e-01 5.35368860e-01 3.35475206e-01
    8.93514335e-01 2.01605856e-01 8.26081932e-02 5.71810544e-01
    9.16556656e-01 3.75340879e-01 7.67977059e-01 7.70958066e-02
    1.45493388e-01 4.04193789e-01 2.24814087e-01 6.68701530e-03
    1.83044046e-01 7.74337053e-01 4.15769696e-01 8.67992997e-01
    2.20369011e-01 2.20566213e-01 1.26695395e-01 6.58849359e-01
    1.50089949e-01 4.94230092e-01 3.17044437e-01 4.61344272e-01
    2.26858914e-01 4.00079489e-01 8.17821980e-01 7.40889788e-01
    8.58605981e-01 6.68173790e-01 2.85846174e-01 3.92048538e-01
    7.76935399e-01 9.77878034e-01 9.09268856e-05 7.15733051e-01
    4.31097895e-01 7.97180831e-02 6.82491302e-01 3.75671387e-01
    2.07041442e-01 1.23976678e-01 1.86838508e-01 4.53842729e-01
    6.27501130e-01 2.20973819e-01 1.91350818e-01 2.34928817e-01
    4.68818635e-01 6.82845294e-01 6.73894882e-01 8.69758010e-01
    9.49290097e-01 4.29729164e-01 3.45498919e-02 4.12238538e-01
    5.31192720e-01 7.78355837e-01 3.30265164e-02 8.87877405e-01
    7.12948382e-01 7.08130658e-01 5.46249509e-01 7.14550257e-01
    9.68286455e-01 4.68235433e-01 6.13022804e-01 8.66413236e-01
    1.03608608e-01 1.07794732e-01 8.86192799e-01 3.61564577e-01
    1.75446391e-01 8.97172630e-01 6.52478814e-01 7.51977563e-01
    2.79616207e-01 4.59122986e-01 3.00686359e-02 3.33279878e-01
    9.53184307e-01 6.30196273e-01 9.60441232e-01 4.62697238e-01
    4.79496777e-01 2.71503210e-01 9.69081342e-01 3.92039418e-02
    5.49360275e-01 5.67728937e-01 5.39851367e-01 9.15846050e-01
    5.80307484e-01 6.83780551e-01 7.69167066e-01 5.03845215e-01
    7.28997588e-02 4.51197624e-01 6.98168516e-01 3.12248468e-01
    4.38349873e-01 9.25413966e-01 5.01985908e-01 5.23945510e-01
    4.97386485e-01 6.34183705e-01 3.72849196e-01 4.66071337e-01
    1.49926513e-01 7.37866163e-01 4.67289507e-01 5.05758822e-01
    9.23619628e-01 6.95063591e-01 1.71744585e-01 5.57392240e-01
    3.32063794e-01 9.16196465e-01 7.44244814e-01 6.86091423e-01
    7.88664579e-01 4.66139436e-01 4.11540866e-01 9.77849424e-01
    2.18669087e-01 5.73563159e-01 7.15102851e-01 5.75371861e-01
    6.76349640e-01 7.32118070e-01 9.99141395e-01 1.88198686e-01
    7.69631863e-01 9.13373172e-01 6.54821575e-01 6.41959429e-01
    5.87779582e-01 7.60133266e-01 9.68103170e-01 5.24850368e-01
    3.87473524e-01 6.02328002e-01 4.55648690e-01 7.58368492e-01
    4.52646643e-01 8.54925513e-01 9.69706059e-01 7.18986988e-01
    8.01356435e-01 3.18735301e-01 9.13987160e-02 4.98089135e-01
    7.10867286e-01 1.11904263e-01 8.18779826e-01 5.31809628e-01
    9.46554780e-01 5.08781850e-01 9.02905643e-01 3.39908123e-01
    3.99777293e-03 9.43969846e-01 8.94395947e-01 1.49014384e-01
    6.91029251e-01 1.53323650e-01 2.29337543e-01 9.33597803e-01
    6.23256564e-01 9.04232383e-01 6.81217551e-01 6.20170474e-01
    3.04712504e-01 7.45669246e-01 7.22671151e-01 5.01972377e-01
    8.49137664e-01 7.10709691e-01 5.46653867e-02 1.46163344e-01
    9.48122621e-01 1.47128105e-02 4.41572160e-01 1.66034132e-01
    3.15070152e-04 2.57593215e-01 8.06315362e-01 2.27080762e-01
    3.81521374e-01 2.66335845e-01 1.00652546e-01 6.21497214e-01
    5.45399606e-01 6.35648012e-01 2.97657967e-01 2.00359136e-01
    9.31098819e-01 2.28161216e-02 4.46687579e-01 8.87707114e-01
    5.55948138e-01 2.70546943e-01 5.31041682e-01 7.57064581e-01
    1.02549136e-01 9.15668011e-01 6.79341733e-01 4.35730696e-01
    9.93016839e-01 8.10267627e-01 1.28994465e-01 9.08009946e-01
    8.41556966e-01 7.79675126e-01 3.02857161e-02 6.04443967e-01
    9.05883074e-01 4.67507184e-01 7.68606663e-01 7.39527583e-01
    4.14384842e-01 9.49503183e-01 2.39136845e-01 6.84653640e-01
    4.17773604e-01 8.96594286e-01 6.83983684e-01 7.34575033e-01
    5.02575219e-01 8.33145261e-01 1.78761780e-02 8.00220907e-01
    4.87698615e-01 9.70668435e-01 9.24126267e-01 5.48515856e-01
    2.11953551e-01 6.01332188e-02 8.27216625e-01 6.43039703e-01
    9.26072955e-01 4.96199548e-01 1.00377619e-01 6.14411771e-01
    2.67192721e-01 1.08131319e-01 4.21481043e-01 1.26167238e-01
    3.09931636e-01 7.82799184e-01 9.02076006e-01 1.88764244e-01
    8.32964957e-01 6.92678690e-02 1.21833205e-01 4.75471318e-01
    1.16593599e-01 6.03722453e-01 1.57424480e-01 7.61358678e-01
    8.52639377e-01 5.97246528e-01 2.69192159e-02 8.47793579e-01
    5.76358676e-01 3.43820453e-02 4.80539769e-01 1.46364242e-01
    7.61557043e-01 1.42450958e-01 1.71959937e-01 7.71006584e-01
    5.93993247e-01 8.53182673e-02 8.25283825e-02 4.01855171e-01
    4.38799202e-01 9.78024364e-01 3.27735543e-01 2.98881829e-02
    5.20602703e-01 7.64353096e-01 6.26039863e-01 1.79500669e-01
    6.94340110e-01 9.25557137e-01 7.42954254e-01 9.48121130e-01
    7.63361454e-01 6.64401233e-01 4.75803882e-01 3.37004453e-01
    3.31538618e-01 8.12195599e-01 3.98655444e-01 6.08917117e-01
    7.58853555e-01 6.69050395e-01 2.04551369e-01 6.49169087e-03
    9.44953203e-01 7.63082862e-01 2.93148398e-01 7.52188444e-01
    6.19084239e-01 7.18470693e-01 4.33922589e-01 6.59095824e-01
    5.65757990e-01 9.48511660e-02 4.55254942e-01 5.87853014e-01
    5.37552595e-01 7.10051656e-01 4.66234684e-01 7.03880906e-01
    2.92913020e-01 5.40042281e-01 4.84460950e-01 1.55727893e-01
    7.28439093e-01 9.08073246e-01 1.67343289e-01 5.75620890e-01
    8.52041602e-01 8.19527268e-01 8.86037588e-01 6.57148123e-01
    1.35830104e-01 2.34873861e-01 6.68290734e-01 7.84773946e-01
    7.10282445e-01 8.60364497e-01 1.02302432e-03 7.07468987e-01
    9.19940889e-01 6.89217091e-01 6.06395841e-01 1.70186371e-01
    5.19147217e-01 4.80648667e-01 5.97046256e-01 5.58754027e-01
    7.75815904e-01 5.92777967e-01 3.37168872e-02 8.34034383e-01
    2.32595503e-02 5.31507313e-01 8.67159247e-01 6.22355521e-01
    7.69256473e-01 7.00983465e-01 9.88535285e-01 7.48276412e-01
    8.15380931e-01 7.82550097e-01 5.59548974e-01 5.39687991e-01
    5.88098586e-01 3.85824561e-01 7.92735279e-01 3.27850342e-01
    6.76141560e-01 1.63139105e-02 6.75539255e-01 8.66485536e-02
    8.18902612e-01 5.45269728e-01 4.18988764e-01 4.72564816e-01
    9.28977966e-01 9.63853598e-02 4.89744037e-01 3.76717985e-01
    7.97933638e-02 2.02080786e-01 2.11234987e-01 6.32339060e-01
    6.69108748e-01 7.27388859e-01 4.49647099e-01 2.32103378e-01
    1.08073443e-01 5.25448620e-02 1.90123826e-01 6.35508060e-01
    6.08298838e-01 3.99187177e-01 9.31036711e-01 2.43534625e-01
    2.78002232e-01 7.13147461e-01 2.37914920e-02 7.32854903e-02
    2.07802325e-01 6.60890579e-01 7.03069329e-01 9.38653946e-04
    5.26352882e-01 5.61444819e-01 1.65235877e-01 7.93835402e-01
    6.71606183e-01 9.24417496e-01 6.92313313e-01 9.70186591e-01
    9.94798779e-01 1.75506353e-01 9.95502949e-01 3.71706158e-01
    8.60074043e-01 6.39457703e-01 5.56110263e-01 6.96352124e-01
    6.88265681e-01 2.36232311e-01 6.59528673e-02 5.91955662e-01
    1.48981899e-01 8.77668023e-01 5.08606374e-01 2.49810278e-01
    5.47292054e-01 4.32067990e-01 5.68742394e-01 7.28567123e-01
    7.68368065e-01 3.75092685e-01 2.62750536e-01 3.44194084e-01
    5.18518329e-01 6.53245807e-01 7.79477596e-01 2.89494097e-01
    5.23883104e-02 1.52070254e-01 4.19408083e-04 7.08831787e-01
    1.57966286e-01 6.52992964e-01 8.18368196e-01 3.69829327e-01
    8.60198677e-01 1.48928165e-02 9.40276146e-01 6.23685122e-03
    9.02234197e-01 9.48034763e-01 3.18583101e-01 6.39239907e-01
    5.21394014e-01 7.69426644e-01 6.99625850e-01 6.20825410e-01
    7.03771412e-01 7.71524906e-01 3.15439820e-01 1.99877918e-01
    6.37770534e-01 4.80276167e-01 5.16820848e-01 8.49699259e-01
    2.93702662e-01 5.59028029e-01 2.78549194e-02 6.54929161e-01
    9.52483416e-01 5.96902549e-01 7.06280470e-01 1.96188092e-01
    3.94738615e-01 3.55062962e-01 2.86951184e-01 8.00948620e-01
    9.21035409e-02 7.73961186e-01 1.16370231e-01 5.68267822e-01
    4.42591727e-01 4.75639462e-01 1.33227766e-01 6.56321883e-01
    3.48706663e-01 4.56486195e-01 8.20451021e-01 3.95026892e-01
    8.96852255e-01 3.81725132e-01 9.88672435e-01 1.48098290e-01
    3.68669420e-01 1.82314068e-01 5.86873651e-01 1.47555441e-01
    4.91514146e-01 5.22739351e-01 7.35999048e-02 3.83210212e-01
    7.55278468e-01 3.15619767e-01 3.59591842e-02 4.92375731e-01
    3.61943841e-01 5.47552884e-01 2.42502362e-01 4.27081972e-01
    7.77306199e-01 3.61009449e-01 3.12876105e-02 6.73521936e-01
    7.31395721e-01 5.44359565e-01 7.37405777e-01 9.21053290e-01
    1.34460032e-01 1.93781167e-01 6.33199573e-01 5.38704693e-02
    1.05038881e-02 5.30430496e-01 1.05992317e-01 5.15268624e-01
    2.67372549e-01 9.73604321e-01 7.99915552e-01 5.43905795e-01
    3.93566936e-01 3.98964077e-01 7.55722404e-01 7.05999732e-01
    2.82889605e-01 1.76096648e-01 1.58774734e-01 5.26349127e-01
    9.63306546e-01 3.79342288e-01 4.56530124e-01 3.35686803e-01
    1.78086460e-01 6.43832803e-01 7.44579792e-01 8.45429182e-01
    1.27742618e-01 1.03329599e-01 9.89253044e-01 3.09577107e-01
    4.39446986e-01 7.05895543e-01 7.97314048e-01 4.35742825e-01
    7.66236722e-01 7.49566793e-01 6.65280282e-01 5.01190186e-01
    7.14440465e-01 4.15623993e-01 1.45894140e-01 1.99357271e-02
    5.98562479e-01 6.60178363e-01 8.81976783e-02 2.37438589e-01
    8.78090978e-01 3.56961906e-01 8.39557648e-01 4.09310848e-01
    7.84205317e-01 1.85969055e-01 9.17042851e-01 3.84453326e-01
    1.67444199e-01 6.87024474e-01 2.94030041e-01 5.53252876e-01
    8.51538956e-01 1.42840266e-01 4.91721302e-01 2.51591444e-01
    6.52227938e-01 7.84428716e-02 6.63222432e-01 6.82609260e-01
    6.52244806e-01 6.31850600e-01 3.01298499e-03 5.41418552e-01
    6.46274447e-01 8.34661365e-01 5.33960640e-01 2.85708487e-01
    6.57153606e-01 7.87579417e-01 3.61702859e-01 7.95218110e-01
    9.26598907e-01 2.97343582e-01 3.38023424e-01 5.75041950e-01
    7.58639395e-01 4.46467400e-01 9.47834730e-01 7.67612576e-01
    5.86447001e-01 9.92048979e-01 1.32328331e-01 2.83346176e-01
    3.03453386e-01 6.47010505e-01 7.31871486e-01 2.34601617e-01
    9.16255236e-01 5.94401360e-02 9.05401587e-01 6.37348294e-01
    7.33838856e-01 5.58956623e-01 8.81807387e-01 1.43882990e-01
    2.42814511e-01 5.91430128e-01 7.02308536e-01 6.53204083e-01
    1.49701148e-01 8.16471159e-01 9.06282067e-01 1.73043370e-01
    5.58951795e-01 6.45385623e-01 2.00343341e-01 9.87426639e-01
    1.72484308e-01 1.05059892e-01 7.30258882e-01 8.18604469e-01
    4.96599406e-01 9.01329398e-01 9.61858153e-01 1.51926279e-03
    3.02268267e-01 6.06901526e-01 8.38881850e-01 7.60817170e-01
    9.91392136e-01 4.51760828e-01 9.96859908e-01 6.44537330e-01
    3.51057589e-01 1.49026692e-01 6.88914299e-01 2.66525686e-01
    8.69140029e-01 8.96768510e-01 8.37375641e-01 3.34952831e-01
    7.84111381e-01 3.73628676e-01 5.12654185e-01 4.35929149e-01
    2.30108410e-01 4.22774851e-01 7.90800214e-01 1.69279575e-01
    8.82281303e-01 8.70107889e-01 9.84190226e-01 7.93476343e-01
    1.08762801e-01 8.48862767e-01 4.04250771e-01 2.82116920e-01
    4.19232309e-01 3.24281216e-01 9.46402848e-02 9.51790333e-01
    7.20669627e-01 5.20096242e-01 6.23663187e-01 9.37544942e-01
    2.48448253e-02 4.79989320e-01 1.42527640e-01 4.41372216e-01
    3.28979194e-02 8.98474336e-01 9.28820372e-01 8.34611058e-02
    6.52811408e-01 8.14605236e-01 2.43157834e-01 4.15495545e-01
    4.34627563e-01 4.58791047e-01 6.92956209e-01 1.21253073e-01
    3.22165877e-01 2.76488423e-01 9.01875794e-02 2.79630065e-01
    5.24177253e-02 8.22083950e-01 4.20466244e-01 1.58914536e-01
    8.24262381e-01 4.19343084e-01 4.48465586e-01 5.72632611e-01
    9.04581785e-01 6.14877343e-02 3.51341188e-01 4.47135776e-01
    3.75990212e-01 2.95310378e-01 9.89343286e-01 6.73158646e-01
    2.07345545e-01 5.42246461e-01 5.91538906e-01 1.75231814e-01
    7.54152536e-02 4.69808310e-01 5.50376534e-01 3.44467223e-01
    3.26728255e-01 5.61817169e-01 8.81011248e-01 5.58376312e-03
    8.66096854e-01 5.32235503e-01 7.65860856e-01 2.64524043e-01
    8.40828598e-01 3.63091469e-01 5.42681694e-01 3.89970005e-01
    4.24481928e-01 1.42075539e-01 6.39659405e-01 5.43080747e-01
    3.73411179e-01 8.30970168e-01 7.70044804e-01 6.96280360e-01
    6.85154855e-01 6.14145398e-02 5.33234715e-01 3.19056213e-01
    9.33862984e-01 7.29379654e-01 1.08601332e-01 6.01562500e-01
    5.29087484e-01 4.93308276e-01 1.98546678e-01 6.15234613e-01
    6.07508957e-01 4.52294618e-01 1.99256539e-02 8.09518337e-01
    6.36193395e-01 5.03948033e-01 9.09102142e-01 3.16552401e-01
    1.88820750e-01 5.99000812e-01 2.55292684e-01 4.58864540e-01
    1.49753898e-01 5.99040985e-02 7.31148243e-01 8.04659367e-01
    1.75360233e-01 6.85747981e-01 7.79454708e-01 8.73304486e-01
    3.23325098e-02 7.18982100e-01 2.24032789e-01 2.21521467e-01
    9.76894319e-01 6.54688537e-01 5.64080000e-01 9.96755481e-01
    9.46215272e-01 6.01092696e-01 9.34311509e-01 4.85489368e-02
    8.55901778e-01 5.88785827e-01 3.66410673e-01 4.64042664e-01
    2.06812739e-01 4.50908899e-01 5.52704751e-01 3.31226200e-01
    2.91449964e-01 1.49346888e-02 5.13604045e-01 1.06541932e-01
    3.62184644e-01 6.19265556e-01 7.03994870e-01 5.57173550e-01
    4.80430543e-01 7.35526919e-01 4.03078407e-01 5.18769026e-04
    1.63959146e-01 9.76815224e-01 5.13607442e-01 3.64088863e-01
    8.26566756e-01 9.97348905e-01 4.48648244e-01 7.95418978e-01
    7.49181807e-02 8.97054017e-01 5.48567057e-01 2.10809946e-01
    5.98811269e-01 1.66036546e-01 8.77297938e-01 8.26727450e-02
    8.98026645e-01 1.87907666e-01 2.86089987e-01 1.77731603e-01
    1.16846204e-01 8.14924061e-01 8.30185413e-03 5.08972764e-01
    3.12031090e-01 2.10624754e-01 9.09394503e-01 1.69741631e-01
    3.07847321e-01 6.60102963e-01 1.12987161e-02 2.33356267e-01
    8.54195714e-01 4.17632699e-01 6.94582880e-01 4.09242779e-01
    1.80241674e-01 9.21694934e-01 2.93428898e-02 5.80382288e-01
    6.62543237e-01 4.98779595e-01 2.19151735e-01 4.51604456e-01
    8.99974346e-01 6.56281114e-01 6.68535948e-01 5.38090527e-01
    8.12112331e-01 3.03141803e-01 8.64701331e-01 8.56353760e-01
    6.08652830e-02 6.86375380e-01 3.18355203e-01 2.13674277e-01
    7.92628884e-01 3.67745370e-01 2.78384387e-01 1.42193407e-01
    7.49054849e-02 9.97930467e-02 4.87727135e-01 1.95722580e-01
    2.66218930e-01 3.93417418e-01 5.28104007e-01 7.82581091e-01
    5.78640878e-01 3.33993524e-01 9.98838544e-01 5.37402630e-02
    5.62870085e-01 7.08213449e-02 1.28252923e-01 6.77674413e-01
    2.07590163e-02 1.57834113e-01 6.18248761e-01 5.83767712e-01
    1.81669086e-01 8.87414038e-01 7.04873204e-01 7.37966180e-01
    2.73916721e-01 7.85103798e-01 3.89365911e-01 6.69758916e-01
    4.89879161e-01 8.29895258e-01 5.15128255e-01 7.07576573e-01
    3.75724286e-01 4.04733658e-01 9.84355211e-02 1.78500235e-01
    2.87441283e-01 7.72210896e-01 2.32543766e-01 6.05895758e-01
    8.65430832e-01 9.54520822e-01 4.08375025e-01 2.83735305e-01
    2.71473944e-01 4.48807687e-01 6.48125231e-01 3.99872303e-01
    2.17690259e-01 3.28191340e-01 8.49554420e-01 9.43521619e-01
    9.65260088e-01 8.87905002e-01 4.07461166e-01 6.64579034e-01
    1.00356668e-01 1.70509279e-01 4.27668661e-01 2.46568680e-01
    3.53592873e-01 6.71296060e-01 4.51798022e-01 6.46198034e-01
    1.33567154e-02 2.19980508e-01 4.83994186e-02 1.38588250e-02
    1.59688473e-01 8.19377065e-01 8.54456425e-01 3.41136396e-01
    3.24274123e-01 1.27287954e-01 7.47479081e-01 6.19171679e-01
    1.02871060e-02 6.90764785e-01 5.80598474e-01 1.51161194e-01
    6.79632127e-01 5.37906647e-01 4.18465137e-01 9.50965524e-01
    8.01636696e-01 2.05531090e-01 9.57326114e-01 2.03070939e-02
    9.38085437e-01 2.04114437e-01 2.90023506e-01 5.72347701e-01
    4.09843445e-01 3.30369592e-01 8.81176054e-01 5.34014642e-01
    1.15155876e-01 9.37506080e-01 9.10266161e-01 3.39503467e-01
    9.01224613e-01 7.01017916e-01 2.30174035e-01 2.10264027e-02
    2.38836855e-01 5.88499010e-01 9.59824264e-01 7.68757224e-01
    8.75720918e-01 5.96179962e-01 7.09230602e-02 6.97761059e-01
    6.16097569e-01 3.43604088e-01 8.51223469e-01 6.34992480e-01
    8.29146862e-01 6.40382707e-01 2.26049423e-01 9.41499054e-01
    1.70008034e-01 4.65621352e-01 2.32905507e-01 6.60404563e-01
    1.16229057e-04 4.25333321e-01 5.51360846e-01 8.29130292e-01
    5.44741988e-01 2.54999697e-01 1.51955843e-01 5.55769086e-01
    8.35329890e-02 5.99818468e-01 4.95291233e-01 8.05136621e-01
    1.23262048e-01 4.71820831e-02 7.80349553e-01 8.19310546e-01
    8.83578420e-01 2.07495809e-01 4.42938447e-01 4.12262410e-01
    1.54236495e-01 5.73491812e-01 3.56318384e-01 7.92640686e-01
    1.38844639e-01 2.93594122e-01 1.32470697e-01 9.78885710e-01
    6.87528312e-01 8.46086800e-01 1.37601495e-01 3.54141712e-01
    8.55267048e-02 8.15355301e-01 1.55595183e-01 4.82975096e-01
    1.50544405e-01 7.62451530e-01 4.07137990e-01 3.01337838e-02
    1.57359481e-01 8.90432000e-01 2.67203927e-01 8.02391827e-01
    5.94548583e-02 7.99995542e-01 3.94874483e-01 7.51785576e-01
    4.30979967e-01 9.25425351e-01 7.56437063e-01 4.73740697e-03
    7.26496339e-01 5.67650378e-01 1.26683354e-01 3.71560365e-01
    1.24239922e-02 6.99019492e-01 6.07749820e-01 5.60120225e-01
    3.53607833e-01 3.33507121e-01 2.90474296e-01 6.35005534e-01
    3.29837441e-01 4.80378240e-01 4.24081951e-01 6.74617052e-01
    5.10420263e-01 8.34795594e-01 4.07623231e-01 9.43165064e-01
    4.52649176e-01 1.02427185e-01 8.69296312e-01 3.87162358e-01
    7.07625806e-01 4.70507681e-01 2.25000709e-01 1.10162258e-01
    1.77328408e-01 2.64714777e-01 5.15161872e-01 2.97243893e-01
    4.87297058e-01 6.67736828e-02 5.12558162e-01 5.81212461e-01
    8.03376913e-01 2.86296487e-01 8.13279688e-01 9.67358947e-02
    8.75466228e-01 4.40625131e-01 1.10913366e-01 3.09194744e-01
    8.99687886e-01 1.61983907e-01 4.96060610e-01 4.01693583e-02
    2.43469447e-01 5.98184526e-01 3.89225483e-01 5.86109579e-01
    6.94483876e-01 1.81641191e-01 4.79714632e-01 5.50074279e-02
    5.01101732e-01 4.93178368e-01 3.65638494e-01 6.20046675e-01
    5.49503863e-02 6.18665874e-01 1.03089452e-01 8.65568876e-01
    4.36185718e-01 9.02052402e-01 4.43029702e-01 1.37370646e-01
    8.97072315e-01 2.90742159e-01 2.23053753e-01 1.31404698e-02
    5.27780116e-01 5.64372480e-01 9.64778841e-01 1.74708307e-01
    2.98975468e-01 4.81107175e-01 3.88239920e-01 2.92175829e-01
    7.97843933e-01 5.15913904e-01 1.75858110e-01 3.17586005e-01
    5.87840319e-01 2.42492557e-02 9.81872201e-01 5.27253628e-01
    9.85810935e-01 6.02447152e-01 1.48940265e-01 7.82355428e-01
    4.50789243e-01 9.82615471e-01 4.83288676e-01 6.63480639e-01
    6.69625878e-01 2.18532652e-01 5.96418619e-01 8.45256448e-01
    1.80610389e-01 5.44968724e-01 3.92275393e-01 2.01400459e-01
    3.50502580e-01 2.05564559e-01 6.40222669e-01 7.42786825e-01
    6.35605574e-01 3.47081482e-01 7.25917995e-01 6.87461615e-01
    9.23163176e-01 7.41380215e-01 7.07992792e-01 5.60705662e-01
    6.38772368e-01 5.11211395e-01 9.87539291e-01 5.71794748e-01
    7.23190308e-01 8.53490949e-01 9.06014085e-01 3.49084437e-02
    3.12827021e-01 7.19205141e-01 4.92065400e-01 5.09396493e-02
    7.99004018e-01 2.96308279e-01 3.48316491e-01 1.04237348e-01
    9.22618389e-01 9.77581978e-01 1.34745657e-01 7.64272511e-02
    3.01285684e-01 2.12498367e-01 4.16976601e-01 6.19214952e-01
    5.72797537e-01 9.51507270e-01 3.40648919e-01 9.55875516e-01
    7.63309062e-01 9.37642813e-01 8.96741450e-02 3.24129462e-01
    2.81302035e-01 9.96259332e-01 2.80494213e-01 9.49445128e-01
    5.73327601e-01 6.15709662e-01 7.17635036e-01 3.42135310e-01
    1.95564657e-01 1.87862188e-01 7.13261962e-01 7.13815093e-02
    8.40935588e-01 9.59154963e-01 1.74195200e-01 3.91158760e-01
    4.23066258e-01 2.76341319e-01 4.32754487e-01 6.71567678e-01
    5.91180205e-01 2.13282615e-01 2.27991730e-01 6.23373628e-01
    6.99847877e-01 7.47128665e-01 8.04953456e-01 5.14495373e-02
    2.68047124e-01 9.44449544e-01 8.18538070e-02 9.03863668e-01
    8.65565658e-01 3.54178250e-01 2.73133695e-01 2.34156847e-01
    4.21196163e-01 2.13736296e-03 6.83072686e-01 9.88377213e-01
    6.28963709e-01 3.77128959e-01 5.70834279e-01 1.92553878e-01
    4.73758250e-01 9.85490978e-01 7.72510350e-01 1.48681879e-01
    7.62104988e-01 4.66665089e-01 7.09150791e-01 8.23490083e-01
    1.55322194e-01 5.80581844e-01 3.71790081e-01 7.82682359e-01
    1.40852183e-01 5.92254102e-01 8.56544018e-01 6.31570399e-01
    4.26165998e-01 9.01574373e-01 5.80251336e-01 7.01279402e-01
    3.94404829e-02 5.45247138e-01 9.10361469e-01 1.50005758e-01
    9.95443106e-01 2.99353361e-01 6.65842950e-01 9.40015733e-01
    9.40889955e-01 5.25970817e-01 8.15006793e-02 5.31485081e-01
    9.90275502e-01 3.57010722e-01 2.54290998e-01 4.32722270e-01
    9.42835510e-01 2.60489821e-01 8.21096659e-01 6.60310447e-01
    3.59323591e-01 5.08225679e-01 2.96247303e-01 7.38184035e-01
    6.90784097e-01 6.26918077e-01 6.48834705e-01 9.95530128e-01
    6.20105505e-01 5.08114159e-01 9.14175510e-01 1.73287392e-02
    3.25022995e-01 8.12929392e-01 8.94663095e-01 5.92778027e-02
    4.70436811e-01 6.17273033e-01 5.30370951e-01 1.55328810e-01
    7.51543283e-01 6.84500933e-01 7.95673311e-01 1.98080570e-01
    7.29791820e-01 9.82489884e-02 7.93666363e-01 1.92326844e-01
    6.23759687e-01 4.34247285e-01 4.56539571e-01 1.48455888e-01
    7.83940315e-01 1.74292326e-02 7.81835794e-01 9.38749790e-01
    9.59514260e-01 4.38107014e-01 8.23239386e-02 3.37127566e-01
    7.69704759e-01 2.80761719e-02 8.86559188e-02 7.88834631e-01
    1.86640203e-01 8.02704871e-01 8.86469960e-01 2.50448704e-01
    3.76570314e-01 4.67006475e-01 6.75767303e-01 1.35509908e-01
    8.74325335e-02 2.23707914e-01 1.90310717e-01 3.78838778e-01
    2.45687872e-01 5.06412685e-02 9.56775069e-01 5.46876907e-01
    4.23896432e-01 6.74968481e-01 9.61154819e-01 1.36932105e-01
    2.22009510e-01 9.95296538e-02 1.59867376e-01 6.64800406e-01
    8.23823810e-01 3.89951319e-01 5.58813751e-01 8.87815833e-01
    4.18603957e-01 5.38953424e-01 8.17072630e-01 9.52969551e-01
    8.23892236e-01 5.86784303e-01 9.44306850e-01 8.62377584e-02
    6.99612796e-02 8.81813526e-01 8.72182846e-01 2.16813684e-01
    7.78108299e-01 2.70600021e-02 8.05542827e-01 3.09701979e-01
    4.47946072e-01 4.30271566e-01 1.47256345e-01 1.02200001e-01
    3.11347842e-01 3.99311900e-01 7.87420511e-01 6.99344218e-01
    3.92556787e-02 1.18053764e-01 5.17424941e-03 1.09073490e-01
    7.56269455e-01 1.53243393e-01 5.87683678e-01 7.39748001e-01
    6.98405385e-01 1.77848667e-01 9.33292389e-01 3.30004930e-01
    6.63389564e-01 8.97473097e-02 5.67314744e-01 2.05436349e-03
    3.37678939e-01 2.24174529e-01 3.22596252e-01 6.60857558e-01
    7.02469110e-01 3.77970695e-01 2.89830953e-01 2.46772200e-01
    9.39631343e-01 7.03807235e-01 9.84780908e-01 8.51668358e-01
    5.61916888e-01 2.36147553e-01 9.41352427e-01 4.94874895e-01
    6.76872730e-01 2.10614920e-01 2.89240539e-01 6.16524518e-01
    2.67278731e-01 5.85843027e-01 3.75666261e-01 2.72199124e-01
    1.73186034e-01 7.67586052e-01 1.39578462e-01 1.43031657e-01
    9.51715708e-01 8.87976944e-01 1.33725554e-01 5.65654039e-01
    1.23051792e-01 9.93421555e-01 8.97527337e-01 5.20881414e-01
    5.88236272e-01 8.22255373e-01 6.89215660e-01 2.06423670e-01
    8.52473378e-01 7.51830876e-01 6.91102266e-01 9.32837605e-01
    8.40747178e-01 5.39923012e-02 6.18477285e-01 5.89199066e-01
    2.05365568e-01 2.73461848e-01 7.01615334e-01 7.87953138e-01
    7.43275285e-02 3.57547104e-02 3.05131614e-01 5.76664329e-01
    7.08273232e-01 1.41416967e-01 8.82651925e-01 1.76220000e-01
    6.73659563e-01 4.06770140e-01 5.16871274e-01 4.35252994e-01
    8.58371377e-01 7.67695069e-01 7.93960929e-01 1.12234533e-01
    5.75646758e-01 6.81112587e-01 5.45390248e-02 3.16733301e-01
    3.84295285e-01 2.73393273e-01 3.37388009e-01 2.90850222e-01
    8.89614224e-01 9.21402216e-01 6.16877079e-02 5.96453369e-01
    8.31537783e-01 9.92330074e-01 4.11467403e-01 5.26964307e-01
    8.89948845e-01 8.76878023e-01 4.10347670e-01 9.68679667e-01
    5.36365330e-01 4.59316075e-01 9.71371472e-01 9.36833918e-02
    1.43505931e-02 9.17628288e-01 8.31283927e-01 5.10630131e-01
    7.09616542e-01 4.98579711e-01 4.13409770e-02 5.37195504e-01
    5.93033493e-01 1.42708421e-02 1.62314177e-02 4.39954847e-01
    4.42375332e-01 6.31358624e-01 8.56128693e-01 6.91865027e-01
    3.63519430e-01 9.60291624e-01 1.15317822e-01 8.51305008e-01
    9.87802625e-01 5.43109953e-01 3.41608584e-01 2.15787321e-01
    5.39705873e-01 9.89143074e-01 7.22550631e-01 4.76511359e-01
    8.84293437e-01 3.27951908e-01 3.52682233e-01 1.11415535e-01
    4.16886091e-01 4.11920935e-01 2.47488618e-02 4.47418302e-01
    5.23795187e-01 4.68603522e-01 5.51487803e-02 5.65708816e-01
    5.27316630e-02 6.27196848e-01 2.13046074e-02 7.42639720e-01
    9.75988507e-01 1.88227415e-01 3.15404236e-02 9.05468643e-01
    8.29430461e-01 4.03444707e-01 6.28102720e-01 1.57509267e-01
    8.51651073e-01 1.36621743e-01 8.96660745e-01 4.57929045e-01
    8.23735178e-01 5.47853708e-01 1.08307749e-01 7.56424427e-01
    1.11784428e-01 7.49009311e-01 7.25152671e-01 1.34951621e-01
    9.13791835e-01 6.38939142e-02 6.52606249e-01 2.64788449e-01
    2.30436027e-01 1.27332747e-01 9.73877132e-01 3.16108048e-01
    1.45299703e-01 7.41470456e-01 2.53566593e-01 7.80845523e-01
    4.15475965e-02 7.09596872e-02 2.53278404e-01 8.40165019e-01
    4.89545971e-01 8.22814465e-01 4.62543011e-01 7.27417707e-01
    6.71523929e-01 8.00428748e-01 3.22051942e-02 2.49965757e-01
    9.04309809e-01 1.46407783e-02 2.88947821e-01 6.17521644e-01
    2.66773582e-01 5.26394486e-01 6.77778721e-01 6.85919583e-01
    3.62282813e-01 4.40719187e-01 7.59869814e-01 2.32520312e-01
    2.53558248e-01 1.99321300e-01 4.70868200e-01 2.77875096e-01
    3.97859752e-01 5.67150354e-01 5.28806448e-01 3.67251933e-01
    1.64273292e-01 2.11950034e-01 5.03460526e-01 4.57818955e-01
    6.61827743e-01 8.28421712e-01 4.24850345e-01 4.11570668e-02
    8.62316191e-02 4.47919697e-01 3.45543057e-01 8.87350559e-01
    5.86451292e-01 2.39882141e-01 7.48486340e-01 5.48434019e-01
    7.77186036e-01 7.02086806e-01 5.29545426e-01 9.76860523e-04
    6.46904469e-01 8.00577283e-01 8.33937943e-01 2.92140365e-01
    3.89614820e-01 7.64767766e-01 9.96587694e-01 4.99578625e-01
    3.57212424e-01 7.01270759e-01 3.17451119e-01 5.88278115e-01
    8.05729628e-01 6.04958594e-01 3.87605995e-01 4.65236604e-01
    5.50204992e-01 4.34120387e-01 9.62362051e-01 1.07009649e-01
    7.23239660e-01 3.89409989e-01 5.30608296e-01 9.31631148e-01
    8.24148417e-01 7.84037709e-02 6.13726258e-01 8.42660785e-01
    4.94323909e-01 4.77264464e-01 2.14294583e-01 1.66620761e-01
    2.22804546e-01 5.06335974e-01 8.51081550e-01 8.85985374e-01
    5.11915684e-01 7.14898884e-01 2.70289481e-02 7.71007299e-01
    3.43735814e-02 2.98076957e-01 5.50078928e-01 3.44589174e-01
    8.36019933e-01 8.73125672e-01 4.53315228e-01 5.93375325e-01
    6.12297475e-01 6.98562205e-01 5.34542084e-01 5.71126342e-01
    4.91074443e-01 1.39000595e-01 1.91996992e-01 5.32392383e-01
    7.14925885e-01 8.19594502e-01 5.68954825e-01 3.85425299e-01
    6.15596652e-01 3.49620044e-01 5.64749599e-01 5.10433853e-01
    2.09799021e-01 8.16877544e-01 2.87301123e-01 2.67973959e-01
    7.54206002e-01 6.86994791e-01 1.95695519e-01 8.36153686e-01
    2.02871054e-01 2.10146457e-01 5.35431266e-01 2.02832818e-01
    2.61641741e-01 1.05099857e-01 8.66129041e-01 3.63031209e-01
    5.11140227e-01 6.87478125e-01 6.65526450e-01 4.14888978e-01
    3.33862007e-01 3.49609345e-01 5.14680147e-01 9.63018179e-01
    7.87643313e-01 5.92102408e-02 7.36711502e-01 8.62089396e-01
    6.51135564e-01 9.36705232e-01 9.39461112e-01 1.80777520e-01
    2.22138017e-01 7.36759841e-01 2.22055018e-01 9.69846904e-01
    3.80852550e-01 3.39071155e-02 9.50624585e-01 3.98859352e-01
    5.56813180e-01 6.15812719e-01 2.92460561e-01 7.63543844e-01
    2.15267688e-01 6.29593134e-01 2.17414141e-01 3.70203704e-01
    3.06616127e-02 6.36756420e-04 1.77777410e-01 4.87847298e-01
    9.26813960e-01 5.41031122e-01 5.97016096e-01 3.62816989e-01
    5.10678113e-01 3.15757394e-02 1.04458153e-01 4.90955114e-02
    2.23321408e-01 6.49579942e-01 1.40355527e-02 4.97044086e-01
    1.37716293e-01 5.38772464e-01 3.31489027e-01 1.84889764e-01
    9.70443487e-01 1.06108129e-01 5.23598552e-01 1.70385957e-01
    5.13135850e-01 4.97298449e-01 6.68904006e-01 4.68390822e-01
    5.87926626e-01 2.18621463e-01 6.90187573e-01 5.50836742e-01
    8.35598826e-01 3.51033092e-01 6.89792395e-01 3.59805226e-01
    3.99592340e-01 8.46059084e-01 6.64181471e-01 5.45638621e-01
    3.60974431e-01 8.22574854e-01 7.81532884e-01 7.28860795e-01
    5.30706644e-01 1.76370144e-02 5.25797606e-02 2.88448989e-01
    8.13079119e-01 1.46367460e-01 6.05440438e-01 4.78941649e-01
    5.23435950e-01 6.62491620e-02 1.89124048e-02 8.80197048e-01
    6.79806530e-01 7.40335345e-01 3.53964329e-01 5.25083661e-01
    7.34069824e-01 7.96200871e-01 6.81247473e-01 7.51202226e-01
    4.60778177e-01 5.36514044e-01 3.44838202e-01 1.32714182e-01
    8.29978943e-01 7.50260949e-01 2.70623416e-01 5.79674125e-01
    9.46493149e-01 7.43641376e-01 4.82275546e-01 9.17077065e-01
    7.15860128e-02 9.04996097e-01 1.60923064e-01 9.31516051e-01
    3.72754872e-01 5.56814969e-01 4.16998833e-01 7.59699941e-03
    8.58590901e-01 8.88403773e-01 1.74201995e-01 6.10749662e-01
    7.89817035e-01 9.90520954e-01 4.83025730e-01 3.62506270e-01
    1.79205656e-01 3.73584509e-01 1.19679511e-01 6.65318072e-01
    6.30331635e-01 3.29288214e-01 3.75462770e-01 3.36665511e-01
    4.40575540e-01 6.69575632e-02 6.93301260e-01 4.94502842e-01
    6.72819257e-01 1.33351147e-01 6.61687732e-01 8.93053293e-01
    6.25969410e-01 3.89631957e-01 6.99542224e-01 5.62607825e-01
    8.73157620e-01 2.06604779e-01 5.00333726e-01 4.05616850e-01
    7.55748153e-02 8.34538996e-01 1.04461044e-01 4.11956728e-01
    3.17718714e-01 3.21893722e-01 2.66122520e-01 9.25222278e-01
    3.53994370e-02 7.94997692e-01 9.39400554e-01 5.00852764e-02
    1.23773217e-01 1.39247000e-01 1.31920904e-01 2.23832697e-01
    2.60669947e-01 4.47976261e-01 5.22094607e-01 2.22400129e-02
    6.72186911e-01 9.56770539e-01 6.17491305e-02 9.41085696e-01
    3.87721688e-01 2.11395293e-01 7.14296281e-01 6.62048578e-01
    2.13272959e-01 9.25254822e-02 6.34908319e-01 7.16138840e-01
    2.58111835e-01 6.36723995e-01 3.01398039e-01 7.05172002e-01
    2.00744390e-01 1.45597905e-01 6.40176177e-01 5.84380984e-01
    3.27240348e-01 4.84205306e-01 6.31865561e-02 3.28515291e-01
    3.72822821e-01 6.65027499e-01 6.49517238e-01 2.45101750e-02
    7.81674683e-01 8.84043634e-01 3.06472808e-01 5.49967885e-01
    3.38559628e-01 6.03086948e-02 5.34947753e-01 4.24813628e-01
    7.79672742e-01 6.64069653e-01 2.43552119e-01 2.42879391e-02
    7.10879564e-02 4.45822150e-01 3.18735600e-01 6.21262312e-01
    5.19744277e-01 9.34748471e-01 5.55347204e-01 6.88346267e-01
    4.69738841e-01 1.97096854e-01 1.23062760e-01 3.47420931e-01
    6.74292922e-01 2.90714204e-01 5.16898096e-01 9.25307393e-01
    8.63147259e-01 5.17433286e-02 7.69356906e-01 6.68853879e-01
    4.04917866e-01 1.81877166e-01 1.14009678e-02 8.69042635e-01
    4.60538208e-01 6.41778171e-01 9.78435636e-01 5.79549968e-01
    2.95685470e-01 3.97744805e-01 1.69760346e-01 1.06744975e-01
    9.18362021e-01 6.60793900e-01 6.55057192e-01 1.16223276e-01
    6.79424644e-01 1.71187371e-01 1.71929836e-01 3.33070099e-01
    6.45738959e-01 5.43950379e-01 5.44757962e-01 7.27591753e-01
    2.98165798e-01 5.81002355e-01 8.14914882e-01 5.69499612e-01
    5.21228671e-01 8.92201662e-02 4.90674794e-01 1.18999690e-01
    6.90805972e-01 7.50099897e-01 6.88429952e-01 6.27741456e-01
    1.24123514e-01 3.88603747e-01 2.68154025e-01 2.59384364e-01
    3.85968387e-01 3.68050069e-01 2.46281624e-01 2.23271132e-01
    2.89501488e-01 2.19380230e-01 4.99610305e-02 3.22620153e-01
    1.14621878e-01 1.67076200e-01 4.10143048e-01 5.25736749e-01
    4.35439348e-01 4.58804846e-01 3.46735954e-01 9.46220040e-01
    6.88974380e-01 9.26876009e-01 4.27596927e-01 9.57170963e-01
    5.05938232e-01 6.86942875e-01 1.70557082e-01 7.59374499e-01
    6.78102076e-01 8.97576272e-01 6.78481162e-01 7.08997130e-01
    5.21592259e-01 7.63529539e-01 7.35021830e-02 5.77518225e-01
    8.22481751e-01 6.59192383e-01 2.13341832e-01 1.69014841e-01
    4.93336648e-01 3.45280588e-01 8.94518197e-02 9.69866633e-01
    9.36295748e-01 6.92289889e-01 7.94752479e-01 1.65819645e-01
    9.72267985e-01 6.36502206e-02 9.22165513e-01 1.52502000e-01
    9.74749923e-01 8.71291995e-01 3.87124926e-01 7.58732557e-01
    9.35021043e-01 6.92935646e-01 5.87982118e-01 9.25639272e-01
    9.60591614e-01 1.85313612e-01 5.64792752e-02 5.70646942e-01
    4.16275531e-01 6.22005463e-02 2.57489860e-01 6.72065079e-01
    7.46567011e-01 7.45826304e-01 9.23341632e-01 1.59532428e-01
    9.25758660e-01 1.00180537e-01 9.61748481e-01 1.52311593e-01
    5.55212975e-01 8.09748173e-01 4.30820763e-01 9.93497133e-01
    9.77376580e-01 1.68744236e-01 8.93704832e-01 4.15678591e-01
    9.62639153e-02 5.27820885e-01 9.69561338e-02 7.71546960e-01
    3.12558770e-01 3.30984026e-01 1.00164354e-01 7.65892863e-01
    2.01744676e-01 3.27989697e-01 6.71683669e-01 8.14044714e-01
    6.58550799e-01 4.98776317e-01 8.68884325e-01 8.71073067e-01
    8.02477360e-01 4.13073331e-01 1.08554482e-01 2.82319427e-01
    5.22444844e-01 1.24162942e-01 8.96152020e-01 1.07178569e-01
    2.49709785e-01 5.15686572e-01 4.61346626e-01 8.37156057e-01
    3.13397944e-01 2.74178743e-01 9.96237874e-01 4.95853215e-01
    3.37294996e-01 8.45142961e-01 7.31072664e-01 8.72895718e-01
    8.17037940e-01 7.82375097e-01 2.59864509e-01 5.57938576e-01
    7.83606112e-01 3.75755429e-02 6.78691506e-01 6.42682433e-01
    2.99425095e-01 7.41636276e-01 5.76490343e-01 1.63354874e-01
    3.16197813e-01 4.04218137e-02 1.64616793e-01 9.93851185e-01
    3.39315534e-01 9.82327819e-01 3.75061899e-01 5.53318858e-01
    9.67581093e-01 4.58212793e-01 2.21605122e-01 8.39351714e-01
    1.28710270e-02 5.55288017e-01 1.64248973e-01 6.74293578e-01
    2.03476459e-01 5.52202344e-01 5.72113693e-01 9.01431978e-01
    7.06987023e-01 2.36703098e-01 3.07407856e-01 7.69559801e-01
    7.31794715e-01 2.55878747e-01 5.88761628e-01 7.42134273e-01
    7.74247050e-01 2.89748877e-01 4.36747491e-01 8.69061947e-01
    4.16123867e-03 1.80608451e-01 7.45234489e-02 8.41804624e-01
    7.72734642e-01 1.41178578e-01 5.29303551e-01 8.91420484e-01
    5.18974006e-01 4.89931852e-01 6.25028729e-01 5.07118225e-01
    7.47467756e-01 7.25901723e-01 4.19669509e-01 8.17926109e-01
    2.34246254e-01 7.48612761e-01 4.39889073e-01 2.54276514e-01
    6.17629170e-01 6.65964484e-02 9.92568135e-01 8.39509606e-01
    4.81006563e-01 9.85504985e-01 5.13799965e-01 9.82470870e-01
    7.96849072e-01 7.42589712e-01 4.87141311e-02 8.16301227e-01
    6.40993237e-01 7.32753396e-01 6.49675727e-03 3.20549548e-01
    4.96610612e-01 4.53283161e-01 4.42752928e-01 4.94956911e-01
    1.89368129e-02 8.70517015e-01 5.57399631e-01 2.88732171e-01
    3.70310038e-01 7.05948412e-01 9.00298238e-01 2.01269537e-01
    6.45722151e-01 4.38791037e-01 9.27228987e-01 4.73320156e-01
    8.61314535e-01 7.11521447e-01 7.75216460e-01 9.68779445e-01
    9.83214974e-01 3.61384779e-01 1.57170445e-01 8.71935964e-01
    2.45255232e-02 8.74118209e-02 4.97317821e-01 2.72776395e-01
    2.54402578e-01 5.93654633e-01 2.15094328e-01 8.51562738e-01
    9.11569595e-02 2.44513571e-01 8.84590507e-01 6.78935051e-01
    8.73107672e-01 8.27115417e-01 1.21965021e-01 5.92935085e-02
    2.06641257e-01 7.60830283e-01 3.96480381e-01 2.05832720e-02
    3.99289250e-01 7.17734098e-01 3.51565838e-01 6.06115460e-01
    3.17639679e-01 6.40897393e-01 1.91255569e-01 3.62408459e-01
    6.39758527e-01 4.90178138e-01 6.95797384e-01 1.64242208e-01
    1.15478635e-02 1.65897071e-01 8.81247044e-01 1.49570644e-01
    8.82316828e-02 2.14241922e-01 3.33877146e-01 4.07422066e-01
    3.29172909e-02 5.49813688e-01 8.18061590e-01 3.21958274e-01
    2.41270572e-01 9.61158037e-01 3.93870890e-01 8.27831388e-01
    5.85934281e-01 3.36225569e-01 4.96377230e-01 5.48615992e-01
    9.56533551e-01 9.76711035e-01 4.65360463e-01 6.13639355e-01
    5.84447086e-02 9.67733622e-01 8.41027737e-01 3.81374896e-01
    4.33719844e-01 7.56365657e-02 4.11486536e-01 6.94598019e-01
    2.65996993e-01 4.34233665e-01 5.32543957e-01 7.02107787e-01
    9.35120225e-01 7.46449828e-02 3.78760338e-01 9.50275183e-01
    9.68126416e-01 6.92451894e-01 2.72288620e-02 3.52677107e-02
    2.31362522e-01 7.34918654e-01 1.09942973e-01 6.82483017e-02
    8.33596587e-01 6.96421981e-01 8.13919306e-01 3.63640249e-01
    9.42965627e-01 5.01157880e-01 5.69177687e-01 5.08874595e-01
    5.03449023e-01 5.02415776e-01 1.44602716e-01 9.18193579e-01
    7.25611925e-01 7.63501763e-01 6.91260993e-02 4.00610149e-01
    4.84888017e-01 7.76990056e-01 9.00416076e-02 7.74757087e-01
    6.24410629e-01 3.03519309e-01 2.19844133e-01 1.12440377e-01
    6.68424487e-01 2.67319828e-01 2.07045883e-01 1.01414949e-01
    5.87608695e-01 4.13753361e-01 8.25919390e-01 8.72544467e-01
    6.82098508e-01 8.57063532e-01 7.52062976e-01 7.47492611e-01
    4.57629919e-01 1.94692731e-01 7.24083662e-01 5.87034464e-01
    4.42281365e-02 7.80547559e-01 1.49499714e-01 5.80930829e-01
    1.19496644e-01 1.53115720e-01 9.95368600e-01 2.80018300e-01
    8.26265633e-01 5.31678319e-01 8.11180711e-01 3.21483195e-01
    1.24510020e-01 8.67051840e-01 4.74839419e-01 4.31237102e-01
    3.98727328e-01 9.43268299e-01 5.11810601e-01 9.07109737e-01
    8.72147977e-02 3.80151778e-01 4.50477719e-01 9.38810050e-01
    7.25216985e-01 6.64456487e-01 4.18853104e-01 4.63866174e-01
    5.85222602e-01 9.14432585e-01 5.26460826e-01 4.34574574e-01
    5.67380071e-01 7.44436324e-01 4.19405460e-01 8.83998036e-01
    1.16087228e-01 9.86027479e-01 2.10155070e-01 9.21039581e-01
    6.37030602e-02 4.35524344e-01 4.27887440e-01 6.57093525e-02
    6.65865541e-02 7.77561009e-01 9.17673111e-01 2.84456372e-01
    4.66317236e-02 1.00166500e-01 1.61668003e-01 6.26409829e-01
    6.59452617e-01 8.22223961e-01 4.54158455e-01 1.69876814e-01
    1.63250893e-01 1.86345935e-01 7.39396989e-01 8.58744025e-01
    1.52781904e-01 1.52030557e-01 4.63407010e-01 1.45221323e-01
    7.68970788e-01 5.01317322e-01 2.30932415e-01 1.97541863e-01
    4.49599832e-01 6.54034019e-02 4.94743615e-01 3.25430095e-01
    3.57907921e-01 5.29914677e-01 2.17260391e-01 4.54066724e-01
    9.52312052e-02 3.47419739e-01 2.39627272e-01 6.07779741e-01
    1.39119744e-01 5.11093497e-01 7.71345139e-01 6.23896122e-01
    4.60003078e-01 7.69394815e-01 9.65467989e-01 9.06245708e-02
    6.57898962e-01 3.23799789e-01 9.05960262e-01 2.99370438e-01
    3.33679616e-02 3.12970340e-01 7.80356705e-01 3.36071789e-01
    7.14020967e-01 7.05273688e-01 1.95973188e-01 2.89995462e-01
    2.47345328e-01 8.75031650e-02 9.56021130e-01 8.41388524e-01
    9.13569093e-01 2.03577906e-01 8.74773562e-01 3.71853530e-01
    7.51292706e-03 5.07442355e-01 6.56744361e-01 8.26437533e-01
    7.76403308e-01 4.81150180e-01 2.55930603e-01 1.53700709e-01
    9.12165046e-01 4.08374131e-01 1.63858443e-01 2.53705323e-01
    5.22619665e-01 4.52290177e-02 5.31625867e-01 1.90373003e-01
    6.37269139e-01 2.51351058e-01 2.61101693e-01 4.54807758e-01
    3.03454280e-01 7.98563719e-01 7.24885523e-01 3.54977965e-01
    6.15938306e-01 8.60966802e-01 7.43735909e-01 2.48890311e-01
    3.28430504e-01 3.03887963e-01 1.27280504e-01 5.04544377e-01
    6.44057095e-01 1.90980047e-01 8.71414185e-01 9.43389595e-01
    9.95031953e-01 4.47705597e-01 8.60734522e-01 4.82347846e-01
    3.76783937e-01 6.22221470e-01 1.23995125e-01 4.05547321e-01
    6.97075129e-01 9.92505193e-01 5.90381980e-01 9.01622355e-01
    2.71468282e-01 4.92557496e-01 5.72152674e-01 7.44954944e-01
    8.05229127e-01 1.36697292e-02 5.48540890e-01 6.25314057e-01
    7.91031122e-01 9.87678885e-01 4.27136660e-01 5.84621191e-01
    9.41054344e-01 1.07453793e-01 7.00031996e-01 5.85101008e-01
    5.11836886e-01 5.42934895e-01 3.30492288e-01 7.03724325e-01
    4.89719957e-01 3.56549978e-01 5.99472761e-01 2.58228302e-01
    3.74645412e-01 3.76331806e-01 4.30773020e-01 5.99312484e-02
    4.52605247e-01 7.32132971e-01 6.22180760e-01 1.14800274e-01
    7.22261429e-01 3.11251521e-01 4.47011739e-01 6.16270244e-01
    2.57282048e-01 1.15002573e-01 9.50311899e-01 2.12742746e-01
    4.09742236e-01 3.67393017e-01 7.96658874e-01 1.59154415e-01
    4.03371900e-01 4.06191468e-01 1.92290246e-02 7.89585292e-01
    5.76055110e-01 3.79417837e-01 7.68218637e-01 7.72719800e-01
    8.40811253e-01 6.51438534e-01 9.77702737e-02 3.21330279e-01
    7.96960890e-02 6.33106470e-01 2.15901524e-01 1.71590298e-01
    3.50317955e-01 5.85671484e-01 9.06926990e-02 5.13391793e-01
    6.38414562e-01 1.25004739e-01 2.95604825e-01 3.69580090e-02
    5.00540018e-01 5.62617540e-01 8.87709439e-01 6.88354671e-01
    9.45263147e-01 5.41487217e-01 9.22710657e-01 4.52483803e-01
    2.23744780e-01 4.13430154e-01 9.86559272e-01 1.40134424e-01
    6.77380443e-01 5.10809064e-01 7.18400240e-01 8.44892144e-01
    8.44493032e-01 9.14120376e-01 9.43530440e-01 9.12329078e-01
    3.80621850e-02 4.24875021e-02 1.68495506e-01 7.03323722e-01
    8.45872760e-01 4.28779840e-01 4.52435076e-01 9.63650346e-01
    1.32614672e-02 8.23465168e-01 5.57003558e-01 3.19074690e-02
    7.10295260e-01 4.84492332e-01 1.10134602e-01 1.48584783e-01
    1.34691447e-01 7.58176744e-02 4.69871074e-01 3.08411092e-01
    7.41300881e-02 6.52497053e-01 3.90539318e-01 6.22658014e-01
    6.86954498e-01 2.64550567e-01 1.93455368e-01 8.37133765e-01
    2.04428196e-01 8.26933146e-01 7.80069709e-01 5.22370815e-01
    1.99263990e-01 3.24251175e-01 3.89254719e-01 8.00322533e-01
    9.24117506e-01 3.48791957e-01 5.57693243e-01 3.65742028e-01
    1.04876965e-01 4.42650020e-01 3.94582212e-01 6.98269010e-01
    7.48267651e-01 4.96029049e-01 6.52615309e-01 4.72541809e-01
    9.11787748e-01 1.39868647e-01 7.16025829e-01 2.87429065e-01
    7.88631439e-02 1.71419263e-01 7.74876833e-01 5.35377264e-01
    3.88075978e-01 3.08010876e-01 1.78721517e-01 6.34594262e-01
    8.99284124e-01 6.86681151e-01 5.27893245e-01 7.68868923e-02
    2.69920945e-01 9.58724141e-01 1.39081776e-01 8.84116650e-01
    6.68983579e-01 2.13092536e-01 2.98193395e-01 4.80920613e-01
    2.93756872e-01 3.40724289e-02 4.18846786e-01 9.99454021e-01
    6.92924976e-01 4.80588853e-01 7.79170513e-01 4.28325891e-01
    5.16217351e-02 2.03289360e-01 7.46680737e-01 3.28513384e-01
    4.15087879e-01 8.42203259e-01 9.03302789e-01 8.17847848e-01
    5.67630351e-01 4.75577354e-01 6.14166498e-01 1.26263976e-01
    9.35683012e-01 3.09478015e-01 6.85013056e-01 5.43930590e-01
    5.61026335e-01 5.94396412e-01 7.40286112e-02 2.00670272e-01
    7.58590877e-01 8.96383762e-01 1.08342558e-01 2.88110077e-02
    3.79593372e-01 3.41987878e-01 5.99908471e-01 5.96464217e-01
    2.95764565e-01 2.57146418e-01 7.76099265e-02 7.30161309e-01
    6.63084984e-02 9.22100902e-01 9.01374757e-01 9.82882380e-01
    9.09250736e-01 1.51012331e-01 2.72485971e-01 2.82357633e-01
    1.51929557e-01 8.30092430e-02 1.39309287e-01 4.46572512e-01
    8.18256438e-01 8.51786196e-01 2.81518161e-01 9.02256668e-01
    1.37425065e-01 2.55648434e-01 1.43667251e-01 8.53401482e-01
    3.88829738e-01 3.13999057e-01 2.36337185e-01 6.68121636e-01
    1.22931391e-01 5.37078261e-01 2.40844011e-01 7.59528518e-01
    4.34358418e-01 7.01898217e-01 1.12104326e-01 2.60212600e-01
    7.39938915e-01 7.01819956e-01 9.11308825e-02 8.33366156e-01
    3.31741035e-01 1.31711900e-01 9.28352475e-02 1.78465188e-01
    8.41704488e-01 4.37601030e-01 4.12249655e-01 6.17175519e-01
    5.44303000e-01 7.34906495e-02 2.73676217e-01 4.78671044e-01
    7.71008492e-01 6.67368174e-01 1.21275991e-01 4.71179456e-01
    8.02318037e-01 8.36953521e-02 7.25667179e-02 2.15908378e-01
    8.91952455e-01 3.59266162e-01 6.19042158e-01 7.97547102e-01
    5.45499384e-01 6.31526291e-01 4.41288173e-01 3.55138898e-01
    2.37731248e-01 6.02783740e-01 7.13998795e-01 1.86636508e-01
    1.66647822e-01 4.88175362e-01 4.61210072e-01 6.69299483e-01
    5.95841587e-01 1.25175685e-01 2.35285729e-01 7.89971888e-01
    2.06289291e-01 5.43085396e-01 9.06965494e-01 1.27507478e-01
    7.55755007e-01 5.81476092e-03 3.41843665e-02 4.74861532e-01
    7.87861466e-01 5.23862898e-01 3.20241094e-01 3.33175063e-03
    9.68259573e-02 6.75391495e-01 5.36379457e-01 3.37804168e-01
    5.35725713e-01 9.79682207e-01 6.44041240e-01 8.49373937e-01
    1.43918246e-01 3.37620974e-02 8.45076442e-01 6.52676165e-01
    1.29829139e-01 4.56731498e-01 5.96157193e-01 1.37418985e-01
    2.78484970e-01 7.81837344e-01 8.73227179e-01 9.46892619e-01
    7.49333203e-01 8.71614993e-01 1.20875001e-01 5.42769909e-01
    2.16094315e-01 7.49605060e-01 3.33777010e-01 7.69200802e-01
    7.65764832e-01 6.94229066e-01 8.72904956e-01 6.92314506e-02
    9.06215668e-01 7.67246008e-01 2.62742341e-01 9.89630818e-03
    5.89389920e-01 5.26394546e-02 7.87642777e-01 8.28827977e-01
    5.85030377e-01 6.51478052e-01 9.52597737e-01 5.34838617e-01
    5.30376673e-01 1.52970225e-01 3.23862255e-01 5.50693870e-02
    6.84420168e-02 5.56422472e-01 6.39860094e-01 1.73887908e-01
    6.16031170e-01 2.99516320e-03 6.43607318e-01 2.16311038e-01
    1.39045775e-01 3.68524045e-01 7.18597293e-01 7.10889697e-01
    7.85256505e-01 2.56154537e-02 5.26071727e-01 2.34397829e-01
    1.87594563e-01 6.09609127e-01 9.37560499e-02 1.61554247e-01
    7.04057753e-01 2.15431184e-01 5.40351093e-01 8.30703020e-01
    8.07084441e-01 9.89768028e-01 6.93939865e-01 4.38951552e-01
    4.60377336e-02 8.32873344e-01 2.40231514e-01 6.88016593e-01
    1.75905347e-01 6.20564222e-01 5.55678070e-01 5.96581221e-01
    9.11752820e-01 4.31783199e-02 6.34819388e-01 9.40184295e-01
    1.65190101e-02 6.68397248e-01 7.13334441e-01 6.27006948e-01
    5.48882306e-01 2.60397196e-01 6.32676721e-01 5.22718012e-01
    7.49606550e-01 3.09771061e-01 2.80350268e-01 8.02276969e-01
    7.55736470e-01 1.11919105e-01 9.69500899e-01 1.98432744e-01
    3.57490510e-01 4.29852962e-01 1.61481142e-01 3.11535060e-01
    5.79008520e-01 1.37950480e-02 7.67198265e-01 3.48181725e-02
    2.39723623e-01 9.80695844e-01 3.37701380e-01 7.28224874e-01
    4.61493671e-01 8.53091240e-01 2.73904800e-01 4.96880412e-01
    6.76454961e-01 4.49863046e-01 4.07586157e-01 7.70912051e-01
    1.24346823e-01 5.13223052e-01 4.28177357e-01 9.45852458e-01
    2.70463824e-02 3.89804602e-01 5.81089377e-01 8.94893050e-01
    7.57300377e-01 6.15231156e-01 3.57270241e-03 2.65393078e-01
    9.39768970e-01 3.17260772e-01 3.03738385e-01 3.28495145e-01
    5.52885830e-01 7.35895514e-01 9.30988431e-01 2.24006921e-01
    4.50409234e-01 3.21573853e-01 6.83309495e-01 6.68609500e-01
    6.26975298e-01 6.61209881e-01 1.39015138e-01 5.30329704e-01
    2.58736789e-01 9.60008860e-01 2.51278490e-01 6.91730380e-01
    3.78805161e-01 1.41952187e-01 2.07171172e-01 7.79261231e-01
    3.79336596e-01 4.19136584e-01 1.88940257e-01 9.97025132e-01
    7.49974132e-01 1.40546203e-01 5.71512580e-02 8.74877572e-01
    7.87723064e-01 8.94902945e-02 8.03289413e-01 3.87943745e-01
    5.29405475e-01 2.87600100e-01 2.50934035e-01 5.54543734e-01
    1.26595497e-01 8.15093040e-01 7.39579618e-01 9.81324673e-01
    8.09879720e-01 9.79085147e-01 9.51103687e-01 7.12875426e-01
    7.00295806e-01 8.30174506e-01 3.86381507e-01 3.99571061e-02
    5.68576813e-01 6.24201298e-01 6.97306156e-01 4.05243456e-01
    5.68563104e-01 1.47743374e-01 3.85531604e-01 7.19749451e-01
    2.28943527e-02 4.34568286e-01 3.50415349e-01 9.42675710e-01
    7.77723670e-01 1.80360109e-01 5.87732494e-02 8.32009077e-01
    4.68435824e-01 3.52059841e-01 3.65583509e-01 7.02891171e-01
    1.36134475e-01 1.58516079e-01 4.90371168e-01 5.50717473e-01
    8.47846270e-01 1.75725371e-01 8.28194857e-01 5.42023599e-01
    3.40724468e-01 4.57984507e-01 3.47944468e-01 4.72686589e-02
    6.13490701e-01 8.20729017e-01 1.98481411e-01 8.66535604e-01
    7.33791769e-01 5.34670293e-01 9.00075555e-01 6.19631112e-01
    9.38268304e-01 8.35008740e-01 2.82814026e-01 3.38769615e-01
    2.94569731e-01 2.14608073e-01 3.28343630e-01 2.65274525e-01
    3.45803797e-01 2.51837194e-01 6.56546354e-01 1.85621321e-01
    6.29938483e-01 8.57203305e-02 7.59975672e-01 3.92429352e-01
    2.47404784e-01 2.95255661e-01 6.24526262e-01 3.73869598e-01
    5.12956977e-01 9.08000886e-01 6.66782081e-01 6.74950898e-01
    8.52395773e-01 3.97205621e-01 1.46965265e-01 2.24393874e-01
    3.83831143e-01 9.93798077e-01 2.36023247e-01 2.52543271e-01
    7.15279281e-02 6.03950322e-02 5.38787544e-01 4.43652540e-01
    6.18392885e-01 9.91694570e-01 7.50760555e-01 4.62598830e-01
    2.07821578e-01 7.42941201e-01 3.28793079e-01 9.02753353e-01
    3.83267373e-01 4.66727257e-01 8.07748199e-01 8.15639317e-01
    6.36383057e-01 9.98548806e-01 8.31416130e-01 6.59123003e-01
    7.07664967e-01 4.86375391e-02 7.60130882e-01 9.65716124e-01
    4.68190312e-02 7.66550124e-01 9.75169182e-01 7.83627152e-01
    2.10117817e-01 4.88475561e-01 5.16361296e-02 8.15286696e-01
    2.53885150e-01 3.29249918e-01 4.68647778e-01 5.91383278e-01
    2.10947633e-01 3.44331861e-02 3.90226424e-01 9.16209519e-01
    9.67571557e-01 9.82007802e-01 5.58939457e-01 7.85954952e-01
    5.90480208e-01 8.41152668e-01 9.08713460e-01 2.82770693e-01
    2.18399525e-01 6.80779159e-01 5.73643267e-01 6.99359775e-01
    5.20085216e-01 5.54485440e-01 7.73693800e-01 5.61266720e-01
    8.00370872e-01 3.21839333e-01 3.39049459e-01 8.69347811e-01
    1.47623062e-01 6.13370538e-01 3.23141336e-01 8.72879148e-01
    1.19062960e-02 4.91759986e-01 2.43536830e-01 6.20403290e-01
    7.20452368e-01 3.47535610e-01 8.87809157e-01 2.66649038e-01
    8.48094523e-02 8.71988177e-01 4.02064264e-01 4.99745369e-01
    8.78209114e-01 2.59148777e-02 1.56929046e-01 8.95922542e-01
    4.38544869e-01 2.28899509e-01 3.49973679e-01 4.11723733e-01
    4.85619217e-01 1.59890473e-01 8.34708452e-01 2.51612484e-01
    5.71078300e-01 1.30966872e-01 8.12612772e-01 8.54198098e-01
    6.10333383e-01 8.12075913e-01 7.19829977e-01 5.26204050e-01
    8.66498768e-01 3.64831686e-01 7.33682811e-01 7.89674759e-01
    4.06448662e-01 8.37541819e-01 6.98270082e-01 2.70432234e-02
    6.92877948e-01 5.09082139e-01 5.13353825e-01 1.35402471e-01
    7.74735451e-01 1.82139248e-01 1.48285598e-01 8.06965470e-01
    2.09943652e-02 7.40774870e-01 3.99836600e-02 1.58349395e-01
    8.20433676e-01 4.50556636e-01 7.56065249e-02 2.70849168e-01
    9.10956264e-01 7.60818362e-01 2.52974242e-01 1.92302167e-01
    9.55714405e-01 7.98140883e-01 5.12649179e-01 6.88046575e-01
    7.42441297e-01 8.59079123e-01 4.93681729e-01 3.11419904e-01
    4.04552042e-01 4.61947560e-01 6.27078295e-01 2.26989686e-02
    4.84980494e-01 4.79447514e-01 1.93365246e-01 1.80953830e-01
    4.29601222e-01 4.11744803e-01 6.22438192e-02 8.62887859e-01
    2.69266784e-01 8.04180682e-01 2.82823145e-02 7.67359018e-01
    9.94881392e-01 9.19713080e-01 8.04777622e-01 5.14283597e-01
    6.32985234e-01 3.68881702e-01 4.68657106e-01 5.62356710e-01
    1.86713994e-01 6.31505251e-01 6.30252659e-01 9.11748648e-01
    1.97056472e-01 1.02150619e-01 7.65351355e-01 4.56639230e-02
    4.46925342e-01 4.26379770e-01 9.11149502e-01 7.09508419e-01
    6.11025095e-03 8.24068725e-01 3.44382197e-01 2.01283485e-01
    3.80649269e-01 2.88794041e-01 3.34666103e-01 9.04186845e-01
    4.34651077e-02 2.52657950e-01 4.30841148e-01 2.85589635e-01
    1.96915686e-01 4.09093201e-01 6.24409914e-02 9.99445796e-01
    8.48055243e-01 3.23539197e-01 8.31319809e-01 5.43154180e-01
    7.31720567e-01 4.69325483e-01 5.84577680e-01 1.64432108e-01
    7.52784908e-02 4.81154740e-01 6.40284538e-01 5.69744349e-01
    3.82606924e-01 3.74610573e-01 9.54205751e-01 3.30822408e-01
    6.83017373e-02 8.72221828e-01 6.30791128e-01 3.14607024e-01
    2.54273593e-01 4.23395455e-01 5.95058203e-02 9.24746215e-01
    9.14018273e-01 2.10496157e-01 4.06568497e-01 8.44092369e-01
    6.32910311e-01 3.29464942e-01 7.09052563e-01 3.35968226e-01
    1.57366633e-01 6.87621295e-01 1.92061663e-01 7.74349689e-01
    6.46225393e-01 2.81651527e-01 5.05717456e-01 5.09409130e-01
    6.00521386e-01 2.73690999e-01 5.76802313e-01 2.78961182e-01
    2.35812515e-01 5.14053643e-01 1.52397722e-01 1.53181851e-01
    2.29508042e-01 9.34253037e-01 2.71601915e-01 2.05990076e-02
    4.63538945e-01 5.46272218e-01 2.09201694e-01 8.12240839e-01
    5.72914779e-01 4.77812827e-01 6.48534834e-01 4.84801888e-01
    8.33218813e-01 8.74273062e-01 4.51185614e-01 4.32127178e-01
    4.08511132e-01 5.75442076e-01 2.07770795e-01 5.58489621e-01
    9.95087385e-01 9.25792217e-01 3.43646973e-01 9.10304308e-01
    8.95024359e-01 6.43138051e-01 5.38685858e-01 8.65885675e-01
    4.51020092e-01 8.86236191e-01 8.57959628e-01 2.02821195e-01
    5.61976254e-01 8.29822779e-01 4.11229581e-01 1.60408020e-03
    5.35475910e-01 6.68704927e-01 2.60559380e-01 2.67332852e-01
    3.66791189e-01 8.03866029e-01 3.21736276e-01 2.33452290e-01
    2.89762974e-01 2.90542871e-01 8.28164518e-01 8.90974522e-01
    6.80666208e-01 7.41226971e-01 3.32209170e-02 7.49916375e-01
    4.91367340e-01 1.34028465e-01 5.39153516e-02 2.44865894e-01
    5.93513429e-01 2.34001815e-01 8.00869584e-01 5.05260766e-01
    5.61492980e-01 5.09751737e-01 8.28055620e-01 7.29271948e-01
    4.92308050e-01 1.81650013e-01 9.58143353e-01 6.02542460e-02
    6.44468606e-01 2.24162787e-01 2.05978453e-01 6.43663645e-01
    8.28474343e-01 4.95995522e-01 2.11005151e-01 9.71574783e-01
    4.30092454e-01 1.50534213e-01 7.64397383e-01 2.99569190e-01
    4.43335474e-01 8.90411139e-01 9.77636933e-01 8.21923018e-01
    2.39836127e-01 7.97514200e-01 3.47085863e-01 1.12839162e-01
    4.22454119e-01 4.15462554e-02 9.72616315e-01 3.71189386e-01
    7.09147513e-01 9.34274912e-01 6.06454313e-02 9.26596642e-01
    7.20449567e-01 4.59929436e-01 5.83695173e-01 4.19019520e-01
    5.45198619e-01 1.21679634e-01 4.67318952e-01 7.99122810e-01
    3.89423370e-01 1.92176253e-01 3.84598315e-01 7.03043163e-01
    2.15462118e-01 5.30869365e-01 2.72034854e-01 4.39877748e-01
    5.34539759e-01 8.74993622e-01 6.36432171e-02 1.87159628e-01
    9.45464075e-02 2.95909166e-01 8.83367300e-01 1.40735388e-01
    5.57204187e-02 8.35585594e-02 3.97340924e-01 4.34401006e-01
    8.72086346e-01 2.40949243e-01 7.16819763e-01 7.82418966e-01
    1.23384148e-01 1.84027791e-01 6.36413932e-01 3.39269638e-01
    9.18657422e-01 9.26976621e-01 1.24986202e-01 2.99074471e-01
    4.91424382e-01 6.56795382e-01 6.11345172e-01 8.68369222e-01
    9.93079543e-01 2.54651487e-01 6.54545069e-01 6.35624945e-01
    2.77548373e-01 5.54603159e-01 4.10234958e-01 8.89415085e-01
    8.22601616e-01 9.86079514e-01 1.12303972e-01 4.63327497e-01
    1.94681406e-01 3.51554364e-01 7.35562146e-02 9.96649802e-01
    1.65448695e-01 1.67593777e-01 9.60445642e-01 8.24067116e-01
    7.39236712e-01 2.41436690e-01 1.07730091e-01 5.52826822e-01
    2.14541674e-01 3.52503568e-01 3.52647364e-01 2.56703526e-01
    7.87258089e-01 4.61620390e-02 8.83231997e-01 3.53424728e-01
    5.23192585e-01 1.73574686e-03 9.04243112e-01 2.16774702e-01
    9.65730309e-01 1.11445814e-01 8.84204865e-01 2.47612715e-01
    6.01961076e-01 9.43388224e-01 5.83914638e-01 9.98624921e-01
    6.68582678e-01 4.46602583e-01 3.48921418e-02 4.50197458e-01
    6.70286357e-01 4.83415157e-01 7.48065114e-01 4.91411984e-02
    3.95718038e-01 3.72748375e-01 4.62976396e-02 9.33986783e-01
    5.59366763e-01 3.32194626e-01 2.29983002e-01 4.52181280e-01
    7.42140710e-01 8.38716626e-01 1.36650562e-01 7.84151554e-01
    7.37307131e-01 9.44073498e-01 1.27297968e-01 8.53959560e-01
    2.11058348e-01 6.18650913e-02 7.50385046e-01 4.05374557e-01
    1.65137649e-02 9.35919106e-01 2.09252477e-01 4.22732234e-01
    5.50660431e-01 7.34790266e-01 9.86290514e-01 9.13461208e-01
    6.03062212e-01 7.83987880e-01 9.59522545e-01 9.67948735e-02
    8.70312631e-01 7.75164247e-01 6.15155756e-01 4.96449769e-01
    9.37776566e-02 4.43892777e-01 7.34048307e-01 5.16443968e-01
    6.74621344e-01 6.14780784e-02 6.22663736e-01 6.85696483e-01
    8.59898448e-01 8.28145206e-01 7.09980726e-03 8.28175068e-01
    3.22398394e-01 8.38025212e-01 7.23991275e-01 8.49150062e-01
    2.48144895e-01 6.53102100e-02 5.03471076e-01 6.25555694e-01
    6.58990204e-01 6.89420819e-01 2.70774215e-01 2.63400912e-01
    4.99430448e-01 2.20746040e-01 4.51103956e-01 1.26013041e-01
    7.24712253e-01 8.88213754e-01 5.86893618e-01 8.67919207e-01
    5.52541733e-01 5.34022331e-01 2.83272237e-01 5.39022446e-01
    7.79435337e-02 6.08238101e-01 9.41387415e-01 1.08296424e-01
    2.43175566e-01 9.69094038e-01 9.63571489e-01 7.78819084e-01
    9.84847844e-01 7.76374340e-02 1.60427511e-01 2.38695502e-01
    9.22845542e-01 9.73424554e-01 8.42558444e-02 7.41869330e-01
    5.58477700e-01 6.56904459e-01 2.77980685e-01 3.61873865e-01
    7.71883428e-01 6.28591835e-01 9.65463161e-01 4.74124134e-01
    6.26460791e-01 5.10607481e-01 9.06694233e-02 7.50861645e-01
    5.59835970e-01 1.51498199e-01 1.29890442e-02 3.58077198e-01
    4.85604703e-01 6.36366010e-01 3.11719716e-01 2.68440366e-01
    7.08701015e-01 2.18288898e-02 3.91564548e-01 2.71415949e-01
    6.31735981e-01 2.50443518e-01 8.00565720e-01 3.49546939e-01
    8.75768661e-02 3.72085869e-01 9.85021591e-01 7.54525542e-01
    3.08694959e-01 8.56267512e-02 9.22646403e-01 7.32887983e-01
    2.17549056e-01 9.53826368e-01 9.00362372e-01 5.64428031e-01
    7.91746616e-01 6.59836054e-01 9.74711657e-01 3.10025871e-01
    9.93816555e-02 4.42755193e-01 8.04359257e-01 7.78065443e-01
    4.79329646e-01 6.87340200e-01 6.47840321e-01 4.84925210e-02
    7.63759851e-01 6.96768343e-01 1.56032443e-01 7.69063950e-01
    9.40318823e-01 9.29205656e-01 3.13435942e-01 4.52533454e-01
    8.98858905e-03 8.46657753e-01 9.58477020e-01 8.84565711e-01
    8.86426151e-01 4.00078207e-01 1.94474518e-01 6.71686172e-01
    1.74161851e-01 8.49961877e-01 9.37180519e-01 3.28297496e-01
    8.64144146e-01 8.76515508e-01 9.63388562e-01 1.79072231e-01
    2.63321698e-02 6.29557014e-01 4.41168219e-01 7.73686290e-01
    1.93925381e-01 9.41611052e-01 9.04731393e-01 8.44520688e-01
    4.05274272e-01 3.01131427e-01 2.14927077e-01 5.76383293e-01
    9.51405287e-01 4.83388543e-01 9.47606564e-03 9.43409204e-01
    5.94953775e-01 6.46788716e-01 1.28703713e-01 2.36620277e-01
    3.96040320e-01 3.86888355e-01 7.65741646e-01 5.19301951e-01
    1.11202687e-01 7.13568807e-01 1.22986823e-01 6.41120315e-01
    2.28771031e-01 5.60029209e-01 5.89158654e-01 2.09951311e-01
    6.89971745e-02 8.02979171e-02 3.64909708e-01 6.91846848e-01
    4.88792449e-01 2.12739766e-01 3.98918092e-01 7.97405601e-01
    7.62117505e-01 2.60597467e-03 8.06380749e-01 6.66367888e-01
    4.81634438e-01 4.83332038e-01 8.26426744e-01 1.83416307e-01
    7.89207518e-02 3.22194040e-01 9.23953176e-01 2.95477271e-01
    9.36416626e-01 6.91326976e-01 8.27489614e-01 1.33114606e-01
    4.34296250e-01 9.32654738e-01 5.78291714e-01 6.77187860e-01
    7.14075983e-01 3.58789206e-01 9.00969148e-01 3.89979303e-01
    3.99629802e-01 8.90052617e-01 7.10511029e-01 7.37476349e-01
    4.30153430e-01 3.90372574e-02 2.40916312e-02 5.98457694e-01
    4.03625041e-01 8.65392447e-01 3.90289962e-01 6.52465820e-02
    2.61776805e-01 8.02938938e-01 2.41464287e-01 1.43713295e-01
    2.97515661e-01 8.68624985e-01 7.98269987e-01 1.04615152e-01
    4.52863872e-02 5.36240160e-01 9.87800837e-01 8.93284380e-02
    6.56973362e-01 2.00896859e-02 9.62623835e-01 3.37787271e-02
    8.72188807e-01 1.50949389e-01 4.31255758e-01 4.34253871e-01
    2.35869795e-01 2.80573189e-01 7.74522781e-01 4.60842848e-02
    8.41870308e-02 6.50235176e-01 1.11514628e-02 7.28365779e-01
    2.08424002e-01 1.19426012e-01 7.71766305e-02 4.20998186e-01
    8.25027764e-01 2.87320495e-01 5.95409572e-01 2.36436129e-01
    3.89881045e-01 8.20696354e-01 2.35801935e-02 2.36283541e-02
    4.97160494e-01 1.41473144e-01 4.69485223e-02 1.33322299e-01
    6.70211911e-01 8.87918174e-01 8.13098252e-01 9.69953954e-01
    7.42697120e-01 9.46484089e-01 9.58270073e-01 9.95434165e-01
    6.67847574e-01 5.84053755e-01 2.14789063e-01 2.49561489e-01
    3.96517932e-01 5.15925825e-01 9.44952905e-01 4.70635593e-01
    8.45681071e-01 6.02739036e-01 2.06137300e-01 1.51223391e-01
    6.92960680e-01 4.88895059e-01 5.88235974e-01 3.98459703e-01
    4.43833470e-02 9.35720503e-01 5.79924345e-01 2.20797449e-01
    2.70808190e-01 3.37475777e-01 4.64032650e-01 7.33201563e-01
    2.82061994e-02 2.05495328e-01 7.33850300e-01 9.84498501e-01
    9.08165216e-01 1.33661360e-01 6.12522244e-01 4.89243716e-01
    4.50188220e-01 6.10310137e-01 3.41559827e-01 6.16287708e-01
    9.89583731e-02 1.91378623e-01 9.87050772e-01 5.85177660e-01
    8.78375292e-01 7.26869702e-02 1.60706341e-02 1.57578796e-01
    5.14640808e-01 5.65497756e-01 4.24292326e-01 9.23152804e-01
    7.38125741e-02 1.65451735e-01 1.12535447e-01 2.13157386e-01
    1.38533115e-03 4.79758650e-01 4.63932574e-01 2.03003079e-01
    3.54762882e-01 8.98548961e-01 6.11092091e-01 5.91086566e-01
    6.22146308e-01 4.98293400e-01 8.58609796e-01 9.76813793e-01
    5.74474573e-01 6.35052860e-01 5.97924650e-01 4.51557040e-01
    5.45962453e-02 4.01888371e-01 6.00224257e-01 2.81961203e-01
    7.72247672e-01 6.95330143e-01 1.01050079e-01 7.73268580e-01
    1.37035787e-01 8.69782805e-01 4.00736034e-01 2.64888406e-01
    7.92423189e-01 9.03723240e-01 7.15107620e-02 6.85788810e-01
    3.46046209e-01 3.35903764e-01 8.08602691e-01 8.99998426e-01
    7.55651355e-01 6.20779097e-01 5.48067033e-01 9.97487664e-01
    5.99604368e-01 3.44584703e-01 3.84566486e-02 2.93016076e-01
    7.02263117e-01 9.31772828e-01 6.04135990e-02 6.21724248e-01
    6.62642479e-01 8.31421018e-01 1.05741620e-03 9.38934088e-02
    5.39133608e-01 1.91033363e-01 7.67785549e-01 3.48288119e-01
    6.11960411e-01 9.23038244e-01 1.43733859e-01 8.66019845e-01
    5.44599235e-01 8.52251172e-01 4.31075156e-01 9.32504177e-01
    8.55149865e-01 9.66550708e-01 8.60766649e-01 3.20087373e-01
    6.36362016e-01 1.39726311e-01 1.82032585e-02 6.46069407e-01
    9.87494648e-01 3.06346953e-01 8.32400084e-01 4.18378115e-01
    3.41617465e-01 2.30235040e-01 4.67628241e-03 2.98672020e-01
    7.88956404e-01 7.93668270e-01 6.59670711e-01 2.73148626e-01
    1.59094512e-01 9.61875677e-01 3.50834340e-01 1.72817677e-01
    3.44324648e-01 5.06491482e-01 9.34130549e-02 3.99142653e-01
    1.07439876e-01 2.67922908e-01 1.41408771e-01 2.60543317e-01
    5.11658847e-01 1.78597718e-01 3.74195904e-01 4.74937558e-02
    1.12110347e-01 3.90796721e-01 7.85219669e-02 4.27316129e-02
    8.48574221e-01 8.06376994e-01 9.73778546e-01 1.00123286e-02
    3.63091767e-01 9.46770310e-01 7.15013683e-01 9.49531198e-02
    6.13477886e-01 9.99302268e-01 4.15513575e-01 7.93827415e-01
    3.75852704e-01 5.30648768e-01 8.57220531e-01 1.46704018e-02
    9.69842017e-01 3.29714954e-01 9.48590159e-01 7.02785254e-02
    5.63865483e-01 3.32056046e-01 1.28840059e-01 5.08139789e-01
    9.22904611e-02 7.36263156e-01 5.95983982e-01 8.99404645e-01
    2.31805444e-03 5.81561327e-01 3.57422829e-01 6.76890850e-01
    3.24294835e-01 4.66653466e-01 8.80499184e-01 7.54874051e-02
    9.40763175e-01 7.89597452e-01 9.52148616e-01 9.31065559e-01
    6.20554447e-01 2.25845754e-01 9.51936841e-03 5.78005672e-01
    9.18783426e-01 5.38155079e-01 4.86844331e-01 7.99233496e-01
    1.79161221e-01 2.66814113e-01 2.59370655e-01 4.11826968e-02
    6.07843697e-02 1.96775287e-01 8.35798860e-01 1.22041821e-01
    9.25683975e-01 9.32594657e-01 2.60352522e-01 5.14359832e-01
    6.23401999e-02 3.10678482e-01 8.18790436e-01 6.94578886e-02
    5.05006313e-01 9.78043854e-01 3.31150144e-01 3.25169265e-02
    3.13293755e-01 1.31996065e-01 1.07663661e-01 1.57854855e-01
    2.17995644e-02 6.42079890e-01 4.75080073e-01 3.79242897e-02
    2.07013875e-01 6.12939179e-01 1.93051875e-01 9.51920331e-01
    2.06593573e-01 2.69776285e-02 8.78239512e-01 5.75454950e-01
    3.60598028e-01 1.36614203e-01 2.80814558e-01 5.97513556e-01
    1.62611395e-01 7.14907765e-01 4.89926338e-01 2.74963140e-01
    6.19160175e-01 3.71981114e-01 3.33443403e-01 4.45449352e-02
    6.76830113e-01 9.51022267e-01 2.55294472e-01 8.04415703e-01
    6.22606933e-01 9.25131321e-01 9.60537076e-01 7.78358698e-01
    6.37235463e-01 1.07757449e-01 7.25116730e-02 9.41452563e-01
    1.32176429e-01 3.03874075e-01 3.68814945e-01 3.43418628e-01
    5.53973973e-01 2.37941027e-01 1.82045996e-01 1.29981726e-01
    1.71226799e-01 9.43950295e-01 1.46295547e-01 9.06776309e-01
    7.84673095e-01 4.21241581e-01 1.20118290e-01 1.82945192e-01
    8.09541285e-01 3.64450574e-01 3.40214700e-01 7.66782582e-01
    4.95756805e-01 7.95452237e-01 8.61547828e-01 1.16781920e-01
    5.58543205e-01 5.05054176e-01 9.46663260e-01 5.75445652e-01
    7.07055330e-01 6.42925620e-01 4.69018310e-01 6.17024720e-01
    8.04200768e-03 3.01188231e-03 2.34677583e-01 7.53717542e-01
    1.08717740e-01 8.64551544e-01 1.59174800e-02 3.72060061e-01
    6.41348481e-01 6.11854196e-02 6.38702929e-01 4.16954160e-01
    9.00091469e-01 4.98213679e-01 8.05749655e-01 2.57980466e-01
    8.21914554e-01 9.60112035e-01 4.31213081e-01 7.52728105e-01
    2.06273764e-01 6.42482281e-01 9.61881518e-01 1.75051004e-01
    9.30533767e-01 9.79079425e-01 9.65584278e-01 4.97054309e-01
    9.78275299e-01 3.77174944e-01 7.86720812e-01 2.20869631e-01
    5.63218653e-01 4.43671048e-02 7.80465305e-02 9.57657516e-01
    3.99266064e-01 2.17250913e-01 4.74328041e-01 6.84282780e-01
    3.81521642e-01 4.27567244e-01 4.84451801e-01 7.06185937e-01
    5.96310258e-01 4.11904752e-01 9.15429115e-01 2.79803872e-01
    6.57438278e-01 3.43171984e-01 6.38183296e-01 6.77297890e-01
    3.95343840e-01 3.97441745e-01 6.23113930e-01 6.54316902e-01
    5.25847971e-01 3.08073848e-01 3.61210048e-01 7.71650910e-01
    5.20823598e-02 1.79477841e-01 6.68455064e-01 4.42519724e-01</data></test_img>
<my_img type_id="opencv-matrix">
  <rows>128</rows>
  <cols>256</cols>
  <dt>f</dt>
  <data>
    1.14510739e+00 1.47398043e+00 -3.28072697e-01 -1.54188871e-02
    5.21313131e-01 1.51551938e+00 -7.29812920e-01 5.33312440e-01
    -7.01787531e-01 -5.15311360e-02 9.31373835e-02 -4.69576597e-01
    3.01983953e-01 -2.84912825e-01 1.31476665e+00 3.62965763e-01
    8.49292278e-01 1.48623037e+00 1.36408520e+00 9.67282414e-01
    -1.45021498e-01 5.41808307e-01 1.24003661e+00 1.15711010e+00
    1.15479112e+00 4.72927690e-01 1.39145327e+00 9.70735192e-01
    5.33545375e-01 3.23746562e-01 -3.86837184e-01 5.32777011e-01
    4.62336302e-01 2.57563949e-01 2.60307968e-01 1.07524097e-01
    9.14424062e-01 8.10208857e-01 1.51840234e+00 1.20978606e+00
    2.36198962e-01 1.40084863e+00 9.92532134e-01 6.79306388e-01
    1.55218601e-01 7.18841314e-01 1.99887633e-01 1.59204268e+00
    1.28047895e+00 3.35287511e-01 1.69063985e+00 3.47091079e-01
    1.69853091e-01 1.48630357e+00 7.67624319e-01 9.61533606e-01
    1.27097261e+00 -6.37575865e-01 -8.53550434e-02 1.04168308e+00
    1.55157268e+00 2.04332054e-01 1.09114575e+00 3.82829309e-02
    8.61126781e-02 1.42045259e+00 1.12350988e+00 -4.08484787e-01
    -7.34514594e-02 1.06585979e+00 -2.23190665e-01 1.25419557e+00
    7.68205464e-01 9.25991118e-01 5.54829240e-01 -1.68827802e-01
    -3.77595454e-01 3.16875160e-01 1.24369287e+00 -7.03173637e-01
    -4.81683969e-01 -2.60624349e-01 -4.50095713e-01 -6.75518513e-01
    1.02116823e-01 1.30902457e+00 1.03080606e+00 7.68978357e-01
    4.16820526e-01 3.98369372e-01 4.78910863e-01 1.29459178e+00
    -2.78605193e-01 -3.09383184e-01 1.05192423e+00 1.27735424e+00
    -5.68787515e-01 -6.08437061e-02 -2.30569243e-02 7.27470040e-01
    -4.73472923e-01 7.70493150e-02 -1.71793073e-01 1.73971736e+00
    2.20597863e-01 8.60404253e-01 9.52772617e-01 7.69313216e-01
    9.63957191e-01 7.20369518e-01 1.08489656e+00 1.37811935e+00
    1.37562442e+00 -6.52477205e-01 1.22786045e+00 1.53311718e+00
    1.05177140e+00 1.27261174e+00 3.15455735e-01 -6.38134897e-01
    3.88606787e-01 3.69930923e-01 6.22028828e-01 5.84542215e-01
    3.94584745e-01 1.69045603e+00 1.46160901e-01 -7.18061030e-02
    1.85993624e+00 6.48825765e-02 8.90673757e-01 1.51211262e+00
    2.17102766e-02 8.13685060e-02 5.60279250e-01 1.00428462e-02
    1.71445632e+00 -4.43406612e-01 2.53589272e-01 1.78448558e+00
    1.93388224e-01 -1.02359504e-01 8.24088037e-01 -5.03961563e-01
    -1.14881188e-01 5.49628973e-01 3.19875896e-01 -1.35249734e-01
    6.85052335e-01 -4.35223132e-01 1.06991124e+00 -4.34698731e-01
    -2.30449855e-01 -3.89390379e-01 -5.85239828e-01 1.45498633e+00
    7.60059118e-01 -4.29715127e-01 -8.91000032e-03 2.88492739e-01
    6.15092933e-01 1.40830636e+00 3.89626622e-02 -2.11071789e-01
    9.04946327e-02 1.43690014e+00 8.75015080e-01 1.63471723e+00
    1.52788711e+00 5.11458457e-01 1.46422219e+00 -4.90603894e-01
    4.99259055e-01 1.63989925e+00 5.22000790e-02 3.23396325e-02
    7.07727134e-01 1.06608415e+00 -3.95901173e-01 9.26520586e-01
    -1.78531587e-01 -6.94920659e-01 1.66863990e+00 1.36606097e+00
    7.67522633e-01 -5.89631140e-01 1.39250135e+00 1.82963014e-02
    1.90316141e-01 1.08379209e+00 7.75262892e-01 2.74497807e-01
    5.77541471e-01 -9.36242938e-02 -2.27017403e-02 1.29895151e+00
    1.34821010e+00 5.42495131e-01 -3.50721925e-01 8.41979802e-01
    9.46694374e-01 1.13678706e+00 8.04912329e-01 1.63203716e+00
    -5.23941159e-01 3.44334960e-01 1.52590990e+00 1.06724596e+00
    1.27635181e-01 1.86391532e-01 2.58779347e-01 4.49561238e-01
    1.64646697e+00 -1.03388250e-01 4.35720623e-01 3.59129965e-01
    1.00250888e+00 -7.18898535e-01 6.78104699e-01 1.57331812e+00
    7.80312240e-01 5.90288639e-03 1.29042685e+00 1.13696504e+00
    -3.02285969e-01 -5.53240657e-01 1.89404547e-01 1.33326936e+00
    -3.45554799e-01 -6.05730057e-01 -1.11709327e-01 1.08102119e+00
    -3.83347094e-01 1.00077748e+00 1.01843166e+00 -5.18632650e-01
    -4.68308181e-01 1.16108704e+00 -1.73397064e-02 -6.30463600e-01
    -2.72210866e-01 -1.89632267e-01 -4.82522726e-01 3.29295874e-01
    1.47273254e+00 4.91231084e-01 2.41835773e-01 -8.55803490e-02
    6.30021095e-01 -3.01976800e-02 9.36832905e-01 1.35155797e+00
    -5.46153903e-01 1.57974482e+00 1.44521677e+00 1.51843333e+00
    -6.72250390e-02 6.71777725e-01 9.77821767e-01 1.27177286e+00
    5.98059893e-01 -7.61539698e-01 7.10313737e-01 1.68231964e+00
    1.48166847e+00 1.67087376e-01 8.25646818e-01 -4.58525538e-01
    2.36201227e-01 -5.03299534e-01 5.00807226e-01 2.44159281e-01
    -1.63658142e-01 1.49053907e+00 1.18484020e-01 7.34049916e-01
    4.79402959e-01 8.13787401e-01 1.72506154e-01 -2.31899321e-01
    1.29170966e+00 1.04876852e+00 -4.23664480e-01 1.74987197e-01
    9.94532526e-01 2.30076373e-01 1.21496916e-02 8.54349673e-01
    8.89193058e-01 -8.56060982e-02 7.52499759e-01 1.40919590e+00
    8.54336023e-01 4.33147550e-01 -3.18854660e-01 -3.53837222e-01
    2.43969560e-02 1.03137958e+00 1.00869167e+00 5.39787591e-01
    -4.87637520e-02 -2.91567832e-01 4.93011236e-01 -2.42599517e-01
    2.99133837e-01 1.76286995e+00 -5.18348217e-01 -1.67028844e-01
    1.37908983e+00 8.20196688e-01 6.31603241e-01 8.82624567e-01
    1.46648002e+00 -7.96322823e-02 1.13693702e+00 1.53760076e-01
    8.79802763e-01 1.38023520e+00 -7.13060141e-01 1.06190562e-01
    1.00430632e+00 4.27423060e-01 -1.47862017e-01 2.13330984e-02
    6.94260418e-01 6.35516047e-01 8.06326509e-01 1.26382911e+00
    5.06225169e-01 -2.83128500e-01 6.86974704e-01 1.13851905e-01
    -5.65979600e-01 5.36855459e-01 7.55559146e-01 -1.66164339e-01
    8.98712814e-01 -1.65059507e-01 6.88684583e-01 1.60670519e+00
    -5.72920144e-01 1.04082239e+00 1.32793736e+00 3.21751237e-02
    4.58112359e-01 7.41886079e-01 -6.81544244e-01 7.22972214e-01
    1.00861883e+00 1.00643110e+00 1.12112093e+00 2.11968482e-01
    3.42920542e-01 1.30987859e+00 6.76268160e-01 1.27055526e+00
    5.83431423e-01 -4.87458110e-01 -4.88366187e-02 -3.94182831e-01
    3.63538444e-01 -2.34627157e-01 7.55193591e-01 -2.25687027e-01
    1.60257041e-01 1.05225325e+00 9.05377507e-01 1.13458955e+00
    3.63688827e-01 -4.41076040e-01 1.78865850e-01 1.05072927e+00
    -8.32888007e-01 5.14202476e-01 1.05347455e+00 6.69959128e-01
    4.76790428e-01 5.92952311e-01 -4.09020722e-01 -2.86136925e-01
    7.67729700e-01 2.11378425e-01 -1.48563534e-01 3.56787086e-01
    1.32683039e+00 -8.27084780e-02 1.09589338e-01 1.41598582e-01
    1.55807543e+00 1.64093828e+00 1.21142709e+00 2.12733507e-01
    -3.18227828e-01 4.10429955e-01 1.50456834e+00 -2.40494013e-01
    1.19490671e+00 -2.50504732e-01 2.20636606e-01 -5.36791623e-01
    1.14369714e+00 4.32885528e-01 5.88930905e-01 6.55717790e-01
    1.05718672e+00 2.80537724e-01 -5.49462378e-01 1.04324079e+00
    -6.29877329e-01 1.53264868e+00 -6.16461337e-01 8.93770933e-01
    4.64652359e-01 1.41266942e+00 -3.04776222e-01 6.98006451e-01
    1.03703618e+00 2.56360471e-01 4.91314709e-01 4.38687563e-01
    1.21586835e+00 8.92575920e-01 -6.21767759e-01 8.68101776e-01
    9.35902417e-01 -1.20185435e-01 1.10815215e+00 3.47188175e-01
    7.98041403e-01 1.18891144e+00 3.86295319e-02 1.06129682e+00
    6.17435575e-01 1.15887022e+00 -4.74773616e-01 -3.69523168e-02
    1.32233727e+00 7.11442590e-01 -3.06580633e-01 6.06811225e-01
    -6.15414977e-02 -3.50845426e-01 8.58711839e-01 1.35553479e-01
    1.14862633e+00 1.51745009e+00 7.21872389e-01 1.91810668e-01
    7.92967260e-01 9.67286170e-01 6.65278792e-01 1.33069253e+00
    -6.60031438e-01 8.16556096e-01 -3.17025661e-01 1.93717420e-01
    5.58934808e-01 6.60313368e-01 6.53249025e-03 6.92652106e-01
    3.55761409e-01 -6.44047976e-01 4.38340068e-01 -6.42226279e-01
    4.45468605e-01 5.86660445e-01 5.24358690e-01 1.61875033e+00
    1.24064386e-01 5.20854831e-01 -4.83693063e-01 3.83590162e-01
    1.04879022e+00 -8.36080313e-03 -6.58557653e-01 8.81873727e-01
    3.19903135e-01 7.13538706e-01 4.62140203e-01 1.45136070e+00
    3.55358720e-01 1.21070647e+00 2.79019654e-01 1.13102615e+00
    1.33933926e+00 6.17975593e-02 -3.16885978e-01 1.08769071e+00
    1.01406980e+00 4.39423800e-01 1.63220954e+00 -4.22511846e-01
    6.34760916e-01 7.08993554e-01 -4.73030925e-01 1.31678951e+00
    -3.41457367e-01 -5.66617429e-01 -4.66018856e-01 -1.09784305e-01
    1.52478957e+00 5.55169404e-01 1.22194266e+00 4.71706927e-01
    8.86972010e-01 -2.02704430e-01 4.67919767e-01 1.52337873e+00
    -5.10034919e-01 -3.54327619e-01 1.01319766e+00 1.23435390e+00
    -2.56941915e-01 1.07326984e+00 -1.02135360e-01 9.15289938e-01
    6.96758807e-01 -3.65190953e-01 1.44139063e+00 -6.96415782e-01
    5.44955552e-01 1.28978252e+00 1.42688131e+00 -5.08297086e-02
    5.01668453e-02 -4.05636042e-01 -5.31899214e-01 1.33274269e+00
    4.69635546e-01 8.17810893e-02 7.57067621e-01 -6.08151376e-01
    -1.60920024e-01 3.80819559e-01 1.59492147e+00 2.46389508e-01
    4.22330499e-01 1.58504629e+00 2.53469050e-01 4.78933811e-01
    8.23453188e-01 1.71491861e+00 1.56802487e+00 -3.12948823e-02
    -5.77973664e-01 1.64445376e+00 -5.84022164e-01 1.24387121e+00
    1.18984461e+00 6.38912678e-01 -5.62469006e-01 4.08792675e-01
    -7.23062158e-02 1.36831212e+00 -4.55416441e-02 7.93419302e-01
    -3.75630438e-01 1.28495193e+00 1.41488981e+00 -6.44425750e-02
    -2.47339010e-01 -2.86179632e-01 -3.17241549e-02 5.98671794e-01
    3.04818630e-01 7.58670211e-01 -6.06500268e-01 9.61076200e-01
    -3.83856922e-01 -1.56578541e-01 2.97257483e-01 3.36325884e-01
    9.31051910e-01 3.12371433e-01 1.20727706e+00 1.06525970e+00
    -1.58103883e-01 -1.18541420e-01 4.34403658e-01 9.42735076e-01
    5.08885145e-01 -1.17976427e-01 1.61236763e+00 -5.21623492e-01
    1.03276575e+00 4.54236865e-01 1.36431813e+00 3.94578874e-01
    5.24651229e-01 1.66192067e+00 5.22637188e-01 9.44386184e-01
    4.54831481e-01 1.66579592e+00 1.31431150e+00 1.36773837e+00
    6.27558768e-01 8.97875071e-01 1.05278492e+00 2.65739501e-01
    1.28700972e+00 4.77792621e-02 -4.35304046e-01 -5.75314164e-01
    1.56777430e+00 -1.23838186e-02 1.17710972e+00 1.33969128e-01
    -3.44912350e-01 1.03278947e+00 1.23139131e+00 6.82377994e-01
    6.82349324e-01 4.31099534e-01 1.46793020e+00 -3.45507562e-01
    1.94899738e-01 -4.00604010e-01 -5.72721422e-01 1.42020893e+00
    3.41992497e-01 2.86530375e-01 -6.75272346e-01 1.03375077e+00
    1.23799443e-02 1.54785275e+00 1.46430910e-01 1.02545369e+00
    5.27538121e-01 1.18546200e+00 1.23528218e+00 1.06544828e+00
    9.21692669e-01 4.83319998e-01 2.83605754e-01 3.16873312e-01
    5.09033620e-01 1.03467107e+00 2.43249357e-01 -7.49418139e-02
    -4.17493820e-01 -5.75596690e-02 1.00781810e+00 1.01907432e+00
    9.61402714e-01 5.17449975e-02 -1.84160590e-01 -1.38044477e-01
    1.37928796e+00 8.08785081e-01 1.01991463e+00 9.05980468e-02
    1.50721765e+00 4.64013457e-01 1.26994371e-01 4.20221686e-02
    6.22628808e-01 -9.98973846e-05 -3.86003911e-01 3.18276465e-01
    7.90264904e-01 1.17560029e-01 -5.95116079e-01 1.70580423e+00
    -2.93579310e-01 9.08670187e-01 -3.45640033e-01 5.39575219e-02
    4.49493885e-01 1.42493224e+00 3.81900489e-01 5.60125113e-02
    1.63832903e-02 1.01612175e+00 3.07895780e-01 -1.67509913e-02
    -5.23719549e-01 -4.05526131e-01 1.20730877e+00 4.35753226e-01
    8.28113735e-01 1.22463679e+00 9.37831640e-01 4.18084800e-01
    -2.12256491e-01 1.55003381e+00 1.55865121e+00 3.83487284e-01
    1.38126445e+00 1.59350741e+00 6.14074171e-01 1.61369419e+00
    -1.65480167e-01 7.97300100e-01 -8.90046358e-02 2.96013653e-01
    6.32875621e-01 8.37090015e-01 6.46172762e-01 3.13098073e-01
    5.44880092e-01 1.26564813e+00 7.53628612e-02 -5.38739026e-01
    1.85778177e+00 -3.80007744e-01 -1.82714492e-01 1.70501399e+00
    -2.51074582e-01 1.32660246e+00 9.15666938e-01 9.98951197e-02
    1.77230060e-01 1.52701008e+00 -7.27839708e-01 5.16527593e-01
    2.23637521e-01 -8.54772329e-03 1.47741067e+00 4.92800057e-01
    1.04650962e+00 8.39797676e-01 4.95662451e-01 8.99279118e-03
    4.54162002e-01 2.19115138e-01 -3.61497968e-01 1.60002089e+00
    8.74502957e-01 6.43846989e-01 -4.45958704e-01 9.71165955e-01
    -3.01456064e-01 5.13157129e-01 -7.15341747e-01 8.08890939e-01
    1.46340764e+00 4.85588372e-01 9.36962545e-01 1.22883666e+00
    -2.51287818e-02 1.48425031e+00 1.53446794e-01 -2.26920456e-01
    -5.21339774e-01 1.26829720e+00 4.59349453e-01 1.59290171e+00
    4.76317406e-01 1.56239676e+00 -2.82044202e-01 1.20324111e+00
    7.85090327e-01 7.78133929e-01 1.82322979e+00 7.80121326e-01
    7.07109034e-01 5.71127832e-01 8.25268507e-01 -2.62590766e-01
    1.56637311e+00 9.82584119e-01 -4.40834999e-01 3.10948253e-01
    3.85851741e-01 3.91308606e-01 1.05739069e+00 2.79107213e-01
    3.94084275e-01 9.23785567e-01 1.18247938e+00 7.95673847e-01
    1.24411082e+00 1.08296990e+00 -2.43214488e-01 8.46487045e-01
    -4.79987830e-01 8.45980406e-01 1.21185422e+00 1.53013420e+00
    1.09032571e-01 1.11668921e+00 1.14220035e+00 5.00428259e-01
    -7.03869820e-01 -5.61937809e-01 4.72854912e-01 1.69334579e+00
    1.52995074e+00 2.97234833e-01 1.56556809e+00 1.37019825e+00
    -5.85561812e-01 4.94243681e-01 1.47672153e+00 1.02522969e-02
    1.23610997e+00 1.65835798e-01 -5.74839592e-01 -3.99345785e-01
    9.07697737e-01 -3.14310342e-01 1.07281566e-01 -6.57868445e-01
    1.05763328e+00 6.77817941e-01 1.18318450e+00 1.70936489e+00
    3.44634593e-01 5.76014876e-01 1.70266438e+00 1.48061287e+00
    1.30301547e+00 6.98172152e-01 -2.93564677e-01 1.23965228e+00
    8.49636853e-01 9.76745427e-01 -4.47604060e-02 5.93985081e-01
    2.25603700e-01 6.22628450e-01 4.19074714e-01 -3.91671091e-01
    -3.24115813e-01 1.22561264e+00 7.62711465e-01 1.30432677e+00
    1.03035855e+00 -3.56452465e-01 1.42571163e+00 -5.34974217e-01
    8.11720729e-01 2.47059464e-02 5.16198337e-01 -5.81551194e-02
    1.18589318e+00 9.54011142e-01 -5.58461964e-01 1.49783552e-01
    -5.35405338e-01 1.69108331e-01 1.70771432e+00 1.05082440e+00
    7.43564904e-01 3.51318240e-01 -9.70721245e-03 -1.68137670e-01
    1.62970030e+00 1.60095429e+00 3.25073361e-01 -3.70935649e-01
    -1.54933572e-01 1.38627553e+00 -2.12571383e-01 -4.70081806e-01
    -4.37048078e-02 1.24255276e+00 -3.62571478e-02 -4.79401886e-01
    1.38026381e+00 1.27519846e+00 3.60143900e-01 2.86884964e-01
    1.32890666e+00 4.18816209e-02 -6.18025661e-01 1.04076934e+00
    4.25385416e-01 -1.87644333e-01 1.75070822e-01 8.54425848e-01
    3.15833688e-01 1.71783590e+00 -4.95091200e-01 1.47804523e+00
    1.51723492e+00 1.18720794e+00 6.29289508e-01 -1.22131526e-01
    -3.66932362e-01 2.87919402e-01 9.66465771e-01 -2.81624198e-02
    1.04621673e+00 7.90482104e-01 1.36906636e+00 1.51593518e+00
    9.03573453e-01 -4.58739996e-01 3.99935782e-01 4.00154412e-01
    -6.80505335e-02 -8.66758823e-03 -1.55597806e-01 -1.87435567e-01
    -2.82500744e-01 1.64635062e-01 1.57241583e+00 5.93235075e-01
    1.22279501e+00 -8.08633268e-01 7.13492393e-01 3.92148018e-01
    1.59128594e+00 1.52157319e+00 7.88606167e-01 2.15116262e-01
    1.63747036e+00 -1.52485788e-01 1.16025424e+00 1.21615624e+00
    2.46193051e-01 -2.97842383e-01 -5.56746125e-01 1.17189884e+00
    2.37838030e-01 -6.11594439e-01 1.72705984e+00 6.77910268e-01
    1.42335272e+00 2.16655374e-01 8.96619856e-01 -3.80072236e-01
    9.69224393e-01 1.08596802e+00 1.55615926e+00 -6.34052157e-02
    -3.71885687e-01 2.66753972e-01 1.61020696e-01 1.27972341e+00
    1.40621507e+00 2.71949232e-01 1.13357973e+00 1.02189279e+00
    5.06276190e-01 6.86197400e-01 1.44984007e-01 1.07291961e+00
    -1.14527822e-01 -2.69536704e-01 -6.27985597e-02 5.96789360e-01
    -9.95170474e-02 9.99457479e-01 5.98698974e-01 2.88462937e-01
    -1.90312266e-02 7.51594365e-01 3.34270120e-01 6.41703844e-01
    1.22111464e+00 2.74083018e-01 -6.99395537e-01 9.19425666e-01
    -4.23024744e-01 -5.97062826e-01 2.90474594e-01 -2.15872198e-01
    1.96435988e-01 -9.92022157e-02 -1.36770695e-01 1.09399176e+00
    -6.39622092e-01 7.41956532e-01 1.51893151e+00 -7.34580994e-01
    1.31138945e+00 8.21599960e-01 1.42544293e+00 1.29673028e+00
    3.39157462e-01 1.28791046e+00 3.80689859e-01 1.23129988e+00
    8.93248618e-01 -4.66813743e-01 3.31500649e-01 3.96064162e-01
    4.47535515e-02 -4.46549833e-01 1.08682394e+00 7.08596468e-01
    1.78671908e+00 1.96672142e-01 -6.34228587e-01 7.77862608e-01
    1.12920070e+00 1.49173319e-01 3.66725564e-01 7.99427807e-01
    8.39033067e-01 7.17651367e-01 9.67357993e-01 1.42732930e+00
    1.81648731e-02 1.11951327e+00 1.15636730e+00 1.53739107e+00
    1.11231828e+00 5.12450397e-01 1.04468369e+00 6.50559187e-01
    4.87872183e-01 3.55425417e-01 -6.29126489e-01 1.75358164e+00
    -2.61209548e-01 5.34038544e-02 1.03710425e+00 2.06165850e-01
    1.09596801e+00 -1.89041972e-01 1.30940366e+00 -5.88643909e-01
    -7.31096625e-01 -1.61863923e-01 1.57365084e+00 1.35906386e+00
    1.31405783e+00 1.23150671e+00 5.03847718e-01 -5.42498648e-01
    -4.28873807e-01 8.20966184e-01 2.64896154e-02 1.18107235e+00
    -2.26004720e-01 1.48699760e+00 1.05336094e+00 -3.75687003e-01
    -2.59885699e-01 9.84678268e-01 -3.95402074e-01 5.32161951e-01
    6.21437550e-01 6.51899934e-01 1.64631057e+00 1.31381178e+00
    1.16863561e+00 1.24861646e+00 1.77610683e+00 3.29092622e-01
    -2.77340561e-01 9.01618004e-01 -2.84377128e-01 1.47010684e-01
    -6.10481143e-01 7.12408304e-01 1.06196427e+00 -3.61042023e-01
    3.33667636e-01 1.51162386e+00 -4.45423722e-02 -5.01102388e-01
    1.25318992e+00 8.27202678e-01 5.68855226e-01 1.11136866e+00
    5.15432179e-01 1.12953782e+00 2.97505677e-01 1.12159944e+00
    -2.41036773e-01 8.62648427e-01 -5.86700439e-03 -7.46646821e-01
    1.12631679e+00 9.63862240e-01 -1.93270683e-01 -2.91518897e-01
    8.13966274e-01 7.18364894e-01 9.40381169e-01 1.65676177e-01
    1.27600169e+00 8.25389802e-01 -4.14855242e-01 1.43480921e+00
    1.16337919e+00 1.28540015e+00 1.16895270e+00 1.37514496e+00
    8.28961492e-01 9.66882110e-02 1.01035094e+00 1.16570818e+00
    7.34896421e-01 3.97503316e-01 -5.78837514e-01 1.54178536e+00
    6.67365074e-01 8.39149058e-01 9.90203440e-01 -6.42214060e-01
    -3.87751043e-01 -2.92152286e-01 1.26640737e-01 1.16150844e+00
    2.03163981e-01 8.96919250e-01 5.55446565e-01 1.12432659e-01
    2.86823511e-01 -6.46591663e-01 3.10678899e-01 1.25879359e+00
    1.46467662e+00 8.08712482e-01 3.63181591e-01 -5.55600107e-01
    3.39592695e-01 1.24160695e+00 1.69149232e+00 5.89853823e-01
    2.47685313e-01 1.97723627e-01 5.92963874e-01 2.77122915e-01
    -2.64436305e-01 1.51326799e+00 8.95316303e-01 4.70721185e-01
    7.47493386e-01 -4.98306751e-02 8.12914550e-01 5.52725673e-01
    8.12423229e-01 1.03317142e+00 2.67589092e-01 1.39358056e+00
    -4.77827400e-01 7.82060087e-01 1.36157596e+00 3.13163459e-01
    1.16687059e+00 1.53610718e+00 1.37547898e+00 1.33183670e+00
    -5.85697889e-01 -8.44323993e-01 3.89806688e-01 6.44717455e-01
    1.45948863e+00 -6.23138487e-01 1.03631067e+00 1.29831624e+00
    -1.77360743e-01 1.89824641e+00 1.08575892e+00 -7.75754750e-02
    3.32228005e-01 1.12562609e+00 1.48590946e+00 1.32361841e+00
    1.54956198e+00 8.10843110e-02 7.77582228e-01 1.36149335e+00
    -1.80136979e-01 3.78300726e-01 1.89274609e-01 5.88620961e-01
    1.37052429e+00 -1.59914434e-01 1.30389559e+00 6.32782638e-01
    8.98706079e-01 1.61079979e+00 8.68037641e-01 1.80573833e+00
    5.77362359e-01 7.57853448e-01 9.80754733e-01 -3.48370463e-01
    -1.63595915e-01 2.58201182e-01 5.48162401e-01 -4.52705383e-01
    1.09262109e+00 -5.76052666e-02 2.04978347e-01 3.69981289e-01
    -4.96916264e-01 1.91115737e-02 8.58398676e-02 7.76004791e-02
    1.12332654e+00 1.17739415e+00 -3.45829368e-01 -6.39600813e-01
    8.45546901e-01 -6.33970141e-01 -5.30263007e-01 -2.08207250e-01
    6.83524489e-01 4.49444056e-02 -1.29613459e-01 2.08273709e-01
    -2.02095509e-02 8.60444486e-01 1.17884231e+00 2.45910883e-03
    -1.93022847e-01 1.36642456e+00 8.86532664e-01 7.15491474e-01
    -3.62819284e-01 4.00438607e-01 -7.76316166e-01 3.67584229e-01
    1.70860028e+00 -2.28386849e-01 -5.19303799e-01 1.45608354e+00
    9.64179099e-01 1.32772613e+00 -5.83428502e-01 7.68659770e-01
    8.34097147e-01 9.53124166e-02 4.61263776e-01 9.53993261e-01
    -1.97294235e-01 8.37314963e-01 1.09409833e+00 1.52292395e+00
    -7.46077180e-01 1.71955049e+00 1.37996435e-01 1.95717216e-02
    1.03489983e+00 -3.42049301e-01 -2.57132530e-01 4.12190735e-01
    1.69741702e+00 1.38043427e+00 3.07622969e-01 -2.36858547e-01
    1.45199680e+00 -4.96735096e-01 -3.61815959e-01 1.38253665e+00
    7.89891243e-01 4.57345843e-02 8.52649570e-01 -3.92576963e-01
    1.35972881e+00 7.81793654e-01 -2.36910641e-01 -2.17474580e-01
    1.36364961e+00 -5.92703938e-01 -1.23671710e-01 2.91702569e-01
    2.25998044e-01 -6.90077543e-01 4.25935686e-01 -3.55683714e-01
    1.52901304e+00 -3.55083585e-01 1.00898206e+00 1.05691624e+00
    -6.36574447e-01 -6.59843564e-01 7.19500303e-01 2.35468507e-01
    4.85703766e-01 1.48255086e+00 1.29149032e+00 1.42229652e+00
    1.13126516e+00 9.29931223e-01 1.14510870e+00 3.73583436e-02
    -8.15709293e-01 1.20805645e+00 2.42703557e-02 4.11846697e-01
    -5.48681617e-02 1.30867767e+00 6.28094196e-01 1.07397699e+00
    -6.06680691e-01 1.58400929e+00 9.14239168e-01 -5.99603295e-01
    5.66946149e-01 5.47752976e-01 1.00908422e+00 8.65981817e-01
    -7.25256026e-01 8.22981000e-01 -4.35269684e-01 -1.97319865e-01
    4.27076161e-01 5.70808470e-01 -1.23404562e-01 1.14152145e+00
    -1.96897626e-01 -4.64191735e-01 9.67769980e-01 1.38027608e-01
    6.95942342e-01 1.59697890e+00 6.47140145e-02 1.48826623e+00
    2.41785586e-01 6.04349911e-01 -2.41403580e-02 1.30630875e+00
    6.14330649e-01 1.56521821e+00 8.08638155e-01 1.11999178e+00
    -1.01283729e-01 1.24726713e-01 6.27510488e-01 -6.29377007e-01
    -4.90571588e-01 5.60714483e-01 6.74273551e-01 7.99585640e-01
    -5.23331940e-01 -1.27083004e-01 1.11551762e+00 1.19904494e+00
    -2.84119338e-01 1.14491463e+00 1.25371242e+00 1.12990296e+00
    -4.97904420e-02 -2.70358115e-01 1.49988651e-01 1.48335981e+00
    1.61927485e+00 1.04296219e+00 6.01530552e-01 -5.15107155e-01
    -3.64394248e-01 6.54371262e-01 -2.57823974e-01 5.97398341e-01
    1.63711309e+00 8.11823249e-01 1.20066905e+00 1.16933298e+00
    -3.30750227e-01 1.04104614e+00 1.26093912e+00 3.26040626e-01
    1.11408293e-01 1.40854573e+00 1.65259480e+00 8.06228638e-01
    -6.70652568e-01 9.46476996e-01 7.71412015e-01 2.05120981e-01
    2.73290277e-01 -3.54926825e-01 6.70146942e-03 1.13506269e+00
    5.57631552e-01 -6.31225646e-01 5.53415656e-01 1.31402802e+00
    3.04931581e-01 -4.06812876e-01 -2.13285029e-01 6.77330732e-01
    -5.22575974e-01 1.18951631e+00 1.01918757e-01 -3.45848173e-01
    3.54800642e-01 5.98617435e-01 4.30354536e-01 5.51883340e-01
    -1.84390068e-01 7.87785947e-01 4.61350262e-01 4.21562254e-01
    1.27110088e+00 -5.97445548e-01 -4.08149809e-01 8.25590014e-01
    -5.58337688e-01 -5.71698129e-01 -2.58213878e-01 6.13427877e-01
    9.53461647e-01 -6.85219467e-01 -7.03367591e-02 1.63728523e+00
    1.35170901e+00 1.33565736e+00 5.96186042e-01 7.29469359e-01
    5.59071004e-01 1.54384494e+00 1.41409755e-01 5.83761334e-02
    -5.18777549e-01 9.65867162e-01 4.37578261e-02 3.01837742e-01
    -4.47469950e-03 -1.54142380e-01 -1.70634449e-01 1.21928704e+00
    1.38123274e-01 -1.81686878e-01 2.62603641e-01 8.44425976e-01
    4.84988511e-01 -7.38286376e-02 1.12844110e-01 4.23236132e-01
    -2.82539725e-02 -4.66450036e-01 8.08549464e-01 6.43711507e-01
    -2.25330353e-01 -1.21536791e-01 6.81611121e-01 1.08653712e+00
    2.94953406e-01 4.49010849e-01 1.30007410e+00 1.58441806e+00
    -3.33370328e-01 6.54509664e-02 -5.70951939e-01 9.41035628e-01
    1.65147281e+00 -6.42711341e-01 4.95790064e-01 5.65007091e-01
    1.28212333e-01 1.31657290e+00 1.18417478e+00 1.21441185e+00
    8.19187820e-01 -2.60466933e-01 1.19630241e+00 3.27173829e-01
    1.46209800e+00 8.90965223e-01 1.58379865e+00 3.43789816e-01
    7.93379545e-02 9.87938285e-01 4.55015421e-01 1.60079467e+00
    6.80927277e-01 1.37453103e+00 6.51557207e-01 -1.26367807e-03
    -5.18497229e-01 -2.42707968e-01 4.50783193e-01 -1.28467679e-02
    1.47057092e+00 1.56838834e+00 1.56414390e+00 -4.05437827e-01
    1.35957074e+00 1.45319772e+00 1.65387583e+00 -3.99006516e-01
    4.11550999e-02 4.68303382e-01 -4.00018692e-03 5.97296715e-01
    9.68281627e-02 1.40893650e+00 6.38481319e-01 -5.21399498e-01
    1.00815797e+00 5.88559031e-01 1.23522937e+00 -4.75363433e-01
    1.62052178e+00 -2.90083885e-02 3.38161230e-01 3.05958986e-01
    -2.11659491e-01 -2.19050556e-01 1.18230891e+00 3.16375434e-01
    -2.06755012e-01 6.58204436e-01 5.60180843e-01 2.36442983e-01
    1.08932376e-01 1.35973930e-01 1.04387164e+00 -7.00093150e-01
    1.52683055e+00 1.33965373e+00 3.47174406e-02 8.09359133e-01
    -7.78913498e-03 -3.39327067e-01 8.94642055e-01 -3.16772193e-01
    1.54622293e+00 1.35779035e+00 1.04377270e-02 2.01687992e-01
    5.75540662e-01 -3.16704005e-01 1.41383791e+00 1.10674322e+00
    -3.20560813e-01 3.38628113e-01 7.06068516e-01 1.66812801e+00
    -4.03352678e-01 -6.26472116e-01 3.41820002e-01 1.07856929e+00
    -9.70584154e-02 -5.15987039e-01 8.42840672e-01 1.57324147e+00
    6.60977125e-01 1.58036470e-01 2.32940912e-02 -4.29184437e-01
    5.86681962e-02 1.21350396e+00 1.25991309e+00 -3.85345280e-01
    1.28593469e+00 -5.34777701e-01 -5.50621271e-01 -6.05970979e-01
    -3.22894931e-01 1.15167284e+00 -1.75822675e-01 9.30663526e-01
    1.36087584e+00 -3.80946010e-01 1.34876633e+00 2.03254998e-01
    1.00841475e+00 -7.05263257e-01 9.81068850e-01 -7.14647293e-01
    -3.62929434e-01 -7.79703557e-01 -5.34039259e-01 8.10823977e-01
    -3.03978920e-01 8.74353051e-02 8.92545164e-01 -1.64334953e-01
    1.55968070e+00 7.09416926e-01 9.27563310e-01 1.08310783e+00
    -5.17998993e-01 1.28693736e+00 8.98556888e-01 7.96838403e-02
    -2.12055653e-01 3.05060744e-01 2.57568061e-01 8.59931469e-01
    5.41632056e-01 1.55243826e+00 9.41176057e-01 5.02859473e-01
    7.84019232e-02 4.51860726e-01 -4.58262652e-01 1.32103443e+00
    1.56167150e+00 8.41803551e-01 4.93957877e-01 -7.43863344e-01
    1.27166557e+00 -4.44501817e-01 3.95773649e-02 8.66234839e-01
    -5.05286396e-01 3.05460453e-01 -5.14701605e-01 6.00353837e-01
    -1.76850796e-01 3.59348714e-01 1.19261444e-01 9.52545404e-02
    4.08747137e-01 -7.35866427e-02 3.26840699e-01 -4.96308655e-01
    1.62275004e+00 5.75206041e-01 -6.65740609e-01 -1.40812516e-01
    -5.56341171e-01 6.37380838e-01 1.61320388e-01 6.08703375e-01
    1.27958703e+00 1.68211222e+00 2.02036619e-01 1.27544260e+00
    4.66934025e-01 6.71091259e-01 9.14666176e-01 7.82693982e-01
    1.26730490e+00 9.41183567e-02 1.12244546e-01 3.91769707e-01
    4.30661142e-01 1.10451782e+00 -2.49611944e-01 1.66430116e+00
    -3.84189814e-01 1.29312658e+00 1.57977390e+00 -6.43602014e-01
    9.76276577e-01 -5.12525320e-01 1.16030240e+00 1.30411005e+00
    1.38872862e-03 5.65503538e-01 -7.69672751e-01 1.16094923e+00
    2.09530950e-01 -9.92584229e-03 1.51683080e+00 -3.67005795e-01
    -4.83627349e-01 1.44069719e+00 -1.10844672e-01 1.40814066e+00
    -6.23974204e-02 1.04925346e+00 7.43660331e-01 3.91887367e-01
    4.93498921e-01 -3.02162588e-01 4.33899164e-02 -1.21683061e-01
    6.06686115e-01 2.85339952e-02 1.24986005e+00 6.39002621e-01
    -4.09439057e-01 -3.96606177e-01 1.16660285e+00 1.50545895e-01
    3.91014218e-02 -3.30797493e-01 4.85327482e-01 2.58909643e-01
    -1.55629486e-01 2.18494058e-01 9.80584621e-02 2.01196015e-01
    1.48167038e+00 -6.39101148e-01 8.16845894e-03 1.33882463e+00
    1.19508469e+00 7.92111039e-01 -4.32523310e-01 1.39383674e+00
    -1.06768250e-01 8.98957908e-01 7.68944561e-01 6.41990960e-01
    7.00395763e-01 -6.82675540e-01 -6.62772357e-01 7.55325615e-01
    -1.16395354e-02 -1.89681292e-01 1.33152270e+00 -4.90766168e-02
    6.33261561e-01 -2.81576514e-01 9.93172884e-01 1.21929693e+00
    6.10102355e-01 5.60555875e-01 3.85506332e-01 -4.73603249e-01
    1.56027985e+00 1.35495114e+00 -3.90862405e-01 -1.86301470e-01
    4.83053386e-01 7.97983646e-01 -4.60885614e-01 8.82795215e-01
    1.28266776e+00 1.15399861e+00 1.04443967e+00 1.54117870e+00
    4.13421512e-01 -1.61520541e-01 9.09466028e-01 9.67709363e-01
    8.47201347e-01 -2.55892545e-01 -2.07559764e-01 -5.28506398e-01
    1.33711576e+00 -3.35042477e-02 -5.37127256e-02 -2.48380303e-02
    1.26881933e+00 4.57221329e-01 6.94364130e-01 1.51803303e+00
    1.43118644e+00 2.76265740e-02 -6.59323514e-01 1.15843368e+00
    -4.85903174e-01 6.31370604e-01 1.73049676e+00 9.56494451e-01
    1.34182572e-02 -1.05315477e-01 2.07834244e-02 8.07540894e-01
    4.63065028e-01 -2.12735891e-01 8.46241593e-01 -2.03622460e-01
    -4.62333500e-01 1.02131784e-01 5.49335063e-01 -2.62177914e-01
    5.56082428e-01 -2.43437588e-01 1.48198414e+00 3.51810813e-01
    7.43249714e-01 8.02141905e-01 4.21028852e-01 1.10510087e+00
    1.69538140e-01 6.62749410e-01 1.11130607e+00 8.86723638e-01
    2.66557992e-01 1.68664813e+00 7.23326802e-02 -6.27357304e-01
    6.90441906e-01 1.44918394e+00 7.05842376e-01 1.55291557e-02
    -3.93713087e-01 -4.52695549e-01 3.01760733e-01 9.13196206e-02
    1.11879992e+00 1.07042050e+00 1.07782423e+00 1.65781212e+00
    -1.75716400e-01 9.52087998e-01 1.06198907e+00 3.05159092e-02
    2.11025238e-01 8.66687238e-01 1.43781686e+00 5.56283712e-01
    1.46711040e+00 9.74920392e-01 1.14528990e+00 -7.25719571e-01
    4.66238379e-01 6.03173792e-01 1.30136454e+00 1.72617459e+00
    1.23961782e+00 -2.66337395e-03 1.60583031e+00 -3.35824311e-01
    -3.53964537e-01 1.14916563e+00 6.75853312e-01 1.15227985e+00
    3.46847892e-01 -1.55884802e-01 1.22256041e+00 1.60811520e+00
    8.79299283e-01 4.13038969e-01 1.42889559e-01 1.71337724e+00
    1.59960103e+00 -4.34351474e-01 1.16794562e+00 1.65209866e+00
    1.59896815e+00 7.20354617e-01 1.31929362e+00 1.42967248e+00
    -5.44629037e-01 6.66006386e-01 -4.89425391e-01 -4.81222868e-01
    1.60868478e+00 1.25633729e+00 -8.50818574e-01 7.52113223e-01
    -6.92449212e-02 7.07271993e-01 -4.65605915e-01 1.21067357e+00
    4.47298825e-01 1.05024159e-01 -5.64346731e-01 4.83956099e-01
    -7.51058459e-02 4.30006206e-01 -5.00224710e-01 1.75089240e+00
    -2.95674324e-01 8.21000934e-02 1.61002982e+00 1.46922469e+00
    -3.69265378e-01 1.36667323e+00 -3.47211748e-01 1.22622287e+00
    8.28799188e-01 6.34712875e-01 1.21672630e+00 1.06617236e+00
    1.24791384e+00 6.72803581e-01 2.67352760e-01 -6.74568057e-01
    1.29079461e+00 5.03138900e-02 7.61542857e-01 4.37093973e-01
    8.74293149e-01 1.09425306e-01 1.64558172e+00 6.34244084e-01
    -3.15461546e-01 -3.17757547e-01 1.41924644e+00 9.69647944e-01
    1.53948689e+00 -3.72036695e-01 1.50136828e-01 8.60903859e-01
    2.16108143e-01 1.54489064e+00 -6.38089895e-01 -7.27478147e-01
    -3.10415030e-01 1.11353207e+00 1.55672932e+00 -1.18711472e-01
    -9.61512327e-02 9.79504347e-01 8.74197602e-01 7.01893151e-01
    9.19903040e-01 8.40034485e-01 9.34350729e-01 4.01556492e-03
    -3.84250283e-01 -3.88851434e-01 1.11624098e+00 1.67175817e+00
    -3.81845534e-01 1.04706550e+00 1.20200849e+00 1.44980359e+00
    -3.43074799e-02 1.30431235e+00 1.04930115e+00 -3.51740628e-01
    1.11064696e+00 2.81980097e-01 4.62291241e-01 1.18885875e+00
    1.25584579e+00 8.63813043e-01 1.60160339e+00 -9.62101221e-02
    5.93132913e-01 1.32993865e+00 1.10997510e+00 6.58372641e-02
    1.02101207e+00 1.19790268e+00 1.66488004e+00 3.12635303e-02
    -6.43617868e-01 1.34408998e+00 -5.39626718e-01 7.52218962e-01
    5.87114692e-01 8.55563819e-01 7.70484865e-01 5.95844686e-01
    3.15051198e-01 -7.14994073e-02 1.77689958e+00 8.58857691e-01
    9.88325357e-01 -1.39910877e-01 1.46081269e+00 5.76012731e-01
    1.14247000e+00 -7.40463138e-01 1.19456124e+00 8.14305186e-01
    4.03056979e-01 9.20731425e-01 9.21144068e-01 7.45245576e-01
    1.11041570e+00 4.02172267e-01 1.64679778e+00 3.01117361e-01
    1.10987628e+00 1.24545825e+00 1.57244396e+00 5.50937116e-01
    1.39347911e-01 -5.04535019e-01 2.16357052e-01 8.25541615e-01
    5.78261912e-01 -1.23211324e-01 8.99506092e-01 -2.07410097e-01
    1.01655531e+00 -1.19087517e-01 1.39519048e+00 1.63374722e-01
    -5.23080587e-01 6.74861908e-01 -1.26546979e-01 -1.51964009e-01
    1.27494121e+00 -4.21785921e-01 4.22033787e-01 1.12969863e+00
    6.71033263e-01 -6.22183144e-01 7.77698815e-01 -6.25265002e-01
    7.76788235e-01 1.18718672e+00 -2.64413118e-01 1.29817247e+00
    -6.97608829e-01 -3.15036863e-01 -2.77968019e-01 1.02442336e+00
    6.11312032e-01 1.05541444e+00 9.29443598e-01 -6.49475694e-01
    -1.81926012e-01 1.22378695e+00 -4.83969629e-01 -2.22458959e-01
    -5.81908107e-01 1.59536350e+00 8.39840710e-01 5.97137809e-02
    9.37766194e-01 1.46032500e+00 -4.50264573e-01 1.32265925e-01
    7.36650109e-01 6.20132685e-03 4.82322395e-01 6.07770681e-02
    4.76812422e-01 -1.40090585e-01 3.25271785e-01 2.66274869e-01
    1.19571114e+00 1.00826526e+00 -2.81745732e-01 1.50528646e+00
    -2.16817111e-01 6.87528431e-01 9.35333610e-01 -3.52141470e-01
    -2.57600933e-01 1.51560843e+00 -5.31248450e-02 -2.61743069e-02
    3.18722129e-01 9.94949996e-01 1.19492483e+00 -3.27030092e-01
    -1.86541677e-02 -9.74230766e-02 -4.59468722e-01 -5.54856658e-02
    7.05980718e-01 5.73461235e-01 4.63147759e-02 5.78098357e-01
    -5.01606941e-01 -5.19395232e-01 5.16846657e-01 -5.36906898e-01
    -8.38142037e-02 1.30303621e+00 4.75285172e-01 6.81779385e-01
    4.43643630e-01 -1.08393013e-01 6.77270949e-01 1.64565587e+00
    -1.80978954e-01 8.22903574e-01 1.44030643e+00 1.44026244e+00
    8.66014481e-01 7.89262354e-01 1.63422108e+00 -2.84716874e-01
    -2.25713134e-01 7.24176824e-01 5.20180821e-01 -6.37497127e-01
    7.26265669e-01 -2.61684924e-01 3.34525704e-02 -2.76339829e-01
    3.32829356e-01 1.59549081e+00 3.72156084e-01 1.31451488e-01
    8.88154089e-01 1.23804212e+00 -3.16012233e-01 9.19528842e-01
    1.41577196e+00 -7.00556040e-02 -7.14138329e-01 1.44510031e+00
    1.85938239e-01 -5.87398410e-01 4.12195385e-01 -1.13961995e-01
    1.36714792e+00 1.34283340e+00 1.59056425e+00 1.29302907e+00
    5.16537309e-01 3.19162190e-01 3.95210266e-01 -1.14135325e-01
    1.07784033e+00 5.07331073e-01 1.30049586e-02 1.34427142e+00
    8.14110935e-01 1.63882852e+00 1.05265617e+00 -3.14130574e-01
    4.80307817e-01 3.80156517e-01 1.20759010e-02 5.82126558e-01
    1.11385655e+00 4.13729668e-01 4.28228199e-01 -3.83177906e-01
    6.75765634e-01 -5.09474099e-01 -4.50858474e-02 -1.53107107e-01
    -2.15183496e-01 7.97487497e-01 9.80526805e-01 1.00077963e+00
    1.21475101e+00 9.13065076e-02 4.21935856e-01 1.59753585e+00
    1.32445693e+00 -3.07593554e-01 9.47221935e-01 7.46886730e-02
    1.18817878e+00 5.17999291e-01 -4.76856828e-02 5.14544845e-01
    9.55132782e-01 1.23898232e+00 1.31535530e-03 8.01746666e-01
    1.72157812e+00 1.40177536e+00 6.30732179e-02 4.92111504e-01
    5.89551926e-02 6.35778904e-03 -2.17179894e-01 -4.98426408e-01
    1.05987000e+00 -2.14299917e-01 1.60023570e-02 5.23876250e-01
    -7.33274043e-01 1.46898413e+00 2.38128960e-01 -4.19405311e-01
    1.16311550e+00 2.63346374e-01 1.26853275e+00 1.52612317e+00
    -1.52152002e-01 1.60224533e+00 -2.16709614e-01 1.19171190e+00
    -4.73602742e-01 5.12232542e-01 8.35813046e-01 1.22374034e+00
    7.12474346e-01 -2.71802992e-01 -7.13436902e-01 1.22443128e+00
    1.48352170e+00 1.49141228e+00 4.17971373e-01 8.28815579e-01
    1.15088320e+00 1.31377983e+00 9.00827050e-01 6.46265209e-01
    -3.88559580e-01 1.24283445e+00 -2.78369367e-01 1.05971050e+00
    -4.64532375e-02 1.70286906e+00 5.53113997e-01 -5.98704457e-01
    4.70574021e-01 -2.10330129e-01 1.11466420e+00 1.92636847e-01
    3.44846964e-01 9.02408004e-01 -5.08773863e-01 -2.64326125e-01
    1.19397736e+00 7.97908545e-01 1.77088547e+00 1.20890856e+00
    2.10863113e-01 4.29327428e-01 9.93412733e-02 -4.45125550e-01
    1.06069195e+00 1.56006086e+00 -5.90553045e-01 -2.48259902e-01
    1.31798029e+00 4.97266233e-01 1.36161923e+00 -8.04754674e-01
    1.21320772e+00 4.20222938e-01 1.26099825e+00 9.35166895e-01
    7.16139197e-01 1.33720350e+00 -4.88843083e-01 9.04059112e-01
    -5.54812551e-01 8.18510413e-01 8.61773491e-02 7.41427660e-01
    -4.39712584e-01 5.30120313e-01 -2.41484374e-01 4.85555708e-01
    5.22055864e-01 1.26490128e+00 5.91344655e-01 -6.85885429e-01
    8.09821248e-01 5.21361887e-01 1.09062433e+00 1.24862516e+00
    2.04860508e-01 1.77532315e+00 9.64430034e-01 1.41520119e+00
    4.19326186e-01 9.18243766e-01 7.39572406e-01 -1.77868724e-01
    8.33522975e-01 6.80444002e-01 1.23150468e+00 -1.99249506e-01
    -2.80848324e-01 1.13066268e+00 5.41142166e-01 1.37770975e+00
    1.14487135e+00 4.65967715e-01 4.25238371e-01 1.67209125e+00
    1.06586957e+00 1.55566025e+00 1.33801234e+00 6.05645299e-01
    1.51002765e+00 2.75183499e-01 -1.90696537e-01 9.94201899e-01
    9.39892471e-01 -5.81633091e-01 3.91216159e-01 3.67734730e-01
    1.45606792e+00 4.15689349e-02 6.50806129e-01 -5.87939501e-01
    2.06082523e-01 2.33296752e-01 9.36058223e-01 -1.69102222e-01
    3.60039830e-01 -4.50320542e-01 1.61305296e+00 -5.91164529e-01
    1.33718014e+00 1.27353609e+00 7.52848506e-01 6.43154860e-01
    2.03493655e-01 8.87406468e-02 3.66623580e-01 1.13436341e-01
    6.42305374e-01 1.61896229e+00 7.29309440e-01 1.62585497e+00
    2.41515815e-01 1.23588634e+00 1.05896616e+00 4.75764751e-01
    -3.08989435e-01 -5.97617507e-01 1.67914701e+00 1.27064300e+00
    -2.17193305e-01 8.79823506e-01 1.39755964e+00 1.43659258e+00
    5.40603042e-01 -4.23131377e-01 8.86489868e-01 1.56778383e+00
    -4.27036703e-01 1.52202475e+00 -6.75388694e-01 -2.82552987e-01
    -1.54574871e-01 1.28323269e+00 1.13313985e+00 -1.34106457e-01
    -6.29922509e-01 3.23660791e-01 5.86031675e-01 -2.88749993e-01
    1.97083950e-01 -7.74060130e-01 5.57983756e-01 1.68068528e-01
    1.43546617e+00 1.30534244e+00 -2.08530307e-01 7.57506192e-01
    -5.42136371e-01 -9.75999236e-02 1.35362124e+00 1.42825484e-01
    1.35995448e+00 -4.73920941e-01 -5.58204651e-01 7.25896955e-02
    5.57885170e-02 2.32900918e-01 7.73242056e-01 -6.41557753e-01
    4.86880541e-01 1.13906074e+00 8.30571055e-01 -4.64429319e-01
    4.05605376e-01 -7.63859272e-01 8.37947667e-01 1.88469350e-01
    1.14754176e+00 8.12766254e-01 1.49917543e+00 1.12290621e+00
    1.07049966e+00 7.86178410e-01 -3.56562644e-01 3.81930351e-01
    2.85784960e-01 1.02082205e+00 1.54344726e+00 -2.06697524e-01
    3.16230118e-01 1.27727461e+00 6.70535326e-01 4.87006307e-02
    -1.91756099e-01 1.62629437e+00 -1.28023118e-01 5.84469974e-01
    -4.59655970e-01 2.30258405e-01 1.72173357e+00 1.10937881e+00
    -1.21166021e-01 9.20067966e-01 1.38042426e+00 -1.51245534e-01
    5.91448009e-01 -7.40669906e-01 1.34201527e-01 -5.37206113e-01
    -4.42575276e-01 1.30308306e+00 -6.02628291e-01 -2.01435149e-01
    -2.80077070e-01 3.85296345e-02 1.93454742e-01 1.73770082e+00
    9.09517169e-01 4.17060077e-01 3.73109341e-01 -5.05772829e-01
    -2.18674004e-01 1.53728974e+00 -2.61057913e-01 3.96568775e-02
    -6.49473667e-02 -1.77985966e-01 1.94423974e-01 1.19578910e+00
    5.73894918e-01 2.90723503e-01 -3.48635703e-01 3.03886533e-01
    1.07604480e+00 -5.47457695e-01 7.60935187e-01 6.90226972e-01
    7.35982597e-01 1.68345714e+00 3.22591960e-01 -2.90767163e-01
    -4.19046551e-01 -4.37442064e-01 1.45816827e+00 -1.65856421e-01
    -8.04444551e-02 1.34768867e+00 6.52161956e-01 5.23682058e-01
    1.67810798e+00 1.67559624e-01 2.19786167e-03 1.57889843e-01
    1.47278881e+00 -2.39826173e-01 1.29104376e-01 -5.06695926e-01
    4.57534373e-01 -6.95371807e-01 -4.59546626e-01 5.17635286e-01
    1.18008780e+00 1.24047232e+00 2.81807244e-01 1.53329968e+00
    3.25701535e-01 6.45049334e-01 8.36556554e-02 -4.03138906e-01
    -9.60850716e-03 -5.27882695e-01 2.08970964e-01 1.37237644e+00
    2.56401479e-01 7.56433547e-01 6.14874244e-01 1.32516205e+00
    9.87264335e-01 1.09137368e+00 3.30987990e-01 1.30965650e-01
    7.05893993e-01 -5.91450512e-01 -7.86715150e-02 1.40595257e+00
    -3.65392178e-01 -4.76198584e-01 1.54510856e-01 -3.57957751e-01
    1.26019955e+00 1.68325543e+00 5.16312599e-01 -5.49743235e-01
    1.07218361e+00 1.56147695e+00 9.70070839e-01 -6.72047019e-01
    1.17553902e+00 1.36893654e+00 8.71153355e-01 1.43988812e+00
    1.34092903e+00 -7.86822021e-01 -6.96853578e-01 -5.40302277e-01
    1.63832235e+00 1.29772758e+00 -2.21397936e-01 -7.41009653e-01
    1.17226148e+00 8.77785981e-01 1.22467804e+00 1.33950174e-01
    4.54622030e-01 7.94609725e-01 1.65539813e+00 -1.52092218e-01
    1.12963724e+00 7.86262095e-01 1.05334175e+00 -5.90682745e-01
    -3.08478773e-01 -2.45370299e-01 7.50363827e-01 3.52310181e-01
    1.70920324e+00 -8.48798752e-02 -2.88701653e-01 1.22973275e+00
    -3.42940241e-01 3.86471987e-01 2.58210659e-01 1.73634052e+00
    8.45803022e-02 -1.60992682e-01 1.39113760e+00 -3.34145397e-01
    6.44319892e-01 1.47291255e+00 8.18892896e-01 2.90575087e-01
    -1.37457311e-01 -3.87844622e-01 6.41024172e-01 1.30585885e+00
    1.37476754e+00 -5.75331628e-01 1.54274547e+00 1.59018910e+00
    -9.57816839e-02 5.11843979e-01 1.61175394e+00 -2.54260212e-01
    -2.84272879e-01 1.64806843e-04 1.22131705e+00 -3.26325148e-01
    2.37544954e-01 6.37948871e-01 5.99400818e-01 1.48941302e+00
    -3.16763252e-01 -4.08234477e-01 1.08695781e+00 -3.03989708e-01
    1.28530490e+00 2.02445269e-01 1.44739687e+00 1.38144553e+00
    1.65205669e+00 -4.14661735e-01 1.83130562e-01 -3.10725689e-01
    -2.68426239e-01 1.15845978e+00 -6.55987561e-01 -4.53928709e-01
    1.67119479e+00 6.34788394e-01 1.24041319e+00 6.47935212e-01
    8.08383763e-01 -4.57801789e-01 4.19860661e-01 1.46508145e+00
    1.01532149e+00 1.03894305e+00 1.28103244e+00 1.74076676e-01
    -3.00757259e-01 1.44187915e+00 -4.17753994e-01 4.93166745e-01
    -1.46982372e-01 3.60072255e-01 9.11403894e-02 4.05740321e-01
    1.44262505e+00 -6.26989245e-01 5.09460509e-01 1.68792558e+00
    -4.77519125e-01 7.62767255e-01 4.53704596e-02 1.17608643e+00
    4.54071999e-01 7.16338217e-01 1.31237543e+00 -4.44100261e-01
    5.21975458e-01 7.92304873e-01 7.58633018e-01 1.39697051e+00
    -2.60955095e-02 -2.20455945e-01 1.82572544e-01 6.24748647e-01
    -5.93850136e-01 -1.02418125e-01 1.51561499e+00 1.54096735e+00
    9.28226829e-01 -5.64905345e-01 -6.21180534e-01 1.01659548e+00
    8.22413445e-01 1.56050265e+00 1.43833494e+00 5.89034379e-01
    1.08235407e+00 1.43626165e+00 1.23623443e+00 7.72508085e-01
    2.57298887e-01 -5.98211050e-01 -6.35355473e-01 1.71359539e-01
    7.74096429e-01 7.35392094e-01 -5.59097648e-01 -6.07911766e-01
    8.80462050e-01 9.58788395e-02 1.12436581e+00 -5.47853470e-01
    -1.82734370e-01 1.15310192e+00 -4.77131605e-01 1.11110806e-02
    6.52872324e-01 1.11957741e+00 1.23214543e-01 2.14386880e-01
    -3.92097920e-01 7.19429970e-01 1.47761977e+00 4.04805303e-01
    2.31778681e-01 4.55018282e-01 -6.18676364e-01 8.62564743e-01
    9.92118895e-01 1.37876415e+00 5.29979885e-01 4.10211086e-03
    4.20770288e-01 1.38174319e+00 -2.44387954e-01 1.04249811e+00
    1.03389108e+00 8.94394994e-01 -1.09553456e-01 5.93751907e-01
    -6.38666213e-01 1.19052482e+00 1.55869198e+00 1.05636156e+00
    1.07255483e+00 9.13991809e-01 -4.62398529e-02 -1.81174457e-01
    1.32291329e+00 1.08790445e+00 4.08039510e-01 -2.84524500e-01
    -2.57939875e-01 1.10431290e+00 3.14871430e-01 8.11778128e-01
    -9.60358381e-02 6.50779963e-01 1.31344056e+00 1.47705615e-01
    -7.01639056e-01 1.59504509e+00 1.25602520e+00 -2.61308283e-01
    5.16457558e-01 4.84096169e-01 -6.18548393e-01 -1.04079843e-01
    -3.32887769e-02 1.68344796e-01 8.99412572e-01 1.71545863e-01
    6.72126234e-01 3.69925857e-01 5.44784904e-01 5.04461944e-01
    3.47787440e-01 1.11738706e+00 1.27143145e+00 5.41902781e-02
    3.37582588e-01 -3.11432868e-01 9.98012185e-01 4.50852036e-01
    6.06865585e-01 1.03009605e+00 -5.06996036e-01 -2.84203589e-01
    1.61002254e+00 -4.41324919e-01 8.39278281e-01 -3.23503256e-01
    4.67292845e-01 5.11645019e-01 1.56725168e+00 3.34988594e-01
    -3.36040080e-01 1.49527907e+00 3.51368666e-01 6.88111424e-01
    1.52189255e+00 -1.34448290e-01 -1.16056979e-01 1.58705926e+00
    1.64806163e+00 -3.79784346e-01 -6.81303203e-01 -3.87329757e-01
    -2.92988062e-01 1.69396281e+00 9.87352967e-01 9.33441818e-01
    1.34281492e+00 1.27733660e+00 -1.82597518e-01 4.56939518e-01
    -4.49788570e-03 8.44851434e-01 -6.25545859e-01 1.10912299e+00
    1.41234338e+00 -7.52682149e-01 2.92725503e-01 1.27500534e+00
    1.07731962e+00 6.92219257e-01 -3.25435638e-01 1.57365179e+00
    -5.23942709e-03 1.21552646e-01 4.48117137e-01 1.12414813e+00
    7.19575405e-01 1.70126629e+00 1.22812200e+00 4.91572618e-01
    -1.39300942e-01 1.63789976e+00 3.38235855e-01 1.49994075e-01
    7.24920928e-01 4.55690622e-01 5.50866246e-01 7.84069538e-01
    6.17065370e-01 5.60005724e-01 9.96941328e-02 -4.57463503e-01
    9.18482244e-01 9.53974068e-01 2.06209004e-01 -1.05910480e-01
    1.18962538e+00 1.25347853e+00 3.82901728e-01 -1.57475233e-01
    -6.49224699e-01 1.50711179e+00 -6.34614587e-01 -3.80189121e-01
    3.29242945e-02 4.49747443e-02 2.16706872e-01 -6.11955404e-01
    -5.19160628e-01 1.35772896e+00 1.52885294e+00 1.01226282e+00
    1.30802107e+00 -7.76390970e-01 -1.50570214e-01 1.28906250e+00
    -1.59653544e-01 9.69346166e-01 1.52526879e+00 2.83777177e-01
    -1.72167897e-01 1.00131679e+00 3.88455093e-01 9.74013984e-01
    1.20091641e+00 1.30630946e+00 1.07006323e+00 8.70136142e-01
    6.83921337e-01 8.84993970e-01 1.28552747e+00 -3.00100267e-01
    1.28043401e+00 2.58175135e-01 1.26288581e+00 5.90424895e-01
    6.24586105e-01 5.00547230e-01 -1.83639288e-01 8.87213528e-01
    3.99158061e-01 9.81327713e-01 -1.44124031e-03 3.22855473e-01
    -2.55333811e-01 3.70400429e-01 8.99072468e-01 8.65385056e-01
    1.37959647e+00 1.61090386e+00 -4.84005392e-01 -1.71400785e-01
    -5.33184886e-01 -7.23575532e-01 1.38936448e+00 8.95881236e-01
    1.25916827e+00 6.38446152e-01 -5.16927123e-01 3.81270409e-01
    5.25056124e-01 1.27748418e+00 8.96380186e-01 1.28932536e-01
    -5.24611950e-01 1.00464320e+00 6.52726889e-01 1.30442250e+00
    -4.73444700e-01 3.18170488e-01 1.06523705e+00 6.91564798e-01
    -3.77330184e-02 1.38003016e+00 -2.63194174e-01 2.82218874e-01
    2.48379052e-01 -1.96062922e-01 7.98936188e-01 -5.06620049e-01
    6.56979978e-01 4.87512410e-01 1.06514478e+00 1.58616805e+00
    -2.42012978e-01 3.61418247e-01 1.52340794e+00 3.64943624e-01
    8.53285015e-01 2.91715443e-01 8.94866705e-01 4.26747084e-01
    3.06044996e-01 -3.96260977e-01 1.12631011e+00 1.47587705e+00
    3.71766686e-01 5.41366518e-01 5.54059207e-01 -2.30061203e-01
    9.97593403e-02 8.82489204e-01 3.29048991e-01 -6.21021509e-01
    4.84924674e-01 6.89434826e-01 1.46982002e+00 1.17090976e+00
    8.60330820e-01 7.23340392e-01 6.63672686e-01 -5.39533138e-01
    1.39275336e+00 1.74443150e+00 -2.27747917e-01 -3.83450747e-01
    1.51938462e+00 -1.22319221e-01 -3.58158231e-01 7.33065605e-01
    1.61050212e+00 -6.58862710e-01 -4.20696020e-01 -1.60545439e-01
    -1.14907146e-01 -6.58609033e-01 1.52073121e+00 6.98727489e-01
    1.16044056e+00 4.52836096e-01 8.43849301e-01 1.55733418e+00
    1.51391685e-01 -5.32076359e-02 1.34404600e+00 -4.01154131e-01
    1.23109722e+00 9.77544367e-01 -1.59142911e-01 8.41467798e-01
    -4.32530373e-01 4.45759714e-01 -4.94258285e-01 -1.53251320e-01
    1.33178782e+00 7.83721030e-01 1.45747113e+00 1.52491260e+00
    -3.33191067e-01 6.23582542e-01 1.21886492e+00 1.71103895e-01
    1.50639951e-01 1.31383717e+00 3.06280136e-01 -5.62849820e-01
    8.69510829e-01 1.06323755e+00 1.28853083e+00 -4.84648019e-01
    9.49885726e-01 -6.60824180e-01 6.65301442e-01 -5.87967217e-01
    9.08083558e-01 5.13450265e-01 7.24537253e-01 1.50184989e+00
    -1.23915493e-01 -3.12906295e-01 1.19261312e+00 -6.26424193e-01
    1.47924006e-01 -2.78250039e-01 2.09567189e-01 -1.00078821e-01
    -3.22614819e-01 1.19825006e-02 8.70074034e-02 1.60869110e+00
    -3.98332953e-01 5.68432987e-01 7.89864957e-01 1.68011248e+00
    1.13910079e-01 -4.08995956e-01 1.22574818e+00 1.89029813e-01
    7.34135509e-01 -4.68842119e-01 5.31975567e-01 5.34879863e-01
    1.48904610e+00 2.99630940e-01 6.63448513e-01 9.08227801e-01
    1.46669555e+00 5.32776117e-03 -8.32135439e-01 -5.01466990e-01
    1.05081439e+00 -3.66330177e-01 -4.11826938e-01 9.68114853e-01
    1.32064342e+00 1.57920551e+00 1.30985725e+00 8.17851484e-01
    -1.52466685e-01 2.54443586e-01 3.29885960e-01 4.49572384e-01
    -4.97947693e-01 1.51112056e+00 -6.78966045e-02 -6.35297179e-01
    1.19973731e+00 1.29761624e+00 -4.57932264e-01 5.48858225e-01
    1.55228519e+00 6.51722670e-01 2.62151420e-01 8.70922208e-02
    2.36515403e-01 -3.21326971e-01 1.12403417e+00 9.50769663e-01
    -3.52281630e-01 1.04436779e+00 9.04933810e-01 -3.13216716e-01
    1.28747714e+00 4.33079898e-01 -1.08847380e-01 1.34539938e+00
    -4.01911318e-01 7.11394191e-01 8.40021074e-01 -4.01342601e-01
    1.47613692e+00 1.25199246e+00 2.68611073e-01 1.27027690e-01
    1.49089730e+00 4.31109726e-01 7.51179218e-01 1.65073085e+00
    5.07770777e-01 -2.17953384e-01 -1.58338577e-01 6.33250058e-01
    3.23078632e-02 -3.70306969e-02 7.04903007e-02 1.15927041e-01
    1.37175274e+00 6.73002064e-01 -5.58183968e-01 8.53829205e-01
    9.51903760e-01 7.74922252e-01 7.43512809e-01 1.05156028e+00
    2.08575845e-01 -1.27697170e-01 -3.81438106e-01 -4.04592365e-01
    3.43228579e-02 -4.51313704e-01 8.70869637e-01 1.13249433e+00
    7.28860497e-02 1.24426079e+00 -9.16308761e-02 1.96444988e-02
    1.04530644e+00 1.93041384e-01 3.03446174e-01 1.47011757e+00
    2.99886823e-01 -3.33506376e-01 -5.87878883e-01 -3.19956303e-01
    -4.09041584e-01 1.37823462e+00 -3.28998446e-01 5.99624872e-01
    4.63228226e-01 1.15674114e+00 -8.38493705e-01 1.30893636e+00
    2.69286990e-01 9.23617065e-01 1.90937638e-01 -1.19983017e-01
    1.32293284e+00 2.46906281e-01 5.96877754e-01 1.83007061e-01
    -5.84048986e-01 -4.35165882e-01 1.22064161e+00 -2.29096293e-01
    -6.27501667e-01 1.34813011e-01 1.11269069e+00 1.19490647e+00
    -7.25735307e-01 6.37232006e-01 1.36036730e+00 4.65909183e-01
    9.58610773e-01 1.35655689e+00 -2.21428216e-01 4.18901861e-01
    8.46413791e-01 8.85278940e-01 1.61804080e+00 1.08902216e-01
    1.03450489e+00 -5.43637991e-01 1.44484901e+00 1.69769764e+00
    3.36145520e-01 -5.50078869e-01 7.51613736e-01 4.53819275e-01
    1.38569927e+00 -4.04942602e-01 1.55891013e+00 3.75095546e-01
    1.39394486e+00 -3.94809902e-01 1.40908718e+00 1.14156055e+00
    -1.98044538e-01 -4.51803774e-01 1.33646989e+00 1.06903410e+00
    1.13829231e+00 -4.10579652e-01 5.11404216e-01 -3.46355349e-01
    6.02967262e-01 1.05853653e+00 5.41492343e-01 2.91743457e-01
    1.24576330e-01 1.11956835e-01 3.66194189e-01 1.08374763e+00
    1.26299596e+00 1.46630108e-01 8.89270246e-01 1.38415778e+00
    -3.24204654e-01 5.91505527e-01 4.39101994e-01 -3.92686576e-01
    8.14155638e-01 -6.65277839e-02 9.56128716e-01 -6.12860262e-01
    1.10296798e+00 -3.90736043e-01 2.16614842e-01 -2.87588835e-02
    6.24352157e-01 3.93786430e-01 5.23437858e-01 -1.55918002e-02
    5.37077367e-01 5.39604723e-01 1.46704102e+00 2.98203826e-02
    1.18520486e+00 1.44689679e-01 3.56318355e-02 1.38049352e+00
    1.77767611e+00 -1.57232821e-01 8.53838265e-01 1.08593655e+00
    8.68337393e-01 9.61906016e-01 -1.62881732e-01 3.10462832e-01
    -4.02038872e-01 1.09557009e+00 1.43689752e+00 -4.42840219e-01
    9.87510383e-01 -7.32675433e-01 8.43746483e-01 2.41152108e-01
    1.41065979e+00 2.87675679e-01 6.96615398e-01 4.13142681e-01
    -4.98394668e-01 1.05074012e+00 3.38061929e-01 -6.32494450e-01
    9.39447463e-01 -6.24301434e-01 9.67435718e-01 5.71659923e-01
    8.58372927e-01 -4.91610110e-01 -3.33780915e-01 1.18874907e+00
    7.14212596e-01 8.81035089e-01 1.19203830e+00 1.35147941e+00
    1.22107327e+00 1.29446220e+00 -1.62359059e-01 1.40273905e+00
    1.50153089e+00 7.76054442e-01 1.20605624e+00 -9.64206457e-03
    1.03344250e+00 -6.77851796e-01 8.74003887e-01 4.54282880e-01
    5.08016825e-01 -5.53107262e-03 1.67555952e+00 1.43275714e+00
    1.11051416e+00 1.37045527e+00 4.97077525e-01 -5.20362914e-01
    4.69714046e-01 3.66142094e-01 9.12225962e-01 1.30136085e+00
    9.98152852e-01 -5.90161026e-01 8.56081188e-01 2.72043645e-01
    -1.09973729e-01 -1.69506401e-01 1.47204983e+00 1.25635386e+00
    4.16819930e-01 -7.46678531e-01 1.54417944e+00 1.56810987e+00
    1.18353474e+00 1.50269783e+00 1.49020004e+00 8.09037089e-02
    3.94678056e-01 4.69288409e-01 -2.65263677e-01 -3.81942511e-01
    -7.62982965e-02 1.43913865e+00 -4.31363016e-01 8.65674317e-01
    -2.61041522e-02 -4.72299695e-01 9.81348157e-01 5.37025094e-01
    1.52045429e-01 -5.50097525e-01 5.72279990e-01 9.60538089e-01
    1.10444260e+00 -5.92136681e-02 -3.97737235e-01 1.18571520e-01
    8.74327421e-01 7.23696411e-01 2.15506256e-01 7.46635437e-01
    1.75047565e+00 3.69628191e-01 1.06884384e+00 -8.12053680e-02
    3.53811145e-01 5.53002775e-01 -1.18446887e-01 1.84850514e-01
    -1.83737278e-01 3.67188334e-01 8.87960374e-01 -4.95126426e-01
    6.87673151e-01 8.86282921e-02 1.13407922e+00 -3.37714672e-01
    -2.93845206e-01 5.46489358e-01 6.26762927e-01 -3.04561257e-02
    1.28048623e+00 -1.66049957e-01 -3.37286383e-01 -3.36569548e-02
    7.42708206e-01 -3.73580247e-01 6.14400506e-01 9.15236950e-01
    2.14826226e-01 6.39665186e-01 1.84858060e+00 2.19255865e-01
    5.21028101e-01 1.28983104e+00 1.60658395e+00 1.67939711e+00
    8.88623893e-01 1.29038858e+00 3.59309793e-01 -6.77732766e-01
    1.46549761e+00 8.85475934e-01 1.17489004e+00 -3.57417047e-01
    5.80981553e-01 2.85420418e-01 4.42653358e-01 1.15792465e+00
    3.39953005e-01 1.28680634e+00 8.97673786e-01 4.38968956e-01
    -7.27180839e-02 5.58035970e-02 3.30319762e-01 1.39087141e+00
    5.75365067e-01 1.55300260e+00 -5.09763658e-01 -2.89840728e-01
    2.28325665e-01 -2.71317542e-01 8.83213818e-01 -2.56684601e-01
    1.18795919e+00 -2.55413175e-01 -4.61505502e-01 3.16122770e-01
    1.72430611e+00 -4.69220012e-01 5.95402539e-01 -2.36577362e-01
    -2.78198600e-01 -6.91965818e-02 4.70293462e-01 1.50361407e+00
    6.57435060e-01 1.52163112e+00 1.02017641e-01 -5.21361828e-04
    -4.37016249e-01 -1.73250437e-01 1.24300611e+00 -1.68671727e-01
    8.44908357e-01 1.51781869e+00 9.50997770e-01 2.41007388e-01
    -4.05321091e-01 1.34070158e-01 1.20015693e+00 4.83621776e-01
    1.41579103e+00 5.27587593e-01 1.09766591e+00 -5.24010181e-01
    7.17786014e-01 6.96337521e-01 7.20154047e-01 9.22262669e-02
    1.83703840e-01 3.53901327e-01 -1.57395601e-01 1.04957533e+00
    6.20855033e-01 1.47395706e+00 7.79689968e-01 -3.07644129e-01
    2.43364334e-01 -2.47272104e-01 1.70219183e+00 9.85623896e-01
    -6.03762150e-01 -6.22951269e-01 7.43166983e-01 1.44543362e+00
    9.71952081e-01 1.14068890e+00 1.44788051e+00 1.33057690e+00
    -1.44732565e-01 1.44553971e+00 -5.78367710e-02 4.31085587e-01
    7.92041183e-01 1.22376347e+00 9.34188604e-01 1.02807355e+00
    -6.34805918e-01 -6.81216955e-01 1.66285920e+00 3.57332826e-01
    -6.19860947e-01 2.94499695e-01 -5.68844855e-01 -3.42540413e-01
    3.31357718e-01 1.12907147e+00 6.72697484e-01 -4.98789072e-01
    -2.47014105e-01 7.06470191e-01 4.08326268e-01 1.20033491e+00
    2.64141619e-01 1.22807288e+00 -3.43587995e-02 1.60187912e+00
    -6.91247642e-01 -5.25204837e-01 1.21941113e+00 1.31175232e+00
    8.35974157e-01 -4.78088826e-01 4.74024057e-01 1.63969743e+00
    1.65184259e-01 8.68300974e-01 -1.06633306e-01 6.70622647e-01
    7.35576928e-01 1.02484655e+00 4.44392622e-01 1.56870985e+00
    -6.62932038e-01 1.64384687e+00 1.18412161e+00 9.40125585e-01
    -1.31297231e-01 -3.41393352e-02 1.34228969e+00 4.69038844e-01
    -3.63649309e-01 4.65075254e-01 -4.67484355e-01 -3.82017791e-01
    -8.32278728e-02 2.49047458e-01 8.09772730e-01 -5.52740812e-01
    1.67736757e+00 1.98163271e-01 1.86070502e-01 1.25687766e+00
    4.69109774e-01 1.54239023e+00 -3.50635231e-01 -3.86401594e-01
    1.14440131e+00 6.13139808e-01 3.35329294e-01 -7.73836374e-02
    1.32269800e+00 1.75117671e-01 -2.84267634e-01 1.66872382e-01
    2.48261034e-01 1.03188658e+00 -4.67896134e-01 -3.09787542e-01
    6.63863063e-01 1.59572530e+00 8.26256633e-01 8.73874426e-02
    -4.98122752e-01 1.69877315e+00 1.87655926e-01 1.06576228e+00
    7.52082944e-01 1.76128030e-01 1.50859177e-01 1.13506997e+00
    -3.36785018e-01 -2.37974495e-01 -9.04982686e-02 -2.13425100e-01
    7.61171579e-01 1.26210606e+00 2.86122143e-01 1.99411452e-01
    1.02757919e+00 1.27358699e+00 1.66111994e+00 3.85129452e-02
    -1.29151344e-01 1.60735846e-02 -7.20506251e-01 5.55697441e-01
    4.85208809e-01 1.08903384e+00 2.49823928e-01 1.14381170e+00
    9.02049184e-01 4.40999687e-01 1.59125137e+00 9.60203826e-01
    6.14669383e-01 1.21499681e+00 1.02729654e+00 -2.16602385e-01
    1.66827083e+00 1.56573296e-01 1.68174839e+00 -1.22277737e-01
    8.38299751e-01 1.58272636e+00 5.99621236e-01 -2.65322506e-01
    -3.94484788e-01 -2.39046752e-01 -1.03190154e-01 5.70570230e-02
    -4.31125760e-02 8.69941711e-01 5.49771786e-01 2.23039389e-02
    -1.29125297e-01 -1.19509459e-01 4.03742433e-01 1.32329679e+00
    2.95384645e-01 9.72854853e-01 -6.73151016e-03 1.69827104e+00
    -6.16773784e-01 -4.46313739e-01 3.43996048e-01 -3.52207422e-01
    2.69690871e-01 8.67911696e-01 1.60919726e-01 -1.43628120e-01
    -3.54108691e-01 1.70979154e+00 7.37220168e-01 4.63094115e-01
    4.34362888e-02 -2.81572342e-03 4.82031167e-01 8.85512650e-01
    1.97682083e-01 6.55289471e-01 1.33153558e-01 -2.16172338e-02
    1.30552793e+00 1.79266930e-03 -9.97168720e-02 2.45953083e-01
    3.02685916e-01 -2.32902229e-01 -5.47282338e-01 7.94439256e-01
    3.17415595e-01 6.20607615e-01 -5.80973029e-02 9.29183364e-02
    1.47143364e+00 3.74478996e-01 7.04864383e-01 1.63617802e+00
    8.77351463e-01 3.45370531e-01 -4.08768207e-01 2.82615900e-01
    7.74024308e-01 -5.72117269e-01 5.08224785e-01 -7.33817220e-02
    5.73238313e-01 -8.42943192e-02 1.27308440e+00 1.00348711e+00
    1.66888964e+00 -1.83940619e-01 -5.92019439e-01 1.25788748e-01
    8.53657722e-01 8.44582081e-01 2.42313504e-01 1.54590809e+00
    -1.90089941e-01 1.64043772e+00 -1.89800501e-01 1.58061421e+00
    3.19920778e-02 1.11237884e+00 3.87826264e-01 1.08002591e+00
    1.19173908e+00 1.11908412e+00 5.98846734e-01 -4.06453222e-01
    4.00185347e-01 -2.53191233e-01 -2.74509937e-01 1.66274297e+00
    1.65303373e+00 -6.38173461e-01 2.03082561e-01 4.97777700e-01
    4.84911799e-02 -1.11328900e-01 1.36344647e+00 9.03529048e-01
    4.51108575e-01 1.43319964e+00 9.63821411e-01 6.06935859e-01
    -4.26779479e-01 9.33205843e-01 -4.79638189e-01 9.71264780e-01
    -3.05205315e-01 5.18375337e-01 5.65607607e-01 1.68235302e+00
    4.28769827e-01 -7.83151269e-01 -2.89792895e-01 3.36361945e-01
    1.10317898e+00 -4.31948483e-01 8.66167665e-01 1.01317668e+00
    1.43887150e+00 -6.02967203e-01 -1.84722245e-01 1.42725348e+00
    3.82394731e-01 1.25685501e+00 2.69808471e-01 1.56072378e+00
    9.02075827e-01 3.47513258e-01 -2.41038591e-01 -5.76812446e-01
    7.56882370e-01 -4.67088968e-01 6.16435766e-01 -5.05274236e-01
    5.74938655e-01 -2.70302445e-01 7.18251646e-01 8.65398467e-01
    -4.95123655e-01 1.46534979e-01 -5.39575875e-01 1.32934213e+00
    1.54285431e+00 7.98518360e-01 1.72873509e+00 1.15147161e+00
    1.65625823e+00 1.55955279e+00 1.55106974e+00 1.17046976e+00
    1.15960884e+00 -8.13335776e-02 7.02348948e-02 1.00896907e+00
    8.83375466e-01 1.33548021e+00 1.67956352e-01 2.75565803e-01
    1.20119977e+00 8.47171903e-01 7.14590490e-01 2.10203648e-01
    1.26074433e+00 5.71307242e-01 2.39215612e-01 1.96648896e-01
    -2.52685696e-01 -5.97193301e-01 2.20427513e-01 1.48916578e+00
    2.96162724e-01 -3.75019908e-02 -3.23383093e-01 1.45963502e+00
    7.86994636e-01 9.48289633e-01 -5.44614315e-01 9.52780247e-03
    1.07325828e+00 8.53631079e-01 1.69531846e+00 1.26125169e+00
    9.63752151e-01 2.09088326e-01 1.33727312e-01 6.92817569e-02
    1.64764714e+00 -5.39923608e-01 1.19736290e+00 3.29858899e-01
    1.71042502e-01 6.05332136e-01 -4.89229202e-01 3.93829942e-01
    -6.76984847e-01 1.34636855e+00 3.21432948e-02 8.49319339e-01
    -5.46492934e-02 6.46316588e-01 1.25749636e+00 -7.58756399e-02
    9.21059906e-01 -3.28540206e-02 -5.73923171e-01 4.91662741e-01
    1.44102812e+00 2.43532956e-01 1.26830387e+00 1.56236482e+00
    1.62945557e+00 -2.85714537e-01 9.18838024e-01 1.49821734e+00
    -6.78302050e-02 9.18832123e-01 -1.12614632e-01 -2.59419292e-01
    1.24155700e-01 1.19210267e+00 1.32090354e+00 1.30116296e+00
    -1.41590893e-01 1.57376432e+00 -8.80628824e-02 -5.62845290e-01
    2.56832004e-01 1.00251102e+00 1.59509623e+00 4.24549222e-01
    -1.92431808e-02 -6.01935267e-01 6.80428624e-01 6.41802192e-01
    2.48623192e-01 1.58888388e+00 1.55208683e+00 3.00538123e-01
    -7.93671966e-01 -3.37263763e-01 4.88315701e-01 -3.77698302e-01
    1.47609878e+00 1.18688107e+00 -4.91918117e-01 1.40294862e+00
    8.94888937e-01 -2.27736115e-01 1.06673312e+00 6.99495494e-01
    -5.82102537e-01 8.47800314e-01 -4.43822980e-01 3.73156667e-02
    -5.78653932e-01 5.47109962e-01 -3.88466209e-01 6.49268568e-01
    9.58853781e-01 -1.99160904e-01 1.79765284e-01 1.10584831e+00
    -5.54749548e-01 1.22828293e+00 -4.38088000e-01 -1.33315921e-01
    2.86063015e-01 -5.20877779e-01 8.53720725e-01 -3.37302506e-01
    1.40273690e+00 -8.97846222e-02 -4.46572721e-01 8.74903798e-01
    1.20802784e+00 1.11126733e+00 7.57105410e-01 1.08244050e+00
    5.72300553e-02 1.11484766e+00 -4.28093672e-01 -3.16933006e-01
    1.33748424e+00 -3.32118958e-01 6.00576162e-01 3.51647377e-01
    -1.52038783e-01 1.35057926e-01 1.15730464e-01 3.87449503e-01
    8.51743340e-01 8.32244039e-01 -1.06686056e-01 -1.74684167e-01
    2.15228319e-01 -5.42195976e-01 -3.37621361e-01 8.40471625e-01
    -1.99770033e-01 1.16730762e+00 4.27389145e-02 3.01172554e-01
    4.52354252e-01 4.69143569e-01 7.88980842e-01 3.55984449e-01
    -4.51659113e-01 1.27176714e+00 1.05474401e+00 8.34594667e-01
    1.43881392e+00 3.49603117e-01 2.20242143e-02 1.34013319e+00
    2.98208237e-01 1.20887184e+00 -7.89989173e-01 -3.05389822e-01
    9.70355034e-01 1.03604865e+00 2.01954007e-01 5.30074835e-01
    -3.97068352e-01 1.19659185e+00 1.83635175e-01 1.67101526e+00
    3.30932438e-01 8.93072486e-01 5.28829336e-01 1.63255167e+00
    -5.29383957e-01 -3.95888180e-01 -8.00613165e-02 4.54450071e-01
    1.64381218e+00 3.14303339e-01 -6.69674695e-01 5.06235540e-01
    1.27232552e+00 1.13917565e+00 -4.78502005e-01 1.36477947e+00
    8.12908769e-01 1.58018708e+00 2.10646510e-01 1.18833876e+00
    1.35307479e+00 1.53904557e+00 1.24284506e+00 4.15241778e-01
    2.81187356e-01 2.17685699e-01 9.18164253e-01 -3.02580088e-01
    1.26163960e+00 -4.60057169e-01 2.71605730e-01 8.54917824e-01
    -1.47522092e-01 2.95252562e-01 1.17799497e+00 5.79754710e-01
    1.53113413e+00 6.31862283e-02 -6.29083335e-01 1.87848032e-01
    1.63872802e+00 1.08734179e+00 1.17362273e+00 1.41084135e+00
    5.33084810e-01 1.67518401e+00 1.10639930e+00 -5.33594429e-01
    3.80407095e-01 9.72227216e-01 4.09828722e-01 5.60585320e-01
    8.71426463e-01 9.39601958e-01 1.66693592e+00 1.03675818e+00
    2.24021554e-01 8.13511014e-02 3.61019373e-01 2.53877044e-02
    3.21555018e-01 1.36057079e-01 -2.63488770e-01 2.76979327e-01
    1.81499541e-01 -6.98979139e-01 1.40394998e+00 2.12122262e-01
    1.18977129e-01 2.10760236e-01 1.58529711e+00 7.44510651e-01
    1.31290913e+00 -8.38630199e-02 1.87109113e-01 4.36193287e-01
    8.67951095e-01 9.64007437e-01 1.87544823e-02 1.58465803e+00
    1.54369605e+00 8.12221467e-01 4.97866154e-01 2.11400032e-01
    2.83755600e-01 4.74548340e-01 1.42295587e+00 3.83522153e-01
    -6.31284893e-01 1.67222190e+00 1.02643037e+00 -5.86231291e-01
    1.64044261e-01 -4.61644769e-01 1.70918775e+00 2.40696907e-01
    5.41538477e-01 1.13383722e+00 1.69405842e+00 1.67421651e+00
    -3.87811005e-01 -6.08480752e-01 -5.12940884e-01 -1.50719285e-01
    2.22671568e-01 1.19847775e+00 2.09720373e-01 3.29161167e-01
    4.66109276e-01 4.23881233e-01 1.07486022e+00 2.46326983e-01
    5.42988658e-01 1.69754887e+00 8.05574775e-01 8.53379905e-01
    7.59442389e-01 -8.70525837e-02 4.64344501e-01 7.70268023e-01
    9.17493045e-01 3.21648717e-02 1.39440346e+00 1.40605497e+00
    6.44157350e-01 1.33185971e+00 1.43795037e+00 -3.89827579e-01
    -2.51928389e-01 6.40481770e-01 1.35131168e+00 -1.21915162e-01
    2.53075480e-01 9.34265316e-01 -2.00076163e-01 1.24887526e-01
    -5.16564190e-01 7.79941797e-01 1.11251950e+00 8.94626200e-01
    -5.38322806e-01 1.43739212e+00 6.54066205e-02 1.79953098e-01
    1.52069569e+00 6.86809003e-01 7.36078799e-01 1.69378448e+00
    -1.64161801e-01 3.89226615e-01 9.84961569e-01 2.68128812e-01
    1.53496051e+00 1.70504761e+00 5.65422654e-01 3.16843450e-01
    1.16731811e+00 1.11224055e+00 8.53971243e-01 1.48442125e+00
    7.99662173e-01 1.74628437e-01 2.72908032e-01 1.14076066e+00
    -5.36675096e-01 -1.26140058e-01 8.93553019e-01 8.22492480e-01
    9.64342952e-02 1.56428289e+00 1.19185925e+00 1.52117920e+00
    -1.73783422e-01 8.24839354e-01 -5.09032369e-01 -5.04034698e-01
    2.83259928e-01 1.64181519e+00 9.04833794e-01 9.10575747e-01
    6.97686553e-01 8.37951303e-02 1.20019627e+00 1.14348567e+00
    8.46421123e-02 7.11794674e-01 1.67463076e+00 6.33445799e-01
    -4.34523523e-01 1.71565664e+00 6.00333273e-01 -5.78420639e-01
    1.45319152e+00 1.01434815e+00 1.18813455e+00 -5.68634272e-03
    4.61720824e-01 9.55005050e-01 1.39123034e+00 1.65293539e+00
    1.48964739e+00 1.82135701e-01 2.17635989e-01 7.10984468e-01
    1.52686679e+00 1.51970470e+00 7.67150044e-01 3.26131046e-01
    8.15295279e-01 1.28004885e+00 1.36687863e+00 -2.00878769e-01
    8.00176144e-01 -5.49030483e-01 1.43886948e+00 1.69369841e+00
    7.50835478e-01 3.51091743e-01 1.45425773e+00 -2.99506485e-01
    1.60942125e+00 8.14225018e-01 7.24506140e-01 1.94742024e-01
    -5.90632558e-02 -3.78934503e-01 1.72302568e+00 1.35210323e+00
    -1.31419301e-01 -5.54276884e-01 -5.72059810e-01 1.65762281e+00
    5.41892469e-01 1.33354855e+00 5.28557837e-01 1.37950563e+00
    1.24049568e+00 -2.55505800e-01 2.07043290e-01 6.31587207e-01
    1.46560729e+00 6.64665878e-01 -6.03794515e-01 -1.18767679e-01
    1.39804554e+00 1.34740686e+00 8.59247506e-01 5.86272776e-01
    1.61099982e+00 3.48301411e-01 -6.03960395e-01 -4.43739176e-01
    1.19561481e+00 4.17574406e-01 1.01376152e+00 8.38890791e-01
    4.06800568e-01 4.26925659e-01 3.51474583e-01 2.63109028e-01
    -2.22770900e-01 2.63941705e-01 1.06001186e+00 1.27732658e+00
    1.59053588e+00 7.10753202e-01 -7.23731220e-01 1.25207281e+00
    3.89205098e-01 8.14194262e-01 -5.17929614e-01 1.13305402e+00
    -1.67186826e-01 1.08548045e-01 -1.76670432e-01 -6.39233828e-01
    1.41614246e+00 7.66769111e-01 -6.29834652e-01 2.07789302e-01
    7.99545825e-01 1.53839827e+00 1.20186019e+00 8.88288498e-01
    -1.54917955e-01 2.52811432e-01 1.04131198e+00 1.60415351e-01
    1.62593651e+00 8.03106368e-01 1.13467622e+00 -4.03083503e-01
    3.63696814e-02 -9.20541286e-02 -5.04514694e-01 1.24029744e+00
    8.60948563e-01 1.47518706e+00 6.47765040e-01 8.60308409e-01
    8.59376788e-02 -3.48574728e-01 -1.15830898e-02 5.77631354e-01
    -7.72839785e-02 -4.80829656e-01 1.72431886e-01 1.52902579e+00
    -3.89322400e-01 -3.08240116e-01 -6.60153866e-01 -4.57195014e-01
    6.73964202e-01 2.40058362e-01 2.28112042e-01 1.06665826e+00
    7.79311538e-01 8.16768825e-01 5.30600548e-01 -2.38802522e-01
    3.15654635e-01 4.45292830e-01 1.66873932e-02 1.48626518e+00
    1.48710275e+00 1.03385091e+00 -1.39666796e-01 -3.86929095e-01
    -5.30947447e-01 1.22208118e-01 -6.71992540e-01 2.94028580e-01
    4.65695202e-01 -7.53018498e-01 -5.75944781e-01 4.23371255e-01
    2.97193050e-01 -4.16998118e-01 5.56354940e-01 1.21508062e-01
    2.25873113e-01 5.69844663e-01 1.09550667e+00 4.83656704e-01
    -2.74604738e-01 -4.92487878e-01 1.15189028e+00 8.45832646e-01
    -5.78588724e-01 5.07319808e-01 5.90082288e-01 3.72846723e-01
    -4.98180687e-01 -4.12498415e-01 8.09445560e-01 -6.06449902e-01
    1.12394238e+00 1.61637485e-01 2.42674351e-01 -5.99034369e-01
    -6.89548314e-01 7.56914377e-01 5.47940016e-01 1.40962327e+00
    -5.70067704e-01 3.53277683e-01 -2.23546863e-01 -6.15023494e-01
    2.79322207e-01 1.35888278e-01 -6.87417746e-01 -4.04357880e-01
    9.95418012e-01 1.41595244e+00 -5.83010852e-01 -5.50961912e-01
    5.40190399e-01 -2.25547075e-01 1.17194128e+00 7.93460965e-01
    1.17558765e+00 6.67594612e-01 9.58323479e-03 8.50163698e-01
    1.73688233e-01 -6.17585123e-01 7.81440318e-01 1.22936225e+00
    -5.33670843e-01 1.13872111e-01 -6.29142523e-02 -3.55636537e-01
    1.55533373e-01 3.05981994e-01 -4.35272634e-01 -1.39941335e-01
    7.40646124e-01 -8.26613903e-02 1.54882622e+00 6.16683125e-01
    1.81788862e-01 3.63000751e-01 -4.39321578e-01 -3.57891142e-01
    3.54326129e-01 2.66793728e-01 -4.66513515e-01 1.10139334e+00
    -2.63262093e-01 -5.18515706e-02 1.51623189e-01 -4.81949925e-01
    -5.22456169e-01 -7.23888874e-01 1.39990604e+00 -1.81218863e-01
    1.12923515e+00 -3.18339258e-01 2.38385856e-01 5.35746813e-02
    6.05810940e-01 8.08596790e-01 2.62849689e-01 1.05453348e+00
    -3.11886370e-01 4.99800682e-01 -1.38212621e-01 8.74040425e-01
    7.62483656e-01 -2.81440705e-01 8.28585148e-01 -4.78368104e-01
    3.53429854e-01 6.50292516e-01 1.10005605e+00 -5.27317047e-01
    8.03924620e-01 -7.86193609e-02 9.67764497e-01 1.79124308e+00
    1.23319447e-01 1.05959892e+00 1.79062665e-01 3.50439131e-01
    2.91361094e-01 3.72427166e-01 7.73780823e-01 1.07385445e+00
    7.14479327e-01 1.20907569e+00 1.63508260e+00 -5.92656910e-01
    7.31532872e-01 -1.47733182e-01 4.67007160e-02 -7.89832473e-01
    1.26190531e+00 2.40315735e-01 -1.70971096e-01 -7.51537800e-01
    3.77276480e-01 3.07595134e-01 8.05123389e-01 5.98384202e-01
    1.22895718e+00 -2.43955135e-01 -6.86517298e-01 1.71833146e+00
    -2.02104449e-01 4.03805494e-01 -4.13376272e-01 3.23501170e-01
    -2.80998260e-01 -2.03876227e-01 1.61033595e+00 -5.36000013e-01
    2.15208232e-01 3.40343833e-01 1.02876103e+00 7.19495654e-01
    -5.70813119e-01 1.62640238e+00 1.34779537e+00 -4.76480812e-01
    6.46570325e-02 1.16468239e+00 -5.11867106e-01 -6.37209773e-01
    -5.86587191e-02 -2.76023179e-01 1.93295181e-01 1.34207606e-01
    -3.08758378e-01 1.48278964e+00 8.93584967e-01 4.88910079e-01
    1.19562972e+00 1.21093953e+00 2.54171669e-01 9.44606900e-01
    6.27557516e-01 1.42404342e+00 -1.71649516e-01 1.22901678e+00
    1.51189399e+00 1.01157427e-02 1.31344533e+00 -9.37688947e-02
    2.28332579e-01 9.03580725e-01 8.33934605e-01 2.94376314e-01
    1.32590175e-01 1.27527046e+00 1.15060747e+00 -4.91508842e-02
    5.56270361e-01 -5.14614403e-01 -3.22968334e-01 1.26023269e+00
    -3.10629517e-01 1.46480775e+00 1.66963458e-01 7.36405253e-01
    8.88402581e-01 1.11922574e+00 5.36445737e-01 1.22884369e+00
    4.81567800e-01 1.12979650e+00 8.61086965e-01 -3.10562104e-01
    1.24856234e-02 2.15896308e-01 2.77307630e-02 9.72246289e-01
    7.58757353e-01 -5.36216259e-01 2.12102890e-01 7.91139305e-01
    2.31843293e-01 -5.37232459e-02 -8.02976489e-02 -1.83474630e-01
    1.51090527e+00 1.66150546e+00 2.21171081e-01 1.62421346e+00
    7.62901366e-01 -5.69798052e-01 2.89390743e-01 -4.54823345e-01
    8.38943005e-01 2.37889528e-01 9.97814178e-01 -3.52131724e-02
    -7.15352833e-01 -6.43301785e-01 1.37138951e+00 7.89238513e-01
    -2.87430018e-01 4.93421555e-01 1.53848720e+00 1.33766055e+00
    3.48189831e-01 2.68128097e-01 1.34337366e-01 -2.12690264e-01
    1.38433969e+00 2.57714570e-01 1.25828457e+00 1.11038184e+00
    -5.90826690e-01 6.84124351e-01 1.42896581e+00 3.76467347e-01
    1.32350469e+00 1.32474220e+00 1.30395007e+00 4.16939139e-01
    1.10628331e+00 5.44562817e-01 -2.24817008e-01 8.44715774e-01
    1.95252299e-02 -1.83135927e-01 -1.76220238e-01 1.67051888e+00
    1.14647532e+00 1.11307013e+00 8.31652224e-01 -5.31990170e-01
    1.50756133e+00 1.28982663e+00 1.16862559e+00 7.06772745e-01
    -1.35046124e-01 1.53833377e+00 1.08401370e+00 4.48532283e-01
    1.37066388e+00 1.32051241e+00 9.54943538e-01 -2.14436442e-01
    4.82912064e-01 5.42754173e-01 -3.63458693e-01 1.65623116e+00
    -2.97505498e-01 3.30954611e-01 -2.49871463e-01 8.92639339e-01
    1.19288385e-01 1.35114551e+00 -4.14155126e-02 1.31911182e+00
    1.05686665e-01 1.23382866e+00 9.85636890e-01 1.39896441e+00
    -1.81324005e-01 8.08412015e-01 -4.34742212e-01 6.06815517e-01
    6.75237834e-01 1.48586929e+00 9.21840847e-01 1.46024668e+00
    1.15171623e+00 6.03467882e-01 4.43602204e-01 7.02179670e-01
    1.38348997e+00 -4.65952963e-01 8.43535006e-01 -1.39437914e-01
    1.24723828e+00 -8.26705635e-01 9.26665962e-01 1.45753479e+00
    1.29985070e+00 3.23820889e-01 1.19059920e-01 5.48063993e-01
    1.26468015e+00 1.21714354e+00 -2.21379787e-01 4.84314024e-01
    1.30683541e+00 1.10246336e+00 3.63708436e-01 7.33198643e-01
    -2.02723593e-01 1.11508787e-01 -4.37727511e-01 1.13610578e+00
    7.02537894e-02 7.82156885e-01 -4.31998670e-01 1.27103639e+00
    3.24779034e-01 -5.14864802e-01 -2.98077136e-01 7.70621657e-01
    5.34167528e-01 8.07704985e-01 1.32519698e+00 -4.35158640e-01
    1.30907845e+00 1.38421822e+00 -7.52197266e-01 3.18463087e-01
    1.43203592e+00 1.41971493e+00 5.01415074e-01 1.23720741e+00
    -2.68553078e-01 8.12570214e-01 1.55036855e+00 1.20968330e+00
    8.62855375e-01 4.19979692e-01 7.03126669e-01 1.33430529e+00
    7.50467062e-01 4.00319517e-01 -3.52578104e-01 2.71477938e-01
    3.25643361e-01 1.53575349e+00 -4.33911592e-01 -5.60765684e-01
    1.10231066e+00 1.26508296e-01 1.35386622e+00 1.83581114e-02
    -2.44548321e-02 -4.55601871e-01 6.14265859e-01 -5.46540558e-01
    -4.00405049e-01 5.99119067e-02 5.57169616e-01 1.53056574e+00
    4.94065166e-01 -2.11652756e-01 -6.19271338e-01 1.58605123e+00
    -1.71802640e-01 3.87666881e-01 1.46227431e+00 -7.99817383e-01
    1.04227090e+00 3.67205739e-01 1.30366755e+00 -6.87926114e-01
    1.22979927e+00 4.40318644e-01 -2.46684492e-01 9.68481421e-01
    1.22052598e+00 4.72677946e-01 9.61795151e-01 -6.30275846e-01
    7.59866893e-01 -7.99749494e-02 1.29547977e+00 2.56146014e-01
    -6.28177822e-01 -4.41824377e-01 1.56402147e+00 4.39112365e-01
    -3.44301730e-01 1.08520949e+00 7.31916010e-01 -4.91036534e-01
    1.37344027e+00 -2.81804085e-01 1.38695884e+00 5.93984067e-01
    1.60612524e+00 1.61785734e+00 1.28559220e+00 3.43480408e-01
    1.34377110e+00 -6.58173144e-01 1.48120236e+00 8.29048038e-01
    1.36658120e+00 1.23090255e+00 -1.44103229e-01 2.40390897e-02
    -6.86689854e-01 -7.10726976e-02 -5.67958593e-01 1.05868065e+00
    1.23822558e+00 1.21584368e+00 1.05572820e+00 9.89491999e-01
    -3.12799513e-01 5.69201112e-02 -3.08242708e-01 -6.18890464e-01
    2.91667521e-01 -1.09630823e-03 1.39102042e+00 1.55866146e-02
    4.71226335e-01 6.96619928e-01 2.63782024e-01 1.72988892e-01
    1.24182034e+00 1.37646091e+00 1.57345700e+00 -5.08261800e-01
    3.69648874e-01 1.43889236e+00 3.35963130e-01 1.38368869e+00
    1.31964874e+00 -1.91508293e-01 7.94852376e-01 -3.15534323e-01
    -3.65836859e-01 2.82970607e-01 9.28578198e-01 6.23780966e-01
    4.88286436e-01 4.70462620e-01 1.10747266e+00 6.68337226e-01
    7.42782116e-01 9.65400219e-01 -4.00267899e-01 -4.00973916e-01
    1.67398643e+00 -3.71716619e-02 -2.99203306e-01 5.27570605e-01
    -3.38668436e-01 1.18510485e+00 5.96197128e-01 4.04554605e-03
    6.78492963e-01 -6.05612993e-03 1.49825907e+00 1.68045568e+00
    -4.05424505e-01 3.63821089e-01 1.41971385e+00 1.43141603e+00
    8.27120364e-01 6.73042655e-01 1.39655256e+00 -2.79413790e-01
    1.01207662e+00 -5.41195393e-01 -8.85325670e-03 1.46036243e+00
    9.38321114e-01 4.51808393e-01 1.32700562e+00 1.58829260e+00
    -5.37596881e-01 5.42429686e-02 1.75900829e+00 -1.23060524e-01
    2.12525904e-01 -2.57929623e-01 -4.57225084e-01 9.68182087e-02
    -1.40626669e-01 1.10389996e+00 5.76768875e-01 1.07037854e+00
    2.90013492e-01 -5.90660810e-01 1.14025068e+00 -3.84603709e-01
    9.61876273e-01 1.43126965e+00 -8.50719213e-03 -3.16225827e-01
    2.19855249e-01 1.32226396e+00 5.19134283e-01 -3.58339787e-01
    9.39695239e-01 -2.74539232e-01 1.77925527e-01 1.28979683e+00
    3.72089267e-01 4.10518825e-01 1.60644293e-01 7.96467423e-01
    1.15328729e-01 9.70921516e-01 7.92015374e-01 -6.38526082e-02
    1.52008533e-01 -3.69336069e-01 1.20789385e+00 5.90150833e-01
    -5.16009927e-02 1.37834406e+00 9.92625892e-01 -3.95876706e-01
    1.10279870e+00 -5.59897840e-01 7.77723968e-01 1.01743960e+00
    1.20509529e+00 5.65286636e-01 1.50822425e+00 9.62455869e-02
    1.06749749e+00 1.35322165e+00 1.10260153e+00 -2.27356315e-01
    1.61949480e+00 1.32291067e+00 2.10525513e-01 6.17099345e-01
    -1.90236270e-01 -5.59553504e-01 8.44464242e-01 1.25594854e+00
    -8.36345017e-01 1.32696676e+00 1.25772941e+00 1.10578072e+00
    1.02474427e+00 1.34781241e+00 2.91227639e-01 7.13680565e-01
    2.55615234e-01 -2.63960004e-01 2.68384814e-02 8.13775778e-01
    1.14058805e+00 1.66332221e+00 -4.66320872e-01 1.21403313e+00
    1.71137810e+00 6.57843888e-01 5.23111522e-01 8.73266280e-01
    9.24829900e-01 6.61266863e-01 1.02382112e+00 3.72886539e-01
    1.04737473e+00 -4.44393396e-01 8.11181784e-01 -2.60318160e-01
    9.87731099e-01 -2.99354076e-01 2.66175210e-01 1.61470425e+00
    1.59247792e+00 -1.69832826e-01 1.30698347e+00 4.28736210e-03
    1.60806346e+00 7.21639156e-01 1.60961175e+00 1.43144453e+00
    3.94748390e-01 1.25105202e-01 7.16598630e-02 1.57046366e+00
    -4.45305705e-01 -5.94655931e-01 -3.62926960e-01 8.98969173e-02
    -4.35045332e-01 1.50170863e+00 1.34731126e+00 2.48369098e-01
    -7.55476475e-01 1.63505578e+00 9.61743653e-01 2.83229828e-01
    1.23126054e+00 4.35272157e-01 1.53989911e-01 6.08387649e-01
    1.41297519e-01 1.40962124e+00 3.31280410e-01 -5.24455249e-01
    7.17659056e-01 -6.64112568e-02 -1.82075918e-01 1.22411668e+00
    7.75989175e-01 3.45385551e-01 6.97029352e-01 4.05758619e-02
    1.50048494e+00 8.63123655e-01 1.04125178e+00 7.90164292e-01
    -1.25226080e-01 4.66444254e-01 5.16165614e-01 1.52955294e+00
    1.47282290e+00 1.34056783e+00 4.99225259e-01 3.38658214e-01
    7.27574646e-01 1.10843897e+00 1.39622474e+00 8.26005042e-01
    4.80095148e-01 7.92085052e-01 1.33039224e+00 1.00976932e+00
    9.21195686e-01 4.40763831e-02 1.34138870e+00 1.55118835e+00
    5.46029210e-02 1.02759600e+00 8.60708952e-01 1.07616806e+00
    -2.92198002e-01 5.53400874e-01 9.68810141e-01 4.47723150e-01
    1.89900398e-04 3.86560559e-02 2.24645436e-01 1.27231669e+00
    1.40845037e+00 1.53785086e+00 -3.63917261e-01 1.24697590e+00
    4.98537064e-01 1.21421409e+00 9.29710269e-02 8.65938425e-01
    -7.15462148e-01 4.87281799e-01 8.67865562e-01 -1.07695878e-01
    1.16663861e+00 -6.24148369e-01 8.72112215e-01 -2.01407671e-01
    -7.02719748e-01 -1.97507918e-01 1.27043343e+00 8.37284625e-01
    1.00769114e+00 1.39716744e+00 1.10061550e+00 3.22115958e-01
    7.78314888e-01 7.41570652e-01 -1.43983781e-01 1.30043030e+00
    -1.63410366e-01 4.12902296e-01 8.85488987e-02 1.58692598e-02
    1.58173323e+00 9.61646795e-01 5.33216894e-01 1.82071209e-01
    3.78651977e-01 1.34443820e+00 -2.13652849e-02 2.19422638e-01
    6.69320941e-01 2.41544247e-01 5.78567564e-01 1.28865063e-01
    -4.44911361e-01 8.08337092e-01 -2.96598673e-02 5.61803579e-02
    -4.98397857e-01 -2.34258175e-02 -6.28688991e-01 1.05483627e+00
    3.21996033e-01 -5.96415579e-01 -1.61203742e-02 -9.09286439e-02
    -5.41402996e-02 2.32303739e-02 -3.84879589e-01 5.71805656e-01
    1.13898349e+00 -6.96186721e-01 -7.57333517e-01 5.09723902e-01
    1.56058633e+00 -4.71700013e-01 8.39398324e-01 -1.69760853e-01
    6.88719094e-01 -9.23302770e-02 9.28586423e-01 -3.70206833e-02
    5.34744442e-01 1.13799882e+00 -4.28193897e-01 1.49285579e+00
    1.13302159e+00 -5.05339861e-01 1.05801654e+00 1.25057530e+00
    1.35767424e+00 5.98916590e-01 -4.68230247e-02 -3.67566109e-01
    2.89907515e-01 -2.94183075e-01 1.77857578e-01 -2.05098689e-01
    -9.61529016e-02 8.76421630e-01 4.80686128e-01 -1.07906699e-01
    8.99130166e-01 1.41257668e+00 1.03515136e+00 3.86794865e-01
    1.15391278e+00 5.92454910e-01 -3.59276474e-01 -4.34358180e-01
    9.91713703e-01 1.25074983e+00 7.58393586e-01 -6.35999620e-01
    5.20619631e-01 1.49414694e+00 3.46133769e-01 1.41967952e+00
    -6.35792494e-01 1.33787918e+00 1.33375740e+00 -2.20290065e-01
    7.21575618e-02 3.26160967e-01 -6.70659542e-01 1.09309530e+00
    -5.80245316e-01 5.82703650e-01 -5.16232610e-01 -6.35262907e-01
    1.05112863e+00 8.83305132e-01 -3.02728027e-01 -3.44879121e-01
    -3.27342480e-01 4.44220483e-01 -4.66533989e-01 1.51746798e+00
    1.24235320e+00 -3.20460826e-01 1.37670410e+00 8.38132739e-01
    6.07407391e-01 1.28367913e+00 -7.27942824e-01 -6.14984035e-01
    -2.86525071e-01 7.27622509e-01 1.47032499e+00 4.45188880e-02
    -3.96795273e-02 2.69369364e-01 1.04863739e+00 3.30489576e-01
    1.55319178e+00 -1.44579709e-01 7.63491511e-01 1.34314656e+00
    1.35364199e+00 1.18561876e+00 -2.00993598e-01 -2.40412325e-01
    -5.20855606e-01 4.12144125e-01 1.14061928e+00 7.44123697e-01
    1.63365912e+00 8.41144562e-01 1.51154089e+00 -4.95331705e-01
    -5.45677125e-01 3.39251876e-01 4.59356070e-01 3.81895840e-01
    1.18321872e+00 -4.26434338e-01 3.80435944e-01 -2.16834873e-01
    1.21090913e+00 -2.59177029e-01 -5.17128825e-01 1.17174578e+00
    1.29709280e+00 1.65280414e+00 -3.14791292e-01 -5.87866902e-01
    -4.85146046e-01 -4.51854199e-01 4.81046677e-01 3.40369165e-01
    1.52766418e+00 4.59873080e-01 -5.07398307e-01 1.36093378e+00
    -1.05819941e-01 1.26951647e+00 -3.68545145e-01 5.49255073e-01
    -1.67398870e-01 1.56609654e-01 -3.94348025e-01 6.59133077e-01
    -5.38611710e-01 1.25201547e+00 3.07331681e-01 1.56517625e+00
    1.34340644e+00 -8.06835592e-01 6.97653651e-01 2.94321835e-01
    8.88810515e-01 -3.15349102e-01 1.55617952e+00 -3.59543025e-01
    5.10899782e-01 1.60605359e+00 9.25282121e-01 1.40619802e+00
    3.24257314e-01 -7.80301094e-02 -1.44233704e-02 -3.26746643e-01
    7.89035499e-01 9.92612660e-01 1.33253050e+00 1.57708609e+00
    1.36344266e+00 -4.50983226e-01 5.11320829e-02 7.65002787e-01
    -2.37304896e-01 -3.17624748e-01 -1.10160530e-01 -4.47713614e-01
    4.27805126e-01 -3.66945982e-01 5.28019905e-01 1.31845200e+00
    8.98360252e-01 1.16884875e+00 1.02716446e+00 -1.00849330e-01
    1.28938544e+00 1.10899997e+00 2.36133575e-01 -3.13172996e-01
    -2.64551044e-02 4.93159771e-01 -6.33366942e-01 7.78376639e-01
    1.17814600e+00 1.25535178e+00 -4.67211634e-01 6.35980666e-01
    2.56444514e-01 -4.84302998e-01 -4.05850321e-01 3.12515497e-02
    1.38332140e+00 6.74153626e-01 1.53825378e+00 1.52383375e+00
    7.92017758e-01 7.14075446e-01 1.86331868e-02 4.82612848e-01
    -7.24089503e-01 9.46793914e-01 1.00238490e+00 9.05698657e-01
    9.47392821e-01 -1.85065806e-01 3.90714645e-01 4.28779721e-01
    -3.39205027e-01 6.00292742e-01 1.63491225e+00 6.19794190e-01
    8.31598639e-02 4.49992776e-01 1.28074956e+00 -3.10723841e-01
    -6.14572287e-01 2.53355920e-01 1.03651786e+00 5.98426461e-01
    1.43919420e+00 2.12022066e-02 1.64500499e+00 1.84987664e-01
    8.68871212e-02 7.52564549e-01 3.19064796e-01 -5.22315979e-01
    1.37363672e+00 -2.23148316e-01 1.79576278e-02 -5.63130677e-01
    6.57848001e-01 1.24407041e+00 -3.52806717e-01 5.89091957e-01
    2.16015875e-01 -1.86478794e-01 3.24278951e-01 9.01062965e-01
    7.39603460e-01 3.85799170e-01 -3.69097382e-01 -3.31840158e-01
    1.04540634e+00 1.51677668e+00 -4.36358482e-01 2.87499905e-01
    1.23416901e-01 7.33891308e-01 1.61986661e+00 1.07689559e+00
    -3.19686234e-01 1.18619084e+00 1.29291248e+00 -3.65244687e-01
    5.49674869e-01 8.54811132e-01 -1.30739510e-01 1.12380075e+00
    1.10248196e+00 -2.33382076e-01 3.24922621e-01 -1.11412078e-01
    5.93279898e-01 -1.14011526e-01 -2.32955188e-01 -2.12729752e-01
    1.35574198e+00 2.91322708e-01 7.37088442e-01 1.39713109e-01
    7.14548409e-01 -9.07758474e-02 -3.00362229e-01 1.27399564e-01
    5.32835245e-01 1.40731215e+00 -5.07452309e-01 -4.21602666e-01
    -6.37888134e-01 6.02018952e-01 8.87764692e-01 5.42862475e-01
    -8.40170383e-02 1.55415368e+00 8.83736432e-01 -5.24723530e-03
    5.93287051e-01 6.01015151e-01 1.32386184e+00 1.18700850e+00
    8.24279070e-01 1.28142321e+00 1.45886242e-01 -7.08295763e-01
    8.20881844e-01 2.98203111e-01 1.72674608e+00 4.02950585e-01
    -7.87644386e-02 -6.17280900e-02 1.44575477e-01 1.68876636e+00
    1.45619285e+00 1.53702474e+00 1.48516214e+00 1.47785521e+00
    4.19137478e-01 1.13709331e-01 1.06078982e+00 -4.75889474e-01
    4.72327411e-01 1.05879498e+00 -6.31190002e-01 7.93976068e-01
    1.65673363e+00 1.38809156e+00 4.25069690e-01 -1.06610954e-01
    -4.68655229e-01 8.89109194e-01 1.46583223e+00 -1.30430341e-01
    4.51717496e-01 1.57841802e+00 4.92988408e-01 1.19175375e+00
    -4.72759485e-01 1.52029991e+00 9.40874755e-01 5.62148988e-01
    -3.16624999e-01 1.20524466e+00 -6.01540029e-01 1.04573917e+00
    -6.35862589e-01 9.63449121e-01 -6.29410446e-01 4.45092082e-01
    -3.22867811e-01 1.39623785e+00 -2.58279234e-01 -2.12770104e-01
    9.67259765e-01 6.91488147e-01 1.45578742e+00 1.32641625e+00
    9.57541943e-01 -5.47536492e-01 1.11697614e+00 -2.49203593e-01
    4.76260126e-01 -1.78828061e-01 1.08444452e+00 6.60846055e-01
    -7.03426898e-01 2.58446753e-01 2.77934849e-01 9.87871468e-01
    2.04186559e-01 -4.82684970e-01 6.10968947e-01 1.28347218e-01
    -5.67664862e-01 -4.41078544e-02 1.76810265e-01 -7.21064985e-01
    4.91907179e-01 1.67299759e+00 9.77733731e-02 2.80870140e-01
    -3.43185127e-01 2.04015136e-01 1.47428894e+00 1.65020561e+00
    4.70982075e-01 1.14184737e+00 5.80789566e-01 -9.67855453e-02
    -4.19700146e-01 3.89067769e-01 1.45758414e+00 -2.35510051e-01
    3.92114520e-01 -4.30558294e-01 4.23865616e-01 6.65327311e-01
    4.89287794e-01 1.31347966e+00 1.03912187e+00 -2.39636302e-02
    1.40910292e+00 -5.82655072e-02 6.89275384e-01 -5.12064874e-01
    1.13321877e+00 8.65712285e-01 -4.53501374e-01 4.28672791e-01
    1.34475684e+00 1.34515977e+00 5.39879799e-01 1.12037432e+00
    -4.01943892e-01 9.17228043e-01 -5.64433277e-01 1.34798717e+00
    2.10942388e-01 -5.94264269e-02 1.49560881e+00 -4.46855903e-01
    1.10876632e+00 -6.30077779e-01 7.16291368e-01 -1.15566850e-02
    4.66628909e-01 -3.83771330e-01 5.22646010e-01 6.19144440e-02
    1.27044797e+00 1.55734849e+00 -3.04826409e-01 -3.84465456e-02
    -1.23558521e-01 2.14843512e-01 1.27642190e+00 7.03924656e-01
    1.79799914e-01 -1.63806319e-01 -5.48587382e-01 3.47516775e-01
    1.16874671e+00 -7.96635151e-01 1.33216202e+00 1.16450226e+00
    1.39669847e+00 7.33210385e-01 9.19532537e-01 -1.81073844e-01
    4.22100663e-01 1.13329136e+00 6.49549186e-01 1.14761114e+00
    1.10663998e+00 4.78949547e-01 -3.74287099e-01 5.74712515e-01
    1.07366931e+00 1.00617003e+00 1.57974827e+00 2.85964787e-01
    1.38041449e+00 9.20173347e-01 -3.05379212e-01 8.21917415e-01
    -1.98823631e-01 -5.38979888e-01 -5.32325506e-02 1.50391579e+00
    8.79278243e-01 -6.64624095e-01 1.56200528e+00 -5.21765530e-01
    1.11149311e+00 1.60098529e+00 9.98400450e-01 9.22257006e-01
    9.96293008e-01 3.71259630e-01 1.12900567e+00 1.38052702e+00
    9.09916282e-01 1.57978106e+00 -2.70155460e-01 1.81405544e-02
    -4.87452865e-01 8.13879192e-01 2.43213952e-01 1.52701879e+00
    1.05279016e+00 -6.22746944e-02 -5.00387549e-01 8.88541162e-01
    -1.94493622e-01 1.68564653e+00 4.01966572e-02 3.05078804e-01
    7.05654562e-01 1.13389134e+00 6.26885712e-01 -5.95767856e-01
    -1.65282905e-01 1.50835967e+00 -5.71023881e-01 -2.33409822e-01
    6.07714534e-01 1.26556230e+00 -4.59585547e-01 7.81008601e-01
    1.22973824e+00 4.57525313e-01 1.38489032e+00 4.39998150e-01
    1.70431912e+00 -3.86283904e-01 6.92492068e-01 3.05163801e-01
    1.21829152e+00 6.07650161e-01 8.93642485e-01 8.11136365e-02
    1.65830255e+00 -8.41444731e-03 1.43850112e+00 1.95879936e-02
    1.71942818e+00 1.15820718e+00 -3.85913134e-01 1.13831508e+00
    9.17765260e-01 1.32266951e+00 8.91962230e-01 8.13775897e-01
    -7.28988647e-02 4.37808573e-01 -4.96257961e-01 1.57436848e+00
    8.55666280e-01 1.11913109e+00 -7.26902485e-02 -4.84448075e-02
    1.37727427e+00 1.29957759e+00 5.10657132e-01 3.13471794e-01
    1.48009968e+00 -1.62063539e-01 1.28132844e+00 6.81432366e-01
    1.17832756e+00 1.48409045e+00 5.53786337e-01 7.92212069e-01
    1.06871212e+00 1.45637488e+00 -1.61244988e-01 -5.54633260e-01
    1.17936838e+00 1.04831338e+00 9.86499846e-01 -2.69458771e-01
    4.31835473e-01 1.51684165e+00 2.74813354e-01 1.37636089e+00
    4.52587485e-01 6.42753184e-01 9.39559519e-01 -4.90514874e-01
    -4.02139306e-01 1.24169469e-01 -3.65423530e-01 6.62066996e-01
    -7.56625235e-01 7.87258148e-04 6.80460930e-01 1.63636923e-01
    -1.66890860e-01 5.25670648e-01 6.01388395e-01 1.05958962e+00
    1.28208733e+00 1.42560744e+00 1.43644071e+00 -1.38926506e-02
    -8.83088708e-02 1.56040096e+00 6.70934260e-01 8.10052872e-01
    9.64378953e-01 1.01104391e+00 3.22979093e-02 1.33471906e-01
    -3.39148194e-01 -6.63397491e-01 1.01235056e+00 4.51349795e-01
    1.31660199e+00 4.87045407e-01 1.15566885e+00 -5.33098996e-01
    1.38625669e+00 1.11488008e+00 1.12615108e-01 6.18926585e-01
    1.35914314e+00 5.61181128e-01 1.74493480e+00 7.71966815e-01
    -6.97178304e-01 -7.92446136e-02 -2.21110582e-01 1.41697681e+00
    8.25026631e-02 1.19515777e+00 1.02790356e+00 -3.33603144e-01
    9.01825368e-01 1.60829008e-01 1.04480803e-01 -5.47928691e-01
    -2.64928520e-01 -1.84707701e-01 1.09478927e+00 9.70956862e-01
    -8.79374743e-02 1.02305067e+00 5.92448473e-01 5.58232605e-01
    -4.60395515e-01 6.20728433e-01 1.53855157e+00 1.17855763e+00
    9.50745583e-01 -4.54928249e-01 5.96942067e-01 2.69833207e-02
    -5.51451623e-01 -2.38354206e-01 1.82861185e+00 1.58255184e+00
    -5.74456453e-01 1.12034178e+00 -2.86987573e-01 4.87172008e-01
    6.19908750e-01 -2.43589431e-01 1.10348058e+00 1.25011683e+00
    8.49235237e-01 8.35323989e-01 -2.57263601e-01 1.43198156e+00
    5.29191852e-01 9.67918634e-02 4.72926378e-01 1.17087567e+00
    -1.39178306e-01 -6.47182941e-01 7.89236724e-01 1.37151027e+00
    1.29086399e+00 6.02085412e-01 6.37923956e-01 -2.56629467e-01
    -6.02803707e-01 1.18878829e+00 1.03542006e+00 -7.29846478e-01
    6.54340088e-01 2.18248785e-01 1.41016483e+00 -7.33562648e-01
    9.93927121e-01 1.17357111e+00 -4.92838621e-01 1.65691257e+00
    7.77417541e-01 1.18539321e+00 1.57236099e-01 -9.74007249e-02
    1.80038810e-01 5.15111089e-01 -3.77509415e-01 9.83340561e-01
    -1.71774268e-01 1.16213632e+00 2.77441084e-01 1.55025125e-02
    1.71406388e+00 -4.64384049e-01 1.05516350e+00 9.33690250e-01
    1.17659330e+00 8.59878182e-01 -2.70377398e-01 -3.63129139e-01
    1.65691519e+00 2.65901148e-01 9.94124115e-01 -5.65361500e-01
    1.55244994e+00 9.27468181e-01 -3.22018504e-01 9.30454254e-01
    6.05414569e-01 -2.29412675e-01 1.09182429e+00 2.95621395e-01
    -2.46466726e-01 9.73648548e-01 1.51396394e+00 4.01968300e-01
    -9.64123011e-02 -3.91942918e-01 -1.71232700e-01 2.59280801e-01
    9.68624055e-01 1.18677902e+00 -9.71709490e-02 1.40996480e+00
    8.85310292e-01 -2.92028904e-01 2.19031572e-01 9.15063918e-01
    1.18376827e+00 4.08273876e-01 -3.79792213e-01 2.54339933e-01
    -4.86789793e-01 -6.43814206e-02 5.53265452e-01 2.67117560e-01
    1.75876677e-01 4.80160117e-02 1.59014893e+00 -4.53617662e-01
    5.62866032e-01 7.57115483e-01 1.07136822e+00 -6.39985144e-01
    7.61592388e-03 1.48399520e+00 9.26359534e-01 -4.11229819e-01
    -7.83724189e-02 1.39960933e+00 1.07693148e+00 -2.76919484e-01
    1.27720785e+00 1.68295979e+00 -7.81201124e-02 1.58326292e+00
    -6.45529747e-01 1.09331918e+00 8.30239475e-01 1.20762801e+00
    4.90395486e-01 -2.65994340e-01 8.91553879e-01 9.82858300e-01
    -5.96207380e-03 1.05820179e-01 -4.88970637e-01 3.53871047e-01
    -5.46730161e-01 1.03196025e-01 -5.69956899e-01 1.92818522e-01
    1.04997885e+00 5.94913721e-01 -8.01920891e-02 1.00207090e+00
    3.90051007e-01 -3.32252800e-01 -2.27141500e-01 1.40626454e+00
    8.95964026e-01 1.51215136e-01 -1.63663864e-01 8.19622755e-01
    1.49756420e+00 5.06771982e-01 1.31449974e+00 -3.54219973e-01
    8.64958644e-01 -2.67422557e-01 -2.18662262e-01 1.15727878e+00
    5.81949234e-01 -8.25375915e-02 5.75832188e-01 9.58533883e-02
    8.57146382e-02 -3.61963987e-01 2.32111573e-01 1.10470963e+00
    1.48948109e+00 6.41304910e-01 6.08367682e-01 5.88404477e-01
    4.10097957e-01 1.02169430e+00 -4.78237748e-01 1.55420518e+00
    -1.77629650e-01 -3.09662819e-02 1.47782969e+00 -6.40442014e-01
    1.73140764e-02 7.66001940e-01 4.60626721e-01 1.16473246e+00
    -4.63480055e-01 1.67046380e+00 4.08752382e-01 -3.12769443e-01
    4.71193433e-01 3.45968068e-01 -3.25103819e-01 -2.33504891e-01
    -4.26418483e-01 -4.81638491e-01 -1.71408653e-02 -2.95323133e-03
    -8.83669257e-02 -2.89510250e-01 5.82136393e-01 1.65571737e+00
    1.66021049e+00 1.53019369e+00 2.20298171e-01 6.98893070e-02
    1.38455462e+00 5.80556512e-01 5.56656480e-01 1.81755543e-01
    9.78978276e-02 -3.34462166e-01 8.30769539e-02 8.90348554e-02
    -2.42201269e-01 1.50279236e+00 -1.72767401e-01 2.45940685e-01
    1.13286400e+00 5.08357346e-01 4.79732335e-01 -5.20637870e-01
    -3.97286624e-01 1.65736365e+00 8.10166299e-01 -3.28851938e-01
    1.23846114e-01 1.30817974e+00 1.37469411e-01 9.09793735e-01
    8.61181080e-01 2.10265994e-01 2.99449563e-02 4.70270097e-01
    -6.04588985e-01 1.64022803e+00 -5.33822060e-01 -6.71386719e-02
    1.11553907e+00 1.01605248e+00 1.55167747e+00 -1.56520605e-01
    -3.13084424e-01 -3.54339242e-01 4.46396649e-01 1.11708176e+00
    -2.71309614e-01 5.62401175e-01 9.86776233e-01 1.54884410e+00
    1.62625968e-01 1.36968064e+00 9.19486821e-01 8.66141498e-01
    1.52455950e+00 -6.12512648e-01 1.01566029e+00 8.84504199e-01
    6.03309155e-01 1.63346732e+00 1.35078907e+00 1.52094746e+00
    -3.41141641e-01 1.15206742e+00 1.22944236e+00 9.73662734e-01
    -2.03136086e-01 3.23220491e-01 4.92113411e-01 -2.81334668e-01
    5.60644150e-01 1.44343793e-01 1.02844274e+00 4.45772946e-01
    8.54690611e-01 -1.89542353e-01 -2.83239275e-01 1.12550879e+00
    -3.71322066e-01 1.75068498e-01 7.97902167e-01 9.01699483e-01
    1.55991793e+00 9.01231408e-01 2.67500341e-01 -1.52956605e-01
    8.99507582e-01 1.06796479e+00 -3.31637859e-01 1.60343194e+00
    -1.17327571e-02 7.50325024e-01 8.86031866e-01 1.50056660e+00
    -5.13836980e-01 -9.90460515e-02 6.14963889e-01 1.01353693e+00
    -6.78743124e-02 2.67267644e-01 9.88265276e-01 -3.77775371e-01
    1.34238899e-01 1.37592268e+00 -5.14981806e-01 2.08513498e-01
    7.57872939e-01 4.49398279e-01 2.17549503e-01 1.30704391e+00
    1.45223808e+00 1.29958940e+00 5.85007429e-01 1.54957747e+00
    -7.63251185e-02 3.83462191e-01 -4.42277551e-01 1.44698155e+00
    1.19614637e+00 -1.85183823e-01 -3.39524567e-01 -2.52121687e-02
    1.16570926e+00 5.69797158e-02 2.60770798e-01 6.37706041e-01
    5.40301442e-01 1.29496837e+00 3.41302037e-01 4.40604031e-01
    3.20261419e-01 1.44237924e+00 1.36993492e+00 1.91909373e-01
    1.19913030e+00 1.25623965e+00 3.34846377e-01 7.36805379e-01
    7.13012636e-01 -1.33749068e-01 1.71884537e-01 -3.39733273e-01
    2.52579749e-01 -4.89865541e-02 1.35559928e+00 -5.74222863e-01
    1.01720059e+00 2.61772037e-01 2.27149308e-01 -5.02682745e-01
    2.80689955e-01 1.10283065e+00 8.01841140e-01 7.44736016e-01
    6.01053536e-01 1.91184878e-01 2.74847984e-01 9.58578587e-02
    -1.06523752e-01 8.34827423e-01 1.23044968e+00 -6.77649617e-01
    1.28566957e+00 1.04272270e+00 2.58003950e-01 1.98614001e-02
    1.54134667e+00 5.00618219e-01 4.53430116e-01 -3.16588879e-01
    1.65969884e+00 1.37625873e-01 7.87884653e-01 3.60723495e-01
    1.62564445e+00 1.69996738e+00 1.20094180e-01 2.50167847e-01
    -4.66386020e-01 1.42150331e+00 -3.69356453e-01 -2.72074342e-01
    8.76986384e-02 9.15525973e-01 1.70799422e+00 -3.56359601e-01
    2.87210047e-01 5.27990639e-01 7.51987040e-01 8.09556901e-01
    1.16632748e+00 1.19019103e+00 -2.24004686e-01 1.60236108e+00
    1.02648318e-01 1.06269777e-01 1.22427392e+00 1.32949924e+00
    -7.20843792e-01 1.54425633e+00 1.39834821e+00 -3.71230841e-02
    7.80366480e-01 7.37676919e-01 -3.65075529e-01 -5.27573824e-01
    -3.37781250e-01 -8.64150524e-02 1.06450343e+00 4.89922285e-01
    -5.25457621e-01 -5.31826615e-02 3.74704719e-01 4.56923664e-01
    1.16538167e+00 3.42516959e-01 1.50667906e+00 1.04087782e+00
    1.27127230e-01 1.05762708e+00 1.12453544e+00 2.20487356e-01
    -4.16705161e-01 1.03170991e-01 2.59295821e-01 4.60051239e-01
    -2.46792376e-01 8.69933903e-01 1.50510931e+00 1.27271366e+00
    5.71303189e-01 -5.69481254e-01 1.75777602e+00 -6.24710619e-01
    6.26427770e-01 1.06433082e+00 8.27254772e-01 8.23858857e-01
    1.19201016e+00 -3.26685727e-01 4.54489648e-01 1.38742304e+00
    7.95854390e-01 1.64850092e+00 4.71724510e-01 -3.59401226e-01
    3.92595708e-01 3.03902209e-01 4.88784492e-01 1.80075192e+00
    1.32838726e+00 1.14848340e+00 4.08030927e-01 -8.25309455e-02
    -4.56488222e-01 8.93203080e-01 1.82022214e+00 -5.15656292e-01
    -6.66385889e-01 9.59190965e-01 -3.73354018e-01 -3.45169038e-01
    1.31535530e-01 1.62950110e+00 6.38498127e-01 1.27307832e+00
    3.81889284e-01 6.18917406e-01 4.59037483e-01 2.51112103e-01
    1.71721280e-01 -2.95390755e-01 1.30826247e+00 -4.39566374e-02
    1.44644916e-01 -1.46441936e-01 -6.37160182e-01 1.35477543e+00
    6.63642466e-01 -3.65445524e-01 1.06055856e+00 1.49406695e+00
    -2.04810977e-01 4.06624079e-02 -6.95058465e-01 2.85484195e-02
    7.37616718e-01 1.03147459e+00 5.73799968e-01 3.74766648e-01
    7.11388588e-02 8.43582928e-01 6.27939045e-01 -5.97693920e-01
    -1.35509372e-02 9.64425147e-01 1.31787229e+00 1.38689208e+00
    1.05999351e+00 1.04117286e+00 1.22852540e+00 9.81234670e-01
    -2.76692808e-01 4.68072593e-01 1.39354324e+00 1.37150717e+00
    5.61292410e-01 2.82290339e-01 -2.57190764e-01 -6.06057882e-01
    -3.23908478e-01 3.10827494e-02 -2.79476881e-01 9.35289562e-01
    -8.53320360e-02 -3.51821929e-01 7.34474540e-01 -5.15062690e-01
    1.17527413e+00 -6.21312380e-01 7.19376028e-01 1.11590242e+00
    1.28752136e+00 -3.01461101e-01 -1.73230261e-01 -1.41836554e-01
    -4.63964194e-01 1.55595994e+00 1.25999284e+00 -2.33760983e-01
    1.65227103e+00 1.12187088e-01 1.73436987e+00 -8.02212954e-02
    1.63783503e+00 1.01228571e+00 -1.98456824e-01 1.07039118e+00
    7.12036073e-01 1.05163217e+00 1.15017343e+00 -5.56604266e-02
    9.73518729e-01 5.11120975e-01 -5.70512891e-01 -6.56290233e-01
    1.24785328e+00 2.93335736e-01 9.29259837e-01 5.15995383e-01
    -4.08957303e-01 1.15644968e+00 5.03463745e-01 1.25242829e+00
    1.29852343e+00 6.70071840e-02 1.19770551e+00 1.14909124e+00
    8.92027378e-01 -3.54207158e-01 1.57604492e+00 8.91135395e-01
    5.88344812e-01 -2.05602348e-01 7.35652387e-01 -7.26201773e-01
    1.19233584e+00 8.68374407e-01 3.18268359e-01 1.24180675e+00
    1.50423312e+00 1.43691897e-02 1.38502562e+00 2.27876306e-02
    -2.12041378e-01 1.07899189e+00 -1.89251900e-01 1.18429565e+00
    -3.46335858e-01 2.57020056e-01 1.72899461e+00 2.92421639e-01
    1.30428004e+00 2.61153579e-01 -3.13967168e-01 -5.97366869e-01
    5.98153710e-01 1.39754105e+00 4.37906563e-01 1.01073146e+00
    1.32592773e+00 6.41230762e-01 2.33119369e-01 1.42181993e-01
    8.43482494e-01 1.23459458e+00 1.56627226e+00 -2.97849864e-01
    7.73388505e-01 1.63297307e+00 -3.90799582e-01 2.07428753e-01
    -3.14195752e-02 5.82766593e-01 1.46816444e+00 8.70783627e-01
    -7.69312382e-02 1.44847786e+00 -4.49053705e-01 1.48550129e+00
    4.45401490e-01 1.67408633e+00 7.32236505e-02 3.85637760e-01
    3.32452118e-01 2.72399426e-01 3.28832269e-01 1.08920956e+00
    6.51866436e-01 1.20608771e+00 1.33303750e+00 4.15380239e-01
    -7.74316370e-01 8.76711786e-01 6.13678277e-01 1.47015977e+00
    -3.92710835e-01 1.13957798e+00 8.14365447e-01 -1.58871174e-01
    -8.78126621e-02 1.70098996e+00 5.33341527e-01 4.96480465e-02
    -2.99935728e-01 9.34105694e-01 1.56036913e-01 1.41288042e+00
    6.56687081e-01 4.85525668e-01 5.83773851e-02 -5.35195887e-01
    9.63145971e-01 7.70993769e-01 8.57867420e-01 7.84488738e-01
    9.02220249e-01 2.66216278e-01 -4.40192819e-02 1.64511728e+00
    9.82925653e-01 2.94513464e-01 1.14312935e+00 1.30214572e+00
    -2.79538035e-01 -3.04627806e-01 1.53683031e+00 -3.44104022e-01
    9.86193657e-01 -1.74420834e-01 5.10064840e-01 1.38890123e+00
    1.46459723e+00 7.10186303e-01 5.76304138e-01 6.45725429e-01
    1.01791608e+00 -3.60998154e-01 -5.08552611e-01 -1.19280547e-01
    -4.82873589e-01 4.63560700e-01 -2.15574384e-01 -6.39700890e-03
    1.33534575e+00 5.89721799e-01 -2.74316967e-01 1.58960676e+00
    5.58076799e-01 1.32079113e+00 -1.26092315e-01 7.87620068e-01
    1.41732001e+00 1.22137511e+00 1.06929600e+00 1.63562202e+00
    9.73905027e-01 8.14148903e-01 3.30070257e-01 -6.45347357e-01
    9.00302529e-02 1.20411372e+00 -1.30722523e-02 9.06471312e-01
    -1.16399407e-01 6.33061707e-01 1.02318215e+00 8.55722427e-02
    1.44668221e-02 -8.73085260e-02 -5.86237013e-01 9.73279119e-01
    8.96956980e-01 8.48720372e-01 5.72264194e-03 9.07963753e-01
    -4.67202276e-01 1.32199216e+00 7.97667384e-01 5.23508132e-01
    5.51557541e-03 -3.75246108e-01 9.10238326e-01 2.55390882e-01
    1.34594083e-01 1.27883136e-01 -2.42412925e-01 -4.94241029e-01
    3.64881635e-01 7.32053757e-01 -4.96937811e-01 -1.68879747e-01
    1.30685496e+00 -3.01485062e-02 -5.88962257e-01 -2.68943340e-01
    1.10725594e+00 8.98411393e-01 1.55113840e+00 7.68550396e-01
    1.62505198e+00 1.20824528e+00 -6.18130624e-01 4.25077915e-01
    9.95474041e-01 2.90443420e-01 3.76752555e-01 1.57781601e+00
    7.35835433e-02 1.56633663e+00 5.65272689e-01 1.58391476e-01
    9.44800973e-01 1.14567220e+00 7.76867509e-01 -6.38123155e-01
    3.70733440e-01 7.69394875e-01 -4.08944190e-01 -4.24770325e-01
    -4.59104151e-01 1.45117128e+00 1.56084549e+00 -6.99528098e-01
    5.86511791e-01 1.00013351e+00 1.59101295e+00 -2.97547907e-01
    1.78040254e+00 6.39031351e-01 -2.70835936e-01 -2.42854357e-01
    -2.98034281e-01 8.89314175e-01 -4.46392536e-01 9.19071972e-01
    7.10625648e-02 1.72444367e+00 8.11137915e-01 -3.71336997e-01
    -5.98472059e-01 1.60870314e+00 5.81979752e-03 7.32987761e-01
    8.01146746e-01 -6.64690018e-01 5.30121744e-01 -3.96550536e-01
    6.38576686e-01 1.51843429e-02 1.79892516e+00 6.22457802e-01
    1.98152959e-01 3.60906482e-01 -6.84985220e-01 9.22952414e-01
    3.60732913e-01 5.45771420e-01 -1.05360270e-01 -1.18900150e-01
    -3.96186829e-01 -7.24311173e-02 -1.10549927e-02 8.53399515e-01
    4.48400378e-01 7.86410451e-01 3.17196727e-01 1.15080917e+00
    -6.20886981e-01 -2.24112332e-01 -2.73414403e-01 8.43335390e-01
    9.77836013e-01 1.51277828e+00 -3.30666304e-02 -2.91935742e-01
    6.10922217e-01 -6.18462503e-01 1.55782545e+00 -3.86094183e-01
    9.46072638e-01 1.03908753e+00 -8.44687223e-03 3.75931561e-01
    8.70901227e-01 -6.07863545e-01 4.23751175e-01 8.06064665e-01
    7.83260465e-02 -5.09308100e-01 1.67678320e+00 8.02837193e-01
    6.08244002e-01 -4.18927312e-01 -3.71838629e-01 1.19709039e+00
    1.15815330e+00 1.33270192e+00 -2.88491905e-01 1.02844548e+00
    6.03022695e-01 4.34072077e-01 1.62545598e+00 4.62032497e-01
    3.13632429e-01 8.02947521e-01 -2.02293932e-01 1.05232430e+00
    1.80168927e-01 1.48696482e-01 5.40023148e-01 -1.02846622e-02
    7.57193565e-01 1.16756415e+00 1.34532404e+00 -7.46438265e-01
    2.27610469e-02 1.22809482e+00 4.86870885e-01 -3.81663829e-01
    4.29298997e-01 3.94716740e-01 1.14758217e+00 3.63460422e-01
    1.76662683e-01 1.65606749e+00 1.31302595e-01 -2.71814466e-02
    1.11081839e-01 8.57849121e-01 1.03701305e+00 -9.14362073e-02
    -6.32847965e-01 -2.50674307e-01 -2.97507524e-01 -3.21085483e-01
    9.36695874e-01 -4.39626426e-01 9.08934891e-01 1.32184303e+00
    8.54134440e-01 1.42997098e+00 1.68668842e+00 -6.83051109e-01
    -4.37694073e-01 9.22782421e-01 -6.01925194e-01 1.19965816e+00
    1.85528636e-01 3.67351174e-02 1.37539625e+00 1.68298960e+00
    -2.50272334e-01 1.19025576e+00 -4.41393644e-01 4.49554861e-01
    6.29976928e-01 2.14616835e-01 8.01842928e-01 -2.13437617e-01
    1.67294288e+00 3.25727463e-01 6.44969285e-01 1.12294507e+00
    7.63206005e-01 -8.40162039e-02 -3.98981631e-01 1.16278124e+00
    1.05906796e+00 3.70612442e-01 6.81444407e-01 6.31215036e-01
    9.00857091e-01 5.47206104e-01 1.50895596e-01 1.23430359e+00
    1.17144585e+00 9.32699323e-01 1.12935030e+00 2.27354169e-02
    2.22687900e-01 7.61054993e-01 -8.35608244e-02 1.19395947e+00
    -3.53770256e-02 -5.39185941e-01 1.58634901e+00 1.43519473e+00
    9.32576120e-01 9.50074196e-03 -1.27799869e-01 2.44622231e-01
    1.61765587e+00 1.49872422e+00 6.10500157e-01 7.73272574e-01
    -1.72595590e-01 7.64939964e-01 -6.76795483e-01 1.41414607e+00
    -6.37964010e-02 3.48860383e-01 9.96623695e-01 1.37926817e+00
    1.09653020e+00 9.52762067e-01 -3.98325592e-01 -2.40807414e-01
    2.66618729e-01 5.22292733e-01 -1.43584490e-01 2.70198584e-01
    -5.96201956e-01 2.63637662e-01 -1.91893578e-01 1.05866003e+00
    -5.30619025e-02 -3.85693461e-01 -6.92125916e-01 -6.30792797e-01
    1.66713893e+00 9.20116305e-01 1.06687689e+00 1.14888167e+00
    6.86337173e-01 1.34960508e+00 -3.34510624e-01 1.13135886e+00
    -4.65952754e-01 -2.46486574e-01 1.66839361e-02 -2.78645396e-01
    -3.88693899e-01 3.00843298e-01 -3.25974226e-01 4.39765811e-01
    1.54383922e+00 -3.09347183e-01 9.04988110e-01 1.10729158e-01
    3.00334692e-01 1.77681279e+00 1.44218612e+00 8.36499453e-01
    1.09413254e+00 4.93075073e-01 1.48662543e+00 -8.08151007e-01
    9.72747147e-01 1.61396742e+00 -5.09993851e-01 3.00089478e-01
    1.44564414e+00 -8.74999762e-02 1.09381235e+00 7.16606975e-02
    1.38945568e+00 1.27122283e+00 1.21359587e-01 1.58712935e+00
    -3.79585028e-01 -3.33633840e-01 -5.68343282e-01 1.05088818e+00
    -3.98677796e-01 1.23070788e+00 1.11958170e+00 1.12705660e+00
    3.60066354e-01 9.97607887e-01 1.61367643e+00 1.62414014e-01
    8.62320781e-01 1.24109244e+00 1.10009575e+00 -7.39123225e-02
    -6.43128991e-01 -5.40594101e-01 -2.68881917e-02 1.02801323e+00
    5.67469358e-01 1.14095569e+00 9.45065677e-01 -1.99327856e-01
    -1.03302419e-01 -8.52825642e-02 2.29100704e-01 5.55366397e-01
    5.66731155e-01 6.75115764e-01 3.14299583e-01 9.32454586e-01
    1.04523456e+00 -1.79358989e-01 6.30763710e-01 4.13429618e-01
    3.11313391e-01 1.71842992e-01 1.17189240e+00 5.07520199e-01
    8.22274089e-02 4.74872291e-01 -9.01597738e-02 3.74784946e-01
    -5.48695207e-01 2.29299486e-01 4.11214232e-01 -1.65359676e-01
    -2.89610863e-01 9.34774756e-01 7.72025406e-01 -4.21643257e-04
    1.49013400e-01 7.54385471e-01 3.48712683e-01 -2.85492480e-01
    -5.74658692e-01 -7.67107308e-02 -1.17680520e-01 2.52898812e-01
    1.36904120e-01 1.23753095e+00 1.90755606e-01 1.40925825e-01
    1.51737285e+00 4.71260130e-01 1.61094427e+00 -1.40533090e-01
    1.11734557e+00 9.19462025e-01 -2.33337581e-01 8.88159752e-01
    7.95230091e-01 5.06854415e-01 -4.14149761e-02 3.93891037e-01
    1.50031435e+00 1.39395499e+00 1.11896980e+00 1.35107994e+00
    1.37927270e+00 2.40381956e-01 -8.26483965e-02 1.52666593e+00
    -2.50421166e-01 2.66732395e-01 1.54025567e+00 -3.15118998e-01
    -2.21067131e-01 1.44314265e+00 7.00709760e-01 9.49279368e-01
    8.56755614e-01 9.07077372e-01 9.45211947e-01 1.27559876e+00
    -4.81447279e-01 -7.67520070e-02 1.62419081e-02 1.13013101e+00
    1.46815240e-01 1.39566660e+00 -4.57789719e-01 -4.59378421e-01
    -5.67777097e-01 -4.81086284e-01 1.23833561e+00 1.19660163e+00
    1.43172121e+00 1.34267759e+00 -6.99002385e-01 8.99512827e-01
    -7.54251540e-01 1.05783153e+00 1.10324323e-01 5.21482646e-01
    5.57641506e-01 1.03881896e-01 4.28842783e-01 -3.38431597e-01
    6.05954230e-01 9.08132136e-01 -3.80176067e-01 1.36075318e+00
    -4.86683905e-01 -3.47492218e-01 1.60768604e+00 7.43080676e-01
    1.35522723e+00 -5.88355362e-01 -4.97912169e-01 8.89039934e-01
    1.61206841e+00 -6.10784471e-01 -5.60681343e-01 1.15174532e+00
    1.09089601e+00 -1.79820955e-01 -2.94126838e-01 -5.47760129e-02
    2.67806113e-01 6.76248729e-01 1.01307869e+00 3.00381005e-01
    1.54373765e+00 -6.90688848e-01 1.58189011e+00 1.37091184e+00
    3.73328924e-01 -5.50143123e-01 -5.07996202e-01 -3.39488536e-01
    1.18146443e+00 -4.20313239e-01 -6.10925198e-01 -2.27998435e-01
    9.11343098e-01 4.57143784e-02 2.67246783e-01 3.08183074e-01
    7.42542744e-03 1.01579499e+00 3.11814487e-01 -7.13272274e-01
    5.80470324e-01 -7.17865169e-01 -4.60836649e-01 1.35972357e+00
    1.05563092e+00 1.10981786e+00 8.79929900e-01 5.68021476e-01
    -6.10863090e-01 -1.97454453e-01 9.66745198e-01 -8.95861983e-02
    4.44677413e-01 -3.13378990e-01 5.11928320e-01 1.37497377e+00
    6.63482487e-01 -1.74187899e-01 -3.32582593e-02 9.25530553e-01
    7.64080107e-01 1.02136016e+00 1.04810011e+00 7.39631414e-01
    6.24464035e-01 1.22736835e+00 -4.87678856e-01 -4.82343256e-01
    5.44568896e-01 1.42450154e-01 -1.78390563e-01 1.53778565e+00
    1.42802608e+00 1.46218216e+00 -4.82406348e-01 3.95462573e-01
    8.85325074e-02 -6.66103363e-01 7.08603323e-01 7.61120915e-02
    -1.21917248e-01 1.74618542e-01 -4.94698405e-01 -1.63238674e-01
    1.31892741e-01 -3.91638935e-01 1.28217614e+00 1.36690474e+00
    1.40051401e+00 5.03367126e-01 8.46146345e-01 -5.47327161e-01
    7.42134631e-01 2.51591444e-01 8.21347952e-01 3.20582151e-01
    -1.31674826e-01 7.22909093e-01 1.08261871e+00 1.03060460e+00
    7.13763177e-01 -5.44534147e-01 5.52135050e-01 1.68483853e+00
    -2.76766568e-01 1.43080771e-01 9.56862032e-01 1.56591046e+00
    -1.48868382e-01 -3.46958637e-02 1.26903903e+00 1.41815567e+00
    1.43987405e+00 1.52622104e+00 -5.72960258e-01 -2.50474274e-01
    -4.79148775e-01 1.00175786e+00 -2.71908671e-01 1.54233634e+00
    1.15022457e+00 1.25405383e+00 7.82179952e-01 -3.27631831e-02
    4.24596667e-01 -5.24944961e-01 -6.26979351e-01 -1.16377652e-01
    -5.94784975e-01 1.51879609e-01 5.24451673e-01 -5.30694604e-01
    1.51875579e+00 1.22131717e+00 3.06793094e-01 1.08172047e+00
    -4.09538895e-01 1.54799795e+00 -7.09398925e-01 1.59863698e+00
    3.18675101e-01 1.59341240e+00 1.41201377e-01 1.29253840e+00
    -4.26595211e-01 3.19355369e-01 8.90210927e-01 1.61915135e+00
    8.67078722e-01 6.52767360e-01 1.62105513e+00 1.34921825e+00
    5.45527995e-01 -2.99551755e-01 2.62924552e-01 -6.58472300e-01
    1.54524088e-01 -5.21968782e-01 6.21899962e-02 -2.87518770e-01
    1.28929532e+00 2.33817697e-01 6.51054740e-01 -2.81132519e-01
    -5.98098695e-01 1.65641785e+00 -2.40606666e-01 4.32461560e-01
    1.76676226e+00 -4.10811961e-01 -1.36151910e-01 6.16208375e-01
    -5.08772135e-01 1.41402423e+00 8.77844453e-01 1.44050193e+00
    1.66720593e+00 -2.24758029e-01 -7.76184201e-02 -2.30089068e-01
    1.74267924e+00 1.49077535e+00 -1.20478451e-01 1.15591562e+00
    1.62566805e+00 1.47402942e+00 7.00010359e-01 9.49607134e-01
    9.81434047e-01 5.96557558e-01 -5.36725461e-01 -3.72168839e-01
    1.49926031e+00 1.54617691e+00 -3.78389388e-01 1.19715834e+00
    4.19195533e-01 1.25710917e+00 -1.93816245e-01 4.18547213e-01
    1.03688240e-02 1.34600270e+00 1.21353459e+00 2.18516052e-01
    1.06194341e+00 1.38453424e-01 1.51450694e+00 -2.77839392e-01
    -3.03654343e-01 7.56352723e-01 -7.05306768e-01 -5.02698064e-01
    3.62303078e-01 6.24672115e-01 3.78983438e-01 -4.60261673e-01
    -2.06669539e-01 -1.22388542e-01 1.20450068e+00 2.40537286e-01
    1.37464690e+00 1.84767246e-02 -9.12622809e-02 -7.33173549e-01
    9.18434083e-01 7.35884249e-01 4.83935595e-01 1.31067157e-01
    1.14747906e+00 -4.68215585e-01 9.94746089e-02 8.42376769e-01
    -3.89539599e-01 3.07414711e-01 1.37190032e+00 -3.24628145e-01
    3.00777256e-01 -6.88477457e-02 1.50175571e+00 -2.10908979e-01
    5.67190647e-02 -3.08565825e-01 1.05720460e-01 1.38685119e+00
    7.22060144e-01 1.91335320e-01 1.08240080e+00 6.73610568e-01
    1.55023217e+00 -1.78340733e-01 1.41102970e+00 1.59438062e+00
    -2.69397825e-01 7.96912909e-01 -5.19102335e-01 -2.43024707e-01
    -3.75486404e-01 3.91406536e-01 4.49447155e-01 1.07271338e+00
    1.02364659e+00 1.71664643e+00 1.18253148e+00 -1.15365505e-01
    7.15815425e-01 -8.73314738e-02 9.66271043e-01 -2.45356977e-01
    1.40553617e+00 1.32840157e+00 -4.20165688e-01 1.17046404e+00
    3.00673187e-01 1.31736052e+00 -2.21464396e-01 -4.08419371e-01
    -5.96730709e-01 6.33906960e-01 -4.53858793e-01 -4.71796364e-01
    -2.54039109e-01 1.21172810e+00 1.50661492e+00 1.75447762e-01
    1.61287248e+00 4.21827018e-01 5.39695263e-01 -2.27240264e-01
    1.02432382e+00 9.06158149e-01 5.40385783e-01 1.35035849e+00
    -4.76990998e-01 5.76564968e-01 1.56787288e+00 1.39903295e+00
    1.19374657e+00 -4.70798671e-01 4.46117342e-01 -1.39499605e-01
    1.40421116e+00 8.83491576e-01 1.49179435e+00 4.43903506e-01
    -7.35502005e-01 1.24325538e+00 1.16696298e+00 5.29863000e-01
    1.07312369e+00 1.37268138e+00 7.31841505e-01 1.07054353e-01
    7.34045565e-01 1.40762091e+00 1.06247735e+00 -7.36968040e-01
    -7.45146215e-01 1.35990644e+00 -1.34647906e-01 -1.16710544e-01
    1.84417963e-01 -9.40625668e-02 6.22307718e-01 7.50377953e-01
    1.57162929e+00 -5.07445335e-02 -2.36717880e-01 1.28479803e+00
    1.12451196e-01 1.08561683e+00 1.65155530e-02 -5.05036473e-01
    1.33276296e+00 8.62931848e-01 -2.52487868e-01 1.49520469e+00
    1.32153451e+00 1.42665982e+00 -3.06645095e-01 -8.25430453e-02
    1.39684033e+00 -1.77587479e-01 1.16241038e-01 -1.78969085e-01
    1.64133859e+00 1.11061335e-01 5.72112799e-02 1.66396224e+00
    9.10953820e-01 -9.18904543e-02 1.47525144e+00 9.59510803e-01
    8.45639646e-01 -5.67158222e-01 3.81312490e-01 1.26977158e+00
    1.05042803e+00 3.68486047e-02 -4.05157804e-02 1.43765402e+00
    -1.01082683e-01 5.34843624e-01 -2.73649782e-01 4.40880418e-01
    9.85297501e-01 1.46725988e+00 1.31820703e+00 -7.80219436e-01
    -4.56763625e-01 3.05199444e-01 -3.61687481e-01 1.19755769e+00
    2.99100876e-01 -5.87069392e-02 -4.80828047e-01 5.61142683e-01
    1.33107257e+00 1.16151261e+00 -4.62153226e-01 1.60438490e+00
    -3.06469262e-01 -1.96189791e-01 1.39772832e-01 2.09895194e-01
    1.70437479e+00 -6.00622118e-01 1.45310497e+00 -1.12166464e-01
    6.74211323e-01 -4.96179879e-01 5.19366324e-01 6.62516296e-01
    3.78767371e-01 -7.49684334e-01 8.04151356e-01 9.82579052e-01
    -6.22884512e-01 -6.04751706e-01 -2.76487082e-01 -6.54249787e-02
    -3.59914362e-01 1.18613243e+00 1.33527362e+00 8.26683760e-01
    2.22958267e-01 9.22700584e-01 1.17333996e+00 3.33625078e-01
    1.63982201e+00 2.58513629e-01 1.54460073e-02 -3.82210255e-01
    5.81662834e-01 1.70108128e+00 2.67595410e-01 5.20378232e-01
    1.63163304e+00 6.56991661e-01 4.32348728e-01 -3.35045218e-01
    1.12805498e+00 7.14349985e-01 -1.98730350e-01 1.61137748e+00
    5.74633121e-01 1.21300662e+00 -4.98035014e-01 1.57759130e-01
    2.41334915e-01 8.70141625e-01 2.22407401e-01 5.95000386e-01
    7.57457614e-02 -2.40843982e-01 9.98384953e-02 2.91006863e-01
    5.05427301e-01 1.29633319e+00 1.91308856e-02 -3.24762523e-01
    1.35103941e+00 1.05922890e+00 1.43777204e+00 1.09993696e+00
    1.32451653e+00 4.57909763e-01 2.69594193e-02 -3.15238833e-01
    6.12522364e-01 2.37634242e-01 -4.87259954e-01 1.11859369e+00
    4.52249289e-01 8.80300939e-01 -4.42600369e-01 8.05430532e-01
    -2.98828602e-01 -2.16570020e-01 1.23039293e+00 8.01196158e-01
    7.39420533e-01 -1.29324496e-01 3.90787721e-02 1.16876507e+00
    8.44249129e-02 6.41167760e-01 -5.44819176e-01 1.71976078e+00
    1.31036615e+00 -1.73847944e-01 1.61465347e+00 8.92848909e-01
    -6.85274422e-01 1.15708458e+00 1.37133765e+00 -2.97151536e-01
    7.04117119e-01 1.18091297e+00 2.55461454e-01 7.64195621e-01
    8.13410521e-01 6.81668043e-01 1.25297594e+00 -1.30964994e-01
    1.42502594e+00 -5.07139921e-01 -2.25942016e-01 8.46802354e-01
    7.86036491e-01 1.54680681e+00 1.42339659e+00 -3.66314650e-02
    1.49125576e+00 -4.70760971e-01 1.60441518e-01 -9.35983658e-02
    1.39783859e+00 1.19401515e-01 1.67468548e+00 4.34312820e-02
    -1.96266174e-02 1.19920778e+00 -2.45612830e-01 1.50239992e+00
    4.02550519e-01 9.51181293e-01 -5.56948006e-01 -4.81683522e-01
    9.34299648e-01 1.02135730e+00 1.15683496e-01 1.22730112e+00
    5.77063978e-01 1.37999856e+00 -2.73655385e-01 5.39407492e-01
    5.86886406e-02 6.84164345e-01 3.17555606e-01 -5.31444490e-01
    7.93975532e-01 1.22509980e+00 5.70345461e-01 1.36843395e+00
    1.36229002e+00 -1.45415306e-01 -4.64359045e-01 -4.72037166e-01
    1.37190390e+00 -3.95116508e-01 -8.92933607e-02 1.30045390e+00
    6.88592553e-01 1.64903104e+00 -5.62866032e-01 1.67028725e-01
    2.26625562e-01 1.77037525e+00 1.38345575e+00 -5.83056748e-01
    -4.21034724e-01 1.40086782e+00 1.12792313e+00 -3.95523906e-02
    1.61881196e+00 1.43914723e+00 1.19220495e+00 -2.21886694e-01
    2.40685582e-01 -3.93683255e-01 1.46616709e+00 1.58513761e+00
    2.74858832e-01 4.91866112e-01 8.84019613e-01 1.64617014e+00
    1.08958304e+00 -2.56832719e-01 1.08860576e+00 4.93654370e-01
    1.19734192e+00 1.02142644e+00 1.22089088e-01 1.52080834e-01
    -3.14462513e-01 -2.83277273e-01 2.25387812e-01 1.09017062e+00
    2.25966096e-01 5.10494530e-01 9.10403371e-01 3.51666152e-01
    1.58860087e+00 -1.14619017e-01 1.11882854e+00 1.51205528e+00
    1.16212177e+00 1.59239268e+00 1.35524225e+00 -7.60432243e-01
    8.25519979e-01 3.52682352e-01 -1.70547724e-01 3.14185321e-01
    1.24909759e+00 -7.53734589e-01 1.23622990e+00 -2.27221191e-01
    1.03334463e+00 -6.06822491e-01 1.31394124e+00 1.15399408e+00
    -5.94534159e-01 -1.81754827e-01 1.82513952e+00 8.92356336e-01
    -1.53631121e-01 -3.66008461e-01 5.18862009e-01 4.10172701e-01
    1.62509465e+00 3.48874807e-01 1.07256889e-01 -2.13470608e-01
    -2.46584088e-01 1.35077286e+00 -5.33601522e-01 -3.85302126e-01
    8.50780666e-01 1.57344103e+00 1.02881837e+00 -6.12511396e-01
    -5.21863282e-01 -7.30919242e-01 1.03165245e+00 1.58409214e+00
    1.33430839e+00 4.13560212e-01 1.44993651e+00 3.61806810e-01
    3.47055256e-01 3.64839852e-01 8.44551980e-01 -3.35049629e-01
    7.17781305e-01 -3.30009103e-01 2.83653677e-01 2.48654425e-01
    1.51720810e+00 8.84297848e-01 1.58474970e+00 -6.72423780e-01
    7.26016521e-01 -8.18021297e-02 -5.87979257e-01 -4.84266430e-01
    1.37385166e+00 3.32966149e-01 1.89866602e-01 5.18400967e-01
    7.51401901e-01 1.40913105e+00 2.53025055e-01 1.24574304e-02
    -5.49975395e-01 4.03021872e-01 1.38335788e+00 7.29440331e-01
    1.28895187e+00 8.97933304e-01 5.66209555e-02 9.50292170e-01
    -1.92227781e-01 5.90431869e-01 9.44501758e-01 -1.93474382e-01
    -2.76717156e-01 -1.78187460e-01 1.77796006e-01 -3.25739682e-01
    1.45722938e+00 -3.12446624e-01 1.17203712e-01 3.12790573e-01
    6.48153603e-01 -4.76497412e-02 1.47723639e+00 1.78453469e+00
    8.65930736e-01 7.43770182e-01 1.47009790e-01 9.64866400e-01
    -5.15869260e-02 -2.29674518e-01 -5.81544042e-02 1.24931300e+00
    3.88743162e-01 1.14999962e+00 4.58145618e-01 -4.89437342e-01
    4.18244898e-01 -4.72939581e-01 1.58470452e+00 1.29714775e+00
    6.46172702e-01 2.47926712e-02 -3.06767672e-01 1.87312722e-01
    8.39778244e-01 4.70974445e-01 -5.24052739e-01 4.63081717e-01
    9.33424234e-01 9.59908128e-01 -3.63603175e-01 1.47429538e+00
    -5.71182847e-01 -3.77940714e-01 5.27368128e-01 7.50405669e-01
    1.41698420e+00 4.17863846e-01 6.72754049e-01 8.66635621e-01
    7.58298278e-01 -6.54030323e-01 1.16646624e+00 -6.90860152e-01
    1.67647552e+00 1.27593875e-01 2.80326426e-01 1.70230007e+00
    1.37776899e+00 -2.81337261e-01 8.65764618e-01 9.59001303e-01
    -6.51810229e-01 4.66660082e-01 1.27010417e+00 -6.32866621e-02
    5.00201702e-01 -4.54133362e-01 1.50488901e+00 -8.44597816e-03
    2.00772405e-01 1.62239885e+00 1.57858193e-01 4.10121679e-03
    8.46810281e-01 -1.01684749e-01 7.81711638e-01 7.54688203e-01
    -1.89237654e-01 -1.95233464e-01 2.44768023e-01 4.44486380e-01
    3.77242446e-01 1.21175504e+00 -4.93411034e-01 3.62878561e-01
    1.58639717e+00 -3.13951820e-01 4.54574943e-01 1.66547346e+00
    -4.68751580e-01 1.43776751e+00 1.06545627e-01 -5.72809756e-01
    1.11764669e+00 8.37350190e-01 -2.72061288e-01 2.91292608e-01
    1.17803752e-01 9.59652245e-01 6.05948210e-01 -5.14152825e-01
    1.45250535e+00 7.39191175e-01 2.03136802e-01 1.15624630e+00
    1.60656571e-02 -2.47507632e-01 7.91796029e-01 1.28922641e+00
    5.26900411e-01 9.69479501e-01 2.17778265e-01 -4.30682749e-01
    5.53479016e-01 6.77661836e-01 1.67778730e+00 -4.66211885e-01
    1.05334306e+00 1.14848375e+00 -5.31957448e-01 -3.57476234e-01
    3.84601414e-01 1.16180277e+00 5.07374346e-01 6.60449326e-01
    5.49813449e-01 -5.52294970e-01 9.66407001e-01 -3.10129672e-01
    1.51264036e+00 1.34844470e+00 -7.95430541e-02 -6.04047000e-01
    1.62068510e+00 1.03955221e+00 1.41085851e+00 -1.31573647e-01
    3.88136625e-01 1.50293112e-03 1.28168797e+00 -7.28869438e-01
    8.08573186e-01 1.82980895e-01 5.93024194e-01 -6.01372778e-01
    5.03242493e-01 5.18300176e-01 -5.45764148e-01 9.22796726e-02
    1.48175132e+00 1.24884820e+00 2.99130082e-01 1.46416807e+00
    1.09471726e+00 6.25627220e-01 5.48005700e-02 -2.14424163e-01
    -4.54811692e-01 9.94257987e-01 9.41132069e-01 8.93251002e-01
    -7.09646881e-01 -7.58935153e-01 8.24214816e-02 1.87486589e-01
    2.13292360e-01 8.17938209e-01 4.32509482e-01 9.19553220e-01
    -1.45976484e-01 5.00714540e-01 8.00929844e-01 -2.36118257e-01
    1.00959778e+00 1.35511327e+00 9.13940668e-02 1.42541099e+00
    4.50630188e-02 -8.08103442e-01 1.53843439e+00 6.00153804e-02
    -3.43861222e-01 1.46984529e+00 1.47090018e+00 6.50257945e-01
    1.32700336e+00 1.55429745e+00 9.57953751e-01 1.12133145e+00
    -1.66637391e-01 -6.92417443e-01 3.93100560e-01 -2.80048132e-01
    1.36429596e+00 4.05844510e-01 -5.69914937e-01 1.33887661e+00
    -9.38217640e-02 9.95745063e-02 -6.72530949e-01 3.28409791e-01
    3.63126755e-01 1.15650868e+00 -1.03283107e-01 1.72381377e+00
    7.39520788e-03 2.42240667e-01 2.27840126e-01 1.04675400e+00
    -5.51920533e-02 5.66260397e-01 6.48375928e-01 1.51735020e+00
    1.25926697e+00 1.15096211e+00 1.06905997e+00 -1.84650600e-01
    -2.15105206e-01 -5.06976902e-01 -1.68089807e-01 1.70100355e+00
    9.82482195e-01 1.15062296e-01 -2.33363688e-01 1.45092380e+00
    5.86148679e-01 1.60708356e+00 1.48993516e+00 4.94821668e-02
    6.25911593e-01 7.07274079e-01 1.41982317e+00 9.76592243e-01
    4.43816125e-01 -3.67853999e-01 6.71324909e-01 -9.23806429e-02
    5.17166615e-01 4.40370142e-01 2.78866589e-01 1.46897435e+00
    8.08333814e-01 6.41978025e-01 4.58400488e-01 1.51939261e+00
    8.01060557e-01 6.23785257e-02 -2.92848945e-02 -4.49236810e-01
    4.31284666e-01 -3.43202353e-01 9.16069448e-01 1.46502233e+00
    5.91884553e-01 1.28940237e+00 1.08843470e+00 4.03305113e-01
    6.52231991e-01 1.60884523e+00 -4.30766940e-02 8.96467030e-01
    -2.63382196e-02 -3.09814811e-02 -3.29247445e-01 -7.24189878e-02
    3.33594859e-01 -2.21533835e-01 2.77579844e-01 -4.36147034e-01
    9.07009959e-01 1.63033247e-01 1.34290540e+00 1.32463956e+00
    -6.66502416e-01 1.05418551e+00 1.09558177e+00 3.50899875e-01
    -2.13118017e-01 9.29964006e-01 1.13275111e-01 1.36589789e+00
    3.99802864e-01 7.90399134e-01 8.73801768e-01 -1.61899865e-01
    2.09344506e-01 5.83898604e-01 4.70478117e-01 5.31272054e-01
    1.00886154e+00 -4.63369131e-01 7.06909955e-01 9.23013151e-01
    -6.13587856e-01 -2.36617327e-02 1.30531061e+00 -3.76364589e-01
    2.91840672e-01 1.59307075e+00 -6.92469060e-01 8.07292700e-01
    7.24649191e-01 -7.35683262e-01 -1.23693585e-01 1.24837697e+00
    -5.14894187e-01 -3.08346570e-01 9.54474330e-01 6.91094518e-01
    -3.45507860e-02 -5.17122507e-01 6.33529782e-01 5.98911703e-01
    6.47537529e-01 -5.76658964e-01 1.11490893e+00 7.46894240e-01
    -7.13868380e-01 8.02339911e-01 1.58841062e+00 1.16777945e+00
    9.88427997e-01 -5.56259513e-01 -5.71741879e-01 -3.14305007e-01
    -4.28544581e-01 -5.52937925e-01 1.09508431e+00 -6.33566499e-01
    6.77897990e-01 1.07620287e+00 1.16745961e+00 -2.40663886e-01
    5.78389168e-01 1.13552666e+00 3.84287894e-01 7.80858338e-01
    7.88922608e-01 4.12675321e-01 7.61209130e-02 1.48627090e+00
    -2.10740566e-02 8.30536544e-01 1.70807290e+00 -3.03672194e-01
    -4.39379156e-01 1.29236650e+00 5.14844418e-01 6.69323802e-01
    4.28261042e-01 6.72707319e-01 1.69724727e+00 3.65254641e-01
    1.37034655e+00 1.15646315e+00 8.09679627e-02 1.01563334e+00
    4.42949116e-01 1.10633135e+00 -6.29185438e-02 -2.30482221e-01
    2.62062311e-01 1.45804310e+00 6.45777166e-01 -4.17615354e-01
    -1.97518051e-01 1.06975853e+00 2.57528305e-01 1.61686683e+00
    1.41882300e-01 -1.54651344e-01 -3.82224709e-01 -1.72950923e-01
    -5.78301728e-01 6.99264526e-01 1.16384983e-01 1.13524556e+00
    8.91531706e-02 1.49895465e+00 -1.61028087e-01 1.04168725e+00
    6.70562983e-01 -1.41699672e-01 1.40211356e+00 5.40658832e-01
    -3.47496271e-02 6.85200691e-02 1.44037628e+00 7.19230056e-01
    1.07149506e+00 8.55696261e-01 -5.25376558e-01 1.28425217e+00
    -4.56845909e-01 1.61927927e+00 4.74491656e-01 4.53207433e-01
    1.63444829e+00 1.16957426e+00 4.19545174e-03 6.60313547e-01
    1.63850808e+00 1.04066551e-01 -6.15773201e-01 -4.96772408e-01
    1.41993475e+00 -2.33246207e-01 1.46888709e+00 1.11503673e+00
    9.83432531e-02 -3.00601631e-01 -2.19281137e-01 -4.51620221e-01
    1.55809188e+00 -4.91142213e-01 -6.06596649e-01 -1.54793262e-04
    3.21906865e-01 1.62270248e+00 1.67437768e+00 3.23649824e-01
    1.41684914e+00 1.07599390e+00 6.80320501e-01 1.00251412e+00
    1.52171171e+00 -6.80810809e-02 -1.72722638e-01 3.44480693e-01
    1.03401816e+00 9.94349957e-01 6.77423298e-01 1.25060177e+00
    -7.01162040e-01 5.30964136e-03 1.54945445e+00 8.71251047e-01
    1.37122536e+00 1.68519187e+00 1.10989964e+00 3.69094193e-01
    5.41049302e-01 7.12347746e-01 -4.15967524e-01 1.05715680e+00
    6.83053792e-01 1.20332146e+00 5.24510503e-01 7.14189291e-01
    -3.93755019e-01 1.49584913e+00 -5.21758497e-01 -6.00008488e-01
    1.50748706e+00 1.23583424e+00 1.18919313e+00 -4.57667112e-02
    -3.89197141e-01 8.41628134e-01 3.24596345e-01 5.25624573e-01
    -1.44534320e-01 1.60990059e+00 -3.49628240e-01 -2.23267645e-01
    1.67415953e+00 -1.20718777e-01 -2.17515945e-01 6.30264521e-01
    1.60797620e+00 4.23486948e-01 -1.75031483e-01 4.49171722e-01
    -6.20655477e-01 -3.77692223e-01 3.50715756e-01 -2.29036808e-03
    1.34184670e+00 1.11688924e+00 1.22019053e+00 2.39612460e-02
    1.01010704e+00 8.86103868e-01 7.38382161e-01 1.55811071e+00
    1.43200755e-01 1.44108486e+00 -2.63176024e-01 -9.55368280e-02
    -3.79429698e-01 8.27617824e-01 1.39652979e+00 1.96452856e-01
    1.62321413e+00 5.27233899e-01 3.80918860e-01 9.16127622e-01
    1.53381515e+00 -4.48320180e-01 -4.53656018e-01 -5.00195265e-01
    9.94429588e-01 -4.17526364e-02 -2.93722332e-01 8.00747752e-01
    5.21830201e-01 8.47800195e-01 5.05780339e-01 -4.71298218e-01
    3.46081197e-01 1.18700027e+00 5.91567636e-01 -1.05310678e-01
    1.12569571e+00 -6.51271939e-02 -1.38076901e-01 -6.76487088e-02
    5.58139503e-01 1.60138535e+00 5.03960669e-01 1.58228803e+00
    5.30212522e-01 -2.85471290e-01 7.01976478e-01 6.71915472e-01
    -1.62987411e-01 -2.74405241e-01 1.47730660e+00 4.32130814e-01
    7.31645226e-02 -4.49334532e-01 -5.51787615e-01 8.29653800e-01
    1.20766795e+00 8.10640931e-01 1.14340425e+00 1.52453136e+00
    -3.61393839e-01 2.30983257e-01 6.69290900e-01 1.02462649e+00
    1.48514247e+00 8.95448864e-01 1.04943156e-01 5.47248304e-01
    1.61390877e+00 1.24269128e+00 3.40472162e-01 -1.49763882e-01
    1.63497448e+00 9.16394770e-01 2.08054066e-01 2.95480967e-01
    -5.34339547e-01 -4.07581627e-01 5.47095239e-01 8.03761363e-01
    -5.74140012e-01 8.48110020e-01 7.82063067e-01 1.83713019e-01
    3.40525270e-01 1.48470104e+00 9.35283482e-01 9.76270616e-01
    -3.34012985e-01 2.10930407e-01 1.32600915e+00 8.07986617e-01
    3.72110963e-01 4.67233539e-01 1.29533827e-01 -1.40943110e-01
    -3.13022494e-01 -5.47140002e-01 1.20753145e+00 7.78137982e-01
    -6.51833057e-01 1.64395094e+00 2.72724807e-01 6.50045514e-01
    -3.66590232e-01 1.35264051e+00 6.22702122e-01 1.20112824e+00
    4.00811791e-01 9.96537030e-01 1.25275302e+00 1.23240089e+00
    -6.97911978e-02 1.29784012e+00 1.15357947e+00 7.13125229e-01
    -5.49197316e-01 -3.68292183e-01 2.83408701e-01 -2.49511778e-01
    -3.53438765e-01 -3.61776263e-01 8.35114300e-01 3.47931981e-01
    4.64850545e-01 1.52179170e+00 1.66601896e-01 1.04701543e+00
    -6.22805178e-01 6.51605368e-01 -1.95324987e-01 -6.41586006e-01
    5.71774602e-01 -2.95723438e-01 -2.83110648e-01 6.81332052e-01
    -3.33644688e-01 -3.81971002e-02 -2.44163841e-01 2.75485158e-01
    1.36156011e+00 -2.92253494e-02 -3.76754761e-01 1.11021817e+00
    -5.66800475e-01 1.58511591e+00 5.66956639e-01 1.47765124e+00
    6.46835208e-01 -5.43115735e-01 1.55440593e+00 7.02351332e-02
    1.58599830e+00 -5.70930600e-01 2.77055264e-01 1.06823111e+00
    6.11150086e-01 1.05075490e+00 -8.11927974e-01 3.70728731e-01
    1.41109288e+00 1.55549514e+00 -1.83841884e-01 1.55419779e+00
    1.50461197e-02 1.37163818e-01 8.54606390e-01 1.46188927e+00
    -6.67220354e-03 -3.47441852e-01 4.63543892e-01 5.99860251e-01
    -6.05249345e-01 3.80053043e-01 1.46779239e+00 -4.30849791e-02
    1.16950667e+00 -2.02910632e-01 -5.84582090e-01 7.71007895e-01
    3.33807766e-01 1.48079920e+00 1.70071721e-01 -4.57123101e-01
    -2.14493781e-01 1.04116070e+00 -3.76318693e-01 9.42566395e-01
    2.72389174e-01 1.43231106e+00 3.79385591e-01 1.13805866e+00
    9.71415401e-01 -5.77354610e-01 -3.32987189e-01 1.33254981e+00
    6.03873909e-01 1.32364964e+00 1.41998649e+00 1.59799385e+00
    -6.13832593e-01 -2.53418446e-01 2.11360693e-01 6.92908823e-01
    1.46675301e+00 8.99020851e-01 2.77758777e-01 4.90571976e-01
    1.56671190e+00 -5.67142844e-01 -2.89625764e-01 1.27522063e+00
    9.51394975e-01 6.35470927e-01 9.88036931e-01 2.69446015e-01
    6.17136717e-01 -1.07700944e-01 2.86790907e-01 -1.71943247e-01
    2.28224516e-01 1.31484747e+00 -5.37536740e-01 2.82110035e-01
    1.81484103e-01 -1.78615808e-01 1.32897782e+00 7.94724643e-01
    1.59828055e+00 -6.76978230e-02 1.03947330e+00 4.48644161e-01
    3.31615865e-01 1.22431314e+00 1.42377520e+00 1.54565144e+00
    1.55704546e+00 2.32840180e-02 1.00716448e+00 9.78161991e-01
    -5.29915392e-01 -2.21825689e-01 1.34961665e-01 1.15524769e-01
    -3.04494858e-01 5.34640551e-02 -1.44526839e-01 1.54048896e+00
    4.57551003e-01 -6.25443935e-01 9.52686787e-01 1.52292347e+00
    1.72898316e+00 5.25484800e-01 3.26955736e-01 1.81409836e-01
    9.78613257e-01 -1.83378279e-01 3.70570064e-01 -1.74919188e-01
    1.12116551e+00 3.75479460e-03 -6.94069028e-01 1.50962985e+00
    -8.02639484e-01 1.56907451e+00 3.81693363e-01 1.33444977e+00
    6.43901885e-01 3.46221268e-01 2.66362131e-01 -7.94910192e-02
    8.91090572e-01 5.35387456e-01 1.74207568e-01 -8.03079784e-01
    1.39468980e+00 1.02679157e+00 1.12228274e-01 -3.56882483e-01
    7.76582062e-01 -4.02354240e-01 1.71398866e+00 -5.15888095e-01
    1.71124196e+00 4.78117168e-01 -4.30455893e-01 9.12464023e-01
    2.09897459e-01 4.37417805e-01 4.31222200e-01 -4.65313584e-01
    3.21790457e-01 -8.57826471e-02 -4.05077636e-01 7.97654092e-01
    1.46121895e+00 -5.03324032e-01 1.19800532e+00 8.69873524e-01
    4.47546661e-01 8.62624466e-01 6.57744706e-01 1.38459849e+00
    1.10710526e+00 -3.49154115e-01 1.61879134e+00 8.15978348e-01
    -3.99335206e-01 1.48708916e+00 1.67943335e+00 1.16024315e-01
    1.16809249e+00 -3.11645865e-02 -7.35519528e-01 1.45409608e+00
    1.20027924e+00 -7.45819449e-01 -5.96414030e-01 4.64841485e-01
    7.58799613e-01 8.39918613e-01 1.42703295e+00 1.54690146e+00
    -1.11126721e-01 1.01272392e+00 -8.22658539e-02 3.25366199e-01
    1.62732720e+00 7.30821848e-01 3.13400805e-01 -3.34654897e-01
    8.81123662e-01 1.10577679e+00 1.29882812e+00 5.09194255e-01
    1.36144996e+00 1.55818892e+00 5.94367564e-01 2.73570299e-01
    6.37051225e-01 1.57686424e+00 1.50255716e+00 1.08208156e+00
    -4.44012284e-02 4.49557364e-01 1.12018609e+00 3.53102326e-01
    7.27319956e-01 -5.62763214e-02 8.33853960e-01 1.02242243e+00
    1.60796046e-02 1.65070605e+00 8.81214023e-01 8.47971678e-01
    1.13360286e-01 1.66076064e+00 1.45523190e+00 1.66151881e+00
    7.00831115e-01 1.60848546e+00 6.33992732e-01 1.09419405e-01
    1.60401273e+00 -6.94973946e-01 -6.62028193e-02 -5.57557344e-02
    1.37101936e+00 -6.62977397e-01 3.26380014e-01 1.33499217e+00
    6.62387967e-01 8.92678320e-01 1.35596204e+00 6.71881258e-01
    1.73752856e+00 -4.89664078e-02 2.08992958e-02 1.42635441e+00
    -6.47408962e-02 -1.53380394e-01 1.51481664e+00 1.60399365e+00
    -4.41393554e-01 4.11932766e-01 1.01580000e+00 -6.10562325e-01
    1.05120683e+00 5.66207349e-01 1.85855627e-01 1.80304646e-02
    1.08981967e+00 -2.55724490e-01 -2.98895210e-01 2.44337976e-01
    -4.10090089e-02 1.27266622e+00 1.59963679e+00 5.61025381e-01
    1.63685894e+00 1.35108709e-01 1.56234813e+00 5.31471252e-01
    2.37532258e-02 1.48325062e+00 4.22904372e-01 5.90764761e-01
    1.50943947e+00 5.03003716e-01 1.60948384e+00 -4.30833608e-01
    2.49064565e-02 3.20994794e-01 7.18675792e-01 -4.46190596e-01
    1.30081594e-01 2.31906116e-01 1.54104435e+00 -6.27614379e-01
    1.17564034e+00 1.30649924e+00 7.32775331e-01 7.09407926e-02
    1.92515433e-01 4.92804348e-01 -5.54101646e-01 1.62210083e+00
    -1.32699668e-01 6.64704919e-01 1.01164269e+00 1.17844677e+00
    4.33981895e-01 1.11223269e+00 1.98622346e-02 1.78706884e-01
    -2.54811704e-01 -1.22590423e-01 1.16295910e+00 3.81394863e-01
    1.13856971e+00 -6.88611269e-01 6.59552753e-01 1.09933567e+00
    3.63957286e-01 5.31845510e-01 -2.32227802e-01 -5.29798865e-01
    1.72563577e+00 1.18847728e+00 1.19668150e+00 1.05081570e+00
    1.57831740e+00 -4.96281981e-02 -1.85211480e-01 -5.61799824e-01
    3.36389542e-01 1.14656329e-01 1.20815885e+00 3.41552258e-01
    -4.79803383e-01 -5.57118475e-01 8.66112232e-01 3.07031274e-02
    1.01416349e+00 4.00910378e-01 -1.81964159e-01 1.12019050e+00
    5.35007656e-01 8.29909921e-01 1.00279903e+00 4.82897162e-01
    3.85572374e-01 2.08491921e-01 1.41338050e-01 1.20899618e-01
    8.18846166e-01 2.05363154e-01 1.35470414e+00 4.43797946e-01
    4.84461784e-01 -9.69129205e-02 4.55775917e-01 1.21576905e+00
    1.89744294e-01 1.16613436e+00 8.48962665e-01 -5.58907747e-01
    1.73396528e-01 1.24319673e+00 8.54571462e-01 -1.67113245e-01
    2.71316350e-01 7.99317896e-01 7.77079821e-01 -4.56201971e-01
    1.67904186e+00 1.18416905e-01 1.57612324e+00 4.07477677e-01
    -1.48744315e-01 1.40138197e+00 3.55359375e-01 -2.30831265e-01
    3.79401267e-01 5.97987771e-01 1.48766363e+00 -4.47589040e-01
    1.41121483e+00 6.91339970e-02 1.10774374e+00 6.65238261e-01
    -4.34491456e-01 8.47128332e-01 8.94728720e-01 -4.84454453e-01
    3.93063724e-01 1.59847617e+00 -1.77802205e-01 1.60027266e+00
    1.05162013e+00 -7.36464202e-01 4.85318244e-01 7.86017358e-01
    1.22401762e+00 -4.95820522e-01 -4.55829531e-01 3.04163933e-01
    -6.01035178e-01 1.10057044e+00 2.74438798e-01 6.24666095e-01
    1.55981028e+00 1.60497975e+00 -6.74387455e-01 6.05691373e-01
    3.18676591e-01 1.03552723e+00 -5.91766596e-01 1.72313809e+00
    3.24718475e-01 8.35916162e-01 4.30240750e-01 -9.10969377e-02
    9.56052065e-01 5.43296099e-01 7.27929115e-01 9.98157680e-01
    1.55209947e+00 7.07222819e-01 1.24836874e+00 4.54693437e-01
    6.91671371e-02 -2.92400301e-01 1.48715591e+00 8.69646549e-01
    9.16225314e-02 8.58538210e-01 9.42815304e-01 8.94389749e-02
    -2.55842596e-01 1.10792017e+00 8.70224893e-01 4.55402136e-01
    2.07667112e-01 -4.58132833e-01 6.51291013e-01 -1.55116379e-01
    8.03549051e-01 -1.29517972e-01 4.51494157e-01 8.31688106e-01
    1.28558457e+00 6.60318136e-02 6.89050794e-01 5.27001977e-01
    1.21442091e+00 9.37240779e-01 1.29873693e+00 7.30017781e-01
    -3.77858877e-01 3.19200933e-01 9.79713857e-01 -9.72748399e-02
    1.87258899e-01 4.73834336e-01 8.76459718e-01 1.10845995e+00
    -5.11333227e-01 4.70475256e-01 8.73956680e-01 7.17575610e-01
    -2.25669533e-01 4.66273963e-01 1.81847274e-01 -4.52279717e-01
    7.50340104e-01 -2.28505790e-01 3.41529369e-01 1.39257789e+00
    4.89079952e-01 -1.12180471e-01 -5.91591001e-01 -2.09075332e-01
    1.42152369e+00 2.61632562e-01 6.60948634e-01 5.95376074e-01
    1.48163950e+00 8.04135263e-01 1.26709521e-01 4.56031561e-02
    9.11227167e-01 1.70951426e-01 8.90153468e-01 -1.32268727e-01
    1.42032921e-01 1.17995429e+00 1.31065369e+00 2.93279529e-01
    3.39211822e-01 1.28462017e+00 1.24569416e-01 6.91314757e-01
    9.40631568e-01 -1.69515610e-02 -5.78982413e-01 -3.80577147e-01
    4.48082685e-01 1.32514179e-01 3.27290177e-01 1.40059018e+00
    3.74994397e-01 5.37400782e-01 -4.80838060e-01 7.16331244e-01
    4.46867287e-01 7.68718123e-01 7.84899294e-01 4.17934597e-01
    -3.19326013e-01 1.11965942e+00 -2.40591615e-01 1.65261698e+00
    2.79423118e-01 1.38280654e+00 6.32271409e-01 -1.85042590e-01
    4.17463511e-01 7.90736437e-01 7.96071649e-01 1.93887174e-01
    2.01783180e-02 -2.17292905e-01 7.50064969e-01 2.71923721e-01
    -2.29471743e-01 4.92277324e-01 -6.20181203e-01 -1.55585587e-01
    8.37871015e-01 1.03471088e+00 7.27274418e-02 -2.98771054e-01
    -3.87230754e-01 1.09654307e+00 1.54158688e+00 1.10867405e+00
    1.19915128e+00 1.20067930e+00 1.08463788e+00 1.46370482e+00
    5.28010190e-01 7.77481616e-01 -5.00651598e-01 1.33175039e+00
    1.23440862e+00 1.03072584e-01 4.62386191e-01 -3.47466350e-01
    9.75375354e-01 8.19507241e-01 -1.32909030e-01 8.68083715e-01
    -1.58062816e-01 1.04348242e-01 2.40019023e-01 -2.15194970e-01
    1.07391298e+00 7.44196236e-01 -1.07790768e-01 -3.75036597e-02
    -5.99033296e-01 9.21628475e-02 1.40615487e+00 -3.94548386e-01
    1.11075759e+00 1.22135723e+00 1.56003058e+00 -4.76175874e-01
    7.07979083e-01 2.18512297e-01 -5.34537077e-01 -4.70803946e-01
    1.31792700e+00 1.60499084e+00 -1.60798311e-01 -3.25130820e-02
    2.40256488e-01 5.11247456e-01 8.09492350e-01 6.79423213e-02
    2.01934576e-01 -1.88061297e-01 9.13000107e-02 5.66095710e-02
    -6.55671597e-01 -3.45025092e-01 1.56898367e+00 1.65658522e+00
    -5.98812819e-01 -4.35483992e-01 1.19482374e+00 4.16818261e-01
    1.44557095e+00 9.81494427e-01 -3.65665346e-01 5.87560892e-01
    -1.79321229e-01 -4.13236022e-01 2.88271189e-01 4.53761697e-01
    4.06160057e-01 1.04625106e+00 -1.15024209e-01 5.64303935e-01
    1.21012843e+00 1.22668445e+00 3.79864872e-01 4.15079772e-01
    1.48540199e-01 4.35472250e-01 6.18415058e-01 2.10755289e-01
    2.96413481e-01 1.09463334e+00 2.11262345e-01 2.93274939e-01
    7.62316644e-01 -5.74575782e-01 4.30682898e-02 6.42318428e-01
    8.77949178e-01 1.19970989e+00 -3.10310423e-01 -3.07689637e-01
    8.37347865e-01 -6.42625690e-02 3.19265306e-01 4.68876123e-01
    1.47507834e+00 1.21702754e+00 -2.43026376e-01 1.80332065e-01
    4.24150944e-01 8.93622518e-01 9.16612327e-01 -2.96747446e-01
    1.46344399e+00 5.30422390e-01 -3.54044437e-02 1.44718027e+00
    5.35641909e-02 7.74175525e-02 -1.27642453e-01 -6.41929388e-01
    1.36695623e+00 4.66549039e-01 1.30891860e+00 -2.69228518e-01
    -4.35817599e-01 1.19325054e+00 1.20925915e+00 8.51212144e-02
    1.06486106e+00 1.53413868e+00 5.73695242e-01 2.90279984e-02
    1.43788123e+00 3.29020619e-01 1.53111398e+00 1.34192908e+00
    6.29697382e-01 3.00284803e-01 8.31528723e-01 -5.97943068e-02
    4.18594301e-01 5.02175331e-01 3.72021794e-02 8.13532174e-01
    8.49542737e-01 2.37187445e-01 -3.97850841e-01 4.31111455e-01
    5.22053242e-02 1.45051408e+00 -5.54931998e-01 9.50417578e-01
    1.61455691e-01 1.94408715e-01 -5.31687617e-01 1.04752541e+00
    1.29826379e+00 -7.08133996e-01 1.29098463e+00 1.55756712e+00
    -3.84052485e-01 3.16160858e-01 -3.72111738e-01 2.03598738e-01
    1.61933351e+00 7.79352725e-01 2.60520458e-01 1.01993322e-01
    -1.25980854e-01 1.48471999e+00 -2.63593793e-02 1.22244883e+00
    9.44950283e-01 6.44682705e-01 1.11671066e+00 1.02320552e+00
    1.17809582e+00 1.15264320e+00 3.99261713e-03 -3.41423631e-01
    1.15956783e+00 -5.11795521e-01 3.96830559e-01 9.51710820e-01
    7.12926745e-01 1.01798391e+00 8.50844383e-01 -6.50826693e-01
    6.32715642e-01 6.98820829e-01 6.55215740e-01 -3.60133648e-02
    2.48825014e-01 -3.15959781e-01 -5.02116382e-01 -4.20261383e-01
    -1.92161500e-01 9.10393000e-01 -3.45117956e-01 1.20794606e+00
    -1.06106102e-01 5.57835102e-01 1.26830196e+00 1.14476871e+00
    7.29453743e-01 -6.19433105e-01 -5.73680639e-01 -6.20177984e-01
    1.32287705e+00 -1.99840069e-01 5.36154807e-01 1.57493258e+00
    1.03428710e+00 -1.69880033e-01 -4.97674137e-01 2.23927677e-01
    1.25597167e+00 -4.87436891e-01 1.37482095e+00 -5.85519850e-01
    7.59481609e-01 8.51822138e-01 -1.36115730e-01 -2.99473196e-01
    -3.22186351e-02 1.79735899e+00 1.55571413e+00 -6.64340198e-01
    1.50504792e+00 1.58280790e-01 -1.93985701e-01 1.10629630e+00
    -2.10766256e-01 -6.06880009e-01 1.02497315e+00 1.64538026e+00
    -7.02923000e-01 6.87057137e-01 5.06141722e-01 -6.82235122e-01
    2.68589199e-01 1.05484676e+00 1.22003770e+00 1.22536528e+00
    1.04985690e+00 9.91707504e-01 -3.90160948e-01 5.77870250e-01
    1.77648473e+00 5.55059075e-01 -4.51071262e-01 1.81266725e+00
    2.24153399e-02 1.27889407e+00 1.53991795e+00 5.70877492e-01
    -9.79437828e-02 3.69494259e-01 1.01438236e+00 9.24465895e-01
    1.72537506e-01 -5.85724115e-01 1.43843579e+00 -4.45562214e-01
    4.60230350e-01 8.57282460e-01 2.03184068e-01 -8.11037481e-01
    7.79276967e-01 1.05635834e+00 3.19892883e-01 -4.78752881e-01
    -4.77309942e-01 6.39440894e-01 1.03694725e+00 -8.08673501e-01
    4.10532534e-01 1.12805426e+00 -4.48639035e-01 -1.47623122e-01
    1.62831438e+00 6.71288908e-01 -3.01559418e-01 1.46532881e+00
    -3.29479456e-01 -5.74976623e-01 3.07818413e-01 1.32840991e-01
    8.53842437e-01 -5.06361604e-01 -2.75305182e-01 8.16841781e-01
    1.04068267e+00 1.46173882e+00 1.34691644e+00 1.59729028e+00
    7.93105364e-02 3.03361833e-01 9.36155796e-01 6.29588842e-01
    8.85463357e-02 -1.99372649e-01 3.49274099e-01 1.87804282e-01
    1.49024212e+00 1.17154837e-01 1.18954074e+00 7.59422779e-03
    1.60984707e+00 -4.91745085e-01 7.37436831e-01 1.72886372e+00
    2.90410399e-01 1.32881606e+00 1.21224618e+00 -2.50335366e-01
    1.52245259e+00 -3.34573627e-01 1.25036752e+00 1.42467666e+00
    -1.38052642e-01 -6.83344305e-01 -1.75371557e-01 -5.45567811e-01
    1.46711230e+00 2.52133727e-01 6.88426971e-01 -4.78482336e-01
    -4.50655818e-02 -4.66118038e-01 9.38047945e-01 1.41655469e+00
    1.37070417e+00 1.68707669e-01 6.92786276e-01 -6.36972904e-01
    1.62253118e+00 1.23834777e+00 7.78351307e-01 -4.63778049e-01
    1.00536108e+00 8.69844973e-01 -1.66815251e-01 1.57260597e-01
    -3.18094701e-01 3.96333992e-01 2.76007950e-01 1.33744693e+00
    -2.08688080e-01 8.21695507e-01 -6.93163335e-01 4.60452318e-01
    -2.16322243e-01 1.54250956e+00 1.61500239e+00 6.57119930e-01
    1.66550124e+00 9.16338086e-01 1.87987506e-01 -3.22967827e-01
    -3.07712108e-01 9.49859023e-02 7.63235748e-01 1.19573474e+00
    7.35885501e-01 -6.31851673e-01 -8.17046165e-02 1.10125172e+00
    1.33862686e+00 1.56804240e+00 5.99615991e-01 -1.82501674e-01
    1.19365430e+00 -5.67635715e-01 1.09062624e+00 -8.22129250e-02
    -8.15467238e-02 -6.13497555e-01 9.05478597e-01 1.41657150e+00
    9.04664457e-01 1.01814449e+00 -9.71108079e-02 1.53464007e+00
    8.76385331e-01 1.46638131e+00 4.62725818e-01 4.04489517e-01
    1.32887268e+00 1.27408469e+00 -8.14065933e-02 6.11646354e-01
    6.28252625e-01 4.57859755e-01 -5.87653220e-01 9.57691669e-01
    2.91221023e-01 7.53521264e-01 6.00701511e-01 8.75011086e-02
    7.08207548e-01 -3.70611370e-01 -1.57351494e-01 5.26866496e-01
    1.05811501e+00 1.13165116e+00 -6.61684752e-01 -3.79430860e-01
    1.75928831e+00 6.16610825e-01 -4.73424226e-01 1.13015115e+00
    -6.72206163e-01 5.85037291e-01 3.83639336e-03 -3.88322026e-01
    6.83606863e-02 -2.52913028e-01 5.99866509e-02 1.11570323e+00
    1.10528231e+00 -2.89730787e-01 -1.87240571e-01 1.13514841e-01
    -2.64520347e-01 7.76400387e-01 -5.48360944e-02 8.09976935e-01
    1.94661319e-01 -7.45847285e-01 1.35542452e-01 -2.18323350e-01
    -3.55448604e-01 1.51930523e+00 1.24527192e+00 3.91700566e-01
    -1.33914113e-01 -6.24037087e-01 1.72100401e+00 1.63815522e+00
    1.28207660e+00 4.11037803e-01 2.25841165e-01 5.66115201e-01
    1.08359909e+00 1.19559240e+00 -2.27998704e-01 1.15042543e+00
    1.37074709e-01 5.52564800e-01 1.80956125e+00 -3.08299333e-01
    3.82652164e-01 1.71651411e+00 1.31685829e+00 -4.06098962e-02
    -5.25000274e-01 -4.92528170e-01 1.67541647e+00 1.69852769e+00
    -4.44052666e-01 8.63135397e-01 6.85205638e-01 7.49235690e-01
    -2.72255749e-01 1.42669845e+00 1.08863711e-01 -4.91537929e-01
    -6.88204050e-01 7.92978227e-01 -6.54691339e-01 8.31083536e-01
    2.12738991e-01 1.36786485e+00 1.02416277e+00 1.25468683e+00
    3.38889360e-01 8.76936078e-01 -4.89978373e-01 -2.83978373e-01
    1.06276929e-01 1.43500876e+00 -3.54990035e-01 4.94025707e-01
    3.60154808e-01 1.43438578e-03 -2.94569552e-01 4.34414864e-01
    3.25709879e-01 1.01741457e+00 -3.12037230e-01 1.05527210e+00
    -1.00020647e-01 5.99124432e-01 1.67987227e-01 4.38962877e-01
    1.50724673e+00 -6.43452525e-01 -3.74972343e-01 7.36719906e-01
    -2.88465858e-01 1.53729200e+00 5.49689949e-01 -4.94079471e-01
    3.68235111e-02 -4.02742684e-01 1.32561159e+00 -5.42259693e-01
    1.07583404e+00 1.06263041e-01 1.01634645e+00 1.55415988e+00
    -5.14392853e-01 -4.39730316e-01 5.67331195e-01 1.66853070e-02
    5.91590643e-01 8.88328254e-01 7.81065226e-02 -3.11349690e-01
    1.48982489e+00 1.20346284e+00 -3.68439704e-01 7.21422493e-01
    8.64746928e-01 4.76902127e-01 -3.82231951e-01 1.35425639e+00
    6.59234524e-01 1.22750354e+00 1.54156184e+00 1.43952775e+00
    4.43456769e-02 8.57450962e-02 1.04980874e+00 1.72249615e+00
    2.62458622e-01 1.26258445e+00 6.90667033e-02 5.02390027e-01
    1.12213063e+00 7.05514431e-01 -2.46960282e-01 4.56504762e-01
    1.29936433e+00 1.36629939e+00 7.89333224e-01 1.00556326e+00
    2.25408316e-01 2.15081275e-01 1.17135930e+00 -2.72266865e-02
    -3.72926712e-01 -2.98708767e-01 1.70673537e+00 -5.13685822e-01
    1.48758543e+00 -2.29922533e-02 1.33901274e+00 -6.24505401e-01
    1.27834511e+00 -1.18565083e-01 1.14376402e+00 -2.84973413e-01
    -1.94915056e-01 1.74066424e+00 -2.18573421e-01 6.50295675e-01
    1.09475517e+00 5.10459900e-01 -1.04024589e-01 -7.43084550e-02
    1.67755663e+00 9.85720098e-01 -2.50758022e-01 1.69398403e+00
    -7.19243705e-01 7.62715399e-01 -1.59248173e-01 -3.14086258e-01
    -1.60829365e-01 -1.34557009e-01 2.74028480e-01 5.37637293e-01
    3.83459985e-01 7.49850035e-01 2.29486346e-01 9.33485150e-01
    1.28025365e+00 9.05181587e-01 3.72036219e-01 1.26426208e+00
    -5.92932940e-01 -5.38897514e-01 -6.34805799e-01 1.35905433e+00
    -6.41323984e-01 1.23391438e+00 8.42601538e-01 8.16158414e-01
    -4.83268499e-01 -3.45745713e-01 1.21860099e+00 -5.31040609e-01
    1.35127902e+00 1.70341277e+00 1.39440310e+00 -6.41973734e-01
    1.07571578e+00 1.63980067e-01 6.93109572e-01 9.29899633e-01
    -3.35371226e-01 -5.14498055e-01 1.38067579e+00 1.64572001e-01
    6.50258124e-01 -4.89030778e-01 5.94537199e-01 1.11286521e-01
    4.36804235e-01 1.33592582e+00 -5.48113585e-01 6.52322471e-01
    1.66695833e+00 -6.33695245e-01 -3.36315155e-01 -5.93975186e-01
    7.21391082e-01 7.50933409e-01 5.97791135e-01 1.39955544e+00
    9.65878069e-01 1.18752098e+00 1.01933825e+00 1.20223045e+00
    1.28428435e+00 -3.98186564e-01 5.03040731e-01 -1.06180847e-01
    5.09335101e-01 1.66449904e-01 8.52106035e-01 4.42512512e-01
    -2.43756682e-01 -2.62499630e-01 -6.82185531e-01 1.65549707e+00
    1.13472319e+00 -6.82242334e-01 1.12365317e+00 1.10246372e+00
    1.36137319e+00 7.99845099e-01 2.28742719e-01 -5.45325279e-02
    -4.14984107e-01 1.66886210e-01 5.89867294e-01 8.30486298e-01
    1.62913370e+00 1.18018293e+00 -2.72810638e-01 1.28438330e+00
    -4.01626110e-01 -3.11895788e-01 -5.83096147e-02 3.72752845e-01
    -9.05133486e-02 1.59656751e+00 1.14253831e+00 4.41085696e-02
    1.31569028e+00 6.51952624e-01 1.48130643e+00 -4.23279822e-01
    5.91058433e-01 -1.64691925e-01 3.04778039e-01 3.10958564e-01
    -3.24454308e-02 9.12659764e-01 4.67209339e-01 1.43458247e+00
    4.58223820e-01 9.60233390e-01 -3.04684579e-01 1.43535137e+00
    9.82299089e-01 -3.85050774e-02 5.88707924e-02 -1.46305323e-01
    1.60025287e+00 5.25286257e-01 -5.35205603e-01 5.65895796e-01
    -4.74739313e-01 -5.48183680e-01 1.47605598e+00 6.10290945e-01
    1.17859817e+00 2.61621833e-01 1.03510141e-01 9.36043739e-01
    1.71531153e+00 -1.60637379e-01 1.01904345e+00 4.10384357e-01
    7.10309386e-01 5.39268911e-01 -1.83025360e-01 -1.54774517e-01
    -5.45970857e-01 -3.02991688e-01 1.65266287e+00 8.10573816e-01
    -3.10882330e-02 -1.94712937e-01 7.90778935e-01 8.28971267e-02
    2.12663054e-01 5.80493569e-01 4.52710330e-01 7.24693894e-01
    1.71631098e+00 6.89436197e-01 1.59879458e+00 3.29641819e-01
    3.18258524e-01 9.96241570e-01 1.53138614e+00 -6.33312881e-01
    2.10357964e-01 1.32246435e+00 6.93289042e-01 7.83001482e-01
    -4.08519745e-01 4.06683683e-02 1.57043135e+00 3.27693462e-01
    1.57214189e+00 4.15925026e-01 1.37800348e+00 7.51410544e-01
    5.34307182e-01 9.07911181e-01 1.68131268e+00 5.63924313e-01
    1.14895535e+00 9.79462743e-01 -2.75654197e-02 2.81075776e-01
    8.90637100e-01 1.20448005e+00 5.08661330e-01 1.36669731e+00
    1.16426206e+00 4.98644233e-01 -1.14324450e-01 -4.81963813e-01
    1.18766367e+00 -5.87513387e-01 1.30170703e+00 1.38211930e+00
    -6.28735721e-01 -5.16330004e-01 1.03459907e+00 -3.01526695e-01
    1.28111720e+00 1.35220146e+00 9.08239365e-01 1.60542035e+00
    9.38410640e-01 1.53251755e+00 1.26239359e+00 8.16223443e-01
    1.76332176e-01 3.42625499e-01 4.71646786e-02 2.31789768e-01
    1.13900483e+00 1.58196735e+00 -5.63492119e-01 1.05282009e+00
    -1.59363627e-01 1.34403157e+00 -6.29172444e-01 6.89752519e-01
    1.49075949e+00 -4.81478512e-01 -3.29877138e-01 1.25521088e+00
    8.78682733e-02 -3.98561060e-01 5.15487492e-01 -5.09468079e-01
    1.46978581e+00 1.51347959e+00 3.59788716e-01 4.47909534e-01
    8.31710339e-01 -4.16532010e-01 1.25341249e+00 1.47861898e+00
    -2.29350150e-01 8.80007029e-01 1.25792933e+00 1.35898829e+00
    -7.58682191e-01 1.09764636e+00 1.88804030e-01 -1.33885980e-01
    -6.60395026e-01 3.02115321e-01 -2.89957285e-01 6.70654118e-01
    -1.42105818e-02 6.90373182e-01 3.27251971e-01 -7.55809546e-02
    3.90782416e-01 4.78375435e-01 1.19968736e+00 2.42426097e-01
    -6.64630055e-01 1.58488274e+00 -2.96134740e-01 4.21924949e-01
    1.05657685e+00 1.55016625e+00 1.32668841e+00 1.23798203e+00
    1.46422815e+00 9.05836582e-01 1.48082829e+00 1.75288236e+00
    -2.25234360e-01 1.66052461e+00 1.79501319e+00 1.10160303e+00
    -1.63587868e-01 1.34597313e+00 5.43494940e-01 9.44907069e-02
    9.34466600e-01 1.04169357e+00 -3.65362346e-01 1.24193597e+00
    -2.40865052e-01 6.65107012e-01 -5.75574160e-01 1.43622351e+00
    1.28183115e+00 5.42174816e-01 3.36233974e-02 -3.35912675e-01
    8.33989203e-01 5.57883620e-01 7.90284574e-01 7.45335877e-01
    1.07100201e+00 1.29390156e+00 3.26830566e-01 1.73027754e+00
    -5.79748690e-01 4.66871023e-01 1.31684756e+00 -4.85585570e-01
    1.66457057e-01 1.37524199e+00 4.80265141e-01 1.17342949e+00
    -1.99027151e-01 -1.82924241e-01 1.32239771e+00 5.82557023e-01
    1.57638454e+00 1.30924714e+00 -1.20912075e-01 -3.32364410e-01
    2.59786129e-01 1.11972082e+00 1.03104579e+00 1.34190416e+00
    4.81269598e-01 1.49705625e+00 1.03879714e+00 -6.63538992e-01
    -1.46884263e-01 1.34730351e+00 3.20997953e-01 -3.96869034e-01
    6.42766297e-01 -3.49674284e-01 -3.51212382e-01 1.35838437e+00
    7.64430940e-01 5.62178671e-01 2.90423274e-01 -5.01779735e-01
    9.59641457e-01 7.29952931e-01 8.92858207e-01 -3.17616969e-01
    -5.34338415e-01 8.53381276e-01 1.21894288e+00 1.46747851e+00
    7.64416933e-01 1.46652246e+00 4.35430229e-01 3.59872460e-01
    8.15151393e-01 -6.71674013e-02 6.44499898e-01 -3.55295092e-01
    3.04749072e-01 1.68514967e-01 5.72709620e-01 1.27629209e+00
    1.06624866e+00 1.77801347e+00 3.94839108e-01 -1.98602200e-01
    3.64296794e-01 1.46455419e+00 -1.22785687e-01 -6.88278377e-01
    1.03515816e+00 1.50944722e+00 1.19715214e+00 2.70541906e-01
    -1.85887277e-01 4.75358963e-01 4.04686928e-01 1.70898676e+00
    1.52050841e+00 3.38425040e-02 -7.30582476e-02 1.40263963e+00
    1.42851758e+00 3.54455173e-01 1.21422565e+00 -4.13253903e-02
    -3.85116935e-01 6.56412721e-01 1.47404075e-01 1.51738167e+00
    1.44099379e+00 -5.79064906e-01 -4.90692973e-01 7.30208755e-01
    -2.59429216e-03 1.15989923e+00 1.14442134e+00 -3.08567792e-01
    6.15839601e-01 -3.03308994e-01 5.31840026e-01 2.98639357e-01
    -6.82260990e-01 -5.05566120e-01 1.09426689e+00 8.09836984e-01
    7.42740333e-01 1.25342155e+00 -3.80069017e-02 5.95603406e-01
    1.63707793e+00 4.36278939e-01 1.15349770e+00 1.46562052e+00
    1.65961146e-01 -3.04586858e-01 1.50891614e+00 7.87970960e-01
    1.44090796e+00 1.64905047e+00 -5.11341989e-01 3.63705635e-01
    1.12249708e+00 1.54366839e+00 1.31980956e+00 -7.09376037e-01
    -5.04918575e-01 -1.31439984e-01 -4.92850125e-01 -2.01946139e-01
    3.07120681e-02 6.65735900e-01 7.70529628e-01 6.29404783e-02
    -4.28935707e-01 1.27546024e+00 4.77233231e-01 -1.61251187e-01
    5.90806544e-01 1.11701286e+00 1.24039948e+00 -5.99549890e-01
    8.25165629e-01 -4.58167374e-01 1.51732838e+00 -4.14323807e-02
    8.42135787e-01 -3.70266676e-01 9.49548483e-01 1.56219745e+00
    5.19899726e-02 9.83117104e-01 4.61092114e-01 1.38404393e+00
    1.41527939e+00 1.73567355e-01 -6.57511473e-01 -4.74721670e-01
    7.52979159e-01 2.30032086e-01 -6.10005856e-02 8.11026216e-01
    4.42859530e-01 -3.58356446e-01 -3.62751156e-01 -3.11957747e-01
    8.23352337e-02 -6.20146155e-01 7.76439965e-01 -5.24745584e-01
    1.22563148e+00 5.53159118e-01 -5.03556907e-01 -4.75978017e-01
    -1.50672495e-01 1.18398070e-01 -2.81927675e-01 4.29822981e-01
    1.59781718e+00 1.13518000e-01 1.55607808e+00 4.54439580e-01
    1.00592315e-01 -6.50060415e-01 -1.73910737e-01 1.35719395e+00
    -5.91230750e-01 7.73404181e-01 1.34367549e+00 -5.80593407e-01
    8.16442668e-01 3.26158404e-01 9.90441203e-01 6.11599386e-01
    -3.46122354e-01 8.45466852e-01 7.08116114e-01 2.34926343e-01
    5.45543492e-01 1.48360777e+00 4.31860387e-01 1.52371728e+00
    2.59840786e-01 -1.39888585e-01 3.44735205e-01 1.25432730e+00
    1.32278383e-01 -3.47213596e-01 7.65829504e-01 -5.43894291e-01
    -2.34586000e-03 1.42923665e+00 3.87053490e-01 3.38431180e-01
    1.06872940e+00 9.60127711e-02 2.97950983e-01 1.18883979e+00
    -1.03635132e-01 1.07016754e+00 4.59157765e-01 -3.82525891e-01
    -4.64742780e-02 1.40007710e+00 -2.74930656e-01 4.62605953e-01
    -4.79462385e-01 -3.93619716e-01 -4.87152636e-01 -5.06614208e-01
    2.53823042e-01 1.07746875e+00 4.20260429e-01 1.69359589e+00
    1.03240848e-01 -3.78836989e-01 1.04140782e+00 1.22174358e+00
    6.10822141e-01 -3.60140651e-01 -2.48400539e-01 2.55992293e-01
    2.84952044e-01 7.79463649e-02 1.25100350e+00 -5.12221396e-01
    1.08534288e+00 -2.19816387e-01 5.27827859e-01 3.41656923e-01
    1.17975640e+00 9.68316078e-01 1.91988468e-01 1.57710683e+00
    1.11485040e+00 9.66106534e-01 -1.79457843e-01 -1.01541638e-01
    5.53876698e-01 -4.55932349e-01 1.35101283e+00 3.44860494e-01
    -1.38292581e-01 1.40059948e-01 -4.73921925e-01 -3.53218973e-01
    7.88895786e-01 1.58942044e-01 9.12613451e-01 2.04888701e-01
    8.05187166e-01 1.57558155e+00 -1.19894743e-03 1.54051113e+00
    -6.25010133e-02 4.08633053e-01 -1.65260553e-01 -3.19672227e-02
    3.06274116e-01 1.77341759e-01 1.65512228e+00 5.68391979e-01
    1.18447590e+00 6.28804207e-01 8.74971926e-01 -1.29651129e-01
    -4.11375940e-01 1.59674096e+00 2.43948281e-01 3.05342913e-01
    4.53453302e-01 8.88061523e-02 -4.21253353e-01 -4.40210462e-01
    4.50727701e-01 -6.98806942e-02 6.92116797e-01 -2.60430604e-01
    -2.32412606e-01 -3.17733169e-01 -5.04689932e-01 1.21076608e+00
    -2.21438497e-01 8.30165505e-01 -3.57432514e-01 7.34554052e-01
    -4.72234577e-01 1.25154734e+00 -2.21416533e-01 1.27204108e+00
    1.42819262e+00 1.24091291e+00 9.83212650e-01 -1.52990997e-01
    3.54427099e-03 -2.67785728e-01 1.70570493e-01 4.36608195e-01
    1.20920205e+00 4.39332902e-01 -2.16882616e-01 -2.79615134e-01
    1.10005808e+00 1.51114917e+00 1.03221512e+00 5.42526901e-01
    5.31028748e-01 1.29136872e+00 1.12682199e+00 1.37476349e+00
    -9.29435492e-02 1.56647706e+00 1.20163417e+00 -3.42661798e-01
    -5.21138430e-01 1.07319927e+00 1.16542590e+00 6.83513105e-01
    4.95799601e-01 1.59507501e+00 -3.14202815e-01 -5.57123005e-01
    1.47630954e+00 2.88489997e-01 -5.95470488e-01 8.17293227e-01
    2.14714825e-01 -1.40707850e-01 1.51109493e+00 9.28132713e-01
    1.36593676e+00 4.47458267e-01 3.58021975e-01 7.83808827e-02
    1.51455331e+00 1.05979013e+00 -5.52806497e-01 6.37623727e-01
    1.19498503e+00 4.68698800e-01 1.23236561e+00 1.44226313e+00
    1.35483193e+00 -4.22840714e-02 1.14106500e+00 1.69103408e+00
    -5.52429795e-01 -4.78445709e-01 -2.67797112e-02 6.68144226e-02
    8.30262661e-01 6.02721453e-01 1.16215456e+00 -6.68318510e-01
    7.00167060e-01 -4.67873871e-01 -2.66780049e-01 3.94803166e-01
    -1.85635746e-01 3.18514347e-01 -6.85224652e-01 -5.33264399e-01
    1.64347768e+00 9.73819554e-01 -2.77631342e-01 1.65525460e+00
    -2.34794676e-01 1.60689950e+00 4.89016891e-01 1.59451401e+00
    -5.61898232e-01 1.06891799e+00 3.38451743e-01 3.37916613e-02
    1.22743535e+00 1.40118134e+00 -1.96715415e-01 9.42838788e-01
    1.60015166e-01 8.08141232e-02 1.57217979e-02 -2.28219032e-01
    8.94594073e-01 1.56889856e-01 8.07955265e-02 -7.44704902e-01
    1.56609678e+00 1.18000126e+00 -6.29946232e-01 8.46301436e-01
    1.47901011e+00 -4.46119756e-01 7.62823522e-01 -2.99156815e-01
    1.10707760e+00 6.76164508e-01 1.74781084e-02 1.41879630e+00
    -1.85416818e-01 3.62393796e-01 5.46386540e-01 1.23641896e+00
    1.63447237e+00 8.73062611e-01 -3.79097641e-01 -5.22907734e-01
    1.76774085e-01 3.27966273e-01 1.65047073e+00 1.38572407e+00
    1.69686151e+00 -4.47463751e-01 1.04112697e+00 1.28802061e-02
    -1.88274682e-01 7.68029928e-01 1.11327767e+00 -6.27112329e-01
    9.18924451e-01 1.25140524e+00 2.39132524e-01 5.83494902e-01
    1.15301573e+00 4.70686078e-01 -3.18852067e-02 3.72083902e-01
    9.78714228e-02 -5.50299644e-01 1.44635499e-01 3.74674678e-01
    6.43308520e-01 1.22653317e+00 -3.53073567e-01 9.94810462e-01
    1.50258803e+00 4.41930830e-01 6.49433732e-01 1.20104194e+00
    1.30105734e+00 1.97054744e-01 1.31426454e+00 5.09754598e-01
    -3.88329208e-01 6.97940230e-01 1.71391714e+00 1.66760659e+00
    8.41936886e-01 1.20849776e+00 1.32386708e+00 2.55002439e-01
    3.38529289e-01 1.07347512e+00 1.45718098e-01 -1.74558759e-02
    -5.44050992e-01 -5.83402038e-01 1.32270741e+00 1.36238289e+00
    2.88913131e-01 6.29931211e-01 5.00285745e-01 -5.60376167e-01
    1.30496621e+00 -4.50839549e-01 3.63162220e-01 1.64699423e+00
    9.26392078e-02 1.10696459e+00 1.42210722e-02 5.62637091e-01
    -1.92013741e-01 2.28734136e-01 -4.34260368e-02 2.49845684e-01
    -3.51600558e-01 1.15425682e+00 1.58321524e+00 5.50876737e-01
    -2.71761298e-01 1.16994941e+00 -4.29431319e-01 1.37585115e+00
    4.01894510e-01 8.89512062e-01 -3.88393939e-01 5.90025783e-01
    1.71790099e+00 -7.43197203e-02 6.15544915e-01 3.86336386e-01
    2.01077640e-01 -4.83971834e-02 7.26430297e-01 -5.74570060e-01
    1.70236361e+00 -3.28859895e-01 -5.05776167e-01 6.84156179e-01
    -3.13473016e-01 -4.51471627e-01 -1.55278236e-01 4.09545362e-01
    -2.71674424e-01 1.96742356e-01 8.09365511e-01 9.22174692e-01
    3.84563506e-01 -1.18421316e-01 -1.34795159e-01 -4.09057200e-01
    -5.02373934e-01 2.15788782e-01 1.20048857e+00 1.23626447e+00
    1.14592361e+00 1.28436387e-01 6.05214655e-01 -6.48200214e-01
    -4.42846566e-01 6.26884937e-01 8.57437253e-01 6.76083207e-01
    4.48070168e-01 9.50933635e-01 1.35352588e+00 1.64951563e+00
    1.68245268e+00 1.78263187e-02 5.51107109e-01 -2.79839963e-01
    1.35236335e+00 -4.94746327e-01 6.67979956e-01 -3.68894249e-01
    1.28715396e+00 -4.08784777e-01 1.29148459e+00 9.70182240e-01
    9.73830700e-01 1.23857808e+00 5.77901304e-01 -3.79389524e-01
    1.58418512e+00 3.97875071e-01 3.75741720e-02 1.01232529e+00
    1.48540807e+00 1.10453844e-01 5.10180533e-01 -3.39922249e-01
    1.25222588e+00 1.51566243e+00 -7.91762471e-02 1.23500454e+00
    2.63901174e-01 -5.27900457e-01 7.93400228e-01 -6.41657293e-01
    1.11417484e+00 8.85194898e-01 4.97279882e-01 -5.85904956e-01
    1.33973897e+00 1.47783637e-01 -7.15548754e-01 2.77247965e-01
    1.33868217e-01 -1.82598829e-02 4.02312338e-01 3.90114307e-01
    5.94075203e-01 1.11995137e+00 -9.57675576e-02 -1.40175581e-01
    1.42526436e+00 -1.76909983e-01 2.23512530e-01 -5.66604853e-01
    1.21090007e+00 -1.50919914e-01 1.07955599e+00 8.96167636e-01
    2.33805597e-01 1.30808508e+00 8.37290347e-01 1.29044628e+00
    -3.69016320e-01 3.08260977e-01 2.40552545e-01 -2.83810616e-01
    -5.14220238e-01 -4.40662444e-01 1.48010159e+00 1.18879318e-01
    3.26616168e-01 -2.02301741e-02 5.92215896e-01 1.84568703e-01
    7.98125923e-01 2.80014753e-01 -3.82336557e-01 -2.72185802e-02
    1.13566184e+00 8.58524740e-01 -4.72670257e-01 -1.38705373e-01
    8.48642588e-02 1.47461486e+00 1.26901221e+00 9.61630166e-01
    8.71238708e-01 1.57543528e+00 1.13160157e+00 -1.33997023e-01
    6.10557795e-02 8.11733484e-01 4.82636750e-01 1.61801279e-01
    8.08209598e-01 1.75047708e+00 9.15724039e-01 1.47204041e-01
    -2.70800292e-01 -1.91765755e-01 4.54359174e-01 1.28324008e+00
    8.19606185e-01 -3.19175124e-01 1.22654581e+00 -6.18947506e-01
    -6.94119513e-01 1.30584240e+00 -1.23179853e-01 1.43620467e+00
    4.49495614e-01 -3.16259712e-01 4.46972907e-01 -4.03367937e-01
    1.26319349e+00 9.39137876e-01 -2.60153800e-01 1.72436333e+00
    1.23961377e+00 -6.38283193e-01 -6.80374265e-01 1.26078296e+00
    1.62705827e+00 3.72452021e-01 1.56862640e+00 1.74747574e+00
    1.42084479e+00 4.32076931e-01 1.73295617e-01 -4.29739952e-01
    8.91677082e-01 4.45919573e-01 1.40200567e+00 3.13998222e-01
    1.58310390e+00 5.21019101e-01 1.60718262e+00 -5.23203492e-01
    -5.50475895e-01 -1.13837421e-01 -3.02960902e-01 5.59155822e-01
    8.44205976e-01 8.76777351e-01 1.11618400e+00 9.50844109e-01
    1.10251880e+00 -2.20562875e-01 7.48235047e-01 3.38720679e-01
    8.01949859e-01 4.06504273e-01 -1.98915660e-01 2.08152533e-02
    -1.94765329e-02 -4.67604309e-01 1.31515563e-01 1.30640233e+00
    6.11035168e-01 1.11484385e+00 -2.60986686e-02 1.64536250e+00
    7.40110576e-01 2.76290834e-01 1.67050242e-01 -6.56008780e-01
    1.14036679e+00 -5.12399256e-01 -5.16104937e-01 7.53626406e-01
    1.66945386e+00 5.50050497e-01 1.34878087e+00 1.28921926e-01
    -1.52711660e-01 3.65677238e-01 -1.25303835e-01 6.98355436e-02
    9.87073839e-01 1.27383769e+00 1.02806437e+00 9.21775341e-01
    -3.02992463e-02 1.40992689e+00 6.65749550e-01 7.60698617e-01
    9.25110817e-01 1.55391443e+00 9.83255565e-01 4.51789916e-01
    1.01154029e-01 1.67872882e+00 4.61932838e-01 -2.77425796e-01
    7.10177362e-01 -1.54513121e-01 2.56757736e-01 -5.67401588e-01
    1.00930858e+00 4.37258482e-02 -6.60370529e-01 8.12705755e-02
    1.42607498e+00 1.53358769e+00 3.13011408e-02 9.41694379e-02
    4.35984194e-01 7.88884044e-01 4.16689694e-01 -3.45992833e-01
    -5.74688613e-01 8.43273997e-01 -6.07112646e-02 4.45153832e-01
    1.51109886e+00 1.55917406e+00 4.77050066e-01 -5.14142752e-01
    -5.07347822e-01 -2.20253676e-01 -1.13121033e-01 3.53538752e-01
    1.22959185e+00 1.23970294e+00 1.07745934e+00 9.56794620e-02
    -2.82559007e-01 9.87642407e-01 1.00009465e+00 1.02595091e+00
    1.16034842e+00 1.09649086e+00 6.24909401e-02 1.21910572e+00
    3.07325184e-01 -4.54272836e-01 1.37951946e+00 1.04530239e+00
    2.75764227e-01 -6.29030943e-01 3.61236036e-01 1.02638555e+00
    4.10578489e-01 4.47898090e-01 -6.04787886e-01 1.68006849e+00
    1.12308967e+00 6.80487692e-01 4.56192732e-01 9.90893841e-01
    -1.52707160e-01 1.10490525e+00 7.99298644e-01 4.30433750e-01
    -3.19822162e-01 9.36306715e-02 1.38151407e+00 -4.50881273e-01
    5.06793141e-01 1.33004451e+00 -1.55601442e-01 1.97675681e+00
    1.93494767e-01 6.42791033e-01 -4.42249179e-02 1.11505795e+00
    4.15149093e-01 1.56217241e+00 -4.58288640e-01 -4.82374072e-01
    6.98439658e-01 -3.30658495e-01 5.83889067e-01 -1.80618346e-01
    7.49952137e-01 1.40871608e+00 -5.52211046e-01 -3.92140597e-01
    -7.62469471e-01 2.62060881e-01 1.15106332e+00 1.40726137e+00
    1.64020312e+00 -2.79975504e-01 3.08330178e-01 4.69707608e-01
    9.05712605e-01 1.31214345e+00 1.01609230e-02 -1.99874967e-01
    -2.06630707e-01 7.85698831e-01 6.32433534e-01 4.41930115e-01
    1.43902695e+00 9.37449217e-01 -8.05070877e-01 1.56331420e+00
    9.52745140e-01 -8.59428048e-02 1.62676859e+00 -5.30395389e-01
    1.33057714e+00 -3.79402995e-01 -7.12024987e-01 9.25198734e-01
    -9.03238058e-02 8.62292886e-01 4.77751553e-01 6.44764364e-01
    5.86565435e-01 4.28827345e-01 -1.34374499e-02 9.45225000e-01
    1.02595937e+00 3.61791730e-01 -4.68506336e-01 8.82216215e-01
    1.02326763e+00 1.21092463e+00 -1.23384953e-01 1.53772044e+00
    9.75262821e-01 1.30851173e+00 1.48380256e+00 -5.69417357e-01
    1.46866083e-01 7.12766767e-01 9.04537439e-02 2.10240304e-01
    -9.09227729e-02 9.91521895e-01 4.20525491e-01 1.15563679e+00
    5.11413813e-01 9.28635418e-01 1.62474835e+00 1.27463770e+00
    1.45189047e+00 9.35059547e-01 1.02254927e-01 2.38602579e-01
    -7.11605012e-01 -9.88835096e-02 8.74885201e-01 5.70895374e-01
    2.88304865e-01 1.31591749e+00 1.01303530e+00 7.21683860e-01
    2.96230137e-01 8.57563019e-01 -1.42298281e-01 3.71589005e-01
    -2.39761114e-01 6.40677214e-01 1.35017300e+00 -4.61436212e-01
    5.51272810e-01 -5.33028603e-01 1.29206109e+00 -2.84585774e-01
    -1.71456218e-01 1.55935454e+00 1.56687975e+00 2.04244554e-01
    1.62390304e+00 5.23186266e-01 2.83620656e-01 1.57431602e+00
    1.09558177e+00 3.67153823e-01 1.67056251e+00 9.97423232e-01
    -3.54220748e-01 -3.68771553e-01 -2.08636582e-01 1.49616015e+00
    1.14613712e-01 -1.54624701e-01 -6.08964920e-01 1.73088622e+00
    1.53403163e+00 3.66127312e-01 3.07498515e-01 -6.06337667e-01
    2.75731802e-01 1.62079430e+00 8.48208427e-01 1.09763658e+00
    -6.26556098e-01 1.76164246e+00 -1.79425776e-01 -7.48521090e-03
    1.08755374e+00 1.26657963e+00 -1.62507892e-01 1.13897014e+00
    1.16547048e-01 -2.04246998e-01 1.25510418e+00 1.72506273e-01
    7.23427832e-01 4.02044475e-01 -3.64205152e-01 1.45211577e+00
    1.66295278e+00 1.44624043e+00 -6.26129270e-01 -2.42411673e-01
    -8.06791782e-02 -3.28286827e-01 1.37538242e+00 4.16272581e-01
    1.19190502e+00 -7.33250797e-01 2.08873928e-01 -1.94108307e-01
    8.84285212e-01 3.83318067e-01 1.39782941e+00 2.69319773e-01
    1.24150693e+00 1.01236343e+00 -7.06262708e-01 -1.43109858e-01
    1.40084624e-01 -2.26237863e-01 3.94924939e-01 2.84965158e-01
    7.26565719e-01 2.37468183e-01 -3.64234626e-01 -6.85833216e-01
    -5.73492050e-03 1.35515106e+00 -2.18793154e-02 6.37040854e-01
    9.75986719e-01 -2.84350961e-01 6.30709529e-02 -4.04318124e-01
    -5.28653383e-01 6.87255740e-01 1.04559803e+00 7.57071137e-01
    -1.48940027e-01 9.32032168e-01 1.29372001e-01 2.15184391e-01
    -4.24875557e-01 -3.02689821e-01 1.00724292e+00 3.22401524e-03
    1.03184724e+00 1.20502186e+00 3.44445229e-01 -4.23708558e-02
    1.52055788e+00 9.83099222e-01 -2.02801228e-02 -6.76818967e-01
    1.55582881e+00 -5.75837433e-01 7.13996947e-01 1.44692397e+00
    -6.33226156e-01 7.51123726e-01 3.55709314e-01 -4.45633650e-01
    5.29841840e-01 -5.24615645e-02 5.41357994e-02 -5.53265810e-02
    1.10565126e-01 -1.47713959e-01 1.58007216e+00 8.46262753e-01
    -7.24259734e-01 1.38934147e+00 1.45963943e+00 3.85766447e-01
    1.11824167e+00 9.56882656e-01 2.65258312e-01 -2.49502838e-01
    6.41687095e-01 8.12375426e-01 9.43131685e-01 2.56244004e-01
    -2.65533298e-01 1.59227800e+00 8.15637112e-01 5.80851436e-01
    -1.33645207e-01 2.26509094e-01 1.19554424e+00 7.73720503e-01
    -6.11278653e-01 -3.28812003e-02 -5.97248495e-01 1.54488266e+00
    6.16804302e-01 1.35153115e-01 7.67863154e-01 1.61006594e+00
    1.30871320e+00 -3.49105090e-01 6.14881217e-01 2.98079669e-01
    -7.86562979e-01 1.82307720e-01 -3.32339168e-01 6.57767534e-01
    -4.17970806e-01 4.01971102e-01 1.69582009e-01 -1.03772759e-01
    -3.61559391e-01 4.48308229e-01 -1.13718808e-01 1.32712460e+00
    1.27144361e+00 5.80971479e-01 3.54008675e-02 4.98953342e-01
    -3.85602087e-01 1.32810974e+00 1.08572984e+00 1.58650219e+00
    2.14005828e-01 9.47076976e-01 3.40427279e-01 9.40204740e-01
    8.76325965e-02 1.14842474e+00 6.71401501e-01 -9.73895788e-02
    -3.47112387e-01 1.61656356e+00 4.19368804e-01 1.07566714e+00
    1.02390480e+00 -3.52472931e-01 9.25007999e-01 6.63725972e-01
    -5.27125001e-02 1.35804057e+00 3.47571254e-01 -7.42346942e-01
    -1.22682035e-01 1.28008449e+00 1.40348136e-01 8.83530378e-02
    1.09419811e+00 -6.35650218e-01 1.62942839e+00 6.35554910e-01
    4.05279934e-01 -9.67221856e-02 1.38058710e+00 -2.15170801e-01
    1.25692284e+00 1.24796152e+00 1.54069102e+00 -6.04620934e-01
    1.43459105e+00 1.36985469e+00 1.21561122e+00 9.96272326e-01
    -6.32786572e-01 8.00965965e-01 1.30440211e+00 -1.66748971e-01
    -1.66704297e-01 -5.22471130e-01 1.73247838e+00 9.06855464e-02
    1.23571897e+00 9.39889669e-01 1.54696441e+00 5.52881598e-01
    -5.86434603e-01 1.60397208e+00 -3.60717654e-01 -5.22656977e-01
    1.69685984e+00 1.53752899e+00 -5.41014135e-01 9.94197369e-01
    3.59303534e-01 -3.02771389e-01 -1.97428465e-02 1.42594385e+00
    1.19121110e+00 2.04033613e-01 1.50234318e+00 2.71744490e-01
    1.22110319e+00 2.29419172e-01 1.07069421e+00 3.52087021e-02
    -4.58104193e-01 1.23541665e+00 6.71474874e-01 5.44319689e-01
    1.43502903e+00 -6.52650118e-01 1.67648816e+00 -5.33243299e-01
    7.47102320e-01 5.73182881e-01 -5.00121951e-01 -2.15347111e-01
    6.56269968e-01 1.77516782e+00 1.05587912e+00 2.38036454e-01
    -2.73222327e-02 -5.23394525e-01 9.24789488e-01 -1.39919817e-01
    -1.76732600e-01 -1.65819764e-01 5.98138034e-01 2.93653011e-01
    -4.43903029e-01 4.92636681e-01 -6.61571622e-01 4.55332041e-01
    -4.18094784e-01 5.68854690e-01 1.41810870e+00 1.64312434e+00
    8.35807621e-01 -3.22402656e-01 -5.02749085e-01 2.99165905e-01
    -3.28656077e-01 6.69554710e-01 6.82289243e-01 1.24509168e+00
    4.82192695e-01 1.63975477e-01 -5.97781062e-01 1.78484440e-01
    6.27184987e-01 -3.77511054e-01 1.28902292e+00 1.25623465e+00
    9.86845493e-01 5.96446335e-01 9.63733435e-01 1.24296176e+00
    3.43261719e-01 -2.70874083e-01 1.29715919e+00 -5.78973114e-01
    5.23685873e-01 -1.58602297e-01 -4.61569011e-01 3.64993632e-01
    -8.92611742e-02 -2.58783638e-01 -2.50333279e-01 1.65596044e+00
    1.51618028e+00 -6.31830096e-02 1.41251111e+00 7.74762630e-01
    1.39119577e+00 1.12750471e+00 1.27091861e+00 2.51419187e-01
    -4.86711323e-01 1.13756907e+00 5.70213735e-01 9.12474334e-01
    1.67959273e+00 7.88388193e-01 7.01972127e-01 3.17347646e-02
    2.76050031e-01 -2.05014080e-01 1.58629143e+00 4.85068381e-01
    -6.03076220e-01 8.09637725e-01 -7.14830160e-02 5.85653186e-01
    -1.87356949e-01 -6.35035992e-01 -2.12786198e-01 1.40076518e-01
    1.62309742e+00 1.71706378e-01 5.61657131e-01 1.21443200e+00
    -7.93361664e-01 1.53528249e+00 1.02910376e+00 -1.27139270e-01
    1.01873159e+00 1.99676275e-01 1.58508134e+00 1.45206952e+00
    1.23545313e+00 1.41075921e+00 1.02775872e-01 1.62643003e+00
    8.93081427e-01 5.84028721e-01 -5.72669029e-01 -3.47508878e-01
    -4.17092264e-01 -1.80041939e-01 5.15630662e-01 8.14002097e-01
    1.44482744e+00 1.35225701e+00 8.56290460e-01 -3.07478875e-01
    1.49990916e-01 1.09955990e+00 7.18147457e-01 1.21721268e+00
    -2.79760957e-02 -1.95657670e-01 1.63849342e+00 1.34178877e+00
    1.54248023e+00 2.55062938e-01 1.69944763e+00 -2.33364433e-01
    -5.18665910e-01 1.36267757e+00 3.06221008e-01 -3.94388765e-01
    2.20927417e-01 1.51775765e+00 7.19722331e-01 1.44754589e+00
    2.73074329e-01 9.24019873e-01 7.40835369e-01 1.33565617e+00
    1.25290990e+00 -5.14787793e-01 1.75330424e+00 -4.86988723e-01
    -4.01179790e-02 3.10436308e-01 7.13409126e-01 1.35770285e+00
    1.63410568e+00 3.73456478e-01 5.36193848e-01 7.11369514e-02
    -6.88452482e-01 -2.97362149e-01 5.85519373e-01 1.50140738e+00
    -2.14161098e-01 -7.46828973e-01 8.10527086e-01 1.42804313e+00
    1.41428530e+00 7.12601960e-01 -2.29610860e-01 1.33563197e+00
    1.62076235e+00 -5.74445844e-01 1.61807001e-01 -3.58753175e-01
    6.24996126e-02 1.80854857e-01 1.87813103e-01 -5.05089164e-02
    8.65425527e-01 7.14158952e-01 1.70419717e+00 3.95711899e-01
    -3.62522721e-01 -3.72288227e-02 1.69475365e+00 1.35720730e+00
    1.03943396e+00 8.58166933e-01 1.21159863e+00 1.53537869e+00
    1.26768637e+00 1.34759045e+00 6.66013181e-01 1.49520350e+00
    4.48518336e-01 -5.27108371e-01 -1.76480055e-01 8.91529202e-01
    1.31440949e+00 5.72465658e-02 -2.41072625e-01 5.70131719e-01
    -4.21922863e-01 -6.38684094e-01 3.67938161e-01 1.48699808e+00
    1.39578843e+00 4.73478019e-01 6.13873482e-01 9.26742017e-01
    5.90379238e-02 1.50189161e-01 7.70654380e-01 4.29732203e-01
    2.55243421e-01 1.61852431e+00 1.48776412e+00 -3.33739042e-01
    -5.26165962e-02 -4.30222571e-01 1.53028536e+00 7.34416723e-01
    -5.40327013e-01 9.83874321e-01 1.27811182e+00 7.04418063e-01
    2.73559332e-01 -1.16623640e-01 1.71639252e+00 -1.52734518e-01
    -5.44627786e-01 -2.82636911e-01 1.68222237e+00 -1.45954728e-01
    1.31853986e+00 -4.95435596e-02 6.91002429e-01 8.10368121e-01
    -3.14322203e-01 -7.07094669e-02 1.44750381e+00 1.35481715e-01
    -3.97992134e-01 7.83952177e-01 3.24145555e-01 -7.36728191e-01
    1.08432817e+00 9.51204360e-01 -4.90806103e-02 5.60772955e-01
    9.96200562e-01 1.16315091e+00 -4.51970577e-01 -3.64538223e-01
    1.57803345e+00 5.91389477e-01 -2.28276402e-01 -5.35389483e-01
    1.06649804e+00 -2.77207106e-01 1.53435707e+00 9.21498895e-01
    -7.71628618e-02 -6.64184928e-01 -6.11522436e-01 -3.64780366e-01
    9.68122125e-01 1.49326229e+00 1.17484152e-01 2.77343988e-02
    2.31309891e-01 -6.37666583e-02 1.75001705e+00 1.96617961e-01
    1.55178952e+00 6.08057559e-01 4.17738795e-01 4.93895352e-01
    -3.42773557e-01 1.43202972e+00 1.13579869e+00 6.18689895e-01
    4.82954979e-01 -4.15917635e-02 5.84526181e-01 1.03035653e+00
    1.03803051e+00 -4.34779137e-01 8.25559258e-01 -2.34556735e-01
    1.46055269e+00 1.58172846e+00 -3.51865798e-01 -5.01236737e-01
    4.70950425e-01 1.05297446e-01 8.10597062e-01 -3.17971319e-01
    1.54154122e+00 -3.76419902e-01 -5.44025064e-01 2.81991363e-01
    -1.82946980e-01 4.83265519e-02 -1.07015729e-01 -4.62615877e-01
    -6.26160502e-01 5.02642930e-01 1.39321828e+00 5.83113074e-01
    8.27659130e-01 7.28608310e-01 -4.28546816e-01 1.17426157e-01
    9.63036537e-01 1.29729342e+00 1.23734951e+00 -6.09457791e-01
    1.00056851e+00 -1.48216665e-01 2.43011713e-01 1.32782221e+00
    1.21087313e+00 -3.38576466e-01 1.88877940e-01 1.44593143e+00
    1.45852423e+00 6.59655333e-02 8.42729151e-01 7.69354939e-01
    1.26601624e+00 3.27113450e-01 -7.19216466e-02 9.79280472e-03
    -3.13136339e-01 7.01930523e-02 -3.16761523e-01 1.00832200e+00
    5.03436387e-01 9.15654242e-01 -6.00970089e-01 -2.13648677e-02
    4.40048039e-01 1.70886052e+00 2.78820038e-01 6.96771741e-01
    3.16768587e-01 1.55666137e+00 -5.06121397e-01 9.34876025e-01
    3.06094706e-01 1.16328943e+00 1.27319503e+00 -3.75894248e-01
    8.64128470e-01 -8.34647417e-02 1.07079291e+00 1.14129329e+00
    -6.02933884e-01 1.27768898e+00 -3.62349749e-02 -2.17164189e-01
    -2.53618717e-01 4.55698192e-01 8.30127954e-01 -6.13831162e-01
    -3.96661758e-02 7.91825056e-01 1.35950315e+00 3.37750256e-01
    3.05859625e-01 6.33037567e-01 1.23796916e+00 7.79479623e-01
    5.54324687e-01 2.57326484e-01 9.70046520e-01 7.64997244e-01
    8.44732285e-01 5.93232095e-01 7.14432538e-01 1.44621587e+00
    1.47822082e-01 6.59673870e-01 1.49029279e+00 -2.56198049e-01
    5.54086149e-01 2.51952887e-01 -1.82511806e-02 3.14451933e-01
    -5.80060959e-01 1.61622691e+00 4.69434738e-01 -2.23946571e-03
    1.26188755e+00 -1.62493765e-01 2.25252986e-01 1.53958929e+00
    3.17107081e-01 1.56546891e+00 -5.38712502e-01 2.72680819e-01
    -4.16326523e-03 1.51180279e+00 -4.02101427e-01 -8.85786414e-02
    7.29134083e-01 -4.38725948e-01 1.33678174e+00 1.37340403e+00
    -9.01167989e-02 -7.53646433e-01 1.59613836e+00 8.14427316e-01
    1.36752427e+00 1.12754047e+00 1.31587684e-01 -7.33710945e-01
    6.16496801e-03 1.48966217e+00 1.21210527e+00 8.87148917e-01
    1.05067253e+00 1.19503057e+00 1.09152460e+00 1.13590336e+00
    1.32991505e+00 -4.63099211e-01 6.01551712e-01 -3.86215687e-01
    5.57892025e-01 1.73122048e+00 3.98794949e-01 -2.56814003e-01
    1.13611412e+00 4.52667654e-01 -5.50231814e-01 8.25930119e-01
    2.45671809e-01 2.59550214e-01 -5.92753530e-01 8.47852230e-03
    -4.86203194e-01 2.61004806e-01 4.43346620e-01 1.83483958e-02
    9.26248133e-01 1.26174235e+00 -4.59075421e-01 -3.64746541e-01
    -4.87098932e-01 2.42004335e-01 4.74967241e-01 -1.02156878e-01
    1.12124562e+00 -4.18068051e-01 1.14951110e+00 3.30362320e-01
    1.03405070e+00 3.47868800e-01 4.57877815e-01 8.82757545e-01
    8.01445305e-01 4.34353113e-01 7.33149052e-02 6.62345409e-01
    1.61924398e+00 7.20860004e-01 3.69331121e-01 -6.44932747e-01
    -4.54388499e-01 -1.69690043e-01 1.36231112e+00 -2.90510356e-01
    1.42849553e+00 1.14606786e+00 -6.77945852e-01 1.29016995e+00
    1.31845832e+00 1.16790915e+00 -1.57618940e-01 1.54261363e+00
    -1.83860838e-01 1.26143718e+00 6.09117746e-02 -6.08191252e-01
    -5.72459459e-01 1.75074625e+00 7.90679455e-02 -2.98089534e-01
    6.80962026e-01 7.21475363e-01 1.65392470e+00 9.69775677e-01
    -3.96034092e-01 6.03847980e-01 1.23505354e+00 6.12905264e-01
    -6.35785401e-01 4.18144345e-01 1.18379807e+00 3.42743158e-01
    2.03124225e-01 7.94049919e-01 1.96025074e-01 -6.31129384e-01
    8.96750093e-02 9.20209885e-02 8.59103739e-01 6.36094391e-01
    8.95604730e-01 8.35719764e-01 9.88227427e-01 -4.82674539e-01
    -3.65016222e-01 1.61715961e+00 -5.72782397e-01 1.13169742e+00
    8.14030528e-01 5.47156572e-01 1.50943494e+00 1.17945361e+00
    -4.97909129e-01 5.57896018e-01 8.26368272e-01 1.63635206e+00
    -5.11848688e-01 2.82978892e-01 7.04199612e-01 1.11429870e-01
    -4.03870523e-01 7.00456321e-01 1.11497235e+00 1.55258179e-02
    -4.03310508e-01 9.48465765e-01 1.47666550e+00 -2.95607895e-01
    7.04600334e-01 4.78353858e-01 -2.22544760e-01 1.30830884e-01
    -1.69014931e-02 -6.40797317e-01 6.10160232e-02 -5.50755024e-01
    1.34439421e+00 4.77870941e-01 7.01527894e-01 4.08699691e-01
    6.34526312e-01 4.08779800e-01 1.11827457e+00 4.03873563e-01
    -1.60837471e-01 1.37838340e+00 -2.22450972e-01 -2.88545907e-01
    3.07367623e-01 3.94948781e-01 3.03119302e-01 2.77127922e-01
    -5.97409070e-01 9.97881413e-01 1.45569253e+00 2.55362570e-01
    -4.37975079e-01 -5.80562353e-02 1.48663116e+00 1.59147501e+00
    7.30469108e-01 8.01032782e-01 6.81304097e-01 6.95505619e-01
    -1.63731515e-01 1.36762762e+00 1.37722790e-01 -2.82298595e-01
    1.26689553e-01 3.31169307e-01 1.35812259e+00 4.93073165e-01
    5.82556129e-02 1.09112453e+00 2.26383030e-01 -6.89541101e-02
    2.68679023e-01 1.49701035e+00 1.53449249e+00 5.43424129e-01
    7.26652145e-02 1.33618450e+00 -3.74579579e-01 4.72270608e-01
    -1.23197615e-01 7.99101055e-01 1.66955733e+00 4.69242096e-01
    9.57324207e-01 6.68884516e-01 1.55750418e+00 1.03977823e+00
    1.43892181e+00 -3.10010076e-01 -1.24454319e-01 5.41232526e-01
    1.21294928e+00 2.83214450e-01 2.92297661e-01 1.17161155e-01
    1.56585169e+00 7.58604527e-01 4.53402162e-01 1.38426852e+00
    2.34304190e-01 -7.21705079e-01 1.56115878e+00 -4.15433735e-01
    1.58835232e-01 2.06385672e-01 3.50713670e-01 1.39971662e+00
    -9.61145163e-02 1.08594489e+00 1.76496279e+00 5.59292734e-01
    -4.01951581e-01 -2.90718466e-01 3.04710865e-02 -2.41158068e-01
    -6.96991742e-01 7.44429052e-01 1.53271472e+00 1.43861389e+00
    7.43472099e-01 1.27401710e-01 9.46497679e-01 8.86752784e-01
    -2.88044065e-01 -4.15650785e-01 8.24505150e-01 -3.02098364e-01
    -1.91588223e-01 4.00330305e-01 -3.43244970e-01 6.80963695e-01
    -2.22255677e-01 5.92894554e-01 4.33444977e-01 3.15298855e-01
    6.84339046e-01 9.37612474e-01 -6.66873813e-01 7.94765055e-01
    -4.64469671e-01 5.54988801e-01 5.91324031e-01 2.22145438e-01
    8.76321495e-01 3.89187574e-01 1.24943161e+00 -4.88595665e-01
    1.16807389e+00 1.53739715e+00 9.45013225e-01 1.19151688e+00
    4.92595851e-01 -3.57100129e-01 1.49567306e-01 7.63565004e-01
    -1.81533754e-01 1.44960916e+00 1.14498365e+00 1.22337890e+00
    6.75937533e-01 -2.21099198e-01 1.58734560e-01 -5.05802274e-01
    1.19913769e+00 7.42476046e-01 4.61385429e-01 -6.83900774e-01
    5.03496349e-01 6.37703001e-01 -5.27265966e-01 1.23345733e+00
    3.73611033e-01 8.21063519e-02 -3.39030027e-02 4.72503006e-01
    5.61245680e-02 4.66642618e-01 2.39810050e-01 7.72151947e-02
    5.37834644e-01 8.13667953e-01 3.36094081e-01 -1.17058694e-01
    1.07785344e-01 -4.90499616e-01 -5.34017086e-02 4.94100869e-01
    -3.82911354e-01 3.99533808e-01 5.46292186e-01 1.28372812e+00
    -5.63628078e-02 9.03964877e-01 4.49882150e-01 -3.37736636e-01
    1.49327707e+00 9.74802554e-01 1.04403317e-01 6.38972819e-01
    1.28242719e+00 1.53938591e+00 -2.93952763e-01 8.12116206e-01
    2.83395946e-01 -1.59319043e-02 -5.55478573e-01 6.88799202e-01
    1.59071493e+00 -3.53414029e-01 1.18437874e+00 9.90917265e-01
    1.06638801e+00 7.19793439e-01 -3.02885473e-01 -4.43235070e-01
    -5.41531444e-01 8.03985417e-01 2.91110992e-01 1.51575994e+00
    6.36190176e-02 1.29033744e-01 7.89806664e-01 4.26122367e-01
    1.66186690e-02 9.47984815e-01 1.05654418e+00 9.40498948e-01
    4.27982926e-01 1.12097478e+00 2.90050507e-01 7.04762578e-01
    -1.72286689e-01 7.95677602e-01 1.14008665e+00 -4.46388215e-01
    -6.80846393e-01 2.26742923e-01 -5.62248468e-01 8.31703961e-01
    8.39534342e-01 8.04078579e-01 9.01576877e-01 2.08490729e-01
    3.68257940e-01 1.40630519e+00 9.64797139e-02 9.43900108e-01
    1.67352962e+00 1.27525675e+00 1.58300853e+00 -1.83975279e-01
    1.07774663e+00 1.76977599e+00 8.90458584e-01 1.06957316e-01
    1.36020255e+00 -1.68774128e-02 1.31444752e+00 6.98228717e-01
    1.52827835e+00 6.43923521e-01 -5.03029227e-02 -4.11359668e-02
    6.99301064e-01 4.29817021e-01 1.31989527e+00 9.46407855e-01
    1.60461235e+00 -5.82751989e-01 1.08677983e-01 1.74896622e+00
    3.19757283e-01 -6.29893303e-01 6.32079899e-01 9.08114433e-01
    -1.38565302e-01 1.21849966e+00 -1.49170339e-01 6.93948507e-01
    -2.60635614e-01 1.29282427e+00 6.75004661e-01 4.39619303e-01
    -3.44271064e-02 1.68253231e+00 4.23821509e-01 1.32070339e+00
    8.06457102e-01 1.62526369e+00 -2.40938574e-01 -5.25404930e-01
    2.18939900e-01 1.54602504e+00 7.62267113e-02 -1.70085013e-01
    1.73715043e+00 -1.61775351e-02 1.02379787e+00 1.27670455e+00
    7.85761595e-01 -1.32501930e-01 7.28364706e-01 1.70486486e+00
    -2.09654570e-01 8.29129100e-01 7.50040412e-01 8.00250590e-01
    1.15692794e+00 -1.79705381e-01 1.01850080e+00 3.18307638e-01
    6.91074133e-02 8.84867787e-01 6.04553521e-01 -5.01703024e-02
    2.26004541e-01 -2.87186861e-01 9.82609749e-01 -5.34195662e-01
    1.37324154e-01 2.36331522e-01 -4.40564752e-02 6.66866839e-01
    -3.70833129e-01 4.96046424e-01 -1.64125621e-01 1.03300071e+00
    8.45581412e-01 9.25597191e-01 5.67946911e-01 -2.40832686e-01
    1.34006000e+00 -1.68509811e-01 1.01305318e+00 1.09554625e+00
    1.55758333e+00 7.78061748e-01 1.23645484e-01 1.56549966e+00
    2.77050436e-01 -8.15801382e-01 1.39743590e+00 1.05926812e-01
    -5.86274147e-01 1.34762764e+00 5.12950957e-01 6.62971377e-01
    -8.07757378e-02 7.76474178e-01 7.13167131e-01 -7.12846994e-01
    1.42887104e+00 6.98459029e-01 9.27259147e-01 1.44454217e+00
    -5.88142276e-01 7.06276834e-01 5.57530165e-01 1.35948622e+00
    6.17471397e-01 -2.89761573e-01 1.11024082e-01 1.64256263e+00
    3.36302757e-01 4.88890886e-01 -4.64283168e-01 8.06063414e-01
    1.34352756e+00 1.08013177e+00 2.33183861e-01 5.56549370e-01
    -2.31460333e-01 9.09405589e-01 1.07141328e+00 -3.65495533e-01
    4.22997475e-02 -6.92548156e-01 1.56176114e+00 -4.60573047e-01
    -3.14446092e-02 4.01639879e-01 2.51854658e-01 3.17004085e-01
    1.74427819e+00 -2.40912199e-01 1.09226954e+00 1.06869608e-01
    -5.26861191e-01 1.19748724e+00 3.14775407e-01 -3.41101021e-01
    9.33356762e-01 1.75815523e-01 7.03019142e-01 -4.26899374e-01
    2.56479084e-01 2.28911817e-01 3.37371647e-01 5.55944204e-01
    5.69892108e-01 -5.83322644e-01 -1.03627086e-01 -2.65672803e-02
    8.19898844e-02 5.53926826e-01 -6.81101084e-01 2.17237115e-01
    2.97061682e-01 1.42562866e+00 9.05897021e-01 9.46958244e-01
    1.11126518e+00 1.32970214e+00 1.44924569e+00 1.15942144e+00
    1.41937995e+00 7.73235977e-01 2.95653462e-01 -1.37443483e-01
    -1.68727875e-01 1.60750508e+00 6.73863888e-02 -3.86008024e-02
    1.13147390e+00 1.56516969e+00 4.40133929e-01 3.68643761e-01
    -3.19172263e-01 3.54088902e-01 1.63877368e+00 1.00666857e+00
    1.50602925e+00 1.24463856e+00 7.09996343e-01 1.44718599e+00
    8.50442410e-01 -1.14691913e-01 1.73198068e+00 1.24594235e+00
    8.29519510e-01 1.84436440e-01 1.07141924e+00 -2.86173284e-01
    1.36238801e+00 1.09881997e-01 -4.04604077e-01 3.65563691e-01
    4.39192414e-01 1.62637115e+00 -4.10038233e-03 1.11254811e-01
    -5.00191689e-01 1.54308152e+00 5.91088831e-01 3.42906773e-01
    1.08368039e+00 1.65124512e+00 1.60837388e+00 -1.24923646e-01
    1.60710526e+00 1.57141733e+00 2.12684333e-01 -4.93652046e-01
    2.53493786e-02 -1.47579908e-01 1.35627794e+00 -1.19408429e-01
    1.69099045e+00 3.89776766e-01 1.38033867e-01 -6.10004067e-02
    7.66512036e-01 -3.93036693e-01 1.25798011e+00 9.43282485e-01
    -5.30147433e-01 5.95554709e-02 8.20954382e-01 1.49664462e-01
    1.16578066e+00 -1.14535272e-01 -5.31522870e-01 1.33979654e+00
    1.17181253e+00 1.39393926e+00 -5.26026368e-01 1.91647530e-01
    3.17621768e-01 5.11301160e-02 -6.73944235e-01 1.71522522e+00
    1.21569967e+00 9.36565340e-01 2.84840703e-01 1.23881698e-01
    -6.36085033e-01 2.78053522e-01 4.36072528e-01 7.74209619e-01
    1.47064877e+00 1.43604457e+00 8.89403343e-01 -3.83058280e-01
    -1.04331374e-02 2.81423926e-01 8.64070952e-01 -3.53387594e-02
    1.23779130e+00 -5.62881529e-01 1.09267187e+00 1.09629440e+00
    7.64217913e-01 5.19954026e-01 6.46599293e-01 1.26795530e+00
    1.21834910e+00 2.06301212e-02 1.16839731e+00 -6.06460094e-01
    5.07247448e-01 -2.60140210e-01 1.53803492e+00 -7.71571457e-01
    1.83337688e-01 -8.10656250e-01 2.66959786e-01 1.73748803e+00
    -2.54566580e-01 3.82302761e-01 -5.04680157e-01 2.53016591e-01
    1.49859905e+00 1.99862719e-01 -4.87325758e-01 -3.39833498e-02
    8.07442009e-01 1.62455261e+00 -3.66620362e-01 5.92244208e-01
    1.12123966e+00 2.40692973e-01 -2.01541096e-01 4.02943730e-01
    -6.80218577e-01 1.07219744e+00 1.08834815e+00 1.65065265e+00
    -7.84840584e-02 7.39652097e-01 1.14816082e+00 9.65406895e-02
    8.57392073e-01 4.21220779e-01 8.42667222e-01 2.43805885e-01
    1.13901186e+00 7.28581786e-01 -2.67118037e-01 2.50487149e-01
    -2.96689272e-02 -2.69215584e-01 1.37645018e+00 -9.18394327e-02
    4.43676174e-01 6.30934656e-01 1.07037497e+00 -3.74778032e-01
    1.64351761e-01 4.45477843e-01 1.41840005e+00 9.76532698e-01
    1.25679636e+00 1.36572361e+00 1.45852757e+00 1.13177645e+00
    1.13351583e+00 1.04135573e-01 -4.08500373e-01 1.42919397e+00
    8.16027641e-01 1.21561360e+00 -1.74813926e-01 5.65869391e-01
    8.11516523e-01 -7.15493321e-01 3.07546079e-01 4.02952433e-01
    3.58038366e-01 6.54688478e-02 5.36840856e-01 -5.42260766e-01
    7.79541433e-01 -4.52533245e-01 -6.48241401e-01 1.38865542e+00
    -6.83424294e-01 -1.01331353e-01 2.07081079e-01 1.53011537e+00
    2.63763130e-01 8.44762444e-01 3.18444431e-01 1.45835686e+00
    4.81703818e-01 1.20706761e+00 -4.78139520e-02 1.54266775e-01
    -4.16045010e-01 1.52461922e+00 -3.78972292e-03 -4.42283809e-01
    1.42009306e+00 1.20036173e+00 9.64527607e-01 -1.70414984e-01
    9.00636375e-01 1.54823899e+00 1.03357649e+00 -5.37307262e-02
    1.69778526e-01 3.25790167e-01 -4.55971837e-01 1.56445932e+00
    -3.92222464e-01 -1.76183820e-01 1.73967886e+00 -8.16008449e-02
    3.11611712e-01 8.87425840e-01 7.00201929e-01 1.08680487e+00
    1.01488352e+00 7.05285788e-01 -7.66729712e-02 4.54294682e-03
    1.31027555e+00 2.37457991e-01 -6.68826103e-02 5.65926313e-01
    -3.76739830e-01 1.14487553e+00 -4.98936653e-01 1.07800615e+00
    -4.01108146e-01 6.43090308e-01 9.08617973e-01 -2.63875425e-01
    4.14051890e-01 1.22621965e+00 1.59307802e+00 1.01113975e-01
    -4.03596848e-01 9.92793143e-01 4.16127384e-01 -2.46380061e-01
    1.56487811e+00 1.48342896e+00 -3.28790367e-01 5.24597526e-01
    9.43157554e-01 -2.32081175e-01 1.40597260e+00 1.98116422e-01
    1.01050568e+00 1.27566051e+00 -2.82172889e-01 -2.84639001e-02
    3.26090932e-01 1.05679607e+00 1.40184939e-01 -8.06902230e-01
    -4.14076447e-01 1.33356547e+00 1.12527442e+00 -5.38124204e-01
    8.77864957e-02 -2.99351364e-01 2.88198888e-01 5.49720824e-01
    3.50444973e-01 1.61928666e+00 6.96397424e-02 4.81243849e-01
    1.08207405e+00 -1.86391771e-01 7.90264547e-01 1.97481990e-01
    -6.19775653e-01 1.40816796e+00 -5.36065638e-01 -1.04720831e-01
    5.58700860e-01 3.49659324e-01 3.88805032e-01 1.47483397e+00
    7.30258822e-01 9.00608301e-03 1.26022577e+00 2.84594774e-01
    3.20317864e-01 6.30654693e-02 7.56402314e-01 -4.28041220e-02
    1.26450706e+00 9.73277032e-01 1.30497444e+00 1.43782592e+00
    1.33412218e+00 1.56024766e+00 1.38637400e+00 -7.16235042e-02
    8.22001934e-01 6.78863108e-01 -6.96918070e-01 -2.21812427e-01
    7.56193995e-01 1.24398637e+00 -1.75372243e-01 9.02553201e-02
    -3.38422030e-01 1.01728058e+00 -4.58204746e-02 2.34215319e-01
    -7.09351599e-01 1.05608964e+00 1.40982223e+00 3.86294603e-01
    5.89666128e-01 1.30036664e+00 -3.74720395e-01 3.70794058e-01
    2.94548273e-01 7.56240070e-01 -3.62121165e-01 1.18015814e+00
    2.36446917e-01 4.76718903e-01 8.62951219e-01 9.73498523e-01
    -5.21625280e-01 5.17010272e-01 -3.24192137e-01 1.66535616e+00
    1.17665362e+00 1.03177142e+00 1.53946137e+00 -7.07519412e-01
    1.68755317e+00 7.93494999e-01 1.37043834e+00 1.51289845e+00
    1.33621287e+00 9.13255632e-01 -4.29274708e-01 3.32410514e-01
    1.06348825e+00 -2.54075170e-01 1.05326176e-01 -6.34653687e-01
    -8.09740007e-01 1.14839971e-01 1.57469630e+00 -6.93235040e-01
    -8.27149570e-01 -2.20633566e-01 -4.18864638e-01 -2.13234425e-01
    1.05967832e+00 8.37156475e-01 6.41245008e-01 4.63704288e-01
    -2.06601620e-03 -6.98765516e-02 7.49675632e-01 -1.04507565e-01
    -2.99245119e-01 1.34183073e+00 4.41339314e-01 -3.46235156e-01
    1.24873209e+00 1.05416000e+00 -1.71021521e-01 1.63631225e+00
    -1.65059090e-01 9.44555998e-02 6.71368837e-01 -1.24374926e-01
    1.59652472e-01 7.28778481e-01 1.33377135e+00 1.43977749e+00
    -2.11901128e-01 1.35851586e+00 1.46647573e+00 6.88419640e-01
    1.58704567e+00 4.85231280e-02 6.58857346e-01 -3.78086269e-01
    3.66902292e-01 1.03873289e+00 5.39983749e-01 -5.66830695e-01
    -4.53110248e-01 -1.06277227e-01 -4.50668633e-01 3.12134504e-01
    -2.43890226e-01 5.47492445e-01 1.00706553e+00 1.03054261e+00
    6.18555844e-01 -9.43619609e-02 -2.64067769e-01 9.14896071e-01
    3.39192033e-01 1.25893176e+00 4.66055512e-01 -6.55628800e-01
    1.06730914e+00 1.53188825e+00 -3.23442519e-01 4.33178186e-01
    7.00157702e-01 4.38969076e-01 1.28002298e+00 1.23048687e+00
    3.93204391e-01 8.72445583e-01 1.75007939e-01 -1.64401531e-01
    1.20916677e+00 2.30432093e-01 1.28031492e-01 5.85350037e-01
    -3.24810117e-01 -4.15160447e-01 1.37272155e+00 1.11123919e+00
    -2.91145951e-01 8.93825054e-01 1.09287834e+00 3.52058291e-01
    2.56789565e-01 1.56715965e+00 -1.88363373e-01 6.14621758e-01
    2.82856941e-01 -5.31448543e-01 -9.52675343e-02 -6.63103461e-02
    1.54269910e+00 1.63711476e+00 1.46239758e+00 1.67424738e-01
    3.44563603e-01 -1.41755760e-01 -3.16535115e-01 2.06473529e-01
    -4.80410099e-01 1.60568094e+00 9.09937501e-01 6.35901511e-01
    1.14496326e+00 1.24647450e+00 -6.14531457e-01 1.29643917e+00
    -8.98175240e-02 -3.30427706e-01 1.09467268e+00 8.67051244e-01
    1.51638460e+00 -4.65514481e-01 1.68176055e+00 9.23812389e-02
    -7.64220655e-02 2.88959146e-02 1.25000060e-01 5.18328249e-01
    -2.16988921e-01 -1.38872564e-01 2.56683052e-01 5.04337013e-01
    2.75844038e-01 1.13780999e+00 -2.35618681e-01 -4.01776016e-01
    1.06391788e+00 1.11736965e+00 4.15065825e-01 7.45235801e-01
    6.98895454e-01 7.33507574e-01 1.15228832e+00 3.91860604e-02
    7.37202585e-01 -1.67815447e-01 1.12023711e+00 3.63493800e-01
    -2.34418511e-02 -1.06623769e-01 8.14300299e-01 1.21852338e-01
    9.96029973e-02 -3.00684780e-01 8.04345727e-01 1.11557710e+00
    4.31459606e-01 2.95303345e-01 8.28222990e-01 8.26023877e-01
    -4.30716515e-01 2.74050951e-01 8.31918418e-01 1.08757734e+00
    1.67794943e+00 -5.59929252e-01 1.20656741e+00 1.01597893e+00
    2.22064257e-01 2.55639076e-01 -5.02477646e-01 1.23233414e+00
    3.14335883e-01 9.37414408e-01 4.41902220e-01 -3.66735518e-01
    1.77273035e-01 4.31721210e-01 3.62060010e-01 -5.13094783e-01
    1.52606249e+00 -4.88339335e-01 8.76406610e-01 -7.12750673e-01
    4.27196622e-01 2.34866440e-01 1.77786708e-01 1.12106109e+00
    4.80680346e-01 1.57839668e+00 1.43931925e-01 1.12705231e-01
    -3.12717646e-01 1.58790207e+00 1.63245976e-01 -6.61143899e-01
    2.51849890e-02 1.62415719e+00 7.03154683e-01 -3.82572144e-01
    -3.40902805e-03 -5.55232048e-01 1.19480264e+00 7.16877580e-02
    2.64996409e-01 3.80407929e-01 1.19570899e+00 -3.56716365e-01
    9.98662770e-01 3.13765943e-01 6.28144562e-01 -1.32105827e-01
    -6.85329676e-01 1.19113803e-01 -4.94551003e-01 -6.86325431e-01
    8.26293826e-02 -2.44376183e-01 1.18765295e-01 1.02898383e+00
    -3.66711557e-01 -1.53414249e-01 1.52267134e+00 7.95445681e-01
    6.92090988e-02 2.06597924e-01 1.75283360e+00 -3.85654092e-01
    1.62377644e+00 -2.29254931e-01 1.25877845e+00 4.03292835e-01
    3.95013690e-01 -5.86810946e-01 -2.58556575e-01 1.17628181e+00
    1.44494677e+00 5.96476793e-01 1.01461279e+00 1.53365159e+00
    1.74712241e-01 9.52995479e-01 1.42689764e-01 1.32565320e+00
    4.10634220e-01 -1.84360534e-01 -4.36210632e-03 7.55986929e-01
    1.00151479e+00 2.58780658e-01 -6.87222362e-01 -6.03491426e-01
    3.15820277e-01 -2.64293075e-01 5.68117797e-01 2.47909069e-01
    1.38254786e+00 1.11894274e+00 1.16631997e+00 -6.69701815e-01
    1.30844092e+00 1.41558933e+00 1.43757331e+00 1.16431141e+00
    1.11310542e-01 2.97779858e-01 8.15690815e-01 6.70633793e-01
    1.62509811e+00 7.33183444e-01 8.69000494e-01 8.30503106e-01
    9.97166038e-02 6.13996983e-02 1.30817711e-01 8.44973564e-01
    1.39330602e+00 1.41924667e+00 9.72279310e-01 6.17980957e-01
    3.40218246e-01 8.20913017e-01 8.71511281e-01 7.82874465e-01
    1.44831264e+00 9.93988335e-01 1.33253777e+00 1.27768278e+00
    7.93201745e-01 -2.40100801e-01 1.43741834e+00 1.09467697e+00
    1.08067513e+00 8.47829938e-01 1.42904711e+00 5.61005652e-01
    -5.03789127e-01 9.87058342e-01 -7.87426591e-01 1.32044411e+00
    -1.86840892e-01 1.03859484e+00 5.11774361e-01 8.88948441e-01
    1.30377793e+00 -3.60684812e-01 1.60024703e-01 1.62688303e+00
    -3.98499966e-01 6.47375822e-01 1.74886203e+00 1.50637531e+00
    -6.12072289e-01 1.22209013e+00 7.90101469e-01 1.36045802e+00
    1.23457336e+00 -2.52013743e-01 4.04411972e-01 1.25551844e+00
    -8.63510370e-02 -5.26544929e-01 3.71575356e-04 5.45092583e-01
    1.29405999e+00 1.36305809e-01 5.74703217e-02 7.24627435e-01
    5.57597399e-01 -7.35196292e-01 1.10664785e+00 1.25703001e+00
    4.43337083e-01 1.09611261e+00 -8.89123082e-02 -2.80998796e-01
    6.67179704e-01 4.49041903e-01 8.21671307e-01 -1.77536011e-01
    1.84700727e-01 1.06058168e+00 1.50658226e+00 1.27624917e+00
    9.05181050e-01 -4.51851159e-01 2.75759935e-01 1.23643911e+00
    1.34915447e+00 3.93325329e-01 1.10750794e+00 2.26331770e-01
    1.47275639e+00 1.33597863e+00 1.19837904e+00 -4.79998678e-01
    -5.39511442e-03 4.91718948e-01 -3.01482856e-01 1.47937119e+00
    -6.46627843e-01 1.06892228e+00 8.64952981e-01 2.89461374e-01
    1.17288017e+00 5.81190944e-01 3.97021413e-01 5.40591896e-01
    -1.95073426e-01 -4.69113261e-01 -1.46344781e-01 2.48472154e-01
    1.30348861e-01 -2.79508352e-01 1.52145970e+00 -4.79952425e-01
    1.08217418e+00 1.20851731e+00 -1.50737405e-01 3.78988385e-01
    1.03695095e-01 1.69278216e+00 3.85274887e-01 7.14745641e-01
    7.95507252e-01 -8.19088221e-02 3.86438549e-01 1.96910083e-01
    1.47481084e+00 5.46580553e-03 -3.12646449e-01 -1.14611626e-01
    1.38134694e+00 -3.88413936e-01 1.25466049e+00 5.89520752e-01
    -5.38803101e-01 1.25658846e+00 -4.19925600e-01 4.20669317e-01
    5.27717471e-02 1.44605589e+00 -5.43295503e-01 -2.14839578e-01
    6.13876879e-01 2.95069516e-01 7.98576593e-01 6.33038282e-01
    -3.22661430e-01 1.36816394e+00 1.26308179e+00 -4.88861084e-01
    -2.15770006e-01 -1.26159191e-03 7.71888912e-01 -3.13605219e-01
    1.81135535e-01 2.02264786e-02 -6.25380695e-01 1.69149017e+00
    -4.40719217e-01 9.46078300e-02 6.23937249e-01 8.39903295e-01
    -6.36416674e-02 -5.37081361e-02 4.19357181e-01 3.88727844e-01
    -5.74972987e-01 6.80054486e-01 2.23279119e-01 -2.43427992e-01
    1.63202238e+00 1.01473856e+00 -6.03299737e-02 1.24235642e+00
    -7.18199015e-01 8.51393998e-01 1.53995216e-01 5.22902489e-01
    -3.47234160e-01 1.18619895e+00 1.92285597e-01 -6.45505846e-01
    8.36756408e-01 -6.14849925e-01 -4.98177409e-02 3.39947104e-01
    6.07850969e-01 -4.38893884e-01 1.05647421e+00 -5.88928103e-01
    1.48959017e+00 -1.51052505e-01 9.19651449e-01 5.00184774e-01
    2.99868286e-01 1.53410721e+00 3.37767422e-01 -4.64118153e-01
    1.02450132e+00 4.35700238e-01 1.15737557e+00 -3.54229629e-01
    7.32533753e-01 3.70455146e-01 1.26298070e+00 6.20408535e-01
    5.38228512e-01 1.78373098e+00 -1.88144326e-01 1.41542363e+00
    7.94319212e-01 3.42203856e-01 1.51864052e+00 1.64801049e+00
    9.83695805e-01 2.56568491e-01 -1.38163358e-01 1.82964039e+00
    7.20981181e-01 -3.67695630e-01 1.29662991e-01 -4.28577721e-01
    1.01250815e+00 1.36784804e+00 7.41880298e-01 8.20090771e-01
    3.54277790e-01 1.06820643e+00 1.25506711e+00 7.10774899e-01
    1.42411804e+00 6.29348993e-01 1.08832920e+00 1.47968411e-01
    9.44312215e-01 1.56080747e+00 7.30005860e-01 2.70932317e-01
    -5.66806972e-01 1.20524585e-01 1.57733989e+00 -4.96049613e-01
    3.55068505e-01 8.88141453e-01 1.39136839e+00 1.11635149e+00
    4.22486722e-01 1.36040378e+00 -1.06658340e-01 1.09647667e+00
    2.66529441e-01 6.42609000e-02 1.15697694e+00 -5.36510348e-01
    -3.70453000e-02 -7.44152308e-01 8.44914496e-01 1.18931878e+00
    1.25522423e+00 5.25837839e-01 6.84073210e-01 1.34203076e+00
    7.03412712e-01 1.01274610e+00 1.07066190e+00 1.66851747e+00
    -2.70515829e-01 4.59572554e-01 -3.96373153e-01 -1.37431502e-01
    -3.82124513e-01 -1.08131707e-01 -3.84320349e-01 -7.98077583e-02
    1.43886518e+00 1.26713705e+00 -7.85266161e-02 6.42691553e-01
    1.50150645e+00 2.63828099e-01 1.12240577e+00 4.84223604e-01
    -1.97945952e-01 5.84840536e-01 1.29714656e+00 1.51333427e+00
    5.53974330e-01 1.02720141e-01 1.60947275e+00 -6.44171536e-01
    3.45809698e-01 8.68858337e-01 1.16458678e+00 -6.31028950e-01
    1.13633537e+00 1.08485579e+00 1.25492525e+00 6.49755239e-01
    -4.22513247e-01 1.16679144e+00 6.54909074e-01 1.69446731e+00
    1.77468324e+00 -3.49429846e-01 -6.76840544e-03 1.04096043e+00
    4.96457458e-01 1.17995501e+00 1.48857248e+00 1.27010226e+00
    -2.68457532e-02 1.16557348e+00 6.85394645e-01 1.70942259e+00
    -3.00228894e-01 9.74551678e-01 -5.60588241e-01 7.22146630e-01
    7.17569709e-01 9.90917921e-01 4.04420853e-01 1.17088985e+00
    -3.05965871e-01 1.37161374e+00 1.03280485e-01 7.57890463e-01
    -5.85917234e-01 8.04535210e-01 7.80982435e-01 7.95071006e-01
    -2.20451951e-02 1.69302273e+00 -3.56674403e-01 1.25681591e+00
    2.15105295e-01 5.51396787e-01 -1.83484554e-02 1.20607257e+00
    -2.15038717e-01 4.72106218e-01 4.25621092e-01 9.69571531e-01
    6.18661642e-01 1.55915403e+00 2.77716994e-01 -2.08190143e-01
    -2.10436642e-01 9.78928328e-01 1.29945910e+00 8.01348269e-01
    -4.17951822e-01 2.64416814e-01 1.22353315e-01 1.34102392e+00
    3.46389830e-01 7.55373180e-01 8.67099345e-01 8.28709602e-02
    1.06905675e+00 1.52860928e+00 -4.07218575e-01 -1.66310191e-01
    6.91304564e-01 -5.67090511e-02 -1.01395667e-01 3.67730856e-01
    4.53337371e-01 1.00581312e+00 1.13542175e+00 4.98431563e-01
    -7.30590105e-01 -2.33617276e-01 4.70701158e-01 2.04439580e-01
    1.15881026e-01 -5.02096176e-01 -1.42000109e-01 1.12885225e+00
    -1.52787268e-01 1.13955426e+00 -8.58861804e-02 8.56304824e-01
    1.71875536e+00 -4.72011864e-01 -3.14943522e-01 1.34763908e+00
    2.46174335e-02 5.05221963e-01 4.68674004e-01 1.48499155e+00
    1.16232252e+00 1.33075356e+00 1.56278014e+00 -4.66054678e-03
    8.91420603e-01 1.24587679e+00 1.13983607e+00 -5.87768734e-01
    7.15287268e-01 9.51229095e-01 8.09483409e-01 1.55403328e+00
    -4.94174659e-01 -4.79870021e-01 1.36056328e+00 5.16413391e-01
    1.21981001e+00 -1.15499258e-01 6.95027709e-01 6.18328512e-01
    -1.48998499e-01 4.46010947e-01 -6.20559633e-01 1.23143351e+00
    1.32271099e+00 1.33425474e+00 5.47542751e-01 -4.41962302e-01
    1.25828290e+00 -5.66287339e-01 1.77477908e+00 5.79026401e-01
    2.51353204e-01 1.03207874e+00 8.22312891e-01 -1.58075571e-01
    7.36521959e-01 1.56657660e+00 1.21011162e+00 1.51139760e+00
    8.41236472e-01 1.59420776e+00 3.72486830e-01 1.49877667e+00
    1.76575732e+00 1.54590011e-02 -1.76343083e-01 1.64533722e+00
    2.80420542e-01 8.16591024e-01 1.32523894e-01 9.15084720e-01
    -7.17195272e-02 9.13133562e-01 1.44729185e+00 5.95244288e-01
    5.59237778e-01 5.43286026e-01 1.54823363e-01 1.15026402e+00
    -2.86492169e-01 1.45213008e-02 -9.38707590e-03 2.62133539e-01
    -5.57107687e-01 -3.29421610e-01 8.64734888e-01 -1.27026737e-01
    1.10131669e+00 7.56943882e-01 8.68624985e-01 4.33691978e-01
    -6.18948698e-01 1.42716169e-01 2.28685617e-01 5.20781815e-01
    1.36265540e+00 -3.68470639e-01 1.29839063e+00 1.26116920e+00
    -2.53913403e-02 -1.31403327e-01 -4.04660702e-01 -1.50454789e-01
    1.10708618e+00 1.47734404e-01 7.01469302e-01 9.14440870e-01
    -6.62652612e-01 -6.79238379e-01 9.36384976e-01 1.06527019e+00
    8.34481716e-02 -3.18205506e-01 -6.55535698e-01 -5.01858532e-01
    -5.48522353e-01 1.11045110e+00 -2.69018114e-01 -4.95075583e-02
    -7.18783915e-01 -5.67408621e-01 7.57095575e-01 1.24764502e-01
    6.61355853e-02 -2.32497394e-01 1.24268842e+00 1.33401990e+00
    -6.38805270e-01 9.00969625e-01 1.38638508e+00 1.58146572e+00
    1.36976480e+00 4.54736829e-01 -8.22276473e-02 1.46336830e+00
    9.26964700e-01 7.00582266e-01 1.49231577e+00 1.14826131e+00
    1.22802937e+00 1.35643339e+00 4.72256243e-01 2.30996370e-01
    5.79881668e-02 1.09699082e+00 -3.00795138e-01 -2.39004552e-01
    1.01325691e+00 1.32046497e+00 -1.61488116e-01 5.42626619e-01
    5.41764140e-01 1.17067099e-02 -2.65069604e-02 1.71201372e+00
    4.10435379e-01 4.23694849e-01 1.05056179e+00 6.93554699e-01
    -4.06683058e-01 -3.07948440e-01 8.29768181e-01 9.02701020e-01
    -9.97102261e-03 1.01527476e+00 -7.88027763e-01 1.40506697e+00
    6.91864073e-01 7.60607600e-01 4.24877942e-01 1.37508655e+00
    -8.39567184e-02 -3.14866573e-01 4.63362634e-01 8.24122250e-01
    1.16947341e+00 1.42495227e+00 1.34248221e+00 -7.42129683e-01
    4.46314216e-01 1.45377409e+00 1.38152027e+00 1.32979143e+00
    -1.29687488e-01 -1.74826026e-01 -5.82244396e-01 5.38228393e-01
    6.36486351e-01 -5.81757367e-01 9.51022804e-01 3.21575999e-01
    -1.52579367e-01 -3.96157086e-01 2.90545940e-01 -1.52020037e-01
    3.90507638e-01 -3.65195841e-01 5.28244317e-01 9.87527549e-01
    5.50955713e-01 1.67880523e+00 -2.37606406e-01 1.61564541e+00
    8.19924951e-01 6.96627438e-01 -1.58412635e-01 5.48338115e-01
    -2.92978942e-01 2.61829615e-01 3.29038143e-01 1.54266357e-01
    7.51109958e-01 -1.78550720e-01 1.73100746e+00 8.95812511e-01
    -4.68261957e-01 -5.74916840e-01 3.27563763e-01 4.17909741e-01
    1.39612985e+00 5.66642523e-01 1.14325953e+00 -4.25459623e-01
    -1.54450357e-01 1.49682617e+00 1.31604409e+00 -1.79045796e-01
    3.20773125e-01 1.88684642e-01 2.27566063e-01 6.19933009e-01
    9.98551071e-01 -6.67272925e-01 -5.31208515e-01 1.67505360e+00
    -3.59019220e-01 -3.27858925e-02 1.37774706e+00 1.63198209e+00
    7.31551588e-01 1.36273324e-01 8.10223401e-01 2.57361770e-01
    -6.62168205e-01 1.59071326e-01 1.21455038e+00 1.51074266e+00
    9.95917022e-01 1.09430861e+00 1.74036920e+00 3.32975030e-01
    7.75801659e-01 -3.70183945e-01 6.72374666e-01 9.27692175e-01
    4.49974060e-01 2.50196815e-01 1.37553811e+00 1.20329857e+00
    1.24954391e+00 7.03702033e-01 1.20975733e+00 2.49375701e-01
    5.33011496e-01 -4.69369292e-02 2.91974962e-01 4.97655392e-01
    -4.37120825e-01 1.55683827e+00 -6.44897580e-01 6.24939382e-01
    -5.71429372e-01 -2.10429728e-01 -6.92648470e-01 1.99467123e-01
    1.09696496e+00 9.98441160e-01 9.74643588e-01 -4.34885740e-01
    7.01599181e-01 1.36774170e+00 9.24630761e-02 4.27608609e-01
    7.07902193e-01 1.70112383e+00 1.14495802e+00 -4.00751233e-02
    5.98640680e-01 1.43267953e+00 1.34451258e+00 -3.60885859e-02
    1.43043160e+00 3.46644282e-01 2.40142047e-01 1.41193557e+00
    -2.40158498e-01 9.89537954e-01 1.40017593e+00 1.14318419e+00
    -4.40029025e-01 3.17968607e-01 1.65091681e+00 8.48062396e-01
    8.31574321e-01 8.92939031e-01 5.05596101e-01 -3.78562272e-01
    3.20033789e-01 3.30150008e-01 -5.09216428e-01 1.25609565e+00
    3.01126599e-01 9.26992536e-01 7.95647860e-01 1.47536755e+00
    -4.76985574e-02 4.34810519e-01 9.16123152e-01 7.39264965e-01
    -4.67116177e-01 1.04691625e+00 1.38977146e+00 -4.87308174e-01
    1.64265800e+00 9.29841220e-01 -5.98462045e-01 -1.94915771e-01
    1.55055237e+00 -2.95957386e-01 1.63651633e+00 -3.61540914e-02
    -3.60846907e-01 -5.16763747e-01 1.16459775e+00 6.40101612e-01
    5.44465899e-01 1.60826814e+00 1.59430528e+00 1.53491426e+00
    1.31529796e+00 -2.27790505e-01 1.29759765e+00 4.33136702e-01
    9.83118057e-01 1.05000079e+00 9.73073125e-01 2.21385241e-01
    -4.70008671e-01 3.67956340e-01 1.44477427e-01 -2.50690073e-01
    1.57653153e+00 -6.22695923e-01 7.96145976e-01 -2.58318037e-01
    3.27629983e-01 1.31915331e+00 -1.37203217e-01 -3.59823048e-01
    -1.38655305e-02 1.35951352e+00 1.65420997e+00 2.77202368e-01
    1.34014916e+00 9.64579999e-01 -7.26726532e-01 1.37536216e+00
    1.09021401e+00 -5.45699179e-01 3.25284243e-01 1.63608003e+00
    2.35163152e-01 1.20320845e+00 2.24638581e-01 1.00889993e+00
    1.36487722e+00 -5.13203919e-01 3.56247425e-02 -5.49042940e-01
    6.81513071e-01 1.50649810e+00 -8.91592503e-02 7.07236886e-01
    1.01700497e+00 2.90629089e-01 8.70783150e-01 4.51076031e-02
    -1.85122669e-01 -4.71218258e-01 5.26490927e-01 8.27194273e-01
    8.20298851e-01 1.17800379e+00 1.04720283e+00 6.53910398e-01
    1.94924414e-01 5.83041966e-01 2.77898908e-02 1.31462836e+00
    9.87137973e-01 4.38215375e-01 1.24262547e+00 1.43229318e+00
    1.16206932e+00 9.87114012e-01 -6.28501058e-01 4.69458818e-01
    2.18299866e-01 -5.81340373e-01 5.34538865e-01 1.25343227e+00
    4.01874542e-01 -5.15011668e-01 7.41286874e-02 6.55265689e-01
    -4.61507499e-01 1.55974698e+00 1.42488956e+00 5.95684946e-01
    -1.81166470e-01 1.25746894e+00 4.53095913e-01 1.55089617e+00
    3.68319094e-01 -6.38988912e-01 -2.01304436e-01 -4.55698609e-01
    9.15034294e-01 -6.30552351e-01 1.26839292e+00 1.24370158e-01
    -3.40605915e-01 4.99512374e-01 1.35819197e+00 2.97467411e-01
    -8.32787812e-01 -3.65904808e-01 1.32043874e+00 8.70972276e-01
    -8.45560908e-01 1.32627296e+00 1.44668722e+00 6.41197264e-01
    9.52960968e-01 -5.72202981e-01 3.68344188e-01 8.94660354e-02
    -4.25276399e-01 1.04041231e+00 4.81170535e-01 -6.81669712e-01
    1.98894441e-01 1.08920336e+00 9.50575352e-01 -5.22872746e-01
    -1.91453874e-01 5.68334103e-01 3.66081595e-02 2.88123786e-01
    5.07079303e-01 -3.14713210e-01 1.48733711e+00 1.57296920e+00
    6.65729761e-01 2.31164813e-01 -5.15688419e-01 1.15301824e+00
    1.13920450e-01 -5.81770480e-01 -1.90149307e-01 1.70137179e+00
    8.56744230e-01 -5.33188701e-01 8.43735218e-01 1.12549806e+00
    1.13531923e+00 1.07265627e+00 1.53122258e+00 -1.70650840e-01
    1.15438890e+00 -1.92301035e-01 -5.83040595e-01 -6.30189776e-01
    5.52718878e-01 -1.47206604e-01 1.25588298e+00 1.21447730e+00
    7.40779877e-01 1.26317012e+00 8.62883985e-01 1.68066204e+00
    1.10806668e+00 8.52915108e-01 5.97811043e-01 -2.24311709e-01
    1.41340661e+00 1.06036401e+00 4.62435007e-01 -1.12116694e-01
    1.04254639e+00 7.42379487e-01 8.72248411e-03 -5.75647354e-02
    4.02531028e-02 2.37902999e-02 1.22678018e+00 7.98850417e-01
    -5.27230263e-01 1.57740283e+00 5.68653524e-01 4.94022965e-01
    -2.04420269e-01 3.97225440e-01 4.06312287e-01 5.56611776e-01
    2.15813696e-01 -3.47892612e-01 4.28999841e-01 -3.11070412e-01
    7.46098578e-01 1.21766949e+00 5.77991605e-02 1.38070345e+00
    1.49116302e+00 5.46306610e-01 1.22855282e+00 2.01807618e-01
    1.01142681e+00 1.34108114e+00 6.09981418e-01 5.80947340e-01
    9.67888415e-01 -7.12448359e-03 -5.78532457e-01 8.86824012e-01
    1.40501332e+00 -7.15724349e-01 1.04485941e+00 1.19794846e+00
    -6.42265141e-01 8.43201697e-01 -5.71407855e-01 -6.57610893e-02
    2.21378028e-01 -3.53590578e-01 1.47801876e+00 -4.66562182e-01
    1.32796073e+00 7.15677619e-01 -3.92460704e-01 -4.07107234e-01
    6.16307318e-01 3.23888063e-02 3.24299037e-01 4.69976962e-01
    -5.91576695e-02 -7.27714777e-01 -6.26629591e-03 4.26849425e-01
    -4.26009476e-01 4.95228708e-01 7.51081586e-01 5.49623907e-01
    -2.79950798e-01 -4.82126981e-01 2.60926902e-01 -5.92737436e-01
    6.39970362e-01 7.98502564e-02 1.18625951e+00 9.92244065e-01
    1.24392009e+00 2.27295935e-01 -1.97939932e-01 -5.04174888e-01
    1.29045522e+00 2.55061388e-01 -7.72399306e-01 5.97434580e-01
    -3.38157415e-02 1.54424763e+00 -4.83369231e-02 1.47215784e+00
    1.64124131e-01 1.65944052e+00 1.40494514e+00 -4.05179977e-01
    7.64725685e-01 2.77914882e-01 3.79357576e-01 -2.11955547e-01
    8.53463411e-02 1.17420006e+00 7.34603167e-01 2.03178227e-01
    4.75744069e-01 7.35019445e-01 -3.08843553e-01 1.35846615e+00
    1.50444746e-01 3.10850441e-01 1.21859813e+00 1.02229142e+00
    1.75308180e+00 6.62274480e-01 1.46827471e+00 -1.57017678e-01
    1.00365496e+00 7.50428557e-01 1.96277380e-01 9.72289026e-01
    1.26030087e+00 5.22181451e-01 1.13012338e+00 6.92642152e-01
    9.81318653e-01 2.51565874e-01 -5.80003023e-01 -6.66109264e-01
    5.31256199e-04 1.25122643e+00 1.90990269e-01 6.85245991e-02
    4.81927335e-01 3.10294688e-01 6.02260053e-01 1.17409229e+00
    9.39102769e-01 -5.75253129e-01 -5.99364936e-01 1.57619333e+00
    1.22168159e+00 1.16109216e+00 7.92149723e-01 1.61559641e-01
    7.36845195e-01 7.78661966e-02 -4.27063555e-01 1.61584949e+00
    1.30618501e+00 1.43840015e+00 -4.21102732e-01 -3.73027414e-01
    1.27875483e+00 6.52174950e-01 -1.08858228e-01 1.21063888e+00
    5.40006697e-01 5.30738831e-01 6.28123879e-02 3.03642273e-01
    -2.50397205e-01 1.42192817e+00 8.14417660e-01 7.29248583e-01
    -4.22809064e-01 1.68659663e+00 -2.33733833e-01 -7.25030601e-01
    1.41012216e+00 3.77893448e-03 7.37109065e-01 -5.76383531e-01
    4.18356001e-01 1.05013323e+00 -1.65732175e-01 1.18493605e+00
    2.77523279e-01 9.55787480e-01 1.61492324e+00 -5.24847507e-01
    7.03673601e-01 1.72495651e+00 3.68812859e-01 7.34058857e-01
    -5.10467529e-01 1.17225575e+00 7.36441672e-01 -1.59646571e-01
    5.16790390e-01 2.29688704e-01 -3.11833769e-01 1.62998462e+00
    -1.73459560e-01 1.59269619e+00 5.26045144e-01 -3.56282592e-02
    -6.80523098e-01 1.17724729e+00 6.99852169e-01 5.20780683e-01
    8.27623129e-01 -3.82318169e-01 1.42598772e+00 6.46692693e-01
    8.93943727e-01 8.09551239e-01 2.06964910e-01 1.46098208e+00
    3.27650309e-02 -3.53520244e-01 6.74526870e-01 -4.52033252e-01
    3.24795544e-01 8.93225074e-02 1.17282808e-01 3.32220733e-01
    -7.21920729e-02 3.16266477e-01 1.36829209e+00 -4.89775896e-01
    9.60336328e-01 9.86359596e-01 1.00233781e+00 -1.44858599e-01
    -3.94600213e-01 1.21218812e+00 9.83073473e-01 -6.58506513e-01
    2.61422157e-01 1.19624734e+00 -4.34344769e-01 6.10528529e-01
    8.06095064e-01 4.27067816e-01 -3.72547507e-02 1.56994808e+00
    5.19994795e-01 -1.83056951e-01 1.34043109e+00 6.35778964e-01
    1.15487456e+00 1.57434654e+00 1.31114340e+00 -2.95047462e-01
    1.08506227e+00 -3.75484467e-01 6.80791020e-01 1.49230421e+00
    -1.86845958e-01 -7.48222888e-01 1.55643439e+00 -1.09285235e-01
    1.12543583e+00 -7.75046349e-01 1.41217601e+00 1.17832530e+00
    -1.99836671e-01 -7.53425777e-01 -1.15102708e-01 1.61386132e-02
    5.33758998e-02 1.56921434e+00 1.21193194e+00 6.40060008e-01
    8.44265044e-01 4.50601876e-01 1.44508481e-01 6.13012969e-01
    -1.89656705e-01 2.41952240e-01 -3.74710560e-03 1.59075236e+00
    1.70990407e-01 -4.48829979e-01 1.23464835e+00 1.08959055e+00
    -3.06915045e-01 1.19721842e+00 3.14133167e-02 2.34466791e-02
    9.62897539e-02 1.40949762e+00 -3.61208677e-01 1.43680060e+00
    3.00408304e-01 4.93014097e-01 1.47987485e+00 1.54822111e-01
    2.65044868e-01 -9.28774476e-02 1.02060509e+00 1.51104832e+00
    1.55979002e+00 2.83814192e-01 5.15441358e-01 1.21375203e+00
    2.47263432e-01 -5.00081658e-01 9.67559278e-01 1.37201452e+00
    1.40712273e+00 -5.44676900e-01 -4.02036101e-01 6.31820023e-01
    1.08004272e-01 9.34604108e-01 8.96960318e-01 2.13840008e-01
    8.49270880e-01 3.29024494e-01 1.05055475e+00 -6.17082119e-01
    1.56325126e+00 1.35585189e+00 -3.52108687e-01 1.41603994e+00
    -3.64228517e-01 7.51167834e-01 5.46951294e-02 1.28513670e+00
    1.61362588e+00 1.04416609e+00 -1.14419639e-01 1.96768403e-01
    5.96263051e-01 -2.03424871e-01 8.52797627e-01 6.87023759e-01
    -4.09151316e-01 5.22365034e-01 1.17818046e+00 7.85303116e-02
    -6.81247115e-02 5.74608386e-01 -4.45328981e-01 3.54706347e-01
    6.20864868e-01 -1.86945319e-01 -3.33538502e-01 -1.36345148e-01
    3.47343266e-01 1.64251602e+00 1.60366011e+00 1.29029083e+00
    1.22144794e+00 6.23370409e-01 3.76816630e-01 1.23997092e+00
    1.91524148e-01 -5.75935483e-01 1.62006438e-01 1.29242492e+00
    3.95043015e-01 -3.01078051e-01 3.12758744e-01 3.19399297e-01
    -3.30837429e-01 1.22270346e+00 3.64850879e-01 6.06493294e-01
    6.70607090e-02 -5.39303899e-01 1.28307188e+00 8.52283418e-01
    -6.67382956e-01 -3.09250355e-02 5.09329796e-01 1.10159969e+00
    6.21263504e-01 -6.80980265e-01 1.24389267e+00 6.46176875e-01
    -3.99040073e-01 -2.30764240e-01 6.93298638e-01 1.96011961e-01
    1.18011498e+00 -5.31388938e-01 1.46819198e+00 -4.96957719e-01
    2.45633602e-01 -1.49937689e-01 1.66562331e+00 1.44338131e+00
    -5.44424653e-02 1.25026941e+00 4.15086627e-01 8.72379601e-01
    8.50810111e-01 1.49186170e+00 5.64351976e-01 -9.95607972e-02
    9.20279443e-01 -2.00764298e-01 1.11988580e+00 -2.47515559e-01
    -1.45414948e-01 6.97138906e-02 1.53694224e+00 1.21183121e+00
    -5.16419470e-01 8.54846478e-01 3.42586398e-01 9.46011066e-01
    -5.47740400e-01 1.18408012e+00 -6.32448554e-01 -5.29464960e-01
    1.60194063e+00 1.20310378e+00 -6.08436525e-01 1.25172973e+00
    6.94481611e-01 -5.37576199e-01 1.18728566e+00 4.86231089e-01
    -1.58000469e-01 -4.19531226e-01 5.16967356e-01 1.57995355e+00
    -7.48952389e-01 1.38213754e-01 -9.49863791e-02 3.19748223e-01
    -2.91943789e-01 -1.15751565e-01 1.17751133e+00 7.11382449e-01
    7.82691002e-01 7.24697948e-01 5.37530959e-01 6.15503728e-01
    -5.78433216e-01 2.12097168e-01 8.93670201e-01 -5.41847348e-01
    1.06935680e-01 -6.04406595e-02 1.84075415e-01 1.36391878e-01
    1.44060755e+00 2.85584390e-01 -7.56409764e-02 -3.50949466e-01
    5.41019559e-01 -4.31263447e-03 -4.39907134e-01 2.37050235e-01
    9.32313859e-01 9.16754603e-01 1.62672138e+00 3.34467888e-01
    1.47212839e+00 -4.82078642e-01 9.27561104e-01 8.88540924e-01
    3.50183249e-03 8.57075632e-01 1.47461677e+00 1.03116107e+00
    7.80100465e-01 1.03196573e+00 -1.96871519e-01 1.50902247e+00
    1.44177508e+00 1.43017602e+00 3.53671968e-01 3.84897470e-01
    -1.94569468e-01 1.78353834e+00 7.05280602e-01 1.30679011e+00
    1.07595992e+00 -7.04828501e-02 1.41627967e-01 8.12931776e-01
    1.33431208e+00 -6.27965510e-01 1.25341940e+00 1.39481962e+00
    -5.55640221e-01 2.41821408e-02 -4.08051878e-01 -3.96184176e-01
    1.03781128e+00 1.45090079e+00 -5.07968664e-02 -4.59294856e-01
    -2.91624993e-01 1.76148438e+00 6.05958998e-01 -2.76304901e-01
    -2.10883975e-01 1.43211961e+00 -4.39151943e-01 -6.46819711e-01
    -2.00074434e-01 1.49512827e-01 -1.83795989e-01 1.24003386e+00
    -4.18870926e-01 -2.05120206e-01 1.07929146e+00 6.57963216e-01
    9.48567629e-01 1.28771448e+00 1.28937435e+00 1.37145114e+00
    -6.59731627e-01 9.54934955e-01 5.35866380e-01 -5.16185939e-01
    1.56171584e+00 7.90405869e-02 1.12685752e+00 9.41995442e-01
    1.18041515e-01 3.19813788e-01 -4.70878065e-01 -2.66073167e-01
    5.90389013e-01 1.61839700e+00 -5.61131001e-01 1.91745651e+00
    5.99451959e-01 -6.48066401e-02 2.63825297e-01 1.27612090e+00
    9.66692150e-01 1.07419872e+00 4.19474840e-02 1.21884179e+00
    -6.42275333e-01 1.41441166e+00 1.62146688e+00 1.20342612e+00
    1.49761891e+00 4.99090374e-01 4.54496384e-01 2.90675998e-01
    1.55430257e-01 -2.03773052e-01 -4.43809420e-01 1.04726434e+00
    1.38168180e+00 2.41085589e-01 1.24750495e+00 -3.10805619e-01
    1.49315047e+00 -8.44265461e-01 7.17535496e-01 1.11636853e+00
    -3.72991651e-01 8.12351942e-01 8.33942890e-01 1.04414082e+00
    1.02443957e+00 1.28715360e+00 1.23632503e+00 8.48123431e-01
    -4.78218079e-01 1.01076710e+00 -4.92849350e-02 4.25449073e-01
    1.12423992e+00 1.30221295e+00 1.15085495e+00 8.19357157e-01
    1.17462552e+00 1.14234805e-01 1.45755708e+00 1.42606926e+00
    4.37566698e-01 6.87432647e-01 -1.77909374e-01 2.67694890e-01
    1.74137294e-01 1.49932384e-01 1.34311748e+00 1.99529588e-01
    3.55805159e-01 1.38096237e+00 1.70299387e+00 1.00354862e+00
    1.37246490e-01 1.44996428e+00 9.79961693e-01 2.58074403e-02
    7.43444920e-01 1.42925119e+00 1.44174349e+00 4.66386378e-01
    3.81464064e-01 6.51344359e-01 4.81657326e-01 9.70430672e-01
    1.42811155e+00 1.86872244e-01 8.67438972e-01 9.41898048e-01
    8.49864185e-01 -3.50181669e-01 4.47930992e-01 4.34910893e-01
    -2.05330729e-01 1.62830055e-01 -3.75034630e-01 2.97606111e-01
    1.63486910e+00 2.59041905e-01 9.78547871e-01 9.27760422e-01
    1.16923451e+00 1.53315699e+00 -4.83588874e-01 7.10504651e-01
    1.02704740e+00 8.59357953e-01 2.94196606e-02 1.26090479e+00
    -3.03106844e-01 -6.33602262e-01 -8.49265456e-02 4.92850959e-01
    -5.42611420e-01 -5.58529913e-01 1.17418170e-01 1.66669369e+00
    9.45690453e-01 9.04336691e-01 1.19930816e+00 2.00879216e-01
    7.77829885e-02 5.69528162e-01 -8.44396412e-01 1.38334966e+00
    1.55947638e+00 -1.27528310e-01 -1.86488152e-01 1.40408540e+00
    1.34386194e+00 1.46099138e+00 -6.81825399e-01 -1.93126619e-01
    1.65240777e+00 -3.88500869e-01 -6.66182995e-01 7.07271278e-01
    5.95057964e-01 -1.14969194e-01 4.55701709e-01 1.51442409e+00
    1.21024108e+00 3.60602438e-01 5.60048580e-01 1.30178750e+00
    -7.91066289e-02 4.60438192e-01 8.10436904e-01 1.78552389e-01
    1.54513133e+00 -3.68158072e-01 8.10840309e-01 -9.12145972e-02
    2.64917314e-01 2.97484696e-01 1.03041053e-01 1.62875891e+00
    1.00856781e+00 7.18361378e-01 1.09485030e+00 4.59189415e-02
    -2.86387950e-01 -2.08786428e-01 1.67099094e+00 -3.74930501e-02
    1.61564195e+00 2.81079233e-01 1.63762498e+00 2.92836368e-01
    -2.74112374e-01 6.09794259e-01 9.66066420e-01 5.03124297e-01
    -3.57002437e-01 -5.97691715e-01 1.45509124e+00 6.09391272e-01
    7.35447705e-01 2.36647129e-02 3.79710078e-01 -4.06435221e-01
    5.53965211e-01 6.84804022e-01 7.39706933e-01 -4.00181502e-01
    2.79115379e-01 2.85996914e-01 7.68748641e-01 4.79988456e-01
    1.82107508e+00 6.72008276e-01 -6.14949882e-01 1.00730395e+00
    -3.40393007e-01 5.68228602e-01 -2.83074379e-03 3.66633415e-01
    -8.86158943e-02 1.73692918e+00 9.76546884e-01 1.65499759e+00
    1.46418929e+00 -6.42270148e-01 1.44150436e-01 -4.52248275e-01
    1.55056298e-01 -7.00882554e-01 -6.03771031e-01 1.28598022e+00
    1.33619833e+00 1.48839641e+00 -4.98917699e-01 1.11217833e+00
    6.74841464e-01 -5.41464508e-01 1.43831265e+00 2.91826606e-01
    8.91887605e-01 1.91903651e-01 1.60772586e+00 7.17253089e-02
    1.20107269e+00 -1.79174602e-01 -2.31955171e-01 -1.62267447e-01
    1.52052021e+00 1.37466264e+00 -7.18232393e-02 4.16382372e-01
    1.18155539e+00 1.04058301e+00 1.36125386e-01 1.01944757e+00
    8.89009237e-03 1.03298903e+00 -5.78460813e-01 7.93546140e-01
    8.97654891e-02 1.39453053e+00 7.99961567e-01 1.30485201e+00
    8.00305545e-01 9.82203484e-01 -4.00734812e-01 -7.15681314e-02
    1.47020841e+00 -3.14323515e-01 8.43428671e-01 1.28820348e+00
    -5.60633540e-01 2.02401817e-01 1.02614737e+00 8.59466195e-02
    -1.34385884e-01 1.61182976e+00 9.96433675e-01 1.49868250e-01
    9.06444550e-01 7.30535507e-01 1.48722529e+00 4.85808611e-01
    5.37242174e-01 1.03635192e+00 8.54831934e-02 3.51802707e-01
    6.62417650e-01 4.42353427e-01 -3.10531855e-02 2.86154687e-01
    -2.98030972e-02 -4.47638601e-01 1.15776324e+00 9.35850084e-01
    1.04263115e+00 -1.25494599e-01 -2.97553957e-01 8.46221566e-01
    -5.89564323e-01 6.71402931e-01 2.00329125e-01 -6.82235539e-01
    1.34184253e+00 -3.59147966e-01 1.16236889e+00 -2.89667696e-01
    1.66691279e+00 3.41467917e-01 6.14041209e-01 9.19503689e-01
    8.77269208e-01 -4.73579794e-01 -4.16680068e-01 1.39005780e+00
    8.63437712e-01 1.48179293e-01 1.19810486e+00 8.57203901e-01
    4.03418839e-01 1.34874582e+00 1.13172412e+00 9.20715332e-02
    1.50346744e+00 7.93542624e-01 2.21833229e-01 1.06691694e+00
    1.02314556e+00 -1.45599544e-01 2.37632036e-01 1.34784353e+00
    1.26697707e+00 1.55633688e+00 2.21730530e-01 -6.02304041e-01
    1.28587580e+00 -5.82379937e-01 4.05476689e-02 1.50768399e-01
    1.41751599e+00 4.94706511e-01 6.89656258e-01 5.19849658e-01
    1.23431385e-01 1.92949116e-01 1.40238595e+00 1.47912443e-01
    -1.05375648e-01 3.84965062e-01 1.36417890e+00 6.85400844e-01
    -6.86101317e-01 -3.61876160e-01 -4.74016070e-01 2.12789059e-01
    1.15078819e+00 -3.94607753e-01 8.53756428e-01 7.39854634e-01
    -3.91447544e-02 3.14529479e-01 1.57368219e+00 -2.39948273e-01
    -3.42476726e-01 -5.45506001e-01 -2.25904584e-02 1.19664669e+00
    -3.21310759e-03 3.77770662e-01 8.92204642e-02 4.42193925e-01
    8.31973791e-01 1.40671587e+00 2.99482644e-01 3.96924675e-01
    9.51193333e-01 1.59120405e+00 8.62303376e-01 1.73541665e-01
    -3.34556192e-01 6.24316335e-02 -1.32126689e-01 4.70810950e-01
    -6.30880177e-01 1.68486047e+00 1.04248476e+00 1.13367105e+00
    1.12083769e+00 4.64275420e-01 1.16462123e+00 1.55618989e+00
    9.20493603e-01 -3.05983454e-01 -4.29185092e-01 1.37078071e+00
    1.21937585e+00 -3.72539103e-01 -4.92958188e-01 3.14705968e-02
    1.60414171e+00 1.54435122e+00 1.39765358e+00 5.41633308e-01
    -3.58530700e-01 2.89130509e-01 1.31506729e+00 3.90031159e-01
    1.06686115e-01 -5.38156986e-01 -5.18879056e-01 8.63593578e-01
    6.93702936e-01 1.39069128e+00 2.12443411e-01 -6.85704947e-02
    -2.12598681e-01 1.59118676e+00 -9.43021774e-02 1.57470357e+00
    -2.97313273e-01 8.35391760e-01 5.66720665e-01 1.16088033e+00
    1.12636578e+00 -7.78066218e-01 4.58602726e-01 1.17352247e-01
    1.34464920e-01 7.46509075e-01 7.05674410e-01 1.00665927e+00
    1.47502136e+00 8.84331226e-01 9.98110533e-01 2.24272668e-01
    -1.57960653e-01 7.68449008e-01 1.76201189e+00 -5.82786560e-01
    -4.92601961e-01 4.46014106e-01 6.45603538e-01 8.04459035e-01
    7.44027019e-01 -1.23711288e-01 1.09487224e+00 -9.82129574e-03
    1.38402891e+00 -1.91241860e-01 3.16260457e-02 1.09698761e+00
    8.12994242e-02 -1.96131766e-01 1.42212892e+00 1.41213155e+00
    1.09094977e+00 1.06631410e+00 -2.34673232e-01 3.96698654e-01
    1.06215477e+00 6.53000832e-01 3.83436501e-01 1.55593204e+00
    5.86340070e-01 3.83610487e-01 6.99805021e-02 3.22241008e-01
    -6.48068726e-01 7.89498746e-01 1.36429858e+00 1.09180093e+00
    1.48677039e+00 -5.52894473e-01 1.06091356e+00 1.53421640e-01
    -4.44347292e-01 4.31792915e-01 -7.38828123e-01 8.59626651e-01
    3.07235658e-01 1.61377430e-01 -6.44604623e-01 1.47665024e-01
    1.64364123e+00 -3.83130670e-01 9.12109554e-01 -4.27041054e-02
    1.44718826e-01 7.42905617e-01 -3.14796329e-01 -6.03315771e-01
    6.71799481e-01 2.05398142e-01 1.61643624e+00 -3.23132515e-01
    1.26360965e+00 -4.90136743e-01 9.93743300e-01 2.47259080e-01
    7.49725282e-01 1.60679054e+00 -3.34296316e-01 2.79335141e-01
    1.76805639e+00 1.26791835e-01 -5.11470616e-01 -2.13943869e-01
    -4.08731371e-01 -1.36766791e-01 1.42379045e+00 1.88227415e-01
    4.92561519e-01 -3.04654926e-01 -5.43509424e-01 1.43368840e-01
    7.15538502e-01 6.58521950e-01 2.12250471e-01 6.41756117e-01
    2.48719215e-01 1.04684806e+00 4.34395075e-02 1.48120499e+00
    1.67812133e+00 1.41127110e-02 1.46333241e+00 1.75148678e+00
    -3.52251291e-01 7.59991705e-01 8.78250539e-01 1.46341705e+00
    5.99106014e-01 8.05909336e-01 6.20799839e-01 -3.71179432e-01
    -4.86032903e-01 -6.06295526e-01 1.49068117e+00 -6.38136625e-01
    -5.51487684e-01 1.45078921e+00 1.63883054e+00 -7.47578382e-01
    5.62715232e-01 2.45914221e-01 -2.29961216e-01 -5.16832471e-01
    1.81460023e-01 -1.37633502e-01 7.51871645e-01 9.10650253e-01
    1.48522854e+00 -5.26341617e-01 -6.91928029e-01 1.47232878e+00
    7.91818857e-01 -3.64636183e-01 1.43440878e+00 -6.32929206e-02
    -2.74224401e-01 -3.76698881e-01 3.29797983e-01 2.03361571e-01
    2.37100899e-01 4.42966938e-01 1.31098628e-01 -2.53850222e-01
    4.56310332e-01 1.58913970e+00 6.75977588e-01 1.17021322e+00
    -7.15202749e-01 1.12309587e+00 -3.76655549e-01 -3.27158570e-02
    4.41783726e-01 -4.19296622e-02 1.48628759e+00 4.05245245e-01
    4.41381216e-01 -2.16508746e-01 1.22105241e-01 9.48560894e-01
    1.93774462e-01 -7.54869998e-01 1.57910728e+00 -2.32475042e-01
    1.32413876e+00 -8.28876317e-01 -6.42467976e-01 2.17726827e-01
    1.31844258e+00 -6.06453896e-01 8.80213380e-01 1.36801362e+00
    3.49691689e-01 -3.55421185e-01 8.83728385e-01 -5.16606629e-01
    1.59886527e+00 1.53888178e+00 1.22462702e+00 -5.57221174e-02
    7.72808492e-01 3.37399065e-01 6.60909832e-01 4.01535451e-01
    9.90076661e-02 2.73842514e-01 1.64060605e+00 -6.54409528e-02
    -3.63750637e-01 1.89042270e-01 7.46828079e-01 1.24537110e+00
    8.94075513e-01 -5.84169567e-01 2.08201945e-01 -4.90011454e-01
    7.99040496e-01 1.55592263e-01 2.72031188e-01 6.89709783e-01
    -1.00136042e-01 -7.66104460e-03 6.39949262e-01 1.15019155e+00
    3.55265379e-01 1.46816134e+00 2.04331219e-01 -7.72157311e-02
    1.21420348e+00 9.57243562e-01 6.58239603e-01 -6.89458966e-01
    1.18979406e+00 -4.91508216e-01 1.66364956e+00 5.87196469e-01
    -7.09221601e-01 1.44248843e+00 -2.66264498e-01 -4.18951988e-01
    1.52492929e+00 2.07029045e-01 1.04216647e+00 1.37039876e+00
    2.21348286e-01 1.60681903e+00 9.62123871e-02 -2.00115442e-01
    -4.24669623e-01 -5.47401488e-01 4.94335234e-01 1.12007999e+00
    1.34950042e+00 4.16776299e-01 1.24960208e+00 -2.05942154e-01
    1.49386942e+00 8.59037876e-01 7.13381529e-01 1.69047022e+00
    -5.70541024e-02 8.31271410e-01 -1.70321465e-01 3.91045332e-01
    1.29183197e+00 1.59045935e+00 -1.02437675e-01 -2.85409361e-01
    1.53792882e+00 -9.93474126e-02 -5.97658396e-01 1.57150328e-01
    -7.16952085e-01 1.15398777e+00 3.81630659e-03 1.09099150e+00
    8.96074653e-01 1.36975837e+00 -6.22573256e-01 -2.38410294e-01
    -5.19284010e-02 -2.34482646e-01 1.45379734e+00 8.32975864e-01
    -7.51167715e-01 5.62529027e-01 1.25606596e+00 2.59208679e-03
    -3.19330096e-01 3.70430470e-01 1.13365626e+00 -6.12165809e-01
    1.54224396e+00 7.55335093e-02 4.30804074e-01 -6.39288366e-01
    -3.37873101e-02 1.47669160e+00 6.36817813e-02 5.02058566e-01
    -1.58341944e-01 1.06794524e+00 1.17092383e+00 8.94354999e-01
    8.94522786e-01 6.36896908e-01 4.05306756e-01 -4.21738148e-01
    4.89906073e-02 1.62992167e+00 1.12208939e+00 1.55303001e+00
    1.27821994e+00 -3.79569203e-01 2.37763524e-02 -6.39020324e-01
    1.11689329e+00 -7.74367869e-01 1.27395153e+00 1.50793171e+00
    -2.02270746e-02 -6.36659205e-01 9.29998338e-01 5.66897392e-01
    -2.80555993e-01 1.50477219e+00 1.66163862e+00 -5.66325903e-01
    1.60992312e+00 -4.09355700e-01 7.13027120e-02 5.48309743e-01
    -5.01833677e-01 2.89179921e-01 -4.84757423e-02 1.66477847e+00
    1.05717397e+00 1.23515034e+00 -1.67583942e-01 -1.57588601e-01
    1.56554604e+00 1.20064020e+00 2.26527154e-01 -4.95268792e-01
    6.53755426e-01 2.71315396e-01 8.56364191e-01 -1.25933409e-01
    1.41082525e+00 7.80805111e-01 3.69477749e-01 7.57356048e-01
    4.32438076e-01 1.20044255e+00 8.01207364e-01 1.02704453e+00
    -5.27640700e-01 6.92454040e-01 9.45206881e-01 7.38827884e-01
    1.64678407e+00 2.58196056e-01 6.35649920e-01 9.11390245e-01
    1.74882710e-01 1.67889738e+00 1.64357495e+00 1.12984288e+00
    5.01932681e-01 1.07675719e+00 -4.22278047e-01 1.46233296e+00
    1.15843582e+00 3.48127723e-01 -2.38455772e-01 1.27356815e+00
    1.20452642e+00 -5.99667072e-01 -3.28971386e-01 1.48914301e+00
    -1.79305196e-01 -3.41480404e-01 2.10670352e-01 -5.28119206e-02
    4.87435699e-01 5.46580732e-01 1.28219008e-01 -4.19106662e-01
    1.69191492e+00 -5.73820114e-01 1.36300230e+00 1.04929376e+00
    -7.00522780e-01 2.04565585e-01 4.91965652e-01 -5.70070148e-02
    9.65446532e-01 1.66119397e+00 1.41689777e+00 -4.75560904e-01
    1.70282125e+00 1.06460333e-01 9.45781589e-01 1.27853894e+00
    1.22202647e+00 3.79338324e-01 8.94615233e-01 3.87349188e-01
    7.92129338e-01 6.47823334e-01 6.42488599e-01 1.47270596e+00
    1.35477519e+00 -4.17153776e-01 1.01374698e+00 8.07448506e-01
    1.63084412e+00 5.00318289e-01 -6.36647344e-02 1.24355054e+00
    8.59157324e-01 7.10979879e-01 9.43309486e-01 9.12893116e-01
    3.63040805e-01 1.90325797e-01 8.44079256e-01 -2.93944448e-01
    1.29278183e+00 6.38325512e-01 1.90188885e-01 -1.56357467e-01
    3.94246042e-01 -1.41529143e-01 5.02883732e-01 1.24583972e+00
    8.80508244e-01 1.52752030e+00 -7.24246562e-01 -5.43231845e-01
    -2.64087439e-01 1.50360298e+00 1.33820534e+00 9.50092852e-01
    1.24846840e+00 8.53449821e-01 -1.29441619e-02 1.38939428e+00
    9.13596213e-01 1.21360242e+00 1.32962894e+00 -3.87113869e-01
    -4.65930074e-01 1.20875359e+00 1.50004101e+00 1.15030456e+00
    -7.99888372e-02 1.05753946e+00 7.26512432e-01 4.75811481e-01
    3.41352582e-01 7.12761939e-01 6.22650087e-01 1.67178059e+00
    3.02658856e-01 -3.70312959e-01 9.90592003e-01 5.88510752e-01
    2.62120843e-01 2.47038782e-01 1.51973343e+00 5.49516916e-01
    -4.74588513e-01 1.47776794e+00 -1.54649317e-01 1.39001751e+00
    -4.17992234e-01 1.51941693e+00 -5.48041701e-01 1.21170270e+00
    8.91684473e-01 -6.55405045e-01 2.05891371e-01 1.06457257e+00
    -5.66279411e-01 -3.72664154e-01 3.08346748e-01 2.33868659e-01
    4.76086020e-01 1.30122888e+00 6.60581827e-01 7.42855668e-01
    5.43729126e-01 7.82690108e-01 -4.15676564e-01 1.54396832e-01
    9.31850314e-01 2.34749138e-01 -3.01972747e-01 7.10615516e-02
    -2.96706408e-01 1.50314140e+00 6.87592626e-01 -3.45403552e-02
    1.01200509e+00 -5.85308194e-01 1.03397727e+00 -2.51804233e-01
    8.28376114e-01 1.72614753e-01 -9.29183960e-02 6.67172611e-01
    1.36011684e+00 1.30007410e+00 2.41727352e-01 -7.25055933e-02
    6.61859572e-01 7.82435358e-01 7.10362792e-02 -6.51944816e-01
    1.41983891e+00 1.52476621e+00 1.94916904e-01 2.51394451e-01
    1.09545076e+00 1.68341815e-01 3.26831698e-01 1.59482884e+00
    1.72197652e+00 5.23701251e-01 -6.08221531e-01 1.52687907e+00
    3.42915058e-01 8.91798258e-01 9.07179117e-01 1.14629793e+00
    1.15302920e-01 1.45027244e+00 8.45256448e-02 8.67596030e-01
    8.57096314e-02 2.78822541e-01 1.51944149e+00 1.51297581e+00
    -9.11391377e-02 1.31423712e+00 1.07566452e+00 2.25520730e-02
    3.32928121e-01 4.28146541e-01 -2.51404583e-01 1.35060310e+00
    6.16431653e-01 -2.38379687e-01 -1.25242591e-01 8.02009046e-01
    -9.29011703e-02 1.63898349e+00 3.45816135e-01 3.70328307e-01
    1.09746122e+00 1.15236259e+00 1.06143641e+00 1.39822888e+00
    8.26732993e-01 2.18337476e-01 -4.01856333e-01 -6.63091600e-01
    1.48115885e+00 -1.60776556e-01 4.47016537e-01 1.27891016e+00
    1.49075556e+00 1.03692734e+00 1.12779760e+00 1.70106363e+00
    8.70379269e-01 -8.08683574e-01 1.68161154e+00 -1.13306582e-01
    5.28750360e-01 1.08718300e+00 8.58955562e-01 -1.79352164e-02
    6.82872653e-01 1.08720410e+00 3.91200781e-01 1.60962164e-01
    1.26684213e+00 1.60111403e+00 2.16526091e-01 -6.20740354e-01
    1.13607025e+00 5.98580778e-01 1.61354685e+00 -7.58688450e-02
    1.26630735e+00 -1.12242401e-01 9.04852509e-01 6.60850704e-01
    9.81916964e-01 -2.80713409e-01 -5.90040028e-01 7.42691815e-01
    4.67533767e-01 -3.73989254e-01 1.42490244e+00 1.45282865e+00
    -2.69582719e-01 8.39029551e-02 -3.90964657e-01 4.40850139e-01
    -1.70900911e-01 -2.41856426e-01 8.71008039e-02 1.39072824e+00
    8.76114130e-01 3.78009439e-01 -6.25371933e-02 1.56622028e+00
    9.24753785e-01 1.31552339e-01 -1.81203842e-01 1.77856588e+00
    -6.71052635e-01 -4.29721206e-01 8.55771899e-01 -3.34793210e-01
    7.33592212e-01 -4.26082015e-01 1.45206535e+00 -4.60743666e-01
    -5.60175240e-01 -5.52848577e-01 -1.03138089e-01 1.55311608e+00
    -2.73632407e-02 7.42607415e-01 -7.21620321e-02 1.35929537e+00
    1.33848059e+00 -2.65041232e-01 2.54934490e-01 9.61772144e-01
    2.71073580e-02 1.24415898e+00 9.92913783e-01 7.70162225e-01
    8.76569211e-01 5.40384591e-01 1.08459187e+00 1.56261599e+00
    1.50131667e+00 -5.35158157e-01 1.61912191e+00 3.50570440e-01
    1.48621869e+00 -6.62435651e-01 -5.35965145e-01 7.18554020e-01
    8.29306722e-01 1.09715700e+00 3.64552677e-01 -3.96931380e-01
    4.98432934e-01 6.28111243e-01 -1.99382305e-01 1.07453775e+00
    5.15286446e-01 1.84813619e-01 -7.44044781e-04 -4.77596462e-01
    2.00779736e-01 -5.01946628e-01 4.99004185e-01 1.53601348e+00
    -3.79016787e-01 -3.65298867e-01 -5.25962532e-01 5.80800891e-01
    -2.43905246e-01 1.35895395e+00 4.14639652e-01 1.44570363e+00
    1.07283735e+00 1.04786801e+00 -6.82691455e-01 1.28543007e+00
    -4.93421972e-01 -3.97229165e-01 9.27489936e-01 1.47664952e+00
    1.49469662e+00 -7.49802709e-01 9.00448501e-01 6.91853881e-01
    1.14703560e+00 8.55283439e-01 6.45705819e-01 2.85705924e-01
    1.54833698e+00 -4.31418240e-01 1.24668241e+00 -4.51969981e-01
    9.20895398e-01 6.95826054e-01 1.53975487e+00 -3.64585519e-02
    4.24446762e-01 -3.39467376e-01 1.28389859e+00 1.21436191e+00
    -4.98347133e-01 -3.71620715e-01 6.95833504e-01 1.11976862e-01
    1.33770490e+00 6.51547074e-01 6.37382627e-01 3.36341858e-02
    4.99381661e-01 5.72041869e-02 1.73597860e+00 7.87538469e-01
    1.18081474e+00 -4.65748250e-01 1.39833283e+00 1.13391876e-03
    7.13150680e-01 8.55774105e-01 -6.28863394e-01 8.08584154e-01
    2.29866445e-01 8.01842809e-02 7.26463020e-01 5.86480439e-01
    9.86694157e-01 7.75752127e-01 1.16141582e+00 -6.77543283e-02
    3.58249545e-02 -2.89076239e-01 2.07478404e-02 1.49757767e+00
    -9.16833282e-02 1.32291079e+00 1.33978343e+00 -1.01068020e-02
    1.51535702e+00 1.57272243e+00 -5.37232876e-01 4.17648256e-01
    4.34848487e-01 1.25624490e+00 -3.91325355e-02 1.06636584e+00
    5.99796176e-02 9.73000884e-01 -1.84610605e-01 5.87803602e-01
    1.72368073e+00 1.64547431e+00 -3.09391707e-01 1.66773987e+00
    1.09583426e+00 1.61161840e+00 -3.98744851e-01 5.47805071e-01
    -4.11432981e-02 -1.09422922e-01 -4.11884189e-02 -1.39655590e-01
    -3.07404995e-01 1.05379462e+00 -4.28965688e-02 4.25687134e-01
    1.52655447e+00 -4.83547449e-01 -4.06704843e-01 -3.34701210e-01
    1.44252753e+00 8.42344820e-01 1.62057376e+00 1.25581408e+00
    5.01702309e-01 -7.01659799e-01 3.53960097e-01 5.23825943e-01
    7.00802386e-01 1.01210022e+00 1.06588137e+00 3.16466153e-01
    1.21051908e+00 2.16752887e-01 1.69088602e+00 1.11432528e+00
    8.12560618e-01 8.16106796e-04 1.34383893e+00 -7.00367570e-01
    -5.21174788e-01 5.04506528e-01 6.21226788e-01 3.92869115e-01
    1.09418464e+00 1.18236136e+00 4.82313871e-01 1.64774013e+00
    -3.14925462e-01 1.47948599e+00 -9.92861986e-02 1.39063811e+00
    1.37388873e+00 -4.28803474e-01 7.86518991e-01 3.56495857e-01
    1.17033696e+00 -2.60207891e-01 4.53627944e-01 3.46334875e-01
    -6.87783420e-01 1.17724097e+00 2.82639563e-01 9.91027057e-01
    -4.57199216e-02 1.00959444e+00 6.67314351e-01 1.04537761e+00
    1.39820123e+00 -8.10185015e-01 -1.87873006e-01 1.53061390e+00
    1.04917192e+00 4.61634398e-01 5.56874156e-01 -1.41255319e-01
    -5.22751570e-01 -2.18757272e-01 3.99485230e-01 -1.31537497e-01
    1.34527707e+00 6.05956197e-01 8.00353646e-01 -3.99253786e-01
    4.71304715e-01 1.44227433e+00 1.15373611e+00 1.04299307e+00
    1.19628167e+00 9.68435526e-01 -5.19670606e-01 5.67775249e-01
    -6.09919012e-01 5.67246079e-01 1.19951808e+00 -8.87191296e-02
    1.30317831e+00 1.28403044e+00 -6.00324273e-01 -4.48876262e-01
    5.74197769e-02 7.48899221e-01 -1.38268471e-01 3.43063951e-01
    1.14856780e+00 1.00357747e+00 -2.91507512e-01 1.41273499e+00
    -4.67710435e-01 1.57670915e-01 6.14055157e-01 -1.02835119e-01
    -2.68126309e-01 1.07908988e+00 1.47729361e+00 5.48010290e-01
    2.45967329e-01 -4.15948898e-01 7.95243084e-01 4.06606436e-01
    7.66085804e-01 -7.12259471e-01 9.70559478e-01 5.07953703e-01
    1.60831451e+00 -1.94222987e-01 4.43379164e-01 -2.14799970e-01
    5.57370663e-01 -1.92580789e-01 -1.88753575e-01 3.03161681e-01
    1.70305371e+00 1.39763927e+00 6.43065929e-01 7.32916594e-02
    7.28396654e-01 8.38733375e-01 8.87613654e-01 6.23366833e-02
    1.54910135e+00 -3.07805032e-01 -5.63151181e-01 -8.44553709e-02
    8.63049686e-01 1.48444176e+00 6.85551167e-02 9.80071425e-01
    -8.35684061e-01 3.29911053e-01 1.05389524e+00 1.28217888e+00
    3.86435211e-01 8.35987568e-01 1.10796988e-01 5.94650328e-01
    1.35864639e+00 1.62704587e-02 1.80284500e-01 1.17719460e+00
    6.59843504e-01 5.67068934e-01 6.32666111e-01 -3.08064163e-01
    4.18799341e-01 2.49776840e-02 -3.66966009e-01 1.31944919e+00
    3.14666688e-01 9.13089693e-01 5.67440927e-01 8.44499290e-01
    -1.03144348e-01 4.16558027e-01 4.77355719e-01 -9.59612131e-02
    3.44762206e-01 -4.60942447e-01 1.43498790e+00 -3.33782464e-01
    4.86770213e-01 -6.26192808e-01 1.25372100e+00 1.05023551e+00
    -7.15397477e-01 -5.95810235e-01 4.62576866e-01 9.91343796e-01
    6.47721946e-01 1.15330815e-02 9.14080918e-01 1.29807734e+00
    -4.79047894e-02 1.44149506e+00 -6.63867414e-01 1.40411389e+00
    3.25265467e-01 -4.61298525e-01 6.29218221e-02 4.17472303e-01
    -4.00228053e-01 -5.28725266e-01 4.82134104e-01 1.55702555e+00
    -5.68125606e-01 1.24388158e-01 -3.16718161e-01 -2.73680121e-01
    -6.47159815e-01 1.29566312e+00 1.28885150e+00 1.50012326e+00
    -5.41371226e-01 -1.46314740e-01 8.30156922e-01 1.28193712e+00
    -1.87709451e-01 7.23643601e-01 -5.88975728e-01 1.27427971e+00
    -2.48125911e-01 9.38170016e-01 7.30736196e-01 1.18201733e+00
    7.68696785e-01 -2.89769441e-01 4.22032416e-01 1.56248808e+00
    1.44563842e+00 -4.05695409e-01 1.25579524e+00 1.98695242e-01
    -6.81254148e-01 1.46872020e+00 8.01432133e-01 1.38486934e+00
    3.17638397e-01 6.67820871e-01 9.37755108e-02 -1.48332596e-01
    -3.89484465e-01 1.24658513e+00 -5.88128448e-01 -3.30159366e-01
    1.73963487e-01 1.09179616e+00 -2.65707284e-01 2.07759500e-01
    2.56209254e-01 -2.13109493e-01 6.30771816e-01 -3.98493469e-01
    5.69563806e-01 1.29266906e+00 5.27225792e-01 -5.93064308e-01
    8.79043043e-01 2.23047018e-01 -4.80517298e-01 1.59836888e+00
    -2.94537842e-01 -3.32724065e-01 1.71854162e+00 -2.18058616e-01
    -1.97403580e-01 -5.80954552e-02 4.46684480e-01 1.47119427e+00
    1.37544143e+00 1.36605179e+00 7.90372550e-01 -5.86308897e-01
    7.19508111e-01 -3.45681131e-01 8.96193445e-01 1.15347171e+00
    1.22889376e+00 -4.51762140e-01 -5.20442903e-01 5.48717499e-01
    1.46848655e+00 -5.32178640e-01 -1.22354865e-01 -5.61560452e-01
    1.59147310e+00 1.87737942e-02 -6.09339952e-01 4.25153911e-01
    8.70750129e-01 -5.81149876e-01 8.12148452e-02 4.75453854e-01
    -4.52122509e-01 1.46592593e+00 1.31967378e+00 7.87261069e-01
    3.55396211e-01 -1.95257097e-01 2.38176882e-01 7.76812315e-01
    9.33858633e-01 5.63164771e-01 6.04704976e-01 8.79579127e-01
    1.36547089e+00 -6.49068058e-01 -1.86973006e-01 5.15395284e-01
    9.49481726e-02 1.67237759e+00 -4.76862997e-01 -7.28179336e-01
    2.16944456e-01 8.33967507e-01 7.13670254e-03 1.20104384e+00
    -2.45155603e-01 4.87009227e-01 8.59051228e-01 8.48598123e-01
    8.03757846e-01 -7.81242847e-02 5.26049316e-01 1.00424910e+00
    -3.83829802e-01 6.40530586e-02 4.55139220e-01 5.32629013e-01
    -6.64214492e-01 6.75395429e-01 1.36963224e+00 1.40986288e+00
    1.01887405e+00 2.12225139e-01 -5.51311433e-01 1.28726280e+00
    1.52832627e+00 1.09691501e-01 8.43988180e-01 9.41343904e-01
    7.36267447e-01 1.08436704e+00 -3.05902243e-01 1.21712279e+00
    -4.70232874e-01 1.01869202e+00 1.24275136e+00 6.15647197e-01
    -3.90169412e-01 1.43217814e+00 3.03355515e-01 -4.77186441e-02
    1.20493484e+00 1.23921251e+00 1.18679786e+00 -2.74280876e-01
    1.73324859e+00 8.60492587e-02 1.49730623e-01 -4.73524332e-01
    -1.29098475e-01 3.84466827e-01 1.66073442e-01 -2.52694249e-01
    -6.61143064e-02 -2.10391879e-02 1.67572904e+00 -2.94143498e-01
    8.24704289e-01 1.48741603e-02 1.47541368e+00 -2.77503639e-01
    1.33266437e+00 -1.87521636e-01 9.58190799e-01 -5.59801936e-01
    7.92562723e-01 4.76981103e-01 1.35355449e+00 1.63234949e-01
    -3.70973319e-01 4.62439716e-01 9.53179479e-01 5.06865978e-02
    1.54529214e-01 1.46429658e+00 3.04028928e-01 -6.94364488e-01
    1.11476421e+00 1.97486818e-01 1.39589238e+00 3.76450360e-01
    4.20704782e-01 9.16812360e-01 8.78997564e-01 1.78787994e+00
    -1.22490346e-01 -2.27035075e-01 6.94580793e-01 1.85593963e-02
    -7.43845522e-01 1.30469906e+00 6.23837650e-01 5.52523673e-01
    4.11530554e-01 7.50934780e-01 4.90067720e-01 -6.42905235e-02
    -2.52501041e-01 1.62156653e+00 3.12384546e-01 2.80025959e-01
    -4.40414518e-01 8.66753757e-01 1.51681066e+00 1.49389172e+00
    -2.68976927e-01 1.50505066e+00 1.41138089e+00 4.67359185e-01
    7.23446786e-01 9.43504810e-01 9.98868108e-01 1.14113891e+00
    9.47946310e-02 -6.24064922e-01 8.45547497e-01 7.64900625e-01
    -5.87993562e-01 7.75808692e-01 2.20643640e-01 -1.27162993e-01
    -3.01539600e-01 1.38627994e+00 -1.18338287e-01 -3.01231980e-01
    1.17121565e+00 -2.85206258e-01 1.29744220e+00 1.63133430e+00
    3.46652448e-01 9.75631058e-01 7.61376977e-01 1.14461601e+00
    8.26225102e-01 -5.47238529e-01 8.52810264e-01 1.67663407e+00
    7.07798839e-01 7.79143333e-01 3.28063607e-01 1.10391128e+00
    5.40846586e-01 6.95106387e-01 -9.96050239e-02 1.51070857e+00
    1.12587881e+00 5.63976943e-01 8.26251268e-01 4.88432646e-01
    1.49670541e-01 -1.25881255e-01 -4.49773312e-01 1.78443289e+00
    1.35262752e+00 8.57268870e-01 1.29881144e+00 3.87376904e-01
    -5.28126955e-03 7.15105116e-01 -2.51180291e-01 1.10036588e+00
    -2.86424756e-01 -4.98336792e-01 1.30548692e+00 1.08613038e+00
    -7.91376948e-01 6.09556496e-01 3.23593736e-01 6.00253820e-01
    -2.04104185e-03 9.64383483e-02 7.70472884e-01 3.98173928e-01
    8.37912977e-01 3.91675174e-01 -5.10253131e-01 1.57212949e+00
    1.52749085e+00 3.66582394e-01 1.42239046e+00 3.54927421e-01
    -5.66612065e-01 2.59346902e-01 2.73986757e-01 7.06249774e-01
    1.51252115e+00 -2.83253402e-01 1.67696238e+00 -7.57717490e-02
    -2.70722747e-01 1.46393359e+00 1.37038207e+00 -3.08837473e-01
    1.75394225e+00 -3.20888162e-01 8.20936322e-01 8.43938470e-01
    2.37602830e-01 -5.18812001e-01 9.73697186e-01 5.39950907e-01
    1.35789752e+00 -6.44759536e-02 3.63198638e-01 1.06838179e+00
    5.05326092e-01 -7.18331516e-01 8.39085758e-01 4.12266791e-01
    -4.41735983e-02 4.09358382e-01 3.94260138e-01 -3.86042804e-01
    -1.78050190e-01 4.44610417e-01 1.41052949e+00 3.07756662e-02
    -4.56734776e-01 1.20393038e-02 9.64176059e-02 9.91486669e-01
    3.08495343e-01 -6.48935258e-01 -6.35525703e-01 1.52113271e+00
    1.38586414e+00 4.33170378e-01 1.07606196e+00 5.11657000e-01
    1.21621299e+00 1.41413021e+00 -3.76396179e-02 1.27848458e+00
    -5.80077171e-01 1.17281032e+00 -6.99263453e-01 -2.62488008e-01
    8.61102521e-01 2.06465423e-01 6.15879059e-01 7.38289118e-01
    -1.69473886e-02 1.68842626e+00 2.78523862e-01 -5.60169101e-01
    -5.12471199e-01 7.46496558e-01 4.17310238e-01 1.17847514e+00
    5.57806909e-01 8.54039729e-01 9.48384404e-02 1.24361873e-01
    -5.45305729e-01 1.36152124e+00 1.07118142e+00 -4.76971120e-01
    1.58786917e+00 2.46411741e-01 9.33638275e-01 8.62074256e-01
    6.47261858e-01 -1.26268148e-01 -8.08789134e-02 -4.39035267e-01
    9.85364258e-01 -3.33953500e-02 4.82712805e-01 1.07755041e+00
    1.36555660e+00 1.10260856e+00 -2.96722174e-01 1.56446457e-01
    1.36061227e+00 2.37510204e-01 1.02580380e+00 1.44470394e+00
    6.51865482e-01 6.70989573e-01 1.26305950e+00 8.72229695e-01
    1.81197047e-01 1.83738470e-01 -5.55799007e-01 -3.20875257e-01
    1.25866270e+00 7.13248253e-02 7.32226312e-01 1.27969396e+00
    1.05963063e+00 1.51466537e+00 2.35478342e-01 9.76180553e-01
    8.42788815e-02 1.23716593e+00 -1.67226732e-01 3.69136572e-01
    -4.29653525e-01 1.11120892e+00 1.08079445e+00 1.22967339e+00
    1.61235428e+00 -2.21601546e-01 -8.41614008e-02 1.54145193e+00
    9.55371022e-01 1.81473851e-01 4.34838176e-01 -9.17452574e-03
    6.67966902e-01 1.26526570e+00 1.36504793e+00 8.98441136e-01
    4.21301782e-01 -4.93862987e-01 -1.26415491e-01 8.63719404e-01
    8.14270735e-01 6.55599058e-01 -1.98645115e-01 8.38045716e-01
    1.28775537e+00 6.69259131e-01 1.49863577e+00 -1.22260332e-01
    1.39941239e+00 1.01322389e+00 8.21725607e-01 -3.73105526e-01
    6.26064181e-01 1.32033980e+00 2.23086476e-01 -1.29869103e-01
    -2.88820744e-01 9.82856333e-01 -1.73616350e-01 -4.64269042e-01
    9.46812153e-01 -5.91818571e-01 3.11682880e-01 -5.79360664e-01
    -5.35281360e-01 -1.44900739e-01 1.76764405e+00 -5.37673235e-01
    9.10814524e-01 7.62190819e-02 1.27093673e+00 1.32218933e+00
    8.63496184e-01 -5.75202942e-01 1.80411482e+00 -2.71668434e-01
    4.94472802e-01 3.39405060e-01 -1.87742800e-01 9.21147645e-01
    -2.59932280e-01 -5.02088845e-01 7.29374290e-01 -4.76120800e-01
    7.94085145e-01 2.30350316e-01 6.16282582e-01 -5.99505305e-01
    -3.03331137e-01 1.31876099e+00 1.14631057e+00 7.02581942e-01
    7.52725661e-01 -6.55648649e-01 -2.02457249e-01 1.65009284e+00
    -5.82601666e-01 1.32282090e+00 -3.27290326e-01 1.64855444e+00
    4.91110027e-01 3.18902075e-01 6.63156509e-02 6.72266304e-01
    -6.75196946e-01 1.05742133e+00 6.49247646e-01 7.83886373e-01
    1.49501085e+00 1.07130909e+00 1.04922628e+00 5.99457383e-01
    4.10982966e-01 1.40546918e-01 -3.42512310e-01 -2.06466168e-01
    -2.40871012e-01 3.05011630e-01 1.23766446e+00 1.26464128e+00
    -4.38369900e-01 2.72248566e-01 -7.11863637e-02 1.51191652e+00
    4.35377121e-01 -7.49737442e-01 1.30778527e+00 7.55779803e-01
    1.19724584e+00 -3.13457578e-01 1.35785353e+00 1.91134512e-01
    8.29272687e-01 -1.46379650e-01 1.17761922e+00 8.92534256e-01
    1.63414884e+00 5.27094007e-02 -2.00979710e-02 1.13296258e+00
    1.01064861e-01 1.24475241e+00 2.98987031e-02 8.05242777e-01
    1.27587366e+00 -4.92091894e-01 1.26105714e+00 -1.77109003e-01
    8.02451372e-01 -2.48532653e-01 1.08941472e+00 1.07249570e+00
    1.40069985e+00 3.65607679e-01 1.28996205e+00 7.66853273e-01
    -3.46338332e-01 1.85851276e-01 3.25281501e-01 -6.59515858e-01
    1.72448695e-01 2.01095819e-01 -6.63879573e-01 9.15052891e-01
    1.26711082e+00 -3.03745657e-01 3.21019351e-01 4.71337557e-01
    1.50709486e+00 1.08680356e+00 8.03176403e-01 1.96364343e-01
    -5.23187697e-01 -1.76655233e-01 3.13005924e-01 1.18458521e+00
    1.25877917e+00 8.87705684e-02 1.45418143e+00 6.65410757e-01
    -1.18703306e-01 1.17407894e+00 9.89580929e-01 8.22206020e-01
    -2.58225173e-01 1.21630132e-01 7.44824409e-02 1.39358270e+00
    5.55754602e-01 1.34787142e-01 -5.83857298e-02 1.40641665e+00
    2.03873277e-01 -7.52916336e-02 4.86395240e-01 1.66323376e+00
    1.22107995e+00 6.32656217e-01 -4.29113179e-01 1.20566630e+00
    2.21618772e-01 1.57827902e+00 1.53617144e+00 6.29665136e-01
    1.25721371e+00 8.30929458e-01 -7.47206807e-01 1.16406631e+00
    -5.65670192e-01 3.55859041e-01 1.57989168e+00 -1.71606243e-01
    9.08226907e-01 1.23047233e+00 4.98831987e-01 9.63788033e-01
    5.03964126e-01 7.12048173e-01 8.64526451e-01 1.25766563e+00
    -7.51795948e-01 1.55204010e+00 1.40725374e-02 -3.71353060e-01
    1.07654405e+00 -4.36835885e-01 1.88123763e-01 -3.10092866e-01
    -4.07422096e-01 9.67701077e-01 1.51843619e+00 2.96908021e-01
    7.77078986e-01 1.20818436e-01 -2.39020586e-03 8.96335363e-01
    1.72781956e+00 1.04147792e+00 -5.93438685e-01 8.55133593e-01
    3.06622744e-01 9.43088353e-01 -5.49260676e-01 -7.69394040e-02
    1.37953055e+00 -5.25167704e-01 2.68748641e-01 1.57353330e+00
    1.16328239e+00 -2.58805990e-01 1.63880050e-01 1.61635363e+00
    1.27590227e+00 -3.80038708e-01 5.33311784e-01 1.51330721e+00
    4.80477512e-01 -4.88137186e-01 -1.37851834e-01 9.70627189e-01
    2.65637219e-01 -5.71512818e-01 1.32883096e+00 7.98743665e-01
    1.31022930e-01 -5.66428483e-01 -5.46738148e-01 1.10042143e+00
    1.44467139e+00 1.11907542e-01 4.88459945e-01 3.65585566e-01
    6.19639754e-01 1.21940494e+00 6.63719177e-01 4.85663176e-01
    7.57054031e-01 4.60874319e-01 -1.56105816e-01 1.33089459e+00
    2.08072066e-02 -6.24468684e-01 7.40057528e-01 -5.57701588e-02
    1.32503486e+00 -2.56914258e-01 1.53487325e+00 1.62389994e+00
    5.90980053e-03 5.40317714e-01 1.95486546e-01 1.51803160e+00
    9.57024634e-01 6.46017194e-01 1.33662522e-01 -5.35701692e-01
    1.40159488e-01 -5.07790864e-01 2.82008111e-01 3.18803370e-01
    1.20536053e+00 1.25251830e+00 5.33541739e-01 9.00610268e-01
    1.00772667e+00 1.14073515e-01 -2.50409424e-01 1.31403995e+00
    9.27576602e-01 1.02249086e-01 8.55337024e-01 1.38552618e+00
    4.69203949e-01 1.66013777e-01 1.24449611e+00 -2.87105769e-01
    1.72091043e+00 -4.57021087e-01 9.28107679e-01 5.01514494e-01
    7.15133965e-01 1.48588681e+00 -1.53286815e-01 1.23561049e+00
    1.10025215e+00 7.00583398e-01 -2.17302442e-02 7.07610071e-01
    6.47737801e-01 -6.20433927e-01 -1.34163797e-01 7.48095512e-02
    6.99414253e-01 4.62595165e-01 -2.40316391e-02 1.05932474e+00
    1.68836462e+00 1.38476610e+00 -3.89416128e-01 6.61851585e-01
    -4.49895859e-02 1.42950463e+00 1.22502327e+00 9.41102743e-01
    5.09120762e-01 7.45765567e-02 1.52132845e+00 -4.61326838e-01
    1.15293026e+00 7.66685486e-01 7.31011868e-01 3.33116591e-01
    5.27925313e-01 1.22925234e+00 1.07259226e+00 1.68364549e+00
    8.03051472e-01 8.32706094e-02 1.28983068e+00 1.54284692e+00
    1.58911169e+00 6.86520278e-01 1.14137661e+00 1.74455166e-01
    -4.68791723e-02 1.18791425e+00 -6.95088923e-01 2.51615226e-01
    1.25088096e+00 8.17695975e-01 -3.83134574e-01 8.84958327e-01
    -5.66598773e-02 5.39043963e-01 -5.59006333e-01 8.62305164e-01
    -1.88904822e-01 -6.51424527e-02 1.30194545e+00 8.80931377e-01
    -3.63590389e-01 1.24695325e+00 1.60841513e+00 1.48526239e+00
    1.37397647e+00 5.00665188e-01 2.49750137e-01 9.68035996e-01
    -7.05015004e-01 8.31919193e-01 1.65165925e+00 -5.53621173e-01
    1.23992705e+00 7.57059097e-01 7.06752539e-02 1.10611010e+00
    1.13401473e-01 1.37573266e+00 1.31405044e+00 3.54914248e-01
    1.09155107e+00 1.08872080e+00 1.03680503e+00 1.57122374e+00
    6.01431727e-01 2.67125130e-01 6.49776936e-01 4.09800351e-01
    -4.66589928e-02 1.08626842e+00 -6.74919844e-01 4.04253066e-01
    -3.77786458e-01 1.18157029e+00 6.19137764e-01 1.64866042e+00
    -8.01571608e-02 1.14964914e+00 1.27712417e+00 1.50285757e+00
    -1.51947081e-01 1.53832555e+00 5.04161716e-02 3.02147746e-01
    1.28013754e+00 1.07864690e+00 9.58088756e-01 1.56313384e+00
    5.65589905e-01 -4.66955364e-01 -2.24966437e-01 9.54063416e-01
    1.13546085e+00 -3.80529046e-01 1.90925002e-02 1.22074652e+00
    1.45560133e+00 6.00645304e-01 8.87691855e-01 1.13849819e-01
    1.45493531e+00 1.47463143e+00 -1.55555159e-01 4.45276082e-01
    -1.64625376e-01 1.06978536e-01 -5.79792261e-01 8.17671061e-01
    1.93271995e-01 -2.87004590e-01 -1.04871273e-01 -3.45302999e-01
    1.42106175e+00 7.45942533e-01 -4.64994252e-01 1.20651102e+00
    1.38879347e+00 -7.07161129e-01 7.69716501e-02 9.57768857e-01
    -2.26480961e-02 -5.05773425e-01 1.49423921e+00 -6.51667714e-01
    1.44282269e+00 -6.89240396e-01 1.60233295e+00 1.21558833e+00
    5.45819163e-01 2.76251793e-01 9.05152559e-02 7.75626957e-01
    6.71775639e-01 -3.51132751e-02 7.32694507e-01 9.36305523e-01
    1.04905629e+00 -5.85760176e-01 3.96944523e-01 1.08084917e+00
    1.13045454e+00 1.28858542e+00 -3.11923176e-01 3.49004269e-02
    6.56065941e-01 -1.19322598e-01 1.31068301e+00 1.10262108e+00
    -6.20189309e-01 6.05849028e-01 -5.85230589e-01 -4.92019057e-02
    5.39409280e-01 5.88270485e-01 4.92844582e-02 3.46014500e-01
    3.74376178e-02 -3.49076807e-01 1.31752539e+00 4.92101192e-01
    1.58784544e+00 1.18205881e+00 -3.27959239e-01 1.18795252e+00
    9.00290728e-01 -4.33232784e-02 5.10133028e-01 2.82863915e-01
    -1.17019296e-01 6.42946720e-01 1.32149386e+00 8.52589488e-01
    9.59457994e-01 1.13186848e+00 -4.66398269e-01 -6.70031846e-01
    -5.26514888e-01 1.66145396e+00 1.90313339e-01 9.83420968e-01
    -2.96790093e-01 4.86381829e-01 9.86106992e-02 -4.78443474e-01
    -4.76155013e-01 1.26536942e+00 1.65521109e+00 -1.29672229e-01
    7.30860472e-01 -3.32557559e-02 -2.08893716e-01 4.55697715e-01
    -4.66197729e-03 7.42815316e-01 1.80562437e-01 1.77958667e-01
    -8.93962979e-02 1.27351606e+00 1.30887806e+00 1.82727396e-01
    1.29941010e+00 -5.46496928e-01 -2.86587477e-02 1.34512281e+00
    1.10646689e+00 1.37736297e+00 -2.43876934e-01 1.36129200e+00
    5.19813240e-01 -2.05037177e-01 4.54306781e-01 1.86331391e+00
    -6.06827617e-01 5.65032244e-01 -3.38878483e-01 1.29112244e+00
    2.90524542e-01 5.26230335e-02 1.58851147e-01 -2.13771820e-01
    -3.02294552e-01 -5.91319203e-02 1.51976275e+00 1.52226233e+00
    1.45730782e+00 1.36660111e+00 3.12760353e-01 -6.55941367e-02
    1.27869058e+00 1.15789390e+00 1.03490496e+00 2.00168014e-01
    6.80691779e-01 -3.89657944e-01 2.26496577e-01 1.27777886e+00
    1.29701865e+00 -3.51098865e-01 -6.10657334e-02 4.54013407e-01
    9.45090115e-01 -6.16890788e-01 6.88251734e-01 1.26856828e+00
    3.67737591e-01 1.07204306e+00 8.39495063e-02 -8.34961534e-02
    1.69168711e-02 5.32199264e-01 -3.30809832e-01 1.28956521e+00
    -4.85428929e-01 3.21144223e-01 -4.84945476e-01 1.52854443e-01
    1.05515862e+00 -5.22591770e-01 9.34096217e-01 1.09383798e+00
    9.16168332e-01 8.00556898e-01 1.60637522e+00 3.92736733e-01
    4.89358246e-01 1.50824547e+00 3.41946423e-01 -3.63361537e-01
    7.80909061e-01 -6.67500079e-01 1.69524360e+00 2.99235463e-01
    -4.44668263e-01 1.16750455e+00 3.43495488e-01 4.07862723e-01
    -3.76707315e-03 8.52390468e-01 -6.76604271e-01 3.06858957e-01
    1.08466542e+00 4.77057695e-02 -4.24168646e-01 1.57381833e+00
    1.36592698e+00 -3.96546811e-01 -3.72032613e-01 5.18564343e-01
    6.49170041e-01 -5.41929722e-01 1.66175127e+00 -4.16628122e-02
    1.51309443e+00 -2.05694497e-01 -3.74846816e-01 -2.90588737e-01
    1.63813353e-01 -5.42097628e-01 5.89587688e-01 -2.99494267e-02
    4.27680612e-01 3.17690372e-01 -9.55083966e-02 1.31580997e+00
    -4.75948691e-01 1.58735061e+00 2.00067639e-01 -4.99621838e-01
    -3.41050208e-01 1.44262624e+00 1.03443050e+00 4.16138589e-01
    4.75310981e-01 1.37991965e-01 8.20410907e-01 -4.76676166e-01
    5.53045034e-01 -7.21652925e-01 -1.77126110e-01 -2.92252779e-01
    1.48319125e+00 -3.77541929e-01 5.85155964e-01 1.28272438e+00
    4.00261104e-01 -6.00322306e-01 1.34140754e+00 1.20706129e+00
    -1.67833686e-01 -6.67850077e-02 -3.71223509e-01 3.53360772e-01
    1.77223349e+00 1.10029578e+00 1.10994470e+00 -1.80756509e-01
    1.16008019e+00 8.60982120e-01 -2.95740068e-01 -3.65716934e-01
    2.32160270e-01 3.71181488e-01 9.55005288e-01 -6.87286258e-02
    8.83413851e-01 8.38495493e-02 1.75746012e+00 -4.75778997e-01
    -3.86585891e-01 -4.73851293e-01 -5.59554219e-01 1.82899654e-01
    3.76537263e-01 5.34057617e-03 -2.99248904e-01 2.45995998e-01
    2.23171711e-02 1.03366470e+00 1.41984344e-01 9.44884777e-01
    -6.01913929e-01 1.65281582e+00 1.47474289e+00 4.50477481e-01
    1.76591456e-01 1.52173221e+00 9.63102758e-01 5.13640642e-02
    4.26415920e-01 1.07940054e+00 -9.49175358e-02 9.05374765e-01
    1.20809150e+00 -3.23056579e-02 -2.97458798e-01 1.11562407e+00
    2.17240214e-01 1.44774210e+00 1.45183825e+00 1.06670725e+00
    3.98472548e-01 1.56747580e-01 -9.19892192e-02 5.43529809e-01
    6.51048601e-01 1.08974874e-01 1.33178258e+00 5.18780708e-01
    -6.42208278e-01 8.71289253e-01 7.77713597e-01 8.70421231e-01
    2.37754941e-01 1.13826418e+00 4.32938635e-01 -2.75120109e-01
    5.32961905e-01 1.69850385e+00 -3.58104706e-04 1.35253310e+00
    5.96698225e-01 2.72471607e-01 8.33465993e-01 4.48857307e-01
    1.18590701e+00 -1.53815866e-01 3.98725927e-01 1.14788067e+00
    9.01480734e-01 6.31829858e-01 1.37084317e+00 -5.55428743e-01
    1.34199667e+00 1.65741408e+00 -7.10774779e-01 6.38159871e-01
    6.39989138e-01 2.93233395e-01 -1.05162263e-01 4.11035955e-01
    4.10902977e-01 9.03330505e-01 -2.47305870e-01 -4.92607832e-01
    1.64005578e+00 1.77393973e-01 -1.77895427e-02 1.53441429e-02
    -1.42203510e-01 1.29133165e+00 1.48159647e+00 3.60783458e-01
    4.51770425e-02 1.41828823e+00 3.85555148e-01 1.29286718e+00
    1.61359191e+00 1.40939474e+00 7.08165586e-01 -3.99682403e-01
    1.15750480e+00 -1.86732441e-01 2.93979049e-01 -3.83817792e-01
    1.19059336e+00 3.20396900e-01 -4.52237129e-02 1.63213432e-01
    -3.87936234e-01 3.74880135e-01 -4.85547543e-01 1.51264846e+00
    8.15345585e-01 1.13353324e+00 6.67900145e-01 1.58963275e+00
    1.25895333e+00 -3.43226194e-01 1.11962700e+00 1.94273591e-02
    -4.63103712e-01 2.62830913e-01 8.89889359e-01 1.47705615e+00
    9.91343319e-01 -6.72251582e-01 1.41897702e+00 6.28032148e-01
    1.63812506e+00 -9.51780081e-02 1.14630842e+00 5.81330895e-01
    3.30378771e-01 1.35751629e+00 -9.02183652e-02 1.12019801e+00
    1.45073652e+00 1.58606768e-02 -2.88237244e-01 7.17018962e-01
    -2.02148378e-01 6.82891428e-01 1.38310504e+00 4.30759668e-01
    5.23055196e-02 9.71198559e-01 1.14810538e+00 2.35519826e-01
    1.49485350e-01 4.31990802e-01 7.71074891e-02 1.37620139e+00
    -4.62180465e-01 -7.34865963e-01 8.14641953e-01 9.77148116e-01
    -3.39053899e-01 -3.75925124e-01 4.08315539e-01 1.38093543e+00
    -3.01744074e-01 1.35617423e+00 8.06567013e-01 -4.78599548e-01
    1.37033212e+00 5.80140591e-01 1.44628835e+00 1.67702949e+00
    -4.11189377e-01 1.32799315e+00 -7.91543722e-02 1.48169720e+00
    8.35451484e-02 -5.51564455e-01 1.32963824e+00 5.99026978e-01
    -5.97514927e-01 1.11341465e+00 1.08101606e-01 1.19661617e+00
    -5.26972055e-01 1.25704467e+00 1.56514764e+00 8.25023651e-02
    -5.09365201e-01 6.25376642e-01 -1.61924481e-01 4.52931523e-02
    -5.17991364e-01 5.36689341e-01 -5.05340755e-01 -5.88936806e-02
    1.32986188e+00 -6.24033868e-01 1.03881645e+00 4.72269654e-01
    1.33409262e+00 -1.44459665e-01 6.10905528e-01 5.84077060e-01
    1.12050354e+00 3.83775115e-01 -3.80618989e-01 1.01696372e+00
    -4.09925550e-01 -1.03986025e-01 1.12974262e+00 7.84144878e-01
    1.72973156e-01 1.45934486e+00 8.26951444e-01 -3.12037498e-01
    2.31262743e-01 -6.75143600e-01 1.39898872e+00 3.02997231e-02
    8.72672796e-01 6.99002862e-01 -3.31673086e-01 -1.14247024e-01
    -1.79707587e-01 1.07786834e+00 1.64875126e+00 -5.80735743e-01
    -2.25134492e-01 5.45173645e-01 -7.27385342e-01 1.36319160e+00
    2.99451351e-02 2.87766337e-01 -1.89563394e-01 1.33191323e+00
    -4.34922367e-01 7.53351808e-01 3.50586057e-01 1.16038573e+00
    1.46169925e+00 8.41753244e-01 -3.74706388e-02 -2.51751691e-01
    1.58077574e+00 1.04765832e+00 3.32063973e-01 1.10885525e+00
    -5.15586734e-02 8.30384433e-01 -1.65167779e-01 4.82102811e-01
    3.52895796e-01 2.29484975e-01 4.31841850e-01 -2.71103442e-01
    9.96105790e-01 1.30047464e+00 -6.82304323e-01 -7.60502517e-01
    8.94788265e-01 1.22482061e+00 2.04231262e-01 3.57500851e-01
    1.54650784e+00 -2.82346547e-01 3.60315979e-01 1.81455553e-01
    6.24368429e-01 4.54978883e-01 1.67622113e+00 8.33152533e-01
    -1.54755175e-01 8.67697597e-01 1.01950467e-01 -2.14639008e-01
    6.47355318e-02 4.21178043e-01 7.55548954e-01 -4.69785929e-03
    1.60396957e+00 1.18247724e+00 -5.58165431e-01 -6.75001740e-02
    1.13846087e+00 1.65343022e+00 -3.75278145e-01 6.95882499e-01
    9.00260270e-01 3.57305586e-01 1.35248876e+00 1.28998375e+00
    1.16720128e+00 -4.28896606e-01 4.39685702e-01 9.27294910e-01
    6.97875381e-01 7.22044230e-01 8.13528657e-01 2.83076167e-02
    8.66604447e-01 1.52586007e+00 -3.76821697e-01 7.95325160e-01
    5.61921060e-01 6.44508481e-01 -2.01160252e-01 6.23707771e-01
    -6.35296106e-02 -5.38188875e-01 1.81829572e-01 -3.31595808e-01
    5.38578033e-02 -6.03313446e-01 1.44024897e+00 1.60858047e+00
    1.18191302e+00 7.87467360e-01 2.97360182e-01 1.27743769e+00
    8.70411396e-02 1.49686575e+00 8.64415526e-01 1.62225723e+00
    -4.01574254e-01 -3.67829055e-01 1.65927184e+00 6.37725472e-01
    -6.64181113e-01 2.23423421e-01 1.67024040e+00 1.05496621e+00
    -7.52458572e-02 1.47937274e+00 1.52492476e+00 5.07192791e-01
    1.32250810e+00 2.19528079e-02 -1.19385064e-01 1.54930925e+00
    8.58584940e-01 5.31164408e-01 1.52137589e+00 9.05725121e-01
    5.82000613e-01 -3.79559189e-01 -6.87771082e-01 -2.21032202e-01
    -6.73874259e-01 1.37079108e+00 1.20868731e+00 7.57345200e-01
    1.68721175e+00 2.02419996e-01 8.05132151e-01 2.25100636e-01
    6.78746700e-01 8.96972120e-01 9.40962851e-01 1.49812675e+00
    -5.17672062e-01 1.35690248e+00 3.57918978e-01 3.37354600e-01
    9.49383974e-01 -5.27570844e-02 -4.06384706e-01 1.41109502e+00
    7.48832881e-01 9.59791064e-01 -3.26270759e-01 -7.03470469e-01
    -2.72331089e-01 6.42025411e-01 1.93349600e-01 -4.93243873e-01
    -7.15908825e-01 1.28841543e+00 1.55208468e-01 -4.91097450e-01
    1.04471803e+00 5.25787711e-01 -2.37843096e-01 2.18870580e-01
    6.18277788e-01 -5.83415926e-01 -2.98970670e-01 1.87852979e-01
    1.48830175e+00 5.38759708e-01 4.16177928e-01 6.39732182e-01
    4.20230687e-01 -7.64867008e-01 6.15773797e-01 2.34578729e-01
    1.22152352e+00 5.74308634e-02 -2.79271364e-01 -5.09316504e-01
    2.93978095e-01 6.24287426e-01 -5.05190253e-01 -4.80016589e-01
    -4.58190173e-01 -4.68174815e-02 1.28608394e+00 1.29677677e+00
    -4.04321909e-01 8.73539507e-01 2.75220692e-01 1.73003030e+00
    1.36859870e+00 -5.10995924e-01 -1.31328106e-02 -5.42501688e-01
    5.82311690e-01 -2.08343863e-02 1.47572863e+00 7.41033077e-01
    1.17319119e+00 -1.70845807e-01 1.66243327e+00 1.36411774e+00
    8.44172716e-01 -4.47128415e-02 -1.81115091e-01 5.53859472e-02
    1.46028328e+00 -2.56860137e-01 5.85956991e-01 1.04889858e+00
    -1.73781127e-01 -3.54125261e-01 1.04666853e+00 9.95596349e-01
    5.76003790e-02 -3.71737450e-01 2.19445050e-01 3.60501528e-01
    7.95625210e-01 8.88599217e-01 -5.23021638e-01 1.41816437e+00
    1.31797969e-01 -2.12947875e-01 1.09760702e-01 1.25194395e+00
    6.09126449e-01 1.12872815e+00 6.89675510e-01 6.77535534e-02
    9.92307127e-01 -6.22700214e-01 1.34145749e+00 3.30503523e-01
    -5.52015066e-01 1.26421332e+00 1.41368723e+00 1.43895626e+00
    1.30990148e+00 -4.38909948e-01 1.32210481e+00 5.96074224e-01
    -1.02625906e-01 5.92022061e-01 5.47372520e-01 7.82128572e-01
    1.18206918e+00 -5.96856236e-01 1.29959035e+00 1.08074450e+00
    1.53151178e+00 1.71264434e+00 1.24630511e-01 -1.42705560e-01
    8.63492310e-01 -1.41991556e-01 1.69068861e+00 -4.01497364e-01
    -5.22066593e-01 6.09693289e-01 1.18449223e+00 -8.31093192e-02
    6.36079192e-01 1.64635456e+00 1.10784817e+00 -3.05701494e-02
    -4.38552499e-02 6.35507107e-01 1.25910664e+00 4.51314092e-01
    1.24564171e+00 1.55379319e+00 1.34480476e+00 1.56686139e+00
    -5.76344907e-01 7.77002335e-01 -4.35920030e-01 3.31596196e-01
    8.13550949e-01 -2.31885523e-01 -3.15653265e-01 -2.75979817e-01
    -2.90394783e-01 8.08800757e-01 5.65821528e-02 2.92414665e-01
    2.16827571e-01 6.26488924e-02 6.61672354e-02 -4.24749166e-01
    -2.92945325e-01 -6.43361211e-02 1.60311365e+00 4.96841967e-01
    1.24963355e+00 1.64058781e+00 1.56745553e-01 8.27392340e-02
    4.68026340e-01 -1.33295834e-01 -1.20245516e-01 1.74619401e+00
    5.29482186e-01 -1.57004118e-01 7.46166229e-01 2.28967071e-01
    -2.18900055e-01 8.33715916e-01 1.71373749e+00 1.41299748e+00
    1.28274584e+00 8.58953238e-01 7.72795796e-01 9.68680263e-01
    -4.05658424e-01 1.26212394e+00 -5.88013530e-01 6.44497871e-01
    1.53138947e+00 9.47033763e-02 -2.33466566e-01 -1.39878929e-01
    8.27716351e-01 1.18316078e+00 8.46758485e-02 -1.52936995e-01
    -5.64393640e-01 1.73003721e+00 1.01275742e+00 2.15603530e-01
    -3.73460978e-01 6.38668418e-01 2.15510845e-01 9.50243413e-01
    -5.05047798e-01 1.84708834e-03 9.96381938e-01 5.96850336e-01
    9.35624838e-01 4.79403436e-01 1.35586536e+00 -1.76792800e-01
    -1.42927259e-01 1.26486921e+00 -5.99145889e-02 1.13906121e+00
    1.23108482e+00 1.27791607e+00 9.02620912e-01 -6.97119236e-01
    -4.17815357e-01 2.25540519e-01 9.12620544e-01 -3.30697387e-01
    -5.76917410e-01 -3.96008998e-01 1.65695381e+00 1.36315584e+00
    1.12920523e+00 9.89902973e-01 -2.16549635e-02 4.16839480e-01
    1.14895999e+00 -4.99593854e-01 3.62291694e-01 -1.74002886e-01
    -2.65756905e-01 -5.21973372e-02 -3.29500407e-01 7.60948658e-03
    8.71908545e-01 6.18636310e-01 1.49872589e+00 7.27644801e-01
    -4.69445288e-01 6.58860683e-01 8.49655867e-02 1.54806852e+00
    1.62966180e+00 5.63403666e-01 3.98042738e-01 4.43129659e-01
    1.30501366e+00 -2.83837050e-01 3.72848511e-01 1.45481730e+00
    -5.67898750e-01 5.00034571e-01 -7.05066085e-01 5.66056669e-01
    1.44874406e+00 -6.57652557e-01 -5.08047342e-02 -1.63313568e-01
    3.82932782e-01 -4.50949013e-01 1.34028089e+00 1.43185914e-01
    -2.72579402e-01 -4.29025471e-01 1.02755070e+00 7.15545654e-01
    5.36667407e-02 9.76637304e-01 3.77493739e-01 1.52373230e+00
    1.47270477e+00 6.31284297e-01 7.32663989e-01 1.27717447e+00
    -1.81768835e-01 -6.32873595e-01 1.25935411e+00 -1.97990507e-01
    9.42429662e-01 6.01263404e-01 -3.52675915e-01 1.41967797e+00
    5.42340398e-01 3.40806484e-01 2.64758289e-01 -4.68200326e-01
    -4.82324064e-01 9.00777817e-01 -5.21699429e-01 9.97516870e-01
    4.15163159e-01 9.07454848e-01 1.27520263e-01 8.92053425e-01
    2.03073323e-01 5.23598790e-01 2.62238979e-01 1.38067222e+00
    1.41775203e+00 6.67420864e-01 2.76148021e-01 2.38828182e-01
    1.06396699e+00 7.90155053e-01 1.23117149e-01 -1.20022953e-01
    6.15152240e-01 1.55592155e+00 1.43327808e+00 1.64504981e+00
    2.05041528e-01 1.77579391e+00 1.09112167e+00 1.62724626e+00
    1.32081628e+00 9.69395101e-01 7.63107717e-01 7.35808790e-01
    1.22206068e+00 -2.81246454e-01 -1.65142119e-01 -2.89688587e-01
    1.42633855e+00 -5.34046948e-01 1.47371089e+00 -5.35021782e-01
    1.11265266e+00 1.08471680e+00 -1.89013481e-01 -1.57157779e-02
    -5.35254180e-01 9.81593192e-01 1.47075152e+00 1.65937757e+00
    -4.17326659e-01 9.95517433e-01 9.34228778e-01 8.81850421e-01
    9.32030797e-01 -6.41642809e-02 4.83174384e-01 1.55553293e+00
    1.74653625e+00 -2.85627335e-01 3.08388412e-01 1.22802782e+00
    2.76383638e-01 3.42644215e-01 -6.64639473e-01 1.18014932e-01
    8.08130443e-01 1.31993723e+00 1.62124002e+00 8.77265871e-01
    -2.98979193e-01 9.28361177e-01 -2.88417548e-01 -4.46860403e-01
    1.09435654e+00 3.44846785e-01 4.29459512e-01 -3.48442972e-01
    1.76154459e+00 1.18500566e+00 1.77172422e-01 5.32834530e-02
    1.38375294e+00 9.20760632e-03 -3.54706943e-01 -3.17712188e-01
    4.26690578e-01 1.56951880e+00 1.64824665e-01 -3.94764543e-02
    7.98265398e-01 9.54493463e-01 1.62929285e+00 3.15266430e-01
    2.41202831e-01 1.25115037e-01 -2.46082991e-01 -2.05111146e-01
    -5.18388510e-01 1.23938489e+00 1.65545750e+00 4.39227819e-02
    1.00947857e+00 8.94945860e-02 -8.61531496e-02 1.29483151e+00
    1.44165730e+00 8.47316563e-01 2.86199391e-01 7.42564023e-01
    -3.87434959e-01 8.33866358e-01 1.19806767e+00 1.08678007e+00
    1.30671966e+00 7.60087192e-01 2.32354641e-01 8.09458792e-01
    1.37762761e+00 6.70786023e-01 1.01178741e+00 5.02745569e-01
    7.18032002e-01 -4.76584673e-01 1.06473196e+00 4.29956615e-01
    6.75344467e-03 -1.49895132e-01 9.66908753e-01 5.48367321e-01
    8.71321857e-01 8.65858972e-01 1.18621635e+00 -6.42869353e-01
    1.58687520e+00 3.14015687e-01 -1.39090896e-01 -1.26182914e-01
    9.40648496e-01 1.42447758e+00 9.72589791e-01 9.56118345e-01
    -2.23885119e-01 9.98740733e-01 1.83046877e-01 6.05105758e-02
    5.83474040e-01 9.45952654e-01 -2.78050214e-01 8.08200359e-01
    -4.10317391e-01 1.31628776e+00 1.48770642e+00 7.89555073e-01
    4.28719759e-01 9.03072894e-01 5.94673574e-01 3.60184729e-01
    6.40147030e-01 -6.85889721e-02 -2.73409486e-02 -4.21702713e-01
    8.52293372e-02 9.42958295e-01 2.19112575e-01 1.58194399e+00
    -1.96151823e-01 5.89152157e-01 1.46487212e+00 2.47319818e-01
    -4.50859964e-01 1.75205410e-01 8.25118065e-01 6.85521543e-01
    4.41712677e-01 8.82913470e-02 5.84201872e-01 1.17430019e+00
    -3.41207445e-01 5.92515647e-01 7.00050175e-01 -2.13063449e-01
    1.89814508e-01 2.31781304e-01 -2.19578326e-01 2.72128880e-01
    1.29424953e+00 1.63374019e+00 1.23362935e+00 8.90102029e-01
    5.46228290e-01 -7.54368305e-03 -5.60557365e-01 -4.88864869e-01
    1.13916516e+00 9.45052087e-01 8.62182736e-01 7.92312145e-01
    1.07698941e+00 -2.31801927e-01 2.03806341e-01 1.63204145e+00
    1.22879171e+00 -6.32151484e-01 1.26170957e+00 -5.40958166e-01
    4.44822669e-01 1.26630521e+00 -4.51234162e-01 1.51951182e+00
    -1.58291399e-01 2.89837480e-01 -5.05074978e-01 1.01207876e+00
    5.57127297e-01 1.33524239e-01 1.63437676e+00 6.55301273e-01
    1.26427138e+00 1.19708180e-02 -6.74927533e-01 4.22564089e-01
    -5.96715450e-01 1.27461004e+00 1.13548160e+00 -6.38604879e-01
    1.49042726e+00 6.77522302e-01 -6.17851079e-01 5.04985690e-01
    1.76251256e+00 6.53016031e-01 -4.20540720e-01 9.62587357e-01
    -5.07485986e-01 1.36568248e+00 1.11399531e+00 -6.90156817e-02
    -5.42422652e-01 1.10997844e+00 1.43111229e-01 -2.22474188e-01
    1.60637677e-01 1.08976638e+00 1.65014935e+00 9.93683934e-01
    1.15588427e+00 1.09575272e+00 1.05541050e-01 1.43989539e+00
    7.30855823e-01 3.06624174e-03 6.32439256e-01 3.29434276e-01
    1.59778094e+00 -5.26171565e-01 4.89188969e-01 -2.47220993e-02
    1.54267311e+00 -5.13151884e-02 3.76260281e-03 6.65565312e-01
    1.11339855e+00 2.23722517e-01 1.00972164e+00 1.06049275e+00
    8.67099762e-01 2.02637792e-01 -3.98780674e-01 4.72009063e-01
    7.12298453e-01 -2.47786045e-02 -3.25652033e-01 9.54639733e-01
    3.75432372e-02 -4.58506942e-01 4.72872794e-01 1.21797061e+00
    1.06925845e+00 -2.04754472e-01 -6.27102852e-01 7.79554248e-02
    -5.89164138e-01 2.71878958e-01 -2.58058757e-01 1.49833560e-02
    1.33383012e+00 6.36179030e-01 -8.30800772e-01 1.15899003e+00
    2.94127524e-01 9.82332230e-03 -4.59118962e-01 7.27981508e-01
    1.98240340e-01 1.02382612e+00 7.32239008e-01 1.35491979e+00
    -1.52049780e-01 2.47114539e-01 -4.28252637e-01 1.40777993e+00
    -1.87103361e-01 1.88623071e-01 7.06351042e-01 1.07163250e-01
    1.23760223e+00 -3.02483857e-01 7.00998783e-01 -8.42207074e-02
    3.60046268e-01 5.40676475e-01 -6.74998343e-01 2.57578254e-01
    9.37712789e-01 -3.53478551e-01 5.01870751e-01 -1.24249518e-01
    1.40094018e+00 1.45023704e+00 6.57764673e-02 1.36816120e+00
    -1.01940989e-01 4.10470963e-02 6.53223872e-01 -1.77539051e-01
    -1.99989498e-01 -3.32168579e-01 1.04510367e-01 1.06374049e+00
    7.47483373e-01 9.51775014e-01 7.31857181e-01 -4.37175035e-01
    -5.81161976e-01 8.53645623e-01 6.09525859e-01 1.04327941e+00
    -2.28548706e-01 -4.05735970e-02 1.21766722e+00 1.10652006e+00
    1.02241242e+00 2.00265527e-01 5.88760972e-01 -3.62441719e-01
    8.10801327e-01 8.58841002e-01 1.31277299e+00 9.97422814e-01
    5.10928929e-01 1.68056345e+00 4.56422806e-01 -5.12001395e-01
    -1.09991968e-01 1.13217294e+00 1.93840563e-01 -1.36179745e-01
    3.23702216e-01 8.35435212e-01 -6.18729770e-01 5.55978835e-01
    -5.16216397e-01 2.13910401e-01 -4.29098606e-01 1.17002726e-01
    -3.71406496e-01 4.20777082e-01 -8.68795514e-02 7.42950439e-02
    1.16960275e+00 3.71942520e-02 -6.52528405e-01 -5.74913621e-02
    1.01320422e+00 5.94884694e-01 1.25705802e+00 4.54256415e-01
    5.00912488e-01 1.62736487e+00 1.61814678e+00 -3.69903445e-02
    1.29176772e+00 1.73638213e+00 -3.65941942e-01 9.01948214e-02
    1.25524616e+00 6.72724843e-02 1.59520257e+00 -4.38807011e-02
    1.18764067e+00 1.43145752e+00 4.91857290e-01 9.38307643e-01
    -1.89209878e-01 1.25769198e-01 2.54568994e-01 1.32953739e+00
    6.03529215e-02 7.57856131e-01 -4.39417183e-01 4.58824635e-02
    6.70620441e-01 -7.53656447e-01 -6.02854490e-01 1.13679862e+00
    -3.50811094e-01 1.40723276e+00 1.18533528e+00 1.95764363e-01
    1.32851028e+00 -2.71680117e-01 -9.20291543e-02 9.45294201e-01
    1.98019385e-01 -2.49047101e-01 -4.41688955e-01 1.89429462e-01
    3.53493094e-01 6.49874270e-01 -1.99282378e-01 -4.87470150e-01
    4.73957300e-01 3.99039984e-02 -1.79356337e-03 5.51954150e-01
    2.36879945e-01 9.75198567e-01 6.43577218e-01 9.91893530e-01
    3.36533725e-01 1.47889864e+00 1.08791852e+00 2.68233240e-01
    5.40362835e-01 1.37239575e-01 1.27995348e+00 1.15201151e+00
    4.02774513e-01 1.47440636e+00 8.41415524e-01 -4.11242813e-01
    9.45834935e-01 -4.41902816e-01 8.63007963e-01 5.81579983e-01
    -3.65442216e-01 9.12299156e-01 2.58532286e-01 -1.01340950e-01
    1.54770231e+00 4.19531465e-01 4.72322762e-01 6.14719152e-01
    6.56114101e-01 2.76857972e-01 -5.27839005e-01 -1.73874825e-01
    1.01967025e+00 1.23822665e+00 -1.55316919e-01 -2.62274802e-01
    -2.94546485e-01 -6.45709395e-01 1.47997630e+00 4.12453473e-01
    1.38516426e-02 1.02165318e+00 1.74041641e+00 -3.89975101e-01
    4.30899262e-02 -5.59040427e-01 1.17067325e+00 2.10568905e-02
    7.77544916e-01 7.04845309e-01 4.90733504e-01 -3.32075328e-01
    7.01441944e-01 1.44904089e+00 9.69235718e-01 -2.71595895e-01
    1.32710099e+00 -1.87589526e-02 6.33998096e-01 1.23768282e+00
    1.31724977e+00 1.64476633e-02 -1.04175210e-02 1.44471979e+00
    1.13917351e+00 2.17456400e-01 5.09857357e-01 -2.39506304e-01
    1.35394633e-01 -4.77571487e-01 -3.64943206e-01 3.27491879e-01
    1.45074844e+00 -3.17473680e-01 -5.28044939e-01 2.84665167e-01
    -2.15226084e-01 2.08747983e-02 -4.90265369e-01 8.46763551e-01
    1.21280742e+00 1.20344210e+00 1.53174067e+00 1.47110236e+00
    -7.34152734e-01 1.55214667e+00 -4.82277244e-01 5.94887316e-01
    8.22917342e-01 -2.35761881e-01 1.00447035e+00 -4.07074928e-01
    1.21863544e+00 9.19479072e-01 1.31865025e+00 1.39414060e+00
    1.52178395e+00 8.39737713e-01 1.02160811e+00 2.80325353e-01
    1.32552516e+00 4.16137338e-01 1.08437538e+00 -2.23649621e-01
    1.47041404e+00 4.53252435e-01 6.70964479e-01 8.48607421e-02
    5.95933080e-01 -4.56130922e-01 2.35413909e-01 -1.48081779e-01
    3.09646249e-01 -2.38146871e-01 6.73392653e-01 -6.92379534e-01
    1.49221170e+00 1.58995557e+00 -7.21351981e-01 1.20452023e+00
    1.25502539e+00 6.65744126e-01 6.87933564e-01 -4.02165294e-01
    7.05518842e-01 8.11526597e-01 -1.91747844e-01 7.95975924e-01
    -4.32827979e-01 9.49644983e-01 2.84991920e-01 5.53390801e-01
    1.15567887e+00 5.66273928e-01 6.44448221e-01 -2.15754926e-01
    9.66585815e-01 5.20231545e-01 4.64747906e-01 6.36990786e-01
    2.98933446e-01 1.63565171e+00 2.96498239e-01 7.58796334e-01
    1.50143981e+00 1.34748876e+00 2.53768384e-01 7.22572386e-01
    -2.39098698e-01 3.58374119e-02 1.27764678e+00 1.60838306e+00
    1.16048753e+00 1.02149463e+00 1.37827969e+00 4.64640439e-01
    5.70836127e-01 2.91568696e-01 -6.97346628e-01 1.38669014e+00
    1.67709255e+00 -1.88655347e-01 -4.26343650e-01 3.98926854e-01
    1.11986434e+00 5.09678423e-01 1.52328062e+00 5.00643969e-01
    9.59552109e-01 1.71596825e-01 1.52911949e+00 1.05904400e+00
    -2.59956062e-01 -2.87638724e-01 1.12166214e+00 1.65405488e+00
    6.18738532e-01 7.64863551e-01 -5.16554356e-01 1.08603048e+00
    3.56380284e-01 -1.29228711e-01 1.49208474e+00 1.64875424e+00
    4.53536868e-01 9.24039364e-01 8.07015896e-01 7.67914057e-02
    -6.50025666e-01 1.20334923e-01 9.63993073e-01 1.26741993e+00
    1.63183403e+00 1.64329219e+00 6.81453109e-01 -6.01088107e-01
    9.39460754e-01 1.44367576e+00 -6.95406139e-01 4.69430745e-01
    1.33535922e-01 -2.03866243e-01 -5.75252831e-01 1.34208441e+00
    1.15141749e+00 2.33931839e-01 1.68355465e-01 8.81951392e-01
    -4.39732879e-01 -5.56751132e-01 9.93362427e-01 1.39840400e+00
    1.67810464e+00 2.41970837e-01 2.98012376e-01 5.65716505e-01
    -3.03981483e-01 -2.72439092e-01 1.18330252e+00 -1.98955119e-01
    -6.35656297e-01 -2.82725453e-01 2.55097628e-01 2.27850139e-01
    -5.69189608e-01 9.86078978e-02 1.49217975e+00 -3.47144246e-01
    7.83341885e-01 -1.53246552e-01 2.45808363e-01 -4.29130793e-02
    1.37515616e+00 1.61429477e+00 4.10537124e-02 1.82536006e-01
    7.98986554e-01 1.02688527e+00 -5.95592856e-02 -2.22400695e-01
    7.12030828e-01 1.28846359e+00 1.16625786e+00 1.39353073e+00
    1.21979046e+00 1.12992287e-01 6.87835157e-01 -3.26246262e-01
    -5.89116931e-01 1.11439586e+00 7.62731910e-01 1.66864753e-01
    2.62258828e-01 1.12409353e+00 3.22951078e-01 2.75346398e-01
    8.44298780e-01 1.25753701e-01 -3.65671903e-01 1.17495298e-01
    6.91862285e-01 7.55684078e-01 -6.55117273e-01 1.34506404e+00
    -5.54139733e-01 6.96390867e-01 4.59130108e-01 -5.72832525e-01
    8.31192553e-01 1.28137779e+00 -6.25069499e-01 8.29040289e-01
    -6.07588053e-01 -2.84747541e-01 3.77941310e-01 5.84172428e-01
    1.02222824e+00 1.04762793e-01 5.76065660e-01 -2.63223261e-01
    1.45878673e+00 -6.13077879e-01 1.40641618e+00 1.27835083e+00
    7.26902783e-01 7.58901834e-01 -4.59139109e-01 1.65896153e+00
    7.32164621e-01 9.42463398e-01 2.71339357e-01 5.85533917e-01
    -5.34666538e-01 1.46518838e+00 1.28601265e+00 -1.72394216e-01
    4.86005366e-01 -5.69093943e-01 -7.90231824e-02 -3.40047479e-02
    -1.56653702e-01 1.42861629e+00 -6.34493232e-02 1.83855772e-01
    8.70154202e-01 8.88849020e-01 9.70173359e-01 9.70339417e-01
    2.15393484e-01 -2.95788080e-01 6.61109865e-01 2.43046284e-01
    4.91587102e-01 -6.02014005e-01 8.25671375e-01 1.10488653e+00
    -5.61284781e-01 -5.90331554e-01 9.82717872e-02 -5.20949841e-01
    -4.73707438e-01 1.06796122e+00 2.76810527e-01 9.75296319e-01
    7.27802694e-01 5.38442135e-02 1.45906162e+00 5.32986283e-01
    1.43076324e+00 1.74377728e+00 7.03886747e-01 6.29088163e-01
    -7.86972046e-02 1.15336514e+00 1.06735492e+00 -1.19361639e-01
    3.73263121e-01 -6.26209855e-01 1.57642841e+00 7.19498813e-01
    9.52832580e-01 1.00074840e+00 4.78635728e-01 8.41429293e-01
    4.93011296e-01 1.57700419e+00 9.47855711e-01 6.44933581e-01
    1.41114831e+00 -5.77215910e-01 4.38201249e-01 -6.00314021e-01
    9.19261336e-01 -3.06239665e-01 4.47319150e-01 1.28255451e+00
    6.71571374e-01 1.05444574e+00 1.59651387e+00 6.48056924e-01
    1.20889151e+00 -4.02529299e-01 1.26296246e+00 7.23880947e-01
    -6.54058158e-01 8.59018207e-01 1.59062648e+00 1.26844656e+00
    6.14850819e-01 -4.14761394e-01 1.15478218e-01 -3.02832842e-01
    1.55068839e+00 -3.36680382e-01 9.75380421e-01 -5.49754202e-01
    9.35526788e-01 -2.25214630e-01 -6.70682192e-02 -5.93869030e-01
    7.22579360e-01 1.07345331e+00 1.10251451e+00 -4.33892518e-01
    1.57172203e+00 1.47079706e-01 1.09815550e+00 8.59164000e-01
    9.06395733e-01 -5.55278778e-01 1.22805190e+00 1.44291449e+00
    -4.01396513e-01 -3.21639776e-02 4.34244215e-01 3.89289379e-01
    8.71625423e-01 -3.37166011e-01 7.55545795e-01 -4.96527553e-02
    7.86547840e-01 -2.92935312e-01 -1.26439750e-01 -3.54742229e-01
    1.56135559e-02 1.58086264e+00 -5.40499091e-01 6.02722406e-01
    9.34326649e-01 1.35627806e-01 7.39074945e-02 -3.22886676e-01
    1.56121683e+00 1.66984177e+00 -6.04023337e-02 1.09818542e+00
    1.36040783e+00 8.69050860e-01 -4.41061258e-01 7.13778079e-01
    -1.59790397e-01 9.96605635e-01 1.57668173e-01 2.96270907e-01
    -6.58413768e-02 1.65597057e+00 1.52184784e+00 -4.64255452e-01
    6.49874210e-01 5.68429708e-01 1.17425442e-01 -9.11322832e-02
    8.97856474e-01 -1.69994950e-01 5.99031031e-01 1.51417518e+00
    -1.68366492e-01 4.28140759e-01 1.66334844e+00 5.11541545e-01
    -1.52733624e-01 -4.75235313e-01 1.08855772e+00 8.19532394e-01
    4.90429997e-01 1.24776077e+00 5.76293468e-01 -5.50403059e-01
    2.50310659e-01 1.11730063e+00 1.07529306e+00 -1.07674420e-01
    9.36343610e-01 1.63877106e+00 3.60240698e-01 9.20826793e-02
    7.70943046e-01 8.35426211e-01 -4.54781145e-01 1.36542630e+00
    1.41872835e+00 1.52940798e+00 -1.42945945e-01 -3.70838374e-01
    1.38343978e+00 -3.99473608e-01 6.21251523e-01 -3.69486570e-01
    -9.72326994e-02 3.91946733e-01 2.29573190e-01 7.93604851e-01
    6.40230417e-01 3.07812512e-01 -1.60706460e-01 7.70827055e-01
    6.04217649e-02 -5.57666779e-01 9.17298555e-01 1.18389559e+00
    8.49612057e-01 1.26614308e+00 1.23218715e-01 1.53983140e+00
    -2.55621970e-01 1.19908988e-01 1.51778138e+00 -1.13882601e-01
    1.30324709e+00 9.58025515e-01 9.54775155e-01 2.78978705e-01
    -1.43390894e-01 -1.50482565e-01 5.54440618e-02 -4.23712015e-01
    7.27595568e-01 -4.32011962e-01 7.04412460e-01 -1.69904888e-01
    -2.65169889e-01 -4.64364141e-01 1.33181143e+00 9.13931549e-01
    1.20322371e+00 -2.26185769e-01 1.15781653e+00 4.09309268e-02
    1.01204228e+00 -1.39385015e-01 -2.33684659e-01 -3.74597996e-01
    7.55249739e-01 -1.55568808e-01 1.70721793e+00 3.09206784e-01
    1.07064962e+00 6.40518606e-01 1.62076664e+00 -3.55253577e-01
    7.14721680e-02 5.12959957e-02 1.53116798e+00 3.62065315e-01
    1.61757052e-01 6.05405629e-01 -5.43329895e-01 1.29829752e+00
    1.55083692e+00 1.00231695e+00 1.74828959e+00 -9.24830437e-02
    3.51049900e-01 9.83379543e-01 -1.82559460e-01 -5.97178042e-01
    1.00881553e+00 1.21223807e+00 2.55826831e-01 1.24203598e+00
    1.40009105e+00 9.25813258e-01 2.38524556e-01 6.79849684e-01
    7.21883595e-01 8.54655683e-01 3.64131629e-01 -2.72812098e-01
    -6.75077319e-01 1.16721916e+00 2.18560517e-01 1.28849483e+00
    8.12856197e-01 1.03666663e+00 1.56175387e+00 -5.27187347e-01
    -7.43397474e-02 1.46942246e+00 -3.17941248e-01 4.88773644e-01
    1.90118313e-01 -6.57963932e-01 6.41892195e-01 -2.81536192e-01
    6.46506667e-01 2.92474926e-01 3.14937532e-01 3.51227105e-01
    1.43928361e+00 -2.97858179e-01 2.60848880e-01 8.26030195e-01
    1.76990986e+00 8.51852775e-01 1.47663927e+00 -5.68099201e-01
    1.46262407e-01 3.94330442e-01 1.34546137e+00 1.28935635e-01
    1.24513078e+00 8.47015977e-01 6.83532059e-01 -4.98157531e-01
    -1.21907651e-01 -3.39675993e-01 -6.43410206e-01 6.27173960e-01
    5.80237627e-01 9.15107071e-01 8.17607403e-01 9.91442502e-01
    -9.42278504e-02 6.12933040e-02 1.38586187e+00 -5.92145264e-01
    8.38451385e-01 -3.05834621e-01 1.62486887e+00 3.49369168e-01
    3.63700986e-02 -3.06323171e-02 1.01599765e+00 1.41031981e-01
    2.78916657e-01 -1.58072889e-01 -1.40455842e-01 -2.10642815e-03
    8.99450660e-01 8.85928690e-01 5.46812415e-01 1.60275531e+00
    -4.87511158e-02 -1.73775554e-02 6.20306730e-02 1.31241786e+00
    1.15243721e+00 1.52117682e+00 9.99937952e-01 5.16948462e-01
    6.37153983e-02 -1.45999551e-01 1.19808793e+00 6.10392809e-01
    5.78421652e-01 8.43503356e-01 -3.53758633e-02 1.05952382e+00
    -6.43778384e-01 1.18869174e+00 1.12051988e+00 2.13716984e-01
    6.79466605e-01 6.98985100e-01 1.20284677e+00 -3.22682887e-01
    -2.81132966e-01 1.65246534e+00 5.73696375e-01 1.61602139e+00
    -1.11399889e-02 -5.24569273e-01 1.35683239e-01 -4.33678538e-01
    5.59498668e-02 1.01040828e+00 4.36477661e-01 1.43440557e+00
    3.09611797e-01 1.10368824e+00 1.43213248e+00 2.41463840e-01
    1.68376207e-01 -2.57708073e-01 -2.81213105e-01 5.06062210e-01
    1.03577209e+00 -4.38756645e-01 1.15700424e+00 3.25964212e-01
    5.04792511e-01 -3.28380883e-01 1.30052650e+00 2.29272723e-01
    -1.35894358e-01 1.42704964e-01 1.28087199e+00 1.31448174e+00
    9.77330685e-01 1.55381739e-01 1.22580981e+00 -1.48525983e-01
    1.00951147e+00 -5.44579089e-01 8.08642745e-01 -1.21840537e-01
    -6.33865535e-01 7.46582508e-01 -2.39639461e-01 -1.48289800e-01
    6.56384408e-01 -1.47376180e-01 9.10718501e-01 5.50416708e-02
    1.10082817e+00 1.22294426e-02 3.80098104e-01 1.41145015e+00
    -5.30097485e-01 8.39883685e-02 1.12219477e+00 8.97040546e-01
    -3.06025624e-01 2.87658572e-01 1.36816108e+00 1.01114750e+00
    4.76949692e-01 1.23446465e+00 1.48520017e+00 7.03509748e-01
    8.12965631e-03 1.40606534e+00 -6.63654506e-01 1.43126512e+00
    -4.71703798e-01 1.65979743e-01 1.40713191e+00 -5.70398569e-03
    2.15699613e-01 -1.90196633e-02 1.11968124e+00 2.76792884e-01
    1.31671834e+00 1.62229347e+00 -3.76343995e-01 6.42300129e-01
    1.27803779e+00 9.72859979e-01 -3.21194023e-01 1.26071215e+00
    1.31882894e+00 1.68641031e-01 9.34795141e-02 8.97744298e-02
    8.49378645e-01 1.12656021e+00 -2.89498299e-01 1.67053938e-03
    9.91636515e-02 2.00961292e-01 1.34284019e+00 1.49561095e+00
    8.24594855e-01 -2.62228370e-01 1.52867997e+00 1.63904476e+00
    -4.93750423e-01 1.24741721e+00 -1.50703847e-01 -6.10125422e-01
    7.15703964e-01 1.12188244e+00 6.33195043e-01 6.70174479e-01
    4.82545495e-01 2.16538727e-01 9.60560381e-01 8.34902227e-01
    6.91897571e-01 -1.35456204e-01 -4.19486463e-01 -3.42430353e-01
    8.20785403e-01 1.17798138e+00 -3.09708416e-01 1.02488792e+00
    -2.58413672e-01 -1.22400492e-01 1.55912805e+00 8.21496069e-01
    1.03264534e+00 4.48896587e-01 3.26184630e-01 9.80624676e-01
    -1.96503699e-01 1.20185018e-02 1.06554627e+00 -3.27485412e-01
    7.68022537e-01 1.24281240e+00 -6.78086758e-01 -5.75234771e-01
    1.56292164e+00 2.04314113e-01 1.05334198e+00 6.56489134e-01
    1.12341046e-01 1.45141661e+00 -6.86532140e-01 1.25903428e-01
    1.02447438e+00 9.91269708e-01 3.44804645e-01 1.26713550e+00
    5.07540226e-01 7.43470907e-01 1.06211209e+00 4.33453739e-01
    2.10964084e-02 1.58445299e-01 1.58750820e+00 5.30593038e-01
    1.24628997e+00 -4.79750633e-01 1.02884102e+00 4.30424094e-01
    -6.61508858e-01 -6.51080012e-01 3.71936977e-01 -4.34514791e-01
    6.36036098e-01 -1.11804962e-01 7.54070640e-01 1.19098306e+00
    1.69107223e+00 1.02565444e+00 -4.45269406e-01 4.11373854e-01
    -3.55513692e-02 7.42257535e-01 -4.86452579e-02 8.22925627e-01
    -7.08822191e-01 4.93857384e-01 9.41791236e-01 -2.09221035e-01
    1.15968823e-01 7.62141645e-01 -4.00660008e-01 1.56210816e+00
    9.43112373e-02 1.47600782e+00 -1.06001675e-01 1.29762530e+00
    6.53544784e-01 1.44284570e+00 -6.68564677e-01 6.10195398e-01
    -5.13364315e-01 1.40831053e+00 -4.28411335e-01 -1.12479925e-03
    1.72037435e+00 -1.25949025e-01 -4.36422318e-01 4.47312653e-01
    -1.81851864e-01 7.43684232e-01 -3.17890912e-01 2.80725956e-02
    -1.41540647e-01 1.60022521e+00 -3.78625989e-02 2.20660150e-01
    1.46585608e+00 -2.45462567e-01 -4.15760338e-01 5.32049775e-01
    1.03756666e+00 1.68943119e+00 1.89909697e-01 1.54766262e-01
    -9.56785083e-02 9.64713335e-01 -7.05043674e-01 9.02919829e-01
    -5.94360530e-01 8.40903938e-01 1.52758050e+00 9.16790366e-02
    5.67780018e-01 -1.15671694e-01 1.59926248e+00 4.24069762e-01
    -5.13905287e-03 5.75557768e-01 1.89033747e-01 -5.30732870e-01
    -2.03501165e-01 -5.42222679e-01 2.48200834e-01 1.58407187e+00
    -2.23132074e-01 4.84805584e-01 4.79394972e-01 4.22499597e-01
    1.15637064e+00 2.24534810e-01 -1.19317174e-01 1.46444488e+00
    -4.79460061e-01 -4.65956688e-01 -1.03699595e-01 1.20546973e+00
    1.34251761e+00 -4.81465220e-01 9.58636880e-01 -1.07354224e-01
    1.40864086e+00 1.47519541e+00 -1.62881076e-01 -5.06260753e-01
    8.99508178e-01 -9.08125043e-02 1.21088672e+00 1.40439677e+00
    6.38258517e-01 1.56035614e+00 1.47850263e+00 1.74940681e+00
    3.63196194e-01 8.14639211e-01 -6.24676108e-01 4.99538541e-01
    -4.61971790e-01 2.90278733e-01 1.35507870e+00 8.03929210e-01
    7.88714767e-01 1.52779937e+00 9.58039641e-01 1.61348796e+00
    -6.30260170e-01 -2.08164394e-01 3.14844608e-01 1.43389714e+00
    1.37611568e+00 -5.58383644e-01 3.46401393e-01 1.26303542e+00
    4.19380128e-01 1.18627906e+00 -1.12047911e-01 -5.53337932e-02
    7.98198044e-01 -5.60903847e-01 -3.77770871e-01 4.50640738e-01
    1.07933283e+00 -8.82052183e-02 1.44126534e+00 1.51748610e+00
    1.37127709e+00 1.45177090e+00 1.61967933e-01 1.22007203e+00
    6.37166739e-01 -3.89109254e-01 1.22464597e-01 -3.35069954e-01
    5.42722940e-02 3.73715222e-01 2.26666629e-01 1.33605933e+00
    1.53766513e+00 -4.92047042e-01 2.17955589e-01 1.42426109e+00
    3.22992921e-01 7.95108557e-01 3.91837358e-01 -3.96788955e-01
    1.75494313e-01 1.41065526e+00 1.06577706e+00 -3.03511411e-01
    6.88369274e-01 1.35165894e+00 -1.43234730e-01 1.16839027e+00
    -4.61397767e-01 -4.79223728e-02 -4.44657028e-01 -2.49511480e-01
    1.17281651e+00 1.47597289e+00 1.12528515e+00 6.51054382e-02
    -4.44953740e-01 5.50303400e-01 1.42229629e+00 -6.30464315e-01
    -4.23034817e-01 8.70266199e-01 1.12849116e+00 -4.89204645e-01
    1.25914693e+00 1.07168496e+00 1.20430195e+00 7.29000688e-01
    -5.07698655e-02 -4.68695223e-01 -3.94769698e-01 1.21900010e+00
    1.33219457e+00 5.85995436e-01 -1.36158168e-01 6.17097080e-01
    7.84188390e-01 -2.38616765e-01 8.55062485e-01 -6.86536431e-02
    4.49115634e-01 -2.42822230e-01 -1.59610510e-02 -6.06680691e-01
    5.99304974e-01 1.61406565e+00 1.17717099e+00 1.50337243e+00
    1.22195268e+00 6.05540752e-01 -1.97526634e-01 -1.11485422e-01
    7.26043522e-01 2.30975032e-01 7.55330205e-01 1.50919938e+00
    -1.46314651e-01 -3.71744066e-01 8.23849916e-01 4.23107862e-01
    2.98179984e-01 1.25476587e+00 -1.00242019e-01 2.34844148e-01
    3.13499033e-01 5.94970107e-01 9.94203508e-01 -4.15568352e-02
    9.74735856e-01 -2.33933359e-01 2.15159535e-01 -3.68717253e-01
    3.62291515e-01 -3.02913219e-01 1.00842094e+00 2.16987371e-01
    -6.23658299e-01 -2.67286599e-01 2.83467293e-01 9.60621536e-01
    8.23627114e-02 1.32672906e-01 1.38773108e+00 1.30106664e+00
    -2.84702539e-01 1.29755998e+00 1.63152242e+00 -3.71530414e-01
    -5.27565598e-01 -4.90909159e-01 8.16774368e-03 1.57513595e+00
    -1.79059267e-01 9.34797347e-01 4.30397749e-01 -1.92228317e-01
    -2.06502885e-01 6.84474051e-01 6.88977003e-01 3.99958789e-01
    -4.41789627e-01 1.85754776e-01 4.68072891e-02 -8.35965276e-02
    4.01079655e-03 1.24627948e+00 1.32395864e+00 -2.42244422e-01
    1.42009115e+00 4.64897215e-01 6.38752818e-01 6.65540934e-01
    9.51773345e-01 1.39525294e-01 1.38794589e+00 1.36870360e+00
    -2.63531089e-01 -6.23093009e-01 1.75491858e+00 1.61237299e-01
    2.59365380e-01 1.45057392e+00 1.00835621e+00 1.57891083e+00
    -3.53431970e-01 -3.49107623e-01 7.66937375e-01 1.51511455e+00
    7.42884278e-01 1.25337434e+00 1.61510277e+00 6.05564296e-01
    1.44890130e-01 -2.20448524e-01 -4.41620946e-01 -3.00538301e-01
    1.50821090e+00 1.61761737e+00 6.24552011e-01 1.22101116e+00
    -2.21395433e-01 2.47733116e-01 -5.41944504e-02 9.79994178e-01
    8.00893903e-02 -1.30571246e-01 1.56129301e+00 1.15854192e+00
    -3.01084876e-01 1.41402078e+00 -5.04920900e-01 8.96100998e-02
    -1.46363258e-01 3.80879879e-01 1.52229714e+00 1.05888486e-01
    -3.06316108e-01 5.99598408e-01 1.32257104e+00 5.98792911e-01
    1.06021464e-01 1.63236475e+00 1.37206483e+00 9.35943007e-01
    1.94907844e-01 -1.74839675e-01 8.18195581e-01 -5.32106757e-02
    7.04738021e-01 -4.96802449e-01 7.14256644e-01 1.53862739e+00
    9.35416579e-01 1.03616190e+00 -5.43016016e-01 7.34812140e-01
    -3.40905100e-01 -1.71424270e-01 1.59391356e+00 -3.49970371e-01
    1.36949301e+00 -6.09472096e-01 -2.71603256e-01 1.66151142e+00
    9.77145493e-01 -3.91025156e-01 3.49420547e-01 -3.93157125e-01
    1.94595754e-01 1.55058479e+00 2.37989187e-01 3.42414021e-01
    1.53924644e+00 3.52973044e-01 1.16728520e+00 7.57802129e-02
    -3.83334309e-01 9.00134444e-02 1.16528308e+00 -3.48316222e-01
    1.01022172e+00 -3.88631344e-01 -3.22975963e-01 -1.78124577e-01
    -3.58482450e-01 -4.38543528e-01 9.74297523e-02 9.29007053e-01
    2.26568460e-01 6.02405727e-01 -1.15585089e-01 3.80844057e-01
    1.39533138e+00 1.28727484e+00 1.58562374e+00 3.70522857e-01
    9.87349749e-02 3.28241646e-01 1.62808347e+00 1.41347384e+00
    -2.92748630e-01 1.68695116e+00 -5.02241313e-01 -3.56757730e-01
    1.31810164e+00 1.32867861e+00 -1.41896367e-01 1.99411333e-01
    1.46411574e+00 -8.32437873e-02 3.58679831e-01 5.54656386e-02
    3.51295233e-01 -6.09823585e-01 -6.55349612e-01 1.53824425e+00
    5.98573208e-01 -6.46661997e-01 1.61289847e+00 1.86471164e-01
    4.30898011e-01 1.50661111e+00 7.47387886e-01 -5.99464178e-01
    1.25042129e+00 1.18089139e+00 1.11328983e+00 2.74132133e-01
    -6.44940734e-01 -3.42007279e-01 4.94371653e-01 1.32072031e-01
    8.28632355e-01 1.06658792e+00 5.91195703e-01 1.17383504e+00
    -1.66016161e-01 9.97313261e-01 -5.10489225e-01 1.17790031e+00
    -1.40621126e-01 2.75246322e-01 -6.72961116e-01 4.15525794e-01
    1.58501184e+00 1.42696691e+00 6.48542523e-01 1.53835833e-01
    6.89809918e-02 3.72313976e-01 1.59224010e+00 -5.54811299e-01
    1.12816715e+00 7.50506818e-01 -4.99510974e-01 -7.83799708e-01
    1.19095516e+00 -1.31607711e-01 2.22519457e-01 1.46619856e-01
    1.45622766e+00 1.31526828e-01 1.29083061e+00 -1.14392996e-01
    -4.99038696e-01 1.50505567e+00 1.45752275e+00 2.75901198e-01
    2.85797417e-01 5.72029591e-01 -3.14737052e-01 -9.88468528e-02
    1.58351874e+00 1.40003431e+00 1.01939678e+00 3.24052572e-02
    3.75689924e-01 1.38123417e+00 1.59437108e+00 1.36712432e+00
    -4.86398160e-01 1.33417678e+00 1.94129825e-01 3.49903464e-01
    -3.14638317e-01 4.96798992e-01 -2.89893150e-02 4.22652662e-01
    -1.56296939e-01 2.09078729e-01 1.29282176e+00 8.99452567e-01
    1.25737679e+00 1.03682137e+00 7.44689047e-01 -3.53022158e-01
    -8.17763805e-03 1.23348832e+00 2.18675137e-01 2.66273975e-01
    9.59913135e-02 -3.79164398e-01 1.29671764e+00 8.91312957e-02
    6.09279871e-01 8.84525955e-01 8.16997528e-01 1.73301625e+00
    1.61481643e+00 1.28416348e+00 1.29609716e+00 9.46501255e-01
    1.54491496e+00 -6.06973171e-02 -5.90819359e-01 7.47305274e-01
    7.45457470e-01 9.00941849e-01 8.90355289e-01 1.23708940e+00
    7.48776674e-01 1.74977183e-02 7.46867061e-01 -5.77386379e-01
    6.53687537e-01 5.80380499e-01 3.60276699e-02 9.44085062e-01
    1.48735726e+00 1.45646048e+00 -9.15448070e-02 -4.76154685e-01
    1.49573791e+00 1.16366315e+00 1.39789402e-01 5.35291731e-01
    9.58074152e-01 -4.79496241e-01 1.80715656e+00 1.78448129e+00
    1.56142473e+00 8.19029510e-01 1.50740552e+00 -6.37419343e-01
    5.63950956e-01 4.28817749e-01 -3.83101314e-01 2.02254415e-01
    -4.02718097e-01 -2.26698518e-02 1.38240254e+00 8.22726130e-01
    6.94146633e-01 1.26698112e+00 1.25132346e+00 8.41375172e-01
    3.00779641e-01 4.54532564e-01 7.10715353e-01 8.75502765e-01
    -5.76303005e-01 2.58069456e-01 1.43694687e+00 4.55688715e-01
    -2.46584296e-01 1.65533423e-02 1.12486696e+00 1.80868804e-01
    -2.07283854e-01 -5.03945947e-02 -3.97261858e-01 1.33087826e+00
    1.33432841e+00 2.45106518e-01 -6.99077606e-01 7.60057569e-01
    1.58563125e+00 1.10126758e+00 1.62131953e+00 1.18794000e+00
    1.05170941e+00 7.50132799e-01 9.75321591e-01 -5.18301368e-01
    -3.46433342e-01 1.50689924e+00 -2.05620885e-01 1.18843019e-01
    1.29527271e-01 -6.03191793e-01 2.60970473e-01 1.12662077e+00
    3.64507258e-01 1.54998922e+00 1.11218095e+00 -3.78733754e-01
    1.67989850e-01 -1.15489542e-01 2.01979458e-01 3.86512041e-01
    1.76663339e-01 1.34332561e+00 3.22120249e-01 1.71018887e+00
    1.12451649e+00 1.59499431e+00 7.05467045e-01 1.16140103e+00
    1.48708570e+00 1.53254580e+00 -4.69348818e-01 7.75178552e-01
    -2.51630545e-02 -3.56089175e-01 1.01910365e+00 8.33429992e-01
    -3.39098781e-01 -6.67504072e-02 1.38212585e+00 -5.46009541e-02
    1.38977790e+00 9.89097595e-01 5.32317162e-03 1.41640651e+00
    -1.48625076e-01 9.08086479e-01 1.11358905e+00 -2.39623070e-01
    7.25667119e-01 1.43460035e+00 1.04665375e+00 1.39476204e+00
    -3.04333240e-01 2.19934702e-01 1.37667656e-01 9.52936649e-01
    -4.94687736e-01 -8.27556849e-02 -1.17245972e-01 -3.51401001e-01
    1.73718333e-01 1.07664537e+00 8.34423125e-01 1.61857891e+00
    1.43538833e+00 5.62858343e-01 -2.99608588e-01 1.38437963e+00
    1.53638613e+00 1.06316209e-01 -6.46579266e-02 9.27384317e-01
    3.32854390e-02 6.25384927e-01 5.37096322e-01 -7.61889398e-01
    5.79138160e-01 4.71740365e-02 -1.71635330e-01 -3.62448573e-01
    1.55405402e+00 1.55744648e+00 8.17377687e-01 -6.45308733e-01
    -2.02910721e-01 1.67844164e+00 6.12176418e-01 1.19857299e+00
    -8.74592066e-02 6.05952740e-02 -5.57537794e-01 5.51826775e-01
    5.66490769e-01 1.27530146e+00 1.13678980e+00 8.08230937e-01
    -3.22075486e-02 1.36986828e+00 -7.66641498e-02 6.38985038e-02
    7.71230340e-01 -3.92012209e-01 1.26826072e+00 9.30673301e-01
    1.62778723e+00 4.58354712e-01 1.49801755e+00 6.60570860e-01
    -2.45014936e-01 5.31073749e-01 4.33393300e-01 -4.28543001e-01
    -6.19302809e-01 9.21124518e-01 3.34245503e-01 4.35250521e-01
    6.27556622e-01 -4.38429862e-01 1.00728250e+00 7.65722871e-01
    1.09464908e+00 -5.26845396e-01 8.30913186e-01 1.00214469e+00
    1.48491168e+00 -2.84685373e-01 4.69709039e-02 -4.83697474e-01
    7.81663656e-02 1.75114429e+00 1.17813611e+00 3.90183270e-01
    1.30722392e+00 5.42263865e-01 -5.03757596e-01 4.69454944e-01
    2.77207911e-01 4.93639112e-02 1.00725675e+00 7.79329121e-01
    3.02398205e-01 -3.73145819e-01 -4.09326315e-01 1.94631696e-01
    -2.25943625e-01 1.11609995e-01 -3.37812215e-01 2.62861669e-01
    5.82739890e-01 4.65727985e-01 -6.01616859e-01 8.79057169e-01
    5.90346038e-01 -9.51097608e-02 -5.26741147e-02 -2.11994708e-01
    3.27680230e-01 9.00435567e-01 2.65460253e-01 1.84444129e-01
    1.49807262e+00 1.02550292e+00 6.69384539e-01 2.41076767e-01
    9.13857698e-01 1.42999148e+00 -4.41202104e-01 1.68844628e+00
    -6.17482901e-01 1.95741415e-01 -6.25908434e-01 1.26806331e+00
    7.61099041e-01 -1.49616957e-01 3.49331915e-01 -3.96480262e-01
    3.31571877e-01 3.51006269e-01 -3.59435827e-01 8.51047277e-01
    -4.01232600e-01 -2.09365070e-01 4.59674537e-01 9.34251547e-02
    -5.75923920e-01 1.06279445e+00 1.46428061e+00 5.16086578e-01
    1.57098532e+00 1.31880569e+00 8.05671811e-02 9.95241821e-01
    1.07794189e+00 -1.07544243e-01 1.48769772e+00 7.54648864e-01
    2.56630719e-01 -3.77625257e-01 -4.18615222e-01 1.79777694e+00
    9.54591632e-01 -1.17688775e-02 -5.44168472e-01 1.16024530e+00
    -4.56056893e-01 3.59617949e-01 1.19359565e+00 4.31058884e-01
    4.02539194e-01 8.74666333e-01 -2.07422167e-01 2.70718873e-01
    6.22005939e-01 -2.85447836e-02 1.62458301e-01 -6.95851028e-01
    5.37378788e-02 1.64970827e+00 -2.73452163e-01 -5.33861697e-01
    -1.14738345e-02 1.06364083e+00 7.63910174e-01 1.40123224e+00
    9.36563075e-01 -7.14585483e-01 7.06183016e-01 7.31060505e-01
    9.86114204e-01 1.55331039e+00 2.36419022e-01 3.65193486e-01
    -6.20253146e-01 -2.22301900e-01 -5.15386343e-01 1.46548843e+00
    1.43654299e+00 1.38424492e+00 1.18577695e+00 1.21988058e-01
    1.00085509e+00 1.31503785e+00 -1.73804045e-01 -1.91294551e-02
    1.62448239e+00 9.27938342e-01 2.19380677e-01 1.31776512e+00
    6.06593370e-01 -4.92580056e-01 1.20038855e+00 5.73995531e-01
    4.69287038e-01 1.73505545e-01 1.07632339e-01 9.91654992e-02
    5.42095304e-02 1.24565125e+00 5.10331690e-01 6.24570489e-01
    6.57900810e-01 5.42209387e-01 -4.83762264e-01 1.07786441e+00
    6.50008082e-01 8.01000178e-01 7.06437230e-02 6.65797591e-01
    5.56559920e-01 2.28559434e-01 2.26978719e-01 1.22288871e+00
    1.17417693e+00 7.72883177e-01 1.30246663e+00 -4.66407597e-01
    8.55356574e-01 1.68408704e+00 3.30235362e-01 3.22903275e-01
    1.49404407e-01 1.09658122e+00 -4.83877540e-01 4.39526021e-01
    -6.62262499e-01 1.44181049e+00 1.35620868e+00 1.62457657e+00
    6.89719200e-01 5.37815213e-01 1.16209853e+00 5.69236875e-02
    -5.08542180e-01 1.52990746e+00 1.32525778e+00 -1.54405951e-01
    -2.36019194e-01 1.13589442e+00 1.07530367e+00 -3.76177222e-01
    4.19314086e-01 1.02888227e-01 -2.32024193e-02 1.52457857e+00
    9.27108288e-01 3.95077467e-03 -5.85902154e-01 -6.44725204e-01
    8.53262067e-01 1.57634258e+00 1.57567334e+00 6.28198147e-01
    -1.63621545e-01 1.12705088e+00 -3.24622095e-01 1.01413429e+00
    3.98946226e-01 3.93062830e-02 1.63941956e+00 -3.05608898e-01
    -4.21031713e-02 3.53642344e-01 6.33132458e-02 1.68750286e-01
    1.55594337e+00 -6.01210117e-01 5.58976352e-01 6.68215334e-01
    -5.54634333e-02 3.72802138e-01 -7.17351377e-01 1.55351257e+00
    1.40946889e+00 -1.03550434e-01 -3.05550307e-01 1.67161357e+00
    1.02630126e+00 6.32855713e-01 -5.18050790e-01 -1.40910983e-01
    1.12088287e+00 1.07337737e+00 6.62189782e-01 -1.65182501e-01
    4.48460579e-01 1.24865317e+00 1.41711831e+00 8.91375601e-01
    5.51886559e-01 9.08687174e-01 2.94992268e-01 5.60841858e-01
    -5.35794735e-01 6.54093623e-01 9.61180747e-01 1.46614552e+00
    1.06311977e-01 -1.56561732e-01 2.14081466e-01 1.38626552e+00
    -5.38204908e-02 3.63559484e-01 3.26289177e-01 -2.11317539e-02
    -5.62217236e-01 1.02876866e+00 -1.04860067e-01 8.30640554e-01
    5.49446464e-01 -4.24536884e-01 1.04177094e+00 -2.45375156e-01
    9.49526131e-01 2.61040568e-01 6.75486386e-01 2.67720103e-01
    5.71128130e-01 2.13391662e-01 1.31190491e+00 -4.67667460e-01
    -6.99036121e-02 8.32048833e-01 1.90174103e-01 3.11611891e-01
    2.57950246e-01 -3.42196226e-03 1.28913927e+00 7.85475731e-01
    6.23499870e-01 1.47208714e+00 3.02167535e-01 7.57729053e-01
    -4.39341277e-01 1.23704147e+00 -5.77514350e-01 8.56602788e-01
    3.86513948e-01 6.99594617e-02 1.78302455e+00 3.34998965e-01
    4.83843386e-01 1.01951289e+00 8.23465109e-01 1.16004133e+00
    1.14908254e+00 1.51502502e+00 -6.71641827e-02 1.47221446e+00
    -1.06488049e-01 2.90349603e-01 1.05929506e+00 -2.31145442e-01
    -5.65686226e-01 1.55150127e+00 3.30315232e-01 3.73859406e-02
    -1.13344550e-01 -4.68428969e-01 2.25843072e-01 9.46714699e-01
    6.79502666e-01 9.70304370e-01 1.04741514e-01 -4.48422909e-01
    1.10114157e+00 -4.27882165e-01 -6.59424245e-01 1.13031697e+00
    -1.24864459e-01 -4.10664082e-01 1.15745521e+00 -2.30929315e-01
    -6.80241883e-02 1.18733490e+00 -2.08345562e-01 1.04025912e+00
    8.68402243e-01 1.18333673e+00 -3.14210683e-01 -9.22315717e-02
    2.68922448e-02 -7.42013335e-01 -6.74676299e-02 1.37244368e+00
    1.44208980e+00 8.98431361e-01 1.03487635e+00 3.18122923e-01
    -8.14944446e-01 -8.28194499e-01 1.69364154e-01 1.40720975e+00
    3.79762530e-01 5.78662097e-01 -3.78592461e-01 7.03413367e-01
    2.59843469e-02 -3.70880991e-01 1.34976268e+00 1.56508446e+00
    4.42968607e-01 1.09946728e-03 -4.01990831e-01 1.49972212e+00
    8.38535428e-01 -5.02516866e-01 -4.24085677e-01 1.77227306e+00
    -6.08350575e-01 -4.32201058e-01 3.27679396e-01 1.05767012e+00
    5.45083821e-01 1.80307388e-01 -2.31659263e-01 8.26762617e-01
    3.99493575e-02 1.18593466e+00 9.85945880e-01 1.08115435e+00
    2.32913733e-01 -1.15521431e-01 7.65226364e-01 1.15260601e+00
    -7.82442331e-01 3.17843497e-01 -5.15739799e-01 8.67967129e-01
    9.65563655e-01 1.54130220e-01 6.31589413e-01 2.33161390e-01
    4.46984768e-01 4.27481949e-01 -5.86405396e-02 8.04761589e-01
    -2.77141690e-01 2.72073209e-01 -3.46187830e-01 2.08792746e-01
    6.13278210e-01 -1.39367044e-01 1.79809809e-01 2.09252715e-01
    6.93569839e-01 9.69546437e-01 -1.07140303e-01 9.72308159e-01
    7.90394187e-01 -1.15289330e-01 4.10742581e-01 -3.28052938e-01
    -6.01587772e-01 8.32666695e-01 -3.30241978e-01 -6.48733377e-01
    1.77159190e-01 6.05603874e-01 1.67959857e+00 3.40621889e-01
    3.69907439e-01 2.95002043e-01 -2.76697814e-01 1.15236568e+00
    -6.56949878e-02 -3.44674706e-01 -1.60670400e-01 1.43378413e+00
    1.17957544e+00 7.85951495e-01 1.34034896e+00 5.82717001e-01
    -8.64017606e-02 -5.85635543e-01 -1.99510247e-01 8.55156183e-02
    4.60300326e-01 -5.99814653e-01 9.08350646e-01 4.23271000e-01
    -5.30959964e-02 6.69675827e-01 -4.36453074e-01 1.50359750e-01
    -1.05435550e-01 5.12305558e-01 1.51792645e+00 -6.88642204e-01
    -6.93562329e-01 1.21664524e+00 1.58192575e-01 -1.38539910e-01
    -6.65975392e-01 9.18900728e-01 4.74694192e-01 7.05997586e-01
    9.61713970e-01 1.13211751e+00 -2.86443561e-01 1.18539572e+00
    -7.25391805e-01 -2.29910284e-01 -5.72155178e-01 5.28065324e-01
    5.55955112e-01 -3.69052827e-01 7.61806786e-01 5.10536253e-01
    8.96674693e-01 1.04345131e+00 2.00732172e-01 1.61978531e+00
    2.51272917e-02 1.19740057e+00 3.25453281e-02 -4.70517278e-02
    1.57481384e+00 1.60796607e+00 -5.39400220e-01 7.19787836e-01
    -2.03575790e-01 5.18794417e-01 1.27849865e+00 8.49441409e-01
    1.16286063e+00 1.37454665e+00 1.30156922e+00 1.53054237e+00
    1.23513234e+00 7.21498132e-01 8.37964475e-01 3.30012441e-01
    1.64969063e+00 1.48773515e+00 -1.69687867e-02 5.76568544e-01
    5.61518610e-01 3.02276075e-01 -9.91380215e-02 4.24108863e-01
    6.17969751e-01 -8.62205029e-03 8.59168530e-01 3.96396995e-01
    -3.52329969e-01 1.59332550e+00 1.11524916e+00 8.84426117e-01
    -1.58506393e-01 -2.47807890e-01 -4.63085175e-02 1.71683574e+00
    -3.61236036e-01 -5.73127627e-01 -8.77113938e-02 -2.20380425e-02
    5.35027027e-01 6.82600915e-01 -2.28300154e-01 1.26498163e-01
    9.63403344e-01 1.75393224e-02 1.20578754e+00 -2.75994033e-01
    7.94853806e-01 1.18017673e+00 5.86986423e-01 1.25495255e-01
    1.48237467e+00 7.79089510e-01 4.53575492e-01 5.09184003e-02
    1.28398645e+00 9.60726976e-01 1.46801651e-01 -7.17419982e-02
    1.24879050e+00 1.37061536e+00 7.64305830e-01 8.10086727e-01
    5.27551413e-01 -3.55465323e-01 1.49542904e+00 -3.69565487e-02
    -5.62780261e-01 1.61640882e+00 6.78506911e-01 6.50586903e-01
    -3.56782049e-01 1.19410467e+00 2.53340542e-01 -5.87687850e-01
    1.36844325e+00 3.47853065e-01 1.83915794e+00 4.52848971e-01
    1.44576252e-01 -4.19476748e-01 1.45715785e+00 -2.11192042e-01
    -6.01097584e-01 1.46553886e+00 1.41402745e+00 6.49003327e-01
    -4.95727271e-01 5.40231586e-01 1.67038894e+00 1.59863329e+00
    1.12938976e+00 -4.45984602e-01 3.02560806e-01 -1.15122736e-01
    1.23350000e+00 1.59431696e+00 -2.36602068e-01 5.06577313e-01
    2.65830159e-01 -2.89592385e-01 -1.57653451e-01 1.50233734e+00
    8.02727103e-01 1.00432050e+00 3.87816012e-01 1.29201770e+00
    1.57416105e+00 1.26391959e+00 8.54640365e-01 9.40451801e-01
    -1.20474815e-01 7.09967375e-01 1.73757029e+00 9.20624495e-01
    -2.74585187e-01 2.54808843e-01 1.18452597e+00 3.52342427e-01
    1.30946851e+00 3.80093873e-01 6.23430431e-01 1.28522217e-01
    3.77139926e-01 -6.65082395e-01 1.26769662e+00 1.10193682e+00
    1.31609774e+00 1.22279549e+00 3.70182574e-01 9.25116658e-01
    8.41051221e-01 3.20602953e-01 5.77035069e-01 8.94801974e-01
    5.02489209e-01 -4.10131872e-01 -2.88716972e-01 -3.44628572e-01
    1.31828427e-01 5.35684228e-01 1.48356497e+00 -3.23240608e-01
    6.38772845e-02 1.44357610e+00 -6.35271668e-02 1.65253329e+00
    -4.05561566e-01 1.25281537e+00 1.78745306e+00 1.03205705e+00
    1.51897693e+00 9.95647550e-01 -4.43916261e-01 6.62849009e-01
    7.98781991e-01 4.66302633e-01 1.06825113e-01 1.29372549e+00
    9.92621839e-01 1.38671839e+00 1.78066313e-01 -1.16098285e-01
    3.34616125e-01 -2.84615457e-01 1.20078826e+00 4.64762926e-01
    -1.00613773e-01 4.73469496e-02 1.17791009e+00 7.20061183e-01
    8.09980035e-01 1.27710652e+00 1.15427947e+00 6.89817071e-01
    5.09362042e-01 5.40359139e-01 -5.29214323e-01 9.51837063e-01
    1.62609982e+00 4.72644925e-01 1.46583104e+00 -3.44635248e-02
    3.43528509e-01 1.75132692e+00 2.50592291e-01 3.31018925e-01
    3.39183509e-01 6.82265520e-01 1.20004487e+00 6.68723285e-01
    1.59574771e+00 2.33621836e-01 5.64717054e-01 1.16243482e+00
    9.49890614e-01 1.12237930e+00 2.47140169e-01 3.91301632e-01
    1.64960325e-01 6.63131058e-01 1.66263247e+00 -4.67957348e-01
    1.21896482e+00 6.30553067e-01 -4.72659022e-01 1.16416001e+00
    -9.94825363e-03 1.42743421e+00 3.08075488e-01 -4.94661152e-01
    7.28122950e-01 -3.78554165e-01 3.52439642e-01 9.94086266e-01
    -4.01542187e-02 -5.37408412e-01 1.11658454e+00 5.56614816e-01
    -7.60661960e-02 7.55806088e-01 -6.64168835e-01 5.17843664e-01
    6.84102356e-01 2.68315494e-01 1.54141581e+00 1.38370967e+00
    2.66632199e-01 -6.20016575e-01 1.27913821e+00 -4.27730560e-01
    1.28289390e+00 1.14591384e+00 -4.23048735e-02 1.65460873e+00
    -2.31631309e-01 -5.55892944e-01 1.13380039e+00 -6.12658858e-01
    7.49383211e-01 1.37394619e+00 -1.43933535e-01 2.32324600e-02
    1.69155550e+00 9.99440074e-01 -4.07478601e-01 1.59690118e+00
    1.00834084e+00 -3.29642862e-01 -6.66265905e-01 -2.51037896e-01
    1.16437161e+00 -5.07927358e-01 1.19520128e+00 1.62770033e-01
    2.74459720e-02 -6.24337912e-01 1.07523084e-01 9.36402559e-01
    1.09793019e+00 1.92847490e-01 1.09296012e+00 -4.81501669e-01
    5.12358010e-01 6.03748918e-01 4.08071876e-02 9.27541077e-01
    -6.32779777e-01 -6.71926796e-01 1.33236766e-01 2.35759020e-02
    -3.49937946e-01 1.77123785e-01 1.05190897e+00 1.25705791e+00
    1.39579964e+00 1.61740637e+00 3.76860619e-01 3.04143131e-01
    -1.28515720e-01 4.69798625e-01 8.77833724e-01 9.63092864e-01
    3.67897272e-01 3.33202302e-01 -1.41838253e-01 -1.12342834e-03
    1.62526798e+00 1.50537133e+00 -3.15695226e-01 3.78247917e-01
    4.75632548e-01 5.09786010e-02 1.61435747e+00 2.38093078e-01
    1.64054954e+00 -2.74094343e-02 -6.79770827e-01 9.33961987e-01
    5.30836880e-01 1.70560813e+00 -2.16180801e-01 -2.91924477e-02
    4.13241863e-01 1.59024000e+00 -4.73756790e-01 2.28305817e-01
    -1.91900134e-02 1.64077973e+00 9.91289735e-01 1.24717355e+00
    1.12988186e+00 -4.75792944e-01 7.10809112e-01 -3.09163392e-01
    1.06249487e+00 4.40002203e-01 1.37662649e-01 1.16161370e+00
    7.01759458e-02 5.21312475e-01 8.88835192e-01 1.67124557e+00
    1.11416125e+00 -6.27548754e-01 -4.97226179e-01 1.55811453e+00
    9.21582341e-01 -4.06606674e-01 1.73304439e+00 -3.98779571e-01
    3.65449071e-01 1.33901894e+00 -4.17479634e-01 1.69355690e-01
    4.55544114e-01 5.44682741e-02 -1.93295717e-01 3.43384445e-01
    3.87919784e-01 -2.80672014e-01 -2.35532522e-01 1.20078087e+00
    -5.09065390e-02 1.69336176e+00 -2.83236384e-01 1.30014420e-01
    1.76757574e-03 6.06417656e-01 -4.94342387e-01 1.27860773e+00
    1.21670103e+00 1.10433364e+00 -3.54483962e-01 -1.62575543e-01
    3.33956182e-01 1.40113878e+00 1.42598391e+00 1.41848493e+00
    9.91795063e-02 1.19280040e-01 7.51527846e-01 1.39630568e+00
    -5.66639185e-01 1.00071430e-01 -3.20709705e-01 7.62394071e-02
    3.33485484e-01 3.00844848e-01 -4.10558969e-01 2.96744347e-01
    -2.87196219e-01 -3.30354273e-01 2.09657550e-01 1.71808887e+00
    -3.10196072e-01 -4.74205613e-01 1.94479644e-01 1.45675564e+00
    1.11857235e+00 8.75729144e-01 1.45178151e+00 -6.93131804e-01
    7.91850150e-01 1.23379898e+00 3.20247889e-01 6.82771266e-01
    -4.19336349e-01 3.68705153e-01 1.22703791e+00 1.86746597e-01
    3.88634682e-01 1.08798862e+00 -4.07402933e-01 -4.49934483e-01
    7.43906260e-01 1.22316217e+00 8.00729096e-01 -3.47205907e-01
    1.13996887e+00 -2.42035925e-01 8.99427116e-01 1.16587377e+00
    -5.38955927e-01 7.27962315e-01 1.00734854e+00 -6.97610140e-01
    -2.06881344e-01 7.57463455e-01 -7.95598030e-02 -1.00654364e-01
    4.29164171e-01 -6.20710552e-01 -4.93060380e-01 5.12582064e-03
    1.45827889e+00 1.28209424e+00 1.44142365e+00 1.63725138e-01
    1.38771200e+00 -6.09962404e-01 1.13631582e+00 2.67993808e-02
    1.26056445e+00 1.40325117e+00 3.11073303e-01 1.60231960e+00
    -5.89528024e-01 3.64454448e-01 6.35259330e-01 9.25320148e-01
    -4.59148049e-01 3.73365402e-01 -3.17880929e-01 1.03656745e+00
    -6.59373939e-01 -6.56328797e-01 1.29868102e+00 -5.97943306e-01
    1.64381719e+00 1.42953551e+00 -5.48989534e-01 -3.05584580e-01
    7.79532850e-01 9.51710522e-01 1.22081935e-01 1.78032637e-01
    7.97436416e-01 -2.55592912e-01 -2.14317143e-01 6.12037182e-01
    1.46604085e+00 7.94361889e-01 -3.82329822e-02 8.38017285e-01
    1.20803380e+00 1.07353711e+00 3.66284311e-01 -4.22091514e-01
    -5.08421123e-01 -5.62006235e-02 8.76556158e-01 1.50993407e+00
    1.22090077e+00 -7.90332854e-01 1.65435076e-01 1.19920015e+00
    -3.09274197e-02 -1.01061821e-01 9.07426119e-01 -2.43369907e-01
    2.55359530e-01 4.53697920e-01 3.96993637e-01 4.08557415e-01
    -1.21858656e-01 1.49890041e+00 6.05638802e-01 8.98685455e-01
    -2.85963416e-02 1.40476930e+00 1.43996191e+00 -3.77767026e-01
    9.31581259e-01 2.09463775e-01 1.65395308e+00 1.44168174e+00
    4.83110607e-01 1.08299673e+00 -5.25223732e-01 3.96475613e-01
    1.25814950e+00 3.72305512e-02 2.41986513e-01 1.56818628e+00
    1.08280110e+00 7.98954487e-01 1.44712257e+00 7.21082509e-01
    1.27954769e+00 3.22262228e-01 -4.95638192e-01 1.30929792e+00
    1.51187456e+00 -5.02714992e-01 1.32440460e+00 1.45882356e+00
    1.20119071e+00 -4.09817696e-02 1.51828408e-01 1.03586292e+00
    2.11309910e-01 1.18777943e+00 7.82067537e-01 4.60366964e-01
    -1.54644728e-01 1.33616447e+00 5.89261055e-01 1.29829764e+00
    -4.31304812e-01 1.57326376e+00 7.67273366e-01 -3.22663248e-01
    3.44075441e-01 1.67883718e+00 -4.64841098e-01 8.01769018e-01
    -6.45739615e-01 8.95142436e-01 1.01837492e+00 6.18525624e-01
    -5.42379200e-01 4.33465242e-01 9.00784731e-02 1.78377938e+00
    -2.45081812e-01 7.46832490e-02 -3.19780409e-01 9.74313855e-01
    1.17217958e-01 -4.98716295e-01 2.25837648e-01 5.13336003e-01
    1.58155429e+00 1.01739287e-01 -3.04968357e-02 1.33669424e+00
    1.45561814e+00 3.55137408e-01 -2.89823174e-01 -4.66521382e-01
    1.75536704e+00 8.14915776e-01 1.53727841e+00 1.04508173e+00
    7.96524644e-01 6.46068454e-01 -9.40951109e-02 1.16830826e-01
    8.01249027e-01 -5.75919211e-01 6.78147495e-01 1.58813453e+00
    -6.68480515e-01 4.37729061e-01 2.15001702e-01 2.30382681e-01
    -6.39022768e-01 2.54216731e-01 1.17741823e+00 1.18392086e+00
    -5.27331710e-01 -3.13629001e-01 -1.10859275e-02 -4.74434972e-01
    -3.08131099e-01 1.18259311e+00 2.83505678e-01 5.01072645e-01
    -1.08976364e-01 -2.24401563e-01 1.53735220e-01 1.48891139e+00
    1.69570565e+00 1.37670612e+00 -4.26676422e-01 1.30662274e+00
    -3.07560056e-01 -4.27245706e-01 -5.13404608e-01 4.01455820e-01
    1.28436339e+00 3.41952801e-01 -3.84537429e-01 2.37822235e-01
    1.15915656e+00 1.36757350e+00 -1.27490819e-01 2.05523610e-01
    -3.19755048e-01 6.76941276e-01 4.54362750e-01 5.61018944e-01
    1.07711148e+00 1.18814421e+00 -5.85131407e-01 -3.57946575e-01
    5.94374776e-01 6.79796755e-01 1.01875234e+00 6.62519157e-01
    2.19441533e-01 1.51036692e+00 1.03314734e+00 1.14579153e+00
    6.52413189e-01 -3.67464662e-01 4.40192223e-01 7.34506071e-01
    -5.15059650e-01 4.31645811e-01 -3.32032859e-01 1.54751134e+00
    1.44865346e+00 1.01790154e+00 1.34835303e+00 1.13281369e-01
    -2.20877886e-01 -1.28282905e-02 1.72550297e+00 1.04707170e+00
    1.04143190e+00 -3.51047516e-02 -1.18358254e-01 3.12420309e-01
    7.40137339e-01 -6.42861724e-01 3.63853037e-01 -3.27476263e-01
    1.47448611e+00 -5.78818262e-01 4.47284400e-01 1.81275189e-01
    1.48120165e+00 4.99186397e-01 1.53816891e+00 4.04907584e-01
    1.04570150e+00 1.52700472e+00 1.43565178e+00 1.04416299e+00
    8.71744931e-01 -4.37429726e-01 -5.75348914e-01 -5.78005493e-01
    1.69756615e+00 1.04090261e+00 -3.53093624e-01 1.22206450e-01
    -5.68674564e-01 1.37049019e+00 -5.83175600e-01 4.10357118e-02
    1.43023503e+00 -2.67635584e-02 1.14795923e-01 1.73842835e+00
    7.76819706e-01 9.36527908e-01 -3.37086439e-01 1.48064566e+00
    -3.33487391e-01 -1.28623843e-02 1.50633907e+00 1.54346013e+00
    -1.94600582e-01 1.42123485e+00 1.36660182e+00 1.35583723e+00
    8.29371929e-01 1.41600680e+00 -5.55933714e-01 -2.68080980e-01
    3.83362174e-01 3.39823723e-01 7.10958242e-03 1.23163843e+00
    1.36062360e+00 3.01831424e-01 1.50848556e+00 4.38320041e-01
    1.32236195e+00 -1.78907990e-01 4.88569319e-01 6.07877851e-01
    -6.22466207e-02 -6.12000346e-01 1.00120902e-02 7.46456146e-01
    -1.58637106e-01 7.94865608e-01 -6.94373250e-02 1.17828774e+00
    1.31047726e+00 4.46280360e-01 -3.27090055e-01 1.32216644e+00
    -1.43827796e-01 1.19652987e+00 -6.77473843e-01 8.28867853e-01
    1.15823579e+00 -3.00638467e-01 1.71161354e-01 3.52511704e-01
    3.02496791e-01 1.25736701e+00 6.26374841e-01 8.83911908e-01
    1.11045766e+00 1.30619669e+00 1.52227497e+00 -2.79257536e-01
    1.48835719e+00 6.53303027e-01 1.21280801e+00 2.61288941e-01
    1.64758062e+00 -6.74650073e-02 -2.96877235e-01 -5.81665516e-01
    1.35963500e+00 7.86994219e-01 8.76008868e-01 -5.66842794e-01
    3.04823637e-01 1.19791901e+00 -1.48397684e-01 5.99894464e-01
    1.30622363e+00 1.28880310e+00 1.47133708e-01 7.56451130e-01
    7.56244361e-01 9.76873636e-02 -5.50438404e-01 -5.08371234e-01
    8.29587519e-01 1.37596428e-01 -5.60797274e-01 7.94200599e-01
    1.26407635e+00 3.51261795e-01 1.38986588e-01 9.89096344e-01
    8.56419623e-01 7.63495445e-01 -3.06837738e-01 9.65295196e-01
    -4.56755817e-01 9.38696861e-01 2.80736685e-02 9.95587349e-01
    1.61424279e-01 8.11245859e-01 6.90439165e-01 -4.35478508e-01
    2.39238083e-01 1.55948675e+00 5.18812537e-01 7.33792603e-01
    1.34546280e-01 7.49568343e-01 1.57179844e+00 -5.33934712e-01
    2.24119186e-01 2.80209541e-01 1.59933114e+00 7.27676451e-01
    1.03474903e+00 5.48738837e-01 1.67072940e+00 6.25875831e-01
    1.43376100e+00 -3.84161115e-01 3.50121856e-02 1.38128531e+00
    -1.83281541e-01 2.48476923e-01 -4.85476315e-01 6.78678930e-01
    -2.05857098e-01 -2.79971361e-01 -4.14293706e-01 7.87999332e-01
    1.78578544e+00 -6.26812935e-01 -1.96988463e-01 9.02484417e-01
    -5.65491796e-01 1.80050850e-01 1.21397448e+00 5.49239933e-01
    -6.11227691e-01 4.51035202e-01 -5.81134796e-01 -5.60384035e-01
    1.03161633e+00 -5.59791565e-01 1.37675762e-01 1.55039787e-01
    1.65176296e+00 1.08743024e+00 -5.72876215e-01 1.56142688e+00
    8.41809571e-01 8.71158421e-01 1.25894833e+00 -5.82361579e-01
    1.59223378e-01 -2.51991481e-01 1.05012846e+00 -2.69717216e-01
    -5.83395541e-01 1.03312683e+00 -2.83152938e-01 -6.74497247e-01
    -7.65624642e-02 1.37022316e+00 -4.86351013e-01 3.39434326e-01
    -4.78363544e-01 -5.94975233e-01 -3.05087090e-01 7.11685002e-01
    1.19851613e+00 8.28799486e-01 2.71685660e-01 4.65192497e-01
    -1.26548231e-01 1.92236722e-01 1.60196280e+00 1.67258453e+00
    -1.96061403e-01 5.01116097e-01 5.97905397e-01 7.32626557e-01
    9.41003263e-01 6.97013319e-01 3.09822142e-01 1.05414033e+00
    1.02411687e+00 4.25437033e-01 3.05308223e-01 -4.60590601e-01
    9.10017967e-01 -6.31731093e-01 1.18173337e+00 1.52407432e+00
    -3.69979143e-01 8.71408224e-01 4.38810110e-01 6.65388048e-01
    8.93970549e-01 1.08814478e+00 8.18417907e-01 -1.96091354e-01
    3.65812004e-01 2.27658451e-01 7.37322211e-01 -7.92443156e-01
    1.26543450e+00 1.23810792e+00 1.54970503e+00 8.33866119e-01
    -6.47776127e-02 1.62274075e+00 1.61714256e-01 1.45476389e+00
    9.07336175e-01 7.39384592e-01 1.02402198e+00 7.28715777e-01
    1.72009158e+00 3.53748977e-01 3.63247514e-01 7.50562906e-01
    1.03717899e+00 5.95312476e-01 4.29180861e-02 1.39840484e+00
    7.91564167e-01 6.58323169e-02 1.58154726e+00 8.07872653e-01
    1.13571393e+00 1.21779370e+00 2.91027367e-01 1.35501027e-01
    8.23120236e-01 -2.09645689e-01 1.03488994e+00 -6.20814562e-02
    9.63410497e-01 -4.53494787e-02 -4.97869700e-01 9.83803868e-02
    1.02072906e+00 8.97502482e-01 1.00414872e+00 1.22159457e+00
    1.24702048e+00 -2.24464357e-01 -5.32099247e-01 1.20560455e+00
    1.38863635e+00 1.21214211e-01 4.16971743e-01 1.41893458e+00
    1.21443570e+00 1.39861023e+00 1.01987648e+00 1.71278048e+00
    -5.18137097e-01 5.30073702e-01 2.32068300e-02 1.75084114e+00
    5.32597244e-01 -7.56169915e-01 7.12612569e-01 8.98317814e-01
    4.15060341e-01 3.43424201e-01 -5.15493393e-01 9.14568901e-02
    1.33596778e+00 8.70698392e-01 -3.02899152e-01 4.76150870e-01
    1.17251992e-01 6.52464807e-01 3.20324659e-01 9.07237172e-01
    5.68700910e-01 -1.34051442e-02 8.56524825e-01 1.13541842e+00
    -6.28628850e-01 1.55066133e+00 -1.90393150e-01 1.28387511e+00
    1.50315285e+00 4.10388529e-01 -6.02214158e-01 -2.68736482e-02
    9.04007375e-01 2.60695577e-01 1.04796934e+00 4.61033583e-02
    5.39956689e-02 9.28149164e-01 2.53414512e-01 1.98473930e-01
    5.07719278e-01 -2.39770353e-01 1.69194293e+00 7.78322995e-01
    -3.97099763e-01 1.70638657e+00 8.27064216e-01 3.18582535e-01
    -5.13812900e-02 7.10837960e-01 1.23108339e+00 5.14608443e-01
    2.03638554e-01 3.09722364e-01 4.95140433e-01 -5.30097961e-01
    1.29565692e+00 1.57871211e+00 4.85663712e-01 -1.51335716e-01
    1.15231657e+00 1.31517112e-01 1.26124072e+00 5.72385728e-01
    -2.27356851e-01 -5.69678783e-01 1.39542520e+00 1.24537563e+00
    -7.42103159e-01 6.80821836e-01 -3.84600371e-01 1.11686945e-01
    1.68533027e-01 2.63981819e-01 -8.28061700e-02 6.53932691e-01
    2.15891123e-01 1.66455460e+00 3.23965013e-01 6.73646450e-01
    -4.91648495e-01 -3.42692733e-02 9.82543349e-01 1.27579260e+00
    1.00576115e+00 -2.82865942e-01 -1.68967903e-01 4.97169375e-01
    5.82676470e-01 -5.20842791e-01 7.78158426e-01 1.42825592e+00
    1.16672063e+00 1.83291316e-01 8.11009228e-01 8.93237591e-02
    -2.03449547e-01 1.50426602e+00 4.87775087e-01 7.66856551e-01
    -1.68560565e-01 -7.19685674e-01 1.61256409e+00 1.45898414e+00
    -5.32644749e-01 2.21536577e-01 1.37042952e+00 4.45196629e-01
    2.80067146e-01 7.78235137e-01 1.27617431e+00 -3.54618460e-01
    -6.09617710e-01 -9.05721784e-02 9.18794096e-01 1.40875947e+00
    -4.35343146e-01 -4.25376445e-01 1.33733225e+00 -2.30029911e-01
    8.42779338e-01 1.13296866e+00 -4.00102884e-01 1.64668489e+00
    1.65107787e-01 8.96680593e-01 -4.30646241e-01 1.40828729e+00
    -1.81044638e-01 1.59395289e+00 1.52264881e+00 3.13572288e-02
    2.21297860e-01 5.58233619e-01 4.25612926e-01 4.02157307e-01
    -2.90502429e-01 1.07154560e+00 1.61576605e+00 6.05660677e-01
    7.45147765e-01 6.49336576e-02 6.22906268e-01 -2.12398469e-01
    4.69780862e-01 -5.14466941e-01 3.19157183e-01 -3.75746936e-01
    5.30016124e-01 -1.60545051e-01 1.32651544e+00 1.35480380e+00
    1.03172183e+00 1.42345881e+00 7.73777485e-01 1.46631479e-01
    1.03387904e+00 -4.93528962e-01 1.15698576e+00 9.63966250e-01
    9.87045825e-01 1.25011945e+00 3.46196353e-01 1.31534457e-01
    1.71365082e+00 -9.23961997e-02 1.19257128e+00 6.45252228e-01
    1.52075577e+00 -5.59926689e-01 -5.67790747e-01 -7.86757469e-03
    1.30755258e+00 -5.76239407e-01 -6.89958632e-01 -5.71440458e-02
    1.38952947e+00 -5.04306316e-01 1.35156679e+00 5.85256338e-01
    -4.41354632e-01 9.32135224e-01 5.94117403e-01 1.60883522e+00
    8.55325878e-01 8.02356541e-01 4.30478573e-01 7.16539085e-01
    1.32039690e+00 1.08357787e-01 8.51836622e-01 -2.52862364e-01
    -5.12494504e-01 -5.60034871e-01 8.41385484e-01 1.00565541e+00
    1.56531310e+00 -6.36460066e-01 8.47835720e-01 1.40215218e+00
    4.22624946e-02 -2.00705171e-01 6.18354261e-01 8.79780173e-01
    9.62883115e-01 8.99712086e-01 4.55584645e-01 1.69400036e-01
    1.34549522e+00 6.35040402e-01 -5.47085702e-01 9.69370365e-01
    8.06043625e-01 -2.67127037e-01 1.38814759e+00 8.89201283e-01
    1.02745414e-01 -5.25236487e-01 1.76548040e+00 -1.69220626e-01
    -3.17204088e-01 5.58055639e-01 5.86120486e-01 1.81753695e-01
    5.52372694e-01 1.19505811e+00 6.42312765e-02 -4.01182652e-01
    5.71652174e-01 1.08267593e+00 -8.06175649e-01 2.66865313e-01
    7.55071163e-01 7.04072714e-02 5.71928144e-01 -2.55233884e-01
    -6.63118660e-01 6.96120799e-01 -6.54371977e-01 9.47831035e-01
    -1.86351746e-01 1.32225096e+00 -1.22248054e-01 5.70043802e-01
    9.39579010e-01 1.59896159e+00 -2.73485124e-01 -3.75890732e-03
    -2.08189756e-01 1.36501193e-02 1.47186613e+00 1.62989974e-01
    -3.21782708e-01 -6.09687090e-01 4.17959690e-03 6.31282687e-01
    -3.40941697e-01 4.81825769e-01 3.44439149e-02 1.49183202e+00
    -7.53549933e-02 3.93642843e-01 -6.69146776e-02 1.52202702e+00
    4.68849421e-01 7.46603847e-01 3.53375673e-02 4.88717139e-01
    4.38590646e-02 1.34183431e+00 -3.64539564e-01 1.40255666e+00
    9.51588213e-01 -5.21761954e-01 1.26376581e+00 4.03540730e-01
    7.56317198e-01 -1.74020767e-01 6.43284440e-01 -7.30478764e-03
    1.28969765e+00 1.08286011e+00 1.07060218e+00 1.42601085e+00
    -3.95061404e-01 -1.31273508e-01 1.18637538e+00 4.47876394e-01
    9.40421879e-01 -5.23758531e-01 -4.24219370e-02 9.17536020e-02
    5.58112204e-01 1.20459485e+00 4.29836571e-01 -3.28128576e-01
    1.57230139e+00 -6.68169439e-01 1.56725764e-01 8.10429931e-01
    -5.11377335e-01 -2.51303881e-01 -5.21091104e-01 1.21272480e+00
    1.39367533e+00 6.71000183e-01 -3.37389439e-01 1.86249614e-01
    1.49614298e+00 1.56056809e+00 1.93592727e-01 -3.62734586e-01
    4.49602127e-01 9.63684678e-01 6.38519168e-01 1.44638956e+00
    8.92813206e-01 9.73745346e-01 1.33787298e+00 8.09939921e-01
    -2.21943259e-02 1.47989631e+00 6.14551187e-01 -3.55108857e-01
    7.09430039e-01 1.39643025e+00 1.69824147e+00 1.48111534e+00
    -4.45866317e-01 1.28521466e+00 1.20890141e+00 1.88417971e-01
    3.25386703e-01 1.03514433e-01 1.21728182e+00 2.44471014e-01
    1.40341711e+00 9.74305570e-01 -3.97390187e-01 5.10322392e-01
    1.15200973e+00 6.07343197e-01 1.35749626e+00 -6.84597731e-01
    1.93811476e-01 5.34422159e-01 1.01728678e+00 1.22263670e+00
    1.21975207e+00 8.69413018e-02 2.66236424e-01 1.05114305e+00
    1.47009325e+00 8.65283608e-02 3.67581427e-01 1.00105572e+00
    -5.22160351e-01 1.17131186e+00 1.57014298e+00 6.36566043e-01
    -8.34403515e-01 -2.45857239e-01 8.95787954e-01 7.08303094e-01
    1.45908356e+00 1.09766042e+00 -1.05052233e-01 -1.40619874e-01
    -5.39767385e-01 1.53874528e+00 6.99814558e-02 -1.04565144e-01
    3.32751215e-01 1.38516116e+00 -5.93122482e-01 1.64914131e+00
    9.86645699e-01 7.63218820e-01 9.37854171e-01 -5.06758451e-01
    -3.89747947e-01 8.34515393e-01 1.70930803e+00 -2.10633934e-01
    9.20488834e-02 -1.82158172e-01 2.77230740e-01 6.18484557e-01
    1.26669836e+00 1.85816169e-01 8.70392919e-01 8.93367827e-01
    1.39258575e+00 9.07487929e-01 -1.11622751e-01 7.39868820e-01
    1.39888811e+00 7.95555294e-01 1.55326319e+00 -4.41741347e-02
    2.68469214e-01 1.67451620e-01 6.90454125e-01 -6.11669302e-01
    1.44818592e+00 6.15733981e-01 1.36631238e+00 9.19882536e-01
    -2.82171965e-01 -4.98970568e-01 -2.32598513e-01 -6.40904725e-01
    1.26249290e+00 1.47891963e+00 1.14858031e+00 2.57586777e-01
    1.57920790e+00 -1.34644091e-01 -2.22975194e-01 5.55049658e-01
    1.63790822e+00 8.27076733e-01 6.17304742e-01 -6.28427029e-01
    -1.49584770e-01 -1.94780201e-01 -4.96587753e-01 5.53866267e-01
    1.82083702e+00 -4.90959823e-01 -2.25947887e-01 1.25680327e-01
    3.03803086e-01 -4.61729497e-01 -5.20695686e-01 2.32644081e-02
    1.58213520e+00 1.18457556e+00 -4.51943696e-01 1.08528590e+00
    -4.99646485e-01 -6.32846653e-01 8.68244827e-01 1.52430654e-01
    1.35657310e+00 -5.15664279e-01 2.10862637e-01 1.62296271e+00
    1.09289980e+00 1.43218231e+00 -9.06089544e-02 8.98196161e-01
    1.00304592e+00 1.25789893e+00 2.04103529e-01 1.40572345e+00
    6.52423620e-01 1.29963183e+00 3.42768431e-02 6.30997300e-01
    1.62523484e+00 1.33879185e-01 -1.28589272e-01 1.01608288e+00
    1.13451898e+00 1.61274672e-01 -6.18086576e-01 4.01346564e-01
    -4.99603152e-01 7.81317592e-01 3.18369389e-01 -2.44109452e-01
    -2.76427805e-01 9.27141547e-01 1.01855040e-01 -4.85771596e-01
    1.09612930e+00 1.24374354e+00 -6.55380309e-01 4.46371078e-01
    -4.17880088e-01 -6.64495826e-01 1.39573920e+00 3.87044787e-01
    9.17986453e-01 1.08987761e+00 1.21043491e+00 1.54274106e+00
    1.35005522e+00 2.26466179e-01 7.46432722e-01 1.14916396e+00
    9.97067451e-01 1.29435337e+00 1.00520194e+00 -3.23971719e-01
    1.54853737e+00 7.43367851e-01 -1.21754408e-01 5.47756851e-01
    9.67915177e-01 9.04109299e-01 4.40635204e-01 1.17497683e+00
    3.43402088e-01 1.13426256e+00 6.26552641e-01 5.29430091e-01
    -5.22966206e-01 -2.26055890e-01 -2.72186905e-01 3.10451388e-01
    1.72854042e+00 7.87429035e-01 -3.33908200e-02 -4.70786154e-01
    -3.53564620e-02 1.55856550e-01 6.17181897e-01 -1.76358223e-01
    -5.87642908e-01 5.37099123e-01 8.95309508e-01 1.26689363e+00
    4.96556103e-01 1.52951837e+00 8.20814371e-02 -5.19630671e-01
    2.51374364e-01 2.04628229e-01 7.19444692e-01 1.32907009e+00
    9.13768649e-01 1.38068175e+00 1.25907481e+00 1.20175958e+00
    -1.05349541e-01 -4.36366469e-01 8.83881152e-01 1.37119973e+00
    1.39966547e-01 1.12571287e+00 9.02531326e-01 1.04986787e+00
    7.84505367e-01 -2.76762247e-03 -5.47867656e-01 -3.37193996e-01
    1.24905503e+00 5.56943417e-02 1.27288222e+00 -6.22137666e-01
    -1.19029164e-01 2.08483338e-01 -2.41393805e-01 1.42334437e+00
    -2.88444757e-03 1.55205059e+00 1.10246968e+00 -5.01659632e-01
    -1.60081089e-01 1.13596439e-01 4.22613144e-01 1.13292313e+00
    -5.79265594e-01 1.32750773e+00 -1.75845981e-01 9.56872463e-01
    4.42558229e-01 -7.74607599e-01 9.27971959e-01 7.41372287e-01
    1.68903887e-01 8.12971652e-01 1.31148338e+00 6.68310583e-01
    -3.70123267e-01 1.23386240e+00 4.59627151e-01 1.31866419e+00
    -7.30502784e-01 1.04720879e+00 -5.42300403e-01 -2.37575829e-01
    -3.42172444e-01 1.06200957e+00 6.90203607e-01 1.32673812e+00
    6.20656908e-01 1.80476487e-01 2.04408884e-01 3.78406107e-01
    6.83984995e-01 1.38032818e+00 1.45807481e+00 1.47074199e+00
    9.34600770e-01 -2.74911046e-01 1.56714368e+00 1.65762579e+00
    -7.11887479e-01 2.13893652e-01 -8.14837813e-02 -3.94474745e-01
    1.76961362e-01 -3.10700238e-01 7.86507845e-01 1.36991906e+00
    1.99844420e-01 9.56034780e-01 1.31097794e-01 6.29497945e-01
    3.15408349e-01 1.26099133e+00 1.65044475e+00 -1.16211176e-02
    1.17981374e+00 1.58565104e+00 1.61042356e+00 2.71487236e-01
    3.73357058e-01 7.55673766e-01 8.79145920e-01 1.37956810e+00
    -3.85752559e-01 6.85663581e-01 1.42752790e+00 1.18999457e+00
    1.43073964e+00 1.31186390e+00 -6.86649978e-01 -1.56237304e-01
    8.83794904e-01 8.37202966e-01 -2.77914524e-01 3.66122961e-01
    3.97837400e-01 8.38429332e-01 8.08992505e-01 1.62441921e+00
    -2.59658575e-01 -5.54407239e-01 4.79418218e-01 7.51387596e-01
    4.06546652e-01 -2.88952172e-01 7.55679727e-01 6.67501986e-01
    3.71395946e-01 8.36791754e-01 1.41970730e+00 -6.70098245e-01
    1.55314541e+00 5.21630585e-01 1.03659558e+00 4.73393202e-01
    4.63407397e-01 1.51211524e+00 1.11985588e+00 -3.02237481e-01
    -3.26653212e-01 1.46551216e+00 9.58400369e-02 5.84973752e-01
    1.01221406e+00 1.12047863e+00 8.70084167e-01 -4.67302203e-02
    -4.97035742e-01 3.48187685e-01 3.26535165e-01 3.39932323e-01
    1.42629385e+00 -2.30738223e-01 1.17911553e+00 -4.20337945e-01
    1.71281695e-02 3.30604553e-01 2.74153471e-01 1.71410227e+00
    2.12161362e-01 1.27967739e+00 1.58871663e+00 1.17502308e+00
    1.38031077e+00 1.35814619e+00 3.34619880e-01 1.00091553e+00
    8.26326430e-01 1.44504273e+00 -3.96076441e-02 3.02058280e-01
    9.42382753e-01 3.70560467e-01 -1.52864635e-01 8.83244693e-01
    5.61534584e-01 5.82345307e-01 8.86407614e-01 1.73064613e+00
    4.92598593e-01 -5.72302461e-01 1.21697628e+00 -4.82437879e-01
    1.30163169e+00 4.39952433e-01 8.03616643e-02 1.43918574e+00
    -5.63275635e-01 1.27953970e+00 8.36409152e-01 4.46128666e-01
    -6.07165396e-01 2.62296796e-01 9.31026816e-01 -5.40587068e-01
    1.06411457e-01 3.03597152e-01 -5.22958517e-01 -7.41939902e-01
    1.63399959e+00 8.95684779e-01 2.25899816e-01 -4.69752967e-01
    3.24132860e-01 1.57329774e+00 1.71184671e+00 1.40822434e+00
    -6.64640188e-01 1.21082258e+00 4.44891632e-01 1.82352364e-01
    -3.78068000e-01 -5.73471665e-01 1.63177729e+00 1.45686722e+00
    9.59278762e-01 8.65577459e-02 7.43692279e-01 -1.00799918e-01
    8.23876262e-01 1.36074781e+00 -5.72739124e-01 1.20921445e+00
    8.98191512e-01 1.16540384e+00 3.52944136e-01 5.19992113e-01
    1.32749438e+00 -4.95362729e-01 1.60427880e+00 -1.60448790e-01
    -5.10416269e-01 1.57828748e-01 1.39493871e+00 8.72080266e-01
    -1.76926613e-01 1.05083776e+00 4.33248043e-01 1.51026034e+00
    1.46669436e+00 1.39991307e+00 -5.62723935e-01 1.18422151e+00
    1.06121445e+00 8.08667064e-01 5.49700022e-01 -5.14139414e-01
    -4.69366014e-01 1.79155540e+00 3.17625761e-01 -4.59274709e-01
    4.12873685e-01 1.37521768e+00 8.95577669e-02 -2.09942818e-01
    7.14848876e-01 1.21361494e+00 1.39439917e+00 -5.48219740e-01
    7.30255127e-01 -7.52177238e-02 -1.52502239e-01 7.84577310e-01
    -1.18655026e-01 9.86726165e-01 1.04845214e+00 4.27978158e-01
    -7.45831370e-01 2.86373377e-01 -1.35771930e-01 8.93485487e-01
    3.54083478e-01 5.73071480e-01 1.47220206e+00 4.14386392e-02
    -2.27299929e-02 -3.23653609e-01 -2.87061751e-01 3.03485692e-01
    1.02506232e+00 -2.88462371e-01 1.06809008e+00 1.05869746e+00
    -3.11495066e-01 1.08063412e+00 5.36138177e-01 2.53702462e-01
    3.88907611e-01 1.55700982e+00 1.17638540e+00 1.28485060e+00
    7.05018699e-01 7.46803880e-01 2.09172785e-01 -1.81349844e-01
    2.74461687e-01 1.46323681e-01 1.52050829e+00 1.56486332e-01
    9.63647068e-01 5.44417918e-01 -4.72569674e-01 -9.05982852e-02
    1.37928271e+00 4.95456159e-01 1.18243623e+00 1.54957056e+00
    -5.95945477e-01 1.09116292e+00 -5.84806442e-01 1.46117115e+00
    2.88982689e-01 5.74724257e-01 1.45513368e+00 1.47901595e+00
    -5.48277497e-02 1.11440039e+00 4.15011644e-01 1.22157228e+00
    2.22957015e-01 -8.55305195e-02 -1.67231381e-01 6.20704770e-01
    1.49202836e+00 1.63167048e+00 1.48943090e+00 1.16066360e+00
    5.39384842e-01 4.46051359e-01 5.95244348e-01 -6.63315356e-01
    -2.81821072e-01 4.53653157e-01 -6.33124292e-01 9.06584978e-01
    1.37752163e+00 1.68871236e+00 -3.65436077e-02 -2.12449372e-01
    -1.73689723e-02 1.76337385e+00 -2.29396224e-02 9.08048809e-01
    1.26850605e+00 1.50874496e+00 -3.91427159e-01 7.01035619e-01
    3.00112665e-01 9.64680314e-02 7.45780468e-02 -1.63200796e-01
    -7.07049370e-01 2.80761719e-01 1.62213039e+00 -6.63869619e-01
    1.05748916e+00 -3.36435199e-01 1.33812082e+00 1.18916321e+00
    -5.28332770e-01 -4.67818975e-02 1.44336247e+00 6.06946409e-01
    1.28537059e+00 1.22498989e+00 -2.41286755e-02 7.52829909e-02
    -2.93382198e-01 1.19592834e+00 3.96451652e-01 -5.04789710e-01
    3.09814334e-01 -1.22257113e-01 1.42213821e-01 -2.95047730e-01
    3.24162900e-01 5.29651284e-01 -2.62836456e-01 2.62618899e-01
    1.49871242e+00 2.91890144e-01 4.69817460e-01 1.05589724e+00
    3.63116503e-01 1.01599908e+00 -7.84190834e-01 7.49261856e-01
    9.35291648e-02 1.12505460e+00 1.46698475e+00 1.31886125e+00
    -4.28702503e-01 1.23700142e+00 1.56620574e+00 -4.67325747e-01
    -4.76236820e-01 7.88053870e-02 -3.89930457e-01 5.97520530e-01
    6.37136042e-01 1.38663554e+00 1.72718501e+00 1.92542732e-01
    1.67901337e-01 1.31464028e+00 1.49795413e-02 1.55259085e+00
    -3.40681881e-01 1.43033171e+00 1.40575027e+00 6.10720932e-01
    1.28450716e+00 1.56685472e-01 1.16522026e+00 2.37681508e-01
    1.05968976e+00 1.85976028e-01 -3.78909081e-01 -4.31264579e-01
    -4.95231152e-01 -5.44142723e-01 1.61283803e+00 6.42874062e-01
    1.58593214e+00 7.39908755e-01 1.09427929e+00 4.80989873e-01
    1.26219559e+00 -3.72429818e-01 1.83911681e-01 2.79334486e-01
    1.42007256e+00 1.00232029e+00 -2.28924066e-01 -1.31207168e-01
    1.26035738e+00 6.34724200e-01 8.28805566e-02 -2.11698353e-01
    6.92482769e-01 1.05400634e+00 5.42347848e-01 -6.84891701e-01
    5.52211285e-01 -3.47999930e-02 9.94033158e-01 1.50424802e+00
    9.11016703e-01 -3.38429809e-01 4.93051350e-01 3.47620070e-01
    -6.94090724e-02 1.02700710e+00 1.59814143e+00 9.01859522e-01
    1.17126751e+00 7.05367088e-01 1.55006826e-01 9.91431653e-01
    7.61480033e-01 7.49215543e-01 -2.49845028e-01 7.69461095e-01
    2.67295361e-01 1.07016277e+00 1.49415720e+00 -1.72768235e-02
    -1.28989637e-01 -7.35692978e-02 6.87156558e-01 1.66739392e+00
    6.96971238e-01 1.40555525e+00 9.97748971e-02 1.18313003e+00
    2.26322830e-01 -2.62824744e-01 -3.39312881e-01 -1.99082136e-01
    7.48558283e-01 1.41812575e+00 5.81889868e-01 1.29568362e+00
    -8.31315279e-01 1.17917275e+00 6.54611588e-01 1.11124921e+00
    -4.15659904e-01 -1.94815546e-01 -5.57722449e-01 1.65785480e+00
    1.09816635e+00 -7.71433473e-01 -6.57863915e-01 -1.06828809e-02
    9.10028338e-01 -3.09700817e-01 4.95885432e-01 -2.94418544e-01
    -1.47202581e-01 1.65272593e+00 1.65073419e+00 -6.99194670e-02
    1.16354275e+00 2.47190833e-01 1.72893643e+00 1.28034449e+00
    1.01467204e+00 8.95769536e-01 1.05681467e+00 8.48582149e-01
    1.56394839e+00 8.68130744e-01 -4.18933511e-01 -5.30239224e-01
    1.54729748e+00 2.01023698e-01 1.70012307e+00 4.23481345e-01
    -5.32546937e-01 -4.30972576e-02 1.28151226e+00 6.95913553e-01
    3.91508162e-01 5.92023969e-01 -3.23958069e-01 5.27581573e-01
    9.26442742e-01 9.67018247e-01 -5.32746434e-01 1.40659416e+00
    1.29272401e+00 1.05842185e+00 9.11949217e-01 1.33279836e+00
    1.02307010e+00 1.14539146e+00 1.24279785e+00 -5.70028424e-01
    3.60489368e-01 4.76227760e-01 1.07486761e+00 4.06198621e-01
    -3.39515805e-02 1.27464652e-01 1.27963495e+00 9.61513817e-01
    1.48934841e-01 -1.86964542e-01 1.59244561e+00 6.04399741e-01
    9.41010177e-01 1.41037679e+00 1.11580229e+00 2.73348391e-01
    1.00570536e+00 7.99108565e-01 6.21201396e-01 1.02568078e+00
    1.32319474e+00 5.77961326e-01 3.72562945e-01 -6.05444193e-01
    1.08273482e+00 3.27794492e-01 6.08309686e-01 4.83601987e-01
    8.97518992e-02 -2.22063661e-02 2.36919880e-01 -2.77607381e-01
    1.29955959e+00 1.07343996e+00 1.60250926e+00 4.57121849e-01
    -2.42422342e-01 3.70498419e-01 9.36121941e-02 5.59148192e-01
    3.82687569e-01 -7.18732476e-02 9.87185001e-01 1.93475783e-01
    -1.22417331e-01 6.58276677e-02 1.32117438e+00 1.46563053e+00
    1.47243893e+00 6.33067369e-01 1.45778775e+00 9.28678036e-01
    2.36694098e-01 4.12855744e-02 1.06210542e+00 1.20382547e-01
    -4.85417426e-01 -3.34889144e-01 -2.12962598e-01 -1.94035619e-01
    -5.77898800e-01 1.66343927e-01 1.27417767e+00 -2.41663992e-01
    -2.88974494e-01 1.57350838e+00 -6.68866515e-01 1.04514205e+00
    -7.23466575e-01 1.11000443e+00 1.33473063e+00 4.01647687e-01
    -5.43773174e-04 1.27537179e+00 1.42790961e+00 -8.35617185e-02
    7.45038927e-01 -6.30307853e-01 7.79990613e-01 6.23949051e-01
    6.84732616e-01 -6.92306995e-01 6.07022345e-01 6.05016351e-01
    1.25427413e+00 8.59818697e-01 1.32174277e+00 6.62386119e-01
    -2.12143064e-02 1.03968060e+00 1.64187074e+00 9.96701777e-01
    -4.36998129e-01 1.63442385e+00 2.65132487e-01 6.28668964e-01
    1.15905166e+00 -2.64451385e-01 9.53405321e-01 -1.45220339e-01
    1.34170914e+00 -4.45461750e-01 -3.72668803e-01 -6.86869919e-01
    -3.14408422e-01 -3.47908139e-02 -4.28143859e-01 9.18044686e-01
    4.62782681e-01 1.54533160e+00 1.62285566e+00 4.13263440e-01
    -3.64882618e-01 1.59891069e+00 7.86351323e-01 4.77263987e-01
    1.76221192e-01 1.08827221e+00 1.19387054e+00 -5.94835043e-01
    3.78438830e-02 -4.92676318e-01 1.58325303e+00 4.46611285e-01
    4.98248935e-01 1.40588236e+00 -4.50568318e-01 -4.62969244e-01
    1.53217506e+00 4.15867567e-01 -5.38580060e-01 1.25580549e+00
    8.91924143e-01 -4.79678750e-01 -1.59173429e-01 1.07924926e+00
    1.76428914e-01 -3.00966471e-01 -3.71694237e-01 -3.49019796e-01
    -3.41805577e-01 1.21512568e+00 -4.69990641e-01 -2.88041890e-01
    -2.78363645e-01 9.49885607e-01 -1.69480264e-01 5.25603890e-01
    4.04207647e-01 4.83032227e-01 -1.11469805e-01 1.26878619e+00
    7.90366530e-02 7.55680799e-02 1.16280019e-01 5.82936347e-01
    3.74669492e-01 1.21475804e+00 1.37715805e+00 1.51737618e+00
    1.47850013e+00 1.11782980e+00 -6.92976356e-01 8.25218976e-01
    1.59808457e-01 9.09538865e-02 -2.92353719e-01 1.12802386e+00
    1.33083177e+00 1.02666640e+00 -5.40362298e-01 1.60030961e+00
    -3.91948164e-01 4.60350513e-03 1.10347664e+00 5.71383297e-01
    4.38422203e-01 1.02732563e+00 -6.63904607e-01 -1.50921047e-01
    1.91531062e-01 1.58622086e-01 1.67910051e+00 1.62928557e+00
    5.12690723e-01 2.92214155e-02 1.44535708e+00 8.51191819e-01
    1.28785801e+00 -5.98403811e-02 7.54990578e-02 7.86877394e-01
    8.85044634e-01 5.42194247e-01 -1.95699036e-01 6.45531714e-01
    -1.75804973e-01 -6.19953156e-01 1.48393118e+00 1.90362692e-01
    6.87990308e-01 8.25175762e-01 1.29694951e+00 -7.94821978e-02
    8.71366262e-03 1.07271397e+00 6.37497962e-01 -6.97530329e-01
    -4.08740908e-01 1.56579137e+00 -1.08128190e-01 -8.46104026e-02
    -3.38973016e-01 1.22875214e-01 1.02629685e+00 -1.92356110e-03
    1.09558594e+00 1.39739585e+00 -6.84547603e-01 -6.76162124e-01
    4.21750307e-01 -5.48882604e-01 -1.52668953e-02 -5.10377288e-02
    1.18368566e-01 -3.60159695e-01 -2.51774073e-01 -3.03627431e-01
    3.81407142e-02 1.24465561e+00 8.50514472e-01 -6.55968130e-01
    -2.05843896e-01 1.50675488e+00 -4.89180207e-01 2.25979924e-01
    1.61805940e+00 -1.81630969e-01 1.42056751e+00 1.02414703e+00
    9.12313461e-02 -2.43570834e-01 1.31800127e+00 4.20708179e-01
    -5.30077040e-01 1.11556339e+00 -3.41790587e-01 -3.10501397e-01
    -1.77158713e-01 1.52298880e+00 7.76593387e-01 -3.46466362e-01
    1.70637286e+00 -6.18556261e-01 -1.99980050e-01 1.24752975e+00
    2.59640634e-01 1.00970554e+00 4.35449243e-01 9.51095283e-01
    1.13560271e+00 -7.48031557e-01 8.55313361e-01 2.94454396e-01
    8.84588778e-01 -2.84983516e-01 -2.27345496e-01 -3.72567296e-01
    1.34582841e+00 -1.09420776e-01 1.42678404e+00 6.15418613e-01
    1.05983019e+00 -6.37365103e-01 4.51207161e-01 1.64178514e+00
    9.80659902e-01 -3.66659760e-02 1.51327419e+00 -4.19422030e-01
    5.76057315e-01 -2.94053346e-01 1.08387744e+00 1.56448770e+00
    -4.49288011e-01 9.84709263e-01 -4.00342107e-01 1.37965631e+00
    4.51985538e-01 -1.67418063e-01 1.32876325e+00 -1.15840495e-01
    7.73985744e-01 1.48695850e+00 2.39005804e-01 4.66172874e-01
    -5.70410609e-01 1.11007833e+00 -6.31649137e-01 -3.47064972e-01
    -4.02551860e-01 4.14475322e-01 1.17638981e+00 -2.81123489e-01
    -1.28179073e-01 1.60980403e-01 1.14158630e+00 -5.53953052e-01
    7.53470957e-01 1.04669952e+00 3.61913979e-01 -4.08607781e-01
    1.76110542e+00 7.66784430e-01 4.27587032e-01 -5.25915205e-01
    -3.24369073e-01 2.39512324e-02 1.19691443e+00 9.97833431e-01
    1.30706978e+00 6.39456809e-01 3.99033785e-01 1.60226846e+00
    1.29846728e+00 -1.83046699e-01 -3.67796630e-01 1.43795896e+00
    1.37754679e-02 -6.66445971e-01 1.36855292e+00 1.32167518e+00
    9.41172600e-01 6.54002130e-01 5.10632694e-01 -2.93605894e-01
    1.30420387e+00 -2.86307544e-01 2.71058321e-01 1.56639123e+00
    -3.66918594e-01 -2.04526484e-01 4.05572057e-01 -3.58253539e-01
    9.98921931e-01 1.48092711e+00 4.87053871e-01 3.76898050e-01
    1.31570041e+00 -2.40826517e-01 4.68348145e-01 2.33274162e-01
    7.89353609e-01 -5.25936007e-01 5.44819295e-01 1.29785860e+00
    8.44393432e-01 6.67213678e-01 1.09145546e+00 1.36782193e+00
    1.68540978e+00 9.02671814e-01 -3.01699132e-01 5.15636921e-01
    3.74042392e-02 -5.36055863e-01 8.69308710e-01 9.58389997e-01
    1.06544495e+00 -3.52971852e-01 6.81713223e-01 5.99611461e-01
    7.88433433e-01 4.15934622e-01 6.39262497e-01 4.47943807e-01
    -4.49431479e-01 1.76429105e+00 3.24154496e-01 -1.78251743e-01
    -3.93452108e-01 5.39556801e-01 -1.25637650e-02 9.30666745e-01
    -4.03082013e-01 -2.40346789e-02 1.15801001e+00 3.75068724e-01
    7.06790209e-01 1.93760753e-01 1.53264046e+00 -1.34544849e-01
    6.39919758e-01 1.51414764e+00 2.22235262e-01 5.80352545e-01
    9.18140411e-02 1.00629735e+00 -2.35200912e-01 -3.21246386e-01
    6.17754161e-01 8.51398528e-01 1.27005672e+00 4.32369471e-01
    2.64270723e-01 -5.43831587e-01 -2.10942179e-01 5.11157990e-01
    8.81424427e-01 -6.09719217e-01 5.49740076e-01 -4.08611447e-01
    1.09383512e+00 5.63806653e-01 -6.88230693e-01 9.13240314e-01
    7.95640945e-01 7.40390122e-01 -5.87072551e-01 1.40264106e+00
    1.15069366e+00 1.50009632e+00 1.39249849e+00 1.47302485e+00
    -9.57226157e-02 7.54308999e-01 -7.84519553e-01 1.33826923e+00
    1.11355507e+00 -5.29539824e-01 8.39560211e-01 -2.72306323e-01
    1.37434769e+00 -1.24301910e-02 1.46367121e+00 1.68283880e+00
    6.09891236e-01 -3.53790522e-02 5.80927789e-01 4.42202032e-01
    6.27209544e-02 -4.19266880e-01 6.03510380e-01 -4.24013585e-01
    7.94642806e-01 1.02328992e+00 -1.39789879e-01 -5.65188110e-01
    -3.49496484e-01 7.90358782e-02 1.80017292e-01 1.39461088e+00
    4.03522551e-01 4.05106008e-01 1.24506354e+00 1.10228157e+00
    4.14707661e-01 4.54243660e-01 1.20630598e+00 -5.84628642e-01
    1.84014022e-01 1.24603808e-01 6.95246160e-01 1.07878423e+00
    1.06806898e+00 1.60036588e+00 1.30033636e+00 1.08448291e+00
    3.81792605e-01 1.00826621e+00 -3.36437464e-01 9.72659588e-02
    -2.76976705e-01 5.76435328e-01 1.05745792e+00 8.67982030e-01
    1.12831664e+00 -5.63178420e-01 7.88312852e-01 1.24210763e+00
    1.34627521e-01 -3.08857530e-01 2.30238438e-02 1.28784156e+00
    8.65563691e-01 4.05457258e-01 3.50419998e-01 1.65020204e+00
    -5.81835330e-01 1.20778203e+00 -1.58431023e-01 8.04626048e-01
    -5.37907481e-01 3.05603147e-01 7.48504519e-01 6.12775743e-01
    -6.06301129e-01 5.91081262e-01 1.02760005e+00 1.09274065e+00
    1.53260994e+00 9.79420781e-01 -3.79031986e-01 1.56171620e-01
    3.53999674e-01 2.97286093e-01 -4.88261908e-01 8.91496539e-02
    -6.08769536e-01 9.65469122e-01 9.82393086e-01 4.58211660e-01
    4.06066716e-01 3.23589623e-01 -4.12455887e-01 7.36496985e-01
    -3.59657645e-01 1.26206815e+00 1.69024539e+00 -5.41094542e-01
    3.81668270e-01 -5.74415982e-01 6.25483096e-01 -5.63041568e-01
    1.27751243e+00 -8.41571689e-02 -1.68724179e-01 -2.91287899e-03
    1.32353592e+00 7.62651801e-01 4.27247763e-01 1.72162771e-01
    -1.08571231e-01 -4.79080826e-01 9.82851982e-01 9.36247528e-01
    8.52567434e-01 -3.97133321e-01 1.07050633e+00 -1.21443272e-01
    -5.87279260e-01 -4.61491138e-01 1.00011063e+00 1.23674798e+00
    -6.19370759e-01 1.10966849e+00 1.27682149e-01 9.86647546e-01
    4.36761856e-01 1.09823632e+00 1.40022993e-01 6.96566284e-01
    -3.13944519e-01 -4.52357203e-01 1.37967277e+00 6.64695561e-01
    1.46249998e+00 1.37280881e+00 1.11587214e+00 5.25204659e-01
    3.03333998e-02 -1.76577210e-01 -5.07397056e-02 9.56703067e-01
    5.73413432e-01 -5.57940602e-02 -1.19031549e-01 1.38665771e+00
    6.81498051e-02 -9.31862891e-02 1.21712995e+00 9.30863738e-01
    7.08896577e-01 1.45953250e+00 -6.60805047e-01 1.29124594e+00
    1.22685456e+00 3.57019842e-01 5.76382160e-01 7.65081525e-01
    1.36720669e+00 -3.68276536e-01 8.38086545e-01 9.32476699e-01
    6.29196286e-01 -5.16976118e-01 8.51130366e-01 9.89709377e-01
    2.41044760e-02 1.10724902e+00 2.87736356e-01 8.67394090e-01
    1.18113208e+00 9.77150857e-01 2.24322975e-01 4.47637618e-01
    2.54952550e-01 7.00629234e-01 6.29757524e-01 1.28710771e+00
    -3.52253348e-01 2.96503127e-01 1.62970638e+00 9.48020577e-01
    4.31296647e-01 6.81381702e-01 5.54591417e-03 7.36354172e-01
    -8.19116831e-03 1.61285937e-01 1.23334408e+00 8.48385155e-01
    1.10397482e+00 1.27078760e+00 1.59297538e+00 -1.59697473e-01
    8.95173788e-01 8.77841294e-01 8.61541927e-01 5.19157529e-01
    -3.70174527e-01 -3.38842213e-01 2.68451154e-01 9.60474908e-01
    9.66045916e-01 -6.69466794e-01 7.41748393e-01 -5.50688028e-01
    4.25282061e-01 1.57919884e+00 4.04713809e-01 1.38387501e-01
    9.87609208e-01 1.38502955e+00 -6.01454794e-01 1.36744797e-01
    1.26884389e+00 1.64488745e+00 4.05628622e-01 1.61064053e+00
    -3.93360555e-01 6.85305417e-01 5.31595111e-01 1.16204500e+00
    -8.15907121e-02 2.77100801e-01 -4.59143639e-01 -1.35779142e-01
    7.13378906e-01 2.96766222e-01 4.83806372e-01 1.42050660e+00
    -3.02141041e-01 4.30858254e-01 -1.90483302e-01 1.19527507e+00
    3.16260099e-01 6.46171093e-01 1.83997989e-01 1.17120481e+00
    1.58113885e+00 -1.38283968e-01 5.80063403e-01 1.06078005e+00
    -6.57669306e-01 7.06633866e-01 5.48261285e-01 1.52396059e+00
    1.05468428e+00 8.86204362e-01 -2.95954585e-01 1.29953814e+00
    -2.65670478e-01 1.41876793e+00 1.16386032e+00 3.68174493e-01
    -3.08800131e-01 -2.35038638e-01 1.23519301e+00 2.74426401e-01
    1.50369859e+00 -1.50700092e-01 4.33419824e-01 1.12414622e+00
    9.22794163e-01 -6.59600317e-01 6.09357476e-01 5.61229646e-01
    -4.74676967e-01 1.12249184e+00 3.05085778e-01 -3.06953877e-01
    1.56665564e-01 -6.60341203e-01 2.03636944e-01 2.71402955e-01
    2.10440159e-02 -5.70469379e-01 7.49525130e-01 -1.79916024e-01
    5.97201407e-01 1.27370834e+00 -3.31557989e-02 -5.82655072e-02
    1.74628866e+00 3.85490239e-01 1.13808167e+00 1.31816030e+00
    -4.11659390e-01 1.44357073e+00 1.05102062e+00 9.94355798e-01
    7.87825167e-01 9.19457018e-01 1.31088901e+00 5.53037047e-01
    -2.80607402e-01 1.26694441e+00 1.04243541e+00 1.57115996e-01
    3.19622159e-02 2.20457852e-01 1.06221938e+00 1.30974650e+00
    -4.87285793e-01 2.65320778e-01 1.46287441e+00 -1.85523033e-02
    1.12821996e+00 4.78407443e-01 1.37003684e+00 -4.54003245e-01
    1.41306806e+00 1.67083251e+00 1.61349773e+00 -6.37174010e-01
    1.02520251e+00 1.41844726e+00 3.07163596e-01 6.78041101e-01
    1.60324478e+00 -3.09577197e-01 1.00598931e-01 1.72185981e+00
    8.92249584e-01 2.47649074e-01 5.25592685e-01 1.74073577e+00
    8.34370255e-01 1.47683084e+00 -4.34213936e-01 8.75473738e-01
    1.56629360e+00 1.18480325e-02 1.30210996e+00 -3.92851830e-02
    1.40056944e+00 6.08893216e-01 -4.34644520e-01 1.44512880e+00
    1.60409498e+00 1.25983381e+00 8.16054761e-01 -3.43926877e-01
    3.63720715e-01 -6.06787622e-01 6.80448949e-01 6.49896622e-01
    6.95211172e-01 1.56572533e+00 4.09892797e-01 1.43260205e+00
    7.34131932e-02 1.34066200e+00 4.55259025e-01 -6.58848464e-01
    -4.36711520e-01 1.42656028e+00 1.63081074e+00 1.59725201e+00
    -5.11627316e-01 1.25836301e+00 6.65210187e-01 1.18435574e+00
    -1.36812031e-01 -1.54259920e-01 -5.64917207e-01 9.42315578e-01
    1.01969910e+00 1.42634428e+00 8.45243692e-01 -3.10695171e-02
    1.08600831e+00 9.11237001e-02 6.36539280e-01 -2.40263939e-02
    1.00270033e+00 1.07227659e+00 1.32964826e+00 1.16185546e-01
    1.39680362e+00 5.28234959e-01 -5.50794840e-01 1.61964095e+00
    5.19511104e-01 6.31126702e-01 7.33459592e-02 1.58280873e+00
    -2.31345117e-01 1.03559148e+00 1.51157415e+00 -3.04116488e-01
    1.60390043e+00 -3.30951780e-01 -6.23008251e-01 1.09853184e+00
    5.00646412e-01 -4.89250273e-01 1.65258169e+00 8.90251637e-01
    -3.69306803e-02 3.42076182e-01 9.72372293e-03 -5.35531938e-01
    1.13602877e-02 1.30139279e+00 8.65567565e-01 7.01815248e-01
    -3.78132701e-01 4.15740967e-01 1.54679000e-01 1.54977083e-01
    3.62204850e-01 1.32064474e+00 1.68777525e-01 -4.48881805e-01
    4.67339516e-01 7.72111237e-01 5.85892618e-01 1.50087500e+00
    -5.61615944e-01 -3.84413779e-01 1.71541095e+00 4.36451375e-01
    1.61467671e+00 -5.47161818e-01 1.06976235e+00 -6.86523914e-02
    -6.99112356e-01 8.87743235e-02 3.09058785e-01 1.32763815e+00
    1.14742851e+00 -2.36920893e-01 9.19433773e-01 1.05386913e-01
    1.35486495e+00 8.58262897e-01 3.53114069e-01 3.86637390e-01
    -1.84730828e-01 1.25117564e+00 -4.80773509e-01 1.38471937e+00
    1.33223617e+00 4.19110775e-01 3.11779320e-01 3.36967528e-01
    -5.15991449e-02 1.48959112e+00 -6.32399380e-01 -3.84256780e-01
    1.23364091e+00 -8.40367079e-02 1.56939209e+00 -4.05313879e-01
    -3.82434577e-01 2.16178477e-01 -1.02396488e-01 -3.18706989e-01
    -4.88626868e-01 1.34454560e+00 1.00986898e-01 1.66578412e+00
    -2.79850602e-01 5.55353463e-01 -5.33578932e-01 1.28444672e+00
    -3.23747575e-01 6.63649559e-01 7.11840749e-01 -6.29782498e-01
    -3.65459383e-01 -2.93785661e-01 1.69013035e+00 2.28860199e-01
    1.03088951e+00 -1.59189165e-01 -5.24207473e-01 9.12417054e-01
    -9.00943279e-02 -4.58531976e-02 -6.12830997e-01 8.95097613e-01
    3.75804245e-01 -2.10255563e-01 -4.43099290e-01 9.53360140e-01
    1.52116275e+00 1.02306426e+00 7.72519112e-01 -4.52982396e-01
    1.17181325e+00 7.89798975e-01 3.53512347e-01 9.27618861e-01
    -4.27380055e-01 1.31023431e+00 9.25969183e-01 1.12091482e+00
    8.02080333e-01 -2.40805209e-01 7.91253805e-01 5.11500180e-01
    -4.17012125e-01 1.04578376e-01 1.06631160e+00 -5.60152471e-01
    8.36558282e-01 -2.22697914e-01 -1.00917697e-01 1.12811208e-01
    -6.57746553e-01 1.13038659e+00 -8.16854060e-01 -4.01190519e-02
    7.12922215e-01 -4.63850409e-01 1.51666355e+00 1.74678850e+00
    7.37874925e-01 2.59831607e-01 8.94650578e-01 1.81299520e+00
    -3.77200812e-01 2.31358051e-01 -1.80368543e-01 1.03715408e+00
    7.04890251e-01 -5.91130197e-01 5.48228085e-01 6.65208817e-01
    1.30636024e+00 1.37822437e+00 6.34125233e-01 5.69237947e-01
    7.90332258e-01 1.55409908e+00 6.20340168e-01 -4.18527126e-02
    -3.11338663e-01 1.81254292e+00 -5.89121819e-01 7.25928009e-01
    -2.09754288e-01 2.44226694e-01 1.33668470e+00 4.60351884e-01
    4.09745336e-01 5.79814434e-01 -2.35899687e-02 3.61753821e-01
    6.28022730e-01 1.07476068e+00 1.42267275e+00 -5.72392285e-01
    1.29617596e+00 1.19234598e+00 -5.07625699e-01 1.43570387e+00
    -2.01115787e-01 1.63218808e+00 5.48881471e-01 -5.05175591e-02
    2.34978259e-01 -2.97448725e-01 -3.32335472e-01 -4.29967254e-01
    -2.35181928e-01 1.11294842e+00 8.89715791e-01 1.16358948e+00
    4.08701658e-01 8.16015303e-01 3.04514468e-01 -5.83283424e-01
    1.42045259e+00 -6.17245913e-01 5.19464612e-02 -8.14788342e-02
    5.79953194e-04 -3.72686625e-01 1.46778226e-01 7.45866179e-01
    -2.67791808e-01 -2.10424483e-01 8.56398046e-01 -3.27008933e-01
    2.55197287e-03 1.33330321e+00 5.52767813e-01 -1.98845863e-01
    7.47612834e-01 -2.05371976e-02 -2.69133449e-02 1.48311067e+00
    -3.11193854e-01 1.06668687e+00 1.31581867e+00 1.51412916e+00
    1.46787691e+00 -3.16950560e-01 1.07559872e+00 -4.20400798e-01
    1.49868584e+00 -1.81959897e-01 1.09682858e+00 -4.08588231e-01
    1.26718354e+00 8.74721706e-01 8.41979086e-01 1.24430478e+00
    2.36873984e-01 6.98283136e-01 3.24936152e-01 -6.38693571e-03
    -1.31894946e-02 -4.96171623e-01 1.59040689e-01 1.61457205e+00
    1.37124634e+00 5.01772285e-01 9.25035715e-01 9.89669323e-01
    6.35518372e-01 7.83001781e-02 3.17664742e-02 -5.01110017e-01
    -5.17663956e-02 4.61159468e-01 1.59817624e+00 1.37998104e+00
    2.38342583e-01 3.57998252e-01 -4.22070026e-02 3.14377844e-01
    1.46669126e+00 -3.58763695e-01 3.13077271e-01 1.40608072e+00
    1.36605680e-01 -2.21694112e-01 9.36711490e-01 9.59308088e-01
    1.23033607e+00 -1.78327084e-01 -4.65108156e-01 6.98668361e-01
    1.01536465e+00 2.49877036e-01 9.43228006e-02 7.40996480e-01
    9.55658019e-01 -2.45770186e-01 1.18635952e-01 1.00767648e+00
    1.33437967e+00 -6.02469862e-01 1.51014757e+00 1.69794750e+00
    -5.35392582e-01 -1.16825521e-01 5.50761402e-01 -6.80042624e-01
    1.40240383e+00 -4.93770242e-02 1.73712850e-01 1.19921184e+00
    1.36531568e+00 1.21648371e-01 1.51592541e+00 1.37746751e-01
    1.03643000e+00 9.29965913e-01 1.14645791e+00 1.25654602e+00
    1.01275706e+00 1.01514792e+00 2.80116796e-02 1.63371420e+00
    -5.49904585e-01 9.84858096e-01 1.01940203e+00 -5.83616495e-01
    9.55452144e-01 1.22540617e+00 1.40779853e+00 3.35895658e-01
    1.35799432e+00 -4.63332355e-01 -5.76540709e-01 -1.30395174e-01
    1.66630292e+00 -2.89833009e-01 -2.67838180e-01 1.37818992e-01
    -4.51388478e-01 1.32831419e+00 1.07490468e+00 1.31374168e+00
    -7.37882376e-01 1.38065457e-01 1.39218593e+00 -8.54631662e-02
    -3.15473408e-01 1.51124310e+00 1.04609489e+00 2.67867029e-01
    3.22592676e-01 8.68099809e-01 -1.90379024e-01 -8.60528946e-02
    1.23296642e+00 1.53972363e+00 9.86518621e-01 1.41902161e+00
    1.18287754e+00 1.84058964e-01 3.49065542e-01 1.44108987e+00
    1.66791070e+00 -6.12424672e-01 -4.12107408e-01 1.40778232e+00
    1.52548194e+00 1.14141822e+00 -6.53159618e-02 4.27586019e-01
    1.28080165e+00 -5.78387201e-01 7.97155082e-01 -1.55681133e-01
    1.13182676e+00 1.10959470e+00 -3.44242334e-01 1.59844851e+00
    1.56471682e+00 1.30212080e+00 3.19402695e-01 -3.17333281e-01
    1.07905626e+00 6.36003137e-01 -4.86252844e-01 1.08771729e+00
    -5.58428764e-01 1.49409223e+00 -8.48340392e-02 8.71746302e-01
    -4.29432333e-01 1.19843602e+00 -1.55353129e-01 -7.52738774e-01
    4.12747324e-01 8.92280102e-01 2.62370169e-01 7.30638325e-01
    1.35119629e+00 -2.18593299e-01 1.48565054e+00 8.40228200e-01
    -6.25517368e-02 6.85189962e-01 -5.12525141e-01 2.14218080e-01
    1.73654413e+00 5.75972557e-01 5.84858656e-03 -2.96724260e-01
    1.31324947e-01 1.12589705e+00 1.59976661e+00 1.28171802e+00
    -2.61139870e-02 1.70743346e-01 -3.50860626e-01 3.06459367e-01
    -6.25026226e-02 -5.07604718e-01 7.06427336e-01 -3.21595490e-01
    -2.50885814e-01 -4.68066335e-02 -6.70028925e-02 8.65987480e-01
    7.90690899e-01 2.89793909e-01 1.45865989e+00 1.19890440e+00
    -2.10066915e-01 1.25933170e+00 8.11908662e-01 6.76824629e-01
    1.61538839e-01 -2.00424790e-02 1.59713268e-01 -4.16278332e-01
    -4.83275056e-02 -2.35903054e-01 1.07295108e+00 1.28649688e+00
    4.87586379e-01 1.30023801e+00 -3.11502397e-01 9.22815025e-01
    1.00768495e+00 4.35814977e-01 -7.54554629e-01 1.32487249e+00
    3.37688148e-01 6.21960163e-02 5.50036907e-01 1.30430758e+00
    -1.31793261e-01 4.90252733e-01 1.12502515e+00 1.49496913e+00
    -6.41263127e-02 1.32087851e+00 1.55855954e-01 -4.86205280e-01
    5.76370895e-01 2.93286741e-01 1.60014951e+00 1.67933869e+00
    1.91229761e-01 1.42290533e+00 2.51460910e-01 3.35387707e-01
    1.56636190e+00 -1.24788702e-01 -7.47155428e-01 1.56923485e+00
    2.19389439e-01 9.48510110e-01 -6.25826120e-02 8.28437388e-01
    1.58409989e+00 8.53055716e-02 -1.31691456e-01 1.54341769e+00
    -6.27603114e-01 7.35991001e-01 1.40234709e+00 1.07653499e+00
    6.96270645e-01 5.71722209e-01 -3.68227959e-02 9.80775237e-01
    -3.94944549e-02 -4.56205726e-01 1.02570868e+00 9.57389176e-01
    -5.84237933e-01 -2.16478825e-01 1.37209845e+00 7.84845054e-01
    1.49561882e+00 1.12386870e+00 -9.10722017e-02 6.48235917e-01
    -3.52513731e-01 1.00787604e+00 4.18675363e-01 -4.95595634e-01
    -2.10509598e-01 -4.47894692e-01 -6.28379941e-01 4.54757988e-01
    1.31276369e+00 1.28168178e+00 1.31817794e+00 1.03362620e+00
    -6.73865378e-01 -1.65255964e-01 1.44123530e+00 -6.32446229e-01
    1.05071712e+00 1.96849883e-01 6.35164380e-01 1.40288758e+00
    2.82554030e-02 -5.73808551e-01 1.09715271e+00 1.05502820e+00
    -4.52378541e-01 2.28910208e-01 1.43603301e+00 -5.91008842e-01
    6.12304747e-01 5.50311804e-03 1.68142974e-01 5.29885113e-01
    2.46039212e-01 -4.55677480e-01 2.01287866e-02 1.02485180e-01
    6.06085896e-01 9.03710723e-02 -4.28631157e-01 4.06528592e-01
    -6.16338849e-02 1.40920329e+00 4.56085861e-01 1.53852081e+00
    5.23071110e-01 -4.13687706e-01 1.05009341e+00 -2.60296404e-01
    -4.26235765e-01 -3.67504269e-01 1.12138951e+00 9.05179143e-01
    -1.79260194e-01 -3.10754865e-01 1.49850547e-01 1.29085994e+00
    1.10729516e-01 8.98006082e-01 1.18512011e+00 1.44159627e+00
    1.49685800e-01 1.29799342e+00 -9.50748920e-02 1.55556405e+00
    1.05939806e-01 -4.42501634e-01 2.48645484e-01 1.57400393e+00
    5.59801817e-01 1.87480628e-01 4.49925065e-01 -5.43998718e-01
    6.58189178e-01 -3.44323188e-01 -7.02423871e-01 5.07471561e-01
    -5.20484924e-01 -2.18306512e-01 8.52602839e-01 1.64500546e+00
    1.52471864e+00 -5.84039688e-01 -5.53129494e-01 -1.94481790e-01
    1.10273480e-01 2.26822674e-01 6.18650258e-01 1.02987814e+00
    -2.23267257e-01 -4.45725292e-01 -2.49319553e-01 1.32796407e+00
    1.25256443e+00 4.26876903e-01 6.72306478e-01 -3.93673658e-01
    3.00554633e-02 3.46916735e-01 1.50198126e+00 6.73479795e-01
    7.75295019e-01 -3.65041435e-01 -4.07648981e-01 1.80436969e-01
    8.60247612e-01 9.77189422e-01 1.06972337e+00 1.37417197e+00
    7.90292442e-01 7.14543939e-01 1.41632152e+00 5.46430349e-02
    3.06177676e-01 1.27461541e+00 1.63594079e+00 -1.39279783e-01
    -5.81404388e-01 1.34370041e+00 1.19895387e+00 1.47597015e+00
    6.06678903e-01 -1.48537934e-01 4.81136143e-01 1.46105063e+00
    6.22020364e-01 -2.50917673e-03 1.02958500e-01 -5.17512202e-01
    1.48889899e+00 5.62022269e-01 -5.04021943e-01 9.91076589e-01
    1.41125417e+00 1.56421840e-01 5.26895404e-01 1.45109451e+00
    1.81471825e-01 6.53678298e-01 7.49498487e-01 1.46818924e+00
    1.14367580e+00 1.41809249e+00 4.52857077e-01 -2.99362779e-01
    5.12019455e-01 9.50623870e-01 3.75774741e-01 1.06010652e+00
    1.28186083e+00 1.27356744e+00 -2.19985366e-01 9.42865849e-01
    6.76735640e-02 1.30680251e+00 7.51853764e-01 -5.23957729e-01
    3.54440153e-01 7.93497026e-01 5.20652533e-01 -7.52907991e-03
    1.34063542e-01 8.57002676e-01 5.88891745e-01 7.02993333e-01
    2.97173083e-01 1.71139240e+00 1.53521538e+00 3.24882448e-01
    1.15643287e+00 -1.15372419e-01 8.93550277e-01 1.03295350e+00
    2.14607716e-01 1.23100710e+00 3.01375329e-01 -5.43706715e-02
    2.01080024e-01 7.71626413e-01 1.52159429e+00 1.30925655e+00
    -6.63780212e-01 8.86988759e-01 7.49802470e-01 1.02915645e+00
    5.84878922e-01 -2.56382823e-01 1.39617372e+00 -3.27194005e-01
    -7.57664502e-01 5.12676477e-01 -1.13835484e-01 -2.47365475e-01
    -3.95394236e-01 1.45090759e+00 1.01567554e+00 -4.72720861e-01
    1.15477800e+00 -3.97727072e-01 -2.41360545e-01 -5.32712340e-02
    4.80904460e-01 -2.53461570e-01 1.42405152e+00 1.31173372e+00
    -5.25329709e-02 1.42971039e+00 1.63068485e+00 -5.48905373e-01
    -2.17574120e-01 4.60205793e-01 9.82357264e-01 1.15863085e-02
    -3.02301049e-02 -3.55216563e-01 1.44580472e+00 -1.77706987e-01
    9.39746618e-01 6.48022294e-02 6.11544549e-01 -6.50852501e-01
    8.89160812e-01 6.09638393e-01 -5.45527637e-01 -4.82083350e-01
    -4.17395324e-01 9.68192220e-01 -2.55551577e-01 1.31702197e+00
    1.21440434e+00 4.64312971e-01 -2.11964339e-01 3.74973297e-01
    -1.77485287e-01 5.97017109e-01 4.60666180e-01 3.41599584e-01
    3.58335078e-01 5.25614619e-01 7.69637644e-01 1.03093743e+00
    -4.17937845e-01 -6.47692919e-01 5.78093529e-01 1.30423486e-01
    -5.52465439e-01 2.48706758e-01 -1.25300020e-01 -5.15686035e-01
    -4.58849102e-01 4.52677131e-01 -3.67028534e-01 -6.73062205e-02
    1.06461430e+00 -1.21561468e-01 -2.73157120e-01 -6.11171067e-01
    1.45453000e+00 -5.24373055e-01 -4.18208003e-01 -7.85688758e-02
    -2.18935579e-01 -6.05171502e-01 6.57585263e-01 2.31374919e-01
    2.31109321e-01 1.03116632e-01 6.09918058e-01 9.95540380e-01
    1.37282956e+00 -4.43176627e-02 4.10029590e-01 -6.91139400e-01
    9.30751503e-01 -7.49547780e-01 1.39331675e+00 9.88742113e-02
    1.07007253e+00 1.33316183e+00 1.18793631e+00 1.65739608e+00
    1.62782431e+00 -7.85293579e-02 -4.04320359e-01 5.08004248e-01
    -8.36902857e-02 1.58904672e-01 -5.52541971e-01 -6.94764256e-02
    2.11512625e-01 1.01042938e+00 1.43816376e+00 6.88115060e-01
    1.04560900e+00 -6.52216494e-01 1.44738662e+00 -6.26803637e-02
    1.11144185e+00 -1.66311085e-01 8.77740443e-01 6.94521844e-01
    1.23000467e+00 4.97783482e-01 1.38456798e+00 1.13871837e+00
    5.07820070e-01 7.16700077e-01 3.67546082e-03 1.19325399e+00
    1.26167738e+00 1.23043013e+00 1.79157424e+00 4.99023020e-01
    4.91485119e-01 2.99868226e-01 9.30037260e-01 5.55000961e-01
    -1.69174939e-01 -2.01281577e-01 1.16322446e+00 6.86702430e-01
    -5.61914980e-01 5.99472821e-01 -2.32906610e-01 1.41598725e+00
    6.06658161e-01 -4.90970552e-01 1.28561509e+00 9.10564005e-01
    6.16747379e-01 9.81332302e-01 1.37818933e+00 -3.95710915e-01
    7.27393031e-01 1.28848886e+00 2.64128149e-01 6.49175167e-01
    1.27337527e+00 1.35693336e+00 1.31107044e+00 -5.91046810e-01
    4.39819694e-01 1.24351633e+00 8.43209326e-01 1.15272903e+00
    -4.94791865e-01 9.34315503e-01 8.28986287e-01 -3.48216027e-01
    4.27408397e-01 -3.54427338e-01 7.27163613e-01 3.24516833e-01
    1.61727011e-01 1.22984958e+00 1.59292400e+00 -3.58489811e-01
    5.45189202e-01 -1.88787878e-01 1.00521350e+00 7.35244155e-02
    1.49738657e+00 -3.31151485e-02 4.01373923e-01 4.39301133e-02
    -6.78599238e-01 -6.81769490e-01 1.24581373e+00 1.10770512e+00
    -3.48792136e-01 6.74285352e-01 2.28803158e-02 1.51596355e+00
    3.05380106e-01 -3.52741957e-01 -1.79356456e-01 1.04466558e+00
    -5.83901525e-01 -5.58183551e-01 8.37437809e-01 8.93351912e-01
    -8.14466476e-02 2.27344930e-01 -8.46928358e-02 -1.23695135e-02
    1.26743257e+00 4.62495387e-01 1.12002063e+00 1.21019125e+00
    -2.69012451e-01 -1.73802495e-01 7.91918755e-01 3.76481473e-01
    8.81789446e-01 4.30882454e-01 5.15098095e-01 6.03707790e-01
    2.55014241e-01 -1.86921120e-01 4.84709442e-01 6.36909425e-01
    1.32016730e+00 5.48387527e-01 -6.30566418e-01 5.75294018e-01
    -6.13241017e-01 1.01126492e+00 -5.88757992e-02 7.68690705e-02
    -3.82742941e-01 -2.02571690e-01 1.81732059e-01 1.09321427e+00
    1.53956378e+00 1.23799980e+00 -1.76569402e-01 1.29370141e+00
    1.69869184e-01 5.87832808e-01 1.03727174e+00 4.55652773e-01
    4.88006234e-01 8.08072925e-01 1.36032271e+00 -4.55915302e-01
    -3.11212063e-01 6.22084022e-01 2.69073606e-01 1.45856917e-01
    1.27274966e+00 -3.21014971e-01 5.64603031e-01 1.15021515e+00
    7.36371100e-01 -3.81045938e-01 1.49769580e+00 3.96334112e-01
    6.71069026e-02 5.81924438e-01 1.10060632e+00 1.52207553e+00
    1.45925212e+00 -3.75780642e-01 1.23608518e+00 3.41414273e-01
    1.13615417e+00 1.72614455e+00 1.10017908e+00 4.57092822e-01
    1.58088660e+00 9.07889664e-01 -3.55988622e-01 3.22882950e-01
    1.45040751e-01 5.54399371e-01 1.29525709e+00 -2.34570742e-01
    7.20511973e-01 1.32838225e+00 -6.85636401e-01 7.05050766e-01
    4.14213717e-01 2.75831878e-01 -7.24989176e-03 7.92437077e-01
    -1.56126738e-01 1.21804261e+00 7.03729272e-01 1.37151134e+00
    3.36053610e-01 4.44609940e-01 -5.11683702e-01 1.75684524e+00
    -4.62336242e-01 1.04112005e+00 -7.13261485e-01 1.29514790e+00
    -4.34863269e-01 1.07226205e+00 1.55084491e+00 1.50586987e+00
    1.22228456e+00 -2.86543310e-01 -6.72290504e-01 1.27335334e+00
    9.51813459e-01 1.50813317e+00 9.18568432e-01 -5.75856566e-01
    4.67055023e-01 1.68976033e+00 1.24245512e+00 -7.03308046e-01
    -3.19382459e-01 9.72439885e-01 1.10854530e+00 -2.17814386e-01
    9.37083662e-01 1.34607244e+00 1.72328663e+00 1.64487028e+00
    -8.18570852e-02 3.60331833e-01 7.58881152e-01 1.49506497e+00
    -5.00528216e-02 1.45730007e+00 -6.04761124e-01 1.41715944e-01
    2.48294771e-01 -6.65290415e-01 1.07373238e-01 7.01215327e-01
    -3.56949747e-01 -5.77527404e-01 -2.17384100e-02 -4.20685112e-02
    1.44301176e+00 2.63059080e-01 4.91054833e-01 1.36869669e+00
    9.81081843e-01 4.17359352e-01 6.34653568e-01 1.22405243e+00
    -7.12026298e-01 1.41233277e+00 9.46100712e-01 3.67216587e-01
    9.73238528e-01 2.02781320e-01 -1.11769736e-01 5.10513186e-01
    -5.96365333e-01 -2.55241215e-01 3.67446482e-01 -1.89401865e-01
    -2.19785929e-01 -5.01237869e-01 1.70423949e+00 8.09544086e-01
    8.25773418e-01 -2.10578740e-01 1.15681338e+00 7.66311824e-01
    1.83280230e-01 6.62509799e-01 1.43832874e+00 3.56100619e-01
    1.04309726e+00 1.45129037e+00 -6.92898870e-01 1.56537402e+00
    -3.54965061e-01 7.35217214e-01 1.67531908e-01 -5.21474242e-01
    1.25546837e+00 1.30846977e-01 -2.22998857e-02 -3.05203259e-01
    5.50036013e-01 3.76277745e-01 2.46173561e-01 1.40053868e+00
    2.75059283e-01 -6.18542075e-01 3.86678636e-01 -5.91799617e-01
    4.13217783e-01 -6.68600976e-01 1.52376914e+00 1.76208496e-01
    1.38389897e+00 5.00885904e-01 -5.25201678e-01 1.49344158e+00
    9.89025533e-01 1.23043704e+00 -6.12162948e-02 9.15097833e-01
    1.27430916e-01 -1.89936519e-01 6.82574868e-01 1.55521071e+00
    1.48434818e-01 1.21244967e+00 -4.64228690e-01 1.45653284e+00
    4.07625437e-01 -1.15661383e-01 -3.61475378e-01 3.81365657e-01
    -1.44998908e-01 1.03660965e+00 -1.62626624e-01 1.17275596e+00
    1.30437279e+00 3.96536231e-01 2.66234040e-01 1.47871947e+00
    1.41717505e+00 7.66785681e-01 7.62441278e-01 1.10956931e+00
    -1.09306812e-01 6.36757672e-01 1.27882719e-01 2.13757813e-01
    1.43609786e+00 4.58579004e-01 -5.32532871e-01 1.03775287e+00
    -1.82290852e-01 -5.06545901e-01 5.80232799e-01 -2.95916736e-01
    5.74703634e-01 1.39410663e+00 1.51590586e+00 -7.05706358e-01
    1.41212285e+00 1.05276537e+00 3.61506045e-01 1.01312542e+00
    -4.98093367e-02 -5.90318739e-01 -3.49441677e-01 1.12000489e+00
    7.30691254e-01 -6.77340984e-01 1.40113926e+00 8.89135957e-01
    9.28225935e-01 6.66808546e-01 1.03663230e+00 -5.50966024e-01
    -4.48444635e-01 1.22066283e+00 1.14004767e+00 9.34587657e-01
    6.99796915e-01 -2.12425917e-01 -3.27543020e-01 -1.01352692e-01
    1.23921287e+00 -2.95756102e-01 -3.70591849e-01 8.91831458e-01
    -1.64300889e-01 1.11018920e+00 -3.14536840e-01 1.39784884e+00
    1.58977723e+00 -4.42992896e-01 6.65827274e-01 3.53852451e-01
    1.50435114e+00 1.22593784e+00 2.35718608e-01 1.50797868e+00
    1.13100481e+00 6.81033432e-01 1.54212391e+00 1.20053077e+00
    2.78729320e-01 7.24826634e-01 1.63945246e+00 1.13365436e+00
    2.17012167e-01 7.88086236e-01 1.37976503e+00 1.91901565e-01
    5.04311144e-01 6.92420840e-01 -1.80001259e-01 -8.49400759e-02
    2.19956517e-01 -3.92550826e-02 1.04026198e-01 -1.61160827e-01
    1.55998492e+00 1.27630377e+00 3.36001456e-01 1.11779141e+00
    -3.08437914e-01 -5.79006076e-01 -3.19822937e-01 5.46772718e-01
    1.41857982e+00 -2.77049989e-01 1.42531252e+00 6.75508559e-01
    9.76286709e-01 9.24746990e-02 4.63118494e-01 1.02993345e+00
    -1.59123957e-01 5.75198293e-01 1.57067156e+00 1.45171285e+00
    -1.11833990e-01 5.97952008e-02 1.16012025e+00 -1.72269642e-01
    -4.43046689e-02 7.04198837e-01 1.48721170e+00 -3.32225442e-01
    -5.36798120e-01 9.37429130e-01 -5.29540360e-01 1.35288620e+00
    5.85256934e-01 7.73700356e-01 7.51223564e-02 8.42442095e-01
    4.02051687e-01 2.56818533e-01 1.38746512e+00 3.50183666e-01
    1.65777516e+00 -2.19166726e-01 5.43857753e-01 2.03492403e-01
    2.83627033e-01 1.66288435e-01 7.45325089e-01 2.11217046e-01
    4.17367935e-01 1.26536107e+00 1.14006424e+00 1.74082184e+00
    -2.37334013e-01 -3.63471866e-01 1.09509444e+00 3.05353403e-02
    4.39583004e-01 7.45281041e-01 2.66396821e-01 -5.65870047e-01
    -2.83846140e-01 1.12364435e+00 8.46665561e-01 3.53277087e-01
    -3.63462597e-01 9.23738778e-01 1.03430545e+00 2.30771005e-01
    1.29717612e+00 1.24733865e+00 7.89149404e-02 1.23437798e+00
    1.36679816e+00 8.53602469e-01 1.09315503e+00 -4.11471307e-01
    -5.10786951e-01 1.20384324e+00 1.61792684e+00 1.17552984e+00
    1.60677946e+00 1.20910954e+00 1.16089606e+00 -4.62974548e-01
    1.17154408e+00 1.39051747e+00 8.70167971e-01 1.33667672e+00
    1.18069732e+00 1.71181655e+00 1.59120393e+00 3.85929108e-01
    1.21736503e+00 4.19319749e-01 1.12974405e+00 1.34780312e+00
    8.88507009e-01 -7.82071590e-01 1.33553696e+00 7.01638699e-01
    -5.26026309e-01 7.00711787e-01 2.18497813e-01 2.90377140e-01
    1.11385751e+00 1.52041698e+00 1.11068606e+00 -1.74023092e-01
    -2.79226482e-01 9.84783530e-01 -2.58033812e-01 1.34574580e+00
    -6.39751315e-01 6.73625648e-01 1.73620164e+00 -6.13774240e-01
    1.16686511e+00 1.33859169e+00 1.26729488e+00 8.45897675e-01
    5.82403123e-01 1.24954116e+00 1.56397426e+00 4.30006981e-02
    7.32355356e-01 5.88048697e-02 1.63114238e+00 9.42735493e-01
    -7.58567870e-01 1.11555409e+00 1.02955806e+00 6.26990557e-01
    4.25795555e-01 -5.09938419e-01 6.25421107e-01 3.29677761e-01
    -2.22159296e-01 -1.40574396e-01 7.83895493e-01 1.31561422e+00
    -6.29593194e-01 6.49160504e-01 5.94805300e-01 -6.53796017e-01
    -1.32665813e-01 1.54000545e+00 -7.43679166e-01 -3.90209615e-01
    1.02880907e+00 -3.50235641e-01 -3.63160014e-01 -1.27017528e-01
    1.52896988e+00 4.92878199e-01 -6.55916393e-01 -3.91223490e-01
    1.11113489e-01 2.83200681e-01 1.20969868e+00 -1.47671998e-01
    1.17785954e+00 1.55501056e+00 7.88928747e-01 5.22332907e-01
    1.33975291e+00 -3.59650701e-01 2.34819293e-01 -2.03483582e-01
    -2.04188228e-02 -2.12039709e-01 1.55430245e+00 9.60659325e-01
    -5.20892799e-01 -2.62022018e-04 8.17906737e-01 -3.65510792e-01
    4.93978620e-01 1.39569652e+00 2.92324185e-01 1.42825973e+00
    -5.33806801e-01 -2.55835891e-01 5.41886747e-01 -5.36693871e-01
    -6.38658404e-02 1.24235439e+00 1.00187421e-01 1.54543424e+00
    -6.18923664e-01 -1.63503528e-01 2.83430636e-01 1.33081865e+00
    1.28638768e+00 5.92175126e-02 4.44512248e-01 5.71903110e-01
    2.38849282e-01 7.54317045e-01 1.27802420e+00 -1.98470771e-01
    1.15368617e+00 1.71906638e+00 -1.38937771e-01 6.95718348e-01
    1.07793808e-01 4.83006895e-01 3.98645520e-01 1.08708799e+00
    -2.45155990e-01 2.61980891e-01 1.52747107e+00 1.04904974e+00
    3.36733997e-01 1.40554762e+00 -1.59471929e-01 1.17983818e+00
    8.98269594e-01 -4.47253942e-01 -2.90431976e-02 6.68596983e-01
    1.07760620e+00 -1.41632497e-01 -3.73444676e-01 1.54142869e+00
    4.73297894e-01 3.07086885e-01 -3.98610830e-02 5.97507656e-01
    1.09749460e+00 -3.39803100e-01 1.74369216e-02 9.26551044e-01
    3.79540861e-01 1.09086764e+00 6.56535149e-01 9.04009402e-01
    -7.02089369e-01 -3.33679318e-02 1.09925556e+00 -2.38933086e-01
    1.71976757e+00 -5.23262203e-01 2.57826626e-01 9.07343030e-02
    9.49374437e-02 7.57865071e-01 -6.42333150e-01 -7.24862814e-01
    6.20489657e-01 1.39364302e-01 7.21565664e-01 -6.48620844e-01
    7.34999657e-01 1.63025236e+00 4.14238930e-01 1.52520847e+00
    1.54489219e-01 -2.89989293e-01 -4.97875035e-01 -4.17985409e-01
    6.68956339e-01 5.35515189e-01 1.59093976e+00 1.80842996e-01
    9.96115088e-01 -4.76503909e-01 -5.20378947e-01 -4.28993911e-01
    1.46681142e+00 6.31361663e-01 -5.43085933e-02 -6.38773739e-01
    7.70698607e-01 1.22932899e+00 6.90594494e-01 8.13007355e-04
    7.13844597e-01 9.53146875e-01 1.48235989e+00 -2.78134763e-01
    1.21105194e+00 3.59043121e-01 2.65803277e-01 1.00232363e-02
    -6.21026754e-02 -4.28207278e-01 1.06646085e+00 -2.72743046e-01
    1.56644940e-01 2.47181237e-01 3.81031871e-01 1.49148273e+00
    2.27417052e-01 5.17424345e-01 -4.73906398e-02 -4.34781790e-01
    1.01083064e+00 1.22956717e+00 1.30049682e+00 -1.13015294e-01
    3.57584894e-01 6.48494065e-01 1.91837251e-01 -6.12133443e-01
    8.09888661e-01 8.76438260e-01 1.16582894e+00 4.61066544e-01
    1.26924205e+00 -5.22525549e-01 5.73955059e-01 1.21333599e-01
    -4.63199615e-03 2.36797869e-01 1.33227253e+00 1.25558090e+00
    1.04168248e+00 1.50404024e+00 9.71391022e-01 8.82415473e-01
    -2.16228426e-01 1.30240393e+00 1.06901526e-02 -4.99860615e-01
    -4.64975834e-01 5.98570347e-01 1.01471162e+00 -1.66839302e-01
    1.26594377e+00 -7.39076018e-01 1.22836530e+00 1.79779768e-01
    -6.50508881e-01 5.50526261e-01 1.54544663e+00 -5.74580908e-01
    6.22500718e-01 1.60932112e+00 1.33881903e+00 1.00087249e+00
    1.56745815e+00 3.55891347e-01 9.49893296e-01 9.99311328e-01
    1.15725029e+00 5.39088905e-01 -1.75948620e-01 4.11606431e-02
    1.11992621e+00 5.06774127e-01 1.00377846e+00 9.00195241e-01
    1.24589634e+00 9.29832101e-01 3.45740974e-01 -2.31898069e-01
    1.05656087e-01 1.43429160e+00 1.27685201e+00 8.61785591e-01
    -6.19216561e-02 1.15712976e+00 -6.22636437e-01 8.43991458e-01
    3.66639495e-02 1.63439167e+00 9.39892828e-01 2.45046496e-01
    1.00050187e+00 -2.56257981e-01 8.61680031e-01 -1.84720665e-01
    4.68846798e-01 1.32753086e+00 -2.88367867e-02 -4.66786087e-01
    5.30091703e-01 4.85031545e-01 -1.59126520e-02 1.36368811e-01
    5.23557186e-01 -2.44707763e-01 1.42836678e+00 1.38056111e+00
    1.39731586e-01 1.31678128e+00 -4.55956638e-01 1.44968772e+00
    1.33716428e+00 -3.68923873e-01 -5.97300529e-02 1.65260375e+00
    1.33715391e+00 -3.58564049e-01 4.88722324e-03 6.91942811e-01
    -5.51062524e-01 9.74217713e-01 1.78077102e+00 8.11486721e-01
    1.06735396e+00 7.44530380e-01 1.39170444e+00 1.15212846e+00
    1.53950334e+00 -1.25248551e-01 -5.09935677e-01 -3.84142488e-01
    1.64365530e+00 4.55446959e-01 -1.58334553e-01 -2.92014956e-01
    5.89030385e-01 1.47233009e+00 1.36682689e-01 -5.77739835e-01
    3.87439072e-01 -2.31523454e-01 3.14811826e-01 1.21653867e+00
    -6.90643609e-01 1.46266699e+00 -1.25366032e-01 1.54868364e+00
    4.69747901e-01 2.81814218e-01 1.63051534e+00 1.48968756e-01
    1.53654468e+00 4.24881637e-01 1.49107099e+00 6.77048445e-01
    6.44243360e-01 1.22868896e+00 6.23025537e-01 9.31479514e-01
    -3.83864343e-01 8.56697202e-01 3.23142231e-01 1.36075139e+00
    1.14881325e+00 -3.90202224e-01 4.24146593e-01 1.12067604e+00
    1.39021063e+00 5.59108317e-01 1.36330986e+00 5.08555472e-01
    4.65877533e-01 1.45059943e+00 1.49739480e+00 -8.41749668e-01
    -2.12590158e-01 9.00964439e-01 -6.67079210e-01 4.45250571e-01
    5.89292943e-01 8.30952525e-02 1.33558512e+00 -5.47340870e-01
    4.30664778e-01 8.77462029e-01 1.10260701e+00 -2.21012414e-01
    1.23340082e+00 1.16722274e+00 1.74832821e-01 4.44995463e-01
    -6.20532870e-01 5.69161773e-02 1.63519573e+00 -1.38008595e-03
    7.68003881e-01 1.65528989e+00 6.43548131e-01 1.90035343e-01
    2.39856839e-01 1.28341866e+00 2.08167017e-01 1.67271137e-01
    3.74358118e-01 6.84913695e-01 -1.96787953e-01 5.47903657e-01
    -2.77906865e-01 7.50249088e-01 4.77568984e-01 8.27106774e-01
    2.86309481e-01 -7.46343136e-02 -1.33344829e-01 8.10815275e-01
    -4.45714712e-01 2.47554183e-01 -1.79206759e-01 -1.52232647e-01
    1.35008645e+00 -6.45757198e-01 4.65783417e-01 -3.71760726e-01
    1.93704009e-01 1.04123259e+00 1.15650868e+00 9.74218547e-01
    -2.65021622e-01 -2.47544020e-01 9.58450377e-01 -3.36631417e-01
    1.02213967e+00 1.43629444e+00 1.07941961e+00 5.35580337e-01
    1.06505108e+00 3.60705078e-01 1.99461401e-01 -2.53387988e-01
    -5.07679164e-01 1.23364866e+00 1.45268440e-02 1.38365364e+00
    1.33998275e+00 -2.37633079e-01 6.29237354e-01 -4.42803472e-01
    1.67694986e+00 1.07989132e-01 1.12493324e+00 1.30018044e+00
    5.54624498e-01 -5.06005168e-01 1.80613637e-01 3.62338424e-02
    5.87946653e-01 -6.50105417e-01 3.05012703e-01 7.31357276e-01
    -6.33542001e-01 -2.96225369e-01 -4.88666773e-01 1.62467718e+00
    1.32493126e+00 -5.51039875e-01 1.40952301e+00 5.75663805e-01
    9.95190859e-01 1.18401408e+00 -1.58494532e-01 -7.11951256e-02
    1.49482703e+00 8.85596454e-01 4.38805819e-01 -6.22352540e-01
    -1.70462728e-02 4.01814759e-01 1.71991646e-01 1.53154242e+00
    9.78158057e-01 1.12596560e+00 5.58192134e-01 -2.47544676e-01
    7.89192855e-01 1.59105682e+00 3.13204646e-01 9.69535112e-03
    -3.31760466e-01 -4.51468498e-01 6.66325331e-01 1.06829166e+00
    8.27291250e-01 1.28350306e+00 1.54165101e+00 3.36993873e-01
    -7.31202066e-01 1.02185535e+00 7.25425005e-01 3.70693803e-02
    7.22270310e-01 9.34502184e-01 -5.83612323e-01 1.19930971e+00
    1.20840716e+00 1.25230408e+00 8.30723047e-01 1.62657821e+00
    -8.29481483e-02 -5.85057497e-01 1.71973693e+00 9.15621877e-01
    1.60623491e-01 9.19006646e-01 1.48658097e-01 6.97560728e-01
    -7.02269733e-01 -1.38474405e-01 2.44288445e-02 9.86262441e-01
    4.62605894e-01 1.51027799e+00 1.24651587e+00 6.71926260e-01
    -6.74110770e-01 1.55878067e-03 1.04930234e+00 1.25480223e+00
    -6.06460512e-01 1.79852724e-01 -8.19725752e-01 1.43177569e+00
    1.62377501e+00 -7.96240687e-01 -3.20626587e-01 1.58679032e+00
    4.00465548e-01 7.29927003e-01 -6.91809535e-01 1.45942926e-01
    5.80562115e-01 7.19840348e-01 -3.53344679e-02 -6.67380691e-01
    1.12381136e+00 1.20986724e+00 1.44360876e+00 7.88401604e-01
    1.05268383e+00 1.46732748e-01 8.29099417e-02 6.69808626e-01
    2.78304636e-01 1.51890159e-01 -4.42531109e-02 -5.55394053e-01
    -4.05287892e-01 -1.67147815e-01 -1.90470874e-01 -2.70875633e-01
    8.63899171e-01 -2.65737772e-02 5.16992331e-01 2.31085658e-01
    9.19451118e-01 -1.03054643e-02 2.16351330e-01 1.33621645e+00
    1.05541086e+00 -4.30021882e-01 -1.20608270e-01 1.76482797e-02
    9.44085658e-01 5.52778661e-01 8.68021011e-01 -5.16921520e-01
    2.60546446e-01 2.37124741e-01 1.93879008e-02 4.60372806e-01
    1.38857508e+00 6.95320904e-01 5.40337682e-01 1.00105953e+00
    9.82673049e-01 -2.49756545e-01 8.48191381e-01 1.19756544e+00
    5.12040377e-01 -5.68997324e-01 1.03965080e+00 1.10242319e+00
    1.43775868e+00 -1.59296453e-01 1.53865981e+00 4.97053802e-01
    6.22726381e-01 4.33805943e-01 1.39806342e+00 1.08358502e+00
    1.38553464e+00 7.52426565e-01 1.47876310e+00 -1.19484663e-02
    -7.52551138e-01 1.20481849e+00 3.36734056e-02 -3.42378676e-01
    7.32899308e-01 1.11304772e+00 -1.09854698e-01 1.71606660e-01
    4.58894193e-01 1.69131458e-01 6.62379622e-01 1.01094544e+00
    -6.69057012e-01 1.19336414e+00 -4.24883246e-01 -4.49354947e-01
    6.48059249e-01 -2.84785420e-01 -3.79694223e-01 -2.99242318e-01
    -4.16556597e-02 9.08200443e-01 1.65088737e+00 -8.02854240e-01
    6.07579172e-01 1.33938146e+00 2.44358957e-01 1.15079486e+00
    8.95348489e-01 -2.86566079e-01 9.32360053e-01 -1.93526328e-01
    6.07930362e-01 5.31335533e-01 8.45425010e-01 -3.59307885e-01
    1.25082326e+00 6.95450902e-01 1.64345109e+00 1.49979329e+00
    3.88009071e-01 -2.47816890e-01 5.30509174e-01 7.31327593e-01
    -4.49742854e-01 1.67873800e+00 -2.77934879e-01 1.13250136e-01
    -2.57185727e-01 -3.97415817e-01 -6.89439714e-01 1.36862850e+00
    6.67772591e-01 -6.44546151e-02 1.48404419e+00 1.95887506e-01
    2.69385815e-01 1.80089891e-01 -4.98644710e-02 -4.94174808e-01
    -2.72095531e-01 -5.76235890e-01 -5.40267229e-01 -2.05365270e-01
    1.10817051e+00 6.44734502e-01 1.60314214e+00 1.07012010e+00
    8.48983943e-01 3.93916667e-01 1.24935019e+00 1.19324148e-01
    2.78377295e-01 9.32319701e-01 -4.29698616e-01 6.86412811e-01
    1.15336990e+00 1.56292748e+00 1.47529495e+00 3.84587586e-01
    -3.40317100e-01 1.61692262e+00 1.88666761e-01 7.11717367e-01
    6.74552441e-01 3.10009658e-01 4.33559120e-01 -1.96228087e-01
    1.64362144e+00 -4.08992380e-01 8.56816769e-02 2.72242129e-01
    1.24669170e+00 2.40392089e-01 -7.96248972e-01 6.15092397e-01
    7.41095841e-01 7.10992754e-01 -2.70997018e-01 5.94241560e-01
    -1.51981711e-01 1.62035346e+00 1.40099227e-01 -9.74366665e-02
    7.30195284e-01 1.30392706e+00 1.87366128e-01 -1.40645564e-01
    -5.27625263e-01 1.11844587e+00 9.30100858e-01 1.02874160e+00
    1.53060806e+00 1.05996394e+00 1.96911693e-02 5.51972091e-01
    1.28756857e+00 1.56385314e+00 6.79163814e-01 1.18547821e+00
    -1.50373101e-01 6.02148175e-01 1.61541581e+00 2.62442827e-02
    1.45953751e+00 3.96376908e-01 -5.81743360e-01 8.38583589e-01
    -3.03798795e-01 3.43923032e-01 1.17097914e-01 1.04437006e+00
    9.07844961e-01 1.85490310e-01 2.52393663e-01 -1.61309749e-01
    -3.59545350e-01 -2.34324604e-01 4.27197814e-02 -5.64892232e-01
    2.67765939e-01 1.52934361e+00 3.71639907e-01 7.99797952e-01
    7.82125056e-01 -5.40474534e-01 -8.84701610e-02 9.84883726e-01
    4.12221491e-01 6.01417899e-01 9.69252348e-01 1.32022774e+00
    -6.95954561e-02 8.44011903e-02 1.13000166e+00 4.98943090e-01
    2.95813918e-01 4.90520597e-02 6.60472035e-01 1.09113169e+00
    7.72790253e-01 -5.98332942e-01 1.48068368e-01 1.71480358e-01
    9.43600357e-01 7.45169342e-01 3.19955349e-01 -4.59907889e-01
    1.59737492e+00 -1.13366902e-01 1.16978085e+00 4.79665279e-01
    3.23287666e-01 -2.13186741e-01 1.06047893e+00 8.44124913e-01
    -4.69800472e-01 2.76348114e-01 6.90170944e-01 2.02812910e-01
    1.39992738e+00 1.64958525e+00 1.10438013e+00 -3.20039392e-01
    8.29967260e-01 -4.24987644e-01 7.03420401e-01 3.32302570e-01
    1.01279187e+00 4.35522616e-01 1.57000232e+00 -4.53911513e-01
    1.83277249e-01 1.65663338e+00 -3.04854691e-01 9.47084129e-01
    -4.54502076e-01 7.91519225e-01 9.47120726e-01 -3.97997618e-01
    -3.82233977e-01 -5.94455361e-01 7.10265577e-01 4.58368599e-01
    6.43195510e-02 -4.28524911e-01 6.91395700e-01 1.78203666e+00
    5.63759208e-02 1.61509085e+00 4.74062085e-01 -1.64198041e-01
    1.31491280e+00 1.08248711e+00 1.19603729e+00 -6.53227329e-01
    6.90135360e-01 -7.72896528e-01 4.75741446e-01 -8.09958816e-01
    8.81849408e-01 1.63271523e+00 -5.38412571e-01 9.54894245e-01
    4.45417821e-01 6.85873568e-01 6.75567985e-02 1.49384558e+00
    -5.78514934e-01 1.36773705e-01 -5.29354036e-01 7.08547175e-01
    -7.35050142e-01 7.82558024e-01 -3.11324120e-01 1.43601060e-01
    -2.24588841e-01 1.06743455e+00 -5.31217515e-01 1.73603868e+00
    1.71231627e-01 1.48064947e+00 1.42604780e+00 3.38695347e-01
    1.51018286e+00 5.65035343e-01 1.03956223e-01 1.67942572e+00
    1.94803715e-01 6.87453270e-01 -5.98239124e-01 -4.39211339e-01
    1.65550017e+00 -2.84290552e-01 1.43332911e+00 1.39037907e-01
    8.17809045e-01 1.58406723e+00 9.43126082e-02 9.31857944e-01
    -3.95930171e-01 6.74189389e-01 -2.47183204e-01 5.50221086e-01
    -1.80609941e-01 5.51140785e-01 1.41905069e+00 3.85511220e-01
    7.83071637e-01 4.93103266e-01 1.49906635e+00 -6.71716511e-01
    1.07889795e+00 -5.86628735e-01 1.03437448e+00 5.55063605e-01
    7.77580321e-01 -2.15730846e-01 3.27730954e-01 1.16066408e+00
    -1.90004051e-01 1.26766801e+00 1.64191651e+00 8.23411942e-02
    -4.60411400e-01 1.55247915e+00 5.95709503e-01 4.90934789e-01
    1.11350453e+00 1.24799466e+00 -4.75043148e-01 1.22257066e+00
    -6.51669383e-01 -5.15665889e-01 6.89132810e-01 1.15976155e-01
    -2.46674716e-01 4.14797008e-01 5.88177621e-01 9.54812169e-02
    -2.32705414e-01 5.82943201e-01 -3.51454020e-02 5.87083459e-01
    1.72537565e-01 1.15156198e+00 5.47755063e-01 5.47084749e-01
    1.71267891e+00 7.35595107e-01 7.84358799e-01 1.10188627e+00
    1.74520659e+00 6.60416901e-01 -1.17228270e-01 1.61721015e+00
    1.65178657e-01 9.04550910e-01 -3.54136109e-01 1.30327964e+00
    1.23812962e+00 -7.86820054e-02 7.80060112e-01 -2.59580255e-01
    2.27075100e-01 -5.61125398e-01 7.59455562e-01 -4.26119924e-01
    4.66605604e-01 1.82842970e+00 1.40367961e+00 6.78900540e-01
    1.44361341e+00 3.60570371e-01 -7.10844994e-02 1.52886641e+00
    1.06505978e+00 -3.66288424e-03 8.39049995e-01 -3.69411975e-01
    1.72519732e+00 1.32203174e+00 -6.89020753e-02 5.00766337e-01
    1.30526614e+00 1.27923274e+00 1.19146967e+00 6.75849915e-02
    1.18657434e+00 7.55649149e-01 1.31673896e+00 -1.66683674e-01
    2.30041504e-01 4.52727675e-01 5.05513787e-01 1.60563231e-01
    7.02010274e-01 3.32112312e-01 6.95443332e-01 4.54525888e-01
    -2.91725039e-01 -5.01531065e-01 7.45521665e-01 1.56507874e+00
    -5.86104512e-01 -3.85081768e-03 1.37096286e+00 -1.69563353e-01
    1.59743607e+00 -2.62158096e-01 1.47848845e-01 1.95433915e-01
    -2.60346532e-01 1.44822609e+00 1.48495746e+00 5.41248739e-01
    7.44049013e-01 -5.44686437e-01 1.58237553e+00 4.54582989e-01
    1.14766049e+00 -7.33911395e-02 3.77111375e-01 1.78555894e+00
    1.16179252e+00 5.45549273e-01 8.55460167e-02 1.11926675e+00
    1.10142851e+00 -2.45984018e-01 9.09648955e-01 7.53026962e-01
    1.08402789e-01 1.90362155e-01 -1.43476248e-01 4.22646940e-01
    4.61587369e-01 3.03956091e-01 -4.26209301e-01 -3.87039244e-01
    -2.12661684e-01 5.09888411e-01 1.05568075e+00 1.88078582e-01
    -5.25243044e-01 1.63245034e+00 1.31347561e+00 1.02525294e-01
    1.54920411e+00 6.07904255e-01 1.96305633e-01 1.96859419e-01
    -2.49053806e-01 -6.54240191e-01 6.59713149e-01 1.35745442e+00
    6.69297159e-01 -1.95074290e-01 5.81463575e-01 -4.23033416e-01
    1.03776383e+00 1.33976579e-01 -4.16981697e-01 -3.52463573e-01
    1.05215549e+00 7.59662390e-02 -5.25218785e-01 -1.52964771e-01
    6.29641950e-01 2.58780301e-01 -2.33744055e-01 1.69338608e+00
    -5.72969317e-01 1.52440488e+00 1.01133609e+00 1.25846124e+00
    -6.74299359e-01 -7.02118278e-02 -5.08459091e-01 9.35960233e-01
    5.33112049e-01 9.57900882e-01 4.87519562e-01 5.37996054e-01
    3.17719698e-01 1.63086796e+00 -3.29157501e-01 1.32603884e+00
    4.38729525e-01 1.00472164e+00 1.37693453e+00 1.93633676e-01
    9.28335667e-01 7.08433509e-01 6.36671066e-01 1.26535654e+00
    1.56830001e+00 1.15575886e+00 -5.35479784e-02 3.40848565e-01
    -4.41164374e-01 1.74371111e+00 7.62448728e-01 6.45991981e-01
    4.46646750e-01 5.47191262e-01 8.09142292e-01 1.01118708e+00
    9.90610301e-01 1.12209725e+00 6.55945182e-01 1.32548928e+00
    1.10767782e-01 7.53346622e-01 1.36190104e+00 1.31514096e+00
    -5.60189128e-01 1.43475938e+00 9.80028033e-01 -3.85057479e-01
    -3.95453632e-01 9.48251069e-01 3.94269824e-01 1.43588626e+00
    -5.21006823e-01 5.56345403e-01 1.52950907e+00 7.27917075e-01
    1.18911469e+00 2.93745756e-01 6.41966999e-01 4.20158744e-01
    6.68008387e-01 1.61635625e+00 -1.93035662e-01 -6.15003407e-01
    1.37048674e+00 7.72596955e-01 -7.95688748e-01 -2.49707401e-01
    1.25168061e+00 8.32209885e-01 -5.71632743e-01 7.54993081e-01
    1.48673487e+00 -1.28720999e-01 1.13501787e+00 1.07022309e+00
    -5.83468378e-01 6.42679989e-01 -1.77631736e-01 1.09417546e+00
    6.86366022e-01 3.69187832e-01 1.47584844e+00 6.26351237e-02
    1.21082711e+00 4.90610898e-01 1.09615254e+00 -6.07835770e-01
    1.38006818e+00 2.59479403e-01 7.02208936e-01 1.35845280e+00
    4.53035951e-01 -5.93611360e-01 1.07504606e+00 1.36490989e+00
    5.51822484e-01 1.02274370e+00 1.22978461e+00 1.62623334e+00
    -2.40771174e-02 9.42490757e-01 8.26669157e-01 9.19569433e-01
    7.52328098e-01 -7.38686919e-02 1.69476533e+00 1.00822890e+00
    -6.67855382e-01 9.31745172e-02 1.61242926e+00 3.25954556e-02
    1.19659328e+00 1.00047421e+00 1.48503780e+00 1.43552423e-01
    -2.43131638e-01 -5.93307912e-01 1.16523004e+00 3.00356150e-02
    5.55468678e-01 1.44437253e+00 -4.87948954e-01 6.14040852e-01
    6.18275881e-01 1.40306914e+00 8.98951590e-01 1.41376781e+00
    1.50827336e+00 3.55670989e-01 1.25824833e+00 1.65457392e+00
    -4.96557593e-01 1.41149044e-01 3.02930355e-01 2.56577253e-01
    1.34860468e+00 9.60874319e-01 4.29397821e-03 3.27049434e-01
    5.29070497e-01 1.35757494e+00 1.09102297e+00 7.13048518e-01
    5.95251143e-01 3.51837993e-01 -6.16842687e-01 -1.48950040e-01
    3.02909851e-01 1.34433699e+00 1.61840725e+00 1.20598829e+00
    -2.42759287e-01 1.40595436e-01 -5.15160680e-01 -3.69594693e-02
    -4.18087840e-02 -2.97759384e-01 1.21393764e+00 1.53956962e+00
    -3.97315502e-01 1.24161494e+00 -5.80919981e-01 -6.98382854e-02
    -5.54722965e-01 3.46506298e-01 4.93212342e-01 3.02098632e-01
    -5.49584627e-01 6.29988313e-01 9.98850167e-01 8.69322658e-01
    1.19812012e+00 1.46709561e+00 5.46551287e-01 -7.01477528e-02
    1.24722266e+00 1.02640867e+00 -7.33782947e-01 2.99454808e-01
    2.68638790e-01 1.42651939e+00 1.35173321e+00 -8.07779133e-01
    -7.94906020e-02 1.72227180e+00 4.36774015e-01 -5.96340179e-01
    -4.73997742e-01 1.04595816e+00 8.63451898e-01 1.25017953e+00
    1.50595248e+00 -3.43103409e-02 1.54453206e+00 1.40490222e+00
    9.13488865e-02 1.08122468e+00 6.63834512e-01 -4.54500109e-01
    -1.40415192e-01 -5.59342325e-01 -6.76448107e-01 8.88713002e-01
    -5.27168393e-01 6.55598938e-01 3.28086436e-01 -5.37060022e-01
    1.70121717e+00 -6.95086122e-02 1.04707801e+00 -2.84802675e-01
    -6.14703476e-01 1.36899853e+00 3.75365019e-02 2.94963002e-01
    1.35997224e+00 -5.74491441e-01 1.72677326e+00 1.15014291e+00
    2.13667512e-01 1.47265148e+00 1.06223202e+00 1.39042282e+00
    1.76702952e+00 7.10912228e-01 9.66734290e-01 -1.49029553e-01
    1.07109833e+00 -5.64583242e-01 1.49663711e+00 -2.69633085e-01
    2.19089746e-01 -4.48821396e-01 1.76452684e+00 2.01379180e-01
    -2.81026006e-01 1.13624430e+00 7.90788829e-01 1.12385821e+00
    -6.93070829e-01 8.35435152e-01 6.57527745e-01 2.10078478e-01
    5.03092766e-01 3.03249359e-01 3.17270696e-01 1.59621799e+00
    5.47531605e-01 -6.34217620e-01 1.08814025e+00 3.03023875e-01
    -4.77500439e-01 7.79828072e-01 1.62156379e+00 -2.77181417e-01
    -2.87791222e-01 1.55281425e-02 8.74109447e-01 -4.09945130e-01
    -5.46971798e-01 1.57472658e+00 1.23875260e+00 -3.22750390e-01
    1.31325459e+00 7.52595663e-02 1.42986643e+00 1.81078017e-01
    -5.76015234e-01 1.29714441e+00 -3.93902183e-01 -5.73935270e-01
    -4.30229723e-01 1.97220445e-02 1.52150035e+00 1.06714833e+00
    -2.84970403e-01 5.37059367e-01 1.70388842e+00 9.00875211e-01
    -6.74028575e-01 1.27097917e+00 5.86215436e-01 4.29683387e-01
    6.43508911e-01 7.60912776e-01 -4.16664779e-01 -4.49658245e-01
    -6.23345315e-01 -1.30506754e-01 -7.09793329e-01 4.29388225e-01
    1.53691697e+00 -3.30133379e-01 -4.30349529e-01 1.52483201e+00
    -4.71396059e-01 1.39732146e+00 1.17089939e+00 1.57151914e+00
    4.58059371e-01 6.18732274e-01 -7.71906972e-02 6.61630929e-01
    1.36391699e+00 1.41061032e+00 -3.91154051e-01 1.28637803e+00
    -4.20091331e-01 1.00106144e+00 4.62688863e-01 1.50392699e+00
    1.69091105e-01 -5.48722684e-01 1.31978035e-01 -5.51351011e-01
    7.66019404e-01 2.89403319e-01 -3.36967111e-02 4.12046134e-01
    3.74368727e-01 1.88801885e-02 -7.70978630e-01 1.05865324e+00
    -2.98431009e-01 9.94713306e-02 -9.31628942e-02 -7.71271586e-02
    1.01659298e-02 1.23118031e+00 4.43430722e-01 8.15118670e-01
    3.35175216e-01 1.15504527e+00 -5.07180095e-01 1.21550798e+00
    1.79231167e-01 8.96570325e-01 2.34827459e-01 5.52861631e-01
    1.77425027e-01 1.02772713e+00 7.06592858e-01 5.95948696e-01
    2.82202840e-01 3.71857524e-01 1.99947596e-01 1.61506462e+00
    6.89878523e-01 5.00983715e-01 1.54581785e-01 1.43812156e+00
    7.72770464e-01 1.14753103e+00 -5.56939542e-01 -2.88377464e-01
    -6.18390858e-01 -2.42822230e-01 2.43246913e-01 1.37464368e+00
    -3.98070425e-01 -6.04146719e-01 -8.67974758e-02 -1.17145419e-01
    6.59873605e-01 5.50547957e-01 1.17126417e+00 -3.33374500e-01
    2.25412250e-01 7.72927523e-01 1.56938505e+00 4.28053856e-01
    1.56091356e+00 1.01020372e+00 1.40862310e+00 -6.46172285e-01
    9.34791088e-01 3.37842762e-01 1.28591132e+00 1.25344467e+00
    1.65207243e+00 2.99139082e-01 -2.55147755e-01 1.83228552e-01
    8.24003756e-01 8.47351074e-01 -5.71608186e-01 8.54276061e-01
    -4.94843364e-01 -7.02865362e-01 -2.53630489e-01 4.85583603e-01
    -6.37480557e-01 -4.50895876e-01 1.39900708e+00 1.44596815e+00
    2.45021105e-01 5.84503770e-01 2.23602593e-01 3.05575371e-01
    -5.48314214e-01 1.33762562e+00 7.04663455e-01 7.73385108e-01
    -2.26980418e-01 2.10006714e-01 6.75927937e-01 2.00670719e-01
    4.87462759e-01 4.77729201e-01 5.55293798e-01 -2.52663940e-01
    8.64806652e-01 9.95976806e-01 1.00529194e-01 2.76814938e-01
    6.15585148e-01 9.63183820e-01 2.49379277e-02 1.22306657e+00
    1.67335796e+00 -6.37272537e-01 -9.00781155e-02 1.27135587e+00
    1.62632346e-01 4.65872705e-01 9.33743834e-01 -7.86215663e-01
    8.08484077e-01 1.45899773e+00 8.09456348e-01 3.32177818e-01
    -1.90750360e-02 5.92382252e-01 9.09216642e-01 1.56209099e+00
    -3.33317339e-01 1.59221375e+00 8.99392664e-01 -1.29169822e-01
    5.55171847e-01 1.25882769e+00 3.95054758e-01 4.27087307e-01
    5.66146553e-01 5.85203111e-01 5.61243415e-01 1.54741740e+00
    8.51992905e-01 -8.16615403e-01 9.98104274e-01 4.68670785e-01
    1.25768280e+00 3.09429884e-01 1.49549770e+00 -6.66693747e-01
    1.15009594e+00 1.62930894e+00 1.18704677e+00 9.16097939e-01
    1.36933136e+00 -6.96307421e-02 3.59852493e-01 -6.25447989e-01
    3.48545849e-01 1.43658864e+00 3.10150802e-01 6.45816743e-01
    1.53927743e+00 4.71953690e-01 2.39807963e-01 -7.21169889e-01
    8.95251453e-01 1.23483276e+00 1.56795812e+00 2.16434538e-01
    2.35761583e-01 -4.73430008e-01 1.49072409e-01 1.02926874e+00
    1.72833979e-01 6.44224465e-01 -7.72212148e-02 1.26932561e+00
    2.96190560e-01 1.67278552e+00 -3.37892741e-01 -2.39577830e-01
    -5.31677902e-01 6.97470069e-01 6.22176588e-01 4.48096812e-01
    7.25155473e-01 1.01641846e+00 1.99222505e-01 3.64522099e-01
    9.23857212e-01 1.22368121e+00 -2.15098113e-01 -4.96802926e-02
    -2.91259140e-01 1.27346790e+00 5.76002598e-01 1.35643697e+00
    -6.77792013e-01 1.13057160e+00 1.34090042e+00 -8.32715631e-02
    1.12155676e+00 -5.59819221e-01 7.10167587e-01 1.67229414e+00
    -4.90466088e-01 8.30329835e-01 -6.47259653e-02 2.02355385e-02
    1.09167266e+00 1.17523193e+00 1.45730639e+00 1.28335035e+00
    9.77739871e-01 1.57694578e-01 5.48728824e-01 6.96182489e-01
    -3.76997530e-01 1.65101981e+00 -3.19495142e-01 5.35625100e-01
    7.58962870e-01 -2.38790333e-01 3.56314659e-01 1.62276614e+00
    -1.07605219e-01 -1.32691622e-01 4.03699875e-02 -1.58244431e-01
    1.37434423e+00 -5.22759855e-01 1.58092380e+00 -4.99043584e-01
    1.47408009e+00 -6.02334142e-02 -4.79078114e-01 1.54467285e+00
    1.33678865e+00 1.68502665e+00 -4.93936867e-01 5.42508304e-01
    1.58769035e+00 1.02786016e+00 7.49980569e-01 7.54049838e-01
    1.38982725e+00 1.44138455e+00 -6.71404123e-01 -7.17815578e-01
    1.26602066e+00 6.98141277e-01 -1.04946136e-01 -3.54792863e-01
    1.04304552e+00 1.31624234e+00 3.20731819e-01 1.44690871e-01
    5.70963025e-02 1.38485634e+00 1.20536721e+00 9.71496642e-01
    -1.78795457e-01 -5.39870381e-01 1.14930582e+00 -1.73751533e-01
    1.54729009e+00 9.87554789e-02 1.31400979e+00 6.69080615e-02
    1.08714271e+00 6.93453968e-01 1.58596754e+00 3.38203251e-01
    1.07195926e+00 1.50460064e+00 -2.74899900e-01 -1.48913562e-01
    1.50665820e+00 5.51557302e-01 1.48614264e+00 1.56455040e-01
    -4.84011143e-01 -6.05800807e-01 -3.69967192e-01 5.66532850e-01
    3.15859199e-01 -5.16970634e-01 -5.01177967e-01 1.16746211e+00
    -5.54601431e-01 1.07648540e+00 -1.34259462e-03 -2.35670030e-01
    3.67097080e-01 1.25625658e+00 2.41581321e-01 9.52964008e-01
    9.18350697e-01 3.17162752e-01 8.94828558e-01 -2.61568964e-01
    -7.10294127e-01 5.96019268e-01 -5.25300264e-01 1.09892201e+00
    7.83572674e-01 9.02548373e-01 4.42627430e-01 2.54341781e-01
    2.52113461e-01 -5.01006365e-01 1.58013046e+00 1.38249063e+00
    4.30376530e-01 6.90861881e-01 1.26984370e+00 -4.80889082e-02
    1.90815568e-01 1.11373413e+00 4.83924031e-01 -2.22211003e-01
    1.84005082e-01 -5.88191628e-01 5.03779173e-01 1.29616010e+00
    6.32256150e-01 1.36666012e+00 6.96382761e-01 1.24275804e-01
    2.46590376e-01 -9.33635831e-02 7.34427214e-01 -2.50535816e-01
    8.06638002e-01 1.42475641e+00 9.41424072e-01 -2.47816622e-01
    2.96932280e-01 2.45809853e-01 2.53505111e-01 -1.27195209e-01
    6.80465519e-01 1.01021802e+00 1.08590400e+00 7.00869441e-01
    -6.09296441e-01 8.89187396e-01 7.28463888e-01 -2.56750464e-01
    1.46075571e+00 1.06679678e+00 -2.37823814e-01 -1.15558088e-01
    1.29093635e+00 6.45987809e-01 1.20477176e+00 2.36249208e-01
    -1.84034646e-01 1.44890988e+00 9.18645382e-01 -3.74296635e-01
    1.31522834e-01 -1.69068485e-01 5.32258809e-01 1.52138317e+00
    -4.87806201e-01 1.28455806e+00 1.58237684e+00 -3.41826469e-01
    2.38506436e-01 2.20874071e-01 1.77351081e+00 1.57459843e+00
    5.67961872e-01 -3.37654531e-01 9.75094140e-01 3.56040180e-01
    -1.23172820e-01 1.10108662e+00 2.19480395e-01 5.59219301e-01
    1.35640717e+00 4.74477649e-01 1.03207386e+00 4.07295585e-01
    1.58457327e+00 -6.72982454e-01 1.28271258e+00 1.14547539e+00
    3.82565022e-01 1.75078499e+00 7.52466619e-01 1.29126465e+00
    7.70438075e-01 -4.56522524e-01 3.98342669e-01 9.73319054e-01
    1.35546899e+00 -3.82725358e-01 2.42669344e-01 -5.35435677e-02
    -8.04931760e-01 1.23345780e+00 5.41956902e-01 -2.81693369e-01
    1.20761752e+00 1.38795078e-01 5.77367604e-01 3.16739380e-01
    4.96713579e-01 1.18112516e+00 1.23835397e+00 1.15284586e+00
    3.61423254e-01 -2.83840895e-01 4.30278838e-01 -1.92676425e-01
    1.84337735e-01 1.25852835e+00 1.29109108e+00 7.68037975e-01
    3.97963405e-01 1.04795146e+00 -6.34443760e-03 6.95970774e-01
    -1.15791798e-01 6.42487407e-01 1.07285321e+00 2.84528852e-01
    -5.13259888e-01 -3.83883029e-01 -2.36574858e-01 3.85873199e-01
    2.30721414e-01 -3.09000045e-01 5.09321392e-01 1.15760994e+00
    7.86414742e-02 1.19435644e+00 -8.06975365e-03 2.10055053e-01
    6.85445070e-02 1.23798180e+00 -2.24263579e-01 2.57507265e-01
    1.60393405e+00 4.56466317e-01 3.37560296e-01 5.95975697e-01
    8.04954410e-01 1.40495944e+00 1.46144307e+00 6.20021462e-01
    -2.03340709e-01 1.49492240e+00 1.14745665e+00 1.08626151e+00
    -3.01698864e-01 4.75753069e-01 5.51247418e-01 -5.00449479e-01
    -4.35977280e-02 -1.42791718e-01 -5.62298298e-03 1.49936259e-01
    3.87875319e-01 1.49289000e+00 -3.14886153e-01 -6.50330842e-01
    1.57446861e-02 9.97151673e-01 6.99307501e-01 -5.53278089e-01
    -1.94352686e-01 6.24790788e-01 1.68192089e+00 2.09779739e-01
    -2.41520494e-01 -4.53007400e-01 1.01533544e+00 1.67383027e+00
    -1.12378776e-01 1.30202925e+00 -1.55119896e-01 -6.59128249e-01
    9.44428146e-01 9.40849602e-01 6.96106315e-01 1.51980054e+00
    1.02350295e+00 1.34792268e-01 7.57424891e-01 -1.30503178e-02
    1.79680216e+00 -5.99840224e-01 -3.66474986e-02 1.54897606e+00
    1.57850289e+00 1.95912838e-01 -3.76019001e-01 1.44610167e+00
    9.94466424e-01 -6.69437051e-02 7.98483610e-01 1.20475733e+00
    -1.01708770e-02 1.26468813e+00 -4.91010934e-01 1.55586207e+00
    -2.59046435e-01 5.55920422e-01 -1.40966713e-01 -3.56868565e-01
    1.44030273e-01 1.63204885e+00 9.23482060e-01 2.45275021e-01
    1.54675162e+00 3.82258713e-01 3.92617464e-01 4.52758551e-01
    -2.68697679e-01 3.17273498e-01 4.85304236e-01 -3.96644264e-01
    1.64085567e-01 1.20007348e+00 9.76269841e-02 1.20380902e+00
    4.36085880e-01 1.07075858e+00 8.03124189e-01 3.18174601e-01
    -5.97657204e-01 1.26913118e+00 -3.81111413e-01 -2.80465245e-01
    1.60744095e+00 1.65689981e+00 -9.43785906e-03 1.36846650e+00
    5.38988590e-01 -4.31936592e-01 1.30428672e-01 1.48980081e+00
    7.04940200e-01 2.54522085e-01 1.23515141e+00 3.05307209e-01
    -6.74400449e-01 -5.86319029e-01 -2.50506192e-01 3.29798460e-02
    -1.37879848e-01 1.40512776e+00 1.31505966e+00 1.29392600e+00
    9.74824905e-01 1.14578271e+00 1.20537162e+00 1.45878792e+00
    1.52457666e+00 1.05616808e+00 9.09058869e-01 -3.60851854e-01
    1.54190755e+00 6.82753325e-03 1.70007718e+00 -4.69550699e-01
    -3.55666995e-01 2.67655849e-01 1.67255640e+00 -7.12785661e-01
    2.43757725e-01 9.57489789e-01 5.39109230e-01 -1.31058455e-01
    1.15128350e+00 -1.42988920e-01 1.66543519e+00 -4.49048877e-02
    1.08371377e-01 -6.22430205e-01 5.34336448e-01 9.54769313e-01
    -6.36063755e-01 8.63534153e-01 1.07122731e+00 -4.05935675e-01
    6.02430940e-01 2.46608198e-01 9.71671343e-01 1.46533179e+00
    1.60250783e+00 1.70648980e+00 7.73743212e-01 1.32364130e+00
    -1.70623779e-01 -2.59906054e-03 -6.55913353e-03 -3.52656484e-01
    1.05377412e+00 9.21325088e-01 1.09163737e+00 3.04476023e-01
    1.42438626e+00 -5.78225315e-01 -2.25486577e-01 1.64198756e+00
    1.55855477e-01 6.67759120e-01 2.66982138e-01 -2.91907430e-01
    1.13203859e+00 -4.68270540e-01 -4.24147248e-01 1.32074022e+00
    -1.98985964e-01 6.98118448e-01 -2.51141399e-01 -3.02867293e-01
    9.77737010e-01 7.87213802e-01 1.22898269e+00 -2.82327145e-01
    3.59474421e-01 4.76811290e-01 -3.79062831e-01 -1.98096186e-01
    5.17211258e-01 1.28676939e+00 -3.02281380e-02 -6.38220847e-01
    1.83814645e-01 1.16932690e-01 9.25595760e-01 -5.45236051e-01
    4.69398201e-01 8.67771983e-01 -6.29858315e-01 1.44843900e+00
    -3.11747700e-01 8.10031772e-01 7.55150378e-01 -3.79923612e-01
    1.74175096e+00 -5.01573920e-01 -2.26646662e-02 8.96686673e-01
    8.70818794e-01 1.14271712e+00 1.22137070e-01 9.54603493e-01
    -5.62860012e-01 1.68028390e+00 1.44282913e+00 1.85331583e-01
    1.59247804e+00 -5.61688006e-01 9.89310741e-01 -6.61533594e-01
    -6.84234500e-01 1.29832411e+00 7.95101285e-01 9.64943528e-01
    1.47455835e+00 6.34531736e-01 -6.33704662e-03 1.16876531e+00
    1.55814171e-01 4.23991084e-01 -2.39322126e-01 5.75162232e-01
    2.88301110e-01 -6.39789760e-01 5.43581843e-02 1.51870346e+00
    2.99261630e-01 1.54846716e+00 2.99565852e-01 1.05345321e+00
    4.31347907e-01 4.54518795e-02 -2.42657959e-01 -3.17963451e-01
    1.05465555e+00 8.44101250e-01 3.57310534e-01 1.01497746e+00
    -4.19887304e-01 1.06590390e+00 1.95354223e-03 1.74459338e+00
    6.07119858e-01 1.70338488e+00 4.90827739e-01 -5.39398909e-01
    2.11684883e-01 1.82220364e+00 2.23077774e-01 -4.44681495e-01
    1.73505318e+00 1.44391918e+00 -3.65547031e-01 -6.51619732e-01
    1.31090474e+00 8.22609782e-01 8.89861226e-01 1.11537266e+00
    3.41241360e-01 9.25347567e-01 7.52916455e-01 6.84583962e-01
    1.09029293e+00 1.21896267e-02 1.73791289e-01 -5.90831220e-01
    1.31853223e+00 -3.15784246e-01 2.82534242e-01 4.93004322e-01
    1.13811684e+00 1.50937724e+00 1.50318015e+00 -4.01891738e-01
    4.84358132e-01 1.54294062e+00 1.57769942e+00 -4.06398952e-01
    1.16363382e+00 -5.29594541e-01 6.45535827e-01 1.39575362e+00
    4.13661242e-01 -3.55377913e-01 -3.27504545e-01 -3.97483766e-01
    8.90023768e-01 1.33493781e-01 -1.62662983e-01 -1.00521982e-01
    1.11551106e+00 7.97232211e-01 1.92244589e-01 7.69247293e-01
    1.75772309e-02 -4.80569392e-01 3.82894218e-01 6.94088399e-01
    1.13706863e+00 7.57594585e-01 4.51332331e-02 -1.55076802e-01
    1.18670750e+00 1.38349009e+00 -3.24993730e-02 6.27527714e-01
    1.41483927e+00 3.69102359e-01 8.81257892e-01 -7.97780156e-02
    1.67018163e+00 2.23626614e-01 1.09651721e+00 -6.77680492e-01
    3.70458424e-01 1.41423202e+00 -5.12637377e-01 -6.64895296e-01
    1.23746550e+00 1.53454876e+00 -7.16153622e-01 1.27492142e+00
    4.72632766e-01 6.10383749e-02 8.01263750e-01 1.78616333e+00
    2.17198968e-01 1.21770680e+00 3.41695905e-01 1.03461051e+00
    -5.75055659e-01 1.69396794e+00 1.14709556e+00 5.25265992e-01
    2.67877340e-01 1.45616889e+00 9.52530146e-01 -6.04158163e-01
    8.82093072e-01 2.34979391e-03 -2.11811662e-01 1.16906703e+00
    -1.55774653e-01 -1.37556493e-01 -1.62975490e-01 8.72717083e-01
    8.89520168e-01 -2.18787611e-01 -1.37278795e-01 1.44974303e+00
    1.38881254e+00 -8.47592354e-02 7.87749946e-01 1.20979178e+00
    1.37212992e+00 1.83933258e-01 1.05326223e+00 9.32210684e-03
    1.33520687e+00 -3.57069969e-02 -3.76954824e-01 1.05893588e+00
    7.11483479e-01 9.03969765e-01 1.39817905e+00 -6.09053016e-01
    -2.82181710e-01 1.32621074e+00 -2.77802974e-01 7.42062390e-01
    1.93215072e-01 2.67441154e-01 -5.32453358e-01 1.16374660e+00
    3.00524235e-02 1.54329777e+00 1.17461181e+00 1.28863573e+00
    1.61229074e+00 -1.30017996e-02 -6.45288229e-02 1.26413608e+00
    -2.27272451e-01 1.33730066e+00 1.01840353e+00 5.28009832e-01
    2.69576192e-01 1.58310008e+00 1.71083808e-02 1.69477487e+00
    -1.48297012e-01 -1.54720306e-01 -3.76847506e-01 -2.55434155e-01
    2.26022303e-01 8.40571165e-01 1.52577174e+00 1.71764970e-01
    8.03498328e-01 1.21255040e+00 -3.87518525e-01 2.96632767e-01
    3.00148606e-01 2.09014952e-01 8.90200078e-01 1.34845066e+00
    -7.37238109e-01 1.51195931e+00 -1.52249694e-01 -3.13288599e-01
    6.70332015e-01 7.44225264e-01 1.09392273e+00 1.54622293e+00
    -4.36169982e-01 1.36532605e-01 -3.64605129e-01 -2.37082154e-01
    1.33669758e+00 7.82311499e-01 -1.88783914e-01 3.84013653e-02
    7.08140433e-01 5.43949962e-01 -2.11399645e-01 -4.63939250e-01
    1.53280938e+00 1.08343089e+00 3.06952059e-01 2.01934874e-01
    8.63794863e-01 9.42276120e-02 -5.47622681e-01 4.09410000e-02
    -3.39048117e-01 4.54148352e-01 -3.61357659e-01 1.14363039e+00
    7.79852331e-01 1.58519924e-01 -2.17364132e-01 9.58714962e-01
    1.26318192e+00 -1.19761407e-01 2.65970826e-02 -4.42365229e-01
    5.58059812e-02 1.20185900e+00 -2.54355907e-01 1.56520617e+00
    -6.23197258e-01 -7.98772573e-02 -5.13093710e-01 -5.78065276e-01
    -1.81041449e-01 -5.99472642e-01 6.07271194e-01 8.25753093e-01
    -6.48689747e-01 5.66425622e-01 3.53208721e-01 1.37060118e+00
    2.24527657e-01 7.10726082e-01 1.10487080e+00 1.74775958e+00
    -3.82963687e-01 9.46774662e-01 2.59073019e-01 2.12141931e-01
    5.40147543e-01 -3.77990603e-02 6.35132790e-01 1.29144621e+00
    1.30800283e+00 1.11851931e+00 9.84294474e-01 -1.94157094e-01
    5.32021761e-01 1.71158910e+00 1.15884018e+00 2.88796961e-01
    -4.17662382e-01 1.41870344e+00 1.85095966e-01 -1.35630786e-01
    1.46055663e+00 7.41254807e-01 1.43670917e-01 -2.28744626e-01
    1.20742893e+00 -3.16472262e-01 3.93574536e-01 8.95391345e-01
    1.87452531e+00 4.85350907e-01 4.17604446e-02 8.63815725e-01
    1.70509291e+00 -5.08152544e-01 -5.35628974e-01 3.70840430e-02
    -5.42931974e-01 -3.33776712e-01 -2.17003524e-01 -1.73133045e-01
    -2.51380861e-01 -9.92406011e-02 2.59383023e-01 6.51103020e-01
    4.21734035e-01 8.70039582e-01 -1.34522200e-01 1.31514478e+00
    -1.47189558e-01 8.15831602e-01 9.15784240e-02 3.60039771e-01
    -4.79639173e-01 1.37579441e+00 9.59492087e-01 6.51361465e-01
    -2.32882529e-01 1.52871823e+00 -8.86594057e-02 -2.41671205e-01
    1.67864382e-01 -1.81330174e-01 1.41415620e+00 2.27295280e-01
    5.96254170e-01 1.34213328e+00 7.85930991e-01 1.22847319e+00
    -1.57180369e-01 1.70802975e+00 6.71042144e-01 7.00311422e-01
    7.27537096e-01 2.31126666e-01 -5.57844102e-01 1.16512394e+00
    1.40464103e+00 -2.59065628e-03 3.27536523e-01 1.18331885e+00
    1.31085300e+00 -7.18725383e-01 6.56535685e-01 4.60095406e-01
    3.07621300e-01 1.36752677e+00 1.56932831e+00 -3.63246977e-01
    -6.20706439e-01 1.63455176e+00 -2.90973425e-01 7.57766068e-01
    8.01466048e-01 1.53924918e+00 9.91856515e-01 6.87468767e-01
    -6.29115224e-01 2.65485644e-02 -3.33361566e-01 9.44223762e-01
    -1.07548594e-01 6.32342339e-01 3.15032542e-01 1.23151207e+00
    -4.81723666e-01 8.14155459e-01 1.58753729e+00 -3.23290080e-01
    6.46971405e-01 -9.30793881e-02 -3.06217641e-01 1.14275670e+00
    1.41628444e+00 -3.82473469e-02 -4.81865585e-01 -2.42039293e-01
    -5.66099286e-02 -6.63233519e-01 1.46091270e+00 1.01135290e+00
    -3.76109868e-01 -4.04351443e-01 -4.47560549e-02 -3.36809039e-01
    7.73402870e-01 1.20883894e+00 1.33595967e+00 4.31296945e-01
    9.62519050e-01 4.23513412e-01 -4.90470886e-01 1.60896659e+00
    1.35287726e+00 1.23275328e+00 2.02770174e-01 -3.01444411e-01
    -4.08684969e-01 2.00619698e-02 -4.30478632e-01 1.26631033e+00
    -5.59689343e-01 1.26911449e+00 1.52842259e+00 8.32505763e-01
    3.79538596e-01 8.40844631e-01 1.34311688e+00 7.32453823e-01
    1.09039247e+00 2.76681602e-01 1.16153479e+00 1.11563206e+00
    -7.32127428e-01 1.31175625e+00 1.71978474e-01 -2.50960588e-01
    2.82223046e-01 -6.84414804e-01 7.72451162e-02 4.55259502e-01
    7.37562001e-01 1.54745555e+00 1.66351295e+00 -8.96885395e-02
    7.06619024e-02 1.03690815e+00 -2.82752275e-01 -4.47330385e-01
    -3.46772075e-02 7.07387388e-01 1.33213043e+00 6.94452763e-01
    2.36573875e-01 3.88786793e-02 8.44354570e-01 8.24761033e-01
    -4.65203524e-01 2.26290226e-02 1.63545477e+00 1.50927377e+00
    1.28356934e-01 -2.93750018e-01 2.85621643e-01 2.34067917e-01
    5.53944647e-01 -5.37501037e-01 7.71904111e-01 -6.65670037e-02
    3.33976209e-01 1.49475694e+00 -1.41278863e-01 1.53055549e-01
    -3.69706690e-01 1.31430185e+00 5.80201805e-01 1.12360191e+00
    1.36906445e+00 9.55329001e-01 -3.40685934e-01 -4.93321657e-01
    1.61403334e+00 1.33256125e+00 1.58286858e+00 -2.18928695e-01
    3.29115152e-01 8.56312275e-01 1.51839042e+00 1.57367373e+00
    4.03235912e-01 1.61789417e-01 2.16382265e-01 2.23102093e-01
    6.50442064e-01 1.86287224e-01 4.28409398e-01 -5.91035426e-01
    -3.30894977e-01 1.24105406e+00 2.08821058e-01 8.91695619e-02
    1.35176075e+00 1.16819263e-01 -2.98654526e-01 -9.69787240e-02
    1.78467762e+00 2.02976882e-01 1.35142350e+00 1.54207873e+00
    7.18654633e-01 1.13814473e-01 6.54414296e-01 -4.03797716e-01
    4.04246926e-01 3.25957417e-01 1.63326240e+00 -1.59239769e-03
    3.95560980e-01 4.30296540e-01 6.69240952e-01 7.66293347e-01
    -6.55847847e-01 4.79336977e-02 5.33941984e-02 1.64039683e+00
    4.42031026e-01 9.16719973e-01 -3.42424929e-01 6.40451729e-01
    3.93450141e-01 -4.84112024e-01 -5.99303544e-01 -4.67343152e-01
    9.68234777e-01 -4.35043126e-01 -2.16910124e-01 3.98551404e-01
    3.95239353e-01 1.00335419e+00 4.74073410e-01 -7.66338348e-01
    1.02720082e+00 8.79162788e-01 -3.37445974e-01 1.71189308e-01
    9.97850597e-01 -5.71972609e-01 -5.90092361e-01 1.28604388e+00
    6.29844368e-01 7.36904860e-01 -4.10862327e-01 6.39888763e-01
    -4.17054236e-01 1.22778296e+00 1.38798165e+00 -1.35915995e-01
    1.13341689e+00 -4.98195231e-01 1.25762153e+00 1.43275666e+00
    -2.26889312e-01 1.61699414e+00 2.67034948e-01 -4.93126988e-01
    -2.94218719e-01 -2.90531993e-01 -5.47348261e-01 1.35269761e-01
    4.33322608e-01 7.66474068e-01 1.36808383e+00 -3.26713979e-01
    1.18332720e+00 -4.87722933e-01 1.52099395e+00 1.27323151e+00
    -5.11231899e-01 -4.41821098e-01 6.62174165e-01 7.32722878e-02
    8.51436257e-01 1.06217682e-01 8.74733925e-03 4.93052840e-01
    -3.45310301e-01 -4.02909726e-01 7.75172114e-02 1.22848821e+00
    1.29517341e+00 1.37057221e+00 1.57864583e+00 -5.43861151e-01
    2.12431014e-01 1.49697483e-01 1.61353612e+00 8.81935477e-01
    -7.03468919e-02 -2.51700819e-01 9.90890145e-01 1.12693071e-01
    9.08328056e-01 -6.32423699e-01 3.47974300e-02 5.83991408e-01
    8.53691995e-01 -5.26175022e-01 1.07677639e+00 1.00169277e+00
    6.13281965e-01 1.14895892e+00 1.09104943e+00 4.97408211e-01
    -3.55458677e-01 1.39124990e+00 8.94908428e-01 1.25746417e+00
    8.68418157e-01 -1.93611681e-01 1.17339182e+00 1.46774709e-01
    1.56945658e+00 -2.76519656e-01 2.24376857e-01 -1.30916297e-01
    -5.00138462e-01 1.72700000e+00 2.88540781e-01 -5.25927424e-01
    1.07386005e+00 4.98375893e-01 -2.84486294e-01 1.50075316e-01
    -4.43665504e-01 5.69214404e-01 8.55187178e-01 1.77075148e-01
    1.60453105e+00 1.06111503e+00 7.90089250e-01 -6.32603288e-01
    4.87286389e-01 1.21736455e+00 -5.55556118e-01 1.55564547e-02
    8.96846712e-01 8.13038290e-01 3.74291360e-01 -6.02476060e-01
    1.38583183e+00 8.96772981e-01 -4.38618302e-01 4.21392977e-01
    1.36837864e+00 8.77127171e-01 1.57926702e+00 1.55343473e+00
    -4.75459129e-01 -1.73187613e-01 7.51616955e-01 1.06727147e+00
    -1.39443994e-01 -4.53125894e-01 6.16411686e-01 6.54822171e-01
    -1.02070749e-01 1.58052385e-01 1.03066909e+00 1.47246313e+00
    4.55331385e-01 -3.57241035e-01 1.73987627e+00 -3.91364098e-04
    1.61267900e+00 1.02954221e+00 -3.89544964e-01 8.71089101e-02
    -1.69832349e-01 4.97437179e-01 9.42980111e-01 1.08695674e+00
    -3.99895638e-01 7.46780217e-01 -1.20423853e-01 1.31779718e+00
    -6.46542907e-02 -3.27195168e-01 2.67316878e-01 6.29043341e-01
    -5.42757034e-01 1.33801746e+00 1.43345332e+00 6.87409818e-01
    1.22629285e+00 1.17565787e+00 -5.37317336e-01 7.25575924e-01
    -3.21977884e-01 2.50551105e-02 2.71700919e-01 3.07868958e-01
    -1.84657454e-01 -2.32468903e-01 9.01541054e-01 1.37155330e+00
    -1.04860663e-01 5.87415457e-01 1.17529964e+00 -1.88921511e-01
    1.96368098e-01 1.00185513e+00 -4.79484677e-01 6.78707302e-01
    9.64229763e-01 3.09890866e-01 8.91172647e-01 -4.92079258e-02
    -2.91606218e-01 1.45535326e+00 5.47087014e-01 1.82737756e+00
    5.65924644e-01 6.33304596e-01 4.66942966e-01 9.18796241e-01
    4.38076377e-01 -6.20648563e-01 1.24866450e+00 -6.31011009e-01
    6.10029280e-01 1.31535959e+00 -7.22743869e-02 3.96758020e-01
    8.56718302e-01 1.10531449e+00 -1.57287151e-01 4.34551835e-02
    1.68799162e-02 -4.19392109e-01 7.07040131e-01 -4.94758070e-01
    3.51269543e-01 5.81316769e-01 4.66337502e-01 3.51616442e-01
    1.14509010e+00 8.99450779e-02 1.03163028e+00 8.04992199e-01
    8.22633266e-01 1.72259474e+00 -5.37084043e-01 1.58478785e+00
    -2.65193284e-01 3.40841055e-01 -6.22814476e-01 1.03666735e+00
    5.50598443e-01 4.06551480e-01 1.09237015e+00 -2.38029361e-02
    1.64022803e+00 -1.24227285e-01 1.27691269e-01 1.53833032e-02
    1.09231853e+00 1.73128247e-02 1.00805140e+00 6.90650344e-02
    8.66220832e-01 -3.66891026e-02 3.30656886e-01 9.20767546e-01
    4.74987507e-01 1.16952038e+00 6.69064879e-01 1.06731558e+00
    1.42641485e+00 3.19930315e-01 1.20934772e+00 5.78495264e-01
    1.95468366e-01 -1.69656157e-01 -4.86628711e-01 5.10557771e-01
    1.21719885e+00 2.97042668e-01 1.65504527e+00 9.97116983e-01
    1.13603795e+00 -4.93817717e-01 9.43876505e-02 -3.14545929e-01
    1.13076067e+00 1.23270881e+00 -1.86109543e-01 8.99929285e-01
    1.22306025e+00 -3.73112082e-01 1.41523290e+00 1.04299176e+00
    5.61887145e-01 1.55013633e+00 8.87507439e-01 1.24991417e-01
    3.15897644e-01 -3.82510960e-01 -4.78433490e-01 -2.85340995e-01
    1.47008967e+00 1.51966882e+00 7.62181699e-01 3.45757604e-01
    1.72476411e-01 3.24310303e-01 1.31826961e+00 8.95039976e-01
    1.29999018e+00 9.07663763e-01 -3.83063614e-01 5.69675565e-01
    6.74490452e-01 -4.31120455e-01 3.51208627e-01 -1.89379543e-01
    8.85952950e-01 -2.85981476e-01 2.66668856e-01 1.48479223e+00
    8.12585890e-01 -4.96077955e-01 1.35259390e+00 1.45894158e+00
    8.42825472e-01 2.55783021e-01 -5.45759797e-01 1.04914665e+00
    -1.39713168e-01 -5.79520106e-01 3.57772708e-02 8.46027732e-02
    -6.24602199e-01 7.25721180e-01 9.02435303e-01 3.59176993e-02
    3.68691385e-01 -5.58245778e-02 9.99993980e-01 1.25134897e+00
    -1.29231215e-02 1.46007192e+00 -1.07804537e-01 1.52427530e+00
    7.90869772e-01 8.87101531e-01 -1.36957824e-01 -6.45922422e-02
    9.17378187e-01 -2.44493395e-01 1.19111562e+00 -3.90072614e-01
    2.99739659e-01 1.12346292e+00 4.02787924e-01 -6.57342196e-01
    1.63437486e+00 1.38223147e+00 1.40434766e+00 1.58853841e+00
    5.67186117e-01 -5.96823335e-01 1.07187343e+00 6.64218724e-01
    1.46833944e+00 1.32424951e+00 -4.18491483e-01 9.50209498e-02
    1.19837141e+00 1.49420452e+00 5.67328632e-01 1.17526555e+00
    7.35385001e-01 1.24429488e+00 1.50224864e-01 5.26968718e-01
    -8.97064805e-02 9.87906337e-01 -3.10782969e-01 1.53111279e+00
    1.50626040e+00 9.71767306e-01 6.34769142e-01 -1.76704109e-01
    9.10387814e-01 2.92823434e-01 7.13534117e-01 1.59806323e+00
    5.94795406e-01 3.01523983e-01 1.42782760e+00 2.20143974e-01
    -4.50945169e-01 1.54398727e+00 -8.39804411e-02 -6.65350556e-01
    -5.09646177e-01 1.66623116e-01 2.63805985e-01 1.44812882e-01
    1.71247149e+00 1.01500833e+00 1.15461314e+00 -2.12545365e-01
    1.11686826e-01 9.93138433e-01 1.45282423e+00 5.14079034e-01
    1.30168986e+00 1.33940518e+00 2.10586905e-01 1.54268777e+00
    9.21447039e-01 8.59916389e-01 -7.72606194e-01 1.22147274e+00
    -3.49317938e-01 2.23341644e-01 -4.57776070e-01 -3.40068787e-01
    1.08031929e-01 9.08529699e-01 2.67066538e-01 6.14998400e-01
    9.15807605e-01 -6.07219934e-02 1.26810431e-01 7.19421685e-01
    -5.96053004e-01 -7.26788640e-02 1.06890488e+00 4.20662761e-01
    -5.84451318e-01 9.49054718e-01 1.22174203e-01 2.75968015e-01
    -6.45809770e-02 1.44525576e+00 9.94475305e-01 5.29882789e-01
    1.01925731e-02 -3.01545262e-02 1.70288587e+00 1.11704195e+00
    9.36746657e-01 -3.91638041e-01 -1.47063524e-01 7.37734973e-01
    3.36296797e-01 1.49854302e+00 1.39789367e+00 -5.23124933e-01
    -1.09690249e-01 1.37610972e-01 4.92453933e-01 1.25848913e+00
    1.66527510e-01 6.86792195e-01 3.99200380e-01 -4.16103333e-01
    -2.39148140e-02 1.04133940e+00 4.12595391e-01 -5.81609786e-01
    1.80798960e+00 8.00368667e-01 -2.00030476e-01 -2.07327306e-01
    -1.55746430e-01 1.63943791e+00 2.84328997e-01 7.56410837e-01
    1.57710755e+00 -7.26968050e-02 1.08377481e+00 -3.80922288e-01
    1.28033471e+00 7.36946166e-01 4.45916593e-01 -5.85612893e-01
    2.28514314e-01 6.26818240e-01 -4.67602164e-01 5.52885354e-01
    -5.05635500e-01 1.26021445e+00 1.36176145e+00 1.51219010e+00
    -1.67404234e-01 -6.27484620e-01 1.60733676e+00 -1.44925296e-01
    6.62519395e-01 1.80678368e-01 1.65934920e+00 -2.09941506e-01
    3.00618351e-01 5.51092029e-02 1.97086513e-01 1.34996986e+00
    3.49214971e-01 8.81963730e-01 1.63928533e+00 -2.50737369e-01
    3.27165663e-01 1.28260493e+00 8.59501600e-01 -1.13942742e-01
    1.38903451e+00 4.44165945e-01 5.03127694e-01 1.00570405e+00
    -3.18762720e-01 1.47955680e+00 1.18240452e+00 1.64173841e+00
    2.87799656e-01 3.93915176e-03 -1.04377568e-01 -5.66676497e-01
    1.11094046e+00 9.89238739e-01 9.80759859e-01 2.02966928e-02
    1.60684311e+00 -2.20445842e-01 1.76236093e+00 5.18025398e-01
    1.21117020e+00 -5.46206772e-01 1.62443721e+00 1.85567021e-01
    1.09339118e+00 1.61914623e+00 5.95059991e-02 1.39566541e+00
    1.37107873e+00 1.02543354e-01 1.04968214e+00 1.11018562e+00
    1.69854486e+00 1.69020224e+00 1.08810067e+00 5.69359303e-01
    1.50891531e+00 8.41302872e-01 1.40939319e+00 5.39330065e-01
    -5.59770763e-01 1.37030959e+00 3.61919343e-01 1.60786831e+00
    -2.75068581e-01 7.95998573e-02 7.65388191e-01 1.07924497e+00
    9.43512976e-01 6.10242724e-01 -2.57098734e-01 1.16762090e+00
    8.17392766e-01 5.30004859e-01 -5.31891346e-01 1.02434897e+00
    1.18436468e+00 3.73028219e-01 -3.88108850e-01 1.64933443e+00
    5.59178293e-01 9.87126827e-02 1.37301922e+00 -5.94338179e-02
    1.21309984e+00 -5.53688407e-01 -3.04732382e-01 5.06477356e-01
    4.35104609e-01 9.30398881e-01 6.68213606e-01 -5.65992236e-01
    9.35847342e-01 -1.21988237e-01 9.51165855e-01 1.45306015e+00
    -3.19392234e-01 6.88871145e-01 1.43892014e+00 9.38698351e-01
    1.70665574e+00 1.29751468e+00 1.37814403e+00 2.00433969e-01
    -7.10833073e-03 -3.45896274e-01 7.36657321e-01 1.31390655e+00
    5.98412752e-02 9.88744855e-01 1.08364224e+00 -5.75068295e-01
    9.15577471e-01 -5.77043295e-01 -3.21188509e-01 4.54426408e-01
    2.67259359e-01 -6.99013472e-03 1.43149054e+00 1.10909569e+00
    1.51386762e+00 -4.59833980e-01 3.63989174e-01 -3.46994191e-01
    5.85978985e-01 -2.73214847e-01 1.42982185e+00 -5.59464335e-01
    1.38927674e+00 8.86788368e-02 7.00540662e-01 1.28137624e+00
    1.43037081e+00 1.09396029e+00 3.59875500e-01 4.87350464e-01
    1.61416602e+00 -2.35720813e-01 3.84848177e-01 2.05814838e-03
    -4.35584664e-01 1.49115872e+00 3.63107920e-02 2.73808539e-01
    1.27000952e+00 4.71993268e-01 3.26173306e-01 -5.54479957e-01
    -5.64822078e-01 7.38983095e-01 -3.40166956e-01 1.38405311e+00
    4.20819521e-02 5.45551777e-02 5.24946451e-01 -2.49315470e-01
    -3.41253519e-01 1.57868254e+00 -1.00411952e-01 1.26214993e+00
    -2.03600168e-01 1.06751049e+00 -3.98154944e-01 9.83717740e-01
    -2.15014696e-01 7.27695942e-01 4.91363227e-01 7.96906710e-01
    -2.81784058e-01 -6.51167154e-01 -5.82004547e-01 -3.87662917e-01
    3.61691356e-01 7.42448568e-01 1.72392249e+00 3.11159015e-01
    1.33747423e+00 1.03676736e+00 1.09242451e+00 -2.35186815e-01
    1.13347089e+00 -4.99694049e-01 -1.98801816e-01 1.50007391e+00
    -6.80456102e-01 7.42718995e-01 1.15851307e+00 1.27210379e-01
    1.54465902e+00 4.65042710e-01 2.17698812e-01 1.50439990e+00
    8.49177420e-01 -6.12027764e-01 -4.65008020e-02 9.89769340e-01
    -5.64329028e-01 1.39172089e+00 -3.79117370e-01 1.40034783e+00
    2.60619283e-01 2.57203519e-01 4.55434203e-01 1.11586642e+00
    4.80716169e-01 1.45236731e+00 4.02395666e-01 6.82916641e-02
    2.81868160e-01 -7.03891754e-01 8.24232280e-01 2.29764581e-02
    1.37554026e+00 2.52698064e-02 -3.99701655e-01 -9.07813311e-02
    -4.07531857e-01 -4.36732471e-01 5.75362444e-02 1.13268089e+00
    1.20907927e+00 8.42291415e-01 3.02008092e-01 2.53450871e-02
    -2.25738734e-01 1.27712858e+00 1.66905820e-01 3.67021143e-01
    4.30082917e-01 -4.69248503e-01 8.04495633e-01 1.42738676e+00
    -5.23991466e-01 -5.38797736e-01 1.04158068e+00 -3.28205645e-01
    1.49535871e+00 -3.80639553e-01 9.32466209e-01 2.06383407e-01
    4.01381791e-01 -1.70133173e-01 1.55746484e+00 1.50188935e+00
    1.15349376e+00 -7.88143873e-02 2.71070004e-02 5.07787466e-01
    2.56158769e-01 2.59171844e-01 1.61772466e+00 -4.98714775e-01
    1.42459095e-01 -1.08596683e-02 4.76893127e-01 1.42521381e+00
    3.27007413e-01 1.49019432e+00 8.30097556e-01 1.57837451e-01
    -5.95871866e-01 1.24632001e+00 1.29113197e+00 -4.77893382e-01
    1.13541484e+00 -2.95143694e-01 -3.39387178e-01 1.34688568e+00
    4.33216035e-01 1.27447498e+00 1.65576959e+00 6.90540671e-02
    -1.72932208e-01 1.25011790e+00 1.48927975e+00 -2.06124276e-01
    5.38020790e-01 -4.17012572e-01 -1.17108703e-01 1.76366019e+00
    1.04297280e+00 4.81526554e-01 1.12259853e+00 1.22204101e+00
    -2.39468366e-01 1.26314986e+00 -2.07847357e-03 1.47242713e+00
    5.36367714e-01 1.40586162e+00 -7.14381337e-02 7.97060549e-01
    2.47723997e-01 -5.11564553e-01 -2.94963181e-01 1.29048324e+00
    -1.11802697e-01 3.25387716e-01 -1.51116312e-01 7.77589679e-01
    1.27215707e+00 -7.46654928e-01 2.57272601e-01 6.18049502e-02
    -5.11780977e-01 7.15787053e-01 -6.98270619e-01 4.03640866e-02
    4.26308215e-01 1.01848781e+00 -6.02458596e-01 -5.63249230e-01
    -3.87202829e-01 4.81098056e-01 1.41314435e+00 3.04490030e-01
    -2.89011776e-01 1.20182347e+00 1.19364941e+00 5.25503397e-01
    9.76417780e-01 7.67905116e-01 7.92148232e-01 -1.51151240e-01
    1.29294121e+00 -4.04815137e-01 -6.70773566e-01 1.46217227e+00
    1.14561772e+00 1.21186411e+00 1.15475440e+00 9.82681632e-01
    3.53413105e-01 7.02182710e-01 1.31147802e+00 1.26221061e+00
    -2.86406279e-01 9.36436713e-01 4.61568654e-01 5.37574291e-01
    1.60653973e+00 1.35132957e+00 1.27809167e+00 1.60267949e+00
    1.03791654e+00 6.70395374e-01 -1.40012503e-01 1.04465580e+00
    -4.12738472e-01 -6.25526309e-02 8.59501183e-01 1.01980400e+00
    -2.48862207e-01 6.97407603e-01 9.89648700e-01 -7.77898431e-02
    1.16889000e+00 9.93012130e-01 -3.35545182e-01 2.26368070e-01
    -1.64376974e-01 7.68785477e-02 5.58382571e-01 2.26287425e-01
    1.67187452e+00 4.64176595e-01 -5.34642577e-01 -6.37504518e-01
    1.03981829e+00 -1.51553363e-01 -1.92180663e-01 1.10368204e+00
    1.25408530e+00 4.99047637e-01 4.16133165e-01 -1.41743749e-01
    1.27003407e+00 -9.88184810e-02 -5.09649694e-01 -4.50470448e-02
    9.03805494e-02 1.64532554e+00 9.64058518e-01 1.59409463e-01
    8.28027248e-01 -7.59993196e-01 -1.43675089e-01 9.21535492e-02
    1.08448076e+00 7.50018954e-01 7.06024766e-01 7.28992641e-01
    4.59211707e-01 1.01693821e+00 3.36476624e-01 -4.59651649e-01
    1.42357278e+00 -3.29088837e-01 3.36220264e-02 1.07293367e-01
    1.41050339e+00 3.72079253e-01 1.29100978e+00 3.48727345e-01
    -2.41496265e-01 -6.01607323e-01 6.19176626e-02 1.12339544e+00
    -2.67077088e-01 -7.13395059e-01 2.50464439e-01 2.47166276e-01
    -3.00786972e-01 3.40259314e-01 1.26321733e+00 2.74248183e-01
    1.42708158e+00 1.68881178e+00 -1.70978010e-01 1.36058402e+00
    1.34832549e+00 1.55776513e+00 1.46143031e+00 -2.59716690e-01
    3.85316372e-01 3.14865828e-01 6.21803284e-01 1.18697000e+00
    7.51216173e-01 9.34416294e-01 -3.99272144e-01 -6.84319556e-01
    -5.83498836e-01 1.14265549e+00 4.54800844e-01 -5.15984714e-01
    1.17096543e+00 8.05420101e-01 1.21706569e+00 1.31521857e+00
    1.57700944e+00 -4.64379787e-04 -4.58938569e-01 9.89867985e-01
    2.59676814e-01 -6.05934143e-01 -6.56274915e-01 4.96009469e-01
    7.87208378e-01 -2.60054588e-01 1.13684416e+00 7.30554879e-01
    8.27091992e-01 1.29307628e+00 -3.46010923e-03 1.09384942e+00
    9.82728779e-01 -5.79750061e-01 2.15454936e-01 1.02284193e+00
    1.26920819e+00 8.26540947e-01 -5.80712080e-01 1.30437946e+00
    -2.61190385e-01 1.29104376e+00 6.65389538e-01 1.54570675e+00
    4.59139884e-01 8.50794613e-01 1.62649548e+00 6.55209243e-01
    1.24962318e+00 1.88175857e-01 -1.39855206e-01 1.17688608e+00
    -4.17020380e-01 -3.32026571e-01 3.43846142e-01 1.19924092e+00
    5.07374108e-01 -3.72928679e-01 7.79381275e-01 4.99259025e-01
    -5.75202703e-03 5.00349879e-01 -4.48889077e-01 1.05013096e+00
    -6.21339142e-01 -4.50296938e-01 -1.14256382e-01 -5.76113999e-01
    -1.20187253e-01 6.51377559e-01 6.82927132e-01 1.28502274e+00
    -2.27489412e-01 -3.15301925e-01 4.48913932e-01 1.25612712e+00
    8.51852655e-01 1.30401909e+00 4.04127181e-01 4.93695140e-02
    2.86380053e-02 -4.87887919e-01 1.49001801e+00 1.13334489e+00
    1.54357350e+00 8.45912695e-02 1.64077783e+00 -6.91678643e-01
    5.33623755e-01 1.57721853e+00 1.53927207e+00 1.11066425e+00
    -6.80877447e-01 6.45512760e-01 1.05863094e+00 1.58541870e+00
    -5.07575750e-01 -4.34575230e-01 2.55136073e-01 7.82541633e-01
    -4.03506875e-01 4.37854469e-01 -1.51777267e-02 -5.99295199e-01
    1.41374946e+00 7.52592325e-01 1.04638195e+00 2.12702453e-01
    -6.31535470e-01 -2.39217162e-01 9.30475175e-01 -6.52840078e-01
    6.70611322e-01 5.75210392e-01 -9.45469737e-02 7.13945031e-01
    5.94170094e-02 -7.37906575e-01 -5.76842368e-01 8.22957456e-01
    8.15675616e-01 -8.04984570e-03 6.24124348e-01 7.23730326e-02
    -2.39601046e-01 1.32045603e+00 -5.28818965e-02 -2.90906608e-01
    2.51139939e-01 1.20321941e+00 1.56843960e-01 -1.55881047e-01
    3.78473997e-01 1.59464383e+00 1.66293240e+00 1.03516459e+00
    1.22329473e+00 1.13370538e+00 -3.25420529e-01 7.43777156e-02
    -3.88824344e-02 -5.66553056e-01 7.38413513e-01 7.83043325e-01
    -5.55307508e-01 5.15192211e-01 1.15143919e+00 1.14790916e+00
    -2.55850255e-01 9.76450741e-01 -6.53994203e-01 1.59739637e+00
    -1.93149865e-01 1.10338044e+00 1.23645222e+00 5.98530948e-01
    -2.94168591e-02 -5.19450665e-01 1.57135344e+00 -4.33060616e-01
    -1.38184011e-01 -6.32189095e-01 -9.16158557e-02 8.55755806e-02
    6.30680442e-01 -2.27159679e-01 -2.39515305e-03 1.73864484e-01
    -5.72860062e-01 1.02053308e+00 -5.66316545e-01 1.11566091e+00
    -7.96151161e-02 5.23945630e-01 -1.25896335e-01 4.35330153e-01
    1.66572475e+00 1.89256549e-01 1.09528816e+00 -3.25662643e-01
    9.36206937e-01 7.24312484e-01 1.47077942e+00 1.05333805e+00
    1.31520915e+00 7.72189856e-01 1.38725007e+00 4.72907901e-01
    -7.36630797e-01 3.32712471e-01 2.96950042e-01 1.61365509e-01
    9.26315188e-01 -2.89091140e-01 1.38874722e+00 -1.53293282e-01
    -4.36264277e-01 8.37349534e-01 1.48940206e-01 1.49596524e+00
    1.58477843e+00 -1.78421140e-02 9.83926058e-01 1.27176499e+00
    -5.32742620e-01 -2.57476419e-01 -1.28901362e-01 5.09341121e-01
    4.81646359e-01 5.12266099e-01 9.33492601e-01 1.49951160e-01
    -5.17938316e-01 3.25574577e-01 1.63816571e-01 5.64961970e-01
    1.19934320e+00 1.24933648e+00 2.14387000e-01 6.32908821e-01
    9.22849119e-01 -3.17181528e-01 -4.72665578e-01 1.48384500e+00
    -8.88641477e-02 1.19284630e+00 -1.79315507e-01 1.71732426e-01
    1.63891995e+00 4.53044713e-01 -2.79659927e-01 4.56352174e-01
    4.91346359e-01 1.50400400e-02 5.47355294e-01 2.66784608e-01
    1.41619897e+00 1.21449244e+00 6.29218400e-01 1.72220588e+00
    1.55804634e+00 -3.78559768e-01 1.58428848e+00 1.40558124e-01
    1.66072941e+00 1.10831738e-01 -5.81961036e-01 3.89941454e-01
    1.87557936e-01 1.59330010e+00 8.89169693e-01 1.00720501e+00
    7.18417108e-01 2.38493502e-01 1.60346580e+00 4.49971557e-01
    3.52982819e-01 2.06490755e-02 -4.72285151e-02 1.26551270e+00
    3.52509022e-02 -4.00582671e-01 4.21350181e-01 1.01941800e+00
    1.03913355e+00 -5.86536825e-01 5.04543364e-01 -6.77236199e-01
    1.09278345e+00 1.41221905e+00 1.29372489e+00 2.92548120e-01
    6.15153193e-01 -6.74272180e-02 1.71116507e+00 1.28544033e-01
    5.05417526e-01 -6.41136467e-01 1.29034400e+00 1.34596431e+00
    1.59200084e+00 -5.54004669e-01 3.95855904e-01 -4.69414949e-01
    -5.33085048e-01 4.37243521e-01 -4.13975418e-01 7.13271081e-01
    1.61892056e+00 -4.23021317e-01 -5.65582156e-01 4.91586804e-01
    1.74231315e+00 -6.01674318e-01 6.17790103e-01 -8.13454390e-02
    -2.52875715e-01 1.57295012e+00 -5.63976765e-02 6.51026785e-01
    -6.79194987e-01 1.38731158e+00 -3.19730639e-01 1.66641760e+00
    3.93385112e-01 -1.97999537e-01 7.83128381e-01 1.27660167e+00
    1.35904098e+00 6.02156818e-01 -4.81772661e-01 1.98944867e-01
    -3.41771543e-01 -5.16607106e-01 4.74776864e-01 -3.95977497e-01
    5.99142492e-01 -6.01884246e-01 1.35110974e+00 1.26410031e+00
    8.05532932e-01 9.27568436e-01 -5.12784958e-01 8.17298293e-01
    1.05232155e+00 -5.45354247e-01 6.32795095e-02 2.65082717e-01
    1.61620021e-01 3.80994916e-01 -1.47069097e-02 3.79738450e-01
    -1.37176216e-01 5.97821951e-01 3.80884945e-01 1.65678382e+00
    2.84022033e-01 -3.93124521e-01 -6.82261467e-01 5.89798987e-01
    1.17796540e+00 -2.54392028e-01 -4.33740616e-02 -1.09468699e-02
    1.31218851e-01 1.61960924e+00 3.41433585e-01 1.19877279e+00
    -4.30435181e-01 -3.67253780e-01 1.32702279e+00 3.70077372e-01
    1.54886889e+00 -3.66348684e-01 1.06682611e+00 1.55508256e+00
    5.76838136e-01 6.47311211e-02 -3.79928529e-01 7.09580064e-01
    6.38444364e-01 1.08374310e+00 -5.23581624e-01 1.42456889e-01
    7.80349374e-01 6.02225721e-01 8.57286394e-01 1.13534689e+00
    -5.01654148e-01 -3.04029495e-01 -5.68430126e-01 8.17767203e-01
    -4.57544327e-02 1.36350250e+00 -2.94514865e-01 1.42440343e+00
    -6.36552215e-01 1.66731584e+00 9.37072635e-01 -5.34066141e-01
    1.45829463e+00 -3.81406575e-01 -1.01797640e-01 1.20738459e+00
    1.51485944e+00 -3.65157723e-01 8.63116741e-01 1.35056031e+00
    -7.21116841e-01 1.62409580e+00 -1.04068875e-01 -3.40499908e-01
    7.46985734e-01 9.32314217e-01 1.25819111e+00 8.75597358e-01
    1.34878695e-01 1.42659009e-01 1.04269576e+00 1.66990745e+00
    1.57189751e+00 -5.14788330e-01 1.69317961e+00 -1.24497473e-01
    4.55260038e-01 9.94978487e-01 4.48058307e-01 -1.27123594e-02
    2.40500450e-01 3.48166883e-01 4.28692579e-01 5.98431110e-01
    3.05338442e-01 3.85752857e-01 1.16695070e+00 1.10986328e+00
    1.33281469e-01 3.32742691e-01 1.21149921e+00 1.21603560e+00
    -9.23405886e-02 1.56743336e+00 6.81599438e-01 1.31013942e+00
    1.18875706e+00 1.00012088e+00 -1.69824302e-01 8.61451685e-01
    5.66874087e-01 1.10097086e+00 -9.37522650e-02 -2.29061365e-01
    1.50303984e+00 -8.02614093e-02 -4.88185287e-01 1.44280362e+00
    -7.63611197e-02 3.54297757e-01 1.26163006e-01 4.93977189e-01
    6.08630836e-01 8.22269917e-01 1.16692352e+00 4.89231646e-01
    -1.81598067e-02 2.48912811e-01 6.96020782e-01 5.21994770e-01
    -4.70652938e-01 3.25501561e-02 3.33312809e-01 1.53478086e-01
    -3.79305780e-01 6.63552046e-01 1.38873696e+00 -3.84338379e-01
    1.03000081e+00 -4.35437620e-01 -6.16675615e-03 2.84245968e-01
    1.68962717e+00 -2.67025501e-01 6.14599228e-01 -1.29580379e-01
    5.68710268e-01 3.30967963e-01 1.05118537e+00 -7.75298476e-02
    -1.08785152e-01 1.72460079e-01 -5.47769308e-01 -2.53369212e-02
    1.51214170e+00 7.64152229e-01 1.22152543e+00 -2.43153632e-01
    1.36218071e+00 1.15287995e+00 -2.32008487e-01 -2.88227886e-01
    -1.46084636e-01 3.68666112e-01 -5.21232188e-01 -2.49024570e-01
    -2.89133191e-01 -4.11717027e-01 1.02752376e+00 7.09184229e-01
    8.30006599e-01 4.55080986e-01 -1.09161198e-01 1.01419520e+00
    1.06185138e-01 -4.63178575e-01 -3.07708383e-01 1.51503646e+00
    1.32222128e+00 9.80512023e-01 -1.84497893e-01 -1.45603001e-01
    -2.70095438e-01 5.30948639e-01 1.60808921e+00 1.08269441e+00
    -4.40528214e-01 -3.73185277e-01 -6.02267027e-01 1.44340122e+00
    1.15196729e+00 -5.42552710e-01 1.02559829e+00 1.08648372e+00
    1.30926585e+00 1.20835304e+00 2.77744412e-01 1.42640579e+00
    2.42578328e-01 -3.54416251e-01 -2.00338423e-01 2.23169029e-01
    -5.59697628e-01 6.93279564e-01 1.00939488e+00 2.38530338e-01
    -5.05057454e-01 -1.07918501e-01 8.98963392e-01 -4.10835385e-01
    -2.95508057e-01 -1.70414567e-01 6.82687283e-01 6.64674282e-01
    6.03792906e-01 1.62066603e+00 -3.81409466e-01 -2.70655751e-02
    -5.57980180e-01 6.47077262e-01 3.92174661e-01 1.45307708e+00
    4.59172845e-01 7.44806468e-01 9.95111287e-01 3.52982283e-01
    6.07697666e-01 7.24583745e-01 -1.66737825e-01 -4.34614271e-01
    3.88864279e-02 7.33304679e-01 8.70564282e-01 -3.79567295e-01
    1.04796028e+00 1.12660372e+00 -3.63023281e-02 7.88740575e-01
    5.90228438e-01 2.95461357e-01 1.38020039e+00 -5.51117301e-01
    1.21830523e-01 8.14994395e-01 3.05957973e-01 7.57211387e-01
    1.14923620e+00 1.53929377e+00 1.17568302e+00 1.56903625e+00
    2.51908958e-01 6.87010884e-01 -4.92759228e-01 5.86517155e-01
    1.12812483e+00 -3.18678617e-01 1.58369946e+00 1.31331396e+00
    6.32454276e-01 7.74053872e-01 5.60711443e-01 1.24679506e+00
    1.11152196e+00 1.03282976e+00 -2.81241268e-01 5.60433269e-01
    3.39999259e-01 4.21838224e-01 1.39456177e+00 1.61678672e+00
    4.47589457e-01 4.67467964e-01 -3.82642806e-01 1.51452971e+00
    3.19840133e-01 5.10180056e-01 3.77428830e-01 1.52389193e+00
    1.49506104e+00 -1.58518583e-01 1.27945018e+00 -2.05780089e-01
    -2.39611208e-01 1.26816821e+00 1.77602053e-01 -1.72348559e-01
    2.84924150e-01 7.97077894e-01 1.17074287e+00 -4.59895670e-01
    8.23884726e-01 -6.56642675e-01 7.59606361e-01 3.11788023e-01
    1.15555358e+00 8.33251297e-01 2.40967989e-01 6.65089488e-01
    1.88772678e-02 1.08777022e+00 8.63455653e-01 1.05329871e-01
    1.43953228e+00 5.57779908e-01 2.88526297e-01 2.86074519e-01
    7.61426628e-01 1.27727997e+00 3.92993450e-01 1.36445785e+00
    1.72798538e+00 1.46766722e+00 1.66740036e+00 1.34169185e+00
    1.00536144e+00 1.38446403e+00 -4.86326814e-01 8.46613586e-01
    6.02402925e-01 2.12190032e-01 4.28022504e-01 -3.53122354e-02
    7.90087581e-01 1.60675716e+00 -1.97642446e-01 -3.40005755e-01
    1.19429755e+00 8.52324665e-01 -6.79460227e-01 1.41178548e-01
    -5.71828961e-01 2.52650738e-01 2.52190053e-01 -5.00933528e-02
    8.42373848e-01 1.27018642e+00 1.78339303e-01 1.05017948e+00
    -1.26156867e-01 1.06578314e+00 -3.30571681e-01 3.06259990e-01
    1.53658092e-01 8.41409922e-01 2.63288558e-01 -3.98150682e-02
    2.07739949e-01 6.28486633e-01 1.23510242e+00 1.29228854e+00
    1.42347980e+00 1.87941194e-02 -2.89531350e-02 1.14394319e+00
    2.38952994e-01 1.39660525e+00 8.76857221e-01 -3.02127689e-01
    -4.75522816e-01 1.57786131e+00 -5.97401679e-01 1.10208595e+00
    -4.82278258e-01 -1.96878642e-01 -8.81195068e-03 1.09291029e+00
    1.31262779e-01 6.32590055e-01 7.17719793e-02 2.65223444e-01
    1.67431021e+00 3.56899261e-01 -3.58824581e-01 2.47226596e-01
    -4.52978730e-01 1.45889533e+00 -3.34946424e-01 5.76422811e-02
    8.19585145e-01 1.15716279e+00 -5.47161818e-01 9.82570291e-01
    1.02439225e-01 1.33705854e-01 8.14746737e-01 2.22567320e-01
    1.32386112e+00 8.70509088e-01 -6.74142957e-01 8.76171112e-01
    -6.25676155e-01 -3.64176631e-02 -3.10943991e-01 4.28712368e-01
    -3.57615888e-01 1.47526085e+00 1.39745021e+00 8.62201273e-01
    -5.66672027e-01 3.86447668e-01 3.06791425e-01 8.87147009e-01
    4.07488942e-02 1.41392207e+00 5.40985405e-01 1.09714460e+00
    -1.95443839e-01 -1.75363749e-01 1.60505700e+00 6.28123701e-01
    8.45083356e-01 1.05580723e+00 -8.97022247e-01 1.45606291e+00
    1.59000444e+00 1.53654170e+00 6.90972805e-03 -2.20494896e-01
    -3.85565311e-01 1.70997822e+00 3.82069230e-01 1.46028113e+00
    1.12355387e+00 1.55412996e+00 -4.71064240e-01 1.48172081e-01
    1.48144042e+00 1.20901132e+00 -4.81284261e-02 6.73825145e-01
    1.62464142e+00 -1.99379027e-01 -2.39467859e-01 5.54510951e-02
    -5.77161312e-02 1.36271107e+00 9.59430456e-01 5.15017211e-01
    -4.38085169e-01 2.10234523e-02 1.38561630e+00 1.36225390e+00
    -4.44512397e-01 -4.13571507e-01 -4.56860542e-01 4.51289415e-02
    -6.02312565e-01 1.16405571e+00 6.73409104e-01 3.19744349e-02
    -5.13579011e-01 1.32453442e-01 -3.25507432e-01 -3.39473814e-01
    1.59902442e+00 1.45617175e+00 5.56277156e-01 -1.60663903e-01
    -2.61667043e-01 1.73492813e+00 1.45416260e+00 6.65445983e-01
    -2.98599958e-01 1.49525869e+00 -6.74705029e-01 1.36424327e+00
    1.10015297e+00 -6.23780787e-01 5.29152930e-01 2.54579782e-01
    1.09966850e+00 6.08876288e-01 2.79210627e-01 -2.01230824e-01
    1.12162423e+00 1.60703135e+00 2.47699082e-01 -2.59062380e-01
    6.75526440e-01 7.32986093e-01 2.92585194e-01 1.52108312e+00
    1.07345080e+00 3.46492112e-01 -4.58092391e-01 -2.62836546e-01
    1.46521711e+00 4.77063358e-01 1.96177304e-01 -5.01369834e-01
    -6.06460035e-01 1.03987265e+00 1.49204433e+00 5.49002945e-01
    9.42972004e-01 6.61413670e-02 9.31163847e-01 1.43793917e+00
    -4.10198420e-01 -3.36483151e-01 -1.79861426e-01 1.21226299e+00
    -6.57353282e-01 -5.95492959e-01 1.52472746e+00 1.07285261e+00
    -3.69617045e-01 -3.40446234e-02 1.22696018e+00 3.55672538e-01
    8.30066204e-01 2.02123165e-01 1.22920179e+00 2.98472226e-01
    -7.89139390e-01 -4.84602600e-01 1.34929490e+00 1.50947380e+00
    7.43269026e-01 9.47443366e-01 -4.40274209e-01 3.32056761e-01
    1.67299604e+00 1.62690663e+00 1.11730933e+00 8.81515741e-02
    1.35656142e+00 3.47271800e-01 2.04575062e-02 5.66893280e-01
    1.38912570e+00 1.66967320e+00 4.82816517e-01 -1.94909185e-01
    7.98347592e-01 -2.28327513e-02 -9.08522904e-02 1.07701576e+00
    -2.50949889e-01 1.09330916e+00 -3.28675508e-02 -9.32281613e-02
    7.03490436e-01 1.58268452e-01 1.49388647e+00 9.30498719e-01
    1.30814004e+00 -1.66621089e-01 -8.33564997e-03 3.70234311e-01
    2.20403075e-02 -6.35727525e-01 -3.04321617e-01 1.09946036e+00
    7.62026608e-01 2.87611187e-01 1.21122384e+00 7.26177931e-01
    -5.12514114e-02 2.99844742e-02 2.87705660e-01 -6.43215895e-01
    1.35527027e+00 6.87981367e-01 5.84923804e-01 1.19858980e-01
    -4.36351895e-02 -6.53933346e-01 1.43595099e-01 5.02288699e-01
    4.11565304e-02 -3.68296534e-01 -2.03775108e-01 8.91730547e-01
    5.57168067e-01 -2.78385222e-01 -4.78484452e-01 1.72193289e+00
    -5.61891973e-01 -3.54906946e-01 1.62603211e+00 1.53054643e+00
    -3.28589797e-01 9.62635159e-01 -1.47085875e-01 1.18283486e+00
    -1.51903719e-01 7.56940544e-01 1.50880003e+00 9.53358173e-01
    3.33620906e-02 1.91299617e-01 1.49380755e+00 8.75776052e-01
    9.40219700e-01 -3.35291475e-01 1.39154768e+00 1.59326911e-01
    -6.33355379e-02 4.64322388e-01 7.46302068e-01 3.01778376e-01
    1.17111301e+00 -4.09108192e-01 -3.45771372e-01 5.68805754e-01
    1.06866479e+00 3.42408955e-01 1.00943398e+00 3.20851564e-01
    -1.95884824e-01 -4.46539134e-01 -3.12627554e-01 1.44039083e+00
    2.55847216e-01 3.74358416e-01 1.38519216e+00 -6.44952536e-01
    2.14470685e-01 -3.66390854e-01 1.16790974e+00 1.21506500e+00
    -7.23183930e-01 1.14763224e+00 1.68497562e+00 7.49960482e-01
    -6.14272952e-01 5.20500302e-01 1.18685508e+00 4.13964987e-01
    5.15800297e-01 1.47719002e+00 1.52132368e+00 -7.19750583e-01
    -3.39184105e-01 1.57891250e+00 1.24861360e+00 7.14395881e-01
    1.80431485e-01 3.68356049e-01 1.09950590e+00 4.04947102e-01
    -6.35753393e-01 1.44670057e+00 6.51083648e-01 7.28513181e-01
    1.04620147e+00 5.82088411e-01 5.41747928e-01 5.65850794e-01
    -2.20946282e-01 1.64027882e+00 8.75125527e-02 7.32444406e-01
    1.56760931e+00 -1.16787374e-01 4.65217352e-01 1.29037714e+00
    1.20987821e+00 8.83074105e-01 1.04168725e+00 1.52125096e+00
    1.18437803e+00 5.73953390e-02 2.22856939e-01 -3.66951227e-02
    1.48494411e+00 1.48291671e+00 5.13835967e-01 -6.52022958e-01
    1.24542046e+00 5.05055666e-01 7.12967455e-01 -5.06077707e-01
    -2.56404996e-01 -6.32464886e-03 7.27241218e-01 1.01883566e+00
    7.56182730e-01 1.10677326e+00 -4.23639417e-02 8.80475163e-01
    1.47846746e+00 1.22781217e-01 5.35032451e-01 8.71563315e-01
    1.17763448e+00 1.68780756e+00 -2.38003612e-01 1.25683689e+00
    5.96979320e-01 4.53615546e-01 3.54294002e-01 1.32552862e+00
    1.59835315e+00 5.34680128e-01 -3.69579256e-01 -2.71080613e-01
    8.85289907e-02 1.50635397e+00 -2.81053245e-01 1.35475707e+00
    6.85346603e-01 9.57992077e-02 -2.71981627e-01 -2.21951246e-01
    1.16024780e+00 1.51532412e+00 5.13634682e-02 -1.34159148e-01
    -4.59832728e-01 -1.35177612e-01 1.02593136e+00 1.51096463e+00
    9.98204291e-01 6.18414164e-01 1.35362744e-01 4.54519928e-01
    -6.16413653e-01 1.26451981e+00 -6.45528734e-01 1.56604147e+00
    1.19533324e+00 1.62781429e+00 5.62383473e-01 6.66271925e-01
    -3.49261403e-01 3.93383622e-01 4.52879846e-01 -4.45474625e-01
    2.16510117e-01 1.35005188e+00 -4.82261777e-01 8.54629874e-02
    -4.33070838e-01 4.87570345e-01 2.88521230e-01 -5.94838500e-01
    6.59105539e-01 6.57695115e-01 -4.64777589e-01 7.78829455e-02
    -2.68817067e-01 8.33406985e-01 1.23241878e+00 1.60328937e+00
    1.42845571e+00 -1.27208173e-01 1.48552907e+00 1.28057170e+00
    1.22546232e+00 -7.45846570e-01 1.44905186e+00 1.00239658e+00
    5.67432046e-02 1.59463215e+00 5.73656321e-01 1.61621165e+00
    -3.19822550e-01 1.47752738e+00 8.87515545e-02 8.44987631e-01
    8.32008421e-01 1.57756698e+00 1.45338154e+00 -5.56280017e-02
    -3.68887752e-01 -5.69467545e-02 4.66608107e-01 1.44929385e+00
    2.55721033e-01 6.41979337e-01 -5.89261889e-01 1.33417511e+00
    7.28667259e-01 1.07229996e+00 4.36082840e-01 6.17470980e-01
    -5.88687897e-01 -2.25090861e-01 3.45206022e-01 -2.87730217e-01
    -5.85314512e-01 1.59092045e+00 2.39867747e-01 9.08773839e-01
    -5.43795824e-02 1.40405643e+00 -1.59120351e-01 2.35684335e-01
    2.77608395e-01 -2.71975398e-02 -3.42773229e-01 -5.41374803e-01
    5.90692461e-01 -6.25354469e-01 1.60641170e+00 7.72117436e-01
    6.88928902e-01 -6.60594523e-01 1.61360979e-01 1.69570231e+00
    3.40025723e-01 1.44454169e+00 -1.93165541e-01 6.63794279e-01
    3.67678165e-01 -6.01405919e-01 1.26590371e+00 2.31727183e-01
    2.14520097e-01 7.82693088e-01 1.28847504e+00 7.25715756e-02
    -1.62143648e-01 1.30373871e+00 9.89970744e-01 6.40282154e-01
    -5.56391895e-01 2.09569275e-01 -5.62436163e-01 1.23395824e+00
    -2.48568475e-01 -7.43055105e-01 8.54454637e-01 1.05144691e+00
    5.70247471e-01 -8.69607925e-03 2.08004713e-02 2.63005197e-01
    6.37537837e-02 1.09680557e+00 1.01521468e+00 1.05062127e-02
    7.25042641e-01 1.67572880e+00 1.38290715e+00 -7.72541344e-01
    -3.24754089e-01 4.10551369e-01 1.50162649e+00 -1.20876074e-01
    1.10326147e+00 4.51693177e-01 9.58657801e-01 9.01865184e-01
    9.57105875e-01 -3.75747174e-01 5.30474961e-01 -4.79216933e-01
    1.41739249e-02 5.46588838e-01 1.40728664e+00 -3.86121839e-01
    1.67883706e+00 7.40424216e-01 1.48978114e-01 8.67091000e-01
    6.69959486e-01 9.49030519e-01 -7.70416558e-01 1.09535575e+00
    -5.73927641e-01 5.81515431e-01 3.33980083e-01 1.39357066e+00
    1.43066001e+00 8.41437638e-01 -4.87355590e-02 7.56146312e-02
    1.72889400e+00 1.50784636e+00 -5.69949448e-01 1.01616573e+00
    2.13546455e-01 5.20093918e-01 -4.45084780e-01 4.87688780e-02
    8.37908864e-01 1.30031085e+00 1.22818589e+00 2.40052938e-02
    -5.68461001e-01 -5.05412579e-01 8.48185241e-01 6.51852727e-01
    -3.45867544e-01 1.72026420e+00 -2.11176246e-01 7.57297873e-02
    2.33334720e-01 9.05638337e-01 1.92514420e-01 8.90834928e-02
    -3.32790017e-02 2.64765620e-02 -4.47662473e-02 1.58030105e+00
    -2.93045104e-01 1.57674634e+00 1.49042797e+00 1.54384971e+00
    1.48057306e+00 1.39782977e+00 9.43951666e-01 -4.25950527e-01
    -3.74147266e-01 4.83456671e-01 4.92286503e-01 2.08300710e-01
    7.00985193e-01 -2.21447051e-01 3.58878314e-01 1.31746769e+00
    1.35244298e+00 8.28555882e-01 -5.60990930e-01 2.22227514e-01
    1.93766594e-01 -6.13890171e-01 1.31951070e+00 -3.72339457e-01
    6.89119697e-01 -2.61307687e-01 1.04777062e+00 4.08518970e-01
    1.94848657e-01 -5.19872129e-01 1.24255466e+00 3.78106177e-01
    6.85318470e-01 -2.80655503e-01 4.45452332e-01 8.42685878e-01
    -7.60961771e-01 2.41743028e-01 1.08640087e+00 1.19081402e+00
    7.20051467e-01 7.56625712e-01 -3.84189725e-01 1.28621149e+00
    1.23671842e+00 -2.34575391e-01 1.32106876e+00 -5.17231166e-01
    5.59158266e-01 -3.57523173e-01 1.48529053e-01 -1.01051599e-01
    8.94504011e-01 2.27355719e-01 2.62677073e-02 1.03919256e+00
    7.01542497e-01 7.75312185e-02 4.77382004e-01 1.14296627e+00
    1.20341420e-01 7.78204739e-01 4.69142973e-01 5.55952907e-01
    3.18896353e-01 1.32717299e+00 -3.19041610e-01 1.36596799e+00
    1.11712742e+00 2.39159644e-01 7.15348065e-01 1.04645360e+00
    6.25149608e-01 -2.34508514e-01 7.68466294e-01 6.67532563e-01
    7.95662284e-01 -3.30119312e-01 1.65372324e+00 -1.36701703e-01
    -5.93982339e-02 9.42123413e-01 -7.33625889e-01 5.31752944e-01
    1.53720784e+00 1.66445065e+00 9.36211944e-02 7.22556293e-01
    -3.61983180e-02 1.72539449e+00 7.09112763e-01 8.95168126e-01
    1.06627047e+00 1.60471821e+00 6.17137909e-01 1.07052171e+00
    -6.15026355e-02 1.71171355e+00 1.52041292e+00 9.17552710e-02
    2.09674478e-01 1.08002126e+00 -1.26005113e-01 7.02205896e-01
    -4.98426437e-01 1.47645712e-01 9.46420670e-01 6.74470782e-01
    4.22604740e-01 4.18246806e-01 6.21279895e-01 -7.67907679e-01
    1.01639009e+00 1.01413047e+00 1.10373640e+00 9.62987244e-01
    2.00603664e-01 -1.20410919e-01 1.65385187e+00 -3.00196528e-01
    -6.73421144e-01 -4.53770518e-01 6.89462841e-01 1.12759137e+00
    1.73508453e+00 9.49468195e-01 1.71356916e-01 1.02779937e+00
    1.38848233e+00 -6.68901324e-01 8.76981676e-01 7.99118400e-01
    1.01971483e+00 1.21741152e+00 6.66877031e-02 1.26189017e+00
    7.37027526e-01 -4.79135096e-01 1.53956795e+00 4.62372720e-01
    9.86844659e-01 7.28472948e-01 -6.31223142e-01 -2.05783367e-01
    -1.71596676e-01 -2.72773564e-01 1.10784590e-01 -4.08005774e-01
    6.96432650e-01 1.38746786e+00 2.23951459e-01 5.95628560e-01
    3.28148842e-01 1.49700022e+00 1.29242492e+00 3.79703283e-01
    -6.23896003e-01 -1.13928914e-01 -2.95710623e-01 1.67703390e+00
    3.66724789e-01 1.26540959e-01 4.71990287e-01 5.25865674e-01
    5.51900029e-01 -1.56072438e-01 1.24344349e+00 1.44258893e+00
    -2.91180730e-01 4.06515837e-01 1.14357710e+00 9.59378719e-01
    -6.53097630e-02 3.58036816e-01 -3.09390575e-01 7.41439521e-01
    1.01347947e+00 1.41231084e+00 2.25070834e-01 1.70521975e+00
    4.05416548e-01 -3.89811516e-01 4.90468532e-01 8.28993082e-01
    4.99552190e-01 -5.15544534e-01 -7.25424886e-02 1.00689888e+00
    8.75594854e-01 8.31783950e-01 1.30705774e+00 -4.78313327e-01
    -2.82821685e-01 6.21481895e-01 1.20822692e+00 7.21632361e-01
    3.07474077e-01 4.93880749e-01 3.45202625e-01 3.33146393e-01
    5.15548646e-01 -5.15504837e-01 1.11107683e+00 7.82204688e-01
    -2.63806283e-01 6.30331218e-01 1.89445257e-01 -1.50573045e-01
    3.79316092e-01 -5.09511650e-01 6.24093413e-02 4.16088581e-01
    -1.06333554e-01 -4.15976763e-01 1.25003409e+00 3.03556383e-01
    1.56947136e+00 1.61198449e+00 9.14588749e-01 1.56759918e-01
    1.36736596e+00 2.33802199e-02 -3.67748737e-01 1.00069785e+00
    1.23633325e-01 1.77121818e-01 2.50355959e-01 1.45750916e+00
    4.59846914e-01 -2.82670200e-01 9.96635556e-01 1.13656712e+00
    -6.39248908e-01 1.75184679e+00 1.76244831e+00 5.61507225e-01
    8.78066599e-01 -1.97474122e-01 -1.89052939e-01 1.42781210e+00
    4.19394374e-01 8.64307106e-01 4.65535045e-01 1.50216365e+00
    7.88200915e-01 1.42370844e+00 -5.59038639e-01 5.66246390e-01
    1.08683395e+00 5.50707400e-01 -3.92452866e-01 1.59636617e+00
    6.33253276e-01 3.29410315e-01 -4.97803450e-01 -2.00390756e-01
    1.02373409e+00 -4.58556920e-01 1.50292349e+00 1.02449369e+00
    3.16875219e-01 -6.70670986e-01 -5.58672905e-01 -1.86530471e-01
    8.47995996e-01 1.69276106e+00 -1.88743085e-01 -5.58770061e-01
    1.14213657e+00 3.69315207e-01 1.08947957e+00 4.84064102e-01
    7.03248620e-01 2.13353813e-01 4.24078882e-01 1.47052455e+00
    1.47191906e+00 8.65487993e-01 1.50774860e+00 4.32717204e-02
    6.21079147e-01 -4.01258379e-01 -1.85454667e-01 1.06104779e+00
    -4.67854738e-01 3.99407089e-01 1.53920972e+00 1.72896934e+00
    7.12304652e-01 6.97018862e-01 1.97785139e-01 1.80348063e+00
    -1.95251256e-01 1.17851067e+00 1.14053810e+00 -1.40941381e-01
    1.30446577e+00 8.30932379e-01 4.44066525e-02 8.01671624e-01
    3.07564199e-01 -7.16072381e-01 5.34365654e-01 -4.12986964e-01
    1.36503172e+00 1.01807332e+00 -1.96812302e-01 2.90985048e-01
    -5.46940625e-01 1.33415771e+00 1.40074968e+00 5.94030142e-01
    4.19623315e-01 1.79553330e-01 2.65726328e-01 1.49287021e+00
    -6.13527834e-01 -3.19530994e-01 1.25529337e+00 -3.80243659e-02
    8.93660188e-02 9.78780687e-01 3.46402586e-01 2.75644898e-01
    1.67515898e+00 -4.82049465e-01 -3.36611331e-01 -4.43388999e-01
    4.12738144e-01 -5.21332443e-01 5.18080235e-01 6.16710246e-01
    1.20191550e+00 1.24536765e+00 1.15719581e+00 -7.98648477e-01
    -4.10326928e-01 9.37882543e-01 4.64920104e-01 -2.48329699e-01
    1.69972134e+00 1.17599905e+00 -6.51530504e-01 1.15655756e+00
    9.94817913e-01 1.86892569e-01 5.57947397e-01 1.28478289e+00
    1.54856372e+00 1.29073572e+00 8.54390442e-01 3.93442869e-01
    -5.20726025e-01 -6.11926258e-01 1.44007051e+00 1.54433680e+00
    5.26178837e-01 1.42120242e+00 7.01969862e-01 -5.28587818e-01
    8.95755291e-02 1.30204844e+00 1.33100283e+00 1.33776712e+00
    -7.07906783e-01 4.22801018e-01 1.02779388e+00 1.01692963e+00
    1.31287336e+00 5.40805638e-01 -6.52028680e-01 5.64737260e-01
    7.70608783e-02 8.16993773e-01 1.56611753e+00 9.31061745e-01
    -6.78709745e-01 1.29525173e+00 1.59275484e+00 -5.32704711e-01
    -5.41625798e-01 9.20030653e-01 -5.37345529e-01 9.41569686e-01
    1.42609394e+00 8.06036830e-01 1.32271338e+00 1.09365821e-01
    1.23119843e+00 8.03869128e-01 1.10258472e+00 7.60971546e-01
    3.60902429e-01 1.45718479e+00 1.07876050e+00 7.06472814e-01
    -5.89635730e-01 -5.25705457e-01 1.07014751e+00 3.40228617e-01
    -5.76230347e-01 -5.66303730e-03 3.92827690e-01 -5.38530767e-01
    1.40676999e+00 1.09722328e+00 7.23232687e-01 -4.86557484e-01
    1.66287971e+00 9.01554644e-01 1.25021279e+00 -6.18594289e-02
    6.87080085e-01 1.17771554e+00 2.30831563e-01 5.94080687e-02
    -1.55393779e-01 2.43737102e-01 -6.06431961e-02 3.66556525e-01
    1.40283251e+00 1.51860762e+00 1.44707382e-01 -2.29698420e-02
    1.02161765e+00 1.24716401e-01 8.19891691e-03 1.36102629e+00
    1.10617137e+00 1.44721866e+00 -6.72230124e-02 1.79804564e-01
    3.11600566e-02 -1.92857087e-01 -3.77433896e-02 1.72288263e+00
    8.97863507e-02 1.36905992e+00 -1.48754179e-01 5.47412992e-01
    2.00216770e-02 7.48069763e-01 1.09612501e+00 -5.86529970e-02
    3.71929348e-01 -1.76246524e-01 -3.05547893e-01 1.93743706e-01
    1.57242668e+00 8.87148917e-01 -6.37140393e-01 1.84227228e-01
    1.60858464e+00 1.04313385e+00 -4.31812465e-01 -1.67178839e-01
    1.12158990e+00 -6.76121950e-01 1.09622550e+00 1.26207829e+00
    1.04927301e+00 7.03297019e-01 1.79637003e+00 -5.65168917e-01
    1.66768980e+00 -3.53974491e-01 1.48740482e+00 1.60944295e+00
    1.11925542e-01 6.14831090e-01 1.25690114e+00 -2.65384018e-01
    1.63302231e+00 4.54465747e-02 3.44119787e-01 3.92451465e-01
    -5.08814216e-01 -1.22270525e-01 1.80648100e+00 8.31540883e-01
    -5.44019401e-01 1.44767141e+00 -1.75292492e-01 -1.36887789e-01
    4.37256455e-01 3.90702128e-01 1.11966157e+00 -4.94500220e-01
    2.39827871e-01 -5.66272497e-01 1.55238545e+00 2.48109937e-01
    1.92745328e-02 8.92038465e-01 -3.49409223e-01 -4.44055915e-01
    -5.68419099e-01 9.86484170e-01 1.21776390e+00 -5.58030009e-01
    -3.14102024e-01 5.70968270e-01 -4.84176517e-01 -3.66894364e-01
    1.17509377e+00 9.60963011e-01 3.41560662e-01 1.03404963e+00
    1.73716116e+00 -3.63104552e-01 6.95967138e-01 -2.30590254e-01
    1.66915965e+00 1.10429978e+00 -5.23138583e-01 -2.46963441e-01
    1.26339245e+00 7.60155201e-01 -5.27661324e-01 2.33886242e-01
    -1.18162602e-01 6.52333915e-01 -5.31905413e-01 5.17763674e-01
    -2.68663019e-01 1.08036113e+00 7.41834641e-02 1.68273306e+00
    -6.12191617e-01 -1.88438773e-01 3.77616465e-01 6.20082438e-01
    7.16724575e-01 -1.17521822e-01 1.16305959e+00 6.52321756e-01
    -3.28416288e-01 -4.00755823e-01 1.11113095e+00 1.67484808e+00
    6.99773788e-01 7.57805586e-01 -6.47587776e-02 7.32348680e-01
    1.13545024e+00 -1.65562868e-01 4.33097780e-01 4.24783409e-01
    2.64865279e-01 -3.30815673e-01 6.08135700e-01 9.96322334e-01
    2.24865258e-01 2.93071866e-02 1.35975623e+00 4.67958093e-01
    1.53632069e+00 1.01501369e+00 -5.82861543e-01 1.11632264e+00
    8.97934377e-01 -5.32969832e-02 1.15743220e-01 -5.23105562e-01
    6.98632061e-01 -5.83651066e-01 4.47949052e-01 -7.18251944e-01
    5.54857373e-01 7.11365044e-01 3.52059901e-01 -4.01493788e-01
    4.93462741e-01 9.21114802e-01 8.04593086e-01 1.36877954e-01
    -5.99913061e-01 -5.67016602e-02 1.23839235e+00 1.27532947e+00
    -7.17706800e-01 1.23992860e-01 8.42367053e-01 3.14564645e-01
    1.38351107e+00 3.12540472e-01 9.96095717e-01 -1.38198316e-01
    -3.55694145e-01 2.98771441e-01 7.31952846e-01 -7.57350683e-01
    1.39602256e+00 -1.68318450e-01 6.81862056e-01 7.57141113e-02
    6.49755120e-01 -5.21850228e-01 -1.81479812e-01 3.13617587e-02
    -3.66605878e-01 8.45776200e-02 -1.60697252e-01 -1.77604020e-01
    -4.25193191e-01 -5.38965464e-01 1.58946872e-01 6.57323420e-01
    7.50141978e-01 3.91371965e-01 5.86478770e-01 -4.58899856e-01
    -1.57568157e-01 1.17769647e+00 9.62124527e-01 -2.25444734e-01
    9.28318799e-01 5.00215709e-01 8.56771290e-01 -3.37523788e-01
    -3.62297922e-01 -5.96188426e-01 1.21671414e+00 6.03739679e-01
    2.06383586e-01 1.12960052e+00 -3.85709256e-01 1.48995566e+00
    -2.40118921e-01 8.30356896e-01 4.84824061e-01 -5.63461244e-01
    1.51429474e-01 -4.99907434e-01 8.28997731e-01 -4.32493508e-01
    -3.68339419e-02 9.15802062e-01 -5.92077374e-01 -4.83091980e-01
    1.46169019e+00 5.57201505e-02 -2.08449066e-01 1.07433534e+00
    -5.89723349e-01 1.01036692e+00 1.43122816e+00 1.25907683e+00
    -5.93243837e-02 8.62022400e-01 1.13971353e+00 -5.52404761e-01
    1.40017486e+00 6.43310487e-01 9.28681791e-01 7.52269983e-01
    -2.59697437e-04 1.56230617e+00 1.10406327e+00 1.34568071e+00
    1.03207350e+00 -1.07646942e-01 1.24552214e+00 1.09841824e-01
    -4.47766870e-01 -3.41848642e-01 -1.98699355e-01 4.09607708e-01
    1.72378480e+00 -2.02289104e-01 6.17293715e-01 1.60225952e+00
    -4.79765177e-01 1.46815586e+00 1.14026701e+00 1.63104701e+00
    -1.06799185e-01 5.14948130e-01 -1.86509967e-01 -4.14892435e-01
    6.82000995e-01 7.80215263e-01 -4.06776041e-01 2.72189021e-01
    1.58923697e+00 1.33350301e+00 1.33675218e+00 1.43650973e+00
    -2.68187493e-01 1.17350125e+00 9.68061805e-01 3.55073690e-01
    3.51772606e-01 -3.11204255e-01 1.61858082e-01 -2.34034061e-01
    -3.50678325e-01 -3.06552321e-01 1.04570556e+00 1.53962576e+00
    9.16861176e-01 1.19955158e+00 2.62470901e-01 1.49421871e-01
    4.96373534e-01 7.37298012e-01 -2.78607219e-01 4.90111053e-01
    5.27181506e-01 -3.30079347e-01 -5.11403918e-01 1.27487230e+00
    6.52433336e-01 -5.79077840e-01 -5.68804145e-01 1.78893077e+00
    8.12198222e-01 -5.65766513e-01 1.07367754e+00 1.47543383e+00
    5.37315130e-01 7.63478637e-01 2.06125259e-01 4.85379040e-01
    2.67456293e-01 2.91727185e-02 3.69689345e-01 -3.82337570e-01
    1.13080132e+00 2.11981058e-01 1.32308638e+00 -5.39366603e-01
    9.30685639e-01 -9.19393599e-02 -4.12823260e-02 7.27211893e-01
    -5.53404510e-01 5.19586325e-01 -2.03754425e-01 -2.34022528e-01
    1.25190890e+00 5.07906973e-01 1.29751158e+00 5.29846907e-01
    -2.74698615e-01 -1.82266235e-01 1.29392695e+00 1.33196211e+00
    -2.14997143e-01 -4.12754416e-01 4.24557805e-01 -8.58933926e-02
    5.54633498e-01 1.46138716e+00 -4.32878256e-01 5.56237161e-01
    7.23661959e-01 -3.96244943e-01 8.69630039e-01 6.45281911e-01
    1.63217092e+00 1.26452982e-01 1.79360509e-01 1.58299339e+00
    1.01443088e+00 -3.94206226e-01 -6.09389544e-01 1.46719420e+00
    1.32918346e+00 -2.23654270e-01 8.06209087e-01 3.30688834e-01
    1.27090192e+00 1.30525351e+00 1.44150782e+00 -2.72430658e-01
    1.58658910e+00 -4.58310425e-01 1.31407201e-01 2.49657869e-01
    -3.12933922e-01 1.27000213e-01 4.36061859e-01 8.56562495e-01
    1.45649385e+00 -5.95239997e-01 1.18454432e+00 1.52129126e+00
    1.58868611e+00 1.39042950e+00 -3.53013277e-01 1.57154882e+00
    -4.85669672e-01 -5.34656048e-01 1.32110047e+00 1.16749740e+00
    1.16191769e+00 3.37879777e-01 -4.10490423e-01 1.85415447e-01
    -4.24486637e-01 6.41829312e-01 -2.82569587e-01 -4.18905318e-02
    -4.04304177e-01 1.24459743e+00 1.11816525e+00 -3.61515403e-01
    1.24595737e+00 6.08904064e-01 -5.21928191e-01 1.47335529e+00
    9.57231164e-01 6.96986258e-01 1.03560984e-01 9.72827733e-01
    -2.50549167e-01 4.64289069e-01 8.87119889e-01 -3.52388084e-01
    1.11481786e+00 1.39823341e+00 2.83109665e-01 -4.35307771e-01
    8.22140574e-02 6.73385441e-01 6.56678259e-01 1.59385836e+00
    -1.58507705e-01 -2.44755805e-01 1.09008861e+00 1.46043444e+00
    1.34377456e+00 -1.37466729e-01 -2.58196265e-01 1.50366735e+00
    2.25142241e-01 1.61081743e+00 -2.31030583e-01 9.09635305e-01
    -2.23846406e-01 -1.54712796e-01 -6.30909801e-01 -4.65772301e-01
    7.69938707e-01 1.15786123e+00 1.53656292e+00 1.22783244e+00
    1.19388461e+00 8.78485560e-01 1.34001470e+00 8.28388333e-01
    4.15039301e-01 -1.06923342e-01 1.32665133e+00 7.92320251e-01
    1.77718663e+00 7.30672479e-02 -4.09960747e-03 1.35907745e+00
    -4.92125869e-01 1.17864549e+00 1.32919550e-02 1.69080853e-01
    -6.17902279e-01 9.05349851e-01 1.05506182e-01 -3.52739334e-01
    8.19212735e-01 -1.97774589e-01 2.03117728e-02 9.87518966e-01
    8.11114132e-01 6.41655385e-01 1.27741408e+00 -6.93892062e-01
    7.28241920e-01 -6.62635624e-01 4.73822713e-01 2.86188900e-01
    1.59000826e+00 1.57075405e+00 -5.65763116e-02 -4.53329831e-01
    4.20713484e-01 1.20676303e+00 3.62664580e-01 -5.31393468e-01
    1.47893548e+00 1.14887834e+00 1.56058240e+00 1.23737907e+00
    -2.61401325e-01 -1.20394528e-02 1.84753275e+00 1.20636272e+00
    5.13908386e-01 1.23765874e+00 1.22612047e+00 1.17936707e+00
    -7.05729246e-01 -6.85780406e-01 3.48404765e-01 -6.09187484e-02
    9.76722240e-01 8.95535171e-01 8.15799415e-01 3.94746840e-01
    2.99652815e-02 1.27458143e+00 3.03539574e-01 1.00077057e+00
    5.61114192e-01 2.75929332e-01 1.09593463e+00 4.97208059e-01
    9.74095464e-01 -5.52620411e-01 3.00106227e-01 5.48868656e-01
    -5.40250778e-01 4.54840064e-02 5.83857536e-01 8.30723584e-01
    -1.11417055e-01 1.58895755e+00 -5.33219278e-01 1.04148781e+00
    1.20424628e+00 9.98009503e-01 6.97097838e-01 -1.10857904e-01
    -9.54397917e-02 1.21696806e+00 8.08602035e-01 1.47118104e+00
    -1.62985295e-01 1.13459778e+00 -6.50907040e-01 -2.45861590e-01
    1.59665871e+00 1.01480031e+00 -7.31285930e-01 -7.02888191e-01
    1.39801741e+00 4.15390611e-01 2.76828170e-01 6.05084777e-01
    -6.02126956e-01 1.47757936e+00 -2.98987448e-01 1.08943915e+00
    1.58023179e+00 1.07491755e+00 1.40979707e-01 -3.99078339e-01
    1.50204396e+00 1.75318599e-01 -5.42281389e-01 1.08354211e+00
    -4.92079347e-01 1.36914968e+00 5.33492148e-01 -3.18316817e-02
    -1.77298605e-01 1.04625714e+00 9.60192978e-01 -1.92829072e-01
    7.45786250e-01 -5.30692160e-01 1.03266168e+00 5.98844051e-01
    -5.13455808e-01 5.05716801e-02 -2.19594240e-02 -1.98322535e-01
    5.98784685e-02 -3.30165029e-02 -1.29234314e-01 -9.98629332e-02
    3.57711971e-01 1.17915273e-01 1.73993647e+00 -1.17778659e-01
    -3.97702456e-02 7.88888633e-01 -2.37382621e-01 7.52398849e-01
    2.65178204e-01 1.04139388e-01 1.23785520e+00 -1.19745612e-01
    -5.87636173e-01 5.22773147e-01 5.47504067e-01 8.76028061e-01
    4.55322742e-01 1.07391906e+00 1.13684535e-01 1.39445329e+00
    1.62352133e+00 7.12451816e-01 3.73551011e-01 -1.43020332e-01
    1.54499090e+00 5.16963959e-01 1.84060395e-01 -1.77632600e-01
    1.15151072e+00 1.57097125e+00 1.59072876e-02 9.45327461e-01
    1.27060926e+00 1.24031961e-01 -1.01841688e-01 4.61144686e-01
    -2.99823850e-01 -1.87271953e-01 -6.21623158e-01 -5.15842319e-01
    -6.30368710e-01 1.17672038e+00 1.24393153e+00 5.24235070e-01
    5.19752622e-01 -5.08368731e-01 -2.10422397e-01 9.80314136e-01
    1.06691623e+00 2.38929391e-02 1.55334735e+00 3.67718577e-01
    5.33076525e-02 9.71613824e-01 2.38902688e-01 1.60288477e+00
    1.90482759e+00 -6.04000926e-01 -4.83712018e-01 1.26265252e+00
    -6.38408661e-01 -3.14762950e-01 1.15593255e-01 1.02058017e+00
    6.06170297e-02 1.26388192e+00 3.64739120e-01 1.60952187e+00
    -5.71570992e-02 1.12368643e-01 -8.77787471e-02 1.17041326e+00
    -2.77482808e-01 -4.25000072e-01 5.19076526e-01 1.63890839e+00
    8.52446854e-01 1.32317710e+00 -3.21156323e-01 -3.26092660e-01
    -1.54746175e-02 1.89867866e+00 1.49416268e-01 -5.45718253e-01
    -4.45107818e-01 1.35415041e+00 7.12730646e-01 1.25116432e+00
    4.36037540e-01 1.40441084e+00 1.51707888e+00 -8.44309330e-02
    -5.64356685e-01 1.77257848e+00 1.04194379e+00 9.35928583e-01
    -2.49510020e-01 1.20050693e+00 1.03812516e+00 1.59823132e+00
    1.41796219e+00 1.37930584e+00 -3.10013056e-01 1.14295673e+00
    1.44714940e+00 1.45467234e+00 4.48020816e-01 6.21344388e-01
    -8.65365267e-02 1.24586475e+00 -5.80486596e-01 1.45028090e+00
    1.35659003e+00 -6.82550669e-02 3.02890062e-01 6.05515718e-01
    1.08010852e+00 5.24733603e-01 7.55532146e-01 -4.20328975e-02
    9.70906556e-01 7.23538816e-01 6.24284744e-02 -7.51151085e-01
    1.04801846e+00 1.20223796e+00 1.08681846e+00 9.08966243e-01
    -6.73314333e-02 1.23154640e-01 1.15903473e+00 -2.24280566e-01
    -4.62033153e-02 2.48531401e-01 4.53122020e-01 8.09720159e-02
    -5.40249348e-02 -2.01894045e-01 1.79684162e+00 4.20186460e-01
    5.91968894e-01 1.41220164e+00 4.93408680e-01 1.12867630e+00
    3.27310383e-01 8.94172490e-01 -2.99948126e-01 1.22792339e+00
    1.59316695e+00 1.26478791e+00 1.52591944e+00 -9.36574936e-02
    1.50117064e+00 1.65149879e+00 1.19379115e+00 8.73785019e-02
    1.56233501e+00 -1.76709801e-01 -5.84321022e-02 9.08827186e-02
    1.01005089e+00 5.32224894e-01 2.60247111e-01 8.80017042e-01
    -2.12600827e-02 7.04478323e-01 4.25710917e-01 1.79067421e+00
    -1.55297101e-01 2.48533964e-01 5.43972671e-01 -4.24581558e-01
    4.90179121e-01 7.28821933e-01 -2.21990347e-01 9.24932778e-01
    3.31820250e-01 1.01454735e+00 1.64781547e+00 5.93343437e-01
    1.60008824e+00 -5.33961952e-01 1.68196249e+00 -2.68840790e-02
    8.28191578e-01 1.56711936e+00 1.35709167e+00 5.64337432e-01
    3.57995510e-01 1.04581618e+00 -8.34435582e-01 -4.41285461e-01
    1.36024141e+00 -1.04352236e-02 8.49394977e-01 1.70227575e+00
    1.65254200e+00 1.13703895e+00 -6.27994537e-03 1.62123346e+00
    1.62903857e+00 2.11910844e-01 9.94014740e-03 1.04461539e+00
    -2.80932426e-01 1.22242272e+00 -4.64044154e-01 3.89088571e-01
    9.79072988e-01 -8.13944340e-02 3.55369449e-01 7.45533764e-01
    2.95272827e-01 6.35286570e-01 -2.98207402e-01 1.51880741e+00
    -2.99250305e-01 1.00737238e+00 1.36226845e+00 -3.57282549e-01
    -1.64209604e-02 -2.01506257e-01 6.99309051e-01 -1.23613000e-01
    1.05299878e+00 7.46906698e-01 9.30177271e-01 1.11377311e+00
    -4.69531655e-01 4.53032196e-01 -5.96142650e-01 1.21548748e+00
    1.36586070e+00 1.39954996e+00 1.05234504e+00 -3.87015164e-01
    1.10210037e+00 -6.21541083e-01 9.81698453e-01 1.61817539e+00
    4.33521032e-01 1.29457021e+00 1.14565313e-01 1.24136686e+00
    1.47720027e+00 1.29915810e+00 1.20939064e+00 -5.33786714e-01
    3.34559500e-01 -4.29522693e-01 -4.52449054e-01 1.45649910e+00
    1.07247198e+00 1.15456319e+00 2.18601167e-01 9.92708802e-02
    2.42979884e-01 1.41611457e+00 -2.71567702e-02 9.62791800e-01
    -3.47003311e-01 6.48157477e-01 -4.33732986e-01 5.93323052e-01
    -4.94045764e-01 1.50389254e+00 -5.63294172e-01 5.18380284e-01
    1.63119256e+00 -9.09511149e-02 1.11326981e+00 4.79018152e-01
    2.13875055e-01 1.03667152e+00 -7.25878358e-01 -7.73298144e-02
    1.16993642e+00 3.06210876e-01 8.40929747e-01 4.45595503e-01
    -7.86345601e-02 -2.14774489e-01 -2.55145371e-01 3.19770515e-01
    1.37818861e+00 1.44328427e+00 -3.03917766e-01 1.53618419e+00
    -1.91979349e-01 1.08511400e+00 -8.10563564e-04 5.86680174e-01
    7.58035302e-01 5.73672116e-01 6.39754415e-01 9.48154926e-02
    1.01593161e+00 1.53435624e+00 -8.76039267e-03 -3.29648972e-01
    1.04056406e+00 5.84843278e-01 -3.96853983e-01 2.32529998e-01
    -1.42436266e-01 9.24518645e-01 1.01583934e+00 3.82493138e-02
    -6.79140270e-01 1.43694043e+00 7.05514073e-01 -3.69979233e-01
    3.82809877e-01 -3.19260210e-01 -3.74696523e-01 8.62549126e-01
    1.13085985e+00 9.64508653e-01 3.55517507e-01 -5.28083920e-01
    1.21937692e-01 -5.45534670e-01 -3.68879795e-01 -3.89520019e-01
    7.89573193e-01 5.17549574e-01 9.17069435e-01 4.48929310e-01
    -8.10408592e-02 -3.77916157e-01 -4.43583757e-01 2.29521394e-02
    1.63444221e-01 -1.74990624e-01 8.69723082e-01 -4.87554967e-01
    -2.86971807e-01 -1.48219258e-01 1.16455555e-03 -1.97286516e-01
    1.45163965e+00 -3.22932273e-01 1.39629090e+00 -2.38964587e-01
    1.06570530e+00 3.78146231e-01 6.46390259e-01 -3.43437374e-01
    7.67849207e-01 1.12444282e+00 1.10741103e+00 5.81053436e-01
    -5.31193674e-01 4.26505744e-01 1.85173869e-01 1.58047867e+00
    1.08714390e+00 -4.74987805e-01 1.47121537e+00 3.43200564e-01
    2.68890619e-01 -5.47957242e-01 -4.58311915e-01 9.72965956e-02
    -2.64140457e-01 -6.59112215e-01 6.43756390e-02 1.54031706e+00
    1.27006578e+00 -2.87973046e-01 8.82346451e-01 1.50920892e+00
    6.58464015e-01 1.10228693e+00 1.30459142e+00 8.46140146e-01
    1.20198917e+00 6.60711408e-01 3.49512696e-01 6.81262732e-01
    -5.11627316e-01 -3.18149328e-02 3.45210314e-01 9.55653787e-02
    1.09258318e+00 6.08713925e-01 -3.97538096e-01 -1.28145576e-01
    -1.30742848e-01 6.69460535e-01 1.10490465e+00 1.60643041e+00
    -6.65956616e-01 1.24494159e+00 3.10466886e-02 -5.36039948e-01
    1.74615502e+00 -5.50887525e-01 3.87884974e-01 9.29577947e-01
    1.35680938e+00 5.60094059e-01 8.73086154e-01 4.23001945e-01
    -5.51102102e-01 -3.58156562e-02 -3.69719744e-01 1.17494428e+00
    1.32978868e+00 -1.72738433e-02 -6.65772021e-01 1.60870266e+00
    -4.35984433e-01 -1.52650267e-01 6.60294175e-01 2.32490540e-01
    1.58628809e+00 -1.97137684e-01 -5.57900190e-01 6.46163642e-01
    1.47065377e+00 1.00733101e-01 1.16380882e+00 -4.22320604e-01
    -2.37788439e-01 4.65483308e-01 6.29954934e-02 -5.96474886e-01
    -2.22372532e-01 1.13360572e+00 2.54900753e-01 1.39409208e+00
    -1.24882400e-01 -1.36086881e-01 -3.06555897e-01 9.40955400e-01
    -3.51945788e-01 5.16027212e-01 7.97538161e-02 3.88430774e-01
    -2.29367733e-01 1.80929542e-01 1.13894320e+00 9.12145555e-01
    1.24376941e+00 8.03423166e-01 -1.61635041e-01 1.33114338e-01
    1.11695361e+00 1.58972883e+00 -7.47700691e-01 1.02608442e+00
    3.03573310e-01 -5.76006293e-01 8.83906245e-01 9.98970270e-02
    -2.38539457e-01 -4.22869325e-01 -2.81172454e-01 3.67679298e-01
    8.79752696e-01 -1.27299428e-01 -2.12729484e-01 -1.03619456e-01
    4.99337912e-01 9.03888285e-01 8.11303854e-01 1.31417263e+00
    1.60238659e+00 3.26031089e-01 -6.15443885e-01 2.89725959e-01
    5.67982912e-01 1.13006520e+00 -6.66941643e-01 1.43260515e+00
    1.05807722e+00 1.05217528e+00 5.92717946e-01 9.59339678e-01
    1.60434246e+00 3.41377020e-01 6.72557294e-01 1.35204101e+00
    -4.88974899e-01 -5.11913300e-01 1.39964926e+00 9.89297628e-02
    -3.50255311e-01 1.39520264e+00 8.16394985e-01 1.04679179e+00
    -2.62362361e-02 3.86244655e-01 -6.70748174e-01 -8.20404291e-03
    1.49622822e+00 6.71484053e-01 1.42480671e+00 2.88381934e-01
    3.46500099e-01 -8.29227567e-02 1.60655093e+00 -5.70473731e-01
    6.72764897e-01 7.05913723e-01 6.05517507e-01 1.47633350e+00
    6.39650345e-01 8.86693716e-01 1.18747950e+00 5.02340257e-01
    -5.67406058e-01 3.57682407e-01 9.20825541e-01 -6.97786212e-02
    2.79873669e-01 1.51563668e+00 4.89638746e-01 5.36258638e-01
    4.78633344e-01 8.48189175e-01 2.59098947e-01 4.98228252e-01
    -2.88482994e-01 1.16136122e+00 4.36141849e-01 4.40565169e-01
    1.46137571e+00 9.45917249e-01 -3.93168122e-01 5.46120882e-01
    5.35547733e-02 1.42471504e+00 1.01751387e+00 1.00372338e+00
    1.30651832e+00 4.96075809e-01 3.48566055e-01 1.61460662e+00
    -3.04957867e-01 5.18776476e-01 9.17539597e-01 6.10027134e-01
    9.43874121e-01 1.08414698e+00 1.69473433e+00 -3.00470442e-01
    1.06879401e+00 1.45125949e+00 8.57524395e-01 8.14729929e-01
    6.65880144e-01 1.17991900e+00 1.64635420e+00 5.26386678e-01
    2.50455916e-01 8.08071733e-01 3.78556967e-01 1.10110712e+00
    3.19710493e-01 1.27046788e+00 1.55775630e+00 9.26599801e-01
    1.14660263e+00 1.73073411e-02 -6.04549646e-01 4.24747288e-01
    9.52103198e-01 -5.36553025e-01 1.17513037e+00 5.39795399e-01
    1.47050333e+00 4.57351923e-01 1.48966920e+00 1.41625702e-01
    -5.98953366e-01 1.68371201e+00 1.55134916e+00 -2.91741669e-01
    1.03430927e+00 -3.72308910e-01 -1.25734210e-01 1.60112834e+00
    8.70895743e-01 1.51027346e+00 1.04342246e+00 8.17311764e-01
    2.21356750e-02 1.14362395e+00 1.12521839e+00 5.16018271e-01
    1.43688548e+00 1.18826652e+00 -4.77450073e-01 -2.10060596e-01
    1.78015614e+00 -5.09170353e-01 4.87658024e-01 -1.94376051e-01
    -6.90192103e-01 9.67037678e-03 1.34581733e+00 -1.23051941e-01
    2.32318163e-01 1.96200609e-02 -4.54906702e-01 7.36192048e-01
    5.85561872e-01 7.76895404e-01 -1.59469962e-01 -3.60370010e-01
    1.44873285e+00 -8.14561248e-01 2.38820255e-01 1.40722501e+00
    5.75421751e-01 -1.05021536e-01 6.36270583e-01 1.19659305e+00
    -3.86205137e-01 1.53196383e+00 9.19891775e-01 2.63700247e-01
    1.66826379e+00 1.15238476e+00 -5.09292245e-01 1.37506378e+00
    1.17539310e+00 1.03331244e+00 -8.00854504e-01 6.46844089e-01
    1.41295910e+00 3.85010719e-01 1.08899999e+00 1.04456711e+00
    2.79050648e-01 1.57815588e+00 -1.39892519e-01 9.33966398e-01
    3.37895095e-01 1.49035549e+00 1.03157640e+00 1.11162376e+00
    5.26027203e-01 1.28156650e+00 -7.01436996e-01 1.15696478e+00
    3.58600318e-01 1.60287344e+00 1.54856181e+00 6.71599686e-01
    -1.98094308e-01 -5.43916702e-01 1.24371576e+00 8.14768612e-01
    1.53727686e+00 4.70409572e-01 -4.79458481e-01 8.43220234e-01
    6.79192543e-02 -3.87008220e-01 3.63523364e-01 -3.79413784e-01
    1.07899308e-02 1.11824393e+00 1.38490856e+00 -2.54957050e-01
    1.41861856e+00 -3.97131711e-01 -2.86339134e-01 6.27051532e-01
    -2.83980906e-01 7.55388379e-01 -3.36480319e-01 1.13563287e+00
    1.31150365e+00 6.47861779e-01 -5.80670655e-01 1.43430829e+00
    8.31204534e-01 -3.87331486e-01 7.08522081e-01 -2.28491634e-01
    1.25746286e+00 -3.82230222e-01 -4.02194917e-01 1.08925772e+00
    6.75885141e-01 -5.71949840e-01 -5.14947891e-01 2.74629414e-01
    3.55878890e-01 1.72624350e+00 1.32876575e-01 -6.05189860e-01
    5.26980996e-01 1.11682916e+00 7.38305807e-01 -3.71962428e-01
    9.16435421e-01 1.53016949e+00 1.04572940e+00 1.53494823e+00
    1.09745538e+00 8.24017882e-01 3.56492937e-01 9.73379612e-03
    3.77297401e-03 1.19709182e+00 1.94707274e-01 6.89938962e-01
    1.12425208e+00 9.35775280e-01 -2.43972361e-01 -7.46349037e-01
    1.63213038e+00 1.16647029e+00 1.32644176e-03 1.11879718e+00
    8.52918923e-01 1.01348639e+00 2.58692026e-01 8.55749488e-01
    6.79792762e-01 -4.76480156e-01 3.80917370e-01 7.46712029e-01
    5.66244125e-01 9.86795604e-01 4.42289889e-01 1.01788211e+00
    5.93866706e-02 6.82934165e-01 4.75832283e-01 -3.66625994e-01
    1.03031683e+00 1.42722940e+00 -3.61888260e-01 7.12022901e-01
    1.37442398e+00 1.30119467e+00 1.45663536e+00 8.38288188e-01
    -4.63377357e-01 -2.30673075e-01 8.35319042e-01 1.09663463e+00
    1.01913738e+00 1.37768269e+00 -7.69566715e-01 8.94138455e-01
    1.44289994e+00 8.01525056e-01 5.51034033e-01 -4.43405688e-01
    4.10791457e-01 3.62118244e-01 6.11088097e-01 6.17464781e-01
    1.14849377e+00 6.52628601e-01 -7.20145345e-01 1.20195222e+00
    -7.94107616e-01 4.70584452e-01 1.39585805e+00 7.41337836e-01
    1.13838232e+00 9.89368200e-01 1.66152620e+00 1.07303405e+00
    1.26358509e+00 1.21599638e+00 6.75368726e-01 6.02786541e-01
    7.11003602e-01 2.41833508e-01 1.22287321e+00 1.08084559e-01
    9.12717044e-01 -6.45848751e-01 9.17288423e-01 -5.31157076e-01
    1.26033211e+00 6.76022828e-01 3.21447968e-01 4.84485149e-01
    1.60188389e+00 -5.02796412e-01 4.94245291e-01 2.67029762e-01
    -4.50102538e-01 -2.02705979e-01 -1.48287058e-01 7.33231604e-01
    7.69849002e-01 8.98493767e-01 3.27661335e-01 -2.25116313e-01
    -4.63869661e-01 -6.03933454e-01 -3.22999060e-01 7.05802321e-01
    6.23013794e-01 1.59224153e-01 1.48581791e+00 -1.82334423e-01
    -7.00769424e-02 1.07991576e+00 -6.50578260e-01 -6.10274434e-01
    -2.38080144e-01 8.87729645e-01 9.50665236e-01 -7.52569795e-01
    5.55433989e-01 6.29257202e-01 -3.44762743e-01 1.14985812e+00
    8.48989427e-01 1.48442423e+00 8.48576009e-01 1.51043844e+00
    1.54357219e+00 -4.45085853e-01 1.54113269e+00 8.66228342e-02
    1.24111426e+00 8.01843166e-01 6.66602314e-01 1.03995776e+00
    1.09371233e+00 1.42070055e-02 -4.26900804e-01 8.26021433e-01
    -2.39659637e-01 1.47523522e+00 6.26136482e-01 -3.87105942e-02
    6.80280507e-01 3.80046427e-01 7.60017514e-01 1.10710621e+00
    1.17694056e+00 2.63252139e-01 5.32150269e-03 1.31184936e-01
    5.78555346e-01 1.02451587e+00 1.25492954e+00 1.14745378e-01
    -4.25678492e-01 -1.95729762e-01 -6.13893151e-01 1.16905284e+00
    -2.81733453e-01 9.98113573e-01 1.35833883e+00 2.68293083e-01
    1.42346525e+00 -5.55884540e-01 1.59396482e+00 -6.74171329e-01
    1.48405957e+00 1.56943595e+00 -3.61464620e-02 7.89843976e-01
    4.71796572e-01 1.05167997e+00 8.80562484e-01 7.53135383e-01
    9.43813205e-01 1.18962920e+00 1.63488567e-01 -9.37591791e-02
    9.14986253e-01 4.71657753e-01 4.95786965e-01 1.22709036e+00
    -6.31586313e-02 5.54615557e-01 -7.43120372e-01 7.81759262e-01
    1.46811366e+00 5.69364309e-01 8.21781754e-01 -3.75596613e-01
    1.37724102e-01 3.93369794e-02 -9.96097326e-02 1.20259094e+00
    -4.62381423e-01 1.18666208e+00 -3.35103244e-01 7.14465797e-01
    4.51821268e-01 4.51819360e-01 -3.41835320e-01 8.76925826e-01
    1.28687859e-01 3.16942275e-01 1.24655628e+00 1.64714396e-01
    1.36744201e+00 1.50360167e-01 1.64678216e+00 -3.74308169e-01
    1.95266545e-01 -2.02639133e-01 6.82872832e-01 -3.62377048e-01
    4.48433459e-01 5.40418804e-01 -4.90082860e-01 3.74734819e-01
    1.35246766e+00 1.98177934e-01 -4.70441043e-01 6.05492949e-01
    2.58019924e-01 5.99365234e-01 -1.18920982e-01 3.41813982e-01
    1.26863337e+00 2.53973842e-01 -4.95838642e-01 1.08489585e+00
    1.23705077e+00 6.41813695e-01 1.11480069e+00 1.52458286e+00
    -4.09131885e-01 -2.66012043e-01 9.51627731e-01 -4.76096779e-01
    -5.06431997e-01 8.09754193e-01 -2.42573023e-01 6.13371193e-01
    2.42438912e-02 1.59001613e+00 1.11687899e+00 4.95745122e-01
    1.69854462e-01 2.13091493e-01 1.16451406e+00 1.03112328e+00
    5.64314723e-02 -1.57171845e-01 -2.05556870e-01 6.73948050e-01
    1.72110796e+00 2.53410459e-01 4.11066711e-01 7.98941851e-02
    -2.96425462e-01 8.42985749e-01 1.07563818e+00 1.29386592e+00
    -4.50525224e-01 -5.10801077e-01 1.68398988e+00 -1.38443112e-02
    3.10667872e-01 9.71248627e-01 1.20743060e+00 3.04279268e-01
    1.14905298e+00 1.16439426e+00 8.76233518e-01 4.47819412e-01
    1.04139543e+00 3.45412254e-01 -3.22954774e-01 -5.94838202e-01
    8.45990658e-01 9.40215766e-01 -5.39307535e-01 -1.29498780e-01
    1.45611811e+00 2.00439572e-01 1.29993081e+00 3.30545127e-01
    1.16138315e+00 -2.65530497e-01 1.50569749e+00 2.32303321e-01
    -2.54724234e-01 1.02352715e+00 -1.77815557e-02 6.27794802e-01
    1.38198519e+00 -3.66440624e-01 4.86059487e-01 -1.18887424e-02
    9.07648504e-01 -4.77682769e-01 9.08515990e-01 9.43958521e-01
    8.56786430e-01 8.24020028e-01 -6.92428291e-01 5.55447102e-01
    8.90506268e-01 1.34663880e+00 5.75589895e-01 -7.95386434e-02
    8.98476362e-01 1.11329532e+00 3.64008546e-02 1.12644768e+00
    1.45764184e+00 -4.84358668e-02 -9.51361656e-03 6.27104521e-01
    1.07317019e+00 2.93355644e-01 1.51567090e+00 1.09688818e+00
    6.07982635e-01 1.63999772e+00 -3.83356422e-01 -6.61118627e-02
    4.07767296e-03 9.14556682e-01 1.04956591e+00 -1.67145133e-01
    1.49027550e+00 -5.41969299e-01 1.45972681e+00 8.68194282e-01
    1.03549886e+00 6.32435918e-01 1.39299393e+00 -3.77778113e-01
    -1.94362044e-01 7.37181723e-01 9.68964756e-01 8.22361827e-01
    -3.91226381e-01 1.25469375e+00 1.44841444e+00 -2.83503115e-01
    6.80637419e-01 8.12267303e-01 -2.03923970e-01 1.72611809e+00
    -2.77978241e-01 -4.82955545e-01 1.12038851e+00 1.23269582e+00
    3.95853043e-01 1.39242530e+00 1.60563242e+00 -7.60008454e-01
    -3.35495472e-02 7.16812730e-01 1.19777536e+00 9.68137860e-01
    1.48149645e+00 2.27389812e-01 1.59982872e+00 7.87298918e-01
    7.46890306e-02 -3.39209437e-01 9.27884161e-01 -2.02907085e-01
    1.23829377e+00 1.39054406e+00 1.22876978e+00 1.33179426e-02
    1.17228127e+00 2.26912916e-01 4.89992440e-01 3.06810141e-01
    -1.82716310e-01 2.91324556e-01 1.06686401e+00 -4.60776508e-01
    1.21174324e+00 1.20128870e+00 1.49957442e+00 1.15601468e+00
    -4.89815950e-01 1.37477982e+00 3.17259073e-01 -2.58725882e-02
    3.37786674e-01 7.34836459e-02 -4.93306041e-01 1.55119729e+00
    1.08267307e+00 5.60301661e-01 9.06832635e-01 1.59551549e+00
    -6.11976981e-01 4.03590381e-01 -3.90394956e-01 2.71398723e-01
    -7.06746817e-01 1.43301189e+00 1.55562294e+00 -5.58866501e-01
    8.47024083e-01 1.37206697e+00 -7.74552226e-02 3.47256064e-01
    4.69798803e-01 5.30398965e-01 1.06330109e+00 -2.52334803e-01
    1.79694831e-01 7.78044462e-02 -4.02657777e-01 6.82374835e-02
    -5.01646996e-01 1.43285358e+00 3.53209019e-01 -2.97068864e-01
    1.24936318e+00 2.64363408e-01 2.91778684e-01 6.30450070e-01
    1.47087741e+00 -6.03478074e-01 2.05110312e-02 2.73180306e-01
    1.22979462e-01 -3.84957790e-02 1.73902869e+00 1.02067423e+00
    -1.70626402e-01 5.92923224e-01 6.56560063e-01 -4.23975825e-01
    -5.99043071e-01 3.95532727e-01 5.91723680e-01 6.84457421e-02
    8.07046890e-04 5.58293283e-01 1.27900851e+00 -8.05450559e-01
    1.31481814e+00 4.84734595e-01 1.04771066e+00 -1.34775817e-01
    1.32049739e+00 1.40756786e-01 6.99807703e-01 2.79569209e-01
    3.78761768e-01 -4.15696263e-01 8.44362020e-01 5.03778100e-01
    1.02424443e-01 1.19805944e+00 1.11876512e+00 9.18738365e-01
    8.58841300e-01 -6.35697007e-01 5.40225327e-01 8.57622623e-02
    1.59761834e+00 1.08933091e+00 -5.27922034e-01 6.92137241e-01
    5.40127039e-01 4.76765931e-01 -2.17940748e-01 9.06985760e-01
    9.54434931e-01 4.76794600e-01 -5.64317822e-01 1.37647772e+00
    8.86618137e-01 4.80398953e-01 1.45391119e+00 1.43676400e-02
    -2.07582116e-01 8.06719482e-01 1.71280503e-02 5.23000777e-01
    -2.30816007e-01 -6.27804637e-01 1.04719532e+00 1.17015529e+00
    -3.65369469e-01 9.09649134e-01 1.30117714e+00 1.46894062e+00
    -5.30296504e-01 1.19638085e+00 -4.71458435e-02 -1.72592402e-01
    1.69304824e+00 8.38796973e-01 5.40169835e-01 1.58244300e+00
    1.45181322e+00 6.76198602e-01 1.49649668e+00 -6.15437627e-01
    1.39916992e+00 8.49635065e-01 2.53911972e-01 5.08661270e-01
    -1.33038759e-01 4.72600520e-01 6.78937316e-01 1.63146555e-01
    4.67232466e-02 -6.69497848e-01 4.85775054e-01 -5.03617942e-01
    7.52545595e-02 7.49035954e-01 1.00882804e+00 6.19228065e-01
    4.44763482e-01 1.05882907e+00 2.44524837e-01 -7.77683139e-01
    -3.81822377e-01 1.62693405e+00 4.55980599e-01 4.77353334e-02
    1.25804925e+00 1.74889624e+00 4.12811279e-01 1.30156922e+00
    -3.72747958e-01 1.62532997e+00 7.23455608e-01 -5.02721667e-02
    8.42388391e-01 -2.33951181e-01 1.39925432e+00 -4.89903092e-01
    1.33647859e+00 -2.66604722e-01 2.48003006e-03 -2.11357892e-01
    -3.02817583e-01 1.46511769e+00 -6.15997314e-01 5.92693865e-01
    1.11769795e-01 -1.84260964e-01 1.49760532e+00 -2.47109443e-01
    3.39538455e-02 8.61972213e-01 -7.85304546e-01 -2.21600175e-01
    1.28162301e+00 2.71693051e-01 1.00212979e+00 2.61216223e-01
    -2.80920088e-01 1.54251802e+00 -6.94309592e-01 6.15347445e-01
    9.23440039e-01 4.80298817e-01 -2.46068418e-01 3.36300552e-01
    1.45028722e+00 8.68661940e-01 8.43374193e-01 5.94883740e-01
    1.25560141e+00 -3.70582938e-02 1.36607552e+00 1.38369334e+00
    -5.63949823e-01 1.03918386e+00 1.59189165e-01 -1.58819437e-01
    1.24332952e+00 2.18344331e-01 -1.07461929e-01 -3.64901841e-01
    -5.69122910e-01 -4.54056501e-01 4.49590683e-01 -1.54126376e-01
    -1.03871882e-01 2.78333783e-01 5.59820116e-01 1.23946214e+00
    6.64034545e-01 1.56201065e-01 1.72023106e+00 -5.74759722e-01
    6.36211812e-01 -5.24306417e-01 -4.35148925e-01 9.49296713e-01
    -6.52521014e-01 -4.00549203e-01 7.78722346e-01 7.60271430e-01
    -2.83068687e-01 1.43214059e+00 1.05593848e+00 1.04177260e+00
    -1.29034281e-01 1.15418005e+00 2.54431903e-01 9.38345611e-01
    5.11778831e-01 1.31895733e+00 5.07794678e-01 9.20443714e-01
    8.82090926e-02 2.08775342e-01 -5.03693163e-01 -3.06951463e-01
    -2.29144096e-03 1.22092950e+00 -1.48708761e-01 6.52596295e-01
    1.24215174e+00 1.50961137e+00 1.59605861e-01 -1.51089430e-01
    -7.49617815e-02 4.62657869e-01 8.55738759e-01 2.38726437e-01
    -2.29529738e-01 3.93760204e-03 1.11533988e+00 1.33257139e+00
    1.36155176e+00 1.22372615e+00 1.44576848e-01 9.10137653e-01
    -4.34698164e-01 -2.35159844e-01 4.11883712e-01 -6.49818778e-02
    2.45801508e-01 9.48272884e-01 4.30772245e-01 8.69497061e-01
    -6.64527833e-01 -1.87793970e-01 -4.88294184e-01 -6.16836607e-01
    -2.43382156e-01 1.31717420e+00 1.35347223e+00 4.33292985e-02
    -1.57317519e-02 -4.45107639e-01 1.11589324e+00 7.77202129e-01
    -6.78750932e-01 1.10101485e+00 7.82363772e-01 -2.85678416e-01
    1.07882428e+00 7.29167640e-01 3.61694157e-01 1.65905213e+00
    1.29738367e+00 -1.69134498e-01 1.61137486e+00 -6.45690441e-01
    1.58694375e+00 -1.69579566e-01 -6.31141067e-02 6.20168924e-01
    1.90001428e-01 -3.03353071e-02 1.28194356e+00 4.70027268e-01
    -5.30222237e-01 1.49431586e+00 1.42269528e+00 -3.96144390e-03
    1.39149761e+00 9.83680308e-01 -1.49588287e-01 -6.14964843e-01
    -7.15535283e-02 7.39236116e-01 1.59419560e+00 1.14124823e+00
    1.45124984e+00 7.98444927e-01 -4.48882222e-01 1.03702044e+00
    7.21275866e-01 3.38863730e-02 1.21672571e+00 6.83093607e-01
    1.21299493e+00 7.76342213e-01 -2.63020396e-01 1.50350690e+00
    -2.94037372e-01 3.94914567e-01 -4.85189557e-02 9.68660295e-01
    -6.45963430e-01 2.99726129e-01 6.08249128e-01 1.21320283e+00
    5.19225419e-01 -1.59476042e-01 -3.51829022e-01 6.62452519e-01
    -4.95395839e-01 8.05262208e-01 5.41341484e-01 1.34022617e+00
    -3.66184920e-01 -5.79949617e-01 1.16176510e+00 1.28894818e+00
    1.49711061e+00 -1.73684597e-01 3.75038564e-01 3.58333945e-01
    -1.72648698e-01 6.96573079e-01 1.56005085e-01 1.30059576e+00
    -3.36555809e-01 -6.58943653e-02 -4.24929231e-01 1.65807438e+00
    9.72494662e-01 1.36068797e+00 -3.57548237e-01 1.84102178e-01
    -4.64648128e-01 1.17478418e+00 -3.43182862e-01 4.28446054e-01
    -4.28823173e-01 1.13085270e+00 4.11678016e-01 -6.08798683e-01
    -2.56476820e-01 1.61617327e+00 5.05347848e-02 1.25186324e+00
    -5.67570448e-01 1.19651449e+00 1.66061103e-01 9.56314802e-01
    1.58291936e-01 1.44701886e+00 1.04365647e+00 -7.16286302e-01
    1.13211894e+00 8.09115648e-01 -2.94331044e-01 2.92156994e-01
    -6.39707863e-01 1.00560498e+00 7.90445566e-01 7.02488601e-01
    2.24895358e-01 1.62344038e-01 2.45592594e-02 8.97399306e-01
    1.17032409e-01 4.75220859e-01 3.56090844e-01 9.56476986e-01
    5.16367555e-01 1.28368831e+00 2.77934670e-01 1.54466915e+00
    3.03304136e-01 -5.11182189e-01 1.35090375e+00 1.43966317e-01
    9.85958815e-01 5.44503391e-01 -2.92380452e-02 -2.93082774e-01
    -9.10437107e-02 1.48451984e-01 6.97821677e-01 1.95950747e-01
    5.96184492e-01 -4.37519014e-01 5.26775539e-01 7.05651641e-01
    1.09964824e+00 6.31374121e-03 1.32176876e+00 -3.57581675e-01
    1.60594177e+00 5.76668024e-01 -3.75340790e-01 1.24942303e-01
    1.51897395e+00 -3.29651117e-01 5.12141645e-01 -5.44436514e-01
    -1.22780025e-01 7.81989276e-01 1.72747850e-01 6.38640761e-01
    8.80380988e-01 -3.07121366e-01 4.55453932e-01 -5.89419961e-01
    4.84337568e-01 5.08156717e-01 1.33832216e-01 7.03643560e-01
    -5.50039411e-01 8.07625175e-01 -5.20380914e-01 1.31065428e+00
    3.04370582e-01 1.43579721e+00 3.02125096e-01 -3.46666783e-01
    1.44824481e+00 -5.13926744e-02 -2.22719431e-01 -6.99683249e-01
    5.46460271e-01 7.53951848e-01 1.69650805e+00 -2.11346924e-01
    9.92226005e-02 5.24634898e-01 2.26363599e-01 8.70341063e-02
    1.25923324e+00 6.28633320e-01 -2.10441470e-01 2.14553654e-01
    7.29420245e-01 -6.18666589e-01 1.65060925e+00 5.46294987e-01
    1.62472475e+00 7.44002223e-01 -3.32762569e-01 1.21278000e+00
    4.13321078e-01 1.71104431e+00 4.91741538e-01 8.89654875e-01
    8.87018681e-01 -2.95152962e-01 6.45794392e-01 1.28209257e+00
    -3.73301446e-01 5.13755739e-01 2.32659638e-01 -2.61633217e-01
    1.00654483e-01 -2.09198564e-01 8.70702267e-01 1.06843317e+00
    7.63198793e-01 4.25916910e-02 9.33644712e-01 8.22742641e-01
    1.43449068e+00 1.04923391e+00 9.89535034e-01 6.28295839e-01
    8.40023220e-01 5.43192923e-01 1.62643504e+00 5.04841208e-01
    8.66572797e-01 1.20147252e+00 1.33587193e+00 -7.37386882e-01
    2.41959095e-02 1.12317705e+00 5.51191032e-01 -5.06140530e-01
    1.25606561e+00 5.53691387e-02 2.00990438e-02 -6.36856914e-01
    1.29997468e+00 1.49115562e+00 -4.73237365e-01 -4.85272706e-01
    1.19012475e-01 -1.01801276e-01 4.14012671e-01 8.48685622e-01
    7.31659234e-01 1.56455493e+00 8.25789571e-02 1.54621983e+00
    1.04729235e+00 1.48787737e+00 -4.22194093e-01 1.14218354e-01
    5.24435043e-02 1.75814652e+00 -1.18901730e-02 1.55180192e+00
    5.97832918e-01 7.27164328e-01 1.04039025e+00 8.09971094e-02
    -2.43191600e-01 -1.23472869e-01 1.09611166e+00 -5.13291121e-01
    1.42249036e+00 1.69601178e+00 -2.54273504e-01 3.22961271e-01
    4.65653360e-01 9.67915654e-02 4.07343090e-01 9.70173240e-01
    7.59584129e-01 -1.88718975e-01 -2.26121664e-01 7.88123429e-01
    9.81016636e-01 1.08281553e+00 1.23459506e+00 -5.80275297e-01
    -4.95715737e-02 1.61514568e+00 -4.87767339e-01 1.46627688e+00
    1.39591646e+00 1.93571329e-01 -1.85940862e-02 -8.14316273e-02
    3.73504698e-01 -6.43922925e-01 9.49980199e-01 1.72577548e+00
    8.44410062e-01 2.69989014e-01 7.51735985e-01 -1.70609802e-01
    3.92804265e-01 1.62746632e+00 1.02336049e+00 -5.21355569e-01
    9.82688665e-01 3.11126649e-01 8.70531857e-01 1.19745421e+00
    -3.80580306e-01 6.47749245e-01 2.41886199e-01 1.21645474e+00
    -3.86274695e-01 6.50229633e-01 1.28302550e+00 6.86746895e-01
    2.48467445e-01 1.47226143e+00 7.58431017e-01 1.10941756e+00
    -5.12346983e-01 7.00001061e-01 1.55337572e+00 -2.76484609e-01
    1.76851547e+00 3.07309628e-02 8.61110210e-01 1.55626440e+00
    1.58770442e+00 5.10933816e-01 -5.49410939e-01 5.85170507e-01
    1.77158737e+00 8.44174027e-02 -1.75566196e-01 3.41767609e-01
    1.55455112e+00 -1.55180395e-01 1.25138140e+00 8.70273888e-01
    1.46973372e-01 5.22923410e-01 -1.79424882e-02 1.06303549e+00
    9.88696337e-01 7.13368177e-01 8.50104094e-01 1.64029157e+00
    7.16960311e-01 4.52767968e-01 1.56278622e+00 -7.26013482e-01
    8.77389312e-02 1.36666000e+00 1.53046215e+00 -5.73107958e-01
    4.49211419e-01 7.84560680e-01 4.75675225e-01 -5.12736917e-01
    9.28323925e-01 8.36492598e-01 1.12367475e+00 -2.50418931e-01
    1.17224360e+00 -3.22960258e-01 1.33440542e+00 -1.38480306e-01
    8.66671383e-01 3.80750000e-01 4.34480667e-01 -2.72428632e-01
    1.29610038e+00 -5.64792156e-01 1.22837830e+00 1.65860569e+00
    1.65599442e+00 3.45040977e-01 -5.32583952e-01 1.27443492e-01
    1.14480448e+00 -7.04257607e-01 -4.97514725e-01 1.21101403e+00
    -3.10385317e-01 1.22307920e+00 1.46902227e+00 -1.29707515e-01
    2.11346924e-01 5.33989787e-01 1.07471657e+00 -2.40089476e-01
    -3.04307520e-01 1.22773051e-02 -5.74690700e-02 3.87203991e-01
    -2.30090618e-02 -4.78078991e-01 1.68198228e+00 6.52446449e-01
    2.77705431e-01 1.06588006e+00 1.77031851e+00 -1.94794834e-01
    6.74341917e-02 -2.17336923e-01 -2.20453888e-01 9.83768344e-01
    1.34024930e+00 2.03541100e-01 6.28618956e-01 1.46146786e+00
    2.92555630e-01 6.04398191e-01 1.24330509e+00 1.57671881e+00
    1.21291196e+00 6.88372612e-01 1.61643600e+00 -4.95294273e-01
    -5.62644720e-01 1.46538031e+00 1.41367579e+00 -2.12753296e-01
    1.24344301e+00 -5.95011234e-01 1.27982330e+00 1.63452029e-02
    3.68394971e-01 3.54846597e-01 -3.41118634e-01 -4.03430849e-01
    8.13872218e-02 2.95669317e-01 1.20666111e+00 1.00987041e+00
    -5.96035063e-01 -3.18298042e-01 -6.67540133e-01 -3.58322173e-01
    1.22805047e+00 -2.55389631e-01 7.50759602e-01 1.18180537e+00
    1.02906692e+00 -1.57592863e-01 1.71418571e+00 3.27452362e-01
    1.06251800e+00 -3.75156999e-01 6.76676631e-01 -7.54044414e-01
    2.75933743e-02 -2.31588423e-01 4.18331623e-02 9.21420455e-01
    1.09322143e+00 2.91695178e-01 6.69895411e-02 -3.90030146e-02
    1.57354045e+00 8.73225808e-01 1.54914474e+00 1.26695061e+00
    5.00026941e-01 -2.63253331e-01 1.54203403e+00 5.07285595e-01
    1.00082636e+00 -1.37219727e-01 5.99033833e-02 7.96464205e-01
    -1.46122038e-01 5.64497948e-01 1.13665462e-01 -1.43069983e-01
    -2.95373559e-01 1.24423862e+00 -3.03205699e-01 -3.67213339e-01
    1.61876106e+00 1.43830609e+00 -4.88669604e-01 5.23534954e-01
    -4.90811378e-01 1.64062738e+00 1.41369033e+00 5.21374285e-01
    7.27947772e-01 1.35334992e+00 1.00602639e+00 -1.69519722e-01
    1.35315371e+00 1.10839045e+00 8.36505234e-01 1.40863824e+00
    1.17030382e+00 -6.43931866e-01 8.01065683e-01 8.44595134e-01
    -9.11629200e-02 2.12516189e-02 1.05889678e+00 1.24154496e+00
    -5.12371719e-01 -6.37611687e-01 5.82984686e-02 6.78580046e-01
    9.92664039e-01 -3.17061096e-01 1.57988834e+00 -1.74293399e-01
    1.07337832e+00 3.78400087e-01 5.69687366e-01 3.66470814e-01
    1.36940634e+00 1.14481306e+00 1.27982736e+00 -3.98670226e-01
    7.11638868e-01 1.04633069e+00 -5.22630334e-01 2.56602764e-02
    2.50427723e-01 -7.47056007e-02 5.78141809e-02 -1.41887069e-02
    1.52814198e+00 1.55044687e+00 -5.96166611e-01 6.92021608e-01
    1.25674868e+00 1.59059453e+00 1.50706351e-01 5.00932753e-01
    1.41581202e+00 1.38543546e+00 2.99192786e-01 1.62058234e+00
    6.02011144e-01 4.30301487e-01 1.66135788e+00 -5.22418320e-01
    -6.06830955e-01 1.60359502e+00 1.32094669e+00 5.71763873e-01
    1.04696608e+00 4.84096408e-01 -7.22091675e-01 5.81668496e-01
    6.96680188e-01 -6.49571538e-01 -6.71369374e-01 3.88752043e-01
    2.79739320e-01 7.08306730e-01 1.15301216e+00 7.52913177e-01
    -3.66389751e-03 1.42678356e+00 -6.20108426e-01 1.23152971e+00
    1.64583528e+00 5.39671302e-01 1.89809144e-01 -1.28416955e-01
    6.27314210e-01 1.62385547e+00 9.55597341e-01 3.12530339e-01
    1.35095644e+00 7.64400959e-02 1.97134733e-01 -3.13127905e-01
    3.86288285e-01 3.75767171e-01 -6.38468742e-01 4.26823616e-01
    6.77782238e-01 4.58473802e-01 -6.72306657e-01 5.94174623e-01
    -6.58210039e-01 6.99068844e-01 -7.01869726e-01 1.11341596e+00
    1.72903872e+00 -2.91622460e-01 -6.75649285e-01 1.51239240e+00
    1.35141945e+00 2.43346334e-01 8.30641150e-01 -3.06307852e-01
    1.35484314e+00 -4.35147762e-01 1.38258779e+00 2.99177110e-01
    1.20554852e+00 4.35041428e-01 -5.65131605e-01 1.00220978e+00
    -5.11835814e-01 1.08625007e+00 1.12733197e+00 -3.46423775e-01
    1.55817103e+00 -4.45607424e-01 9.57943439e-01 -2.20523477e-02
    -1.10473037e-01 -3.34902436e-01 1.65414357e+00 -4.41903472e-02
    -4.78488117e-01 1.00982618e+00 -1.38211548e-01 1.17027211e+00
    -5.35175741e-01 -4.44103390e-01 -4.28864956e-02 1.32299304e+00
    4.59172666e-01 1.25149953e+00 3.70835423e-01 1.08982480e+00
    9.87821698e-01 1.25537217e+00 -6.59190714e-01 -5.99545240e-02
    1.48562074e+00 -6.88239217e-01 5.31613827e-03 8.80775273e-01
    1.52955651e-02 5.35157859e-01 9.29998815e-01 9.47166026e-01
    7.08268285e-02 2.73390591e-01 1.14007282e+00 -1.53715372e-01
    -5.47121167e-02 -9.40626562e-02 6.13607347e-01 1.70268536e-01
    5.05585670e-01 8.62899363e-01 8.06258500e-01 3.74593198e-01
    -2.07393765e-01 -1.41461968e-01 5.62503457e-01 3.92706931e-01
    8.33419085e-01 1.36500287e+00 4.04988050e-01 -4.68588859e-01
    -3.33978027e-01 5.45661509e-01 1.54562473e-01 1.47903895e+00
    7.12965727e-01 -2.18394160e-01 1.06296372e+00 6.64076328e-01
    1.19212592e+00 9.67189372e-01 5.55651784e-01 -7.27143347e-01
    7.74338782e-01 1.17543244e+00 1.33121037e+00 8.05699825e-03
    1.67234898e-01 1.12881744e+00 1.68656063e+00 4.51330721e-01
    1.61464751e-01 9.97239351e-01 8.15678239e-02 6.80668890e-01
    1.25126266e+00 8.20493579e-01 3.16166461e-01 5.27434349e-01
    7.08463728e-01 4.14792538e-01 1.62604129e+00 -4.63465005e-01
    1.00737381e+00 2.45764136e-01 5.12726307e-01 1.54654574e+00
    1.32929635e+00 -5.28329372e-01 7.34558463e-01 1.31643498e+00
    4.66667831e-01 4.83229220e-01 -9.43565965e-02 -1.01993024e-01
    5.62131405e-04 6.34744763e-01 1.40297639e+00 1.41314387e+00
    4.98899162e-01 9.90458608e-01 -6.52246296e-01 1.14488912e+00
    -5.87917805e-01 4.18863893e-02 6.21418715e-01 9.36336517e-02
    1.23536193e+00 1.24874520e+00 1.55632913e-01 5.83057225e-01
    5.78257501e-01 8.20691109e-01 4.66872394e-01 6.69076443e-01
    5.29056728e-01 -3.39063138e-01 -1.64398313e-01 6.87065244e-01
    1.01348460e+00 1.21592712e+00 6.85273886e-01 1.96562231e-01
    7.95034051e-01 2.04412997e-01 6.92148864e-01 5.11007428e-01
    -2.25153923e-01 1.22697210e+00 -1.15983248e-01 -2.04269767e-01
    1.02464962e+00 9.27901745e-01 -2.51983523e-01 1.30985498e+00
    -1.79014206e-01 -9.92866755e-02 6.43893003e-01 -1.92673087e-01
    -5.06620407e-02 -4.26355332e-01 1.31397963e+00 1.00684047e-01
    4.80683148e-01 9.95562136e-01 9.65365171e-01 4.15662766e-01
    1.86258674e-01 1.63807511e-01 5.64442337e-01 1.68651378e+00
    1.23426700e+00 -5.23589313e-01 1.15507114e+00 1.40095973e+00
    8.37378263e-01 1.60110068e+00 1.68239021e+00 -1.79061204e-01
    -3.79080176e-02 1.18361235e+00 -1.16119146e-01 1.64118242e+00
    1.89491272e-01 -6.71853185e-01 1.59293461e+00 2.45774388e-01
    6.66334450e-01 8.45152438e-01 9.11587477e-03 1.07283425e+00
    -2.21847057e-01 7.43799865e-01 -2.15537429e-01 1.69065893e-01
    -5.36935329e-01 -6.82806492e-01 -3.00307184e-01 4.06708717e-01
    1.50352001e+00 4.95543182e-01 6.32076025e-01 9.77501869e-02
    5.02472520e-01 -6.63028002e-01 -4.78406817e-01 -6.07167661e-01
    -1.15502894e-01 8.80947411e-01 -6.70875549e-01 4.99233007e-01
    -3.03314596e-01 6.55496240e-01 1.14329576e-01 -2.16449112e-01
    1.73223495e+00 -3.89689475e-01 5.32938361e-01 -2.32695997e-01
    5.45387447e-01 5.37542641e-01 8.69216204e-01 4.01021063e-01
    5.98465383e-01 -2.79894948e-01 7.64043093e-01 4.51070964e-01
    1.19801641e+00 -1.39874220e-02 7.76597738e-01 2.24941969e-03
    1.83025002e-01 1.25257969e+00 9.21341419e-01 6.32467687e-01
    1.95768952e-01 1.21560884e+00 1.07602108e+00 9.27789867e-01
    5.10022640e-01 -6.60372198e-01 -5.51427245e-01 1.21326387e-01
    1.37256336e+00 -2.01865703e-01 8.36574197e-01 5.96246481e-01
    5.81272125e-01 -6.16032302e-01 -8.02016497e-01 1.30613101e+00
    8.16617727e-01 9.08462763e-01 2.66516209e-02 5.15055537e-01
    1.08759618e+00 1.16161561e+00 9.03588653e-01 1.12747526e+00
    4.22903121e-01 5.77812850e-01 1.74147129e-01 -3.00495386e-01
    1.34703386e+00 1.10606337e+00 -1.53748333e-01 5.63687205e-01
    1.39538240e+00 8.60639215e-01 2.90693223e-01 1.37606585e+00
    -6.46146595e-01 1.44322562e+00 -2.88861781e-01 1.53960037e+00
    1.85815573e-01 6.92437768e-01 3.47019792e-01 -6.47603989e-01
    1.41520870e+00 1.51705909e+00 -2.97348410e-01 6.80022597e-01
    1.09121752e+00 1.59546590e+00 4.18599725e-01 1.49927616e-01
    -2.42241442e-01 2.26785958e-01 -4.37502056e-01 8.17466021e-01
    7.51242161e-01 6.53254986e-03 1.30722761e-01 1.06208622e-01
    3.99720907e-01 -5.80993533e-01 9.26990688e-01 5.02968013e-01
    9.28902686e-01 -3.63733828e-01 9.88861799e-01 1.61615574e+00
    9.22239482e-01 2.74818897e-01 1.04327273e+00 6.82649016e-01
    1.38458562e+00 -2.07684457e-01 5.62300682e-01 2.76467204e-01
    -4.90890980e-01 1.40194523e+00 -3.09843004e-01 4.64733243e-01
    2.86781132e-01 2.23853946e-01 1.47414744e-01 1.70425725e+00
    -5.48432231e-01 1.28523374e+00 1.66581357e+00 -5.85543692e-01
    -4.23324168e-01 -2.67540038e-01 -2.65257895e-01 3.63801122e-02
    1.41318440e-01 5.62971354e-01 6.37510955e-01 -6.14656687e-01
    9.24311042e-01 1.52493250e+00 -5.95111668e-01 1.61226976e+00
    2.69379973e-01 -2.18725383e-01 1.06650364e+00 9.13844287e-01
    -2.75827408e-01 -5.82672477e-01 8.13619733e-01 9.56858099e-01
    -2.49298036e-01 7.67654657e-01 -5.47148585e-02 9.13473427e-01
    -2.86326408e-01 -3.53922784e-01 8.57670784e-01 7.31264114e-01
    1.12437606e-01 5.85525513e-01 -4.35626328e-01 1.84995532e-01
    2.35072553e-01 9.37003314e-01 8.54341507e-01 -6.58619285e-01
    1.17890263e+00 1.43757248e+00 -6.13930225e-02 5.89467585e-01
    6.45726919e-02 -6.62101865e-01 5.36666274e-01 3.30245316e-01
    1.14586306e+00 9.21686888e-01 -4.49681282e-02 -5.40910721e-01
    -4.20118868e-01 4.84560430e-01 1.39558852e-01 8.21936488e-01
    5.95273852e-01 1.59075928e+00 6.72157466e-01 1.03401911e+00
    5.46150208e-01 -9.94498432e-02 -3.40573043e-01 1.78403854e-01
    8.85815799e-01 -9.79654193e-02 3.44599962e-01 1.40775657e+00
    1.18877864e+00 -7.78087318e-01 9.72947121e-01 8.11566770e-01
    2.33293533e-01 -2.73999751e-01 -6.16018236e-01 1.51000726e+00
    4.71935630e-01 8.76830399e-01 1.76102304e+00 7.62908638e-01
    1.00454807e-01 3.48029613e-01 -2.71842510e-01 -4.86456454e-01
    1.45592463e+00 8.21423471e-01 7.93102562e-01 -5.23978710e-01
    9.33074951e-01 -2.63819963e-01 -2.75139064e-01 8.65097046e-02
    8.77450347e-01 5.98761857e-01 6.04837358e-01 1.03152514e+00
    -1.00451112e-02 6.50925815e-01 1.16574097e+00 6.03574812e-01
    4.93926942e-01 -4.88068670e-01 5.19247293e-01 -3.75631690e-01
    9.25632179e-01 1.03464699e+00 8.94634068e-01 8.56064200e-01
    -3.70029569e-01 3.06682825e-01 5.87279201e-02 2.22794414e-02
    2.16860294e-01 2.41950810e-01 -1.24837160e-02 -6.40422106e-02
    9.67217684e-02 -4.93710041e-02 -4.76981044e-01 1.51361704e-01
    -3.94691736e-01 -2.51107126e-01 3.22469294e-01 5.54494500e-01
    3.63321424e-01 4.36656654e-01 1.04684591e-01 1.53217971e+00
    9.60229516e-01 1.47908044e+00 3.20056260e-01 1.62268627e+00
    5.78612566e-01 9.87392962e-01 -2.92122394e-01 1.07395208e+00
    8.64826024e-01 1.38378143e+00 8.42583179e-01 9.60638463e-01
    6.04422867e-01 1.18135512e+00 -5.32065749e-01 7.13824987e-01
    1.31862044e+00 8.45027387e-01 -2.02202201e-01 -3.12904149e-01
    5.23527622e-01 1.82269514e-01 -4.64829892e-01 1.66252828e+00
    1.66446507e+00 1.08663058e+00 1.26466572e+00 -2.02431232e-01
    1.76599503e+00 -4.56380218e-01 1.48834527e+00 -3.29603761e-01
    1.61463857e+00 1.36121356e+00 1.16033375e-01 1.04862022e+00
    1.47254133e+00 8.30215633e-01 4.91003335e-01 1.32630539e+00
    1.46930838e+00 -4.00875568e-01 -6.15690053e-01 6.88336015e-01
    3.15575778e-01 -5.87052822e-01 -1.85612321e-01 8.28660667e-01
    1.05531681e+00 1.12910342e+00 1.51034057e+00 -2.52854437e-01
    1.56121206e+00 -4.34965253e-01 1.56319141e+00 -3.11594814e-01
    7.34214127e-01 1.31533170e+00 3.15797806e-01 1.64912415e+00
    1.57147682e+00 -5.01907885e-01 1.35916305e+00 2.38027275e-01
    -4.96320695e-01 5.19547760e-01 -4.68122602e-01 1.15633154e+00
    1.09496772e-01 1.71727598e-01 -3.37135315e-01 1.33283627e+00
    -8.19862485e-02 1.61449432e-01 9.08335149e-01 1.20640278e+00
    7.58918285e-01 3.60112429e-01 1.29624104e+00 1.30902386e+00
    1.21735525e+00 2.73622096e-01 -4.04779017e-01 -2.35860348e-02
    5.56546450e-01 -4.19636697e-01 1.51303601e+00 -3.94084036e-01
    -4.39628363e-02 5.88317633e-01 3.93991888e-01 1.22746038e+00
    -7.23589063e-02 -1.68785810e-01 1.71480393e+00 5.13230801e-01
    1.84810936e-01 1.37301588e+00 1.05099463e+00 1.28541195e+00
    1.17695498e+00 1.03818464e+00 -1.97902918e-01 5.96298695e-01
    1.19297981e+00 -6.44226134e-01 9.68565702e-01 9.62688565e-01
    8.85885358e-02 1.16632843e+00 8.18335176e-01 -1.86893880e-01
    1.19205773e-01 -5.75613976e-01 -2.87871599e-01 1.68410230e+00
    7.74041414e-02 1.68245673e+00 2.60302126e-01 6.50432050e-01
    1.71579504e+00 4.63252485e-01 -9.25953984e-02 1.43039739e+00
    -5.04949093e-01 7.03514278e-01 -1.47555023e-01 1.08129597e+00
    -1.23047382e-01 6.92482233e-01 7.60998249e-01 1.48478878e+00
    1.00490701e+00 -6.71373010e-02 1.60393476e-01 1.37116838e+00
    1.25013876e+00 6.89877272e-02 8.12372565e-01 1.11193216e+00
    1.13579321e+00 -9.48862433e-02 2.89418340e-01 1.39078140e+00
    -6.71667516e-01 -2.35540748e-01 -4.40544248e-01 1.42263782e+00
    1.16685736e+00 -4.19038832e-01 5.27030289e-01 1.37565732e+00
    4.07254398e-01 4.19698834e-01 7.67753303e-01 4.46611941e-01
    1.08006001e+00 1.06447673e+00 3.33087265e-01 1.31395984e+00
    -7.45233297e-02 1.19889855e+00 4.35448170e-01 -3.54952216e-02
    8.25412750e-01 -4.97594416e-01 1.73426938e+00 1.32126069e+00
    3.88315797e-01 1.53357720e+00 2.84878016e-01 1.48459089e+00
    1.08637786e+00 9.81428206e-01 -5.78053832e-01 1.36256313e+00
    9.35163021e-01 1.19018245e+00 -5.54439664e-01 1.70730948e-01
    6.16549850e-01 4.08432066e-01 3.64784479e-01 4.45936024e-01
    -6.36943281e-01 1.39206076e+00 7.03960419e-01 8.19771290e-02
    3.28418612e-01 1.12660408e+00 1.59538245e+00 -1.37874097e-01
    8.94152761e-01 3.41835916e-01 1.45307600e+00 3.47443283e-01
    1.26023698e+00 8.71954918e-01 1.02508950e+00 1.54289627e+00
    1.67903864e+00 1.42850637e-01 -2.98261493e-01 1.51015890e+00
    -5.50179720e-01 -4.38854665e-01 5.97496033e-01 4.56004739e-02
    -1.32840276e-02 7.67370045e-01 -2.00458884e-01 1.36950076e+00
    -5.35013974e-01 -1.50395870e-01 1.38066828e+00 8.68556976e-01
    1.42668366e+00 1.36389232e+00 -3.79967362e-01 -4.82872516e-01
    -7.70400763e-02 1.19335294e+00 3.06994617e-01 -5.89333475e-01
    2.94732928e-01 1.01469851e+00 8.87477994e-02 7.10719705e-01
    5.05453348e-03 8.67622256e-01 -2.02816039e-01 1.85651600e-01
    8.03713500e-01 4.29423869e-01 9.20254588e-01 -2.86548346e-01
    -6.49988234e-01 -2.45484710e-01 1.50958943e+00 -2.77312696e-01
    -4.76476908e-01 -1.27818823e-01 2.36389756e-01 4.05232668e-01
    -5.28232038e-01 7.32701719e-01 1.40959895e+00 1.86694980e-01
    1.26272440e-03 1.76828098e+00 3.42955470e-01 1.35173702e+00
    7.33398855e-01 1.17631137e-01 4.84340549e-01 5.71173847e-01
    1.59519339e+00 1.59748709e+00 4.11444962e-01 7.67750978e-01
    -5.39266646e-01 1.63615990e+00 1.34558415e+00 1.98463678e-01
    2.92558968e-01 -5.65830350e-01 2.99433887e-01 1.01599681e+00
    8.21614265e-03 4.78406549e-01 7.02587485e-01 1.07383227e+00
    1.63116825e+00 -5.74761868e-01 1.10836685e-01 1.48451138e+00
    1.63530338e+00 9.76480186e-01 -5.88414311e-01 -5.53247392e-01
    -1.25823021e-02 1.17225289e+00 -4.25428808e-01 -5.32660127e-01
    1.30124998e+00 9.91414309e-01 1.12220502e+00 8.24677944e-02
    1.50924361e+00 5.21638930e-01 5.84147751e-01 5.45640886e-01
    4.97312665e-01 4.08087671e-01 -5.61543345e-01 1.33979881e+00
    8.43027771e-01 9.69048798e-01 -6.20783091e-01 2.64112413e-01
    5.00273407e-01 1.22691011e+00 -4.50570673e-01 1.20654082e+00
    8.22559774e-01 9.20021534e-02 -1.96951210e-01 -3.88357192e-01
    8.92490745e-01 -4.25701737e-02 -2.26153672e-01 -3.64607573e-01
    7.91929483e-01 3.21934938e-01 1.21546578e+00 1.30719030e+00
    7.71334946e-01 1.15511250e+00 1.05277848e+00 1.09993768e+00
    3.99431884e-01 -2.00895905e-01 1.12295485e+00 7.40781963e-01
    -4.80608404e-01 1.29115725e+00 -2.30262727e-01 8.14394832e-01
    -3.49991381e-01 -3.35570574e-01 1.70580435e+00 -9.92191434e-02
    1.19978154e+00 4.65697885e-01 1.17690158e+00 -4.27363515e-02
    -4.20365065e-01 1.36767089e+00 4.72378075e-01 3.30221176e-01
    2.41520524e-01 1.50807047e+00 5.55008650e-01 1.49460554e+00
    -4.80250716e-01 1.98742270e-01 3.22902381e-01 1.44508290e+00
    9.08228338e-01 7.59317935e-01 2.68770218e-01 4.01938498e-01
    7.24645257e-01 1.50261235e+00 4.85019445e-01 2.32687294e-01
    5.67344069e-01 9.74857748e-01 2.34441400e-01 1.46970582e+00
    -3.96066010e-01 1.71901345e+00 -1.23127341e-01 1.66803265e+00
    -5.03832638e-01 4.43584979e-01 4.83407676e-01 -4.42588180e-01
    -4.86361265e-01 1.24155867e+00 1.52897406e+00 -7.79430866e-02
    -6.18250310e-01 -4.80201870e-01 -2.99021542e-01 7.78610647e-01
    9.44817722e-01 1.26957560e+00 4.25051451e-01 -2.16610014e-01
    -1.39622390e-01 -2.29827076e-01 1.24929357e+00 1.50293136e+00
    -2.80339390e-01 -3.44796091e-01 4.59615111e-01 -3.85684013e-01
    1.15691710e+00 5.68878829e-01 -5.62599897e-02 -3.67185473e-02
    5.36718667e-01 -4.13684577e-01 5.78837872e-01 1.14720404e-01
    1.21555746e-01 5.02349377e-01 -2.43577659e-01 4.02546048e-01
    -4.10587728e-01 1.81840956e-01 -4.47288752e-02 8.37850630e-01
    -3.70949388e-01 4.76902723e-01 1.15791440e+00 7.55988657e-01
    3.29030335e-01 1.11312842e+00 1.62174463e+00 -5.14236927e-01
    9.31114435e-01 1.02519751e-01 1.56530523e+00 1.16265178e-01
    -5.20891428e-01 1.45327330e-01 1.26732183e+00 1.60207331e-01
    1.09773397e+00 1.03719473e+00 -1.91923112e-01 2.40567327e-02
    -1.73755348e-01 -6.63520694e-01 1.40530324e+00 1.17931104e+00
    1.41115403e+00 -2.55146295e-01 1.49242997e+00 3.09531450e-01
    -5.95298171e-01 5.84219813e-01 9.17144299e-01 1.24344575e+00
    1.15345550e+00 3.73106539e-01 -1.56410515e-01 -4.23546314e-01
    1.49985790e+00 2.82847345e-01 -2.79009104e-01 -3.76814604e-02
    6.62159920e-01 -4.98229623e-01 6.53705478e-01 -1.38107389e-01
    9.22388732e-01 -6.36736751e-02 -7.84603953e-02 3.89413059e-01
    -3.93682718e-02 1.11433268e+00 9.24482882e-01 3.69765759e-02
    7.64694095e-01 1.30730247e+00 1.11291218e+00 2.51166224e-02
    2.31266797e-01 1.04360282e-01 -2.39953309e-01 6.67369902e-01
    9.69661057e-01 -1.88981593e-01 1.39820874e+00 1.60569882e+00
    1.63259101e+00 2.94619381e-01 1.29991221e+00 4.17659640e-01
    2.02044129e-01 9.23490465e-01 -3.25355530e-01 3.49626482e-01
    1.11199057e+00 1.72434402e+00 6.74065530e-01 1.44639754e+00
    -8.80823731e-02 3.61357749e-01 5.32144427e-01 9.74038482e-01
    1.16229820e+00 -6.77843750e-01 6.61009550e-01 8.52288187e-01
    1.21817899e+00 1.70324373e+00 3.53221178e-01 8.07519019e-01
    1.67812216e+00 -2.90056556e-01 1.12798357e+00 8.63176107e-01
    6.56318665e-01 7.57647932e-01 2.74768233e-01 1.19589233e+00
    5.80745876e-01 2.85841763e-01 9.05749023e-01 1.05991960e-02
    2.95113325e-01 3.24131966e-01 3.58609080e-01 -5.68218172e-01
    4.13772047e-01 1.09865236e+00 8.15159917e-01 -4.61806685e-01
    1.03353500e+00 -1.35487914e-02 3.39711428e-01 7.53221512e-01
    -7.68316388e-02 -4.53123987e-01 1.60490894e+00 -2.40988791e-01
    1.99241161e-01 1.23027861e-01 1.23008800e+00 -3.48777592e-01
    2.91336834e-01 3.19528580e-01 -6.38944626e-01 1.18536162e+00
    6.52888656e-01 5.46931624e-02 9.66382861e-01 9.45064127e-01
    1.17888474e+00 7.48049140e-01 -5.12512684e-01 7.81817436e-02
    -4.32065070e-01 8.57018888e-01 -1.81980491e-01 -3.26002181e-01
    6.16139770e-02 6.52519822e-01 -6.37902617e-01 4.01587963e-01
    7.76334882e-01 -3.82871062e-01 -1.97867155e-02 -5.60633421e-01
    5.58811903e-01 5.73174655e-01 1.28891945e+00 8.39154840e-01
    1.44906902e+00 4.67996240e-01 1.47041893e+00 3.87246966e-01
    -1.70915604e-01 2.87912548e-01 1.69019794e+00 -3.85769308e-01
    8.61248016e-01 4.93280292e-01 9.49385643e-01 1.29919684e+00
    1.27695739e+00 1.52213824e+00 1.57816970e+00 1.59228849e+00
    -6.18296802e-01 -6.79769158e-01 -4.41636860e-01 8.60167742e-01
    1.16227031e+00 1.30828738e-01 3.56430352e-01 1.67430270e+00
    -6.34735942e-01 1.36485577e+00 8.00152063e-01 -5.55959582e-01
    1.18548822e+00 5.70917070e-01 -3.13520998e-01 -2.26446629e-01
    -3.41171592e-01 -5.39397836e-01 4.90036368e-01 1.73601508e-02
    -5.98770738e-01 8.47598732e-01 1.79010510e-01 7.14381099e-01
    9.79207575e-01 -6.61268234e-02 -2.08739251e-01 1.38409150e+00
    -2.09534556e-01 1.22312331e+00 1.22392368e+00 6.22169495e-01
    -2.02029407e-01 8.55543613e-02 2.32409000e-01 1.19466925e+00
    1.41714430e+00 2.74969935e-02 5.96192360e-01 1.15944028e-01
    -5.73642612e-01 2.51942396e-01 7.49320984e-02 8.06469917e-01
    9.44497645e-01 3.17241311e-01 7.41149247e-01 3.79306495e-01
    1.44867420e+00 -3.78735662e-01 1.08932042e+00 8.80969763e-02
    -4.54693615e-01 -1.42268449e-01 1.34726572e+00 7.32394516e-01
    3.81571412e-01 1.64803326e-01 -1.97020680e-01 8.20504308e-01
    1.51577091e+00 9.89716411e-01 6.06964767e-01 -5.67451119e-01
    1.97398663e-02 1.60449457e+00 -3.85438323e-01 1.49163866e+00
    1.04074240e+00 -1.73126042e-01 1.08162344e-01 5.49567282e-01
    7.64932632e-02 -6.54414356e-01 2.51042902e-01 1.60127831e+00
    8.62789750e-01 3.79752457e-01 1.16546369e+00 4.48180318e-01
    -4.71105158e-01 -9.86922085e-02 1.18669271e+00 1.53393388e-01
    2.84954429e-01 1.33514643e+00 1.49507189e+00 1.33593273e+00
    7.96735168e-01 5.48697472e-01 8.74152482e-01 -3.61792803e-01
    1.58129835e+00 -3.66512537e-02 8.93844008e-01 4.94404674e-01
    5.19162595e-01 6.08747840e-01 -6.45381927e-01 -3.18383336e-01
    1.13023615e+00 1.47839236e+00 -3.91292989e-01 -5.43282866e-01
    2.98683405e-01 1.50915146e-01 7.72701859e-01 7.60988653e-01
    5.11984229e-02 -5.07009625e-02 -4.25983489e-01 1.16334665e+00
    -6.10771954e-01 1.36495471e+00 1.29314160e+00 1.48093534e+00
    1.34317660e+00 -3.92990977e-01 5.07104993e-02 1.16345525e-01
    -1.81601316e-01 -4.45618719e-01 -3.49894971e-01 2.98926592e-01
    1.20583344e+00 1.24883890e+00 -5.03498316e-02 1.46781492e+00
    -2.93244749e-01 -1.01429820e-02 -2.90780813e-01 1.43117476e+00
    2.78065324e-01 5.65062165e-02 -1.47711277e-01 9.50379610e-01
    -3.96532953e-01 6.45596802e-01 -5.64711094e-02 1.17982244e+00
    3.46266210e-01 9.56513405e-01 -5.29743552e-01 -2.14561880e-01
    1.01539111e+00 8.93354416e-01 -4.83372569e-01 1.42048097e+00
    2.45308995e-01 -2.38946766e-01 -2.76992023e-01 -1.02242410e-01
    1.49219239e+00 3.85880530e-01 2.43105829e-01 7.97053933e-01
    5.37055552e-01 -6.62927747e-01 -1.25393987e-01 4.00668681e-01
    1.09547293e+00 9.54280853e-01 -3.41310233e-01 4.88886893e-01
    1.37673283e+00 -4.47012961e-01 -5.66918015e-01 -2.13391840e-01
    1.45209372e+00 5.31224012e-02 6.59887493e-01 1.12499619e+00
    5.32264531e-01 7.97821224e-01 3.97247434e-01 2.10662067e-01
    -7.02273846e-02 8.56131971e-01 1.14160156e+00 -1.25515252e-01
    -1.83316112e-01 6.38463855e-01 5.19431591e-01 1.03539717e+00
    8.61400962e-01 -2.90047824e-01 -1.89943314e-02 1.33271801e+00
    -2.04790711e-01 6.30924940e-01 1.53734374e+00 -4.46905315e-01
    1.09379148e+00 -6.64049864e-01 -6.82109594e-01 3.97486210e-01
    1.23426890e+00 6.22906268e-01 8.89325738e-02 -7.26667523e-01
    -4.68791842e-01 8.83524537e-01 5.24654329e-01 6.43436313e-02
    5.66462100e-01 1.60382891e+00 8.26760769e-01 1.29501903e+00
    -4.70488995e-01 -6.61462903e-01 1.37775755e+00 8.63714159e-01
    -3.80104929e-01 4.78816450e-01 7.86929846e-01 -3.73697549e-01
    -4.34107780e-02 1.07306290e+00 1.23634005e+00 1.34044266e+00
    9.15989101e-01 1.28729761e+00 -4.09542918e-01 6.78846776e-01
    -1.37307048e-02 1.19880486e+00 1.37708068e-01 1.08370352e+00
    1.05652976e+00 8.69433761e-01 1.28512049e+00 -6.29982471e-01
    1.53264761e+00 1.26187682e+00 3.81654501e-02 -4.89983916e-01
    8.56777966e-01 -5.79025269e-01 1.12623978e+00 1.22289503e+00
    5.45708418e-01 7.10382700e-01 1.48975873e+00 5.04422247e-01
    4.69733357e-01 -3.70341837e-01 6.94207549e-02 -5.68712473e-01
    -5.46841860e-01 6.88136458e-01 8.13117683e-01 -3.05239469e-01
    7.61002541e-01 -7.40583599e-01 8.28552842e-01 -1.53330743e-01
    -3.69309634e-01 1.81002855e-01 9.91133630e-01 9.26139951e-01
    1.02005208e+00 -8.47938299e-01 4.88384783e-01 -1.90737069e-01
    -2.77090847e-01 8.21680129e-01 -3.32093477e-01 -2.22703874e-01
    1.15406740e+00 -6.22807741e-02 6.85824156e-01 1.35662639e+00
    1.23666453e+00 1.66888905e+00 9.95793283e-01 3.27088892e-01
    -6.23527527e-01 1.32032681e+00 -1.30669415e-01 9.48978841e-01
    -2.09608912e-01 8.06145370e-01 6.60372257e-01 7.69852579e-01
    1.49216104e+00 -7.12066174e-01 8.71820152e-01 1.62983394e+00
    -6.39003158e-01 9.22389328e-01 1.04191685e+00 7.59180963e-01
    5.45204222e-01 -1.40592158e-01 8.16273153e-01 5.79332113e-01
    1.10064209e+00 2.51734257e-02 -8.06344748e-02 1.20731330e+00
    1.07147121e+00 -4.91543949e-01 1.58884239e+00 -2.64297545e-01
    8.20597410e-02 3.06124628e-01 -2.75021583e-01 1.66832387e-01
    7.89022803e-01 -5.04813433e-01 1.32262087e+00 -5.50730467e-01
    -7.53195286e-02 1.74620199e+00 1.37436152e-01 1.04924369e+00
    4.90352511e-01 1.41221762e+00 -3.33020687e-02 4.50402558e-01
    9.61502314e-01 3.47015262e-01 2.48961926e-01 1.19998384e+00
    -3.25006843e-01 5.26368558e-01 3.47133696e-01 1.59278369e+00
    -6.31919205e-01 1.88838840e-01 6.65725231e-01 1.39647245e+00
    1.10669327e+00 7.55113900e-01 -6.63722932e-01 8.35157633e-02
    1.70366406e+00 1.76766813e-01 1.23843431e-01 1.37218118e-01
    6.17442369e-01 1.11380672e+00 1.59198892e+00 -8.92950296e-02
    5.11021495e-01 1.88250482e-01 1.03703213e+00 9.68437731e-01
    8.33057046e-01 8.66657853e-01 -4.18039411e-01 5.05001605e-01
    -1.93159938e-01 1.55627966e+00 -1.98829234e-01 9.26116467e-01
    2.04084337e-01 -3.09556007e-01 -1.43459976e-01 1.28933406e+00
    2.63697267e-01 2.88018942e-01 -3.11854988e-01 1.64774442e+00
    1.13424087e+00 -3.24219286e-01 -4.34128046e-01 1.58821130e+00
    1.22380590e+00 -5.78141272e-01 1.13561797e+00 1.48040056e-01
    5.04376948e-01 2.98098922e-02 4.05145288e-02 8.19900215e-01
    -2.34958857e-01 1.33388150e+00 1.10198593e+00 1.56488240e+00
    1.14658308e+00 1.51552200e+00 1.50052834e+00 9.41240668e-01
    1.05480194e+00 1.31638598e+00 2.55096674e-01 -5.11480868e-01
    7.61647224e-01 8.20817649e-01 1.05128503e+00 3.52882445e-01
    7.31875658e-01 -2.60644943e-01 3.64405990e-01 1.11512387e+00
    -6.05264544e-01 3.17324579e-01 7.86261559e-02 1.43115509e+00
    1.04997599e+00 -3.74613494e-01 -6.14365339e-01 1.30373549e+00
    4.81462121e-01 2.33583868e-01 2.87721157e-01 1.13099301e+00
    -2.53807276e-01 -2.97851264e-01 4.06805634e-01 6.10707343e-01
    1.25622809e+00 -4.03637618e-01 1.21453261e+00 5.80377042e-01
    7.17451572e-02 4.08378720e-01 1.66159809e-01 -5.89721918e-01
    8.50702167e-01 1.22283435e+00 -3.29464376e-01 1.34305310e+00
    1.03891063e+00 4.68123615e-01 1.35943651e+00 6.97877228e-01
    1.45004272e+00 1.26998568e+00 -1.00398064e-03 1.92662179e-01
    1.06439650e-01 -4.18502092e-02 2.03287959e-01 1.50603056e-02
    2.02943623e-01 -4.00132537e-02 8.61178100e-01 -2.50359774e-01
    8.78048539e-01 -4.76496816e-01 1.20394373e+00 3.37847888e-01
    -1.22484624e-01 2.04209685e-02 8.50157440e-01 1.53016984e-01
    4.75809693e-01 1.51013756e+00 8.01938772e-01 8.45439374e-01
    1.37249362e+00 3.46849740e-01 -3.01283598e-01 -1.35636628e-01
    2.89488614e-01 1.69155931e+00 -2.17233777e-01 -1.39010489e-01
    -5.25690258e-01 -6.14874482e-01 5.74150562e-01 3.09245110e-01
    6.33146703e-01 1.59737992e+00 1.05790305e+00 3.26133668e-01
    -2.09371507e-01 1.18441653e+00 1.56200767e-01 1.52125299e+00
    2.71689415e-01 3.76422763e-01 1.17669249e+00 1.10270524e+00
    7.10851490e-01 1.63081861e+00 1.29096627e+00 9.48667586e-01
    1.14855182e+00 -5.32128572e-01 1.17104948e+00 1.61135089e+00
    -6.80418253e-01 1.07217908e+00 1.62117708e+00 1.18939018e+00
    -1.24775231e-01 6.03744447e-01 -4.45209116e-01 1.47164035e+00
    -5.85997105e-03 8.01625848e-02 3.81218851e-01 6.54014766e-01
    -4.26589310e-01 -8.17179263e-01 6.69016838e-02 1.35249877e+00
    1.41374564e+00 1.59997749e+00 6.35818362e-01 1.21208739e+00
    6.86323583e-01 1.35717273e+00 1.42780709e+00 -1.33335531e-01
    -3.15172851e-01 8.32962394e-01 6.30301833e-01 1.01913023e+00
    6.69393420e-01 6.97675884e-01 1.12822032e+00 5.71707606e-01
    1.10720921e+00 -9.91307497e-02 8.26473832e-02 1.37839592e+00
    -3.57297927e-01 8.05635870e-01 1.35082841e-01 1.41168630e+00
    -5.87270200e-01 5.58004856e-01 -7.27359653e-02 8.16610694e-01
    9.78726804e-01 6.06533289e-02 1.42230952e+00 -1.52790427e-01
    -5.59343100e-01 1.39016271e+00 2.45748162e-01 4.90395129e-01
    1.51755548e+00 -6.29168272e-01 -2.95334756e-01 1.50498414e+00
    3.13938141e-01 -2.87437260e-01 1.54366553e-01 3.13201368e-01
    4.81815815e-01 -2.89170772e-01 1.34444892e+00 -1.16884291e-01
    6.54180229e-01 -4.40971404e-01 1.24636674e+00 1.40592504e+00
    7.95699120e-01 1.26717162e+00 1.04592919e+00 6.16092503e-01
    1.38514018e+00 1.65659130e-01 1.04738641e+00 1.20978653e+00
    2.22928226e-01 1.35453057e+00 1.05679512e+00 -5.04464269e-01
    1.06093478e+00 6.80706680e-01 6.71602011e-01 -2.91162074e-01
    1.27864742e+00 -1.54480368e-01 -3.00074846e-01 1.25705135e+00
    -6.17046893e-01 1.06090379e+00 -6.62685335e-01 -3.61008972e-01
    1.30888140e+00 3.31383049e-01 -5.83496749e-01 -5.20322919e-02
    1.49773049e+00 1.09807730e+00 -7.59334564e-02 -2.27188826e-01
    1.62654305e+00 1.17927837e+00 4.49391305e-01 8.28717828e-01
    9.81078327e-01 1.28818560e+00 4.77233052e-01 1.05323136e-01
    3.19138646e-01 4.58410084e-01 8.15555692e-01 -6.90957248e-01
    3.77840281e-01 4.24490631e-01 -2.63873816e-01 -2.68018156e-01
    3.49630952e-01 3.28228354e-01 -5.71607947e-01 1.38549685e+00
    -1.74303651e-02 1.26121068e+00 -6.29342914e-01 1.14991629e+00
    1.67050338e+00 1.49190164e+00 1.20091748e+00 5.19032836e-01
    8.89354348e-01 2.85498440e-01 5.19005716e-01 7.34869480e-01
    -2.05380291e-01 7.78300405e-01 7.64107764e-01 1.46887434e+00
    -1.94506556e-01 -3.90175343e-01 1.27747345e+00 -4.70498264e-01
    3.41900647e-01 2.78221369e-01 1.42632782e+00 9.84493196e-01
    -6.90666258e-01 1.40680110e+00 2.81708777e-01 -1.37969851e-02
    3.97369683e-01 8.92198682e-02 1.95454955e-01 1.45823669e+00
    -6.33980632e-01 -1.94006264e-01 2.87597895e-01 -6.88231587e-02
    -1.25541300e-01 3.12458456e-01 -4.97205675e-01 1.80084801e+00
    1.40137517e+00 4.32109833e-02 1.35366011e+00 6.49458587e-01
    1.11723530e+00 5.37998617e-01 8.56841743e-01 -2.02108532e-01
    -3.74437928e-01 5.33155382e-01 8.57866108e-01 6.09328210e-01
    1.32685423e-01 6.02354407e-02 1.48798108e+00 -2.13547945e-02
    -6.44061327e-01 1.32026863e+00 7.94750810e-01 5.12498617e-02
    -2.86264420e-02 3.71127963e-01 -5.52560866e-01 1.60469198e+00
    1.51978731e+00 -2.53272235e-01 1.89345360e-01 1.28064799e+00
    7.47204483e-01 8.08882713e-02 1.02803016e+00 1.51823044e-01
    -2.18665898e-01 9.71875429e-01 -2.74129629e-01 1.16439188e+00
    8.42223942e-01 -1.00753486e-01 4.48892772e-01 4.46273386e-01
    6.75736129e-01 -5.33247590e-02 7.67730951e-01 1.15843177e-01
    3.31527591e-02 7.27588952e-01 -1.74421906e-01 -2.52618790e-01
    -1.14684343e-01 1.60625505e+00 -5.98398447e-02 -6.42702043e-01
    4.83225584e-01 6.52168036e-01 -1.08044684e-01 1.39030361e+00
    6.82502925e-01 4.59964633e-01 8.70613277e-01 3.79714549e-01
    1.22545099e+00 1.41616821e+00 2.81181514e-01 2.96864986e-01
    3.29291761e-01 7.45443404e-01 -1.45370305e-01 6.96260095e-01
    1.80448604e+00 1.56768847e+00 1.46550298e-01 1.50365198e+00
    1.53919029e+00 8.46400321e-01 5.99199653e-01 1.31554830e+00
    2.38185942e-01 1.30034399e+00 1.26455379e+00 -3.67382288e-01
    5.71337461e-01 1.29432797e+00 2.80107737e-01 -7.47061849e-01
    5.78042924e-01 8.70098412e-01 -9.44255590e-02 -1.56944692e-01
    1.14360094e-01 1.20886731e+00 4.55875397e-02 -1.41099632e-01
    6.99579120e-02 -1.30664110e-02 1.27755141e+00 1.39427185e+00
    8.10197949e-01 9.68656301e-01 -6.84138000e-01 1.03434968e+00
    5.14607191e-01 -3.20994526e-01 -5.08480489e-01 3.84852886e-02
    8.21471751e-01 -1.74179435e-01 1.21358752e+00 4.56434309e-01
    4.45394576e-01 3.22304428e-01 1.10589302e+00 8.66399229e-01
    2.85781026e-01 -3.48140717e-01 1.63238597e+00 -5.27442992e-01
    8.75136495e-01 -1.25957787e-01 -2.44537532e-01 7.85089493e-01
    1.28675270e+00 5.12559652e-01 -1.45128310e-01 1.75980258e+00
    3.64913106e-01 -3.47994179e-01 1.06788039e+00 -1.01577342e-01
    2.28407800e-01 1.31115723e+00 1.61237288e+00 1.22608519e+00
    -1.34813905e-01 1.18233943e+00 1.08632267e-01 -5.17027855e-01
    2.87254453e-01 -6.76134169e-01 1.58162618e+00 9.83499289e-02
    8.91994238e-01 1.45079005e+00 -6.65772676e-01 1.42130327e+00
    9.34064686e-01 3.23511541e-01 6.60830319e-01 3.22157621e-01
    7.27264524e-01 -3.21460754e-01 4.88792002e-01 1.28178942e+00
    2.11525619e-01 -3.56264740e-01 2.30412185e-01 1.00997829e+00
    -1.85500383e-01 6.30479932e-01 1.42328143e-02 3.66362870e-01
    6.54183090e-01 1.45169687e+00 -5.24985790e-01 -1.89504892e-01
    -4.08687592e-01 6.03432059e-02 1.50622618e+00 -2.39391416e-01
    -4.97915059e-01 -4.20867234e-01 3.47746730e-01 4.36255157e-01
    1.46251976e+00 1.09738111e-02 1.13969374e+00 1.28686059e+00
    -3.64197522e-01 -1.56852067e-01 9.10393894e-01 1.51481330e-01
    1.58126760e+00 1.65060902e+00 -3.75260651e-01 -1.50030851e-02
    5.31183958e-01 8.51586401e-01 6.83549225e-01 1.33030307e+00
    1.67117906e+00 -1.58594072e-01 8.33196163e-01 8.43633652e-01
    -9.38785672e-02 6.09112918e-01 2.53165960e-01 1.41391599e+00
    1.27345848e+00 1.67165470e+00 -4.76894647e-01 3.30029130e-01
    -2.75076628e-01 8.62678289e-02 -5.37587404e-01 1.72052276e+00
    -2.74901360e-01 -3.00294012e-01 1.61435294e+00 1.26374340e+00
    1.02600050e+00 -1.03360653e-01 -4.22868341e-01 6.61576867e-01
    -1.87834144e-01 1.22062802e-01 4.74256277e-02 -1.48051143e-01
    1.23736858e+00 -5.67310989e-01 1.48721945e+00 1.68282151e-01
    5.20128965e-01 -8.15830112e-01 1.40066433e+00 -1.89392805e-01
    1.70059001e+00 -3.14500242e-01 1.60683084e+00 2.32484937e-02
    8.07372868e-01 1.57565451e+00 6.55661047e-01 1.62726688e+00
    8.79826307e-01 4.01203930e-01 -5.70091546e-01 5.10973930e-01
    9.26483095e-01 5.21333158e-01 1.14532769e+00 -5.52437484e-01
    2.85513282e-01 3.49092484e-01 -4.65114862e-01 1.71826911e+00
    8.32366586e-01 2.15266824e-01 -7.07495213e-03 4.32938516e-01
    1.12860668e+00 1.34255159e+00 -3.35345149e-01 1.16862798e+00
    1.19873571e+00 1.62902284e+00 -3.62056881e-01 1.44526088e+00
    -1.64862692e-01 -6.02867126e-01 1.13881946e+00 3.08967471e-01
    -6.45107746e-01 1.69341445e+00 -2.33616233e-02 4.70248044e-01
    7.80909538e-01 1.15110159e+00 1.69791365e+00 1.44713628e+00
    6.57851696e-01 1.11121416e+00 1.53819752e+00 -6.06518209e-01
    1.26018906e+00 1.01783860e+00 6.57588542e-01 3.85811806e-01
    -5.10444939e-01 3.29196095e-01 1.02532566e+00 5.36773384e-01
    9.01701987e-01 -6.46846116e-01 7.28757560e-01 9.36154664e-01
    1.32699466e+00 1.31669188e+00 -6.13028109e-01 1.36720872e+00
    1.74630105e-01 1.34870005e+00 1.06371999e+00 1.34376824e+00
    -9.16361809e-02 -5.92973173e-01 4.58328068e-01 7.14206398e-01
    8.55327070e-01 9.77218747e-01 1.79431438e-02 9.92055535e-02
    7.04270363e-01 -6.17790222e-03 5.01730382e-01 -3.53211552e-01
    1.01755738e+00 1.43349874e+00 6.80755913e-01 1.38781881e+00
    6.47920668e-01 6.05989397e-01 -4.71258163e-03 6.41879320e-01
    -5.58001161e-01 7.51864552e-01 1.58770967e+00 -5.00924945e-01
    -1.79842532e-01 1.63409352e+00 1.58063710e+00 1.13142741e+00
    1.73913836e+00 -4.64496732e-01 -2.75885493e-01 -1.00025058e-01
    1.62338710e+00 1.65594947e+00 -5.11006236e-01 1.12580562e+00
    7.08450198e-01 9.06601608e-01 -4.18190956e-02 5.11490107e-02
    9.74366188e-01 6.34277284e-01 1.44759607e+00 2.41849124e-01
    7.10067987e-01 4.74842370e-01 -5.74220300e-01 9.91357744e-01
    5.60303628e-01 -4.16998059e-01 -7.37248480e-01 8.79162550e-02
    4.00624871e-01 8.23085845e-01 -3.09538841e-03 -2.69862413e-02
    1.10341549e+00 -6.23296440e-01 2.61909306e-01 -1.88210607e-02
    7.66191125e-01 -1.98862731e-01 1.24638700e+00 1.25794888e-01
    -4.42225695e-01 2.19236612e-01 1.75064433e+00 1.22293258e+00
    4.85981703e-02 -5.71409643e-01 1.50851262e+00 1.02660656e+00
    -3.34816456e-01 1.45613933e+00 1.31265163e+00 4.87039566e-01
    9.99875426e-01 7.48048782e-01 1.58882928e+00 2.16603279e-03
    -4.96838301e-01 3.40733409e-01 1.21157432e+00 1.12980127e+00
    4.40819681e-01 9.51137841e-01 8.95522475e-01 -5.44900537e-01
    1.10244417e+00 9.45385396e-01 -4.14835602e-01 1.01929474e+00
    1.47805786e+00 1.40123785e+00 -1.76421404e-02 3.15695286e-01
    -6.70459270e-01 1.29977608e+00 1.62527180e+00 1.38275552e+00
    1.40536880e+00 2.23396778e-01 -2.75144011e-01 8.50032926e-01
    -4.00309384e-01 1.25265479e+00 1.43399072e+00 -5.56637645e-02
    1.22124171e+00 1.27682161e+00 1.50580025e+00 -3.16631705e-01
    -6.23514652e-01 8.49955320e-01 3.90777111e-01 1.19610929e+00
    -2.67903090e-01 1.50239635e+00 1.51440597e+00 1.37017584e+00
    3.35367501e-01 1.20129347e-01 -1.05726540e-01 7.20700085e-01
    1.65753245e+00 4.57837880e-01 -6.91711068e-01 1.58771896e+00
    7.46498942e-01 8.82280171e-01 -3.18655580e-01 -4.48064208e-02
    3.59414577e-01 3.27745974e-01 1.21627307e+00 5.94726861e-01
    -4.53707606e-01 1.04798150e+00 -3.61691236e-01 8.56500089e-01
    -1.91834271e-01 6.79819107e-01 6.93484128e-01 -2.21110165e-01
    -4.85038191e-01 -4.16432530e-01 2.06584692e-01 9.94613230e-01
    4.94417667e-01 -2.52375543e-01 1.62193596e-01 1.15753388e+00
    1.06564403e+00 -7.48364925e-01 1.20540142e+00 8.90078604e-01
    4.10248280e-01 4.71836865e-01 1.22926760e+00 -3.41712087e-01
    -5.55718124e-01 6.36904240e-02 1.52712584e+00 -9.94622707e-04
    1.57327342e+00 9.66388762e-01 1.35814214e+00 -3.40974689e-01
    4.15173769e-01 1.65678239e+00 7.78400660e-01 9.42443967e-01
    1.00205827e+00 1.81636572e-01 1.48475862e+00 2.27738142e-01
    2.40426362e-01 1.38779843e+00 9.28648949e-01 1.06385660e+00
    3.90501142e-01 -5.87436140e-01 -5.82754493e-01 7.93842494e-01
    2.30127513e-01 1.32199073e+00 2.25564301e-01 -5.00340760e-01
    1.47596598e-02 1.38509941e+00 6.22239709e-02 -2.39956141e-01
    3.63810062e-02 1.37860370e+00 1.16983533e+00 -5.83798945e-01
    -7.05873013e-01 5.73991477e-01 1.67378426e+00 -4.36269492e-01
    8.51297319e-01 -6.38326108e-01 1.61823034e+00 -6.65059507e-01
    1.35426354e+00 -2.48337477e-01 4.28426385e-01 5.03151178e-01
    9.39911306e-02 1.78290665e-01 1.39938498e+00 -4.50044185e-01
    -3.54681551e-01 1.01286435e+00 -5.57353914e-01 1.12209010e+00
    -1.78146362e-02 -3.94082934e-01 -5.19122005e-01 3.88841867e-01
    1.30064678e+00 -5.90696931e-02 7.83376515e-01 -9.04569030e-02
    2.56841242e-01 1.38265896e+00 -5.30098617e-01 -5.15647709e-01
    6.19115829e-01 -2.68333733e-01 -5.12194693e-01 -3.74368429e-01
    8.59075725e-01 1.44769692e+00 1.20688403e+00 1.51743186e+00
    9.46319818e-01 1.48431551e+00 1.50538754e+00 1.61975598e+00
    9.20516193e-01 7.08460927e-01 -2.14846075e-01 -8.41146708e-02
    2.83745706e-01 4.96825218e-01 1.56046557e+00 4.24871087e-01
    1.30507445e+00 7.43538260e-01 -1.43338680e-01 -2.83486068e-01
    1.06494927e+00 4.78089154e-01 7.04724669e-01 1.99427843e-01
    -6.35825992e-01 1.52603281e+00 6.79050088e-01 -2.29224443e-01
    -5.03796339e-02 1.60831213e-01 4.82450306e-01 1.17992377e+00
    -4.84802604e-01 -1.09051883e-01 1.12946129e+00 1.70261836e+00
    1.44644356e+00 -4.63098288e-01 7.05637336e-01 4.26520944e-01
    3.39913070e-01 7.54810452e-01 1.28071189e-01 7.94023037e-01
    -5.45691729e-01 -2.95332134e-01 1.66244662e+00 6.71216190e-01
    1.42806721e+00 -4.85330850e-01 -6.59281373e-01 -3.24722677e-01
    6.11585140e-01 6.87722027e-01 3.23980331e-01 1.53382468e+00
    -4.82542932e-01 -3.89830619e-01 -5.00398278e-01 -2.22878158e-01
    -7.44162440e-01 3.79929721e-01 3.65472794e-01 -3.46238822e-01
    -1.27932429e-02 1.33473110e+00 6.04047954e-01 5.56713343e-01
    6.85571790e-01 4.37565923e-01 1.26659036e+00 1.58339667e+00
    6.23752534e-01 7.89114237e-01 6.91855550e-01 3.82630646e-01
    -6.03213310e-01 2.78829873e-01 7.61707902e-01 6.59975410e-02
    1.30067122e+00 1.06374431e+00 -3.91879678e-01 1.26328802e+00
    -3.26159239e-01 1.39725363e+00 3.62930477e-01 -8.36133957e-04
    1.26975846e+00 1.50606680e+00 -4.68967974e-01 1.02626443e+00
    1.34364903e-01 1.03085876e-01 1.26106346e+00 1.44432926e+00
    1.02644980e+00 7.16891944e-01 4.95876014e-01 1.60176373e+00
    6.12605393e-01 7.48873949e-02 -6.17923558e-01 5.83975315e-02
    1.05219889e+00 1.57389569e+00 -5.72399378e-01 7.54746258e-01
    8.41915607e-01 1.22894526e+00 -7.54441142e-01 -5.53795338e-01
    5.45208514e-01 -2.83953637e-01 1.07755315e+00 8.59969854e-03
    6.80150628e-01 1.37736022e+00 -4.64911997e-01 1.28508794e+00
    5.59834540e-01 1.30055809e+00 3.16082418e-01 1.53940952e+00
    1.34292614e+00 1.64535809e+00 1.37433219e+00 1.60588026e-02
    7.50013828e-01 -4.52393770e-01 -8.18635404e-01 6.78339660e-01
    1.51338577e+00 -1.32901073e-01 1.18310094e+00 2.46062338e-01
    1.14053071e-01 -1.19857252e-01 -6.99752450e-01 2.58189440e-03
    1.18292928e+00 1.13566256e+00 8.76955271e-01 -4.66013551e-02
    -2.67428875e-01 1.68205953e+00 1.89070165e-01 -3.08932841e-01
    1.73626781e-01 5.31620920e-01 -4.16420400e-01 3.44499469e-01
    -3.37922454e-01 2.38420963e-02 -2.31833905e-01 6.36541843e-02
    7.02322543e-01 -8.11756253e-02 3.64626288e-01 -4.93543476e-01
    -3.67866635e-01 3.20197642e-01 -4.58711296e-01 -5.96505523e-01
    1.31859708e+00 1.21427894e+00 1.56781769e+00 -7.62119412e-01
    1.45104468e-01 1.63141906e+00 9.90452349e-01 -5.25337875e-01
    7.32235730e-01 1.62028909e+00 1.47284567e-01 1.13457108e+00
    1.14392817e-01 5.20997226e-01 1.34475362e+00 -6.71330929e-01
    1.59608877e+00 7.17710257e-02 1.52714837e+00 -5.97705960e-01
    6.27321124e-01 1.35189116e-01 -2.83903033e-01 6.31459236e-01
    -4.03931558e-01 1.15567148e+00 8.40247929e-01 1.54060733e+00
    -6.32292390e-01 7.56349683e-01 2.12601185e-01 9.12217319e-01
    -2.67441273e-02 3.48322272e-01 1.39060283e+00 -6.13320470e-01
    1.49477172e+00 1.13648987e+00 1.49339223e+00 1.51978016e+00
    8.06046724e-01 -1.60069883e-01 -6.27940118e-01 7.63567626e-01
    1.51031137e+00 5.82190990e-01 5.02549112e-01 1.31342196e+00
    -1.41808778e-01 1.44108713e-01 1.73271239e-01 -4.02188450e-01
    -4.69205141e-01 -1.63523197e-01 1.30872893e+00 -5.23567557e-01
    1.42611647e+00 1.48574698e+00 -1.83692873e-01 5.35917938e-01
    -5.83622217e-01 7.10564256e-02 1.31185794e+00 -5.21123648e-01
    4.76582944e-01 1.72208357e+00 1.44959033e-01 -5.21644652e-01
    2.36592472e-01 -1.55963957e-01 -1.98199928e-01 -1.52121603e-01
    -4.53307241e-01 1.02482319e+00 5.22656560e-01 -5.66028237e-01
    -4.76577282e-02 7.98181176e-01 -2.48519450e-01 1.66170335e+00
    -2.28720546e-01 -6.92018807e-01 1.46472967e+00 7.34305024e-01
    2.03259647e-01 -2.65436560e-01 5.85465431e-02 8.30036283e-01
    -2.25407571e-01 1.14767861e+00 5.71800411e-01 1.85921192e-02
    7.92651832e-01 2.25575328e-01 5.89066744e-03 -7.22001493e-01
    8.29212427e-01 1.48903775e+00 -1.85631692e-01 1.17917585e+00
    8.08814228e-01 1.51688194e+00 1.62479162e+00 1.17654228e+00
    8.87870729e-01 -4.60743725e-01 -5.41741550e-01 1.56012380e+00
    -3.84770423e-01 3.99293303e-02 2.22858369e-01 1.57776773e-01
    7.09925652e-01 -1.59214973e-01 -3.08751971e-01 -4.46062237e-01
    -3.38756442e-01 1.52876687e+00 -3.99088085e-01 1.38870645e+00
    1.16488814e+00 3.18874359e-01 -4.18637425e-01 -2.37071425e-01
    1.36496162e+00 2.05929875e-01 9.58783031e-02 1.13446689e+00
    4.28140998e-01 1.09814548e+00 1.28318810e+00 -4.48605567e-01
    5.89060843e-01 5.05157709e-01 1.62174690e+00 6.82416737e-01
    9.00479019e-01 8.04047406e-01 3.96503866e-01 7.66830027e-01
    -6.47505343e-01 -6.40907884e-01 -1.00127935e-01 1.13216603e+00
    -3.75248790e-01 1.42718458e+00 -6.06562793e-01 2.52387464e-01
    9.57312465e-01 -5.68939805e-01 8.66891265e-01 3.67273808e-01
    1.51821399e+00 5.49265146e-01 1.29944551e+00 -1.14370346e-01
    1.20612764e+00 1.52292013e+00 1.72448575e-01 9.77009118e-01
    -2.99737811e-01 7.67170608e-01 1.52745926e+00 -3.48688036e-01
    1.49756122e+00 1.59443319e+00 1.57764804e+00 5.07372737e-01
    1.62497663e+00 1.52949333e-01 1.16189110e+00 -1.63440704e-01
    7.24276006e-01 -5.68881750e-01 -4.70122248e-01 1.72096646e+00
    3.46409380e-01 -1.75117850e-01 5.34159303e-01 9.98608649e-01
    1.75794303e-01 2.64185488e-01 4.51018274e-01 9.86944139e-01
    7.17566788e-01 3.00249755e-01 1.55585086e+00 -9.56296921e-04
    9.12056684e-01 1.52383447e-01 8.13747823e-01 8.74338210e-01
    1.45710409e-01 1.66043997e-01 7.37098098e-01 8.98297250e-01
    5.90351403e-01 2.23177671e-03 1.66791797e-01 1.14546776e+00
    -6.44837499e-01 -3.35073262e-01 9.15056109e-01 2.97667623e-01</data></my_img>
<your_img type_id="opencv-matrix">
  <rows>128</rows>
  <cols>256</cols>
  <dt>f</dt>
  <data>
    7.02869892e-03 1.40534222e-01 -6.16434455e-01 -5.00048578e-01
    -2.36806870e-01 1.49367332e-01 -7.39031792e-01 -2.16908932e-01
    -7.33515263e-01 -4.77644622e-01 -4.18269277e-01 -6.39941216e-01
    -2.96327680e-01 -5.18224955e-01 1.42055213e-01 -2.61374354e-01
    -9.87790227e-02 1.63387358e-01 1.02399766e-01 -8.45832825e-02
    -5.71349859e-01 -2.65218735e-01 1.65188313e-02 -2.09387541e-02
    1.18068457e-02 -2.25783199e-01 1.25406444e-01 -8.21686983e-02
    -2.58011401e-01 -3.64459276e-01 -6.18413210e-01 -2.35534072e-01
    -1.97683990e-01 -2.77573824e-01 -3.05792749e-01 -4.05672133e-01
    -2.18274593e-02 -1.03151739e-01 2.27777719e-01 1.00646973e-01
    -2.73324221e-01 1.72439694e-01 4.21166420e-02 -1.01270616e-01
    -2.95855194e-01 -6.29433990e-02 -2.52745152e-01 2.88006783e-01
    1.80715263e-01 -1.78527594e-01 3.51919472e-01 -2.69092381e-01
    -3.51233125e-01 1.62178397e-01 -1.46648407e-01 -2.81929374e-02
    1.30800009e-01 -6.39787734e-01 -4.54756677e-01 -1.63747072e-02
    1.62785649e-01 -4.04251516e-01 -3.91036272e-02 -4.22147930e-01
    -4.04190838e-01 1.69053316e-01 5.27559519e-02 -5.74530065e-01
    -4.87539977e-01 2.13567615e-02 -5.32130122e-01 1.06599212e-01
    -1.13042176e-01 1.21357441e-02 -1.36251539e-01 -4.62431490e-01
    -5.94675899e-01 -2.76990712e-01 1.09178185e-01 -7.29311347e-01
    -6.09510005e-01 -5.17908454e-01 -6.01463675e-01 -7.44605720e-01
    -4.67551351e-01 4.61291075e-02 -6.45845532e-02 -2.02564240e-01
    -3.20974171e-01 -2.94898152e-01 -2.93397725e-01 9.92784500e-02
    -5.23310363e-01 -5.48243225e-01 5.13923764e-02 1.31085813e-01
    -6.64252698e-01 -4.71962631e-01 -4.15279150e-01 -9.87568498e-02
    -5.36287606e-01 -2.64930695e-01 -3.18571478e-01 4.54847336e-01
    -2.09375978e-01 4.03733850e-02 3.20906639e-02 -1.11623168e-01
    -6.23646379e-02 -1.65951014e-01 -2.91743279e-02 1.27984703e-01
    1.27473652e-01 -7.00290024e-01 8.12278986e-02 1.72436118e-01
    -7.17566609e-02 6.92348480e-02 -3.07789087e-01 -6.63676143e-01
    -1.84557974e-01 -1.33630753e-01 -1.54506564e-02 -6.46184087e-02
    -1.26978189e-01 4.13350821e-01 -2.59240031e-01 -3.51514190e-01
    4.78431225e-01 -3.34015191e-01 -4.85116243e-02 2.13452339e-01
    -4.53099608e-01 -4.17639434e-01 -2.01446056e-01 -3.96692693e-01
    2.90057838e-01 -5.67711353e-01 -3.14857781e-01 3.54895949e-01
    -2.86314547e-01 -3.48145574e-01 1.70742869e-02 -5.16270578e-01
    -3.73192966e-01 -1.11739099e-01 -2.93088019e-01 -4.83900040e-01
    -1.34956777e-01 -6.42939448e-01 -4.75329161e-03 -6.20416582e-01
    -4.87465024e-01 -5.81687808e-01 -6.26764596e-01 1.83141828e-01
    -5.90782166e-02 -5.93142569e-01 -4.03883576e-01 -2.88687527e-01
    -1.26915812e-01 2.15905666e-01 -3.37907434e-01 -4.40435410e-01
    -3.02755654e-01 2.15224624e-01 -5.74240685e-02 2.14326978e-01
    1.44659817e-01 -2.70398796e-01 1.31923139e-01 -7.01334953e-01
    -2.47918129e-01 2.41711378e-01 -4.33403850e-01 -4.65710402e-01
    -1.36910617e-01 -4.09175754e-02 -6.47078872e-01 -7.94191360e-02
    -5.24838924e-01 -7.52129793e-01 2.64299929e-01 1.65723264e-01
    -1.18925095e-01 -6.57030225e-01 1.54351950e-01 -4.40097988e-01
    -4.05791283e-01 7.04944134e-03 -1.41274214e-01 -2.98307121e-01
    -1.03131920e-01 -3.95762116e-01 -3.54361296e-01 1.72066569e-01
    1.82710826e-01 -1.98778331e-01 -5.24924397e-01 -6.53600097e-02
    3.50161791e-02 6.76861405e-02 -4.08337712e-02 3.16209197e-01
    -6.05319440e-01 -2.49886245e-01 2.33363092e-01 -8.64547491e-03
    -4.20449346e-01 -3.79841059e-01 -3.78278196e-01 -2.83676267e-01
    2.35706925e-01 -5.02778411e-01 -2.99002349e-01 -3.28807861e-01
    -6.55680895e-02 -7.93397188e-01 -1.91415489e-01 2.22340107e-01
    -1.10815108e-01 -4.45830584e-01 9.32732224e-02 3.02888751e-02
    -5.43548942e-01 -6.94118738e-01 -3.53664339e-01 1.33952677e-01
    -5.33422768e-01 -6.70046926e-01 -3.98430467e-01 3.81218195e-02
    -5.76965451e-01 -4.46717739e-02 -2.05971599e-02 -6.83129311e-01
    -6.21984541e-01 5.06886244e-02 -4.18409169e-01 -6.58349991e-01
    -4.88633215e-01 -4.80318397e-01 -6.29279733e-01 -3.02288592e-01
    1.38010919e-01 -2.50630319e-01 -3.67736518e-01 -4.66629714e-01
    -1.49586856e-01 -4.53679264e-01 -3.84711027e-02 1.57260299e-01
    -6.41477168e-01 1.97008252e-01 1.74063802e-01 1.43640399e-01
    -5.17871916e-01 -1.96996033e-01 -8.43324065e-02 1.90159678e-02
    -2.12049663e-01 -7.79655218e-01 -1.45050883e-01 2.61019528e-01
    1.70343339e-01 -3.87748957e-01 -9.08528566e-02 -6.16509199e-01
    -3.28779787e-01 -6.12582862e-01 -1.90288424e-01 -3.00561905e-01
    -4.79841381e-01 1.96223974e-01 -3.88002872e-01 -1.48921430e-01
    -3.07796955e-01 -1.85869575e-01 -4.35170561e-01 -5.98841727e-01
    2.96017528e-02 -1.47569776e-02 -6.44693255e-01 -4.11023796e-01
    -4.47422862e-02 -3.38233203e-01 -4.11037147e-01 -3.45323086e-02
    2.19081044e-02 -3.86152804e-01 -8.80279541e-02 1.49191380e-01
    -5.69063425e-02 -2.64748812e-01 -5.46075225e-01 -5.63668609e-01
    -4.06559259e-01 -2.38788128e-02 -9.04774666e-03 -2.28656650e-01
    -4.32623714e-01 -5.11972845e-01 -1.59463167e-01 -4.78474766e-01
    -2.33439982e-01 3.80773067e-01 -5.80280483e-01 -4.86082464e-01
    1.43565178e-01 -1.07909083e-01 -2.06134260e-01 -8.62839818e-02
    1.75042093e-01 -4.56420571e-01 -8.97145271e-03 -4.33068156e-01
    -1.55721605e-01 7.20019937e-02 -7.78271317e-01 -3.91973853e-01
    -1.56283975e-02 -1.98170304e-01 -4.63904709e-01 -4.02864993e-01
    -1.40298605e-01 -1.39072537e-01 -1.04707420e-01 1.24103189e-01
    -2.02324659e-01 -5.08685350e-01 -9.04163122e-02 -3.46576273e-01
    -6.53354347e-01 -1.68805510e-01 -7.61814117e-02 -5.04141092e-01
    -4.19026613e-02 -4.80507791e-01 -1.16625130e-01 2.10555673e-01
    -7.04397559e-01 -1.73140764e-02 9.33312774e-02 -4.79934067e-01
    -2.44632900e-01 -9.56100821e-02 -7.37219453e-01 -1.33889616e-01
    -1.06182098e-02 -3.35166454e-02 1.62071586e-02 -3.38257194e-01
    -2.82609195e-01 9.04698372e-02 -1.41397595e-01 1.46607280e-01
    -1.00368738e-01 -5.22390485e-01 -2.72911727e-01 -4.25057888e-01
    -1.48431301e-01 -4.31751430e-01 -8.46541524e-02 -5.63459039e-01
    -4.17471319e-01 -8.41402411e-02 -1.14681244e-01 3.04743648e-02
    -2.69180447e-01 -6.18263185e-01 -3.47447157e-01 -5.91593385e-02
    -8.83163452e-01 -3.05664420e-01 -7.30210543e-02 -1.91028535e-01
    -1.82639062e-01 -7.06676245e-02 -4.53137904e-01 -4.04987305e-01
    3.47982645e-02 -1.79091543e-01 -3.48916411e-01 -1.47142857e-01
    2.41572261e-01 -4.13727671e-01 -4.10641432e-01 -3.85770977e-01
    1.49785101e-01 2.16985404e-01 4.42992449e-02 -3.38510066e-01
    -6.02944851e-01 -2.84529179e-01 1.23080552e-01 -5.37774026e-01
    4.62636948e-02 -4.87479419e-01 -2.86595374e-01 -5.43684125e-01
    1.59246445e-01 -1.13446087e-01 -1.03047252e-01 -5.96363544e-02
    9.14170742e-02 -2.85493255e-01 -6.21162891e-01 3.45103145e-02
    -6.47833347e-01 2.18672156e-01 -6.54355049e-01 -6.40416145e-02
    -2.04548448e-01 1.62556112e-01 -5.07149339e-01 -8.43755007e-02
    8.51717591e-02 -2.43372619e-01 -1.51633859e-01 -1.96187139e-01
    1.21937692e-01 -5.40760159e-02 -7.12870061e-01 -1.23220384e-01
    -1.16368294e-01 -5.58184266e-01 -3.01624537e-02 -3.50325674e-01
    -1.23607576e-01 5.49277663e-02 -4.32088673e-01 -5.48520088e-02
    -1.85537338e-01 -1.54393911e-03 -6.60502911e-01 -4.61876333e-01
    1.32679522e-01 -1.41630530e-01 -5.46498597e-01 -1.59393787e-01
    -4.47107881e-01 -5.55049479e-01 -6.02990985e-02 -3.70628864e-01
    2.14895606e-02 2.20609069e-01 -1.07183456e-01 -2.80682802e-01
    2.56827474e-02 4.29365635e-02 -6.56862259e-02 1.71005130e-01
    -6.68301940e-01 -7.37855434e-02 -5.06082833e-01 -3.60629320e-01
    -1.79636121e-01 -1.89908266e-01 -4.76717472e-01 -1.63159966e-01
    -3.18711251e-01 -7.23752081e-01 -2.68452525e-01 -7.23047018e-01
    -2.81879008e-01 -2.02336550e-01 -2.25821257e-01 2.63457417e-01
    -3.49270165e-01 -1.98178768e-01 -6.49582267e-01 -2.92877257e-01
    -1.48727298e-02 -4.77314115e-01 -7.53896356e-01 -5.95048070e-02
    -3.02648246e-01 -1.88820541e-01 -2.73994565e-01 1.57866955e-01
    -2.97508329e-01 -2.36952305e-03 -3.44807863e-01 2.26023197e-02
    1.17375612e-01 -4.37730014e-01 -5.18599629e-01 2.40544677e-02
    -4.49300408e-02 -3.02941442e-01 2.20786989e-01 -6.60593331e-01
    -1.71179831e-01 -1.17591500e-01 -5.70341527e-01 1.95474267e-01
    -4.64375675e-01 -5.88074327e-01 -5.80169201e-01 -4.59404856e-01
    1.42306864e-01 -2.30910420e-01 2.98476815e-02 -2.13093460e-01
    -5.16173244e-02 -5.10881543e-01 -2.30384648e-01 2.08071947e-01
    -6.85109615e-01 -6.27003551e-01 -1.34562850e-02 2.36272812e-02
    -5.64715862e-01 -2.86645293e-02 -5.12039006e-01 -1.26206458e-01
    -1.75879776e-01 -6.13462090e-01 1.85760140e-01 -6.96419895e-01
    -1.84427798e-01 1.38028204e-01 2.06520796e-01 -3.96128178e-01
    -3.59901965e-01 -5.52350938e-01 -6.12493992e-01 1.18389070e-01
    -2.95175254e-01 -4.48450148e-01 -1.46904826e-01 -7.31160641e-01
    -5.56700110e-01 -3.15517515e-01 1.98254466e-01 -3.94902766e-01
    -3.35468113e-01 1.78106785e-01 -3.84757936e-01 -3.17249060e-01
    -1.19549513e-01 3.00719500e-01 2.34139979e-01 -3.93054545e-01
    -5.77999830e-01 2.95379043e-01 -6.81071043e-01 4.87027764e-02
    2.62287855e-02 -2.40763664e-01 -6.88304901e-01 -2.98018694e-01
    -4.89419580e-01 9.05684829e-02 -4.64071751e-01 -1.61262274e-01
    -5.86369514e-01 1.18292689e-01 1.76592112e-01 -4.45822835e-01
    -5.00952363e-01 -5.20577550e-01 -4.31506097e-01 -1.98912740e-01
    -2.90019631e-01 -1.33958399e-01 -7.20022440e-01 -5.81859350e-02
    -6.00507855e-01 -5.58659732e-01 -3.97312582e-01 -3.64472866e-01
    -1.54462039e-01 -3.83633524e-01 1.46152973e-02 9.14067030e-03
    -4.82714623e-01 -4.31059361e-01 -2.19212830e-01 -2.06644535e-02
    -2.06331134e-01 -4.63938534e-01 2.56882966e-01 -5.89697063e-01
    3.65530849e-02 -2.03849554e-01 1.75985157e-01 -2.56567061e-01
    -2.33044207e-01 2.92110205e-01 -1.76910758e-01 -2.23225355e-02
    -2.04397142e-01 2.85636604e-01 1.15535200e-01 9.47237015e-02
    -2.30952740e-01 -9.28134918e-02 -1.29965544e-02 -3.55861664e-01
    1.30290449e-01 -3.48401904e-01 -5.95566750e-01 -6.50054336e-01
    2.19034076e-01 -4.47099656e-01 5.60780168e-02 -3.74177366e-01
    -5.70855260e-01 -3.09050083e-04 9.04961824e-02 -1.16952121e-01
    -8.00269842e-02 -1.74660176e-01 2.92375565e-01 -4.67035353e-01
    -2.64902472e-01 -5.60697436e-01 -6.47735238e-01 1.24989569e-01
    -3.33847374e-01 -4.02428478e-01 -7.67295599e-01 -6.30723834e-02
    -4.78261381e-01 1.27713859e-01 -4.23404336e-01 -7.65206814e-02
    -3.15803587e-01 -3.90152931e-02 -1.66100264e-03 -4.19160724e-02
    -6.40086532e-02 -1.93874359e-01 -2.31334955e-01 -2.10389316e-01
    -1.33005053e-01 1.13247633e-01 -2.18300641e-01 -3.54128510e-01
    -5.18747568e-01 -4.37881052e-01 -9.68945026e-02 -8.69518518e-02
    -1.46895707e-01 -4.73367214e-01 -5.66329896e-01 -5.06155431e-01
    7.81305432e-02 -1.44663393e-01 -1.14930272e-01 -4.27959144e-01
    1.48554683e-01 -2.23154873e-01 -3.56544554e-01 -3.31315875e-01
    -1.05642021e-01 -3.61407727e-01 -5.59870124e-01 -2.42591828e-01
    -5.79181314e-02 -3.59526575e-01 -6.00974023e-01 3.60528409e-01
    -4.50648606e-01 5.86370230e-02 -4.72441137e-01 -3.58220309e-01
    -1.88444525e-01 1.91523194e-01 -2.21259058e-01 -3.40224266e-01
    -3.19703043e-01 9.46386456e-02 -2.26244390e-01 -4.04103994e-01
    -6.16305709e-01 -6.10534966e-01 -8.78274441e-04 -3.06454837e-01
    -1.46632373e-01 3.27018499e-02 -5.77490330e-02 -2.57476121e-01
    -5.08741260e-01 2.24983215e-01 2.07579672e-01 -3.37478161e-01
    1.06999516e-01 1.76043630e-01 -1.94525778e-01 2.19203115e-01
    -4.59235728e-01 -8.72853398e-02 -4.40190732e-01 -2.80351579e-01
    -1.22807145e-01 -3.16070914e-02 -1.06630206e-01 -2.55106419e-01
    -1.71910703e-01 1.32937610e-01 -3.82040918e-01 -6.08107328e-01
    4.29060996e-01 -5.54425240e-01 -4.67302173e-01 3.11566055e-01
    -5.00812590e-01 1.17087066e-01 -9.69582796e-03 -4.12741274e-01
    -3.72836649e-01 1.27535820e-01 -7.77116358e-01 -2.64290392e-01
    -3.66069108e-01 -4.51259673e-01 1.92580462e-01 -2.23780572e-01
    2.38159895e-02 -4.42906022e-02 -2.09444195e-01 -3.82702231e-01
    -2.08728850e-01 -3.28345209e-01 -6.15007162e-01 2.47911036e-01
    -1.15377307e-02 -1.63333297e-01 -6.07270122e-01 3.71334553e-02
    -5.23884475e-01 -2.61839926e-01 -7.47093499e-01 -1.27556324e-01
    1.30126119e-01 -3.08639526e-01 -9.95275974e-02 5.41660786e-02
    -4.23998117e-01 1.82986736e-01 -3.14442784e-01 -4.78185356e-01
    -6.45390034e-01 7.81527758e-02 -2.44350910e-01 1.93529785e-01
    -2.17498988e-01 2.39058554e-01 -4.82217669e-01 1.81300402e-01
    2.60856748e-02 -6.61587715e-03 3.97621989e-01 -9.80971456e-02
    -2.18958616e-01 -2.60124445e-01 -1.87481165e-01 -5.76251268e-01
    1.71497405e-01 -5.60003519e-02 -6.26330733e-01 -3.23708773e-01
    -3.22931051e-01 -3.12242478e-01 1.37792826e-02 -3.75416279e-01
    -2.49510139e-01 -6.10912442e-02 3.22530270e-02 -1.79957032e-01
    1.70508027e-02 -2.41072178e-02 -5.17720819e-01 -9.62478518e-02
    -6.53454542e-01 -8.78436565e-02 7.27328658e-02 2.10023701e-01
    -3.47794414e-01 8.28502178e-02 1.10146523e-01 -1.90591484e-01
    -7.06229687e-01 -6.65634155e-01 -2.20853925e-01 2.69142926e-01
    1.86769485e-01 -3.07950824e-01 2.35302925e-01 9.67776179e-02
    -7.19807982e-01 -2.55088091e-01 1.23765230e-01 -5.13251483e-01
    6.07229471e-02 -3.53224754e-01 -6.57762527e-01 -5.78351259e-01
    -6.15590811e-03 -5.60400486e-01 -4.23487037e-01 -7.50781536e-01
    -1.45389438e-02 -1.78686738e-01 9.89149809e-02 3.03546131e-01
    -2.57110417e-01 -1.90936327e-01 2.81757474e-01 1.47998035e-01
    1.04687870e-01 -1.22475624e-01 -5.02226591e-01 9.29285288e-02
    -5.39082885e-02 -1.86443329e-03 -4.38100070e-01 -1.95730031e-01
    -2.91954190e-01 -1.69384539e-01 -2.71677136e-01 -6.17919028e-01
    -6.16039872e-01 -1.88374519e-02 -2.00400054e-01 4.08152342e-02
    -6.09347224e-02 -6.02320731e-01 1.17930114e-01 -6.55096173e-01
    -8.66187811e-02 -4.17023599e-01 -2.18476295e-01 -4.43089604e-01
    3.49864364e-02 -4.49356437e-02 -6.26571298e-01 -3.16148192e-01
    -6.28905952e-01 -3.38042766e-01 2.90613830e-01 -3.24940085e-02
    -1.74858212e-01 -2.75016218e-01 -4.18676734e-01 -5.04791379e-01
    2.56963670e-01 2.06174076e-01 -3.36570054e-01 -6.27391517e-01
    -5.52105308e-01 1.11742377e-01 -5.01162171e-01 -6.08341098e-01
    -3.82816404e-01 1.77483797e-01 -3.90273660e-01 -5.94762564e-01
    1.56844437e-01 1.06506884e-01 -2.77845263e-01 -3.20299327e-01
    1.23331904e-01 -4.12691176e-01 -7.01533556e-01 -4.27007675e-04
    -2.21001208e-01 -4.44264501e-01 -2.74888754e-01 1.34112835e-02
    -1.98828340e-01 3.38864505e-01 -5.80273867e-01 2.20513761e-01
    2.24682629e-01 3.65865231e-02 -1.55210435e-01 -4.85039562e-01
    -5.81803620e-01 -3.59470040e-01 -6.85924888e-02 -4.99846756e-01
    -9.71945524e-02 -2.34049857e-01 1.71000957e-02 9.06978846e-02
    -1.18231595e-01 -6.16764605e-01 -1.86943412e-01 -1.65007114e-01
    -3.37263644e-01 -2.92363852e-01 -3.41127157e-01 -3.67911786e-01
    -4.26517576e-01 -3.08495939e-01 1.76536620e-01 -2.42163062e-01
    -1.86497569e-02 -8.33087623e-01 -1.91285312e-01 -2.88748533e-01
    1.61308885e-01 1.58347845e-01 -1.87470078e-01 -3.68370026e-01
    2.15124011e-01 -4.82830048e-01 4.43124175e-02 1.34152770e-01
    -2.83409059e-01 -5.18814564e-01 -6.40621543e-01 8.82613063e-02
    -3.14372063e-01 -7.10230112e-01 3.20883572e-01 -1.05878055e-01
    2.23910272e-01 -2.47950941e-01 2.96169519e-02 -5.43720007e-01
    1.63830519e-02 4.05375361e-02 2.49494016e-01 -3.86320859e-01
    -4.96945411e-01 -2.46122956e-01 -3.28389913e-01 1.02327049e-01
    1.42875075e-01 -3.31171155e-01 -7.73197412e-03 -3.46283317e-02
    -2.71390915e-01 -1.84320629e-01 -3.90563428e-01 1.36715174e-02
    -4.66191053e-01 -5.40477514e-01 -4.66286063e-01 -2.66141236e-01
    -5.39600790e-01 -8.63929987e-02 -1.91853464e-01 -3.21470410e-01
    -3.74115705e-01 -5.17057776e-02 -2.35740900e-01 -1.44363046e-01
    1.13535285e-01 -2.80326366e-01 -7.09700346e-01 -5.02449870e-02
    -5.95736623e-01 -6.46339059e-01 -3.05656552e-01 -4.81726676e-01
    -2.57473528e-01 -4.21702981e-01 -4.23473358e-01 6.74549937e-02
    -6.58233583e-01 -1.00557268e-01 2.49591827e-01 -7.55629420e-01
    9.72467661e-02 -1.19536400e-01 1.01235449e-01 5.59698939e-02
    -3.10215384e-01 1.11022770e-01 -2.48858899e-01 1.29708409e-01
    -3.34697962e-03 -5.57895303e-01 -2.39208132e-01 -2.02474803e-01
    -3.65585446e-01 -5.78905344e-01 1.37401223e-02 -1.22406542e-01
    3.65266025e-01 -3.13476384e-01 -6.63298845e-01 -5.16695380e-02
    8.35664272e-02 -3.83389354e-01 -3.08772594e-01 -1.30190730e-01
    -1.18191123e-01 -1.98893309e-01 -1.03278995e-01 9.82478857e-02
    -4.43673730e-01 1.85425878e-02 4.71796393e-02 2.40446687e-01
    3.84166837e-02 -2.41881669e-01 -2.87055969e-02 -1.96160853e-01
    -2.42836177e-01 -3.12927336e-01 -6.57492757e-01 3.83330166e-01
    -4.50439602e-01 -3.52617323e-01 7.67658353e-02 -3.20523381e-01
    -5.98180890e-02 -5.86721003e-01 6.98292255e-03 -7.36722767e-01
    -7.99927115e-01 -5.20213723e-01 2.24104524e-01 1.38480961e-01
    9.64717865e-02 8.79179239e-02 -1.63395017e-01 -6.48497224e-01
    -5.40263891e-01 -2.18505859e-02 -3.72583508e-01 3.90868187e-02
    -5.35649896e-01 1.79112315e-01 2.64598727e-02 -5.95187664e-01
    -5.41102290e-01 -2.93591022e-02 -6.07098937e-01 -2.18410790e-01
    -1.69230223e-01 -1.20004773e-01 3.15506637e-01 1.82026923e-01
    1.08101189e-01 1.29958451e-01 3.66943121e-01 -2.26948440e-01
    -5.26375890e-01 -3.53290439e-02 -5.03200769e-01 -3.93229276e-01
    -7.50666142e-01 -1.93685889e-01 -5.58881760e-02 -6.88637614e-01
    -3.49641174e-01 1.90331459e-01 -4.21864569e-01 -6.30227566e-01
    1.47779584e-01 -5.91435432e-02 -2.07386076e-01 -2.65333056e-02
    -2.51059830e-01 -2.31662393e-02 -3.01972449e-01 3.16793323e-02
    -4.90385979e-01 -5.85206747e-02 -4.18789268e-01 -7.84040928e-01
    4.00638580e-03 -5.83677888e-02 -5.12428403e-01 -5.39353132e-01
    -6.51866198e-02 -1.18324518e-01 -2.21209526e-02 -3.37709129e-01
    1.64617598e-01 -4.61427569e-02 -5.37338376e-01 1.78085625e-01
    4.67823148e-02 4.18374538e-02 7.15774298e-03 1.09987080e-01
    -1.10550761e-01 -3.89303595e-01 -3.83591056e-02 4.60671186e-02
    -1.32857680e-01 -2.61643171e-01 -6.56208932e-01 2.38543510e-01
    -1.39439940e-01 -4.98687625e-02 4.05825973e-02 -6.58037961e-01
    -5.78519285e-01 -5.66389561e-01 -4.22427297e-01 -4.19510603e-02
    -4.27591234e-01 -1.00111604e-01 -2.23348439e-01 -4.15516496e-01
    -3.12371105e-01 -7.16188312e-01 -3.41265529e-01 4.70945835e-02
    1.44576132e-01 -1.22797072e-01 -2.65069425e-01 -6.38437271e-01
    -2.47833371e-01 1.50454760e-01 3.14584672e-01 -1.51679277e-01
    -2.97234982e-01 -3.10898185e-01 -1.71253085e-01 -3.04118276e-01
    -5.14822602e-01 2.08837330e-01 -4.45489287e-02 -2.14714110e-01
    -1.04622245e-01 -4.28228438e-01 -4.41730022e-02 -1.70921624e-01
    -3.28610539e-02 2.36670375e-02 -2.89940029e-01 1.56373262e-01
    -5.95856905e-01 -1.31482542e-01 1.63890302e-01 -2.94990599e-01
    5.89982867e-02 1.77311957e-01 9.53385830e-02 6.71501756e-02
    -7.59782076e-01 -8.97515893e-01 -3.83390367e-01 -2.37634242e-01
    1.06600225e-01 -6.96394205e-01 6.89446926e-02 1.93739355e-01
    -4.13008690e-01 4.86175358e-01 1.90967351e-01 -3.13089699e-01
    -1.69711113e-01 1.00074649e-01 1.56390846e-01 8.63060951e-02
    1.64071977e-01 -4.34761524e-01 -1.53856099e-01 1.12726271e-01
    -5.69718897e-01 -3.53956878e-01 -4.43094045e-01 -2.20725179e-01
    9.61869359e-02 -5.40933609e-01 7.51099586e-02 -1.39223516e-01
    -1.37041807e-02 2.74393618e-01 -1.38438344e-02 3.93030763e-01
    -1.67624891e-01 -1.39535010e-01 6.62589073e-03 -5.21934032e-01
    -4.51253742e-01 -2.30881155e-01 -1.32057041e-01 -5.62361479e-01
    4.16252017e-02 -4.17948127e-01 -3.00316572e-01 -2.15876222e-01
    -5.58244705e-01 -3.41108024e-01 -3.58902335e-01 -3.81545007e-01
    5.15137315e-02 5.72230220e-02 -6.11279547e-01 -7.38433361e-01
    -1.51339293e-01 -7.59506464e-01 -6.94940090e-01 -5.17298341e-01
    -1.37277603e-01 -4.10116404e-01 -4.80999082e-01 -3.98858607e-01
    -5.00398576e-01 -1.17205620e-01 7.05538988e-02 -4.01893377e-01
    -4.33208913e-01 2.22814262e-01 -1.37354732e-02 -1.30316019e-01
    -5.64654231e-01 -2.70562708e-01 -7.94136763e-01 -2.91460007e-01
    2.97108471e-01 -4.94587421e-01 -6.03656769e-01 2.48397350e-01
    6.48726821e-02 1.59067988e-01 -6.06977999e-01 -6.70402646e-02
    -5.99675179e-02 -3.64901066e-01 -1.87374890e-01 -3.99338007e-02
    -5.26961684e-01 -9.95764136e-02 -4.03934717e-03 1.69071555e-01
    -7.51895785e-01 3.00413609e-01 -3.48470956e-01 -3.66088927e-01
    5.62072396e-02 -4.86991018e-01 -4.68454957e-01 -1.88724369e-01
    2.94407606e-01 1.53032184e-01 -3.32363605e-01 -5.36109507e-01
    1.84009850e-01 -6.29635930e-01 -5.70378304e-01 1.55056119e-01
    -8.21443200e-02 -3.98853302e-01 -8.53107572e-02 -5.99322617e-01
    1.23422325e-01 -1.35181546e-01 -5.64729095e-01 -5.29606998e-01
    1.53653145e-01 -6.20968163e-01 -4.31007266e-01 -2.56898284e-01
    -3.13317955e-01 -7.44741499e-01 -2.96951234e-01 -6.29301906e-01
    1.51485026e-01 -6.31366372e-01 8.11374187e-03 5.61938882e-02
    -6.67446375e-01 -6.97206795e-01 -1.22188509e-01 -3.73834640e-01
    -3.55220318e-01 9.77424979e-02 9.99003649e-03 8.98081660e-02
    -3.91964316e-02 -7.88707137e-02 3.43114138e-03 -4.54712987e-01
    -8.23141098e-01 7.13247061e-02 -3.80926013e-01 -2.33762830e-01
    -3.60739172e-01 1.88249052e-01 -1.19419158e-01 -4.64880466e-03
    -6.92279100e-01 1.93196952e-01 -6.26065731e-02 -7.16283083e-01
    -2.13062346e-01 -2.48343468e-01 -5.68171144e-02 -1.01993144e-01
    -7.77630389e-01 -1.22553766e-01 -6.04352713e-01 -4.90525424e-01
    -2.57359564e-01 -2.13527441e-01 -4.68794793e-01 6.73856139e-02
    -4.92182374e-01 -5.75343251e-01 4.70928550e-02 -3.64788949e-01
    -1.64947808e-01 1.83037281e-01 -4.53498274e-01 1.12202287e-01
    -3.23500872e-01 -1.52511835e-01 -3.93858880e-01 1.42350495e-01
    -9.71095562e-02 2.46531487e-01 -6.86101317e-02 3.70173454e-02
    -4.64551598e-01 -4.14051741e-01 -1.50281489e-01 -6.72114313e-01
    -6.02228642e-01 -2.00665295e-01 -1.40367568e-01 -1.55744016e-01
    -6.78661227e-01 -5.08378386e-01 1.65325403e-02 4.98241782e-02
    -5.58420777e-01 -1.46611929e-02 4.04847264e-02 1.08407736e-02
    -4.25414503e-01 -4.99652863e-01 -3.24498773e-01 1.89792931e-01
    2.20069468e-01 -6.04354143e-02 -2.47863591e-01 -6.60283804e-01
    -5.97819805e-01 -1.46712959e-01 -5.46676159e-01 -1.77828670e-01
    2.27632523e-01 -9.68371034e-02 5.19246459e-02 6.44621849e-02
    -5.50271869e-01 2.84470320e-02 1.58318460e-01 -2.56263614e-01
    -3.47715378e-01 1.52211070e-01 2.55461156e-01 -1.42360032e-01
    -7.40055799e-01 -4.51839566e-02 -1.07222319e-01 -3.52122158e-01
    -2.93302506e-01 -5.47198951e-01 -4.35583711e-01 1.95785165e-02
    -2.13165581e-01 -7.01563895e-01 -1.59523487e-01 1.66581094e-01
    -2.47727454e-01 -5.46273708e-01 -4.64915156e-01 -1.48397446e-01
    -6.51464045e-01 6.29125237e-02 -3.80768836e-01 -5.99200308e-01
    -2.82777935e-01 -1.77882910e-01 -2.36884564e-01 -1.80217206e-01
    -4.73772198e-01 -9.66579318e-02 -2.32070714e-01 -2.78029233e-01
    7.51435161e-02 -7.14937329e-01 -6.11257315e-01 -1.14764452e-01
    -6.70617461e-01 -6.85776353e-01 -5.35158634e-01 -1.96349084e-01
    -6.25651479e-02 -7.33378470e-01 -4.93629813e-01 2.11139739e-01
    7.55532384e-02 6.32854104e-02 -2.44057953e-01 -1.72300398e-01
    -2.41109729e-01 1.87653303e-01 -3.09953600e-01 -3.16887856e-01
    -5.68584800e-01 8.16093683e-02 -2.74792999e-01 -1.94429725e-01
    -3.65999430e-01 -4.55032825e-01 -5.39954185e-01 6.14144802e-02
    -4.19872403e-01 -5.55187523e-01 -3.73683840e-01 -1.11105084e-01
    -3.18768561e-01 -5.54030359e-01 -4.69622612e-01 -2.96932638e-01
    -5.05922973e-01 -6.99172378e-01 -1.58077180e-01 -1.87197864e-01
    -5.55094838e-01 -4.98844028e-01 -1.36694968e-01 6.74708486e-02
    -3.07424277e-01 -2.52634257e-01 1.40469551e-01 2.79040277e-01
    -5.44139385e-01 -3.18509042e-01 -6.21792495e-01 1.71144009e-02
    2.50005066e-01 -6.63312972e-01 -1.82892263e-01 -1.25187039e-01
    -3.07791024e-01 2.01487124e-01 7.89250135e-02 6.75441027e-02
    -8.31519961e-02 -5.55651367e-01 4.14001942e-03 -3.09288263e-01
    1.35070682e-01 -9.71088409e-02 2.03785002e-01 -2.59519577e-01
    -3.55349809e-01 -5.35529852e-03 -2.08583504e-01 2.47905850e-01
    -1.28747106e-01 1.62020266e-01 -7.76634812e-02 -3.67256522e-01
    -5.73838711e-01 -4.48072284e-01 -2.02453345e-01 -4.36484218e-01
    1.99144125e-01 2.39919901e-01 2.00762153e-01 -5.92692792e-01
    1.67586863e-01 1.90389514e-01 2.89595366e-01 -5.54020643e-01
    -3.43318999e-01 -1.89570487e-01 -3.67379099e-01 -1.26936018e-01
    -3.21321517e-01 2.16869652e-01 -9.80624557e-02 -5.90601444e-01
    -7.26419687e-03 -1.79810584e-01 5.90646267e-02 -6.59802675e-01
    2.10980833e-01 -4.31213856e-01 -2.65980840e-01 -2.31756419e-01
    -4.30192590e-01 -4.27164882e-01 1.56437516e-01 -2.30254710e-01
    -4.97463733e-01 -1.27615452e-01 -2.12129474e-01 -3.41061145e-01
    -3.75159025e-01 -3.56610775e-01 -4.65756655e-03 -7.09109128e-01
    2.18043745e-01 1.67565882e-01 -3.92813385e-01 -7.12578893e-02
    -4.03004766e-01 -5.48055768e-01 -5.58069348e-02 -5.07713318e-01
    2.88405597e-01 2.32833505e-01 -3.39441180e-01 -2.65315533e-01
    -1.71171844e-01 -5.76465189e-01 1.18851662e-01 7.95090199e-03
    -5.88536501e-01 -3.33426148e-01 -1.07188225e-01 3.13828170e-01
    -5.83472908e-01 -6.91808462e-01 -2.80025691e-01 -4.20720577e-02
    -6.16609395e-01 -7.49263227e-01 -1.63883805e-01 1.69683993e-01
    -2.25301027e-01 -3.64702880e-01 -4.29429114e-01 -6.30748510e-01
    -4.35693979e-01 1.25035763e-01 1.68124676e-01 -5.16422272e-01
    1.80124521e-01 -5.57055712e-01 -5.75175762e-01 -6.68835044e-01
    -5.40696383e-01 3.50601673e-02 -5.31288028e-01 -1.04385972e-01
    1.20350540e-01 -6.23770893e-01 8.83720517e-02 -3.20112437e-01
    -1.21781230e-02 -7.15575099e-01 -1.63783431e-02 -7.23097563e-01
    -6.41293526e-01 -8.30949783e-01 -6.92617297e-01 -9.14838910e-02
    -5.13664484e-01 -2.86007792e-01 5.23588061e-02 -4.67637658e-01
    2.30916381e-01 -1.77123249e-01 -1.10204816e-01 -6.56814575e-02
    -6.69211149e-01 7.34093189e-02 -4.42908406e-02 -4.05727804e-01
    -4.55385774e-01 -2.82904327e-01 -3.03811133e-01 -8.10917616e-02
    -1.93232536e-01 2.04622328e-01 2.04063654e-02 -1.49159908e-01
    -2.90084898e-01 -1.54175341e-01 -5.23080111e-01 1.44439638e-01
    2.29788542e-01 -8.18294883e-02 -2.40103900e-01 -7.60218322e-01
    6.56208992e-02 -6.80023313e-01 -4.88912642e-01 -1.09261334e-01
    -6.41829908e-01 -2.88914591e-01 -6.29432261e-01 -1.76987708e-01
    -5.22337914e-01 -3.26885909e-01 -4.24525470e-01 -3.89378667e-01
    -2.52140045e-01 -4.50811625e-01 -3.35220546e-01 -6.77999258e-01
    1.99538171e-01 -2.42768228e-01 -7.27012038e-01 -4.57082570e-01
    -6.09942436e-01 -1.01981640e-01 -2.73492604e-01 -1.32847548e-01
    1.48266971e-01 2.91477084e-01 -3.02717716e-01 9.53029394e-02
    -2.36152023e-01 -1.43504560e-01 -3.45206857e-02 -1.01570189e-01
    1.32795393e-01 -3.67218077e-01 -3.99455428e-01 -3.03434193e-01
    -3.03412139e-01 -3.75939608e-02 -5.10282397e-01 2.97312081e-01
    -5.55216789e-01 1.05346382e-01 2.57022440e-01 -6.91670060e-01
    -2.73665190e-02 -6.29486918e-01 8.49792361e-02 8.14743042e-02
    -4.61878985e-01 -2.38258064e-01 -7.77191043e-01 1.91277266e-03
    -3.73902917e-01 -4.73509699e-01 1.58796430e-01 -6.28624737e-01
    -6.52337730e-01 1.37219846e-01 -4.53823745e-01 1.46619439e-01
    -4.49609637e-01 7.38555193e-03 -1.14432931e-01 -2.92476803e-01
    -2.52136469e-01 -5.79121053e-01 -4.43960547e-01 -4.95364845e-01
    -1.92596436e-01 -4.06476498e-01 9.39391255e-02 -1.69796944e-01
    -6.21401489e-01 -6.32608116e-01 5.72602153e-02 -3.39120626e-01
    -3.87537748e-01 -4.80812848e-01 -1.32553458e-01 -2.66772300e-01
    -4.45681274e-01 -3.00556540e-01 -4.27290142e-01 -3.49913180e-01
    1.51565671e-01 -7.39097476e-01 -4.82471436e-01 1.00082576e-01
    -1.11273527e-02 -1.85236931e-01 -6.86085105e-01 8.32980275e-02
    -5.47918797e-01 -1.35264874e-01 -1.49055660e-01 -1.89634621e-01
    -1.61658168e-01 -7.33525872e-01 -6.86954618e-01 -9.13604498e-02
    -4.13462847e-01 -4.85338897e-01 1.87487602e-01 -3.85292798e-01
    -1.22358620e-01 -4.61578786e-01 1.99767351e-02 1.26805305e-01
    -1.61830962e-01 -1.72947347e-01 -2.45695204e-01 -5.91441512e-01
    2.23526180e-01 1.52011156e-01 -5.99729300e-01 -5.37496090e-01
    -2.22435296e-01 -9.16367769e-02 -6.50877118e-01 -6.82854652e-02
    6.71477914e-02 2.85460353e-02 -1.57346725e-02 2.20496237e-01
    -2.38165736e-01 -4.92698371e-01 -6.79842830e-02 -5.12586236e-02
    -7.60420561e-02 -5.35226941e-01 -4.65632647e-01 -6.17779613e-01
    1.28700554e-01 -4.28708553e-01 -4.64667439e-01 -4.81247157e-01
    8.17923546e-02 -2.35388368e-01 -1.93582654e-01 1.66626453e-01
    1.65770411e-01 -4.28212047e-01 -7.12804258e-01 5.42731881e-02
    -6.02652729e-01 -1.40912831e-01 3.25019360e-01 2.66966224e-02
    -3.39865804e-01 -3.84160876e-01 -3.38607788e-01 2.13295221e-03
    -1.93344504e-01 -4.51196283e-01 -5.18921614e-02 -5.14200628e-01
    -6.40682220e-01 -3.65398467e-01 -1.87166393e-01 -4.67175871e-01
    -1.14554912e-01 -4.26093817e-01 2.76234269e-01 -2.55792141e-01
    -1.33448541e-01 -1.09768510e-01 -2.95294285e-01 -1.81172490e-02
    -3.81663948e-01 -1.74813092e-01 2.08694935e-02 -6.54090643e-02
    -3.08953047e-01 3.22710693e-01 -3.51238251e-01 -6.56703055e-01
    -1.26552045e-01 1.94441736e-01 -1.27628386e-01 -3.56338441e-01
    -4.86710727e-01 -4.83979434e-01 -1.70587391e-01 -2.69609988e-01
    9.42398906e-02 4.26037908e-02 3.78776193e-02 2.57023454e-01
    -5.17894030e-01 -7.08422661e-02 3.84836197e-02 -3.75922441e-01
    -3.29614371e-01 -4.74944115e-02 1.88761234e-01 -2.32529998e-01
    6.96086884e-02 -1.06399119e-01 -4.29243445e-02 -8.10865641e-01
    -3.24713349e-01 -2.04124629e-01 1.09993696e-01 3.17799449e-01
    1.19394660e-01 -3.38570118e-01 3.39913368e-01 -5.00791430e-01
    -4.99782890e-01 1.47816420e-01 -5.97156286e-02 1.09395564e-01
    -2.23782152e-01 -4.65400577e-01 5.43904901e-02 1.83621287e-01
    -1.05384946e-01 -3.14959168e-01 -4.28039759e-01 3.10227990e-01
    2.52895474e-01 -5.50063729e-01 9.86266136e-02 2.90739834e-01
    1.88845277e-01 -2.13170111e-01 3.82890701e-02 1.36949778e-01
    -6.41070127e-01 -7.88792372e-02 -5.43857336e-01 -6.09199107e-01
    2.31718957e-01 2.68256664e-02 -8.59642982e-01 -2.05422163e-01
    -4.95590180e-01 -1.77929699e-01 -5.96359670e-01 5.80662489e-02
    -1.77593112e-01 -3.37501436e-01 -5.90002358e-01 -1.89970344e-01
    -4.09498960e-01 -2.29042768e-01 -5.56468427e-01 3.64225268e-01
    -4.77477819e-01 -3.28769505e-01 3.10717583e-01 2.12898791e-01
    -5.62277019e-01 1.57437325e-01 -5.39659381e-01 8.03712010e-02
    -9.06676650e-02 -2.01706827e-01 4.69133258e-02 1.76828504e-02
    1.23714387e-01 -1.17340505e-01 -2.86222100e-01 -6.85815215e-01
    1.00127518e-01 -3.99630845e-01 -8.76412988e-02 -2.01610386e-01
    -1.08019710e-02 -3.23298156e-01 2.44185388e-01 -1.82776749e-01
    -5.57834506e-01 -5.82330644e-01 1.46595955e-01 1.40230060e-02
    2.78391540e-01 -4.92810845e-01 -2.77002513e-01 -2.52150297e-02
    -3.01138312e-01 2.13205695e-01 -6.63520575e-01 -7.33367443e-01
    -5.60746193e-01 4.73592281e-02 2.40253627e-01 -4.57678735e-01
    -4.19482112e-01 2.17210054e-02 -4.69886065e-02 -1.54669106e-01
    -8.35080147e-02 -1.27995610e-01 -4.35716510e-02 -4.13383663e-01
    -5.52704215e-01 -5.74617863e-01 7.57014155e-02 2.94162512e-01
    -5.60944557e-01 2.55303979e-02 9.88507867e-02 1.85204744e-01
    -4.20547694e-01 1.12184763e-01 -1.66779757e-03 -6.03674114e-01
    -1.19256973e-02 -3.95280480e-01 -3.09641123e-01 -9.69022512e-03
    6.49997592e-02 -7.74706602e-02 2.81689286e-01 -4.27760422e-01
    -1.25992656e-01 1.57978177e-01 5.69759011e-02 -3.88086021e-01
    -4.62108850e-03 5.49973845e-02 2.37481356e-01 -4.52328235e-01
    -7.34382153e-01 1.06012881e-01 -6.59973025e-01 -1.23407662e-01
    -1.74739599e-01 -8.63444209e-02 -8.19478631e-02 -1.12557828e-01
    -2.18921393e-01 -3.33097786e-01 4.25651729e-01 -4.02957201e-03
    2.27089524e-02 -4.34421390e-01 1.55640364e-01 -1.76091015e-01
    3.73300314e-02 -7.41487801e-01 -2.43544579e-04 -1.44436717e-01
    -3.57795477e-01 -1.63122892e-01 -1.87400281e-01 -2.14144886e-01
    -3.44159007e-02 -3.00027907e-01 2.54012644e-01 -2.84304887e-01
    5.76593876e-02 1.15321696e-01 2.64031231e-01 -1.34002030e-01
    -3.17262530e-01 -6.02905273e-01 -3.02983522e-01 -5.78651428e-02
    -1.93972170e-01 -4.47783828e-01 -6.39067292e-02 -5.08036613e-01
    -4.68778014e-02 -4.75908011e-01 1.48359954e-01 -3.46425384e-01
    -6.48668051e-01 -1.33311152e-01 -5.16181052e-01 -5.26151776e-01
    9.92236733e-02 -6.10532999e-01 -2.80783385e-01 3.68100405e-02
    -2.07303822e-01 -7.51968622e-01 -1.42579734e-01 -7.03396201e-01
    -1.30000949e-01 3.83519530e-02 -5.55682659e-01 6.34291768e-02
    -7.31691718e-01 -5.63512981e-01 -5.10708690e-01 3.33759189e-02
    -1.49290681e-01 2.59290934e-02 -7.34926462e-02 -7.35047877e-01
    -5.64117372e-01 1.38443708e-02 -7.12265491e-01 -5.70323110e-01
    -7.27116704e-01 2.04713106e-01 -7.65447617e-02 -3.83443475e-01
    -1.68797374e-02 2.45450735e-01 -5.39927125e-01 -3.02100122e-01
    -5.18144369e-02 -3.26800704e-01 -1.48491472e-01 -2.93650210e-01
    -1.67789340e-01 -3.74470174e-01 -2.43604660e-01 -2.83380598e-01
    3.73748541e-02 -2.00431347e-02 -5.92599273e-01 2.25625277e-01
    -4.91179228e-01 -7.01782703e-02 7.41227865e-02 -5.08127689e-01
    -4.92862523e-01 2.45311439e-01 -4.41995382e-01 -4.79645610e-01
    -3.42885137e-01 -6.54606223e-02 2.43812799e-02 -5.84222198e-01
    -4.21611011e-01 -4.08569366e-01 -5.72962999e-01 -4.28403109e-01
    -1.56384468e-01 -2.16671526e-01 -4.03265715e-01 -1.61947310e-01
    -5.59119105e-01 -5.21575928e-01 -8.02330077e-02 -5.61952472e-01
    -3.99947047e-01 1.24956548e-01 -2.17585772e-01 -1.53331101e-01
    -2.51908869e-01 -5.11951745e-01 -1.18804455e-01 2.66736984e-01
    -5.07775307e-01 -1.01522088e-01 1.65146112e-01 1.21961474e-01
    -1.65470123e-01 -1.52676821e-01 2.10893273e-01 -5.75078130e-01
    -5.60276151e-01 -1.22326553e-01 -2.14803517e-01 -6.46563768e-01
    -8.78610611e-02 -4.50164795e-01 -3.22580278e-01 -4.67214853e-01
    -2.34812170e-01 3.06526721e-01 -2.01379687e-01 -3.00200075e-01
    1.37845874e-02 1.15107715e-01 -5.69696963e-01 -8.45610499e-02
    9.22628045e-02 -5.55434585e-01 -8.26798737e-01 1.48377538e-01
    -3.89632642e-01 -6.80910945e-01 -2.81881034e-01 -4.63415921e-01
    8.11266303e-02 6.68653846e-02 1.74050272e-01 8.66914988e-02
    -1.95384443e-01 -2.07825720e-01 -1.80134833e-01 -4.21926945e-01
    5.24176359e-02 -2.32783854e-01 -4.61551785e-01 7.49924779e-02
    -1.12747490e-01 2.55637228e-01 4.90126610e-02 -5.46685815e-01
    -1.24212325e-01 -1.76121801e-01 -3.16730231e-01 -1.19383931e-01
    9.13357735e-02 -2.46663928e-01 -2.08638310e-01 -5.50728679e-01
    -8.98277164e-02 -5.72282910e-01 -3.78394067e-01 -4.73832518e-01
    -5.12301326e-01 -9.16782022e-02 -1.81920528e-02 -1.81744099e-02
    1.04669392e-01 -3.95678490e-01 -2.82381296e-01 2.26680458e-01
    1.49934649e-01 -5.34806252e-01 1.00968480e-02 -3.45947266e-01
    9.52954888e-02 -1.94127083e-01 -4.39934373e-01 -2.25011170e-01
    -3.61063480e-02 1.03994608e-01 -4.43329602e-01 -1.08742833e-01
    3.01290751e-01 1.70591235e-01 -3.75384510e-01 -1.50127381e-01
    -2.81115770e-01 -3.04775745e-01 -4.13907588e-01 -5.60938001e-01
    7.25997090e-02 -4.88927722e-01 -3.66781533e-01 -2.02194571e-01
    -7.35450506e-01 1.95794404e-01 -3.12572390e-01 -6.03438258e-01
    9.42016244e-02 -2.52641380e-01 1.37216508e-01 1.99705064e-01
    -5.02641559e-01 2.14111626e-01 -5.12885094e-01 5.98648190e-02
    -6.06798232e-01 -2.13854074e-01 -7.72720575e-02 7.93756247e-02
    -1.45230711e-01 -5.43477416e-01 -7.16566622e-01 8.97611976e-02
    1.90784037e-01 1.90958619e-01 -2.70001322e-01 -1.33361161e-01
    -1.10976696e-02 3.34134698e-02 -1.28378153e-01 -2.18782246e-01
    -6.08038187e-01 8.76786113e-02 -5.07441998e-01 2.10199356e-02
    -4.42422926e-01 2.76693463e-01 -2.08681881e-01 -7.15236664e-01
    -2.76201487e-01 -5.30002356e-01 2.55441666e-03 -3.87739867e-01
    -2.86786467e-01 -3.87743711e-02 -6.36920035e-01 -5.04679203e-01
    9.94417667e-02 -9.15007591e-02 3.55658352e-01 1.68527722e-01
    -2.73456126e-01 -1.60175443e-01 -3.23503494e-01 -6.16303802e-01
    -1.14495754e-02 2.26076126e-01 -7.11955369e-01 -5.30535042e-01
    1.26737118e-01 -2.19576895e-01 5.89733720e-02 -8.14925551e-01
    -2.08427310e-02 -3.90947521e-01 -8.08120966e-02 -1.72826469e-01
    -2.25422144e-01 4.88737822e-02 -6.48806274e-01 -4.67738509e-02
    -6.18713021e-01 -7.07655549e-02 -3.52085769e-01 -7.61470795e-02
    -5.74206233e-01 -1.86745048e-01 -5.03591299e-01 -2.27783233e-01
    -2.43747354e-01 1.05422854e-01 -2.09796786e-01 -7.35658765e-01
    -1.42390728e-01 -2.14323699e-01 3.79705429e-03 7.74483681e-02
    -3.42138499e-01 3.52925539e-01 -2.95544863e-02 1.49287820e-01
    -2.14790523e-01 -2.71245837e-02 -1.36254311e-01 -4.90204692e-01
    -9.57510471e-02 -1.81144893e-01 8.03250670e-02 -5.04724383e-01
    -5.24371386e-01 6.34179115e-02 -1.74670339e-01 1.53367221e-01
    9.47546959e-02 -1.81142896e-01 -1.88128352e-01 3.00767541e-01
    3.90297174e-03 1.79384887e-01 3.69127989e-02 -2.42871106e-01
    1.56188011e-01 -3.58457714e-01 -5.40243149e-01 -1.45807266e-02
    -7.57933855e-02 -6.99668348e-01 -2.44018078e-01 -2.65349418e-01
    1.76313996e-01 -3.66116524e-01 -1.21378183e-01 -6.34463012e-01
    -3.04576993e-01 -2.79497206e-01 4.92316484e-03 -4.06392962e-01
    -2.33796000e-01 -5.15819788e-01 2.95376658e-01 -6.38653755e-01
    7.88220167e-02 6.50192499e-02 -2.03124583e-01 -1.81323886e-01
    -3.46789181e-01 -3.36461544e-01 -1.79942191e-01 -3.26702476e-01
    -1.12580657e-01 2.78337002e-01 -1.17695272e-01 2.04984605e-01
    -3.63656223e-01 1.46557093e-02 -4.74022031e-02 -2.77940154e-01
    -5.52824020e-01 -6.14980698e-01 3.32707465e-01 1.43746972e-01
    -5.14589846e-01 -9.72949862e-02 1.33457899e-01 1.74487054e-01
    -1.44464165e-01 -4.92487520e-01 8.14759135e-02 2.91137159e-01
    -5.53518772e-01 2.11265206e-01 -6.86421394e-01 -5.53737998e-01
    -4.79782492e-01 7.50706792e-02 7.00168014e-02 -4.80426908e-01
    -7.07897007e-01 -3.15738499e-01 -1.97681904e-01 -6.25975013e-01
    -4.48203832e-01 -7.75213718e-01 -2.10885346e-01 -3.64377439e-01
    1.61517620e-01 1.41812801e-01 -5.15725851e-01 -7.11141825e-02
    -6.11586332e-01 -4.02853072e-01 2.01181948e-01 -2.89890528e-01
    1.37913644e-01 -6.09387517e-01 -6.43715143e-01 -3.88114512e-01
    -3.89217257e-01 -3.19272518e-01 -1.14328504e-01 -7.03454792e-01
    -2.77782142e-01 -5.24650812e-02 -1.87767148e-01 -6.66786432e-01
    -3.22417498e-01 -7.84785211e-01 -1.22484744e-01 -3.80404860e-01
    -4.12742496e-02 -1.68182552e-01 1.14779830e-01 -1.01975799e-02
    1.41493678e-02 -4.34608459e-02 -5.28426647e-01 -2.43735790e-01
    -2.84364820e-01 1.96313858e-03 1.84170663e-01 -5.61995387e-01
    -3.02653372e-01 1.23530984e-01 -1.39129519e-01 -3.95857453e-01
    -3.85640204e-01 3.39241028e-01 -3.93149912e-01 -8.22115242e-02
    -5.08284986e-01 -2.74378777e-01 3.68579924e-01 1.35739923e-01
    -4.06829000e-01 1.56808496e-02 2.03298748e-01 -4.74038661e-01
    -1.98861599e-01 -7.44503617e-01 -3.77052337e-01 -6.69327319e-01
    -6.15849376e-01 8.67965221e-02 -7.12140203e-01 -5.47105789e-01
    -5.44738293e-01 -4.13338661e-01 -3.34224731e-01 3.28888535e-01
    -8.02743435e-03 -2.15362221e-01 -2.55836666e-01 -6.49563074e-01
    -5.39604306e-01 1.68014050e-01 -5.85549414e-01 -4.43286180e-01
    -4.69205558e-01 -5.04869819e-01 -3.29899073e-01 9.28287506e-02
    -1.19750559e-01 -1.96939409e-01 -4.67792243e-01 -2.13445783e-01
    8.82129669e-02 -5.91541409e-01 -4.97576594e-02 -1.09377503e-01
    -1.10378027e-01 3.41741204e-01 -2.37704635e-01 -5.07383585e-01
    -5.39556921e-01 -5.40421128e-01 2.05600202e-01 -4.89232063e-01
    -4.80725616e-01 1.40220702e-01 -1.18748963e-01 -1.65333509e-01
    3.24058294e-01 -2.98343599e-01 -3.76701832e-01 -3.15477371e-01
    2.03820944e-01 -5.13499022e-01 -3.36532444e-01 -6.04376972e-01
    -2.25722730e-01 -7.24379361e-01 -6.44187033e-01 -2.77682722e-01
    -1.39845014e-02 2.04020739e-03 -3.94706637e-01 1.61074102e-01
    -3.13985109e-01 -1.48545384e-01 -3.63443285e-01 -5.58911085e-01
    -4.32465494e-01 -6.45637393e-01 -3.83797526e-01 7.73798227e-02
    -3.82731378e-01 -1.46509349e-01 -2.15111494e-01 8.66033435e-02
    1.39454603e-02 5.96944094e-02 -2.98728406e-01 -3.70661855e-01
    -1.36828721e-01 -7.29163170e-01 -4.62896764e-01 2.07375884e-01
    -5.24658799e-01 -5.49318671e-01 -3.05804908e-01 -6.07156217e-01
    5.61661124e-02 2.73427308e-01 -2.48440444e-01 -6.72861159e-01
    3.40844393e-02 2.35220492e-01 -1.00251138e-01 -7.62587428e-01
    -2.52428055e-02 2.10722685e-02 -2.34448314e-01 6.32091761e-02
    5.38354516e-02 -7.96030283e-01 -7.08668053e-01 -6.35488212e-01
    2.49337912e-01 1.09789133e-01 -5.10554433e-01 -7.42608666e-01
    7.46125579e-02 -5.75373769e-02 8.45038891e-02 -3.84158969e-01
    -2.72395253e-01 -8.71648788e-02 2.37031162e-01 -5.29582441e-01
    -9.37587023e-03 -1.14642203e-01 -3.97151113e-02 -6.81018054e-01
    -5.60356259e-01 -5.09318709e-01 -1.38480067e-01 -2.95515418e-01
    2.92888284e-01 -4.42409635e-01 -5.18818736e-01 1.46732152e-01
    -5.22269130e-01 -2.22200751e-01 -2.58539796e-01 3.22972476e-01
    -3.39688957e-01 -4.47484523e-01 1.73548162e-01 -5.54342449e-01
    -1.17994964e-01 1.82984173e-01 -6.22017980e-02 -3.01172227e-01
    -5.07067680e-01 -6.15946174e-01 -2.06019461e-01 8.52498412e-02
    1.38467312e-01 -6.67653859e-01 2.25098312e-01 2.48095393e-01
    -5.03319621e-01 -2.33405709e-01 2.47240722e-01 -5.43376625e-01
    -5.26153445e-01 -3.72196257e-01 1.01420999e-01 -5.16483128e-01
    -2.79342055e-01 -1.03458107e-01 -1.01184219e-01 2.93116093e-01
    -4.80341911e-01 -4.86006081e-01 6.32370710e-02 -5.65601230e-01
    5.10534048e-02 -4.23209071e-01 4.80013490e-02 8.14914107e-02
    2.41109550e-01 -5.61396003e-01 -2.54644006e-01 -4.92290944e-01
    -4.59663630e-01 1.15188122e-01 -6.56194687e-01 -5.96712351e-01
    2.68226445e-01 -1.72854662e-01 8.46382380e-02 -1.41211033e-01
    -5.77277541e-02 -5.45710087e-01 -1.71591789e-01 2.34326243e-01
    -2.82856822e-02 -4.89076972e-02 6.98801279e-02 -4.07826185e-01
    -5.59037328e-01 2.08976388e-01 -5.08895278e-01 -1.80050701e-01
    -4.46717560e-01 -2.57573962e-01 -3.69507492e-01 -2.50255346e-01
    1.89809203e-01 -7.14246631e-01 -2.13259101e-01 2.78131902e-01
    -6.47359133e-01 -1.28653169e-01 -3.87872040e-01 3.06506157e-02
    -3.12896252e-01 -1.55165911e-01 9.32313204e-02 -6.10297322e-01
    -2.29332566e-01 -7.05925226e-02 -8.69964957e-02 2.37050653e-01
    -3.67931575e-01 -4.42534178e-01 -2.61127293e-01 -1.07231319e-01
    -7.15060771e-01 -4.72363651e-01 2.16676176e-01 2.32397795e-01
    -2.00002193e-02 -6.16207659e-01 -6.64502144e-01 1.15572214e-02
    -9.43234563e-02 1.61622345e-01 8.44644904e-02 -2.33393550e-01
    -4.53666449e-02 1.25619769e-01 6.81999326e-02 -1.09910786e-01
    -3.51023257e-01 -6.68640018e-01 -7.05958724e-01 -3.64255488e-01
    -9.95348692e-02 -7.08530545e-02 -6.37652278e-01 -6.32193327e-01
    -4.14561033e-02 -3.44420135e-01 3.62076759e-02 -6.79473162e-01
    -5.25026798e-01 8.54072571e-02 -6.12670541e-01 -4.10571039e-01
    -7.31877089e-02 1.15910947e-01 -3.40221524e-01 -2.79268950e-01
    -5.26929736e-01 -8.35131407e-02 2.23089159e-01 -1.78820014e-01
    -2.81518638e-01 -1.83560371e-01 -6.51714265e-01 -5.74991107e-02
    -4.08495069e-02 1.23807132e-01 -2.05219686e-01 -4.25124258e-01
    -2.44979203e-01 1.58345520e-01 -5.35127044e-01 -4.06950712e-03
    2.42261291e-02 -4.28457856e-02 -4.61301208e-01 -1.48246467e-01
    -6.67642832e-01 9.00886059e-02 2.50508428e-01 -7.86542892e-04
    1.77556276e-02 -4.60814238e-02 -4.72243249e-01 -5.21944404e-01
    1.35036707e-01 3.61034274e-02 -2.31255442e-01 -4.87515152e-01
    -4.32979941e-01 1.54060423e-01 -1.91762656e-01 -2.30377913e-03
    -4.20647025e-01 -1.60965443e-01 9.92472768e-02 -4.04461116e-01
    -7.58466721e-01 2.55591512e-01 1.04006946e-01 -5.14667571e-01
    -1.78405106e-01 -1.97961867e-01 -6.65850639e-01 -4.35734391e-01
    -4.33318764e-01 -3.16698194e-01 -1.20288134e-02 -3.09079826e-01
    -1.19099498e-01 -2.43716717e-01 -1.98359609e-01 -2.10889757e-01
    -2.83327937e-01 5.61233163e-02 1.35873854e-01 -3.35524559e-01
    -2.28053391e-01 -5.50589085e-01 -5.38471341e-02 -2.94014752e-01
    -2.56666720e-01 -7.91735053e-02 -6.72306538e-01 -5.26621222e-01
    2.61550069e-01 -5.63613355e-01 -3.58012319e-02 -5.02039313e-01
    -2.35151529e-01 -2.40401566e-01 1.67415738e-01 -3.62022996e-01
    -6.64285958e-01 1.27112567e-01 -3.43952894e-01 -1.79351151e-01
    2.30179310e-01 -4.35245872e-01 -4.64835882e-01 2.49908745e-01
    2.75743783e-01 -6.17104352e-01 -6.97059155e-01 -5.20650983e-01
    -4.65988785e-01 3.59796405e-01 6.90516829e-02 -4.14510369e-02
    1.34709597e-01 1.37270451e-01 -5.04076362e-01 -2.44580507e-01
    -3.75543296e-01 -2.79305577e-02 -7.23817468e-01 5.01841307e-03
    1.26565278e-01 -8.19836855e-01 -4.59084809e-01 1.33113265e-02
    -3.38774920e-02 -1.74145758e-01 -5.35504699e-01 2.70404816e-01
    -3.69694799e-01 -3.21665347e-01 -1.84858054e-01 5.13590574e-02
    -1.04328156e-01 2.83018053e-01 8.28564763e-02 -2.45139062e-01
    -5.13049722e-01 2.75779426e-01 -2.86422014e-01 -3.93723786e-01
    -1.52130425e-01 -2.22564071e-01 -2.44362593e-01 -1.20453537e-01
    -1.71638012e-01 -1.79536760e-01 -4.01617438e-01 -5.99058628e-01
    -1.58151388e-02 2.37357616e-03 -2.88599849e-01 -3.99059743e-01
    9.88894701e-02 1.15519226e-01 -2.25868762e-01 -4.84918535e-01
    -6.81538999e-01 2.06476748e-01 -7.04053879e-01 -6.45088077e-01
    -4.50703382e-01 -4.38105047e-01 -3.51809382e-01 -6.92002773e-01
    -6.66423142e-01 1.04807317e-01 1.29686475e-01 -3.82807255e-02
    9.63975191e-02 -7.78035998e-01 -5.06963074e-01 1.02743983e-01
    -5.65401793e-01 -7.54064918e-02 2.13718951e-01 -2.90215909e-01
    -4.66286510e-01 3.32308412e-02 -2.42679656e-01 -2.11170316e-02
    7.28005171e-02 1.44465983e-01 8.95830393e-02 3.48842144e-02
    -5.67780733e-02 5.09382486e-02 1.47660077e-01 -5.47112107e-01
    6.97561502e-02 -3.55630964e-01 -1.66997910e-02 -2.20474482e-01
    -1.74027920e-01 -1.83256865e-01 -4.19149905e-01 3.51125598e-02
    -1.71506882e-01 3.41923833e-02 -3.94667089e-01 -2.90868521e-01
    -5.42853177e-01 -2.97119260e-01 -4.66070175e-02 -4.05241251e-02
    1.70573771e-01 2.84787774e-01 -5.61697364e-01 -4.74914640e-01
    -7.14304030e-01 -7.97006726e-01 8.45183730e-02 -1.51725471e-01
    4.12307978e-02 -1.66688621e-01 -6.20316088e-01 -2.82445669e-01
    -2.23627090e-01 9.61956382e-02 -4.86067533e-02 -3.61508369e-01
    -6.28082871e-01 -2.00760961e-02 -1.53002620e-01 1.31473422e-01
    -6.02417350e-01 -2.61204869e-01 6.43930435e-02 -1.40967906e-01
    -4.82475489e-01 1.30139053e-01 -5.53871751e-01 -2.99808204e-01
    -3.36547196e-01 -5.05850434e-01 -8.36474299e-02 -5.53090572e-01
    -1.21150017e-01 -1.96997732e-01 5.36239743e-02 2.40841746e-01
    -6.03533387e-01 -3.45157206e-01 1.92240536e-01 -2.68855482e-01
    -7.34372139e-02 -2.59907365e-01 -7.80695677e-03 -2.27395415e-01
    -3.21957827e-01 -6.50737941e-01 -4.97363210e-02 1.15396321e-01
    -3.54669213e-01 -2.45516598e-01 -1.93074644e-01 -4.97159928e-01
    -3.59521151e-01 3.63245010e-02 -2.05987066e-01 -6.30905807e-01
    -1.85143292e-01 -8.65916014e-02 1.93502188e-01 9.22933817e-02
    -4.74532843e-02 -7.26175308e-02 -1.34457886e-01 -6.68681145e-01
    1.46629870e-01 3.29950392e-01 -4.97481257e-01 -5.57087541e-01
    2.74712980e-01 -4.28512782e-01 -5.41602015e-01 -6.98139071e-02
    2.81911969e-01 -6.72595382e-01 -5.62340379e-01 -4.40047741e-01
    -4.67443824e-01 -6.97055221e-01 1.86088562e-01 -1.77912712e-01
    5.15753031e-03 -2.86419392e-01 -6.75592422e-02 2.14588583e-01
    -3.61283541e-01 -4.37490046e-01 1.39470577e-01 -6.06935799e-01
    1.11036718e-01 -2.89082527e-05 -4.60947275e-01 -4.26568985e-02
    -5.67344308e-01 -1.79009318e-01 -5.34036517e-01 -4.44699973e-01
    1.65946841e-01 -4.55183983e-02 1.86422944e-01 2.20537841e-01
    -5.22673726e-01 -1.33430183e-01 9.49153304e-02 -3.31572622e-01
    -3.12572122e-01 1.91541553e-01 -2.34146118e-01 -6.10108018e-01
    -4.89230156e-02 -1.01380348e-02 4.54655290e-02 -6.85765207e-01
    -7.93865323e-02 -6.72329724e-01 -1.33152485e-01 -6.28232598e-01
    5.88369370e-03 -1.46289527e-01 -7.92858005e-02 2.46800244e-01
    -4.50119942e-01 -5.00234485e-01 9.86745358e-02 -6.51729405e-01
    -3.40339422e-01 -5.00143409e-01 -3.42444807e-01 -4.72795844e-01
    -5.67836344e-01 -4.15978312e-01 -3.45446050e-01 3.34935308e-01
    -4.85705376e-01 -1.16250575e-01 -6.17884994e-02 2.65984654e-01
    -4.20397162e-01 -6.32484436e-01 4.45095301e-02 -3.34729075e-01
    -1.30731583e-01 -6.01261377e-01 -1.95528209e-01 -1.39478862e-01
    2.12615073e-01 -2.89353430e-01 -1.82068884e-01 -1.23316228e-01
    6.91329837e-02 -5.25095701e-01 -8.60870063e-01 -6.90907836e-01
    4.65434790e-03 -5.91952085e-01 -6.28337681e-01 -4.72421646e-02
    9.93964672e-02 1.92946732e-01 1.22765601e-01 -2.79754996e-02
    -4.25024599e-01 -2.59942293e-01 -2.41122961e-01 -2.57445455e-01
    -6.55867696e-01 2.23470807e-01 -4.37722325e-01 -6.66280270e-01
    1.70932889e-01 2.13584960e-01 -5.80463290e-01 -1.79529607e-01
    2.31337249e-01 -2.01925278e-01 -4.07218874e-01 -4.09222007e-01
    -3.23401451e-01 -5.55306792e-01 6.68080449e-02 2.32839584e-03
    -5.46301603e-01 2.22890377e-02 -2.45432854e-02 -5.42101979e-01
    1.21384025e-01 -2.35815972e-01 -4.45787519e-01 1.32791340e-01
    -5.99170804e-01 -8.07198882e-02 -4.82484698e-02 -6.08350873e-01
    1.67587638e-01 1.19399488e-01 -3.37678105e-01 -3.61900628e-01
    2.39316285e-01 -1.77566618e-01 -8.69249701e-02 3.16931725e-01
    -1.50328845e-01 -4.51731026e-01 -4.22544241e-01 -6.94716275e-02
    -3.36070299e-01 -3.89349282e-01 -3.36128891e-01 -3.31732422e-01
    1.93108499e-01 -1.07173681e-01 -6.28995478e-01 -9.17796493e-02
    -4.21434045e-02 -1.02359414e-01 -1.13047779e-01 2.12712288e-02
    -3.23981762e-01 -4.80840802e-01 -6.40944242e-01 -5.99662423e-01
    -4.18674022e-01 -6.34894490e-01 -6.10590577e-02 5.43884039e-02
    -4.56206799e-01 5.35377860e-02 -4.32068169e-01 -3.81020546e-01
    4.24186587e-02 -3.12017918e-01 -3.16702962e-01 1.35975480e-01
    -3.24361801e-01 -5.51189661e-01 -5.96449494e-01 -4.57792044e-01
    -4.96130556e-01 2.12783039e-01 -5.29522419e-01 -1.87672496e-01
    -2.42744237e-01 5.85228205e-03 -8.57673347e-01 5.85122705e-02
    -3.36255610e-01 -5.47933578e-02 -3.05157721e-01 -4.16196376e-01
    1.90248966e-01 -2.53503144e-01 -1.19082093e-01 -2.87711143e-01
    -6.01962566e-01 -5.68635225e-01 8.95386338e-02 -4.87655014e-01
    -6.56043172e-01 -3.34471643e-01 9.30302143e-02 1.24912679e-01
    -7.56018996e-01 -2.13373661e-01 8.47494602e-02 -3.40206802e-01
    -1.12592399e-01 1.09563649e-01 -5.26482582e-01 -2.86283195e-01
    -8.62560868e-02 -7.19913840e-02 2.33749509e-01 -3.69338274e-01
    1.41283870e-02 -6.77510858e-01 1.55144930e-01 2.87351310e-01
    -2.76033819e-01 -6.39890730e-01 -7.27591515e-02 -2.37431616e-01
    8.54864120e-02 -6.44084573e-01 1.64392769e-01 -2.55500942e-01
    1.46253109e-01 -5.80836296e-01 1.70756578e-01 1.06738627e-01
    -5.04341125e-01 -6.37329936e-01 1.09028935e-01 -1.01897717e-02
    -7.57123828e-02 -6.70143843e-01 -2.32473373e-01 -5.63780308e-01
    -1.62412763e-01 7.48257041e-02 -1.42029852e-01 -2.40804613e-01
    -3.62498999e-01 -4.29232389e-01 -3.37918043e-01 -3.54757309e-02
    2.09723711e-02 -4.16890591e-01 -4.91181016e-02 1.63713753e-01
    -5.25335073e-01 -9.42482650e-02 -1.65743977e-01 -5.52501440e-01
    -9.81792808e-02 -4.58194047e-01 -9.24143791e-02 -6.92775249e-01
    3.53700519e-02 -5.34508407e-01 -3.18345517e-01 -4.48223293e-01
    -1.68275654e-01 -2.49294221e-01 -2.18917489e-01 -4.19247568e-01
    -1.54111832e-01 -1.84004903e-01 1.58953905e-01 -3.92180502e-01
    8.49630833e-02 -3.38430762e-01 -3.73347104e-01 2.41059065e-01
    3.78208041e-01 -4.66439933e-01 -7.08303452e-02 -1.02926493e-02
    -1.17204607e-01 -1.19509161e-01 -5.17342865e-01 -3.33777189e-01
    -6.15713596e-01 -3.13025713e-03 1.46019995e-01 -6.50981009e-01
    -4.24629450e-02 -7.51583636e-01 -9.50052738e-02 -3.13937753e-01
    1.82365358e-01 -2.37645984e-01 -6.65243864e-02 -2.00548649e-01
    -5.97697973e-01 4.81622219e-02 -2.86205798e-01 -6.66094303e-01
    -2.14422345e-02 -6.41966701e-01 1.22799873e-02 -1.62319660e-01
    -1.41618252e-02 -5.61854720e-01 -5.03356755e-01 7.20951557e-02
    -1.42495811e-01 -9.81243253e-02 -2.17497349e-04 7.36258030e-02
    6.73896074e-02 1.66650951e-01 -4.74245876e-01 1.81944907e-01
    2.18432903e-01 -1.07542276e-01 3.53589058e-02 -4.11562055e-01
    -4.70948219e-03 -6.97752655e-01 -3.28748822e-02 -1.95357531e-01
    -2.01450676e-01 -3.87693048e-01 2.94262469e-01 1.48385227e-01
    6.99794292e-03 1.01459444e-01 -2.14126796e-01 -6.26771212e-01
    -1.96537375e-01 -2.32833952e-01 -3.98194790e-03 1.14166915e-01
    -3.97331715e-02 -6.71047866e-01 -8.47966075e-02 -2.75618702e-01
    -4.66696233e-01 -4.63719845e-01 1.86017454e-01 1.18265331e-01
    -3.01970422e-01 -7.69563794e-01 1.59386277e-01 1.44983351e-01
    -1.97508335e-02 1.58580780e-01 1.38885200e-01 -4.23437417e-01
    -2.39318728e-01 -2.40847558e-01 -5.86142719e-01 -6.16849542e-01
    -5.04240215e-01 1.02407038e-01 -6.07415438e-01 -3.88353467e-02
    -3.91725540e-01 -5.65024674e-01 3.92459631e-02 -1.94511235e-01
    -3.26616704e-01 -5.85266948e-01 -1.27284259e-01 3.73759270e-02
    1.77109122e-01 -3.36844802e-01 -5.07205188e-01 -3.06547165e-01
    -1.95437670e-03 -1.16586804e-01 -3.30887198e-01 -6.93713427e-02
    3.41220737e-01 -2.54474372e-01 3.91396880e-02 -4.24910426e-01
    -2.53785312e-01 -1.77272081e-01 -4.40610796e-01 -3.39311481e-01
    -5.00259936e-01 -2.96062768e-01 -4.13746834e-02 -6.33381963e-01
    -1.25118911e-01 -3.11886132e-01 1.11669600e-01 -5.32039523e-01
    -4.98381883e-01 -1.50201499e-01 -1.75510764e-01 -4.15714085e-01
    1.57367468e-01 -4.25859392e-01 -5.13961434e-01 -3.66212398e-01
    -4.18259501e-02 -4.94864494e-01 -9.23601687e-02 5.97405434e-02
    -2.27610886e-01 -6.31394088e-02 4.27248299e-01 -2.68358707e-01
    -1.30070716e-01 1.56288862e-01 2.60977149e-01 2.56746888e-01
    -4.16952372e-02 1.14954531e-01 -2.53550351e-01 -6.99047804e-01
    1.62946582e-01 -8.96768570e-02 -2.67279744e-02 -6.24019265e-01
    -1.93728924e-01 -3.21714401e-01 -2.36555606e-01 5.74250221e-02
    -3.08385193e-01 8.95861983e-02 -2.62305140e-02 -2.20418155e-01
    -4.06028152e-01 -4.01431441e-01 -3.31150711e-01 8.64754915e-02
    -2.07976282e-01 2.10273743e-01 -5.76393843e-01 -4.86005187e-01
    -2.58207679e-01 -5.20307720e-01 -5.19960523e-02 -5.39868832e-01
    1.01032615e-01 -5.23190737e-01 -6.24745369e-01 -3.12973827e-01
    2.96874642e-01 -6.31806016e-01 -1.79352164e-01 -5.07487059e-01
    -5.03608704e-01 -4.53562558e-01 -2.15321988e-01 2.21840680e-01
    -1.07674599e-01 2.16713607e-01 -3.71603876e-01 -4.35229152e-01
    -6.19501472e-01 -5.03906727e-01 1.21734142e-01 -4.41798180e-01
    -8.12473893e-02 1.98464036e-01 -6.95804954e-02 -4.02689815e-01
    -6.67222440e-01 -3.99008334e-01 4.24904227e-02 -2.55063355e-01
    1.09531045e-01 -2.49005973e-01 -3.81690264e-03 -6.57871962e-01
    -1.26708627e-01 -1.39413416e-01 -1.41278863e-01 -3.76377404e-01
    -3.51724744e-01 -3.00478756e-01 -5.00918329e-01 -3.05512547e-02
    -2.58330882e-01 1.19734466e-01 -1.59629524e-01 -5.42736769e-01
    -3.16133440e-01 -5.03362894e-01 2.90858150e-01 2.04640031e-02
    -7.13248014e-01 -7.61673093e-01 -1.92799270e-01 9.01233554e-02
    -9.34976339e-02 1.84840560e-02 1.85108185e-01 1.61147773e-01
    -4.35363144e-01 2.64472365e-01 -3.70080441e-01 -1.41626567e-01
    -3.61497998e-02 8.91093016e-02 -4.03959155e-02 1.39006376e-02
    -7.23255157e-01 -7.19972610e-01 2.89181054e-01 -2.58735716e-01
    -6.75006032e-01 -2.44767338e-01 -6.13543868e-01 -5.59357226e-01
    -3.29640597e-01 -2.20379233e-02 -2.72195458e-01 -7.18519032e-01
    -5.78808546e-01 -1.41925216e-01 -2.72921234e-01 4.15886641e-02
    -3.48134786e-01 4.77496386e-02 -4.69121844e-01 2.23340392e-01
    -7.02438176e-01 -6.27034485e-01 5.08119464e-02 1.31228864e-01
    -5.50617576e-02 -5.75244308e-01 -1.87619776e-01 3.51542473e-01
    -3.29434603e-01 -9.71965194e-02 -5.00476420e-01 -1.82793319e-01
    -1.46857262e-01 -3.42737436e-02 -1.94022834e-01 2.37511516e-01
    -7.04867005e-01 2.32813537e-01 5.61617017e-02 -6.49850965e-02
    -5.03239393e-01 -4.54588950e-01 9.39912796e-02 -2.50206470e-01
    -5.74107766e-01 -1.71444863e-01 -5.50822020e-01 -5.01494586e-01
    -4.00193244e-01 -2.76293844e-01 -8.42938423e-02 -6.16426528e-01
    2.68922448e-01 -3.36071372e-01 -3.46882224e-01 6.88408017e-02
    -2.58172333e-01 2.21110404e-01 -5.37489414e-01 -5.86349010e-01
    3.16929221e-02 -1.87440217e-01 -3.56917024e-01 -5.08433223e-01
    1.37050033e-01 -2.69579411e-01 -4.89326656e-01 -2.84999728e-01
    -2.91267544e-01 -3.34914327e-02 -6.74565077e-01 -5.91019988e-01
    -1.98223174e-01 2.18841195e-01 -6.87772036e-02 -3.74044418e-01
    -6.25451267e-01 2.77920663e-01 -3.42539012e-01 -4.91380692e-03
    -1.33954108e-01 -3.86563540e-01 -3.55811596e-01 1.87890530e-02
    -5.65988541e-01 -5.19554973e-01 -4.55773175e-01 -5.29574990e-01
    -1.50373399e-01 4.33212519e-02 -3.61405551e-01 -3.52446735e-01
    -3.93619537e-02 8.81953239e-02 2.62479126e-01 -3.84412438e-01
    -5.06798506e-01 -4.48602557e-01 -7.48889923e-01 -2.62891233e-01
    -3.18976581e-01 -4.68814969e-02 -3.78861338e-01 -3.62765789e-03
    -4.16060090e-02 -2.23670155e-01 2.37018585e-01 -5.48881292e-02
    -2.18695223e-01 -1.42807364e-02 -7.59932399e-02 -5.50546587e-01
    2.61993349e-01 -3.28983903e-01 3.42134833e-01 -4.26750809e-01
    -4.85882163e-02 2.92874217e-01 -1.05655283e-01 -4.84938681e-01
    -4.80272561e-01 -4.04082417e-01 -3.79262298e-01 -3.54895502e-01
    -3.99480760e-01 -4.07378078e-02 -1.90560341e-01 -3.65650892e-01
    -4.32468414e-01 -4.50635374e-01 -2.73491263e-01 1.00932896e-01
    -3.27754945e-01 -2.45987177e-02 -4.24307942e-01 2.77872860e-01
    -6.77446246e-01 -6.29647136e-01 -2.82856971e-01 -5.75612187e-01
    -3.13192785e-01 -4.81373072e-03 -3.02632213e-01 -4.37937230e-01
    -5.23302674e-01 3.32134843e-01 -1.34426951e-01 -2.13661313e-01
    -3.83957207e-01 -3.82984042e-01 -2.01798558e-01 -9.69040394e-03
    -2.99804837e-01 -9.27706361e-02 -2.91685283e-01 -2.92853653e-01
    2.33142853e-01 -3.26734126e-01 -3.78296882e-01 -2.49906123e-01
    -2.35393077e-01 -4.92898583e-01 -6.32545352e-01 -1.25083148e-01
    -3.28291416e-01 -2.41339743e-01 -5.05823970e-01 -4.36437786e-01
    1.45584643e-01 -3.11452806e-01 -2.05198586e-01 2.17376292e-01
    -6.53370619e-02 -2.89229244e-01 -6.03340328e-01 -3.23204875e-01
    -1.24005437e-01 -6.81848168e-01 -2.37404764e-01 -4.53315556e-01
    -1.42416418e-01 -4.47042882e-01 7.56685734e-02 -1.63393617e-02
    2.89199531e-01 -4.73561704e-01 -5.98948777e-01 -3.01638991e-01
    1.22252107e-02 -5.48781157e-02 -2.84928143e-01 2.32161641e-01
    -4.33510572e-01 2.67204762e-01 -5.09157419e-01 1.83077157e-01
    -4.21336830e-01 -1.79471970e-02 -2.94444561e-01 1.79467201e-02
    9.67949033e-02 1.68772936e-02 -1.70481861e-01 -5.63914418e-01
    -1.97009593e-01 -4.82866853e-01 -4.85840201e-01 2.99704552e-01
    2.85934985e-01 -6.70486689e-01 -3.18488657e-01 -2.08354771e-01
    -4.56109792e-01 -5.16239464e-01 8.28176141e-02 -1.23952389e-01
    -3.00298929e-01 1.49711490e-01 -5.91105819e-02 -2.24436164e-01
    -6.79927707e-01 -8.50340128e-02 -6.66154861e-01 -2.38416791e-02
    -5.18098772e-01 -1.77669346e-01 -1.97078288e-01 2.73453653e-01
    -2.68900692e-01 -8.06185961e-01 -5.96114695e-01 -3.20687234e-01
    -3.99926305e-02 -6.50784671e-01 -1.01431549e-01 2.97022462e-02
    1.88963115e-01 -6.64528847e-01 -4.84970242e-01 2.05718935e-01
    -2.86352009e-01 5.17526865e-02 -3.28463376e-01 1.81090713e-01
    -7.15852380e-02 -2.82056481e-01 -5.00289977e-01 -6.09193087e-01
    -4.75285649e-02 -5.14186561e-01 -7.51092434e-02 -5.22852540e-01
    -9.99943316e-02 -5.06433368e-01 -1.35317683e-01 -6.59833550e-02
    -6.57961130e-01 -3.84731889e-01 -6.13325596e-01 1.68554306e-01
    2.59724975e-01 -1.75791383e-02 3.46797168e-01 7.73521662e-02
    2.53551900e-01 1.88922822e-01 1.43773377e-01 3.81184220e-02
    5.30859828e-02 -4.47612464e-01 -3.86497766e-01 -3.82071733e-03
    -9.30778384e-02 7.76586533e-02 -3.69501770e-01 -3.17153007e-01
    4.63880897e-02 -7.42316842e-02 -1.23658538e-01 -3.24704140e-01
    1.01043046e-01 -1.47004366e-01 -2.79459596e-01 -2.70460695e-01
    -5.03458977e-01 -6.69913054e-01 -3.25961590e-01 1.94348216e-01
    -2.75012493e-01 -3.99318039e-01 -4.46054935e-01 2.40744770e-01
    -5.69921136e-02 -3.86244059e-02 -6.48070574e-01 -4.44920540e-01
    7.61586428e-03 -6.62795305e-02 2.76843607e-01 9.20478106e-02
    -2.04764009e-02 -2.67083466e-01 -3.07645470e-01 -3.18583846e-01
    3.35274398e-01 -5.47334671e-01 1.13591969e-01 -2.08530515e-01
    -2.97277689e-01 -1.54089451e-01 -6.57577515e-01 -3.00817400e-01
    -7.53262877e-01 9.71536636e-02 -4.02849883e-01 -5.87123632e-02
    -4.38627779e-01 -1.74181938e-01 6.56964183e-02 -4.83635783e-01
    -1.72725320e-02 -3.56209636e-01 -5.76963305e-01 -1.41759574e-01
    2.32763112e-01 -3.14677477e-01 7.29421973e-02 1.96672559e-01
    2.09504426e-01 -5.77374101e-01 -7.44742751e-02 1.66879892e-01
    -4.71757352e-01 -5.39333224e-02 -4.65036869e-01 -5.50843358e-01
    -3.76804590e-01 4.03673649e-02 1.22603476e-01 9.67920423e-02
    -4.65724766e-01 2.68556535e-01 -4.07336801e-01 -6.15962923e-01
    -3.11141074e-01 -2.14532614e-02 1.83223844e-01 -2.66134590e-01
    -4.76221740e-01 -6.79023504e-01 -1.27538323e-01 -1.23890638e-01
    -3.28502357e-01 2.16120660e-01 2.23711073e-01 -3.48079175e-01
    -8.25817704e-01 -6.41318917e-01 -2.83963680e-01 -6.59719944e-01
    1.54511750e-01 7.18489289e-02 -5.97935677e-01 1.59797192e-01
    -6.81348443e-02 -5.39926410e-01 -2.68345475e-02 -1.51072145e-01
    -6.64272368e-01 -6.40229583e-02 -5.75705767e-01 -3.82084191e-01
    -6.57734275e-01 -1.62487507e-01 -5.12739003e-01 -9.12464857e-02
    6.87784553e-02 -4.02885109e-01 -2.55822837e-01 6.45778775e-02
    -6.50263667e-01 9.50832367e-02 -6.06032968e-01 -4.49743539e-01
    -2.60635138e-01 -5.75818300e-01 -8.36811662e-02 -5.61333060e-01
    1.62964344e-01 -4.35428798e-01 -5.90252578e-01 -2.23923326e-02
    8.47704411e-02 1.70579553e-02 -1.36822522e-01 -9.20724869e-03
    -4.04232025e-01 8.17502737e-02 -5.43162823e-01 -4.71424252e-01
    2.10788906e-01 -4.90792066e-01 -1.21645212e-01 -2.06428289e-01
    -4.33681875e-01 -2.77368367e-01 -3.00842762e-01 -1.94909215e-01
    -3.65324616e-02 -1.69280171e-02 -4.08760428e-01 -3.99258584e-01
    -2.69340932e-01 -5.81036329e-01 -4.88684982e-01 -3.37309241e-02
    -4.48791593e-01 1.16709828e-01 -3.47504675e-01 -2.87848055e-01
    -2.16940165e-01 -2.34942615e-01 -1.04166865e-01 -3.13353240e-01
    -6.62555933e-01 2.01814771e-02 -1.26101553e-01 -2.05036879e-01
    1.05025887e-01 -3.28406632e-01 -4.60361272e-01 8.96856189e-02
    -3.22298914e-01 1.97862983e-02 -8.13771248e-01 -5.82453370e-01
    -2.20362544e-02 -2.80338526e-03 -3.58988672e-01 -2.13334918e-01
    -5.86249888e-01 7.08090663e-02 -3.37688029e-01 2.73332775e-01
    -2.67488956e-01 -6.84167147e-02 -1.89428806e-01 2.80209124e-01
    -5.65804601e-01 -5.42128325e-01 -4.37049925e-01 -2.61488736e-01
    2.33860016e-01 -3.64048779e-01 -7.43680418e-01 -2.55142391e-01
    1.01227283e-01 -1.64669752e-02 -6.55447006e-01 9.80249047e-02
    -7.26211667e-02 2.27692842e-01 -3.22676510e-01 8.19807649e-02
    1.75002456e-01 2.33827174e-01 9.76406336e-02 -2.27584064e-01
    -3.26153755e-01 -3.59822035e-01 -6.65816665e-02 -5.44400215e-01
    9.07493234e-02 -5.79767108e-01 -3.03725988e-01 -1.08046234e-01
    -5.55383265e-01 -3.58693361e-01 -9.06407833e-04 -1.90495729e-01
    2.60294557e-01 -3.29976201e-01 -6.41436577e-01 -3.12289000e-01
    2.49458373e-01 -2.79510021e-02 1.31816864e-02 1.41474187e-01
    -2.36959398e-01 2.55244076e-01 5.50756454e-02 -5.91110706e-01
    -2.38443404e-01 -1.76850557e-02 -2.46042639e-01 -1.91283286e-01
    -9.56501365e-02 -6.70256019e-02 2.53291070e-01 -1.38608217e-02
    -3.67233753e-01 -4.21505302e-01 -2.66443849e-01 -3.69785458e-01
    -2.40635872e-01 -2.73468792e-01 -4.43438321e-01 -2.41761684e-01
    -3.23099673e-01 -7.24159598e-01 1.09741807e-01 -3.58821929e-01
    -3.96210164e-01 -3.26303571e-01 2.81702042e-01 -4.27799821e-02
    2.06424594e-01 -3.84507775e-01 -3.04264486e-01 -2.47418851e-01
    -1.10752761e-01 -1.06116176e-01 -5.14617205e-01 1.59067631e-01
    1.64394736e-01 -1.38602316e-01 -2.57023692e-01 -3.88274968e-01
    -3.77701849e-01 -3.07879984e-01 1.12618923e-01 -3.27665746e-01
    -7.36762583e-01 2.48298347e-01 6.90144300e-03 -6.40074015e-01
    -3.19780678e-01 -5.54706573e-01 3.66873085e-01 -2.28546143e-01
    -1.33281708e-01 8.23755860e-02 3.36804032e-01 2.95871496e-01
    -5.24860978e-01 -6.31502867e-01 -5.32227874e-01 -4.44772243e-01
    -3.03253531e-01 2.46961117e-02 -3.47935975e-01 -3.36874098e-01
    -2.44858146e-01 -2.58430362e-01 4.04998660e-02 -3.42305928e-01
    -1.97110176e-01 3.05983484e-01 -8.86059999e-02 -5.78850508e-02
    -7.57806301e-02 -4.18994486e-01 -2.36913443e-01 -5.69421649e-02
    -2.53605843e-02 -4.15376723e-01 1.02242351e-01 1.09539330e-01
    -2.31656849e-01 6.54614568e-02 1.33746028e-01 -5.93008399e-01
    -5.28335035e-01 -1.51416898e-01 1.34931207e-01 -4.61727262e-01
    -2.58035004e-01 7.18711019e-02 -4.02345508e-01 -2.76556075e-01
    -5.45270562e-01 -7.79210925e-02 3.01551223e-02 -7.09551573e-02
    -6.54172659e-01 1.36437297e-01 -4.05085474e-01 -3.84597957e-01
    2.13700891e-01 -1.28988922e-01 -6.89264536e-02 3.23561966e-01
    -4.01248664e-01 -2.43711650e-01 2.20658779e-02 -3.14329624e-01
    2.00692534e-01 3.10170233e-01 -1.37582153e-01 -2.78932035e-01
    6.71086907e-02 3.19194198e-02 -1.58802748e-01 1.14010513e-01
    -1.52353168e-01 -3.91663373e-01 -3.12221617e-01 6.56545758e-02
    -6.42091632e-01 -4.88682568e-01 -4.28546667e-02 -1.27492487e-01
    -4.22252625e-01 1.58578336e-01 1.06921196e-02 1.23851299e-01
    -5.32085657e-01 -1.03852689e-01 -6.18404865e-01 -6.31946146e-01
    -3.29813331e-01 2.33940065e-01 -9.74431038e-02 -7.27794766e-02
    -1.52335405e-01 -3.84099007e-01 7.88837671e-02 6.57110810e-02
    -3.84099066e-01 -6.78652525e-02 3.73171329e-01 -6.64632618e-02
    -4.86110657e-01 3.83270085e-01 -1.01625770e-01 -6.52790070e-01
    1.67424262e-01 2.20942497e-03 1.06487870e-01 -3.56785089e-01
    -1.67624950e-01 4.74516749e-02 1.51635468e-01 2.45899975e-01
    1.64142311e-01 -3.40614170e-01 -3.62419069e-01 -1.24478221e-01
    1.92817211e-01 1.62033558e-01 -1.75542712e-01 -3.50350201e-01
    -1.20598495e-01 1.12314820e-01 1.64708197e-01 -4.38181609e-01
    -2.53253579e-02 -5.97543240e-01 2.28307724e-01 3.70211244e-01
    -7.05869794e-02 -1.95964873e-01 2.57388115e-01 -5.18638968e-01
    2.26183474e-01 -3.12713981e-02 -8.55346918e-02 -2.68076003e-01
    -3.76487374e-01 -5.11928916e-01 3.26646090e-01 1.57110572e-01
    -4.47297275e-01 -6.03975415e-01 -6.10902429e-01 3.04397166e-01
    -1.55460328e-01 1.21179342e-01 -2.28381574e-01 9.24000740e-02
    1.18374228e-02 -6.18847132e-01 -4.46178883e-01 -2.54114926e-01
    1.70364976e-01 -1.62185848e-01 -6.89029098e-01 -5.00286698e-01
    1.28219843e-01 4.84657288e-02 -1.65738761e-01 -2.34629154e-01
    2.32828379e-01 -2.58085072e-01 -6.46451235e-01 -5.46678782e-01
    1.09826982e-01 -2.24511564e-01 -5.91939688e-03 -9.63484645e-02
    -2.76949078e-01 -2.78558820e-01 -2.76435614e-01 -3.15507948e-01
    -4.88312423e-01 -3.17984790e-01 8.08584690e-03 2.70998478e-02
    1.86952651e-01 -2.21292257e-01 -8.19883227e-01 -1.89133883e-02
    -3.09181541e-01 -1.73244298e-01 -6.55158043e-01 6.15730882e-02
    -4.27433074e-01 -3.32248807e-01 -4.72389787e-01 -6.82916880e-01
    1.70540869e-01 -1.17892265e-01 -6.98706746e-01 -3.20356071e-01
    -9.19292569e-02 2.15728939e-01 7.07005262e-02 -2.95804143e-02
    -4.53075856e-01 -2.67368257e-01 4.50527072e-02 -3.45958710e-01
    2.23517716e-01 -1.28593504e-01 3.94040346e-03 -5.86255550e-01
    -3.47013384e-01 -4.13935781e-01 -5.97463250e-01 1.10392809e-01
    -1.15415752e-01 9.15785432e-02 -2.23075628e-01 -9.88212824e-02
    -4.40129578e-01 -5.73254764e-01 -4.06232953e-01 -1.31276518e-01
    -4.14696783e-01 -6.05111599e-01 -3.55023026e-01 1.92999363e-01
    -6.37180209e-01 -6.24799609e-01 -7.40355611e-01 -6.49873972e-01
    -1.13999128e-01 -2.72468805e-01 -2.71126032e-01 1.08980000e-01
    -1.39477849e-02 4.95294333e-02 -8.42816830e-02 -4.16530758e-01
    -2.51261234e-01 -2.44373620e-01 -4.66239393e-01 1.50233865e-01
    1.59807384e-01 1.57445073e-02 -4.40431565e-01 -5.22080302e-01
    -5.73105097e-01 -3.28985393e-01 -6.97420180e-01 -3.29495460e-01
    -2.82213330e-01 -8.12218904e-01 -7.74326444e-01 -3.22280765e-01
    -3.45233560e-01 -6.45024657e-01 -2.32805610e-01 -3.96436155e-01
    -3.88043135e-01 -2.48496711e-01 -1.30525827e-02 -2.97844589e-01
    -6.05799437e-01 -6.35832071e-01 6.60904050e-02 -3.12992334e-02
    -5.93307137e-01 -1.17865980e-01 -7.16995895e-02 -1.68058038e-01
    -5.68140864e-01 -5.36663830e-01 -2.80894637e-02 -6.25563502e-01
    1.13150358e-01 -2.79296577e-01 -2.28471220e-01 -6.17856264e-01
    -6.93526387e-01 -1.54314458e-01 -2.27584124e-01 9.78413820e-02
    -6.89834237e-01 -2.92115808e-01 -5.37121534e-01 -7.37951279e-01
    -3.41196448e-01 -3.94833148e-01 -7.71631002e-01 -6.08584166e-01
    -1.49440765e-03 1.61606848e-01 -6.56204820e-01 -6.05531693e-01
    -2.10138917e-01 -5.45881987e-01 5.24842739e-03 -1.79395080e-01
    -4.37118411e-02 -2.38134146e-01 -4.74473655e-01 -8.28076601e-02
    -3.47988546e-01 -6.63124263e-01 -7.48590827e-02 8.58306289e-02
    -6.00005150e-01 -3.05664957e-01 -3.94993186e-01 -5.19169927e-01
    -3.03795576e-01 -3.24655801e-01 -6.44604146e-01 -5.01274586e-01
    -1.42894864e-01 -4.96740460e-01 1.91075623e-01 -1.87368095e-01
    -3.40412259e-01 -2.40678221e-01 -5.26344776e-01 -4.63788629e-01
    -1.61512911e-01 -2.65525758e-01 -5.94952226e-01 7.08478689e-03
    -5.90164363e-01 -4.66065824e-01 -3.67459595e-01 -6.31833196e-01
    -6.69395924e-01 -7.63260961e-01 3.76791358e-02 -5.73126912e-01
    -4.90820408e-03 -5.85679770e-01 -2.93596029e-01 -3.48495901e-01
    -1.58202648e-01 -1.05085611e-01 -2.68178850e-01 -9.07468796e-03
    -5.91701150e-01 -2.64268816e-01 -5.07302642e-01 -1.45008385e-01
    -1.35760307e-01 -5.23994803e-01 -5.32029867e-02 -6.15312815e-01
    -2.63846248e-01 -1.56059325e-01 1.31938457e-02 -6.43812835e-01
    -8.31376910e-02 -4.32987005e-01 1.37727261e-02 3.64181042e-01
    -3.08925837e-01 9.67408419e-02 -2.44341195e-01 -1.97120309e-01
    -2.37438738e-01 -2.30567187e-01 -9.43340063e-02 -1.98550820e-02
    -1.79359257e-01 4.29598689e-02 2.52791643e-01 -6.20057046e-01
    -7.90655017e-02 -4.26396847e-01 -4.29780990e-01 -7.93723762e-01
    3.48138213e-02 -3.32573026e-01 -5.54175735e-01 -7.62846589e-01
    -3.28998119e-01 -3.95650446e-01 -2.42378175e-01 -3.03485930e-01
    -1.22296810e-02 -5.76917589e-01 -7.43412971e-01 3.14379930e-01
    -4.81216162e-01 -2.44613916e-01 -5.54952145e-01 -2.09079713e-01
    -5.35370469e-01 -4.59350944e-01 3.05728614e-01 -6.33612692e-01
    -3.66772711e-01 -2.53602147e-01 2.87587643e-02 -7.11917281e-02
    -6.12024903e-01 2.86493778e-01 1.39769316e-01 -6.67452276e-01
    -4.39240098e-01 3.20528746e-02 -6.41764879e-01 -6.84206367e-01
    -4.20333445e-01 -5.63871503e-01 -3.53183538e-01 -4.06843662e-01
    -6.08094573e-01 1.37555599e-01 -1.17716014e-01 -2.82929957e-01
    7.35287666e-02 8.56381655e-02 -3.16698074e-01 -4.53128815e-02
    -1.97182834e-01 7.40077496e-02 -6.11914814e-01 -3.40213180e-02
    1.36713207e-01 -4.31151390e-01 1.35450602e-01 -4.13193077e-01
    -2.83565730e-01 -3.95480990e-02 -9.15610790e-02 -3.37098926e-01
    -3.92220914e-01 9.53469872e-02 6.84332848e-02 -4.31852579e-01
    -1.72421157e-01 -6.24826133e-01 -5.71520329e-01 3.42238545e-02
    -5.84380269e-01 1.20792568e-01 -4.34624046e-01 -1.95816457e-01
    -6.58587217e-02 -2.27131248e-02 -1.95462167e-01 1.05388701e-01
    -1.72330052e-01 9.77649689e-02 2.10410357e-03 -5.19664764e-01
    -3.53236586e-01 -2.94893861e-01 -4.03473437e-01 -2.71350145e-03
    -7.57774115e-02 -5.98530054e-01 -2.78300762e-01 1.37366652e-02
    -1.99527711e-01 -3.18625510e-01 -3.78611356e-01 -4.37229335e-01
    2.07935393e-01 2.43461192e-01 -3.81378710e-01 2.71167696e-01
    -5.15056252e-02 -5.91104746e-01 -2.61511624e-01 -5.60229778e-01
    -1.26768172e-01 -4.10808325e-01 -8.98004770e-02 -4.95291531e-01
    -7.70820975e-01 -6.87060833e-01 1.67853475e-01 -5.12381792e-02
    -5.07383466e-01 -2.29072750e-01 1.75105274e-01 8.76870751e-02
    -3.53176713e-01 -3.59771818e-01 -3.63466024e-01 -4.68579620e-01
    2.04646647e-01 -2.55290687e-01 1.66541100e-01 1.13004565e-01
    -6.00375295e-01 -3.14930081e-02 2.56271064e-01 -2.29093760e-01
    1.10437393e-01 6.93230629e-02 2.47478485e-03 -3.46897542e-01
    -3.05299759e-02 -1.87569380e-01 -4.74015266e-01 2.45875120e-03
    -3.10682923e-01 -3.92264277e-01 -4.40305918e-01 2.82405674e-01
    6.68969750e-02 7.33631849e-03 -1.43030107e-01 -6.98521495e-01
    1.52668417e-01 5.73469996e-02 3.62860560e-02 -1.46755993e-01
    -4.95911330e-01 1.94571257e-01 3.33440304e-02 -2.71220863e-01
    1.13956988e-01 1.53560519e-01 4.63594198e-02 -4.33043182e-01
    -1.16595924e-01 -7.46734440e-02 -4.46333081e-01 3.59257400e-01
    -4.72935647e-01 -2.25983411e-01 -4.78388011e-01 -2.21673250e-02
    -3.26961935e-01 1.78404450e-01 -3.78026009e-01 1.45981729e-01
    -3.91810656e-01 5.18736243e-02 -2.31415629e-02 1.20787799e-01
    -4.93479222e-01 -5.50351143e-02 -5.70073009e-01 -2.04879880e-01
    -1.66453063e-01 1.62666082e-01 -1.24679208e-01 1.21109188e-01
    3.22816968e-02 -2.05138564e-01 -2.80274570e-01 -1.45315528e-01
    8.69189501e-02 -6.88009977e-01 -1.56154633e-01 -5.54651320e-01
    -1.10361576e-02 -8.44309807e-01 -1.21798277e-01 1.41391337e-01
    7.35174417e-02 -2.94810593e-01 -3.47774327e-01 -1.77499771e-01
    1.43517613e-01 1.54188097e-01 -4.58499879e-01 -1.82648450e-01
    1.80178523e-01 5.46327233e-02 -2.56983131e-01 -8.45345855e-02
    -4.61476833e-01 -3.53494883e-01 -6.06050491e-01 2.96913385e-02
    -3.80357593e-01 -7.71297216e-02 -5.28248429e-01 2.44456828e-01
    -1.12840533e-01 -5.15448093e-01 -4.84357774e-01 -8.49102139e-02
    -2.40171790e-01 -1.32844567e-01 8.35940242e-02 -6.25478983e-01
    8.46609473e-02 9.87035036e-02 -8.21981966e-01 -3.56950045e-01
    1.49705946e-01 1.32685363e-01 -1.67310447e-01 1.59479201e-01
    -4.67911184e-01 -8.52926970e-02 2.50383556e-01 3.80550027e-02
    -1.32747471e-01 -3.47146869e-01 -1.86004341e-01 6.94349408e-02
    -1.51848793e-01 -2.29225844e-01 -5.11674941e-01 -3.11800927e-01
    -2.98363149e-01 2.04703689e-01 -6.56937838e-01 -6.88213527e-01
    2.77624726e-02 -3.57203305e-01 1.56026840e-01 -3.75490546e-01
    -4.18139935e-01 -5.81877947e-01 -1.32491589e-01 -6.13378942e-01
    -5.63169301e-01 -3.70835841e-01 -1.86224341e-01 1.93619370e-01
    -2.49823272e-01 -5.15794158e-01 -6.54869318e-01 2.97148228e-01
    -4.48279858e-01 -2.25431800e-01 1.31253242e-01 -8.37160230e-01
    -1.14330351e-01 -3.31188560e-01 2.42108703e-02 -7.69922197e-01
    1.24279857e-02 -3.09977770e-01 -6.57006979e-01 -1.24644101e-01
    1.09503865e-02 -2.78569102e-01 -8.06628466e-02 -6.91837907e-01
    -1.18362248e-01 -4.81644541e-01 1.21933043e-01 -2.54828513e-01
    -6.64231062e-01 -5.52063107e-01 2.88369536e-01 -2.23975390e-01
    -6.21735215e-01 -6.37286901e-03 -1.67420089e-01 -6.54553056e-01
    9.49065089e-02 -5.63153267e-01 1.24319553e-01 -2.48027086e-01
    1.77392244e-01 1.99019194e-01 6.71594143e-02 -3.07908177e-01
    1.36375427e-01 -7.23765016e-01 1.83604479e-01 -9.45705175e-02
    9.42031741e-02 4.64707017e-02 -5.12771964e-01 -4.41075116e-01
    -6.94478154e-01 -4.06164169e-01 -6.13216579e-01 3.71632576e-02
    6.44897223e-02 7.94291496e-04 -1.26637459e-01 -1.50755703e-01
    -6.66316986e-01 -4.35014188e-01 -5.48276663e-01 -6.30411625e-01
    -2.73800761e-01 -3.77878815e-01 1.53246760e-01 -4.12904978e-01
    -2.13986367e-01 -7.35219121e-02 -2.76379228e-01 -3.31031561e-01
    1.04853272e-01 1.39405608e-01 1.87017083e-01 -6.87311649e-01
    -2.86171794e-01 1.21141970e-01 -3.43421727e-01 8.46353769e-02
    1.18322730e-01 -5.15527129e-01 -3.84519100e-02 -4.84708726e-01
    -4.78714257e-01 -1.96857035e-01 7.39582777e-02 -7.96212256e-02
    -1.10750198e-01 -1.63248897e-01 6.33819699e-02 -1.34260416e-01
    -1.03162706e-01 6.78336620e-03 -5.21270394e-01 -4.94248956e-01
    3.93511653e-01 -3.10953885e-01 -4.85661507e-01 -1.64714843e-01
    -5.42662978e-01 6.38740063e-02 -1.95368409e-01 -3.47104490e-01
    -5.30331731e-02 -3.33154529e-01 2.54849076e-01 3.36675346e-01
    -6.14992976e-01 -3.10798407e-01 1.24496698e-01 1.69944644e-01
    -6.81380630e-02 -9.54824686e-02 2.06721425e-01 -4.68596131e-01
    3.51526141e-02 -6.53066933e-01 -4.28472549e-01 1.78516030e-01
    -5.24515510e-02 -2.30357260e-01 1.76243007e-01 3.08976352e-01
    -6.46564603e-01 -3.74495417e-01 3.46658111e-01 -4.32946920e-01
    -3.13373476e-01 -4.72027749e-01 -5.83587408e-01 -4.31795716e-01
    -5.55298686e-01 -4.86883521e-02 -3.16871524e-01 -8.66590738e-02
    -3.48389685e-01 -6.48862600e-01 1.00635886e-01 -4.81106281e-01
    1.01160169e-01 2.81918943e-01 -3.72307420e-01 -5.61765790e-01
    -3.60647202e-01 4.71444130e-02 -2.86050081e-01 -6.24628663e-01
    -7.79954195e-02 -5.52851558e-01 -3.38938147e-01 1.04794800e-01
    -2.56189793e-01 -2.37182677e-01 -3.56257200e-01 -1.33565009e-01
    -3.93056482e-01 -1.64283514e-02 -3.22572589e-02 -3.70006084e-01
    -2.53868192e-01 -4.58624870e-01 1.97526038e-01 -9.85285342e-02
    -3.56892079e-01 2.24275351e-01 5.02732396e-02 -5.65526366e-01
    4.80175018e-02 -6.66442275e-01 -1.01102412e-01 -3.83381248e-02
    4.22121286e-02 -2.27752626e-01 2.16337442e-01 -4.02583063e-01
    5.60738444e-02 1.90515161e-01 1.04962885e-01 -5.18520653e-01
    2.72648811e-01 1.36860847e-01 -3.77228737e-01 -2.10822523e-01
    -5.23778796e-01 -7.12587595e-01 -1.62054956e-01 4.65258360e-02
    -8.44476163e-01 7.12633133e-02 5.04723787e-02 2.02028751e-02
    -4.08840775e-02 9.32196379e-02 -3.58484805e-01 -1.38689220e-01
    -3.37403059e-01 -5.39192200e-01 -3.74442816e-01 -4.52959538e-02
    9.73289013e-02 3.25852096e-01 -5.57386935e-01 1.30431652e-01
    3.54378998e-01 -8.56309533e-02 -1.61744386e-01 1.61677599e-03
    2.07464695e-02 -1.21126950e-01 5.67001104e-03 -2.52128899e-01
    4.67702746e-02 -5.56078792e-01 -8.63313675e-04 -4.05309439e-01
    1.38644487e-01 -4.32181180e-01 -2.31041014e-01 3.10186863e-01
    2.38195419e-01 -4.90485728e-01 1.24508560e-01 -4.03715670e-01
    2.38206446e-01 -1.17918551e-01 2.03162611e-01 1.28346622e-01
    -2.80215412e-01 -3.93074214e-01 -3.73941839e-01 2.62559831e-01
    -5.55407524e-01 -6.49556398e-01 -5.53403139e-01 -4.04331952e-01
    -6.24874830e-01 1.53424025e-01 9.42432880e-02 -3.54818702e-01
    -7.73705363e-01 2.29240656e-01 -2.80461907e-02 -3.32973748e-01
    7.65592456e-02 -2.36944437e-01 -3.72653306e-01 -1.70659006e-01
    -3.45086366e-01 1.94614947e-01 -2.47940272e-01 -5.72135329e-01
    -7.94475079e-02 -3.78458321e-01 -4.54754800e-01 1.59910142e-01
    -5.25804162e-02 -2.45652080e-01 -1.24347270e-01 -4.07019377e-01
    1.71320379e-01 -6.50680661e-02 5.44868112e-02 1.44541264e-03
    -3.89487535e-01 -1.61787182e-01 -2.10609198e-01 1.63878918e-01
    1.06285751e-01 1.16364360e-01 -2.68045425e-01 -2.94113159e-01
    -1.53357565e-01 -1.67431831e-02 2.32499242e-02 -1.77890897e-01
    -3.17273855e-01 -1.66450262e-01 6.56775236e-02 -3.94948721e-02
    -7.23279119e-02 -4.49238539e-01 1.20844722e-01 2.53626823e-01
    -3.56032550e-01 6.07916117e-02 1.03399754e-02 5.11227846e-02
    -5.98440051e-01 -2.52756357e-01 -1.08715236e-01 -3.34665835e-01
    -5.05172431e-01 -4.44831491e-01 -3.61709297e-01 4.39934731e-02
    1.19522750e-01 1.62645996e-01 -6.28502965e-01 7.36441612e-02
    -2.11414754e-01 8.59326720e-02 -3.44374806e-01 -5.27327061e-02
    -7.72466302e-01 -2.60411918e-01 -1.21759772e-01 -5.20588100e-01
    4.19744849e-02 -6.71137333e-01 -4.84004021e-02 -5.14882684e-01
    -7.54637122e-01 -5.69398999e-01 2.05935836e-02 -1.69444382e-01
    -9.29165483e-02 9.80789065e-02 4.90319729e-03 -2.91281819e-01
    -9.21334028e-02 -7.66367912e-02 -4.41487134e-01 1.37591898e-01
    -4.53961581e-01 -1.91072077e-01 -3.62227380e-01 -4.32040513e-01
    2.29688346e-01 -2.42727399e-02 -2.06878304e-01 -3.63524795e-01
    -2.29724765e-01 1.52133226e-01 -4.48822409e-01 -3.82532060e-01
    -1.28339648e-01 -3.11030686e-01 -1.42878532e-01 -3.21292222e-01
    -5.48306763e-01 -3.32028866e-02 -3.82556409e-01 -3.40457827e-01
    -5.57183266e-01 -3.87670964e-01 -6.63407803e-01 3.02392244e-02
    -2.81018376e-01 -6.09744906e-01 -3.59049499e-01 -3.53101015e-01
    -3.24729234e-01 -2.97034472e-01 -5.45058310e-01 -1.50209129e-01
    7.99248815e-02 -7.09193468e-01 -7.66224265e-01 -1.72844857e-01
    2.59248137e-01 -5.91453493e-01 -4.89860177e-02 -4.27762032e-01
    -1.29393220e-01 -4.51168954e-01 -4.42547798e-02 -4.33786392e-01
    -2.03821301e-01 6.95146322e-02 -5.84543467e-01 2.00695634e-01
    3.63867283e-02 -6.72286808e-01 -5.63679934e-02 4.66911197e-02
    7.66259432e-02 -2.20396340e-01 -4.50483024e-01 -5.50268173e-01
    -3.55958015e-01 -5.75566173e-01 -3.42815876e-01 -5.09631753e-01
    -4.59779561e-01 -1.94992423e-02 -2.28699476e-01 -5.50531983e-01
    -1.63025022e-01 6.17097616e-02 -1.27461135e-01 -3.56901646e-01
    2.19559669e-02 -1.58481181e-01 -5.51205873e-01 -5.59160113e-01
    4.14866805e-02 1.55102611e-01 -6.99986815e-02 -7.03066826e-01
    -2.40524173e-01 1.31487489e-01 -3.41956913e-01 1.04380369e-01
    -7.17389345e-01 1.20916605e-01 1.58366859e-01 -5.06794393e-01
    -3.58506262e-01 -2.59251833e-01 -7.06680954e-01 -5.45289516e-02
    -7.27813840e-01 -2.19779253e-01 -6.13550603e-01 -6.42785668e-01
    1.01851404e-01 3.64121795e-02 -4.77372944e-01 -5.49799979e-01
    -5.11253357e-01 -2.08103240e-01 -5.70151687e-01 2.31487215e-01
    1.22023463e-01 -5.79191446e-01 1.15293503e-01 -1.56087756e-01
    -2.63301253e-01 5.02078533e-02 -7.29119420e-01 -7.01376796e-01
    -5.16033411e-01 -9.10332203e-02 1.89562261e-01 -4.52950716e-01
    -4.78382289e-01 -3.77638161e-01 -7.49353766e-02 -3.38696837e-01
    1.79901361e-01 -5.55489838e-01 -1.89932883e-01 4.41541076e-02
    2.67708302e-03 -1.43333673e-02 -5.39141476e-01 -5.16535997e-01
    -6.38122022e-01 -2.36684054e-01 3.30156684e-02 -9.69573855e-02
    2.45564818e-01 -6.38042688e-02 2.32451022e-01 -6.05443537e-01
    -6.19851708e-01 -2.50299752e-01 -2.04986244e-01 -2.38080651e-01
    9.73002911e-02 -5.81111073e-01 -2.60170490e-01 -4.87976909e-01
    1.14687324e-01 -4.87925172e-01 -5.88073254e-01 1.27701044e-01
    1.62901163e-01 2.78146386e-01 -4.91781145e-01 -5.89812994e-01
    -5.27751923e-01 -5.14667451e-01 -1.45157009e-01 -2.24824548e-01
    1.98621511e-01 -2.66078591e-01 -6.84803486e-01 8.12890530e-02
    -5.18615842e-01 4.76936698e-02 -6.38680220e-01 -2.50554621e-01
    -5.10690331e-01 -4.20880795e-01 -5.73532224e-01 -1.07102633e-01
    -5.90746760e-01 1.13606989e-01 -2.79743910e-01 1.87843978e-01
    6.00967407e-02 -8.16892862e-01 -1.69979393e-01 -3.31861228e-01
    -9.52627659e-02 -5.58872342e-01 2.07255840e-01 -6.21006072e-01
    -2.27264464e-01 2.43463516e-01 -6.21167421e-02 1.39347136e-01
    -2.73524225e-01 -4.15213346e-01 -4.00439382e-01 -5.01423955e-01
    -4.63802814e-02 4.55046296e-02 1.55290782e-01 2.98751473e-01
    2.01202631e-01 -5.56497097e-01 -3.63757491e-01 -8.06037784e-02
    -4.92050916e-01 -5.21696448e-01 -4.04461265e-01 -5.02712965e-01
    -1.71801001e-01 -5.57291210e-01 -2.48720288e-01 3.80063057e-02
    -1.70989931e-01 1.32097602e-02 -7.74469972e-02 -5.00766098e-01
    6.01741076e-02 -1.83899403e-02 -4.54713941e-01 -6.46895170e-01
    -5.36017299e-01 -2.92244136e-01 -7.76892781e-01 -1.59130573e-01
    1.97362900e-03 2.28344798e-02 -6.57371998e-01 -1.59776270e-01
    -3.15575898e-01 -5.92875838e-01 -5.35027504e-01 -3.93011481e-01
    1.08311713e-01 -1.82625711e-01 1.35223031e-01 1.17256165e-01
    -1.59822941e-01 -1.86433673e-01 -4.78746057e-01 -2.69224882e-01
    -7.61244893e-01 -1.26233399e-01 -1.05995238e-01 -1.06478274e-01
    -7.72711039e-02 -5.28897166e-01 -2.33633518e-01 -2.02820778e-01
    -5.73276997e-01 -1.76319242e-01 2.41955698e-01 -1.63157761e-01
    -3.88565958e-01 -2.00911283e-01 1.45443022e-01 -5.34299493e-01
    -7.22143292e-01 -3.40225697e-01 -2.91640759e-02 -2.42486954e-01
    1.02262437e-01 -4.34538543e-01 2.36733854e-01 -3.68174791e-01
    -3.79050583e-01 -7.00354576e-02 -2.64016271e-01 -6.32024646e-01
    1.83362842e-01 -4.68669206e-01 -3.98992062e-01 -6.86579704e-01
    -1.77452147e-01 5.01061678e-02 -5.99216461e-01 -2.13985980e-01
    -3.00480545e-01 -4.68908370e-01 -2.86874473e-01 -5.74996471e-02
    -6.65758252e-02 -1.98197246e-01 -4.63049263e-01 -4.42017198e-01
    1.36331975e-01 3.07401896e-01 -5.30033052e-01 -2.46295094e-01
    -3.13811481e-01 -1.08015239e-01 2.41530478e-01 3.26325297e-02
    -5.40026307e-01 1.17590010e-01 1.62717342e-01 -4.92883980e-01
    -1.02034479e-01 -1.08546019e-03 -4.76285279e-01 7.04220533e-02
    5.15177250e-02 -5.01168191e-01 -2.88512647e-01 -4.00406748e-01
    -1.21553779e-01 -4.37206686e-01 -5.07226825e-01 -4.55432206e-01
    1.47225082e-01 -2.97473013e-01 -1.12461567e-01 -3.58156711e-01
    -1.17120802e-01 -4.37440991e-01 -5.60298324e-01 -3.85929614e-01
    -2.21945524e-01 9.67978835e-02 -7.12713361e-01 -6.36370003e-01
    -7.26244807e-01 -2.36934066e-01 -1.01404071e-01 -2.29068935e-01
    -4.71233696e-01 2.50976920e-01 -2.63226032e-02 -4.25842285e-01
    -1.66693509e-01 -1.32097006e-01 1.21240675e-01 -7.81351328e-03
    -1.64128363e-01 4.00708914e-02 -4.35029864e-01 -7.69017696e-01
    -7.15161562e-02 -2.37173766e-01 3.42132449e-01 -1.88348502e-01
    -3.76891255e-01 -3.38851780e-01 -2.72187263e-01 3.19801331e-01
    2.13053226e-01 1.89329743e-01 1.41034722e-01 1.24295592e-01
    -2.91680485e-01 -3.85994256e-01 5.35701513e-02 -5.88584840e-01
    -1.63921624e-01 5.91697097e-02 -6.66217923e-01 -1.12460136e-01
    2.54763484e-01 1.62981212e-01 -1.69630289e-01 -4.02180701e-01
    -5.29343486e-01 3.63858938e-02 2.30295241e-01 -4.93787766e-01
    -2.17680246e-01 2.58402824e-01 -1.83004826e-01 1.06513441e-01
    -5.84165514e-01 2.09063768e-01 -5.43748140e-02 -2.67846048e-01
    -6.24285042e-01 5.69347143e-02 -6.73078060e-01 -5.63693047e-03
    -6.53815567e-01 2.56454945e-03 -6.65134013e-01 -2.64327139e-01
    -5.54672360e-01 1.56273007e-01 -5.44039011e-01 -5.18905997e-01
    -3.47650647e-02 -1.99759066e-01 1.04946792e-01 4.45965528e-02
    -1.40821457e-01 -7.07435489e-01 3.71664762e-02 -5.24502635e-01
    -2.28380620e-01 -4.85914022e-01 3.79298925e-02 -1.39165521e-01
    -7.17154443e-01 -3.10384452e-01 -2.86128819e-01 7.71939754e-04
    -3.18380713e-01 -5.90679049e-01 -1.32043660e-01 -3.35617065e-01
    -6.54835224e-01 -4.51538324e-01 -3.66206616e-01 -7.41129398e-01
    -2.41559505e-01 2.65555382e-01 -3.59892458e-01 -2.57502586e-01
    -5.29205382e-01 -2.94713587e-01 2.55169272e-01 3.26102018e-01
    -1.65430546e-01 1.27389252e-01 -1.39619887e-01 -4.17283684e-01
    -5.80585718e-01 -2.74089545e-01 1.65344536e-01 -5.12788653e-01
    -2.85889119e-01 -6.55628800e-01 -2.99638093e-01 -2.09409595e-01
    -2.64776230e-01 6.79478049e-02 2.05931067e-02 -3.82609963e-01
    2.36895859e-01 -4.04872179e-01 -1.06321692e-01 -6.37951493e-01
    2.81566381e-03 -1.26146972e-01 -6.17944837e-01 -2.57440835e-01
    1.00044549e-01 1.22628808e-01 -2.07529783e-01 -9.95206833e-03
    -6.26200497e-01 -5.01006842e-02 -6.60440922e-01 1.08276188e-01
    -3.19232553e-01 -3.90351713e-01 2.28938878e-01 -5.69147408e-01
    8.89183879e-02 -6.69949174e-01 -1.69487774e-01 -4.33564723e-01
    -2.35712886e-01 -6.03052974e-01 -2.10476041e-01 -3.94220948e-01
    1.18852437e-01 2.42991388e-01 -5.09002745e-01 -3.59020412e-01
    -3.87743264e-01 -3.11741412e-01 6.60740137e-02 -1.82455301e-01
    -4.24551219e-01 -5.35174608e-01 -7.05885172e-01 -3.07540089e-01
    6.89405203e-03 -8.14759552e-01 1.17269754e-02 -4.94681597e-02
    4.11314368e-02 -2.10377097e-01 -1.71076417e-01 -6.17872894e-01
    -3.47036004e-01 -6.67427778e-02 -2.42700994e-01 8.42475891e-03
    2.89255381e-02 -2.03043699e-01 -5.26220083e-01 -1.35985315e-01
    1.25687122e-02 -3.03697586e-02 1.63975239e-01 -3.80287409e-01
    9.34861898e-02 -6.53744936e-02 -5.55526435e-01 -6.96568489e-02
    -4.69856709e-01 -6.83812439e-01 -4.94023860e-01 1.52999938e-01
    -8.40572715e-02 -7.02307343e-01 2.97816932e-01 -5.48678637e-01
    6.10778928e-02 2.64210522e-01 -3.15187573e-02 -8.85345340e-02
    -8.25511813e-02 -2.71622479e-01 3.07074785e-02 1.49221659e-01
    -7.86771774e-02 2.55703747e-01 -5.54347873e-01 -4.64166582e-01
    -6.99948788e-01 -1.45408988e-01 -4.17449087e-01 1.07122123e-01
    -4.05555367e-02 -4.52845931e-01 -6.19030178e-01 -6.09033704e-02
    -4.39086795e-01 3.26849282e-01 -3.60094011e-01 -3.06523621e-01
    -1.23896182e-01 3.03868651e-02 -1.73309922e-01 -6.80625200e-01
    -4.48031396e-01 2.46478021e-01 -6.34660244e-01 -5.25396109e-01
    -1.23872280e-01 1.37499690e-01 -5.43978691e-01 -3.18075418e-02
    1.76714897e-01 -1.88247114e-01 2.01381207e-01 -2.09096700e-01
    3.08193088e-01 -5.80149174e-01 -1.39325500e-01 -2.94498742e-01
    9.76241827e-02 -1.10777617e-01 2.25414038e-02 -2.87547350e-01
    3.51516545e-01 -3.57526809e-01 1.69861376e-01 -3.90702456e-01
    3.05378914e-01 8.62653255e-02 -5.72453499e-01 1.14597440e-01
    -5.66142797e-03 1.39881313e-01 -5.84039092e-02 -4.97790575e-02
    -4.46381986e-01 -2.25487709e-01 -5.98109365e-01 2.68085420e-01
    1.72656775e-03 1.04132831e-01 -4.23682958e-01 -4.54775989e-01
    9.80536938e-02 1.06546879e-02 -3.18579078e-01 -3.60253960e-01
    1.34540439e-01 -5.09445667e-01 1.21317923e-01 -1.13868654e-01
    3.08541059e-02 1.93686247e-01 -2.09475160e-01 -1.31080627e-01
    -5.61583042e-03 1.54188335e-01 -5.53690076e-01 -7.79934764e-01
    -6.69137239e-02 -6.70147538e-02 -7.90553689e-02 -5.76713443e-01
    -2.03631163e-01 2.56598055e-01 -2.91710407e-01 1.77295089e-01
    -1.85956061e-01 -8.63336921e-02 6.13716245e-02 -5.54622412e-01
    -5.46944976e-01 -3.79267007e-01 -5.84317088e-01 -2.03198969e-01
    -7.68370211e-01 -3.87676299e-01 -5.83883524e-02 -3.21013242e-01
    -4.14742529e-01 -1.63628966e-01 -1.88981473e-01 -3.12694907e-02
    9.33556557e-02 1.73775852e-01 2.46883750e-01 -3.63717020e-01
    -3.83890122e-01 3.02340746e-01 -1.07678294e-01 -9.64941978e-02
    2.86904573e-02 4.34844494e-02 -3.50643486e-01 -3.03169310e-01
    -5.25306523e-01 -7.13577330e-01 -7.05343485e-03 -2.96398163e-01
    9.57868695e-02 -1.88482255e-01 1.08578742e-01 -6.14102483e-01
    2.16858149e-01 6.47820830e-02 -3.38670611e-01 -1.66569412e-01
    1.58501625e-01 -1.51918620e-01 3.24350536e-01 -1.09479487e-01
    -7.28121042e-01 -5.25351048e-01 -6.40331507e-01 3.05651426e-02
    -5.32884002e-01 -1.56894326e-02 -2.63273716e-03 -5.20448983e-01
    -3.02038193e-02 -3.30999613e-01 -3.54109108e-01 -6.50851130e-01
    -5.60870469e-01 -4.84745204e-01 8.60036016e-02 5.42932153e-02
    -3.73846173e-01 9.32196975e-02 -7.16217160e-02 -9.86063182e-02
    -5.76853633e-01 -1.24665260e-01 2.38605738e-01 7.97018409e-02
    -1.98347569e-02 -5.80535293e-01 -1.44646943e-01 -3.47974837e-01
    -6.04361892e-01 -4.74989951e-01 4.27831590e-01 3.00678134e-01
    -6.07476711e-01 1.16092205e-01 -4.97177660e-01 -1.98435605e-01
    -1.52758241e-01 -5.17103553e-01 1.44209266e-02 9.11096931e-02
    -7.51892328e-02 -1.01535618e-01 -5.54136693e-01 1.16167009e-01
    -2.51864254e-01 -4.41381484e-01 -2.46162236e-01 6.54938221e-02
    -4.27140683e-01 -6.47506893e-01 -1.10858262e-01 1.27507389e-01
    7.90255666e-02 -2.28331864e-01 -1.75827920e-01 -5.14586151e-01
    -6.86299920e-01 5.33253551e-02 -8.96477699e-03 -7.70164073e-01
    -2.14819789e-01 -3.76391351e-01 1.15967929e-01 -7.58445024e-01
    -2.89940834e-02 8.11784863e-02 -6.15683556e-01 2.81822741e-01
    -9.88358259e-02 6.90054297e-02 -3.94810796e-01 -4.74143386e-01
    -3.56259406e-01 -2.41490245e-01 -6.15514874e-01 -3.31389308e-02
    -4.90685463e-01 6.95105195e-02 -2.61349738e-01 -3.37314039e-01
    3.69279623e-01 -5.77130735e-01 8.36092234e-03 -3.84434462e-02
    3.00342441e-02 -7.77048469e-02 -5.67172170e-01 -5.88631272e-01
    2.29979455e-01 -3.19643557e-01 -7.31366277e-02 -7.10086107e-01
    1.53038442e-01 -1.11137271e-01 -6.89428389e-01 -1.74335420e-01
    -2.61532843e-01 -6.10097945e-01 -5.39186597e-02 -3.33145946e-01
    -5.22105336e-01 9.79214907e-03 2.29359448e-01 -2.27451086e-01
    -4.62878883e-01 -5.81390738e-01 -5.47145486e-01 -3.75434548e-01
    -6.48543239e-02 4.02402282e-02 -4.58192050e-01 1.84271574e-01
    -2.37762928e-03 -5.46815038e-01 -3.52262884e-01 -8.90278816e-02
    3.75745296e-02 -2.60078371e-01 -5.11125565e-01 -2.36326396e-01
    -5.87372899e-01 -4.26878750e-01 -2.20914006e-01 -3.76964480e-01
    -4.50951517e-01 -4.53991413e-01 1.87325597e-01 -6.60213113e-01
    -2.40863860e-01 -1.02347851e-01 7.53086805e-03 -7.20735669e-01
    -4.62258339e-01 1.60943568e-01 -8.59333873e-02 -6.73760951e-01
    -5.04937887e-01 1.61080837e-01 3.78418565e-02 -5.53387761e-01
    1.65203393e-01 3.15161645e-01 -4.22944427e-01 2.10011721e-01
    -6.73696637e-01 3.25672626e-02 -5.96114993e-02 8.58143568e-02
    -1.73825175e-01 -4.94855613e-01 -6.02097511e-02 -4.71928120e-02
    -3.99677992e-01 -3.72405440e-01 -6.01964056e-01 -2.43419558e-01
    -6.04056835e-01 -4.08611655e-01 -6.60141468e-01 -3.43599796e-01
    -2.90844440e-02 -2.08019972e-01 -4.79233980e-01 -3.15806270e-02
    -2.78828740e-01 -5.25527120e-01 -5.10801196e-01 1.80683017e-01
    -4.78880405e-02 -3.71407628e-01 -5.45915842e-01 -9.72784758e-02
    1.90523982e-01 -1.79691285e-01 1.62854552e-01 -4.76086080e-01
    1.47844553e-02 -4.75008726e-01 -4.96072859e-01 6.87447786e-02
    -1.71865642e-01 -4.71510082e-01 -1.83565617e-01 -3.58765066e-01
    -3.24780881e-01 -5.20908594e-01 -2.95057595e-01 -2.05826759e-03
    1.24840558e-01 -2.81098366e-01 -3.02327871e-01 -2.68687665e-01
    -3.07107866e-01 -2.03022957e-02 -6.12187147e-01 2.14712799e-01
    -5.23135900e-01 -4.58531439e-01 1.46583974e-01 -7.48438001e-01
    -4.56848860e-01 -1.54638529e-01 -2.94421494e-01 -4.68541384e-02
    -6.93022728e-01 2.42594838e-01 -2.53707528e-01 -5.47052383e-01
    -1.64963782e-01 -2.45722175e-01 -5.32682061e-01 -4.86831188e-01
    -5.45940995e-01 -5.57699144e-01 -3.14625889e-01 -3.29359233e-01
    -3.98400605e-01 -5.14913082e-01 -1.57794714e-01 2.50523388e-01
    2.64970720e-01 2.90633917e-01 -2.18353033e-01 -3.24516952e-01
    2.38441885e-01 -1.29833341e-01 -2.24480569e-01 -3.95714104e-01
    -3.89806420e-01 -5.47309160e-01 -3.26093912e-01 -3.13958287e-01
    -4.77324992e-01 2.31187165e-01 -5.25974154e-01 -4.09106910e-01
    2.02724934e-02 -1.98400050e-01 -1.81600809e-01 -5.67849159e-01
    -5.19229174e-01 2.60462344e-01 -7.75668621e-02 -6.12666845e-01
    -4.00536239e-01 1.16193533e-01 -3.53673875e-01 -8.14101696e-02
    -4.77291346e-02 -3.27848613e-01 -3.84605020e-01 -2.24330872e-01
    -6.13718033e-01 3.31429958e-01 -5.55332780e-01 -4.13953692e-01
    5.12953401e-02 -3.76744866e-02 1.24395311e-01 -6.07235491e-01
    -6.88948333e-01 -6.34077549e-01 -2.81048477e-01 2.50110626e-02
    -5.46412349e-01 -1.60830557e-01 4.01340127e-02 2.73957551e-01
    -2.93488562e-01 2.06172764e-01 4.36417460e-02 -5.33503294e-03
    2.68936813e-01 -6.17773056e-01 1.07969701e-01 2.01424956e-02
    -1.30403638e-01 2.92042971e-01 1.55958176e-01 1.95947349e-01
    -5.62631249e-01 8.54578614e-02 1.42571867e-01 8.78773332e-02
    -4.47832853e-01 -2.32126057e-01 -1.42314553e-01 -5.08275568e-01
    -1.93586111e-01 -3.21795940e-01 3.96660566e-02 -2.10464537e-01
    -4.28055525e-02 -4.71760392e-01 -5.14666915e-01 8.80737901e-02
    -5.30387461e-01 -3.25249732e-01 -1.03824794e-01 -1.02529943e-01
    1.37825906e-01 -1.51765168e-01 -3.68223935e-01 -4.87469465e-01
    8.94206762e-03 8.90655518e-02 -5.26210904e-01 2.36128151e-01
    -4.54752356e-01 -1.64548874e-01 -7.65089393e-02 2.04220057e-01
    -6.21717334e-01 -4.57619876e-01 -1.78599179e-01 -4.71947193e-02
    -4.99027073e-01 -3.29255372e-01 -3.92229557e-02 -5.79631209e-01
    -3.63164485e-01 1.57111704e-01 -6.36772394e-01 -2.98075557e-01
    -1.02754772e-01 -2.15396762e-01 -3.28924298e-01 1.32562757e-01
    1.78294241e-01 8.87370706e-02 -2.42453218e-01 1.42783046e-01
    -5.06481826e-01 -3.31883967e-01 -6.33091688e-01 1.87225878e-01
    1.05275691e-01 -4.97212648e-01 -5.65699697e-01 -4.22794521e-01
    6.71289563e-02 -3.67390037e-01 -3.05015981e-01 -1.28348708e-01
    -1.88250482e-01 1.22375309e-01 -3.19557220e-01 -3.00934196e-01
    -4.02635396e-01 7.24169612e-02 -3.11410427e-03 -4.77383673e-01
    -2.07293034e-02 3.83169651e-02 -3.51724714e-01 -1.67076290e-01
    -1.66746438e-01 -4.77086842e-01 -3.49300325e-01 -5.66604018e-01
    -3.16378593e-01 -3.88575047e-01 1.51204765e-01 -6.65636063e-01
    7.18677044e-03 -3.02976072e-01 -3.13101113e-01 -5.84518671e-01
    -2.12999582e-01 9.60391760e-02 -5.03121018e-02 -9.24928784e-02
    -1.63453937e-01 -3.44835401e-01 -2.73128480e-01 -3.47013652e-01
    -4.81485218e-01 -8.19523335e-02 5.34840226e-02 -7.60097802e-01
    4.83874083e-02 -2.25251317e-02 -3.65560323e-01 -4.73901749e-01
    1.56423450e-01 -2.52159476e-01 -2.45307058e-01 -5.91970682e-01
    2.39408493e-01 -3.70951802e-01 -1.14540756e-01 -3.44894588e-01
    2.15579450e-01 2.70637929e-01 -3.70342553e-01 -3.51730436e-01
    -5.84178865e-01 1.59893215e-01 -5.87761879e-01 -5.75304747e-01
    -3.84072095e-01 -5.05512357e-02 3.02246630e-01 -5.64585686e-01
    -2.90211439e-01 -2.00330377e-01 -1.49010956e-01 -1.45165086e-01
    5.17867208e-02 2.32582688e-02 -5.52246928e-01 2.20699787e-01
    -4.02801454e-01 -4.59304452e-01 4.83780503e-02 1.00141168e-01
    -7.62027323e-01 1.99898124e-01 1.40451312e-01 -4.21119630e-01
    -8.44579339e-02 -1.01753771e-01 -5.89900732e-01 -6.23217463e-01
    -5.87153018e-01 -4.84545082e-01 -3.61363888e-02 -2.43737102e-01
    -6.64991319e-01 -4.44283396e-01 -2.57008731e-01 -1.80126667e-01
    1.29989207e-01 -2.54499942e-01 2.13678479e-01 5.72371483e-03
    -3.66951019e-01 -3.43350172e-02 3.04505825e-02 -3.51713777e-01
    -5.70053935e-01 -3.57368648e-01 -2.88994700e-01 -2.54638523e-01
    -5.66159070e-01 -1.74079597e-01 7.54937530e-02 2.48489380e-02
    -2.24167168e-01 -6.59641445e-01 3.36284101e-01 -6.73481941e-01
    -1.50633156e-01 4.15127873e-02 -7.89012313e-02 -1.11731589e-01
    3.53694558e-02 -6.15833998e-01 -3.15213203e-01 4.19257283e-02
    -1.62157238e-01 2.21151829e-01 -2.21526176e-01 -5.55764437e-01
    -1.62120044e-01 -2.26699054e-01 -1.34249449e-01 3.87504280e-01
    2.12747037e-01 1.42418981e-01 -1.21928185e-01 -3.22032332e-01
    -4.93132293e-01 4.26581502e-02 4.08411503e-01 -6.04944348e-01
    -6.84756994e-01 3.58488560e-02 -5.10568082e-01 -5.38406968e-01
    -3.29621196e-01 2.74876177e-01 -1.90375566e-01 5.83602190e-02
    -2.64406681e-01 -1.21353269e-01 -1.84994280e-01 -2.57053614e-01
    -3.08298647e-01 -5.22758842e-01 6.16990328e-02 -5.19644856e-01
    -3.86366129e-01 -4.77492869e-01 -6.49772525e-01 2.33950198e-01
    -3.46845388e-02 -5.32952309e-01 7.22908974e-02 1.83823109e-01
    -5.38524270e-01 -4.32592452e-01 -7.34444141e-01 -4.87271786e-01
    -1.71957016e-01 -3.54565978e-02 -2.20298707e-01 -3.04808885e-01
    -3.91950130e-01 -2.31979489e-02 -8.63296986e-02 -6.07579589e-01
    -3.71491641e-01 2.78693438e-03 9.58938599e-02 5.02794981e-02
    -1.17381513e-01 -7.33488798e-02 3.40663195e-02 -4.14558053e-02
    -5.23501396e-01 -1.74479663e-01 2.16384590e-01 1.95929348e-01
    -1.34500146e-01 -2.56819367e-01 -4.67883885e-01 -6.25686407e-01
    -5.02093613e-01 -3.68187606e-01 -4.53096479e-01 2.12182403e-02
    -4.41919923e-01 -5.67549706e-01 -1.27997875e-01 -6.43405676e-01
    6.46266937e-02 -6.29787803e-01 -3.40459943e-02 1.72941297e-01
    1.90225780e-01 -4.42065746e-01 -3.58262986e-01 -3.95148456e-01
    -5.65454781e-01 2.88453400e-01 1.28832877e-01 -5.12886107e-01
    2.74597764e-01 -3.53674769e-01 3.29252005e-01 -3.85779798e-01
    3.35782588e-01 5.29572368e-02 -4.73302305e-01 -6.32411242e-03
    -1.72836661e-01 -6.65892959e-02 7.44575262e-03 -4.49697614e-01
    2.27111578e-02 -1.71993554e-01 -6.50897980e-01 -7.17531323e-01
    4.35627699e-02 -3.66366833e-01 -5.94540238e-02 -1.90865666e-01
    -5.60609937e-01 9.14233923e-02 -2.12001085e-01 4.77909446e-02
    2.28149295e-02 -4.60085094e-01 -2.89627910e-02 -7.34663010e-03
    -7.82005787e-02 -5.82844913e-01 2.13233173e-01 -2.22005248e-02
    -1.80665076e-01 -5.10681510e-01 -1.06306195e-01 -7.36890793e-01
    4.58701849e-02 -1.19086683e-01 -3.83827358e-01 -1.89024210e-02
    1.13135278e-01 -5.30808687e-01 8.99845958e-02 -4.26220536e-01
    -4.87397820e-01 2.63824463e-02 -4.78017330e-01 7.65761733e-02
    -5.57004809e-01 -2.93534219e-01 3.21720541e-01 -2.49931335e-01
    1.72480285e-01 -2.54807770e-01 -5.52896917e-01 -7.26115346e-01
    -2.62229264e-01 6.12682700e-02 -3.64084363e-01 -1.15810156e-01
    7.22513795e-02 -1.89361334e-01 -3.47842515e-01 -3.79850477e-01
    -9.69688296e-02 1.03916705e-01 2.41015911e-01 -5.36629677e-01
    -6.30036592e-02 3.43767345e-01 -5.08744717e-01 -2.73831427e-01
    -3.82933617e-01 -1.59566104e-01 1.98526204e-01 -4.45468426e-02
    -3.95566225e-01 2.39085317e-01 -5.73156893e-01 2.25258470e-01
    -1.91725850e-01 2.66261339e-01 -3.67000401e-01 -2.06483930e-01
    -2.59910285e-01 -2.82829911e-01 -2.47384608e-01 3.48475575e-02
    -1.65749729e-01 8.79015923e-02 9.71041322e-02 -2.73434728e-01
    -7.79739976e-01 -1.01074994e-01 -2.08785594e-01 1.42129362e-01
    -6.23179317e-01 7.61662722e-02 -5.06001115e-02 -4.88212734e-01
    -4.38364059e-01 3.23993027e-01 -1.92634761e-01 -4.06141460e-01
    -5.00102222e-01 -2.68327594e-02 -3.64016861e-01 1.44225717e-01
    -1.40324593e-01 -2.10597843e-01 -3.71330261e-01 -6.13333642e-01
    7.15512037e-03 -1.08957112e-01 -1.26114070e-01 -1.66683078e-01
    -1.19876266e-01 -4.16683793e-01 -4.93270129e-01 2.39900291e-01
    -3.24821472e-02 -3.44198585e-01 7.02749491e-02 1.22637689e-01
    -5.50311267e-01 -5.49593627e-01 2.08766103e-01 -5.44596434e-01
    1.34234428e-02 -4.82299715e-01 -2.12257445e-01 1.58592045e-01
    1.42231464e-01 -1.91593111e-01 -2.43165612e-01 -1.95988536e-01
    -2.69996524e-02 -5.48875928e-01 -5.78308225e-01 -3.70334119e-01
    -4.83894646e-01 -1.52741045e-01 -4.86590415e-01 -4.40314531e-01
    9.52460766e-02 -2.62140274e-01 -5.59846282e-01 2.41765738e-01
    -1.33687407e-01 1.80269539e-01 -4.03606981e-01 -6.71240687e-02
    1.65296197e-01 3.81499529e-02 -1.33593082e-02 2.48119354e-01
    -1.42192841e-03 -5.92638254e-02 -2.29327828e-01 -6.55337334e-01
    -3.41747224e-01 1.55654967e-01 -3.88217062e-01 -2.31003761e-02
    -4.75845456e-01 -2.00949728e-01 -6.12149835e-02 -4.73381311e-01
    -4.79939342e-01 -4.92225647e-01 -6.48765922e-01 8.36497545e-03
    5.32537103e-02 1.97124481e-03 -3.02901506e-01 5.86251616e-02
    -5.17659128e-01 1.94368660e-01 1.68833137e-02 -1.02017671e-01
    -3.60362053e-01 -5.44402361e-01 -3.07630897e-02 -3.67730826e-01
    -4.21028554e-01 -3.44066381e-01 -4.81505424e-01 -6.01757705e-01
    -2.02953339e-01 -8.63887668e-02 -6.52297795e-01 -5.29771149e-01
    1.36029363e-01 -3.79511684e-01 -6.06867611e-01 -4.35530365e-01
    1.26438677e-01 2.40333080e-02 2.36248553e-01 -9.36760306e-02
    2.77484715e-01 1.26143098e-01 -6.33921504e-01 -1.85624987e-01
    6.45527840e-02 -2.99802899e-01 -2.31066883e-01 2.03745902e-01
    -3.89657676e-01 1.87174141e-01 -2.04101503e-01 -4.53829318e-01
    -8.94231796e-02 -2.38375664e-02 -1.14990234e-01 -7.08106875e-01
    -2.34915018e-01 -3.11654210e-02 -5.03264904e-01 -5.60788035e-01
    -6.07071161e-01 1.40915275e-01 1.39730215e-01 -8.20800364e-01
    -3.05736005e-01 -5.58990240e-02 2.26051867e-01 -5.08793354e-01
    3.60837221e-01 -7.85916448e-02 -4.65894997e-01 -4.81547266e-01
    -5.06273508e-01 -1.02922320e-02 -5.41285276e-01 1.44913793e-02
    -3.12950253e-01 3.48937929e-01 -3.06056142e-02 -5.34648955e-01
    -6.37174785e-01 2.54201233e-01 -3.91355932e-01 -8.80483389e-02
    -6.45141602e-02 -6.65145278e-01 -1.67130947e-01 -5.24513721e-01
    -1.00162983e-01 -3.07233781e-01 4.44785893e-01 -6.63827658e-02
    -2.83988059e-01 -2.31529057e-01 -7.39291072e-01 -9.77764130e-02
    -3.06077063e-01 -2.16414094e-01 -4.58639383e-01 -4.11723286e-01
    -4.79555607e-01 -3.48906845e-01 -3.66462797e-01 -8.37434530e-02
    -2.63627529e-01 -1.65212154e-01 -3.61181855e-01 3.97312641e-03
    -6.44483924e-01 -4.84483719e-01 -5.20222485e-01 -9.38881040e-02
    -4.19408679e-02 1.40685618e-01 -4.86134529e-01 -5.56230068e-01
    -1.69331849e-01 -6.63735628e-01 2.18645155e-01 -6.12913370e-01
    -9.44120288e-02 -2.89930105e-02 -4.80137765e-01 -2.87978321e-01
    -5.47504425e-02 -6.53933048e-01 -2.11042553e-01 2.20286846e-03
    -3.51158500e-01 -5.89377344e-01 2.79737592e-01 -1.14555836e-01
    -2.23509312e-01 -6.41926706e-01 -6.72928810e-01 -2.20258832e-02
    -2.85042524e-02 1.21032596e-02 -6.14405274e-01 -1.20572448e-02
    -1.41068578e-01 -2.20226645e-01 3.13221633e-01 -1.74980998e-01
    -2.60100514e-01 -5.64655066e-02 -4.40531075e-01 8.08883905e-02
    -2.84494221e-01 -2.77478576e-01 -1.57680571e-01 -4.44006324e-01
    -1.66869283e-01 -2.70789862e-03 4.33533788e-02 -8.30226541e-01
    -4.72562373e-01 4.16930318e-02 -2.75230169e-01 -6.12810612e-01
    -2.80025780e-01 -2.73285091e-01 4.48933244e-02 -2.78914571e-01
    -3.29987079e-01 3.40721130e-01 -2.67455548e-01 -3.34156573e-01
    -2.79618353e-01 -5.85663319e-03 4.90635633e-02 -4.59493428e-01
    -6.67262912e-01 -4.78707671e-01 -5.24297476e-01 -5.21955073e-01
    1.00517273e-02 -5.88810563e-01 -5.38526177e-02 1.19277596e-01
    -9.72442627e-02 1.53815210e-01 2.70354390e-01 -7.21903622e-01
    -5.95056236e-01 -2.32201219e-02 -6.66019320e-01 8.13027024e-02
    -3.16478193e-01 -4.06375557e-01 1.48709118e-01 2.61668086e-01
    -5.39902985e-01 9.46342945e-02 -5.89663506e-01 -2.48952657e-01
    -1.52458131e-01 -2.90879130e-01 -7.76180625e-02 -4.78781760e-01
    3.21303904e-01 -2.71417379e-01 -1.60207808e-01 3.10751200e-02
    -1.12775743e-01 -4.55281079e-01 -5.85457385e-01 6.33634329e-02
    2.42405534e-02 -2.67969787e-01 -2.11007476e-01 -2.43909955e-01
    -1.65496409e-01 -3.54965985e-01 -4.82061297e-01 9.30136442e-03
    -2.56116986e-02 -1.26474679e-01 2.43524313e-02 -4.54423606e-01
    -3.90048444e-01 -1.21666253e-01 -4.69707042e-01 4.96788621e-02
    -4.54381436e-01 -6.41350210e-01 2.29871869e-01 1.63975954e-01
    -6.59539700e-02 -4.39500928e-01 -5.03920138e-01 -3.46666873e-01
    2.60357261e-01 2.40928173e-01 -1.15036607e-01 -2.04874873e-02
    -3.81083608e-01 -6.54547811e-02 -6.91309750e-01 1.21795714e-01
    -4.92853552e-01 -3.64613146e-01 -5.41021228e-02 1.16787851e-01
    7.50986934e-02 6.96426630e-03 -5.39834261e-01 -5.03201663e-01
    -2.86312401e-01 -2.20293283e-01 -4.88955677e-01 -2.75756419e-01
    -6.09527230e-01 -2.40254521e-01 -4.14603591e-01 9.83833671e-02
    -4.00852174e-01 -5.45069635e-01 -7.11157024e-01 -6.62649870e-01
    2.38675475e-01 -1.18851125e-01 -6.71430230e-02 -1.87517405e-02
    -1.99513257e-01 9.41632390e-02 -5.63518047e-01 7.60841370e-02
    -5.37939787e-01 -5.00407815e-01 -3.32258224e-01 -4.69362497e-01
    -5.27335882e-01 -2.73435056e-01 -4.88764644e-01 -2.01935619e-01
    2.10343897e-01 -5.48283577e-01 -2.75311470e-02 -3.89881909e-01
    -2.84433246e-01 3.96396458e-01 2.53009558e-01 -3.38704586e-02
    1.16681218e-01 -1.75324619e-01 1.74383342e-01 -8.14832211e-01
    -2.37182975e-02 2.40735650e-01 -6.22208476e-01 -2.06901491e-01
    2.78038561e-01 -3.72312129e-01 7.04725981e-02 -3.46222162e-01
    1.75098836e-01 1.42786682e-01 -3.57400239e-01 3.03534806e-01
    -4.99511957e-01 -5.51295161e-01 -6.10563278e-01 3.87057066e-02
    -5.73383927e-01 5.27107716e-02 5.76087832e-02 -9.38123465e-03
    -3.07052135e-01 -4.45647240e-02 2.66609192e-01 -3.55390251e-01
    -4.71123457e-02 1.30506516e-01 9.01510119e-02 -4.37352985e-01
    -7.01493859e-01 -6.73664808e-01 -5.19795775e-01 -1.34792149e-01
    -3.32991958e-01 -1.81835890e-03 -4.99833822e-02 -4.69326526e-01
    -3.99738729e-01 -3.56491059e-01 -2.84133613e-01 -1.58056349e-01
    -1.34691745e-01 -7.63080716e-02 -2.14810491e-01 3.53502035e-02
    1.08397126e-01 -4.31775540e-01 -1.17946804e-01 -2.24788785e-01
    -2.30457783e-01 -2.98767269e-01 1.31792367e-01 -1.33235842e-01
    -3.04124564e-01 -1.61979049e-01 -4.11027342e-01 -1.79694086e-01
    -5.59040308e-01 -2.09361553e-01 -1.18449032e-01 -3.96316200e-01
    -4.86520946e-01 5.29050827e-03 -1.40648186e-01 -4.99956936e-01
    -4.25091803e-01 -1.76889420e-01 -3.50510031e-01 -5.53829551e-01
    -5.94369888e-01 -3.45210850e-01 -3.86047661e-01 -2.70259291e-01
    -3.16210628e-01 6.56726360e-02 -3.83726925e-01 -3.98869663e-01
    2.35690594e-01 -1.98782176e-01 2.76405454e-01 -4.68833774e-01
    4.03254032e-02 -6.92134500e-02 -5.64045310e-01 -7.02543259e-02
    -9.86825824e-02 -2.02549309e-01 -4.51749623e-01 -2.89622962e-01
    1.58548355e-01 1.05929434e-01 -4.16285992e-02 1.10433817e-01
    1.27167284e-01 -3.63773882e-01 -4.30699289e-01 2.93656766e-01
    -5.29040337e-01 -2.63120294e-01 2.49282122e-01 -5.65840542e-01
    -5.41112125e-01 1.75128996e-01 -2.14031637e-01 -1.20238483e-01
    -1.76061034e-01 -1.70526683e-01 -1.28735960e-01 8.44997764e-02
    -5.88622689e-01 -4.19055164e-01 -3.54694903e-01 7.62387514e-02
    -3.72902632e-01 1.52767897e-01 -5.80509126e-01 -5.54232240e-01
    -5.80419302e-01 -5.00368059e-01 1.43547833e-01 9.87259150e-02
    1.29256368e-01 8.89840126e-02 -7.67799139e-01 -1.07930183e-01
    -7.58275628e-01 -2.89553404e-03 -4.04199123e-01 -2.49647021e-01
    -2.26906121e-01 -4.00039405e-01 -2.56727129e-01 -5.94387233e-01
    -1.46774650e-01 5.20318747e-03 -5.00080585e-01 2.08767056e-01
    -5.30596614e-01 -5.40191293e-01 2.70763457e-01 -1.31225288e-01
    1.56984508e-01 -6.01604640e-01 -5.77340722e-01 -1.07076764e-02
    2.88855612e-01 -6.84268594e-01 -7.21595168e-01 2.14415789e-03
    -7.44199753e-03 -5.09485126e-01 -5.25161624e-01 -4.02078032e-01
    -2.51714051e-01 -1.13309383e-01 2.31502652e-02 -2.80256987e-01
    2.44321644e-01 -7.14626849e-01 2.62382269e-01 1.27323449e-01
    -2.81903654e-01 -6.20686233e-01 -5.81686854e-01 -5.53029358e-01
    1.02187455e-01 -5.11717319e-01 -6.61751330e-01 -5.16068935e-01
    -5.08053303e-02 -4.29810703e-01 -3.66134107e-01 -3.09072256e-01
    -4.29042935e-01 -1.51039958e-02 -3.07669997e-01 -7.20571935e-01
    -2.02019453e-01 -7.55306721e-01 -6.91620350e-01 6.60901666e-02
    -1.10197365e-01 -1.15532279e-01 -1.79555833e-01 -2.72967696e-01
    -7.70205379e-01 -5.68154514e-01 -3.96206975e-02 -4.57391322e-01
    -2.29788780e-01 -5.28491795e-01 -1.99640095e-01 1.56214416e-01
    -1.77578032e-01 -5.30934930e-01 -4.86927152e-01 -1.03540063e-01
    -1.97437167e-01 -8.32988620e-02 -9.13053751e-02 -2.10467279e-01
    -2.28902936e-01 6.55108094e-02 -6.12977445e-01 -5.60224652e-01
    -6.47554398e-02 -2.78595567e-01 -4.75359887e-01 2.05976009e-01
    1.53693914e-01 1.13020897e-01 -6.70092106e-01 -2.67594874e-01
    -3.57920170e-01 -6.83264256e-01 -1.08801186e-01 -3.59199226e-01
    -4.42532748e-01 -3.35997641e-01 -5.84266484e-01 -4.12597090e-01
    -2.70202130e-01 -4.84288543e-01 1.84219122e-01 2.03200877e-01
    1.99350536e-01 -1.73906863e-01 -3.63997221e-02 -5.93111873e-01
    -9.93409157e-02 -3.33799303e-01 -1.22373641e-01 -3.34073842e-01
    -4.98665452e-01 -1.39787197e-01 2.62082815e-02 5.18869758e-02
    -4.57023382e-02 -6.04064643e-01 -9.66703892e-02 3.52500737e-01
    -4.96097773e-01 -3.53802323e-01 4.74393368e-03 2.31171370e-01
    -5.15292346e-01 -4.52468932e-01 9.40873623e-02 1.51410103e-01
    1.73187494e-01 2.62156606e-01 -6.23027444e-01 -4.98287082e-01
    -5.76603770e-01 2.68979669e-02 -5.51041365e-01 1.80756927e-01
    8.28007460e-02 1.49715364e-01 -7.58933425e-02 -3.32064778e-01
    -1.22357607e-01 -5.51394701e-01 -6.54597998e-01 -4.46239352e-01
    -6.69171929e-01 -3.44710320e-01 -1.97628021e-01 -5.76521516e-01
    2.89358437e-01 1.20571494e-01 -2.55881041e-01 1.84187293e-02
    -6.10479474e-01 1.44214511e-01 -7.32093096e-01 1.73791170e-01
    -3.26367557e-01 2.17397988e-01 -3.04936767e-01 1.44440413e-01
    -5.44585466e-01 -2.18275964e-01 2.54160166e-03 2.67787158e-01
    -7.01062083e-02 -1.60880148e-01 1.93999767e-01 7.28351474e-02
    -2.83775806e-01 -5.60920715e-01 -3.29486102e-01 -6.70248568e-01
    -3.07426989e-01 -5.43883979e-01 -3.43860507e-01 -4.73266155e-01
    1.96233869e-01 -2.66535252e-01 -1.00685954e-01 -5.13792753e-01
    -6.38175011e-01 2.73276329e-01 -5.08049190e-01 -2.36443698e-01
    3.55005205e-01 -5.63673973e-01 -4.41830128e-01 -1.26946509e-01
    -5.75946987e-01 2.16425896e-01 9.33289528e-03 2.61627853e-01
    3.68579209e-01 -4.01009560e-01 -3.53485882e-01 -4.55386609e-01
    3.50800633e-01 2.08516121e-01 -4.93349671e-01 1.56612396e-02
    2.30217934e-01 1.31278634e-01 -1.68893099e-01 -3.18555832e-02
    4.28321958e-02 -8.05298686e-02 -5.54687023e-01 -4.98651117e-01
    2.66920269e-01 2.35865891e-01 -5.90311170e-01 6.56982660e-02
    -2.24130481e-01 8.41490626e-02 -5.16900420e-01 -2.70027906e-01
    -4.48514462e-01 7.95305371e-02 3.86176109e-02 -3.28662157e-01
    9.36067104e-03 -3.38411391e-01 2.23414063e-01 -5.22862077e-01
    -5.48874676e-01 -9.22973752e-02 -7.36390412e-01 -6.36454165e-01
    -2.65259057e-01 -1.68469906e-01 -2.27150559e-01 -5.23252130e-01
    -4.85650331e-01 -4.40143943e-01 1.01158738e-01 -3.26570570e-01
    1.30880892e-01 -3.80720735e-01 -4.70064461e-01 -7.74713755e-01
    -1.01508200e-01 -1.98197126e-01 -3.13366294e-01 -3.79200876e-01
    9.41864848e-02 -6.01769567e-01 -3.38485301e-01 -5.35840392e-02
    -6.03640497e-01 -2.86637694e-01 1.89438105e-01 -4.89535451e-01
    -1.95654869e-01 -3.34309727e-01 2.47846007e-01 -4.77245510e-01
    -4.25132006e-01 -5.55528402e-01 -3.91917229e-01 1.27406836e-01
    -1.24168932e-01 -3.47284764e-01 -3.66950035e-03 -1.67048395e-01
    2.12569475e-01 -5.08607090e-01 1.71329260e-01 2.19081163e-01
    -5.18481314e-01 -5.55157065e-02 -5.58298349e-01 -4.56136107e-01
    -4.98775631e-01 -2.21847743e-01 -2.15560138e-01 6.75868988e-03
    2.47948170e-02 3.78035367e-01 1.26938224e-01 -3.88102055e-01
    -5.61860800e-02 -4.52936172e-01 -1.06102526e-01 -5.75863361e-01
    1.01864100e-01 1.19073391e-01 -5.73403597e-01 1.07716024e-01
    -2.22401053e-01 1.91037416e-01 -4.95762587e-01 -5.72152495e-01
    -6.42674565e-01 -1.71429455e-01 -6.00975752e-01 -6.09071851e-01
    -5.25495172e-01 1.33443654e-01 2.38545656e-01 -3.19372445e-01
    2.84246087e-01 -1.43791109e-01 -1.84944272e-01 -4.92491037e-01
    7.91907310e-03 -4.23626900e-02 -2.40470290e-01 1.32456839e-01
    -6.28801048e-01 -2.37260818e-01 1.43547297e-01 9.53276157e-02
    2.17366219e-02 -6.59550965e-01 -2.72727430e-01 -5.08483768e-01
    6.20195270e-02 -1.81536019e-01 1.05865657e-01 -2.96720862e-01
    -7.72704720e-01 1.00028098e-01 1.00407720e-01 -1.83190793e-01
    4.83507514e-02 1.52182400e-01 -1.22724235e-01 -3.82548541e-01
    -1.54817045e-01 1.20458186e-01 -9.73916054e-03 -7.84022331e-01
    -7.98487067e-01 7.00875521e-02 -5.73360920e-01 -5.60992956e-01
    -4.30093229e-01 -5.10917306e-01 -1.84948087e-01 -1.10397279e-01
    2.70924270e-01 -4.24597740e-01 -5.59580088e-01 3.66942286e-02
    -4.53230172e-01 -7.50114322e-02 -4.77765501e-01 -6.24121070e-01
    1.71182215e-01 -6.05052710e-03 -4.62944955e-01 2.68943965e-01
    1.92843974e-01 2.34951138e-01 -4.49519604e-01 -3.12205821e-01
    3.17413777e-01 -3.67828339e-01 -2.86915272e-01 -4.30837244e-01
    2.80659258e-01 -3.42254519e-01 -3.80144089e-01 3.11056018e-01
    -1.89994574e-02 -4.74397153e-01 1.62789226e-01 -6.27757311e-02
    -1.13865852e-01 -7.10599422e-01 -3.00276607e-01 1.01261020e-01
    3.38978171e-02 -3.92292380e-01 -3.65206271e-01 2.58137524e-01
    -3.98258150e-01 -1.68141901e-01 -5.06872892e-01 -2.40247160e-01
    -6.68131113e-02 1.20579958e-01 8.33446980e-02 -7.89366722e-01
    -6.60676837e-01 -3.17507088e-01 -6.04285836e-01 3.21577191e-02
    -3.27236801e-01 -4.70199525e-01 -6.75956905e-01 -2.50282109e-01
    1.14459515e-01 9.25838947e-02 -5.83820581e-01 3.39219630e-01
    -4.14219052e-01 -3.99816215e-01 -3.09653372e-01 -2.83653438e-01
    2.83784449e-01 -6.78048074e-01 1.74367607e-01 -4.18748975e-01
    -7.31193423e-02 -5.55093288e-01 -1.27587914e-01 -8.88896585e-02
    -2.30710328e-01 -7.67049789e-01 -9.85412598e-02 -6.37190342e-02
    -7.27282345e-01 -7.08784878e-01 -4.85779256e-01 -4.40788478e-01
    -5.50353527e-01 8.89524221e-02 1.43105149e-01 -7.72482157e-02
    -3.15835625e-01 -3.03673744e-02 5.36270738e-02 -2.77990878e-01
    2.30439842e-01 -2.93450892e-01 -3.77915204e-01 -5.06162047e-01
    -1.23786509e-01 3.37736666e-01 -2.90065259e-01 -1.84184313e-01
    2.68201530e-01 -1.30590618e-01 -2.03956515e-01 -5.44785500e-01
    7.32080340e-02 -1.16712809e-01 -5.13751686e-01 2.34226465e-01
    -1.71010494e-01 7.33782053e-02 -5.89587927e-01 -3.19154441e-01
    -2.82614142e-01 -2.51042843e-02 -2.95465052e-01 -1.23423398e-01
    -2.91466057e-01 -4.17476833e-01 -2.64911294e-01 -2.14583606e-01
    -1.62988842e-01 1.31266713e-01 -4.24327910e-01 -6.06526613e-01
    1.06506050e-01 -3.95558476e-02 9.55017209e-02 -5.51468134e-03
    1.63183987e-01 -1.69295281e-01 -3.24216396e-01 -4.41014200e-01
    -7.73527920e-02 -2.75096118e-01 -6.12597227e-01 4.46005464e-02
    -2.28967994e-01 -7.75930285e-02 -6.28570080e-01 -8.08885694e-02
    -5.62365174e-01 -5.49659729e-01 7.28950500e-02 -8.68254304e-02
    -1.51700914e-01 -4.85377371e-01 -4.07938421e-01 5.28656840e-02
    -3.78691941e-01 -1.19203866e-01 -6.11016810e-01 3.35465312e-01
    1.48818195e-01 -4.66016740e-01 2.92221069e-01 4.07093763e-03
    -7.04001665e-01 9.03500319e-02 1.58195019e-01 -5.69655895e-01
    -1.52077496e-01 9.19215679e-02 -3.41038555e-01 -1.58235967e-01
    -1.27417862e-01 -2.00145364e-01 2.45828032e-02 -4.77955401e-01
    2.00312734e-01 -6.12920225e-01 -4.53669190e-01 -5.06454706e-02
    -1.25192702e-01 2.22655058e-01 1.95723057e-01 -4.01962221e-01
    2.56387711e-01 -5.29246509e-01 -3.42709929e-01 -4.60077941e-01
    1.23063684e-01 -3.88335288e-01 2.46243119e-01 -4.21996206e-01
    -4.18137074e-01 5.88377118e-02 -5.33239603e-01 1.79202139e-01
    -2.51683563e-01 -3.60345840e-02 -6.26501083e-01 -6.22833729e-01
    -1.88279152e-03 2.42859125e-02 -3.23129058e-01 1.31436408e-01
    -1.09937966e-01 1.88762903e-01 -4.83297020e-01 -1.92590058e-01
    -3.70405316e-01 -8.49800706e-02 -2.57740349e-01 -6.15069985e-01
    -5.30665517e-02 6.65438175e-02 -2.65944004e-01 1.02317274e-01
    1.29165411e-01 -4.72328186e-01 -5.85633278e-01 -5.54085732e-01
    1.80944264e-01 -5.49478054e-01 -4.74036545e-01 9.30712223e-02
    -1.35416389e-01 2.60916233e-01 -6.33104146e-01 -3.26897323e-01
    -3.10109735e-01 3.52231443e-01 1.55428231e-01 -6.80581212e-01
    -5.84329128e-01 2.28364110e-01 2.79939175e-02 -4.25232828e-01
    2.73989141e-01 2.11522818e-01 6.66655898e-02 -4.74770159e-01
    -3.25981647e-01 -6.48289442e-01 7.77511597e-02 1.65021062e-01
    -3.49976271e-01 -2.11361974e-01 -4.51033115e-02 2.79813528e-01
    -1.05713606e-02 -5.90060949e-01 -4.56428528e-03 -2.23660648e-01
    5.02209067e-02 2.11907029e-02 -3.49855721e-01 -3.74979734e-01
    -5.60554981e-01 -5.56725860e-01 -3.77462000e-01 -1.63329244e-02
    -3.74923468e-01 -2.35007703e-01 -6.33436441e-02 -3.20776045e-01
    1.70470059e-01 -5.66738367e-01 -7.33448863e-02 1.11987233e-01
    -2.54987478e-02 1.93403840e-01 1.15932763e-01 -7.75692284e-01
    -1.22937441e-01 -3.15644592e-01 -5.92790186e-01 -4.01208878e-01
    9.59736109e-03 -8.04821491e-01 4.23287153e-02 -4.87390429e-01
    6.06890321e-02 -6.31293654e-01 1.63279533e-01 9.20799375e-02
    -6.21602297e-01 -4.27502573e-01 4.10507143e-01 4.89758849e-02
    -3.69821131e-01 -4.88945186e-01 -1.82144225e-01 -2.21367866e-01
    2.34623790e-01 -2.94612527e-01 -3.77060175e-01 -4.87881452e-01
    -4.79649186e-01 1.70658946e-01 -6.07314825e-01 -5.64622760e-01
    -5.58807850e-02 2.08623350e-01 -4.83097434e-02 -6.87635064e-01
    -6.49749935e-01 -7.54758000e-01 2.47455239e-02 3.06905985e-01
    1.80219054e-01 -2.24831283e-01 2.08867788e-01 -2.87988335e-01
    -3.59129041e-01 -3.50803614e-01 -1.45280778e-01 -6.32534027e-01
    -1.77599192e-01 -5.86680293e-01 -3.38137746e-01 -3.63348126e-01
    1.83306158e-01 -8.74595046e-02 2.01522052e-01 -7.26278424e-01
    -1.11175954e-01 -4.17857945e-01 -6.29393816e-01 -5.43810487e-01
    2.47665405e-01 -2.01837629e-01 -3.13689947e-01 -1.55550003e-01
    -8.98046494e-02 1.89366400e-01 -2.82647312e-01 -3.29299420e-01
    -5.64939618e-01 -1.77254796e-01 1.93911076e-01 -7.11559653e-02
    1.44385755e-01 -6.10333085e-02 -3.80699694e-01 -4.03924584e-02
    -5.05775571e-01 -1.76804364e-01 3.05367708e-02 -4.61364806e-01
    -4.65486646e-01 -4.34157103e-01 -3.13837647e-01 -5.57949185e-01
    1.61293447e-01 -5.90101123e-01 -4.30367798e-01 -3.00473005e-01
    -1.59332097e-01 -4.08740580e-01 2.36119509e-01 3.93451512e-01
    -3.75835299e-02 -8.91301036e-02 -3.53865027e-01 1.90114975e-03
    -4.08551395e-01 -4.61313367e-01 -3.77731442e-01 1.13327444e-01
    -2.49531597e-01 1.61686540e-02 -2.82245815e-01 -6.67349339e-01
    -2.51865506e-01 -6.37827873e-01 2.42559433e-01 1.07374251e-01
    -1.61706507e-01 -4.29144263e-01 -5.91934323e-01 -3.62925589e-01
    -4.09920216e-02 -1.84622228e-01 -6.03514194e-01 -1.93679065e-01
    -1.06549263e-02 -2.99681425e-02 -5.89947164e-01 1.72009766e-01
    -6.45983756e-01 -6.16889477e-01 -2.65626132e-01 -1.63335562e-01
    1.55180275e-01 -2.30448574e-01 -9.17676687e-02 1.04038119e-02
    -4.69098091e-02 -6.68644309e-01 6.51144981e-02 -6.95701122e-01
    2.85692155e-01 -3.79312336e-01 -3.02316368e-01 2.98898757e-01
    1.31794393e-01 -5.59502840e-01 -3.27901840e-02 2.63031721e-02
    -6.99967742e-01 -2.18476862e-01 1.34061933e-01 -4.36080545e-01
    -1.88934177e-01 -5.24000525e-01 3.07957947e-01 -3.44545335e-01
    -2.85612881e-01 2.81642973e-01 -3.18820298e-01 -4.08786714e-01
    -1.03728116e-01 -4.67549324e-01 -1.26085699e-01 -1.65893972e-01
    -5.40468454e-01 -4.90892977e-01 -3.17775130e-01 -2.40066141e-01
    -2.47854233e-01 1.02816761e-01 -6.17505074e-01 -2.18099058e-01
    2.90533423e-01 -5.11148214e-01 -1.78352177e-01 2.80578732e-01
    -6.59480810e-01 1.48669004e-01 -3.86277497e-01 -6.75507545e-01
    7.20548034e-02 1.23268962e-02 -4.80998188e-01 -2.36641198e-01
    -3.24929357e-01 2.20969319e-02 -1.56530857e-01 -6.10005736e-01
    2.12090969e-01 -9.57728028e-02 -3.28115314e-01 6.29384518e-02
    -3.90545428e-01 -5.36669314e-01 -7.02021718e-02 1.04840875e-01
    -1.88686430e-01 -3.19388509e-02 -3.14089060e-01 -5.96107244e-01
    -1.52994156e-01 -1.08098447e-01 3.12443197e-01 -5.97058475e-01
    3.30015421e-02 9.45442319e-02 -6.17473781e-01 -5.74194074e-01
    -2.47226715e-01 3.79864573e-02 -2.93748736e-01 -2.27298141e-01
    -2.22629249e-01 -6.85276031e-01 -5.25549054e-02 -5.33066154e-01
    2.18211651e-01 1.33195400e-01 -4.59590465e-01 -6.85126901e-01
    2.63712823e-01 3.79137397e-02 2.39115298e-01 -4.23537910e-01
    -2.41323084e-01 -3.94599885e-01 8.12091231e-02 -7.91689157e-01
    -1.16235673e-01 -2.94125825e-01 -1.97381735e-01 -6.77188814e-01
    -1.97879076e-01 -1.68722868e-01 -6.34749055e-01 -3.43335807e-01
    2.11028278e-01 2.58314013e-02 -4.11489725e-01 7.55734444e-02
    -5.95161319e-02 -2.04763591e-01 -4.05018330e-01 -4.82018024e-01
    -5.96180558e-01 -2.58222818e-02 -3.72574925e-02 -5.72047830e-02
    -7.65733063e-01 -7.84613013e-01 -4.15589273e-01 -3.95135731e-01
    -3.53116572e-01 -9.69588757e-02 -2.72473842e-01 -9.51665044e-02
    -5.39090395e-01 -2.47325718e-01 -1.36415660e-01 -5.57852030e-01
    -2.98836827e-02 7.31161833e-02 -4.73333955e-01 1.15313351e-01
    -4.90400791e-01 -8.31771970e-01 1.54705048e-01 -4.68517900e-01
    -6.48686409e-01 1.43320918e-01 1.10281825e-01 -2.27560580e-01
    7.62544870e-02 1.88152313e-01 -5.32439947e-02 6.32172227e-02
    -4.49419856e-01 -6.94835186e-01 -2.70239115e-01 -5.47421098e-01
    1.21016502e-01 -2.49980688e-01 -6.33027196e-01 1.74824297e-01
    -4.11546320e-01 -3.47723365e-01 -7.09704161e-01 -3.05608213e-01
    -3.03305984e-01 1.08665824e-02 -4.69183683e-01 3.15912783e-01
    -3.61680746e-01 -2.63449699e-01 -2.44441986e-01 6.73031807e-02
    -3.77348691e-01 -1.75497711e-01 -1.79842651e-01 2.07297027e-01
    8.16802979e-02 2.05820799e-03 3.16697359e-03 -4.62958127e-01
    -4.90337461e-01 -6.08807683e-01 -4.78576064e-01 2.71454751e-01
    -7.30143189e-02 -4.15229917e-01 -5.65434456e-01 1.60238862e-01
    -1.76043630e-01 2.28033721e-01 1.56492829e-01 -4.61491525e-01
    -2.27835417e-01 -2.00963378e-01 1.25949323e-01 -4.49774861e-02
    -2.06401199e-01 -5.06727397e-01 -9.52231288e-02 -3.89978409e-01
    -1.39047652e-01 -1.93067551e-01 -3.40049386e-01 1.68206394e-01
    -1.12852871e-01 -1.61888063e-01 -2.30557203e-01 3.10379684e-01
    5.11264801e-03 -2.83953011e-01 -3.78719509e-01 -5.40038705e-01
    -2.18597919e-01 -5.51279545e-01 -2.74324417e-02 2.15685844e-01
    -1.61329329e-01 1.59253776e-01 1.16412103e-01 -1.86910003e-01
    -5.37888110e-02 3.48314226e-01 -3.87448102e-01 -1.05350614e-02
    -4.02249336e-01 -4.35928524e-01 -5.85049212e-01 -4.39987630e-01
    -2.91232795e-01 -5.18159866e-01 -3.19062322e-01 -5.89837790e-01
    -9.60987806e-02 -4.15275693e-01 1.00249946e-01 1.09171271e-01
    -7.11786449e-01 3.35330963e-02 5.55937886e-02 -2.96593130e-01
    -5.14692843e-01 -9.30450559e-02 -4.31562811e-01 1.15652621e-01
    -2.58168370e-01 -1.22468531e-01 -6.07652068e-02 -5.05835474e-01
    -3.68885159e-01 -2.35962212e-01 -2.86752284e-01 -2.34211683e-01
    9.69940424e-03 -5.84911942e-01 -1.07838452e-01 -2.64995694e-02
    -6.54422045e-01 -4.17148411e-01 1.35238111e-01 -5.43324232e-01
    -2.61734277e-01 2.34573603e-01 -7.55064607e-01 -1.52629435e-01
    -1.64997160e-01 -7.42270708e-01 -4.51395243e-01 1.39950275e-01
    -6.10613108e-01 -5.49306512e-01 -3.04745436e-02 -1.35189533e-01
    -4.42536950e-01 -6.40526831e-01 -1.63210452e-01 -1.45165622e-01
    -1.62666202e-01 -6.67085528e-01 9.62710381e-02 -4.80986834e-02
    -7.27625310e-01 -1.07708335e-01 2.39985645e-01 1.71282887e-02
    -4.79487181e-02 -6.62518024e-01 -6.31097078e-01 -5.61980844e-01
    -6.28238678e-01 -6.79946065e-01 3.21435928e-03 -7.22002983e-01
    -1.93363249e-01 6.73288107e-03 3.43434811e-02 -5.37924469e-01
    -1.99933171e-01 3.77121568e-02 -2.77716249e-01 -1.19368970e-01
    -1.14584863e-01 -2.62484908e-01 -4.00987685e-01 2.14557350e-01
    -3.99183869e-01 -6.71361089e-02 3.11928093e-01 -5.41382074e-01
    -6.55313611e-01 5.06038070e-02 -2.40597010e-01 -1.91317677e-01
    -2.38727540e-01 -7.69591928e-02 3.23118329e-01 -2.31970251e-01
    1.73275471e-01 1.01055622e-01 -3.80343348e-01 3.36684585e-02
    -1.55514240e-01 1.12060487e-01 -3.78446430e-01 -4.66056466e-01
    -2.58849591e-01 1.87620580e-01 -1.43325806e-01 -6.25961065e-01
    -5.26409030e-01 -4.03788090e-02 -3.69069487e-01 1.87054276e-01
    -3.88180792e-01 -4.76963520e-01 -5.55703521e-01 -4.73978430e-01
    -6.28733277e-01 -8.09536576e-02 -3.42905462e-01 4.83700633e-02
    -3.70940119e-01 1.85851514e-01 -5.41850686e-01 -3.52540612e-02
    -1.59727156e-01 -4.84919369e-01 1.40044987e-01 -1.90306783e-01
    -4.55224216e-01 -4.09406066e-01 1.16479933e-01 -1.72725201e-01
    1.02202892e-02 -7.78507590e-02 -5.90038419e-01 1.44417703e-01
    -5.99459052e-01 2.42776096e-01 -2.36539453e-01 -3.02065790e-01
    2.27497280e-01 1.04515135e-01 -4.13105786e-01 -1.32354081e-01
    2.98559785e-01 -3.04000616e-01 -6.46375954e-01 -5.68954468e-01
    2.01390088e-01 -5.55016041e-01 9.89549756e-02 -2.66962647e-02
    -4.34756458e-01 -5.57463884e-01 -4.96237844e-01 -5.72981298e-01
    2.53444552e-01 -6.35150313e-01 -7.12035537e-01 -4.45735753e-01
    -3.44550669e-01 2.01836944e-01 2.62506902e-01 -2.66051859e-01
    1.93319976e-01 4.20782566e-02 -1.33769333e-01 -5.17380238e-03
    1.88228250e-01 -4.42806125e-01 -5.18975079e-01 -3.03577155e-01
    -2.94753909e-02 -1.02708220e-01 -2.55099595e-01 3.00214291e-02
    -8.31726491e-01 -5.30504107e-01 1.56363785e-01 -1.36527717e-01
    6.42297268e-02 2.62255371e-01 -2.03598142e-02 -3.26758057e-01
    -2.45378137e-01 -1.66438937e-01 -6.34120226e-01 4.06111479e-02
    -1.22970462e-01 8.06722641e-02 -1.93501651e-01 -1.23087227e-01
    -6.15389287e-01 2.01792061e-01 -5.97596765e-01 -6.44004226e-01
    2.09984660e-01 9.63113308e-02 2.54722834e-02 -4.98459041e-01
    -6.09320879e-01 -9.00139809e-02 -2.75502443e-01 -1.79766536e-01
    -4.17706907e-01 3.23888123e-01 -4.70174521e-01 -4.56868708e-01
    3.36407125e-01 -4.33729291e-01 -5.11082530e-01 -1.57178223e-01
    2.26340234e-01 -2.73739994e-01 -5.29758573e-01 -2.26576328e-01
    -6.93590760e-01 -5.71858168e-01 -2.86160290e-01 -4.18663412e-01
    8.51275921e-02 2.40607262e-02 5.33096790e-02 -4.42981124e-01
    -2.87547112e-02 -1.05674982e-01 -1.96294546e-01 1.34918332e-01
    -4.46018279e-01 8.12728405e-02 -5.80346584e-01 -4.67625737e-01
    -5.36363721e-01 2.09285617e-02 2.40918636e-01 -2.56389856e-01
    3.02475214e-01 -1.80194736e-01 -3.35143387e-01 -1.27780020e-01
    1.66707575e-01 -6.33940935e-01 -6.14372492e-01 -5.51464796e-01
    9.93437767e-02 -3.56135130e-01 -5.06327271e-01 -7.02737570e-02
    -1.98433757e-01 -7.53229856e-02 -2.13574588e-01 -6.11979008e-01
    -2.86817610e-01 7.27845430e-02 -1.74849093e-01 -4.56644356e-01
    9.54107046e-02 -3.65446478e-01 -4.33695078e-01 -3.72563988e-01
    -1.38950348e-01 2.49797702e-01 -2.13077426e-01 2.56913722e-01
    -2.23705232e-01 -5.60431600e-01 -1.42366290e-01 -1.45867586e-01
    -5.46736777e-01 -5.91344476e-01 1.86594307e-01 -2.21151829e-01
    -3.80111933e-01 -5.51230431e-01 -5.84478736e-01 -7.04640746e-02
    7.25818276e-02 -1.26736045e-01 -1.26332045e-03 1.97380424e-01
    -5.83958864e-01 -3.62661421e-01 -1.82956874e-01 -5.04626632e-02
    8.92820954e-02 -1.61746621e-01 -4.80710417e-01 -2.64066160e-01
    2.11589038e-01 9.07219052e-02 -2.78729439e-01 -4.81191486e-01
    2.55842566e-01 -4.77735400e-02 -3.08639079e-01 -2.50763237e-01
    -5.85577726e-01 -5.54186225e-01 -1.71311975e-01 -1.07462645e-01
    -6.64789617e-01 -6.59922957e-02 -6.42789006e-02 -2.99885213e-01
    -2.72742420e-01 1.72246635e-01 -5.52695394e-02 -1.66439414e-02
    -5.66153646e-01 -3.14935267e-01 1.28443539e-01 -5.64661622e-02
    -2.77951121e-01 -2.38612831e-01 -3.33283991e-01 -4.26746935e-01
    -5.72378397e-01 -6.67275012e-01 6.33325577e-02 -1.48653448e-01
    -7.36166239e-01 2.54064381e-01 -2.73741782e-01 -1.65184617e-01
    -6.07513011e-01 1.24456286e-01 -2.09283412e-01 -9.62495804e-04
    -3.02073538e-01 -3.36909890e-02 5.58717847e-02 8.67977738e-02
    -4.33219582e-01 1.38391256e-01 9.27106142e-02 -8.14896822e-02
    -6.00733280e-01 -5.51546752e-01 -2.86070526e-01 -4.92273897e-01
    -5.35314560e-01 -5.70809543e-01 -3.55705619e-02 -2.67002642e-01
    -2.53637373e-01 1.63989365e-01 -3.42705816e-01 -2.33664513e-02
    -6.62633717e-01 -1.10617936e-01 -4.57171053e-01 -6.88419878e-01
    -1.58141673e-01 -4.99714315e-01 -5.11783600e-01 -9.30313468e-02
    -4.59756315e-01 -3.38887691e-01 -4.32737827e-01 -2.18620241e-01
    2.05011666e-01 -4.11692560e-01 -5.57224274e-01 1.05621815e-02
    -6.76846504e-01 2.10138440e-01 -1.98505998e-01 1.62673473e-01
    -1.59993649e-01 -6.14455521e-01 2.50777721e-01 -3.65619361e-01
    2.46483505e-01 -6.38091505e-01 -3.30260932e-01 -3.77235413e-02
    -2.13541567e-01 -3.81363034e-02 -8.13383818e-01 -3.21832925e-01
    1.32821679e-01 1.79130316e-01 -5.45728207e-01 1.74062192e-01
    -4.81038094e-01 -4.03029323e-01 -1.21650517e-01 1.47459030e-01
    -4.15520400e-01 -5.55533707e-01 -1.81567907e-01 -1.09228224e-01
    -6.27385974e-01 -2.33540922e-01 1.93770528e-01 -4.83772695e-01
    5.38030267e-02 -4.58334208e-01 -6.18334591e-01 -1.15008950e-02
    -1.73676312e-01 3.10302913e-01 -2.88827777e-01 -5.69185436e-01
    -5.04115820e-01 -3.00465822e-02 -6.65437937e-01 -8.40622187e-02
    -3.09115678e-01 2.38048136e-01 -2.00309724e-01 1.10338509e-01
    5.11618853e-02 -6.45110011e-01 -5.90887427e-01 1.18955791e-01
    -1.98296130e-01 9.47120190e-02 1.60893500e-01 2.49218881e-01
    -6.52574062e-01 -4.87580240e-01 -2.97163010e-01 -8.45590830e-02
    2.03836083e-01 -2.73856521e-02 -3.00464571e-01 -2.16041297e-01
    2.08397388e-01 -6.98883176e-01 -5.92153609e-01 7.76796341e-02
    -9.79319215e-02 -2.36718416e-01 -4.16185856e-02 -3.35681975e-01
    -2.09808588e-01 -4.63140666e-01 -3.17974061e-01 -5.49503207e-01
    -3.68920177e-01 7.80609250e-02 -6.91467047e-01 -3.24697882e-01
    -3.39736402e-01 -5.08282781e-01 1.16838694e-01 -1.17816389e-01
    2.18551993e-01 -4.31674153e-01 3.73783112e-02 -2.29624897e-01
    -2.76953369e-01 7.29940534e-02 1.14192188e-01 1.47523582e-01
    1.90684497e-01 -4.26995575e-01 2.87562609e-03 -6.07621670e-03
    -6.05860472e-01 -4.60950196e-01 -2.88963139e-01 -2.94363081e-01
    -4.44012254e-01 -3.37680161e-01 -4.82610881e-01 1.89276218e-01
    -2.83526242e-01 -7.37115741e-01 -7.38403201e-02 2.25988865e-01
    3.15030992e-01 -1.66007519e-01 -2.92891979e-01 -3.50753307e-01
    -5.05998135e-02 -5.24577379e-01 -3.07000041e-01 -5.25660396e-01
    2.28021741e-02 -4.62919354e-01 -7.55882025e-01 1.37689829e-01
    -8.05620551e-01 1.50875688e-01 -2.96923578e-01 1.18236184e-01
    -1.47726059e-01 -2.22027540e-01 -2.61313975e-01 -4.40933645e-01
    -5.88969588e-02 -2.08351493e-01 -4.52879071e-01 -8.56126666e-01
    8.75213146e-02 -6.15058541e-02 -4.37168330e-01 -5.38127661e-01
    -4.31532264e-02 -5.28161287e-01 3.27196598e-01 -5.81759751e-01
    3.22152793e-01 -1.98842227e-01 -5.91416001e-01 -3.89377475e-02
    -3.26641589e-01 -2.29031086e-01 -2.43478328e-01 -6.19528890e-01
    -2.47700632e-01 -4.20475721e-01 -5.59913516e-01 -3.23437452e-02
    2.52649665e-01 -6.14447713e-01 8.13885927e-02 -4.05328274e-02
    -2.55480260e-01 -9.64584351e-02 -1.43839955e-01 1.78981543e-01
    7.09885359e-03 -5.81781268e-01 2.60480225e-01 -7.76453018e-02
    -5.98811209e-01 2.31363952e-01 3.17696631e-01 -3.59758794e-01
    8.14574361e-02 -4.67190266e-01 -7.93070316e-01 1.24967098e-01
    2.41414905e-02 -8.03118825e-01 -7.28290498e-01 -3.15651238e-01
    -2.33645976e-01 -2.07303166e-01 3.23348641e-02 1.38726950e-01
    -5.02681434e-01 -1.06750131e-02 -4.65073109e-01 -2.94252336e-01
    2.14012027e-01 -1.20147347e-01 -2.71243870e-01 -5.31783104e-01
    -2.46506929e-02 7.57148266e-02 1.32268369e-01 -2.06050813e-01
    1.85170591e-01 2.97824085e-01 -6.93840384e-02 -2.28969038e-01
    -1.06462419e-01 2.12509155e-01 1.88773274e-01 2.01089978e-02
    -4.44845617e-01 -2.27970779e-01 6.72042370e-02 -2.39161849e-01
    -1.01603985e-01 -3.89518738e-01 -1.38080716e-02 8.10715556e-02
    -4.05598134e-01 2.24012971e-01 -1.14069581e-01 -1.42564714e-01
    -4.28124726e-01 2.39225507e-01 1.96996808e-01 2.70427287e-01
    -1.61779404e-01 2.17741847e-01 -2.08564341e-01 -4.47521389e-01
    1.83827698e-01 -7.01728761e-01 -4.63878691e-01 -4.48116213e-01
    1.48632050e-01 -6.78500056e-01 -2.91142672e-01 1.43812060e-01
    -1.11604452e-01 -3.57762575e-02 1.59856796e-01 -9.05303359e-02
    3.24957907e-01 -4.37313884e-01 -3.50325882e-01 1.84087455e-01
    -4.71155286e-01 -5.14097333e-01 2.34437466e-01 2.18210638e-01
    -6.09272242e-01 -2.42641211e-01 -9.37598944e-03 -7.38925874e-01
    -4.36794758e-03 -1.79236889e-01 -3.38888228e-01 -3.66460830e-01
    1.37805879e-01 -4.37539309e-01 -4.51044112e-01 -2.45470613e-01
    -4.01338428e-01 9.39598680e-02 2.40401208e-01 -2.22144604e-01
    2.32589185e-01 -3.92705649e-01 1.98482156e-01 -2.30206966e-01
    -4.26366568e-01 2.19805479e-01 -1.87414646e-01 -1.23676211e-01
    2.14547098e-01 -1.93767041e-01 2.14986563e-01 -6.64089620e-01
    -4.63774681e-01 -3.18792284e-01 -1.53890789e-01 -6.37707233e-01
    -3.76163840e-01 -3.45944554e-01 1.81337953e-01 -7.18372405e-01
    2.30209231e-02 1.00078046e-01 -1.54380083e-01 -4.17052925e-01
    -3.05766702e-01 -2.09079206e-01 -5.82992554e-01 3.36041629e-01
    -3.98985952e-01 -1.15661502e-01 2.89502144e-02 3.84798646e-02
    -2.24894941e-01 7.34716654e-02 -3.77351195e-01 -2.78294504e-01
    -4.73790199e-01 -4.42573011e-01 6.31345510e-02 -2.56845087e-01
    3.00968289e-02 -7.21738636e-01 -1.78244591e-01 4.02837396e-02
    -2.28590101e-01 -8.92261267e-02 -4.51426715e-01 -5.81008077e-01
    3.35282624e-01 6.89460039e-02 -4.10795212e-04 -1.10065937e-02
    1.68066263e-01 -5.19735515e-01 -5.60745656e-01 -6.74893141e-01
    -3.03605378e-01 -3.51387918e-01 9.61765051e-02 -2.34645665e-01
    -6.03732169e-01 -6.46904230e-01 -8.14608335e-02 -3.77230078e-01
    4.55713272e-03 -2.41879046e-01 -4.84787971e-01 4.77211475e-02
    -2.52092123e-01 -1.36401474e-01 -4.45954800e-02 -2.09396482e-01
    -2.43617892e-01 -2.94426322e-01 -3.49877685e-01 -3.81951302e-01
    -1.04972899e-01 -3.43670666e-01 1.06757224e-01 -2.64858156e-01
    -2.44820356e-01 -5.04980683e-01 -2.91005254e-01 2.54094005e-02
    -3.69110107e-01 8.90937448e-02 -2.72073746e-02 -6.39260054e-01
    -3.43269289e-01 7.02071786e-02 -1.35320663e-01 -5.62536359e-01
    -3.07395339e-01 -6.10850453e-02 -5.16109467e-02 -5.84157765e-01
    2.88246572e-01 -3.40115786e-01 2.42893398e-01 -2.40671247e-01
    -4.18838710e-01 2.26222336e-01 -2.48567790e-01 -4.69037741e-01
    -2.36722708e-01 -1.83145046e-01 1.55799568e-01 -5.97154438e-01
    1.52682006e-01 -3.81994873e-01 1.65702701e-02 -1.68898761e-01
    -6.61863208e-01 -1.05279624e-01 -1.12514317e-01 -6.39505386e-01
    -2.37554699e-01 2.47080684e-01 -5.01380086e-01 2.44906545e-01
    3.36670876e-03 -7.64037013e-01 -2.30823874e-01 -1.15185440e-01
    7.40247369e-02 -6.16145015e-01 -6.07159793e-01 -3.40487570e-01
    -7.13118315e-01 -1.25376582e-02 -4.31514859e-01 -2.90782869e-01
    1.55748248e-01 1.89838648e-01 -7.60322213e-01 -1.43446088e-01
    -2.18109757e-01 4.76939082e-02 -6.47996068e-01 2.95933425e-01
    -2.79376566e-01 -6.89176917e-02 -2.31631845e-01 -4.22220081e-01
    4.28462625e-02 -1.29982919e-01 -9.30988789e-02 1.42225623e-02
    2.73000836e-01 -7.88554549e-02 1.15098417e-01 -1.79105729e-01
    -3.24945569e-01 -5.55011392e-01 1.70735836e-01 -5.70390224e-02
    -4.05396461e-01 -1.06793642e-01 -6.39307499e-03 -3.40613365e-01
    -5.11369228e-01 5.92191815e-02 -2.80444026e-02 -1.99336946e-01
    -3.11092138e-01 -5.43902397e-01 -8.15834403e-02 -4.21507716e-01
    -3.62925529e-02 -4.87471312e-01 -2.88428962e-01 -9.72358584e-02
    9.94563103e-02 -4.30856287e-01 -1.60849631e-01 -2.66048908e-01
    -5.29446602e-02 -1.80927813e-01 -1.83751583e-02 -2.00509131e-01
    -6.16748214e-01 -2.99087226e-01 -6.13313913e-02 -5.24737239e-01
    -4.23282743e-01 -2.70898402e-01 -8.72373581e-02 4.80176210e-02
    -6.09372497e-01 -2.13043869e-01 -4.51309681e-02 -1.26201868e-01
    -5.05043983e-01 -1.62473500e-01 -2.60937333e-01 -5.87220907e-01
    -1.08404756e-01 -5.42360902e-01 -3.14325929e-01 1.34669840e-01
    -2.25561380e-01 -4.70573962e-01 -6.45400524e-01 -5.05963683e-01
    1.54229522e-01 -2.75770009e-01 -9.25137997e-02 -1.25310481e-01
    2.05475569e-01 -9.82319117e-02 -3.72836798e-01 -4.33240771e-01
    -5.10010123e-02 -3.59432071e-01 -5.27712107e-02 -5.34258723e-01
    -4.38021332e-01 -3.16480398e-02 1.79430842e-02 -4.10858929e-01
    -3.24947953e-01 1.24922752e-01 -3.38662982e-01 -1.01891518e-01
    1.70571208e-02 -3.87915313e-01 -6.34107351e-01 -5.34876227e-01
    -1.65389061e-01 -3.10839355e-01 -2.35530198e-01 2.27281332e-01
    -1.96732223e-01 -1.81202054e-01 -5.60585737e-01 -9.56267118e-02
    -2.39100546e-01 -1.36691809e-01 -6.42433763e-02 -2.49451667e-01
    -5.24355054e-01 6.81061149e-02 -4.90308404e-01 2.36993849e-01
    -2.98144460e-01 1.77619815e-01 -1.18607402e-01 -4.12988693e-01
    -1.14749342e-01 2.83772945e-02 9.37223434e-04 -2.51766324e-01
    -3.86212528e-01 -5.34270048e-01 -1.23603225e-01 -3.19872737e-01
    -5.35992205e-01 -2.19197154e-01 -6.54468894e-01 -4.87729549e-01
    -9.62542892e-02 3.48333716e-02 -3.83283377e-01 -5.42026877e-01
    -5.98758340e-01 2.79619098e-02 1.49788678e-01 -2.77294517e-02
    3.15096378e-02 4.55509424e-02 -4.33331728e-03 1.40312612e-01
    -2.34028041e-01 -1.58534586e-01 -6.92063689e-01 5.43977022e-02
    4.00301218e-02 -4.13226604e-01 -2.58754253e-01 -5.86956263e-01
    9.58204269e-03 -7.77038932e-02 -4.21218067e-01 1.59278512e-02
    -4.03582186e-01 -3.30236852e-01 -2.78426588e-01 -5.09198904e-01
    3.79914045e-02 -9.52681303e-02 -4.31853861e-01 -3.79749358e-01
    -6.48891032e-01 -3.83833617e-01 1.62391901e-01 -5.90828419e-01
    1.01180077e-02 1.07733607e-01 2.28482246e-01 -5.94589472e-01
    -9.69325304e-02 -2.26028979e-01 -6.06063008e-01 -5.75394690e-01
    1.25369072e-01 2.23674417e-01 -5.69735646e-01 -4.71239328e-01
    -3.65899056e-01 -2.54198849e-01 -1.17260218e-01 -3.81393313e-01
    -3.12224239e-01 -4.39893395e-01 -3.22297364e-01 -3.30173373e-01
    -6.61860764e-01 -5.75624943e-01 2.00533748e-01 2.90254772e-01
    -6.30629659e-01 -5.35528243e-01 1.45461202e-01 -1.98750794e-01
    1.79801404e-01 -2.44852304e-02 -5.64560711e-01 -1.03521585e-01
    -4.03033227e-01 -5.03415465e-01 -2.59923488e-01 -2.35118210e-01
    -2.90183544e-01 -3.07775736e-02 -5.06115854e-01 -1.88644648e-01
    9.93283391e-02 8.67893696e-02 -2.67321676e-01 -2.64509708e-01
    -3.90836477e-01 -2.52384782e-01 -1.25472128e-01 -3.07780325e-01
    -2.79873013e-01 4.91003990e-02 -3.31806213e-01 -3.27516377e-01
    -1.31720126e-01 -6.47758365e-01 -4.05861169e-01 -1.41392708e-01
    -5.47465086e-02 9.01412964e-02 -5.36833405e-01 -5.14537752e-01
    -3.34256291e-02 -3.74473393e-01 -2.30339587e-01 -1.61484569e-01
    2.17922747e-01 1.00808978e-01 -5.48657775e-01 -3.68657589e-01
    -2.84560114e-01 -7.30155110e-02 -9.98674631e-02 -5.64711869e-01
    1.63116395e-01 -1.95800960e-01 -4.42741424e-01 2.14512467e-01
    -3.37764859e-01 -3.55528206e-01 -4.75838453e-01 -6.71079040e-01
    1.18995249e-01 -3.06017339e-01 4.29652929e-02 -5.89018643e-01
    -6.42896950e-01 6.56758547e-02 9.78088975e-02 -3.82409394e-01
    1.71601772e-04 1.91688180e-01 -2.58325636e-01 -5.01037002e-01
    1.39528394e-01 -3.27296346e-01 1.41949117e-01 1.33296251e-01
    -1.36203706e-01 -3.11009467e-01 -1.00705147e-01 -4.72653806e-01
    -2.78615892e-01 -2.29183614e-01 -3.98114562e-01 -2.62786746e-02
    2.42632627e-02 -2.46214747e-01 -5.47786415e-01 -2.41083294e-01
    -3.80693138e-01 1.69126809e-01 -6.58689976e-01 2.75108218e-02
    -2.56342322e-01 -3.07401508e-01 -5.82367659e-01 5.43832779e-02
    9.57918763e-02 -7.48572111e-01 1.02511585e-01 2.07195103e-01
    -5.95910788e-01 -2.81489789e-01 -5.69330573e-01 -3.17570448e-01
    2.55364597e-01 -4.00855541e-02 -2.40117759e-01 -3.06906044e-01
    -3.96154851e-01 2.10634232e-01 -4.71687376e-01 4.80701327e-02
    -4.12387848e-02 -2.07382619e-01 1.08845830e-02 -3.79325747e-02
    -3.09181809e-02 -5.73642254e-02 -5.09415507e-01 -5.99399388e-01
    5.39765358e-02 -6.15307093e-01 -2.59959817e-01 -3.44386101e-02
    -1.77521586e-01 -3.57125401e-02 -1.01965427e-01 -7.17408657e-01
    -1.94218040e-01 -1.55484796e-01 -1.95795774e-01 -4.57483381e-01
    -3.25069159e-01 -5.09579659e-01 -5.74031472e-01 -5.62105656e-01
    -4.82455850e-01 -3.90551686e-02 -5.53569913e-01 1.14947021e-01
    -4.31529373e-01 -1.72822714e-01 1.29640162e-01 6.66059256e-02
    -1.30640686e-01 -6.37798786e-01 -6.05411470e-01 -6.49211049e-01
    1.17404997e-01 -5.23103952e-01 -2.43220150e-01 1.77522719e-01
    -2.30966806e-02 -5.27627885e-01 -6.61653161e-01 -3.88651937e-01
    -5.80006838e-03 -6.98604465e-01 6.21438026e-02 -7.49941051e-01
    -1.24567270e-01 -7.71415234e-03 -4.21872765e-01 -4.71435964e-01
    -3.48566860e-01 3.85556817e-01 2.33295321e-01 -6.79949880e-01
    2.06621587e-01 -3.70666206e-01 -5.35945296e-01 3.38708758e-02
    -5.10796189e-01 -7.11778283e-01 4.39167023e-03 2.53982246e-01
    -7.24698305e-01 -1.59232438e-01 -1.86403573e-01 -7.11069703e-01
    -3.14598650e-01 -2.41117477e-02 2.38867998e-02 -1.62868500e-02
    -5.04660606e-02 -2.13826299e-02 -5.67569017e-01 -1.10241652e-01
    4.22702491e-01 -1.03606552e-01 -5.37860930e-01 4.16182756e-01
    -4.09267843e-01 1.01080298e-01 2.11520553e-01 -2.09163368e-01
    -5.04911005e-01 -2.74537235e-01 -1.18312836e-02 -7.75208473e-02
    -4.05926675e-01 -6.74915433e-01 1.56274974e-01 -6.32083058e-01
    -2.46220201e-01 -5.64395785e-02 -3.82248044e-01 -8.25327814e-01
    -1.39889777e-01 -2.50341296e-02 -3.20343673e-01 -6.49827838e-01
    -6.24280810e-01 -1.76325202e-01 -2.99482942e-02 -8.09872687e-01
    -2.68137664e-01 3.67285013e-02 -6.18585229e-01 -4.69885230e-01
    3.02219629e-01 -1.18675768e-01 -5.04460335e-01 2.31790900e-01
    -4.91282135e-01 -6.32833064e-01 -2.84180850e-01 -3.71406794e-01
    -7.12547898e-02 -6.57321095e-01 -5.39586186e-01 -6.90934062e-02
    -3.19315195e-02 1.24904454e-01 1.04185700e-01 1.94066584e-01
    -4.54679906e-01 -2.75622815e-01 5.86879253e-03 -9.65476632e-02
    -3.01681697e-01 -3.38784724e-01 -1.88231975e-01 -2.80575395e-01
    1.96822047e-01 -3.75177741e-01 -1.57821178e-03 -4.41333592e-01
    2.31737792e-01 -6.07654393e-01 -1.08847618e-01 3.10317278e-01
    -2.73694456e-01 1.86067700e-01 1.29799604e-01 -4.75201070e-01
    2.26005375e-01 -5.97279072e-01 4.18047905e-02 1.40574276e-01
    -5.08018196e-01 -6.94645762e-01 -4.46439236e-01 -6.36490345e-01
    1.57567680e-01 -3.43381971e-01 -1.31822884e-01 -5.81309915e-01
    -3.77690047e-01 -5.48918366e-01 -1.56566501e-02 1.29753947e-01
    9.36345458e-02 -4.14378166e-01 -1.85487866e-01 -6.95408225e-01
    2.79848278e-01 9.56001878e-02 -8.18990469e-02 -6.21779978e-01
    -1.06183887e-02 -6.17355704e-02 -4.34535742e-01 -3.10060322e-01
    -4.92643654e-01 -1.98293269e-01 -3.00330222e-01 1.01490617e-01
    -5.15461385e-01 -8.23171139e-02 -7.17015386e-01 -2.40365446e-01
    -5.28087974e-01 2.06682146e-01 2.32201278e-01 -1.61015272e-01
    2.64844477e-01 9.31394100e-03 -3.00738156e-01 -4.99063015e-01
    -5.11511028e-01 -3.35590929e-01 -1.13636315e-01 4.77359891e-02
    -1.47852361e-01 -6.82513833e-01 -4.95785564e-01 4.79960442e-03
    1.07560456e-01 1.99749947e-01 -2.11766183e-01 -5.16427994e-01
    6.62159920e-02 -6.45851851e-01 1.25868917e-02 -4.58089590e-01
    -4.75142300e-01 -7.03049779e-01 -1.07040703e-01 1.38538957e-01
    -5.28234839e-02 1.46071911e-02 -4.37970072e-01 2.17656672e-01
    -8.08694363e-02 1.52293146e-01 -2.87660062e-01 -3.25888872e-01
    1.05768859e-01 7.05009699e-02 -4.95916277e-01 -1.71008945e-01
    -1.43231928e-01 -2.75167942e-01 -7.02912092e-01 -1.05419457e-01
    -3.76530617e-01 -1.69054866e-01 -1.86859906e-01 -3.48802596e-01
    -4.42176461e-02 -4.94048983e-01 -4.53732818e-01 -2.02726185e-01
    9.64593887e-03 8.78977776e-03 -7.25730896e-01 -5.73444605e-01
    3.64644051e-01 -1.39591694e-01 -5.53680301e-01 8.15645456e-02
    -6.80955529e-01 -1.68195069e-01 -3.93173337e-01 -5.87727606e-01
    -3.92799705e-01 -5.01531661e-01 -4.06295657e-01 5.59247136e-02
    8.58675838e-02 -4.63992208e-01 -4.20448989e-01 -2.96592295e-01
    -4.70426410e-01 -1.15861356e-01 -4.99432921e-01 -1.46437764e-01
    -3.97352248e-01 -8.07974815e-01 -4.01583016e-01 -5.48784971e-01
    -6.28135204e-01 1.52755976e-01 2.95092463e-02 -2.68524170e-01
    -4.50006247e-01 -6.59109890e-01 3.07294846e-01 2.84856737e-01
    6.03345633e-02 -2.88014710e-01 -3.52879196e-01 -2.13433206e-01
    1.11066103e-02 8.49279761e-02 -4.95077014e-01 1.18133962e-01
    -3.13181818e-01 -1.15241528e-01 4.05331433e-01 -5.11176467e-01
    -2.46030986e-01 3.10960412e-01 1.37354612e-01 -3.86698157e-01
    -5.96301436e-01 -6.35088801e-01 2.64656603e-01 2.84944296e-01
    -6.35329187e-01 -4.96685505e-02 -1.14434838e-01 -1.17312670e-01
    -5.50803304e-01 1.54594660e-01 -4.21884239e-01 -6.51049197e-01
    -7.08994985e-01 -9.68568325e-02 -6.82427883e-01 -5.82210422e-02
    -3.40731382e-01 1.63051188e-01 7.63064623e-03 6.12160563e-02
    -2.78225571e-01 3.99583578e-03 -5.46241522e-01 -4.93785948e-01
    -3.02726895e-01 2.54864037e-01 -5.33659339e-01 -2.13363677e-01
    -2.48504221e-01 -4.02330577e-01 -5.52404165e-01 -2.11444587e-01
    -2.77033150e-01 -1.03760958e-02 -5.40740013e-01 8.11970234e-03
    -4.79939342e-01 -1.76505983e-01 -3.33530247e-01 -2.55774707e-01
    1.90364659e-01 -7.61356890e-01 -6.77347839e-01 -2.51545906e-01
    -6.14448786e-01 1.91772997e-01 -1.60954833e-01 -5.32687962e-01
    -2.83028990e-01 -5.05928755e-01 1.71663344e-01 -5.53926945e-01
    5.82693219e-02 -3.29528242e-01 7.66555667e-02 2.93968558e-01
    -5.90001225e-01 -5.32859802e-01 -1.50239468e-01 -4.13726687e-01
    -1.96589112e-01 -3.00266743e-02 -3.58467549e-01 -5.11002541e-01
    2.56252766e-01 1.42885864e-01 -5.95203161e-01 -1.92813456e-01
    -1.19776249e-01 -3.16865623e-01 -6.50956154e-01 9.67904329e-02
    -1.41894162e-01 6.66770935e-02 2.17856944e-01 1.62784040e-01
    -3.90588701e-01 -3.78111273e-01 2.88923979e-02 3.06184888e-01
    -2.84043878e-01 1.18461251e-01 -3.67970526e-01 -1.75342321e-01
    9.46744680e-02 -8.24191570e-02 -5.03291547e-01 -2.38551766e-01
    1.05554283e-01 8.22047591e-02 -1.56523526e-01 -4.71572280e-02
    -4.03752148e-01 -4.26283240e-01 3.10102105e-02 -4.66131181e-01
    -6.27466857e-01 -4.97729212e-01 3.63992155e-01 -5.55626392e-01
    2.76910305e-01 -2.79112607e-01 1.90684974e-01 -6.31330848e-01
    1.23153806e-01 -4.48842376e-01 4.20927405e-02 -5.20495892e-01
    -4.92575049e-01 3.10913384e-01 -4.95700061e-01 -1.68973863e-01
    5.65901995e-02 -1.45977139e-01 -4.01673138e-01 -3.99381280e-01
    3.29854131e-01 -2.80639529e-02 -5.37618518e-01 2.77394474e-01
    -7.28442490e-01 -1.08517349e-01 -4.48196948e-01 -5.42506933e-01
    -5.02396226e-01 -4.94960248e-01 -2.90218562e-01 -1.51147902e-01
    -2.01012015e-01 -5.08111715e-02 -2.90011466e-01 -4.59374785e-02
    7.45555162e-02 -8.52272511e-02 -2.95837134e-01 1.03549123e-01
    -6.16012514e-01 -6.07987344e-01 -6.61613107e-01 1.38301849e-01
    -6.73937917e-01 7.11192489e-02 -6.38872385e-02 -6.70477152e-02
    -5.75175285e-01 -5.25820851e-01 1.02284193e-01 -6.56378329e-01
    1.30126357e-01 2.81098247e-01 1.57136798e-01 -6.72895908e-01
    3.98710370e-02 -3.01117659e-01 -8.90737176e-02 -9.71555710e-05
    -5.18480539e-01 -5.76648355e-01 1.73582554e-01 -3.14361095e-01
    -1.26468956e-01 -6.04022145e-01 -1.83026195e-01 -3.96570802e-01
    -2.38633394e-01 1.46451712e-01 -6.51017249e-01 -1.56016588e-01
    2.60930955e-01 -7.21120596e-01 -6.34775162e-01 -7.02224255e-01
    -1.68491483e-01 -1.11352265e-01 -1.64344072e-01 1.58246517e-01
    -4.80814576e-02 5.44949174e-02 -5.49793243e-02 2.94888616e-02
    1.15749061e-01 -5.43535471e-01 -1.83048099e-01 -4.41378713e-01
    -2.09409416e-01 -3.43006849e-01 -7.27975965e-02 -2.13999152e-01
    -4.63625282e-01 -4.90755647e-01 -6.83494210e-01 2.90601909e-01
    6.22897744e-02 -7.37002850e-01 2.51401067e-02 -3.60336900e-02
    7.97311664e-02 -1.49512649e-01 -3.58487129e-01 -4.46122527e-01
    -5.42787552e-01 -3.02011013e-01 -1.35580540e-01 -4.75919843e-02
    2.99406826e-01 8.71214271e-02 -5.39109051e-01 1.09385431e-01
    -5.12012124e-01 -5.05595446e-01 -3.78173441e-01 -2.15860426e-01
    -4.22226340e-01 2.31308341e-01 2.89726853e-02 -4.48109806e-01
    8.33590031e-02 -1.76740468e-01 1.44480884e-01 -6.27906799e-01
    -1.80451453e-01 -4.59844887e-01 -2.33938843e-01 -2.51254618e-01
    -3.91204774e-01 -6.60230517e-02 -2.81690776e-01 7.50768185e-02
    -2.93970346e-01 -8.44079852e-02 -5.61658323e-01 1.55420661e-01
    -4.23908234e-03 -4.28388596e-01 -4.23053831e-01 -4.49625820e-01
    2.84334540e-01 -2.06488013e-01 -6.56738698e-01 -1.83698177e-01
    -6.87938690e-01 -6.87772930e-01 1.39904559e-01 -2.10657418e-01
    5.31476140e-02 -3.01660240e-01 -3.93889695e-01 2.26047039e-02
    3.20281923e-01 -4.71512735e-01 5.48899174e-03 -2.73162514e-01
    -1.78264499e-01 -2.26747453e-01 -4.90880549e-01 -4.30692464e-01
    -6.08297586e-01 -5.54848969e-01 2.66893625e-01 -9.08313394e-02
    -4.89751488e-01 -4.85212982e-01 -5.65044284e-02 -3.64883482e-01
    -3.11752051e-01 -1.49157286e-01 -2.36366719e-01 -1.18285477e-01
    3.15923452e-01 -1.03571892e-01 2.66617656e-01 -2.51305580e-01
    -2.56181359e-01 1.46586895e-02 2.25134254e-01 -6.92296982e-01
    -3.18500578e-01 1.61332309e-01 -5.02527356e-02 -7.05210567e-02
    -5.38020134e-01 -3.44934583e-01 2.31612027e-01 -3.48500252e-01
    2.01944411e-01 -2.65187293e-01 1.10106230e-01 -8.68964791e-02
    -1.86260045e-01 -4.21735644e-02 2.82677412e-01 -1.83078706e-01
    4.65208888e-02 1.68278217e-02 -4.16262090e-01 -3.19014639e-01
    -6.76041245e-02 -2.35790014e-03 -3.48317504e-01 2.31732726e-02
    -1.97726488e-03 -2.23147631e-01 -4.44170564e-01 -5.21067500e-01
    1.83260918e-01 -6.02377117e-01 1.44703448e-01 2.26876616e-01
    -6.49557769e-01 -6.14977241e-01 4.55929041e-02 -5.16891122e-01
    1.04052782e-01 1.61415637e-01 -2.91823149e-02 2.56508768e-01
    -5.51240444e-02 2.14264989e-01 7.43176341e-02 -9.02603269e-02
    -3.28711569e-01 -2.16553748e-01 -3.86572778e-01 -3.22276682e-01
    4.27865386e-02 2.08556831e-01 -6.75387979e-01 -6.80804253e-04
    -4.65457857e-01 1.43283665e-01 -6.70862913e-01 -1.39923155e-01
    2.23454595e-01 -5.93103945e-01 -5.22450686e-01 1.45255983e-01
    -3.25996399e-01 -5.38654089e-01 -1.63801879e-01 -6.01197600e-01
    2.13576913e-01 2.11837292e-01 -3.04215312e-01 -2.76773632e-01
    -1.17656112e-01 -7.07056522e-01 -3.12651992e-02 8.52698088e-02
    -6.54471457e-01 -2.14647472e-01 4.62192893e-02 1.21210277e-01
    -7.65092373e-01 6.78722858e-02 -2.59928226e-01 -4.36905771e-01
    -6.80819273e-01 -2.32138336e-01 -5.23754478e-01 -1.32129073e-01
    -4.27116990e-01 -1.05037808e-01 -2.58174032e-01 -3.95908386e-01
    -2.27386564e-01 -2.03352779e-01 8.88702273e-02 -3.59947532e-01
    -7.12160408e-01 2.66140819e-01 -5.15903056e-01 -2.23762274e-01
    7.57516623e-02 2.10741520e-01 9.85506773e-02 7.77891874e-02
    1.67343318e-01 -7.52751231e-02 2.23330557e-01 3.25343370e-01
    -4.92606431e-01 2.69375086e-01 3.66189539e-01 6.61709905e-02
    -4.68450755e-01 1.56352878e-01 -1.90184236e-01 -4.20317233e-01
    -6.70807958e-02 -2.17061043e-02 -5.79218268e-01 1.08664930e-01
    -4.46159244e-01 -9.47355032e-02 -6.27974868e-01 1.75059021e-01
    1.15912437e-01 -2.29642689e-01 -4.12320495e-01 -5.22348523e-01
    -3.05302143e-02 -1.39266104e-01 -6.13831282e-02 -1.02632761e-01
    1.12316608e-02 1.20381117e-01 -2.73966908e-01 3.48363817e-01
    -5.92289686e-01 -1.43365234e-01 2.16694295e-01 -5.55913508e-01
    -3.17470551e-01 1.87514424e-01 -1.87096804e-01 1.13811612e-01
    -4.57069367e-01 -4.41120684e-01 1.76524103e-01 -1.46390140e-01
    2.66092300e-01 1.49631023e-01 -4.67154443e-01 -5.65549672e-01
    -3.44048887e-01 2.42114067e-03 -4.64259982e-02 1.06600940e-01
    -2.71250665e-01 1.83856070e-01 -7.39258528e-03 -7.22381234e-01
    -5.26770175e-01 8.68902206e-02 -3.84201199e-01 -6.65482879e-01
    -1.70243740e-01 -5.38891435e-01 -5.24749517e-01 2.29323089e-01
    -5.23283482e-02 -1.29261672e-01 -2.56506354e-01 -5.41922688e-01
    6.77096248e-02 -4.22208905e-02 -9.40531492e-03 -5.12927532e-01
    -6.25708520e-01 -1.10451162e-01 3.54229212e-02 8.98946524e-02
    -1.78966463e-01 1.03145540e-01 -3.09235215e-01 -2.95134217e-01
    -7.01220632e-02 -4.19933349e-01 -1.46185100e-01 -5.57638049e-01
    -2.74479806e-01 -3.50543022e-01 -2.27158725e-01 9.65622067e-02
    6.47888780e-02 3.57908607e-01 -1.78216010e-01 -4.53139424e-01
    -2.36166239e-01 2.22680569e-01 -4.92986679e-01 -7.52931952e-01
    -1.23185515e-02 1.83455884e-01 2.66799331e-02 -3.10137302e-01
    -4.73347038e-01 -1.78668737e-01 -1.85297310e-01 3.16440642e-01
    2.32235849e-01 -4.20504510e-01 -4.98863578e-01 9.13413763e-02
    1.41905129e-01 -2.75759548e-01 1.04506254e-01 -3.83121639e-01
    -5.24395347e-01 -1.29159808e-01 -3.84032100e-01 2.08692133e-01
    1.66066825e-01 -7.03932881e-01 -6.48543715e-01 -1.27594769e-01
    -4.69320178e-01 4.07318473e-02 4.91716862e-02 -5.42779624e-01
    -1.53455436e-01 -5.19026637e-01 -1.97727740e-01 -2.38814026e-01
    -6.97556019e-01 -6.44305468e-01 -8.19820166e-03 -1.45910263e-01
    -1.99607849e-01 6.44175410e-02 -4.41651464e-01 -1.23302400e-01
    3.03591132e-01 -2.20013559e-01 8.25085044e-02 1.84870899e-01
    -4.26209509e-01 -5.94862819e-01 1.63434863e-01 -1.80570424e-01
    1.13942266e-01 2.65273333e-01 -6.19473815e-01 -2.70067096e-01
    7.94934034e-02 2.64107823e-01 1.51999772e-01 -7.21060097e-01
    -6.15323663e-01 -4.63273525e-01 -6.06744766e-01 -5.08112907e-01
    -3.65492702e-01 -1.14796102e-01 -3.15656662e-02 -3.67562681e-01
    -5.56053221e-01 1.60634041e-01 -1.67548180e-01 -5.00359774e-01
    -1.82214558e-01 3.26826572e-02 5.51109314e-02 -6.73056960e-01
    -7.29779005e-02 -5.80228925e-01 2.17555821e-01 -4.24194455e-01
    -6.02083802e-02 -5.60578585e-01 -7.85366297e-02 1.93602502e-01
    -3.98365676e-01 -8.81551504e-02 -3.37129176e-01 8.12293291e-02
    1.00955546e-01 -4.00579482e-01 -7.09460497e-01 -5.52908182e-01
    -4.76453900e-02 -2.59772539e-01 -4.03239608e-01 1.47284865e-02
    -1.82801247e-01 -5.09811342e-01 -5.41582823e-01 -5.23754239e-01
    -4.11689162e-01 -6.53173923e-01 -7.85047412e-02 -5.98660707e-01
    1.09448493e-01 -1.48274571e-01 -6.39425278e-01 -6.22232080e-01
    -4.69727933e-01 -3.61422777e-01 -5.65438390e-01 -2.59650230e-01
    2.08131492e-01 -4.17440057e-01 1.81158662e-01 -2.53718525e-01
    -3.64823550e-01 -6.85971737e-01 -4.74052817e-01 1.83274329e-01
    -5.97562850e-01 -8.09574723e-02 1.81610584e-01 -6.10113502e-01
    -5.39108515e-02 -2.64258385e-01 1.12388134e-02 -1.85172796e-01
    -5.71825624e-01 -8.73762369e-02 -1.86545908e-01 -3.73704016e-01
    -2.30252266e-01 8.04349780e-02 -3.80937815e-01 1.10384047e-01
    -4.44984049e-01 -6.05120063e-01 -2.94904053e-01 1.22202396e-01
    -3.50894779e-01 -4.72907633e-01 -5.18018007e-03 -6.18511438e-01
    -4.36536491e-01 1.75653994e-01 -2.87892491e-01 -3.15863371e-01
    5.58620691e-03 -3.59141409e-01 -2.57016182e-01 8.79104137e-02
    -4.52947140e-01 2.35294104e-02 -2.22651035e-01 -6.39710426e-01
    -4.41510230e-01 2.10562050e-01 -4.88684446e-01 -1.88390493e-01
    -5.14884114e-01 -5.28248787e-01 -6.01673841e-01 -6.16828322e-01
    -3.02126408e-01 -6.10828400e-04 -2.35195369e-01 2.77119935e-01
    -3.62138271e-01 -5.89170337e-01 3.65437269e-02 7.41283894e-02
    -1.67593420e-01 -5.46986759e-01 -4.79650348e-01 -3.15687001e-01
    -2.64694780e-01 -3.71012270e-01 1.08452082e-01 -6.23951554e-01
    9.90965366e-02 -4.69968140e-01 -1.48754686e-01 -2.36227393e-01
    1.15108728e-01 -2.10313797e-02 -3.40037048e-01 2.37394452e-01
    3.04342508e-02 -7.01695681e-03 -5.04747152e-01 -4.75098133e-01
    -2.43946195e-01 -6.46089911e-01 9.63056087e-02 -2.66833782e-01
    -4.30202872e-01 -2.79646993e-01 -4.94855255e-01 -4.40084815e-01
    -2.40513086e-02 -3.18439752e-01 -1.71481967e-02 -3.02227437e-01
    -7.19769001e-02 2.75633335e-01 -3.48638356e-01 2.61731625e-01
    -3.94970089e-01 -2.21338451e-01 -4.86775577e-01 -4.38934684e-01
    -3.05776358e-01 -3.91834736e-01 2.28005946e-01 -2.21490145e-01
    1.95199251e-03 -1.98714852e-01 -8.04845691e-02 -5.35300016e-01
    -6.49913192e-01 1.96205974e-01 -3.95788938e-01 -3.62667859e-01
    -2.21745789e-01 -3.28449190e-01 -5.35372317e-01 -4.83398438e-01
    -1.40327454e-01 -3.57562155e-01 -4.27064896e-02 -4.10446823e-01
    -3.98940980e-01 -4.43777382e-01 -5.49595237e-01 1.48306012e-01
    -4.78216499e-01 -9.32261348e-02 -6.09121621e-01 -2.16376364e-01
    -6.90048814e-01 3.18777561e-02 -5.61353922e-01 9.16066170e-02
    1.82536304e-01 9.10081267e-02 -4.56507206e-02 -5.09257555e-01
    -4.33665276e-01 -5.56508422e-01 -3.94852489e-01 -2.52682179e-01
    9.31538939e-02 -1.90375149e-01 -4.20964152e-01 -4.90245461e-01
    6.24004602e-02 2.31027067e-01 -6.79451823e-02 -3.09383512e-01
    -2.69810259e-01 4.69205976e-02 -3.56209874e-02 1.25733376e-01
    -4.62053716e-01 2.39683747e-01 9.46236849e-02 -5.59056520e-01
    -6.23769641e-01 1.74456239e-02 1.85129642e-02 -1.92727625e-01
    -2.51865149e-01 2.02649593e-01 -5.68536401e-01 -6.28993630e-01
    2.45142579e-01 -2.81058639e-01 -6.96666241e-01 -8.91871452e-02
    -3.33695114e-01 -5.26014805e-01 1.85667634e-01 -2.70056129e-02
    1.33647740e-01 -2.56047487e-01 -2.88066447e-01 -4.04604197e-01
    1.79759145e-01 2.23536491e-02 -6.51102066e-01 -1.08816445e-01
    9.12348032e-02 -2.10278511e-01 6.56395555e-02 1.41804099e-01
    9.40812230e-02 -4.67413008e-01 3.85656357e-02 2.96595454e-01
    -6.37883425e-01 -6.44682169e-01 -4.61767375e-01 -4.38496947e-01
    -1.75949693e-01 -2.38546968e-01 5.92601299e-03 -7.44203091e-01
    -1.59904838e-01 -5.92658937e-01 -5.24139404e-01 -2.75056005e-01
    -5.22760987e-01 -2.95377791e-01 -7.16776133e-01 -6.72303259e-01
    2.68743157e-01 2.98272967e-02 -4.70445156e-01 3.08160126e-01
    -4.56266165e-01 2.75819242e-01 -1.66391760e-01 2.60228872e-01
    -6.39161766e-01 8.41469765e-02 -2.11827666e-01 -4.21153337e-01
    2.67037749e-02 1.21658444e-01 -5.92700899e-01 -9.33798552e-02
    -3.87885153e-01 -3.80136847e-01 -4.39963043e-01 -5.19250154e-01
    -8.57688189e-02 -3.89358610e-01 -4.47993487e-01 -7.54104495e-01
    2.22056687e-01 3.63045931e-03 -7.73451209e-01 -1.32014573e-01
    1.51648104e-01 -6.63041830e-01 -1.48055375e-01 -5.11576653e-01
    5.77943325e-02 -1.31061018e-01 -3.81659925e-01 2.56443977e-01
    -4.36580509e-01 -2.16733158e-01 -1.69762373e-01 6.86266422e-02
    2.14631617e-01 -4.97541428e-02 -5.75123012e-01 -6.25569105e-01
    -3.17553699e-01 -2.69908160e-01 2.31418669e-01 1.50300741e-01
    2.80229032e-01 -5.96363127e-01 2.36332417e-03 -4.19263542e-01
    -5.30452669e-01 -1.29447520e-01 -4.74351645e-03 -7.06881881e-01
    -9.84406471e-03 1.38940334e-01 -2.58318484e-01 -7.10244179e-02
    1.79866970e-01 -1.58995807e-01 -3.78514141e-01 -1.89531922e-01
    -3.30216974e-01 -5.91561317e-01 -3.19683254e-01 -2.47906983e-01
    -1.80391431e-01 5.90397120e-02 -6.40607357e-01 -7.30999708e-02
    1.70510948e-01 -2.98972666e-01 -2.40811229e-01 3.50525975e-02
    4.67342734e-02 -4.27481294e-01 1.12566888e-01 -1.85598016e-01
    -5.46301305e-01 -3.55879664e-02 4.13911194e-01 3.10333073e-01
    -4.68680263e-02 7.87625909e-02 9.40867066e-02 -3.71500462e-01
    -2.77466118e-01 4.56538796e-02 -2.92872190e-01 -3.71270001e-01
    -6.16924226e-01 -6.58801317e-01 1.43773675e-01 7.76537061e-02
    -3.21751952e-01 -1.10322416e-01 -1.40787840e-01 -5.75173020e-01
    2.44990081e-01 -4.98413086e-01 -2.17658699e-01 2.68924594e-01
    -3.95975769e-01 -2.87008286e-03 -4.61792409e-01 -2.37860084e-01
    -5.24100244e-01 -3.56906801e-01 -4.42907751e-01 -3.21399033e-01
    -5.53357959e-01 7.52469897e-02 2.84948111e-01 -1.61774188e-01
    -4.76135135e-01 1.26764297e-01 -5.44331133e-01 1.56634450e-01
    -1.91804826e-01 -3.60357761e-03 -5.48622966e-01 -1.18931979e-01
    3.50571334e-01 -4.26166773e-01 -1.60751104e-01 -2.62256503e-01
    -3.80146295e-01 -4.63756144e-01 -1.70497060e-01 -7.12579370e-01
    2.75692165e-01 -5.59198499e-01 -6.41869247e-01 -1.15239978e-01
    -5.04041314e-01 -5.30404687e-01 -3.65804911e-01 -1.63952976e-01
    -4.79271442e-01 -3.22860718e-01 -7.71821737e-02 -3.22308540e-02
    -2.46506780e-01 -4.37859744e-01 -3.99396509e-01 -5.28944254e-01
    -5.54318428e-01 -2.85219312e-01 1.10763013e-01 9.15247202e-02
    1.56172514e-02 -4.66610640e-01 -2.53456533e-01 -7.70210385e-01
    -7.05053806e-01 -2.08796203e-01 -4.40090895e-02 -1.39773667e-01
    -2.28521317e-01 6.49219751e-03 1.46018744e-01 2.41325021e-01
    3.28406274e-01 -3.28817487e-01 -9.86953378e-02 -4.05410618e-01
    2.68260270e-01 -5.13510406e-01 -5.84403276e-02 -4.88693029e-01
    1.83879852e-01 -5.22146583e-01 1.82435095e-01 3.74495983e-02
    1.51411295e-02 8.01484585e-02 -2.18922138e-01 -6.92706168e-01
    1.62881792e-01 -3.28834653e-01 -4.67082113e-01 -5.98902106e-02
    1.60242736e-01 -4.06446874e-01 -2.30471671e-01 -5.73401570e-01
    9.90867615e-02 2.02418745e-01 -5.05404413e-01 4.13649082e-02
    -3.37984562e-01 -6.23873234e-01 -4.40129638e-02 -6.52129889e-01
    6.65320754e-02 -3.33112478e-03 -2.40796685e-01 -7.34688878e-01
    1.16057158e-01 -3.87583822e-01 -7.75426269e-01 -3.22427034e-01
    -3.76141459e-01 -4.42878664e-01 -2.65914887e-01 -2.66099542e-01
    -1.90215945e-01 5.61369658e-02 -4.86562312e-01 -5.13253212e-01
    1.06277883e-01 -5.12884021e-01 -3.67528260e-01 -6.65688396e-01
    8.77271891e-02 -5.02305090e-01 -4.68276739e-02 -9.22715664e-02
    -3.62853795e-01 6.20261431e-02 -8.25068951e-02 1.05509281e-01
    -5.94107211e-01 -2.95641184e-01 -3.32432628e-01 -5.59456646e-01
    -6.83818936e-01 -6.18282914e-01 1.85729027e-01 -3.42045814e-01
    -2.53312796e-01 -3.63976866e-01 -1.65433764e-01 -3.86369616e-01
    -1.17740035e-01 -3.56347382e-01 -6.37167692e-01 -4.48025018e-01
    5.29971719e-02 -1.13583624e-01 -6.64313197e-01 -5.37045598e-01
    -5.09863734e-01 6.61525130e-02 -1.03258491e-02 -1.12217188e-01
    -1.28357232e-01 2.32431531e-01 7.02634454e-02 -4.65777963e-01
    -3.87425065e-01 -5.59245348e-02 -2.26783812e-01 -3.84127170e-01
    -6.56618476e-02 3.48402798e-01 1.87823772e-02 -2.85648376e-01
    -4.50712949e-01 -4.28607941e-01 -1.61215156e-01 1.33331716e-01
    -7.22965598e-02 -5.00952482e-01 1.48250282e-01 -6.64646745e-01
    -7.06527114e-01 1.43426120e-01 -4.95547831e-01 1.69214427e-01
    -2.08783537e-01 -4.87849653e-01 -1.96121961e-01 -5.28201461e-01
    1.22635126e-01 -2.57750750e-02 -5.29492617e-01 3.10157239e-01
    1.21013820e-01 -7.21009910e-01 -7.65099168e-01 5.73526025e-02
    2.23205090e-01 -3.19881976e-01 2.08771944e-01 3.31774890e-01
    1.85963035e-01 -2.35494792e-01 -3.23554337e-01 -5.36616683e-01
    1.60093307e-02 -1.86990589e-01 1.87949836e-01 -2.64974535e-01
    2.44304657e-01 -1.60693526e-01 2.82786012e-01 -5.82773566e-01
    -5.94815969e-01 -4.32794750e-01 -5.63598871e-01 -1.75603390e-01
    -8.82240534e-02 -6.30511045e-02 3.56877446e-02 -2.39980221e-03
    2.41540074e-02 -4.84222531e-01 -1.13442481e-01 -2.52225876e-01
    -2.94050574e-02 -1.89778745e-01 -4.29082125e-01 -2.99448520e-01
    -3.49043369e-01 -5.83491802e-01 -3.61096323e-01 1.20091677e-01
    -2.00503290e-01 2.60827541e-02 -4.36481625e-01 2.54693627e-01
    -1.40054822e-01 -3.25096965e-01 -4.17671233e-01 -7.81309605e-01
    1.90496445e-04 -6.85335755e-01 -7.10005105e-01 -1.09183252e-01
    2.48218238e-01 -2.31205881e-01 1.52850807e-01 -3.09101284e-01
    -4.32504803e-01 -1.63197994e-01 -3.51974756e-01 -3.43326688e-01
    1.04278922e-02 1.07055902e-01 -3.88516188e-02 -9.72531438e-02
    -4.45715308e-01 1.49616063e-01 -1.05528891e-01 -7.14901090e-02
    -3.81608605e-02 2.03150451e-01 -1.83089972e-02 -3.15686941e-01
    -4.26609010e-01 2.79408216e-01 -2.05089748e-01 -4.78810191e-01
    -1.93311572e-02 -3.75014156e-01 -2.37715364e-01 -6.10113084e-01
    3.79278660e-02 -3.73010933e-01 -6.63395762e-01 -3.40869904e-01
    2.48614967e-01 2.62421489e-01 -3.82165521e-01 -3.60654771e-01
    -2.37127155e-01 -9.48758125e-02 -2.07815289e-01 -5.21023631e-01
    -6.04203582e-01 -5.87421656e-03 -4.01438296e-01 -2.34769225e-01
    2.26685762e-01 2.51853883e-01 -2.14572251e-01 -5.83120763e-01
    -6.06440008e-01 -4.98503476e-01 -4.58334416e-01 -2.83219457e-01
    3.39186192e-02 9.11958814e-02 2.81751156e-03 -4.16018188e-01
    -5.49163580e-01 -1.71894431e-02 -3.40647101e-02 -8.33195448e-03
    7.78284669e-02 6.14426732e-02 -3.38472247e-01 1.46460474e-01
    -2.71942109e-01 -6.04199052e-01 1.68369889e-01 3.74313593e-02
    -2.91016430e-01 -6.41376674e-01 -2.13183165e-01 5.88660836e-02
    -1.81760907e-01 -2.04735219e-01 -6.22977376e-01 3.03103805e-01
    2.89853811e-02 -2.10946858e-01 -2.71201968e-01 -3.41517329e-02
    -5.38701296e-01 3.23653221e-04 -7.41692781e-02 -2.47314751e-01
    -5.72249651e-01 -3.99448693e-01 1.21207893e-01 -6.33682489e-01
    -1.81035399e-01 2.00842917e-01 -3.66166919e-01 5.64627886e-01
    -1.69692427e-01 -9.08619165e-03 -3.40138257e-01 1.20284677e-01
    -1.94169253e-01 2.58549571e-01 -5.61008811e-01 -5.69110870e-01
    -1.10467315e-01 -5.63052535e-01 -2.06734836e-01 -5.89861631e-01
    -1.82377338e-01 7.37842917e-02 -7.33624339e-01 -6.80851817e-01
    -8.19003820e-01 -4.15931165e-01 -2.43340135e-02 1.05298400e-01
    2.51187563e-01 -5.37810445e-01 -3.25592458e-01 -2.28832185e-01
    -3.26581597e-02 1.52052522e-01 -3.42246830e-01 -4.13136303e-01
    -4.49053884e-01 -5.31936884e-02 -1.87507510e-01 -3.10553730e-01
    1.37723923e-01 -8.38782191e-02 -8.07938933e-01 2.18250513e-01
    -4.90992665e-02 -4.70883697e-01 2.63418198e-01 -6.34789169e-01
    1.01311684e-01 -5.38537860e-01 -7.14102745e-01 -5.45673966e-02
    -4.83636439e-01 -4.66545820e-02 -2.52520263e-01 -1.86215043e-01
    -2.16105938e-01 -2.95070171e-01 -4.98715401e-01 -7.84623623e-02
    -6.39859438e-02 -3.24455947e-01 -6.16911113e-01 -5.30706644e-02
    -1.36538744e-02 1.07981980e-01 -4.76121575e-01 1.80576265e-01
    -1.05031669e-01 6.63552284e-02 1.51649356e-01 -6.50949836e-01
    -3.47909719e-01 -6.83881044e-02 -3.50761533e-01 -3.42590213e-01
    -4.52298969e-01 -1.46210194e-02 -2.63007998e-01 5.55115938e-02
    -1.80851370e-01 -4.68716025e-02 2.07863092e-01 2.58232951e-02
    6.78948164e-02 -1.38305783e-01 -4.84742790e-01 -3.76916975e-01
    -7.29646206e-01 -4.19533998e-01 -1.51931047e-02 -1.30228072e-01
    -2.69016445e-01 1.56496346e-01 -2.34704018e-02 -1.60704494e-01
    -3.04010510e-01 -3.66019011e-02 -4.22845155e-01 -2.03215241e-01
    -4.47621852e-01 -9.80303884e-02 1.81212783e-01 -5.80287039e-01
    -1.85678661e-01 -6.03311896e-01 1.47078753e-01 -5.37017703e-01
    -5.05526662e-01 2.37544358e-01 2.09357321e-01 -3.41496229e-01
    2.67892122e-01 -1.72416508e-01 -2.73980737e-01 2.54684210e-01
    5.69276810e-02 -2.53253430e-01 2.70960510e-01 3.45924497e-02
    -5.08881807e-01 -5.68457484e-01 -5.38572550e-01 1.80364847e-01
    -3.98680866e-01 -5.34008026e-01 -7.03969240e-01 3.08974028e-01
    2.21890628e-01 -2.56691009e-01 -2.78053015e-01 -6.22704923e-01
    -2.48855084e-01 2.91293442e-01 -5.17768860e-02 5.33414483e-02
    -6.55182302e-01 3.55944932e-01 -4.14594859e-01 -3.40865582e-01
    8.96393061e-02 1.15826428e-01 -5.39842188e-01 -5.18625975e-03
    -4.51811761e-01 -5.40472865e-01 8.45546126e-02 -3.31171811e-01
    -1.26109481e-01 -2.09399611e-01 -5.68543196e-01 1.94529653e-01
    3.23918283e-01 2.33459592e-01 -6.50321841e-01 -4.26753193e-01
    -3.73766601e-01 -5.50996184e-01 1.12914383e-01 -2.56873101e-01
    1.35506392e-02 -7.76115239e-01 -3.74929249e-01 -5.19605398e-01
    -8.96378756e-02 -2.87943184e-01 9.71901417e-02 -3.45750928e-01
    1.04409099e-01 4.93353605e-03 -7.27292657e-01 -4.41076517e-01
    -3.52837563e-01 -5.19179285e-01 -2.23322064e-01 -2.59532034e-01
    -6.85660243e-02 -2.45025843e-01 -4.99252886e-01 -6.99320912e-01
    -3.99422973e-01 1.26391351e-01 -4.56824183e-01 -2.13090241e-01
    -4.40480709e-02 -5.52280426e-01 -3.65223944e-01 -5.59196472e-01
    -6.39676571e-01 -1.63554966e-01 -1.77077055e-02 -2.00811267e-01
    -5.58267117e-01 -3.73553038e-02 -3.35156441e-01 -2.88173318e-01
    -5.16511142e-01 -4.61618602e-01 3.96881104e-02 -3.97466451e-01
    2.48083472e-02 1.20085120e-01 -2.37223297e-01 -3.94067019e-01
    2.78708279e-01 4.70381975e-02 -4.11350489e-01 -6.94298744e-01
    2.00136781e-01 -6.85881495e-01 -1.32057607e-01 1.61927998e-01
    -6.65379405e-01 -8.80344510e-02 -2.54596889e-01 -6.27295017e-01
    -2.08292663e-01 -4.41370219e-01 -3.84240568e-01 -3.90202940e-01
    -3.31031203e-01 -4.15123582e-01 3.07796121e-01 -2.67080665e-02
    -7.35332549e-01 1.79831505e-01 1.80030942e-01 -3.05266559e-01
    2.81872153e-02 -5.29092550e-02 -3.55272412e-01 -5.65944374e-01
    -1.67172551e-01 -1.15100801e-01 -9.12213326e-03 -2.94126123e-01
    -5.11115432e-01 2.41157353e-01 -4.70286608e-02 -1.19351029e-01
    -4.27446961e-01 -2.75427759e-01 1.37936532e-01 -2.43496895e-02
    -6.33175015e-01 -4.25235063e-01 -6.59987926e-01 1.93514109e-01
    -2.28809476e-01 -4.43575293e-01 -1.22418761e-01 2.45877266e-01
    9.87718701e-02 -5.94187915e-01 -1.82329178e-01 -3.44085693e-01
    -8.05615664e-01 -4.10205632e-01 -6.29634619e-01 -1.95741594e-01
    -5.99033237e-01 -2.08004206e-01 -2.49766707e-01 -3.22529942e-01
    -4.34503078e-01 -1.16064757e-01 -4.17715341e-01 1.45025551e-01
    1.18930221e-01 -1.82921112e-01 -3.99099439e-01 -1.76389009e-01
    -5.49274087e-01 1.40415490e-01 1.77860856e-02 1.77361965e-01
    -3.78725767e-01 -7.93364048e-02 -3.35337877e-01 -1.03692770e-01
    -4.34088051e-01 -4.13995981e-03 -1.82977915e-01 -4.86513495e-01
    -5.41144013e-01 2.54484594e-01 -2.71079987e-01 3.11610103e-02
    1.01782084e-02 -5.46274543e-01 1.26411915e-02 -6.58487678e-02
    -3.95970106e-01 1.90043747e-01 -2.89525300e-01 -7.68658280e-01
    -4.74262625e-01 9.07890797e-02 -4.04672682e-01 -3.60231787e-01
    3.51819396e-02 -6.82191312e-01 2.66285121e-01 -1.11157596e-01
    -2.48090118e-01 -3.85702699e-01 1.67233288e-01 -4.94451195e-01
    8.58328342e-02 1.00158513e-01 1.55436277e-01 -7.33348787e-01
    8.59014392e-02 2.92398334e-02 -2.37308741e-02 -1.05066180e-01
    -7.57288992e-01 -1.26014411e-01 1.69605553e-01 -4.48357165e-01
    -4.43764478e-01 -5.62305450e-01 3.20194006e-01 -4.06529576e-01
    -4.35298681e-03 -1.02628708e-01 1.76919281e-01 -2.01950133e-01
    -6.63232267e-01 3.28927398e-01 -4.70271736e-01 -6.04657412e-01
    3.23528349e-01 2.64407396e-01 -6.28630221e-01 -2.78900862e-02
    -2.59190261e-01 -5.59398413e-01 -4.80388075e-01 9.53154564e-02
    -1.17841959e-02 -4.26856995e-01 8.98131132e-02 -3.95333439e-01
    7.39353895e-03 -3.33254367e-01 3.79377604e-02 -3.92743975e-01
    -6.03023350e-01 9.10258293e-02 -1.99512303e-01 -2.67062843e-01
    1.24698281e-01 -6.86766326e-01 3.24126959e-01 -5.71302176e-01
    -4.73892093e-02 -1.06556118e-01 -5.68855524e-01 -4.61004615e-01
    -1.45843208e-01 3.49051356e-01 7.71988630e-02 -2.82169163e-01
    -4.29624587e-01 -5.80704272e-01 -6.81048632e-03 -4.70695049e-01
    -4.91105378e-01 -4.59338129e-01 -1.59245849e-01 -2.98954576e-01
    -5.85117459e-01 -2.01661646e-01 -6.65993154e-01 -1.42705828e-01
    -4.93856579e-01 -1.28137529e-01 1.97672904e-01 2.72319853e-01
    -9.55921412e-02 -5.99528849e-01 -6.69691086e-01 -2.87470043e-01
    -5.56476593e-01 -1.34518802e-01 -1.17969036e-01 1.23916745e-01
    -1.72424793e-01 -2.76626706e-01 -6.05005622e-01 -2.73679972e-01
    -8.09743106e-02 -4.86208916e-01 2.14262128e-01 1.72089934e-01
    3.58445048e-02 -1.50622666e-01 -3.01294327e-02 6.77905679e-02
    -3.24467391e-01 -5.58812976e-01 8.30925107e-02 -6.87210083e-01
    -2.43067801e-01 -4.86765176e-01 -6.18911147e-01 -2.52249062e-01
    -3.96819055e-01 -4.64389831e-01 -4.62505430e-01 3.73011112e-01
    2.82668710e-01 -4.46961939e-01 1.10727489e-01 -1.64329529e-01
    3.73336077e-02 -4.27372456e-02 3.92913222e-02 -3.60513479e-01
    -6.77256942e-01 9.86909866e-03 -2.39596367e-01 -9.22672153e-02
    2.94296861e-01 -4.03347015e-02 -8.58144164e-02 -3.33904445e-01
    -2.55530059e-01 -4.85166341e-01 2.60986030e-01 -2.07850039e-01
    -6.40867114e-01 -2.33375430e-02 -4.01723862e-01 -1.58537567e-01
    -4.33071166e-01 -6.54172540e-01 -5.17015576e-01 -3.81265759e-01
    2.33173311e-01 -3.78964901e-01 -2.02099860e-01 5.78270555e-02
    -7.97289193e-01 1.40483975e-01 -6.55986667e-02 -5.58311343e-01
    -6.84941411e-02 -3.44259292e-01 2.70797670e-01 2.15700686e-01
    1.43512189e-01 2.39891768e-01 -3.28228503e-01 2.64109373e-01
    -4.80908751e-02 -1.46877408e-01 -6.23458266e-01 -5.21972537e-01
    -5.21224022e-01 -4.05041069e-01 -1.63742483e-01 -5.48453927e-02
    1.68601751e-01 1.05744600e-01 -9.98533964e-02 -5.77758431e-01
    -3.85391414e-01 2.25409269e-02 -1.15057945e-01 8.25067759e-02
    -4.40738738e-01 -4.70506102e-01 3.16201389e-01 2.19523489e-01
    2.91206658e-01 -2.01663136e-01 4.01459455e-01 -4.58143741e-01
    -6.25707865e-01 1.66175663e-01 -3.03683728e-01 -6.47373438e-01
    -3.21992218e-01 1.81493938e-01 -1.70092821e-01 1.01050675e-01
    -3.45322430e-01 -9.77285504e-02 -1.35165513e-01 1.04010046e-01
    7.75228739e-02 -6.28386259e-01 3.25940192e-01 -5.78533888e-01
    -4.24959123e-01 -2.96316683e-01 -1.53978288e-01 1.38383627e-01
    2.49992430e-01 -2.75386393e-01 -1.68639958e-01 -3.88725400e-01
    -7.54334927e-01 -6.48515403e-01 -2.43675232e-01 1.50401175e-01
    -5.51943839e-01 -7.59352922e-01 -8.89434814e-02 1.49708509e-01
    1.26888216e-01 -1.42248094e-01 -5.37843645e-01 1.33914173e-01
    3.02504838e-01 -5.80137968e-01 -2.42746890e-01 -4.41541880e-01
    -2.55613714e-01 -2.49328583e-01 -2.79665947e-01 -4.34084982e-01
    -3.85307670e-02 -1.15579247e-01 3.19868803e-01 -1.95868492e-01
    -4.98897314e-01 -3.94030809e-01 3.05908799e-01 1.28600419e-01
    3.43966484e-03 -6.92054033e-02 9.69028473e-02 1.90252602e-01
    8.67165923e-02 8.82546902e-02 -1.64555967e-01 1.71738327e-01
    -2.14437068e-01 -6.07152104e-01 -4.91823465e-01 -6.14194870e-02
    1.10629559e-01 -4.10193264e-01 -5.25225580e-01 -1.55754507e-01
    -5.67015409e-01 -6.76564932e-01 -2.91562676e-01 1.44784629e-01
    1.56841576e-01 -2.48991787e-01 -2.17134595e-01 -3.10544372e-02
    -4.18968022e-01 -3.93491119e-01 -1.23930037e-01 -2.07355797e-01
    -3.22863340e-01 3.22768688e-01 2.51264453e-01 -5.09352744e-01
    -4.25734222e-01 -5.96807718e-01 1.53704464e-01 -2.14611471e-01
    -7.41544783e-01 -1.37843013e-01 2.61988640e-02 -2.10058331e-01
    -3.66074115e-01 -4.85372245e-01 3.41208339e-01 -4.53975707e-01
    -6.16219401e-01 -4.92270023e-01 2.61563182e-01 -5.49892843e-01
    -2.01046467e-03 -5.34892321e-01 -1.74119294e-01 -9.57383513e-02
    -5.17013788e-01 -3.38075072e-01 2.89037287e-01 -3.36866409e-01
    -5.52838326e-01 -8.02699924e-02 -2.89279521e-01 -7.63077438e-01
    1.49786472e-02 -6.45702481e-02 -5.28550267e-01 -3.00323427e-01
    -1.27710104e-01 -4.37845588e-02 -7.14648843e-01 -6.40254378e-01
    1.67267084e-01 -1.72326922e-01 -5.20473540e-01 -6.40012264e-01
    -2.08437443e-04 -5.66500485e-01 1.12308860e-01 -1.21894538e-01
    -5.03620744e-01 -6.80884004e-01 -6.13512754e-01 -4.95803863e-01
    2.12342143e-02 2.40383446e-01 -3.59954655e-01 -3.88970882e-01
    -3.25112015e-01 -4.30382907e-01 3.22260022e-01 -3.02008092e-01
    2.07215965e-01 -1.33918405e-01 -1.94319308e-01 -1.97777301e-01
    -5.67139030e-01 1.80257380e-01 5.56779504e-02 -1.84860945e-01
    -2.14147091e-01 -4.22237933e-01 -1.18474156e-01 7.84250498e-02
    8.25005174e-02 -5.50234914e-01 -6.03659153e-02 -5.47904849e-01
    1.70083106e-01 2.37030983e-01 -5.36827683e-01 -5.71167350e-01
    -1.63985342e-01 -3.33502769e-01 -7.60738254e-02 -5.42287588e-01
    2.58444548e-01 -5.18866003e-01 -5.85812211e-01 -2.11462080e-01
    -3.86354268e-01 -3.16821396e-01 -3.57894599e-01 -5.58556497e-01
    -6.74962282e-01 -2.55284548e-01 1.04927003e-01 -2.25936472e-01
    -1.33293986e-01 -1.34467483e-01 -5.96497416e-01 -3.82709920e-01
    -5.90801835e-02 1.17365897e-01 8.28261375e-02 -6.55521393e-01
    4.84939814e-02 -4.16639805e-01 -2.62885034e-01 2.19760060e-01
    1.33556545e-01 -5.55898190e-01 -3.79675925e-01 1.35861456e-01
    1.00399256e-01 -4.39385742e-01 -1.08243763e-01 -1.42435372e-01
    3.67944837e-02 -3.36074173e-01 -5.24630725e-01 -4.84630167e-01
    -5.55737734e-01 -3.65433484e-01 -5.27178049e-01 4.53468561e-02
    -1.64848536e-01 -2.88577080e-02 -6.47747636e-01 -4.16327477e-01
    -2.35374838e-01 3.02471101e-01 -2.60214329e-01 -1.08873248e-01
    -2.25057334e-01 2.77924299e-01 -6.03924751e-01 -3.28876376e-02
    -2.88799465e-01 5.81907034e-02 1.07673585e-01 -5.69192708e-01
    -9.67258811e-02 -5.17261505e-01 -4.78348136e-02 -1.51979923e-02
    -7.27502108e-01 8.41124654e-02 -4.01165158e-01 -4.86858189e-01
    -4.97133106e-01 -2.10233897e-01 -5.29989004e-02 -6.86017990e-01
    -4.61213887e-01 -1.00983322e-01 1.63568139e-01 -2.50364423e-01
    -2.28904694e-01 -7.94466734e-02 1.43399835e-01 -6.13565445e-02
    -2.07709193e-01 -3.56042147e-01 -6.97629452e-02 -1.43403947e-01
    -1.28794789e-01 -1.91238105e-01 -9.89665389e-02 2.22091258e-01
    -3.37677836e-01 -7.47478604e-02 2.56339252e-01 -4.55249250e-01
    -1.62832618e-01 -2.47942805e-01 -3.11532915e-01 -2.06008375e-01
    -6.13776922e-01 3.28148961e-01 -1.71077579e-01 -4.66168612e-01
    1.27656639e-01 -4.76984859e-01 -3.38416755e-01 2.02679396e-01
    -2.78806239e-01 2.17638850e-01 -6.34097219e-01 -3.15350443e-01
    -4.13564146e-01 2.50633836e-01 -5.21681547e-01 -3.90463471e-01
    -7.57901073e-02 -5.83276987e-01 1.07888281e-01 1.32647038e-01
    -4.76152211e-01 -7.60011613e-01 2.35443234e-01 -1.23579860e-01
    5.15472889e-02 -8.33543539e-02 -4.80298638e-01 -8.10958862e-01
    -4.86680806e-01 1.57966137e-01 7.54402280e-02 -7.20124245e-02
    -9.47034359e-03 5.78080416e-02 -9.36758518e-03 3.35744023e-02
    1.73272192e-01 -5.43888271e-01 -6.25156164e-02 -4.43954140e-01
    -6.37390316e-02 3.86345446e-01 -2.29839206e-01 -5.55367947e-01
    1.89631581e-02 -2.79614806e-01 -6.64859533e-01 -6.23330474e-02
    -3.11338216e-01 -3.34107727e-01 -6.68257177e-01 -4.36687171e-01
    -6.50691986e-01 -3.23798209e-01 -2.38418430e-01 -4.48554933e-01
    -6.46580458e-02 7.69347548e-02 -5.89222491e-01 -5.55052042e-01
    -5.62730074e-01 -2.74642438e-01 -2.05749035e-01 -4.73362446e-01
    4.33447361e-02 -6.09325886e-01 1.95385814e-02 -3.14067900e-01
    -3.78091335e-02 -3.21079731e-01 -2.95308888e-01 -1.31935239e-01
    -1.14418685e-01 -2.47724593e-01 -4.16790187e-01 -1.13408267e-01
    2.60634661e-01 -1.13768995e-01 -2.78435618e-01 -6.63121164e-01
    -6.41839683e-01 -4.28795099e-01 1.79174781e-01 -4.89713252e-01
    1.85432673e-01 6.07367158e-02 -7.45564699e-01 3.73837948e-02
    1.79589987e-02 -4.64178324e-02 -5.46092093e-01 1.44416690e-01
    -5.47490895e-01 9.24883485e-02 -3.40863645e-01 -6.43980324e-01
    -6.30583763e-01 3.59503686e-01 -3.64924073e-01 -5.60324907e-01
    -1.78782046e-01 -1.70042515e-01 2.35473394e-01 -3.26472521e-02
    -5.75313807e-01 -1.15353644e-01 1.84464812e-01 -1.33505642e-01
    -6.40450537e-01 -2.13416874e-01 6.56189919e-02 -3.31465364e-01
    -3.58952194e-01 -1.14426017e-01 -3.93411994e-01 -7.28700042e-01
    -4.39762563e-01 -4.30083424e-01 -1.73986912e-01 -2.44816422e-01
    -1.47006929e-01 -1.05585873e-01 -6.54867291e-02 -6.26274526e-01
    -5.99088550e-01 1.99645519e-01 -7.74015963e-01 -3.73444557e-02
    -1.67819500e-01 -2.04010427e-01 2.34153330e-01 1.40826344e-01
    -5.94799161e-01 -1.35103762e-01 -6.76698089e-02 2.87343502e-01
    -6.15396619e-01 -2.95074522e-01 -1.16463721e-01 -3.33134651e-01
    -5.64649820e-01 -7.58785009e-02 1.40533805e-01 -3.45325738e-01
    -5.49261093e-01 1.36321187e-02 2.31517673e-01 -5.44203520e-01
    -8.11299086e-02 -1.72373295e-01 -4.56082225e-01 -3.08416665e-01
    -3.49073589e-01 -6.44920468e-01 -3.77021194e-01 -6.74972177e-01
    1.11306429e-01 -2.27963448e-01 -1.06590509e-01 -2.16249883e-01
    -1.11049950e-01 -2.11840421e-01 3.60654593e-02 -2.67682612e-01
    -4.61554766e-01 2.05201983e-01 -4.65222418e-01 -4.34721529e-01
    -1.86873138e-01 -1.78008229e-01 -1.88108891e-01 -2.06429958e-01
    -6.47849321e-01 -1.90043449e-02 1.63156629e-01 -3.54369313e-01
    -6.67343020e-01 -4.45212543e-01 1.93017721e-01 2.25157559e-01
    -1.69035912e-01 -9.94889140e-02 -1.64011717e-01 -1.44096375e-01
    -4.82595146e-01 1.60776973e-01 -3.73744696e-01 -5.16775429e-01
    -3.58949900e-01 -3.09984833e-01 9.93345380e-02 -2.67505944e-01
    -4.76758063e-01 -5.64398170e-02 -3.87329251e-01 -5.04899323e-01
    -3.49120259e-01 1.62356257e-01 1.75910294e-01 -2.13206887e-01
    -3.77120107e-01 1.64583564e-01 -5.48581839e-01 -1.80293411e-01
    -4.26665217e-01 -7.90452957e-02 2.97795236e-01 -1.92806184e-01
    -1.45902634e-02 -1.63057804e-01 2.39309907e-01 -5.34182787e-03
    1.93752408e-01 -5.33877611e-01 -4.51953590e-01 -2.16044724e-01
    5.63945174e-02 -3.37754309e-01 -3.20151269e-01 -4.08465624e-01
    1.85737371e-01 -1.57849431e-01 -2.99576581e-01 8.43918920e-02
    -3.85039896e-01 -7.52311826e-01 2.01260448e-01 -6.31856680e-01
    -3.88665587e-01 -3.60890925e-01 -2.89700717e-01 1.36618674e-01
    -4.50542927e-01 3.39277983e-02 3.70602608e-01 -1.14549041e-01
    -5.09119391e-01 -4.66573864e-01 -3.20161283e-01 -4.93441522e-01
    -7.51321912e-01 -1.57320857e-01 1.42844737e-01 9.62448120e-02
    -1.83798790e-01 -4.01189387e-01 -3.67877483e-02 -2.00766921e-02
    -5.25807738e-01 -5.39871335e-01 -2.73886323e-02 -4.90946710e-01
    -4.54218537e-01 -1.75935984e-01 -4.27514493e-01 -3.32621336e-02
    -4.18086320e-01 -6.37044609e-02 -1.71193779e-01 -3.07501554e-01
    -1.30666375e-01 -4.18866277e-02 -7.01279223e-01 -1.08561933e-01
    -5.93579531e-01 -1.67055249e-01 -1.59283876e-01 -3.39496940e-01
    -3.93875241e-02 -2.07981616e-01 1.37413204e-01 -5.47294378e-01
    1.04316950e-01 2.19265699e-01 -8.78450871e-02 2.08847523e-02
    -2.81306446e-01 -6.14616156e-01 -3.78486514e-01 -1.51490808e-01
    -5.66457510e-01 1.04115725e-01 -6.45065308e-03 2.45938897e-02
    -1.75116837e-01 -5.04385471e-01 -3.57086122e-01 -6.57469869e-01
    5.60606718e-02 -1.14672482e-01 -2.78002977e-01 -7.32575059e-01
    -1.95432752e-01 -1.25157297e-01 -5.86186349e-01 1.79634869e-01
    -1.77875400e-01 -3.13916355e-01 -3.92260164e-01 -2.28090256e-01
    -3.96627724e-01 -2.24823296e-01 -3.20046723e-01 -3.63933504e-01
    -1.65227205e-01 -8.56791735e-02 -2.79567748e-01 -4.52899903e-01
    -3.93957317e-01 -6.17355108e-01 -4.31321234e-01 -2.16980308e-01
    -5.82956731e-01 -2.47811854e-01 -1.82125807e-01 1.25445068e-01
    -4.14793521e-01 -3.93137336e-02 -2.58743703e-01 -6.16559625e-01
    1.33497953e-01 -7.95165300e-02 -4.60513592e-01 -2.24423587e-01
    6.75426722e-02 1.73717320e-01 -6.18926048e-01 -1.60405815e-01
    -3.27885300e-01 -4.45131183e-01 -6.59081459e-01 -9.52137113e-02
    2.78873086e-01 -5.27174473e-01 9.89623666e-02 1.34629607e-02
    7.70980120e-03 -7.05053806e-02 -5.07919967e-01 -5.69136858e-01
    -5.96452475e-01 -6.26910329e-02 -3.04840505e-01 1.71050668e-01
    -4.34035361e-01 -4.39114481e-01 -1.20255530e-01 -2.91960537e-01
    -4.47000504e-01 -5.90101480e-02 5.25499582e-02 -2.73479223e-02
    -2.14614093e-01 7.89230466e-02 -2.79437184e-01 -1.53438389e-01
    -5.19351661e-01 -1.40634716e-01 1.25234723e-02 -6.21273994e-01
    -7.26095915e-01 -3.35209221e-01 -6.34701848e-01 -8.52367878e-02
    -8.69047642e-02 -7.21823573e-02 -4.89526391e-02 -3.88487011e-01
    -3.00762355e-01 1.60647988e-01 -3.91261101e-01 -2.33714581e-02
    2.70582557e-01 1.31220460e-01 1.96943521e-01 -5.32272935e-01
    -6.12133741e-03 3.46764505e-01 -7.36265779e-02 -3.74895483e-01
    1.15379572e-01 -4.84450698e-01 9.31394100e-03 -1.94557905e-01
    1.54833972e-01 -1.43020451e-01 -3.75884950e-01 -3.62493545e-01
    -1.12135768e-01 -2.11284578e-01 1.08563960e-01 -2.98958421e-02
    2.47969687e-01 -6.62881613e-01 -3.70792091e-01 3.30801070e-01
    -2.80380607e-01 -6.51294887e-01 -7.21917748e-02 -7.83324242e-03
    -4.70590681e-01 7.40492344e-02 -4.92085159e-01 -1.98303998e-01
    -5.56505322e-01 8.78421664e-02 -1.75772727e-01 -2.61326134e-01
    -4.14407343e-01 3.10754061e-01 -2.13930309e-01 1.21757388e-01
    -1.01304233e-01 2.55815864e-01 -5.06792665e-01 -6.08403325e-01
    -2.55066931e-01 3.08868229e-01 -3.43737632e-01 -4.66541260e-01
    3.19559038e-01 -4.00647759e-01 2.56597996e-04 1.46818101e-01
    -2.35579610e-02 -3.98124725e-01 8.63456726e-03 3.97267282e-01
    -4.56592381e-01 -4.98244762e-02 -1.02099001e-01 -1.38764858e-01
    1.19102597e-02 -4.93640035e-01 -2.65019536e-02 -3.25684607e-01
    -4.68311071e-01 -1.29256010e-01 -2.57050574e-01 -5.28640389e-01
    -3.98186356e-01 -5.48881590e-01 -3.68058085e-02 -6.23887539e-01
    -3.19852829e-01 -3.01665038e-01 -4.25397903e-01 -1.24880910e-01
    -5.79866290e-01 -2.59801567e-01 -5.13645709e-01 -4.07619476e-02
    -1.29603565e-01 -8.17657113e-02 -2.00938523e-01 -5.25614679e-01
    1.61692619e-01 -4.41055983e-01 2.69117355e-02 6.71034455e-02
    2.91815817e-01 -6.28303289e-02 -3.33149195e-01 2.51177788e-01
    -3.27868104e-01 -8.25670600e-01 1.03944063e-01 -4.37503725e-01
    -6.72209501e-01 1.35450900e-01 -1.78622812e-01 -1.65016890e-01
    -4.71771181e-01 -1.24359608e-01 -1.58587515e-01 -7.83393681e-01
    1.41016960e-01 -1.82834625e-01 -9.57659483e-02 1.49088383e-01
    -6.85533762e-01 -1.46019578e-01 -1.82972193e-01 1.34096742e-01
    -1.93930805e-01 -5.41969419e-01 -3.55865359e-01 2.84270346e-01
    -2.56979644e-01 -1.84635997e-01 -5.44348240e-01 -2.78726816e-02
    1.89223289e-01 8.99780393e-02 -2.16173559e-01 -1.37362838e-01
    -5.13875425e-01 -4.41544056e-02 -1.74168944e-02 -6.33731604e-01
    -4.61005241e-01 -7.37685442e-01 2.03387499e-01 -5.89852095e-01
    -4.30527478e-01 -2.01669872e-01 -2.57213444e-01 -2.15054482e-01
    3.84197176e-01 -4.10869271e-01 1.71163589e-01 -2.49924749e-01
    -5.33918679e-01 1.82136953e-01 -2.05513924e-01 -5.60533762e-01
    -1.33455992e-02 -3.28000128e-01 -1.03353977e-01 -5.65822124e-01
    -2.76362360e-01 -2.71683395e-01 -2.14896917e-01 -1.61430538e-01
    -1.23628974e-01 -5.89419723e-01 -4.34126019e-01 -3.86851728e-01
    -3.69790971e-01 -2.20992804e-01 -7.51068652e-01 -3.48298252e-01
    -3.27511877e-01 1.43167257e-01 -6.13690615e-02 -1.04355454e-01
    -6.13772869e-02 3.95233631e-02 1.14817023e-01 -8.37838650e-03
    1.43967688e-01 -5.88979125e-02 -2.90373027e-01 -4.72380370e-01
    -4.71600235e-01 2.99097657e-01 -3.93383920e-01 -4.33154792e-01
    7.58572221e-02 2.60373950e-01 -2.20216870e-01 -2.45206863e-01
    -5.18636942e-01 -2.56773978e-01 2.80243516e-01 -2.77628899e-02
    2.22521067e-01 1.30793095e-01 -9.58673358e-02 1.90545201e-01
    -2.16507912e-02 -4.49005306e-01 3.14719081e-01 1.55583560e-01
    -2.35924125e-02 -2.55704880e-01 1.06572270e-01 -4.60190922e-01
    1.86272502e-01 -2.91221768e-01 -5.30143619e-01 -2.38315761e-01
    -2.26594090e-01 2.61200607e-01 -4.41276014e-01 -4.18188244e-01
    -6.56075120e-01 2.13755608e-01 -2.21854270e-01 -3.42126429e-01
    -7.63815641e-03 2.29010642e-01 1.80909872e-01 -5.11397302e-01
    2.48032153e-01 2.40604877e-01 -3.14619541e-01 -5.75200438e-01
    -3.79865587e-01 -4.35022473e-01 1.54621661e-01 -4.36600298e-01
    2.71056235e-01 -1.99294925e-01 -3.37098151e-01 -4.00143683e-01
    -4.30811644e-02 -5.44745684e-01 8.95223022e-02 -5.44738770e-02
    -6.66590512e-01 -4.93418306e-01 -1.27126873e-01 -4.15014446e-01
    3.03050280e-02 -5.17159700e-01 -6.24411345e-01 1.08892381e-01
    1.02734625e-01 1.70284808e-01 -6.09460056e-01 -3.49481195e-01
    -2.82705128e-01 -4.19080019e-01 -7.06564546e-01 2.86618710e-01
    8.27731490e-02 -3.74218822e-02 -3.26050937e-01 -4.12411451e-01
    -7.41673589e-01 -3.45195234e-01 -2.97767222e-01 -1.92000329e-01
    1.04185343e-01 1.32321477e-01 -8.85345936e-02 -5.72862267e-01
    -4.34022307e-01 -2.83152640e-01 -9.85063910e-02 -4.88385916e-01
    1.14631057e-02 -6.65306211e-01 -1.48195028e-02 3.99184227e-03
    -1.33014739e-01 -2.47166812e-01 -2.49165356e-01 1.31251216e-02
    -1.77877545e-02 -4.81138885e-01 4.84296679e-02 -6.44411087e-01
    -2.23232925e-01 -5.17496824e-01 1.72180891e-01 -7.88196802e-01
    -3.93759549e-01 -8.18621993e-01 -3.45262945e-01 3.14154029e-01
    -5.27235627e-01 -2.58117586e-01 -5.67788601e-01 -3.08708102e-01
    1.57373488e-01 -3.75469536e-01 -6.40572786e-01 -5.01785159e-01
    -1.11551225e-01 2.26480007e-01 -5.88415742e-01 -2.17297435e-01
    6.06766343e-02 -3.14556777e-01 -4.92593348e-01 -2.64323086e-01
    -7.05632448e-01 2.88534164e-03 4.17396426e-02 2.77935803e-01
    -4.24586296e-01 -8.70618224e-02 9.19870138e-02 -3.97656351e-01
    -9.59054232e-02 -2.80975640e-01 -1.32979989e-01 -3.63739789e-01
    5.17353415e-02 -1.17051601e-01 -4.62261140e-01 -2.23780990e-01
    -3.85402858e-01 -4.94714350e-01 1.81722999e-01 -4.65390146e-01
    -2.63794988e-01 -1.70890689e-01 -9.94986296e-03 -5.82928360e-01
    -4.07769382e-01 -3.09879184e-01 8.94751549e-02 -1.22146606e-01
    -1.52801871e-02 1.08156025e-01 1.70735002e-01 5.93034029e-02
    1.01107597e-01 -3.23650986e-01 -5.43492377e-01 1.99276388e-01
    -8.04049373e-02 4.75029349e-02 -5.24871826e-01 -2.47129619e-01
    -1.46296740e-01 -7.66491771e-01 -3.34371716e-01 -2.97875017e-01
    -3.11815917e-01 -4.00906026e-01 -2.22110271e-01 -6.41107202e-01
    -8.13634396e-02 -5.93984842e-01 -6.78684711e-01 1.79275036e-01
    -7.10477710e-01 -5.07610023e-01 -3.58957469e-01 1.72798634e-01
    -3.32942367e-01 -8.06868076e-02 -2.67914802e-01 1.49903119e-01
    -2.45272815e-01 5.34108877e-02 -4.63095754e-01 -3.97447407e-01
    -5.77097058e-01 2.01629043e-01 -4.29202914e-01 -5.71776628e-01
    1.65612996e-01 6.50364161e-02 -4.35651541e-02 -5.26474118e-01
    -1.17547452e-01 1.84413195e-01 -9.02885199e-03 -4.36902732e-01
    -3.22601646e-01 -2.65586883e-01 -5.48139274e-01 2.86935806e-01
    -4.99073058e-01 -4.07817096e-01 4.15602505e-01 -3.76230001e-01
    -2.56490409e-01 -1.72225833e-02 -1.46557808e-01 1.30793452e-02
    -2.55705714e-02 -1.37164831e-01 -4.52377737e-01 -3.86766732e-01
    1.43210590e-01 -2.51260787e-01 -3.73666257e-01 -1.22386634e-01
    -4.81580704e-01 1.48299932e-01 -4.99500394e-01 1.44191384e-01
    -4.76119369e-01 -5.30369878e-02 2.67903209e-02 -4.97782499e-01
    -2.65715510e-01 9.94791389e-02 2.81596065e-01 -3.27219665e-01
    -5.21640182e-01 9.33810472e-02 -1.60595417e-01 -4.56307352e-01
    2.99824953e-01 2.65422225e-01 -5.18196821e-01 -1.59949571e-01
    -2.61489153e-02 -5.49809933e-01 1.28374934e-01 -3.57893556e-01
    -8.31079483e-03 1.05849624e-01 -5.02348542e-01 -4.45942789e-01
    -3.13176304e-01 -2.38031149e-02 -4.03991044e-01 -8.21934581e-01
    -6.10213459e-01 1.62815094e-01 7.13758469e-02 -5.90841293e-01
    -3.11399579e-01 -4.38238144e-01 -2.26973355e-01 -1.64466619e-01
    -2.21445799e-01 2.91868031e-01 -3.78516674e-01 -1.95802897e-01
    9.22216773e-02 -4.53645557e-01 -3.39500904e-02 -3.04537773e-01
    -6.47762775e-01 2.16050982e-01 -6.01137638e-01 -4.42508250e-01
    -1.71661258e-01 -2.73428231e-01 -2.84616053e-01 2.02199399e-01
    -1.17505133e-01 -3.52059722e-01 1.65433645e-01 -2.19940364e-01
    -2.42639244e-01 -3.13425303e-01 -8.43779445e-02 -4.42205131e-01
    5.04508018e-02 -5.84285855e-02 5.52196503e-02 7.71729350e-02
    7.27028251e-02 1.94368660e-01 9.51200128e-02 -5.29644191e-01
    -1.16862357e-01 -2.01089084e-01 -7.85754800e-01 -5.70870042e-01
    -1.17518663e-01 8.87503028e-02 -4.69625443e-01 -3.12492490e-01
    -5.06222963e-01 5.93293309e-02 -4.11798000e-01 -3.16796660e-01
    -7.51660883e-01 1.88108683e-02 1.48334563e-01 -2.32676983e-01
    -1.34044290e-01 1.37205482e-01 -5.79587400e-01 -2.93710858e-01
    -3.49255025e-01 -1.83888197e-01 -6.15552664e-01 2.72780657e-03
    -3.76022488e-01 -2.91925251e-01 -8.78340602e-02 -4.25003171e-02
    -6.11636281e-01 -1.96735859e-01 -5.18048167e-01 2.61187196e-01
    5.51619530e-02 -1.37059689e-02 1.91002011e-01 -7.40527749e-01
    2.63431489e-01 -1.22909367e-01 7.97930360e-02 1.31578565e-01
    5.30772805e-02 -1.02859795e-01 -6.59967542e-01 -3.41589421e-01
    -4.05712128e-02 -5.62504888e-01 -4.37866032e-01 -7.11383820e-01
    -8.15041542e-01 -4.04638767e-01 1.69191360e-01 -7.70679593e-01
    -8.44242334e-01 -5.62988162e-01 -6.64339662e-01 -5.47707915e-01
    -1.94928646e-02 -1.03096187e-01 -1.89151645e-01 -2.46681154e-01
    -4.39575493e-01 -4.23237205e-01 -7.75681734e-02 -4.22979295e-01
    -5.39833188e-01 1.39408767e-01 -3.28812361e-01 -6.38489485e-01
    2.21735835e-02 -9.19792652e-02 -5.80310941e-01 2.47565746e-01
    -5.17035007e-01 -4.16603714e-01 -1.32024467e-01 -4.98670995e-01
    -4.30926651e-01 -1.86634898e-01 1.03506446e-01 1.07468545e-01
    -5.59196353e-01 9.95207429e-02 1.25023365e-01 -2.46494889e-01
    1.72799230e-01 -4.69254911e-01 -1.97550714e-01 -6.34963274e-01
    -2.97425508e-01 -3.33584547e-02 -2.04759955e-01 -6.68850660e-01
    -5.84757805e-01 -4.47538733e-01 -5.69433987e-01 -2.95029998e-01
    -5.70367634e-01 -2.93339670e-01 -1.21498406e-01 -9.97903943e-02
    -2.30853260e-01 -5.21324217e-01 -5.05298853e-01 4.96840477e-03
    -2.36246467e-01 1.32959247e-01 -1.86060637e-01 -7.02522516e-01
    7.42971897e-04 1.85069680e-01 -5.76349139e-01 -2.37368494e-01
    -1.49380624e-01 -2.89371610e-01 5.50972223e-02 -4.12869453e-03
    -3.57168138e-01 -1.05314195e-01 -3.64907771e-01 -5.05028009e-01
    1.19304955e-01 -2.86020249e-01 -3.24286103e-01 -1.45059288e-01
    -5.26131690e-01 -6.42699361e-01 1.08958125e-01 -8.33970308e-03
    -5.76318145e-01 -8.93893242e-02 1.29069090e-02 -3.05911541e-01
    -3.66811335e-01 1.94560766e-01 -5.37707806e-01 -1.77296519e-01
    -2.89600104e-01 -6.25399292e-01 -4.39460486e-01 -4.02714193e-01
    2.44279683e-01 2.37155259e-01 2.06211507e-01 -3.73139530e-01
    -3.03505987e-01 -5.02486646e-01 -5.37213564e-01 -4.03014928e-01
    -6.53457403e-01 2.23811984e-01 -5.51395416e-02 -1.74794614e-01
    1.16544306e-01 1.45519435e-01 -6.28245234e-01 1.59080446e-01
    -4.47021484e-01 -5.78297019e-01 -7.80373812e-03 -1.08924747e-01
    1.48938537e-01 -6.19583488e-01 2.91971505e-01 -3.31605583e-01
    -3.58900636e-01 -3.29997480e-01 -2.72733122e-01 -1.25364393e-01
    -4.32235926e-01 -4.40539181e-01 -2.66748607e-01 -1.85628384e-01
    -2.73692191e-01 8.76387954e-02 -5.00953436e-01 -5.41388988e-01
    4.04247046e-02 3.97834182e-02 -2.69105077e-01 -1.40909851e-01
    -1.75889194e-01 -1.27193928e-01 4.20172215e-02 -4.16436464e-01
    -9.70222354e-02 -4.37273681e-01 1.13457441e-01 -1.93477064e-01
    -3.56872767e-01 -3.90786141e-01 -3.61524224e-02 -3.70184124e-01
    -4.05060053e-01 -5.22041559e-01 -5.66320419e-02 7.05001354e-02
    -2.18163878e-01 -2.08176315e-01 7.10839033e-03 6.81155920e-03
    -4.83321160e-01 -2.18850493e-01 -2.78768539e-02 7.00248480e-02
    2.82513320e-01 -6.79755330e-01 6.74713850e-02 8.28874111e-03
    -3.25135052e-01 -3.07923704e-01 -6.13921642e-01 7.12186694e-02
    -3.16477269e-01 -2.99709439e-02 -2.42568284e-01 -6.27818584e-01
    -3.81503522e-01 -2.60832697e-01 -3.12765807e-01 -6.63024008e-01
    2.27091193e-01 -5.81404567e-01 -3.77185941e-02 -7.32081234e-01
    -2.31343776e-01 -3.30163717e-01 -3.57186913e-01 4.98108268e-02
    -1.84210777e-01 2.43981242e-01 -3.18468779e-01 -3.63865852e-01
    -5.50697446e-01 2.56187081e-01 -3.42148423e-01 -6.96511388e-01
    -4.06670928e-01 2.34779477e-01 -1.58465266e-01 -5.71501613e-01
    -4.35059816e-01 -6.00053072e-01 1.42614365e-01 -2.98288733e-01
    -2.54155636e-01 -1.51994854e-01 1.05298519e-01 -5.64560175e-01
    -6.94338679e-02 -3.45499963e-01 -2.26984441e-01 -5.39399743e-01
    -7.28290677e-01 -3.57975781e-01 -6.27940476e-01 -7.35810280e-01
    -4.10437554e-01 -5.76132834e-01 -4.45328504e-01 -4.97699976e-02
    -6.01090908e-01 -4.74629551e-01 2.51627684e-01 -1.06615424e-02
    -3.22082162e-01 -2.55524695e-01 3.59977245e-01 -5.28082013e-01
    2.40327060e-01 -5.06144941e-01 8.03630352e-02 -2.40370512e-01
    -2.33100742e-01 -6.10469460e-01 -4.72392142e-01 9.26917791e-02
    1.77835166e-01 -2.02960730e-01 -2.08681226e-02 1.88612461e-01
    -3.43629986e-01 -3.96538377e-02 -3.28858078e-01 1.66128397e-01
    -1.99310720e-01 -4.69987065e-01 -3.78268301e-01 -1.12903237e-01
    -3.96152735e-02 -3.69643688e-01 -7.81980991e-01 -7.63849318e-01
    -3.74167532e-01 -6.38277113e-01 -3.06152880e-01 -4.19197440e-01
    3.51937413e-02 -6.02799058e-02 -4.77212071e-02 -7.95197785e-01
    1.42783523e-02 9.64502096e-02 1.16677403e-01 4.86651659e-02
    -3.90163362e-01 -2.77430892e-01 -9.86509323e-02 -1.81942940e-01
    2.06076682e-01 -1.59587920e-01 -1.08315289e-01 -8.94160867e-02
    -3.66188884e-01 -3.99240434e-01 -3.53372931e-01 -5.51814437e-02
    1.51115000e-01 1.71177447e-01 2.12338567e-02 -1.27508879e-01
    -2.76037812e-01 -6.09848499e-02 -1.06126070e-01 -1.67257547e-01
    1.12877846e-01 -1.10902727e-01 4.08789515e-02 6.17704988e-02
    -1.35519743e-01 -5.85004330e-01 1.47227108e-01 -7.07381964e-03
    -4.91780043e-02 -1.36478305e-01 1.30901098e-01 -2.64767110e-01
    -7.18942583e-01 -6.93175197e-02 -8.26313257e-01 1.06390715e-02
    -5.74717939e-01 -7.28434324e-02 -2.73261607e-01 -9.68815088e-02
    1.07836604e-01 -5.89259326e-01 -3.46545428e-01 2.64257550e-01
    -5.66028595e-01 -1.49693847e-01 3.65467370e-01 2.39662468e-01
    -6.94613516e-01 4.15925980e-02 -1.44653797e-01 7.70128369e-02
    5.80176711e-02 -5.55117249e-01 -2.29459256e-01 1.30448878e-01
    -4.13216829e-01 -6.13840818e-01 -3.90659541e-01 -2.22868323e-01
    1.08444393e-01 -3.90973151e-01 -4.03180480e-01 -9.58559513e-02
    -1.66320980e-01 -7.47551799e-01 6.25360012e-03 1.97299123e-02
    -3.44199598e-01 -4.77881432e-02 -5.00783086e-01 -5.65336525e-01
    -1.20334923e-01 -2.02070028e-01 -5.31250834e-02 -4.83998209e-01
    -3.72352839e-01 -6.57959580e-02 1.47258997e-01 6.43797517e-02
    -8.57132077e-02 -6.24296784e-01 -3.11217010e-01 4.88002300e-02
    8.88513923e-02 -2.67887920e-01 2.02366114e-02 -3.08150738e-01
    2.42429376e-01 1.73878491e-01 1.28131151e-01 -5.51235139e-01
    -3.86136472e-01 -2.54949629e-01 -5.57880402e-01 1.34242952e-01
    -7.40830898e-01 -3.15322280e-02 -4.97797132e-02 -3.38519782e-01
    3.63419652e-02 -2.10143805e-01 -2.74812609e-01 -2.34014153e-01
    -4.72837836e-01 -5.75505614e-01 -4.41361368e-01 -2.71194130e-01
    -3.53312761e-01 -5.39523363e-01 1.71472728e-01 -6.47539318e-01
    -4.58365679e-02 6.02797270e-02 -4.89590347e-01 -2.47095644e-01
    -3.35479200e-01 3.27760994e-01 -1.87721789e-01 -4.01562452e-02
    -1.19268894e-02 -3.90473902e-01 -1.90811813e-01 -3.09738070e-01
    2.32132852e-01 -3.73891741e-01 -5.17233372e-01 -4.17396545e-01
    2.17092097e-01 -5.68716049e-01 8.21274519e-02 -2.20553994e-01
    -7.07264066e-01 4.22225595e-02 -6.28698230e-01 -2.91140974e-01
    -3.88542712e-01 2.23052859e-01 -6.01182699e-01 -4.82576489e-01
    -1.33658171e-01 -2.79065639e-01 -7.31958747e-02 -1.51004970e-01
    -5.88594615e-01 1.28201663e-01 8.12655091e-02 -6.46220088e-01
    -5.22736609e-01 -3.68539631e-01 -3.46291065e-02 -4.85264122e-01
    -2.72987336e-01 -3.82473290e-01 -6.69418573e-01 2.67760336e-01
    -6.48207426e-01 -4.55921888e-01 -2.06710100e-01 -9.62956548e-02
    -4.70263273e-01 -4.09667045e-01 -1.86294138e-01 -2.02226162e-01
    -5.86332560e-01 -4.66176867e-02 -2.49778092e-01 -5.14580190e-01
    2.50815749e-01 -4.33699489e-02 -5.13225377e-01 3.10590863e-02
    -7.31060505e-01 -6.59431219e-02 -3.24486911e-01 -2.04095542e-01
    -5.59603453e-01 7.27185011e-02 -3.56935471e-01 -7.13157892e-01
    -4.91933823e-02 -6.37375832e-01 -3.87913644e-01 -2.11898625e-01
    -1.18236482e-01 -5.33308983e-01 6.82375431e-02 -6.16156220e-01
    2.35367954e-01 -4.35258031e-01 -2.79619098e-02 -2.05219448e-01
    -3.23688149e-01 2.10022211e-01 -2.67622799e-01 -5.75241029e-01
    -4.45008278e-04 -1.79955482e-01 5.67213297e-02 -5.89711308e-01
    -2.22594917e-01 -3.42600971e-01 1.48431063e-02 -2.23218262e-01
    -2.17459142e-01 3.58896911e-01 -4.75015968e-01 1.87961578e-01
    -6.39638305e-02 -2.86007047e-01 1.85751200e-01 2.69704282e-01
    -7.20524788e-03 -2.80585319e-01 -4.08288866e-01 4.00785089e-01
    -7.52277374e-02 -5.24202228e-01 -3.33843946e-01 -5.81830978e-01
    -1.53842568e-02 1.29194200e-01 -1.54035687e-01 -9.44195390e-02
    -2.52366424e-01 4.86581922e-02 1.40703022e-01 -1.16110265e-01
    1.60511911e-01 -2.21659184e-01 -1.60555840e-02 -3.90613586e-01
    -2.96520591e-02 2.26289570e-01 -5.42927384e-02 -2.34131932e-01
    -5.80995023e-01 -3.25019091e-01 2.52793610e-01 -6.59127116e-01
    -3.58075649e-01 -1.35688424e-01 7.54273534e-02 -2.47964859e-02
    -2.99884737e-01 7.27275610e-02 -5.83830059e-01 -1.03553176e-01
    -4.84072626e-01 -5.46129704e-01 -7.39474297e-02 -7.29500711e-01
    -5.01560450e-01 -7.70992160e-01 -1.23628080e-01 4.00120020e-02
    4.45958972e-02 -2.52092898e-01 -1.93918407e-01 4.60437536e-02
    -1.93250239e-01 -4.95657325e-02 -1.71899796e-04 2.95542717e-01
    -4.50825036e-01 -1.87939376e-01 -5.17575622e-01 -4.05912071e-01
    -5.25190353e-01 -4.25571114e-01 -4.95381176e-01 -4.13634837e-01
    1.68044508e-01 7.69057870e-02 -5.20878911e-01 -2.91119099e-01
    9.17855501e-02 -4.53709900e-01 -7.53741264e-02 -2.84835875e-01
    -5.39869905e-01 -2.29285479e-01 1.11788988e-01 2.06236184e-01
    -2.63813734e-01 -4.37668145e-01 2.14572549e-01 -7.43984520e-01
    -3.88560534e-01 -1.09119058e-01 1.15004182e-02 -7.66173244e-01
    -4.29443717e-02 -5.12351394e-02 3.11971307e-02 -2.26153553e-01
    -6.46921217e-01 3.02714109e-02 -1.58471644e-01 2.93793261e-01
    3.46965849e-01 -5.30918181e-01 -3.20063561e-01 9.42334533e-02
    -2.02257335e-01 6.26005530e-02 1.91066325e-01 6.32038116e-02
    -4.49789345e-01 4.00488377e-02 -1.15298271e-01 2.89931774e-01
    -5.05677283e-01 1.29490495e-02 -6.20079041e-01 -1.35679483e-01
    -1.05407715e-01 -6.03857040e-02 -2.80821115e-01 7.32091069e-02
    -5.19354105e-01 1.27260506e-01 -3.51558536e-01 -9.81088877e-02
    -6.62430406e-01 -1.00975811e-01 -7.47518539e-02 -6.74394369e-02
    -3.95372748e-01 2.96752632e-01 -5.49855471e-01 9.21342969e-02
    -4.06103313e-01 -2.92090774e-01 -5.02324820e-01 1.51177645e-02
    -5.53571284e-01 -2.10659325e-01 -2.29919195e-01 -3.61651778e-02
    -1.92529082e-01 1.91479146e-01 -3.59001994e-01 -5.47858000e-01
    -5.35588145e-01 -5.30157089e-02 8.98768306e-02 -1.15221024e-01
    -6.26570940e-01 -3.72585177e-01 -4.19477969e-01 6.29165769e-02
    -3.36683631e-01 -1.38472199e-01 -5.79576492e-02 -4.08278137e-01
    1.23645663e-02 2.05904782e-01 -6.06899500e-01 -4.98660654e-01
    -1.05879664e-01 -4.21737909e-01 -4.17497456e-01 -2.17659831e-01
    -2.30241716e-01 -1.19555593e-02 4.63423133e-02 -2.20270514e-01
    -7.51263976e-01 -5.08071780e-01 -2.01736242e-01 -2.94325769e-01
    -3.35141242e-01 -5.63766956e-01 -4.00287956e-01 1.14986598e-01
    -4.06660616e-01 9.74632502e-02 -4.43739295e-01 -7.82049298e-02
    3.05320442e-01 -6.05406284e-01 -5.30081987e-01 1.80944860e-01
    -3.57430637e-01 -2.18424439e-01 -2.68780768e-01 1.19435310e-01
    -2.36594677e-02 5.81477880e-02 1.52685881e-01 -4.81502235e-01
    -8.33070278e-02 9.30567980e-02 5.29041886e-02 -6.50185227e-01
    -1.08278811e-01 -3.75854969e-03 -5.48402667e-02 2.23687291e-01
    -6.41811132e-01 -6.08780921e-01 1.18608296e-01 -2.37184942e-01
    5.08078933e-02 -4.29648787e-01 -7.22128153e-02 -6.14510179e-02
    -3.77929211e-01 -1.84923798e-01 -6.32821679e-01 1.07952535e-01
    1.08882248e-01 9.25778151e-02 -1.79933846e-01 -5.68372965e-01
    1.07163370e-01 -6.14593029e-01 3.89578462e-01 -1.00688308e-01
    -2.32182950e-01 1.26192927e-01 1.69640183e-02 -4.54215467e-01
    -1.21392131e-01 1.53125942e-01 -3.95200253e-02 9.68031287e-02
    -1.44475102e-01 2.02516556e-01 -2.61230052e-01 2.06449628e-01
    3.38654101e-01 -3.89221787e-01 -4.89589691e-01 2.37165630e-01
    -2.76933134e-01 -7.43953586e-02 -3.45998406e-01 -2.61675119e-02
    -4.50364560e-01 -3.49472165e-02 1.86199903e-01 -1.58627987e-01
    -1.70570672e-01 -1.21757388e-01 -3.11038673e-01 7.83007145e-02
    -5.45888543e-01 -3.99293125e-01 -4.20531869e-01 -3.06065589e-01
    -6.47857428e-01 -5.15045524e-01 -6.64441586e-02 -4.86421585e-01
    -4.65118289e-02 -1.64757669e-01 -1.13682926e-01 -2.68115699e-01
    -6.70291126e-01 -2.92149782e-01 -2.90572584e-01 -1.63511068e-01
    1.60990238e-01 -6.03492379e-01 5.90673685e-02 8.77711773e-02
    -4.63346779e-01 -4.78772610e-01 -5.60345709e-01 -4.40377772e-01
    5.26515841e-02 -3.13234329e-01 -9.98087525e-02 -1.44600868e-02
    -6.82270229e-01 -6.93137169e-01 -6.36109710e-02 3.99296284e-02
    -3.39511275e-01 -5.22855759e-01 -6.56226873e-01 -6.06875777e-01
    -6.52028561e-01 -1.54217482e-02 -5.70199251e-01 -4.69771683e-01
    -7.30603695e-01 -6.58286572e-01 -6.61220551e-02 -2.98980951e-01
    -3.16577733e-01 -4.68904614e-01 1.01178467e-01 9.15395021e-02
    -7.48332024e-01 -1.16461754e-01 9.41975117e-02 1.91759765e-01
    1.40812874e-01 -2.72379220e-01 -5.31841636e-01 8.59545469e-02
    -1.82347834e-01 -2.73160517e-01 8.99834037e-02 -4.31172848e-02
    3.24010849e-04 6.21649027e-02 -3.14228296e-01 -4.31701988e-01
    -4.76125568e-01 -3.47436666e-02 -6.26213074e-01 -6.27796769e-01
    -8.11877251e-02 4.27273512e-02 -5.31689167e-01 -1.64976388e-01
    -9.96982455e-02 -3.50403011e-01 -3.54570597e-01 3.40311646e-01
    -2.22968340e-01 -2.37064660e-01 6.00033402e-02 -1.31526947e-01
    -6.09959066e-01 -5.93284845e-01 -1.49527490e-01 -1.72115266e-01
    -5.24279058e-01 -1.17036939e-01 -8.26997280e-01 1.02797329e-01
    -1.51113272e-01 -1.45472050e-01 -2.53356040e-01 1.39527261e-01
    -5.24054527e-01 -6.00801706e-01 -2.20572740e-01 -1.08480990e-01
    2.66939402e-03 1.63394690e-01 1.17100477e-01 -7.79276133e-01
    -3.06642175e-01 9.66742039e-02 6.84614778e-02 3.22647095e-02
    -5.50270438e-01 -5.64133465e-01 -7.03921854e-01 -2.08405972e-01
    -1.66144788e-01 -6.61826611e-01 6.29935265e-02 -1.94194734e-01
    -4.47626412e-01 -5.36134720e-01 -2.54181504e-01 -4.73345935e-01
    -2.63843417e-01 -5.74360132e-01 -1.87859058e-01 -2.31443048e-02
    -1.76311076e-01 2.98957288e-01 -4.87658501e-01 2.47522652e-01
    -6.73993826e-02 -1.61799490e-01 -4.78346407e-01 -1.78273678e-01
    -4.88720864e-01 -2.75386095e-01 -2.20957190e-01 -3.09056342e-01
    -6.23860955e-02 -5.05072355e-01 3.13459694e-01 -2.31730938e-02
    -6.02215350e-01 -6.67526603e-01 -3.00169647e-01 -3.22195232e-01
    6.26856089e-03 -3.20825338e-01 -7.36833215e-02 -6.62373900e-01
    -4.99713868e-01 2.26254523e-01 1.38344288e-01 -4.56981689e-01
    -3.06652486e-01 -3.61780345e-01 -3.69215071e-01 -2.02146411e-01
    -8.81727338e-02 -7.75743246e-01 -6.95679188e-01 2.58582532e-01
    -5.69055438e-01 -4.37364280e-01 1.76824927e-01 2.16502905e-01
    -1.98553383e-01 -4.38785046e-01 -1.44963503e-01 -3.86279941e-01
    -7.14815378e-01 -3.48880529e-01 9.15679932e-02 2.50978231e-01
    5.20765185e-02 6.70218468e-02 3.48547578e-01 -2.40651667e-01
    -1.18424714e-01 -5.90726972e-01 -1.24157727e-01 -4.14094329e-02
    -2.41795897e-01 -2.86341637e-01 1.89644814e-01 8.84303451e-02
    1.30500197e-01 -1.04572237e-01 1.11879289e-01 -2.95345426e-01
    -1.70950651e-01 -4.38100934e-01 -3.23312163e-01 -2.37843454e-01
    -6.03816867e-01 1.98190033e-01 -7.09079862e-01 -1.47741675e-01
    -6.50539815e-01 -5.47719121e-01 -7.47454703e-01 -3.86679977e-01
    -3.78482342e-02 -8.48796964e-02 -1.01436198e-01 -6.74855351e-01
    -1.75243199e-01 1.23060584e-01 -3.81184220e-01 -2.39449084e-01
    -1.21841609e-01 2.75040507e-01 6.16756678e-02 -4.29273874e-01
    -2.08263695e-01 1.71045184e-01 8.52338076e-02 -4.96894777e-01
    1.28774107e-01 -2.50988632e-01 -2.95297563e-01 2.37532198e-01
    -4.15878445e-01 2.18484402e-02 1.92463875e-01 4.73155379e-02
    -6.12271190e-01 -3.19716364e-01 2.77272642e-01 -2.89312005e-02
    -5.67162633e-02 -1.26680732e-02 -1.30227387e-01 -4.77142870e-01
    -1.99222744e-01 -1.42708570e-01 -5.15299797e-01 1.28614962e-01
    -2.97864676e-01 -1.12621605e-01 -1.98146880e-01 8.46923590e-02
    -4.87591565e-01 -2.68900275e-01 -1.81698799e-02 -1.17515147e-01
    -6.07731581e-01 -1.39956474e-02 9.99855995e-02 -6.84621513e-01
    2.54411340e-01 -5.20210862e-02 -6.73540652e-01 -4.68349695e-01
    2.19414294e-01 -5.52432537e-01 2.54636705e-01 -3.93798858e-01
    -5.47309279e-01 -5.65884829e-01 1.27471387e-01 -1.29957616e-01
    -2.20701694e-01 2.22330093e-01 2.16172636e-01 1.98859811e-01
    1.27582014e-01 -4.94569480e-01 1.24862790e-01 -2.38721400e-01
    -8.37345123e-02 -4.52139378e-02 -7.18789101e-02 -3.69107187e-01
    -6.51048303e-01 -2.61003911e-01 -3.64316940e-01 -5.01174152e-01
    2.11163998e-01 -7.09654093e-01 -1.54296458e-01 -5.47209024e-01
    -3.30765545e-01 1.27707124e-01 -4.57915366e-01 -5.09632468e-01
    -3.96799266e-01 1.71055079e-01 2.85339117e-01 -2.99779475e-01
    1.27793789e-01 -3.70298028e-02 -7.46643305e-01 1.15179300e-01
    3.02379727e-02 -6.54975951e-01 -2.75685430e-01 2.67357409e-01
    -3.05979639e-01 8.37759376e-02 -3.20605099e-01 1.44605637e-02
    1.43184662e-01 -6.17977083e-01 -3.57946396e-01 -5.89277983e-01
    -9.27219987e-02 2.35272348e-01 -4.36629832e-01 -1.79349661e-01
    -6.41310215e-02 -3.57921779e-01 -1.20681286e-01 -4.83850121e-01
    -5.13833702e-01 -6.82242095e-01 -3.01459670e-01 -1.57390058e-01
    -1.86755896e-01 -6.71257377e-02 -4.68692780e-02 -1.82055116e-01
    -3.69020879e-01 -2.08873987e-01 -4.26127434e-01 6.28225803e-02
    -6.04076982e-02 -2.81030953e-01 6.78312778e-02 1.21484876e-01
    3.81506681e-02 -4.53333259e-02 -6.89435661e-01 -1.97470218e-01
    -2.54597723e-01 -6.11285448e-01 -1.17628694e-01 1.83656991e-01
    -1.83544695e-01 -5.58333218e-01 -2.75813431e-01 -9.58936810e-02
    -5.88299811e-01 2.27188468e-01 1.32356763e-01 -2.52719343e-01
    -5.38981915e-01 5.26807308e-02 -2.49147087e-01 2.28631020e-01
    -2.02944487e-01 -6.48087382e-01 -4.58243877e-01 -5.67606151e-01
    -6.80986047e-02 -7.08521426e-01 9.34928656e-02 -3.95959735e-01
    -6.40598357e-01 -2.29574561e-01 1.04927838e-01 -3.40498596e-01
    -8.55113506e-01 -6.52767777e-01 4.12833691e-02 -1.77175879e-01
    -8.66588235e-01 4.30707932e-02 9.44723487e-02 -2.20434964e-01
    -5.10920286e-02 -6.59346461e-01 -1.81332886e-01 -2.72628725e-01
    -5.29031754e-01 6.89392090e-02 -1.76702231e-01 -6.90258861e-01
    -3.34172726e-01 3.49072218e-02 -2.69834399e-02 -6.58071518e-01
    -5.11825442e-01 -2.00666368e-01 -3.95462632e-01 -2.94352114e-01
    -1.85311496e-01 -5.33199608e-01 2.48388112e-01 2.37364233e-01
    -8.61681700e-02 -2.61155427e-01 -5.42270362e-01 1.28075540e-01
    -2.76869118e-01 -6.39614105e-01 -4.60320741e-01 2.94489086e-01
    -4.89560366e-02 -6.31108224e-01 -6.59571290e-02 -8.56071711e-03
    -4.07567024e-02 -6.73586130e-02 1.46200716e-01 -5.04736781e-01
    6.78433776e-02 -4.52524573e-01 -6.22477293e-01 -6.55196011e-01
    -2.23694205e-01 -5.20129561e-01 4.88362312e-02 3.44626307e-02
    -1.81928754e-01 3.25040817e-02 -1.12967134e-01 2.51976252e-01
    4.46987152e-03 -1.01086378e-01 -1.80976689e-01 -5.48947096e-01
    9.09938812e-02 -2.30527520e-02 -2.51436412e-01 -5.03520072e-01
    2.47647166e-02 -1.03834510e-01 -4.16256994e-01 -4.21736300e-01
    -3.63028675e-01 -4.26680118e-01 8.64207149e-02 -1.10953212e-01
    -6.88768983e-01 1.61201835e-01 -1.74531817e-01 -2.16945201e-01
    -5.11607349e-01 -2.59879261e-01 -2.40660369e-01 -2.17859983e-01
    -3.34158480e-01 -5.47633946e-01 -2.00227201e-01 -4.96633053e-01
    -6.19465709e-02 9.19263959e-02 -4.16580737e-01 1.14270508e-01
    1.52900398e-01 -2.63732374e-01 2.38811374e-02 -3.54459077e-01
    -1.87078714e-02 8.93800855e-02 -2.14462042e-01 -2.21886218e-01
    -1.06423318e-01 -5.30563831e-01 -7.81802297e-01 -1.71560824e-01
    4.11728024e-02 -8.03211451e-01 -3.37487459e-02 3.92339230e-02
    -7.02542126e-01 -7.45045543e-02 -6.38178647e-01 -4.58563775e-01
    -3.73927921e-01 -5.99773526e-01 8.23592544e-02 -7.15296626e-01
    3.16694379e-02 -1.79351926e-01 -6.22679830e-01 -5.68180084e-01
    -1.23160660e-01 -3.98844212e-01 -2.59445310e-01 -2.32830703e-01
    -4.57781076e-01 -7.36391664e-01 -4.17123437e-01 -2.27877855e-01
    -6.19492292e-01 -2.21787274e-01 -9.52757597e-02 -1.65680170e-01
    -5.05005479e-01 -5.19041657e-01 -2.18234301e-01 -6.45695150e-01
    -1.81896031e-01 -4.63674605e-01 -5.29542565e-02 -1.38605297e-01
    2.03651786e-02 -3.61539930e-01 -5.18580377e-01 -6.41854405e-01
    8.93714428e-02 -3.84000480e-01 -8.30928981e-01 -2.61813104e-01
    -4.81187344e-01 1.61165059e-01 -4.55437213e-01 2.00208187e-01
    -3.44823450e-01 2.52399623e-01 1.59541130e-01 -5.62002182e-01
    -9.15228128e-02 -2.70357519e-01 -2.24018335e-01 -5.05017042e-01
    -4.15658325e-01 2.15689540e-02 -1.53578699e-01 -3.61794382e-01
    -2.15406537e-01 -1.29342794e-01 -5.32933354e-01 1.59664452e-01
    -3.81120086e-01 -3.16835642e-01 9.82402563e-02 4.35670018e-02
    3.28049123e-01 -9.84162092e-02 2.17048407e-01 -4.47601318e-01
    -3.58660221e-02 -1.32371724e-01 -3.75852466e-01 -2.06041336e-02
    8.58947039e-02 -1.68399870e-01 6.23812675e-02 -9.35139060e-02
    5.74111938e-03 -3.24034572e-01 -6.81109607e-01 -7.21724033e-01
    -4.30828780e-01 8.43787789e-02 -3.57113898e-01 -3.87090027e-01
    -1.58864737e-01 -2.61818826e-01 -1.20663643e-01 1.48939729e-01
    4.65989113e-02 -6.28091633e-01 -6.44728184e-01 2.63363183e-01
    8.63831639e-02 4.48588729e-02 -6.39696121e-02 -3.15732777e-01
    -9.22570229e-02 -3.82140160e-01 -6.01257086e-01 1.97755992e-01
    7.38621950e-02 1.40264332e-01 -6.15470529e-01 -5.90186119e-01
    1.32699430e-01 -1.91089511e-01 -5.59514523e-01 -5.39147854e-03
    -3.18124294e-01 -3.52221966e-01 -4.59359765e-01 -3.30409020e-01
    -5.59459448e-01 1.42123997e-01 -9.62384343e-02 -1.72505677e-01
    -6.41418934e-01 2.58581400e-01 -5.15764356e-01 -7.30728865e-01
    1.72667325e-01 -3.90860468e-01 -8.70995522e-02 -5.90076089e-01
    -1.69322580e-01 4.80222702e-02 -4.51757759e-01 1.07722640e-01
    -3.08494091e-01 3.75384092e-03 3.40525270e-01 -5.71593165e-01
    -1.05523884e-01 3.29576433e-01 -2.51068056e-01 -1.53547049e-01
    -6.33713961e-01 7.08071589e-02 -1.23312533e-01 -4.85044509e-01
    -1.27728105e-01 -2.77428925e-01 -4.80269611e-01 3.33737493e-01
    -4.51276988e-01 2.30526447e-01 -1.86275095e-01 -4.59793895e-01
    -7.69089580e-01 8.51172209e-03 -1.95959449e-01 -2.61758924e-01
    -1.57533884e-01 -6.31783009e-01 1.34922981e-01 -1.91367269e-01
    -8.20655227e-02 -1.13819122e-01 -3.72341990e-01 1.40703619e-01
    -4.26643163e-01 -5.83639860e-01 -7.44845867e-02 -4.93722618e-01
    -1.91666096e-01 -2.84402013e-01 -3.00731927e-01 -2.32631266e-01
    -4.45485651e-01 -2.61655122e-01 1.28937066e-01 -6.32153809e-01
    -4.48668003e-02 -8.03291798e-03 -9.56505537e-03 -4.63107497e-01
    -5.52818537e-01 1.15368962e-01 2.82247066e-02 -6.77476406e-01
    -2.47723997e-01 1.28029406e-01 -5.35086989e-01 -1.03983641e-01
    1.23832226e-02 -2.20472872e-01 -3.91547441e-01 2.56494999e-01
    -1.86170638e-01 -5.06888390e-01 1.12797737e-01 -2.38522828e-01
    -5.84789515e-02 1.49858356e-01 4.68857884e-02 -5.48508704e-01
    4.51881886e-02 -5.30928671e-01 -1.09111428e-01 2.51597703e-01
    -5.12922287e-01 -7.50068903e-01 1.91071391e-01 -5.15329063e-01
    -4.22661901e-02 -8.05341244e-01 1.00898921e-01 3.11779976e-02
    -5.56556344e-01 -7.75365353e-01 -5.00067770e-01 -4.60750639e-01
    -4.64303792e-01 2.03229606e-01 6.57466650e-02 -1.67353928e-01
    -3.23788524e-02 -2.14985490e-01 -3.36086899e-01 -1.22627318e-01
    -4.70245510e-01 -3.55211824e-01 -4.43636000e-01 1.93951070e-01
    -4.07381594e-01 -6.62835240e-01 1.17874026e-01 4.28844094e-02
    -5.50074637e-01 6.39387369e-02 -4.14169461e-01 -4.57728386e-01
    -4.10258770e-01 1.64739609e-01 -5.73687792e-01 2.02334881e-01
    -2.73356587e-01 -2.15224177e-01 1.51114583e-01 -3.83213878e-01
    -3.55919182e-01 -5.23404241e-01 -7.18453526e-02 1.67792201e-01
    1.82988644e-01 -3.58171284e-01 -2.51879752e-01 5.42358756e-02
    -3.85726213e-01 -7.08508432e-01 -1.40418947e-01 2.68904567e-02
    5.24008274e-02 -7.51411021e-01 -6.50955796e-01 -1.91602111e-01
    -3.89512062e-01 -4.18531895e-02 -3.55917811e-02 -3.39227796e-01
    -1.62425101e-01 -3.44817847e-01 -1.22847319e-01 -7.77239680e-01
    1.63425803e-01 1.08562410e-01 -6.21700227e-01 1.64898396e-01
    -5.67071021e-01 -1.39970303e-01 -3.94692779e-01 1.19565368e-01
    2.36940503e-01 8.24558735e-03 -4.37840044e-01 -3.29289317e-01
    -2.17375755e-01 -5.17797709e-01 -4.07849550e-02 -9.59994197e-02
    -5.12818813e-01 -6.89851046e-02 1.94098979e-01 -3.16347361e-01
    -4.30096000e-01 -2.20550776e-01 -6.66137934e-01 -3.17731827e-01
    -1.96814775e-01 -4.74809647e-01 -5.01294613e-01 -4.23821390e-01
    -2.54236400e-01 2.52438903e-01 1.89955890e-01 4.20844555e-02
    4.73471880e-02 -1.96931720e-01 -2.77287841e-01 9.77724195e-02
    -3.29373956e-01 -6.60922289e-01 -3.57371867e-01 1.26731575e-01
    -2.57066250e-01 -5.24838507e-01 -2.69320786e-01 -2.99422860e-01
    -5.81887364e-01 5.36043048e-02 -3.05788130e-01 -2.26048529e-01
    -4.15166974e-01 -7.04246640e-01 7.75512457e-02 -8.91630054e-02
    -7.31482387e-01 -4.83075142e-01 -2.23103404e-01 4.92469668e-02
    -1.60524786e-01 -6.82710290e-01 1.09971702e-01 -1.08859062e-01
    -5.83232999e-01 -4.98179734e-01 -1.45510137e-01 -3.41211081e-01
    2.19767690e-02 -6.71098828e-01 1.33268356e-01 -6.33058786e-01
    -3.33860725e-01 -4.93318588e-01 2.39354968e-01 1.22701764e-01
    -4.51024055e-01 9.88809466e-02 -2.64492899e-01 -6.92301989e-02
    -3.21196318e-02 1.72233462e-01 -1.92509830e-01 -4.27028477e-01
    1.00134015e-02 -5.11096120e-01 2.55950689e-02 -5.43284297e-01
    -5.27142644e-01 -4.71339941e-01 1.79808319e-01 6.52271509e-02
    -6.26213908e-01 -6.25609159e-02 -2.75416940e-01 -4.68801856e-02
    -6.52540326e-01 6.88930750e-02 -6.89823687e-01 -6.40313983e-01
    2.60923624e-01 3.78142595e-02 -7.54951715e-01 2.57110000e-02
    -2.34107852e-01 -7.29074240e-01 7.54331946e-02 -1.82682812e-01
    -4.49573725e-01 -5.47687471e-01 -1.85699582e-01 2.02335298e-01
    -7.83622205e-01 -3.87008488e-01 -4.65514600e-01 -2.77315259e-01
    -5.25214195e-01 -4.30713236e-01 1.05491161e-01 -4.61350679e-02
    -5.13795018e-02 -1.14546895e-01 -1.93136930e-01 -1.68793023e-01
    -6.85839951e-01 -2.99460679e-01 2.64298320e-02 -5.95641613e-01
    -3.51950347e-01 -4.28540558e-01 -3.61620188e-01 -4.04793322e-01
    1.64044976e-01 -2.89715499e-01 -4.28339005e-01 -5.27364373e-01
    -1.04059488e-01 -3.44637454e-01 -5.42317748e-01 -2.64090985e-01
    -3.10559869e-02 -6.10793829e-02 2.72505224e-01 -2.66024351e-01
    1.83149636e-01 -6.19705915e-01 -5.31053543e-02 -6.49928451e-02
    -4.35561597e-01 -7.08147287e-02 2.04209149e-01 1.64613128e-02
    -1.20693207e-01 -3.73112559e-02 -5.66350162e-01 1.36309743e-01
    1.39757454e-01 1.70116305e-01 -2.04291105e-01 -1.61354244e-01
    -4.18435693e-01 3.87256861e-01 -1.09131634e-01 1.29864156e-01
    -1.14303231e-02 -4.29225206e-01 -3.90515834e-01 -9.72588062e-02
    1.08304977e-01 -6.44795001e-01 1.00150526e-01 1.91454768e-01
    -5.92186093e-01 -3.36775810e-01 -5.26326537e-01 -5.36261261e-01
    7.73836970e-02 2.30164111e-01 -3.88271928e-01 -5.54377437e-01
    -4.21654910e-01 3.73089254e-01 -9.61640775e-02 -4.91999060e-01
    -4.75284636e-01 1.35879636e-01 -6.30921125e-01 -7.65303969e-01
    -5.80157757e-01 -4.26155984e-01 -5.79932451e-01 7.08310008e-02
    -5.84642172e-01 -5.17131388e-01 3.03613544e-02 -1.01997256e-01
    -8.38534832e-02 3.89493704e-02 6.53293133e-02 5.08852601e-02
    -8.25227618e-01 -1.03968740e-01 -2.56053507e-01 -6.60316467e-01
    1.90340161e-01 -3.64324629e-01 6.87986612e-02 -3.95976305e-02
    -4.15772766e-01 -2.71761477e-01 -6.36599422e-01 -5.69944739e-01
    -1.31557822e-01 3.09231579e-01 -5.86324513e-01 4.87814367e-01
    -5.94517589e-02 -4.24476177e-01 -3.15680444e-01 7.20487237e-02
    -7.06399083e-02 -4.47319150e-02 -3.75941545e-01 1.11257374e-01
    -6.76511765e-01 1.63642764e-01 2.77461290e-01 8.50071907e-02
    2.28748202e-01 -1.42487526e-01 -1.82420850e-01 -2.39570558e-01
    -3.15945655e-01 -4.85770583e-01 -6.38951659e-01 -2.03800797e-02
    8.69668722e-02 -4.13131118e-01 -1.53000355e-02 -6.24469638e-01
    1.10286057e-01 -8.46468687e-01 -1.75889194e-01 1.98348761e-02
    -6.23972654e-01 -1.58622980e-01 -1.85010195e-01 -8.58659744e-02
    -9.96069908e-02 6.27291203e-03 4.38740253e-02 -5.23817539e-02
    -6.08162224e-01 1.59274340e-02 -4.15907919e-01 -2.78774351e-01
    1.08718872e-04 1.00858092e-01 -4.09123302e-02 -1.22767985e-01
    2.58254409e-02 -4.07596111e-01 1.08343363e-01 1.69933617e-01
    -2.41534173e-01 -1.35803521e-01 -4.87051040e-01 -2.99647570e-01
    -3.68325680e-01 -3.68332565e-01 1.28432751e-01 -3.26545328e-01
    -3.02153081e-01 1.30097866e-01 2.95086622e-01 2.00355649e-02
    -3.39927226e-01 2.83514202e-01 1.06130660e-01 -3.33350003e-01
    -8.73463154e-02 1.76900625e-01 1.24252081e-01 -2.51918137e-01
    -2.76693732e-01 -9.48837399e-02 -1.52496457e-01 7.26132393e-02
    2.34348953e-01 -3.26626778e-01 -8.59612226e-02 -4.44619060e-02
    -7.91929364e-02 -6.08764052e-01 -2.29216307e-01 -2.64698088e-01
    -5.17430246e-01 -3.65321815e-01 -5.88693321e-01 -3.30671579e-01
    2.35415637e-01 -3.13922822e-01 -2.34907269e-02 -2.64167786e-02
    7.86745548e-02 2.30666757e-01 -5.96055031e-01 -1.39599979e-01
    1.53565407e-02 -8.09931755e-02 -4.07241583e-01 9.52600837e-02
    -5.40822864e-01 -7.25859284e-01 -4.81567740e-01 -2.27286994e-01
    -6.76800072e-01 -6.71069026e-01 -3.48924756e-01 3.23131561e-01
    3.74060869e-03 -1.86511278e-02 6.12986088e-02 -3.59028131e-01
    -4.72998142e-01 -2.68854320e-01 -8.71351361e-01 1.07738316e-01
    1.75412357e-01 -5.13342142e-01 -5.26643395e-01 1.28460705e-01
    1.34646654e-01 1.98183596e-01 -6.85044527e-01 -5.26046753e-01
    2.81142592e-01 -5.84414899e-01 -7.13024378e-01 -9.03624892e-02
    -8.08528960e-02 -4.28054065e-01 -1.99288547e-01 2.21638739e-01
    5.15605807e-02 -3.66022944e-01 -2.52266765e-01 4.37953472e-02
    -4.72614586e-01 -2.34964937e-01 -5.15757799e-02 -3.18106711e-01
    2.45851159e-01 -5.49381316e-01 -8.38201046e-02 -4.78258163e-01
    -3.23784560e-01 -3.49220961e-01 -4.50063169e-01 2.01574802e-01
    -6.89073205e-02 -1.49333596e-01 7.05407858e-02 -3.38139981e-01
    -4.96283919e-01 -4.27367270e-01 3.19059193e-01 -4.29782480e-01
    2.30790138e-01 -2.67939061e-01 2.97921360e-01 -2.53900111e-01
    -4.95136797e-01 -1.33340716e-01 -9.10669565e-03 -1.97265595e-01
    -5.85920095e-01 -6.78947449e-01 1.73212349e-01 -2.01857865e-01
    -1.73963964e-01 -4.18634534e-01 -2.70891845e-01 -6.01143718e-01
    -1.78577423e-01 -9.59874392e-02 -1.10703409e-01 -5.51352561e-01
    -2.78873652e-01 -2.73332596e-01 -8.09954405e-02 -1.69887155e-01
    3.94164860e-01 -9.67007875e-02 -6.28227472e-01 8.34220648e-03
    -6.02205098e-01 -2.25416005e-01 -4.29434896e-01 -2.87194729e-01
    -4.47125137e-01 3.07403266e-01 -3.11550498e-02 2.70163953e-01
    1.91892922e-01 -6.88510895e-01 -3.65329921e-01 -6.11119866e-01
    -3.64685714e-01 -7.45119095e-01 -7.27808654e-01 5.04913330e-02
    9.90273356e-02 1.79722726e-01 -5.97118855e-01 1.14894152e-01
    -6.54297471e-02 -5.80469072e-01 1.58474326e-01 -3.02357435e-01
    -1.05653465e-01 -3.51941973e-01 1.79990232e-01 -4.26352024e-01
    1.53285861e-02 -5.14097810e-01 -5.30813634e-01 -4.73106086e-01
    2.54053175e-01 2.33016849e-01 -3.79847765e-01 -2.12926805e-01
    1.19112670e-01 3.71168852e-02 -3.51119697e-01 -2.87061930e-03
    -3.77654910e-01 2.09738612e-02 -6.31720781e-01 -1.19439363e-01
    -3.70345235e-01 1.23082280e-01 -1.25250161e-01 4.06230688e-02
    -1.16899550e-01 -6.63769245e-02 -6.46807134e-01 -4.42676544e-01
    2.03403831e-01 -6.06249273e-01 -8.28764439e-02 1.42521918e-01
    -7.09568202e-01 -3.91315877e-01 6.24239445e-03 -4.27925557e-01
    -5.50248623e-01 2.40194738e-01 -1.68940425e-02 -3.18975210e-01
    -3.31915617e-02 -7.76941776e-02 2.35294759e-01 -1.89863592e-01
    -2.28186667e-01 4.68839407e-02 -3.67612630e-01 -3.18705827e-01
    -1.37256861e-01 -2.03108102e-01 -4.18742359e-01 -2.34054148e-01
    -3.53436321e-01 -6.04079187e-01 -5.10811806e-05 -7.99770951e-02
    -5.63650727e-02 -5.55622339e-01 -5.39317250e-01 -4.51014042e-02
    -6.78286433e-01 -1.71142220e-01 -3.52983713e-01 -7.20652103e-01
    1.30563021e-01 -5.41087985e-01 6.17815256e-02 -5.01240253e-01
    2.82861769e-01 -2.73438096e-01 -1.90254271e-01 -4.75958586e-02
    -9.84782577e-02 -6.95708692e-01 -6.82042778e-01 1.00256324e-01
    -1.25480771e-01 -4.08804059e-01 5.59927821e-02 -6.98026419e-02
    -3.13047588e-01 7.34103322e-02 -4.61997390e-02 -4.63676512e-01
    1.26692951e-01 -1.59410715e-01 -3.76070321e-01 6.83319569e-03
    -1.47384405e-02 -4.86643791e-01 -3.35970372e-01 1.13983333e-01
    3.18307877e-02 1.61734939e-01 -4.56064761e-01 -7.47662187e-01
    5.31296134e-02 -7.39527702e-01 -5.08480787e-01 -4.09250140e-01
    9.35186744e-02 -2.66316652e-01 -1.51618361e-01 -2.37675726e-01
    -4.34481889e-01 -3.91867727e-01 9.42451954e-02 -4.19438511e-01
    -5.36965787e-01 -3.03945810e-01 1.32683218e-01 -1.47049129e-01
    -7.12877512e-01 -5.26767612e-01 -5.51269770e-01 -2.97980458e-01
    6.27080202e-02 -5.76279938e-01 -7.58295059e-02 -1.02872252e-01
    -4.43695754e-01 -2.45994121e-01 3.01945150e-01 -4.48455393e-01
    -5.22761703e-01 -6.41970217e-01 -4.46024895e-01 4.11554575e-02
    -4.27836776e-01 -2.99193054e-01 -3.70241404e-01 -2.31151104e-01
    -4.49106097e-02 1.63365841e-01 -2.77755231e-01 -2.35413671e-01
    -2.05640197e-02 2.38728642e-01 -4.92846966e-02 -3.33586872e-01
    -5.43928981e-01 -3.88345659e-01 -4.61326480e-01 -2.44244993e-01
    -6.71817541e-01 2.67163098e-01 1.69664025e-02 5.27510047e-02
    7.53666759e-02 -2.33315617e-01 8.51243734e-02 2.59450853e-01
    -1.68884993e-02 -5.32006800e-01 -5.47945023e-01 2.19307065e-01
    1.35465622e-01 -5.18714368e-01 -6.03087246e-01 -3.97267848e-01
    1.82070434e-01 1.69483662e-01 6.61866665e-02 -2.42405951e-01
    -6.30280972e-01 -3.81151646e-01 4.48032022e-02 -3.21456760e-01
    -3.90280217e-01 -6.19694233e-01 -6.19181991e-01 -1.01043701e-01
    -1.27661765e-01 1.41763628e-01 -3.70510072e-01 -4.26478267e-01
    -4.27748144e-01 2.54470527e-01 -4.63010818e-01 2.20601678e-01
    -5.65095544e-01 -1.72707558e-01 -2.45778024e-01 -1.59473419e-02
    -5.34635782e-03 -7.83144116e-01 -1.96486682e-01 -3.47838402e-01
    -3.34011018e-01 -8.93114209e-02 -1.21010900e-01 -3.43766212e-02
    1.45383239e-01 -1.32515311e-01 -7.80760050e-02 -3.92036706e-01
    -5.80165446e-01 -1.34260833e-01 3.35628033e-01 -6.02155447e-01
    -5.65677702e-01 -1.38203919e-01 -1.00625873e-01 -4.67659235e-02
    -1.06851757e-01 -4.48736578e-01 8.84354115e-02 -3.75663877e-01
    1.66793585e-01 -4.98038560e-01 -4.20018613e-01 -3.62300873e-03
    -4.51464057e-01 -5.68837821e-01 1.11439884e-01 1.01040483e-01
    -2.64881253e-02 3.02267671e-02 -5.10184169e-01 -2.24417895e-01
    6.49834275e-02 -1.06561184e-01 -2.83086628e-01 2.39021420e-01
    -1.97382450e-01 -3.00588667e-01 -4.37259614e-01 -2.63025820e-01
    -6.79521680e-01 -7.83489347e-02 1.69489980e-01 4.18028235e-02
    1.31014645e-01 -6.75648332e-01 -1.91892385e-02 -3.87087673e-01
    -6.07050598e-01 -2.31366485e-01 -7.42884934e-01 -7.25104213e-02
    -2.86678433e-01 -3.49753737e-01 -6.92613721e-01 -3.61309469e-01
    2.57735848e-01 -5.99080801e-01 -1.21936500e-01 -5.11675596e-01
    -4.13119465e-01 -1.47139966e-01 -5.73858738e-01 -6.22574031e-01
    -8.86993408e-02 -2.96440184e-01 2.19604671e-01 -5.46952724e-01
    5.11513352e-02 -6.62941456e-01 -7.88407326e-02 -3.40137243e-01
    -1.45079017e-01 2.40401506e-01 -5.27978897e-01 -2.43144751e-01
    4.04255867e-01 -2.80627191e-01 -5.64999938e-01 -4.66047794e-01
    -5.58277071e-01 -4.98978138e-01 1.49837732e-01 -3.59886795e-01
    -2.01694071e-01 -5.47329545e-01 -6.03516221e-01 -3.64400744e-01
    -8.66253376e-02 -1.39243305e-01 -3.15564811e-01 -1.67067111e-01
    -2.82435298e-01 1.86954141e-02 -3.97031903e-01 2.57655919e-01
    3.31485868e-01 -4.30216819e-01 2.06685185e-01 3.22008193e-01
    -6.15691125e-01 -1.85437024e-01 -7.90263414e-02 1.10523582e-01
    -2.38289416e-01 -9.84043479e-02 -1.58796906e-01 -5.43552876e-01
    -6.22664034e-01 -6.69510484e-01 1.79689705e-01 -6.93977833e-01
    -6.91642106e-01 2.00180471e-01 2.50874519e-01 -7.68638909e-01
    -2.11817086e-01 -3.15994620e-01 -5.41891873e-01 -5.80327392e-01
    -2.88228035e-01 -4.64293301e-01 -1.66104138e-01 -8.74770284e-02
    1.24914050e-01 -7.08941579e-01 -7.14895129e-01 2.14517593e-01
    -8.37780237e-02 -5.95128894e-01 1.33013844e-01 -4.57576215e-01
    -5.36495984e-01 -5.25111675e-01 -2.41931409e-01 -2.40298629e-01
    -2.49280035e-01 -1.88961089e-01 -3.62924993e-01 -5.00389099e-01
    -2.30586827e-01 1.93190277e-01 -1.47635579e-01 7.16698766e-02
    -7.16115236e-01 2.35174894e-02 -5.85639298e-01 -4.77159828e-01
    -3.01306903e-01 -5.01138866e-01 1.29161060e-01 -2.95343310e-01
    -2.68026978e-01 -5.69184780e-01 -4.36724424e-01 -6.88224435e-02
    -3.84455740e-01 -7.56060541e-01 2.14760840e-01 -5.43543994e-01
    2.66509056e-02 -8.45475018e-01 -8.24637115e-01 -3.96407992e-01
    6.58560991e-02 -7.30942369e-01 -1.52676702e-01 1.01050019e-01
    -3.81658435e-01 -6.12042308e-01 -7.71863461e-02 -6.30881906e-01
    1.85694754e-01 1.80887699e-01 3.64831090e-02 -5.03103673e-01
    -1.94081903e-01 -3.16110700e-01 -1.61269546e-01 -2.88638473e-01
    -4.10695493e-01 -2.86910713e-01 2.83276320e-01 -4.13452834e-01
    -5.84375322e-01 -3.69853914e-01 -1.61684453e-01 7.42879510e-02
    -1.22795582e-01 -6.53010011e-01 -2.96986699e-01 -5.68585277e-01
    -4.06280756e-02 -3.07883024e-01 -2.61664927e-01 -9.21336412e-02
    -4.08979237e-01 -4.23847735e-01 -1.31290555e-01 3.68342996e-02
    -2.85925597e-01 1.67963266e-01 -3.38772386e-01 -4.37564194e-01
    1.07157230e-01 -3.34185362e-03 -1.36322141e-01 -6.99409008e-01
    5.78109622e-02 -6.39537692e-01 2.49047518e-01 -2.49044478e-01
    -7.29780614e-01 1.61469519e-01 -5.48519611e-01 -6.08777463e-01
    2.54423320e-01 -3.51774961e-01 2.31765509e-02 1.61389887e-01
    -2.91013420e-01 2.59926200e-01 -3.55984092e-01 -4.85613406e-01
    -5.63834608e-01 -6.53367937e-01 -2.58042455e-01 -1.18952394e-02
    6.83668256e-02 -3.29909205e-01 -4.35513258e-03 -5.59889674e-01
    1.77388191e-01 -1.04832411e-01 -1.43224955e-01 2.71900058e-01
    -3.93091708e-01 -1.02752447e-02 -4.62408304e-01 -2.57084638e-01
    1.66284800e-01 2.67824471e-01 -4.70138133e-01 -4.91381913e-01
    2.79778421e-01 -4.87470955e-01 -7.27759778e-01 -4.01562214e-01
    -7.45828032e-01 -3.30610275e-02 -4.66673017e-01 -2.99268961e-02
    -1.08179212e-01 8.52873325e-02 -6.89220905e-01 -5.10780215e-01
    -4.54708099e-01 -5.48460722e-01 1.31632268e-01 -1.21246874e-01
    -8.24607253e-01 -2.59556353e-01 7.45301247e-02 -4.57082838e-01
    -6.27903640e-01 -2.53726602e-01 7.59228468e-02 -6.56941354e-01
    2.39476323e-01 -3.32508922e-01 -2.35523880e-01 -6.87769294e-01
    -4.49114501e-01 1.73522234e-01 -3.94593537e-01 -2.16169059e-01
    -4.97382373e-01 -9.33665037e-03 2.68708467e-02 -7.33138919e-02
    -1.06376469e-01 -2.15880454e-01 -2.96088547e-01 -6.49168491e-01
    -4.56536889e-01 2.38608241e-01 2.29661465e-02 2.08274484e-01
    1.16649449e-01 -5.87670326e-01 -4.65541422e-01 -6.87783360e-01
    1.22800469e-02 -8.05224061e-01 3.12238932e-02 1.88151240e-01
    -4.86650825e-01 -7.26884007e-01 -2.54242420e-02 -1.63543642e-01
    -5.59862912e-01 2.28792369e-01 2.84208477e-01 -6.59730434e-01
    2.48211563e-01 -5.64814210e-01 -4.08183843e-01 -2.10173786e-01
    -6.13219976e-01 -2.96797872e-01 -4.73359585e-01 2.42101133e-01
    9.02777910e-03 7.09425807e-02 -5.29488623e-01 -5.01785278e-01
    2.16335833e-01 8.54725242e-02 -3.42281342e-01 -5.92220128e-01
    -1.05729580e-01 -2.41390258e-01 -5.34693599e-02 -4.15273905e-01
    1.60759509e-01 -1.00291133e-01 -3.16358209e-01 -1.49006248e-01
    -2.59238988e-01 8.64357948e-02 -5.56255579e-02 6.31583929e-02
    -5.34408867e-01 -7.08930492e-02 2.55365372e-02 -7.89787173e-02
    2.61711419e-01 -3.62812579e-01 -2.06401706e-01 -8.17651153e-02
    -3.59914184e-01 2.54692197e-01 2.82924116e-01 6.92021251e-02
    -1.94316477e-01 3.57025862e-03 -6.19934976e-01 1.49301410e-01
    3.44665647e-02 -2.84117877e-01 -5.25201559e-01 1.87095940e-01
    1.63847208e-01 -6.44401610e-01 -5.23335695e-01 2.33292699e-01
    -5.18453002e-01 -6.11780524e-01 -3.47794622e-01 -4.95206088e-01
    -2.69650638e-01 -2.05766499e-01 -3.80341947e-01 -5.59887350e-01
    2.97402382e-01 -6.13687873e-01 1.65405691e-01 1.93560719e-02
    -7.49008775e-01 -3.51181328e-01 -2.58941293e-01 -4.97701168e-01
    -6.69665337e-02 2.59503484e-01 1.47000611e-01 -5.80690503e-01
    3.07738900e-01 -3.58388573e-01 -9.07648802e-02 7.49372244e-02
    3.70914936e-02 -3.18748385e-01 -7.44780898e-02 -2.28885919e-01
    -8.38706493e-02 -1.55584395e-01 -1.55104756e-01 2.36392856e-01
    1.94555938e-01 -5.08204997e-01 5.07438183e-02 -1.03247762e-02
    2.89280772e-01 -2.05128103e-01 -4.44506586e-01 1.17246091e-01
    -3.16482782e-02 -1.23097479e-01 2.17778087e-02 -5.19692898e-04
    -2.47272015e-01 -3.30341935e-01 -6.42150640e-02 -5.63976169e-01
    6.80314898e-02 -1.91838861e-01 -3.69598329e-01 -4.54019457e-01
    -2.25581884e-01 -4.76283252e-01 -2.37495601e-01 8.23336244e-02
    -1.14374340e-01 1.48787498e-01 -7.66304135e-01 -6.94615841e-01
    -6.01724148e-01 1.38755441e-01 3.12072635e-02 -6.21766448e-02
    9.47620869e-02 -8.34882259e-02 -4.53951359e-01 1.79256499e-01
    -9.80473161e-02 4.65890169e-02 1.15600884e-01 -5.77805996e-01
    -6.55635953e-01 6.95278645e-02 2.04968572e-01 3.74342799e-02
    -4.98017550e-01 -5.96165657e-03 -1.19287610e-01 -2.37603754e-01
    -2.91085720e-01 -1.08885825e-01 -1.16514504e-01 3.21776867e-01
    -2.78873920e-01 -5.78709126e-01 -1.37341619e-02 -1.67002439e-01
    -3.67594600e-01 -3.30060244e-01 2.41927147e-01 -1.43086940e-01
    -5.54679394e-01 2.42231727e-01 -4.35232013e-01 1.90460980e-01
    -5.63975990e-01 1.77375078e-01 -6.32538319e-01 3.99491787e-02
    -1.02430880e-01 -7.43285179e-01 -3.57172906e-01 4.94700670e-03
    -6.18883848e-01 -5.12821615e-01 -2.08610296e-01 -2.66088784e-01
    -1.79745585e-01 1.52070165e-01 -1.15488768e-01 -1.61199331e-01
    -1.89931750e-01 -7.07951784e-02 -5.89300990e-01 -3.65459293e-01
    1.30027533e-02 -3.27471972e-01 -5.46772957e-01 -4.09520924e-01
    -5.44355154e-01 2.13907540e-01 -1.30227745e-01 -4.12947834e-01
    7.91795850e-02 -6.29263103e-01 -1.79747343e-02 -5.43533087e-01
    -1.52620018e-01 -4.34393764e-01 -5.14617920e-01 -1.63835406e-01
    1.38665318e-01 1.25897348e-01 -3.12406421e-01 -4.54253078e-01
    -1.20367944e-01 -4.12134528e-02 -3.61508667e-01 -6.84681296e-01
    1.97571516e-01 2.33560503e-01 -3.72342467e-01 -3.06598842e-01
    7.09564686e-02 -3.71614039e-01 -3.39360416e-01 2.22236574e-01
    2.98244178e-01 -2.34285772e-01 -6.94824517e-01 1.82031333e-01
    -2.98948646e-01 -9.02616978e-02 -5.81211448e-02 8.58269334e-02
    -3.53953958e-01 1.51464581e-01 -4.10757840e-01 -1.10925376e-01
    -5.01857698e-01 -3.96372050e-01 1.80270314e-01 1.66913688e-01
    -5.02400279e-01 1.70728385e-01 6.00403547e-02 -4.09667790e-01
    -2.72925049e-01 -2.27386266e-01 -5.40802360e-01 1.35104120e-01
    -1.40093625e-01 -5.08198738e-01 -4.40921575e-01 -8.05531740e-02
    -4.50931907e-01 2.35623300e-01 -3.06602716e-01 -2.98148751e-01
    1.87134743e-03 -5.92237711e-03 -2.80982256e-02 1.00850046e-01
    -1.19506001e-01 -3.59662652e-01 -6.16318107e-01 -7.22797632e-01
    1.86398625e-01 -5.28142035e-01 -2.99646437e-01 9.53953266e-02
    1.52980089e-01 -7.60272741e-02 7.66015053e-03 2.93554127e-01
    -1.24383092e-01 -8.10497403e-01 2.54554451e-01 -4.98278141e-01
    -2.69979239e-01 3.22415829e-02 -8.67312551e-02 -4.33275759e-01
    -1.36130095e-01 4.99919653e-02 -2.56112218e-01 -3.51219594e-01
    1.14738941e-01 2.15633094e-01 -3.94887894e-01 -7.64371395e-01
    -2.54717469e-02 -2.52740860e-01 1.91464007e-01 -4.85344201e-01
    8.99198651e-02 -4.18974519e-01 -4.58178520e-02 -1.49288237e-01
    -1.60092115e-03 -4.79009897e-01 -6.81686640e-01 -7.92273879e-02
    -2.00505465e-01 -5.41885972e-01 1.63793981e-01 1.85736597e-01
    -5.05431056e-01 -3.49553883e-01 -5.10516465e-01 -1.45464957e-01
    -3.74083757e-01 -4.29921240e-01 -3.02393943e-01 2.05712378e-01
    -7.57154226e-02 -2.89115578e-01 -4.96002078e-01 2.00438499e-01
    -7.30698705e-02 -3.64104092e-01 -4.79811102e-01 3.55353177e-01
    -6.83756351e-01 -5.84665418e-01 -6.70898557e-02 -5.43422699e-01
    -1.22930348e-01 -5.77346802e-01 1.98049784e-01 -5.36238968e-01
    -5.72515845e-01 -5.91752410e-01 -4.18919712e-01 2.52660632e-01
    -4.48056400e-01 -1.69867098e-01 -5.01562476e-01 8.04607272e-02
    7.60295391e-02 -5.60103536e-01 -3.30470264e-01 2.60353088e-02
    -3.68743956e-01 1.57435596e-01 7.63166547e-02 -5.32657504e-02
    -8.16817284e-02 -2.08723187e-01 -1.47448182e-02 1.45603418e-01
    1.29587412e-01 -6.54128432e-01 2.25287914e-01 -2.75216430e-01
    2.03195989e-01 -6.72720313e-01 -6.80113554e-01 -1.49499416e-01
    -1.16339207e-01 -3.90017033e-02 -3.23803693e-01 -6.16948485e-01
    -2.74744868e-01 -2.24764347e-01 -5.44300973e-01 1.61738992e-02
    -1.93541050e-01 -3.06095153e-01 -3.73694956e-01 -5.40424347e-01
    -2.82775968e-01 -5.99346876e-01 -1.51982844e-01 2.61856437e-01
    -5.35114825e-01 -5.35798311e-01 -5.37843585e-01 -1.30657524e-01
    -4.57409322e-01 2.10288048e-01 -2.14693874e-01 1.81897521e-01
    2.21628547e-02 -1.74121261e-02 -7.21769929e-01 1.54446900e-01
    -6.05543554e-01 -5.96600056e-01 -5.51914573e-02 1.72891080e-01
    1.28072023e-01 -7.95296073e-01 -8.68871212e-02 -1.81868672e-01
    2.99648643e-02 -1.26443684e-01 -2.40953684e-01 -3.48495364e-01
    1.99555218e-01 -6.48604989e-01 5.45490980e-02 -6.02068782e-01
    -1.05610430e-01 -1.81929886e-01 2.03685701e-01 -4.31033909e-01
    -2.57082611e-01 -5.52761197e-01 1.10748529e-01 5.10553122e-02
    -6.88996315e-01 -6.38892353e-01 -1.67160034e-01 -4.19702530e-01
    8.90737772e-02 -1.76264346e-01 -1.35436714e-01 -3.66663575e-01
    -2.02308059e-01 -4.09015000e-01 3.08327854e-01 -9.60331559e-02
    1.39310360e-02 -6.26858950e-01 1.88610196e-01 -3.90332282e-01
    -9.21205878e-02 -4.30949926e-02 -6.58472896e-01 -7.13413954e-02
    -3.02779883e-01 -4.25076038e-01 -1.40941739e-01 -2.24524915e-01
    -8.54833722e-02 -1.83775485e-01 4.51035500e-02 -4.20795053e-01
    -3.34859520e-01 -4.34134781e-01 -3.09337407e-01 2.53441095e-01
    -4.59561765e-01 1.11637533e-01 1.15417659e-01 -4.91609752e-01
    1.78608477e-01 2.68555403e-01 -6.39132440e-01 -2.37571269e-01
    -1.68393135e-01 1.32979572e-01 -4.08918142e-01 4.02607322e-02
    -3.91326904e-01 5.23096323e-03 -4.94565576e-01 -1.79182410e-01
    3.32744300e-01 2.55248308e-01 -5.96644282e-01 2.57075906e-01
    -1.28701925e-02 2.07136035e-01 -5.75088918e-01 -1.60711139e-01
    -3.99946094e-01 -4.12892163e-01 -3.87023985e-01 -4.53636438e-01
    -5.20651937e-01 6.43697977e-02 -4.11753625e-01 -2.30043918e-01
    2.68202662e-01 -5.53997040e-01 -6.03133023e-01 -5.19303679e-01
    2.27671623e-01 -8.22547078e-02 1.95721924e-01 1.01849616e-01
    -2.19680071e-01 -7.48723626e-01 -3.10378462e-01 -2.49034107e-01
    -1.73054874e-01 -7.38272071e-02 -2.86087394e-02 -2.97327816e-01
    1.04779482e-01 -3.34138691e-01 2.98651516e-01 4.02704477e-02
    -1.39901161e-01 -4.73302931e-01 1.27415895e-01 -7.44109988e-01
    -6.68473840e-01 -1.59610212e-01 -1.18560076e-01 -2.55899042e-01
    5.40357232e-02 6.93709254e-02 -2.48414159e-01 2.33814955e-01
    -5.27389348e-01 1.90164030e-01 -4.05584455e-01 1.63593888e-01
    1.55780554e-01 -6.02285802e-01 -1.27728283e-01 -3.37930053e-01
    2.59572268e-02 -5.69604516e-01 -2.74445713e-01 -2.92109013e-01
    -6.99401975e-01 8.14933777e-02 -2.98131883e-01 -7.39818811e-03
    -4.28098559e-01 -2.63854265e-02 -2.11305797e-01 -1.36821270e-02
    1.00436747e-01 -8.45312357e-01 -5.77158809e-01 1.95885301e-01
    -6.60590529e-02 -3.15533042e-01 -2.26253033e-01 -5.14943242e-01
    -7.13650346e-01 -5.25958180e-01 -2.97475278e-01 -5.10118663e-01
    1.20942652e-01 -1.45665884e-01 -9.02596712e-02 -5.75703204e-01
    -2.29728311e-01 1.17528558e-01 -5.27235270e-02 -1.38523400e-01
    -5.01846671e-02 -1.44004881e-01 -7.10261881e-01 -2.55520523e-01
    -6.89483762e-01 -1.71771586e-01 7.09645748e-02 -4.77678329e-01
    1.23409033e-01 1.36484265e-01 -7.02301562e-01 -6.02101803e-01
    -3.71842146e-01 -1.06331825e-01 -4.85455722e-01 -2.53885180e-01
    8.61155391e-02 2.34305263e-02 -4.46036249e-01 2.60288835e-01
    -5.38858771e-01 -3.14338863e-01 -1.50498390e-01 -4.81062472e-01
    -5.77387571e-01 -1.05119348e-02 1.41537428e-01 -2.13231325e-01
    -3.57191294e-01 -6.25307441e-01 -1.16112173e-01 -2.45192915e-01
    -1.36405408e-01 -7.29615092e-01 -5.72893620e-02 -2.23865449e-01
    1.99595869e-01 -4.76342946e-01 -2.09603757e-01 -4.27612931e-01
    -8.95863771e-02 -3.84052396e-01 -4.18658882e-01 -2.40261316e-01
    3.16574037e-01 1.64405704e-01 -1.70628488e-01 -3.91274273e-01
    -1.11894727e-01 -5.26818633e-02 -4.33758497e-02 -3.18715930e-01
    2.60785222e-01 -4.81766880e-01 -5.86955667e-01 -4.12110627e-01
    -8.60908628e-02 1.54284239e-01 -4.63021815e-01 -9.40857530e-02
    -8.75756860e-01 -3.49213392e-01 -3.42137814e-02 7.97786713e-02
    -2.74066478e-01 -5.34079075e-02 -3.80758345e-01 -1.61565006e-01
    1.27396524e-01 -4.46677119e-01 -3.64967287e-01 2.98758149e-02
    -1.99603856e-01 -2.16095984e-01 -1.95998609e-01 -5.71866512e-01
    -2.57668883e-01 -4.18138921e-01 -5.86791515e-01 1.52124345e-01
    -2.51156360e-01 -4.40267324e-02 -1.24870241e-01 -8.79347324e-03
    -4.06312674e-01 -2.10906178e-01 -1.12301677e-01 -3.99682134e-01
    -2.16020823e-01 -5.63261271e-01 2.03734517e-01 -5.50067067e-01
    -2.18700141e-01 -7.06226587e-01 6.87277913e-02 1.68400407e-02
    -7.35950947e-01 -7.24428773e-01 -2.88984537e-01 -6.65596128e-02
    -2.14692175e-01 -4.62281972e-01 -5.66872358e-02 1.05132997e-01
    -4.91256595e-01 7.50346184e-02 -7.76358724e-01 7.95661211e-02
    -3.04795474e-01 -6.38231158e-01 -3.95458430e-01 -2.28026032e-01
    -6.28699183e-01 -7.00338364e-01 -2.40686238e-01 2.40304828e-01
    -6.55161619e-01 -3.46930921e-01 -5.14746010e-01 -5.28780222e-01
    -7.52363980e-01 3.64969373e-02 4.59530354e-02 1.22221053e-01
    -6.97017372e-01 -5.27056515e-01 -7.70041943e-02 1.32792175e-01
    -4.90105122e-01 -1.56092107e-01 -6.56208038e-01 1.00933254e-01
    -5.78817725e-01 -7.04094768e-02 -1.15269959e-01 7.40870833e-02
    -1.02674305e-01 -5.38674712e-01 -2.68341303e-01 1.91527665e-01
    1.37053311e-01 -6.65578365e-01 5.33255935e-02 -3.65870297e-01
    -7.47441292e-01 1.43194675e-01 -5.31243086e-02 2.27064312e-01
    -1.68904573e-01 -1.26017928e-02 -2.60017782e-01 -4.20527220e-01
    -5.69700837e-01 7.74243474e-02 -6.89084649e-01 -6.29494548e-01
    -3.93951982e-01 2.26291418e-02 -5.50200582e-01 -3.08032542e-01
    -2.18881279e-01 -4.28006828e-01 -9.55148339e-02 -5.30989289e-01
    -1.76562130e-01 1.18667662e-01 -2.29406834e-01 -7.03021646e-01
    -8.09389949e-02 -3.71414363e-01 -6.72165096e-01 2.34739959e-01
    -5.34072936e-01 -5.54842055e-01 3.43924224e-01 -4.40006584e-01
    -4.21589434e-01 -3.64916325e-01 -1.45057529e-01 2.46180058e-01
    1.86778486e-01 1.77118361e-01 -8.87249708e-02 -6.48942232e-01
    -7.36616254e-02 -5.19264817e-01 -5.42311668e-02 8.15693736e-02
    8.65079165e-02 -6.77483916e-01 -7.54119635e-01 -2.69986629e-01
    1.31291628e-01 -6.96742237e-01 -4.97411042e-01 -6.43982768e-01
    2.09100366e-01 -4.78545427e-01 -7.27146745e-01 -3.02318871e-01
    -8.43599439e-02 -6.80831790e-01 -3.95883322e-01 -2.43221700e-01
    -6.56245232e-01 1.00406170e-01 9.53636765e-02 -1.55222714e-01
    -3.13699216e-01 -4.62378174e-01 -2.66235828e-01 -8.89952779e-02
    1.59731507e-02 -1.77812457e-01 -1.81203663e-01 -6.52888417e-02
    1.55287087e-01 -6.94383383e-01 -4.57971275e-01 -2.03298986e-01
    -3.66451323e-01 2.86583722e-01 -6.36488557e-01 -7.65791178e-01
    -3.49101216e-01 -1.36071563e-01 -4.76391912e-01 6.24896288e-02
    -4.85593498e-01 -1.61454797e-01 -4.37939167e-03 -6.79135323e-03
    -3.40791345e-02 -4.84848142e-01 -3.04387867e-01 -7.11223483e-02
    -6.58033490e-01 -5.07755518e-01 -3.20444584e-01 -2.26397038e-01
    -7.73352444e-01 -2.62266576e-01 6.25310540e-02 1.20367289e-01
    -5.32914400e-02 -3.46442342e-01 -6.51906490e-01 1.23876274e-01
    2.03207254e-01 -3.71536911e-01 -8.24764371e-02 -4.19780016e-02
    -1.32700801e-01 -1.64206028e-02 -6.42291605e-01 -3.16913128e-02
    -7.21128881e-01 -1.23858094e-01 2.01001763e-02 -2.23867118e-01
    -6.06003046e-01 1.72911048e-01 -3.01976353e-01 -4.82279330e-01
    7.40070939e-02 9.08489823e-02 3.79379988e-02 -5.05979061e-01
    3.40793848e-01 -3.56641591e-01 -3.34046960e-01 -5.55634439e-01
    -4.34415072e-01 -2.29856789e-01 -2.79503286e-01 -4.35827017e-01
    -3.97338510e-01 -4.14207160e-01 2.77300477e-01 -5.62798500e-01
    -1.21165633e-01 -4.26355302e-01 1.77615285e-01 -4.92535859e-01
    1.73693657e-01 -4.45436120e-01 2.75915861e-03 -5.96112251e-01
    -1.24915600e-01 -2.50600517e-01 8.14391375e-02 -3.69962394e-01
    -6.16083026e-01 -1.96605146e-01 2.06673145e-03 -3.30010563e-01
    -2.88303792e-01 2.64541686e-01 -2.54918218e-01 -6.95794404e-01
    2.57976651e-02 -3.55591506e-01 9.80688334e-02 -2.83349872e-01
    -2.59741902e-01 -3.84455323e-02 -5.53179979e-02 3.70225608e-01
    -4.40752923e-01 -4.52985674e-01 -8.57498050e-02 -4.07138526e-01
    -7.49150634e-01 4.60185409e-02 -2.63549626e-01 -2.43559182e-01
    -3.05705488e-01 -1.33775473e-01 -1.99199378e-01 -4.16157424e-01
    -4.95633781e-01 2.91563630e-01 -2.73621678e-01 -2.94258744e-01
    -5.92051983e-01 -9.52110887e-02 1.93781555e-01 1.61836982e-01
    -5.76373935e-01 1.60336614e-01 1.26644671e-01 -2.72381067e-01
    -1.50252581e-01 -3.55721712e-02 -2.03748345e-02 7.13319182e-02
    -3.48180771e-01 -6.60161793e-01 -3.02761793e-03 -4.48613763e-02
    -6.06407523e-01 -6.50973320e-02 -2.38457710e-01 -4.35625970e-01
    -5.04166722e-01 1.51406765e-01 -4.72669244e-01 -5.68998218e-01
    1.42922401e-02 -6.16052389e-01 6.50346279e-02 2.17049003e-01
    -3.22126210e-01 -7.36798644e-02 -1.58199489e-01 1.20248795e-02
    -1.07564330e-01 -6.89864635e-01 -6.69491291e-02 2.65221715e-01
    -1.07562542e-01 -1.42792165e-01 -3.00088137e-01 3.65546942e-02
    -1.67442769e-01 -1.35194063e-01 -4.18163329e-01 2.46061265e-01
    5.67334890e-03 -2.54504681e-01 -1.36107624e-01 -2.45737374e-01
    -3.88309091e-01 -4.70536232e-01 -5.54759979e-01 3.60871911e-01
    9.00066495e-02 -1.28946245e-01 4.94042635e-02 -3.45787227e-01
    -4.82492328e-01 -1.58691585e-01 -5.19081116e-01 4.80791926e-02
    -5.44427216e-01 -6.76774979e-01 8.82549882e-02 -2.57860422e-02
    -8.21630716e-01 -2.36214101e-01 -3.33271831e-01 -1.90432191e-01
    -4.46715951e-01 -3.99570763e-01 -1.35727882e-01 -2.75815666e-01
    -1.14887893e-01 -3.13408732e-01 -6.42085195e-01 2.13721395e-01
    1.67046666e-01 -3.12723041e-01 1.81064844e-01 -2.59595692e-01
    -5.87837219e-01 -2.52101183e-01 -2.43121505e-01 -1.23245180e-01
    1.88288689e-01 -5.54191232e-01 2.49410689e-01 -5.31826615e-01
    -6.01958811e-01 1.23060346e-01 6.77040815e-02 -5.53411484e-01
    3.70905936e-01 -4.86218572e-01 -2.97552943e-02 -9.82350111e-03
    -3.04944068e-01 -6.36280179e-01 -5.49817681e-02 -2.44887829e-01
    8.42002034e-02 -5.35330176e-01 -3.58996093e-01 -2.38811970e-02
    -2.24554896e-01 -7.31697679e-01 -9.40096378e-03 -1.48525357e-01
    -2.98187286e-01 -1.26818717e-01 -1.18084162e-01 -4.78116542e-01
    -4.28053439e-01 -1.95182323e-01 1.84297681e-01 -3.74657035e-01
    -5.42782307e-01 -3.72803986e-01 -3.84277284e-01 2.56680846e-02
    -2.87104785e-01 -7.53441572e-01 -7.60466158e-01 1.88855648e-01
    1.14508986e-01 -2.56672353e-01 1.40257478e-02 -1.84358418e-01
    4.94213104e-02 1.17747605e-01 -5.06106138e-01 6.72426224e-02
    -6.83492184e-01 5.28346300e-02 -7.06408918e-01 -5.22539735e-01
    -9.56956148e-02 -3.89860690e-01 -1.84552729e-01 -1.36084437e-01
    -4.25616831e-01 3.26204896e-01 -2.56692767e-01 -6.44152284e-01
    -6.08803034e-01 -1.23096466e-01 -2.65405446e-01 5.84023595e-02
    -1.84965074e-01 -8.96001458e-02 -3.66586208e-01 -3.71546745e-01
    -6.19552433e-01 1.96668327e-01 5.11496067e-02 -6.10431015e-01
    2.65850008e-01 -3.25930357e-01 -3.77428532e-02 -1.79353952e-02
    -9.11146402e-02 -4.16305393e-01 -4.09769326e-01 -5.85594535e-01
    -7.45862722e-03 -4.90723401e-01 -3.23274016e-01 -2.61850357e-02
    1.03112400e-01 -2.99587250e-02 -5.64675093e-01 -3.43183339e-01
    8.79776478e-02 -4.35040444e-01 -9.60400105e-02 1.00966692e-01
    -1.99900448e-01 -1.49637222e-01 1.32250190e-01 -1.25579238e-02
    -3.12876284e-01 -3.33618701e-01 -6.38702452e-01 -5.42931020e-01
    1.11891687e-01 -4.06629592e-01 -1.53176129e-01 2.69073248e-02
    -7.41764307e-02 9.59925652e-02 -3.69255036e-01 -7.42800236e-02
    -3.84331822e-01 1.23760104e-01 -4.49844599e-01 -2.88311243e-01
    -5.84558785e-01 4.24104333e-02 1.35827065e-03 8.00942779e-02
    2.73649156e-01 -4.74245548e-01 -4.51284051e-01 2.52956808e-01
    8.69047642e-03 -3.32320750e-01 -2.26379335e-01 -3.96646261e-01
    -1.63504601e-01 5.18987179e-02 1.06582880e-01 -8.46287608e-02
    -2.78306186e-01 -6.28841996e-01 -4.49726164e-01 -2.10881233e-03
    -2.59184837e-02 -7.41654038e-02 -4.61855650e-01 -4.06600833e-02
    7.28520751e-02 -1.81939542e-01 1.39183164e-01 -4.80683655e-01
    1.25242949e-01 5.01292944e-03 -1.05056524e-01 -6.00254297e-01
    -1.91366076e-01 1.31766081e-01 -3.50067765e-01 -4.98969346e-01
    -5.73239803e-01 -2.94355750e-02 -5.55541396e-01 -6.15907252e-01
    -2.44258642e-02 -6.29940391e-01 -2.94564188e-01 -5.98896623e-01
    -5.94780684e-01 -3.99129719e-01 3.80047083e-01 -5.78557134e-01
    -2.73545384e-02 -4.27479923e-01 4.47778702e-02 9.24538374e-02
    -9.41087604e-02 -6.52327061e-01 3.84450734e-01 -4.90493923e-01
    -1.56562150e-01 -2.33401656e-01 -4.63487476e-01 -2.26441622e-02
    -4.78985310e-01 -6.22796893e-01 -9.29921865e-02 -6.14481091e-01
    -1.31980598e-01 -3.72575849e-01 -2.11945891e-01 -7.28076577e-01
    -6.31120920e-01 5.93444109e-02 -2.52498984e-02 -1.96004033e-01
    -1.52769864e-01 -6.98373795e-01 -4.59562600e-01 3.04474294e-01
    -6.22060955e-01 1.43910706e-01 -5.04323125e-01 2.71442652e-01
    -2.04727709e-01 -2.68139094e-01 -3.64888757e-01 -1.34954035e-01
    -7.13266671e-01 -2.01482773e-02 -1.96080208e-01 -1.48160756e-01
    1.47572696e-01 -3.94086242e-02 -5.32171130e-02 -2.05570817e-01
    -2.44182885e-01 -3.82512569e-01 -5.31034231e-01 -4.69699979e-01
    -4.50271308e-01 -3.03783476e-01 1.01654291e-01 1.18799508e-01
    -5.52018523e-01 -2.80888528e-01 -3.72535080e-01 2.97917485e-01
    -2.13108599e-01 -7.54845977e-01 1.02423728e-01 -1.16446435e-01
    6.39270544e-02 -5.38373470e-01 2.00445175e-01 -3.07136536e-01
    -1.20167434e-01 -5.48415184e-01 1.62710547e-02 -1.32585585e-01
    2.15769351e-01 -4.22743678e-01 -4.24087942e-01 3.60317230e-02
    -3.88423085e-01 5.96577525e-02 -4.02234524e-01 -1.04477346e-01
    8.64609480e-02 -6.41767263e-01 7.15232491e-02 -4.83974665e-01
    -1.09527111e-01 -5.61340034e-01 -2.94362307e-02 -7.50303268e-04
    9.15214419e-02 -3.37155044e-01 1.12657249e-01 -8.48690867e-02
    -5.57281613e-01 -3.38832796e-01 -2.40857631e-01 -6.88535869e-01
    -3.28197181e-01 -3.22518855e-01 -6.86730981e-01 -6.24967813e-02
    1.06160879e-01 -5.21104574e-01 -2.72064418e-01 -2.39620328e-01
    1.65501952e-01 -1.30237341e-02 -1.58912897e-01 -3.38833153e-01
    -5.97548366e-01 -4.11577731e-01 -2.22602844e-01 1.73439384e-01
    1.47695184e-01 -3.23235303e-01 1.99510574e-01 -1.21166289e-01
    -4.70560461e-01 4.00052667e-02 -2.63566375e-02 -5.89306355e-02
    -5.02446532e-01 -3.57249856e-01 -3.06270182e-01 2.32128382e-01
    -1.04648530e-01 -2.94611335e-01 -3.58881384e-01 1.89493358e-01
    -3.30374509e-01 -4.42600191e-01 -2.06445336e-01 2.68984914e-01
    1.21803701e-01 -1.47230387e-01 -6.33015156e-01 7.82543421e-02
    -3.07120860e-01 1.85227692e-01 1.77097261e-01 -1.65704608e-01
    4.81845140e-02 -1.40117228e-01 -7.79572606e-01 5.11741042e-02
    -6.70351744e-01 -2.93463588e-01 1.96124375e-01 -4.97207344e-01
    -4.74869609e-02 9.24618840e-02 -1.71119720e-01 8.50379467e-03
    -2.08144009e-01 -1.72868133e-01 -9.24140215e-02 3.47580910e-02
    -7.59422064e-01 2.38324344e-01 -3.69359732e-01 -5.67300677e-01
    6.22969866e-02 -5.88772774e-01 -3.60050559e-01 -5.46039462e-01
    -5.82497895e-01 -3.98065448e-02 2.17812479e-01 -2.92731762e-01
    -7.66516924e-02 -3.08760405e-01 -3.92318845e-01 -5.95754981e-02
    3.01703572e-01 -1.34333968e-02 -6.99094176e-01 -6.38081431e-02
    -2.49174744e-01 2.17291713e-02 -6.27424836e-01 -4.24890041e-01
    1.82729363e-01 -6.69958949e-01 -3.78484517e-01 1.97211981e-01
    3.13710570e-02 -5.61380267e-01 -3.61696005e-01 2.62376010e-01
    8.99317861e-02 -6.54283047e-01 -2.94794798e-01 1.19123220e-01
    -2.99618900e-01 -6.70742750e-01 -4.69227850e-01 -6.04695082e-03
    -2.86255360e-01 -6.63447738e-01 1.07862532e-01 -1.27945125e-01
    -3.76210451e-01 -6.73427343e-01 -6.55307770e-01 1.31254196e-02
    1.33514702e-01 -4.25688893e-01 -2.57269502e-01 -3.16491276e-01
    -1.55421138e-01 1.32977426e-01 -8.15801620e-02 -1.78011358e-01
    -3.83976698e-02 -2.13643521e-01 -5.06126285e-01 9.10722017e-02
    -4.36963052e-01 -7.14212298e-01 -1.61891043e-01 -4.24686283e-01
    1.25652552e-01 -5.18951297e-01 2.35815048e-01 2.83858120e-01
    -4.51668084e-01 -2.62665689e-01 -4.24130321e-01 1.48419321e-01
    -7.26098418e-02 -1.66841090e-01 -3.44199985e-01 -5.65732777e-01
    -3.19994628e-01 -5.75600207e-01 -2.81864285e-01 -2.84874678e-01
    2.55480409e-02 4.00713086e-02 -2.69801915e-01 -8.20482969e-02
    -2.02872157e-02 -3.79566908e-01 -5.45562565e-01 7.48913884e-02
    -1.06874526e-01 -4.21213895e-01 -1.04777992e-01 1.08126283e-01
    -2.69105315e-01 -3.52019429e-01 5.20938635e-02 -5.36222696e-01
    3.05014729e-01 -5.77245057e-01 -1.47972703e-02 -1.31735623e-01
    -8.25790167e-02 2.45040298e-01 -3.99366587e-01 1.61441028e-01
    5.28261065e-02 -1.52261257e-01 -4.59760129e-01 -1.62738383e-01
    -2.05516517e-01 -6.62804902e-01 -4.12995845e-01 -3.38420510e-01
    -6.89895749e-02 -2.00159013e-01 -4.14839208e-01 1.06738806e-02
    3.01142693e-01 1.49444878e-01 -5.31550348e-01 -1.34199142e-01
    -4.57394987e-01 1.21975183e-01 5.27936220e-02 -1.06709421e-01
    -3.31629336e-01 -4.79139358e-01 1.24967575e-01 -6.96817636e-01
    -9.77724791e-03 -1.18829370e-01 -7.54677057e-02 -2.50257492e-01
    -1.64782465e-01 1.19182885e-01 8.75128508e-02 2.82464802e-01
    -4.95043993e-02 -3.49344134e-01 1.44858658e-01 2.18252361e-01
    2.30508089e-01 -1.79912388e-01 -2.47743726e-02 -4.22632515e-01
    -5.12051463e-01 -1.31288767e-02 -8.05032253e-01 -3.58566433e-01
    1.16168380e-01 -7.97961950e-02 -5.19984007e-01 3.40819359e-02
    -3.52572203e-01 -1.69193178e-01 -6.14391565e-01 -5.66766262e-02
    -4.94122475e-01 -4.31017339e-01 1.62672281e-01 9.63157415e-03
    -5.58540702e-01 7.95117617e-02 2.07102418e-01 1.63702726e-01
    1.12887621e-01 -2.15199649e-01 -2.91466445e-01 4.47589159e-03
    -7.51944244e-01 -1.15542829e-01 2.40264535e-01 -7.02100039e-01
    9.34988856e-02 -9.45392251e-02 -3.82529378e-01 3.84300351e-02
    -3.68518233e-01 1.04893863e-01 1.22322679e-01 -2.89316058e-01
    7.47150183e-03 1.05162263e-02 -2.73228884e-02 2.10322976e-01
    -2.11966872e-01 -3.46130133e-01 -2.06478477e-01 -2.77156621e-01
    -4.76405561e-01 -2.99952626e-02 -7.16884255e-01 -2.43640929e-01
    -5.48136830e-01 8.91787410e-02 -9.42440629e-02 2.95850933e-01
    -4.15484309e-01 7.16636181e-02 8.58293176e-02 1.57590687e-01
    -5.00332594e-01 2.28233635e-01 -4.03066278e-01 -3.12889099e-01
    5.85162044e-02 -3.57087255e-02 -1.40728831e-01 1.88955784e-01
    -1.77726328e-01 -5.57223678e-01 -4.66232687e-01 8.80454183e-02
    9.13059711e-02 -5.43710947e-01 -3.96847606e-01 9.35093164e-02
    1.44752860e-01 -1.89670563e-01 -4.89802957e-02 -3.56873512e-01
    2.15963960e-01 2.14304447e-01 -4.36777413e-01 -2.07801223e-01
    -4.28231478e-01 -3.26951832e-01 -5.86836636e-01 -4.44742441e-02
    -2.91333199e-01 -5.15977144e-01 -4.57069755e-01 -5.77443123e-01
    1.82338297e-01 -1.40291929e-01 -6.67450905e-01 6.27763271e-02
    1.57628894e-01 -7.67400026e-01 -4.22453463e-01 -4.86888289e-02
    -5.10008037e-01 -7.20241249e-01 1.26319170e-01 -7.42678285e-01
    1.24326289e-01 -7.47250319e-01 1.94021821e-01 3.45561504e-02
    -2.11685359e-01 -3.13251197e-01 -3.50785553e-01 -5.30179143e-02
    -8.78911018e-02 -4.16420996e-01 -7.70421624e-02 -2.00858116e-02
    9.45132971e-03 -6.44724071e-01 -2.39023894e-01 -7.43293762e-03
    4.48533893e-02 9.39978957e-02 -5.62690318e-01 -4.24992800e-01
    -1.76862836e-01 -5.38663387e-01 9.19250250e-02 8.06194544e-03
    -6.81724370e-01 -1.40748918e-01 -6.34952307e-01 -4.46921587e-01
    -2.34004796e-01 -2.14068234e-01 -4.34364021e-01 -2.99858063e-01
    -4.06979591e-01 -5.32852829e-01 1.06377542e-01 -2.23532915e-01
    2.60014415e-01 2.82099843e-02 -6.46485448e-01 2.02141404e-02
    -1.06544733e-01 -5.17085195e-01 -2.72333980e-01 -3.06778312e-01
    -4.68546033e-01 -1.81589305e-01 1.10789418e-01 -7.16469288e-02
    -6.23845458e-02 1.23795867e-02 -6.13597393e-01 -7.16513813e-01
    -6.32026553e-01 2.67704427e-01 -3.54615092e-01 -4.06229496e-02
    -5.54446757e-01 -2.42507935e-01 -3.96245539e-01 -6.44339919e-01
    -6.53272271e-01 7.42526650e-02 2.32512355e-01 -4.91951168e-01
    -6.78572059e-02 -3.72638911e-01 -4.28562403e-01 -1.56407654e-01
    -3.17087322e-01 -7.03830123e-02 -2.97124624e-01 -3.32109869e-01
    -4.40232635e-01 8.24702978e-02 8.89655352e-02 -3.49068046e-01
    1.01509631e-01 -6.47111475e-01 -4.30511951e-01 1.30922675e-01
    8.33630562e-04 7.62512088e-02 -6.07422769e-01 1.07214153e-01
    -1.94432914e-01 -4.89113539e-01 -1.79913104e-01 4.38579917e-01
    -6.12614036e-01 -1.62879944e-01 -5.54761291e-01 1.16997063e-01
    -3.27374995e-01 -4.37572122e-01 -4.10921633e-01 -5.28742671e-01
    -5.48393726e-01 -4.44858134e-01 1.85631394e-01 1.93412423e-01
    1.49753332e-01 1.19162321e-01 -2.91262746e-01 -4.44620490e-01
    1.01444185e-01 7.01436996e-02 -6.27541542e-03 -3.30799669e-01
    -1.14060342e-01 -5.43212414e-01 -3.05066347e-01 1.77603900e-01
    1.56863868e-01 -5.09857416e-01 -3.77588689e-01 -1.36690855e-01
    -1.24228001e-03 -6.96627736e-01 -1.89079881e-01 7.70556331e-02
    -3.47174942e-01 -1.63578987e-03 -3.71832222e-01 -4.20093715e-01
    -3.73378336e-01 -1.75859272e-01 -5.51521182e-01 1.27494454e-01
    -5.77941597e-01 -2.69345522e-01 -5.53450346e-01 -2.74158657e-01
    5.38228750e-02 -6.45003796e-01 -3.20405364e-02 6.89214468e-03
    -1.29025638e-01 -1.42264426e-01 1.93666816e-01 -3.41596544e-01
    -2.79423714e-01 1.69223666e-01 -2.71671176e-01 -5.47712564e-01
    -4.85103726e-02 -6.84963286e-01 3.17211866e-01 -2.99558789e-01
    -5.99767685e-01 5.49276471e-02 -2.63428986e-01 -2.48423457e-01
    -4.28291619e-01 -8.49674344e-02 -7.28276491e-01 -3.30127388e-01
    -2.36718655e-02 -4.64278758e-01 -7.01629400e-01 1.62907600e-01
    1.37649000e-01 -5.79108596e-01 -5.03139257e-01 -7.26467669e-02
    -5.58262467e-02 -5.93222916e-01 3.06592226e-01 -4.15382266e-01
    1.94739521e-01 -4.91723508e-01 -5.39121509e-01 -4.87457544e-01
    -3.63792121e-01 -6.49135709e-01 -2.19887257e-01 -4.62690443e-01
    -2.96910048e-01 -2.92984694e-01 -4.18770522e-01 1.78634107e-01
    -6.21024013e-01 2.72053182e-01 -3.15658092e-01 -6.76042199e-01
    -5.78591406e-01 1.75141990e-01 -9.78392363e-03 -2.76692480e-01
    -2.38217860e-01 -3.94465685e-01 -1.12079561e-01 -6.72870040e-01
    -2.55033731e-01 -7.90251315e-01 -5.83431184e-01 -5.95164061e-01
    1.42126739e-01 -6.05268121e-01 -2.11695910e-01 1.04733765e-01
    -2.62797117e-01 -6.84379697e-01 1.78376853e-01 1.45879865e-01
    -3.93936843e-01 -3.54404867e-01 -4.71751630e-01 -2.32843399e-01
    3.56845319e-01 5.79758286e-02 4.87254858e-02 -4.91775393e-01
    8.28024149e-02 -1.52736306e-02 -5.46313882e-01 -6.15890145e-01
    -3.83607328e-01 -3.45292211e-01 -1.37754440e-01 -4.61104512e-01
    -1.15620494e-02 -3.23728800e-01 3.59323144e-01 -5.10952771e-01
    -5.37173688e-01 -5.90503931e-01 -6.07403040e-01 -3.12096030e-01
    -2.88933724e-01 -4.32916105e-01 -5.50961971e-01 -3.60993892e-01
    -4.22412008e-01 -1.11902952e-02 -3.53912383e-01 -4.85169888e-02
    -6.24441087e-01 2.73139060e-01 2.07035720e-01 -2.44871229e-01
    -3.09765011e-01 2.09909081e-01 -3.43427658e-02 -4.20639217e-01
    -2.35118836e-01 -1.65548921e-02 -5.16935885e-01 -7.56890178e-02
    6.45672083e-02 -4.91082668e-01 -5.68926096e-01 7.30812550e-03
    -3.77009690e-01 1.31174386e-01 1.62339509e-01 1.34547353e-02
    -2.66187966e-01 -3.63061070e-01 -4.82212007e-01 -2.37492561e-01
    -2.13043869e-01 -4.14742053e-01 1.33487940e-01 -1.75420046e-01
    -6.42576575e-01 -3.42205167e-02 -6.66200519e-02 -6.64375424e-02
    -3.41917157e-01 3.67525816e-02 -2.49937892e-01 -5.66929698e-01
    -2.14389622e-01 2.80112147e-01 -4.02319372e-01 1.70015216e-01
    -1.77343786e-01 -3.64338100e-01 -1.37501240e-01 -3.07589412e-01
    9.59014893e-03 -4.95811701e-01 -2.49552637e-01 6.23362064e-02
    -6.19493723e-02 -1.71978414e-01 1.57844484e-01 -6.28467619e-01
    1.64640725e-01 3.13884079e-01 -7.18068719e-01 -1.71860218e-01
    -1.48815393e-01 -3.53636712e-01 -5.39702475e-01 -2.80151039e-01
    -2.86345303e-01 -1.13936245e-01 -5.78409910e-01 -6.46938801e-01
    2.38444507e-01 -3.67000252e-01 -4.21929210e-01 -3.81790161e-01
    -4.68639910e-01 1.03333175e-01 2.05431402e-01 -2.72234857e-01
    -3.90022576e-01 1.48336351e-01 -2.87525058e-01 7.42423534e-02
    2.34281898e-01 1.61785483e-01 -9.43357348e-02 -5.26549995e-01
    8.12773705e-02 -4.56507504e-01 -2.76363611e-01 -5.33517003e-01
    1.38949037e-01 -1.98058337e-01 -3.50859880e-01 -2.68661380e-01
    -4.78416950e-01 -2.13880718e-01 -5.59937358e-01 2.18345523e-01
    -8.35885406e-02 -5.50806522e-04 -1.81618810e-01 2.33356655e-01
    9.14070010e-02 -5.42290092e-01 5.69573045e-02 -4.05947685e-01
    -6.25371099e-01 -3.58790100e-01 -1.20348930e-01 1.68597996e-01
    -4.25934792e-04 -6.85350895e-01 2.37856925e-01 -5.26239872e-02
    3.41950178e-01 -4.02005285e-01 8.22831988e-02 -1.71125352e-01
    -2.84842491e-01 1.06500030e-01 -4.87471998e-01 3.95696759e-02
    2.04180181e-01 -4.23866451e-01 -5.62393188e-01 -1.48876488e-01
    -5.49589932e-01 -1.89895570e-01 1.27475858e-01 -2.48746455e-01
    -4.23370123e-01 -3.16900611e-02 2.32892632e-02 -3.46700191e-01
    -3.81478101e-01 -2.82381922e-01 -4.49198961e-01 1.03778839e-01
    -6.41633570e-01 -7.58288622e-01 -8.26697946e-02 1.06610060e-02
    -5.64006627e-01 -6.32947445e-01 -3.13816190e-01 1.15363717e-01
    -5.92146158e-01 1.39398813e-01 -7.24745989e-02 -5.65046310e-01
    1.81240261e-01 -1.64880693e-01 1.51341081e-01 2.51024783e-01
    -5.80421925e-01 1.31589413e-01 -3.99119407e-01 2.70120919e-01
    -3.37274730e-01 -6.91965759e-01 1.03272438e-01 -2.38673687e-01
    -7.79293060e-01 -3.20242643e-02 -4.13039237e-01 -1.25351548e-02
    -7.16663361e-01 4.14927006e-02 1.76386416e-01 -3.95683587e-01
    -6.10959947e-01 -1.66224539e-01 -4.56140161e-01 -3.81097853e-01
    -6.19771242e-01 -1.78497493e-01 -6.14748597e-01 -4.50851262e-01
    9.73110199e-02 -7.25134373e-01 -3.60903144e-02 -2.50289738e-01
    1.14613235e-01 -4.79869246e-01 -2.22236037e-01 -2.19486713e-01
    4.70668077e-02 -2.63469249e-01 -5.14595926e-01 1.39225900e-01
    -5.17277479e-01 -4.06819910e-01 4.81573939e-02 -8.44532251e-02
    -3.52673233e-01 2.06695974e-01 -4.86909747e-02 -5.04328489e-01
    -3.30697566e-01 -6.89398587e-01 1.09490812e-01 -4.58382547e-01
    -1.08345449e-01 -1.48802817e-01 -5.30318141e-01 -4.29980934e-01
    -4.78397906e-01 1.05813324e-01 3.57221186e-01 -6.56617522e-01
    -4.99403894e-01 -1.69413298e-01 -7.37834930e-01 9.69298482e-02
    -4.21009541e-01 -3.17824244e-01 -5.32042921e-01 5.72242737e-02
    -6.80305123e-01 -2.17627823e-01 -3.74985218e-01 -1.54860020e-02
    1.36183441e-01 -1.12845838e-01 -4.58071679e-01 -5.37044406e-01
    2.41360784e-01 1.20032430e-02 -2.42738247e-01 8.75105262e-02
    -3.71962965e-01 -4.19031978e-02 -4.51346934e-01 -2.10989028e-01
    -2.74593592e-01 -3.29824567e-01 -2.27198839e-01 -5.20167589e-01
    4.51439619e-03 1.77259743e-01 -6.92378044e-01 -7.78689027e-01
    -1.14194751e-01 2.39663124e-02 -4.56775367e-01 -3.11287194e-01
    2.37927139e-01 -4.75324512e-01 -2.24365562e-01 -2.40308404e-01
    -1.07420504e-01 -2.05262005e-01 2.99512863e-01 -5.73798418e-02
    -4.88011718e-01 -5.53058982e-02 -3.69979501e-01 -5.47738433e-01
    -4.03063685e-01 -2.67895162e-01 -1.04567230e-01 -4.49259162e-01
    2.60475457e-01 5.95000982e-02 -6.58894062e-01 -5.13189316e-01
    4.63088155e-02 2.67024219e-01 -5.79843998e-01 -1.35607481e-01
    -7.95316696e-03 -2.53549337e-01 1.24181271e-01 1.31370544e-01
    1.06099129e-01 -6.06351733e-01 -2.20359921e-01 -2.26618052e-02
    -1.71186984e-01 -1.66250467e-01 -8.65249038e-02 -4.18462634e-01
    -7.23810792e-02 2.16982484e-01 -5.90700209e-01 -1.10590935e-01
    -2.32156694e-01 -1.91130400e-01 -4.68580157e-01 -1.04812503e-01
    -3.86813134e-01 -5.72491825e-01 -2.79491484e-01 -5.23756385e-01
    -3.82816970e-01 -6.59108698e-01 1.59026206e-01 1.85528278e-01
    -2.23565102e-03 -1.68078303e-01 -3.57201040e-01 8.04073215e-02
    -3.88064653e-01 1.62871659e-01 -9.22169685e-02 2.06176937e-01
    -6.42322421e-01 -6.09994888e-01 2.41144717e-01 -1.50284588e-01
    -7.03769088e-01 -3.32866460e-01 2.73568988e-01 3.94794941e-02
    -4.55829501e-01 2.20072210e-01 2.04638660e-01 -2.33167112e-01
    1.15129054e-01 -4.56670970e-01 -5.25159299e-01 1.89043105e-01
    -6.73415065e-02 -2.35181391e-01 1.91030562e-01 -5.28025627e-02
    -1.83664680e-01 -5.78245997e-01 -6.96826518e-01 -4.94660169e-01
    -6.91568136e-01 1.51374936e-01 1.04982853e-01 -1.13545060e-01
    2.89618313e-01 -3.34541857e-01 -1.22930110e-01 -4.01104510e-01
    -1.60592794e-01 -5.21889925e-02 -2.48784423e-02 2.41160452e-01
    -5.88926911e-01 1.92438781e-01 -2.28667200e-01 -2.14442372e-01
    6.14607334e-02 -3.37428093e-01 -4.62487310e-01 2.56889582e-01
    6.07132912e-04 6.61942363e-02 -4.64907289e-01 -7.06187487e-01
    -5.48352063e-01 -2.32688069e-01 -4.26308781e-01 -6.89332545e-01
    -7.43174195e-01 1.20838881e-01 -3.42972726e-01 -6.14377856e-01
    8.67432356e-03 -2.39908814e-01 -5.83267331e-01 -3.20903927e-01
    -1.37673736e-01 -6.34215593e-01 -4.90797877e-01 -2.54751325e-01
    2.44234681e-01 -1.77988231e-01 -2.45716929e-01 -1.40865982e-01
    -2.41256058e-01 -7.64916539e-01 -1.88537657e-01 -3.19961488e-01
    1.01844907e-01 -3.95536125e-01 -5.41178584e-01 -6.35052443e-01
    -3.08636993e-01 -1.71106040e-01 -6.11723125e-01 -5.80915332e-01
    -5.81418753e-01 -4.35780585e-01 9.54719186e-02 9.33747888e-02
    -5.93726754e-01 -9.23699737e-02 -3.20818841e-01 3.05427313e-01
    1.73186243e-01 -6.10005736e-01 -3.75252783e-01 -5.84072828e-01
    -1.62196696e-01 -4.70699072e-01 1.32055819e-01 -1.45797968e-01
    2.02840567e-02 -5.01572073e-01 2.78987885e-01 1.78234339e-01
    -5.35138249e-02 -4.48053092e-01 -5.10464966e-01 -3.98186982e-01
    2.15828955e-01 -4.92390394e-01 -9.03885365e-02 1.19347453e-01
    -4.24254328e-01 -5.78667581e-01 2.01113224e-02 -3.75600457e-02
    -4.75790083e-01 -6.20172977e-01 -3.44614238e-01 -3.22691888e-01
    -1.28411055e-01 -7.93693066e-02 -6.54814839e-01 1.90821409e-01
    -3.06256413e-01 -4.61992919e-01 -3.04024518e-01 1.41380429e-01
    -1.36257768e-01 7.86800981e-02 -1.13224089e-01 -3.72069359e-01
    1.31784678e-02 -6.78725839e-01 1.37119174e-01 -2.58737504e-01
    -6.30179226e-01 1.11454129e-01 1.19176745e-01 1.36818945e-01
    8.98712873e-02 -6.09273612e-01 1.62062526e-01 -7.55584240e-02
    -4.07663584e-01 -1.40852213e-01 -2.12812722e-01 -1.14452124e-01
    3.69287729e-02 -6.53191388e-01 1.14535153e-01 5.29561639e-02
    2.04414904e-01 3.20251048e-01 -3.74222636e-01 -4.74103183e-01
    -8.78908634e-02 -4.86650109e-01 2.67228007e-01 -6.01592064e-01
    -6.48482025e-01 -9.90019441e-02 1.73533142e-01 -4.32698637e-01
    -1.16395891e-01 3.11236978e-01 4.18856740e-02 -4.60486293e-01
    -4.03284639e-01 -1.29253447e-01 1.13712132e-01 -2.42287338e-01
    8.50463510e-02 1.78487182e-01 1.20221317e-01 2.16725886e-01
    -6.36283636e-01 -8.78982544e-02 -6.03384256e-01 -2.75956392e-01
    -5.21782041e-02 -4.97568548e-01 -5.17795801e-01 -4.71032172e-01
    -4.87886786e-01 -5.31888008e-02 -3.77758503e-01 -2.92871028e-01
    -3.44352007e-01 -3.77547204e-01 -3.92405510e-01 -5.91985226e-01
    -5.22815824e-01 -3.74578476e-01 2.35213578e-01 -2.39312470e-01
    4.99521494e-02 2.31620967e-01 -4.50186849e-01 -4.24552441e-01
    -2.31233418e-01 -4.34471220e-01 -4.49182302e-01 3.75456691e-01
    -1.51894689e-01 -4.54284966e-01 -5.88381290e-02 -3.00304592e-01
    -4.81918782e-01 -3.42050791e-02 3.39348972e-01 1.77492917e-01
    1.59959435e-01 -5.42978644e-02 -6.15146756e-02 -4.06331420e-02
    -6.13960564e-01 4.68429327e-02 -7.23194122e-01 -2.74580479e-01
    1.71865702e-01 -4.00522798e-01 -5.36314309e-01 -4.60537165e-01
    -1.39031410e-02 1.27847612e-01 -3.23854387e-01 -4.22678679e-01
    -5.77811599e-01 3.27841818e-01 4.07135487e-02 -3.09653103e-01
    -5.65763712e-01 -1.73270941e-01 -3.07145655e-01 -3.12165618e-02
    -6.11223221e-01 -4.06076550e-01 -7.25406408e-03 -2.11525202e-01
    -9.16586518e-02 -2.80900300e-01 1.47831738e-01 -4.61792052e-01
    -4.37014252e-01 1.62366331e-01 -3.83735061e-01 4.71322536e-02
    6.25361800e-02 1.05379701e-01 -6.48866892e-02 -7.50506282e-01
    -6.35180235e-01 -3.74084055e-01 -8.49559307e-02 -5.75245380e-01
    -6.63269043e-01 -5.84796906e-01 2.41057575e-01 9.11507010e-02
    -2.93936729e-02 -9.51099396e-02 -5.12935102e-01 -2.67869622e-01
    2.46626139e-02 -6.20464921e-01 -2.56358713e-01 -4.78130817e-01
    -5.27606010e-01 -3.99509728e-01 -5.29363275e-01 -3.70107234e-01
    -2.79003382e-03 -1.55697942e-01 1.96542919e-01 -1.32758439e-01
    -6.38787687e-01 -1.74751163e-01 -4.04833674e-01 2.11788177e-01
    2.62530446e-01 -1.48782581e-01 -2.14527428e-01 -1.76788539e-01
    1.37103140e-01 -5.20285964e-01 -2.58019745e-01 1.54359400e-01
    -6.75721884e-01 -2.19180048e-01 -7.70308018e-01 -2.62293100e-01
    1.43046618e-01 -7.16322184e-01 -4.99043345e-01 -4.68517274e-01
    -2.26645797e-01 -5.70810676e-01 1.72793031e-01 -2.76773870e-01
    -4.52544332e-01 -5.20350218e-01 1.14822209e-01 -1.91369653e-02
    -2.64985889e-01 1.01393640e-01 -1.77495837e-01 2.33422756e-01
    2.00809836e-01 -2.14449167e-01 -1.57922387e-01 9.94582772e-02
    -4.78681564e-01 -6.44042552e-01 1.36528492e-01 -4.87634182e-01
    -4.36608791e-02 -2.27440178e-01 -6.40110731e-01 1.40877664e-01
    -1.91577792e-01 -2.35931754e-01 -2.59409845e-01 -5.29944062e-01
    -5.66612184e-01 -1.80984139e-02 -6.50061011e-01 -3.42041254e-03
    -2.80703276e-01 -1.17510319e-01 -4.79686201e-01 -1.40920341e-01
    -3.91753912e-01 -2.45693743e-01 -3.36666524e-01 1.62655950e-01
    1.75478041e-01 -1.35851920e-01 -2.92860806e-01 -2.80599415e-01
    4.20246124e-02 -8.00247788e-02 -3.72348905e-01 -4.74634320e-01
    -1.67207718e-01 2.09791362e-01 1.88922822e-01 3.01972151e-01
    -2.85096884e-01 3.64910960e-01 8.55132341e-02 2.70440161e-01
    1.23196423e-01 -7.00977445e-02 -1.91449702e-01 -1.61749184e-01
    5.07962108e-02 -5.49734294e-01 -4.86327499e-01 -5.09969175e-01
    1.67593479e-01 -6.55353844e-01 1.57642543e-01 -6.52559996e-01
    5.50875068e-02 3.91152501e-02 -4.37169999e-01 -3.60664189e-01
    -6.03420973e-01 -3.11097503e-02 1.98216438e-01 2.45032251e-01
    -6.29787385e-01 -2.10840106e-02 -2.73987055e-02 -8.52983594e-02
    -5.37872314e-02 -4.85234380e-01 -2.63666511e-01 1.92169189e-01
    3.23202014e-01 -5.31086385e-01 -2.47771055e-01 1.32799804e-01
    -2.57754147e-01 -2.66739994e-01 -7.05889106e-01 -3.88648868e-01
    -1.44954979e-01 4.96479273e-02 2.06867695e-01 -6.28487468e-02
    -5.45631647e-01 -1.34020448e-02 -5.69404721e-01 -6.37805104e-01
    4.04751301e-03 -2.89469719e-01 -2.05745041e-01 -4.65514362e-01
    3.37213397e-01 7.27733374e-02 -3.89963567e-01 -4.36496854e-01
    8.54238272e-02 -4.59246874e-01 -6.07772171e-01 -5.74522972e-01
    -3.03004324e-01 2.13722587e-01 -3.87355864e-01 -4.74664330e-01
    -1.50932670e-01 -6.43722415e-02 2.22607851e-01 -3.02030295e-01
    -3.40176523e-01 -3.37232322e-01 -4.66801763e-01 -5.14839709e-01
    -6.41567349e-01 1.16304755e-01 2.85459101e-01 -3.97812039e-01
    5.47666550e-02 -3.56392622e-01 -4.60788965e-01 3.59224081e-02
    8.57463479e-02 -1.85824871e-01 -3.56119752e-01 -1.72672510e-01
    -5.58722138e-01 -4.46039438e-02 8.85922313e-02 4.04912233e-02
    2.04597950e-01 -5.82494736e-02 -2.93232828e-01 -3.91687155e-02
    1.76223934e-01 -1.65462673e-01 -6.41262531e-03 -1.84204668e-01
    -1.06127501e-01 -5.77437878e-01 4.11050916e-02 -2.38908023e-01
    -4.28371787e-01 -4.50430095e-01 -3.59207988e-02 -2.08312511e-01
    -1.04507625e-01 -7.53510594e-02 1.61349177e-02 -6.85465515e-01
    2.76133776e-01 -2.14701682e-01 -4.22758728e-01 -3.89832497e-01
    -1.06643438e-02 1.54598713e-01 -4.46021557e-04 -3.37305069e-02
    -5.14916003e-01 3.62774730e-02 -3.12697083e-01 -4.04324472e-01
    -1.55066967e-01 -2.70312428e-02 -5.26486874e-01 -1.11106873e-01
    -5.90604782e-01 1.02972806e-01 1.45633399e-01 -1.77357733e-01
    -2.56678462e-01 -8.08762908e-02 -2.27796018e-01 -2.62670338e-01
    -1.09101057e-01 -3.82566273e-01 -3.22365999e-01 -4.89407092e-01
    -2.96068788e-01 4.04511690e-02 -2.67288208e-01 2.52695203e-01
    -4.61136729e-01 -1.36007190e-01 2.44935334e-01 -2.82386571e-01
    -5.54212570e-01 -3.12043786e-01 -6.83867335e-02 -1.70754910e-01
    -2.66253918e-01 -4.30044264e-01 -1.66547716e-01 1.00178063e-01
    -4.98770028e-01 -1.01789623e-01 -5.36935925e-02 -4.91381824e-01
    -3.36515367e-01 -3.15400928e-01 -5.21169186e-01 -3.12856942e-01
    1.02874398e-01 2.34075487e-01 8.50414634e-02 -4.45845127e-02
    -1.92962289e-01 -3.97969484e-01 -6.56858683e-01 -6.45350456e-01
    -2.22968459e-02 -1.19246602e-01 -1.64492369e-01 -1.26852632e-01
    1.86753273e-03 -5.16855121e-01 -3.17107975e-01 2.75802195e-01
    8.67512822e-02 -6.62253439e-01 1.48916245e-01 -5.94747901e-01
    -2.03248024e-01 1.07160091e-01 -6.11495733e-01 1.93195105e-01
    -4.95075464e-01 -2.97822058e-01 -6.00443363e-01 2.34491825e-02
    -1.67683125e-01 -3.18328917e-01 2.92367280e-01 -1.11186206e-01
    1.21465564e-01 -4.06657755e-01 -6.96975768e-01 -2.40620553e-01
    -6.68859720e-01 1.24778986e-01 3.58012319e-02 -6.79366827e-01
    2.11271584e-01 -1.33557737e-01 -6.89452171e-01 -1.60938472e-01
    3.49857748e-01 -1.01552427e-01 -4.91797388e-01 8.53841901e-02
    -5.34990430e-01 2.16507435e-01 1.29590452e-01 -3.80373299e-01
    -5.64104438e-01 1.21843219e-01 -3.03710341e-01 -5.05391657e-01
    -3.64833504e-01 -1.19118690e-02 2.38733411e-01 -1.20143890e-02
    8.36805105e-02 8.04895163e-02 -3.50769579e-01 1.66119874e-01
    -1.39258146e-01 -4.72548842e-01 -2.35701323e-01 -3.19524109e-01
    2.30848074e-01 -6.00254178e-01 -1.70786649e-01 -3.75484496e-01
    2.62845695e-01 -4.26821530e-01 -4.61803615e-01 -1.54337168e-01
    9.12505388e-03 -3.74154389e-01 -8.49896669e-02 -2.00462937e-02
    -1.04810596e-01 -3.63364041e-01 -6.28665328e-01 -2.41477013e-01
    -1.52324140e-01 -4.51188922e-01 -5.80833137e-01 2.53677368e-03
    -3.88758183e-01 -6.04538262e-01 -2.23323822e-01 9.40423012e-02
    2.25347281e-03 -5.25217533e-01 -6.74967289e-01 -3.71372044e-01
    -6.24099791e-01 -2.29754001e-01 -4.76126343e-01 -3.87494624e-01
    1.26633286e-01 -1.94300592e-01 -8.69021773e-01 3.93853784e-02
    -2.91575372e-01 -3.80718082e-01 -5.75891018e-01 -5.13377786e-02
    -3.17200273e-01 2.14064717e-02 -1.42191529e-01 1.36817038e-01
    -4.63571340e-01 -3.00902367e-01 -5.71625471e-01 2.18409359e-01
    -4.80109632e-01 -3.69878173e-01 -1.36149287e-01 -3.84026557e-01
    5.61991334e-02 -5.40143788e-01 -1.16609275e-01 -4.52330947e-01
    -2.63893604e-01 -2.04644084e-01 -7.38461137e-01 -3.08324695e-01
    4.89771366e-04 -5.54237604e-01 -1.73065960e-01 -4.26802903e-01
    1.87333941e-01 1.61489785e-01 -4.34770286e-01 9.29182768e-02
    -5.23008108e-01 -4.67824548e-01 -1.74655497e-01 -5.09109974e-01
    -4.96597916e-01 -5.43579817e-01 -4.34167415e-01 -4.76634502e-02
    -1.46040559e-01 -5.52584529e-02 -9.93955731e-02 -5.32108009e-01
    -6.20915413e-01 -5.87704778e-02 -2.13133156e-01 -2.87306905e-02
    -5.70815563e-01 -4.84096467e-01 2.31297612e-02 -2.43951082e-02
    -7.16217756e-02 -3.50043058e-01 -2.14423358e-01 -5.92649400e-01
    -1.28193378e-01 -1.29014552e-01 6.14322424e-02 -4.73710895e-02
    -2.68951297e-01 2.60785699e-01 -1.98652506e-01 -6.46490693e-01
    -5.08578300e-01 4.76152897e-02 -3.29594493e-01 -4.94680375e-01
    -2.72058606e-01 -4.15266752e-02 -6.86229408e-01 -2.70116150e-01
    -7.15792537e-01 -4.13957387e-01 -6.36864185e-01 -4.19005036e-01
    -5.44725597e-01 -2.05422401e-01 -4.37729537e-01 -3.78250360e-01
    1.65558398e-01 -3.38355720e-01 -6.57983363e-01 -4.20968711e-01
    -5.89561462e-03 -2.28294730e-01 5.30072451e-02 -2.14870036e-01
    -1.98416710e-01 2.88829088e-01 2.73691177e-01 -3.98888648e-01
    1.12245023e-01 3.22891831e-01 -5.81551909e-01 -3.94694567e-01
    5.17084002e-02 -3.97258282e-01 2.30237722e-01 -3.96928996e-01
    1.31499827e-01 2.40939260e-01 -1.67866200e-01 1.24600530e-02
    -4.91359681e-01 -3.97198200e-01 -2.95829296e-01 1.34248078e-01
    -3.94155920e-01 -8.38767290e-02 -5.98243415e-01 -4.49056685e-01
    -1.70940697e-01 -7.59138107e-01 -6.65208220e-01 5.75512052e-02
    -5.31909466e-01 1.85613155e-01 7.58891702e-02 -3.62760216e-01
    1.38058484e-01 -5.19148767e-01 -4.56509590e-01 3.75475287e-02
    -2.58445084e-01 -4.03772950e-01 -4.54544395e-01 -2.17391074e-01
    -1.87074065e-01 -7.05050826e-02 -4.37291086e-01 -5.79419136e-01
    -1.47460401e-01 -3.06245565e-01 -3.12856793e-01 -8.53127241e-02
    -2.44147360e-01 3.42272520e-02 -1.41279280e-01 -4.63755131e-02
    -3.62491757e-01 1.29560351e-01 1.71859264e-02 -2.99587429e-01
    -1.83337152e-01 -3.22217196e-01 1.36406660e-01 7.41815567e-03
    -2.74868131e-01 1.95641160e-01 -7.58694410e-02 -5.83402038e-01
    -3.00249457e-02 -6.16905212e-01 -7.36913085e-02 -1.65578067e-01
    -5.45143604e-01 5.38119078e-02 -2.84817606e-01 -4.68748987e-01
    1.72307014e-01 -3.33481431e-01 -3.82805943e-01 -2.47437656e-01
    -1.75556898e-01 -3.24630052e-01 -6.36893749e-01 -4.50244278e-01
    4.21345830e-02 1.38705373e-01 -3.80330950e-01 -4.30384278e-01
    -4.69404131e-01 -6.54034853e-01 1.97405398e-01 -2.82700628e-01
    -4.28941667e-01 2.36120224e-02 3.50485802e-01 -5.49725533e-01
    -3.72372210e-01 -6.07088923e-01 6.47255778e-02 -3.91057014e-01
    -6.72089458e-02 -9.23340917e-02 -1.64641619e-01 -4.88680571e-01
    -9.38666463e-02 2.28766441e-01 -2.61477828e-02 -5.20930052e-01
    1.61334932e-01 -4.00977671e-01 -1.85799420e-01 1.48159802e-01
    1.45013392e-01 -3.80390346e-01 -3.37934375e-01 2.92762101e-01
    1.16674423e-01 -2.51368612e-01 -1.35324985e-01 -4.76071686e-01
    -3.17073882e-01 -5.37660301e-01 -5.35527825e-01 -2.77441442e-01
    1.80994689e-01 -5.75050831e-01 -6.56080604e-01 -2.96080440e-01
    -4.97449994e-01 -4.13360864e-01 -6.18899703e-01 -7.88807273e-02
    3.05165648e-02 1.09773278e-02 1.39359236e-01 1.35510325e-01
    -7.77320623e-01 2.23204494e-01 -5.94764709e-01 -1.33913696e-01
    -5.22025824e-02 -4.88556325e-01 -3.01798582e-02 -6.00615025e-01
    5.20367026e-02 -7.48956800e-02 5.27169108e-02 1.14671946e-01
    1.56398058e-01 -1.50057316e-01 -9.27562714e-02 -3.64544988e-01
    5.88012934e-02 -3.24911714e-01 -5.05879521e-02 -5.59333801e-01
    1.19859397e-01 -2.89022863e-01 -1.80478811e-01 -3.70336711e-01
    -1.79116547e-01 -6.01597548e-01 -2.92816073e-01 -4.48329479e-01
    -2.52209872e-01 -4.47662413e-01 -1.01041019e-01 -7.14569449e-01
    1.77086592e-01 1.88371599e-01 -8.05348158e-01 4.86468673e-02
    1.16854846e-01 -7.81183243e-02 -6.15111589e-02 -5.03269076e-01
    -9.50707197e-02 -8.18038583e-02 -5.43252349e-01 -1.27095461e-01
    -5.85615933e-01 1.19057298e-02 -2.35437721e-01 -1.27617061e-01
    8.40709209e-02 -2.12659836e-01 -1.80963933e-01 -5.52723408e-01
    -9.02008414e-02 -2.44511783e-01 -2.44420528e-01 -1.69595599e-01
    -2.87724316e-01 2.75725484e-01 -3.24131370e-01 -9.29760337e-02
    2.11360335e-01 1.41733527e-01 -2.89586395e-01 -5.91693521e-02
    -4.79700148e-01 -4.01085705e-01 8.45513344e-02 1.99475288e-01
    -1.64629221e-02 -8.33312869e-02 8.72588754e-02 -2.79523075e-01
    -1.99291408e-01 -2.81564504e-01 -7.37253070e-01 1.35676980e-01
    2.78705180e-01 -4.76568133e-01 -5.57180882e-01 -1.92956448e-01
    4.99357581e-02 -2.02931076e-01 1.94405556e-01 -2.32610643e-01
    -5.30861020e-02 -3.64803851e-01 1.76999688e-01 -2.05940008e-03
    -5.54979801e-01 -5.33155918e-01 2.87759304e-02 2.51454413e-01
    -2.07311213e-01 -1.81147158e-01 -6.87594116e-01 -2.66082287e-02
    -3.50884557e-01 -5.28456092e-01 1.99442923e-01 2.21854210e-01
    -3.03470969e-01 -6.93106651e-02 -9.20739770e-02 -4.31711167e-01
    -6.73652053e-01 -3.45375597e-01 -1.03542805e-02 6.83343410e-02
    2.24129796e-01 2.24564493e-01 -1.27458632e-01 -6.74649835e-01
    -7.67242908e-03 2.13574350e-01 -7.18169928e-01 -2.58429110e-01
    -3.14614147e-01 -4.83698934e-01 -6.94969058e-01 8.95239115e-02
    1.36876106e-02 -4.27774340e-01 -4.46530342e-01 -6.96346164e-02
    -6.13353789e-01 -6.47707343e-01 -2.31852531e-02 1.50266051e-01
    2.59340465e-01 -2.94516206e-01 -2.85665512e-01 -1.39097303e-01
    -5.26297212e-01 -5.18227100e-01 6.61531687e-02 -4.73174214e-01
    -6.75755262e-01 -5.08413076e-01 -2.79631823e-01 -3.09422880e-01
    -6.65849090e-01 -3.92720997e-01 2.15369821e-01 -5.71702659e-01
    -8.06678534e-02 -4.47459400e-01 -3.07540864e-01 -4.54982698e-01
    1.51407301e-01 2.38940656e-01 -3.96692812e-01 -3.17032695e-01
    -4.77594733e-02 6.16351962e-02 -3.95795852e-01 -4.95642245e-01
    -9.69411135e-02 1.25552297e-01 6.07451200e-02 2.28244662e-01
    1.61965966e-01 -2.70725369e-01 -1.38444304e-02 -4.50245589e-01
    -6.04426622e-01 1.01673782e-01 -4.83095050e-02 -2.82167852e-01
    -2.35750735e-01 1.48422420e-01 -1.78384840e-01 -2.13760346e-01
    2.00605392e-03 -2.91087449e-01 -5.58919549e-01 -3.85975003e-01
    -1.75039113e-01 -1.60891712e-01 -7.14689374e-01 1.31870329e-01
    -6.43582523e-01 -9.35170054e-02 -1.88564360e-01 -6.81441724e-01
    -6.50001764e-02 1.17005587e-01 -7.02142835e-01 -1.04191959e-01
    -7.05100656e-01 -6.06950283e-01 -3.11213791e-01 -1.98482156e-01
    -6.34551048e-04 -2.90917873e-01 -1.55479014e-01 -5.05717278e-01
    1.58720672e-01 -7.36265481e-01 3.70731354e-02 6.35817051e-02
    -1.30282164e-01 -9.31202769e-02 -5.90047240e-01 2.94955194e-01
    -1.04403853e-01 -2.99897194e-02 -2.67969131e-01 -1.36323690e-01
    -5.94818652e-01 2.09484100e-01 1.26082957e-01 -5.02183676e-01
    -2.04379171e-01 -6.16900444e-01 -3.56955707e-01 -3.56135219e-01
    -4.14558083e-01 2.55018711e-01 -3.93414885e-01 -3.21536660e-01
    -1.67677999e-02 2.28220224e-03 3.51001024e-02 1.92878246e-02
    -3.14006269e-01 -5.29389381e-01 -1.81867421e-01 -3.59082103e-01
    -2.08326936e-01 -6.69796109e-01 -1.13016188e-01 5.35694361e-02
    -6.11746669e-01 -6.21893287e-01 -3.02619219e-01 -5.44447660e-01
    -5.34863353e-01 8.53365660e-02 -2.46556580e-01 3.61892581e-02
    -4.79122996e-02 -2.90671051e-01 2.64458716e-01 -1.55270606e-01
    2.22672641e-01 3.30158830e-01 -1.34493411e-01 -1.66804433e-01
    -4.18090016e-01 5.46472669e-02 9.67556238e-03 -4.79404867e-01
    -3.17916662e-01 -7.50834584e-01 1.65416062e-01 -1.76442921e-01
    -6.07289672e-02 1.87963247e-03 -2.12707877e-01 -5.43316007e-02
    -2.28950381e-01 2.15776682e-01 -7.52418041e-02 -1.71764135e-01
    1.10676825e-01 -6.73242450e-01 -2.99757421e-01 -6.95258260e-01
    -9.74103212e-02 -5.85531592e-01 -2.80915678e-01 1.07010126e-01
    -1.51017964e-01 -2.27642655e-02 1.91427708e-01 -1.87692165e-01
    5.67662716e-03 -6.53603971e-01 6.33045435e-02 -1.04427338e-01
    -6.72015309e-01 -3.19291353e-02 3.09034526e-01 2.16983736e-01
    -4.62893844e-02 -4.54197705e-01 -2.66789019e-01 -4.78268355e-01
    2.44546533e-01 -5.66906750e-01 -7.99627304e-02 -6.69765592e-01
    -3.22648883e-02 -4.57317352e-01 -3.87940437e-01 -5.99726439e-01
    -7.79828429e-02 8.85081291e-03 -2.51502395e-02 -6.61778331e-01
    1.93228066e-01 -3.92099947e-01 4.10736799e-02 -6.27834797e-02
    -4.44027185e-02 -6.61226511e-01 9.67203379e-02 1.87454104e-01
    -6.05976522e-01 -4.53916728e-01 -2.54947126e-01 -2.93571025e-01
    -8.96348953e-02 -5.66189766e-01 -1.32534564e-01 -4.23723459e-01
    -5.74992299e-02 -5.04135847e-01 -4.32761163e-01 -5.08403420e-01
    -3.93637002e-01 2.00002253e-01 -6.89000487e-01 -2.20959365e-01
    -1.05962038e-01 -4.18767452e-01 -4.19457793e-01 -5.59544921e-01
    2.50618637e-01 2.93748558e-01 -4.76695597e-01 3.76222730e-02
    1.34777486e-01 -8.35690498e-02 -5.89221835e-01 -9.59559083e-02
    -4.87678796e-01 -4.92805243e-02 -3.74018818e-01 -3.19175452e-01
    -4.77374494e-01 2.44519830e-01 1.96236849e-01 -6.00414157e-01
    -1.60317421e-01 -1.73307657e-01 -3.87527168e-01 -4.56967235e-01
    -7.97079802e-02 -5.67221642e-01 -2.14174449e-01 1.62201405e-01
    -5.83867908e-01 -3.34128141e-01 2.39978373e-01 -2.77077436e-01
    -5.65314472e-01 -6.44374490e-01 2.54593492e-02 -1.32246494e-01
    -2.05775768e-01 1.13573611e-01 -1.49435103e-01 -6.47101283e-01
    -2.82463133e-01 8.32819939e-02 8.25825334e-02 -4.62074757e-01
    -1.45942569e-02 2.89860785e-01 -2.80570269e-01 -3.84870350e-01
    -3.22293639e-02 -1.86999440e-02 -5.96832514e-01 1.23590410e-01
    1.42754793e-01 1.55547917e-01 -5.50100267e-01 -6.07638121e-01
    1.14133060e-01 -6.05739236e-01 -2.09214985e-01 -5.95777988e-01
    -4.45639014e-01 -2.11813360e-01 -2.93010950e-01 -2.16990709e-02
    -9.99623537e-02 -2.79628158e-01 -4.69801784e-01 -4.90845442e-02
    -3.85632098e-01 -6.41446590e-01 -4.68468666e-03 9.99072194e-02
    -5.64630628e-02 1.50942266e-01 -2.93096155e-01 2.43348598e-01
    -5.09889185e-01 -3.73720527e-01 1.44040942e-01 -5.40768147e-01
    7.41930008e-02 -4.81694341e-02 -2.92608738e-02 -2.57796168e-01
    -4.07210559e-01 -3.99583071e-01 -3.29495668e-01 -5.25705576e-01
    -5.42934537e-02 -5.57451189e-01 -9.20552611e-02 -4.05695826e-01
    -4.59445089e-01 -5.29098153e-01 2.24640548e-01 3.23727727e-02
    1.12446547e-01 -4.46482718e-01 1.12541318e-01 -3.18188727e-01
    1.02336466e-01 -3.21544439e-01 -3.94273281e-01 -4.47075099e-01
    -1.83933973e-02 -4.03261960e-01 3.01977754e-01 -2.81594932e-01
    3.42500210e-03 -1.79116607e-01 2.37103760e-01 -5.63407838e-01
    -3.99559259e-01 -3.98099273e-01 2.16879308e-01 -3.39600593e-01
    -4.11840558e-01 -2.10568190e-01 -6.69122696e-01 1.12564445e-01
    2.39650011e-01 -5.13947010e-03 3.25193048e-01 -4.43686783e-01
    -2.86371350e-01 3.99509072e-02 -4.67986584e-01 -6.46897614e-01
    -1.22575760e-02 4.98455763e-02 -3.74311477e-01 8.64151716e-02
    1.81899905e-01 2.99903154e-02 -2.39865124e-01 -9.46215987e-02
    -9.41643715e-02 -6.12662435e-02 -2.62826264e-01 -5.27601123e-01
    -6.79833531e-01 7.41879344e-02 -3.35274935e-01 9.18560624e-02
    -1.15114689e-01 8.12566280e-03 2.80119658e-01 -5.72464585e-01
    -3.96705836e-01 2.89195597e-01 -4.59757626e-01 -1.86581969e-01
    -3.18937600e-01 -6.71417117e-01 -1.48089349e-01 -5.38953006e-01
    -1.56678379e-01 -3.17271680e-01 -3.29850376e-01 -3.25189620e-01
    1.19903505e-01 -6.12702847e-01 -3.58408034e-01 -6.95087314e-02
    3.47327590e-01 1.82697773e-02 2.84497559e-01 -5.72238684e-01
    -2.96813965e-01 -2.27121234e-01 1.35798514e-01 -3.30103815e-01
    1.54812932e-01 5.78212738e-03 -6.24550581e-02 -5.61962128e-01
    -4.05881345e-01 -5.21254241e-01 -6.46043003e-01 -1.31499171e-01
    -1.20280236e-01 8.00132751e-04 -3.24565768e-02 1.41772628e-02
    -4.79067862e-01 -4.41815495e-01 1.19240820e-01 -7.14712739e-01
    -1.15838945e-01 -5.45117676e-01 2.62378931e-01 -3.04595768e-01
    -4.66830611e-01 -4.87536252e-01 -6.54865503e-02 -4.07383323e-01
    -3.54301721e-01 -4.65384007e-01 -4.95176673e-01 -4.09740895e-01
    -8.84605646e-02 -9.78744626e-02 -2.61246502e-01 1.99029326e-01
    -4.93359625e-01 -4.92924005e-01 -4.49820995e-01 7.32261539e-02
    -2.97131538e-02 1.44686460e-01 -4.34467196e-02 -1.84901297e-01
    -3.70996177e-01 -4.46230471e-01 1.02762461e-01 -8.69672894e-02
    -1.09535694e-01 2.57574916e-02 -3.28821212e-01 9.25527215e-02
    -6.69826150e-01 6.73533678e-02 -3.89379263e-02 -3.96452487e-01
    -1.89728200e-01 -1.07387006e-01 1.02688611e-01 -4.88526583e-01
    -4.91426378e-01 2.92685091e-01 -2.21816838e-01 2.04514861e-01
    -4.46910799e-01 -6.28166437e-01 -3.33233148e-01 -5.46468437e-01
    -3.46537799e-01 1.85584426e-02 -2.02351362e-01 1.92824781e-01
    -3.05380911e-01 3.61472368e-03 1.40624344e-01 -3.96559834e-01
    -4.39623803e-01 -6.05077505e-01 -6.11343265e-01 -2.40366578e-01
    -3.92919779e-03 -6.03332639e-01 8.07637572e-02 -2.56461769e-01
    -2.01722890e-01 -5.54029822e-01 1.03396058e-01 -3.80079746e-01
    -5.38983285e-01 -4.22866881e-01 2.26863623e-02 7.56734610e-02
    -1.29289031e-02 -3.45807850e-01 4.95980382e-02 -4.32295769e-01
    5.59770465e-02 -6.26885772e-01 -5.02576232e-02 -4.28237468e-01
    -7.00325012e-01 -1.58726394e-01 -5.47649622e-01 -5.12765467e-01
    -2.00644016e-01 -4.78366077e-01 -4.86162901e-02 -3.85451019e-01
    3.90685797e-02 -4.04983163e-01 -2.87525773e-01 1.71706498e-01
    -6.29617810e-01 -4.04380530e-01 6.43129945e-02 -4.02030349e-02
    -6.08303308e-01 -3.96923125e-01 1.01687372e-01 -8.32883120e-02
    -3.17298770e-01 3.13998461e-02 1.90889060e-01 -1.72100663e-01
    -3.96914244e-01 1.80727184e-01 -6.66301250e-01 1.40289664e-01
    -6.28584981e-01 -3.57387662e-01 1.58457756e-01 -4.53202486e-01
    -3.52848113e-01 -4.12193060e-01 8.66538286e-03 -3.35770547e-01
    1.61194265e-01 3.05582643e-01 -5.74983060e-01 -1.70624733e-01
    1.13519609e-01 -3.77997160e-02 -6.09840870e-01 9.92680788e-02
    1.15457654e-01 -3.57444882e-01 -3.89272273e-01 -3.51620078e-01
    -4.33294177e-02 9.85498428e-02 -4.83608007e-01 -3.56484592e-01
    -3.09295177e-01 -2.88151741e-01 1.77133918e-01 2.57970810e-01
    -6.62947893e-02 -5.30502260e-01 2.29186177e-01 2.61800587e-01
    -6.48264050e-01 1.13622963e-01 -4.38740462e-01 -6.75157666e-01
    -1.38396680e-01 2.24029422e-02 -2.21665144e-01 -2.43996739e-01
    -2.88154542e-01 -3.57486844e-01 -2.88302898e-02 -2.88295150e-02
    -4.81451750e-02 -3.79078984e-01 -5.18536448e-01 -5.00603616e-01
    -5.01695871e-02 9.09085870e-02 -5.12073517e-01 5.94041944e-02
    -4.76153076e-01 -4.00413811e-01 2.90750623e-01 -2.19160914e-02
    2.66844034e-02 -1.81473017e-01 -2.42613554e-01 4.00952101e-02
    -4.49578404e-01 -3.10387880e-01 7.63836503e-02 -4.94850278e-01
    -7.91498423e-02 1.17784142e-01 -7.33204901e-01 -6.57875121e-01
    2.21289635e-01 -3.39146733e-01 1.99829340e-02 -1.26937270e-01
    -3.79740596e-01 1.57518506e-01 -7.14931965e-01 -4.33240980e-01
    -3.84162068e-02 -3.36222053e-02 -2.78320014e-01 1.17263079e-01
    -1.78844541e-01 -1.07898593e-01 1.62332058e-02 -2.70101875e-01
    -4.47548419e-01 -3.32166314e-01 2.35180855e-01 -1.89077795e-01
    9.92516875e-02 -6.30800724e-01 -4.65790629e-02 -2.26672232e-01
    -6.67584240e-01 -6.56677485e-01 -2.37860918e-01 -6.00826502e-01
    -2.16865778e-01 -5.14652669e-01 -1.44871831e-01 2.52106786e-02
    2.64483988e-01 1.64858103e-02 -6.03615940e-01 -2.37433493e-01
    -4.12583679e-01 -1.03845477e-01 -3.88151646e-01 -5.53824902e-02
    -7.09548235e-01 -1.79560691e-01 1.56418085e-02 -5.03446221e-01
    -3.56618047e-01 -1.13248527e-01 -5.76202035e-01 2.26938128e-01
    -3.86792898e-01 1.58690214e-01 -4.75210130e-01 7.49729276e-02
    -2.11046517e-01 1.17908478e-01 -6.90653980e-01 -1.25009418e-01
    -5.52844644e-01 2.91648000e-01 -4.72903907e-01 -3.39002877e-01
    3.62150490e-01 -4.49215859e-01 -6.25770569e-01 -2.47510761e-01
    -5.04696727e-01 -1.34338558e-01 -5.51271796e-01 -4.14491862e-01
    -4.78571147e-01 2.50617564e-01 -4.08816874e-01 -3.35694134e-01
    2.18025744e-01 -4.72245663e-01 -5.28505206e-01 -1.39121592e-01
    6.17906451e-02 3.12501132e-01 -3.13137084e-01 -3.65746439e-01
    -5.08652806e-01 -4.00561094e-02 -7.14932442e-01 -8.69113803e-02
    -7.26194263e-01 -1.17914140e-01 1.59409165e-01 -4.23748463e-01
    -2.10877419e-01 -4.36696410e-01 2.50776768e-01 -2.27567226e-01
    -4.42703336e-01 -2.34780967e-01 -4.14955556e-01 -7.06691325e-01
    -5.52436590e-01 -7.23402798e-01 -3.54108095e-01 2.17203498e-01
    -5.51798224e-01 -2.71355212e-01 -2.21324056e-01 -2.13816702e-01
    6.05896115e-02 -3.10417026e-01 -4.61059362e-01 2.11531103e-01
    -5.84532619e-01 -5.66161752e-01 -3.85552645e-01 1.49031401e-01
    1.37387156e-01 -6.19842887e-01 -7.01013803e-02 -5.28382063e-01
    9.44685340e-02 1.95314586e-01 -4.81455088e-01 -5.84511518e-01
    -1.77847147e-02 -4.33108658e-01 5.73893189e-02 1.33893728e-01
    -1.66052401e-01 2.59404123e-01 2.65510678e-01 3.92039359e-01
    -1.94867373e-01 -6.69533610e-02 -6.60958111e-01 -2.28530526e-01
    -6.44311428e-01 -3.63197654e-01 8.19997787e-02 -1.70077085e-01
    -1.85954034e-01 1.14419341e-01 -8.60910416e-02 2.58574069e-01
    -6.69384837e-01 -4.73940492e-01 -2.40087777e-01 2.05682397e-01
    1.74416423e-01 -5.98552406e-01 -2.61576027e-01 7.92301893e-02
    -2.68154681e-01 4.54483032e-02 -5.25844216e-01 -4.76881087e-01
    -8.54995251e-02 -6.42297626e-01 -6.02266788e-01 -1.93626016e-01
    9.62781906e-02 -4.15136606e-01 2.10285485e-01 2.39095032e-01
    9.07098055e-02 1.17481589e-01 -3.78137499e-01 3.36650014e-02
    -1.87028170e-01 -5.44582605e-01 -3.46500009e-01 -5.31454921e-01
    -3.62692058e-01 -2.40827680e-01 -3.63894522e-01 1.45871341e-01
    1.98846161e-01 -6.54433370e-01 -3.20986092e-01 1.69628680e-01
    -3.46835077e-01 -1.29614830e-01 -2.32288063e-01 -6.03628874e-01
    -3.68415952e-01 1.56668961e-01 2.32981443e-02 -5.91330290e-01
    -1.25088871e-01 1.51019752e-01 -4.47279394e-01 8.55478048e-02
    -5.81007719e-01 -4.22656298e-01 -5.97177267e-01 -5.31701565e-01
    2.17404366e-02 2.00647593e-01 3.00472975e-02 -4.21741396e-01
    -6.09136820e-01 -1.57344759e-01 1.27336442e-01 -7.32908726e-01
    -5.86935997e-01 -5.18294573e-02 -8.34351778e-03 -6.22542322e-01
    9.07753706e-02 1.20840669e-02 8.04831982e-02 -5.70235848e-02
    -3.63157839e-01 -5.02520323e-01 -4.81634200e-01 1.65535629e-01
    2.32173204e-01 -1.13602638e-01 -4.38265055e-01 -1.22084200e-01
    -8.74179006e-02 -5.57307065e-01 -9.31930542e-02 -4.65222716e-01
    -2.50345230e-01 -5.01778960e-01 -3.70237112e-01 -6.60414040e-01
    -1.77405834e-01 2.07826793e-01 -1.46912932e-02 8.51618052e-02
    9.40603018e-03 -2.03822792e-01 -5.09189725e-01 -4.27722603e-01
    -4.84193563e-02 -2.61172950e-01 -4.88341451e-02 2.63958335e-01
    -4.12234545e-01 -5.13655901e-01 1.99527144e-02 -1.38969421e-01
    -2.09060222e-01 1.78796232e-01 -3.92893344e-01 -2.58710831e-01
    -2.51222908e-01 -1.17230445e-01 4.43452001e-02 -3.38706374e-01
    6.05010986e-02 -3.97407740e-01 -2.31161892e-01 -4.93162781e-01
    -2.72462040e-01 -5.48456073e-01 -8.40830207e-02 -4.03088003e-01
    -7.45378911e-01 -5.68047166e-01 -3.48856479e-01 -3.28027606e-02
    -4.31754351e-01 -4.33112919e-01 9.23485756e-02 5.01851439e-02
    -5.86445689e-01 8.93781185e-02 2.49310195e-01 -5.65381289e-01
    -6.19276762e-01 -6.35192513e-01 -4.05293852e-01 2.24455357e-01
    -5.13397932e-01 -2.22624540e-02 -2.28185713e-01 -5.12948990e-01
    -4.93097305e-01 -1.20866477e-01 -1.41964316e-01 -1.99672878e-01
    -5.27462184e-01 -2.58072108e-01 -3.26795965e-01 -4.25339818e-01
    -4.50810313e-01 9.30641294e-02 9.99889970e-02 -5.57064414e-01
    1.76360905e-01 -2.19672441e-01 -1.85129881e-01 -1.53514147e-01
    -4.54632044e-02 -4.09612805e-01 1.48872852e-01 1.18396223e-01
    -5.81377387e-01 -6.83192134e-01 3.38927150e-01 -3.29785377e-01
    -2.52888918e-01 2.10640788e-01 2.73852348e-02 2.11680830e-01
    -6.15021944e-01 -6.54760003e-01 -1.77765369e-01 9.56619382e-02
    -2.02015579e-01 3.61381173e-02 2.15046287e-01 -1.73258781e-01
    -3.04854095e-01 -4.43977267e-01 -5.76736093e-01 -5.12207627e-01
    2.29945779e-01 2.30142713e-01 -1.98163390e-01 7.42573738e-02
    -5.19609630e-01 -3.16398084e-01 -4.06699747e-01 1.81223750e-02
    -3.38126659e-01 -4.29158449e-01 2.66212463e-01 5.89542985e-02
    -4.83854324e-01 2.17108250e-01 -5.59592366e-01 -3.21912646e-01
    -4.11817819e-01 -2.32679904e-01 2.50358939e-01 -3.59617710e-01
    -5.49676538e-01 -1.75980210e-01 1.19325817e-01 -2.09689021e-01
    -4.51052904e-01 2.07189143e-01 1.11893177e-01 -7.76891708e-02
    -3.70976657e-01 -4.73328471e-01 -8.51571560e-02 -4.66477603e-01
    -1.49099767e-01 -6.67573214e-01 -1.61013067e-01 1.64748430e-01
    -4.05268073e-02 -5.70898056e-02 -6.64741516e-01 -1.47592068e-01
    -6.07429981e-01 -5.43780267e-01 2.44625568e-01 -5.41796982e-01
    1.53290749e-01 -6.34457946e-01 -5.05196810e-01 2.89207220e-01
    4.24247980e-03 -5.49631834e-01 -2.14989007e-01 -5.39304018e-01
    -3.25623930e-01 2.12605000e-01 -3.69748473e-01 -3.65864098e-01
    1.37692571e-01 -2.92398274e-01 6.65220022e-02 -3.51608664e-01
    -5.54186106e-01 -3.87072206e-01 3.62855196e-02 -5.98298669e-01
    5.40018082e-03 -5.17572939e-01 -4.27975029e-01 -3.86351317e-01
    -4.71839875e-01 -5.61298966e-01 -3.47505987e-01 -4.94619608e-02
    -3.47122192e-01 -2.12081313e-01 -5.34522116e-01 -3.50012839e-01
    6.38536215e-02 -4.67002392e-04 1.62349641e-01 -2.64035285e-01
    -3.75905663e-01 -2.90047705e-01 2.55286992e-01 1.67577863e-01
    -5.32206833e-01 2.85442472e-01 -6.22057438e-01 -5.85573971e-01
    8.57312083e-02 8.57209563e-02 -5.37220240e-01 -3.63633513e-01
    1.94432735e-01 -4.28224593e-01 -2.62795329e-01 -3.28412354e-01
    -2.08260924e-01 -6.29631281e-01 -6.65613234e-01 2.05949366e-01
    -2.48488367e-01 -7.71442890e-01 2.08714247e-01 -3.76693755e-01
    -2.49351948e-01 2.33966887e-01 -7.74845481e-02 -6.24758244e-01
    1.30305350e-01 6.40543699e-02 1.40364170e-02 -2.91393191e-01
    -7.03806043e-01 -5.73354721e-01 -1.59541070e-01 -3.33837569e-01
    -7.95695782e-02 3.27305794e-02 -1.29236102e-01 5.65118790e-02
    -4.88340735e-01 -2.95597315e-03 -6.18399799e-01 4.48936224e-02
    -4.44388807e-01 -2.83753753e-01 -6.79653049e-01 -2.21534491e-01
    2.45274961e-01 1.77257240e-01 -1.28557622e-01 -3.29141349e-01
    -4.04041290e-01 -2.21818149e-01 2.54125774e-01 -6.48145974e-01
    3.03366780e-02 -7.85863996e-02 -6.53985798e-01 -7.90216565e-01
    6.80856109e-02 -4.62450206e-01 -3.60496998e-01 -3.73204887e-01
    1.76289797e-01 -3.81527066e-01 1.16997302e-01 -4.24993753e-01
    -5.67857504e-01 2.76862860e-01 2.65966415e-01 -2.38222480e-01
    -2.30928063e-01 -1.36955619e-01 -5.50655365e-01 -4.88140047e-01
    1.89892948e-01 7.20931888e-02 -5.16368747e-02 -4.22792166e-01
    -2.63955116e-01 1.94331825e-01 3.30223501e-01 1.58320129e-01
    -6.10693276e-01 1.19632959e-01 -3.94120634e-01 -3.48194480e-01
    -5.52340686e-01 -2.06841469e-01 -4.09965217e-01 -2.18041778e-01
    -4.45873410e-01 -3.17698330e-01 1.28139019e-01 -2.03858614e-02
    1.69165373e-01 5.42059541e-02 -2.43362784e-02 -4.64786351e-01
    -3.37219805e-01 1.65683329e-01 -2.27874756e-01 -2.28727639e-01
    -3.02584857e-01 -4.96904016e-01 1.74701929e-01 -3.19120109e-01
    -1.05313390e-01 2.18127370e-02 -2.32273340e-03 3.57092679e-01
    2.71305680e-01 1.15895867e-01 4.35475111e-02 -1.07510448e-01
    1.43072188e-01 -5.19551992e-01 -7.16497242e-01 -1.10025644e-01
    -1.25280917e-01 -1.02945328e-01 -8.98117423e-02 3.65049839e-02
    -1.59497619e-01 -4.42969948e-01 -8.39337111e-02 -5.96468866e-01
    -7.39434361e-02 -1.56306386e-01 -3.66026908e-01 -1.75243020e-02
    1.71634614e-01 1.55109644e-01 -4.54991639e-01 -6.16677880e-01
    2.19522476e-01 8.06083679e-02 -3.05723548e-01 -6.78480268e-02
    9.72983241e-02 -5.02191842e-01 4.33515072e-01 3.60681295e-01
    1.98975921e-01 -8.53185058e-02 1.72314465e-01 -7.23114848e-01
    -1.99618340e-01 -2.64289081e-01 -6.13780618e-01 -3.30132663e-01
    -5.81060588e-01 -4.69806433e-01 1.57525778e-01 -9.00059342e-02
    -1.84756517e-01 8.29720497e-02 1.34721100e-01 -6.63120151e-02
    -2.65476495e-01 -2.37441838e-01 -1.26576126e-01 -1.01930797e-01
    -7.13436723e-01 -4.17400122e-01 1.19251251e-01 -3.24559391e-01
    -5.78275144e-01 -4.36828911e-01 7.24900961e-02 -3.01749408e-01
    -3.82913381e-01 -3.31476450e-01 -5.35668433e-01 1.56057119e-01
    1.61979258e-01 -3.59565765e-01 -7.49780893e-01 -1.01769447e-01
    2.48081088e-01 3.56199145e-02 3.01775098e-01 1.01688623e-01
    4.41023111e-02 -6.86754584e-02 3.18366885e-02 -6.26492858e-01
    -4.95210409e-01 2.75510609e-01 -4.38402474e-01 -3.17998439e-01
    -2.84734488e-01 -6.32367730e-01 -2.56968319e-01 7.77846575e-02
    -2.31425673e-01 2.16395497e-01 3.91326547e-02 -6.32405162e-01
    -4.50191200e-01 -5.64820170e-01 -3.99303734e-01 -3.10098112e-01
    -3.70255411e-01 1.63092077e-01 -2.64964700e-01 2.98561990e-01
    5.39430976e-02 2.38116801e-01 -1.17936432e-01 3.99295688e-02
    2.03195512e-01 1.82837427e-01 -5.97164035e-01 -8.09324980e-02
    -4.25211847e-01 -5.59609532e-01 6.06051087e-02 -3.96636128e-02
    -5.34731805e-01 -3.82633567e-01 2.02334821e-01 -4.02568191e-01
    1.97189689e-01 2.99915075e-02 -3.74134719e-01 1.73719227e-01
    -4.73528892e-01 -6.07530475e-02 -8.52227211e-04 -5.62795103e-01
    -1.31508410e-01 1.83174133e-01 4.71096039e-02 2.27039754e-01
    -5.01169086e-01 -3.21143866e-01 -3.72213304e-01 -5.78050017e-02
    -6.35741532e-01 -4.38865006e-01 -4.06542242e-01 -5.12750626e-01
    -2.81761885e-01 5.35111427e-02 -4.18059230e-02 2.30622530e-01
    1.77347422e-01 -2.11027026e-01 -6.05971456e-01 7.37056136e-02
    1.17981076e-01 -5.23191273e-01 -5.51223814e-01 -1.02166593e-01
    -4.62972283e-01 -2.25230515e-01 -2.55298793e-01 -8.00202250e-01
    -2.12322235e-01 -4.24829006e-01 -5.26759148e-01 -6.37220621e-01
    1.66510165e-01 1.66053474e-01 -1.50705814e-01 -6.98480606e-01
    -4.41018224e-01 3.19844842e-01 -1.39508784e-01 1.48633599e-01
    -3.79927635e-01 -3.72718036e-01 -6.46745801e-01 -2.26204276e-01
    -2.80163825e-01 -2.19249129e-02 -2.28569508e-02 -1.51601791e-01
    -4.45958495e-01 1.67879999e-01 -3.90325427e-01 -3.29327166e-01
    -3.76165509e-02 -5.46936154e-01 1.20895445e-01 -8.03929567e-03
    2.53588915e-01 -2.19031781e-01 2.42633522e-01 -1.04413688e-01
    -4.96162891e-01 -1.59167022e-01 -1.76663786e-01 -5.66358209e-01
    -6.32604957e-01 1.23083591e-02 -2.66142458e-01 -2.47788042e-01
    -1.35588408e-01 -5.77984035e-01 -2.23453641e-02 -1.01070225e-01
    2.96474099e-02 -6.21302247e-01 -8.09563398e-02 -9.54985619e-04
    1.75954223e-01 -5.17207503e-01 -3.98402870e-01 -5.96383691e-01
    -3.87915045e-01 3.47670078e-01 8.02866220e-02 -2.83081740e-01
    1.01445377e-01 -1.65029109e-01 -6.24257028e-01 -2.44597971e-01
    -3.05721581e-01 -3.89988095e-01 1.13217235e-02 -5.82098365e-02
    -2.53452122e-01 -5.15445411e-01 -5.31571865e-01 -2.85208255e-01
    -4.67504382e-01 -3.00779521e-01 -5.09066582e-01 -3.12461019e-01
    -2.03385174e-01 -2.79183924e-01 -7.06842542e-01 -7.28921890e-02
    -1.74842536e-01 -4.44429904e-01 -3.96868855e-01 -5.18654704e-01
    -3.05771232e-01 -5.07358313e-02 -3.34262043e-01 -4.00079429e-01
    2.02252924e-01 1.50921345e-02 -1.27985537e-01 -2.91982889e-01
    6.75410032e-03 1.52527273e-01 -6.20358169e-01 2.66991556e-01
    -6.47368133e-01 -3.33540350e-01 -6.27090275e-01 1.43626034e-01
    -7.02629685e-02 -4.45386082e-01 -1.95818543e-01 -5.02301574e-01
    -2.05808938e-01 -2.05784261e-01 -5.12760162e-01 -3.22870016e-02
    -5.44437647e-01 -4.41325992e-01 -1.70347035e-01 -3.28174174e-01
    -6.53960824e-01 -8.30847025e-03 1.03027701e-01 -2.77268052e-01
    1.43911302e-01 4.85145450e-02 -4.46819961e-01 -2.58616805e-02
    -3.17644477e-02 -5.65677643e-01 1.18640482e-01 -1.72751606e-01
    -3.78950685e-01 -6.01880252e-01 -5.50230145e-01 4.07785535e-01
    8.76430273e-02 -3.45799416e-01 -5.55172622e-01 1.16758108e-01
    -5.96905112e-01 -2.73012280e-01 1.01441503e-01 -2.42150903e-01
    -2.07039893e-01 -3.28613520e-02 -4.57586169e-01 -2.28947997e-01
    -8.61344039e-02 -3.99941623e-01 -3.20910394e-01 -7.48387933e-01
    -4.65607703e-01 2.40581691e-01 -5.41477263e-01 -6.44415617e-01
    -3.95537198e-01 5.84584475e-03 -1.58860683e-01 1.19832933e-01
    -8.64639878e-02 -7.91582346e-01 -1.60185218e-01 -1.41680658e-01
    -7.19879866e-02 1.89131200e-01 -3.03506136e-01 -2.57277787e-01
    -6.70892000e-01 -5.26526332e-01 -6.42304897e-01 1.28837049e-01
    7.47192502e-02 3.62477303e-02 -1.00451708e-03 -4.53718811e-01
    -5.98261356e-02 1.16459489e-01 -4.81769711e-01 -3.97399366e-01
    3.13985765e-01 1.46474838e-02 -3.16197753e-01 1.21266365e-01
    -1.85226679e-01 -6.78797364e-01 1.17294788e-02 -2.13632882e-01
    -2.41028786e-01 -3.75679910e-01 -3.76100242e-01 -3.76041949e-01
    -4.06823993e-01 1.02281630e-01 -1.77490354e-01 -1.72154546e-01
    -1.28844380e-01 -1.60004586e-01 -5.67377210e-01 6.89799190e-02
    -7.74589181e-02 -3.95283699e-02 -3.35406035e-01 -1.17965519e-01
    -1.76709652e-01 -3.36967498e-01 -3.55454415e-01 1.13552809e-03
    -5.07583618e-02 -2.00629234e-01 5.59643507e-02 -6.43970609e-01
    -4.53820229e-02 3.26491117e-01 -2.44290173e-01 -2.34589517e-01
    -3.22618365e-01 2.78756618e-02 -6.05652213e-01 -2.73713470e-01
    -7.02953696e-01 1.46678030e-01 1.54449642e-01 2.71736383e-01
    -1.27734900e-01 -2.17567086e-01 9.03424025e-02 -3.64401519e-01
    -6.32714272e-01 2.85889328e-01 1.80330157e-01 -4.75764275e-01
    -5.17368436e-01 5.76297641e-02 3.28198671e-02 -5.70222735e-01
    -2.24671930e-01 -3.66037905e-01 -4.24486101e-01 1.84790909e-01
    -2.94476748e-02 -3.93878579e-01 -6.33610606e-01 -6.49474978e-01
    -4.22904491e-02 2.16942310e-01 2.03160763e-01 -1.71707988e-01
    -4.34739262e-01 1.28620327e-01 -4.32077050e-01 1.31724089e-01
    -1.55779839e-01 -3.62524241e-01 2.69005060e-01 -5.53970635e-01
    -4.22881544e-01 -2.64955044e-01 -4.32923615e-01 -3.78081918e-01
    1.58245504e-01 -7.73464024e-01 -2.71146417e-01 -1.95863307e-01
    -5.05156875e-01 -3.29072803e-01 -7.72238493e-01 1.69245780e-01
    1.61753416e-01 -4.37821895e-01 -5.26189625e-01 2.42774844e-01
    -2.25605369e-02 -2.06752598e-01 -7.18284845e-01 -5.50375640e-01
    2.22903490e-02 7.62134790e-03 -1.46460533e-01 -4.39264327e-01
    -1.47048056e-01 1.44041896e-01 1.87043846e-01 -9.41242576e-02
    -2.41884768e-01 -1.06310844e-01 -3.24034452e-01 -2.51828492e-01
    -6.62749887e-01 -1.51388884e-01 -1.19858980e-02 2.16997385e-01
    -3.30659449e-01 -4.58423823e-01 -3.11346322e-01 1.81484878e-01
    -4.30007100e-01 -2.26438642e-01 -2.25596398e-01 -3.82731766e-01
    -6.11878157e-01 4.39398289e-02 -4.08942342e-01 -6.02204204e-02
    -1.30838871e-01 -5.34476519e-01 4.58869338e-02 -5.08628845e-01
    2.24465132e-03 -3.07423770e-01 -1.92452788e-01 -3.41810703e-01
    -2.32115686e-01 -3.44498456e-01 9.47519541e-02 -5.89394212e-01
    -4.38466579e-01 -2.98554301e-02 -3.18704516e-01 -2.51998872e-01
    -3.04006934e-01 -4.11574721e-01 7.89560676e-02 -1.42967463e-01
    -1.79431200e-01 1.80060148e-01 -2.94765621e-01 -8.64863396e-02
    -5.88030219e-01 1.02187097e-01 -6.15414202e-01 -3.21292877e-02
    -2.45575130e-01 -3.39309156e-01 3.60217035e-01 -2.24423528e-01
    -1.45593405e-01 1.06249392e-01 -6.27201796e-03 7.20239878e-02
    5.42299747e-02 1.60141289e-01 -4.73941326e-01 1.51789606e-01
    -4.78997350e-01 -3.30289483e-01 4.15675640e-02 -5.37964940e-01
    -6.31661475e-01 2.61573076e-01 -2.49986649e-01 -4.18128848e-01
    -4.32281315e-01 -5.97779512e-01 -3.10899109e-01 -2.28496194e-02
    -1.16935909e-01 -6.78361058e-02 -4.32361752e-01 -6.62341833e-01
    2.65606642e-02 -6.27251983e-01 -6.65910006e-01 8.20217729e-02
    -4.27568734e-01 -5.43332577e-01 1.60529733e-01 -4.18951154e-01
    -3.51289958e-01 1.47967458e-01 -4.25247043e-01 7.16212988e-02
    5.72860241e-04 1.06831014e-01 -4.96310860e-01 -4.25151408e-01
    -4.12307262e-01 -7.70448625e-01 -5.41123271e-01 3.40462327e-02
    2.99349427e-02 -1.76380694e-01 -1.01152360e-01 -3.41468424e-01
    -8.15641403e-01 -8.40262055e-01 -4.21585709e-01 1.21057212e-01
    -2.83598006e-01 -1.86414301e-01 -5.34361064e-01 -6.57639503e-02
    -3.23953450e-01 -4.98861104e-01 2.15214849e-01 2.83502162e-01
    -2.12250501e-01 -4.09724176e-01 -5.91645420e-01 1.85027957e-01
    -3.85600328e-02 -6.15206957e-01 -5.64273000e-01 3.79722357e-01
    -6.28966808e-01 -5.94032407e-01 -2.67040074e-01 -3.56664062e-02
    -2.42746294e-01 -3.29176188e-01 -4.81038660e-01 -3.01341414e-02
    -3.09474945e-01 1.10072136e-01 -2.09239125e-02 2.48897076e-03
    -3.78078222e-01 -5.46933949e-01 -1.69059038e-01 6.30092621e-03
    -8.00730526e-01 -3.18297386e-01 -6.45209551e-01 -6.15421534e-02
    -2.09257603e-02 -3.81681234e-01 -1.75569534e-01 -3.75497311e-01
    -3.25144351e-01 -3.48211527e-01 -4.84677374e-01 -1.35612130e-01
    -5.11863410e-01 -2.46903807e-01 -4.86815065e-01 -2.52031982e-01
    -8.87634158e-02 -4.36560184e-01 -3.41872454e-01 -3.50643963e-01
    -1.51988864e-01 -3.22118998e-02 -4.96201545e-01 -2.61404514e-02
    -9.20498967e-02 -4.84718263e-01 -2.74055809e-01 -5.60636282e-01
    -6.52054429e-01 -3.19451690e-02 -5.24073482e-01 -6.80600286e-01
    -3.22057694e-01 -1.66657567e-01 2.60949850e-01 -2.80879259e-01
    -2.29522705e-01 -2.67521232e-01 -4.80935246e-01 1.09959960e-01
    -3.89898419e-01 -5.60194254e-01 -5.27139306e-01 1.03672385e-01
    -2.60087252e-02 -1.80625141e-01 1.04292750e-01 -1.62929237e-01
    -4.16654140e-01 -6.02318048e-01 -4.46423233e-01 -3.30893666e-01
    -1.86270803e-01 -6.42473817e-01 5.76287508e-03 -2.53514379e-01
    -4.28933233e-01 -1.55950546e-01 -5.90034127e-01 -3.78059566e-01
    -4.92345124e-01 -2.52229095e-01 2.19423294e-01 -6.97400570e-01
    -7.41972208e-01 1.23257756e-01 -3.26695561e-01 -5.22581100e-01
    -7.24458814e-01 -4.53150868e-02 -2.42482722e-01 -1.37724638e-01
    7.92288780e-03 4.07700539e-02 -5.30680537e-01 5.40620685e-02
    -7.26939261e-01 -5.18627882e-01 -6.64596558e-01 -2.15690076e-01
    -1.85191393e-01 -6.22121215e-01 -1.68209374e-01 -2.34963298e-01
    -3.52103710e-02 1.01073384e-02 -3.01535517e-01 2.96435893e-01
    -3.93749475e-01 5.51429391e-02 -4.24793482e-01 -4.63402510e-01
    2.22308040e-01 2.32335031e-01 -6.76984906e-01 -1.48142576e-01
    -5.40672660e-01 -2.91637897e-01 4.99905944e-02 -1.37051940e-01
    -9.55772400e-03 8.54423046e-02 6.64287806e-02 1.63111985e-01
    1.12002075e-01 -1.02013528e-01 -5.40565848e-02 -2.91656435e-01
    2.36972988e-01 1.42271161e-01 -4.71777439e-01 -2.50487328e-01
    -2.04770684e-01 -3.15435946e-01 -4.49665844e-01 -2.23370075e-01
    -9.92247462e-02 -3.91002476e-01 -2.02764869e-02 -2.68302500e-01
    -5.85210681e-01 2.00575769e-01 2.50647664e-02 -9.75843668e-02
    -4.76110041e-01 -5.38525105e-01 -4.41720188e-01 3.33328962e-01
    -5.07365286e-01 -6.13746822e-01 -4.24747646e-01 -3.99679035e-01
    -2.19046891e-01 -1.60903573e-01 -5.29643297e-01 -3.59510720e-01
    2.17372179e-03 -3.53715211e-01 1.49287939e-01 -4.76172477e-01
    -1.40662789e-02 1.26738012e-01 -1.50623500e-01 -3.55590880e-01
    1.87840521e-01 -1.08076513e-01 -2.60042459e-01 -3.95079136e-01
    9.36137438e-02 -6.03061914e-03 -3.46623063e-01 -4.09841686e-01
    1.26400173e-01 2.21633315e-01 -1.60696507e-02 4.25380468e-03
    -1.61556840e-01 -5.64409375e-01 1.73507810e-01 -4.92722869e-01
    -6.71109557e-01 2.28102922e-01 -1.38019621e-01 -1.64452434e-01
    -5.65260530e-01 5.18251061e-02 -2.91461051e-01 -6.15167558e-01
    2.13393807e-01 -1.96095973e-01 4.17061687e-01 -1.36513621e-01
    -2.70621717e-01 -5.01996398e-01 2.46954501e-01 -4.83340621e-01
    -6.42628849e-01 1.60031438e-01 1.70101225e-01 -1.50533319e-01
    -5.91025472e-01 -1.85796261e-01 3.15092266e-01 2.30174959e-01
    8.47765803e-02 -5.44648051e-01 -2.70198166e-01 -4.73079473e-01
    1.10088408e-01 2.22313404e-01 -5.47333717e-01 -2.56116033e-01
    -3.33345443e-01 -6.22601986e-01 -5.68120837e-01 1.34800196e-01
    -8.18678141e-02 -4.40258384e-02 -2.29985565e-01 1.58004940e-01
    2.70286500e-01 1.23512983e-01 1.08637810e-02 9.89222527e-03
    -4.37740713e-01 -1.19655907e-01 3.34621370e-01 1.42305493e-02
    -4.68475729e-01 -2.62330890e-01 1.42124355e-01 -2.11700976e-01
    1.56573355e-01 -2.42243677e-01 -1.86734378e-01 -4.05783832e-01
    -3.68148923e-01 -7.87863672e-01 3.90285254e-03 -6.99877739e-04
    7.56813288e-02 4.71407175e-02 -3.18331629e-01 -5.17699122e-02
    -1.01362586e-01 -3.20624709e-01 -1.91339433e-01 -3.93862724e-02
    -1.92353427e-01 -5.67720413e-01 -4.86316413e-01 -4.95350957e-01
    -3.15348566e-01 -1.45656645e-01 2.25655198e-01 -5.33029318e-01
    -3.47008407e-01 1.93274915e-01 -3.89725715e-01 3.31344187e-01
    -5.15041709e-01 1.46213293e-01 3.79568577e-01 -7.58528709e-03
    2.45474577e-01 3.22224498e-02 -5.65289378e-01 -1.03277922e-01
    -1.36377215e-02 -2.40778893e-01 -4.08243477e-01 6.34445548e-02
    -8.89740586e-02 3.58064175e-02 -4.16169912e-01 -5.22252858e-01
    -3.49302143e-01 -5.80182314e-01 4.89193797e-02 -2.66401350e-01
    -4.79115099e-01 -4.25171137e-01 4.69667315e-02 -1.67994201e-01
    -1.33906126e-01 1.71521306e-02 -7.98779726e-03 -1.97749376e-01
    -2.09524810e-01 -1.82763159e-01 -6.24210715e-01 1.12388134e-02
    2.75087297e-01 -2.22978354e-01 1.72274172e-01 -4.26898867e-01
    -2.77377784e-01 3.24573755e-01 -2.96508312e-01 -2.50469625e-01
    -2.29644895e-01 -1.01278663e-01 1.00472093e-01 -1.22915864e-01
    2.90697396e-01 -2.87854254e-01 -1.68757498e-01 5.73390126e-02
    -1.03326440e-02 1.22765899e-02 -3.52768391e-01 -2.84828514e-01
    -3.39539796e-01 -1.35926306e-01 3.08833122e-01 -5.45408964e-01
    1.59692824e-01 -1.57709599e-01 -6.78156257e-01 -4.96687293e-02
    -5.79872489e-01 2.38183737e-02 -3.79373670e-01 -6.43169045e-01
    -1.13640428e-01 -5.11876404e-01 -2.32110769e-01 7.12319016e-02
    -3.58599782e-01 -5.43659687e-01 1.46804750e-01 -1.23602808e-01
    -4.04815197e-01 -8.37492347e-02 -6.77721679e-01 -2.45196581e-01
    -1.83859766e-01 -3.50110888e-01 1.89301729e-01 9.96453166e-02
    -3.65037084e-01 -6.78071499e-01 9.52829123e-02 -6.44856691e-01
    1.02523088e-01 8.57239962e-02 -4.15751398e-01 2.97022402e-01
    -4.26234961e-01 -6.17723584e-01 5.37953377e-02 -6.60724282e-01
    -9.66166258e-02 1.44301474e-01 -4.88512874e-01 -4.23680663e-01
    2.73001969e-01 -7.83443451e-02 -6.72922373e-01 1.89584672e-01
    -7.08168745e-03 -5.96875310e-01 -7.01894343e-01 -5.13822675e-01
    5.24275303e-02 -6.35390460e-01 1.01207793e-01 -3.41350198e-01
    -3.90712231e-01 -6.54206514e-01 -3.88546050e-01 -5.97292185e-02
    -1.26944184e-02 -4.03881758e-01 -1.81266069e-02 -6.90904677e-01
    -2.90320337e-01 -2.43224561e-01 -4.88482058e-01 -1.22776449e-01
    -7.23265052e-01 -7.40115702e-01 -3.86071205e-01 -4.26918566e-01
    -5.77284575e-01 -3.93958837e-01 -1.95544362e-02 5.63641191e-02
    1.53442860e-01 2.35467851e-01 -2.12347746e-01 -2.23053753e-01
    -3.74408126e-01 -1.79610789e-01 3.89802456e-03 -2.10765600e-02
    -2.28954911e-01 -2.83736289e-01 -4.45020884e-01 -3.86010110e-01
    2.83525050e-01 1.78754091e-01 -5.40283978e-01 -2.25144446e-01
    -1.61333561e-01 -3.15351427e-01 3.33462536e-01 -2.39005864e-01
    3.17753315e-01 -3.90221417e-01 -6.99206710e-01 -2.62652636e-02
    -1.75320953e-01 2.97955453e-01 -5.05339324e-01 -4.18615878e-01
    -2.21545279e-01 2.45983958e-01 -6.03865743e-01 -3.11402738e-01
    -4.25517023e-01 2.80674338e-01 5.75959682e-03 1.15617812e-01
    6.68443441e-02 -5.38351059e-01 -4.81509566e-02 -4.86835778e-01
    1.00178003e-01 -1.36696160e-01 -2.63097346e-01 1.69001222e-01
    -2.87872136e-01 -1.53487802e-01 -1.22667551e-02 2.61330009e-01
    2.77494192e-02 -7.04670489e-01 -6.22039557e-01 2.02373624e-01
    -5.08453250e-02 -6.19521201e-01 3.10878873e-01 -5.61437368e-01
    -2.34121621e-01 1.77699804e-01 -5.50609648e-01 -3.10418069e-01
    -1.99599236e-01 -3.61624241e-01 -4.84485775e-01 -2.89604634e-01
    -2.71252692e-01 -5.63477993e-01 -5.06170154e-01 9.13723111e-02
    -4.12813783e-01 2.71354258e-01 -5.15641510e-01 -3.97082686e-01
    -4.12091553e-01 -1.33673251e-01 -5.90057313e-01 9.40149426e-02
    9.17928815e-02 1.55836940e-02 -5.89146793e-01 -5.16322672e-01
    -3.04657102e-01 1.10167503e-01 8.77555013e-02 8.26891065e-02
    -4.37056035e-01 -4.51442629e-01 -1.44315302e-01 1.40754402e-01
    -6.52552843e-01 -3.91942173e-01 -5.23600459e-01 -4.16134983e-01
    -3.16917777e-01 -3.53881359e-01 -6.17606163e-01 -3.09055209e-01
    -5.31044245e-01 -5.49464822e-01 -3.28568757e-01 3.18602204e-01
    -5.11056423e-01 -6.05149984e-01 -3.52259398e-01 1.92415059e-01
    -3.94781828e-02 -1.50661349e-01 9.13330317e-02 -7.57120609e-01
    -1.60517275e-01 6.05564117e-02 -3.39386493e-01 -1.53843641e-01
    -6.27768278e-01 -3.02014172e-01 6.22037053e-02 -3.37792993e-01
    -2.46079862e-01 7.72125125e-02 -5.49318373e-01 -5.56238711e-01
    -7.95454979e-02 1.11884475e-01 -1.06579125e-01 -5.60304880e-01
    8.86002779e-02 -5.22571504e-01 -1.53055787e-02 1.19504035e-01
    -5.98630250e-01 -1.29235804e-01 4.91499901e-04 -7.60526180e-01
    -5.19838333e-01 -1.47577822e-01 -4.61391538e-01 -4.42401856e-01
    -1.82876825e-01 -6.91267252e-01 -6.20719552e-01 -4.39134955e-01
    1.22479856e-01 -2.80970335e-03 1.18716121e-01 -3.83281887e-01
    1.15318298e-01 -6.82462811e-01 2.76109576e-02 -4.65632796e-01
    4.25919890e-02 1.01151228e-01 -3.19755435e-01 2.26648033e-01
    -6.48866951e-01 -3.04198951e-01 -1.77637756e-01 -6.29203320e-02
    -5.98406196e-01 -2.72158235e-01 -5.19390702e-01 4.76917624e-02
    -6.75602794e-01 -6.82661176e-01 1.12958372e-01 -6.88915730e-01
    2.65822828e-01 2.06154525e-01 -6.14702046e-01 -4.87475634e-01
    -2.42063403e-02 8.78906250e-03 -3.52736443e-01 -3.25434685e-01
    -3.65813375e-02 -4.68858004e-01 -4.68029559e-01 -1.39124513e-01
    1.95574939e-01 -1.29466712e-01 -4.71699297e-01 -1.19454443e-01
    5.03606200e-02 2.98147202e-02 -2.21716136e-01 -5.42794168e-01
    -5.68184495e-01 -4.37543631e-01 -1.11477435e-01 1.01945519e-01
    -4.62345481e-02 -8.46350074e-01 -4.12490308e-01 6.50888085e-02
    -4.26842749e-01 -4.05936390e-01 -2.95460224e-02 -4.43808615e-01
    -2.67104208e-01 -1.62379771e-01 -1.86405778e-01 -1.76949084e-01
    -4.29312766e-01 2.44509816e-01 -1.12365544e-01 -4.07283306e-02
    -4.36485529e-01 1.56256497e-01 1.73229456e-01 -6.04174614e-01
    -5.21649122e-02 -3.32064450e-01 2.49540031e-01 1.26480341e-01
    -2.28480518e-01 2.70611048e-02 -6.20903134e-01 -2.19247103e-01
    1.79411530e-01 -3.89587224e-01 -3.18851292e-01 2.18649447e-01
    1.36733651e-02 -1.19567394e-01 1.40106559e-01 -1.29254758e-01
    1.21925592e-01 -3.40756744e-01 -6.95847213e-01 9.10596251e-02
    1.70920193e-01 -7.00343013e-01 1.00038052e-01 1.69839621e-01
    5.39941788e-02 -4.52018321e-01 -3.45116735e-01 9.42921638e-03
    -3.22387993e-01 4.88867760e-02 -1.10985279e-01 -2.66595304e-01
    -5.62875688e-01 5.46824932e-02 -2.24275827e-01 9.28968191e-03
    -7.27094412e-01 1.44744039e-01 -1.74504340e-01 -6.17117226e-01
    -3.13583195e-01 2.64293849e-01 -6.01602972e-01 -8.82470608e-02
    -7.02845454e-01 -8.13194513e-02 -1.33389235e-02 -2.06727803e-01
    -6.43139780e-01 -2.51673907e-01 -3.28591049e-01 3.87048066e-01
    -3.94353569e-01 -3.35770249e-01 -4.71429497e-01 2.69237757e-02
    -3.40864927e-01 -6.13311052e-01 -3.01120043e-01 -1.93841785e-01
    2.59382606e-01 -3.76772165e-01 -4.07813907e-01 1.76632464e-01
    2.27756917e-01 -2.01515794e-01 -4.87295419e-01 -5.67389607e-01
    3.36149096e-01 -5.13148904e-02 1.79747641e-01 1.98168159e-02
    -7.45282173e-02 -1.21535838e-01 -4.40174878e-01 -3.33443135e-01
    -6.42699599e-02 -6.64579272e-01 -1.69125617e-01 1.94649041e-01
    -7.38298059e-01 -2.49297380e-01 -3.28728914e-01 -3.03107142e-01
    -6.43033147e-01 -2.42462605e-01 1.20278299e-01 1.02317870e-01
    -5.92231035e-01 -4.84181225e-01 -3.59367341e-01 -5.22302151e-01
    -4.53540772e-01 1.13862872e-01 -2.80721545e-01 -1.92041576e-01
    -4.37850803e-01 -4.93455142e-01 -3.37187737e-01 2.25776136e-01
    2.90804803e-01 1.38962030e-01 -5.75666070e-01 1.75281942e-01
    -4.93920177e-01 -5.36408424e-01 -5.78992724e-01 -1.93609238e-01
    1.54669762e-01 -2.43801802e-01 -5.56018114e-01 -3.27880621e-01
    4.63988185e-02 1.26829088e-01 -4.61378485e-01 -3.17999423e-01
    -5.30695438e-01 -1.46316826e-01 -2.25307882e-01 -1.86412871e-01
    5.11777997e-02 1.09124362e-01 -6.51221156e-01 -6.02682948e-01
    -2.26153851e-01 -2.20268846e-01 -6.34968877e-02 -1.73391759e-01
    -3.54024261e-01 1.45362318e-01 -7.45131969e-02 -5.54187894e-02
    -2.69394815e-01 -6.93504810e-01 -3.16739857e-01 -1.92549527e-01
    -6.53109193e-01 -2.79507428e-01 -5.79628587e-01 1.74540520e-01
    1.17227137e-01 -1.04968011e-01 8.76560211e-02 -3.64068866e-01
    -5.28095067e-01 -4.16593969e-01 3.03571463e-01 2.66140699e-02
    -6.10411167e-04 -4.21002179e-01 -4.62782085e-01 -2.66805351e-01
    -1.51763499e-01 -7.15150833e-01 -3.34843665e-01 -6.26261473e-01
    1.14440918e-01 -6.91826105e-01 -3.10330689e-01 -3.59342217e-01
    1.64517581e-01 -2.40199447e-01 1.89508915e-01 -2.59026945e-01
    3.37564349e-02 2.90897369e-01 2.40239322e-01 6.53858781e-02
    -7.78102875e-03 -5.66082060e-01 -6.77517653e-01 -6.99169278e-01
    2.88541794e-01 2.41684914e-03 -5.51692307e-01 -3.35229456e-01
    -6.22091413e-01 1.41372800e-01 -6.55809402e-01 -4.41240489e-01
    1.73363209e-01 -4.32061195e-01 -3.52703571e-01 3.37916076e-01
    -1.25477314e-02 -2.43158937e-02 -5.25401473e-01 1.90188587e-01
    -5.87653697e-01 -5.27464509e-01 1.40719831e-01 1.66172922e-01
    -5.57772279e-01 1.20108724e-01 1.05502188e-01 6.55536652e-02
    -1.29292548e-01 1.06741846e-01 -6.82005703e-01 -5.45162201e-01
    -2.52803952e-01 -3.27873945e-01 -4.52687263e-01 5.23899198e-02
    1.07373655e-01 -3.26886356e-01 1.88144863e-01 -2.45894611e-01
    7.60371685e-02 -5.50275564e-01 -2.68671155e-01 -2.11548924e-01
    -4.50820982e-01 -6.25448525e-01 -3.59482497e-01 -3.73101830e-02
    -4.01051790e-01 -3.51279974e-02 -4.36123550e-01 7.65413046e-02
    1.46613419e-01 -2.19981104e-01 -5.68714499e-01 1.32469118e-01
    -4.60667223e-01 4.60408330e-02 -7.09872127e-01 -7.26485252e-02
    6.61116242e-02 -5.22347689e-01 -3.02902877e-01 -2.50467360e-01
    -2.65798867e-01 8.45439434e-02 -2.35881090e-01 -1.65691555e-01
    -7.22256303e-02 4.51285243e-02 1.48710370e-01 -5.60873032e-01
    1.74336135e-01 -1.57316446e-01 1.33430362e-02 -3.33578855e-01
    2.25175142e-01 -4.47297901e-01 -5.21635771e-01 -6.36896610e-01
    1.37008667e-01 -7.81223178e-02 -3.63749266e-02 -6.88961387e-01
    -3.34648550e-01 1.96170807e-02 -5.39989948e-01 -2.52595961e-01
    4.69956398e-02 5.43742180e-02 -4.11492765e-01 -1.84153259e-01
    -1.52974546e-01 -3.93564522e-01 -6.48515105e-01 -5.92915773e-01
    -8.50963593e-03 -3.40393364e-01 -6.73857331e-01 -1.29948795e-01
    2.94061899e-02 -3.45328718e-01 -4.43389177e-01 -4.86945510e-02
    -7.07695484e-02 -1.59379661e-01 -6.39613509e-01 -6.40225410e-02
    -6.43615961e-01 -1.04862928e-01 -4.43723679e-01 -1.24362707e-02
    -3.82565141e-01 -1.21877253e-01 -1.20252490e-01 -5.65970540e-01
    -3.23602915e-01 1.94264054e-01 -2.05172598e-01 -1.56813204e-01
    -4.46407437e-01 -1.59450769e-01 2.01089203e-01 -7.27379441e-01
    -4.32148576e-01 -3.43671471e-01 2.33171344e-01 -1.26814783e-01
    3.37935090e-02 -1.53839380e-01 3.17176282e-01 -1.41832173e-01
    1.93248153e-01 -5.89639425e-01 -4.07826245e-01 9.52434540e-02
    -5.21813571e-01 -3.48833352e-01 -5.57916820e-01 -6.65089488e-02
    -3.82968754e-01 -4.63180453e-01 -4.92995799e-01 -5.42965531e-02
    3.71698380e-01 -6.33642435e-01 -4.53314990e-01 -1.30804181e-02
    -6.43163323e-01 -3.67417574e-01 4.84732985e-02 -2.05171585e-01
    -6.75328135e-01 -2.13599056e-01 -6.80781603e-01 -6.55027151e-01
    -1.51744485e-02 -6.68609381e-01 -4.28164095e-01 -3.68766367e-01
    2.63279498e-01 7.58389235e-02 -6.33039594e-01 2.64147520e-01
    -5.38645983e-02 -9.39300060e-02 6.40836954e-02 -6.75880671e-01
    -3.70727897e-01 -4.83674794e-01 7.85519481e-02 -4.74547178e-01
    -6.18135393e-01 6.26605153e-02 -5.12385726e-01 -6.76774144e-01
    -4.03654337e-01 2.28206277e-01 -5.44621944e-01 -1.86825961e-01
    -5.29402137e-01 -6.24216676e-01 -5.35857558e-01 -7.56602287e-02
    1.63082302e-01 -5.67579269e-03 -2.72842437e-01 -1.50449455e-01
    -4.34633464e-01 -3.51334900e-01 2.65645266e-01 3.70374262e-01
    -3.97513598e-01 -1.06307924e-01 -8.52795243e-02 -5.91632724e-02
    2.56515145e-02 -1.35293484e-01 -3.14120978e-01 1.47761703e-02
    2.90880799e-02 -2.38923669e-01 -2.68354356e-01 -5.60049355e-01
    -2.12204456e-03 -6.68405414e-01 8.20844769e-02 2.15967357e-01
    -5.49597859e-01 -6.16704822e-02 -2.70468533e-01 -2.19456613e-01
    -1.20445073e-01 -8.62038732e-02 -1.70093894e-01 -5.71412742e-01
    -3.40806663e-01 -4.08709049e-01 -2.22274005e-01 -8.61124992e-01
    -1.05720758e-03 -1.58551335e-02 1.47971392e-01 -1.16861701e-01
    -4.27120745e-01 2.53410339e-01 -3.30008745e-01 1.75512552e-01
    -6.28076196e-02 -1.81181371e-01 -1.62681341e-02 -9.56783295e-02
    3.03134382e-01 -2.39656121e-01 -2.41146713e-01 -8.84543657e-02
    3.30525637e-02 -1.44537747e-01 -3.78486097e-01 1.95587337e-01
    -1.03838146e-01 -4.05638993e-01 1.93937421e-01 -1.41343415e-01
    -2.01590657e-02 4.30034399e-02 -3.96012604e-01 -4.05419230e-01
    -1.39615715e-01 -5.58129072e-01 -4.21301126e-02 -4.92091358e-01
    -5.92664480e-02 -4.12478089e-01 -6.26594543e-01 -3.91086221e-01
    3.08541059e-02 -3.49540710e-02 -5.86032271e-02 3.59648466e-02
    9.28534269e-02 -5.44319034e-01 -6.49367929e-01 1.00163996e-01
    1.81733251e-01 -3.57684731e-01 -2.06236690e-01 1.92256510e-01
    1.49378538e-01 2.08792448e-01 5.21622896e-02 3.28148663e-01
    -5.58056235e-01 -1.76285505e-01 -3.49230915e-01 3.63456309e-01
    -1.69369429e-01 -7.72888601e-01 -1.37202621e-01 -7.77466297e-02
    -3.00972164e-01 -3.24514419e-01 -6.79480195e-01 -4.99189496e-01
    6.11604452e-02 -1.20508671e-01 -5.59818625e-01 -1.96292251e-01
    -2.92418957e-01 -1.53612316e-01 -3.04644704e-01 -8.49086046e-02
    -2.64804244e-01 -5.15764654e-01 -1.08872533e-01 2.93670297e-02
    -7.18929172e-01 1.73480451e-01 -5.28942227e-01 7.06424117e-02
    1.77045107e-01 -2.38037825e-01 -6.30460143e-01 -3.66710514e-01
    4.30169702e-02 -2.22990960e-01 7.03411102e-02 -3.32448065e-01
    -3.32553804e-01 1.70349479e-02 -2.91036963e-01 -2.81805694e-01
    -1.39934033e-01 -4.97075498e-01 2.88376629e-01 -9.81008410e-02
    -5.84522367e-01 2.84188330e-01 -2.14692354e-02 -2.47366607e-01
    -3.93993855e-01 -1.29774272e-01 3.47419381e-02 -3.08492601e-01
    -4.35347319e-01 -3.63444418e-01 -2.70453036e-01 -6.68312192e-01
    7.52017498e-02 1.95844650e-01 -2.99643576e-01 -5.43073177e-01
    -2.67920494e-02 -4.06175494e-01 8.12027454e-02 -2.01576471e-01
    -5.48350811e-01 -6.74404383e-01 1.62396193e-01 2.85370946e-02
    -7.56076276e-01 -1.44925535e-01 -5.66616476e-01 -4.24808890e-01
    -3.72448474e-01 -3.72425079e-01 -5.26490927e-01 -2.46457577e-01
    -3.77947420e-01 2.55264580e-01 -2.76856482e-01 -1.31713569e-01
    -5.95192909e-01 -4.80049789e-01 -1.28406644e-01 1.59152150e-02
    -1.24439836e-01 -6.69092059e-01 -5.68468153e-01 -2.31171012e-01
    -1.85784817e-01 -6.35778189e-01 -1.05702519e-01 1.82566404e-01
    4.85257506e-02 -4.12962407e-01 -1.35481298e-01 -4.33198094e-01
    -5.67951560e-01 1.40194476e-01 -2.08609611e-01 -1.16679728e-01
    -5.36382079e-01 -7.89723814e-01 2.04136610e-01 8.68023634e-02
    -7.55573511e-01 -4.02394831e-01 7.98341036e-02 -3.63244891e-01
    -4.39690650e-01 -1.66418016e-01 8.13040137e-02 -6.09372199e-01
    -6.95912719e-01 -4.77138370e-01 -7.40744472e-02 8.60877633e-02
    -6.27691746e-01 -6.20296299e-01 1.39175236e-01 -5.20004988e-01
    -2.82727480e-02 5.97621799e-02 -5.07000089e-01 3.34534645e-01
    -2.38808811e-01 -4.86254692e-03 -5.28528750e-01 2.07568526e-01
    -4.15694594e-01 2.99317777e-01 2.73045778e-01 -3.36354792e-01
    -3.14156026e-01 -2.03748226e-01 -2.58348227e-01 -2.77287811e-01
    -5.79707980e-01 3.19466591e-02 2.18330264e-01 -1.88280284e-01
    -1.57895744e-01 -4.31437552e-01 -2.60381997e-01 -5.48569918e-01
    -2.60082304e-01 -5.91715693e-01 -2.69288719e-01 -5.32680631e-01
    -1.93227112e-01 -5.19170642e-01 7.08199143e-02 9.59722400e-02
    -3.78600359e-02 2.06494510e-01 -4.46438789e-03 -2.68396944e-01
    7.87914395e-02 -5.47700405e-01 7.12827444e-02 -2.79093385e-02
    3.10039520e-03 1.64435446e-01 -2.05928892e-01 -2.66188055e-01
    3.78921628e-01 -3.92695308e-01 1.00403070e-01 -1.05298638e-01
    2.64883101e-01 -6.05573893e-01 -6.50416434e-01 -4.12789166e-01
    1.32602632e-01 -6.80767417e-01 -7.04992652e-01 -3.66620392e-01
    2.45947659e-01 -5.51561356e-01 2.05114484e-01 -1.38659179e-01
    -5.61948776e-01 -5.92077971e-02 -2.17853963e-01 2.16221869e-01
    -7.89468884e-02 -1.28764629e-01 -2.62332857e-01 -8.70962739e-02
    1.46813810e-01 -3.57263863e-01 -5.83491325e-02 -5.12086391e-01
    -6.48538470e-01 -6.75310731e-01 -1.17509365e-01 -7.88365602e-02
    1.38188541e-01 -8.11098218e-01 -1.55208051e-01 8.37060809e-02
    -4.62216109e-01 -5.26498973e-01 -2.03109503e-01 -1.19622171e-01
    -7.19687939e-02 -8.16926956e-02 -2.87998676e-01 -3.87895763e-01
    1.49096131e-01 -1.65466666e-01 -6.61756575e-01 -5.06178141e-02
    -1.48238301e-01 -6.46084189e-01 7.91897774e-02 -1.06300056e-01
    -4.24453080e-01 -6.13586962e-01 3.39390337e-01 -4.66541111e-01
    -5.22683084e-01 -1.57186806e-01 -1.70888484e-01 -3.09327900e-01
    -1.96744978e-01 7.70788789e-02 -4.09797192e-01 -6.22099936e-01
    -2.34922051e-01 -1.43748522e-02 -8.60218763e-01 -3.77999157e-01
    -1.82177305e-01 -4.76674438e-01 -2.74032116e-01 -5.74707747e-01
    -7.47785330e-01 -1.42458975e-01 -7.02135444e-01 -2.21442580e-02
    -4.73468721e-01 1.43124163e-01 -4.96300697e-01 -2.42053986e-01
    -5.31142950e-02 1.87620282e-01 -5.71805239e-01 -4.52692002e-01
    -4.89883006e-01 -4.46228206e-01 1.73653126e-01 -3.48213673e-01
    -5.04075885e-01 -6.54631674e-01 -3.65886241e-01 -1.32441998e-01
    -5.13416469e-01 -2.09934860e-01 -3.47847342e-01 2.43687451e-01
    -3.79960835e-01 -2.43907094e-01 -4.00225550e-01 1.94424868e-01
    -2.69475281e-01 -1.62056446e-01 -4.53025460e-01 -3.23227286e-01
    -4.25710112e-01 1.34162247e-01 -5.39188266e-01 2.13268518e-01
    5.06783128e-02 -6.37829125e-01 7.21864700e-02 -2.96672434e-01
    -1.87024891e-01 -5.75167894e-01 -2.12059498e-01 -4.77177739e-01
    3.06189656e-02 -6.47799969e-02 -3.40041518e-02 1.43126488e-01
    -5.77012479e-01 -4.41326350e-01 1.29369497e-01 -1.52356416e-01
    4.20050621e-02 -5.67350566e-01 -3.75128210e-01 -3.24666023e-01
    -1.64730728e-01 1.08240247e-01 -2.14802802e-01 -5.18827200e-01
    2.81045556e-01 -6.83879018e-01 -3.51060033e-01 -1.02521181e-01
    -6.37373805e-01 -5.14835238e-01 -5.77428222e-01 1.08240724e-01
    1.73447251e-01 -1.56543612e-01 -6.12413764e-01 -4.50054020e-01
    1.02173448e-01 1.83697283e-01 -4.02380437e-01 -6.23948753e-01
    -2.86246061e-01 -1.06893420e-01 -2.94743776e-01 6.51935339e-02
    -1.59938037e-01 -9.75701213e-02 9.49941278e-02 -1.19731843e-01
    -4.80820566e-01 1.30753398e-01 -1.81024551e-01 -6.42655015e-01
    -1.68530762e-01 1.30133092e-01 2.90945530e-01 1.44567072e-01
    -5.95708311e-01 7.55643845e-02 4.11891937e-02 -4.19997215e-01
    -3.47545087e-01 -4.39733744e-01 3.34029794e-02 -3.58241379e-01
    1.36590183e-01 -5.46675324e-02 -6.56295180e-01 -2.61463404e-01
    9.37467813e-03 -2.25654900e-01 1.04767680e-01 -7.06360519e-01
    -3.42527449e-01 -2.04035044e-01 1.73166394e-02 9.71672535e-02
    1.06612980e-01 -4.04081762e-01 -3.34106803e-01 -5.72445393e-02
    1.36022627e-01 -4.44746435e-01 -2.70836353e-01 -1.88303590e-02
    -6.49312973e-01 2.22813487e-02 2.25352108e-01 -1.94962800e-01
    -8.51605058e-01 -5.48329651e-01 -9.76940393e-02 -2.19217539e-01
    5.81588149e-02 -2.84188986e-02 -4.97128814e-01 -4.87885863e-01
    -6.88022256e-01 1.80804610e-01 -4.42990690e-01 -5.72283566e-01
    -3.56504172e-01 1.16289258e-01 -6.67576015e-01 2.58459866e-01
    3.64143252e-02 -7.03320503e-02 4.66870070e-02 -5.43707848e-01
    -4.57241595e-01 7.53998756e-05 3.60239744e-01 -4.26333845e-01
    -3.48380566e-01 -4.40818548e-01 -2.43680537e-01 -9.92826223e-02
    1.15479290e-01 -3.62986833e-01 -7.34844208e-02 -8.58914256e-02
    1.10112906e-01 -4.77951169e-02 -4.85095412e-01 -1.44439399e-01
    1.12005770e-01 -1.39479876e-01 1.47238672e-01 -4.85373855e-01
    -3.65595639e-01 -3.27385068e-01 -1.10556424e-01 -6.46866918e-01
    1.92135572e-01 -1.55485213e-01 1.06088340e-01 -9.46008563e-02
    -6.02326930e-01 -6.23282909e-01 -4.82481003e-01 -6.53362989e-01
    1.39811456e-01 2.44144797e-01 4.34218049e-02 -3.56902093e-01
    2.02568591e-01 -4.81198490e-01 -5.32775044e-01 -1.67107463e-01
    2.85116792e-01 -5.14759421e-02 -1.72268033e-01 -6.46033287e-01
    -4.43866283e-01 -4.35893476e-01 -5.73973238e-01 -9.02240574e-02
    4.12507057e-01 -5.76499283e-01 -4.98587817e-01 -3.23338807e-01
    -2.83452272e-01 -5.90760589e-01 -6.29809260e-01 -3.98604006e-01
    2.49431729e-01 4.60695624e-02 -6.47352695e-01 6.69610500e-03
    -6.38793826e-01 -7.07477927e-01 -9.18659568e-02 -3.24921668e-01
    1.55749559e-01 -6.10580802e-01 -3.20422530e-01 2.81974077e-01
    1.37522817e-02 1.42950773e-01 -5.13423383e-01 -1.30524397e-01
    -1.00188375e-01 -3.29406857e-02 -4.34063822e-01 9.63560343e-02
    -2.00142026e-01 1.14700735e-01 -3.94175887e-01 -1.79941237e-01
    2.01854527e-01 -4.05581117e-01 -5.72604060e-01 -9.96002555e-02
    1.34540200e-02 -3.84597182e-01 -7.02827573e-01 -2.67572582e-01
    -6.42350316e-01 -1.75279617e-01 -3.37540448e-01 -5.75286508e-01
    -5.84958732e-01 -2.80758142e-02 -3.30398917e-01 -5.74390054e-01
    8.50352049e-02 1.27432525e-01 -6.94505215e-01 -2.58603543e-01
    -6.49777055e-01 -7.49204993e-01 1.17029727e-01 -3.22387248e-01
    -7.65922666e-02 3.80671024e-03 1.26535892e-02 1.54606640e-01
    8.45179558e-02 -4.17927563e-01 -1.90567434e-01 6.85852766e-03
    -3.67636085e-02 1.18642092e-01 2.82635093e-02 -5.22578597e-01
    2.63232231e-01 -1.11918926e-01 -5.03667712e-01 -2.52392232e-01
    -3.70857120e-02 -9.49565768e-02 -2.64980942e-01 6.15284443e-02
    -2.71559387e-01 9.66805220e-03 -1.56410038e-01 -1.80135161e-01
    -6.14105582e-01 -4.85441446e-01 -4.81172204e-01 -2.78590769e-01
    3.16879570e-01 -8.04816484e-02 -4.13330555e-01 -6.03417635e-01
    -4.04324949e-01 -3.42483014e-01 -1.46604538e-01 -5.07160604e-01
    -6.73072100e-01 -1.98938191e-01 -6.92751408e-02 6.92059994e-02
    -2.04989940e-01 2.12593138e-01 -3.67817879e-01 -5.75568616e-01
    -2.71088094e-01 -3.35672796e-01 -1.27731800e-01 9.05380249e-02
    -9.68881845e-02 1.04117155e-01 7.89159536e-02 2.96047926e-02
    -5.14563382e-01 -6.96854115e-01 -1.33828938e-01 6.72903061e-02
    -4.09243196e-01 -2.18200684e-03 -7.32868910e-02 2.22674608e-02
    -8.86009932e-02 -3.80066335e-01 -5.87119579e-01 -4.87263381e-01
    1.20958567e-01 -3.32335562e-01 1.37346387e-01 -6.32383645e-01
    -4.34678167e-01 -3.26888740e-01 -5.18523693e-01 1.47475541e-01
    -4.64976132e-01 2.15185821e-01 7.16391802e-02 -6.31109774e-01
    -5.05748868e-01 -3.96539211e-01 -3.04952085e-01 -4.86455560e-02
    -7.26191461e-01 1.02378964e-01 -5.47815681e-01 -7.71893263e-02
    -2.80836523e-01 -8.13676238e-01 -1.41719103e-01 -1.98717952e-01
    -4.43935156e-01 -1.76891506e-01 7.63505101e-02 -1.83039129e-01
    -6.14108801e-01 4.74162698e-02 -2.26497740e-01 4.79527712e-02
    -7.92500138e-01 -5.10458350e-02 -6.40702367e-01 -5.43841600e-01
    -5.33233821e-01 3.07227373e-02 -1.21883869e-01 7.76198506e-02
    -2.32346475e-01 -4.28188145e-01 -3.98383290e-01 -3.25626075e-01
    -2.11499333e-01 7.20294118e-02 7.59568810e-02 9.02754664e-02
    -1.38898909e-01 -6.18844390e-01 1.79099441e-01 2.60234952e-01
    -7.24559426e-01 -3.13480079e-01 -4.09696430e-01 -5.29979587e-01
    -2.90375173e-01 -5.03470242e-01 -5.92435002e-02 1.40446663e-01
    -3.50607693e-01 -6.18257523e-02 -3.53950500e-01 -1.70242548e-01
    -2.97723711e-01 7.03329444e-02 2.86766708e-01 -4.45370734e-01
    -2.86388397e-03 1.98220789e-01 1.97343528e-01 -4.25101697e-01
    -4.08174157e-01 -1.80896044e-01 -9.10321474e-02 1.49208665e-01
    -5.88968992e-01 -1.38278186e-01 1.45550311e-01 -7.09182024e-03
    1.05545223e-01 9.94783044e-02 -7.08652377e-01 -5.02483010e-01
    -5.31535149e-02 -8.02047849e-02 -5.12240171e-01 -2.45317250e-01
    -2.18107849e-01 -6.19354248e-02 -7.56971240e-02 2.55914092e-01
    -5.02960443e-01 -5.84650218e-01 -1.87545896e-01 -9.56541896e-02
    -2.55457461e-01 -5.60081363e-01 -1.56206489e-01 -1.80165172e-01
    -3.21230441e-01 -9.00972486e-02 1.41707957e-01 -7.06279933e-01
    1.91935778e-01 -2.42837369e-01 -4.15524840e-02 -2.75081396e-01
    -3.10967684e-01 2.06535280e-01 7.40996599e-02 -5.34874439e-01
    -5.37423313e-01 2.10388303e-01 -4.17141676e-01 -2.70315528e-01
    -1.03879750e-01 3.18932533e-03 -6.24462366e-02 -4.19716060e-01
    -6.00124121e-01 -2.49746740e-01 -3.35393399e-01 -3.57796133e-01
    8.08867812e-02 -5.45001149e-01 7.44915009e-03 -6.10766113e-01
    -4.18033659e-01 -2.97684282e-01 -3.61671060e-01 3.16593349e-01
    -2.74217784e-01 1.80625439e-01 2.99312949e-01 1.86611116e-01
    2.62910247e-01 2.34825432e-01 -2.08979130e-01 8.75157118e-02
    -1.22769475e-02 2.35962749e-01 -3.98034811e-01 -2.53057837e-01
    3.54409814e-02 -2.46114761e-01 -4.86679316e-01 -5.76074719e-02
    -1.75300956e-01 -2.11269796e-01 -8.39752555e-02 3.07648003e-01
    -1.99986875e-01 -6.26439095e-01 1.13426805e-01 -5.82533777e-01
    9.61766839e-02 -2.96496689e-01 -4.94971573e-01 5.14105558e-02
    -7.57369399e-01 -3.57019901e-02 -1.69124424e-01 -2.82792866e-01
    -6.85966611e-01 -3.26174229e-01 -2.47870088e-02 -6.61072850e-01
    -3.95844042e-01 -3.35097432e-01 -7.05674827e-01 -7.72873282e-01
    2.51207292e-01 -6.68919683e-02 -3.23269784e-01 -6.00485682e-01
    -2.76068300e-01 2.02882946e-01 2.96460032e-01 1.60725057e-01
    -7.03497648e-01 9.55200195e-02 -1.86556786e-01 -3.09653878e-01
    -5.53871274e-01 -6.29484951e-01 2.39768803e-01 1.44306839e-01
    -8.25493932e-02 -4.17444050e-01 -1.27123594e-01 -4.79450524e-01
    -6.37345910e-02 1.38972044e-01 -6.86019421e-01 4.93074059e-02
    -8.83008838e-02 -3.34888697e-02 -3.47171128e-01 -2.75377452e-01
    4.70790267e-02 -6.59116626e-01 2.52962291e-01 -4.79519069e-01
    -5.86138129e-01 -3.02988023e-01 1.89514935e-01 -8.87881517e-02
    -4.82838154e-01 7.62343407e-05 -2.37057686e-01 2.08550751e-01
    2.16534615e-01 1.70342147e-01 -6.11217260e-01 1.00081861e-01
    7.04402924e-02 1.32142305e-02 -1.04467452e-01 -5.64435661e-01
    -5.35109639e-01 3.86253357e-01 -2.42113441e-01 -5.60472965e-01
    -1.83135033e-01 2.14337647e-01 -3.25862557e-01 -5.00267863e-01
    -1.31105244e-01 8.52063298e-02 1.48893714e-01 -6.78032875e-01
    -9.36117172e-02 -4.11125243e-01 -4.63622183e-01 -5.13005257e-02
    -4.43735570e-01 -3.86132598e-02 -1.21815205e-02 -2.72199750e-01
    -7.87976623e-01 -3.30283672e-01 -4.79330212e-01 -8.30188990e-02
    -3.14109027e-01 -2.42103815e-01 1.62477255e-01 -4.40657258e-01
    -4.63949710e-01 -5.85424364e-01 -5.84737599e-01 -3.20295185e-01
    7.21836090e-03 -4.98558164e-01 6.87983036e-02 8.78416896e-02
    -5.34244061e-01 4.76549864e-02 -2.00945258e-01 -2.96590626e-01
    -2.36293316e-01 2.27199376e-01 5.88346124e-02 1.24921203e-01
    -1.30816877e-01 -7.53298402e-02 -2.83117115e-01 -4.57909018e-01
    -3.17968726e-01 -3.88558179e-01 1.21924579e-01 -4.39651370e-01
    -9.05354619e-02 -2.45658159e-01 -6.91689014e-01 -4.98236299e-01
    8.64004493e-02 -3.04935157e-01 -1.13793612e-02 1.63137496e-01
    -7.47230411e-01 -4.92973328e-02 -6.91770554e-01 1.24491155e-01
    -3.44363809e-01 -2.30735242e-01 1.70927763e-01 1.07335508e-01
    -5.25020957e-01 -5.57037592e-02 -2.85400212e-01 1.95537806e-02
    -3.49528611e-01 -4.59972084e-01 -4.84092683e-01 -2.06788898e-01
    1.61008000e-01 2.18786776e-01 1.72176719e-01 2.08205581e-02
    -2.54101813e-01 -2.83777654e-01 -2.44664907e-01 -7.53019810e-01
    -6.15269840e-01 -2.79691517e-01 -7.13771701e-01 -7.55782127e-02
    1.18819118e-01 3.20073724e-01 -3.85075033e-01 -4.50992793e-01
    -3.37399423e-01 3.85840297e-01 -3.79132062e-01 -8.10855627e-03
    1.25178039e-01 1.89175427e-01 -5.75856090e-01 -1.70215547e-01
    -3.38879049e-01 -4.33802068e-01 -4.05279160e-01 -5.25244832e-01
    -7.53807068e-01 -3.41083169e-01 2.05210090e-01 -7.63980269e-01
    -8.88364911e-02 -6.40687466e-01 7.48195648e-02 3.17944884e-02
    -7.01247692e-01 -4.66087341e-01 1.25103831e-01 -2.52135098e-01
    6.57365322e-02 5.38347960e-02 -4.55547392e-01 -3.84725451e-01
    -5.26075423e-01 9.03779864e-02 -2.02490091e-01 -5.96724391e-01
    -2.80472606e-01 -4.58149821e-01 -3.46804738e-01 -5.46827793e-01
    -2.68114865e-01 -1.46433413e-01 -4.90002036e-01 -2.57192075e-01
    2.06273079e-01 -3.35061997e-01 -3.00191224e-01 -3.41953039e-02
    -3.45708758e-01 -4.51236367e-02 -7.92798042e-01 -1.44500613e-01
    -4.20415670e-01 -2.17744708e-02 1.25877023e-01 7.53840208e-02
    -6.70866728e-01 6.66396618e-02 2.32747257e-01 -6.30363166e-01
    -6.15601420e-01 -3.59513402e-01 -5.94301820e-01 -2.23637879e-01
    -2.21863747e-01 1.30716980e-01 3.16496789e-01 -3.30370367e-01
    -3.35017294e-01 1.55928850e-01 -4.29301232e-01 1.64702117e-01
    -5.87870955e-01 1.70379162e-01 1.44014597e-01 -1.64718211e-01
    1.17119193e-01 -3.54558825e-01 4.56196070e-02 -2.86839962e-01
    5.54413199e-02 -2.83058703e-01 -5.15397549e-01 -5.17300844e-01
    -5.53618431e-01 -5.77096343e-01 2.98552334e-01 -1.12903059e-01
    2.94522405e-01 -3.67813110e-02 8.19902420e-02 -1.79989755e-01
    1.79892957e-01 -5.43509722e-01 -3.43227059e-01 -2.67704993e-01
    2.23839700e-01 1.91513896e-02 -4.95296687e-01 -4.09238040e-01
    1.50915563e-01 -1.02003157e-01 -3.50662827e-01 -4.90845203e-01
    -1.63591385e-01 -5.62704206e-02 -3.07315350e-01 -8.20104003e-01
    -2.58687735e-01 -5.56358516e-01 -9.93093848e-02 1.21698737e-01
    -8.52873325e-02 -6.26406372e-01 -2.44654953e-01 -3.20986986e-01
    -4.53801781e-01 -2.91867852e-02 1.84522152e-01 -7.92800188e-02
    5.88040352e-02 -1.45078897e-01 -3.42134356e-01 9.19991732e-03
    -1.00958109e-01 -1.30842865e-01 -5.28663218e-01 -1.20794892e-01
    -3.22030544e-01 2.61187553e-02 2.35857368e-01 -3.83308530e-01
    -4.36676562e-01 -4.19187874e-01 -1.41180336e-01 2.46816397e-01
    -1.84294820e-01 1.36339784e-01 -3.70848238e-01 9.09773707e-02
    -2.79315054e-01 -5.15671432e-01 -5.74749112e-01 -5.36580801e-01
    -1.81606472e-01 2.76769400e-02 -2.99460173e-01 -6.72250986e-03
    -9.12541509e-01 -1.14385486e-02 -1.64093673e-01 5.16409874e-02
    -5.51620066e-01 -4.33804095e-01 -6.22315049e-01 2.32177496e-01
    1.25086308e-03 -7.94314981e-01 -7.31692553e-01 -4.72898215e-01
    -4.10444140e-02 -5.38648307e-01 -1.67530864e-01 -5.07153392e-01
    -4.29053009e-01 3.27579558e-01 2.92158425e-01 -4.23282087e-01
    9.68747735e-02 -2.72405744e-01 3.13907683e-01 1.62288368e-01
    5.49025536e-02 2.41865516e-02 7.37670660e-02 -5.17423749e-02
    2.18555033e-01 -6.63936734e-02 -5.99613130e-01 -6.66447818e-01
    2.37961590e-01 -2.91592360e-01 3.36043537e-01 -1.84890687e-01
    -5.93203485e-01 -4.40770954e-01 1.17533863e-01 -1.56166494e-01
    -3.07190627e-01 -2.15162754e-01 -5.66781342e-01 -2.59776533e-01
    -7.45327473e-02 -5.36969900e-02 -6.32145405e-01 1.44276023e-01
    1.16742730e-01 3.30328941e-03 -6.97913766e-02 1.13916874e-01
    1.00457072e-02 6.91725016e-02 1.17646694e-01 -6.13287687e-01
    -2.56024450e-01 -1.99640930e-01 5.28568029e-02 -2.30438203e-01
    -4.39585656e-01 -3.81440282e-01 8.47458243e-02 -4.36130166e-02
    -3.84023726e-01 -4.38116670e-01 2.88913548e-01 -1.09265029e-01
    -2.67674327e-02 1.68918252e-01 -2.85677910e-02 -3.66136968e-01
    -6.18750453e-02 -1.33824289e-01 -2.31262028e-01 -1.05179548e-02
    7.96811581e-02 -2.40153193e-01 -3.03474367e-01 -6.68358088e-01
    -1.75537467e-02 -3.08190405e-01 -1.46952033e-01 -1.98087275e-01
    -3.72547865e-01 -4.47950840e-01 -2.97947884e-01 -5.89561939e-01
    4.93538380e-02 -4.41908240e-02 2.39162326e-01 -2.75382996e-01
    -5.08256912e-01 -2.64506757e-01 -3.64820570e-01 -1.97248697e-01
    -2.63359874e-01 -4.70798939e-01 -1.89311504e-02 -3.77740413e-01
    -5.57100654e-01 -4.69132841e-01 4.61464524e-02 1.27784848e-01
    1.36700273e-01 -1.77617192e-01 1.68057621e-01 -5.25558591e-02
    -3.31902057e-01 -3.59848022e-01 1.04009032e-01 -2.66361088e-01
    -5.01179099e-01 -4.60139781e-01 -4.25867319e-01 -4.63432461e-01
    -6.27584815e-01 -3.51499945e-01 9.02539492e-02 -5.80858231e-01
    -5.76034367e-01 1.62553787e-01 -7.47376680e-01 -3.87571454e-02
    -7.81480610e-01 -3.44218016e-02 6.73813224e-02 -2.93430984e-01
    -5.05757868e-01 2.42809653e-02 1.06414258e-01 -5.03752112e-01
    -2.12981284e-01 -7.38912284e-01 -1.73970699e-01 -2.55987287e-01
    -2.10682988e-01 -7.45614707e-01 -1.87029600e-01 -1.47601902e-01
    1.26334429e-01 -4.66703176e-02 1.58700883e-01 -1.39883220e-01
    -4.41994011e-01 -2.67800093e-02 2.27801025e-01 -2.90271044e-02
    -5.74421525e-01 3.05452347e-01 -2.75289863e-01 -1.03722215e-01
    7.77754188e-02 -5.54587722e-01 -8.56130123e-02 -5.35942018e-01
    2.49413252e-02 -6.61214232e-01 -6.30286336e-01 -7.44599342e-01
    -5.79676867e-01 -4.71581638e-01 -6.27655149e-01 -6.45469427e-02
    -2.74468124e-01 1.88311815e-01 2.62068093e-01 -2.56237268e-01
    -5.55882215e-01 2.95496345e-01 -6.68554306e-02 -2.65074372e-01
    -4.29991782e-01 -3.14174891e-02 3.98878455e-02 -7.02102482e-01
    -3.81318331e-01 -5.67626715e-01 2.54437089e-01 -2.78453350e-01
    -2.39169478e-01 1.23457670e-01 -6.31761312e-01 -6.23310804e-01
    2.26883113e-01 -2.57214963e-01 -6.50542259e-01 1.01863801e-01
    -4.47965860e-02 -5.79747021e-01 -4.06170547e-01 1.13597870e-01
    -2.69273996e-01 -4.87577111e-01 -5.28620005e-01 -5.59868217e-01
    -5.30184031e-01 1.19734585e-01 -5.63848734e-01 -4.99518543e-01
    -4.52729523e-01 4.06879187e-03 -4.96922791e-01 -1.99744523e-01
    -2.31658340e-01 -2.37089097e-01 -4.60823625e-01 1.63154066e-01
    -3.36953551e-01 -3.37658733e-01 -3.29232752e-01 -1.76253319e-01
    -2.85988688e-01 1.74478292e-02 6.25352859e-02 1.12068534e-01
    1.30046904e-01 -6.12469316e-02 -7.52377391e-01 -1.15625978e-01
    -3.70633066e-01 -4.11517441e-01 -5.43876469e-01 1.24700069e-02
    1.08185470e-01 -2.36778259e-02 -6.89648569e-01 2.23767519e-01
    -5.87002099e-01 -4.29937422e-01 5.12192845e-02 -1.66020036e-01
    -2.45550305e-01 -9.48709249e-03 -6.95831358e-01 -4.75957870e-01
    -3.30626845e-01 -3.40386093e-01 3.28888595e-01 3.38733494e-01
    -1.69646889e-01 -3.63290429e-01 1.82499707e-01 -1.14027798e-01
    3.22225690e-02 -4.63934064e-01 -3.94342780e-01 -6.11160994e-02
    3.02089453e-02 -1.63690627e-01 -4.80163872e-01 -1.62462294e-01
    -5.50999701e-01 -8.02875757e-01 7.62460828e-02 -4.78083730e-01
    -2.92436838e-01 -1.71248198e-01 1.09524846e-01 -4.37170982e-01
    -3.94794285e-01 8.05950761e-02 -1.12733424e-01 -7.34562635e-01
    -6.18200004e-01 1.80094600e-01 -4.87350225e-01 -4.83509064e-01
    -5.53934455e-01 -3.42429847e-01 5.04514575e-02 -4.06441063e-01
    2.56615877e-02 1.86250329e-01 -7.09825277e-01 -7.04608917e-01
    -2.55881846e-01 -6.22311234e-01 -4.51252460e-01 -4.52855825e-01
    -3.63754272e-01 -5.28525233e-01 -5.31292975e-01 -5.66113234e-01
    -4.21097219e-01 6.76605105e-02 -9.18028951e-02 -6.85624838e-01
    -4.68025982e-01 2.17478931e-01 -5.97335458e-01 -3.13072950e-01
    2.42783248e-01 -5.34798741e-01 1.60685241e-01 -6.98351860e-03
    -3.98690641e-01 -5.25183439e-01 1.16980970e-01 -2.98238814e-01
    -6.66461229e-01 1.71094537e-02 -5.80706358e-01 -5.71695209e-01
    -4.85075444e-01 1.94653511e-01 -1.21330559e-01 -5.45973897e-01
    3.05819571e-01 -6.57705069e-01 -4.88129139e-01 9.50282812e-02
    -3.33381116e-01 -2.67902017e-02 -2.44990915e-01 -6.29658103e-02
    -1.76554918e-03 -7.67028749e-01 -7.92036653e-02 -3.02407533e-01
    -5.87518811e-02 -4.75129932e-01 -4.80627835e-01 -5.53562045e-01
    9.30131674e-02 -4.93905485e-01 8.47814083e-02 -2.25999236e-01
    -2.02794671e-02 -7.01896071e-01 -2.87651896e-01 2.32529104e-01
    -8.76246095e-02 -5.10744214e-01 1.36162102e-01 -6.00581169e-01
    -1.94300473e-01 -5.24868608e-01 5.61840534e-02 2.69010901e-01
    -5.96535206e-01 -2.80102491e-02 -5.93339503e-01 8.53632092e-02
    -3.10641766e-01 -5.79719543e-01 7.00653791e-02 -5.35552144e-01
    -1.13982141e-01 1.68860853e-01 -2.91730255e-01 -2.19335049e-01
    -6.60822511e-01 1.20621324e-02 -6.98080778e-01 -6.01798058e-01
    -6.32410169e-01 -2.59187698e-01 5.27321100e-02 -5.06793261e-01
    -4.62055266e-01 -3.31801862e-01 5.94965219e-02 -6.52748585e-01
    -1.16904318e-01 5.71760535e-02 -1.91690117e-01 -5.06181419e-01
    4.01350975e-01 -1.83998346e-02 -1.67111844e-01 -5.97737432e-01
    -4.99362946e-01 -3.79531860e-01 7.76229501e-02 -6.31963015e-02
    9.74961519e-02 -1.98528469e-01 -2.80268013e-01 2.30031431e-01
    1.06432796e-01 -5.42253077e-01 -5.97923756e-01 1.75248742e-01
    -4.78278518e-01 -7.53749669e-01 8.83463621e-02 8.11909437e-02
    -1.37346208e-01 -1.85912311e-01 -2.42820978e-01 -5.45558572e-01
    1.01849914e-01 -5.44914246e-01 -3.13294858e-01 2.45309591e-01
    -5.76980054e-01 -5.02655268e-01 -2.30984867e-01 -5.70344329e-01
    -4.21156287e-02 1.68114126e-01 -2.43385494e-01 -2.79900014e-01
    1.31902814e-01 -4.95705545e-01 -2.28129804e-01 -3.11257482e-01
    -8.56316090e-02 -6.82075202e-01 -2.60088205e-01 5.46724200e-02
    -1.45677090e-01 -1.81637287e-01 -6.32900000e-03 1.25685990e-01
    2.70550251e-01 -7.22781420e-02 -5.42511821e-01 -1.82480603e-01
    -3.94051701e-01 -6.05919123e-01 1.45071745e-03 3.58903408e-03
    5.01148105e-02 -5.20059466e-01 -1.02260768e-01 -2.00260997e-01
    -1.44999743e-01 -2.95761496e-01 -1.66025698e-01 -2.75810182e-01
    -5.95991254e-01 3.44632506e-01 -2.31186807e-01 -4.96707350e-01
    -5.66883564e-01 -1.98219955e-01 -4.46220577e-01 -6.58942461e-02
    -5.76367021e-01 -4.29583430e-01 6.76835179e-02 -2.10312635e-01
    -4.76465821e-02 -2.38895297e-01 3.56391728e-01 -3.03255349e-01
    -3.94639373e-03 3.00955474e-01 -2.56804049e-01 -1.59431159e-01
    -3.65134478e-01 2.05568075e-02 -4.81702745e-01 -5.22289872e-01
    -1.04337573e-01 -4.68436480e-02 8.92102718e-02 -2.50589460e-01
    -2.95870394e-01 -6.50564671e-01 -4.95958030e-01 -1.61794275e-01
    -4.32163477e-03 -6.31285012e-01 -1.45953268e-01 -5.67408085e-01
    2.21316218e-02 -2.12833047e-01 -7.51165390e-01 -1.00404620e-01
    -1.05839193e-01 -1.55249059e-01 -6.77832365e-01 1.55587018e-01
    6.81480169e-02 1.74930096e-01 1.41525030e-01 1.56775534e-01
    -4.90408540e-01 -2.01926529e-01 -8.35487664e-01 8.86991024e-02
    -1.28782988e-02 -6.97684467e-01 -6.18286133e-02 -5.09974420e-01
    1.60108566e-01 -4.03602719e-01 2.24476337e-01 3.36944938e-01
    -1.22509420e-01 -4.18166459e-01 -1.51791573e-01 -1.87708765e-01
    -4.02488887e-01 -5.80137730e-01 -1.84707344e-01 -6.51539803e-01
    -1.50793254e-01 -1.07588768e-02 -4.70384926e-01 -6.13968849e-01
    -4.55991417e-01 -3.30706269e-01 -2.88647145e-01 1.78076863e-01
    -2.88661122e-01 -3.57492685e-01 7.95572996e-03 -1.03657246e-01
    -3.97560716e-01 -3.11505914e-01 6.52564168e-02 -6.80184484e-01
    -3.44479591e-01 -3.34577799e-01 -1.28674209e-01 -2.87199616e-02
    -9.06836987e-03 1.96909785e-01 9.73348022e-02 2.23460793e-02
    -2.43407905e-01 4.21403050e-02 -4.77694094e-01 -3.39279711e-01
    -4.99370128e-01 -1.00307733e-01 3.41168642e-02 -4.64722514e-02
    3.25616598e-02 -6.65378749e-01 -1.55318618e-01 5.76355457e-02
    -3.90678883e-01 -5.25799632e-01 -4.21041131e-01 1.11278415e-01
    -4.57682610e-02 -2.42280513e-01 -2.56093174e-01 3.17038596e-01
    -5.96787512e-01 1.01757586e-01 -4.47865576e-01 -5.62617183e-02
    -6.25438094e-01 -3.01485479e-01 -9.29485559e-02 -1.69086754e-01
    -7.04320729e-01 -1.87646627e-01 -2.25204825e-02 -2.13645697e-02
    2.19622791e-01 -9.91070271e-03 -5.77504516e-01 -3.76197278e-01
    -2.95027822e-01 -3.77566785e-01 -6.98213398e-01 -4.28303868e-01
    -6.90662146e-01 -8.23760033e-03 -1.16114616e-02 -2.14843363e-01
    -2.64380366e-01 -2.88625062e-01 -6.04205370e-01 -1.26198947e-01
    -6.04537368e-01 7.92555809e-02 2.78568327e-01 -6.21928811e-01
    -2.56117284e-01 -5.94296575e-01 -1.26057625e-01 -6.23774409e-01
    9.50866938e-02 -4.67306972e-01 -5.56474984e-01 -4.68269587e-01
    7.11375475e-02 -1.78371847e-01 -3.22084367e-01 -3.85706902e-01
    -5.33597410e-01 -6.42178178e-01 -2.35934854e-02 1.62886977e-02
    -5.68497777e-02 -5.56259155e-01 3.49953175e-02 -4.28070962e-01
    -6.45254076e-01 -5.67458153e-01 1.60235167e-02 7.88282752e-02
    -7.03846574e-01 -3.01633477e-02 -4.17892933e-01 -5.60070872e-02
    -2.64358729e-01 -7.35342503e-03 -3.43258560e-01 -1.11629486e-01
    -5.17532408e-01 -5.72202742e-01 1.84252024e-01 -1.32546067e-01
    1.70777023e-01 1.28403664e-01 1.18023157e-03 -1.83024436e-01
    -4.16426927e-01 -4.98321950e-01 -4.41661656e-01 2.21133232e-03
    -1.91205859e-01 -4.14495766e-01 -4.02787209e-01 2.42609441e-01
    -3.23727190e-01 -3.57982665e-01 1.96556568e-01 5.73505759e-02
    -5.06587029e-02 2.36776531e-01 -6.96359754e-01 4.98855710e-02
    1.43428445e-02 -3.60930562e-01 -2.71747649e-01 -1.75042391e-01
    8.03356171e-02 -6.77879572e-01 -1.55286729e-01 -7.92640448e-02
    -2.41659224e-01 -7.19689250e-01 -1.25060022e-01 -7.15728998e-02
    -5.06968260e-01 5.95647097e-03 -3.19889784e-01 -5.42726517e-02
    5.86189032e-02 -2.74086595e-02 -3.74916822e-01 -2.38812506e-01
    -3.32576394e-01 -1.26848578e-01 -1.50545418e-01 1.20172918e-01
    -6.01517200e-01 -3.40529442e-01 2.09498823e-01 -7.01119304e-02
    -2.28034437e-01 -1.55016840e-01 -4.23722327e-01 -1.17959857e-01
    -4.26580667e-01 -3.77395153e-01 7.06406236e-02 -1.18208945e-01
    -5.38007617e-02 6.99415803e-02 1.84410632e-01 -5.23778975e-01
    -4.65166569e-02 -2.84606814e-02 -3.75843048e-02 -1.55017495e-01
    -5.32412887e-01 -5.45499742e-01 -3.11882585e-01 -4.38814759e-02
    -4.62870598e-02 -7.25207686e-01 -1.38919055e-01 -6.83568001e-01
    -2.72344530e-01 1.97781265e-01 -2.55603671e-01 -3.82400870e-01
    -9.09584761e-03 1.73379064e-01 -6.30202591e-01 -3.36947113e-01
    1.55452371e-01 3.03701103e-01 -2.42901146e-01 2.51890600e-01
    -5.43234766e-01 -1.37570143e-01 -2.08060861e-01 7.67771602e-02
    -4.04712021e-01 -2.59362042e-01 -5.19985080e-01 -3.71309042e-01
    2.83986330e-03 -2.21738368e-01 -1.41406149e-01 2.02343583e-01
    -4.78248000e-01 -2.02044904e-01 -4.19052988e-01 9.59318876e-02
    -2.16277063e-01 -1.21472836e-01 -3.28050315e-01 6.08113408e-02
    2.68205881e-01 -4.79825884e-01 -1.81738436e-01 5.03392816e-02
    -6.71910644e-01 -1.31927013e-01 -1.64632291e-01 2.18945563e-01
    4.72992659e-03 -7.05001354e-02 -5.78423977e-01 5.41701913e-02
    -5.36721587e-01 1.39370263e-01 7.89332390e-02 -2.38697231e-01
    -5.11526465e-01 -5.48003376e-01 4.00025249e-02 -3.71760935e-01
    1.79676235e-01 -5.36829829e-01 -2.66400069e-01 8.68176222e-02
    -2.40526199e-02 -6.92012548e-01 -9.21373069e-02 -1.07363850e-01
    -5.59659839e-01 1.10818148e-01 -2.31858134e-01 -4.66677547e-01
    -3.07891399e-01 -6.92497611e-01 -3.26712668e-01 -2.91631371e-01
    -4.65647042e-01 -6.73625946e-01 -1.28741801e-01 -5.31265616e-01
    -1.91246688e-01 1.57611251e-01 -3.70395035e-01 -3.57194543e-01
    4.13973808e-01 -2.17250079e-01 7.59763718e-02 1.17524385e-01
    -6.38478816e-01 8.14712048e-02 -6.27254248e-02 -1.32933378e-01
    -2.14294314e-01 -1.09350502e-01 9.93864536e-02 -2.04993010e-01
    -5.56218982e-01 1.00067854e-01 -3.61025333e-04 -4.27465796e-01
    -4.72977757e-01 -4.13256824e-01 -3.47940326e-02 4.15112376e-02
    -6.51962459e-01 -2.87061930e-01 2.50425279e-01 -3.93005490e-01
    9.64691639e-02 -1.53240621e-01 1.58647776e-01 -6.03087664e-01
    1.36541963e-01 2.49674559e-01 1.96525276e-01 -7.02116489e-01
    3.08266878e-02 2.11142480e-01 -2.68859297e-01 -9.76254344e-02
    2.82242656e-01 -5.52220523e-01 -3.63782853e-01 3.23368073e-01
    1.33950710e-02 -3.01389247e-01 -1.57086492e-01 3.26966584e-01
    -6.58162236e-02 1.44295454e-01 -6.04012251e-01 -8.52646828e-02
    1.72567010e-01 -4.45261806e-01 9.28373933e-02 -4.58661795e-01
    1.73666954e-01 -1.42582834e-01 -5.50322056e-01 2.06176281e-01
    2.43444979e-01 7.02708364e-02 -1.23144567e-01 -5.92753053e-01
    -2.74824023e-01 -6.48418188e-01 -1.25063658e-01 -1.24259949e-01
    -1.24259591e-01 2.39302397e-01 -2.28744417e-01 1.95911050e-01
    -3.57599586e-01 1.77076995e-01 -1.95800751e-01 -6.65655971e-01
    -5.97134531e-01 1.88742995e-01 2.61415184e-01 2.77790308e-01
    -6.06959224e-01 1.32407069e-01 -1.56953990e-01 6.43520355e-02
    -5.06603181e-01 -5.34514904e-01 -7.05015421e-01 -2.71356702e-02
    -4.58416939e-02 1.42263651e-01 -5.29680252e-02 -3.70246440e-01
    2.22989917e-02 -3.48053157e-01 -1.21450484e-01 -3.86818528e-01
    8.81069899e-03 6.62512779e-02 1.55532956e-01 -3.48895252e-01
    1.78611934e-01 -2.12507546e-01 -6.43946409e-01 2.43889391e-01
    -2.06526756e-01 -1.94278717e-01 -3.65002096e-01 2.50545084e-01
    -4.82632130e-01 1.58945322e-02 2.04844773e-01 -5.62084079e-01
    2.24915028e-01 -5.55361807e-01 -6.49519145e-01 1.39763772e-01
    -1.39573693e-01 -5.48473954e-01 3.15430105e-01 5.39678335e-03
    -4.14974451e-01 -2.45640397e-01 -3.57117623e-01 -5.80162406e-01
    -4.03444022e-01 1.24099970e-01 -3.35693955e-02 -1.26957297e-01
    -5.49745917e-01 -2.47276008e-01 -3.96515638e-01 -4.14483309e-01
    -3.34581882e-01 1.67099237e-02 -4.51702982e-01 -6.69287503e-01
    -3.00581872e-01 -1.94497049e-01 -2.47004151e-01 2.07019448e-01
    -6.61011994e-01 -6.13492250e-01 2.89744854e-01 -2.35614926e-01
    1.89162850e-01 -6.76328778e-01 -3.24320793e-03 -4.65620100e-01
    -7.21753001e-01 -3.90576005e-01 -3.10358256e-01 1.71465635e-01
    9.16641951e-02 -4.76589590e-01 -2.51287222e-03 -3.31382602e-01
    1.55084848e-01 -6.67750835e-02 -2.56825596e-01 -2.57286757e-01
    -4.88085628e-01 8.97176266e-02 -6.09431386e-01 1.78539276e-01
    1.33089304e-01 -2.66952693e-01 -3.05888891e-01 -3.38280678e-01
    -5.27815998e-01 1.56725168e-01 -7.41435468e-01 -6.50984287e-01
    3.42826843e-02 -4.92071033e-01 1.92473531e-01 -5.68546653e-01
    -5.55036247e-01 -3.09098899e-01 -4.60226417e-01 -5.59621692e-01
    -6.58905745e-01 9.68714952e-02 -4.01029825e-01 2.36821771e-01
    -5.55946410e-01 -2.32182384e-01 -6.68983817e-01 4.24092412e-02
    -5.76442301e-01 -1.62936985e-01 -1.00950956e-01 -6.31737947e-01
    -4.95831549e-01 -4.87139940e-01 3.04667950e-01 -2.99609780e-01
    3.64382863e-02 -4.81065840e-01 -6.46239042e-01 -4.00129557e-02
    -4.31093901e-01 -4.20112789e-01 -6.15747809e-01 1.17682815e-02
    -1.84937000e-01 -4.95394588e-01 -6.04312003e-01 -7.62643814e-02
    1.85600221e-01 -2.95942426e-02 -8.05736780e-02 -6.19146407e-01
    9.61769223e-02 -9.57769752e-02 -3.02822411e-01 -8.31549168e-02
    -6.00504398e-01 8.42009187e-02 -6.47024512e-02 4.35167551e-02
    -1.00681007e-01 -5.37033439e-01 -8.20544958e-02 -2.05606997e-01
    -5.75229347e-01 -3.32734555e-01 4.82736230e-02 -6.37228727e-01
    -3.17618847e-02 -4.95424390e-01 -4.25669760e-01 -3.70728642e-01
    -7.15603292e-01 -2.06885934e-02 -8.39813352e-01 -5.18771410e-01
    -1.60240412e-01 -6.44745409e-01 1.82350397e-01 3.27766478e-01
    -1.19252086e-01 -3.03448230e-01 3.04390192e-02 4.24032032e-01
    -5.17728269e-01 -2.86985487e-01 -4.63151544e-01 3.80621552e-02
    -1.25118613e-01 -6.72943175e-01 -1.79206371e-01 -1.34235024e-01
    6.99645281e-02 1.41354620e-01 -1.38120353e-01 -1.85714662e-01
    -6.96958899e-02 3.30718815e-01 -4.25958037e-02 -3.32235843e-01
    -4.24188137e-01 3.90166104e-01 -6.44838095e-01 -1.52041137e-01
    -5.42262137e-01 -3.76376212e-01 8.14939737e-02 -2.93776155e-01
    -3.14246833e-01 -2.40879416e-01 -4.48815346e-01 -2.97805846e-01
    -2.28744507e-01 -2.62659192e-02 1.25707746e-01 -7.42210448e-01
    2.52230167e-02 -2.11488008e-02 -6.90575063e-01 9.32655334e-02
    -5.54740191e-01 2.73493171e-01 -1.22496933e-01 -3.79809171e-01
    -2.68097162e-01 -4.64337081e-01 -5.43547690e-01 -6.15581036e-01
    -5.74934125e-01 9.22530890e-03 -1.03982151e-01 2.44084001e-02
    -2.19517797e-01 -6.27664328e-02 -3.16925257e-01 -6.60591483e-01
    1.97229803e-01 -7.03063011e-01 -3.86397094e-01 -3.92567635e-01
    -3.51050407e-01 -5.71304798e-01 -2.96590388e-01 -7.53488541e-02
    -5.17283738e-01 -5.37260175e-01 -5.32426834e-02 -5.73279619e-01
    -4.44236159e-01 1.23138666e-01 -1.86852336e-01 -4.87453341e-01
    -6.36957884e-02 -3.77428263e-01 -3.61523479e-01 2.55066931e-01
    -5.09651124e-01 2.13279128e-02 1.17516696e-01 1.96755290e-01
    1.90496862e-01 -5.06449997e-01 5.09316921e-02 -5.35086632e-01
    2.56891549e-01 -4.12144691e-01 1.16630495e-01 -4.84054983e-01
    1.89700007e-01 2.81031132e-02 -4.54407930e-03 1.18297338e-01
    -3.32479507e-01 -1.45042717e-01 -3.09855700e-01 -4.22146916e-01
    -4.15762961e-01 -5.70842803e-01 -3.25484335e-01 2.81808436e-01
    1.40873790e-01 -2.32020259e-01 -7.82204866e-02 -1.24891996e-02
    -2.02707946e-01 -4.25899208e-01 -4.37785625e-01 -6.17256761e-01
    -4.62155879e-01 -2.05269694e-01 2.86893189e-01 2.30955899e-01
    -2.59659111e-01 -1.79648250e-01 -3.70172530e-01 -2.38237232e-01
    2.21870065e-01 -5.76579809e-01 -3.14626753e-01 1.54470146e-01
    -3.68430972e-01 -5.40972352e-01 -1.87305212e-02 7.19273090e-03
    8.13223124e-02 -5.17432928e-01 -6.71290159e-01 -1.89145267e-01
    -7.62575865e-02 -3.71812433e-01 -4.03079838e-01 -4.14706469e-02
    3.04102302e-02 -4.87331033e-01 -3.44528556e-01 2.79707909e-02
    1.10151649e-01 -7.03032851e-01 2.30468571e-01 3.22099566e-01
    -6.49317026e-01 -4.75328147e-01 -1.68133855e-01 -7.13210464e-01
    1.60007060e-01 -4.47568655e-01 -3.55310798e-01 5.20157218e-02
    1.21432900e-01 -4.30155158e-01 1.52834117e-01 -4.00234520e-01
    -6.32598400e-02 -1.30663335e-01 -2.99854875e-02 6.01424575e-02
    -6.35756850e-02 -3.97396088e-02 -4.05753613e-01 2.57608235e-01
    -6.73168063e-01 -3.04561257e-02 -3.31106186e-02 -7.16177940e-01
    -8.73774886e-02 5.50489426e-02 1.21557117e-01 -2.76905656e-01
    1.54509604e-01 -5.99369407e-01 -6.55581236e-01 -4.47347462e-01
    2.80354202e-01 -5.24605274e-01 -5.00038743e-01 -3.52966070e-01
    -5.73525190e-01 1.32970631e-01 5.27030826e-02 1.35996282e-01
    -7.46548772e-01 -3.83767009e-01 1.44972205e-01 -5.00103176e-01
    -5.98391891e-01 2.34339178e-01 -5.88423014e-03 -3.32388222e-01
    -3.16342384e-01 -7.41157532e-02 -5.15729189e-01 -4.22840893e-01
    1.02944911e-01 2.35311747e-01 9.17911530e-05 1.43145263e-01
    2.45436430e-02 -3.88547897e-01 -2.93891370e-01 1.42531335e-01
    2.71249652e-01 -7.02373385e-01 -5.96246541e-01 1.37565434e-01
    2.10014760e-01 3.36243510e-02 -4.17504102e-01 -1.88292265e-01
    1.61926866e-01 -6.01590097e-01 -6.82147145e-02 -4.65655148e-01
    6.40084743e-02 1.28464699e-02 -6.02153182e-01 2.37114012e-01
    2.58520067e-01 1.33630037e-01 -2.26712883e-01 -4.81996924e-01
    1.01034284e-01 -1.59119248e-01 -6.26433074e-01 -4.19360399e-03
    -6.76534116e-01 1.49390936e-01 -4.58407998e-01 -9.36653614e-02
    -5.71568847e-01 7.19230175e-02 -4.86103207e-01 -7.59013176e-01
    -2.44608551e-01 -9.90967751e-02 -3.30614865e-01 -1.28794193e-01
    1.39170945e-01 -5.33320785e-01 1.87077522e-01 -1.11084044e-01
    -4.68524486e-01 -1.39934421e-01 -6.15058839e-01 -3.20875287e-01
    3.23660254e-01 -1.62729919e-01 -3.66187572e-01 -5.25151491e-01
    -3.82685989e-01 3.22365761e-02 1.99616551e-01 6.73171282e-02
    -4.41712737e-01 -3.39361668e-01 -5.66147923e-01 -2.47800112e-01
    -4.31434959e-01 -6.09402657e-01 -4.78358269e-02 -4.51020747e-01
    -4.64253992e-01 -3.88662755e-01 -3.80747229e-01 -1.68220997e-02
    -8.96723270e-02 -3.27256441e-01 1.39916718e-01 2.15476751e-02
    -6.17038369e-01 2.88763642e-02 -1.15039170e-01 -1.77911997e-01
    -3.77985537e-01 -3.71282965e-01 -3.04646492e-01 -5.65408528e-01
    -3.79378438e-01 -4.84460473e-01 2.80665159e-02 9.88599658e-02
    -2.21120089e-01 1.07750058e-01 -5.62389970e-01 -8.60202909e-02
    -2.73511410e-02 -2.79887199e-01 -7.55805969e-01 8.81104469e-02
    -3.38113487e-01 -4.54088479e-01 -2.10188687e-01 6.24049902e-02
    -5.18388867e-01 -2.80440509e-01 6.26289845e-03 1.34257078e-01
    -4.84562248e-01 1.28547192e-01 -2.94130445e-01 -5.77910066e-01
    -1.31348044e-01 -2.34678984e-01 2.82179236e-01 2.58080602e-01
    -3.93741906e-01 1.16929710e-01 -3.92424673e-01 -3.63599569e-01
    2.41968215e-01 -4.57184821e-01 -7.57853031e-01 2.12445140e-01
    -3.18863600e-01 -6.21412992e-02 -4.51954335e-01 -4.00577188e-02
    2.77300000e-01 -3.76603365e-01 -4.36660349e-01 2.33825445e-01
    -6.84823751e-01 -1.38765693e-01 1.37402833e-01 -3.78252268e-02
    -1.99909270e-01 -2.29304731e-01 -4.55105245e-01 4.79185581e-03
    -3.83490413e-01 -5.62802792e-01 7.53754377e-02 5.04183769e-03
    -6.63328767e-01 -5.35163999e-01 1.18867099e-01 -1.08327448e-01
    2.22686172e-01 1.01959527e-01 -4.00571018e-01 -4.02642190e-02
    -4.74830240e-01 1.10164702e-01 -1.48389667e-01 -5.02265334e-01
    -3.99607986e-01 -5.22030354e-01 -6.40115738e-01 -2.33112246e-01
    6.63697124e-02 9.77855921e-03 6.84908032e-02 -3.35653424e-02
    -7.22611785e-01 -4.71946687e-01 1.96738422e-01 -6.65345073e-01
    1.62649155e-02 -3.39776099e-01 -1.66518986e-01 1.79958284e-01
    -4.31075513e-01 -6.67663991e-01 4.47115898e-02 6.02458715e-02
    -5.95002353e-01 -2.90574968e-01 1.96186066e-01 -6.21255755e-01
    -1.50390983e-01 -3.53787661e-01 -3.10165823e-01 -1.48679733e-01
    -2.94605702e-01 -6.19792461e-01 -4.54984367e-01 -3.96235406e-01
    -1.86677098e-01 -4.19198751e-01 -5.97404599e-01 -2.46623278e-01
    -4.57130015e-01 1.33722723e-01 -2.78325915e-01 1.89121425e-01
    -2.10269630e-01 -5.77540040e-01 3.69750857e-02 -4.16373104e-01
    -5.21445513e-01 -5.43851137e-01 5.22785783e-02 -1.75787210e-02
    -5.17003059e-01 -5.59110045e-01 -3.06874126e-01 1.78265750e-01
    -3.74992788e-01 -3.42885256e-02 7.99531341e-02 1.66650712e-01
    -3.55321586e-01 1.14807069e-01 -4.58996087e-01 2.06911683e-01
    -3.89582545e-01 -6.52915120e-01 -3.39435875e-01 2.13582814e-01
    -2.23197997e-01 -4.20047760e-01 -2.93634295e-01 -6.99800611e-01
    -2.09407091e-01 -6.07986331e-01 -7.08796859e-01 -1.98169410e-01
    -6.21063232e-01 -4.98029470e-01 -5.11571765e-02 2.52068400e-01
    1.85937166e-01 -6.70690656e-01 -6.88433409e-01 -5.13343930e-01
    -3.72246742e-01 -3.39222819e-01 -2.02677071e-01 -8.67247581e-04
    -5.18623948e-01 -6.15054369e-01 -5.01548111e-01 1.55114532e-01
    1.22670531e-01 -2.33478308e-01 -1.12541914e-01 -5.77312469e-01
    -4.18993175e-01 -2.87414402e-01 2.12746382e-01 -1.19364262e-01
    -6.18173480e-02 -4.72250760e-01 -5.36144614e-01 -3.30943167e-01
    -9.58100557e-02 -3.09652090e-02 -2.78031230e-02 1.26112282e-01
    -1.22892141e-01 -1.37366056e-01 1.43080294e-01 -4.26369488e-01
    -3.08702558e-01 6.73108101e-02 2.40228117e-01 -4.85845625e-01
    -6.46111012e-01 8.40879083e-02 6.94942474e-02 1.80280983e-01
    -2.07878768e-01 -5.13269424e-01 -1.75090909e-01 2.60981262e-01
    -1.03577435e-01 -3.27189922e-01 -3.41830194e-01 -6.12849057e-01
    2.18424559e-01 -1.77155912e-01 -6.59622192e-01 1.83773637e-02
    2.11380601e-01 -3.49413276e-01 -1.60889715e-01 2.30860472e-01
    -2.81339943e-01 -1.62916780e-01 -1.40542686e-01 1.30545378e-01
    1.54012442e-03 9.72806811e-02 -2.75905907e-01 -5.97076058e-01
    -2.18280137e-01 -5.53327799e-02 -2.97842979e-01 -3.61093283e-02
    8.73168111e-02 3.17532420e-02 -5.62957883e-01 -8.03779960e-02
    -4.32037681e-01 6.90723062e-02 -1.27031863e-01 -6.70260906e-01
    -3.17517996e-01 -8.32287669e-02 -1.91940099e-01 -4.12626743e-01
    -3.18065763e-01 -1.51711702e-03 -1.07403308e-01 -8.87686610e-02
    -2.87638992e-01 2.85910964e-01 1.79649115e-01 -3.27737391e-01
    5.04324436e-02 -4.64572012e-01 -4.81660366e-02 5.82475662e-02
    -2.81421065e-01 1.37649298e-01 -2.11953640e-01 -3.39542508e-01
    -2.94551492e-01 -9.48518515e-02 2.17061937e-01 1.25482440e-01
    -7.52234459e-01 -1.40493751e-01 -1.93994403e-01 -9.35654044e-02
    -3.34813476e-01 -6.55436099e-01 8.65294337e-02 -6.15205765e-01
    -7.80768812e-01 -1.65050238e-01 -3.85625243e-01 -4.77409214e-01
    -5.24147213e-01 2.49943614e-01 4.94801998e-02 -5.91842175e-01
    1.15287602e-01 -5.26526332e-01 -4.88297403e-01 -4.44123983e-01
    -1.95014179e-01 -5.44133604e-01 1.51576638e-01 1.01368964e-01
    -4.87517446e-01 1.02229118e-01 2.11814761e-01 -7.04906106e-01
    -5.64372480e-01 -2.82685995e-01 -5.15388250e-02 -4.52452302e-01
    -4.45226312e-01 -5.46876967e-01 2.43438601e-01 -4.46664006e-01
    2.33936906e-02 -3.63154173e-01 -1.31113589e-01 -6.86481595e-01
    -6.99445605e-02 -1.91904306e-01 -6.57095194e-01 -6.53221965e-01
    -5.57809770e-01 1.38580799e-02 -5.03183842e-01 1.31920457e-01
    9.45064425e-02 -2.40413308e-01 -4.91053015e-01 -2.36251950e-01
    -4.43078011e-01 -1.30630910e-01 -1.81296319e-01 -2.61955202e-01
    -2.80693531e-01 -2.25667238e-01 -1.40977025e-01 -7.98185468e-02
    -6.80705786e-01 -7.37669826e-01 -1.76569521e-01 -3.29325855e-01
    -5.94732940e-01 -2.74667799e-01 -4.07407761e-01 -6.34878397e-01
    -6.42300487e-01 -2.61032671e-01 -6.12203002e-01 -5.03178477e-01
    -4.65023518e-03 -4.66203839e-01 -5.38911939e-01 -6.11412764e-01
    2.29571640e-01 -5.39551198e-01 -5.17183900e-01 -3.36909294e-01
    -4.19841677e-01 -6.17161870e-01 -1.77031517e-01 -3.47552210e-01
    -4.09312069e-01 -4.82388049e-01 -2.01518834e-01 -7.32839108e-04
    1.46835685e-01 -3.86281282e-01 -2.19332397e-01 -7.01406837e-01
    -7.29691386e-02 -7.59948254e-01 1.21944129e-01 -3.57898563e-01
    3.09955478e-02 1.50131702e-01 1.22969747e-01 3.21569204e-01
    2.53341496e-01 -4.29873556e-01 -5.54534912e-01 -1.88985229e-01
    -4.46615458e-01 -2.94542491e-01 -6.07477665e-01 -4.02960390e-01
    -3.43390435e-01 -3.16080451e-02 1.18505001e-01 -1.69171035e-01
    -3.41431499e-02 -7.15444922e-01 1.68152690e-01 -4.44167048e-01
    1.91062689e-02 -5.10653257e-01 -9.16282535e-02 -1.47786438e-01
    7.58743882e-02 -2.02593505e-01 1.96926534e-01 1.58882499e-01
    -1.28310680e-01 -7.76413083e-02 -3.89851689e-01 1.04735672e-01
    7.68065453e-02 6.42402768e-02 3.65014374e-01 -1.62852436e-01
    -2.08898455e-01 -2.47246623e-01 -1.15324259e-02 -1.74280524e-01
    -4.50312555e-01 -4.79514718e-01 5.29872775e-02 -1.22531235e-01
    -6.33717060e-01 -2.00185776e-01 -5.13404191e-01 1.94573820e-01
    -1.80382967e-01 -6.68821692e-01 5.24131656e-02 -1.34122968e-01
    -2.57194340e-01 -8.86075497e-02 1.04154825e-01 -5.89272738e-01
    -8.62377286e-02 1.35419369e-01 -2.85812855e-01 -1.50215924e-01
    7.47982264e-02 1.10172570e-01 7.89371729e-02 -6.72448397e-01
    -2.37648755e-01 9.92639065e-02 -8.31041932e-02 4.64943051e-02
    -6.28986359e-01 -5.97298741e-02 -6.61256313e-02 -5.49980402e-01
    -2.25825667e-01 -5.22125900e-01 -2.41901278e-02 -2.31204867e-01
    -3.32970142e-01 1.05843246e-01 2.63303757e-01 -5.27381063e-01
    -1.41394734e-01 -4.12313968e-01 4.39808965e-02 -3.89563113e-01
    1.41876876e-01 -4.74344343e-01 -3.16132605e-01 -4.39563751e-01
    -7.62057841e-01 -7.62818873e-01 1.46351457e-02 -4.61737514e-02
    -6.20035946e-01 -1.87859774e-01 -4.35177386e-01 2.06616044e-01
    -2.79053807e-01 -6.12294912e-01 -5.12628436e-01 -1.97076797e-03
    -7.14302421e-01 -7.09020734e-01 -7.05306530e-02 -3.67541909e-02
    -4.36900049e-01 -2.79728234e-01 -4.40307766e-01 -4.10582960e-01
    1.39538288e-01 -2.26810694e-01 -1.71309710e-03 9.73367095e-02
    -4.99567181e-01 -5.08210957e-01 -8.13057423e-02 -2.31498927e-01
    -1.85713172e-02 -2.67863482e-01 -2.31483519e-01 -1.96126103e-01
    -3.17619085e-01 -5.30985415e-01 -2.29336292e-01 -1.93544805e-01
    1.06377423e-01 -2.38714337e-01 -7.07619488e-01 -2.21176624e-01
    -6.73084795e-01 -3.24674845e-02 -4.65661168e-01 -4.04154956e-01
    -5.97192287e-01 -5.25780618e-01 -3.64186347e-01 -7.53623247e-03
    1.83988392e-01 1.07632518e-01 -4.73492861e-01 1.33682251e-01
    -2.91640669e-01 -1.12141132e-01 5.64469099e-02 -2.19669640e-01
    -2.51432955e-01 -1.38093412e-01 5.37849069e-02 -6.83557749e-01
    -5.52062392e-01 -1.10554576e-01 -2.29812473e-01 -2.42661357e-01
    2.06679761e-01 -4.57191497e-01 -1.11951739e-01 1.53334498e-01
    -7.05171227e-02 -5.33583403e-01 2.10310459e-01 -2.44631529e-01
    -4.49190289e-01 -2.51536489e-01 -4.84463573e-02 1.23012662e-01
    5.46084046e-02 -6.73359156e-01 3.48499417e-02 -3.27616543e-01
    -6.17331266e-03 3.30807745e-01 7.82548785e-02 -2.03519553e-01
    2.56075323e-01 2.10514069e-02 -5.20548403e-01 -2.34858692e-01
    -2.85163075e-01 -9.72248614e-02 1.73951566e-01 -4.82891172e-01
    -7.74857402e-02 1.04939222e-01 -7.22122967e-01 -1.48938239e-01
    -2.79619634e-01 -3.49492550e-01 -4.16306257e-01 -1.12813950e-01
    -5.32756209e-01 3.57567072e-02 -1.67570233e-01 1.12735450e-01
    -2.85303921e-01 -1.76275790e-01 -5.50671160e-01 3.50391209e-01
    -5.86521089e-01 -1.03386045e-02 -7.51414418e-01 7.08324909e-02
    -6.35182321e-01 1.33805871e-02 2.35882342e-01 2.20565081e-01
    1.34926856e-01 -5.17090321e-01 -7.02263355e-01 5.09210825e-02
    -9.79694128e-02 1.01586044e-01 -8.62472653e-02 -7.12975740e-01
    -2.31158465e-01 2.95947015e-01 1.36323214e-01 -7.07943201e-01
    -5.57592750e-01 -4.44441438e-02 -3.91027927e-02 -6.05937064e-01
    -1.33466303e-01 7.20971823e-02 3.05072606e-01 3.14565718e-01
    -4.31304276e-01 -2.23930180e-01 -4.89711165e-02 1.61070645e-01
    -4.98602271e-01 1.57142639e-01 -7.33994603e-01 -4.38216656e-01
    -3.53553891e-01 -7.22934723e-01 -4.18494552e-01 -1.15982592e-01
    -5.32123208e-01 -5.86227834e-01 -3.58025163e-01 -3.27180892e-01
    2.63400555e-01 -2.74097711e-01 -2.66083777e-01 9.64244604e-02
    -1.25833631e-01 -3.67646635e-01 -2.10873604e-01 6.09159470e-02
    -7.55059481e-01 1.77184582e-01 -1.80869102e-02 -2.90576398e-01
    -2.83314586e-02 -3.22127134e-01 -4.49213505e-01 -1.80680484e-01
    -6.50359392e-01 -5.32492638e-01 -2.59585768e-01 -4.82603878e-01
    -5.20187259e-01 -5.84593713e-01 3.37828457e-01 -4.14067507e-02
    -6.05612993e-02 -4.34968233e-01 9.89184976e-02 -6.20726347e-02
    -3.38351041e-01 -1.40453935e-01 1.36194348e-01 -3.00727695e-01
    -2.82711983e-02 1.44587636e-01 -7.20420361e-01 2.04517007e-01
    -6.04194760e-01 -1.59737706e-01 -3.98157716e-01 -6.66332304e-01
    9.17035937e-02 -3.61535341e-01 -3.85726154e-01 -4.36106861e-01
    -1.19930863e-01 -2.24553615e-01 -2.56287396e-01 2.09656417e-01
    -3.12629163e-01 -6.70304477e-01 -2.13894665e-01 -6.52217269e-01
    -2.75593668e-01 -7.03723311e-01 1.61785543e-01 -3.77602786e-01
    1.62484288e-01 -1.80848211e-01 -6.10002697e-01 2.38173008e-01
    5.47795892e-02 1.06792748e-01 -4.10926163e-01 1.72497034e-02
    -3.30332190e-01 -4.96534646e-01 -1.45520568e-01 1.90534115e-01
    -3.90194237e-01 5.59250712e-02 -6.27724767e-01 1.83503270e-01
    -2.06995666e-01 -4.53563035e-01 -5.50676763e-01 -2.56167769e-01
    -5.00507832e-01 -2.92841196e-02 -5.11209011e-01 4.82689142e-02
    7.00750947e-02 -3.07622999e-01 -3.67874324e-01 1.13107800e-01
    8.94080400e-02 -1.79473937e-01 -1.25715971e-01 2.86794305e-02
    -4.40200359e-01 -9.28900838e-02 -2.75532484e-01 -2.70304650e-01
    2.04825997e-01 -2.23309368e-01 -6.45349622e-01 4.91660833e-02
    -4.52150851e-01 -5.73481441e-01 -1.52392566e-01 -5.51312208e-01
    -2.85131812e-01 7.73001909e-02 1.30011380e-01 -7.47166514e-01
    1.31151259e-01 2.19019055e-02 -2.76906401e-01 -2.90033817e-02
    -4.62874830e-01 -6.66920900e-01 -5.42882025e-01 5.96161485e-02
    -1.12137139e-01 -7.18609631e-01 1.38056040e-01 -8.34546089e-02
    -9.19218659e-02 -1.84411585e-01 3.52866054e-02 -6.18986845e-01
    -5.86931407e-01 1.29776776e-01 7.11037517e-02 -4.52107787e-02
    -1.21393144e-01 -5.00274122e-01 -5.71987033e-01 -4.23330128e-01
    1.45801425e-01 -5.29549778e-01 -5.42004168e-01 -1.99910402e-02
    -4.51517165e-01 1.99659467e-02 -5.56672275e-01 1.50961459e-01
    2.45516658e-01 -6.17931545e-01 -1.57677710e-01 -2.96747237e-01
    1.81147993e-01 2.49720216e-02 -3.56503248e-01 1.79238856e-01
    5.28939962e-02 -1.45813286e-01 2.36058533e-01 9.61565375e-02
    -2.84558713e-01 -9.46140885e-02 2.67509520e-01 3.49669456e-02
    -3.65835041e-01 -1.07959449e-01 1.47318184e-01 -3.22062373e-01
    -1.63329333e-01 -5.36078215e-02 -4.29875523e-01 -4.59435463e-01
    -3.86233449e-01 -4.88490939e-01 -4.80464399e-01 -5.69895685e-01
    2.07795441e-01 1.51443958e-01 -2.11404204e-01 1.40266299e-01
    -4.50863123e-01 -5.88598371e-01 -5.32396436e-01 -1.56451792e-01
    1.61256433e-01 -5.29379725e-01 1.54963970e-01 -1.29625022e-01
    -7.26976395e-02 -4.39789087e-01 -3.23373318e-01 -5.33343554e-02
    -5.77676654e-01 -2.42285192e-01 2.06936538e-01 1.79443419e-01
    -4.98988032e-01 -3.61447871e-01 9.18627381e-02 -4.67391819e-01
    -4.03414905e-01 -5.39768338e-02 2.52007723e-01 -4.71700430e-01
    -5.58420300e-01 5.02949953e-02 -5.84255636e-01 1.64288580e-01
    -1.73361838e-01 -1.19997203e-01 -4.26010966e-01 -1.18823111e-01
    -2.98927248e-01 -3.33978415e-01 1.61814392e-01 -2.72841871e-01
    2.58746684e-01 -5.12054443e-01 -2.32432425e-01 -3.63858372e-01
    -3.10763776e-01 -3.10439229e-01 -5.61754107e-02 -3.12366664e-01
    -2.36407995e-01 1.00601912e-01 4.30904031e-02 3.18123519e-01
    -4.73941207e-01 -5.22012115e-01 8.89166594e-02 -3.76222789e-01
    -2.36813217e-01 -1.24037802e-01 -3.30083489e-01 -7.32196510e-01
    -6.25180125e-01 -3.71111035e-02 -1.02517724e-01 -3.39769155e-01
    -5.73959589e-01 -3.32039595e-03 3.41157317e-02 -3.57747376e-01
    9.15171504e-02 3.93543243e-02 -4.85914081e-01 1.04530454e-02
    4.72866893e-02 -1.30876243e-01 4.89756465e-02 -5.57783842e-01
    -6.40079021e-01 1.16094649e-01 2.96664774e-01 2.48149633e-02
    2.14823484e-01 7.21139908e-02 1.90031528e-02 -6.71343744e-01
    2.05937028e-02 9.44429636e-02 -1.29035294e-01 1.18848205e-01
    7.16688633e-02 3.20533216e-01 2.77439475e-01 -1.91541135e-01
    1.20198607e-01 -2.63278127e-01 -3.25139761e-02 8.63081813e-02
    -1.29789710e-01 -8.33515882e-01 1.05408609e-01 -1.35088682e-01
    -6.60385489e-01 -1.33949935e-01 -3.22998047e-01 -3.20319861e-01
    5.41594028e-02 2.42908239e-01 7.41884112e-02 -4.73777920e-01
    -5.30679166e-01 -4.15019393e-02 -5.85069656e-01 9.71928835e-02
    -6.99664950e-01 -1.18177235e-01 3.37838888e-01 -6.20925069e-01
    8.80309939e-02 2.05294013e-01 1.73510373e-01 -7.89958239e-03
    -1.46353066e-01 1.30886912e-01 1.98798001e-01 -4.27217841e-01
    -1.66261196e-01 -4.41637814e-01 2.02958882e-01 -6.05928898e-02
    -7.76052952e-01 8.78977776e-03 -3.96079421e-02 -1.74963117e-01
    -2.33697474e-01 -6.17819071e-01 -1.33550942e-01 -1.94802940e-01
    -4.52545285e-01 -4.47982699e-01 -4.50209379e-02 1.77731276e-01
    -6.66844130e-01 -1.26421154e-01 -1.44857645e-01 -6.87810421e-01
    -4.96137440e-01 2.13193297e-01 -7.82883525e-01 -5.81385732e-01
    3.08071375e-02 -5.18572867e-01 -5.41141272e-01 -4.12763387e-01
    2.59064317e-01 -1.95222527e-01 -6.71703696e-01 -5.26005447e-01
    -3.61708999e-01 -3.29679608e-01 3.73810530e-02 -5.44066072e-01
    -3.73987556e-02 1.32018685e-01 -1.90616965e-01 -2.94818878e-01
    8.48530531e-02 -5.91702342e-01 -3.02265376e-01 -4.91090655e-01
    -4.36812818e-01 -5.20463228e-01 1.85081065e-01 -9.22996402e-02
    -6.98314428e-01 -4.68812525e-01 -1.50145411e-01 -6.55190945e-01
    -3.02348852e-01 5.93947768e-02 -3.52325559e-01 1.44760847e-01
    -6.03122652e-01 -4.37195808e-01 -7.84345865e-02 -5.68481445e-01
    -3.65515739e-01 1.43712580e-01 -3.32602233e-01 2.96681106e-01
    -6.33541822e-01 -4.48918283e-01 -3.03847522e-01 7.16962218e-02
    -6.58452511e-03 -4.53240097e-01 -3.04986119e-01 -2.01509714e-01
    -3.17487717e-01 -7.54045248e-02 1.17690384e-01 -4.98256892e-01
    5.71928024e-02 3.04921746e-01 -4.62597340e-01 -1.05051994e-01
    -3.74735534e-01 -2.58478105e-01 -2.92636186e-01 7.10165501e-03
    -5.77343762e-01 -3.39557946e-01 2.63139606e-01 3.66569757e-02
    -2.64282525e-01 1.96018934e-01 -4.58147526e-01 5.96992970e-02
    -7.43621588e-03 -5.75212181e-01 -4.08353209e-01 -8.70292187e-02
    7.16973543e-02 -4.60710108e-01 -5.33722639e-01 2.55410492e-01
    -1.70012355e-01 -2.45866656e-01 -3.70882928e-01 -7.26005137e-02
    1.57123268e-01 -4.74058181e-01 -3.61602485e-01 -1.74282193e-02
    -2.84392089e-01 -4.64282036e-02 -1.92209959e-01 -5.49291372e-02
    -7.09581614e-01 -4.19118732e-01 7.06188679e-02 -4.78664815e-01
    3.28199327e-01 -5.85725129e-01 -3.01912636e-01 -4.05755937e-01
    -4.50182915e-01 -1.78521156e-01 -7.22273111e-01 -7.37439394e-01
    -1.36328101e-01 -2.88590908e-01 -6.54248595e-02 -6.84516311e-01
    -1.42580152e-01 2.31855690e-01 -3.25203419e-01 1.61963403e-01
    -3.40018570e-01 -4.66974646e-01 -5.51044166e-01 -4.69166517e-01
    -1.90946758e-02 -1.24422222e-01 2.42091417e-01 -3.00824076e-01
    6.95878267e-03 -5.92755437e-01 -6.19974911e-01 -5.58840871e-01
    1.61893785e-01 -1.93256259e-01 -5.20127654e-01 -7.35448062e-01
    -1.62057340e-01 5.05539179e-02 -1.50390863e-01 -4.23946559e-01
    -1.66095912e-01 -4.13115621e-02 1.47011101e-01 -5.84487498e-01
    6.03387952e-02 -2.46194124e-01 -2.85352886e-01 -3.66409779e-01
    -4.16089535e-01 -5.94167233e-01 1.26061440e-02 -5.70667863e-01
    -3.87992084e-01 -3.42405230e-01 -3.08233857e-01 1.48931086e-01
    -3.27081621e-01 -1.97281718e-01 -4.13797259e-01 -5.58327854e-01
    2.55146027e-02 7.08062649e-02 6.92302585e-02 -5.14425039e-01
    -2.87311792e-01 -1.30689025e-01 -2.70146966e-01 -6.18997812e-01
    -2.72032022e-02 -2.76982784e-02 9.52822566e-02 -1.96374774e-01
    1.40920818e-01 -6.17645264e-01 -1.74062610e-01 -3.78539622e-01
    -4.51810002e-01 -3.50372285e-01 1.16655767e-01 4.03988361e-02
    -9.38956738e-02 9.33973193e-02 -8.38332772e-02 -1.56349480e-01
    -5.53510487e-01 1.29291475e-01 -3.93288612e-01 -6.54439330e-01
    -6.34709358e-01 -2.18633354e-01 -1.05513036e-01 -5.71368873e-01
    1.52069330e-03 -7.91909158e-01 7.68143535e-02 -3.33430916e-01
    -7.24470794e-01 -1.86716557e-01 2.05817521e-01 -7.26023138e-01
    -2.34955370e-01 1.92657053e-01 5.71119189e-02 -7.75962472e-02
    1.47033334e-01 -3.69251251e-01 -1.02570713e-01 -4.86183763e-02
    1.81907415e-02 -1.93842649e-01 -4.84583080e-01 -4.26282406e-01
    -6.95693493e-03 -2.92117417e-01 -1.49833083e-01 -1.29702568e-01
    1.74003243e-02 -1.13100231e-01 -2.87854999e-01 -5.05465984e-01
    -4.11409140e-01 1.54359698e-01 1.02447033e-01 -1.32005990e-01
    -4.44089860e-01 8.16865563e-02 -6.27998948e-01 -5.09532690e-02
    -3.64735961e-01 2.62093067e-01 -1.56389475e-02 -2.91382492e-01
    1.99518204e-02 -4.54784214e-01 -1.65259838e-03 -4.42048103e-01
    -2.19639361e-01 1.70649707e-01 -3.85890901e-01 -5.78429222e-01
    -1.91242635e-01 -1.78832263e-01 -4.25279379e-01 -3.93525839e-01
    -2.50369906e-01 -5.73510647e-01 1.04651153e-01 1.15169644e-01
    -3.80558074e-01 1.35269105e-01 -6.09820366e-01 1.83307171e-01
    1.79561615e-01 -5.26437640e-01 -4.01783049e-01 3.57882977e-01
    2.13653147e-01 -5.42404354e-01 -3.42886388e-01 -4.01306748e-02
    -5.63110948e-01 7.41708875e-02 4.29730594e-01 -3.39481831e-02
    4.92773056e-02 -8.85130763e-02 1.27380610e-01 5.16695380e-02
    2.71575630e-01 -4.26045597e-01 -6.16591930e-01 -5.45827746e-01
    2.72488117e-01 -2.54551500e-01 -5.09098411e-01 -5.31976461e-01
    -1.83582127e-01 1.56106651e-01 -4.13713485e-01 -7.13337600e-01
    -3.13295960e-01 -5.71064949e-01 -3.59638453e-01 2.89674997e-02
    -7.34681368e-01 1.52516842e-01 -4.49876696e-01 2.41820812e-01
    -2.26134002e-01 -3.13472331e-01 2.24855661e-01 -4.16539699e-01
    1.76206708e-01 -2.75072306e-01 1.63247049e-01 -1.95879221e-01
    -2.26946950e-01 -2.13893056e-02 -2.10661769e-01 -5.94829917e-02
    -5.78082919e-01 -4.03815508e-03 -2.01867431e-01 2.10121810e-01
    1.52595937e-01 -5.08111835e-01 -1.96024299e-01 1.36026323e-01
    1.90342486e-01 -1.78463995e-01 1.48395717e-01 -2.72724390e-01
    -3.64186287e-01 9.13936496e-02 1.14541411e-01 -8.48074853e-01
    -5.38954616e-01 -2.52828002e-02 -7.13600874e-01 -2.69934416e-01
    -1.76953912e-01 -3.77427578e-01 1.37488186e-01 -5.98879814e-01
    -2.28483975e-01 -7.65345097e-02 8.65167379e-03 -5.43605924e-01
    1.83304548e-02 4.26819324e-02 -2.94314265e-01 -2.14427650e-01
    -6.49592757e-01 -3.63246351e-01 2.79813051e-01 -4.39543426e-01
    -5.99658489e-02 3.00589442e-01 -1.39378786e-01 -3.18081081e-01
    -2.96052188e-01 8.42416883e-02 -3.56444538e-01 -3.46185923e-01
    -2.23993540e-01 -1.16133034e-01 -4.47762132e-01 -1.06438756e-01
    -4.07264620e-01 -4.24821973e-02 -1.75091386e-01 -5.44140935e-02
    -3.23507845e-01 -5.25989175e-01 -5.19931078e-01 -7.42172003e-02
    -6.04495943e-01 -2.77980208e-01 -4.54417646e-01 -4.57035661e-01
    1.22554421e-01 -6.73169613e-01 -2.59739339e-01 -6.18778646e-01
    -4.10007983e-01 -5.21637797e-02 6.29073381e-03 -4.47413325e-02
    -5.15372396e-01 -4.47901994e-01 2.11861730e-02 -5.58660924e-01
    -1.31211877e-02 1.49438500e-01 -8.79341364e-02 -2.75909722e-01
    -4.83673811e-03 -2.62024432e-01 -3.17179680e-01 -4.49340463e-01
    -5.54689407e-01 1.41470253e-01 -4.19167846e-01 1.71652675e-01
    1.57523513e-01 -4.68821257e-01 -1.44476831e-01 -5.64170182e-01
    2.67719388e-01 -3.87240827e-01 1.13673806e-02 1.22620761e-01
    -1.84968472e-01 -6.18415117e-01 -3.04506868e-01 -3.57949615e-01
    -1.78123653e-01 -6.64858162e-01 -2.89705396e-01 -1.34689748e-01
    -6.97087169e-01 -5.08617401e-01 -5.94320059e-01 2.84694493e-01
    1.22012734e-01 -6.81055427e-01 1.15092874e-01 -2.34853685e-01
    -7.13787079e-02 2.36764550e-02 -5.46810627e-01 -5.01671493e-01
    1.55577779e-01 -6.44045472e-02 -2.51091421e-01 -6.52225494e-01
    -4.11943257e-01 -2.75903821e-01 -4.00337547e-01 1.81332827e-01
    -4.44379449e-02 5.88917732e-02 -1.36878967e-01 -4.61604655e-01
    -4.24366593e-02 2.95034230e-01 -2.51116514e-01 -3.58155012e-01
    -4.80058074e-01 -5.19075334e-01 -6.30403161e-02 8.17494988e-02
    -7.49179125e-02 1.03100896e-01 2.20949173e-01 -3.37443799e-01
    -8.15462053e-01 -8.16836357e-02 -1.92194462e-01 -5.17008305e-01
    -1.65973246e-01 -2.80828476e-02 -6.36144757e-01 8.33344460e-02
    8.42007995e-02 4.63035107e-02 -1.67737722e-01 2.04392791e-01
    -5.20692945e-01 -6.74109459e-01 3.38735223e-01 2.65682936e-02
    -3.41347247e-01 2.46212482e-02 -3.50624263e-01 -1.48596764e-01
    -7.27634430e-01 -4.82541323e-01 -4.71863329e-01 -7.16168284e-02
    -3.09796870e-01 8.86781216e-02 -2.04831362e-03 -2.30075181e-01
    -7.83312798e-01 -4.90272522e-01 -1.55249834e-02 3.83979082e-02
    -7.09213257e-01 -3.99169177e-01 -8.44129443e-01 1.12662435e-01
    1.96571290e-01 -8.03030491e-01 -5.60327888e-01 2.34326959e-01
    -2.74036109e-01 -1.34497344e-01 -7.07291245e-01 -4.24061775e-01
    -1.95374310e-01 -1.29707336e-01 -4.28475350e-01 -7.38804996e-01
    2.26681232e-02 2.65985131e-02 1.02277935e-01 -1.58001959e-01
    -1.06047988e-02 -3.29180002e-01 -3.21942151e-01 -9.17458534e-02
    -2.69320548e-01 -3.05942148e-01 -3.93347263e-01 -6.31842375e-01
    -5.56436896e-01 -4.43502098e-01 -4.95286405e-01 -5.54812610e-01
    -1.28240407e-01 -5.09455204e-01 -2.93785274e-01 -3.82335484e-01
    -1.03699923e-01 -4.59796250e-01 -3.59095067e-01 1.00010335e-01
    1.32853389e-02 -5.86692929e-01 -4.23369020e-01 -3.45412195e-01
    3.63503098e-02 -1.69717848e-01 2.38322020e-02 -5.54898083e-01
    -2.53826797e-01 -2.69721419e-01 -3.44258308e-01 -2.52057284e-01
    1.39020681e-01 -1.36126816e-01 -2.20923781e-01 -1.40423179e-02
    4.56863046e-02 -4.60358590e-01 -4.61960435e-02 1.11284137e-01
    -1.63482487e-01 -6.27611637e-01 -1.31897926e-02 3.66044641e-02
    1.71487331e-01 -5.06257534e-01 1.40266001e-01 -2.59019196e-01
    -2.12388396e-01 -3.04787636e-01 7.99496770e-02 -2.37754583e-02
    1.01961136e-01 -1.44074559e-01 1.90769255e-01 -4.22115386e-01
    -7.61685610e-01 5.12843132e-02 -4.34976786e-01 -6.10419869e-01
    -1.65944815e-01 4.90121245e-02 -4.67229903e-01 -3.70302707e-01
    -2.69892216e-01 -4.19042021e-01 -1.93383753e-01 -4.21286821e-02
    -7.04797328e-01 1.05490506e-01 -5.24116039e-01 -5.47045350e-01
    -1.03804588e-01 -5.07863998e-01 -5.55339813e-01 -5.10411739e-01
    -4.57716405e-01 -8.70594978e-02 2.21623182e-01 -8.33631754e-01
    -3.06652367e-01 2.51542926e-02 -3.77395272e-01 9.14371014e-03
    -8.49023461e-02 -5.02471149e-01 -3.95377278e-02 -5.67425728e-01
    -2.43924022e-01 -2.36776054e-01 -1.07313514e-01 -5.45727730e-01
    1.11333489e-01 -1.09613240e-01 2.65082777e-01 1.74846351e-01
    -2.98922598e-01 -5.30199170e-01 -1.65799469e-01 -1.22978806e-01
    -5.92323720e-01 2.64106333e-01 -5.41433930e-01 -4.20324206e-01
    -5.28831422e-01 -6.19274855e-01 -7.32866287e-01 1.27673209e-01
    -1.59117937e-01 -4.78260219e-01 1.64491296e-01 -3.59320581e-01
    -2.90002018e-01 -3.22058946e-01 -3.78833055e-01 -5.28776050e-01
    -4.05442148e-01 -5.89894652e-01 -5.97921729e-01 -4.85087037e-01
    4.50879931e-02 -1.70731783e-01 2.69917488e-01 8.59196782e-02
    -3.30154896e-02 -1.92482144e-01 1.41228199e-01 -3.39914143e-01
    -2.73990989e-01 3.85698080e-02 -5.60237765e-01 -1.07463837e-01
    5.31234145e-02 1.79587364e-01 1.47697330e-01 -2.92325884e-01
    -5.61782360e-01 3.02261233e-01 -2.79341578e-01 -1.24891281e-01
    -1.47101164e-01 -3.13370496e-01 -3.23953390e-01 -5.52372098e-01
    2.50409782e-01 -5.58373332e-01 -3.64086926e-01 -2.92727768e-01
    8.58722925e-02 -3.30673486e-01 -8.13463807e-01 -1.98697031e-01
    -8.22842121e-02 -5.34498096e-02 -4.86521244e-01 -1.29613757e-01
    -4.69420701e-01 2.46206105e-01 -3.86548936e-01 -4.69340980e-01
    -9.45049524e-02 1.83872104e-01 -2.63320565e-01 -4.07730669e-01
    -5.98808646e-01 6.17741346e-02 -8.73915553e-02 -6.73429370e-02
    1.49903536e-01 -2.20901966e-02 -4.47087288e-01 -1.99166417e-01
    3.85852456e-02 1.47881508e-01 -1.90808654e-01 4.27297950e-02
    -5.00624061e-01 -1.54793859e-01 2.33657241e-01 -4.25911009e-01
    1.71629310e-01 -2.32827067e-01 -6.37907147e-01 -3.25135589e-02
    -5.12101769e-01 -2.88344026e-01 -4.11593139e-01 -2.50227451e-02
    -6.86888099e-02 -3.18207145e-01 -2.72917330e-01 -4.22320932e-01
    -5.01015663e-01 -4.42351758e-01 -3.54455173e-01 -5.99927068e-01
    -2.65415192e-01 2.52033651e-01 -2.54018575e-01 -9.00825262e-02
    -1.36806309e-01 -6.93498135e-01 -4.93670732e-01 -7.23908544e-02
    -3.56310844e-01 -2.47994483e-01 -9.00540948e-02 4.87661362e-02
    -4.88166183e-01 -3.63671243e-01 9.66005921e-02 -1.65870368e-01
    -2.78954744e-01 -4.24307615e-01 -1.84702098e-01 1.61493421e-02
    -1.33060217e-01 -6.44818723e-01 -2.89283633e-01 -2.80075788e-01
    -5.73998690e-03 -4.56070900e-02 -2.55666643e-01 -5.61860681e-01
    2.72388697e-01 -4.43018675e-01 5.82885742e-02 -2.25388110e-01
    -3.44585598e-01 -5.75622678e-01 -3.47143412e-03 -8.33671689e-02
    -6.22429967e-01 -2.84323514e-01 -7.21654296e-02 -3.41503024e-01
    1.43163383e-01 2.43302584e-01 -2.91629434e-02 -6.18001461e-01
    -1.24158800e-01 -6.35903060e-01 -1.46000683e-01 -2.91152060e-01
    -1.16258860e-02 -2.31428146e-01 2.62958229e-01 -6.12609744e-01
    -2.99637884e-01 2.86916018e-01 -5.22907734e-01 -7.39941001e-02
    -6.71929240e-01 -1.77659333e-01 -1.15236402e-01 -6.66936874e-01
    -6.13639295e-01 -6.36893332e-01 -6.60555363e-02 -1.74591899e-01
    -3.22125256e-01 -5.07073164e-01 -2.03339756e-02 4.11533654e-01
    -2.61224419e-01 3.66145968e-01 -1.74665570e-01 -4.77887928e-01
    9.82595086e-02 -5.24471402e-02 -1.19494796e-02 -7.37075567e-01
    -1.93811238e-01 -8.10265720e-01 -2.80794978e-01 -8.22899699e-01
    -8.33663940e-02 2.31656730e-01 -6.33219838e-01 -1.85499787e-02
    -1.95180088e-01 -1.51134193e-01 -3.36994588e-01 2.56832361e-01
    -5.91781497e-01 -3.50812197e-01 -6.12673104e-01 -1.59446359e-01
    -7.46478319e-01 -1.08353972e-01 -5.43947101e-01 -3.44009101e-01
    -4.63072717e-01 6.95571899e-02 -6.14853144e-01 3.32972765e-01
    -2.95674980e-01 2.05252767e-01 1.48907661e-01 -2.87450463e-01
    2.04255760e-01 -2.04895854e-01 -4.04818475e-01 2.74456561e-01
    -3.36926907e-01 -1.69176221e-01 -6.94208145e-01 -6.41728938e-01
    2.25535631e-01 -5.84649086e-01 1.58458412e-01 -4.05244201e-01
    -1.21278465e-01 1.98556185e-01 -4.07923818e-01 -9.56032276e-02
    -6.20646000e-01 -1.52043998e-01 -5.45432687e-01 -2.10801065e-01
    -5.13756871e-01 -2.49090314e-01 1.32057428e-01 -2.76645482e-01
    -1.34419322e-01 -2.46923745e-01 1.88166499e-01 -7.00095832e-01
    3.34561467e-02 -6.50449097e-01 3.75202298e-02 -1.33322209e-01
    -9.31634307e-02 -5.27734816e-01 -2.98179090e-01 1.08907819e-02
    -5.88086486e-01 5.22276163e-02 2.45317400e-01 -4.06035870e-01
    -6.27563119e-01 2.59804368e-01 -1.72349453e-01 -2.60330439e-01
    -3.81959677e-02 5.80430627e-02 -6.70698166e-01 6.94484115e-02
    -7.31695175e-01 -6.17690980e-01 -1.56165719e-01 -4.03442740e-01
    -5.61753154e-01 -2.50639379e-01 -1.78856373e-01 -3.90894443e-01
    -5.08070588e-01 -1.80602193e-01 -4.32554871e-01 -2.18206406e-01
    -3.54986787e-01 8.80974531e-03 -2.26249933e-01 -2.04848051e-01
    2.94670284e-01 -1.15766048e-01 -7.00654387e-02 5.60347438e-02
    3.31505597e-01 -1.22562706e-01 -4.10705388e-01 3.05762827e-01
    -2.73916900e-01 -6.39915466e-04 -5.13220668e-01 1.34644926e-01
    1.14341378e-01 -4.44156468e-01 -5.72181344e-02 -4.66324210e-01
    -2.87225991e-01 -5.91666698e-01 -5.33356667e-02 -5.64903557e-01
    -1.96945220e-01 4.08016503e-01 1.94474995e-01 -1.27837837e-01
    1.59638882e-01 -3.39083672e-01 -5.21004558e-01 1.39520884e-01
    -1.34993196e-02 -4.11639154e-01 -5.61912060e-02 -5.79743385e-01
    2.98349798e-01 1.12992823e-01 -4.95920837e-01 -2.31522501e-01
    9.05873179e-02 1.07659996e-01 5.09279966e-02 -4.30844218e-01
    2.87885666e-02 -1.33628547e-01 5.37019968e-02 -5.31703949e-01
    -3.09698373e-01 -2.15391099e-01 -1.94117635e-01 -3.62612307e-01
    -1.69229805e-01 -3.21345150e-01 -1.62222505e-01 -2.69859672e-01
    -5.24363875e-01 -5.62056541e-01 -2.66391635e-02 3.01758826e-01
    -6.03761077e-01 -4.11224663e-01 9.16613936e-02 -5.52085936e-01
    1.69456780e-01 -5.94426334e-01 -4.18040454e-01 -3.83129388e-01
    -6.55468941e-01 6.14333153e-02 9.69853997e-02 -2.63302803e-01
    -1.74658418e-01 -6.55408502e-01 1.67413771e-01 -2.82837868e-01
    2.06626654e-02 -4.36056793e-01 -2.52462059e-01 3.63147438e-01
    1.05560184e-01 -1.91912413e-01 -4.27735209e-01 -3.50975990e-03
    1.52337551e-03 -5.20628870e-01 -2.23384500e-02 -5.76523542e-02
    -3.29495877e-01 -2.83870101e-01 -4.33256000e-01 -1.92173451e-01
    -1.69988364e-01 -2.40491629e-01 -5.73409200e-01 -5.87534308e-01
    -5.34127295e-01 -2.54526436e-01 8.32235813e-03 -3.68163913e-01
    -6.85672760e-01 2.29121983e-01 1.07814372e-01 -4.00586516e-01
    2.21906364e-01 -1.36119723e-01 -3.07456642e-01 -3.18665653e-01
    -5.26685715e-01 -7.36260653e-01 -1.88693464e-01 1.11811042e-01
    -1.65296376e-01 -4.78732139e-01 -1.07666343e-01 -5.39378285e-01
    5.56461215e-02 -3.21675360e-01 -5.68400383e-01 -5.16594887e-01
    6.16989136e-02 -3.46901238e-01 -5.86055040e-01 -4.34798837e-01
    -1.67435884e-01 -3.37980956e-01 -4.83462065e-01 3.08692455e-01
    -6.37713909e-01 2.50509262e-01 8.80757570e-02 8.68775249e-02
    -7.19400883e-01 -4.79956537e-01 -7.06103802e-01 -1.03676856e-01
    -2.43867159e-01 -7.36683607e-02 -2.28144705e-01 -2.04889238e-01
    -2.84353971e-01 2.84224808e-01 -4.90982115e-01 1.58862293e-01
    -1.67844266e-01 1.07993484e-02 1.54359162e-01 -3.64652842e-01
    -9.06686187e-02 -1.81652069e-01 -2.08465219e-01 5.25531173e-02
    1.86630547e-01 7.13358521e-02 -4.10311580e-01 -2.27120340e-01
    -5.29638886e-01 3.72295797e-01 -1.83353424e-02 -8.69846940e-02
    -1.45586252e-01 -1.30696237e-01 -8.15668106e-02 -4.90527153e-02
    -6.56042695e-02 -6.50580525e-02 -2.75956750e-01 4.54260707e-02
    -4.43038523e-01 -1.72538280e-01 8.54776502e-02 5.66731095e-02
    -6.66295886e-01 1.85097754e-01 2.49022245e-03 -5.80269098e-01
    -5.40101409e-01 -3.68096828e-02 -2.31310725e-01 1.91438079e-01
    -5.83721876e-01 -1.94098353e-01 2.29532301e-01 -1.28993630e-01
    8.23254585e-02 -2.56290227e-01 -9.44604278e-02 -1.92270279e-01
    -1.00266278e-01 2.78918505e-01 -5.03762484e-01 -6.64154172e-01
    1.46986008e-01 -1.22748971e-01 -8.02283108e-01 -5.74500442e-01
    6.23512864e-02 -1.10829890e-01 -7.01554179e-01 -1.26860857e-01
    1.59468651e-01 -5.30672848e-01 -2.01708078e-03 2.47162580e-03
    -6.58920288e-01 -1.36991441e-01 -4.50113207e-01 5.40883541e-02
    -1.08673036e-01 -2.51474708e-01 2.24684179e-01 -4.03077245e-01
    1.00109518e-01 -1.85076892e-01 6.80860877e-02 -6.53266549e-01
    1.77990198e-01 -3.40718061e-01 -1.67976916e-01 9.81026888e-02
    -2.69262135e-01 -6.87956870e-01 2.68086195e-02 1.52269304e-01
    -1.62511915e-01 4.08646464e-02 1.35323048e-01 2.98501194e-01
    -4.01560009e-01 -3.46086621e-02 -6.59279227e-02 -3.88365388e-02
    -1.43430769e-01 -4.83617008e-01 2.67602026e-01 -2.97320485e-02
    -7.74679780e-01 -3.99017543e-01 2.18694806e-01 -4.81669724e-01
    -2.81597972e-02 -4.64045405e-02 1.30134702e-01 -3.62408936e-01
    -5.27519226e-01 -6.44961894e-01 5.89922071e-02 -4.25136864e-01
    -2.48476803e-01 1.50716484e-01 -6.35458589e-01 -1.97976232e-01
    -1.62303805e-01 1.66043878e-01 -4.45057750e-02 1.38702095e-01
    2.02796280e-01 -3.19515467e-01 5.95160723e-02 2.62092650e-01
    -6.02412641e-01 -3.36081743e-01 -2.51542449e-01 -2.78081864e-01
    1.48286998e-01 -2.51930952e-02 -3.92024577e-01 -2.56532550e-01
    -1.55677557e-01 1.86050713e-01 7.12951422e-02 -1.32724166e-01
    -1.68042600e-01 -2.66916633e-01 -6.69111788e-01 -4.48737741e-01
    -2.89637089e-01 1.50525451e-01 2.68174350e-01 7.16186762e-02
    -5.20719409e-01 -2.94924468e-01 -5.92260361e-01 -4.22020435e-01
    -4.13025409e-01 -5.75422406e-01 4.06181812e-02 1.47668719e-01
    -6.42039239e-01 6.33143187e-02 -6.57886207e-01 -4.56697524e-01
    -6.21522665e-01 -2.70542860e-01 -2.38505781e-01 -2.89617658e-01
    -6.78568780e-01 -1.71021879e-01 -3.67547870e-02 -1.17474735e-01
    2.52950191e-03 1.48254335e-01 -2.64280617e-01 -4.96656716e-01
    9.75742936e-02 1.94311142e-04 -7.33966351e-01 -3.24691236e-01
    -3.57833385e-01 1.25370145e-01 1.19222939e-01 -8.09156656e-01
    -4.74648714e-01 3.00246954e-01 -2.07985729e-01 -6.47319198e-01
    -5.88622987e-01 -6.06524944e-03 -1.55573010e-01 -6.77567720e-03
    8.43796730e-02 -5.24608552e-01 1.64018810e-01 1.26451075e-01
    -4.83963281e-01 -3.78568769e-02 -2.11978436e-01 -6.55714035e-01
    -5.06631613e-01 -6.48429811e-01 -7.48962343e-01 -9.49537754e-02
    -6.87556863e-01 -1.71607733e-01 -3.09106439e-01 -6.32546425e-01
    2.90875018e-01 -4.44588840e-01 6.46924973e-03 -5.38266182e-01
    -6.83643460e-01 1.49936974e-01 -3.97638500e-01 -2.70187438e-01
    1.65196478e-01 -6.19408131e-01 3.27443659e-01 7.87761807e-02
    -3.12086463e-01 2.08593786e-01 3.90828252e-02 1.73036933e-01
    3.51503074e-01 -9.20697451e-02 3.10907364e-02 -4.46584702e-01
    1.27195716e-02 -6.70868814e-01 1.96396112e-01 -5.32813549e-01
    -3.31175387e-01 -5.66708565e-01 3.72364640e-01 -2.89170623e-01
    -4.91503835e-01 7.52360225e-02 -9.55261588e-02 2.44241953e-02
    -7.02018499e-01 -4.56936359e-02 -9.64174271e-02 -2.88442314e-01
    -1.81237727e-01 -2.88383424e-01 -3.14060539e-01 2.22341597e-01
    -2.12938488e-01 -6.86608911e-01 4.33101654e-02 -2.55259216e-01
    -5.93140125e-01 -5.93059063e-02 3.40682864e-01 -4.46338594e-01
    -4.64130700e-01 -3.10317606e-01 5.80744743e-02 -5.86718202e-01
    -6.68401062e-01 2.04798400e-01 2.40545273e-02 -6.21715844e-01
    8.00766349e-02 -3.98368657e-01 1.79049015e-01 -3.50866288e-01
    -6.58659458e-01 1.56789362e-01 -5.22671580e-01 -6.19097769e-01
    -5.37732959e-01 -4.05576587e-01 2.18496382e-01 -1.43285990e-02
    -5.92433691e-01 -2.19266832e-01 2.95781016e-01 -6.24452233e-02
    -7.12747693e-01 1.04271352e-01 -1.95046186e-01 -2.40694106e-01
    -1.32535875e-01 -7.71479607e-02 -5.64630389e-01 -5.81507444e-01
    -6.32343411e-01 -4.70858127e-01 -7.70473957e-01 -3.27467680e-01
    1.25453413e-01 -7.10930645e-01 -7.45758653e-01 1.14248335e-01
    -6.99521542e-01 6.58007264e-02 1.24725699e-02 1.44665658e-01
    -2.60282397e-01 -1.78378940e-01 -4.45641190e-01 -1.76678836e-01
    1.94200397e-01 1.55581355e-01 -5.27836144e-01 1.19687080e-01
    -5.68518996e-01 -4.80688214e-02 -2.43936509e-01 1.59856915e-01
    -3.42184097e-01 -5.81532121e-01 -2.68319070e-01 -5.62839627e-01
    -3.04273367e-02 -2.20374167e-01 -3.97775471e-01 -2.43064940e-01
    -2.42632657e-01 -4.21200514e-01 -7.89901912e-01 -5.53635359e-02
    -5.58693528e-01 -4.06403184e-01 -4.76747513e-01 -4.63124394e-01
    -3.98118109e-01 8.76322985e-02 -2.31206179e-01 -7.70339966e-02
    -2.23829001e-01 8.78404975e-02 -6.04837775e-01 1.10442460e-01
    -2.98218459e-01 -6.05048537e-02 -2.94396639e-01 -1.86673105e-01
    -3.54556292e-01 2.80934572e-03 -8.60217810e-02 -1.40689075e-01
    -2.53080666e-01 -2.40702659e-01 -3.37807536e-01 2.28334367e-01
    -2.03551352e-01 -3.02655637e-01 -4.29517806e-01 9.12450552e-02
    -1.79545105e-01 -1.38297677e-02 -6.98443115e-01 -5.80336034e-01
    -7.02999473e-01 -5.59315324e-01 -3.26223433e-01 1.70140147e-01
    -6.12804115e-01 -6.85993552e-01 -4.29837406e-01 -4.56610084e-01
    -2.24142432e-01 -1.81124449e-01 4.86532450e-02 -6.42956972e-01
    -4.26054865e-01 -1.32141590e-01 1.64831340e-01 -2.40476936e-01
    2.24044919e-01 4.16495800e-02 1.93784595e-01 -6.64485395e-01
    -6.59140944e-02 -2.80791134e-01 9.92389917e-02 7.95759559e-02
    2.57606089e-01 -2.81564295e-01 -5.20457268e-01 -3.79260212e-01
    -1.27209365e-01 -1.52267337e-01 -7.52055168e-01 -1.38112724e-01
    -6.52624011e-01 -7.24197984e-01 -5.11407495e-01 -1.99262589e-01
    -6.62634552e-01 -6.17224038e-01 1.61677361e-01 1.53992295e-01
    -3.48284453e-01 -2.14281559e-01 -3.66928339e-01 -3.42436582e-01
    -6.34981930e-01 1.55981064e-01 -9.14281011e-02 -3.57205272e-02
    -4.77872640e-01 -3.04680943e-01 -1.09828353e-01 -3.21262240e-01
    -1.93419814e-01 -1.49543911e-01 -1.28608078e-01 -4.59897012e-01
    1.87457800e-02 2.60403752e-02 -3.59154463e-01 -3.25005621e-01
    -2.11286485e-01 -5.11178374e-02 -4.13745761e-01 8.81348252e-02
    3.12561095e-01 -6.37777567e-01 -4.37505603e-01 1.20752096e-01
    -3.72528285e-01 -2.27724463e-01 -4.11740541e-02 -7.90676117e-01
    -1.48353934e-01 1.69875860e-01 -1.40449166e-01 -3.34209561e-01
    -4.25444603e-01 -1.71252668e-01 -6.66150451e-02 1.93245888e-01
    -6.11726165e-01 1.87126637e-01 -7.42982030e-02 -5.14320493e-01
    -2.06138015e-01 1.10195220e-01 -2.46921599e-01 -2.34767050e-01
    -1.80438340e-01 -2.14123011e-01 -2.52534866e-01 1.54494941e-01
    -1.62965655e-01 -8.31455886e-01 -5.18522263e-02 -2.48801470e-01
    1.08497143e-02 -2.96265662e-01 1.90352619e-01 -6.90791130e-01
    5.44187427e-02 2.69681692e-01 7.41666555e-03 -1.06649220e-01
    6.99116588e-02 -5.09147167e-01 -3.27307910e-01 -6.99298084e-01
    -2.84497470e-01 1.74586713e-01 -2.81480581e-01 -1.22232497e-01
    2.38204241e-01 -2.16262788e-01 -3.31498772e-01 -7.42988944e-01
    -9.76107717e-02 2.69098878e-02 1.86924696e-01 -3.47902179e-01
    -3.08103561e-01 -5.74109674e-01 -2.94973135e-01 5.25683165e-02
    -3.00490409e-01 -1.22489214e-01 -4.02110428e-01 1.31568909e-01
    -2.78557509e-01 2.77679086e-01 -5.40518999e-01 -5.40665030e-01
    -6.47541344e-01 -1.03999734e-01 -1.00158930e-01 -2.04054356e-01
    -6.37208223e-02 5.26980758e-02 -3.37989181e-01 -3.17021340e-01
    -3.71987820e-02 1.15960538e-01 -4.81282860e-01 -4.13923264e-01
    -5.09315431e-01 7.86494017e-02 -2.34667301e-01 8.58503580e-02
    -7.45595634e-01 1.66241527e-02 1.38184011e-01 -4.40663040e-01
    6.82163835e-02 -5.91160774e-01 -3.33270431e-02 3.77879798e-01
    -5.17829061e-01 3.78715396e-02 -3.33667308e-01 -3.90719354e-01
    9.11331177e-03 3.86554599e-02 1.19676709e-01 1.48575306e-02
    -9.64443088e-02 -3.87483180e-01 -2.10058570e-01 -1.56892657e-01
    -5.56624532e-01 3.09215128e-01 -4.99330908e-01 -1.40206486e-01
    -3.84925008e-02 -4.93540823e-01 -2.34005749e-01 2.56339252e-01
    -4.87876654e-01 -4.66075957e-01 -4.00835037e-01 -5.14634311e-01
    1.06234074e-01 -6.80877447e-01 1.67612672e-01 -6.50073409e-01
    2.04947591e-01 -4.10188466e-01 -5.97300947e-01 2.43274570e-01
    1.82820320e-01 2.80402720e-01 -6.89303517e-01 -2.75771141e-01
    1.58564866e-01 -1.61290169e-01 -2.75525391e-01 -2.33849764e-01
    3.58576775e-02 2.78881192e-02 -7.94305563e-01 -8.17292929e-01
    4.40951586e-02 -1.46555901e-01 -4.47205514e-01 -5.81876695e-01
    6.40180707e-02 1.70170307e-01 -2.29289681e-01 -3.65239263e-01
    -3.79136562e-01 8.64909887e-02 -6.05797768e-03 -9.07638073e-02
    -5.12266815e-01 -6.26915932e-01 1.02016032e-01 -4.44058955e-01
    2.30969071e-01 -3.35508019e-01 1.50111616e-01 -3.88164222e-01
    5.56034446e-02 -1.30406916e-01 1.99422002e-01 -3.54153603e-01
    -5.66989183e-03 1.87589645e-01 -5.40500164e-01 -4.85834002e-01
    2.33171523e-01 -1.85480118e-01 2.00391352e-01 -3.36750448e-01
    -5.36544561e-01 -6.14475310e-01 -5.01627684e-01 -1.08682156e-01
    -1.87504679e-01 -6.15354300e-01 -5.87291300e-01 8.20470452e-02
    -6.81942701e-01 -1.90753341e-02 -4.36853170e-01 -5.12298465e-01
    -2.51165956e-01 1.08946860e-01 -3.33840549e-01 -4.18614745e-02
    -8.21380019e-02 -3.68787825e-01 -1.22153044e-01 -6.20692074e-01
    -8.16506326e-01 -2.80951679e-01 -6.86558962e-01 -3.42226624e-02
    -1.19006753e-01 -6.54650331e-02 -2.36024112e-01 -2.80944467e-01
    -2.83138514e-01 -6.04436994e-01 2.80190587e-01 1.86081648e-01
    -3.16627383e-01 -1.63866639e-01 5.63712120e-02 -5.33214450e-01
    -4.51691866e-01 4.71937656e-03 -2.78767884e-01 -5.24379492e-01
    -3.80921453e-01 -6.55126810e-01 -2.24591017e-01 7.61699677e-02
    -2.15213239e-01 1.00103498e-01 -1.81255460e-01 -4.03809905e-01
    -3.15112114e-01 -4.31792051e-01 -8.11455250e-02 -5.20408154e-01
    -1.23586059e-01 9.23235416e-02 -1.25610292e-01 -5.94035983e-01
    -3.17933857e-01 -2.99352109e-01 -2.51281172e-01 -4.04586285e-01
    -8.18548799e-02 7.24935532e-03 5.49427271e-02 -1.59908533e-01
    -7.17248917e-01 -6.90692663e-02 -1.32292271e-01 -5.68532467e-01
    2.00099528e-01 3.03765535e-02 -5.07397652e-01 -4.48415011e-01
    1.25465631e-01 -1.43958628e-01 1.03261948e-01 -3.05417538e-01
    -4.35385048e-01 2.80596375e-01 6.77475929e-02 -4.49467927e-01
    -2.30277956e-01 -3.92529041e-01 -1.35579437e-01 2.05348134e-01
    -6.41581357e-01 9.14059877e-02 2.20070183e-01 -5.38893223e-01
    -2.37322867e-01 -2.42542565e-01 4.03614283e-01 3.18895340e-01
    -1.29577875e-01 -5.04230618e-01 2.84809470e-02 -2.82910734e-01
    -4.83225554e-01 3.50998044e-02 -3.71793509e-01 -2.28132308e-01
    1.49845421e-01 -2.24667460e-01 2.43216753e-03 -2.61511594e-01
    2.02664673e-01 -7.41400599e-01 8.24516416e-02 -7.48568773e-03
    -2.66153365e-01 3.40364814e-01 -6.17879033e-02 1.63901687e-01
    -3.25544477e-02 -6.06207848e-01 -2.79010952e-01 -4.61694598e-02
    6.92856908e-02 -6.55997753e-01 -3.58317614e-01 -4.78551805e-01
    -8.34166825e-01 7.47095346e-02 -1.79592729e-01 -5.27003765e-01
    8.77416730e-02 -3.40011120e-01 -2.17656791e-01 -3.47766787e-01
    -2.70062506e-01 9.96357203e-03 3.11573744e-02 1.28694773e-02
    -3.06698143e-01 -5.34128070e-01 -2.26713777e-01 -4.83895838e-01
    -3.30694705e-01 1.11003399e-01 8.92782807e-02 -1.72017217e-01
    -3.25009525e-01 -6.44552708e-02 -4.95012701e-01 -1.96744084e-01
    -4.87383485e-01 -1.44067645e-01 3.25187445e-02 -2.77397215e-01
    -5.88371396e-01 -5.49614131e-01 -4.98872280e-01 -2.26185322e-01
    -2.93824822e-01 -5.45720696e-01 -1.94216907e-01 7.63401985e-02
    -3.61974120e-01 1.19365454e-01 -3.25271130e-01 -2.67552137e-01
    -3.00522149e-01 1.89554453e-01 -4.55568075e-01 -3.10668468e-01
    2.98757851e-01 -1.72458202e-01 -2.40985543e-01 -1.61572754e-01
    -7.55828023e-02 8.70535970e-02 1.14260256e-01 -2.52642632e-01
    -5.83794594e-01 1.27894461e-01 5.84304929e-02 9.83560085e-03
    -5.53328991e-01 -1.76911324e-01 -1.05096668e-01 -5.36241293e-01
    -3.24638665e-01 -3.15287113e-01 -2.87754029e-01 -3.09242755e-01
    -2.77760327e-01 1.69394553e-01 -6.31259322e-01 -7.94893205e-01
    -5.13377845e-01 -4.79962230e-02 -1.59602463e-01 -6.84100270e-01
    -5.06994009e-01 -1.27214372e-01 3.13024640e-01 -2.82181978e-01
    -4.30711567e-01 -5.59718609e-01 4.57746983e-02 3.02776158e-01
    -4.69717532e-01 1.19591594e-01 -4.69636112e-01 -6.79269075e-01
    -5.25738001e-02 -6.86274767e-02 -2.00851202e-01 1.76209450e-01
    -2.23638415e-02 -3.46796215e-01 -8.84132981e-02 -4.00435448e-01
    3.81215930e-01 -6.34168148e-01 -4.83884037e-01 1.37744069e-01
    1.66798413e-01 -4.96175528e-01 -7.22511530e-01 7.48155713e-02
    -7.35351443e-02 -5.30068159e-01 -1.43252254e-01 1.81304216e-02
    -4.39348280e-01 8.14188719e-02 -6.16482973e-01 2.04385638e-01
    -4.96910572e-01 -1.51943117e-01 -4.21772212e-01 -5.64263701e-01
    -3.14773202e-01 2.26653993e-01 -1.09551132e-01 -3.56427550e-01
    2.35396385e-01 -2.25687027e-01 -1.73339993e-01 -1.18700713e-01
    -4.76391912e-01 -2.43352950e-01 -1.73843086e-01 -5.53808928e-01
    -3.38112652e-01 8.73228908e-02 -3.76091123e-01 8.45628977e-03
    -3.04974973e-01 -1.60623193e-02 -1.13904595e-01 -3.21662366e-01
    -6.30228877e-01 1.32488906e-01 -5.74868321e-01 -5.40253162e-01
    3.01600993e-01 2.91050494e-01 -3.54176939e-01 2.53080130e-01
    -2.83212960e-02 -5.23115516e-01 -2.66810358e-01 2.44293809e-01
    -1.47721112e-01 -3.88999462e-01 6.82577491e-02 -3.24579298e-01
    -7.08793223e-01 -6.61504507e-01 -5.35681963e-01 -4.25833523e-01
    -5.30451417e-01 6.20320439e-02 4.42817211e-02 1.36689544e-02
    -1.04739666e-01 -1.26500130e-02 6.05548620e-02 1.57258034e-01
    2.47052729e-01 5.42533994e-02 -8.36360455e-03 -5.13597608e-01
    2.47602701e-01 -3.88534009e-01 3.21357131e-01 -5.97930014e-01
    -6.13795519e-01 -3.06019902e-01 2.56168485e-01 -7.59210408e-01
    -3.66552114e-01 -3.11945081e-02 -2.42479622e-01 -5.01311421e-01
    2.90483236e-03 -4.99729604e-01 2.49397814e-01 -4.52220201e-01
    -4.26761448e-01 -7.31208324e-01 -2.43124902e-01 -4.80217338e-02
    -6.74149573e-01 1.31703019e-02 1.34065986e-01 -5.02167821e-01
    -1.44714057e-01 -3.19117874e-01 -7.27863312e-02 1.16748035e-01
    2.16553986e-01 2.93765903e-01 -4.22427654e-02 1.97818220e-01
    -4.14617687e-01 -4.09341574e-01 -4.07501161e-01 -6.25137329e-01
    -4.09663320e-02 -3.78775597e-02 3.42440605e-02 -3.22581053e-01
    1.63169563e-01 -6.88393712e-01 -5.63156128e-01 2.34112918e-01
    -3.66985321e-01 -1.33706272e-01 -2.90016323e-01 -5.30052602e-01
    8.17674994e-02 -5.36355555e-01 -5.16274571e-01 2.21781850e-01
    -3.77448201e-01 -4.03648615e-03 -4.22232181e-01 -5.00286579e-01
    -8.63850117e-04 -9.17614698e-02 3.78282666e-02 -5.47519207e-01
    -2.09223449e-01 -1.40860498e-01 -5.13742864e-01 -4.09278989e-01
    -1.59083664e-01 1.35453761e-01 -4.12747532e-01 -6.70095921e-01
    -3.41848403e-01 -3.44011903e-01 -3.53288651e-02 -6.33576632e-01
    -2.16568530e-01 -5.84428310e-02 -6.83851838e-01 1.66339636e-01
    -5.81121325e-01 -1.24478161e-01 -1.24785900e-01 -6.01180971e-01
    3.18774700e-01 -5.98768950e-01 -3.83781493e-01 -6.90549612e-03
    -2.74991989e-03 4.66718078e-02 -3.50288093e-01 8.05652142e-03
    -6.32228494e-01 2.86380410e-01 2.06967413e-01 -3.04732680e-01
    2.34201849e-01 -6.22500896e-01 1.19266510e-02 -6.88752532e-01
    -7.35998631e-01 9.91324186e-02 -1.77563548e-01 -1.27517343e-01
    1.15922809e-01 -2.26094007e-01 -5.05558968e-01 2.24980712e-02
    -3.60708773e-01 -2.40941197e-01 -5.04072428e-01 -1.68350995e-01
    -2.86658287e-01 -6.97628021e-01 -4.02807355e-01 1.41745210e-01
    -3.68273169e-01 1.47212148e-01 -3.70736539e-01 -4.75413799e-02
    -2.36564934e-01 -3.67609620e-01 -4.75801677e-01 -4.92724895e-01
    7.13636279e-02 -2.03683376e-02 -2.07490444e-01 5.15632033e-02
    -4.99379665e-01 6.96384311e-02 -3.60643387e-01 3.22239578e-01
    -1.33260310e-01 3.19162250e-01 -1.45147204e-01 -5.75814068e-01
    -2.33779043e-01 4.32574451e-01 -2.78241813e-01 -5.67565918e-01
    3.61845374e-01 2.54747689e-01 -5.13568521e-01 -6.54603720e-01
    1.39347136e-01 -1.30677342e-01 -8.92322063e-02 -1.63375735e-02
    -3.16247255e-01 -8.25774670e-02 -1.21446729e-01 -1.94909990e-01
    -1.78970098e-02 -4.17350501e-01 -3.04883897e-01 -5.95864296e-01
    2.10207522e-01 -4.28257018e-01 -2.18016267e-01 -1.80894941e-01
    2.76766419e-02 1.82253182e-01 1.46839261e-01 -6.46955132e-01
    -2.83953667e-01 2.01505184e-01 2.09467173e-01 -5.97965002e-01
    4.50785756e-02 -6.49800956e-01 -1.71824396e-01 1.51675045e-01
    -2.35417247e-01 -5.63381195e-01 -5.26500583e-01 -5.65284789e-01
    -4.83382940e-02 -3.63747239e-01 -5.07301450e-01 -4.67599213e-01
    2.01213360e-03 -1.48684800e-01 -4.36392963e-01 -1.23708546e-01
    -4.54327345e-01 -6.12847507e-01 -2.60658979e-01 -1.38102114e-01
    5.53815961e-02 -1.07136130e-01 -4.68079805e-01 -5.87361693e-01
    7.61997700e-03 2.84319520e-02 -5.55834949e-01 -2.30855763e-01
    1.44887388e-01 -2.85122633e-01 -8.06434751e-02 -4.90914583e-01
    2.45522976e-01 -3.40658784e-01 3.34668159e-02 -6.98362589e-01
    -2.13211983e-01 2.54826188e-01 -5.57068884e-01 -6.79754019e-01
    1.44842982e-01 2.25114644e-01 -7.77541459e-01 7.07867146e-02
    -2.01588839e-01 -3.69801700e-01 -5.80377579e-02 3.81315470e-01
    -3.27331603e-01 5.44331074e-02 -2.80379921e-01 4.94301319e-04
    -6.86708868e-01 2.67904282e-01 4.35955524e-02 -2.87658513e-01
    -4.05878842e-01 1.19798064e-01 -7.28716254e-02 -7.02343702e-01
    -3.66800427e-02 -4.00709629e-01 -5.08143306e-01 7.26180077e-02
    -4.51852202e-01 -4.49387789e-01 -4.29470152e-01 3.94537449e-02
    9.44232643e-02 -4.19458926e-01 -3.72942299e-01 2.56714344e-01
    1.58587039e-01 -5.20183206e-01 -1.07338965e-01 4.37428951e-02
    1.27841711e-01 -3.42213094e-01 2.36713886e-03 -4.54379290e-01
    9.87350345e-02 -4.84525710e-01 -5.94736338e-01 -4.10665274e-02
    -2.11427033e-01 -1.25100970e-01 9.05335546e-02 -7.78504252e-01
    -5.66614628e-01 1.31788433e-01 -5.16118705e-01 -6.20892048e-02
    -2.95754313e-01 -2.85423785e-01 -5.95784068e-01 8.63641500e-02
    -4.31369245e-01 2.23803461e-01 6.65736794e-02 6.75603151e-02
    1.95929766e-01 -4.27052796e-01 -4.45922136e-01 1.11364603e-01
    -5.01770616e-01 1.46602988e-01 1.29697323e-02 -2.05319583e-01
    -3.43013585e-01 1.85937107e-01 -4.00172144e-01 2.96837330e-01
    -4.42284971e-01 -4.00843263e-01 -4.70395088e-01 -4.71943617e-01
    -3.30138683e-01 -9.66367126e-02 1.39740825e-01 -4.37489748e-01
    -1.60728693e-01 6.97976351e-02 -5.58736324e-01 -2.74202675e-01
    -2.49351442e-01 -3.14746916e-01 -5.29516339e-02 7.34959841e-02
    -7.47091889e-01 2.22392499e-01 -4.81934696e-01 -5.50336957e-01
    -1.17623746e-01 -1.07943833e-01 -7.15911388e-04 2.14888096e-01
    -6.12042725e-01 -3.55126143e-01 -5.78433275e-01 -5.21707892e-01
    1.49804950e-01 -5.56426644e-02 -4.50052559e-01 -3.34787667e-01
    -2.70539522e-02 -9.89275873e-02 -4.07869756e-01 -5.59800446e-01
    2.52066612e-01 4.65025902e-02 -2.94036001e-01 -3.28658283e-01
    -7.76219368e-03 -2.94601321e-01 -5.99773049e-01 -3.33439887e-01
    -5.09338140e-01 -1.98622406e-01 -5.62902033e-01 8.61062407e-02
    -8.48143697e-02 -3.20936829e-01 -5.01726508e-01 2.73680687e-03
    1.18960381e-01 -4.43763286e-01 -4.07511234e-01 -5.87667465e-01
    -4.13019896e-01 2.79582739e-02 -5.69569826e-01 1.93683088e-01
    -6.75390482e-01 -4.48108912e-01 -5.85311413e-01 -5.89398503e-01
    -4.06879485e-01 -6.14434123e-01 -9.72420275e-02 -1.25375986e-02
    -6.56775832e-01 -1.85213447e-01 -2.67630666e-01 1.70646250e-01
    -3.07289183e-01 -7.44099021e-02 8.95447135e-02 3.32616389e-01
    -5.74603796e-01 -2.74002552e-02 -3.71537358e-01 -4.06003475e-01
    -2.57050037e-01 -5.35423636e-01 -2.80312955e-01 2.75573134e-02
    5.43672442e-02 6.38699532e-03 2.16609240e-03 -4.65084195e-01
    -1.52319610e-01 3.07650328e-01 7.70792961e-02 -3.58440131e-01
    -6.58905387e-01 8.46518874e-02 -4.21813667e-01 -5.47866702e-01
    1.59044862e-01 -1.20817542e-01 -3.71647835e-01 -5.15920758e-01
    9.09883976e-02 -5.11326075e-01 -2.08829701e-01 3.48559618e-02
    4.74063694e-01 -1.41495854e-01 -3.45039755e-01 -2.38114595e-02
    3.07346284e-01 -6.06977522e-01 -5.86791277e-01 -3.18983644e-01
    -5.52410424e-01 -4.77185160e-01 -4.64937449e-01 -4.44952756e-01
    -4.58480448e-01 -3.82526457e-01 -2.49079823e-01 -8.75042677e-02
    -2.00078726e-01 -7.19000101e-02 -4.56879288e-01 1.28427327e-01
    -4.74549711e-01 -9.59609151e-02 -3.70793879e-01 -3.14570129e-01
    -6.62822664e-01 1.40310347e-01 6.19465113e-03 -1.18197918e-01
    -4.54981089e-01 2.90205061e-01 -4.06671613e-01 -5.02119780e-01
    -3.54406953e-01 -4.71834511e-01 1.75092757e-01 -3.23465735e-01
    -1.89519703e-01 1.58026934e-01 -1.10145271e-01 8.48914385e-02
    -5.05805254e-01 2.88193524e-01 -1.74590647e-01 -1.62175179e-01
    -1.59057498e-01 -3.65343124e-01 -6.90217257e-01 2.81680226e-02
    1.21106386e-01 -4.57103133e-01 -3.45275164e-01 3.91465425e-03
    4.72276807e-02 -7.99875140e-01 -2.57809341e-01 -2.82668650e-01
    -3.54231864e-01 1.06692970e-01 2.04175889e-01 -5.90739965e-01
    -6.69615507e-01 2.68144786e-01 -5.71450472e-01 -1.81046665e-01
    -1.09048545e-01 1.34830952e-01 -8.97437930e-02 -1.74999118e-01
    -6.83044672e-01 -4.35774505e-01 -5.76500297e-01 -6.25751019e-02
    -5.01001060e-01 -1.99014068e-01 -3.05269957e-01 7.67154098e-02
    -5.96927822e-01 -1.69568062e-02 3.15098763e-01 -5.36537349e-01
    -8.89682174e-02 -3.95125836e-01 -5.51219225e-01 5.74251413e-02
    2.39176631e-01 -3.82796466e-01 -5.84307909e-01 -4.71125722e-01
    -4.46379572e-01 -7.32927918e-01 1.84171319e-01 -6.63936138e-03
    -5.85555077e-01 -5.79583466e-01 -4.39351559e-01 -6.46202028e-01
    -2.06801116e-01 -1.92258954e-02 5.59719205e-02 -3.06982577e-01
    -6.07383251e-03 -2.37046868e-01 -6.11774027e-01 2.44969547e-01
    1.67193770e-01 9.55956578e-02 -2.78795421e-01 -4.57170457e-01
    -4.50166583e-01 -3.23193997e-01 -5.26234448e-01 1.61788821e-01
    -6.45207405e-01 3.15838456e-02 1.95519984e-01 -7.79564977e-02
    -2.74673194e-01 -5.83709478e-02 1.60792291e-01 -1.17428303e-01
    1.30681992e-02 -3.50179046e-01 5.41920662e-02 -3.58276963e-02
    -8.37126672e-01 6.26736879e-03 -4.32766914e-01 -6.28435016e-01
    -3.38183492e-01 -6.91734672e-01 -3.85671139e-01 -2.09658474e-01
    -9.10272598e-02 2.49032915e-01 3.33063304e-01 -4.02457207e-01
    -3.84678364e-01 3.15561891e-02 -5.19148409e-01 -6.22773707e-01
    -4.46455717e-01 -1.15771830e-01 1.35760367e-01 -1.39726400e-01
    -3.37981969e-01 -3.90226662e-01 -2.91346908e-02 -4.89229560e-02
    -5.88198423e-01 -3.90915036e-01 2.84371376e-01 2.16369569e-01
    -3.24216187e-01 -4.58772480e-01 -1.95182353e-01 -2.48634100e-01
    -1.51943386e-01 -6.47620797e-01 -1.74016953e-01 -5.50951540e-01
    -3.82145405e-01 1.47563875e-01 -4.94788170e-01 -3.49649638e-01
    -5.37306368e-01 1.59948528e-01 -1.70884252e-01 7.16233253e-03
    1.60732687e-01 1.74950957e-02 -5.27368128e-01 -5.86132884e-01
    2.80319929e-01 1.01512134e-01 1.94257975e-01 -5.28665185e-01
    -3.18872035e-01 -5.42933345e-02 2.10195839e-01 2.34377444e-01
    -2.52128959e-01 -3.26197177e-01 -3.06290686e-01 -2.70623147e-01
    -7.20040798e-02 -2.50572205e-01 -1.54284090e-01 -6.10941470e-01
    -5.09735227e-01 1.08797133e-01 -3.44788313e-01 -3.91555250e-01
    1.79663539e-01 -2.77120650e-01 -4.98766750e-01 -3.98964822e-01
    3.77308786e-01 -3.07606965e-01 1.16208613e-01 2.29500651e-01
    -1.32519543e-01 -3.80892783e-01 -1.60432100e-01 -5.69197178e-01
    -2.21855164e-01 -2.20668584e-01 3.13814223e-01 -3.84851933e-01
    -2.55980194e-01 -2.72604078e-01 -2.02809036e-01 -1.28016174e-01
    -6.72571421e-01 -3.72156173e-01 -3.52038026e-01 3.42792332e-01
    -1.73519671e-01 1.28843188e-02 -4.90149647e-01 -1.11205995e-01
    -2.51247495e-01 -6.45219564e-01 -7.27349520e-01 -6.41621411e-01
    -3.68657112e-02 -6.02032363e-01 -4.97434199e-01 -2.60012597e-01
    -3.15866113e-01 -6.18089437e-02 -3.35640132e-01 -8.50052893e-01
    -7.82456994e-02 -1.65153027e-01 -6.72783077e-01 -4.36428189e-01
    -8.07730556e-02 -7.20652461e-01 -6.78488493e-01 1.15012705e-01
    -1.08440757e-01 -9.24698710e-02 -5.47787607e-01 -1.91605031e-01
    -6.47911489e-01 3.25042009e-03 6.00501895e-02 -5.54747939e-01
    3.09085250e-02 -6.41000688e-01 5.60662746e-02 1.37801170e-01
    -5.27220309e-01 2.18959808e-01 -3.16680431e-01 -5.69747210e-01
    -4.49580491e-01 -4.76514012e-01 -6.01981640e-01 -3.12547922e-01
    -2.01382160e-01 -6.37738705e-02 1.88957870e-01 -4.60090190e-01
    1.29573524e-01 -5.56704938e-01 2.48680651e-01 1.64306879e-01
    -5.60829163e-01 -5.16461253e-01 -7.42959380e-02 -3.13450694e-01
    -1.59325600e-02 -3.72225404e-01 -3.96529913e-01 -2.17649043e-01
    -5.77340722e-01 -6.07310176e-01 -3.87550324e-01 6.70613647e-02
    8.24025869e-02 1.28184617e-01 2.32505858e-01 -6.54436469e-01
    -3.45429540e-01 -3.37530077e-01 2.55231142e-01 -4.31477427e-02
    -4.33370113e-01 -4.73227471e-01 1.95844173e-02 -3.30133647e-01
    -5.99774122e-02 -6.77416682e-01 -4.55087513e-01 -2.00847864e-01
    -1.07989967e-01 -6.32738292e-01 -2.37280130e-03 -1.41785145e-02
    -2.06871867e-01 2.11396217e-02 -3.33270431e-02 -2.39221632e-01
    -6.06695771e-01 9.21127796e-02 -1.73358858e-01 -8.46618414e-03
    -1.89192712e-01 -6.09422326e-01 -4.91176248e-02 -4.01992679e-01
    1.83410347e-01 -5.55551052e-01 -3.17760408e-01 -4.83689219e-01
    -6.12757623e-01 3.28351736e-01 -3.03586453e-01 -7.10222483e-01
    2.48738527e-02 -2.40899861e-01 -5.57737231e-01 -3.54416370e-01
    -5.48787951e-01 -1.50035441e-01 -5.68011999e-02 -3.54861975e-01
    2.22237468e-01 5.72544336e-03 -7.92259574e-02 -6.73280716e-01
    -1.99452341e-01 1.37795627e-01 -6.00544333e-01 -4.23761755e-01
    2.09096670e-02 -2.43475437e-02 -2.25981146e-01 -6.25352859e-01
    2.49826014e-01 -2.27141380e-03 -5.61425388e-01 -2.04427600e-01
    1.53902650e-01 -8.08702111e-02 2.56040752e-01 2.46912837e-01
    -6.30969226e-01 -4.89719898e-01 -1.28984094e-01 -8.16646814e-02
    -6.06154561e-01 -6.96566343e-01 -2.72503853e-01 -2.13163316e-01
    -4.47830677e-01 -3.70736539e-01 1.17586851e-02 2.24201202e-01
    -2.05712587e-01 -5.41946650e-01 3.79000127e-01 -3.50658208e-01
    3.48768830e-01 7.64103532e-02 -5.41509390e-01 -3.24754417e-01
    -4.52779263e-01 -2.57429302e-01 -1.67194605e-02 2.91214585e-02
    -6.04068995e-01 -1.44071519e-01 -4.58858281e-01 9.84801650e-02
    -4.27378297e-01 -5.74345469e-01 -2.67822444e-01 -1.91951931e-01
    -7.23534346e-01 5.67058921e-02 1.37044132e-01 -1.76811218e-01
    1.20071769e-01 1.25422835e-01 -6.04214549e-01 -8.10279250e-02
    -5.03212214e-01 -3.57526124e-01 -2.09214091e-01 -2.00186163e-01
    -4.27186698e-01 -4.82037127e-01 -3.16148400e-02 1.24311328e-01
    -4.80857044e-01 -1.93605959e-01 8.96764994e-02 -4.88660395e-01
    -3.17379355e-01 3.49157453e-02 -5.46035528e-01 -1.02774203e-01
    2.13535428e-02 -2.80338496e-01 -2.72998810e-02 -4.09918547e-01
    -4.82975304e-01 2.75112808e-01 -8.03393722e-02 4.23601687e-01
    -1.48481607e-01 -1.47322655e-01 -2.62633145e-01 -7.13813305e-02
    -2.86965251e-01 -6.77403986e-01 8.12667608e-02 -6.85198069e-01
    -1.73646271e-01 1.23993695e-01 -4.56442952e-01 -2.76405096e-01
    -4.04519439e-02 1.03523672e-01 -3.99510235e-01 -3.33654135e-01
    -3.64420861e-01 -5.98170400e-01 -1.62537158e-01 -6.70306742e-01
    -3.40646684e-01 -1.97792828e-01 -2.34603345e-01 -3.02538693e-01
    6.11799955e-03 -3.71389806e-01 -2.63869762e-04 -7.13046789e-02
    -1.56835318e-02 3.70066941e-01 -5.78085840e-01 2.72237539e-01
    -5.09803414e-01 -2.93437004e-01 -6.90672517e-01 -2.54620910e-02
    -1.95122302e-01 -2.01036751e-01 3.51129770e-02 -3.88141572e-01
    3.12709808e-01 -4.51953501e-01 -4.07296121e-01 -4.24868554e-01
    -3.21357846e-02 -5.00078917e-01 -5.08950949e-02 -4.03365374e-01
    -6.11087084e-02 -3.96663100e-01 -2.36016750e-01 -3.87068391e-02
    -2.41499186e-01 4.22042608e-03 -2.09255219e-01 1.47449970e-03
    2.01886654e-01 -2.57888407e-01 1.55706406e-01 -7.05022514e-02
    -2.47467726e-01 -4.08028513e-01 -5.45477092e-01 -1.42332792e-01
    1.11345112e-01 -3.05078506e-01 2.45991290e-01 1.54375434e-02
    7.78705478e-02 -6.03796244e-01 -3.60522389e-01 -5.69770575e-01
    8.72570276e-03 5.44276834e-02 -5.50350249e-01 -9.15277004e-02
    5.26004434e-02 -6.39539719e-01 7.03704953e-02 -9.35607553e-02
    -2.98292518e-01 1.32743895e-01 -1.10878527e-01 -4.26051944e-01
    -2.98514396e-01 -5.68585873e-01 -6.02599561e-01 -5.61374426e-01
    1.73166394e-01 1.73469484e-01 -1.82589293e-01 -3.47408593e-01
    -4.05147254e-01 -3.78664911e-01 1.61837339e-02 -1.38775647e-01
    4.85906005e-02 -1.08711660e-01 -6.02214992e-01 -1.56342447e-01
    -8.08776617e-02 -5.32522917e-01 -2.39761293e-01 -4.46934968e-01
    -3.12252641e-02 -5.37933946e-01 -3.36311936e-01 2.40043700e-01
    -6.83562756e-02 -6.11578643e-01 1.88809574e-01 2.83500075e-01
    8.51535797e-03 -2.44866371e-01 -5.46928644e-01 8.52760077e-02
    -4.46178675e-01 -6.41450763e-01 -3.59481335e-01 -3.78429115e-01
    -6.69622779e-01 -1.09402001e-01 -1.09418035e-02 -3.73922408e-01
    -2.54186064e-01 -4.42957282e-01 -6.76184893e-03 4.95647192e-02
    -4.64953989e-01 1.94518209e-01 -4.44599509e-01 2.61841953e-01
    2.50339508e-04 4.85513210e-02 -4.14638430e-01 -3.60992759e-01
    -2.21679211e-02 -5.11505663e-01 4.30511832e-02 -5.75211883e-01
    -3.07189167e-01 7.99142122e-02 -2.38438457e-01 -6.81609750e-01
    2.12357342e-01 8.85444283e-02 4.39670682e-02 1.63685501e-01
    -2.49279380e-01 -7.33534336e-01 -9.96921659e-02 -2.50758111e-01
    4.20620441e-02 2.89505720e-03 -7.15648592e-01 -4.53619957e-01
    1.80470943e-03 1.68107212e-01 -1.84253395e-01 6.69276714e-02
    -6.92078471e-02 1.62423313e-01 -3.46340001e-01 -2.43843317e-01
    -4.52684760e-01 -3.39193344e-02 -5.37414372e-01 2.60433316e-01
    2.95129240e-01 5.70228100e-02 -8.49847198e-02 -4.49509472e-01
    -1.35911107e-02 -2.83583522e-01 -5.97996712e-02 2.81188786e-01
    -1.57677472e-01 -2.68754005e-01 1.93397462e-01 -3.73111814e-01
    -5.86254656e-01 2.48725116e-01 -4.41262454e-01 -6.96795940e-01
    -5.84076285e-01 -3.24585557e-01 -2.95901626e-01 -3.15055937e-01
    3.18301797e-01 8.97556543e-03 7.17229843e-02 -4.74952787e-01
    -3.75330091e-01 2.63956785e-02 2.10160136e-01 -2.35972464e-01
    5.59914112e-02 8.65705609e-02 -4.17842656e-01 1.48042619e-01
    -5.73091507e-02 -1.21901929e-01 -7.93572545e-01 6.10644817e-02
    -5.80212116e-01 -3.28397214e-01 -5.41993380e-01 -4.78294700e-01
    -2.51451135e-01 5.43476343e-02 -2.31215835e-01 -6.94347024e-02
    2.52054930e-02 -4.51841176e-01 -3.21186244e-01 -1.15548790e-01
    -6.67278886e-01 -4.74827588e-01 2.52601504e-02 -2.65931934e-01
    -6.06817365e-01 -3.55207324e-02 -3.19462717e-01 -3.33650649e-01
    -5.03696799e-01 1.06333137e-01 -4.01214957e-02 -2.32847512e-01
    -3.88653457e-01 -4.22065139e-01 2.84434974e-01 3.67649198e-02
    -5.89433312e-02 -5.81021488e-01 -4.35054213e-01 -5.20489216e-02
    -2.14133859e-01 2.61458695e-01 2.25220025e-01 -5.84073007e-01
    -4.35944319e-01 -3.48347366e-01 -1.71529949e-01 1.23908162e-01
    -3.09786260e-01 -6.55871034e-02 -1.49681330e-01 -4.92530376e-01
    -3.43493223e-01 6.54494166e-02 -1.76922053e-01 -5.85106015e-01
    4.03380334e-01 2.60223150e-02 -3.70237440e-01 -3.98720890e-01
    -4.20887917e-01 2.83016741e-01 -3.10367972e-01 -9.67403054e-02
    2.06022978e-01 -4.56558347e-01 1.05919242e-02 -6.18039250e-01
    5.28439879e-02 -1.29116178e-01 -2.50953257e-01 -6.49431467e-01
    -2.72749662e-01 -9.31834579e-02 -5.61151445e-01 -1.41263336e-01
    -6.31863713e-01 9.29992795e-02 1.11091137e-01 1.51787579e-01
    -5.92890084e-01 -7.46703148e-01 1.79272950e-01 -5.46631813e-01
    -2.29501128e-01 -3.67263794e-01 2.59438455e-01 -5.01309633e-01
    -2.51632810e-01 -3.36225092e-01 -2.48101532e-01 1.96405232e-01
    -2.43872225e-01 -3.97608280e-02 2.78727829e-01 -5.53358793e-01
    -3.17483723e-01 1.19786084e-01 -1.06921017e-01 -4.51678723e-01
    1.76689088e-01 -2.02123612e-01 -2.31488168e-01 -7.52258301e-03
    -6.15412593e-01 1.18037760e-01 2.87932158e-02 2.57613599e-01
    -2.69357830e-01 -3.67012143e-01 -4.14865315e-01 -6.50124431e-01
    2.08663940e-03 -7.46454597e-02 -6.99331760e-02 -4.24973458e-01
    2.57398963e-01 -4.91521865e-01 3.42803538e-01 -1.58137560e-01
    1.30068839e-01 -5.85515261e-01 2.89754629e-01 -3.16859871e-01
    2.65804529e-02 2.04244971e-01 -4.70323265e-01 1.28518760e-01
    1.57378614e-01 -3.34411085e-01 4.81805801e-02 6.58363700e-02
    2.92045355e-01 2.66401529e-01 -9.43571329e-03 -2.12898076e-01
    1.60277367e-01 -1.40776992e-01 9.63793993e-02 -2.85071313e-01
    -7.14863658e-01 8.17959905e-02 -2.98490167e-01 1.97276056e-01
    -5.33786416e-01 -3.96884918e-01 -8.70910287e-02 2.36935019e-02
    -4.42204475e-02 -1.92675948e-01 -5.67917109e-01 4.74520922e-02
    -1.08002007e-01 -2.49975860e-01 -6.99720025e-01 -6.53823018e-02
    7.49123096e-03 -3.17689747e-01 -5.55927277e-01 3.19873989e-01
    -8.52357149e-02 -2.80496299e-01 2.31133938e-01 -3.90627652e-01
    1.06679201e-01 -6.61549330e-01 -6.13307714e-01 -2.38179386e-01
    -3.02776754e-01 -9.23752785e-02 -1.68467104e-01 -6.05415761e-01
    -1.78208351e-02 -4.54660624e-01 -3.69876623e-03 1.94599450e-01
    -5.87001741e-01 -1.57820404e-01 1.95541143e-01 -2.60482430e-02
    2.89419651e-01 1.54372156e-01 1.87123001e-01 -2.85756886e-01
    -4.00113583e-01 -5.39310038e-01 -9.49486494e-02 1.21433318e-01
    -4.17228341e-01 -2.92241573e-04 1.48473382e-02 -6.37349844e-01
    1.29106045e-02 -6.02385998e-01 -4.98937815e-01 -1.15698040e-01
    -2.42677093e-01 -3.62272561e-01 1.97916746e-01 9.79231596e-02
    2.24881053e-01 -5.42106271e-01 -2.15681583e-01 -5.05199492e-01
    -1.96590304e-01 -5.60895801e-01 7.78205991e-02 -7.34744132e-01
    7.24920630e-02 -4.52713937e-01 -2.56800830e-01 -9.07766819e-03
    4.92534041e-02 -8.15234780e-02 -3.82681966e-01 -2.79600382e-01
    2.17183769e-01 -5.22777975e-01 -2.55110294e-01 -4.02981997e-01
    -5.42841971e-01 2.51807094e-01 -3.94823283e-01 -2.97661245e-01
    1.47303939e-01 -1.98460370e-01 -2.59585947e-01 -6.01801217e-01
    -5.96008897e-01 -9.43949819e-02 -5.71723819e-01 1.48472488e-01
    -4.15577322e-01 -3.96595001e-01 -1.71854258e-01 -4.82325077e-01
    -5.32160878e-01 2.72310495e-01 -4.31780487e-01 6.35674596e-02
    -5.01256585e-01 8.32784176e-03 -5.97358882e-01 -5.76068759e-02
    -5.08016109e-01 -1.34088159e-01 -2.48517096e-01 -1.06370866e-01
    -5.32216907e-01 -6.77933574e-01 -6.37421489e-01 -5.36192298e-01
    -2.59932399e-01 -1.02521598e-01 2.97052562e-01 -3.11725944e-01
    9.13286209e-02 4.04030085e-03 3.90708447e-04 -5.41292071e-01
    1.81982517e-02 -6.88558161e-01 -5.71597099e-01 1.81968749e-01
    -7.18134999e-01 -9.75784063e-02 1.06776774e-01 -3.03873479e-01
    2.78656840e-01 -1.68557644e-01 -3.13475877e-01 2.77581155e-01
    -1.16632581e-02 -6.43874884e-01 -3.42492402e-01 7.96529055e-02
    -5.74347377e-01 1.90313816e-01 -5.20207882e-01 1.83233321e-01
    -2.28369534e-01 -2.61676997e-01 -1.68311238e-01 6.10212088e-02
    -2.45895565e-01 1.18565202e-01 -2.77432829e-01 -4.17578518e-01
    -3.00633311e-01 -7.25069046e-01 -8.64776373e-02 -4.31743801e-01
    1.60559714e-01 -3.96151543e-01 -5.23653388e-01 -3.77982199e-01
    -5.19801378e-01 -5.83475590e-01 -3.69826317e-01 5.64309359e-02
    7.40028620e-02 -6.83705211e-02 -2.26508141e-01 -3.30590665e-01
    -4.10726339e-01 2.31598049e-01 -2.12973893e-01 -1.39500737e-01
    -1.31808639e-01 -5.33778787e-01 -2.21946836e-02 2.31053770e-01
    -5.65447628e-01 -5.47380924e-01 1.06306076e-01 -4.72627610e-01
    2.63851523e-01 -5.54278374e-01 -3.57870460e-02 -2.92645633e-01
    -2.51205653e-01 -4.87348795e-01 2.10403621e-01 1.64613187e-01
    -4.29129601e-03 -4.72229302e-01 -4.09897149e-01 -1.62659258e-01
    -2.28416651e-01 -2.29092240e-01 3.23527277e-01 -5.39521039e-01
    -3.23855132e-01 -3.94590616e-01 -1.99514449e-01 1.52763546e-01
    -3.59728724e-01 1.34402931e-01 -1.17720842e-01 -3.95297855e-01
    -7.25772023e-01 7.30908513e-02 9.10904408e-02 -6.33049488e-01
    5.40386438e-02 -5.30481219e-01 -5.27966261e-01 1.67041540e-01
    -2.34284461e-01 9.82911587e-02 2.99105465e-01 -4.12023306e-01
    -5.29074669e-01 8.64065886e-02 1.53964043e-01 -5.00316083e-01
    -1.59203142e-01 -5.37213087e-01 -4.45154250e-01 3.38282168e-01
    2.71618366e-04 -2.63239801e-01 3.35336924e-02 7.99678564e-02
    -4.71760988e-01 1.27078235e-01 -3.65568876e-01 1.73024118e-01
    -2.35401928e-01 9.03462768e-02 -5.14557123e-01 -1.23600364e-01
    -3.00035775e-01 -6.01922214e-01 -5.29558659e-01 1.76915944e-01
    -4.22685146e-01 -2.49809682e-01 -4.54585761e-01 -1.00318074e-01
    5.22564054e-02 -7.99940050e-01 -4.03625190e-01 -4.68448102e-01
    -6.56645179e-01 -1.22762144e-01 -7.05440760e-01 -3.99962783e-01
    -2.44148940e-01 -3.39384079e-02 -7.29587197e-01 -6.87884212e-01
    -6.67039573e-01 -3.24948549e-01 1.01742864e-01 -3.91027153e-01
    -6.47687852e-01 1.04620457e-02 3.98744941e-02 -2.56530881e-01
    -2.10805535e-02 -1.01088285e-01 -9.00056958e-02 -4.87306118e-01
    9.60500240e-02 -6.14763498e-01 -7.29413152e-01 1.75200760e-01
    2.26901174e-02 2.42538452e-02 4.00304794e-04 -9.01110172e-02
    -3.35666895e-01 -2.11742759e-01 8.93612504e-02 8.99621248e-02
    -5.09374499e-01 -1.87383890e-02 -2.04542667e-01 -1.91601992e-01
    2.57873952e-01 1.11225069e-01 3.21974754e-02 2.03234255e-01
    -2.97079682e-02 -1.94482625e-01 -4.98038769e-01 5.38116097e-02
    -5.63289881e-01 -4.57516432e-01 -6.58616424e-02 -1.25845075e-02
    -5.91440201e-01 -1.94147825e-01 -2.35600471e-02 -4.85641003e-01
    3.23134065e-02 2.30923295e-02 -4.96219635e-01 -2.28508234e-01
    -3.92157048e-01 -2.94349194e-01 -9.92169976e-02 -2.89701104e-01
    2.66305506e-01 -1.96535617e-01 -6.37770951e-01 -6.58279300e-01
    8.71154666e-02 -4.11709219e-01 -4.58720177e-01 1.48333371e-01
    1.52293265e-01 -1.66970789e-01 -2.25529611e-01 -4.25210118e-01
    1.21707141e-01 -3.74172986e-01 -5.54758012e-01 -3.49106431e-01
    -3.31696659e-01 3.03145647e-01 -8.13979506e-02 -4.09440935e-01
    -1.49247050e-01 -7.95827389e-01 -6.09506130e-01 -4.94223535e-01
    -7.52654672e-02 -1.92309201e-01 -2.03314662e-01 -1.44556522e-01
    -1.94525868e-01 3.57284546e-02 -2.42577672e-01 -5.58876514e-01
    2.51240194e-01 -4.95463192e-01 -3.93462628e-01 -3.61951888e-01
    1.76371396e-01 -2.69773543e-01 1.14523888e-01 -2.42876261e-01
    -4.60138172e-01 -6.57624483e-01 -4.01018083e-01 5.57126403e-02
    -5.27518272e-01 -7.18437672e-01 -2.61691511e-01 -2.50225604e-01
    -5.18447161e-01 -2.67986387e-01 1.22603655e-01 -3.44944239e-01
    1.71909690e-01 2.66317606e-01 -4.87314910e-01 1.13322854e-01
    1.13842368e-01 1.62445664e-01 1.36405110e-01 -5.58830857e-01
    -2.74510860e-01 -2.73094833e-01 -1.31815612e-01 1.25011861e-01
    -6.73289895e-02 6.42603636e-03 -5.39163649e-01 -6.88619733e-01
    -6.71837211e-01 6.63738251e-02 -2.53359288e-01 -6.53868437e-01
    4.96220589e-02 -1.09889805e-01 5.46816587e-02 1.40110016e-01
    2.53758788e-01 -3.70679080e-01 -5.37554383e-01 5.50127625e-02
    -2.41778612e-01 -6.12052560e-01 -6.60254836e-01 -1.36980534e-01
    -2.01060176e-02 -4.86878633e-01 1.44797504e-01 -3.11650038e-02
    -2.18938589e-02 1.35136366e-01 -3.81227732e-01 6.40390515e-02
    4.98936176e-02 -6.16741657e-01 -2.66576141e-01 4.23589349e-02
    1.19213998e-01 -8.96136165e-02 -6.49927378e-01 1.24641955e-01
    -5.11603713e-01 9.49493647e-02 -1.84851468e-01 1.53387725e-01
    -2.74406433e-01 -9.54067111e-02 2.69155622e-01 -1.11883998e-01
    1.36633873e-01 -3.24594021e-01 -4.75901306e-01 4.15005088e-02
    -6.12723708e-01 -6.01347327e-01 -2.68178344e-01 1.15933299e-01
    -1.30189300e-01 -4.65052485e-01 4.38694358e-02 -7.04869628e-02
    -3.10857207e-01 -1.54155433e-01 -5.74172080e-01 4.88474965e-02
    -6.43712699e-01 -5.34023106e-01 -3.82069200e-01 -5.80234051e-01
    -4.02588546e-01 -1.22678638e-01 -1.34018302e-01 1.49540782e-01
    -5.06830096e-01 -5.87357759e-01 -2.90498137e-01 2.66318917e-02
    -1.46137118e-01 6.57997131e-02 -2.45970964e-01 -3.37652206e-01
    -3.28818709e-01 -5.69163918e-01 2.32652724e-01 8.40625167e-02
    1.93005443e-01 -4.06219274e-01 2.60547280e-01 -7.25055933e-01
    -2.75118232e-01 1.82833910e-01 2.00460494e-01 2.46006250e-03
    -7.48640895e-01 -1.49176598e-01 1.03870630e-02 2.49425709e-01
    -5.96684754e-01 -5.41119456e-01 -2.71557987e-01 -5.59313893e-02
    -6.10418320e-01 -2.52738267e-01 -4.07472193e-01 -6.99522197e-01
    1.18333638e-01 -1.17078602e-01 -3.21807265e-02 -3.47189456e-01
    -6.48036838e-01 -4.76359576e-01 -1.55687928e-02 -6.73311293e-01
    -1.50833309e-01 -2.39041746e-01 -4.89705920e-01 -1.81267262e-01
    -4.05973315e-01 -7.70154059e-01 -6.66193724e-01 -1.49090469e-01
    -1.34187222e-01 -4.80971843e-01 -1.98964775e-01 -3.83115888e-01
    -4.50356275e-01 1.89593732e-01 -4.08104181e-01 -4.92277980e-01
    -3.00170422e-01 8.36009383e-02 -3.62817168e-01 -5.15888155e-01
    -2.86620557e-01 2.08840191e-01 2.33584106e-01 -1.97488070e-02
    1.09317601e-01 6.47027493e-02 -5.42654037e-01 -3.99604559e-01
    -4.41972315e-01 -6.90378904e-01 -1.60517812e-01 -1.39794171e-01
    -7.15384603e-01 -2.73810923e-01 4.01852131e-02 -3.55494022e-03
    -5.64827323e-01 -3.61545086e-02 -6.84511185e-01 1.97672784e-01
    -5.26101351e-01 -1.81663036e-02 3.47247124e-02 -2.18295336e-01
    -4.59919542e-01 -6.58317804e-01 2.18821645e-01 -5.91735542e-01
    -5.03667176e-01 -7.26978123e-01 -4.69467610e-01 -4.24964905e-01
    -1.71093702e-01 -5.60777783e-01 -4.19381917e-01 -3.55767876e-01
    -6.10921621e-01 9.44817066e-03 -6.16795063e-01 2.65528560e-02
    -4.49369133e-01 -2.33175099e-01 -5.42418540e-01 -2.94900060e-01
    2.48124897e-01 -3.60925704e-01 4.23252583e-02 -4.84734595e-01
    2.29624510e-02 -1.16215289e-01 1.72903359e-01 -5.34123778e-02
    2.20854878e-02 -2.00732172e-01 8.34661722e-02 -2.90782213e-01
    -7.55015969e-01 -2.60386586e-01 -2.48413742e-01 -2.71545649e-01
    5.44611216e-02 -4.43970323e-01 2.55364776e-01 -3.98525506e-01
    -5.37152112e-01 1.22766495e-02 -2.92566061e-01 2.63977349e-01
    3.11859965e-01 -3.74226332e-01 1.40572786e-02 1.83357298e-01
    -5.93970656e-01 -4.84812975e-01 -4.39912617e-01 -1.75330639e-01
    -2.15551257e-01 -1.72505438e-01 3.50630879e-02 -2.50123739e-01
    -5.55569947e-01 -1.95850313e-01 -3.46703798e-01 -2.28751779e-01
    1.95359588e-02 3.58992815e-02 -4.70872432e-01 -2.76436508e-01
    -1.25728786e-01 -6.34339452e-01 -6.54360950e-01 1.99056685e-01
    -3.82933408e-01 1.43492401e-01 -4.33651149e-01 -3.10906708e-01
    3.35113227e-01 -1.77939266e-01 -5.46004891e-01 -2.40525901e-01
    -2.23949015e-01 -4.36531365e-01 -2.20607519e-01 -2.69979209e-01
    2.42111921e-01 1.11655712e-01 -1.42649174e-01 3.16146553e-01
    2.19690561e-01 -5.78696072e-01 3.08446825e-01 -2.81239033e-01
    3.18373799e-01 -3.40967178e-01 -6.28526807e-01 -2.76504904e-01
    -3.14876229e-01 2.40107954e-01 -2.41479278e-02 -2.16361880e-02
    -1.68032229e-01 -4.09248114e-01 2.05710649e-01 -2.43916005e-01
    -2.29397953e-01 -3.27903479e-01 -3.59955668e-01 1.67088330e-01
    -3.52099329e-01 -5.42745113e-01 -1.80317521e-01 4.83247042e-02
    2.44643688e-02 -6.15078986e-01 -1.96117103e-01 -7.13424921e-01
    2.85784602e-02 1.63378060e-01 7.59302378e-02 -2.96722800e-01
    -1.66339338e-01 -4.33061063e-01 3.05469215e-01 -3.27752531e-01
    -1.82491779e-01 -6.44151628e-01 1.29940867e-01 1.96539044e-01
    2.90681005e-01 -6.13292575e-01 -1.91350520e-01 -5.62971294e-01
    -5.87561488e-01 -2.36249030e-01 -5.91010690e-01 -1.28775537e-01
    3.19687068e-01 -5.21839201e-01 -6.00978971e-01 -1.49049968e-01
    3.43482256e-01 -6.41029298e-01 -1.23147190e-01 -4.10432279e-01
    -4.88319248e-01 2.24273622e-01 -4.85372394e-01 -2.33573556e-01
    -7.61875391e-01 9.36692953e-02 -5.61302304e-01 2.98905551e-01
    -1.93944871e-01 -4.72191483e-01 -6.81000352e-02 1.10114455e-01
    1.07724547e-01 -2.44184256e-01 -6.01117253e-01 -2.83962667e-01
    -4.88043666e-01 -5.28902709e-01 -1.02490604e-01 -4.57641006e-01
    -1.04923338e-01 -6.52807593e-01 1.66103482e-01 1.63706899e-01
    -6.53721690e-02 9.87482071e-03 -5.70524037e-01 -5.75888157e-02
    2.48341560e-02 -6.38569236e-01 -3.84845227e-01 -2.74585724e-01
    -3.58499795e-01 -3.28305811e-01 -5.14196992e-01 -3.60219061e-01
    -5.48226655e-01 -2.34979987e-01 -2.74823248e-01 2.89356411e-01
    -2.77290940e-01 -5.80000103e-01 -7.11226702e-01 -1.54080510e-01
    6.62456751e-02 -4.99414444e-01 -3.91999185e-01 -4.10091788e-01
    -4.00947571e-01 2.18606472e-01 -2.81039685e-01 4.69846725e-02
    -6.13402605e-01 -5.74475467e-01 9.49659944e-02 -2.77660012e-01
    2.22174346e-01 -5.28498650e-01 6.84169531e-02 3.05256426e-01
    -1.37275010e-01 -3.54851454e-01 -5.26539803e-01 -1.22914672e-01
    -1.88773036e-01 -9.45234299e-03 -6.70492113e-01 -3.56674194e-01
    -5.57534099e-02 -9.10966396e-02 -1.41977072e-02 8.77796412e-02
    -6.03878021e-01 -5.54016292e-01 -6.56438112e-01 -8.27035904e-02
    -4.10346240e-01 1.09409034e-01 -5.40396690e-01 1.24635816e-01
    -6.93402946e-01 2.40892410e-01 -7.33757019e-03 -5.85029721e-01
    3.05743217e-01 -4.89830494e-01 -3.74462664e-01 1.57231152e-01
    2.50315368e-01 -5.82475901e-01 -5.58351874e-02 1.09108269e-01
    -7.22625732e-01 2.43497491e-01 -4.29288030e-01 -5.51655293e-01
    -7.17166662e-02 -8.94540548e-03 1.34938896e-01 -4.51539159e-02
    -3.40555191e-01 -3.64136994e-01 6.87628984e-03 2.64509439e-01
    1.81587100e-01 -6.62574887e-01 2.96377420e-01 -4.87417310e-01
    -2.55985051e-01 3.48162651e-03 -2.27884263e-01 -4.50340450e-01
    -3.34356517e-01 -3.04077268e-01 -2.92743802e-01 -1.89637721e-01
    -3.16646010e-01 -2.81823218e-01 6.44317269e-02 7.07888007e-02
    -3.68906379e-01 -2.94923097e-01 1.03246748e-01 6.19117618e-02
    -4.86207068e-01 1.91568375e-01 -1.15981519e-01 1.24363720e-01
    1.28206313e-01 2.08441615e-02 -4.38489050e-01 -9.00849104e-02
    -2.25785911e-01 -4.23698425e-02 -5.39267838e-01 -5.96387208e-01
    1.71608806e-01 -4.70144331e-01 -5.99603057e-01 2.13248432e-01
    -4.38852191e-01 -2.79358745e-01 -3.74885023e-01 -2.96031833e-01
    -2.57270575e-01 -1.58045292e-01 8.31431150e-03 -2.56966710e-01
    -4.14531469e-01 -2.54330367e-01 -3.80549431e-02 -1.25370264e-01
    -5.35808086e-01 -3.24991703e-01 -2.02876478e-01 -2.98184097e-01
    -5.03130078e-01 -6.31279349e-02 2.22824156e-01 -5.21449983e-01
    5.88550568e-02 -5.87347746e-01 -4.38964128e-01 -2.84761518e-01
    3.00664008e-01 -5.07208109e-01 -1.44631743e-01 -4.52949345e-01
    -2.07312286e-01 -3.14386666e-01 1.27787590e-02 -4.19712812e-01
    -4.21650618e-01 -2.85858452e-01 -6.38714790e-01 -4.80135858e-01
    1.47564471e-01 -1.54431522e-01 -3.72017026e-02 -6.07071996e-01
    1.01009846e-01 2.89133787e-02 -4.97201920e-01 -4.78102833e-01
    -3.68211001e-01 -1.69846416e-01 -5.82967401e-01 -5.18404901e-01
    -4.91912961e-01 -5.75461745e-01 -4.12845612e-02 -1.49978101e-01
    -1.07362628e-01 -2.99290061e-01 -5.48714221e-01 -2.84630656e-02
    -3.65633011e-01 -6.38472557e-01 -5.72905838e-01 2.06706762e-01
    1.14825010e-01 -4.78479266e-02 -4.76794422e-01 -4.35813665e-01
    -5.04124045e-01 -1.75425768e-01 2.84846187e-01 4.28447723e-02
    -5.51623106e-01 -5.53419471e-01 -6.56371236e-01 1.51037633e-01
    2.06051469e-02 -7.07121491e-01 -2.60195136e-02 5.64855337e-03
    1.32745981e-01 1.12545490e-01 -2.76395738e-01 2.15547919e-01
    -2.44009823e-01 -5.05741835e-01 -4.07415211e-01 -2.56792933e-01
    -6.08816445e-01 -8.33847523e-02 5.58540225e-02 -3.21278721e-01
    -6.11407936e-01 -4.59915340e-01 -1.00233495e-01 -6.36582494e-01
    -5.62015533e-01 -5.15204370e-01 -1.32554591e-01 -9.74814892e-02
    -1.23996258e-01 3.22716355e-01 -5.03109038e-01 -3.66017848e-01
    -5.88189662e-01 -1.01304710e-01 -2.05216229e-01 2.17017829e-01
    -1.74856007e-01 -8.28624368e-02 -1.66612864e-02 -2.67623305e-01
    -1.06341213e-01 -3.50827575e-02 -4.10170406e-01 -4.86019760e-01
    -3.18454891e-01 -8.67409110e-02 -4.58980799e-02 -5.80968320e-01
    -2.30383277e-02 -3.79210711e-02 -5.35420477e-01 -2.09443569e-01
    -2.90334523e-01 -4.13000941e-01 9.08219218e-02 -6.89773321e-01
    -3.98928165e-01 -1.28671587e-01 -3.00027847e-01 -1.41301692e-01
    1.42347217e-02 1.28378034e-01 5.75019121e-02 2.29866624e-01
    -3.02640855e-01 -9.04369354e-02 -5.34748614e-01 -7.70971179e-02
    9.78707075e-02 -5.33422709e-01 2.47748792e-01 1.40442073e-01
    -1.54452264e-01 -1.01695597e-01 -1.69044852e-01 6.88136816e-02
    2.42301822e-02 -4.01989818e-02 -5.37238717e-01 -1.70642912e-01
    -2.62974322e-01 -2.69399732e-01 1.41579092e-01 1.90782607e-01
    -2.65575677e-01 -2.67777920e-01 -5.88559151e-01 1.89715326e-01
    -2.57826596e-01 -2.13675618e-01 -2.76531398e-01 2.26118743e-01
    2.20772803e-01 -4.30956185e-01 1.91451252e-01 -4.18332875e-01
    -4.92508113e-01 1.15751803e-01 -3.51331830e-01 -4.91149753e-01
    -3.08131278e-01 -1.04281127e-01 4.01821136e-02 -6.17630363e-01
    -1.04000926e-01 -6.81591630e-01 -6.00562692e-02 -1.92997664e-01
    1.42936409e-01 4.00120020e-03 -2.44107068e-01 -1.10986948e-01
    -4.37535226e-01 -1.22399330e-02 -9.51771140e-02 -3.87137324e-01
    1.79702997e-01 -1.32650167e-01 -2.42040575e-01 -2.58555263e-01
    -3.25875878e-02 1.63580418e-01 -2.09628880e-01 1.96111381e-01
    3.56344879e-01 1.72773421e-01 2.89106667e-01 1.35802269e-01
    3.15940380e-03 1.67960942e-01 -5.52842736e-01 5.18560410e-06
    -6.92698956e-02 -2.53829181e-01 -1.87635124e-01 -4.08923864e-01
    -1.03372812e-01 2.11373925e-01 -5.02741814e-01 -5.97083807e-01
    6.10607266e-02 -5.00069261e-02 -6.83000207e-01 -3.90506059e-01
    -6.62131071e-01 -3.35391194e-01 -3.41496259e-01 -4.48622942e-01
    -9.01474953e-02 8.31111073e-02 -3.55868638e-01 1.45348310e-02
    -5.29501021e-01 2.84886360e-03 -5.46813250e-01 -3.08930397e-01
    -3.66975069e-01 -5.32976985e-02 -3.06933403e-01 -4.42920953e-01
    -3.17271948e-01 -1.89446509e-01 6.97243810e-02 1.09767556e-01
    1.48023963e-01 -4.47392851e-01 -4.28341329e-01 6.42228127e-02
    -3.13601017e-01 1.81777239e-01 -1.41741037e-02 -5.49194694e-01
    -6.09426022e-01 2.16276228e-01 -6.42489851e-01 6.23280406e-02
    -5.13135254e-01 -4.46608335e-01 -3.42332870e-01 4.26831245e-02
    -3.70377243e-01 -1.89992905e-01 -4.08126444e-01 -3.21073174e-01
    3.01036119e-01 -2.30967253e-01 -5.12073815e-01 -2.91905522e-01
    -6.09575808e-01 1.83873057e-01 -5.63788652e-01 -4.75258321e-01
    -1.36858523e-01 -4.44698334e-03 -6.75850689e-01 -1.54443979e-02
    -3.28841507e-01 -2.96556413e-01 1.67507529e-02 -2.85469204e-01
    1.35008633e-01 -6.46222830e-02 -6.78689957e-01 -7.38641620e-02
    -6.71027422e-01 -4.01718050e-01 -4.85958189e-01 -2.07314968e-01
    -5.28930545e-01 2.10326314e-01 1.59102082e-01 -3.80989909e-02
    -6.11100912e-01 -2.35338360e-01 -2.81970203e-01 -7.05289245e-02
    -4.72241700e-01 7.73479939e-02 -2.32503593e-01 6.08109236e-02
    -4.46722597e-01 -4.06458974e-01 2.79918373e-01 -1.79271042e-01
    -1.38028741e-01 -4.34996486e-02 -9.13256705e-01 1.03241980e-01
    2.05164969e-01 2.17234850e-01 -3.69301975e-01 -4.16928768e-01
    -4.53875005e-01 3.81253779e-01 -1.90575212e-01 1.97936118e-01
    6.84632659e-02 1.96652889e-01 -6.68130159e-01 -4.26477104e-01
    1.45482361e-01 -3.83573771e-03 -5.43857872e-01 -2.02264905e-01
    2.15748429e-01 -5.69666624e-01 -5.78740954e-01 -4.08157825e-01
    -4.59749520e-01 1.25395894e-01 -2.90558934e-02 -1.74129426e-01
    -5.61859250e-01 -3.83370280e-01 2.02046216e-01 2.06390202e-01
    -5.14207482e-01 -5.43719351e-01 -5.43019116e-01 -3.69226754e-01
    -6.53234363e-01 4.05654907e-02 -1.28095806e-01 -4.17218626e-01
    -6.06717467e-01 -3.39967906e-01 -5.30137658e-01 -5.10219693e-01
    3.11837792e-01 2.00457513e-01 -1.48053229e-01 -4.42598313e-01
    -5.26531637e-01 3.05417418e-01 2.28067994e-01 -1.23003662e-01
    -5.27877331e-01 2.21078634e-01 -6.88489676e-01 1.34074569e-01
    3.72179151e-02 -6.67442322e-01 -1.99679852e-01 -3.24771792e-01
    2.47776508e-02 -1.54957294e-01 -2.85782725e-01 -5.00990570e-01
    7.58218169e-02 2.72200465e-01 -2.86133945e-01 -5.25354505e-01
    -1.05701864e-01 -1.12267196e-01 -3.32457960e-01 1.85040176e-01
    3.75093222e-02 -2.09280968e-01 -5.39176226e-01 -4.41319376e-01
    2.67405391e-01 -1.67509615e-01 -3.09346348e-01 -6.16689861e-01
    -6.91330731e-01 -4.21880484e-02 1.17104292e-01 -2.80432701e-01
    -1.19122505e-01 -4.58870590e-01 -5.70935011e-02 1.52372479e-01
    -6.17557347e-01 -6.12054169e-01 -5.35691082e-01 6.67512417e-03
    -7.72047639e-01 -7.55116999e-01 2.07078576e-01 3.99887562e-02
    -5.42063713e-01 -3.65569979e-01 1.47954643e-01 -2.17727005e-01
    -7.96293616e-02 -3.73698056e-01 3.03390622e-02 -3.22829515e-01
    -7.96288848e-01 -6.90533161e-01 6.44087195e-02 1.02286935e-01
    -1.96027696e-01 -1.29834175e-01 -6.49899364e-01 -2.89808154e-01
    2.57805288e-01 2.04805076e-01 8.94576311e-03 -4.30569947e-01
    1.30168080e-01 -2.77783036e-01 -3.92793775e-01 -1.72817230e-01
    2.18645096e-01 3.05409133e-01 -1.80707157e-01 -4.46767569e-01
    -8.17465782e-03 -3.52171093e-01 -3.64743382e-01 1.07076108e-01
    -4.79863107e-01 5.19639254e-02 -4.13115770e-01 -4.29045945e-01
    -9.07906294e-02 -3.27831626e-01 1.87591970e-01 -4.20143604e-02
    8.48007798e-02 -5.05885959e-01 -4.11610901e-01 -1.81687772e-01
    -3.42976809e-01 -6.42937899e-01 -4.89598662e-01 6.24420643e-02
    -1.47622168e-01 -3.52300137e-01 5.36276102e-02 -1.61009908e-01
    -4.51039582e-01 -3.86009753e-01 -2.70747960e-01 -6.69607759e-01
    1.90542758e-01 -1.27702773e-01 -1.61769748e-01 -3.45358789e-01
    -4.02906120e-01 -7.22271919e-01 -3.40327412e-01 -1.98998153e-01
    -3.68543029e-01 -5.28881431e-01 -4.33940351e-01 1.83201432e-02
    -1.17435664e-01 -4.95715529e-01 -5.81497073e-01 3.17971528e-01
    -6.75978363e-01 -6.04840755e-01 2.39237309e-01 1.74201488e-01
    -5.51820874e-01 3.58449221e-02 -4.01555210e-01 1.19988322e-01
    -4.45800424e-01 -1.14238083e-01 1.78349376e-01 -5.98546267e-02
    -4.60570633e-01 -3.62411201e-01 1.82098210e-01 -4.53344584e-02
    -4.63460088e-02 -5.25291264e-01 1.94124520e-01 -3.04982066e-01
    -4.35560137e-01 -1.85644954e-01 -1.22803509e-01 -3.21693271e-01
    4.45675254e-02 -6.15215957e-01 -6.14721417e-01 -2.03127444e-01
    2.12194920e-02 -3.19127560e-01 -1.59472823e-02 -2.80841470e-01
    -4.95757878e-01 -6.25828862e-01 -5.31503201e-01 1.42367303e-01
    -3.39283288e-01 -3.18993181e-01 1.51023090e-01 -6.91324830e-01
    -2.94524491e-01 -5.62868714e-01 9.36522484e-02 5.59904575e-02
    -7.44294405e-01 2.11318731e-02 2.66101182e-01 -1.05155945e-01
    -6.26175225e-01 -1.81550711e-01 1.17775738e-01 -2.57332951e-01
    -2.07925916e-01 1.92958176e-01 2.35539913e-01 -7.55754292e-01
    -5.40866733e-01 1.98268533e-01 6.67432547e-02 -1.28370941e-01
    -2.93046892e-01 -2.16892570e-01 1.27302527e-01 -2.01380432e-01
    -6.69282556e-01 1.42427385e-01 -1.81420863e-01 -1.60130024e-01
    1.99151039e-03 -1.32260799e-01 -8.79630744e-02 -1.11851126e-01
    -4.34521377e-01 3.33005190e-01 -3.70439053e-01 -1.02532744e-01
    2.59392858e-01 -4.69352096e-01 -2.74027348e-01 6.08304143e-02
    -1.34885311e-02 -1.67476296e-01 -8.33635926e-02 1.71534717e-01
    3.70984077e-02 -3.88037115e-01 -3.33588511e-01 -4.40503359e-01
    1.58545315e-01 1.82344675e-01 -2.71267116e-01 -7.20881820e-01
    5.53722978e-02 -2.26602912e-01 -1.06512845e-01 -5.76322556e-01
    -4.38847184e-01 -3.58672589e-01 -5.59483171e-02 8.39281082e-03
    -1.17453337e-01 -1.14307404e-02 -5.06563544e-01 -1.76839530e-01
    1.08830035e-01 -4.76419091e-01 -3.23887765e-01 -1.03744507e-01
    6.20350838e-02 2.62333572e-01 -5.08101285e-01 1.26868606e-01
    -1.49790287e-01 -2.10833400e-01 -2.39309311e-01 1.77887738e-01
    2.85101175e-01 -1.88517570e-01 -5.36446333e-01 -4.92448658e-01
    -2.96881378e-01 2.65747845e-01 -4.29870367e-01 2.23079503e-01
    -8.28803182e-02 -3.59557092e-01 -4.68856871e-01 -5.08839965e-01
    7.73174763e-02 2.29531586e-01 -4.05371487e-01 -4.58910495e-01
    -5.43901443e-01 -4.35270816e-01 6.14799857e-02 2.84334958e-01
    3.19525599e-02 -1.39487565e-01 -3.21833313e-01 -2.24100411e-01
    -6.70436740e-01 1.26709878e-01 -6.46901131e-01 2.33483255e-01
    1.05926335e-01 2.90038645e-01 -1.85786903e-01 -1.93894267e-01
    -5.68510890e-01 -2.54386455e-01 -2.20174134e-01 -6.00928962e-01
    -2.73491204e-01 1.37237608e-01 -6.47164822e-01 -4.64379102e-01
    -6.49017394e-01 -2.92400658e-01 -3.73840541e-01 -7.27189422e-01
    -1.21628702e-01 -9.82210636e-02 -5.38935721e-01 -3.54991734e-01
    -5.04979491e-01 -4.83652949e-02 9.79863405e-02 2.16345727e-01
    1.21760786e-01 -5.51676929e-01 8.24013948e-02 1.13960505e-02
    -3.26450467e-02 -7.96458483e-01 1.43817544e-01 -5.30859232e-02
    -4.48839128e-01 1.86481714e-01 -2.10169792e-01 2.03334212e-01
    -6.17825985e-01 8.37520957e-02 -4.04398888e-01 -1.19777441e-01
    -1.30176246e-01 2.41924405e-01 2.11623669e-01 -4.39277083e-01
    -5.72906911e-01 -4.60249126e-01 -2.72916555e-01 1.44444883e-01
    -3.81244481e-01 -2.59701729e-01 -7.73074865e-01 -2.05569863e-02
    -2.66957879e-01 -1.24060988e-01 -3.47112060e-01 -2.39822745e-01
    -7.32197523e-01 -6.03174448e-01 -3.37214023e-01 -5.91156423e-01
    -6.68343186e-01 2.66346455e-01 -2.54675746e-01 3.99661064e-03
    -3.70585859e-01 2.24407554e-01 -4.37727153e-01 -2.93015450e-01
    -2.52492249e-01 -3.61931622e-01 -5.11016607e-01 -5.87137461e-01
    -1.55959308e-01 -6.49005473e-01 2.44837821e-01 -9.16272998e-02
    -1.10828817e-01 -6.62394524e-01 -3.53473306e-01 2.83969820e-01
    -2.66747057e-01 2.01763868e-01 -4.59736496e-01 -7.73507953e-02
    -2.14584440e-01 -6.47265315e-01 1.19654536e-01 -3.04729521e-01
    -3.68597627e-01 -1.54874980e-01 6.25041723e-02 -4.63581681e-01
    -5.33991694e-01 1.19556665e-01 1.17494464e-02 -1.42624497e-01
    -5.88763833e-01 -3.39599371e-01 -6.61700428e-01 9.37313437e-02
    -5.04957199e-01 -7.55042076e-01 -3.91373634e-02 5.11288047e-02
    -1.30321085e-01 -3.68098259e-01 -3.31678718e-01 -2.28049815e-01
    -3.21392208e-01 8.34740996e-02 5.23747206e-02 -3.95693570e-01
    -1.30288184e-01 2.62607634e-01 1.27958298e-01 -7.73261845e-01
    -5.28970242e-01 -1.91669673e-01 2.54978061e-01 -3.85617435e-01
    9.28444862e-02 -2.27054060e-01 -4.86122370e-02 -8.41339231e-02
    -1.14561081e-01 -5.97970247e-01 -2.10721493e-01 -5.84897995e-01
    -3.98732156e-01 -1.46622032e-01 1.88684523e-01 -5.36651075e-01
    2.62012661e-01 -9.15614367e-02 -3.86187375e-01 -1.07131481e-01
    -1.83154821e-01 -6.11184835e-02 -7.83687592e-01 4.83871102e-02
    -6.31629229e-01 -1.95421338e-01 -2.62505472e-01 1.64606512e-01
    1.88538551e-01 -5.48941493e-02 -3.93228590e-01 -3.84700060e-01
    3.07443976e-01 1.92648947e-01 -6.16423726e-01 5.67820668e-02
    -2.71528006e-01 -1.58343196e-01 -5.46236157e-01 -4.04857397e-01
    -9.58422422e-02 1.21886671e-01 1.38164818e-01 -3.66382450e-01
    -6.00175202e-01 -5.78120828e-01 1.31094456e-03 -1.69105470e-01
    -5.48625231e-01 3.45783174e-01 -4.54398543e-01 -4.08856571e-01
    -2.71208376e-01 -6.01378679e-02 -3.87055546e-01 -3.93549562e-01
    -3.91049862e-01 -3.71210247e-01 -3.83385450e-01 2.47351527e-01
    -5.63188910e-01 1.65006399e-01 9.70804095e-02 1.36077285e-01
    1.84518933e-01 1.90828979e-01 7.96028972e-02 -5.03874600e-01
    -4.67860460e-01 -1.39958739e-01 -1.63193405e-01 -3.13306212e-01
    -7.27377534e-02 -5.22344828e-01 -3.09053183e-01 5.86946607e-02
    5.92741370e-02 -1.94274843e-01 -7.36981034e-01 -3.74212712e-01
    -4.13361251e-01 -7.22688556e-01 9.88768935e-02 -5.64540505e-01
    -1.48933828e-01 -5.13856053e-01 -1.28996372e-02 -2.68373191e-01
    -3.81525487e-01 -6.74161077e-01 8.90004039e-02 -2.39125371e-01
    -9.53131914e-02 -5.20427942e-01 -2.12743729e-01 -8.56465697e-02
    -7.61765480e-01 -3.80344778e-01 -3.93837690e-02 -3.30181122e-02
    -2.07497656e-01 -2.21280336e-01 -7.25134015e-01 1.41695142e-02
    3.17457914e-02 -5.56328654e-01 1.07206285e-01 -5.90310812e-01
    -1.33797884e-01 -5.11759520e-01 -3.10184896e-01 -3.86745930e-01
    1.57254338e-02 -2.68016726e-01 -3.47092927e-01 7.00656176e-02
    -5.08649349e-02 -3.17501426e-01 -1.27337098e-01 1.21934772e-01
    -3.08805287e-01 -4.45823669e-02 -1.28768444e-01 -1.46559656e-01
    -2.21822262e-01 1.94867253e-01 -5.17491281e-01 1.63001180e-01
    7.64239430e-02 -2.96901643e-01 -1.08761132e-01 4.51012850e-02
    -1.60884976e-01 -5.06869078e-01 -7.93079138e-02 -1.33256912e-01
    -8.89586210e-02 -5.23886383e-01 2.74787545e-01 -4.87851411e-01
    -4.27240252e-01 -5.83887100e-03 -7.40029573e-01 -2.18402743e-01
    2.33694196e-01 2.94847429e-01 -3.50591302e-01 -9.35056210e-02
    -3.71400028e-01 3.24113250e-01 -1.12120688e-01 -6.69229031e-02
    3.73947620e-02 2.25341916e-01 -1.74308836e-01 1.35500431e-02
    -4.02709931e-01 3.40969801e-01 2.63690829e-01 -3.67516667e-01
    -3.31597209e-01 3.82536650e-02 -4.71883565e-01 -1.56705081e-01
    -6.78075433e-01 -4.25887674e-01 -1.08623564e-01 -1.92192256e-01
    -3.23571444e-01 -2.83317357e-01 -1.82249308e-01 -7.86042809e-01
    -6.49077892e-02 -7.49771595e-02 2.28554010e-02 -3.64590883e-02
    -3.59777480e-01 -5.08838892e-01 3.14983964e-01 -5.20461679e-01
    -7.11176515e-01 -5.54742217e-01 -7.86570311e-02 5.39732575e-02
    3.13427746e-01 1.82760954e-02 -3.54042828e-01 4.32312489e-03
    1.43059850e-01 -7.69536436e-01 -1.42359555e-01 -2.02139318e-01
    -1.42792165e-01 -8.12240839e-02 -5.16027093e-01 -2.11575627e-02
    -2.30106294e-01 -6.95325613e-01 1.65310979e-01 -2.75002897e-01
    -2.40187645e-02 -8.22417736e-02 -6.32153749e-01 -4.72433597e-01
    -4.43825901e-01 -4.70546097e-01 -3.36938322e-01 -5.74863911e-01
    -8.65205526e-02 2.16541290e-01 -2.81804383e-01 -1.07285768e-01
    -2.45241463e-01 2.36637533e-01 1.14722133e-01 -2.42339849e-01
    -6.53503001e-01 -4.72963572e-01 -5.49452543e-01 2.57575691e-01
    -2.94251472e-01 -4.08806503e-01 -2.10303009e-01 -1.75263762e-01
    -1.45452499e-01 -4.50481445e-01 1.37511015e-01 2.10757673e-01
    -5.43164074e-01 -2.83726990e-01 1.15109086e-02 -9.60862041e-02
    -5.13860106e-01 -3.24931264e-01 -5.61361730e-01 -1.35818481e-01
    2.74094939e-02 1.55013442e-01 -3.02447617e-01 3.34803820e-01
    -1.66989982e-01 -5.08726954e-01 -8.01444948e-02 7.42351711e-02
    -9.26477015e-02 -5.43772101e-01 -3.68143916e-01 4.33239341e-02
    -4.53608036e-02 -6.36637807e-02 1.51837349e-01 -5.96266210e-01
    -5.26990294e-01 -1.64837778e-01 7.49881268e-02 -1.28683090e-01
    -2.55455375e-01 -1.59322619e-01 -2.27873743e-01 -2.03797340e-01
    -1.58186436e-01 -6.55281901e-01 -9.46700573e-04 -1.05538428e-01
    -6.12166941e-01 -1.95902050e-01 -3.46202970e-01 -4.40506101e-01
    -2.72782356e-01 -5.94660640e-01 -3.74171376e-01 -1.97197139e-01
    -4.70078170e-01 -5.54024577e-01 6.68036342e-02 -3.31426740e-01
    1.82713449e-01 2.35803962e-01 -6.10609651e-02 -2.90432751e-01
    2.10264385e-01 -3.74232650e-01 -5.14559627e-01 4.34437394e-02
    -2.97729433e-01 -2.79668212e-01 -2.53178656e-01 2.02777505e-01
    -2.36428022e-01 -5.74230313e-01 -7.88295269e-03 9.17700529e-02
    -6.72475576e-01 3.22123468e-01 3.34679484e-01 -1.96875274e-01
    -8.16327929e-02 -4.69689786e-01 -4.01032895e-01 2.32234299e-01
    -1.92329317e-01 -1.75685883e-02 -1.80882722e-01 1.66891992e-01
    -9.43492055e-02 2.07557082e-01 -6.15927994e-01 -1.94240570e-01
    5.66035509e-02 -2.22124517e-01 -6.51552618e-01 2.17364132e-01
    -1.24902606e-01 -2.62420744e-01 -5.76893091e-01 -4.63717222e-01
    -2.72681117e-02 -6.87569380e-01 7.76425004e-02 -1.22434437e-01
    -3.80189747e-01 -7.15197027e-01 -6.28044367e-01 -4.39149320e-01
    3.98374796e-02 3.97587657e-01 -4.14673448e-01 -5.69679260e-01
    1.38266683e-01 -2.66857862e-01 -2.33305097e-02 -2.68507123e-01
    -2.05024064e-01 -4.50807929e-01 -3.64520252e-01 9.87874866e-02
    6.88984990e-02 -1.59948945e-01 1.59636199e-01 -3.58393908e-01
    -1.42761171e-01 -5.56209505e-01 -4.86789823e-01 2.87629962e-02
    -6.43890858e-01 -2.65969247e-01 2.32829809e-01 3.45108449e-01
    -6.20528460e-02 -7.88162947e-02 -2.45651662e-01 3.87145996e-01
    -4.84677464e-01 4.77245450e-02 6.78008795e-03 -5.70284784e-01
    4.34663892e-02 -1.72522426e-01 -5.31196713e-01 -1.83892906e-01
    -3.62729013e-01 -7.85942793e-01 -2.33146131e-01 -5.58674872e-01
    2.00540900e-01 7.24000335e-02 -4.43585098e-01 -2.39170253e-01
    -5.91119885e-01 1.93802297e-01 2.02795625e-01 -1.24468923e-01
    -1.76773787e-01 -3.21311414e-01 -2.88858950e-01 2.22057104e-01
    -6.41811728e-01 -5.27461231e-01 1.61354542e-01 -4.14133310e-01
    -3.61163318e-01 -1.60728097e-02 -2.76651919e-01 -2.98067153e-01
    2.99602628e-01 -6.13761961e-01 -5.34858167e-01 -5.51407218e-01
    -1.99907899e-01 -5.71161270e-01 -1.29721135e-01 -9.73553956e-02
    7.67396688e-02 9.64743495e-02 2.53447890e-02 -8.10089946e-01
    -6.37857318e-01 -5.02418280e-02 -2.81108201e-01 -5.60945928e-01
    2.86247015e-01 8.02824497e-02 -6.70462966e-01 8.35992694e-02
    4.48703766e-02 -3.24643195e-01 -1.62343919e-01 1.07805371e-01
    2.35521197e-01 1.11782908e-01 -4.24519181e-02 -2.43386269e-01
    -6.15285933e-01 -6.22251332e-01 2.41745353e-01 2.24987626e-01
    -1.97086155e-01 1.70210600e-01 -1.58825219e-01 -6.91265881e-01
    -4.67940450e-01 3.52383256e-02 6.24070764e-02 1.25725806e-01
    -7.43681610e-01 -2.24595845e-01 -4.72903252e-03 -7.13303685e-02
    2.53131390e-02 -2.81711757e-01 -7.38742352e-01 -2.33904898e-01
    -4.02483553e-01 -9.26240087e-02 2.56754696e-01 -4.25081849e-02
    -7.25427032e-01 1.23739541e-01 2.46407211e-01 -6.42100930e-01
    -6.22811377e-01 8.19444656e-04 -6.55069768e-01 -8.06785822e-02
    1.04161859e-01 -2.06034601e-01 3.02919745e-02 -4.56266165e-01
    -1.30138397e-02 -2.06869841e-01 -4.38818932e-02 -1.92909658e-01
    -3.70172441e-01 1.22662961e-01 1.01158023e-02 -1.61364973e-01
    -6.74905300e-01 -6.12791181e-01 6.60856366e-02 -2.48581916e-01
    -6.07544780e-01 -3.63951981e-01 -2.20894992e-01 -6.32357597e-01
    1.74986064e-01 8.23003650e-02 -7.61184692e-02 -5.33407986e-01
    3.09266269e-01 -8.06993246e-03 1.02461815e-01 -4.42974389e-01
    -1.18417144e-01 6.22251034e-02 -3.12520683e-01 -4.14198995e-01
    -5.04040360e-01 -3.80083740e-01 -4.47824180e-01 -2.89439529e-01
    1.54079378e-01 1.90607727e-01 -3.52093875e-01 -4.39914078e-01
    3.21513414e-03 -3.62446606e-01 -4.34719861e-01 5.93457222e-02
    -1.96677446e-02 1.08831823e-01 -4.90687490e-01 -3.69129777e-01
    -3.59076977e-01 -5.07618964e-01 -4.05852795e-01 3.18614602e-01
    -3.17691594e-01 1.82921827e-01 -3.88444871e-01 -1.13903433e-01
    -3.38840812e-01 -6.35839701e-02 6.47425652e-02 -4.30099368e-01
    -2.67741263e-01 -4.79581565e-01 -5.27191877e-01 -3.41280639e-01
    2.38610148e-01 -3.03771496e-02 -6.69328570e-01 -3.38870645e-01
    2.94465005e-01 8.33814144e-02 -5.66688955e-01 -4.08846140e-01
    1.02363527e-01 -6.84789538e-01 2.06205249e-02 1.35909498e-01
    -2.44876742e-02 -1.11213923e-01 3.74353707e-01 -5.66646516e-01
    3.19207013e-01 -4.86927360e-01 2.35580027e-01 3.10297966e-01
    -3.70990694e-01 -1.34646893e-01 7.89440870e-02 -5.65171242e-01
    2.05507934e-01 -3.99951160e-01 -2.80124962e-01 -1.89066470e-01
    -5.42972684e-01 -4.08710867e-01 4.13249016e-01 -1.71642900e-02
    -5.80604911e-01 2.43529677e-01 -4.37792599e-01 -4.78591532e-01
    -2.43151397e-01 -3.11741889e-01 -9.35137272e-04 -6.36937022e-01
    -3.50199580e-01 -6.68883383e-01 2.09315300e-01 -3.32272738e-01
    -4.02189970e-01 1.59040093e-02 -4.74026084e-01 -5.30728042e-01
    -5.89030385e-01 1.09878778e-02 8.32248330e-02 -6.82080388e-01
    -5.11098444e-01 -1.35703355e-01 -5.69727957e-01 -5.27538896e-01
    1.49988532e-01 -1.90573931e-03 -2.73456722e-01 4.94246483e-02
    3.62138987e-01 -5.43729722e-01 -1.14457190e-01 -4.86036599e-01
    2.53915906e-01 -2.62268782e-02 -7.36100912e-01 -6.05007470e-01
    3.37857008e-03 -1.44703805e-01 -6.35737300e-01 -2.75856316e-01
    -3.73056531e-01 -3.78164351e-02 -5.65911174e-01 -1.23949796e-01
    -4.33875769e-01 3.77448797e-02 -3.91427219e-01 2.95583546e-01
    -6.68281734e-01 -5.45474768e-01 -3.00131440e-01 -2.12581635e-01
    -2.23032594e-01 -5.81970751e-01 1.66794062e-02 -1.04613483e-01
    -5.02448320e-01 -5.47686458e-01 9.83054638e-02 3.22041988e-01
    -1.39028966e-01 -1.34430289e-01 -4.34944749e-01 -1.12825036e-01
    6.68939352e-02 -4.61857051e-01 -1.33643031e-01 -1.55861288e-01
    -2.52117693e-01 -5.21792769e-01 -1.51465833e-01 -6.88387156e-02
    -3.60953093e-01 -4.68199909e-01 2.92063355e-02 -3.28379571e-01
    1.25130177e-01 -7.29082823e-02 -6.71081245e-01 6.59589767e-02
    -9.10490751e-03 -3.56739908e-01 -2.96166658e-01 -5.80293417e-01
    -8.77648592e-02 -6.22827828e-01 -2.42235541e-01 -7.43531764e-01
    -1.94888771e-01 -1.54896379e-01 -2.90617734e-01 -5.93652725e-01
    -2.31833994e-01 -6.93700314e-02 -5.89554310e-02 -3.61628711e-01
    -6.35889411e-01 -4.46677506e-01 6.82131052e-02 6.85316920e-02
    -7.26209998e-01 -4.04894829e-01 -6.95037842e-02 -2.31273293e-01
    2.02043653e-01 -2.25969672e-01 3.71319652e-02 -4.28568155e-01
    -5.97020686e-01 -2.85158038e-01 -1.48340940e-01 -7.65192509e-01
    1.18558168e-01 -4.82905865e-01 -2.03826845e-01 -4.35161352e-01
    -1.66230202e-01 -6.32091999e-01 -4.84066516e-01 -3.66104633e-01
    -5.16629934e-01 -3.55796605e-01 -4.48314518e-01 -4.76102918e-01
    -5.92953205e-01 -6.58989191e-01 -3.25817764e-01 -1.37313545e-01
    -8.59456658e-02 -2.27132946e-01 -1.58833861e-01 -6.51325405e-01
    -4.99651492e-01 6.95188642e-02 -3.80861759e-02 -5.60851157e-01
    -1.12891257e-01 -2.83141434e-01 -1.27853334e-01 -5.88445783e-01
    -6.05824292e-01 -6.37383044e-01 3.79629731e-02 -2.48866081e-01
    -3.95958334e-01 1.50957108e-02 -6.02623940e-01 2.09945679e-01
    -4.97910678e-01 -6.15189075e-02 -1.72991723e-01 -6.16520941e-01
    -3.46542478e-01 -6.00820065e-01 -5.62344790e-02 -6.03598893e-01
    -4.26100373e-01 3.13252211e-03 -6.49360418e-01 -6.35914803e-01
    1.48290694e-01 -4.78267372e-01 -5.81944466e-01 -3.67907882e-02
    -7.54655123e-01 -1.09840214e-01 6.35612607e-02 -1.94607973e-02
    -5.96329153e-01 -1.65498614e-01 -3.05677056e-02 -7.16813564e-01
    8.11007619e-02 -1.76729500e-01 -4.36032414e-02 -1.08219743e-01
    -3.92531455e-01 2.85205543e-01 5.78269362e-02 1.35537326e-01
    -6.57248497e-03 -4.78143334e-01 5.33794165e-02 -3.80707353e-01
    -6.26369655e-01 -5.80730677e-01 -5.36327899e-01 -2.90088654e-01
    2.94127703e-01 -5.33253074e-01 -1.60152972e-01 2.28927553e-01
    -6.13888621e-01 1.46617413e-01 5.06915450e-02 2.18001962e-01
    -4.70451653e-01 -2.36754298e-01 -5.03687263e-01 -6.02795541e-01
    -1.05745137e-01 -9.17988420e-02 -5.93240023e-01 -3.74714494e-01
    1.81872547e-01 5.33906221e-02 8.80089402e-02 1.51995778e-01
    -4.98023808e-01 6.40177727e-02 -1.36026144e-02 -2.77292311e-01
    -2.50842214e-01 -5.33750296e-01 -2.90351689e-01 -4.54862565e-01
    -4.84092772e-01 -5.04666686e-01 1.72583461e-02 1.80631042e-01
    -8.49331617e-02 4.30886745e-02 -3.24821025e-01 -3.37147236e-01
    -1.68656737e-01 -8.65139365e-02 -5.32012880e-01 -2.33773768e-01
    -1.87400341e-01 -5.46113729e-01 -6.38122618e-01 1.45599544e-01
    -1.17613614e-01 -6.66184187e-01 -6.52641535e-01 3.73810530e-01
    -7.44895339e-02 -6.10218525e-01 6.28228188e-02 2.36654878e-01
    -1.68240249e-01 -7.14774132e-02 -2.89043218e-01 -1.44028336e-01
    -2.85494715e-01 -3.71849567e-01 -2.60539860e-01 -6.02384686e-01
    1.63370371e-02 -3.09860736e-01 1.45289838e-01 -5.75260639e-01
    5.52450418e-02 -3.73342216e-01 -3.32617402e-01 -3.07341218e-02
    -5.60492277e-01 -1.34212136e-01 -4.38878745e-01 -5.00320852e-01
    9.56339836e-02 -2.30481386e-01 9.60116386e-02 -2.11316586e-01
    -5.84071040e-01 -5.37398696e-01 7.78904557e-02 1.26869559e-01
    -4.65061575e-01 -4.72482473e-01 -1.30796641e-01 -4.02900875e-01
    -1.56480640e-01 1.43344939e-01 -6.55823171e-01 -2.46951044e-01
    -8.15254450e-02 -5.50305963e-01 -2.54164338e-02 -1.17384672e-01
    3.18659008e-01 -3.61115277e-01 -3.65373850e-01 2.37303078e-01
    2.00970769e-02 -5.69679558e-01 -6.81457162e-01 2.14776754e-01
    1.66585207e-01 -4.98389095e-01 -1.19885564e-01 -2.77411997e-01
    7.42895007e-02 1.07855260e-01 1.83587492e-01 -5.11792302e-01
    2.91899323e-01 -5.17503500e-01 -3.00922155e-01 -2.41055191e-01
    -4.32726294e-01 -3.21811497e-01 -2.14350939e-01 -2.09425092e-02
    1.92840874e-01 -7.03010678e-01 3.58948112e-02 1.58916414e-01
    1.62038803e-01 7.79660940e-02 -5.77927113e-01 2.90046453e-01
    -5.47831535e-01 -6.07963026e-01 1.83546722e-01 1.10561013e-01
    8.33973289e-02 -2.73066789e-01 -5.36162853e-01 -3.02420318e-01
    -5.42656183e-01 -1.01300478e-01 -4.08889800e-01 -3.26329559e-01
    -4.87525403e-01 1.93730831e-01 9.97427702e-02 -5.62789083e-01
    9.42014456e-02 -1.88779235e-01 -7.24491596e-01 1.03646994e-01
    -1.04573607e-01 -1.78312182e-01 -3.91666591e-01 -2.00931430e-02
    -5.14866054e-01 -1.98942780e-01 -1.30428672e-02 -5.44670463e-01
    6.43166304e-02 1.76894188e-01 -3.22213650e-01 -6.53061390e-01
    -4.28921282e-01 -1.96490407e-01 -1.84936106e-01 2.32554317e-01
    -4.87438917e-01 -5.11859417e-01 9.55415368e-02 2.50129700e-01
    2.07677960e-01 -4.52146888e-01 -5.30248523e-01 1.76181197e-01
    -3.54842275e-01 1.88569665e-01 -5.26472449e-01 -1.75886750e-02
    -5.03753662e-01 -4.61231053e-01 -6.72858715e-01 -6.17918253e-01
    -1.52039647e-01 4.66294885e-02 1.69030726e-01 5.58670759e-02
    3.98390293e-02 -5.84782958e-02 7.87137747e-02 -1.04492843e-01
    -2.46906042e-01 -4.18690890e-01 1.74075902e-01 -7.23868608e-03
    3.91928017e-01 -3.50566000e-01 -3.62835824e-01 1.81827128e-01
    -6.00091219e-01 9.62444544e-02 -3.26797485e-01 -3.12140644e-01
    -6.41861677e-01 -1.06288791e-02 -3.64047110e-01 -5.82550406e-01
    -1.18289709e-01 -5.26364267e-01 -4.40630436e-01 -5.61898947e-02
    -1.41821325e-01 -1.96634531e-01 5.78829050e-02 -7.18126237e-01
    -1.27822638e-01 -6.88189626e-01 -2.63685226e-01 -3.45799387e-01
    2.07453370e-01 2.25925982e-01 -4.22745913e-01 -5.65400362e-01
    -1.92101121e-01 1.05758011e-01 -2.53082871e-01 -6.26515985e-01
    1.66437626e-01 3.83158326e-02 2.48082280e-01 1.25121832e-01
    -4.61927027e-01 -2.90470809e-01 4.43296611e-01 9.57732201e-02
    -2.03618526e-01 3.58028412e-02 3.21689844e-02 3.01774144e-02
    -7.45501041e-01 -7.52924919e-01 -3.03764760e-01 -5.15882373e-01
    -1.24653578e-01 -1.14012420e-01 -1.18036509e-01 -2.93306917e-01
    -4.64998662e-01 6.04866147e-02 -3.47750932e-01 -8.68380666e-02
    -2.47094691e-01 -3.11511159e-01 -1.92177296e-03 -2.52892196e-01
    -3.99577022e-02 -6.79249346e-01 -3.45415086e-01 -1.75065517e-01
    -6.29354000e-01 -3.96164775e-01 -1.87844276e-01 -8.50539804e-02
    -4.56664145e-01 2.21707940e-01 -6.23353004e-01 1.98550820e-02
    1.06159329e-01 -1.09069943e-02 -1.13232970e-01 -4.90873218e-01
    -4.59633589e-01 4.83860970e-02 -1.32551372e-01 1.36139572e-01
    -4.49163109e-01 6.59702420e-02 -6.88814044e-01 -5.67113876e-01
    2.08753884e-01 -8.86574388e-02 -7.85685897e-01 -7.37984061e-01
    1.82241917e-01 -2.49990791e-01 -3.09972346e-01 -1.98493242e-01
    -6.80442214e-01 1.59897864e-01 -5.20230412e-01 6.57017231e-02
    2.76535749e-01 4.75690365e-02 -3.44156623e-01 -6.25863194e-01
    1.55402958e-01 -3.78550112e-01 -6.70314193e-01 2.02268958e-02
    -5.67680001e-01 1.84822083e-01 -1.82799220e-01 -4.35721159e-01
    -4.86360401e-01 -1.73696280e-02 -7.92549849e-02 -4.92135227e-01
    -1.13546193e-01 -6.42205119e-01 3.10891867e-03 -1.18606389e-01
    -6.22409821e-01 -3.76524419e-01 -4.31760460e-01 -5.06558120e-01
    -4.35093224e-01 -4.66590643e-01 -4.64276969e-01 -4.29848701e-01
    -2.67968953e-01 -3.34895998e-01 3.24193239e-01 -4.77531821e-01
    -4.31391895e-01 -4.99236584e-02 -4.68293697e-01 -4.49605584e-02
    -2.30255425e-01 -3.03504616e-01 1.94905221e-01 -4.02727187e-01
    -5.89919090e-01 -1.26634836e-01 -1.44997716e-01 -8.01940560e-02
    -2.36914158e-01 7.41839409e-03 -4.09093440e-01 1.44069731e-01
    2.21760452e-01 -1.67638183e-01 -3.09089243e-01 -4.87230778e-01
    2.40424275e-01 -1.22000307e-01 -2.49603152e-01 -4.55081403e-01
    7.51481056e-02 1.95368111e-01 -4.61430490e-01 -8.01798105e-02
    1.16462767e-01 -3.42872143e-01 -4.45590258e-01 -2.24113643e-01
    -5.27279139e-01 -4.97954369e-01 -7.16235995e-01 -6.57654405e-01
    -7.06186652e-01 3.18552852e-02 3.71348262e-02 -2.30309188e-01
    -1.93682849e-01 -6.10528648e-01 -5.20585299e-01 -3.18357944e-02
    -4.75385785e-02 -4.93804574e-01 1.45839632e-01 -3.13542187e-01
    -3.74295473e-01 5.02269268e-02 -2.59444028e-01 3.32228839e-01
    4.75208580e-01 -6.29787147e-01 -5.93983412e-01 1.43853903e-01
    -6.94615483e-01 -5.90730548e-01 -3.74067664e-01 -1.43575072e-02
    -4.30896699e-01 7.80570507e-02 -2.56515980e-01 2.97308087e-01
    -3.72843593e-01 -3.51806283e-01 -4.27621961e-01 7.08835721e-02
    -5.40491760e-01 -6.06226385e-01 -1.57744884e-01 3.01603198e-01
    -1.04035139e-02 1.94477022e-01 -4.42850977e-01 -4.66643244e-01
    -3.19186330e-01 4.90301043e-01 -2.90192693e-01 -5.84970951e-01
    -5.52097499e-01 1.60282016e-01 -1.63444877e-01 6.03728294e-02
    -3.03094149e-01 1.25871599e-01 2.00048923e-01 -4.47630405e-01
    -6.27009451e-01 3.57077360e-01 5.51957488e-02 -1.90961361e-02
    -4.96848136e-01 1.03559971e-01 -1.23350620e-02 2.11299241e-01
    1.40854597e-01 9.59505439e-02 -6.09029174e-01 3.38110328e-02
    1.56991243e-01 1.56511009e-01 -1.92546278e-01 -1.08393490e-01
    -3.98134887e-01 9.08805132e-02 -6.73539400e-01 1.12223148e-01
    7.65145421e-02 -5.56486785e-01 -3.73576164e-01 -2.33590066e-01
    -1.95928812e-02 -2.37931788e-01 -1.34600163e-01 -4.50619996e-01
    -5.05746007e-02 -1.52194738e-01 -4.62754667e-01 -7.88369656e-01
    -5.18243313e-02 2.66588926e-02 -2.97433734e-02 -7.13896155e-02
    -4.59345222e-01 -3.46922517e-01 1.03315055e-01 -4.62588370e-01
    -3.74692291e-01 -2.71265984e-01 -1.53624833e-01 -3.33454072e-01
    -4.03107375e-01 -4.75009829e-01 3.77750397e-01 -2.21126348e-01
    -1.58448279e-01 2.14755833e-01 -2.15480059e-01 3.36754322e-02
    -2.95464277e-01 -6.89639449e-02 -5.69666743e-01 8.58271122e-02
    2.26025701e-01 1.13213122e-01 2.20824778e-01 -4.25679773e-01
    2.03451574e-01 2.80914068e-01 2.73693204e-02 -4.06222999e-01
    2.26507366e-01 -4.53898281e-01 -3.96112174e-01 -3.15227091e-01
    8.51345062e-02 -1.37770951e-01 -2.91566730e-01 -4.19161916e-02
    -4.17458475e-01 -1.62581146e-01 -2.51737922e-01 3.68101418e-01
    -4.23853427e-01 -2.00479209e-01 -7.89434314e-02 -5.24674892e-01
    -1.58507138e-01 -1.17952585e-01 -5.17961740e-01 -1.32908225e-02
    -2.52108037e-01 -2.49105692e-03 2.96759367e-01 -1.91652536e-01
    1.80064976e-01 -6.58880293e-01 2.57368207e-01 -4.73975867e-01
    -1.39599383e-01 1.71478570e-01 3.43583822e-02 -3.25095892e-01
    -3.76221359e-01 -7.24917650e-02 -8.78637552e-01 -6.97267175e-01
    8.63077044e-02 -4.88449275e-01 -1.01282775e-01 3.08448076e-01
    2.93962121e-01 5.96414804e-02 -4.20434505e-01 2.33557343e-01
    2.64703512e-01 -3.42515349e-01 -4.09443587e-01 7.11029768e-03
    -5.23547709e-01 4.71392870e-02 -6.27748132e-01 -2.91136205e-01
    -1.53596401e-02 -4.95449424e-01 -3.13790619e-01 -1.57485545e-01
    -2.67558217e-01 -1.32721603e-01 -5.16106188e-01 1.89326346e-01
    -5.55217087e-01 -8.13490748e-02 7.46976137e-02 -6.16096854e-01
    -4.35414672e-01 -5.05901814e-01 -1.42312348e-01 -5.06541371e-01
    3.28534842e-03 -1.34351313e-01 -5.60086370e-02 4.05561328e-02
    -6.05048954e-01 -2.59797305e-01 -6.84651375e-01 2.08823085e-02
    7.28781223e-02 9.04912353e-02 -2.79821754e-02 -6.16681516e-01
    5.81092238e-02 -6.58866763e-01 -9.03743505e-03 2.24512815e-01
    -2.63649642e-01 5.53982854e-02 -4.38650966e-01 7.07256198e-02
    1.65933669e-01 1.14243805e-01 7.84617662e-02 -5.89382052e-01
    -2.29791760e-01 -5.63714743e-01 -5.75278997e-01 1.94154084e-01
    2.38549709e-03 2.01925039e-02 -3.09554458e-01 -3.73233140e-01
    -3.31301808e-01 1.64815962e-01 -4.41007674e-01 -7.21853971e-02
    -5.95345080e-01 -1.44288540e-01 -5.86408079e-01 -1.60136223e-01
    -5.70437312e-01 2.57864237e-01 -5.78390121e-01 -1.25418454e-01
    3.27569008e-01 -3.75790894e-01 7.07422495e-02 -2.40579069e-01
    -3.48802775e-01 -1.64310932e-02 -7.85622120e-01 -4.81912136e-01
    3.17389965e-02 -3.49469781e-01 -1.11617446e-01 -2.08664507e-01
    -3.94744724e-01 -4.24511969e-01 -4.54749614e-01 -2.83549398e-01
    1.33019865e-01 1.06694877e-01 -6.08928680e-01 1.83991551e-01
    -4.67268795e-01 4.16108370e-02 -4.06490803e-01 -1.66701317e-01
    -1.17922783e-01 -1.91419780e-01 -1.63142443e-01 -3.95754278e-01
    -9.04834270e-03 2.19087601e-01 -4.26980019e-01 -5.48949122e-01
    5.44958711e-02 -1.36673510e-01 -5.64936519e-01 -3.31114173e-01
    -5.44146180e-01 -1.18177712e-01 -9.53613520e-02 -4.95943904e-01
    -7.47436166e-01 1.55463457e-01 -1.68553352e-01 -5.45538306e-01
    -2.24703372e-01 -5.43533444e-01 -5.90123177e-01 -4.53233719e-02
    -1.24472976e-02 -9.14973021e-02 -3.23736310e-01 -6.69459224e-01
    -3.85568172e-01 -6.45807743e-01 -5.34744263e-01 -5.26708245e-01
    -2.20203400e-02 -1.84020281e-01 -9.62889194e-03 -2.14171141e-01
    -4.32145208e-01 -5.70694506e-01 -5.61891735e-01 -3.78363431e-01
    -3.10870290e-01 -4.26467001e-01 4.21538949e-02 -5.54939866e-01
    -4.55470949e-01 -3.65769058e-01 -3.54982644e-01 -4.33487892e-01
    2.85351813e-01 -4.69737947e-01 1.90565705e-01 -4.88536686e-01
    -1.17217898e-02 -2.83239633e-01 -1.47528708e-01 -5.64746320e-01
    -1.14888430e-01 8.08496475e-02 4.84970212e-02 -2.22160637e-01
    -6.70911670e-01 -2.72071064e-01 -4.21494305e-01 1.52193487e-01
    -2.45172381e-02 -7.18262732e-01 8.71627927e-02 -3.34883451e-01
    -3.52247894e-01 -6.78547025e-01 -5.80700159e-01 -3.39598596e-01
    -4.73967046e-01 -7.05708623e-01 -4.35504466e-01 1.36187792e-01
    5.53344488e-02 -6.51824415e-01 -1.44091547e-01 1.31595194e-01
    -1.94647074e-01 -2.20892429e-02 7.11067319e-02 -9.93158817e-02
    4.88005280e-02 -1.99345469e-01 -3.39170039e-01 -2.04496384e-01
    -6.84113503e-01 -4.89806563e-01 -3.12471151e-01 -4.24047232e-01
    2.13462710e-02 -1.73411012e-01 -5.64660549e-01 -4.59746569e-01
    -4.53633517e-01 -1.51104033e-01 4.80350256e-02 2.25925565e-01
    -7.40181088e-01 6.97125196e-02 -3.98235589e-01 -6.39497697e-01
    3.20651948e-01 -5.79466820e-01 -2.54352808e-01 -4.24867272e-02
    1.46613598e-01 -1.90822363e-01 -7.17910528e-02 -2.13962853e-01
    -6.11458898e-01 -4.08818066e-01 -5.47523975e-01 9.15810466e-02
    1.39894903e-01 -4.15125906e-01 -7.48504162e-01 2.29748666e-01
    -5.64419746e-01 -4.24695581e-01 -1.05283320e-01 -2.47238994e-01
    3.08562577e-01 -4.85434055e-01 -6.76029921e-01 -1.71525478e-01
    1.59977734e-01 -4.36004341e-01 6.56015873e-02 -5.32567620e-01
    -4.45843995e-01 -1.12513810e-01 -2.58488625e-01 -6.06037259e-01
    -4.84125525e-01 2.63038278e-02 -3.39649856e-01 1.52862251e-01
    -4.40010101e-01 -4.51496542e-01 -4.87730324e-01 -1.19912624e-03
    -5.66574454e-01 -1.90721810e-01 -3.73619735e-01 -2.71291524e-01
    -5.53775966e-01 -3.91184151e-01 -3.05422544e-02 -1.47326887e-01
    1.59628987e-02 -1.52065396e-01 -5.70395052e-01 -4.27515090e-01
    5.93590736e-03 1.91363335e-01 -7.47830749e-01 2.58618593e-03
    -3.12896639e-01 -6.90003157e-01 -9.20562744e-02 -4.37313080e-01
    -5.34608722e-01 -6.00155950e-01 -5.48351526e-01 -2.81315774e-01
    -1.75738931e-02 -4.43291992e-01 -4.86361146e-01 -4.39567655e-01
    -1.71072751e-01 -7.25804567e-02 -1.52365804e-01 7.04185963e-02
    2.44901836e-01 -2.88481653e-01 -6.64850235e-01 -2.99775124e-01
    -1.91622674e-01 1.70164108e-02 -7.14169562e-01 1.62940562e-01
    3.85610461e-02 3.95484567e-02 -1.88418806e-01 -6.24671578e-02
    2.19692945e-01 -3.28199685e-01 -2.04065263e-01 1.13070190e-01
    -6.37135208e-01 -6.66059732e-01 1.32393479e-01 -4.18107569e-01
    -6.01143658e-01 1.12245679e-01 -1.16649687e-01 -2.85360217e-02
    -4.26087409e-01 -2.70301253e-01 -7.13746309e-01 -4.84794289e-01
    1.33174539e-01 -2.29696631e-01 5.13758659e-02 -3.73275071e-01
    -3.39180350e-01 -4.71172333e-01 2.20764637e-01 -6.26535356e-01
    -1.12820268e-01 -1.05938673e-01 -1.66469991e-01 1.66673720e-01
    -1.90189362e-01 -9.11124945e-02 8.75704885e-02 -2.18158424e-01
    -6.71652734e-01 -2.87530243e-01 -7.75554776e-02 -5.16293943e-01
    -3.46966654e-01 1.92294776e-01 -2.28201091e-01 -2.12983489e-01
    -2.32629329e-01 -5.86935282e-02 -2.74075419e-01 -1.68253750e-01
    -5.02877951e-01 1.06212616e-01 -2.32082188e-01 -2.82669902e-01
    1.40599549e-01 -4.80237007e-02 -6.38762891e-01 -2.50949979e-01
    -4.21296477e-01 1.14554107e-01 -4.67562675e-02 2.26126313e-02
    1.78727984e-01 -1.70503557e-01 -2.39937425e-01 2.16281891e-01
    -6.17654681e-01 -3.01418781e-01 -1.05057538e-01 -2.12754667e-01
    -2.33058929e-02 3.72180939e-02 2.65962124e-01 -5.69594562e-01
    -3.17794681e-02 1.45135939e-01 -7.88704753e-02 -1.03272080e-01
    -1.74644709e-01 9.29284096e-02 2.61966646e-01 -2.24149406e-01
    -3.03631246e-01 -5.32572865e-02 -2.73020715e-01 1.66401267e-02
    -3.27574223e-01 4.79242802e-02 1.71076655e-01 -1.01551592e-01
    6.62982464e-04 -4.38484132e-01 -7.35249817e-01 -2.87520170e-01
    -6.44369721e-02 -6.96576118e-01 4.27520275e-03 -2.20692337e-01
    1.16929889e-01 -2.70206153e-01 1.98514044e-01 -3.44442904e-01
    -6.04670167e-01 3.33835304e-01 2.72363007e-01 -5.04832268e-01
    4.61373925e-02 -5.91561735e-01 -4.53686923e-01 2.66083479e-01
    -2.03611851e-02 2.17221081e-01 6.92813993e-02 -6.95320368e-02
    -4.13603216e-01 7.73168802e-02 9.17987227e-02 -2.01802194e-01
    2.22618580e-01 1.71951652e-01 -5.55621564e-01 -4.19074178e-01
    4.24340785e-01 -5.30209661e-01 -1.43790156e-01 -4.31804866e-01
    -6.90642655e-01 -3.58687937e-01 1.92786455e-01 -4.47777450e-01
    -3.13257426e-01 -3.61240208e-01 -5.98839879e-01 -1.52548909e-01
    -1.94359601e-01 -1.32081270e-01 -5.85120857e-01 -6.46883607e-01
    1.17261469e-01 -8.47188294e-01 -3.99942935e-01 1.37803793e-01
    -2.19584048e-01 -4.91903692e-01 -1.23118997e-01 1.13990605e-01
    -5.32850385e-01 2.22558558e-01 -5.15669584e-02 -3.59394670e-01
    2.48249769e-01 -6.29806519e-03 -6.93754315e-01 7.66096711e-02
    -2.80333757e-02 -8.16229582e-02 -8.44163060e-01 -2.17510819e-01
    1.17546320e-01 -2.83524573e-01 -1.01075172e-02 -1.29573345e-02
    -3.13519657e-01 2.20366359e-01 -4.81858224e-01 -4.50882912e-02
    -2.59521186e-01 2.08225727e-01 5.34796119e-02 6.11813664e-02
    -1.92655385e-01 9.01687145e-02 -7.26999879e-01 1.26488209e-02
    -3.38808656e-01 2.14817524e-01 2.27061152e-01 -1.12777948e-01
    -5.01187921e-01 -6.29907191e-01 6.07960820e-02 -1.04778111e-01
    2.12992430e-01 -2.39155769e-01 -6.22998476e-01 -3.53886485e-02
    -3.14166307e-01 -5.41635990e-01 -2.39194483e-01 -5.59832931e-01
    -4.32412326e-01 -1.15889311e-03 9.49398279e-02 -5.24889946e-01
    2.27478683e-01 -4.96184766e-01 -4.60560620e-01 -5.28724194e-02
    -4.50709760e-01 -1.07934713e-01 -5.61597347e-01 4.68899608e-02
    9.22293663e-02 -2.06200778e-01 -6.19165182e-01 2.21963406e-01
    7.01165199e-03 -4.36497808e-01 2.13502049e-02 -4.37792510e-01
    1.68436229e-01 -5.85935116e-01 -6.48097634e-01 -1.32817030e-02
    -1.73525214e-01 -6.93954945e-01 -6.32963538e-01 -3.00023496e-01
    -2.71603942e-01 3.27668488e-01 -3.35785270e-01 -6.47929907e-01
    -2.17480898e-01 2.38041878e-02 -1.56931162e-01 -6.28648400e-01
    -7.64709115e-02 2.06622899e-01 -1.66950822e-02 1.79135025e-01
    5.84852695e-03 -1.26075923e-01 -3.23906571e-01 -4.72182542e-01
    -4.70327258e-01 3.56521606e-02 -3.75369996e-01 -1.80812538e-01
    3.90914083e-02 -2.09668279e-02 -5.36480784e-01 -7.55632162e-01
    2.80847311e-01 7.52618313e-02 -4.17875767e-01 4.31677103e-02
    -3.23715806e-02 -1.39268041e-02 -3.61817300e-01 -8.67574811e-02
    -1.29241109e-01 -6.12117290e-01 -2.70097166e-01 -9.39177275e-02
    -2.02456117e-01 -2.85782218e-02 -2.24425733e-01 1.13323331e-02
    -3.59478951e-01 -8.93262625e-02 -2.16946900e-01 -5.89316845e-01
    -1.13511682e-02 1.28684640e-01 -6.01189137e-01 -1.11114979e-01
    1.56004608e-01 1.29270613e-01 1.89601541e-01 -1.01433635e-01
    -6.57614410e-01 -5.66542745e-01 -1.20336652e-01 -2.55920291e-02
    3.43346596e-03 1.47361398e-01 -7.71029592e-01 -1.17542148e-01
    1.27384424e-01 -1.84055388e-01 -3.16111982e-01 -6.86772227e-01
    -3.31589103e-01 -3.25209349e-01 -2.42688000e-01 -1.81553423e-01
    3.90770435e-02 -1.95043862e-01 -7.68360496e-01 9.28294659e-03
    -8.27368736e-01 -2.89471030e-01 1.55820251e-01 -1.48630500e-01
    3.83455753e-02 -1.30380988e-02 2.47920632e-01 2.99876928e-03
    9.75902677e-02 9.69496965e-02 -1.24786317e-01 -1.68967247e-01
    -1.29977345e-01 -3.09895635e-01 8.92617106e-02 -3.60741436e-01
    -5.41653633e-02 -6.69177651e-01 -4.87327576e-02 -6.55064464e-01
    8.93014073e-02 -1.03712857e-01 -2.77705967e-01 -1.91282511e-01
    2.73445427e-01 -6.40627503e-01 -2.06088692e-01 -2.71676958e-01
    -5.64207077e-01 -4.91681516e-01 -4.50353086e-01 -1.71013236e-01
    -1.86976492e-01 -1.41672254e-01 -3.15333992e-01 -5.57024121e-01
    -6.18414640e-01 -6.79072618e-01 -5.94876170e-01 -2.02974200e-01
    -2.46853590e-01 -4.11613494e-01 1.54435337e-01 -5.30588925e-01
    -4.67620164e-01 6.01149797e-02 -6.84600115e-01 -7.15072632e-01
    -5.35237432e-01 -5.73438406e-02 -5.47238588e-02 -7.53912091e-01
    -1.97250605e-01 -1.73608840e-01 -5.81050038e-01 1.46734715e-02
    -1.11407459e-01 1.62507176e-01 -1.41431987e-01 1.23071551e-01
    1.21009886e-01 -6.96059942e-01 1.17563486e-01 -4.44916993e-01
    1.12084150e-02 -1.12581372e-01 -1.28635347e-01 4.41741347e-02
    1.09492481e-01 -3.23605210e-01 -5.21213412e-01 -2.04751492e-02
    -4.52703744e-01 2.20169902e-01 -1.01170659e-01 -3.95939291e-01
    -1.02347136e-01 -2.37810791e-01 -5.32841682e-02 6.52552247e-02
    7.81741738e-02 -2.73130417e-01 -3.70411783e-01 -3.61012608e-01
    -1.62925839e-01 9.03744102e-02 1.40276492e-01 -2.99231172e-01
    -5.00593781e-01 -4.13190216e-01 -6.14492893e-01 1.55423343e-01
    -5.07625222e-01 6.43336177e-02 1.88072324e-01 -2.60562867e-01
    1.93381310e-01 -5.77181280e-01 2.49369860e-01 -6.83090031e-01
    1.93864644e-01 2.13746190e-01 -4.91720289e-01 -1.24269068e-01
    -2.73796856e-01 -4.86001372e-02 -1.19902432e-01 -1.34644926e-01
    -6.25799298e-02 8.63485336e-02 -2.87590384e-01 -3.79584610e-01
    2.97439098e-03 -2.15137184e-01 -2.43266821e-01 1.20202899e-02
    -4.83153462e-01 -2.44794548e-01 -7.82952905e-01 -1.54789448e-01
    1.06062353e-01 -2.84206331e-01 -1.88199282e-01 -6.56145573e-01
    -4.26752090e-01 -4.68403041e-01 -5.09949923e-01 5.72343469e-02
    -5.94089508e-01 7.98975229e-02 -5.01512647e-01 -9.81572270e-02
    -1.81084871e-01 -2.28345096e-01 -5.32351017e-01 -6.16145134e-02
    -3.69962692e-01 -3.35833043e-01 7.33113289e-02 -4.00174052e-01
    8.49431753e-02 -3.95506799e-01 2.32980669e-01 -5.86088717e-01
    -3.31930727e-01 -4.63348240e-01 -1.56356514e-01 -5.73381305e-01
    -2.54431725e-01 -2.07098484e-01 -5.95330715e-01 -1.73255771e-01
    2.72419482e-01 -2.53158331e-01 -5.21862686e-01 -9.86043215e-02
    -2.59559751e-01 -1.83635414e-01 -4.65699345e-01 -2.68913180e-01
    1.57085538e-01 -2.62269646e-01 -5.40579915e-01 1.21759534e-01
    1.91154778e-01 -1.36620462e-01 6.03104234e-02 2.07476735e-01
    -6.01409733e-01 -5.43119073e-01 4.61523533e-02 -5.53131580e-01
    -5.21452546e-01 5.12385368e-02 -3.94142032e-01 -1.23462915e-01
    -3.58098865e-01 1.97761953e-01 -2.70002484e-02 -2.82040119e-01
    -3.92946273e-01 -3.57427150e-01 8.38310122e-02 2.15436220e-02
    -3.48100662e-01 -4.08990055e-01 -4.32604730e-01 -7.87312388e-02
    3.43579590e-01 -2.89049000e-01 -2.41771370e-01 -4.00137961e-01
    -5.51089108e-01 -7.76951313e-02 1.08890533e-02 8.49022865e-02
    -6.33197188e-01 -6.58562422e-01 2.69358039e-01 -4.56539571e-01
    -3.17741334e-01 -3.81820202e-02 6.72714114e-02 -3.18832964e-01
    5.33344150e-02 9.25137997e-02 -7.51172304e-02 -2.68882573e-01
    1.97455287e-02 -2.48930007e-01 -5.31583428e-01 -6.23346269e-01
    -9.95373726e-03 -3.83925438e-03 -6.65430188e-01 -4.69035953e-01
    2.00447857e-01 -3.10015976e-01 9.93633270e-02 -2.54769355e-01
    3.99695635e-02 -5.31466246e-01 1.94326222e-01 -3.17464918e-01
    -4.94169444e-01 4.10822034e-02 -4.38244492e-01 -1.63356781e-01
    1.64284527e-01 -5.70702195e-01 -2.17101961e-01 -3.71664524e-01
    -2.50374079e-02 -5.89856088e-01 -3.98921371e-02 -3.21727395e-02
    -7.59236217e-02 -7.95263052e-02 -6.96736813e-01 -2.18781471e-01
    -3.36661339e-02 1.53073072e-01 -1.87973797e-01 -4.88101780e-01
    -4.12533283e-02 -1.29433274e-02 -4.80834246e-01 -1.07142329e-02
    1.32605493e-01 -4.73637193e-01 -4.92887139e-01 -1.95205510e-01
    -1.16841197e-02 -3.45092714e-01 1.60267234e-01 -7.97748566e-04
    -2.30636597e-01 2.21367657e-01 -5.72585940e-01 -4.71296906e-01
    -4.29860651e-01 -1.06683969e-02 2.98964977e-03 -5.02625465e-01
    1.80030465e-01 -6.26968682e-01 1.65002406e-01 -4.32137847e-02
    -1.38906240e-02 -1.66872025e-01 1.32009387e-01 -5.83530784e-01
    -5.41586757e-01 -1.08563304e-01 -3.53364348e-02 -1.11719966e-01
    -6.05298996e-01 8.71400833e-02 1.52431011e-01 -5.30955136e-01
    -1.18663669e-01 -1.10634089e-01 -4.90414947e-01 3.14098060e-01
    -5.24630785e-01 -6.33191228e-01 7.61183500e-02 6.20914698e-02
    -3.14284116e-01 1.03524268e-01 2.30175257e-01 -7.62180984e-01
    -4.65793192e-01 -1.51056409e-01 -1.82563066e-03 -1.19830728e-01
    6.38056993e-02 -4.18628156e-01 1.74319208e-01 -1.34389520e-01
    -4.27323341e-01 -5.52317619e-01 -5.72633147e-02 -5.84038794e-01
    -4.57644463e-03 1.08165085e-01 3.13227177e-02 -4.65664625e-01
    5.10020256e-02 -3.07376087e-01 -2.43103087e-01 -3.16568524e-01
    -5.11771321e-01 -3.13243508e-01 -6.39803410e-02 -7.02846289e-01
    -4.99190092e-02 -4.29655910e-02 9.21823382e-02 2.13434100e-02
    -6.45346761e-01 1.60906076e-01 -2.60819525e-01 -4.29299802e-01
    -2.61715472e-01 -3.90238464e-01 -6.28641605e-01 1.90137208e-01
    5.21155596e-02 -1.83435977e-01 1.49943233e-02 2.54826128e-01
    -6.47505105e-01 -2.82794386e-01 -5.94209492e-01 -3.59763503e-01
    -7.53790855e-01 1.48193598e-01 2.27409720e-01 -6.78215861e-01
    -8.64962339e-02 2.07181394e-01 -4.25170928e-01 -2.46902555e-01
    -1.51718587e-01 -1.25672191e-01 7.23737478e-02 -4.25726712e-01
    -2.81002373e-01 -3.17574024e-01 -5.31625986e-01 -3.31633508e-01
    -5.76604366e-01 2.57273555e-01 -2.48057663e-01 -5.24316669e-01
    7.06679821e-02 -3.35297257e-01 -3.49527121e-01 -1.88414574e-01
    1.77325547e-01 -6.91405535e-01 -4.81906891e-01 -3.66223902e-01
    -4.14686561e-01 -4.60789621e-01 3.24267805e-01 5.80572486e-02
    -4.67130542e-01 -1.82489216e-01 -1.89340591e-01 -6.74557328e-01
    -7.06886888e-01 -2.76293188e-01 -1.95314765e-01 -4.24142361e-01
    -4.66414362e-01 -2.45105326e-01 1.91625357e-02 -8.13435316e-01
    7.62996078e-02 -2.76362121e-01 -4.74704504e-02 -5.13045192e-01
    1.18112385e-01 -3.78464043e-01 -7.62271285e-02 -2.78087914e-01
    -2.28247344e-01 -6.18864298e-01 -7.03508854e-02 -2.72827327e-01
    -4.31553543e-01 9.77206230e-03 1.76010728e-02 -7.69425631e-02
    -1.20930135e-01 -7.23519802e-01 -2.22300351e-01 -3.70488107e-01
    2.62194216e-01 4.63180542e-02 -6.83221936e-01 -1.68097138e-01
    -2.16468036e-01 -2.28664845e-01 -5.01862526e-01 2.72002220e-02
    8.56971741e-02 -1.69986695e-01 -5.92811525e-01 2.18866527e-01
    -2.31384039e-02 -2.40246773e-01 1.53895199e-01 -4.38302279e-01
    -4.77595776e-01 -4.98517156e-02 -3.47940475e-01 -1.33175462e-01
    -4.44964081e-01 -7.13467479e-01 1.65331364e-03 1.94924474e-02
    -6.16134644e-01 -7.09705353e-02 1.86556935e-01 2.20115185e-01
    -5.76532006e-01 1.68236434e-01 -3.67512733e-01 -4.89368111e-01
    2.96089351e-01 -9.74076390e-02 -2.66464591e-01 1.57082617e-01
    9.87254381e-02 -1.83363914e-01 1.60431325e-01 -6.84862614e-01
    1.75230384e-01 7.67135620e-03 -2.70055294e-01 -1.54919744e-01
    -4.28780973e-01 -1.72199190e-01 -1.11430466e-01 -3.10506910e-01
    -3.70050192e-01 -6.90854430e-01 -2.48678744e-01 -6.55972898e-01
    -4.42669451e-01 -1.36513829e-01 2.11536884e-03 -1.77530169e-01
    -2.42252231e-01 7.02565908e-03 -3.31877261e-01 -7.78424978e-01
    -6.16283953e-01 2.30088174e-01 -2.78478026e-01 -4.72911745e-01
    7.60586262e-02 3.22687387e-01 -2.28755683e-01 1.64120018e-01
    -4.79880959e-01 3.42542708e-01 -6.09952807e-02 -3.51730406e-01
    -1.39117241e-02 -4.71383452e-01 1.44718289e-01 -6.08125091e-01
    5.23005128e-02 -5.35312653e-01 -4.06628639e-01 -4.65514094e-01
    -4.69907641e-01 2.99776256e-01 -6.27868950e-01 -1.35137141e-01
    -3.34434688e-01 -4.85454381e-01 1.97171152e-01 -4.89839971e-01
    -4.06267822e-01 -8.19749832e-02 -8.01461697e-01 -5.55299640e-01
    6.01232052e-02 -3.25521767e-01 8.87620449e-03 -3.24000925e-01
    -5.38665652e-01 2.24494278e-01 -7.36269891e-01 -2.14599252e-01
    -2.39968300e-02 -2.32956052e-01 -5.59455395e-01 -3.09493870e-01
    1.63323998e-01 -6.98201060e-02 -1.12632215e-01 -1.74585700e-01
    9.42806602e-02 -4.70551044e-01 1.29552722e-01 1.59107566e-01
    -6.50987208e-01 5.76670766e-02 -2.96058774e-01 -4.64373678e-01
    1.09870136e-01 -3.07531565e-01 -5.05551577e-01 -5.68238378e-01
    -6.76237702e-01 -5.96760511e-01 -2.47859150e-01 -4.34009671e-01
    -4.84564930e-01 -2.84253120e-01 -1.95368648e-01 1.20371163e-01
    -1.63421869e-01 -3.21409672e-01 2.91891873e-01 -6.51608288e-01
    -1.68692350e-01 -6.25580907e-01 -6.18550599e-01 -1.97776556e-02
    -6.82206392e-01 -6.26251996e-01 -1.05373383e-01 -7.45163560e-02
    -5.42855501e-01 1.63138390e-01 4.79698181e-02 -1.35190487e-02
    -5.20735204e-01 3.14816236e-02 -3.02361369e-01 -1.94095969e-02
    -1.88748330e-01 1.32207155e-01 -2.28838742e-01 -9.13907290e-02
    -4.49076623e-01 -3.69993806e-01 -6.44455969e-01 -5.62206805e-01
    -4.13332492e-01 1.16667926e-01 -4.81246352e-01 -2.13834584e-01
    4.58574295e-03 1.44646585e-01 -4.24370408e-01 -5.56830883e-01
    -4.63169515e-01 -1.79137081e-01 -7.10802674e-02 -3.33090961e-01
    -5.40826797e-01 -4.65376019e-01 -9.95228291e-02 -1.66645050e-02
    -1.87700987e-02 -4.59780693e-02 -4.38092649e-01 -4.02103662e-02
    -5.78208208e-01 -4.78988111e-01 -1.99682504e-01 -4.17575061e-01
    -2.59836316e-01 -1.16804838e-02 -2.15298891e-01 -5.45661449e-02
    -6.83627963e-01 -5.02366066e-01 -5.57505369e-01 -6.36654735e-01
    -4.71736670e-01 1.45464957e-01 1.31599665e-01 -4.44495738e-01
    -4.79443729e-01 -6.27129436e-01 4.69981432e-02 -1.08213365e-01
    -6.93461478e-01 1.13221228e-01 -4.78920937e-02 -5.01838923e-01
    1.06950343e-01 -4.00388837e-02 -2.36710966e-01 2.99171269e-01
    1.51043177e-01 -4.63043958e-01 2.42398381e-01 -6.74729586e-01
    2.45481491e-01 -4.61463213e-01 -4.77847695e-01 -1.98288262e-01
    -3.96074712e-01 -5.02763808e-01 2.18617916e-02 -2.93613672e-01
    -6.94895148e-01 1.53682113e-01 1.21014714e-01 -4.89451408e-01
    1.02746546e-01 -1.87753439e-02 -4.78737146e-01 -6.45032644e-01
    -4.13090259e-01 -1.02317512e-01 2.21646905e-01 4.19254899e-02
    1.98968828e-01 -5.40924668e-02 -5.50302148e-01 3.92221212e-02
    -1.59743607e-01 -4.57467496e-01 -5.23924828e-04 -2.24945605e-01
    2.73150206e-02 -1.39405012e-01 -5.86271048e-01 1.57163143e-01
    -5.37148833e-01 -2.70923913e-01 -3.81573856e-01 2.42817998e-02
    -6.46129608e-01 -3.08500469e-01 -1.80196822e-01 2.75464058e-02
    -2.59755671e-01 -5.24125636e-01 -5.69125891e-01 -1.32297218e-01
    -6.14848018e-01 -5.24781942e-02 -1.66925013e-01 1.88880801e-01
    -5.42449653e-01 -6.47419989e-01 4.58651781e-02 1.17334127e-01
    2.33593524e-01 -4.70403612e-01 -2.58363426e-01 -2.31201321e-01
    -3.93206894e-01 -1.23520195e-01 -3.53530198e-01 1.67119682e-01
    -5.35103679e-01 -4.85733986e-01 -6.14362359e-01 2.58267641e-01
    -1.06707811e-02 1.50783896e-01 -5.54318368e-01 -3.22320461e-01
    -5.86951315e-01 8.82607698e-03 -5.65683961e-01 -2.62208372e-01
    -6.44101679e-01 4.05469537e-02 -1.70529306e-01 -6.51889980e-01
    -4.81500864e-01 3.42855573e-01 -3.31566811e-01 1.04442954e-01
    -6.52590930e-01 5.25208712e-02 -3.98609430e-01 -1.18738592e-01
    -4.58009362e-01 1.23660684e-01 -3.80485058e-02 -7.23060846e-01
    9.32291746e-02 -2.62433290e-03 -4.75488245e-01 -2.39174336e-01
    -6.57474160e-01 6.00719452e-03 -7.86366463e-02 -9.84832644e-02
    -2.80763865e-01 -3.14571142e-01 -3.90818954e-01 -1.06585622e-02
    -3.54635119e-01 -2.11720079e-01 -2.50346333e-01 -8.22538137e-03
    -2.13533461e-01 8.99307132e-02 -3.04966569e-01 1.95943117e-01
    -3.43984127e-01 -6.57653093e-01 1.07810020e-01 -4.09675866e-01
    -2.59460807e-02 -1.28322601e-01 -3.50989074e-01 -4.50614810e-01
    -3.44623327e-01 -2.30090141e-01 -3.88597846e-02 -2.29108036e-01
    -1.00650311e-01 -5.33005357e-01 -2.06182599e-01 -1.25482142e-01
    -4.91808057e-02 -4.03090239e-01 1.58778906e-01 -4.95913982e-01
    3.54025066e-01 -5.34259975e-02 -5.33946872e-01 -3.17206204e-01
    2.32420206e-01 -5.61288118e-01 -1.97225034e-01 -6.01878703e-01
    -4.70941335e-01 -7.34145641e-02 -3.83844614e-01 -1.99495971e-01
    -1.12730980e-01 -5.66868305e-01 -2.30537951e-01 -6.68080568e-01
    -2.32237935e-01 -1.97088301e-01 -3.89030814e-01 -1.83023155e-01
    -6.28618479e-01 -7.70670772e-02 -6.67798817e-01 7.28908777e-02
    -3.19374979e-01 1.45862401e-01 -3.31407368e-01 -5.43106794e-01
    1.65431440e-01 -4.67153966e-01 -5.41686296e-01 -7.18474150e-01
    -2.08265245e-01 -5.31008244e-02 3.16874325e-01 -4.61179793e-01
    -3.28312337e-01 -1.63348317e-01 -3.28819513e-01 -3.30777347e-01
    1.18316352e-01 -1.09123588e-01 -4.61918563e-01 -2.39594340e-01
    -1.11191452e-01 -6.53343022e-01 2.46532083e-01 -2.07677662e-01
    2.15014994e-01 -1.17497206e-01 -5.45747161e-01 9.40117240e-02
    -2.31307536e-01 3.05904210e-01 -1.99361295e-01 -5.91224432e-02
    -7.05462694e-02 -6.07654691e-01 -2.07084179e-01 7.33758211e-02
    -6.31574273e-01 -2.65549481e-01 -3.28294158e-01 -5.49635887e-01
    -4.00564224e-01 -5.03155887e-01 -4.48161364e-02 6.24805689e-03
    -1.45717204e-01 -4.53734815e-01 -1.04418039e-01 -1.60327494e-01
    1.14367306e-01 -1.09397769e-02 -2.28946805e-02 -1.73513234e-01
    -7.34212995e-02 -1.87839329e-01 2.14253902e-01 -3.12825322e-01
    -1.67589366e-01 -1.90194249e-02 4.02718186e-02 -7.87305951e-01
    -4.23146755e-01 9.47136283e-02 -1.52462453e-01 -5.78984261e-01
    1.13489807e-01 -3.68351698e-01 -4.77993548e-01 -7.85916328e-01
    -1.93696618e-02 9.32133198e-02 -6.65923655e-01 -5.94563723e-01
    -3.11826050e-01 -4.05673921e-01 -1.82263821e-01 -3.67917418e-02
    -8.74412656e-02 2.03899622e-01 -4.04548973e-01 1.79317892e-01
    -4.42395806e-02 1.47048235e-01 -5.50428152e-01 -3.49286795e-01
    -3.49818408e-01 3.33495677e-01 -4.12996888e-01 1.94095552e-01
    -2.22025573e-01 -1.53300464e-01 1.41721368e-02 -4.08256412e-01
    -5.22849083e-01 -3.92115802e-01 7.61470795e-02 -6.15366697e-01
    2.19952404e-01 3.24420154e-01 -5.03372669e-01 -2.36395776e-01
    -1.39331400e-01 -2.98376501e-01 -2.11495847e-01 9.83142853e-03
    -8.58035684e-02 -4.93713111e-01 -5.52149892e-01 -1.03300869e-01
    -1.97657943e-02 1.44215226e-02 8.35115910e-02 -6.53848112e-01
    -4.32878941e-01 2.64582813e-01 -6.04818285e-01 1.73751891e-01
    1.58157408e-01 -3.12903583e-01 -4.09175277e-01 -4.16275918e-01
    -2.28805780e-01 -6.46979332e-01 -2.68136859e-02 3.12396228e-01
    -5.50080538e-02 -2.69305408e-01 -6.45570159e-02 -4.45961833e-01
    -2.84670085e-01 2.18214333e-01 -8.13292861e-02 -7.33970642e-01
    -1.07121468e-01 -3.56204391e-01 -1.43553793e-01 1.98632479e-02
    -6.02691054e-01 -1.82482839e-01 -2.89773613e-01 9.72189903e-02
    -5.87693334e-01 -1.96693778e-01 5.81675172e-02 -2.16398716e-01
    -3.60949934e-01 1.83010042e-01 -7.13283420e-02 1.06588006e-01
    -5.68746924e-01 -7.97023773e-02 2.51558781e-01 -4.90992844e-01
    3.45031857e-01 -3.97344351e-01 -9.10452008e-02 2.12041736e-01
    2.42231667e-01 -2.41204441e-01 -6.65956974e-01 -1.74853206e-01
    3.55493486e-01 -4.26107943e-01 -5.39202332e-01 -2.77025223e-01
    2.06296384e-01 -5.27680814e-01 7.72131085e-02 -7.39700794e-02
    -3.66859347e-01 -2.03839362e-01 -4.41576123e-01 7.43222237e-03
    8.75115395e-04 -1.83124661e-01 -7.77295828e-02 2.16683507e-01
    -1.69790506e-01 -2.73835242e-01 2.55515218e-01 -7.50793576e-01
    -3.77043962e-01 2.04170942e-01 2.51093984e-01 -6.57875180e-01
    -2.23513186e-01 -9.81397033e-02 -2.82755256e-01 -7.34857082e-01
    -1.46382987e-01 -1.42343700e-01 -1.41380429e-02 -5.33674121e-01
    1.28641367e-01 -4.63456303e-01 1.99462593e-01 -4.13507700e-01
    -2.53049135e-02 -2.40223676e-01 -2.18370974e-01 -4.84720558e-01
    1.75065696e-01 -5.89715958e-01 1.10353172e-01 3.16193461e-01
    2.83888996e-01 -2.81452000e-01 -6.50307178e-01 -3.54648948e-01
    4.41266894e-02 -7.44406521e-01 -6.24292731e-01 8.29803944e-02
    -5.77280819e-01 7.52112865e-02 2.01370120e-01 -4.87849176e-01
    -3.27148646e-01 -1.33829445e-01 1.08369350e-01 -4.33868647e-01
    -4.29336041e-01 -3.07624996e-01 -3.29613388e-01 -1.54535472e-01
    -3.74342710e-01 -5.50495982e-01 3.13794017e-01 -1.29587471e-01
    -3.28466415e-01 1.00675166e-01 3.95867229e-01 -3.90607744e-01
    -2.50039428e-01 -3.59664321e-01 -4.49064225e-01 3.31038237e-02
    1.62181318e-01 -3.54089290e-01 -1.70484722e-01 1.91891193e-01
    -3.06048036e-01 -1.66305244e-01 7.48912096e-02 2.13972330e-01
    3.47461700e-02 -1.50729001e-01 2.66077340e-01 -6.18614316e-01
    -6.62689328e-01 2.04387069e-01 1.66454315e-01 -5.22796869e-01
    1.30748034e-01 -6.33707047e-01 1.27897024e-01 -4.26528633e-01
    -2.72167921e-01 -2.60441720e-01 -5.51695228e-01 -5.49576879e-01
    -3.63840163e-01 -2.75346696e-01 8.06497335e-02 9.80812311e-03
    -6.52170658e-01 -4.87114936e-01 -6.74939275e-01 -5.14297247e-01
    1.46585107e-01 -4.74527687e-01 -8.96281004e-02 1.23965800e-01
    3.03472281e-02 -4.11916465e-01 3.79577577e-01 -1.44454718e-01
    1.13870978e-01 -5.03495634e-01 -1.34583473e-01 -7.56982207e-01
    -4.55287486e-01 -5.52157998e-01 -4.19479489e-01 -2.36058235e-02
    8.86905789e-02 -2.48802900e-01 -3.47468704e-01 -3.91887277e-01
    2.29867637e-01 -1.33218527e-01 1.40908182e-01 4.90649343e-02
    -3.03514183e-01 -6.00944281e-01 1.95900142e-01 -2.00385511e-01
    3.28983068e-02 -4.38399076e-01 -3.53710592e-01 -8.51657987e-02
    -5.28330624e-01 -2.73257554e-01 -4.23537314e-01 -5.32314777e-01
    -5.43029547e-01 1.46590471e-01 -5.02802908e-01 -5.71748614e-01
    2.57807553e-01 1.68498993e-01 -6.79897189e-01 -2.85350263e-01
    -6.66775465e-01 2.20034540e-01 1.30226195e-01 -2.23486125e-01
    -1.13230109e-01 1.77524626e-01 2.04479694e-02 -4.64705557e-01
    1.34116828e-01 3.32723260e-02 -1.51771009e-01 7.46803880e-02
    -3.19647789e-02 -7.21140862e-01 -8.33567977e-02 2.04044580e-03
    -3.84835690e-01 -3.69798809e-01 5.55867553e-02 1.14771962e-01
    -6.18660092e-01 -6.88740969e-01 -3.78039718e-01 -1.46049976e-01
    -2.01666355e-02 -5.19287348e-01 3.17695916e-01 -4.26288009e-01
    1.10045135e-01 -2.03281194e-01 -1.69438541e-01 -2.55940944e-01
    1.41935349e-01 4.70090508e-02 1.44463241e-01 -5.59165597e-01
    -1.11535966e-01 7.23397732e-02 -6.00621164e-01 -4.27268326e-01
    -2.99114525e-01 -4.65658009e-01 -4.24650699e-01 -4.30104554e-01
    2.55993664e-01 2.32841611e-01 -6.84380054e-01 -1.60906732e-01
    6.76497221e-02 1.71562493e-01 -4.37692016e-01 -2.52626240e-01
    1.43185139e-01 1.31499887e-01 -2.87604362e-01 2.35370398e-01
    -1.64991260e-01 -2.26520538e-01 2.72296667e-01 -6.56385541e-01
    -6.27352297e-01 2.91386545e-01 1.32210553e-01 -1.58437252e-01
    3.22144628e-02 -2.28872567e-01 -7.81209230e-01 -1.86521113e-01
    -1.51357710e-01 -6.69978857e-01 -6.94580317e-01 -2.40383357e-01
    -3.52857381e-01 -1.94536150e-01 -7.12519884e-02 -2.36453772e-01
    -5.23496687e-01 5.35664558e-02 -7.85012901e-01 1.41634345e-02
    2.33277559e-01 -2.36975968e-01 -2.98691154e-01 -4.36992854e-01
    -1.44465208e-01 2.09380925e-01 -7.76500106e-02 -3.68880928e-01
    8.64169002e-02 -3.92531157e-01 -3.07200849e-01 -4.72452134e-01
    -2.09858775e-01 -2.13279754e-01 -6.73859596e-01 -2.12984592e-01
    -7.12448359e-02 -2.11629242e-01 -7.51169384e-01 -2.14788973e-01
    -7.33616352e-01 -1.97822690e-01 -7.32335329e-01 5.14411330e-02
    3.33375037e-01 -5.60787678e-01 -7.20752120e-01 2.17572272e-01
    1.65333807e-01 -3.33579600e-01 -6.75457120e-02 -5.31546116e-01
    1.36982083e-01 -6.30516887e-01 1.00362837e-01 -3.55661422e-01
    2.76071429e-02 -3.48389387e-01 -7.20011711e-01 -7.94771910e-02
    -6.71687484e-01 1.51667595e-02 9.03637409e-02 -5.39404631e-01
    2.51448750e-01 -5.36975741e-01 2.47164965e-02 -4.00699854e-01
    -4.39996541e-01 -5.16988277e-01 2.61499345e-01 -4.96224880e-01
    -6.86266661e-01 -5.04764915e-02 -5.00811815e-01 5.36629558e-02
    -5.94588816e-01 -5.45575738e-01 -4.05074626e-01 1.21557057e-01
    -2.40878016e-01 7.48748779e-02 -2.90601134e-01 4.96175289e-02
    2.75424719e-02 1.10759020e-01 -7.05244184e-01 -4.17405576e-01
    1.92457795e-01 -7.09175587e-01 -4.07879233e-01 -2.28065252e-03
    -3.66190672e-01 -2.17586219e-01 -3.92248034e-02 -3.36990356e-02
    -4.47237611e-01 -3.56837869e-01 5.34591079e-02 -4.86219436e-01
    -4.17300433e-01 -3.79092127e-01 -5.97341955e-02 -2.27092832e-01
    -6.33538067e-02 5.18743396e-02 5.00653386e-02 -1.50577068e-01
    -4.42304581e-01 -4.44550544e-01 -1.57445073e-01 -2.61974186e-01
    -1.12994611e-01 1.80359781e-01 -2.02547908e-01 -5.27443469e-01
    -4.57289249e-01 -9.48636234e-02 -3.39564115e-01 2.10127592e-01
    -1.25659585e-01 -5.61425567e-01 -7.37166405e-03 -1.20184302e-01
    8.07498693e-02 -3.67947221e-02 -2.01598167e-01 -7.28540242e-01
    -1.50734603e-01 3.06069255e-02 1.38679147e-01 -4.09703732e-01
    -3.89914274e-01 3.51995230e-02 2.61440277e-01 -2.63066679e-01
    -3.49349022e-01 -5.57786226e-03 -3.72387290e-01 -1.60568833e-01
    9.90692973e-02 -4.45972085e-02 -2.38110095e-01 -1.37854040e-01
    -7.83293843e-02 -2.05999643e-01 2.49863505e-01 -6.16488814e-01
    -2.68588662e-02 -3.11092168e-01 -2.46043563e-01 2.14313090e-01
    1.50764167e-01 -6.40446782e-01 -1.43070102e-01 1.11430168e-01
    -2.40215302e-01 -1.99258924e-01 -4.00797874e-01 -3.40260714e-01
    -3.18048358e-01 -8.93156528e-02 1.85929835e-01 1.46184623e-01
    -2.33140290e-01 -3.18468213e-02 -6.90897703e-01 4.23486829e-02
    -6.37072027e-01 -3.84363681e-01 -1.65194094e-01 -3.99128854e-01
    3.98533940e-02 1.75654888e-04 -4.92607921e-01 -2.65469491e-01
    -2.97327876e-01 -1.78252876e-01 -2.97522843e-01 -1.47634268e-01
    -1.73179686e-01 -5.37833989e-01 -4.38953996e-01 -7.42558241e-02
    -8.85939598e-03 4.39069867e-02 -1.28331542e-01 -3.54595929e-01
    -8.52692127e-02 -2.95543671e-01 -1.15443051e-01 -2.18913019e-01
    -5.25166512e-01 5.88371754e-02 -5.26823878e-01 -5.87472558e-01
    -5.38650155e-02 -5.45008183e-02 -5.31828105e-01 1.14155233e-01
    -4.69119817e-01 -3.99796098e-01 -1.21773720e-01 -4.82724011e-01
    -4.24809754e-01 -5.76648116e-01 7.54149556e-02 -4.18450594e-01
    -2.50247419e-01 1.24684572e-02 1.36623979e-02 -1.77628517e-01
    -2.91163981e-01 -3.36133868e-01 -1.71550214e-01 3.09397817e-01
    1.07937157e-01 -6.08259976e-01 1.01573706e-01 1.68171883e-01
    -9.37455893e-02 2.61612236e-01 3.38960707e-01 -4.37573045e-01
    -3.55565399e-01 1.30045831e-01 -4.33657825e-01 2.54301250e-01
    -3.55127901e-01 -7.20340371e-01 2.33541369e-01 -3.24594468e-01
    -1.29908442e-01 -3.54597569e-02 -4.09102738e-01 -1.90334916e-02
    -5.29679894e-01 -1.56518281e-01 -5.26439667e-01 -3.60325426e-01
    -5.80781460e-01 -6.83717072e-01 -5.54528892e-01 -2.90912896e-01
    1.78176045e-01 -2.78131306e-01 -2.21657038e-01 -4.21078086e-01
    -2.27797210e-01 -7.08181322e-01 -6.27781987e-01 -6.77374244e-01
    -4.34852511e-01 -4.79519367e-02 -6.90946341e-01 -2.11539984e-01
    -5.00248909e-01 -1.14948392e-01 -3.59699726e-01 -4.80841488e-01
    3.44500840e-01 -5.41424096e-01 -2.15807557e-01 -4.76347923e-01
    -1.88396811e-01 -1.73594087e-01 -8.73165727e-02 -2.68777788e-01
    -2.42269695e-01 -5.92523694e-01 -2.22925186e-01 -3.36625576e-01
    3.11005116e-03 -5.15964746e-01 -2.09805369e-01 -5.12272060e-01
    -3.88392031e-01 4.27153111e-02 -2.84380913e-02 -1.47795558e-01
    -3.20424497e-01 3.93267870e-02 -4.15709019e-02 -1.14481091e-01
    -2.48887897e-01 -6.85593128e-01 -6.26616299e-01 -2.91155696e-01
    2.09860146e-01 -4.11171168e-01 -2.92056203e-02 -8.86401236e-02
    -1.67241335e-01 -7.10768580e-01 -8.29061270e-01 4.74492311e-02
    -1.55505598e-01 -1.50216818e-01 -4.79517341e-01 -2.35814095e-01
    3.78763080e-02 2.30483413e-02 -7.05952644e-02 5.32560349e-02
    -2.36009717e-01 -1.89402282e-01 -3.18971515e-01 -4.90276664e-01
    1.60163999e-01 3.31902504e-02 -5.40739775e-01 -2.65246749e-01
    4.18972969e-02 -2.02767968e-01 -3.98960829e-01 6.46456480e-02
    -7.48514593e-01 1.49081230e-01 -5.18981755e-01 2.07532585e-01
    -3.47223878e-01 -1.03807628e-01 -2.49288589e-01 -6.58467650e-01
    1.87423646e-01 2.46641815e-01 -5.46457291e-01 -1.93349421e-01
    -3.82208228e-02 1.79020941e-01 -2.72127092e-01 -3.68456364e-01
    -4.98505533e-01 -3.07439864e-01 -6.08643770e-01 -1.33938849e-01
    -1.50132060e-01 -4.64349598e-01 -4.06189024e-01 -3.75223041e-01
    -2.30302155e-01 -6.76742911e-01 -6.44301176e-02 -2.04171062e-01
    -3.32288146e-02 -5.54425955e-01 4.26483154e-02 3.39089513e-01
    2.71032453e-02 -2.82354802e-01 4.29273248e-02 -1.21880114e-01
    1.35970294e-01 -5.03129303e-01 -1.53176606e-01 -3.03564876e-01
    -5.98962963e-01 2.08554447e-01 -4.59222287e-01 -1.24364913e-01
    -1.67556614e-01 -2.36454099e-01 -2.33140469e-01 3.81189466e-01
    -5.99053442e-01 1.48387015e-01 3.22470665e-01 -6.57165647e-01
    -6.00319862e-01 -4.66663241e-01 -4.53904778e-01 -2.83700615e-01
    -2.31439590e-01 -7.76346624e-02 -1.09084308e-01 -6.46459937e-01
    -3.69161963e-02 1.56750679e-01 -6.83412910e-01 2.66517162e-01
    -2.85062045e-01 -5.21020651e-01 4.50599790e-02 -3.28851342e-02
    -5.80807686e-01 -7.14983940e-01 -9.42991972e-02 -6.72203898e-02
    -6.18397951e-01 -1.42860651e-01 -4.85714078e-01 -9.49225426e-02
    -5.73390901e-01 -5.62127829e-01 -5.77811003e-02 -1.04400635e-01
    -3.55516076e-01 -1.06888115e-01 -5.25983095e-01 -2.84781337e-01
    -2.98064053e-01 -1.39860511e-02 -7.44681954e-02 -6.93668842e-01
    6.11077547e-02 1.73390031e-01 -4.99649137e-01 -1.96986496e-01
    -4.19567585e-01 -7.48343289e-01 -2.28309035e-01 -2.77238190e-01
    3.09310555e-02 -2.79327631e-02 -3.93247634e-01 -5.75642467e-01
    -5.21774650e-01 -1.52965218e-01 -3.16233039e-01 -6.64685965e-02
    -1.47960424e-01 2.54068911e-01 -1.21989071e-01 4.96839285e-02
    -1.25576377e-01 -3.81298333e-01 -5.16552806e-01 -3.18408072e-01
    -7.84230828e-02 -5.13686717e-01 -3.94564331e-01 8.45668912e-02
    -4.55219746e-02 -8.52080286e-01 -1.27233207e-01 -1.44894302e-01
    -3.45739037e-01 -5.34084082e-01 -6.32321596e-01 2.67276406e-01
    -1.86634004e-01 -4.09123898e-02 3.61860096e-01 -6.58478737e-02
    -3.22375417e-01 -2.20745474e-01 -5.14599800e-01 -6.39101744e-01
    1.42667055e-01 -1.23511851e-01 -1.43629253e-01 -6.90178037e-01
    -3.85023355e-02 -5.08617878e-01 -5.20998716e-01 -3.89780521e-01
    -4.59563732e-02 -1.79087162e-01 -1.74166501e-01 -8.93104076e-03
    -4.36422229e-01 -1.79907501e-01 4.12583351e-04 -2.10809648e-01
    -2.51430094e-01 -6.15653515e-01 -1.82417691e-01 -5.45801282e-01
    -6.22203350e-02 -3.79958153e-02 -8.98208022e-02 -4.16060686e-02
    -5.47526181e-01 -2.49020517e-01 -3.24732363e-01 -3.48640174e-01
    -3.35074484e-01 -2.84360796e-01 -3.64666462e-01 -3.83319914e-01
    -3.17265332e-01 -3.63084704e-01 -5.48425317e-01 -3.09985101e-01
    -5.58601022e-01 -4.90026087e-01 -2.64035255e-01 -1.97309077e-01
    -2.59356856e-01 -2.19434321e-01 -3.91147852e-01 1.79085016e-01
    -2.50037909e-02 1.53647780e-01 -2.91407287e-01 2.53931880e-01
    -1.44879162e-01 5.06460667e-03 -5.36019027e-01 -1.19534731e-02
    -1.04859948e-01 1.00247383e-01 -1.27644837e-01 -5.32274842e-02
    -1.41454041e-01 8.95079374e-02 -6.37173891e-01 -1.12026095e-01
    1.42471552e-01 -9.76177454e-02 -5.07281005e-01 -5.54595351e-01
    -1.81943804e-01 -3.11481714e-01 -5.92746019e-01 2.75618970e-01
    3.25562119e-01 9.66560841e-02 1.28169656e-01 -4.39553320e-01
    3.75651717e-01 -5.47399998e-01 1.69648647e-01 -5.47681630e-01
    2.20746219e-01 1.15266085e-01 -4.37555283e-01 -3.63672972e-02
    1.35461271e-01 -1.60682321e-01 -3.49811077e-01 2.64126062e-03
    9.56623554e-02 -6.65874004e-01 -6.96455419e-01 -1.27689064e-01
    -2.79698282e-01 -6.75999582e-01 -5.53822815e-01 -1.32392406e-01
    -1.22740269e-02 6.25718832e-02 1.89962149e-01 -4.80985820e-01
    2.37377167e-01 -5.78223467e-01 1.87891066e-01 -5.29400349e-01
    -5.97404838e-02 1.57391727e-01 -3.00275862e-01 2.28423417e-01
    1.73828363e-01 -7.43212104e-01 8.11653137e-02 -3.56393069e-01
    -6.33978128e-01 -2.35236049e-01 -6.06769860e-01 5.30193448e-02
    -3.37462246e-01 -3.01579565e-01 -4.80370343e-01 2.37609506e-01
    -3.70481133e-01 -3.07575822e-01 -5.21724820e-02 4.23188210e-02
    -1.82809412e-01 -3.53137732e-01 5.37364483e-02 6.33894205e-02
    6.98127151e-02 -3.17072779e-01 -5.60011923e-01 -4.27302837e-01
    -1.90549731e-01 -5.97189665e-01 2.31538534e-01 -5.47349393e-01
    -4.01047826e-01 -1.49114192e-01 -2.65733778e-01 3.03273201e-02
    -5.20517945e-01 -5.60861409e-01 2.90183663e-01 -1.95839256e-01
    -2.97520936e-01 1.64461434e-01 5.56069613e-03 3.71710062e-02
    8.59069824e-03 -8.06116462e-02 -5.69509149e-01 -2.01553464e-01
    7.24231005e-02 -6.97959185e-01 -1.96313858e-03 4.36526537e-02
    -3.39589328e-01 1.05788589e-01 -6.04599714e-03 -4.20491338e-01
    -3.32957089e-01 -6.33417130e-01 -5.23273587e-01 2.62895107e-01
    -4.07817066e-01 2.77727962e-01 -2.76036412e-01 -1.40813887e-01
    3.32154155e-01 -1.91991806e-01 -4.09490705e-01 2.30124414e-01
    -5.23354650e-01 -9.05475616e-02 -3.82431060e-01 1.17056191e-01
    -4.14018720e-01 -9.71671343e-02 -5.71243167e-02 1.95740998e-01
    -6.08444214e-03 -4.05622721e-01 -2.79199779e-01 2.70697892e-01
    2.03672349e-01 -2.96918869e-01 -2.95565724e-02 5.06801009e-02
    2.86199450e-02 -5.09227157e-01 -3.35130632e-01 1.48022830e-01
    -6.77618086e-01 -4.93810833e-01 -5.47112763e-01 2.18857288e-01
    6.18468523e-02 -6.20924234e-01 -2.29873836e-01 1.00926101e-01
    -3.34878445e-01 -2.80903667e-01 -1.26037776e-01 -2.78567135e-01
    1.11811757e-02 2.64373422e-02 -2.67040074e-01 1.44325614e-01
    -4.09495473e-01 1.28382325e-01 -1.93593264e-01 -3.99110615e-01
    -5.77969551e-02 -5.92827320e-01 3.14897001e-01 1.20761931e-01
    -2.99523532e-01 1.24305129e-01 -4.49855983e-01 7.96575546e-02
    -5.31162620e-02 -8.04750323e-02 -6.47715092e-01 1.95252359e-01
    1.85426474e-02 1.42345071e-01 -5.63730001e-01 -2.87654877e-01
    -9.36032832e-02 -2.39762872e-01 -2.68352181e-01 -2.61852384e-01
    -6.64022923e-01 1.47221386e-01 -9.31210518e-02 -3.30909848e-01
    -2.01124758e-01 1.17097795e-01 3.07955921e-01 -4.25689548e-01
    -2.92298794e-02 -2.85635293e-01 1.27138555e-01 -3.29404503e-01
    2.85573602e-02 -1.45520747e-01 -8.34699869e-02 1.57541692e-01
    2.73041248e-01 -3.73929590e-01 -5.23015261e-01 2.63290405e-01
    -5.85251212e-01 -5.63853562e-01 -1.13668412e-01 -3.44469756e-01
    -3.77079725e-01 -8.15560222e-02 -5.08043766e-01 1.51765943e-01
    -6.65368438e-01 -5.00050306e-01 1.15703821e-01 -1.02320194e-01
    1.78139687e-01 1.81117177e-01 -5.54377317e-01 -5.67662239e-01
    -3.72537076e-01 1.05365634e-01 -2.59972334e-01 -6.18767560e-01
    -2.76250720e-01 -1.16613507e-02 -4.13991332e-01 -1.56025410e-01
    -4.49170202e-01 -4.88610268e-02 -4.76311505e-01 -3.32592487e-01
    -1.11141205e-01 -2.71530896e-01 -7.47357011e-02 -5.21414697e-01
    -6.66501701e-01 -4.82717514e-01 2.49406099e-01 -4.91198719e-01
    -6.02648199e-01 -4.34184790e-01 -2.41054535e-01 -1.77380860e-01
    -5.75303793e-01 -5.35318851e-02 2.39770889e-01 -2.73705333e-01
    -3.43754202e-01 3.93824995e-01 -2.20279932e-01 1.67938054e-01
    -1.04487121e-01 -3.63171399e-01 -2.25478888e-01 -2.13347077e-01
    2.27350414e-01 2.00790286e-01 -2.54020452e-01 -1.09753251e-01
    -6.22842550e-01 2.52300799e-01 1.42914593e-01 -3.46902430e-01
    -3.27660412e-01 -6.73990607e-01 -2.88991839e-01 2.27215886e-02
    -3.72159541e-01 -1.42547607e-01 -5.89503646e-02 6.98181987e-02
    2.93946266e-01 -6.81504190e-01 -4.30790603e-01 1.25617921e-01
    2.50882626e-01 -1.37259960e-02 -6.27351522e-01 -6.03680193e-01
    -3.43430698e-01 1.21319294e-01 -5.82647264e-01 -6.30255222e-01
    1.09206736e-01 -4.46915627e-03 -4.16994691e-02 -4.37537789e-01
    1.60802841e-01 -1.95016801e-01 -2.29776382e-01 -1.82049751e-01
    -2.22619474e-01 -3.10366929e-01 -7.68325269e-01 2.67819166e-02
    -1.94597304e-01 -1.22758687e-01 -7.19633460e-01 -3.08760107e-01
    -1.93116426e-01 1.15814388e-01 -5.79330206e-01 9.86382961e-02
    -7.03473687e-02 -3.42030466e-01 -5.11328340e-01 -5.49146891e-01
    -6.33562803e-02 -4.24837500e-01 -5.22229314e-01 -5.09630919e-01
    -4.83509302e-02 -2.69732386e-01 3.44009399e-02 5.94516397e-02
    -2.04065979e-01 -7.04883933e-02 -2.26715803e-02 3.10232639e-02
    -2.54978955e-01 -4.79306519e-01 8.75152349e-02 -9.86773372e-02
    -5.43854654e-01 1.74974263e-01 -4.44047332e-01 -1.63362026e-02
    -5.20871580e-01 -5.54526091e-01 2.82427132e-01 -4.99645323e-01
    1.82217956e-02 -2.94602156e-01 1.69131756e-02 -5.02457321e-01
    -5.98414421e-01 1.27786756e-01 -2.06642240e-01 -2.86447883e-01
    -3.28659564e-01 1.59196794e-01 -1.76880538e-01 1.97438657e-01
    -6.04967833e-01 -3.44874769e-01 -3.21280777e-01 1.02584481e-01
    -1.28831923e-01 -1.90854847e-01 -3.30189764e-01 -2.61390090e-01
    -1.12223029e-01 1.94973707e-01 -2.67819583e-01 -3.88754338e-01
    -2.44009376e-01 -8.96861553e-02 -3.65308404e-01 2.05588758e-01
    -5.62070727e-01 3.08993995e-01 -4.23649073e-01 3.50946009e-01
    -5.94928026e-01 -1.79214776e-01 -1.28471315e-01 -5.36552548e-01
    -5.81580043e-01 1.29646480e-01 2.16701567e-01 -4.84715700e-01
    -6.84933662e-01 -6.23439968e-01 -5.30206800e-01 -1.17155433e-01
    1.80053711e-03 9.37952995e-02 -2.24395126e-01 -4.59533870e-01
    -3.73071164e-01 -4.96301770e-01 1.91955924e-01 2.74927437e-01
    -4.98817503e-01 -5.62199831e-01 -2.03056961e-01 -5.93350530e-01
    5.72888851e-02 -1.48004889e-01 -3.86493325e-01 -3.19203407e-01
    -1.06209129e-01 -5.07211447e-01 -1.28645509e-01 -3.50644648e-01
    -3.90252560e-01 -2.55428612e-01 -5.54260015e-01 -2.46769339e-01
    -5.46768308e-01 -3.14969242e-01 -3.87395889e-01 -3.12743783e-02
    -5.69890618e-01 -2.53960967e-01 5.48908710e-02 -1.36182845e-01
    -3.28774095e-01 1.28939152e-02 2.41125405e-01 -6.43830061e-01
    -9.68104601e-03 -3.60513926e-01 2.69782066e-01 -3.11834544e-01
    -5.68607569e-01 -3.02220285e-01 1.51411653e-01 -3.20375323e-01
    7.66839385e-02 2.86532640e-02 -4.72164780e-01 -3.90636772e-01
    -5.27459145e-01 -7.88650274e-01 3.81930470e-02 -2.38745213e-02
    1.04750276e-01 -5.46262741e-01 2.41503716e-01 -2.22219110e-01
    -6.06041670e-01 -1.41422749e-01 -2.20001936e-02 6.16399646e-02
    4.31988835e-02 -3.14938217e-01 -5.22391260e-01 -6.43338323e-01
    1.95461810e-01 -3.01127672e-01 -5.13326645e-01 -4.00480092e-01
    -8.51861835e-02 -5.62907100e-01 -1.06519461e-01 -4.10340786e-01
    1.10939145e-02 -4.23105717e-01 -4.51835841e-01 -2.60962069e-01
    -4.73307908e-01 -2.76133418e-02 -1.12103462e-01 -4.70641911e-01
    -1.16097689e-01 7.61200190e-02 4.93697524e-02 -3.30796510e-01
    -2.38388807e-01 -3.30199480e-01 -4.21964437e-01 -5.41285872e-02
    4.86594439e-02 -4.62083071e-01 1.52086377e-01 2.56651819e-01
    2.09695280e-01 -3.45599622e-01 6.90617561e-02 -2.72097826e-01
    -3.36756915e-01 3.37137580e-02 -5.02668560e-01 -2.30306208e-01
    1.15173101e-01 3.05061698e-01 -1.70180738e-01 1.57077551e-01
    -4.76282001e-01 -3.42999429e-01 -2.86033928e-01 -9.12470818e-02
    1.08206272e-02 -6.97391450e-01 -1.23403966e-01 -4.19108868e-02
    8.70046020e-02 2.90862858e-01 -2.57584214e-01 -2.84892917e-02
    3.32414508e-01 -4.43715483e-01 1.26937926e-01 2.64816284e-02
    -7.56081343e-02 -1.87489390e-02 -1.97835714e-01 1.89566612e-01
    -1.19553655e-01 -2.24024713e-01 4.85029817e-02 -3.58667254e-01
    -2.40629613e-01 -2.14022517e-01 -2.57396340e-01 -6.53919816e-01
    -2.33453453e-01 5.17022014e-02 -7.45585561e-02 -6.25971079e-01
    7.01248646e-04 -4.58638489e-01 -2.99515337e-01 -1.28044903e-01
    -4.44744974e-01 -6.17577672e-01 2.45962858e-01 -5.45210898e-01
    -3.86690259e-01 -4.02344167e-01 9.08659101e-02 -5.76368392e-01
    -2.85484999e-01 -2.61325240e-01 -6.66442156e-01 5.62546253e-02
    -1.70870125e-01 -4.87874329e-01 -1.32169843e-01 -1.59925222e-01
    -2.34753489e-02 -1.83507979e-01 -6.52324140e-01 -3.81320566e-01
    -5.46030521e-01 -4.83233333e-02 -4.90719646e-01 -5.71376324e-01
    -4.39340711e-01 -1.84990346e-01 -7.67593145e-01 -3.32562268e-01
    -1.36597931e-01 -5.61627865e-01 -4.42501605e-01 -6.13483429e-01
    -1.56960368e-01 -2.31368482e-01 1.94951296e-02 -1.45192325e-01
    9.73427892e-02 -3.06330442e-01 1.50942862e-01 -2.59804815e-01
    -4.90870625e-01 -3.03292632e-01 2.79418051e-01 -5.86161494e-01
    -1.07406020e-01 -2.37176657e-01 -7.79267550e-02 9.10010338e-02
    6.93323612e-02 2.14946091e-01 2.28921175e-01 2.87657917e-01
    -6.72725677e-01 -7.40526259e-01 -6.82585478e-01 -1.45585179e-01
    -4.73275781e-02 -4.82326388e-01 -2.90551782e-01 2.96282768e-01
    -6.53699875e-01 1.87300444e-01 3.63701582e-03 -6.01587296e-01
    1.69766068e-01 -1.21906906e-01 -4.71013486e-01 -4.38922882e-01
    -5.33780336e-01 -6.47817135e-01 -1.81879252e-01 -4.23667699e-01
    -7.04776764e-01 -8.54720473e-02 -3.79460722e-01 -1.76019907e-01
    -3.13740969e-03 -4.44434106e-01 -4.85380441e-01 1.86990261e-01
    -5.01866877e-01 4.06089425e-02 1.08423948e-01 -1.24820828e-01
    -4.86976922e-01 -3.78124833e-01 -3.24225277e-01 5.02079129e-02
    9.56562757e-02 -4.71275508e-01 -2.01308966e-01 -4.07067060e-01
    -7.23616600e-01 -3.81047189e-01 -4.89320457e-01 -1.92054749e-01
    -1.25525057e-01 -3.92080277e-01 -1.92090690e-01 -2.96428263e-01
    1.44817889e-01 -5.78747869e-01 6.54034615e-02 -3.22926611e-01
    -5.67467928e-01 -3.87398005e-01 2.39191830e-01 -3.31949592e-02
    -1.73377246e-01 -2.75652230e-01 -4.52592462e-01 -8.69655013e-02
    2.29794562e-01 7.76231289e-03 -1.47922516e-01 -6.77399397e-01
    -3.66247058e-01 2.33518898e-01 -5.84325254e-01 2.27351904e-01
    8.40957761e-02 -4.77848381e-01 -3.18254232e-01 -1.38149142e-01
    -3.43579084e-01 -7.03137875e-01 -3.47908020e-01 1.72059000e-01
    -1.28093004e-01 -3.07489634e-01 5.12498021e-02 -1.64325714e-01
    -5.44924259e-01 -3.89395982e-01 1.18939340e-01 -3.16380739e-01
    -3.08621228e-01 1.30795836e-01 2.03349054e-01 1.66410327e-01
    -1.49762034e-02 -1.31378174e-01 -4.10562754e-03 -5.42350292e-01
    2.43271530e-01 -4.79204804e-01 -8.57247114e-02 -2.83416092e-01
    -2.83105075e-01 -2.41239011e-01 -7.51242876e-01 -6.05341792e-01
    4.54512239e-02 1.96563482e-01 -5.46222806e-01 -5.84482551e-01
    -2.44135141e-01 -3.38127524e-01 -8.51672888e-02 -9.19551849e-02
    -3.71744931e-01 -4.18420315e-01 -5.36965728e-01 1.19215965e-01
    -7.05593109e-01 4.63503003e-02 4.17554379e-03 7.54135251e-02
    4.29480672e-02 -6.08938575e-01 -3.38944435e-01 -2.87425876e-01
    -3.98860574e-01 -5.64321935e-01 -5.49107254e-01 -3.39672118e-01
    3.57266665e-02 3.07846665e-02 -4.52920794e-01 1.77587926e-01
    -4.89762604e-01 -3.75720263e-01 -4.96224970e-01 2.10810661e-01
    -2.77961224e-01 -3.92512441e-01 -4.85673428e-01 -5.03438711e-03
    -5.72324872e-01 -1.22425139e-01 -4.00878072e-01 9.36966538e-02
    -2.74866343e-01 -4.72010374e-02 -6.90052748e-01 -5.86665869e-01
    -4.27216291e-02 -1.10248148e-01 -6.13689780e-01 2.28767335e-01
    -2.29080677e-01 -4.27294791e-01 -4.09746408e-01 -3.57447624e-01
    2.88554907e-01 -2.39888906e-01 -3.46411198e-01 -8.55070949e-02
    -2.41297722e-01 -7.68019438e-01 -5.16750991e-01 -2.83830971e-01
    -7.06923008e-03 -5.56707382e-05 -5.14734864e-01 -1.84899777e-01
    2.29417980e-01 -5.66697299e-01 -6.70688391e-01 -5.22140861e-01
    1.76601708e-01 -4.60628211e-01 -2.25342810e-01 -1.54960752e-02
    -2.47799635e-01 -1.05261326e-01 -2.33794630e-01 -2.97186553e-01
    -4.10183042e-01 -5.84876537e-03 1.20583236e-01 -3.92405450e-01
    -4.21622485e-01 -5.96269667e-02 -1.40098870e-01 7.82989264e-02
    9.34749842e-03 -4.69049066e-01 -3.55452925e-01 2.03058183e-01
    -4.99784410e-01 -1.45687163e-01 2.40383208e-01 -6.29240990e-01
    1.30617619e-02 -6.72364950e-01 -7.30993271e-01 -2.81565756e-01
    1.07627034e-01 -1.26217723e-01 -3.69012177e-01 -7.31431961e-01
    -6.07252955e-01 -8.22853446e-02 -2.42368281e-01 -4.18716341e-01
    -1.99625671e-01 2.02883244e-01 -9.42181945e-02 8.04142952e-02
    -6.76292062e-01 -7.09742725e-01 1.69298351e-01 -6.96127415e-02
    -5.65760612e-01 -1.74309611e-01 -6.55748844e-02 -5.70206702e-01
    -4.41644281e-01 -4.49644923e-02 -1.23748779e-02 -1.36138201e-02
    -1.55557394e-01 4.08882499e-02 -5.82394183e-01 -9.73141789e-02
    -3.22745562e-01 1.26869738e-01 -3.39593053e-01 -1.62536502e-02
    -3.85139585e-02 -1.23313844e-01 3.68663669e-02 -7.28983462e-01
    2.36759245e-01 1.64715052e-01 -3.37556124e-01 -5.04135609e-01
    1.39504075e-02 -6.54299736e-01 -8.92877579e-05 3.76710892e-02
    -2.90885031e-01 -2.21230865e-01 1.27543986e-01 -2.60396957e-01
    -2.88705230e-01 -5.89089274e-01 -3.93702269e-01 -6.47461712e-01
    -6.44713879e-01 -1.07547641e-01 -1.01882219e-01 -5.53899169e-01
    -1.19922042e-01 -7.44866729e-01 -9.18056369e-02 -4.62655544e-01
    -5.68145096e-01 -3.45986515e-01 -3.64604592e-02 -9.04322863e-02
    -1.02864742e-01 -8.84568393e-01 -2.63897777e-01 -5.25925934e-01
    -5.45351028e-01 -5.00609279e-02 -4.66164619e-01 -4.53726441e-01
    1.47264779e-01 -3.70347351e-01 -8.68778825e-02 1.68721080e-01
    8.25338364e-02 2.53520727e-01 3.45933437e-03 -3.00611854e-01
    -6.89361453e-01 1.29317999e-01 -4.74200487e-01 -3.48849297e-02
    -4.61153567e-01 -8.12614560e-02 -1.34247363e-01 -8.32585692e-02
    1.88354671e-01 -7.73811162e-01 -3.59715819e-02 2.85370290e-01
    -6.62625313e-01 -3.34187746e-02 2.18486190e-02 -1.37439013e-01
    -2.39697456e-01 -5.12960136e-01 -8.84545445e-02 -1.68154657e-01
    2.87047029e-02 -4.17799175e-01 -4.81535375e-01 6.00573421e-02
    -9.23192501e-03 -6.51588261e-01 2.02456176e-01 -5.48056364e-01
    -4.29151684e-01 -3.08565080e-01 -5.05939603e-01 -2.78662741e-01
    -3.89593244e-02 -5.24540305e-01 2.25527346e-01 -6.00520432e-01
    -4.18124318e-01 3.43806863e-01 -3.45476806e-01 7.88217783e-03
    -1.69583380e-01 1.92297220e-01 -4.24985945e-01 -2.60136425e-01
    -5.82832098e-03 -2.96288878e-01 -3.33886266e-01 9.75796580e-02
    -5.02822757e-01 -2.07540452e-01 -2.65159905e-01 2.40214765e-01
    -6.70595527e-01 -3.68581712e-01 -1.65232539e-01 1.16775334e-01
    2.37537622e-02 -1.24666631e-01 -6.68831885e-01 -2.95996368e-01
    3.59794319e-01 -2.76916116e-01 -3.10502440e-01 -3.32529962e-01
    -1.73184335e-01 6.14760518e-02 2.60675430e-01 -4.09624904e-01
    -1.33063734e-01 -2.71600127e-01 5.98995686e-02 1.23261809e-02
    -6.35175705e-02 -7.88722634e-02 -6.16831064e-01 -2.53369868e-01
    -5.63153565e-01 1.83466911e-01 -5.58157444e-01 -6.30580187e-02
    -3.37607026e-01 -5.12547612e-01 -4.39714760e-01 1.74990594e-01
    -2.78754056e-01 -3.11346352e-01 -5.82039595e-01 2.21998632e-01
    6.17778897e-02 -5.25200367e-01 -5.15854359e-01 3.37136328e-01
    9.73618627e-02 -7.06112385e-01 -1.30858421e-02 -4.06719506e-01
    -2.52672851e-01 -3.81458223e-01 -3.18321139e-01 2.69027352e-02
    -4.15990412e-01 1.68298483e-01 4.43869829e-02 1.61588073e-01
    -1.15448236e-02 1.15430236e-01 1.40449941e-01 -7.81711936e-02
    5.33788800e-02 1.29236460e-01 -2.97428906e-01 -5.68619549e-01
    -5.14175892e-02 -7.17901587e-02 5.41372299e-02 -2.26615727e-01
    -8.11696053e-02 -4.71917957e-01 -1.86904192e-01 8.58821869e-02
    -6.38003469e-01 -3.04108083e-01 -4.22467768e-01 8.31289291e-02
    -6.21688366e-02 -6.32528424e-01 -6.98411107e-01 1.13962352e-01
    -1.88401163e-01 -2.69861698e-01 -2.35063285e-01 1.25858605e-01
    -4.48479563e-01 -5.24529219e-01 -2.94425189e-01 -1.76818669e-01
    4.38078642e-02 -6.54924870e-01 3.02141309e-02 -1.94716692e-01
    -4.15490806e-01 -2.46539176e-01 -3.31400782e-01 -6.57316089e-01
    -2.65895128e-02 4.91918325e-02 -6.13292813e-01 1.03907228e-01
    -1.04115009e-02 -2.96454906e-01 7.23284483e-02 -1.88195229e-01
    1.08319104e-01 7.59231448e-02 -4.05428052e-01 -2.91778386e-01
    -3.14795077e-01 -3.48739743e-01 -2.66243458e-01 -3.64282250e-01
    -2.91555822e-01 -4.00140464e-01 -7.76831508e-02 -5.15798271e-01
    -2.27634907e-02 -5.99076867e-01 1.17178559e-01 -2.23326087e-01
    -4.76273447e-01 -4.01794612e-01 -4.29151654e-02 -3.81616533e-01
    -2.57718801e-01 2.11696327e-01 -1.51559651e-01 -1.19740367e-01
    1.53567672e-01 -2.21154302e-01 -5.11443913e-01 -4.56519872e-01
    -2.59389937e-01 2.70428061e-01 -5.54747045e-01 -5.00147343e-01
    -6.27975225e-01 -7.01239347e-01 -1.96315587e-01 -3.25177997e-01
    -2.51155138e-01 1.79256856e-01 -1.56844258e-02 -3.35382611e-01
    -5.06556392e-01 1.22010589e-01 -3.13973337e-01 2.30315804e-01
    -2.76382953e-01 -2.90997267e-01 2.16124654e-02 -6.36589527e-02
    -1.99176252e-01 2.02893794e-01 1.02041245e-01 6.12163544e-03
    1.36590958e-01 -6.01680279e-01 8.40623379e-02 2.30376840e-01
    -7.47369468e-01 -2.39876509e-02 2.26685166e-01 6.88033104e-02
    -4.25243735e-01 -9.47756171e-02 -5.19048810e-01 3.05780411e-01
    -3.68915737e-01 -3.90664816e-01 -2.88947463e-01 -1.91663265e-01
    -7.28244424e-01 -8.66418719e-01 -4.91122127e-01 4.23191786e-02
    3.01183462e-02 1.95706367e-01 -1.63465023e-01 8.81718993e-02
    -1.58063114e-01 1.54324532e-01 1.28346741e-01 -5.37697613e-01
    -6.27484143e-01 -1.40551746e-01 -1.90007985e-01 1.90456510e-02
    -7.43284225e-02 -9.52382684e-02 2.18381882e-02 -2.30903804e-01
    -3.73210907e-02 -5.59360981e-01 -4.02193367e-01 1.35228515e-01
    -5.68398893e-01 -7.14840293e-02 -3.27009261e-01 1.63469076e-01
    -6.04296207e-01 -1.45211965e-01 -4.20993626e-01 -7.05660582e-02
    -5.15201092e-02 -4.36322570e-01 1.52742386e-01 -5.34098506e-01
    -6.80620670e-01 1.43219531e-01 -3.29203725e-01 -2.24240720e-01
    2.61716306e-01 -6.66226506e-01 -5.19743323e-01 2.23814845e-01
    -3.13181043e-01 -6.14763498e-01 -3.46095800e-01 -2.75563538e-01
    -2.12619632e-01 -5.17814159e-01 1.50815845e-01 -4.76690173e-01
    -1.62461698e-01 -6.28254056e-01 8.43304992e-02 1.84421659e-01
    -7.70775676e-02 1.05903089e-01 1.65723562e-02 -1.36379242e-01
    1.46046996e-01 -3.56050193e-01 -1.77991390e-03 8.05516243e-02
    -3.58293355e-01 1.56845808e-01 5.82689047e-02 -5.43136060e-01
    7.01192617e-02 -4.72807884e-02 -6.24939203e-02 -4.84787613e-01
    1.70775831e-01 -4.14939493e-01 -5.12123227e-01 1.03090763e-01
    -6.47068858e-01 1.59567595e-03 -7.19861984e-01 -5.87448597e-01
    1.35661304e-01 -3.12912881e-01 -6.91614091e-01 -4.39346611e-01
    1.95062995e-01 1.01071000e-02 -4.37686652e-01 -5.02180934e-01
    2.59871423e-01 3.79369259e-02 -2.83697069e-01 -1.55188799e-01
    -8.06127191e-02 5.97023964e-02 -2.28731811e-01 -3.40007305e-01
    -2.59370804e-01 -2.02174962e-01 -8.11662674e-02 -7.23416805e-01
    -3.15681785e-01 -2.61119276e-01 -5.40386081e-01 -5.26782155e-01
    -2.64698833e-01 -2.60566741e-01 -6.60616577e-01 1.51567221e-01
    -4.02481854e-01 1.11232340e-01 -6.69786572e-01 5.25928736e-02
    2.47822940e-01 1.76711798e-01 5.00853658e-02 -2.16392696e-01
    -1.58145428e-02 -2.42002368e-01 -1.51173919e-01 -6.93006516e-02
    -4.72381294e-01 -1.24752045e-01 -1.37153506e-01 1.65073752e-01
    -4.76297319e-01 -5.36250710e-01 1.83021009e-01 -5.35797715e-01
    -2.97202587e-01 -3.31501752e-01 1.23384118e-01 -3.01038623e-02
    -6.99403942e-01 2.28382885e-01 -2.10757762e-01 -3.01632375e-01
    -1.46958768e-01 -3.23755622e-01 -2.83117563e-01 1.65249527e-01
    -6.96135759e-01 -5.55307150e-01 -3.28504980e-01 -4.77216363e-01
    -4.07130718e-01 -2.72544801e-01 -5.86496294e-01 3.71640623e-01
    1.88656092e-01 -4.19450045e-01 1.64872885e-01 -1.27251863e-01
    7.08749294e-02 -1.33136868e-01 2.08956599e-02 -4.37246442e-01
    -4.82086152e-01 -1.54895902e-01 -5.77407479e-02 -2.05406249e-01
    -4.14442480e-01 -4.75457698e-01 1.23466909e-01 -4.94430840e-01
    -7.41732776e-01 7.29914308e-02 -1.07280552e-01 -3.98638189e-01
    -3.92237663e-01 -2.34327495e-01 -6.37654185e-01 2.82305002e-01
    2.12741256e-01 -5.54281712e-01 -3.92047614e-01 7.35960007e-02
    -1.57857299e-01 -3.90246600e-01 1.40849352e-02 -3.28611523e-01
    -4.43700194e-01 -1.14230514e-02 -5.48777819e-01 5.70718050e-02
    -8.18784237e-02 -5.03515124e-01 -2.74283171e-01 -2.82181621e-01
    -1.83009505e-01 -4.44702864e-01 -5.70963025e-02 -2.83071339e-01
    -3.04059118e-01 -7.50780106e-03 -3.92350644e-01 -4.71668839e-01
    -4.42880869e-01 2.70273209e-01 -4.48230565e-01 -6.72158599e-01
    -1.79635108e-01 -1.29001200e-01 -4.07203078e-01 2.28799164e-01
    -1.36765242e-01 -2.23307669e-01 -5.67915440e-02 -3.13552201e-01
    3.39481831e-02 1.65957689e-01 -3.64013940e-01 -3.21076930e-01
    -2.54879147e-01 -7.74387717e-02 -4.42482561e-01 -1.02380097e-01
    3.81510913e-01 2.43805587e-01 -3.44864875e-01 2.01916814e-01
    2.59305477e-01 -7.32870698e-02 -1.71121180e-01 7.73318410e-02
    -4.06772822e-01 3.30261588e-02 3.76713872e-02 -6.57416582e-01
    -2.32288539e-01 1.07681453e-01 -3.07950586e-01 -7.49355674e-01
    -1.87687635e-01 -8.61496925e-02 -4.67025459e-01 -5.39230645e-01
    -4.10151303e-01 5.93388677e-02 -4.14495349e-01 -4.74936396e-01
    -3.44403148e-01 -4.28542703e-01 9.32761431e-02 1.20178163e-01
    -1.63154721e-01 -9.12982821e-02 -7.31643915e-01 -3.80307436e-02
    -1.88048124e-01 -5.12655258e-01 -5.85579395e-01 -3.11672926e-01
    -2.72524357e-02 -5.08802056e-01 6.83440566e-02 -2.66088605e-01
    -3.57540369e-01 -4.06640530e-01 -7.82264471e-02 -1.76459670e-01
    -4.18219537e-01 -6.07900262e-01 2.62241006e-01 -6.13606572e-01
    -4.64536548e-02 -4.46510583e-01 -5.39086699e-01 -1.35349512e-01
    1.02034390e-01 -1.96713924e-01 -4.46865678e-01 3.70450795e-01
    -2.50119090e-01 -5.63258111e-01 -2.52078772e-02 -5.29961288e-01
    -4.05561924e-01 3.78692150e-02 2.14351952e-01 5.07352352e-02
    -4.77779537e-01 4.18940187e-02 -3.87700528e-01 -6.78387880e-01
    -3.16854954e-01 -7.35545278e-01 1.90784752e-01 -4.32450920e-01
    -1.22086704e-01 1.14776969e-01 -7.52495646e-01 9.62701440e-02
    -9.61782336e-02 -3.34187597e-01 -1.73853815e-01 -2.77040303e-01
    -5.23695350e-02 -4.95462626e-01 -1.79474115e-01 1.39043808e-01
    -3.45349789e-01 -6.31076813e-01 -3.19563389e-01 4.62657213e-03
    -4.93611187e-01 -1.28663301e-01 -3.74777049e-01 -2.62662351e-01
    -1.10208750e-01 2.00456023e-01 -6.15995586e-01 -4.57143158e-01
    -5.43888927e-01 -3.62806916e-01 2.43010879e-01 -4.40643013e-01
    -5.77595234e-01 -5.40355980e-01 -2.20450789e-01 -1.84938282e-01
    2.15436399e-01 -3.33583623e-01 1.14641428e-01 1.68001413e-01
    -5.40636897e-01 -4.20011818e-01 3.21924686e-04 -3.33674252e-01
    2.67587602e-01 3.25032413e-01 -5.53990960e-01 -4.42679584e-01
    -1.71552956e-01 -8.76310468e-02 -1.90674365e-01 8.85350704e-02
    2.51075447e-01 -5.22745669e-01 -1.02803230e-01 -6.53100610e-02
    -4.90772724e-01 -1.83969617e-01 -3.33470017e-01 1.42052352e-01
    9.71382260e-02 2.61560917e-01 -6.37489319e-01 -3.32529217e-01
    -5.53471029e-01 -4.16454941e-01 -6.42772794e-01 2.95313537e-01
    -5.11492968e-01 -5.39953113e-01 2.40915835e-01 8.53273273e-02
    -3.11080217e-02 -4.48615104e-01 -5.76922357e-01 -1.28965437e-01
    -4.94628727e-01 -3.82017285e-01 -4.56860125e-01 -5.15137196e-01
    1.11589551e-01 -6.33322716e-01 2.24197626e-01 -3.37115228e-01
    -2.28036463e-01 -8.18312228e-01 1.07596695e-01 -4.99380648e-01
    3.19595575e-01 -4.73867744e-01 3.42418015e-01 -3.30837667e-01
    -5.34315109e-02 2.26609290e-01 -1.79336846e-01 1.99233174e-01
    -7.62469769e-02 -2.37437785e-01 -6.19987309e-01 -1.32808447e-01
    -3.20264101e-02 -1.69950515e-01 7.55945444e-02 -6.22709394e-01
    -2.80363500e-01 -1.83937669e-01 -5.31320453e-01 3.82667959e-01
    3.24720740e-02 -2.59771466e-01 -3.35950643e-01 -2.13680744e-01
    6.73454404e-02 1.43186808e-01 -5.30755460e-01 4.72913384e-02
    1.44386470e-01 2.78997660e-01 -5.44093013e-01 2.24098802e-01
    -4.66676146e-01 -6.91334188e-01 6.57688379e-02 -2.70718127e-01
    -6.68722451e-01 3.55050206e-01 -3.22592676e-01 -1.34259045e-01
    -6.53487444e-03 1.00351512e-01 2.87518382e-01 1.40886664e-01
    -2.04527318e-01 -9.88852978e-03 1.66080236e-01 -7.44934916e-01
    1.56420469e-02 -9.06462669e-02 -2.22084165e-01 -3.24111402e-01
    -6.44546986e-01 -3.05570543e-01 -2.43634582e-02 -2.01741517e-01
    -6.30065799e-02 -7.34759748e-01 -1.61651552e-01 -4.43913341e-02
    9.73400474e-02 1.32444382e-01 -6.23180807e-01 1.82918310e-01
    -2.86399573e-01 1.50323987e-01 2.84125209e-02 1.29483700e-01
    -4.46483403e-01 -6.86366796e-01 -2.61635542e-01 -1.80338264e-01
    -8.70289803e-02 -8.65304470e-03 -3.69263977e-01 -2.77457774e-01
    -9.91520286e-03 -3.21844757e-01 -1.43348247e-01 -5.33410192e-01
    -1.87811852e-02 1.63352966e-01 -1.58501983e-01 1.46694422e-01
    -1.42214000e-01 -1.57662570e-01 -4.09791857e-01 -1.28922820e-01
    -6.69460416e-01 -1.17915988e-01 2.41525710e-01 -6.55788898e-01
    -5.27583599e-01 2.48289049e-01 2.02729762e-01 1.77161694e-02
    3.30805779e-01 -5.75518250e-01 -5.05296826e-01 -4.41359639e-01
    3.03718090e-01 2.63952255e-01 -6.31492138e-01 6.49324656e-02
    -9.01729465e-02 -3.27717662e-02 -4.39331472e-01 -4.66330588e-01
    -1.29427135e-01 -2.64609098e-01 6.69836402e-02 -4.36148405e-01
    -1.85770988e-01 -2.55326331e-01 -7.03877568e-01 -8.23743939e-02
    -2.40261793e-01 -6.33640468e-01 -7.55822837e-01 -4.24134165e-01
    -2.93789804e-01 -8.69175792e-02 -4.48854566e-01 -4.10855949e-01
    8.99730921e-02 -6.54511750e-01 -2.98027992e-01 -4.06945884e-01
    -1.37191355e-01 -5.56996942e-01 1.01577997e-01 -3.74057263e-01
    -5.67460597e-01 -3.12846184e-01 3.42063546e-01 1.43961012e-01
    -3.92835617e-01 -6.93855882e-01 1.89128160e-01 -2.14231610e-02
    -6.45911574e-01 9.21675563e-02 2.51334310e-02 -3.20092499e-01
    -1.32322192e-01 -1.95516825e-01 1.94991648e-01 -4.41170990e-01
    -6.38954043e-01 -2.92406470e-01 6.13405704e-02 1.71676278e-02
    -2.44621754e-01 -3.17586660e-02 -3.08892131e-02 -6.14244819e-01
    1.02675557e-02 -5.09933233e-02 -6.37961984e-01 -8.04668069e-02
    1.33401930e-01 7.24736452e-02 -4.65855509e-01 -3.31427604e-01
    -6.83312893e-01 8.90555382e-02 2.54649580e-01 1.17826521e-01
    1.37779415e-01 -3.48715037e-01 -5.53242564e-01 -1.10478282e-01
    -6.49360836e-01 3.72093320e-02 9.38224196e-02 -5.25129199e-01
    -1.44843459e-02 2.34045386e-02 1.28154635e-01 -5.72705030e-01
    -6.61169648e-01 -5.03112078e-02 -2.40093440e-01 8.97378922e-02
    -5.45216382e-01 1.55892611e-01 2.20640004e-01 1.62511289e-01
    -2.44174719e-01 -3.10488582e-01 -4.13072288e-01 -1.03528023e-01
    2.97022820e-01 -2.33407795e-01 -7.05261827e-01 2.38643825e-01
    -1.04285002e-01 -4.26277518e-02 -5.02701879e-01 -3.83173436e-01
    -2.06923068e-01 -2.25504369e-01 1.21262431e-01 -1.47874951e-01
    -6.12727404e-01 2.75781155e-02 -5.37562370e-01 -6.03019595e-02
    -5.18976867e-01 -1.21022642e-01 -1.49012744e-01 -5.21340489e-01
    -5.83704114e-01 -5.31258583e-01 -3.15236211e-01 5.27220964e-03
    -2.04555482e-01 -5.56593418e-01 -4.08259273e-01 1.72438622e-02
    -2.41839290e-02 -7.52091467e-01 5.22769690e-02 -6.28275275e-02
    -2.78488934e-01 -2.19327986e-01 4.74773049e-02 -6.03997409e-01
    -6.68574810e-01 -3.97047043e-01 2.05872893e-01 -4.23527122e-01
    2.34197676e-01 -2.22088695e-02 1.74832046e-01 -5.31328559e-01
    -2.05869913e-01 3.23086083e-01 -4.85565066e-02 -2.59346366e-02
    -1.90704465e-02 -3.31431985e-01 1.96372569e-01 -3.29932272e-01
    -3.31044227e-01 1.15023077e-01 -8.73817801e-02 9.26542282e-03
    -2.24618256e-01 -6.43259406e-01 -6.17205501e-01 -6.19520545e-02
    -3.47056299e-01 8.44796300e-02 -3.32550347e-01 -5.93643367e-01
    -3.59581172e-01 2.36896813e-01 -2.83069938e-01 -4.45466161e-01
    -3.89066368e-01 1.36469901e-01 2.83091664e-02 -7.33398616e-01
    -7.70632505e-01 -1.92831993e-01 2.61229038e-01 -5.64009190e-01
    -8.81746411e-02 -6.67054355e-01 2.41678178e-01 -7.13363111e-01
    1.07033432e-01 -4.64195102e-01 -1.88269317e-01 -1.17831886e-01
    -2.43302703e-01 -2.22929001e-01 2.91817397e-01 -5.15944719e-01
    -4.75068986e-01 8.30280185e-02 -5.73300481e-01 8.05270672e-02
    -3.15860957e-01 -5.64862132e-01 -6.29484594e-01 -2.13185579e-01
    1.20857060e-01 -4.69937980e-01 -6.80592060e-02 -4.28560555e-01
    -3.00688654e-01 2.09063232e-01 -5.63818276e-01 -5.49436271e-01
    -9.18236375e-02 -4.70640332e-01 -5.79331040e-01 -5.65019310e-01
    -9.93272662e-02 1.77973866e-01 4.41535115e-02 1.30397618e-01
    -1.15737081e-01 1.30843282e-01 1.35061204e-01 1.96285129e-01
    -3.45058441e-02 -1.26735926e-01 -5.21994472e-01 -4.40987587e-01
    -2.83274949e-01 -2.40948737e-01 2.09182858e-01 -2.48137772e-01
    9.57504511e-02 -1.18378580e-01 -4.38115001e-01 -4.99735504e-01
    7.40154982e-02 -2.21030772e-01 -1.36452794e-01 -3.70369524e-01
    -6.99294209e-01 1.87952459e-01 -1.50241733e-01 -5.44964790e-01
    -4.37635332e-01 -3.21759164e-01 -1.81116402e-01 1.31445646e-01
    -5.25137424e-01 -4.02910203e-01 8.00554752e-02 2.94785440e-01
    1.47767365e-01 -6.54234052e-01 -1.70269489e-01 -2.73097545e-01
    -3.03856134e-01 -1.17933095e-01 -3.60359371e-01 -8.72683525e-02
    -6.87202215e-01 -5.69003582e-01 2.50964046e-01 -1.65587842e-01
    1.71990573e-01 -5.89273214e-01 -6.82262421e-01 -5.50060391e-01
    -1.24351263e-01 -1.20939791e-01 -2.82757640e-01 2.13716090e-01
    -5.88094950e-01 -6.26426578e-01 -6.61324024e-01 -5.27693272e-01
    -7.46143460e-01 -3.06125194e-01 -2.97950804e-01 -6.36533260e-01
    -5.20104170e-01 4.98059988e-02 -2.69813716e-01 -2.88540423e-01
    -2.04097450e-01 -2.74993658e-01 3.87783647e-02 1.86553061e-01
    -1.97746098e-01 -1.19011343e-01 -1.63176715e-01 -2.63095915e-01
    -6.81285918e-01 -2.95870483e-01 -9.66128111e-02 -3.37206960e-01
    1.96357012e-01 6.94221854e-02 -5.36381304e-01 1.57514036e-01
    -5.22120416e-01 1.53464317e-01 -2.10122049e-01 -3.79626572e-01
    1.36593342e-01 2.13742435e-01 -5.71228385e-01 4.55864072e-02
    -3.60481203e-01 -3.77256513e-01 1.04761600e-01 1.57331407e-01
    -5.41316271e-02 -1.70822144e-01 -2.87859797e-01 1.75356328e-01
    -2.44828880e-01 -4.17868733e-01 -6.72916532e-01 -3.60615432e-01
    4.79626060e-02 2.41460502e-01 -6.58790827e-01 -1.34319365e-01
    -1.05663180e-01 4.00132537e-02 -7.55953193e-01 -6.88062906e-01
    -2.25752592e-01 -5.57131350e-01 -2.03801394e-02 -4.89452302e-01
    -1.94952726e-01 5.74156046e-02 -6.70451403e-01 4.66794968e-02
    -2.18942404e-01 8.18390250e-02 -3.00355077e-01 2.05928445e-01
    1.20061874e-01 2.63190687e-01 1.43436015e-01 -4.41666126e-01
    -1.59983814e-01 -6.52202368e-01 -8.44666064e-01 -2.45539606e-01
    1.01268411e-01 -5.70977211e-01 -7.23129511e-03 -3.52218330e-01
    -3.74459922e-01 -4.49093342e-01 -7.06439555e-01 -4.24519122e-01
    5.47215939e-02 7.16924667e-04 -6.63738251e-02 -4.37203914e-01
    -4.94934022e-01 3.06577146e-01 -3.12622935e-01 -5.56062102e-01
    -3.18757474e-01 -1.92661881e-01 -5.50001085e-01 -2.26274520e-01
    -4.91561472e-01 -3.59287649e-01 -4.34048444e-01 -3.08922738e-01
    -2.93495655e-02 -3.36570352e-01 -1.70473844e-01 -5.61459541e-01
    -5.28184414e-01 -2.38641679e-01 -5.70997715e-01 -6.57611728e-01
    1.05136037e-01 6.11597896e-02 1.75314426e-01 -7.76437044e-01
    -3.74116778e-01 2.77537584e-01 -3.20172310e-02 -6.61120832e-01
    -1.45037651e-01 1.91286981e-01 -4.46899891e-01 -6.02126122e-04
    -4.23076570e-01 -2.37830520e-01 1.18928194e-01 -6.92309618e-01
    2.09214628e-01 -3.99721384e-01 1.70664549e-01 -6.98204279e-01
    -1.79006517e-01 -3.39651048e-01 -4.68144327e-01 -9.51806903e-02
    -5.35906911e-01 1.02815151e-01 -1.20092034e-02 2.54458666e-01
    -6.35607243e-01 -7.52830505e-02 -2.98513472e-01 -5.57366014e-02
    -4.90485758e-01 -3.18992138e-01 1.31489098e-01 -7.21267462e-01
    1.49480224e-01 7.36546516e-03 1.31819725e-01 1.88356459e-01
    -8.13461542e-02 -4.83029306e-01 -6.41552806e-01 -6.29804730e-02
    1.96451008e-01 -1.87370777e-01 -1.93638235e-01 1.70518041e-01
    -3.98009330e-01 -2.37435460e-01 -1.97628826e-01 -4.61079717e-01
    -5.56126833e-01 -4.44911867e-01 1.13536537e-01 -6.98087335e-01
    1.02388322e-01 1.52136564e-01 -5.55997014e-01 -1.99616611e-01
    -6.72768712e-01 -3.73213828e-01 1.40987635e-01 -6.20448411e-01
    -2.45576084e-01 3.23480964e-01 -3.28585654e-01 -5.68143845e-01
    -2.11417615e-01 -3.44718337e-01 -3.52158964e-01 -3.77854049e-01
    -4.84480619e-01 1.06648922e-01 -1.56707942e-01 -6.20260000e-01
    -3.43687564e-01 -7.83218741e-02 -5.24583638e-01 3.00457358e-01
    -5.24149358e-01 -7.30596781e-01 2.08847046e-01 -8.85955095e-02
    -3.12395513e-01 -4.60794866e-01 -3.43018264e-01 -2.44081020e-02
    -4.57941860e-01 1.25360548e-01 -1.28794253e-01 -3.74605179e-01
    -9.27472711e-02 -3.06357652e-01 -4.70933378e-01 -7.85700738e-01
    -1.38654649e-01 1.29075825e-01 -5.50702810e-01 2.88614035e-02
    -8.15136433e-02 1.93944216e-01 2.51223743e-01 6.34893775e-02
    -2.33759880e-02 -6.14836872e-01 -6.45433247e-01 2.13846624e-01
    -5.73782682e-01 -3.94610584e-01 -3.04547012e-01 -3.33311886e-01
    -8.22570920e-02 -4.99470651e-01 -5.69077730e-01 -6.31936073e-01
    -5.83610773e-01 1.78918064e-01 -6.08290732e-01 9.20163393e-02
    4.28056717e-02 -2.83501089e-01 -5.90406537e-01 -4.98683035e-01
    2.07317472e-01 -3.15234423e-01 -3.90628725e-01 3.79677415e-02
    -2.80791223e-01 -3.93511653e-02 5.11747599e-02 -6.15603685e-01
    -2.09655941e-01 -2.17069805e-01 2.68018484e-01 -1.40470564e-01
    -1.10610068e-01 -1.15336239e-01 -2.74192303e-01 -1.15515351e-01
    -6.59005404e-01 -6.45214856e-01 -4.35716897e-01 5.43498993e-02
    -5.30715168e-01 1.90875709e-01 -6.29324794e-01 -2.79658437e-01
    4.01841402e-02 -6.56434953e-01 -4.64538932e-02 -2.28970647e-01
    2.31083155e-01 -1.63180441e-01 1.47223473e-01 -4.83282387e-01
    3.07898521e-02 1.49959922e-01 -4.44186091e-01 -9.93921161e-02
    -5.94709277e-01 -1.51579082e-01 1.51968718e-01 -5.99010944e-01
    1.66897833e-01 1.94349587e-01 1.96862578e-01 -2.03414947e-01
    2.26043046e-01 -3.86410862e-01 3.68803144e-02 -4.79284257e-01
    -8.11266899e-02 -6.32326722e-01 -5.81728816e-01 3.51516306e-01
    -2.24541068e-01 -4.85786647e-01 -1.44129753e-01 2.00843215e-02
    -3.69781673e-01 -3.47235620e-01 -2.41747767e-01 -2.29017138e-02
    -1.35156929e-01 -2.88774014e-01 2.46787190e-01 -4.01075840e-01
    -2.80801058e-02 -3.38352472e-01 -9.88543034e-02 -9.41977501e-02
    -4.19631302e-01 -4.02297676e-01 -1.53954804e-01 -3.73758674e-02
    -1.61611199e-01 -4.38313812e-01 -3.49738598e-01 4.20070291e-02
    -7.19315290e-01 -5.91726542e-01 -4.08346057e-02 -3.35135639e-01</data></your_img>
</opencv_storage>
